,number,value,datetime_start,datetime_complete,duration,params_batch_size_scaler,params_constant_learning_rate,params_depth,params_epochs,params_kernel_l2,params_num_trees,params_temperature,user_attrs_accuracy_test,user_attrs_accuracy_valid,user_attrs_approximate_feature_sparsity,user_attrs_approximate_feature_sparsity_history,user_attrs_approximate_weight_sparsity,user_attrs_approximate_weight_sparsity_history,user_attrs_auc_test,user_attrs_auc_valid,user_attrs_feature_sparsity,user_attrs_feature_sparsity_history,user_attrs_num_epochs,user_attrs_val_loss_history,user_attrs_weight_sparsity,user_attrs_weight_sparsity_history,state
23,23,0.7026445620950392,2024-08-31 01:35:04.873651,2024-08-31 01:35:33.472991,0 days 00:00:28.599340,16,3.032696757595683,2,260,0.07701125647953329,59,0.0005967171168551566,0.829,0.8425,3,"[33, 33, 33, 33, 33, 33, 32, 27, 22, 19, 17, 17, 16, 16, 16, 16, 16, 16, 16, 16, 16, 16, 14, 14, 14, 14, 14, 14, 14, 14, 14, 14, 14, 14, 14, 14, 13, 13, 13, 13, 13, 13, 13, 13, 13, 12, 12, 12, 12, 12, 12, 12, 12, 11, 11, 11, 11, 11, 11, 11, 11, 11, 11, 11, 11, 11, 11, 11, 11, 11, 11, 11, 11, 11, 11, 11, 11, 11, 11, 11, 11, 11, 11, 11, 11, 11, 11, 11, 11, 11, 11, 11, 11, 11, 11, 11, 10, 10, 10, 10, 10, 10, 9, 9, 9, 8, 6, 6, 5, 5, 5, 5, 5, 5, 5, 5, 5, 5, 5, 5, 5, 5, 5, 5, 5, 5, 5, 5, 5, 5, 5, 5, 5, 5, 5, 5, 5, 5, 5, 5, 5, 3, 3, 3, 3, 3, 3, 3, 3, 3, 3, 3, 3, 3, 3, 3, 3, 3, 3, 3, 3, 3, 3, 3, 3, 3, 3, 3, 3, 3, 3, 3, 3, 3, 3, 3, 3, 3, 3, 3, 3, 3, 3, 3, 3, 3, 3, 3, 3, 3, 3, 3, 3, 3, 3, 3, 3, 3, 3, 3, 3, 3, 3, 3, 3, 3, 3, 3, 3, 3, 3, 3, 3, 3, 3, 3, 3, 3, 3, 3, 3, 3, 3, 3, 3, 3, 3, 3, 3, 3, 3, 3, 3, 3, 3, 3, 3, 3, 3, 3, 3, 3, 3, 3, 3, 3, 3, 3, 3, 3, 3, 3, 3, 3, 3, 3, 3, 3, 3, 3]",1.8192090395480227,"[32.98870056497175, 32.97175141242938, 32.994350282485875, 32.96610169491525, 32.98870056497175, 32.994350282485875, 31.971751412429377, 26.994350282485875, 21.983050847457626, 18.971751412429377, 16.994350282485875, 17.0, 15.98870056497175, 15.994350282485875, 15.994350282485875, 15.994350282485875, 15.98870056497175, 15.994350282485875, 15.983050847457626, 15.98870056497175, 15.98870056497175, 15.983050847457626, 13.983050847457626, 13.983050847457626, 13.98870056497175, 14.0, 13.977401129943502, 13.994350282485875, 14.0, 13.966101694915254, 13.98870056497175, 13.971751412429377, 14.0, 14.0, 13.983050847457626, 14.0, 12.983050847457628, 12.98870056497175, 12.977401129943503, 12.994350282485875, 12.98870056497175, 12.977401129943503, 12.994350282485875, 13.0, 12.983050847457628, 11.983050847457626, 11.98870056497175, 11.983050847457626, 11.994350282485875, 11.983050847457626, 11.994350282485875, 11.983050847457626, 12.0, 10.983050847457626, 11.0, 10.994350282485875, 10.994350282485875, 10.994350282485875, 10.994350282485875, 10.983050847457626, 10.977401129943503, 11.0, 10.98870056497175, 10.983050847457628, 11.0, 10.994350282485875, 10.98870056497175, 10.98870056497175, 10.983050847457626, 10.971751412429379, 11.0, 10.994350282485875, 10.994350282485875, 10.983050847457628, 10.98870056497175, 10.994350282485875, 10.977401129943503, 10.994350282485875, 10.994350282485875, 10.977401129943503, 10.98870056497175, 10.977401129943503, 10.994350282485875, 10.983050847457628, 10.983050847457628, 10.977401129943503, 10.983050847457628, 10.977401129943503, 10.977401129943503, 10.977401129943503, 10.977401129943503, 10.971751412429377, 10.977401129943503, 10.98870056497175, 10.966101694915254, 10.966101694915254, 9.96045197740113, 9.977401129943503, 9.983050847457626, 9.98870056497175, 9.977401129943503, 9.97175141242938, 8.977401129943503, 8.971751412429379, 8.983050847457628, 7.9774011299435035, 5.988700564971752, 5.9774011299435035, 4.966101694915254, 4.988700564971752, 4.983050847457627, 4.983050847457627, 4.988700564971752, 4.971751412429379, 4.971751412429379, 4.971751412429379, 4.9774011299435035, 4.983050847457627, 4.966101694915254, 4.966101694915254, 4.96045197740113, 4.977401129943503, 4.971751412429379, 4.966101694915254, 4.96045197740113, 4.954802259887005, 4.954802259887005, 4.9491525423728815, 4.971751412429379, 4.9774011299435035, 4.96045197740113, 4.926553672316384, 4.943502824858757, 4.909604519774011, 4.954802259887006, 4.9491525423728815, 4.943502824858757, 4.92090395480226, 4.937853107344632, 4.9209039548022595, 4.926553672316384, 2.983050847457627, 2.977401129943503, 2.977401129943503, 2.977401129943503, 2.977401129943503, 2.9661016949152543, 2.9717514124293785, 2.9717514124293785, 2.9717514124293785, 2.9604519774011298, 2.9604519774011298, 2.9661016949152543, 2.9661016949152543, 2.9661016949152543, 2.9717514124293785, 2.9661016949152543, 2.9661016949152543, 2.9661016949152543, 2.9661016949152543, 2.9661016949152543, 2.9661016949152543, 2.9661016949152543, 2.9661016949152543, 2.9717514124293785, 2.9717514124293785, 2.9717514124293785, 2.9717514124293785, 2.9717514124293785, 2.9717514124293785, 2.9717514124293785, 2.9661016949152543, 2.9548022598870056, 2.9548022598870056, 2.937853107344633, 2.943502824858757, 2.943502824858757, 2.937853107344633, 2.9322033898305087, 2.926553672316384, 2.9322033898305087, 2.9322033898305087, 2.926553672316384, 2.9322033898305087, 2.9322033898305087, 2.9322033898305087, 2.92090395480226, 2.92090395480226, 2.903954802259887, 2.9096045197740112, 2.8983050847457625, 2.8983050847457625, 2.8983050847457625, 2.8983050847457625, 2.8983050847457625, 2.8870056497175143, 2.88135593220339, 2.88135593220339, 2.8757062146892656, 2.8531073446327686, 2.8700564971751414, 2.8531073446327686, 2.84180790960452, 2.8361581920903958, 2.830508474576271, 2.8192090395480225, 2.8079096045197742, 2.8022598870056497, 2.7909604519774014, 2.768361581920904, 2.7401129943502824, 2.7175141242937855, 2.7062146892655363, 2.6892655367231635, 2.7005649717514126, 2.6892655367231635, 2.6779661016949152, 2.68361581920904, 2.6610169491525424, 2.6610169491525424, 2.615819209039548, 2.6045197740112993, 2.5988700564971747, 2.593220338983051, 2.581920903954802, 2.5480225988700567, 2.5254237288135593, 2.5028248587570623, 2.4915254237288136, 2.4745762711864407, 2.4745762711864407, 2.446327683615819, 2.4406779661016946, 2.401129943502825, 2.378531073446328, 2.361581920903955, 2.344632768361582, 2.288135593220339, 2.288135593220339, 2.2429378531073447, 2.2259887005649714, 2.2203389830508473, 2.2090395480225986, 2.146892655367232, 2.1638418079096047, 2.129943502824859, 2.101694915254237, 2.1129943502824857, 2.056497175141243, 2.050847457627119, 2.0, 2.016949152542373, 1.9661016949152543, 1.9548022598870056, 1.9491525423728815, 1.8870056497175143, 1.8644067796610169, 1.847457627118644, 1.8192090395480225, 1.8192090395480227]",0.6733419199299863,0.7026445620950392,3,"[33, 33, 33, 33, 33, 33, 32, 27, 22, 19, 17, 17, 16, 16, 16, 16, 16, 16, 16, 16, 16, 16, 14, 14, 14, 14, 14, 14, 14, 14, 14, 14, 14, 14, 14, 14, 13, 13, 13, 13, 13, 13, 13, 13, 13, 12, 12, 12, 12, 12, 12, 12, 12, 11, 11, 11, 11, 11, 11, 11, 11, 11, 11, 11, 11, 11, 11, 11, 11, 11, 11, 11, 11, 11, 11, 11, 11, 11, 11, 11, 11, 11, 11, 11, 11, 11, 11, 11, 11, 11, 11, 11, 11, 11, 11, 11, 10, 10, 10, 10, 10, 10, 9, 9, 9, 8, 6, 6, 5, 5, 5, 5, 5, 5, 5, 5, 5, 5, 5, 5, 5, 5, 5, 5, 5, 5, 5, 5, 5, 5, 5, 5, 5, 5, 5, 5, 5, 5, 5, 5, 5, 3, 3, 3, 3, 3, 3, 3, 3, 3, 3, 3, 3, 3, 3, 3, 3, 3, 3, 3, 3, 3, 3, 3, 3, 3, 3, 3, 3, 3, 3, 3, 3, 3, 3, 3, 3, 3, 3, 3, 3, 3, 3, 3, 3, 3, 3, 3, 3, 3, 3, 3, 3, 3, 3, 3, 3, 3, 3, 3, 3, 3, 3, 3, 3, 3, 3, 3, 3, 3, 3, 3, 3, 3, 3, 3, 3, 3, 3, 3, 3, 3, 3, 3, 3, 3, 3, 3, 3, 3, 3, 3, 3, 3, 3, 3, 3, 3, 3, 3, 3, 3, 3, 3, 3, 3, 3, 3, 3, 3, 3, 3, 3, 3, 3, 3, 3, 3, 3, 3]",260,"[2.956636905670166, 2.997976779937744, 10.758800506591797, 0.5382350087165833, 1.0783166885375977, 0.572018563747406, 10.46146011352539, 1.4137775897979736, 0.8723728060722351, 3.4299182891845703, 0.8624839782714844, 0.5910080075263977, 0.5546472668647766, 0.7746610045433044, 2.671257734298706, 4.422961711883545, 1.5480408668518066, 0.44719237089157104, 1.3661205768585205, 0.7662340402603149, 0.5380122661590576, 1.5398924350738525, 0.6946220993995667, 0.5567165613174438, 0.753204345703125, 0.5427125692367554, 1.911205768585205, 0.8810135126113892, 0.4206366240978241, 1.881767749786377, 0.7712500095367432, 1.1997389793395996, 0.9160692691802979, 1.0957629680633545, 0.9334989190101624, 0.49168118834495544, 4.778123378753662, 0.5090811252593994, 1.3047164678573608, 1.5667349100112915, 0.5269708633422852, 1.4290655851364136, 1.7330676317214966, 2.2209296226501465, 1.0897635221481323, 5.678425312042236, 0.7783546447753906, 0.45357128977775574, 0.9568632245063782, 3.2616138458251953, 3.604257106781006, 0.45457345247268677, 3.168306827545166, 0.47825244069099426, 4.498800277709961, 0.5615216493606567, 7.6862311363220215, 2.452228307723999, 1.9559499025344849, 0.6034850478172302, 0.6176585555076599, 0.5225247740745544, 0.5207260847091675, 1.5229637622833252, 0.7018075585365295, 1.5807838439941406, 1.4719310998916626, 0.4433307349681854, 0.5169443488121033, 1.139289379119873, 0.6059753894805908, 1.3582130670547485, 0.5174458026885986, 1.483386516571045, 1.8860973119735718, 1.1107739210128784, 1.489314079284668, 0.5092132091522217, 3.418142318725586, 1.599817156791687, 0.4819587767124176, 2.2395236492156982, 0.7936775088310242, 1.1890696287155151, 0.5329955816268921, 1.5265915393829346, 1.043676733970642, 1.5685210227966309, 2.735405206680298, 1.4459425210952759, 1.3412232398986816, 0.5744476914405823, 1.3555729389190674, 1.322853446006775, 6.436133861541748, 1.2696930170059204, 1.3325473070144653, 0.6433956623077393, 0.41089755296707153, 3.7240331172943115, 0.4744637608528137, 0.7285521626472473, 0.798352837562561, 3.1896088123321533, 0.6668117046356201, 1.5615941286087036, 1.6344243288040161, 0.7344016432762146, 4.422830581665039, 1.340308427810669, 8.288098335266113, 0.6557485461235046, 0.6413568258285522, 0.847323477268219, 0.5855769515037537, 0.522260844707489, 0.5199216604232788, 3.192523717880249, 1.4784541130065918, 0.6129150390625, 1.2089741230010986, 2.1319031715393066, 4.397132873535156, 3.6625068187713623, 1.1277594566345215, 0.6830993890762329, 0.8298065066337585, 1.9016047716140747, 2.1275529861450195, 0.9527004957199097, 2.505833387374878, 0.8878626823425293, 0.6209852695465088, 0.7106616497039795, 1.9737205505371094, 0.5315578579902649, 6.711857795715332, 0.6760265827178955, 2.2463667392730713, 0.5656136274337769, 0.697613537311554, 0.6353656649589539, 2.491107940673828, 0.9426498413085938, 0.9323146939277649, 0.9156826138496399, 6.004611015319824, 0.9638018608093262, 0.653588056564331, 1.655829906463623, 0.7165411114692688, 8.801765441894531, 6.15431022644043, 0.6448026895523071, 1.0601214170455933, 0.8019925951957703, 0.8233321309089661, 0.655630886554718, 6.3641276359558105, 5.254992485046387, 2.1285297870635986, 2.1275975704193115, 3.2612602710723877, 2.720717191696167, 5.825201511383057, 3.7176315784454346, 0.5819503664970398, 0.6616014242172241, 0.6439979672431946, 2.1390769481658936, 7.987147808074951, 4.525796890258789, 1.363634467124939, 0.9354907274246216, 0.5230153799057007, 9.535571098327637, 0.8646469116210938, 0.7892197370529175, 0.7061275243759155, 1.0517959594726562, 0.6415377259254456, 3.494708299636841, 7.011205673217773, 1.7455891370773315, 2.137986660003662, 2.0969419479370117, 9.499629974365234, 9.822005271911621, 0.8832857012748718, 4.286306858062744, 0.8220036029815674, 8.283243179321289, 0.6914722323417664, 1.0407850742340088, 1.6275352239608765, 0.6465994119644165, 3.9894678592681885, 0.8263902068138123, 9.590988159179688, 1.535460352897644, 0.7354817986488342, 1.3410100936889648, 7.193416595458984, 5.77639627456665, 1.563083529472351, 1.4560356140136719, 0.8224478960037231, 0.7264734506607056, 1.4910258054733276, 1.3520381450653076, 2.0579488277435303, 1.0208948850631714, 3.0133473873138428, 0.7414807081222534, 4.34308385848999, 4.531844615936279, 5.832373142242432, 0.9766334295272827, 1.56719970703125, 0.7488547563552856, 3.3447539806365967, 1.9501981735229492, 0.823495626449585, 7.149677753448486, 1.4713786840438843, 3.0740344524383545, 7.135469436645508, 0.7462243437767029, 0.9080474376678467, 0.8178275227546692, 1.5996402502059937, 3.58189058303833, 1.111791968345642, 0.8307422399520874, 0.7579478621482849, 2.1812350749969482, 1.0989700555801392, 3.4371511936187744, 0.6698982119560242, 2.1048803329467773, 4.9464497566223145, 0.9431250691413879, 0.6667990684509277, 1.0282536745071411, 0.9549934267997742, 0.6964249610900879, 1.4390289783477783, 0.7349308133125305, 2.76772403717041, 1.3981126546859741, 6.306644916534424, 0.7097622752189636, 2.994379997253418, 1.7646771669387817, 3.8462634086608887, 3.4158666133880615, 2.6962060928344727, 0.6504589915275574, 0.8773931860923767, 0.7342182993888855]",3.0,"[33.0, 33.0, 33.0, 33.0, 33.0, 33.0, 32.0, 27.0, 22.0, 19.0, 17.0, 17.0, 16.0, 16.0, 16.0, 16.0, 16.0, 16.0, 16.0, 16.0, 16.0, 16.0, 14.0, 14.0, 14.0, 14.0, 14.0, 14.0, 14.0, 14.0, 14.0, 14.0, 14.0, 14.0, 14.0, 14.0, 13.0, 13.0, 13.0, 13.0, 13.0, 13.0, 13.0, 13.0, 13.0, 12.0, 12.0, 12.0, 12.0, 12.0, 12.0, 12.0, 12.0, 11.0, 11.0, 11.0, 11.0, 11.0, 11.0, 11.0, 11.0, 11.0, 11.0, 11.0, 11.0, 11.0, 11.0, 11.0, 11.0, 11.0, 11.0, 11.0, 11.0, 11.0, 11.0, 11.0, 11.0, 11.0, 11.0, 11.0, 11.0, 11.0, 11.0, 11.0, 11.0, 11.0, 11.0, 11.0, 11.0, 11.0, 11.0, 11.0, 11.0, 11.0, 11.0, 11.0, 10.0, 10.0, 10.0, 10.0, 10.0, 10.0, 9.0, 9.0, 9.0, 8.0, 6.0, 6.0, 5.0, 5.0, 5.0, 5.0, 5.0, 5.0, 5.0, 5.0, 5.0, 5.0, 5.0, 5.0, 5.0, 5.0, 5.0, 5.0, 5.0, 5.0, 5.0, 5.0, 5.0, 5.0, 5.0, 5.0, 5.0, 5.0, 5.0, 5.0, 5.0, 5.0, 5.0, 5.0, 5.0, 3.0, 3.0, 3.0, 3.0, 3.0, 3.0, 3.0, 3.0, 3.0, 3.0, 3.0, 3.0, 3.0, 3.0, 3.0, 3.0, 3.0, 3.0, 3.0, 3.0, 3.0, 3.0, 3.0, 3.0, 3.0, 3.0, 3.0, 3.0, 3.0, 3.0, 3.0, 3.0, 3.0, 3.0, 3.0, 3.0, 3.0, 3.0, 3.0, 3.0, 3.0, 3.0, 3.0, 3.0, 3.0, 3.0, 3.0, 3.0, 3.0, 3.0, 3.0, 3.0, 3.0, 3.0, 3.0, 3.0, 3.0, 3.0, 3.0, 3.0, 3.0, 3.0, 3.0, 3.0, 3.0, 3.0, 3.0, 3.0, 3.0, 3.0, 3.0, 3.0, 3.0, 3.0, 3.0, 3.0, 3.0, 3.0, 3.0, 3.0, 3.0, 3.0, 3.0, 3.0, 3.0, 3.0, 3.0, 3.0, 3.0, 3.0, 3.0, 3.0, 3.0, 3.0, 3.0, 3.0, 3.0, 3.0, 3.0, 3.0, 3.0, 3.0, 3.0, 3.0, 3.0, 3.0, 3.0, 3.0, 3.0, 3.0, 3.0, 3.0, 3.0, 3.0, 3.0, 3.0, 3.0, 3.0, 3.0]",COMPLETE
