,number,value,datetime_start,datetime_complete,duration,params_batch_size_scaler,params_constant_learning_rate,params_depth,params_epochs,params_kernel_l2,params_num_trees,params_temperature,user_attrs_accuracy_test,user_attrs_accuracy_valid,user_attrs_approximate_feature_sparsity,user_attrs_approximate_feature_sparsity_history,user_attrs_approximate_weight_sparsity,user_attrs_approximate_weight_sparsity_history,user_attrs_auc_test,user_attrs_auc_valid,user_attrs_feature_sparsity,user_attrs_feature_sparsity_history,user_attrs_num_epochs,user_attrs_val_loss_history,user_attrs_weight_sparsity,user_attrs_weight_sparsity_history,state
118,118,0.5,2024-08-31 05:01:50.399203,2024-08-31 05:02:08.165225,0 days 00:00:17.766022,16,0.6044717841362005,2,135,0.0015853858682440681,66,0.05079152862024885,0.859,0.85875,0,"[11, 0, 0, 0, 0, 0, 0, 0, 0, 0, 0, 0, 0, 0, 0, 0, 0, 0, 0, 0, 0, 0, 0, 0, 0, 0, 0, 0, 0, 0, 0, 0, 0, 0, 0, 0, 0, 0, 0, 0, 0, 0, 0, 0, 0, 0, 0, 0, 0, 0, 0, 0, 0, 0, 0, 0, 0, 0, 0, 0, 0, 0, 0, 0, 0, 0, 0, 0, 0, 0, 0, 0, 0, 0, 0, 0, 0, 0, 0, 0, 0, 0, 0, 0, 0, 0, 0, 0, 0, 0, 0, 0, 0, 0, 0, 0, 0, 0, 0, 0, 0, 0, 0, 0, 0, 0, 0, 0, 0, 0, 0, 0, 0, 0, 0, 0, 0, 0, 0, 0, 0, 0, 0, 0, 0, 0, 0, 0, 0, 0, 0, 0, 0, 0, 0]",0.0,"[10.974747474747474, 0.0, 0.0, 0.0, 0.0, 0.0, 0.0, 0.0, 0.0, 0.0, 0.0, 0.0, 0.0, 0.0, 0.0, 0.0, 0.0, 0.0, 0.0, 0.0, 0.0, 0.0, 0.0, 0.0, 0.0, 0.0, 0.0, 0.0, 0.0, 0.0, 0.0, 0.0, 0.0, 0.0, 0.0, 0.0, 0.0, 0.0, 0.0, 0.0, 0.0, 0.0, 0.0, 0.0, 0.0, 0.0, 0.0, 0.0, 0.0, 0.0, 0.0, 0.0, 0.0, 0.0, 0.0, 0.0, 0.0, 0.0, 0.0, 0.0, 0.0, 0.0, 0.0, 0.0, 0.0, 0.0, 0.0, 0.0, 0.0, 0.0, 0.0, 0.0, 0.0, 0.0, 0.0, 0.0, 0.0, 0.0, 0.0, 0.0, 0.0, 0.0, 0.0, 0.0, 0.0, 0.0, 0.0, 0.0, 0.0, 0.0, 0.0, 0.0, 0.0, 0.0, 0.0, 0.0, 0.0, 0.0, 0.0, 0.0, 0.0, 0.0, 0.0, 0.0, 0.0, 0.0, 0.0, 0.0, 0.0, 0.0, 0.0, 0.0, 0.0, 0.0, 0.0, 0.0, 0.0, 0.0, 0.0, 0.0, 0.0, 0.0, 0.0, 0.0, 0.0, 0.0, 0.0, 0.0, 0.0, 0.0, 0.0, 0.0, 0.0, 0.0, 0.0]",0.5,0.5,0,"[11, 0, 0, 0, 0, 0, 0, 0, 0, 0, 0, 0, 0, 0, 0, 0, 0, 0, 0, 0, 0, 0, 0, 0, 0, 0, 0, 0, 0, 0, 0, 0, 0, 0, 0, 0, 0, 0, 0, 0, 0, 0, 0, 0, 0, 0, 0, 0, 0, 0, 0, 0, 0, 0, 0, 0, 0, 0, 0, 0, 0, 0, 0, 0, 0, 0, 0, 0, 0, 0, 0, 0, 0, 0, 0, 0, 0, 0, 0, 0, 0, 0, 0, 0, 0, 0, 0, 0, 0, 0, 0, 0, 0, 0, 0, 0, 0, 0, 0, 0, 0, 0, 0, 0, 0, 0, 0, 0, 0, 0, 0, 0, 0, 0, 0, 0, 0, 0, 0, 0, 0, 0, 0, 0, 0, 0, 0, 0, 0, 0, 0, 0, 0, 0, 0]",135,"[0.3812147378921509, 0.4104234576225281, 0.4157516062259674, 0.5929134488105774, 0.41708555817604065, 0.7286530137062073, 0.42476174235343933, 0.41789236664772034, 0.44267332553863525, 0.44858357310295105, 0.4170036017894745, 0.6393563747406006, 0.46898284554481506, 0.45761364698410034, 0.5073807239532471, 0.476065456867218, 0.4145194888114929, 0.69597327709198, 0.6934531331062317, 0.9920716881752014, 0.5477281808853149, 0.4311896562576294, 0.500049889087677, 0.6919726729393005, 0.6884613633155823, 0.4072452187538147, 0.4964187741279602, 0.4532747268676758, 0.6185970902442932, 0.5348803400993347, 0.462655246257782, 0.4191928505897522, 0.412634015083313, 0.5453591346740723, 0.44166308641433716, 0.4072863757610321, 0.4122622013092041, 0.4073108434677124, 0.41244029998779297, 0.41516467928886414, 0.42703959345817566, 0.556587278842926, 0.6177501678466797, 0.4277641773223877, 0.5073857307434082, 0.5456439256668091, 0.4086286425590515, 0.4072566330432892, 0.4498039484024048, 0.4072388708591461, 0.6478676795959473, 0.47127392888069153, 0.41845688223838806, 0.4104991555213928, 0.42686548829078674, 0.41318827867507935, 0.7910682559013367, 0.5352525115013123, 0.45320847630500793, 0.6692039370536804, 0.4546566307544708, 0.4465602934360504, 0.43131089210510254, 0.7493649125099182, 0.49271920323371887, 0.40726473927497864, 0.5063607096672058, 0.42134690284729004, 0.4103054106235504, 0.45599162578582764, 0.4552881717681885, 0.4175444543361664, 0.4397319555282593, 0.44274333119392395, 0.4471544027328491, 0.4133201241493225, 0.5041496157646179, 0.4238804578781128, 0.4583737254142761, 0.4317145049571991, 0.41843363642692566, 0.46365487575531006, 0.41863709688186646, 0.5912273526191711, 0.4602566063404083, 0.42448416352272034, 0.6074594855308533, 0.4358249008655548, 0.4387332797050476, 0.5083654522895813, 0.4095650911331177, 0.6792784333229065, 0.4261325001716614, 0.4456469714641571, 0.413542240858078, 0.6596658825874329, 0.428941547870636, 0.44088074564933777, 0.7838647961616516, 0.5434889793395996, 0.42627474665641785, 0.42840713262557983, 0.7800799608230591, 0.43427687883377075, 0.49844086170196533, 0.43989458680152893, 0.4809580147266388, 0.5027815699577332, 0.4750295877456665, 0.6236342191696167, 0.4218025207519531, 0.5799568295478821, 0.41046208143234253, 0.45733562111854553, 0.43079644441604614, 0.4403855800628662, 0.41952982544898987, 0.4391489028930664, 0.5307965874671936, 0.48268043994903564, 0.5761774182319641, 0.4129946231842041, 0.429360955953598, 0.4259876310825348, 0.5986570119857788, 0.5935974717140198, 0.40955379605293274, 0.4072374105453491, 0.525159478187561, 0.4943796992301941, 0.5392953753471375, 0.4081997275352478, 0.921970546245575, 0.41467419266700745, 0.497768759727478]",0.0,"[11.0, 0.0, 0.0, 0.0, 0.0, 0.0, 0.0, 0.0, 0.0, 0.0, 0.0, 0.0, 0.0, 0.0, 0.0, 0.0, 0.0, 0.0, 0.0, 0.0, 0.0, 0.0, 0.0, 0.0, 0.0, 0.0, 0.0, 0.0, 0.0, 0.0, 0.0, 0.0, 0.0, 0.0, 0.0, 0.0, 0.0, 0.0, 0.0, 0.0, 0.0, 0.0, 0.0, 0.0, 0.0, 0.0, 0.0, 0.0, 0.0, 0.0, 0.0, 0.0, 0.0, 0.0, 0.0, 0.0, 0.0, 0.0, 0.0, 0.0, 0.0, 0.0, 0.0, 0.0, 0.0, 0.0, 0.0, 0.0, 0.0, 0.0, 0.0, 0.0, 0.0, 0.0, 0.0, 0.0, 0.0, 0.0, 0.0, 0.0, 0.0, 0.0, 0.0, 0.0, 0.0, 0.0, 0.0, 0.0, 0.0, 0.0, 0.0, 0.0, 0.0, 0.0, 0.0, 0.0, 0.0, 0.0, 0.0, 0.0, 0.0, 0.0, 0.0, 0.0, 0.0, 0.0, 0.0, 0.0, 0.0, 0.0, 0.0, 0.0, 0.0, 0.0, 0.0, 0.0, 0.0, 0.0, 0.0, 0.0, 0.0, 0.0, 0.0, 0.0, 0.0, 0.0, 0.0, 0.0, 0.0, 0.0, 0.0, 0.0, 0.0, 0.0, 0.0]",COMPLETE
119,119,0.5,2024-08-31 05:02:10.790667,2024-08-31 05:03:41.526717,0 days 00:01:30.736050,4,0.3779231629295163,4,355,0.12555922540951162,5,0.012240313003355093,0.859,0.85875,0,"[30, 1, 1, 1, 1, 0, 0, 0, 0, 0, 0, 0, 0, 0, 0, 0, 0, 0, 0, 0, 0, 0, 0, 0, 0, 0, 0, 0, 0, 0, 0, 0, 0, 0, 0, 0, 0, 0, 0, 0, 0, 0, 0, 0, 0, 0, 0, 0, 0, 0, 0, 0, 0, 0, 0, 0, 0, 0, 0, 0, 0, 0, 0, 0, 0, 0, 0, 0, 0, 0, 0, 0, 0, 0, 0, 0, 0, 0, 0, 0, 0, 0, 0, 0, 0, 0, 0, 0, 0, 0, 0, 0, 0, 0, 0, 0, 0, 0, 0, 0, 0, 0, 0, 0, 0, 0, 0, 0, 0, 0, 0, 0, 0, 0, 0, 0, 0, 0, 0, 0, 0, 0, 0, 0, 0, 0, 0, 0, 0, 0, 0, 0, 0, 0, 0, 0, 0, 0, 0, 0, 0, 0, 0, 0, 0, 0, 0, 0, 0, 0, 0, 0, 0, 0, 0, 0, 0, 0, 0, 0, 0, 0, 0, 0, 0, 0, 0, 0, 0, 0, 0, 0, 0, 0, 0, 0, 0, 0, 0, 0, 0, 0, 0, 0, 0, 0, 0, 0, 0, 0, 0, 0, 0, 0, 0, 0, 0, 0, 0, 0, 0, 0, 0, 0, 0, 0, 0, 0, 0, 0, 0, 0, 0, 0, 0, 0, 0, 0, 0, 0, 0, 0, 0, 0, 0, 0, 0, 0, 0, 0, 0, 0, 0, 0, 0, 0, 0, 0, 0, 0, 0, 0, 0, 0, 0, 0, 0, 0, 0, 0, 0, 0, 0, 0, 0, 0, 0, 0, 0, 0, 0, 0, 0, 0, 0, 0, 0, 0, 0, 0, 0, 0, 0, 0, 0, 0, 0, 0, 0, 0, 0, 0, 0, 0, 0, 0, 0, 0, 0, 0, 0, 0, 0, 0, 0, 0, 0, 0, 0, 0, 0, 0, 0, 0, 0, 0, 0, 0, 0, 0, 0, 0, 0, 0, 0, 0, 0, 0, 0, 0, 0, 0, 0, 0, 0, 0, 0, 0, 0, 0, 0, 0, 0, 0, 0, 0, 0, 0, 0, 0, 0, 0, 0, 0, 0, 0, 0, 0, 0, 0, 0, 0, 0, 0, 0]",0.0,"[29.933333333333334, 1.0, 1.0, 1.0, 1.0, 0.0, 0.0, 0.0, 0.0, 0.0, 0.0, 0.0, 0.0, 0.0, 0.0, 0.0, 0.0, 0.0, 0.0, 0.0, 0.0, 0.0, 0.0, 0.0, 0.0, 0.0, 0.0, 0.0, 0.0, 0.0, 0.0, 0.0, 0.0, 0.0, 0.0, 0.0, 0.0, 0.0, 0.0, 0.0, 0.0, 0.0, 0.0, 0.0, 0.0, 0.0, 0.0, 0.0, 0.0, 0.0, 0.0, 0.0, 0.0, 0.0, 0.0, 0.0, 0.0, 0.0, 0.0, 0.0, 0.0, 0.0, 0.0, 0.0, 0.0, 0.0, 0.0, 0.0, 0.0, 0.0, 0.0, 0.0, 0.0, 0.0, 0.0, 0.0, 0.0, 0.0, 0.0, 0.0, 0.0, 0.0, 0.0, 0.0, 0.0, 0.0, 0.0, 0.0, 0.0, 0.0, 0.0, 0.0, 0.0, 0.0, 0.0, 0.0, 0.0, 0.0, 0.0, 0.0, 0.0, 0.0, 0.0, 0.0, 0.0, 0.0, 0.0, 0.0, 0.0, 0.0, 0.0, 0.0, 0.0, 0.0, 0.0, 0.0, 0.0, 0.0, 0.0, 0.0, 0.0, 0.0, 0.0, 0.0, 0.0, 0.0, 0.0, 0.0, 0.0, 0.0, 0.0, 0.0, 0.0, 0.0, 0.0, 0.0, 0.0, 0.0, 0.0, 0.0, 0.0, 0.0, 0.0, 0.0, 0.0, 0.0, 0.0, 0.0, 0.0, 0.0, 0.0, 0.0, 0.0, 0.0, 0.0, 0.0, 0.0, 0.0, 0.0, 0.0, 0.0, 0.0, 0.0, 0.0, 0.0, 0.0, 0.0, 0.0, 0.0, 0.0, 0.0, 0.0, 0.0, 0.0, 0.0, 0.0, 0.0, 0.0, 0.0, 0.0, 0.0, 0.0, 0.0, 0.0, 0.0, 0.0, 0.0, 0.0, 0.0, 0.0, 0.0, 0.0, 0.0, 0.0, 0.0, 0.0, 0.0, 0.0, 0.0, 0.0, 0.0, 0.0, 0.0, 0.0, 0.0, 0.0, 0.0, 0.0, 0.0, 0.0, 0.0, 0.0, 0.0, 0.0, 0.0, 0.0, 0.0, 0.0, 0.0, 0.0, 0.0, 0.0, 0.0, 0.0, 0.0, 0.0, 0.0, 0.0, 0.0, 0.0, 0.0, 0.0, 0.0, 0.0, 0.0, 0.0, 0.0, 0.0, 0.0, 0.0, 0.0, 0.0, 0.0, 0.0, 0.0, 0.0, 0.0, 0.0, 0.0, 0.0, 0.0, 0.0, 0.0, 0.0, 0.0, 0.0, 0.0, 0.0, 0.0, 0.0, 0.0, 0.0, 0.0, 0.0, 0.0, 0.0, 0.0, 0.0, 0.0, 0.0, 0.0, 0.0, 0.0, 0.0, 0.0, 0.0, 0.0, 0.0, 0.0, 0.0, 0.0, 0.0, 0.0, 0.0, 0.0, 0.0, 0.0, 0.0, 0.0, 0.0, 0.0, 0.0, 0.0, 0.0, 0.0, 0.0, 0.0, 0.0, 0.0, 0.0, 0.0, 0.0, 0.0, 0.0, 0.0, 0.0, 0.0, 0.0, 0.0, 0.0, 0.0, 0.0, 0.0, 0.0, 0.0, 0.0, 0.0, 0.0, 0.0, 0.0, 0.0, 0.0, 0.0, 0.0, 0.0, 0.0, 0.0, 0.0, 0.0, 0.0, 0.0, 0.0, 0.0, 0.0, 0.0, 0.0, 0.0, 0.0, 0.0, 0.0, 0.0, 0.0, 0.0, 0.0, 0.0, 0.0, 0.0, 0.0, 0.0, 0.0, 0.0, 0.0, 0.0, 0.0, 0.0]",0.5,0.5,0,"[30, 1, 1, 1, 1, 0, 0, 0, 0, 0, 0, 0, 0, 0, 0, 0, 0, 0, 0, 0, 0, 0, 0, 0, 0, 0, 0, 0, 0, 0, 0, 0, 0, 0, 0, 0, 0, 0, 0, 0, 0, 0, 0, 0, 0, 0, 0, 0, 0, 0, 0, 0, 0, 0, 0, 0, 0, 0, 0, 0, 0, 0, 0, 0, 0, 0, 0, 0, 0, 0, 0, 0, 0, 0, 0, 0, 0, 0, 0, 0, 0, 0, 0, 0, 0, 0, 0, 0, 0, 0, 0, 0, 0, 0, 0, 0, 0, 0, 0, 0, 0, 0, 0, 0, 0, 0, 0, 0, 0, 0, 0, 0, 0, 0, 0, 0, 0, 0, 0, 0, 0, 0, 0, 0, 0, 0, 0, 0, 0, 0, 0, 0, 0, 0, 0, 0, 0, 0, 0, 0, 0, 0, 0, 0, 0, 0, 0, 0, 0, 0, 0, 0, 0, 0, 0, 0, 0, 0, 0, 0, 0, 0, 0, 0, 0, 0, 0, 0, 0, 0, 0, 0, 0, 0, 0, 0, 0, 0, 0, 0, 0, 0, 0, 0, 0, 0, 0, 0, 0, 0, 0, 0, 0, 0, 0, 0, 0, 0, 0, 0, 0, 0, 0, 0, 0, 0, 0, 0, 0, 0, 0, 0, 0, 0, 0, 0, 0, 0, 0, 0, 0, 0, 0, 0, 0, 0, 0, 0, 0, 0, 0, 0, 0, 0, 0, 0, 0, 0, 0, 0, 0, 0, 0, 0, 0, 0, 0, 0, 0, 0, 0, 0, 0, 0, 0, 0, 0, 0, 0, 0, 0, 0, 0, 0, 0, 0, 0, 0, 0, 0, 0, 0, 0, 0, 0, 0, 0, 0, 0, 0, 0, 0, 0, 0, 0, 0, 0, 0, 0, 0, 0, 0, 0, 0, 0, 0, 0, 0, 0, 0, 0, 0, 0, 0, 0, 0, 0, 0, 0, 0, 0, 0, 0, 0, 0, 0, 0, 0, 0, 0, 0, 0, 0, 0, 0, 0, 0, 0, 0, 0, 0, 0, 0, 0, 0, 0, 0, 0, 0, 0, 0, 0, 0, 0, 0, 0, 0, 0, 0, 0, 0, 0, 0, 0, 0]",355,"[0.44515472650527954, 0.40102943778038025, 0.3999693691730499, 0.3993374705314636, 0.3983873724937439, 0.40732142329216003, 0.4072507917881012, 0.4072261452674866, 0.4072929322719574, 0.4072296619415283, 0.40723350644111633, 0.4072263836860657, 0.407235324382782, 0.40722721815109253, 0.4072352349758148, 0.40722620487213135, 0.4072352945804596, 0.4072290360927582, 0.40722620487213135, 0.40722835063934326, 0.4073362350463867, 0.4072583019733429, 0.40723133087158203, 0.40722760558128357, 0.4072672128677368, 0.4073720872402191, 0.40729641914367676, 0.40722864866256714, 0.4072350561618805, 0.4072464406490326, 0.40722987055778503, 0.4073449373245239, 0.4072311520576477, 0.4072602093219757, 0.4072358012199402, 0.4072261452674866, 0.4072818458080292, 0.4072423577308655, 0.407227098941803, 0.40731480717658997, 0.40727218985557556, 0.40722882747650146, 0.4072263240814209, 0.40722954273223877, 0.4072355329990387, 0.407260924577713, 0.4072653651237488, 0.4072263240814209, 0.4073611795902252, 0.4072270691394806, 0.4072611927986145, 0.40724101662635803, 0.40722617506980896, 0.4073106050491333, 0.4072268009185791, 0.40726524591445923, 0.4072732627391815, 0.40735623240470886, 0.40725186467170715, 0.4072452485561371, 0.40724384784698486, 0.40729090571403503, 0.4072265326976776, 0.40733277797698975, 0.4072296917438507, 0.40725699067115784, 0.40729662775993347, 0.40724262595176697, 0.4072481095790863, 0.40727314352989197, 0.407273530960083, 0.4072912335395813, 0.40725475549697876, 0.4072366952896118, 0.4072372019290924, 0.4074937105178833, 0.40722647309303284, 0.407230019569397, 0.407253235578537, 0.4072501063346863, 0.4072411358356476, 0.4072275161743164, 0.4072369337081909, 0.4072360098361969, 0.40724197030067444, 0.4072261154651642, 0.4072262942790985, 0.40722915530204773, 0.4073026180267334, 0.40723565220832825, 0.40724536776542664, 0.4072405695915222, 0.40728893876075745, 0.4072404205799103, 0.40724363923072815, 0.407277911901474, 0.40725064277648926, 0.4072442352771759, 0.40723106265068054, 0.4073355495929718, 0.4072672128677368, 0.4073849618434906, 0.4072607159614563, 0.4072383642196655, 0.407256156206131, 0.4073209762573242, 0.4072273373603821, 0.4072381556034088, 0.40724387764930725, 0.40722620487213135, 0.40722912549972534, 0.40723347663879395, 0.4072314500808716, 0.4072261154651642, 0.407243549823761, 0.4073438346385956, 0.4072296619415283, 0.4072782099246979, 0.4072284400463104, 0.4072262942790985, 0.4072574973106384, 0.4072352647781372, 0.40722668170928955, 0.4072361886501312, 0.4072265625, 0.4072757661342621, 0.40722617506980896, 0.40734151005744934, 0.4073716402053833, 0.4072302579879761, 0.40722769498825073, 0.4073057174682617, 0.40723347663879395, 0.4072263240814209, 0.4072681665420532, 0.4072369337081909, 0.407235324382782, 0.4073129892349243, 0.4072262942790985, 0.40723177790641785, 0.40724560618400574, 0.4072285592556, 0.4072361886501312, 0.4072312116622925, 0.4072412848472595, 0.40737831592559814, 0.4072434604167938, 0.4072268307209015, 0.4072268307209015, 0.40722617506980896, 0.40723177790641785, 0.4072701334953308, 0.40725433826446533, 0.4072263240814209, 0.4072270095348358, 0.4072273373603821, 0.4073036313056946, 0.4072355031967163, 0.4074850380420685, 0.4072704017162323, 0.4072303771972656, 0.4072331488132477, 0.40722984075546265, 0.4072856903076172, 0.40724465250968933, 0.4072589874267578, 0.4072527289390564, 0.40724238753318787, 0.4072641134262085, 0.40730786323547363, 0.4072331488132477, 0.40722736716270447, 0.4073297083377838, 0.4072268605232239, 0.4072267413139343, 0.40723082423210144, 0.40722620487213135, 0.4072386920452118, 0.40740150213241577, 0.40725189447402954, 0.40724796056747437, 0.4072738587856293, 0.4073091149330139, 0.4072262942790985, 0.40724077820777893, 0.40728458762168884, 0.4072364866733551, 0.40729397535324097, 0.407288134098053, 0.4072810113430023, 0.40724480152130127, 0.40724456310272217, 0.4072272777557373, 0.4072345495223999, 0.4072290062904358, 0.40725207328796387, 0.4073987901210785, 0.40723252296447754, 0.4072296917438507, 0.40724799036979675, 0.40726134181022644, 0.4072612524032593, 0.40722665190696716, 0.4072295129299164, 0.4072577655315399, 0.40723416209220886, 0.4072262644767761, 0.40722617506980896, 0.4072655439376831, 0.40728870034217834, 0.40732353925704956, 0.4072953760623932, 0.4072653651237488, 0.40724995732307434, 0.40743446350097656, 0.40726718306541443, 0.4072410464286804, 0.40730521082878113, 0.4073670506477356, 0.4072275161743164, 0.40724417567253113, 0.40722769498825073, 0.40734028816223145, 0.4072263836860657, 0.40727633237838745, 0.4072685241699219, 0.4073089361190796, 0.40724480152130127, 0.40722644329071045, 0.4072611927986145, 0.40727752447128296, 0.40726062655448914, 0.40725573897361755, 0.40735340118408203, 0.4072265625, 0.4072262942790985, 0.40733325481414795, 0.40725868940353394, 0.40722957253456116, 0.407377153635025, 0.40723949670791626, 0.40746575593948364, 0.4072262644767761, 0.4072294533252716, 0.40726664662361145, 0.40722617506980896, 0.40722620487213135, 0.4072267413139343, 0.4072510600090027, 0.40723416209220886, 0.4072275459766388, 0.4072269797325134, 0.4072587490081787, 0.40731632709503174, 0.4072480797767639, 0.4072626829147339, 0.4072543680667877, 0.4072297215461731, 0.40723559260368347, 0.40722641348838806, 0.4072972238063812, 0.40728116035461426, 0.4072627127170563, 0.4072747826576233, 0.40727341175079346, 0.40730544924736023, 0.4073132276535034, 0.4072543680667877, 0.40725260972976685, 0.4072731137275696, 0.407444566488266, 0.4072611629962921, 0.4072290360927582, 0.4072515368461609, 0.40723103284835815, 0.4072573781013489, 0.40724682807922363, 0.40726104378700256, 0.4072287380695343, 0.4072265326976776, 0.4072631895542145, 0.40731632709503174, 0.40723296999931335, 0.40723511576652527, 0.40723273158073425, 0.4072497487068176, 0.407288521528244, 0.407227098941803, 0.407248854637146, 0.40722739696502686, 0.407282292842865, 0.4072265923023224, 0.4072517454624176, 0.4072267413139343, 0.40725916624069214, 0.4072331488132477, 0.40726324915885925, 0.4073481857776642, 0.4072652757167816, 0.40722671151161194, 0.4072277843952179, 0.4072609841823578, 0.4072261452674866, 0.40727463364601135, 0.40723323822021484, 0.40724441409111023, 0.40724125504493713, 0.40722692012786865, 0.4072478115558624, 0.40725889801979065, 0.40723931789398193, 0.4072261154651642, 0.40722692012786865, 0.40722885727882385, 0.40722641348838806, 0.4072262942790985, 0.40730762481689453, 0.40730616450309753, 0.4072261154651642, 0.4072444438934326, 0.40722888708114624, 0.4072529673576355, 0.40750956535339355, 0.4072374999523163, 0.4072265625, 0.4072423577308655, 0.40724998712539673, 0.4072815179824829, 0.4072378873825073, 0.40729957818984985, 0.40734076499938965, 0.40723830461502075, 0.40722644329071045, 0.4072291851043701, 0.4072261452674866, 0.40723884105682373, 0.4072400629520416, 0.40725529193878174, 0.4072645306587219, 0.40725719928741455, 0.4072413146495819, 0.40726786851882935, 0.4073294401168823, 0.4073501229286194, 0.40722811222076416, 0.40757283568382263, 0.40726351737976074, 0.4072471559047699, 0.4072262942790985, 0.40727341175079346, 0.407252699136734, 0.40722861886024475, 0.40725603699684143, 0.40747588872909546, 0.4072263836860657]",0.0,"[30.0, 1.0, 1.0, 1.0, 1.0, 0.0, 0.0, 0.0, 0.0, 0.0, 0.0, 0.0, 0.0, 0.0, 0.0, 0.0, 0.0, 0.0, 0.0, 0.0, 0.0, 0.0, 0.0, 0.0, 0.0, 0.0, 0.0, 0.0, 0.0, 0.0, 0.0, 0.0, 0.0, 0.0, 0.0, 0.0, 0.0, 0.0, 0.0, 0.0, 0.0, 0.0, 0.0, 0.0, 0.0, 0.0, 0.0, 0.0, 0.0, 0.0, 0.0, 0.0, 0.0, 0.0, 0.0, 0.0, 0.0, 0.0, 0.0, 0.0, 0.0, 0.0, 0.0, 0.0, 0.0, 0.0, 0.0, 0.0, 0.0, 0.0, 0.0, 0.0, 0.0, 0.0, 0.0, 0.0, 0.0, 0.0, 0.0, 0.0, 0.0, 0.0, 0.0, 0.0, 0.0, 0.0, 0.0, 0.0, 0.0, 0.0, 0.0, 0.0, 0.0, 0.0, 0.0, 0.0, 0.0, 0.0, 0.0, 0.0, 0.0, 0.0, 0.0, 0.0, 0.0, 0.0, 0.0, 0.0, 0.0, 0.0, 0.0, 0.0, 0.0, 0.0, 0.0, 0.0, 0.0, 0.0, 0.0, 0.0, 0.0, 0.0, 0.0, 0.0, 0.0, 0.0, 0.0, 0.0, 0.0, 0.0, 0.0, 0.0, 0.0, 0.0, 0.0, 0.0, 0.0, 0.0, 0.0, 0.0, 0.0, 0.0, 0.0, 0.0, 0.0, 0.0, 0.0, 0.0, 0.0, 0.0, 0.0, 0.0, 0.0, 0.0, 0.0, 0.0, 0.0, 0.0, 0.0, 0.0, 0.0, 0.0, 0.0, 0.0, 0.0, 0.0, 0.0, 0.0, 0.0, 0.0, 0.0, 0.0, 0.0, 0.0, 0.0, 0.0, 0.0, 0.0, 0.0, 0.0, 0.0, 0.0, 0.0, 0.0, 0.0, 0.0, 0.0, 0.0, 0.0, 0.0, 0.0, 0.0, 0.0, 0.0, 0.0, 0.0, 0.0, 0.0, 0.0, 0.0, 0.0, 0.0, 0.0, 0.0, 0.0, 0.0, 0.0, 0.0, 0.0, 0.0, 0.0, 0.0, 0.0, 0.0, 0.0, 0.0, 0.0, 0.0, 0.0, 0.0, 0.0, 0.0, 0.0, 0.0, 0.0, 0.0, 0.0, 0.0, 0.0, 0.0, 0.0, 0.0, 0.0, 0.0, 0.0, 0.0, 0.0, 0.0, 0.0, 0.0, 0.0, 0.0, 0.0, 0.0, 0.0, 0.0, 0.0, 0.0, 0.0, 0.0, 0.0, 0.0, 0.0, 0.0, 0.0, 0.0, 0.0, 0.0, 0.0, 0.0, 0.0, 0.0, 0.0, 0.0, 0.0, 0.0, 0.0, 0.0, 0.0, 0.0, 0.0, 0.0, 0.0, 0.0, 0.0, 0.0, 0.0, 0.0, 0.0, 0.0, 0.0, 0.0, 0.0, 0.0, 0.0, 0.0, 0.0, 0.0, 0.0, 0.0, 0.0, 0.0, 0.0, 0.0, 0.0, 0.0, 0.0, 0.0, 0.0, 0.0, 0.0, 0.0, 0.0, 0.0, 0.0, 0.0, 0.0, 0.0, 0.0, 0.0, 0.0, 0.0, 0.0, 0.0, 0.0, 0.0, 0.0, 0.0, 0.0, 0.0, 0.0, 0.0, 0.0, 0.0, 0.0, 0.0, 0.0, 0.0, 0.0, 0.0, 0.0, 0.0, 0.0, 0.0, 0.0, 0.0, 0.0, 0.0, 0.0, 0.0, 0.0, 0.0, 0.0, 0.0, 0.0, 0.0, 0.0, 0.0, 0.0, 0.0, 0.0, 0.0, 0.0, 0.0, 0.0]",COMPLETE
