,number,value,datetime_start,datetime_complete,duration,params_batch_size_scaler,params_constant_learning_rate,params_depth,params_epochs,params_kernel_l2,params_num_trees,params_temperature,user_attrs_accuracy_test,user_attrs_accuracy_valid,user_attrs_approximate_feature_sparsity,user_attrs_approximate_feature_sparsity_history,user_attrs_approximate_weight_sparsity,user_attrs_approximate_weight_sparsity_history,user_attrs_auc_test,user_attrs_auc_valid,user_attrs_feature_sparsity,user_attrs_feature_sparsity_history,user_attrs_num_epochs,user_attrs_val_loss_history,user_attrs_weight_sparsity,user_attrs_weight_sparsity_history,state
153,153,0.8755265293503882,2024-08-31 05:58:56.504709,2024-08-31 05:59:28.722059,0 days 00:00:32.217350,64,0.11562464585813217,4,350,0.024031047947681933,7,0.00024780106267749,0.909,0.90125,33,"[33, 33, 33, 33, 33, 33, 33, 33, 33, 33, 33, 33, 33, 33, 33, 33, 33, 33, 33, 33, 33, 33, 33, 33, 33, 33, 33, 33, 33, 33, 33, 33, 33, 33, 33, 33, 33, 33, 33, 33, 33, 33, 33, 33, 33, 33, 33, 33, 33, 33, 33, 33, 33, 33, 33, 33, 33, 33, 33, 33, 33, 33, 33, 33, 33, 33, 33, 33, 33, 33, 33, 33, 33, 33, 33, 33, 33, 33, 33, 33, 33, 33, 33, 33, 33, 33, 33, 33, 33, 33, 33, 33, 33, 33, 33, 33, 33, 33, 33, 33, 33, 33, 33, 33, 33, 33, 33, 33, 33, 33, 33, 33, 33, 33, 33, 33, 33, 33, 33, 33, 33, 33, 33, 33, 33, 33, 33, 33, 33, 33, 33, 33, 33, 33, 33, 33, 33, 33, 33, 33, 33, 33, 33, 33, 33, 33, 33, 33, 33, 33, 33, 33, 33, 33, 33, 33, 33, 33, 33, 33, 33, 33, 33, 33, 33, 33, 33, 33, 33, 33, 33, 33, 33, 33, 33, 33, 33, 33, 33, 33, 33, 33, 33, 33, 33, 33, 33, 33, 33, 33, 33, 33, 33, 33, 33, 33, 33, 33, 33, 33, 33, 33, 33, 33, 33, 33, 33, 33, 33, 33, 33, 33, 33, 33, 33, 33, 33, 33, 33, 33, 33, 33, 33, 33, 33, 33, 33, 33, 33, 33, 33, 33, 33, 33, 33, 33, 33, 33, 33, 33, 33, 33, 33, 33, 33, 33, 33, 33, 33, 33, 33, 33, 33, 33, 33, 33, 33, 33, 33, 33, 33, 33, 33, 33, 33, 33, 33, 33, 33, 33, 33, 33, 33, 33, 33, 33, 33, 33, 33, 33, 33, 33, 33, 33, 33, 33, 33, 33, 33, 33, 33, 33, 33, 33, 33, 33, 33, 33, 33, 33, 33, 33, 33, 33, 33, 33, 33, 33, 33, 33, 33, 33, 33, 33, 33, 33, 33, 33, 33, 33, 33, 33, 33, 33, 33, 33, 33, 33, 33, 33, 33, 33, 33, 33, 33, 33, 33, 33, 33, 33, 33, 33, 33, 33, 33, 33, 33, 33, 33, 33]",32.99047619047619,"[32.971428571428575, 32.98095238095238, 32.98095238095238, 32.95238095238095, 32.971428571428575, 32.99047619047619, 32.99047619047619, 32.98095238095238, 32.98095238095238, 32.98095238095238, 32.971428571428575, 32.98095238095238, 32.98095238095238, 32.99047619047619, 33.0, 32.99047619047619, 32.99047619047619, 32.98095238095238, 32.99047619047619, 32.99047619047619, 32.99047619047619, 32.99047619047619, 32.971428571428575, 32.99047619047619, 32.99047619047619, 32.98095238095238, 32.971428571428575, 32.98095238095238, 32.99047619047619, 32.98095238095238, 32.98095238095238, 32.99047619047619, 32.98095238095238, 32.98095238095238, 32.99047619047619, 32.98095238095238, 32.98095238095238, 32.98095238095238, 32.98095238095238, 32.99047619047619, 33.0, 32.99047619047619, 33.0, 32.99047619047619, 33.0, 32.99047619047619, 32.98095238095238, 32.98095238095238, 32.971428571428575, 32.971428571428575, 32.99047619047619, 32.99047619047619, 32.99047619047619, 32.99047619047619, 32.98095238095238, 32.99047619047619, 33.0, 32.971428571428575, 32.971428571428575, 32.99047619047619, 32.99047619047619, 32.98095238095238, 32.971428571428575, 33.0, 32.99047619047619, 32.971428571428575, 32.99047619047619, 32.98095238095238, 32.98095238095238, 32.99047619047619, 32.99047619047619, 33.0, 33.0, 32.98095238095238, 32.98095238095238, 32.971428571428575, 33.0, 32.99047619047619, 33.0, 32.99047619047619, 32.971428571428575, 32.971428571428575, 32.99047619047619, 32.98095238095238, 32.99047619047619, 32.971428571428575, 32.98095238095238, 32.99047619047619, 32.99047619047619, 32.99047619047619, 32.98095238095238, 32.99047619047619, 32.99047619047619, 32.99047619047619, 32.99047619047619, 32.98095238095238, 33.0, 32.971428571428575, 32.98095238095238, 32.971428571428575, 32.98095238095238, 32.98095238095238, 32.95238095238095, 32.98095238095238, 32.98095238095238, 33.0, 32.971428571428575, 32.98095238095238, 32.99047619047619, 32.99047619047619, 32.98095238095238, 32.971428571428575, 32.98095238095238, 32.98095238095238, 32.971428571428575, 32.971428571428575, 32.98095238095238, 32.94285714285714, 32.96190476190476, 32.95238095238095, 32.96190476190476, 32.95238095238095, 32.98095238095238, 32.99047619047619, 32.99047619047619, 32.98095238095238, 32.99047619047619, 32.971428571428575, 32.99047619047619, 33.0, 32.96190476190476, 32.98095238095238, 32.99047619047619, 32.99047619047619, 32.971428571428575, 32.95238095238095, 32.99047619047619, 32.98095238095238, 32.98095238095238, 32.99047619047619, 32.99047619047619, 32.99047619047619, 33.0, 32.99047619047619, 33.0, 32.99047619047619, 32.98095238095238, 32.98095238095238, 32.98095238095238, 32.99047619047619, 33.0, 32.99047619047619, 32.99047619047619, 32.98095238095238, 32.98095238095238, 32.98095238095238, 32.98095238095238, 32.971428571428575, 32.98095238095238, 32.98095238095238, 32.99047619047619, 32.971428571428575, 32.96190476190476, 32.98095238095238, 32.98095238095238, 32.99047619047619, 32.98095238095238, 32.99047619047619, 32.98095238095238, 32.99047619047619, 32.98095238095238, 33.0, 33.0, 32.99047619047619, 33.0, 33.0, 32.98095238095238, 32.99047619047619, 32.99047619047619, 33.0, 32.99047619047619, 32.99047619047619, 33.0, 32.99047619047619, 32.99047619047619, 32.99047619047619, 32.99047619047619, 32.99047619047619, 32.99047619047619, 33.0, 33.0, 32.98095238095238, 32.98095238095238, 33.0, 32.99047619047619, 32.98095238095238, 33.0, 33.0, 33.0, 33.0, 33.0, 33.0, 33.0, 33.0, 33.0, 32.99047619047619, 32.99047619047619, 32.98095238095238, 32.98095238095238, 32.99047619047619, 32.99047619047619, 32.99047619047619, 32.971428571428575, 32.98095238095238, 32.98095238095238, 32.99047619047619, 32.99047619047619, 33.0, 32.99047619047619, 32.98095238095238, 32.99047619047619, 32.98095238095238, 32.98095238095238, 32.98095238095238, 33.0, 33.0, 33.0, 32.971428571428575, 32.99047619047619, 32.99047619047619, 32.99047619047619, 32.99047619047619, 32.98095238095238, 32.98095238095238, 32.99047619047619, 33.0, 32.98095238095238, 32.99047619047619, 33.0, 32.99047619047619, 32.99047619047619, 33.0, 32.98095238095238, 32.99047619047619, 33.0, 32.99047619047619, 33.0, 32.99047619047619, 32.98095238095238, 32.98095238095238, 33.0, 32.99047619047619, 32.99047619047619, 32.98095238095238, 32.99047619047619, 32.99047619047619, 32.98095238095238, 33.0, 32.99047619047619, 32.99047619047619, 32.99047619047619, 32.971428571428575, 32.99047619047619, 32.99047619047619, 32.98095238095238, 32.99047619047619, 32.98095238095238, 32.99047619047619, 33.0, 33.0, 33.0, 33.0, 33.0, 33.0, 33.0, 32.99047619047619, 32.99047619047619, 33.0, 33.0, 32.98095238095238, 32.99047619047619, 33.0, 33.0, 33.0, 33.0, 33.0, 33.0, 33.0, 32.99047619047619, 32.99047619047619, 32.99047619047619, 32.99047619047619, 32.99047619047619, 32.98095238095238, 32.971428571428575, 32.99047619047619, 32.99047619047619, 32.98095238095238, 32.98095238095238, 32.98095238095238, 32.99047619047619, 32.98095238095238, 32.98095238095238, 32.99047619047619, 32.99047619047619, 33.0, 33.0, 32.99047619047619, 33.0, 33.0, 33.0, 33.0, 33.0, 33.0, 32.99047619047619, 32.99047619047619, 32.99047619047619, 32.99047619047619, 33.0, 32.98095238095238, 32.98095238095238, 32.98095238095238, 32.96190476190476, 32.98095238095238, 32.99047619047619, 32.98095238095238, 32.98095238095238, 32.971428571428575, 32.95238095238095, 32.971428571428575, 32.96190476190476, 32.99047619047619, 32.98095238095238, 32.98095238095238, 32.98095238095238, 32.98095238095238, 32.98095238095238, 32.98095238095238, 32.99047619047619, 32.98095238095238, 33.0, 32.99047619047619, 33.0, 32.971428571428575, 32.99047619047619, 32.99047619047619, 33.0, 33.0, 33.0, 32.99047619047619]",0.8657436075264823,0.8755265293503882,33,"[33, 33, 33, 33, 33, 33, 33, 33, 33, 33, 33, 33, 33, 33, 33, 33, 33, 33, 33, 33, 33, 33, 33, 33, 33, 33, 33, 33, 33, 33, 33, 33, 33, 33, 33, 33, 33, 33, 33, 33, 33, 33, 33, 33, 33, 33, 33, 33, 33, 33, 33, 33, 33, 33, 33, 33, 33, 33, 33, 33, 33, 33, 33, 33, 33, 33, 33, 33, 33, 33, 33, 33, 33, 33, 33, 33, 33, 33, 33, 33, 33, 33, 33, 33, 33, 33, 33, 33, 33, 33, 33, 33, 33, 33, 33, 33, 33, 33, 33, 33, 33, 33, 33, 33, 33, 33, 33, 33, 33, 33, 33, 33, 33, 33, 33, 33, 33, 33, 33, 33, 33, 33, 33, 33, 33, 33, 33, 33, 33, 33, 33, 33, 33, 33, 33, 33, 33, 33, 33, 33, 33, 33, 33, 33, 33, 33, 33, 33, 33, 33, 33, 33, 33, 33, 33, 33, 33, 33, 33, 33, 33, 33, 33, 33, 33, 33, 33, 33, 33, 33, 33, 33, 33, 33, 33, 33, 33, 33, 33, 33, 33, 33, 33, 33, 33, 33, 33, 33, 33, 33, 33, 33, 33, 33, 33, 33, 33, 33, 33, 33, 33, 33, 33, 33, 33, 33, 33, 33, 33, 33, 33, 33, 33, 33, 33, 33, 33, 33, 33, 33, 33, 33, 33, 33, 33, 33, 33, 33, 33, 33, 33, 33, 33, 33, 33, 33, 33, 33, 33, 33, 33, 33, 33, 33, 33, 33, 33, 33, 33, 33, 33, 33, 33, 33, 33, 33, 33, 33, 33, 33, 33, 33, 33, 33, 33, 33, 33, 33, 33, 33, 33, 33, 33, 33, 33, 33, 33, 33, 33, 33, 33, 33, 33, 33, 33, 33, 33, 33, 33, 33, 33, 33, 33, 33, 33, 33, 33, 33, 33, 33, 33, 33, 33, 33, 33, 33, 33, 33, 33, 33, 33, 33, 33, 33, 33, 33, 33, 33, 33, 33, 33, 33, 33, 33, 33, 33, 33, 33, 33, 33, 33, 33, 33, 33, 33, 33, 33, 33, 33, 33, 33, 33, 33, 33, 33, 33, 33, 33, 33, 33]",350,"[0.7200024127960205, 0.6281687021255493, 0.5627672076225281, 0.5207874178886414, 0.4887831509113312, 0.46664297580718994, 0.4513164162635803, 0.43943560123443604, 0.42886361479759216, 0.42178669571876526, 0.41565054655075073, 0.41146525740623474, 0.40721556544303894, 0.40419065952301025, 0.40198731422424316, 0.3997114300727844, 0.3976471424102783, 0.3961179852485657, 0.3944604992866516, 0.3931875228881836, 0.39200812578201294, 0.39098477363586426, 0.3898097574710846, 0.38869860768318176, 0.3876603841781616, 0.3867778778076172, 0.38611385226249695, 0.38533419370651245, 0.38475149869918823, 0.3838409185409546, 0.3829205632209778, 0.382399320602417, 0.3816905915737152, 0.3810057044029236, 0.38031724095344543, 0.3799365162849426, 0.3795700967311859, 0.3790038228034973, 0.3782901465892792, 0.37764886021614075, 0.377147912979126, 0.3766097128391266, 0.37600240111351013, 0.3754516541957855, 0.3749329447746277, 0.37443771958351135, 0.37399643659591675, 0.37361663579940796, 0.3732317388057709, 0.3727954030036926, 0.3722706139087677, 0.37187477946281433, 0.3713899850845337, 0.37108075618743896, 0.3709169626235962, 0.37070778012275696, 0.3702279031276703, 0.3696916997432709, 0.36933010816574097, 0.3689185082912445, 0.3684416711330414, 0.36804094910621643, 0.3675958216190338, 0.36723583936691284, 0.3670232892036438, 0.36656466126441956, 0.3662087321281433, 0.3658463656902313, 0.3654624819755554, 0.3651077151298523, 0.36475199460983276, 0.36436426639556885, 0.3639095425605774, 0.36341556906700134, 0.3632935583591461, 0.36302512884140015, 0.3627009689807892, 0.362199604511261, 0.3620176315307617, 0.3616065979003906, 0.36129510402679443, 0.3609286844730377, 0.36056044697761536, 0.3602428734302521, 0.35985618829727173, 0.3595021963119507, 0.35906845331192017, 0.35870659351348877, 0.3582073450088501, 0.3577481210231781, 0.35739418864250183, 0.3570753037929535, 0.3566269278526306, 0.3561750650405884, 0.3558739423751831, 0.3555055856704712, 0.3549830913543701, 0.3545370399951935, 0.35413065552711487, 0.35366299748420715, 0.3532717823982239, 0.3529154658317566, 0.35277846455574036, 0.3525353968143463, 0.35216525197029114, 0.3518821597099304, 0.35149946808815, 0.35112109780311584, 0.3507964313030243, 0.3504127264022827, 0.3502090871334076, 0.34982168674468994, 0.34947827458381653, 0.34926411509513855, 0.34900596737861633, 0.3483967185020447, 0.3479703664779663, 0.3475445806980133, 0.3472186028957367, 0.34696662425994873, 0.34662237763404846, 0.34621018171310425, 0.3457846939563751, 0.34547480940818787, 0.34506672620773315, 0.344689279794693, 0.3444039523601532, 0.3440045416355133, 0.3436940908432007, 0.3432980477809906, 0.34285199642181396, 0.3424387276172638, 0.34200313687324524, 0.3415907621383667, 0.3411352038383484, 0.34069904685020447, 0.3402511179447174, 0.33990639448165894, 0.3396216332912445, 0.3391653299331665, 0.33862999081611633, 0.33834993839263916, 0.33804577589035034, 0.33759334683418274, 0.3373356759548187, 0.33699148893356323, 0.33649590611457825, 0.33604395389556885, 0.33573782444000244, 0.33546119928359985, 0.3350028991699219, 0.3346041142940521, 0.33416175842285156, 0.3336431384086609, 0.3333052694797516, 0.3328419625759125, 0.3324659466743469, 0.3320465087890625, 0.3317532241344452, 0.33139681816101074, 0.3311055898666382, 0.3305912911891937, 0.33028101921081543, 0.32981985807418823, 0.3295004665851593, 0.32910382747650146, 0.32881373167037964, 0.32839375734329224, 0.327982634305954, 0.3275683522224426, 0.3272607922554016, 0.32678067684173584, 0.3263464868068695, 0.32600924372673035, 0.325489342212677, 0.3250066637992859, 0.32452067732810974, 0.32412654161453247, 0.323709100484848, 0.32343825697898865, 0.3232227563858032, 0.32296544313430786, 0.3225918710231781, 0.322250097990036, 0.32185694575309753, 0.32140931487083435, 0.32096540927886963, 0.32061001658439636, 0.320229709148407, 0.31972455978393555, 0.3194500803947449, 0.3192281126976013, 0.31883490085601807, 0.3184451460838318, 0.31795573234558105, 0.3175404369831085, 0.3169264793395996, 0.3165736794471741, 0.3162391185760498, 0.3159695267677307, 0.3156593143939972, 0.3152344524860382, 0.3148867189884186, 0.31458985805511475, 0.3141726553440094, 0.3139244318008423, 0.3135135769844055, 0.3132278621196747, 0.31292715668678284, 0.3128553032875061, 0.3123127520084381, 0.3121455907821655, 0.31168437004089355, 0.3112702965736389, 0.31073054671287537, 0.310352623462677, 0.31003162264823914, 0.3098711371421814, 0.3094443678855896, 0.30917254090309143, 0.30883458256721497, 0.30839666724205017, 0.30797499418258667, 0.3077709674835205, 0.30745166540145874, 0.3069896399974823, 0.30655622482299805, 0.306095153093338, 0.3060114085674286, 0.3057234287261963, 0.30542343854904175, 0.3051319718360901, 0.304819792509079, 0.30454903841018677, 0.3043662905693054, 0.304020494222641, 0.3039166033267975, 0.30356165766716003, 0.3031204342842102, 0.30282124876976013, 0.3025527000427246, 0.3022281229496002, 0.30191150307655334, 0.3016832172870636, 0.3013629913330078, 0.3011777400970459, 0.3009916841983795, 0.3008062541484833, 0.3007184565067291, 0.3003687262535095, 0.300008624792099, 0.29965049028396606, 0.29918527603149414, 0.29894378781318665, 0.29867789149284363, 0.2984180152416229, 0.2982616126537323, 0.2979058027267456, 0.29778146743774414, 0.29737454652786255, 0.29704365134239197, 0.29680347442626953, 0.29668518900871277, 0.2963046729564667, 0.29601675271987915, 0.29563477635383606, 0.2953549325466156, 0.2951594889163971, 0.2949059307575226, 0.2946411967277527, 0.2945489287376404, 0.2943449020385742, 0.29415422677993774, 0.29369351267814636, 0.2932172119617462, 0.2930164039134979, 0.29258593916893005, 0.29263460636138916, 0.29246488213539124, 0.29215526580810547, 0.29196563363075256, 0.2917565405368805, 0.29163604974746704, 0.29129213094711304, 0.2911432683467865, 0.29113253951072693, 0.2909958064556122, 0.2906704246997833, 0.2903331518173218, 0.2901415228843689, 0.2900111675262451, 0.2898100018501282, 0.28992408514022827, 0.28975650668144226, 0.2895607650279999, 0.28940683603286743, 0.2891547381877899, 0.2887905240058899, 0.288592666387558, 0.28831571340560913, 0.2880224883556366, 0.28782302141189575, 0.28770124912261963, 0.28742069005966187, 0.28721094131469727, 0.28703784942626953, 0.28701066970825195, 0.28702855110168457, 0.28686556220054626, 0.2867475152015686, 0.286455363035202, 0.28639620542526245, 0.28620290756225586, 0.2858779728412628, 0.28563761711120605, 0.28529298305511475, 0.28517717123031616, 0.2850637137889862, 0.28484827280044556, 0.28463998436927795, 0.28449440002441406, 0.28432369232177734, 0.28416794538497925, 0.2839624285697937, 0.28366807103157043, 0.2835145592689514, 0.28343474864959717, 0.2833503186702728, 0.28305158019065857, 0.2829269766807556, 0.28303584456443787, 0.2829454839229584, 0.28261253237724304, 0.28245648741722107, 0.28228986263275146, 0.28213322162628174, 0.2819759249687195, 0.28208234906196594, 0.2819322943687439, 0.2816708981990814, 0.28163519501686096, 0.2813883125782013, 0.28113019466400146, 0.2808710038661957, 0.28056687116622925, 0.28040289878845215, 0.2802286744117737, 0.2799304723739624, 0.27974116802215576, 0.2798967659473419]",33.0,"[33.0, 33.0, 33.0, 33.0, 33.0, 33.0, 33.0, 33.0, 33.0, 33.0, 33.0, 33.0, 33.0, 33.0, 33.0, 33.0, 33.0, 33.0, 33.0, 33.0, 33.0, 33.0, 33.0, 33.0, 33.0, 33.0, 33.0, 33.0, 33.0, 33.0, 33.0, 33.0, 33.0, 33.0, 33.0, 33.0, 33.0, 33.0, 33.0, 33.0, 33.0, 33.0, 33.0, 33.0, 33.0, 33.0, 33.0, 33.0, 33.0, 33.0, 33.0, 33.0, 33.0, 33.0, 33.0, 33.0, 33.0, 33.0, 33.0, 33.0, 33.0, 33.0, 33.0, 33.0, 33.0, 33.0, 33.0, 33.0, 33.0, 33.0, 33.0, 33.0, 33.0, 33.0, 33.0, 33.0, 33.0, 33.0, 33.0, 33.0, 33.0, 33.0, 33.0, 33.0, 33.0, 33.0, 33.0, 33.0, 33.0, 33.0, 33.0, 33.0, 33.0, 33.0, 33.0, 33.0, 33.0, 33.0, 33.0, 33.0, 33.0, 33.0, 33.0, 33.0, 33.0, 33.0, 33.0, 33.0, 33.0, 33.0, 33.0, 33.0, 33.0, 33.0, 33.0, 33.0, 33.0, 33.0, 33.0, 33.0, 33.0, 33.0, 33.0, 33.0, 33.0, 33.0, 33.0, 33.0, 33.0, 33.0, 33.0, 33.0, 33.0, 33.0, 33.0, 33.0, 33.0, 33.0, 33.0, 33.0, 33.0, 33.0, 33.0, 33.0, 33.0, 33.0, 33.0, 33.0, 33.0, 33.0, 33.0, 33.0, 33.0, 33.0, 33.0, 33.0, 33.0, 33.0, 33.0, 33.0, 33.0, 33.0, 33.0, 33.0, 33.0, 33.0, 33.0, 33.0, 33.0, 33.0, 33.0, 33.0, 33.0, 33.0, 33.0, 33.0, 33.0, 33.0, 33.0, 33.0, 33.0, 33.0, 33.0, 33.0, 33.0, 33.0, 33.0, 33.0, 33.0, 33.0, 33.0, 33.0, 33.0, 33.0, 33.0, 33.0, 33.0, 33.0, 33.0, 33.0, 33.0, 33.0, 33.0, 33.0, 33.0, 33.0, 33.0, 33.0, 33.0, 33.0, 33.0, 33.0, 33.0, 33.0, 33.0, 33.0, 33.0, 33.0, 33.0, 33.0, 33.0, 33.0, 33.0, 33.0, 33.0, 33.0, 33.0, 33.0, 33.0, 33.0, 33.0, 33.0, 33.0, 33.0, 33.0, 33.0, 33.0, 33.0, 33.0, 33.0, 33.0, 33.0, 33.0, 33.0, 33.0, 33.0, 33.0, 33.0, 33.0, 33.0, 33.0, 33.0, 33.0, 33.0, 33.0, 33.0, 33.0, 33.0, 33.0, 33.0, 33.0, 33.0, 33.0, 33.0, 33.0, 33.0, 33.0, 33.0, 33.0, 33.0, 33.0, 33.0, 33.0, 33.0, 33.0, 33.0, 33.0, 33.0, 33.0, 33.0, 33.0, 33.0, 33.0, 33.0, 33.0, 33.0, 33.0, 33.0, 33.0, 33.0, 33.0, 33.0, 33.0, 33.0, 33.0, 33.0, 33.0, 33.0, 33.0, 33.0, 33.0, 33.0, 33.0, 33.0, 33.0, 33.0, 33.0, 33.0, 33.0, 33.0, 33.0, 33.0, 33.0, 33.0, 33.0, 33.0, 33.0, 33.0, 33.0, 33.0, 33.0, 33.0, 33.0, 33.0, 33.0, 33.0, 33.0, 33.0, 33.0, 33.0, 33.0, 33.0, 33.0, 33.0, 33.0, 33.0, 33.0, 33.0, 33.0, 33.0, 33.0, 33.0, 33.0, 33.0, 33.0, 33.0, 33.0, 33.0, 33.0, 33.0]",COMPLETE
