,number,value,datetime_start,datetime_complete,duration,params_batch_size_scaler,params_constant_learning_rate,params_depth,params_epochs,params_kernel_l2,params_num_trees,params_temperature,user_attrs_accuracy_test,user_attrs_accuracy_valid,user_attrs_approximate_feature_sparsity,user_attrs_approximate_feature_sparsity_history,user_attrs_approximate_weight_sparsity,user_attrs_approximate_weight_sparsity_history,user_attrs_auc_test,user_attrs_auc_valid,user_attrs_feature_sparsity,user_attrs_feature_sparsity_history,user_attrs_num_epochs,user_attrs_val_loss_history,user_attrs_weight_sparsity,user_attrs_weight_sparsity_history,state
172,172,0.9260347026316806,2024-08-31 06:50:10.076008,2024-08-31 06:58:25.981128,0 days 00:08:15.905120,1,0.429387026514402,5,355,0.004724526221336888,2,0.000556894741758939,0.947,0.9525,17,"[33, 33, 33, 32, 28, 25, 20, 20, 19, 19, 18, 18, 18, 18, 18, 18, 18, 18, 18, 18, 18, 18, 18, 18, 18, 18, 18, 18, 18, 18, 18, 18, 18, 18, 18, 18, 18, 18, 18, 18, 18, 18, 18, 18, 18, 18, 18, 18, 18, 18, 18, 18, 18, 18, 18, 18, 18, 18, 18, 18, 18, 18, 18, 18, 18, 18, 18, 18, 17, 17, 17, 17, 17, 17, 17, 17, 17, 17, 17, 17, 17, 17, 17, 17, 17, 17, 17, 17, 17, 17, 17, 17, 17, 17, 17, 17, 17, 17, 17, 17, 17, 17, 17, 17, 17, 17, 17, 17, 17, 17, 17, 17, 17, 17, 17, 17, 17, 17, 17, 17, 17, 17, 17, 17, 17, 17, 17, 17, 17, 17, 17, 17, 17, 17, 17, 17, 17, 17, 17, 17, 17, 17, 17, 17, 17, 17, 17, 17, 17, 17, 17, 17, 17, 17, 17, 17, 17, 17, 17, 17, 17, 17, 17, 17, 17, 17, 17, 17, 17, 17, 17, 17, 17, 17, 17, 17, 17, 17, 17, 17, 17, 17, 17, 17, 17, 17, 17, 17, 17, 17, 17, 17, 17, 17, 17, 17, 17, 17, 17, 17, 17, 17, 17, 17, 17, 17, 17, 17, 17, 17, 17, 17, 17, 17, 17, 17, 17, 17, 17, 17, 17, 17, 17, 17, 17, 17, 17, 17, 17, 17, 17, 17, 17, 17, 17, 17, 17, 17, 17, 17, 17, 17, 17, 17, 17, 17, 17, 17, 17, 17, 17, 17, 17, 17, 17, 17, 17, 17, 17, 17, 17, 17, 17, 17, 17, 17, 17, 17, 17, 17, 17, 17, 17, 17, 17, 17, 17, 17, 17, 17, 17, 17, 17, 17, 17, 17, 17, 17, 17, 17, 17, 17, 17, 17, 17, 17, 17, 17, 17, 17, 17, 17, 17, 17, 17, 17, 17, 17, 17, 17, 17, 17, 17, 17, 17, 17, 17, 17, 17, 17, 17, 17, 17, 17, 17, 17, 17, 17, 17, 17, 17, 17, 17, 17, 17, 17, 17, 17, 17, 17, 17, 17, 17, 17, 17, 17, 17, 17, 17, 17, 17, 17, 17, 17, 17]",16.887096774193548,"[33.0, 33.0, 33.0, 32.0, 27.983870967741936, 24.983870967741936, 20.0, 19.983870967741936, 18.983870967741936, 19.0, 17.983870967741936, 18.0, 18.0, 18.0, 17.983870967741936, 17.983870967741936, 17.983870967741936, 18.0, 18.0, 17.983870967741936, 17.983870967741936, 18.0, 18.0, 18.0, 18.0, 18.0, 18.0, 18.0, 18.0, 18.0, 17.967741935483872, 18.0, 18.0, 17.983870967741936, 17.983870967741936, 17.983870967741936, 18.0, 17.983870967741936, 17.983870967741936, 18.0, 18.0, 17.983870967741936, 17.983870967741936, 18.0, 18.0, 17.983870967741936, 18.0, 17.983870967741936, 17.967741935483872, 18.0, 17.983870967741936, 18.0, 17.983870967741936, 17.983870967741936, 18.0, 17.983870967741936, 18.0, 17.983870967741936, 18.0, 18.0, 18.0, 18.0, 18.0, 17.967741935483872, 17.983870967741936, 17.983870967741936, 17.983870967741936, 18.0, 17.0, 17.0, 16.983870967741936, 17.0, 17.0, 16.983870967741936, 17.0, 17.0, 17.0, 16.983870967741936, 17.0, 16.983870967741936, 17.0, 17.0, 16.951612903225808, 17.0, 16.967741935483872, 16.983870967741936, 16.983870967741936, 16.983870967741936, 16.983870967741936, 17.0, 17.0, 17.0, 17.0, 16.967741935483872, 16.983870967741936, 17.0, 16.983870967741936, 17.0, 16.983870967741936, 16.967741935483872, 17.0, 16.983870967741936, 17.0, 16.983870967741936, 17.0, 16.983870967741936, 17.0, 17.0, 16.983870967741936, 16.983870967741936, 17.0, 17.0, 17.0, 17.0, 16.951612903225808, 17.0, 17.0, 17.0, 17.0, 17.0, 17.0, 16.983870967741936, 16.983870967741936, 17.0, 17.0, 17.0, 17.0, 17.0, 17.0, 17.0, 17.0, 16.983870967741936, 17.0, 17.0, 16.967741935483872, 17.0, 16.967741935483872, 16.983870967741936, 16.951612903225808, 17.0, 16.951612903225808, 17.0, 17.0, 17.0, 17.0, 17.0, 17.0, 17.0, 16.967741935483872, 17.0, 17.0, 16.983870967741936, 16.983870967741936, 16.983870967741936, 16.983870967741936, 17.0, 17.0, 16.967741935483872, 16.983870967741936, 16.983870967741936, 17.0, 16.983870967741936, 17.0, 17.0, 17.0, 17.0, 16.983870967741936, 16.983870967741936, 17.0, 17.0, 17.0, 17.0, 16.967741935483872, 16.967741935483872, 16.983870967741936, 16.983870967741936, 16.967741935483872, 16.983870967741936, 16.983870967741936, 16.967741935483872, 16.983870967741936, 16.983870967741936, 16.951612903225808, 16.967741935483872, 17.0, 17.0, 16.967741935483872, 17.0, 16.983870967741936, 17.0, 17.0, 17.0, 17.0, 16.983870967741936, 17.0, 16.967741935483872, 16.967741935483872, 16.983870967741936, 16.967741935483872, 16.967741935483872, 16.967741935483872, 16.967741935483872, 16.967741935483872, 16.967741935483872, 16.983870967741936, 16.983870967741936, 16.967741935483872, 17.0, 17.0, 17.0, 16.983870967741936, 16.967741935483872, 16.967741935483872, 16.951612903225808, 16.951612903225808, 16.951612903225808, 16.951612903225808, 16.951612903225808, 16.935483870967744, 16.951612903225808, 16.935483870967744, 16.951612903225808, 16.967741935483872, 16.967741935483872, 16.935483870967744, 16.983870967741936, 16.983870967741936, 16.983870967741936, 17.0, 17.0, 17.0, 17.0, 17.0, 17.0, 17.0, 16.967741935483872, 16.967741935483872, 16.983870967741936, 17.0, 16.967741935483872, 16.983870967741936, 17.0, 16.967741935483872, 16.967741935483872, 16.983870967741936, 17.0, 17.0, 16.983870967741936, 16.983870967741936, 16.983870967741936, 16.983870967741936, 16.983870967741936, 16.983870967741936, 16.983870967741936, 16.967741935483872, 16.951612903225808, 16.935483870967744, 16.951612903225808, 16.951612903225808, 16.967741935483872, 16.983870967741936, 16.951612903225808, 16.983870967741936, 16.983870967741936, 16.983870967741936, 16.967741935483872, 16.967741935483872, 16.967741935483872, 16.951612903225808, 16.967741935483872, 16.983870967741936, 16.967741935483872, 16.967741935483872, 16.951612903225808, 16.983870967741936, 16.983870967741936, 16.983870967741936, 16.983870967741936, 17.0, 16.967741935483872, 16.983870967741936, 16.983870967741936, 16.983870967741936, 16.983870967741936, 16.983870967741936, 16.967741935483872, 16.951612903225808, 16.951612903225808, 16.967741935483872, 16.951612903225808, 16.951612903225808, 16.951612903225808, 16.951612903225808, 16.935483870967744, 16.967741935483872, 16.951612903225808, 16.951612903225808, 16.967741935483872, 16.983870967741936, 16.983870967741936, 16.951612903225808, 17.0, 16.967741935483872, 16.983870967741936, 16.983870967741936, 16.983870967741936, 16.983870967741936, 16.967741935483872, 16.983870967741936, 16.967741935483872, 16.967741935483872, 16.983870967741936, 16.951612903225808, 16.935483870967744, 16.93548387096774, 16.983870967741936, 17.0, 17.0, 16.983870967741936, 16.967741935483872, 16.935483870967744, 16.935483870967744, 16.903225806451616, 16.91935483870968, 16.887096774193548, 16.935483870967744, 16.935483870967744, 16.91935483870968, 16.870967741935484, 16.91935483870968, 16.903225806451616, 16.91935483870968, 16.903225806451612, 16.887096774193548, 16.91935483870968, 16.91935483870968, 16.887096774193548, 16.870967741935484, 16.887096774193548, 16.951612903225808, 16.903225806451616, 16.822580645161292, 16.82258064516129, 16.87096774193548, 16.903225806451612, 16.903225806451612, 16.870967741935484, 16.903225806451612, 16.919354838709676, 16.903225806451612, 16.935483870967744, 16.91935483870968, 16.91935483870968, 16.903225806451616, 16.887096774193548]",0.8916189862862144,0.9260347026316806,17,"[33, 33, 33, 32, 28, 25, 20, 20, 19, 19, 18, 18, 18, 18, 18, 18, 18, 18, 18, 18, 18, 18, 18, 18, 18, 18, 18, 18, 18, 18, 18, 18, 18, 18, 18, 18, 18, 18, 18, 18, 18, 18, 18, 18, 18, 18, 18, 18, 18, 18, 18, 18, 18, 18, 18, 18, 18, 18, 18, 18, 18, 18, 18, 18, 18, 18, 18, 18, 17, 17, 17, 17, 17, 17, 17, 17, 17, 17, 17, 17, 17, 17, 17, 17, 17, 17, 17, 17, 17, 17, 17, 17, 17, 17, 17, 17, 17, 17, 17, 17, 17, 17, 17, 17, 17, 17, 17, 17, 17, 17, 17, 17, 17, 17, 17, 17, 17, 17, 17, 17, 17, 17, 17, 17, 17, 17, 17, 17, 17, 17, 17, 17, 17, 17, 17, 17, 17, 17, 17, 17, 17, 17, 17, 17, 17, 17, 17, 17, 17, 17, 17, 17, 17, 17, 17, 17, 17, 17, 17, 17, 17, 17, 17, 17, 17, 17, 17, 17, 17, 17, 17, 17, 17, 17, 17, 17, 17, 17, 17, 17, 17, 17, 17, 17, 17, 17, 17, 17, 17, 17, 17, 17, 17, 17, 17, 17, 17, 17, 17, 17, 17, 17, 17, 17, 17, 17, 17, 17, 17, 17, 17, 17, 17, 17, 17, 17, 17, 17, 17, 17, 17, 17, 17, 17, 17, 17, 17, 17, 17, 17, 17, 17, 17, 17, 17, 17, 17, 17, 17, 17, 17, 17, 17, 17, 17, 17, 17, 17, 17, 17, 17, 17, 17, 17, 17, 17, 17, 17, 17, 17, 17, 17, 17, 17, 17, 17, 17, 17, 17, 17, 17, 17, 17, 17, 17, 17, 17, 17, 17, 17, 17, 17, 17, 17, 17, 17, 17, 17, 17, 17, 17, 17, 17, 17, 17, 17, 17, 17, 17, 17, 17, 17, 17, 17, 17, 17, 17, 17, 17, 17, 17, 17, 17, 17, 17, 17, 17, 17, 17, 17, 17, 17, 17, 17, 17, 17, 17, 17, 17, 17, 17, 17, 17, 17, 17, 17, 17, 17, 17, 17, 17, 17, 17, 17, 17, 17, 17, 17, 17, 17, 17, 17, 17, 17, 17]",355,"[0.3443921208381653, 0.2970368266105652, 0.2600322663784027, 0.2379491627216339, 0.21632403135299683, 0.20243579149246216, 0.19716449081897736, 0.19032014906406403, 0.19157354533672333, 0.18194104731082916, 0.1825130581855774, 0.17866045236587524, 0.18002191185951233, 0.17991745471954346, 0.17961269617080688, 0.1731710582971573, 0.17347827553749084, 0.1776718944311142, 0.16962866485118866, 0.1711808741092682, 0.17214368283748627, 0.16960018873214722, 0.16522136330604553, 0.1648082286119461, 0.16818545758724213, 0.16816166043281555, 0.16136007010936737, 0.16621975600719452, 0.16632609069347382, 0.1633937507867813, 0.16368047893047333, 0.17028330266475677, 0.16449321806430817, 0.16541479527950287, 0.15986859798431396, 0.17460769414901733, 0.1578492522239685, 0.16700538992881775, 0.16242025792598724, 0.16755439341068268, 0.15953493118286133, 0.15845686197280884, 0.16830839216709137, 0.16347604990005493, 0.1622728705406189, 0.15652111172676086, 0.1645505279302597, 0.1620383858680725, 0.16984829306602478, 0.16004739701747894, 0.16605953872203827, 0.15758614242076874, 0.16027359664440155, 0.16665154695510864, 0.1573624461889267, 0.16794772446155548, 0.16667768359184265, 0.16696035861968994, 0.15936504304409027, 0.16790446639060974, 0.16585136950016022, 0.1626952588558197, 0.16363313794136047, 0.16676650941371918, 0.16304314136505127, 0.16648821532726288, 0.16130247712135315, 0.15917982161045074, 0.1689632534980774, 0.16091270744800568, 0.1722698211669922, 0.1652071326971054, 0.16269797086715698, 0.16646453738212585, 0.16186651587486267, 0.1637810915708542, 0.16611111164093018, 0.1703820675611496, 0.1690014898777008, 0.16502080857753754, 0.16381625831127167, 0.16204315423965454, 0.1631050556898117, 0.175593763589859, 0.1616111397743225, 0.16581739485263824, 0.1665976494550705, 0.17048121988773346, 0.16951490938663483, 0.16520161926746368, 0.16555725038051605, 0.16650468111038208, 0.17464815080165863, 0.17904245853424072, 0.16589254140853882, 0.16515447199344635, 0.16486230492591858, 0.1678762435913086, 0.1696728765964508, 0.1676613986492157, 0.17068414390087128, 0.1669866442680359, 0.1650986671447754, 0.1703069657087326, 0.16706888377666473, 0.16707053780555725, 0.16955047845840454, 0.16706544160842896, 0.17667381465435028, 0.16765376925468445, 0.1645379513502121, 0.17069987952709198, 0.16502729058265686, 0.16862040758132935, 0.17009380459785461, 0.17089930176734924, 0.16766001284122467, 0.1708156168460846, 0.16827262938022614, 0.1690634936094284, 0.17173506319522858, 0.16804754734039307, 0.17502012848854065, 0.16948838531970978, 0.16813033819198608, 0.17134039103984833, 0.17928968369960785, 0.18039140105247498, 0.1652251034975052, 0.18306826055049896, 0.17830723524093628, 0.17986992001533508, 0.16884881258010864, 0.172258660197258, 0.17831113934516907, 0.16621515154838562, 0.19104383885860443, 0.1684490591287613, 0.18025057017803192, 0.17319418489933014, 0.1699715107679367, 0.1698327660560608, 0.18445110321044922, 0.176441490650177, 0.1750382035970688, 0.18114852905273438, 0.17696447670459747, 0.175876185297966, 0.17130768299102783, 0.17454952001571655, 0.1696050763130188, 0.1733848750591278, 0.17616437375545502, 0.188291534781456, 0.17521747946739197, 0.17117205262184143, 0.1754516363143921, 0.17574873566627502, 0.1760846972465515, 0.1742977499961853, 0.1778631955385208, 0.1759190410375595, 0.17493467032909393, 0.17653946578502655, 0.17318889498710632, 0.17688696086406708, 0.1659313142299652, 0.17697227001190186, 0.1828138679265976, 0.1695442944765091, 0.1795462667942047, 0.17656616866588593, 0.17428052425384521, 0.18107548356056213, 0.17388099431991577, 0.18716022372245789, 0.17783628404140472, 0.17662328481674194, 0.1740761250257492, 0.18506835401058197, 0.17295685410499573, 0.18589484691619873, 0.1883440762758255, 0.17441272735595703, 0.18228259682655334, 0.17828811705112457, 0.1750829666852951, 0.1798861175775528, 0.18006731569766998, 0.17867833375930786, 0.17566989362239838, 0.1852606236934662, 0.18012647330760956, 0.18125690519809723, 0.17677614092826843, 0.17404115200042725, 0.17954139411449432, 0.17722728848457336, 0.18168951570987701, 0.1812208890914917, 0.1797557771205902, 0.1866856962442398, 0.1790774166584015, 0.18434783816337585, 0.17809709906578064, 0.17781037092208862, 0.18096667528152466, 0.1772049516439438, 0.18039336800575256, 0.18839141726493835, 0.18016432225704193, 0.17723026871681213, 0.1774621456861496, 0.17654862999916077, 0.18327343463897705, 0.18444590270519257, 0.19684968888759613, 0.17992614209651947, 0.17413240671157837, 0.18446272611618042, 0.17748956382274628, 0.1863432675600052, 0.18558332324028015, 0.18140412867069244, 0.18398180603981018, 0.18540571630001068, 0.1890900582075119, 0.18314659595489502, 0.19042378664016724, 0.183940127491951, 0.19708450138568878, 0.18348728120326996, 0.18413610756397247, 0.18349511921405792, 0.18926763534545898, 0.18170057237148285, 0.18405865132808685, 0.18497949838638306, 0.18226303160190582, 0.19543246924877167, 0.19162940979003906, 0.19381502270698547, 0.18480442464351654, 0.19070371985435486, 0.17853772640228271, 0.1928992122411728, 0.18210819363594055, 0.19791696965694427, 0.19195926189422607, 0.1936354637145996, 0.18286699056625366, 0.18071651458740234, 0.18090467154979706, 0.1986536830663681, 0.18676170706748962, 0.19605915248394012, 0.18690191209316254, 0.18980257213115692, 0.18763458728790283, 0.18750475347042084, 0.1922340840101242, 0.20157462358474731, 0.18891282379627228, 0.2244868278503418, 0.1866387575864792, 0.19351312518119812, 0.1915270835161209, 0.19268031418323517, 0.18328338861465454, 0.19282285869121552, 0.1833105832338333, 0.2054346650838852, 0.1905210316181183, 0.18327398598194122, 0.1854550987482071, 0.19640164077281952, 0.19687828421592712, 0.1955721527338028, 0.1927068829536438, 0.19778107106685638, 0.19160045683383942, 0.1999649852514267, 0.1912941038608551, 0.18265675008296967, 0.1888589709997177, 0.19554847478866577, 0.186754047870636, 0.18714305758476257, 0.1894984096288681, 0.19342279434204102, 0.1868198812007904, 0.1964166760444641, 0.1999180167913437, 0.19046489894390106, 0.189241424202919, 0.21142128109931946, 0.19821704924106598, 0.19963154196739197, 0.18726319074630737, 0.18935880064964294, 0.19560207426548004, 0.20170646905899048, 0.19781312346458435, 0.2054082304239273, 0.1842319816350937, 0.19515404105186462, 0.1990118771791458, 0.19376736879348755, 0.18990957736968994, 0.20442306995391846, 0.18905365467071533, 0.19169071316719055, 0.18390050530433655, 0.20775502920150757, 0.19250279664993286, 0.20264223217964172, 0.18814469873905182, 0.19259048998355865, 0.204164519906044, 0.18363632261753082, 0.20255380868911743, 0.19129124283790588, 0.19007092714309692, 0.19458407163619995, 0.19735951721668243, 0.19141672551631927, 0.1926903873682022, 0.19844000041484833, 0.18907682597637177, 0.20395490527153015, 0.19156521558761597, 0.20747925341129303, 0.20134100317955017, 0.19151270389556885, 0.18957285583019257, 0.2108941227197647, 0.19109398126602173, 0.1950068324804306, 0.19513152539730072, 0.20937775075435638, 0.19485130906105042, 0.1973869949579239, 0.22619637846946716, 0.1988600790500641, 0.1893022656440735, 0.20833152532577515, 0.19247640669345856, 0.1891169399023056, 0.21131828427314758, 0.22450928390026093, 0.21235652267932892, 0.19574138522148132, 0.1947038471698761, 0.19257861375808716, 0.19129645824432373]",17.0,"[33.0, 33.0, 33.0, 32.0, 28.0, 25.0, 20.0, 20.0, 19.0, 19.0, 18.0, 18.0, 18.0, 18.0, 18.0, 18.0, 18.0, 18.0, 18.0, 18.0, 18.0, 18.0, 18.0, 18.0, 18.0, 18.0, 18.0, 18.0, 18.0, 18.0, 18.0, 18.0, 18.0, 18.0, 18.0, 18.0, 18.0, 18.0, 18.0, 18.0, 18.0, 18.0, 18.0, 18.0, 18.0, 18.0, 18.0, 18.0, 18.0, 18.0, 18.0, 18.0, 18.0, 18.0, 18.0, 18.0, 18.0, 18.0, 18.0, 18.0, 18.0, 18.0, 18.0, 18.0, 18.0, 18.0, 18.0, 18.0, 17.0, 17.0, 17.0, 17.0, 17.0, 17.0, 17.0, 17.0, 17.0, 17.0, 17.0, 17.0, 17.0, 17.0, 17.0, 17.0, 17.0, 17.0, 17.0, 17.0, 17.0, 17.0, 17.0, 17.0, 17.0, 17.0, 17.0, 17.0, 17.0, 17.0, 17.0, 17.0, 17.0, 17.0, 17.0, 17.0, 17.0, 17.0, 17.0, 17.0, 17.0, 17.0, 17.0, 17.0, 17.0, 17.0, 17.0, 17.0, 17.0, 17.0, 17.0, 17.0, 17.0, 17.0, 17.0, 17.0, 17.0, 17.0, 17.0, 17.0, 17.0, 17.0, 17.0, 17.0, 17.0, 17.0, 17.0, 17.0, 17.0, 17.0, 17.0, 17.0, 17.0, 17.0, 17.0, 17.0, 17.0, 17.0, 17.0, 17.0, 17.0, 17.0, 17.0, 17.0, 17.0, 17.0, 17.0, 17.0, 17.0, 17.0, 17.0, 17.0, 17.0, 17.0, 17.0, 17.0, 17.0, 17.0, 17.0, 17.0, 17.0, 17.0, 17.0, 17.0, 17.0, 17.0, 17.0, 17.0, 17.0, 17.0, 17.0, 17.0, 17.0, 17.0, 17.0, 17.0, 17.0, 17.0, 17.0, 17.0, 17.0, 17.0, 17.0, 17.0, 17.0, 17.0, 17.0, 17.0, 17.0, 17.0, 17.0, 17.0, 17.0, 17.0, 17.0, 17.0, 17.0, 17.0, 17.0, 17.0, 17.0, 17.0, 17.0, 17.0, 17.0, 17.0, 17.0, 17.0, 17.0, 17.0, 17.0, 17.0, 17.0, 17.0, 17.0, 17.0, 17.0, 17.0, 17.0, 17.0, 17.0, 17.0, 17.0, 17.0, 17.0, 17.0, 17.0, 17.0, 17.0, 17.0, 17.0, 17.0, 17.0, 17.0, 17.0, 17.0, 17.0, 17.0, 17.0, 17.0, 17.0, 17.0, 17.0, 17.0, 17.0, 17.0, 17.0, 17.0, 17.0, 17.0, 17.0, 17.0, 17.0, 17.0, 17.0, 17.0, 17.0, 17.0, 17.0, 17.0, 17.0, 17.0, 17.0, 17.0, 17.0, 17.0, 17.0, 17.0, 17.0, 17.0, 17.0, 17.0, 17.0, 17.0, 17.0, 17.0, 17.0, 17.0, 17.0, 17.0, 17.0, 17.0, 17.0, 17.0, 17.0, 17.0, 17.0, 17.0, 17.0, 17.0, 17.0, 17.0, 17.0, 17.0, 17.0, 17.0, 17.0, 17.0, 17.0, 17.0, 17.0, 17.0, 17.0, 17.0, 17.0, 17.0, 17.0, 17.0, 17.0, 17.0, 17.0, 17.0, 17.0, 17.0, 17.0, 17.0, 17.0, 17.0, 17.0, 17.0, 17.0, 17.0, 17.0, 17.0, 17.0, 17.0, 17.0, 17.0, 17.0, 17.0, 17.0, 17.0, 17.0, 17.0, 17.0, 17.0, 17.0, 17.0, 17.0, 17.0, 17.0, 17.0, 17.0, 17.0, 17.0, 17.0, 17.0]",COMPLETE
