,number,value,datetime_start,datetime_complete,duration,params_batch_size_scaler,params_constant_learning_rate,params_depth,params_epochs,params_kernel_l2,params_num_trees,params_temperature,user_attrs_accuracy_test,user_attrs_accuracy_valid,user_attrs_approximate_feature_sparsity,user_attrs_approximate_feature_sparsity_history,user_attrs_approximate_weight_sparsity,user_attrs_approximate_weight_sparsity_history,user_attrs_auc_test,user_attrs_auc_valid,user_attrs_feature_sparsity,user_attrs_feature_sparsity_history,user_attrs_num_epochs,user_attrs_val_loss_history,user_attrs_weight_sparsity,user_attrs_weight_sparsity_history,state
131,131,0.5,2024-08-31 05:26:30.959105,2024-08-31 05:32:44.490000,0 days 00:06:13.530895,1,3.372160070580385,4,295,0.0030185891628153614,69,0.03482598052959566,0.141,0.14125,0,"[0, 0, 0, 0, 0, 0, 0, 0, 0, 0, 0, 0, 0, 0, 0, 0, 0, 0, 0, 0, 0, 0, 0, 0, 0, 0, 0, 0, 0, 0, 0, 0, 0, 0, 0, 0, 0, 0, 0, 0, 0, 0, 0, 0, 0, 0, 0, 0, 0, 0, 0, 0, 0, 0, 0, 0, 0, 0, 0, 0, 0, 0, 0, 0, 0, 0, 0, 0, 0, 0, 0, 0, 0, 0, 0, 0, 0, 0, 0, 0, 0, 0, 0, 0, 0, 0, 0, 0, 0, 0, 0, 0, 0, 0, 0, 0, 0, 0, 0, 0, 0, 0, 0, 0, 0, 0, 0, 0, 0, 0, 0, 0, 0, 0, 0, 0, 0, 0, 0, 0, 0, 0, 0, 0, 0, 0, 0, 0, 0, 0, 0, 0, 0, 0, 0, 0, 0, 0, 0, 0, 0, 0, 0, 0, 0, 0, 0, 0, 0, 0, 0, 0, 0, 0, 0, 0, 0, 0, 0, 0, 0, 0, 0, 0, 0, 0, 0, 0, 0, 0, 0, 0, 0, 0, 0, 0, 0, 0, 0, 0, 0, 0, 0, 0, 0, 0, 0, 0, 0, 0, 0, 0, 0, 0, 0, 0, 0, 0, 0, 0, 0, 0, 0, 0, 0, 0, 0, 0, 0, 0, 0, 0, 0, 0, 0, 0, 0, 0, 0, 0, 0, 0, 0, 0, 0, 0, 0, 0, 0, 0, 0, 0, 0, 0, 0, 0, 0, 0, 0, 0, 0, 0, 0, 0, 0, 0, 0, 0, 0, 0, 0, 0, 0, 0, 0, 0, 0, 0, 0, 0, 0, 0, 0, 0, 0, 0, 0, 0, 0, 0, 0, 0, 0, 0, 0, 0, 0, 0, 0, 0, 0, 0, 0, 0, 0, 0, 0, 0, 0, 0, 0, 0, 0, 0, 0]",0.0,"[0.0, 0.0, 0.0, 0.0, 0.0, 0.0, 0.0, 0.0, 0.0, 0.0, 0.0, 0.0, 0.0, 0.0, 0.0, 0.0, 0.0, 0.0, 0.0, 0.0, 0.0, 0.0, 0.0, 0.0, 0.0, 0.0, 0.0, 0.0, 0.0, 0.0, 0.0, 0.0, 0.0, 0.0, 0.0, 0.0, 0.0, 0.0, 0.0, 0.0, 0.0, 0.0, 0.0, 0.0, 0.0, 0.0, 0.0, 0.0, 0.0, 0.0, 0.0, 0.0, 0.0, 0.0, 0.0, 0.0, 0.0, 0.0, 0.0, 0.0, 0.0, 0.0, 0.0, 0.0, 0.0, 0.0, 0.0, 0.0, 0.0, 0.0, 0.0, 0.0, 0.0, 0.0, 0.0, 0.0, 0.0, 0.0, 0.0, 0.0, 0.0, 0.0, 0.0, 0.0, 0.0, 0.0, 0.0, 0.0, 0.0, 0.0, 0.0, 0.0, 0.0, 0.0, 0.0, 0.0, 0.0, 0.0, 0.0, 0.0, 0.0, 0.0, 0.0, 0.0, 0.0, 0.0, 0.0, 0.0, 0.0, 0.0, 0.0, 0.0, 0.0, 0.0, 0.0, 0.0, 0.0, 0.0, 0.0, 0.0, 0.0, 0.0, 0.0, 0.0, 0.0, 0.0, 0.0, 0.0, 0.0, 0.0, 0.0, 0.0, 0.0, 0.0, 0.0, 0.0, 0.0, 0.0, 0.0, 0.0, 0.0, 0.0, 0.0, 0.0, 0.0, 0.0, 0.0, 0.0, 0.0, 0.0, 0.0, 0.0, 0.0, 0.0, 0.0, 0.0, 0.0, 0.0, 0.0, 0.0, 0.0, 0.0, 0.0, 0.0, 0.0, 0.0, 0.0, 0.0, 0.0, 0.0, 0.0, 0.0, 0.0, 0.0, 0.0, 0.0, 0.0, 0.0, 0.0, 0.0, 0.0, 0.0, 0.0, 0.0, 0.0, 0.0, 0.0, 0.0, 0.0, 0.0, 0.0, 0.0, 0.0, 0.0, 0.0, 0.0, 0.0, 0.0, 0.0, 0.0, 0.0, 0.0, 0.0, 0.0, 0.0, 0.0, 0.0, 0.0, 0.0, 0.0, 0.0, 0.0, 0.0, 0.0, 0.0, 0.0, 0.0, 0.0, 0.0, 0.0, 0.0, 0.0, 0.0, 0.0, 0.0, 0.0, 0.0, 0.0, 0.0, 0.0, 0.0, 0.0, 0.0, 0.0, 0.0, 0.0, 0.0, 0.0, 0.0, 0.0, 0.0, 0.0, 0.0, 0.0, 0.0, 0.0, 0.0, 0.0, 0.0, 0.0, 0.0, 0.0, 0.0, 0.0, 0.0, 0.0, 0.0, 0.0, 0.0, 0.0, 0.0, 0.0, 0.0, 0.0, 0.0, 0.0, 0.0, 0.0, 0.0, 0.0, 0.0, 0.0, 0.0, 0.0, 0.0, 0.0, 0.0, 0.0, 0.0, 0.0, 0.0, 0.0, 0.0, 0.0, 0.0, 0.0, 0.0, 0.0, 0.0, 0.0, 0.0, 0.0, 0.0, 0.0, 0.0]",0.5,0.5,0,"[0, 0, 0, 0, 0, 0, 0, 0, 0, 0, 0, 0, 0, 0, 0, 0, 0, 0, 0, 0, 0, 0, 0, 0, 0, 0, 0, 0, 0, 0, 0, 0, 0, 0, 0, 0, 0, 0, 0, 0, 0, 0, 0, 0, 0, 0, 0, 0, 0, 0, 0, 0, 0, 0, 0, 0, 0, 0, 0, 0, 0, 0, 0, 0, 0, 0, 0, 0, 0, 0, 0, 0, 0, 0, 0, 0, 0, 0, 0, 0, 0, 0, 0, 0, 0, 0, 0, 0, 0, 0, 0, 0, 0, 0, 0, 0, 0, 0, 0, 0, 0, 0, 0, 0, 0, 0, 0, 0, 0, 0, 0, 0, 0, 0, 0, 0, 0, 0, 0, 0, 0, 0, 0, 0, 0, 0, 0, 0, 0, 0, 0, 0, 0, 0, 0, 0, 0, 0, 0, 0, 0, 0, 0, 0, 0, 0, 0, 0, 0, 0, 0, 0, 0, 0, 0, 0, 0, 0, 0, 0, 0, 0, 0, 0, 0, 0, 0, 0, 0, 0, 0, 0, 0, 0, 0, 0, 0, 0, 0, 0, 0, 0, 0, 0, 0, 0, 0, 0, 0, 0, 0, 0, 0, 0, 0, 0, 0, 0, 0, 0, 0, 0, 0, 0, 0, 0, 0, 0, 0, 0, 0, 0, 0, 0, 0, 0, 0, 0, 0, 0, 0, 0, 0, 0, 0, 0, 0, 0, 0, 0, 0, 0, 0, 0, 0, 0, 0, 0, 0, 0, 0, 0, 0, 0, 0, 0, 0, 0, 0, 0, 0, 0, 0, 0, 0, 0, 0, 0, 0, 0, 0, 0, 0, 0, 0, 0, 0, 0, 0, 0, 0, 0, 0, 0, 0, 0, 0, 0, 0, 0, 0, 0, 0, 0, 0, 0, 0, 0, 0, 0, 0, 0, 0, 0, 0]",295,"[1.177721381187439, 0.6457197070121765, 1.4337774515151978, 0.7934015393257141, 1.4094436168670654, 0.4420675039291382, 0.9520512223243713, 0.45213374495506287, 0.839850664138794, 1.1347442865371704, 1.7167420387268066, 0.40724146366119385, 1.3832629919052124, 0.4261845648288727, 2.413945436477661, 1.1026873588562012, 2.2688159942626953, 2.6769325733184814, 1.0921400785446167, 0.4292129576206207, 0.42195501923561096, 0.6555590033531189, 0.6225547194480896, 1.3017736673355103, 1.8873133659362793, 1.4562617540359497, 1.095001220703125, 5.437686920166016, 0.9441662430763245, 4.1928911209106445, 1.2817752361297607, 0.9178819060325623, 2.5585756301879883, 0.4141104817390442, 0.4814132750034332, 0.43254250288009644, 2.117892265319824, 1.1501755714416504, 1.1852478981018066, 0.9032930731773376, 0.48069149255752563, 2.2716448307037354, 2.0863118171691895, 0.5516672134399414, 0.4784107208251953, 0.8911553025245667, 2.588104248046875, 2.4014487266540527, 0.5477924346923828, 0.46192213892936707, 1.352295994758606, 0.8876103758811951, 0.43970420956611633, 1.935897946357727, 0.5117990970611572, 0.8947879076004028, 2.161339521408081, 0.6128445863723755, 1.0562138557434082, 0.5125824809074402, 1.3863619565963745, 0.7190643548965454, 2.9571263790130615, 1.1978890895843506, 2.166323661804199, 0.6260585188865662, 1.1391339302062988, 0.8927344679832458, 1.1823652982711792, 1.8427741527557373, 1.1099117994308472, 1.9052678346633911, 1.441481590270996, 1.923448920249939, 0.44006404280662537, 2.183190107345581, 1.6548255681991577, 0.5090329647064209, 1.0257192850112915, 2.4220917224884033, 1.6361995935440063, 0.8859952688217163, 0.45607155561447144, 2.1138367652893066, 1.3073477745056152, 1.8595101833343506, 0.5092871189117432, 0.4886365532875061, 0.44872352480888367, 1.4523717164993286, 1.431807518005371, 0.41499122977256775, 3.190075397491455, 0.7025458812713623, 0.9157955050468445, 0.697353720664978, 1.1776484251022339, 0.5548778772354126, 0.6083394885063171, 1.4066474437713623, 0.41404905915260315, 1.696639060974121, 1.357844352722168, 0.9052647948265076, 0.9467887878417969, 1.475550889968872, 0.4718643128871918, 2.322491407394409, 0.7697533369064331, 1.871922254562378, 1.0622562170028687, 0.5559130907058716, 0.7383496761322021, 2.4558963775634766, 2.4302408695220947, 2.1427268981933594, 2.122358798980713, 1.900526523590088, 0.9196254014968872, 1.4870258569717407, 2.4578001499176025, 0.46042636036872864, 1.9252995252609253, 0.9912435412406921, 0.7028481364250183, 0.4433131814002991, 2.5980963706970215, 0.7629294395446777, 0.5317988991737366, 2.4720122814178467, 2.8186686038970947, 0.6333476901054382, 1.8799736499786377, 0.6886416077613831, 0.46571528911590576, 1.6216648817062378, 2.741774559020996, 1.1912648677825928, 2.1048805713653564, 0.6253083944320679, 0.8798457384109497, 1.968485713005066, 2.9040801525115967, 1.3017817735671997, 1.6201701164245605, 2.6066815853118896, 1.4641685485839844, 0.44863757491111755, 0.5653164386749268, 0.6194227337837219, 2.0550098419189453, 0.8546693325042725, 0.5824165344238281, 0.502163290977478, 1.0964411497116089, 1.190661072731018, 0.4947855770587921, 0.562294602394104, 0.4793502390384674, 0.6302273273468018, 0.47192955017089844, 0.4282887578010559, 3.2350761890411377, 4.072015762329102, 1.1094305515289307, 2.4335999488830566, 1.636838436126709, 0.7935066819190979, 0.46042144298553467, 2.408536911010742, 0.966543436050415, 2.9602468013763428, 2.0588018894195557, 0.5201712846755981, 0.4281146228313446, 2.3565032482147217, 2.6145331859588623, 0.4867170751094818, 0.9497846364974976, 0.45024314522743225, 1.3957644701004028, 0.6207218170166016, 2.1738085746765137, 1.0630309581756592, 0.6174178123474121, 0.44588038325309753, 2.4443044662475586, 0.4496428668498993, 0.8062049746513367, 2.3927865028381348, 0.44606438279151917, 2.537400245666504, 2.573516845703125, 0.42634817957878113, 3.9881691932678223, 0.903342604637146, 2.0161921977996826, 1.83073091506958, 0.8995147943496704, 2.3210837841033936, 0.8774060010910034, 2.3782215118408203, 2.5288503170013428, 0.41018393635749817, 2.2960455417633057, 1.0923972129821777, 2.800159215927124, 1.129189133644104, 0.42620450258255005, 0.4556480646133423, 0.434124231338501, 2.9028513431549072, 0.7449760437011719, 2.689767360687256, 0.42622897028923035, 0.4449518918991089, 0.4336729049682617, 1.889573574066162, 0.4556271731853485, 2.1081528663635254, 0.6727216839790344, 0.5100396871566772, 4.0653839111328125, 0.5083022117614746, 2.375807762145996, 2.155141830444336, 1.9641294479370117, 1.377977728843689, 2.7753076553344727, 1.3901118040084839, 0.42129242420196533, 0.9058582186698914, 3.4664254188537598, 0.9659774899482727, 0.40802109241485596, 0.4246200621128082, 0.46582069993019104, 0.8609553575515747, 1.4537469148635864, 1.4549970626831055, 0.4352571368217468, 2.6684420108795166, 0.8907142877578735, 1.9088010787963867, 0.8866547346115112, 1.4650065898895264, 0.4501921534538269, 2.3914804458618164, 0.665789008140564, 0.6294896602630615, 3.226680278778076, 1.3521759510040283, 1.3598672151565552, 0.6341802477836609, 2.094618082046509, 3.195742130279541, 0.45860159397125244, 2.6752188205718994, 2.821007013320923, 4.077576160430908, 0.8202500939369202, 0.423898845911026, 0.5815288424491882, 2.0401716232299805, 1.6769698858261108, 1.3416244983673096, 0.603440523147583, 1.6393671035766602, 2.8710176944732666, 0.7922365069389343, 1.341180443763733, 2.6585865020751953, 2.346926212310791, 1.1704179048538208, 0.5271908640861511, 1.2641202211380005, 2.1639597415924072, 1.9945955276489258, 1.2817399501800537, 0.8002496361732483, 0.6323000192642212, 2.936272621154785, 0.44524794816970825, 1.3238279819488525, 1.0844978094100952, 2.2007358074188232, 3.6744115352630615, 0.8972334861755371, 0.43360045552253723, 2.439373254776001, 1.1501281261444092, 0.6074519157409668, 0.5724700093269348, 1.05916166305542, 1.243238925933838]",0.0,"[0.0, 0.0, 0.0, 0.0, 0.0, 0.0, 0.0, 0.0, 0.0, 0.0, 0.0, 0.0, 0.0, 0.0, 0.0, 0.0, 0.0, 0.0, 0.0, 0.0, 0.0, 0.0, 0.0, 0.0, 0.0, 0.0, 0.0, 0.0, 0.0, 0.0, 0.0, 0.0, 0.0, 0.0, 0.0, 0.0, 0.0, 0.0, 0.0, 0.0, 0.0, 0.0, 0.0, 0.0, 0.0, 0.0, 0.0, 0.0, 0.0, 0.0, 0.0, 0.0, 0.0, 0.0, 0.0, 0.0, 0.0, 0.0, 0.0, 0.0, 0.0, 0.0, 0.0, 0.0, 0.0, 0.0, 0.0, 0.0, 0.0, 0.0, 0.0, 0.0, 0.0, 0.0, 0.0, 0.0, 0.0, 0.0, 0.0, 0.0, 0.0, 0.0, 0.0, 0.0, 0.0, 0.0, 0.0, 0.0, 0.0, 0.0, 0.0, 0.0, 0.0, 0.0, 0.0, 0.0, 0.0, 0.0, 0.0, 0.0, 0.0, 0.0, 0.0, 0.0, 0.0, 0.0, 0.0, 0.0, 0.0, 0.0, 0.0, 0.0, 0.0, 0.0, 0.0, 0.0, 0.0, 0.0, 0.0, 0.0, 0.0, 0.0, 0.0, 0.0, 0.0, 0.0, 0.0, 0.0, 0.0, 0.0, 0.0, 0.0, 0.0, 0.0, 0.0, 0.0, 0.0, 0.0, 0.0, 0.0, 0.0, 0.0, 0.0, 0.0, 0.0, 0.0, 0.0, 0.0, 0.0, 0.0, 0.0, 0.0, 0.0, 0.0, 0.0, 0.0, 0.0, 0.0, 0.0, 0.0, 0.0, 0.0, 0.0, 0.0, 0.0, 0.0, 0.0, 0.0, 0.0, 0.0, 0.0, 0.0, 0.0, 0.0, 0.0, 0.0, 0.0, 0.0, 0.0, 0.0, 0.0, 0.0, 0.0, 0.0, 0.0, 0.0, 0.0, 0.0, 0.0, 0.0, 0.0, 0.0, 0.0, 0.0, 0.0, 0.0, 0.0, 0.0, 0.0, 0.0, 0.0, 0.0, 0.0, 0.0, 0.0, 0.0, 0.0, 0.0, 0.0, 0.0, 0.0, 0.0, 0.0, 0.0, 0.0, 0.0, 0.0, 0.0, 0.0, 0.0, 0.0, 0.0, 0.0, 0.0, 0.0, 0.0, 0.0, 0.0, 0.0, 0.0, 0.0, 0.0, 0.0, 0.0, 0.0, 0.0, 0.0, 0.0, 0.0, 0.0, 0.0, 0.0, 0.0, 0.0, 0.0, 0.0, 0.0, 0.0, 0.0, 0.0, 0.0, 0.0, 0.0, 0.0, 0.0, 0.0, 0.0, 0.0, 0.0, 0.0, 0.0, 0.0, 0.0, 0.0, 0.0, 0.0, 0.0, 0.0, 0.0, 0.0, 0.0, 0.0, 0.0, 0.0, 0.0, 0.0, 0.0, 0.0, 0.0, 0.0, 0.0, 0.0, 0.0, 0.0, 0.0, 0.0, 0.0, 0.0, 0.0, 0.0, 0.0, 0.0, 0.0, 0.0, 0.0]",COMPLETE
132,132,0.6852674833507232,2024-08-31 05:32:47.269453,2024-08-31 05:32:53.609770,0 days 00:00:06.340317,64,0.051887585742176896,1,65,0.00429937024336637,77,0.0015953065777718591,0.862,0.86125,33,"[33, 33, 33, 33, 33, 33, 33, 33, 33, 33, 33, 33, 33, 33, 33, 33, 33, 33, 33, 33, 33, 33, 33, 33, 33, 33, 33, 33, 33, 33, 33, 33, 33, 33, 33, 33, 33, 33, 33, 33, 33, 33, 33, 33, 33, 33, 33, 33, 33, 33, 33, 33, 33, 33, 33, 33, 33, 33, 33, 33, 33, 33, 33, 33, 33]",33.0,"[32.98701298701299, 33.0, 33.0, 33.0, 33.0, 33.0, 32.98701298701299, 32.97402597402598, 32.97402597402598, 32.97402597402598, 32.98701298701299, 32.98701298701299, 32.98701298701299, 32.98701298701299, 33.0, 33.0, 32.98701298701299, 32.98701298701299, 32.98701298701299, 33.0, 33.0, 33.0, 33.0, 32.98701298701299, 32.98701298701299, 32.98701298701299, 32.98701298701299, 32.98701298701299, 32.97402597402598, 33.0, 33.0, 32.98701298701299, 32.98701298701299, 33.0, 33.0, 33.0, 33.0, 33.0, 33.0, 32.98701298701299, 32.98701298701299, 32.98701298701299, 33.0, 33.0, 33.0, 33.0, 32.98701298701299, 33.0, 33.0, 33.0, 32.97402597402598, 32.97402597402598, 32.98701298701299, 33.0, 33.0, 32.98701298701299, 33.0, 32.98701298701299, 32.98701298701299, 32.98701298701299, 33.0, 32.98701298701299, 32.98701298701299, 32.98701298701299, 33.0]",0.709929903648478,0.6852674833507232,33,"[33, 33, 33, 33, 33, 33, 33, 33, 33, 33, 33, 33, 33, 33, 33, 33, 33, 33, 33, 33, 33, 33, 33, 33, 33, 33, 33, 33, 33, 33, 33, 33, 33, 33, 33, 33, 33, 33, 33, 33, 33, 33, 33, 33, 33, 33, 33, 33, 33, 33, 33, 33, 33, 33, 33, 33, 33, 33, 33, 33, 33, 33, 33, 33, 33]",65,"[0.4301527142524719, 0.4266153573989868, 0.42319202423095703, 0.420390784740448, 0.4179794192314148, 0.4161175787448883, 0.4140437841415405, 0.4122101068496704, 0.4108482599258423, 0.41125544905662537, 0.4063527286052704, 0.40481385588645935, 0.4031239449977875, 0.40281495451927185, 0.400623619556427, 0.39921969175338745, 0.3983474373817444, 0.39729663729667664, 0.3968972861766815, 0.39575085043907166, 0.3946884274482727, 0.3993532955646515, 0.3956052362918854, 0.3920725882053375, 0.39093711972236633, 0.391841858625412, 0.3898802697658539, 0.3890022933483124, 0.3883567154407501, 0.38818299770355225, 0.3869529962539673, 0.38634243607521057, 0.385880708694458, 0.3853289484977722, 0.3852176368236542, 0.3844296634197235, 0.38391101360321045, 0.38324061036109924, 0.38381654024124146, 0.38298189640045166, 0.3818628191947937, 0.3817500174045563, 0.3829646408557892, 0.38042154908180237, 0.3852762281894684, 0.3885853588581085, 0.3797838091850281, 0.37954410910606384, 0.37876570224761963, 0.3785017728805542, 0.3792783319950104, 0.37958717346191406, 0.39088717103004456, 0.3773721754550934, 0.37705153226852417, 0.37817060947418213, 0.37766945362091064, 0.37728065252304077, 0.37710025906562805, 0.37602242827415466, 0.3775672912597656, 0.374848872423172, 0.3746655583381653, 0.3744499683380127, 0.37449321150779724]",33.0,"[33.0, 33.0, 33.0, 33.0, 33.0, 33.0, 33.0, 33.0, 33.0, 33.0, 33.0, 33.0, 33.0, 33.0, 33.0, 33.0, 33.0, 33.0, 33.0, 33.0, 33.0, 33.0, 33.0, 33.0, 33.0, 33.0, 33.0, 33.0, 33.0, 33.0, 33.0, 33.0, 33.0, 33.0, 33.0, 33.0, 33.0, 33.0, 33.0, 33.0, 33.0, 33.0, 33.0, 33.0, 33.0, 33.0, 33.0, 33.0, 33.0, 33.0, 33.0, 33.0, 33.0, 33.0, 33.0, 33.0, 33.0, 33.0, 33.0, 33.0, 33.0, 33.0, 33.0, 33.0, 33.0]",COMPLETE
