,number,value,datetime_start,datetime_complete,duration,params_batch_size_scaler,params_constant_learning_rate,params_depth,params_epochs,params_kernel_l2,params_num_trees,params_temperature,user_attrs_accuracy_test,user_attrs_accuracy_valid,user_attrs_approximate_feature_sparsity,user_attrs_approximate_feature_sparsity_history,user_attrs_approximate_weight_sparsity,user_attrs_approximate_weight_sparsity_history,user_attrs_auc_test,user_attrs_auc_valid,user_attrs_feature_sparsity,user_attrs_feature_sparsity_history,user_attrs_num_epochs,user_attrs_val_loss_history,user_attrs_weight_sparsity,user_attrs_weight_sparsity_history,state
83,83,0.5,2024-08-31 04:03:39.109781,2024-08-31 04:04:22.273869,0 days 00:00:43.164088,64,3.2787530203065844,3,495,0.015141261453745575,23,0.06536428233740585,0.859,0.85875,0,"[0, 0, 0, 0, 0, 0, 0, 0, 0, 0, 0, 0, 0, 0, 0, 0, 0, 0, 0, 0, 0, 0, 0, 0, 0, 0, 0, 0, 0, 0, 0, 0, 0, 0, 0, 0, 0, 0, 0, 0, 0, 0, 0, 0, 0, 0, 0, 0, 0, 0, 0, 0, 0, 0, 0, 0, 0, 0, 0, 0, 0, 0, 0, 0, 0, 0, 0, 0, 0, 0, 0, 0, 0, 0, 0, 0, 0, 0, 0, 0, 0, 0, 0, 0, 0, 0, 0, 0, 0, 0, 0, 0, 0, 0, 0, 0, 0, 0, 0, 0, 0, 0, 0, 0, 0, 0, 0, 0, 0, 0, 0, 0, 0, 0, 0, 0, 0, 0, 0, 0, 0, 0, 0, 0, 0, 0, 0, 0, 0, 0, 0, 0, 0, 0, 0, 0, 0, 0, 0, 0, 0, 0, 0, 0, 0, 0, 0, 0, 0, 0, 0, 0, 0, 0, 0, 0, 0, 0, 0, 0, 0, 0, 0, 0, 0, 0, 0, 0, 0, 0, 0, 0, 0, 0, 0, 0, 0, 0, 0, 0, 0, 0, 0, 0, 0, 0, 0, 0, 0, 0, 0, 0, 0, 0, 0, 0, 0, 0, 0, 0, 0, 0, 0, 0, 0, 0, 0, 0, 0, 0, 0, 0, 0, 0, 0, 0, 0, 0, 0, 0, 0, 0, 0, 0, 0, 0, 0, 0, 0, 0, 0, 0, 0, 0, 0, 0, 0, 0, 0, 0, 0, 0, 0, 0, 0, 0, 0, 0, 0, 0, 0, 0, 0, 0, 0, 0, 0, 0, 0, 0, 0, 0, 0, 0, 0, 0, 0, 0, 0, 0, 0, 0, 0, 0, 0, 0, 0, 0, 0, 0, 0, 0, 0, 0, 0, 0, 0, 0, 0, 0, 0, 0, 0, 0, 0, 0, 0, 0, 0, 0, 0, 0, 0, 0, 0, 0, 0, 0, 0, 0, 0, 0, 0, 0, 0, 0, 0, 0, 0, 0, 0, 0, 0, 0, 0, 0, 0, 0, 0, 0, 0, 0, 0, 0, 0, 0, 0, 0, 0, 0, 0, 0, 0, 0, 0, 0, 0, 0, 0, 0, 0, 0, 0, 0, 0, 0, 0, 0, 0, 0, 0, 0, 0, 0, 0, 0, 0, 0, 0, 0, 0, 0, 0, 0, 0, 0, 0, 0, 0, 0, 0, 0, 0, 0, 0, 0, 0, 0, 0, 0, 0, 0, 0, 0, 0, 0, 0, 0, 0, 0, 0, 0, 0, 0, 0, 0, 0, 0, 0, 0, 0, 0, 0, 0, 0, 0, 0, 0, 0, 0, 0, 0, 0, 0, 0, 0, 0, 0, 0, 0, 0, 0, 0, 0, 0, 0, 0, 0, 0, 0, 0, 0, 0, 0, 0, 0, 0, 0, 0, 0, 0, 0, 0, 0, 0, 0, 0, 0, 0, 0, 0, 0, 0, 0, 0, 0, 0, 0, 0, 0, 0, 0, 0, 0, 0, 0, 0, 0, 0, 0, 0, 0, 0, 0, 0, 0, 0, 0, 0, 0, 0, 0, 0, 0, 0]",0.0,"[0.0, 0.0, 0.0, 0.0, 0.0, 0.0, 0.0, 0.0, 0.0, 0.0, 0.0, 0.0, 0.0, 0.0, 0.0, 0.0, 0.0, 0.0, 0.0, 0.0, 0.0, 0.0, 0.0, 0.0, 0.0, 0.0, 0.0, 0.0, 0.0, 0.0, 0.0, 0.0, 0.0, 0.0, 0.0, 0.0, 0.0, 0.0, 0.0, 0.0, 0.0, 0.0, 0.0, 0.0, 0.0, 0.0, 0.0, 0.0, 0.0, 0.0, 0.0, 0.0, 0.0, 0.0, 0.0, 0.0, 0.0, 0.0, 0.0, 0.0, 0.0, 0.0, 0.0, 0.0, 0.0, 0.0, 0.0, 0.0, 0.0, 0.0, 0.0, 0.0, 0.0, 0.0, 0.0, 0.0, 0.0, 0.0, 0.0, 0.0, 0.0, 0.0, 0.0, 0.0, 0.0, 0.0, 0.0, 0.0, 0.0, 0.0, 0.0, 0.0, 0.0, 0.0, 0.0, 0.0, 0.0, 0.0, 0.0, 0.0, 0.0, 0.0, 0.0, 0.0, 0.0, 0.0, 0.0, 0.0, 0.0, 0.0, 0.0, 0.0, 0.0, 0.0, 0.0, 0.0, 0.0, 0.0, 0.0, 0.0, 0.0, 0.0, 0.0, 0.0, 0.0, 0.0, 0.0, 0.0, 0.0, 0.0, 0.0, 0.0, 0.0, 0.0, 0.0, 0.0, 0.0, 0.0, 0.0, 0.0, 0.0, 0.0, 0.0, 0.0, 0.0, 0.0, 0.0, 0.0, 0.0, 0.0, 0.0, 0.0, 0.0, 0.0, 0.0, 0.0, 0.0, 0.0, 0.0, 0.0, 0.0, 0.0, 0.0, 0.0, 0.0, 0.0, 0.0, 0.0, 0.0, 0.0, 0.0, 0.0, 0.0, 0.0, 0.0, 0.0, 0.0, 0.0, 0.0, 0.0, 0.0, 0.0, 0.0, 0.0, 0.0, 0.0, 0.0, 0.0, 0.0, 0.0, 0.0, 0.0, 0.0, 0.0, 0.0, 0.0, 0.0, 0.0, 0.0, 0.0, 0.0, 0.0, 0.0, 0.0, 0.0, 0.0, 0.0, 0.0, 0.0, 0.0, 0.0, 0.0, 0.0, 0.0, 0.0, 0.0, 0.0, 0.0, 0.0, 0.0, 0.0, 0.0, 0.0, 0.0, 0.0, 0.0, 0.0, 0.0, 0.0, 0.0, 0.0, 0.0, 0.0, 0.0, 0.0, 0.0, 0.0, 0.0, 0.0, 0.0, 0.0, 0.0, 0.0, 0.0, 0.0, 0.0, 0.0, 0.0, 0.0, 0.0, 0.0, 0.0, 0.0, 0.0, 0.0, 0.0, 0.0, 0.0, 0.0, 0.0, 0.0, 0.0, 0.0, 0.0, 0.0, 0.0, 0.0, 0.0, 0.0, 0.0, 0.0, 0.0, 0.0, 0.0, 0.0, 0.0, 0.0, 0.0, 0.0, 0.0, 0.0, 0.0, 0.0, 0.0, 0.0, 0.0, 0.0, 0.0, 0.0, 0.0, 0.0, 0.0, 0.0, 0.0, 0.0, 0.0, 0.0, 0.0, 0.0, 0.0, 0.0, 0.0, 0.0, 0.0, 0.0, 0.0, 0.0, 0.0, 0.0, 0.0, 0.0, 0.0, 0.0, 0.0, 0.0, 0.0, 0.0, 0.0, 0.0, 0.0, 0.0, 0.0, 0.0, 0.0, 0.0, 0.0, 0.0, 0.0, 0.0, 0.0, 0.0, 0.0, 0.0, 0.0, 0.0, 0.0, 0.0, 0.0, 0.0, 0.0, 0.0, 0.0, 0.0, 0.0, 0.0, 0.0, 0.0, 0.0, 0.0, 0.0, 0.0, 0.0, 0.0, 0.0, 0.0, 0.0, 0.0, 0.0, 0.0, 0.0, 0.0, 0.0, 0.0, 0.0, 0.0, 0.0, 0.0, 0.0, 0.0, 0.0, 0.0, 0.0, 0.0, 0.0, 0.0, 0.0, 0.0, 0.0, 0.0, 0.0, 0.0, 0.0, 0.0, 0.0, 0.0, 0.0, 0.0, 0.0, 0.0, 0.0, 0.0, 0.0, 0.0, 0.0, 0.0, 0.0, 0.0, 0.0, 0.0, 0.0, 0.0, 0.0, 0.0, 0.0, 0.0, 0.0, 0.0, 0.0, 0.0, 0.0, 0.0, 0.0, 0.0, 0.0, 0.0, 0.0, 0.0, 0.0, 0.0, 0.0, 0.0, 0.0, 0.0, 0.0, 0.0, 0.0, 0.0, 0.0, 0.0, 0.0, 0.0, 0.0, 0.0, 0.0, 0.0, 0.0, 0.0, 0.0, 0.0, 0.0, 0.0, 0.0, 0.0, 0.0, 0.0, 0.0, 0.0, 0.0, 0.0, 0.0, 0.0, 0.0, 0.0, 0.0, 0.0, 0.0, 0.0, 0.0, 0.0, 0.0, 0.0, 0.0, 0.0, 0.0, 0.0, 0.0, 0.0, 0.0, 0.0, 0.0, 0.0, 0.0, 0.0, 0.0, 0.0, 0.0, 0.0, 0.0, 0.0, 0.0, 0.0, 0.0, 0.0, 0.0, 0.0, 0.0, 0.0, 0.0, 0.0, 0.0, 0.0, 0.0, 0.0, 0.0, 0.0]",0.5,0.5,0,"[0, 0, 0, 0, 0, 0, 0, 0, 0, 0, 0, 0, 0, 0, 0, 0, 0, 0, 0, 0, 0, 0, 0, 0, 0, 0, 0, 0, 0, 0, 0, 0, 0, 0, 0, 0, 0, 0, 0, 0, 0, 0, 0, 0, 0, 0, 0, 0, 0, 0, 0, 0, 0, 0, 0, 0, 0, 0, 0, 0, 0, 0, 0, 0, 0, 0, 0, 0, 0, 0, 0, 0, 0, 0, 0, 0, 0, 0, 0, 0, 0, 0, 0, 0, 0, 0, 0, 0, 0, 0, 0, 0, 0, 0, 0, 0, 0, 0, 0, 0, 0, 0, 0, 0, 0, 0, 0, 0, 0, 0, 0, 0, 0, 0, 0, 0, 0, 0, 0, 0, 0, 0, 0, 0, 0, 0, 0, 0, 0, 0, 0, 0, 0, 0, 0, 0, 0, 0, 0, 0, 0, 0, 0, 0, 0, 0, 0, 0, 0, 0, 0, 0, 0, 0, 0, 0, 0, 0, 0, 0, 0, 0, 0, 0, 0, 0, 0, 0, 0, 0, 0, 0, 0, 0, 0, 0, 0, 0, 0, 0, 0, 0, 0, 0, 0, 0, 0, 0, 0, 0, 0, 0, 0, 0, 0, 0, 0, 0, 0, 0, 0, 0, 0, 0, 0, 0, 0, 0, 0, 0, 0, 0, 0, 0, 0, 0, 0, 0, 0, 0, 0, 0, 0, 0, 0, 0, 0, 0, 0, 0, 0, 0, 0, 0, 0, 0, 0, 0, 0, 0, 0, 0, 0, 0, 0, 0, 0, 0, 0, 0, 0, 0, 0, 0, 0, 0, 0, 0, 0, 0, 0, 0, 0, 0, 0, 0, 0, 0, 0, 0, 0, 0, 0, 0, 0, 0, 0, 0, 0, 0, 0, 0, 0, 0, 0, 0, 0, 0, 0, 0, 0, 0, 0, 0, 0, 0, 0, 0, 0, 0, 0, 0, 0, 0, 0, 0, 0, 0, 0, 0, 0, 0, 0, 0, 0, 0, 0, 0, 0, 0, 0, 0, 0, 0, 0, 0, 0, 0, 0, 0, 0, 0, 0, 0, 0, 0, 0, 0, 0, 0, 0, 0, 0, 0, 0, 0, 0, 0, 0, 0, 0, 0, 0, 0, 0, 0, 0, 0, 0, 0, 0, 0, 0, 0, 0, 0, 0, 0, 0, 0, 0, 0, 0, 0, 0, 0, 0, 0, 0, 0, 0, 0, 0, 0, 0, 0, 0, 0, 0, 0, 0, 0, 0, 0, 0, 0, 0, 0, 0, 0, 0, 0, 0, 0, 0, 0, 0, 0, 0, 0, 0, 0, 0, 0, 0, 0, 0, 0, 0, 0, 0, 0, 0, 0, 0, 0, 0, 0, 0, 0, 0, 0, 0, 0, 0, 0, 0, 0, 0, 0, 0, 0, 0, 0, 0, 0, 0, 0, 0, 0, 0, 0, 0, 0, 0, 0, 0, 0, 0, 0, 0, 0, 0, 0, 0, 0, 0, 0, 0, 0, 0, 0, 0, 0, 0, 0, 0, 0, 0, 0, 0, 0, 0, 0, 0, 0, 0, 0, 0, 0, 0, 0, 0, 0, 0]",495,"[0.4074370265007019, 0.4263748228549957, 0.5399341583251953, 0.4569956064224243, 0.4152476191520691, 0.5423553586006165, 0.41153135895729065, 0.48318779468536377, 0.4388574957847595, 0.4436028003692627, 0.5771635174751282, 0.4957541525363922, 0.5341391563415527, 0.4332256615161896, 0.5785266160964966, 0.5068286061286926, 0.5108628273010254, 0.5584476590156555, 0.43736502528190613, 0.4321717917919159, 0.42621979117393494, 0.4792777895927429, 0.5757007598876953, 0.4250914454460144, 0.40774840116500854, 0.41447868943214417, 0.4163880944252014, 0.5032135248184204, 0.43212220072746277, 0.4091677963733673, 0.5471577644348145, 0.5345087647438049, 0.5752636790275574, 0.45722508430480957, 0.40926018357276917, 0.6522319316864014, 0.4074215590953827, 0.42650970816612244, 0.4395063519477844, 0.4316957890987396, 0.4083840548992157, 0.42066237330436707, 0.45666295289993286, 0.4122145473957062, 0.41124632954597473, 0.4372596740722656, 0.4831174612045288, 0.40969642996788025, 0.4085145890712738, 0.40992340445518494, 0.5783241391181946, 0.41539832949638367, 0.4083438515663147, 0.4209667146205902, 0.5805757641792297, 0.4858822524547577, 0.41153448820114136, 0.4808410704135895, 0.6858338713645935, 0.5073410868644714, 0.6131327748298645, 0.41160789132118225, 0.4463510513305664, 0.5346424579620361, 0.4092317819595337, 0.41870352625846863, 0.46389350295066833, 0.4080026149749756, 0.4242441654205322, 0.4978918433189392, 0.4481382369995117, 0.41740676760673523, 0.5504693388938904, 0.6547073125839233, 0.44330015778541565, 0.41310006380081177, 0.42335328459739685, 0.41205042600631714, 0.4126390814781189, 0.4287673234939575, 0.41625773906707764, 0.4206274449825287, 0.41240614652633667, 0.48283860087394714, 0.4384768605232239, 0.59417724609375, 0.4524507522583008, 0.42924439907073975, 0.577824056148529, 0.46631136536598206, 0.42932140827178955, 0.5008167028427124, 0.40960586071014404, 0.41598641872406006, 0.40900230407714844, 0.5385515689849854, 0.5091144442558289, 0.5460937023162842, 0.5466518998146057, 0.45110565423965454, 0.45830798149108887, 0.4506142735481262, 0.5251988768577576, 0.48305487632751465, 0.4146379828453064, 0.49585115909576416, 0.47865769267082214, 0.4474521279335022, 0.407332181930542, 0.7810460925102234, 0.4248485565185547, 0.40969520807266235, 0.458596408367157, 0.4180911183357239, 0.40856248140335083, 0.42306870222091675, 0.46734341979026794, 0.40872275829315186, 0.4076986610889435, 0.40895912051200867, 0.41428008675575256, 0.4688926339149475, 0.5016306042671204, 0.45136380195617676, 0.5047715902328491, 0.41436752676963806, 0.5367595553398132, 0.497840017080307, 0.4637068212032318, 0.4246786832809448, 0.46846893429756165, 0.5070251226425171, 0.4641222357749939, 0.4116676449775696, 0.4833792746067047, 0.43557196855545044, 0.4186633229255676, 0.6334673166275024, 0.4604595899581909, 0.41238754987716675, 0.4076271951198578, 0.45409274101257324, 0.40961283445358276, 0.43961745500564575, 0.4808551073074341, 0.4460550546646118, 0.4239806830883026, 0.4081062972545624, 0.4864647686481476, 0.4180258810520172, 0.4182507395744324, 0.40734612941741943, 0.42001911997795105, 0.4074534475803375, 0.4537530541419983, 0.41998425126075745, 0.4346986413002014, 0.42910370230674744, 0.4103577435016632, 0.41093650460243225, 0.4556417763233185, 0.40794631838798523, 0.45127952098846436, 0.5084623694419861, 0.4594106376171112, 0.4700782001018524, 0.4730750620365143, 0.4094248116016388, 0.5174397826194763, 0.48812440037727356, 0.5322345495223999, 0.4685664474964142, 0.5736981630325317, 0.40792030096054077, 0.453340619802475, 0.6051796078681946, 0.414889931678772, 0.41520705819129944, 0.4395979940891266, 0.40780407190322876, 0.42498770356178284, 0.43099281191825867, 0.40727293491363525, 0.4074280560016632, 0.42156273126602173, 0.4128413498401642, 0.40944021940231323, 0.4576347768306732, 0.4194354712963104, 0.4122444987297058, 0.4123656153678894, 0.46771812438964844, 0.45687809586524963, 0.4636751413345337, 0.4147064983844757, 0.40850943326950073, 0.4123409688472748, 0.4103652238845825, 0.6268104314804077, 0.4224660396575928, 0.47937771677970886, 0.4616870880126953, 0.41954654455184937, 0.5697809457778931, 0.45010215044021606, 0.47145935893058777, 0.4705304801464081, 0.6453320980072021, 0.44095882773399353, 0.4471273422241211, 0.49915942549705505, 0.44160255789756775, 0.5313409566879272, 0.44157519936561584, 0.42485594749450684, 0.4286806881427765, 0.4239754378795624, 0.5598849058151245, 0.41699981689453125, 0.4095767140388489, 0.4248826205730438, 0.40809494256973267, 0.4098832309246063, 0.46026411652565, 0.4094153344631195, 0.5684908032417297, 0.48782622814178467, 0.46687209606170654, 0.4086277484893799, 0.4157257080078125, 0.4802543520927429, 0.4244278073310852, 0.4968324899673462, 0.4340929090976715, 0.4284619092941284, 0.4116864502429962, 0.42303183674812317, 0.4212949275970459, 0.5857875943183899, 0.49755120277404785, 0.4901556372642517, 0.407576322555542, 0.5139016509056091, 0.4230436086654663, 0.49326255917549133, 0.4120277762413025, 0.4480762481689453, 0.40753936767578125, 0.4379245638847351, 0.4477931261062622, 0.4496050179004669, 0.5074505805969238, 0.5347741842269897, 0.4362834095954895, 0.41739577054977417, 0.407228022813797, 0.41529953479766846, 0.44800007343292236, 0.4259301722049713, 0.4158534109592438, 0.4080292582511902, 0.4217821955680847, 0.6156467199325562, 0.4233161211013794, 0.4122459292411804, 0.46444255113601685, 0.41980209946632385, 0.4206535220146179, 0.4988346993923187, 0.41214215755462646, 0.41257813572883606, 0.4161984324455261, 0.5926195383071899, 0.42533379793167114, 0.4814817011356354, 0.5499650835990906, 0.4868521988391876, 0.4369775652885437, 0.5502199530601501, 0.4075625538825989, 0.415883868932724, 0.4435963034629822, 0.40848472714424133, 0.4530775845050812, 0.5759685635566711, 0.5502308011054993, 0.40995416045188904, 0.46846216917037964, 0.5252506732940674, 0.4112173020839691, 0.49932074546813965, 0.41103890538215637, 0.4542793333530426, 0.47426170110702515, 0.44794365763664246, 0.4153536558151245, 0.45239922404289246, 0.4124301075935364, 0.4549313485622406, 0.4746823012828827, 0.4708311855792999, 0.4073106646537781, 0.41023123264312744, 0.41178712248802185, 0.4093194305896759, 0.496848464012146, 0.4976178705692291, 0.47408732771873474, 0.5448153018951416, 0.5210875868797302, 0.5976143479347229, 0.41679704189300537, 0.4517991542816162, 0.6949226260185242, 0.4538227915763855, 0.4084317684173584, 0.48138463497161865, 0.4438600242137909, 0.40853744745254517, 0.40726616978645325, 0.409363329410553, 0.4146009683609009, 0.4376376271247864, 0.4691520035266876, 0.42150649428367615, 0.420806884765625, 0.558200478553772, 0.43200135231018066, 0.4392157793045044, 0.407378613948822, 0.41653206944465637, 0.5486164093017578, 0.47518691420555115, 0.4220411777496338, 0.46166640520095825, 0.4796903133392334, 0.42460358142852783, 0.4861370027065277, 0.419149249792099, 0.40753173828125, 0.4876551032066345, 0.4382915496826172, 0.41245582699775696, 0.4531434178352356, 0.5620418190956116, 0.4681607782840729, 0.4181399941444397, 0.4086412191390991, 0.43522223830223083, 0.4079929292201996, 0.517279863357544, 0.40723469853401184, 0.46517762541770935, 0.43704280257225037, 0.4533878266811371, 0.5217262506484985, 0.4078153371810913, 0.43256089091300964, 0.4756597876548767, 0.41585755348205566, 0.4658166468143463, 0.42205923795700073, 0.40730300545692444, 0.4242861866950989, 0.547684371471405, 0.40724602341651917, 0.407867431640625, 0.4274032711982727, 0.4227811098098755, 0.41061335802078247, 0.5203580260276794, 0.41813910007476807, 0.5438539385795593, 0.411222904920578, 0.5060072541236877, 0.425933301448822, 0.4439011514186859, 0.46675658226013184, 0.6965934634208679, 0.4445990025997162, 0.9208720326423645, 0.41350024938583374, 0.439266562461853, 0.4288102686405182, 0.4073079824447632, 0.48639097809791565, 0.4374654293060303, 0.47760605812072754, 0.44305306673049927, 0.6667851209640503, 0.4108242690563202, 0.4636293649673462, 0.4230322539806366, 0.5431925058364868, 0.4123073220252991, 0.407408744096756, 0.41520458459854126, 0.4109872579574585, 0.4159072935581207, 0.44665011763572693, 0.4444710612297058, 0.408376544713974, 0.7803245782852173, 0.4542594850063324, 0.45761990547180176, 0.5196834802627563, 0.4115290939807892, 0.4073461890220642, 0.4534403085708618, 0.4271910786628723, 0.4152819514274597, 0.4191761016845703, 0.5105997323989868, 0.4079335033893585, 0.4454089105129242, 0.5957777500152588, 0.4087091088294983, 0.46210959553718567, 0.40722984075546265, 0.4102044999599457, 0.4072261154651642, 0.4380834996700287, 0.617594301700592, 0.4540024995803833, 0.411415696144104, 0.4098930358886719, 0.4991413354873657, 0.41553717851638794, 0.4624764919281006, 0.4412829577922821, 0.4474540948867798, 0.41023170948028564, 0.42835259437561035, 0.413949191570282, 0.4316505193710327, 0.48117920756340027, 0.4072340726852417, 0.588026762008667, 0.5047423839569092, 0.4708564877510071, 0.5213317275047302, 0.41131487488746643, 0.4173445999622345, 0.4281352758407593, 0.5409068465232849, 0.40768253803253174, 0.4281908869743347, 0.5349515676498413, 0.44294798374176025, 0.4474247694015503, 0.46378248929977417, 0.47808417677879333, 0.4601714313030243, 0.40744632482528687, 0.40722888708114624, 0.4294443130493164, 0.44248732924461365, 0.41847503185272217, 0.4712842106819153, 0.4386550486087799, 0.41123032569885254, 0.5945718288421631, 0.41143739223480225, 0.468689501285553, 0.41470322012901306, 0.6120267510414124, 0.40824389457702637, 0.4146944284439087, 0.40918081998825073, 0.4729906916618347, 0.4221945106983185, 0.4597267210483551, 0.43047603964805603, 0.40834400057792664, 0.47585564851760864, 0.4869338274002075, 0.43002957105636597, 0.4230283498764038, 0.5011965036392212, 0.4737004041671753, 0.4988102614879608, 0.5531914234161377, 0.4073179364204407, 0.4516356587409973, 0.4362320005893707, 0.45317542552948, 0.5082442164421082, 0.5768137574195862, 0.4337277114391327, 0.5222345590591431, 0.4113130271434784, 0.4078141450881958, 0.4484751522541046, 0.43046703934669495, 0.4126358926296234]",0.0,"[0.0, 0.0, 0.0, 0.0, 0.0, 0.0, 0.0, 0.0, 0.0, 0.0, 0.0, 0.0, 0.0, 0.0, 0.0, 0.0, 0.0, 0.0, 0.0, 0.0, 0.0, 0.0, 0.0, 0.0, 0.0, 0.0, 0.0, 0.0, 0.0, 0.0, 0.0, 0.0, 0.0, 0.0, 0.0, 0.0, 0.0, 0.0, 0.0, 0.0, 0.0, 0.0, 0.0, 0.0, 0.0, 0.0, 0.0, 0.0, 0.0, 0.0, 0.0, 0.0, 0.0, 0.0, 0.0, 0.0, 0.0, 0.0, 0.0, 0.0, 0.0, 0.0, 0.0, 0.0, 0.0, 0.0, 0.0, 0.0, 0.0, 0.0, 0.0, 0.0, 0.0, 0.0, 0.0, 0.0, 0.0, 0.0, 0.0, 0.0, 0.0, 0.0, 0.0, 0.0, 0.0, 0.0, 0.0, 0.0, 0.0, 0.0, 0.0, 0.0, 0.0, 0.0, 0.0, 0.0, 0.0, 0.0, 0.0, 0.0, 0.0, 0.0, 0.0, 0.0, 0.0, 0.0, 0.0, 0.0, 0.0, 0.0, 0.0, 0.0, 0.0, 0.0, 0.0, 0.0, 0.0, 0.0, 0.0, 0.0, 0.0, 0.0, 0.0, 0.0, 0.0, 0.0, 0.0, 0.0, 0.0, 0.0, 0.0, 0.0, 0.0, 0.0, 0.0, 0.0, 0.0, 0.0, 0.0, 0.0, 0.0, 0.0, 0.0, 0.0, 0.0, 0.0, 0.0, 0.0, 0.0, 0.0, 0.0, 0.0, 0.0, 0.0, 0.0, 0.0, 0.0, 0.0, 0.0, 0.0, 0.0, 0.0, 0.0, 0.0, 0.0, 0.0, 0.0, 0.0, 0.0, 0.0, 0.0, 0.0, 0.0, 0.0, 0.0, 0.0, 0.0, 0.0, 0.0, 0.0, 0.0, 0.0, 0.0, 0.0, 0.0, 0.0, 0.0, 0.0, 0.0, 0.0, 0.0, 0.0, 0.0, 0.0, 0.0, 0.0, 0.0, 0.0, 0.0, 0.0, 0.0, 0.0, 0.0, 0.0, 0.0, 0.0, 0.0, 0.0, 0.0, 0.0, 0.0, 0.0, 0.0, 0.0, 0.0, 0.0, 0.0, 0.0, 0.0, 0.0, 0.0, 0.0, 0.0, 0.0, 0.0, 0.0, 0.0, 0.0, 0.0, 0.0, 0.0, 0.0, 0.0, 0.0, 0.0, 0.0, 0.0, 0.0, 0.0, 0.0, 0.0, 0.0, 0.0, 0.0, 0.0, 0.0, 0.0, 0.0, 0.0, 0.0, 0.0, 0.0, 0.0, 0.0, 0.0, 0.0, 0.0, 0.0, 0.0, 0.0, 0.0, 0.0, 0.0, 0.0, 0.0, 0.0, 0.0, 0.0, 0.0, 0.0, 0.0, 0.0, 0.0, 0.0, 0.0, 0.0, 0.0, 0.0, 0.0, 0.0, 0.0, 0.0, 0.0, 0.0, 0.0, 0.0, 0.0, 0.0, 0.0, 0.0, 0.0, 0.0, 0.0, 0.0, 0.0, 0.0, 0.0, 0.0, 0.0, 0.0, 0.0, 0.0, 0.0, 0.0, 0.0, 0.0, 0.0, 0.0, 0.0, 0.0, 0.0, 0.0, 0.0, 0.0, 0.0, 0.0, 0.0, 0.0, 0.0, 0.0, 0.0, 0.0, 0.0, 0.0, 0.0, 0.0, 0.0, 0.0, 0.0, 0.0, 0.0, 0.0, 0.0, 0.0, 0.0, 0.0, 0.0, 0.0, 0.0, 0.0, 0.0, 0.0, 0.0, 0.0, 0.0, 0.0, 0.0, 0.0, 0.0, 0.0, 0.0, 0.0, 0.0, 0.0, 0.0, 0.0, 0.0, 0.0, 0.0, 0.0, 0.0, 0.0, 0.0, 0.0, 0.0, 0.0, 0.0, 0.0, 0.0, 0.0, 0.0, 0.0, 0.0, 0.0, 0.0, 0.0, 0.0, 0.0, 0.0, 0.0, 0.0, 0.0, 0.0, 0.0, 0.0, 0.0, 0.0, 0.0, 0.0, 0.0, 0.0, 0.0, 0.0, 0.0, 0.0, 0.0, 0.0, 0.0, 0.0, 0.0, 0.0, 0.0, 0.0, 0.0, 0.0, 0.0, 0.0, 0.0, 0.0, 0.0, 0.0, 0.0, 0.0, 0.0, 0.0, 0.0, 0.0, 0.0, 0.0, 0.0, 0.0, 0.0, 0.0, 0.0, 0.0, 0.0, 0.0, 0.0, 0.0, 0.0, 0.0, 0.0, 0.0, 0.0, 0.0, 0.0, 0.0, 0.0, 0.0, 0.0, 0.0, 0.0, 0.0, 0.0, 0.0, 0.0, 0.0, 0.0, 0.0, 0.0, 0.0, 0.0, 0.0, 0.0, 0.0, 0.0, 0.0, 0.0, 0.0, 0.0, 0.0, 0.0, 0.0, 0.0, 0.0, 0.0, 0.0, 0.0, 0.0, 0.0, 0.0, 0.0, 0.0, 0.0, 0.0, 0.0, 0.0, 0.0, 0.0, 0.0, 0.0, 0.0, 0.0, 0.0, 0.0, 0.0, 0.0, 0.0, 0.0, 0.0, 0.0, 0.0, 0.0, 0.0, 0.0]",COMPLETE
84,84,0.9407066764565701,2024-08-31 04:04:24.241278,2024-08-31 04:04:43.166137,0 days 00:00:18.924859,1,0.3542401785292253,2,30,0.0012251903696416208,76,0.00030265456123388084,0.956,0.95375,32,"[33, 33, 33, 33, 33, 33, 33, 33, 33, 33, 33, 33, 33, 33, 33, 33, 33, 33, 33, 33, 33, 33, 33, 33, 33, 33, 32, 32, 32, 32]",31.973684210526315,"[32.99122807017544, 32.99122807017544, 32.973684210526315, 32.99122807017544, 32.95614035087719, 32.969298245614034, 32.98684210526316, 32.98684210526316, 32.99122807017544, 32.96491228070175, 32.98684210526316, 32.98684210526316, 32.99561403508772, 32.98245614035088, 32.99122807017544, 32.99122807017544, 32.98684210526316, 32.99122807017544, 32.98684210526316, 32.99122807017544, 32.969298245614034, 32.99122807017544, 32.99561403508772, 32.98245614035088, 32.973684210526315, 32.973684210526315, 31.973684210526315, 31.973684210526315, 31.969298245614034, 31.973684210526315]",0.9110626738992231,0.9407066764565701,32,"[33, 33, 33, 33, 33, 33, 33, 33, 33, 33, 33, 33, 33, 33, 33, 33, 33, 33, 33, 33, 33, 33, 33, 33, 33, 33, 32, 32, 32, 32]",30,"[0.34074652194976807, 0.3657943308353424, 0.28348422050476074, 0.2580074071884155, 0.23259912431240082, 0.21326002478599548, 0.23893669247627258, 0.20869500935077667, 0.39730703830718994, 0.20367875695228577, 0.31891292333602905, 0.19362236559391022, 0.23457778990268707, 0.19996106624603271, 0.1875777244567871, 0.1818009614944458, 0.19998671114444733, 0.1847856640815735, 0.20048768818378448, 0.1806449145078659, 0.21069616079330444, 0.1764708161354065, 0.16993466019630432, 0.24208292365074158, 0.18567873537540436, 0.18325601518154144, 0.18835027515888214, 0.19867855310440063, 0.18296219408512115, 0.16652797162532806]",32.0,"[33.0, 33.0, 33.0, 33.0, 33.0, 33.0, 33.0, 33.0, 33.0, 33.0, 33.0, 33.0, 33.0, 33.0, 33.0, 33.0, 33.0, 33.0, 33.0, 33.0, 33.0, 33.0, 33.0, 33.0, 33.0, 33.0, 32.0, 32.0, 32.0, 32.0]",COMPLETE
