,number,value,datetime_start,datetime_complete,duration,params_batch_size_scaler,params_constant_learning_rate,params_depth,params_epochs,params_kernel_l2,params_num_trees,params_temperature,user_attrs_accuracy_test,user_attrs_accuracy_valid,user_attrs_approximate_feature_sparsity,user_attrs_approximate_feature_sparsity_history,user_attrs_approximate_weight_sparsity,user_attrs_approximate_weight_sparsity_history,user_attrs_auc_test,user_attrs_auc_valid,user_attrs_feature_sparsity,user_attrs_feature_sparsity_history,user_attrs_num_epochs,user_attrs_val_loss_history,user_attrs_weight_sparsity,user_attrs_weight_sparsity_history,state
37,37,0.9292679470829952,2024-08-31 02:15:00.204179,2024-08-31 02:16:57.753024,0 days 00:01:57.548845,4,0.2601669146013178,3,465,0.003443627921604493,28,0.008174303041176176,0.926,0.92875,31,"[33, 33, 33, 33, 33, 32, 32, 32, 32, 32, 32, 32, 32, 32, 32, 32, 32, 32, 32, 32, 32, 32, 32, 32, 32, 32, 32, 32, 32, 32, 32, 32, 32, 32, 32, 32, 32, 32, 32, 32, 32, 32, 32, 32, 32, 32, 32, 32, 32, 32, 32, 32, 32, 32, 32, 32, 32, 32, 32, 32, 32, 32, 32, 32, 32, 32, 32, 32, 32, 32, 32, 32, 32, 32, 32, 32, 32, 32, 32, 32, 32, 32, 32, 32, 32, 32, 32, 32, 32, 32, 32, 32, 32, 32, 32, 32, 32, 32, 32, 32, 32, 32, 32, 32, 32, 32, 32, 32, 32, 32, 32, 32, 32, 32, 32, 32, 32, 32, 32, 32, 32, 32, 32, 32, 32, 32, 32, 32, 32, 32, 32, 32, 32, 32, 32, 32, 32, 32, 32, 32, 32, 32, 32, 32, 32, 32, 32, 32, 32, 32, 32, 32, 32, 32, 32, 32, 32, 32, 32, 32, 32, 32, 32, 32, 32, 32, 32, 32, 32, 32, 32, 32, 32, 32, 32, 32, 32, 32, 32, 32, 32, 32, 32, 32, 32, 32, 32, 32, 32, 32, 32, 32, 32, 32, 32, 32, 32, 32, 32, 32, 32, 32, 32, 32, 32, 32, 32, 32, 32, 32, 32, 32, 32, 32, 32, 32, 32, 32, 32, 32, 32, 32, 32, 32, 32, 32, 32, 32, 32, 32, 32, 32, 32, 32, 32, 31, 31, 31, 31, 31, 31, 31, 31, 31, 31, 31, 31, 31, 31, 31, 31, 31, 31, 31, 31, 31, 31, 31, 31, 31, 31, 31, 31, 31, 31, 31, 31, 31, 31, 31, 31, 31, 31, 31, 31, 31, 31, 31, 31, 31, 31, 31, 31, 31, 31, 31, 31, 31, 31, 31, 31, 31, 31, 31, 31, 31, 31, 31, 31, 31, 31, 31, 31, 31, 31, 31, 31, 31, 31, 31, 31, 31, 31, 31, 31, 31, 31, 31, 31, 31, 31, 31, 31, 31, 31, 31, 31, 31, 31, 31, 31, 31, 31, 31, 31, 31, 31, 31, 31, 31, 31, 31, 31, 31, 31, 31, 31, 31, 31, 31, 31, 31, 31, 31, 31, 31, 31, 31, 31, 31, 31, 31, 31, 31, 31, 31, 31, 31, 31, 31, 31, 31, 31, 31, 31, 31, 31, 31, 31, 31, 31, 31, 31, 31, 31, 31, 31, 31, 31, 31, 31, 31, 31, 31, 31, 31, 31, 31, 31, 31, 31, 31, 31, 31, 31, 31, 31, 31, 31, 31, 31, 31, 31, 31, 31, 31, 31, 31, 31, 31, 31, 31, 31, 31, 31, 31, 31, 31, 31, 31, 31, 31, 31, 31, 31, 31, 31, 31, 31, 31, 31, 31, 31, 31, 31, 31, 31, 31, 31, 31, 31, 31, 31, 31, 31, 31, 31, 31, 31, 31, 31, 31, 31, 31, 31]",30.984693877551024,"[32.9795918367347, 32.984693877551024, 32.9795918367347, 32.98979591836735, 32.984693877551024, 31.98979591836735, 31.984693877551024, 31.974489795918366, 31.964285714285715, 31.964285714285715, 31.964285714285715, 31.974489795918366, 31.96938775510204, 31.979591836734695, 31.979591836734695, 31.97448979591837, 31.96938775510204, 31.984693877551024, 31.98979591836735, 31.979591836734695, 31.964285714285715, 31.96938775510204, 31.98979591836735, 31.979591836734695, 31.964285714285715, 31.954081632653065, 31.984693877551024, 31.95918367346939, 31.98979591836735, 31.984693877551024, 31.994897959183675, 31.984693877551024, 31.979591836734695, 31.979591836734695, 31.98979591836735, 31.98469387755102, 31.984693877551024, 31.979591836734695, 31.984693877551024, 31.97448979591837, 31.994897959183675, 31.98469387755102, 31.98979591836735, 31.984693877551024, 31.979591836734695, 31.994897959183675, 31.979591836734695, 31.979591836734695, 31.98979591836735, 31.984693877551024, 31.98979591836735, 31.98469387755102, 31.994897959183675, 31.96938775510204, 31.97448979591837, 31.979591836734695, 31.984693877551024, 31.979591836734695, 31.984693877551024, 31.98979591836735, 31.994897959183675, 31.994897959183675, 31.98979591836735, 31.984693877551024, 31.984693877551024, 31.98979591836735, 32.0, 31.994897959183675, 31.979591836734695, 31.984693877551024, 31.97448979591837, 31.984693877551024, 31.984693877551024, 31.994897959183675, 31.96938775510204, 31.96938775510204, 31.979591836734695, 31.98979591836735, 31.974489795918366, 31.97448979591837, 31.98979591836735, 31.974489795918366, 31.974489795918366, 31.974489795918366, 31.96938775510204, 31.96938775510204, 31.96938775510204, 32.0, 31.96938775510204, 31.964285714285715, 31.97448979591837, 31.974489795918366, 31.96938775510204, 31.979591836734695, 31.994897959183675, 31.984693877551024, 31.964285714285715, 31.979591836734695, 31.984693877551024, 31.984693877551024, 31.979591836734695, 32.0, 31.979591836734695, 31.98979591836735, 31.97448979591837, 31.97448979591837, 31.979591836734695, 31.954081632653065, 31.984693877551024, 31.98979591836735, 31.98979591836735, 31.98979591836735, 31.98979591836735, 31.984693877551024, 31.984693877551024, 31.98979591836735, 31.994897959183675, 31.994897959183675, 31.98979591836735, 31.979591836734695, 31.98979591836735, 31.979591836734695, 32.0, 31.98979591836735, 31.994897959183675, 31.98979591836735, 32.0, 31.994897959183675, 31.98979591836735, 31.98979591836735, 31.974489795918366, 31.964285714285715, 31.984693877551024, 31.994897959183675, 32.0, 31.98979591836735, 31.984693877551024, 31.98979591836735, 31.98979591836735, 31.979591836734695, 31.974489795918366, 31.95918367346939, 31.984693877551024, 31.994897959183675, 31.964285714285715, 31.979591836734695, 31.994897959183675, 31.964285714285715, 31.98979591836735, 32.0, 31.984693877551024, 31.98979591836735, 31.979591836734695, 31.98979591836735, 31.994897959183675, 31.98979591836735, 31.98979591836735, 31.98979591836735, 32.0, 31.984693877551024, 31.98979591836735, 31.974489795918366, 31.98979591836735, 31.994897959183675, 31.984693877551024, 31.98979591836735, 31.98979591836735, 31.96938775510204, 31.994897959183675, 31.994897959183675, 31.994897959183675, 32.0, 32.0, 31.994897959183675, 31.994897959183675, 32.0, 31.994897959183675, 31.98979591836735, 31.97448979591837, 31.969387755102044, 31.96938775510204, 31.984693877551024, 31.98979591836735, 31.994897959183675, 31.98979591836735, 31.98979591836735, 31.984693877551024, 31.984693877551024, 31.994897959183675, 31.979591836734695, 31.994897959183675, 31.979591836734695, 31.979591836734695, 31.984693877551024, 32.0, 31.98979591836735, 31.98979591836735, 31.984693877551024, 32.0, 31.98469387755102, 32.0, 31.994897959183675, 31.979591836734695, 31.98979591836735, 32.0, 31.97448979591837, 31.98979591836735, 31.994897959183675, 31.98979591836735, 31.9795918367347, 31.98979591836735, 31.98979591836735, 31.994897959183675, 31.994897959183675, 31.984693877551024, 31.98979591836735, 31.98979591836735, 32.0, 31.994897959183675, 31.98979591836735, 31.98469387755102, 31.984693877551024, 31.98979591836735, 31.984693877551024, 31.979591836734695, 31.98469387755102, 31.969387755102044, 31.98979591836735, 31.97448979591837, 31.98979591836735, 31.98979591836735, 31.994897959183675, 31.979591836734695, 31.974489795918366, 31.98979591836735, 30.994897959183675, 31.0, 30.984693877551024, 30.98979591836735, 31.0, 30.994897959183675, 30.98979591836735, 30.98979591836735, 30.98979591836735, 30.994897959183675, 30.98469387755102, 30.994897959183675, 30.984693877551024, 30.97448979591837, 30.98979591836735, 30.98979591836735, 30.984693877551024, 30.979591836734695, 30.964285714285715, 30.974489795918366, 30.9795918367347, 30.984693877551024, 30.994897959183675, 30.98979591836735, 30.994897959183675, 31.0, 30.98979591836735, 30.98979591836735, 30.984693877551024, 30.994897959183675, 30.98979591836735, 30.994897959183675, 30.994897959183675, 30.96938775510204, 30.98979591836735, 30.994897959183675, 30.994897959183675, 30.984693877551024, 30.979591836734695, 30.994897959183675, 30.984693877551024, 30.98469387755102, 30.994897959183675, 30.984693877551024, 30.984693877551024, 30.979591836734695, 30.984693877551024, 30.984693877551024, 30.984693877551024, 30.98979591836735, 30.994897959183675, 30.969387755102044, 30.98979591836735, 30.964285714285715, 30.9795918367347, 30.98979591836735, 30.979591836734695, 30.98979591836735, 30.98979591836735, 31.0, 30.98979591836735, 30.979591836734695, 30.984693877551024, 30.994897959183675, 30.994897959183675, 30.98979591836735, 30.98979591836735, 30.984693877551024, 30.9795918367347, 30.98979591836735, 30.98979591836735, 30.98469387755102, 30.984693877551024, 30.96938775510204, 30.98979591836735, 30.98979591836735, 30.98979591836735, 30.994897959183675, 30.98979591836735, 30.994897959183675, 30.979591836734695, 31.0, 30.994897959183675, 30.994897959183675, 30.994897959183675, 30.979591836734695, 30.979591836734695, 30.979591836734695, 30.994897959183675, 30.98979591836735, 31.0, 30.98979591836735, 30.984693877551024, 30.98979591836735, 30.98979591836735, 30.994897959183675, 30.994897959183675, 30.98979591836735, 30.98979591836735, 30.98979591836735, 30.984693877551024, 30.994897959183675, 30.98979591836735, 30.979591836734695, 30.98979591836735, 30.98979591836735, 30.984693877551024, 30.979591836734695, 30.98979591836735, 30.98979591836735, 30.994897959183675, 30.98469387755102, 30.98979591836735, 30.98979591836735, 30.984693877551024, 30.994897959183675, 30.979591836734695, 30.984693877551024, 30.98979591836735, 30.984693877551024, 30.984693877551024, 30.98979591836735, 30.98979591836735, 30.994897959183675, 30.984693877551024, 30.9795918367347, 30.97448979591837, 30.979591836734695, 30.979591836734695, 30.984693877551024, 30.984693877551024, 30.98469387755102, 30.979591836734695, 30.98469387755102, 30.984693877551024, 30.994897959183675, 30.994897959183675, 30.984693877551024, 31.0, 30.994897959183675, 30.98979591836735, 30.994897959183675, 30.994897959183675, 30.98979591836735, 31.0, 30.984693877551024, 30.994897959183675, 30.98979591836735, 30.98979591836735, 30.98469387755102, 30.994897959183675, 30.979591836734695, 31.0, 30.994897959183675, 30.964285714285715, 30.979591836734695, 30.984693877551024, 30.974489795918366, 30.974489795918366, 30.98979591836735, 30.984693877551024, 30.979591836734695, 30.984693877551024, 30.984693877551024, 30.98979591836735, 30.98979591836735, 30.979591836734695, 30.96938775510204, 30.97448979591837, 30.979591836734695, 30.98979591836735, 30.98979591836735, 30.984693877551024, 30.984693877551024, 30.984693877551024, 30.98979591836735, 30.98979591836735, 30.98979591836735, 30.98469387755102, 30.98979591836735, 30.984693877551024, 30.98469387755102, 30.97448979591837, 30.984693877551024, 30.98979591836735, 30.98469387755102, 30.97448979591837, 30.98979591836735, 30.984693877551024, 30.98979591836735, 30.984693877551024, 30.98979591836735, 30.994897959183675, 30.994897959183675, 30.984693877551024, 30.984693877551024, 30.97448979591837, 30.98979591836735, 30.98979591836735, 30.984693877551024, 30.984693877551024, 30.994897959183675, 30.98469387755102, 30.984693877551024, 30.96938775510204, 30.979591836734695, 30.984693877551024, 30.98979591836735, 30.974489795918366, 30.964285714285715, 30.979591836734695, 30.98979591836735, 30.994897959183675, 30.979591836734695, 30.979591836734695, 30.974489795918366, 30.979591836734695, 30.984693877551024, 31.0, 30.98979591836735, 30.979591836734695, 30.98979591836735, 30.984693877551024, 31.0, 30.98979591836735, 30.994897959183675, 30.979591836734695, 30.98979591836735, 30.964285714285715, 30.984693877551024]",0.8948802417457212,0.9292679470829952,31,"[33, 33, 33, 33, 33, 32, 32, 32, 32, 32, 32, 32, 32, 32, 32, 32, 32, 32, 32, 32, 32, 32, 32, 32, 32, 32, 32, 32, 32, 32, 32, 32, 32, 32, 32, 32, 32, 32, 32, 32, 32, 32, 32, 32, 32, 32, 32, 32, 32, 32, 32, 32, 32, 32, 32, 32, 32, 32, 32, 32, 32, 32, 32, 32, 32, 32, 32, 32, 32, 32, 32, 32, 32, 32, 32, 32, 32, 32, 32, 32, 32, 32, 32, 32, 32, 32, 32, 32, 32, 32, 32, 32, 32, 32, 32, 32, 32, 32, 32, 32, 32, 32, 32, 32, 32, 32, 32, 32, 32, 32, 32, 32, 32, 32, 32, 32, 32, 32, 32, 32, 32, 32, 32, 32, 32, 32, 32, 32, 32, 32, 32, 32, 32, 32, 32, 32, 32, 32, 32, 32, 32, 32, 32, 32, 32, 32, 32, 32, 32, 32, 32, 32, 32, 32, 32, 32, 32, 32, 32, 32, 32, 32, 32, 32, 32, 32, 32, 32, 32, 32, 32, 32, 32, 32, 32, 32, 32, 32, 32, 32, 32, 32, 32, 32, 32, 32, 32, 32, 32, 32, 32, 32, 32, 32, 32, 32, 32, 32, 32, 32, 32, 32, 32, 32, 32, 32, 32, 32, 32, 32, 32, 32, 32, 32, 32, 32, 32, 32, 32, 32, 32, 32, 32, 32, 32, 32, 32, 32, 32, 32, 32, 32, 32, 32, 32, 31, 31, 31, 31, 31, 31, 31, 31, 31, 31, 31, 31, 31, 31, 31, 31, 31, 31, 31, 31, 31, 31, 31, 31, 31, 31, 31, 31, 31, 31, 31, 31, 31, 31, 31, 31, 31, 31, 31, 31, 31, 31, 31, 31, 31, 31, 31, 31, 31, 31, 31, 31, 31, 31, 31, 31, 31, 31, 31, 31, 31, 31, 31, 31, 31, 31, 31, 31, 31, 31, 31, 31, 31, 31, 31, 31, 31, 31, 31, 31, 31, 31, 31, 31, 31, 31, 31, 31, 31, 31, 31, 31, 31, 31, 31, 31, 31, 31, 31, 31, 31, 31, 31, 31, 31, 31, 31, 31, 31, 31, 31, 31, 31, 31, 31, 31, 31, 31, 31, 31, 31, 31, 31, 31, 31, 31, 31, 31, 31, 31, 31, 31, 31, 31, 31, 31, 31, 31, 31, 31, 31, 31, 31, 31, 31, 31, 31, 31, 31, 31, 31, 31, 31, 31, 31, 31, 31, 31, 31, 31, 31, 31, 31, 31, 31, 31, 31, 31, 31, 31, 31, 31, 31, 31, 31, 31, 31, 31, 31, 31, 31, 31, 31, 31, 31, 31, 31, 31, 31, 31, 31, 31, 31, 31, 31, 31, 31, 31, 31, 31, 31, 31, 31, 31, 31, 31, 31, 31, 31, 31, 31, 31, 31, 31, 31, 31, 31, 31, 31, 31, 31, 31, 31, 31, 31, 31, 31, 31, 31, 31]",465,"[0.3755982518196106, 0.36448630690574646, 0.35450899600982666, 0.3463899493217468, 0.33834999799728394, 0.3292207717895508, 0.3198346197605133, 0.3095381259918213, 0.30124518275260925, 0.2924284040927887, 0.2833642363548279, 0.2759062647819519, 0.27235230803489685, 0.26594609022140503, 0.2590421438217163, 0.253962904214859, 0.2518230974674225, 0.24457710981369019, 0.24243919551372528, 0.23841449618339539, 0.2358366847038269, 0.2353108823299408, 0.2305886298418045, 0.23038433492183685, 0.22596299648284912, 0.22532926499843597, 0.22188247740268707, 0.22973263263702393, 0.21600939333438873, 0.21475528180599213, 0.2164711356163025, 0.21215000748634338, 0.21293729543685913, 0.20741046965122223, 0.20845910906791687, 0.20907245576381683, 0.20822599530220032, 0.20478811860084534, 0.20750240981578827, 0.20308555662631989, 0.20525766909122467, 0.20097114145755768, 0.2016827017068863, 0.20025622844696045, 0.1995657980442047, 0.20055615901947021, 0.20401912927627563, 0.19643324613571167, 0.1970576047897339, 0.1955990344285965, 0.19899329543113708, 0.19316738843917847, 0.19415263831615448, 0.19756881892681122, 0.19189459085464478, 0.1949792504310608, 0.19704023003578186, 0.19426678121089935, 0.19087627530097961, 0.19436146318912506, 0.19039404392242432, 0.19249019026756287, 0.1910039484500885, 0.1993570774793625, 0.19020280241966248, 0.191973477602005, 0.19144144654273987, 0.19417469203472137, 0.19511957466602325, 0.18877987563610077, 0.1887061446905136, 0.18743707239627838, 0.18819060921669006, 0.1903858780860901, 0.19145536422729492, 0.1898132562637329, 0.1837473064661026, 0.1870914250612259, 0.18737539649009705, 0.18559053540229797, 0.1876622438430786, 0.18355561792850494, 0.18671374022960663, 0.18973682820796967, 0.19298137724399567, 0.19095972180366516, 0.1873169094324112, 0.19276770949363708, 0.18877416849136353, 0.18944215774536133, 0.18834681808948517, 0.1854224056005478, 0.18500462174415588, 0.1899748593568802, 0.1865426003932953, 0.1929810494184494, 0.18755008280277252, 0.19024145603179932, 0.18118347227573395, 0.18614211678504944, 0.18848001956939697, 0.18699178099632263, 0.18274086713790894, 0.1848389208316803, 0.18813534080982208, 0.18952520191669464, 0.1862727403640747, 0.1891036033630371, 0.19249515235424042, 0.18662209808826447, 0.19007115066051483, 0.1911526322364807, 0.19269423186779022, 0.19201387465000153, 0.19324985146522522, 0.1905134618282318, 0.188660129904747, 0.1913514882326126, 0.19005991518497467, 0.19168369472026825, 0.19076387584209442, 0.18620067834854126, 0.18837599456310272, 0.19132180511951447, 0.18852147459983826, 0.19541670382022858, 0.1896335631608963, 0.19296668469905853, 0.1927250623703003, 0.1874133050441742, 0.19115521013736725, 0.1946568340063095, 0.18547944724559784, 0.18539974093437195, 0.1903221160173416, 0.19769935309886932, 0.1962021440267563, 0.19554132223129272, 0.18641120195388794, 0.19785326719284058, 0.18762220442295074, 0.19279180467128754, 0.19254273176193237, 0.19495908915996552, 0.19280707836151123, 0.18961933255195618, 0.18940401077270508, 0.18581347167491913, 0.18938542902469635, 0.19233480095863342, 0.19185061752796173, 0.19342127442359924, 0.18895572423934937, 0.1965801864862442, 0.19046232104301453, 0.1904403567314148, 0.1942845731973648, 0.189468652009964, 0.19049254059791565, 0.18810035288333893, 0.1899155080318451, 0.19282503426074982, 0.19397327303886414, 0.18928560614585876, 0.19594238698482513, 0.18925164639949799, 0.18999911844730377, 0.19166484475135803, 0.1937725692987442, 0.2025429606437683, 0.19447985291481018, 0.1935921311378479, 0.1903047412633896, 0.19388149678707123, 0.194069504737854, 0.19588878750801086, 0.1922890543937683, 0.19527925550937653, 0.19661672413349152, 0.1922719031572342, 0.1973976343870163, 0.19256895780563354, 0.20242853462696075, 0.19982515275478363, 0.19844220578670502, 0.19651882350444794, 0.19585596024990082, 0.19390176236629486, 0.19578805565834045, 0.19595453143119812, 0.20184481143951416, 0.19510076940059662, 0.19898521900177002, 0.19712360203266144, 0.1964833289384842, 0.19540159404277802, 0.1990205943584442, 0.1960151046514511, 0.19671043753623962, 0.19761060178279877, 0.19923339784145355, 0.19588002562522888, 0.19643917679786682, 0.2001812756061554, 0.20165245234966278, 0.19796222448349, 0.20235688984394073, 0.20531503856182098, 0.19804564118385315, 0.19428960978984833, 0.20683032274246216, 0.202173113822937, 0.20596086978912354, 0.20410293340682983, 0.20167280733585358, 0.20167267322540283, 0.20044860243797302, 0.2004045844078064, 0.20127174258232117, 0.2084677815437317, 0.2010369896888733, 0.20080959796905518, 0.2015809267759323, 0.20044231414794922, 0.20250403881072998, 0.20540401339530945, 0.20699992775917053, 0.20600786805152893, 0.20934411883354187, 0.2048962265253067, 0.2066027820110321, 0.20290033519268036, 0.20461897552013397, 0.20587950944900513, 0.20389115810394287, 0.2100704163312912, 0.2069273591041565, 0.2095307558774948, 0.20582309365272522, 0.20514756441116333, 0.21101288497447968, 0.21195441484451294, 0.20910224318504333, 0.21808882057666779, 0.2071906477212906, 0.20929335057735443, 0.21400763094425201, 0.21280492842197418, 0.2158120721578598, 0.21118520200252533, 0.21006344258785248, 0.21007737517356873, 0.2111160308122635, 0.21109889447689056, 0.21448858082294464, 0.21138659119606018, 0.2142229825258255, 0.2164299339056015, 0.21630533039569855, 0.21591068804264069, 0.22412437200546265, 0.22100551426410675, 0.21591602265834808, 0.21502633392810822, 0.2130950391292572, 0.22067494690418243, 0.21993984282016754, 0.21472124755382538, 0.2242305725812912, 0.22270315885543823, 0.2188500612974167, 0.22084446251392365, 0.2209683060646057, 0.21861867606639862, 0.22199201583862305, 0.21825537085533142, 0.21897073090076447, 0.22143539786338806, 0.22056490182876587, 0.21858499944210052, 0.22385385632514954, 0.22409099340438843, 0.22774021327495575, 0.22263461351394653, 0.2237352728843689, 0.2217411994934082, 0.2245585322380066, 0.22563861310482025, 0.22664593160152435, 0.22265514731407166, 0.22549381852149963, 0.2290322631597519, 0.22683203220367432, 0.23127344250679016, 0.23391073942184448, 0.22889070212841034, 0.23441103100776672, 0.23551368713378906, 0.2293146252632141, 0.23019298911094666, 0.23023177683353424, 0.23160286247730255, 0.23289236426353455, 0.2339886724948883, 0.22927550971508026, 0.23311756551265717, 0.23184876143932343, 0.2310219407081604, 0.232146754860878, 0.2348431944847107, 0.23453983664512634, 0.2344672977924347, 0.2312905192375183, 0.23427270352840424, 0.23352964222431183, 0.23926477134227753, 0.2386772185564041, 0.23317603766918182, 0.23446589708328247, 0.2425491213798523, 0.23959431052207947, 0.235488623380661, 0.23728252947330475, 0.2411317229270935, 0.2369728684425354, 0.2390843778848648, 0.23902536928653717, 0.24030828475952148, 0.23897945880889893, 0.2410164326429367, 0.24213556945323944, 0.24189643561840057, 0.24641001224517822, 0.2433527708053589, 0.24323949217796326, 0.24535201489925385, 0.24374660849571228, 0.24251815676689148, 0.2445627748966217, 0.24324823915958405, 0.24325308203697205, 0.2439475655555725, 0.24892309308052063, 0.2467428743839264, 0.24664975702762604, 0.24624866247177124, 0.2475999891757965, 0.24986517429351807, 0.24723926186561584, 0.2468014657497406, 0.2461182028055191, 0.24870599806308746, 0.2484579235315323, 0.24837179481983185, 0.25171172618865967, 0.25247427821159363, 0.2541322708129883, 0.2538627088069916, 0.2509356737136841, 0.25206005573272705, 0.2532271444797516, 0.25089478492736816, 0.2549836039543152, 0.25350943207740784, 0.251442015171051, 0.254360169172287, 0.25617602467536926, 0.25361424684524536, 0.25752702355384827, 0.25517916679382324, 0.2560817003250122, 0.25589677691459656, 0.2600080966949463, 0.2556370198726654, 0.25770336389541626, 0.2562423348426819, 0.2551911771297455, 0.25769317150115967, 0.25883010029792786, 0.26070988178253174, 0.2601621448993683, 0.26014548540115356, 0.26026278734207153, 0.26050078868865967, 0.26250946521759033, 0.2591378688812256, 0.2606833577156067, 0.2618389427661896, 0.26327115297317505, 0.26048314571380615, 0.26450449228286743, 0.262874037027359, 0.2636442184448242, 0.2633360028266907, 0.2636292576789856, 0.26414820551872253, 0.26483264565467834, 0.2658748924732208, 0.26643872261047363, 0.26579174399375916, 0.26502954959869385, 0.2652057707309723, 0.26622194051742554, 0.26835861802101135, 0.2666517496109009, 0.26660385727882385, 0.2671918272972107, 0.2678428292274475, 0.26850730180740356, 0.2697579264640808, 0.2695826590061188, 0.2699874937534332, 0.2691417634487152, 0.27074891328811646, 0.27118977904319763, 0.26895132660865784, 0.27053195238113403, 0.2692531943321228, 0.27052223682403564,