,number,value,datetime_start,datetime_complete,duration,params_batch_size_scaler,params_constant_learning_rate,params_depth,params_epochs,params_kernel_l2,params_num_trees,params_temperature,user_attrs_accuracy_test,user_attrs_accuracy_valid,user_attrs_approximate_feature_sparsity,user_attrs_approximate_feature_sparsity_history,user_attrs_approximate_weight_sparsity,user_attrs_approximate_weight_sparsity_history,user_attrs_auc_test,user_attrs_auc_valid,user_attrs_feature_sparsity,user_attrs_feature_sparsity_history,user_attrs_num_epochs,user_attrs_val_loss_history,user_attrs_weight_sparsity,user_attrs_weight_sparsity_history,state
104,104,0.7131429454728138,2024-08-31 04:33:42.499412,2024-08-31 04:34:16.037945,0 days 00:00:33.538533,64,0.028354752878831976,3,275,0.003800027902778248,45,0.0002762922319722214,0.867,0.86625,33,"[33, 33, 33, 33, 33, 33, 33, 33, 33, 33, 33, 33, 33, 33, 33, 33, 33, 33, 33, 33, 33, 33, 33, 33, 33, 33, 33, 33, 33, 33, 33, 33, 33, 33, 33, 33, 33, 33, 33, 33, 33, 33, 33, 33, 33, 33, 33, 33, 33, 33, 33, 33, 33, 33, 33, 33, 33, 33, 33, 33, 33, 33, 33, 33, 33, 33, 33, 33, 33, 33, 33, 33, 33, 33, 33, 33, 33, 33, 33, 33, 33, 33, 33, 33, 33, 33, 33, 33, 33, 33, 33, 33, 33, 33, 33, 33, 33, 33, 33, 33, 33, 33, 33, 33, 33, 33, 33, 33, 33, 33, 33, 33, 33, 33, 33, 33, 33, 33, 33, 33, 33, 33, 33, 33, 33, 33, 33, 33, 33, 33, 33, 33, 33, 33, 33, 33, 33, 33, 33, 33, 33, 33, 33, 33, 33, 33, 33, 33, 33, 33, 33, 33, 33, 33, 33, 33, 33, 33, 33, 33, 33, 33, 33, 33, 33, 33, 33, 33, 33, 33, 33, 33, 33, 33, 33, 33, 33, 33, 33, 33, 33, 33, 33, 33, 33, 33, 33, 33, 33, 33, 33, 33, 33, 33, 33, 33, 33, 33, 33, 33, 33, 33, 33, 33, 33, 33, 33, 33, 33, 33, 33, 33, 33, 33, 33, 33, 33, 33, 33, 33, 33, 33, 33, 33, 33, 33, 33, 33, 33, 33, 33, 33, 33, 33, 33, 33, 33, 33, 33, 33, 33, 33, 33, 33, 33, 33, 33, 33, 33, 33, 33, 33, 33, 33, 33, 33, 33, 33, 33, 33, 33, 33, 33, 33, 33, 33, 33, 33, 33, 33, 33, 33, 33, 33, 33]",32.977777777777774,"[32.977777777777774, 32.971428571428575, 32.98095238095238, 32.974603174603175, 32.977777777777774, 32.971428571428575, 32.971428571428575, 32.98095238095238, 32.98412698412699, 32.98095238095238, 32.98095238095238, 32.974603174603175, 32.974603174603175, 32.971428571428575, 32.96825396825397, 32.96507936507936, 32.971428571428575, 32.977777777777774, 32.977777777777774, 32.98412698412699, 32.98412698412699, 32.98412698412699, 32.98412698412699, 32.98095238095238, 32.98412698412699, 32.98730158730159, 32.98412698412699, 32.98730158730159, 32.98095238095238, 32.98412698412699, 32.98095238095238, 32.977777777777774, 32.971428571428575, 32.971428571428575, 32.96825396825397, 32.96507936507936, 32.974603174603175, 32.974603174603175, 32.98095238095238, 32.971428571428575, 32.974603174603175, 32.98730158730159, 32.98730158730159, 32.98730158730159, 32.98730158730159, 32.98730158730159, 32.99047619047619, 32.99047619047619, 32.993650793650794, 32.98730158730159, 32.98412698412699, 32.98730158730159, 32.98095238095238, 32.99047619047619, 32.98095238095238, 32.98095238095238, 32.977777777777774, 32.98095238095238, 32.98095238095238, 32.974603174603175, 32.98095238095238, 32.98095238095238, 32.98095238095238, 32.971428571428575, 32.974603174603175, 32.98095238095238, 32.98095238095238, 32.98412698412699, 32.98412698412699, 32.98095238095238, 32.977777777777774, 32.974603174603175, 32.96825396825397, 32.96507936507936, 32.96825396825397, 32.977777777777774, 32.974603174603175, 32.971428571428575, 32.971428571428575, 32.974603174603175, 32.98095238095238, 32.98095238095238, 32.98730158730159, 32.98730158730159, 32.98412698412699, 32.98095238095238, 32.974603174603175, 32.971428571428575, 32.974603174603175, 32.974603174603175, 32.977777777777774, 32.96825396825397, 32.974603174603175, 32.974603174603175, 32.974603174603175, 32.977777777777774, 32.977777777777774, 32.974603174603175, 32.971428571428575, 32.96190476190476, 32.96507936507936, 32.96507936507936, 32.96825396825397, 32.96190476190476, 32.96190476190476, 32.96507936507936, 32.96825396825397, 32.96507936507936, 32.96507936507936, 32.971428571428575, 32.971428571428575, 32.977777777777774, 32.974603174603175, 32.974603174603175, 32.971428571428575, 32.971428571428575, 32.974603174603175, 32.977777777777774, 32.977777777777774, 32.98095238095238, 32.977777777777774, 32.98730158730159, 32.98730158730159, 32.99047619047619, 32.98412698412699, 32.98730158730159, 32.974603174603175, 32.971428571428575, 32.971428571428575, 32.96825396825397, 32.977777777777774, 32.977777777777774, 32.98095238095238, 32.977777777777774, 32.977777777777774, 32.977777777777774, 32.98095238095238, 32.98095238095238, 32.98095238095238, 32.971428571428575, 32.977777777777774, 32.974603174603175, 32.971428571428575, 32.974603174603175, 32.971428571428575, 32.96825396825397, 32.971428571428575, 32.971428571428575, 32.974603174603175, 32.98095238095238, 32.977777777777774, 32.98095238095238, 32.977777777777774, 32.971428571428575, 32.974603174603175, 32.971428571428575, 32.971428571428575, 32.974603174603175, 32.974603174603175, 32.971428571428575, 32.974603174603175, 32.977777777777774, 32.977777777777774, 32.977777777777774, 32.971428571428575, 32.977777777777774, 32.977777777777774, 32.974603174603175, 32.974603174603175, 32.977777777777774, 32.98095238095238, 32.98095238095238, 32.98730158730159, 32.974603174603175, 32.98095238095238, 32.98095238095238, 32.98095238095238, 32.98095238095238, 32.98095238095238, 32.98095238095238, 32.977777777777774, 32.977777777777774, 32.974603174603175, 32.974603174603175, 32.96507936507936, 32.96825396825397, 32.974603174603175, 32.96825396825397, 32.96825396825397, 32.971428571428575, 32.974603174603175, 32.98095238095238, 32.98095238095238, 32.98730158730159, 32.99047619047619, 32.98412698412699, 32.977777777777774, 32.977777777777774, 32.98095238095238, 32.977777777777774, 32.974603174603175, 32.971428571428575, 32.974603174603175, 32.971428571428575, 32.977777777777774, 32.96825396825397, 32.971428571428575, 32.974603174603175, 32.971428571428575, 32.96825396825397, 32.974603174603175, 32.974603174603175, 32.974603174603175, 32.974603174603175, 32.974603174603175, 32.974603174603175, 32.98095238095238, 32.977777777777774, 32.974603174603175, 32.974603174603175, 32.971428571428575, 32.974603174603175, 32.977777777777774, 32.977777777777774, 32.977777777777774, 32.974603174603175, 32.977777777777774, 32.974603174603175, 32.974603174603175, 32.974603174603175, 32.971428571428575, 32.971428571428575, 32.96825396825397, 32.974603174603175, 32.974603174603175, 32.974603174603175, 32.974603174603175, 32.971428571428575, 32.96825396825397, 32.971428571428575, 32.977777777777774, 32.98412698412699, 32.98095238095238, 32.971428571428575, 32.971428571428575, 32.974603174603175, 32.98412698412699, 32.98095238095238, 32.977777777777774, 32.974603174603175, 32.974603174603175, 32.974603174603175, 32.977777777777774, 32.974603174603175, 32.977777777777774, 32.98412698412699, 32.98412698412699, 32.98095238095238, 32.98095238095238, 32.98095238095238, 32.98730158730159, 32.98412698412699, 32.98412698412699, 32.98095238095238, 32.98095238095238, 32.98095238095238, 32.98095238095238, 32.98412698412699, 32.98730158730159, 32.98730158730159, 32.98730158730159, 32.98730158730159, 32.98730158730159, 32.98412698412699, 32.977777777777774]",0.7475292893765635,0.7131429454728138,33,"[33, 33, 33, 33, 33, 33, 33, 33, 33, 33, 33, 33, 33, 33, 33, 33, 33, 33, 33, 33, 33, 33, 33, 33, 33, 33, 33, 33, 33, 33, 33, 33, 33, 33, 33, 33, 33, 33, 33, 33, 33, 33, 33, 33, 33, 33, 33, 33, 33, 33, 33, 33, 33, 33, 33, 33, 33, 33, 33, 33, 33, 33, 33, 33, 33, 33, 33, 33, 33, 33, 33, 33, 33, 33, 33, 33, 33, 33, 33, 33, 33, 33, 33, 33, 33, 33, 33, 33, 33, 33, 33, 33, 33, 33, 33, 33, 33, 33, 33, 33, 33, 33, 33, 33, 33, 33, 33, 33, 33, 33, 33, 33, 33, 33, 33, 33, 33, 33, 33, 33, 33, 33, 33, 33, 33, 33, 33, 33, 33, 33, 33, 33, 33, 33, 33, 33, 33, 33, 33, 33, 33, 33, 33, 33, 33, 33, 33, 33, 33, 33, 33, 33, 33, 33, 33, 33, 33, 33, 33, 33, 33, 33, 33, 33, 33, 33, 33, 33, 33, 33, 33, 33, 33, 33, 33, 33, 33, 33, 33, 33, 33, 33, 33, 33, 33, 33, 33, 33, 33, 33, 33, 33, 33, 33, 33, 33, 33, 33, 33, 33, 33, 33, 33, 33, 33, 33, 33, 33, 33, 33, 33, 33, 33, 33, 33, 33, 33, 33, 33, 33, 33, 33, 33, 33, 33, 33, 33, 33, 33, 33, 33, 33, 33, 33, 33, 33, 33, 33, 33, 33, 33, 33, 33, 33, 33, 33, 33, 33, 33, 33, 33, 33, 33, 33, 33, 33, 33, 33, 33, 33, 33, 33, 33, 33, 33, 33, 33, 33, 33, 33, 33, 33, 33, 33, 33]",275,"[0.7031095623970032, 0.5616359114646912, 0.4916486442089081, 0.45267215371131897, 0.429790198802948, 0.4179787337779999, 0.4100511074066162, 0.4056285619735718, 0.4017583131790161, 0.39917147159576416, 0.3969261646270752, 0.3954552710056305, 0.394809365272522, 0.393990695476532, 0.3934517800807953, 0.39298564195632935, 0.3925034999847412, 0.39205309748649597, 0.3916519284248352, 0.39130333065986633, 0.3909943103790283, 0.3906513452529907, 0.3903111219406128, 0.38993656635284424, 0.389553427696228, 0.389290452003479, 0.38898009061813354, 0.38866952061653137, 0.38836342096328735, 0.3880419135093689, 0.3877612054347992, 0.38744887709617615, 0.3871588110923767, 0.3868906795978546, 0.38655444979667664, 0.3862793743610382, 0.3859204947948456, 0.3856958746910095, 0.38544875383377075, 0.3851715326309204, 0.3849308490753174, 0.38460680842399597, 0.3844560384750366, 0.38418030738830566, 0.38388383388519287, 0.38367608189582825, 0.38347312808036804, 0.383236289024353, 0.38300079107284546, 0.38274312019348145, 0.38252419233322144, 0.38230714201927185, 0.38209599256515503, 0.3818565607070923, 0.3816791772842407, 0.3814654052257538, 0.3812653720378876, 0.38114112615585327, 0.380886048078537, 0.38073253631591797, 0.3804832696914673, 0.3803231120109558, 0.38010817766189575, 0.3798913061618805, 0.37972766160964966, 0.37967681884765625, 0.37950599193573, 0.3794184625148773, 0.3792109787464142, 0.3790953755378723, 0.3790227174758911, 0.3788719177246094, 0.3787197172641754, 0.37847796082496643, 0.37825992703437805, 0.3781227171421051, 0.3779982030391693, 0.3779001533985138, 0.37759530544281006, 0.3774217367172241, 0.3773018717765808, 0.37712860107421875, 0.376974880695343, 0.37683504819869995, 0.3767453730106354, 0.3766558766365051, 0.3766267001628876, 0.3764241933822632, 0.37627503275871277, 0.37610989809036255, 0.37604209780693054, 0.37599605321884155, 0.37587448954582214, 0.3758411407470703, 0.3757518529891968, 0.37563979625701904, 0.3753993511199951, 0.37527382373809814, 0.37514635920524597, 0.374960333108902, 0.3748859465122223, 0.37478718161582947, 0.3747156262397766, 0.3746797442436218, 0.3745904862880707, 0.37452733516693115, 0.3743198812007904, 0.37427860498428345, 0.37401849031448364, 0.373860239982605, 0.37375542521476746, 0.3736110329627991, 0.3735251724720001, 0.3733671307563782, 0.3732260763645172, 0.37309956550598145, 0.37294650077819824, 0.37281566858291626, 0.372702956199646, 0.372597873210907, 0.37245652079582214, 0.37235069274902344, 0.3722578287124634, 0.3721809387207031, 0.37208792567253113, 0.37202003598213196, 0.37194928526878357, 0.3718433678150177, 0.37175092101097107, 0.3716641664505005, 0.37159159779548645, 0.37152865529060364, 0.37143194675445557, 0.3714108169078827, 0.3713182210922241, 0.3712165951728821, 0.3710769712924957, 0.3709496557712555, 0.37089619040489197, 0.37082409858703613, 0.37074515223503113, 0.3706680238246918, 0.37059152126312256, 0.37053048610687256, 0.37045469880104065, 0.3703251779079437, 0.3702224791049957, 0.37008750438690186, 0.36995160579681396, 0.3698939383029938, 0.3698090612888336, 0.36972567439079285, 0.369683176279068, 0.36954018473625183, 0.3694106936454773, 0.36941543221473694, 0.3693482279777527, 0.3693912625312805, 0.3694266974925995, 0.3692968487739563, 0.369161456823349, 0.36909180879592896, 0.36908158659935, 0.36892908811569214, 0.3687307834625244, 0.36862480640411377, 0.36860737204551697, 0.3686312437057495, 0.3685082495212555, 0.3683728873729706, 0.3683640956878662, 0.3683452308177948, 0.36828261613845825, 0.3680650293827057, 0.3680388927459717, 0.3678683936595917, 0.3678230941295624, 0.36767303943634033, 0.36757832765579224, 0.36749258637428284, 0.3673885762691498, 0.36734864115715027, 0.36726582050323486, 0.36722296476364136, 0.367177277803421, 0.36720094084739685, 0.3671281337738037, 0.36708977818489075, 0.3669939339160919, 0.36698219180107117, 0.3669271469116211, 0.3669455349445343, 0.3667311370372772, 0.36674433946609497, 0.36659741401672363, 0.36652371287345886, 0.36644604802131653, 0.3664027154445648, 0.3662487268447876, 0.36618751287460327, 0.366062730550766, 0.3660045862197876, 0.36594337224960327, 0.3658137917518616, 0.3657917082309723, 0.3657512366771698, 0.3656598627567291, 0.3657166361808777, 0.3656529486179352, 0.36556556820869446, 0.36541545391082764, 0.3653765618801117, 0.3652970790863037, 0.3652978837490082, 0.3651788830757141, 0.36508288979530334, 0.36505794525146484, 0.36499783396720886, 0.36492428183555603, 0.36497238278388977, 0.3648220896720886, 0.3646191656589508, 0.36457523703575134, 0.36445099115371704, 0.3643474280834198, 0.3642876446247101, 0.364287793636322, 0.3641814887523651, 0.3641003370285034, 0.3640485107898712, 0.36396080255508423, 0.3638473153114319, 0.3638173043727875, 0.36372965574264526, 0.3636707663536072, 0.36358797550201416, 0.36354538798332214, 0.36347758769989014, 0.36342498660087585, 0.3634530007839203, 0.36335456371307373, 0.36329901218414307, 0.36320751905441284, 0.36312830448150635, 0.36306527256965637, 0.36299845576286316, 0.36297833919525146, 0.36288535594940186, 0.36277684569358826, 0.362714946269989, 0.3626803159713745, 0.36263957619667053, 0.36260902881622314, 0.3625508248806, 0.3624754250049591, 0.36241817474365234, 0.3624177575111389, 0.3624539077281952, 0.3624361455440521, 0.3623356223106384, 0.362235426902771, 0.36209747195243835, 0.3621062934398651, 0.3620648980140686, 0.36201363801956177, 0.3619459569454193, 0.3618193566799164, 0.36176222562789917, 0.36170873045921326, 0.3617304265499115, 0.3616340756416321, 0.3615492284297943, 0.36142489314079285, 0.361412912607193, 0.3613828718662262]",33.0,"[33.0, 33.0, 33.0, 33.0, 33.0, 33.0, 33.0, 33.0, 33.0, 33.0, 33.0, 33.0, 33.0, 33.0, 33.0, 33.0, 33.0, 33.0, 33.0, 33.0, 33.0, 33.0, 33.0, 33.0, 33.0, 33.0, 33.0, 33.0, 33.0, 33.0, 33.0, 33.0, 33.0, 33.0, 33.0, 33.0, 33.0, 33.0, 33.0, 33.0, 33.0, 33.0, 33.0, 33.0, 33.0, 33.0, 33.0, 33.0, 33.0, 33.0, 33.0, 33.0, 33.0, 33.0, 33.0, 33.0, 33.0, 33.0, 33.0, 33.0, 33.0, 33.0, 33.0, 33.0, 33.0, 33.0, 33.0, 33.0, 33.0, 33.0, 33.0, 33.0, 33.0, 33.0, 33.0, 33.0, 33.0, 33.0, 33.0, 33.0, 33.0, 33.0, 33.0, 33.0, 33.0, 33.0, 33.0, 33.0, 33.0, 33.0, 33.0, 33.0, 33.0, 33.0, 33.0, 33.0, 33.0, 33.0, 33.0, 33.0, 33.0, 33.0, 33.0, 33.0, 33.0, 33.0, 33.0, 33.0, 33.0, 33.0, 33.0, 33.0, 33.0, 33.0, 33.0, 33.0, 33.0, 33.0, 33.0, 33.0, 33.0, 33.0, 33.0, 33.0, 33.0, 33.0, 33.0, 33.0, 33.0, 33.0, 33.0, 33.0, 33.0, 33.0, 33.0, 33.0, 33.0, 33.0, 33.0, 33.0, 33.0, 33.0, 33.0, 33.0, 33.0, 33.0, 33.0, 33.0, 33.0, 33.0, 33.0, 33.0, 33.0, 33.0, 33.0, 33.0, 33.0, 33.0, 33.0, 33.0, 33.0, 33.0, 33.0, 33.0, 33.0, 33.0, 33.0, 33.0, 33.0, 33.0, 33.0, 33.0, 33.0, 33.0, 33.0, 33.0, 33.0, 33.0, 33.0, 33.0, 33.0, 33.0, 33.0, 33.0, 33.0, 33.0, 33.0, 33.0, 33.0, 33.0, 33.0, 33.0, 33.0, 33.0, 33.0, 33.0, 33.0, 33.0, 33.0, 33.0, 33.0, 33.0, 33.0, 33.0, 33.0, 33.0, 33.0, 33.0, 33.0, 33.0, 33.0, 33.0, 33.0, 33.0, 33.0, 33.0, 33.0, 33.0, 33.0, 33.0, 33.0, 33.0, 33.0, 33.0, 33.0, 33.0, 33.0, 33.0, 33.0, 33.0, 33.0, 33.0, 33.0, 33.0, 33.0, 33.0, 33.0, 33.0, 33.0, 33.0, 33.0, 33.0, 33.0, 33.0, 33.0, 33.0, 33.0, 33.0, 33.0, 33.0, 33.0, 33.0, 33.0, 33.0, 33.0, 33.0, 33.0, 33.0, 33.0, 33.0, 33.0, 33.0, 33.0, 33.0, 33.0, 33.0, 33.0, 33.0, 33.0, 33.0, 33.0, 33.0, 33.0, 33.0, 33.0]",COMPLETE
105,105,0.9186278677332509,2024-08-31 04:34:16.052701,2024-08-31 04:34:48.361206,0 days 00:00:32.308505,1,0.08090131692791261,4,35,0.001175253086946742,37,0.007911808272387903,0.924,0.92375,33,"[33, 33, 33, 33, 33, 33, 33, 33, 33, 33, 33, 33, 33, 33, 33, 33, 33, 33, 33, 33, 33, 33, 33, 33, 33, 33, 33, 33, 33, 33, 33, 33, 33, 33, 33]",32.97117117117117,"[32.97837837837838, 32.972972972972975, 32.97477477477477, 32.97837837837838, 32.97117117117117, 32.98198198198198, 32.95855855855856, 32.98018018018018, 32.96756756756756, 32.976576576576576, 32.97477477477477, 32.96036036036036, 32.95855855855856, 32.97117117117117, 32.972972972972975, 32.98018018018018, 32.976576576576576, 32.96936936936937, 32.96396396396396, 32.97477477477477, 32.97117117117117, 32.96936936936937, 32.976576576576576, 32.97297297297297, 32.97117117117117, 32.96936936936937, 32.97837837837838, 32.976576576576576, 32.97117117117117, 32.96396396396396, 32.97117117117117, 32.97117117117117, 32.97837837837838, 32.98018018018018, 32.97117117117117]",0.9018155698115076,0.9186278677332509,33,"[33, 33, 33, 33, 33, 33, 33, 33, 33, 33, 33, 33, 33, 33, 33, 33, 33, 33, 33, 33, 33, 33, 33, 33, 33, 33, 33, 33, 33, 33, 33, 33, 33, 33, 33]",35,"[0.37654340267181396, 0.3670210540294647, 0.36082157492637634, 0.3523196280002594, 0.34670716524124146, 0.3389013409614563, 0.33094319701194763, 0.32490625977516174, 0.31639859080314636, 0.3074273467063904, 0.2994920015335083, 0.2910410463809967, 0.28506216406822205, 0.276454895734787, 0.2692534923553467, 0.26422056555747986, 0.25825759768486023, 0.2527913749217987, 0.250469833612442, 0.24909110367298126, 0.24507765471935272, 0.24101726710796356, 0.23764243721961975, 0.23449888825416565, 0.2326250821352005, 0.22870436310768127, 0.22550387680530548, 0.22541911900043488, 0.22569747269153595, 0.22425881028175354, 0.2191169410943985, 0.2188781201839447, 0.21662278473377228, 0.21311835944652557, 0.21196278929710388]",33.0,"[33.0, 33.0, 33.0, 33.0, 33.0, 33.0, 33.0, 33.0, 33.0, 33.0, 33.0, 33.0, 33.0, 33.0, 33.0, 33.0, 33.0, 33.0, 33.0, 33.0, 33.0, 33.0, 33.0, 33.0, 33.0, 33.0, 33.0, 33.0, 33.0, 33.0, 33.0, 33.0, 33.0, 33.0, 33.0]",COMPLETE
