,number,value,datetime_start,datetime_complete,duration,params_batch_size_scaler,params_constant_learning_rate,params_depth,params_epochs,params_kernel_l2,params_num_trees,params_temperature,user_attrs_accuracy_test,user_attrs_accuracy_valid,user_attrs_approximate_feature_sparsity,user_attrs_approximate_feature_sparsity_history,user_attrs_approximate_weight_sparsity,user_attrs_approximate_weight_sparsity_history,user_attrs_auc_test,user_attrs_auc_valid,user_attrs_feature_sparsity,user_attrs_feature_sparsity_history,user_attrs_num_epochs,user_attrs_val_loss_history,user_attrs_weight_sparsity,user_attrs_weight_sparsity_history,state
59,59,0.8621427007252256,2024-08-31 03:06:40.434766,2024-08-31 03:06:48.659905,0 days 00:00:08.225139,4,1.5436060730529575,1,30,0.0015935218483988918,96,0.0020249546736668417,0.859,0.85875,10,"[33, 19, 14, 10, 10, 10, 10, 10, 10, 10, 10, 10, 10, 10, 10, 10, 10, 10, 10, 10, 10, 10, 10, 10, 10, 10, 10, 10, 10, 10]",10.0,"[32.989583333333336, 18.989583333333336, 14.0, 10.0, 10.0, 10.0, 10.0, 10.0, 10.0, 10.0, 10.0, 10.0, 10.0, 10.0, 10.0, 9.979166666666668, 10.0, 10.0, 9.989583333333334, 10.0, 10.0, 10.0, 10.0, 10.0, 9.989583333333334, 10.0, 10.0, 10.0, 10.0, 10.0]",0.8547461587364493,0.8621427007252256,10,"[33, 19, 14, 10, 10, 10, 10, 10, 10, 10, 10, 10, 10, 10, 10, 10, 10, 10, 10, 10, 10, 10, 10, 10, 10, 10, 10, 10, 10, 10]",30,"[14.301722526550293, 12.689037322998047, 2.8280158042907715, 1.0067298412322998, 3.9704678058624268, 2.51957631111145, 1.362497091293335, 1.5965588092803955, 12.869935035705566, 3.033320903778076, 1.0291357040405273, 0.9875882863998413, 2.209634304046631, 2.5633468627929688, 4.860031604766846, 1.1015509366989136, 1.7513612508773804, 8.078749656677246, 1.1115795373916626, 1.2584826946258545, 0.8766084909439087, 3.321742534637451, 4.345010757446289, 1.2444345951080322, 1.3937819004058838, 6.805842876434326, 11.759565353393555, 0.777787983417511, 0.594932496547699, 8.398274421691895]",10.0,"[33.0, 19.0, 14.0, 10.0, 10.0, 10.0, 10.0, 10.0, 10.0, 10.0, 10.0, 10.0, 10.0, 10.0, 10.0, 10.0, 10.0, 10.0, 10.0, 10.0, 10.0, 10.0, 10.0, 10.0, 10.0, 10.0, 10.0, 10.0, 10.0, 10.0]",COMPLETE
60,60,0.5,2024-08-31 03:06:48.672359,2024-08-31 03:10:13.562107,0 days 00:03:24.889748,1,3.259171351937368,1,255,0.011634232815998026,17,0.0007524820205634148,0.859,0.85875,0,"[21, 14, 9, 6, 5, 2, 2, 0, 0, 0, 0, 0, 0, 0, 0, 0, 0, 0, 0, 0, 0, 0, 0, 0, 0, 0, 0, 0, 0, 0, 0, 0, 0, 0, 0, 0, 0, 0, 0, 0, 0, 0, 0, 0, 0, 0, 0, 0, 0, 0, 0, 0, 0, 0, 0, 0, 0, 0, 0, 0, 0, 0, 0, 0, 0, 0, 0, 0, 0, 0, 0, 0, 0, 0, 0, 0, 0, 0, 0, 0, 0, 0, 0, 0, 0, 0, 0, 0, 0, 0, 0, 0, 0, 0, 0, 0, 0, 0, 0, 0, 0, 0, 0, 0, 0, 0, 0, 0, 0, 0, 0, 0, 0, 0, 0, 0, 0, 0, 0, 0, 0, 0, 0, 0, 0, 0, 0, 0, 0, 0, 0, 0, 0, 0, 0, 0, 0, 0, 0, 0, 0, 0, 0, 0, 0, 0, 0, 0, 0, 0, 0, 0, 0, 0, 0, 0, 0, 0, 0, 0, 0, 0, 0, 0, 0, 0, 0, 0, 0, 0, 0, 0, 0, 0, 0, 0, 0, 0, 0, 0, 0, 0, 0, 0, 0, 0, 0, 0, 0, 0, 0, 0, 0, 0, 0, 0, 0, 0, 0, 0, 0, 0, 0, 0, 0, 0, 0, 0, 0, 0, 0, 0, 0, 0, 0, 0, 0, 0, 0, 0, 0, 0, 0, 0, 0, 0, 0, 0, 0, 0, 0, 0, 0, 0, 0, 0, 0, 0, 0, 0, 0, 0, 0, 0, 0, 0, 0, 0, 0, 0, 0, 0, 0, 0, 0]",0.0,"[21.0, 13.941176470588236, 9.0, 6.0, 5.0, 2.0, 2.0, 0.0, 0.0, 0.0, 0.0, 0.0, 0.0, 0.0, 0.0, 0.0, 0.0, 0.0, 0.0, 0.0, 0.0, 0.0, 0.0, 0.0, 0.0, 0.0, 0.0, 0.0, 0.0, 0.0, 0.0, 0.0, 0.0, 0.0, 0.0, 0.0, 0.0, 0.0, 0.0, 0.0, 0.0, 0.0, 0.0, 0.0, 0.0, 0.0, 0.0, 0.0, 0.0, 0.0, 0.0, 0.0, 0.0, 0.0, 0.0, 0.0, 0.0, 0.0, 0.0, 0.0, 0.0, 0.0, 0.0, 0.0, 0.0, 0.0, 0.0, 0.0, 0.0, 0.0, 0.0, 0.0, 0.0, 0.0, 0.0, 0.0, 0.0, 0.0, 0.0, 0.0, 0.0, 0.0, 0.0, 0.0, 0.0, 0.0, 0.0, 0.0, 0.0, 0.0, 0.0, 0.0, 0.0, 0.0, 0.0, 0.0, 0.0, 0.0, 0.0, 0.0, 0.0, 0.0, 0.0, 0.0, 0.0, 0.0, 0.0, 0.0, 0.0, 0.0, 0.0, 0.0, 0.0, 0.0, 0.0, 0.0, 0.0, 0.0, 0.0, 0.0, 0.0, 0.0, 0.0, 0.0, 0.0, 0.0, 0.0, 0.0, 0.0, 0.0, 0.0, 0.0, 0.0, 0.0, 0.0, 0.0, 0.0, 0.0, 0.0, 0.0, 0.0, 0.0, 0.0, 0.0, 0.0, 0.0, 0.0, 0.0, 0.0, 0.0, 0.0, 0.0, 0.0, 0.0, 0.0, 0.0, 0.0, 0.0, 0.0, 0.0, 0.0, 0.0, 0.0, 0.0, 0.0, 0.0, 0.0, 0.0, 0.0, 0.0, 0.0, 0.0, 0.0, 0.0, 0.0, 0.0, 0.0, 0.0, 0.0, 0.0, 0.0, 0.0, 0.0, 0.0, 0.0, 0.0, 0.0, 0.0, 0.0, 0.0, 0.0, 0.0, 0.0, 0.0, 0.0, 0.0, 0.0, 0.0, 0.0, 0.0, 0.0, 0.0, 0.0, 0.0, 0.0, 0.0, 0.0, 0.0, 0.0, 0.0, 0.0, 0.0, 0.0, 0.0, 0.0, 0.0, 0.0, 0.0, 0.0, 0.0, 0.0, 0.0, 0.0, 0.0, 0.0, 0.0, 0.0, 0.0, 0.0, 0.0, 0.0, 0.0, 0.0, 0.0, 0.0, 0.0, 0.0, 0.0, 0.0, 0.0, 0.0, 0.0, 0.0, 0.0, 0.0, 0.0, 0.0, 0.0, 0.0, 0.0, 0.0, 0.0, 0.0, 0.0, 0.0]",0.5,0.5,0,"[21, 14, 9, 6, 5, 2, 2, 0, 0, 0, 0, 0, 0, 0, 0, 0, 0, 0, 0, 0, 0, 0, 0, 0, 0, 0, 0, 0, 0, 0, 0, 0, 0, 0, 0, 0, 0, 0, 0, 0, 0, 0, 0, 0, 0, 0, 0, 0, 0, 0, 0, 0, 0, 0, 0, 0, 0, 0, 0, 0, 0, 0, 0, 0, 0, 0, 0, 0, 0, 0, 0, 0, 0, 0, 0, 0, 0, 0, 0, 0, 0, 0, 0, 0, 0, 0, 0, 0, 0, 0, 0, 0, 0, 0, 0, 0, 0, 0, 0, 0, 0, 0, 0, 0, 0, 0, 0, 0, 0, 0, 0, 0, 0, 0, 0, 0, 0, 0, 0, 0, 0, 0, 0, 0, 0, 0, 0, 0, 0, 0, 0, 0, 0, 0, 0, 0, 0, 0, 0, 0, 0, 0, 0, 0, 0, 0, 0, 0, 0, 0, 0, 0, 0, 0, 0, 0, 0, 0, 0, 0, 0, 0, 0, 0, 0, 0, 0, 0, 0, 0, 0, 0, 0, 0, 0, 0, 0, 0, 0, 0, 0, 0, 0, 0, 0, 0, 0, 0, 0, 0, 0, 0, 0, 0, 0, 0, 0, 0, 0, 0, 0, 0, 0, 0, 0, 0, 0, 0, 0, 0, 0, 0, 0, 0, 0, 0, 0, 0, 0, 0, 0, 0, 0, 0, 0, 0, 0, 0, 0, 0, 0, 0, 0, 0, 0, 0, 0, 0, 0, 0, 0, 0, 0, 0, 0, 0, 0, 0, 0, 0, 0, 0, 0, 0, 0]",255,"[1.688255786895752, 5.2405524253845215, 1.6815681457519531, 0.8930891156196594, 2.179624557495117, 3.193148612976074, 2.25958514213562, 0.5623061060905457, 4.753470420837402, 6.118447780609131, 2.0205531120300293, 4.451310157775879, 2.788020372390747, 0.7521359324455261, 2.627333164215088, 6.40950870513916, 5.202718734741211, 3.3561463356018066, 3.3718466758728027, 8.078439712524414, 5.081794261932373, 5.794107437133789, 5.878843307495117, 0.9234684705734253, 8.250326156616211, 3.1825027465820312, 2.9975059032440186, 0.42071306705474854, 4.97025203704834, 3.91158390045166, 0.6616517901420593, 2.8095862865448, 1.8034427165985107, 1.8571215867996216, 5.6877217292785645, 4.908954620361328, 0.548632800579071, 3.4084951877593994, 3.8658957481384277, 2.120084285736084, 5.422781944274902, 0.4900151193141937, 3.5686774253845215, 1.3977384567260742, 0.7416303157806396, 2.3358147144317627, 1.8736971616744995, 5.8995466232299805, 0.557854950428009, 0.5586354732513428, 5.038027763366699, 1.2933496236801147, 3.378350257873535, 0.7213616371154785, 6.6237382888793945, 2.5589802265167236, 4.31712532043457, 0.4261879324913025, 0.8511932492256165, 6.3476338386535645, 0.4090386629104614, 4.360652446746826, 0.40936991572380066, 4.32904577255249, 2.4234986305236816, 1.7386372089385986, 1.216949701309204, 1.728605031967163, 0.4611290395259857, 5.921092510223389, 3.9150564670562744, 0.9263349175453186, 3.9729278087615967, 2.983741044998169, 0.7161613702774048, 1.223534107208252, 1.512369990348816, 2.050933361053467, 3.307525634765625, 5.220975399017334, 0.8946874141693115, 4.2739973068237305, 5.889035224914551, 4.870913505554199, 0.41442614793777466, 4.979038238525391, 4.4608235359191895, 3.572465181350708, 0.4102029800415039, 8.055747032165527, 2.7412655353546143, 0.7264542579650879, 0.7482545971870422, 1.4016615152359009, 3.8541321754455566, 1.3516372442245483, 4.885679244995117, 0.4081995487213135, 1.1508771181106567, 6.9740777015686035, 0.7706465125083923, 5.0614118576049805, 0.40731093287467957, 5.377615451812744, 5.444438457489014, 1.814797043800354, 1.3300001621246338, 0.6275706887245178, 5.9369964599609375, 2.2460384368896484, 4.359850883483887, 1.3828697204589844, 6.790834426879883, 0.4099029302597046, 3.5363543033599854, 1.8653035163879395, 10.487872123718262, 1.2789421081542969, 5.50044059753418, 5.089404582977295, 1.5245394706726074, 4.977129936218262, 3.380208730697632, 2.878202438354492, 0.8061209321022034, 0.7816774249076843, 0.4306246042251587, 4.428569316864014, 1.68296217918396, 6.294912815093994, 4.433371543884277, 6.009311676025391, 3.8918046951293945, 4.406978130340576, 1.832978367805481, 0.47511371970176697, 3.3976073265075684, 0.7330864071846008, 3.8313474655151367, 0.4152686297893524, 4.930424690246582, 0.60309898853302, 4.2372050285339355, 3.910025119781494, 5.124823093414307, 2.636850357055664, 6.400665760040283, 0.4158632755279541, 4.811254501342773, 1.3017123937606812, 3.214921236038208, 0.41010093688964844, 4.318083763122559, 1.8118793964385986, 4.849433898925781, 1.783593773841858, 3.9425477981567383, 1.3082528114318848, 2.127884864807129, 2.880758285522461, 0.7246271371841431, 4.921533584594727, 0.5243495106697083, 0.4820021092891693, 0.7712295055389404, 1.7700762748718262, 4.9771246910095215, 5.342519760131836, 3.3006792068481445, 6.5291571617126465, 2.7926650047302246, 1.5819270610809326, 1.688597559928894, 0.43900105357170105, 0.41943109035491943, 5.956705093383789, 3.057145118713379, 1.7872744798660278, 4.370476722717285, 4.662480354309082, 1.2405972480773926, 0.8017586469650269, 1.3184480667114258, 6.944196701049805, 2.3233091831207275, 2.8629257678985596, 2.648566484451294, 0.40758660435676575, 4.175256252288818, 2.776707410812378, 1.4781373739242554, 6.395965576171875, 2.36556339263916, 4.840136528015137, 0.8956553936004639, 1.3475487232208252, 7.584661960601807, 3.642909526824951, 5.399343967437744, 1.8547900915145874, 4.894365310668945, 4.911072254180908, 6.473535060882568, 6.432069301605225, 1.9399633407592773, 4.1771559715271, 3.94364857673645, 0.6949214339256287, 0.6081673502922058, 3.985664129257202, 5.071042537689209, 2.328843593597412, 2.4282655715942383, 6.534191131591797, 0.8406416177749634, 3.2380220890045166, 1.7898162603378296, 2.616259813308716, 1.7724429368972778, 1.7126209735870361, 6.4272050857543945, 0.43363770842552185, 4.286410808563232, 2.996218681335449, 0.41291290521621704, 6.396421909332275, 1.3307517766952515, 1.7833726406097412, 3.379622459411621, 6.500120162963867, 8.497949600219727, 0.9610829949378967, 0.9011318683624268, 3.706480026245117, 1.1106497049331665, 3.25260066986084, 5.703774452209473, 0.9326847195625305, 2.0550527572631836, 0.8026670813560486, 2.158200979232788, 10.73575210571289, 1.7403987646102905, 4.98409366607666, 1.5434353351593018, 3.5474939346313477, 3.8896191120147705, 5.412998676300049, 4.073147773742676, 0.48576831817626953, 1.4333091974258423, 5.364910125732422, 3.7862796783447266, 3.3369812965393066, 2.719557285308838]",0.0,"[21.0, 14.0, 9.0, 6.0, 5.0, 2.0, 2.0, 0.0, 0.0, 0.0, 0.0, 0.0, 0.0, 0.0, 0.0, 0.0, 0.0, 0.0, 0.0, 0.0, 0.0, 0.0, 0.0, 0.0, 0.0, 0.0, 0.0, 0.0, 0.0, 0.0, 0.0, 0.0, 0.0, 0.0, 0.0, 0.0, 0.0, 0.0, 0.0, 0.0, 0.0, 0.0, 0.0, 0.0, 0.0, 0.0, 0.0, 0.0, 0.0, 0.0, 0.0, 0.0, 0.0, 0.0, 0.0, 0.0, 0.0, 0.0, 0.0, 0.0, 0.0, 0.0, 0.0, 0.0, 0.0, 0.0, 0.0, 0.0, 0.0, 0.0, 0.0, 0.0, 0.0, 0.0, 0.0, 0.0, 0.0, 0.0, 0.0, 0.0, 0.0, 0.0, 0.0, 0.0, 0.0, 0.0, 0.0, 0.0, 0.0, 0.0, 0.0, 0.0, 0.0, 0.0, 0.0, 0.0, 0.0, 0.0, 0.0, 0.0, 0.0, 0.0, 0.0, 0.0, 0.0, 0.0, 0.0, 0.0, 0.0, 0.0, 0.0, 0.0, 0.0, 0.0, 0.0, 0.0, 0.0, 0.0, 0.0, 0.0, 0.0, 0.0, 0.0, 0.0, 0.0, 0.0, 0.0, 0.0, 0.0, 0.0, 0.0, 0.0, 0.0, 0.0, 0.0, 0.0, 0.0, 0.0, 0.0, 0.0, 0.0, 0.0, 0.0, 0.0, 0.0, 0.0, 0.0, 0.0, 0.0, 0.0, 0.0, 0.0, 0.0, 0.0, 0.0, 0.0, 0.0, 0.0, 0.0, 0.0, 0.0, 0.0, 0.0, 0.0, 0.0, 0.0, 0.0, 0.0, 0.0, 0.0, 0.0, 0.0, 0.0, 0.0, 0.0, 0.0, 0.0, 0.0, 0.0, 0.0, 0.0, 0.0, 0.0, 0.0, 0.0, 0.0, 0.0, 0.0, 0.0, 0.0, 0.0, 0.0, 0.0, 0.0, 0.0, 0.0, 0.0, 0.0, 0.0, 0.0, 0.0, 0.0, 0.0, 0.0, 0.0, 0.0, 0.0, 0.0, 0.0, 0.0, 0.0, 0.0, 0.0, 0.0, 0.0, 0.0, 0.0, 0.0, 0.0, 0.0, 0.0, 0.0, 0.0, 0.0, 0.0, 0.0, 0.0, 0.0, 0.0, 0.0, 0.0, 0.0, 0.0, 0.0, 0.0, 0.0, 0.0, 0.0, 0.0, 0.0, 0.0, 0.0, 0.0, 0.0, 0.0, 0.0, 0.0, 0.0, 0.0, 0.0, 0.0, 0.0, 0.0, 0.0, 0.0]",COMPLETE
