,number,value,datetime_start,datetime_complete,duration,params_batch_size_scaler,params_constant_learning_rate,params_depth,params_epochs,params_kernel_l2,params_num_trees,params_temperature,user_attrs_accuracy_test,user_attrs_accuracy_valid,user_attrs_approximate_feature_sparsity,user_attrs_approximate_feature_sparsity_history,user_attrs_approximate_weight_sparsity,user_attrs_approximate_weight_sparsity_history,user_attrs_auc_test,user_attrs_auc_valid,user_attrs_feature_sparsity,user_attrs_feature_sparsity_history,user_attrs_num_epochs,user_attrs_val_loss_history,user_attrs_weight_sparsity,user_attrs_weight_sparsity_history,state
85,85,0.930736432610684,2024-08-31 04:04:43.174641,2024-08-31 04:08:05.196440,0 days 00:03:22.021799,4,0.08695672489025678,4,375,0.003483938649255393,30,0.00201348477379262,0.941,0.95125,33,"[33, 33, 33, 33, 33, 33, 33, 33, 33, 33, 33, 33, 33, 33, 33, 33, 33, 33, 33, 33, 33, 33, 33, 33, 33, 33, 33, 33, 33, 33, 33, 33, 33, 33, 33, 33, 33, 33, 33, 33, 33, 33, 33, 33, 33, 33, 33, 33, 33, 33, 33, 33, 33, 33, 33, 33, 33, 33, 33, 33, 33, 33, 33, 33, 33, 33, 33, 33, 33, 33, 33, 33, 33, 33, 33, 33, 33, 33, 33, 33, 33, 33, 33, 33, 33, 33, 33, 33, 33, 33, 33, 33, 33, 33, 33, 33, 33, 33, 33, 33, 33, 33, 33, 33, 33, 33, 33, 33, 33, 33, 33, 33, 33, 33, 33, 33, 33, 33, 33, 33, 33, 33, 33, 33, 33, 33, 33, 33, 33, 33, 33, 33, 33, 33, 33, 33, 33, 33, 33, 33, 33, 33, 33, 33, 33, 33, 33, 33, 33, 33, 33, 33, 33, 33, 33, 33, 33, 33, 33, 33, 33, 33, 33, 33, 33, 33, 33, 33, 33, 33, 33, 33, 33, 33, 33, 33, 33, 33, 33, 33, 33, 33, 33, 33, 33, 33, 33, 33, 33, 33, 33, 33, 33, 33, 33, 33, 33, 33, 33, 33, 33, 33, 33, 33, 33, 33, 33, 33, 33, 33, 33, 33, 33, 33, 33, 33, 33, 33, 33, 33, 33, 33, 33, 33, 33, 33, 33, 33, 33, 33, 33, 33, 33, 33, 33, 33, 33, 33, 33, 33, 33, 33, 33, 33, 33, 33, 33, 33, 33, 33, 33, 33, 33, 33, 33, 33, 33, 33, 33, 33, 33, 33, 33, 33, 33, 33, 33, 33, 33, 33, 33, 33, 33, 33, 33, 33, 33, 33, 33, 33, 33, 33, 33, 33, 33, 33, 33, 33, 33, 33, 33, 33, 33, 33, 33, 33, 33, 33, 33, 33, 33, 33, 33, 33, 33, 33, 33, 33, 33, 33, 33, 33, 33, 33, 33, 33, 33, 33, 33, 33, 33, 33, 33, 33, 33, 33, 33, 33, 33, 33, 33, 33, 33, 33, 33, 33, 33, 33, 33, 33, 33, 33, 33, 33, 33, 33, 33, 33, 33, 33, 33, 33, 33, 33, 33, 33, 33, 33, 33, 33, 33, 33, 33, 33, 33, 33, 33, 33, 33, 33, 33, 33, 33, 33, 33]",32.95777777777778,"[32.971111111111114, 32.96666666666667, 32.96888888888889, 32.96888888888889, 32.96666666666667, 32.98888888888889, 32.98222222222223, 32.96666666666667, 32.97555555555556, 32.973333333333336, 32.980000000000004, 32.97777777777778, 32.964444444444446, 32.96888888888889, 32.973333333333336, 32.971111111111114, 32.98444444444444, 32.971111111111114, 32.98222222222222, 32.98222222222222, 32.971111111111114, 32.971111111111114, 32.97555555555556, 32.986666666666665, 32.986666666666665, 32.98222222222222, 32.98222222222222, 32.98222222222223, 32.980000000000004, 32.98444444444445, 32.971111111111114, 32.97555555555556, 32.96888888888889, 32.97333333333333, 32.986666666666665, 32.97777777777778, 32.97333333333333, 32.98222222222222, 32.97555555555556, 32.98222222222223, 32.97777777777778, 32.98444444444444, 32.977777777777774, 32.98222222222222, 32.971111111111114, 32.96222222222222, 32.980000000000004, 32.97555555555556, 32.971111111111114, 32.97555555555556, 32.97555555555556, 32.97777777777778, 32.98222222222222, 32.97777777777778, 32.96666666666667, 32.98444444444444, 32.98, 32.98444444444444, 32.97555555555556, 32.971111111111114, 32.964444444444446, 32.96666666666667, 32.96888888888889, 32.977777777777774, 32.97777777777778, 32.97555555555555, 32.986666666666665, 32.97777777777778, 32.96666666666667, 32.97555555555556, 32.964444444444446, 32.964444444444446, 32.97555555555556, 32.97777777777778, 32.96666666666667, 32.973333333333336, 32.98444444444444, 32.98222222222222, 32.980000000000004, 32.98222222222222, 32.97777777777778, 32.98444444444444, 32.980000000000004, 32.971111111111114, 32.98222222222222, 32.98444444444444, 32.96888888888889, 32.980000000000004, 32.977777777777774, 32.97555555555556, 32.980000000000004, 32.98222222222222, 32.973333333333336, 32.96222222222222, 32.973333333333336, 32.98222222222222, 32.97555555555556, 32.98222222222223, 32.96666666666667, 32.98444444444444, 32.980000000000004, 32.980000000000004, 32.980000000000004, 32.97777777777778, 32.980000000000004, 32.98222222222222, 32.96666666666667, 32.97777777777778, 32.96666666666667, 32.971111111111114, 32.95333333333333, 32.964444444444446, 32.95777777777778, 32.95777777777778, 32.971111111111114, 32.973333333333336, 32.971111111111114, 32.96666666666667, 32.96888888888889, 32.96888888888889, 32.97555555555556, 32.973333333333336, 32.973333333333336, 32.980000000000004, 32.97777777777778, 32.977777777777774, 32.98222222222222, 32.97555555555556, 32.97555555555556, 32.97777777777778, 32.96888888888889, 32.96666666666667, 32.980000000000004, 32.971111111111114, 32.97333333333333, 32.971111111111114, 32.96222222222222, 32.973333333333336, 32.973333333333336, 32.96888888888889, 32.97777777777778, 32.97777777777778, 32.96888888888889, 32.971111111111114, 32.986666666666665, 32.98888888888889, 32.97777777777778, 32.98222222222223, 32.980000000000004, 32.96888888888889, 32.98888888888889, 32.986666666666665, 32.98444444444444, 32.98444444444444, 32.980000000000004, 32.98444444444444, 32.98222222222222, 32.977777777777774, 32.980000000000004, 32.98222222222222, 32.98, 32.980000000000004, 32.980000000000004, 32.97555555555556, 32.973333333333336, 32.95111111111111, 32.955555555555556, 32.964444444444446, 32.973333333333336, 32.986666666666665, 32.98, 32.97777777777778, 32.98, 32.98444444444444, 32.980000000000004, 32.980000000000004, 32.980000000000004, 32.980000000000004, 32.99333333333333, 32.986666666666665, 32.97333333333333, 32.98444444444444, 32.977777777777774, 32.97555555555556, 32.971111111111114, 32.980000000000004, 32.98, 32.96666666666667, 32.964444444444446, 32.973333333333336, 32.971111111111114, 32.97777777777778, 32.98222222222222, 32.964444444444446, 32.97777777777778, 32.98222222222222, 32.98888888888889, 32.99111111111111, 32.986666666666665, 32.98222222222222, 32.980000000000004, 32.98222222222222, 32.97777777777778, 32.97555555555556, 32.97777777777778, 32.980000000000004, 32.980000000000004, 32.97555555555556, 32.971111111111114, 32.971111111111114, 32.97555555555556, 32.973333333333336, 32.96666666666667, 32.96888888888889, 32.980000000000004, 32.98222222222222, 32.973333333333336, 32.96888888888889, 32.97777777777778, 32.973333333333336, 32.97555555555556, 32.97777777777778, 32.97777777777778, 32.97777777777778, 32.98222222222222, 32.98, 32.97777777777778, 32.986666666666665, 32.986666666666665, 32.98444444444444, 32.980000000000004, 32.96888888888889, 32.96666666666667, 32.96888888888889, 32.973333333333336, 32.980000000000004, 32.97555555555556, 32.971111111111114, 32.971111111111114, 32.973333333333336, 32.96888888888889, 32.971111111111114, 32.96222222222222, 32.971111111111114, 32.971111111111114, 32.980000000000004, 32.971111111111114, 32.98222222222222, 32.986666666666665, 32.980000000000004, 32.977777777777774, 32.973333333333336, 32.97555555555556, 32.97777777777778, 32.96666666666667, 32.977777777777774, 32.96222222222222, 32.96888888888889, 32.973333333333336, 32.97555555555556, 32.980000000000004, 32.980000000000004, 32.98444444444444, 32.98444444444444, 32.98444444444444, 32.98222222222222, 32.986666666666665, 32.988888888888894, 32.98888888888889, 32.98444444444444, 32.98, 32.986666666666665, 32.98444444444445, 32.96888888888889, 32.97555555555556, 32.98222222222222, 32.98222222222222, 32.977777777777774, 32.97777777777778, 32.97555555555556, 32.977777777777774, 32.98888888888889, 32.98888888888889, 32.98222222222222, 32.97777777777778, 32.97777777777778, 32.98444444444444, 32.97777777777778, 32.971111111111114, 32.98222222222222, 32.98444444444445, 32.98222222222222, 32.98222222222222, 32.98222222222223, 32.97777777777778, 32.98888888888889, 32.98888888888889, 32.980000000000004, 32.97333333333333, 32.971111111111114, 32.973333333333336, 32.980000000000004, 32.980000000000004, 32.977777777777774, 32.980000000000004, 32.971111111111114, 32.986666666666665, 32.986666666666665, 32.98444444444444, 32.971111111111114, 32.97777777777778, 32.98222222222222, 32.980000000000004, 32.97777777777778, 32.973333333333336, 32.97777777777778, 32.980000000000004, 32.980000000000004, 32.98222222222222, 32.97555555555556, 32.96666666666667, 32.964444444444446, 32.96, 32.96666666666667, 32.96222222222222, 32.96666666666667, 32.96666666666667, 32.96888888888889, 32.977777777777774, 32.97555555555556, 32.973333333333336, 32.98222222222222, 32.98222222222222, 32.980000000000004, 32.97555555555556, 32.973333333333336, 32.97777777777778, 32.986666666666665, 32.986666666666665, 32.98444444444444, 32.97777777777778, 32.986666666666665, 32.97555555555556, 32.973333333333336, 32.971111111111114, 32.973333333333336, 32.977777777777774, 32.97555555555556, 32.971111111111114, 32.96222222222222, 32.96222222222222, 32.971111111111114, 32.96888888888889, 32.96666666666667, 32.955555555555556, 32.96222222222222, 32.964444444444446, 32.95777777777778, 32.96222222222222, 32.96222222222222, 32.95777777777778, 32.96666666666667, 32.96888888888889, 32.971111111111114, 32.97555555555556, 32.97555555555556, 32.971111111111114, 32.97555555555556, 32.968888888888884, 32.971111111111114, 32.973333333333336, 32.96888888888889, 32.96888888888889, 32.96666666666667, 32.95777777777778]",0.9140927517565369,0.930736432610684,33,"[33, 33, 33, 33, 33, 33, 33, 33, 33, 33, 33, 33, 33, 33, 33, 33, 33, 33, 33, 33, 33, 33, 33, 33, 33, 33, 33, 33, 33, 33, 33, 33, 33, 33, 33, 33, 33, 33, 33, 33, 33, 33, 33, 33, 33, 33, 33, 33, 33, 33, 33, 33, 33, 33, 33, 33, 33, 33, 33, 33, 33, 33, 33, 33, 33, 33, 33, 33, 33, 33, 33, 33, 33, 33, 33, 33, 33, 33, 33, 33, 33, 33, 33, 33, 33, 33, 33, 33, 33, 33, 33, 33, 33, 33, 33, 33, 33, 33, 33, 33, 33, 33, 33, 33, 33, 33, 33, 33, 33, 33, 33, 33, 33, 33, 33, 33, 33, 33, 33, 33, 33, 33, 33, 33, 33, 33, 33, 33, 33, 33, 33, 33, 33, 33, 33, 33, 33, 33, 33, 33, 33, 33, 33, 33, 33, 33, 33, 33, 33, 33, 33, 33, 33, 33, 33, 33, 33, 33, 33, 33, 33, 33, 33, 33, 33, 33, 33, 33, 33, 33, 33, 33, 33, 33, 33, 33, 33, 33, 33, 33, 33, 33, 33, 33, 33, 33, 33, 33, 33, 33, 33, 33, 33, 33, 33, 33, 33, 33, 33, 33, 33, 33, 33, 33, 33, 33, 33, 33, 33, 33, 33, 33, 33, 33, 33, 33, 33, 33, 33, 33, 33, 33, 33, 33, 33, 33, 33, 33, 33, 33, 33, 33, 33, 33, 33, 33, 33, 33, 33, 33, 33, 33, 33, 33, 33, 33, 33, 33, 33, 33, 33, 33, 33, 33, 33, 33, 33, 33, 33, 33, 33, 33, 33, 33, 33, 33, 33, 33, 33, 33, 33, 33, 33, 33, 33, 33, 33, 33, 33, 33, 33, 33, 33, 33, 33, 33, 33, 33, 33, 33, 33, 33, 33, 33, 33, 33, 33, 33, 33, 33, 33, 33, 33, 33, 33, 33, 33, 33, 33, 33, 33, 33, 33, 33, 33, 33, 33, 33, 33, 33, 33, 33, 33, 33, 33, 33, 33, 33, 33, 33, 33, 33, 33, 33, 33, 33, 33, 33, 33, 33, 33, 33, 33, 33, 33, 33, 33, 33, 33, 33, 33, 33, 33, 33, 33, 33, 33, 33, 33, 33, 33, 33, 33, 33, 33, 33, 33, 33, 33, 33, 33, 33, 33, 33, 33]",375,"[0.38927367329597473, 0.38097938895225525, 0.37558478116989136, 0.3718733489513397, 0.36845967173576355, 0.36611756682395935, 0.36351722478866577, 0.3613346517086029, 0.35935017466545105, 0.3575153648853302, 0.35544800758361816, 0.35356417298316956, 0.35190853476524353, 0.3501851558685303, 0.3479611873626709, 0.34600815176963806, 0.34464550018310547, 0.3425067067146301, 0.3407052159309387, 0.33877232670783997, 0.3368106484413147, 0.3347223401069641, 0.3327714800834656, 0.3308270573616028, 0.32970553636550903, 0.32704952359199524, 0.3250551223754883, 0.3232935965061188, 0.3213934600353241, 0.31903791427612305, 0.3167194128036499, 0.31449660658836365, 0.3124009668827057, 0.31036704778671265, 0.30840903520584106, 0.3061530888080597, 0.303728848695755, 0.3016390800476074, 0.2996576726436615, 0.2975504994392395, 0.29518476128578186, 0.29313239455223083, 0.29106730222702026, 0.28941720724105835, 0.2875216007232666, 0.28554269671440125, 0.283553808927536, 0.28178614377975464, 0.28001120686531067, 0.2784785330295563, 0.2767927348613739, 0.27548453211784363, 0.2737410068511963, 0.2722013592720032, 0.2708982527256012, 0.2694711983203888, 0.2680542469024658, 0.2668800354003906, 0.265392929315567, 0.264477014541626, 0.26314228773117065, 0.2620222270488739, 0.2610183656215668, 0.259978324174881, 0.2594589293003082, 0.2579500079154968, 0.2569584846496582, 0.25616711378097534, 0.2548646628856659, 0.2537747621536255, 0.252949595451355, 0.25172773003578186, 0.2508445680141449, 0.2497357875108719, 0.24891290068626404, 0.2483336478471756, 0.24730217456817627, 0.24624380469322205, 0.24566030502319336, 0.24443362653255463, 0.24366050958633423, 0.2428627759218216, 0.24237841367721558, 0.24163557589054108, 0.24054227769374847, 0.23960179090499878, 0.23875084519386292, 0.2381855547428131, 0.23714950680732727, 0.2368597537279129, 0.2353852391242981, 0.23521342873573303, 0.23446819186210632, 0.23353932797908783, 0.2334081083536148, 0.2320374846458435, 0.23097354173660278, 0.2302505075931549, 0.22958695888519287, 0.22889605164527893, 0.2284015715122223, 0.22775281965732574, 0.22636352479457855, 0.22565612196922302, 0.2252441644668579, 0.2246474325656891, 0.2239992320537567, 0.22283507883548737, 0.22234876453876495, 0.2216968536376953, 0.2211379110813141, 0.2204756885766983, 0.21998918056488037, 0.2199721485376358, 0.21896514296531677, 0.21821457147598267, 0.2172994762659073, 0.21619747579097748, 0.21592019498348236, 0.21543796360492706, 0.2145974338054657, 0.21428008377552032, 0.21359989047050476, 0.21358978748321533, 0.21261698007583618, 0.21227551996707916, 0.21160627901554108, 0.21067805588245392, 0.21026988327503204, 0.20958812534809113, 0.20877204835414886, 0.2084357589483261, 0.20810721814632416, 0.20760510861873627, 0.2067527323961258, 0.20665542781352997, 0.2056199014186859, 0.20519636571407318, 0.2052275687456131, 0.20482240617275238, 0.20439141988754272, 0.2030971497297287, 0.20306634902954102, 0.202650249004364, 0.2023032009601593, 0.20194217562675476, 0.20147208869457245, 0.2014865279197693, 0.2004575878381729, 0.20055748522281647, 0.2005688101053238, 0.20062138140201569, 0.19941535592079163, 0.1991463303565979, 0.19869081676006317, 0.1981295794248581, 0.19858655333518982, 0.19709882140159607, 0.19761210680007935, 0.19682279229164124, 0.19647087156772614, 0.19610649347305298, 0.19520993530750275, 0.1954442858695984, 0.19530516862869263, 0.19555188715457916, 0.19489994645118713, 0.1943719983100891, 0.19390743970870972, 0.1943279504776001, 0.19442974030971527, 0.19303908944129944, 0.19355854392051697, 0.19304123520851135, 0.19415044784545898, 0.1923372447490692, 0.19276469945907593, 0.19229890406131744, 0.19297797977924347, 0.19232267141342163, 0.19137126207351685, 0.1909167617559433, 0.1911652386188507, 0.19074846804141998, 0.19097375869750977, 0.19041600823402405, 0.19055984914302826, 0.19041086733341217, 0.19107969105243683, 0.18971820175647736, 0.1901157945394516, 0.1905469000339508, 0.19096490740776062, 0.19019952416419983, 0.18983352184295654, 0.18946951627731323, 0.18938447535037994, 0.18880024552345276, 0.18865284323692322, 0.18883121013641357, 0.18829278647899628, 0.18824441730976105, 0.1877262443304062, 0.1884298324584961, 0.18797944486141205, 0.18819266557693481, 0.187809556722641, 0.18799608945846558, 0.18748019635677338, 0.1883048415184021, 0.18711142241954803, 0.1868877410888672, 0.18724767863750458, 0.1874283403158188, 0.18677356839179993, 0.18680791556835175, 0.1873726099729538, 0.18678274750709534, 0.18669062852859497, 0.1858798861503601, 0.18599209189414978, 0.18579870462417603, 0.18615345656871796, 0.1860496699810028, 0.18573515117168427, 0.18615102767944336, 0.18523095548152924, 0.1852104216814041, 0.18507631123065948, 0.1849820911884308, 0.1860857754945755, 0.18545833230018616, 0.18522235751152039, 0.18429604172706604, 0.18482400476932526, 0.18451806902885437, 0.1847471296787262, 0.1843724101781845, 0.18540920317173004, 0.18588848412036896, 0.18537631630897522, 0.18489770591259003, 0.18482281267642975, 0.18395012617111206, 0.18425792455673218, 0.18478530645370483, 0.18480108678340912, 0.18462173640727997, 0.18447910249233246, 0.18417727947235107, 0.18350090086460114, 0.1830873042345047, 0.18401211500167847, 0.18392901122570038, 0.183298259973526, 0.18357567489147186, 0.1835995614528656, 0.1835099160671234, 0.18385232985019684, 0.18443283438682556, 0.18307317793369293, 0.18255820870399475, 0.18327154219150543, 0.18304014205932617, 0.18291330337524414, 0.18216457962989807, 0.1826358586549759, 0.1827177256345749, 0.1824112832546234, 0.18233512341976166, 0.18272577226161957, 0.18477119505405426, 0.18330076336860657, 0.18380586802959442, 0.1829855740070343, 0.18124763667583466, 0.1816355288028717, 0.1813751459121704, 0.18158163130283356, 0.18106767535209656, 0.18144789338111877, 0.18186965584754944, 0.18225699663162231, 0.18199390172958374, 0.18165647983551025, 0.1821974813938141, 0.18173988163471222, 0.18177801370620728, 0.1815197765827179, 0.18077930808067322, 0.18072699010372162, 0.18122653663158417, 0.18035316467285156, 0.18122759461402893, 0.1809740662574768, 0.17981836199760437, 0.18170379102230072, 0.18132412433624268, 0.18011830747127533, 0.18068519234657288, 0.18053211271762848, 0.17969220876693726, 0.18031881749629974, 0.1803731918334961, 0.18110424280166626, 0.18023741245269775, 0.18064504861831665, 0.18026790022850037, 0.18031063675880432, 0.18122659623622894, 0.18038904666900635, 0.18025775253772736, 0.18151921033859253, 0.18042345345020294, 0.1799340397119522, 0.1797860711812973, 0.18009957671165466, 0.17995992302894592, 0.180129274725914, 0.18053704500198364, 0.17914335429668427, 0.17963029444217682, 0.17918170988559723, 0.17993715405464172, 0.17987319827079773, 0.18001748621463776, 0.17922188341617584, 0.17911843955516815, 0.1789063811302185, 0.17811700701713562, 0.1788196712732315, 0.17957986891269684, 0.17963920533657074, 0.17822270095348358, 0.1790255904197693, 0.17832906544208527, 0.17850753664970398, 0.17810587584972382, 0.17920753359794617, 0.17858043313026428, 0.1792760044336319, 0.178247332572937, 0.17804913222789764, 0.1779855340719223, 0.1782677322626114, 0.17834337055683136, 0.178025022149086, 0.17829589545726776, 0.17767751216888428, 0.17775516211986542, 0.17819499969482422, 0.17736896872520447, 0.17728593945503235, 0.17765077948570251, 0.17735281586647034, 0.17858271300792694, 0.17666545510292053, 0.17819827795028687, 0.17721222341060638, 0.1775996834039688, 0.1775386929512024, 0.1770172119140625, 0.17705881595611572, 0.17858438193798065, 0.17783954739570618, 0.17733055353164673, 0.17726631462574005, 0.1783951222896576, 0.17862671613693237, 0.1771276444196701, 0.1770208179950714, 0.1776103526353836, 0.1774863600730896, 0.17771518230438232, 0.17781800031661987]",33.0,"[33.0, 33.0, 33.0, 33.0, 33.0, 33.0, 33.0, 33.0, 33.0, 33.0, 33.0, 33.0, 33.0, 33.0, 33.0, 33.0, 33.0, 33.0, 33.0, 33.0, 33.0, 33.0, 33.0, 33.0, 33.0, 33.0, 33.0, 33.0, 33.0, 33.0, 33.0, 33.0, 33.0, 33.0, 33.0, 33.0, 33.0, 33.0, 33.0, 33.0, 33.0, 33.0, 33.0, 33.0, 33.0, 33.0, 33.0, 33.0, 33.0, 33.0, 33.0, 33.0, 33.0, 33.0, 33.0, 33.0, 33.0, 33.0, 33.0, 33.0, 33.0, 33.0, 33.0, 33.0, 33.0, 33.0, 33.0, 33.0, 33.0, 33.0, 33.0, 33.0, 33.0, 33.0, 33.0, 33.0, 33.0, 33.0, 33.0, 33.0, 33.0, 33.0, 33.0, 33.0, 33.0, 33.0, 33.0, 33.0, 33.0, 33.0, 33.0, 33.0, 33.0, 33.0, 33.0, 33.0, 33.0, 33.0, 33.0, 33.0, 33.0, 33.0, 33.0, 33.0, 33.0, 33.0, 33.0, 33.0, 33.0, 33.0, 33.0, 33.0, 33.0, 33.0, 33.0, 33.0, 33.0, 33.0, 33.0, 33.0, 33.0, 33.0, 33.0, 33.0, 33.0, 33.0, 33.0, 33.0, 33.0, 33.0, 33.0, 33.0, 33.0, 33.0, 33.0, 33.0, 33.0, 33.0, 33.0, 33.0, 33.0, 33.0, 33.0, 33.0, 33.0, 33.0, 33.0, 33.0, 33.0, 33.0, 33.0, 33.0, 33.0, 33.0, 33.0, 33.0, 33.0, 33.0, 33.0, 33.0, 33.0, 33.0, 33.0, 33.0, 33.0, 33.0, 33.0, 33.0, 33.0, 33.0, 33.0, 33.0, 33.0, 33.0, 33.0, 33.0, 33.0, 33.0, 33.0, 33.0, 33.0, 33.0, 33.0, 33.0, 33.0, 33.0, 33.0, 33.0, 33.0, 33.0, 33.0, 33.0, 33.0, 33.0, 33.0, 33.0, 33.0, 33.0, 33.0, 33.0, 33.0, 33.0, 33.0, 33.0, 33.0, 33.0, 33.0, 33.0, 33.0, 33.0, 33.0, 33.0, 33.0, 33.0, 33.0, 33.0, 33.0, 33.0, 33.0, 33.0, 33.0, 33.0, 33.0, 33.0, 33.0, 33.0, 33.0, 33.0, 33.0, 33.0, 33.0, 33.0, 33.0, 33.0, 33.0, 33.0, 33.0, 33.0, 33.0, 33.0, 33.0, 33.0, 33.0, 33.0, 33.0, 33.0, 33.0, 33.0, 33.0, 33.0, 33.0, 33.0, 33.0, 33.0, 33.0, 33.0, 33.0, 33.0, 33.0, 33.0, 33.0, 33.0, 33.0, 33.0, 33.0, 33.0, 33.0, 33.0, 33.0, 33.0, 33.0, 33.0, 33.0, 33.0, 33.0, 33.0, 33.0, 33.0, 33.0, 33.0, 33.0, 33.0, 33.0, 33.0, 33.0, 33.0, 33.0, 33.0, 33.0, 33.0, 33.0, 33.0, 33.0, 33.0, 33.0, 33.0, 33.0, 33.0, 33.0, 33.0, 33.0, 33.0, 33.0, 33.0, 33.0, 33.0, 33.0, 33.0, 33.0, 33.0, 33.0, 33.0, 33.0, 33.0, 33.0, 33.0, 33.0, 33.0, 33.0, 33.0, 33.0, 33.0, 33.0, 33.0, 33.0, 33.0, 33.0, 33.0, 33.0, 33.0, 33.0, 33.0, 33.0, 33.0, 33.0, 33.0, 33.0, 33.0, 33.0, 33.0, 33.0, 33.0, 33.0, 33.0, 33.0, 33.0, 33.0, 33.0, 33.0, 33.0, 33.0, 33.0, 33.0, 33.0, 33.0, 33.0, 33.0, 33.0, 33.0, 33.0, 33.0, 33.0, 33.0, 33.0, 33.0, 33.0, 33.0, 33.0, 33.0, 33.0, 33.0, 33.0, 33.0, 33.0, 33.0]",COMPLETE
