,number,value,datetime_start,datetime_complete,duration,params_batch_size_scaler,params_constant_learning_rate,params_depth,params_epochs,params_kernel_l2,params_num_trees,params_temperature,user_attrs_accuracy_test,user_attrs_accuracy_valid,user_attrs_approximate_feature_sparsity,user_attrs_approximate_feature_sparsity_history,user_attrs_approximate_weight_sparsity,user_attrs_approximate_weight_sparsity_history,user_attrs_auc_test,user_attrs_auc_valid,user_attrs_feature_sparsity,user_attrs_feature_sparsity_history,user_attrs_num_epochs,user_attrs_val_loss_history,user_attrs_weight_sparsity,user_attrs_weight_sparsity_history,state
61,61,0.5510491942651776,2024-08-31 03:10:17.375007,2024-08-31 03:15:32.275624,0 days 00:05:14.900617,1,2.4747643849291614,1,405,0.0013481672811540457,91,0.011126581188313129,0.859,0.85875,1,"[1, 1, 1, 1, 1, 1, 1, 1, 1, 1, 1, 1, 1, 1, 1, 1, 1, 1, 1, 1, 1, 1, 1, 1, 1, 1, 1, 1, 1, 1, 1, 1, 1, 1, 1, 1, 1, 1, 1, 1, 1, 1, 1, 1, 1, 1, 1, 1, 1, 1, 1, 1, 1, 1, 1, 1, 1, 1, 1, 1, 1, 1, 1, 1, 1, 1, 1, 1, 1, 1, 1, 1, 1, 1, 1, 1, 1, 1, 1, 1, 1, 1, 1, 1, 1, 1, 1, 1, 1, 1, 1, 1, 1, 1, 1, 1, 1, 1, 1, 1, 1, 1, 1, 1, 1, 1, 1, 1, 1, 1, 1, 1, 1, 1, 1, 1, 1, 1, 1, 1, 1, 1, 1, 1, 1, 1, 1, 1, 1, 1, 1, 1, 1, 1, 1, 1, 1, 1, 1, 1, 1, 1, 1, 1, 1, 1, 1, 1, 1, 1, 1, 1, 1, 1, 1, 1, 1, 1, 1, 1, 1, 1, 1, 1, 1, 1, 1, 1, 1, 1, 1, 1, 1, 1, 1, 1, 1, 1, 1, 1, 1, 1, 1, 1, 1, 1, 1, 1, 1, 1, 1, 1, 1, 1, 1, 1, 1, 1, 1, 1, 1, 1, 1, 1, 1, 1, 1, 1, 1, 1, 1, 1, 1, 1, 1, 1, 1, 1, 1, 1, 1, 1, 1, 1, 1, 1, 1, 1, 1, 1, 1, 1, 1, 1, 1, 1, 1, 1, 1, 1, 1, 1, 1, 1, 1, 1, 1, 1, 1, 1, 1, 1, 1, 1, 1, 1, 1, 1, 1, 1, 1, 1, 1, 1, 1, 1, 1, 1, 1, 1, 1, 1, 1, 1, 1, 1, 1, 1, 1, 1, 1, 1, 1, 1, 1, 1, 1, 1, 1, 1, 1, 1, 1, 1, 1, 1, 1, 1, 1, 1, 1, 1, 1, 1, 1, 1, 1, 1, 1, 1, 1, 1, 1, 1, 1, 1, 1, 1, 1, 1, 1, 1, 1, 1, 1, 1, 1, 1, 1, 1, 1, 1, 1, 1, 1, 1, 1, 1, 1, 1, 1, 1, 1, 1, 1, 1, 1, 1, 1, 1, 1, 1, 1, 1, 1, 1, 1, 1, 1, 1, 1, 1, 1, 1, 1, 1, 1, 1, 1, 1, 1, 1, 1, 1, 1, 1, 1, 1, 1, 1, 1, 1, 1, 1, 1, 1, 1, 1, 1, 1, 1, 1, 1, 1, 1, 1, 1, 1, 1, 1, 1, 1, 1, 1, 1]",0.02197802197802198,"[1.0, 1.0, 1.0, 0.9340659340659341, 0.8571428571428571, 0.21978021978021978, 0.2087912087912088, 0.1978021978021978, 0.16483516483516483, 0.14285714285714285, 0.0989010989010989, 0.07692307692307693, 0.054945054945054944, 0.054945054945054944, 0.04395604395604396, 0.04395604395604396, 0.04395604395604396, 0.04395604395604396, 0.04395604395604396, 0.04395604395604396, 0.04395604395604396, 0.04395604395604396, 0.04395604395604396, 0.04395604395604396, 0.04395604395604396, 0.04395604395604396, 0.04395604395604396, 0.04395604395604396, 0.04395604395604396, 0.04395604395604396, 0.04395604395604396, 0.04395604395604396, 0.04395604395604396, 0.04395604395604396, 0.04395604395604396, 0.04395604395604396, 0.04395604395604396, 0.04395604395604396, 0.04395604395604396, 0.04395604395604396, 0.04395604395604396, 0.04395604395604396, 0.04395604395604396, 0.04395604395604396, 0.04395604395604396, 0.04395604395604396, 0.04395604395604396, 0.04395604395604396, 0.04395604395604396, 0.04395604395604396, 0.04395604395604396, 0.04395604395604396, 0.04395604395604396, 0.04395604395604396, 0.04395604395604396, 0.04395604395604396, 0.04395604395604396, 0.04395604395604396, 0.04395604395604396, 0.04395604395604396, 0.04395604395604396, 0.04395604395604396, 0.04395604395604396, 0.04395604395604396, 0.04395604395604396, 0.02197802197802198, 0.02197802197802198, 0.02197802197802198, 0.02197802197802198, 0.02197802197802198, 0.02197802197802198, 0.02197802197802198, 0.02197802197802198, 0.02197802197802198, 0.02197802197802198, 0.02197802197802198, 0.02197802197802198, 0.02197802197802198, 0.02197802197802198, 0.02197802197802198, 0.02197802197802198, 0.02197802197802198, 0.02197802197802198, 0.02197802197802198, 0.02197802197802198, 0.02197802197802198, 0.02197802197802198, 0.02197802197802198, 0.02197802197802198, 0.02197802197802198, 0.02197802197802198, 0.02197802197802198, 0.02197802197802198, 0.02197802197802198, 0.02197802197802198, 0.02197802197802198, 0.02197802197802198, 0.02197802197802198, 0.02197802197802198, 0.02197802197802198, 0.02197802197802198, 0.02197802197802198, 0.02197802197802198, 0.02197802197802198, 0.02197802197802198, 0.02197802197802198, 0.02197802197802198, 0.02197802197802198, 0.02197802197802198, 0.02197802197802198, 0.02197802197802198, 0.02197802197802198, 0.02197802197802198, 0.02197802197802198, 0.02197802197802198, 0.02197802197802198, 0.02197802197802198, 0.02197802197802198, 0.02197802197802198, 0.02197802197802198, 0.02197802197802198, 0.02197802197802198, 0.02197802197802198, 0.02197802197802198, 0.02197802197802198, 0.02197802197802198, 0.02197802197802198, 0.02197802197802198, 0.02197802197802198, 0.02197802197802198, 0.02197802197802198, 0.02197802197802198, 0.02197802197802198, 0.02197802197802198, 0.02197802197802198, 0.02197802197802198, 0.02197802197802198, 0.02197802197802198, 0.02197802197802198, 0.02197802197802198, 0.02197802197802198, 0.02197802197802198, 0.02197802197802198, 0.02197802197802198, 0.02197802197802198, 0.02197802197802198, 0.02197802197802198, 0.02197802197802198, 0.02197802197802198, 0.02197802197802198, 0.02197802197802198, 0.02197802197802198, 0.02197802197802198, 0.02197802197802198, 0.02197802197802198, 0.02197802197802198, 0.02197802197802198, 0.02197802197802198, 0.02197802197802198, 0.02197802197802198, 0.02197802197802198, 0.02197802197802198, 0.02197802197802198, 0.02197802197802198, 0.02197802197802198, 0.02197802197802198, 0.02197802197802198, 0.02197802197802198, 0.02197802197802198, 0.02197802197802198, 0.02197802197802198, 0.02197802197802198, 0.02197802197802198, 0.02197802197802198, 0.02197802197802198, 0.02197802197802198, 0.02197802197802198, 0.02197802197802198, 0.02197802197802198, 0.02197802197802198, 0.02197802197802198, 0.02197802197802198, 0.02197802197802198, 0.02197802197802198, 0.02197802197802198, 0.02197802197802198, 0.02197802197802198, 0.02197802197802198, 0.02197802197802198, 0.02197802197802198, 0.02197802197802198, 0.02197802197802198, 0.02197802197802198, 0.02197802197802198, 0.02197802197802198, 0.02197802197802198, 0.02197802197802198, 0.02197802197802198, 0.02197802197802198, 0.02197802197802198, 0.02197802197802198, 0.02197802197802198, 0.02197802197802198, 0.02197802197802198, 0.02197802197802198, 0.02197802197802198, 0.02197802197802198, 0.02197802197802198, 0.02197802197802198, 0.02197802197802198, 0.02197802197802198, 0.02197802197802198, 0.02197802197802198, 0.02197802197802198, 0.02197802197802198, 0.02197802197802198, 0.02197802197802198, 0.02197802197802198, 0.02197802197802198, 0.02197802197802198, 0.02197802197802198, 0.02197802197802198, 0.02197802197802198, 0.02197802197802198, 0.02197802197802198, 0.02197802197802198, 0.02197802197802198, 0.02197802197802198, 0.02197802197802198, 0.02197802197802198, 0.02197802197802198, 0.02197802197802198, 0.02197802197802198, 0.02197802197802198, 0.02197802197802198, 0.02197802197802198, 0.02197802197802198, 0.02197802197802198, 0.02197802197802198, 0.02197802197802198, 0.02197802197802198, 0.02197802197802198, 0.02197802197802198, 0.02197802197802198, 0.02197802197802198, 0.02197802197802198, 0.02197802197802198, 0.02197802197802198, 0.02197802197802198, 0.02197802197802198, 0.02197802197802198, 0.02197802197802198, 0.02197802197802198, 0.02197802197802198, 0.02197802197802198, 0.02197802197802198, 0.02197802197802198, 0.02197802197802198, 0.02197802197802198, 0.02197802197802198, 0.02197802197802198, 0.02197802197802198, 0.02197802197802198, 0.02197802197802198, 0.02197802197802198, 0.02197802197802198, 0.02197802197802198, 0.02197802197802198, 0.02197802197802198, 0.02197802197802198, 0.02197802197802198, 0.02197802197802198, 0.02197802197802198, 0.02197802197802198, 0.02197802197802198, 0.02197802197802198, 0.02197802197802198, 0.02197802197802198, 0.02197802197802198, 0.02197802197802198, 0.02197802197802198, 0.02197802197802198, 0.02197802197802198, 0.02197802197802198, 0.02197802197802198, 0.02197802197802198, 0.02197802197802198, 0.02197802197802198, 0.02197802197802198, 0.02197802197802198, 0.02197802197802198, 0.02197802197802198, 0.02197802197802198, 0.02197802197802198, 0.02197802197802198, 0.02197802197802198, 0.02197802197802198, 0.02197802197802198, 0.02197802197802198, 0.02197802197802198, 0.02197802197802198, 0.02197802197802198, 0.02197802197802198, 0.02197802197802198, 0.02197802197802198, 0.02197802197802198, 0.02197802197802198, 0.02197802197802198, 0.02197802197802198, 0.02197802197802198, 0.02197802197802198, 0.02197802197802198, 0.02197802197802198, 0.02197802197802198, 0.02197802197802198, 0.02197802197802198, 0.02197802197802198, 0.02197802197802198, 0.02197802197802198, 0.02197802197802198, 0.02197802197802198, 0.02197802197802198, 0.02197802197802198, 0.02197802197802198, 0.02197802197802198, 0.02197802197802198, 0.02197802197802198, 0.02197802197802198, 0.02197802197802198, 0.02197802197802198, 0.02197802197802198, 0.02197802197802198, 0.02197802197802198, 0.02197802197802198, 0.02197802197802198, 0.02197802197802198, 0.02197802197802198, 0.02197802197802198, 0.02197802197802198, 0.02197802197802198, 0.02197802197802198, 0.02197802197802198, 0.02197802197802198, 0.02197802197802198, 0.02197802197802198, 0.02197802197802198, 0.02197802197802198, 0.02197802197802198, 0.02197802197802198, 0.02197802197802198, 0.02197802197802198, 0.02197802197802198, 0.02197802197802198, 0.02197802197802198, 0.02197802197802198, 0.02197802197802198, 0.02197802197802198, 0.02197802197802198, 0.02197802197802198, 0.02197802197802198, 0.02197802197802198, 0.02197802197802198, 0.02197802197802198, 0.02197802197802198, 0.02197802197802198, 0.02197802197802198, 0.02197802197802198, 0.02197802197802198, 0.02197802197802198, 0.02197802197802198, 0.02197802197802198, 0.02197802197802198, 0.02197802197802198, 0.02197802197802198, 0.02197802197802198, 0.02197802197802198, 0.02197802197802198, 0.02197802197802198, 0.02197802197802198, 0.02197802197802198, 0.02197802197802198, 0.02197802197802198, 0.02197802197802198, 0.02197802197802198, 0.02197802197802198, 0.02197802197802198, 0.02197802197802198, 0.02197802197802198, 0.02197802197802198, 0.02197802197802198, 0.02197802197802198, 0.02197802197802198, 0.02197802197802198, 0.02197802197802198, 0.02197802197802198, 0.02197802197802198, 0.02197802197802198, 0.02197802197802198, 0.02197802197802198, 0.02197802197802198, 0.02197802197802198, 0.02197802197802198, 0.02197802197802198, 0.02197802197802198, 0.02197802197802198]",0.5733906323533055,0.5510491942651776,1,"[1, 1, 1, 1, 1, 1, 1, 1, 1, 1, 1, 1, 1, 1, 1, 1, 1, 1, 1, 1, 1, 1, 1, 1, 1, 1, 1, 1, 1, 1, 1, 1, 1, 1, 1, 1, 1, 1, 1, 1, 1, 1, 1, 1, 1, 1, 1, 1, 1, 1, 1, 1, 1, 1, 1, 1, 1, 1, 1, 1, 1, 1, 1, 1, 1, 1, 1, 1, 1, 1, 1, 1, 1, 1, 1, 1, 1, 1, 1, 1, 1, 1, 1, 1, 1, 1, 1, 1, 1, 1, 1, 1, 1, 1, 1, 1, 1, 1, 1, 1, 1, 1, 1, 1, 1, 1, 1, 1, 1, 1, 1, 1, 1, 1, 1, 1, 1, 1, 1, 1, 1, 1, 1, 1, 1, 1, 1, 1, 1, 1, 1, 1, 1, 1, 1, 1, 1, 1, 1, 1, 1, 1, 1, 1, 1, 1, 1, 1, 1, 1, 1, 1, 1, 1, 1, 1, 1, 1, 1, 1, 1, 1, 1, 1, 1, 1, 1, 1, 1, 1, 1, 1, 1, 1, 1, 1, 1, 1, 1, 1, 1, 1, 1, 1, 1, 1, 1, 1, 1, 1, 1, 1, 1, 1, 1, 1, 1, 1, 1, 1, 1, 1, 1, 1, 1, 1, 1, 1, 1, 1, 1, 1, 1, 1, 1, 1, 1, 1, 1, 1, 1, 1, 1, 1, 1, 1, 1, 1, 1, 1, 1, 1, 1, 1, 1, 1, 1, 1, 1, 1, 1, 1, 1, 1, 1, 1, 1, 1, 1, 1, 1, 1, 1, 1, 1, 1, 1, 1, 1, 1, 1, 1, 1, 1, 1, 1, 1, 1, 1, 1, 1, 1, 1, 1, 1, 1, 1, 1, 1, 1, 1, 1, 1, 1, 1, 1, 1, 1, 1, 1, 1, 1, 1, 1, 1, 1, 1, 1, 1, 1, 1, 1, 1, 1, 1, 1, 1, 1, 1, 1, 1, 1, 1, 1, 1, 1, 1, 1, 1, 1, 1, 1, 1, 1, 1, 1, 1, 1, 1, 1, 1, 1, 1, 1, 1, 1, 1, 1, 1, 1, 1, 1, 1, 1, 1, 1, 1, 1, 1, 1, 1, 1, 1, 1, 1, 1, 1, 1, 1, 1, 1, 1, 1, 1, 1, 1, 1, 1, 1, 1, 1, 1, 1, 1, 1, 1, 1, 1, 1, 1, 1, 1, 1, 1, 1, 1, 1, 1, 1, 1, 1, 1, 1, 1, 1, 1, 1, 1, 1, 1, 1, 1, 1, 1, 1]",405,"[12.18774127960205, 17.644763946533203, 10.451510429382324, 15.489092826843262, 9.224842071533203, 15.460274696350098, 8.649807929992676, 3.251600742340088, 13.597180366516113, 22.558549880981445, 6.650732517242432, 3.061811923980713, 29.50601577758789, 9.62588119506836, 18.462318420410156, 15.818889617919922, 26.207197189331055, 21.336889266967773, 9.257843971252441, 5.867964267730713, 17.431852340698242, 10.094202041625977, 10.442683219909668, 7.4532270431518555, 18.8148136138916, 7.364981651306152, 7.502186298370361, 26.96039390563965, 3.6431844234466553, 24.748153686523438, 5.356770038604736, 7.326162338256836, 13.797379493713379, 13.371356964111328, 16.608348846435547, 18.72209930419922, 5.0510334968566895, 3.7614431381225586, 13.821455001831055, 20.090900421142578, 5.823489189147949, 5.411340236663818, 15.600109100341797, 34.86222457885742, 0.8754300475120544, 19.389371871948242, 22.197702407836914, 13.366668701171875, 17.504060745239258, 4.044030666351318, 5.58878231048584, 4.673183441162109, 27.576536178588867, 19.473787307739258, 11.844437599182129, 5.608221054077148, 23.212875366210938, 6.446773052215576, 13.154701232910156, 6.089011192321777, 5.1086907386779785, 17.450380325317383, 17.772945404052734, 11.039318084716797, 11.173609733581543, 14.526237487792969, 12.490317344665527, 23.972700119018555, 30.094188690185547, 13.962579727172852, 16.527864456176758, 1.3014048337936401, 7.329833984375, 9.014339447021484, 19.092281341552734, 11.367148399353027, 15.604056358337402, 15.12048053741455, 5.23738956451416, 1.8079028129577637, 23.27979278564453, 4.394991397857666, 4.825192451477051, 3.2772326469421387, 2.287794589996338, 25.253826141357422, 10.980700492858887, 3.9868950843811035, 2.8984673023223877, 11.099431037902832, 5.8653035163879395, 18.960542678833008, 1.891506314277649, 8.015032768249512, 7.648252964019775, 6.76101541519165, 5.9955315589904785, 10.00212287902832, 2.127131700515747, 13.331439971923828, 50.7978401184082, 3.22788667678833, 16.40915870666504, 24.993112564086914, 4.686620235443115, 12.959693908691406, 17.9337158203125, 10.682476997375488, 4.6471991539001465, 17.595870971679688, 15.0178861618042, 25.237516403198242, 3.3262619972229004, 7.775856971740723, 1.3343602418899536, 1.382328987121582, 11.653982162475586, 20.477100372314453, 22.4429874420166, 7.286319732666016, 1.6636717319488525, 13.672554969787598, 14.219322204589844, 17.069198608398438, 1.4738249778747559, 25.375713348388672, 21.315263748168945, 15.003819465637207, 9.134987831115723, 13.863425254821777, 13.326898574829102, 13.074470520019531, 3.4044501781463623, 13.832666397094727, 11.045326232910156, 25.1634521484375, 7.0948262214660645, 13.49244499206543, 6.674515247344971, 21.263235092163086, 15.400416374206543, 23.582101821899414, 6.449408531188965, 3.889284610748291, 3.386453628540039, 7.389286518096924, 1.2316299676895142, 1.7167680263519287, 20.346511840820312, 11.922696113586426, 46.7087516784668, 14.521442413330078, 6.348865985870361, 10.122715950012207, 7.439184665679932, 5.441661834716797, 20.59441375732422, 15.59698486328125, 3.7850515842437744, 3.678176164627075, 20.338314056396484, 20.751379013061523, 6.552454948425293, 1.7609106302261353, 7.258762359619141, 3.7435288429260254, 6.799565315246582, 14.671487808227539, 15.261219024658203, 23.16576385498047, 15.66290283203125, 13.165557861328125, 13.445418357849121, 27.03656005859375, 3.853194236755371, 12.433211326599121, 10.558615684509277, 6.5604939460754395, 22.512250900268555, 17.635740280151367, 4.38933801651001, 2.8991482257843018, 17.309619903564453, 5.494312763214111, 5.412064075469971, 20.95006561279297, 17.38810920715332, 23.118051528930664, 19.146509170532227, 17.729167938232422, 6.933115005493164, 5.577098369598389, 22.93032455444336, 19.124645233154297, 28.795724868774414, 0.8850803375244141, 23.038162231445312, 7.070720672607422, 4.6888346672058105, 7.123432636260986, 2.837571382522583, 11.190058708190918, 1.0076085329055786, 9.689363479614258, 4.551109313964844, 8.279851913452148, 10.5847749710083, 7.7816009521484375, 16.545909881591797, 21.689678192138672, 26.169004440307617, 3.3693606853485107, 4.9425764083862305, 10.288810729980469, 15.669756889343262, 23.439729690551758, 1.207534909248352, 11.598411560058594, 23.763713836669922, 9.568026542663574, 5.389357089996338, 1.4534727334976196, 11.670805931091309, 9.27753734588623, 2.7342841625213623, 21.336139678955078, 6.433741569519043, 12.460427284240723, 15.552721977233887, 14.061351776123047, 15.822278022766113, 6.733705520629883, 13.688655853271484, 3.540515661239624, 4.0792646408081055, 16.166494369506836, 3.3297617435455322, 0.8769485354423523, 3.653268337249756, 15.312237739562988, 1.3937410116195679, 15.666881561279297, 13.21479606628418, 21.739063262939453, 16.26600456237793, 13.072009086608887, 25.039329528808594, 13.470508575439453, 4.977645397186279, 1.4151455163955688, 21.452800750732422, 8.406159400939941, 21.266389846801758, 10.443982124328613, 20.473350524902344, 5.260446071624756, 29.409196853637695, 19.709640502929688, 7.3907575607299805, 5.563199043273926, 17.561342239379883, 10.112650871276855, 15.323734283447266, 3.499145746231079, 3.0894904136657715, 3.856358528137207, 29.605772018432617, 4.409411430358887, 7.418079853057861, 5.225916862487793, 1.4385277032852173, 2.08543062210083, 1.5746382474899292, 12.875685691833496, 7.756036281585693, 3.4585492610931396, 21.814048767089844, 3.444446325302124, 25.050922393798828, 7.422154426574707, 10.870540618896484, 27.47677230834961, 5.4990739822387695, 15.478987693786621, 5.818954944610596, 7.382494926452637, 13.413843154907227, 17.75177574157715, 5.846580982208252, 7.236334323883057, 8.855639457702637, 8.290141105651855, 7.927280902862549, 5.4408040046691895, 17.649765014648438, 15.013660430908203, 11.326825141906738, 16.464733123779297, 16.869281768798828, 5.126188278198242, 10.879936218261719, 1.3982365131378174, 6.8456244468688965, 12.979569435119629, 25.475448608398438, 19.634618759155273, 8.613053321838379, 15.305593490600586, 6.093503952026367, 4.5466461181640625, 9.63576602935791, 12.534551620483398, 3.930237054824829, 12.53204345703125, 7.245962619781494, 14.809256553649902, 5.06855583190918, 15.764806747436523, 23.763051986694336, 26.466188430786133, 3.7218191623687744, 9.726014137268066, 23.060190200805664, 17.72425079345703, 25.478750228881836, 14.58438491821289, 17.103073120117188, 15.661101341247559, 4.176435470581055, 16.168325424194336, 21.345571517944336, 9.421571731567383, 12.406172752380371, 35.56272506713867, 20.75719451904297, 23.599777221679688, 19.314672470092773, 15.512604713439941, 3.1387670040130615, 0.9501388072967529, 20.65163803100586, 25.276582717895508, 12.419878005981445, 19.355432510375977, 4.090692043304443, 4.031246662139893, 1.847252368927002, 9.282681465148926, 34.798492431640625, 15.659080505371094, 4.720244407653809, 2.9568662643432617, 35.850948333740234, 11.278477668762207, 1.0168275833129883, 7.154602527618408, 4.803694248199463, 13.468640327453613, 2.5937130451202393, 9.478187561035156, 14.513481140136719, 3.328096866607666, 5.338871002197266, 3.787219285964966, 3.4048514366149902, 25.499584197998047, 19.213302612304688, 1.5906726121902466, 1.2100391387939453, 4.68335485458374, 16.670303344726562, 9.927738189697266, 11.21893310546875, 4.04619026184082, 24.666419982910156, 17.442352294921875, 13.056314468383789, 4.7037200927734375, 15.292797088623047, 5.770753383636475, 14.99109172821045, 17.478160858154297, 5.787221908569336, 3.989206552505493, 1.4522682428359985, 21.187734603881836, 22.58261489868164, 2.1995248794555664, 7.173010349273682, 5.7205119132995605, 7.7582855224609375, 22.0259952545166, 17.34148406982422, 9.01171588897705, 15.945218086242676, 26.473644256591797, 19.674436569213867, 16.668739318847656, 15.91900634765625, 11.28612995147705, 0.9830693602561951, 7.625492572784424, 15.442609786987305, 10.958642959594727, 10.083691596984863]",1.0,"[1.0, 1.0, 1.0, 1.0, 1.0, 1.0, 1.0, 1.0, 1.0, 1.0, 1.0, 1.0, 1.0, 1.0, 1.0, 1.0, 1.0, 1.0, 1.0, 1.0, 1.0, 1.0, 1.0, 1.0, 1.0, 1.0, 1.0, 1.0, 1.0, 1.0, 1.0, 1.0, 1.0, 1.0, 1.0, 1.0, 1.0, 1.0, 1.0, 1.0, 1.0, 1.0, 1.0, 1.0, 1.0, 1.0, 1.0, 1.0, 1.0, 1.0, 1.0, 1.0, 1.0, 1.0, 1.0, 1.0, 1.0, 1.0, 1.0, 1.0, 1.0, 1.0, 1.0, 1.0, 1.0, 1.0, 1.0, 1.0, 1.0, 1.0, 1.0, 1.0, 1.0, 1.0, 1.0, 1.0, 1.0, 1.0, 1.0, 1.0, 1.0, 1.0, 1.0, 1.0, 1.0, 1.0, 1.0, 1.0, 1.0, 1.0, 1.0, 1.0, 1.0, 1.0, 1.0, 1.0, 1.0, 1.0, 1.0, 1.0, 1.0, 1.0, 1.0, 1.0, 1.0, 1.0, 1.0, 1.0, 1.0, 1.0, 1.0, 1.0, 1.0, 1.0, 1.0, 1.0, 1.0, 1.0, 1.0, 1.0, 1.0, 1.0, 1.0, 1.0, 1.0, 1.0, 1.0, 1.0, 1.0, 1.0, 1.0, 1.0, 1.0, 1.0, 1.0, 1.0, 1.0, 1.0, 1.0, 1.0, 1.0, 1.0, 1.0, 1.0, 1.0, 1.0, 1.0, 1.0, 1.0, 1.0, 1.0, 1.0, 1.0, 1.0, 1.0, 1.0, 1.0, 1.0, 1.0, 1.0, 1.0, 1.0, 1.0, 1.0, 1.0, 1.0, 1.0, 1.0, 1.0, 1.0, 1.0, 1.0, 1.0, 1.0, 1.0, 1.0, 1.0, 1.0, 1.0, 1.0, 1.0, 1.0, 1.0, 1.0, 1.0, 1.0, 1.0, 1.0, 1.0, 1.0, 1.0, 1.0, 1.0, 1.0, 1.0, 1.0, 1.0, 1.0, 1.0, 1.0, 1.0, 1.0, 1.0, 1.0, 1.0, 1.0, 1.0, 1.0, 1.0, 1.0, 1.0, 1.0, 1.0, 1.0, 1.0, 1.0, 1.0, 1.0, 1.0, 1.0, 1.0, 1.0, 1.0, 1.0, 1.0, 1.0, 1.0, 1.0, 1.0, 1.0, 1.0, 1.0, 1.0, 1.0, 1.0, 1.0, 1.0, 1.0, 1.0, 1.0, 1.0, 1.0, 1.0, 1.0, 1.0, 1.0, 1.0, 1.0, 1.0, 1.0, 1.0, 1.0, 1.0, 1.0, 1.0, 1.0, 1.0, 1.0, 1.0, 1.0, 1.0, 1.0, 1.0, 1.0, 1.0, 1.0, 1.0, 1.0, 1.0, 1.0, 1.0, 1.0, 1.0, 1.0, 1.0, 1.0, 1.0, 1.0, 1.0, 1.0, 1.0, 1.0, 1.0, 1.0, 1.0, 1.0, 1.0, 1.0, 1.0, 1.0, 1.0, 1.0, 1.0, 1.0, 1.0, 1.0, 1.0, 1.0, 1.0, 1.0, 1.0, 1.0, 1.0, 1.0, 1.0, 1.0, 1.0, 1.0, 1.0, 1.0, 1.0, 1.0, 1.0, 1.0, 1.0, 1.0, 1.0, 1.0, 1.0, 1.0, 1.0, 1.0, 1.0, 1.0, 1.0, 1.0, 1.0, 1.0, 1.0, 1.0, 1.0, 1.0, 1.0, 1.0, 1.0, 1.0, 1.0, 1.0, 1.0, 1.0, 1.0, 1.0, 1.0, 1.0, 1.0, 1.0, 1.0, 1.0, 1.0, 1.0, 1.0, 1.0, 1.0, 1.0, 1.0, 1.0, 1.0, 1.0, 1.0, 1.0, 1.0, 1.0, 1.0, 1.0, 1.0, 1.0, 1.0, 1.0, 1.0, 1.0, 1.0, 1.0, 1.0, 1.0, 1.0, 1.0, 1.0, 1.0, 1.0, 1.0, 1.0, 1.0, 1.0, 1.0, 1.0, 1.0, 1.0, 1.0, 1.0, 1.0, 1.0, 1.0, 1.0, 1.0, 1.0, 1.0, 1.0, 1.0, 1.0, 1.0, 1.0, 1.0, 1.0, 1.0, 1.0]",COMPLETE
