,number,value,datetime_start,datetime_complete,duration,params_batch_size_scaler,params_constant_learning_rate,params_depth,params_epochs,params_kernel_l2,params_num_trees,params_temperature,user_attrs_accuracy_test,user_attrs_accuracy_valid,user_attrs_approximate_feature_sparsity,user_attrs_approximate_feature_sparsity_history,user_attrs_approximate_weight_sparsity,user_attrs_approximate_weight_sparsity_history,user_attrs_auc_test,user_attrs_auc_valid,user_attrs_feature_sparsity,user_attrs_feature_sparsity_history,user_attrs_num_epochs,user_attrs_val_loss_history,user_attrs_weight_sparsity,user_attrs_weight_sparsity_history,state
73,73,0.9173526039855212,2024-08-31 03:27:07.959128,2024-08-31 03:28:39.521616,0 days 00:01:31.562488,4,0.04025703359267086,4,300,0.14221942698321502,47,0.02441918311775056,0.921,0.91875,33,"[33, 33, 33, 33, 33, 33, 33, 33, 33, 33, 33, 33, 33, 33, 33, 33, 33, 33, 33, 33, 33, 33, 33, 33, 33, 33, 33, 33, 33, 33, 33, 33, 33, 33, 33, 33, 33, 33, 33, 33, 33, 33, 33, 33, 33, 33, 33, 33, 33, 33, 33, 33, 33, 33, 33, 33, 33, 33, 33, 33, 33, 33, 33, 33, 33, 33, 33, 33, 33, 33, 33, 33, 33, 33, 33, 33, 33, 33, 33, 33, 33, 33, 33, 33, 33, 33, 33, 33, 33, 33, 33, 33, 33, 33, 33, 33, 33, 33, 33, 33, 33, 33, 33, 33, 33, 33, 33, 33, 33, 33, 33, 33, 33, 33, 33, 33, 33, 33, 33, 33, 33, 33, 33, 33, 33, 33, 33, 33, 33, 33, 33, 33, 33, 33, 33, 33, 33, 33, 33, 33, 33, 33, 33, 33, 33, 33, 33, 33, 33, 33, 33, 33, 33, 33, 33, 33, 33, 33, 33, 33, 33, 33, 33, 33, 33, 33, 33, 33, 33, 33, 33, 33, 33, 33, 33, 33, 33, 33, 33, 33, 33, 33, 33, 33, 33, 33, 33, 33, 33, 33, 33, 33, 33, 33, 33, 33, 33, 33, 33, 33, 33, 33, 33, 33, 33, 33, 33, 33, 33, 33, 33, 33, 33, 33, 33, 33, 33, 33, 33, 33, 33, 33, 33, 33, 33, 33, 33, 33, 33, 33, 33, 33, 33, 33, 33, 33, 33, 33, 33, 33, 33, 33, 33, 33, 33, 33, 33, 33, 33, 33, 33, 33, 33, 33, 33, 33, 33, 33, 33, 33, 33, 33, 33, 33, 33, 33, 33, 33, 33, 33, 33, 33, 33, 33, 33, 33, 33, 33, 33, 33, 33, 33, 33, 33, 33, 33, 33, 33, 33, 33, 33, 33, 33, 33, 33, 33, 33, 33, 33, 33]",32.96028368794327,"[32.96879432624114, 32.96737588652482, 32.9645390070922, 32.97021276595745, 32.95602836879432, 32.9645390070922, 32.97872340425532, 32.97872340425532, 32.97730496453901, 32.96170212765958, 32.96312056737589, 32.96737588652482, 32.96737588652483, 32.98014184397164, 32.96595744680851, 32.9531914893617, 32.95744680851064, 32.96312056737589, 32.95744680851064, 32.95602836879433, 32.96312056737589, 32.96595744680852, 32.95886524822695, 32.9531914893617, 32.95744680851064, 32.96170212765958, 32.95460992907802, 32.96170212765958, 32.96737588652482, 32.96595744680852, 32.95744680851064, 32.95886524822695, 32.95744680851064, 32.95886524822695, 32.97021276595745, 32.96879432624114, 32.96595744680851, 32.97021276595745, 32.96312056737589, 32.97446808510639, 32.95886524822695, 32.95744680851064, 32.96312056737589, 32.96595744680851, 32.9645390070922, 32.96312056737589, 32.94893617021277, 32.94893617021277, 32.9531914893617, 32.95886524822695, 32.94609929078014, 32.9531914893617, 32.95460992907802, 32.94751773049646, 32.94468085106383, 32.9404255319149, 32.95602836879433, 32.95602836879433, 32.95744680851064, 32.95886524822695, 32.95460992907802, 32.95744680851064, 32.95744680851064, 32.96170212765958, 32.96879432624114, 32.96737588652482, 32.97163120567376, 32.97021276595745, 32.96595744680851, 32.96595744680851, 32.9645390070922, 32.96170212765958, 32.95744680851064, 32.95177304964539, 32.96028368794326, 32.95460992907802, 32.95460992907802, 32.96170212765958, 32.96312056737589, 32.95602836879433, 32.9531914893617, 32.95319148936171, 32.96170212765958, 32.95460992907801, 32.96737588652482, 32.95886524822695, 32.96312056737589, 32.95177304964539, 32.95319148936171, 32.96028368794327, 32.96170212765958, 32.96028368794327, 32.96028368794326, 32.9531914893617, 32.95602836879433, 32.95177304964539, 32.95886524822695, 32.96170212765958, 32.96595744680851, 32.96170212765958, 32.95602836879433, 32.95602836879433, 32.95886524822695, 32.94468085106383, 32.94893617021277, 32.95744680851064, 32.95886524822695, 32.95886524822695, 32.95744680851064, 32.95886524822695, 32.96028368794327, 32.96595744680851, 32.95744680851064, 32.96028368794326, 32.95744680851064, 32.96312056737589, 32.96170212765958, 32.9531914893617, 32.96879432624114, 32.94751773049646, 32.9531914893617, 32.96170212765958, 32.96595744680851, 32.97163120567376, 32.97730496453901, 32.96312056737589, 32.9645390070922, 32.96595744680851, 32.96737588652482, 32.96879432624114, 32.96312056737589, 32.95460992907802, 32.95602836879433, 32.95602836879433, 32.94893617021277, 32.95460992907802, 32.96170212765958, 32.95744680851064, 32.95744680851064, 32.9531914893617, 32.94184397163121, 32.95886524822695, 32.95886524822696, 32.96028368794326, 32.96028368794326, 32.96170212765958, 32.9645390070922, 32.96879432624114, 32.96170212765958, 32.97163120567376, 32.9758865248227, 32.96028368794326, 32.96595744680851, 32.9645390070922, 32.96737588652483, 32.96028368794327, 32.95744680851064, 32.95744680851064, 32.96595744680851, 32.96170212765958, 32.96737588652482, 32.97446808510638, 32.97163120567376, 32.96170212765958, 32.97021276595745, 32.9645390070922, 32.95886524822695, 32.96879432624114, 32.96737588652482, 32.95886524822696, 32.96170212765958, 32.96170212765958, 32.9645390070922, 32.96879432624114, 32.96312056737589, 32.95602836879433, 32.95602836879433, 32.957446808510646, 32.95744680851064, 32.95460992907802, 32.95886524822695, 32.96170212765958, 32.96879432624114, 32.96879432624114, 32.96879432624114, 32.96595744680851, 32.96595744680851, 32.96737588652482, 32.96312056737589, 32.9645390070922, 32.96879432624114, 32.96595744680851, 32.96312056737589, 32.9645390070922, 32.96595744680852, 32.96595744680852, 32.95602836879433, 32.95460992907802, 32.9645390070922, 32.97021276595745, 32.9645390070922, 32.96312056737589, 32.96737588652483, 32.96312056737588, 32.96737588652482, 32.96879432624114, 32.97163120567376, 32.96737588652483, 32.96737588652483, 32.96737588652483, 32.9645390070922, 32.96879432624114, 32.96595744680852, 32.96312056737589, 32.96170212765958, 32.96028368794327, 32.9645390070922, 32.97163120567376, 32.96595744680851, 32.9758865248227, 32.9758865248227, 32.97446808510639, 32.97021276595745, 32.96737588652483, 32.97021276595745, 32.96595744680852, 32.96737588652482, 32.97163120567376, 32.96595744680851, 32.95886524822695, 32.95460992907802, 32.95744680851064, 32.96170212765958, 32.96879432624114, 32.97163120567376, 32.96879432624114, 32.97163120567376, 32.96595744680851, 32.96879432624114, 32.96879432624114, 32.96595744680851, 32.96028368794327, 32.96312056737589, 32.96170212765958, 32.95886524822695, 32.964539007092206, 32.96595744680851, 32.96737588652482, 32.95744680851064, 32.96028368794326, 32.96170212765957, 32.95744680851064, 32.96312056737589, 32.96595744680852, 32.95886524822695, 32.95886524822695, 32.951773049645396, 32.95744680851064, 32.9531914893617, 32.95744680851064, 32.95744680851064, 32.95602836879433, 32.95886524822695, 32.9645390070922, 32.9645390070922, 32.97021276595745, 32.96737588652482, 32.96312056737589, 32.96595744680852, 32.97446808510639, 32.971631205673766, 32.95886524822695, 32.95886524822695, 32.95886524822695, 32.96028368794326, 32.95744680851064, 32.9645390070922, 32.9645390070922, 32.9645390070922, 32.9645390070922, 32.96312056737589, 32.96737588652483, 32.96028368794327, 32.96312056737589, 32.95602836879433, 32.96028368794327, 32.96312056737589, 32.95886524822695, 32.96595744680851, 32.9645390070922, 32.95602836879433, 32.95886524822695, 32.95177304964539, 32.95460992907802, 32.95602836879433, 32.95602836879433, 32.95886524822695, 32.95744680851064, 32.95602836879433, 32.96028368794327]",0.9002881463684475,0.9173526039855212,33,"[33, 33, 33, 33, 33, 33, 33, 33, 33, 33, 33, 33, 33, 33, 33, 33, 33, 33, 33, 33, 33, 33, 33, 33, 33, 33, 33, 33, 33, 33, 33, 33, 33, 33, 33, 33, 33, 33, 33, 33, 33, 33, 33, 33, 33, 33, 33, 33, 33, 33, 33, 33, 33, 33, 33, 33, 33, 33, 33, 33, 33, 33, 33, 33, 33, 33, 33, 33, 33, 33, 33, 33, 33, 33, 33, 33, 33, 33, 33, 33, 33, 33, 33, 33, 33, 33, 33, 33, 33, 33, 33, 33, 33, 33, 33, 33, 33, 33, 33, 33, 33, 33, 33, 33, 33, 33, 33, 33, 33, 33, 33, 33, 33, 33, 33, 33, 33, 33, 33, 33, 33, 33, 33, 33, 33, 33, 33, 33, 33, 33, 33, 33, 33, 33, 33, 33, 33, 33, 33, 33, 33, 33, 33, 33, 33, 33, 33, 33, 33, 33, 33, 33, 33, 33, 33, 33, 33, 33, 33, 33, 33, 33, 33, 33, 33, 33, 33, 33, 33, 33, 33, 33, 33, 33, 33, 33, 33, 33, 33, 33, 33, 33, 33, 33, 33, 33, 33, 33, 33, 33, 33, 33, 33, 33, 33, 33, 33, 33, 33, 33, 33, 33, 33, 33, 33, 33, 33, 33, 33, 33, 33, 33, 33, 33, 33, 33, 33, 33, 33, 33, 33, 33, 33, 33, 33, 33, 33, 33, 33, 33, 33, 33, 33, 33, 33, 33, 33, 33, 33, 33, 33, 33, 33, 33, 33, 33, 33, 33, 33, 33, 33, 33, 33, 33, 33, 33, 33, 33, 33, 33, 33, 33, 33, 33, 33, 33, 33, 33, 33, 33, 33, 33, 33, 33, 33, 33, 33, 33, 33, 33, 33, 33, 33, 33, 33, 33, 33, 33, 33, 33, 33, 33, 33, 33, 33, 33, 33, 33, 33, 33]",300,"[0.417517751455307, 0.40804141759872437, 0.4034768044948578, 0.39990872144699097, 0.39691799879074097, 0.3943820297718048, 0.39204710721969604, 0.3902236223220825, 0.3885154724121094, 0.38688769936561584, 0.3856109380722046, 0.3843820095062256, 0.3831516206264496, 0.3820720314979553, 0.3811759054660797, 0.3801451623439789, 0.37922203540802, 0.37836378812789917, 0.37763917446136475, 0.3766987919807434, 0.3759220540523529, 0.3751688301563263, 0.37444767355918884, 0.3736504018306732, 0.3730579614639282, 0.37232232093811035, 0.37152302265167236, 0.3708174228668213, 0.370057076215744, 0.36933448910713196, 0.36887845396995544, 0.36808106303215027, 0.36725109815597534, 0.36667391657829285, 0.3658856153488159, 0.3652041554450989, 0.3644395172595978, 0.3638242483139038, 0.36317500472068787, 0.36255592107772827, 0.36194470524787903, 0.36116597056388855, 0.36048969626426697, 0.3597748875617981, 0.35907021164894104, 0.35837945342063904, 0.35777899622917175, 0.35708361864089966, 0.35644418001174927, 0.3557507395744324, 0.3550984263420105, 0.3544824719429016, 0.3538858890533447, 0.3531937897205353, 0.3525811731815338, 0.3520824909210205, 0.35107049345970154, 0.35046717524528503, 0.34970471262931824, 0.34909412264823914, 0.3483647406101227, 0.3476566672325134, 0.3469657599925995, 0.34638512134552, 0.3457009494304657, 0.3448442220687866, 0.3442573845386505, 0.34355056285858154, 0.3430755138397217, 0.34225785732269287, 0.3416154980659485, 0.3407891094684601, 0.3400665521621704, 0.3393831253051758, 0.3386990427970886, 0.337952196598053, 0.3372761607170105, 0.336444616317749, 0.33572497963905334, 0.33502840995788574, 0.3343440890312195, 0.3336523771286011, 0.3328658938407898, 0.332274466753006, 0.33124321699142456, 0.33051520586013794, 0.3298106789588928, 0.32886654138565063, 0.32823628187179565, 0.32750049233436584, 0.32658398151397705, 0.3258378207683563, 0.3250485360622406, 0.3240976631641388, 0.32330048084259033, 0.3225468397140503, 0.3218047618865967, 0.32095637917518616, 0.32007867097854614, 0.31922268867492676, 0.3183535039424896, 0.3174858093261719, 0.3167738616466522, 0.3159389793872833, 0.31497257947921753, 0.314121276140213, 0.3132050037384033, 0.3123358190059662, 0.31147411465644836, 0.31063133478164673, 0.3099322021007538, 0.30895671248435974, 0.3080764412879944, 0.30726945400238037, 0.3065060079097748, 0.3055976629257202, 0.30470237135887146, 0.30398082733154297, 0.3030775189399719, 0.30221766233444214, 0.3014151453971863, 0.3006267845630646, 0.2996564209461212, 0.2989966869354248, 0.2980731129646301, 0.2972416579723358, 0.2964590787887573, 0.29564034938812256, 0.29489901661872864, 0.2940913438796997, 0.29338037967681885, 0.29264622926712036, 0.29183173179626465, 0.29105591773986816, 0.2902820110321045, 0.28970077633857727, 0.28891313076019287, 0.2882906496524811, 0.28748223185539246, 0.2868156433105469, 0.2861536145210266, 0.2855037450790405, 0.28481119871139526, 0.2841767966747284, 0.283534973859787, 0.28300103545188904, 0.2823573052883148, 0.2818109393119812, 0.2811884582042694, 0.28065821528434753, 0.2800721824169159, 0.27940917015075684, 0.27890241146087646, 0.27831488847732544, 0.27775147557258606, 0.2771122455596924, 0.2767082154750824, 0.27618035674095154, 0.27557897567749023, 0.2751747965812683, 0.2746075391769409, 0.27420395612716675, 0.2735728919506073, 0.2730799913406372, 0.2726404666900635, 0.2721705734729767, 0.271767795085907, 0.27136948704719543, 0.2708442211151123, 0.2705240547657013, 0.2699076235294342, 0.26955145597457886, 0.26901277899742126, 0.26860368251800537, 0.26810920238494873, 0.2677203118801117, 0.2672865390777588, 0.26685550808906555, 0.2665013372898102, 0.2661757171154022, 0.26560574769973755, 0.2653369605541229, 0.2651880085468292, 0.2647063136100769, 0.2641434371471405, 0.26395609974861145, 0.26341718435287476, 0.2629898190498352, 0.26263102889060974, 0.262424111366272, 0.26182013750076294, 0.26160722970962524, 0.26110947132110596, 0.2607014775276184, 0.2603749930858612, 0.2599761486053467, 0.2597450017929077, 0.259491890668869, 0.25901922583580017, 0.2587260901927948, 0.2583925724029541, 0.2579466998577118, 0.25772610306739807, 0.25750213861465454, 0.25686049461364746, 0.25650009512901306, 0.2564622759819031, 0.25605058670043945, 0.2557058334350586, 0.255346417427063, 0.25511083006858826, 0.2547888159751892, 0.25436288118362427, 0.25412312150001526, 0.25388598442077637, 0.2534809410572052, 0.25314900279045105, 0.25285547971725464, 0.25272032618522644, 0.25241124629974365, 0.2519327998161316, 0.2517438232898712, 0.2513183355331421, 0.25099730491638184, 0.2506726384162903, 0.2505018413066864, 0.25010010600090027, 0.24992595613002777, 0.24947091937065125, 0.2492530196905136, 0.2489037960767746, 0.24870683252811432, 0.2484564185142517, 0.24799293279647827, 0.24778743088245392, 0.24763818085193634, 0.2473246455192566, 0.2474018633365631, 0.24688123166561127, 0.24653904139995575, 0.24624395370483398, 0.24617642164230347, 0.24576467275619507, 0.24563147127628326, 0.24519702792167664, 0.24496765434741974, 0.24477483332157135, 0.24423083662986755, 0.24406298995018005, 0.24404360353946686, 0.24373158812522888, 0.24344587326049805, 0.24312323331832886, 0.24284014105796814, 0.24262529611587524, 0.24243435263633728, 0.24235482513904572, 0.24229508638381958, 0.2419143170118332, 0.24155914783477783, 0.2413993626832962, 0.24119426310062408, 0.240969717502594, 0.2406025528907776, 0.24044084548950195, 0.24025453627109528, 0.24014246463775635, 0.23995891213417053, 0.23983745276927948, 0.23955518007278442, 0.23891177773475647, 0.2388468235731125, 0.23845583200454712, 0.2384786605834961, 0.23813894391059875, 0.23780988156795502, 0.2376343011856079, 0.23742443323135376, 0.23734135925769806, 0.23705701529979706, 0.23681771755218506, 0.23642662167549133, 0.23632852733135223, 0.2362155318260193, 0.23620201647281647, 0.2358587682247162, 0.23560218513011932, 0.23567265272140503, 0.2354496568441391, 0.23514650762081146, 0.23466594517230988, 0.23446619510650635, 0.2346244752407074, 0.2342231720685959, 0.23396210372447968, 0.23394480347633362, 0.23368100821971893, 0.23351594805717468, 0.23326051235198975, 0.2330489158630371]",33.0,"[33.0, 33.0, 33.0, 33.0, 33.0, 33.0, 33.0, 33.0, 33.0, 33.0, 33.0, 33.0, 33.0, 33.0, 33.0, 33.0, 33.0, 33.0, 33.0, 33.0, 33.0, 33.0, 33.0, 33.0, 33.0, 33.0, 33.0, 33.0, 33.0, 33.0, 33.0, 33.0, 33.0, 33.0, 33.0, 33.0, 33.0, 33.0, 33.0, 33.0, 33.0, 33.0, 33.0, 33.0, 33.0, 33.0, 33.0, 33.0, 33.0, 33.0, 33.0, 33.0, 33.0, 33.0, 33.0, 33.0, 33.0, 33.0, 33.0, 33.0, 33.0, 33.0, 33.0, 33.0, 33.0, 33.0, 33.0, 33.0, 33.0, 33.0, 33.0, 33.0, 33.0, 33.0, 33.0, 33.0, 33.0, 33.0, 33.0, 33.0, 33.0, 33.0, 33.0, 33.0, 33.0, 33.0, 33.0, 33.0, 33.0, 33.0, 33.0, 33.0, 33.0, 33.0, 33.0, 33.0, 33.0, 33.0, 33.0, 33.0, 33.0, 33.0, 33.0, 33.0, 33.0, 33.0, 33.0, 33.0, 33.0, 33.0, 33.0, 33.0, 33.0, 33.0, 33.0, 33.0, 33.0, 33.0, 33.0, 33.0, 33.0, 33.0, 33.0, 33.0, 33.0, 33.0, 33.0, 33.0, 33.0, 33.0, 33.0, 33.0, 33.0, 33.0, 33.0, 33.0, 33.0, 33.0, 33.0, 33.0, 33.0, 33.0, 33.0, 33.0, 33.0, 33.0, 33.0, 33.0, 33.0, 33.0, 33.0, 33.0, 33.0, 33.0, 33.0, 33.0, 33.0, 33.0, 33.0, 33.0, 33.0, 33.0, 33.0, 33.0, 33.0, 33.0, 33.0, 33.0, 33.0, 33.0, 33.0, 33.0, 33.0, 33.0, 33.0, 33.0, 33.0, 33.0, 33.0, 33.0, 33.0, 33.0, 33.0, 33.0, 33.0, 33.0, 33.0, 33.0, 33.0, 33.0, 33.0, 33.0, 33.0, 33.0, 33.0, 33.0, 33.0, 33.0, 33.0, 33.0, 33.0, 33.0, 33.0, 33.0, 33.0, 33.0, 33.0, 33.0, 33.0, 33.0, 33.0, 33.0, 33.0, 33.0, 33.0, 33.0, 33.0, 33.0, 33.0, 33.0, 33.0, 33.0, 33.0, 33.0, 33.0, 33.0, 33.0, 33.0, 33.0, 33.0, 33.0, 33.0, 33.0, 33.0, 33.0, 33.0, 33.0, 33.0, 33.0, 33.0, 33.0, 33.0, 33.0, 33.0, 33.0, 33.0, 33.0, 33.0, 33.0, 33.0, 33.0, 33.0, 33.0, 33.0, 33.0, 33.0, 33.0, 33.0, 33.0, 33.0, 33.0, 33.0, 33.0, 33.0, 33.0, 33.0, 33.0, 33.0, 33.0, 33.0, 33.0, 33.0, 33.0, 33.0, 33.0, 33.0, 33.0, 33.0, 33.0, 33.0, 33.0, 33.0, 33.0, 33.0, 33.0, 33.0, 33.0, 33.0, 33.0, 33.0, 33.0, 33.0, 33.0, 33.0, 33.0, 33.0, 33.0, 33.0, 33.0, 33.0]",COMPLETE
74,74,0.5,2024-08-31 03:28:40.867928,2024-08-31 03:28:51.416649,0 days 00:00:10.548721,16,3.0333876529767947,2,90,0.1964929712065546,52,0.00812640542775415,0.859,0.85875,0,"[3, 1, 1, 1, 1, 1, 1, 1, 0, 0, 0, 0, 0, 0, 0, 0, 0, 0, 0, 0, 0, 0, 0, 0, 0, 0, 0, 0, 0, 0, 0, 0, 0, 0, 0, 0, 0, 0, 0, 0, 0, 0, 0, 0, 0, 0, 0, 0, 0, 0, 0, 0, 0, 0, 0, 0, 0, 0, 0, 0, 0, 0, 0, 0, 0, 0, 0, 0, 0, 0, 0, 0, 0, 0, 0, 0, 0, 0, 0, 0, 0, 0, 0, 0, 0, 0, 0, 0, 0, 0]",0.0,"[3.0, 1.0, 1.0, 1.0, 1.0, 1.0, 1.0, 1.0, 0.0, 0.0, 0.0, 0.0, 0.0, 0.0, 0.0, 0.0, 0.0, 0.0, 0.0, 0.0, 0.0, 0.0, 0.0, 0.0, 0.0, 0.0, 0.0, 0.0, 0.0, 0.0, 0.0, 0.0, 0.0, 0.0, 0.0, 0.0, 0.0, 0.0, 0.0, 0.0, 0.0, 0.0, 0.0, 0.0, 0.0, 0.0, 0.0, 0.0, 0.0, 0.0, 0.0, 0.0, 0.0, 0.0, 0.0, 0.0, 0.0, 0.0, 0.0, 0.0, 0.0, 0.0, 0.0, 0.0, 0.0, 0.0, 0.0, 0.0, 0.0, 0.0, 0.0, 0.0, 0.0, 0.0, 0.0, 0.0, 0.0, 0.0, 0.0, 0.0, 0.0, 0.0, 0.0, 0.0, 0.0, 0.0, 0.0, 0.0, 0.0, 0.0]",0.5,0.5,0,"[3, 1, 1, 1, 1, 1, 1, 1, 0, 0, 0, 0, 0, 0, 0, 0, 0, 0, 0, 0, 0, 0, 0, 0, 0, 0, 0, 0, 0, 0, 0, 0, 0, 0, 0, 0, 0, 0, 0, 0, 0, 0, 0, 0, 0, 0, 0, 0, 0, 0, 0, 0, 0, 0, 0, 0, 0, 0, 0, 0, 0, 0, 0, 0, 0, 0, 0, 0, 0, 0, 0, 0, 0, 0, 0, 0, 0, 0, 0, 0, 0, 0, 0, 0, 0, 0, 0, 0, 0, 0]",90,"[5.386688709259033, 8.502089500427246, 2.536917209625244, 2.8499279022216797, 4.73473596572876, 0.7307970523834229, 2.1947858333587646, 1.9373137950897217, 1.1690597534179688, 0.7964562177658081, 2.1529417037963867, 6.298424243927002, 0.924269437789917, 2.3161089420318604, 1.1594784259796143, 2.5845181941986084, 4.759669780731201, 6.261237144470215, 7.740581035614014, 3.3951785564422607, 6.780726909637451, 8.590252876281738, 5.11289644241333, 1.042868733406067, 1.4134324789047241, 1.9593690633773804, 9.22767448425293, 8.620863914489746, 4.2331223487854, 1.0756502151489258, 3.0604727268218994, 4.743494033813477, 3.840996742248535, 5.5150837898254395, 7.218658447265625, 4.8648152351379395, 1.0117683410644531, 2.4569649696350098, 4.243444919586182, 6.769487380981445, 8.156120300292969, 3.120152235031128, 8.549559593200684, 2.5133676528930664, 3.0788207054138184, 2.5394022464752197, 4.593512058258057, 2.9323952198028564, 1.8101130723953247, 5.097961902618408, 7.0459184646606445, 1.6230120658874512, 1.8053631782531738, 4.210819721221924, 5.722046375274658, 7.270316123962402, 4.896566390991211, 4.898651599884033, 8.545367240905762, 3.249699115753174, 0.5861184597015381, 2.2455074787139893, 6.276871204376221, 5.798200607299805, 7.674554347991943, 6.707639694213867, 2.81777286529541, 0.8857455253601074, 0.6787574887275696, 6.4859442710876465, 0.7561650276184082, 2.5007212162017822, 2.9220223426818848, 2.0239381790161133, 2.2429189682006836, 0.7226365804672241, 2.150233745574951, 1.349987506866455, 4.441592216491699, 5.17233419418335, 1.461827278137207, 1.374311923980713, 2.0702974796295166, 3.755584955215454, 4.450897216796875, 2.425809860229492, 3.8936243057250977, 6.135303497314453, 7.840090751647949, 3.886242628097534]",0.0,"[3.0, 1.0, 1.0, 1.0, 1.0, 1.0, 1.0, 1.0, 0.0, 0.0, 0.0, 0.0, 0.0, 0.0, 0.0, 0.0, 0.0, 0.0, 0.0, 0.0, 0.0, 0.0, 0.0, 0.0, 0.0, 0.0, 0.0, 0.0, 0.0, 0.0, 0.0, 0.0, 0.0, 0.0, 0.0, 0.0, 0.0, 0.0, 0.0, 0.0, 0.0, 0.0, 0.0, 0.0, 0.0, 0.0, 0.0, 0.0, 0.0, 0.0, 0.0, 0.0, 0.0, 0.0, 0.0, 0.0, 0.0, 0.0, 0.0, 0.0, 0.0, 0.0, 0.0, 0.0, 0.0, 0.0, 0.0, 0.0, 0.0, 0.0, 0.0, 0.0, 0.0, 0.0, 0.0, 0.0, 0.0, 0.0, 0.0, 0.0, 0.0, 0.0, 0.0, 0.0, 0.0, 0.0, 0.0, 0.0, 0.0, 0.0]",COMPLETE
75,75,0.5,2024-08-31 03:28:51.424036,2024-08-31 03:28:56.187814,0 days 00:00:04.763778,4,0.5169918702424728,1,25,0.05346521194144608,66,0.02859912646290886,0.859,0.85875,0,"[0, 0, 0, 0, 0, 0, 0, 0, 0, 0, 0, 0, 0, 0, 0, 0, 0, 0, 0, 0, 0, 0, 0, 0, 0]",0.0,"[0.0, 0.0, 0.0, 0.0, 0.0, 0.0, 0.0, 0.0, 0.0, 0.0, 0.0, 0.0, 0.0, 0.0, 0.0, 0.0, 0.0, 0.0, 0.0, 0.0, 0.0, 0.0, 0.0, 0.0, 0.0]",0.5,0.5,0,"[0, 0, 0, 0, 0, 0, 0, 0, 0, 0, 0, 0, 0, 0, 0, 0, 0, 0, 0, 0, 0, 0, 0, 0, 0]",25,"[2.077751874923706, 1.1840686798095703, 0.4551624357700348, 0.41855624318122864, 1.112912654876709, 1.203616976737976, 1.2764338254928589, 3.618238925933838, 0.4074742794036865, 1.3929363489151, 0.46320682764053345, 0.5331457257270813, 1.280224323272705, 0.7323066592216492, 1.7683014869689941, 2.312497138977051, 0.42999526858329773, 1.6650999784469604, 1.5273551940917969, 0.4072769582271576, 1.769881248474121, 0.4487669765949249, 2.1043269634246826, 1.1949952840805054, 2.071141242980957]",0.0,"[0.0, 0.0, 0.0, 0.0, 0.0, 0.0, 0.0, 0.0, 0.0, 0.0, 0.0, 0.0, 0.0, 0.0, 0.0, 0.0, 0.0, 0.0, 0.0, 0.0, 0.0, 0.0, 0.0, 0.0, 0.0]",COMPLETE
