,number,value,datetime_start,datetime_complete,duration,params_batch_size_scaler,params_constant_learning_rate,params_depth,params_epochs,params_kernel_l2,params_num_trees,params_temperature,user_attrs_accuracy_test,user_attrs_accuracy_valid,user_attrs_approximate_feature_sparsity,user_attrs_approximate_feature_sparsity_history,user_attrs_approximate_weight_sparsity,user_attrs_approximate_weight_sparsity_history,user_attrs_auc_test,user_attrs_auc_valid,user_attrs_feature_sparsity,user_attrs_feature_sparsity_history,user_attrs_num_epochs,user_attrs_val_loss_history,user_attrs_weight_sparsity,user_attrs_weight_sparsity_history,state
130,130,0.5,2024-08-31 05:23:24.111758,2024-08-31 05:26:27.400039,0 days 00:03:03.288281,4,4.176461425410024,3,500,0.003353723355302537,91,0.029503556313914884,0.141,0.14125,0,"[0, 0, 0, 0, 0, 0, 0, 0, 0, 0, 0, 0, 0, 0, 0, 0, 0, 0, 0, 0, 0, 0, 0, 0, 0, 0, 0, 0, 0, 0, 0, 0, 0, 0, 0, 0, 0, 0, 0, 0, 0, 0, 0, 0, 0, 0, 0, 0, 0, 0, 0, 0, 0, 0, 0, 0, 0, 0, 0, 0, 0, 0, 0, 0, 0, 0, 0, 0, 0, 0, 0, 0, 0, 0, 0, 0, 0, 0, 0, 0, 0, 0, 0, 0, 0, 0, 0, 0, 0, 0, 0, 0, 0, 0, 0, 0, 0, 0, 0, 0, 0, 0, 0, 0, 0, 0, 0, 0, 0, 0, 0, 0, 0, 0, 0, 0, 0, 0, 0, 0, 0, 0, 0, 0, 0, 0, 0, 0, 0, 0, 0, 0, 0, 0, 0, 0, 0, 0, 0, 0, 0, 0, 0, 0, 0, 0, 0, 0, 0, 0, 0, 0, 0, 0, 0, 0, 0, 0, 0, 0, 0, 0, 0, 0, 0, 0, 0, 0, 0, 0, 0, 0, 0, 0, 0, 0, 0, 0, 0, 0, 0, 0, 0, 0, 0, 0, 0, 0, 0, 0, 0, 0, 0, 0, 0, 0, 0, 0, 0, 0, 0, 0, 0, 0, 0, 0, 0, 0, 0, 0, 0, 0, 0, 0, 0, 0, 0, 0, 0, 0, 0, 0, 0, 0, 0, 0, 0, 0, 0, 0, 0, 0, 0, 0, 0, 0, 0, 0, 0, 0, 0, 0, 0, 0, 0, 0, 0, 0, 0, 0, 0, 0, 0, 0, 0, 0, 0, 0, 0, 0, 0, 0, 0, 0, 0, 0, 0, 0, 0, 0, 0, 0, 0, 0, 0, 0, 0, 0, 0, 0, 0, 0, 0, 0, 0, 0, 0, 0, 0, 0, 0, 0, 0, 0, 0, 0, 0, 0, 0, 0, 0, 0, 0, 0, 0, 0, 0, 0, 0, 0, 0, 0, 0, 0, 0, 0, 0, 0, 0, 0, 0, 0, 0, 0, 0, 0, 0, 0, 0, 0, 0, 0, 0, 0, 0, 0, 0, 0, 0, 0, 0, 0, 0, 0, 0, 0, 0, 0, 0, 0, 0, 0, 0, 0, 0, 0, 0, 0, 0, 0, 0, 0, 0, 0, 0, 0, 0, 0, 0, 0, 0, 0, 0, 0, 0, 0, 0, 0, 0, 0, 0, 0, 0, 0, 0, 0, 0, 0, 0, 0, 0, 0, 0, 0, 0, 0, 0, 0, 0, 0, 0, 0, 0, 0, 0, 0, 0, 0, 0, 0, 0, 0, 0, 0, 0, 0, 0, 0, 0, 0, 0, 0, 0, 0, 0, 0, 0, 0, 0, 0, 0, 0, 0, 0, 0, 0, 0, 0, 0, 0, 0, 0, 0, 0, 0, 0, 0, 0, 0, 0, 0, 0, 0, 0, 0, 0, 0, 0, 0, 0, 0, 0, 0, 0, 0, 0, 0, 0, 0, 0, 0, 0, 0, 0, 0, 0, 0, 0, 0, 0, 0, 0, 0, 0, 0, 0, 0, 0, 0, 0, 0, 0, 0, 0, 0, 0, 0, 0, 0, 0]",0.0,"[0.0, 0.0, 0.0, 0.0, 0.0, 0.0, 0.0, 0.0, 0.0, 0.0, 0.0, 0.0, 0.0, 0.0, 0.0, 0.0, 0.0, 0.0, 0.0, 0.0, 0.0, 0.0, 0.0, 0.0, 0.0, 0.0, 0.0, 0.0, 0.0, 0.0, 0.0, 0.0, 0.0, 0.0, 0.0, 0.0, 0.0, 0.0, 0.0, 0.0, 0.0, 0.0, 0.0, 0.0, 0.0, 0.0, 0.0, 0.0, 0.0, 0.0, 0.0, 0.0, 0.0, 0.0, 0.0, 0.0, 0.0, 0.0, 0.0, 0.0, 0.0, 0.0, 0.0, 0.0, 0.0, 0.0, 0.0, 0.0, 0.0, 0.0, 0.0, 0.0, 0.0, 0.0, 0.0, 0.0, 0.0, 0.0, 0.0, 0.0, 0.0, 0.0, 0.0, 0.0, 0.0, 0.0, 0.0, 0.0, 0.0, 0.0, 0.0, 0.0, 0.0, 0.0, 0.0, 0.0, 0.0, 0.0, 0.0, 0.0, 0.0, 0.0, 0.0, 0.0, 0.0, 0.0, 0.0, 0.0, 0.0, 0.0, 0.0, 0.0, 0.0, 0.0, 0.0, 0.0, 0.0, 0.0, 0.0, 0.0, 0.0, 0.0, 0.0, 0.0, 0.0, 0.0, 0.0, 0.0, 0.0, 0.0, 0.0, 0.0, 0.0, 0.0, 0.0, 0.0, 0.0, 0.0, 0.0, 0.0, 0.0, 0.0, 0.0, 0.0, 0.0, 0.0, 0.0, 0.0, 0.0, 0.0, 0.0, 0.0, 0.0, 0.0, 0.0, 0.0, 0.0, 0.0, 0.0, 0.0, 0.0, 0.0, 0.0, 0.0, 0.0, 0.0, 0.0, 0.0, 0.0, 0.0, 0.0, 0.0, 0.0, 0.0, 0.0, 0.0, 0.0, 0.0, 0.0, 0.0, 0.0, 0.0, 0.0, 0.0, 0.0, 0.0, 0.0, 0.0, 0.0, 0.0, 0.0, 0.0, 0.0, 0.0, 0.0, 0.0, 0.0, 0.0, 0.0, 0.0, 0.0, 0.0, 0.0, 0.0, 0.0, 0.0, 0.0, 0.0, 0.0, 0.0, 0.0, 0.0, 0.0, 0.0, 0.0, 0.0, 0.0, 0.0, 0.0, 0.0, 0.0, 0.0, 0.0, 0.0, 0.0, 0.0, 0.0, 0.0, 0.0, 0.0, 0.0, 0.0, 0.0, 0.0, 0.0, 0.0, 0.0, 0.0, 0.0, 0.0, 0.0, 0.0, 0.0, 0.0, 0.0, 0.0, 0.0, 0.0, 0.0, 0.0, 0.0, 0.0, 0.0, 0.0, 0.0, 0.0, 0.0, 0.0, 0.0, 0.0, 0.0, 0.0, 0.0, 0.0, 0.0, 0.0, 0.0, 0.0, 0.0, 0.0, 0.0, 0.0, 0.0, 0.0, 0.0, 0.0, 0.0, 0.0, 0.0, 0.0, 0.0, 0.0, 0.0, 0.0, 0.0, 0.0, 0.0, 0.0, 0.0, 0.0, 0.0, 0.0, 0.0, 0.0, 0.0, 0.0, 0.0, 0.0, 0.0, 0.0, 0.0, 0.0, 0.0, 0.0, 0.0, 0.0, 0.0, 0.0, 0.0, 0.0, 0.0, 0.0, 0.0, 0.0, 0.0, 0.0, 0.0, 0.0, 0.0, 0.0, 0.0, 0.0, 0.0, 0.0, 0.0, 0.0, 0.0, 0.0, 0.0, 0.0, 0.0, 0.0, 0.0, 0.0, 0.0, 0.0, 0.0, 0.0, 0.0, 0.0, 0.0, 0.0, 0.0, 0.0, 0.0, 0.0, 0.0, 0.0, 0.0, 0.0, 0.0, 0.0, 0.0, 0.0, 0.0, 0.0, 0.0, 0.0, 0.0, 0.0, 0.0, 0.0, 0.0, 0.0, 0.0, 0.0, 0.0, 0.0, 0.0, 0.0, 0.0, 0.0, 0.0, 0.0, 0.0, 0.0, 0.0, 0.0, 0.0, 0.0, 0.0, 0.0, 0.0, 0.0, 0.0, 0.0, 0.0, 0.0, 0.0, 0.0, 0.0, 0.0, 0.0, 0.0, 0.0, 0.0, 0.0, 0.0, 0.0, 0.0, 0.0, 0.0, 0.0, 0.0, 0.0, 0.0, 0.0, 0.0, 0.0, 0.0, 0.0, 0.0, 0.0, 0.0, 0.0, 0.0, 0.0, 0.0, 0.0, 0.0, 0.0, 0.0, 0.0, 0.0, 0.0, 0.0, 0.0, 0.0, 0.0, 0.0, 0.0, 0.0, 0.0, 0.0, 0.0, 0.0, 0.0, 0.0, 0.0, 0.0, 0.0, 0.0, 0.0, 0.0, 0.0, 0.0, 0.0, 0.0, 0.0, 0.0, 0.0, 0.0, 0.0, 0.0, 0.0, 0.0, 0.0, 0.0, 0.0, 0.0, 0.0, 0.0, 0.0, 0.0, 0.0, 0.0, 0.0, 0.0, 0.0, 0.0, 0.0, 0.0, 0.0, 0.0, 0.0, 0.0, 0.0, 0.0, 0.0, 0.0, 0.0, 0.0, 0.0, 0.0, 0.0, 0.0, 0.0, 0.0, 0.0, 0.0, 0.0, 0.0, 0.0, 0.0, 0.0, 0.0, 0.0, 0.0, 0.0, 0.0]",0.5,0.5,0,"[0, 0, 0, 0, 0, 0, 0, 0, 0, 0, 0, 0, 0, 0, 0, 0, 0, 0, 0, 0, 0, 0, 0, 0, 0, 0, 0, 0, 0, 0, 0, 0, 0, 0, 0, 0, 0, 0, 0, 0, 0, 0, 0, 0, 0, 0, 0, 0, 0, 0, 0, 0, 0, 0, 0, 0, 0, 0, 0, 0, 0, 0, 0, 0, 0, 0, 0, 0, 0, 0, 0, 0, 0, 0, 0, 0, 0, 0, 0, 0, 0, 0, 0, 0, 0, 0, 0, 0, 0, 0, 0, 0, 0, 0, 0, 0, 0, 0, 0, 0, 0, 0, 0, 0, 0, 0, 0, 0, 0, 0, 0, 0, 0, 0, 0, 0, 0, 0, 0, 0, 0, 0, 0, 0, 0, 0, 0, 0, 0, 0, 0, 0, 0, 0, 0, 0, 0, 0, 0, 0, 0, 0, 0, 0, 0, 0, 0, 0, 0, 0, 0, 0, 0, 0, 0, 0, 0, 0, 0, 0, 0, 0, 0, 0, 0, 0, 0, 0, 0, 0, 0, 0, 0, 0, 0, 0, 0, 0, 0, 0, 0, 0, 0, 0, 0, 0, 0, 0, 0, 0, 0, 0, 0, 0, 0, 0, 0, 0, 0, 0, 0, 0, 0, 0, 0, 0, 0, 0, 0, 0, 0, 0, 0, 0, 0, 0, 0, 0, 0, 0, 0, 0, 0, 0, 0, 0, 0, 0, 0, 0, 0, 0, 0, 0, 0, 0, 0, 0, 0, 0, 0, 0, 0, 0, 0, 0, 0, 0, 0, 0, 0, 0, 0, 0, 0, 0, 0, 0, 0, 0, 0, 0, 0, 0, 0, 0, 0, 0, 0, 0, 0, 0, 0, 0, 0, 0, 0, 0, 0, 0, 0, 0, 0, 0, 0, 0, 0, 0, 0, 0, 0, 0, 0, 0, 0, 0, 0, 0, 0, 0, 0, 0, 0, 0, 0, 0, 0, 0, 0, 0, 0, 0, 0, 0, 0, 0, 0, 0, 0, 0, 0, 0, 0, 0, 0, 0, 0, 0, 0, 0, 0, 0, 0, 0, 0, 0, 0, 0, 0, 0, 0, 0, 0, 0, 0, 0, 0, 0, 0, 0, 0, 0, 0, 0, 0, 0, 0, 0, 0, 0, 0, 0, 0, 0, 0, 0, 0, 0, 0, 0, 0, 0, 0, 0, 0, 0, 0, 0, 0, 0, 0, 0, 0, 0, 0, 0, 0, 0, 0, 0, 0, 0, 0, 0, 0, 0, 0, 0, 0, 0, 0, 0, 0, 0, 0, 0, 0, 0, 0, 0, 0, 0, 0, 0, 0, 0, 0, 0, 0, 0, 0, 0, 0, 0, 0, 0, 0, 0, 0, 0, 0, 0, 0, 0, 0, 0, 0, 0, 0, 0, 0, 0, 0, 0, 0, 0, 0, 0, 0, 0, 0, 0, 0, 0, 0, 0, 0, 0, 0, 0, 0, 0, 0, 0, 0, 0, 0, 0, 0, 0, 0, 0, 0, 0, 0, 0, 0, 0, 0, 0, 0, 0, 0, 0, 0, 0, 0, 0, 0, 0, 0, 0, 0, 0, 0, 0, 0, 0, 0, 0]",500,"[4.916341781616211, 10.453879356384277, 8.632386207580566, 10.721506118774414, 3.6164309978485107, 1.2873239517211914, 0.864546000957489, 6.3876872062683105, 1.0265583992004395, 0.4072261154651642, 9.4745454788208, 11.731244087219238, 7.595248222351074, 3.4988012313842773, 6.425403594970703, 11.538370132446289, 0.7427969574928284, 10.651220321655273, 9.855144500732422, 12.524635314941406, 3.460827112197876, 5.630970478057861, 8.935176849365234, 2.9687705039978027, 0.9959481954574585, 8.767829895019531, 1.877558946609497, 10.524194717407227, 8.043302536010742, 8.308632850646973, 9.150334358215332, 2.807675361633301, 7.8806471824646, 2.2308061122894287, 11.428461074829102, 3.3006348609924316, 1.1864266395568848, 5.478945255279541, 3.0182766914367676, 11.105313301086426, 6.370328903198242, 0.4380817115306854, 2.9341607093811035, 7.2089715003967285, 5.1383795738220215, 5.111081600189209, 8.526638984680176, 4.863722324371338, 11.387547492980957, 8.35718822479248, 0.7943600416183472, 1.9554246664047241, 9.580048561096191, 6.369949817657471, 3.5365183353424072, 9.455972671508789, 0.9502021074295044, 2.719283103942871, 6.402719497680664, 6.959677696228027, 9.815762519836426, 1.6272166967391968, 9.27836799621582, 9.701664924621582, 10.884328842163086, 4.48963737487793, 1.7926721572875977, 0.6581788659095764, 10.503950119018555, 4.051329135894775, 3.566772699356079, 0.4113437533378601, 2.2537481784820557, 7.675719738006592, 7.497435092926025, 1.5275779962539673, 3.0510077476501465, 4.289669513702393, 2.03739857673645, 9.81088638305664, 5.176715850830078, 8.42664623260498, 6.975893974304199, 5.030828475952148, 2.6804287433624268, 10.721335411071777, 6.294896125793457, 8.627692222595215, 10.116690635681152, 2.6098217964172363, 6.3700103759765625, 0.7814740538597107, 6.766019821166992, 8.725948333740234, 2.739478826522827, 0.8497730493545532, 15.623805046081543, 1.9084575176239014, 9.068825721740723, 7.300940036773682, 4.011997222900391, 2.776202440261841, 10.738005638122559, 7.505131721496582, 1.9885880947113037, 2.372258186340332, 1.2153019905090332, 5.440549850463867, 10.315457344055176, 9.048717498779297, 9.645491600036621, 1.8270928859710693, 3.336031436920166, 5.695535659790039, 7.341068267822266, 5.919503688812256, 4.393226146697998, 10.039472579956055, 2.462918281555176, 4.640089511871338, 4.3657402992248535, 0.5906324982643127, 1.2754912376403809, 3.5513651371002197, 5.1389665603637695, 3.890930414199829, 9.280915260314941, 1.1620274782180786, 1.6017773151397705, 9.168889999389648, 11.551148414611816, 2.9891915321350098, 6.649171352386475, 7.921834945678711, 2.9330759048461914, 7.382646560668945, 10.067707061767578, 0.5944639444351196, 1.1399621963500977, 5.450685024261475, 7.9206061363220215, 10.286176681518555, 1.0342916250228882, 5.4136857986450195, 0.40765535831451416, 3.445019245147705, 1.7082815170288086, 10.546841621398926, 10.004461288452148, 0.7727751135826111, 2.7108070850372314, 10.273734092712402, 4.119322299957275, 9.76317310333252, 7.003413677215576, 1.6358529329299927, 11.24301528930664, 9.683581352233887, 5.417449951171875, 5.764509677886963, 2.702960252761841, 3.3740451335906982, 10.638331413269043, 10.146339416503906, 7.6912431716918945, 5.722606182098389, 0.4336242973804474, 1.034726858139038, 6.100259304046631, 5.218172073364258, 1.267392873764038, 0.8743245005607605, 10.907489776611328, 3.408165693283081, 4.781417369842529, 2.8524811267852783, 8.570240020751953, 0.5122305750846863, 1.187026023864746, 0.4139942228794098, 5.182809352874756, 0.5055205821990967, 6.4547295570373535, 5.808648586273193, 9.910147666931152, 0.47237005829811096, 9.858260154724121, 1.0545530319213867, 10.9556884765625, 0.6240649819374084, 9.610507011413574, 8.714357376098633, 6.258801460266113, 3.277202844619751, 6.980485439300537, 7.3346266746521, 8.817766189575195, 2.0851638317108154, 8.409834861755371, 10.221969604492188, 6.886813163757324, 5.37693977355957, 10.647064208984375, 10.739532470703125, 6.073329925537109, 0.8761882185935974, 2.332273483276367, 1.9868048429489136, 0.8412360548973083, 6.975269794464111, 5.220254898071289, 7.183441638946533, 1.754151463508606, 3.3729705810546875, 4.343388557434082, 6.426921844482422, 7.121277332305908, 6.914001941680908, 9.124826431274414, 9.8220796585083, 0.8556515574455261, 0.8421846032142639, 10.329934120178223, 10.83894157409668, 7.1867828369140625, 9.267696380615234, 1.8754228353500366, 0.5077714323997498, 6.092888832092285, 11.007242202758789, 9.12539291381836, 3.6179380416870117, 7.701040744781494, 3.576645851135254, 2.059251546859741, 1.614414930343628, 9.55143928527832, 5.541932582855225, 4.693280220031738, 8.756651878356934, 5.905264854431152, 8.245269775390625, 9.909628868103027, 2.9368064403533936, 3.8015074729919434, 7.604823112487793, 3.3174188137054443, 1.601134181022644, 5.2907562255859375, 11.169878959655762, 7.863001823425293, 7.919775009155273, 6.268388271331787, 11.334223747253418, 3.223817825317383, 3.9880211353302, 1.2728233337402344, 6.651611804962158, 4.244609355926514, 1.7352781295776367, 8.955951690673828, 3.5113837718963623, 7.802379131317139, 0.5667052865028381, 10.055240631103516, 2.2976300716400146, 2.4787607192993164, 8.913908004760742, 11.728170394897461, 10.931983947753906, 1.5788002014160156, 5.029567718505859, 5.072732925415039, 0.409410297870636, 1.938285231590271, 8.556329727172852, 2.164588212966919, 7.1010541915893555, 3.028933525085449, 1.5595036745071411, 0.43880173563957214, 2.840595006942749, 3.220364570617676, 3.1989333629608154, 10.966246604919434, 5.244264125823975, 9.885025978088379, 2.1946895122528076, 1.209066390991211, 9.166796684265137, 9.496899604797363, 9.692705154418945, 1.5138211250305176, 6.076945781707764, 3.283947706222534, 0.4117950201034546, 10.454647064208984, 7.400280952453613, 5.975297451019287, 4.769319534301758, 5.71489143371582, 9.160431861877441, 6.257717132568359, 10.015008926391602, 1.1028329133987427, 4.668173313140869, 9.23436450958252, 3.8255834579467773, 10.546466827392578, 7.146079063415527, 9.300553321838379, 4.127938747406006, 2.23616886138916, 4.312783718109131, 3.1330132484436035, 0.6165781617164612, 4.244239807128906, 6.067202091217041, 6.673488616943359, 3.453716993331909, 11.410355567932129, 2.870574712753296, 2.9142212867736816, 6.021053314208984, 7.598339080810547, 4.6297502517700195, 0.4513227045536041, 2.465503215789795, 3.424654006958008, 11.430122375488281, 5.1287760734558105, 9.072888374328613, 5.4032511711120605, 2.8611207008361816, 4.660009384155273, 4.106225490570068, 0.8475961089134216, 1.1040011644363403, 0.6097832322120667, 1.7578686475753784, 1.9340623617172241, 2.459346055984497, 5.969480514526367, 5.525700569152832, 3.1957008838653564, 2.6480157375335693, 10.083518028259277, 2.9210827350616455, 3.2990622520446777, 4.542890548706055, 6.829484462738037, 1.0275269746780396, 1.769661545753479, 3.588402032852173, 9.369518280029297, 0.4289185404777527, 4.831518173217773, 1.493202567100525, 11.29823112487793, 0.44016167521476746, 2.1489157676696777, 5.011570930480957, 5.154878616333008, 10.513553619384766, 7.396646499633789, 10.870797157287598, 1.2249972820281982, 2.8675405979156494, 5.621313095092773, 8.517160415649414, 4.455707550048828, 9.072894096374512, 8.296969413757324, 1.9965993165969849, 7.805611610412598, 0.7502128481864929, 1.7054318189620972, 3.830836296081543, 0.43092137575149536, 5.749544143676758, 9.9074125289917, 10.510425567626953, 7.2573089599609375, 11.129690170288086, 6.554349899291992, 0.7194554209709167, 5.654672622680664, 9.182051658630371, 8.17166519165039, 5.646696090698242, 7.897853851318359, 5.883626937866211, 3.184607744216919, 3.616976261138916, 5.824827194213867, 1.2539710998535156, 7.4882659912109375, 4.761142730712891, 0.615204930305481, 10.488641738891602, 2.712458848953247, 6.6775593757629395, 5.922579288482666, 2.303234338760376, 4.213201522827148, 6.189480781555176, 2.467256784439087, 2.387802839279175, 6.6201605796813965, 4.244976043701172, 9.316481590270996, 7.777474403381348, 6.236233711242676, 2.7669405937194824, 3.718318223953247, 6.084772109985352, 4.240143299102783, 2.237605094909668, 9.27756404876709, 2.3470041751861572, 5.601501941680908, 6.2073283195495605, 1.5186294317245483, 6.975271224975586, 2.699275493621826, 3.092148542404175, 2.209803342819214, 9.278897285461426, 1.082981824874878, 2.4799320697784424, 1.8117643594741821, 3.6151788234710693, 5.397454261779785, 0.5782701969146729, 5.507892608642578, 9.177066802978516, 0.5433202385902405, 6.92303466796875, 5.640052318572998, 11.37097454071045, 5.761716842651367, 1.9599928855895996, 0.7093968391418457, 1.3131115436553955, 11.782700538635254, 8.483278274536133, 1.3025399446487427, 0.49382561445236206, 11.110932350158691, 1.0188196897506714, 8.133550643920898, 9.79936695098877, 0.41381320357322693, 3.537417411804199, 7.676916122436523, 6.4211273193359375, 6.669074058532715, 0.46859240531921387, 9.117084503173828, 4.882875919342041, 2.4727089405059814, 0.43212956190109253, 8.779354095458984, 3.7277631759643555, 9.867914199829102, 6.031017303466797, 5.4754109382629395, 0.8537232875823975, 11.523446083068848, 8.228867530822754, 7.107970714569092, 3.1489779949188232, 3.8770432472229004, 4.980222225189209, 6.735268592834473, 0.9692150354385376, 3.9972128868103027, 5.703439235687256, 4.060502529144287, 6.057584762573242, 2.8817031383514404, 9.948633193969727, 10.119403839111328, 5.7135844230651855, 0.5458292961120605, 1.8137118816375732, 4.748790740966797, 11.007148742675781, 4.035488128662109, 4.1044111251831055, 9.4498929977417, 4.850154876708984, 0.5117726922035217, 1.9353867769241333, 7.3292388916015625, 3.7064402103424072, 9.278650283813477, 8.861246109008789, 6.008734226226807, 1.2503570318222046]",0.0,"[0.0, 0.0, 0.0, 0.0, 0.0, 0.0, 0.0, 0.0, 0.0, 0.0, 0.0, 0.0, 0.0, 0.0, 0.0, 0.0, 0.0, 0.0, 0.0, 0.0, 0.0, 0.0, 0.0, 0.0, 0.0, 0.0, 0.0, 0.0, 0.0, 0.0, 0.0, 0.0, 0.0, 0.0, 0.0, 0.0, 0.0, 0.0, 0.0, 0.0, 0.0, 0.0, 0.0, 0.0, 0.0, 0.0, 0.0, 0.0, 0.0, 0.0, 0.0, 0.0, 0.0, 0.0, 0.0, 0.0, 0.0, 0.0, 0.0, 0.0, 0.0, 0.0, 0.0, 0.0, 0.0, 0.0, 0.0, 0.0, 0.0, 0.0, 0.0, 0.0, 0.0, 0.0, 0.0, 0.0, 0.0, 0.0, 0.0, 0.0, 0.0, 0.0, 0.0, 0.0, 0.0, 0.0, 0.0, 0.0, 0.0, 0.0, 0.0, 0.0, 0.0, 0.0, 0.0, 0.0, 0.0, 0.0, 0.0, 0.0, 0.0, 0.0, 0.0, 0.0, 0.0, 0.0, 0.0, 0.0, 0.0, 0.0, 0.0, 0.0, 0.0, 0.0, 0.0, 0.0, 0.0, 0.0, 0.0, 0.0, 0.0, 0.0, 0.0, 0.0, 0.0, 0.0, 0.0, 0.0, 0.0, 0.0, 0.0, 0.0, 0.0, 0.0, 0.0, 0.0, 0.0, 0.0, 0.0, 0.0, 0.0, 0.0, 0.0, 0.0, 0.0, 0.0, 0.0, 0.0, 0.0, 0.0, 0.0, 0.0, 0.0, 0.0, 0.0, 0.0, 0.0, 0.0, 0.0, 0.0, 0.0, 0.0, 0.0, 0.0, 0.0, 0.0, 0.0, 0.0, 0.0, 0.0, 0.0, 0.0, 0.0, 0.0, 0.0, 0.0, 0.0, 0.0, 0.0, 0.0, 0.0, 0.0, 0.0, 0.0, 0.0, 0.0, 0.0, 0.0, 0.0, 0.0, 0.0, 0.0, 0.0, 0.0, 0.0, 0.0, 0.0, 0.0, 0.0, 0.0, 0.0, 0.0, 0.0, 0.0, 0.0, 0.0, 0.0, 0.0, 0.0, 0.0, 0.0, 0.0, 0.0, 0.0, 0.0, 0.0, 0.0, 0.0, 0.0, 0.0, 0.0, 0.0, 0.0, 0.0, 0.0, 0.0, 0.0, 0.0, 0.0, 0.0, 0.0, 0.0, 0.0, 0.0, 0.0, 0.0, 0.0, 0.0, 0.0, 0.0, 0.0, 0.0, 0.0, 0.0, 0.0, 0.0, 0.0, 0.0, 0.0, 0.0, 0.0, 0.0, 0.0, 0.0, 0.0, 0.0, 0.0, 0.0, 0.0, 0.0, 0.0, 0.0, 0.0, 0.0, 0.0, 0.0, 0.0, 0.0, 0.0, 0.0, 0.0, 0.0, 0.0, 0.0, 0.0, 0.0, 0.0, 0.0, 0.0, 0.0, 0.0, 0.0, 0.0, 0.0, 0.0, 0.0, 0.0, 0.0, 0.0, 0.0, 0.0, 0.0, 0.0, 0.0, 0.0, 0.0, 0.0, 0.0, 0.0, 0.0, 0.0, 0.0, 0.0, 0.0, 0.0, 0.0, 0.0, 0.0, 0.0, 0.0, 0.0, 0.0, 0.0, 0.0, 0.0, 0.0, 0.0, 0.0, 0.0, 0.0, 0.0, 0.0, 0.0, 0.0, 0.0, 0.0, 0.0, 0.0, 0.0, 0.0, 0.0, 0.0, 0.0, 0.0, 0.0, 0.0, 0.0, 0.0, 0.0, 0.0, 0.0, 0.0, 0.0, 0.0, 0.0, 0.0, 0.0, 0.0, 0.0, 0.0, 0.0, 0.0, 0.0, 0.0, 0.0, 0.0, 0.0, 0.0, 0.0, 0.0, 0.0, 0.0, 0.0, 0.0, 0.0, 0.0, 0.0, 0.0, 0.0, 0.0, 0.0, 0.0, 0.0, 0.0, 0.0, 0.0, 0.0, 0.0, 0.0, 0.0, 0.0, 0.0, 0.0, 0.0, 0.0, 0.0, 0.0, 0.0, 0.0, 0.0, 0.0, 0.0, 0.0, 0.0, 0.0, 0.0, 0.0, 0.0, 0.0, 0.0, 0.0, 0.0, 0.0, 0.0, 0.0, 0.0, 0.0, 0.0, 0.0, 0.0, 0.0, 0.0, 0.0, 0.0, 0.0, 0.0, 0.0, 0.0, 0.0, 0.0, 0.0, 0.0, 0.0, 0.0, 0.0, 0.0, 0.0, 0.0, 0.0, 0.0, 0.0, 0.0, 0.0, 0.0, 0.0, 0.0, 0.0, 0.0, 0.0, 0.0, 0.0, 0.0, 0.0, 0.0, 0.0, 0.0, 0.0, 0.0, 0.0, 0.0, 0.0, 0.0, 0.0, 0.0, 0.0, 0.0, 0.0, 0.0, 0.0, 0.0, 0.0, 0.0, 0.0, 0.0, 0.0, 0.0, 0.0, 0.0, 0.0, 0.0, 0.0, 0.0, 0.0, 0.0, 0.0, 0.0, 0.0, 0.0, 0.0, 0.0, 0.0, 0.0, 0.0, 0.0, 0.0, 0.0, 0.0, 0.0, 0.0, 0.0, 0.0, 0.0, 0.0, 0.0, 0.0, 0.0, 0.0, 0.0, 0.0, 0.0]",COMPLETE
