,number,value,datetime_start,datetime_complete,duration,params_batch_size_scaler,params_constant_learning_rate,params_depth,params_epochs,params_kernel_l2,params_num_trees,params_temperature,user_attrs_accuracy_test,user_attrs_accuracy_valid,user_attrs_approximate_feature_sparsity,user_attrs_approximate_feature_sparsity_history,user_attrs_approximate_weight_sparsity,user_attrs_approximate_weight_sparsity_history,user_attrs_auc_test,user_attrs_auc_valid,user_attrs_feature_sparsity,user_attrs_feature_sparsity_history,user_attrs_num_epochs,user_attrs_val_loss_history,user_attrs_weight_sparsity,user_attrs_weight_sparsity_history,state
129,129,0.7385194059074339,2024-08-31 05:17:46.472195,2024-08-31 05:23:24.097502,0 days 00:05:37.625307,4,0.03126530009445203,6,130,0.015781123690265603,55,0.00509217573705787,0.879,0.875,33,"[33, 33, 33, 33, 33, 33, 33, 33, 33, 33, 33, 33, 33, 33, 33, 33, 33, 33, 33, 33, 33, 33, 33, 33, 33, 33, 33, 33, 33, 33, 33, 33, 33, 33, 33, 33, 33, 33, 33, 33, 33, 33, 33, 33, 33, 33, 33, 33, 33, 33, 33, 33, 33, 33, 33, 33, 33, 33, 33, 33, 33, 33, 33, 33, 33, 33, 33, 33, 33, 33, 33, 33, 33, 33, 33, 33, 33, 33, 33, 33, 33, 33, 33, 33, 33, 33, 33, 33, 33, 33, 33, 33, 33, 33, 33, 33, 33, 33, 33, 33, 33, 33, 33, 33, 33, 33, 33, 33, 33, 33, 33, 33, 33, 33, 33, 33, 33, 33, 33, 33, 33, 33, 33, 33, 33, 33, 33, 33, 33, 33]",32.92294372294373,"[32.91428571428571, 32.91948051948052, 32.92467532467532, 32.920346320346326, 32.91457431457432, 32.919480519480516, 32.92063492063492, 32.92323232323233, 32.91919191919192, 32.923520923520925, 32.91428571428572, 32.91746031746032, 32.919480519480516, 32.91544011544011, 32.91832611832612, 32.916594516594515, 32.915151515151514, 32.91688311688312, 32.924963924963926, 32.92727272727273, 32.923809523809524, 32.92265512265512, 32.922077922077925, 32.91717171717172, 32.922366522366524, 32.92438672438672, 32.92294372294373, 32.922366522366524, 32.92150072150072, 32.91832611832612, 32.919480519480516, 32.918037518037515, 32.926406926406926, 32.92467532467532, 32.920923520923516, 32.92265512265512, 32.92034632034632, 32.92409812409813, 32.92063492063492, 32.92236652236652, 32.92005772005772, 32.922366522366524, 32.92150072150072, 32.918037518037515, 32.91803751803752, 32.92294372294373, 32.92467532467533, 32.92756132756133, 32.924963924963926, 32.922077922077925, 32.92121212121212, 32.91803751803752, 32.916305916305916, 32.91803751803752, 32.91688311688311, 32.91717171717172, 32.91457431457431, 32.91746031746032, 32.91717171717171, 32.91919191919192, 32.92178932178932, 32.91890331890332, 32.919769119769114, 32.921789321789326, 32.92121212121212, 32.91976911976912, 32.91457431457432, 32.919480519480516, 32.92352092352092, 32.92294372294372, 32.92323232323232, 32.92265512265512, 32.92121212121212, 32.92409812409812, 32.92611832611833, 32.92582972582973, 32.92121212121212, 32.92323232323233, 32.92034632034632, 32.91976911976912, 32.92178932178932, 32.91832611832612, 32.916305916305916, 32.916305916305916, 32.91428571428572, 32.916594516594515, 32.91284271284272, 32.91428571428571, 32.91197691197691, 32.91832611832612, 32.91717171717172, 32.918037518037515, 32.91861471861472, 32.91890331890332, 32.919480519480516, 32.92092352092352, 32.924963924963926, 32.92409812409812, 32.922366522366524, 32.92150072150072, 32.92265512265512, 32.92150072150072, 32.92467532467533, 32.92323232323233, 32.923809523809524, 32.92727272727273, 32.926984126984124, 32.926406926406926, 32.923809523809524, 32.92554112554113, 32.92727272727272, 32.928138528138525, 32.928427128427124, 32.92554112554113, 32.92409812409812, 32.922366522366524, 32.92236652236652, 32.92150072150072, 32.922077922077925, 32.92092352092352, 32.92092352092352, 32.92034632034632, 32.922077922077925, 32.922366522366524, 32.924963924963926, 32.92611832611833, 32.92207792207792, 32.922366522366524, 32.92092352092352, 32.92294372294373]",0.7728514931596199,0.7385194059074339,33,"[33, 33, 33, 33, 33, 33, 33, 33, 33, 33, 33, 33, 33, 33, 33, 33, 33, 33, 33, 33, 33, 33, 33, 33, 33, 33, 33, 33, 33, 33, 33, 33, 33, 33, 33, 33, 33, 33, 33, 33, 33, 33, 33, 33, 33, 33, 33, 33, 33, 33, 33, 33, 33, 33, 33, 33, 33, 33, 33, 33, 33, 33, 33, 33, 33, 33, 33, 33, 33, 33, 33, 33, 33, 33, 33, 33, 33, 33, 33, 33, 33, 33, 33, 33, 33, 33, 33, 33, 33, 33, 33, 33, 33, 33, 33, 33, 33, 33, 33, 33, 33, 33, 33, 33, 33, 33, 33, 33, 33, 33, 33, 33, 33, 33, 33, 33, 33, 33, 33, 33, 33, 33, 33, 33, 33, 33, 33, 33, 33, 33]",130,"[0.4837719202041626, 0.42929625511169434, 0.4109295904636383, 0.4030286371707916, 0.3989017605781555, 0.39641857147216797, 0.3945296108722687, 0.3929315507411957, 0.391570508480072, 0.39032843708992004, 0.3891732394695282, 0.38809746503829956, 0.38707485795021057, 0.38609737157821655, 0.3851747214794159, 0.3842996656894684, 0.38346195220947266, 0.38267749547958374, 0.3819185495376587, 0.3811868727207184, 0.38050320744514465, 0.37984684109687805, 0.37922248244285583, 0.3786138892173767, 0.378028005361557, 0.37747466564178467, 0.37692537903785706, 0.37641870975494385, 0.3759150207042694, 0.37543484568595886, 0.3749697506427765, 0.37452080845832825, 0.3740726411342621, 0.37365221977233887, 0.37322890758514404, 0.37282219529151917, 0.37243518233299255, 0.37203213572502136, 0.37166938185691833, 0.3713148832321167, 0.3709779977798462, 0.3706185221672058, 0.3702857196331024, 0.3699503242969513, 0.369617760181427, 0.3692823052406311, 0.3689744174480438, 0.36867755651474, 0.3683827519416809, 0.3680807054042816, 0.3677879571914673, 0.3674934506416321, 0.3671985864639282, 0.36690518260002136, 0.3666342496871948, 0.36635130643844604, 0.36609119176864624, 0.36581161618232727, 0.3655519485473633, 0.3652786314487457, 0.36502525210380554, 0.3647545576095581, 0.36450710892677307, 0.36424800753593445, 0.36399394273757935, 0.36373355984687805, 0.3634817898273468, 0.36321696639060974, 0.36295971274375916, 0.362709641456604, 0.36245962977409363, 0.36220526695251465, 0.36195921897888184, 0.36171889305114746, 0.3614756464958191, 0.3612300455570221, 0.3610110878944397, 0.360759973526001, 0.360507994890213, 0.3602586090564728, 0.3600143492221832, 0.35977405309677124, 0.3595293164253235, 0.3592861294746399, 0.35905617475509644, 0.35882768034935, 0.3585934042930603, 0.3583579361438751, 0.35812705755233765, 0.35789790749549866, 0.3576427102088928, 0.35741958022117615, 0.3571830987930298, 0.356933057308197, 0.3567078411579132, 0.35647886991500854, 0.3562379479408264, 0.35599464178085327, 0.35576707124710083, 0.3555211126804352, 0.35529625415802, 0.3550572693347931, 0.3548169434070587, 0.3545778691768646, 0.3543380796909332, 0.35410842299461365, 0.35388481616973877, 0.3536534905433655, 0.3534170985221863, 0.35317322611808777, 0.3529219925403595, 0.35269930958747864, 0.3524440824985504, 0.352201908826828, 0.35197144746780396, 0.3517221212387085, 0.35149767994880676, 0.3512697219848633, 0.3510294258594513, 0.35080811381340027, 0.35057055950164795, 0.3503216803073883, 0.3500945568084717, 0.34986114501953125, 0.34961074590682983, 0.34938377141952515, 0.3491380214691162, 0.34890079498291016, 0.34867504239082336, 0.34843939542770386]",33.0,"[33.0, 33.0, 33.0, 33.0, 33.0, 33.0, 33.0, 33.0, 33.0, 33.0, 33.0, 33.0, 33.0, 33.0, 33.0, 33.0, 33.0, 33.0, 33.0, 33.0, 33.0, 33.0, 33.0, 33.0, 33.0, 33.0, 33.0, 33.0, 33.0, 33.0, 33.0, 33.0, 33.0, 33.0, 33.0, 33.0, 33.0, 33.0, 33.0, 33.0, 33.0, 33.0, 33.0, 33.0, 33.0, 33.0, 33.0, 33.0, 33.0, 33.0, 33.0, 33.0, 33.0, 33.0, 33.0, 33.0, 33.0, 33.0, 33.0, 33.0, 33.0, 33.0, 33.0, 33.0, 33.0, 33.0, 33.0, 33.0, 33.0, 33.0, 33.0, 33.0, 33.0, 33.0, 33.0, 33.0, 33.0, 33.0, 33.0, 33.0, 33.0, 33.0, 33.0, 33.0, 33.0, 33.0, 33.0, 33.0, 33.0, 33.0, 33.0, 33.0, 33.0, 33.0, 33.0, 33.0, 33.0, 33.0, 33.0, 33.0, 33.0, 33.0, 33.0, 33.0, 33.0, 33.0, 33.0, 33.0, 33.0, 33.0, 33.0, 33.0, 33.0, 33.0, 33.0, 33.0, 33.0, 33.0, 33.0, 33.0, 33.0, 33.0, 33.0, 33.0, 33.0, 33.0, 33.0, 33.0, 33.0, 33.0]",COMPLETE
