,number,value,datetime_start,datetime_complete,duration,params_batch_size_scaler,params_constant_learning_rate,params_depth,params_epochs,params_kernel_l2,params_num_trees,params_temperature,user_attrs_accuracy_test,user_attrs_accuracy_valid,user_attrs_approximate_feature_sparsity,user_attrs_approximate_feature_sparsity_history,user_attrs_approximate_weight_sparsity,user_attrs_approximate_weight_sparsity_history,user_attrs_auc_test,user_attrs_auc_valid,user_attrs_feature_sparsity,user_attrs_feature_sparsity_history,user_attrs_num_epochs,user_attrs_val_loss_history,user_attrs_weight_sparsity,user_attrs_weight_sparsity_history,state
80,80,0.5,2024-08-31 03:47:27.612940,2024-08-31 03:48:26.279086,0 days 00:00:58.666146,64,5.403485344426146,5,385,0.11828989213252916,1,0.00024189756110951533,0.859,0.85875,0,"[33, 33, 33, 33, 28, 20, 15, 12, 9, 8, 7, 7, 7, 6, 6, 6, 5, 3, 3, 3, 2, 2, 2, 2, 2, 2, 2, 2, 1, 1, 1, 1, 1, 1, 1, 1, 1, 0, 0, 0, 0, 0, 0, 0, 0, 0, 0, 0, 0, 0, 0, 0, 0, 0, 0, 0, 0, 0, 0, 0, 0, 0, 0, 0, 0, 0, 0, 0, 0, 0, 0, 0, 0, 0, 0, 0, 0, 0, 0, 0, 0, 0, 0, 0, 0, 0, 0, 0, 0, 0, 0, 0, 0, 0, 0, 0, 0, 0, 0, 0, 0, 0, 0, 0, 0, 0, 0, 0, 0, 0, 0, 0, 0, 0, 0, 0, 0, 0, 0, 0, 0, 0, 0, 0, 0, 0, 0, 0, 0, 0, 0, 0, 0, 0, 0, 0, 0, 0, 0, 0, 0, 0, 0, 0, 0, 0, 0, 0, 0, 0, 0, 0, 0, 0, 0, 0, 0, 0, 0, 0, 0, 0, 0, 0, 0, 0, 0, 0, 0, 0, 0, 0, 0, 0, 0, 0, 0, 0, 0, 0, 0, 0, 0, 0, 0, 0, 0, 0, 0, 0, 0, 0, 0, 0, 0, 0, 0, 0, 0, 0, 0, 0, 0, 0, 0, 0, 0, 0, 0, 0, 0, 0, 0, 0, 0, 0, 0, 0, 0, 0, 0, 0, 0, 0, 0, 0, 0, 0, 0, 0, 0, 0, 0, 0, 0, 0, 0, 0, 0, 0, 0, 0, 0, 0, 0, 0, 0, 0, 0, 0, 0, 0, 0, 0, 0, 0, 0, 0, 0, 0, 0, 0, 0, 0, 0, 0, 0, 0, 0, 0, 0, 0, 0, 0, 0, 0, 0, 0, 0, 0, 0, 0, 0, 0, 0, 0, 0, 0, 0, 0, 0, 0, 0, 0, 0, 0, 0, 0, 0, 0, 0, 0, 0, 0, 0, 0, 0, 0, 0, 0, 0, 0, 0, 0, 0, 0, 0, 0, 0, 0, 0, 0, 0, 0, 0, 0, 0, 0, 0, 0, 0, 0, 0, 0, 0, 0, 0, 0, 0, 0, 0, 0, 0, 0, 0, 0, 0, 0, 0, 0, 0, 0, 0, 0, 0, 0, 0, 0, 0, 0, 0, 0, 0, 0, 0, 0, 0, 0, 0, 0, 0, 0, 0, 0, 0, 0, 0, 0, 0, 0, 0, 0, 0, 0, 0]",0.0,"[33.0, 33.0, 33.0, 33.0, 28.0, 19.967741935483872, 15.0, 12.0, 8.967741935483872, 8.0, 7.0, 6.967741935483871, 7.0, 6.0, 6.0, 6.0, 5.0, 3.0, 2.967741935483871, 3.0, 2.0, 2.0, 2.0, 2.0, 2.0, 2.0, 2.0, 2.0, 0.967741935483871, 1.0, 0.967741935483871, 0.967741935483871, 0.967741935483871, 0.9354838709677419, 1.0, 1.0, 1.0, 0.0, 0.0, 0.0, 0.0, 0.0, 0.0, 0.0, 0.0, 0.0, 0.0, 0.0, 0.0, 0.0, 0.0, 0.0, 0.0, 0.0, 0.0, 0.0, 0.0, 0.0, 0.0, 0.0, 0.0, 0.0, 0.0, 0.0, 0.0, 0.0, 0.0, 0.0, 0.0, 0.0, 0.0, 0.0, 0.0, 0.0, 0.0, 0.0, 0.0, 0.0, 0.0, 0.0, 0.0, 0.0, 0.0, 0.0, 0.0, 0.0, 0.0, 0.0, 0.0, 0.0, 0.0, 0.0, 0.0, 0.0, 0.0, 0.0, 0.0, 0.0, 0.0, 0.0, 0.0, 0.0, 0.0, 0.0, 0.0, 0.0, 0.0, 0.0, 0.0, 0.0, 0.0, 0.0, 0.0, 0.0, 0.0, 0.0, 0.0, 0.0, 0.0, 0.0, 0.0, 0.0, 0.0, 0.0, 0.0, 0.0, 0.0, 0.0, 0.0, 0.0, 0.0, 0.0, 0.0, 0.0, 0.0, 0.0, 0.0, 0.0, 0.0, 0.0, 0.0, 0.0, 0.0, 0.0, 0.0, 0.0, 0.0, 0.0, 0.0, 0.0, 0.0, 0.0, 0.0, 0.0, 0.0, 0.0, 0.0, 0.0, 0.0, 0.0, 0.0, 0.0, 0.0, 0.0, 0.0, 0.0, 0.0, 0.0, 0.0, 0.0, 0.0, 0.0, 0.0, 0.0, 0.0, 0.0, 0.0, 0.0, 0.0, 0.0, 0.0, 0.0, 0.0, 0.0, 0.0, 0.0, 0.0, 0.0, 0.0, 0.0, 0.0, 0.0, 0.0, 0.0, 0.0, 0.0, 0.0, 0.0, 0.0, 0.0, 0.0, 0.0, 0.0, 0.0, 0.0, 0.0, 0.0, 0.0, 0.0, 0.0, 0.0, 0.0, 0.0, 0.0, 0.0, 0.0, 0.0, 0.0, 0.0, 0.0, 0.0, 0.0, 0.0, 0.0, 0.0, 0.0, 0.0, 0.0, 0.0, 0.0, 0.0, 0.0, 0.0, 0.0, 0.0, 0.0, 0.0, 0.0, 0.0, 0.0, 0.0, 0.0, 0.0, 0.0, 0.0, 0.0, 0.0, 0.0, 0.0, 0.0, 0.0, 0.0, 0.0, 0.0, 0.0, 0.0, 0.0, 0.0, 0.0, 0.0, 0.0, 0.0, 0.0, 0.0, 0.0, 0.0, 0.0, 0.0, 0.0, 0.0, 0.0, 0.0, 0.0, 0.0, 0.0, 0.0, 0.0, 0.0, 0.0, 0.0, 0.0, 0.0, 0.0, 0.0, 0.0, 0.0, 0.0, 0.0, 0.0, 0.0, 0.0, 0.0, 0.0, 0.0, 0.0, 0.0, 0.0, 0.0, 0.0, 0.0, 0.0, 0.0, 0.0, 0.0, 0.0, 0.0, 0.0, 0.0, 0.0, 0.0, 0.0, 0.0, 0.0, 0.0, 0.0, 0.0, 0.0, 0.0, 0.0, 0.0, 0.0, 0.0, 0.0, 0.0, 0.0, 0.0, 0.0, 0.0, 0.0, 0.0, 0.0, 0.0, 0.0, 0.0, 0.0, 0.0, 0.0, 0.0, 0.0, 0.0, 0.0, 0.0, 0.0, 0.0, 0.0, 0.0, 0.0, 0.0, 0.0, 0.0, 0.0, 0.0, 0.0, 0.0, 0.0, 0.0, 0.0, 0.0, 0.0, 0.0, 0.0, 0.0, 0.0, 0.0, 0.0, 0.0, 0.0, 0.0, 0.0, 0.0, 0.0, 0.0, 0.0, 0.0, 0.0, 0.0, 0.0, 0.0, 0.0, 0.0, 0.0, 0.0, 0.0, 0.0, 0.0]",0.5,0.5,0,"[33, 33, 33, 33, 28, 20, 15, 12, 9, 8, 7, 7, 7, 6, 6, 6, 5, 3, 3, 3, 2, 2, 2, 2, 2, 2, 2, 2, 1, 1, 1, 1, 1, 1, 1, 1, 1, 0, 0, 0, 0, 0, 0, 0, 0, 0, 0, 0, 0, 0, 0, 0, 0, 0, 0, 0, 0, 0, 0, 0, 0, 0, 0, 0, 0, 0, 0, 0, 0, 0, 0, 0, 0, 0, 0, 0, 0, 0, 0, 0, 0, 0, 0, 0, 0, 0, 0, 0, 0, 0, 0, 0, 0, 0, 0, 0, 0, 0, 0, 0, 0, 0, 0, 0, 0, 0, 0, 0, 0, 0, 0, 0, 0, 0, 0, 0, 0, 0, 0, 0, 0, 0, 0, 0, 0, 0, 0, 0, 0, 0, 0, 0, 0, 0, 0, 0, 0, 0, 0, 0, 0, 0, 0, 0, 0, 0, 0, 0, 0, 0, 0, 0, 0, 0, 0, 0, 0, 0, 0, 0, 0, 0, 0, 0, 0, 0, 0, 0, 0, 0, 0, 0, 0, 0, 0, 0, 0, 0, 0, 0, 0, 0, 0, 0, 0, 0, 0, 0, 0, 0, 0, 0, 0, 0, 0, 0, 0, 0, 0, 0, 0, 0, 0, 0, 0, 0, 0, 0, 0, 0, 0, 0, 0, 0, 0, 0, 0, 0, 0, 0, 0, 0, 0, 0, 0, 0, 0, 0, 0, 0, 0, 0, 0, 0, 0, 0, 0, 0, 0, 0, 0, 0, 0, 0, 0, 0, 0, 0, 0, 0, 0, 0, 0, 0, 0, 0, 0, 0, 0, 0, 0, 0, 0, 0, 0, 0, 0, 0, 0, 0, 0, 0, 0, 0, 0, 0, 0, 0, 0, 0, 0, 0, 0, 0, 0, 0, 0, 0, 0, 0, 0, 0, 0, 0, 0, 0, 0, 0, 0, 0, 0, 0, 0, 0, 0, 0, 0, 0, 0, 0, 0, 0, 0, 0, 0, 0, 0, 0, 0, 0, 0, 0, 0, 0, 0, 0, 0, 0, 0, 0, 0, 0, 0, 0, 0, 0, 0, 0, 0, 0, 0, 0, 0, 0, 0, 0, 0, 0, 0, 0, 0, 0, 0, 0, 0, 0, 0, 0, 0, 0, 0, 0, 0, 0, 0, 0, 0, 0, 0, 0, 0, 0, 0, 0, 0, 0, 0, 0, 0, 0, 0, 0, 0, 0, 0]",385,"[0.5092666149139404, 0.4523913264274597, 0.4214595556259155, 0.4017733037471771, 0.3792794942855835, 0.3473950922489166, 0.3408779203891754, 0.33850497007369995, 0.33029210567474365, 0.34374186396598816, 0.3391956090927124, 0.3216920793056488, 0.37782707810401917, 0.32620325684547424, 0.32739993929862976, 0.32776564359664917, 0.35440781712532043, 0.4354461431503296, 0.389013409614563, 0.3876914978027344, 0.3895946443080902, 0.3867265284061432, 0.38611137866973877, 0.3852781355381012, 0.38555359840393066, 0.385751336812973, 0.3891097903251648, 0.3841833770275116, 0.3930475115776062, 0.3918101489543915, 0.4090022146701813, 0.3969188928604126, 0.39569368958473206, 0.39392414689064026, 0.3955517113208771, 0.39446163177490234, 0.39115825295448303, 0.4750356376171112, 0.40876638889312744, 0.4073825180530548, 0.41272491216659546, 0.42050492763519287, 0.41448473930358887, 0.41018980741500854, 0.4143069386482239, 0.4096315801143646, 0.40738019347190857, 0.40795397758483887, 0.40724503993988037, 0.40739303827285767, 0.41097816824913025, 0.40866005420684814, 0.4088629484176636, 0.4072262644767761, 0.41530701518058777, 0.4072474539279938, 0.40917181968688965, 0.41099148988723755, 0.4143102169036865, 0.4080554246902466, 0.4083918035030365, 0.41059014201164246, 0.41049522161483765, 0.40954136848449707, 0.40765082836151123, 0.41091522574424744, 0.4079263210296631, 0.4091835916042328, 0.41568541526794434, 0.40863311290740967, 0.40723225474357605, 0.40759846568107605, 0.40722620487213135, 0.4088655412197113, 0.4072328507900238, 0.4073794186115265, 0.4144858121871948, 0.42037278413772583, 0.40831059217453003, 0.4072270095348358, 0.4082249402999878, 0.4119122624397278, 0.41198739409446716, 0.41081932187080383, 0.41456931829452515, 0.40753114223480225, 0.40764981508255005, 0.40765827894210815, 0.4072261154651642, 0.4089285135269165, 0.40722620487213135, 0.40733224153518677, 0.4091914892196655, 0.4130697548389435, 0.41025176644325256, 0.40903884172439575, 0.4077523946762085, 0.40732696652412415, 0.40790024399757385, 0.407588928937912, 0.40781494975090027, 0.41474631428718567, 0.40757977962493896, 0.40764763951301575, 0.4072769284248352, 0.4105047583580017, 0.4075767397880554, 0.4080224633216858, 0.40752577781677246, 0.4072342813014984, 0.4120498597621918, 0.40724635124206543, 0.4086061716079712, 0.41112351417541504, 0.40749266743659973, 0.40781453251838684, 0.4082513451576233, 0.4116065204143524, 0.4125453233718872, 0.4134140908718109, 0.4072934687137604, 0.4080899953842163, 0.40937086939811707, 0.4074074625968933, 0.407805860042572, 0.4072380065917969, 0.4123215079307556, 0.4098217785358429, 0.40756767988204956, 0.40770530700683594, 0.4089246094226837, 0.4089528024196625, 0.40937769412994385, 0.40778952836990356, 0.4072418212890625, 0.40812087059020996, 0.4144423007965088, 0.40931472182273865, 0.40820983052253723, 0.40756291151046753, 0.4081233739852905, 0.409403920173645, 0.4084729850292206, 0.4072282314300537, 0.40750718116760254, 0.407990038394928, 0.4072343409061432, 0.40730705857276917, 0.4074794054031372, 0.40862414240837097, 0.40869033336639404, 0.4075344204902649, 0.4075019955635071, 0.408840149641037, 0.41292881965637207, 0.40771380066871643, 0.409490704536438, 0.407921701669693, 0.407227486371994, 0.41046595573425293, 0.4082127511501312, 0.40891098976135254, 0.4107739329338074, 0.4085162281990051, 0.4079263210296631, 0.40729478001594543, 0.4086698591709137, 0.4101998209953308, 0.40726515650749207, 0.40736445784568787, 0.40765926241874695, 0.40737637877464294, 0.4094166159629822, 0.40782150626182556, 0.4095487892627716, 0.4072410464286804, 0.40724191069602966, 0.4072270095348358, 0.40857669711112976, 0.4073413908481598, 0.40913572907447815, 0.40873467922210693, 0.4072701930999756, 0.40830856561660767, 0.4072716534137726, 0.4072618782520294, 0.40726324915885925, 0.40859442949295044, 0.4072261154651642, 0.40731582045555115, 0.40933364629745483, 0.40822821855545044, 0.4103330969810486, 0.4078790247440338, 0.40732133388519287, 0.407360315322876, 0.407461941242218, 0.4103274941444397, 0.40973347425460815, 0.4088451862335205, 0.407238245010376, 0.4083148241043091, 0.4086581766605377, 0.40797942876815796, 0.4084948003292084, 0.4123178720474243, 0.4072290062904358, 0.4090614318847656, 0.40772804617881775, 0.40727469325065613, 0.4090685248374939, 0.4072301387786865, 0.4122241139411926, 0.4072614312171936, 0.40724173188209534, 0.4080926775932312, 0.4082622528076172, 0.4072304964065552, 0.4072384536266327, 0.4163391590118408, 0.4072650671005249, 0.40723204612731934, 0.40735888481140137, 0.41046902537345886, 0.40750452876091003, 0.40728577971458435, 0.40749701857566833, 0.41002747416496277, 0.407785564661026, 0.40733960270881653, 0.4072834849357605, 0.40796107053756714, 0.4085736870765686, 0.40751421451568604, 0.40834349393844604, 0.40729695558547974, 0.4072398245334625, 0.4077709913253784, 0.407226026058197, 0.4078845977783203, 0.4076769948005676, 0.41412103176116943, 0.4076001048088074, 0.4074793756008148, 0.4079599678516388, 0.40732482075691223, 0.4072543978691101, 0.4072842001914978, 0.41126954555511475, 0.4077104926109314, 0.40760907530784607, 0.40887245535850525, 0.4072423279285431, 0.4076942205429077, 0.4076389670372009, 0.40735748410224915, 0.40754061937332153, 0.4072280824184418, 0.40727707743644714, 0.4072399139404297, 0.4084102511405945, 0.4072270095348358, 0.40833809971809387, 0.40837904810905457, 0.4096071720123291, 0.40746569633483887, 0.41310369968414307, 0.4078057110309601, 0.4088112711906433, 0.40740805864334106, 0.40736207365989685, 0.4076014459133148, 0.40758705139160156, 0.40731772780418396, 0.4078843593597412, 0.41073063015937805, 0.4083780348300934, 0.4082144498825073, 0.4072301983833313, 0.40807855129241943, 0.40815505385398865, 0.4072725176811218, 0.40722960233688354, 0.40902259945869446, 0.4077179729938507, 0.407548725605011, 0.4092838168144226, 0.4084186255931854, 0.4075566828250885, 0.4072412848472595, 0.4072883725166321, 0.4072261154651642, 0.4074472188949585, 0.4082638621330261, 0.4091365933418274, 0.4072265923023224, 0.40726837515830994, 0.40764307975769043, 0.4105626046657562, 0.4072347581386566, 0.40761086344718933, 0.40863269567489624, 0.4107346832752228, 0.4072417914867401, 0.4094461500644684, 0.40743598341941833, 0.4072359502315521, 0.4075435698032379, 0.40872183442115784, 0.40731117129325867, 0.41038939356803894, 0.40739455819129944, 0.4101911187171936, 0.40824824571609497, 0.41022801399230957, 0.40774020552635193, 0.4074002802371979, 0.40736114978790283, 0.4073683023452759, 0.4113607704639435, 0.4081159830093384, 0.4095396101474762, 0.4078231453895569, 0.407614141702652, 0.40799859166145325, 0.40726929903030396, 0.41115352511405945, 0.4089098274707794, 0.4108002483844757, 0.40854644775390625, 0.407471239566803, 0.40782374143600464, 0.40722978115081787, 0.4072526693344116, 0.4075395166873932, 0.40740540623664856, 0.40810200572013855, 0.40734562277793884, 0.4076170325279236, 0.4073350429534912, 0.4078597128391266, 0.4076489210128784, 0.4073063135147095, 0.40861281752586365, 0.40786248445510864, 0.41159430146217346, 0.40725287795066833, 0.4072798192501068, 0.4080372750759125, 0.4073355793952942, 0.4073726236820221, 0.4081435799598694, 0.4073459506034851, 0.41250529885292053, 0.40790843963623047, 0.4082181453704834, 0.4091499447822571, 0.40764904022216797, 0.4074656367301941, 0.4077643156051636, 0.4072842299938202, 0.4072457253932953, 0.4072262644767761, 0.4072270691394806, 0.4073203206062317, 0.40756165981292725, 0.407231867313385, 0.4075497090816498, 0.4081973731517792, 0.4072462320327759, 0.40743759274482727, 0.40724968910217285, 0.4072268605232239, 0.40735405683517456, 0.40732264518737793, 0.4075410068035126, 0.4077979028224945, 0.4073409140110016, 0.4079633951187134, 0.4081161618232727, 0.4078945219516754, 0.4092410206794739, 0.40771567821502686, 0.4082820415496826, 0.4072268009185791]",0.0,"[33.0, 33.0, 33.0, 33.0, 28.0, 20.0, 15.0, 12.0, 9.0, 8.0, 7.0, 7.0, 7.0, 6.0, 6.0, 6.0, 5.0, 3.0, 3.0, 3.0, 2.0, 2.0, 2.0, 2.0, 2.0, 2.0, 2.0, 2.0, 1.0, 1.0, 1.0, 1.0, 1.0, 1.0, 1.0, 1.0, 1.0, 0.0, 0.0, 0.0, 0.0, 0.0, 0.0, 0.0, 0.0, 0.0, 0.0, 0.0, 0.0, 0.0, 0.0, 0.0, 0.0, 0.0, 0.0, 0.0, 0.0, 0.0, 0.0, 0.0, 0.0, 0.0, 0.0, 0.0, 0.0, 0.0, 0.0, 0.0, 0.0, 0.0, 0.0, 0.0, 0.0, 0.0, 0.0, 0.0, 0.0, 0.0, 0.0, 0.0, 0.0, 0.0, 0.0, 0.0, 0.0, 0.0, 0.0, 0.0, 0.0, 0.0, 0.0, 0.0, 0.0, 0.0, 0.0, 0.0, 0.0, 0.0, 0.0, 0.0, 0.0, 0.0, 0.0, 0.0, 0.0, 0.0, 0.0, 0.0, 0.0, 0.0, 0.0, 0.0, 0.0, 0.0, 0.0, 0.0, 0.0, 0.0, 0.0, 0.0, 0.0, 0.0, 0.0, 0.0, 0.0, 0.0, 0.0, 0.0, 0.0, 0.0, 0.0, 0.0, 0.0, 0.0, 0.0, 0.0, 0.0, 0.0, 0.0, 0.0, 0.0, 0.0, 0.0, 0.0, 0.0, 0.0, 0.0, 0.0, 0.0, 0.0, 0.0, 0.0, 0.0, 0.0, 0.0, 0.0, 0.0, 0.0, 0.0, 0.0, 0.0, 0.0, 0.0, 0.0, 0.0, 0.0, 0.0, 0.0, 0.0, 0.0, 0.0, 0.0, 0.0, 0.0, 0.0, 0.0, 0.0, 0.0, 0.0, 0.0, 0.0, 0.0, 0.0, 0.0, 0.0, 0.0, 0.0, 0.0, 0.0, 0.0, 0.0, 0.0, 0.0, 0.0, 0.0, 0.0, 0.0, 0.0, 0.0, 0.0, 0.0, 0.0, 0.0, 0.0, 0.0, 0.0, 0.0, 0.0, 0.0, 0.0, 0.0, 0.0, 0.0, 0.0, 0.0, 0.0, 0.0, 0.0, 0.0, 0.0, 0.0, 0.0, 0.0, 0.0, 0.0, 0.0, 0.0, 0.0, 0.0, 0.0, 0.0, 0.0, 0.0, 0.0, 0.0, 0.0, 0.0, 0.0, 0.0, 0.0, 0.0, 0.0, 0.0, 0.0, 0.0, 0.0, 0.0, 0.0, 0.0, 0.0, 0.0, 0.0, 0.0, 0.0, 0.0, 0.0, 0.0, 0.0, 0.0, 0.0, 0.0, 0.0, 0.0, 0.0, 0.0, 0.0, 0.0, 0.0, 0.0, 0.0, 0.0, 0.0, 0.0, 0.0, 0.0, 0.0, 0.0, 0.0, 0.0, 0.0, 0.0, 0.0, 0.0, 0.0, 0.0, 0.0, 0.0, 0.0, 0.0, 0.0, 0.0, 0.0, 0.0, 0.0, 0.0, 0.0, 0.0, 0.0, 0.0, 0.0, 0.0, 0.0, 0.0, 0.0, 0.0, 0.0, 0.0, 0.0, 0.0, 0.0, 0.0, 0.0, 0.0, 0.0, 0.0, 0.0, 0.0, 0.0, 0.0, 0.0, 0.0, 0.0, 0.0, 0.0, 0.0, 0.0, 0.0, 0.0, 0.0, 0.0, 0.0, 0.0, 0.0, 0.0, 0.0, 0.0, 0.0, 0.0, 0.0, 0.0, 0.0, 0.0, 0.0, 0.0, 0.0, 0.0, 0.0, 0.0, 0.0, 0.0, 0.0, 0.0, 0.0, 0.0, 0.0, 0.0, 0.0, 0.0, 0.0, 0.0, 0.0, 0.0, 0.0, 0.0, 0.0, 0.0, 0.0, 0.0, 0.0, 0.0, 0.0, 0.0, 0.0, 0.0, 0.0, 0.0, 0.0, 0.0, 0.0, 0.0, 0.0, 0.0, 0.0, 0.0, 0.0]",COMPLETE
