,number,value,datetime_start,datetime_complete,duration,params_batch_size_scaler,params_constant_learning_rate,params_depth,params_epochs,params_kernel_l2,params_num_trees,params_temperature,user_attrs_accuracy_test,user_attrs_accuracy_valid,user_attrs_approximate_feature_sparsity,user_attrs_approximate_feature_sparsity_history,user_attrs_approximate_weight_sparsity,user_attrs_approximate_weight_sparsity_history,user_attrs_auc_test,user_attrs_auc_valid,user_attrs_feature_sparsity,user_attrs_feature_sparsity_history,user_attrs_num_epochs,user_attrs_val_loss_history,user_attrs_weight_sparsity,user_attrs_weight_sparsity_history,state
139,139,0.9325398358903014,2024-08-31 05:38:48.204041,2024-08-31 05:39:42.722243,0 days 00:00:54.518202,64,2.6149994231938414,4,300,0.0037289154151821037,72,0.0002543403070823429,0.95,0.955,28,"[33, 33, 33, 33, 33, 33, 33, 33, 33, 33, 33, 33, 33, 33, 33, 33, 33, 33, 33, 33, 33, 33, 33, 33, 33, 33, 33, 33, 33, 33, 33, 33, 33, 33, 33, 33, 33, 33, 33, 33, 33, 33, 33, 33, 33, 33, 33, 33, 33, 33, 33, 33, 33, 33, 33, 33, 33, 33, 33, 33, 33, 33, 33, 33, 33, 33, 33, 33, 33, 33, 33, 33, 33, 33, 33, 33, 33, 33, 33, 33, 33, 33, 33, 33, 33, 33, 33, 33, 33, 33, 33, 33, 33, 33, 33, 33, 33, 33, 33, 33, 33, 33, 33, 33, 33, 33, 33, 33, 33, 33, 33, 33, 33, 33, 33, 33, 33, 33, 33, 33, 33, 33, 33, 33, 33, 33, 33, 33, 32, 32, 32, 32, 32, 31, 31, 31, 31, 31, 31, 31, 31, 31, 31, 31, 31, 31, 31, 31, 31, 31, 31, 31, 31, 31, 31, 31, 31, 31, 31, 31, 31, 31, 31, 31, 31, 31, 31, 31, 31, 31, 31, 31, 31, 31, 31, 31, 31, 31, 31, 31, 31, 31, 31, 31, 31, 30, 30, 30, 30, 30, 30, 30, 30, 30, 30, 30, 30, 30, 30, 30, 30, 30, 30, 30, 30, 30, 30, 30, 29, 29, 29, 29, 29, 29, 29, 29, 29, 29, 29, 29, 29, 29, 29, 29, 29, 29, 29, 29, 29, 29, 29, 29, 29, 29, 29, 28, 28, 28, 28, 28, 28, 28, 28, 28, 28, 28, 28, 28, 28, 28, 28, 28, 28, 28, 28, 28, 28, 28, 28, 28, 28, 28, 28, 28, 28, 28, 28, 28, 28, 28, 28, 28, 28, 28, 28, 28, 28, 28, 28, 28, 28, 28, 28, 28, 28, 28, 28, 28, 28, 28, 28, 28, 28, 28, 28, 28, 28, 28, 28, 28]",27.96759259259259,"[32.95740740740741, 32.95462962962963, 32.946296296296296, 32.94814814814815, 32.946296296296296, 32.94166666666667, 32.94537037037037, 32.962037037037035, 32.958333333333336, 32.958333333333336, 32.95648148148148, 32.9537037037037, 32.949074074074076, 32.94814814814815, 32.95648148148148, 32.94722222222222, 32.95740740740741, 32.96296296296296, 32.96111111111111, 32.955555555555556, 32.96944444444445, 32.96018518518518, 32.951851851851856, 32.95648148148148, 32.958333333333336, 32.95462962962963, 32.949074074074076, 32.94814814814815, 32.95462962962963, 32.951851851851856, 32.949074074074076, 32.95462962962963, 32.94722222222222, 32.94444444444444, 32.94814814814815, 32.952777777777776, 32.95092592592592, 32.94537037037037, 32.94814814814815, 32.96018518518518, 32.95740740740741, 32.95925925925926, 32.95648148148148, 32.95648148148148, 32.94814814814815, 32.94722222222222, 32.95462962962963, 32.96018518518518, 32.96296296296296, 32.95462962962963, 32.96851851851852, 32.967592592592595, 32.95648148148148, 32.97222222222222, 32.971296296296295, 32.96018518518518, 32.96111111111111, 32.95648148148148, 32.952777777777776, 32.959259259259255, 32.9537037037037, 32.95925925925926, 32.9537037037037, 32.955555555555556, 32.967592592592595, 32.96388888888889, 32.958333333333336, 32.958333333333336, 32.95925925925926, 32.95370370370371, 32.96666666666667, 32.958333333333336, 32.95462962962963, 32.95925925925926, 32.95, 32.9537037037037, 32.961111111111116, 32.96111111111111, 32.95833333333333, 32.96296296296296, 32.96666666666667, 32.959259259259255, 32.95092592592593, 32.95740740740741, 32.95092592592592, 32.95648148148148, 32.96296296296296, 32.959259259259255, 32.95740740740741, 32.95740740740741, 32.96018518518518, 32.95740740740741, 32.962037037037035, 32.96388888888889, 32.94537037037037, 32.96018518518518, 32.95, 32.95462962962963, 32.95740740740741, 32.95925925925926, 32.96018518518519, 32.962037037037035, 32.95648148148148, 32.958333333333336, 32.95648148148148, 32.96388888888889, 32.96111111111111, 32.971296296296295, 32.961111111111116, 32.967592592592595, 32.962037037037035, 32.962037037037035, 32.96296296296296, 32.967592592592595, 32.962037037037035, 32.95370370370371, 32.95462962962963, 32.95925925925926, 32.964814814814815, 32.96296296296296, 32.967592592592595, 32.96666666666667, 32.95925925925926, 32.95925925925926, 32.95925925925926, 32.96018518518518, 32.96851851851852, 32.96666666666667, 31.966666666666665, 31.964814814814815, 31.966666666666665, 31.975925925925928, 31.965740740740742, 30.969444444444445, 30.964814814814815, 30.96851851851852, 30.970370370370368, 30.962962962962962, 30.962037037037035, 30.96388888888889, 30.962037037037035, 30.965740740740742, 30.960185185185182, 30.96388888888889, 30.96018518518519, 30.960185185185185, 30.958333333333332, 30.95462962962963, 30.96666666666667, 30.958333333333336, 30.964814814814815, 30.962962962962962, 30.96111111111111, 30.962962962962962, 30.96666666666667, 30.975, 30.953703703703702, 30.96666666666667, 30.96388888888889, 30.96388888888889, 30.955555555555556, 30.964814814814815, 30.96759259259259, 30.962037037037035, 30.96851851851852, 30.962962962962962, 30.964814814814815, 30.964814814814815, 30.97222222222222, 30.97222222222222, 30.967592592592588, 30.95648148148148, 30.96111111111111, 30.952777777777776, 30.96388888888889, 30.96203703703704, 30.96203703703704, 30.962962962962965, 30.96388888888889, 30.96666666666667, 30.970370370370368, 30.969444444444445, 30.960185185185182, 30.969444444444445, 30.977777777777778, 29.969444444444445, 29.97222222222222, 29.96851851851852, 29.958333333333336, 29.967592592592595, 29.977777777777778, 29.975, 29.962962962962962, 29.971296296296295, 29.97037037037037, 29.96944444444444, 29.965740740740742, 29.97222222222222, 29.964814814814815, 29.96944444444444, 29.97222222222222, 29.96203703703704, 29.96111111111111, 29.965740740740742, 29.96574074074074, 29.96203703703704, 29.96759259259259, 29.97037037037037, 28.964814814814815, 28.962962962962962, 28.965740740740745, 28.962037037037035, 28.96388888888889, 28.971296296296295, 28.962962962962962, 28.961111111111112, 28.964814814814815, 28.96666666666667, 28.96388888888889, 28.960185185185185, 28.96759259259259, 28.97222222222222, 28.975, 28.96666666666667, 28.96759259259259, 28.96388888888889, 28.96759259259259, 28.96388888888889, 28.968518518518522, 28.974074074074075, 28.970370370370368, 28.97777777777778, 28.971296296296295, 28.96944444444445, 28.977777777777778, 27.973148148148148, 27.969444444444445, 27.96388888888889, 27.971296296296295, 27.964814814814815, 27.96944444444444, 27.96111111111111, 27.966666666666665, 27.96759259259259, 27.974074074074075, 27.964814814814815, 27.965740740740742, 27.975925925925928, 27.962037037037035, 27.965740740740742, 27.964814814814815, 27.965740740740742, 27.965740740740742, 27.96759259259259, 27.9787037037037, 27.96666666666667, 27.972222222222225, 27.966666666666665, 27.968518518518515, 27.96851851851852, 27.965740740740742, 27.955555555555556, 27.96759259259259, 27.970370370370368, 27.970370370370368, 27.969444444444445, 27.96388888888889, 27.968518518518515, 27.962037037037035, 27.966666666666665, 27.973148148148148, 27.962962962962962, 27.95740740740741, 27.96111111111111, 27.96759259259259, 27.968518518518522, 27.96851851851852, 27.96851851851852, 27.969444444444445, 27.960185185185185, 27.96574074074074, 27.966666666666665, 27.973148148148148, 27.96666666666667, 27.962962962962962, 27.971296296296295, 27.96666666666667, 27.975, 27.97777777777778, 27.97222222222222, 27.964814814814815, 27.96388888888889, 27.9712962962963, 27.96759259259259, 27.96666666666667, 27.97037037037037, 27.962962962962962, 27.967592592592595, 27.973148148148148, 27.96759259259259]",0.9213170518250646,0.9325398358903014,28,"[33, 33, 33, 33, 33, 33, 33, 33, 33, 33, 33, 33, 33, 33, 33, 33, 33, 33, 33, 33, 33, 33, 33, 33, 33, 33, 33, 33, 33, 33, 33, 33, 33, 33, 33, 33, 33, 33, 33, 33, 33, 33, 33, 33, 33, 33, 33, 33, 33, 33, 33, 33, 33, 33, 33, 33, 33, 33, 33, 33, 33, 33, 33, 33, 33, 33, 33, 33, 33, 33, 33, 33, 33, 33, 33, 33, 33, 33, 33, 33, 33, 33, 33, 33, 33, 33, 33, 33, 33, 33, 33, 33, 33, 33, 33, 33, 33, 33, 33, 33, 33, 33, 33, 33, 33, 33, 33, 33, 33, 33, 33, 33, 33, 33, 33, 33, 33, 33, 33, 33, 33, 33, 33, 33, 33, 33, 33, 33, 32, 32, 32, 32, 32, 31, 31, 31, 31, 31, 31, 31, 31, 31, 31, 31, 31, 31, 31, 31, 31, 31, 31, 31, 31, 31, 31, 31, 31, 31, 31, 31, 31, 31, 31, 31, 31, 31, 31, 31, 31, 31, 31, 31, 31, 31, 31, 31, 31, 31, 31, 31, 31, 31, 31, 31, 31, 30, 30, 30, 30, 30, 30, 30, 30, 30, 30, 30, 30, 30, 30, 30, 30, 30, 30, 30, 30, 30, 30, 30, 29, 29, 29, 29, 29, 29, 29, 29, 29, 29, 29, 29, 29, 29, 29, 29, 29, 29, 29, 29, 29, 29, 29, 29, 29, 29, 29, 28, 28, 28, 28, 28, 28, 28, 28, 28, 28, 28, 28, 28, 28, 28, 28, 28, 28, 28, 28, 28, 28, 28, 28, 28, 28, 28, 28, 28, 28, 28, 28, 28, 28, 28, 28, 28, 28, 28, 28, 28, 28, 28, 28, 28, 28, 28, 28, 28, 28, 28, 28, 28, 28, 28, 28, 28, 28, 28, 28, 28, 28, 28, 28, 28]",300,"[0.4561176598072052, 0.39702728390693665, 0.6061472296714783, 0.7040450572967529, 0.36449041962623596, 0.4371090829372406, 0.48561394214630127, 0.4026627838611603, 0.40129855275154114, 0.34945279359817505, 0.5005608797073364, 0.6070764660835266, 0.4774702489376068, 0.35224610567092896, 0.8952671885490417, 0.4271434545516968, 0.3598706126213074, 0.4667504131793976, 0.3693302273750305, 0.5430223345756531, 0.5177712440490723, 0.37693679332733154, 0.4800804555416107, 0.43033599853515625, 0.4544166624546051, 0.3300025165081024, 0.3146454393863678, 0.4715938866138458, 0.46109527349472046, 0.30937328934669495, 0.4398871660232544, 0.3570117652416229, 0.2833850681781769, 0.40058526396751404, 0.40294384956359863, 0.29948949813842773, 0.39598143100738525, 0.3082983195781708, 0.275054007768631, 0.2603735625743866, 0.26419714093208313, 0.24631807208061218, 0.2457086443901062, 0.27526912093162537, 0.2912137508392334, 0.3358173370361328, 0.31075936555862427, 0.23885518312454224, 0.35597145557403564, 0.26944178342819214, 0.23171845078468323, 0.26726412773132324, 0.2319059818983078, 0.24085408449172974, 0.23794448375701904, 0.24846115708351135, 0.26463037729263306, 0.22429147362709045, 0.2490396648645401, 0.21793387830257416, 0.22707600891590118, 0.23552343249320984, 0.384954035282135, 0.21658101677894592, 0.2535334825515747, 0.30385369062423706, 0.23529168963432312, 0.26017993688583374, 0.21079708635807037, 0.2205859124660492, 0.27951714396476746, 0.2119913101196289, 0.22859612107276917, 0.2072076052427292, 0.20821897685527802, 0.20635385811328888, 0.2330280840396881, 0.23022569715976715, 0.23191338777542114, 0.25023454427719116, 0.28214073181152344, 0.2044181227684021, 0.2172207087278366, 0.19861087203025818, 0.2270204871892929, 0.19594165682792664, 0.19561268389225006, 0.19091744720935822, 0.19625712931156158, 0.19360527396202087, 0.19754360616207123, 0.1994035840034485, 0.19973324239253998, 0.2301531732082367, 0.2243756353855133, 0.20012424886226654, 0.20904579758644104, 0.24462729692459106, 0.1970299333333969, 0.19069476425647736, 0.19223430752754211, 0.22047759592533112, 0.19588427245616913, 0.23437824845314026, 0.19459810853004456, 0.19395501911640167, 0.18584094941616058, 0.18719130754470825, 0.1888006031513214, 0.19623205065727234, 0.1952054649591446, 0.20413535833358765, 0.18695145845413208, 0.22122743725776672, 0.1846144050359726, 0.19340331852436066, 0.18380466103553772, 0.18308542668819427, 0.19041089713573456, 0.2076302021741867, 0.2323625236749649, 0.19135171175003052, 0.1918988674879074, 0.18565087020397186, 0.18715645372867584, 0.18047024309635162, 0.2214963585138321, 0.19555166363716125, 0.18369288742542267, 0.1894012689590454, 0.2092401087284088, 0.18359245359897614, 0.19584132730960846, 0.18122746050357819, 0.18321257829666138, 0.17419308423995972, 0.17862021923065186, 0.18000632524490356, 0.19000361859798431, 0.23022061586380005, 0.17534227669239044, 0.17771083116531372, 0.1746606081724167, 0.19516047835350037, 0.18009689450263977, 0.17808984220027924, 0.18600788712501526, 0.19848546385765076, 0.17565898597240448, 0.17828641831874847, 0.18058785796165466, 0.1764259785413742, 0.1746356189250946, 0.1980477273464203, 0.172230064868927, 0.17791402339935303, 0.1753091663122177, 0.17861036956310272, 0.1818319708108902, 0.2428455799818039, 0.22168280184268951, 0.19856370985507965, 0.17552490532398224, 0.18053053319454193, 0.18199752271175385, 0.1766633838415146, 0.1779283732175827, 0.17874236404895782, 0.191053107380867, 0.17514730989933014, 0.17246030271053314, 0.22231751680374146, 0.2256144881248474, 0.18491847813129425, 0.20276401937007904, 0.17388957738876343, 0.17972858250141144, 0.17346163094043732, 0.1698729395866394, 0.1931394785642624, 0.1764816790819168, 0.18154197931289673, 0.18956321477890015, 0.17539404332637787, 0.18197911977767944, 0.1788988560438156, 0.17557598650455475, 0.1807437539100647, 0.18113651871681213, 0.17363838851451874, 0.1812567114830017, 0.19590801000595093, 0.17962871491909027, 0.18249639868736267, 0.17118124663829803, 0.18313416838645935, 0.1673264503479004, 0.1687212735414505, 0.17396090924739838, 0.17216356098651886, 0.1725517213344574, 0.18096889555454254, 0.20083345472812653, 0.16774648427963257, 0.18554042279720306, 0.17099757492542267, 0.17628559470176697, 0.18283715844154358, 0.18059810996055603, 0.18488098680973053, 0.20125602185726166, 0.18246841430664062, 0.21023239195346832, 0.1744135618209839, 0.18158026039600372, 0.1914641261100769, 0.17814090847969055, 0.17873132228851318, 0.1788521260023117, 0.18085473775863647, 0.20472334325313568, 0.17508648335933685, 0.17935091257095337, 0.19703257083892822, 0.1810920536518097, 0.1951501965522766, 0.17884397506713867, 0.1815509796142578, 0.19847942888736725, 0.18229469656944275, 0.18623824417591095, 0.18068526685237885, 0.2406388521194458, 0.17400135099887848, 0.2004840224981308, 0.18022827804088593, 0.2255990356206894, 0.17239081859588623, 0.17776718735694885, 0.18646006286144257, 0.17419619858264923, 0.19066160917282104, 0.18437813222408295, 0.1865788847208023, 0.17969456315040588, 0.20528273284435272, 0.21682968735694885, 0.18470102548599243, 0.17623662948608398, 0.17295941710472107, 0.18452991545200348, 0.20704570412635803, 0.17119741439819336, 0.17574499547481537, 0.17846892774105072, 0.1765579730272293, 0.17964740097522736, 0.19893546402454376, 0.1814660131931305, 0.21881824731826782, 0.17167849838733673, 0.2300986349582672, 0.1805073618888855, 0.19082853198051453, 0.18115867674350739, 0.17143231630325317, 0.18100036680698395, 0.18106433749198914, 0.17047052085399628, 0.2036350667476654, 0.17978733777999878, 0.20592932403087616, 0.17890560626983643, 0.19291381537914276, 0.20836682617664337, 0.1762111634016037, 0.18123111128807068, 0.19086937606334686, 0.18697145581245422, 0.18468020856380463, 0.186446875333786, 0.17525173723697662, 0.1764923632144928, 0.180765300989151, 0.19098706543445587, 0.1787639558315277, 0.17932924628257751, 0.18132157623767853, 0.19364166259765625, 0.18808262050151825, 0.2066076397895813, 0.1803174763917923, 0.1765790730714798, 0.20954054594039917, 0.19807849824428558, 0.19973020255565643, 0.22257927060127258, 0.1828315407037735, 0.18507042527198792, 0.1745072901248932]",28.0,"[33.0, 33.0, 33.0, 33.0, 33.0, 33.0, 33.0, 33.0, 33.0, 33.0, 33.0, 33.0, 33.0, 33.0, 33.0, 33.0, 33.0, 33.0, 33.0, 33.0, 33.0, 33.0, 33.0, 33.0, 33.0, 33.0, 33.0, 33.0, 33.0, 33.0, 33.0, 33.0, 33.0, 33.0, 33.0, 33.0, 33.0, 33.0, 33.0, 33.0, 33.0, 33.0, 33.0, 33.0, 33.0, 33.0, 33.0, 33.0, 33.0, 33.0, 33.0, 33.0, 33.0, 33.0, 33.0, 33.0, 33.0, 33.0, 33.0, 33.0, 33.0, 33.0, 33.0, 33.0, 33.0, 33.0, 33.0, 33.0, 33.0, 33.0, 33.0, 33.0, 33.0, 33.0, 33.0, 33.0, 33.0, 33.0, 33.0, 33.0, 33.0, 33.0, 33.0, 33.0, 33.0, 33.0, 33.0, 33.0, 33.0, 33.0, 33.0, 33.0, 33.0, 33.0, 33.0, 33.0, 33.0, 33.0, 33.0, 33.0, 33.0, 33.0, 33.0, 33.0, 33.0, 33.0, 33.0, 33.0, 33.0, 33.0, 33.0, 33.0, 33.0, 33.0, 33.0, 33.0, 33.0, 33.0, 33.0, 33.0, 33.0, 33.0, 33.0, 33.0, 33.0, 33.0, 33.0, 33.0, 32.0, 32.0, 32.0, 32.0, 32.0, 31.0, 31.0, 31.0, 31.0, 31.0, 31.0, 31.0, 31.0, 31.0, 31.0, 31.0, 31.0, 31.0, 31.0, 31.0, 31.0, 31.0, 31.0, 31.0, 31.0, 31.0, 31.0, 31.0, 31.0, 31.0, 31.0, 31.0, 31.0, 31.0, 31.0, 31.0, 31.0, 31.0, 31.0, 31.0, 31.0, 31.0, 31.0, 31.0, 31.0, 31.0, 31.0, 31.0, 31.0, 31.0, 31.0, 31.0, 31.0, 31.0, 31.0, 31.0, 31.0, 30.0, 30.0, 30.0, 30.0, 30.0, 30.0, 30.0, 30.0, 30.0, 30.0, 30.0, 30.0, 30.0, 30.0, 30.0, 30.0, 30.0, 30.0, 30.0, 30.0, 30.0, 30.0, 30.0, 29.0, 29.0, 29.0, 29.0, 29.0, 29.0, 29.0, 29.0, 29.0, 29.0, 29.0, 29.0, 29.0, 29.0, 29.0, 29.0, 29.0, 29.0, 29.0, 29.0, 29.0, 29.0, 29.0, 29.0, 29.0, 29.0, 29.0, 28.0, 28.0, 28.0, 28.0, 28.0, 28.0, 28.0, 28.0, 28.0, 28.0, 28.0, 28.0, 28.0, 28.0, 28.0, 28.0, 28.0, 28.0, 28.0, 28.0, 28.0, 28.0, 28.0, 28.0, 28.0, 28.0, 28.0, 28.0, 28.0, 28.0, 28.0, 28.0, 28.0, 28.0, 28.0, 28.0, 28.0, 28.0, 28.0, 28.0, 28.0, 28.0, 28.0, 28.0, 28.0, 28.0, 28.0, 28.0, 28.0, 28.0, 28.0, 28.0, 28.0, 28.0, 28.0, 28.0, 28.0, 28.0, 28.0, 28.0, 28.0, 28.0, 28.0, 28.0, 28.0]",COMPLETE
