,number,value,datetime_start,datetime_complete,duration,params_batch_size_scaler,params_constant_learning_rate,params_depth,params_epochs,params_kernel_l2,params_num_trees,params_temperature,user_attrs_accuracy_test,user_attrs_accuracy_valid,user_attrs_approximate_feature_sparsity,user_attrs_approximate_feature_sparsity_history,user_attrs_approximate_weight_sparsity,user_attrs_approximate_weight_sparsity_history,user_attrs_auc_test,user_attrs_auc_valid,user_attrs_feature_sparsity,user_attrs_feature_sparsity_history,user_attrs_num_epochs,user_attrs_val_loss_history,user_attrs_weight_sparsity,user_attrs_weight_sparsity_history,state
123,123,0.9264082647396014,2024-08-31 05:10:22.625071,2024-08-31 05:13:35.152098,0 days 00:03:12.527027,1,2.706788890329594,4,55,0.0045504263649532245,86,0.00011839468807713439,0.935,0.935,30,"[33, 33, 33, 33, 33, 31, 31, 31, 31, 31, 31, 31, 31, 31, 31, 31, 31, 31, 31, 31, 31, 31, 31, 31, 31, 31, 31, 31, 31, 31, 31, 31, 31, 31, 31, 31, 31, 31, 31, 31, 31, 31, 31, 31, 31, 31, 31, 30, 30, 30, 30, 30, 30, 30, 30]",29.96744186046512,"[32.95116279069767, 32.955813953488374, 32.96046511627907, 32.96201550387597, 32.95116279069767, 30.967441860465115, 30.96434108527132, 30.95813953488372, 30.966666666666665, 30.96279069767442, 30.95968992248062, 30.959689922480617, 30.95891472868217, 30.965891472868215, 30.96279069767442, 30.970542635658916, 30.95813953488372, 30.965116279069765, 30.962015503875968, 30.96124031007752, 30.961240310077518, 30.96201550387597, 30.95813953488372, 30.962015503875968, 30.96511627906977, 30.95658914728682, 30.96046511627907, 30.96046511627907, 30.962790697674418, 30.962790697674418, 30.95968992248062, 30.957364341085274, 30.962015503875968, 30.957364341085274, 30.96279069767442, 30.955813953488374, 30.967441860465115, 30.964341085271318, 30.96279069767442, 30.961240310077518, 30.96744186046512, 30.974418604651163, 30.968217054263565, 30.962015503875968, 30.963565891472868, 30.962790697674418, 30.963565891472868, 29.968217054263565, 29.970542635658912, 29.975968992248063, 29.975968992248063, 29.971317829457366, 29.968992248062012, 29.967441860465115, 29.96744186046512]",0.9153477158827269,0.9264082647396014,30,"[33, 33, 33, 33, 33, 31, 31, 31, 31, 31, 31, 31, 31, 31, 31, 31, 31, 31, 31, 31, 31, 31, 31, 31, 31, 31, 31, 31, 31, 31, 31, 31, 31, 31, 31, 31, 31, 31, 31, 31, 31, 31, 31, 31, 31, 31, 31, 30, 30, 30, 30, 30, 30, 30, 30]",55,"[0.30345430970191956, 0.37561094760894775, 0.4632031321525574, 1.1813876628875732, 0.24352306127548218, 0.3553067743778229, 0.23188626766204834, 0.37558066844940186, 0.8748985528945923, 0.39844417572021484, 0.2288779467344284, 0.20657049119472504, 0.25875481963157654, 0.21695822477340698, 0.19438228011131287, 0.43524691462516785, 0.5019218325614929, 0.2706361413002014, 0.28019213676452637, 0.2768380045890808, 0.31045177578926086, 0.33170926570892334, 0.28036001324653625, 0.3481929302215576, 0.3312625586986542, 0.3342691659927368, 0.3514506220817566, 0.34488075971603394, 0.3500436544418335, 0.3585008978843689, 0.35034656524658203, 0.3578171133995056, 0.36252036690711975, 0.36582744121551514, 0.36604994535446167, 0.37255215644836426, 0.37179046869277954, 0.3785786032676697, 0.37725627422332764, 0.3819362223148346, 0.38440269231796265, 0.3868192434310913, 0.3858420252799988, 0.3819946050643921, 0.38390088081359863, 0.3895711600780487, 0.3896031081676483, 0.38805168867111206, 0.3906612694263458, 0.39459288120269775, 0.39429762959480286, 0.39438536763191223, 0.39433470368385315, 0.3982800543308258, 0.3976278305053711]",30.0,"[33.0, 33.0, 33.0, 33.0, 33.0, 31.0, 31.0, 31.0, 31.0, 31.0, 31.0, 31.0, 31.0, 31.0, 31.0, 31.0, 31.0, 31.0, 31.0, 31.0, 31.0, 31.0, 31.0, 31.0, 31.0, 31.0, 31.0, 31.0, 31.0, 31.0, 31.0, 31.0, 31.0, 31.0, 31.0, 31.0, 31.0, 31.0, 31.0, 31.0, 31.0, 31.0, 31.0, 31.0, 31.0, 31.0, 31.0, 30.0, 30.0, 30.0, 30.0, 30.0, 30.0, 30.0, 30.0]",COMPLETE
124,124,0.8235627519934048,2024-08-31 05:13:39.505894,2024-08-31 05:14:04.706327,0 days 00:00:25.200433,64,0.21376992554115548,1,100,0.06826834810967118,89,0.003839057244313654,0.866,0.86125,30,"[33, 33, 33, 33, 33, 33, 33, 33, 33, 33, 33, 33, 33, 33, 33, 33, 33, 33, 33, 33, 33, 33, 33, 33, 33, 33, 33, 33, 33, 33, 33, 33, 33, 33, 33, 33, 33, 33, 33, 33, 33, 33, 33, 33, 33, 33, 33, 33, 33, 33, 33, 33, 33, 33, 33, 33, 33, 33, 33, 33, 33, 33, 33, 33, 33, 33, 33, 33, 33, 33, 33, 33, 33, 33, 33, 33, 33, 33, 33, 33, 33, 33, 33, 33, 33, 33, 33, 32, 32, 32, 32, 32, 32, 32, 32, 31, 31, 30, 30, 30]",29.98876404494382,"[33.0, 32.97752808988764, 32.96629213483146, 33.0, 33.0, 33.0, 32.97752808988764, 32.98876404494382, 32.98876404494382, 33.0, 32.96629213483146, 33.0, 32.98876404494382, 33.0, 32.98876404494382, 32.97752808988764, 32.98876404494382, 32.98876404494382, 32.98876404494382, 33.0, 32.98876404494382, 33.0, 32.98876404494382, 33.0, 33.0, 33.0, 32.97752808988764, 32.98876404494382, 32.98876404494382, 32.97752808988764, 32.97752808988764, 32.98876404494382, 32.96629213483146, 32.97752808988764, 32.98876404494382, 32.96629213483146, 32.96629213483146, 32.97752808988764, 33.0, 33.0, 33.0, 32.98876404494382, 33.0, 33.0, 32.98876404494382, 32.98876404494382, 33.0, 33.0, 32.97752808988764, 33.0, 33.0, 32.98876404494382, 32.97752808988764, 32.97752808988764, 32.96629213483146, 32.98876404494382, 32.97752808988764, 32.97752808988764, 32.98876404494382, 32.96629213483146, 32.98876404494382, 32.96629213483146, 32.97752808988764, 32.98876404494382, 32.96629213483146, 32.96629213483146, 32.98876404494382, 32.98876404494382, 32.97752808988764, 32.96629213483146, 32.96629213483146, 32.97752808988764, 32.98876404494382, 32.97752808988764, 33.0, 33.0, 32.98876404494382, 32.97752808988764, 33.0, 32.98876404494382, 33.0, 33.0, 32.97752808988764, 32.97752808988764, 32.98876404494382, 32.98876404494382, 32.98876404494382, 31.97752808988764, 31.966292134831463, 31.95505617977528, 31.98876404494382, 31.97752808988764, 31.97752808988764, 31.966292134831463, 31.98876404494382, 30.97752808988764, 31.0, 29.98876404494382, 29.98876404494382, 29.98876404494382]",0.8326852104128997,0.8235627519934048,30,"[33, 33, 33, 33, 33, 33, 33, 33, 33, 33, 33, 33, 33, 33, 33, 33, 33, 33, 33, 33, 33, 33, 33, 33, 33, 33, 33, 33, 33, 33, 33, 33, 33, 33, 33, 33, 33, 33, 33, 33, 33, 33, 33, 33, 33, 33, 33, 33, 33, 33, 33, 33, 33, 33, 33, 33, 33, 33, 33, 33, 33, 33, 33, 33, 33, 33, 33, 33, 33, 33, 33, 33, 33, 33, 33, 33, 33, 33, 33, 33, 33, 33, 33, 33, 33, 33, 33, 32, 32, 32, 32, 32, 32, 32, 32, 31, 31, 30, 30, 30]",100,"[0.6425471305847168, 0.4416482150554657, 0.6143434047698975, 0.4353918731212616, 0.4484672248363495, 0.4948233366012573, 0.48589983582496643, 0.5302295684814453, 0.4439171552658081, 0.5684804320335388, 0.4092513918876648, 0.4079059958457947, 0.4232574701309204, 0.4685250222682953, 0.4404429495334625, 0.40209972858428955, 0.4025389552116394, 0.40089863538742065, 0.41877487301826477, 0.4137117862701416, 0.3992052972316742, 0.46527600288391113, 0.48092782497406006, 0.427122563123703, 0.4009321928024292, 0.41684895753860474, 0.5023714900016785, 0.4300627112388611, 0.4771600067615509, 0.38775643706321716, 0.4220852553844452, 0.45493802428245544, 0.41005513072013855, 0.44070425629615784, 0.390643835067749, 0.41480129957199097, 0.46171265840530396, 0.47254788875579834, 0.38151636719703674, 0.3810898959636688, 0.3797641694545746, 0.3784973621368408, 0.3793635964393616, 0.37818169593811035, 0.38057148456573486, 0.38275572657585144, 0.37517574429512024, 0.4024415612220764, 0.41797229647636414, 0.38012024760246277, 0.4443120062351227, 0.3729492425918579, 0.43313997983932495, 0.3820017874240875, 0.5296900868415833, 0.38159170746803284, 0.3852747678756714, 0.46494969725608826, 0.4400913119316101, 0.37262198328971863, 0.3843362033367157, 0.40842944383621216, 0.41691648960113525, 0.3801693618297577, 0.36364632844924927, 0.38531750440597534, 0.37858736515045166, 0.3887823224067688, 0.3711138665676117, 0.36169734597206116, 0.4452717900276184, 0.4289250671863556, 0.3943157494068146, 0.39848241209983826, 0.36476704478263855, 0.3602989614009857, 0.4601794183254242, 0.41700685024261475, 0.3621004819869995, 0.3728252649307251, 0.3567889928817749, 0.3585479259490967, 0.35809317231178284, 0.3545902371406555, 0.4672447443008423, 0.3599625527858734, 0.35443955659866333, 0.3692571520805359, 0.35751593112945557, 0.5290845036506653, 0.3552379906177521, 0.3621370196342468, 0.5065433382987976, 0.35368528962135315, 0.39810630679130554, 0.3754788637161255, 0.38225746154785156, 0.3799727261066437, 0.3607335686683655, 0.35179537534713745]",30.0,"[33.0, 33.0, 33.0, 33.0, 33.0, 33.0, 33.0, 33.0, 33.0, 33.0, 33.0, 33.0, 33.0, 33.0, 33.0, 33.0, 33.0, 33.0, 33.0, 33.0, 33.0, 33.0, 33.0, 33.0, 33.0, 33.0, 33.0, 33.0, 33.0, 33.0, 33.0, 33.0, 33.0, 33.0, 33.0, 33.0, 33.0, 33.0, 33.0, 33.0, 33.0, 33.0, 33.0, 33.0, 33.0, 33.0, 33.0, 33.0, 33.0, 33.0, 33.0, 33.0, 33.0, 33.0, 33.0, 33.0, 33.0, 33.0, 33.0, 33.0, 33.0, 33.0, 33.0, 33.0, 33.0, 33.0, 33.0, 33.0, 33.0, 33.0, 33.0, 33.0, 33.0, 33.0, 33.0, 33.0, 33.0, 33.0, 33.0, 33.0, 33.0, 33.0, 33.0, 33.0, 33.0, 33.0, 33.0, 32.0, 32.0, 32.0, 32.0, 32.0, 32.0, 32.0, 32.0, 31.0, 31.0, 30.0, 30.0, 30.0]",COMPLETE
125,125,0.5487305329056691,2024-08-31 05:14:04.720751,2024-08-31 05:15:04.013457,0 days 00:00:59.292706,4,0.1316239930160312,1,155,0.07945709317137949,61,0.006253728078735359,0.859,0.85875,1,"[33, 33, 33, 33, 33, 33, 33, 32, 32, 30, 28, 26, 24, 20, 19, 13, 11, 11, 11, 10, 10, 9, 9, 9, 9, 9, 8, 5, 5, 3, 3, 3, 3, 3, 3, 3, 3, 3, 3, 3, 3, 3, 3, 3, 3, 3, 3, 3, 3, 3, 3, 3, 3, 3, 3, 3, 3, 3, 3, 3, 3, 3, 3, 3, 3, 3, 3, 3, 3, 3, 3, 3, 3, 3, 3, 3, 3, 3, 3, 3, 3, 3, 3, 3, 3, 3, 3, 3, 3, 3, 3, 3, 3, 3, 2, 2, 2, 2, 2, 2, 2, 2, 2, 2, 2, 2, 2, 2, 2, 2, 1, 1, 1, 1, 1, 1, 1, 1, 1, 1, 1, 1, 1, 1, 1, 1, 1, 1, 1, 1, 1, 1, 1, 1, 1, 1, 1, 1, 1, 1, 1, 1, 1, 1, 1, 1, 1, 1, 1, 1, 1, 1, 1, 1, 1]",1.0,"[33.0, 32.98360655737705, 32.9672131147541, 32.98360655737705, 32.98360655737705, 33.0, 33.0, 31.9672131147541, 32.0, 30.0, 28.0, 26.0, 23.98360655737705, 19.98360655737705, 19.0, 13.0, 11.0, 11.0, 10.98360655737705, 10.0, 9.98360655737705, 8.98360655737705, 9.0, 9.0, 9.0, 9.0, 8.0, 5.0, 5.0, 3.0, 3.0, 3.0, 3.0, 3.0, 3.0, 3.0, 3.0, 3.0, 2.9836065573770494, 3.0, 3.0, 3.0, 3.0, 2.9836065573770494, 3.0, 3.0, 3.0, 3.0, 3.0, 3.0, 3.0, 2.9836065573770494, 3.0, 3.0, 3.0, 3.0, 3.0, 3.0, 3.0, 2.9836065573770494, 3.0, 2.9836065573770494, 3.0, 3.0, 3.0, 3.0, 3.0, 2.9836065573770494, 3.0, 3.0, 3.0, 3.0, 3.0, 2.9836065573770494, 3.0, 3.0, 3.0, 3.0, 3.0, 3.0, 3.0, 3.0, 3.0, 3.0, 3.0, 3.0, 3.0, 3.0, 3.0, 3.0, 3.0, 3.0, 3.0, 3.0, 2.0, 2.0, 2.0, 1.9836065573770492, 2.0, 2.0, 2.0, 2.0, 2.0, 2.0, 2.0, 2.0, 2.0, 2.0, 2.0, 2.0, 1.0, 1.0, 1.0, 1.0, 1.0, 1.0, 1.0, 1.0, 1.0, 1.0, 1.0, 1.0, 0.9836065573770492, 1.0, 1.0, 0.9836065573770492, 0.9836065573770492, 0.9836065573770492, 0.9836065573770492, 1.0, 1.0, 1.0, 0.9836065573770492, 0.9836065573770492, 1.0, 1.0, 1.0, 1.0, 1.0, 1.0, 1.0, 1.0, 1.0, 1.0, 1.0, 1.0, 1.0, 1.0, 1.0, 1.0, 1.0, 1.0, 1.0, 1.0, 1.0]",0.530222343315252,0.5487305329056691,1,"[33, 33, 33, 33, 33, 33, 33, 32, 32, 30, 28, 26, 24, 20, 19, 13, 11, 11, 11, 10, 10, 9, 9, 9, 9, 9, 8, 5, 5, 3, 3, 3, 3, 3, 3, 3, 3, 3, 3, 3, 3, 3, 3, 3, 3, 3, 3, 3, 3, 3, 3, 3, 3, 3, 3, 3, 3, 3, 3, 3, 3, 3, 3, 3, 3, 3, 3, 3, 3, 3, 3, 3, 3, 3, 3, 3, 3, 3, 3, 3, 3, 3, 3, 3, 3, 3, 3, 3, 3, 3, 3, 3, 3, 3, 2, 2, 2, 2, 2, 2, 2, 2, 2, 2, 2, 2, 2, 2, 2, 2, 1, 1, 1, 1, 1, 1, 1, 1, 1, 1, 1, 1, 1, 1, 1, 1, 1, 1, 1, 1, 1, 1, 1, 1, 1, 1, 1, 1, 1, 1, 1, 1, 1, 1, 1, 1, 1, 1, 1, 1, 1, 1, 1, 1, 1]",155,"[0.4288457930088043, 0.41728973388671875, 0.41693276166915894, 0.40821772813796997, 0.40285876393318176, 0.3985132873058319, 0.3942944407463074, 0.38082078099250793, 0.3776668906211853, 0.3739675283432007, 0.3682961165904999, 0.3608606457710266, 0.3596954345703125, 0.3510683476924896, 0.3827243149280548, 0.34830421209335327, 0.3473057150840759, 0.3426561653614044, 0.3392952084541321, 0.3377820551395416, 0.3446298837661743, 0.3562108874320984, 0.35286614298820496, 0.3549880087375641, 0.3553396463394165, 0.3629266619682312, 0.386635959148407, 0.36527547240257263, 0.3650593161582947, 0.36159396171569824, 0.3594569265842438, 0.363112211227417, 0.3583516776561737, 0.3594391644001007, 0.37683144211769104, 0.36370790004730225, 0.3765867352485657, 0.3560507893562317, 0.361697793006897, 0.3564359247684479, 0.3589780926704407, 0.35996106266975403, 0.35747230052948, 0.363203763961792, 0.3678123354911804, 0.35850223898887634, 0.3606903851032257, 0.35654914379119873, 0.3655320703983307, 0.35627472400665283, 0.35642874240875244, 0.35901686549186707, 0.3657057285308838, 0.35706740617752075, 0.3672786355018616, 0.3590642511844635, 0.35563957691192627, 0.39417099952697754, 0.3644162714481354, 0.35762232542037964, 0.35425063967704773, 0.35389477014541626, 0.36572855710983276, 0.35422635078430176, 0.3569613993167877, 0.35572361946105957, 0.3565402925014496, 0.3801082968711853, 0.39021503925323486, 0.3539225459098816, 0.3546372354030609, 0.35702210664749146, 0.35337889194488525, 0.35428130626678467, 0.35603073239326477, 0.3535657823085785, 0.35350072383880615, 0.35994765162467957, 0.3532487750053406, 0.35467901825904846, 0.3530939221382141, 0.36800825595855713, 0.3560405671596527, 0.35506343841552734, 0.3592667877674103, 0.35657599568367004, 0.35366591811180115, 0.3537965714931488, 0.3540738821029663, 0.3578832745552063, 0.3553164601325989, 0.3604016900062561, 0.36233556270599365, 0.38239502906799316, 0.3787791430950165, 0.38062554597854614, 0.38613778352737427, 0.3774665892124176, 0.39550721645355225, 0.3903675079345703, 0.38436466455459595, 0.3792461156845093, 0.3759310841560364, 0.37596920132637024, 0.3793773949146271, 0.3770636022090912, 0.3772624135017395, 0.3758677542209625, 0.3779105842113495, 0.4636407792568207, 0.4023318588733673, 0.3927021324634552, 0.432834655046463, 0.41790106892585754, 0.40038546919822693, 0.3993266820907593, 0.41934436559677124, 0.39247965812683105, 0.39254191517829895, 0.42514553666114807, 0.40282607078552246, 0.3926919102668762, 0.39871707558631897, 0.39997369050979614, 0.39930927753448486, 0.41146016120910645, 0.3928406536579132, 0.3946811258792877, 0.40071871876716614, 0.3924541771411896, 0.4287780821323395, 0.4174330234527588, 0.3930278420448303, 0.4039846360683441, 0.4043530225753784, 0.39408835768699646, 0.40427491068840027, 0.41781681776046753, 0.3925005793571472, 0.4013218581676483, 0.3931847810745239, 0.4139474630355835, 0.39412161707878113, 0.39263421297073364, 0.39336255192756653, 0.3972226083278656, 0.3943169116973877, 0.3933470547199249, 0.40088382363319397, 0.39255350828170776, 0.397206574678421, 0.3925516605377197, 0.41112950444221497, 0.3973998725414276, 0.4101419150829315]",1.0,"[33.0, 33.0, 33.0, 33.0, 33.0, 33.0, 33.0, 32.0, 32.0, 30.0, 28.0, 26.0, 24.0, 20.0, 19.0, 13.0, 11.0, 11.0, 11.0, 10.0, 10.0, 9.0, 9.0, 9.0, 9.0, 9.0, 8.0, 5.0, 5.0, 3.0, 3.0, 3.0, 3.0, 3.0, 3.0, 3.0, 3.0, 3.0, 3.0, 3.0, 3.0, 3.0, 3.0, 3.0, 3.0, 3.0, 3.0, 3.0, 3.0, 3.0, 3.0, 3.0, 3.0, 3.0, 3.0, 3.0, 3.0, 3.0, 3.0, 3.0, 3.0, 3.0, 3.0, 3.0, 3.0, 3.0, 3.0, 3.0, 3.0, 3.0, 3.0, 3.0, 3.0, 3.0, 3.0, 3.0, 3.0, 3.0, 3.0, 3.0, 3.0, 3.0, 3.0, 3.0, 3.0, 3.0, 3.0, 3.0, 3.0, 3.0, 3.0, 3.0, 3.0, 3.0, 2.0, 2.0, 2.0, 2.0, 2.0, 2.0, 2.0, 2.0, 2.0, 2.0, 2.0, 2.0, 2.0, 2.0, 2.0, 2.0, 1.0, 1.0, 1.0, 1.0, 1.0, 1.0, 1.0, 1.0, 1.0, 1.0, 1.0, 1.0, 1.0, 1.0, 1.0, 1.0, 1.0, 1.0, 1.0, 1.0, 1.0, 1.0, 1.0, 1.0, 1.0, 1.0, 1.0, 1.0, 1.0, 1.0, 1.0, 1.0, 1.0, 1.0, 1.0, 1.0, 1.0, 1.0, 1.0, 1.0, 1.0, 1.0, 1.0, 1.0, 1.0]",COMPLETE
126,126,0.5,2024-08-31 05:15:07.741824,2024-08-31 05:15:17.698186,0 days 00:00:09.956362,64,6.754175113530994,1,40,0.004345122903463216,83,0.030427808250745012,0.859,0.85875,5,"[2, 2, 8, 7, 6, 6, 5, 6, 5, 4, 4, 4, 4, 5, 5, 5, 5, 5, 5, 5, 5, 5, 5, 5, 5, 5, 5, 5, 5, 5, 5, 5, 5, 5, 5, 5, 5, 5, 5, 5]",5.0,"[2.0, 2.0, 8.0, 7.0, 5.9879518072289155, 6.0, 4.9879518072289155, 6.0, 5.0, 4.0, 4.0, 4.0, 4.0, 5.0, 5.0, 5.0, 5.0, 5.0, 5.0, 5.0, 5.0, 5.0, 5.0, 5.0, 5.0, 4.9879518072289155, 5.0, 5.0, 5.0, 5.0, 5.0, 5.0, 5.0, 5.0, 5.0, 5.0, 5.0, 5.0, 5.0, 5.0]",0.5,0.5,5,"[2, 2, 8, 7, 6, 6, 5, 6, 5, 4, 4, 4, 4, 5, 5, 5, 5, 5, 5, 5, 5, 5, 5, 5, 5, 5, 5, 5, 5, 5, 5, 5, 5, 5, 5, 5, 5, 5, 5, 5]",40,"[50.016265869140625, 77.43033599853516, 6.787354946136475, 43.762020111083984, 77.46068572998047, 15.299696922302246, 49.28989791870117, 107.06025695800781, 26.952909469604492, 89.44092559814453, 2.4016640186309814, 65.44248962402344, 77.66407775878906, 43.0877685546875, 103.876220703125, 18.500289916992188, 36.87062454223633, 77.9893569946289, 22.116239547729492, 35.80537033081055, 92.64759063720703, 12.790142059326172, 39.05546188354492, 66.96751403808594, 139.42581176757812, 34.85493087768555, 64.45293426513672, 30.700454711914062, 91.93685913085938, 12.426496505737305, 72.78128814697266, 66.4302978515625, 14.965262413024902, 44.689109802246094, 98.40298461914062, 16.07596778869629, 48.7838134765625, 108.70454406738281, 24.041078567504883, 53.205772399902344]",5.0,"[2.0, 2.0, 8.0, 7.0, 6.0, 6.0, 5.0, 6.0, 5.0, 4.0, 4.0, 4.0, 4.0, 5.0, 5.0, 5.0, 5.0, 5.0, 5.0, 5.0, 5.0, 5.0, 5.0, 5.0, 5.0, 5.0, 5.0, 5.0, 5.0, 5.0, 5.0, 5.0, 5.0, 5.0, 5.0, 5.0, 5.0, 5.0, 5.0, 5.0]",COMPLETE
127,127,0.7389831381793357,2024-08-31 05:15:21.633181,2024-08-31 05:15:30.774588,0 days 00:00:09.141407,64,0.3825961359929209,1,30,0.34577087785917915,87,0.0002122753182381297,0.859,0.85875,33,"[33, 33, 33, 33, 33, 33, 33, 33, 33, 33, 33, 33, 33, 33, 33, 33, 33, 33, 33, 33, 33, 33, 33, 33, 33, 33, 33, 33, 33, 33]",33.0,"[33.0, 32.97701149425288, 32.96551724137931, 33.0, 32.97701149425288, 33.0, 32.98850574712644, 32.96551724137931, 32.97701149425288, 32.98850574712644, 32.96551724137931, 32.97701149425288, 33.0, 33.0, 32.97701149425288, 33.0, 32.98850574712644, 33.0, 32.98850574712644, 32.94252873563218, 32.96551724137931, 32.97701149425288, 32.96551724137931, 32.97701149425288, 32.95402298850575, 32.97701149425288, 32.97701149425288, 32.98850574712644, 32.96551724137931, 33.0]",0.7745275307755183,0.7389831381793357,33,"[33, 33, 33, 33, 33, 33, 33, 33, 33, 33, 33, 33, 33, 33, 33, 33, 33, 33, 33, 33, 33, 33, 33, 33, 33, 33, 33, 33, 33, 33]",30,"[1.4577364921569824, 0.8426377773284912, 2.0781290531158447, 1.4266231060028076, 0.7946313619613647, 0.6264550089836121, 0.7259509563446045, 1.4758210182189941, 0.7484180927276611, 0.8825793266296387, 0.553534746170044, 0.828113853931427, 1.0315327644348145, 0.530164897441864, 0.8678169250488281, 0.5572086572647095, 0.6209439039230347, 0.850609540939331, 1.1033434867858887, 1.0897115468978882, 0.8270523548126221, 0.5617759227752686, 0.6381269097328186, 1.748408555984497, 1.1612492799758911, 0.6266811490058899, 0.5741709470748901, 1.2438355684280396, 0.5202713012695312, 0.8558531999588013]",33.0,"[33.0, 33.0, 33.0, 33.0, 33.0, 33.0, 33.0, 33.0, 33.0, 33.0, 33.0, 33.0, 33.0, 33.0, 33.0, 33.0, 33.0, 33.0, 33.0, 33.0, 33.0, 33.0, 33.0, 33.0, 33.0, 33.0, 33.0, 33.0, 33.0, 33.0]",COMPLETE
128,128,0.6088418286509255,2024-08-31 05:15:34.920372,2024-08-31 05:17:42.453180,0 days 00:02:07.532808,1,1.656683572445887,6,25,0.003054866216374984,3,0.008314857251196713,0.859,0.85875,1,"[1, 1, 1, 1, 1, 1, 1, 1, 1, 1, 1, 1, 1, 1, 1, 1, 1, 1, 1, 1, 1, 1, 1, 1, 1]",1.0,"[1.0, 1.0, 1.0, 1.0, 1.0, 1.0, 1.0, 1.0, 0.9947089947089947, 1.0, 1.0, 1.0, 1.0, 1.0, 1.0, 1.0, 1.0, 1.0, 0.9947089947089947, 1.0, 1.0, 1.0, 1.0, 1.0, 1.0]",0.6144865793145584,0.6088418286509255,1,"[1, 1, 1, 1, 1, 1, 1, 1, 1, 1, 1, 1, 1, 1, 1, 1, 1, 1, 1, 1, 1, 1, 1, 1, 1]",25,"[0.3858534097671509, 0.38763266801834106, 0.3841232657432556, 0.38285812735557556, 0.3831087350845337, 0.3838697671890259, 0.38462990522384644, 0.3832942843437195, 0.38440102338790894, 0.3827764093875885, 0.3850174844264984, 0.3844601511955261, 0.38414618372917175, 0.383652925491333, 0.38639354705810547, 0.38282227516174316, 0.38283607363700867, 0.3840111196041107, 0.3852871060371399, 0.3833284080028534, 0.3827279210090637, 0.3827744424343109, 0.3828293979167938, 0.38463595509529114, 0.382999062538147]",1.0,"[1.0, 1.0, 1.0, 1.0, 1.0, 1.0, 1.0, 1.0, 1.0, 1.0, 1.0, 1.0, 1.0, 1.0, 1.0, 1.0, 1.0, 1.0, 1.0, 1.0, 1.0, 1.0, 1.0, 1.0, 1.0]",COMPLETE
