,number,value,datetime_start,datetime_complete,duration,params_batch_size_scaler,params_constant_learning_rate,params_depth,params_epochs,params_kernel_l2,params_num_trees,params_temperature,user_attrs_accuracy_test,user_attrs_accuracy_valid,user_attrs_approximate_feature_sparsity,user_attrs_approximate_feature_sparsity_history,user_attrs_approximate_weight_sparsity,user_attrs_approximate_weight_sparsity_history,user_attrs_auc_test,user_attrs_auc_valid,user_attrs_feature_sparsity,user_attrs_feature_sparsity_history,user_attrs_num_epochs,user_attrs_val_loss_history,user_attrs_weight_sparsity,user_attrs_weight_sparsity_history,state
2,2,0.5,2024-08-31 00:33:46.269028,2024-08-31 00:35:41.628697,0 days 00:01:55.359669,4,5.338080571984234,4,380,0.10163416480906612,14,0.0025308043906324055,0.859,0.85875,0,"[2, 0, 0, 0, 0, 0, 0, 0, 0, 0, 0, 0, 0, 0, 0, 0, 0, 0, 0, 0, 0, 0, 0, 0, 0, 0, 0, 0, 0, 0, 0, 0, 0, 0, 0, 0, 0, 0, 0, 0, 0, 0, 0, 0, 0, 0, 0, 0, 0, 0, 0, 0, 0, 0, 0, 0, 0, 0, 0, 0, 0, 0, 0, 0, 0, 0, 0, 0, 0, 0, 0, 0, 0, 0, 0, 0, 0, 0, 0, 0, 0, 0, 0, 0, 0, 0, 0, 0, 0, 0, 0, 0, 0, 0, 0, 0, 0, 0, 0, 0, 0, 0, 0, 0, 0, 0, 0, 0, 0, 0, 0, 0, 0, 0, 0, 0, 0, 0, 0, 0, 0, 0, 0, 0, 0, 0, 0, 0, 0, 0, 0, 0, 0, 0, 0, 0, 0, 0, 0, 0, 0, 0, 0, 0, 0, 0, 0, 0, 0, 0, 0, 0, 0, 0, 0, 0, 0, 0, 0, 0, 0, 0, 0, 0, 0, 0, 0, 0, 0, 0, 0, 0, 0, 0, 0, 0, 0, 0, 0, 0, 0, 0, 0, 0, 0, 0, 0, 0, 0, 0, 0, 0, 0, 0, 0, 0, 0, 0, 0, 0, 0, 0, 0, 0, 0, 0, 0, 0, 0, 0, 0, 0, 0, 0, 0, 0, 0, 0, 0, 0, 0, 0, 0, 0, 0, 0, 0, 0, 0, 0, 0, 0, 0, 0, 0, 0, 0, 0, 0, 0, 0, 0, 0, 0, 0, 0, 0, 0, 0, 0, 0, 0, 0, 0, 0, 0, 0, 0, 0, 0, 0, 0, 0, 0, 0, 0, 0, 0, 0, 0, 0, 0, 0, 0, 0, 0, 0, 0, 0, 0, 0, 0, 0, 0, 0, 0, 0, 0, 0, 0, 0, 0, 0, 0, 0, 0, 0, 0, 0, 0, 0, 0, 0, 0, 0, 0, 0, 0, 0, 0, 0, 0, 0, 0, 0, 0, 0, 0, 0, 0, 0, 0, 0, 0, 0, 0, 0, 0, 0, 0, 0, 0, 0, 0, 0, 0, 0, 0, 0, 0, 0, 0, 0, 0, 0, 0, 0, 0, 0, 0, 0, 0, 0, 0, 0, 0, 0, 0, 0, 0, 0, 0, 0, 0, 0, 0, 0, 0, 0, 0, 0, 0, 0, 0, 0, 0, 0, 0, 0, 0]",0.0,"[2.0, 0.0, 0.0, 0.0, 0.0, 0.0, 0.0, 0.0, 0.0, 0.0, 0.0, 0.0, 0.0, 0.0, 0.0, 0.0, 0.0, 0.0, 0.0, 0.0, 0.0, 0.0, 0.0, 0.0, 0.0, 0.0, 0.0, 0.0, 0.0, 0.0, 0.0, 0.0, 0.0, 0.0, 0.0, 0.0, 0.0, 0.0, 0.0, 0.0, 0.0, 0.0, 0.0, 0.0, 0.0, 0.0, 0.0, 0.0, 0.0, 0.0, 0.0, 0.0, 0.0, 0.0, 0.0, 0.0, 0.0, 0.0, 0.0, 0.0, 0.0, 0.0, 0.0, 0.0, 0.0, 0.0, 0.0, 0.0, 0.0, 0.0, 0.0, 0.0, 0.0, 0.0, 0.0, 0.0, 0.0, 0.0, 0.0, 0.0, 0.0, 0.0, 0.0, 0.0, 0.0, 0.0, 0.0, 0.0, 0.0, 0.0, 0.0, 0.0, 0.0, 0.0, 0.0, 0.0, 0.0, 0.0, 0.0, 0.0, 0.0, 0.0, 0.0, 0.0, 0.0, 0.0, 0.0, 0.0, 0.0, 0.0, 0.0, 0.0, 0.0, 0.0, 0.0, 0.0, 0.0, 0.0, 0.0, 0.0, 0.0, 0.0, 0.0, 0.0, 0.0, 0.0, 0.0, 0.0, 0.0, 0.0, 0.0, 0.0, 0.0, 0.0, 0.0, 0.0, 0.0, 0.0, 0.0, 0.0, 0.0, 0.0, 0.0, 0.0, 0.0, 0.0, 0.0, 0.0, 0.0, 0.0, 0.0, 0.0, 0.0, 0.0, 0.0, 0.0, 0.0, 0.0, 0.0, 0.0, 0.0, 0.0, 0.0, 0.0, 0.0, 0.0, 0.0, 0.0, 0.0, 0.0, 0.0, 0.0, 0.0, 0.0, 0.0, 0.0, 0.0, 0.0, 0.0, 0.0, 0.0, 0.0, 0.0, 0.0, 0.0, 0.0, 0.0, 0.0, 0.0, 0.0, 0.0, 0.0, 0.0, 0.0, 0.0, 0.0, 0.0, 0.0, 0.0, 0.0, 0.0, 0.0, 0.0, 0.0, 0.0, 0.0, 0.0, 0.0, 0.0, 0.0, 0.0, 0.0, 0.0, 0.0, 0.0, 0.0, 0.0, 0.0, 0.0, 0.0, 0.0, 0.0, 0.0, 0.0, 0.0, 0.0, 0.0, 0.0, 0.0, 0.0, 0.0, 0.0, 0.0, 0.0, 0.0, 0.0, 0.0, 0.0, 0.0, 0.0, 0.0, 0.0, 0.0, 0.0, 0.0, 0.0, 0.0, 0.0, 0.0, 0.0, 0.0, 0.0, 0.0, 0.0, 0.0, 0.0, 0.0, 0.0, 0.0, 0.0, 0.0, 0.0, 0.0, 0.0, 0.0, 0.0, 0.0, 0.0, 0.0, 0.0, 0.0, 0.0, 0.0, 0.0, 0.0, 0.0, 0.0, 0.0, 0.0, 0.0, 0.0, 0.0, 0.0, 0.0, 0.0, 0.0, 0.0, 0.0, 0.0, 0.0, 0.0, 0.0, 0.0, 0.0, 0.0, 0.0, 0.0, 0.0, 0.0, 0.0, 0.0, 0.0, 0.0, 0.0, 0.0, 0.0, 0.0, 0.0, 0.0, 0.0, 0.0, 0.0, 0.0, 0.0, 0.0, 0.0, 0.0, 0.0, 0.0, 0.0, 0.0, 0.0, 0.0, 0.0, 0.0, 0.0, 0.0, 0.0, 0.0, 0.0, 0.0, 0.0, 0.0, 0.0, 0.0, 0.0, 0.0, 0.0, 0.0, 0.0, 0.0, 0.0, 0.0, 0.0, 0.0, 0.0, 0.0, 0.0, 0.0, 0.0, 0.0, 0.0, 0.0, 0.0, 0.0, 0.0, 0.0, 0.0, 0.0, 0.0, 0.0, 0.0, 0.0, 0.0, 0.0, 0.0, 0.0, 0.0, 0.0, 0.0, 0.0, 0.0, 0.0, 0.0, 0.0, 0.0, 0.0, 0.0, 0.0, 0.0]",0.5,0.5,0,"[2, 0, 0, 0, 0, 0, 0, 0, 0, 0, 0, 0, 0, 0, 0, 0, 0, 0, 0, 0, 0, 0, 0, 0, 0, 0, 0, 0, 0, 0, 0, 0, 0, 0, 0, 0, 0, 0, 0, 0, 0, 0, 0, 0, 0, 0, 0, 0, 0, 0, 0, 0, 0, 0, 0, 0, 0, 0, 0, 0, 0, 0, 0, 0, 0, 0, 0, 0, 0, 0, 0, 0, 0, 0, 0, 0, 0, 0, 0, 0, 0, 0, 0, 0, 0, 0, 0, 0, 0, 0, 0, 0, 0, 0, 0, 0, 0, 0, 0, 0, 0, 0, 0, 0, 0, 0, 0, 0, 0, 0, 0, 0, 0, 0, 0, 0, 0, 0, 0, 0, 0, 0, 0, 0, 0, 0, 0, 0, 0, 0, 0, 0, 0, 0, 0, 0, 0, 0, 0, 0, 0, 0, 0, 0, 0, 0, 0, 0, 0, 0, 0, 0, 0, 0, 0, 0, 0, 0, 0, 0, 0, 0, 0, 0, 0, 0, 0, 0, 0, 0, 0, 0, 0, 0, 0, 0, 0, 0, 0, 0, 0, 0, 0, 0, 0, 0, 0, 0, 0, 0, 0, 0, 0, 0, 0, 0, 0, 0, 0, 0, 0, 0, 0, 0, 0, 0, 0, 0, 0, 0, 0, 0, 0, 0, 0, 0, 0, 0, 0, 0, 0, 0, 0, 0, 0, 0, 0, 0, 0, 0, 0, 0, 0, 0, 0, 0, 0, 0, 0, 0, 0, 0, 0, 0, 0, 0, 0, 0, 0, 0, 0, 0, 0, 0, 0, 0, 0, 0, 0, 0, 0, 0, 0, 0, 0, 0, 0, 0, 0, 0, 0, 0, 0, 0, 0, 0, 0, 0, 0, 0, 0, 0, 0, 0, 0, 0, 0, 0, 0, 0, 0, 0, 0, 0, 0, 0, 0, 0, 0, 0, 0, 0, 0, 0, 0, 0, 0, 0, 0, 0, 0, 0, 0, 0, 0, 0, 0, 0, 0, 0, 0, 0, 0, 0, 0, 0, 0, 0, 0, 0, 0, 0, 0, 0, 0, 0, 0, 0, 0, 0, 0, 0, 0, 0, 0, 0, 0, 0, 0, 0, 0, 0, 0, 0, 0, 0, 0, 0, 0, 0, 0, 0, 0, 0, 0, 0, 0, 0, 0, 0, 0, 0, 0, 0, 0, 0, 0, 0, 0, 0]",380,"[0.3761449158191681, 0.41006672382354736, 0.4517229497432709, 0.4144402742385864, 0.4151664078235626, 0.40733060240745544, 0.40743497014045715, 0.43239617347717285, 0.4365730285644531, 0.47758588194847107, 0.40763092041015625, 0.41535624861717224, 0.40724045038223267, 0.4224699139595032, 0.43709713220596313, 0.41656604409217834, 0.4084354341030121, 0.41843849420547485, 0.4072348475456238, 0.4302157163619995, 0.40837183594703674, 0.4239124357700348, 0.42121100425720215, 0.41203489899635315, 0.421471506357193, 0.42796576023101807, 0.41290798783302307, 0.44691407680511475, 0.41380375623703003, 0.4119420647621155, 0.40722939372062683, 0.44605553150177, 0.40857142210006714, 0.4426581859588623, 0.41259410977363586, 0.4084378182888031, 0.4500117897987366, 0.40740349888801575, 0.40729835629463196, 0.43227410316467285, 0.4108591377735138, 0.41570472717285156, 0.4156288206577301, 0.4408489465713501, 0.519991397857666, 0.4072449207305908, 0.42461958527565, 0.40904906392097473, 0.4420401453971863, 0.4072860777378082, 0.427672803401947, 0.40960511565208435, 0.4300788938999176, 0.4191047251224518, 0.4119243919849396, 0.4189620912075043, 0.4125653803348541, 0.4073038101196289, 0.40791356563568115, 0.4072534441947937, 0.42048126459121704, 0.4079784154891968, 0.41154471039772034, 0.42053836584091187, 0.40861618518829346, 0.4175680875778198, 0.4086667597293854, 0.42845475673675537, 0.40846747159957886, 0.44495582580566406, 0.4121589958667755, 0.41310200095176697, 0.4083883762359619, 0.4203808903694153, 0.43106165528297424, 0.4135710597038269, 0.40722864866256714, 0.40750014781951904, 0.41270625591278076, 0.41072481870651245, 0.45483043789863586, 0.408247709274292, 0.41792622208595276, 0.40853679180145264, 0.41775786876678467, 0.4084851145744324, 0.4097798466682434, 0.4124637544155121, 0.41213420033454895, 0.4084542989730835, 0.4175214469432831, 0.4203753173351288, 0.4127833843231201, 0.415138840675354, 0.4266991913318634, 0.4085971713066101, 0.4316179156303406, 0.4091692268848419, 0.41243207454681396, 0.4082764685153961, 0.42284679412841797, 0.4280553460121155, 0.42442965507507324, 0.41896769404411316, 0.41794636845588684, 0.4084521234035492, 0.40722912549972534, 0.40730494260787964, 0.41226211190223694, 0.4116634428501129, 0.4075092077255249, 0.4080922305583954, 0.40722861886024475, 0.45975056290626526, 0.40722715854644775, 0.40856704115867615, 0.43064457178115845, 0.4115341901779175, 0.4202061891555786, 0.42807868123054504, 0.40859225392341614, 0.41472792625427246, 0.4129880964756012, 0.43053343892097473, 0.4073924124240875, 0.4140419661998749, 0.4120626747608185, 0.41582974791526794, 0.4085919260978699, 0.5160307884216309, 0.42017829418182373, 0.430458664894104, 0.41796043515205383, 0.40766850113868713, 0.4082370102405548, 0.4086695909500122, 0.41188663244247437, 0.4085789620876312, 0.4193892180919647, 0.41104912757873535, 0.4083167612552643, 0.40747058391571045, 0.41299885511398315, 0.4637799561023712, 0.407246470451355, 0.4248242676258087, 0.4188659191131592, 0.4076622426509857, 0.408564954996109, 0.4091299772262573, 0.4082302451133728, 0.43450337648391724, 0.4138907492160797, 0.4276388883590698, 0.4095705449581146, 0.41006720066070557, 0.44458457827568054, 0.4262106716632843, 0.4203397035598755, 0.4091697931289673, 0.4083879590034485, 0.4096759855747223, 0.42490795254707336, 0.4520185887813568, 0.40801718831062317, 0.4175943434238434, 0.407573938369751, 0.4074133634567261, 0.4072261452674866, 0.41179290413856506, 0.4076516032218933, 0.41649872064590454, 0.4621097147464752, 0.47818127274513245, 0.41997015476226807, 0.4188936948776245, 0.44160526990890503, 0.4081442356109619, 0.42554962635040283, 0.4074992835521698, 0.4085219204425812, 0.41505858302116394, 0.4159759283065796, 0.4084087312221527, 0.42973342537879944, 0.4129040241241455, 0.41297805309295654, 0.41353726387023926, 0.4085210859775543, 0.4605037271976471, 0.4204487204551697, 0.41294968128204346, 0.41390541195869446, 0.4089410901069641, 0.41575467586517334, 0.40722766518592834, 0.4220329523086548, 0.41298121213912964, 0.4126323461532593, 0.40848010778427124, 0.40875595808029175, 0.4131908416748047, 0.43468692898750305, 0.42533180117607117, 0.4367712140083313, 0.4077799320220947, 0.4120250940322876, 0.40815043449401855, 0.4293159544467926, 0.4072396159172058, 0.4141063988208771, 0.40747448801994324, 0.40849167108535767, 0.4188840091228485, 0.4180143475532532, 0.4081825315952301, 0.4153105914592743, 0.4185555577278137, 0.4222845733165741, 0.41642215847969055, 0.42503899335861206, 0.4126187562942505, 0.4083385765552521, 0.4216235280036926, 0.5015316605567932, 0.40940403938293457, 0.40878376364707947, 0.412002295255661, 0.4177151024341583, 0.44503268599510193, 0.40724289417266846, 0.40725311636924744, 0.4126497209072113, 0.43807345628738403, 0.41171181201934814, 0.410185307264328, 0.41898807883262634, 0.4249025285243988, 0.4116784632205963, 0.43362942337989807, 0.40811687707901, 0.4086654782295227, 0.43587470054626465, 0.4086422324180603, 0.419291228055954, 0.412201851606369, 0.4153568744659424, 0.4186931550502777, 0.4347153604030609, 0.40953582525253296, 0.40722712874412537, 0.4192613363265991, 0.40732327103614807, 0.4535253643989563, 0.40850603580474854, 0.40910717844963074, 0.41259223222732544, 0.40722838044166565, 0.4076109826564789, 0.40724241733551025, 0.42915940284729004, 0.4169253408908844, 0.4084445834159851, 0.42889267206192017, 0.42520684003829956, 0.41875895857810974, 0.41268113255500793, 0.4088208079338074, 0.44321000576019287, 0.4124184548854828, 0.4143125116825104, 0.4084855318069458, 0.408107727766037, 0.41844528913497925, 0.4084109961986542, 0.41166770458221436, 0.40892547369003296, 0.4149892330169678, 0.425756573677063, 0.40840834379196167, 0.4462311565876007, 0.41215264797210693, 0.4072962999343872, 0.4219706356525421, 0.4126930236816406, 0.40722694993019104, 0.4253329038619995, 0.41989412903785706, 0.408407598733902, 0.44636934995651245, 0.41225558519363403, 0.412041574716568, 0.442659467458725, 0.41271618008613586, 0.4127335846424103, 0.4102173149585724, 0.417688250541687, 0.42012253403663635, 0.4101383686065674, 0.43071451783180237, 0.4358336925506592, 0.40999871492385864, 0.43065202236175537, 0.40863940119743347, 0.4085930287837982, 0.40740767121315, 0.40982624888420105, 0.4260490834712982, 0.41904208064079285, 0.4072278141975403, 0.4278247058391571, 0.43398934602737427, 0.4126966595649719, 0.4129047691822052, 0.4151895046234131, 0.4143661856651306, 0.4192768335342407, 0.4072263240814209, 0.4072261452674866, 0.4072358012199402, 0.45355814695358276, 0.41031062602996826, 0.40853604674339294, 0.4215041697025299, 0.40892860293388367, 0.4631972014904022, 0.40722647309303284, 0.4072549343109131, 0.4127679169178009, 0.4072275459766388, 0.4204246401786804, 0.41788044571876526, 0.4367597699165344, 0.41266322135925293, 0.4126335382461548, 0.407243013381958, 0.42859160900115967, 0.41996800899505615, 0.4245510995388031, 0.41490471363067627, 0.43434685468673706, 0.4129709303379059, 0.43422091007232666, 0.4072265625, 0.4128913879394531, 0.408168762922287, 0.4080508351325989, 0.41842564940452576, 0.41284191608428955, 0.40774136781692505, 0.4086180031299591, 0.4193580150604248, 0.4084850251674652, 0.41486015915870667, 0.4179542064666748, 0.4118436872959137, 0.4118767976760864, 0.4129735827445984, 0.408121258020401, 0.41277259588241577, 0.45484840869903564, 0.41749927401542664, 0.40839511156082153, 0.41998472809791565, 0.4180322289466858, 0.4127308130264282, 0.4340468645095825, 0.4085705876350403, 0.41499796509742737, 0.425653338432312, 0.428371787071228, 0.4138946831226349, 0.4085680842399597, 0.4140163064002991, 0.4074918329715729, 0.4076933264732361, 0.43087098002433777, 0.40773797035217285, 0.4086032509803772, 0.420276939868927]",0.0,"[2.0, 0.0, 0.0, 0.0, 0.0, 0.0, 0.0, 0.0, 0.0, 0.0, 0.0, 0.0, 0.0, 0.0, 0.0, 0.0, 0.0, 0.0, 0.0, 0.0, 0.0, 0.0, 0.0, 0.0, 0.0, 0.0, 0.0, 0.0, 0.0, 0.0, 0.0, 0.0, 0.0, 0.0, 0.0, 0.0, 0.0, 0.0, 0.0, 0.0, 0.0, 0.0, 0.0, 0.0, 0.0, 0.0, 0.0, 0.0, 0.0, 0.0, 0.0, 0.0, 0.0, 0.0, 0.0, 0.0, 0.0, 0.0, 0.0, 0.0, 0.0, 0.0, 0.0, 0.0, 0.0, 0.0, 0.0, 0.0, 0.0, 0.0, 0.0, 0.0, 0.0, 0.0, 0.0, 0.0, 0.0, 0.0, 0.0, 0.0, 0.0, 0.0, 0.0, 0.0, 0.0, 0.0, 0.0, 0.0, 0.0, 0.0, 0.0, 0.0, 0.0, 0.0, 0.0, 0.0, 0.0, 0.0, 0.0, 0.0, 0.0, 0.0, 0.0, 0.0, 0.0, 0.0, 0.0, 0.0, 0.0, 0.0, 0.0, 0.0, 0.0, 0.0, 0.0, 0.0, 0.0, 0.0, 0.0, 0.0, 0.0, 0.0, 0.0, 0.0, 0.0, 0.0, 0.0, 0.0, 0.0, 0.0, 0.0, 0.0, 0.0, 0.0, 0.0, 0.0, 0.0, 0.0, 0.0, 0.0, 0.0, 0.0, 0.0, 0.0, 0.0, 0.0, 0.0, 0.0, 0.0, 0.0, 0.0, 0.0, 0.0, 0.0, 0.0, 0.0, 0.0, 0.0, 0.0, 0.0, 0.0, 0.0, 0.0, 0.0, 0.0, 0.0, 0.0, 0.0, 0.0, 0.0, 0.0, 0.0, 0.0, 0.0, 0.0, 0.0, 0.0, 0.0, 0.0, 0.0, 0.0, 0.0, 0.0, 0.0, 0.0, 0.0, 0.0, 0.0, 0.0, 0.0, 0.0, 0.0, 0.0, 0.0, 0.0, 0.0, 0.0, 0.0, 0.0, 0.0, 0.0, 0.0, 0.0, 0.0, 0.0, 0.0, 0.0, 0.0, 0.0, 0.0, 0.0, 0.0, 0.0, 0.0, 0.0, 0.0, 0.0, 0.0, 0.0, 0.0, 0.0, 0.0, 0.0, 0.0, 0.0, 0.0, 0.0, 0.0, 0.0, 0.0, 0.0, 0.0, 0.0, 0.0, 0.0, 0.0, 0.0, 0.0, 0.0, 0.0, 0.0, 0.0, 0.0, 0.0, 0.0, 0.0, 0.0, 0.0, 0.0, 0.0, 0.0, 0.0, 0.0, 0.0, 0.0, 0.0, 0.0, 0.0, 0.0, 0.0, 0.0, 0.0, 0.0, 0.0, 0.0, 0.0, 0.0, 0.0, 0.0, 0.0, 0.0, 0.0, 0.0, 0.0, 0.0, 0.0, 0.0, 0.0, 0.0, 0.0, 0.0, 0.0, 0.0, 0.0, 0.0, 0.0, 0.0, 0.0, 0.0, 0.0, 0.0, 0.0, 0.0, 0.0, 0.0, 0.0, 0.0, 0.0, 0.0, 0.0, 0.0, 0.0, 0.0, 0.0, 0.0, 0.0, 0.0, 0.0, 0.0, 0.0, 0.0, 0.0, 0.0, 0.0, 0.0, 0.0, 0.0, 0.0, 0.0, 0.0, 0.0, 0.0, 0.0, 0.0, 0.0, 0.0, 0.0, 0.0, 0.0, 0.0, 0.0, 0.0, 0.0, 0.0, 0.0, 0.0, 0.0, 0.0, 0.0, 0.0, 0.0, 0.0, 0.0, 0.0, 0.0, 0.0, 0.0, 0.0, 0.0, 0.0, 0.0, 0.0, 0.0, 0.0, 0.0, 0.0, 0.0, 0.0, 0.0, 0.0, 0.0, 0.0, 0.0, 0.0, 0.0, 0.0, 0.0, 0.0, 0.0, 0.0, 0.0, 0.0, 0.0, 0.0, 0.0, 0.0, 0.0, 0.0, 0.0, 0.0]",COMPLETE
