,number,value,datetime_start,datetime_complete,duration,params_batch_size_scaler,params_constant_learning_rate,params_depth,params_epochs,params_kernel_l2,params_num_trees,params_temperature,user_attrs_accuracy_test,user_attrs_accuracy_valid,user_attrs_approximate_feature_sparsity,user_attrs_approximate_feature_sparsity_history,user_attrs_approximate_weight_sparsity,user_attrs_approximate_weight_sparsity_history,user_attrs_auc_test,user_attrs_auc_valid,user_attrs_feature_sparsity,user_attrs_feature_sparsity_history,user_attrs_num_epochs,user_attrs_val_loss_history,user_attrs_weight_sparsity,user_attrs_weight_sparsity_history,state
93,93,0.7364970179438626,2024-08-31 04:19:08.159218,2024-08-31 04:20:08.946528,0 days 00:01:00.787310,64,0.04042805348813584,5,375,0.005203290435669934,4,0.0003312971964935844,0.863,0.8625,33,"[33, 33, 33, 33, 33, 33, 33, 33, 33, 33, 33, 33, 33, 33, 33, 33, 33, 33, 33, 33, 33, 33, 33, 33, 33, 33, 33, 33, 33, 33, 33, 33, 33, 33, 33, 33, 33, 33, 33, 33, 33, 33, 33, 33, 33, 33, 33, 33, 33, 33, 33, 33, 33, 33, 33, 33, 33, 33, 33, 33, 33, 33, 33, 33, 33, 33, 33, 33, 33, 33, 33, 33, 33, 33, 33, 33, 33, 33, 33, 33, 33, 33, 33, 33, 33, 33, 33, 33, 33, 33, 33, 33, 33, 33, 33, 33, 33, 33, 33, 33, 33, 33, 33, 33, 33, 33, 33, 33, 33, 33, 33, 33, 33, 33, 33, 33, 33, 33, 33, 33, 33, 33, 33, 33, 33, 33, 33, 33, 33, 33, 33, 33, 33, 33, 33, 33, 33, 33, 33, 33, 33, 33, 33, 33, 33, 33, 33, 33, 33, 33, 33, 33, 33, 33, 33, 33, 33, 33, 33, 33, 33, 33, 33, 33, 33, 33, 33, 33, 33, 33, 33, 33, 33, 33, 33, 33, 33, 33, 33, 33, 33, 33, 33, 33, 33, 33, 33, 33, 33, 33, 33, 33, 33, 33, 33, 33, 33, 33, 33, 33, 33, 33, 33, 33, 33, 33, 33, 33, 33, 33, 33, 33, 33, 33, 33, 33, 33, 33, 33, 33, 33, 33, 33, 33, 33, 33, 33, 33, 33, 33, 33, 33, 33, 33, 33, 33, 33, 33, 33, 33, 33, 33, 33, 33, 33, 33, 33, 33, 33, 33, 33, 33, 33, 33, 33, 33, 33, 33, 33, 33, 33, 33, 33, 33, 33, 33, 33, 33, 33, 33, 33, 33, 33, 33, 33, 33, 33, 33, 33, 33, 33, 33, 33, 33, 33, 33, 33, 33, 33, 33, 33, 33, 33, 33, 33, 33, 33, 33, 33, 33, 33, 33, 33, 33, 33, 33, 33, 33, 33, 33, 33, 33, 33, 33, 33, 33, 33, 33, 33, 33, 33, 33, 33, 33, 33, 33, 33, 33, 33, 33, 33, 33, 33, 33, 33, 33, 33, 33, 33, 33, 33, 33, 33, 33, 33, 33, 33, 33, 33, 33, 33, 33, 33, 33, 33, 33, 33, 33, 33, 33, 33, 33, 33, 33, 33, 33, 33, 33, 33, 33, 33, 33, 33, 33, 33]",32.983870967741936,"[32.975806451612904, 32.975806451612904, 32.96774193548387, 32.96774193548387, 32.975806451612904, 32.983870967741936, 32.96774193548387, 32.983870967741936, 32.975806451612904, 32.975806451612904, 32.983870967741936, 32.983870967741936, 32.96774193548387, 32.983870967741936, 32.95967741935484, 32.95967741935484, 32.975806451612904, 32.96774193548387, 32.99193548387097, 32.983870967741936, 32.983870967741936, 32.983870967741936, 32.975806451612904, 32.99193548387097, 32.983870967741936, 32.983870967741936, 32.983870967741936, 32.983870967741936, 32.975806451612904, 32.99193548387097, 32.99193548387097, 32.983870967741936, 32.975806451612904, 32.983870967741936, 32.99193548387097, 32.99193548387097, 33.0, 33.0, 32.99193548387097, 32.99193548387097, 32.99193548387097, 32.983870967741936, 32.983870967741936, 32.975806451612904, 32.975806451612904, 32.95967741935484, 32.975806451612904, 32.983870967741936, 32.983870967741936, 32.99193548387097, 33.0, 32.99193548387097, 32.99193548387097, 32.975806451612904, 32.99193548387097, 33.0, 33.0, 32.99193548387097, 33.0, 33.0, 33.0, 33.0, 33.0, 33.0, 33.0, 32.983870967741936, 32.99193548387097, 32.99193548387097, 32.983870967741936, 32.99193548387097, 32.99193548387097, 32.99193548387097, 32.983870967741936, 32.983870967741936, 32.99193548387097, 32.983870967741936, 32.975806451612904, 32.975806451612904, 32.975806451612904, 32.99193548387097, 33.0, 32.983870967741936, 32.96774193548387, 32.975806451612904, 32.96774193548387, 32.99193548387097, 32.99193548387097, 33.0, 32.983870967741936, 32.983870967741936, 33.0, 33.0, 33.0, 32.99193548387097, 32.975806451612904, 32.975806451612904, 32.983870967741936, 32.975806451612904, 32.975806451612904, 32.975806451612904, 32.975806451612904, 32.99193548387097, 32.983870967741936, 32.983870967741936, 32.975806451612904, 32.975806451612904, 32.983870967741936, 32.983870967741936, 32.983870967741936, 32.983870967741936, 32.975806451612904, 32.96774193548387, 32.975806451612904, 32.975806451612904, 32.983870967741936, 32.983870967741936, 32.983870967741936, 32.983870967741936, 32.983870967741936, 32.983870967741936, 32.99193548387097, 32.99193548387097, 32.983870967741936, 32.96774193548387, 32.975806451612904, 32.96774193548387, 32.96774193548387, 32.95967741935484, 32.96774193548387, 32.96774193548387, 32.96774193548387, 32.95967741935484, 32.96774193548387, 32.96774193548387, 32.983870967741936, 32.983870967741936, 32.99193548387097, 32.975806451612904, 32.983870967741936, 32.975806451612904, 32.99193548387097, 32.983870967741936, 32.975806451612904, 32.96774193548387, 32.95967741935484, 32.95967741935484, 32.95967741935484, 32.95161290322581, 32.95161290322581, 32.95161290322581, 32.95967741935484, 32.96774193548387, 32.975806451612904, 32.975806451612904, 32.975806451612904, 32.983870967741936, 32.983870967741936, 32.983870967741936, 32.99193548387097, 32.99193548387097, 32.99193548387097, 32.99193548387097, 32.983870967741936, 32.99193548387097, 32.99193548387097, 32.99193548387097, 32.99193548387097, 32.99193548387097, 33.0, 33.0, 33.0, 33.0, 33.0, 33.0, 33.0, 33.0, 33.0, 33.0, 33.0, 33.0, 33.0, 32.99193548387097, 32.99193548387097, 32.983870967741936, 32.983870967741936, 32.983870967741936, 32.99193548387097, 32.975806451612904, 32.975806451612904, 32.983870967741936, 32.983870967741936, 32.983870967741936, 32.975806451612904, 32.975806451612904, 32.96774193548387, 32.975806451612904, 32.975806451612904, 32.99193548387097, 32.99193548387097, 32.983870967741936, 32.99193548387097, 32.983870967741936, 32.99193548387097, 32.99193548387097, 32.983870967741936, 32.99193548387097, 32.99193548387097, 32.99193548387097, 32.99193548387097, 32.99193548387097, 32.983870967741936, 32.983870967741936, 32.983870967741936, 32.99193548387097, 33.0, 33.0, 33.0, 32.99193548387097, 32.99193548387097, 32.983870967741936, 33.0, 33.0, 33.0, 33.0, 33.0, 33.0, 33.0, 33.0, 32.99193548387097, 33.0, 33.0, 33.0, 33.0, 33.0, 33.0, 33.0, 33.0, 32.983870967741936, 32.975806451612904, 32.975806451612904, 32.975806451612904, 32.983870967741936, 32.99193548387097, 32.99193548387097, 33.0, 33.0, 33.0, 32.99193548387097, 32.983870967741936, 32.983870967741936, 32.99193548387097, 32.99193548387097, 32.99193548387097, 32.983870967741936, 32.983870967741936, 32.983870967741936, 32.99193548387097, 32.99193548387097, 32.983870967741936, 32.975806451612904, 32.975806451612904, 32.975806451612904, 32.975806451612904, 32.975806451612904, 32.975806451612904, 32.975806451612904, 32.975806451612904, 32.96774193548387, 32.96774193548387, 32.975806451612904, 32.96774193548387, 32.983870967741936, 32.99193548387097, 32.99193548387097, 32.99193548387097, 32.99193548387097, 32.983870967741936, 32.983870967741936, 32.975806451612904, 32.99193548387097, 32.99193548387097, 32.983870967741936, 32.983870967741936, 32.983870967741936, 32.983870967741936, 32.99193548387097, 32.99193548387097, 32.99193548387097, 32.99193548387097, 32.983870967741936, 32.983870967741936, 32.983870967741936, 32.96774193548387, 32.96774193548387, 32.96774193548387, 32.975806451612904, 32.975806451612904, 32.983870967741936, 32.983870967741936, 32.983870967741936, 32.983870967741936, 32.983870967741936, 32.983870967741936, 32.975806451612904, 32.99193548387097, 32.99193548387097, 32.99193548387097, 32.99193548387097, 32.99193548387097, 32.99193548387097, 33.0, 33.0, 32.99193548387097, 32.99193548387097, 33.0, 33.0, 33.0, 33.0, 33.0, 33.0, 33.0, 33.0, 32.99193548387097, 32.99193548387097, 32.99193548387097, 33.0, 33.0, 32.99193548387097, 33.0, 33.0, 33.0, 33.0, 33.0, 33.0, 33.0, 33.0, 33.0, 32.99193548387097, 33.0, 33.0, 33.0, 32.975806451612904, 32.975806451612904, 32.975806451612904, 32.983870967741936, 32.99193548387097, 32.983870967741936, 32.96774193548387, 32.96774193548387, 32.96774193548387, 32.975806451612904, 32.975806451612904, 32.96774193548387, 32.96774193548387, 32.95967741935484, 32.95967741935484, 32.96774193548387, 32.975806451612904, 32.983870967741936, 32.983870967741936, 32.983870967741936, 32.983870967741936, 32.983870967741936, 32.983870967741936, 32.983870967741936, 32.975806451612904, 32.95967741935484, 32.95161290322581, 32.95967741935484, 32.975806451612904, 32.975806451612904, 32.975806451612904, 32.975806451612904, 32.975806451612904, 32.983870967741936]",0.7707708947398839,0.7364970179438626,33,"[33, 33, 33, 33, 33, 33, 33, 33, 33, 33, 33, 33, 33, 33, 33, 33, 33, 33, 33, 33, 33, 33, 33, 33, 33, 33, 33, 33, 33, 33, 33, 33, 33, 33, 33, 33, 33, 33, 33, 33, 33, 33, 33, 33, 33, 33, 33, 33, 33, 33, 33, 33, 33, 33, 33, 33, 33, 33, 33, 33, 33, 33, 33, 33, 33, 33, 33, 33, 33, 33, 33, 33, 33, 33, 33, 33, 33, 33, 33, 33, 33, 33, 33, 33, 33, 33, 33, 33, 33, 33, 33, 33, 33, 33, 33, 33, 33, 33, 33, 33, 33, 33, 33, 33, 33, 33, 33, 33, 33, 33, 33, 33, 33, 33, 33, 33, 33, 33, 33, 33, 33, 33, 33, 33, 33, 33, 33, 33, 33, 33, 33, 33, 33, 33, 33, 33, 33, 33, 33, 33, 33, 33, 33, 33, 33, 33, 33, 33, 33, 33, 33, 33, 33, 33, 33, 33, 33, 33, 33, 33, 33, 33, 33, 33, 33, 33, 33, 33, 33, 33, 33, 33, 33, 33, 33, 33, 33, 33, 33, 33, 33, 33, 33, 33, 33, 33, 33, 33, 33, 33, 33, 33, 33, 33, 33, 33, 33, 33, 33, 33, 33, 33, 33, 33, 33, 33, 33, 33, 33, 33, 33, 33, 33, 33, 33, 33, 33, 33, 33, 33, 33, 33, 33, 33, 33, 33, 33, 33, 33, 33, 33, 33, 33, 33, 33, 33, 33, 33, 33, 33, 33, 33, 33, 33, 33, 33, 33, 33, 33, 33, 33, 33, 33, 33, 33, 33, 33, 33, 33, 33, 33, 33, 33, 33, 33, 33, 33, 33, 33, 33, 33, 33, 33, 33, 33, 33, 33, 33, 33, 33, 33, 33, 33, 33, 33, 33, 33, 33, 33, 33, 33, 33, 33, 33, 33, 33, 33, 33, 33, 33, 33, 33, 33, 33, 33, 33, 33, 33, 33, 33, 33, 33, 33, 33, 33, 33, 33, 33, 33, 33, 33, 33, 33, 33, 33, 33, 33, 33, 33, 33, 33, 33, 33, 33, 33, 33, 33, 33, 33, 33, 33, 33, 33, 33, 33, 33, 33, 33, 33, 33, 33, 33, 33, 33, 33, 33, 33, 33, 33, 33, 33, 33, 33, 33, 33, 33, 33, 33, 33, 33, 33, 33, 33, 33, 33]",375,"[0.7358242273330688, 0.7233006358146667, 0.7110200524330139, 0.6994813680648804, 0.6884393095970154, 0.6777310371398926, 0.6678237318992615, 0.658122181892395, 0.6490828990936279, 0.6397093534469604, 0.6313117742538452, 0.6229362487792969, 0.6147691607475281, 0.6070921421051025, 0.5998870730400085, 0.592766284942627, 0.5856936573982239, 0.5790857076644897, 0.5727391242980957, 0.5669123530387878, 0.5608846545219421, 0.5554341077804565, 0.5500926375389099, 0.5450255870819092, 0.5399767756462097, 0.535043478012085, 0.5302525162696838, 0.525838315486908, 0.5215734839439392, 0.517507016658783, 0.5134919285774231, 0.5094649791717529, 0.5057927966117859, 0.502210795879364, 0.4986385405063629, 0.4953848123550415, 0.4921800196170807, 0.48898446559906006, 0.4858647882938385, 0.4829869866371155, 0.4801827371120453, 0.4775669574737549, 0.4749816060066223, 0.4725208282470703, 0.46996480226516724, 0.4675127863883972, 0.4652538597583771, 0.4629738926887512, 0.46068641543388367, 0.45856866240501404, 0.4564906656742096, 0.4544703960418701, 0.4526079297065735, 0.45083513855934143, 0.44900649785995483, 0.4472738206386566, 0.4454987049102783, 0.4438161551952362, 0.44220489263534546, 0.4404875934123993, 0.43897759914398193, 0.4375605881214142, 0.4360959231853485, 0.43460723757743835, 0.43318530917167664, 0.43182674050331116, 0.4305579364299774, 0.42938411235809326, 0.42826807498931885, 0.4271779954433441, 0.42605143785476685, 0.424950510263443, 0.42393043637275696, 0.4228205382823944, 0.42180508375167847, 0.4207483232021332, 0.41971632838249207, 0.41882264614105225, 0.4178828299045563, 0.41694164276123047, 0.4161186218261719, 0.41529610753059387, 0.4143843948841095, 0.4135780334472656, 0.4127785861492157, 0.41198885440826416, 0.4112190902233124, 0.4105013906955719, 0.40979430079460144, 0.40908196568489075, 0.40842190384864807, 0.4077740013599396, 0.40718895196914673, 0.4065592288970947, 0.4059006869792938, 0.40528392791748047, 0.4046609103679657, 0.40405142307281494, 0.40351736545562744, 0.40299689769744873, 0.40238407254219055, 0.40184298157691956, 0.4013046324253082, 0.40084999799728394, 0.4003850817680359, 0.3999561071395874, 0.3995014429092407, 0.39904868602752686, 0.3985797166824341, 0.3980957269668579, 0.39768707752227783, 0.3973117172718048, 0.3968864679336548, 0.3964425027370453, 0.39601874351501465, 0.3956139385700226, 0.3951951563358307, 0.3948199450969696, 0.39444106817245483, 0.3941316306591034, 0.39380860328674316, 0.3933877646923065, 0.39306992292404175, 0.39271658658981323, 0.39234620332717896, 0.3920420706272125, 0.39173877239227295, 0.39141544699668884, 0.3911643624305725, 0.39082032442092896, 0.3905067443847656, 0.3902112543582916, 0.38995444774627686, 0.38962429761886597, 0.3893466293811798, 0.3890661597251892, 0.3888026177883148, 0.3885352313518524, 0.388273686170578, 0.3880041241645813, 0.38771742582321167, 0.38746729493141174, 0.38724467158317566, 0.38702458143234253, 0.38678959012031555, 0.38659706711769104, 0.38635531067848206, 0.3861101269721985, 0.38582831621170044, 0.38562336564064026, 0.3854232132434845, 0.3852299451828003, 0.38502323627471924, 0.38482391834259033, 0.3846014440059662, 0.38437873125076294, 0.38417595624923706, 0.3839602768421173, 0.3837107717990875, 0.3835180401802063, 0.3833262324333191, 0.3830910623073578, 0.382893830537796, 0.3826664686203003, 0.382477730512619, 0.38227540254592896, 0.3820877969264984, 0.38192230463027954, 0.3817436695098877, 0.38153141736984253, 0.38135483860969543, 0.38115718960762024, 0.38097167015075684, 0.38078993558883667, 0.3806246221065521, 0.3804858922958374, 0.38030996918678284, 0.38013145327568054, 0.37994515895843506, 0.37980520725250244, 0.37965553998947144, 0.3794596493244171, 0.37926727533340454, 0.379121333360672, 0.37893086671829224, 0.3787691593170166, 0.37858155369758606, 0.37839943170547485, 0.3782113790512085, 0.37804144620895386, 0.37788569927215576, 0.3777207136154175, 0.37756603956222534, 0.3774206042289734, 0.3772743344306946, 0.3771384060382843, 0.37698328495025635, 0.3768478333950043, 0.3766942620277405, 0.3765276074409485, 0.37637051939964294, 0.3762420415878296, 0.3760865032672882, 0.37594500184059143, 0.3757827877998352, 0.375670850276947, 0.3755272924900055, 0.375387966632843, 0.37525391578674316, 0.3750995397567749, 0.3749573826789856, 0.37483614683151245, 0.37470680475234985, 0.3745521903038025, 0.3744063675403595, 0.3742556869983673, 0.37412750720977783, 0.37398552894592285, 0.37384968996047974, 0.3736993670463562, 0.3735496401786804, 0.3734109401702881, 0.373272180557251, 0.37311992049217224, 0.373006671667099, 0.37286144495010376, 0.3727380037307739, 0.37263062596321106, 0.3724766671657562, 0.37232673168182373, 0.3721999228000641, 0.3720368444919586, 0.37192249298095703, 0.37182551622390747, 0.3716816306114197, 0.3715507388114929, 0.3714202642440796, 0.3713020384311676, 0.371181845664978, 0.37102606892585754, 0.3708910048007965, 0.3707682490348816, 0.37061527371406555, 0.3704920709133148, 0.3703787922859192, 0.37026241421699524, 0.37014371156692505, 0.3700428903102875, 0.369896799325943, 0.36976802349090576, 0.3696446120738983, 0.3695111572742462, 0.3693740963935852, 0.3692317605018616, 0.36911681294441223, 0.3689970374107361, 0.3688596487045288, 0.36871805787086487, 0.3685838580131531, 0.3684372305870056, 0.3682720959186554, 0.36814576387405396, 0.36801227927207947, 0.3678847551345825, 0.36777356266975403, 0.3676615059375763, 0.3675633668899536, 0.3674578070640564, 0.3673197031021118, 0.367221862077713, 0.3671107888221741, 0.36699095368385315, 0.36685851216316223, 0.3667452931404114, 0.36662137508392334, 0.3664964735507965, 0.3663712739944458, 0.36627399921417236, 0.36616721749305725, 0.366061806678772, 0.365944504737854, 0.3658168911933899, 0.36570221185684204, 0.3656035363674164, 0.36550068855285645, 0.36535659432411194, 0.3652479648590088, 0.36512917280197144, 0.36502620577812195, 0.36493584513664246, 0.36485156416893005, 0.3647480905056, 0.3646467328071594, 0.36453312635421753, 0.3644169270992279, 0.36430108547210693, 0.36416861414909363, 0.36405041813850403, 0.3639465570449829, 0.36384353041648865, 0.36372634768486023, 0.363608181476593, 0.3634852468967438, 0.3633674383163452, 0.3632768392562866, 0.3631657660007477, 0.3630436062812805, 0.36290955543518066, 0.36280015110969543, 0.36267411708831787, 0.36256131529808044, 0.3624381124973297, 0.36233311891555786, 0.36219891905784607, 0.3620782792568207, 0.3619590997695923, 0.36185792088508606, 0.36176446080207825, 0.3616258502006531, 0.36150139570236206, 0.36138516664505005, 0.36125075817108154, 0.36113789677619934, 0.3610116243362427, 0.3608768880367279, 0.36077502369880676, 0.3606473505496979, 0.360518217086792, 0.36040928959846497, 0.3603176772594452, 0.360203355550766, 0.3600694537162781, 0.35994797945022583, 0.3598346412181854, 0.3596978485584259, 0.3595994710922241, 0.35948336124420166, 0.3593786358833313, 0.35927867889404297, 0.3591455817222595, 0.3590191602706909, 0.35888293385505676, 0.35873767733573914, 0.3586369752883911, 0.35852277278900146, 0.35840335488319397, 0.35829222202301025, 0.3582082986831665, 0.3580707609653473, 0.357962429523468, 0.3578401505947113, 0.35772526264190674, 0.35760706663131714, 0.3575012683868408, 0.3573947548866272, 0.35727933049201965, 0.3571728765964508, 0.3570607900619507, 0.3569488525390625, 0.35682186484336853, 0.3567374348640442, 0.3566034436225891, 0.35648006200790405, 0.3563521206378937, 0.3561897277832031, 0.35606974363327026, 0.3559477925300598, 0.3558364510536194, 0.3557547628879547, 0.35565224289894104, 0.3555314242839813, 0.3553922176361084, 0.3552786111831665, 0.3551549017429352, 0.35504773259162903]",33.0,"[33.0, 33.0, 33.0, 33.0, 33.0, 33.0, 33.0, 33.0, 33.0, 33.0, 33.0, 33.0, 33.0, 33.0, 33.0, 33.0, 33.0, 33.0, 33.0, 33.0, 33.0, 33.0, 33.0, 33.0, 33.0, 33.0, 33.0, 33.0, 33.0, 33.0, 33.0, 33.0, 33.0, 33.0, 33.0, 33.0, 33.0, 33.0, 33.0, 33.0, 33.0, 33.0, 33.0, 33.0, 33.0, 33.0, 33.0, 33.0, 33.0, 33.0, 33.0, 33.0, 33.0, 33.0, 33.0, 33.0, 33.0, 33.0, 33.0, 33.0, 33.0, 33.0, 33.0, 33.0, 33.0, 33.0, 33.0, 33.0, 33.0, 33.0, 33.0, 33.0, 33.0, 33.0, 33.0, 33.0, 33.0, 33.0, 33.0, 33.0, 33.0, 33.0, 33.0, 33.0, 33.0, 33.0, 33.0, 33.0, 33.0, 33.0, 33.0, 33.0, 33.0, 33.0, 33.0, 33.0, 33.0, 33.0, 33.0, 33.0, 33.0, 33.0, 33.0, 33.0, 33.0, 33.0, 33.0, 33.0, 33.0, 33.0, 33.0, 33.0, 33.0, 33.0, 33.0, 33.0, 33.0, 33.0, 33.0, 33.0, 33.0, 33.0, 33.0, 33.0, 33.0, 33.0, 33.0, 33.0, 33.0, 33.0, 33.0, 33.0, 33.0, 33.0, 33.0, 33.0, 33.0, 33.0, 33.0, 33.0, 33.0, 33.0, 33.0, 33.0, 33.0, 33.0, 33.0, 33.0, 33.0, 33.0, 33.0, 33.0, 33.0, 33.0, 33.0, 33.0, 33.0, 33.0, 33.0, 33.0, 33.0, 33.0, 33.0, 33.0, 33.0, 33.0, 33.0, 33.0, 33.0, 33.0, 33.0, 33.0, 33.0, 33.0, 33.0, 33.0, 33.0, 33.0, 33.0, 33.0, 33.0, 33.0, 33.0, 33.0, 33.0, 33.0, 33.0, 33.0, 33.0, 33.0, 33.0, 33.0, 33.0, 33.0, 33.0, 33.0, 33.0, 33.0, 33.0, 33.0, 33.0, 33.0, 33.0, 33.0, 33.0, 33.0, 33.0, 33.0, 33.0, 33.0, 33.0, 33.0, 33.0, 33.0, 33.0, 33.0, 33.0, 33.0, 33.0, 33.0, 33.0, 33.0, 33.0, 33.0, 33.0, 33.0, 33.0, 33.0, 33.0, 33.0, 33.0, 33.0, 33.0, 33.0, 33.0, 33.0, 33.0, 33.0, 33.0, 33.0, 33.0, 33.0, 33.0, 33.0, 33.0, 33.0, 33.0, 33.0, 33.0, 33.0, 33.0, 33.0, 33.0, 33.0, 33.0, 33.0, 33.0, 33.0, 33.0, 33.0, 33.0, 33.0, 33.0, 33.0, 33.0, 33.0, 33.0, 33.0, 33.0, 33.0, 33.0, 33.0, 33.0, 33.0, 33.0, 33.0, 33.0, 33.0, 33.0, 33.0, 33.0, 33.0, 33.0, 33.0, 33.0, 33.0, 33.0, 33.0, 33.0, 33.0, 33.0, 33.0, 33.0, 33.0, 33.0, 33.0, 33.0, 33.0, 33.0, 33.0, 33.0, 33.0, 33.0, 33.0, 33.0, 33.0, 33.0, 33.0, 33.0, 33.0, 33.0, 33.0, 33.0, 33.0, 33.0, 33.0, 33.0, 33.0, 33.0, 33.0, 33.0, 33.0, 33.0, 33.0, 33.0, 33.0, 33.0, 33.0, 33.0, 33.0, 33.0, 33.0, 33.0, 33.0, 33.0, 33.0, 33.0, 33.0, 33.0, 33.0, 33.0, 33.0, 33.0, 33.0, 33.0, 33.0, 33.0, 33.0, 33.0, 33.0, 33.0, 33.0, 33.0, 33.0, 33.0, 33.0, 33.0, 33.0, 33.0, 33.0, 33.0, 33.0, 33.0, 33.0, 33.0, 33.0, 33.0, 33.0, 33.0, 33.0, 33.0, 33.0, 33.0, 33.0, 33.0]",COMPLETE
