,number,value,datetime_start,datetime_complete,duration,params_batch_size_scaler,params_constant_learning_rate,params_depth,params_epochs,params_kernel_l2,params_num_trees,params_temperature,user_attrs_accuracy_test,user_attrs_accuracy_valid,user_attrs_approximate_feature_sparsity,user_attrs_approximate_feature_sparsity_history,user_attrs_approximate_weight_sparsity,user_attrs_approximate_weight_sparsity_history,user_attrs_auc_test,user_attrs_auc_valid,user_attrs_feature_sparsity,user_attrs_feature_sparsity_history,user_attrs_num_epochs,user_attrs_val_loss_history,user_attrs_weight_sparsity,user_attrs_weight_sparsity_history,state
82,82,0.8736329559067897,2024-08-31 03:56:14.459855,2024-08-31 04:03:37.251920,0 days 00:07:22.792065,4,0.051482311198385554,6,215,0.47989710717162415,40,0.006290398079475787,0.904,0.89625,33,"[33, 33, 33, 33, 33, 33, 33, 33, 33, 33, 33, 33, 33, 33, 33, 33, 33, 33, 33, 33, 33, 33, 33, 33, 33, 33, 33, 33, 33, 33, 33, 33, 33, 33, 33, 33, 33, 33, 33, 33, 33, 33, 33, 33, 33, 33, 33, 33, 33, 33, 33, 33, 33, 33, 33, 33, 33, 33, 33, 33, 33, 33, 33, 33, 33, 33, 33, 33, 33, 33, 33, 33, 33, 33, 33, 33, 33, 33, 33, 33, 33, 33, 33, 33, 33, 33, 33, 33, 33, 33, 33, 33, 33, 33, 33, 33, 33, 33, 33, 33, 33, 33, 33, 33, 33, 33, 33, 33, 33, 33, 33, 33, 33, 33, 33, 33, 33, 33, 33, 33, 33, 33, 33, 33, 33, 33, 33, 33, 33, 33, 33, 33, 33, 33, 33, 33, 33, 33, 33, 33, 33, 33, 33, 33, 33, 33, 33, 33, 33, 33, 33, 33, 33, 33, 33, 33, 33, 33, 33, 33, 33, 33, 33, 33, 33, 33, 33, 33, 33, 33, 33, 33, 33, 33, 33, 33, 33, 33, 33, 33, 33, 33, 33, 33, 33, 33, 33, 33, 33, 33, 33, 33, 33, 33, 33, 33, 33, 33, 33, 33, 33, 33, 33, 33, 33, 33, 33, 33, 33, 33, 33, 33, 33, 33, 33]",32.91111111111111,"[32.93333333333334, 32.92579365079365, 32.930952380952384, 32.93015873015873, 32.93174603174603, 32.92857142857142, 32.92619047619048, 32.9265873015873, 32.919444444444444, 32.9218253968254, 32.92142857142857, 32.923809523809524, 32.92261904761905, 32.92619047619048, 32.9281746031746, 32.922222222222224, 32.9202380952381, 32.92896825396825, 32.92579365079365, 32.93452380952381, 32.926587301587304, 32.93055555555556, 32.930952380952384, 32.93571428571428, 32.93849206349206, 32.93333333333334, 32.935317460317464, 32.93492063492064, 32.93571428571428, 32.93809523809524, 32.93015873015873, 32.932539682539684, 32.93531746031746, 32.93571428571428, 32.9329365079365, 32.930952380952384, 32.92896825396826, 32.93055555555556, 32.93293650793651, 32.92896825396825, 32.932539682539684, 32.92857142857143, 32.93055555555556, 32.9281746031746, 32.929761904761904, 32.93214285714286, 32.93888888888889, 32.939682539682536, 32.93809523809524, 32.93690476190476, 32.93055555555556, 32.93293650793651, 32.9313492063492, 32.93055555555556, 32.92777777777778, 32.93015873015873, 32.92460317460318, 32.925396825396824, 32.928174603174604, 32.92539682539683, 32.917857142857144, 32.91904761904762, 32.91706349206349, 32.91746031746032, 32.91746031746032, 32.917857142857144, 32.91865079365079, 32.922222222222224, 32.92142857142857, 32.91984126984127, 32.92857142857143, 32.92619047619048, 32.925396825396824, 32.92301587301588, 32.9218253968254, 32.919047619047625, 32.915079365079364, 32.91309523809524, 32.90873015873016, 32.91547619047619, 32.92103174603175, 32.9234126984127, 32.92857142857143, 32.92738095238096, 32.92579365079365, 32.92619047619048, 32.922222222222224, 32.92738095238095, 32.92420634920635, 32.92579365079365, 32.92420634920635, 32.92420634920635, 32.92420634920635, 32.92619047619048, 32.92579365079366, 32.9234126984127, 32.92896825396826, 32.930952380952384, 32.928174603174604, 32.92619047619048, 32.92857142857143, 32.92936507936508, 32.92420634920635, 32.92420634920635, 32.925, 32.9234126984127, 32.92738095238095, 32.925, 32.91904761904762, 32.925396825396824, 32.926984126984124, 32.928174603174604, 32.93174603174603, 32.925000000000004, 32.92698412698413, 32.92261904761905, 32.92777777777778, 32.93293650793651, 32.93134920634921, 32.93055555555556, 32.93492063492064, 32.928174603174604, 32.93015873015873, 32.932539682539684, 32.93333333333334, 32.93214285714286, 32.93095238095238, 32.9313492063492, 32.9329365079365, 32.93730158730158, 32.930952380952384, 32.92579365079365, 32.928174603174604, 32.928174603174604, 32.923809523809524, 32.921031746031744, 32.91904761904762, 32.92023809523809, 32.9234126984127, 32.92539682539683, 32.928174603174604, 32.93214285714286, 32.92896825396826, 32.92857142857143, 32.929761904761904, 32.929761904761904, 32.92460317460317, 32.92420634920635, 32.922619047619044, 32.9218253968254, 32.922222222222224, 32.9218253968254, 32.92142857142857, 32.922222222222224, 32.92261904761905, 32.922619047619044, 32.920634920634924, 32.91865079365079, 32.92301587301587, 32.92261904761905, 32.91626984126984, 32.910714285714285, 32.90992063492064, 32.91428571428572, 32.91468253968254, 32.91547619047619, 32.91706349206349, 32.91230158730159, 32.91587301587302, 32.91984126984127, 32.922222222222224, 32.925396825396824, 32.919444444444444, 32.91904761904762, 32.91984126984127, 32.9202380952381, 32.9218253968254, 32.9218253968254, 32.92420634920635, 32.92619047619048, 32.92579365079365, 32.921031746031744, 32.91825396825397, 32.9202380952381, 32.92261904761905, 32.92420634920635, 32.92460317460317, 32.92460317460317, 32.92777777777778, 32.924206349206344, 32.92460317460317, 32.925000000000004, 32.92261904761905, 32.9218253968254, 32.917857142857144, 32.91904761904762, 32.91904761904762, 32.921031746031744, 32.921031746031744, 32.9202380952381, 32.91984126984127, 32.91626984126984, 32.91666666666667, 32.91666666666667, 32.91031746031746, 32.91388888888889, 32.913492063492065, 32.91468253968254, 32.913492063492065, 32.915079365079364, 32.913492063492065, 32.91150793650794, 32.91031746031746, 32.90714285714286, 32.91111111111111]",0.8647280773454207,0.8736329559067897,33,"[33, 33, 33, 33, 33, 33, 33, 33, 33, 33, 33, 33, 33, 33, 33, 33, 33, 33, 33, 33, 33, 33, 33, 33, 33, 33, 33, 33, 33, 33, 33, 33, 33, 33, 33, 33, 33, 33, 33, 33, 33, 33, 33, 33, 33, 33, 33, 33, 33, 33, 33, 33, 33, 33, 33, 33, 33, 33, 33, 33, 33, 33, 33, 33, 33, 33, 33, 33, 33, 33, 33, 33, 33, 33, 33, 33, 33, 33, 33, 33, 33, 33, 33, 33, 33, 33, 33, 33, 33, 33, 33, 33, 33, 33, 33, 33, 33, 33, 33, 33, 33, 33, 33, 33, 33, 33, 33, 33, 33, 33, 33, 33, 33, 33, 33, 33, 33, 33, 33, 33, 33, 33, 33, 33, 33, 33, 33, 33, 33, 33, 33, 33, 33, 33, 33, 33, 33, 33, 33, 33, 33, 33, 33, 33, 33, 33, 33, 33, 33, 33, 33, 33, 33, 33, 33, 33, 33, 33, 33, 33, 33, 33, 33, 33, 33, 33, 33, 33, 33, 33, 33, 33, 33, 33, 33, 33, 33, 33, 33, 33, 33, 33, 33, 33, 33, 33, 33, 33, 33, 33, 33, 33, 33, 33, 33, 33, 33, 33, 33, 33, 33, 33, 33, 33, 33, 33, 33, 33, 33, 33, 33, 33, 33, 33, 33]",215,"[0.45578381419181824, 0.42465221881866455, 0.4140245318412781, 0.40892863273620605, 0.4058559536933899, 0.4034815728664398, 0.4014919698238373, 0.3997436463832855, 0.39815518260002136, 0.39670753479003906, 0.39535224437713623, 0.3941146433353424, 0.39296653866767883, 0.3918848931789398, 0.3908619284629822, 0.3899122178554535, 0.3890227973461151, 0.3881677985191345, 0.38735440373420715, 0.386596143245697, 0.3858954608440399, 0.3851967751979828, 0.38452693819999695, 0.38391751050949097, 0.3833073675632477, 0.38272833824157715, 0.3821709156036377, 0.3816441595554352, 0.3811262249946594, 0.3806072175502777, 0.3800762891769409, 0.3795885741710663, 0.37909621000289917, 0.3786258399486542, 0.3781605064868927, 0.37770506739616394, 0.37724560499191284, 0.37678980827331543, 0.3763587474822998, 0.3759247064590454, 0.37547779083251953, 0.375029981136322, 0.3746073246002197, 0.37420350313186646, 0.3737765848636627, 0.3733474612236023, 0.37295180559158325, 0.3725292682647705, 0.3721192181110382, 0.37171265482902527, 0.3713044226169586, 0.3708880543708801, 0.3704927861690521, 0.3700639605522156, 0.3697005808353424, 0.36927497386932373, 0.3688693940639496, 0.3684460520744324, 0.3680458962917328, 0.36764392256736755, 0.367238849401474, 0.36683690547943115, 0.36643555760383606, 0.365995854139328, 0.36555764079093933, 0.3651285469532013, 0.3647015392780304, 0.3642829954624176, 0.36391228437423706, 0.3634706437587738, 0.3630422353744507, 0.36262747645378113, 0.36218807101249695, 0.3617778420448303, 0.3613537847995758, 0.3609207570552826, 0.36049434542655945, 0.3600340783596039, 0.3596147894859314, 0.35918954014778137, 0.3587425947189331, 0.3583218455314636, 0.35788795351982117, 0.35745692253112793, 0.3570082485675812, 0.3565702736377716, 0.3561049997806549, 0.3556452691555023, 0.3552146553993225, 0.35478076338768005, 0.354318231344223, 0.3538198471069336, 0.353362113237381, 0.35287994146347046, 0.3524226248264313, 0.35192975401878357, 0.3514856994152069, 0.35100799798965454, 0.35053208470344543, 0.3500359058380127, 0.34956300258636475, 0.3490849435329437, 0.3485988676548004, 0.34809696674346924, 0.34761619567871094, 0.3471144139766693, 0.3466483950614929, 0.3461481034755707, 0.3456610143184662, 0.34512752294540405, 0.344638854265213, 0.3441294729709625, 0.34363338351249695, 0.3431348502635956, 0.3426131308078766, 0.3420948386192322, 0.3415861427783966, 0.3410768508911133, 0.3405374586582184, 0.34003475308418274, 0.3394869565963745, 0.338962197303772, 0.3384142816066742, 0.33785927295684814, 0.33735352754592896, 0.33683881163597107, 0.3363000154495239, 0.3357181251049042, 0.3351857662200928, 0.334642231464386, 0.33407413959503174, 0.33351778984069824, 0.3329602777957916, 0.3323974311351776, 0.33181679248809814, 0.331266850233078, 0.3307303190231323, 0.3301425576210022, 0.3295518159866333, 0.32896727323532104, 0.3283955752849579, 0.32780787348747253, 0.3272254168987274, 0.3266281485557556, 0.3260475993156433, 0.32545506954193115, 0.32485678791999817, 0.3242509365081787, 0.3236570656299591, 0.32305920124053955, 0.32244259119033813, 0.32184258103370667, 0.3212515711784363, 0.32061904668807983, 0.32004719972610474, 0.31945446133613586, 0.31882235407829285, 0.31819531321525574, 0.31758376955986023, 0.31695756316185, 0.31634023785591125, 0.3157299757003784, 0.31512385606765747, 0.3144923448562622, 0.3138774633407593, 0.31326422095298767, 0.3126424252986908, 0.31201261281967163, 0.31138354539871216, 0.31076687574386597, 0.31016474962234497, 0.3095378577709198, 0.3089228868484497, 0.308296799659729, 0.3076997995376587, 0.3071141839027405, 0.3064916133880615, 0.3058471381664276, 0.30525287985801697, 0.30467337369918823, 0.30407992005348206, 0.30348289012908936, 0.302892804145813, 0.30229127407073975, 0.30170488357543945, 0.3011553883552551, 0.30057623982429504, 0.3000269830226898, 0.29944971203804016, 0.2988622784614563, 0.29830169677734375, 0.2977430820465088, 0.29716718196868896, 0.2966177463531494, 0.29606086015701294, 0.29552093148231506, 0.2949950397014618, 0.2944794297218323, 0.2939443290233612, 0.2934211194515228, 0.29289373755455017, 0.2923806309700012, 0.29183486104011536, 0.2913259267807007, 0.29081061482429504, 0.29030641913414, 0.2898175120353699, 0.28934216499328613, 0.2888196110725403, 0.288362056016922, 0.2878989279270172, 0.28745144605636597, 0.28695088624954224, 0.2865132987499237, 0.2860318422317505]",33.0,"[33.0, 33.0, 33.0, 33.0, 33.0, 33.0, 33.0, 33.0, 33.0, 33.0, 33.0, 33.0, 33.0, 33.0, 33.0, 33.0, 33.0, 33.0, 33.0, 33.0, 33.0, 33.0, 33.0, 33.0, 33.0, 33.0, 33.0, 33.0, 33.0, 33.0, 33.0, 33.0, 33.0, 33.0, 33.0, 33.0, 33.0, 33.0, 33.0, 33.0, 33.0, 33.0, 33.0, 33.0, 33.0, 33.0, 33.0, 33.0, 33.0, 33.0, 33.0, 33.0, 33.0, 33.0, 33.0, 33.0, 33.0, 33.0, 33.0, 33.0, 33.0, 33.0, 33.0, 33.0, 33.0, 33.0, 33.0, 33.0, 33.0, 33.0, 33.0, 33.0, 33.0, 33.0, 33.0, 33.0, 33.0, 33.0, 33.0, 33.0, 33.0, 33.0, 33.0, 33.0, 33.0, 33.0, 33.0, 33.0, 33.0, 33.0, 33.0, 33.0, 33.0, 33.0, 33.0, 33.0, 33.0, 33.0, 33.0, 33.0, 33.0, 33.0, 33.0, 33.0, 33.0, 33.0, 33.0, 33.0, 33.0, 33.0, 33.0, 33.0, 33.0, 33.0, 33.0, 33.0, 33.0, 33.0, 33.0, 33.0, 33.0, 33.0, 33.0, 33.0, 33.0, 33.0, 33.0, 33.0, 33.0, 33.0, 33.0, 33.0, 33.0, 33.0, 33.0, 33.0, 33.0, 33.0, 33.0, 33.0, 33.0, 33.0, 33.0, 33.0, 33.0, 33.0, 33.0, 33.0, 33.0, 33.0, 33.0, 33.0, 33.0, 33.0, 33.0, 33.0, 33.0, 33.0, 33.0, 33.0, 33.0, 33.0, 33.0, 33.0, 33.0, 33.0, 33.0, 33.0, 33.0, 33.0, 33.0, 33.0, 33.0, 33.0, 33.0, 33.0, 33.0, 33.0, 33.0, 33.0, 33.0, 33.0, 33.0, 33.0, 33.0, 33.0, 33.0, 33.0, 33.0, 33.0, 33.0, 33.0, 33.0, 33.0, 33.0, 33.0, 33.0, 33.0, 33.0, 33.0, 33.0, 33.0, 33.0, 33.0, 33.0, 33.0, 33.0, 33.0, 33.0, 33.0, 33.0, 33.0, 33.0, 33.0, 33.0]",COMPLETE
