,number,value,datetime_start,datetime_complete,duration,params_batch_size_scaler,params_constant_learning_rate,params_depth,params_epochs,params_kernel_l2,params_num_trees,params_temperature,user_attrs_accuracy_test,user_attrs_accuracy_valid,user_attrs_approximate_feature_sparsity,user_attrs_approximate_feature_sparsity_history,user_attrs_approximate_weight_sparsity,user_attrs_approximate_weight_sparsity_history,user_attrs_auc_test,user_attrs_auc_valid,user_attrs_feature_sparsity,user_attrs_feature_sparsity_history,user_attrs_num_epochs,user_attrs_val_loss_history,user_attrs_weight_sparsity,user_attrs_weight_sparsity_history,state
10,10,0.9122644304465999,2024-08-31 01:03:36.284584,2024-08-31 01:07:44.174270,0 days 00:04:07.889686,16,0.6303232295273071,5,385,0.0010505816860794136,73,0.0018229321357844741,0.927,0.9325,13,"[33, 33, 33, 33, 33, 33, 33, 33, 33, 33, 33, 33, 33, 33, 33, 33, 33, 33, 33, 33, 33, 33, 33, 33, 33, 33, 33, 33, 33, 30, 25, 22, 20, 18, 17, 16, 16, 14, 14, 14, 14, 14, 14, 13, 13, 13, 13, 13, 13, 13, 13, 13, 13, 13, 13, 13, 13, 13, 13, 13, 13, 13, 13, 13, 13, 13, 13, 13, 13, 13, 13, 13, 13, 13, 13, 13, 13, 13, 13, 13, 13, 13, 13, 13, 13, 13, 13, 13, 13, 13, 13, 13, 13, 13, 13, 13, 13, 13, 13, 13, 13, 13, 13, 13, 13, 13, 13, 13, 13, 13, 13, 13, 13, 13, 13, 13, 13, 13, 13, 13, 13, 13, 13, 13, 13, 13, 13, 13, 13, 13, 13, 13, 13, 13, 13, 13, 13, 13, 13, 13, 13, 13, 13, 13, 13, 13, 13, 13, 13, 13, 13, 13, 13, 13, 13, 13, 13, 13, 13, 13, 13, 13, 13, 13, 13, 13, 13, 13, 13, 13, 13, 13, 13, 13, 13, 13, 13, 13, 13, 13, 13, 13, 13, 13, 13, 13, 13, 13, 13, 13, 13, 13, 13, 13, 13, 13, 13, 13, 13, 13, 13, 13, 13, 13, 13, 13, 13, 13, 13, 13, 13, 13, 13, 13, 13, 13, 13, 13, 13, 13, 13, 13, 13, 13, 13, 13, 13, 13, 13, 13, 13, 13, 13, 13, 13, 13, 13, 13, 13, 13, 13, 13, 13, 13, 13, 13, 13, 13, 13, 13, 13, 13, 13, 13, 13, 13, 13, 13, 13, 13, 13, 13, 13, 13, 13, 13, 13, 13, 13, 13, 13, 13, 13, 13, 13, 13, 13, 13, 13, 13, 13, 13, 13, 13, 13, 13, 13, 13, 13, 13, 13, 13, 13, 13, 13, 13, 13, 13, 13, 13, 13, 13, 13, 13, 13, 13, 13, 13, 13, 13, 13, 13, 13, 13, 13, 13, 13, 13, 13, 13, 13, 13, 13, 13, 13, 13, 13, 13, 13, 13, 13, 13, 13, 13, 13, 13, 13, 13, 13, 13, 13, 13, 13, 13, 13, 13, 13, 13, 13, 13, 13, 13, 13, 13, 13, 13, 13, 13, 13, 13, 13, 13, 13, 13, 13, 13, 13, 13, 13, 13, 13, 13, 13, 13, 13, 13, 13, 13, 13, 13, 13, 13, 13, 13, 13]",12.977463543968184,"[32.93636765355723, 32.933274414494036, 32.92885550154662, 32.938577110030934, 32.94608926204154, 32.93769332744145, 32.938577110030934, 32.942112240388866, 32.93725143614671, 32.93194874060981, 32.94255413168361, 32.93946089262042, 32.9456473707468, 32.945205479452056, 32.942112240388866, 32.935041979673, 32.93194874060981, 32.93813521873619, 32.93813521873619, 32.935483870967744, 32.93725143614671, 32.944763588157315, 32.94697304463102, 32.93813521873619, 32.938577110030934, 32.94387980556783, 32.94653115333628, 32.94078656650464, 32.94387980556783, 29.944763588157315, 24.953601414052144, 21.957578435704818, 19.96111356606275, 17.962881131241716, 16.9637649138312, 15.971277065841804, 15.968183826778613, 13.979673000441892, 13.976579761378702, 13.968183826778613, 13.973486522315511, 13.977021652673443, 13.974370304904994, 12.976579761378702, 12.97039328325232, 12.980556783031375, 12.974812196199736, 12.977021652673443, 12.975254087494477, 12.976579761378702, 12.973486522315511, 12.97304463102077, 12.979673000441892, 12.98497569597879, 12.983208130799824, 12.983208130799824, 12.980114891736633, 12.979673000441892, 12.979673000441892, 12.98232434821034, 12.980114891736633, 12.980556783031375, 12.978347326557667, 12.977021652673443, 12.972602739726028, 12.9818824569156, 12.980556783031375, 12.975695978789219, 12.977463543968184, 12.979673000441892, 12.976579761378702, 12.979673000441892, 12.983650022094565, 12.977021652673443, 12.975254087494477, 12.981440565620858, 12.980114891736633, 12.980114891736633, 12.9818824569156, 12.973486522315511, 12.974812196199736, 12.977021652673443, 12.978789217852409, 12.974812196199736, 12.977021652673443, 12.975695978789219, 12.977021652673443, 12.976579761378702, 12.977905435262926, 12.980114891736633, 12.977463543968184, 12.9818824569156, 12.97923110914715, 12.980556783031375, 12.9818824569156, 12.98497569597879, 12.983208130799824, 12.982766239505082, 12.980556783031375, 12.980556783031375, 12.97613787008396, 12.973486522315511, 12.97613787008396, 12.97613787008396, 12.977463543968184, 12.977463543968184, 12.977463543968184, 12.974370304904994, 12.974370304904994, 12.973928413610253, 12.975695978789219, 12.976579761378702, 12.977463543968184, 12.977905435262926, 12.98232434821034, 12.984533804684048, 12.978789217852409, 12.977463543968184, 12.97923110914715, 12.9818824569156, 12.983650022094565, 12.982766239505082, 12.983650022094565, 12.984091913389307, 12.98232434821034, 12.98497569597879, 12.984533804684048, 12.979673000441892, 12.981440565620858, 12.980114891736633, 12.977463543968184, 12.986743261157756, 12.984091913389307, 12.98497569597879, 12.984533804684048, 12.980114891736633, 12.980556783031375, 12.979673000441892, 12.977905435262926, 12.979673000441892, 12.979673000441892, 12.978347326557667, 12.977905435262926, 12.97613787008396, 12.97613787008396, 12.977463543968184, 12.973928413610253, 12.979673000441892, 12.975254087494477, 12.977463543968184, 12.980114891736633, 12.9818824569156, 12.981440565620858, 12.983208130799824, 12.980998674326116, 12.98232434821034, 12.9818824569156, 12.979673000441892, 12.977463543968184, 12.977021652673443, 12.977463543968184, 12.977905435262926, 12.97923110914715, 12.981440565620858, 12.977905435262926, 12.978347326557667, 12.971277065841804, 12.978789217852409, 12.975254087494477, 12.977021652673443, 12.977463543968184, 12.975695978789219, 12.977463543968184, 12.977905435262926, 12.97613787008396, 12.97613787008396, 12.978789217852409, 12.978347326557667, 12.9818824569156, 12.97923110914715, 12.984091913389307, 12.984533804684048, 12.983650022094565, 12.980998674326116, 12.978789217852409, 12.978789217852409, 12.975254087494477, 12.976579761378702, 12.983208130799824, 12.980556783031375, 12.980556783031375, 12.980998674326116, 12.976579761378702, 12.974812196199736, 12.973928413610253, 12.975695978789219, 12.9818824569156, 12.97923110914715, 12.977021652673443, 12.97613787008396, 12.975254087494477, 12.975695978789219, 12.975695978789219, 12.977905435262926, 12.977021652673443, 12.976579761378702, 12.973928413610253, 12.97613787008396, 12.977905435262926, 12.978347326557667, 12.977905435262926, 12.977463543968184, 12.980998674326116, 12.977463543968184, 12.975695978789219, 12.977021652673443, 12.974812196199736, 12.977021652673443, 12.977021652673443, 12.976579761378702, 12.977021652673443, 12.976579761378702, 12.97613787008396, 12.975254087494477, 12.975695978789219, 12.972602739726028, 12.976579761378702, 12.974370304904994, 12.972160848431287, 12.97613787008396, 12.977021652673443, 12.977463543968184, 12.977021652673443, 12.977021652673443, 12.975254087494477, 12.977021652673443, 12.97304463102077, 12.97613787008396, 12.977905435262926, 12.97304463102077, 12.974812196199736, 12.976579761378702, 12.973928413610253, 12.971718957136545, 12.972602739726028, 12.974812196199736, 12.977021652673443, 12.97613787008396, 12.975254087494477, 12.974370304904994, 12.975254087494477, 12.972602739726028, 12.973928413610253, 12.974812196199736, 12.979673000441892, 12.977905435262926, 12.981440565620858, 12.977905435262926, 12.978347326557667, 12.975254087494477, 12.97613787008396, 12.975695978789219, 12.980114891736633, 12.978347326557667, 12.979673000441892, 12.97613787008396, 12.980114891736633, 12.975254087494477, 12.976579761378702, 12.977463543968184, 12.976579761378702, 12.977905435262926, 12.980114891736633, 12.976579761378702, 12.975254087494477, 12.976579761378702, 12.973928413610253, 12.97304463102077, 12.975695978789219, 12.977021652673443, 12.97613787008396, 12.97923110914715, 12.977905435262926, 12.977021652673443, 12.978789217852409, 12.977905435262926, 12.975254087494477, 12.977905435262926, 12.978347326557667, 12.97923110914715, 12.97923110914715, 12.980998674326116, 12.980114891736633, 12.98232434821034, 12.9818824569156, 12.981440565620858, 12.98232434821034, 12.977905435262926, 12.979673000441892, 12.976579761378702, 12.977463543968184, 12.977021652673443, 12.979673000441892, 12.980114891736633, 12.980998674326116, 12.9818824569156, 12.980998674326116, 12.980998674326116, 12.980114891736633, 12.977905435262926, 12.97613787008396, 12.977021652673443, 12.975254087494477, 12.976579761378702, 12.97613787008396, 12.975254087494477, 12.976579761378702, 12.97613787008396, 12.977021652673443, 12.977905435262926, 12.97613787008396, 12.976579761378702, 12.977463543968184, 12.977021652673443, 12.974812196199736, 12.975695978789219, 12.976579761378702, 12.976579761378702, 12.978347326557667, 12.980114891736633, 12.977463543968184, 12.975695978789219, 12.973928413610253, 12.980114891736633, 12.978789217852409, 12.975254087494477, 12.973928413610253, 12.974812196199736, 12.976579761378702, 12.97923110914715, 12.980114891736633, 12.981440565620858, 12.97923110914715, 12.9818824569156, 12.977021652673443, 12.977905435262926, 12.978347326557667, 12.978789217852409, 12.97923110914715, 12.97923110914715, 12.978347326557667, 12.980556783031375, 12.978789217852409, 12.978347326557667, 12.979673000441892, 12.980114891736633, 12.977021652673443, 12.97613787008396, 12.978347326557667, 12.984091913389307, 12.977463543968184, 12.97923110914715, 12.977905435262926, 12.980556783031375, 12.980114891736633, 12.980556783031375, 12.980114891736633, 12.980556783031375, 12.975695978789219, 12.973928413610253, 12.971277065841804, 12.975695978789219, 12.974812196199736, 12.977463543968184, 12.974812196199736, 12.977905435262926, 12.976579761378702, 12.977463543968184, 12.978347326557667, 12.976579761378702, 12.977463543968184, 12.977021652673443, 12.97613787008396, 12.980998674326116, 12.977463543968184]",0.9097499153724848,0.9122644304465999,13,"[33, 33, 33, 33, 33, 33, 33, 33, 33, 33, 33, 33, 33, 33, 33, 33, 33, 33, 33, 33, 33, 33, 33, 33, 33, 33, 33, 33, 33, 30, 25, 22, 20, 18, 17, 16, 16, 14, 14, 14, 14, 14, 14, 13, 13, 13, 13, 13, 13, 13, 13, 13, 13, 13, 13, 13, 13, 13, 13, 13, 13, 13, 13, 13, 13, 13, 13, 13, 13, 13, 13, 13, 13, 13, 13, 13, 13, 13, 13, 13, 13, 13, 13, 13, 13, 13, 13, 13, 13, 13, 13, 13, 13, 13, 13, 13, 13, 13, 13, 13, 13, 13, 13, 13, 13, 13, 13, 13, 13, 13, 13, 13, 13, 13, 13, 13, 13, 13, 13, 13, 13, 13, 13, 13, 13, 13, 13, 13, 13, 13, 13, 13, 13, 13, 13, 13, 13, 13, 13, 13, 13, 13, 13, 13, 13, 13, 13, 13, 13, 13, 13, 13, 13, 13, 13, 13, 13, 13, 13, 13, 13, 13, 13, 13, 13, 13, 13, 13, 13, 13, 13, 13, 13, 13, 13, 13, 13, 13, 13, 13, 13, 13, 13, 13, 13, 13, 13, 13, 13, 13, 13, 13, 13, 13, 13, 13, 13, 13, 13, 13, 13, 13, 13, 13, 13, 13, 13, 13, 13, 13, 13, 13, 13, 13, 13, 13, 13, 13, 13, 13, 13, 13, 13, 13, 13, 13, 13, 13, 13, 13, 13, 13, 13, 13, 13, 13, 13, 13, 13, 13, 13, 13, 13, 13, 13, 13, 13, 13, 13, 13, 13, 13, 13, 13, 13, 13, 13, 13, 13, 13, 13, 13, 13, 13, 13, 13, 13, 13, 13, 13, 13, 13, 13, 13, 13, 13, 13, 13, 13, 13, 13, 13, 13, 13, 13, 13, 13, 13, 13, 13, 13, 13, 13, 13, 13, 13, 13, 13, 13, 13, 13, 13, 13, 13, 13, 13, 13, 13, 13, 13, 13, 13, 13, 13, 13, 13, 13, 13, 13, 13, 13, 13, 13, 13, 13, 13, 13, 13, 13, 13, 13, 13, 13, 13, 13, 13, 13, 13, 13, 13, 13, 13, 13, 13, 13, 13, 13, 13, 13, 13, 13, 13, 13, 13, 13, 13, 13, 13, 13, 13, 13, 13, 13, 13, 13, 13, 13, 13, 13, 13, 13, 13, 13, 13, 13, 13, 13, 13, 13, 13, 13, 13, 13, 13, 13]",385,"[0.3899797797203064, 0.38186246156692505, 0.37591105699539185, 0.3742929697036743, 0.368973970413208, 0.36849522590637207, 0.3644968867301941, 0.36224696040153503, 0.36129069328308105, 0.35952845215797424, 0.3572935461997986, 0.35640135407447815, 0.3536577522754669, 0.3521649241447449, 0.3506413996219635, 0.35108834505081177, 0.3478585481643677, 0.34507080912590027, 0.34344595670700073, 0.34154415130615234, 0.3397473394870758, 0.3383742570877075, 0.3365462124347687, 0.3347162902355194, 0.3338540196418762, 0.3315925598144531, 0.3308451771736145, 0.32861438393592834, 0.32725977897644043, 0.3248414993286133, 0.32699376344680786, 0.3213820159435272, 0.32145294547080994, 0.3164004683494568, 0.31551435589790344, 0.31421101093292236, 0.3118596076965332, 0.3092207610607147, 0.3072008788585663, 0.30518248677253723, 0.3034263551235199, 0.3012036979198456, 0.2992117404937744, 0.2974795997142792, 0.29492083191871643, 0.2928616404533386, 0.2916301190853119, 0.2893633544445038, 0.28723084926605225, 0.2855076491832733, 0.2846274673938751, 0.28202247619628906, 0.28028756380081177, 0.278529554605484, 0.2767218351364136, 0.27645188570022583, 0.274196594953537, 0.2729052007198334, 0.27084845304489136, 0.2697657346725464, 0.2681807279586792, 0.2670338451862335, 0.2657347321510315, 0.26421669125556946, 0.26318660378456116, 0.26257312297821045, 0.2618446946144104, 0.2606043517589569, 0.26119378209114075, 0.2584228813648224, 0.2578641176223755, 0.2576175034046173, 0.2566165328025818, 0.2553127706050873, 0.25468909740448, 0.2540680766105652, 0.2543722987174988, 0.2525065243244171, 0.251747190952301, 0.2510470151901245, 0.2501447796821594, 0.24980109930038452, 0.2502601444721222, 0.2483406662940979, 0.24870577454566956, 0.2470439374446869, 0.24772049486637115, 0.2456607073545456, 0.24559949338436127, 0.24497638642787933, 0.2444070428609848, 0.2444390505552292, 0.2428700029850006, 0.24253277480602264, 0.24144089221954346, 0.2410631626844406, 0.24115869402885437, 0.2402755618095398, 0.23968525230884552, 0.23920153081417084, 0.2383672595024109, 0.23800671100616455, 0.23761458694934845, 0.2380998581647873, 0.23703117668628693, 0.23641423881053925, 0.23565733432769775, 0.23533840477466583, 0.23499108850955963, 0.234416663646698, 0.23477813601493835, 0.23386023938655853, 0.2333722561597824, 0.23409180343151093, 0.23295319080352783, 0.23274026811122894, 0.23226092755794525, 0.23122918605804443, 0.23068828880786896, 0.23039592802524567, 0.23034660518169403, 0.23233719170093536, 0.2296651303768158, 0.23022642731666565, 0.22883270680904388, 0.22805726528167725, 0.2281213402748108, 0.2279350459575653, 0.22805534303188324, 0.22705522179603577, 0.22684460878372192, 0.2281286120414734, 0.22593790292739868, 0.22648455202579498, 0.22649143636226654, 0.22572271525859833, 0.22541768848896027, 0.2244093269109726, 0.22431787848472595, 0.22389096021652222, 0.2242664098739624, 0.22337466478347778, 0.22472810745239258, 0.22356580197811127, 0.2236490249633789, 0.22369465231895447, 0.2227078080177307, 0.22280378639698029, 0.22391587495803833, 0.2219167947769165, 0.22203046083450317, 0.22147022187709808, 0.22111541032791138, 0.220695361495018, 0.22154761850833893, 0.22047896683216095, 0.21979831159114838, 0.21988645195960999, 0.21922409534454346, 0.219802126288414, 0.21925145387649536, 0.2196822166442871, 0.2190835326910019, 0.2188437134027481, 0.21894679963588715, 0.21945177018642426, 0.2186768501996994, 0.21836639940738678, 0.21774576604366302, 0.2173018902540207, 0.21697986125946045, 0.21744291484355927, 0.2173200100660324, 0.21717634797096252, 0.21676628291606903, 0.21726153790950775, 0.2167152613401413, 0.21666520833969116, 0.21689003705978394, 0.2165166288614273, 0.21607601642608643, 0.21730777621269226, 0.21688395738601685, 0.2154436707496643, 0.2156546264886856, 0.21565848588943481, 0.2154129594564438, 0.2159353494644165, 0.21576964855194092, 0.21486631035804749, 0.2147713452577591, 0.214320570230484, 0.21467837691307068, 0.21398912370204926, 0.21444107592105865, 0.21503978967666626, 0.21416382491588593, 0.21447671949863434, 0.2141774296760559, 0.21408189833164215, 0.21305812895298004, 0.21280838549137115, 0.21323610842227936, 0.21264435350894928, 0.21299657225608826, 0.21262769401073456, 0.21333865821361542, 0.2128220498561859, 0.21231447160243988, 0.21183359622955322, 0.21385996043682098, 0.2125176042318344, 0.21210038661956787, 0.2126665711402893, 0.21217837929725647, 0.21262817084789276, 0.21213558316230774, 0.21278801560401917, 0.21231487393379211, 0.21236097812652588, 0.21219591796398163, 0.21154873073101044, 0.2116297334432602, 0.21125151216983795, 0.21173883974552155, 0.2117609828710556, 0.21109122037887573, 0.2104475051164627, 0.2109244465827942, 0.2114344835281372, 0.21001793444156647, 0.2094583511352539, 0.21033506095409393, 0.2097736895084381, 0.2094905525445938, 0.20944267511367798, 0.2097349613904953, 0.2093294858932495, 0.2089093029499054, 0.21024717390537262, 0.20970110595226288, 0.20934118330478668, 0.20897163450717926, 0.20918816328048706, 0.20953163504600525, 0.20956960320472717, 0.20908135175704956, 0.2106182873249054, 0.20959371328353882, 0.20881415903568268, 0.20966020226478577, 0.20759308338165283, 0.20765168964862823, 0.2082740068435669, 0.20758894085884094, 0.20837970077991486, 0.20746001601219177, 0.2071056216955185, 0.20784267783164978, 0.20699399709701538, 0.2075686901807785, 0.20681196451187134, 0.20746570825576782, 0.20713703334331512, 0.20644226670265198, 0.2078743427991867, 0.20598343014717102, 0.20641876757144928, 0.20691730082035065, 0.20595495402812958, 0.20614786446094513, 0.2067771852016449, 0.20582878589630127, 0.2067401260137558, 0.20541343092918396, 0.2059287577867508, 0.20547601580619812, 0.20542490482330322, 0.205349400639534, 0.20510892570018768, 0.20509856939315796, 0.20526288449764252, 0.20488636195659637, 0.2065611630678177, 0.2058192491531372, 0.20560522377490997, 0.20570343732833862, 0.20478954911231995, 0.2051582932472229, 0.20577232539653778, 0.20526933670043945, 0.2044338434934616, 0.2046404331922531, 0.2051028311252594, 0.2045818716287613, 0.20391850173473358, 0.20342031121253967, 0.203562393784523, 0.20429155230522156, 0.2041470855474472, 0.20396322011947632, 0.20395447313785553, 0.20389510691165924, 0.205161914229393, 0.20368866622447968, 0.2068730592727661, 0.20307274162769318, 0.20268121361732483, 0.20476184785366058, 0.2034785896539688, 0.20454923808574677, 0.2034483104944229, 0.2042330503463745, 0.20239272713661194, 0.20327648520469666, 0.20277348160743713, 0.20295056700706482, 0.20196881890296936, 0.20208154618740082, 0.20234613120555878, 0.20271164178848267, 0.20256061851978302, 0.2024003565311432, 0.2018858939409256, 0.20153921842575073, 0.20114924013614655, 0.20170488953590393, 0.20148329436779022, 0.20154303312301636, 0.2030748575925827, 0.2012181282043457, 0.20183628797531128, 0.2027893215417862, 0.20154033601284027, 0.20302066206932068, 0.20277565717697144, 0.2030966579914093, 0.20171131193637848, 0.2021622210741043, 0.20302657783031464, 0.2017892301082611, 0.20200061798095703, 0.2007405161857605, 0.20005980134010315, 0.19994762539863586, 0.20119506120681763, 0.20045223832130432, 0.2004488706588745, 0.20108582079410553, 0.1998685598373413, 0.19919565320014954, 0.20009145140647888, 0.2000502645969391, 0.20051509141921997, 0.19896821677684784, 0.2007911056280136, 0.20035286247730255, 0.2003234475851059, 0.19966255128383636, 0.20082543790340424, 0.2001817524433136, 0.20031873881816864, 0.20050682127475739, 0.20019999146461487, 0.19992166757583618, 0.20043496787548065, 0.1997673660516739, 0.199529230594635, 0.19961535930633545, 0.1993357092142105, 0.19872990250587463, 0.19864973425865173, 0.2002217173576355, 0.1990807205438614, 0.20111574232578278, 0.19927659630775452, 0.19840824604034424, 0.19872529804706573, 0.1975630521774292, 0.19921666383743286, 0.1983087956905365, 0.19843000173568726, 0.1974179595708847, 0.19757813215255737, 0.19902338087558746]",13.0,"[33.0, 33.0, 33.0, 33.0, 33.0, 33.0, 33.0, 33.0, 33.0, 33.0, 33.0, 33.0, 33.0, 33.0, 33.0, 33.0, 33.0, 33.0, 33.0, 33.0, 33.0, 33.0, 33.0, 33.0, 33.0, 33.0, 33.0, 33.0, 33.0, 30.0, 25.0, 22.0, 20.0, 18.0, 17.0, 16.0, 16.0, 14.0, 14.0, 14.0, 14.0, 14.0, 14.0, 13.0, 13.0, 13.0, 13.0, 13.0, 13.0, 13.0, 13.0, 13.0, 13.0, 13.0, 13.0, 13.0, 13.0, 13.0, 13.0, 13.0, 13.0, 13.0, 13.0, 13.0, 13.0, 13.0, 13.0, 13.0, 13.0, 13.0, 13.0, 13.0, 13.0, 13.0, 13.0, 13.0, 13.0, 13.0, 13.0, 13.0, 13.0, 13.0, 13.0, 13.0, 13.0, 13.0, 13.0, 13.0, 13.0, 13.0, 13.0, 13.0, 13.0, 13.0, 13.0, 13.0, 13.0, 13.0, 13.0, 13.0, 13.0, 13.0, 13.0, 13.0, 13.0, 13.0, 13.0, 13.0, 13.0, 13.0, 13.0, 13.0, 13.0, 13.0, 13.0, 13.0, 13.0, 13.0, 13.0, 13.0, 13.0, 13.0, 13.0, 13.0, 13.0, 13.0, 13.0, 13.0, 13.0, 13.0, 13.0, 13.0, 13.0, 13.0, 13.0, 13.0, 13.0, 13.0, 13.0, 13.0, 13.0, 13.0, 13.0, 13.0, 13.0, 13.0, 13.0, 13.0, 13.0, 13.0, 13.0, 13.0, 13.0, 13.0, 13.0, 13.0, 13.0, 13.0, 13.0, 13.0, 13.0, 13.0, 13.0, 13.0, 13.0, 13.0, 13.0, 13.0, 13.0, 13.0, 13.0, 13.0, 13.0, 13.0, 13.0, 13.0, 13.0, 13.0, 13.0, 13.0, 13.0, 13.0, 13.0, 13.0, 13.0, 13.0, 13.0, 13.0, 13.0, 13.0, 13.0, 13.0, 13.0, 13.0, 13.0, 13.0, 13.0, 13.0, 13.0, 13.0, 13.0, 13.0, 13.0, 13.0, 13.0, 13.0, 13.0, 13.0, 13.0, 13.0, 13.0, 13.0, 13.0, 13.0, 13.0, 13.0, 13.0, 13.0, 13.0, 13.0, 13.0, 13.0, 13.0, 13.0, 13.0, 13.0, 13.0, 13.0, 13.0, 13.0, 13.0, 13.0, 13.0, 13.0, 13.0, 13.0, 13.0, 13.0, 13.0, 13.0, 13.0, 13.0, 13.0, 13.0, 13.0, 13.0, 13.0, 13.0, 13.0, 13.0, 13.0, 13.0, 13.0, 13.0, 13.0, 13.0, 13.0, 13.0, 13.0, 13.0, 13.0, 13.0, 13.0, 13.0, 13.0, 13.0, 13.0, 13.0, 13.0, 13.0, 13.0, 13.0, 13.0, 13.0, 13.0, 13.0, 13.0, 13.0, 13.0, 13.0, 13.0, 13.0, 13.0, 13.0, 13.0, 13.0, 13.0, 13.0, 13.0, 13.0, 13.0, 13.0, 13.0, 13.0, 13.0, 13.0, 13.0, 13.0, 13.0, 13.0, 13.0, 13.0, 13.0, 13.0, 13.0, 13.0, 13.0, 13.0, 13.0, 13.0, 13.0, 13.0, 13.0, 13.0, 13.0, 13.0, 13.0, 13.0, 13.0, 13.0, 13.0, 13.0, 13.0, 13.0, 13.0, 13.0, 13.0, 13.0, 13.0, 13.0, 13.0, 13.0, 13.0, 13.0, 13.0, 13.0, 13.0, 13.0, 13.0, 13.0, 13.0, 13.0, 13.0, 13.0, 13.0, 13.0, 13.0, 13.0, 13.0, 13.0, 13.0, 13.0, 13.0, 13.0, 13.0, 13.0, 13.0, 13.0, 13.0, 13.0, 13.0, 13.0, 13.0, 13.0, 13.0, 13.0, 13.0, 13.0, 13.0, 13.0, 13.0, 13.0, 13.0, 13.0, 13.0, 13.0, 13.0, 13.0, 13.0, 13.0, 13.0, 13.0, 13.0, 13.0, 13.0]",COMPLETE
