,number,value,datetime_start,datetime_complete,duration,params_batch_size_scaler,params_constant_learning_rate,params_depth,params_epochs,params_kernel_l2,params_num_trees,params_temperature,user_attrs_accuracy_test,user_attrs_accuracy_valid,user_attrs_approximate_feature_sparsity,user_attrs_approximate_feature_sparsity_history,user_attrs_approximate_weight_sparsity,user_attrs_approximate_weight_sparsity_history,user_attrs_auc_test,user_attrs_auc_valid,user_attrs_feature_sparsity,user_attrs_feature_sparsity_history,user_attrs_num_epochs,user_attrs_val_loss_history,user_attrs_weight_sparsity,user_attrs_weight_sparsity_history,state
102,102,0.7409668817869149,2024-08-31 04:31:53.944419,2024-08-31 04:32:41.493723,0 days 00:00:47.549304,4,0.012935402482436622,4,125,0.06466689095693545,60,0.08806085776115083,0.878,0.8725,33,"[33, 33, 33, 33, 33, 33, 33, 33, 33, 33, 33, 33, 33, 33, 33, 33, 33, 33, 33, 33, 33, 33, 33, 33, 33, 33, 33, 33, 33, 33, 33, 33, 33, 33, 33, 33, 33, 33, 33, 33, 33, 33, 33, 33, 33, 33, 33, 33, 33, 33, 33, 33, 33, 33, 33, 33, 33, 33, 33, 33, 33, 33, 33, 33, 33, 33, 33, 33, 33, 33, 33, 33, 33, 33, 33, 33, 33, 33, 33, 33, 33, 33, 33, 33, 33, 33, 33, 33, 33, 33, 33, 33, 33, 33, 33, 33, 33, 33, 33, 33, 33, 33, 33, 33, 33, 33, 33, 33, 33, 33, 33, 33, 33, 33, 33, 33, 33, 33, 33, 33, 33, 33, 33, 33, 33]",32.952222222222225,"[32.96111111111111, 32.95777777777778, 32.964444444444446, 32.96222222222222, 32.96, 32.94555555555556, 32.95111111111111, 32.96, 32.95666666666667, 32.95666666666667, 32.95333333333333, 32.95777777777778, 32.952222222222225, 32.95222222222222, 32.95777777777778, 32.95666666666667, 32.952222222222225, 32.95888888888889, 32.95777777777778, 32.96666666666667, 32.96888888888889, 32.95888888888889, 32.964444444444446, 32.96555555555556, 32.96666666666667, 32.96555555555556, 32.961111111111116, 32.95777777777778, 32.958888888888886, 32.955555555555556, 32.964444444444446, 32.95333333333333, 32.95444444444445, 32.96222222222222, 32.96222222222222, 32.964444444444446, 32.96222222222222, 32.96333333333334, 32.961111111111116, 32.96888888888889, 32.964444444444446, 32.96222222222222, 32.95666666666667, 32.95777777777778, 32.96333333333334, 32.96, 32.95888888888889, 32.95666666666666, 32.965555555555554, 32.96666666666667, 32.96333333333334, 32.967777777777776, 32.95888888888889, 32.955555555555556, 32.96, 32.95, 32.96, 32.95777777777778, 32.95666666666667, 32.961111111111116, 32.95444444444445, 32.95777777777778, 32.952222222222225, 32.96333333333334, 32.96333333333334, 32.96333333333334, 32.96555555555556, 32.96666666666667, 32.96, 32.95888888888889, 32.961111111111116, 32.961111111111116, 32.96222222222222, 32.96222222222222, 32.96666666666667, 32.96222222222222, 32.96666666666667, 32.96, 32.95777777777778, 32.96222222222222, 32.96, 32.96666666666667, 32.96333333333334, 32.96888888888889, 32.96777777777778, 32.96, 32.961111111111116, 32.96222222222222, 32.96777777777778, 32.971111111111114, 32.973333333333336, 32.96888888888889, 32.96555555555556, 32.96666666666667, 32.96333333333334, 32.961111111111116, 32.96222222222222, 32.95888888888889, 32.95888888888889, 32.955555555555556, 32.95777777777778, 32.95222222222222, 32.95777777777778, 32.96, 32.96222222222222, 32.95888888888889, 32.95777777777778, 32.96, 32.95444444444445, 32.95222222222222, 32.94666666666667, 32.94888888888889, 32.946666666666665, 32.946666666666665, 32.95444444444445, 32.95, 32.95666666666666, 32.955555555555556, 32.95666666666666, 32.95222222222222, 32.95444444444445, 32.95777777777778, 32.95666666666666, 32.955555555555556, 32.952222222222225]",0.7748577844929367,0.7409668817869149,33,"[33, 33, 33, 33, 33, 33, 33, 33, 33, 33, 33, 33, 33, 33, 33, 33, 33, 33, 33, 33, 33, 33, 33, 33, 33, 33, 33, 33, 33, 33, 33, 33, 33, 33, 33, 33, 33, 33, 33, 33, 33, 33, 33, 33, 33, 33, 33, 33, 33, 33, 33, 33, 33, 33, 33, 33, 33, 33, 33, 33, 33, 33, 33, 33, 33, 33, 33, 33, 33, 33, 33, 33, 33, 33, 33, 33, 33, 33, 33, 33, 33, 33, 33, 33, 33, 33, 33, 33, 33, 33, 33, 33, 33, 33, 33, 33, 33, 33, 33, 33, 33, 33, 33, 33, 33, 33, 33, 33, 33, 33, 33, 33, 33, 33, 33, 33, 33, 33, 33, 33, 33, 33, 33, 33, 33]",125,"[0.4492003619670868, 0.4135701656341553, 0.4052205979824066, 0.4020761549472809, 0.400027871131897, 0.3983280658721924, 0.39678019285202026, 0.395348459482193, 0.3940465450286865, 0.3928282558917999, 0.3916776776313782, 0.3905760645866394, 0.38954856991767883, 0.3885912001132965, 0.387662798166275, 0.38681572675704956, 0.3860054910182953, 0.38523101806640625, 0.3845142126083374, 0.3838471472263336, 0.38317885994911194, 0.38254573941230774, 0.38193854689598083, 0.38135895133018494, 0.38083702325820923, 0.38026562333106995, 0.37975504994392395, 0.37923306226730347, 0.3787707984447479, 0.3783280551433563, 0.37790051102638245, 0.3774719536304474, 0.3770733177661896, 0.3766619861125946, 0.37626487016677856, 0.37591472268104553, 0.3755568563938141, 0.37519213557243347, 0.37482646107673645, 0.3744846284389496, 0.3741564452648163, 0.37382277846336365, 0.3735218346118927, 0.3731941282749176, 0.37286442518234253, 0.37253695726394653, 0.3722371757030487, 0.37194740772247314, 0.37167108058929443, 0.37135687470436096, 0.37110966444015503, 0.3707941174507141, 0.37052711844444275, 0.37028199434280396, 0.36997467279434204, 0.3697281777858734, 0.3694564700126648, 0.36917269229888916, 0.36887913942337036, 0.36860692501068115, 0.3683546483516693, 0.3681544363498688, 0.36785125732421875, 0.3676196038722992, 0.36736351251602173, 0.3670916259288788, 0.3668561279773712, 0.3665873408317566, 0.3663242757320404, 0.36607182025909424, 0.36580684781074524, 0.36555689573287964, 0.36531829833984375, 0.36513420939445496, 0.36490359902381897, 0.3646920323371887, 0.364406019449234, 0.36417242884635925, 0.36390990018844604, 0.36363929510116577, 0.36340057849884033, 0.36318081617355347, 0.36292943358421326, 0.36271214485168457, 0.3624849021434784, 0.3622407913208008, 0.3620670437812805, 0.3617551028728485, 0.3614742159843445, 0.3612895905971527, 0.36104145646095276, 0.36080455780029297, 0.36053675413131714, 0.360336571931839, 0.36009928584098816, 0.3598633110523224, 0.35962092876434326, 0.359404981136322, 0.35917964577674866, 0.3589656352996826, 0.3586944341659546, 0.3584945797920227, 0.35830867290496826, 0.358087956905365, 0.35782137513160706, 0.3575863242149353, 0.35737982392311096, 0.3571595847606659, 0.35691583156585693, 0.35669001936912537, 0.3564619719982147, 0.3563053607940674, 0.3560560643672943, 0.35583123564720154, 0.3556218445301056, 0.35539206862449646, 0.35515522956848145, 0.35494479537010193, 0.35473519563674927, 0.35449522733688354, 0.35424602031707764, 0.35401976108551025, 0.35383495688438416, 0.3536502718925476, 0.35341253876686096]",33.0,"[33.0, 33.0, 33.0, 33.0, 33.0, 33.0, 33.0, 33.0, 33.0, 33.0, 33.0, 33.0, 33.0, 33.0, 33.0, 33.0, 33.0, 33.0, 33.0, 33.0, 33.0, 33.0, 33.0, 33.0, 33.0, 33.0, 33.0, 33.0, 33.0, 33.0, 33.0, 33.0, 33.0, 33.0, 33.0, 33.0, 33.0, 33.0, 33.0, 33.0, 33.0, 33.0, 33.0, 33.0, 33.0, 33.0, 33.0, 33.0, 33.0, 33.0, 33.0, 33.0, 33.0, 33.0, 33.0, 33.0, 33.0, 33.0, 33.0, 33.0, 33.0, 33.0, 33.0, 33.0, 33.0, 33.0, 33.0, 33.0, 33.0, 33.0, 33.0, 33.0, 33.0, 33.0, 33.0, 33.0, 33.0, 33.0, 33.0, 33.0, 33.0, 33.0, 33.0, 33.0, 33.0, 33.0, 33.0, 33.0, 33.0, 33.0, 33.0, 33.0, 33.0, 33.0, 33.0, 33.0, 33.0, 33.0, 33.0, 33.0, 33.0, 33.0, 33.0, 33.0, 33.0, 33.0, 33.0, 33.0, 33.0, 33.0, 33.0, 33.0, 33.0, 33.0, 33.0, 33.0, 33.0, 33.0, 33.0, 33.0, 33.0, 33.0, 33.0, 33.0, 33.0]",COMPLETE
103,103,0.6959590885084566,2024-08-31 04:32:46.734099,2024-08-31 04:33:39.700651,0 days 00:00:52.966552,16,0.02433920495464602,5,65,0.0018766088201210994,18,0.00760101139108902,0.859,0.85875,33,"[33, 33, 33, 33, 33, 33, 33, 33, 33, 33, 33, 33, 33, 33, 33, 33, 33, 33, 33, 33, 33, 33, 33, 33, 33, 33, 33, 33, 33, 33, 33, 33, 33, 33, 33, 33, 33, 33, 33, 33, 33, 33, 33, 33, 33, 33, 33, 33, 33, 33, 33, 33, 33, 33, 33, 33, 33, 33, 33, 33, 33, 33, 33, 33, 33]",32.96594982078853,"[32.96953405017921, 32.96953405017921, 32.96415770609319, 32.95519713261649, 32.96057347670251, 32.96415770609319, 32.96774193548387, 32.97670250896057, 32.97849462365591, 32.98028673835125, 32.973118279569896, 32.96594982078853, 32.96953405017921, 32.98028673835125, 32.971326164874554, 32.97670250896057, 32.971326164874554, 32.971326164874554, 32.96953405017921, 32.97491039426523, 32.97849462365592, 32.96953405017921, 32.971326164874554, 32.97849462365592, 32.982078853046595, 32.98028673835125, 32.97491039426524, 32.96774193548387, 32.97491039426524, 32.97311827956989, 32.97670250896058, 32.982078853046595, 32.982078853046595, 32.96953405017921, 32.971326164874554, 32.971326164874554, 32.97491039426524, 32.973118279569896, 32.96774193548387, 32.96594982078853, 32.96953405017921, 32.971326164874554, 32.97670250896057, 32.97491039426523, 32.96953405017921, 32.96236559139785, 32.96594982078853, 32.96415770609319, 32.96594982078853, 32.97670250896058, 32.97491039426524, 32.97849462365592, 32.97849462365591, 32.97849462365591, 32.96953405017921, 32.96415770609319, 32.96415770609319, 32.971326164874554, 32.971326164874554, 32.97311827956989, 32.973118279569896, 32.971326164874554, 32.96774193548387, 32.96774193548387, 32.96594982078853]",0.7231978467457625,0.6959590885084566,33,"[33, 33, 33, 33, 33, 33, 33, 33, 33, 33, 33, 33, 33, 33, 33, 33, 33, 33, 33, 33, 33, 33, 33, 33, 33, 33, 33, 33, 33, 33, 33, 33, 33, 33, 33, 33, 33, 33, 33, 33, 33, 33, 33, 33, 33, 33, 33, 33, 33, 33, 33, 33, 33, 33, 33, 33, 33, 33, 33, 33, 33, 33, 33, 33, 33]",65,"[0.564430832862854, 0.5333943963050842, 0.5088045001029968, 0.4890840947628021, 0.47316282987594604, 0.46037471294403076, 0.449889600276947, 0.4411611258983612, 0.433956116437912, 0.4278965890407562, 0.42285194993019104, 0.41851353645324707, 0.4147944152355194, 0.41148054599761963, 0.4086815118789673, 0.4061847925186157, 0.4039961099624634, 0.40210631489753723, 0.4004063904285431, 0.3988688290119171, 0.397515207529068, 0.3962758183479309, 0.3951633870601654, 0.39415913820266724, 0.3932201862335205, 0.3923396170139313, 0.3915259540081024, 0.3907659947872162, 0.3900623321533203, 0.3894146680831909, 0.3887905478477478, 0.38820067048072815, 0.3876439034938812, 0.38711193203926086, 0.38661184906959534, 0.38610732555389404, 0.3856423497200012, 0.3851921558380127, 0.3847634196281433, 0.38432231545448303, 0.3839024603366852, 0.3834938406944275, 0.38311707973480225, 0.38274383544921875, 0.38237759470939636, 0.3820208013057709, 0.38167282938957214, 0.38133636116981506, 0.3810013234615326, 0.38066035509109497, 0.38033244013786316, 0.38001173734664917, 0.3796989917755127, 0.37938621640205383, 0.3790832459926605, 0.37879806756973267, 0.3785114586353302, 0.3782239556312561, 0.37796086072921753, 0.3776983916759491, 0.3774310052394867, 0.37717464566230774, 0.376926451921463, 0.37668582797050476, 0.37643471360206604]",33.0,"[33.0, 33.0, 33.0, 33.0, 33.0, 33.0, 33.0, 33.0, 33.0, 33.0, 33.0, 33.0, 33.0, 33.0, 33.0, 33.0, 33.0, 33.0, 33.0, 33.0, 33.0, 33.0, 33.0, 33.0, 33.0, 33.0, 33.0, 33.0, 33.0, 33.0, 33.0, 33.0, 33.0, 33.0, 33.0, 33.0, 33.0, 33.0, 33.0, 33.0, 33.0, 33.0, 33.0, 33.0, 33.0, 33.0, 33.0, 33.0, 33.0, 33.0, 33.0, 33.0, 33.0, 33.0, 33.0, 33.0, 33.0, 33.0, 33.0, 33.0, 33.0, 33.0, 33.0, 33.0, 33.0]",COMPLETE
