,number,value,datetime_start,datetime_complete,duration,params_batch_size_scaler,params_constant_learning_rate,params_depth,params_epochs,params_kernel_l2,params_num_trees,params_temperature,user_attrs_accuracy_test,user_attrs_accuracy_valid,user_attrs_approximate_feature_sparsity,user_attrs_approximate_feature_sparsity_history,user_attrs_approximate_weight_sparsity,user_attrs_approximate_weight_sparsity_history,user_attrs_auc_test,user_attrs_auc_valid,user_attrs_feature_sparsity,user_attrs_feature_sparsity_history,user_attrs_num_epochs,user_attrs_val_loss_history,user_attrs_weight_sparsity,user_attrs_weight_sparsity_history,state
30,30,0.7031340572709357,2024-08-31 01:59:20.805862,2024-08-31 02:00:24.136438,0 days 00:01:03.330576,64,0.01390976004321784,4,450,0.2946702794635385,39,0.00673224516569129,0.86,0.85875,33,"[33, 33, 33, 33, 33, 33, 33, 33, 33, 33, 33, 33, 33, 33, 33, 33, 33, 33, 33, 33, 33, 33, 33, 33, 33, 33, 33, 33, 33, 33, 33, 33, 33, 33, 33, 33, 33, 33, 33, 33, 33, 33, 33, 33, 33, 33, 33, 33, 33, 33, 33, 33, 33, 33, 33, 33, 33, 33, 33, 33, 33, 33, 33, 33, 33, 33, 33, 33, 33, 33, 33, 33, 33, 33, 33, 33, 33, 33, 33, 33, 33, 33, 33, 33, 33, 33, 33, 33, 33, 33, 33, 33, 33, 33, 33, 33, 33, 33, 33, 33, 33, 33, 33, 33, 33, 33, 33, 33, 33, 33, 33, 33, 33, 33, 33, 33, 33, 33, 33, 33, 33, 33, 33, 33, 33, 33, 33, 33, 33, 33, 33, 33, 33, 33, 33, 33, 33, 33, 33, 33, 33, 33, 33, 33, 33, 33, 33, 33, 33, 33, 33, 33, 33, 33, 33, 33, 33, 33, 33, 33, 33, 33, 33, 33, 33, 33, 33, 33, 33, 33, 33, 33, 33, 33, 33, 33, 33, 33, 33, 33, 33, 33, 33, 33, 33, 33, 33, 33, 33, 33, 33, 33, 33, 33, 33, 33, 33, 33, 33, 33, 33, 33, 33, 33, 33, 33, 33, 33, 33, 33, 33, 33, 33, 33, 33, 33, 33, 33, 33, 33, 33, 33, 33, 33, 33, 33, 33, 33, 33, 33, 33, 33, 33, 33, 33, 33, 33, 33, 33, 33, 33, 33, 33, 33, 33, 33, 33, 33, 33, 33, 33, 33, 33, 33, 33, 33, 33, 33, 33, 33, 33, 33, 33, 33, 33, 33, 33, 33, 33, 33, 33, 33, 33, 33, 33, 33, 33, 33, 33, 33, 33, 33, 33, 33, 33, 33, 33, 33, 33, 33, 33, 33, 33, 33, 33, 33, 33, 33, 33, 33, 33, 33, 33, 33, 33, 33, 33, 33, 33, 33, 33, 33, 33, 33, 33, 33, 33, 33, 33, 33, 33, 33, 33, 33, 33, 33, 33, 33, 33, 33, 33, 33, 33, 33, 33, 33, 33, 33, 33, 33, 33, 33, 33, 33, 33, 33, 33, 33, 33, 33, 33, 33, 33, 33, 33, 33, 33, 33, 33, 33, 33, 33, 33, 33, 33, 33, 33, 33, 33, 33, 33, 33, 33, 33, 33, 33, 33, 33, 33, 33, 33, 33, 33, 33, 33, 33, 33, 33, 33, 33, 33, 33, 33, 33, 33, 33, 33, 33, 33, 33, 33, 33, 33, 33, 33, 33, 33, 33, 33, 33, 33, 33, 33, 33, 33, 33, 33, 33, 33, 33, 33, 33, 33, 33, 33, 33, 33, 33, 33, 33, 33, 33, 33, 33, 33, 33, 33, 33, 33, 33, 33, 33, 33, 33, 33, 33, 33, 33, 33, 33]",32.960683760683764,"[32.965811965811966, 32.96239316239316, 32.95897435897436, 32.95213675213675, 32.95384615384616, 32.96410256410256, 32.960683760683764, 32.96410256410256, 32.960683760683764, 32.95897435897436, 32.960683760683764, 32.96410256410256, 32.96239316239316, 32.965811965811966, 32.965811965811966, 32.965811965811966, 32.96752136752137, 32.960683760683764, 32.96410256410256, 32.960683760683764, 32.957264957264954, 32.95897435897436, 32.955555555555556, 32.96410256410256, 32.96923076923077, 32.97264957264957, 32.97435897435898, 32.977777777777774, 32.977777777777774, 32.977777777777774, 32.97435897435898, 32.96410256410256, 32.96410256410256, 32.965811965811966, 32.96752136752137, 32.96752136752137, 32.96410256410256, 32.965811965811966, 32.96239316239316, 32.960683760683764, 32.957264957264954, 32.95897435897436, 32.960683760683764, 32.95384615384616, 32.94700854700855, 32.94358974358974, 32.95042735042735, 32.94700854700855, 32.945299145299145, 32.945299145299145, 32.94358974358974, 32.94188034188034, 32.94871794871795, 32.955555555555556, 32.95213675213675, 32.95213675213675, 32.955555555555556, 32.957264957264954, 32.95897435897436, 32.957264957264954, 32.95213675213675, 32.955555555555556, 32.95384615384616, 32.95042735042735, 32.95384615384616, 32.95042735042735, 32.95384615384616, 32.955555555555556, 32.95897435897436, 32.95897435897436, 32.95384615384616, 32.955555555555556, 32.95042735042735, 32.94700854700855, 32.940170940170944, 32.94188034188034, 32.93846153846154, 32.93675213675213, 32.935042735042735, 32.93675213675213, 32.93333333333334, 32.93162393162393, 32.93675213675213, 32.93333333333334, 32.93846153846154, 32.94358974358974, 32.940170940170944, 32.940170940170944, 32.94188034188034, 32.94358974358974, 32.94700854700855, 32.95213675213675, 32.94871794871795, 32.94700854700855, 32.95384615384616, 32.955555555555556, 32.95213675213675, 32.95213675213675, 32.955555555555556, 32.95897435897436, 32.960683760683764, 32.960683760683764, 32.95897435897436, 32.957264957264954, 32.960683760683764, 32.957264957264954, 32.95897435897436, 32.960683760683764, 32.96239316239316, 32.96410256410256, 32.96410256410256, 32.96239316239316, 32.960683760683764, 32.96239316239316, 32.96239316239316, 32.96239316239316, 32.96239316239316, 32.96239316239316, 32.96239316239316, 32.96239316239316, 32.96239316239316, 32.96923076923077, 32.965811965811966, 32.965811965811966, 32.96410256410256, 32.96239316239316, 32.960683760683764, 32.96410256410256, 32.960683760683764, 32.95897435897436, 32.95897435897436, 32.957264957264954, 32.95897435897436, 32.955555555555556, 32.95384615384616, 32.95213675213675, 32.95042735042735, 32.94871794871795, 32.95213675213675, 32.94871794871795, 32.94871794871795, 32.94871794871795, 32.94700854700855, 32.95042735042735, 32.955555555555556, 32.95897435897436, 32.960683760683764, 32.960683760683764, 32.960683760683764, 32.957264957264954, 32.955555555555556, 32.95384615384616, 32.95384615384616, 32.95384615384616, 32.957264957264954, 32.95213675213675, 32.95213675213675, 32.95213675213675, 32.95384615384616, 32.95213675213675, 32.95213675213675, 32.94871794871795, 32.94358974358974, 32.945299145299145, 32.94700854700855, 32.95042735042735, 32.95042735042735, 32.95213675213675, 32.95384615384616, 32.95042735042735, 32.95042735042735, 32.94700854700855, 32.94700854700855, 32.94871794871795, 32.95042735042735, 32.95042735042735, 32.95042735042735, 32.95213675213675, 32.94871794871795, 32.94700854700855, 32.95042735042735, 32.95042735042735, 32.95213675213675, 32.95213675213675, 32.95384615384616, 32.95384615384616, 32.95384615384616, 32.95384615384616, 32.95384615384616, 32.955555555555556, 32.955555555555556, 32.95897435897436, 32.957264957264954, 32.95897435897436, 32.957264957264954, 32.955555555555556, 32.95384615384616, 32.95384615384616, 32.95042735042735, 32.95042735042735, 32.94871794871795, 32.95042735042735, 32.94700854700855, 32.95042735042735, 32.94871794871795, 32.94871794871795, 32.95213675213675, 32.955555555555556, 32.95897435897436, 32.957264957264954, 32.960683760683764, 32.95897435897436, 32.95897435897436, 32.95897435897436, 32.96239316239316, 32.960683760683764, 32.960683760683764, 32.957264957264954, 32.960683760683764, 32.957264957264954, 32.957264957264954, 32.95897435897436, 32.960683760683764, 32.960683760683764, 32.960683760683764, 32.96410256410256, 32.96239316239316, 32.96410256410256, 32.96410256410256, 32.96239316239316, 32.96239316239316, 32.965811965811966, 32.96239316239316, 32.960683760683764, 32.955555555555556, 32.95384615384616, 32.95213675213675, 32.95384615384616, 32.95384615384616, 32.95384615384616, 32.95213675213675, 32.955555555555556, 32.960683760683764, 32.960683760683764, 32.960683760683764, 32.960683760683764, 32.955555555555556, 32.955555555555556, 32.95213675213675, 32.95042735042735, 32.95042735042735, 32.95042735042735, 32.95042735042735, 32.95213675213675, 32.95213675213675, 32.95042735042735, 32.95213675213675, 32.955555555555556, 32.95897435897436, 32.957264957264954, 32.957264957264954, 32.960683760683764, 32.960683760683764, 32.960683760683764, 32.96239316239316, 32.96239316239316, 32.96410256410256, 32.96410256410256, 32.96752136752137, 32.96923076923077, 32.96923076923077, 32.965811965811966, 32.96752136752137, 32.96923076923077, 32.96752136752137, 32.96923076923077, 32.97264957264957, 32.97094017094017, 32.96923076923077, 32.96923076923077, 32.97094017094017, 32.97094017094017, 32.97264957264957, 32.97094017094017, 32.96923076923077, 32.965811965811966, 32.96752136752137, 32.96752136752137, 32.965811965811966, 32.965811965811966, 32.96752136752137, 32.965811965811966, 32.96410256410256, 32.960683760683764, 32.96239316239316, 32.957264957264954, 32.95897435897436, 32.95897435897436, 32.96239316239316, 32.96239316239316, 32.96239316239316, 32.95897435897436, 32.960683760683764, 32.96239316239316, 32.96410256410256, 32.965811965811966, 32.965811965811966, 32.96239316239316, 32.96410256410256, 32.960683760683764, 32.960683760683764, 32.960683760683764, 32.96239316239316, 32.96923076923077, 32.96923076923077, 32.96923076923077, 32.96923076923077, 32.96923076923077, 32.96752136752137, 32.96752136752137, 32.96923076923077, 32.965811965811966, 32.96239316239316, 32.96239316239316, 32.96239316239316, 32.96239316239316, 32.960683760683764, 32.960683760683764, 32.95897435897436, 32.960683760683764, 32.95897435897436, 32.95897435897436, 32.955555555555556, 32.95897435897436, 32.957264957264954, 32.957264957264954, 32.955555555555556, 32.957264957264954, 32.95384615384616, 32.955555555555556, 32.960683760683764, 32.95897435897436, 32.957264957264954, 32.95897435897436, 32.957264957264954, 32.95897435897436, 32.960683760683764, 32.960683760683764, 32.960683760683764, 32.96410256410256, 32.960683760683764, 32.96410256410256, 32.96410256410256, 32.96239316239316, 32.960683760683764, 32.95384615384616, 32.95213675213675, 32.95384615384616, 32.95384615384616, 32.957264957264954, 32.95897435897436, 32.960683760683764, 32.95897435897436, 32.957264957264954, 32.95897435897436, 32.95897435897436, 32.960683760683764, 32.960683760683764, 32.960683760683764, 32.965811965811966, 32.96923076923077, 32.96752136752137, 32.97094017094017, 32.96752136752137, 32.96923076923077, 32.96239316239316, 32.96239316239316, 32.960683760683764, 32.960683760683764, 32.960683760683764, 32.96239316239316, 32.960683760683764, 32.960683760683764, 32.960683760683764, 32.96239316239316, 32.95897435897436, 32.960683760683764, 32.96410256410256, 32.96410256410256, 32.96239316239316, 32.960683760683764, 32.960683760683764, 32.960683760683764, 32.96239316239316, 32.960683760683764, 32.960683760683764, 32.95897435897436, 32.95897435897436, 32.957264957264954, 32.957264957264954, 32.95897435897436, 32.957264957264954, 32.95897435897436, 32.96410256410256, 32.96239316239316, 32.96239316239316, 32.96239316239316, 32.96239316239316, 32.96239316239316, 32.96410256410256, 32.96410256410256, 32.965811965811966, 32.965811965811966, 32.965811965811966, 32.96239316239316, 32.96410256410256, 32.960683760683764, 32.960683760683764, 32.96239316239316, 32.96410256410256, 32.965811965811966, 32.96752136752137, 32.965811965811966, 32.96410256410256, 32.96410256410256, 32.96410256410256, 32.96239316239316, 32.96239316239316, 32.96410256410256, 32.96752136752137, 32.96410256410256, 32.965811965811966, 32.965811965811966, 32.97094017094017, 32.97094017094017, 32.96752136752137, 32.96410256410256, 32.965811965811966, 32.965811965811966, 32.965811965811966, 32.965811965811966, 32.965811965811966, 32.965811965811966, 32.965811965811966, 32.960683760683764, 32.960683760683764, 32.960683760683764, 32.960683760683764, 32.95897435897436, 32.960683760683764]",0.7359043585234356,0.7031340572709357,33,"[33, 33, 33, 33, 33, 33, 33, 33, 33, 33, 33, 33, 33, 33, 33, 33, 33, 33, 33, 33, 33, 33, 33, 33, 33, 33, 33, 33, 33, 33, 33, 33, 33, 33, 33, 33, 33, 33, 33, 33, 33, 33, 33, 33, 33, 33, 33, 33, 33, 33, 33, 33, 33, 33, 33, 33, 33, 33, 33, 33, 33, 33, 33, 33, 33, 33, 33, 33, 33, 33, 33, 33, 33, 33, 33, 33, 33, 33, 33, 33, 33, 33, 33, 33, 33, 33, 33, 33, 33, 33, 33, 33, 33, 33, 33, 33, 33, 33, 33, 33, 33, 33, 33, 33, 33, 33, 33, 33, 33, 33, 33, 33, 33, 33, 33, 33, 33, 33, 33, 33, 33, 33, 33, 33, 33, 33, 33, 33, 33, 33, 33, 33, 33, 33, 33, 33, 33, 33, 33, 33, 33, 33, 33, 33, 33, 33, 33, 33, 33, 33, 33, 33, 33, 33, 33, 33, 33, 33, 33, 33, 33, 33, 33, 33, 33, 33, 33, 33, 33, 33, 33, 33, 33, 33, 33, 33, 33, 33, 33, 33, 33, 33, 33, 33, 33, 33, 33, 33, 33, 33, 33, 33, 33, 33, 33, 33, 33, 33, 33, 33, 33, 33, 33, 33, 33, 33, 33, 33, 33, 33, 33, 33, 33, 33, 33, 33, 33, 33, 33, 33, 33, 33, 33, 33, 33, 33, 33, 33, 33, 33, 33, 33, 33, 33, 33, 33, 33, 33, 33, 33, 33, 33, 33, 33, 33, 33, 33, 33, 33, 33, 33, 33, 33, 33, 33, 33, 33, 33, 33, 33, 33, 33, 33, 33, 33, 33, 33, 33, 33, 33, 33, 33, 33, 33, 33, 33, 33, 33, 33, 33, 33, 33, 33, 33, 33, 33, 33, 33, 33, 33, 33, 33, 33, 33, 33, 33, 33, 33, 33, 33, 33, 33, 33, 33, 33, 33, 33, 33, 33, 33, 33, 33, 33, 33, 33, 33, 33, 33, 33, 33, 33, 33, 33, 33, 33, 33, 33, 33, 33, 33, 33, 33, 33, 33, 33, 33, 33, 33, 33, 33, 33, 33, 33, 33, 33, 33, 33, 33, 33, 33, 33, 33, 33, 33, 33, 33, 33, 33, 33, 33, 33, 33, 33, 33, 33, 33, 33, 33, 33, 33, 33, 33, 33, 33, 33, 33, 33, 33, 33, 33, 33, 33, 33, 33, 33, 33, 33, 33, 33, 33, 33, 33, 33, 33, 33, 33, 33, 33, 33, 33, 33, 33, 33, 33, 33, 33, 33, 33, 33, 33, 33, 33, 33, 33, 33, 33, 33, 33, 33, 33, 33, 33, 33, 33, 33, 33, 33, 33, 33, 33, 33, 33, 33, 33, 33, 33, 33, 33, 33, 33, 33, 33, 33, 33, 33, 33, 33, 33, 33, 33]",450,"[0.6857492923736572, 0.6526274681091309, 0.6252384781837463, 0.6014907360076904, 0.5814515352249146, 0.5631857514381409, 0.5473225712776184, 0.5343157649040222, 0.5226742625236511, 0.5127542018890381, 0.5042113065719604, 0.4970662593841553, 0.4898499548435211, 0.4833029806613922, 0.47802719473838806, 0.4734114706516266, 0.46951115131378174, 0.46602749824523926, 0.46251314878463745, 0.4592159390449524, 0.4564434885978699, 0.45373982191085815, 0.451480507850647, 0.4493786692619324, 0.44747039675712585, 0.44570791721343994, 0.4442484676837921, 0.4427943527698517, 0.4413958489894867, 0.44001778960227966, 0.43889525532722473, 0.4380238652229309, 0.4370735287666321, 0.4365030527114868, 0.435762494802475, 0.434907466173172, 0.43410855531692505, 0.43335556983947754, 0.43275582790374756, 0.4323265552520752, 0.43174389004707336, 0.43114161491394043, 0.43064406514167786, 0.43024054169654846, 0.42993780970573425, 0.4295278489589691, 0.429153174161911, 0.4287775754928589, 0.4285152554512024, 0.4281592071056366, 0.42793476581573486, 0.4276856482028961, 0.42730915546417236, 0.42703473567962646, 0.42676085233688354, 0.4264703094959259, 0.4261866509914398, 0.4259660243988037, 0.4257514178752899, 0.42556965351104736, 0.4254080653190613, 0.42522135376930237, 0.42502203583717346, 0.42481666803359985, 0.42465996742248535, 0.42450156807899475, 0.42433062195777893, 0.4241035580635071, 0.42390960454940796, 0.4236977696418762, 0.4235213100910187, 0.4233768880367279, 0.4232334494590759, 0.42304664850234985, 0.4228981137275696, 0.42274677753448486, 0.42258307337760925, 0.4223945736885071, 0.4222477078437805, 0.42211365699768066, 0.4219428300857544, 0.4217815697193146, 0.42165786027908325, 0.42153578996658325, 0.4213886559009552, 0.42123791575431824, 0.42110827565193176, 0.4209807515144348, 0.4208703339099884, 0.4207274317741394, 0.4205920696258545, 0.4204738736152649, 0.4203295409679413, 0.4201822578907013, 0.4200439751148224, 0.41989192366600037, 0.419776052236557, 0.4196404218673706, 0.4195021688938141, 0.4193752408027649, 0.4192374348640442, 0.41910094022750854, 0.4189804494380951, 0.41883084177970886, 0.4186912775039673, 0.41856059432029724, 0.41844063997268677, 0.418314665555954, 0.41818514466285706, 0.41807812452316284, 0.4179500341415405, 0.4178537428379059, 0.41773855686187744, 0.41762274503707886, 0.41750040650367737, 0.41735824942588806, 0.41725149750709534, 0.4171335697174072, 0.41702669858932495, 0.4169210195541382, 0.4168103337287903, 0.416681706905365, 0.4165906608104706, 0.4164714813232422, 0.4163690209388733, 0.4162752032279968, 0.4161832928657532, 0.41607460379600525, 0.4159742593765259, 0.41588711738586426, 0.4157754182815552, 0.4156644344329834, 0.41554439067840576, 0.4154263436794281, 0.4153200089931488, 0.41522231698036194, 0.4151332974433899, 0.4150271713733673, 0.4149206280708313, 0.4148258864879608, 0.4147050082683563, 0.41459575295448303, 0.4144844114780426, 0.41437655687332153, 0.4142763912677765, 0.41419124603271484, 0.41410404443740845, 0.4140171706676483, 0.4139264225959778, 0.4138392508029938, 0.4137697219848633, 0.41367000341415405, 0.41358184814453125, 0.41348618268966675, 0.4133845269680023, 0.41331565380096436, 0.41323745250701904, 0.4131361246109009, 0.41305360198020935, 0.41296184062957764, 0.4128694236278534, 0.41277968883514404, 0.41267329454421997, 0.4125886559486389, 0.41250544786453247, 0.4124296307563782, 0.41235533356666565, 0.412278413772583, 0.4122160077095032, 0.41212329268455505, 0.4120273292064667, 0.4119374752044678, 0.41183745861053467, 0.4117569625377655, 0.41168147325515747, 0.41160860657691956, 0.41152966022491455, 0.4114244878292084, 0.41135936975479126, 0.4112655222415924, 0.41118964552879333, 0.4110991358757019, 0.4110102355480194, 0.4109269082546234, 0.41084641218185425, 0.41077736020088196, 0.410702109336853, 0.41063132882118225, 0.4105511009693146, 0.4104872941970825, 0.41042786836624146, 0.4103599786758423, 0.41028648614883423, 0.41022029519081116, 0.4101749062538147, 0.41008636355400085, 0.4100314676761627, 0.409966379404068, 0.40991753339767456, 0.4098232686519623, 0.40972352027893066, 0.40964844822883606, 0.40957728028297424, 0.4095030128955841, 0.4094216525554657, 0.4093436300754547, 0.40926700830459595, 0.40918856859207153, 0.40912601351737976, 0.40902605652809143, 0.4089576303958893, 0.40889063477516174, 0.40884777903556824, 0.4087836742401123, 0.4087054133415222, 0.4086254835128784, 0.40857556462287903, 0.40852248668670654, 0.4084669053554535, 0.40838372707366943, 0.408311128616333, 0.4082375764846802, 0.4081602990627289, 0.4080863893032074, 0.4080255627632141, 0.4079631567001343, 0.4078904092311859, 0.4078162908554077, 0.4077214300632477, 0.40768012404441833, 0.4076084792613983, 0.40754085779190063, 0.4074772894382477, 0.4074137210845947, 0.4073488116264343, 0.40728312730789185, 0.4072311818599701, 0.40716275572776794, 0.40709662437438965, 0.40701043605804443, 0.40694981813430786, 0.40687310695648193, 0.4067821502685547, 0.4067268371582031, 0.4066585302352905, 0.4066062569618225, 0.40654289722442627, 0.4064665734767914, 0.4064124822616577, 0.406363844871521, 0.40631571412086487, 0.40625235438346863, 0.4061991572380066, 0.40613049268722534, 0.40606576204299927, 0.40600594878196716, 0.4059506356716156, 0.40589699149131775, 0.4058462977409363, 0.4057845175266266, 0.4057177007198334, 0.40564101934432983, 0.40556126832962036, 0.40549030900001526, 0.40541699528694153, 0.4053563177585602, 0.4052952229976654, 0.40523219108581543, 0.40517932176589966, 0.4051285684108734, 0.40507641434669495, 0.4050321578979492, 0.40498217940330505, 0.40491870045661926, 0.40484949946403503, 0.4048004448413849, 0.4047659933567047, 0.4047068655490875, 0.4046376049518585, 0.4045904278755188, 0.40455010533332825, 0.404491662979126, 0.40443238615989685, 0.4043956995010376, 0.40434369444847107, 0.40429532527923584, 0.4042411148548126, 0.4041714072227478, 0.40411311388015747, 0.40405550599098206, 0.4040079414844513, 0.4039542078971863, 0.4039168059825897, 0.40387874841690063, 0.4038127660751343, 0.4037490487098694, 0.4037078619003296, 0.40365082025527954, 0.40359798073768616, 0.40354079008102417, 0.4034940302371979, 0.40342843532562256, 0.4033796191215515, 0.4033326208591461, 0.40327757596969604, 0.40321648120880127, 0.4031577408313751, 0.403099924325943, 0.4030471444129944, 0.40298324823379517, 0.4029262661933899, 0.4028925597667694, 0.40284547209739685, 0.40278252959251404, 0.40275660157203674, 0.40269964933395386, 0.40264320373535156, 0.40257471799850464, 0.40252143144607544, 0.4024886190891266, 0.40244385600090027, 0.4023948013782501, 0.4023623764514923, 0.40231209993362427, 0.4022676348686218, 0.4022245705127716, 0.40216800570487976, 0.4021197259426117, 0.40207356214523315, 0.40200987458229065, 0.40196582674980164, 0.4019131064414978, 0.4018782675266266, 0.40182116627693176, 0.4017672836780548, 0.4017024636268616, 0.4016609191894531, 0.40162476897239685, 0.4015647768974304, 0.4015287160873413, 0.4014926552772522, 0.40146514773368835, 0.40140095353126526, 0.4013436436653137, 0.4012939929962158, 0.40128234028816223, 0.40124398469924927, 0.4012071192264557, 0.40116196870803833, 0.401124507188797, 0.40105560421943665, 0.4009917974472046, 0.4009464383125305, 0.4009198248386383, 0.40088120102882385, 0.4008607566356659, 0.4008047580718994, 0.40077999234199524, 0.4007395803928375, 0.4006873071193695, 0.40064048767089844, 0.4005996584892273, 0.40053847432136536, 0.4004850685596466, 0.4004192054271698, 0.40037623047828674, 0.4003269672393799, 0.40029510855674744, 0.40024906396865845, 0.4001922607421875, 0.4001467823982239, 0.40010833740234375, 0.4000715911388397, 0.4000234305858612, 0.3999919891357422, 0.3999609053134918, 0.39993342757225037, 0.3999123275279999, 0.3998887538909912, 0.3998299539089203, 0.39981070160865784, 0.3997739553451538, 0.39973944425582886, 0.39968815445899963, 0.3996230959892273, 0.39956963062286377, 0.3995184004306793, 0.39946702122688293, 0.39942505955696106, 0.39937594532966614, 0.3993547558784485, 0.39933058619499207, 0.39931225776672363, 0.3992606997489929, 0.3992287814617157, 0.39917999505996704, 0.399129718542099, 0.3990989625453949, 0.39903882145881653, 0.3990001976490021, 0.3989427983760834, 0.39890071749687195, 0.3988582491874695, 0.39882034063339233, 0.39878806471824646, 0.39875560998916626, 0.39870408177375793, 0.3986591398715973, 0.3986334204673767, 0.3985825479030609, 0.398540735244751, 0.3985012471675873, 0.39844000339508057, 0.3984265923500061, 0.3983966112136841, 0.39837050437927246, 0.3983360528945923, 0.3983181416988373, 0.3982773721218109, 0.3982486426830292, 0.3981969356536865, 0.3981444537639618, 0.3981277346611023, 0.39811021089553833, 0.3980662226676941, 0.3980335593223572, 0.39800921082496643, 0.397947758436203, 0.397898405790329, 0.39788132905960083, 0.3978445827960968