,number,value,datetime_start,datetime_complete,duration,params_batch_size_scaler,params_constant_learning_rate,params_depth,params_epochs,params_kernel_l2,params_num_trees,params_temperature,user_attrs_accuracy_test,user_attrs_accuracy_valid,user_attrs_approximate_feature_sparsity,user_attrs_approximate_feature_sparsity_history,user_attrs_approximate_weight_sparsity,user_attrs_approximate_weight_sparsity_history,user_attrs_auc_test,user_attrs_auc_valid,user_attrs_feature_sparsity,user_attrs_feature_sparsity_history,user_attrs_num_epochs,user_attrs_val_loss_history,user_attrs_weight_sparsity,user_attrs_weight_sparsity_history,state
51,51,0.9559067898133478,2024-08-31 02:49:43.624957,2024-08-31 02:55:32.969100,0 days 00:05:49.344143,64,5.63580716605555,6,435,0.013401953394895832,59,0.00022433681677634353,0.958,0.9625,22,"[33, 33, 33, 33, 33, 33, 33, 33, 33, 33, 33, 33, 33, 33, 33, 33, 33, 33, 33, 33, 33, 33, 33, 33, 33, 33, 33, 33, 33, 33, 33, 33, 33, 33, 33, 33, 33, 33, 33, 33, 33, 33, 33, 33, 33, 33, 33, 33, 33, 33, 33, 33, 33, 33, 33, 33, 33, 33, 33, 33, 33, 33, 33, 33, 33, 32, 32, 31, 31, 30, 30, 30, 30, 30, 29, 29, 29, 29, 29, 29, 29, 29, 29, 29, 29, 29, 26, 26, 26, 25, 25, 25, 25, 25, 25, 25, 25, 25, 25, 25, 25, 25, 25, 25, 25, 24, 24, 22, 22, 22, 22, 22, 22, 22, 22, 22, 22, 22, 22, 22, 22, 22, 22, 22, 22, 22, 22, 22, 22, 22, 22, 22, 22, 22, 22, 22, 22, 22, 22, 22, 22, 22, 22, 22, 22, 22, 22, 22, 22, 22, 22, 22, 22, 22, 22, 22, 22, 22, 22, 22, 22, 22, 22, 22, 22, 22, 22, 22, 22, 22, 22, 22, 22, 22, 22, 22, 22, 22, 22, 22, 22, 22, 22, 22, 22, 22, 22, 22, 22, 22, 22, 22, 22, 22, 22, 22, 22, 22, 22, 22, 22, 22, 22, 22, 22, 22, 22, 22, 22, 22, 22, 22, 22, 22, 22, 22, 22, 22, 22, 22, 22, 22, 22, 22, 22, 22, 22, 22, 22, 22, 22, 22, 22, 22, 22, 22, 22, 22, 22, 22, 22, 22, 22, 22, 22, 22, 22, 22, 22, 22, 22, 22, 22, 22, 22, 22, 22, 22, 22, 22, 22, 22, 22, 22, 22, 22, 22, 22, 22, 22, 22, 22, 22, 22, 22, 22, 22, 22, 22, 22, 22, 22, 22, 22, 22, 22, 22, 22, 22, 22, 22, 22, 22, 22, 22, 22, 22, 22, 22, 22, 22, 22, 22, 22, 22, 22, 22, 22, 22, 22, 22, 22, 22, 22, 22, 22, 22, 22, 22, 22, 22, 22, 22, 22, 22, 22, 22, 22, 22, 22, 22, 22, 22, 22, 22, 22, 22, 22, 22, 22, 22, 22, 22, 22, 22, 22, 22, 22, 22, 22, 22, 22, 22, 22, 22, 22, 22, 22, 22, 22, 22, 22, 22, 22, 22, 22, 22, 22, 22, 22, 22, 22, 22, 22, 22, 22, 22, 22, 22, 22, 22, 22, 22, 22, 22, 22, 22, 22, 22, 22, 22, 22, 22, 22, 22, 22, 22, 22, 22, 22, 22, 22, 22, 22, 22, 22, 22, 22, 22, 22, 22, 22, 22, 22, 22, 22, 22, 22, 22, 22, 22, 22, 22, 22, 22, 22, 22, 22, 22, 22, 22, 22, 22, 22, 22]",21.95372612321765,"[32.91633037395749, 32.91552327145548, 32.922249125638956, 32.9198278181329, 32.91821361312886, 32.919020715630886, 32.92413236481033, 32.92520850147969, 32.91686844229217, 32.91875168146355, 32.917675544794186, 32.90960451977401, 32.92305622814097, 32.922249125638956, 32.92036588646758, 32.92386333064299, 32.925477535647026, 32.92198009147162, 32.92628463814904, 32.924401398977665, 32.92709174065106, 32.930320150659135, 32.92171105730428, 32.92359429647565, 32.92682270648372, 32.93596986817325, 32.92520850147969, 32.92144202313694, 32.924401398977665, 32.92816787732042, 32.92951304815711, 32.922518159806295, 32.92493946731234, 32.933548560667205, 32.92467043314501, 32.9260156039817, 32.92628463814905, 32.93408662900188, 32.92843691148776, 32.93327952649986, 32.923594296475656, 32.92843691148776, 32.92924401398977, 32.92682270648372, 32.92924401398977, 32.92924401398978, 32.93112725316115, 32.93112725316116, 32.93247242399785, 32.930589184826474, 32.92789884315307, 32.928167877320426, 32.930589184826474, 32.9260156039817, 32.93758407317729, 32.931665321495835, 32.926822706483726, 32.92467043314501, 32.926822706483726, 32.930320150659135, 32.93166532149583, 32.92493946731235, 32.927091740651065, 32.9211729889696, 32.925746569814365, 31.93220338983051, 31.9211729889696, 30.930589184826474, 30.934893731503898, 29.925208501479688, 29.924670433145007, 29.92789884315308, 29.92978208232445, 29.924939467312345, 28.930858218993812, 28.934086629001882, 28.93516276567124, 28.93839117567931, 28.941350551520042, 28.937853107344633, 28.936507936507933, 28.933279526499863, 28.936238902340595, 28.937315039009952, 28.931934355663167, 28.93139628732849, 25.938929244013988, 25.941888619854723, 25.94323379069142, 24.947000269034167, 24.948076405703524, 24.947000269034167, 24.944847995695454, 24.941888619854723, 24.93812214151197, 24.93596986817326, 24.93596986817326, 24.940274414850684, 24.935700834005917, 24.93839117567931, 24.93866020984665, 24.93516276567124, 24.9410815173527, 24.933548560667205, 24.938929244013988, 23.93946731234867, 23.941081517352707, 21.94538606403013, 21.943771859026096, 21.947000269034167, 21.949959644874898, 21.947538337368847, 21.95238095238095, 21.95049771320958, 21.949421576540217, 21.949152542372882, 21.954264191552326, 21.95291902071563, 21.949421576540217, 21.955878396556365, 21.951842884046272, 21.956416464891042, 21.950766747376917, 21.952111918213614, 21.952919020715633, 21.95345708905031, 21.954802259887007, 21.952380952380953, 21.951035781544256, 21.951842884046272, 21.95345708905031, 21.949690610707556, 21.955340328221684, 21.951304815711595, 21.95318805488297, 21.951573849878933, 21.952919020715626, 21.95238095238095, 21.95022867904224, 21.951035781544253, 21.953188054882972, 21.948076405703524, 21.954802259887007, 21.955340328221684, 21.952919020715626, 21.958030669895077, 21.955878396556365, 21.958030669895074, 21.950766747376914, 21.955340328221684, 21.95372612321765, 21.952649986548288, 21.952380952380953, 21.958030669895077, 21.94969061070756, 21.950228679042237, 21.954264191552326, 21.955340328221684, 21.951842884046275, 21.9561474307237, 21.955609362389023, 21.955071294054346, 21.952111918213614, 21.95264998654829, 21.95076674737692, 21.953188054882972, 21.951842884046275, 21.95022867904224, 21.955071294054342, 21.951842884046272, 21.9499596448749, 21.95264998654829, 21.950766747376917, 21.953188054882972, 21.953188054882972, 21.949152542372882, 21.95776163572774, 21.950228679042237, 21.9561474307237, 21.94888350820554, 21.94888350820554, 21.953995157384984, 21.953995157384988, 21.9561474307237, 21.954802259887007, 21.950766747376914, 21.953457089050307, 21.958299704062416, 21.956147430723703, 21.951842884046275, 21.951035781544256, 21.950766747376914, 21.955609362389023, 21.954264191552323, 21.953188054882972, 21.951842884046275, 21.951304815711595, 21.95318805488297, 21.956685499058377, 21.955071294054346, 21.948076405703524, 21.956685499058377, 21.951035781544256, 21.95318805488297, 21.951842884046272, 21.95372612321765, 21.95264998654829, 21.949152542372882, 21.954533225719665, 21.95587839655636, 21.954533225719665, 21.953726123217645, 21.950497713209575, 21.953457089050307, 21.952111918213614, 21.94915254237288, 21.951304815711595, 21.951842884046272, 21.951842884046275, 21.94915254237288, 21.951573849878937, 21.948883508205544, 21.94538606403013, 21.948076405703524, 21.947538337368844, 21.947807371536182, 21.952380952380953, 21.95318805488297, 21.95318805488297, 21.947269303201505, 21.948345439870863, 21.94888350820554, 21.955340328221684, 21.95534032822168, 21.953995157384988, 21.952919020715633, 21.950766747376917, 21.949690610707556, 21.951573849878937, 21.95587839655636, 21.952111918213614, 21.958568738229754, 21.952380952380953, 21.956954533225723, 21.95318805488297, 21.95426419155233, 21.952111918213614, 21.954264191552326, 21.95049771320958, 21.951842884046275, 21.950766747376917, 21.952380952380953, 21.9486144740382, 21.948345439870867, 21.94942157654022, 21.948345439870863, 21.950497713209575, 21.949152542372882, 21.947807371536186, 21.947807371536182, 21.94834543987086, 21.948345439870863, 21.941350551520042, 21.951035781544253, 21.94942157654022, 21.94215765402206, 21.94081248318536, 21.943233790691416, 21.94538606403013, 21.946731234866828, 21.944578961528116, 21.941888619854723, 21.941888619854723, 21.943502824858754, 21.943771859026093, 21.948345439870863, 21.945386064030128, 21.947807371536182, 21.946731234866828, 21.948345439870863, 21.949959644874898, 21.94269572235674, 21.94511702986279, 21.944578961528112, 21.943502824858754, 21.943771859026096, 21.94215765402206, 21.94538606403013, 21.94565509819747, 21.948345439870863, 21.950228679042237, 21.950228679042237, 21.94592413236481, 21.946731234866828, 21.951842884046272, 21.94888350820554, 21.947807371536186, 21.95372612321765, 21.947807371536186, 21.947000269034167, 21.945117029862793, 21.948076405703524, 21.955071294054342, 21.951304815711595, 21.948076405703524, 21.953995157384988, 21.95264998654829, 21.951573849878937, 21.953995157384988, 21.9561474307237, 21.958030669895077, 21.951573849878937, 21.95453322571966, 21.956685499058377, 21.95318805488297, 21.952649986548288, 21.949421576540217, 21.950497713209575, 21.950766747376917, 21.951573849878933, 21.95318805488297, 21.9472693032015, 21.9499596448749, 21.9486144740382, 21.95264998654829, 21.95641646489104, 21.951035781544256, 21.951304815711595, 21.95211191821361, 21.95076674737692, 21.950766747376917, 21.956416464891042, 21.953995157384984, 21.9574926015604, 21.955071294054342, 21.949959644874898, 21.949690610707556, 21.954533225719665, 21.949959644874895, 21.95345708905031, 21.95587839655636, 21.94888350820554, 21.946731234866824, 21.950766747376917, 21.95372612321765, 21.951573849878933, 21.94726930320151, 21.95695453322572, 21.957492601560396, 21.94888350820554, 21.9486144740382, 21.95264998654829, 21.955340328221684, 21.952111918213614, 21.954802259887003, 21.952111918213614, 21.952380952380953, 21.9561474307237, 21.953995157384988, 21.954264191552326, 21.95291902071563, 21.95587839655636, 21.95264998654829, 21.953188054882972, 21.950497713209575, 21.950228679042237, 21.949690610707563, 21.956685499058377, 21.945386064030128, 21.950766747376914, 21.95264998654829, 21.953726123217645, 21.95238095238095, 21.953726123217653, 21.952919020715633, 21.95211191821361, 21.956685499058377, 21.952380952380953, 21.952380952380953, 21.954264191552326, 21.95264998654829, 21.95318805488297, 21.95291902071563, 21.954533225719665, 21.954533225719665, 21.955340328221684, 21.954264191552326, 21.958568738229754, 21.95534032822168, 21.953995157384988, 21.954533225719665, 21.95453322571967, 21.953995157384988, 21.955609362389023, 21.95453322571967, 21.952380952380953, 21.958030669895077, 21.953188054882972, 21.954264191552326, 21.948345439870863, 21.952919020715633, 21.95372612321765, 21.955340328221684, 21.957492601560396, 21.951304815711595, 21.95264998654829, 21.95453322571967, 21.95587839655636, 21.955071294054346, 21.94942157654022, 21.9486144740382, 21.947538337368844, 21.948614474038205, 21.953726123217645, 21.952111918213614, 21.953457089050307, 21.95453322571967, 21.949152542372882, 21.950497713209575, 21.951035781544256, 21.953457089050307, 21.953995157384988, 21.95453322571967, 21.95641646489104, 21.954533225719665, 21.951842884046275, 21.951035781544256, 21.952111918213614, 21.954802259887003, 21.9561474307237, 21.953995157384988, 21.95291902071563, 21.94969061070756, 21.955609362389023, 21.95372612321765]",0.9262708575863408,0.9559067898133478,22,"[33, 33, 33, 33, 33, 33, 33, 33, 33, 33, 33, 33, 33, 33, 33, 33, 33, 33, 33, 33, 33, 33, 33, 33, 33, 33, 33, 33, 33, 33, 33, 33, 33, 33, 33, 33, 33, 33, 33, 33, 33, 33, 33, 33, 33, 33, 33, 33, 33, 33, 33, 33, 33, 33, 33, 33, 33, 33, 33, 33, 33, 33, 33, 33, 33, 32, 32, 31, 31, 30, 30, 30, 30, 30, 29, 29, 29, 29, 29, 29, 29, 29, 29, 29, 29, 29, 26, 26, 26, 25, 25, 25, 25, 25, 25, 25, 25, 25, 25, 25, 25, 25, 25, 25, 25, 24, 24, 22, 22, 22, 22, 22, 22, 22, 22, 22, 22, 22, 22, 22, 22, 22, 22, 22, 22, 22, 22, 22, 22, 22, 22, 22, 22, 22, 22, 22, 22, 22, 22, 22, 22, 22, 22, 22, 22, 22, 22, 22, 22, 22, 22, 22, 22, 22, 22, 22, 22, 22, 22, 22, 22, 22, 22, 22, 22, 22, 22, 22, 22, 22, 22, 22, 22, 22, 22, 22, 22, 22, 22, 22, 22, 22, 22, 22, 22, 22, 22, 22, 22, 22, 22, 22, 22, 22, 22, 22, 22, 22, 22, 22, 22, 22, 22, 22, 22, 22, 22, 22, 22, 22, 22, 22, 22, 22, 22, 22, 22, 22, 22, 22, 22, 22, 22, 22, 22, 22, 22, 22, 22, 22, 22, 22, 22, 22, 22, 22, 22, 22, 22, 22, 22, 22, 22, 22, 22, 22, 22, 22, 22, 22, 22, 22, 22, 22, 22, 22, 22, 22, 22, 22, 22, 22, 22, 22, 22, 22, 22, 22, 22, 22, 22, 22, 22, 22, 22, 22, 22, 22, 22, 22, 22, 22, 22, 22, 22, 22, 22, 22, 22, 22, 22, 22, 22, 22, 22, 22, 22, 22, 22, 22, 22, 22, 22, 22, 22, 22, 22, 22, 22, 22, 22, 22, 22, 22, 22, 22, 22, 22, 22, 22, 22, 22, 22, 22, 22, 22, 22, 22, 22, 22, 22, 22, 22, 22, 22, 22, 22, 22, 22, 22, 22, 22, 22, 22, 22, 22, 22, 22, 22, 22, 22, 22, 22, 22, 22, 22, 22, 22, 22, 22, 22, 22, 22, 22, 22, 22, 22, 22, 22, 22, 22, 22, 22, 22, 22, 22, 22, 22, 22, 22, 22, 22, 22, 22, 22, 22, 22, 22, 22, 22, 22, 22, 22, 22, 22, 22, 22, 22, 22, 22, 22, 22, 22, 22, 22, 22, 22, 22, 22, 22, 22, 22, 22, 22, 22, 22, 22, 22, 22, 22, 22, 22, 22, 22, 22, 22, 22, 22, 22, 22, 22, 22, 22, 22, 22]",435,"[0.38476085662841797, 0.39623069763183594, 0.37261924147605896, 0.37020817399024963, 0.39417916536331177, 0.3602983057498932, 0.35734623670578003, 0.35340332984924316, 0.35649871826171875, 0.34753453731536865, 0.3438720405101776, 0.3385978639125824, 0.34559130668640137, 0.39983272552490234, 0.32832497358322144, 0.32289114594459534, 0.3372681438922882, 0.3178485631942749, 0.31197667121887207, 0.30757084488868713, 0.30571332573890686, 0.29485630989074707, 0.2900651693344116, 0.28494933247566223, 0.2891733944416046, 0.27300456166267395, 0.30447426438331604, 0.2698611617088318, 0.2716294527053833, 0.25791698694229126, 0.27227452397346497, 0.25283491611480713, 0.2508403956890106, 0.25803661346435547, 0.24487152695655823, 0.24647833406925201, 0.23912659287452698, 0.23642657697200775, 0.23283085227012634, 0.23378071188926697, 0.2518508732318878, 0.2286805659532547, 0.23030464351177216, 0.22339417040348053, 0.2308618426322937, 0.22868433594703674, 0.2251095175743103, 0.22095012664794922, 0.2197844535112381, 0.2158122956752777, 0.2329922914505005, 0.2152295559644699, 0.2113751620054245, 0.21276332437992096, 0.2126356065273285, 0.20731939375400543, 0.20636588335037231, 0.20310811698436737, 0.21696792542934418, 0.21035809814929962, 0.2070239633321762, 0.20472103357315063, 0.20706728100776672, 0.20109814405441284, 0.21213892102241516, 0.2062627673149109, 0.19611500203609467, 0.19770978391170502, 0.1976238638162613, 0.1951616108417511, 0.1943926066160202, 0.2033032923936844, 0.19519034028053284, 0.19844354689121246, 0.19429920613765717, 0.19812341034412384, 0.20749366283416748, 0.197340190410614, 0.19394256174564362, 0.1873684823513031, 0.19702774286270142, 0.18786820769309998, 0.18969687819480896, 0.20326898992061615, 0.1915235072374344, 0.19578468799591064, 0.18561294674873352, 0.1838630884885788, 0.18439453840255737, 0.1930362582206726, 0.192978635430336, 0.196589857339859, 0.18233273923397064, 0.1848854273557663, 0.18989437818527222, 0.178107351064682, 0.19129839539527893, 0.19240514934062958, 0.1810861974954605, 0.20081913471221924, 0.19287997484207153, 0.18355807662010193, 0.18848362565040588, 0.1783452183008194, 0.1799420416355133, 0.17473524808883667, 0.17971467971801758, 0.1862698495388031, 0.17453666031360626, 0.17148326337337494, 0.20107130706310272, 0.17503507435321808, 0.18881812691688538, 0.16835176944732666, 0.16629520058631897, 0.17943033576011658, 0.1803511381149292, 0.17774885892868042, 0.16891488432884216, 0.17149688303470612, 0.17137247323989868, 0.17155981063842773, 0.17083224654197693, 0.16957181692123413, 0.18808311223983765, 0.17829109728336334, 0.16676686704158783, 0.16798563301563263, 0.16798335313796997, 0.17648722231388092, 0.17783065140247345, 0.16371066868305206, 0.16619327664375305, 0.165797621011734, 0.17081381380558014, 0.1662733256816864, 0.18639768660068512, 0.1688573956489563, 0.16719789803028107, 0.1769956797361374, 0.1608324944972992, 0.1804833561182022, 0.16355201601982117, 0.16221638023853302, 0.1664542704820633, 0.17066746950149536, 0.1658451408147812, 0.16870664060115814, 0.16394779086112976, 0.15985341370105743, 0.16612178087234497, 0.15987075865268707, 0.1640879064798355, 0.15623760223388672, 0.1617964804172516, 0.158286914229393, 0.15539312362670898, 0.16004349291324615, 0.1607828140258789, 0.16126006841659546, 0.15867909789085388, 0.15571816265583038, 0.16366806626319885, 0.1634182333946228, 0.15707293152809143, 0.16019085049629211, 0.17306070029735565, 0.15250203013420105, 0.15668237209320068, 0.16985684633255005, 0.15451949834823608, 0.15189065039157867, 0.1617017239332199, 0.1589680016040802, 0.15783213078975677, 0.16056516766548157, 0.17945364117622375, 0.1539752334356308, 0.1766849309206009, 0.1538666933774948, 0.15841053426265717, 0.16541869938373566, 0.1728108525276184, 0.15481975674629211, 0.15498441457748413, 0.15118521451950073, 0.15769420564174652, 0.16096392273902893, 0.14779847860336304, 0.14942607283592224, 0.15402933955192566, 0.16251243650913239, 0.16014064848423004, 0.17858466506004333, 0.15160022675991058, 0.14616794884204865, 0.14994367957115173, 0.15167807042598724, 0.17170123755931854, 0.1715778410434723, 0.17162160575389862, 0.14768782258033752, 0.15403057634830475, 0.1565641462802887, 0.1489572376012802, 0.16410008072853088, 0.16144679486751556, 0.16654124855995178, 0.15572255849838257, 0.16065943241119385, 0.14707550406455994, 0.14723245799541473, 0.14381514489650726, 0.14578203856945038, 0.15828227996826172, 0.15205630660057068, 0.147817462682724, 0.15010599792003632, 0.15361760556697845, 0.16923627257347107, 0.15629954636096954, 0.1503278762102127, 0.14600133895874023, 0.14516502618789673, 0.1676836460828781, 0.14480721950531006, 0.15014895796775818, 0.15870152413845062, 0.14646703004837036, 0.14196135103702545, 0.14365354180335999, 0.14253444969654083, 0.14531417191028595, 0.16199679672718048, 0.144862100481987, 0.14660073816776276, 0.1525532603263855, 0.16594572365283966, 0.14654895663261414, 0.15101012587547302, 0.15559351444244385, 0.1570742130279541, 0.14341582357883453, 0.14504486322402954, 0.1414012759923935, 0.14510123431682587, 0.16619187593460083, 0.13777868449687958, 0.18547894060611725, 0.14360076189041138, 0.1466328352689743, 0.1525745689868927, 0.13977524638175964, 0.14113134145736694, 0.14684751629829407, 0.1401711255311966, 0.14711248874664307, 0.14245282113552094, 0.14659534394741058, 0.1408098191022873, 0.13886256515979767, 0.20320822298526764, 0.14704670011997223, 0.14249078929424286, 0.1520722210407257, 0.15370118618011475, 0.16813863813877106, 0.13704606890678406, 0.1358305960893631, 0.13779237866401672, 0.14496830105781555, 0.14058555662631989, 0.1453203409910202, 0.14039736986160278, 0.1420234590768814, 0.15825515985488892, 0.140593022108078, 0.13621187210083008, 0.13775618374347687, 0.14950419962406158, 0.14407864212989807, 0.1390550136566162, 0.1445642113685608, 0.1477499157190323, 0.1374797821044922, 0.1400563269853592, 0.14098608493804932, 0.139494851231575, 0.14394089579582214, 0.14807254076004028, 0.13845476508140564, 0.13996604084968567, 0.14530938863754272, 0.14151406288146973, 0.14308875799179077, 0.1497172713279724, 0.1490657776594162, 0.14808990061283112, 0.1721067875623703, 0.13981083035469055, 0.14042051136493683, 0.14137335121631622, 0.13564863801002502, 0.13419322669506073, 0.15731452405452728, 0.13612191379070282, 0.14260412752628326, 0.14060577750205994, 0.13620176911354065, 0.13934046030044556, 0.13372130692005157, 0.13654404878616333, 0.14948293566703796, 0.13755524158477783, 0.1589195281267166, 0.13709501922130585, 0.1677841693162918, 0.14493417739868164, 0.13943582773208618, 0.13834074139595032, 0.1402793675661087, 0.14575622975826263, 0.14858798682689667, 0.13906458020210266, 0.13724766671657562, 0.16445991396903992, 0.13799716532230377, 0.14406798779964447, 0.1382731795310974, 0.13789907097816467, 0.16353055834770203, 0.1363551914691925, 0.1388506293296814, 0.15502598881721497, 0.13917964696884155, 0.1500825136899948, 0.13468694686889648, 0.13869047164916992, 0.1355726569890976, 0.15450027585029602, 0.16319158673286438, 0.16025647521018982, 0.1388985961675644, 0.13652510941028595, 0.14834654331207275, 0.14086675643920898, 0.13762107491493225, 0.14214083552360535, 0.15781544148921967, 0.14124339818954468, 0.1345566362142563, 0.13588911294937134, 0.13210658729076385, 0.13417628407478333, 0.1331080049276352, 0.1345088630914688, 0.13738317787647247, 0.13822905719280243, 0.1421380192041397, 0.1364935338497162, 0.1363726705312729, 0.13710957765579224, 0.13719548285007477, 0.15344026684761047, 0.1506853997707367, 0.1427960842847824, 0.14056922495365143, 0.14057442545890808, 0.13555730879306793, 0.14474090933799744, 0.1432238519191742, 0.16843071579933167, 0.16199815273284912, 0.14592532813549042, 0.15321287512779236, 0.17767629027366638, 0.13842028379440308, 0.13667964935302734, 0.13882280886173248, 0.14031283557415009, 0.13466864824295044, 0.13818663358688354, 0.15328004956245422, 0.136830136179924, 0.13951058685779572, 0.13763995468616486, 0.13352060317993164, 0.13532096147537231, 0.1343092918395996, 0.13522182404994965, 0.1370445340871811, 0.15018345415592194, 0.13948088884353638, 0.13409893214702606, 0.1355074793100357, 0.13559098541736603, 0.13773417472839355, 0.14261791110038757, 0.14036889374256134, 0.1465853750705719, 0.1366882622241974, 0.14129604399204254, 0.1622021645307541, 0.14350958168506622, 0.1358228623867035, 0.2664700746536255, 0.13993936777114868, 0.13876362144947052, 0.15600457787513733, 0.16771048307418823, 0.13389918208122253, 0.15181374549865723, 0.14644555747509003, 0.13491210341453552, 0.14052066206932068, 0.1415421962738037, 0.13429783284664154, 0.14207974076271057, 0.206391379237175, 0.13898387551307678, 0.13656234741210938, 0.1366914063692093, 0.20177008211612701, 0.14336824417114258, 0.14348991215229034, 0.14461487531661987, 0.14036959409713745, 0.1472601741552353, 0.13916373252868652, 0.15584266185760498, 0.18434041738510132, 0.20653818547725677, 0.16469734907150269, 0.14400409162044525, 0.1398884356021881]",22.0,"[33.0, 33.0, 33.0, 33.0, 33.0, 33.0, 33.0, 33.0, 33.0, 33.0, 33.0, 33.0, 33.0, 33.0, 33