,number,value,datetime_start,datetime_complete,duration,params_batch_size_scaler,params_constant_learning_rate,params_depth,params_epochs,params_kernel_l2,params_num_trees,params_temperature,user_attrs_accuracy_test,user_attrs_accuracy_valid,user_attrs_approximate_feature_sparsity,user_attrs_approximate_feature_sparsity_history,user_attrs_approximate_weight_sparsity,user_attrs_approximate_weight_sparsity_history,user_attrs_auc_test,user_attrs_auc_valid,user_attrs_feature_sparsity,user_attrs_feature_sparsity_history,user_attrs_num_epochs,user_attrs_val_loss_history,user_attrs_weight_sparsity,user_attrs_weight_sparsity_history,state
94,94,0.923419767876235,2024-08-31 04:20:10.996022,2024-08-31 04:21:04.119026,0 days 00:00:53.123004,4,0.062106157354441964,3,190,0.09298689100600985,75,0.003928788249188041,0.935,0.93625,33,"[33, 33, 33, 33, 33, 33, 33, 33, 33, 33, 33, 33, 33, 33, 33, 33, 33, 33, 33, 33, 33, 33, 33, 33, 33, 33, 33, 33, 33, 33, 33, 33, 33, 33, 33, 33, 33, 33, 33, 33, 33, 33, 33, 33, 33, 33, 33, 33, 33, 33, 33, 33, 33, 33, 33, 33, 33, 33, 33, 33, 33, 33, 33, 33, 33, 33, 33, 33, 33, 33, 33, 33, 33, 33, 33, 33, 33, 33, 33, 33, 33, 33, 33, 33, 33, 33, 33, 33, 33, 33, 33, 33, 33, 33, 33, 33, 33, 33, 33, 33, 33, 33, 33, 33, 33, 33, 33, 33, 33, 33, 33, 33, 33, 33, 33, 33, 33, 33, 33, 33, 33, 33, 33, 33, 33, 33, 33, 33, 33, 33, 33, 33, 33, 33, 33, 33, 33, 33, 33, 33, 33, 33, 33, 33, 33, 33, 33, 33, 33, 33, 33, 33, 33, 33, 33, 33, 33, 33, 33, 33, 33, 33, 33, 33, 33, 33, 33, 33, 33, 33, 33, 33, 33, 33, 33, 33, 33, 33, 33, 33, 33, 33, 33, 33, 33, 33, 33, 33, 33, 33]",32.96380952380952,"[32.95619047619048, 32.967619047619046, 32.965714285714284, 32.96380952380952, 32.973333333333336, 32.965714285714284, 32.95809523809524, 32.967619047619046, 32.94857142857143, 32.95238095238095, 32.965714285714284, 32.967619047619046, 32.96190476190476, 32.97333333333333, 32.97714285714285, 32.96952380952381, 32.96952380952381, 32.9752380952381, 32.967619047619046, 32.97714285714286, 32.95809523809524, 32.965714285714284, 32.96190476190476, 32.96952380952381, 32.967619047619046, 32.96380952380952, 32.959999999999994, 32.96380952380952, 32.96190476190476, 32.965714285714284, 32.9752380952381, 32.97142857142857, 32.96380952380952, 32.95619047619047, 32.95809523809524, 32.96380952380952, 32.967619047619046, 32.965714285714284, 32.96190476190476, 32.967619047619046, 32.97333333333333, 32.97333333333333, 32.96380952380952, 32.97142857142857, 32.95619047619048, 32.965714285714284, 32.96952380952381, 32.96380952380952, 32.95619047619048, 32.95809523809524, 32.965714285714284, 32.96190476190476, 32.965714285714284, 32.96, 32.97142857142857, 32.95428571428572, 32.95809523809524, 32.96190476190476, 32.96761904761905, 32.967619047619046, 32.96380952380952, 32.96380952380952, 32.96380952380952, 32.971428571428575, 32.96190476190476, 32.96, 32.96, 32.96761904761905, 32.96380952380952, 32.965714285714284, 32.95428571428572, 32.95428571428572, 32.965714285714284, 32.967619047619046, 32.96190476190476, 32.96380952380952, 32.965714285714284, 32.96380952380952, 32.95619047619048, 32.95809523809524, 32.97142857142857, 32.96190476190476, 32.96952380952381, 32.95809523809524, 32.96380952380952, 32.96190476190476, 32.971428571428575, 32.96952380952381, 32.965714285714284, 32.952380952380956, 32.96, 32.96190476190476, 32.95619047619048, 32.95428571428572, 32.95047619047619, 32.950476190476195, 32.967619047619046, 32.96190476190476, 32.96952380952381, 32.96, 32.96, 32.96380952380952, 32.96952380952381, 32.96380952380952, 32.96190476190476, 32.95428571428572, 32.93904761904762, 32.948571428571434, 32.967619047619046, 32.96190476190476, 32.96380952380952, 32.96380952380952, 32.96190476190476, 32.96, 32.96190476190476, 32.973333333333336, 32.95809523809524, 32.96, 32.94857142857143, 32.95619047619048, 32.96, 32.95428571428572, 32.952380952380956, 32.965714285714284, 32.95809523809524, 32.967619047619046, 32.965714285714284, 32.9752380952381, 32.97904761904762, 32.9752380952381, 32.971428571428575, 32.96952380952381, 32.96952380952381, 32.973333333333336, 32.96, 32.9752380952381, 32.96380952380952, 32.96380952380952, 32.96952380952381, 32.97904761904762, 32.967619047619046, 32.9752380952381, 32.988571428571426, 32.98285714285714, 32.9752380952381, 32.97333333333333, 32.95809523809524, 32.96190476190476, 32.96190476190476, 32.967619047619046, 32.95619047619048, 32.94857142857143, 32.96190476190476, 32.95428571428572, 32.95238095238095, 32.95428571428572, 32.95428571428572, 32.965714285714284, 32.944761904761904, 32.950476190476195, 32.95428571428572, 32.95809523809524, 32.9752380952381, 32.96952380952381, 32.965714285714284, 32.96380952380952, 32.967619047619046, 32.967619047619046, 32.967619047619046, 32.95809523809524, 32.96190476190476, 32.96, 32.95619047619047, 32.96, 32.95238095238095, 32.95619047619048, 32.95047619047619, 32.952380952380956, 32.965714285714284, 32.96952380952381, 32.96190476190476, 32.95428571428572, 32.96, 32.95809523809524, 32.96952380952381, 32.96, 32.965714285714284, 32.946666666666665, 32.95809523809524, 32.96380952380952]",0.9079087508978773,0.923419767876235,33,"[33, 33, 33, 33, 33, 33, 33, 33, 33, 33, 33, 33, 33, 33, 33, 33, 33, 33, 33, 33, 33, 33, 33, 33, 33, 33, 33, 33, 33, 33, 33, 33, 33, 33, 33, 33, 33, 33, 33, 33, 33, 33, 33, 33, 33, 33, 33, 33, 33, 33, 33, 33, 33, 33, 33, 33, 33, 33, 33, 33, 33, 33, 33, 33, 33, 33, 33, 33, 33, 33, 33, 33, 33, 33, 33, 33, 33, 33, 33, 33, 33, 33, 33, 33, 33, 33, 33, 33, 33, 33, 33, 33, 33, 33, 33, 33, 33, 33, 33, 33, 33, 33, 33, 33, 33, 33, 33, 33, 33, 33, 33, 33, 33, 33, 33, 33, 33, 33, 33, 33, 33, 33, 33, 33, 33, 33, 33, 33, 33, 33, 33, 33, 33, 33, 33, 33, 33, 33, 33, 33, 33, 33, 33, 33, 33, 33, 33, 33, 33, 33, 33, 33, 33, 33, 33, 33, 33, 33, 33, 33, 33, 33, 33, 33, 33, 33, 33, 33, 33, 33, 33, 33, 33, 33, 33, 33, 33, 33, 33, 33, 33, 33, 33, 33, 33, 33, 33, 33, 33, 33]",190,"[0.40015530586242676, 0.39058223366737366, 0.384370893239975, 0.3813725709915161, 0.3791539669036865, 0.37561091780662537, 0.3735601007938385, 0.37193408608436584, 0.3696569800376892, 0.36815372109413147, 0.3661772906780243, 0.3646848201751709, 0.36327335238456726, 0.36127781867980957, 0.36013197898864746, 0.3609423339366913, 0.35688307881355286, 0.35540762543678284, 0.3540402948856354, 0.35226330161094666, 0.3507770895957947, 0.349862664937973, 0.34834933280944824, 0.3471067547798157, 0.34757426381111145, 0.34428107738494873, 0.3441019356250763, 0.3417426645755768, 0.3426647484302521, 0.3389724791049957, 0.33766987919807434, 0.33615729212760925, 0.33505988121032715, 0.3335430920124054, 0.3322921693325043, 0.3308781087398529, 0.3307151794433594, 0.32818928360939026, 0.3280766010284424, 0.32592448592185974, 0.32440420985221863, 0.3232150971889496, 0.3218541741371155, 0.3195495903491974, 0.3182634711265564, 0.3165886104106903, 0.31537488102912903, 0.3132742643356323, 0.3116284906864166, 0.31014010310173035, 0.3086581826210022, 0.3067030608654022, 0.30522286891937256, 0.3039502501487732, 0.3020103871822357, 0.30036139488220215, 0.29874029755592346, 0.2981237769126892, 0.2952021658420563, 0.29274651408195496, 0.29121822118759155, 0.2901058495044708, 0.28876182436943054, 0.2863328158855438, 0.28488290309906006, 0.28326746821403503, 0.2834067940711975, 0.28079545497894287, 0.27921587228775024, 0.2778528332710266, 0.27664971351623535, 0.2753766179084778, 0.27426937222480774, 0.2731628119945526, 0.2734310030937195, 0.2711692154407501, 0.2704066038131714, 0.26918184757232666, 0.2680956721305847, 0.2671719193458557, 0.26695770025253296, 0.26541414856910706, 0.26413261890411377, 0.26343268156051636, 0.2626226544380188, 0.26354873180389404, 0.26153564453125, 0.2602483034133911, 0.2597615122795105, 0.2591080069541931, 0.25873011350631714, 0.25745534896850586, 0.2576018273830414, 0.2561621069908142, 0.2560800015926361, 0.25511616468429565, 0.2543885409832001, 0.253779798746109, 0.2527922987937927, 0.2533753216266632, 0.2519168257713318, 0.2512991726398468, 0.25112372636795044, 0.2500034272670746, 0.24986496567726135, 0.24823036789894104, 0.24787014722824097, 0.24769280850887299, 0.2480749636888504, 0.24674801528453827, 0.24577535688877106, 0.24505656957626343, 0.24456550180912018, 0.2448885142803192, 0.2435295134782791, 0.24387462437152863, 0.24384893476963043, 0.24162523448467255, 0.24117158353328705, 0.24158330261707306, 0.24170923233032227, 0.2401381880044937, 0.24018508195877075, 0.23913699388504028, 0.23835718631744385, 0.23922699689865112, 0.23796191811561584, 0.2368021160364151, 0.23684193193912506, 0.23625563085079193, 0.2353138029575348, 0.2360427975654602, 0.23432788252830505, 0.2346029430627823, 0.23522861301898956, 0.23419809341430664, 0.23489518463611603, 0.23210738599300385, 0.23175911605358124, 0.2308240532875061, 0.23056554794311523, 0.2312684804201126, 0.2307136505842209, 0.22936126589775085, 0.22913235425949097, 0.230730801820755, 0.2284504473209381, 0.22879891097545624, 0.22759027779102325, 0.22848518192768097, 0.22708822786808014, 0.22655443847179413, 0.22617945075035095, 0.22561043500900269, 0.2250744253396988, 0.22542524337768555, 0.22463960945606232, 0.22565889358520508, 0.2240263968706131, 0.22344808280467987, 0.22369089722633362, 0.22321808338165283, 0.22305557131767273, 0.22352463006973267, 0.2235969603061676, 0.221794992685318, 0.2227584421634674, 0.2215331792831421, 0.22096022963523865, 0.22141504287719727, 0.2203632891178131, 0.22086802124977112, 0.2199082225561142, 0.22013503313064575, 0.21910911798477173, 0.21922801434993744, 0.22115032374858856, 0.21897384524345398, 0.21878129243850708, 0.21872951090335846, 0.2215559184551239, 0.21924522519111633, 0.21804331243038177, 0.21813033521175385, 0.21706616878509521, 0.21811479330062866, 0.21914544701576233, 0.21736355125904083, 0.21792003512382507, 0.21867841482162476]",33.0,"[33.0, 33.0, 33.0, 33.0, 33.0, 33.0, 33.0, 33.0, 33.0, 33.0, 33.0, 33.0, 33.0, 33.0, 33.0, 33.0, 33.0, 33.0, 33.0, 33.0, 33.0, 33.0, 33.0, 33.0, 33.0, 33.0, 33.0, 33.0, 33.0, 33.0, 33.0, 33.0, 33.0, 33.0, 33.0, 33.0, 33.0, 33.0, 33.0, 33.0, 33.0, 33.0, 33.0, 33.0, 33.0, 33.0, 33.0, 33.0, 33.0, 33.0, 33.0, 33.0, 33.0, 33.0, 33.0, 33.0, 33.0, 33.0, 33.0, 33.0, 33.0, 33.0, 33.0, 33.0, 33.0, 33.0, 33.0, 33.0, 33.0, 33.0, 33.0, 33.0, 33.0, 33.0, 33.0, 33.0, 33.0, 33.0, 33.0, 33.0, 33.0, 33.0, 33.0, 33.0, 33.0, 33.0, 33.0, 33.0, 33.0, 33.0, 33.0, 33.0, 33.0, 33.0, 33.0, 33.0, 33.0, 33.0, 33.0, 33.0, 33.0, 33.0, 33.0, 33.0, 33.0, 33.0, 33.0, 33.0, 33.0, 33.0, 33.0, 33.0, 33.0, 33.0, 33.0, 33.0, 33.0, 33.0, 33.0, 33.0, 33.0, 33.0, 33.0, 33.0, 33.0, 33.0, 33.0, 33.0, 33.0, 33.0, 33.0, 33.0, 33.0, 33.0, 33.0, 33.0, 33.0, 33.0, 33.0, 33.0, 33.0, 33.0, 33.0, 33.0, 33.0, 33.0, 33.0, 33.0, 33.0, 33.0, 33.0, 33.0, 33.0, 33.0, 33.0, 33.0, 33.0, 33.0, 33.0, 33.0, 33.0, 33.0, 33.0, 33.0, 33.0, 33.0, 33.0, 33.0, 33.0, 33.0, 33.0, 33.0, 33.0, 33.0, 33.0, 33.0, 33.0, 33.0, 33.0, 33.0, 33.0, 33.0, 33.0, 33.0, 33.0, 33.0, 33.0, 33.0, 33.0, 33.0]",COMPLETE
95,95,0.5,2024-08-31 04:21:04.128934,2024-08-31 04:21:24.259282,0 days 00:00:20.130348,16,0.3438157864272347,1,210,0.48355859655407657,67,0.00036674231848684587,0.859,0.85875,0,"[33, 33, 33, 33, 33, 33, 33, 33, 33, 33, 33, 33, 33, 33, 33, 27, 16, 11, 8, 7, 6, 6, 6, 6, 6, 6, 6, 5, 4, 4, 4, 4, 4, 3, 3, 3, 3, 3, 3, 3, 3, 3, 3, 3, 3, 3, 3, 3, 3, 3, 2, 2, 2, 2, 2, 2, 2, 2, 2, 2, 2, 2, 2, 2, 2, 2, 2, 2, 2, 2, 2, 2, 2, 2, 2, 2, 2, 2, 2, 1, 0, 0, 0, 0, 0, 0, 0, 0, 0, 0, 0, 0, 0, 0, 0, 0, 0, 0, 0, 0, 0, 0, 0, 0, 0, 0, 0, 0, 0, 0, 0, 0, 0, 0, 0, 0, 0, 0, 0, 0, 0, 0, 0, 0, 0, 0, 0, 0, 0, 0, 0, 0, 0, 0, 0, 0, 0, 0, 0, 0, 0, 0, 0, 0, 0, 0, 0, 0, 0, 0, 0, 0, 0, 0, 0, 0, 0, 0, 0, 0, 0, 0, 0, 0, 0, 0, 0, 0, 0, 0, 0, 0, 0, 0, 0, 0, 0, 0, 0, 0, 0, 0, 0, 0, 0, 0, 0, 0, 0, 0, 0, 0, 0, 0, 0, 0, 0, 0, 0, 0, 0, 0, 0, 0, 0, 0, 0, 0, 0, 0]",0.0,"[33.0, 32.98507462686567, 32.98507462686567, 33.0, 32.97014925373134, 32.97014925373134, 32.98507462686567, 32.97014925373134, 32.95522388059702, 32.97014925373134, 32.98507462686567, 32.97014925373134, 32.97014925373134, 32.98507462686567, 32.98507462686567, 26.98507462686567, 16.0, 11.0, 8.0, 7.0, 6.0, 6.0, 5.985074626865671, 6.0, 6.0, 6.0, 5.985074626865671, 5.0, 4.0, 4.0, 4.0, 4.0, 4.0, 3.0, 3.0, 3.0, 3.0, 3.0, 3.0, 3.0, 3.0, 3.0, 3.0, 3.0, 3.0, 3.0, 3.0, 3.0, 3.0, 3.0, 2.0, 2.0, 2.0, 2.0, 2.0, 2.0, 2.0, 2.0, 2.0, 2.0, 2.0, 2.0, 2.0, 2.0, 2.0, 2.0, 2.0, 2.0, 2.0, 2.0, 2.0, 2.0, 2.0, 2.0, 2.0, 2.0, 2.0, 2.0, 2.0, 1.0, 0.0, 0.0, 0.0, 0.0, 0.0, 0.0, 0.0, 0.0, 0.0, 0.0, 0.0, 0.0, 0.0, 0.0, 0.0, 0.0, 0.0, 0.0, 0.0, 0.0, 0.0, 0.0, 0.0, 0.0, 0.0, 0.0, 0.0, 0.0, 0.0, 0.0, 0.0, 0.0, 0.0, 0.0, 0.0, 0.0, 0.0, 0.0, 0.0, 0.0, 0.0, 0.0, 0.0, 0.0, 0.0, 0.0, 0.0, 0.0, 0.0, 0.0, 0.0, 0.0, 0.0, 0.0, 0.0, 0.0, 0.0, 0.0, 0.0, 0.0, 0.0, 0.0, 0.0, 0.0, 0.0, 0.0, 0.0, 0.0, 0.0, 0.0, 0.0, 0.0, 0.0, 0.0, 0.0, 0.0, 0.0, 0.0, 0.0, 0.0, 0.0, 0.0, 0.0, 0.0, 0.0, 0.0, 0.0, 0.0, 0.0, 0.0, 0.0, 0.0, 0.0, 0.0, 0.0, 0.0, 0.0, 0.0, 0.0, 0.0, 0.0, 0.0, 0.0, 0.0, 0.0, 0.0, 0.0, 0.0, 0.0, 0.0, 0.0, 0.0, 0.0, 0.0, 0.0, 0.0, 0.0, 0.0, 0.0, 0.0, 0.0, 0.0, 0.0, 0.0, 0.0, 0.0, 0.0, 0.0, 0.0, 0.0]",0.5,0.5,0,"[33, 33, 33, 33, 33, 33, 33, 33, 33, 33, 33, 33, 33, 33, 33, 27, 16, 11, 8, 7, 6, 6, 6, 6, 6, 6, 6, 5, 4, 4, 4, 4, 4, 3, 3, 3, 3, 3, 3, 3, 3, 3, 3, 3, 3, 3, 3, 3, 3, 3, 2, 2, 2, 2, 2, 2, 2, 2, 2, 2, 2, 2, 2, 2, 2, 2, 2, 2, 2, 2, 2, 2, 2, 2, 2, 2, 2, 2, 2, 1, 0, 0, 0, 0, 0, 0, 0, 0, 0, 0, 0, 0, 0, 0, 0, 0, 0, 0, 0, 0, 0, 0, 0, 0, 0, 0, 0, 0, 0, 0, 0, 0, 0, 0, 0, 0, 0, 0, 0, 0, 0, 0, 0, 0, 0, 0, 0, 0, 0, 0, 0, 0, 0, 0, 0, 0, 0, 0, 0, 0, 0, 0, 0, 0, 0, 0, 0, 0, 0, 0, 0, 0, 0, 0, 0, 0, 0, 0, 0, 0, 0, 0, 0, 0, 0, 0, 0, 0, 0, 0, 0, 0, 0, 0, 0, 0, 0, 0, 0, 0, 0, 0, 0, 0, 0, 0, 0, 0, 0, 0, 0, 0, 0, 0, 0, 0, 0, 0, 0, 0, 0, 0, 0, 0, 0, 0, 0, 0, 0, 0]",210,"[0.8632139563560486, 0.716216504573822, 0.5944428443908691, 0.7568820714950562, 0.5479440093040466, 0.8460989594459534, 0.49859583377838135, 0.5621973276138306, 0.6831487417221069, 0.4960315227508545, 0.44132086634635925, 0.46021929383277893, 0.6683263182640076, 0.4142535328865051, 0.45093265175819397, 0.3862079977989197, 0.6348094344139099, 0.5321643948554993, 0.3644736409187317, 0.4076244831085205, 0.37712427973747253, 0.36483800411224365, 0.3770066499710083, 0.48152729868888855, 0.3603949248790741, 0.3758828043937683, 0.6655055284500122, 0.5532578825950623, 0.374904066324234, 0.37685859203338623, 0.40867891907691956, 0.4494035243988037, 0.3871220052242279, 0.4208826720714569, 0.476772665977478, 0.5305044054985046, 0.4084186255931854, 0.39508122205734253, 0.4791926145553589, 0.47526249289512634, 0.394582062959671, 0.3759373426437378, 0.41241154074668884, 0.418376624584198, 0.4242096245288849, 0.46702897548675537, 0.7766987085342407, 0.5450360774993896, 0.5144386887550354, 0.38849595189094543, 0.5959855914115906, 0.3818008005619049, 0.3833654522895813, 0.42543482780456543, 0.4688073992729187, 0.4052865505218506, 0.5317671298980713, 0.4854811728000641, 0.40123099088668823, 0.4426933228969574, 0.40565094351768494, 1.0994161367416382, 0.9655620455741882, 0.3787209391593933, 0.5934491157531738, 0.44632014632225037, 0.7170541286468506, 0.7263990044593811, 0.446088969707489, 0.7414687275886536, 0.7732868790626526, 0.7748751640319824, 0.8083798885345459, 0.8954789042472839, 0.46809709072113037, 0.4417336583137512, 0.5972786545753479, 0.4444727599620819, 0.3769659101963043, 0.387613445520401, 0.6452280282974243, 0.5569607615470886, 0.8240724802017212, 0.4576568603515625, 0.42786484956741333, 0.4778880774974823, 0.40804725885391235, 0.6846063733100891, 0.7028675675392151, 0.5916657447814941, 0.4131120443344116, 0.5113623142242432, 0.4074169397354126, 1.304734230041504, 1.1240423917770386, 0.6937593221664429, 0.832277774810791, 0.5122039318084717, 0.4597947299480438, 0.4096578359603882, 0.4947572648525238, 0.5680589079856873, 0.5041674971580505, 1.2452991008758545, 0.4131210446357727, 0.743975043296814, 0.6171647906303406, 0.6668955087661743, 0.4096411466598511, 0.43072399497032166, 0.4301968812942505, 0.4845030605792999, 0.4169720411300659, 0.42693987488746643, 0.5930702686309814, 0.543170690536499, 0.451852023601532, 0.41698265075683594, 0.7485073804855347, 0.618472695350647, 0.5163753628730774, 0.4220139980316162, 0.5676162838935852, 0.4920077621936798, 0.7132084369659424, 0.4629566967487335, 0.4122086465358734, 0.7310531735420227, 0.6416202783584595, 0.5198920369148254, 0.4362731873989105, 0.4115513265132904, 0.6571129560470581, 0.8228633999824524, 0.4301944971084595, 0.7808586359024048, 0.44220244884490967, 1.1390478610992432, 0.4965673089027405, 0.7369630932807922, 0.9847171306610107, 0.9779769778251648, 0.7231744527816772, 0.4958522915840149, 0.44834229350090027, 0.5655322074890137, 0.4175010621547699, 0.5301915407180786, 0.41082173585891724, 1.4023327827453613, 0.4308721423149109, 0.504871129989624, 0.4224158227443695, 0.4112030863761902, 0.5114039778709412, 0.4786751866340637, 0.5631236433982849, 0.8408308625221252, 0.4553805887699127, 0.5174776315689087, 0.5025808215141296, 0.4896312355995178, 0.6849542260169983, 0.66619873046875, 0.47989848256111145, 0.6101835370063782, 0.4373546540737152, 0.4475904405117035, 0.4955288767814636, 0.4120555818080902, 0.456155925989151, 0.4355224370956421, 0.8577035665512085, 0.40763843059539795, 1.0404942035675049, 0.4833672344684601, 0.8411698937416077, 0.48129475116729736, 0.7060160040855408, 0.40877068042755127, 0.40829476714134216, 0.4390677511692047, 0.5106198787689209, 0.6138468384742737, 0.40724995732307434, 0.47196975350379944, 0.41917216777801514, 0.43043583631515503, 0.4111906886100769, 0.4189242124557495, 0.42014405131340027, 0.4119950234889984, 0.42661887407302856, 0.42601463198661804, 0.41179946064949036, 0.4245396554470062, 0.41258445382118225, 0.4245193600654602, 0.5138024091720581, 0.8331299424171448, 0.4204779863357544, 0.4250536859035492, 0.4086313247680664, 0.41832610964775085, 0.4486638307571411, 0.6441953778266907, 0.4854513108730316, 0.40729236602783203, 0.4073752164840698, 0.5711237192153931]",0.0,"[33.0, 33.0, 33.0, 33.0, 33.0, 33.0, 33.0, 33.0, 33.0, 33.0, 33.0, 33.0, 33.0, 33.0, 33.0, 27.0, 16.0, 11.0, 8.0, 7.0, 6.0, 6.0, 6.0, 6.0, 6.0, 6.0, 6.0, 5.0, 4.0, 4.0, 4.0, 4.0, 4.0, 3.0, 3.0, 3.0, 3.0, 3.0, 3.0, 3.0, 3.0, 3.0, 3.0, 3.0, 3.0, 3.0, 3.0, 3.0, 3.0, 3.0, 2.0, 2.0, 2.0, 2.0, 2.0, 2.0, 2.0, 2.0, 2.0, 2.0, 2.0, 2.0, 2.0, 2.0, 2.0, 2.0, 2.0, 2.0, 2.0, 2.0, 2.0, 2.0, 2.0, 2.0, 2.0, 2.0, 2.0, 2.0, 2.0, 1.0, 0.0, 0.0, 0.0, 0.0, 0.0, 0.0, 0.0, 0.0, 0.0, 0.0, 0.0, 0.0, 0.0, 0.0, 0.0, 0.0, 0.0, 0.0, 0.0, 0.0, 0.0, 0.0, 0.0, 0.0, 0.0, 0.0, 0.0, 0.0, 0.0, 0.0, 0.0, 0.0, 0.0, 0.0, 0.0, 0.0, 0.0, 0.0, 0.0, 0.0, 0.0, 0.0, 0.0, 0.0, 0.0, 0.0, 0.0, 0.0, 0.0, 0.0, 0.0, 0.0, 0.0, 0.0, 0.0, 0.0, 0.0, 0.0, 0.0, 0.0, 0.0, 0.0, 0.0, 0.0, 0.0, 0.0, 0.0, 0.0, 0.0, 0.0, 0.0, 0.0, 0.0, 0.0, 0.0, 0.0, 0.0, 0.0, 0.0, 0.0, 0.0, 0.0, 0.0, 0.0, 0.0, 0.0, 0.0, 0.0, 0.0, 0.0, 0.0, 0.0, 0.0, 0.0, 0.0, 0.0, 0.0, 0.0, 0.0, 0.0, 0.0, 0.0, 0.0, 0.0, 0.0, 0.0, 0.0, 0.0, 0.0, 0.0, 0.0, 0.0, 0.0, 0.0, 0.0, 0.0, 0.0, 0.0, 0.0, 0.0, 0.0, 0.0, 0.0, 0.0, 0.0, 0.0, 0.0, 0.0, 0.0, 0.0]",COMPLETE
