,number,value,datetime_start,datetime_complete,duration,params_batch_size_scaler,params_constant_learning_rate,params_depth,params_epochs,params_kernel_l2,params_num_trees,params_temperature,user_attrs_accuracy_test,user_attrs_accuracy_valid,user_attrs_approximate_feature_sparsity,user_attrs_approximate_feature_sparsity_history,user_attrs_approximate_weight_sparsity,user_attrs_approximate_weight_sparsity_history,user_attrs_auc_test,user_attrs_auc_valid,user_attrs_feature_sparsity,user_attrs_feature_sparsity_history,user_attrs_num_epochs,user_attrs_val_loss_history,user_attrs_weight_sparsity,user_attrs_weight_sparsity_history,state
148,148,0.9324754286303153,2024-08-31 05:50:35.025589,2024-08-31 05:52:25.680022,0 days 00:01:50.654433,4,0.16739157731479673,3,195,0.0019464027936284692,57,0.00010502894720851317,0.938,0.94375,33,"[33, 33, 33, 33, 33, 33, 33, 33, 33, 33, 33, 33, 33, 33, 33, 33, 33, 33, 33, 33, 33, 33, 33, 33, 33, 33, 33, 33, 33, 33, 33, 33, 33, 33, 33, 33, 33, 33, 33, 33, 33, 33, 33, 33, 33, 33, 33, 33, 33, 33, 33, 33, 33, 33, 33, 33, 33, 33, 33, 33, 33, 33, 33, 33, 33, 33, 33, 33, 33, 33, 33, 33, 33, 33, 33, 33, 33, 33, 33, 33, 33, 33, 33, 33, 33, 33, 33, 33, 33, 33, 33, 33, 33, 33, 33, 33, 33, 33, 33, 33, 33, 33, 33, 33, 33, 33, 33, 33, 33, 33, 33, 33, 33, 33, 33, 33, 33, 33, 33, 33, 33, 33, 33, 33, 33, 33, 33, 33, 33, 33, 33, 33, 33, 33, 33, 33, 33, 33, 33, 33, 33, 33, 33, 33, 33, 33, 33, 33, 33, 33, 33, 33, 33, 33, 33, 33, 33, 33, 33, 33, 33, 33, 33, 33, 33, 33, 33, 33, 33, 33, 33, 33, 33, 33, 33, 33, 33, 33, 33, 33, 33, 33, 33, 33, 33, 33, 33, 33, 33, 33, 33, 33, 33, 33, 33]",32.987468671679196,"[32.98245614035088, 32.97744360902256, 32.97744360902256, 32.97493734335839, 32.97243107769424, 32.97994987468672, 32.97994987468672, 32.97994987468672, 32.97994987468672, 32.95238095238095, 32.96491228070175, 32.954887218045116, 32.96491228070175, 32.93984962406015, 32.954887218045116, 32.96992481203008, 32.96491228070175, 32.97744360902256, 32.96992481203007, 32.962406015037594, 32.94486215538847, 32.962406015037594, 32.98245614035088, 32.96741854636591, 32.957393483709275, 32.9749373433584, 32.97744360902256, 32.98245614035088, 32.96741854636592, 32.98245614035088, 32.98245614035088, 32.98245614035088, 32.97243107769424, 32.96491228070175, 32.96741854636592, 32.97243107769424, 32.96741854636592, 32.957393483709275, 32.97994987468672, 32.96992481203007, 32.98245614035088, 32.99248120300752, 32.99248120300752, 32.97994987468672, 32.98245614035088, 32.9749373433584, 32.94987468671679, 32.97493734335839, 32.98245614035088, 32.96741854636592, 32.96491228070175, 32.962406015037594, 32.97744360902256, 32.94736842105263, 32.96992481203007, 32.98245614035088, 32.97744360902256, 32.962406015037594, 32.98245614035088, 32.9749373433584, 32.97243107769424, 32.97744360902256, 32.97994987468672, 32.962406015037594, 32.97493734335839, 32.97744360902256, 32.962406015037594, 32.9749373433584, 32.97994987468672, 32.96491228070175, 32.97243107769424, 32.97744360902256, 32.97994987468672, 32.96741854636591, 32.97744360902256, 32.96741854636592, 32.97744360902256, 32.97243107769424, 32.98245614035088, 32.957393483709275, 32.96741854636591, 32.96491228070175, 32.96992481203007, 32.96491228070175, 32.97744360902256, 32.957393483709275, 32.962406015037594, 32.96491228070175, 32.9749373433584, 32.98245614035088, 32.97994987468672, 32.97744360902256, 32.984962406015036, 32.987468671679196, 32.98496240601504, 32.96491228070175, 32.9749373433584, 32.96491228070175, 32.9749373433584, 32.96741854636591, 32.987468671679196, 32.9749373433584, 32.9749373433584, 32.984962406015036, 32.987468671679196, 32.984962406015036, 32.98245614035088, 32.984962406015036, 32.98245614035088, 32.98997493734336, 32.98997493734336, 32.9749373433584, 32.98245614035088, 32.98997493734336, 32.98245614035088, 32.97744360902256, 32.9749373433584, 32.97994987468672, 32.97744360902256, 32.97994987468672, 32.98496240601504, 32.96992481203007, 32.9749373433584, 32.984962406015036, 32.9749373433584, 32.98245614035088, 32.97243107769424, 32.97994987468672, 32.98245614035088, 32.9749373433584, 32.97744360902256, 32.98245614035088, 32.97243107769424, 32.96992481203007, 32.96741854636592, 32.96741854636592, 32.96741854636591, 32.96741854636591, 32.96491228070175, 32.97243107769424, 32.9749373433584, 32.97994987468672, 32.97744360902256, 32.99498746867168, 32.98245614035088, 32.96741854636591, 32.96741854636592, 32.96491228070175, 32.97744360902256, 32.97243107769424, 32.96491228070175, 32.96992481203007, 32.96992481203007, 32.962406015037594, 32.962406015037594, 32.954887218045116, 32.96491228070175, 32.97744360902256, 32.98245614035088, 32.97744360902256, 32.98245614035088, 32.97994987468672, 32.98245614035088, 32.987468671679196, 32.97994987468672, 32.97994987468672, 32.98245614035088, 32.9749373433584, 32.984962406015036, 32.9749373433584, 32.98245614035088, 32.984962406015036, 32.96741854636592, 32.98245614035088, 32.97744360902256, 32.96491228070175, 32.9749373433584, 32.9749373433584, 32.97744360902256, 32.9749373433584, 32.98245614035088, 32.962406015037594, 32.9749373433584, 32.99248120300752, 32.97243107769424, 32.98245614035088, 32.97744360902256, 32.99498746867168, 32.98997493734336, 32.98245614035088, 32.99248120300752, 32.98496240601504, 32.984962406015036, 32.98997493734336, 32.987468671679196]",0.909931554917065,0.9324754286303153,33,"[33, 33, 33, 33, 33, 33, 33, 33, 33, 33, 33, 33, 33, 33, 33, 33, 33, 33, 33, 33, 33, 33, 33, 33, 33, 33, 33, 33, 33, 33, 33, 33, 33, 33, 33, 33, 33, 33, 33, 33, 33, 33, 33, 33, 33, 33, 33, 33, 33, 33, 33, 33, 33, 33, 33, 33, 33, 33, 33, 33, 33, 33, 33, 33, 33, 33, 33, 33, 33, 33, 33, 33, 33, 33, 33, 33, 33, 33, 33, 33, 33, 33, 33, 33, 33, 33, 33, 33, 33, 33, 33, 33, 33, 33, 33, 33, 33, 33, 33, 33, 33, 33, 33, 33, 33, 33, 33, 33, 33, 33, 33, 33, 33, 33, 33, 33, 33, 33, 33, 33, 33, 33, 33, 33, 33, 33, 33, 33, 33, 33, 33, 33, 33, 33, 33, 33, 33, 33, 33, 33, 33, 33, 33, 33, 33, 33, 33, 33, 33, 33, 33, 33, 33, 33, 33, 33, 33, 33, 33, 33, 33, 33, 33, 33, 33, 33, 33, 33, 33, 33, 33, 33, 33, 33, 33, 33, 33, 33, 33, 33, 33, 33, 33, 33, 33, 33, 33, 33, 33, 33, 33, 33, 33, 33, 33]",195,"[0.38417938351631165, 0.37253695726394653, 0.3699272871017456, 0.3610159158706665, 0.3556734025478363, 0.3508182764053345, 0.34635215997695923, 0.3411542773246765, 0.3398388624191284, 0.334010511636734, 0.3304729461669922, 0.32709774374961853, 0.3220195770263672, 0.31640204787254333, 0.31304991245269775, 0.30807092785835266, 0.3033715486526489, 0.2977767884731293, 0.2923295795917511, 0.28916314244270325, 0.28378409147262573, 0.27933210134506226, 0.2731555998325348, 0.26968300342559814, 0.26561394333839417, 0.264053076505661, 0.2594316601753235, 0.2563534677028656, 0.2533390522003174, 0.2505771517753601, 0.24753543734550476, 0.24551790952682495, 0.24543584883213043, 0.24400892853736877, 0.24001723527908325, 0.2396053671836853, 0.23762275278568268, 0.2356013059616089, 0.2358061969280243, 0.2317758947610855, 0.232927143573761, 0.2313806712627411, 0.22800041735172272, 0.2264292687177658, 0.22610794007778168, 0.2249886840581894, 0.22376689314842224, 0.2220812290906906, 0.21882495284080505, 0.21851439774036407, 0.21686656773090363, 0.21511787176132202, 0.21371880173683167, 0.216397225856781, 0.21385207772254944, 0.21321603655815125, 0.2120782732963562, 0.20903553068637848, 0.20962770283222198, 0.2086416482925415, 0.20709948241710663, 0.20944274961948395, 0.20656447112560272, 0.20422036945819855, 0.20512744784355164, 0.20506785809993744, 0.2018846571445465, 0.20490624010562897, 0.20501750707626343, 0.20051541924476624, 0.19934815168380737, 0.20818403363227844, 0.20375223457813263, 0.20063942670822144, 0.19719856977462769, 0.19840151071548462, 0.19884945452213287, 0.19599133729934692, 0.1958400160074234, 0.19489116966724396, 0.19462232291698456, 0.19514314830303192, 0.19490519165992737, 0.19357484579086304, 0.1923641413450241, 0.19341613352298737, 0.19678600132465363, 0.19207650423049927, 0.19183467328548431, 0.19326001405715942, 0.1931731253862381, 0.19100511074066162, 0.19139276444911957, 0.19074608385562897, 0.1913292109966278, 0.19134670495986938, 0.1918533742427826, 0.1928655207157135, 0.19535520672798157, 0.18987895548343658, 0.18935734033584595, 0.19039803743362427, 0.188193678855896, 0.19161882996559143, 0.19187824428081512, 0.18985123932361603, 0.1874510794878006, 0.1882399320602417, 0.18617397546768188, 0.18566669523715973, 0.1863277107477188, 0.1878845989704132, 0.18521469831466675, 0.18512147665023804, 0.18779554963111877, 0.18974433839321136, 0.18669769167900085, 0.18498945236206055, 0.18395838141441345, 0.19772697985172272, 0.1838761866092682, 0.1826431304216385, 0.18261584639549255, 0.18432621657848358, 0.19317622482776642, 0.18405991792678833, 0.1864151805639267, 0.18730363249778748, 0.18612447381019592, 0.18325838446617126, 0.18393543362617493, 0.18304723501205444, 0.18483640253543854, 0.18192364275455475, 0.1802513152360916, 0.1845075935125351, 0.18675418198108673, 0.1876475214958191, 0.18400096893310547, 0.18558691442012787, 0.18144981563091278, 0.183773472905159, 0.18460868299007416, 0.18289223313331604, 0.18437521159648895, 0.1846395879983902, 0.1862032264471054, 0.18472455441951752, 0.1801510751247406, 0.1797659695148468, 0.1814553290605545, 0.18092815577983856, 0.17977170646190643, 0.185038223862648, 0.18736599385738373, 0.17889901995658875, 0.18185722827911377, 0.18445681035518646, 0.1792367696762085, 0.182691752910614, 0.17973485589027405, 0.18435518443584442, 0.1794690489768982, 0.1796831339597702, 0.18633002042770386, 0.1794755905866623, 0.18446794152259827, 0.18126562237739563, 0.1883641481399536, 0.1786486804485321, 0.1773107349872589, 0.1823158860206604, 0.18570813536643982, 0.1810196042060852, 0.17758561670780182, 0.17720599472522736, 0.18074902892112732, 0.17971748113632202, 0.1801423877477646, 0.18007634580135345, 0.1775835007429123, 0.18020440638065338, 0.17823484539985657, 0.18019764125347137, 0.1822810024023056, 0.17972272634506226, 0.18069866299629211, 0.17887566983699799, 0.18047426640987396, 0.17751596868038177, 0.1830681413412094, 0.18017427623271942, 0.17965689301490784, 0.1796909123659134, 0.1787034273147583]",33.0,"[33.0, 33.0, 33.0, 33.0, 33.0, 33.0, 33.0, 33.0, 33.0, 33.0, 33.0, 33.0, 33.0, 33.0, 33.0, 33.0, 33.0, 33.0, 33.0, 33.0, 33.0, 33.0, 33.0, 33.0, 33.0, 33.0, 33.0, 33.0, 33.0, 33.0, 33.0, 33.0, 33.0, 33.0, 33.0, 33.0, 33.0, 33.0, 33.0, 33.0, 33.0, 33.0, 33.0, 33.0, 33.0, 33.0, 33.0, 33.0, 33.0, 33.0, 33.0, 33.0, 33.0, 33.0, 33.0, 33.0, 33.0, 33.0, 33.0, 33.0, 33.0, 33.0, 33.0, 33.0, 33.0, 33.0, 33.0, 33.0, 33.0, 33.0, 33.0, 33.0, 33.0, 33.0, 33.0, 33.0, 33.0, 33.0, 33.0, 33.0, 33.0, 33.0, 33.0, 33.0, 33.0, 33.0, 33.0, 33.0, 33.0, 33.0, 33.0, 33.0, 33.0, 33.0, 33.0, 33.0, 33.0, 33.0, 33.0, 33.0, 33.0, 33.0, 33.0, 33.0, 33.0, 33.0, 33.0, 33.0, 33.0, 33.0, 33.0, 33.0, 33.0, 33.0, 33.0, 33.0, 33.0, 33.0, 33.0, 33.0, 33.0, 33.0, 33.0, 33.0, 33.0, 33.0, 33.0, 33.0, 33.0, 33.0, 33.0, 33.0, 33.0, 33.0, 33.0, 33.0, 33.0, 33.0, 33.0, 33.0, 33.0, 33.0, 33.0, 33.0, 33.0, 33.0, 33.0, 33.0, 33.0, 33.0, 33.0, 33.0, 33.0, 33.0, 33.0, 33.0, 33.0, 33.0, 33.0, 33.0, 33.0, 33.0, 33.0, 33.0, 33.0, 33.0, 33.0, 33.0, 33.0, 33.0, 33.0, 33.0, 33.0, 33.0, 33.0, 33.0, 33.0, 33.0, 33.0, 33.0, 33.0, 33.0, 33.0, 33.0, 33.0, 33.0, 33.0, 33.0, 33.0, 33.0, 33.0, 33.0, 33.0, 33.0, 33.0]",COMPLETE
