,number,value,datetime_start,datetime_complete,duration,params_batch_size_scaler,params_constant_learning_rate,params_depth,params_epochs,params_kernel_l2,params_num_trees,params_temperature,user_attrs_accuracy_test,user_attrs_accuracy_valid,user_attrs_approximate_feature_sparsity,user_attrs_approximate_feature_sparsity_history,user_attrs_approximate_weight_sparsity,user_attrs_approximate_weight_sparsity_history,user_attrs_auc_test,user_attrs_auc_valid,user_attrs_feature_sparsity,user_attrs_feature_sparsity_history,user_attrs_num_epochs,user_attrs_val_loss_history,user_attrs_weight_sparsity,user_attrs_weight_sparsity_history,state
19,19,0.6905746415735982,2024-08-31 01:18:46.741662,2024-08-31 01:20:46.030613,0 days 00:01:59.288951,64,0.06744527947873173,6,195,0.08920413491851154,51,0.006121577316342205,0.86,0.85875,33,"[33, 33, 33, 33, 33, 33, 33, 33, 33, 33, 33, 33, 33, 33, 33, 33, 33, 33, 33, 33, 33, 33, 33, 33, 33, 33, 33, 33, 33, 33, 33, 33, 33, 33, 33, 33, 33, 33, 33, 33, 33, 33, 33, 33, 33, 33, 33, 33, 33, 33, 33, 33, 33, 33, 33, 33, 33, 33, 33, 33, 33, 33, 33, 33, 33, 33, 33, 33, 33, 33, 33, 33, 33, 33, 33, 33, 33, 33, 33, 33, 33, 33, 33, 33, 33, 33, 33, 33, 33, 33, 33, 33, 33, 33, 33, 33, 33, 33, 33, 33, 33, 33, 33, 33, 33, 33, 33, 33, 33, 33, 33, 33, 33, 33, 33, 33, 33, 33, 33, 33, 33, 33, 33, 33, 33, 33, 33, 33, 33, 33, 33, 33, 33, 33, 33, 33, 33, 33, 33, 33, 33, 33, 33, 33, 33, 33, 33, 33, 33, 33, 33, 33, 33, 33, 33, 33, 33, 33, 33, 33, 33, 33, 33, 33, 33, 33, 33, 33, 33, 33, 33, 33, 33, 33, 33, 33, 33, 33, 33, 33, 33, 33, 33, 33, 33, 33, 33, 33, 33, 33, 33, 33, 33, 33, 33]",32.9134765017118,"[32.92561469032057, 32.92779333955805, 32.92125739184563, 32.922813569872396, 32.92125739184563, 32.92436974789916, 32.920323685029565, 32.918145035792094, 32.92032368502957, 32.92125739184562, 32.92001244942421, 32.91938997821351, 32.91378773731715, 32.91596638655462, 32.91534391534391, 32.91534391534392, 32.918145035792094, 32.916588857765326, 32.9140989729225, 32.9134765017118, 32.91472144413321, 32.9187675070028, 32.91752256458139, 32.91721132897604, 32.91503267973856, 32.91721132897604, 32.91534391534392, 32.9140989729225, 32.91596638655462, 32.916588857765326, 32.91970121381886, 32.92063492063492, 32.92374727668845, 32.92312480547775, 32.92125739184563, 32.92187986305633, 32.922813569872396, 32.92001244942421, 32.918456271397446, 32.92125739184563, 32.92125739184563, 32.920323685029565, 32.91938997821351, 32.92094615624028, 32.92156862745098, 32.92312480547775, 32.924680983504516, 32.9234360410831, 32.92685963274198, 32.92779333955804, 32.92374727668845, 32.92125739184563, 32.91970121381886, 32.92250233426704, 32.9234360410831, 32.924680983504516, 32.922502334267044, 32.925925925925924, 32.92312480547775, 32.92187986305633, 32.920634920634924, 32.922813569872396, 32.92530345471522, 32.92374727668845, 32.92125739184563, 32.92001244942421, 32.92001244942422, 32.92156862745098, 32.9234360410831, 32.92374727668845, 32.92436974789916, 32.92499221910987, 32.92561469032057, 32.92436974789916, 32.92312480547775, 32.920634920634924, 32.91752256458139, 32.918767507002805, 32.92094615624028, 32.92032368502957, 32.92219109866169, 32.92125739184563, 32.92032368502957, 32.91970121381886, 32.91721132897604, 32.91534391534392, 32.91658885776533, 32.9187675070028, 32.91970121381887, 32.91752256458139, 32.91721132897603, 32.916588857765326, 32.91938997821351, 32.92156862745098, 32.920323685029565, 32.91907874260815, 32.91752256458139, 32.916277622159974, 32.916588857765326, 32.91378773731715, 32.91690009337068, 32.916277622159974, 32.916900093370685, 32.91752256458139, 32.91783380018674, 32.92032368502957, 32.91845627139745, 32.918145035792094, 32.920634920634924, 32.91970121381886, 32.91752256458139, 32.918145035792094, 32.91938997821351, 32.92001244942422, 32.918456271397446, 32.92281356987239, 32.924680983504516, 32.92125739184563, 32.918456271397446, 32.92125739184563, 32.92094615624027, 32.92156862745098, 32.92063492063492, 32.92001244942421, 32.920323685029565, 32.92125739184563, 32.920323685029565, 32.91752256458139, 32.91783380018674, 32.91970121381886, 32.92094615624028, 32.92094615624028, 32.92187986305633, 32.924680983504516, 32.9234360410831, 32.922813569872396, 32.922813569872396, 32.92374727668845, 32.92281356987239, 32.92125739184563, 32.92187986305633, 32.92094615624028, 32.92312480547775, 32.922502334267044, 32.922191098661685, 32.9234360410831, 32.92032368502957, 32.92063492063492, 32.920634920634924, 32.922191098661685, 32.924058512293804, 32.925925925925924, 32.926237161531276, 32.92374727668845, 32.924680983504516, 32.92717086834734, 32.92468098350451, 32.92312480547775, 32.92187986305633, 32.92125739184563, 32.92001244942421, 32.92094615624028, 32.920634920634924, 32.92001244942421, 32.91970121381886, 32.918456271397446, 32.918456271397446, 32.918456271397446, 32.916588857765326, 32.91596638655462, 32.91783380018674, 32.91752256458139, 32.91783380018674, 32.918145035792094, 32.920323685029565, 32.920634920634924, 32.91907874260816, 32.9187675070028, 32.91690009337068, 32.91783380018674, 32.91690009337068, 32.91565515094927, 32.91378773731715, 32.91378773731715, 32.91378773731715, 32.916588857765326, 32.915032679738566, 32.91565515094927, 32.916900093370685, 32.9193899782135, 32.91907874260816, 32.91721132897604, 32.91472144413321, 32.91192032368503, 32.9134765017118]",0.7248738843616608,0.6905746415735982,33,"[33, 33, 33, 33, 33, 33, 33, 33, 33, 33, 33, 33, 33, 33, 33, 33, 33, 33, 33, 33, 33, 33, 33, 33, 33, 33, 33, 33, 33, 33, 33, 33, 33, 33, 33, 33, 33, 33, 33, 33, 33, 33, 33, 33, 33, 33, 33, 33, 33, 33, 33, 33, 33, 33, 33, 33, 33, 33, 33, 33, 33, 33, 33, 33, 33, 33, 33, 33, 33, 33, 33, 33, 33, 33, 33, 33, 33, 33, 33, 33, 33, 33, 33, 33, 33, 33, 33, 33, 33, 33, 33, 33, 33, 33, 33, 33, 33, 33, 33, 33, 33, 33, 33, 33, 33, 33, 33, 33, 33, 33, 33, 33, 33, 33, 33, 33, 33, 33, 33, 33, 33, 33, 33, 33, 33, 33, 33, 33, 33, 33, 33, 33, 33, 33, 33, 33, 33, 33, 33, 33, 33, 33, 33, 33, 33, 33, 33, 33, 33, 33, 33, 33, 33, 33, 33, 33, 33, 33, 33, 33, 33, 33, 33, 33, 33, 33, 33, 33, 33, 33, 33, 33, 33, 33, 33, 33, 33, 33, 33, 33, 33, 33, 33, 33, 33, 33, 33, 33, 33, 33, 33, 33, 33, 33, 33]",195,"[0.6751549243927002, 0.6204469203948975, 0.5773048400878906, 0.5448098182678223, 0.5196720361709595, 0.49903982877731323, 0.4824819564819336, 0.469504714012146, 0.4591543674468994, 0.4500756859779358, 0.44273802638053894, 0.4365405738353729, 0.4311240315437317, 0.42689090967178345, 0.42292019724845886, 0.41978541016578674, 0.4172578454017639, 0.4148312509059906, 0.4128711223602295, 0.41107693314552307, 0.40960368514060974, 0.40841352939605713, 0.4070360064506531, 0.40601980686187744, 0.40494024753570557, 0.40407001972198486, 0.4032636880874634, 0.40255460143089294, 0.4018826186656952, 0.4012124538421631, 0.4006325900554657, 0.4002755880355835, 0.39981257915496826, 0.39929500222206116, 0.39878880977630615, 0.39827364683151245, 0.3978133499622345, 0.39743560552597046, 0.3971744477748871, 0.3968852758407593, 0.3966134786605835, 0.39630115032196045, 0.39604291319847107, 0.39573436975479126, 0.3954359292984009, 0.3951551020145416, 0.3948665261268616, 0.39465007185935974, 0.3944062888622284, 0.3941584825515747, 0.39391955733299255, 0.39367473125457764, 0.393472820520401, 0.39321285486221313, 0.39297986030578613, 0.3928239941596985, 0.39258211851119995, 0.39233094453811646, 0.39215007424354553, 0.39193761348724365, 0.39173218607902527, 0.39150211215019226, 0.39129438996315, 0.39113369584083557, 0.39095374941825867, 0.39077553153038025, 0.3905686140060425, 0.390380859375, 0.3902190923690796, 0.3900797367095947, 0.38984283804893494, 0.3896893560886383, 0.38949185609817505, 0.38934144377708435, 0.3891698718070984, 0.3889731466770172, 0.388792484998703, 0.3886367082595825, 0.38844409584999084, 0.38823777437210083, 0.38808220624923706, 0.38792723417282104, 0.38771575689315796, 0.3875148892402649, 0.3873840570449829, 0.3872118294239044, 0.3870737850666046, 0.3869134187698364, 0.38674044609069824, 0.3865673542022705, 0.38644909858703613, 0.38629817962646484, 0.3861488699913025, 0.38601624965667725, 0.38585829734802246, 0.3856984078884125, 0.3855608403682709, 0.38537102937698364, 0.3852028250694275, 0.3850816786289215, 0.38495540618896484, 0.3848284184932709, 0.38468706607818604, 0.3845561146736145, 0.3844161331653595, 0.384261816740036, 0.38411518931388855, 0.38398078083992004, 0.3838379979133606, 0.38372695446014404, 0.38362792134284973, 0.3835248649120331, 0.3833919167518616, 0.3832802474498749, 0.3831266164779663, 0.38299664855003357, 0.3828476369380951, 0.3827457129955292, 0.3826286792755127, 0.38249701261520386, 0.3824012875556946, 0.382299542427063, 0.3821628987789154, 0.38205215334892273, 0.3819209933280945, 0.3818124532699585, 0.38169944286346436, 0.38158875703811646, 0.38151028752326965, 0.3813794255256653, 0.38125649094581604, 0.38112759590148926, 0.3810216784477234, 0.38092324137687683, 0.38083919882774353, 0.38073721528053284, 0.38063564896583557, 0.38054248690605164, 0.3804195523262024, 0.3803097903728485, 0.380196213722229, 0.3800775408744812, 0.38003236055374146, 0.379904568195343, 0.3797972500324249, 0.379691481590271, 0.3795810639858246, 0.3794795274734497, 0.3794008493423462, 0.3792864680290222, 0.3792027533054352, 0.3791236877441406, 0.37899795174598694, 0.37892401218414307, 0.3788483738899231, 0.3788068890571594, 0.3787594139575958, 0.37867438793182373, 0.37857481837272644, 0.37848612666130066, 0.37838128209114075, 0.37824156880378723, 0.37815847992897034, 0.37807637453079224, 0.3779827356338501, 0.37785765528678894, 0.37777796387672424, 0.37767523527145386, 0.3775891363620758, 0.37748634815216064, 0.3773973882198334, 0.37729358673095703, 0.3772052526473999, 0.37710466980934143, 0.37702998518943787, 0.37693318724632263, 0.37681257724761963, 0.3766935467720032, 0.376615434885025, 0.3765256404876709, 0.3764749765396118, 0.3764060139656067, 0.3763335049152374, 0.3762679398059845, 0.3761960566043854, 0.3760969042778015, 0.37604376673698425, 0.3759552836418152, 0.3758859634399414, 0.3758019506931305, 0.37570327520370483, 0.37563809752464294, 0.375543475151062, 0.3754764497280121, 0.3754052221775055]",33.0,"[33.0, 33.0, 33.0, 33.0, 33.0, 33.0, 33.0, 33.0, 33.0, 33.0, 33.0, 33.0, 33.0, 33.0, 33.0, 33.0, 33.0, 33.0, 33.0, 33.0, 33.0, 33.0, 33.0, 33.0, 33.0, 33.0, 33.0, 33.0, 33.0, 33.0, 33.0, 33.0, 33.0, 33.0, 33.0, 33.0, 33.0, 33.0, 33.0, 33.0, 33.0, 33.0, 33.0, 33.0, 33.0, 33.0, 33.0, 33.0, 33.0, 33.0, 33.0, 33.0, 33.0, 33.0, 33.0, 33.0, 33.0, 33.0, 33.0, 33.0, 33.0, 33.0, 33.0, 33.0, 33.0, 33.0, 33.0, 33.0, 33.0, 33.0, 33.0, 33.0, 33.0, 33.0, 33.0, 33.0, 33.0, 33.0, 33.0, 33.0, 33.0, 33.0, 33.0, 33.0, 33.0, 33.0, 33.0, 33.0, 33.0, 33.0, 33.0, 33.0, 33.0, 33.0, 33.0, 33.0, 33.0, 33.0, 33.0, 33.0, 33.0, 33.0, 33.0, 33.0, 33.0, 33.0, 33.0, 33.0, 33.0, 33.0, 33.0, 33.0, 33.0, 33.0, 33.0, 33.0, 33.0, 33.0, 33.0, 33.0, 33.0, 33.0, 33.0, 33.0, 33.0, 33.0, 33.0, 33.0, 33.0, 33.0, 33.0, 33.0, 33.0, 33.0, 33.0, 33.0, 33.0, 33.0, 33.0, 33.0, 33.0, 33.0, 33.0, 33.0, 33.0, 33.0, 33.0, 33.0, 33.0, 33.0, 33.0, 33.0, 33.0, 33.0, 33.0, 33.0, 33.0, 33.0, 33.0, 33.0, 33.0, 33.0, 33.0, 33.0, 33.0, 33.0, 33.0, 33.0, 33.0, 33.0, 33.0, 33.0, 33.0, 33.0, 33.0, 33.0, 33.0, 33.0, 33.0, 33.0, 33.0, 33.0, 33.0, 33.0, 33.0, 33.0, 33.0, 33.0, 33.0, 33.0, 33.0, 33.0, 33.0, 33.0, 33.0]",COMPLETE
