,number,value,datetime_start,datetime_complete,duration,params_batch_size_scaler,params_constant_learning_rate,params_depth,params_epochs,params_kernel_l2,params_num_trees,params_temperature,user_attrs_accuracy_test,user_attrs_accuracy_valid,user_attrs_approximate_feature_sparsity,user_attrs_approximate_feature_sparsity_history,user_attrs_approximate_weight_sparsity,user_attrs_approximate_weight_sparsity_history,user_attrs_auc_test,user_attrs_auc_valid,user_attrs_feature_sparsity,user_attrs_feature_sparsity_history,user_attrs_num_epochs,user_attrs_val_loss_history,user_attrs_weight_sparsity,user_attrs_weight_sparsity_history,state
24,24,0.8377838749983899,2024-08-31 01:35:34.097193,2024-08-31 01:36:16.962436,0 days 00:00:42.865243,16,0.019862894801325023,2,380,0.04245168884401944,65,0.002359373102077954,0.878,0.8725,33,"[33, 33, 33, 33, 33, 33, 33, 33, 33, 33, 33, 33, 33, 33, 33, 33, 33, 33, 33, 33, 33, 33, 33, 33, 33, 33, 33, 33, 33, 33, 33, 33, 33, 33, 33, 33, 33, 33, 33, 33, 33, 33, 33, 33, 33, 33, 33, 33, 33, 33, 33, 33, 33, 33, 33, 33, 33, 33, 33, 33, 33, 33, 33, 33, 33, 33, 33, 33, 33, 33, 33, 33, 33, 33, 33, 33, 33, 33, 33, 33, 33, 33, 33, 33, 33, 33, 33, 33, 33, 33, 33, 33, 33, 33, 33, 33, 33, 33, 33, 33, 33, 33, 33, 33, 33, 33, 33, 33, 33, 33, 33, 33, 33, 33, 33, 33, 33, 33, 33, 33, 33, 33, 33, 33, 33, 33, 33, 33, 33, 33, 33, 33, 33, 33, 33, 33, 33, 33, 33, 33, 33, 33, 33, 33, 33, 33, 33, 33, 33, 33, 33, 33, 33, 33, 33, 33, 33, 33, 33, 33, 33, 33, 33, 33, 33, 33, 33, 33, 33, 33, 33, 33, 33, 33, 33, 33, 33, 33, 33, 33, 33, 33, 33, 33, 33, 33, 33, 33, 33, 33, 33, 33, 33, 33, 33, 33, 33, 33, 33, 33, 33, 33, 33, 33, 33, 33, 33, 33, 33, 33, 33, 33, 33, 33, 33, 33, 33, 33, 33, 33, 33, 33, 33, 33, 33, 33, 33, 33, 33, 33, 33, 33, 33, 33, 33, 33, 33, 33, 33, 33, 33, 33, 33, 33, 33, 33, 33, 33, 33, 33, 33, 33, 33, 33, 33, 33, 33, 33, 33, 33, 33, 33, 33, 33, 33, 33, 33, 33, 33, 33, 33, 33, 33, 33, 33, 33, 33, 33, 33, 33, 33, 33, 33, 33, 33, 33, 33, 33, 33, 33, 33, 33, 33, 33, 33, 33, 33, 33, 33, 33, 33, 33, 33, 33, 33, 33, 33, 33, 33, 33, 33, 33, 33, 33, 33, 33, 33, 33, 33, 33, 33, 33, 33, 33, 33, 33, 33, 33, 33, 33, 33, 33, 33, 33, 33, 33, 33, 33, 33, 33, 33, 33, 33, 33, 33, 33, 33, 33, 33, 33, 33, 33, 33, 33, 33, 33, 33, 33, 33, 33, 33, 33, 33, 33, 33, 33, 33, 33, 33, 33, 33, 33, 33, 33, 33, 33, 33, 33, 33, 33]",32.98974358974359,"[32.97948717948718, 32.95384615384616, 32.95384615384616, 32.95897435897436, 32.94871794871795, 32.97948717948718, 32.98461538461538, 32.97435897435898, 32.97948717948718, 32.97948717948718, 32.97435897435898, 32.98974358974359, 32.97948717948718, 32.98974358974359, 32.98461538461538, 32.97948717948718, 32.97948717948718, 32.98974358974359, 32.97948717948718, 32.97948717948718, 32.97435897435898, 32.98461538461538, 32.98974358974359, 32.98974358974359, 32.98461538461538, 32.98461538461538, 32.97435897435898, 32.98461538461538, 32.98461538461538, 32.98974358974359, 32.98974358974359, 32.98974358974359, 32.9948717948718, 32.98974358974359, 32.9948717948718, 32.98974358974359, 32.9948717948718, 32.9948717948718, 32.97435897435898, 32.98461538461538, 32.98461538461538, 32.98974358974359, 32.97435897435898, 32.98461538461538, 32.98974358974359, 32.9948717948718, 32.98461538461538, 32.97435897435898, 32.98461538461538, 32.98461538461538, 32.96923076923077, 32.96923076923077, 32.96410256410256, 32.96410256410256, 32.95384615384616, 32.95384615384616, 32.96923076923077, 32.94871794871795, 32.95384615384616, 32.96923076923077, 32.97435897435898, 32.98461538461538, 32.97948717948718, 32.97948717948718, 32.98461538461538, 32.98461538461538, 32.98974358974359, 32.98974358974359, 32.9948717948718, 32.98974358974359, 32.98974358974359, 32.98461538461538, 32.98461538461538, 32.98461538461538, 32.97948717948718, 32.9948717948718, 32.9948717948718, 32.9948717948718, 33.0, 33.0, 33.0, 33.0, 33.0, 33.0, 32.9948717948718, 32.98974358974359, 32.98461538461538, 32.98974358974359, 32.98974358974359, 32.98974358974359, 32.9948717948718, 32.9948717948718, 32.9948717948718, 32.9948717948718, 32.98974358974359, 32.98974358974359, 32.98974358974359, 32.98461538461538, 32.97948717948718, 32.98461538461538, 32.98461538461538, 32.98974358974359, 32.98974358974359, 32.9948717948718, 32.98974358974359, 32.98974358974359, 32.97948717948718, 32.97435897435898, 32.97948717948718, 32.98461538461538, 32.9948717948718, 32.98974358974359, 32.98974358974359, 32.98461538461538, 32.98461538461538, 32.97435897435898, 32.97948717948718, 32.98461538461538, 32.98974358974359, 32.97948717948718, 32.97948717948718, 32.96923076923077, 32.95897435897436, 32.97435897435898, 32.96410256410256, 32.96923076923077, 32.97948717948718, 32.97948717948718, 32.97435897435898, 32.97435897435898, 32.97948717948718, 32.98461538461538, 32.97435897435898, 32.98461538461538, 32.97948717948718, 32.97948717948718, 32.96410256410256, 32.96923076923077, 32.97435897435898, 32.97948717948718, 32.97435897435898, 32.97435897435898, 32.97948717948718, 32.97435897435898, 32.95897435897436, 32.96410256410256, 32.96923076923077, 32.97435897435898, 32.97435897435898, 32.97948717948718, 32.96410256410256, 32.96410256410256, 32.96410256410256, 32.95897435897436, 32.96410256410256, 32.96923076923077, 32.97435897435898, 32.97435897435898, 32.97948717948718, 32.97948717948718, 32.98461538461538, 32.98974358974359, 32.97948717948718, 32.97948717948718, 32.98974358974359, 32.98461538461538, 32.98461538461538, 32.9948717948718, 32.97435897435898, 32.96923076923077, 32.97948717948718, 32.97948717948718, 32.97948717948718, 32.97948717948718, 32.97435897435898, 32.97435897435898, 32.97948717948718, 32.97948717948718, 32.98461538461538, 32.98461538461538, 32.98461538461538, 32.98461538461538, 32.97948717948718, 32.97948717948718, 32.97948717948718, 32.97948717948718, 32.97948717948718, 32.97948717948718, 32.97435897435898, 32.96923076923077, 32.96923076923077, 32.96923076923077, 32.96410256410256, 32.96410256410256, 32.96923076923077, 32.96410256410256, 32.96410256410256, 32.96410256410256, 32.97948717948718, 32.97948717948718, 32.97948717948718, 32.97948717948718, 32.98461538461538, 32.98461538461538, 32.98461538461538, 32.98461538461538, 32.97435897435898, 32.95897435897436, 32.97435897435898, 32.96923076923077, 32.97435897435898, 32.97948717948718, 32.98461538461538, 32.98461538461538, 32.97435897435898, 32.97948717948718, 32.97435897435898, 32.98461538461538, 32.97948717948718, 32.96923076923077, 32.96923076923077, 32.97948717948718, 32.97948717948718, 32.96923076923077, 32.97435897435898, 32.97948717948718, 32.97948717948718, 32.97435897435898, 32.97435897435898, 32.97435897435898, 32.96410256410256, 32.96410256410256, 32.96923076923077, 32.97948717948718, 32.97948717948718, 32.98461538461538, 32.98461538461538, 32.97435897435898, 32.97435897435898, 32.97948717948718, 32.97435897435898, 32.97435897435898, 32.97435897435898, 32.97948717948718, 32.97435897435898, 32.96923076923077, 32.96923076923077, 32.97435897435898, 32.96923076923077, 32.97435897435898, 32.97435897435898, 32.97948717948718, 32.97435897435898, 32.98461538461538, 32.98974358974359, 32.98974358974359, 32.98461538461538, 32.98974358974359, 32.98461538461538, 32.98461538461538, 32.98461538461538, 32.98461538461538, 32.98461538461538, 32.97948717948718, 32.98974358974359, 32.9948717948718, 32.9948717948718, 32.9948717948718, 32.98974358974359, 32.98974358974359, 32.9948717948718, 32.98974358974359, 32.98461538461538, 32.98461538461538, 32.97948717948718, 32.97435897435898, 32.97948717948718, 32.98461538461538, 32.97948717948718, 32.98974358974359, 32.98974358974359, 32.98974358974359, 32.97948717948718, 32.97435897435898, 32.97948717948718, 32.98974358974359, 32.98974358974359, 32.98974358974359, 32.98461538461538, 32.97948717948718, 32.98461538461538, 32.98461538461538, 32.98461538461538, 32.98461538461538, 32.97435897435898, 32.97948717948718, 32.97948717948718, 32.97948717948718, 32.97948717948718, 32.97948717948718, 32.97435897435898, 32.97435897435898, 32.97435897435898, 32.97435897435898, 32.96923076923077, 32.96410256410256, 32.97948717948718, 32.97435897435898, 32.97435897435898, 32.96923076923077, 32.97948717948718, 32.97948717948718, 32.97948717948718, 32.98461538461538, 32.97948717948718, 32.97948717948718, 32.97435897435898, 32.96923076923077, 32.96923076923077, 32.97948717948718, 32.98461538461538, 32.98461538461538, 32.98461538461538, 32.98461538461538, 32.97435897435898, 32.97435897435898, 32.97435897435898, 32.96923076923077, 32.97435897435898, 32.97435897435898, 32.97435897435898, 32.96923076923077, 32.96923076923077, 32.96923076923077, 32.97435897435898, 32.98461538461538, 32.98461538461538, 32.98461538461538, 32.98461538461538, 32.97948717948718, 32.98461538461538, 32.97435897435898, 32.96923076923077, 32.95384615384616, 32.95897435897436, 32.96923076923077, 32.96923076923077, 32.96923076923077, 32.96923076923077, 32.96410256410256, 32.95384615384616, 32.96410256410256, 32.96410256410256, 32.96923076923077, 32.97435897435898, 32.97948717948718, 32.97948717948718, 32.97948717948718, 32.97948717948718, 32.97948717948718, 32.97948717948718, 32.98461538461538, 32.97948717948718, 32.97948717948718, 32.97948717948718, 32.97948717948718, 32.97435897435898, 32.96410256410256, 32.95384615384616, 32.95897435897436, 32.95897435897436, 32.95384615384616, 32.96410256410256, 32.96410256410256, 32.95897435897436, 32.96410256410256, 32.96410256410256, 32.97435897435898, 32.98461538461538, 32.98974358974359]",0.8472493993510514,0.8377838749983899,33,"[33, 33, 33, 33, 33, 33, 33, 33, 33, 33, 33, 33, 33, 33, 33, 33, 33, 33, 33, 33, 33, 33, 33, 33, 33, 33, 33, 33, 33, 33, 33, 33, 33, 33, 33, 33, 33, 33, 33, 33, 33, 33, 33, 33, 33, 33, 33, 33, 33, 33, 33, 33, 33, 33, 33, 33, 33, 33, 33, 33, 33, 33, 33, 33, 33, 33, 33, 33, 33, 33, 33, 33, 33, 33, 33, 33, 33, 33, 33, 33, 33, 33, 33, 33, 33, 33, 33, 33, 33, 33, 33, 33, 33, 33, 33, 33, 33, 33, 33, 33, 33, 33, 33, 33, 33, 33, 33, 33, 33, 33, 33, 33, 33, 33, 33, 33, 33, 33, 33, 33, 33, 33, 33, 33, 33, 33, 33, 33, 33, 33, 33, 33, 33, 33, 33, 33, 33, 33, 33, 33, 33, 33, 33, 33, 33, 33, 33, 33, 33, 33, 33, 33, 33, 33, 33, 33, 33, 33, 33, 33, 33, 33, 33, 33, 33, 33, 33, 33, 33, 33, 33, 33, 33, 33, 33, 33, 33, 33, 33, 33, 33, 33, 33, 33, 33, 33, 33, 33, 33, 33, 33, 33, 33, 33, 33, 33, 33, 33, 33, 33, 33, 33, 33, 33, 33, 33, 33, 33, 33, 33, 33, 33, 33, 33, 33, 33, 33, 33, 33, 33, 33, 33, 33, 33, 33, 33, 33, 33, 33, 33, 33, 33, 33, 33, 33, 33, 33, 33, 33, 33, 33, 33, 33, 33, 33, 33, 33, 33, 33, 33, 33, 33, 33, 33, 33, 33, 33, 33, 33, 33, 33, 33, 33, 33, 33, 33, 33, 33, 33, 33, 33, 33, 33, 33, 33, 33, 33, 33, 33, 33, 33, 33, 33, 33, 33, 33, 33, 33, 33, 33, 33, 33, 33, 33, 33, 33, 33, 33, 33, 33, 33, 33, 33, 33, 33, 33, 33, 33, 33, 33, 33, 33, 33, 33, 33, 33, 33, 33, 33, 33, 33, 33, 33, 33, 33, 33, 33, 33, 33, 33, 33, 33, 33, 33, 33, 33, 33, 33, 33, 33, 33, 33, 33, 33, 33, 33, 33, 33, 33, 33, 33, 33, 33, 33, 33, 33, 33, 33, 33, 33, 33, 33, 33, 33, 33, 33, 33, 33, 33, 33, 33, 33, 33, 33, 33, 33, 33, 33, 33, 33]",380,"[0.4147986173629761, 0.4041352868080139, 0.40173104405403137, 0.40009528398513794, 0.3987983763217926, 0.39756491780281067, 0.3964036703109741, 0.39530834555625916, 0.39434880018234253, 0.393332839012146, 0.39244696497917175, 0.39149022102355957, 0.3907408118247986, 0.38994747400283813, 0.38914573192596436, 0.38841670751571655, 0.38774338364601135, 0.3870822787284851, 0.38646259903907776, 0.38587966561317444, 0.38532912731170654, 0.3848084509372711, 0.3843151926994324, 0.38386088609695435, 0.38338080048561096, 0.38295504450798035, 0.38246089220046997, 0.3821435272693634, 0.3817564845085144, 0.38137340545654297, 0.38093605637550354, 0.3805844485759735, 0.3803018629550934, 0.3800106942653656, 0.37958824634552, 0.3792794346809387, 0.3789559304714203, 0.3786908984184265, 0.3783891201019287, 0.3781808018684387, 0.37783122062683105, 0.37754055857658386, 0.37728041410446167, 0.37700599431991577, 0.37680548429489136, 0.3765455186367035, 0.3763001263141632, 0.3761363923549652, 0.37584373354911804, 0.3755584955215454, 0.3753591775894165, 0.3750790059566498, 0.3748902380466461, 0.3747330605983734, 0.3745143413543701, 0.37433069944381714, 0.3740701377391815, 0.3737819790840149, 0.3735544681549072, 0.3733658492565155, 0.3731454908847809, 0.3729979693889618, 0.3726765513420105, 0.3725450038909912, 0.3724704086780548, 0.37215086817741394, 0.3719557821750641, 0.3717392086982727, 0.3715779483318329, 0.37138262391090393, 0.3711997866630554, 0.37094295024871826, 0.370757132768631, 0.37065044045448303, 0.3703528940677643, 0.37017545104026794, 0.3700389862060547, 0.3698541522026062, 0.36960291862487793, 0.36958789825439453, 0.3694251775741577, 0.36911147832870483, 0.3689388632774353, 0.36884957551956177, 0.3687434792518616, 0.36834484338760376, 0.36813223361968994, 0.3680204749107361, 0.36783236265182495, 0.36772292852401733, 0.3675675690174103, 0.3675200641155243, 0.36717209219932556, 0.3669416010379791, 0.3666483759880066, 0.3665004372596741, 0.36629635095596313, 0.3660863935947418, 0.3659319281578064, 0.3658798336982727, 0.3656088709831238, 0.3653976023197174, 0.3652046322822571, 0.3650267422199249, 0.3648778200149536, 0.3647536337375641, 0.36464762687683105, 0.3644947111606598, 0.36414799094200134, 0.3640153408050537, 0.3638301193714142, 0.3636848032474518, 0.3637240529060364, 0.3633985221385956, 0.36316153407096863, 0.36299288272857666, 0.3627088963985443, 0.36250150203704834, 0.3624800145626068, 0.36226189136505127, 0.36210450530052185, 0.36190512776374817, 0.36153993010520935, 0.36144691705703735, 0.3612390458583832, 0.36115801334381104, 0.36093130707740784, 0.36074256896972656, 0.36047354340553284, 0.3604930639266968, 0.36017045378685, 0.3600652813911438, 0.3597485423088074, 0.3595987558364868, 0.3593614995479584, 0.35919907689094543, 0.359047532081604, 0.3588636517524719, 0.3587559461593628, 0.35864749550819397, 0.35838034749031067, 0.358207106590271, 0.3580207824707031, 0.3579047918319702, 0.357629656791687, 0.35747143626213074, 0.3572964370250702, 0.35717886686325073, 0.3571394979953766, 0.3568241000175476, 0.35668402910232544, 0.3564521372318268, 0.35633617639541626, 0.35612913966178894, 0.35604411363601685, 0.35574355721473694, 0.3555738031864166, 0.3554345965385437, 0.3552706837654114, 0.3552181124687195, 0.35492148995399475, 0.354760080575943, 0.35468021035194397, 0.3543921411037445, 0.3542449176311493, 0.3540724217891693, 0.3538045883178711, 0.35365647077560425, 0.3534332513809204, 0.35336440801620483, 0.35323265194892883, 0.3529961407184601, 0.35283225774765015, 0.3526158928871155, 0.3524360656738281, 0.35239073634147644, 0.35220175981521606, 0.3520330488681793, 0.3518412113189697, 0.35158053040504456, 0.3514291048049927, 0.35130974650382996, 0.3512209951877594, 0.35088902711868286, 0.35066574811935425, 0.3505246341228485, 0.3504384160041809, 0.3502717912197113, 0.3501829504966736, 0.3500889241695404, 0.3498263955116272, 0.3496927320957184, 0.3494495451450348, 0.3493623435497284, 0.34910690784454346, 0.3489699959754944, 0.3487566113471985, 0.34853827953338623, 0.348393976688385, 0.3481917679309845, 0.34810370206832886, 0.34786370396614075, 0.34773051738739014, 0.34766852855682373, 0.3474370837211609, 0.34747132658958435, 0.3470906913280487, 0.34687235951423645, 0.34672221541404724, 0.34661224484443665, 0.34638673067092896, 0.34618648886680603, 0.3460216224193573, 0.34585151076316833, 0.34575775265693665, 0.34555473923683167, 0.345417320728302, 0.34532687067985535, 0.3450809717178345, 0.344960480928421, 0.3448660671710968, 0.3446483910083771, 0.3445758521556854, 0.3444173038005829, 0.34420764446258545, 0.34402698278427124, 0.3439008295536041, 0.3436453640460968, 0.3435247540473938, 0.3434619903564453, 0.343262255191803, 0.3431514501571655, 0.342990905046463, 0.3428039848804474, 0.3425463140010834, 0.34239456057548523, 0.3423580229282379, 0.34222888946533203, 0.34208592772483826, 0.3418669104576111, 0.34169214963912964, 0.3415497839450836, 0.3414114713668823, 0.3412133455276489, 0.3410310447216034, 0.3408535122871399, 0.3406934440135956, 0.3405008018016815, 0.34046292304992676, 0.34020230174064636, 0.34007593989372253, 0.34005269408226013, 0.339756041765213, 0.3394610583782196, 0.3393230438232422, 0.33932122588157654, 0.33893629908561707, 0.338826447725296, 0.33862295746803284, 0.3385479748249054, 0.33834004402160645, 0.33817508816719055, 0.33819329738616943, 0.3379947543144226, 0.3380239009857178, 0.33758866786956787, 0.33743754029273987, 0.33720722794532776, 0.33713895082473755, 0.33693450689315796, 0.33681392669677734, 0.3365802764892578, 0.33637362718582153, 0.33616960048675537, 0.33607879281044006, 0.33590424060821533, 0.3358116149902344, 0.335767924785614, 0.33553045988082886, 0.33546531200408936, 0.33529597520828247, 0.33497488498687744, 0.33484816551208496, 0.334600031375885, 0.33448946475982666, 0.3343479633331299, 0.3341243267059326, 0.33396366238594055, 0.3338029384613037, 0.3336023688316345, 0.33347782492637634, 0.33336710929870605, 0.3331869840621948, 0.3330153226852417, 0.3329505920410156, 0.33267784118652344, 0.33240383863449097, 0.332304984331131, 0.332088440656662, 0.33198070526123047, 0.33184191584587097, 0.33171311020851135, 0.3315395712852478, 0.33135345578193665, 0.33131372928619385, 0.33102864027023315, 0.3307790756225586, 0.33083218336105347, 0.33067870140075684, 0.3304019272327423, 0.33011338114738464, 0.3299703299999237, 0.3298391103744507, 0.32965344190597534, 0.3294689953327179, 0.3292497396469116, 0.3292248547077179, 0.3291201889514923, 0.3288312256336212, 0.3286943733692169, 0.3285326659679413, 0.3283565044403076, 0.3282802104949951, 0.328143835067749, 0.3282395601272583, 0.3281664252281189, 0.3278178870677948, 0.327545166015625, 0.3272935152053833, 0.327117919921875, 0.32689011096954346, 0.32678163051605225, 0.32660412788391113, 0.32643193006515503, 0.3262784481048584, 0.3260971009731293, 0.3259446620941162, 0.32580360770225525, 0.3257277011871338, 0.3254016041755676, 0.32536184787750244, 0.32511740922927856, 0.3249087631702423, 0.3247022330760956, 0.32464921474456787, 0.3244937062263489, 0.32420992851257324, 0.324129194021225, 0.3238750398159027, 0.3236651122570038, 0.3236619532108307, 0.32341453433036804, 0.32321274280548096, 0.3229943513870239, 0.32286176085472107, 0.32274386286735535, 0.3224727213382721, 0.3222936689853668, 0.32214316725730896, 0.32187262177467346, 0.32178637385368347, 0.32162922620773315, 0.321402907371521, 0.3212670087814331, 0.3209626376628876, 0.3207720220088959, 0.3206457495689392, 0.32050544023513794, 0.3203774392604828, 0.320059210062027, 0.3199540376663208, 0.3197968006134033, 0.3196506202220917, 0.31949061155319214, 0.31926047801971436, 0.31914007663726807, 0.3193984031677246, 0.3189861476421356, 0.3186795115470886, 0.31852951645851135]",33.0,"[33.0, 33.0, 33.0, 33.0, 33.0, 33.0, 33.0, 33.0, 33.0, 33.0, 33.0, 33.0, 33.0, 33.0, 33.0, 33.0, 33.0, 33.0, 33.0, 33.0, 33.0, 33.0, 33.0, 33.0, 33.0, 33.0, 33.0, 33.0, 33.0, 33.0, 33.0, 33.0, 33.0, 33.0, 33.0, 33.0, 33.0, 33.0, 33.0, 33.0, 33.0, 33.0, 33.0, 33.0, 33.0, 33.0, 33.0, 33.0, 33.0, 33.0, 33.0, 33.0, 33.0, 33.0, 33.0, 33.0, 33.0, 33.0, 33.0, 33.0, 33.0, 33.0, 33.0, 33.0, 33.0, 33.0, 33.0, 33.0, 33.0, 33.0, 33.0, 33.0, 33.0, 33.0, 33.0, 33.0, 33.0, 33.0, 33.0, 33.0, 33.0, 33.0, 33.0, 33.0, 33.0, 33.0, 33.0, 33.0, 33.0, 33.0, 33.0, 33.0, 33.0, 33.0, 33.0, 33.0, 33.0, 33.0, 33.0, 33.0, 33.0, 33.0, 33.0, 33.0, 33.0, 33.0, 33.0, 33.0, 33.0, 33.0, 33.0, 33.0, 33.0, 33.0, 33.0, 33.0, 33.0, 33.0, 33.0, 33.0, 33.0, 33.0, 33.0, 33.0, 33.0, 33.0, 33.0, 33.0, 33.0, 33.0, 33.0, 33.0, 33.0, 33.0, 33.0, 33.0, 33.0, 33.0, 33.0, 33.0, 33.0, 33.0, 33.0, 33.0, 33.0, 33.0, 33.0, 33.0, 33.0, 33.0, 33.0, 33.0, 33.0, 33.0, 33.0, 33.0, 33.0, 33.0, 33.0, 33.0, 33.0, 33.0, 33.0, 33.0, 33.0, 33.0, 33.0, 33.0, 33.0, 33.0, 33.0, 33.0, 33.0, 33.0, 33.0, 33.0, 33.0, 33.0, 33.0, 33.0, 33.0, 33.0, 33.0, 33.0, 33.0, 33.0, 33.0, 33.0, 33.0, 33.0, 33.0, 33.0, 33.0, 33.0, 33.0, 33.0, 33.0, 33.0, 33.0, 33.0, 33.0, 33.0, 33.0, 33.0, 33.0, 33.0, 33.0, 33.0, 33.0, 33.0, 33.0, 33.0, 33.0, 33.0, 33.0, 33.0, 33.0, 33.0, 33.0, 33.0, 33.0, 33.0, 33.0, 33.0, 33.0, 33.0, 33.0, 33.0, 33.0, 33.0, 33.0, 33.0, 33.0, 33.0, 33.0, 33.0, 33.0, 33.0, 33.0, 33.0, 33.0, 33.0, 33.0, 33.0, 33.0, 33.0, 33.0, 33.0, 33.0, 33.0, 33.0, 33.0, 33.0, 33.0, 33.0, 33.0, 33.0, 33.0, 33.0, 33.0, 33.0, 33.0, 33.0, 33.0, 33.0, 33.0, 33.0, 33.0, 33.0, 33.0, 33.0, 33.0, 33.0, 33.0, 33.0, 33.0, 33.0, 33.0, 33.0, 33.0, 33.0, 33.0, 33.0, 33.0, 33.0, 33.0, 33.0, 33.0, 33.0, 33.0, 33.0, 33.0, 33.0, 33.0, 33.0, 33.0, 33.0, 33.0, 33.0, 33.0, 33.0, 33.0, 33.0, 33.0, 33.0, 33.0, 33.0, 33.0, 33.0, 33.0, 33.0, 33.0, 33.0, 33.0, 33.0, 33.0, 33.0, 33.0, 33.0, 33.0, 33.0, 33.0, 33.0, 33.0, 33.0, 33.0, 33.0, 33.0, 33.0, 33.0, 33.0, 33.0, 33.0, 33.0, 33.0, 33.0, 33.0, 33.0, 33.0, 33.0, 33.0, 33.0, 33.0, 33.0, 33.0, 33.0, 33.0, 33.0, 33.0, 33.0, 33.0, 33.0, 33.0, 33.0, 33.0, 33.0, 33.0, 33.0, 33.0, 33.0, 33.0, 33.0, 33.0, 33.0, 33.0, 33.0, 33.0, 33.0, 33.0, 33.0, 33.0, 33.0, 33.0, 33.0, 33.0, 33.0, 33.0, 33.0, 33.0, 33.0]",COMPLETE
