,number,value,datetime_start,datetime_complete,duration,params_batch_size_scaler,params_constant_learning_rate,params_depth,params_epochs,params_kernel_l2,params_num_trees,params_temperature,user_attrs_accuracy_test,user_attrs_accuracy_valid,user_attrs_approximate_feature_sparsity,user_attrs_approximate_feature_sparsity_history,user_attrs_approximate_weight_sparsity,user_attrs_approximate_weight_sparsity_history,user_attrs_auc_test,user_attrs_auc_valid,user_attrs_feature_sparsity,user_attrs_feature_sparsity_history,user_attrs_num_epochs,user_attrs_val_loss_history,user_attrs_weight_sparsity,user_attrs_weight_sparsity_history,state
108,108,0.7086988445337559,2024-08-31 04:38:14.662906,2024-08-31 04:41:14.769299,0 days 00:03:00.106393,64,0.3999027985876863,6,215,0.043506802024315096,32,0.008396968549250799,0.872,0.86875,5,"[33, 33, 33, 33, 33, 33, 33, 33, 33, 33, 33, 33, 33, 33, 33, 33, 33, 33, 33, 33, 33, 33, 33, 33, 33, 33, 33, 33, 33, 33, 33, 33, 33, 33, 33, 33, 33, 33, 33, 33, 33, 33, 33, 33, 32, 32, 29, 29, 27, 26, 21, 20, 19, 16, 15, 13, 12, 12, 12, 11, 11, 9, 9, 9, 9, 9, 9, 9, 9, 8, 8, 8, 8, 8, 6, 6, 6, 6, 6, 6, 6, 6, 6, 6, 6, 5, 5, 5, 5, 5, 5, 5, 5, 5, 5, 5, 5, 5, 5, 5, 5, 5, 5, 5, 5, 5, 5, 5, 5, 5, 5, 5, 5, 5, 5, 5, 5, 5, 5, 5, 5, 5, 5, 5, 5, 5, 5, 5, 5, 5, 5, 5, 5, 5, 5, 5, 5, 5, 5, 5, 5, 5, 5, 5, 5, 5, 5, 5, 5, 5, 5, 5, 5, 5, 5, 5, 5, 5, 5, 5, 5, 5, 5, 5, 5, 5, 5, 5, 5, 5, 5, 5, 5, 5, 5, 5, 5, 5, 5, 5, 5, 5, 5, 5, 5, 5, 5, 5, 5, 5, 5, 5, 5, 5, 5, 5, 5, 5, 5, 5, 5, 5, 5, 5, 5, 5, 5, 5, 5, 5, 5, 5, 5, 5, 5]",4.993551587301588,"[32.929563492063494, 32.933035714285715, 32.94345238095238, 32.93948412698413, 32.93799603174603, 32.93650793650794, 32.94047619047619, 32.94642857142857, 32.94146825396825, 32.938988095238095, 32.9345238095238, 32.94394841269841, 32.93700396825397, 32.93998015873016, 32.941964285714285, 32.93501984126984, 32.9375, 32.93849206349206, 32.93998015873016, 32.94146825396825, 32.93402777777778, 32.936011904761905, 32.94295634920635, 32.941964285714285, 32.94444444444444, 32.93799603174603, 32.93551587301587, 32.93948412698413, 32.94345238095238, 32.948412698412696, 32.93849206349206, 32.942460317460316, 32.94345238095238, 32.94295634920635, 32.94742063492063, 32.94394841269841, 32.948412698412696, 32.95238095238095, 32.94940476190476, 32.95089285714286, 32.95386904761905, 32.95039682539682, 32.95436507936508, 32.95188492063492, 31.954861111111114, 31.950892857142858, 28.947420634920636, 28.94543650793651, 26.949900793650794, 25.946428571428573, 20.960317460317462, 19.96577380952381, 18.967261904761905, 15.97420634920635, 14.971726190476192, 12.97073412698413, 11.971726190476192, 11.966269841269842, 11.97123015873016, 10.975694444444446, 10.977678571428573, 8.983630952380953, 8.982142857142858, 8.98313492063492, 8.984126984126984, 8.980654761904763, 8.981150793650794, 8.980654761904763, 8.984126984126984, 7.989087301587302, 7.988095238095239, 7.989087301587302, 7.987599206349207, 7.987103174603176, 5.991071428571429, 5.990575396825397, 5.987103174603175, 5.986111111111112, 5.990575396825397, 5.992063492063492, 5.993551587301587, 5.993055555555555, 5.993055555555555, 5.990079365079365, 5.990575396825397, 4.992063492063492, 4.989583333333333, 4.993055555555556, 4.991071428571429, 4.992559523809524, 4.9915674603174605, 4.992063492063492, 4.991071428571429, 4.9915674603174605, 4.990079365079366, 4.990079365079366, 4.990079365079365, 4.9915674603174605, 4.9940476190476195, 4.993551587301588, 4.989087301587301, 4.990079365079365, 4.992063492063492, 4.992063492063492, 4.992559523809524, 4.990575396825397, 4.9915674603174605, 4.993055555555555, 4.993551587301587, 4.991071428571429, 4.988095238095238, 4.990575396825397, 4.993055555555555, 4.995039682539683, 4.992559523809524, 4.992559523809524, 4.990575396825397, 4.990575396825397, 4.989087301587302, 4.989583333333334, 4.990575396825397, 4.989087301587301, 4.990079365079366, 4.990575396825397, 4.989583333333334, 4.9915674603174605, 4.992559523809524, 4.993055555555555, 4.993551587301587, 4.992063492063492, 4.992559523809524, 4.9915674603174605, 4.9915674603174605, 4.994543650793651, 4.992063492063492, 4.990079365079366, 4.993055555555555, 4.991071428571429, 4.993055555555555, 4.993551587301588, 4.990079365079366, 4.988095238095238, 4.9875992063492065, 4.986607142857142, 4.990575396825397, 4.991071428571429, 4.992559523809524, 4.9915674603174605, 4.990575396825397, 4.989087301587301, 4.98859126984127, 4.98859126984127, 4.98859126984127, 4.989087301587301, 4.989583333333333, 4.988095238095238, 4.98859126984127, 4.9915674603174605, 4.98859126984127, 4.98859126984127, 4.992063492063492, 4.990575396825397, 4.989583333333333, 4.990079365079366, 4.992559523809524, 4.992559523809524, 4.9915674603174605, 4.993055555555555, 4.991071428571429, 4.992063492063492, 4.993551587301588, 4.992559523809524, 4.990575396825397, 4.9915674603174605, 4.990575396825397, 4.990575396825397, 4.990079365079366, 4.989087301587301, 4.990079365079366, 4.9915674603174605, 4.990079365079366, 4.992559523809524, 4.990575396825397, 4.9915674603174605, 4.990079365079365, 4.992063492063492, 4.992559523809524, 4.993551587301588, 4.991071428571429, 4.992063492063492, 4.992063492063492, 4.9915674603174605, 4.9915674603174605, 4.989583333333334, 4.9875992063492065, 4.98859126984127, 4.989087301587301, 4.992559523809524, 4.9915674603174605, 4.990575396825397, 4.993055555555555, 4.994047619047619, 4.993551587301587, 4.993055555555555, 4.989583333333334, 4.98859126984127, 4.989583333333334, 4.990575396825397, 4.9915674603174605, 4.990079365079366, 4.991071428571429, 4.989583333333333, 4.9875992063492065, 4.990575396825397, 4.993551587301588]",0.7679678663132952,0.7086988445337559,5,"[33, 33, 33, 33, 33, 33, 33, 33, 33, 33, 33, 33, 33, 33, 33, 33, 33, 33, 33, 33, 33, 33, 33, 33, 33, 33, 33, 33, 33, 33, 33, 33, 33, 33, 33, 33, 33, 33, 33, 33, 33, 33, 33, 33, 32, 32, 29, 29, 27, 26, 21, 20, 19, 16, 15, 13, 12, 12, 12, 11, 11, 9, 9, 9, 9, 9, 9, 9, 9, 8, 8, 8, 8, 8, 6, 6, 6, 6, 6, 6, 6, 6, 6, 6, 6, 5, 5, 5, 5, 5, 5, 5, 5, 5, 5, 5, 5, 5, 5, 5, 5, 5, 5, 5, 5, 5, 5, 5, 5, 5, 5, 5, 5, 5, 5, 5, 5, 5, 5, 5, 5, 5, 5, 5, 5, 5, 5, 5, 5, 5, 5, 5, 5, 5, 5, 5, 5, 5, 5, 5, 5, 5, 5, 5, 5, 5, 5, 5, 5, 5, 5, 5, 5, 5, 5, 5, 5, 5, 5, 5, 5, 5, 5, 5, 5, 5, 5, 5, 5, 5, 5, 5, 5, 5, 5, 5, 5, 5, 5, 5, 5, 5, 5, 5, 5, 5, 5, 5, 5, 5, 5, 5, 5, 5, 5, 5, 5, 5, 5, 5, 5, 5, 5, 5, 5, 5, 5, 5, 5, 5, 5, 5, 5, 5, 5]",215,"[0.5689847469329834, 0.47374001145362854, 0.43674927949905396, 0.41766807436943054, 0.40743663907051086, 0.4013780355453491, 0.3976801931858063, 0.39520564675331116, 0.39329710602760315, 0.3916538953781128, 0.3901746869087219, 0.38853558897972107, 0.3871869742870331, 0.38635262846946716, 0.3854382634162903, 0.38454222679138184, 0.3835831582546234, 0.3827857971191406, 0.38189899921417236, 0.38123974204063416, 0.3803512156009674, 0.37959539890289307, 0.3789006173610687, 0.3782169222831726, 0.37759390473365784, 0.37688973546028137, 0.3763063848018646, 0.3755665719509125, 0.3750683069229126, 0.3746036887168884, 0.3740788400173187, 0.37360990047454834, 0.3731275796890259, 0.3727344572544098, 0.3724555969238281, 0.372040718793869, 0.3714695870876312, 0.37100064754486084, 0.37059104442596436, 0.37039098143577576, 0.3700791895389557, 0.3696560561656952, 0.3692435324192047, 0.36882320046424866, 0.3686889410018921, 0.3684054911136627, 0.3684374690055847, 0.36811915040016174, 0.3678135573863983, 0.36729535460472107, 0.3677734136581421, 0.3670131266117096, 0.3669567406177521, 0.36735403537750244, 0.36851978302001953, 0.3701102137565613, 0.3681093156337738, 0.36770308017730713, 0.36735785007476807, 0.36654457449913025, 0.36622104048728943, 0.3660479485988617, 0.36572524905204773, 0.3653879165649414, 0.3651026785373688, 0.3648066818714142, 0.3645133972167969, 0.364317387342453, 0.3640199303627014, 0.36597222089767456, 0.36572083830833435, 0.3655262291431427, 0.3652903735637665, 0.3650611937046051, 0.37150466442108154, 0.37140509486198425, 0.3712063133716583, 0.3710368275642395, 0.37092816829681396, 0.370697557926178, 0.37059515714645386, 0.37044474482536316, 0.3702395260334015, 0.3701089024543762, 0.36997663974761963, 0.3729800283908844, 0.37258702516555786, 0.3724409341812134, 0.3722441792488098, 0.3721047341823578, 0.37187427282333374, 0.37189406156539917, 0.37169623374938965, 0.3716640770435333, 0.3714224100112915, 0.371334433555603, 0.37126627564430237, 0.3710717260837555, 0.3710079491138458, 0.3707899749279022, 0.3705947995185852, 0.3705020248889923, 0.37042444944381714, 0.3702758550643921, 0.3700961172580719, 0.36997100710868835, 0.36988240480422974, 0.36972424387931824, 0.36958199739456177, 0.36947113275527954, 0.36937159299850464, 0.3692437410354614, 0.3690699636936188, 0.36893269419670105, 0.3688277304172516, 0.36869946122169495, 0.3686005473136902, 0.36851170659065247, 0.36846819519996643, 0.36833494901657104, 0.3682256042957306, 0.3681146502494812, 0.36802956461906433, 0.3678632974624634, 0.36787527799606323, 0.3677500784397125, 0.36758410930633545, 0.36743855476379395, 0.36726146936416626, 0.36720916628837585, 0.36702990531921387, 0.36688232421875, 0.3668544292449951, 0.3666609525680542, 0.3664880394935608, 0.36632630228996277, 0.3661341071128845, 0.3660392463207245, 0.36593329906463623, 0.3658427894115448, 0.36574074625968933, 0.36564886569976807, 0.3655276596546173, 0.3653566241264343, 0.3652450442314148, 0.3651066720485687, 0.3650147616863251, 0.36497175693511963, 0.36488303542137146, 0.36488524079322815, 0.3647049069404602, 0.3646101653575897, 0.36453941464424133, 0.3644202947616577, 0.36424824595451355, 0.3641718626022339, 0.36402711272239685, 0.3638570308685303, 0.3637305200099945, 0.36386430263519287, 0.36369892954826355, 0.3635350167751312, 0.36337199807167053, 0.3632816970348358, 0.3632354438304901, 0.36314284801483154, 0.36296719312667847, 0.3629235327243805, 0.3628879189491272, 0.3629111051559448, 0.36271435022354126, 0.3624996542930603, 0.3624506890773773, 0.36228400468826294, 0.3622204065322876, 0.3619883060455322, 0.36189547181129456, 0.36176741123199463, 0.36154165863990784, 0.36134833097457886, 0.36124810576438904, 0.3611900210380554, 0.3610943853855133, 0.3609790503978729, 0.3609004616737366, 0.36071494221687317, 0.3605964779853821, 0.3605005145072937, 0.3603893220424652, 0.3602209985256195, 0.3601279556751251, 0.36008939146995544, 0.35991790890693665, 0.35976237058639526, 0.35978472232818604, 0.3597467541694641, 0.3594718277454376, 0.3593604266643524, 0.3591817617416382, 0.35907673835754395, 0.3589412271976471, 0.35885515809059143, 0.3586505949497223, 0.35853636264801025, 0.3583868145942688, 0.35838013887405396, 0.35825833678245544, 0.35810157656669617, 0.35803213715553284, 0.35785725712776184, 0.3578111231327057, 0.35769030451774597, 0.357604056596756, 0.3574668765068054, 0.35731109976768494]",5.0,"[33.0, 33.0, 33.0, 33.0, 33.0, 33.0, 33.0, 33.0, 33.0, 33.0, 33.0, 33.0, 33.0, 33.0, 33.0, 33.0, 33.0, 33.0, 33.0, 33.0, 33.0, 33.0, 33.0, 33.0, 33.0, 33.0, 33.0, 33.0, 33.0, 33.0, 33.0, 33.0, 33.0, 33.0, 33.0, 33.0, 33.0, 33.0, 33.0, 33.0, 33.0, 33.0, 33.0, 33.0, 32.0, 32.0, 29.0, 29.0, 27.0, 26.0, 21.0, 20.0, 19.0, 16.0, 15.0, 13.0, 12.0, 12.0, 12.0, 11.0, 11.0, 9.0, 9.0, 9.0, 9.0, 9.0, 9.0, 9.0, 9.0, 8.0, 8.0, 8.0, 8.0, 8.0, 6.0, 6.0, 6.0, 6.0, 6.0, 6.0, 6.0, 6.0, 6.0, 6.0, 6.0, 5.0, 5.0, 5.0, 5.0, 5.0, 5.0, 5.0, 5.0, 5.0, 5.0, 5.0, 5.0, 5.0, 5.0, 5.0, 5.0, 5.0, 5.0, 5.0, 5.0, 5.0, 5.0, 5.0, 5.0, 5.0, 5.0, 5.0, 5.0, 5.0, 5.0, 5.0, 5.0, 5.0, 5.0, 5.0, 5.0, 5.0, 5.0, 5.0, 5.0, 5.0, 5.0, 5.0, 5.0, 5.0, 5.0, 5.0, 5.0, 5.0, 5.0, 5.0, 5.0, 5.0, 5.0, 5.0, 5.0, 5.0, 5.0, 5.0, 5.0, 5.0, 5.0, 5.0, 5.0, 5.0, 5.0, 5.0, 5.0, 5.0, 5.0, 5.0, 5.0, 5.0, 5.0, 5.0, 5.0, 5.0, 5.0, 5.0, 5.0, 5.0, 5.0, 5.0, 5.0, 5.0, 5.0, 5.0, 5.0, 5.0, 5.0, 5.0, 5.0, 5.0, 5.0, 5.0, 5.0, 5.0, 5.0, 5.0, 5.0, 5.0, 5.0, 5.0, 5.0, 5.0, 5.0, 5.0, 5.0, 5.0, 5.0, 5.0, 5.0, 5.0, 5.0, 5.0, 5.0, 5.0, 5.0, 5.0, 5.0, 5.0, 5.0, 5.0, 5.0, 5.0, 5.0, 5.0, 5.0, 5.0, 5.0]",COMPLETE
