,number,value,datetime_start,datetime_complete,duration,params_batch_size_scaler,params_constant_learning_rate,params_depth,params_epochs,params_kernel_l2,params_num_trees,params_temperature,user_attrs_accuracy_test,user_attrs_accuracy_valid,user_attrs_approximate_feature_sparsity,user_attrs_approximate_feature_sparsity_history,user_attrs_approximate_weight_sparsity,user_attrs_approximate_weight_sparsity_history,user_attrs_auc_test,user_attrs_auc_valid,user_attrs_feature_sparsity,user_attrs_feature_sparsity_history,user_attrs_num_epochs,user_attrs_val_loss_history,user_attrs_weight_sparsity,user_attrs_weight_sparsity_history,state
31,31,0.5,2024-08-31 02:00:25.204911,2024-08-31 02:00:58.329193,0 days 00:00:33.124282,64,1.4220317930721305,2,245,0.03274613904752185,10,0.03152246986457187,0.859,0.85875,0,"[4, 0, 0, 0, 0, 0, 0, 0, 0, 0, 0, 0, 0, 0, 0, 0, 0, 0, 0, 0, 0, 0, 0, 0, 0, 0, 0, 0, 0, 0, 0, 0, 0, 0, 0, 0, 0, 0, 0, 0, 0, 0, 0, 0, 0, 0, 0, 0, 0, 0, 0, 0, 0, 0, 0, 0, 0, 0, 0, 0, 0, 0, 0, 0, 0, 0, 0, 0, 0, 0, 0, 0, 0, 0, 0, 0, 0, 0, 0, 0, 0, 0, 0, 0, 0, 0, 0, 0, 0, 0, 0, 0, 0, 0, 0, 0, 0, 0, 0, 0, 0, 0, 0, 0, 0, 0, 0, 0, 0, 0, 0, 0, 0, 0, 0, 0, 0, 0, 0, 0, 0, 0, 0, 0, 0, 0, 0, 0, 0, 0, 0, 0, 0, 0, 0, 0, 0, 0, 0, 0, 0, 0, 0, 0, 0, 0, 0, 0, 0, 0, 0, 0, 0, 0, 0, 0, 0, 0, 0, 0, 0, 0, 0, 0, 0, 0, 0, 0, 0, 0, 0, 0, 0, 0, 0, 0, 0, 0, 0, 0, 0, 0, 0, 0, 0, 0, 0, 0, 0, 0, 0, 0, 0, 0, 0, 0, 0, 0, 0, 0, 0, 0, 0, 0, 0, 0, 0, 0, 0, 0, 0, 0, 0, 0, 0, 0, 0, 0, 0, 0, 0, 0, 0, 0, 0, 0, 0, 0, 0, 0, 0, 0, 0, 0, 0, 0, 0, 0, 0, 0, 0, 0, 0, 0, 0]",0.0,"[4.0, 0.0, 0.0, 0.0, 0.0, 0.0, 0.0, 0.0, 0.0, 0.0, 0.0, 0.0, 0.0, 0.0, 0.0, 0.0, 0.0, 0.0, 0.0, 0.0, 0.0, 0.0, 0.0, 0.0, 0.0, 0.0, 0.0, 0.0, 0.0, 0.0, 0.0, 0.0, 0.0, 0.0, 0.0, 0.0, 0.0, 0.0, 0.0, 0.0, 0.0, 0.0, 0.0, 0.0, 0.0, 0.0, 0.0, 0.0, 0.0, 0.0, 0.0, 0.0, 0.0, 0.0, 0.0, 0.0, 0.0, 0.0, 0.0, 0.0, 0.0, 0.0, 0.0, 0.0, 0.0, 0.0, 0.0, 0.0, 0.0, 0.0, 0.0, 0.0, 0.0, 0.0, 0.0, 0.0, 0.0, 0.0, 0.0, 0.0, 0.0, 0.0, 0.0, 0.0, 0.0, 0.0, 0.0, 0.0, 0.0, 0.0, 0.0, 0.0, 0.0, 0.0, 0.0, 0.0, 0.0, 0.0, 0.0, 0.0, 0.0, 0.0, 0.0, 0.0, 0.0, 0.0, 0.0, 0.0, 0.0, 0.0, 0.0, 0.0, 0.0, 0.0, 0.0, 0.0, 0.0, 0.0, 0.0, 0.0, 0.0, 0.0, 0.0, 0.0, 0.0, 0.0, 0.0, 0.0, 0.0, 0.0, 0.0, 0.0, 0.0, 0.0, 0.0, 0.0, 0.0, 0.0, 0.0, 0.0, 0.0, 0.0, 0.0, 0.0, 0.0, 0.0, 0.0, 0.0, 0.0, 0.0, 0.0, 0.0, 0.0, 0.0, 0.0, 0.0, 0.0, 0.0, 0.0, 0.0, 0.0, 0.0, 0.0, 0.0, 0.0, 0.0, 0.0, 0.0, 0.0, 0.0, 0.0, 0.0, 0.0, 0.0, 0.0, 0.0, 0.0, 0.0, 0.0, 0.0, 0.0, 0.0, 0.0, 0.0, 0.0, 0.0, 0.0, 0.0, 0.0, 0.0, 0.0, 0.0, 0.0, 0.0, 0.0, 0.0, 0.0, 0.0, 0.0, 0.0, 0.0, 0.0, 0.0, 0.0, 0.0, 0.0, 0.0, 0.0, 0.0, 0.0, 0.0, 0.0, 0.0, 0.0, 0.0, 0.0, 0.0, 0.0, 0.0, 0.0, 0.0, 0.0, 0.0, 0.0, 0.0, 0.0, 0.0, 0.0, 0.0, 0.0, 0.0, 0.0, 0.0, 0.0, 0.0, 0.0, 0.0, 0.0, 0.0, 0.0, 0.0, 0.0, 0.0, 0.0, 0.0]",0.5,0.5,0,"[4, 0, 0, 0, 0, 0, 0, 0, 0, 0, 0, 0, 0, 0, 0, 0, 0, 0, 0, 0, 0, 0, 0, 0, 0, 0, 0, 0, 0, 0, 0, 0, 0, 0, 0, 0, 0, 0, 0, 0, 0, 0, 0, 0, 0, 0, 0, 0, 0, 0, 0, 0, 0, 0, 0, 0, 0, 0, 0, 0, 0, 0, 0, 0, 0, 0, 0, 0, 0, 0, 0, 0, 0, 0, 0, 0, 0, 0, 0, 0, 0, 0, 0, 0, 0, 0, 0, 0, 0, 0, 0, 0, 0, 0, 0, 0, 0, 0, 0, 0, 0, 0, 0, 0, 0, 0, 0, 0, 0, 0, 0, 0, 0, 0, 0, 0, 0, 0, 0, 0, 0, 0, 0, 0, 0, 0, 0, 0, 0, 0, 0, 0, 0, 0, 0, 0, 0, 0, 0, 0, 0, 0, 0, 0, 0, 0, 0, 0, 0, 0, 0, 0, 0, 0, 0, 0, 0, 0, 0, 0, 0, 0, 0, 0, 0, 0, 0, 0, 0, 0, 0, 0, 0, 0, 0, 0, 0, 0, 0, 0, 0, 0, 0, 0, 0, 0, 0, 0, 0, 0, 0, 0, 0, 0, 0, 0, 0, 0, 0, 0, 0, 0, 0, 0, 0, 0, 0, 0, 0, 0, 0, 0, 0, 0, 0, 0, 0, 0, 0, 0, 0, 0, 0, 0, 0, 0, 0, 0, 0, 0, 0, 0, 0, 0, 0, 0, 0, 0, 0, 0, 0, 0, 0, 0, 0]",245,"[0.40680792927742004, 0.40916237235069275, 0.4072315990924835, 0.40737012028694153, 0.40740856528282166, 0.4105682075023651, 0.40743395686149597, 0.4075183570384979, 0.4081006348133087, 0.4130065143108368, 0.4075881242752075, 0.4074740707874298, 0.4156358242034912, 0.4092055559158325, 0.4072270095348358, 0.40931519865989685, 0.41477930545806885, 0.4091762602329254, 0.4105795621871948, 0.41884979605674744, 0.4105609953403473, 0.4123576283454895, 0.40811672806739807, 0.4210413992404938, 0.40905898809432983, 0.4074592888355255, 0.41713568568229675, 0.4073812961578369, 0.4080457389354706, 0.4105609953403473, 0.4081892669200897, 0.40722954273223877, 0.4072263836860657, 0.4123530685901642, 0.41973790526390076, 0.40817201137542725, 0.40722620487213135, 0.41821980476379395, 0.40822234749794006, 0.4081615209579468, 0.4072295129299164, 0.40744996070861816, 0.4091769754886627, 0.4072262942790985, 0.40722954273223877, 0.4080100953578949, 0.4072283208370209, 0.4107837975025177, 0.41467025876045227, 0.40722641348838806, 0.4124564230442047, 0.4074505567550659, 0.41262149810791016, 0.41843506693840027, 0.40745171904563904, 0.40781158208847046, 0.4126097559928894, 0.4091494679450989, 0.4074264466762543, 0.41060227155685425, 0.41549181938171387, 0.4074088931083679, 0.4080275297164917, 0.41475456953048706, 0.40811097621917725, 0.42194199562072754, 0.4092108905315399, 0.40814700722694397, 0.4148487448692322, 0.4094007909297943, 0.416993647813797, 0.4123702645301819, 0.4072282314300537, 0.4125286340713501, 0.40913790464401245, 0.40920257568359375, 0.4110180735588074, 0.41832199692726135, 0.4074820578098297, 0.4183712899684906, 0.40722694993019104, 0.40811046957969666, 0.41064149141311646, 0.4107789993286133, 0.40809112787246704, 0.4091322422027588, 0.40740126371383667, 0.4186708927154541, 0.40749552845954895, 0.4156474173069, 0.42681199312210083, 0.40917208790779114, 0.40722742676734924, 0.40913844108581543, 0.4092499911785126, 0.40741288661956787, 0.4108361303806305, 0.4093950688838959, 0.42606911063194275, 0.41975367069244385, 0.4129946529865265, 0.4072398841381073, 0.41280627250671387, 0.40917202830314636, 0.40747883915901184, 0.4073992669582367, 0.4073548913002014, 0.4125692844390869, 0.41236412525177, 0.40743887424468994, 0.40917983651161194, 0.40743499994277954, 0.4074215590953827, 0.40751543641090393, 0.4127758741378784, 0.40801185369491577, 0.4185902774333954, 0.40926221013069153, 0.41526687145233154, 0.4092164635658264, 0.4089856743812561, 0.40722620487213135, 0.412987619638443, 0.4074770212173462, 0.40810176730155945, 0.40816617012023926, 0.4092170000076294, 0.4074222147464752, 0.4083065092563629, 0.4072417914867401, 0.40744975209236145, 0.4080093502998352, 0.4072315990924835, 0.4075537919998169, 0.40921974182128906, 0.4091570973396301, 0.4093112051486969, 0.4128992557525635, 0.41077521443367004, 0.4072262644767761, 0.4125109910964966, 0.41466307640075684, 0.41293931007385254, 0.40817010402679443, 0.4091283082962036, 0.41298264265060425, 0.4151826500892639, 0.4072263240814209, 0.41069430112838745, 0.4074479043483734, 0.4179360866546631, 0.40918922424316406, 0.4081273674964905, 0.41248226165771484, 0.4080217778682709, 0.41080421209335327, 0.4126143753528595, 0.4093007743358612, 0.4105888307094574, 0.40821754932403564, 0.4074462950229645, 0.40744659304618835, 0.40808749198913574, 0.4080323278903961, 0.4144202470779419, 0.41077205538749695, 0.40739819407463074, 0.4080052077770233, 0.40722644329071045, 0.40722838044166565, 0.4091634750366211, 0.40743690729141235, 0.41266727447509766, 0.41441550850868225, 0.4105782210826874, 0.4106902778148651, 0.40820106863975525, 0.40824341773986816, 0.41451412439346313, 0.40910568833351135, 0.4236079454421997, 0.4075357913970947, 0.4072381556034088, 0.40723663568496704, 0.40746405720710754, 0.40722763538360596, 0.40744540095329285, 0.4072261452674866, 0.419596791267395, 0.40810683369636536, 0.42270615696907043, 0.41683143377304077, 0.409206748008728, 0.41298753023147583, 0.4074389636516571, 0.4106169044971466, 0.40917426347732544, 0.4155096709728241, 0.409230500459671, 0.40722617506980896, 0.4152209460735321, 0.4145287573337555, 0.41053280234336853, 0.41055920720100403, 0.41287192702293396, 0.4126308858394623, 0.4106864929199219, 0.4091646671295166, 0.40919533371925354, 0.41290342807769775, 0.4107414186000824, 0.40916427969932556, 0.41057395935058594, 0.41297394037246704, 0.4218263626098633, 0.40802237391471863, 0.4080461263656616, 0.4081346094608307, 0.4073754549026489, 0.40746957063674927, 0.41437241435050964, 0.41071227192878723, 0.4072262644767761, 0.4072280526161194, 0.4091130793094635, 0.4072360098361969, 0.40745940804481506, 0.40815916657447815, 0.4122597575187683, 0.40734580159187317, 0.4105423092842102, 0.40722671151161194, 0.40907764434814453, 0.41865289211273193, 0.4124857187271118, 0.4092313349246979, 0.4074307382106781, 0.41959846019744873, 0.40923771262168884, 0.40755072236061096, 0.42232102155685425, 0.4134175181388855, 0.40745440125465393, 0.4154132008552551, 0.40911850333213806]",0.0,"[4.0, 0.0, 0.0, 0.0, 0.0, 0.0, 0.0, 0.0, 0.0, 0.0, 0.0, 0.0, 0.0, 0.0, 0.0, 0.0, 0.0, 0.0, 0.0, 0.0, 0.0, 0.0, 0.0, 0.0, 0.0, 0.0, 0.0, 0.0, 0.0, 0.0, 0.0, 0.0, 0.0, 0.0, 0.0, 0.0, 0.0, 0.0, 0.0, 0.0, 0.0, 0.0, 0.0, 0.0, 0.0, 0.0, 0.0, 0.0, 0.0, 0.0, 0.0, 0.0, 0.0, 0.0, 0.0, 0.0, 0.0, 0.0, 0.0, 0.0, 0.0, 0.0, 0.0, 0.0, 0.0, 0.0, 0.0, 0.0, 0.0, 0.0, 0.0, 0.0, 0.0, 0.0, 0.0, 0.0, 0.0, 0.0, 0.0, 0.0, 0.0, 0.0, 0.0, 0.0, 0.0, 0.0, 0.0, 0.0, 0.0, 0.0, 0.0, 0.0, 0.0, 0.0, 0.0, 0.0, 0.0, 0.0, 0.0, 0.0, 0.0, 0.0, 0.0, 0.0, 0.0, 0.0, 0.0, 0.0, 0.0, 0.0, 0.0, 0.0, 0.0, 0.0, 0.0, 0.0, 0.0, 0.0, 0.0, 0.0, 0.0, 0.0, 0.0, 0.0, 0.0, 0.0, 0.0, 0.0, 0.0, 0.0, 0.0, 0.0, 0.0, 0.0, 0.0, 0.0, 0.0, 0.0, 0.0, 0.0, 0.0, 0.0, 0.0, 0.0, 0.0, 0.0, 0.0, 0.0, 0.0, 0.0, 0.0, 0.0, 0.0, 0.0, 0.0, 0.0, 0.0, 0.0, 0.0, 0.0, 0.0, 0.0, 0.0, 0.0, 0.0, 0.0, 0.0, 0.0, 0.0, 0.0, 0.0, 0.0, 0.0, 0.0, 0.0, 0.0, 0.0, 0.0, 0.0, 0.0, 0.0, 0.0, 0.0, 0.0, 0.0, 0.0, 0.0, 0.0, 0.0, 0.0, 0.0, 0.0, 0.0, 0.0, 0.0, 0.0, 0.0, 0.0, 0.0, 0.0, 0.0, 0.0, 0.0, 0.0, 0.0, 0.0, 0.0, 0.0, 0.0, 0.0, 0.0, 0.0, 0.0, 0.0, 0.0, 0.0, 0.0, 0.0, 0.0, 0.0, 0.0, 0.0, 0.0, 0.0, 0.0, 0.0, 0.0, 0.0, 0.0, 0.0, 0.0, 0.0, 0.0, 0.0, 0.0, 0.0, 0.0, 0.0, 0.0, 0.0, 0.0, 0.0, 0.0, 0.0, 0.0]",COMPLETE
32,32,0.6859630817585758,2024-08-31 02:00:59.436674,2024-08-31 02:01:13.399120,0 days 00:00:13.962446,64,0.038665442786359826,1,110,0.6390341375618903,48,0.0008874447643011561,0.86,0.85875,33,"[33, 33, 33, 33, 33, 33, 33, 33, 33, 33, 33, 33, 33, 33, 33, 33, 33, 33, 33, 33, 33, 33, 33, 33, 33, 33, 33, 33, 33, 33, 33, 33, 33, 33, 33, 33, 33, 33, 33, 33, 33, 33, 33, 33, 33, 33, 33, 33, 33, 33, 33, 33, 33, 33, 33, 33, 33, 33, 33, 33, 33, 33, 33, 33, 33, 33, 33, 33, 33, 33, 33, 33, 33, 33, 33, 33, 33, 33, 33, 33, 33, 33, 33, 33, 33, 33, 33, 33, 33, 33, 33, 33, 33, 33, 33, 33, 33, 33, 33, 33, 33, 33, 33, 33, 33, 33, 33, 33, 33, 33]",32.979166666666664,"[32.979166666666664, 33.0, 33.0, 33.0, 32.979166666666664, 33.0, 33.0, 33.0, 33.0, 33.0, 33.0, 33.0, 33.0, 32.979166666666664, 32.979166666666664, 33.0, 33.0, 32.979166666666664, 33.0, 32.979166666666664, 32.979166666666664, 32.979166666666664, 32.95833333333333, 32.95833333333333, 33.0, 33.0, 33.0, 33.0, 33.0, 33.0, 33.0, 32.979166666666664, 33.0, 32.979166666666664, 32.979166666666664, 32.979166666666664, 32.95833333333333, 33.0, 33.0, 32.95833333333333, 32.979166666666664, 33.0, 33.0, 33.0, 32.979166666666664, 33.0, 33.0, 33.0, 32.979166666666664, 32.979166666666664, 33.0, 33.0, 33.0, 33.0, 33.0, 33.0, 33.0, 32.979166666666664, 32.979166666666664, 32.9375, 32.9375, 32.958333333333336, 32.95833333333333, 32.9375, 32.95833333333333, 33.0, 32.979166666666664, 33.0, 32.979166666666664, 33.0, 33.0, 33.0, 33.0, 33.0, 33.0, 32.979166666666664, 33.0, 32.95833333333333, 32.979166666666664, 32.95833333333333, 32.95833333333333, 32.95833333333333, 32.979166666666664, 33.0, 32.979166666666664, 32.95833333333333, 32.979166666666664, 32.979166666666664, 33.0, 33.0, 33.0, 32.979166666666664, 32.95833333333333, 32.95833333333333, 32.979166666666664, 33.0, 33.0, 32.979166666666664, 32.979166666666664, 32.95833333333333, 32.979166666666664, 32.979166666666664, 32.979166666666664, 32.979166666666664, 32.979166666666664, 33.0, 33.0, 32.979166666666664, 32.979166666666664, 32.979166666666664]",0.7324284381476069,0.6859630817585758,33,"[33, 33, 33, 33, 33, 33, 33, 33, 33, 33, 33, 33, 33, 33, 33, 33, 33, 33, 33, 33, 33, 33, 33, 33, 33, 33, 33, 33, 33, 33, 33, 33, 33, 33, 33, 33, 33, 33, 33, 33, 33, 33, 33, 33, 33, 33, 33, 33, 33, 33, 33, 33, 33, 33, 33, 33, 33, 33, 33, 33, 33, 33, 33, 33, 33, 33, 33, 33, 33, 33, 33, 33, 33, 33, 33, 33, 33, 33, 33, 33, 33, 33, 33, 33, 33, 33, 33, 33, 33, 33, 33, 33, 33, 33, 33, 33, 33, 33, 33, 33, 33, 33, 33, 33, 33, 33, 33, 33, 33, 33]",110,"[0.9653177857398987, 0.9519679546356201, 0.9432423114776611, 0.9361780285835266, 0.9299543499946594, 0.923749566078186, 0.9177039861679077, 0.9120029211044312, 0.9060346484184265, 0.9001787304878235, 0.8954547643661499, 0.8891801238059998, 0.8836824893951416, 0.878528892993927, 0.8737920522689819, 0.8685697317123413, 0.8631689548492432, 0.8582132458686829, 0.8535270690917969, 0.8482955098152161, 0.8434491753578186, 0.8389303088188171, 0.8340946435928345, 0.8302230834960938, 0.825590193271637, 0.8211570978164673, 0.8167160749435425, 0.8126092553138733, 0.8084152936935425, 0.8042966723442078, 0.8001627922058105, 0.7961838245391846, 0.7919188141822815, 0.7879893779754639, 0.7841604351997375, 0.7804877758026123, 0.7767443656921387, 0.7734144330024719, 0.7699177265167236, 0.7659334540367126, 0.7627046704292297, 0.7587746977806091, 0.7559136748313904, 0.7521365880966187, 0.7491984367370605, 0.745729386806488, 0.7423081398010254, 0.7398777008056641, 0.7348872423171997, 0.7315136194229126, 0.7287237048149109, 0.7252923846244812, 0.7221589088439941, 0.7193616628646851, 0.7159900665283203, 0.7128101587295532, 0.7097526788711548, 0.7070688009262085, 0.7042329907417297, 0.7027504444122314, 0.6981304883956909, 0.6951883435249329, 0.692447304725647, 0.689595103263855, 0.6868661642074585, 0.684043288230896, 0.6813122034072876, 0.678528904914856, 0.6762291193008423, 0.6733680963516235, 0.6707005500793457, 0.6681603193283081, 0.6658072471618652, 0.6631302833557129, 0.6609030961990356, 0.6581609845161438, 0.6558683514595032, 0.6538001298904419, 0.6508100628852844, 0.648515522480011, 0.6466772556304932, 0.6438506841659546, 0.6424309015274048, 0.6400567889213562, 0.6367200613021851, 0.6347431540489197, 0.6328707337379456, 0.6311753392219543, 0.6281356811523438, 0.6255862712860107, 0.6234853267669678, 0.6218098402023315, 0.6192936897277832, 0.6170039176940918, 0.6150309443473816, 0.6131148934364319, 0.6109959483146667, 0.608971357345581, 0.6071751713752747, 0.6047589778900146, 0.6029061079025269, 0.6009187698364258, 0.5989314913749695, 0.5975173711776733, 0.5950173735618591, 0.5930564403533936, 0.591242790222168, 0.5901871919631958, 0.587542712688446, 0.5857978463172913]",33.0,"[33.0, 33.0, 33.0, 33.0, 33.0, 33.0, 33.0, 33.0, 33.0, 33.0, 33.0, 33.0, 33.0, 33.0, 33.0, 33.0, 33.0, 33.0, 33.0, 33.0, 33.0, 33.0, 33.0, 33.0, 33.0, 33.0, 33.0, 33.0, 33.0, 33.0, 33.0, 33.0, 33.0, 33.0, 33.0, 33.0, 33.0, 33.0, 33.0, 33.0, 33.0, 33.0, 33.0, 33.0, 33.0, 33.0, 33.0, 33.0, 33.0, 33.0, 33.0, 33.0, 33.0, 33.0, 33.0, 33.0, 33.0, 33.0, 33.0, 33.0, 33.0, 33.0, 33.0, 33.0, 33.0, 33.0, 33.0, 33.0, 33.0, 33.0, 33.0, 33.0, 33.0, 33.0, 33.0, 33.0, 33.0, 33.0, 33.0, 33.0, 33.0, 33.0, 33.0, 33.0, 33.0, 33.0, 33.0, 33.0, 33.0, 33.0, 33.0, 33.0, 33.0, 33.0, 33.0, 33.0, 33.0, 33.0, 33.0, 33.0, 33.0, 33.0, 33.0, 33.0, 33.0, 33.0, 33.0, 33.0, 33.0, 33.0]",COMPLETE
