,number,value,datetime_start,datetime_complete,duration,params_batch_size_scaler,params_constant_learning_rate,params_depth,params_epochs,params_kernel_l2,params_num_trees,params_temperature,user_attrs_accuracy_test,user_attrs_accuracy_valid,user_attrs_approximate_feature_sparsity,user_attrs_approximate_feature_sparsity_history,user_attrs_approximate_weight_sparsity,user_attrs_approximate_weight_sparsity_history,user_attrs_auc_test,user_attrs_auc_valid,user_attrs_feature_sparsity,user_attrs_feature_sparsity_history,user_attrs_num_epochs,user_attrs_val_loss_history,user_attrs_weight_sparsity,user_attrs_weight_sparsity_history,state
137,137,0.9166570055776687,2024-08-31 05:36:58.166995,2024-08-31 05:38:28.618825,0 days 00:01:30.451830,4,0.33728067735442113,4,200,0.0011937811092951832,86,0.01270236352258736,0.94,0.9525,14,"[33, 33, 33, 32, 19, 16, 15, 14, 14, 14, 14, 14, 14, 14, 14, 14, 14, 14, 14, 14, 14, 14, 14, 14, 14, 14, 14, 14, 14, 14, 14, 14, 14, 14, 14, 14, 14, 14, 14, 14, 14, 14, 14, 14, 14, 14, 14, 14, 14, 14, 14, 14, 14, 14, 14, 14, 14, 14, 14, 14, 14, 14, 14, 14, 14, 14, 14, 14, 14, 14, 14, 14, 14, 14, 14, 14, 14, 14, 14, 14, 14, 14, 14, 14, 14, 14, 14, 14, 14, 14, 14, 14, 14, 14, 14, 14, 14, 14, 14, 14, 14, 14, 14, 14, 14, 14, 14, 14, 14, 14, 14, 14, 14, 14, 14, 14, 14, 14, 14, 14, 14, 14, 14, 14, 14, 14, 14, 14, 14, 14, 14, 14, 14, 14, 14, 14, 14, 14, 14, 14, 14, 14, 14, 14, 14, 14, 14, 14, 14, 14, 14, 14, 14, 14, 14, 14, 14, 14, 14, 14, 14, 14, 14, 14, 14, 14, 14, 14, 14, 14, 14, 14, 14, 14, 14, 14, 14, 14, 14, 14, 14, 14, 14, 14, 14, 14, 14, 14, 14, 14, 14, 14, 14, 14, 14, 14, 14, 14, 14, 14]",13.98217054263566,"[32.94961240310077, 32.94806201550388, 32.950387596899226, 31.953488372093023, 18.973643410852713, 15.976744186046512, 14.983720930232558, 13.97984496124031, 13.981395348837209, 13.975968992248061, 13.980620155038759, 13.981395348837209, 13.975193798449615, 13.977519379844962, 13.98062015503876, 13.98449612403101, 13.97906976744186, 13.980620155038762, 13.98062015503876, 13.989922480620155, 13.97829457364341, 13.98217054263566, 13.978294573643412, 13.981395348837207, 13.987596899224807, 13.986821705426358, 13.987596899224805, 13.989147286821707, 13.986821705426358, 13.982945736434107, 13.986821705426356, 13.986046511627906, 13.984496124031006, 13.97906976744186, 13.98139534883721, 13.986821705426356, 13.984496124031008, 13.98604651162791, 13.98294573643411, 13.98294573643411, 13.98294573643411, 13.973643410852713, 13.97906976744186, 13.984496124031006, 13.980620155038759, 13.98372093023256, 13.989922480620153, 13.988372093023257, 13.98294573643411, 13.982945736434111, 13.990697674418605, 13.986821705426358, 13.988372093023257, 13.982945736434107, 13.985271317829458, 13.98372093023256, 13.986821705426356, 13.985271317829458, 13.97829457364341, 13.986046511627906, 13.986046511627908, 13.977519379844962, 13.982945736434111, 13.981395348837209, 13.98062015503876, 13.97906976744186, 13.97984496124031, 13.981395348837209, 13.982170542635657, 13.979069767441862, 13.982170542635659, 13.98062015503876, 13.982945736434107, 13.987596899224805, 13.987596899224805, 13.986046511627906, 13.989922480620157, 13.982170542635659, 13.983720930232558, 13.988372093023255, 13.981395348837209, 13.983720930232558, 13.975968992248061, 13.98294573643411, 13.983720930232558, 13.98139534883721, 13.981395348837209, 13.981395348837209, 13.982945736434107, 13.979844961240312, 13.978294573643412, 13.982170542635657, 13.98139534883721, 13.98062015503876, 13.98294573643411, 13.983720930232558, 13.982170542635659, 13.984496124031008, 13.987596899224805, 13.985271317829458, 13.986046511627906, 13.990697674418602, 13.986821705426356, 13.988372093023255, 13.984496124031008, 13.982170542635659, 13.981395348837209, 13.979069767441862, 13.982170542635659, 13.984496124031008, 13.98372093023256, 13.985271317829458, 13.98294573643411, 13.982945736434107, 13.983720930232558, 13.988372093023255, 13.985271317829458, 13.98449612403101, 13.985271317829456, 13.98294573643411, 13.984496124031008, 13.984496124031008, 13.992248062015504, 13.989147286821705, 13.987596899224807, 13.983720930232558, 13.987596899224805, 13.984496124031008, 13.982170542635659, 13.982945736434107, 13.985271317829458, 13.988372093023255, 13.989922480620155, 13.980620155038759, 13.982945736434107, 13.97984496124031, 13.986821705426356, 13.987596899224807, 13.98139534883721, 13.984496124031008, 13.98062015503876, 13.98062015503876, 13.982170542635659, 13.981395348837209, 13.981395348837207, 13.984496124031008, 13.97906976744186, 13.983720930232558, 13.982945736434107, 13.982170542635659, 13.983720930232558, 13.980620155038762, 13.985271317829458, 13.97751937984496, 13.976744186046512, 13.980620155038759, 13.982170542635659, 13.980620155038759, 13.976744186046512, 13.978294573643408, 13.981395348837209, 13.981395348837209, 13.982945736434107, 13.977519379844962, 13.97906976744186, 13.97596899224806, 13.97829457364341, 13.97906976744186, 13.978294573643412, 13.978294573643408, 13.978294573643412, 13.982170542635659, 13.979844961240312, 13.98294573643411, 13.980620155038762, 13.978294573643412, 13.97751937984496, 13.983720930232558, 13.982170542635657, 13.979844961240312, 13.974418604651163, 13.981395348837209, 13.977519379844962, 13.981395348837209, 13.97906976744186, 13.97984496124031, 13.977519379844962, 13.973643410852715, 13.976744186046512, 13.978294573643412, 13.97829457364341, 13.979069767441862, 13.97829457364341, 13.976744186046513, 13.982945736434107, 13.976744186046512, 13.98294573643411, 13.98062015503876, 13.982170542635659, 13.98217054263566]",0.8973819136551655,0.9166570055776687,14,"[33, 33, 33, 32, 19, 16, 15, 14, 14, 14, 14, 14, 14, 14, 14, 14, 14, 14, 14, 14, 14, 14, 14, 14, 14, 14, 14, 14, 14, 14, 14, 14, 14, 14, 14, 14, 14, 14, 14, 14, 14, 14, 14, 14, 14, 14, 14, 14, 14, 14, 14, 14, 14, 14, 14, 14, 14, 14, 14, 14, 14, 14, 14, 14, 14, 14, 14, 14, 14, 14, 14, 14, 14, 14, 14, 14, 14, 14, 14, 14, 14, 14, 14, 14, 14, 14, 14, 14, 14, 14, 14, 14, 14, 14, 14, 14, 14, 14, 14, 14, 14, 14, 14, 14, 14, 14, 14, 14, 14, 14, 14, 14, 14, 14, 14, 14, 14, 14, 14, 14, 14, 14, 14, 14, 14, 14, 14, 14, 14, 14, 14, 14, 14, 14, 14, 14, 14, 14, 14, 14, 14, 14, 14, 14, 14, 14, 14, 14, 14, 14, 14, 14, 14, 14, 14, 14, 14, 14, 14, 14, 14, 14, 14, 14, 14, 14, 14, 14, 14, 14, 14, 14, 14, 14, 14, 14, 14, 14, 14, 14, 14, 14, 14, 14, 14, 14, 14, 14, 14, 14, 14, 14, 14, 14, 14, 14, 14, 14, 14, 14]",200,"[0.37488052248954773, 0.3686344027519226, 0.36097994446754456, 0.35566219687461853, 0.34962281584739685, 0.34766456484794617, 0.3482752740383148, 0.33821818232536316, 0.3350651264190674, 0.3315158486366272, 0.32795628905296326, 0.32494327425956726, 0.32189562916755676, 0.316768616437912, 0.3114813566207886, 0.30891114473342896, 0.3067721426486969, 0.3024803698062897, 0.2897436022758484, 0.2840452790260315, 0.27748486399650574, 0.27235081791877747, 0.2696213126182556, 0.2639206647872925, 0.26109373569488525, 0.25728127360343933, 0.25547659397125244, 0.2512062191963196, 0.24977385997772217, 0.25056904554367065, 0.24894782900810242, 0.24275903403759003, 0.24253755807876587, 0.23939554393291473, 0.23730191588401794, 0.23621097207069397, 0.2343340367078781, 0.23444746434688568, 0.23148365318775177, 0.23206926882266998, 0.22939267754554749, 0.22640353441238403, 0.22670972347259521, 0.2246561497449875, 0.2248528152704239, 0.22204434871673584, 0.22013269364833832, 0.2217579036951065, 0.2185271829366684, 0.2181914895772934, 0.2212304174900055, 0.2168501317501068, 0.2147257775068283, 0.21421781182289124, 0.21315695345401764, 0.2120271921157837, 0.21126621961593628, 0.21020884811878204, 0.2090189903974533, 0.20994941890239716, 0.21274104714393616, 0.20935067534446716, 0.20764964818954468, 0.20811285078525543, 0.20559991896152496, 0.20547057688236237, 0.2104591727256775, 0.2101404070854187, 0.2074771672487259, 0.20381823182106018, 0.20306867361068726, 0.20317178964614868, 0.20861072838306427, 0.20642438530921936, 0.20159515738487244, 0.2037857472896576, 0.20354755222797394, 0.20007486641407013, 0.20649506151676178, 0.198992058634758, 0.19802282750606537, 0.19888842105865479, 0.20023953914642334, 0.19700056314468384, 0.19791392982006073, 0.2002829611301422, 0.19842705130577087, 0.19665171205997467, 0.19502907991409302, 0.1947692632675171, 0.1947912573814392, 0.1943499594926834, 0.19581297039985657, 0.19594937562942505, 0.19445078074932098, 0.19528180360794067, 0.19630461931228638, 0.19537857174873352, 0.19338014721870422, 0.19193269312381744, 0.19418643414974213, 0.19177618622779846, 0.19148948788642883, 0.1922248899936676, 0.19628308713436127, 0.19218792021274567, 0.19314134120941162, 0.1966724842786789, 0.19158430397510529, 0.19116634130477905, 0.190140038728714, 0.1887885332107544, 0.19959613680839539, 0.19191251695156097, 0.20431943237781525, 0.18901340663433075, 0.18750005960464478, 0.18846395611763, 0.19317646324634552, 0.18972213566303253, 0.18779827654361725, 0.18767637014389038, 0.19151249527931213, 0.18759749829769135, 0.19050735235214233, 0.18705782294273376, 0.18894916772842407, 0.18524321913719177, 0.1874007284641266, 0.18596497178077698, 0.18882207572460175, 0.18523405492305756, 0.18553704023361206, 0.19023126363754272, 0.18450459837913513, 0.18586158752441406, 0.18669643998146057, 0.1918124407529831, 0.1850855052471161, 0.18371069431304932, 0.18316103518009186, 0.1843491494655609, 0.18263357877731323, 0.1827448606491089, 0.18348371982574463, 0.18818366527557373, 0.18298538029193878, 0.1824847012758255, 0.18294458091259003, 0.19196932017803192, 0.1815321296453476, 0.1824660748243332, 0.18361766636371613, 0.18535122275352478, 0.1836472749710083, 0.18090704083442688, 0.18890003859996796, 0.18274837732315063, 0.18406923115253448, 0.18644565343856812, 0.1819484680891037, 0.18267469108104706, 0.18383975327014923, 0.1828494817018509, 0.18280109763145447, 0.18184812366962433, 0.18371233344078064, 0.1805601716041565, 0.18098679184913635, 0.18064121901988983, 0.181183859705925, 0.18096835911273956, 0.17994996905326843, 0.180021271109581, 0.18071970343589783, 0.18530647456645966, 0.1890496015548706, 0.17900659143924713, 0.18144820630550385, 0.18753309547901154, 0.18139123916625977, 0.1798509657382965, 0.18151044845581055, 0.17955121397972107, 0.18013714253902435, 0.18295417726039886, 0.18227700889110565, 0.17972823977470398, 0.1823769062757492, 0.18303510546684265, 0.18026000261306763, 0.18029238283634186, 0.18218162655830383, 0.17939342558383942, 0.17861442267894745, 0.17791299521923065, 0.178602397441864, 0.1815773993730545, 0.17950859665870667, 0.18055273592472076]",14.0,"[33.0, 33.0, 33.0, 32.0, 19.0, 16.0, 15.0, 14.0, 14.0, 14.0, 14.0, 14.0, 14.0, 14.0, 14.0, 14.0, 14.0, 14.0, 14.0, 14.0, 14.0, 14.0, 14.0, 14.0, 14.0, 14.0, 14.0, 14.0, 14.0, 14.0, 14.0, 14.0, 14.0, 14.0, 14.0, 14.0, 14.0, 14.0, 14.0, 14.0, 14.0, 14.0, 14.0, 14.0, 14.0, 14.0, 14.0, 14.0, 14.0, 14.0, 14.0, 14.0, 14.0, 14.0, 14.0, 14.0, 14.0, 14.0, 14.0, 14.0, 14.0, 14.0, 14.0, 14.0, 14.0, 14.0, 14.0, 14.0, 14.0, 14.0, 14.0, 14.0, 14.0, 14.0, 14.0, 14.0, 14.0, 14.0, 14.0, 14.0, 14.0, 14.0, 14.0, 14.0, 14.0, 14.0, 14.0, 14.0, 14.0, 14.0, 14.0, 14.0, 14.0, 14.0, 14.0, 14.0, 14.0, 14.0, 14.0, 14.0, 14.0, 14.0, 14.0, 14.0, 14.0, 14.0, 14.0, 14.0, 14.0, 14.0, 14.0, 14.0, 14.0, 14.0, 14.0, 14.0, 14.0, 14.0, 14.0, 14.0, 14.0, 14.0, 14.0, 14.0, 14.0, 14.0, 14.0, 14.0, 14.0, 14.0, 14.0, 14.0, 14.0, 14.0, 14.0, 14.0, 14.0, 14.0, 14.0, 14.0, 14.0, 14.0, 14.0, 14.0, 14.0, 14.0, 14.0, 14.0, 14.0, 14.0, 14.0, 14.0, 14.0, 14.0, 14.0, 14.0, 14.0, 14.0, 14.0, 14.0, 14.0, 14.0, 14.0, 14.0, 14.0, 14.0, 14.0, 14.0, 14.0, 14.0, 14.0, 14.0, 14.0, 14.0, 14.0, 14.0, 14.0, 14.0, 14.0, 14.0, 14.0, 14.0, 14.0, 14.0, 14.0, 14.0, 14.0, 14.0, 14.0, 14.0, 14.0, 14.0, 14.0, 14.0, 14.0, 14.0, 14.0, 14.0, 14.0, 14.0]",COMPLETE
138,138,0.6791874380080123,2024-08-31 05:38:32.484213,2024-08-31 05:38:44.224120,0 days 00:00:11.739907,64,0.10169174260692204,3,25,0.004756438360485535,30,0.002062495594301581,0.859,0.85875,33,"[33, 33, 33, 33, 33, 33, 33, 33, 33, 33, 33, 33, 33, 33, 33, 33, 33, 33, 33, 33, 33, 33, 33, 33, 33]",32.98095238095238,"[32.99047619047619, 32.96190476190476, 32.99047619047619, 32.98571428571429, 32.971428571428575, 32.976190476190474, 32.98095238095238, 32.99523809523809, 32.98571428571429, 32.99523809523809, 32.98571428571429, 32.99047619047619, 32.99523809523809, 32.99047619047619, 32.99523809523809, 32.99047619047619, 32.99047619047619, 32.99047619047619, 32.99523809523809, 32.98571428571429, 32.976190476190474, 32.98571428571429, 32.98095238095238, 32.98571428571429, 32.98095238095238]",0.7302900453273227,0.6791874380080123,33,"[33, 33, 33, 33, 33, 33, 33, 33, 33, 33, 33, 33, 33, 33, 33, 33, 33, 33, 33, 33, 33, 33, 33, 33, 33]",25,"[0.5510894656181335, 0.44233453273773193, 0.41925883293151855, 0.40959128737449646, 0.4054258465766907, 0.4026681184768677, 0.4005611836910248, 0.39882510900497437, 0.39724358916282654, 0.3955588638782501, 0.39438727498054504, 0.39306581020355225, 0.391440212726593, 0.39008086919784546, 0.3887842297554016, 0.3876741826534271, 0.38656195998191833, 0.38554561138153076, 0.3845541775226593, 0.3836175799369812, 0.3826638460159302, 0.3816905617713928, 0.3810490667819977, 0.3802492022514343, 0.3795924484729767]",33.0,"[33.0, 33.0, 33.0, 33.0, 33.0, 33.0, 33.0, 33.0, 33.0, 33.0, 33.0, 33.0, 33.0, 33.0, 33.0, 33.0, 33.0, 33.0, 33.0, 33.0, 33.0, 33.0, 33.0, 33.0, 33.0]",COMPLETE
