,number,value,datetime_start,datetime_complete,duration,params_batch_size_scaler,params_constant_learning_rate,params_depth,params_epochs,params_kernel_l2,params_num_trees,params_temperature,user_attrs_accuracy_test,user_attrs_accuracy_valid,user_attrs_approximate_feature_sparsity,user_attrs_approximate_feature_sparsity_history,user_attrs_approximate_weight_sparsity,user_attrs_approximate_weight_sparsity_history,user_attrs_auc_test,user_attrs_auc_valid,user_attrs_feature_sparsity,user_attrs_feature_sparsity_history,user_attrs_num_epochs,user_attrs_val_loss_history,user_attrs_weight_sparsity,user_attrs_weight_sparsity_history,state
107,107,0.9398822635287449,2024-08-31 04:35:28.877097,2024-08-31 04:38:11.388438,0 days 00:02:42.511341,4,0.2006845255341972,4,280,0.12230706021570859,58,0.00018324964476985954,0.952,0.95125,31,"[33, 33, 33, 33, 33, 33, 33, 33, 33, 33, 33, 33, 33, 33, 33, 33, 33, 33, 33, 33, 33, 33, 33, 33, 33, 33, 33, 33, 33, 33, 33, 33, 33, 33, 33, 33, 33, 33, 33, 33, 33, 33, 33, 33, 33, 33, 33, 33, 33, 33, 33, 33, 33, 33, 33, 33, 33, 33, 33, 33, 33, 33, 33, 33, 33, 33, 33, 33, 33, 33, 33, 33, 33, 33, 33, 33, 33, 33, 33, 33, 33, 33, 33, 33, 33, 33, 33, 33, 33, 33, 33, 33, 33, 33, 33, 33, 33, 33, 33, 33, 33, 33, 33, 33, 33, 33, 33, 33, 33, 33, 33, 33, 33, 33, 33, 33, 33, 33, 33, 33, 33, 33, 33, 33, 33, 33, 33, 33, 33, 33, 33, 33, 33, 33, 33, 33, 33, 33, 33, 33, 33, 33, 33, 33, 33, 33, 33, 32, 32, 32, 32, 32, 32, 32, 32, 32, 32, 32, 32, 32, 32, 32, 32, 32, 32, 32, 32, 32, 32, 32, 32, 32, 32, 32, 32, 32, 32, 32, 31, 31, 31, 31, 31, 31, 31, 31, 31, 31, 31, 31, 31, 31, 31, 31, 31, 31, 31, 31, 31, 31, 31, 31, 31, 31, 31, 31, 31, 31, 31, 31, 31, 31, 31, 31, 31, 31, 31, 31, 31, 31, 31, 31, 31, 31, 31, 31, 31, 31, 31, 31, 31, 31, 31, 31, 31, 31, 31, 31, 31, 31, 31, 31, 31, 31, 31, 31, 31, 31, 31, 31, 31, 31, 31, 31, 31, 31, 31, 31, 31, 31, 31, 31, 31, 31, 31, 31, 31, 31, 31, 31, 31, 31, 31, 31, 31, 31, 31, 31, 31, 31]",30.94712643678161,"[32.95632183908046, 32.97011494252873, 32.95402298850575, 32.95402298850575, 32.9632183908046, 32.96436781609195, 32.97241379310345, 32.95977011494253, 32.96436781609195, 32.96436781609195, 32.95977011494253, 32.9632183908046, 32.96206896551724, 32.95172413793104, 32.96896551724138, 32.96781609195402, 32.96551724137931, 32.96206896551724, 32.95977011494253, 32.96091954022989, 32.96091954022988, 32.96551724137931, 32.95402298850575, 32.96091954022989, 32.9551724137931, 32.94827586206897, 32.96091954022989, 32.96551724137931, 32.97011494252874, 32.96896551724138, 32.95977011494253, 32.95172413793103, 32.95402298850575, 32.97011494252873, 32.9632183908046, 32.9448275862069, 32.95977011494253, 32.9448275862069, 32.96551724137931, 32.95977011494253, 32.95862068965517, 32.94597701149425, 32.96436781609195, 32.95057471264368, 32.96091954022988, 32.94482758620689, 32.95402298850575, 32.9448275862069, 32.94942528735632, 32.95632183908046, 32.94252873563219, 32.95747126436782, 32.9528735632184, 32.95747126436782, 32.94827586206897, 32.95977011494253, 32.95402298850575, 32.94597701149425, 32.9367816091954, 32.95517241379311, 32.95172413793103, 32.95402298850575, 32.96091954022989, 32.94712643678161, 32.95402298850575, 32.95977011494253, 32.95402298850575, 32.96666666666667, 32.95632183908046, 32.96666666666667, 32.96666666666667, 32.95862068965517, 32.95862068965518, 32.95517241379311, 32.96436781609196, 32.96091954022988, 32.96551724137931, 32.95402298850575, 32.95977011494253, 32.96206896551724, 32.96206896551724, 32.96091954022989, 32.96091954022989, 32.96091954022989, 32.94942528735632, 32.95632183908046, 32.96206896551724, 32.95172413793103, 32.95402298850575, 32.95517241379311, 32.95747126436782, 32.95172413793104, 32.95632183908046, 32.95747126436782, 32.95402298850575, 32.96551724137931, 32.95287356321839, 32.93908045977012, 32.95402298850575, 32.94942528735632, 32.95747126436782, 32.95517241379311, 32.94252873563218, 32.95057471264368, 32.95287356321839, 32.95977011494253, 32.9632183908046, 32.96896551724138, 32.95402298850575, 32.95287356321839, 32.95287356321839, 32.95862068965518, 32.96781609195402, 32.95172413793103, 32.96091954022989, 32.94712643678161, 32.94942528735633, 32.95172413793104, 32.95402298850575, 32.95862068965517, 32.94252873563218, 32.96551724137931, 32.94827586206897, 32.95517241379311, 32.94022988505747, 32.95172413793104, 32.94712643678161, 32.95287356321839, 32.95517241379311, 32.94942528735632, 32.94942528735632, 32.94022988505747, 32.95057471264368, 32.94252873563219, 32.94942528735633, 32.94367816091954, 32.94252873563219, 32.94597701149425, 32.95402298850575, 32.96091954022988, 32.95287356321839, 32.95057471264368, 32.95862068965518, 32.96206896551724, 32.94712643678161, 32.95057471264368, 32.95057471264368, 31.956321839080463, 31.95287356321839, 31.959770114942533, 31.959770114942526, 31.97126436781609, 31.958620689655174, 31.960919540229884, 31.962068965517243, 31.9632183908046, 31.948275862068964, 31.949425287356323, 31.951724137931034, 31.958620689655174, 31.959770114942526, 31.95632183908046, 31.949425287356323, 31.945977011494254, 31.958620689655174, 31.942528735632184, 31.950574712643682, 31.948275862068968, 31.948275862068968, 31.950574712643682, 31.956321839080463, 31.950574712643682, 31.940229885057473, 31.942528735632184, 31.949425287356323, 31.947126436781613, 31.952873563218393, 31.948275862068968, 30.95287356321839, 30.950574712643682, 30.952873563218393, 30.954022988505745, 30.958620689655174, 30.948275862068964, 30.95402298850575, 30.958620689655174, 30.955172413793104, 30.95287356321839, 30.960919540229884, 30.956321839080463, 30.948275862068968, 30.94712643678161, 30.94137931034483, 30.945977011494254, 30.95402298850575, 30.95057471264368, 30.941379310344832, 30.941379310344825, 30.944827586206895, 30.942528735632184, 30.945977011494257, 30.951724137931034, 30.945977011494254, 30.941379310344832, 30.93793103448276, 30.948275862068964, 30.949425287356323, 30.948275862068968, 30.941379310344832, 30.960919540229884, 30.949425287356323, 30.956321839080456, 30.95057471264368, 30.945977011494254, 30.956321839080463, 30.95632183908046, 30.95632183908046, 30.955172413793104, 30.952873563218393, 30.951724137931038, 30.944827586206895, 30.955172413793107, 30.95057471264368, 30.948275862068968, 30.945977011494254, 30.95747126436782, 30.957471264367815, 30.95057471264368, 30.955172413793104, 30.947126436781605, 30.939080459770114, 30.943678160919543, 30.940229885057473, 30.948275862068968, 30.95057471264368, 30.948275862068968, 30.94137931034483, 30.95747126436782, 30.95402298850575, 30.950574712643682, 30.944827586206898, 30.949425287356323, 30.936781609195403, 30.943678160919543, 30.943678160919543, 30.948275862068968, 30.948275862068964, 30.951724137931034, 30.939080459770114, 30.944827586206898, 30.948275862068968, 30.93793103448276, 30.935632183908048, 30.94367816091954, 30.942528735632187, 30.93448275862069, 30.94137931034483, 30.93448275862069, 30.936781609195403, 30.936781609195403, 30.936781609195403, 30.93793103448276, 30.941379310344832, 30.94137931034483, 30.945977011494254, 30.955172413793104, 30.94022988505747, 30.945977011494254, 30.948275862068968, 30.949425287356323, 30.942528735632184, 30.948275862068964, 30.94367816091954, 30.939080459770114, 30.95057471264368, 30.942528735632184, 30.94137931034483, 30.94022988505747, 30.939080459770118, 30.94712643678161]",0.9140101883271824,0.9398822635287449,31,"[33, 33, 33, 33, 33, 33, 33, 33, 33, 33, 33, 33, 33, 33, 33, 33, 33, 33, 33, 33, 33, 33, 33, 33, 33, 33, 33, 33, 33, 33, 33, 33, 33, 33, 33, 33, 33, 33, 33, 33, 33, 33, 33, 33, 33, 33, 33, 33, 33, 33, 33, 33, 33, 33, 33, 33, 33, 33, 33, 33, 33, 33, 33, 33, 33, 33, 33, 33, 33, 33, 33, 33, 33, 33, 33, 33, 33, 33, 33, 33, 33, 33, 33, 33, 33, 33, 33, 33, 33, 33, 33, 33, 33, 33, 33, 33, 33, 33, 33, 33, 33, 33, 33, 33, 33, 33, 33, 33, 33, 33, 33, 33, 33, 33, 33, 33, 33, 33, 33, 33, 33, 33, 33, 33, 33, 33, 33, 33, 33, 33, 33, 33, 33, 33, 33, 33, 33, 33, 33, 33, 33, 33, 33, 33, 33, 33, 33, 32, 32, 32, 32, 32, 32, 32, 32, 32, 32, 32, 32, 32, 32, 32, 32, 32, 32, 32, 32, 32, 32, 32, 32, 32, 32, 32, 32, 32, 32, 32, 31, 31, 31, 31, 31, 31, 31, 31, 31, 31, 31, 31, 31, 31, 31, 31, 31, 31, 31, 31, 31, 31, 31, 31, 31, 31, 31, 31, 31, 31, 31, 31, 31, 31, 31, 31, 31, 31, 31, 31, 31, 31, 31, 31, 31, 31, 31, 31, 31, 31, 31, 31, 31, 31, 31, 31, 31, 31, 31, 31, 31, 31, 31, 31, 31, 31, 31, 31, 31, 31, 31, 31, 31, 31, 31, 31, 31, 31, 31, 31, 31, 31, 31, 31, 31, 31, 31, 31, 31, 31, 31, 31, 31, 31, 31, 31, 31, 31, 31, 31, 31, 31]",280,"[0.392934650182724, 0.38326412439346313, 0.37788259983062744, 0.3728105127811432, 0.3693607747554779, 0.36572855710983276, 0.3626232445240021, 0.36019328236579895, 0.35635921359062195, 0.35359394550323486, 0.35164088010787964, 0.3473595380783081, 0.3440282940864563, 0.34100380539894104, 0.3379279375076294, 0.33529436588287354, 0.33251145482063293, 0.3289888799190521, 0.3262435793876648, 0.3226862847805023, 0.31798604130744934, 0.3161388635635376, 0.3102385997772217, 0.3063165843486786, 0.3026541769504547, 0.2978733777999878, 0.2938332259654999, 0.2901761531829834, 0.2885681390762329, 0.28451815247535706, 0.28328296542167664, 0.2780616879463196, 0.27574941515922546, 0.27597174048423767, 0.2716318964958191, 0.26899996399879456, 0.2669508755207062, 0.2652199864387512, 0.26436352729797363, 0.2624993622303009, 0.26043957471847534, 0.2592880427837372, 0.25718238949775696, 0.2564292848110199, 0.2558741867542267, 0.2531912326812744, 0.2512913644313812, 0.25062301754951477, 0.25034499168395996, 0.24807782471179962, 0.24870887398719788, 0.2459690272808075, 0.2444247454404831, 0.24230076372623444, 0.2410876601934433, 0.24059928953647614, 0.24034717679023743, 0.2377815842628479, 0.2371574342250824, 0.234608992934227, 0.2357550859451294, 0.2342766523361206, 0.23355168104171753, 0.2313123643398285, 0.2314668446779251, 0.22968587279319763, 0.2280019372701645, 0.22749075293540955, 0.22664915025234222, 0.22701473534107208, 0.2242405116558075, 0.22457130253314972, 0.2241847813129425, 0.2220403254032135, 0.2237853854894638, 0.22298212349414825, 0.22315901517868042, 0.21971264481544495, 0.21808479726314545, 0.21797288954257965, 0.21650956571102142, 0.21497146785259247, 0.21664109826087952, 0.21485725045204163, 0.2139345109462738, 0.2154904305934906, 0.21941834688186646, 0.21441179513931274, 0.21241120994091034, 0.21178431808948517, 0.2116083949804306, 0.2128027081489563, 0.2132163792848587, 0.2132708877325058, 0.21288828551769257, 0.21074075996875763, 0.2102670669555664, 0.20931045711040497, 0.21047639846801758, 0.2104770839214325, 0.2093697339296341, 0.2086068093776703, 0.20844419300556183, 0.20815953612327576, 0.2072359323501587, 0.20743399858474731, 0.20625406503677368, 0.20654581487178802, 0.20635123550891876, 0.20610707998275757, 0.20529335737228394, 0.20575742423534393, 0.206590935587883, 0.20526735484600067, 0.20491646230220795, 0.20574015378952026, 0.20576274394989014, 0.20531682670116425, 0.2045535296201706, 0.20644965767860413, 0.20313584804534912, 0.2035289704799652, 0.20468801259994507, 0.20287998020648956, 0.20403873920440674, 0.20278997719287872, 0.20369501411914825, 0.20090477168560028, 0.2017562836408615, 0.20194071531295776, 0.20629602670669556, 0.2025063931941986, 0.19965305924415588, 0.2012237161397934, 0.2005661129951477, 0.1997128278017044, 0.1993643194437027, 0.19864164292812347, 0.2013598382472992, 0.20142629742622375, 0.1985260248184204, 0.19813232123851776, 0.2001703381538391, 0.19671864807605743, 0.19769476354122162, 0.19828777015209198, 0.20132547616958618, 0.19529736042022705, 0.197896346449852, 0.19511310756206512, 0.19606338441371918, 0.19949893653392792, 0.19662119448184967, 0.19841904938220978, 0.19452251493930817, 0.1934581995010376, 0.19574439525604248, 0.19742639362812042, 0.19603851437568665, 0.19441644847393036, 0.19455276429653168, 0.19468766450881958, 0.19274090230464935, 0.19372837245464325, 0.19380441308021545, 0.193317711353302, 0.19355405867099762, 0.1929573267698288, 0.19257886707782745, 0.1939343512058258, 0.1916036158800125, 0.1909877210855484, 0.19287534058094025, 0.19611017405986786, 0.193693146109581, 0.19227531552314758, 0.19621895253658295, 0.19440153241157532, 0.18937064707279205, 0.18921683728694916, 0.18976375460624695, 0.19134730100631714, 0.18872255086898804, 0.18996219336986542, 0.19096635282039642, 0.19670000672340393, 0.189006045460701, 0.19187994301319122, 0.18906038999557495, 0.19196610152721405, 0.191248819231987, 0.18859264254570007, 0.19108092784881592, 0.18917948007583618, 0.18880528211593628, 0.19021080434322357, 0.18703493475914001, 0.1900348663330078, 0.18818868696689606, 0.18993835151195526, 0.1931554228067398, 0.187092587351799, 0.18631792068481445, 0.18790535628795624, 0.18685100972652435, 0.18670667707920074, 0.18770107626914978, 0.18846243619918823, 0.19234764575958252, 0.1883184015750885, 0.18929125368595123, 0.19018249213695526, 0.18769854307174683, 0.19187931716442108, 0.18784154951572418, 0.18477687239646912, 0.19054707884788513, 0.186123326420784, 0.18774496018886566, 0.18460248410701752, 0.1856602132320404, 0.18935120105743408, 0.18396776914596558, 0.18795494735240936, 0.18637941777706146, 0.1860429048538208, 0.18762989342212677, 0.1873808354139328, 0.19094032049179077, 0.18480661511421204, 0.18896348774433136, 0.1866486668586731, 0.18569114804267883, 0.1862514168024063, 0.1891186535358429, 0.19018736481666565, 0.1852666735649109, 0.18963921070098877, 0.18432332575321198, 0.18634845316410065, 0.19385069608688354, 0.18457165360450745, 0.18275007605552673, 0.18450921773910522, 0.18601985275745392, 0.18382060527801514, 0.1863035261631012, 0.18796002864837646, 0.19147305190563202, 0.1876457929611206, 0.18625284731388092, 0.18900945782661438, 0.18413721024990082, 0.19199246168136597, 0.19349315762519836, 0.18439701199531555, 0.18490777909755707, 0.18785598874092102, 0.1843501329421997, 0.18477079272270203, 0.18607468903064728, 0.1890309751033783, 0.18337902426719666, 0.1873418092727661, 0.18462534248828888, 0.18284112215042114, 0.18382807075977325, 0.18652752041816711, 0.18601657450199127, 0.18627187609672546, 0.18431995809078217, 0.1853010207414627, 0.1860717535018921, 0.18713650107383728, 0.18425731360912323, 0.18544375896453857, 0.18533927202224731, 0.18688979744911194, 0.18828809261322021, 0.18703335523605347]",31.0,"[33.0, 33.0, 33.0, 33.0, 33.0, 33.0, 33.0, 33.0, 33.0, 33.0, 33.0, 33.0, 33.0, 33.0, 33.0, 33.0, 33.0, 33.0, 33.0, 33.0, 33.0, 33.0, 33.0, 33.0, 33.0, 33.0, 33.0, 33.0, 33.0, 33.0, 33.0, 33.0, 33.0, 33.0, 33.0, 33.0, 33.0, 33.0, 33.0, 33.0, 33.0, 33.0, 33.0, 33.0, 33.0, 33.0, 33.0, 33.0, 33.0, 33.0, 33.0, 33.0, 33.0, 33.0, 33.0, 33.0, 33.0, 33.0, 33.0, 33.0, 33.0, 33.0, 33.0, 33.0, 33.0, 33.0, 33.0, 33.0, 33.0, 33.0, 33.0, 33.0, 33.0, 33.0, 33.0, 33.0, 33.0, 33.0, 33.0, 33.0, 33.0, 33.0, 33.0, 33.0, 33.0, 33.0, 33.0, 33.0, 33.0, 33.0, 33.0, 33.0, 33.0, 33.0, 33.0, 33.0, 33.0, 33.0, 33.0, 33.0, 33.0, 33.0, 33.0, 33.0, 33.0, 33.0, 33.0, 33.0, 33.0, 33.0, 33.0, 33.0, 33.0, 33.0, 33.0, 33.0, 33.0, 33.0, 33.0, 33.0, 33.0, 33.0, 33.0, 33.0, 33.0, 33.0, 33.0, 33.0, 33.0, 33.0, 33.0, 33.0, 33.0, 33.0, 33.0, 33.0, 33.0, 33.0, 33.0, 33.0, 33.0, 33.0, 33.0, 33.0, 33.0, 33.0, 33.0, 32.0, 32.0, 32.0, 32.0, 32.0, 32.0, 32.0, 32.0, 32.0, 32.0, 32.0, 32.0, 32.0, 32.0, 32.0, 32.0, 32.0, 32.0, 32.0, 32.0, 32.0, 32.0, 32.0, 32.0, 32.0, 32.0, 32.0, 32.0, 32.0, 32.0, 32.0, 31.0, 31.0, 31.0, 31.0, 31.0, 31.0, 31.0, 31.0, 31.0, 31.0, 31.0, 31.0, 31.0, 31.0, 31.0, 31.0, 31.0, 31.0, 31.0, 31.0, 31.0, 31.0, 31.0, 31.0, 31.0, 31.0, 31.0, 31.0, 31.0, 31.0, 31.0, 31.0, 31.0, 31.0, 31.0, 31.0, 31.0, 31.0, 31.0, 31.0, 31.0, 31.0, 31.0, 31.0, 31.0, 31.0, 31.0, 31.0, 31.0, 31.0, 31.0, 31.0, 31.0, 31.0, 31.0, 31.0, 31.0, 31.0, 31.0, 31.0, 31.0, 31.0, 31.0, 31.0, 31.0, 31.0, 31.0, 31.0, 31.0, 31.0, 31.0, 31.0, 31.0, 31.0, 31.0, 31.0, 31.0, 31.0, 31.0, 31.0, 31.0, 31.0, 31.0, 31.0, 31.0, 31.0, 31.0, 31.0, 31.0, 31.0, 31.0, 31.0, 31.0, 31.0, 31.0, 31.0, 31.0, 31.0, 31.0, 31.0, 31.0, 31.0]",COMPLETE
