,number,value,datetime_start,datetime_complete,duration,params_batch_size_scaler,params_constant_learning_rate,params_depth,params_epochs,params_kernel_l2,params_num_trees,params_temperature,user_attrs_accuracy_test,user_attrs_accuracy_valid,user_attrs_approximate_feature_sparsity,user_attrs_approximate_feature_sparsity_history,user_attrs_approximate_weight_sparsity,user_attrs_approximate_weight_sparsity_history,user_attrs_auc_test,user_attrs_auc_valid,user_attrs_feature_sparsity,user_attrs_feature_sparsity_history,user_attrs_num_epochs,user_attrs_val_loss_history,user_attrs_weight_sparsity,user_attrs_weight_sparsity_history,state
28,28,0.9314062681145419,2024-08-31 01:54:11.854166,2024-08-31 01:58:46.462534,0 days 00:04:34.608368,4,6.206746860322567,5,265,0.0018955943668556832,36,0.00020805475893299083,0.936,0.94,24,"[33, 33, 33, 33, 33, 30, 29, 28, 28, 28, 26, 26, 26, 26, 26, 26, 26, 26, 26, 26, 26, 26, 26, 26, 26, 26, 26, 26, 26, 26, 26, 26, 26, 26, 26, 26, 26, 26, 26, 26, 26, 26, 26, 26, 26, 26, 26, 26, 26, 26, 26, 26, 26, 26, 26, 26, 26, 26, 26, 26, 26, 26, 26, 26, 26, 26, 26, 26, 26, 26, 26, 26, 26, 26, 26, 26, 26, 25, 25, 25, 25, 25, 25, 25, 25, 25, 25, 25, 25, 25, 25, 25, 25, 25, 25, 25, 25, 25, 25, 25, 25, 25, 25, 25, 25, 25, 25, 25, 25, 25, 25, 25, 25, 25, 25, 25, 25, 25, 25, 25, 25, 25, 25, 25, 25, 25, 25, 25, 25, 25, 25, 25, 25, 25, 25, 25, 25, 25, 25, 25, 25, 25, 25, 25, 25, 25, 25, 25, 25, 25, 25, 25, 25, 25, 25, 25, 25, 25, 25, 25, 25, 25, 25, 25, 25, 25, 25, 25, 25, 25, 25, 25, 25, 25, 25, 25, 25, 25, 25, 25, 25, 25, 25, 25, 25, 25, 25, 25, 25, 25, 25, 25, 25, 25, 25, 25, 25, 25, 25, 25, 24, 24, 24, 24, 24, 24, 24, 24, 24, 24, 24, 24, 24, 24, 24, 24, 24, 24, 24, 24, 24, 24, 24, 24, 24, 24, 24, 24, 24, 24, 24, 24, 24, 24, 24, 24, 24, 24, 24, 24, 24, 24, 24, 24, 24, 24, 24, 24, 24, 24, 24, 24, 24, 24, 24, 24, 24, 24, 24, 24, 24, 24, 24, 24, 24]",23.979390681003586,"[32.9489247311828, 32.96594982078853, 32.965053763440864, 32.96863799283154, 32.975806451612904, 29.959677419354836, 28.972222222222225, 27.968637992831543, 27.96594982078853, 27.974014336917563, 25.97222222222222, 25.96863799283154, 25.978494623655916, 25.97222222222222, 25.973118279569892, 25.974910394265233, 25.97670250896057, 25.981182795698924, 25.974910394265233, 25.973118279569892, 25.974910394265233, 25.979390681003583, 25.97043010752688, 25.97043010752688, 25.97222222222222, 25.979390681003586, 25.971326164874554, 25.974910394265233, 25.9668458781362, 25.973118279569892, 25.97491039426523, 25.980286738351253, 25.96505376344086, 25.962365591397848, 25.974910394265233, 25.97132616487455, 25.973118279569892, 25.97222222222222, 25.965949820788527, 25.974014336917563, 25.97222222222222, 25.980286738351253, 25.975806451612904, 25.972222222222225, 25.97759856630824, 25.978494623655912, 25.975806451612904, 25.972222222222225, 25.974910394265233, 25.97491039426523, 25.974014336917563, 25.961469534050178, 25.96594982078853, 25.973118279569896, 25.97043010752688, 25.95967741935484, 25.96326164874552, 25.96863799283154, 25.965053763440856, 25.969534050179213, 25.96774193548387, 25.96953405017921, 25.96594982078853, 25.96863799283154, 25.967741935483872, 25.96415770609319, 25.958781362007166, 25.966845878136198, 25.9668458781362, 25.96146953405018, 25.962365591397848, 25.964157706093186, 25.96953405017921, 25.96774193548387, 25.96146953405018, 25.96594982078853, 25.96953405017921, 24.976702508960575, 24.982078853046595, 24.97132616487455, 24.981182795698924, 24.979390681003583, 24.979390681003583, 24.979390681003583, 24.978494623655916, 24.982078853046595, 24.982078853046595, 24.982078853046595, 24.990143369175627, 24.985663082437277, 24.984767025089607, 24.983870967741936, 24.980286738351253, 24.976702508960575, 24.975806451612904, 24.978494623655912, 24.98297491039426, 24.978494623655912, 24.977598566308245, 24.976702508960575, 24.97759856630824, 24.974014336917566, 24.980286738351253, 24.982078853046595, 24.9820788530466, 24.984767025089607, 24.981182795698928, 24.981182795698924, 24.983870967741936, 24.982078853046595, 24.982974910394265, 24.978494623655916, 24.977598566308245, 24.972222222222225, 24.978494623655916, 24.974910394265233, 24.978494623655916, 24.974910394265233, 24.974014336917563, 24.974910394265233, 24.9758064516129, 24.981182795698924, 24.974910394265233, 24.97759856630824, 24.97222222222222, 24.97222222222222, 24.975806451612904, 24.975806451612904, 24.97132616487455, 24.973118279569892, 24.976702508960575, 24.978494623655916, 24.97311827956989, 24.979390681003583, 24.978494623655916, 24.97759856630824, 24.97759856630824, 24.9758064516129, 24.9758064516129, 24.9758064516129, 24.975806451612904, 24.973118279569892, 24.975806451612907, 24.978494623655916, 24.975806451612904, 24.978494623655916, 24.980286738351257, 24.97759856630824, 24.977598566308245, 24.979390681003583, 24.981182795698924, 24.982078853046595, 24.982078853046595, 24.97670250896057, 24.976702508960575, 24.978494623655912, 24.974910394265233, 24.975806451612904, 24.973118279569892, 24.974910394265233, 24.978494623655912, 24.976702508960575, 24.9758064516129, 24.978494623655916, 24.97759856630824, 24.975806451612904, 24.974910394265233, 24.976702508960575, 24.975806451612904, 24.974014336917563, 24.97132616487455, 24.973118279569892, 24.968637992831543, 24.97043010752688, 24.973118279569892, 24.97222222222222, 24.97222222222222, 24.97043010752688, 24.973118279569892, 24.97222222222222, 24.973118279569892, 24.974014336917563, 24.973118279569892, 24.974014336917563, 24.973118279569892, 24.97222222222222, 24.973118279569892, 24.974014336917563, 24.97222222222222, 24.96953405017921, 24.96953405017921, 24.970430107526884, 24.974910394265233, 24.97759856630824, 24.97759856630824, 24.96863799283154, 24.96953405017921, 24.96505376344086, 24.967741935483872, 24.967741935483872, 23.971326164874554, 23.974014336917563, 23.98297491039427, 23.97043010752688, 23.974910394265233, 23.973118279569892, 23.974910394265233, 23.97043010752688, 23.967741935483872, 23.9668458781362, 23.973118279569896, 23.975806451612904, 23.977598566308245, 23.973118279569892, 23.974910394265233, 23.973118279569896, 23.975806451612904, 23.977598566308245, 23.976702508960575, 23.973118279569892, 23.977598566308245, 23.979390681003583, 23.978494623655912, 23.979390681003583, 23.977598566308245, 23.979390681003586, 23.975806451612904, 23.975806451612904, 23.977598566308245, 23.976702508960575, 23.976702508960575, 23.976702508960575, 23.973118279569892, 23.974910394265233, 23.974910394265233, 23.977598566308245, 23.973118279569892, 23.974910394265233, 23.973118279569896, 23.97222222222222, 23.975806451612904, 23.973118279569892, 23.974014336917563, 23.972222222222225, 23.976702508960575, 23.977598566308245, 23.980286738351253, 23.975806451612904, 23.975806451612904, 23.97670250896057, 23.975806451612904, 23.97670250896057, 23.977598566308245, 23.979390681003583, 23.978494623655912, 23.976702508960575, 23.97670250896057, 23.97759856630824, 23.977598566308245, 23.978494623655912, 23.974014336917563, 23.976702508960575, 23.980286738351257, 23.979390681003586, 23.979390681003586]",0.9144560308456972,0.9314062681145419,24,"[33, 33, 33, 33, 33, 30, 29, 28, 28, 28, 26, 26, 26, 26, 26, 26, 26, 26, 26, 26, 26, 26, 26, 26, 26, 26, 26, 26, 26, 26, 26, 26, 26, 26, 26, 26, 26, 26, 26, 26, 26, 26, 26, 26, 26, 26, 26, 26, 26, 26, 26, 26, 26, 26, 26, 26, 26, 26, 26, 26, 26, 26, 26, 26, 26, 26, 26, 26, 26, 26, 26, 26, 26, 26, 26, 26, 26, 25, 25, 25, 25, 25, 25, 25, 25, 25, 25, 25, 25, 25, 25, 25, 25, 25, 25, 25, 25, 25, 25, 25, 25, 25, 25, 25, 25, 25, 25, 25, 25, 25, 25, 25, 25, 25, 25, 25, 25, 25, 25, 25, 25, 25, 25, 25, 25, 25, 25, 25, 25, 25, 25, 25, 25, 25, 25, 25, 25, 25, 25, 25, 25, 25, 25, 25, 25, 25, 25, 25, 25, 25, 25, 25, 25, 25, 25, 25, 25, 25, 25, 25, 25, 25, 25, 25, 25, 25, 25, 25, 25, 25, 25, 25, 25, 25, 25, 25, 25, 25, 25, 25, 25, 25, 25, 25, 25, 25, 25, 25, 25, 25, 25, 25, 25, 25, 25, 25, 25, 25, 25, 25, 24, 24, 24, 24, 24, 24, 24, 24, 24, 24, 24, 24, 24, 24, 24, 24, 24, 24, 24, 24, 24, 24, 24, 24, 24, 24, 24, 24, 24, 24, 24, 24, 24, 24, 24, 24, 24, 24, 24, 24, 24, 24, 24, 24, 24, 24, 24, 24, 24, 24, 24, 24, 24, 24, 24, 24, 24, 24, 24, 24, 24, 24, 24, 24, 24]",265,"[0.3362962305545807, 0.25009164214134216, 0.23346538841724396, 0.23085321485996246, 0.1986302137374878, 0.22859235107898712, 0.18993741273880005, 0.20193536579608917, 0.1803537905216217, 0.17924585938453674, 0.18078279495239258, 0.1729632169008255, 0.22997327148914337, 0.17308932542800903, 0.16666823625564575, 0.1841270476579666, 0.1775282919406891, 0.14955927431583405, 0.17234046757221222, 0.17048147320747375, 0.16536453366279602, 0.16061680018901825, 0.19853368401527405, 0.17328046262264252, 0.17650088667869568, 0.1833544671535492, 0.1768723428249359, 0.17790642380714417, 0.2087840586900711, 0.18950150907039642, 0.20172886550426483, 0.2047106921672821, 0.20255246758460999, 0.22697502374649048, 0.2182185798883438, 0.2300952672958374, 0.21814630925655365, 0.22799435257911682, 0.238175168633461, 0.2474980503320694, 0.2409110814332962, 0.25451117753982544, 0.24843262135982513, 0.2562181055545807, 0.2542114555835724, 0.2674451172351837, 0.26482418179512024, 0.2863932251930237, 0.2734876573085785, 0.2733003795146942, 0.2736925482749939, 0.2833593785762787, 0.28074005246162415, 0.2898038923740387, 0.2944692075252533, 0.29271218180656433, 0.2937357425689697, 0.2949839234352112, 0.29765433073043823, 0.2962566316127777, 0.30346110463142395, 0.3034684658050537, 0.3044985830783844, 0.3002125918865204, 0.3101498782634735, 0.3123466670513153, 0.3106776475906372, 0.3110814690589905, 0.31348952651023865, 0.3150383234024048, 0.31519073247909546, 0.3213127553462982, 0.3160855770111084, 0.31974247097969055, 0.3213106095790863, 0.3226826786994934, 0.324748158454895, 0.32851096987724304, 0.32366085052490234, 0.319527268409729, 0.3185111880302429, 0.32407212257385254, 0.32488933205604553, 0.3247912526130676, 0.3290168344974518, 0.32796695828437805, 0.32862532138824463, 0.3310612738132477, 0.33139076828956604, 0.3329552114009857, 0.33251050114631653, 0.3361603915691376, 0.33705124258995056, 0.3375227749347687, 0.3386165499687195, 0.3398018777370453, 0.3392931818962097, 0.33942073583602905, 0.34211593866348267, 0.3422289192676544, 0.34288012981414795, 0.34484073519706726, 0.34530335664749146, 0.3443922698497772, 0.346266508102417, 0.34666264057159424, 0.3475159704685211, 0.34783726930618286, 0.349943608045578, 0.35025301575660706, 0.3503343164920807, 0.3522052466869354, 0.35142192244529724, 0.3521370589733124, 0.35248520970344543, 0.35233864188194275, 0.3542215824127197, 0.3540729284286499, 0.3551205098628998, 0.35712260007858276, 0.3569399118423462, 0.3558582365512848, 0.35589995980262756, 0.3577525019645691, 0.35732075572013855, 0.35713961720466614, 0.3579673767089844, 0.3587721884250641, 0.358957439661026, 0.3592784106731415, 0.3605636954307556, 0.36114558577537537, 0.36152327060699463, 0.36305588483810425, 0.36383992433547974, 0.36258986592292786, 0.3636820316314697, 0.36292362213134766, 0.36393168568611145, 0.365022212266922, 0.3655133843421936, 0.3656294643878937, 0.36540886759757996, 0.3657008707523346, 0.36638399958610535, 0.3662780523300171, 0.3666366934776306, 0.3660893142223358, 0.36786365509033203, 0.3681964576244354, 0.368376761674881, 0.36894237995147705, 0.36962196230888367, 0.3700275719165802, 0.3702869117259979, 0.3705848753452301, 0.37086448073387146, 0.3712800145149231, 0.3716655969619751, 0.37221938371658325, 0.37228885293006897, 0.37292954325675964, 0.3730488121509552, 0.37296637892723083, 0.37285345792770386, 0.37380698323249817, 0.3739158511161804, 0.37468475103378296, 0.3747631311416626, 0.3740091323852539, 0.3750394582748413, 0.37530943751335144, 0.37577828764915466, 0.37597110867500305, 0.3767077922821045, 0.3771630823612213, 0.3766750991344452, 0.37684550881385803, 0.3763890862464905, 0.3776942193508148, 0.3783918619155884, 0.3783092200756073, 0.37830886244773865, 0.378316193819046, 0.37836194038391113, 0.37951138615608215, 0.3796524703502655, 0.3798397183418274, 0.3796931207180023, 0.37953585386276245, 0.38047927618026733, 0.3801030218601227, 0.38043612241744995, 0.38132748007774353, 0.38074660301208496, 0.3808681070804596, 0.3814530670642853, 0.3812744617462158, 0.38187724351882935, 0.3820025324821472, 0.38876017928123474, 0.4470859467983246, 0.4080197215080261, 0.4839266538619995, 0.40949785709381104, 0.3963143825531006, 0.4109012186527252, 0.38666707277297974, 0.3871229588985443, 0.3857652544975281, 0.3841870129108429, 0.38495776057243347, 0.38588130474090576, 0.38630905747413635, 0.38494938611984253, 0.386403888463974, 0.3871709704399109, 0.3871060907840729, 0.3874703347682953, 0.38750576972961426, 0.3881806433200836, 0.388458251953125, 0.38836434483528137, 0.3891943097114563, 0.3890626132488251, 0.3895603120326996, 0.3897289037704468, 0.3898997902870178, 0.390655517578125, 0.39024293422698975, 0.3905605375766754, 0.3910757303237915, 0.3908827304840088, 0.39072924852371216, 0.39107224345207214, 0.39158838987350464, 0.3918330669403076, 0.3920035660266876, 0.3923306167125702, 0.3924914598464966, 0.3921472132205963, 0.3921874761581421, 0.3927120864391327, 0.39331093430519104, 0.3932570219039917, 0.3932872414588928, 0.3930864632129669, 0.3934323191642761, 0.39357227087020874, 0.39372169971466064, 0.3935849666595459, 0.39372384548187256, 0.39365994930267334, 0.39371517300605774, 0.39392542839050293, 0.39393627643585205, 0.3940272629261017, 0.3942347466945648, 0.39436471462249756, 0.39438775181770325, 0.39449283480644226, 0.39479565620422363, 0.3948267698287964, 0.39469391107559204, 0.3949420154094696]",24.0,"[33.0, 33.0, 33.0, 33.0, 33.0, 30.0, 29.0, 28.0, 28.0, 28.0, 26.0, 26.0, 26.0, 26.0, 26.0, 26.0, 26.0, 26.0, 26.0, 26.0, 26.0, 26.0, 26.0, 26.0, 26.0, 26.0, 26.0, 26.0, 26.0, 26.0, 26.0, 26.0, 26.0, 26.0, 26.0, 26.0, 26.0, 26.0, 26.0, 26.0, 26.0, 26.0, 26.0, 26.0, 26.0, 26.0, 26.0, 26.0, 26.0, 26.0, 26.0, 26.0, 26.0, 26.0, 26.0, 26.0, 26.0, 26.0, 26.0, 26.0, 26.0, 26.0, 26.0, 26.0, 26.0, 26.0, 26.0, 26.0, 26.0, 26.0, 26.0, 26.0, 26.0, 26.0, 26.0, 26.0, 26.0, 25.0, 25.0, 25.0, 25.0, 25.0, 25.0, 25.0, 25.0, 25.0, 25.0, 25.0, 25.0, 25.0, 25.0, 25.0, 25.0, 25.0, 25.0, 25.0, 25.0, 25.0, 25.0, 25.0, 25.0, 25.0, 25.0, 25.0, 25.0, 25.0, 25.0, 25.0, 25.0, 25.0, 25.0, 25.0, 25.0, 25.0, 25.0, 25.0, 25.0, 25.0, 25.0, 25.0, 25.0, 25.0, 25.0, 25.0, 25.0, 25.0, 25.0, 25.0, 25.0, 25.0, 25.0, 25.0, 25.0, 25.0, 25.0, 25.0, 25.0, 25.0, 25.0, 25.0, 25.0, 25.0, 25.0, 25.0, 25.0, 25.0, 25.0, 25.0, 25.0, 25.0, 25.0, 25.0, 25.0, 25.0, 25.0, 25.0, 25.0, 25.0, 25.0, 25.0, 25.0, 25.0, 25.0, 25.0, 25.0, 25.0, 25.0, 25.0, 25.0, 25.0, 25.0, 25.0, 25.0, 25.0, 25.0, 25.0, 25.0, 25.0, 25.0, 25.0, 25.0, 25.0, 25.0, 25.0, 25.0, 25.0, 25.0, 25.0, 25.0, 25.0, 25.0, 25.0, 25.0, 25.0, 25.0, 25.0, 25.0, 25.0, 25.0, 25.0, 24.0, 24.0, 24.0, 24.0, 24.0, 24.0, 24.0, 24.0, 24.0, 24.0, 24.0, 24.0, 24.0, 24.0, 24.0, 24.0, 24.0, 24.0, 24.0, 24.0, 24.0, 24.0, 24.0, 24.0, 24.0, 24.0, 24.0, 24.0, 24.0, 24.0, 24.0, 24.0, 24.0, 24.0, 24.0, 24.0, 24.0, 24.0, 24.0, 24.0, 24.0, 24.0, 24.0, 24.0, 24.0, 24.0, 24.0, 24.0, 24.0, 24.0, 24.0, 24.0, 24.0, 24.0, 24.0, 24.0, 24.0, 24.0, 24.0, 24.0, 24.0, 24.0, 24.0, 24.0, 24.0]",COMPLETE
29,29,0.5,2024-08-31 01:58:47.678781,2024-08-31 01:59:20.793511,0 days 00:00:33.114730,4,7.003012284492522,4,60,0.004409238121848639,10,0.019463288419329868,0.859,0.85875,0,"[0, 0, 0, 0, 0, 0, 0, 0, 0, 0, 0, 0, 0, 0, 0, 0, 0, 0, 0, 0, 0, 0, 0, 0, 0, 0, 0, 0, 0, 0, 0, 0, 0, 0, 0, 0, 0, 0, 0, 0, 0, 0, 0, 0, 0, 0, 0, 0, 0, 0, 0, 0, 0, 0, 0, 0, 0, 0, 0, 0]",0.0,"[0.0, 0.0, 0.0, 0.0, 0.0, 0.0, 0.0, 0.0, 0.0, 0.0, 0.0, 0.0, 0.0, 0.0, 0.0, 0.0, 0.0, 0.0, 0.0, 0.0, 0.0, 0.0, 0.0, 0.0, 0.0, 0.0, 0.0, 0.0, 0.0, 0.0, 0.0, 0.0, 0.0, 0.0, 0.0, 0.0, 0.0, 0.0, 0.0, 0.0, 0.0, 0.0, 0.0, 0.0, 0.0, 0.0, 0.0, 0.0, 0.0, 0.0, 0.0, 0.0, 0.0, 0.0, 0.0, 0.0, 0.0, 0.0, 0.0, 0.0]",0.5,0.5,0,"[0, 0, 0, 0, 0, 0, 0, 0, 0, 0, 0, 0, 0, 0, 0, 0, 0, 0, 0, 0, 0, 0, 0, 0, 0, 0, 0, 0, 0, 0, 0, 0, 0, 0, 0, 0, 0, 0, 0, 0, 0, 0, 0, 0, 0, 0, 0, 0, 0, 0, 0, 0, 0, 0, 0, 0, 0, 0, 0, 0]",60,"[0.4498368501663208, 0.40722617506980896, 0.4077897369861603, 0.42726677656173706, 0.4085948169231415, 0.4177302122116089, 0.43811365962028503, 0.41763564944267273, 0.4108758866786957, 0.4102201461791992, 0.42174696922302246, 0.40900444984436035, 0.40897127985954285, 0.4132780432701111, 0.41210997104644775, 0.40847381949424744, 0.40858137607574463, 0.4161168932914734, 0.4084441363811493, 0.4390428066253662, 0.420979768037796, 0.440799742937088, 0.42856961488723755, 0.41010940074920654, 0.40859901905059814, 0.4384460151195526, 0.4321468770503998, 0.42164748907089233, 0.41408079862594604, 0.4121144413948059, 0.41331568360328674, 0.4354478716850281, 0.4392422139644623, 0.4159108102321625, 0.4258807301521301, 0.4083747863769531, 0.4185406565666199, 0.4078705310821533, 0.40834900736808777, 0.427981972694397, 0.40795907378196716, 0.4117070734500885, 0.4257856607437134, 0.45515015721321106, 0.40970802307128906, 0.41461172699928284, 0.4072267413139343, 0.4072283208370209, 0.41565313935279846, 0.40732842683792114, 0.4112473726272583, 0.4080755114555359, 0.4165867269039154, 0.4113357663154602, 0.41427192091941833, 0.4174851179122925, 0.40722692012786865, 0.42349258065223694, 0.4383765757083893, 0.43185099959373474]",0.0,"[0.0, 0.0, 0.0, 0.0, 0.0, 0.0, 0.0, 0.0, 0.0, 0.0, 0.0, 0.0, 0.0, 0.0, 0.0, 0.0, 0.0, 0.0, 0.0, 0.0, 0.0, 0.0, 0.0, 0.0, 0.0, 0.0, 0.0, 0.0, 0.0, 0.0, 0.0, 0.0, 0.0, 0.0, 0.0, 0.0, 0.0, 0.0, 0.0, 0.0, 0.0, 0.0, 0.0, 0.0, 0.0, 0.0, 0.0, 0.0, 0.0, 0.0, 0.0, 0.0, 0.0, 0.0, 0.0, 0.0, 0.0, 0.0, 0.0, 0.0]",COMPLETE
