,number,value,datetime_start,datetime_complete,duration,params_batch_size_scaler,params_constant_learning_rate,params_depth,params_epochs,params_kernel_l2,params_num_trees,params_temperature,user_attrs_accuracy_test,user_attrs_accuracy_valid,user_attrs_approximate_feature_sparsity,user_attrs_approximate_feature_sparsity_history,user_attrs_approximate_weight_sparsity,user_attrs_approximate_weight_sparsity_history,user_attrs_auc_test,user_attrs_auc_valid,user_attrs_feature_sparsity,user_attrs_feature_sparsity_history,user_attrs_num_epochs,user_attrs_val_loss_history,user_attrs_weight_sparsity,user_attrs_weight_sparsity_history,state
170,170,0.5,2024-08-31 06:48:10.045480,2024-08-31 06:48:19.984375,0 days 00:00:09.938895,64,1.8250719509365063,2,60,0.4071098521255417,48,0.08944111655020043,0.859,0.85875,0,"[0, 0, 0, 0, 0, 0, 0, 0, 0, 0, 0, 0, 0, 0, 0, 0, 0, 0, 0, 0, 0, 0, 0, 0, 0, 0, 0, 0, 0, 0, 0, 0, 0, 0, 0, 0, 0, 0, 0, 0, 0, 0, 0, 0, 0, 0, 0, 0, 0, 0, 0, 0, 0, 0, 0, 0, 0, 0, 0, 0]",0.0,"[0.0, 0.0, 0.0, 0.0, 0.0, 0.0, 0.0, 0.0, 0.0, 0.0, 0.0, 0.0, 0.0, 0.0, 0.0, 0.0, 0.0, 0.0, 0.0, 0.0, 0.0, 0.0, 0.0, 0.0, 0.0, 0.0, 0.0, 0.0, 0.0, 0.0, 0.0, 0.0, 0.0, 0.0, 0.0, 0.0, 0.0, 0.0, 0.0, 0.0, 0.0, 0.0, 0.0, 0.0, 0.0, 0.0, 0.0, 0.0, 0.0, 0.0, 0.0, 0.0, 0.0, 0.0, 0.0, 0.0, 0.0, 0.0, 0.0, 0.0]",0.5,0.5,0,"[0, 0, 0, 0, 0, 0, 0, 0, 0, 0, 0, 0, 0, 0, 0, 0, 0, 0, 0, 0, 0, 0, 0, 0, 0, 0, 0, 0, 0, 0, 0, 0, 0, 0, 0, 0, 0, 0, 0, 0, 0, 0, 0, 0, 0, 0, 0, 0, 0, 0, 0, 0, 0, 0, 0, 0, 0, 0, 0, 0]",60,"[1.059410810470581, 0.6054489612579346, 2.0608882904052734, 2.3064324855804443, 3.946749687194824, 0.7087475657463074, 1.8300687074661255, 0.4166407883167267, 3.589123010635376, 1.0301635265350342, 0.47715333104133606, 2.7906174659729004, 0.9781765937805176, 0.4092511832714081, 4.37404727935791, 0.8567036390304565, 0.49336525797843933, 1.7490441799163818, 1.989867091178894, 1.7663300037384033, 1.5329809188842773, 2.6060543060302734, 2.060617446899414, 1.3529812097549438, 0.8405527472496033, 0.562544047832489, 3.1683709621429443, 2.171379327774048, 1.8066678047180176, 2.099931240081787, 1.8171648979187012, 0.9108464121818542, 1.2469699382781982, 0.7240846157073975, 0.5408165454864502, 4.064124584197998, 0.617461621761322, 2.373420000076294, 3.267960786819458, 0.9213952422142029, 0.4074113368988037, 3.1043200492858887, 0.7856083512306213, 0.5303111672401428, 4.421816825866699, 0.7156490087509155, 1.100637674331665, 1.1342374086380005, 1.2696418762207031, 2.9575345516204834, 1.3507399559020996, 1.340552806854248, 2.5690982341766357, 2.693650484085083, 0.8801605105400085, 0.7974758148193359, 1.6398565769195557, 2.065418004989624, 2.254021406173706, 4.399234771728516]",0.0,"[0.0, 0.0, 0.0, 0.0, 0.0, 0.0, 0.0, 0.0, 0.0, 0.0, 0.0, 0.0, 0.0, 0.0, 0.0, 0.0, 0.0, 0.0, 0.0, 0.0, 0.0, 0.0, 0.0, 0.0, 0.0, 0.0, 0.0, 0.0, 0.0, 0.0, 0.0, 0.0, 0.0, 0.0, 0.0, 0.0, 0.0, 0.0, 0.0, 0.0, 0.0, 0.0, 0.0, 0.0, 0.0, 0.0, 0.0, 0.0, 0.0, 0.0, 0.0, 0.0, 0.0, 0.0, 0.0, 0.0, 0.0, 0.0, 0.0, 0.0]",COMPLETE
171,171,0.5,2024-08-31 06:48:24.094157,2024-08-31 06:50:06.891660,0 days 00:01:42.797503,64,3.435827807056409,5,315,0.0011047964825890236,77,0.0029460498710646124,0.859,0.85875,0,"[33, 33, 33, 33, 33, 33, 33, 33, 11, 6, 6, 5, 2, 2, 2, 2, 2, 2, 2, 2, 2, 2, 2, 1, 1, 1, 1, 1, 1, 1, 1, 1, 1, 1, 1, 1, 1, 1, 1, 1, 1, 1, 1, 1, 1, 1, 1, 1, 1, 1, 1, 1, 1, 1, 1, 1, 1, 1, 1, 1, 1, 1, 1, 1, 1, 1, 1, 1, 1, 1, 1, 1, 1, 1, 1, 1, 1, 1, 1, 1, 1, 1, 1, 1, 1, 1, 1, 1, 1, 1, 1, 1, 1, 1, 1, 1, 1, 1, 1, 1, 1, 1, 1, 1, 1, 1, 1, 1, 1, 1, 1, 1, 1, 1, 1, 1, 1, 1, 1, 1, 1, 1, 1, 1, 1, 1, 1, 1, 1, 1, 1, 1, 1, 1, 0, 0, 0, 0, 0, 0, 0, 0, 0, 0, 0, 0, 0, 0, 0, 0, 0, 0, 0, 0, 0, 0, 0, 0, 0, 0, 0, 0, 0, 0, 0, 0, 0, 0, 0, 0, 0, 0, 0, 0, 0, 0, 0, 0, 0, 0, 0, 0, 0, 0, 0, 0, 0, 0, 0, 0, 0, 0, 0, 0, 0, 0, 0, 0, 0, 0, 0, 0, 0, 0, 0, 0, 0, 0, 0, 0, 0, 0, 0, 0, 0, 0, 0, 0, 0, 0, 0, 0, 0, 0, 0, 0, 0, 0, 0, 0, 0, 0, 0, 0, 0, 0, 0, 0, 0, 0, 0, 0, 0, 0, 0, 0, 0, 0, 0, 0, 0, 0, 0, 0, 0, 0, 0, 0, 0, 0, 0, 0, 0, 0, 0, 0, 0, 0, 0, 0, 0, 0, 0, 0, 0, 0, 0, 0, 0, 0, 0, 0, 0, 0, 0, 0, 0, 0, 0, 0, 0, 0, 0, 0, 0, 0, 0, 0, 0, 0, 0, 0, 0, 0, 0, 0, 0, 0, 0, 0, 0, 0, 0, 0, 0]",0.0,"[32.93255131964809, 32.94428152492669, 32.93003770423125, 32.93799748638458, 32.94051110180143, 32.93548387096774, 32.92878089652283, 32.935902806870544, 10.97737746124843, 5.989526602429828, 5.98659405111018, 4.988269794721408, 1.9958106409719312, 1.9962295768747382, 1.9962295768747382, 1.9987431922915793, 1.9979053204859656, 1.9974863845831587, 1.9949727691663175, 1.9949727691663175, 1.9949727691663175, 1.9962295768747382, 1.9958106409719312, 0.9979053204859657, 0.9991621281943862, 0.9983242563887725, 0.9991621281943862, 0.9983242563887725, 0.9974863845831587, 0.9983242563887725, 0.9987431922915794, 0.9979053204859657, 0.9974863845831587, 0.9979053204859657, 0.9983242563887725, 0.9983242563887725, 0.9991621281943862, 0.9979053204859657, 0.9991621281943862, 0.9987431922915794, 0.9995810640971932, 0.9991621281943862, 0.9991621281943862, 0.9995810640971932, 0.9991621281943862, 0.9991621281943862, 0.9991621281943862, 0.9995810640971932, 0.9995810640971932, 0.9991621281943862, 0.9991621281943862, 0.9995810640971932, 0.9995810640971932, 0.9995810640971932, 0.9991621281943862, 0.9991621281943862, 0.9983242563887725, 0.9991621281943862, 0.9991621281943862, 0.9987431922915794, 0.9983242563887725, 0.9983242563887725, 0.9987431922915794, 0.9991621281943862, 0.9991621281943862, 0.9991621281943862, 0.9983242563887725, 0.9987431922915794, 0.9983242563887725, 0.9995810640971932, 0.9995810640971932, 0.9991621281943862, 0.9983242563887725, 0.9991621281943862, 0.9979053204859657, 0.9987431922915794, 0.9987431922915794, 0.9995810640971932, 0.9979053204859657, 0.9991621281943862, 0.9987431922915794, 0.9995810640971932, 0.9995810640971932, 0.9995810640971932, 0.9995810640971932, 0.9995810640971932, 0.9983242563887725, 0.9987431922915794, 0.9987431922915794, 0.9987431922915794, 0.9991621281943862, 0.9991621281943862, 0.9991621281943862, 0.9987431922915794, 0.9991621281943862, 0.9995810640971932, 0.9991621281943862, 0.9991621281943862, 0.9983242563887725, 0.9979053204859657, 0.9991621281943862, 0.9991621281943862, 0.9987431922915794, 0.9987431922915794, 0.9991621281943862, 0.9995810640971932, 0.9995810640971932, 0.9995810640971932, 0.9983242563887725, 0.9995810640971932, 0.9987431922915794, 0.9983242563887725, 0.9987431922915794, 0.9995810640971932, 0.9995810640971932, 0.9991621281943862, 1.0, 0.9995810640971932, 1.0, 0.9995810640971932, 0.9995810640971932, 1.0, 1.0, 1.0, 0.9991621281943862, 0.9995810640971932, 1.0, 1.0, 0.9995810640971932, 0.9995810640971932, 1.0, 0.9995810640971932, 0.9995810640971932, 0.9995810640971932, 0.0, 0.0, 0.0, 0.0, 0.0, 0.0, 0.0, 0.0, 0.0, 0.0, 0.0, 0.0, 0.0, 0.0, 0.0, 0.0, 0.0, 0.0, 0.0, 0.0, 0.0, 0.0, 0.0, 0.0, 0.0, 0.0, 0.0, 0.0, 0.0, 0.0, 0.0, 0.0, 0.0, 0.0, 0.0, 0.0, 0.0, 0.0, 0.0, 0.0, 0.0, 0.0, 0.0, 0.0, 0.0, 0.0, 0.0, 0.0, 0.0, 0.0, 0.0, 0.0, 0.0, 0.0, 0.0, 0.0, 0.0, 0.0, 0.0, 0.0, 0.0, 0.0, 0.0, 0.0, 0.0, 0.0, 0.0, 0.0, 0.0, 0.0, 0.0, 0.0, 0.0, 0.0, 0.0, 0.0, 0.0, 0.0, 0.0, 0.0, 0.0, 0.0, 0.0, 0.0, 0.0, 0.0, 0.0, 0.0, 0.0, 0.0, 0.0, 0.0, 0.0, 0.0, 0.0, 0.0, 0.0, 0.0, 0.0, 0.0, 0.0, 0.0, 0.0, 0.0, 0.0, 0.0, 0.0, 0.0, 0.0, 0.0, 0.0, 0.0, 0.0, 0.0, 0.0, 0.0, 0.0, 0.0, 0.0, 0.0, 0.0, 0.0, 0.0, 0.0, 0.0, 0.0, 0.0, 0.0, 0.0, 0.0, 0.0, 0.0, 0.0, 0.0, 0.0, 0.0, 0.0, 0.0, 0.0, 0.0, 0.0, 0.0, 0.0, 0.0, 0.0, 0.0, 0.0, 0.0, 0.0, 0.0, 0.0, 0.0, 0.0, 0.0, 0.0, 0.0, 0.0, 0.0, 0.0, 0.0, 0.0, 0.0, 0.0, 0.0, 0.0, 0.0, 0.0, 0.0, 0.0, 0.0, 0.0, 0.0, 0.0, 0.0, 0.0, 0.0, 0.0, 0.0, 0.0, 0.0, 0.0]",0.5,0.5,0,"[33, 33, 33, 33, 33, 33, 33, 33, 11, 6, 6, 5, 2, 2, 2, 2, 2, 2, 2, 2, 2, 2, 2, 1, 1, 1, 1, 1, 1, 1, 1, 1, 1, 1, 1, 1, 1, 1, 1, 1, 1, 1, 1, 1, 1, 1, 1, 1, 1, 1, 1, 1, 1, 1, 1, 1, 1, 1, 1, 1, 1, 1, 1, 1, 1, 1, 1, 1, 1, 1, 1, 1, 1, 1, 1, 1, 1, 1, 1, 1, 1, 1, 1, 1, 1, 1, 1, 1, 1, 1, 1, 1, 1, 1, 1, 1, 1, 1, 1, 1, 1, 1, 1, 1, 1, 1, 1, 1, 1, 1, 1, 1, 1, 1, 1, 1, 1, 1, 1, 1, 1, 1, 1, 1, 1, 1, 1, 1, 1, 1, 1, 1, 1, 1, 0, 0, 0, 0, 0, 0, 0, 0, 0, 0, 0, 0, 0, 0, 0, 0, 0, 0, 0, 0, 0, 0, 0, 0, 0, 0, 0, 0, 0, 0, 0, 0, 0, 0, 0, 0, 0, 0, 0, 0, 0, 0, 0, 0, 0, 0, 0, 0, 0, 0, 0, 0, 0, 0, 0, 0, 0, 0, 0, 0, 0, 0, 0, 0, 0, 0, 0, 0, 0, 0, 0, 0, 0, 0, 0, 0, 0, 0, 0, 0, 0, 0, 0, 0, 0, 0, 0, 0, 0, 0, 0, 0, 0, 0, 0, 0, 0, 0, 0, 0, 0, 0, 0, 0, 0, 0, 0, 0, 0, 0, 0, 0, 0, 0, 0, 0, 0, 0, 0, 0, 0, 0, 0, 0, 0, 0, 0, 0, 0, 0, 0, 0, 0, 0, 0, 0, 0, 0, 0, 0, 0, 0, 0, 0, 0, 0, 0, 0, 0, 0, 0, 0, 0, 0, 0, 0, 0, 0, 0, 0, 0, 0, 0, 0, 0, 0, 0, 0, 0, 0, 0, 0, 0, 0, 0, 0, 0, 0, 0, 0, 0]",315,"[0.3834776282310486, 0.3946070075035095, 0.38341155648231506, 0.5045550465583801, 0.388840913772583, 0.3680579662322998, 0.4109901189804077, 0.3607676029205322, 0.369049996137619, 0.3914506137371063, 0.37670519948005676, 0.39593592286109924, 0.42177245020866394, 0.4757821559906006, 0.38605353236198425, 0.38854920864105225, 0.39268168807029724, 0.6757028698921204, 0.38554272055625916, 0.3838391602039337, 0.3932340741157532, 0.3834700286388397, 0.40314456820487976, 0.45525825023651123, 0.4491213858127594, 0.4158313274383545, 0.38810965418815613, 0.3968883752822876, 0.44043004512786865, 0.44099926948547363, 0.39358246326446533, 0.455058753490448, 0.38589468598365784, 0.4171430468559265, 0.48280200362205505, 0.41897347569465637, 0.4201206862926483, 0.44453099370002747, 0.4611843228340149, 0.4215458929538727, 0.4963555634021759, 0.3965112268924713, 0.4255366027355194, 0.390281081199646, 0.4292501211166382, 0.4437984228134155, 0.39507126808166504, 0.3836517035961151, 0.3938486874103546, 0.3967755436897278, 0.5644063949584961, 0.4059918522834778, 0.40174952149391174, 0.4151615500450134, 0.42075008153915405, 0.468446284532547, 0.4684302508831024, 0.38894757628440857, 0.39406049251556396, 0.4659773111343384, 0.4149516224861145, 0.39038100838661194, 0.4753706455230713, 0.4403599798679352, 0.38662928342819214, 0.3885023891925812, 0.6092755198478699, 0.3962037265300751, 0.3936443626880646, 0.4197026193141937, 0.3953695595264435, 0.3854266107082367, 0.39635589718818665, 0.38362735509872437, 0.39918553829193115, 0.3854389190673828, 0.3908105194568634, 0.4017752707004547, 0.4251873791217804, 0.4169856011867523, 0.4272117614746094, 0.39595144987106323, 0.3932647705078125, 0.43915489315986633, 0.4707379937171936, 0.3875582814216614, 0.390092134475708, 0.45236313343048096, 0.41261908411979675, 0.38655176758766174, 0.38403481245040894, 0.3908582329750061, 0.3869419991970062, 0.4045930802822113, 0.39905846118927, 0.3978532552719116, 0.3850480616092682, 0.38318145275115967, 0.38236749172210693, 0.43648895621299744, 0.38321149349212646, 0.393423855304718, 0.38443130254745483, 0.3839859068393707, 0.383243203163147, 0.3823772668838501, 0.45965576171875, 0.4032958149909973, 0.3937481641769409, 0.46973633766174316, 0.3896501660346985, 0.3830764889717102, 0.40278947353363037, 0.647888720035553, 0.39004552364349365, 0.49982938170433044, 0.39909180998802185, 0.40073078870773315, 0.3935876488685608, 0.4169721305370331, 0.38824141025543213, 0.38611429929733276, 0.40443935990333557, 0.3945996165275574, 0.40352752804756165, 0.3836503326892853, 0.38754168152809143, 0.39138340950012207, 0.38919344544410706, 0.383640319108963, 0.38285571336746216, 0.39279159903526306, 0.3824661374092102, 0.41649508476257324, 0.4521472156047821, 0.5279990434646606, 0.40738609433174133, 0.4541243314743042, 0.41898131370544434, 0.407440721988678, 0.4126603603363037, 0.4595736265182495, 0.4419337213039398, 0.40822792053222656, 0.4116959273815155, 0.4750204384326935, 0.41262534260749817, 0.46182772517204285, 0.41130396723747253, 0.4347173273563385, 0.4072285592556, 0.4393117129802704, 0.4676114320755005, 0.4303726255893707, 0.531335711479187, 0.41246697306632996, 0.4499604105949402, 0.4198963940143585, 0.5555860996246338, 0.4077068269252777, 0.4073280990123749, 0.4908902049064636, 0.43180543184280396, 0.40747958421707153, 0.4112463891506195, 0.4147133529186249, 0.41310134530067444, 0.44790032505989075, 0.4217706322669983, 0.40813446044921875, 0.41596975922584534, 0.4131207764148712, 0.4152277112007141, 0.42999693751335144, 0.4079531729221344, 0.45411208271980286, 0.4072522819042206, 0.4077366590499878, 0.4347541928291321, 0.40788573026657104, 0.407245934009552, 0.4073614776134491, 0.44810256361961365, 0.5023694038391113, 0.40745243430137634, 0.43661269545555115, 0.4254855215549469, 0.4993877410888672, 0.4078187942504883, 0.4190778434276581, 0.43212005496025085, 0.407227098941803, 0.40828171372413635, 0.4152374267578125, 0.4072301983833313, 0.4753470718860626, 0.42683547735214233, 0.43148690462112427, 0.42997604608535767, 0.4111580550670624, 0.4084254503250122, 0.41059666872024536, 0.4474245011806488, 0.42874014377593994, 0.4086740016937256, 0.41277846693992615, 0.4309532642364502, 0.5172103643417358, 0.5202692747116089, 0.4438108205795288, 0.411546528339386, 0.4115159511566162, 0.40883591771125793, 0.45682060718536377, 0.505719006061554, 0.4120732247829437, 0.4095369577407837, 0.408525288105011, 0.4522913992404938, 0.4109659492969513, 0.41379058361053467, 0.4072864055633545, 0.41275352239608765, 0.4085218906402588, 0.4219311475753784, 0.420879602432251, 0.4143717288970947, 0.4121147394180298, 0.419158011674881, 0.41818371415138245, 0.44246619939804077, 0.6986517906188965, 0.4130021035671234, 0.4072894752025604, 0.41751083731651306, 0.4092503488063812, 0.4151872992515564, 0.4168538749217987, 0.4726982116699219, 0.4503791034221649, 0.4084204137325287, 0.40729063749313354, 0.4784298837184906, 0.43861904740333557, 0.4277929663658142, 0.4075675904750824, 0.4114454686641693, 0.4185687303543091, 0.4468417465686798, 0.41302555799484253, 0.4073598384857178, 0.42824310064315796, 0.47798165678977966, 0.41593316197395325, 0.4262685477733612, 0.474098801612854, 0.4098828434944153, 0.44862449169158936, 0.41070106625556946, 0.4134449064731598, 0.4546891152858734, 0.4369939863681793, 0.42006394267082214, 0.4416027069091797, 0.4413103461265564, 0.40732330083847046, 0.4305880665779114, 0.5424297451972961, 0.511411726474762, 0.47455084323883057, 0.41566237807273865, 0.42729470133781433, 0.45517903566360474, 0.41958102583885193, 0.42929595708847046, 0.5887480974197388, 0.4292929768562317, 0.4144901633262634, 0.4072802662849426, 0.4258708953857422, 0.4112640619277954, 0.4153118133544922, 0.42747870087623596, 0.46963730454444885, 0.4072346091270447, 0.4073323905467987, 0.4776272475719452, 0.4072408974170685, 0.40776336193084717, 0.41223689913749695, 0.43407970666885376, 0.4245866537094116, 0.4329463839530945, 0.4072326719760895, 0.41302260756492615, 0.40784749388694763, 0.4096957743167877, 0.4469926059246063, 0.4072389304637909, 0.4284568727016449, 0.4557240307331085, 0.5246539115905762, 0.41001465916633606, 0.40722617506980896, 0.41819751262664795, 0.4518525004386902, 0.4121294319629669, 0.40776607394218445, 0.473175585269928, 0.4398072361946106, 0.41241660714149475, 0.41484981775283813, 0.4344521462917328, 0.41227272152900696, 0.4574289619922638]",0.0,"[33.0, 33.0, 33.0, 33.0, 33.0, 33.0, 33.0, 33.0, 11.0, 6.0, 6.0, 5.0, 2.0, 2.0, 2.0, 2.0, 2.0, 2.0, 2.0, 2.0, 2.0, 2.0, 2.0, 1.0, 1.0, 1.0, 1.0, 1.0, 1.0, 1.0, 1.0, 1.0, 1.0, 1.0, 1.0, 1.0, 1.0, 1.0, 1.0, 1.0, 1.0, 1.0, 1.0, 1.0, 1.0, 1.0, 1.0, 1.0, 1.0, 1.0, 1.0, 1.0, 1.0, 1.0, 1.0, 1.0, 1.0, 1.0, 1.0, 1.0, 1.0, 1.0, 1.0, 1.0, 1.0, 1.0, 1.0, 1.0, 1.0, 1.0, 1.0, 1.0, 1.0, 1.0, 1.0, 1.0, 1.0, 1.0, 1.0, 1.0, 1.0, 1.0, 1.0, 1.0, 1.0, 1.0, 1.0, 1.0, 1.0, 1.0, 1.0, 1.0, 1.0, 1.0, 1.0, 1.0, 1.0, 1.0, 1.0, 1.0, 1.0, 1.0, 1.0, 1.0, 1.0, 1.0, 1.0, 1.0, 1.0, 1.0, 1.0, 1.0, 1.0, 1.0, 1.0, 1.0, 1.0, 1.0, 1.0, 1.0, 1.0, 1.0, 1.0, 1.0, 1.0, 1.0, 1.0, 1.0, 1.0, 1.0, 1.0, 1.0, 1.0, 1.0, 0.0, 0.0, 0.0, 0.0, 0.0, 0.0, 0.0, 0.0, 0.0, 0.0, 0.0, 0.0, 0.0, 0.0, 0.0, 0.0, 0.0, 0.0, 0.0, 0.0, 0.0, 0.0, 0.0, 0.0, 0.0, 0.0, 0.0, 0.0, 0.0, 0.0, 0.0, 0.0, 0.0, 0.0, 0.0, 0.0, 0.0, 0.0, 0.0, 0.0, 0.0, 0.0, 0.0, 0.0, 0.0, 0.0, 0.0, 0.0, 0.0, 0.0, 0.0, 0.0, 0.0, 0.0, 0.0, 0.0, 0.0, 0.0, 0.0, 0.0, 0.0, 0.0, 0.0, 0.0, 0.0, 0.0, 0.0, 0.0, 0.0, 0.0, 0.0, 0.0, 0.0, 0.0, 0.0, 0.0, 0.0, 0.0, 0.0, 0.0, 0.0, 0.0, 0.0, 0.0, 0.0, 0.0, 0.0, 0.0, 0.0, 0.0, 0.0, 0.0, 0.0, 0.0, 0.0, 0.0, 0.0, 0.0, 0.0, 0.0, 0.0, 0.0, 0.0, 0.0, 0.0, 0.0, 0.0, 0.0, 0.0, 0.0, 0.0, 0.0, 0.0, 0.0, 0.0, 0.0, 0.0, 0.0, 0.0, 0.0, 0.0, 0.0, 0.0, 0.0, 0.0, 0.0, 0.0, 0.0, 0.0, 0.0, 0.0, 0.0, 0.0, 0.0, 0.0, 0.0, 0.0, 0.0, 0.0, 0.0, 0.0, 0.0, 0.0, 0.0, 0.0, 0.0, 0.0, 0.0, 0.0, 0.0, 0.0, 0.0, 0.0, 0.0, 0.0, 0.0, 0.0, 0.0, 0.0, 0.0, 0.0, 0.0, 0.0, 0.0, 0.0, 0.0, 0.0, 0.0, 0.0, 0.0, 0.0, 0.0, 0.0, 0.0, 0.0, 0.0, 0.0, 0.0, 0.0, 0.0, 0.0]",COMPLETE
