,number,value,datetime_start,datetime_complete,duration,params_batch_size_scaler,params_constant_learning_rate,params_depth,params_epochs,params_kernel_l2,params_num_trees,params_temperature,user_attrs_accuracy_test,user_attrs_accuracy_valid,user_attrs_approximate_feature_sparsity,user_attrs_approximate_feature_sparsity_history,user_attrs_approximate_weight_sparsity,user_attrs_approximate_weight_sparsity_history,user_attrs_auc_test,user_attrs_auc_valid,user_attrs_feature_sparsity,user_attrs_feature_sparsity_history,user_attrs_num_epochs,user_attrs_val_loss_history,user_attrs_weight_sparsity,user_attrs_weight_sparsity_history,state
140,140,0.7286650951295229,2024-08-31 05:39:42.732391,2024-08-31 05:40:25.795290,0 days 00:00:43.062899,16,0.01293768056489917,3,270,0.0016617643148648853,84,0.037622744865388975,0.877,0.87125,33,"[33, 33, 33, 33, 33, 33, 33, 33, 33, 33, 33, 33, 33, 33, 33, 33, 33, 33, 33, 33, 33, 33, 33, 33, 33, 33, 33, 33, 33, 33, 33, 33, 33, 33, 33, 33, 33, 33, 33, 33, 33, 33, 33, 33, 33, 33, 33, 33, 33, 33, 33, 33, 33, 33, 33, 33, 33, 33, 33, 33, 33, 33, 33, 33, 33, 33, 33, 33, 33, 33, 33, 33, 33, 33, 33, 33, 33, 33, 33, 33, 33, 33, 33, 33, 33, 33, 33, 33, 33, 33, 33, 33, 33, 33, 33, 33, 33, 33, 33, 33, 33, 33, 33, 33, 33, 33, 33, 33, 33, 33, 33, 33, 33, 33, 33, 33, 33, 33, 33, 33, 33, 33, 33, 33, 33, 33, 33, 33, 33, 33, 33, 33, 33, 33, 33, 33, 33, 33, 33, 33, 33, 33, 33, 33, 33, 33, 33, 33, 33, 33, 33, 33, 33, 33, 33, 33, 33, 33, 33, 33, 33, 33, 33, 33, 33, 33, 33, 33, 33, 33, 33, 33, 33, 33, 33, 33, 33, 33, 33, 33, 33, 33, 33, 33, 33, 33, 33, 33, 33, 33, 33, 33, 33, 33, 33, 33, 33, 33, 33, 33, 33, 33, 33, 33, 33, 33, 33, 33, 33, 33, 33, 33, 33, 33, 33, 33, 33, 33, 33, 33, 33, 33, 33, 33, 33, 33, 33, 33, 33, 33, 33, 33, 33, 33, 33, 33, 33, 33, 33, 33, 33, 33, 33, 33, 33, 33, 33, 33, 33, 33, 33, 33, 33, 33, 33, 33, 33, 33, 33, 33, 33, 33, 33, 33, 33, 33, 33, 33, 33, 33]",32.964285714285715,"[32.95748299319728, 32.95238095238095, 32.96088435374149, 32.96938775510204, 32.96428571428571, 32.9625850340136, 32.96768707482993, 32.9608843537415, 32.96768707482993, 32.96938775510204, 32.96768707482993, 32.964285714285715, 32.964285714285715, 32.95918367346939, 32.96258503401361, 32.95748299319728, 32.964285714285715, 32.9608843537415, 32.965986394557824, 32.964285714285715, 32.964285714285715, 32.96768707482993, 32.97278911564626, 32.96768707482993, 32.95578231292517, 32.964285714285715, 32.95578231292517, 32.95578231292517, 32.95068027210884, 32.95408163265306, 32.964285714285715, 32.9608843537415, 32.964285714285715, 32.964285714285715, 32.96258503401361, 32.95748299319728, 32.9608843537415, 32.955782312925166, 32.95918367346938, 32.95408163265306, 32.955782312925166, 32.95918367346939, 32.95408163265306, 32.95578231292517, 32.96768707482993, 32.96768707482993, 32.964285714285715, 32.9608843537415, 32.964285714285715, 32.964285714285715, 32.965986394557824, 32.97108843537415, 32.97108843537415, 32.96258503401361, 32.96768707482993, 32.96938775510204, 32.96938775510204, 32.96768707482993, 32.97278911564626, 32.97278911564626, 32.97278911564626, 32.97108843537415, 32.96768707482993, 32.964285714285715, 32.974489795918366, 32.97789115646258, 32.974489795918366, 32.96938775510204, 32.96768707482993, 32.9608843537415, 32.965986394557824, 32.97108843537415, 32.96938775510204, 32.96938775510204, 32.965986394557824, 32.965986394557824, 32.964285714285715, 32.96768707482993, 32.97108843537415, 32.97108843537415, 32.97108843537415, 32.96768707482993, 32.96938775510204, 32.96938775510204, 32.97108843537415, 32.97278911564626, 32.974489795918366, 32.974489795918366, 32.96768707482993, 32.96938775510204, 32.96938775510204, 32.97108843537415, 32.96938775510204, 32.97108843537415, 32.96768707482993, 32.97108843537415, 32.97278911564626, 32.97108843537415, 32.97278911564626, 32.97959183673469, 32.97789115646258, 32.976190476190474, 32.974489795918366, 32.97278911564626, 32.97278911564626, 32.974489795918366, 32.97789115646258, 32.976190476190474, 32.97278911564626, 32.96768707482993, 32.96938775510204, 32.96938775510204, 32.96938775510204, 32.97108843537415, 32.965986394557824, 32.9625850340136, 32.9625850340136, 32.965986394557824, 32.965986394557824, 32.96768707482993, 32.96768707482993, 32.96938775510204, 32.97278911564626, 32.9608843537415, 32.96768707482993, 32.97108843537415, 32.97108843537415, 32.96768707482993, 32.96768707482993, 32.964285714285715, 32.964285714285715, 32.964285714285715, 32.957482993197274, 32.95238095238095, 32.95068027210884, 32.95408163265306, 32.955782312925166, 32.955782312925166, 32.9608843537415, 32.957482993197274, 32.95918367346938, 32.95408163265306, 32.95748299319728, 32.95748299319728, 32.95578231292517, 32.95748299319728, 32.9608843537415, 32.96258503401361, 32.965986394557824, 32.964285714285715, 32.9625850340136, 32.96768707482993, 32.965986394557824, 32.96768707482993, 32.9608843537415, 32.9608843537415, 32.95918367346939, 32.95748299319728, 32.957482993197274, 32.9608843537415, 32.96258503401361, 32.96768707482993, 32.96938775510204, 32.96768707482993, 32.96938775510204, 32.96768707482993, 32.96938775510204, 32.97278911564626, 32.96938775510204, 32.974489795918366, 32.96768707482993, 32.97108843537415, 32.97278911564626, 32.97108843537415, 32.97108843537415, 32.97108843537415, 32.96938775510204, 32.96938775510204, 32.96768707482993, 32.96938775510204, 32.97108843537415, 32.97278911564626, 32.97278911564626, 32.97108843537415, 32.96938775510204, 32.96938775510204, 32.97278911564626, 32.97108843537415, 32.96768707482993, 32.97108843537415, 32.974489795918366, 32.97278911564626, 32.97789115646258, 32.9812925170068, 32.97959183673469, 32.974489795918366, 32.97108843537415, 32.97108843537415, 32.97108843537415, 32.97108843537415, 32.965986394557824, 32.964285714285715, 32.96768707482993, 32.97108843537415, 32.97108843537415, 32.97278911564626, 32.97278911564626, 32.965986394557824, 32.964285714285715, 32.96768707482993, 32.965986394557824, 32.96258503401361, 32.95918367346939, 32.95748299319728, 32.96258503401361, 32.96938775510204, 32.965986394557824, 32.96768707482993, 32.965986394557824, 32.96768707482993, 32.97108843537415, 32.97108843537415, 32.96938775510204, 32.96768707482993, 32.96938775510204, 32.96938775510204, 32.96768707482993, 32.965986394557824, 32.965986394557824, 32.96258503401361, 32.95918367346939, 32.96258503401361, 32.9608843537415, 32.9608843537415, 32.9608843537415, 32.9608843537415, 32.9608843537415, 32.96258503401361, 32.964285714285715, 32.97278911564626, 32.974489795918366, 32.974489795918366, 32.97108843537415, 32.97108843537415, 32.97108843537415, 32.974489795918366, 32.974489795918366, 32.96938775510204, 32.96938775510204, 32.97108843537415, 32.97108843537415, 32.97108843537415, 32.97278911564626, 32.97108843537415, 32.974489795918366, 32.976190476190474, 32.974489795918366, 32.97278911564626, 32.96768707482993, 32.97278911564626, 32.97278911564626, 32.97108843537415, 32.96938775510204, 32.965986394557824, 32.965986394557824, 32.965986394557824, 32.964285714285715, 32.965986394557824, 32.964285714285715, 32.964285714285715]",0.7653877591459639,0.7286650951295229,33,"[33, 33, 33, 33, 33, 33, 33, 33, 33, 33, 33, 33, 33, 33, 33, 33, 33, 33, 33, 33, 33, 33, 33, 33, 33, 33, 33, 33, 33, 33, 33, 33, 33, 33, 33, 33, 33, 33, 33, 33, 33, 33, 33, 33, 33, 33, 33, 33, 33, 33, 33, 33, 33, 33, 33, 33, 33, 33, 33, 33, 33, 33, 33, 33, 33, 33, 33, 33, 33, 33, 33, 33, 33, 33, 33, 33, 33, 33, 33, 33, 33, 33, 33, 33, 33, 33, 33, 33, 33, 33, 33, 33, 33, 33, 33, 33, 33, 33, 33, 33, 33, 33, 33, 33, 33, 33, 33, 33, 33, 33, 33, 33, 33, 33, 33, 33, 33, 33, 33, 33, 33, 33, 33, 33, 33, 33, 33, 33, 33, 33, 33, 33, 33, 33, 33, 33, 33, 33, 33, 33, 33, 33, 33, 33, 33, 33, 33, 33, 33, 33, 33, 33, 33, 33, 33, 33, 33, 33, 33, 33, 33, 33, 33, 33, 33, 33, 33, 33, 33, 33, 33, 33, 33, 33, 33, 33, 33, 33, 33, 33, 33, 33, 33, 33, 33, 33, 33, 33, 33, 33, 33, 33, 33, 33, 33, 33, 33, 33, 33, 33, 33, 33, 33, 33, 33, 33, 33, 33, 33, 33, 33, 33, 33, 33, 33, 33, 33, 33, 33, 33, 33, 33, 33, 33, 33, 33, 33, 33, 33, 33, 33, 33, 33, 33, 33, 33, 33, 33, 33, 33, 33, 33, 33, 33, 33, 33, 33, 33, 33, 33, 33, 33, 33, 33, 33, 33, 33, 33, 33, 33, 33, 33, 33, 33, 33, 33, 33, 33, 33, 33]",270,"[0.4622657001018524, 0.42106613516807556, 0.4090368151664734, 0.40468084812164307, 0.40257614850997925, 0.4013687074184418, 0.4003196954727173, 0.3994620144367218, 0.39869263768196106, 0.3979579210281372, 0.39729025959968567, 0.3966046869754791, 0.39595192670822144, 0.3953043818473816, 0.394690603017807, 0.39408737421035767, 0.3934822380542755, 0.3929232656955719, 0.3923484683036804, 0.39179596304893494, 0.3912714421749115, 0.3907763957977295, 0.3902176022529602, 0.3897266685962677, 0.3892591595649719, 0.3888113796710968, 0.38830921053886414, 0.38789281249046326, 0.387440025806427, 0.38704392313957214, 0.38661566376686096, 0.38618403673171997, 0.3857668936252594, 0.3853636085987091, 0.38499367237091064, 0.38461124897003174, 0.3842642307281494, 0.38389500975608826, 0.3835411071777344, 0.38319283723831177, 0.3828706741333008, 0.3825438618659973, 0.38223135471343994, 0.3819023370742798, 0.3815826177597046, 0.3813013434410095, 0.3809816837310791, 0.38067203760147095, 0.38040784001350403, 0.38015130162239075, 0.37987110018730164, 0.37957122921943665, 0.37929192185401917, 0.3790380358695984, 0.37878817319869995, 0.3785232901573181, 0.37825676798820496, 0.3780226409435272, 0.37778905034065247, 0.37758421897888184, 0.37733694911003113, 0.3771043121814728, 0.3768957853317261, 0.37663716077804565, 0.37646225094795227, 0.37623730301856995, 0.3760584890842438, 0.3758791983127594, 0.37566128373146057, 0.37545058131217957, 0.3752705454826355, 0.3750547766685486, 0.37485262751579285, 0.37465277314186096, 0.3744778037071228, 0.3743240237236023, 0.37411484122276306, 0.37392401695251465, 0.3737906515598297, 0.3736257255077362, 0.3734554052352905, 0.37325695157051086, 0.3731091022491455, 0.3729434311389923, 0.372787743806839, 0.3726204037666321, 0.3724691867828369, 0.3723316192626953, 0.3721558749675751, 0.3720215857028961, 0.37188267707824707, 0.3717504143714905, 0.37158089876174927, 0.3714253306388855, 0.3712795674800873, 0.37114375829696655, 0.3710183799266815, 0.37084782123565674, 0.3707225024700165, 0.370586097240448, 0.37045788764953613, 0.3703213930130005, 0.37021735310554504, 0.37009117007255554, 0.3699573576450348, 0.3697889447212219, 0.3696553707122803, 0.3695547580718994, 0.36942973732948303, 0.3693211078643799, 0.3691941797733307, 0.3690509498119354, 0.36887699365615845, 0.3687445819377899, 0.36860501766204834, 0.3685044050216675, 0.36837059259414673, 0.3682553172111511, 0.3681432604789734, 0.368041068315506, 0.3679225444793701, 0.3678206503391266, 0.3676908016204834, 0.36759716272354126, 0.36748799681663513, 0.36737486720085144, 0.36721497774124146, 0.367118239402771, 0.3670072853565216, 0.3669079542160034, 0.36684462428092957, 0.36669495701789856, 0.36659786105155945, 0.3665236532688141, 0.3663458228111267, 0.36623162031173706, 0.36611172556877136, 0.36600416898727417, 0.3659282326698303, 0.36581915616989136, 0.3656952679157257, 0.3655966818332672, 0.3654938042163849, 0.3654075562953949, 0.36532270908355713, 0.365200012922287, 0.3651004731655121, 0.3649861514568329, 0.36487507820129395, 0.36475688219070435, 0.3646673262119293, 0.3645797371864319, 0.3644627630710602, 0.3643764853477478, 0.364241361618042, 0.3641587197780609, 0.3640420138835907, 0.36399540305137634, 0.36387962102890015, 0.3637535870075226, 0.36365199089050293, 0.36355894804000854, 0.3634813725948334, 0.36337345838546753, 0.36330097913742065, 0.3632197678089142, 0.3631027340888977, 0.3630162477493286, 0.36293312907218933, 0.36280277371406555, 0.3627045750617981, 0.3626166582107544, 0.3625657260417938, 0.36247384548187256, 0.3623901605606079, 0.3622910976409912, 0.3621577322483063, 0.3621014654636383, 0.3620506227016449, 0.3619144856929779, 0.36184924840927124, 0.361718088388443, 0.3616158664226532, 0.36149653792381287, 0.3614000380039215, 0.3612940311431885, 0.3612273335456848, 0.3611462116241455, 0.3610796630382538, 0.3609665334224701, 0.36093729734420776, 0.36083516478538513, 0.36070215702056885, 0.3606263995170593, 0.36052659153938293, 0.3604329824447632, 0.36034297943115234, 0.3602413833141327, 0.36015868186950684, 0.3600510060787201, 0.3599680960178375, 0.3598664402961731, 0.3597744107246399, 0.3596765398979187, 0.35957831144332886, 0.35950908064842224, 0.35943686962127686, 0.3593665063381195, 0.3592981696128845, 0.35924091935157776, 0.3591272234916687, 0.35899463295936584, 0.3589304983615875, 0.3588801920413971, 0.35879623889923096, 0.35870102047920227, 0.3586278557777405, 0.3585382103919983, 0.3583863377571106, 0.35832154750823975, 0.3581969141960144, 0.35813239216804504, 0.3581015467643738, 0.3580482602119446, 0.35794928669929504, 0.357833594083786, 0.35776659846305847, 0.35764530301094055, 0.357571005821228, 0.35746505856513977, 0.3573906719684601, 0.35729530453681946, 0.35720691084861755, 0.35708853602409363, 0.35699236392974854, 0.3569152057170868, 0.3568514287471771, 0.35673990845680237, 0.3566507399082184, 0.35662922263145447, 0.35653412342071533, 0.356383353471756, 0.35627105832099915, 0.35615748167037964, 0.3560837507247925, 0.3560519814491272, 0.35600632429122925, 0.35595467686653137, 0.35584473609924316, 0.3557949364185333, 0.3556945025920868, 0.35562434792518616, 0.35552942752838135, 0.35539254546165466, 0.35533222556114197, 0.35522130131721497, 0.3550865650177002, 0.3549957275390625, 0.3549073338508606, 0.3548371195793152, 0.3547254502773285, 0.3546179234981537, 0.3545803725719452, 0.3544674813747406, 0.35440146923065186, 0.35435736179351807, 0.3542555272579193, 0.35423147678375244, 0.3541624844074249, 0.35409843921661377]",33.0,"[33.0, 33.0, 33.0, 33.0, 33.0, 33.0, 33.0, 33.0, 33.0, 33.0, 33.0, 33.0, 33.0, 33.0, 33.0, 33.0, 33.0, 33.0, 33.0, 33.0, 33.0, 33.0, 33.0, 33.0, 33.0, 33.0, 33.0, 33.0, 33.0, 33.0, 33.0, 33.0, 33.0, 33.0, 33.0, 33.0, 33.0, 33.0, 33.0, 33.0, 33.0, 33.0, 33.0, 33.0, 33.0, 33.0, 33.0, 33.0, 33.0, 33.0, 33.0, 33.0, 33.0, 33.0, 33.0, 33.0, 33.0, 33.0, 33.0, 33.0, 33.0, 33.0, 33.0, 33.0, 33.0, 33.0, 33.0, 33.0, 33.0, 33.0, 33.0, 33.0, 33.0, 33.0, 33.0, 33.0, 33.0, 33.0, 33.0, 33.0, 33.0, 33.0, 33.0, 33.0, 33.0, 33.0, 33.0, 33.0, 33.0, 33.0, 33.0, 33.0, 33.0, 33.0, 33.0, 33.0, 33.0, 33.0, 33.0, 33.0, 33.0, 33.0, 33.0, 33.0, 33.0, 33.0, 33.0, 33.0, 33.0, 33.0, 33.0, 33.0, 33.0, 33.0, 33.0, 33.0, 33.0, 33.0, 33.0, 33.0, 33.0, 33.0, 33.0, 33.0, 33.0, 33.0, 33.0, 33.0, 33.0, 33.0, 33.0, 33.0, 33.0, 33.0, 33.0, 33.0, 33.0, 33.0, 33.0, 33.0, 33.0, 33.0, 33.0, 33.0, 33.0, 33.0, 33.0, 33.0, 33.0, 33.0, 33.0, 33.0, 33.0, 33.0, 33.0, 33.0, 33.0, 33.0, 33.0, 33.0, 33.0, 33.0, 33.0, 33.0, 33.0, 33.0, 33.0, 33.0, 33.0, 33.0, 33.0, 33.0, 33.0, 33.0, 33.0, 33.0, 33.0, 33.0, 33.0, 33.0, 33.0, 33.0, 33.0, 33.0, 33.0, 33.0, 33.0, 33.0, 33.0, 33.0, 33.0, 33.0, 33.0, 33.0, 33.0, 33.0, 33.0, 33.0, 33.0, 33.0, 33.0, 33.0, 33.0, 33.0, 33.0, 33.0, 33.0, 33.0, 33.0, 33.0, 33.0, 33.0, 33.0, 33.0, 33.0, 33.0, 33.0, 33.0, 33.0, 33.0, 33.0, 33.0, 33.0, 33.0, 33.0, 33.0, 33.0, 33.0, 33.0, 33.0, 33.0, 33.0, 33.0, 33.0, 33.0, 33.0, 33.0, 33.0, 33.0, 33.0, 33.0, 33.0, 33.0, 33.0, 33.0, 33.0, 33.0, 33.0, 33.0, 33.0, 33.0, 33.0, 33.0, 33.0, 33.0, 33.0, 33.0, 33.0, 33.0, 33.0, 33.0, 33.0, 33.0, 33.0, 33.0, 33.0, 33.0, 33.0, 33.0, 33.0]",COMPLETE
