,number,value,datetime_start,datetime_complete,duration,params_batch_size_scaler,params_constant_learning_rate,params_depth,params_epochs,params_kernel_l2,params_num_trees,params_temperature,user_attrs_accuracy_test,user_attrs_accuracy_valid,user_attrs_approximate_feature_sparsity,user_attrs_approximate_feature_sparsity_history,user_attrs_approximate_weight_sparsity,user_attrs_approximate_weight_sparsity_history,user_attrs_auc_test,user_attrs_auc_valid,user_attrs_feature_sparsity,user_attrs_feature_sparsity_history,user_attrs_num_epochs,user_attrs_val_loss_history,user_attrs_weight_sparsity,user_attrs_weight_sparsity_history,state
87,87,0.8826113279488864,2024-08-31 04:10:20.206862,2024-08-31 04:12:14.293117,0 days 00:01:54.086255,16,0.04370230632899409,4,430,0.022925196913290646,32,0.002953659073525295,0.898,0.89125,33,"[33, 33, 33, 33, 33, 33, 33, 33, 33, 33, 33, 33, 33, 33, 33, 33, 33, 33, 33, 33, 33, 33, 33, 33, 33, 33, 33, 33, 33, 33, 33, 33, 33, 33, 33, 33, 33, 33, 33, 33, 33, 33, 33, 33, 33, 33, 33, 33, 33, 33, 33, 33, 33, 33, 33, 33, 33, 33, 33, 33, 33, 33, 33, 33, 33, 33, 33, 33, 33, 33, 33, 33, 33, 33, 33, 33, 33, 33, 33, 33, 33, 33, 33, 33, 33, 33, 33, 33, 33, 33, 33, 33, 33, 33, 33, 33, 33, 33, 33, 33, 33, 33, 33, 33, 33, 33, 33, 33, 33, 33, 33, 33, 33, 33, 33, 33, 33, 33, 33, 33, 33, 33, 33, 33, 33, 33, 33, 33, 33, 33, 33, 33, 33, 33, 33, 33, 33, 33, 33, 33, 33, 33, 33, 33, 33, 33, 33, 33, 33, 33, 33, 33, 33, 33, 33, 33, 33, 33, 33, 33, 33, 33, 33, 33, 33, 33, 33, 33, 33, 33, 33, 33, 33, 33, 33, 33, 33, 33, 33, 33, 33, 33, 33, 33, 33, 33, 33, 33, 33, 33, 33, 33, 33, 33, 33, 33, 33, 33, 33, 33, 33, 33, 33, 33, 33, 33, 33, 33, 33, 33, 33, 33, 33, 33, 33, 33, 33, 33, 33, 33, 33, 33, 33, 33, 33, 33, 33, 33, 33, 33, 33, 33, 33, 33, 33, 33, 33, 33, 33, 33, 33, 33, 33, 33, 33, 33, 33, 33, 33, 33, 33, 33, 33, 33, 33, 33, 33, 33, 33, 33, 33, 33, 33, 33, 33, 33, 33, 33, 33, 33, 33, 33, 33, 33, 33, 33, 33, 33, 33, 33, 33, 33, 33, 33, 33, 33, 33, 33, 33, 33, 33, 33, 33, 33, 33, 33, 33, 33, 33, 33, 33, 33, 33, 33, 33, 33, 33, 33, 33, 33, 33, 33, 33, 33, 33, 33, 33, 33, 33, 33, 33, 33, 33, 33, 33, 33, 33, 33, 33, 33, 33, 33, 33, 33, 33, 33, 33, 33, 33, 33, 33, 33, 33, 33, 33, 33, 33, 33, 33, 33, 33, 33, 33, 33, 33, 33, 33, 33, 33, 33, 33, 33, 33, 33, 33, 33, 33, 33, 33, 33, 33, 33, 33, 33, 33, 33, 33, 33, 33, 33, 33, 33, 33, 33, 33, 33, 33, 33, 33, 33, 33, 33, 33, 33, 33, 33, 33, 33, 33, 33, 33, 33, 33, 33, 33, 33, 33, 33, 33, 33, 33, 33, 33, 33, 33, 33, 33, 33, 33, 33, 33, 33, 33, 33, 33, 33, 33, 33, 33, 33]",32.97083333333333,"[32.962500000000006, 32.97083333333334, 32.97291666666667, 32.975, 32.97708333333333, 32.97083333333333, 32.96875, 32.958333333333336, 32.97291666666667, 32.96666666666667, 32.96666666666667, 32.96041666666667, 32.96875, 32.962500000000006, 32.97708333333333, 32.96041666666667, 32.96666666666667, 32.97291666666667, 32.96458333333334, 32.96458333333334, 32.956250000000004, 32.96666666666667, 32.956250000000004, 32.962500000000006, 32.958333333333336, 32.96041666666667, 32.97291666666667, 32.97708333333333, 32.97291666666667, 32.9625, 32.962500000000006, 32.962500000000006, 32.96666666666667, 32.975, 32.975, 32.97291666666667, 32.96875, 32.96875, 32.97083333333334, 32.97291666666667, 32.96458333333334, 32.96666666666667, 32.956250000000004, 32.96666666666667, 32.96875, 32.975, 32.96875, 32.97083333333333, 32.97291666666667, 32.97083333333334, 32.958333333333336, 32.96458333333334, 32.96458333333334, 32.962500000000006, 32.96666666666667, 32.96875, 32.975, 32.975, 32.96666666666667, 32.962500000000006, 32.96458333333334, 32.96666666666667, 32.958333333333336, 32.96458333333334, 32.96458333333334, 32.96875, 32.97291666666667, 32.97708333333333, 32.97708333333333, 32.97708333333333, 32.97083333333333, 32.97291666666667, 32.97916666666667, 32.98125, 32.985416666666666, 32.97291666666667, 32.975, 32.97916666666667, 32.983333333333334, 32.96875, 32.96875, 32.97291666666667, 32.96666666666667, 32.96666666666667, 32.97708333333333, 32.975, 32.97708333333333, 32.975, 32.97291666666667, 32.97083333333333, 32.97708333333333, 32.97291666666667, 32.96875, 32.96666666666667, 32.97291666666667, 32.97291666666667, 32.97708333333333, 32.97083333333333, 32.975, 32.96875, 32.97291666666667, 32.97291666666667, 32.97083333333334, 32.97916666666667, 32.97916666666667, 32.983333333333334, 32.97291666666667, 32.975, 32.97708333333333, 32.96875, 32.958333333333336, 32.96041666666667, 32.954166666666666, 32.962500000000006, 32.96458333333334, 32.975, 32.98125, 32.975, 32.975, 32.97083333333333, 32.97083333333333, 32.975, 32.96875, 32.97083333333333, 32.97083333333333, 32.97083333333333, 32.97083333333333, 32.97916666666667, 32.97916666666667, 32.97708333333333, 32.98125, 32.975, 32.975, 32.97291666666667, 32.97708333333333, 32.97708333333333, 32.97916666666667, 32.98125, 32.97916666666667, 32.98125, 32.98125, 32.983333333333334, 32.98125, 32.97291666666667, 32.97083333333333, 32.97291666666667, 32.97083333333333, 32.96458333333334, 32.96458333333334, 32.96458333333334, 32.9625, 32.9625, 32.96458333333334, 32.96875, 32.96458333333334, 32.96666666666667, 32.97083333333333, 32.97708333333333, 32.97291666666667, 32.97291666666667, 32.97708333333333, 32.97916666666667, 32.97291666666667, 32.97291666666667, 32.975, 32.97916666666667, 32.97708333333333, 32.97708333333333, 32.97083333333333, 32.975, 32.975, 32.96875, 32.96666666666667, 32.96666666666667, 32.96875, 32.97291666666667, 32.97291666666667, 32.975, 32.96875, 32.975, 32.97291666666667, 32.97083333333333, 32.97708333333333, 32.97708333333333, 32.97291666666667, 32.962500000000006, 32.96041666666667, 32.96666666666667, 32.96666666666667, 32.96041666666667, 32.96458333333334, 32.96458333333334, 32.975, 32.96875, 32.962500000000006, 32.96458333333334, 32.97083333333334, 32.975, 32.97916666666667, 32.97916666666667, 32.97916666666667, 32.983333333333334, 32.97708333333333, 32.975, 32.96875, 32.96875, 32.96458333333334, 32.96458333333334, 32.96041666666667, 32.96041666666667, 32.97291666666667, 32.96041666666667, 32.96666666666667, 32.96458333333334, 32.96666666666667, 32.962500000000006, 32.958333333333336, 32.956250000000004, 32.96875, 32.96458333333334, 32.96458333333334, 32.97291666666667, 32.979166666666664, 32.975, 32.97708333333333, 32.97708333333333, 32.975, 32.975, 32.975, 32.96875, 32.9625, 32.97291666666667, 32.96041666666667, 32.96041666666667, 32.97083333333334, 32.975, 32.98125, 32.98125, 32.98125, 32.97708333333333, 32.98125, 32.97083333333333, 32.97291666666667, 32.97083333333333, 32.97291666666667, 32.97708333333333, 32.97291666666667, 32.96875, 32.97291666666667, 32.975, 32.975, 32.97916666666667, 32.975, 32.96875, 32.96666666666667, 32.97083333333333, 32.97083333333333, 32.97083333333333, 32.97083333333333, 32.97291666666667, 32.96458333333334, 32.96458333333334, 32.9625, 32.96041666666667, 32.962500000000006, 32.96666666666667, 32.96875, 32.96666666666667, 32.96041666666667, 32.962500000000006, 32.96458333333334, 32.97083333333333, 32.97083333333333, 32.96875, 32.96458333333334, 32.97083333333333, 32.97291666666667, 32.96041666666667, 32.96458333333334, 32.962500000000006, 32.96458333333334, 32.962500000000006, 32.958333333333336, 32.97291666666667, 32.975, 32.97291666666667, 32.97083333333333, 32.97291666666667, 32.975, 32.975, 32.97708333333333, 32.97708333333333, 32.97708333333333, 32.975, 32.975, 32.97291666666667, 32.97083333333333, 32.96458333333334, 32.96458333333334, 32.962500000000006, 32.96458333333334, 32.96875, 32.96875, 32.96458333333334, 32.958333333333336, 32.96458333333334, 32.962500000000006, 32.96041666666667, 32.958333333333336, 32.958333333333336, 32.952083333333334, 32.954166666666666, 32.954166666666666, 32.954166666666666, 32.962500000000006, 32.96458333333334, 32.96666666666667, 32.96666666666667, 32.97083333333333, 32.975, 32.97291666666667, 32.97083333333334, 32.97083333333334, 32.97083333333334, 32.962500000000006, 32.96458333333334, 32.96666666666667, 32.96666666666667, 32.97083333333333, 32.96666666666667, 32.96458333333334, 32.962500000000006, 32.96041666666667, 32.96875, 32.97291666666667, 32.97708333333333, 32.97708333333333, 32.975, 32.97708333333333, 32.97083333333333, 32.96875, 32.97291666666667, 32.97083333333333, 32.97083333333333, 32.96875, 32.97083333333333, 32.975, 32.97083333333333, 32.975, 32.97708333333333, 32.97708333333333, 32.97291666666667, 32.97083333333333, 32.97083333333333, 32.97083333333333, 32.97708333333333, 32.983333333333334, 32.97916666666667, 32.98125, 32.97708333333333, 32.975, 32.97291666666667, 32.975, 32.975, 32.975, 32.98125, 32.975, 32.97291666666667, 32.97916666666667, 32.97708333333333, 32.98125, 32.97916666666667, 32.975, 32.97708333333333, 32.97708333333333, 32.97708333333333, 32.97291666666667, 32.97708333333333, 32.97291666666667, 32.97708333333333, 32.98125, 32.97916666666667, 32.985416666666666, 32.983333333333334, 32.97708333333333, 32.97083333333334, 32.97291666666667, 32.97708333333333, 32.97291666666667, 32.975, 32.975, 32.975, 32.97291666666667, 32.96458333333334, 32.96666666666667, 32.962500000000006, 32.954166666666666, 32.96666666666667, 32.97083333333333, 32.96875, 32.97083333333333, 32.97291666666667, 32.97708333333333, 32.97291666666667, 32.96875, 32.96666666666667, 32.96666666666667, 32.96041666666667, 32.96666666666667, 32.96458333333334, 32.96875, 32.96458333333334, 32.96666666666667, 32.96875, 32.97083333333333, 32.96458333333334, 32.97083333333333, 32.97291666666667, 32.97291666666667, 32.97083333333333, 32.97291666666667, 32.97083333333333, 32.97291666666667, 32.97708333333333, 32.97708333333333, 32.97708333333333, 32.97916666666667, 32.97708333333333, 32.97291666666667, 32.97083333333333]",0.8717542251834973,0.8826113279488864,33,"[33, 33, 33, 33, 33, 33, 33, 33, 33, 33, 33, 33, 33, 33, 33, 33, 33, 33, 33, 33, 33, 33, 33, 33, 33, 33, 33, 33, 33, 33, 33, 33, 33, 33, 33, 33, 33, 33, 33, 33, 33, 33, 33, 33, 33, 33, 33, 33, 33, 33, 33, 33, 33, 33, 33, 33, 33, 33, 33, 33, 33, 33, 33, 33, 33, 33, 33, 33, 33, 33, 33, 33, 33, 33, 33, 33, 33, 33, 33, 33, 33, 33, 33, 33, 33, 33, 33, 33, 33, 33, 33, 33, 33, 33, 33, 33, 33, 33, 33, 33, 33, 33, 33, 33, 33, 33, 33, 33, 33, 33, 33, 33, 33, 33, 33, 33, 33, 33, 33, 33, 33, 33, 33, 33, 33, 33, 33, 33, 33, 33, 33, 33, 33, 33, 33, 33, 33, 33, 33, 33, 33, 33, 33, 33, 33, 33, 33, 33, 33, 33, 33, 33, 33, 33, 33, 33, 33, 33, 33, 33, 33, 33, 33, 33, 33, 33, 33, 33, 33, 33, 33, 33, 33, 33, 33, 33, 33, 33, 33, 33, 33, 33, 33, 33, 33, 33, 33, 33, 33, 33, 33, 33, 33, 33, 33, 33, 33, 33, 33, 33, 33, 33, 33, 33, 33, 33, 33, 33, 33, 33, 33, 33, 33, 33, 33, 33, 33, 33, 33, 33, 33, 33, 33, 33, 33, 33, 33, 33, 33, 33, 33, 33, 33, 33, 33, 33, 33, 33, 33, 33, 33, 33, 33, 33, 33, 33, 33, 33, 33, 33, 33, 33, 33, 33, 33, 33, 33, 33, 33, 33, 33, 33, 33, 33, 33, 33, 33, 33, 33, 33, 33, 33, 33, 33, 33, 33, 33, 33, 33, 33, 33, 33, 33, 33, 33, 33, 33, 33, 33, 33, 33, 33, 33, 33, 33, 33, 33, 33, 33, 33, 33, 33, 33, 33, 33, 33, 33, 33, 33, 33, 33, 33, 33, 33, 33, 33, 33, 33, 33, 33, 33, 33, 33, 33, 33, 33, 33, 33, 33, 33, 33, 33, 33, 33, 33, 33, 33, 33, 33, 33, 33, 33, 33, 33, 33, 33, 33, 33, 33, 33, 33, 33, 33, 33, 33, 33, 33, 33, 33, 33, 33, 33, 33, 33, 33, 33, 33, 33, 33, 33, 33, 33, 33, 33, 33, 33, 33, 33, 33, 33, 33, 33, 33, 33, 33, 33, 33, 33, 33, 33, 33, 33, 33, 33, 33, 33, 33, 33, 33, 33, 33, 33, 33, 33, 33, 33, 33, 33, 33, 33, 33, 33, 33, 33, 33, 33, 33, 33, 33, 33, 33, 33, 33, 33, 33, 33, 33, 33, 33, 33]",430,"[0.5253341794013977, 0.45145270228385925, 0.4241332709789276, 0.4120839834213257, 0.406032532453537, 0.4025651514530182, 0.4001644253730774, 0.39818131923675537, 0.3965637683868408, 0.39509034156799316, 0.3937717080116272, 0.39253702759742737, 0.39135077595710754, 0.3902494013309479, 0.3892233669757843, 0.3882907032966614, 0.38736698031425476, 0.38645675778388977, 0.3856287896633148, 0.3848457634449005, 0.38403159379959106, 0.3833034932613373, 0.3825908899307251, 0.38192999362945557, 0.3812447488307953, 0.3806048631668091, 0.3799790143966675, 0.3793867528438568, 0.3788584768772125, 0.3783232867717743, 0.37783291935920715, 0.37731388211250305, 0.3768419623374939, 0.37637433409690857, 0.3758982717990875, 0.37544649839401245, 0.37500250339508057, 0.3745817244052887, 0.3741576671600342, 0.37375202775001526, 0.3733751177787781, 0.37296637892723083, 0.3726084232330322, 0.37225407361984253, 0.3718951940536499, 0.3715762197971344, 0.37124910950660706, 0.3709140419960022, 0.3705839216709137, 0.3702695369720459, 0.36996471881866455, 0.3696589767932892, 0.36936742067337036, 0.3690575063228607, 0.3687802851200104, 0.368504136800766, 0.3682524561882019, 0.367979496717453, 0.36770835518836975, 0.3674509823322296, 0.36716175079345703, 0.3669309914112091, 0.36663809418678284, 0.36638009548187256, 0.36618778109550476, 0.36591416597366333, 0.36565834283828735, 0.3654586672782898, 0.3652127981185913, 0.3649604320526123, 0.36466485261917114, 0.36440223455429077, 0.36416253447532654, 0.36393168568611145, 0.36369094252586365, 0.3634645938873291, 0.36324989795684814, 0.36305171251296997, 0.3627995550632477, 0.3625470697879791, 0.3623250126838684, 0.36209362745285034, 0.3618316650390625, 0.3616078495979309, 0.36137139797210693, 0.36116519570350647, 0.3609457314014435, 0.36072012782096863, 0.3604849576950073, 0.3602938950061798, 0.36008524894714355, 0.35986289381980896, 0.3596242666244507, 0.3593577444553375, 0.3591610789299011, 0.3589909076690674, 0.3587454557418823, 0.3584926724433899, 0.35827723145484924, 0.35807132720947266, 0.35779350996017456, 0.357572466135025, 0.3573532998561859, 0.35712137818336487, 0.35691437125205994, 0.35672131180763245, 0.35652241110801697, 0.35628390312194824, 0.3560698330402374, 0.35579872131347656, 0.35556352138519287, 0.35537421703338623, 0.3551492989063263, 0.354931116104126, 0.35471779108047485, 0.35450243949890137, 0.3543030023574829, 0.3541060984134674, 0.3538822531700134, 0.3536524176597595, 0.3534444570541382, 0.35318827629089355, 0.3529796302318573, 0.35277262330055237, 0.3525525629520416, 0.3523982763290405, 0.3521723449230194, 0.3519675135612488, 0.3517238199710846, 0.351523220539093, 0.35129475593566895, 0.3511381447315216, 0.35091152787208557, 0.35071006417274475, 0.35049352049827576, 0.35026636719703674, 0.35009756684303284, 0.3498286306858063, 0.3495875895023346, 0.34938567876815796, 0.349126935005188, 0.3489091396331787, 0.3486921191215515, 0.34843525290489197, 0.3482235372066498, 0.3479878604412079, 0.3477875888347626, 0.34756478667259216, 0.3473299443721771, 0.3471147119998932, 0.3468930423259735, 0.34666669368743896, 0.3464331030845642, 0.3462318480014801, 0.34598052501678467, 0.3457629680633545, 0.34555351734161377, 0.3453623056411743, 0.3451421856880188, 0.34490832686424255, 0.34468334913253784, 0.3444625735282898, 0.34423506259918213, 0.3440173864364624, 0.34381788969039917, 0.34355807304382324, 0.34332454204559326, 0.3430550694465637, 0.3428044021129608, 0.3425671458244324, 0.3423486351966858, 0.3420913815498352, 0.3418413996696472, 0.34160172939300537, 0.34137046337127686, 0.3411887288093567, 0.3409354090690613, 0.34075695276260376, 0.3405221104621887, 0.3402751684188843, 0.3400520086288452, 0.33976906538009644, 0.3395315110683441, 0.33929193019866943, 0.339028924703598, 0.3388051688671112, 0.33853679895401, 0.3382803201675415, 0.338036447763443, 0.33775168657302856, 0.3375619649887085, 0.33730548620224, 0.3370636999607086, 0.33686909079551697, 0.33664265275001526, 0.3363557457923889, 0.33610108494758606, 0.33584171533584595, 0.3356265127658844, 0.3353501856327057, 0.3350728154182434, 0.3348733186721802, 0.3346395194530487, 0.3344145715236664, 0.334153950214386, 0.33387017250061035, 0.33359354734420776, 0.33335667848587036, 0.33312198519706726, 0.3328375518321991, 0.3326027989387512, 0.33233779668807983, 0.3320870101451874, 0.33181193470954895, 0.3315177261829376, 0.33122825622558594, 0.33095887303352356, 0.33070510625839233, 0.3304400146007538, 0.33017677068710327, 0.3298738896846771, 0.32962796092033386, 0.32936108112335205, 0.3290725648403168, 0.32880279421806335, 0.3285142481327057, 0.3282223045825958, 0.3279498219490051, 0.3276436924934387, 0.3273654878139496, 0.32708072662353516, 0.3268025517463684, 0.326506108045578, 0.32623356580734253, 0.3259638845920563, 0.3257089853286743, 0.325433611869812, 0.32516399025917053, 0.32489216327667236, 0.3245936632156372, 0.32432833313941956, 0.3240516185760498, 0.3237866163253784, 0.323469340801239, 0.3231572210788727, 0.32284462451934814, 0.3225448727607727, 0.3222239017486572, 0.3219245970249176, 0.3216455578804016, 0.32132384181022644, 0.32104071974754333, 0.3207087218761444, 0.320415735244751, 0.32007208466529846, 0.3197821080684662, 0.31949013471603394, 0.3192039430141449, 0.31890952587127686, 0.31859809160232544, 0.3182985782623291, 0.31800681352615356, 0.31771624088287354, 0.31742236018180847, 0.31711137294769287, 0.3168059289455414, 0.3164905607700348, 0.3162529468536377, 0.31597641110420227, 0.31568047404289246, 0.31533414125442505, 0.315009742975235, 0.31468847393989563, 0.31434395909309387, 0.31402406096458435, 0.31368136405944824, 0.3134106993675232, 0.31309056282043457, 0.3128209412097931, 0.31249895691871643, 0.3121739625930786, 0.3118312656879425, 0.311551958322525, 0.3112674355506897, 0.3109588921070099, 0.31064751744270325, 0.3103075623512268, 0.3099847137928009, 0.3096640706062317, 0.3093279302120209, 0.30904972553253174, 0.30869680643081665, 0.3083706200122833, 0.3080616593360901, 0.3077722489833832, 0.3074772357940674, 0.30712905526161194, 0.30682438611984253, 0.30651208758354187, 0.30619537830352783, 0.3058544993400574, 0.30551740527153015, 0.3052035868167877, 0.3048800826072693, 0.3045688271522522, 0.30422988533973694, 0.303910493850708, 0.30358874797821045, 0.3032514750957489, 0.3028978109359741, 0.30261075496673584, 0.3022542893886566, 0.30195316672325134, 0.3016602396965027, 0.30136004090309143, 0.30101311206817627, 0.30069074034690857, 0.3003580868244171, 0.3000437319278717, 0.29973694682121277, 0.2994316816329956, 0.29911187291145325, 0.2987821698188782, 0.29845377802848816, 0.29813694953918457, 0.2977960705757141, 0.2974676787853241, 0.2971069812774658, 0.2968354821205139, 0.29649004340171814, 0.2961781919002533, 0.29587554931640625, 0.29554814100265503, 0.2952002286911011, 0.2948991060256958, 0.29457277059555054, 0.29423707723617554, 0.2938738167285919, 0.2935969829559326, 0.2933017611503601, 0.29298433661460876, 0.29269400238990784, 0.29234549403190613, 0.29206007719039917, 0.291766881942749, 0.29144397377967834, 0.2911270558834076, 0.2908450961112976, 0.290541410446167, 0.2902698814868927, 0.28997930884361267, 0.2897067070007324, 0.2893679738044739, 0.28905773162841797, 0.2887655198574066, 0.2884584665298462, 0.2881940007209778, 0.28787410259246826, 0.2875910997390747, 0.2872655391693115, 0.28696051239967346, 0.28669223189353943, 0.2864050567150116, 0.2861354947090149, 0.28584641218185425, 0.2855626940727234, 0.2852667570114136, 0.2850070893764496, 0.28471359610557556, 0.2844395637512207, 0.28415152430534363, 0.28388890624046326, 0.2836228311061859, 0.2833760380744934, 0.28311166167259216, 0.2828155755996704, 0.28255343437194824, 0.2823016345500946, 0.2820821702480316, 0.28181561827659607, 0.2815311551094055, 0.2812936007976532, 0.28100937604904175, 0.2807321846485138, 0.28043729066848755, 0.2801763713359833, 0.27991458773612976, 0.27968457341194153, 0.2794017493724823, 0.2791222035884857, 0.27883538603782654, 0.2785798907279968, 0.27830612659454346, 0.27803391218185425, 0.2777782380580902, 0.27751538157463074, 0.27727746963500977, 0.2770325839519501, 0.2768062651157379, 0.2765972912311554, 0.27639633417129517, 0.27611809968948364, 0.27584612369537354, 0.2756018042564392, 0.2753799557685852, 0.2751908600330353, 0.27495071291923523, 0.27468791604042053, 0.2744494378566742, 0.2742166817188263, 0.27392885088920593, 0.27368128299713135, 0.27342644333839417, 0.2731688916683197, 0.27296844124794006, 0.2727886736392975, 0.27254045009613037, 0.27230626344680786, 0.27203309535980225, 0.27180883288383484, 0.2715942859649658, 0.27137914299964905, 0.2711426317691803, 0.2708631157875061, 0.27063658833503723, 0.2703953683376312, 0.2701913118362427, 0.2699313759803772, 0.26970088481903076, 0.26948851346969604]",33.0,"[33.0, 33.0, 33.0, 33.0, 33.0, 33.0, 33.0, 33.0, 33.0, 33.0, 33.0, 33.0, 33.0, 33.0, 33.0, 33.0, 33.0, 33.0, 33.0, 33.0, 33.0, 33.0, 33.0, 33.0, 33.0, 33.0, 33.0, 33.0, 33.0, 33.0, 33.0, 33.0, 33.0, 33.0, 33.0, 33.0, 33.0, 33.0, 33.0, 33.0, 33.0, 33.0, 33.0, 33.0, 33.0, 33.0, 33.0, 33.0, 33.0, 33.0, 33.0, 33.0, 33.0, 33.0, 33.0, 33.0, 33.0, 33.0, 33.0, 33.0, 33.0, 33.0, 33.0, 33.0, 33.0, 33.0, 33.0, 33.0, 33.0, 33.0, 33.0, 33.0, 33.0, 33.0, 33.0, 33.0, 33.0, 33.0, 33.0, 33.0, 33.0, 33.0, 33.0, 33.0, 33.0, 33.0, 33.0, 33.0, 33.0, 33.0, 33.0, 33.0, 33.0, 33.0, 33.0, 33.0, 33.0, 33.0, 33.0, 33.0, 33.0, 33.0, 33.0, 33.0, 33.0, 33.0, 33.0, 33.0, 33.0, 33.0, 33.0, 33.0, 33.0, 33.0, 33.0, 33.0, 33.0, 33.0, 33.0, 33.0, 33.0, 33.0, 33.0, 33.0, 33.0, 33.0, 33.0, 33.0, 33.0, 33.0, 33.0, 33.0, 33.0, 33.0, 33.0, 33.0, 33.0, 33.0, 33.0, 33.0, 33.0, 33.0, 33.0, 33.0, 33.0, 33.0, 33.0, 33.0, 33.0, 33.0, 33.0, 33.0, 33.0, 33.0, 33.0, 33.0, 33.0, 33.0, 33.0, 33.0, 33.0, 33.0, 33.0, 33.0, 33.0, 33.0, 33.0, 33.0, 33.0, 33.0, 33.0, 33.0, 33.0, 33.0, 33.0, 33.0, 33.0, 33.0, 33.0, 33.0, 33.0, 33.0, 33.0, 33.0, 33.0, 33.0, 33.0, 33.0, 33.0, 33.0, 33.0, 33.0, 33.0, 33.0, 33.0, 33.0, 33.0, 33.0, 33.0, 33.0, 33.0, 33.0, 33.0, 33.0, 33.0, 33.0, 33.0, 33.0, 33.0, 33.0, 33.0, 33.0, 33.0, 33.0, 33.0, 33.0, 33.0, 33.0, 33.0, 33.0, 33.0, 33.0, 33.0, 33.0, 33.0, 33.0, 33.0, 33.0, 33.0, 33.0, 33.0, 33.0, 33.0, 33.0, 33.0, 33.0, 33.0, 33.0, 33.0, 33.0, 33.0, 33.0, 33.0, 33.0, 33.0, 33.0, 33.0, 33.0, 33.0, 33.0, 33.0, 33.0, 33.0, 33.0, 33.0, 33.0, 33.0, 33.0, 33.0, 33.0, 33.0, 33.0, 33.0, 33.0, 33.0, 33.0, 33.0, 33.0, 33.0, 33.0, 33.0, 33.0, 33.0, 33.0, 33.0, 33.0, 33.0, 33.0, 33.0, 33.0, 33.0, 33.0, 33.0, 33.0, 33.0, 33.0, 33.0, 33.0, 33.