,number,value,datetime_start,datetime_complete,duration,params_batch_size_scaler,params_constant_learning_rate,params_depth,params_epochs,params_kernel_l2,params_num_trees,params_temperature,user_attrs_accuracy_test,user_attrs_accuracy_valid,user_attrs_approximate_feature_sparsity,user_attrs_approximate_feature_sparsity_history,user_attrs_approximate_weight_sparsity,user_attrs_approximate_weight_sparsity_history,user_attrs_auc_test,user_attrs_auc_valid,user_attrs_feature_sparsity,user_attrs_feature_sparsity_history,user_attrs_num_epochs,user_attrs_val_loss_history,user_attrs_weight_sparsity,user_attrs_weight_sparsity_history,state
161,161,0.5,2024-08-31 06:28:41.360294,2024-08-31 06:29:44.100263,0 days 00:01:02.739969,16,1.3132105841429391,2,310,0.3219721896012574,16,0.000701991054357822,0.859,0.85875,0,"[33, 33, 33, 5, 3, 3, 0, 0, 0, 0, 0, 0, 0, 0, 0, 0, 0, 0, 0, 0, 0, 0, 0, 0, 0, 0, 0, 0, 0, 0, 0, 0, 0, 0, 0, 0, 0, 0, 0, 0, 0, 0, 0, 0, 0, 0, 0, 0, 0, 0, 0, 0, 0, 0, 0, 0, 0, 0, 0, 0, 0, 0, 0, 0, 0, 0, 0, 0, 0, 0, 0, 0, 0, 0, 0, 0, 0, 0, 0, 0, 0, 0, 0, 0, 0, 0, 0, 0, 0, 0, 0, 0, 0, 0, 0, 0, 0, 0, 0, 0, 0, 0, 0, 0, 0, 0, 0, 0, 0, 0, 0, 0, 0, 0, 0, 0, 0, 0, 0, 0, 0, 0, 0, 0, 0, 0, 0, 0, 0, 0, 0, 0, 0, 0, 0, 0, 0, 0, 0, 0, 0, 0, 0, 0, 0, 0, 0, 0, 0, 0, 0, 0, 0, 0, 0, 0, 0, 0, 0, 0, 0, 0, 0, 0, 0, 0, 0, 0, 0, 0, 0, 0, 0, 0, 0, 0, 0, 0, 0, 0, 0, 0, 0, 0, 0, 0, 0, 0, 0, 0, 0, 0, 0, 0, 0, 0, 0, 0, 0, 0, 0, 0, 0, 0, 0, 0, 0, 0, 0, 0, 0, 0, 0, 0, 0, 0, 0, 0, 0, 0, 0, 0, 0, 0, 0, 0, 0, 0, 0, 0, 0, 0, 0, 0, 0, 0, 0, 0, 0, 0, 0, 0, 0, 0, 0, 0, 0, 0, 0, 0, 0, 0, 0, 0, 0, 0, 0, 0, 0, 0, 0, 0, 0, 0, 0, 0, 0, 0, 0, 0, 0, 0, 0, 0, 0, 0, 0, 0, 0, 0, 0, 0, 0, 0, 0, 0, 0, 0, 0, 0, 0, 0, 0, 0, 0, 0, 0, 0, 0, 0, 0, 0, 0, 0, 0, 0, 0, 0, 0, 0]",0.0,"[32.979166666666664, 33.0, 32.979166666666664, 5.0, 3.0, 3.0, 0.0, 0.0, 0.0, 0.0, 0.0, 0.0, 0.0, 0.0, 0.0, 0.0, 0.0, 0.0, 0.0, 0.0, 0.0, 0.0, 0.0, 0.0, 0.0, 0.0, 0.0, 0.0, 0.0, 0.0, 0.0, 0.0, 0.0, 0.0, 0.0, 0.0, 0.0, 0.0, 0.0, 0.0, 0.0, 0.0, 0.0, 0.0, 0.0, 0.0, 0.0, 0.0, 0.0, 0.0, 0.0, 0.0, 0.0, 0.0, 0.0, 0.0, 0.0, 0.0, 0.0, 0.0, 0.0, 0.0, 0.0, 0.0, 0.0, 0.0, 0.0, 0.0, 0.0, 0.0, 0.0, 0.0, 0.0, 0.0, 0.0, 0.0, 0.0, 0.0, 0.0, 0.0, 0.0, 0.0, 0.0, 0.0, 0.0, 0.0, 0.0, 0.0, 0.0, 0.0, 0.0, 0.0, 0.0, 0.0, 0.0, 0.0, 0.0, 0.0, 0.0, 0.0, 0.0, 0.0, 0.0, 0.0, 0.0, 0.0, 0.0, 0.0, 0.0, 0.0, 0.0, 0.0, 0.0, 0.0, 0.0, 0.0, 0.0, 0.0, 0.0, 0.0, 0.0, 0.0, 0.0, 0.0, 0.0, 0.0, 0.0, 0.0, 0.0, 0.0, 0.0, 0.0, 0.0, 0.0, 0.0, 0.0, 0.0, 0.0, 0.0, 0.0, 0.0, 0.0, 0.0, 0.0, 0.0, 0.0, 0.0, 0.0, 0.0, 0.0, 0.0, 0.0, 0.0, 0.0, 0.0, 0.0, 0.0, 0.0, 0.0, 0.0, 0.0, 0.0, 0.0, 0.0, 0.0, 0.0, 0.0, 0.0, 0.0, 0.0, 0.0, 0.0, 0.0, 0.0, 0.0, 0.0, 0.0, 0.0, 0.0, 0.0, 0.0, 0.0, 0.0, 0.0, 0.0, 0.0, 0.0, 0.0, 0.0, 0.0, 0.0, 0.0, 0.0, 0.0, 0.0, 0.0, 0.0, 0.0, 0.0, 0.0, 0.0, 0.0, 0.0, 0.0, 0.0, 0.0, 0.0, 0.0, 0.0, 0.0, 0.0, 0.0, 0.0, 0.0, 0.0, 0.0, 0.0, 0.0, 0.0, 0.0, 0.0, 0.0, 0.0, 0.0, 0.0, 0.0, 0.0, 0.0, 0.0, 0.0, 0.0, 0.0, 0.0, 0.0, 0.0, 0.0, 0.0, 0.0, 0.0, 0.0, 0.0, 0.0, 0.0, 0.0, 0.0, 0.0, 0.0, 0.0, 0.0, 0.0, 0.0, 0.0, 0.0, 0.0, 0.0, 0.0, 0.0, 0.0, 0.0, 0.0, 0.0, 0.0, 0.0, 0.0, 0.0, 0.0, 0.0, 0.0, 0.0, 0.0, 0.0, 0.0, 0.0, 0.0, 0.0, 0.0, 0.0, 0.0, 0.0, 0.0, 0.0, 0.0, 0.0, 0.0, 0.0, 0.0, 0.0, 0.0, 0.0, 0.0, 0.0, 0.0, 0.0, 0.0, 0.0, 0.0, 0.0, 0.0, 0.0, 0.0, 0.0, 0.0, 0.0, 0.0, 0.0, 0.0, 0.0, 0.0, 0.0, 0.0]",0.5,0.5,0,"[33, 33, 33, 5, 3, 3, 0, 0, 0, 0, 0, 0, 0, 0, 0, 0, 0, 0, 0, 0, 0, 0, 0, 0, 0, 0, 0, 0, 0, 0, 0, 0, 0, 0, 0, 0, 0, 0, 0, 0, 0, 0, 0, 0, 0, 0, 0, 0, 0, 0, 0, 0, 0, 0, 0, 0, 0, 0, 0, 0, 0, 0, 0, 0, 0, 0, 0, 0, 0, 0, 0, 0, 0, 0, 0, 0, 0, 0, 0, 0, 0, 0, 0, 0, 0, 0, 0, 0, 0, 0, 0, 0, 0, 0, 0, 0, 0, 0, 0, 0, 0, 0, 0, 0, 0, 0, 0, 0, 0, 0, 0, 0, 0, 0, 0, 0, 0, 0, 0, 0, 0, 0, 0, 0, 0, 0, 0, 0, 0, 0, 0, 0, 0, 0, 0, 0, 0, 0, 0, 0, 0, 0, 0, 0, 0, 0, 0, 0, 0, 0, 0, 0, 0, 0, 0, 0, 0, 0, 0, 0, 0, 0, 0, 0, 0, 0, 0, 0, 0, 0, 0, 0, 0, 0, 0, 0, 0, 0, 0, 0, 0, 0, 0, 0, 0, 0, 0, 0, 0, 0, 0, 0, 0, 0, 0, 0, 0, 0, 0, 0, 0, 0, 0, 0, 0, 0, 0, 0, 0, 0, 0, 0, 0, 0, 0, 0, 0, 0, 0, 0, 0, 0, 0, 0, 0, 0, 0, 0, 0, 0, 0, 0, 0, 0, 0, 0, 0, 0, 0, 0, 0, 0, 0, 0, 0, 0, 0, 0, 0, 0, 0, 0, 0, 0, 0, 0, 0, 0, 0, 0, 0, 0, 0, 0, 0, 0, 0, 0, 0, 0, 0, 0, 0, 0, 0, 0, 0, 0, 0, 0, 0, 0, 0, 0, 0, 0, 0, 0, 0, 0, 0, 0, 0, 0, 0, 0, 0, 0, 0, 0, 0, 0, 0, 0, 0, 0, 0, 0, 0, 0]",310,"[0.5901947617530823, 0.4723071753978729, 0.43367916345596313, 0.3775259852409363, 0.38092586398124695, 0.37814369797706604, 0.409521222114563, 0.41488802433013916, 0.4093484878540039, 0.41710761189460754, 0.40734967589378357, 0.4126311242580414, 0.4082229733467102, 0.4077322781085968, 0.4083069860935211, 0.41582444310188293, 0.4072262644767761, 0.40757161378860474, 0.41013747453689575, 0.4328332841396332, 0.43250006437301636, 0.43344733119010925, 0.4073413908481598, 0.411295622587204, 0.4134446978569031, 0.40894538164138794, 0.4316803216934204, 0.41890057921409607, 0.4094501733779907, 0.42523565888404846, 0.4101993441581726, 0.4148593842983246, 0.40737277269363403, 0.4121735095977783, 0.4180125296115875, 0.41401565074920654, 0.4270103871822357, 0.411795049905777, 0.42270392179489136, 0.4078962206840515, 0.4095976948738098, 0.4178406894207001, 0.4075249433517456, 0.41376468539237976, 0.4079357087612152, 0.4105960726737976, 0.40910980105400085, 0.4089110493659973, 0.40856868028640747, 0.41312235593795776, 0.4105609655380249, 0.4075431823730469, 0.4160182476043701, 0.4157762825489044, 0.4187512695789337, 0.41862574219703674, 0.4124526083469391, 0.40723663568496704, 0.41683968901634216, 0.40904030203819275, 0.4072263240814209, 0.42473334074020386, 0.4087870717048645, 0.4159480333328247, 0.40725138783454895, 0.409486323595047, 0.41251641511917114, 0.40759995579719543, 0.45690372586250305, 0.4072262942790985, 0.41642051935195923, 0.4174494445323944, 0.4242818057537079, 0.41293850541114807, 0.416494220495224, 0.42168354988098145, 0.4543949067592621, 0.4248044192790985, 0.4104529917240143, 0.4212450087070465, 0.42337581515312195, 0.41385695338249207, 0.4296461343765259, 0.4138111174106598, 0.41344964504241943, 0.4086858332157135, 0.4081757664680481, 0.4072338342666626, 0.41230788826942444, 0.4086340367794037, 0.4364125728607178, 0.40787699818611145, 0.4250337481498718, 0.4324139356613159, 0.41246357560157776, 0.4072611331939697, 0.407248854637146, 0.4128319025039673, 0.4075268507003784, 0.4201672375202179, 0.4402010440826416, 0.409486323595047, 0.4113669693470001, 0.40726158022880554, 0.4073101282119751, 0.40764400362968445, 0.41698142886161804, 0.4226943850517273, 0.4157440960407257, 0.41983819007873535, 0.413099467754364, 0.4209635853767395, 0.4126752018928528, 0.4391103684902191, 0.40745651721954346, 0.4181133210659027, 0.40902474522590637, 0.4078950881958008, 0.40822306275367737, 0.4072718918323517, 0.4079407751560211, 0.4217134714126587, 0.40768828988075256, 0.4272363781929016, 0.4073365330696106, 0.40737637877464294, 0.4107643961906433, 0.42639634013175964, 0.44642964005470276, 0.4158978760242462, 0.4076937735080719, 0.4207647740840912, 0.41674545407295227, 0.4073604941368103, 0.4310911297798157, 0.41646435856819153, 0.41122815012931824, 0.4183117151260376, 0.40927445888519287, 0.40798482298851013, 0.41397613286972046, 0.4085649251937866, 0.4083613455295563, 0.4239586889743805, 0.43880948424339294, 0.41815972328186035, 0.4105667471885681, 0.4216292202472687, 0.4213500916957855, 0.40807557106018066, 0.40926581621170044, 0.42015987634658813, 0.4148653745651245, 0.4106285870075226, 0.40737611055374146, 0.41229307651519775, 0.40988266468048096, 0.4174608290195465, 0.4072265326976776, 0.4080334007740021, 0.4082307815551758, 0.4085254371166229, 0.42365702986717224, 0.4072302579879761, 0.41613060235977173, 0.42363566160202026, 0.4098344147205353, 0.4078945219516754, 0.4084230661392212, 0.4099925756454468, 0.41485345363616943, 0.40727630257606506, 0.4095183312892914, 0.40835702419281006, 0.4298059940338135, 0.40921494364738464, 0.42103511095046997, 0.4094918370246887, 0.40824267268180847, 0.40722861886024475, 0.4119487702846527, 0.4088295102119446, 0.4869382977485657, 0.421514630317688, 0.4085288345813751, 0.45497652888298035, 0.40928223729133606, 0.4117491543292999, 0.41182076930999756, 0.40983062982559204, 0.4173123240470886, 0.4083256125450134, 0.4123397469520569, 0.41860640048980713, 0.41710472106933594, 0.407416433095932, 0.431313157081604, 0.4340604841709137, 0.4112718999385834, 0.4104959964752197, 0.40729156136512756, 0.4072704315185547, 0.40861091017723083, 0.40832018852233887, 0.4122045934200287, 0.408357173204422, 0.41786059737205505, 0.41189220547676086, 0.41031700372695923, 0.41349154710769653, 0.4081660807132721, 0.4124250113964081, 0.4098682105541229, 0.4081125557422638, 0.40722915530204773, 0.4132840633392334, 0.41910842061042786, 0.4105704128742218, 0.40722739696502686, 0.4207964241504669, 0.4098277688026428, 0.40849098563194275, 0.4094286859035492, 0.413625568151474, 0.4105469882488251, 0.46239379048347473, 0.4183683395385742, 0.40792548656463623, 0.41013088822364807, 0.43072640895843506, 0.41955211758613586, 0.4134975075721741, 0.41492122411727905, 0.41536593437194824, 0.4198692739009857, 0.407380610704422, 0.4073418378829956, 0.4099363386631012, 0.4091998338699341, 0.4150243103504181, 0.4223078191280365, 0.42018166184425354, 0.41225939989089966, 0.408401757478714, 0.41337084770202637, 0.4073837399482727, 0.4081908166408539, 0.40738993883132935, 0.41635799407958984, 0.4098352789878845, 0.41839179396629333, 0.4184150993824005, 0.44425728917121887, 0.41886666417121887, 0.42786717414855957, 0.407596617937088, 0.41271859407424927, 0.42447543144226074, 0.41019999980926514, 0.4153129458427429, 0.43270406126976013, 0.4132383465766907, 0.4074794352054596, 0.4073246717453003, 0.4141092300415039, 0.41492512822151184, 0.41667717695236206, 0.40887925028800964, 0.4285741448402405, 0.4080732762813568, 0.4110749065876007, 0.4105551838874817, 0.4073885977268219, 0.4119260311126709, 0.4074154198169708, 0.40727749466896057, 0.40722617506980896, 0.4080408215522766, 0.4105776250362396, 0.4086253345012665, 0.4102920889854431, 0.44439005851745605, 0.42481258511543274, 0.4166659414768219, 0.41284316778182983, 0.40863651037216187, 0.41287460923194885, 0.4073268175125122, 0.40822428464889526, 0.41390594840049744, 0.4148230254650116, 0.4221799075603485, 0.40732303261756897, 0.40736064314842224, 0.4078506827354431, 0.40806785225868225, 0.43335917592048645, 0.4091844856739044, 0.41651633381843567, 0.4440425932407379, 0.4099561274051666, 0.4082014560699463, 0.428646445274353, 0.40814846754074097, 0.4072262644767761, 0.40754708647727966, 0.40733668208122253, 0.4073474407196045, 0.46052616834640503, 0.42768964171409607]",0.0,"[33.0, 33.0, 33.0, 5.0, 3.0, 3.0, 0.0, 0.0, 0.0, 0.0, 0.0, 0.0, 0.0, 0.0, 0.0, 0.0, 0.0, 0.0, 0.0, 0.0, 0.0, 0.0, 0.0, 0.0, 0.0, 0.0, 0.0, 0.0, 0.0, 0.0, 0.0, 0.0, 0.0, 0.0, 0.0, 0.0, 0.0, 0.0, 0.0, 0.0, 0.0, 0.0, 0.0, 0.0, 0.0, 0.0, 0.0, 0.0, 0.0, 0.0, 0.0, 0.0, 0.0, 0.0, 0.0, 0.0, 0.0, 0.0, 0.0, 0.0, 0.0, 0.0, 0.0, 0.0, 0.0, 0.0, 0.0, 0.0, 0.0, 0.0, 0.0, 0.0, 0.0, 0.0, 0.0, 0.0, 0.0, 0.0, 0.0, 0.0, 0.0, 0.0, 0.0, 0.0, 0.0, 0.0, 0.0, 0.0, 0.0, 0.0, 0.0, 0.0, 0.0, 0.0, 0.0, 0.0, 0.0, 0.0, 0.0, 0.0, 0.0, 0.0, 0.0, 0.0, 0.0, 0.0, 0.0, 0.0, 0.0, 0.0, 0.0, 0.0, 0.0, 0.0, 0.0, 0.0, 0.0, 0.0, 0.0, 0.0, 0.0, 0.0, 0.0, 0.0, 0.0, 0.0, 0.0, 0.0, 0.0, 0.0, 0.0, 0.0, 0.0, 0.0, 0.0, 0.0, 0.0, 0.0, 0.0, 0.0, 0.0, 0.0, 0.0, 0.0, 0.0, 0.0, 0.0, 0.0, 0.0, 0.0, 0.0, 0.0, 0.0, 0.0, 0.0, 0.0, 0.0, 0.0, 0.0, 0.0, 0.0, 0.0, 0.0, 0.0, 0.0, 0.0, 0.0, 0.0, 0.0, 0.0, 0.0, 0.0, 0.0, 0.0, 0.0, 0.0, 0.0, 0.0, 0.0, 0.0, 0.0, 0.0, 0.0, 0.0, 0.0, 0.0, 0.0, 0.0, 0.0, 0.0, 0.0, 0.0, 0.0, 0.0, 0.0, 0.0, 0.0, 0.0, 0.0, 0.0, 0.0, 0.0, 0.0, 0.0, 0.0, 0.0, 0.0, 0.0, 0.0, 0.0, 0.0, 0.0, 0.0, 0.0, 0.0, 0.0, 0.0, 0.0, 0.0, 0.0, 0.0, 0.0, 0.0, 0.0, 0.0, 0.0, 0.0, 0.0, 0.0, 0.0, 0.0, 0.0, 0.0, 0.0, 0.0, 0.0, 0.0, 0.0, 0.0, 0.0, 0.0, 0.0, 0.0, 0.0, 0.0, 0.0, 0.0, 0.0, 0.0, 0.0, 0.0, 0.0, 0.0, 0.0, 0.0, 0.0, 0.0, 0.0, 0.0, 0.0, 0.0, 0.0, 0.0, 0.0, 0.0, 0.0, 0.0, 0.0, 0.0, 0.0, 0.0, 0.0, 0.0, 0.0, 0.0, 0.0, 0.0, 0.0, 0.0, 0.0, 0.0, 0.0, 0.0, 0.0, 0.0, 0.0, 0.0, 0.0, 0.0, 0.0, 0.0, 0.0, 0.0, 0.0, 0.0, 0.0, 0.0, 0.0, 0.0, 0.0, 0.0, 0.0, 0.0, 0.0, 0.0, 0.0, 0.0, 0.0, 0.0, 0.0]",COMPLETE
162,162,0.6214592108822508,2024-08-31 06:29:48.666667,2024-08-31 06:30:07.249249,0 days 00:00:18.582582,64,5.71581015951201,4,15,0.006747318854833355,98,0.00927109252266985,0.859,0.85875,1,"[33, 4, 2, 2, 2, 2, 1, 1, 1, 1, 1, 1, 1, 1, 1]",1.0,"[32.94761904761905, 3.9952380952380953, 2.0, 1.998639455782313, 1.9945578231292518, 1.9986394557823128, 0.998639455782313, 0.9972789115646259, 0.998639455782313, 1.0, 1.0, 1.0, 0.9993197278911564, 1.0, 1.0]",0.6604991784938778,0.6214592108822508,1,"[33, 4, 2, 2, 2, 2, 1, 1, 1, 1, 1, 1, 1, 1, 1]",15,"[3.9245293140411377, 3.4734292030334473, 7.564539909362793, 1.8476072549819946, 6.130311965942383, 0.7067424654960632, 2.6073834896087646, 2.776000738143921, 1.2097398042678833, 2.934626579284668, 0.7566326856613159, 3.315627098083496, 2.968947649002075, 4.485764503479004, 3.2398757934570312]",1.0,"[33.0, 4.0, 2.0, 2.0, 2.0, 2.0, 1.0, 1.0, 1.0, 1.0, 1.0, 1.0, 1.0, 1.0, 1.0]",COMPLETE
