,number,value,datetime_start,datetime_complete,duration,params_batch_size_scaler,params_constant_learning_rate,params_depth,params_epochs,params_kernel_l2,params_num_trees,params_temperature,user_attrs_accuracy_test,user_attrs_accuracy_valid,user_attrs_approximate_feature_sparsity,user_attrs_approximate_feature_sparsity_history,user_attrs_approximate_weight_sparsity,user_attrs_approximate_weight_sparsity_history,user_attrs_auc_test,user_attrs_auc_valid,user_attrs_feature_sparsity,user_attrs_feature_sparsity_history,user_attrs_num_epochs,user_attrs_val_loss_history,user_attrs_weight_sparsity,user_attrs_weight_sparsity_history,state
99,99,0.5,2024-08-31 04:27:41.001510,2024-08-31 04:29:45.962683,0 days 00:02:04.961173,4,1.10389404708562,6,300,0.07806636007314867,2,0.00011203307586891213,0.859,0.85875,0,"[33, 33, 33, 33, 33, 33, 33, 33, 33, 32, 29, 24, 23, 22, 22, 20, 20, 20, 20, 20, 20, 20, 20, 20, 20, 17, 17, 17, 16, 16, 15, 15, 15, 15, 15, 15, 14, 13, 13, 13, 13, 13, 13, 12, 12, 12, 12, 12, 10, 10, 10, 10, 10, 10, 10, 10, 10, 10, 10, 10, 9, 9, 9, 9, 9, 9, 8, 8, 8, 8, 6, 6, 5, 2, 2, 0, 0, 0, 0, 0, 0, 0, 0, 0, 0, 0, 0, 0, 0, 0, 0, 0, 0, 0, 0, 0, 0, 0, 0, 0, 0, 0, 0, 0, 0, 0, 0, 0, 0, 0, 0, 0, 0, 0, 0, 0, 0, 0, 0, 0, 0, 0, 0, 0, 0, 0, 0, 0, 0, 0, 0, 0, 0, 0, 0, 0, 0, 0, 0, 0, 0, 0, 0, 0, 0, 0, 0, 0, 0, 0, 0, 0, 0, 0, 0, 0, 0, 0, 0, 0, 0, 0, 0, 0, 0, 0, 0, 0, 0, 0, 0, 0, 0, 0, 0, 0, 0, 0, 0, 0, 0, 0, 0, 0, 0, 0, 0, 0, 0, 0, 0, 0, 0, 0, 0, 0, 0, 0, 0, 0, 0, 0, 0, 0, 0, 0, 0, 0, 0, 0, 0, 0, 0, 0, 0, 0, 0, 0, 0, 0, 0, 0, 0, 0, 0, 0, 0, 0, 0, 0, 0, 0, 0, 0, 0, 0, 0, 0, 0, 0, 0, 0, 0, 0, 0, 0, 0, 0, 0, 0, 0, 0, 0, 0, 0, 0, 0, 0, 0, 0, 0, 0, 0, 0, 0, 0, 0, 0, 0, 0, 0, 0, 0, 0, 0, 0, 0, 0, 0, 0, 0, 0, 0, 0, 0, 0, 0, 0, 0, 0, 0, 0, 0, 0, 0, 0, 0, 0, 0, 0]",0.0,"[32.992063492063494, 32.96825396825397, 33.0, 32.992063492063494, 32.992063492063494, 32.96031746031746, 32.98412698412699, 32.95238095238095, 32.98412698412699, 31.976190476190474, 28.984126984126984, 23.96825396825397, 22.984126984126984, 21.96825396825397, 21.952380952380953, 19.976190476190474, 19.96825396825397, 19.992063492063494, 19.96825396825397, 19.992063492063494, 19.960317460317462, 19.952380952380953, 19.936507936507937, 19.944444444444443, 19.92063492063492, 16.96825396825397, 16.992063492063494, 16.952380952380953, 15.944444444444445, 15.96031746031746, 14.952380952380953, 14.928571428571429, 14.928571428571429, 14.96031746031746, 14.952380952380953, 14.96031746031746, 13.96031746031746, 12.952380952380953, 12.928571428571429, 12.944444444444445, 12.928571428571429, 12.920634920634921, 12.944444444444445, 11.968253968253968, 11.904761904761905, 11.936507936507937, 11.896825396825397, 11.904761904761905, 9.928571428571429, 9.896825396825397, 9.865079365079366, 9.88888888888889, 9.880952380952381, 9.880952380952381, 9.857142857142858, 9.904761904761905, 9.912698412698413, 9.841269841269842, 9.841269841269842, 9.896825396825397, 8.896825396825397, 8.865079365079366, 8.841269841269842, 8.857142857142858, 8.880952380952381, 8.84920634920635, 7.865079365079365, 7.841269841269842, 7.825396825396826, 7.785714285714286, 5.849206349206349, 5.825396825396825, 4.841269841269841, 1.9523809523809523, 1.9603174603174605, 0.0, 0.0, 0.0, 0.0, 0.0, 0.0, 0.0, 0.0, 0.0, 0.0, 0.0, 0.0, 0.0, 0.0, 0.0, 0.0, 0.0, 0.0, 0.0, 0.0, 0.0, 0.0, 0.0, 0.0, 0.0, 0.0, 0.0, 0.0, 0.0, 0.0, 0.0, 0.0, 0.0, 0.0, 0.0, 0.0, 0.0, 0.0, 0.0, 0.0, 0.0, 0.0, 0.0, 0.0, 0.0, 0.0, 0.0, 0.0, 0.0, 0.0, 0.0, 0.0, 0.0, 0.0, 0.0, 0.0, 0.0, 0.0, 0.0, 0.0, 0.0, 0.0, 0.0, 0.0, 0.0, 0.0, 0.0, 0.0, 0.0, 0.0, 0.0, 0.0, 0.0, 0.0, 0.0, 0.0, 0.0, 0.0, 0.0, 0.0, 0.0, 0.0, 0.0, 0.0, 0.0, 0.0, 0.0, 0.0, 0.0, 0.0, 0.0, 0.0, 0.0, 0.0, 0.0, 0.0, 0.0, 0.0, 0.0, 0.0, 0.0, 0.0, 0.0, 0.0, 0.0, 0.0, 0.0, 0.0, 0.0, 0.0, 0.0, 0.0, 0.0, 0.0, 0.0, 0.0, 0.0, 0.0, 0.0, 0.0, 0.0, 0.0, 0.0, 0.0, 0.0, 0.0, 0.0, 0.0, 0.0, 0.0, 0.0, 0.0, 0.0, 0.0, 0.0, 0.0, 0.0, 0.0, 0.0, 0.0, 0.0, 0.0, 0.0, 0.0, 0.0, 0.0, 0.0, 0.0, 0.0, 0.0, 0.0, 0.0, 0.0, 0.0, 0.0, 0.0, 0.0, 0.0, 0.0, 0.0, 0.0, 0.0, 0.0, 0.0, 0.0, 0.0, 0.0, 0.0, 0.0, 0.0, 0.0, 0.0, 0.0, 0.0, 0.0, 0.0, 0.0, 0.0, 0.0, 0.0, 0.0, 0.0, 0.0, 0.0, 0.0, 0.0, 0.0, 0.0, 0.0, 0.0, 0.0, 0.0, 0.0, 0.0, 0.0, 0.0, 0.0, 0.0, 0.0, 0.0, 0.0, 0.0, 0.0, 0.0, 0.0, 0.0, 0.0, 0.0, 0.0, 0.0, 0.0, 0.0, 0.0, 0.0, 0.0, 0.0, 0.0, 0.0, 0.0, 0.0, 0.0, 0.0, 0.0, 0.0, 0.0]",0.5,0.5,0,"[33, 33, 33, 33, 33, 33, 33, 33, 33, 32, 29, 24, 23, 22, 22, 20, 20, 20, 20, 20, 20, 20, 20, 20, 20, 17, 17, 17, 16, 16, 15, 15, 15, 15, 15, 15, 14, 13, 13, 13, 13, 13, 13, 12, 12, 12, 12, 12, 10, 10, 10, 10, 10, 10, 10, 10, 10, 10, 10, 10, 9, 9, 9, 9, 9, 9, 8, 8, 8, 8, 6, 6, 5, 2, 2, 0, 0, 0, 0, 0, 0, 0, 0, 0, 0, 0, 0, 0, 0, 0, 0, 0, 0, 0, 0, 0, 0, 0, 0, 0, 0, 0, 0, 0, 0, 0, 0, 0, 0, 0, 0, 0, 0, 0, 0, 0, 0, 0, 0, 0, 0, 0, 0, 0, 0, 0, 0, 0, 0, 0, 0, 0, 0, 0, 0, 0, 0, 0, 0, 0, 0, 0, 0, 0, 0, 0, 0, 0, 0, 0, 0, 0, 0, 0, 0, 0, 0, 0, 0, 0, 0, 0, 0, 0, 0, 0, 0, 0, 0, 0, 0, 0, 0, 0, 0, 0, 0, 0, 0, 0, 0, 0, 0, 0, 0, 0, 0, 0, 0, 0, 0, 0, 0, 0, 0, 0, 0, 0, 0, 0, 0, 0, 0, 0, 0, 0, 0, 0, 0, 0, 0, 0, 0, 0, 0, 0, 0, 0, 0, 0, 0, 0, 0, 0, 0, 0, 0, 0, 0, 0, 0, 0, 0, 0, 0, 0, 0, 0, 0, 0, 0, 0, 0, 0, 0, 0, 0, 0, 0, 0, 0, 0, 0, 0, 0, 0, 0, 0, 0, 0, 0, 0, 0, 0, 0, 0, 0, 0, 0, 0, 0, 0, 0, 0, 0, 0, 0, 0, 0, 0, 0, 0, 0, 0, 0, 0, 0, 0, 0, 0, 0, 0, 0, 0, 0, 0, 0, 0, 0, 0]",300,"[0.3979273736476898, 0.36317434906959534, 0.3332684636116028, 0.30826517939567566, 0.2928366959095001, 0.2710467576980591, 0.2628744840621948, 0.2502789795398712, 0.2484940141439438, 0.23606422543525696, 0.22905321419239044, 0.230402410030365, 0.2273537516593933, 0.2158103883266449, 0.2183852344751358, 0.2163226455450058, 0.21228690445423126, 0.20864084362983704, 0.20533518493175507, 0.20186607539653778, 0.20110587775707245, 0.20527538657188416, 0.21378393471240997, 0.19976180791854858, 0.19574980437755585, 0.2077745944261551, 0.20028230547904968, 0.21730023622512817, 0.22403164207935333, 0.21147973835468292, 0.1981004923582077, 0.20207856595516205, 0.19610311090946198, 0.19770194590091705, 0.19606012105941772, 0.20392866432666779, 0.20269684493541718, 0.21377304196357727, 0.21154437959194183, 0.22215116024017334, 0.21261908113956451, 0.20847809314727783, 0.22709469497203827, 0.21979184448719025, 0.21228322386741638, 0.2139156311750412, 0.21043449640274048, 0.2077954113483429, 0.21662691235542297, 0.2164795845746994, 0.21857018768787384, 0.21717685461044312, 0.21472740173339844, 0.2125365138053894, 0.21806620061397552, 0.21490207314491272, 0.2194162756204605, 0.21819429099559784, 0.22866278886795044, 0.21964401006698608, 0.2196733057498932, 0.21367809176445007, 0.21899330615997314, 0.2148047834634781, 0.21565067768096924, 0.2204596847295761, 0.2685701549053192, 0.2647835910320282, 0.2667529284954071, 0.26291343569755554, 0.35218679904937744, 0.34974169731140137, 0.37591370940208435, 0.38514164090156555, 0.3903754949569702, 0.40726298093795776, 0.407236784696579, 0.40723147988319397, 0.40735670924186707, 0.40852823853492737, 0.40887460112571716, 0.40873977541923523, 0.4082637131214142, 0.4075378477573395, 0.4083276093006134, 0.41011303663253784, 0.40755027532577515, 0.4072405993938446, 0.4072851240634918, 0.4083077907562256, 0.40758219361305237, 0.4072626531124115, 0.40728840231895447, 0.40737441182136536, 0.4075392484664917, 0.407232403755188, 0.40739330649375916, 0.40779441595077515, 0.40736380219459534, 0.40724337100982666, 0.4075152277946472, 0.4074473977088928, 0.40732845664024353, 0.40722647309303284, 0.40734177827835083, 0.4078977704048157, 0.40741080045700073, 0.4083051383495331, 0.4073200523853302, 0.40784674882888794, 0.40737536549568176, 0.40834417939186096, 0.4079752266407013, 0.40751346945762634, 0.4073624014854431, 0.4072261154651642, 0.4074280261993408, 0.407230943441391, 0.4072268009185791, 0.40745365619659424, 0.407943993806839, 0.4072533845901489, 0.4073437452316284, 0.4076414108276367, 0.40725383162498474, 0.40787121653556824, 0.40722984075546265, 0.40755730867385864, 0.40724900364875793, 0.4073072671890259, 0.40726447105407715, 0.40734976530075073, 0.40742436051368713, 0.4075341522693634, 0.4072359800338745, 0.40825825929641724, 0.4075649678707123, 0.40724921226501465, 0.4072689712047577, 0.40878450870513916, 0.4072263240814209, 0.407301127910614, 0.4072849750518799, 0.40723124146461487, 0.40754687786102295, 0.4075407385826111, 0.40722888708114624, 0.40759891271591187, 0.40724605321884155, 0.40726080536842346, 0.4075453579425812, 0.4072517454624176, 0.4072446823120117, 0.4072731137275696, 0.40724068880081177, 0.40738368034362793, 0.40726226568222046, 0.4072263836860657, 0.4072410464286804, 0.40777748823165894, 0.40724650025367737, 0.4078521430492401, 0.4075639247894287, 0.40731412172317505, 0.40743815898895264, 0.40789055824279785, 0.40756985545158386, 0.4077281951904297, 0.4073861837387085, 0.4072415828704834, 0.40745365619659424, 0.4072294235229492, 0.40726664662361145, 0.4072408676147461, 0.4072490334510803, 0.4072670638561249, 0.40766146779060364, 0.40737301111221313, 0.40722671151161194, 0.40737244486808777, 0.4072296619415283, 0.4073482155799866, 0.408265084028244, 0.4077368974685669, 0.4072341024875641, 0.4078085422515869, 0.407307505607605, 0.4072515368461609, 0.4072263836860657, 0.40738633275032043, 0.4072597920894623, 0.4072261452674866, 0.4074224829673767, 0.4072314500808716, 0.4072962701320648, 0.4072282314300537, 0.4072657823562622, 0.40732890367507935, 0.40771812200546265, 0.40724316239356995, 0.4076952338218689, 0.40724050998687744, 0.4072294533252716, 0.4072798192501068, 0.4072333574295044, 0.40726277232170105, 0.40771758556365967, 0.4082995653152466, 0.4073069095611572, 0.4072383642196655, 0.40727701783180237, 0.4073108434677124, 0.4072592854499817, 0.40725812315940857, 0.4074838161468506, 0.40725746750831604, 0.40739455819129944, 0.40728500485420227, 0.40738362073898315, 0.40767890214920044, 0.40722858905792236, 0.40751925110816956, 0.4072275459766388, 0.40726548433303833, 0.40723758935928345, 0.4074613153934479, 0.40830540657043457, 0.4072781503200531, 0.40722960233688354, 0.4073023498058319, 0.4072670340538025, 0.4073471128940582, 0.40724095702171326, 0.407230406999588, 0.4082953929901123, 0.40739917755126953, 0.40820029377937317, 0.4072308838367462, 0.40727776288986206, 0.407372385263443, 0.40763023495674133, 0.407266229391098, 0.40722957253456116, 0.4072309136390686, 0.4072433412075043, 0.4073459506034851, 0.40743488073349, 0.40723729133605957, 0.4074743390083313, 0.4072414040565491, 0.4075331389904022, 0.4072588384151459, 0.4073295295238495, 0.4073565602302551, 0.40743082761764526, 0.4079670011997223, 0.408096581697464, 0.40728408098220825, 0.40764081478118896, 0.4073261320590973, 0.40753939747810364, 0.4073937237262726, 0.407237708568573, 0.4072522819042206, 0.4074214696884155, 0.408640056848526, 0.4073864817619324, 0.4072751998901367, 0.4075699746608734, 0.40735098719596863, 0.40728646516799927, 0.4073063135147095, 0.4075394868850708, 0.40722760558128357, 0.4075402021408081, 0.40742027759552, 0.40722742676734924, 0.40735799074172974, 0.40722787380218506, 0.4074716866016388, 0.40722617506980896, 0.4074813723564148, 0.4072633683681488, 0.40737396478652954, 0.40723487734794617, 0.40725839138031006, 0.4085078537464142, 0.4073312282562256, 0.4072314500808716, 0.4073827266693115, 0.4072261452674866, 0.4072262942790985, 0.40723878145217896, 0.4073101282119751, 0.4072265625, 0.4072306156158447, 0.40769848227500916, 0.4072933495044708, 0.4073673486709595, 0.4072434902191162]",0.0,"[33.0, 33.0, 33.0, 33.0, 33.0, 33.0, 33.0, 33.0, 33.0, 32.0, 29.0, 24.0, 23.0, 22.0, 22.0, 20.0, 20.0, 20.0, 20.0, 20.0, 20.0, 20.0, 20.0, 20.0, 20.0, 17.0, 17.0, 17.0, 16.0, 16.0, 15.0, 15.0, 15.0, 15.0, 15.0, 15.0, 14.0, 13.0, 13.0, 13.0, 13.0, 13.0, 13.0, 12.0, 12.0, 12.0, 12.0, 12.0, 10.0, 10.0, 10.0, 10.0, 10.0, 10.0, 10.0, 10.0, 10.0, 10.0, 10.0, 10.0, 9.0, 9.0, 9.0, 9.0, 9.0, 9.0, 8.0, 8.0, 8.0, 8.0, 6.0, 6.0, 5.0, 2.0, 2.0, 0.0, 0.0, 0.0, 0.0, 0.0, 0.0, 0.0, 0.0, 0.0, 0.0, 0.0, 0.0, 0.0, 0.0, 0.0, 0.0, 0.0, 0.0, 0.0, 0.0, 0.0, 0.0, 0.0, 0.0, 0.0, 0.0, 0.0, 0.0, 0.0, 0.0, 0.0, 0.0, 0.0, 0.0, 0.0, 0.0, 0.0, 0.0, 0.0, 0.0, 0.0, 0.0, 0.0, 0.0, 0.0, 0.0, 0.0, 0.0, 0.0, 0.0, 0.0, 0.0, 0.0, 0.0, 0.0, 0.0, 0.0, 0.0, 0.0, 0.0, 0.0, 0.0, 0.0, 0.0, 0.0, 0.0, 0.0, 0.0, 0.0, 0.0, 0.0, 0.0, 0.0, 0.0, 0.0, 0.0, 0.0, 0.0, 0.0, 0.0, 0.0, 0.0, 0.0, 0.0, 0.0, 0.0, 0.0, 0.0, 0.0, 0.0, 0.0, 0.0, 0.0, 0.0, 0.0, 0.0, 0.0, 0.0, 0.0, 0.0, 0.0, 0.0, 0.0, 0.0, 0.0, 0.0, 0.0, 0.0, 0.0, 0.0, 0.0, 0.0, 0.0, 0.0, 0.0, 0.0, 0.0, 0.0, 0.0, 0.0, 0.0, 0.0, 0.0, 0.0, 0.0, 0.0, 0.0, 0.0, 0.0, 0.0, 0.0, 0.0, 0.0, 0.0, 0.0, 0.0, 0.0, 0.0, 0.0, 0.0, 0.0, 0.0, 0.0, 0.0, 0.0, 0.0, 0.0, 0.0, 0.0, 0.0, 0.0, 0.0, 0.0, 0.0, 0.0, 0.0, 0.0, 0.0, 0.0, 0.0, 0.0, 0.0, 0.0, 0.0, 0.0, 0.0, 0.0, 0.0, 0.0, 0.0, 0.0, 0.0, 0.0, 0.0, 0.0, 0.0, 0.0, 0.0, 0.0, 0.0, 0.0, 0.0, 0.0, 0.0, 0.0, 0.0, 0.0, 0.0, 0.0, 0.0, 0.0, 0.0, 0.0, 0.0, 0.0, 0.0, 0.0, 0.0, 0.0, 0.0, 0.0, 0.0, 0.0, 0.0, 0.0, 0.0, 0.0, 0.0, 0.0, 0.0, 0.0, 0.0, 0.0, 0.0, 0.0, 0.0, 0.0, 0.0, 0.0, 0.0, 0.0, 0.0, 0.0, 0.0, 0.0]",COMPLETE
