,number,value,datetime_start,datetime_complete,duration,params_batch_size_scaler,params_constant_learning_rate,params_depth,params_epochs,params_kernel_l2,params_num_trees,params_temperature,user_attrs_accuracy_test,user_attrs_accuracy_valid,user_attrs_approximate_feature_sparsity,user_attrs_approximate_feature_sparsity_history,user_attrs_approximate_weight_sparsity,user_attrs_approximate_weight_sparsity_history,user_attrs_auc_test,user_attrs_auc_valid,user_attrs_feature_sparsity,user_attrs_feature_sparsity_history,user_attrs_num_epochs,user_attrs_val_loss_history,user_attrs_weight_sparsity,user_attrs_weight_sparsity_history,state
17,17,0.7905282683464081,2024-08-31 01:18:10.412403,2024-08-31 01:18:32.749199,0 days 00:00:22.336796,16,1.041557111605981,3,210,0.0035011673286692124,8,0.0036563041033191752,0.891,0.885,2,"[33, 33, 33, 26, 13, 5, 4, 4, 3, 3, 3, 3, 3, 3, 3, 3, 3, 3, 3, 3, 3, 3, 3, 3, 3, 3, 3, 3, 3, 3, 3, 3, 3, 3, 3, 3, 3, 3, 3, 3, 3, 3, 3, 3, 3, 3, 3, 3, 3, 3, 2, 2, 2, 2, 2, 2, 2, 2, 2, 2, 2, 2, 2, 2, 2, 2, 2, 2, 2, 2, 2, 2, 2, 2, 2, 2, 2, 2, 2, 2, 2, 2, 2, 2, 2, 2, 2, 2, 2, 2, 2, 2, 2, 2, 2, 2, 2, 2, 2, 2, 2, 2, 2, 2, 2, 2, 2, 2, 2, 2, 2, 2, 2, 2, 2, 2, 2, 2, 2, 2, 2, 2, 2, 2, 2, 2, 2, 2, 2, 2, 2, 2, 2, 2, 2, 2, 2, 2, 2, 2, 2, 2, 2, 2, 2, 2, 2, 2, 2, 2, 2, 2, 2, 2, 2, 2, 2, 2, 2, 2, 2, 2, 2, 2, 2, 2, 2, 2, 2, 2, 2, 2, 2, 2, 2, 2, 2, 2, 2, 2, 2, 2, 2, 2, 2, 2, 2, 2, 2, 2, 2, 2, 2, 2, 2, 2, 2, 2, 2, 2, 2, 2, 2, 2, 2, 2, 2, 2, 2, 2]",2.0,"[33.0, 33.0, 33.0, 25.964285714285715, 13.0, 4.982142857142857, 4.0, 4.0, 3.0, 3.0, 3.0, 3.0, 3.0, 3.0, 3.0, 2.982142857142857, 3.0, 3.0, 3.0, 3.0, 3.0, 3.0, 3.0, 3.0, 3.0, 3.0, 3.0, 3.0, 3.0, 3.0, 3.0, 3.0, 3.0, 3.0, 3.0, 3.0, 3.0, 3.0, 3.0, 3.0, 3.0, 3.0, 3.0, 3.0, 3.0, 3.0, 3.0, 3.0, 3.0, 3.0, 2.0, 2.0, 2.0, 2.0, 2.0, 2.0, 2.0, 2.0, 2.0, 2.0, 2.0, 2.0, 2.0, 2.0, 2.0, 2.0, 2.0, 2.0, 2.0, 2.0, 2.0, 2.0, 2.0, 2.0, 2.0, 2.0, 2.0, 2.0, 2.0, 2.0, 2.0, 2.0, 2.0, 2.0, 2.0, 2.0, 2.0, 2.0, 2.0, 2.0, 2.0, 2.0, 2.0, 2.0, 2.0, 2.0, 2.0, 2.0, 2.0, 2.0, 2.0, 1.9821428571428572, 2.0, 2.0, 2.0, 2.0, 2.0, 2.0, 2.0, 2.0, 2.0, 2.0, 2.0, 2.0, 2.0, 2.0, 2.0, 2.0, 2.0, 2.0, 2.0, 2.0, 2.0, 2.0, 2.0, 2.0, 2.0, 2.0, 2.0, 2.0, 2.0, 2.0, 2.0, 2.0, 2.0, 2.0, 2.0, 2.0, 2.0, 2.0, 2.0, 2.0, 2.0, 2.0, 2.0, 2.0, 2.0, 2.0, 2.0, 2.0, 2.0, 2.0, 2.0, 2.0, 2.0, 2.0, 2.0, 2.0, 2.0, 2.0, 2.0, 2.0, 2.0, 2.0, 2.0, 2.0, 2.0, 2.0, 2.0, 2.0, 2.0, 2.0, 2.0, 2.0, 2.0, 2.0, 2.0, 2.0, 2.0, 2.0, 2.0, 2.0, 2.0, 2.0, 2.0, 2.0, 2.0, 2.0, 2.0, 2.0, 2.0, 2.0, 2.0, 2.0, 2.0, 2.0, 2.0, 2.0, 2.0, 2.0, 2.0, 2.0, 2.0, 2.0, 2.0, 2.0, 2.0, 2.0, 2.0, 2.0]",0.7593399879457392,0.7905282683464081,2,"[33, 33, 33, 26, 13, 5, 4, 4, 3, 3, 3, 3, 3, 3, 3, 3, 3, 3, 3, 3, 3, 3, 3, 3, 3, 3, 3, 3, 3, 3, 3, 3, 3, 3, 3, 3, 3, 3, 3, 3, 3, 3, 3, 3, 3, 3, 3, 3, 3, 3, 2, 2, 2, 2, 2, 2, 2, 2, 2, 2, 2, 2, 2, 2, 2, 2, 2, 2, 2, 2, 2, 2, 2, 2, 2, 2, 2, 2, 2, 2, 2, 2, 2, 2, 2, 2, 2, 2, 2, 2, 2, 2, 2, 2, 2, 2, 2, 2, 2, 2, 2, 2, 2, 2, 2, 2, 2, 2, 2, 2, 2, 2, 2, 2, 2, 2, 2, 2, 2, 2, 2, 2, 2, 2, 2, 2, 2, 2, 2, 2, 2, 2, 2, 2, 2, 2, 2, 2, 2, 2, 2, 2, 2, 2, 2, 2, 2, 2, 2, 2, 2, 2, 2, 2, 2, 2, 2, 2, 2, 2, 2, 2, 2, 2, 2, 2, 2, 2, 2, 2, 2, 2, 2, 2, 2, 2, 2, 2, 2, 2, 2, 2, 2, 2, 2, 2, 2, 2, 2, 2, 2, 2, 2, 2, 2, 2, 2, 2, 2, 2, 2, 2, 2, 2, 2, 2, 2, 2, 2, 2]",210,"[0.3766329884529114, 0.3609847128391266, 0.3519124984741211, 0.3386974334716797, 0.34495243430137634, 0.3520301580429077, 0.349328875541687, 0.34647950530052185, 0.34742918610572815, 0.3429383337497711, 0.33906131982803345, 0.336032509803772, 0.3356410562992096, 0.32987159490585327, 0.3272406756877899, 0.3252567946910858, 0.3228718638420105, 0.32104358077049255, 0.31937357783317566, 0.3185494542121887, 0.3165058195590973, 0.3153820335865021, 0.31464511156082153, 0.3132214844226837, 0.314231276512146, 0.3125494122505188, 0.3122475743293762, 0.310405433177948, 0.3098517656326294, 0.30881640315055847, 0.3092615604400635, 0.30920255184173584, 0.3073148727416992, 0.3108314573764801, 0.30705225467681885, 0.30876246094703674, 0.30593961477279663, 0.3069683313369751, 0.30525559186935425, 0.30588826537132263, 0.3050684928894043, 0.304267942905426, 0.30458053946495056, 0.30405986309051514, 0.3034263551235199, 0.3032342195510864, 0.30278217792510986, 0.30227065086364746, 0.30223262310028076, 0.3017796576023102, 0.33126845955848694, 0.3305792510509491, 0.3293479084968567, 0.32923537492752075, 0.32939061522483826, 0.3278833031654358, 0.32751697301864624, 0.32741543650627136, 0.3270389139652252, 0.3276790976524353, 0.3264375329017639, 0.32732677459716797, 0.3306306004524231, 0.3258141279220581, 0.32624077796936035, 0.3256337642669678, 0.32623356580734253, 0.32530760765075684, 0.325208842754364, 0.32487189769744873, 0.32470008730888367, 0.3250979483127594, 0.3254595696926117, 0.3242562413215637, 0.32598328590393066, 0.32440024614334106, 0.3240596652030945, 0.32674503326416016, 0.32371756434440613, 0.32438233494758606, 0.3241206407546997, 0.3234594762325287, 0.3233649730682373, 0.32298702001571655, 0.32316815853118896, 0.32291996479034424, 0.32445788383483887, 0.3228497803211212, 0.3227000832557678, 0.32282403111457825, 0.3229568898677826, 0.3229447305202484, 0.3222073018550873, 0.3222696781158447, 0.3221832513809204, 0.32611244916915894, 0.3227531313896179, 0.3224129378795624, 0.3248918056488037, 0.3228908181190491, 0.32136020064353943, 0.3222189247608185, 0.3214484751224518, 0.32339680194854736, 0.32125377655029297, 0.32127001881599426, 0.3214779198169708, 0.3212149739265442, 0.32192716002464294, 0.3209410607814789, 0.3208470940589905, 0.3208298087120056, 0.32199427485466003, 0.3206719160079956, 0.321028470993042, 0.3212405741214752, 0.3211804926395416, 0.3206605613231659, 0.3244514465332031, 0.32180076837539673, 0.32043930888175964, 0.32131585478782654, 0.3219914734363556, 0.32050278782844543, 0.32057520747184753, 0.3208213448524475, 0.32416775822639465, 0.32051604986190796, 0.32067081332206726, 0.3202889561653137, 0.32024529576301575, 0.3202489912509918, 0.32006916403770447, 0.3212273120880127, 0.32040390372276306, 0.3203842043876648, 0.3199155628681183, 0.32082003355026245, 0.3202333450317383, 0.320146381855011, 0.32130810618400574, 0.32432079315185547, 0.319989949464798, 0.3238714337348938, 0.31992030143737793, 0.3207229971885681, 0.321294903755188, 0.3202837407588959, 0.3198320269584656, 0.32056960463523865, 0.3203948736190796, 0.3197180926799774, 0.3201320171356201, 0.3203272223472595, 0.32067543268203735, 0.32167449593544006, 0.32052963972091675, 0.32014429569244385, 0.3195880651473999, 0.31963446736335754, 0.3194645643234253, 0.32401371002197266, 0.3194814920425415, 0.31966474652290344, 0.31969836354255676, 0.32094910740852356, 0.3223317861557007, 0.319858580827713, 0.31935641169548035, 0.3195745646953583, 0.31996414065361023, 0.31926190853118896, 0.31932851672172546, 0.31940120458602905, 0.31922629475593567, 0.31941401958465576, 0.32114285230636597, 0.32376736402511597, 0.31916260719299316, 0.31920790672302246, 0.3199006915092468, 0.3191009759902954, 0.32074272632598877, 0.3193407356739044, 0.3210204243659973, 0.3191516399383545, 0.3237076699733734, 0.3200255334377289, 0.3194711208343506, 0.3191143274307251, 0.3238467276096344, 0.3191257417201996, 0.319597452878952, 0.31929612159729004, 0.31928715109825134, 0.32015740871429443, 0.31894463300704956, 0.31925830245018005, 0.3195086717605591, 0.3190820813179016, 0.3217315375804901, 0.3188347816467285, 0.3189160227775574, 0.3206045627593994, 0.31905627250671387, 0.32028815150260925, 0.3191467225551605, 0.31907910108566284, 0.3195825517177582, 0.3196796178817749]",2.0,"[33.0, 33.0, 33.0, 26.0, 13.0, 5.0, 4.0, 4.0, 3.0, 3.0, 3.0, 3.0, 3.0, 3.0, 3.0, 3.0, 3.0, 3.0, 3.0, 3.0, 3.0, 3.0, 3.0, 3.0, 3.0, 3.0, 3.0, 3.0, 3.0, 3.0, 3.0, 3.0, 3.0, 3.0, 3.0, 3.0, 3.0, 3.0, 3.0, 3.0, 3.0, 3.0, 3.0, 3.0, 3.0, 3.0, 3.0, 3.0, 3.0, 3.0, 2.0, 2.0, 2.0, 2.0, 2.0, 2.0, 2.0, 2.0, 2.0, 2.0, 2.0, 2.0, 2.0, 2.0, 2.0, 2.0, 2.0, 2.0, 2.0, 2.0, 2.0, 2.0, 2.0, 2.0, 2.0, 2.0, 2.0, 2.0, 2.0, 2.0, 2.0, 2.0, 2.0, 2.0, 2.0, 2.0, 2.0, 2.0, 2.0, 2.0, 2.0, 2.0, 2.0, 2.0, 2.0, 2.0, 2.0, 2.0, 2.0, 2.0, 2.0, 2.0, 2.0, 2.0, 2.0, 2.0, 2.0, 2.0, 2.0, 2.0, 2.0, 2.0, 2.0, 2.0, 2.0, 2.0, 2.0, 2.0, 2.0, 2.0, 2.0, 2.0, 2.0, 2.0, 2.0, 2.0, 2.0, 2.0, 2.0, 2.0, 2.0, 2.0, 2.0, 2.0, 2.0, 2.0, 2.0, 2.0, 2.0, 2.0, 2.0, 2.0, 2.0, 2.0, 2.0, 2.0, 2.0, 2.0, 2.0, 2.0, 2.0, 2.0, 2.0, 2.0, 2.0, 2.0, 2.0, 2.0, 2.0, 2.0, 2.0, 2.0, 2.0, 2.0, 2.0, 2.0, 2.0, 2.0, 2.0, 2.0, 2.0, 2.0, 2.0, 2.0, 2.0, 2.0, 2.0, 2.0, 2.0, 2.0, 2.0, 2.0, 2.0, 2.0, 2.0, 2.0, 2.0, 2.0, 2.0, 2.0, 2.0, 2.0, 2.0, 2.0, 2.0, 2.0, 2.0, 2.0, 2.0, 2.0, 2.0, 2.0, 2.0, 2.0, 2.0, 2.0, 2.0, 2.0, 2.0, 2.0]",COMPLETE
18,18,0.7418299390707319,2024-08-31 01:18:33.193954,2024-08-31 01:18:46.308804,0 days 00:00:13.114850,16,0.037802859910120314,3,105,0.5703318370355123,36,0.030498656502201973,0.874,0.86875,33,"[33, 33, 33, 33, 33, 33, 33, 33, 33, 33, 33, 33, 33, 33, 33, 33, 33, 33, 33, 33, 33, 33, 33, 33, 33, 33, 33, 33, 33, 33, 33, 33, 33, 33, 33, 33, 33, 33, 33, 33, 33, 33, 33, 33, 33, 33, 33, 33, 33, 33, 33, 33, 33, 33, 33, 33, 33, 33, 33, 33, 33, 33, 33, 33, 33, 33, 33, 33, 33, 33, 33, 33, 33, 33, 33, 33, 33, 33, 33, 33, 33, 33, 33, 33, 33, 33, 33, 33, 33, 33, 33, 33, 33, 33, 33, 33, 33, 33, 33, 33, 33, 33, 33, 33, 33]",32.96031746031746,"[32.98809523809524, 32.98015873015873, 32.98015873015873, 32.98015873015873, 32.992063492063494, 32.976190476190474, 32.98412698412699, 32.97619047619048, 32.97222222222222, 32.97222222222222, 32.964285714285715, 32.98015873015873, 32.992063492063494, 32.992063492063494, 32.98412698412699, 32.976190476190474, 32.97222222222222, 32.98809523809524, 32.98809523809524, 32.99603174603175, 32.98015873015873, 32.98412698412699, 32.98015873015873, 32.976190476190474, 32.976190476190474, 32.96825396825397, 32.96031746031746, 32.96031746031746, 32.976190476190474, 32.976190476190474, 32.976190476190474, 32.97619047619048, 32.976190476190474, 32.976190476190474, 32.980158730158735, 32.976190476190474, 32.98015873015873, 32.992063492063494, 32.98015873015873, 32.976190476190474, 32.976190476190474, 32.976190476190474, 32.976190476190474, 32.980158730158735, 32.976190476190474, 32.98412698412699, 32.98412698412699, 32.976190476190474, 32.98412698412699, 32.98412698412699, 32.976190476190474, 32.948412698412696, 32.964285714285715, 32.97222222222222, 32.980158730158735, 32.98809523809524, 32.98412698412699, 32.98412698412699, 32.96825396825397, 32.98809523809524, 32.976190476190474, 32.98412698412699, 32.976190476190474, 32.98412698412699, 32.98412698412699, 32.976190476190474, 32.95634920634921, 32.95634920634921, 32.964285714285715, 32.97222222222222, 32.976190476190474, 32.976190476190474, 32.976190476190474, 32.976190476190474, 32.97222222222222, 32.976190476190474, 32.97222222222222, 32.96825396825397, 32.96031746031746, 32.97222222222222, 32.96031746031746, 32.96825396825397, 32.97222222222222, 32.96825396825397, 32.964285714285715, 32.95238095238095, 32.96031746031746, 32.97222222222222, 32.964285714285715, 32.96031746031746, 32.96031746031746, 32.96031746031746, 32.96031746031746, 32.96825396825397, 32.964285714285715, 32.964285714285715, 32.97222222222222, 32.96825396825397, 32.980158730158735, 32.98015873015873, 32.97222222222222, 32.964285714285715, 32.96825396825397, 32.964285714285715, 32.96031746031746]",0.7733468737357475,0.7418299390707319,33,"[33, 33, 33, 33, 33, 33, 33, 33, 33, 33, 33, 33, 33, 33, 33, 33, 33, 33, 33, 33, 33, 33, 33, 33, 33, 33, 33, 33, 33, 33, 33, 33, 33, 33, 33, 33, 33, 33, 33, 33, 33, 33, 33, 33, 33, 33, 33, 33, 33, 33, 33, 33, 33, 33, 33, 33, 33, 33, 33, 33, 33, 33, 33, 33, 33, 33, 33, 33, 33, 33, 33, 33, 33, 33, 33, 33, 33, 33, 33, 33, 33, 33, 33, 33, 33, 33, 33, 33, 33, 33, 33, 33, 33, 33, 33, 33, 33, 33, 33, 33, 33, 33, 33, 33, 33]",105,"[0.5857959389686584, 0.5429787635803223, 0.5326111316680908, 0.5275352597236633, 0.524480402469635, 0.5217921733856201, 0.5193864703178406, 0.5171362161636353, 0.5150453448295593, 0.5130560994148254, 0.5111477375030518, 0.5093644857406616, 0.5077150464057922, 0.506033718585968, 0.5045056343078613, 0.5029772520065308, 0.5015398263931274, 0.5001690983772278, 0.4988439083099365, 0.4975600838661194, 0.4963637590408325, 0.4951501786708832, 0.49401527643203735, 0.4928850531578064, 0.49186238646507263, 0.49097275733947754, 0.48978614807128906, 0.48875758051872253, 0.48777419328689575, 0.4867250323295593, 0.485736608505249, 0.4847857356071472, 0.48385971784591675, 0.4829621911048889, 0.4820908010005951, 0.48114997148513794, 0.4803357720375061, 0.47955548763275146, 0.478861540555954, 0.47808048129081726, 0.47713765501976013, 0.47631385922431946, 0.4754972755908966, 0.4746972620487213, 0.473888635635376, 0.47317591309547424, 0.4723547399044037, 0.47163838148117065, 0.4709325432777405, 0.47026002407073975, 0.4695497453212738, 0.46882152557373047, 0.4680190980434418, 0.4673299491405487, 0.4666880667209625, 0.4660833775997162, 0.46533194184303284, 0.4645768105983734, 0.46386298537254333, 0.46307894587516785, 0.46236228942871094, 0.46167874336242676, 0.4610379934310913, 0.4604357182979584, 0.4598280191421509, 0.45918557047843933, 0.4584704637527466, 0.4578295946121216, 0.45708709955215454, 0.45642897486686707, 0.45579254627227783, 0.45520541071891785, 0.45461970567703247, 0.45398399233818054, 0.45328226685523987, 0.45265883207321167, 0.4519988000392914, 0.4513329267501831, 0.45070359110832214, 0.4501093626022339, 0.44953033328056335, 0.448944628238678, 0.44841599464416504, 0.44775891304016113, 0.4471692144870758, 0.44659191370010376, 0.4459626376628876, 0.4453931450843811, 0.44489315152168274, 0.44428780674934387, 0.44359585642814636, 0.4430065453052521, 0.4423646926879883, 0.4418087899684906, 0.4412716031074524, 0.44083184003829956, 0.4402148425579071, 0.439619243144989, 0.4390401542186737, 0.4384613335132599, 0.4379655420780182, 0.4373283088207245, 0.4368392527103424, 0.4362904727458954, 0.43574315309524536]",33.0,"[33.0, 33.0, 33.0, 33.0, 33.0, 33.0, 33.0, 33.0, 33.0, 33.0, 33.0, 33.0, 33.0, 33.0, 33.0, 33.0, 33.0, 33.0, 33.0, 33.0, 33.0, 33.0, 33.0, 33.0, 33.0, 33.0, 33.0, 33.0, 33.0, 33.0, 33.0, 33.0, 33.0, 33.0, 33.0, 33.0, 33.0, 33.0, 33.0, 33.0, 33.0, 33.0, 33.0, 33.0, 33.0, 33.0, 33.0, 33.0, 33.0, 33.0, 33.0, 33.0, 33.0, 33.0, 33.0, 33.0, 33.0, 33.0, 33.0, 33.0, 33.0, 33.0, 33.0, 33.0, 33.0, 33.0, 33.0, 33.0, 33.0, 33.0, 33.0, 33.0, 33.0, 33.0, 33.0, 33.0, 33.0, 33.0, 33.0, 33.0, 33.0, 33.0, 33.0, 33.0, 33.0, 33.0, 33.0, 33.0, 33.0, 33.0, 33.0, 33.0, 33.0, 33.0, 33.0, 33.0, 33.0, 33.0, 33.0, 33.0, 33.0, 33.0, 33.0, 33.0, 33.0]",COMPLETE
