,number,value,datetime_start,datetime_complete,duration,params_batch_size_scaler,params_constant_learning_rate,params_depth,params_epochs,params_kernel_l2,params_num_trees,params_temperature,user_attrs_accuracy_test,user_attrs_accuracy_valid,user_attrs_approximate_feature_sparsity,user_attrs_approximate_feature_sparsity_history,user_attrs_approximate_weight_sparsity,user_attrs_approximate_weight_sparsity_history,user_attrs_auc_test,user_attrs_auc_valid,user_attrs_feature_sparsity,user_attrs_feature_sparsity_history,user_attrs_num_epochs,user_attrs_val_loss_history,user_attrs_weight_sparsity,user_attrs_weight_sparsity_history,state
67,67,0.9186278677332509,2024-08-31 03:19:09.372939,2024-08-31 03:22:48.247764,0 days 00:03:38.874825,1,0.14133588077223863,3,380,0.008251774812306543,42,0.0010721930401171081,0.93,0.93125,32,"[33, 33, 33, 33, 33, 33, 33, 33, 33, 33, 33, 33, 33, 33, 33, 33, 33, 33, 33, 33, 33, 33, 33, 33, 33, 33, 33, 33, 33, 33, 33, 33, 33, 33, 33, 33, 33, 33, 33, 33, 33, 33, 33, 33, 33, 33, 33, 33, 33, 33, 33, 33, 33, 33, 33, 33, 33, 33, 33, 33, 33, 33, 33, 33, 33, 33, 33, 33, 33, 33, 33, 33, 33, 33, 33, 33, 33, 33, 33, 33, 33, 33, 33, 33, 33, 33, 33, 33, 33, 33, 33, 33, 33, 33, 33, 33, 33, 33, 33, 33, 33, 33, 33, 33, 33, 33, 33, 33, 33, 33, 33, 33, 33, 33, 33, 33, 33, 33, 33, 33, 33, 33, 33, 33, 33, 33, 33, 33, 33, 33, 33, 33, 33, 33, 33, 33, 33, 33, 33, 33, 33, 33, 33, 33, 33, 33, 33, 33, 33, 33, 33, 33, 33, 33, 33, 33, 33, 33, 33, 33, 33, 33, 33, 33, 33, 33, 33, 33, 33, 33, 33, 33, 33, 33, 33, 33, 33, 33, 33, 33, 33, 33, 33, 33, 33, 33, 33, 33, 33, 33, 33, 33, 33, 33, 33, 33, 33, 33, 33, 33, 33, 33, 33, 33, 33, 33, 33, 33, 33, 33, 33, 33, 33, 33, 33, 33, 33, 33, 33, 33, 33, 33, 33, 33, 33, 33, 33, 33, 33, 32, 32, 32, 32, 32, 32, 32, 32, 32, 32, 32, 32, 32, 32, 32, 32, 32, 32, 32, 32, 32, 32, 32, 32, 32, 32, 32, 32, 32, 32, 32, 32, 32, 32, 32, 32, 32, 32, 32, 32, 32, 32, 32, 32, 32, 32, 32, 32, 32, 32, 32, 32, 32, 32, 32, 32, 32, 32, 32, 32, 32, 32, 32, 32, 32, 32, 32, 32, 32, 32, 32, 32, 32, 32, 32, 32, 32, 32, 32, 32, 32, 32, 32, 32, 32, 32, 32, 32, 32, 32, 32, 32, 32, 32, 32, 32, 32, 32, 32, 32, 32, 32, 32, 32, 32, 32, 32, 32, 32, 32, 32, 32, 32, 32, 32, 32, 32, 32, 32, 32, 32, 32, 32, 32, 32, 32, 32, 32, 32, 32, 32, 32, 32, 32, 32, 32, 32, 32, 32, 32, 32, 32, 32, 32, 32, 32, 32, 32, 32, 32, 32]",31.959183673469386,"[32.976190476190474, 32.976190476190474, 32.96938775510204, 32.976190476190474, 32.976190476190474, 32.98639455782313, 32.97959183673469, 32.97278911564626, 32.982993197278915, 32.97278911564626, 32.976190476190474, 32.98639455782313, 32.97278911564626, 32.98299319727891, 32.982993197278915, 32.96938775510204, 32.98639455782313, 32.993197278911566, 32.98979591836735, 32.98639455782313, 32.97278911564626, 32.965986394557824, 32.97959183673469, 32.96938775510204, 32.97959183673469, 32.98639455782313, 32.97959183673469, 32.9795918367347, 32.98299319727891, 32.98979591836735, 32.98979591836735, 32.98979591836735, 32.97959183673469, 32.976190476190474, 32.976190476190474, 32.98299319727891, 32.98639455782313, 32.98979591836735, 32.98979591836735, 32.976190476190474, 32.98979591836735, 32.976190476190474, 32.97959183673469, 32.976190476190474, 32.98639455782313, 32.98979591836735, 32.98979591836735, 32.96258503401361, 32.965986394557824, 32.97959183673469, 32.96938775510204, 32.993197278911566, 32.96938775510204, 32.98299319727891, 32.993197278911566, 32.97278911564626, 32.98299319727891, 32.98299319727891, 32.98639455782313, 32.98639455782313, 32.98979591836735, 32.97959183673469, 32.982993197278915, 32.98979591836735, 32.98639455782313, 32.97959183673469, 32.97959183673469, 32.97959183673469, 32.97959183673469, 32.97959183673469, 32.96938775510204, 32.96938775510204, 32.97278911564626, 32.976190476190474, 32.976190476190474, 32.98639455782313, 32.98979591836735, 32.97959183673469, 32.993197278911566, 32.98639455782313, 32.982993197278915, 32.98639455782313, 32.96938775510204, 32.993197278911566, 32.98639455782313, 32.98639455782313, 32.9795918367347, 32.993197278911566, 32.98639455782313, 32.976190476190474, 32.9795918367347, 32.982993197278915, 32.98299319727891, 32.98639455782313, 32.98979591836735, 32.97959183673469, 32.96938775510204, 32.98299319727891, 32.96938775510204, 32.98639455782313, 32.993197278911566, 32.98979591836735, 32.993197278911566, 32.96938775510204, 32.97278911564626, 32.97959183673469, 32.97959183673469, 32.976190476190474, 32.965986394557824, 32.976190476190474, 32.97959183673469, 32.97959183673469, 32.98979591836735, 32.97278911564626, 32.97278911564626, 32.96258503401361, 32.96938775510204, 32.976190476190474, 32.96938775510204, 32.98299319727891, 32.97959183673469, 32.98299319727891, 32.96258503401361, 32.97278911564626, 32.98299319727891, 32.976190476190474, 32.9625850340136, 32.976190476190474, 32.97959183673469, 32.98299319727891, 32.97278911564626, 32.96938775510204, 32.96938775510204, 32.955782312925166, 32.9795918367347, 32.96598639455782, 32.96258503401361, 32.976190476190474, 32.96938775510204, 32.97959183673469, 32.96938775510204, 32.976190476190474, 32.97278911564626, 32.95918367346939, 32.96938775510204, 32.96258503401361, 32.9795918367347, 32.97278911564626, 32.965986394557824, 32.96938775510204, 32.965986394557824, 32.96938775510204, 32.98639455782313, 32.976190476190474, 32.9795918367347, 32.9625850340136, 32.965986394557824, 32.96938775510204, 32.9625850340136, 32.96258503401361, 32.97278911564626, 32.97278911564626, 32.95918367346938, 32.9795918367347, 32.96938775510204, 32.97959183673469, 32.97959183673469, 32.976190476190474, 32.98639455782313, 32.97278911564626, 32.96258503401361, 32.96938775510204, 32.96938775510204, 32.97959183673469, 32.976190476190474, 32.96938775510204, 32.97278911564626, 32.976190476190474, 32.976190476190474, 32.976190476190474, 32.97278911564626, 32.9795918367347, 32.9795918367347, 32.96938775510204, 32.976190476190474, 32.98299319727891, 32.97959183673469, 32.9795918367347, 32.98979591836735, 32.976190476190474, 32.97278911564626, 32.976190476190474, 32.976190476190474, 32.98639455782313, 32.97278911564626, 32.976190476190474, 32.97278911564626, 32.98639455782313, 32.98299319727891, 32.98639455782313, 32.98299319727891, 32.9795918367347, 32.98979591836735, 32.9795918367347, 32.97278911564626, 32.98299319727891, 32.9625850340136, 32.96938775510204, 32.97959183673469, 32.976190476190474, 32.97278911564626, 32.982993197278915, 32.976190476190474, 32.96938775510204, 32.96938775510204, 32.96938775510204, 32.97278911564626, 32.96938775510204, 32.97278911564626, 32.965986394557824, 32.976190476190474, 32.96938775510204, 32.965986394557824, 32.955782312925166, 32.96938775510204, 32.96258503401361, 32.95238095238095, 32.95918367346938, 32.965986394557824, 31.98639455782313, 31.972789115646258, 31.972789115646258, 31.965986394557824, 31.972789115646258, 31.976190476190474, 31.96938775510204, 31.972789115646258, 31.965986394557824, 31.96938775510204, 31.965986394557824, 31.97959183673469, 31.962585034013603, 31.976190476190474, 31.976190476190474, 31.959183673469386, 31.976190476190474, 31.972789115646258, 31.97959183673469, 31.98299319727891, 31.982993197278912, 31.993197278911566, 31.98639455782313, 31.98639455782313, 31.982993197278912, 31.98639455782313, 31.98979591836735, 31.98979591836735, 31.993197278911566, 31.993197278911566, 31.97959183673469, 31.98299319727891, 31.972789115646258, 31.972789115646258, 31.98639455782313, 31.972789115646258, 31.976190476190474, 31.97959183673469, 31.972789115646258, 31.97959183673469, 31.97959183673469, 31.972789115646258, 31.972789115646258, 31.972789115646258, 31.976190476190474, 31.972789115646258, 31.976190476190474, 31.976190476190474, 31.976190476190474, 31.976190476190474, 31.976190476190474, 31.972789115646258, 31.976190476190474, 31.972789115646258, 31.976190476190474, 31.98639455782313, 31.98299319727891, 31.98639455782313, 31.98299319727891, 31.98639455782313, 31.993197278911566, 31.976190476190474, 31.97959183673469, 31.97959183673469, 31.98299319727891, 31.986394557823132, 31.98979591836735, 31.98639455782313, 31.979591836734695, 31.96938775510204, 31.98639455782313, 31.972789115646258, 31.98639455782313, 31.97959183673469, 31.97959183673469, 31.965986394557824, 31.976190476190474, 31.972789115646258, 31.972789115646258, 31.965986394557824, 31.976190476190474, 31.96938775510204, 31.976190476190474, 31.972789115646258, 31.976190476190474, 31.972789115646258, 31.96938775510204, 31.972789115646258, 31.965986394557824, 31.972789115646258, 31.96938775510204, 31.96938775510204, 31.96938775510204, 31.976190476190474, 31.982993197278912, 31.96938775510204, 31.976190476190474, 31.972789115646258, 31.965986394557824, 31.98299319727891, 31.976190476190474, 31.98299319727891, 31.98299319727891, 31.98299319727891, 31.98299319727891, 31.97959183673469, 31.96938775510204, 31.976190476190474, 31.96938775510204, 31.97959183673469, 31.96938775510204, 31.962585034013607, 31.965986394557824, 31.955782312925166, 31.976190476190474, 31.96938775510204, 31.97959183673469, 31.976190476190474, 31.962585034013603, 31.972789115646258, 31.976190476190474, 31.98299319727891, 31.98979591836735, 31.972789115646258, 31.97959183673469, 31.97959183673469, 31.97959183673469, 31.972789115646258, 31.96598639455782, 31.96938775510204, 31.972789115646258, 31.972789115646258, 31.965986394557824, 31.96938775510204, 31.96598639455782, 31.96938775510204, 31.972789115646258, 31.96938775510204, 31.98299319727891, 31.98639455782313, 31.976190476190474, 31.97959183673469, 31.972789115646258, 31.965986394557824, 31.96938775510204, 31.972789115646258, 31.96938775510204, 31.972789115646258, 31.965986394557824, 31.95578231292517, 31.959183673469386]",0.8998092784781908,0.9186278677332509,32,"[33, 33, 33, 33, 33, 33, 33, 33, 33, 33, 33, 33, 33, 33, 33, 33, 33, 33, 33, 33, 33, 33, 33, 33, 33, 33, 33, 33, 33, 33, 33, 33, 33, 33, 33, 33, 33, 33, 33, 33, 33, 33, 33, 33, 33, 33, 33, 33, 33, 33, 33, 33, 33, 33, 33, 33, 33, 33, 33, 33, 33, 33, 33, 33, 33, 33, 33, 33, 33, 33, 33, 33, 33, 33, 33, 33, 33, 33, 33, 33, 33, 33, 33, 33, 33, 33, 33, 33, 33, 33, 33, 33, 33, 33, 33, 33, 33, 33, 33, 33, 33, 33, 33, 33, 33, 33, 33, 33, 33, 33, 33, 33, 33, 33, 33, 33, 33, 33, 33, 33, 33, 33, 33, 33, 33, 33, 33, 33, 33, 33, 33, 33, 33, 33, 33, 33, 33, 33, 33, 33, 33, 33, 33, 33, 33, 33, 33, 33, 33, 33, 33, 33, 33, 33, 33, 33, 33, 33, 33, 33, 33, 33, 33, 33, 33, 33, 33, 33, 33, 33, 33, 33, 33, 33, 33, 33, 33, 33, 33, 33, 33, 33, 33, 33, 33, 33, 33, 33, 33, 33, 33, 33, 33, 33, 33, 33, 33, 33, 33, 33, 33, 33, 33, 33, 33, 33, 33, 33, 33, 33, 33, 33, 33, 33, 33, 33, 33, 33, 33, 33, 33, 33, 33, 33, 33, 33, 33, 33, 33, 32, 32, 32, 32, 32, 32, 32, 32, 32, 32, 32, 32, 32, 32, 32, 32, 32, 32, 32, 32, 32, 32, 32, 32, 32, 32, 32, 32, 32, 32, 32, 32, 32, 32, 32, 32, 32, 32, 32, 32, 32, 32, 32, 32, 32, 32, 32, 32, 32, 32, 32, 32, 32, 32, 32, 32, 32, 32, 32, 32, 32, 32, 32, 32, 32, 32, 32, 32, 32, 32, 32, 32, 32, 32, 32, 32, 32, 32, 32, 32, 32, 32, 32, 32, 32, 32, 32, 32, 32, 32, 32, 32, 32, 32, 32, 32, 32, 32, 32, 32, 32, 32, 32, 32, 32, 32, 32, 32, 32, 32, 32, 32, 32, 32, 32, 32, 32, 32, 32, 32, 32, 32, 32, 32, 32, 32, 32, 32, 32, 32, 32, 32, 32, 32, 32, 32, 32, 32, 32, 32, 32, 32, 32, 32, 32, 32, 32, 32, 32, 32, 32]",380,"[0.3630284368991852, 0.34597450494766235, 0.32929256558418274, 0.31460443139076233, 0.2994575798511505, 0.2837817072868347, 0.26454654335975647, 0.25612208247184753, 0.24965260922908783, 0.2419077754020691, 0.24162501096725464, 0.23588600754737854, 0.22633159160614014, 0.22203314304351807, 0.2248351275920868, 0.2136983871459961, 0.21086421608924866, 0.20839281380176544, 0.2062198668718338, 0.20092403888702393, 0.20218244194984436, 0.20317195355892181, 0.19710670411586761, 0.1998937726020813, 0.1953631341457367, 0.20370487868785858, 0.19298875331878662, 0.19745416939258575, 0.1906195878982544, 0.19345180690288544, 0.18582099676132202, 0.20284916460514069, 0.18939392268657684, 0.18908774852752686, 0.18811872601509094, 0.1874476820230484, 0.19106508791446686, 0.18563473224639893, 0.19160127639770508, 0.19081886112689972, 0.18542884290218353, 0.18883930146694183, 0.1945762187242508, 0.1946466863155365, 0.18312323093414307, 0.1875886470079422, 0.18408021330833435, 0.17996574938297272, 0.17943094670772552, 0.1782606542110443, 0.18606531620025635, 0.18726390600204468, 0.18523433804512024, 0.1852302998304367, 0.19638504087924957, 0.17880260944366455, 0.1788506954908371, 0.18608003854751587, 0.18510600924491882, 0.18254223465919495, 0.18938492238521576, 0.1836419701576233, 0.1873127520084381, 0.18200531601905823, 0.18515361845493317, 0.18244363367557526, 0.1853799968957901, 0.17862699925899506, 0.1862746775150299, 0.20327726006507874, 0.19104595482349396, 0.1869271993637085, 0.1908302903175354, 0.18943233788013458, 0.19149459898471832, 0.19103626906871796, 0.18124349415302277, 0.1891111433506012, 0.19405996799468994, 0.20268367230892181, 0.18876491487026215, 0.18820367753505707, 0.19161564111709595, 0.19685514271259308, 0.1946747601032257, 0.19882327318191528, 0.19261331856250763, 0.20044170320034027, 0.20066002011299133, 0.19488796591758728, 0.19800622761249542, 0.19475705921649933, 0.19663898646831512, 0.19428278505802155, 0.19948595762252808, 0.1943885087966919, 0.2010120451450348, 0.20006342232227325, 0.19963650405406952, 0.22302144765853882, 0.19475921988487244, 0.20207934081554413, 0.1957259178161621, 0.20775830745697021, 0.21563225984573364, 0.1977851688861847, 0.21080343425273895, 0.2036701738834381, 0.2049446851015091, 0.2029702514410019, 0.2063889354467392, 0.20139247179031372, 0.20527847111225128, 0.2038709819316864, 0.21273952722549438, 0.20714101195335388, 0.20888391137123108, 0.21328939497470856, 0.20750346779823303, 0.21203871071338654, 0.2156890332698822, 0.21616536378860474, 0.23104147613048553, 0.22151653468608856, 0.21376213431358337, 0.22516103088855743, 0.21683181822299957, 0.2256348431110382, 0.21972975134849548, 0.22566992044448853, 0.22287152707576752, 0.2362470030784607, 0.21956287324428558, 0.21802595257759094, 0.2202717363834381, 0.23278795182704926, 0.2270035743713379, 0.23039183020591736, 0.22187986969947815, 0.22849291563034058, 0.2312970608472824, 0.2381138801574707, 0.23569291830062866, 0.2337113320827484, 0.23179219663143158, 0.23504209518432617, 0.24002531170845032, 0.234282985329628, 0.24318642914295197, 0.2450227588415146, 0.24150168895721436, 0.2386324554681778, 0.24583153426647186, 0.24112877249717712, 0.23598724603652954, 0.2413214147090912, 0.24387916922569275, 0.24385379254817963, 0.2447790950536728, 0.25120866298675537, 0.24551038444042206, 0.24265266954898834, 0.2463928759098053, 0.2553182542324066, 0.24687209725379944, 0.24824045598506927, 0.24848788976669312, 0.24830864369869232, 0.25266358256340027, 0.2571792006492615, 0.2582358121871948, 0.2505289316177368, 0.25656363368034363, 0.25163933634757996, 0.2536552846431732, 0.2557317316532135, 0.25425395369529724, 0.2621665596961975, 0.25956204533576965, 0.25612303614616394, 0.25583603978157043, 0.260560005903244, 0.2633100152015686, 0.2619473338127136, 0.2702716290950775, 0.2671939432621002, 0.27098557353019714, 0.2644292116165161, 0.2679803967475891, 0.2699289321899414, 0.26779934763908386, 0.2679091691970825, 0.27006280422210693, 0.27299708127975464, 0.270704060792923, 0.26912373304367065, 0.27515271306037903, 0.268937885761261, 0.27247393131256104, 0.2719675302505493, 0.27752798795700073, 0.2725355625152588, 0.27606043219566345, 0.2778901159763336, 0.2750548720359802, 0.27523377537727356, 0.2792454659938812, 0.286369264125824, 0.28379544615745544, 0.279747873544693, 0.28127583861351013, 0.28100693225860596, 0.28287678956985474, 0.2845655381679535, 0.28596794605255127, 0.288398802280426, 0.2839322090148926, 0.288932740688324, 0.2897837162017822, 0.28736960887908936, 0.2882281541824341, 0.29331791400909424, 0.29022330045700073, 0.2876046895980835, 0.28745004534721375, 0.29583004117012024, 0.290338397026062, 0.2924445867538452, 0.29401636123657227, 0.2934940457344055, 0.29338908195495605, 0.29734426736831665, 0.2954738736152649, 0.29573243856430054, 0.2993241250514984, 0.3009416460990906, 0.2985383868217468, 0.300661563873291, 0.3002831041812897, 0.3023093044757843, 0.3014447093009949, 0.30127525329589844, 0.3042311370372772, 0.3038822114467621, 0.3057652711868286, 0.3021923899650574, 0.30321672558784485, 0.30531206727027893, 0.30714482069015503, 0.3055538237094879, 0.30686795711517334, 0.30904456973075867, 0.3083246350288391, 0.30827054381370544, 0.30962416529655457, 0.30941057205200195, 0.3100699186325073, 0.31150224804878235, 0.3113926649093628, 0.3134933114051819, 0.3160187900066376, 0.31499436497688293, 0.31268662214279175, 0.3130040168762207, 0.3172154426574707, 0.3154110014438629, 0.3161325752735138, 0.3186147212982178, 0.3193507790565491, 0.3200025260448456, 0.31968891620635986, 0.32070228457450867, 0.3179919123649597, 0.32028117775917053, 0.32059401273727417, 0.3199741840362549, 0.3177052438259125, 0.3173876106739044, 0.32208648324012756, 0.3196200430393219, 0.3215688467025757, 0.3223390281200409, 0.32534652948379517, 0.32164257764816284, 0.32121631503105164, 0.32209545373916626, 0.32236286997795105, 0.32725295424461365, 0.3261851966381073, 0.3264695405960083, 0.32486769556999207, 0.32705140113830566, 0.3274073004722595, 0.3282473087310791, 0.3304714858531952, 0.32822591066360474, 0.32618701457977295, 0.32826176285743713, 0.3281635046005249, 0.32805126905441284, 0.3282497525215149, 0.3317953050136566, 0.32984980940818787, 0.33081939816474915, 0.33209389448165894, 0.33003222942352295, 0.3348391652107239, 0.3316337466239929, 0.33446380496025085, 0.33436352014541626, 0.3357656002044678, 0.33537739515304565, 0.33832287788391113, 0.3359932005405426, 0.3354908227920532, 0.33499258756637573, 0.3368605673313141, 0.3362828195095062, 0.3351786732673645, 0.33605140447616577, 0.3385286033153534, 0.3382672965526581, 0.33685559034347534, 0.34037360548973083, 0.3387344479560852, 0.3392576575279236, 0.34051626920700073, 0.33940133452415466, 0.33911052346229553, 0.340379536151886, 0.344460129737854, 0.3403159976005554, 0.34066832065582275, 0.34221816062927246, 0.341797411441803, 0.3413408398628235, 0.3439851701259613, 0.34207749366760254, 0.3432539403438568, 0.34258270263671875, 0.3432691693305969, 0.34638118743896484, 0.34684401750564575, 0.34429028630256653, 0.3445613980293274, 0.34407055377960205, 0.3454311490058899, 0.3473046123981476, 0.3462701737880707, 0.3470670282840729, 0.34693673253059387, 0.345887690782547, 0.34936487674713135, 0.3486243784427643, 0.3479466736316681, 0.3469909727573395, 0.3478078842163086, 0.3467835485935211, 0.3495766520500183, 0.3496897220611572, 0.3495734930038452, 0.3521680533885956, 0.3494838774204254, 0.3502250015735626, 0.3518516421318054, 0.3508709669113159, 0.3487575054168701, 0.3511084318161011, 0.350884348154068, 0.35305678844451904, 0.3520446717739105, 0.35162803530693054, 0.3509742021560669, 0.35267871618270874, 0.3532558083534241, 0.35120388865470886, 0.3553941249847412, 0.3530336022377014, 0.35229188203811646, 0.35384640097618103]",32.0,"[33.0, 33.0, 33.0, 33.0, 33.0, 33.0, 33.0, 33.0, 33.0, 33.0, 33.0, 33.0, 33.0, 33.0, 33.0, 33.0, 33.0, 33.0, 33.0, 33.0, 33.0, 33.0, 33.0, 33.0, 33.0, 33.0, 33.0, 33.0, 33.0, 33.0, 33.0, 33.0, 33.0, 33.0, 33.0, 33.0, 33.0, 33.0, 33.0, 33.0, 33.0, 33.0, 33.0, 33.0, 33.0, 33.0, 33.0, 33.0, 33.0, 33.0, 33.0, 33.0, 33.0, 33.0, 33.0, 33.0, 33.0, 33.0, 33.0, 33.0, 33.0, 33.0, 33.0, 33.0, 33.0, 33.0, 33.0, 33.0, 33.0, 33.0, 33.0, 33.0, 33.0, 33.0, 33.0, 33.0, 33.0, 33.0, 33.0, 33.0, 33.0, 33.0, 33.0, 33.0, 33.0, 33.0, 33.0, 33.0, 33.0, 33.0, 33.0, 33.0, 33.0, 33.0, 33.0, 33.0, 33.0, 33.0, 33.0, 33.0, 33.0, 33.0, 33.0, 33.0, 33.0, 33.0, 33.0, 33.0, 33.0, 33.0, 33.0, 33.0, 33.0, 33.0, 33.0, 33.0, 33.0, 33.0, 33.0, 33.0, 33.0, 33.0, 33.0, 33.0, 33.0, 33.0, 33.0, 33.0, 33.0, 33.0, 33.0, 33.0, 33.0, 33.0, 33.0, 33.0, 33.0, 33.0, 33.0, 33.0, 33.0, 33.0, 33.0, 33.0, 33.0, 33.0, 33.0, 33.0, 33.0, 33.0, 33.0, 33.0, 33.0, 33.0, 33.0, 33.0, 33.0, 33.0, 33.0, 33.0, 33.0, 33.0, 33.0, 33.0, 33.0, 33.0, 33.0, 33.0, 33.0, 33.0, 33.0, 33.0, 33.0, 33.0, 33.0, 33.0, 33.0, 33.0, 33.0, 33.0, 33.0, 33.0, 33.0, 33.0, 33.0, 33.0, 33.0, 33.0, 33.0, 33.0, 33.0, 33.0, 33.0, 33.0, 33.0, 33.0, 33.0, 33.0, 33.0, 33.0, 33.0, 33.0, 33.0, 33.0, 33.0, 33.0, 33.0, 33.0, 33.0, 33.0, 33.0, 33.0, 33.0, 33.0, 33.0, 33.0, 33.0, 33.0, 33.0, 33.0, 33.0, 33.0, 33.0, 33.0, 33.0, 33.0, 33.0, 33.0, 33.0, 32.0, 32.0, 32.0, 32.0, 32.0, 32.0, 32.0, 32.0, 32.0, 32.0, 32.0, 32.0, 32.0, 32.0, 32.0, 32.0, 32.0, 32.0, 32.0, 32.0, 32.0, 32.0, 32.0, 32.0, 32.0, 32.0, 32.0, 32.0, 32.0, 32.0, 32.0, 32.0, 32.0, 32.0, 32.0, 32.0, 32.0, 32.0, 32.0, 32.0, 32.0, 32.0, 32.0, 32.0, 32.0, 32.0, 32.0, 32.0, 32.0, 32.0, 32.0, 32.0, 32.0, 32.0, 32.0, 32.0, 32.0, 32.0, 32.0, 32.0, 32.0, 32.0, 32.0, 32.0, 32.0, 32.0, 32.0, 32.0, 32.0, 32.0, 32.0, 32.0, 32.0, 32.0, 32.0, 32.0, 32.0, 32.0, 32.0, 32.0, 32.0, 32.0, 32.0, 32.0, 32.0, 32.0, 32.0, 32.0, 32.0, 32.0, 32.0, 32.0, 32.0, 32.0, 32.0, 32.0, 32.0, 32.0, 32.0, 32.0, 32.0, 32.0, 32.0, 32.0, 32.0, 32.0, 32.0, 32.0, 32.0, 32.0, 32.0, 32.0, 32.0, 32.0, 32.0, 32.0, 32.0, 32.0, 32.0, 32.0, 32.0, 32.0, 32.0, 32.0, 32.0, 32.0, 32.0, 32.0, 32.0, 32.0, 32.0, 32.0, 32.0, 32.0, 32.0, 32.0, 32.0, 32.0, 32.0, 32.0, 32.0, 32.0, 32.0, 32.0, 32.0, 32.0, 32.0, 32.0, 32.0, 32.0, 32.0]",COMPLETE
