,number,value,datetime_start,datetime_complete,duration,params_batch_size_scaler,params_constant_learning_rate,params_depth,params_epochs,params_kernel_l2,params_num_trees,params_temperature,user_attrs_accuracy_test,user_attrs_accuracy_valid,user_attrs_approximate_feature_sparsity,user_attrs_approximate_feature_sparsity_history,user_attrs_approximate_weight_sparsity,user_attrs_approximate_weight_sparsity_history,user_attrs_auc_test,user_attrs_auc_valid,user_attrs_feature_sparsity,user_attrs_feature_sparsity_history,user_attrs_num_epochs,user_attrs_val_loss_history,user_attrs_weight_sparsity,user_attrs_weight_sparsity_history,state
92,92,0.7645528203939149,2024-08-31 04:17:32.372900,2024-08-31 04:19:06.054345,0 days 00:01:33.681445,16,0.06473680762578106,5,205,0.003039628425862304,67,0.0026753842353608843,0.881,0.8775,33,"[33, 33, 33, 33, 33, 33, 33, 33, 33, 33, 33, 33, 33, 33, 33, 33, 33, 33, 33, 33, 33, 33, 33, 33, 33, 33, 33, 33, 33, 33, 33, 33, 33, 33, 33, 33, 33, 33, 33, 33, 33, 33, 33, 33, 33, 33, 33, 33, 33, 33, 33, 33, 33, 33, 33, 33, 33, 33, 33, 33, 33, 33, 33, 33, 33, 33, 33, 33, 33, 33, 33, 33, 33, 33, 33, 33, 33, 33, 33, 33, 33, 33, 33, 33, 33, 33, 33, 33, 33, 33, 33, 33, 33, 33, 33, 33, 33, 33, 33, 33, 33, 33, 33, 33, 33, 33, 33, 33, 33, 33, 33, 33, 33, 33, 33, 33, 33, 33, 33, 33, 33, 33, 33, 33, 33, 33, 33, 33, 33, 33, 33, 33, 33, 33, 33, 33, 33, 33, 33, 33, 33, 33, 33, 33, 33, 33, 33, 33, 33, 33, 33, 33, 33, 33, 33, 33, 33, 33, 33, 33, 33, 33, 33, 33, 33, 33, 33, 33, 33, 33, 33, 33, 33, 33, 33, 33, 33, 33, 33, 33, 33, 33, 33, 33, 33, 33, 33, 33, 33, 33, 33, 33, 33, 33, 33, 33, 33, 33, 33, 33, 33, 33, 33, 33, 33]",32.92874337987482,"[32.93740972556572, 32.942224362060664, 32.940298507462686, 32.93981704381319, 32.933558016369766, 32.93211362542128, 32.9301877708233, 32.9301877708233, 32.935002407318244, 32.93500240731825, 32.928261916225324, 32.93837265286471, 32.92922484352431, 32.93211362542128, 32.93163216177179, 32.9301877708233, 32.931150698122295, 32.93211362542128, 32.92441020702937, 32.93259508907077, 32.93452094366875, 32.933558016369766, 32.93403948001926, 32.92922484352431, 32.926336061627346, 32.93211362542128, 32.933558016369766, 32.935483870967744, 32.93837265286471, 32.93644679826673, 32.93403948001926, 32.93692826191622, 32.93692826191622, 32.93403948001926, 32.93307655272027, 32.93403948001926, 32.933076552720266, 32.93211362542128, 32.93452094366875, 32.933558016369766, 32.93452094366875, 32.93740972556572, 32.9393355801637, 32.93837265286471, 32.93500240731825, 32.93211362542128, 32.931150698122295, 32.9301877708233, 32.9301877708233, 32.930669234472795, 32.93644679826673, 32.933558016369766, 32.93259508907078, 32.93933558016369, 32.93692826191622, 32.933076552720266, 32.933558016369766, 32.93692826191622, 32.93403948001926, 32.933558016369766, 32.93259508907078, 32.935483870967744, 32.93596533461724, 32.93403948001926, 32.93259508907077, 32.930669234472795, 32.93211362542128, 32.9301877708233, 32.92489167067886, 32.9220028887819, 32.92489167067886, 32.928261916225324, 32.92874337987482, 32.931150698122295, 32.93163216177179, 32.92970630717381, 32.93452094366875, 32.9301877708233, 32.933558016369766, 32.93211362542128, 32.92970630717381, 32.931150698122295, 32.93259508907077, 32.935483870967744, 32.933076552720266, 32.931150698122295, 32.93211362542128, 32.93259508907077, 32.93403948001926, 32.93596533461724, 32.93596533461724, 32.93596533461724, 32.93596533461724, 32.92922484352432, 32.92778045257583, 32.928261916225324, 32.92970630717381, 32.9301877708233, 32.92922484352432, 32.93163216177179, 32.9301877708233, 32.928261916225324, 32.9301877708233, 32.92585459797785, 32.926336061627346, 32.93211362542128, 32.935002407318244, 32.931150698122295, 32.93259508907078, 32.93307655272027, 32.93259508907077, 32.93259508907077, 32.92922484352432, 32.9301877708233, 32.933558016369766, 32.93452094366875, 32.931150698122295, 32.933076552720266, 32.93403948001926, 32.93259508907077, 32.93211362542128, 32.93307655272027, 32.93259508907077, 32.93403948001926, 32.933558016369766, 32.92922484352432, 32.93259508907078, 32.92922484352432, 32.93307655272027, 32.93259508907077, 32.935002407318244, 32.93163216177179, 32.9301877708233, 32.93163216177179, 32.933076552720266, 32.93452094366875, 32.93307655272027, 32.933076552720266, 32.933076552720266, 32.933558016369766, 32.93403948001926, 32.93259508907078, 32.933076552720266, 32.93596533461724, 32.93452094366875, 32.930669234472795, 32.93452094366875, 32.93981704381319, 32.93740972556572, 32.933558016369766, 32.93596533461724, 32.93403948001926, 32.93163216177178, 32.92681752527684, 32.92537313432836, 32.92778045257583, 32.93307655272027, 32.93307655272027, 32.93452094366876, 32.93211362542128, 32.9301877708233, 32.928743379874824, 32.926336061627346, 32.92681752527684, 32.926336061627346, 32.92922484352431, 32.93163216177179, 32.93452094366875, 32.93259508907077, 32.93211362542128, 32.928261916225324, 32.9301877708233, 32.928261916225324, 32.92681752527684, 32.92537313432836, 32.92537313432836, 32.92585459797785, 32.92778045257583, 32.928261916225324, 32.92970630717381, 32.928261916225324, 32.92489167067887, 32.92970630717381, 32.928261916225324, 32.92729898892634, 32.926817525276846, 32.926336061627346, 32.92296581608089, 32.926336061627346, 32.926817525276846, 32.92778045257583, 32.92681752527684, 32.92489167067887, 32.926336061627346, 32.92537313432836, 32.92537313432836, 32.92248435243139, 32.923928743379875, 32.92441020702937, 32.92729898892633, 32.92922484352432, 32.9301877708233, 32.928261916225324, 32.92681752527684, 32.92874337987482]",0.7952344388576524,0.7645528203939149,33,"[33, 33, 33, 33, 33, 33, 33, 33, 33, 33, 33, 33, 33, 33, 33, 33, 33, 33, 33, 33, 33, 33, 33, 33, 33, 33, 33, 33, 33, 33, 33, 33, 33, 33, 33, 33, 33, 33, 33, 33, 33, 33, 33, 33, 33, 33, 33, 33, 33, 33, 33, 33, 33, 33, 33, 33, 33, 33, 33, 33, 33, 33, 33, 33, 33, 33, 33, 33, 33, 33, 33, 33, 33, 33, 33, 33, 33, 33, 33, 33, 33, 33, 33, 33, 33, 33, 33, 33, 33, 33, 33, 33, 33, 33, 33, 33, 33, 33, 33, 33, 33, 33, 33, 33, 33, 33, 33, 33, 33, 33, 33, 33, 33, 33, 33, 33, 33, 33, 33, 33, 33, 33, 33, 33, 33, 33, 33, 33, 33, 33, 33, 33, 33, 33, 33, 33, 33, 33, 33, 33, 33, 33, 33, 33, 33, 33, 33, 33, 33, 33, 33, 33, 33, 33, 33, 33, 33, 33, 33, 33, 33, 33, 33, 33, 33, 33, 33, 33, 33, 33, 33, 33, 33, 33, 33, 33, 33, 33, 33, 33, 33, 33, 33, 33, 33, 33, 33, 33, 33, 33, 33, 33, 33, 33, 33, 33, 33, 33, 33, 33, 33, 33, 33, 33, 33]",205,"[0.4209536612033844, 0.4083482027053833, 0.4037523567676544, 0.40099331736564636, 0.39908549189567566, 0.39732468128204346, 0.3957960903644562, 0.3944036066532135, 0.3930419981479645, 0.39179354906082153, 0.390625536441803, 0.38947558403015137, 0.388366162776947, 0.3873597979545593, 0.38637131452560425, 0.385484516620636, 0.3846108913421631, 0.3838236629962921, 0.3830806016921997, 0.38230660557746887, 0.38157641887664795, 0.3808895945549011, 0.3802154064178467, 0.37962573766708374, 0.3790229856967926, 0.37846124172210693, 0.3779325783252716, 0.37740665674209595, 0.3768996000289917, 0.37639784812927246, 0.3759232759475708, 0.37547558546066284, 0.3750404715538025, 0.3746572434902191, 0.3742876946926117, 0.3738628625869751, 0.3735048770904541, 0.37312954664230347, 0.3727481961250305, 0.3723921477794647, 0.3720642328262329, 0.3717448115348816, 0.3713911771774292, 0.37101882696151733, 0.3707646429538727, 0.3704729378223419, 0.37014779448509216, 0.36985287070274353, 0.36959025263786316, 0.3693101108074188, 0.36906373500823975, 0.36882755160331726, 0.3685581684112549, 0.36827683448791504, 0.3680229187011719, 0.3677811920642853, 0.36752307415008545, 0.36727437376976013, 0.3670042157173157, 0.36674240231513977, 0.36651861667633057, 0.36629387736320496, 0.3660435378551483, 0.3658292293548584, 0.3655707836151123, 0.3653593063354492, 0.3651324510574341, 0.3649402856826782, 0.3647759258747101, 0.3645358979701996, 0.36424052715301514, 0.36404839158058167, 0.3638041615486145, 0.3636314868927002, 0.3634338080883026, 0.3632468283176422, 0.362995982170105, 0.3628140985965729, 0.362557053565979, 0.3623583912849426, 0.3621792197227478, 0.36198684573173523, 0.3617081940174103, 0.36146897077560425, 0.36126473546028137, 0.3610343635082245, 0.36077404022216797, 0.3606002926826477, 0.3603442311286926, 0.36014214158058167, 0.3599049746990204, 0.35969507694244385, 0.3594948649406433, 0.359281450510025, 0.3590974509716034, 0.3588363528251648, 0.35862863063812256, 0.3584124743938446, 0.3582841455936432, 0.3580280542373657, 0.357835590839386, 0.35764166712760925, 0.3574361801147461, 0.3572028875350952, 0.35701194405555725, 0.35687729716300964, 0.35665759444236755, 0.3564084768295288, 0.3562684655189514, 0.3560420870780945, 0.3558329641819, 0.3556390404701233, 0.3554653823375702, 0.3552687466144562, 0.3550480902194977, 0.3548849821090698, 0.35472092032432556, 0.35455191135406494, 0.3543444871902466, 0.354178249835968, 0.35396113991737366, 0.35378649830818176, 0.35362476110458374, 0.3533884286880493, 0.3531900644302368, 0.35298678278923035, 0.352792352437973, 0.35258638858795166, 0.3524063229560852, 0.3522110879421234, 0.35197484493255615, 0.3518083691596985, 0.35156989097595215, 0.35138434171676636, 0.3512084186077118, 0.3509838879108429, 0.35082244873046875, 0.3506346642971039, 0.350391149520874, 0.35020238161087036, 0.34999993443489075, 0.3497929871082306, 0.3495424687862396, 0.34938162565231323, 0.34920191764831543, 0.34897923469543457, 0.34874793887138367, 0.3485426604747772, 0.3483976423740387, 0.3482304811477661, 0.3480616509914398, 0.3478686809539795, 0.3476635813713074, 0.34747058153152466, 0.3472510278224945, 0.3470683991909027, 0.34690582752227783, 0.346683531999588, 0.3465726971626282, 0.34635451436042786, 0.3461456298828125, 0.34596797823905945, 0.3458305299282074, 0.3455987274646759, 0.3454168438911438, 0.3452478051185608, 0.3449741303920746, 0.3448478579521179, 0.3446194529533386, 0.34444499015808105, 0.34418755769729614, 0.34401577711105347, 0.3438209593296051, 0.34363487362861633, 0.3434569537639618, 0.3432421386241913, 0.34305286407470703, 0.34280678629875183, 0.3426234722137451, 0.3424261808395386, 0.34227943420410156, 0.3420785069465637, 0.3419266641139984, 0.3417089581489563, 0.34152209758758545, 0.34133052825927734, 0.3411465585231781, 0.34102967381477356, 0.34077975153923035, 0.34055596590042114, 0.3403635323047638, 0.3401927053928375, 0.3400340676307678, 0.33982375264167786, 0.3397051990032196, 0.3394709825515747, 0.33918997645378113, 0.33900707960128784, 0.33882609009742737, 0.3386666774749756, 0.33854538202285767, 0.3383147418498993, 0.3381180465221405, 0.3379068672657013, 0.337726354598999]",33.0,"[33.0, 33.0, 33.0, 33.0, 33.0, 33.0, 33.0, 33.0, 33.0, 33.0, 33.0, 33.0, 33.0, 33.0, 33.0, 33.0, 33.0, 33.0, 33.0, 33.0, 33.0, 33.0, 33.0, 33.0, 33.0, 33.0, 33.0, 33.0, 33.0, 33.0, 33.0, 33.0, 33.0, 33.0, 33.0, 33.0, 33.0, 33.0, 33.0, 33.0, 33.0, 33.0, 33.0, 33.0, 33.0, 33.0, 33.0, 33.0, 33.0, 33.0, 33.0, 33.0, 33.0, 33.0, 33.0, 33.0, 33.0, 33.0, 33.0, 33.0, 33.0, 33.0, 33.0, 33.0, 33.0, 33.0, 33.0, 33.0, 33.0, 33.0, 33.0, 33.0, 33.0, 33.0, 33.0, 33.0, 33.0, 33.0, 33.0, 33.0, 33.0, 33.0, 33.0, 33.0, 33.0, 33.0, 33.0, 33.0, 33.0, 33.0, 33.0, 33.0, 33.0, 33.0, 33.0, 33.0, 33.0, 33.0, 33.0, 33.0, 33.0, 33.0, 33.0, 33.0, 33.0, 33.0, 33.0, 33.0, 33.0, 33.0, 33.0, 33.0, 33.0, 33.0, 33.0, 33.0, 33.0, 33.0, 33.0, 33.0, 33.0, 33.0, 33.0, 33.0, 33.0, 33.0, 33.0, 33.0, 33.0, 33.0, 33.0, 33.0, 33.0, 33.0, 33.0, 33.0, 33.0, 33.0, 33.0, 33.0, 33.0, 33.0, 33.0, 33.0, 33.0, 33.0, 33.0, 33.0, 33.0, 33.0, 33.0, 33.0, 33.0, 33.0, 33.0, 33.0, 33.0, 33.0, 33.0, 33.0, 33.0, 33.0, 33.0, 33.0, 33.0, 33.0, 33.0, 33.0, 33.0, 33.0, 33.0, 33.0, 33.0, 33.0, 33.0, 33.0, 33.0, 33.0, 33.0, 33.0, 33.0, 33.0, 33.0, 33.0, 33.0, 33.0, 33.0, 33.0, 33.0, 33.0, 33.0, 33.0, 33.0, 33.0, 33.0, 33.0, 33.0, 33.0, 33.0, 33.0, 33.0, 33.0, 33.0, 33.0, 33.0]",COMPLETE
