,number,value,datetime_start,datetime_complete,duration,params_batch_size_scaler,params_constant_learning_rate,params_depth,params_epochs,params_kernel_l2,params_num_trees,params_temperature,user_attrs_accuracy_test,user_attrs_accuracy_valid,user_attrs_approximate_feature_sparsity,user_attrs_approximate_feature_sparsity_history,user_attrs_approximate_weight_sparsity,user_attrs_approximate_weight_sparsity_history,user_attrs_auc_test,user_attrs_auc_valid,user_attrs_feature_sparsity,user_attrs_feature_sparsity_history,user_attrs_num_epochs,user_attrs_val_loss_history,user_attrs_weight_sparsity,user_attrs_weight_sparsity_history,state
42,42,0.9072921899756541,2024-08-31 02:35:01.582111,2024-08-31 02:35:30.744906,0 days 00:00:29.162795,64,5.848153894656971,1,460,0.006510860999378718,97,0.0009162145965478453,0.9,0.9,29,"[33, 33, 33, 33, 33, 33, 33, 33, 33, 33, 31, 31, 30, 30, 30, 30, 30, 30, 30, 30, 30, 30, 30, 30, 30, 30, 30, 30, 30, 30, 30, 30, 30, 30, 30, 30, 30, 30, 30, 30, 30, 30, 30, 30, 30, 30, 30, 30, 30, 30, 30, 30, 30, 30, 30, 30, 30, 30, 30, 30, 30, 30, 30, 30, 30, 30, 30, 30, 30, 30, 30, 30, 30, 30, 30, 30, 30, 30, 30, 30, 30, 30, 30, 30, 30, 30, 30, 30, 30, 30, 30, 30, 30, 30, 30, 30, 30, 30, 30, 30, 30, 30, 30, 30, 30, 30, 30, 30, 30, 30, 30, 30, 30, 30, 30, 30, 30, 30, 30, 30, 30, 30, 30, 30, 30, 30, 30, 30, 30, 30, 30, 30, 30, 30, 30, 30, 30, 30, 30, 30, 30, 30, 30, 30, 30, 30, 30, 30, 30, 30, 30, 30, 30, 30, 30, 30, 30, 30, 30, 30, 30, 30, 30, 30, 30, 30, 30, 30, 30, 30, 30, 30, 30, 30, 30, 30, 30, 30, 30, 30, 30, 30, 30, 30, 30, 30, 30, 30, 30, 30, 30, 30, 30, 30, 30, 30, 30, 30, 30, 30, 30, 30, 30, 30, 30, 30, 30, 30, 30, 30, 30, 30, 30, 30, 30, 30, 30, 30, 30, 30, 30, 30, 30, 30, 30, 30, 30, 30, 30, 30, 30, 30, 30, 30, 30, 30, 30, 30, 30, 30, 30, 30, 30, 30, 30, 30, 30, 30, 30, 30, 30, 30, 30, 30, 30, 30, 30, 30, 30, 30, 30, 30, 30, 30, 30, 30, 30, 30, 30, 30, 30, 30, 30, 30, 30, 30, 30, 30, 30, 30, 30, 30, 30, 30, 30, 30, 30, 30, 30, 30, 30, 30, 30, 30, 30, 30, 30, 30, 30, 30, 30, 30, 30, 30, 30, 30, 30, 30, 30, 30, 30, 30, 30, 30, 30, 30, 30, 30, 30, 30, 30, 30, 30, 30, 30, 30, 30, 30, 30, 30, 30, 30, 30, 30, 30, 30, 30, 30, 30, 30, 30, 30, 30, 30, 30, 30, 30, 30, 30, 30, 30, 30, 30, 30, 30, 30, 30, 30, 30, 30, 30, 30, 30, 29, 29, 29, 29, 29, 29, 29, 29, 29, 29, 29, 29, 29, 29, 29, 29, 29, 29, 29, 29, 29, 29, 29, 29, 29, 29, 29, 29, 29, 29, 29, 29, 29, 29, 29, 29, 29, 29, 29, 29, 29, 29, 29, 29, 29, 29, 29, 29, 29, 29, 29, 29, 29, 29, 29, 29, 29, 29, 29, 29, 29, 29, 29, 29, 29, 29, 29, 29, 29, 29, 29, 29, 29, 29, 29, 29, 29, 29, 29, 29, 29, 29, 29, 29, 29, 29, 29, 29, 29, 29, 29, 29, 29, 29, 29, 29, 29]",29.0,"[32.98969072164948, 32.98969072164948, 33.0, 33.0, 32.97938144329897, 33.0, 33.0, 32.98969072164948, 32.98969072164948, 33.0, 30.989690721649485, 31.0, 29.989690721649485, 30.0, 30.0, 29.989690721649485, 29.97938144329897, 30.0, 30.0, 30.0, 30.0, 29.989690721649485, 30.0, 30.0, 30.0, 29.989690721649485, 29.989690721649485, 29.989690721649485, 29.989690721649485, 29.989690721649485, 30.0, 30.0, 29.989690721649485, 29.989690721649485, 29.989690721649485, 30.0, 30.0, 30.0, 30.0, 30.0, 30.0, 30.0, 30.0, 30.0, 30.0, 29.989690721649485, 29.989690721649485, 30.0, 30.0, 29.989690721649485, 30.0, 30.0, 30.0, 29.989690721649485, 29.989690721649485, 30.0, 29.97938144329897, 30.0, 30.0, 30.0, 30.0, 30.0, 30.0, 30.0, 30.0, 30.0, 30.0, 30.0, 30.0, 30.0, 30.0, 30.0, 30.0, 30.0, 30.0, 30.0, 30.0, 30.0, 29.989690721649485, 30.0, 29.989690721649485, 30.0, 30.0, 30.0, 30.0, 30.0, 30.0, 30.0, 29.989690721649485, 30.0, 30.0, 30.0, 30.0, 30.0, 30.0, 30.0, 29.989690721649485, 29.989690721649485, 30.0, 30.0, 30.0, 30.0, 30.0, 30.0, 30.0, 29.989690721649485, 30.0, 30.0, 30.0, 30.0, 30.0, 30.0, 29.989690721649485, 30.0, 29.989690721649485, 30.0, 29.989690721649485, 30.0, 30.0, 30.0, 30.0, 30.0, 30.0, 30.0, 30.0, 30.0, 29.989690721649485, 30.0, 30.0, 30.0, 29.989690721649485, 30.0, 30.0, 30.0, 30.0, 29.989690721649485, 30.0, 30.0, 30.0, 30.0, 29.989690721649485, 30.0, 29.97938144329897, 30.0, 29.989690721649485, 30.0, 30.0, 30.0, 30.0, 30.0, 30.0, 30.0, 29.97938144329897, 29.989690721649485, 30.0, 30.0, 30.0, 30.0, 30.0, 30.0, 30.0, 29.989690721649485, 30.0, 29.989690721649485, 30.0, 30.0, 30.0, 30.0, 30.0, 30.0, 29.989690721649485, 30.0, 30.0, 29.989690721649485, 30.0, 30.0, 30.0, 30.0, 30.0, 30.0, 30.0, 30.0, 30.0, 30.0, 29.989690721649485, 30.0, 30.0, 30.0, 30.0, 30.0, 30.0, 30.0, 30.0, 30.0, 30.0, 30.0, 30.0, 30.0, 30.0, 30.0, 29.989690721649485, 30.0, 30.0, 30.0, 30.0, 30.0, 30.0, 30.0, 30.0, 30.0, 30.0, 30.0, 29.989690721649485, 29.989690721649485, 30.0, 29.989690721649485, 30.0, 30.0, 29.989690721649485, 29.989690721649485, 30.0, 30.0, 30.0, 30.0, 30.0, 30.0, 30.0, 29.989690721649485, 30.0, 30.0, 29.989690721649485, 29.989690721649485, 30.0, 30.0, 30.0, 30.0, 30.0, 30.0, 30.0, 30.0, 30.0, 30.0, 29.989690721649485, 30.0, 30.0, 30.0, 30.0, 30.0, 30.0, 30.0, 29.989690721649485, 29.989690721649485, 30.0, 30.0, 30.0, 30.0, 29.97938144329897, 30.0, 30.0, 29.989690721649485, 29.989690721649485, 30.0, 30.0, 30.0, 30.0, 30.0, 30.0, 29.989690721649485, 30.0, 30.0, 30.0, 30.0, 30.0, 29.989690721649485, 30.0, 30.0, 30.0, 29.989690721649485, 29.989690721649485, 30.0, 30.0, 30.0, 30.0, 30.0, 30.0, 30.0, 30.0, 30.0, 30.0, 30.0, 30.0, 30.0, 30.0, 30.0, 30.0, 30.0, 30.0, 30.0, 30.0, 30.0, 30.0, 30.0, 30.0, 30.0, 30.0, 30.0, 30.0, 29.989690721649485, 30.0, 29.989690721649485, 30.0, 30.0, 30.0, 30.0, 30.0, 30.0, 30.0, 29.989690721649485, 30.0, 29.989690721649485, 30.0, 30.0, 30.0, 30.0, 30.0, 30.0, 30.0, 29.989690721649485, 30.0, 30.0, 30.0, 30.0, 30.0, 30.0, 29.989690721649485, 30.0, 30.0, 30.0, 30.0, 30.0, 30.0, 30.0, 29.989690721649485, 30.0, 30.0, 29.989690721649485, 30.0, 30.0, 30.0, 30.0, 30.0, 30.0, 30.0, 30.0, 29.989690721649485, 29.989690721649485, 30.0, 30.0, 30.0, 30.0, 30.0, 30.0, 30.0, 29.0, 29.0, 29.0, 28.989690721649485, 29.0, 28.989690721649485, 29.0, 29.0, 29.0, 28.989690721649485, 29.0, 28.989690721649485, 29.0, 29.0, 29.0, 29.0, 29.0, 28.989690721649485, 29.0, 29.0, 29.0, 28.989690721649485, 29.0, 29.0, 29.0, 29.0, 29.0, 29.0, 29.0, 29.0, 29.0, 29.0, 28.989690721649485, 29.0, 29.0, 29.0, 29.0, 29.0, 28.989690721649485, 28.989690721649485, 29.0, 29.0, 29.0, 29.0, 29.0, 29.0, 29.0, 29.0, 29.0, 29.0, 29.0, 29.0, 29.0, 29.0, 28.989690721649485, 28.989690721649485, 29.0, 29.0, 28.989690721649485, 29.0, 28.989690721649485, 28.989690721649485, 29.0, 29.0, 29.0, 29.0, 29.0, 29.0, 28.989690721649485, 29.0, 28.989690721649485, 29.0, 29.0, 29.0, 29.0, 29.0, 29.0, 29.0, 29.0, 29.0, 29.0, 29.0, 29.0, 29.0, 29.0, 28.989690721649485, 29.0, 29.0, 29.0, 29.0, 29.0, 29.0, 29.0, 29.0, 29.0, 28.989690721649485, 29.0]",0.8873958668747265,0.9072921899756541,29,"[33, 33, 33, 33, 33, 33, 33, 33, 33, 33, 31, 31, 30, 30, 30, 30, 30, 30, 30, 30, 30, 30, 30, 30, 30, 30, 30, 30, 30, 30, 30, 30, 30, 30, 30, 30, 30, 30, 30, 30, 30, 30, 30, 30, 30, 30, 30, 30, 30, 30, 30, 30, 30, 30, 30, 30, 30, 30, 30, 30, 30, 30, 30, 30, 30, 30, 30, 30, 30, 30, 30, 30, 30, 30, 30, 30, 30, 30, 30, 30, 30, 30, 30, 30, 30, 30, 30, 30, 30, 30, 30, 30, 30, 30, 30, 30, 30, 30, 30, 30, 30, 30, 30, 30, 30, 30, 30, 30, 30, 30, 30, 30, 30, 30, 30, 30, 30, 30, 30, 30, 30, 30, 30, 30, 30, 30, 30, 30, 30, 30, 30, 30, 30, 30, 30, 30, 30, 30, 30, 30, 30, 30, 30, 30, 30, 30, 30, 30, 30, 30, 30, 30, 30, 30, 30, 30, 30, 30, 30, 30, 30, 30, 30, 30, 30, 30, 30, 30, 30, 30, 30, 30, 30, 30, 30, 30, 30, 30, 30, 30, 30, 30, 30, 30, 30, 30, 30, 30, 30, 30, 30, 30, 30, 30, 30, 30, 30, 30, 30, 30, 30, 30, 30, 30, 30, 30, 30, 30, 30, 30, 30, 30, 30, 30, 30, 30, 30, 30, 30, 30, 30, 30, 30, 30, 30, 30, 30, 30, 30, 30, 30, 30, 30, 30, 30, 30, 30, 30, 30, 30, 30, 30, 30, 30, 30, 30, 30, 30, 30, 30, 30, 30, 30, 30, 30, 30, 30, 30, 30, 30, 30, 30, 30, 30, 30, 30, 30, 30, 30, 30, 30, 30, 30, 30, 30, 30, 30, 30, 30, 30, 30, 30, 30, 30, 30, 30, 30, 30, 30, 30, 30, 30, 30, 30, 30, 30, 30, 30, 30, 30, 30, 30, 30, 30, 30, 30, 30, 30, 30, 30, 30, 30, 30, 30, 30, 30, 30, 30, 30, 30, 30, 30, 30, 30, 30, 30, 30, 30, 30, 30, 30, 30, 30, 30, 30, 30, 30, 30, 30, 30, 30, 30, 30, 30, 30, 30, 30, 30, 30, 30, 30, 30, 30, 30, 30, 30, 30, 30, 30, 30, 30, 30, 30, 29, 29, 29, 29, 29, 29, 29, 29, 29, 29, 29, 29, 29, 29, 29, 29, 29, 29, 29, 29, 29, 29, 29, 29, 29, 29, 29, 29, 29, 29, 29, 29, 29, 29, 29, 29, 29, 29, 29, 29, 29, 29, 29, 29, 29, 29, 29, 29, 29, 29, 29, 29, 29, 29, 29, 29, 29, 29, 29, 29, 29, 29, 29, 29, 29, 29, 29, 29, 29, 29, 29, 29, 29, 29, 29, 29, 29, 29, 29, 29, 29, 29, 29, 29, 29, 29, 29, 29, 29, 29, 29, 29, 29, 29, 29, 29, 29]",460,"[5.526977062225342, 73.20919036865234, 26.600486755371094, 78.7162094116211, 50.379150390625, 54.395301818847656, 96.17443084716797, 23.280231475830078, 75.72351837158203, 7.024089813232422, 61.75741195678711, 37.2635383605957, 5.252495288848877, 25.216108322143555, 74.17481994628906, 12.375229835510254, 6.944963455200195, 15.350168228149414, 5.795828819274902, 55.292171478271484, 9.754087448120117, 14.412911415100098, 13.977325439453125, 5.238221645355225, 5.435381889343262, 14.225992202758789, 30.182884216308594, 11.310508728027344, 26.350231170654297, 56.42695617675781, 12.417749404907227, 8.98635482788086, 9.139036178588867, 8.534037590026855, 5.862017631530762, 8.900111198425293, 3.7168123722076416, 44.45295715332031, 7.963564872741699, 20.639446258544922, 13.526777267456055, 10.087696075439453, 3.9789679050445557, 21.498144149780273, 4.497993469238281, 14.928699493408203, 5.1113128662109375, 2.215693950653076, 17.680713653564453, 3.6182446479797363, 5.125475883483887, 22.700578689575195, 21.119169235229492, 6.009281158447266, 7.006070137023926, 3.200953483581543, 7.9263529777526855, 3.443089485168457, 10.6897611618042, 3.7258570194244385, 6.227334976196289, 2.120360851287842, 54.26247024536133, 8.61421012878418, 3.786691665649414, 5.402916431427002, 7.177405834197998, 28.323627471923828, 21.853111267089844, 4.686630725860596, 11.178714752197266, 2.4891481399536133, 2.210448980331421, 12.544879913330078, 11.006420135498047, 6.023049831390381, 2.7749576568603516, 2.491830825805664, 2.0652801990509033, 22.9725284576416, 2.284407615661621, 8.42192268371582, 3.2206337451934814, 3.070704460144043, 3.937211275100708, 2.261716365814209, 18.206052780151367, 12.426258087158203, 2.797731399536133, 3.2614316940307617, 12.494182586669922, 2.920302629470825, 2.0111470222473145, 2.5299808979034424, 2.362133502960205, 2.3616764545440674, 6.913434028625488, 2.2252774238586426, 2.036330223083496, 32.633426666259766, 7.231229305267334, 3.369398593902588, 2.3371472358703613, 2.2597334384918213, 32.955718994140625, 5.334305286407471, 2.6108694076538086, 2.07020902633667, 4.793205738067627, 13.352660179138184, 6.370477676391602, 4.382159233093262, 2.4732837677001953, 2.532057285308838, 14.802809715270996, 4.699859142303467, 3.6598737239837646, 5.4217987060546875, 2.370335340499878, 2.2239809036254883, 5.585477828979492, 3.906238317489624, 4.062223434448242, 3.2338509559631348, 2.1841166019439697, 4.250338077545166, 2.907919406890869, 2.416325330734253, 2.3618180751800537, 2.557530641555786, 14.935128211975098, 2.931981086730957, 6.295076847076416, 3.185554265975952, 2.259657859802246, 2.04982852935791, 1.950831413269043, 5.5088067054748535, 2.5017788410186768, 3.135772705078125, 2.540771484375, 2.1047604084014893, 2.0866429805755615, 6.874044895172119, 8.020149230957031, 2.6713757514953613, 2.2024362087249756, 2.033700942993164, 2.0464932918548584, 11.357782363891602, 10.752772331237793, 5.345922946929932, 2.744542121887207, 3.239943027496338, 4.098574161529541, 6.922112464904785, 2.590130567550659, 2.475180149078369, 2.4924533367156982, 2.2639925479888916, 2.23315167427063, 2.2216122150421143, 2.630814552307129, 2.206325054168701, 2.3721721172332764, 7.561842441558838, 2.5644359588623047, 2.963371992111206, 2.480992317199707, 2.0692543983459473, 2.2085657119750977, 2.243551015853882, 2.2611019611358643, 3.4587645530700684, 5.229116439819336, 2.873077154159546, 3.000093460083008, 3.1479005813598633, 2.192617893218994, 2.4075355529785156, 2.145967960357666, 2.052424669265747, 2.0571351051330566, 2.1148903369903564, 2.0986623764038086, 4.937617301940918, 4.9568305015563965, 2.200282335281372, 2.744668960571289, 3.091109275817871, 2.4729599952697754, 2.3639378547668457, 2.2104101181030273, 2.198477268218994, 2.6256332397460938, 6.097154140472412, 2.7612533569335938, 2.7027196884155273, 2.495107650756836, 2.894453763961792, 4.051429271697998, 2.763176679611206, 2.144188642501831, 2.802229404449463, 2.1587488651275635, 2.145195245742798, 2.1611318588256836, 2.1466176509857178, 2.216482162475586, 2.1459100246429443, 3.240312099456787, 3.867887496948242, 9.115580558776855, 2.6699182987213135, 13.656423568725586, 8.803302764892578, 5.457505702972412, 2.606363296508789, 2.489225387573242, 2.255880117416382, 2.1280791759490967, 2.5628085136413574, 7.413495063781738, 3.0879485607147217, 2.867285966873169, 3.8316335678100586, 6.205618858337402, 3.2606515884399414, 3.172877788543701, 3.1533806324005127, 2.4290127754211426, 2.5695960521698, 2.520540237426758, 2.628363847732544, 2.3848490715026855, 2.4562325477600098, 2.423003911972046, 2.4221460819244385, 2.3458447456359863, 2.389134645462036, 2.3252248764038086, 2.5143215656280518, 2.28814435005188, 2.25244140625, 2.3947181701660156, 2.3533589839935303, 2.3168208599090576, 2.318899393081665, 2.9723949432373047, 5.254238128662109, 2.3569271564483643, 2.4381158351898193, 6.917107582092285, 3.4436028003692627, 3.8606443405151367, 2.4471211433410645, 2.253897190093994, 2.210723876953125, 2.420203685760498, 2.19618558883667, 2.1651740074157715, 2.2137231826782227, 2.2388274669647217, 2.3216326236724854, 2.2245359420776367, 2.1986756324768066, 2.2455642223358154, 2.2347230911254883, 2.2286429405212402, 2.249373197555542, 2.2565133571624756, 2.1751537322998047, 2.1776485443115234, 2.1751577854156494, 2.198709487915039, 2.136920213699341, 2.151587963104248, 2.145136594772339, 2.1530539989471436, 2.135394334793091, 2.145165205001831, 2.137420654296875, 2.116575241088867, 2.1241397857666016, 2.0981221199035645, 2.1008048057556152, 2.100097179412842, 2.124868869781494, 2.1337387561798096, 2.0861618518829346, 2.0962319374084473, 2.077859878540039, 2.0708041191101074, 2.076882839202881, 2.0560269355773926, 2.041301727294922, 2.056823492050171, 2.0521039962768555, 2.048630952835083, 2.0432193279266357, 2.04660701751709, 2.036731481552124, 2.029039144515991, 2.0255894660949707, 2.034552574157715, 2.0433247089385986, 2.012587308883667, 2.0033228397369385, 2.018789052963257, 2.0020065307617188, 1.9982695579528809, 1.988925576210022, 1.994544506072998, 1.968417763710022, 1.9959230422973633, 1.9769407510757446, 1.9617326259613037, 1.9770541191101074, 1.9754736423492432, 1.9618000984191895, 1.9730240106582642, 1.9447472095489502, 1.9401699304580688, 1.9306092262268066, 1.9237881898880005, 1.9222970008850098, 1.9250741004943848, 1.919874668121338, 1.9173588752746582, 1.9142394065856934, 1.9163607358932495, 1.9209061861038208, 1.906028151512146, 1.8779630661010742, 1.8937273025512695, 1.8928446769714355, 1.9076977968215942, 1.8867307901382446, 1.8736064434051514, 1.8853203058242798, 1.8761478662490845, 1.872962236404419, 1.904990792274475, 1.8651179075241089, 1.8750395774841309, 1.8802015781402588, 1.8540241718292236, 1.8531103134155273, 1.8545141220092773, 1.8466322422027588, 1.8322381973266602, 1.8239257335662842, 1.8178027868270874, 1.8179113864898682, 1.8204104900360107, 1.8260085582733154, 1.804257869720459, 1.8214364051818848, 1.792544960975647, 1.8095955848693848, 1.8151328563690186, 1.7987279891967773, 1.8006906509399414, 2.1346874237060547, 28.25043296813965, 4.204553604125977, 3.0013608932495117, 16.623394012451172, 4.414793968200684, 6.603559970855713, 2.9530465602874756, 2.180478572845459, 1.8653886318206787, 6.499798774719238, 44.863258361816406, 7.1599626541137695, 3.0208041667938232, 7.749056339263916, 7.441307544708252, 2.8734192848205566, 2.64570689201355, 1.9943139553070068, 2.231731414794922, 2.054527997970581, 6.602449893951416, 23.370521545410156, 3.8075006008148193, 14.680009841918945, 8.17374038696289, 3.4216489791870117, 4.5256195068359375, 3.0608010292053223, 2.623091220855713, 2.511052131652832, 18.16758155822754, 4.84479284286499, 4.24830436706543, 2.5834038257598877, 2.526949882507324, 2.169774293899536, 2.277968406677246, 2.1620566844940186, 2.0411195755004883, 2.4939138889312744, 2.107428550720215, 4.528628349304199, 2.700485944747925, 2.3167080879211426, 2.159707546234131, 2.162832736968994, 2.183349132537842, 2.173715114593506, 2.1089894771575928, 2.3810436725616455, 2.126305341720581, 2.0765621662139893, 2.101017475128174, 2.1041550636291504, 2.1046993732452393, 2.108381509780884, 2.0977792739868164, 2.094647169113159, 2.08493971824646, 2.0580849647521973, 2.0621986389160156, 2.0668256282806396, 2.2155439853668213, 2.026386022567749, 2.036431074142456, 2.007521152496338, 2.0083744525909424, 2.009615898132324, 2.0091350078582764, 1.9923511743545532, 1.9694589376449585, 1.9691321849822998, 1.9684408903121948, 1.9596389532089233, 1.9468870162963867, 1.9463192224502563, 1.9317905902862549, 1.9358422756195068, 1.9151904582977295, 1.9206335544586182, 1.9184539318084717, 1.9148850440979004, 1.913631558418274, 1.903161883354187, 1.8983776569366455, 1.8972630500793457, 1.9037566184997559, 1.8971357345581055, 1.88090181350708, 1.8995747566223145, 1.8797320127487183, 1.8758645057678223, 1.8714388608932495, 1.866255283355713, 1.8668053150177002, 1.858830451965332]",29.0,"[33.0, 33.0, 33.0, 33.0, 33.0, 33.0, 33.0, 33.0, 33.0, 33.0, 31.0, 31.0, 30.0, 30.0, 30.0, 30.0, 30.0, 30.0, 30.0, 30.0, 30.0, 30.0, 30.0, 30.0, 30.0, 30.0, 30.0, 30.0, 30.0, 30.0, 30.0, 30.0, 30.0, 30.0, 30.0, 30.0, 30.0, 30.0, 30.0, 30.0, 30.0, 30.0, 30.0, 30.0, 30.0, 30.0, 30.0, 30.0, 30.0, 30.0, 30.0, 30.0, 30.0, 30.0, 30.0, 30.0, 30.0, 30.0, 30.0, 30.0, 30.0, 30.0, 30.0, 30.0, 30.0, 30.0, 30.0, 30.0, 30.0, 30.0, 30.0, 30.0, 30.0, 30.0, 30.0, 30.0, 30.0, 30.0, 30.0, 30.0, 30.0, 30.0, 30.0, 30.0, 30.0, 30.0, 30.0, 30.0, 30.0, 30.0, 30.0, 30.0, 30.0, 30.0, 30.0, 30.0, 30.0, 30.0, 30.0, 30.0, 30.0, 30.0, 30.0, 30.0, 30.0, 30.0, 30.0, 30.0, 30.0, 30.0, 30.0, 30.0, 30.0, 30.0, 30.0, 30.0, 30.0, 30.0, 30.0, 30.0, 30.0, 30.0, 30.0, 30.0, 30.0, 30.0, 30.0, 30.0, 30.0, 30.0, 30.0, 30.0, 30.0, 30.0, 30.0, 30.0, 30.0, 30.0, 30.0, 30.0, 30.0, 30.0, 30.0, 30.0, 30.0, 30.0, 30.0, 30.0, 30.0, 30.0, 30.0, 30.0, 30.0, 30.0, 30.0, 30.0, 30.0, 30.0, 30.0, 30.0, 30.0, 30.0, 30.0, 30.0, 30.0, 30.0, 30.0, 30.0, 30.0, 30.0, 30.0, 30.0, 30.0, 30.0, 30.0, 30.0, 30.0, 30.0, 30.0, 30.0, 30.0, 30.0, 30.0, 30.0, 30.0, 30.0, 30.0, 30.0, 30.0, 30.0, 30.0, 30.0, 30.0, 30.0, 30.0, 30.0, 30.0, 30.0, 30.0, 30.0, 30.0, 30.0, 30.0, 30.0, 30.0, 30.0, 30.0, 30.0, 30.0, 30.0, 30.0, 30.0, 30.0, 30.0, 30.0, 30.0, 30.0, 30.0, 30.0, 30.0, 30.0, 30.0, 30.0, 30.0, 30.0, 30.0, 30.0, 30.0, 30.0, 30.0, 30.0, 30.0, 30.0, 30.0, 30.0, 30.0, 30.0, 30.0, 30.0, 30.0, 30.0, 30.0, 30.0, 30.0, 30.0, 30.0, 30.0, 30.0, 30.0, 30.0, 30.0, 30.0, 30.0, 30.0, 30.0, 30.0, 30.0, 30.0, 30.0, 30.0, 30.0, 30.0, 30.0, 30.0, 30.0, 30.0, 30.0, 30.0, 30.0, 30.0, 30.0, 30.0, 30.0, 30.0, 30.0, 30.0, 30.0, 30.0, 30.0, 30.0, 30.0, 30.0, 30.0, 30.0, 30.0, 30.0, 30.0, 30.0, 30.0, 30.0, 30.0, 30.0, 30.0, 30.0, 30.0, 30.0, 30.0, 30.0, 30.0, 30.0, 30.0, 30.0, 30.0, 30.0, 30.0, 30.0, 30.0, 30.0, 30.0, 30.0, 30.0, 30.0, 30.0, 30.0, 30.0, 30.0, 30.0, 30.0, 30.0, 30.0, 30.0, 30.0, 30.0, 30.0, 30.0, 30.0, 30.0, 30.0, 30.0, 30.0, 30.0, 30.0, 30.0, 30.0, 30.0, 30.0, 30.0, 30.0, 30.0, 30.0, 30.0, 30.0, 30.0, 30.0, 30.0, 30.0, 30.0, 30.0, 30.0, 30.0, 30.0, 30.0, 30.0, 30.0, 30.0, 30.0, 30.0, 30.0, 30.0, 30.0, 30.0, 30.0, 30.0, 29.0, 29.0, 29.0, 29.0, 29.0, 29.0, 29.0, 29.0, 29.0, 29.0, 29.0, 29.0, 29.0, 29.0, 29.0, 29.0, 29.0, 29.0, 29.0, 29.0, 29.0, 29.0, 29.0, 29.0, 29.0, 29.0, 29.0, 29.0, 29.0, 29.0, 29.0, 29.0, 29.0, 29.0, 29.0, 29.0, 29.0, 29.0, 29.0, 29.0, 29.0, 29.0, 29.0, 29.0, 29.0, 29.0, 29.0, 29.0, 29.0, 29.0, 29.0, 29.0, 29.0, 29.0, 29.0, 29.0, 29.0, 29.0, 29.0, 29.0, 29.0, 29.0, 29.0, 29.0, 29.0, 29.0, 29.0, 29.0, 29.0, 29.0, 29.0, 29.0, 29.0, 29.0, 29.0, 29.0, 29.0, 29.0, 29.0, 29.0, 29.0, 29.0, 29.0, 29.0, 29.0, 29.0, 29.0, 29.0, 29.0, 29.0, 29.0, 29.0, 29.0, 29.0, 29.0, 29.0, 29.0]",COMPLETE
