,number,value,datetime_start,datetime_complete,duration,params_batch_size_scaler,params_constant_learning_rate,params_depth,params_epochs,params_kernel_l2,params_num_trees,params_temperature,user_attrs_accuracy_test,user_attrs_accuracy_valid,user_attrs_approximate_feature_sparsity,user_attrs_approximate_feature_sparsity_history,user_attrs_approximate_weight_sparsity,user_attrs_approximate_weight_sparsity_history,user_attrs_auc_test,user_attrs_auc_valid,user_attrs_feature_sparsity,user_attrs_feature_sparsity_history,user_attrs_num_epochs,user_attrs_val_loss_history,user_attrs_weight_sparsity,user_attrs_weight_sparsity_history,state
52,52,0.5,2024-08-31 02:55:34.427874,2024-08-31 02:56:46.871344,0 days 00:01:12.443470,64,8.087760577899024,4,335,0.6020272190047776,54,0.0025265391607574676,0.859,0.85875,0,"[33, 33, 25, 8, 5, 5, 3, 2, 2, 2, 2, 2, 2, 2, 2, 2, 0, 0, 0, 0, 0, 0, 0, 0, 0, 0, 0, 0, 0, 0, 0, 0, 0, 0, 0, 0, 0, 0, 0, 0, 0, 0, 0, 0, 0, 0, 0, 0, 0, 0, 0, 0, 0, 0, 0, 0, 0, 0, 0, 0, 0, 0, 0, 0, 0, 0, 0, 0, 0, 0, 0, 0, 0, 0, 0, 0, 0, 0, 0, 0, 0, 0, 0, 0, 0, 0, 0, 0, 0, 0, 0, 0, 0, 0, 0, 0, 0, 0, 0, 0, 0, 0, 0, 0, 0, 0, 0, 0, 0, 0, 0, 0, 0, 0, 0, 0, 0, 0, 0, 0, 0, 0, 0, 0, 0, 0, 0, 0, 0, 0, 0, 0, 0, 0, 0, 0, 0, 0, 0, 0, 0, 0, 0, 0, 0, 0, 0, 0, 0, 0, 0, 0, 0, 0, 0, 0, 0, 0, 0, 0, 0, 0, 0, 0, 0, 0, 0, 0, 0, 0, 0, 0, 0, 0, 0, 0, 0, 0, 0, 0, 0, 0, 0, 0, 0, 0, 0, 0, 0, 0, 0, 0, 0, 0, 0, 0, 0, 0, 0, 0, 0, 0, 0, 0, 0, 0, 0, 0, 0, 0, 0, 0, 0, 0, 0, 0, 0, 0, 0, 0, 0, 0, 0, 0, 0, 0, 0, 0, 0, 0, 0, 0, 0, 0, 0, 0, 0, 0, 0, 0, 0, 0, 0, 0, 0, 0, 0, 0, 0, 0, 0, 0, 0, 0, 0, 0, 0, 0, 0, 0, 0, 0, 0, 0, 0, 0, 0, 0, 0, 0, 0, 0, 0, 0, 0, 0, 0, 0, 0, 0, 0, 0, 0, 0, 0, 0, 0, 0, 0, 0, 0, 0, 0, 0, 0, 0, 0, 0, 0, 0, 0, 0, 0, 0, 0, 0, 0, 0, 0, 0, 0, 0, 0, 0, 0, 0, 0, 0, 0, 0, 0, 0, 0, 0, 0, 0, 0, 0, 0, 0, 0, 0, 0, 0, 0]",0.0,"[32.95061728395062, 32.95185185185185, 24.97037037037037, 7.991358024691358, 4.993827160493828, 4.993827160493827, 3.0, 1.997530864197531, 1.9987654320987653, 1.9987654320987653, 1.997530864197531, 1.9987654320987653, 1.997530864197531, 1.997530864197531, 1.9987654320987653, 1.997530864197531, 0.0, 0.0, 0.0, 0.0, 0.0, 0.0, 0.0, 0.0, 0.0, 0.0, 0.0, 0.0, 0.0, 0.0, 0.0, 0.0, 0.0, 0.0, 0.0, 0.0, 0.0, 0.0, 0.0, 0.0, 0.0, 0.0, 0.0, 0.0, 0.0, 0.0, 0.0, 0.0, 0.0, 0.0, 0.0, 0.0, 0.0, 0.0, 0.0, 0.0, 0.0, 0.0, 0.0, 0.0, 0.0, 0.0, 0.0, 0.0, 0.0, 0.0, 0.0, 0.0, 0.0, 0.0, 0.0, 0.0, 0.0, 0.0, 0.0, 0.0, 0.0, 0.0, 0.0, 0.0, 0.0, 0.0, 0.0, 0.0, 0.0, 0.0, 0.0, 0.0, 0.0, 0.0, 0.0, 0.0, 0.0, 0.0, 0.0, 0.0, 0.0, 0.0, 0.0, 0.0, 0.0, 0.0, 0.0, 0.0, 0.0, 0.0, 0.0, 0.0, 0.0, 0.0, 0.0, 0.0, 0.0, 0.0, 0.0, 0.0, 0.0, 0.0, 0.0, 0.0, 0.0, 0.0, 0.0, 0.0, 0.0, 0.0, 0.0, 0.0, 0.0, 0.0, 0.0, 0.0, 0.0, 0.0, 0.0, 0.0, 0.0, 0.0, 0.0, 0.0, 0.0, 0.0, 0.0, 0.0, 0.0, 0.0, 0.0, 0.0, 0.0, 0.0, 0.0, 0.0, 0.0, 0.0, 0.0, 0.0, 0.0, 0.0, 0.0, 0.0, 0.0, 0.0, 0.0, 0.0, 0.0, 0.0, 0.0, 0.0, 0.0, 0.0, 0.0, 0.0, 0.0, 0.0, 0.0, 0.0, 0.0, 0.0, 0.0, 0.0, 0.0, 0.0, 0.0, 0.0, 0.0, 0.0, 0.0, 0.0, 0.0, 0.0, 0.0, 0.0, 0.0, 0.0, 0.0, 0.0, 0.0, 0.0, 0.0, 0.0, 0.0, 0.0, 0.0, 0.0, 0.0, 0.0, 0.0, 0.0, 0.0, 0.0, 0.0, 0.0, 0.0, 0.0, 0.0, 0.0, 0.0, 0.0, 0.0, 0.0, 0.0, 0.0, 0.0, 0.0, 0.0, 0.0, 0.0, 0.0, 0.0, 0.0, 0.0, 0.0, 0.0, 0.0, 0.0, 0.0, 0.0, 0.0, 0.0, 0.0, 0.0, 0.0, 0.0, 0.0, 0.0, 0.0, 0.0, 0.0, 0.0, 0.0, 0.0, 0.0, 0.0, 0.0, 0.0, 0.0, 0.0, 0.0, 0.0, 0.0, 0.0, 0.0, 0.0, 0.0, 0.0, 0.0, 0.0, 0.0, 0.0, 0.0, 0.0, 0.0, 0.0, 0.0, 0.0, 0.0, 0.0, 0.0, 0.0, 0.0, 0.0, 0.0, 0.0, 0.0, 0.0, 0.0, 0.0, 0.0, 0.0, 0.0, 0.0, 0.0, 0.0, 0.0, 0.0, 0.0, 0.0, 0.0, 0.0, 0.0, 0.0, 0.0, 0.0, 0.0, 0.0, 0.0, 0.0, 0.0, 0.0, 0.0, 0.0, 0.0, 0.0, 0.0, 0.0, 0.0, 0.0, 0.0, 0.0, 0.0, 0.0, 0.0, 0.0, 0.0, 0.0, 0.0, 0.0, 0.0, 0.0, 0.0, 0.0, 0.0, 0.0, 0.0, 0.0]",0.5,0.5,0,"[33, 33, 25, 8, 5, 5, 3, 2, 2, 2, 2, 2, 2, 2, 2, 2, 0, 0, 0, 0, 0, 0, 0, 0, 0, 0, 0, 0, 0, 0, 0, 0, 0, 0, 0, 0, 0, 0, 0, 0, 0, 0, 0, 0, 0, 0, 0, 0, 0, 0, 0, 0, 0, 0, 0, 0, 0, 0, 0, 0, 0, 0, 0, 0, 0, 0, 0, 0, 0, 0, 0, 0, 0, 0, 0, 0, 0, 0, 0, 0, 0, 0, 0, 0, 0, 0, 0, 0, 0, 0, 0, 0, 0, 0, 0, 0, 0, 0, 0, 0, 0, 0, 0, 0, 0, 0, 0, 0, 0, 0, 0, 0, 0, 0, 0, 0, 0, 0, 0, 0, 0, 0, 0, 0, 0, 0, 0, 0, 0, 0, 0, 0, 0, 0, 0, 0, 0, 0, 0, 0, 0, 0, 0, 0, 0, 0, 0, 0, 0, 0, 0, 0, 0, 0, 0, 0, 0, 0, 0, 0, 0, 0, 0, 0, 0, 0, 0, 0, 0, 0, 0, 0, 0, 0, 0, 0, 0, 0, 0, 0, 0, 0, 0, 0, 0, 0, 0, 0, 0, 0, 0, 0, 0, 0, 0, 0, 0, 0, 0, 0, 0, 0, 0, 0, 0, 0, 0, 0, 0, 0, 0, 0, 0, 0, 0, 0, 0, 0, 0, 0, 0, 0, 0, 0, 0, 0, 0, 0, 0, 0, 0, 0, 0, 0, 0, 0, 0, 0, 0, 0, 0, 0, 0, 0, 0, 0, 0, 0, 0, 0, 0, 0, 0, 0, 0, 0, 0, 0, 0, 0, 0, 0, 0, 0, 0, 0, 0, 0, 0, 0, 0, 0, 0, 0, 0, 0, 0, 0, 0, 0, 0, 0, 0, 0, 0, 0, 0, 0, 0, 0, 0, 0, 0, 0, 0, 0, 0, 0, 0, 0, 0, 0, 0, 0, 0, 0, 0, 0, 0, 0, 0, 0, 0, 0, 0, 0, 0, 0, 0, 0, 0, 0, 0, 0, 0, 0, 0, 0, 0, 0, 0, 0, 0, 0, 0]",335,"[3.3028531074523926, 5.045218467712402, 0.5127761363983154, 2.401404619216919, 1.619361162185669, 1.2879291772842407, 4.517359256744385, 0.948045015335083, 3.494527816772461, 2.051966905593872, 0.6075245141983032, 2.8597252368927, 4.087291717529297, 4.269008159637451, 2.519927740097046, 0.9312995672225952, 2.948692560195923, 5.840744495391846, 1.329635739326477, 1.2912530899047852, 0.6911898255348206, 4.1199846267700195, 0.764373779296875, 1.0416721105575562, 1.016295075416565, 0.5077747702598572, 5.715701103210449, 1.2295857667922974, 2.6638238430023193, 2.6829984188079834, 5.625736236572266, 1.3054388761520386, 6.145681858062744, 1.7742886543273926, 4.6612749099731445, 0.4922568202018738, 3.094207763671875, 5.0855207443237305, 0.827964186668396, 3.073962450027466, 4.520534515380859, 0.5508788824081421, 4.066938877105713, 1.24673330783844, 1.407199740409851, 0.9752235412597656, 0.5663892030715942, 3.697524309158325, 2.6703062057495117, 2.5735368728637695, 5.3354339599609375, 0.9743687510490417, 2.5628631114959717, 0.9522036910057068, 2.8764307498931885, 6.116384506225586, 1.8603219985961914, 3.71280574798584, 2.0034079551696777, 2.5942680835723877, 1.7622140645980835, 3.537360906600952, 0.6517971754074097, 3.5593252182006836, 0.7247315049171448, 2.6277239322662354, 4.328876972198486, 0.4278465509414673, 2.403090238571167, 0.6473515033721924, 1.0500574111938477, 0.8280828595161438, 2.6865851879119873, 6.0772857666015625, 1.453257441520691, 4.661847114562988, 0.4978739023208618, 3.410628080368042, 1.3204351663589478, 3.3783698081970215, 2.4364781379699707, 1.0973018407821655, 0.9011228680610657, 3.3321943283081055, 1.451063871383667, 4.347955703735352, 1.0628178119659424, 0.759656548500061, 3.557607412338257, 1.6823315620422363, 2.0372438430786133, 4.001353740692139, 2.0106520652770996, 2.071976900100708, 3.0801024436950684, 5.459042549133301, 0.837990939617157, 2.6721434593200684, 6.0899577140808105, 1.8879270553588867, 4.527376174926758, 0.4810987710952759, 0.4920741617679596, 2.4378321170806885, 0.8253208994865417, 4.0215163230896, 2.854337215423584, 2.924509286880493, 5.8762946128845215, 1.3053914308547974, 5.646777153015137, 1.234080195426941, 2.267348289489746, 0.5152532458305359, 3.4200453758239746, 2.058651924133301, 2.47385311126709, 3.403679132461548, 2.4365689754486084, 3.285717248916626, 3.2174341678619385, 3.676344633102417, 2.9239392280578613, 2.8290207386016846, 5.440580368041992, 0.9237682223320007, 1.7195231914520264, 3.7633612155914307, 1.9093879461288452, 2.3635315895080566, 2.1386911869049072, 2.101818323135376, 2.1099958419799805, 2.6349713802337646, 5.757787704467773, 1.1870304346084595, 0.42068129777908325, 0.572344183921814, 4.5728840827941895, 0.40761062502861023, 4.936093807220459, 0.6403378248214722, 2.9682366847991943, 5.718530178070068, 1.4638595581054688, 4.6266865730285645, 0.5701723098754883, 4.894345760345459, 0.6025673151016235, 3.6821961402893066, 2.5604143142700195, 2.8076508045196533, 5.429056167602539, 0.8603752255439758, 2.5592942237854004, 5.790432929992676, 1.2722883224487305, 1.8430204391479492, 2.253507137298584, 0.6932246685028076, 2.3725104331970215, 2.26878023147583, 2.3844375610351562, 2.5898027420043945, 5.663554668426514, 1.303525686264038, 1.734897255897522, 2.1476070880889893, 2.851031541824341, 5.866580963134766, 1.9281598329544067, 4.904175281524658, 0.5651352405548096, 3.290801763534546, 2.357301950454712, 1.331283688545227, 1.4155943393707275, 3.8192250728607178, 3.075887441635132, 2.5815000534057617, 4.457390308380127, 0.7100512981414795, 1.3474267721176147, 1.814249873161316, 4.984784126281738, 0.890134334564209, 1.84183669090271, 4.59581184387207, 0.5287095904350281, 4.025455951690674, 1.3727014064788818, 1.754005789756775, 4.543043613433838, 0.4106349050998688, 2.645697593688965, 2.40866756439209, 0.41100624203681946, 4.657151699066162, 0.4206066429615021, 4.765128135681152, 0.5817362070083618, 2.980008125305176, 6.321051120758057, 2.2772035598754883, 1.893152117729187, 3.992427110671997, 0.9994198679924011, 0.5905980467796326, 3.74617075920105, 4.473825454711914, 2.573913335800171, 6.1012678146362305, 1.4249037504196167, 1.4345370531082153, 3.346198797225952, 2.4624745845794678, 5.573111534118652, 2.370182991027832, 0.5280953645706177, 2.7589330673217773, 4.980764865875244, 0.5857437252998352, 3.0550360679626465, 4.898744583129883, 0.7545138597488403, 3.4563019275665283, 1.682708740234375, 4.784850120544434, 0.4731023907661438, 2.779825210571289, 6.188455104827881, 1.8810428380966187, 4.9482741355896, 0.80255526304245, 3.1589441299438477, 3.041611909866333, 5.174422740936279, 0.6657254695892334, 3.7148680686950684, 2.405531406402588, 2.387112617492676, 4.898919582366943, 0.5176597833633423, 4.115286350250244, 1.8231266736984253, 1.9189523458480835, 5.141834735870361, 0.8890200853347778, 3.0296127796173096, 4.862868785858154, 0.7708306908607483, 3.773298740386963, 1.2985185384750366, 1.616728663444519, 4.842958450317383, 0.4442988932132721, 3.0261390209198, 4.9005208015441895, 0.7562271952629089, 2.677255868911743, 5.685001373291016, 0.9048394560813904, 2.7683804035186768, 5.364033222198486, 1.2149462699890137, 2.5940206050872803, 4.498946666717529, 0.45976021885871887, 3.0300397872924805, 5.024213790893555, 0.8770186901092529, 2.6597564220428467, 1.312974214553833, 5.345901966094971, 1.1968412399291992, 0.9592381119728088, 0.620954692363739, 3.684685707092285, 0.40755560994148254, 4.7750654220581055, 0.466696172952652, 3.715062141418457, 1.3201006650924683, 1.4473295211791992, 1.1306185722351074, 0.7952297925949097, 2.9876837730407715, 4.934023857116699, 0.8401992321014404, 3.4323318004608154, 0.5145244002342224, 3.9161620140075684, 1.962857961654663, 2.0368540287017822, 2.960304021835327, 5.519103527069092, 1.159251093864441, 1.1544491052627563, 1.0949180126190186, 0.8207191228866577, 3.8836944103240967, 2.019099473953247, 2.0779173374176025, 2.269824266433716, 2.101372003555298, 2.156306266784668, 1.3533560037612915, 5.518383979797363, 1.4218658208847046, 0.6354631185531616, 0.44852888584136963, 2.182936906814575, 1.725131869316101, 4.868142127990723, 0.6751717925071716, 3.81900691986084, 2.7228667736053467, 2.58432674407959, 5.799067497253418, 1.3335938453674316, 5.724032402038574, 1.4693621397018433, 3.221548557281494, 3.5357491970062256, 0.4094482362270355, 4.971759796142578, 0.4076937735080719, 1.2631760835647583, 1.4407137632369995, 2.839221715927124, 5.671119213104248, 1.3110861778259277, 5.623106479644775, 1.105241298675537, 1.4536546468734741]",0.0,"[33.0, 33.0, 25.0, 8.0, 5.0, 5.0, 3.0, 2.0, 2.0, 2.0, 2.0, 2.0, 2.0, 2.0, 2.0, 2.0, 0.0, 0.0, 0.0, 0.0, 0.0, 0.0, 0.0, 0.0, 0.0, 0.0, 0.0, 0.0, 0.0, 0.0, 0.0, 0.0, 0.0, 0.0, 0.0, 0.0, 0.0, 0.0, 0.0, 0.0, 0.0, 0.0, 0.0, 0.0, 0.0, 0.0, 0.0, 0.0, 0.0, 0.0, 0.0, 0.0, 0.0, 0.0, 0.0, 0.0, 0.0, 0.0, 0.0, 0.0, 0.0, 0.0, 0.0, 0.0, 0.0, 0.0, 0.0, 0.0, 0.0, 0.0, 0.0, 0.0, 0.0, 0.0, 0.0, 0.0, 0.0, 0.0, 0.0, 0.0, 0.0, 0.0, 0.0, 0.0, 0.0, 0.0, 0.0, 0.0, 0.0, 0.0, 0.0, 0.0, 0.0, 0.0, 0.0, 0.0, 0.0, 0.0, 0.0, 0.0, 0.0, 0.0, 0.0, 0.0, 0.0, 0.0, 0.0, 0.0, 0.0, 0.0, 0.0, 0.0, 0.0, 0.0, 0.0, 0.0, 0.0, 0.0, 0.0, 0.0, 0.0, 0.0, 0.0, 0.0, 0.0, 0.0, 0.0, 0.0, 0.0, 0.0, 0.0, 0.0, 0.0, 0.0, 0.0, 0.0, 0.0, 0.0, 0.0, 0.0, 0.0, 0.0, 0.0, 0.0, 0.0, 0.0, 0.0, 0.0, 0.0, 0.0, 0.0, 0.0, 0.0, 0.0, 0.0, 0.0, 0.0, 0.0, 0.0, 0.0, 0.0, 0.0, 0.0, 0.0, 0.0, 0.0, 0.0, 0.0, 0.0, 0.0, 0.0, 0.0, 0.0, 0.0, 0.0, 0.0, 0.0, 0.0, 0.0, 0.0, 0.0, 0.0, 0.0, 0.0, 0.0, 0.0, 0.0, 0.0, 0.0, 0.0, 0.0, 0.0, 0.0, 0.0, 0.0, 0.0, 0.0, 0.0, 0.0, 0.0, 0.0, 0.0, 0.0, 0.0, 0.0, 0.0, 0.0, 0.0, 0.0, 0.0, 0.0, 0.0, 0.0, 0.0, 0.0, 0.0, 0.0, 0.0, 0.0, 0.0, 0.0, 0.0, 0.0, 0.0, 0.0, 0.0, 0.0, 0.0, 0.0, 0.0, 0.0, 0.0, 0.0, 0.0, 0.0, 0.0, 0.0, 0.0, 0.0, 0.0, 0.0, 0.0, 0.0, 0.0, 0.0, 0.0, 0.0, 0.0, 0.0, 0.0, 0.0, 0.0, 0.0, 0.0, 0.0, 0.0, 0.0, 0.0, 0.0, 0.0, 0.0, 0.0, 0.0, 0.0, 0.0, 0.0, 0.0, 0.0, 0.0, 0.0, 0.0, 0.0, 0.0, 0.0, 0.0, 0.0, 0.0, 0.0, 0.0, 0.0, 0.0, 0.0, 0.0, 0.0, 0.0, 0.0, 0.0, 0.0, 0.0, 0.0, 0.0, 0.0, 0.0, 0.0, 0.0, 0.0, 0.0, 0.0, 0.0, 0.0, 0.0, 0.0, 0.0, 0.0, 0.0, 0.0, 0.0, 0.0, 0.0, 0.0, 0.0, 0.0, 0.0, 0.0, 0.0, 0.0, 0.0, 0.0, 0.0, 0.0, 0.0, 0.0, 0.0, 0.0, 0.0, 0.0, 0.0, 0.0, 0.0, 0.0, 0.0, 0.0, 0.0, 0.0, 0.0]",COMPLETE
