,number,value,datetime_start,datetime_complete,duration,params_batch_size_scaler,params_constant_learning_rate,params_depth,params_epochs,params_kernel_l2,params_num_trees,params_temperature,user_attrs_accuracy_test,user_attrs_accuracy_valid,user_attrs_approximate_feature_sparsity,user_attrs_approximate_feature_sparsity_history,user_attrs_approximate_weight_sparsity,user_attrs_approximate_weight_sparsity_history,user_attrs_auc_test,user_attrs_auc_valid,user_attrs_feature_sparsity,user_attrs_feature_sparsity_history,user_attrs_num_epochs,user_attrs_val_loss_history,user_attrs_weight_sparsity,user_attrs_weight_sparsity_history,state
166,166,0.5,2024-08-31 06:42:23.063955,2024-08-31 06:42:37.079173,0 days 00:00:14.015218,4,0.5710808381065363,2,60,0.13187511425477394,94,0.07126315236280169,0.859,0.85875,0,"[0, 0, 0, 0, 0, 0, 0, 0, 0, 0, 0, 0, 0, 0, 0, 0, 0, 0, 0, 0, 0, 0, 0, 0, 0, 0, 0, 0, 0, 0, 0, 0, 0, 0, 0, 0, 0, 0, 0, 0, 0, 0, 0, 0, 0, 0, 0, 0, 0, 0, 0, 0, 0, 0, 0, 0, 0, 0, 0, 0]",0.0,"[0.0, 0.0, 0.0, 0.0, 0.0, 0.0, 0.0, 0.0, 0.0, 0.0, 0.0, 0.0, 0.0, 0.0, 0.0, 0.0, 0.0, 0.0, 0.0, 0.0, 0.0, 0.0, 0.0, 0.0, 0.0, 0.0, 0.0, 0.0, 0.0, 0.0, 0.0, 0.0, 0.0, 0.0, 0.0, 0.0, 0.0, 0.0, 0.0, 0.0, 0.0, 0.0, 0.0, 0.0, 0.0, 0.0, 0.0, 0.0, 0.0, 0.0, 0.0, 0.0, 0.0, 0.0, 0.0, 0.0, 0.0, 0.0, 0.0, 0.0]",0.5,0.5,0,"[0, 0, 0, 0, 0, 0, 0, 0, 0, 0, 0, 0, 0, 0, 0, 0, 0, 0, 0, 0, 0, 0, 0, 0, 0, 0, 0, 0, 0, 0, 0, 0, 0, 0, 0, 0, 0, 0, 0, 0, 0, 0, 0, 0, 0, 0, 0, 0, 0, 0, 0, 0, 0, 0, 0, 0, 0, 0, 0, 0]",60,"[1.5192539691925049, 1.0041863918304443, 0.7042959332466125, 1.357908010482788, 0.5192961692810059, 0.6592346429824829, 0.4684763252735138, 0.4128747284412384, 0.5810145139694214, 0.8466317653656006, 1.644585132598877, 0.9309589862823486, 0.46274107694625854, 0.515979528427124, 0.41105687618255615, 0.6244364976882935, 0.40898236632347107, 1.9498023986816406, 0.42786309123039246, 0.45529571175575256, 2.622236967086792, 0.7010424733161926, 0.6299644112586975, 0.4164743721485138, 0.49863484501838684, 1.4745632410049438, 0.8378084301948547, 0.9530466198921204, 0.43370944261550903, 0.4360616207122803, 0.8875123858451843, 0.41102737188339233, 0.762651264667511, 0.7498891353607178, 0.6317598223686218, 0.6085952520370483, 0.5333506464958191, 1.9781711101531982, 0.41919630765914917, 0.5668907761573792, 0.4222983419895172, 0.9156439304351807, 1.0480002164840698, 0.8380326628684998, 0.6773261427879333, 0.4874817728996277, 1.2171604633331299, 0.4682415723800659, 0.5122199058532715, 0.6960064768791199, 0.9958027005195618, 1.6669981479644775, 0.986798107624054, 0.5488994717597961, 1.266750693321228, 1.3769824504852295, 1.2103497982025146, 1.0663011074066162, 0.4087528586387634, 0.6168910264968872]",0.0,"[0.0, 0.0, 0.0, 0.0, 0.0, 0.0, 0.0, 0.0, 0.0, 0.0, 0.0, 0.0, 0.0, 0.0, 0.0, 0.0, 0.0, 0.0, 0.0, 0.0, 0.0, 0.0, 0.0, 0.0, 0.0, 0.0, 0.0, 0.0, 0.0, 0.0, 0.0, 0.0, 0.0, 0.0, 0.0, 0.0, 0.0, 0.0, 0.0, 0.0, 0.0, 0.0, 0.0, 0.0, 0.0, 0.0, 0.0, 0.0, 0.0, 0.0, 0.0, 0.0, 0.0, 0.0, 0.0, 0.0, 0.0, 0.0, 0.0, 0.0]",COMPLETE
167,167,0.6940912779688526,2024-08-31 06:42:40.449701,2024-08-31 06:47:10.537987,0 days 00:04:30.088286,4,0.010100445510207364,6,140,0.3493263211162476,68,0.0062856841425092515,0.86,0.85875,33,"[33, 33, 33, 33, 33, 33, 33, 33, 33, 33, 33, 33, 33, 33, 33, 33, 33, 33, 33, 33, 33, 33, 33, 33, 33, 33, 33, 33, 33, 33, 33, 33, 33, 33, 33, 33, 33, 33, 33, 33, 33, 33, 33, 33, 33, 33, 33, 33, 33, 33, 33, 33, 33, 33, 33, 33, 33, 33, 33, 33, 33, 33, 33, 33, 33, 33, 33, 33, 33, 33, 33, 33, 33, 33, 33, 33, 33, 33, 33, 33, 33, 33, 33, 33, 33, 33, 33, 33, 33, 33, 33, 33, 33, 33, 33, 33, 33, 33, 33, 33, 33, 33, 33, 33, 33, 33, 33, 33, 33, 33, 33, 33, 33, 33, 33, 33, 33, 33, 33, 33, 33, 33, 33, 33, 33, 33, 33, 33, 33, 33, 33, 33, 33, 33, 33, 33, 33, 33, 33, 33]",32.91573295985061,"[32.91339869281046, 32.91456582633053, 32.923202614379086, 32.91946778711485, 32.9187675070028, 32.92110177404295, 32.920634920634924, 32.91760037348273, 32.920634920634924, 32.919934640522875, 32.91386554621849, 32.91596638655462, 32.91223155929038, 32.915032679738566, 32.91760037348273, 32.91526610644258, 32.916900093370685, 32.91503267973856, 32.91573295985061, 32.91339869281046, 32.91339869281045, 32.91573295985061, 32.91830065359477, 32.91830065359477, 32.91783380018674, 32.920634920634924, 32.92063492063492, 32.91923436041083, 32.91783380018674, 32.918067226890756, 32.9187675070028, 32.91503267973856, 32.916199813258636, 32.916199813258636, 32.914799253034545, 32.916199813258636, 32.91456582633053, 32.91666666666667, 32.91666666666667, 32.915499533146594, 32.91526610644258, 32.91153127917834, 32.91013071895425, 32.90732959850607, 32.91059757236228, 32.912464985994404, 32.911764705882355, 32.9140989729225, 32.910364145658264, 32.914799253034545, 32.911064425770306, 32.911764705882355, 32.9140989729225, 32.91293183940243, 32.91199813258637, 32.91433239962652, 32.91643323996265, 32.9140989729225, 32.91269841269841, 32.91596638655462, 32.916199813258636, 32.91643323996265, 32.91666666666667, 32.916199813258636, 32.91526610644258, 32.91386554621849, 32.912931839402425, 32.91526610644257, 32.91503267973856, 32.914799253034545, 32.9124649859944, 32.91129785247432, 32.911764705882355, 32.91503267973856, 32.91433239962652, 32.9140989729225, 32.91456582633053, 32.91503267973856, 32.91526610644257, 32.91526610644258, 32.91456582633053, 32.91526610644258, 32.915032679738566, 32.914799253034545, 32.916666666666664, 32.916199813258636, 32.916199813258636, 32.91386554621849, 32.913632119514475, 32.91503267973856, 32.913632119514475, 32.911064425770306, 32.91129785247432, 32.9124649859944, 32.91176470588235, 32.90943043884221, 32.90966386554622, 32.91083099906629, 32.91269841269842, 32.9124649859944, 32.91269841269841, 32.911764705882355, 32.91106442577031, 32.91386554621849, 32.91386554621849, 32.9140989729225, 32.91456582633054, 32.917366946778714, 32.91339869281046, 32.91269841269841, 32.91526610644258, 32.9187675070028, 32.91736694677871, 32.91923436041083, 32.92040149393091, 32.91923436041083, 32.916199813258636, 32.91573295985061, 32.91503267973856, 32.91269841269841, 32.91526610644258, 32.915499533146594, 32.91549953314659, 32.916199813258636, 32.916666666666664, 32.91456582633053, 32.91526610644257, 32.91386554621849, 32.91129785247433, 32.91129785247433, 32.90873015873016, 32.90943043884221, 32.91013071895425, 32.91059757236228, 32.910364145658264, 32.91199813258637, 32.913632119514475, 32.913165266106446, 32.91433239962652, 32.91573295985061]",0.7299845606387108,0.6940912779688526,33,"[33, 33, 33, 33, 33, 33, 33, 33, 33, 33, 33, 33, 33, 33, 33, 33, 33, 33, 33, 33, 33, 33, 33, 33, 33, 33, 33, 33, 33, 33, 33, 33, 33, 33, 33, 33, 33, 33, 33, 33, 33, 33, 33, 33, 33, 33, 33, 33, 33, 33, 33, 33, 33, 33, 33, 33, 33, 33, 33, 33, 33, 33, 33, 33, 33, 33, 33, 33, 33, 33, 33, 33, 33, 33, 33, 33, 33, 33, 33, 33, 33, 33, 33, 33, 33, 33, 33, 33, 33, 33, 33, 33, 33, 33, 33, 33, 33, 33, 33, 33, 33, 33, 33, 33, 33, 33, 33, 33, 33, 33, 33, 33, 33, 33, 33, 33, 33, 33, 33, 33, 33, 33, 33, 33, 33, 33, 33, 33, 33, 33, 33, 33, 33, 33, 33, 33, 33, 33, 33, 33]",140,"[0.5073845386505127, 0.47241199016571045, 0.45116764307022095, 0.437485933303833, 0.4285196363925934, 0.42231711745262146, 0.4179222583770752, 0.414732426404953, 0.4123115837574005, 0.4104131758213043, 0.4088893532752991, 0.40763595700263977, 0.40658408403396606, 0.4056697487831116, 0.4048524796962738, 0.40410134196281433, 0.40341717004776, 0.4027772843837738, 0.4021686613559723, 0.401590496301651, 0.40104085206985474, 0.40050941705703735, 0.399991899728775, 0.39949071407318115, 0.3990049660205841, 0.398529589176178, 0.39806681871414185, 0.39761602878570557, 0.3971707820892334, 0.39673712849617004, 0.39631301164627075, 0.39589881896972656, 0.39549341797828674, 0.39509400725364685, 0.39470356702804565, 0.394322007894516, 0.393945574760437, 0.39357802271842957, 0.3932168185710907, 0.3928605616092682, 0.39251285791397095, 0.39217033982276917, 0.39183491468429565, 0.391505628824234, 0.39118117094039917, 0.39086323976516724, 0.39055052399635315, 0.39024409651756287, 0.3899421691894531, 0.38964760303497314, 0.3893553912639618, 0.389068603515625, 0.38878804445266724, 0.3885122537612915, 0.3882416784763336, 0.3879750967025757, 0.3877110183238983, 0.3874516189098358, 0.38719478249549866, 0.3869447708129883, 0.3866981863975525, 0.38645610213279724, 0.38621675968170166, 0.3859836459159851, 0.385753333568573, 0.3855268061161041, 0.3853025734424591, 0.3850797712802887, 0.38486209511756897, 0.3846479654312134, 0.38443711400032043, 0.3842303156852722, 0.38402488827705383, 0.38382279872894287, 0.3836251199245453, 0.38342952728271484, 0.3832353353500366, 0.38304442167282104, 0.382857084274292, 0.38267064094543457, 0.38248562812805176, 0.3823045492172241, 0.3821263611316681, 0.3819480836391449, 0.38177409768104553, 0.381602942943573, 0.3814343214035034, 0.3812669515609741, 0.3811030983924866, 0.3809404671192169, 0.3807832598686218, 0.380624383687973, 0.3804653286933899, 0.38030871748924255, 0.3801558017730713, 0.38000428676605225, 0.3798558712005615, 0.379705548286438, 0.37955865263938904, 0.37941277027130127, 0.3792693018913269, 0.3791298270225525, 0.3789908289909363, 0.37885478138923645, 0.3787166178226471, 0.3785806894302368, 0.3784469664096832, 0.37831375002861023, 0.3781816065311432, 0.37805259227752686, 0.37792110443115234, 0.377792090177536, 0.3776627480983734, 0.37753573060035706, 0.3774106204509735, 0.377287894487381, 0.377165287733078, 0.3770442306995392, 0.37692463397979736, 0.3768049478530884, 0.37668564915657043, 0.3765687048435211, 0.3764529824256897, 0.3763377070426941, 0.37622424960136414, 0.37611037492752075, 0.375998854637146, 0.3758884072303772, 0.3757748305797577, 0.3756650984287262, 0.3755549192428589, 0.37544840574264526, 0.3753400444984436, 0.3752332925796509, 0.37512654066085815, 0.3750225305557251, 0.37491661310195923, 0.3748151361942291, 0.3747113347053528, 0.37460795044898987]",33.0,"[33.0, 33.0, 33.0, 33.0, 33.0, 33.0, 33.0, 33.0, 33.0, 33.0, 33.0, 33.0, 33.0, 33.0, 33.0, 33.0, 33.0, 33.0, 33.0, 33.0, 33.0, 33.0, 33.0, 33.0, 33.0, 33.0, 33.0, 33.0, 33.0, 33.0, 33.0, 33.0, 33.0, 33.0, 33.0, 33.0, 33.0, 33.0, 33.0, 33.0, 33.0, 33.0, 33.0, 33.0, 33.0, 33.0, 33.0, 33.0, 33.0, 33.0, 33.0, 33.0, 33.0, 33.0, 33.0, 33.0, 33.0, 33.0, 33.0, 33.0, 33.0, 33.0, 33.0, 33.0, 33.0, 33.0, 33.0, 33.0, 33.0, 33.0, 33.0, 33.0, 33.0, 33.0, 33.0, 33.0, 33.0, 33.0, 33.0, 33.0, 33.0, 33.0, 33.0, 33.0, 33.0, 33.0, 33.0, 33.0, 33.0, 33.0, 33.0, 33.0, 33.0, 33.0, 33.0, 33.0, 33.0, 33.0, 33.0, 33.0, 33.0, 33.0, 33.0, 33.0, 33.0, 33.0, 33.0, 33.0, 33.0, 33.0, 33.0, 33.0, 33.0, 33.0, 33.0, 33.0, 33.0, 33.0, 33.0, 33.0, 33.0, 33.0, 33.0, 33.0, 33.0, 33.0, 33.0, 33.0, 33.0, 33.0, 33.0, 33.0, 33.0, 33.0, 33.0, 33.0, 33.0, 33.0, 33.0, 33.0]",COMPLETE
168,168,0.6986641934278831,2024-08-31 06:47:13.718350,2024-08-31 06:47:20.664759,0 days 00:00:06.946409,16,0.427632980920655,1,50,0.08370566554494059,20,0.00024116974064648103,0.864,0.86375,3,"[33, 33, 33, 33, 33, 33, 33, 33, 33, 33, 33, 33, 33, 33, 31, 30, 28, 24, 16, 12, 10, 9, 8, 8, 7, 4, 4, 4, 4, 4, 4, 4, 4, 4, 4, 3, 3, 3, 3, 3, 3, 3, 3, 3, 3, 3, 3, 3, 3, 3]",3.0,"[32.95, 33.0, 33.0, 32.95, 32.95, 32.95, 33.0, 33.0, 33.0, 33.0, 33.0, 33.0, 32.95, 33.0, 31.0, 30.0, 28.0, 24.0, 16.0, 12.0, 9.95, 9.0, 8.0, 8.0, 7.0, 4.0, 4.0, 4.0, 4.0, 4.0, 4.0, 4.0, 4.0, 4.0, 4.0, 3.0, 3.0, 3.0, 3.0, 3.0, 3.0, 3.0, 3.0, 3.0, 3.0, 3.0, 3.0, 3.0, 3.0, 3.0]",0.6707246592194454,0.6986641934278831,3,"[33, 33, 33, 33, 33, 33, 33, 33, 33, 33, 33, 33, 33, 33, 31, 30, 28, 24, 16, 12, 10, 9, 8, 8, 7, 4, 4, 4, 4, 4, 4, 4, 4, 4, 4, 3, 3, 3, 3, 3, 3, 3, 3, 3, 3, 3, 3, 3, 3, 3]",50,"[0.4833541512489319, 0.46536898612976074, 0.45213162899017334, 0.44034436345100403, 0.4294812083244324, 0.41941434144973755, 0.4154932498931885, 0.41638657450675964, 0.39967867732048035, 0.3895450234413147, 0.3833807110786438, 0.383760541677475, 0.37474143505096436, 0.3709423840045929, 0.36491021513938904, 0.3678584396839142, 0.3573237955570221, 0.35891616344451904, 0.3571966588497162, 0.35562026500701904, 0.34762459993362427, 0.34863796830177307, 0.34978964924812317, 0.3479856550693512, 0.3568497598171234, 0.3690827190876007, 0.37007445096969604, 0.3946590721607208, 0.3727516829967499, 0.3690756559371948, 0.3656102120876312, 0.366678923368454, 0.36659979820251465, 0.3644072711467743, 0.3647996187210083, 0.3790435492992401, 0.3839355409145355, 0.3762689232826233, 0.37051287293434143, 0.36517277359962463, 0.36417290568351746, 0.3637542724609375, 0.36370033025741577, 0.3664111793041229, 0.36685997247695923, 0.3717043399810791, 0.36297890543937683, 0.36280199885368347, 0.3625078499317169, 0.3666435480117798]",3.0,"[33.0, 33.0, 33.0, 33.0, 33.0, 33.0, 33.0, 33.0, 33.0, 33.0, 33.0, 33.0, 33.0, 33.0, 31.0, 30.0, 28.0, 24.0, 16.0, 12.0, 10.0, 9.0, 8.0, 8.0, 7.0, 4.0, 4.0, 4.0, 4.0, 4.0, 4.0, 4.0, 4.0, 4.0, 4.0, 3.0, 3.0, 3.0, 3.0, 3.0, 3.0, 3.0, 3.0, 3.0, 3.0, 3.0, 3.0, 3.0, 3.0, 3.0]",COMPLETE
169,169,0.8975151679097267,2024-08-31 06:47:24.627299,2024-08-31 06:48:10.036973,0 days 00:00:45.409674,4,0.17278024251917712,3,145,0.907640625255367,78,0.00032993279735133634,0.915,0.9125,7,"[33, 33, 33, 33, 33, 33, 33, 33, 33, 33, 33, 33, 33, 33, 33, 33, 33, 33, 33, 33, 33, 33, 33, 33, 33, 33, 32, 24, 22, 20, 18, 17, 16, 15, 15, 15, 15, 14, 14, 14, 14, 14, 13, 13, 13, 13, 13, 13, 13, 13, 13, 13, 13, 13, 12, 11, 9, 8, 8, 8, 7, 7, 7, 7, 7, 7, 7, 7, 7, 7, 7, 7, 7, 7, 7, 7, 7, 7, 7, 7, 7, 7, 7, 7, 7, 7, 7, 7, 7, 7, 7, 7, 7, 7, 7, 7, 7, 7, 7, 7, 7, 7, 7, 7, 7, 7, 7, 7, 7, 7, 7, 7, 7, 7, 7, 7, 7, 7, 7, 7, 7, 7, 7, 7, 7, 7, 7, 7, 7, 7, 7, 7, 7, 7, 7, 7, 7, 7, 7, 7, 7, 7, 7, 7, 7]",6.956043956043956,"[32.96886446886447, 32.96336996336996, 32.96886446886447, 32.95054945054945, 32.95787545787546, 32.95054945054945, 32.95054945054945, 32.95787545787546, 32.956043956043956, 32.95970695970696, 32.956043956043956, 32.956043956043956, 32.95054945054945, 32.94505494505495, 32.943223443223445, 32.943223443223445, 32.956043956043956, 32.95421245421245, 32.93956043956044, 32.94871794871795, 32.934065934065934, 32.930402930402934, 32.937728937728934, 32.937728937728934, 32.93223443223443, 32.934065934065934, 31.930402930402934, 23.950549450549453, 21.96153846153846, 19.94871794871795, 17.963369963369964, 16.983516483516482, 15.967032967032967, 14.961538461538462, 14.967032967032967, 14.968864468864469, 14.967032967032967, 13.97069597069597, 13.952380952380953, 13.974358974358974, 13.963369963369964, 13.961538461538462, 12.957875457875458, 12.97069597069597, 12.965201465201465, 12.95970695970696, 12.967032967032967, 12.957875457875458, 12.967032967032967, 12.967032967032967, 12.95054945054945, 12.946886446886447, 12.945054945054945, 12.941391941391942, 11.968864468864469, 10.952380952380953, 8.97069597069597, 7.970695970695971, 7.9743589743589745, 7.983516483516484, 6.976190476190476, 6.972527472527473, 6.97985347985348, 6.970695970695971, 6.97985347985348, 6.965201465201465, 6.978021978021978, 6.978021978021978, 6.983516483516484, 6.976190476190476, 6.985347985347985, 6.97985347985348, 6.972527472527473, 6.968864468864469, 6.981684981684982, 6.981684981684982, 6.976190476190476, 6.976190476190476, 6.985347985347985, 6.968864468864469, 6.9633699633699635, 6.967032967032967, 6.968864468864469, 6.967032967032967, 6.972527472527473, 6.961538461538462, 6.970695970695971, 6.976190476190476, 6.976190476190476, 6.954212454212454, 6.954212454212454, 6.972527472527473, 6.956043956043956, 6.950549450549451, 6.954212454212454, 6.961538461538462, 6.9743589743589745, 6.967032967032967, 6.976190476190476, 6.961538461538462, 6.9743589743589745, 6.967032967032967, 6.972527472527473, 6.965201465201465, 6.970695970695971, 6.967032967032967, 6.967032967032967, 6.976190476190476, 6.961538461538462, 6.967032967032967, 6.972527472527473, 6.965201465201465, 6.976190476190476, 6.970695970695971, 6.9743589743589745, 6.967032967032967, 6.95970695970696, 6.965201465201465, 6.948717948717949, 6.954212454212454, 6.956043956043956, 6.967032967032967, 6.95970695970696, 6.968864468864469, 6.95970695970696, 6.961538461538462, 6.957875457875458, 6.957875457875458, 6.954212454212454, 6.957875457875458, 6.965201465201465, 6.957875457875458, 6.9523809523809526, 6.957875457875458, 6.954212454212454, 6.957875457875458, 6.965201465201465, 6.9523809523809526, 6.9633699633699635, 6.9523809523809526, 6.950549450549451, 6.95970695970696, 6.965201465201465, 6.968864468864469, 6.956043956043956]",0.8834782321518506,0.8975151679097267,7,"[33, 33, 33, 33, 33, 33, 33, 33, 33, 33, 33, 33, 33, 33, 33, 33, 33, 33, 33, 33, 33, 33, 33, 33, 33, 33, 32, 24, 22, 20, 18, 17, 16, 15, 15, 15, 15, 14, 14, 14, 14, 14, 13, 13, 13, 13, 13, 13, 13, 13, 13, 13, 13, 13, 12, 11, 9, 8, 8, 8, 7, 7, 7, 7, 7, 7, 7, 7, 7, 7, 7, 7, 7, 7, 7, 7, 7, 7, 7, 7, 7, 7, 7, 7, 7, 7, 7, 7, 7, 7, 7, 7, 7, 7, 7, 7, 7, 7, 7, 7, 7, 7, 7, 7, 7, 7, 7, 7, 7, 7, 7, 7, 7, 7, 7, 7, 7, 7, 7, 7, 7, 7, 7, 7, 7, 7, 7, 7, 7, 7, 7, 7, 7, 7, 7, 7, 7, 7, 7, 7, 7, 7, 7, 7, 7]",145,"[0.47770851850509644, 0.4638775885105133, 0.45642077922821045, 0.44479891657829285, 0.43580570816993713, 0.43092137575149536, 0.42123839259147644, 0.41493237018585205, 0.4094914197921753, 0.4079152047634125, 0.39795708656311035, 0.3921044170856476, 0.387714684009552, 0.383645623922348, 0.3798450529575348, 0.38054534792900085, 0.3709504306316376, 0.3681042194366455, 0.3666308522224426, 0.361016184091568, 0.3565748333930969, 0.353790819644928, 0.3515937328338623, 0.35072219371795654, 0.3511454463005066, 0.3377572298049927, 0.3321264982223511, 0.32492387294769287, 0.31878218054771423, 0.3121623694896698, 0.31199324131011963, 0.3065638244152069, 0.3062305748462677, 0.30918192863464355, 0.3000364601612091, 0.2978137731552124, 0.2944982349872589, 0.29421645402908325, 0.29278993606567383, 0.29091164469718933, 0.288709819316864, 0.28585949540138245, 0.2886095345020294, 0.2866531312465668, 0.2864004075527191, 0.2849584221839905, 0.282967209815979, 0.28206196427345276, 0.28166311979293823, 0.2795232832431793, 0.27813470363616943, 0.2768291234970093, 0.2784837484359741, 0.2749229669570923, 0.28465569019317627, 0.28409135341644287, 0.28661322593688965, 0.2883261442184448, 0.2837619483470917, 0.2944573163986206, 0.28372764587402344, 0.28050506114959717, 0.27924859523773193, 0.2794547379016876, 0.2780331075191498, 0.28253981471061707, 0.2758066952228546, 0.2785402536392212, 0.27502602338790894, 0.2798606753349304, 0.273334801197052, 0.27138856053352356, 0.27173686027526855, 0.2716425955295563, 0.2730989158153534, 0.27048835158348083, 0.275380402803421, 0.2739536166191101, 0.2712290585041046, 0.26686808466911316, 0.26764801144599915, 0.2648838758468628, 0.26451319456100464, 0.26571571826934814, 0.2652267813682556, 0.26440685987472534, 0.2678859531879425, 0.2710595428943634, 0.2648758590221405, 0.26660922169685364, 0.2627561688423157, 0.2633599042892456, 0.2620905339717865, 0.26464369893074036, 0.2622506320476532, 0.26245051622390747, 0.26080918312072754, 0.26071545481681824, 0.26031768321990967, 0.26081937551498413, 0.2595158815383911, 0.2617667019367218, 0.2591068744659424, 0.27052342891693115, 0.25799959897994995, 0.2587238848209381, 0.25895416736602783, 0.25687068700790405, 0.2594018280506134, 0.2573694884777069, 0.26176708936691284, 0.25810834765434265, 0.2574036419391632, 0.25714311003685, 0.2560771703720093, 0.2578795850276947, 0.2618892192840576, 0.25874394178390503, 0.25618237257003784, 0.2550343871116638, 0.25559622049331665, 0.25847509503364563, 0.2588149309158325, 0.2574848234653473, 0.25390034914016724, 0.2537997364997864, 0.25451159477233887, 0.25537216663360596, 0.2532771825790405, 0.25767698884010315, 0.2549131512641907, 0.25255733728408813, 0.25189974904060364, 0.2538491487503052, 0.25193655490875244, 0.25078192353248596, 0.25034812092781067, 0.2588445246219635, 0.25418609380722046, 0.25492140650749207, 0.2551908791065216, 0.25383755564689636, 0.25121256709098816, 0.25864115357398987, 0.25234174728393555]",7.0,"[33.0, 33.0, 33.0, 33.0, 33.0, 33.0, 33.0, 33.0, 33.0, 33.0, 33.0, 33.0, 33.0, 33.0, 33.0, 33.0, 33.0, 33.0, 33.0, 33.0, 33.0, 33.0, 33.0, 33.0, 33.0, 33.0, 32.0, 24.0, 22.0, 20.0, 18.0, 17.0, 16.0, 15.0, 15.0, 15.0, 15.0, 14.0, 14.0, 14.0, 14.0, 14.0, 13.0, 13.0, 13.0, 13.0, 13.0, 13.0, 13.0, 13.0, 13.0, 13.0, 13.0, 13.0, 12.0, 11.0, 9.0, 8.0, 8.0, 8.0, 7.0, 7.0, 7.0, 7.0, 7.0, 7.0, 7.0, 7.0, 7.0, 7.0, 7.0, 7.0, 7.0, 7.0, 7.0, 7.0, 7.0, 7.0, 7.0, 7.0, 7.0, 7.0, 7.0, 7.0, 7.0, 7.0, 7.0, 7.0, 7.0, 7.0, 7.0, 7.0, 7.0, 7.0, 7.0, 7.0, 7.0, 7.0, 7.0, 7.0, 7.0, 7.0, 7.0, 7.0, 7.0, 7.0, 7.0, 7.0, 7.0, 7.0, 7.0, 7.0, 7.0, 7.0, 7.0, 7.0, 7.0, 7.0, 7.0, 7.0, 7.0, 7.0, 7.0, 7.0, 7.0, 7.0, 7.0, 7.0, 7.0, 7.0, 7.0, 7.0, 7.0, 7.0, 7.0, 7.0, 7.0, 7.0, 7.0, 7.0, 7.0, 7.0, 7.0, 7.0, 7.0]",COMPLETE
