,number,value,datetime_start,datetime_complete,duration,params_batch_size_scaler,params_constant_learning_rate,params_depth,params_epochs,params_kernel_l2,params_num_trees,params_temperature,user_attrs_accuracy_test,user_attrs_accuracy_valid,user_attrs_approximate_feature_sparsity,user_attrs_approximate_feature_sparsity_history,user_attrs_approximate_weight_sparsity,user_attrs_approximate_weight_sparsity_history,user_attrs_auc_test,user_attrs_auc_valid,user_attrs_feature_sparsity,user_attrs_feature_sparsity_history,user_attrs_num_epochs,user_attrs_val_loss_history,user_attrs_weight_sparsity,user_attrs_weight_sparsity_history,state
69,69,0.8901727402712832,2024-08-31 03:23:07.724005,2024-08-31 03:25:14.465944,0 days 00:02:06.741939,64,1.7399673680510737,5,460,0.007144378518576647,93,0.0010378798246223825,0.92,0.92125,8,"[33, 33, 33, 33, 33, 33, 33, 33, 33, 33, 33, 33, 33, 33, 33, 33, 33, 33, 33, 33, 33, 33, 33, 33, 33, 33, 33, 33, 33, 33, 33, 33, 33, 33, 33, 33, 33, 33, 33, 33, 33, 33, 33, 33, 33, 33, 33, 33, 33, 29, 27, 23, 21, 21, 20, 19, 18, 16, 15, 15, 15, 15, 14, 14, 14, 14, 14, 14, 13, 13, 13, 13, 13, 13, 13, 13, 13, 13, 13, 13, 13, 13, 13, 13, 13, 13, 13, 13, 13, 13, 13, 13, 13, 13, 13, 13, 13, 13, 13, 13, 13, 13, 13, 13, 13, 13, 13, 13, 13, 13, 13, 13, 13, 13, 13, 13, 13, 12, 12, 12, 12, 12, 12, 12, 12, 12, 12, 12, 12, 12, 12, 12, 12, 12, 12, 12, 12, 12, 12, 12, 12, 12, 12, 12, 12, 12, 12, 12, 12, 12, 12, 12, 12, 12, 12, 12, 12, 12, 12, 12, 12, 12, 12, 12, 12, 12, 12, 12, 12, 12, 12, 12, 12, 11, 11, 10, 10, 10, 10, 10, 10, 10, 10, 10, 10, 10, 10, 8, 8, 8, 8, 8, 8, 8, 8, 8, 8, 8, 8, 8, 8, 8, 8, 8, 8, 8, 8, 8, 8, 8, 8, 8, 8, 8, 8, 8, 8, 8, 8, 8, 8, 8, 8, 8, 8, 8, 8, 8, 8, 8, 8, 8, 8, 8, 8, 8, 8, 8, 8, 8, 8, 8, 8, 8, 8, 8, 8, 8, 8, 8, 8, 8, 8, 8, 8, 8, 8, 8, 8, 8, 8, 8, 8, 8, 8, 8, 8, 8, 8, 8, 8, 8, 8, 8, 8, 8, 8, 8, 8, 8, 8, 8, 8, 8, 8, 8, 8, 8, 8, 8, 8, 8, 8, 8, 8, 8, 8, 8, 8, 8, 8, 8, 8, 8, 8, 8, 8, 8, 8, 8, 8, 8, 8, 8, 8, 8, 8, 8, 8, 8, 8, 8, 8, 8, 8, 8, 8, 8, 8, 8, 8, 8, 8, 8, 8, 8, 8, 8, 8, 8, 8, 8, 8, 8, 8, 8, 8, 8, 8, 8, 8, 8, 8, 8, 8, 8, 8, 8, 8, 8, 8, 8, 8, 8, 8, 8, 8, 8, 8, 8, 8, 8, 8, 8, 8, 8, 8, 8, 8, 8, 8, 8, 8, 8, 8, 8, 8, 8, 8, 8, 8, 8, 8, 8, 8, 8, 8, 8, 8, 8, 8, 8, 8, 8, 8, 8, 8, 8, 8, 8, 8, 8, 8, 8, 8, 8, 8, 8, 8, 8, 8, 8, 8, 8, 8, 8, 8, 8, 8, 8, 8, 8, 8, 8, 8, 8, 8, 8, 8, 8, 8, 8, 8, 8, 8, 8, 8, 8, 8, 8, 8, 8, 8, 8, 8, 8, 8, 8, 8, 8]",7.989594172736733,"[32.92819979188345, 32.9233437391606, 32.92577176552203, 32.920915712799165, 32.93062781824488, 32.93617759278529, 32.93652445369407, 32.92646548733958, 32.92230315643427, 32.92126257370794, 32.9275060700659, 32.914672216441204, 32.927159209157125, 32.92160943461672, 32.92369060006938, 32.929587235518554, 32.93409642733264, 32.930974679153664, 32.92993409642733, 32.935137010058966, 32.93340270551509, 32.93444328824142, 32.93062781824488, 32.93097467915366, 32.935137010058966, 32.93236212278876, 32.9275060700659, 32.92577176552202, 32.93028095733611, 32.928546652792235, 32.92403746097815, 32.91987513007284, 32.92230315643427, 32.918140825528965, 32.920915712799165, 32.92819979188346, 32.93201526187999, 32.931321540062434, 32.91987513007284, 32.92577176552203, 32.92819979188346, 32.92819979188346, 32.92403746097814, 32.92785293097468, 32.924384321886926, 32.93236212278876, 32.928893513701006, 32.928546652792235, 32.92160943461672, 28.935830731876514, 26.941727367325704, 22.956295525494276, 20.955254942767947, 20.96080471730836, 19.962885882761014, 18.96149843912591, 17.963926465487337, 15.967048213666319, 14.96843565730142, 14.968088796392646, 14.966354491848769, 14.972251127297955, 13.971557405480402, 13.973638570933055, 13.968782518210197, 13.9701699618453, 13.968782518210197, 13.969823100936523, 12.97398543184183, 12.974679153659382, 12.971557405480402, 12.975026014568158, 12.976066597294485, 12.97571973638571, 12.976413458203261, 12.978841484564688, 12.976413458203261, 12.975372875476934, 12.975026014568158, 12.971210544571626, 12.977454040929587, 12.975372875476934, 12.974332292750606, 12.974679153659382, 12.977107180020813, 12.976413458203261, 12.979188345473466, 12.977107180020813, 12.975719736385708, 12.974332292750608, 12.968782518210197, 12.970169961845299, 12.973638570933055, 12.972944849115503, 12.974679153659382, 12.971904266389178, 12.976066597294485, 12.971904266389178, 12.972597988206727, 12.975372875476934, 12.971904266389178, 12.975026014568158, 12.972251127297953, 12.974332292750606, 12.973638570933055, 12.977454040929587, 12.974332292750606, 12.975372875476934, 12.976413458203261, 12.974679153659382, 12.97259798820673, 12.971904266389178, 12.972251127297953, 12.97329171002428, 12.973291710024279, 12.972251127297955, 12.976760319112035, 11.979882067291015, 11.976413458203261, 11.98196323274367, 11.983003815469996, 11.982310093652444, 11.982656954561222, 11.980922650017344, 11.981616371834892, 11.979535206382241, 11.978147762747138, 11.982310093652444, 11.976066597294485, 11.977454040929587, 11.977107180020813, 11.976413458203261, 11.976413458203261, 11.97884148456469, 11.976066597294484, 11.978494623655914, 11.980228928199793, 11.98196323274367, 11.98196323274367, 11.97884148456469, 11.982656954561222, 11.979535206382241, 11.981616371834894, 11.980922650017343, 11.976760319112037, 11.979535206382241, 11.97884148456469, 11.978147762747138, 11.978494623655914, 11.976066597294485, 11.977454040929587, 11.977107180020813, 11.97884148456469, 11.976066597294485, 11.979535206382241, 11.976413458203261, 11.976760319112037, 11.97710718002081, 11.978494623655914, 11.975719736385708, 11.974332292750606, 11.978147762747138, 11.978494623655914, 11.977454040929587, 11.977454040929587, 11.978494623655914, 11.974332292750606, 11.979535206382241, 11.979188345473466, 11.977454040929587, 11.97571973638571, 11.975372875476934, 11.979535206382241, 10.983003815469997, 10.981616371834894, 9.982310093652446, 9.981616371834894, 9.986472424557752, 9.9857787027402, 9.98508498092265, 9.984738120013875, 9.980228928199791, 9.983003815469996, 9.984044398196323, 9.983697537287547, 9.980575789108567, 9.983003815469996, 7.983003815469996, 7.9847381200138745, 7.9847381200138745, 7.9864724245577525, 7.984391259105099, 7.9847381200138745, 7.986819285466527, 7.984391259105099, 7.983003815469996, 7.983697537287547, 7.9847381200138745, 7.98508498092265, 7.98508498092265, 7.983350676378772, 7.984044398196324, 7.9830038154699965, 7.987166146375303, 7.984044398196323, 7.987513007284079, 7.9882067291016305, 7.981616371834894, 7.984044398196323, 7.98508498092265, 7.9882067291016305, 7.985778702740202, 7.9882067291016305, 7.9847381200138745, 7.9882067291016305, 7.986472424557753, 7.983350676378771, 7.987166146375303, 7.98508498092265, 7.983350676378771, 7.980228928199792, 7.983350676378772, 7.982656954561221, 7.986472424557752, 7.98508498092265, 7.980922650017343, 7.983003815469996, 7.98196323274367, 7.987166146375303, 7.986819285466527, 7.985084980922649, 7.986819285466528, 7.981269510926119, 7.98508498092265, 7.985778702740202, 7.98508498092265, 7.98196323274367, 7.9847381200138745, 7.98508498092265, 7.9847381200138745, 7.985778702740201, 7.984044398196323, 7.984044398196323, 7.987166146375303, 7.983003815469997, 7.98508498092265, 7.985778702740201, 7.986819285466527, 7.982656954561222, 7.984391259105099, 7.987513007284079, 7.983350676378772, 7.982310093652445, 7.9830038154699965, 7.985778702740201, 7.984391259105099, 7.9864724245577525, 7.982656954561222, 7.9864724245577525, 7.9830038154699965, 7.9847381200138745, 7.983697537287547, 7.985431841831426, 7.985778702740201, 7.984044398196323, 7.983350676378773, 7.9847381200138745, 7.985431841831425, 7.984738120013874, 7.986125563648977, 7.984391259105099, 7.9847381200138745, 7.986125563648976, 7.986125563648977, 7.983003815469997, 7.981616371834895, 7.983003815469997, 7.983697537287548, 7.985778702740202, 7.98196323274367, 7.983697537287547, 7.981616371834894, 7.982656954561222, 7.9830038154699965, 7.987166146375303, 7.982310093652446, 7.97884148456469, 7.9830038154699965, 7.984391259105099, 7.983350676378772, 7.983003815469997, 7.984044398196323, 7.981616371834894, 7.982310093652446, 7.986125563648976, 7.985778702740202, 7.987859868192855, 7.985778702740202, 7.984044398196323, 7.986472424557752, 7.981616371834894, 7.985431841831426, 7.986819285466527, 7.9902878945542835, 7.9882067291016305, 7.987513007284079, 7.992369060006937, 7.987166146375303, 7.986125563648977, 7.987513007284079, 7.983003815469997, 7.986472424557752, 7.98508498092265, 7.986472424557752, 7.989594172736733, 7.988553590010405, 7.987166146375303, 7.988900450919181, 7.987513007284079, 7.986125563648976, 7.986819285466527, 7.989594172736733, 7.985431841831426, 7.98508498092265, 7.9847381200138745, 7.982656954561221, 7.987513007284079, 7.987859868192855, 7.986819285466528, 7.987859868192855, 7.986819285466527, 7.98890045091918, 7.9882067291016305, 7.989941033645508, 7.986819285466527, 7.986472424557752, 7.988900450919181, 7.988553590010405, 7.986819285466527, 7.986125563648977, 7.987859868192855, 7.987859868192854, 7.989247311827957, 7.989247311827957, 7.987859868192855, 7.987513007284079, 7.986819285466528, 7.987513007284079, 7.987166146375303, 7.9864724245577525, 7.986819285466527, 7.98508498092265, 7.989247311827956, 7.986472424557752, 7.986819285466527, 7.985778702740202, 7.987166146375303, 7.985431841831425, 7.985431841831426, 7.987166146375303, 7.987166146375303, 7.988900450919182, 7.988553590010406, 7.988900450919181, 7.987513007284079, 7.987859868192855, 7.984391259105099, 7.986819285466528, 7.983697537287548, 7.98508498092265, 7.98508498092265, 7.984391259105099, 7.987513007284079, 7.984391259105099, 7.987859868192855, 7.9830038154699965, 7.984391259105099, 7.987166146375303, 7.986125563648977, 7.9882067291016305, 7.986819285466527, 7.9902878945542835, 7.98508498092265, 7.9864724245577525, 7.9902878945542835, 7.985431841831425, 7.987166146375303, 7.986819285466527, 7.988553590010405, 7.9882067291016305, 7.989594172736732, 7.98820672910163, 7.987166146375303, 7.988900450919181, 7.987513007284079, 7.987513007284079, 7.986125563648977, 7.9864724245577525, 7.987859868192855, 7.988553590010405, 7.989247311827956, 7.988900450919181, 7.988553590010406, 7.987513007284079, 7.985431841831426, 7.986472424557752, 7.987859868192855, 7.985778702740202, 7.987166146375304, 7.988900450919181, 7.987166146375304, 7.986819285466527, 7.987859868192855, 7.989941033645508, 7.98751300728408, 7.988900450919181, 7.989941033645509, 7.989594172736734, 7.988553590010406, 7.988900450919182, 7.989941033645508, 7.987513007284079, 7.989247311827957, 7.9920221990981615, 7.989941033645508, 7.990981616371835, 7.990634755463059, 7.987859868192855, 7.987859868192855, 7.988553590010405, 7.989594172736733, 7.990634755463059, 7.988553590010405, 7.989594172736732, 7.989941033645508, 7.990634755463059, 7.989247311827956, 7.987513007284079, 7.98751300728408, 7.989594172736732, 7.989941033645508, 7.9882067291016305, 7.989941033645509, 7.9847381200138745, 7.986125563648977, 7.987859868192855, 7.985431841831426, 7.986125563648977, 7.98508498092265, 7.9847381200138745, 7.987513007284079, 7.990981616371835, 7.9882067291016305, 7.987859868192855, 7.990634755463059, 7.987859868192854, 7.989594172736733, 7.989941033645509, 7.986819285466527, 7.989594172736733]",0.8859221096607469,0.8901727402712832,8,"[33, 33, 33, 33, 33, 33, 33, 33, 33, 33, 33, 33, 33, 33, 33, 33, 33, 33, 33, 33, 33, 33, 33, 33, 33, 33, 33, 33, 33, 33, 33, 33, 33, 33, 33, 33, 33, 33, 33, 33, 33, 33, 33, 33, 33, 33, 33, 33, 33, 29, 27, 23, 21, 21, 20, 19, 18, 16, 15, 15, 15, 15, 14, 14, 14, 14, 14, 14, 13, 13, 13, 13, 13, 13, 13, 13, 13, 13, 13, 13, 13, 13, 13, 13, 13, 13, 13, 13, 13, 13, 13, 13, 13, 13, 13, 13, 13, 13, 13, 13, 13, 13, 13, 13, 13, 13, 13, 13, 13, 13, 13, 13, 13, 13, 13, 13, 13, 12, 12, 12, 12, 12, 12, 12, 12, 12, 12, 12, 12, 12, 12, 12, 12, 12, 12, 12, 12, 12, 12, 12, 12, 12, 12, 12, 12, 12, 12, 12, 12, 12, 12, 12, 12, 12, 12, 12, 12, 12, 12, 12, 12, 12, 12, 12, 12, 12, 12, 12, 12, 12, 12, 12, 12, 11, 11, 10, 10, 10, 10, 10, 10, 10, 10, 10, 10, 10, 10, 8, 8, 8, 8, 8, 8, 8, 8, 8, 8, 8, 8, 8, 8, 8, 8, 8, 8, 8, 8, 8, 8, 8, 8, 8, 8, 8, 8, 8, 8, 8, 8, 8, 8, 8, 8, 8, 8, 8, 8, 8, 8, 8, 8, 8, 8, 8, 8, 8, 8, 8, 8, 8, 8, 8, 8, 8, 8, 8, 8, 8, 8, 8, 8, 8, 8, 8, 8, 8, 8, 8, 8, 8, 8, 8, 8, 8, 8, 8, 8, 8, 8, 8, 8, 8, 8, 8, 8, 8, 8, 8, 8, 8, 8, 8, 8, 8, 8, 8, 8, 8, 8, 8, 8, 8, 8, 8, 8, 8, 8, 8, 8, 8, 8, 8, 8, 8, 8, 8, 8, 8, 8, 8, 8, 8, 8, 8, 8, 8, 8, 8, 8, 8, 8, 8, 8, 8, 8, 8, 8, 8, 8, 8, 8, 8, 8, 8, 8, 8, 8, 8, 8, 8, 8, 8, 8, 8, 8, 8, 8, 8, 8, 8, 8, 8, 8, 8, 8, 8, 8, 8, 8, 8, 8, 8, 8, 8, 8, 8, 8, 8, 8, 8, 8, 8, 8, 8, 8, 8, 8, 8, 8, 8, 8, 8, 8, 8, 8, 8, 8, 8, 8, 8, 8, 8, 8, 8, 8, 8, 8, 8, 8, 8, 8, 8, 8, 8, 8, 8, 8, 8, 8, 8, 8, 8, 8, 8, 8, 8, 8, 8, 8, 8, 8, 8, 8, 8, 8, 8, 8, 8, 8, 8, 8, 8, 8, 8, 8, 8, 8, 8, 8, 8, 8, 8, 8, 8, 8, 8, 8, 8, 8, 8, 8, 8, 8, 8, 8, 8, 8, 8, 8, 8]",460,"[0.40006259083747864, 0.3852447271347046, 0.38119685649871826, 0.381163090467453, 0.3863495886325836, 0.3810874819755554, 0.37244710326194763, 0.3714950978755951, 0.3764510452747345, 0.3707045614719391, 0.363875150680542, 0.36380404233932495, 0.36235955357551575, 0.35835856199264526, 0.3668450117111206, 0.35391053557395935, 0.35292473435401917, 0.35127002000808716, 0.3497334420681, 0.3494100272655487, 0.3488084077835083, 0.34626179933547974, 0.3478001356124878, 0.34459391236305237, 0.3423435091972351, 0.35177433490753174, 0.3451061248779297, 0.3411308526992798, 0.33858349919319153, 0.33499816060066223, 0.33478423953056335, 0.338835209608078, 0.33233776688575745, 0.3413294553756714, 0.3450731337070465, 0.32811209559440613, 0.32669597864151, 0.32721665501594543, 0.3258651793003082, 0.3270961344242096, 0.33051690459251404, 0.3190217614173889, 0.3249526917934418, 0.31975653767585754, 0.31819453835487366, 0.3224686086177826, 0.3129159212112427, 0.3219226002693176, 0.30941492319107056, 0.3200218677520752, 0.30873554944992065, 0.3099290728569031, 0.3015158772468567, 0.3092782497406006, 0.29504597187042236, 0.29823386669158936, 0.293721467256546, 0.29711565375328064, 0.2926408350467682, 0.28711211681365967, 0.2978004813194275, 0.2862946391105652, 0.2843966484069824, 0.28144216537475586, 0.2845406234264374, 0.29347190260887146, 0.2856886684894562, 0.2795260548591614, 0.2888719141483307, 0.27575746178627014, 0.2747722566127777, 0.2736341059207916, 0.2753050923347473, 0.27592968940734863, 0.2778221666812897, 0.2681141197681427, 0.2687395513057709, 0.2677663564682007, 0.2704940140247345, 0.26777634024620056, 0.2702915668487549, 0.26762980222702026, 0.26493754982948303, 0.2618107199668884, 0.27089765667915344, 0.2655755579471588, 0.25948601961135864, 0.2607438862323761, 0.26080402731895447, 0.2599222958087921, 0.25709301233291626, 0.2591564357280731, 0.25971460342407227, 0.2573515772819519, 0.2589907944202423, 0.253738671541214, 0.2535007894039154, 0.2533717155456543, 0.2539554536342621, 0.2529252767562866, 0.25152891874313354, 0.252639502286911, 0.24769993126392365, 0.2496032863855362, 0.24805915355682373, 0.2536756694316864, 0.2464451789855957, 0.24486595392227173, 0.2457095980644226, 0.2450447678565979, 0.2450561672449112, 0.25427567958831787, 0.2532605230808258, 0.24493741989135742, 0.2471160739660263, 0.2431502342224121, 0.24346941709518433, 0.2509092688560486, 0.24930377304553986, 0.25592464208602905, 0.24560947716236115, 0.24491412937641144, 0.24372243881225586, 0.24301384389400482, 0.2519657015800476, 0.2544889450073242, 0.24109631776809692, 0.2407963126897812, 0.24581725895404816, 0.2397957593202591, 0.24221138656139374, 0.24280695617198944, 0.24490606784820557, 0.23650802671909332, 0.2354823648929596, 0.24584969878196716, 0.23739247024059296, 0.23724107444286346, 0.23672783374786377, 0.23700007796287537, 0.23720456659793854, 0.2328702211380005, 0.25126081705093384, 0.2380036860704422, 0.24033328890800476, 0.2327844202518463, 0.24489450454711914, 0.23380084335803986, 0.23173490166664124, 0.23460477590560913, 0.23294740915298462, 0.23463766276836395, 0.23122288286685944, 0.22965309023857117, 0.23205135762691498, 0.22831422090530396, 0.2276458591222763, 0.23296956717967987, 0.22801582515239716, 0.227671280503273, 0.22804312407970428, 0.2295362502336502, 0.23675434291362762, 0.22885379195213318, 0.23399235308170319, 0.2269248068332672, 0.22780771553516388, 0.2266855388879776, 0.2265358716249466, 0.2261156290769577, 0.23031668365001678, 0.22637563943862915, 0.23152495920658112, 0.2589346468448639, 0.23565198481082916, 0.24408355355262756, 0.23785291612148285, 0.23923568427562714, 0.2377987504005432, 0.23694093525409698, 0.23860719799995422, 0.24731853604316711, 0.24517905712127686, 0.2388581782579422, 0.23690323531627655, 0.24060146510601044, 0.23477758467197418, 0.23968008160591125, 0.23914630711078644, 0.2371201366186142, 0.23580729961395264, 0.23752953112125397, 0.23646117746829987, 0.25242486596107483, 0.23748841881752014, 0.23707982897758484, 0.23771236836910248, 0.239951953291893, 0.2357264757156372, 0.23410120606422424, 0.23806342482566833, 0.23259249329566956, 0.23301342129707336, 0.2323317676782608, 0.23368865251541138, 0.23212867975234985, 0.23409654200077057, 0.23236232995986938, 0.23172210156917572, 0.23046822845935822, 0.2419688105583191, 0.2338946908712387, 0.238449826836586, 0.22900541126728058, 0.2293388396501541, 0.23143123090267181, 0.23141726851463318, 0.2336365282535553, 0.23067209124565125, 0.23667140305042267, 0.23247618973255157, 0.22920317947864532, 0.23091699182987213, 0.2416192591190338, 0.2348390519618988, 0.229759082198143, 0.22833676636219025, 0.22862368822097778, 0.22947047650814056, 0.2308720052242279, 0.23088888823986053, 0.23132692277431488, 0.23030667006969452, 0.22863461077213287, 0.23006194829940796, 0.22958528995513916, 0.23086673021316528, 0.22760902345180511, 0.2290506362915039, 0.22530871629714966, 0.22540158033370972, 0.22611644864082336, 0.22648915648460388, 0.23038339614868164, 0.22665086388587952, 0.22748857736587524, 0.22987189888954163, 0.22572699189186096, 0.2248312383890152, 0.2247295379638672, 0.22649163007736206, 0.22710928320884705, 0.2281416952610016, 0.2266363948583603, 0.2263166755437851, 0.2268466353416443, 0.2281791865825653, 0.2258179783821106, 0.2266024649143219, 0.22540950775146484, 0.23843540251255035, 0.22934232652187347, 0.22571541368961334, 0.22993332147598267, 0.23083467781543732, 0.22537413239479065, 0.22533121705055237, 0.22686104476451874, 0.2224871665239334, 0.22653254866600037, 0.22363866865634918, 0.2276657521724701, 0.23158779740333557, 0.2238302230834961, 0.226362407207489, 0.2260669767856598, 0.22329548001289368, 0.22389280796051025, 0.22401151061058044, 0.22409313917160034, 0.22431810200214386, 0.22646383941173553, 0.224026158452034, 0.22608409821987152, 0.22979766130447388, 0.22510328888893127, 0.22555498778820038, 0.222789466381073, 0.22250862419605255, 0.2239992916584015, 0.22246477007865906, 0.2236747294664383, 0.22580350935459137, 0.22604869306087494, 0.22479885816574097, 0.22457478940486908, 0.22254282236099243, 0.2241622358560562, 0.22324787080287933, 0.22504296898841858, 0.22812527418136597, 0.2244792878627777, 0.22371543943881989, 0.22506791353225708, 0.23615030944347382, 0.22332745790481567, 0.2233724594116211, 0.22269412875175476, 0.22300785779953003, 0.2300979495048523, 0.22316724061965942, 0.22575856745243073, 0.22403955459594727, 0.22609560191631317, 0.22255395352840424, 0.2227768898010254, 0.22289100289344788, 0.2226179540157318, 0.22533077001571655, 0.23045633733272552, 0.22597584128379822, 0.23076629638671875, 0.22953063249588013, 0.22280296683311462, 0.22218303382396698, 0.22163774073123932, 0.22122526168823242, 0.22482441365718842, 0.22253170609474182, 0.22138965129852295, 0.22402335703372955, 0.225267231464386, 0.22243425250053406, 0.231145441532135, 0.22353076934814453, 0.22507676482200623, 0.22291387617588043, 0.22231422364711761, 0.22186578810214996, 0.2248004674911499, 0.22641058266162872, 0.22128283977508545, 0.22392629086971283, 0.2229938954114914, 0.2215067744255066, 0.2258830964565277, 0.2222241908311844, 0.22858917713165283, 0.22166627645492554, 0.2211640477180481, 0.2264413982629776, 0.25665807723999023, 0.22054122388362885, 0.21995346248149872, 0.2204877734184265, 0.22190754115581512, 0.2312716245651245, 0.22273531556129456, 0.22012321650981903, 0.2213830202817917, 0.22222284972667694, 0.2214440107345581, 0.21923060715198517, 0.22228364646434784, 0.2225969433784485, 0.21874889731407166, 0.22796235978603363, 0.22012849152088165, 0.2188120037317276, 0.2193470597267151, 0.2204064577817917, 0.22018028795719147, 0.22057610750198364, 0.22022047638893127, 0.21890628337860107, 0.2189352810382843, 0.2208586484193802, 0.2243410050868988, 0.21961469948291779, 0.22371399402618408, 0.2204274982213974, 0.22199608385562897, 0.22564560174942017, 0.22683802247047424, 0.23125742375850677, 0.22600358724594116, 0.2342374175786972, 0.2212255895137787, 0.2643204927444458, 0.22989989817142487, 0.2245427668094635, 0.22207102179527283, 0.22467894852161407, 0.22533473372459412, 0.21948479115962982, 0.21959422528743744, 0.22036634385585785, 0.22035470604896545, 0.2194620668888092, 0.21880897879600525, 0.21902522444725037, 0.21899645030498505, 0.22556616365909576, 0.21839042007923126, 0.2201230674982071, 0.22240214049816132, 0.21929636597633362, 0.22172245383262634, 0.2184237539768219, 0.22141550481319427, 0.22005170583724976, 0.21992160379886627, 0.22443412244319916, 0.22412781417369843, 0.21971912682056427, 0.21778003871440887, 0.22261857986450195, 0.2264830619096756, 0.21989589929580688, 0.21970407664775848, 0.21843521296977997, 0.2182127833366394, 0.22254526615142822, 0.2174808830022812, 0.21728765964508057, 0.2162821888923645, 0.21958069503307343, 0.21953856945037842, 0.21870309114456177, 0.23096388578414917, 0.21995025873184204, 0.22614696621894836, 0.21718063950538635, 0.2169617861509323, 0.21608443558216095, 0.21763724088668823, 0.21727009117603302, 0.21569424867630005, 0.22293470799922943, 0.22395376861095428, 0.21832938492298126, 0.2187789976