,number,value,datetime_start,datetime_complete,duration,params_batch_size_scaler,params_constant_learning_rate,params_depth,params_epochs,params_kernel_l2,params_num_trees,params_temperature,user_attrs_accuracy_test,user_attrs_accuracy_valid,user_attrs_approximate_feature_sparsity,user_attrs_approximate_feature_sparsity_history,user_attrs_approximate_weight_sparsity,user_attrs_approximate_weight_sparsity_history,user_attrs_auc_test,user_attrs_auc_valid,user_attrs_feature_sparsity,user_attrs_feature_sparsity_history,user_attrs_num_epochs,user_attrs_val_loss_history,user_attrs_weight_sparsity,user_attrs_weight_sparsity_history,state
97,97,0.6635171516533344,2024-08-31 04:26:01.351071,2024-08-31 04:27:20.680617,0 days 00:01:19.329546,4,0.04663095640179968,1,370,0.029822903410945328,7,0.01925456252537586,0.863,0.86,2,"[32, 26, 22, 21, 16, 14, 13, 11, 11, 11, 11, 9, 6, 5, 5, 5, 5, 5, 4, 4, 3, 3, 3, 3, 3, 3, 3, 3, 3, 3, 3, 3, 3, 3, 3, 3, 3, 3, 3, 3, 3, 3, 3, 3, 3, 3, 3, 3, 3, 3, 3, 3, 3, 3, 3, 3, 3, 3, 3, 2, 2, 2, 2, 2, 2, 2, 2, 2, 2, 2, 2, 2, 2, 2, 2, 2, 2, 2, 2, 2, 2, 2, 2, 2, 2, 2, 2, 2, 2, 2, 2, 2, 2, 2, 2, 2, 2, 2, 2, 2, 2, 2, 2, 2, 2, 2, 2, 2, 2, 2, 2, 2, 2, 2, 2, 2, 2, 2, 2, 2, 2, 2, 2, 2, 2, 2, 2, 2, 2, 2, 2, 2, 2, 2, 2, 2, 2, 2, 2, 2, 2, 2, 2, 2, 2, 2, 2, 2, 2, 2, 2, 2, 2, 2, 2, 2, 2, 2, 2, 2, 2, 2, 2, 2, 2, 2, 2, 2, 2, 2, 2, 2, 2, 2, 2, 2, 2, 2, 2, 2, 2, 2, 2, 2, 2, 2, 2, 2, 2, 2, 2, 2, 2, 2, 2, 2, 2, 2, 2, 2, 2, 2, 2, 2, 2, 2, 2, 2, 2, 2, 2, 2, 2, 2, 2, 2, 2, 2, 2, 2, 2, 2, 2, 2, 2, 2, 2, 2, 2, 2, 2, 2, 2, 2, 2, 2, 2, 2, 2, 2, 2, 2, 2, 2, 2, 2, 2, 2, 2, 2, 2, 2, 2, 2, 2, 2, 2, 2, 2, 2, 2, 2, 2, 2, 2, 2, 2, 2, 2, 2, 2, 2, 2, 2, 2, 2, 2, 2, 2, 2, 2, 2, 2, 2, 2, 2, 2, 2, 2, 2, 2, 2, 2, 2, 2, 2, 2, 2, 2, 2, 2, 2, 2, 2, 2, 2, 2, 2, 2, 2, 2, 2, 2, 2, 2, 2, 2, 2, 2, 2, 2, 2, 2, 2, 2, 2, 2, 2, 2, 2, 2, 2, 2, 2, 2, 2, 2, 2, 2, 2, 2, 2, 2, 2, 2, 2, 2, 2, 2, 2, 2, 2, 2, 2, 2, 2, 2, 2, 2, 2, 2, 2, 2, 2, 2, 2, 2, 2, 2, 2]",2.0,"[32.0, 26.0, 22.0, 21.0, 16.0, 14.0, 13.0, 11.0, 11.0, 11.0, 11.0, 9.0, 6.0, 5.0, 5.0, 5.0, 5.0, 5.0, 4.0, 4.0, 3.0, 3.0, 3.0, 3.0, 3.0, 3.0, 3.0, 3.0, 3.0, 3.0, 3.0, 3.0, 3.0, 3.0, 3.0, 3.0, 3.0, 3.0, 3.0, 3.0, 3.0, 3.0, 3.0, 3.0, 3.0, 3.0, 3.0, 3.0, 3.0, 3.0, 3.0, 3.0, 3.0, 3.0, 3.0, 3.0, 3.0, 3.0, 3.0, 2.0, 2.0, 2.0, 2.0, 2.0, 2.0, 2.0, 2.0, 2.0, 2.0, 2.0, 2.0, 2.0, 2.0, 2.0, 2.0, 2.0, 2.0, 2.0, 2.0, 2.0, 2.0, 2.0, 2.0, 2.0, 2.0, 2.0, 2.0, 1.8571428571428572, 2.0, 2.0, 2.0, 2.0, 2.0, 2.0, 2.0, 2.0, 2.0, 2.0, 2.0, 2.0, 2.0, 2.0, 2.0, 2.0, 2.0, 2.0, 2.0, 2.0, 2.0, 2.0, 2.0, 2.0, 2.0, 2.0, 2.0, 2.0, 2.0, 2.0, 2.0, 2.0, 2.0, 2.0, 2.0, 2.0, 2.0, 2.0, 2.0, 2.0, 2.0, 2.0, 2.0, 2.0, 2.0, 2.0, 2.0, 2.0, 2.0, 2.0, 2.0, 2.0, 2.0, 2.0, 2.0, 2.0, 2.0, 2.0, 2.0, 2.0, 2.0, 2.0, 2.0, 2.0, 2.0, 2.0, 2.0, 2.0, 2.0, 2.0, 2.0, 2.0, 2.0, 2.0, 2.0, 2.0, 2.0, 2.0, 2.0, 2.0, 2.0, 2.0, 2.0, 2.0, 2.0, 2.0, 2.0, 2.0, 2.0, 2.0, 2.0, 2.0, 2.0, 2.0, 2.0, 2.0, 2.0, 2.0, 2.0, 2.0, 2.0, 2.0, 2.0, 2.0, 2.0, 2.0, 2.0, 2.0, 2.0, 2.0, 2.0, 2.0, 2.0, 2.0, 2.0, 2.0, 2.0, 2.0, 2.0, 2.0, 2.0, 2.0, 2.0, 2.0, 2.0, 2.0, 2.0, 2.0, 2.0, 2.0, 2.0, 2.0, 2.0, 2.0, 2.0, 2.0, 2.0, 2.0, 2.0, 2.0, 2.0, 2.0, 2.0, 2.0, 2.0, 2.0, 2.0, 2.0, 2.0, 2.0, 2.0, 2.0, 2.0, 2.0, 2.0, 2.0, 2.0, 2.0, 2.0, 2.0, 2.0, 2.0, 2.0, 2.0, 2.0, 2.0, 2.0, 2.0, 2.0, 2.0, 2.0, 2.0, 2.0, 2.0, 2.0, 2.0, 2.0, 2.0, 2.0, 2.0, 2.0, 2.0, 2.0, 2.0, 2.0, 2.0, 2.0, 2.0, 2.0, 2.0, 2.0, 2.0, 2.0, 2.0, 2.0, 2.0, 2.0, 2.0, 2.0, 2.0, 2.0, 2.0, 2.0, 2.0, 2.0, 2.0, 2.0, 2.0, 2.0, 2.0, 2.0, 2.0, 2.0, 2.0, 2.0, 2.0, 2.0, 2.0, 2.0, 2.0, 2.0, 2.0, 2.0, 2.0, 2.0, 2.0, 2.0, 2.0, 2.0, 2.0, 2.0, 2.0, 2.0, 2.0, 2.0, 2.0, 2.0, 2.0, 2.0, 2.0, 2.0, 2.0, 2.0, 2.0, 2.0, 2.0, 2.0, 2.0, 2.0, 2.0, 2.0, 2.0, 2.0, 2.0, 2.0, 2.0, 2.0, 2.0, 2.0, 2.0, 2.0, 2.0, 2.0, 2.0, 2.0, 2.0, 2.0, 2.0, 2.0, 2.0, 2.0, 2.0, 2.0, 2.0, 2.0, 2.0, 2.0, 2.0, 2.0, 2.0, 2.0, 2.0]",0.6446635127436653,0.6635171516533344,2,"[32, 26, 22, 21, 16, 14, 13, 11, 11, 11, 11, 9, 6, 5, 5, 5, 5, 5, 4, 4, 3, 3, 3, 3, 3, 3, 3, 3, 3, 3, 3, 3, 3, 3, 3, 3, 3, 3, 3, 3, 3, 3, 3, 3, 3, 3, 3, 3, 3, 3, 3, 3, 3, 3, 3, 3, 3, 3, 3, 2, 2, 2, 2, 2, 2, 2, 2, 2, 2, 2, 2, 2, 2, 2, 2, 2, 2, 2, 2, 2, 2, 2, 2, 2, 2, 2, 2, 2, 2, 2, 2, 2, 2, 2, 2, 2, 2, 2, 2, 2, 2, 2, 2, 2, 2, 2, 2, 2, 2, 2, 2, 2, 2, 2, 2, 2, 2, 2, 2, 2, 2, 2, 2, 2, 2, 2, 2, 2, 2, 2, 2, 2, 2, 2, 2, 2, 2, 2, 2, 2, 2, 2, 2, 2, 2, 2, 2, 2, 2, 2, 2, 2, 2, 2, 2, 2, 2, 2, 2, 2, 2, 2, 2, 2, 2, 2, 2, 2, 2, 2, 2, 2, 2, 2, 2, 2, 2, 2, 2, 2, 2, 2, 2, 2, 2, 2, 2, 2, 2, 2, 2, 2, 2, 2, 2, 2, 2, 2, 2, 2, 2, 2, 2, 2, 2, 2, 2, 2, 2, 2, 2, 2, 2, 2, 2, 2, 2, 2, 2, 2, 2, 2, 2, 2, 2, 2, 2, 2, 2, 2, 2, 2, 2, 2, 2, 2, 2, 2, 2, 2, 2, 2, 2, 2, 2, 2, 2, 2, 2, 2, 2, 2, 2, 2, 2, 2, 2, 2, 2, 2, 2, 2, 2, 2, 2, 2, 2, 2, 2, 2, 2, 2, 2, 2, 2, 2, 2, 2, 2, 2, 2, 2, 2, 2, 2, 2, 2, 2, 2, 2, 2, 2, 2, 2, 2, 2, 2, 2, 2, 2, 2, 2, 2, 2, 2, 2, 2, 2, 2, 2, 2, 2, 2, 2, 2, 2, 2, 2, 2, 2, 2, 2, 2, 2, 2, 2, 2, 2, 2, 2, 2, 2, 2, 2, 2, 2, 2, 2, 2, 2, 2, 2, 2, 2, 2, 2, 2, 2, 2, 2, 2, 2, 2, 2, 2, 2, 2, 2, 2, 2, 2, 2, 2, 2, 2, 2, 2, 2, 2, 2]",370,"[0.45001325011253357, 0.43044933676719666, 0.40927788615226746, 0.4030579626560211, 0.3950256109237671, 0.3882816731929779, 0.385700523853302, 0.38338732719421387, 0.38180530071258545, 0.38071608543395996, 0.3792019784450531, 0.37454500794410706, 0.3780013620853424, 0.37362003326416016, 0.37132373452186584, 0.36968207359313965, 0.3684368133544922, 0.3672039806842804, 0.3734448254108429, 0.3727738857269287, 0.3688896596431732, 0.36887967586517334, 0.3680758774280548, 0.3675113320350647, 0.3670905828475952, 0.36672261357307434, 0.3663831055164337, 0.36598578095436096, 0.365721732378006, 0.3655916452407837, 0.36515235900878906, 0.36481690406799316, 0.36448898911476135, 0.3642114996910095, 0.36400359869003296, 0.36380332708358765, 0.3634647727012634, 0.3633383810520172, 0.3632095754146576, 0.3627689480781555, 0.3629569709300995, 0.36236077547073364, 0.3621678948402405, 0.36198312044143677, 0.3619619607925415, 0.3616250157356262, 0.36152154207229614, 0.3612900972366333, 0.3613847494125366, 0.36101004481315613, 0.36086010932922363, 0.3607056140899658, 0.36058369278907776, 0.3604203760623932, 0.3602901101112366, 0.3601495325565338, 0.3600653409957886, 0.35989177227020264, 0.3597661256790161, 0.37968361377716064, 0.3769155740737915, 0.3767949640750885, 0.3766775131225586, 0.3766932189464569, 0.37652790546417236, 0.3765924572944641, 0.37646976113319397, 0.37637072801589966, 0.37628066539764404, 0.3762102425098419, 0.3761731684207916, 0.37605467438697815, 0.3760473132133484, 0.37594008445739746, 0.3758711516857147, 0.3758170008659363, 0.3759022057056427, 0.37569931149482727, 0.37580516934394836, 0.37560752034187317, 0.3759041130542755, 0.37557533383369446, 0.37557026743888855, 0.3754037618637085, 0.3755126893520355, 0.3753126561641693, 0.37523505091667175, 0.3751917779445648, 0.3751484155654907, 0.37533414363861084, 0.3750467300415039, 0.37501487135887146, 0.37499773502349854, 0.37509799003601074, 0.37490323185920715, 0.37491509318351746, 0.37525254487991333, 0.37479087710380554, 0.374767541885376, 0.3748561143875122, 0.37462493777275085, 0.3745892345905304, 0.3745964765548706, 0.3745724856853485, 0.37458375096321106, 0.37448370456695557, 0.3744288980960846, 0.3744109869003296, 0.37456947565078735, 0.37429288029670715, 0.3742623031139374, 0.3742292821407318, 0.3741873800754547, 0.3745599687099457, 0.37443119287490845, 0.3741067051887512, 0.37444958090782166, 0.3741753399372101, 0.37416666746139526, 0.3739608824253082, 0.37394607067108154, 0.37402278184890747, 0.3739168643951416, 0.37400057911872864, 0.37403690814971924, 0.3740137815475464, 0.37383711338043213, 0.37378990650177, 0.37384337186813354, 0.3736798167228699, 0.3739878535270691, 0.3736509680747986, 0.3735918700695038, 0.3735586404800415, 0.3735443353652954, 0.37352076172828674, 0.37348681688308716, 0.3735195994377136, 0.37344345450401306, 0.3738151490688324, 0.3733840584754944, 0.37338829040527344, 0.3733951151371002, 0.37331610918045044, 0.3733314573764801, 0.37352490425109863, 0.3733900785446167, 0.3732373118400574, 0.3731878399848938, 0.3735077977180481, 0.37314173579216003, 0.37311995029449463, 0.3731922209262848, 0.3731604516506195, 0.3731328845024109, 0.3730729818344116, 0.3730553090572357, 0.37299659848213196, 0.3732472360134125, 0.373111367225647, 0.3729914426803589, 0.3735337555408478, 0.3728867471218109, 0.3729609549045563, 0.37284618616104126, 0.37289488315582275, 0.3729068338871002, 0.3729475140571594, 0.3738444149494171, 0.37287411093711853, 0.37274104356765747, 0.3727133572101593, 0.37297865748405457, 0.3727257549762726, 0.3728902041912079, 0.3727799355983734, 0.37269362807273865, 0.3726060390472412, 0.37288546562194824, 0.3727398216724396, 0.37255141139030457, 0.3725508153438568, 0.37311026453971863, 0.37260377407073975, 0.3725041449069977, 0.37262144684791565, 0.3724696636199951, 0.3724386692047119, 0.372559517621994, 0.37250468134880066, 0.37238404154777527, 0.3725036680698395, 0.3724357485771179, 0.3723370432853699, 0.3723256587982178, 0.3723295331001282, 0.3723302185535431, 0.37237000465393066, 0.3722607493400574, 0.3723001778125763, 0.37222740054130554, 0.3722381889820099, 0.37277600169181824, 0.37242236733436584, 0.3725304901599884, 0.3724313974380493, 0.3721441328525543, 0.372446209192276, 0.3721173107624054, 0.3722754716873169, 0.37222662568092346, 0.37207087874412537, 0.3724015951156616, 0.37243184447288513, 0.3721065819263458, 0.3721534013748169, 0.37200120091438293, 0.3721444010734558, 0.3720951974391937, 0.371992290019989, 0.37202563881874084, 0.37272849678993225, 0.3719410300254822, 0.3719961643218994, 0.3725784420967102, 0.3722204864025116, 0.37206459045410156, 0.37189781665802, 0.37197408080101013, 0.3720249831676483, 0.3718542158603668, 0.3718129098415375, 0.3719233274459839, 0.3718737065792084, 0.37178200483322144, 0.3717808425426483, 0.371820867061615, 0.3717844784259796, 0.37172749638557434, 0.37198707461357117, 0.3718070089817047, 0.3717716336250305, 0.3717191815376282, 0.3716719448566437, 0.37170830368995667, 0.37179991602897644, 0.37169140577316284, 0.37162885069847107, 0.37166568636894226, 0.3716040551662445, 0.3717273473739624, 0.3716316521167755, 0.37158527970314026, 0.37184497714042664, 0.37155166268348694, 0.371541291475296, 0.37187740206718445, 0.3717803657054901, 0.37155672907829285, 0.37152236700057983, 0.3715021014213562, 0.3715161383152008, 0.3714746832847595, 0.3715512454509735, 0.37144699692726135, 0.3715269863605499, 0.3715353310108185, 0.3714505732059479, 0.371412992477417, 0.371877521276474, 0.3714359700679779, 0.3713799715042114, 0.3713919520378113, 0.3714081943035126, 0.37136414647102356, 0.3718332052230835, 0.37133219838142395, 0.37133848667144775, 0.3717106580734253, 0.3713313937187195, 0.3712993264198303, 0.3712884187698364, 0.3713524639606476, 0.3722344934940338, 0.37125855684280396, 0.3714400827884674, 0.3712519407272339, 0.37131237983703613, 0.37142905592918396, 0.37124699354171753, 0.3712219297885895, 0.3712015450000763, 0.3712218403816223, 0.3712267279624939, 0.3712049126625061, 0.3712685704231262, 0.37126514315605164, 0.3712797164916992, 0.3717358410358429, 0.37120896577835083, 0.37126195430755615, 0.37118595838546753, 0.3711550235748291, 0.37120652198791504, 0.3712289035320282, 0.37122997641563416, 0.3710954189300537, 0.37118056416511536, 0.37127676606178284, 0.371120423078537, 0.37144947052001953, 0.37175166606903076, 0.3713948428630829, 0.37109509110450745, 0.37102770805358887, 0.37103912234306335, 0.37108057737350464, 0.3710208237171173, 0.37099525332450867, 0.37102144956588745, 0.3709743618965149, 0.3709576427936554, 0.37097832560539246, 0.3709455132484436, 0.3711523711681366, 0.3711513578891754, 0.37096279859542847, 0.3712572753429413, 0.3712794780731201, 0.3709949553012848, 0.37100350856781006, 0.37088334560394287, 0.3710469901561737, 0.3714125454425812, 0.3708692193031311, 0.3708924353122711, 0.37137898802757263, 0.3708674907684326, 0.37083423137664795, 0.3713745176792145, 0.3708471357822418, 0.3709287643432617, 0.3708067834377289, 0.370883584022522, 0.37079334259033203, 0.37082982063293457, 0.37083733081817627, 0.37088707089424133, 0.37077391147613525, 0.3707979619503021, 0.37076476216316223, 0.37075766921043396, 0.37391653656959534, 0.3707612156867981, 0.3710089921951294, 0.37074917554855347, 0.37108081579208374, 0.3707674443721771, 0.3707749843597412, 0.37073376774787903, 0.3706902265548706, 0.3707181215286255, 0.37112149596214294, 0.37113600969314575, 0.3707245886325836, 0.37137043476104736, 0.37125056982040405, 0.37065693736076355, 0.37065133452415466, 0.37069207429885864]",2.0,"[32.0, 26.0, 22.0, 21.0, 16.0, 14.0, 13.0, 11.0, 11.0, 11.0, 11.0, 9.0, 6.0, 5.0, 5.0, 5.0, 5.0, 5.0, 4.0, 4.0, 3.0, 3.0, 3.0, 3.0, 3.0, 3.0, 3.0, 3.0, 3.0, 3.0, 3.0, 3.0, 3.0, 3.0, 3.0, 3.0, 3.0, 3.0, 3.0, 3.0, 3.0, 3.0, 3.0, 3.0, 3.0, 3.0, 3.0, 3.0, 3.0, 3.0, 3.0, 3.0, 3.0, 3.0, 3.0, 3.0, 3.0, 3.0, 3.0, 2.0, 2.0, 2.0, 2.0, 2.0, 2.0, 2.0, 2.0, 2.0, 2.0, 2.0, 2.0, 2.0, 2.0, 2.0, 2.0, 2.0, 2.0, 2.0, 2.0, 2.0, 2.0, 2.0, 2.0, 2.0, 2.0, 2.0, 2.0, 2.0, 2.0, 2.0, 2.0, 2.0, 2.0, 2.0, 2.0, 2.0, 2.0, 2.0, 2.0, 2.0, 2.0, 2.0, 2.0, 2.0, 2.0, 2.0, 2.0, 2.0, 2.0, 2.0, 2.0, 2.0, 2.0, 2.0, 2.0, 2.0, 2.0, 2.0, 2.0, 2.0, 2.0, 2.0, 2.0, 2.0, 2.0, 2.0, 2.0, 2.0, 2.0, 2.0, 2.0, 2.0, 2.0, 2.0, 2.0, 2.0, 2.0, 2.0, 2.0, 2.0, 2.0, 2.0, 2.0, 2.0, 2.0, 2.0, 2.0, 2.0, 2.0, 2.0, 2.0, 2.0, 2.0, 2.0, 2.0, 2.0, 2.0, 2.0, 2.0, 2.0, 2.0, 2.0, 2.0, 2.0, 2.0, 2.0, 2.0, 2.0, 2.0, 2.0, 2.0, 2.0, 2.0, 2.0, 2.0, 2.0, 2.0, 2.0, 2.0, 2.0, 2.0, 2.0, 2.0, 2.0, 2.0, 2.0, 2.0, 2.0, 2.0, 2.0, 2.0, 2.0, 2.0, 2.0, 2.0, 2.0, 2.0, 2.0, 2.0, 2.0, 2.0, 2.0, 2.0, 2.0, 2.0, 2.0, 2.0, 2.0, 2.0, 2.0, 2.0, 2.0, 2.0, 2.0, 2.0, 2.0, 2.0, 2.0, 2.0, 2.0, 2.0, 2.0, 2.0, 2.0, 2.0, 2.0, 2.0, 2.0, 2.0, 2.0, 2.0, 2.0, 2.0, 2.0, 2.0, 2.0, 2.0, 2.0, 2.0, 2.0, 2.0, 2.0, 2.0, 2.0, 2.0, 2.0, 2.0, 2.0, 2.0, 2.0, 2.0, 2.0, 2.0, 2.0, 2.0, 2.0, 2.0, 2.0, 2.0, 2.0, 2.0, 2.0, 2.0, 2.0, 2.0, 2.0, 2.0, 2.0, 2.0, 2.0, 2.0, 2.0, 2.0, 2.0, 2.0, 2.0, 2.0, 2.0, 2.0, 2.0, 2.0, 2.0, 2.0, 2.0, 2.0, 2.0, 2.0, 2.0, 2.0, 2.0, 2.0, 2.0, 2.0, 2.0, 2.0, 2.0, 2.0, 2.0, 2.0, 2.0, 2.0, 2.0, 2.0, 2.0, 2.0, 2.0, 2.0, 2.0, 2.0, 2.0, 2.0, 2.0, 2.0, 2.0, 2.0, 2.0, 2.0, 2.0, 2.0, 2.0, 2.0, 2.0, 2.0, 2.0, 2.0, 2.0, 2.0, 2.0, 2.0, 2.0, 2.0, 2.0, 2.0, 2.0, 2.0, 2.0, 2.0, 2.0, 2.0, 2.0, 2.0, 2.0, 2.0, 2.0, 2.0, 2.0, 2.0, 2.0, 2.0, 2.0, 2.0, 2.0, 2.0, 2.0, 2.0, 2.0, 2.0, 2.0, 2.0, 2.0, 2.0, 2.0, 2.0, 2.0, 2.0, 2.0, 2.0, 2.0, 2.0, 2.0]",COMPLETE
98,98,0.5323002408831523,2024-08-31 04:27:23.461217,2024-08-31 04:27:38.237763,0 days 00:00:14.776546,64,0.02019611464943274,4,5,0.0707376187371989,78,0.0006914878641317634,0.859,0.85875,33,"[33, 33, 33, 33, 33]",32.945299145299145,"[32.957264957264954, 32.952991452991455, 32.950427350427354, 32.94957264957265, 32.945299145299145]",0.5952740693037427,0.5323002408831523,33,"[33, 33, 33, 33, 33]",5,"[0.9106042981147766, 0.7469142079353333, 0.638918936252594, 0.5682268142700195, 0.5201928615570068]",33.0,"[33.0, 33.0, 33.0, 33.0, 33.0]",COMPLETE
