,number,value,datetime_start,datetime_complete,duration,params_batch_size_scaler,params_constant_learning_rate,params_depth,params_epochs,params_kernel_l2,params_num_trees,params_temperature,user_attrs_accuracy_test,user_attrs_accuracy_valid,user_attrs_approximate_feature_sparsity,user_attrs_approximate_feature_sparsity_history,user_attrs_approximate_weight_sparsity,user_attrs_approximate_weight_sparsity_history,user_attrs_auc_test,user_attrs_auc_valid,user_attrs_feature_sparsity,user_attrs_feature_sparsity_history,user_attrs_num_epochs,user_attrs_val_loss_history,user_attrs_weight_sparsity,user_attrs_weight_sparsity_history,state
70,70,0.930027952750834,2024-08-31 03:25:14.476569,2024-08-31 03:25:33.913605,0 days 00:00:19.437036,4,0.33696606416590197,3,75,0.014100780039034741,82,0.00013936380135395887,0.941,0.95125,33,"[33, 33, 33, 33, 33, 33, 33, 33, 33, 33, 33, 33, 33, 33, 33, 33, 33, 33, 33, 33, 33, 33, 33, 33, 33, 33, 33, 33, 33, 33, 33, 33, 33, 33, 33, 33, 33, 33, 33, 33, 33, 33, 33, 33, 33, 33, 33, 33, 33, 33, 33, 33, 33, 33, 33, 33, 33, 33, 33, 33, 33, 33, 33, 33, 33, 33, 33, 33, 33, 33, 33, 33, 33, 33, 33]",32.97212543554007,"[32.97386759581882, 32.965156794425084, 32.97212543554007, 32.96689895470384, 32.97212543554007, 32.96341463414634, 32.987804878048784, 32.97560975609756, 32.97560975609756, 32.97038327526133, 32.97560975609756, 32.97386759581882, 32.958188153310104, 32.97386759581882, 32.958188153310104, 32.954703832752614, 32.961672473867594, 32.96689895470384, 32.96689895470384, 32.965156794425084, 32.95644599303136, 32.958188153310104, 32.97560975609756, 32.97038327526133, 32.97038327526133, 32.958188153310104, 32.958188153310104, 32.963414634146346, 32.9808362369338, 32.97560975609756, 32.96689895470384, 32.96864111498258, 32.97560975609756, 32.961672473867594, 32.94773519163763, 32.97560975609756, 32.95644599303136, 32.96689895470383, 32.97212543554007, 32.97212543554007, 32.961672473867594, 32.96689895470384, 32.97386759581882, 32.97909407665505, 32.96689895470384, 32.97212543554007, 32.97735191637631, 32.97386759581882, 32.97735191637631, 32.965156794425084, 32.97909407665505, 32.97038327526133, 32.97386759581882, 32.97212543554007, 32.97038327526133, 32.96689895470384, 32.96864111498258, 32.97560975609756, 32.97735191637631, 32.96864111498258, 32.97560975609756, 32.96864111498258, 32.96689895470384, 32.97038327526133, 32.97386759581882, 32.97386759581882, 32.9808362369338, 32.9808362369338, 32.968641114982574, 32.97560975609756, 32.97386759581882, 32.97560975609756, 32.97560975609756, 32.97212543554007, 32.97212543554007]",0.914059726384795,0.930027952750834,33,"[33, 33, 33, 33, 33, 33, 33, 33, 33, 33, 33, 33, 33, 33, 33, 33, 33, 33, 33, 33, 33, 33, 33, 33, 33, 33, 33, 33, 33, 33, 33, 33, 33, 33, 33, 33, 33, 33, 33, 33, 33, 33, 33, 33, 33, 33, 33, 33, 33, 33, 33, 33, 33, 33, 33, 33, 33, 33, 33, 33, 33, 33, 33, 33, 33, 33, 33, 33, 33, 33, 33, 33, 33, 33, 33]",75,"[0.3746684193611145, 0.37743881344795227, 0.3636450469493866, 0.3499780595302582, 0.33919063210487366, 0.33205172419548035, 0.32506683468818665, 0.31519702076911926, 0.30967751145362854, 0.31318309903144836, 0.29115092754364014, 0.28664425015449524, 0.2751125395298004, 0.2653859257698059, 0.2686372697353363, 0.2582763731479645, 0.2511194348335266, 0.24807383120059967, 0.24527548253536224, 0.24299001693725586, 0.23584677278995514, 0.23457220196723938, 0.23543474078178406, 0.23285888135433197, 0.22751237452030182, 0.23205165565013885, 0.22012610733509064, 0.21656660735607147, 0.2177576869726181, 0.21741797029972076, 0.21080005168914795, 0.2082388997077942, 0.20810674130916595, 0.21126753091812134, 0.21124526858329773, 0.21459847688674927, 0.19944892823696136, 0.20123596489429474, 0.21268640458583832, 0.19996631145477295, 0.19935539364814758, 0.20002508163452148, 0.21563374996185303, 0.19885340332984924, 0.19514478743076324, 0.19336307048797607, 0.19028446078300476, 0.19722303748130798, 0.19784314930438995, 0.19370512664318085, 0.19474273920059204, 0.18638306856155396, 0.19043351709842682, 0.19378156960010529, 0.19253337383270264, 0.18713043630123138, 0.19593995809555054, 0.19300732016563416, 0.19115877151489258, 0.20012983679771423, 0.1902393400669098, 0.18575958907604218, 0.18788526952266693, 0.1849900484085083, 0.18454070389270782, 0.1876540184020996, 0.1860704869031906, 0.18821942806243896, 0.18360820412635803, 0.19184142351150513, 0.18739423155784607, 0.18275637924671173, 0.18190044164657593, 0.1812029480934143, 0.18551717698574066]",33.0,"[33.0, 33.0, 33.0, 33.0, 33.0, 33.0, 33.0, 33.0, 33.0, 33.0, 33.0, 33.0, 33.0, 33.0, 33.0, 33.0, 33.0, 33.0, 33.0, 33.0, 33.0, 33.0, 33.0, 33.0, 33.0, 33.0, 33.0, 33.0, 33.0, 33.0, 33.0, 33.0, 33.0, 33.0, 33.0, 33.0, 33.0, 33.0, 33.0, 33.0, 33.0, 33.0, 33.0, 33.0, 33.0, 33.0, 33.0, 33.0, 33.0, 33.0, 33.0, 33.0, 33.0, 33.0, 33.0, 33.0, 33.0, 33.0, 33.0, 33.0, 33.0, 33.0, 33.0, 33.0, 33.0, 33.0, 33.0, 33.0, 33.0, 33.0, 33.0, 33.0, 33.0, 33.0, 33.0]",COMPLETE
71,71,0.5,2024-08-31 03:25:36.254566,2024-08-31 03:26:20.697237,0 days 00:00:44.442671,64,0.4060385486899109,6,70,0.009244680702891599,31,0.06478135443624712,0.859,0.85875,0,"[33, 33, 33, 33, 33, 27, 1, 0, 0, 0, 0, 0, 0, 0, 0, 0, 0, 0, 0, 0, 0, 0, 0, 0, 0, 0, 0, 0, 0, 0, 0, 0, 0, 0, 0, 0, 0, 0, 0, 0, 0, 0, 0, 0, 0, 0, 0, 0, 0, 0, 0, 0, 0, 0, 0, 0, 0, 0, 0, 0, 0, 0, 0, 0, 0, 0, 0, 0, 0, 0]",0.0,"[32.942140296979005, 32.946236559139784, 32.930363543266765, 32.94009216589861, 32.938044034818226, 26.944700460829495, 0.9969278033794163, 0.0, 0.0, 0.0, 0.0, 0.0, 0.0, 0.0, 0.0, 0.0, 0.0, 0.0, 0.0, 0.0, 0.0, 0.0, 0.0, 0.0, 0.0, 0.0, 0.0, 0.0, 0.0, 0.0, 0.0, 0.0, 0.0, 0.0, 0.0, 0.0, 0.0, 0.0, 0.0, 0.0, 0.0, 0.0, 0.0, 0.0, 0.0, 0.0, 0.0, 0.0, 0.0, 0.0, 0.0, 0.0, 0.0, 0.0, 0.0, 0.0, 0.0, 0.0, 0.0, 0.0, 0.0, 0.0, 0.0, 0.0, 0.0, 0.0, 0.0, 0.0, 0.0, 0.0]",0.5,0.5,0,"[33, 33, 33, 33, 33, 27, 1, 0, 0, 0, 0, 0, 0, 0, 0, 0, 0, 0, 0, 0, 0, 0, 0, 0, 0, 0, 0, 0, 0, 0, 0, 0, 0, 0, 0, 0, 0, 0, 0, 0, 0, 0, 0, 0, 0, 0, 0, 0, 0, 0, 0, 0, 0, 0, 0, 0, 0, 0, 0, 0, 0, 0, 0, 0, 0, 0, 0, 0, 0, 0]",70,"[0.5098198652267456, 0.4530408978462219, 0.42605721950531006, 0.4136468470096588, 0.40520113706588745, 0.40387701988220215, 0.41876351833343506, 0.4149135649204254, 0.41159629821777344, 0.4099423289299011, 0.40931016206741333, 0.4089624881744385, 0.40826407074928284, 0.4078497588634491, 0.40751370787620544, 0.4073105752468109, 0.4072911739349365, 0.40730270743370056, 0.4072294533252716, 0.4072350263595581, 0.4072554111480713, 0.4072531461715698, 0.40731310844421387, 0.40732061862945557, 0.4072880148887634, 0.40728989243507385, 0.40723365545272827, 0.40722665190696716, 0.40722641348838806, 0.40722885727882385, 0.40723803639411926, 0.40723350644111633, 0.40723976492881775, 0.407278448343277, 0.40733253955841064, 0.4073220193386078, 0.40725958347320557, 0.407227098941803, 0.40723106265068054, 0.4072292447090149, 0.4072345793247223, 0.4072284996509552, 0.4072262644767761, 0.4072493016719818, 0.40725377202033997, 0.407243549823761, 0.40722620487213135, 0.4072280824184418, 0.4072277545928955, 0.4072433114051819, 0.40726542472839355, 0.4072381556034088, 0.4072595238685608, 0.4072269797325134, 0.40723487734794617, 0.4072539806365967, 0.40724387764930725, 0.40723228454589844, 0.4072767198085785, 0.40725117921829224, 0.4072328507900238, 0.407230406999588, 0.4072711169719696, 0.4073243737220764, 0.40729084610939026, 0.4072505831718445, 0.4072418212890625, 0.40728431940078735, 0.4072318375110626, 0.40723586082458496]",0.0,"[33.0, 33.0, 33.0, 33.0, 33.0, 27.0, 1.0, 0.0, 0.0, 0.0, 0.0, 0.0, 0.0, 0.0, 0.0, 0.0, 0.0, 0.0, 0.0, 0.0, 0.0, 0.0, 0.0, 0.0, 0.0, 0.0, 0.0, 0.0, 0.0, 0.0, 0.0, 0.0, 0.0, 0.0, 0.0, 0.0, 0.0, 0.0, 0.0, 0.0, 0.0, 0.0, 0.0, 0.0, 0.0, 0.0, 0.0, 0.0, 0.0, 0.0, 0.0, 0.0, 0.0, 0.0, 0.0, 0.0, 0.0, 0.0, 0.0, 0.0, 0.0, 0.0, 0.0, 0.0, 0.0, 0.0, 0.0, 0.0, 0.0, 0.0]",COMPLETE
72,72,0.5,2024-08-31 03:26:23.040975,2024-08-31 03:27:06.460218,0 days 00:00:43.419243,4,0.9426127690078488,2,280,0.05887824759650639,21,0.00029017010599901157,0.859,0.85875,0,"[33, 33, 33, 33, 33, 29, 20, 17, 16, 15, 15, 13, 9, 7, 7, 5, 5, 4, 4, 4, 4, 4, 4, 4, 4, 4, 4, 2, 2, 2, 2, 0, 0, 0, 0, 0, 0, 0, 0, 0, 0, 0, 0, 0, 0, 0, 0, 0, 0, 0, 0, 0, 0, 0, 0, 0, 0, 0, 0, 0, 0, 0, 0, 0, 0, 0, 0, 0, 0, 0, 0, 0, 0, 0, 0, 0, 0, 0, 0, 0, 0, 0, 0, 0, 0, 0, 0, 0, 0, 0, 0, 0, 0, 0, 0, 0, 0, 0, 0, 0, 0, 0, 0, 0, 0, 0, 0, 0, 0, 0, 0, 0, 0, 0, 0, 0, 0, 0, 0, 0, 0, 0, 0, 0, 0, 0, 0, 0, 0, 0, 0, 0, 0, 0, 0, 0, 0, 0, 0, 0, 0, 0, 0, 0, 0, 0, 0, 0, 0, 0, 0, 0, 0, 0, 0, 0, 0, 0, 0, 0, 0, 0, 0, 0, 0, 0, 0, 0, 0, 0, 0, 0, 0, 0, 0, 0, 0, 0, 0, 0, 0, 0, 0, 0, 0, 0, 0, 0, 0, 0, 0, 0, 0, 0, 0, 0, 0, 0, 0, 0, 0, 0, 0, 0, 0, 0, 0, 0, 0, 0, 0, 0, 0, 0, 0, 0, 0, 0, 0, 0, 0, 0, 0, 0, 0, 0, 0, 0, 0, 0, 0, 0, 0, 0, 0, 0, 0, 0, 0, 0, 0, 0, 0, 0, 0, 0, 0, 0, 0, 0, 0, 0, 0, 0, 0, 0, 0, 0, 0, 0, 0, 0, 0, 0, 0, 0, 0, 0, 0, 0, 0, 0, 0, 0, 0, 0, 0, 0, 0, 0]",0.0,"[32.96825396825397, 33.0, 32.98412698412699, 33.0, 32.96825396825397, 29.0, 19.984126984126984, 16.984126984126984, 16.0, 14.984126984126984, 14.984126984126984, 12.968253968253968, 9.0, 7.0, 7.0, 5.0, 5.0, 4.0, 3.984126984126984, 4.0, 4.0, 4.0, 4.0, 4.0, 4.0, 4.0, 4.0, 2.0, 2.0, 2.0, 2.0, 0.0, 0.0, 0.0, 0.0, 0.0, 0.0, 0.0, 0.0, 0.0, 0.0, 0.0, 0.0, 0.0, 0.0, 0.0, 0.0, 0.0, 0.0, 0.0, 0.0, 0.0, 0.0, 0.0, 0.0, 0.0, 0.0, 0.0, 0.0, 0.0, 0.0, 0.0, 0.0, 0.0, 0.0, 0.0, 0.0, 0.0, 0.0, 0.0, 0.0, 0.0, 0.0, 0.0, 0.0, 0.0, 0.0, 0.0, 0.0, 0.0, 0.0, 0.0, 0.0, 0.0, 0.0, 0.0, 0.0, 0.0, 0.0, 0.0, 0.0, 0.0, 0.0, 0.0, 0.0, 0.0, 0.0, 0.0, 0.0, 0.0, 0.0, 0.0, 0.0, 0.0, 0.0, 0.0, 0.0, 0.0, 0.0, 0.0, 0.0, 0.0, 0.0, 0.0, 0.0, 0.0, 0.0, 0.0, 0.0, 0.0, 0.0, 0.0, 0.0, 0.0, 0.0, 0.0, 0.0, 0.0, 0.0, 0.0, 0.0, 0.0, 0.0, 0.0, 0.0, 0.0, 0.0, 0.0, 0.0, 0.0, 0.0, 0.0, 0.0, 0.0, 0.0, 0.0, 0.0, 0.0, 0.0, 0.0, 0.0, 0.0, 0.0, 0.0, 0.0, 0.0, 0.0, 0.0, 0.0, 0.0, 0.0, 0.0, 0.0, 0.0, 0.0, 0.0, 0.0, 0.0, 0.0, 0.0, 0.0, 0.0, 0.0, 0.0, 0.0, 0.0, 0.0, 0.0, 0.0, 0.0, 0.0, 0.0, 0.0, 0.0, 0.0, 0.0, 0.0, 0.0, 0.0, 0.0, 0.0, 0.0, 0.0, 0.0, 0.0, 0.0, 0.0, 0.0, 0.0, 0.0, 0.0, 0.0, 0.0, 0.0, 0.0, 0.0, 0.0, 0.0, 0.0, 0.0, 0.0, 0.0, 0.0, 0.0, 0.0, 0.0, 0.0, 0.0, 0.0, 0.0, 0.0, 0.0, 0.0, 0.0, 0.0, 0.0, 0.0, 0.0, 0.0, 0.0, 0.0, 0.0, 0.0, 0.0, 0.0, 0.0, 0.0, 0.0, 0.0, 0.0, 0.0, 0.0, 0.0, 0.0, 0.0, 0.0, 0.0, 0.0, 0.0, 0.0, 0.0, 0.0, 0.0, 0.0, 0.0, 0.0, 0.0, 0.0, 0.0, 0.0, 0.0, 0.0, 0.0, 0.0, 0.0, 0.0, 0.0, 0.0, 0.0, 0.0, 0.0, 0.0, 0.0, 0.0, 0.0, 0.0, 0.0, 0.0, 0.0, 0.0]",0.5,0.5,0,"[33, 33, 33, 33, 33, 29, 20, 17, 16, 15, 15, 13, 9, 7, 7, 5, 5, 4, 4, 4, 4, 4, 4, 4, 4, 4, 4, 2, 2, 2, 2, 0, 0, 0, 0, 0, 0, 0, 0, 0, 0, 0, 0, 0, 0, 0, 0, 0, 0, 0, 0, 0, 0, 0, 0, 0, 0, 0, 0, 0, 0, 0, 0, 0, 0, 0, 0, 0, 0, 0, 0, 0, 0, 0, 0, 0, 0, 0, 0, 0, 0, 0, 0, 0, 0, 0, 0, 0, 0, 0, 0, 0, 0, 0, 0, 0, 0, 0, 0, 0, 0, 0, 0, 0, 0, 0, 0, 0, 0, 0, 0, 0, 0, 0, 0, 0, 0, 0, 0, 0, 0, 0, 0, 0, 0, 0, 0, 0, 0, 0, 0, 0, 0, 0, 0, 0, 0, 0, 0, 0, 0, 0, 0, 0, 0, 0, 0, 0, 0, 0, 0, 0, 0, 0, 0, 0, 0, 0, 0, 0, 0, 0, 0, 0, 0, 0, 0, 0, 0, 0, 0, 0, 0, 0, 0, 0, 0, 0, 0, 0, 0, 0, 0, 0, 0, 0, 0, 0, 0, 0, 0, 0, 0, 0, 0, 0, 0, 0, 0, 0, 0, 0, 0, 0, 0, 0, 0, 0, 0, 0, 0, 0, 0, 0, 0, 0, 0, 0, 0, 0, 0, 0, 0, 0, 0, 0, 0, 0, 0, 0, 0, 0, 0, 0, 0, 0, 0, 0, 0, 0, 0, 0, 0, 0, 0, 0, 0, 0, 0, 0, 0, 0, 0, 0, 0, 0, 0, 0, 0, 0, 0, 0, 0, 0, 0, 0, 0, 0, 0, 0, 0, 0, 0, 0, 0, 0, 0, 0, 0, 0]",280,"[0.38420307636260986, 0.34460216760635376, 0.30717429518699646, 0.3162343502044678, 0.291358083486557, 0.27217647433280945, 0.24282841384410858, 0.24026653170585632, 0.24564915895462036, 0.2609209418296814, 0.22875070571899414, 0.2527187466621399, 0.2659912109375, 0.28737369179725647, 0.2720886170864105, 0.2962155044078827, 0.28587496280670166, 0.3165554106235504, 0.3814886510372162, 0.31200870871543884, 0.3317551016807556, 0.3267149329185486, 0.3101797103881836, 0.30992069840431213, 0.30829495191574097, 0.4019855856895447, 0.3321742117404938, 0.3857247233390808, 0.42688313126564026, 0.38251808285713196, 0.3800644278526306, 0.4137893319129944, 0.42721474170684814, 0.43744635581970215, 0.49849459528923035, 0.41659092903137207, 0.43469759821891785, 0.41900739073753357, 0.4072379171848297, 0.43007969856262207, 0.4166860580444336, 0.41379040479660034, 0.640221118927002, 0.41060006618499756, 0.5664735436439514, 0.4097163677215576, 0.43097224831581116, 0.48343926668167114, 0.407806932926178, 0.41488590836524963, 0.4405905604362488, 0.4081832766532898, 0.4107101559638977, 0.4109933376312256, 0.40825045108795166, 0.40743428468704224, 0.40743622183799744, 0.41898882389068604, 0.41500434279441833, 0.4180751144886017, 0.41137775778770447, 0.4072900414466858, 0.4425533711910248, 0.40842047333717346, 0.40882667899131775, 0.40807950496673584, 0.5108407735824585, 0.41510024666786194, 0.4136812686920166, 0.41092392802238464, 0.4785657823085785, 0.4237405061721802, 0.4189140796661377, 0.4072991609573364, 0.40874728560447693, 0.4609081745147705, 0.41021740436553955, 0.40954387187957764, 0.412721186876297, 0.4413832128047943, 0.4085107445716858, 0.4075451195240021, 0.41975003480911255, 0.4092561602592468, 0.4406570494174957, 0.41349324584007263, 0.579121470451355, 0.4230055510997772, 0.4313223361968994, 0.41277095675468445, 0.41132017970085144, 0.41050881147384644, 0.40917572379112244, 0.41364914178848267, 0.40912505984306335, 0.4279102087020874, 0.4077685475349426, 0.40975964069366455, 0.4163092374801636, 0.4375910460948944, 0.414783775806427, 0.42851826548576355, 0.40727123618125916, 0.41097310185432434, 0.48444682359695435, 0.46407100558280945, 0.5578334331512451, 0.41482308506965637, 0.4364664554595947, 0.4354691207408905, 0.4192968010902405, 0.4090619683265686, 0.4072951376438141, 0.4073100686073303, 0.4073103368282318, 0.4205590784549713, 0.5526458024978638, 0.40944579243659973, 0.40729302167892456, 0.4092366099357605, 0.409773588180542, 0.40958812832832336, 0.41025370359420776, 0.4097577631473541, 0.40966254472732544, 0.40752819180488586, 0.45126640796661377, 0.446781188249588, 0.40722736716270447, 0.40820077061653137, 0.5243032574653625, 0.4381859600543976, 0.4128871560096741, 0.4120545983314514, 0.41372597217559814, 0.4092825651168823, 0.4072558879852295, 0.4198352098464966, 0.41146889328956604, 0.4096623957157135, 0.45958659052848816, 0.41116297245025635, 0.4072311818599701, 0.4079325497150421, 0.4403209686279297, 0.4082165062427521, 0.4226314425468445, 0.4271976947784424, 0.4079056978225708, 0.4671343266963959, 0.42325037717819214, 0.407277375459671, 0.407573401927948, 0.40728825330734253, 0.43564343452453613, 0.40822818875312805, 0.40936145186424255, 0.42133629322052, 0.4206900894641876, 0.4120514690876007, 0.4189704954624176, 0.4179321229457855, 0.40958845615386963, 0.43316954374313354, 0.41943249106407166, 0.40960338711738586, 0.4120349586009979, 0.4141710698604584, 0.4085787236690521, 0.4189079701900482, 0.4083082675933838, 0.41375619173049927, 0.41895705461502075, 0.42704829573631287, 0.41266727447509766, 0.45043423771858215, 0.4391545057296753, 0.4072377383708954, 0.41316068172454834, 0.40864914655685425, 0.4527571201324463, 0.4082944393157959, 0.4384513199329376, 0.40727823972702026, 0.4185287356376648, 0.41242897510528564, 0.43482109904289246, 0.4084824323654175, 0.4074811637401581, 0.42724326252937317, 0.4291047155857086, 0.409496009349823, 0.4072577953338623, 0.41493433713912964, 0.4232936203479767, 0.41498705744743347, 0.41941624879837036, 0.40806227922439575, 0.42484092712402344, 0.40726155042648315, 0.4083927273750305, 0.40723809599876404, 0.42143040895462036, 0.4122978150844574, 0.4230590760707855, 0.4387507140636444, 0.41860076785087585, 0.42184191942214966, 0.40846511721611023, 0.408613920211792, 0.41860267519950867, 0.4508819580078125, 0.4094400703907013, 0.40775448083877563, 0.4753686785697937, 0.43986400961875916, 0.4072960913181305, 0.4188559353351593, 0.40827327966690063, 0.4549756348133087, 0.40992528200149536, 0.46272122859954834, 0.40849417448043823, 0.41228196024894714, 0.4201783835887909, 0.4123019278049469, 0.43558505177497864, 0.41226130723953247, 0.4072929620742798, 0.4082651138305664, 0.41453051567077637, 0.4148767590522766, 0.41217315196990967, 0.4105515778064728, 0.4133131802082062, 0.4370996356010437, 0.41205328702926636, 0.4128356873989105, 0.40827181935310364, 0.4072328209877014, 0.45643728971481323, 0.4072624146938324, 0.41900399327278137, 0.4145938754081726, 0.41172298789024353, 0.4525142312049866, 0.41374027729034424, 0.4072644114494324, 0.414101243019104, 0.40723469853401184, 0.4190398156642914, 0.4084852933883667, 0.41873109340667725, 0.40726426243782043, 0.42045387625694275, 0.41966569423675537, 0.42045870423316956, 0.43676993250846863, 0.40828266739845276, 0.40907448530197144, 0.4250653088092804, 0.40886229276657104, 0.41220152378082275, 0.4073367416858673, 0.40899020433425903, 0.4086938798427582, 0.4132901132106781, 0.4176461398601532, 0.4134143590927124, 0.40753433108329773, 0.41356953978538513, 0.40732258558273315, 0.4148324131965637, 0.4782258868217468, 0.41002053022384644, 0.41551628708839417, 0.4325634241104126, 0.4090975821018219, 0.41332364082336426, 0.4088979959487915]",0.0,"[33.0, 33.0, 33.0, 33.0, 33.0, 29.0, 20.0, 17.0, 16.0, 15.0, 15.0, 13.0, 9.0, 7.0, 7.0, 5.0, 5.0, 4.0, 4.0, 4.0, 4.0, 4.0, 4.0, 4.0, 4.0, 4.0, 4.0, 2.0, 2.0, 2.0, 2.0, 0.0, 0.0, 0.0, 0.0, 0.0, 0.0, 0.0, 0.0, 0.0, 0.0, 0.0, 0.0, 0.0, 0.0, 0.0, 0.0, 0.0, 0.0, 0.0, 0.0, 0.0, 0.0, 0.0, 0.0, 0.0, 0.0, 0.0, 0.0, 0.0, 0.0, 0.0, 0.0, 0.0, 0.0, 0.0, 0.0, 0.0, 0.0, 0.0, 0.0, 0.0, 0.0, 0.0, 0.0, 0.0, 0.0, 0.0, 0.0, 0.0, 0.0, 0.0, 0.0, 0.0, 0.0, 0.0, 0.0, 0.0, 0.0, 0.0, 0.0, 0.0, 0.0, 0.0, 0.0, 0.0, 0.0, 0.0, 0.0, 0.0, 0.0, 0.0, 0.0, 0.0, 0.0, 0.0, 0.0, 0.0, 0.0, 0.0, 0.0, 0.0, 0.0, 0.0, 0.0, 0.0, 0.0, 0.0, 0.0, 0.0, 0.0, 0.0, 0.0, 0.0, 0.0, 0.0, 0.0, 0.0, 0.0, 0.0, 0.0, 0.0, 0.0, 0.0, 0.0, 0.0, 0.0, 0.0, 0.0, 0.0, 0.0, 0.0, 0.0, 0.0, 0.0, 0.0, 0.0, 0.0, 0.0, 0.0, 0.0, 0.0, 0.0, 0.0, 0.0, 0.0, 0.0, 0.0, 0.0, 0.0, 0.0, 0.0, 0.0, 0.0, 0.0, 0.0, 0.0, 0.0, 0.0, 0.0, 0.0, 0.0, 0.0, 0.0, 0.0, 0.0, 0.0, 0.0, 0.0, 0.0, 0.0, 0.0, 0.0, 0.0, 0.0, 0.0, 0.0, 0.0, 0.0, 0.0, 0.0, 0.0, 0.0, 0.0, 0.0, 0.0, 0.0, 0.0, 0.0, 0.0, 0.0, 0.0, 0.0, 0.0, 0.0, 0.0, 0.0, 0.0, 0.0, 0.0, 0.0, 0.0, 0.0, 0.0, 0.0, 0.0, 0.0, 0.0, 0.0, 0.0, 0.0, 0.0, 0.0, 0.0, 0.0, 0.0, 0.0, 0.0, 0.0, 0.0, 0.0, 0.0, 0.0, 0.0, 0.0, 0.0, 0.0, 0.0, 0.0, 0.0, 0.0, 0.0, 0.0, 0.0, 0.0, 0.0, 0.0, 0.0, 0.0, 0.0, 0.0, 0.0, 0.0, 0.0, 0.0, 0.0, 0.0, 0.0, 0.0, 0.0, 0.0, 0.0, 0.0, 0.0, 0.0, 0.0, 0.0, 0.0, 0.0, 0.0, 0.0, 0.0, 0.0, 0.0, 0.0, 0.0, 0.0, 0.0, 0.0, 0.0]",COMPLETE
