,number,value,datetime_start,datetime_complete,duration,params_batch_size_scaler,params_constant_learning_rate,params_depth,params_epochs,params_kernel_l2,params_num_trees,params_temperature,user_attrs_accuracy_test,user_attrs_accuracy_valid,user_attrs_approximate_feature_sparsity,user_attrs_approximate_feature_sparsity_history,user_attrs_approximate_weight_sparsity,user_attrs_approximate_weight_sparsity_history,user_attrs_auc_test,user_attrs_auc_valid,user_attrs_feature_sparsity,user_attrs_feature_sparsity_history,user_attrs_num_epochs,user_attrs_val_loss_history,user_attrs_weight_sparsity,user_attrs_weight_sparsity_history,state
25,25,0.9258801252077133,2024-08-31 01:36:16.976390,2024-08-31 01:45:51.021150,0 days 00:09:34.044760,1,0.012759099050811802,4,450,0.06234242374093828,76,0.0010258948231439751,0.939,0.94125,33,"[33, 33, 33, 33, 33, 33, 33, 33, 33, 33, 33, 33, 33, 33, 33, 33, 33, 33, 33, 33, 33, 33, 33, 33, 33, 33, 33, 33, 33, 33, 33, 33, 33, 33, 33, 33, 33, 33, 33, 33, 33, 33, 33, 33, 33, 33, 33, 33, 33, 33, 33, 33, 33, 33, 33, 33, 33, 33, 33, 33, 33, 33, 33, 33, 33, 33, 33, 33, 33, 33, 33, 33, 33, 33, 33, 33, 33, 33, 33, 33, 33, 33, 33, 33, 33, 33, 33, 33, 33, 33, 33, 33, 33, 33, 33, 33, 33, 33, 33, 33, 33, 33, 33, 33, 33, 33, 33, 33, 33, 33, 33, 33, 33, 33, 33, 33, 33, 33, 33, 33, 33, 33, 33, 33, 33, 33, 33, 33, 33, 33, 33, 33, 33, 33, 33, 33, 33, 33, 33, 33, 33, 33, 33, 33, 33, 33, 33, 33, 33, 33, 33, 33, 33, 33, 33, 33, 33, 33, 33, 33, 33, 33, 33, 33, 33, 33, 33, 33, 33, 33, 33, 33, 33, 33, 33, 33, 33, 33, 33, 33, 33, 33, 33, 33, 33, 33, 33, 33, 33, 33, 33, 33, 33, 33, 33, 33, 33, 33, 33, 33, 33, 33, 33, 33, 33, 33, 33, 33, 33, 33, 33, 33, 33, 33, 33, 33, 33, 33, 33, 33, 33, 33, 33, 33, 33, 33, 33, 33, 33, 33, 33, 33, 33, 33, 33, 33, 33, 33, 33, 33, 33, 33, 33, 33, 33, 33, 33, 33, 33, 33, 33, 33, 33, 33, 33, 33, 33, 33, 33, 33, 33, 33, 33, 33, 33, 33, 33, 33, 33, 33, 33, 33, 33, 33, 33, 33, 33, 33, 33, 33, 33, 33, 33, 33, 33, 33, 33, 33, 33, 33, 33, 33, 33, 33, 33, 33, 33, 33, 33, 33, 33, 33, 33, 33, 33, 33, 33, 33, 33, 33, 33, 33, 33, 33, 33, 33, 33, 33, 33, 33, 33, 33, 33, 33, 33, 33, 33, 33, 33, 33, 33, 33, 33, 33, 33, 33, 33, 33, 33, 33, 33, 33, 33, 33, 33, 33, 33, 33, 33, 33, 33, 33, 33, 33, 33, 33, 33, 33, 33, 33, 33, 33, 33, 33, 33, 33, 33, 33, 33, 33, 33, 33, 33, 33, 33, 33, 33, 33, 33, 33, 33, 33, 33, 33, 33, 33, 33, 33, 33, 33, 33, 33, 33, 33, 33, 33, 33, 33, 33, 33, 33, 33, 33, 33, 33, 33, 33, 33, 33, 33, 33, 33, 33, 33, 33, 33, 33, 33, 33, 33, 33, 33, 33, 33, 33, 33, 33, 33, 33, 33, 33, 33, 33, 33, 33, 33, 33, 33, 33, 33, 33, 33, 33, 33, 33, 33, 33, 33, 33, 33]",32.95438596491228,"[32.953508771929826, 32.958771929824564, 32.95175438596491, 32.96052631578947, 32.95877192982456, 32.969298245614034, 32.96491228070175, 32.96666666666667, 32.95614035087719, 32.96315789473684, 32.95614035087719, 32.95087719298245, 32.95087719298245, 32.95087719298245, 32.94649122807017, 32.944736842105264, 32.96228070175439, 32.96228070175439, 32.97017543859649, 32.96666666666666, 32.96842105263158, 32.97017543859649, 32.96578947368421, 32.964035087719296, 32.96578947368421, 32.95789473684211, 32.96666666666667, 32.96140350877193, 32.96842105263158, 32.959649122807015, 32.964035087719296, 32.97280701754386, 32.95175438596491, 32.95789473684211, 32.95701754385965, 32.96052631578947, 32.96228070175439, 32.955263157894734, 32.967543859649126, 32.96578947368421, 32.959649122807015, 32.96578947368421, 32.96315789473684, 32.96140350877193, 32.96491228070175, 32.96754385964912, 32.96315789473684, 32.95701754385965, 32.96140350877193, 32.95263157894737, 32.95438596491228, 32.94385964912281, 32.9578947368421, 32.96140350877192, 32.95438596491228, 32.96052631578947, 32.96315789473684, 32.958771929824564, 32.959649122807015, 32.964035087719296, 32.96140350877193, 32.95438596491228, 32.95175438596491, 32.95614035087719, 32.96315789473684, 32.959649122807015, 32.958771929824564, 32.955263157894734, 32.955263157894734, 32.95263157894737, 32.958771929824564, 32.96315789473684, 32.95964912280702, 32.95614035087719, 32.95350877192982, 32.95263157894737, 32.958771929824564, 32.95701754385965, 32.95789473684211, 32.964035087719296, 32.96491228070175, 32.955263157894734, 32.958771929824564, 32.958771929824564, 32.96140350877193, 32.96578947368421, 32.965789473684204, 32.97280701754386, 32.96842105263158, 32.96315789473684, 32.96052631578947, 32.95701754385965, 32.953508771929826, 32.95701754385965, 32.95701754385965, 32.949122807017545, 32.949122807017545, 32.94824561403509, 32.95877192982456, 32.95877192982456, 32.95877192982456, 32.959649122807015, 32.95438596491228, 32.959649122807015, 32.955263157894734, 32.96228070175438, 32.95877192982456, 32.95964912280702, 32.95175438596491, 32.95438596491228, 32.95087719298245, 32.958771929824564, 32.955263157894734, 32.95789473684211, 32.95438596491228, 32.9578947368421, 32.95614035087719, 32.95877192982456, 32.955263157894734, 32.95175438596491, 32.963157894736845, 32.95263157894737, 32.95614035087719, 32.95175438596491, 32.954385964912284, 32.955263157894734, 32.954385964912284, 32.94824561403509, 32.95175438596491, 32.95438596491228, 32.95263157894737, 32.95263157894737, 32.955263157894734, 32.94649122807017, 32.94561403508772, 32.94649122807017, 32.945614035087715, 32.94649122807018, 32.93859649122807, 32.94473684210526, 32.94736842105263, 32.949122807017545, 32.94736842105263, 32.94122807017544, 32.94210526315789, 32.94298245614035, 32.94385964912281, 32.94561403508772, 32.94649122807017, 32.94649122807017, 32.94561403508772, 32.953508771929826, 32.94210526315789, 32.94385964912281, 32.95263157894737, 32.95350877192982, 32.95263157894737, 32.95, 32.94736842105263, 32.95087719298245, 32.95614035087719, 32.96140350877193, 32.96315789473684, 32.96578947368421, 32.96315789473684, 32.96491228070175, 32.95877192982456, 32.96052631578947, 32.95877192982456, 32.95175438596491, 32.953508771929826, 32.95614035087719, 32.95701754385965, 32.955263157894734, 32.95438596491228, 32.95087719298245, 32.954385964912284, 32.96052631578947, 32.96228070175438, 32.955263157894734, 32.95087719298245, 32.94385964912281, 32.94561403508772, 32.949999999999996, 32.94649122807017, 32.95263157894737, 32.95350877192982, 32.95701754385965, 32.953508771929826, 32.949999999999996, 32.95263157894737, 32.95087719298245, 32.949122807017545, 32.945614035087715, 32.95175438596491, 32.94736842105263, 32.95087719298245, 32.953508771929826, 32.95701754385965, 32.95350877192982, 32.95263157894736, 32.95, 32.95175438596491, 32.94824561403509, 32.94824561403509, 32.95175438596491, 32.96315789473684, 32.9578947368421, 32.9578947368421, 32.95701754385965, 32.953508771929826, 32.959649122807015, 32.95701754385965, 32.953508771929826, 32.944736842105264, 32.94649122807017, 32.94649122807017, 32.945614035087715, 32.945614035087715, 32.95, 32.95263157894737, 32.95175438596491, 32.955263157894734, 32.95614035087719, 32.96052631578947, 32.95877192982456, 32.95263157894737, 32.954385964912284, 32.96052631578947, 32.96315789473684, 32.96228070175438, 32.97017543859649, 32.97105263157895, 32.969298245614034, 32.97017543859649, 32.96491228070175, 32.96228070175439, 32.96666666666666, 32.96491228070175, 32.964035087719296, 32.96491228070175, 32.967543859649126, 32.96666666666667, 32.964035087719296, 32.969298245614034, 32.96842105263158, 32.969298245614034, 32.97105263157894, 32.973684210526315, 32.97017543859649, 32.959649122807015, 32.959649122807015, 32.95438596491228, 32.95614035087719, 32.95614035087719, 32.959649122807015, 32.96491228070175, 32.96491228070175, 32.96666666666667, 32.96666666666666, 32.96578947368421, 32.97105263157894, 32.96052631578947, 32.95701754385965, 32.95263157894737, 32.95789473684211, 32.96140350877193, 32.95701754385965, 32.95877192982456, 32.96228070175438, 32.964035087719296, 32.96491228070175, 32.96842105263158, 32.97280701754386, 32.97105263157894, 32.9719298245614, 32.96578947368421, 32.964035087719296, 32.969298245614034, 32.97105263157895, 32.96666666666666, 32.96491228070175, 32.96666666666666, 32.97105263157894, 32.9719298245614, 32.96315789473684, 32.964035087719296, 32.96140350877193, 32.96140350877193, 32.95877192982456, 32.95789473684211, 32.95877192982456, 32.95877192982456, 32.95701754385965, 32.96228070175438, 32.96491228070175, 32.96140350877193, 32.96491228070175, 32.96052631578947, 32.95877192982456, 32.959649122807015, 32.96228070175439, 32.95614035087719, 32.95263157894737, 32.954385964912284, 32.954385964912284, 32.955263157894734, 32.94736842105263, 32.945614035087715, 32.949999999999996, 32.95350877192982, 32.95175438596491, 32.95175438596491, 32.95087719298245, 32.94824561403509, 32.949122807017545, 32.949999999999996, 32.94649122807018, 32.94736842105264, 32.94649122807018, 32.95175438596491, 32.95438596491228, 32.95175438596491, 32.95087719298246, 32.95263157894737, 32.95263157894737, 32.95263157894737, 32.955263157894734, 32.95701754385965, 32.95263157894737, 32.95614035087719, 32.95789473684211, 32.95614035087719, 32.955263157894734, 32.96052631578947, 32.95438596491228, 32.95614035087719, 32.95350877192982, 32.95263157894737, 32.95263157894737, 32.94385964912281, 32.94298245614035, 32.95, 32.953508771929826, 32.953508771929826, 32.955263157894734, 32.95263157894737, 32.949999999999996, 32.95350877192982, 32.953508771929826, 32.95789473684211, 32.96052631578947, 32.96315789473684, 32.95789473684211, 32.96140350877193, 32.96140350877193, 32.959649122807015, 32.95701754385965, 32.95877192982456, 32.96315789473684, 32.958771929824564, 32.96754385964912, 32.96578947368421, 32.964035087719296, 32.96578947368421, 32.96228070175438, 32.95614035087719, 32.95964912280702, 32.95789473684211, 32.96315789473684, 32.96140350877192, 32.96315789473684, 32.96315789473684, 32.96140350877193, 32.96140350877193, 32.95964912280702, 32.959649122807015, 32.958771929824564, 32.96228070175439, 32.967543859649126, 32.96578947368421, 32.96228070175438, 32.96052631578947, 32.958771929824564, 32.958771929824564, 32.95789473684211, 32.95701754385965, 32.95, 32.95087719298245, 32.955263157894734, 32.95789473684211, 32.96140350877193, 32.95175438596491, 32.95438596491228, 32.94912280701754, 32.95438596491228, 32.95, 32.95263157894737, 32.95263157894737, 32.94912280701754, 32.94824561403509, 32.95263157894737, 32.95350877192982, 32.949999999999996, 32.94736842105263, 32.95, 32.94736842105263, 32.949122807017545, 32.95, 32.95175438596491, 32.95087719298246, 32.94210526315789, 32.94298245614035, 32.944736842105264, 32.945614035087715, 32.94561403508772, 32.940350877192984, 32.94385964912281, 32.95, 32.95877192982456, 32.959649122807015, 32.96491228070175, 32.964035087719296, 32.96228070175438, 32.95877192982456, 32.959649122807015, 32.95789473684211, 32.95789473684211, 32.95175438596491, 32.95263157894737, 32.95175438596491, 32.95175438596491, 32.95175438596491, 32.953508771929826, 32.955263157894734, 32.95877192982456, 32.95877192982456, 32.95701754385965, 32.95438596491228, 32.95701754385965, 32.95789473684211, 32.95701754385965, 32.95438596491228, 32.95175438596491, 32.95263157894737, 32.95438596491228, 32.95350877192982, 32.949999999999996, 32.953508771929826, 32.95438596491228]",0.9109635977839975,0.9258801252077133,33,"[33, 33, 33, 33, 33, 33, 33, 33, 33, 33, 33, 33, 33, 33, 33, 33, 33, 33, 33, 33, 33, 33, 33, 33, 33, 33, 33, 33, 33, 33, 33, 33, 33, 33, 33, 33, 33, 33, 33, 33, 33, 33, 33, 33, 33, 33, 33, 33, 33, 33, 33, 33, 33, 33, 33, 33, 33, 33, 33, 33, 33, 33, 33, 33, 33, 33, 33, 33, 33, 33, 33, 33, 33, 33, 33, 33, 33, 33, 33, 33, 33, 33, 33, 33, 33, 33, 33, 33, 33, 33, 33, 33, 33, 33, 33, 33, 33, 33, 33, 33, 33, 33, 33, 33, 33, 33, 33, 33, 33, 33, 33, 33, 33, 33, 33, 33, 33, 33, 33, 33, 33, 33, 33, 33, 33, 33, 33, 33, 33, 33, 33, 33, 33, 33, 33, 33, 33, 33, 33, 33, 33, 33, 33, 33, 33, 33, 33, 33, 33, 33, 33, 33, 33, 33, 33, 33, 33, 33, 33, 33, 33, 33, 33, 33, 33, 33, 33, 33, 33, 33, 33, 33, 33, 33, 33, 33, 33, 33, 33, 33, 33, 33, 33, 33, 33, 33, 33, 33, 33, 33, 33, 33, 33, 33, 33, 33, 33, 33, 33, 33, 33, 33, 33, 33, 33, 33, 33, 33, 33, 33, 33, 33, 33, 33, 33, 33, 33, 33, 33, 33, 33, 33, 33, 33, 33, 33, 33, 33, 33, 33, 33, 33, 33, 33, 33, 33, 33, 33, 33, 33, 33, 33, 33, 33, 33, 33, 33, 33, 33, 33, 33, 33, 33, 33, 33, 33, 33, 33, 33, 33, 33, 33, 33, 33, 33, 33, 33, 33, 33, 33, 33, 33, 33, 33, 33, 33, 33, 33, 33, 33, 33, 33, 33, 33, 33, 33, 33, 33, 33, 33, 33, 33, 33, 33, 33, 33, 33, 33, 33, 33, 33, 33, 33, 33, 33, 33, 33, 33, 33, 33, 33, 33, 33, 33, 33, 33, 33, 33, 33, 33, 33, 33, 33, 33, 33, 33, 33, 33, 33, 33, 33, 33, 33, 33, 33, 33, 33, 33, 33, 33, 33, 33, 33, 33, 33, 33, 33, 33, 33, 33, 33, 33, 33, 33, 33, 33, 33, 33, 33, 33, 33, 33, 33, 33, 33, 33, 33, 33, 33, 33, 33, 33, 33, 33, 33, 33, 33, 33, 33, 33, 33, 33, 33, 33, 33, 33, 33, 33, 33, 33, 33, 33, 33, 33, 33, 33, 33, 33, 33, 33, 33, 33, 33, 33, 33, 33, 33, 33, 33, 33, 33, 33, 33, 33, 33, 33, 33, 33, 33, 33, 33, 33, 33, 33, 33, 33, 33, 33, 33, 33, 33, 33, 33, 33, 33, 33, 33, 33, 33, 33, 33, 33, 33, 33, 33, 33, 33, 33, 33, 33]",450,"[0.4034799635410309, 0.3968769907951355, 0.3920322358608246, 0.3885710537433624, 0.38524651527404785, 0.38332998752593994, 0.3810163140296936, 0.37891724705696106, 0.3774843215942383, 0.3757351338863373, 0.37532368302345276, 0.37358519434928894, 0.37213513255119324, 0.371196985244751, 0.36994922161102295, 0.3690929710865021, 0.36799320578575134, 0.3673929274082184, 0.3661281168460846, 0.3653533458709717, 0.36429363489151, 0.3634408116340637, 0.36259081959724426, 0.3616734743118286, 0.36068329215049744, 0.36017686128616333, 0.359035849571228, 0.3583456873893738, 0.35728585720062256, 0.3564967215061188, 0.3558008670806885, 0.35480350255966187, 0.3543744385242462, 0.35361143946647644, 0.3529190421104431, 0.3515525758266449, 0.3507067859172821, 0.3501439690589905, 0.34917381405830383, 0.3483659625053406, 0.3476332128047943, 0.34679165482521057, 0.34609851241111755, 0.3456074595451355, 0.3449898064136505, 0.3440473675727844, 0.34310123324394226, 0.34249478578567505, 0.341755211353302, 0.3409731388092041, 0.3401978611946106, 0.33947622776031494, 0.338878870010376, 0.3382495939731598, 0.33728086948394775, 0.3367185890674591, 0.3363971412181854, 0.3351733386516571, 0.33441343903541565, 0.33368462324142456, 0.3334709107875824, 0.3324914574623108, 0.3315185606479645, 0.33098533749580383, 0.3303540050983429, 0.32969310879707336, 0.3289079964160919, 0.3279571533203125, 0.3271387219429016, 0.3263552486896515, 0.325603723526001, 0.32553160190582275, 0.3241158723831177, 0.3235020339488983, 0.3229168653488159, 0.321770578622818, 0.3211557865142822, 0.3201237916946411, 0.3192986249923706, 0.31894299387931824, 0.31867215037345886, 0.3168667256832123, 0.31606045365333557, 0.3154849410057068, 0.3142760396003723, 0.3141358494758606, 0.312580943107605, 0.31200772523880005, 0.3110176920890808, 0.3097452223300934, 0.3087995648384094, 0.3084705173969269, 0.30699843168258667, 0.3060343265533447, 0.3052029311656952, 0.30405423045158386, 0.30299609899520874, 0.30216220021247864, 0.30103713274002075, 0.30083030462265015, 0.2994258999824524, 0.29813510179519653, 0.2970743179321289, 0.29602792859077454, 0.2950619161128998, 0.29421699047088623, 0.2929594814777374, 0.29186001420021057, 0.2909081280231476, 0.29020094871520996, 0.2895239591598511, 0.2879750728607178, 0.2870928645133972, 0.28594982624053955, 0.28567802906036377, 0.2838529050350189, 0.2830362319946289, 0.28208354115486145, 0.28112077713012695, 0.28067588806152344, 0.27923330664634705, 0.27844977378845215, 0.27741971611976624, 0.2767363488674164, 0.2763505280017853, 0.27473077178001404, 0.27398455142974854, 0.27328580617904663, 0.27228638529777527, 0.27170678973197937, 0.2707516551017761, 0.2700827121734619, 0.26937201619148254, 0.2691241502761841, 0.26807838678359985, 0.2671052813529968, 0.2666941285133362, 0.265634685754776, 0.26499423384666443, 0.2643797993659973, 0.2638937532901764, 0.26310378313064575, 0.2627882659435272, 0.26225781440734863, 0.26151809096336365, 0.2608451545238495, 0.26023560762405396, 0.259608656167984, 0.25908610224723816, 0.258518248796463, 0.2580948770046234, 0.25751593708992004, 0.25702303647994995, 0.2563873827457428, 0.2558472156524658, 0.2553921043872833, 0.2548980414867401, 0.2543732225894928, 0.25388702750205994, 0.2536178231239319, 0.253030002117157, 0.25275278091430664, 0.25219717621803284, 0.25168222188949585, 0.2512361407279968, 0.25071147084236145, 0.2503840923309326, 0.24997171759605408, 0.24955226480960846, 0.24915465712547302, 0.24876227974891663, 0.2482089400291443, 0.24784980714321136, 0.2477404773235321, 0.24699129164218903, 0.24657849967479706, 0.24716675281524658, 0.2461940050125122, 0.24587568640708923, 0.2453717589378357, 0.2452537566423416, 0.24459892511367798, 0.24397075176239014, 0.24362963438034058, 0.24340786039829254, 0.24297454953193665, 0.24269485473632812, 0.24211840331554413, 0.24175205826759338, 0.24191467463970184, 0.24112926423549652, 0.24074263870716095, 0.24099570512771606, 0.24013742804527283, 0.23978085815906525, 0.23945677280426025, 0.2391059547662735, 0.2386191487312317, 0.2383314073085785, 0.23840738832950592, 0.23774182796478271, 0.23759710788726807, 0.23709523677825928, 0.23672205209732056, 0.23657657206058502, 0.23665407299995422, 0.235996812582016, 0.2353328913450241, 0.2351468801498413, 0.23479990661144257, 0.23446916043758392, 0.23438577353954315, 0.2343246042728424, 0.2342788130044937, 0.23323972523212433, 0.23287266492843628, 0.23281921446323395, 0.23232850432395935, 0.23208704590797424, 0.23170346021652222, 0.23178382217884064, 0.23140791058540344, 0.23133307695388794, 0.2312818020582199, 0.23053216934204102, 0.23097747564315796, 0.2296418994665146, 0.2294875979423523, 0.22940565645694733, 0.22874867916107178, 0.22900104522705078, 0.22901314496994019, 0.2277062088251114, 0.22756166756153107, 0.22751685976982117, 0.2275894582271576, 0.22729627788066864, 0.2270105928182602, 0.22637835144996643, 0.22644206881523132, 0.22599487006664276, 0.22584044933319092, 0.22556452453136444, 0.22533956170082092, 0.22540666162967682, 0.22491557896137238, 0.2241801768541336, 0.22383034229278564, 0.22439716756343842, 0.22334155440330505, 0.2229316085577011, 0.22302839159965515, 0.2230985462665558, 0.2222815454006195, 0.22183267772197723, 0.22237907350063324, 0.22174471616744995, 0.22136005759239197, 0.22168514132499695, 0.2213025689125061, 0.22098632156848907, 0.2204408198595047, 0.22019998729228973, 0.21998699009418488, 0.22012954950332642, 0.2195327877998352, 0.2191283404827118, 0.21889755129814148, 0.21876686811447144, 0.21828195452690125, 0.21851158142089844, 0.21827268600463867, 0.21844825148582458, 0.21815301477909088, 0.2175823450088501, 0.21748249232769012, 0.2173280119895935, 0.21727077662944794, 0.2163940817117691, 0.21661990880966187, 0.2162654548883438, 0.21671076118946075, 0.21564580500125885, 0.21529468894004822, 0.21544502675533295, 0.21483784914016724, 0.2148088663816452, 0.21473455429077148, 0.21451936662197113, 0.2143820822238922, 0.2141585797071457, 0.21420136094093323, 0.21394921839237213, 0.214254230260849, 0.21331186592578888, 0.2136859893798828, 0.21332700550556183, 0.21296195685863495, 0.21251101791858673, 0.21250827610492706, 0.21224445104599, 0.21222010254859924, 0.212483748793602, 0.2119760662317276, 0.2112271934747696, 0.21227619051933289, 0.21140876412391663, 0.21116626262664795, 0.21129922568798065, 0.21071398258209229, 0.2104964703321457, 0.2106243073940277, 0.21007230877876282, 0.20996800065040588, 0.2103835940361023, 0.20948557555675507, 0.20952655375003815, 0.20960085093975067, 0.20999975502490997, 0.20992013812065125, 0.2093736231327057, 0.2088662087917328, 0.20917683839797974, 0.20836548507213593, 0.2087424397468567, 0.20967024564743042, 0.20833583176136017, 0.20819643139839172, 0.20945145189762115, 0.20759323239326477, 0.2081320583820343, 0.20800963044166565, 0.20753763616085052, 0.2071959525346756, 0.20728881657123566, 0.2069765329360962, 0.20708784461021423, 0.2068466991186142, 0.20665548741817474, 0.2065444439649582, 0.20663243532180786, 0.20664651691913605, 0.20594120025634766, 0.2062118947505951, 0.20576633512973785, 0.2063227891921997, 0.20701390504837036, 0.20579969882965088, 0.20588310062885284, 0.20589160919189453, 0.2059774249792099, 0.2057497799396515, 0.20504991710186005, 0.20568682253360748, 0.20529678463935852, 0.20561878383159637, 0.2050926387310028, 0.20539261400699615, 0.20518437027931213, 0.20491914451122284, 0.20500686764717102, 0.20473644137382507, 0.20439235866069794, 0.20474493503570557, 0.2041306495666504, 0.20382215082645416, 0.20381836593151093, 0.20439983904361725, 0.20527949929237366, 0.20410366356372833, 0.20349138975143433, 0.20454461872577667, 0.20401997864246368, 0.2034785896539688, 0.2031290978193283, 0.2033744603395462, 0.20400668680667877, 0.20282059907913208, 0.20323120057582855, 0.20324435830116272, 0.20409302413463593, 0.20328187942504883, 0.2028549313545227, 0.20288118720054626, 0.20332282781600952, 0.20283284783363342, 0.20326431095600128, 0.20198877155780792, 0.2021591067314148, 0.2021695077419281, 0.20202723145484924, 0.20240435004234314, 0.20159049332141876, 0.20274804532527924, 0.20179657638072968, 0.20254014432430267, 0.20228815078735352, 0.2018013447523117, 0.20241373777389526, 0.20169328153133392, 0.20188871026039124, 0.2024042010307312, 0.2015180140733719, 0.2010398507118225, 0.2006414234638214, 0.2013331800699234, 0.20057205855846405, 0.20064710080623627, 0.2013324350118637, 0.2009556144475937, 0.20161736011505127, 0.20038752257823944, 0.20091021060943604, 0.20074474811553955, 0.20108987390995026, 0.20090864598751068, 0.20045159757137299, 0.20123575627803802, 0.20062389969825745, 0.1997031420469284, 0.20055285096168518, 0.20034904778003693, 0.20091688632965088, 0.20070990920066833, 0.2005811482667923, 0.200023353099823, 0.19958847761154175, 0.199571430683136, 0.19968366622924805, 0.2000553458929062, 0.20010030269622803, 0.20012155175209045, 0.1997184008359909, 0.19929328560829163, 0.20021070539951324, 0.1996029