,number,value,datetime_start,datetime_complete,duration,params_batch_size_scaler,params_constant_learning_rate,params_depth,params_epochs,params_kernel_l2,params_num_trees,params_temperature,user_attrs_accuracy_test,user_attrs_accuracy_valid,user_attrs_approximate_feature_sparsity,user_attrs_approximate_feature_sparsity_history,user_attrs_approximate_weight_sparsity,user_attrs_approximate_weight_sparsity_history,user_attrs_auc_test,user_attrs_auc_valid,user_attrs_feature_sparsity,user_attrs_feature_sparsity_history,user_attrs_num_epochs,user_attrs_val_loss_history,user_attrs_weight_sparsity,user_attrs_weight_sparsity_history,state
141,141,0.5,2024-08-31 05:40:29.957273,2024-08-31 05:40:57.796633,0 days 00:00:27.839360,64,0.3978043272602309,1,340,0.019469192749701922,94,0.02733483226842953,0.141,0.14125,0,"[33, 33, 33, 33, 33, 33, 30, 23, 11, 6, 3, 2, 1, 1, 1, 1, 1, 0, 0, 0, 0, 0, 0, 0, 0, 0, 0, 0, 0, 0, 0, 0, 0, 0, 0, 0, 0, 0, 0, 0, 0, 0, 0, 0, 0, 0, 0, 0, 0, 0, 0, 0, 0, 0, 0, 0, 0, 0, 0, 0, 0, 0, 0, 0, 0, 0, 0, 0, 0, 0, 0, 0, 0, 0, 0, 0, 0, 0, 0, 0, 0, 0, 0, 0, 0, 0, 0, 0, 0, 0, 0, 0, 0, 0, 0, 0, 0, 0, 0, 0, 0, 0, 0, 0, 0, 0, 0, 0, 0, 0, 0, 0, 0, 0, 0, 0, 0, 0, 0, 0, 0, 0, 0, 0, 0, 0, 0, 0, 0, 0, 0, 0, 0, 0, 0, 0, 0, 0, 0, 0, 0, 0, 0, 0, 0, 0, 0, 0, 0, 0, 0, 0, 0, 0, 0, 0, 0, 0, 0, 0, 0, 0, 0, 0, 0, 0, 0, 0, 0, 0, 0, 0, 0, 0, 0, 0, 0, 0, 0, 0, 0, 0, 0, 0, 0, 0, 0, 0, 0, 0, 0, 0, 0, 0, 0, 0, 0, 0, 0, 0, 0, 0, 0, 0, 0, 0, 0, 0, 0, 0, 0, 0, 0, 0, 0, 0, 0, 0, 0, 0, 0, 0, 0, 0, 0, 0, 0, 0, 0, 0, 0, 0, 0, 0, 0, 0, 0, 0, 0, 0, 0, 0, 0, 0, 0, 0, 0, 0, 0, 0, 0, 0, 0, 0, 0, 0, 0, 0, 0, 0, 0, 0, 0, 0, 0, 0, 0, 0, 0, 0, 0, 0, 0, 0, 0, 0, 0, 0, 0, 0, 0, 0, 0, 0, 0, 0, 0, 0, 0, 0, 0, 0, 0, 0, 0, 0, 0, 0, 0, 0, 0, 0, 0, 0, 0, 0, 0, 0, 0, 0, 0, 0, 0, 0, 0, 0, 0, 0, 0, 0, 0, 0, 0, 0, 0, 0, 0, 0, 0, 0, 0, 0, 0, 0, 0, 0, 0, 0, 0, 0]",0.0,"[32.95744680851064, 32.98936170212766, 32.98936170212766, 32.98936170212766, 33.0, 32.97872340425532, 29.97872340425532, 22.98936170212766, 10.98936170212766, 6.0, 3.0, 2.0, 1.0, 0.9893617021276596, 1.0, 1.0, 1.0, 0.0, 0.0, 0.0, 0.0, 0.0, 0.0, 0.0, 0.0, 0.0, 0.0, 0.0, 0.0, 0.0, 0.0, 0.0, 0.0, 0.0, 0.0, 0.0, 0.0, 0.0, 0.0, 0.0, 0.0, 0.0, 0.0, 0.0, 0.0, 0.0, 0.0, 0.0, 0.0, 0.0, 0.0, 0.0, 0.0, 0.0, 0.0, 0.0, 0.0, 0.0, 0.0, 0.0, 0.0, 0.0, 0.0, 0.0, 0.0, 0.0, 0.0, 0.0, 0.0, 0.0, 0.0, 0.0, 0.0, 0.0, 0.0, 0.0, 0.0, 0.0, 0.0, 0.0, 0.0, 0.0, 0.0, 0.0, 0.0, 0.0, 0.0, 0.0, 0.0, 0.0, 0.0, 0.0, 0.0, 0.0, 0.0, 0.0, 0.0, 0.0, 0.0, 0.0, 0.0, 0.0, 0.0, 0.0, 0.0, 0.0, 0.0, 0.0, 0.0, 0.0, 0.0, 0.0, 0.0, 0.0, 0.0, 0.0, 0.0, 0.0, 0.0, 0.0, 0.0, 0.0, 0.0, 0.0, 0.0, 0.0, 0.0, 0.0, 0.0, 0.0, 0.0, 0.0, 0.0, 0.0, 0.0, 0.0, 0.0, 0.0, 0.0, 0.0, 0.0, 0.0, 0.0, 0.0, 0.0, 0.0, 0.0, 0.0, 0.0, 0.0, 0.0, 0.0, 0.0, 0.0, 0.0, 0.0, 0.0, 0.0, 0.0, 0.0, 0.0, 0.0, 0.0, 0.0, 0.0, 0.0, 0.0, 0.0, 0.0, 0.0, 0.0, 0.0, 0.0, 0.0, 0.0, 0.0, 0.0, 0.0, 0.0, 0.0, 0.0, 0.0, 0.0, 0.0, 0.0, 0.0, 0.0, 0.0, 0.0, 0.0, 0.0, 0.0, 0.0, 0.0, 0.0, 0.0, 0.0, 0.0, 0.0, 0.0, 0.0, 0.0, 0.0, 0.0, 0.0, 0.0, 0.0, 0.0, 0.0, 0.0, 0.0, 0.0, 0.0, 0.0, 0.0, 0.0, 0.0, 0.0, 0.0, 0.0, 0.0, 0.0, 0.0, 0.0, 0.0, 0.0, 0.0, 0.0, 0.0, 0.0, 0.0, 0.0, 0.0, 0.0, 0.0, 0.0, 0.0, 0.0, 0.0, 0.0, 0.0, 0.0, 0.0, 0.0, 0.0, 0.0, 0.0, 0.0, 0.0, 0.0, 0.0, 0.0, 0.0, 0.0, 0.0, 0.0, 0.0, 0.0, 0.0, 0.0, 0.0, 0.0, 0.0, 0.0, 0.0, 0.0, 0.0, 0.0, 0.0, 0.0, 0.0, 0.0, 0.0, 0.0, 0.0, 0.0, 0.0, 0.0, 0.0, 0.0, 0.0, 0.0, 0.0, 0.0, 0.0, 0.0, 0.0, 0.0, 0.0, 0.0, 0.0, 0.0, 0.0, 0.0, 0.0, 0.0, 0.0, 0.0, 0.0, 0.0, 0.0, 0.0, 0.0, 0.0, 0.0, 0.0, 0.0, 0.0, 0.0, 0.0, 0.0, 0.0, 0.0, 0.0, 0.0, 0.0, 0.0, 0.0, 0.0, 0.0, 0.0, 0.0, 0.0, 0.0, 0.0, 0.0, 0.0, 0.0, 0.0, 0.0, 0.0, 0.0, 0.0, 0.0, 0.0, 0.0, 0.0, 0.0, 0.0, 0.0]",0.5,0.5,0,"[33, 33, 33, 33, 33, 33, 30, 23, 11, 6, 3, 2, 1, 1, 1, 1, 1, 0, 0, 0, 0, 0, 0, 0, 0, 0, 0, 0, 0, 0, 0, 0, 0, 0, 0, 0, 0, 0, 0, 0, 0, 0, 0, 0, 0, 0, 0, 0, 0, 0, 0, 0, 0, 0, 0, 0, 0, 0, 0, 0, 0, 0, 0, 0, 0, 0, 0, 0, 0, 0, 0, 0, 0, 0, 0, 0, 0, 0, 0, 0, 0, 0, 0, 0, 0, 0, 0, 0, 0, 0, 0, 0, 0, 0, 0, 0, 0, 0, 0, 0, 0, 0, 0, 0, 0, 0, 0, 0, 0, 0, 0, 0, 0, 0, 0, 0, 0, 0, 0, 0, 0, 0, 0, 0, 0, 0, 0, 0, 0, 0, 0, 0, 0, 0, 0, 0, 0, 0, 0, 0, 0, 0, 0, 0, 0, 0, 0, 0, 0, 0, 0, 0, 0, 0, 0, 0, 0, 0, 0, 0, 0, 0, 0, 0, 0, 0, 0, 0, 0, 0, 0, 0, 0, 0, 0, 0, 0, 0, 0, 0, 0, 0, 0, 0, 0, 0, 0, 0, 0, 0, 0, 0, 0, 0, 0, 0, 0, 0, 0, 0, 0, 0, 0, 0, 0, 0, 0, 0, 0, 0, 0, 0, 0, 0, 0, 0, 0, 0, 0, 0, 0, 0, 0, 0, 0, 0, 0, 0, 0, 0, 0, 0, 0, 0, 0, 0, 0, 0, 0, 0, 0, 0, 0, 0, 0, 0, 0, 0, 0, 0, 0, 0, 0, 0, 0, 0, 0, 0, 0, 0, 0, 0, 0, 0, 0, 0, 0, 0, 0, 0, 0, 0, 0, 0, 0, 0, 0, 0, 0, 0, 0, 0, 0, 0, 0, 0, 0, 0, 0, 0, 0, 0, 0, 0, 0, 0, 0, 0, 0, 0, 0, 0, 0, 0, 0, 0, 0, 0, 0, 0, 0, 0, 0, 0, 0, 0, 0, 0, 0, 0, 0, 0, 0, 0, 0, 0, 0, 0, 0, 0, 0, 0, 0, 0, 0, 0, 0, 0, 0, 0]",340,"[2.0810513496398926, 3.0093741416931152, 0.4680326581001282, 1.1951955556869507, 0.4891911447048187, 0.9757097363471985, 1.3142062425613403, 1.0395755767822266, 0.3914497494697571, 1.932164192199707, 1.5762141942977905, 2.089423179626465, 1.523288369178772, 0.6450713872909546, 0.8614354729652405, 0.8208226561546326, 0.846188485622406, 0.9239509701728821, 0.5305488705635071, 1.9162421226501465, 3.004606246948242, 0.7311307787895203, 1.1594212055206299, 0.6921860575675964, 0.4456711709499359, 0.8769941926002502, 0.6000069975852966, 1.5109115839004517, 0.7221802473068237, 2.4264888763427734, 1.6403487920761108, 0.4748291075229645, 1.2460300922393799, 2.473750114440918, 0.5490777492523193, 1.097825527191162, 0.9037570357322693, 1.9227672815322876, 1.5769526958465576, 0.6181005835533142, 1.252828598022461, 1.0705363750457764, 0.44057297706604004, 0.7788573503494263, 0.48045217990875244, 0.6180065274238586, 0.9303796887397766, 1.1254271268844604, 0.4676952362060547, 1.0265922546386719, 1.9826388359069824, 1.403344750404358, 1.2349046468734741, 2.0438175201416016, 2.9157378673553467, 1.0636030435562134, 0.42668870091438293, 0.40795668959617615, 2.6536877155303955, 0.4229575991630554, 1.1857671737670898, 0.8042426109313965, 1.7813007831573486, 2.2175371646881104, 1.9794825315475464, 2.9289398193359375, 1.0235795974731445, 0.4090968370437622, 0.823662281036377, 2.146770715713501, 2.1792361736297607, 2.2290332317352295, 1.8831225633621216, 1.9442834854125977, 2.123394727706909, 2.1816720962524414, 2.0141310691833496, 2.982058048248291, 1.670954942703247, 1.460421085357666, 1.4852206707000732, 1.6255667209625244, 0.619864821434021, 1.2628746032714844, 1.8572170734405518, 2.598555326461792, 0.41030097007751465, 2.3676013946533203, 0.7828004360198975, 1.4043008089065552, 0.683982789516449, 0.45280227065086365, 0.7384305000305176, 0.8618943691253662, 0.6143925189971924, 1.304570198059082, 1.59661865234375, 0.9601254463195801, 0.4772559106349945, 0.6814207434654236, 1.0178266763687134, 1.8341262340545654, 0.5586707592010498, 1.439011573791504, 1.3576033115386963, 2.5006914138793945, 0.5811172723770142, 0.986661970615387, 0.7546249628067017, 0.5803102850914001, 1.1518187522888184, 1.9473282098770142, 2.3239200115203857, 1.1871724128723145, 1.7932333946228027, 1.3880358934402466, 1.69002103805542, 0.40859100222587585, 0.667431116104126, 0.412973016500473, 0.5594896674156189, 1.2797532081604004, 2.181562900543213, 2.1614015102386475, 2.092844247817993, 2.8281188011169434, 1.0831414461135864, 0.44256356358528137, 0.493541419506073, 1.2399787902832031, 1.1306648254394531, 2.0592691898345947, 2.225736141204834, 2.2378265857696533, 2.0541884899139404, 2.8838040828704834, 2.243821144104004, 1.5881003141403198, 0.775157630443573, 0.40728655457496643, 2.2111971378326416, 1.6738983392715454, 0.5323508381843567, 2.410792112350464, 0.7320272326469421, 0.41912147402763367, 0.49088847637176514, 0.4455353915691376, 0.8950353860855103, 2.025364637374878, 2.8881843090057373, 0.9604998826980591, 0.47729939222335815, 0.8997979164123535, 0.4085859954357147, 3.2090137004852295, 0.4387657046318054, 0.4241985082626343, 0.8261836767196655, 0.4301927983760834, 2.3722963333129883, 0.8759615421295166, 0.7853524088859558, 0.6581573486328125, 0.40880391001701355, 1.0566496849060059, 0.7821875214576721, 0.8206363916397095, 2.4413068294525146, 1.6695674657821655, 0.7180067300796509, 0.7064167857170105, 0.4082289934158325, 0.8944816589355469, 0.894101083278656, 1.9565876722335815, 2.779665946960449, 0.9809907674789429, 0.5974823832511902, 0.6574734449386597, 0.4241388738155365, 0.43942004442214966, 0.9607638716697693, 0.8436827063560486, 0.5535342693328857, 2.7663826942443848, 1.7096624374389648, 1.1578881740570068, 2.0417141914367676, 2.1206214427948, 2.3075008392333984, 1.4281189441680908, 1.6511873006820679, 0.4832261800765991, 1.4626764059066772, 0.8099064826965332, 0.584877610206604, 1.545884370803833, 0.5048207640647888, 1.002539873123169, 0.4654284715652466, 1.797904372215271, 3.1545441150665283, 0.7203717231750488, 1.9435243606567383, 1.5818138122558594, 0.41388729214668274, 2.25492262840271, 1.8440088033676147, 0.4074351489543915, 1.7246007919311523, 0.7240237593650818, 0.6444754004478455, 1.8444432020187378, 3.1079185009002686, 0.6464494466781616, 0.6712478399276733, 0.40775421261787415, 0.7415830492973328, 0.9647881984710693, 0.4387362599372864, 0.6526668071746826, 0.7590722441673279, 0.5776488780975342, 1.4493728876113892, 0.5436906814575195, 0.6160247325897217, 1.4247386455535889, 1.4941036701202393, 0.6083672046661377, 1.0203555822372437, 1.0999339818954468, 0.5740389823913574, 1.7322182655334473, 0.650584876537323, 0.444515198469162, 0.753795325756073, 0.918982744216919, 0.516235888004303, 3.2721641063690186, 0.4282192289829254, 2.644429922103882, 0.8330082893371582, 0.4818887412548065, 0.5041710734367371, 1.084325909614563, 0.6073185205459595, 1.1161561012268066, 0.9573072791099548, 1.896569848060608, 2.4063024520874023, 0.5444774031639099, 1.373748779296875, 2.0562288761138916, 3.2048065662384033, 0.4482229948043823, 1.1224267482757568, 1.368345022201538, 1.4848746061325073, 0.7367830872535706, 0.47946614027023315, 0.817490816116333, 0.5332412123680115, 2.7357218265533447, 0.718841552734375, 1.144661545753479, 0.5995531678199768, 0.5796602368354797, 1.2268757820129395, 1.30311918258667, 1.9410390853881836, 2.4966728687286377, 0.6342864036560059, 0.5172808766365051, 1.1044361591339111, 1.4627870321273804, 1.8146286010742188, 1.1509844064712524, 2.268484354019165, 1.3225833177566528, 1.5179067850112915, 1.7065300941467285, 1.1104928255081177, 0.7850354909896851, 0.45958590507507324, 1.0811622142791748, 0.8774502277374268, 2.0278563499450684, 2.2938311100006104, 1.1729731559753418, 2.083012342453003, 2.3195250034332275, 0.4430161416530609, 0.42375338077545166, 0.6032224297523499, 1.6134743690490723, 0.464949369430542, 0.5164324641227722, 2.642099380493164, 0.5134755969047546, 2.537341356277466, 0.4670158326625824, 1.6689751148223877, 1.091330647468567, 0.8043763041496277, 0.7247886061668396, 1.3260101079940796, 0.9811143279075623, 1.3263949155807495, 0.6650393009185791, 1.1574304103851318, 1.8239368200302124, 2.3590941429138184, 1.2193114757537842, 1.7105345726013184, 0.6714292764663696, 0.47867757081985474, 1.6521389484405518, 0.5423780083656311, 2.7997541427612305, 0.4430980682373047, 1.2173346281051636, 1.8525755405426025, 1.9148192405700684, 2.718489646911621, 0.9756138324737549, 0.4316718280315399, 0.4163742959499359, 1.9699183702468872, 2.34950590133667, 0.8427093625068665, 1.007014513015747, 0.5472730398178101, 0.7347433567047119, 0.7630590796470642, 1.5076470375061035, 1.2822668552398682, 1.8217382431030273, 1.6458709239959717, 1.0368901491165161]",0.0,"[33.0, 33.0, 33.0, 33.0, 33.0, 33.0, 30.0, 23.0, 11.0, 6.0, 3.0, 2.0, 1.0, 1.0, 1.0, 1.0, 1.0, 0.0, 0.0, 0.0, 0.0, 0.0, 0.0, 0.0, 0.0, 0.0, 0.0, 0.0, 0.0, 0.0, 0.0, 0.0, 0.0, 0.0, 0.0, 0.0, 0.0, 0.0, 0.0, 0.0, 0.0, 0.0, 0.0, 0.0, 0.0, 0.0, 0.0, 0.0, 0.0, 0.0, 0.0, 0.0, 0.0, 0.0, 0.0, 0.0, 0.0, 0.0, 0.0, 0.0, 0.0, 0.0, 0.0, 0.0, 0.0, 0.0, 0.0, 0.0, 0.0, 0.0, 0.0, 0.0, 0.0, 0.0, 0.0, 0.0, 0.0, 0.0, 0.0, 0.0, 0.0, 0.0, 0.0, 0.0, 0.0, 0.0, 0.0, 0.0, 0.0, 0.0, 0.0, 0.0, 0.0, 0.0, 0.0, 0.0, 0.0, 0.0, 0.0, 0.0, 0.0, 0.0, 0.0, 0.0, 0.0, 0.0, 0.0, 0.0, 0.0, 0.0, 0.0, 0.0, 0.0, 0.0, 0.0, 0.0, 0.0, 0.0, 0.0, 0.0, 0.0, 0.0, 0.0, 0.0, 0.0, 0.0, 0.0, 0.0, 0.0, 0.0, 0.0, 0.0, 0.0, 0.0, 0.0, 0.0, 0.0, 0.0, 0.0, 0.0, 0.0, 0.0, 0.0, 0.0, 0.0, 0.0, 0.0, 0.0, 0.0, 0.0, 0.0, 0.0, 0.0, 0.0, 0.0, 0.0, 0.0, 0.0, 0.0, 0.0, 0.0, 0.0, 0.0, 0.0, 0.0, 0.0, 0.0, 0.0, 0.0, 0.0, 0.0, 0.0, 0.0, 0.0, 0.0, 0.0, 0.0, 0.0, 0.0, 0.0, 0.0, 0.0, 0.0, 0.0, 0.0, 0.0, 0.0, 0.0, 0.0, 0.0, 0.0, 0.0, 0.0, 0.0, 0.0, 0.0, 0.0, 0.0, 0.0, 0.0, 0.0, 0.0, 0.0, 0.0, 0.0, 0.0, 0.0, 0.0, 0.0, 0.0, 0.0, 0.0, 0.0, 0.0, 0.0, 0.0, 0.0, 0.0, 0.0, 0.0, 0.0, 0.0, 0.0, 0.0, 0.0, 0.0, 0.0, 0.0, 0.0, 0.0, 0.0, 0.0, 0.0, 0.0, 0.0, 0.0, 0.0, 0.0, 0.0, 0.0, 0.0, 0.0, 0.0, 0.0, 0.0, 0.0, 0.0, 0.0, 0.0, 0.0, 0.0, 0.0, 0.0, 0.0, 0.0, 0.0, 0.0, 0.0, 0.0, 0.0, 0.0, 0.0, 0.0, 0.0, 0.0, 0.0, 0.0, 0.0, 0.0, 0.0, 0.0, 0.0, 0.0, 0.0, 0.0, 0.0, 0.0, 0.0, 0.0, 0.0, 0.0, 0.0, 0.0, 0.0, 0.0, 0.0, 0.0, 0.0, 0.0, 0.0, 0.0, 0.0, 0.0, 0.0, 0.0, 0.0, 0.0, 0.0, 0.0, 0.0, 0.0, 0.0, 0.0, 0.0, 0.0, 0.0, 0.0, 0.0, 0.0, 0.0, 0.0, 0.0, 0.0, 0.0, 0.0, 0.0, 0.0, 0.0, 0.0, 0.0, 0.0, 0.0, 0.0, 0.0, 0.0, 0.0, 0.0, 0.0, 0.0, 0.0, 0.0, 0.0, 0.0, 0.0, 0.0, 0.0, 0.0, 0.0, 0.0, 0.0]",COMPLETE
