,number,value,datetime_start,datetime_complete,duration,params_batch_size_scaler,params_constant_learning_rate,params_depth,params_epochs,params_kernel_l2,params_num_trees,params_temperature,user_attrs_accuracy_test,user_attrs_accuracy_valid,user_attrs_approximate_feature_sparsity,user_attrs_approximate_feature_sparsity_history,user_attrs_approximate_weight_sparsity,user_attrs_approximate_weight_sparsity_history,user_attrs_auc_test,user_attrs_auc_valid,user_attrs_feature_sparsity,user_attrs_feature_sparsity_history,user_attrs_num_epochs,user_attrs_val_loss_history,user_attrs_weight_sparsity,user_attrs_weight_sparsity_history,state
156,156,0.9302727003387822,2024-08-31 06:03:28.599914,2024-08-31 06:23:46.931390,0 days 00:20:18.331476,1,0.0847143999563356,5,475,0.1996106999903067,94,0.02370653007739481,0.931,0.93375,32,"[33, 33, 33, 33, 33, 33, 33, 33, 33, 33, 33, 33, 33, 33, 33, 33, 33, 33, 33, 33, 33, 33, 33, 33, 33, 33, 33, 33, 33, 33, 33, 33, 33, 33, 33, 33, 33, 33, 33, 33, 33, 33, 33, 33, 33, 33, 33, 33, 33, 33, 33, 33, 33, 33, 33, 33, 33, 33, 33, 33, 33, 33, 33, 33, 33, 33, 33, 33, 33, 33, 33, 33, 33, 33, 33, 33, 33, 33, 33, 33, 33, 33, 33, 33, 33, 33, 33, 33, 33, 33, 33, 33, 33, 33, 33, 33, 33, 33, 33, 33, 33, 33, 33, 33, 33, 33, 33, 33, 33, 33, 33, 33, 33, 33, 33, 33, 33, 33, 33, 33, 33, 33, 33, 33, 33, 33, 33, 33, 33, 33, 33, 33, 33, 33, 33, 33, 33, 33, 33, 33, 33, 33, 33, 33, 33, 33, 33, 33, 33, 33, 33, 33, 33, 33, 33, 33, 33, 33, 33, 33, 33, 33, 33, 33, 33, 33, 33, 33, 33, 33, 33, 33, 33, 33, 33, 33, 33, 33, 33, 33, 33, 33, 33, 33, 33, 33, 33, 33, 33, 33, 33, 33, 33, 33, 33, 33, 33, 33, 33, 33, 33, 33, 33, 33, 33, 33, 33, 33, 33, 33, 33, 33, 33, 33, 33, 33, 33, 33, 33, 33, 33, 33, 33, 33, 33, 33, 33, 33, 33, 33, 33, 33, 33, 33, 33, 33, 33, 33, 33, 33, 33, 33, 33, 33, 33, 33, 33, 33, 33, 33, 33, 33, 33, 33, 33, 33, 33, 33, 33, 33, 33, 33, 33, 33, 33, 33, 33, 33, 33, 33, 33, 33, 33, 33, 33, 33, 33, 33, 33, 33, 33, 33, 33, 33, 33, 33, 33, 33, 33, 33, 33, 33, 32, 32, 32, 32, 32, 32, 32, 32, 32, 32, 32, 32, 32, 32, 32, 32, 32, 32, 32, 32, 32, 32, 32, 32, 32, 32, 32, 32, 32, 32, 32, 32, 32, 32, 32, 32, 32, 32, 32, 32, 32, 32, 32, 32, 32, 32, 32, 32, 32, 32, 32, 32, 32, 32, 32, 32, 32, 32, 32, 32, 32, 32, 32, 32, 32, 32, 32, 32, 32, 32, 32, 32, 32, 32, 32, 32, 32, 32, 32, 32, 32, 32, 32, 32, 32, 32, 32, 32, 32, 32, 32, 32, 32, 32, 32, 32, 32, 32, 32, 32, 32, 32, 32, 32, 32, 32, 32, 32, 32, 32, 32, 32, 32, 32, 32, 32, 32, 32, 32, 32, 32, 32, 32, 32, 32, 32, 32, 32, 32, 32, 32, 32, 32, 32, 32, 32, 32, 32, 32, 32, 32, 32, 32, 32, 32, 32, 32, 32, 32, 32, 32, 32, 32, 32, 32, 32, 32, 32, 32, 32, 32, 32, 32, 32, 32, 32, 32, 32, 32, 32, 32, 32, 32, 32, 32, 32, 32, 32, 32, 32, 32, 32, 32]",31.852436513383665,"[32.932738503774885, 32.92862045298559, 32.929649965682906, 32.92141386410433, 32.92210020590254, 32.93239533287577, 32.92862045298559, 32.93033630748113, 32.9248455730954, 32.92759094028826, 32.92827728208648, 32.921070693205216, 32.924502402196296, 32.921070693205216, 32.9289636238847, 32.93136582017845, 32.929306794783805, 32.92964996568291, 32.930679478380235, 32.934454358270415, 32.92793411118737, 32.93136582017845, 32.936513383665066, 32.92793411118737, 32.93754289636239, 32.93719972546329, 32.933081674673986, 32.93239533287577, 32.93411118737131, 32.93617021276596, 32.92518874399451, 32.93239533287577, 32.92553191489362, 32.92553191489362, 32.92141386410432, 32.928620452985584, 32.92175703500343, 32.92964996568291, 32.927247769389155, 32.92381606039808, 32.92724776938916, 32.92553191489362, 32.929306794783805, 32.9248455730954, 32.92621825669183, 32.91763898421414, 32.925875085792725, 32.93136582017845, 32.92862045298559, 32.925875085792725, 32.93239533287577, 32.92278654770075, 32.92278654770076, 32.92656142759094, 32.916609471516814, 32.92518874399451, 32.920384351407, 32.92278654770075, 32.92278654770075, 32.9248455730954, 32.927247769389155, 32.92415923129719, 32.92759094028826, 32.91935483870968, 32.92621825669183, 32.924502402196296, 32.929306794783805, 32.92827728208648, 32.93033630748113, 32.92964996568291, 32.924502402196296, 32.92862045298559, 32.926904598490054, 32.91557995881949, 32.91935483870968, 32.920384351407, 32.9073438572409, 32.91077556623198, 32.91077556623198, 32.90871654083734, 32.91626630061771, 32.91832532601236, 32.91901166781057, 32.920041180507894, 32.913177762525734, 32.912834591626634, 32.918668496911465, 32.9159231297186, 32.91729581331503, 32.920041180507894, 32.91969800960878, 32.91626630061771, 32.919011667810565, 32.91798215511325, 32.92312971859986, 32.91695264241592, 32.90494166094715, 32.915236787920385, 32.91935483870967, 32.920041180507894, 32.91729581331503, 32.911805078929305, 32.914207275223056, 32.91489361702128, 32.91695264241593, 32.91695264241592, 32.91111873713109, 32.91283459162663, 32.916609471516814, 32.91695264241592, 32.91455044612216, 32.91660947151682, 32.91866849691146, 32.91111873713109, 32.90837336993823, 32.910432395332876, 32.91901166781057, 32.9159231297186, 32.91249142072752, 32.91317776252574, 32.90974605353466, 32.91008922443377, 32.9073438572409, 32.91798215511324, 32.91729581331503, 32.914207275223056, 32.91489361702128, 32.91798215511324, 32.915236787920385, 32.915236787920385, 32.90905971173645, 32.908373369938225, 32.913177762525734, 32.91077556623198, 32.9073438572409, 32.905971173644474, 32.91249142072752, 32.91798215511324, 32.91420727522306, 32.91111873713109, 32.91008922443377, 32.9028826355525, 32.90528483184626, 32.90013726835964, 32.899794097460536, 32.90150995195607, 32.90494166094715, 32.89464653397392, 32.90150995195607, 32.89842141386411, 32.90013726835964, 32.89601921757035, 32.898764584763214, 32.90082361015786, 32.90150995195607, 32.895332875772134, 32.89910775566232, 32.90562800274537, 32.89601921757035, 32.896362388469456, 32.896362388469456, 32.89190116678106, 32.888469457789974, 32.88984214138641, 32.896362388469456, 32.895332875772134, 32.894989704873026, 32.901166781056965, 32.895332875772134, 32.89945092656143, 32.8936170212766, 32.891214824982846, 32.90391214824983, 32.90082361015786, 32.89430336307481, 32.90013726835964, 32.89773507206589, 32.90185312285518, 32.898764584763214, 32.90356897735072, 32.89876458476321, 32.89601921757035, 32.895332875772134, 32.893960192175705, 32.896019217570355, 32.89910775566232, 32.896362388469456, 32.90013726835964, 32.9025394646534, 32.901166781056965, 32.899794097460536, 32.89293067947838, 32.89704873026767, 32.895332875772134, 32.894989704873026, 32.89464653397392, 32.89430336307481, 32.889155799588195, 32.89464653397392, 32.898764584763214, 32.89773507206589, 32.895332875772134, 32.897391901166785, 32.89670555936856, 32.898764584763214, 32.89945092656143, 32.901166781056965, 32.897735072065885, 32.90219629375429, 32.898764584763214, 32.898078242965, 32.89670555936856, 32.90082361015786, 32.89704873026768, 32.8936170212766, 32.89464653397392, 32.89601921757035, 32.891901166781054, 32.895332875772134, 32.887096774193544, 32.8850377487989, 32.89087165408373, 32.89224433768016, 32.891214824982846, 32.896019217570355, 32.88846945778998, 32.89190116678106, 32.88881262868909, 32.8850377487989, 32.88538091969801, 32.88538091969801, 32.88469457789979, 32.889155799588195, 32.8850377487989, 32.88709677419355, 32.88263555250515, 32.88984214138641, 32.89327385037749, 32.88743994509266, 32.885724090597115, 32.89121482498284, 32.880576527110506, 32.892587508579275, 32.88846945778998, 32.886753603294444, 32.88881262868909, 32.88538091969801, 32.89087165408374, 32.8936170212766, 32.89464653397392, 32.893960192175705, 32.892587508579275, 32.89704873026768, 32.898764584763214, 32.899794097460536, 32.898078242965, 32.891557995881946, 32.89293067947838, 32.891214824982846, 32.89018531228552, 32.891901166781054, 32.891557995881946, 32.89464653397392, 32.897391901166785, 32.89601921757035, 32.89121482498284, 32.892930679478376, 32.8894989704873, 32.89464653397392, 32.89052848318463, 32.8936170212766, 32.89087165408373, 32.8894989704873, 32.88160603980782, 32.87748798901853, 32.88229238160604, 32.88538091969801, 32.88297872340426, 32.8850377487989, 32.88366506520247, 32.87954701441318, 32.88400823610158, 32.88297872340426, 32.878517501715855, 32.8805765271105, 32.88023335621139, 32.87680164722032, 32.86993822923816, 32.88160603980783, 32.880919698009606, 32.87474262182567, 32.87199725463281, 31.8805765271105, 31.877144818119422, 31.88229238160604, 31.87851750171585, 31.8850377487989, 31.88778311599176, 31.886067261496226, 31.8850377487989, 31.887783115991766, 31.886753603294437, 31.886410432395333, 31.88400823610158, 31.886067261496223, 31.885724090597115, 31.892244337680165, 31.88675360329444, 31.886410432395333, 31.88984214138641, 31.88984214138641, 31.888469457789984, 31.892930679478383, 31.88984214138641, 31.889498970487306, 31.887783115991766, 31.896705559368566, 31.89464653397392, 31.892244337680165, 31.891214824982843, 31.893617021276597, 31.889498970487303, 31.889155799588195, 31.88229238160604, 31.88366506520247, 31.886067261496223, 31.887096774193548, 31.88332189430336, 31.88675360329444, 31.881262868908713, 31.88538091969801, 31.881262868908713, 31.87920384351407, 31.88572409059712, 31.88572409059712, 31.886410432395333, 31.881949210706928, 31.88641043239533, 31.885724090597115, 31.878860672614962, 31.879890185312284, 31.87920384351407, 31.88263555250515, 31.879890185312284, 31.88366506520247, 31.881262868908713, 31.878174330816748, 31.877831159917637, 31.878860672614962, 31.87336993822924, 31.879890185312284, 31.8850377487989, 31.882978723404253, 31.878517501715855, 31.88194921070693, 31.88366506520247, 31.88023335621139, 31.881606039807824, 31.878860672614962, 31.87577213452299, 31.874742621825668, 31.87131091283459, 31.876458476321204, 31.8761153054221, 31.87680164722032, 31.877144818119426, 31.874056280027453, 31.87302676733013, 31.874742621825668, 31.878517501715855, 31.870281400137266, 31.867192862045297, 31.87199725463281, 31.872683596431024, 31.874056280027453, 31.871997254632806, 31.873713109128346, 31.872340425531917, 31.87199725463281, 31.872340425531917, 31.87336993822924, 31.87508579272478, 31.868908716540837, 31.864790665751542, 31.869251887439944, 31.86410432395333, 31.86376115305422, 31.863417982155113, 31.861702127659576, 31.861015785861362, 31.86101578586136, 31.858270418668496, 31.85964310226493, 31.858956760466715, 31.859986273164033, 31.854495538778313, 31.85724090597117, 31.852093342484558, 31.857584076870282, 31.850377487989018, 31.857584076870282, 31.852779684282773, 31.85175017158545, 31.855525051475638, 31.859986273164036, 31.859986273164036, 31.865133836650656, 31.85655456417296, 31.854495538778316, 31.85998627316404, 31.860672614962255, 31.861015785861362, 31.854152367879205, 31.85483870967742, 31.85792724776939, 31.85655456417296, 31.860672614962255, 31.85792724776939, 31.856211393273853, 31.858613589567607, 31.853466026080987, 31.851750171585447, 31.858613589567604, 31.852436513383665, 31.853466026080987, 31.852779684282773, 31.851063829787236, 31.853466026080994, 31.858270418668496, 31.851750171585447, 31.857584076870282, 31.857584076870282, 31.85621139327385, 31.854838709677423, 31.85655456417296, 31.853466026080987, 31.85175017158545, 31.856211393273853, 31.854495538778313, 31.849347975291696, 31.84591626630062, 31.850377487989014, 31.852779684282773, 31.847632120796156, 31.850034317089907, 31.855868222374742, 31.852093342484554, 31.853466026080987, 31.856554564172956, 31.85106382978723, 31.850377487989018, 31.85072065888813, 31.845573095401512, 31.85243651338366, 31.850034317089907, 31.852093342484554, 31.852779684282773, 31.850377487989014, 31.84557309540151, 31.849004804392585, 31.849004804392585, 31.844886753603298, 31.849691146190803, 31.848661633493478, 31.850720658888125, 31.847975291695263, 31.856554564172956, 31.847975291695263, 31.84831846259437, 31.847975291695263, 31.844200411805076, 31.8452299245024, 31.84866163349348, 31.852093342484558, 31.852436513383665]",0.9151578199952113,0.9302727003387822,32,"[33, 33, 33, 33, 33, 33, 33, 33, 33, 33, 33, 33, 33, 33, 33, 33, 33, 33, 33, 33, 33, 33, 33, 33, 33, 33, 33, 33, 33, 33, 33, 33, 33, 33, 33, 33, 33, 33, 33, 33, 33, 33, 33, 33, 33, 33, 33, 33, 33, 33, 33, 33, 33, 33, 33, 33, 33, 33, 33, 33, 33, 33, 33, 33, 33, 33, 33, 33, 33, 33, 33, 33, 33, 33, 33, 33, 33, 33, 33, 33, 33, 33, 33, 33, 33, 33, 33, 33, 33, 33, 33, 33, 33, 33, 33, 33, 33, 33, 33, 33, 33, 33, 33, 33, 33, 33, 33, 33, 33, 33, 33, 33, 33, 33, 33, 33, 33, 33, 33, 33, 33, 33, 33, 33, 33, 33, 33, 33, 33, 33, 33, 33, 33, 33, 33, 33, 33, 33, 33, 33, 33, 33, 33, 33, 33, 33, 33, 33, 33, 33, 33, 33, 33, 33, 33, 33, 33, 33, 33, 33, 33, 33, 33, 33, 33, 33, 33, 33, 33, 33, 33, 33, 33, 33, 33, 33, 33, 33, 33, 33, 33, 33, 33, 33, 33, 33, 33, 33, 33, 33, 33, 33, 33, 33, 33, 33, 33, 33, 33, 33, 33, 33, 33, 33, 33, 33, 33, 33, 33, 33, 33, 33, 33, 33, 33, 33, 33, 33, 33, 33, 33, 33, 33, 33, 33, 33, 33, 33, 33, 33, 33, 33, 33, 33, 33, 33, 33, 33, 33, 33, 33, 33, 33, 33, 33, 33, 33, 33, 33, 33, 33, 33, 33, 33, 33, 33, 33, 33, 33, 33, 33, 33, 33, 33, 33, 33, 33, 33, 33, 33, 33, 33, 33, 33, 33, 33, 33, 33, 33, 33, 33, 33, 33, 33, 33, 33, 33, 33, 33, 33, 33, 33, 32, 32, 32, 32, 32, 32, 32, 32, 32, 32, 32, 32, 32, 32, 32, 32, 32, 32, 32, 32, 32, 32, 32, 32, 32, 32, 32, 32, 32, 32, 32, 32, 32, 32, 32, 32, 32, 32, 32, 32, 32, 32, 32, 32, 32, 32, 32, 32, 32, 32, 32, 32, 32, 32, 32, 32, 32, 32, 32, 32, 32, 32, 32, 32, 32, 32, 32, 32, 32, 32, 32, 32, 32, 32, 32, 32, 32, 32, 32, 32, 32, 32, 32, 32, 32, 32, 32, 32, 32, 32, 32, 32, 32, 32, 32, 32, 32, 32, 32, 32, 32, 32, 32, 32, 32, 32, 32, 32, 32, 32, 32, 32, 32, 32, 32, 32, 32, 32, 32, 32, 32, 32, 32, 32, 32, 32, 32, 32, 32, 32, 32, 32, 32, 32, 32, 32, 32, 32, 32, 32, 32, 32, 32, 32, 32, 32, 32, 32, 32, 32, 32, 32, 32, 32, 32, 32, 32, 32, 32, 32, 32, 32, 32, 32, 32, 32, 32, 32, 32, 32, 32, 32, 32, 32, 32, 32, 32, 32, 32, 32, 32, 32, 32]",475,"[0.3851759433746338, 0.37634649872779846, 0.37106457352638245, 0.3664025068283081, 0.3631712794303894, 0.3597652316093445, 0.35585081577301025, 0.3539695739746094, 0.3534473478794098, 0.3471977710723877, 0.34240394830703735, 0.34050095081329346, 0.3374505937099457, 0.3342027962207794, 0.3305322527885437, 0.32803231477737427, 0.3245159089565277, 0.32188987731933594, 0.321236252784729, 0.31509262323379517, 0.3131871521472931, 0.3063340485095978, 0.30267205834388733, 0.2974465489387512, 0.2928699851036072, 0.2884642481803894, 0.28271153569221497, 0.2799973785877228, 0.2748667001724243, 0.2700164020061493, 0.2673901319503784, 0.2640974521636963, 0.26173505187034607, 0.25769853591918945, 0.2550974190235138, 0.25390341877937317, 0.2531873881816864, 0.24749855697155, 0.24785049259662628, 0.24672016501426697, 0.24356022477149963, 0.24153505265712738, 0.23946790397167206, 0.23733623325824738, 0.24247756600379944, 0.23449435830116272, 0.23442289233207703, 0.23041409254074097, 0.22933143377304077, 0.22824206948280334, 0.22890010476112366, 0.22484587132930756, 0.2259654402732849, 0.2216375470161438, 0.21981386840343475, 0.21922293305397034, 0.21856994926929474, 0.2160286009311676, 0.2181416153907776, 0.21648502349853516, 0.21508675813674927, 0.21441908180713654, 0.21114206314086914, 0.2108519971370697, 0.21095234155654907, 0.21028847992420197, 0.21376486122608185, 0.20933131873607635, 0.21033968031406403, 0.20781412720680237, 0.20905932784080505, 0.20625059306621552, 0.20725801587104797, 0.20505361258983612, 0.20956377685070038, 0.20647919178009033, 0.20456662774085999, 0.20374225080013275, 0.20433998107910156, 0.2036292403936386, 0.20223160088062286, 0.20694294571876526, 0.2042999118566513, 0.20190924406051636, 0.2014555037021637, 0.20091429352760315, 0.2054852843284607, 0.20159271359443665, 0.20017680525779724, 0.20302778482437134, 0.2006891965866089, 0.20102493464946747, 0.19873546063899994, 0.19901956617832184, 0.20117543637752533, 0.1990281045436859, 0.20887045562267303, 0.1972232460975647, 0.19520512223243713, 0.19702215492725372, 0.19414201378822327, 0.19705450534820557, 0.19561590254306793, 0.19831547141075134, 0.2043226957321167, 0.1950630247592926, 0.19638724625110626, 0.20585112273693085, 0.1964186131954193, 0.2027662694454193, 0.20123238861560822, 0.19291940331459045, 0.19215711951255798, 0.19880126416683197, 0.19446830451488495, 0.19341593980789185, 0.19404767453670502, 0.19165009260177612, 0.1941559761762619, 0.1919267326593399, 0.19632047414779663, 0.19547845423221588, 0.1915922313928604, 0.19502443075180054, 0.19233852624893188, 0.19225840270519257, 0.19489379227161407, 0.19410328567028046, 0.19511528313159943, 0.1906341314315796, 0.1886555701494217, 0.18951159715652466, 0.19183579087257385, 0.19088098406791687, 0.19100266695022583, 0.1925657093524933, 0.18827180564403534, 0.1927328258752823, 0.1935293972492218, 0.19169718027114868, 0.19411569833755493, 0.18818581104278564, 0.19313974678516388, 0.18709327280521393, 0.19274300336837769, 0.19284534454345703, 0.18709856271743774, 0.19284291565418243, 0.19681280851364136, 0.19111743569374084, 0.19147062301635742, 0.19036877155303955, 0.18551640212535858, 0.19197744131088257, 0.19350993633270264, 0.188629150390625, 0.19115740060806274, 0.19554197788238525, 0.1890549212694168, 0.19048316776752472, 0.1876630336046219, 0.19479438662528992, 0.199909970164299, 0.18658186495304108, 0.19190500676631927, 0.19864264130592346, 0.18844027817249298, 0.19061188399791718, 0.18716901540756226, 0.19296787679195404, 0.18950971961021423, 0.19506511092185974, 0.19220638275146484, 0.19006018340587616, 0.19121447205543518, 0.1865987777709961, 0.18885542452335358, 0.19552631676197052, 0.190574511885643, 0.1973731815814972, 0.20019052922725677, 0.19366462528705597, 0.19291017949581146, 0.20137304067611694, 0.1943066269159317, 0.18956027925014496, 0.19213947653770447, 0.19222454726696014, 0.1941618025302887, 0.19439847767353058, 0.194671168923378, 0.19647598266601562, 0.19604186713695526, 0.19133009016513824, 0.19703540205955505, 0.1999831199645996, 0.19516929984092712, 0.19395004212856293, 0.19439691305160522, 0.1916281133890152, 0.19887906312942505, 0.19339630007743835, 0.1970973163843155, 0.19826574623584747, 0.20144054293632507, 0.19602340459823608, 0.19350066781044006, 0.19793085753917694, 0.19597333669662476, 0.1959618628025055, 0.19132782518863678, 0.19492590427398682, 0.19820941984653473, 0.19833041727542877, 0.1971462368965149, 0.19422468543052673, 0.19674938917160034, 0.20565780997276306, 0.19540242850780487, 0.19821859896183014, 0.19867311418056488, 0.1945415884256363, 0.2042960226535797, 0.2041218876838684, 0.19532661139965057, 0.19959668815135956, 0.20494404435157776, 0.19898688793182373, 0.20215550065040588, 0.19939546287059784, 0.19649247825145721, 0.19953103363513947, 0.19906377792358398, 0.19993270933628082, 0.20202338695526123, 0.2029563933610916, 0.20280291140079498, 0.20917247235774994, 0.2016497105360031, 0.19616644084453583, 0.2071143537759781, 0.19528323411941528, 0.20841768383979797, 0.1985854208469391, 0.20339103043079376, 0.20024162530899048, 0.2014409601688385, 0.20292887091636658, 0.20255272090435028, 0.19692759215831757, 0.1998085230588913, 0.2062554955482483, 0.20374220609664917, 0.20088157057762146, 0.2079392820596695, 0.20708326995372772, 0.20390556752681732, 0.1970820426940918, 0.20369258522987366, 0.20282110571861267, 0.20325157046318054, 0.2025143951177597, 0.20234450697898865, 0.2005007416009903, 0.20622143149375916, 0.20245686173439026, 0.20281735062599182, 0.21647343039512634, 0.20330332219600677, 0.205609530210495, 0.20691566169261932, 0.20797285437583923, 0.20434695482254028, 0.2114424705505371, 0.20756569504737854, 0.20848852396011353, 0.2041250765323639, 0.210424542427063, 0.20548015832901, 0.21304498612880707, 0.2117355763912201, 0.20809362828731537, 0.20299769937992096, 0.20481309294700623, 0.20778273046016693, 0.21336351335048676, 0.20579499006271362, 0.21457234025001526, 0.20895938575267792, 0.20653313398361206, 0.21579040586948395, 0.20712456107139587, 0.20721179246902466, 0.21257609128952026, 0.2080313265323639, 0.20709997415542603, 0.20875948667526245, 0.22139686346054077, 0.2095085084438324, 0.21286515891551971, 0.21197514235973358, 0.21611711382865906, 0.20922408998012543, 0.20891231298446655, 0.20948220789432526, 0.21183620393276215, 0.2144075632095337, 0.21056337654590607, 0.21275609731674194, 0.21415773034095764, 0.21793343126773834, 0.2126528024673462, 0.2126055210828781, 0.21656595170497894, 0.21130718290805817, 0.209620863199234, 0.21436114609241486, 0.21517391502857208, 0.2186935842037201, 0.2129717320203781, 0.21904169023036957, 0.2119976431131363, 0.21921449899673462, 0.2112967073917389, 0.2145405411720276, 0.21348586678504944, 0.22017084062099457, 0.21625030040740967, 0.21526475250720978, 0.2188088297843933, 0.21801108121871948, 0.21121984720230103, 0.21967589855194092, 0.2142772525548935, 0.21454183757305145, 0.21739141643047333, 0.2205614596605301, 0.2171660214662552, 0.2201351523399353, 0.21902009844779968, 0.22029626369476318, 0.2168756127357483, 0.22206394374370575, 0.22350305318832397, 0.221971333026886, 0.22460560500621796, 0.22232599556446075, 0.2181280106306076, 0.21549776196479797, 0.2179562896490097, 0.22180508077144623, 0.21977323293685913, 0.22481074929237366, 0.21993815898895264, 0.22303541004657745, 0.2193595916032791, 0.2270655781030655, 0.22310808300971985, 0.22306875884532928, 0.22635135054588318, 0.2231004685163498, 0.22787055373191833, 0.22980806231498718, 0.22512605786323547, 0.22305536270141602, 0.22447285056114197, 0.2268320471048355, 0.22730275988578796, 0.2285766750574112, 0.221844881772995, 0.22643886506557465, 0.22904463112354279, 0.2234826236963272, 0.22591690719127655, 0.23448637127876282, 0.23221488296985626, 0.23205098509788513, 0.22510510683059692, 0.22759996354579926, 0.23246337473392487, 0.22671036422252655, 0.22732311487197876, 0.22701357305049896, 0.22950595617294312, 0.23343172669410706, 0.23598049581050873, 0.23217222094535828, 0.2345358431339264, 0.23084552586078644, 0.23046709597110748, 0.23628352582454681, 0.23068556