,number,value,datetime_start,datetime_complete,duration,params_batch_size_scaler,params_constant_learning_rate,params_depth,params_epochs,params_kernel_l2,params_num_trees,params_temperature,user_attrs_accuracy_test,user_attrs_accuracy_valid,user_attrs_approximate_feature_sparsity,user_attrs_approximate_feature_sparsity_history,user_attrs_approximate_weight_sparsity,user_attrs_approximate_weight_sparsity_history,user_attrs_auc_test,user_attrs_auc_valid,user_attrs_feature_sparsity,user_attrs_feature_sparsity_history,user_attrs_num_epochs,user_attrs_val_loss_history,user_attrs_weight_sparsity,user_attrs_weight_sparsity_history,state
116,116,0.9059654004199353,2024-08-31 04:56:49.821658,2024-08-31 04:57:43.665730,0 days 00:00:53.844072,1,0.02293532192245147,1,65,0.09842237119125671,82,0.005029850391084452,0.894,0.8975,33,"[33, 33, 33, 33, 33, 33, 33, 33, 33, 33, 33, 33, 33, 33, 33, 33, 33, 33, 33, 33, 33, 33, 33, 33, 33, 33, 33, 33, 33, 33, 33, 33, 33, 33, 33, 33, 33, 33, 33, 33, 33, 33, 33, 33, 33, 33, 33, 33, 33, 33, 33, 33, 33, 33, 33, 33, 33, 33, 33, 33, 33, 33, 33, 33, 33]",32.963414634146346,"[33.0, 33.0, 32.97560975609756, 32.96341463414634, 32.97560975609756, 32.97560975609756, 32.98780487804878, 32.97560975609756, 32.97560975609756, 33.0, 32.98780487804878, 32.98780487804878, 33.0, 33.0, 32.98780487804878, 32.98780487804878, 33.0, 32.98780487804878, 32.97560975609756, 32.9390243902439, 33.0, 32.97560975609756, 32.963414634146346, 32.9390243902439, 32.97560975609756, 32.96341463414634, 32.97560975609756, 32.98780487804878, 32.98780487804878, 32.97560975609756, 32.97560975609756, 32.9390243902439, 32.963414634146346, 32.963414634146346, 32.963414634146346, 32.951219512195124, 32.98780487804878, 32.963414634146346, 32.951219512195124, 32.963414634146346, 33.0, 32.97560975609756, 32.98780487804878, 32.96341463414634, 32.963414634146346, 32.97560975609756, 32.97560975609756, 32.98780487804878, 32.951219512195124, 32.97560975609756, 32.97560975609756, 32.98780487804878, 32.97560975609756, 32.98780487804878, 32.963414634146346, 32.97560975609756, 32.963414634146346, 32.97560975609756, 32.951219512195124, 32.951219512195124, 32.951219512195124, 32.951219512195124, 32.951219512195124, 32.9390243902439, 32.963414634146346]",0.8945995260859155,0.9059654004199353,33,"[33, 33, 33, 33, 33, 33, 33, 33, 33, 33, 33, 33, 33, 33, 33, 33, 33, 33, 33, 33, 33, 33, 33, 33, 33, 33, 33, 33, 33, 33, 33, 33, 33, 33, 33, 33, 33, 33, 33, 33, 33, 33, 33, 33, 33, 33, 33, 33, 33, 33, 33, 33, 33, 33, 33, 33, 33, 33, 33, 33, 33, 33, 33, 33, 33]",65,"[0.44053253531455994, 0.4298529028892517, 0.42449986934661865, 0.4174320101737976, 0.4121784269809723, 0.4066668748855591, 0.40154120326042175, 0.3966089189052582, 0.3930782079696655, 0.38900038599967957, 0.3857683539390564, 0.38229426741600037, 0.37836676836013794, 0.381371408700943, 0.374266117811203, 0.37032437324523926, 0.3716360330581665, 0.36618536710739136, 0.3637474775314331, 0.3606218099594116, 0.35887610912323, 0.3590741753578186, 0.3555988669395447, 0.3556922972202301, 0.3551313281059265, 0.3524766266345978, 0.36011946201324463, 0.3528180420398712, 0.351607084274292, 0.3451659083366394, 0.3515210747718811, 0.3430975675582886, 0.3399347960948944, 0.36573752760887146, 0.3379758596420288, 0.3322034478187561, 0.33029770851135254, 0.33148524165153503, 0.3296734094619751, 0.32684361934661865, 0.3210235834121704, 0.31803977489471436, 0.3181924521923065, 0.31571996212005615, 0.31160181760787964, 0.3061312437057495, 0.3037489950656891, 0.29972565174102783, 0.3008129596710205, 0.2966589629650116, 0.2970356345176697, 0.293986976146698, 0.2922689914703369, 0.2861577272415161, 0.29222846031188965, 0.2814992666244507, 0.27939778566360474, 0.2837265729904175, 0.2775982916355133, 0.2838937044143677, 0.2768190801143646, 0.27389898896217346, 0.2728882431983948, 0.270015686750412, 0.27028048038482666]",33.0,"[33.0, 33.0, 33.0, 33.0, 33.0, 33.0, 33.0, 33.0, 33.0, 33.0, 33.0, 33.0, 33.0, 33.0, 33.0, 33.0, 33.0, 33.0, 33.0, 33.0, 33.0, 33.0, 33.0, 33.0, 33.0, 33.0, 33.0, 33.0, 33.0, 33.0, 33.0, 33.0, 33.0, 33.0, 33.0, 33.0, 33.0, 33.0, 33.0, 33.0, 33.0, 33.0, 33.0, 33.0, 33.0, 33.0, 33.0, 33.0, 33.0, 33.0, 33.0, 33.0, 33.0, 33.0, 33.0, 33.0, 33.0, 33.0, 33.0, 33.0, 33.0, 33.0, 33.0, 33.0, 33.0]",COMPLETE
