,number,value,datetime_start,datetime_complete,duration,params_batch_size_scaler,params_constant_learning_rate,params_depth,params_epochs,params_kernel_l2,params_num_trees,params_temperature,user_attrs_accuracy_test,user_attrs_accuracy_valid,user_attrs_approximate_feature_sparsity,user_attrs_approximate_feature_sparsity_history,user_attrs_approximate_weight_sparsity,user_attrs_approximate_weight_sparsity_history,user_attrs_auc_test,user_attrs_auc_valid,user_attrs_feature_sparsity,user_attrs_feature_sparsity_history,user_attrs_num_epochs,user_attrs_val_loss_history,user_attrs_weight_sparsity,user_attrs_weight_sparsity_history,state
133,133,0.9247852017879454,2024-08-31 05:32:56.186752,2024-08-31 05:34:28.957360,0 days 00:01:32.770608,1,0.13767522178872008,1,240,0.010603834956478752,30,0.0006103728998183056,0.935,0.94,15,"[33, 33, 33, 33, 33, 32, 32, 31, 28, 27, 25, 22, 22, 21, 19, 19, 18, 18, 18, 18, 17, 17, 17, 17, 17, 17, 17, 17, 17, 17, 17, 17, 17, 17, 17, 17, 17, 17, 17, 17, 17, 17, 17, 17, 17, 17, 17, 17, 17, 17, 17, 17, 17, 17, 17, 17, 17, 17, 17, 17, 17, 17, 17, 17, 17, 17, 17, 17, 17, 17, 17, 17, 17, 17, 17, 17, 17, 17, 17, 17, 17, 17, 17, 17, 17, 17, 17, 17, 17, 17, 17, 17, 17, 17, 17, 17, 17, 17, 17, 17, 17, 17, 17, 17, 17, 17, 17, 17, 17, 17, 17, 17, 17, 17, 16, 16, 16, 16, 16, 16, 16, 16, 16, 16, 16, 16, 15, 15, 15, 15, 15, 15, 15, 15, 15, 15, 15, 15, 15, 15, 15, 15, 15, 15, 15, 15, 15, 15, 15, 15, 15, 15, 15, 15, 15, 15, 15, 15, 15, 15, 15, 15, 15, 15, 15, 15, 15, 15, 15, 15, 15, 15, 15, 15, 15, 15, 15, 15, 15, 15, 15, 15, 15, 15, 15, 15, 15, 15, 15, 15, 15, 15, 15, 15, 15, 15, 15, 15, 15, 15, 15, 15, 15, 15, 15, 15, 15, 15, 15, 15, 15, 15, 15, 15, 15, 15, 15, 15, 15, 15, 15, 15, 15, 15, 15, 15, 15, 15, 15, 15, 15, 15, 15, 15, 15, 15, 15, 15, 15, 15]",15.0,"[33.0, 33.0, 33.0, 33.0, 32.96666666666667, 31.96666666666667, 32.0, 31.0, 28.0, 26.96666666666667, 25.0, 22.0, 22.0, 21.0, 19.0, 18.96666666666667, 18.0, 18.0, 18.0, 18.0, 17.0, 16.96666666666667, 17.0, 17.0, 17.0, 16.96666666666667, 17.0, 17.0, 17.0, 17.0, 16.96666666666667, 17.0, 17.0, 16.96666666666667, 17.0, 17.0, 17.0, 17.0, 17.0, 17.0, 16.96666666666667, 17.0, 17.0, 17.0, 16.96666666666667, 17.0, 17.0, 17.0, 16.96666666666667, 17.0, 17.0, 17.0, 17.0, 17.0, 17.0, 16.96666666666667, 17.0, 17.0, 17.0, 17.0, 17.0, 17.0, 17.0, 17.0, 16.96666666666667, 17.0, 17.0, 17.0, 17.0, 16.96666666666667, 17.0, 16.96666666666667, 16.933333333333334, 16.96666666666667, 17.0, 16.96666666666667, 16.96666666666667, 17.0, 17.0, 17.0, 17.0, 16.96666666666667, 17.0, 17.0, 17.0, 17.0, 17.0, 17.0, 17.0, 16.933333333333334, 17.0, 17.0, 17.0, 17.0, 17.0, 17.0, 16.966666666666665, 17.0, 17.0, 16.96666666666667, 17.0, 17.0, 16.96666666666667, 17.0, 17.0, 16.96666666666667, 17.0, 16.96666666666667, 17.0, 17.0, 17.0, 17.0, 17.0, 17.0, 15.966666666666667, 16.0, 16.0, 16.0, 16.0, 15.966666666666667, 16.0, 16.0, 15.966666666666667, 16.0, 16.0, 16.0, 15.0, 14.966666666666667, 14.966666666666667, 15.0, 15.0, 14.966666666666667, 14.966666666666667, 15.0, 14.966666666666667, 14.933333333333334, 15.0, 15.0, 14.966666666666667, 15.0, 15.0, 15.0, 15.0, 14.966666666666667, 14.966666666666667, 15.0, 15.0, 15.0, 14.966666666666667, 15.0, 14.966666666666667, 15.0, 15.0, 15.0, 15.0, 15.0, 15.0, 15.0, 15.0, 15.0, 15.0, 15.0, 15.0, 15.0, 15.0, 15.0, 15.0, 15.0, 15.0, 15.0, 14.933333333333334, 14.966666666666667, 15.0, 15.0, 15.0, 15.0, 15.0, 14.966666666666667, 14.966666666666667, 14.966666666666667, 14.966666666666667, 15.0, 15.0, 14.966666666666667, 15.0, 14.966666666666667, 14.966666666666667, 15.0, 15.0, 14.966666666666667, 15.0, 15.0, 14.966666666666667, 15.0, 15.0, 14.966666666666667, 15.0, 14.966666666666667, 15.0, 15.0, 15.0, 14.966666666666667, 15.0, 14.966666666666667, 14.966666666666667, 14.966666666666667, 14.966666666666667, 15.0, 14.966666666666667, 14.966666666666667, 14.966666666666667, 14.966666666666667, 14.933333333333334, 14.966666666666667, 14.966666666666667, 15.0, 15.0, 15.0, 15.0, 15.0, 15.0, 15.0, 15.0, 15.0, 15.0, 15.0, 15.0, 14.966666666666667, 14.966666666666667, 14.966666666666667, 14.966666666666667, 15.0, 15.0, 15.0, 15.0, 15.0, 15.0, 15.0, 15.0, 15.0]",0.9195914761515536,0.9247852017879454,15,"[33, 33, 33, 33, 33, 32, 32, 31, 28, 27, 25, 22, 22, 21, 19, 19, 18, 18, 18, 18, 17, 17, 17, 17, 17, 17, 17, 17, 17, 17, 17, 17, 17, 17, 17, 17, 17, 17, 17, 17, 17, 17, 17, 17, 17, 17, 17, 17, 17, 17, 17, 17, 17, 17, 17, 17, 17, 17, 17, 17, 17, 17, 17, 17, 17, 17, 17, 17, 17, 17, 17, 17, 17, 17, 17, 17, 17, 17, 17, 17, 17, 17, 17, 17, 17, 17, 17, 17, 17, 17, 17, 17, 17, 17, 17, 17, 17, 17, 17, 17, 17, 17, 17, 17, 17, 17, 17, 17, 17, 17, 17, 17, 17, 17, 16, 16, 16, 16, 16, 16, 16, 16, 16, 16, 16, 16, 15, 15, 15, 15, 15, 15, 15, 15, 15, 15, 15, 15, 15, 15, 15, 15, 15, 15, 15, 15, 15, 15, 15, 15, 15, 15, 15, 15, 15, 15, 15, 15, 15, 15, 15, 15, 15, 15, 15, 15, 15, 15, 15, 15, 15, 15, 15, 15, 15, 15, 15, 15, 15, 15, 15, 15, 15, 15, 15, 15, 15, 15, 15, 15, 15, 15, 15, 15, 15, 15, 15, 15, 15, 15, 15, 15, 15, 15, 15, 15, 15, 15, 15, 15, 15, 15, 15, 15, 15, 15, 15, 15, 15, 15, 15, 15, 15, 15, 15, 15, 15, 15, 15, 15, 15, 15, 15, 15, 15, 15, 15, 15, 15, 15]",240,"[0.39317038655281067, 0.3644424080848694, 0.3617793321609497, 0.33319324254989624, 0.32339608669281006, 0.3431941866874695, 0.32060328125953674, 0.3758576214313507, 0.28008076548576355, 0.2671118378639221, 0.2600483000278473, 0.2420811504125595, 0.232029527425766, 0.23391063511371613, 0.2374105006456375, 0.22557294368743896, 0.23722892999649048, 0.22150114178657532, 0.22085857391357422, 0.23470890522003174, 0.21776428818702698, 0.22089749574661255, 0.2147224247455597, 0.21911628544330597, 0.21287542581558228, 0.22192518413066864, 0.2210252434015274, 0.22528469562530518, 0.21831785142421722, 0.21220415830612183, 0.21158267557621002, 0.23766694962978363, 0.20957638323307037, 0.20818915963172913, 0.2355506867170334, 0.21706967055797577, 0.2082144320011139, 0.20487087965011597, 0.22816172242164612, 0.20432215929031372, 0.1995248794555664, 0.20184610784053802, 0.20249876379966736, 0.20358812808990479, 0.2036835104227066, 0.21271955966949463, 0.20696774125099182, 0.19652961194515228, 0.23122340440750122, 0.20018194615840912, 0.2283789962530136, 0.20370033383369446, 0.20415626466274261, 0.22876028716564178, 0.20809616148471832, 0.20232133567333221, 0.19633454084396362, 0.20753955841064453, 0.19457797706127167, 0.20304684340953827, 0.20564603805541992, 0.19592277705669403, 0.21080948412418365, 0.2058529257774353, 0.1898067444562912, 0.1921779066324234, 0.19801200926303864, 0.23908831179141998, 0.19372741878032684, 0.21969486773014069, 0.19893589615821838, 0.2184179127216339, 0.1930963695049286, 0.18801887333393097, 0.19234775006771088, 0.20757326483726501, 0.19359327852725983, 0.19310714304447174, 0.19187097251415253, 0.19235482811927795, 0.20206813514232635, 0.21324485540390015, 0.1951073706150055, 0.19341130554676056, 0.19965676963329315, 0.20683233439922333, 0.21415241062641144, 0.19332469999790192, 0.19061066210269928, 0.21824520826339722, 0.18883103132247925, 0.19289304316043854, 0.20469346642494202, 0.19897305965423584, 0.18771691620349884, 0.18976496160030365, 0.1932285875082016, 0.19124732911586761, 0.18479900062084198, 0.18995729088783264, 0.20194299519062042, 0.19085277616977692, 0.188644140958786, 0.19040650129318237, 0.19621536135673523, 0.18815761804580688, 0.19259494543075562, 0.19527892768383026, 0.20595930516719818, 0.18484944105148315, 0.1863570660352707, 0.1918305605649948, 0.1929020881652832, 0.1977885663509369, 0.20938429236412048, 0.18991096317768097, 0.18625788390636444, 0.2215668261051178, 0.1942344307899475, 0.19066043198108673, 0.19058352708816528, 0.2083456665277481, 0.23749883472919464, 0.18602854013442993, 0.18776746094226837, 0.20728567242622375, 0.2146252691745758, 0.19845347106456757, 0.2079087495803833, 0.18850688636302948, 0.19327497482299805, 0.19158022105693817, 0.2072123885154724, 0.2062414139509201, 0.19439740478992462, 0.19240377843379974, 0.19209066033363342, 0.1892554610967636, 0.19420230388641357, 0.19648395478725433, 0.19399334490299225, 0.20078586041927338, 0.18603262305259705, 0.19899530708789825, 0.20444121956825256, 0.18359720706939697, 0.1948133409023285, 0.1885768473148346, 0.18579140305519104, 0.20822428166866302, 0.18877001106739044, 0.19092977046966553, 0.185263991355896, 0.190326988697052, 0.21022839844226837, 0.2067481279373169, 0.21057701110839844, 0.1866028755903244, 0.1997917890548706, 0.21731024980545044, 0.18579845130443573, 0.19002538919448853, 0.2029067873954773, 0.19994093477725983, 0.18996872007846832, 0.2030673623085022, 0.1871878206729889, 0.18827855587005615, 0.19003260135650635, 0.22081898152828217, 0.19745364785194397, 0.19435711205005646, 0.18561917543411255, 0.19444559514522552, 0.19041690230369568, 0.19345754384994507, 0.2008173018693924, 0.2012392282485962, 0.21404264867305756, 0.19582244753837585, 0.18828187882900238, 0.18755263090133667, 0.20187945663928986, 0.19384820759296417, 0.19203044474124908, 0.19081632792949677, 0.19804170727729797, 0.22070562839508057, 0.18722030520439148, 0.186286062002182, 0.19473131000995636, 0.18839721381664276, 0.19120845198631287, 0.1839151531457901, 0.19577433168888092, 0.20663399994373322, 0.1921129822731018, 0.21754096448421478, 0.20003348588943481, 0.19815663993358612, 0.20467156171798706, 0.1923939287662506, 0.18603965640068054, 0.193172886967659, 0.19774286448955536, 0.21673479676246643, 0.19838637113571167, 0.19019369781017303, 0.1899988353252411, 0.19098295271396637, 0.21984127163887024, 0.1844748705625534, 0.19237975776195526, 0.1923578828573227, 0.19642245769500732, 0.2061363011598587, 0.18405117094516754, 0.19566285610198975, 0.1915976107120514, 0.19598928093910217, 0.2011956423521042, 0.195858433842659, 0.19965007901191711, 0.18777388334274292, 0.18631820380687714, 0.1850094348192215, 0.19673524796962738, 0.223236083984375, 0.19645172357559204, 0.19371747970581055, 0.19057561457157135, 0.19379079341888428, 0.18773046135902405, 0.19683131575584412, 0.1895282119512558, 0.20732465386390686, 0.19879408180713654, 0.19470931589603424, 0.19446724653244019, 0.1898912787437439]",15.0,"[33.0, 33.0, 33.0, 33.0, 33.0, 32.0, 32.0, 31.0, 28.0, 27.0, 25.0, 22.0, 22.0, 21.0, 19.0, 19.0, 18.0, 18.0, 18.0, 18.0, 17.0, 17.0, 17.0, 17.0, 17.0, 17.0, 17.0, 17.0, 17.0, 17.0, 17.0, 17.0, 17.0, 17.0, 17.0, 17.0, 17.0, 17.0, 17.0, 17.0, 17.0, 17.0, 17.0, 17.0, 17.0, 17.0, 17.0, 17.0, 17.0, 17.0, 17.0, 17.0, 17.0, 17.0, 17.0, 17.0, 17.0, 17.0, 17.0, 17.0, 17.0, 17.0, 17.0, 17.0, 17.0, 17.0, 17.0, 17.0, 17.0, 17.0, 17.0, 17.0, 17.0, 17.0, 17.0, 17.0, 17.0, 17.0, 17.0, 17.0, 17.0, 17.0, 17.0, 17.0, 17.0, 17.0, 17.0, 17.0, 17.0, 17.0, 17.0, 17.0, 17.0, 17.0, 17.0, 17.0, 17.0, 17.0, 17.0, 17.0, 17.0, 17.0, 17.0, 17.0, 17.0, 17.0, 17.0, 17.0, 17.0, 17.0, 17.0, 17.0, 17.0, 17.0, 16.0, 16.0, 16.0, 16.0, 16.0, 16.0, 16.0, 16.0, 16.0, 16.0, 16.0, 16.0, 15.0, 15.0, 15.0, 15.0, 15.0, 15.0, 15.0, 15.0, 15.0, 15.0, 15.0, 15.0, 15.0, 15.0, 15.0, 15.0, 15.0, 15.0, 15.0, 15.0, 15.0, 15.0, 15.0, 15.0, 15.0, 15.0, 15.0, 15.0, 15.0, 15.0, 15.0, 15.0, 15.0, 15.0, 15.0, 15.0, 15.0, 15.0, 15.0, 15.0, 15.0, 15.0, 15.0, 15.0, 15.0, 15.0, 15.0, 15.0, 15.0, 15.0, 15.0, 15.0, 15.0, 15.0, 15.0, 15.0, 15.0, 15.0, 15.0, 15.0, 15.0, 15.0, 15.0, 15.0, 15.0, 15.0, 15.0, 15.0, 15.0, 15.0, 15.0, 15.0, 15.0, 15.0, 15.0, 15.0, 15.0, 15.0, 15.0, 15.0, 15.0, 15.0, 15.0, 15.0, 15.0, 15.0, 15.0, 15.0, 15.0, 15.0, 15.0, 15.0, 15.0, 15.0, 15.0, 15.0, 15.0, 15.0, 15.0, 15.0, 15.0, 15.0, 15.0, 15.0, 15.0, 15.0, 15.0, 15.0, 15.0, 15.0, 15.0, 15.0, 15.0, 15.0]",COMPLETE
134,134,0.933325604462135,2024-08-31 05:34:31.683036,2024-08-31 05:35:17.856961,0 days 00:00:46.173925,16,9.239560868718256,6,35,0.0010526272695535685,17,0.00019608879820098057,0.952,0.95125,30,"[33, 33, 33, 33, 33, 33, 33, 33, 33, 33, 33, 33, 33, 33, 31, 31, 31, 31, 31, 31, 31, 31, 30, 30, 30, 30, 30, 30, 30, 30, 30, 30, 30, 30, 30]",29.96265172735761,"[32.96545284780579, 32.96078431372549, 32.967320261437905, 32.96078431372549, 32.96078431372549, 32.96451914098973, 32.957983193277315, 32.97012138188609, 32.96078431372549, 32.957983193277315, 32.95985060690943, 32.961718020541554, 32.957983193277315, 32.94304388422036, 30.96171802054155, 30.96358543417367, 30.96638655462185, 30.971988795518207, 30.95704948646125, 30.95985060690943, 30.95704948646125, 30.96451914098973, 29.95891690009337, 29.96732026143791, 29.96265172735761, 29.969187675070028, 29.96638655462185, 29.974789915966387, 29.96451914098973, 29.954248366013072, 29.96265172735761, 29.96265172735761, 29.96171802054155, 29.95611577964519, 29.96265172735761]",0.9096508392572594,0.933325604462135,30,"[33, 33, 33, 33, 33, 33, 33, 33, 33, 33, 33, 33, 33, 33, 31, 31, 31, 31, 31, 31, 31, 31, 30, 30, 30, 30, 30, 30, 30, 30, 30, 30, 30, 30, 30]",35,"[0.35934093594551086, 0.3291380703449249, 0.29466357827186584, 0.262864351272583, 0.254969984292984, 0.22878873348236084, 0.2268754541873932, 0.21549363434314728, 0.211049422621727, 0.20151275396347046, 0.1985870599746704, 0.2063564509153366, 0.1870989054441452, 0.18221154808998108, 0.20468281209468842, 0.17021715641021729, 0.17841815948486328, 0.17625965178012848, 0.1766783595085144, 0.21659278869628906, 0.17449796199798584, 0.16803911328315735, 0.18291035294532776, 0.17404136061668396, 0.17204469442367554, 0.17315517365932465, 0.16144296526908875, 0.19137972593307495, 0.17005015909671783, 0.18384993076324463, 0.17200034856796265, 0.18037250638008118, 0.174926295876503, 0.16417627036571503, 0.16867069900035858]",30.0,"[33.0, 33.0, 33.0, 33.0, 33.0, 33.0, 33.0, 33.0, 33.0, 33.0, 33.0, 33.0, 33.0, 33.0, 31.0, 31.0, 31.0, 31.0, 31.0, 31.0, 31.0, 31.0, 30.0, 30.0, 30.0, 30.0, 30.0, 30.0, 30.0, 30.0, 30.0, 30.0, 30.0, 30.0, 30.0]",COMPLETE
135,135,0.8808079246692687,2024-08-31 05:35:17.868140,2024-08-31 05:36:15.421136,0 days 00:00:57.552996,1,0.01226024290024133,3,85,0.5435093519654436,55,0.0012053982596979507,0.888,0.88,33,"[33, 33, 33, 33, 33, 33, 33, 33, 33, 33, 33, 33, 33, 33, 33, 33, 33, 33, 33, 33, 33, 33, 33, 33, 33, 33, 33, 33, 33, 33, 33, 33, 33, 33, 33, 33, 33, 33, 33, 33, 33, 33, 33, 33, 33, 33, 33, 33, 33, 33, 33, 33, 33, 33, 33, 33, 33, 33, 33, 33, 33, 33, 33, 33, 33, 33, 33, 33, 33, 33, 33, 33, 33, 33, 33, 33, 33, 33, 33, 33, 33, 33, 33, 33, 33]",32.95324675324675,"[32.968831168831166, 32.945454545454545, 32.97662337662337, 32.97922077922078, 32.97662337662338, 32.97402597402597, 32.984415584415586, 32.981818181818184, 32.968831168831166, 32.96363636363636, 32.981818181818184, 32.984415584415586, 32.981818181818184, 32.97662337662337, 32.97142857142857, 32.971428571428575, 32.98701298701299, 32.9974025974026, 32.98701298701299, 32.97922077922078, 32.97662337662338, 32.97402597402598, 32.97402597402597, 32.971428571428575, 32.961038961038966, 32.95844155844156, 32.97662337662338, 32.97142857142857, 32.98701298701299, 32.97402597402597, 32.97402597402597, 32.968831168831166, 32.96623376623376, 32.961038961038966, 32.97402597402598, 32.97402597402598, 32.955844155844154, 32.945454545454545, 32.971428571428575, 32.95844155844156, 32.95324675324675, 32.97142857142857, 32.97142857142857, 32.96363636363636, 32.96363636363636, 32.97142857142857, 32.968831168831166, 32.96103896103896, 32.95844155844156, 32.955844155844154, 32.94285714285714, 32.95324675324675, 32.94805194805195, 32.95844155844156, 32.94285714285714, 32.96623376623376, 32.95324675324675, 32.95844155844156, 32.96103896103896, 32.95844155844156, 32.955844155844154, 32.95844155844156, 32.95064935064935, 32.95064935064935, 32.95064935064935, 32.96363636363636, 32.935064935064936, 32.93766233766234, 32.95324675324675, 32.94025974025974, 32.95064935064935, 32.955844155844154, 32.955844155844154, 32.96623376623376, 32.96623376623376, 32.955844155844154, 32.95064935064935, 32.968831168831166, 32.96103896103896, 32.945454545454545, 32.95324675324675, 32.955844155844154, 32.945454545454545, 32.945454545454545, 32.95324675324675]",0.8706313625442748,0.8808079246692687,33,"[33, 33, 33, 33, 33, 33, 33, 33, 33, 33, 33, 33, 33, 33, 33, 33, 33, 33, 33, 33, 33, 33, 33, 33, 33, 33, 33, 33, 33, 33, 33, 33, 33, 33, 33, 33, 33, 33, 33, 33, 33, 33, 33, 33, 33, 33, 33, 33, 33, 33, 33, 33, 33, 33, 33, 33, 33, 33, 33, 33, 33, 33, 33, 33, 33, 33, 33, 33, 33, 33, 33, 33, 33, 33, 33, 33, 33, 33, 33, 33, 33, 33, 33, 33, 33]",85,"[0.47577255964279175, 0.46570590138435364, 0.4591720700263977, 0.4542737603187561, 0.450260192155838, 0.4472930431365967, 0.443867027759552, 0.44145384430885315, 0.43869224190711975, 0.43650296330451965, 0.4338591694831848, 0.431570827960968, 0.42938780784606934, 0.4271693825721741, 0.42515090107917786, 0.4234142303466797, 0.4209151566028595, 0.41920822858810425, 0.4172377288341522, 0.41493701934814453, 0.4130973517894745, 0.41138455271720886, 0.409343957901001, 0.40778812766075134, 0.40552055835723877, 0.4038444459438324, 0.4021245837211609, 0.40041583776474, 0.39874371886253357, 0.3973267674446106, 0.39549896121025085, 0.3936309814453125, 0.39284661412239075, 0.390554815530777, 0.38918808102607727, 0.3883202075958252, 0.3858222961425781, 0.3843851387500763, 0.38384395837783813, 0.3814700245857239, 0.38001662492752075, 0.37888965010643005, 0.37692177295684814, 0.3756984770298004, 0.37418070435523987, 0.3725421130657196, 0.3710893392562866, 0.3704265356063843, 0.3681780993938446, 0.36669307947158813, 0.3652748763561249, 0.3642832636833191, 0.36259615421295166, 0.3612370789051056, 0.35990798473358154, 0.35860657691955566, 0.3569008708000183, 0.355241596698761, 0.3541560471057892, 0.3522113859653473, 0.35129955410957336, 0.3493605852127075, 0.3479996621608734, 0.3473370671272278, 0.3449944257736206, 0.3435322940349579, 0.34207838773727417, 0.34092816710472107, 0.3392849266529083, 0.3378288745880127, 0.33661770820617676, 0.33512187004089355, 0.33439838886260986, 0.332597017288208, 0.3309157192707062, 0.32932713627815247, 0.32813262939453125, 0.32673245668411255, 0.3255040645599365, 0.3243595361709595, 0.3230595886707306, 0.3217742145061493, 0.32047003507614136, 0.3198225796222687, 0.3183399736881256]",33.0,"[33.0, 33.0, 33.0, 33.0, 33.0, 33.0, 33.0, 33.0, 33.0, 33.0, 33.0, 33.0, 33.0, 33.0, 33.0, 33.0, 33.0, 33.0, 33.0, 33.0, 33.0, 33.0, 33.0, 33.0, 33.0, 33.0, 33.0, 33.0, 33.0, 33.0, 33.0, 33.0, 33.0, 33.0, 33.0, 33.0, 33.0, 33.0, 33.0, 33.0, 33.0, 33.0, 33.0, 33.0, 33.0, 33.0, 33.0, 33.0, 33.0, 33.0, 33.0, 33.0, 33.0, 33.0, 33.0, 33.0, 33.0, 33.0, 33.0, 33.0, 33.0, 33.0, 33.0, 33.0, 33.0, 33.0, 33.0, 33.0, 33.0, 33.0, 33.0, 33.0, 33.0, 33.0, 33.0, 33.0, 33.0, 33.0, 33.0, 33.0, 33.0, 33.0, 33.0, 33.0, 33.0]",COMPLETE
