,number,value,datetime_start,datetime_complete,duration,params_batch_size_scaler,params_constant_learning_rate,params_depth,params_epochs,params_kernel_l2,params_num_trees,params_temperature,user_attrs_accuracy_test,user_attrs_accuracy_valid,user_attrs_approximate_feature_sparsity,user_attrs_approximate_feature_sparsity_history,user_attrs_approximate_weight_sparsity,user_attrs_approximate_weight_sparsity_history,user_attrs_auc_test,user_attrs_auc_valid,user_attrs_feature_sparsity,user_attrs_feature_sparsity_history,user_attrs_num_epochs,user_attrs_val_loss_history,user_attrs_weight_sparsity,user_attrs_weight_sparsity_history,state
151,151,0.8387113395421931,2024-08-31 05:57:15.309375,2024-08-31 05:58:06.853834,0 days 00:00:51.544459,64,8.444436605097561,4,310,0.04388316017051642,54,0.001713489238915846,0.867,0.85875,3,"[33, 33, 33, 33, 33, 19, 15, 12, 9, 8, 6, 6, 6, 6, 6, 6, 6, 6, 6, 6, 6, 6, 6, 6, 6, 6, 6, 6, 6, 6, 6, 6, 6, 6, 6, 6, 6, 6, 6, 6, 6, 6, 6, 6, 6, 6, 6, 6, 6, 6, 6, 6, 6, 6, 6, 6, 6, 6, 6, 6, 6, 6, 6, 6, 6, 6, 6, 6, 6, 6, 6, 6, 6, 6, 6, 6, 6, 6, 6, 6, 6, 6, 6, 6, 6, 5, 5, 5, 5, 5, 5, 5, 5, 5, 5, 5, 5, 5, 5, 5, 5, 5, 5, 5, 5, 5, 5, 5, 5, 5, 5, 5, 5, 5, 4, 4, 4, 4, 4, 4, 4, 4, 4, 4, 4, 4, 4, 4, 4, 4, 4, 4, 4, 4, 4, 4, 4, 4, 4, 4, 4, 4, 4, 4, 4, 4, 4, 4, 4, 4, 4, 4, 4, 4, 4, 4, 4, 4, 4, 4, 4, 4, 4, 4, 4, 4, 4, 4, 4, 4, 4, 4, 4, 4, 4, 4, 4, 4, 4, 4, 4, 4, 4, 4, 4, 4, 4, 4, 4, 4, 4, 4, 4, 4, 4, 4, 4, 3, 3, 3, 3, 3, 3, 3, 3, 3, 3, 3, 3, 3, 3, 3, 3, 3, 3, 3, 3, 3, 3, 3, 3, 3, 3, 3, 3, 3, 3, 3, 3, 3, 3, 3, 3, 3, 3, 3, 3, 3, 3, 3, 3, 3, 3, 3, 3, 3, 3, 3, 3, 3, 3, 3, 3, 3, 3, 3, 3, 3, 3, 3, 3, 3, 3, 3, 3, 3, 3, 3, 3, 3, 3, 3, 3, 3, 3, 3, 3, 3, 3, 3, 3, 3, 3, 3, 3, 3, 3, 3, 3, 3, 3, 3, 3, 3, 3, 3, 3, 3, 3, 3, 3, 3, 3, 3, 3, 3, 3, 3, 3, 3]",2.9987654320987653,"[32.96049382716049, 32.953086419753085, 32.95925925925926, 32.95925925925926, 32.96049382716049, 18.97283950617284, 14.98641975308642, 11.98395061728395, 8.992592592592594, 7.992592592592592, 5.996296296296296, 5.995061728395061, 5.993827160493827, 5.995061728395061, 5.995061728395061, 5.995061728395061, 5.992592592592593, 5.998765432098765, 6.0, 6.0, 5.998765432098765, 5.995061728395061, 5.998765432098765, 5.992592592592593, 5.997530864197531, 5.995061728395061, 5.997530864197531, 5.997530864197531, 5.992592592592593, 5.992592592592593, 5.996296296296296, 5.998765432098765, 5.997530864197531, 5.997530864197531, 5.995061728395061, 5.998765432098765, 5.995061728395061, 5.990123456790123, 5.997530864197531, 5.996296296296296, 5.998765432098765, 5.997530864197531, 5.992592592592593, 5.996296296296296, 5.997530864197531, 5.995061728395061, 5.998765432098765, 5.996296296296296, 5.995061728395061, 5.996296296296296, 5.998765432098765, 5.997530864197531, 5.991358024691358, 5.997530864197531, 5.996296296296296, 5.992592592592593, 5.996296296296296, 5.996296296296297, 5.995061728395061, 5.998765432098765, 5.996296296296296, 5.996296296296296, 5.995061728395061, 5.993827160493827, 5.993827160493827, 5.995061728395061, 6.0, 5.992592592592592, 5.996296296296297, 5.993827160493828, 5.997530864197531, 5.995061728395061, 5.997530864197531, 5.993827160493828, 5.996296296296297, 5.996296296296297, 6.0, 5.995061728395061, 5.995061728395061, 5.998765432098765, 5.993827160493827, 5.997530864197531, 5.998765432098765, 5.996296296296296, 5.995061728395062, 4.993827160493827, 4.998765432098765, 4.997530864197531, 5.0, 4.991358024691358, 4.995061728395061, 5.0, 5.0, 4.996296296296296, 4.996296296296296, 4.997530864197531, 4.995061728395061, 4.995061728395061, 4.996296296296296, 4.998765432098765, 4.997530864197531, 4.996296296296296, 4.996296296296296, 4.997530864197531, 4.998765432098765, 4.998765432098765, 4.996296296296296, 4.998765432098765, 4.995061728395062, 4.993827160493827, 4.998765432098765, 4.997530864197531, 4.998765432098765, 4.997530864197531, 4.0, 3.996296296296296, 4.0, 3.995061728395062, 4.0, 3.9987654320987653, 4.0, 3.996296296296296, 4.0, 3.9987654320987653, 3.9975308641975307, 3.9987654320987653, 4.0, 4.0, 4.0, 4.0, 3.9987654320987653, 4.0, 3.996296296296296, 3.9975308641975307, 4.0, 3.9987654320987653, 3.995061728395062, 3.9987654320987653, 3.9987654320987653, 3.9975308641975307, 3.9987654320987653, 3.9975308641975307, 3.9987654320987653, 3.9975308641975307, 3.996296296296296, 3.9975308641975307, 3.9987654320987653, 3.996296296296296, 3.9987654320987653, 3.9975308641975307, 4.0, 3.996296296296296, 3.9987654320987653, 3.995061728395062, 3.9962962962962965, 3.9987654320987653, 3.9950617283950614, 3.993827160493827, 3.9975308641975307, 3.9975308641975307, 3.9975308641975307, 3.9975308641975307, 3.9987654320987653, 3.995061728395062, 3.9950617283950614, 3.9987654320987653, 3.9962962962962965, 3.9987654320987653, 3.9950617283950614, 3.9987654320987653, 3.9925925925925925, 3.9975308641975307, 3.996296296296296, 3.9962962962962965, 3.9987654320987653, 3.9975308641975307, 4.0, 3.996296296296296, 3.9975308641975307, 3.9950617283950614, 3.9987654320987653, 3.9975308641975307, 3.9975308641975307, 3.9975308641975307, 3.996296296296296, 3.9975308641975307, 3.9975308641975307, 3.9975308641975307, 3.9987654320987653, 3.996296296296296, 3.996296296296296, 3.9987654320987653, 3.9987654320987653, 3.9987654320987653, 3.9975308641975307, 4.0, 3.9962962962962965, 2.9987654320987653, 2.9975308641975307, 3.0, 2.9987654320987653, 3.0, 2.9987654320987653, 2.9975308641975307, 3.0, 3.0, 2.9987654320987653, 2.9975308641975307, 3.0, 2.9987654320987653, 2.9975308641975307, 2.9987654320987653, 2.9987654320987653, 2.9975308641975307, 2.9962962962962965, 2.995061728395062, 2.9962962962962965, 2.9962962962962965, 2.9975308641975307, 2.9975308641975307, 2.9987654320987653, 2.9975308641975307, 2.9987654320987653, 3.0, 2.9962962962962965, 2.9987654320987653, 2.9975308641975307, 3.0, 2.9975308641975307, 3.0, 3.0, 2.9975308641975307, 3.0, 2.9987654320987653, 2.9987654320987653, 2.9975308641975307, 2.9987654320987653, 2.9975308641975307, 2.9987654320987653, 2.9975308641975307, 3.0, 2.9987654320987653, 2.9987654320987653, 2.9987654320987653, 2.9975308641975307, 2.9987654320987653, 3.0, 2.9987654320987653, 2.9987654320987653, 2.9962962962962965, 2.995061728395062, 2.9975308641975307, 3.0, 2.9938271604938276, 2.9987654320987653, 2.9987654320987653, 2.995061728395062, 2.9962962962962965, 2.9962962962962965, 2.9987654320987653, 2.9987654320987653, 2.995061728395062, 2.9975308641975307, 2.9987654320987653, 2.995061728395062, 2.9987654320987653, 2.9975308641975307, 2.9975308641975307, 3.0, 2.9975308641975307, 2.9987654320987653, 2.9987654320987653, 3.0, 2.9975308641975307, 2.9987654320987653, 2.9975308641975307, 2.9987654320987653, 2.996296296296296, 2.9987654320987653, 2.9987654320987653, 2.9987654320987653, 3.0, 3.0, 2.9987654320987653, 3.0, 2.9987654320987653, 2.9975308641975307, 2.9987654320987653, 2.9987654320987653, 2.9987654320987653, 2.9987654320987653, 2.9987654320987653, 2.995061728395062, 2.9987654320987653, 2.9975308641975307, 2.9962962962962965, 2.9987654320987653, 2.9962962962962965, 2.9962962962962965, 2.9975308641975307, 2.9987654320987653, 2.9987654320987653, 3.0, 2.9987654320987653, 3.0, 2.9987654320987653, 2.9975308641975307, 2.9975308641975307, 2.9987654320987653, 2.9987654320987653]",0.8345181185445719,0.8387113395421931,3,"[33, 33, 33, 33, 33, 19, 15, 12, 9, 8, 6, 6, 6, 6, 6, 6, 6, 6, 6, 6, 6, 6, 6, 6, 6, 6, 6, 6, 6, 6, 6, 6, 6, 6, 6, 6, 6, 6, 6, 6, 6, 6, 6, 6, 6, 6, 6, 6, 6, 6, 6, 6, 6, 6, 6, 6, 6, 6, 6, 6, 6, 6, 6, 6, 6, 6, 6, 6, 6, 6, 6, 6, 6, 6, 6, 6, 6, 6, 6, 6, 6, 6, 6, 6, 6, 5, 5, 5, 5, 5, 5, 5, 5, 5, 5, 5, 5, 5, 5, 5, 5, 5, 5, 5, 5, 5, 5, 5, 5, 5, 5, 5, 5, 5, 4, 4, 4, 4, 4, 4, 4, 4, 4, 4, 4, 4, 4, 4, 4, 4, 4, 4, 4, 4, 4, 4, 4, 4, 4, 4, 4, 4, 4, 4, 4, 4, 4, 4, 4, 4, 4, 4, 4, 4, 4, 4, 4, 4, 4, 4, 4, 4, 4, 4, 4, 4, 4, 4, 4, 4, 4, 4, 4, 4, 4, 4, 4, 4, 4, 4, 4, 4, 4, 4, 4, 4, 4, 4, 4, 4, 4, 4, 4, 4, 4, 4, 4, 3, 3, 3, 3, 3, 3, 3, 3, 3, 3, 3, 3, 3, 3, 3, 3, 3, 3, 3, 3, 3, 3, 3, 3, 3, 3, 3, 3, 3, 3, 3, 3, 3, 3, 3, 3, 3, 3, 3, 3, 3, 3, 3, 3, 3, 3, 3, 3, 3, 3, 3, 3, 3, 3, 3, 3, 3, 3, 3, 3, 3, 3, 3, 3, 3, 3, 3, 3, 3, 3, 3, 3, 3, 3, 3, 3, 3, 3, 3, 3, 3, 3, 3, 3, 3, 3, 3, 3, 3, 3, 3, 3, 3, 3, 3, 3, 3, 3, 3, 3, 3, 3, 3, 3, 3, 3, 3, 3, 3, 3, 3, 3, 3]",310,"[1.108795404434204, 1.9250952005386353, 4.470664978027344, 0.8267776966094971, 1.8992533683776855, 1.0219212770462036, 0.528570830821991, 0.6605783700942993, 1.395575761795044, 0.5255643725395203, 2.8750643730163574, 1.1030741930007935, 2.183457612991333, 1.2468255758285522, 2.483365297317505, 0.4031912088394165, 3.3827438354492188, 2.0051114559173584, 2.6698949337005615, 0.5428478121757507, 2.16740083694458, 0.5837684869766235, 0.3736775517463684, 3.4180006980895996, 0.8804584741592407, 0.6179153323173523, 4.8558149337768555, 0.9236326813697815, 0.4840165078639984, 0.6651889085769653, 1.8451874256134033, 0.725843071937561, 0.5194234848022461, 0.5348310470581055, 1.8531795740127563, 0.5172675251960754, 0.9475986957550049, 0.709485650062561, 2.063138008117676, 0.672803521156311, 1.0676360130310059, 1.4272353649139404, 0.4203123152256012, 3.1105804443359375, 1.7113827466964722, 0.7584498524665833, 1.6665740013122559, 0.4372134506702423, 0.46913692355155945, 0.8276083469390869, 0.3940475583076477, 0.5582852959632874, 0.7470722198486328, 1.4301846027374268, 1.105312466621399, 0.6663022041320801, 0.46589452028274536, 0.33865028619766235, 1.2407416105270386, 1.9258391857147217, 0.7196072936058044, 0.32519590854644775, 0.49728402495384216, 0.43156182765960693, 1.1039135456085205, 2.7022690773010254, 0.3937513828277588, 0.39350950717926025, 0.5027579665184021, 0.3786565065383911, 1.007381558418274, 0.3230341970920563, 3.1589832305908203, 0.6328736543655396, 1.886939287185669, 0.5012926459312439, 0.4023967683315277, 1.1093193292617798, 0.6514037847518921, 0.47651752829551697, 1.0860546827316284, 0.5797588229179382, 0.4666917324066162, 0.45233258605003357, 0.9672634601593018, 3.278718948364258, 2.048527240753174, 0.49482235312461853, 0.5552030205726624, 0.3644103705883026, 0.4841874837875366, 2.5960068702697754, 0.4384070336818695, 1.6026643514633179, 0.3766096830368042, 0.7568981647491455, 0.5596407055854797, 0.5940791964530945, 0.3327411413192749, 1.631101131439209, 0.4253612756729126, 2.5741758346557617, 0.4097219705581665, 0.3533707559108734, 1.1158331632614136, 0.48532530665397644, 1.377905249595642, 0.6897040605545044, 1.7609107494354248, 0.8630387187004089, 0.5003647208213806, 0.36341139674186707, 1.2273544073104858, 0.52712082862854, 4.326165199279785, 0.5911155939102173, 1.0510600805282593, 2.820152521133423, 1.1942765712738037, 0.38711073994636536, 1.23159658908844, 2.2291078567504883, 0.5117040872573853, 1.305059790611267, 0.5782877802848816, 1.7697142362594604, 0.5823320746421814, 0.3734498620033264, 1.2063040733337402, 0.7891908884048462, 0.8716092109680176, 1.8393113613128662, 0.41422948241233826, 0.47715088725090027, 0.6770821213722229, 0.8363494873046875, 0.3872254192829132, 1.1645557880401611, 0.65162193775177, 0.5082831978797913, 0.6352073550224304, 0.5672168135643005, 0.33957749605178833, 3.4926037788391113, 0.43078652024269104, 3.703817367553711, 0.4273637533187866, 1.0923197269439697, 2.344017744064331, 0.9796358346939087, 0.5739623308181763, 0.46200138330459595, 2.2514288425445557, 0.4450976848602295, 1.062323808670044, 1.2038968801498413, 0.8791894316673279, 0.8275092244148254, 0.8323760032653809, 0.43734458088874817, 0.881693959236145, 0.3465065658092499, 3.744574785232544, 0.39276131987571716, 0.4624652862548828, 0.7221218347549438, 0.7419188022613525, 0.5375461578369141, 0.5997908711433411, 0.7967216968536377, 0.4062383770942688, 0.3896060883998871, 1.5901447534561157, 0.8228203654289246, 0.5369119644165039, 1.9350526332855225, 1.5022321939468384, 0.7559647560119629, 0.5314403176307678, 1.15237557888031, 1.2612899541854858, 0.4358070492744446, 0.7132526636123657, 0.3860948085784912, 0.45822274684906006, 0.5774641036987305, 0.5261025428771973, 0.3476867377758026, 0.6219548583030701, 0.5776854157447815, 0.4590742588043213, 1.2208693027496338, 0.5632534623146057, 2.2189438343048096, 2.1960067749023438, 1.053605556488037, 0.45579954981803894, 1.0576488971710205, 2.306610584259033, 0.4127805829048157, 2.1257057189941406, 2.470374822616577, 1.3747169971466064, 0.8034262657165527, 0.4177367389202118, 1.85618257522583, 0.47097381949424744, 0.4113951623439789, 0.41306138038635254, 1.0107146501541138, 1.225277304649353, 0.3730207681655884, 2.5875821113586426, 0.46754419803619385, 0.4575427770614624, 0.38562825322151184, 1.3848161697387695, 0.4453188180923462, 0.8345797061920166, 0.41960275173187256, 0.42387181520462036, 2.725131034851074, 1.0180039405822754, 0.5826848745346069, 1.1056771278381348, 0.48751887679100037, 0.3901675045490265, 2.2285327911376953, 0.37040942907333374, 2.276406764984131, 1.1574714183807373, 0.6485601663589478, 1.3977442979812622, 0.7213392853736877, 0.3705657720565796, 0.523209810256958, 0.5309159159660339, 0.4331223666667938, 1.0557594299316406, 0.5882343649864197, 1.097809910774231, 0.32945942878723145, 0.6914334893226624, 0.812674343585968, 0.9820882678031921, 1.001154899597168, 0.3580636978149414, 0.9518618583679199, 1.2296260595321655, 0.48847562074661255, 1.2817392349243164, 0.7451956868171692, 0.7589679956436157, 0.3682444095611572, 0.3721478283405304, 1.5267033576965332, 0.379522442817688, 2.634150743484497, 0.4812183082103729, 0.4008016288280487, 0.7173312902450562, 0.487946093082428, 0.3634263575077057, 0.9168925285339355, 2.272672414779663, 0.4165533185005188, 0.406677782535553, 0.3843778967857361, 0.3927563726902008, 3.0703368186950684, 0.8109453320503235, 0.4158535301685333, 1.3676557540893555, 0.3940120339393616, 0.46713465452194214, 0.8121150732040405, 0.7328728437423706, 0.4232657551765442, 1.555983304977417, 0.874154269695282, 0.4209415912628174, 1.337648868560791, 0.3735044002532959, 0.7618494629859924, 0.7889232039451599, 2.122330904006958, 0.50865238904953, 0.5085856318473816, 0.3327246606349945, 0.513638436794281, 0.6563215851783752, 1.1022988557815552, 1.047521710395813, 3.911813259124756, 1.8517462015151978, 0.7561549544334412, 0.4432290196418762, 0.37507569789886475, 0.8378011584281921, 2.203033447265625, 0.7624910473823547, 1.1634948253631592, 0.5987206101417542, 0.5648317337036133, 0.7928733825683594, 0.39245718717575073, 1.1352415084838867, 0.3551895022392273, 0.808147668838501, 0.37178725004196167]",3.0,"[33.0, 33.0, 33.0, 33.0, 33.0, 19.0, 15.0, 12.0, 9.0, 8.0, 6.0, 6.0, 6.0, 6.0, 6.0, 6.0, 6.0, 6.0, 6.0, 6.0, 6.0, 6.0, 6.0, 6.0, 6.0, 6.0, 6.0, 6.0, 6.0, 6.0, 6.0, 6.0, 6.0, 6.0, 6.0, 6.0, 6.0, 6.0, 6.0, 6.0, 6.0, 6.0, 6.0, 6.0, 6.0, 6.0, 6.0, 6.0, 6.0, 6.0, 6.0, 6.0, 6.0, 6.0, 6.0, 6.0, 6.0, 6.0, 6.0, 6.0, 6.0, 6.0, 6.0, 6.0, 6.0, 6.0, 6.0, 6.0, 6.0, 6.0, 6.0, 6.0, 6.0, 6.0, 6.0, 6.0, 6.0, 6.0, 6.0, 6.0, 6.0, 6.0, 6.0, 6.0, 6.0, 5.0, 5.0, 5.0, 5.0, 5.0, 5.0, 5.0, 5.0, 5.0, 5.0, 5.0, 5.0, 5.0, 5.0, 5.0, 5.0, 5.0, 5.0, 5.0, 5.0, 5.0, 5.0, 5.0, 5.0, 5.0, 5.0, 5.0, 5.0, 5.0, 4.0, 4.0, 4.0, 4.0, 4.0, 4.0, 4.0, 4.0, 4.0, 4.0, 4.0, 4.0, 4.0, 4.0, 4.0, 4.0, 4.0, 4.0, 4.0, 4.0, 4.0, 4.0, 4.0, 4.0, 4.0, 4.0, 4.0, 4.0, 4.0, 4.0, 4.0, 4.0, 4.0, 4.0, 4.0, 4.0, 4.0, 4.0, 4.0, 4.0, 4.0, 4.0, 4.0, 4.0, 4.0, 4.0, 4.0, 4.0, 4.0, 4.0, 4.0, 4.0, 4.0, 4.0, 4.0, 4.0, 4.0, 4.0, 4.0, 4.0, 4.0, 4.0, 4.0, 4.0, 4.0, 4.0, 4.0, 4.0, 4.0, 4.0, 4.0, 4.0, 4.0, 4.0, 4.0, 4.0, 4.0, 4.0, 4.0, 4.0, 4.0, 4.0, 4.0, 3.0, 3.0, 3.0, 3.0, 3.0, 3.0, 3.0, 3.0, 3.0, 3.0, 3.0, 3.0, 3.0, 3.0, 3.0, 3.0, 3.0, 3.0, 3.0, 3.0, 3.0, 3.0, 3.0, 3.0, 3.0, 3.0, 3.0, 3.0, 3.0, 3.0, 3.0, 3.0, 3.0, 3.0, 3.0, 3.0, 3.0, 3.0, 3.0, 3.0, 3.0, 3.0, 3.0, 3.0, 3.0, 3.0, 3.0, 3.0, 3.0, 3.0, 3.0, 3.0, 3.0, 3.0, 3.0, 3.0, 3.0, 3.0, 3.0, 3.0, 3.0, 3.0, 3.0, 3.0, 3.0, 3.0, 3.0, 3.0, 3.0, 3.0, 3.0, 3.0, 3.0, 3.0, 3.0, 3.0, 3.0, 3.0, 3.0, 3.0, 3.0, 3.0, 3.0, 3.0, 3.0, 3.0, 3.0, 3.0, 3.0, 3.0, 3.0, 3.0, 3.0, 3.0, 3.0, 3.0, 3.0, 3.0, 3.0, 3.0, 3.0, 3.0, 3.0, 3.0, 3.0, 3.0, 3.0, 3.0, 3.0, 3.0, 3.0, 3.0, 3.0]",COMPLETE
