,number,value,datetime_start,datetime_complete,duration,params_batch_size_scaler,params_constant_learning_rate,params_depth,params_epochs,params_kernel_l2,params_num_trees,params_temperature,user_attrs_accuracy_test,user_attrs_accuracy_valid,user_attrs_approximate_feature_sparsity,user_attrs_approximate_feature_sparsity_history,user_attrs_approximate_weight_sparsity,user_attrs_approximate_weight_sparsity_history,user_attrs_auc_test,user_attrs_auc_valid,user_attrs_feature_sparsity,user_attrs_feature_sparsity_history,user_attrs_num_epochs,user_attrs_val_loss_history,user_attrs_weight_sparsity,user_attrs_weight_sparsity_history,state
15,15,0.7840553387177802,2024-08-31 01:13:47.094372,2024-08-31 01:16:17.834413,0 days 00:02:30.740041,16,0.025334443907009594,4,475,0.949889654137982,34,0.0005306507103887271,0.883,0.8775,33,"[33, 33, 33, 33, 33, 33, 33, 33, 33, 33, 33, 33, 33, 33, 33, 33, 33, 33, 33, 33, 33, 33, 33, 33, 33, 33, 33, 33, 33, 33, 33, 33, 33, 33, 33, 33, 33, 33, 33, 33, 33, 33, 33, 33, 33, 33, 33, 33, 33, 33, 33, 33, 33, 33, 33, 33, 33, 33, 33, 33, 33, 33, 33, 33, 33, 33, 33, 33, 33, 33, 33, 33, 33, 33, 33, 33, 33, 33, 33, 33, 33, 33, 33, 33, 33, 33, 33, 33, 33, 33, 33, 33, 33, 33, 33, 33, 33, 33, 33, 33, 33, 33, 33, 33, 33, 33, 33, 33, 33, 33, 33, 33, 33, 33, 33, 33, 33, 33, 33, 33, 33, 33, 33, 33, 33, 33, 33, 33, 33, 33, 33, 33, 33, 33, 33, 33, 33, 33, 33, 33, 33, 33, 33, 33, 33, 33, 33, 33, 33, 33, 33, 33, 33, 33, 33, 33, 33, 33, 33, 33, 33, 33, 33, 33, 33, 33, 33, 33, 33, 33, 33, 33, 33, 33, 33, 33, 33, 33, 33, 33, 33, 33, 33, 33, 33, 33, 33, 33, 33, 33, 33, 33, 33, 33, 33, 33, 33, 33, 33, 33, 33, 33, 33, 33, 33, 33, 33, 33, 33, 33, 33, 33, 33, 33, 33, 33, 33, 33, 33, 33, 33, 33, 33, 33, 33, 33, 33, 33, 33, 33, 33, 33, 33, 33, 33, 33, 33, 33, 33, 33, 33, 33, 33, 33, 33, 33, 33, 33, 33, 33, 33, 33, 33, 33, 33, 33, 33, 33, 33, 33, 33, 33, 33, 33, 33, 33, 33, 33, 33, 33, 33, 33, 33, 33, 33, 33, 33, 33, 33, 33, 33, 33, 33, 33, 33, 33, 33, 33, 33, 33, 33, 33, 33, 33, 33, 33, 33, 33, 33, 33, 33, 33, 33, 33, 33, 33, 33, 33, 33, 33, 33, 33, 33, 33, 33, 33, 33, 33, 33, 33, 33, 33, 33, 33, 33, 33, 33, 33, 33, 33, 33, 33, 33, 33, 33, 33, 33, 33, 33, 33, 33, 33, 33, 33, 33, 33, 33, 33, 33, 33, 33, 33, 33, 33, 33, 33, 33, 33, 33, 33, 33, 33, 33, 33, 33, 33, 33, 33, 33, 33, 33, 33, 33, 33, 33, 33, 33, 33, 33, 33, 33, 33, 33, 33, 33, 33, 33, 33, 33, 33, 33, 33, 33, 33, 33, 33, 33, 33, 33, 33, 33, 33, 33, 33, 33, 33, 33, 33, 33, 33, 33, 33, 33, 33, 33, 33, 33, 33, 33, 33, 33, 33, 33, 33, 33, 33, 33, 33, 33, 33, 33, 33, 33, 33, 33, 33, 33, 33, 33, 33, 33, 33, 33, 33, 33, 33, 33, 33, 33, 33, 33, 33, 33, 33, 33, 33, 33, 33, 33, 33, 33, 33, 33, 33, 33, 33, 33, 33, 33, 33, 33, 33, 33, 33, 33]",32.950980392156865,"[32.97843137254902, 32.97450980392157, 32.97843137254902, 32.970588235294116, 32.97254901960784, 32.964705882352945, 32.962745098039214, 32.962745098039214, 32.962745098039214, 32.97843137254902, 32.97450980392157, 32.962745098039214, 32.964705882352945, 32.964705882352945, 32.96666666666667, 32.97254901960784, 32.96666666666667, 32.96862745098039, 32.97450980392157, 32.976470588235294, 32.97450980392157, 32.96666666666667, 32.96666666666667, 32.970588235294116, 32.96666666666667, 32.96666666666667, 32.96078431372549, 32.96666666666667, 32.96862745098039, 32.956862745098036, 32.96862745098039, 32.956862745098036, 32.962745098039214, 32.95882352941177, 32.95490196078431, 32.96666666666667, 32.97450980392157, 32.976470588235294, 32.96666666666667, 32.970588235294116, 32.962745098039214, 32.96666666666667, 32.96862745098039, 32.95686274509804, 32.964705882352945, 32.95882352941177, 32.96666666666667, 32.97450980392157, 32.96666666666667, 32.97254901960784, 32.970588235294116, 32.976470588235294, 32.97254901960784, 32.964705882352945, 32.976470588235294, 32.976470588235294, 32.970588235294116, 32.97450980392157, 32.98039215686275, 32.97843137254902, 32.97254901960784, 32.97843137254902, 32.97450980392157, 32.97254901960785, 32.97254901960784, 32.962745098039214, 32.95882352941177, 32.95294117647059, 32.94705882352941, 32.950980392156865, 32.96078431372549, 32.962745098039214, 32.956862745098036, 32.96078431372549, 32.96862745098039, 32.97254901960784, 32.96862745098039, 32.970588235294116, 32.96666666666667, 32.964705882352945, 32.96666666666667, 32.964705882352945, 32.970588235294116, 32.96862745098039, 32.96666666666667, 32.97254901960784, 32.964705882352945, 32.964705882352945, 32.96078431372549, 32.97254901960784, 32.96862745098039, 32.97254901960784, 32.96862745098039, 32.97450980392157, 32.97450980392157, 32.97450980392157, 32.970588235294116, 32.970588235294116, 32.97254901960785, 32.970588235294116, 32.96078431372549, 32.95882352941177, 32.962745098039214, 32.96666666666667, 32.970588235294116, 32.96666666666667, 32.976470588235294, 32.97254901960784, 32.96078431372549, 32.96078431372549, 32.962745098039214, 32.95490196078431, 32.962745098039214, 32.962745098039214, 32.96666666666667, 32.96666666666667, 32.964705882352945, 32.96666666666667, 32.97254901960784, 32.970588235294116, 32.96666666666667, 32.96862745098039, 32.96862745098039, 32.970588235294116, 32.97254901960785, 32.970588235294116, 32.96862745098039, 32.97450980392157, 32.97254901960784, 32.964705882352945, 32.964705882352945, 32.96078431372549, 32.962745098039214, 32.97254901960784, 32.970588235294116, 32.970588235294116, 32.970588235294116, 32.96862745098039, 32.96078431372549, 32.95686274509804, 32.95882352941177, 32.96666666666667, 32.962745098039214, 32.962745098039214, 32.962745098039214, 32.96666666666667, 32.96862745098039, 32.962745098039214, 32.96666666666667, 32.96862745098039, 32.97254901960785, 32.970588235294116, 32.970588235294116, 32.976470588235294, 32.97450980392157, 32.970588235294116, 32.97254901960784, 32.964705882352945, 32.95882352941177, 32.962745098039214, 32.95882352941177, 32.95490196078431, 32.956862745098036, 32.950980392156865, 32.95294117647059, 32.95490196078431, 32.95882352941177, 32.962745098039214, 32.964705882352945, 32.96078431372549, 32.962745098039214, 32.962745098039214, 32.962745098039214, 32.956862745098036, 32.950980392156865, 32.95294117647059, 32.95294117647059, 32.95294117647059, 32.95294117647059, 32.95490196078431, 32.96078431372549, 32.962745098039214, 32.95882352941177, 32.95882352941177, 32.956862745098036, 32.95882352941177, 32.96078431372549, 32.95294117647059, 32.950980392156865, 32.95490196078431, 32.962745098039214, 32.96078431372549, 32.96078431372549, 32.956862745098036, 32.956862745098036, 32.956862745098036, 32.962745098039214, 32.96078431372549, 32.96666666666667, 32.95882352941177, 32.95490196078431, 32.94705882352941, 32.95686274509804, 32.95686274509804, 32.95490196078431, 32.94313725490196, 32.94117647058824, 32.94509803921569, 32.94117647058824, 32.94313725490196, 32.94705882352941, 32.94509803921569, 32.93921568627451, 32.93529411764706, 32.93529411764706, 32.94117647058823, 32.94705882352942, 32.94901960784314, 32.94901960784314, 32.94705882352941, 32.950980392156865, 32.94901960784314, 32.94901960784314, 32.95490196078431, 32.95882352941177, 32.964705882352945, 32.96078431372549, 32.964705882352945, 32.964705882352945, 32.96078431372549, 32.95490196078431, 32.95294117647059, 32.95294117647059, 32.94313725490196, 32.94117647058824, 32.950980392156865, 32.94313725490196, 32.94705882352941, 32.94509803921569, 32.94509803921569, 32.95294117647059, 32.95294117647059, 32.95294117647059, 32.94901960784314, 32.94901960784314, 32.94901960784314, 32.94901960784314, 32.94705882352941, 32.94901960784314, 32.94313725490196, 32.94117647058824, 32.94509803921569, 32.950980392156865, 32.95686274509804, 32.94509803921569, 32.95294117647059, 32.94901960784314, 32.94901960784314, 32.94901960784314, 32.950980392156865, 32.950980392156865, 32.950980392156865, 32.95490196078431, 32.95490196078431, 32.95490196078431, 32.95490196078431, 32.95882352941176, 32.95882352941176, 32.96274509803922, 32.95294117647059, 32.95294117647059, 32.95882352941176, 32.95882352941176, 32.95882352941176, 32.956862745098036, 32.95294117647059, 32.95490196078431, 32.950980392156865, 32.94117647058823, 32.93529411764706, 32.937254901960785, 32.93137254901961, 32.93529411764706, 32.93921568627451, 32.94509803921569, 32.94313725490196, 32.94313725490196, 32.93921568627451, 32.94705882352941, 32.94901960784314, 32.94313725490196, 32.94509803921569, 32.937254901960785, 32.931372549019606, 32.92941176470588, 32.923529411764704, 32.92549019607843, 32.92941176470588, 32.92745098039216, 32.923529411764704, 32.92549019607843, 32.93333333333334, 32.92745098039215, 32.92941176470588, 32.93529411764706, 32.937254901960785, 32.94117647058823, 32.943137254901956, 32.94509803921569, 32.94509803921569, 32.94705882352941, 32.94705882352941, 32.94313725490196, 32.94901960784314, 32.950980392156865, 32.94313725490196, 32.94313725490196, 32.93529411764706, 32.93333333333334, 32.94901960784314, 32.94509803921569, 32.94313725490196, 32.94313725490196, 32.94117647058824, 32.937254901960785, 32.94313725490196, 32.937254901960785, 32.94313725490196, 32.95294117647059, 32.95490196078431, 32.95686274509804, 32.95686274509804, 32.95490196078431, 32.95294117647059, 32.94901960784314, 32.94901960784314, 32.94901960784314, 32.95686274509804, 32.95490196078431, 32.956862745098036, 32.95882352941176, 32.950980392156865, 32.95294117647059, 32.95882352941177, 32.95686274509804, 32.95490196078431, 32.950980392156865, 32.950980392156865, 32.95686274509804, 32.950980392156865, 32.950980392156865, 32.94705882352941, 32.94705882352941, 32.94705882352941, 32.94705882352941, 32.94117647058824, 32.94313725490196, 32.94705882352941, 32.94705882352941, 32.94509803921569, 32.94509803921569, 32.94509803921569, 32.94117647058823, 32.943137254901956, 32.95686274509804, 32.95882352941177, 32.95882352941177, 32.95882352941177, 32.95294117647059, 32.95490196078431, 32.95294117647059, 32.94901960784314, 32.94901960784314, 32.950980392156865, 32.94901960784314, 32.94901960784314, 32.95490196078431, 32.95490196078431, 32.950980392156865, 32.94901960784314, 32.95490196078431, 32.95490196078431, 32.95686274509804, 32.950980392156865, 32.950980392156865, 32.95686274509804, 32.96078431372549, 32.95490196078431, 32.95686274509804, 32.95686274509804, 32.96078431372549, 32.962745098039214, 32.964705882352945, 32.95882352941177, 32.95686274509804, 32.95490196078431, 32.95882352941177, 32.95882352941177, 32.962745098039214, 32.96078431372549, 32.95490196078431, 32.950980392156865, 32.95294117647059, 32.95686274509804, 32.95294117647059, 32.94705882352941, 32.94901960784314, 32.94705882352941, 32.94901960784314, 32.95294117647059, 32.95294117647059, 32.95294117647059, 32.94705882352941, 32.94901960784314, 32.94313725490196, 32.94313725490196, 32.94705882352941, 32.95294117647059, 32.950980392156865, 32.950980392156865, 32.94509803921569, 32.94509803921569, 32.94705882352941, 32.94901960784314, 32.94901960784314, 32.95294117647059, 32.950980392156865, 32.950980392156865, 32.94901960784314, 32.94705882352941, 32.95686274509804, 32.95490196078431, 32.95490196078431, 32.95882352941177, 32.95686274509804, 32.95294117647059, 32.95294117647059, 32.95490196078431, 32.95686274509804, 32.962745098039214, 32.96666666666667, 32.970588235294116, 32.970588235294116, 32.96862745098039, 32.96666666666667, 32.95686274509804, 32.95882352941177, 32.96078431372549, 32.96078431372549, 32.95882352941177, 32.95686274509804, 32.95490196078431, 32.94901960784314, 32.95294117647059, 32.950980392156865, 32.95490196078431, 32.95294117647059, 32.95490196078431, 32.95490196078431, 32.94901960784314, 32.94705882352941, 32.95490196078431, 32.96078431372549, 32.95490196078431, 32.950980392156865, 32.94705882352942, 32.950980392156865, 32.950980392156865, 32.950980392156865, 32.94901960784314, 32.94901960784314, 32.94901960784314, 32.94901960784314, 32.94901960784314, 32.950980392156865]",0.8088739173870325,0.7840553387177802,33,"[33, 33, 33, 33, 33, 33, 33, 33, 33, 33, 33, 33, 33, 33, 33, 33, 33, 33, 33, 33, 33, 33, 33, 33, 33, 33, 33, 33, 33, 33, 33, 33, 33, 33, 33, 33, 33, 33, 33, 33, 33, 33, 33, 33, 33, 33, 33, 33, 33, 33, 33, 33, 33, 33, 33, 33, 33, 33, 33, 33, 33, 33, 33, 33, 33, 33, 33, 33, 33, 33, 33, 33, 33, 33, 33, 33, 33, 33, 33, 33, 33, 33, 33, 33, 33, 33, 33, 33, 33, 33, 33, 33, 33, 33, 33, 33, 33, 33, 33, 33, 33, 33, 33, 33, 33, 33, 33, 33, 33, 33, 33, 33, 33, 33, 33, 33, 33, 33, 33, 33, 33, 33, 33, 33, 33, 33, 33, 33, 33, 33, 33, 33, 33, 33, 33, 33, 33, 33, 33, 33, 33, 33, 33, 33, 33, 33, 33, 33, 33, 33, 33, 33, 33, 33, 33, 33, 33, 33, 33, 33, 33, 33, 33, 33, 33, 33, 33, 33, 33, 33, 33, 33, 33, 33, 33, 33, 33, 33, 33, 33, 33, 33, 33, 33, 33, 33, 33, 33, 33, 33, 33, 33, 33, 33, 33, 33, 33, 33, 33, 33, 33, 33, 33, 33, 33, 33, 33, 33, 33, 33, 33, 33, 33, 33, 33, 33, 33, 33, 33, 33, 33, 33, 33, 33, 33, 33, 33, 33, 33, 33, 33, 33, 33, 33, 33, 33, 33, 33, 33, 33, 33, 33, 33, 33, 33, 33, 33, 33, 33, 33, 33, 33, 33, 33, 33, 33, 33, 33, 33, 33, 33, 33, 33, 33, 33, 33, 33, 33, 33, 33, 33, 33, 33, 33, 33, 33, 33, 33, 33, 33, 33, 33, 33, 33, 33, 33, 33, 33, 33, 33, 33, 33, 33, 33, 33, 33, 33, 33, 33, 33, 33, 33, 33, 33, 33, 33, 33, 33, 33, 33, 33, 33, 33, 33, 33, 33, 33, 33, 33, 33, 33, 33, 33, 33, 33, 33, 33, 33, 33, 33, 33, 33, 33, 33, 33, 33, 33, 33, 33, 33, 33, 33, 33, 33, 33, 33, 33, 33, 33, 33, 33, 33, 33, 33, 33, 33, 33, 33, 33, 33, 33, 33, 33, 33, 33, 33, 33, 33, 33, 33, 33, 33, 33, 33, 33, 33, 33, 33, 33, 33, 33, 33, 33, 33, 33, 33, 33, 33, 33, 33, 33, 33, 33, 33, 33, 33, 33, 33, 33, 33, 33, 33, 33, 33, 33, 33, 33, 33, 33, 33, 33, 33, 33, 33, 33, 33, 33, 33, 33, 33, 33, 33, 33, 33, 33, 33, 33, 33, 33, 33, 33, 33, 33, 33, 33, 33, 33, 33, 33, 33, 33, 33, 33, 33, 33, 33, 33, 33, 33, 33, 33, 33, 33, 33, 33, 33, 33, 33, 33, 33, 33, 33, 33, 33, 33, 33, 33, 33, 33, 33, 33, 33, 33, 33, 33]",475,"[0.8327471017837524, 0.6745052933692932, 0.6024519205093384, 0.5663114190101624, 0.5462395548820496, 0.5347281098365784, 0.5274897813796997, 0.5226601958274841, 0.5192363858222961, 0.5165557265281677, 0.5143540501594543, 0.5125970244407654, 0.5110476016998291, 0.5096246600151062, 0.508277952671051, 0.5070382356643677, 0.5059015154838562, 0.5047791004180908, 0.5037121772766113, 0.5026894211769104, 0.5016751289367676, 0.5007249116897583, 0.4998081624507904, 0.4988914728164673, 0.4980221092700958, 0.4971751272678375, 0.4963572323322296, 0.49550700187683105, 0.49469611048698425, 0.49390342831611633, 0.4931087791919708, 0.49234500527381897, 0.4916292428970337, 0.4909179210662842, 0.4902134835720062, 0.4895085096359253, 0.48882243037223816, 0.48814648389816284, 0.48747459053993225, 0.4868462085723877, 0.48621270060539246, 0.4856009781360626, 0.484968364238739, 0.4843604266643524, 0.48375704884529114, 0.48317280411720276, 0.4825901389122009, 0.4820326864719391, 0.4814680516719818, 0.4809185862541199, 0.4803706705570221, 0.4798402488231659, 0.4793004095554352, 0.4787880778312683, 0.47828787565231323, 0.4777757227420807, 0.4773094654083252, 0.4768199622631073, 0.476339191198349, 0.47586381435394287, 0.47538766264915466, 0.4749228358268738, 0.4744621217250824, 0.4739856719970703, 0.47352173924446106, 0.4730619490146637, 0.47262150049209595, 0.47218528389930725, 0.4717550277709961, 0.4713134765625, 0.47087228298187256, 0.47046130895614624, 0.470041424036026, 0.46961307525634766, 0.46920788288116455, 0.4688197374343872, 0.4684269428253174, 0.4680517315864563, 0.46765196323394775, 0.46725994348526, 0.46685725450515747, 0.46645987033843994, 0.466070294380188, 0.4656883478164673, 0.4653140604496002, 0.4649535119533539, 0.4645673632621765, 0.4641970098018646, 0.46382731199264526, 0.4634537994861603, 0.46307578682899475, 0.46271812915802, 0.4623434543609619, 0.46199071407318115, 0.4616268277168274, 0.4612542688846588, 0.46092522144317627, 0.46056702733039856, 0.46023574471473694, 0.4598839581012726, 0.45954543352127075, 0.4592350721359253, 0.45889508724212646, 0.4585428535938263, 0.4581999182701111, 0.45784053206443787, 0.4575224220752716, 0.4571918547153473, 0.4568648636341095, 0.45650506019592285, 0.4561777412891388, 0.45585212111473083, 0.4555320739746094, 0.4552147686481476, 0.4548802971839905, 0.4545512795448303, 0.45421990752220154, 0.45390087366104126, 0.4535561800003052, 0.45322784781455994, 0.45290935039520264, 0.45260071754455566, 0.45227551460266113, 0.45196986198425293, 0.45165494084358215, 0.45135238766670227, 0.45103397965431213, 0.4507402777671814, 0.450447678565979, 0.45015254616737366, 0.44985392689704895, 0.4495416581630707, 0.44921624660491943, 0.4489049017429352, 0.44861674308776855, 0.4483035206794739, 0.4480336904525757, 0.4477491080760956, 0.4474468529224396, 0.4471719264984131, 0.4468677043914795, 0.44653797149658203, 0.44625163078308105, 0.4459456205368042, 0.4456470012664795, 0.44535449147224426, 0.44507896900177, 0.44477027654647827, 0.4444984197616577, 0.44419053196907043, 0.44390490651130676, 0.4435988962650299, 0.44332432746887207, 0.4430340528488159, 0.44276535511016846, 0.44249194860458374, 0.4422197639942169, 0.44191592931747437, 0.44161468744277954, 0.4413292407989502, 0.4410584270954132, 0.440779447555542, 0.440514475107193, 0.44022682309150696, 0.43996724486351013, 0.4396976828575134, 0.43943458795547485, 0.43915098905563354, 0.438888281583786, 0.4386133551597595, 0.43831074237823486, 0.4380115866661072, 0.437735378742218, 0.4374825656414032, 0.4372040033340454, 0.4369291663169861, 0.43666720390319824, 0.43640366196632385, 0.43612396717071533, 0.435865581035614, 0.43560031056404114, 0.4353386163711548, 0.43506482243537903, 0.4347941279411316, 0.4345133900642395, 0.4342321753501892, 0.4339653253555298, 0.4336986243724823, 0.4334498345851898, 0.4331960678100586, 0.43293270468711853, 0.43266114592552185, 0.43241527676582336, 0.4321974813938141, 0.43196460604667664, 0.43170875310897827, 0.4314498007297516, 0.43119949102401733, 0.43091458082199097, 0.4306516945362091, 0.4303854703903198, 0.4301505386829376, 0.42987725138664246, 0.42962542176246643, 0.429376482963562, 0.4291086196899414, 0.4288492500782013, 0.42860257625579834, 0.42836540937423706, 0.4281071424484253, 0.42786893248558044, 0.42761433124542236, 0.4273631274700165, 0.4271163046360016, 0.4268822968006134, 0.42663776874542236, 0.4263882339000702, 0.4261574447154999, 0.425907164812088, 0.42565178871154785, 0.4254246950149536, 0.4251668155193329, 0.42489826679229736, 0.4246610403060913, 0.42445483803749084, 0.4242468774318695, 0.4240007698535919, 0.4237614870071411, 0.4234955608844757, 0.4232414960861206, 0.42301151156425476, 0.42276352643966675, 0.4225187301635742, 0.4222898483276367, 0.42205166816711426, 0.42181044816970825, 0.42157912254333496, 0.4213412404060364, 0.421141654253006, 0.4209127724170685, 0.420686811208725, 0.4204506278038025, 0.42023614048957825, 0.42001235485076904, 0.4197743237018585, 0.41954872012138367, 0.41931819915771484, 0.41908037662506104, 0.4188540577888489, 0.4186514914035797, 0.418410986661911, 0.4181824028491974, 0.41794854402542114, 0.41771399974823, 0.4174741804599762, 0.4172382652759552, 0.41699379682540894, 0.416765034198761, 0.41654521226882935, 0.4163369834423065, 0.41612163186073303, 0.4159136116504669, 0.4156751334667206, 0.4154471457004547, 0.41521766781806946, 0.4150072932243347, 0.4147879481315613, 0.4145645797252655, 0.41433897614479065, 0.4141199588775635, 0.41393983364105225, 0.41374877095222473, 0.4135236442089081, 0.41331154108047485, 0.4130803942680359, 0.41285163164138794, 0.41263052821159363, 0.4124325215816498, 0.41219502687454224, 0.4119797646999359, 0.41178181767463684, 0.4115516245365143, 0.4113690257072449, 0.4111648499965668, 0.4109281301498413, 0.4107215106487274, 0.41052013635635376, 0.4103340804576874, 0.4101073443889618, 0.4098772406578064, 0.40967369079589844, 0.4094407558441162, 0.4092344641685486, 0.4090268015861511, 0.4088187515735626, 0.40859928727149963, 0.4084239602088928, 0.4081907272338867, 0.40799811482429504, 0.4077746272087097, 0.407573401927948, 0.4073895215988159, 0.40721091628074646, 0.4069940149784088, 0.4067990183830261, 0.4066047668457031, 0.4064103066921234, 0.40620818734169006, 0.4060194492340088, 0.4058082699775696, 0.40562278032302856, 0.4054417312145233, 0.4052315056324005, 0.4050167202949524, 0.40481868386268616, 0.40462756156921387, 0.40443095564842224, 0.4042467772960663, 0.404052734375, 0.40385422110557556, 0.4036520719528198, 0.4034615457057953, 0.40324923396110535, 0.4030432403087616, 0.4028646945953369, 0.4026712477207184, 0.4024575352668762, 0.4022601246833801, 0.4020550549030304, 0.4018847346305847, 0.4017058312892914, 0.4015190005302429, 0.401326984167099, 0.40112102031707764, 0.40094706416130066, 0.4007306396961212, 0.4005492925643921, 0.4003200829029083, 0.40010520815849304, 0.39991363883018494, 0.39972439408302307, 0.39952096343040466, 0.3993147909641266, 0.3991457223892212, 0.3989697992801666, 0.39876028895378113, 0.398563951253891, 0.39840301871299744, 0.3982049524784088, 0.3980315923690796, 0.3978305160999298, 0.39764678478240967, 0.3974696099758148, 0.3972770571708679, 0.3970921039581299, 0.39690715074539185, 0.39672815799713135, 0.39653831720352173, 0.3963429927825928, 0.39617225527763367, 0.39599594473838806, 0.39579784870147705, 0.3956323564052582, 0.39545100927352905, 0.39528244733810425, 0.39509323239326477, 0.3949275612831116, 0.39477643370628357, 0.3946056663990021, 0.39442551136016846, 0.39425209164619446, 0.3940945565700531, 0.393936425447464, 0.39373084902763367, 0.39355990290641785, 0.3933950364589691, 0.3932148218154907, 0.3930010199546814, 0.392802894115448, 0.3926434814929962, 0.3924722373485565, 0.39230015873908997, 0.39213210344314575, 0.3919754922389984, 0.39180052280426025, 0.3916468322277069, 0.391459584236145, 0.39126983284950256, 0.3910676836967468, 0.39090362191200256, 0.3907223045825958, 0.3905567526817322, 0.39037060737609863, 0.3901973068714142, 0.3900274336338043, 0.3898698091506958, 0.38972270488739014, 0.3895556628704071, 0.3893880844116211, 0.3892202377319336, 0.38904833793640137, 0.388880