,number,value,datetime_start,datetime_complete,duration,params_batch_size_scaler,params_constant_learning_rate,params_depth,params_epochs,params_kernel_l2,params_num_trees,params_temperature,user_attrs_accuracy_test,user_attrs_accuracy_valid,user_attrs_approximate_feature_sparsity,user_attrs_approximate_feature_sparsity_history,user_attrs_approximate_weight_sparsity,user_attrs_approximate_weight_sparsity_history,user_attrs_auc_test,user_attrs_auc_valid,user_attrs_feature_sparsity,user_attrs_feature_sparsity_history,user_attrs_num_epochs,user_attrs_val_loss_history,user_attrs_weight_sparsity,user_attrs_weight_sparsity_history,state
33,33,0.9268075897515168,2024-08-31 02:01:14.417980,2024-08-31 02:05:39.310410,0 days 00:04:24.892430,1,0.014317615175288992,1,340,0.0031415340716527997,83,0.0010681339384448461,0.946,0.93125,33,"[33, 33, 33, 33, 33, 33, 33, 33, 33, 33, 33, 33, 33, 33, 33, 33, 33, 33, 33, 33, 33, 33, 33, 33, 33, 33, 33, 33, 33, 33, 33, 33, 33, 33, 33, 33, 33, 33, 33, 33, 33, 33, 33, 33, 33, 33, 33, 33, 33, 33, 33, 33, 33, 33, 33, 33, 33, 33, 33, 33, 33, 33, 33, 33, 33, 33, 33, 33, 33, 33, 33, 33, 33, 33, 33, 33, 33, 33, 33, 33, 33, 33, 33, 33, 33, 33, 33, 33, 33, 33, 33, 33, 33, 33, 33, 33, 33, 33, 33, 33, 33, 33, 33, 33, 33, 33, 33, 33, 33, 33, 33, 33, 33, 33, 33, 33, 33, 33, 33, 33, 33, 33, 33, 33, 33, 33, 33, 33, 33, 33, 33, 33, 33, 33, 33, 33, 33, 33, 33, 33, 33, 33, 33, 33, 33, 33, 33, 33, 33, 33, 33, 33, 33, 33, 33, 33, 33, 33, 33, 33, 33, 33, 33, 33, 33, 33, 33, 33, 33, 33, 33, 33, 33, 33, 33, 33, 33, 33, 33, 33, 33, 33, 33, 33, 33, 33, 33, 33, 33, 33, 33, 33, 33, 33, 33, 33, 33, 33, 33, 33, 33, 33, 33, 33, 33, 33, 33, 33, 33, 33, 33, 33, 33, 33, 33, 33, 33, 33, 33, 33, 33, 33, 33, 33, 33, 33, 33, 33, 33, 33, 33, 33, 33, 33, 33, 33, 33, 33, 33, 33, 33, 33, 33, 33, 33, 33, 33, 33, 33, 33, 33, 33, 33, 33, 33, 33, 33, 33, 33, 33, 33, 33, 33, 33, 33, 33, 33, 33, 33, 33, 33, 33, 33, 33, 33, 33, 33, 33, 33, 33, 33, 33, 33, 33, 33, 33, 33, 33, 33, 33, 33, 33, 33, 33, 33, 33, 33, 33, 33, 33, 33, 33, 33, 33, 33, 33, 33, 33, 33, 33, 33, 33, 33, 33, 33, 33, 33, 33, 33, 33, 33, 33, 33, 33, 33, 33, 33, 33, 33, 33, 33, 33, 33, 33, 33, 33, 33, 33, 33, 33]",32.963855421686745,"[33.0, 32.975903614457835, 32.975903614457835, 32.98795180722892, 33.0, 32.975903614457835, 32.975903614457835, 32.975903614457835, 32.975903614457835, 32.963855421686745, 32.98795180722892, 32.98795180722892, 32.963855421686745, 32.98795180722892, 32.98795180722892, 32.98795180722892, 33.0, 32.98795180722892, 33.0, 32.98795180722892, 32.98795180722892, 33.0, 32.98795180722892, 32.975903614457835, 33.0, 32.98795180722892, 32.98795180722892, 33.0, 32.975903614457835, 32.98795180722892, 32.963855421686745, 32.98795180722892, 33.0, 32.98795180722892, 32.98795180722892, 32.98795180722892, 32.98795180722892, 33.0, 33.0, 32.98795180722892, 32.98795180722892, 32.98795180722892, 32.98795180722892, 32.975903614457835, 33.0, 33.0, 33.0, 33.0, 32.98795180722892, 33.0, 32.98795180722892, 32.975903614457835, 32.975903614457835, 32.975903614457835, 32.98795180722892, 32.98795180722892, 33.0, 33.0, 32.98795180722892, 32.98795180722892, 33.0, 32.975903614457835, 32.98795180722892, 32.975903614457835, 33.0, 32.98795180722892, 32.98795180722892, 33.0, 32.975903614457835, 32.963855421686745, 32.98795180722892, 32.98795180722892, 33.0, 33.0, 32.98795180722892, 32.963855421686745, 32.98795180722892, 32.975903614457835, 32.975903614457835, 32.98795180722892, 33.0, 32.98795180722892, 32.98795180722892, 32.98795180722892, 33.0, 32.98795180722892, 33.0, 32.975903614457835, 32.963855421686745, 32.98795180722892, 33.0, 33.0, 32.975903614457835, 32.975903614457835, 33.0, 33.0, 33.0, 33.0, 32.98795180722892, 32.98795180722892, 33.0, 33.0, 33.0, 33.0, 33.0, 32.98795180722892, 32.975903614457835, 32.975903614457835, 32.98795180722892, 33.0, 32.975903614457835, 32.98795180722892, 33.0, 33.0, 33.0, 32.963855421686745, 32.963855421686745, 32.98795180722892, 32.95180722891566, 32.963855421686745, 32.963855421686745, 32.98795180722892, 33.0, 33.0, 32.98795180722892, 32.98795180722892, 33.0, 32.98795180722892, 32.975903614457835, 33.0, 32.98795180722892, 33.0, 33.0, 32.98795180722892, 32.975903614457835, 33.0, 33.0, 33.0, 33.0, 33.0, 33.0, 33.0, 33.0, 33.0, 33.0, 33.0, 33.0, 33.0, 33.0, 33.0, 33.0, 33.0, 33.0, 32.98795180722892, 32.98795180722892, 33.0, 33.0, 33.0, 32.975903614457835, 32.98795180722892, 33.0, 33.0, 33.0, 33.0, 33.0, 33.0, 33.0, 33.0, 33.0, 33.0, 33.0, 33.0, 33.0, 33.0, 32.98795180722892, 32.975903614457835, 32.98795180722892, 33.0, 32.98795180722892, 32.98795180722892, 32.975903614457835, 32.975903614457835, 32.98795180722892, 33.0, 32.98795180722892, 33.0, 33.0, 33.0, 32.98795180722892, 32.98795180722892, 32.98795180722892, 33.0, 33.0, 32.98795180722892, 32.98795180722892, 32.975903614457835, 32.98795180722892, 33.0, 33.0, 33.0, 33.0, 32.98795180722892, 33.0, 32.98795180722892, 32.975903614457835, 32.98795180722892, 33.0, 33.0, 33.0, 33.0, 32.98795180722892, 33.0, 32.975903614457835, 33.0, 32.975903614457835, 33.0, 33.0, 32.98795180722892, 33.0, 32.975903614457835, 32.975903614457835, 32.963855421686745, 32.975903614457835, 33.0, 32.975903614457835, 32.98795180722892, 32.98795180722892, 32.98795180722892, 32.98795180722892, 32.975903614457835, 32.98795180722892, 32.98795180722892, 32.975903614457835, 32.98795180722892, 32.975903614457835, 32.98795180722892, 33.0, 33.0, 32.98795180722892, 33.0, 32.975903614457835, 32.975903614457835, 32.98795180722892, 32.98795180722892, 33.0, 33.0, 32.98795180722892, 32.98795180722892, 32.963855421686745, 32.98795180722892, 32.975903614457835, 32.975903614457835, 32.98795180722892, 32.98795180722892, 32.98795180722892, 32.98795180722892, 32.98795180722892, 33.0, 33.0, 32.98795180722892, 33.0, 33.0, 32.98795180722892, 32.98795180722892, 32.975903614457835, 33.0, 33.0, 33.0, 32.98795180722892, 33.0, 33.0, 33.0, 32.975903614457835, 32.98795180722892, 32.98795180722892, 32.98795180722892, 32.98795180722892, 32.975903614457835, 32.98795180722892, 33.0, 33.0, 33.0, 33.0, 33.0, 33.0, 32.98795180722892, 33.0, 33.0, 33.0, 33.0, 33.0, 33.0, 33.0, 33.0, 33.0, 33.0, 32.963855421686745, 32.98795180722892, 32.98795180722892, 32.963855421686745, 32.95180722891566, 32.975903614457835, 32.975903614457835, 32.98795180722892, 33.0, 32.98795180722892, 32.98795180722892, 32.98795180722892, 33.0, 32.975903614457835, 33.0, 32.98795180722892, 32.975903614457835, 32.963855421686745, 32.98795180722892, 32.98795180722892, 32.963855421686745, 32.963855421686745, 32.975903614457835, 32.98795180722892, 32.98795180722892, 32.963855421686745, 32.98795180722892, 32.975903614457835, 32.963855421686745, 32.963855421686745, 32.98795180722892, 32.98795180722892, 32.98795180722892, 32.975903614457835, 32.975903614457835, 32.98795180722892, 32.975903614457835, 32.98795180722892, 32.975903614457835, 32.98795180722892, 32.975903614457835, 32.975903614457835, 32.95180722891566, 32.963855421686745]",0.9046805208101124,0.9268075897515168,33,"[33, 33, 33, 33, 33, 33, 33, 33, 33, 33, 33, 33, 33, 33, 33, 33, 33, 33, 33, 33, 33, 33, 33, 33, 33, 33, 33, 33, 33, 33, 33, 33, 33, 33, 33, 33, 33, 33, 33, 33, 33, 33, 33, 33, 33, 33, 33, 33, 33, 33, 33, 33, 33, 33, 33, 33, 33, 33, 33, 33, 33, 33, 33, 33, 33, 33, 33, 33, 33, 33, 33, 33, 33, 33, 33, 33, 33, 33, 33, 33, 33, 33, 33, 33, 33, 33, 33, 33, 33, 33, 33, 33, 33, 33, 33, 33, 33, 33, 33, 33, 33, 33, 33, 33, 33, 33, 33, 33, 33, 33, 33, 33, 33, 33, 33, 33, 33, 33, 33, 33, 33, 33, 33, 33, 33, 33, 33, 33, 33, 33, 33, 33, 33, 33, 33, 33, 33, 33, 33, 33, 33, 33, 33, 33, 33, 33, 33, 33, 33, 33, 33, 33, 33, 33, 33, 33, 33, 33, 33, 33, 33, 33, 33, 33, 33, 33, 33, 33, 33, 33, 33, 33, 33, 33, 33, 33, 33, 33, 33, 33, 33, 33, 33, 33, 33, 33, 33, 33, 33, 33, 33, 33, 33, 33, 33, 33, 33, 33, 33, 33, 33, 33, 33, 33, 33, 33, 33, 33, 33, 33, 33, 33, 33, 33, 33, 33, 33, 33, 33, 33, 33, 33, 33, 33, 33, 33, 33, 33, 33, 33, 33, 33, 33, 33, 33, 33, 33, 33, 33, 33, 33, 33, 33, 33, 33, 33, 33, 33, 33, 33, 33, 33, 33, 33, 33, 33, 33, 33, 33, 33, 33, 33, 33, 33, 33, 33, 33, 33, 33, 33, 33, 33, 33, 33, 33, 33, 33, 33, 33, 33, 33, 33, 33, 33, 33, 33, 33, 33, 33, 33, 33, 33, 33, 33, 33, 33, 33, 33, 33, 33, 33, 33, 33, 33, 33, 33, 33, 33, 33, 33, 33, 33, 33, 33, 33, 33, 33, 33, 33, 33, 33, 33, 33, 33, 33, 33, 33, 33, 33, 33, 33, 33, 33, 33, 33, 33, 33, 33, 33, 33]",340,"[0.39193689823150635, 0.3909372389316559, 0.3770482540130615, 0.3730836510658264, 0.36974841356277466, 0.36794114112854004, 0.3649146258831024, 0.3718203008174896, 0.3595433533191681, 0.35681259632110596, 0.3551594913005829, 0.35313716530799866, 0.3528832495212555, 0.34974974393844604, 0.34924834966659546, 0.3438384234905243, 0.344478964805603, 0.3400361239910126, 0.33804306387901306, 0.33643317222595215, 0.3375636041164398, 0.33745914697647095, 0.33261680603027344, 0.33030837774276733, 0.33024322986602783, 0.3269670009613037, 0.32517993450164795, 0.32385173439979553, 0.32273733615875244, 0.3221513330936432, 0.3199966251850128, 0.32007691264152527, 0.318414568901062, 0.31874650716781616, 0.31532666087150574, 0.31413450837135315, 0.31808188557624817, 0.31214314699172974, 0.30883753299713135, 0.3072628378868103, 0.3054829239845276, 0.3032015562057495, 0.30261293053627014, 0.3012634813785553, 0.29784610867500305, 0.29831746220588684, 0.29343292117118835, 0.29119065403938293, 0.289928674697876, 0.2877054512500763, 0.2928614616394043, 0.28428423404693604, 0.28166013956069946, 0.27912437915802, 0.2767369747161865, 0.2750849425792694, 0.27283400297164917, 0.2722271978855133, 0.2689492404460907, 0.2695774734020233, 0.2658194899559021, 0.26472824811935425, 0.2630266845226288, 0.26260891556739807, 0.25975272059440613, 0.2579611539840698, 0.25665417313575745, 0.25550028681755066, 0.25489333271980286, 0.25454217195510864, 0.2508375644683838, 0.25223711133003235, 0.24909228086471558, 0.2475760132074356, 0.2457469403743744, 0.24426840245723724, 0.24498073756694794, 0.2432834506034851, 0.2435249388217926, 0.24297024309635162, 0.24822692573070526, 0.2409534603357315, 0.2402491569519043, 0.23884700238704681, 0.23839540779590607, 0.23808538913726807, 0.23761510848999023, 0.23853300511837006, 0.23729829490184784, 0.23918813467025757, 0.23580607771873474, 0.2350265085697174, 0.23494186997413635, 0.234225332736969, 0.2323797047138214, 0.23678284883499146, 0.23838624358177185, 0.23278528451919556, 0.23177719116210938, 0.23330284655094147, 0.23104102909564972, 0.2306896597146988, 0.2348519265651703, 0.23475389182567596, 0.23440082371234894, 0.22891268134117126, 0.22952556610107422, 0.2294476181268692, 0.23152832686901093, 0.22857345640659332, 0.23096144199371338, 0.2312278151512146, 0.22685934603214264, 0.22773312032222748, 0.2353469729423523, 0.22606632113456726, 0.22583435475826263, 0.22613517940044403, 0.22568096220493317, 0.22482267022132874, 0.2254536747932434, 0.22746914625167847, 0.2254829853773117, 0.22436636686325073, 0.23127086460590363, 0.22858408093452454, 0.22390815615653992, 0.22524023056030273, 0.22504620254039764, 0.22507798671722412, 0.22317777574062347, 0.22209031879901886, 0.22396597266197205, 0.22193539142608643, 0.222697451710701, 0.2210075706243515, 0.22657938301563263, 0.2242935597896576, 0.22196142375469208, 0.22105278074741364, 0.22116513550281525, 0.22089067101478577, 0.2232307642698288, 0.2201225608587265, 0.219734326004982, 0.22158417105674744, 0.22075313329696655, 0.2202993929386139, 0.22178106009960175, 0.22242437303066254, 0.21999633312225342, 0.21970714628696442, 0.21823649108409882, 0.22025489807128906, 0.21843677759170532, 0.21835462749004364, 0.21889245510101318, 0.22057674825191498, 0.21752920746803284, 0.21915246546268463, 0.21906183660030365, 0.21666473150253296, 0.21692512929439545, 0.2175709307193756, 0.21999210119247437, 0.22982972860336304, 0.21656902134418488, 0.2231913059949875, 0.21555157005786896, 0.22651244699954987, 0.2212226688861847, 0.21745267510414124, 0.22686251997947693, 0.21921895444393158, 0.22038376331329346, 0.21717733144760132, 0.2183501124382019, 0.21455617249011993, 0.21488375961780548, 0.22077859938144684, 0.21442502737045288, 0.2163705676794052, 0.2217683047056198, 0.22027058899402618, 0.21665582060813904, 0.2187732458114624, 0.2139134258031845, 0.21380701661109924, 0.2171194702386856, 0.2124481201171875, 0.2122342437505722, 0.2123633623123169, 0.21283744275569916, 0.2138049155473709, 0.21187171339988708, 0.21475492417812347, 0.21276676654815674, 0.21200710535049438, 0.21031135320663452, 0.21027597784996033, 0.21179081499576569, 0.2118140459060669, 0.2110251635313034, 0.2104598879814148, 0.21278570592403412, 0.21415165066719055, 0.2125336229801178, 0.21317936480045319, 0.21457728743553162, 0.21036821603775024, 0.2094314694404602, 0.21051307022571564, 0.20770180225372314, 0.20802287757396698, 0.21392399072647095, 0.2079242318868637, 0.2079595923423767, 0.20817527174949646, 0.20757104456424713, 0.2075253129005432, 0.20944397151470184, 0.20955653488636017, 0.20844659209251404, 0.20733970403671265, 0.2073301523923874, 0.20948900282382965, 0.20805054903030396, 0.20760756731033325, 0.20917972922325134, 0.20817571878433228, 0.20774267613887787, 0.21082699298858643, 0.20976535975933075, 0.20672082901000977, 0.20644262433052063, 0.20850364863872528, 0.20596666634082794, 0.20910415053367615, 0.21127468347549438, 0.20484618842601776, 0.21127557754516602, 0.20553046464920044, 0.20555473864078522, 0.2060486078262329, 0.2062063366174698, 0.2047630250453949, 0.20643529295921326, 0.20900394022464752, 0.2047843039035797, 0.2084382176399231, 0.20857441425323486, 0.20489472150802612, 0.20408576726913452, 0.20475178956985474, 0.20572429895401, 0.21010982990264893, 0.2050969898700714, 0.2040237933397293, 0.20539206266403198, 0.20384977757930756, 0.20497174561023712, 0.20364564657211304, 0.20569199323654175, 0.20382526516914368, 0.20367927849292755, 0.2039981335401535, 0.20354674756526947, 0.20499905943870544, 0.20406265556812286, 0.20373983681201935, 0.20177273452281952, 0.20395702123641968, 0.20253656804561615, 0.20337195694446564, 0.20303495228290558, 0.20351919531822205, 0.20567800104618073, 0.2023957371711731, 0.2015725076198578, 0.20339535176753998, 0.20534411072731018, 0.20946726202964783, 0.20439250767230988, 0.20315295457839966, 0.20309142768383026, 0.20351922512054443, 0.20369617640972137, 0.20232011377811432, 0.2069077342748642, 0.20271989703178406, 0.2030591517686844, 0.213795006275177, 0.208234965801239, 0.20350578427314758, 0.20248037576675415, 0.20253761112689972, 0.20168152451515198, 0.20160843431949615, 0.20771072804927826, 0.20369283854961395, 0.20450033247470856, 0.2035561203956604, 0.20257507264614105, 0.2036999762058258, 0.20258666574954987, 0.2038695514202118, 0.2020615190267563, 0.2025264948606491, 0.20406021177768707, 0.20320749282836914, 0.2330581098794937, 0.20186954736709595, 0.20162014663219452, 0.20407815277576447, 0.2019457221031189, 0.20129171013832092, 0.2012915164232254, 0.20778365433216095, 0.20242314040660858, 0.20299924910068512, 0.20419476926326752, 0.20175468921661377, 0.20267480611801147, 0.20637720823287964, 0.20305366814136505, 0.20156879723072052, 0.20279265940189362, 0.20196081697940826, 0.20339272916316986, 0.2026745229959488, 0.20426243543624878, 0.20628052949905396, 0.20295338332653046, 0.20204900205135345, 0.20030948519706726, 0.20304752886295319, 0.2058010697364807, 0.20515970885753632, 0.20290464162826538, 0.20167195796966553]",33.0,"[33.0, 33.0, 33.0, 33.0, 33.0, 33.0, 33.0, 33.0, 33.0, 33.0, 33.0, 33.0, 33.0, 33.0, 33.0, 33.0, 33.0, 33.0, 33.0, 33.0, 33.0, 33.0, 33.0, 33.0, 33.0, 33.0, 33.0, 33.0, 33.0, 33.0, 33.0, 33.0, 33.0, 33.0, 33.0, 33.0, 33.0, 33.0, 33.0, 33.0, 33.0, 33.0, 33.0, 33.0, 33.0, 33.0, 33.0, 33.0, 33.0, 33.0, 33.0, 33.0, 33.0, 33.0, 33.0, 33.0, 33.0, 33.0, 33.0, 33.0, 33.0, 33.0, 33.0, 33.0, 33.0, 33.0, 33.0, 33.0, 33.0, 33.0, 33.0, 33.0, 33.0, 33.0, 33.0, 33.0, 33.0, 33.0, 33.0, 33.0, 33.0, 33.0, 33.0, 33.0, 33.0, 33.0, 33.0, 33.0, 33.0, 33.0, 33.0, 33.0, 33.0, 33.0, 33.0, 33.0, 33.0, 33.0, 33.0, 33.0, 33.0, 33.0, 33.0, 33.0, 33.0, 33.0, 33.0, 33.0, 33.0, 33.0, 33.0, 33.0, 33.0, 33.0, 33.0, 33.0, 33.0, 33.0, 33.0, 33.0, 33.0, 33.0, 33.0, 33.0, 33.0, 33.0, 33.0, 33.0, 33.0, 33.0, 33.0, 33.0, 33.0, 33.0, 33.0, 33.0, 33.0, 33.0, 33.0, 33.0, 33.0, 33.0, 33.0, 33.0, 33.0, 33.0, 33.0, 33.0, 33.0, 33.0, 33.0, 33.0, 33.0, 33.0, 33.0, 33.0, 33.0, 33.0, 33.0, 33.0, 33.0, 33.0, 33.0, 33.0, 33.0, 33.0, 33.0, 33.0, 33.0, 33.0, 33.0, 33.0, 33.0, 33.0, 33.0, 33.0, 33.0, 33.0, 33.0, 33.0, 33.0, 33.0, 33.0, 33.0, 33.0, 33.0, 33.0, 33.0, 33.0, 33.0, 33.0, 33.0, 33.0, 33.0, 33.0, 33.0, 33.0, 33.0, 33.0, 33.0, 33.0, 33.0, 33.0, 33.0, 33.0, 33.0, 33.0, 33.0, 33.0, 33.0, 33.0, 33.0, 33.0, 33.0, 33.0, 33.0, 33.0, 33.0, 33.0, 33.0, 33.0, 33.0, 33.0, 33.0, 33.0, 33.0, 33.0, 33.0, 33.0, 33.0, 33.0, 33.0, 33.0, 33.0, 33.0, 33.0, 33.0, 33.0, 33.0, 33.0, 33.0, 33.0, 33.0, 33.0, 33.0, 33.0, 33.0, 33.0, 33.0, 33.0, 33.0, 33.0, 33.0, 33.0, 33.0, 33.0, 33.0, 33.0, 33.0, 33.0, 33.0, 33.0, 33.0, 33.0, 33.0, 33.0, 33.0, 33.0, 33.0, 33.0, 33.0, 33.0, 33.0, 33.0, 33.0, 33.0, 33.0, 33.0, 33.0, 33.0, 33.0, 33.0, 33.0, 33.0, 33.0, 33.0, 33.0, 33.0, 33.0, 33.0, 33.0, 33.0, 33.0, 33.0, 33.0, 33.0, 33.0, 33.0, 33.0, 33.0, 33.0, 33.0, 33.0, 33.0, 33.0, 33.0, 33.0, 33.0, 33.0, 33.0, 33.0, 33.0, 33.0, 33.0, 33.0, 33.0, 33.0, 33.0, 33.0, 33.0, 33.0, 33.0, 33.0, 33.0, 33.0, 33.0, 33.0, 33.0, 33.0, 33.0, 33.0, 33.0, 33.0, 33.0, 33.0, 33.0, 33.0, 33.0, 33.0, 33.0]",COMPLETE
