,number,value,datetime_start,datetime_complete,duration,params_batch_size_scaler,params_constant_learning_rate,params_depth,params_epochs,params_kernel_l2,params_num_trees,params_temperature,user_attrs_accuracy_test,user_attrs_accuracy_valid,user_attrs_approximate_feature_sparsity,user_attrs_approximate_feature_sparsity_history,user_attrs_approximate_weight_sparsity,user_attrs_approximate_weight_sparsity_history,user_attrs_auc_test,user_attrs_auc_valid,user_attrs_feature_sparsity,user_attrs_feature_sparsity_history,user_attrs_num_epochs,user_attrs_val_loss_history,user_attrs_weight_sparsity,user_attrs_weight_sparsity_history,state
27,27,0.874702116422563,2024-08-31 01:53:35.536055,2024-08-31 01:54:09.850045,0 days 00:00:34.313990,64,0.16436256900066498,2,450,0.0031255765977960637,17,0.021556596852391106,0.914,0.90625,23,"[33, 33, 33, 33, 33, 33, 33, 33, 33, 33, 33, 33, 33, 33, 33, 33, 33, 33, 32, 32, 31, 31, 31, 31, 31, 30, 29, 29, 28, 28, 28, 28, 28, 27, 27, 27, 27, 27, 27, 27, 26, 26, 26, 26, 26, 26, 26, 26, 26, 26, 26, 26, 26, 26, 26, 26, 26, 26, 26, 26, 26, 26, 26, 26, 26, 26, 26, 26, 26, 26, 26, 26, 26, 26, 26, 26, 26, 26, 26, 26, 26, 26, 26, 26, 26, 26, 26, 26, 26, 26, 26, 26, 26, 26, 26, 26, 26, 26, 26, 26, 26, 26, 26, 26, 26, 26, 26, 26, 26, 26, 26, 26, 26, 26, 26, 26, 26, 26, 26, 26, 26, 26, 26, 26, 26, 26, 26, 26, 26, 26, 26, 26, 26, 26, 26, 26, 26, 26, 25, 25, 25, 25, 25, 25, 25, 25, 25, 25, 25, 25, 25, 25, 25, 25, 25, 25, 25, 25, 25, 25, 25, 25, 25, 25, 25, 25, 25, 25, 25, 25, 25, 25, 25, 25, 25, 25, 25, 25, 25, 25, 25, 25, 25, 25, 25, 25, 25, 25, 25, 25, 25, 25, 25, 25, 25, 25, 25, 25, 25, 25, 25, 25, 25, 25, 25, 25, 25, 25, 25, 25, 25, 25, 25, 25, 25, 25, 25, 25, 25, 25, 25, 25, 25, 25, 25, 25, 25, 25, 25, 25, 25, 25, 25, 25, 25, 25, 25, 25, 25, 25, 25, 25, 25, 25, 25, 25, 25, 25, 25, 25, 25, 25, 25, 25, 25, 25, 25, 25, 25, 25, 25, 24, 24, 24, 24, 24, 24, 24, 24, 24, 24, 24, 24, 24, 24, 24, 24, 24, 24, 24, 24, 24, 24, 24, 24, 24, 24, 24, 24, 24, 24, 24, 24, 24, 24, 24, 24, 24, 24, 24, 24, 24, 24, 24, 24, 24, 24, 24, 24, 24, 24, 24, 24, 24, 24, 24, 24, 24, 24, 24, 24, 24, 24, 24, 24, 24, 24, 24, 24, 24, 24, 24, 24, 24, 24, 24, 24, 24, 24, 24, 24, 24, 24, 24, 24, 24, 24, 24, 24, 24, 24, 24, 24, 24, 24, 24, 24, 24, 24, 24, 24, 24, 24, 24, 24, 24, 24, 24, 24, 24, 24, 24, 24, 24, 24, 24, 24, 24, 24, 24, 24, 24, 24, 24, 24, 24, 24, 24, 24, 24, 24, 24, 24, 24, 24, 24, 24, 24, 24, 24, 24, 24, 24, 24, 24, 24, 24, 24, 24, 24, 24, 24, 24, 24, 24, 24, 24, 24, 24, 24, 24, 24, 24, 24, 24, 24, 24, 24, 24, 24, 24, 24, 24, 23, 23, 23, 23, 23, 23, 23, 23, 23, 23, 23, 23, 23, 23, 23, 23, 23]",23.0,"[33.0, 32.98039215686275, 33.0, 33.0, 33.0, 32.98039215686275, 33.0, 33.0, 32.94117647058823, 33.0, 33.0, 33.0, 32.98039215686274, 32.98039215686275, 32.98039215686275, 33.0, 33.0, 33.0, 31.980392156862745, 31.96078431372549, 30.980392156862745, 30.980392156862745, 30.980392156862745, 30.980392156862745, 30.96078431372549, 29.980392156862745, 28.980392156862745, 28.941176470588236, 28.0, 28.0, 28.0, 27.980392156862745, 28.0, 27.0, 27.0, 27.0, 27.0, 27.0, 27.0, 26.980392156862745, 26.0, 26.0, 26.0, 26.0, 25.980392156862745, 25.980392156862745, 26.0, 25.980392156862745, 26.0, 26.0, 25.980392156862745, 25.980392156862745, 25.96078431372549, 25.96078431372549, 25.980392156862745, 26.0, 26.0, 26.0, 26.0, 26.0, 25.96078431372549, 25.980392156862745, 25.980392156862745, 25.980392156862745, 25.980392156862745, 25.96078431372549, 26.0, 25.980392156862745, 26.0, 26.0, 25.980392156862745, 25.980392156862745, 26.0, 26.0, 25.980392156862745, 25.96078431372549, 25.941176470588236, 25.980392156862745, 25.96078431372549, 25.980392156862745, 26.0, 26.0, 25.980392156862745, 26.0, 26.0, 25.980392156862745, 25.980392156862745, 25.980392156862745, 25.980392156862745, 25.980392156862745, 25.980392156862745, 25.980392156862745, 25.980392156862745, 25.980392156862745, 25.980392156862745, 25.980392156862745, 26.0, 26.0, 25.980392156862745, 25.980392156862745, 25.980392156862745, 26.0, 26.0, 26.0, 26.0, 26.0, 26.0, 26.0, 26.0, 25.96078431372549, 25.96078431372549, 25.980392156862745, 26.0, 26.0, 25.980392156862745, 26.0, 25.96078431372549, 25.980392156862745, 25.980392156862745, 26.0, 26.0, 26.0, 26.0, 26.0, 26.0, 26.0, 26.0, 26.0, 26.0, 26.0, 25.980392156862745, 25.980392156862745, 25.980392156862745, 25.980392156862745, 25.980392156862745, 26.0, 26.0, 26.0, 25.0, 25.0, 24.980392156862745, 25.0, 25.0, 25.0, 25.0, 25.0, 25.0, 25.0, 25.0, 24.980392156862745, 24.96078431372549, 25.0, 25.0, 25.0, 25.0, 25.0, 25.0, 25.0, 25.0, 24.980392156862745, 25.0, 25.0, 24.96078431372549, 24.980392156862745, 25.0, 25.0, 24.96078431372549, 24.96078431372549, 25.0, 24.980392156862745, 25.0, 25.0, 25.0, 24.980392156862745, 25.0, 25.0, 24.980392156862745, 25.0, 24.980392156862745, 25.0, 25.0, 25.0, 25.0, 25.0, 25.0, 25.0, 24.980392156862745, 24.980392156862745, 24.980392156862745, 25.0, 24.980392156862745, 25.0, 24.980392156862745, 24.980392156862745, 24.980392156862745, 24.980392156862745, 25.0, 24.941176470588236, 25.0, 25.0, 25.0, 24.980392156862745, 25.0, 25.0, 25.0, 25.0, 25.0, 24.980392156862745, 25.0, 25.0, 25.0, 25.0, 25.0, 25.0, 25.0, 24.980392156862745, 25.0, 24.980392156862745, 25.0, 25.0, 25.0, 25.0, 25.0, 25.0, 25.0, 25.0, 25.0, 24.980392156862745, 25.0, 25.0, 25.0, 24.980392156862745, 25.0, 25.0, 24.980392156862745, 25.0, 25.0, 25.0, 25.0, 24.980392156862745, 24.980392156862745, 25.0, 25.0, 25.0, 25.0, 25.0, 24.980392156862745, 24.980392156862745, 24.980392156862745, 25.0, 25.0, 25.0, 25.0, 24.980392156862745, 25.0, 24.980392156862745, 25.0, 25.0, 24.980392156862745, 25.0, 25.0, 24.0, 24.0, 24.0, 24.0, 23.980392156862745, 23.980392156862745, 23.980392156862745, 24.0, 24.0, 24.0, 24.0, 24.0, 23.980392156862745, 24.0, 24.0, 24.0, 24.0, 23.980392156862745, 24.0, 24.0, 24.0, 24.0, 24.0, 23.980392156862745, 23.96078431372549, 24.0, 23.980392156862745, 23.96078431372549, 24.0, 24.0, 24.0, 24.0, 24.0, 24.0, 23.96078431372549, 24.0, 24.0, 24.0, 24.0, 23.980392156862745, 23.980392156862745, 24.0, 24.0, 23.980392156862745, 24.0, 24.0, 24.0, 24.0, 24.0, 23.980392156862745, 24.0, 24.0, 23.980392156862745, 24.0, 24.0, 24.0, 24.0, 24.0, 23.980392156862745, 23.980392156862745, 24.0, 23.980392156862745, 23.980392156862745, 23.980392156862745, 23.980392156862745, 23.980392156862745, 23.980392156862745, 24.0, 23.980392156862745, 24.0, 23.980392156862745, 23.980392156862745, 24.0, 24.0, 23.980392156862745, 24.0, 24.0, 23.96078431372549, 24.0, 24.0, 24.0, 23.980392156862745, 23.980392156862745, 24.0, 24.0, 23.96078431372549, 23.96078431372549, 23.980392156862745, 24.0, 24.0, 24.0, 24.0, 24.0, 24.0, 24.0, 23.96078431372549, 23.980392156862745, 23.980392156862745, 23.980392156862745, 23.96078431372549, 23.980392156862745, 23.980392156862745, 24.0, 23.980392156862745, 23.96078431372549, 24.0, 24.0, 24.0, 23.980392156862745, 23.980392156862745, 23.96078431372549, 23.96078431372549, 23.96078431372549, 23.980392156862745, 24.0, 24.0, 24.0, 24.0, 24.0, 24.0, 24.0, 24.0, 24.0, 23.980392156862745, 24.0, 23.980392156862745, 24.0, 24.0, 24.0, 23.980392156862745, 23.980392156862745, 23.980392156862745, 23.980392156862745, 23.980392156862745, 24.0, 23.980392156862745, 23.980392156862745, 23.980392156862745, 23.980392156862745, 24.0, 23.980392156862745, 24.0, 23.980392156862745, 24.0, 23.980392156862745, 23.980392156862745, 24.0, 23.980392156862745, 24.0, 24.0, 24.0, 24.0, 24.0, 23.980392156862745, 23.96078431372549, 24.0, 23.980392156862745, 24.0, 24.0, 24.0, 24.0, 23.96078431372549, 23.980392156862745, 24.0, 24.0, 24.0, 24.0, 24.0, 23.980392156862745, 23.980392156862745, 23.96078431372549, 24.0, 23.0, 22.980392156862745, 22.980392156862745, 22.980392156862745, 22.980392156862745, 23.0, 23.0, 22.980392156862745, 23.0, 23.0, 23.0, 23.0, 23.0, 23.0, 23.0, 23.0, 23.0]",0.8808692277842453,0.874702116422563,23,"[33, 33, 33, 33, 33, 33, 33, 33, 33, 33, 33, 33, 33, 33, 33, 33, 33, 33, 32, 32, 31, 31, 31, 31, 31, 30, 29, 29, 28, 28, 28, 28, 28, 27, 27, 27, 27, 27, 27, 27, 26, 26, 26, 26, 26, 26, 26, 26, 26, 26, 26, 26, 26, 26, 26, 26, 26, 26, 26, 26, 26, 26, 26, 26, 26, 26, 26, 26, 26, 26, 26, 26, 26, 26, 26, 26, 26, 26, 26, 26, 26, 26, 26, 26, 26, 26, 26, 26, 26, 26, 26, 26, 26, 26, 26, 26, 26, 26, 26, 26, 26, 26, 26, 26, 26, 26, 26, 26, 26, 26, 26, 26, 26, 26, 26, 26, 26, 26, 26, 26, 26, 26, 26, 26, 26, 26, 26, 26, 26, 26, 26, 26, 26, 26, 26, 26, 26, 26, 25, 25, 25, 25, 25, 25, 25, 25, 25, 25, 25, 25, 25, 25, 25, 25, 25, 25, 25, 25, 25, 25, 25, 25, 25, 25, 25, 25, 25, 25, 25, 25, 25, 25, 25, 25, 25, 25, 25, 25, 25, 25, 25, 25, 25, 25, 25, 25, 25, 25, 25, 25, 25, 25, 25, 25, 25, 25, 25, 25, 25, 25, 25, 25, 25, 25, 25, 25, 25, 25, 25, 25, 25, 25, 25, 25, 25, 25, 25, 25, 25, 25, 25, 25, 25, 25, 25, 25, 25, 25, 25, 25, 25, 25, 25, 25, 25, 25, 25, 25, 25, 25, 25, 25, 25, 25, 25, 25, 25, 25, 25, 25, 25, 25, 25, 25, 25, 25, 25, 25, 25, 25, 25, 24, 24, 24, 24, 24, 24, 24, 24, 24, 24, 24, 24, 24, 24, 24, 24, 24, 24, 24, 24, 24, 24, 24, 24, 24, 24, 24, 24, 24, 24, 24, 24, 24, 24, 24, 24, 24, 24, 24, 24, 24, 24, 24, 24, 24, 24, 24, 24, 24, 24, 24, 24, 24, 24, 24, 24, 24, 24, 24, 24, 24, 24, 24, 24, 24, 24, 24, 24, 24, 24, 24, 24, 24, 24, 24, 24, 24, 24, 24, 24, 24, 24, 24, 24, 24, 24, 24, 24, 24, 24, 24, 24, 24, 24, 24, 24, 24, 24, 24, 24, 24, 24, 24, 24, 24, 24, 24, 24, 24, 24, 24, 24, 24, 24, 24, 24, 24, 24, 24, 24, 24, 24, 24, 24, 24, 24, 24, 24, 24, 24, 24, 24, 24, 24, 24, 24, 24, 24, 24, 24, 24, 24, 24, 24, 24, 24, 24, 24, 24, 24, 24, 24, 24, 24, 24, 24, 24, 24, 24, 24, 24, 24, 24, 24, 24, 24, 24, 24, 24, 24, 24, 24, 23, 23, 23, 23, 23, 23, 23, 23, 23, 23, 23, 23, 23, 23, 23, 23, 23]",450,"[0.4261821508407593, 0.4106672406196594, 0.40594246983528137, 0.40257927775382996, 0.40000784397125244, 0.39695826172828674, 0.39443984627723694, 0.3921886682510376, 0.3900156021118164, 0.3884509801864624, 0.38700631260871887, 0.3854997158050537, 0.3844377100467682, 0.3823370635509491, 0.38067626953125, 0.37939536571502686, 0.3783539831638336, 0.3770699203014374, 0.3778286874294281, 0.37662720680236816, 0.3751169443130493, 0.37376222014427185, 0.3725838363170624, 0.3715288043022156, 0.3707473874092102, 0.3705896735191345, 0.37026721239089966, 0.36985278129577637, 0.3695308566093445, 0.36882469058036804, 0.36870139837265015, 0.36884716153144836, 0.36732491850852966, 0.36756259202957153, 0.36640194058418274, 0.3660128116607666, 0.3652929365634918, 0.3643783628940582, 0.36441323161125183, 0.36395713686943054, 0.36291438341140747, 0.36237725615501404, 0.36196520924568176, 0.3616362512111664, 0.36172163486480713, 0.3607451915740967, 0.3602393865585327, 0.35985270142555237, 0.3597486615180969, 0.35971659421920776, 0.3590143322944641, 0.35862788558006287, 0.35832059383392334, 0.35781237483024597, 0.35755807161331177, 0.3574311137199402, 0.3564273715019226, 0.35593467950820923, 0.3554040193557739, 0.3547734320163727, 0.35449740290641785, 0.35421791672706604, 0.3539395034313202, 0.35348019003868103, 0.35319533944129944, 0.3529721796512604, 0.35275372862815857, 0.3524402379989624, 0.35239070653915405, 0.3517886698246002, 0.3513588011264801, 0.35111838579177856, 0.35024628043174744, 0.3499995768070221, 0.34937313199043274, 0.34922125935554504, 0.34852343797683716, 0.3477775454521179, 0.3476067781448364, 0.3474865257740021, 0.3468063473701477, 0.34642842411994934, 0.34634655714035034, 0.34576329588890076, 0.34556806087493896, 0.34485262632369995, 0.344340980052948, 0.3448353707790375, 0.3436976373195648, 0.34303006529808044, 0.34259042143821716, 0.34255653619766235, 0.34260955452919006, 0.3418746292591095, 0.341971755027771, 0.34146007895469666, 0.34061023592948914, 0.3401283323764801, 0.3397262692451477, 0.33961963653564453, 0.3398359417915344, 0.3390723168849945, 0.3384740352630615, 0.33844029903411865, 0.33801573514938354, 0.3375478982925415, 0.3370158076286316, 0.3367386758327484, 0.3363138437271118, 0.3357348144054413, 0.33598649501800537, 0.3354929983615875, 0.335297167301178, 0.3350135385990143, 0.33416473865509033, 0.33442261815071106, 0.33352169394493103, 0.33334892988204956, 0.3335520029067993, 0.33277347683906555, 0.33222275972366333, 0.3320796489715576, 0.3318198323249817, 0.33137741684913635, 0.33072566986083984, 0.33042269945144653, 0.33069029450416565, 0.3299284875392914, 0.3296562433242798, 0.3292959928512573, 0.3291357159614563, 0.32920777797698975, 0.3278161883354187, 0.3274894654750824, 0.3261691927909851, 0.32607701420783997, 0.3254792392253876, 0.3250962495803833, 0.3233002722263336, 0.32325446605682373, 0.32315129041671753, 0.32250115275382996, 0.3217097222805023, 0.3212975561618805, 0.32116198539733887, 0.32157814502716064, 0.3206515610218048, 0.3204001188278198, 0.32018861174583435, 0.3199111223220825, 0.3197411298751831, 0.31887421011924744, 0.3185880780220032, 0.3179663419723511, 0.31779760122299194, 0.3174736797809601, 0.31686922907829285, 0.3167947232723236, 0.31650593876838684, 0.3160552680492401, 0.31561604142189026, 0.31508222222328186, 0.3151145279407501, 0.3142894208431244, 0.31428343057632446, 0.3136330544948578, 0.3133450746536255, 0.3132484257221222, 0.312961220741272, 0.3128840923309326, 0.3127470910549164, 0.3122440278530121, 0.3120182156562805, 0.3116300702095032, 0.31120309233665466, 0.31058263778686523, 0.3104773461818695, 0.3101664185523987, 0.30962538719177246, 0.30924344062805176, 0.30911827087402344, 0.3087517023086548, 0.30805712938308716, 0.30798351764678955, 0.30759161710739136, 0.30697378516197205, 0.3064691722393036, 0.306002140045166, 0.30516886711120605, 0.30436834692955017, 0.30425384640693665, 0.30367767810821533, 0.303463876247406, 0.3032801151275635, 0.3029666543006897, 0.3024964928627014, 0.30256932973861694, 0.3022780120372772, 0.30185168981552124, 0.30120721459388733, 0.30113524198532104, 0.30049070715904236, 0.30034714937210083, 0.30007216334342957, 0.29964694380760193, 0.2993634045124054, 0.29948490858078003, 0.2986215054988861, 0.2984738051891327, 0.2983534336090088, 0.2980322539806366, 0.298532098531723, 0.29744768142700195, 0.297796368598938, 0.2970000207424164, 0.29654598236083984, 0.295950323343277, 0.29620155692100525, 0.2963353395462036, 0.29565495252609253, 0.29523786902427673, 0.2948530614376068, 0.2942057251930237, 0.29423758387565613, 0.2942010462284088, 0.29423969984054565, 0.2936512231826782, 0.293800950050354, 0.293440043926239, 0.2939999997615814, 0.29305967688560486, 0.29341214895248413, 0.2938830554485321, 0.29288747906684875, 0.2923751175403595, 0.29158249497413635, 0.29162171483039856, 0.2915755808353424, 0.2915760576725006, 0.29101642966270447, 0.2910108268260956, 0.2908647954463959, 0.2920944392681122, 0.2907242774963379, 0.2902989089488983, 0.28986597061157227, 0.289640337228775, 0.289048433303833, 0.28909212350845337, 0.2885909378528595, 0.28848326206207275, 0.2883099913597107, 0.2882005572319031, 0.28794723749160767, 0.2881793975830078, 0.28814247250556946, 0.2879791259765625, 0.2877737283706665, 0.2877464294433594, 0.2872312664985657, 0.28700605034828186, 0.2861473262310028, 0.28579050302505493, 0.2856045961380005, 0.2855505049228668, 0.2854239344596863, 0.285006582736969, 0.2849486768245697, 0.2847004532814026, 0.2847881019115448, 0.2847760319709778, 0.2843436598777771, 0.28404465317726135, 0.2838533818721771, 0.28392452001571655, 0.28375816345214844, 0.2837966978549957, 0.28445151448249817, 0.2831193804740906, 0.2831530272960663, 0.282902330160141, 0.28261545300483704, 0.2822555601596832, 0.28181949257850647, 0.28217586874961853, 0.2822847366333008, 0.2824302315711975, 0.28202611207962036, 0.2821562588214874, 0.28186365962028503, 0.2817482054233551, 0.2816779911518097, 0.28157684206962585, 0.2811867594718933, 0.2808000445365906, 0.2807285189628601, 0.28094160556793213, 0.28062382340431213, 0.2809530794620514, 0.2802101969718933, 0.2798576056957245, 0.27984142303466797, 0.27993646264076233, 0.2793850898742676, 0.27867627143859863, 0.27862071990966797, 0.27856382727622986, 0.2783772647380829, 0.2783792316913605, 0.2787955105304718, 0.27929794788360596, 0.27847224473953247, 0.2784764766693115, 0.27889201045036316, 0.278344988822937, 0.2787191867828369, 0.27836471796035767, 0.2775147557258606, 0.27725011110305786, 0.2771282196044922, 0.27747252583503723, 0.27727967500686646, 0.27736696600914, 0.27669742703437805, 0.2761569023132324, 0.2760619819164276, 0.2759663462638855, 0.27591875195503235, 0.2761841416358948, 0.2761431336402893, 0.27607178688049316, 0.2756899297237396, 0.27551308274269104, 0.2755887806415558, 0.27522778511047363, 0.2756843864917755, 0.27506133913993835, 0.27512967586517334, 0.27501508593559265, 0.27465909719467163, 0.27440932393074036, 0.2743459641933441, 0.27418920397758484, 0.27382561564445496, 0.27404916286468506, 0.273443341255188, 0.2728906571865082, 0.2727048397064209, 0.27266740798950195, 0.27282053232192993, 0.27265599370002747, 0.27250367403030396, 0.2720770835876465, 0.2719309329986572, 0.2726219594478607, 0.27204859256744385, 0.2722488045692444, 0.2715998888015747, 0.2715109884738922, 0.27116650342941284, 0.2711060643196106, 0.2712290585041046, 0.27121859788894653, 0.2711022198200226, 0.2705816626548767, 0.2702273428440094, 0.2700764536857605, 0.269951194524765, 0.27060696482658386, 0.2700258195400238, 0.27015647292137146, 0.2699925899505615, 0.27088385820388794, 0.2702249586582184, 0.269787460565567, 0.2700027525424957, 0.2697845995426178, 0.26946547627449036, 0.2698368728160858, 0.26912665367126465, 0.26861339807510376, 0.26851946115493774, 0.26862797141075134, 0.269098162651062, 0.26788920164108276, 0.2678545117378235, 0.26779958605766296, 0.2676610052585602, 0.2676401138305664, 0.2675029933452606, 0.2673589289188385, 0.2670900821685791, 0.26720771193504333, 0.26686954498291016, 0.26708275079727173, 0.26704949140548706, 0.2670968472957611, 0.2670181691646576, 0.26703038811683655, 0.26725226640701294, 0.26682665944099426, 0.2672263979911804, 0.2667623460292816, 0.26660552620887756, 0.2668890357017517, 0.2662277817726135, 0.2658935785293579, 0.26703473925590515, 0.2659318149089813, 0.26539143919944763, 0.26541176438331604, 0.26582831144332886, 0.265913188457489, 0.2657288908958435, 0.26591217517852783, 0.2651054263114929, 0.2655791938304901, 0.2654944658279419, 0.26567500829696655, 0.26531046628952026, 0.26516610383987427, 0.26499277353286743, 0.26409274339675903, 0.26413843035697937, 0.26376447081565857, 0.2635646164417267, 0.2638421356678009, 0.2640887498855591, 0.2634401023387909, 0.26284849643707275, 0.2634512782096863, 0.26285943388938904, 0.26289770007133484, 0.2617030739784241, 0.2615598440170288, 0.26136690378189087, 0.26122722029685974, 0.2610624134540558, 0.260940819978714, 0.2606542110443115, 0.26061132550239563, 0.2604995369911194, 0.2601170539855957, 0.2598254084587097, 0.2595360577106476, 0.2597934901714325, 0.2594519853591919, 0.26007336378097534, 0.25998958945274353, 0.259744256734848]",23.0,"[33.0, 33.0, 33.0, 33.0, 33.0, 33.0, 33.0, 33.0, 33.0, 33.0, 33.0, 33.0, 33.0, 33.0, 33.0, 33.0, 33.0, 33.0, 32.0, 32.0, 31.0, 31.0, 31.0, 31.0, 31.0, 30.0, 29.0, 29.0, 28.0, 28.0, 28.0, 28.0, 28.0, 27.0, 27.0, 27.0, 27.0, 27.0, 27.0, 27.0, 26.0, 26.0, 26.0, 26.0, 26.0, 26.0, 26.0, 26.0, 26.0, 26.0, 26.0, 26.0, 26.0, 26.0, 26.0, 26.0, 26.0, 26.0, 26.0, 26.0, 26.0, 26.0, 26.0, 26.0, 26.0, 26.0, 26.0, 26.0, 26.0, 26.0, 26.0, 26.0, 26.0, 26.0, 26.0, 26.0, 26.0, 26.0, 26.0, 26.0, 26.0, 26.0, 26.0, 26.0, 26.0, 26.0, 26.0, 26.0, 26.0, 26.0, 26.0, 26.0, 26.0, 26.0, 26.0, 26.0, 26.0, 26.0, 26.0, 26.0, 26.0, 26.0, 26.0, 26.0, 26.0, 26.0, 26.0, 26.0, 26.0, 26.0, 26.0, 26.0, 26.0, 26.0, 26.0, 26.0, 26.0, 26.0, 26.0, 26.0, 26.0, 26.0, 26.0, 26.0, 26.0, 26.0, 26.0, 26.0, 26.0, 26.0, 26.0, 26.0, 26.0, 26.0, 26.0, 26.0, 26.0, 26.0, 25.0, 25.0, 25.0, 25.0, 25.0, 25.0, 25.0, 25.0, 25.0, 25.0, 25.0, 25.0, 25.0, 25.0, 25.0, 25.0, 25.0, 25.0, 25.0, 25.0, 25.0, 25.0, 25.0, 25.0, 25.0, 25.0, 25.0, 25.0, 25.0, 25.0, 25.0, 25.0, 25.0, 25.0, 25.0, 25.0, 25.0, 25.0, 25.0, 25.0, 25.0, 25.0, 25.0, 25.0, 25.0, 25.0, 25.0, 25.0, 25.0, 25.0, 25.0, 25.0, 25.0, 25.0, 25.0, 25.0, 25.0, 25.0, 25.0, 25.0, 25.0, 25.0, 25.0, 25.0, 25.0, 25.0, 25.0, 25.0, 25.0, 25.0, 25.0, 25.0, 25.0, 25.0, 25.0, 25.0, 25.0, 25.0, 25.0, 25.0, 25.0, 25.0, 25.0, 25.0, 25.0, 25.0, 25.0, 25.0, 25.0, 25.0, 25.0, 25.0, 25.0, 25.0, 25.0, 25.0, 25.0, 25.0, 25.0, 25.0, 25.0, 25.0, 25.0, 25.0, 25.0, 25.0, 25.0, 25.0, 25.0, 25.0, 25.0, 25.0, 25.0, 25.0, 25.0, 25.0, 25.0, 25.0, 25.0, 25.0, 25.0, 25.0, 25.0, 24.0, 24.0, 24.0, 24.0, 24.0, 24.0, 24.0, 24.0, 24.0, 24.0, 24.0, 24.0, 24.0, 24.0, 24.0, 24.0, 24.0, 24.0, 24.0, 24.0, 24.0, 24.0, 24.0, 24.0, 24.0, 24.0, 24.0, 24.0, 24.0, 24.0, 24.0, 24.0, 24.0, 24.0, 24.0, 24.0, 24.0, 24.0, 24.0, 24.0, 24.0, 24.0, 24.0, 24.0, 24.0, 24.0, 24.0, 24.0, 24.0, 24.0, 24.0, 24.0, 24.0, 24.0, 24.0, 24.0, 24.0, 24.0, 24.0, 24.0, 24.0, 24.0, 24.0, 24.0, 24.0, 24.0, 24.0, 24.0, 24.0, 24.0, 24.0, 24.0, 24.0, 24.0, 24.0, 24.0, 24.0, 24.0, 24.0, 24.0, 24.0, 24.0, 24.0, 24.0, 24.0, 24.0, 24.0, 24.0, 24.0, 24.0, 24.0, 24.0, 24.0, 24.0, 24.0, 24.0, 24.0, 24.0, 24.0, 24.0, 24.0, 24.0, 24.0, 24.0, 24.0, 24.0, 24.0, 24.0, 24.0, 24.0, 24.0, 24.0, 24.0, 24.0, 24.0, 24.0, 24.0, 24.0, 24.0, 24.0, 24.0, 24.0, 24.0, 24.0, 24.0, 24.0, 24.0, 24.0, 24.0, 24.0, 24.0, 24.0, 24.0, 24.0, 24.0, 24.0, 24.0, 24.0, 24.0, 24.0, 24.0, 24.0, 24.0, 24.0, 24.0, 24.0, 24.0, 24.0, 24.0, 24.0, 24.0, 24.0, 24.0, 24.0, 24.0, 24.0, 24.0, 24.0, 24.0, 24.0, 24.0, 24.0, 24.0, 24.0, 24.0, 24.0, 24.0, 24.0, 24.0, 24.0, 24.0, 24.0, 23.0, 23.0, 23.0, 23.0, 23.0, 23.0, 23.0, 23.0, 23.0, 23.0, 23.0, 23.0, 23.0, 23.0, 23.0, 23.0, 23.0]",COMPLETE
