,number,value,datetime_start,datetime_complete,duration,params_batch_size_scaler,params_constant_learning_rate,params_depth,params_epochs,params_kernel_l2,params_num_trees,params_temperature,user_attrs_accuracy_test,user_attrs_accuracy_valid,user_attrs_approximate_feature_sparsity,user_attrs_approximate_feature_sparsity_history,user_attrs_approximate_weight_sparsity,user_attrs_approximate_weight_sparsity_history,user_attrs_auc_test,user_attrs_auc_valid,user_attrs_feature_sparsity,user_attrs_feature_sparsity_history,user_attrs_num_epochs,user_attrs_val_loss_history,user_attrs_weight_sparsity,user_attrs_weight_sparsity_history,state
91,91,0.746042173873839,2024-08-31 04:16:22.011039,2024-08-31 04:17:30.485286,0 days 00:01:08.474247,16,0.0435692866096408,5,230,0.004732501680890227,40,0.06475663914957679,0.88,0.87625,33,"[33, 33, 33, 33, 33, 33, 33, 33, 33, 33, 33, 33, 33, 33, 33, 33, 33, 33, 33, 33, 33, 33, 33, 33, 33, 33, 33, 33, 33, 33, 33, 33, 33, 33, 33, 33, 33, 33, 33, 33, 33, 33, 33, 33, 33, 33, 33, 33, 33, 33, 33, 33, 33, 33, 33, 33, 33, 33, 33, 33, 33, 33, 33, 33, 33, 33, 33, 33, 33, 33, 33, 33, 33, 33, 33, 33, 33, 33, 33, 33, 33, 33, 33, 33, 33, 33, 33, 33, 33, 33, 33, 33, 33, 33, 33, 33, 33, 33, 33, 33, 33, 33, 33, 33, 33, 33, 33, 33, 33, 33, 33, 33, 33, 33, 33, 33, 33, 33, 33, 33, 33, 33, 33, 33, 33, 33, 33, 33, 33, 33, 33, 33, 33, 33, 33, 33, 33, 33, 33, 33, 33, 33, 33, 33, 33, 33, 33, 33, 33, 33, 33, 33, 33, 33, 33, 33, 33, 33, 33, 33, 33, 33, 33, 33, 33, 33, 33, 33, 33, 33, 33, 33, 33, 33, 33, 33, 33, 33, 33, 33, 33, 33, 33, 33, 33, 33, 33, 33, 33, 33, 33, 33, 33, 33, 33, 33, 33, 33, 33, 33, 33, 33, 33, 33, 33, 33, 33, 33, 33, 33, 33, 33, 33, 33, 33, 33, 33, 33, 33, 33, 33, 33, 33, 33, 33, 33, 33, 33, 33, 33]",32.94838709677419,"[32.94516129032258, 32.95, 32.954032258064515, 32.95564516129033, 32.95645161290322, 32.957258064516125, 32.95564516129032, 32.957258064516125, 32.958064516129035, 32.95725806451613, 32.96048387096774, 32.95483870967742, 32.95564516129032, 32.94838709677419, 32.94758064516129, 32.95241935483871, 32.95161290322581, 32.95161290322581, 32.94274193548387, 32.94516129032258, 32.94758064516129, 32.94596774193548, 32.946774193548386, 32.94596774193548, 32.95241935483871, 32.94758064516129, 32.95241935483871, 32.94919354838709, 32.95161290322581, 32.950806451612905, 32.950806451612905, 32.95483870967742, 32.9491935483871, 32.940322580645166, 32.938709677419354, 32.95, 32.950806451612905, 32.94838709677419, 32.94516129032258, 32.941935483870964, 32.950806451612905, 32.94516129032258, 32.95241935483871, 32.950806451612905, 32.95322580645161, 32.95322580645161, 32.94596774193548, 32.94919354838709, 32.95, 32.9508064516129, 32.94919354838709, 32.94838709677419, 32.95161290322581, 32.9524193548387, 32.95161290322581, 32.95241935483871, 32.95, 32.95322580645161, 32.94919354838709, 32.95161290322581, 32.95322580645161, 32.9483870967742, 32.95161290322581, 32.95161290322581, 32.950806451612905, 32.946774193548386, 32.94516129032258, 32.946774193548386, 32.954032258064515, 32.961290322580645, 32.96048387096774, 32.95967741935484, 32.95967741935484, 32.96048387096774, 32.96048387096774, 32.96048387096774, 32.961290322580645, 32.96048387096774, 32.96290322580645, 32.95967741935484, 32.95967741935484, 32.95564516129032, 32.95322580645161, 32.95483870967742, 32.95, 32.949999999999996, 32.94596774193548, 32.94435483870968, 32.938709677419354, 32.94435483870968, 32.9491935483871, 32.950806451612905, 32.94919354838709, 32.949999999999996, 32.946774193548386, 32.94516129032258, 32.946774193548386, 32.9491935483871, 32.95, 32.95241935483871, 32.95564516129032, 32.95725806451613, 32.95322580645161, 32.95887096774194, 32.95887096774194, 32.95887096774194, 32.95887096774193, 32.95806451612903, 32.95483870967742, 32.95483870967742, 32.95564516129033, 32.954032258064515, 32.95645161290322, 32.95322580645161, 32.954032258064515, 32.95161290322581, 32.950806451612905, 32.947580645161295, 32.95161290322581, 32.95161290322581, 32.950806451612905, 32.95241935483871, 32.95241935483871, 32.95564516129032, 32.95483870967742, 32.95806451612903, 32.95322580645161, 32.95322580645161, 32.95322580645161, 32.95564516129032, 32.95564516129032, 32.954032258064515, 32.954032258064515, 32.95483870967742, 32.954032258064515, 32.95645161290323, 32.954032258064515, 32.95322580645161, 32.954032258064515, 32.954032258064515, 32.95887096774194, 32.96048387096774, 32.96532258064516, 32.96048387096774, 32.961290322580645, 32.96048387096774, 32.96209677419355, 32.96451612903226, 32.96612903225807, 32.96451612903226, 32.96209677419355, 32.961290322580645, 32.96048387096774, 32.954032258064515, 32.95322580645161, 32.95483870967742, 32.95645161290323, 32.95564516129032, 32.95645161290322, 32.95725806451613, 32.95645161290322, 32.954032258064515, 32.95322580645161, 32.95161290322581, 32.95241935483871, 32.95645161290322, 32.95967741935484, 32.95645161290322, 32.95806451612903, 32.957258064516125, 32.95645161290322, 32.95887096774194, 32.954032258064515, 32.95322580645161, 32.95483870967742, 32.95322580645161, 32.95322580645161, 32.95322580645161, 32.95161290322581, 32.94919354838709, 32.94596774193548, 32.949999999999996, 32.950806451612905, 32.95564516129032, 32.95483870967742, 32.95564516129032, 32.950806451612905, 32.95241935483871, 32.95322580645161, 32.95725806451613, 32.95564516129032, 32.95322580645161, 32.95322580645161, 32.95483870967742, 32.954032258064515, 32.95483870967742, 32.95564516129032, 32.95483870967742, 32.950806451612905, 32.95161290322581, 32.95, 32.95322580645161, 32.95645161290322, 32.95645161290323, 32.95645161290323, 32.95564516129032, 32.95241935483871, 32.95564516129032, 32.95, 32.95322580645161, 32.95322580645161, 32.954032258064515, 32.95645161290322, 32.954032258064515, 32.949999999999996, 32.95322580645161, 32.9516129032258, 32.94838709677419, 32.94596774193548, 32.94354838709677, 32.946774193548386, 32.950806451612905, 32.95161290322581, 32.94596774193548, 32.95, 32.95, 32.9483870967742, 32.95161290322581, 32.950806451612905, 32.94838709677419]",0.7795804126520199,0.746042173873839,33,"[33, 33, 33, 33, 33, 33, 33, 33, 33, 33, 33, 33, 33, 33, 33, 33, 33, 33, 33, 33, 33, 33, 33, 33, 33, 33, 33, 33, 33, 33, 33, 33, 33, 33, 33, 33, 33, 33, 33, 33, 33, 33, 33, 33, 33, 33, 33, 33, 33, 33, 33, 33, 33, 33, 33, 33, 33, 33, 33, 33, 33, 33, 33, 33, 33, 33, 33, 33, 33, 33, 33, 33, 33, 33, 33, 33, 33, 33, 33, 33, 33, 33, 33, 33, 33, 33, 33, 33, 33, 33, 33, 33, 33, 33, 33, 33, 33, 33, 33, 33, 33, 33, 33, 33, 33, 33, 33, 33, 33, 33, 33, 33, 33, 33, 33, 33, 33, 33, 33, 33, 33, 33, 33, 33, 33, 33, 33, 33, 33, 33, 33, 33, 33, 33, 33, 33, 33, 33, 33, 33, 33, 33, 33, 33, 33, 33, 33, 33, 33, 33, 33, 33, 33, 33, 33, 33, 33, 33, 33, 33, 33, 33, 33, 33, 33, 33, 33, 33, 33, 33, 33, 33, 33, 33, 33, 33, 33, 33, 33, 33, 33, 33, 33, 33, 33, 33, 33, 33, 33, 33, 33, 33, 33, 33, 33, 33, 33, 33, 33, 33, 33, 33, 33, 33, 33, 33, 33, 33, 33, 33, 33, 33, 33, 33, 33, 33, 33, 33, 33, 33, 33, 33, 33, 33, 33, 33, 33, 33, 33, 33]",230,"[0.6045340895652771, 0.5017889142036438, 0.45417317748069763, 0.42975616455078125, 0.41566452383995056, 0.4074324369430542, 0.402099072933197, 0.3986051082611084, 0.39600813388824463, 0.3941616714000702, 0.3926394581794739, 0.3913533091545105, 0.3902662396430969, 0.38931140303611755, 0.3883896768093109, 0.38758304715156555, 0.38679444789886475, 0.38606151938438416, 0.38538891077041626, 0.38470351696014404, 0.38404178619384766, 0.383414626121521, 0.38280898332595825, 0.3822295069694519, 0.38164645433425903, 0.3810882270336151, 0.3805743157863617, 0.3800804018974304, 0.37959539890289307, 0.37909117341041565, 0.378627747297287, 0.3781684935092926, 0.37773677706718445, 0.3773197829723358, 0.37689846754074097, 0.376496285200119, 0.37609222531318665, 0.375733345746994, 0.37536895275115967, 0.3750078082084656, 0.37464749813079834, 0.3743007183074951, 0.37395545840263367, 0.37362056970596313, 0.37328940629959106, 0.37297946214675903, 0.3726899027824402, 0.37240761518478394, 0.37212660908699036, 0.3718584477901459, 0.371585488319397, 0.3713175058364868, 0.3710358440876007, 0.37075942754745483, 0.37048643827438354, 0.37024661898612976, 0.3700037896633148, 0.3697874844074249, 0.36955830454826355, 0.369312047958374, 0.3690798580646515, 0.3688715696334839, 0.36866265535354614, 0.36842602491378784, 0.3682326376438141, 0.36802637577056885, 0.36783599853515625, 0.3676508963108063, 0.36743462085723877, 0.367237389087677, 0.36703217029571533, 0.3668476939201355, 0.36665067076683044, 0.36645984649658203, 0.36627328395843506, 0.3660832345485687, 0.36588698625564575, 0.36570465564727783, 0.36551737785339355, 0.3653433918952942, 0.36518847942352295, 0.36500608921051025, 0.3648456931114197, 0.3646753430366516, 0.3645016551017761, 0.36433354020118713, 0.36417242884635925, 0.36400482058525085, 0.3638388514518738, 0.3636857271194458, 0.3635109066963196, 0.36336302757263184, 0.36321839690208435, 0.3630749583244324, 0.3629116117954254, 0.36274486780166626, 0.36258503794670105, 0.3624172508716583, 0.3622801899909973, 0.3621089458465576, 0.36197036504745483, 0.36183416843414307, 0.3616802990436554, 0.3615289032459259, 0.3613770604133606, 0.3612343966960907, 0.3610769212245941, 0.36093682050704956, 0.36079734563827515, 0.3606545925140381, 0.36051979660987854, 0.360397070646286, 0.36025044322013855, 0.3601034879684448, 0.3599773347377777, 0.35985487699508667, 0.35971274971961975, 0.3595879375934601, 0.3594500720500946, 0.3593248128890991, 0.3591780364513397, 0.35902976989746094, 0.35888251662254333, 0.3587685525417328, 0.35864707827568054, 0.35853299498558044, 0.3583851754665375, 0.35824376344680786, 0.35811808705329895, 0.3579821288585663, 0.3578696846961975, 0.35772618651390076, 0.357614666223526, 0.3574668765068054, 0.35734090209007263, 0.3571905195713043, 0.35704532265663147, 0.356927752494812, 0.35679903626441956, 0.35663917660713196, 0.3565150499343872, 0.35639840364456177, 0.3562696874141693, 0.3561437726020813, 0.35600200295448303, 0.35588887333869934, 0.3557341396808624, 0.35556766390800476, 0.3554529845714569, 0.3553171157836914, 0.35520026087760925, 0.3550707697868347, 0.3549131453037262, 0.3547787368297577, 0.35465434193611145, 0.35453906655311584, 0.35439983010292053, 0.35427096486091614, 0.35416096448898315, 0.3540264368057251, 0.35389769077301025, 0.35374343395233154, 0.353597491979599, 0.3534610867500305, 0.3533141016960144, 0.353216290473938, 0.3530890643596649, 0.35295501351356506, 0.35281893610954285, 0.3527105748653412, 0.3525829315185547, 0.3524630069732666, 0.35235080122947693, 0.3522145748138428, 0.3520449697971344, 0.3519212603569031, 0.35179877281188965, 0.3516917824745178, 0.3515564799308777, 0.3514139652252197, 0.35127103328704834, 0.35114720463752747, 0.35103821754455566, 0.35088881850242615, 0.35076695680618286, 0.3506254255771637, 0.35047703981399536, 0.3503486216068268, 0.3502022624015808, 0.3500671088695526, 0.3499618172645569, 0.34984317421913147, 0.3496858477592468, 0.34954795241355896, 0.3494015038013458, 0.34927448630332947, 0.3491308093070984, 0.3490214943885803, 0.3488789498806, 0.3487612009048462, 0.3486371636390686, 0.34850335121154785, 0.34836623072624207, 0.34821248054504395, 0.3481295704841614, 0.3479882776737213, 0.34786126017570496, 0.3477250933647156, 0.3475598096847534, 0.347415953874588, 0.34730029106140137, 0.34718433022499084, 0.3470754325389862, 0.3469187915325165, 0.3467828333377838, 0.34664973616600037, 0.34650710225105286, 0.34637367725372314, 0.3462248146533966, 0.3461057245731354, 0.34596338868141174, 0.34583577513694763, 0.3457131087779999, 0.34559983015060425, 0.3454630970954895, 0.34533822536468506, 0.34519505500793457, 0.34503647685050964, 0.3449074923992157, 0.34479820728302]",33.0,"[33.0, 33.0, 33.0, 33.0, 33.0, 33.0, 33.0, 33.0, 33.0, 33.0, 33.0, 33.0, 33.0, 33.0, 33.0, 33.0, 33.0, 33.0, 33.0, 33.0, 33.0, 33.0, 33.0, 33.0, 33.0, 33.0, 33.0, 33.0, 33.0, 33.0, 33.0, 33.0, 33.0, 33.0, 33.0, 33.0, 33.0, 33.0, 33.0, 33.0, 33.0, 33.0, 33.0, 33.0, 33.0, 33.0, 33.0, 33.0, 33.0, 33.0, 33.0, 33.0, 33.0, 33.0, 33.0, 33.0, 33.0, 33.0, 33.0, 33.0, 33.0, 33.0, 33.0, 33.0, 33.0, 33.0, 33.0, 33.0, 33.0, 33.0, 33.0, 33.0, 33.0, 33.0, 33.0, 33.0, 33.0, 33.0, 33.0, 33.0, 33.0, 33.0, 33.0, 33.0, 33.0, 33.0, 33.0, 33.0, 33.0, 33.0, 33.0, 33.0, 33.0, 33.0, 33.0, 33.0, 33.0, 33.0, 33.0, 33.0, 33.0, 33.0, 33.0, 33.0, 33.0, 33.0, 33.0, 33.0, 33.0, 33.0, 33.0, 33.0, 33.0, 33.0, 33.0, 33.0, 33.0, 33.0, 33.0, 33.0, 33.0, 33.0, 33.0, 33.0, 33.0, 33.0, 33.0, 33.0, 33.0, 33.0, 33.0, 33.0, 33.0, 33.0, 33.0, 33.0, 33.0, 33.0, 33.0, 33.0, 33.0, 33.0, 33.0, 33.0, 33.0, 33.0, 33.0, 33.0, 33.0, 33.0, 33.0, 33.0, 33.0, 33.0, 33.0, 33.0, 33.0, 33.0, 33.0, 33.0, 33.0, 33.0, 33.0, 33.0, 33.0, 33.0, 33.0, 33.0, 33.0, 33.0, 33.0, 33.0, 33.0, 33.0, 33.0, 33.0, 33.0, 33.0, 33.0, 33.0, 33.0, 33.0, 33.0, 33.0, 33.0, 33.0, 33.0, 33.0, 33.0, 33.0, 33.0, 33.0, 33.0, 33.0, 33.0, 33.0, 33.0, 33.0, 33.0, 33.0, 33.0, 33.0, 33.0, 33.0, 33.0, 33.0, 33.0, 33.0, 33.0, 33.0, 33.0, 33.0, 33.0, 33.0, 33.0, 33.0, 33.0, 33.0, 33.0, 33.0, 33.0, 33.0, 33.0, 33.0, 33.0, 33.0, 33.0, 33.0, 33.0, 33.0]",COMPLETE
