,number,value,datetime_start,datetime_complete,duration,params_batch_size_scaler,params_constant_learning_rate,params_depth,params_epochs,params_kernel_l2,params_num_trees,params_temperature,user_attrs_accuracy_test,user_attrs_accuracy_valid,user_attrs_approximate_feature_sparsity,user_attrs_approximate_feature_sparsity_history,user_attrs_approximate_weight_sparsity,user_attrs_approximate_weight_sparsity_history,user_attrs_auc_test,user_attrs_auc_valid,user_attrs_feature_sparsity,user_attrs_feature_sparsity_history,user_attrs_num_epochs,user_attrs_val_loss_history,user_attrs_weight_sparsity,user_attrs_weight_sparsity_history,state
57,57,0.5,2024-08-31 03:04:30.418934,2024-08-31 03:05:26.454924,0 days 00:00:56.035990,16,7.362578999051906,1,355,0.15873563906119212,41,0.04405132116355515,0.141,0.14125,0,"[2, 2, 4, 1, 2, 0, 2, 2, 1, 1, 1, 2, 2, 1, 1, 1, 0, 0, 1, 2, 2, 1, 1, 1, 1, 2, 4, 2, 1, 2, 2, 1, 0, 0, 1, 2, 1, 1, 0, 2, 1, 0, 0, 2, 3, 2, 1, 1, 2, 1, 2, 1, 0, 1, 3, 2, 2, 1, 1, 1, 0, 1, 1, 2, 2, 2, 0, 0, 0, 2, 1, 1, 2, 2, 0, 1, 0, 0, 1, 1, 1, 1, 0, 1, 0, 2, 2, 2, 4, 0, 1, 0, 0, 1, 1, 2, 0, 1, 2, 0, 0, 1, 1, 0, 1, 2, 2, 1, 1, 1, 1, 1, 2, 2, 1, 1, 2, 1, 2, 3, 2, 1, 3, 2, 2, 2, 1, 1, 0, 1, 2, 0, 1, 1, 1, 0, 1, 1, 0, 1, 1, 0, 1, 0, 1, 2, 1, 2, 2, 0, 2, 1, 1, 1, 2, 1, 3, 1, 0, 0, 1, 2, 0, 1, 0, 2, 1, 0, 0, 0, 0, 0, 1, 1, 1, 0, 1, 3, 2, 3, 2, 1, 0, 0, 1, 0, 1, 1, 1, 0, 2, 1, 1, 0, 1, 1, 1, 1, 1, 1, 1, 0, 2, 2, 0, 0, 1, 2, 2, 1, 2, 0, 1, 0, 1, 2, 2, 1, 1, 0, 2, 2, 2, 2, 2, 0, 1, 2, 1, 0, 0, 1, 0, 1, 2, 2, 2, 3, 2, 2, 0, 2, 2, 2, 1, 2, 1, 0, 1, 1, 1, 0, 2, 1, 1, 2, 1, 1, 1, 0, 1, 1, 1, 0, 2, 1, 2, 2, 2, 1, 0, 3, 2, 2, 2, 2, 3, 1, 0, 2, 0, 1, 2, 1, 2, 2, 2, 0, 0, 0, 1, 1, 1, 0, 0, 1, 2, 2, 1, 0, 1, 1, 0, 1, 1, 1, 1, 1, 1, 0, 2, 1, 2, 2, 1, 1, 0, 0, 1, 1, 1, 1, 1, 0, 1, 1, 1, 0, 1, 2, 1, 0, 1, 2, 2, 3, 1, 2, 2, 1, 0, 0, 2, 3, 1, 2, 0, 0, 0, 0, 1, 1, 0, 0, 0]",0.0,"[2.0, 2.0, 4.0, 1.0, 2.0, 0.0, 2.0, 2.0, 1.0, 1.0, 1.0, 2.0, 2.0, 1.0, 1.0, 1.0, 0.0, 0.0, 1.0, 2.0, 2.0, 1.0, 1.0, 1.0, 1.0, 2.0, 4.0, 2.0, 1.0, 2.0, 2.0, 1.0, 0.0, 0.0, 1.0, 2.0, 1.0, 1.0, 0.0, 2.0, 1.0, 0.0, 0.0, 2.0, 3.0, 2.0, 1.0, 1.0, 2.0, 1.0, 2.0, 1.0, 0.0, 1.0, 3.0, 2.0, 2.0, 1.0, 1.0, 1.0, 0.0, 1.0, 1.0, 2.0, 2.0, 2.0, 0.0, 0.0, 0.0, 2.0, 1.0, 1.0, 2.0, 2.0, 0.0, 1.0, 0.0, 0.0, 1.0, 1.0, 1.0, 1.0, 0.0, 1.0, 0.0, 2.0, 2.0, 2.0, 4.0, 0.0, 1.0, 0.0, 0.0, 1.0, 1.0, 2.0, 0.0, 1.0, 2.0, 0.0, 0.0, 1.0, 1.0, 0.0, 1.0, 2.0, 2.0, 1.0, 1.0, 1.0, 1.0, 1.0, 2.0, 2.0, 1.0, 1.0, 2.0, 1.0, 2.0, 3.0, 2.0, 1.0, 3.0, 2.0, 2.0, 2.0, 1.0, 1.0, 0.0, 1.0, 2.0, 0.0, 1.0, 1.0, 1.0, 0.0, 1.0, 1.0, 0.0, 1.0, 1.0, 0.0, 1.0, 0.0, 1.0, 2.0, 1.0, 2.0, 2.0, 0.0, 2.0, 1.0, 1.0, 1.0, 2.0, 1.0, 3.0, 1.0, 0.0, 0.0, 1.0, 2.0, 0.0, 1.0, 0.0, 2.0, 1.0, 0.0, 0.0, 0.0, 0.0, 0.0, 1.0, 1.0, 1.0, 0.0, 1.0, 3.0, 2.0, 3.0, 2.0, 1.0, 0.0, 0.0, 1.0, 0.0, 1.0, 1.0, 1.0, 0.0, 2.0, 1.0, 1.0, 0.0, 1.0, 1.0, 1.0, 1.0, 1.0, 1.0, 1.0, 0.0, 2.0, 2.0, 0.0, 0.0, 1.0, 1.975609756097561, 2.0, 1.0, 2.0, 0.0, 1.0, 0.0, 1.0, 2.0, 2.0, 1.0, 1.0, 0.0, 2.0, 2.0, 2.0, 2.0, 2.0, 0.0, 1.0, 2.0, 1.0, 0.0, 0.0, 1.0, 0.0, 1.0, 2.0, 2.0, 2.0, 3.0, 2.0, 2.0, 0.0, 2.0, 2.0, 2.0, 1.0, 2.0, 1.0, 0.0, 1.0, 1.0, 1.0, 0.0, 2.0, 1.0, 1.0, 2.0, 1.0, 1.0, 1.0, 0.0, 1.0, 1.0, 1.0, 0.0, 2.0, 1.0, 2.0, 2.0, 2.0, 1.0, 0.0, 3.0, 2.0, 2.0, 2.0, 2.0, 2.975609756097561, 1.0, 0.0, 2.0, 0.0, 1.0, 2.0, 1.0, 2.0, 2.0, 2.0, 0.0, 0.0, 0.0, 1.0, 1.0, 1.0, 0.0, 0.0, 1.0, 2.0, 2.0, 1.0, 0.0, 1.0, 1.0, 0.0, 1.0, 1.0, 1.0, 1.0, 1.0, 1.0, 0.0, 2.0, 1.0, 2.0, 2.0, 1.0, 1.0, 0.0, 0.0, 1.0, 1.0, 1.0, 1.0, 1.0, 0.0, 1.0, 1.0, 1.0, 0.0, 1.0, 2.0, 1.0, 0.0, 1.0, 2.0, 2.0, 3.0, 1.0, 2.0, 2.0, 1.0, 0.0, 0.0, 2.0, 3.0, 1.0, 2.0, 0.0, 0.0, 0.0, 0.0, 1.0, 1.0, 0.0, 0.0, 0.0]",0.5,0.5,0,"[2, 2, 4, 1, 2, 0, 2, 2, 1, 1, 1, 2, 2, 1, 1, 1, 0, 0, 1, 2, 2, 1, 1, 1, 1, 2, 4, 2, 1, 2, 2, 1, 0, 0, 1, 2, 1, 1, 0, 2, 1, 0, 0, 2, 3, 2, 1, 1, 2, 1, 2, 1, 0, 1, 3, 2, 2, 1, 1, 1, 0, 1, 1, 2, 2, 2, 0, 0, 0, 2, 1, 1, 2, 2, 0, 1, 0, 0, 1, 1, 1, 1, 0, 1, 0, 2, 2, 2, 4, 0, 1, 0, 0, 1, 1, 2, 0, 1, 2, 0, 0, 1, 1, 0, 1, 2, 2, 1, 1, 1, 1, 1, 2, 2, 1, 1, 2, 1, 2, 3, 2, 1, 3, 2, 2, 2, 1, 1, 0, 1, 2, 0, 1, 1, 1, 0, 1, 1, 0, 1, 1, 0, 1, 0, 1, 2, 1, 2, 2, 0, 2, 1, 1, 1, 2, 1, 3, 1, 0, 0, 1, 2, 0, 1, 0, 2, 1, 0, 0, 0, 0, 0, 1, 1, 1, 0, 1, 3, 2, 3, 2, 1, 0, 0, 1, 0, 1, 1, 1, 0, 2, 1, 1, 0, 1, 1, 1, 1, 1, 1, 1, 0, 2, 2, 0, 0, 1, 2, 2, 1, 2, 0, 1, 0, 1, 2, 2, 1, 1, 0, 2, 2, 2, 2, 2, 0, 1, 2, 1, 0, 0, 1, 0, 1, 2, 2, 2, 3, 2, 2, 0, 2, 2, 2, 1, 2, 1, 0, 1, 1, 1, 0, 2, 1, 1, 2, 1, 1, 1, 0, 1, 1, 1, 0, 2, 1, 2, 2, 2, 1, 0, 3, 2, 2, 2, 2, 3, 1, 0, 2, 0, 1, 2, 1, 2, 2, 2, 0, 0, 0, 1, 1, 1, 0, 0, 1, 2, 2, 1, 0, 1, 1, 0, 1, 1, 1, 1, 1, 1, 0, 2, 1, 2, 2, 1, 1, 0, 0, 1, 1, 1, 1, 1, 0, 1, 1, 1, 0, 1, 2, 1, 0, 1, 2, 2, 3, 1, 2, 2, 1, 0, 0, 2, 3, 1, 2, 0, 0, 0, 0, 1, 1, 0, 0, 0]",355,"[48.06544494628906, 50.54485321044922, 56.27192306518555, 48.79436492919922, 59.260520935058594, 39.79387283325195, 3.7056233882904053, 63.92046356201172, 5.6479315757751465, 34.559818267822266, 7.1220574378967285, 18.974327087402344, 27.955636978149414, 41.37405776977539, 49.375919342041016, 60.05583953857422, 21.703908920288086, 11.975306510925293, 26.89813232421875, 64.97602844238281, 34.85097885131836, 8.067148208618164, 16.920875549316406, 29.895334243774414, 40.87460708618164, 50.887542724609375, 63.66429138183594, 8.16993522644043, 54.62527847290039, 1.8722339868545532, 20.11062240600586, 30.81466293334961, 41.81856918334961, 43.37318801879883, 58.170475006103516, 29.77448081970215, 35.08733367919922, 47.602413177490234, 58.3693962097168, 52.916099548339844, 5.1234612464904785, 17.5707950592041, 29.378765106201172, 36.07789611816406, 51.473018646240234, 43.145530700683594, 53.41767120361328, 51.041446685791016, 59.372215270996094, 31.922807693481445, 6.805692195892334, 19.2110652923584, 33.485328674316406, 45.74051284790039, 60.352237701416016, 45.3664436340332, 57.41205978393555, 50.208980560302734, 59.912811279296875, 64.73219299316406, 3.7528235912323, 10.169438362121582, 16.358083724975586, 33.891624450683594, 44.29368209838867, 53.76332092285156, 45.427268981933594, 56.45527267456055, 44.808937072753906, 4.471136093139648, 69.61204528808594, 22.967309951782227, 8.24162769317627, 21.462278366088867, 1.3093926906585693, 17.13701820373535, 27.988004684448242, 42.4881706237793, 52.17955017089844, 45.934539794921875, 56.05903625488281, 51.35564041137695, 61.22471618652344, 33.03252029418945, 4.11124324798584, 19.67559814453125, 32.170982360839844, 40.82208251953125, 53.828407287597656, 46.5339241027832, 55.74056625366211, 60.367984771728516, 11.192076683044434, 12.242254257202148, 24.33868408203125, 40.9898796081543, 14.168705940246582, 6.970258712768555, 25.91702651977539, 10.421855926513672, 26.27132797241211, 38.74839782714844, 54.40901184082031, 76.61193084716797, 1.6908966302871704, 17.31745147705078, 25.36459732055664, 21.273672103881836, 33.68778991699219, 31.31405258178711, 44.5057373046875, 48.27457046508789, 56.430328369140625, 63.57122039794922, 8.677406311035156, 38.641170501708984, 7.448003768920898, 60.019683837890625, 5.3318023681640625, 20.21150016784668, 12.168700218200684, 47.633750915527344, 61.33877944946289, 56.628173828125, 48.722129821777344, 61.189212799072266, 35.053794860839844, 16.116701126098633, 26.358139038085938, 36.8695182800293, 51.1546516418457, 23.557294845581055, 34.56473922729492, 46.1032600402832, 58.276493072509766, 32.247154235839844, 10.250741004943848, 21.895984649658203, 32.97159194946289, 44.86994934082031, 58.78251647949219, 55.88565444946289, 3.724653959274292, 16.069814682006836, 27.496435165405273, 40.802642822265625, 49.9826545715332, 61.538639068603516, 62.45694351196289, 55.00872039794922, 8.230586051940918, 22.2360782623291, 31.534921646118164, 45.46046829223633, 58.43648910522461, 31.284385681152344, 40.894500732421875, 46.67023468017578, 49.89900207519531, 13.441651344299316, 20.475021362304688, 9.087445259094238, 21.973529815673828, 33.27214431762695, 42.54964828491211, 56.58112335205078, 47.34052658081055, 57.18330383300781, 44.623291015625, 2.0737032890319824, 13.49427604675293, 27.300617218017578, 37.18677520751953, 50.62709426879883, 63.71311569213867, 3.1320624351501465, 3.2059874534606934, 16.181285858154297, 27.76535415649414, 62.04022979736328, 33.444602966308594, 46.20401382446289, 58.3150634765625, 67.74090576171875, 5.036703586578369, 17.359683990478516, 31.3885440826416, 36.83849334716797, 51.71781921386719, 63.381649017333984, 38.237361907958984, 6.936832427978516, 20.872482299804688, 30.565528869628906, 43.99663162231445, 57.827022552490234, 30.42815589904785, 4.513967037200928, 16.605056762695312, 30.118671417236328, 45.071964263916016, 56.89265060424805, 70.7800064086914, 63.08271026611328, 35.68150329589844, 46.06426239013672, 67.88926696777344, 4.38303804397583, 14.134228706359863, 6.391917705535889, 57.16917037963867, 63.90809631347656, 14.670366287231445, 12.464550018310547, 24.988393783569336, 26.61394691467285, 40.13113784790039, 47.868133544921875, 60.89015579223633, 49.93917465209961, 11.337532043457031, 19.136760711669922, 35.093936920166016, 47.627891540527344, 59.191219329833984, 49.787540435791016, 3.678711175918579, 21.032339096069336, 28.275245666503906, 40.391929626464844, 49.442298889160156, 62.81980895996094, 17.120203018188477, 7.733142852783203, 19.332605361938477, 28.162519454956055, 38.23552322387695, 54.007144927978516, 49.11654281616211, 58.556819915771484, 57.82719421386719, 8.011872291564941, 16.507963180541992, 25.1550350189209, 9.889397621154785, 18.61083984375, 29.579334259033203, 43.27627944946289, 51.66615295410156, 54.9095458984375, 64.4489974975586, 24.57917022705078, 20.368072509765625, 29.041868209838867, 41.053340911865234, 61.29010772705078, 68.36002349853516, 4.514855861663818, 20.583276748657227, 30.114097595214844, 44.6653938293457, 62.147335052490234, 1.3067246675491333, 5.108777046203613, 11.118027687072754, 16.60686492919922, 31.36163902282715, 41.20383834838867, 51.27676773071289, 61.46717834472656, 21.421669006347656, 12.756893157958984, 20.545866012573242, 35.647884368896484, 47.33377456665039, 40.33745574951172, 50.50519561767578, 58.68654251098633, 36.29985427856445, 8.446647644042969, 23.144155502319336, 36.22321701049805, 29.088979721069336, 38.98851013183594, 50.327247619628906, 62.9965705871582, 62.1568717956543, 33.494869232177734, 7.124178886413574, 17.458620071411133, 32.866207122802734, 46.14498519897461, 56.66748046875, 51.91762161254883, 2.4811017513275146, 19.989173889160156, 45.88725280761719, 28.61419677734375, 42.28733444213867, 51.5360221862793, 64.43761444091797, 3.3437612056732178, 10.66180419921875, 20.552812576293945, 35.91617202758789, 48.4378776550293, 63.14662170410156, 36.445556640625, 11.168697357177734, 22.848072052001953, 16.767715454101562, 27.63776397705078, 39.38603210449219, 47.8057861328125, 42.512123107910156, 45.89714813232422, 56.515892028808594, 40.36329650878906, 4.591528415679932, 19.057178497314453, 25.243581771850586, 37.49177169799805, 63.725772857666016, 28.657997131347656, 2.70123291015625, 15.193042755126953, 30.37881851196289, 45.47126388549805, 57.9365234375, 46.16585922241211, 7.92426872253418, 20.3059024810791, 16.349573135375977, 26.57648277282715, 38.7788200378418, 51.81556701660156, 33.312896728515625, 47.34481430053711, 60.967384338378906, 41.26499557495117, 6.938877582550049, 18.697717666625977, 25.625078201293945, 40.65898132324219, 49.149322509765625, 59.675193786621094, 56.68708801269531, 43.32195281982422, 1.5987242460250854, 0.602817714214325, 19.899768829345703, 28.132949829101562, 40.4641227722168, 51.154197692871094, 8.22014331817627]",0.0,"[2.0, 2.0, 4.0, 1.0, 2.0, 0.0, 2.0, 2.0, 1.0, 1.0, 1.0, 2.0, 2.0, 1.0, 1.0, 1.0, 0.0, 0.0, 1.0, 2.0, 2.0, 1.0, 1.0, 1.0, 1.0, 2.0, 4.0, 2.0, 1.0, 2.0, 2.0, 1.0, 0.0, 0.0, 1.0, 2.0, 1.0, 1.0, 0.0, 2.0, 1.0, 0.0, 0.0, 2.0, 3.0, 2.0, 1.0, 1.0, 2.0, 1.0, 2.0, 1.0, 0.0, 1.0, 3.0, 2.0, 2.0, 1.0, 1.0, 1.0, 0.0, 1.0, 1.0, 2.0, 2.0, 2.0, 0.0, 0.0, 0.0, 2.0, 1.0, 1.0, 2.0, 2.0, 0.0, 1.0, 0.0, 0.0, 1.0, 1.0, 1.0, 1.0, 0.0, 1.0, 0.0, 2.0, 2.0, 2.0, 4.0, 0.0, 1.0, 0.0, 0.0, 1.0, 1.0, 2.0, 0.0, 1.0, 2.0, 0.0, 0.0, 1.0, 1.0, 0.0, 1.0, 2.0, 2.0, 1.0, 1.0, 1.0, 1.0, 1.0, 2.0, 2.0, 1.0, 1.0, 2.0, 1.0, 2.0, 3.0, 2.0, 1.0, 3.0, 2.0, 2.0, 2.0, 1.0, 1.0, 0.0, 1.0, 2.0, 0.0, 1.0, 1.0, 1.0, 0.0, 1.0, 1.0, 0.0, 1.0, 1.0, 0.0, 1.0, 0.0, 1.0, 2.0, 1.0, 2.0, 2.0, 0.0, 2.0, 1.0, 1.0, 1.0, 2.0, 1.0, 3.0, 1.0, 0.0, 0.0, 1.0, 2.0, 0.0, 1.0, 0.0, 2.0, 1.0, 0.0, 0.0, 0.0, 0.0, 0.0, 1.0, 1.0, 1.0, 0.0, 1.0, 3.0, 2.0, 3.0, 2.0, 1.0, 0.0, 0.0, 1.0, 0.0, 1.0, 1.0, 1.0, 0.0, 2.0, 1.0, 1.0, 0.0, 1.0, 1.0, 1.0, 1.0, 1.0, 1.0, 1.0, 0.0, 2.0, 2.0, 0.0, 0.0, 1.0, 2.0, 2.0, 1.0, 2.0, 0.0, 1.0, 0.0, 1.0, 2.0, 2.0, 1.0, 1.0, 0.0, 2.0, 2.0, 2.0, 2.0, 2.0, 0.0, 1.0, 2.0, 1.0, 0.0, 0.0, 1.0, 0.0, 1.0, 2.0, 2.0, 2.0, 3.0, 2.0, 2.0, 0.0, 2.0, 2.0, 2.0, 1.0, 2.0, 1.0, 0.0, 1.0, 1.0, 1.0, 0.0, 2.0, 1.0, 1.0, 2.0, 1.0, 1.0, 1.0, 0.0, 1.0, 1.0, 1.0, 0.0, 2.0, 1.0, 2.0, 2.0, 2.0, 1.0, 0.0, 3.0, 2.0, 2.0, 2.0, 2.0, 3.0, 1.0, 0.0, 2.0, 0.0, 1.0, 2.0, 1.0, 2.0, 2.0, 2.0, 0.0, 0.0, 0.0, 1.0, 1.0, 1.0, 0.0, 0.0, 1.0, 2.0, 2.0, 1.0, 0.0, 1.0, 1.0, 0.0, 1.0, 1.0, 1.0, 1.0, 1.0, 1.0, 0.0, 2.0, 1.0, 2.0, 2.0, 1.0, 1.0, 0.0, 0.0, 1.0, 1.0, 1.0, 1.0, 1.0, 0.0, 1.0, 1.0, 1.0, 0.0, 1.0, 2.0, 1.0, 0.0, 1.0, 2.0, 2.0, 3.0, 1.0, 2.0, 2.0, 1.0, 0.0, 0.0, 2.0, 3.0, 1.0, 2.0, 0.0, 0.0, 0.0, 0.0, 1.0, 1.0, 0.0, 0.0, 0.0]",COMPLETE
