,number,value,datetime_start,datetime_complete,duration,params_batch_size_scaler,params_constant_learning_rate,params_depth,params_epochs,params_kernel_l2,params_num_trees,params_temperature,user_attrs_accuracy_test,user_attrs_accuracy_valid,user_attrs_approximate_feature_sparsity,user_attrs_approximate_feature_sparsity_history,user_attrs_approximate_weight_sparsity,user_attrs_approximate_weight_sparsity_history,user_attrs_auc_test,user_attrs_auc_valid,user_attrs_feature_sparsity,user_attrs_feature_sparsity_history,user_attrs_num_epochs,user_attrs_val_loss_history,user_attrs_weight_sparsity,user_attrs_weight_sparsity_history,state
7,7,0.9146281768880988,2024-08-31 00:57:39.710468,2024-08-31 00:58:54.884667,0 days 00:01:15.174199,1,1.6808989351065449,1,175,0.00940326139668838,49,0.0007966301020510212,0.796,0.8175,15,"[26, 22, 20, 19, 18, 16, 16, 16, 16, 16, 16, 16, 16, 15, 15, 15, 15, 15, 15, 15, 15, 15, 15, 15, 15, 15, 15, 15, 15, 15, 15, 15, 15, 15, 15, 15, 15, 15, 15, 15, 15, 15, 15, 15, 15, 15, 15, 15, 15, 15, 15, 15, 15, 15, 15, 15, 15, 15, 15, 15, 15, 15, 15, 15, 15, 15, 15, 15, 15, 15, 15, 15, 15, 15, 15, 15, 15, 15, 15, 15, 15, 15, 15, 15, 15, 15, 15, 15, 15, 15, 15, 15, 15, 15, 15, 15, 15, 15, 15, 15, 15, 15, 15, 15, 15, 15, 15, 15, 15, 15, 15, 15, 15, 15, 15, 15, 15, 15, 15, 15, 15, 15, 15, 15, 15, 15, 15, 15, 15, 15, 15, 15, 15, 15, 15, 15, 15, 15, 15, 15, 15, 15, 15, 15, 15, 15, 15, 15, 15, 15, 15, 15, 15, 15, 15, 15, 15, 15, 15, 15, 15, 15, 15, 15, 15, 15, 15, 15, 15, 15, 15, 15, 15, 15, 15]",4.612244897959184,"[26.0, 22.0, 19.95918367346939, 19.0, 18.0, 15.979591836734693, 16.0, 16.0, 16.0, 16.0, 16.0, 16.0, 15.979591836734695, 14.95918367346939, 15.0, 14.959183673469388, 14.959183673469388, 14.918367346938776, 15.0, 14.959183673469388, 14.979591836734693, 15.0, 14.938775510204083, 14.918367346938776, 14.95918367346939, 14.938775510204083, 14.938775510204081, 14.877551020408163, 14.918367346938776, 14.938775510204081, 14.877551020408164, 14.89795918367347, 14.959183673469388, 14.979591836734695, 14.979591836734695, 14.877551020408164, 14.979591836734695, 14.877551020408163, 14.857142857142858, 14.775510204081632, 14.959183673469388, 14.89795918367347, 14.79591836734694, 14.918367346938775, 14.79591836734694, 14.73469387755102, 14.653061224489795, 14.775510204081634, 14.693877551020407, 14.591836734693878, 14.612244897959183, 14.673469387755102, 14.428571428571429, 14.387755102040815, 13.938775510204083, 14.326530612244897, 14.224489795918368, 14.306122448979592, 13.714285714285715, 13.306122448979592, 13.26530612244898, 13.979591836734693, 14.244897959183673, 13.408163265306124, 13.918367346938776, 13.265306122448981, 13.979591836734695, 13.306122448979593, 13.489795918367347, 13.673469387755102, 13.959183673469388, 14.040816326530614, 13.693877551020407, 12.69387755102041, 12.0, 12.571428571428571, 13.673469387755103, 11.73469387755102, 11.938775510204081, 12.10204081632653, 11.979591836734695, 12.081632653061224, 12.061224489795919, 12.142857142857144, 11.69387755102041, 11.448979591836736, 10.63265306122449, 10.938775510204081, 11.428571428571427, 10.16326530612245, 12.020408163265307, 11.408163265306122, 11.122448979591836, 11.061224489795917, 10.244897959183673, 11.0, 9.326530612244897, 9.73469387755102, 9.40816326530612, 9.591836734693878, 9.102040816326532, 8.918367346938776, 8.816326530612244, 8.857142857142858, 9.224489795918366, 9.122448979591837, 9.061224489795919, 9.040816326530612, 8.693877551020408, 8.959183673469388, 8.510204081632653, 8.204081632653061, 8.183673469387756, 8.53061224489796, 7.63265306122449, 7.408163265306123, 7.26530612244898, 7.448979591836735, 7.693877551020408, 6.938775510204082, 6.816326530612245, 6.469387755102042, 6.244897959183674, 6.346938775510204, 6.122448979591836, 5.857142857142858, 5.959183673469388, 5.979591836734694, 5.7346938775510194, 5.591836734693878, 5.510204081632653, 5.428571428571429, 5.408163265306122, 5.3061224489795915, 5.244897959183673, 5.224489795918367, 5.142857142857143, 5.163265306122448, 5.102040816326531, 5.142857142857143, 5.244897959183674, 5.142857142857142, 5.122448979591836, 5.1020408163265305, 5.0, 5.040816326530613, 5.0, 4.979591836734694, 4.959183673469388, 4.938775510204082, 4.877551020408164, 4.918367346938776, 4.877551020408164, 4.857142857142858, 4.836734693877551, 4.795918367346939, 4.775510204081633, 4.816326530612245, 4.795918367346939, 4.673469387755102, 4.673469387755102, 4.673469387755102, 4.63265306122449, 4.653061224489796, 4.63265306122449, 4.673469387755102, 4.63265306122449, 4.653061224489795, 4.653061224489796, 4.653061224489796, 4.612244897959183, 4.673469387755102, 4.653061224489796, 4.653061224489796, 4.612244897959184]",0.8974273235413106,0.9146281768880988,15,"[26, 22, 20, 19, 18, 16, 16, 16, 16, 16, 16, 16, 16, 15, 15, 15, 15, 15, 15, 15, 15, 15, 15, 15, 15, 15, 15, 15, 15, 15, 15, 15, 15, 15, 15, 15, 15, 15, 15, 15, 15, 15, 15, 15, 15, 15, 15, 15, 15, 15, 15, 15, 15, 15, 15, 15, 15, 15, 15, 15, 15, 15, 15, 15, 15, 15, 15, 15, 15, 15, 15, 15, 15, 15, 15, 15, 15, 15, 15, 15, 15, 15, 15, 15, 15, 15, 15, 15, 15, 15, 15, 15, 15, 15, 15, 15, 15, 15, 15, 15, 15, 15, 15, 15, 15, 15, 15, 15, 15, 15, 15, 15, 15, 15, 15, 15, 15, 15, 15, 15, 15, 15, 15, 15, 15, 15, 15, 15, 15, 15, 15, 15, 15, 15, 15, 15, 15, 15, 15, 15, 15, 15, 15, 15, 15, 15, 15, 15, 15, 15, 15, 15, 15, 15, 15, 15, 15, 15, 15, 15, 15, 15, 15, 15, 15, 15, 15, 15, 15, 15, 15, 15, 15, 15, 15]",175,"[0.9446985721588135, 1.5346577167510986, 0.5583305954933167, 1.3710813522338867, 0.5835620164871216, 0.8926560878753662, 0.5050073266029358, 6.150350570678711, 2.117020845413208, 0.619529128074646, 1.1260432004928589, 0.8382436633110046, 1.28522527217865, 1.1717360019683838, 0.7755982279777527, 0.6170135140419006, 2.173586368560791, 1.5820395946502686, 2.7840323448181152, 4.522146701812744, 0.7745866179466248, 1.1378099918365479, 4.727291107177734, 0.7580666542053223, 4.029601573944092, 0.985921323299408, 0.5610035061836243, 2.059162139892578, 1.1165417432785034, 0.6325264573097229, 4.534193515777588, 0.9109455943107605, 3.738490581512451, 1.2366000413894653, 1.4840813875198364, 3.5323657989501953, 0.8427329063415527, 0.7750649452209473, 1.5935413837432861, 0.9460085034370422, 0.7990938425064087, 1.2955948114395142, 1.3529597520828247, 1.4578077793121338, 0.7827048301696777, 0.8378004431724548, 0.8324221968650818, 1.0759886503219604, 0.6841413974761963, 0.6305320262908936, 0.5659895539283752, 0.973000168800354, 1.4992055892944336, 0.80213463306427, 1.1798524856567383, 0.5889096856117249, 0.717620849609375, 0.844313383102417, 1.2306102514266968, 1.7335312366485596, 0.9651928544044495, 1.461633563041687, 0.8891990780830383, 0.8006689548492432, 0.7335243821144104, 1.713881015777588, 1.263168215751648, 0.5912179946899414, 0.8675748705863953, 1.8506850004196167, 0.8661463856697083, 0.9784342050552368, 0.5809599757194519, 0.9181396961212158, 0.6308421492576599, 0.8060962557792664, 1.0044934749603271, 1.349164605140686, 0.629798948764801, 0.8614824414253235, 0.735461413860321, 1.0200324058532715, 1.6976804733276367, 7.471376419067383, 0.6694403886795044, 1.0837208032608032, 6.629312515258789, 1.4735658168792725, 1.7880167961120605, 0.6378065347671509, 0.8787866234779358, 0.7048097848892212, 1.155696988105774, 1.1361175775527954, 1.0639876127243042, 0.800638735294342, 1.3078118562698364, 1.071631908416748, 2.0429487228393555, 0.8961730003356934, 0.6945473551750183, 0.8849577307701111, 3.856489896774292, 2.300184965133667, 0.7712233662605286, 2.518629789352417, 0.9447985887527466, 0.6481677889823914, 1.0319745540618896, 1.0600988864898682, 1.1190866231918335, 1.8759379386901855, 0.8191997408866882, 1.7341803312301636, 1.0925878286361694, 1.193197250366211, 1.5178648233413696, 3.6041088104248047, 0.7468403577804565, 0.6411576867103577, 0.8678155541419983, 0.8465290069580078, 0.8607959151268005, 1.628110647201538, 0.6889124512672424, 0.759975790977478, 0.9488622546195984, 0.8116664886474609, 2.8881266117095947, 1.1668522357940674, 1.335697889328003, 0.6613462567329407, 0.8478545546531677, 5.242302417755127, 1.0940029621124268, 1.341715693473816, 5.4479498863220215, 0.8501709699630737, 0.5451989769935608, 5.294538974761963, 0.7335308790206909, 1.4143670797348022, 0.5817019939422607, 1.059057593345642, 0.8690335154533386, 0.8190805912017822, 0.6938408613204956, 0.8232666850090027, 0.870502233505249, 4.176461696624756, 1.0048305988311768, 2.7806527614593506, 1.047621250152588, 3.5719525814056396, 1.0713515281677246, 1.9389697313308716, 1.0223599672317505, 0.6061082482337952, 0.8444295525550842, 0.9352635741233826, 0.6556792259216309, 0.7700479030609131, 0.79608553647995, 0.8875823020935059, 1.0578614473342896, 1.1458622217178345, 0.794749915599823, 2.071180582046509, 1.6889698505401611, 0.8013380169868469, 0.6910970211029053, 1.0367993116378784, 0.9694259762763977, 0.8622480630874634, 1.2421354055404663]",15.0,"[26.0, 22.0, 20.0, 19.0, 18.0, 16.0, 16.0, 16.0, 16.0, 16.0, 16.0, 16.0, 16.0, 15.0, 15.0, 15.0, 15.0, 15.0, 15.0, 15.0, 15.0, 15.0, 15.0, 15.0, 15.0, 15.0, 15.0, 15.0, 15.0, 15.0, 15.0, 15.0, 15.0, 15.0, 15.0, 15.0, 15.0, 15.0, 15.0, 15.0, 15.0, 15.0, 15.0, 15.0, 15.0, 15.0, 15.0, 15.0, 15.0, 15.0, 15.0, 15.0, 15.0, 15.0, 15.0, 15.0, 15.0, 15.0, 15.0, 15.0, 15.0, 15.0, 15.0, 15.0, 15.0, 15.0, 15.0, 15.0, 15.0, 15.0, 15.0, 15.0, 15.0, 15.0, 15.0, 15.0, 15.0, 15.0, 15.0, 15.0, 15.0, 15.0, 15.0, 15.0, 15.0, 15.0, 15.0, 15.0, 15.0, 15.0, 15.0, 15.0, 15.0, 15.0, 15.0, 15.0, 15.0, 15.0, 15.0, 15.0, 15.0, 15.0, 15.0, 15.0, 15.0, 15.0, 15.0, 15.0, 15.0, 15.0, 15.0, 15.0, 15.0, 15.0, 15.0, 15.0, 15.0, 15.0, 15.0, 15.0, 15.0, 15.0, 15.0, 15.0, 15.0, 15.0, 15.0, 15.0, 15.0, 15.0, 15.0, 15.0, 15.0, 15.0, 15.0, 15.0, 15.0, 15.0, 15.0, 15.0, 15.0, 15.0, 15.0, 15.0, 15.0, 15.0, 15.0, 15.0, 15.0, 15.0, 15.0, 15.0, 15.0, 15.0, 15.0, 15.0, 15.0, 15.0, 15.0, 15.0, 15.0, 15.0, 15.0, 15.0, 15.0, 15.0, 15.0, 15.0, 15.0, 15.0, 15.0, 15.0, 15.0, 15.0, 15.0]",COMPLETE
