,number,value,datetime_start,datetime_complete,duration,params_batch_size_scaler,params_constant_learning_rate,params_depth,params_epochs,params_kernel_l2,params_num_trees,params_temperature,user_attrs_accuracy_test,user_attrs_accuracy_valid,user_attrs_approximate_feature_sparsity,user_attrs_approximate_feature_sparsity_history,user_attrs_approximate_weight_sparsity,user_attrs_approximate_weight_sparsity_history,user_attrs_auc_test,user_attrs_auc_valid,user_attrs_feature_sparsity,user_attrs_feature_sparsity_history,user_attrs_num_epochs,user_attrs_val_loss_history,user_attrs_weight_sparsity,user_attrs_weight_sparsity_history,state
40,40,0.837745230642398,2024-08-31 02:19:56.147527,2024-08-31 02:34:35.724595,0 days 00:14:39.577068,1,8.781851172857635,6,430,0.004711565334781367,12,0.0011170592328705003,0.89,0.88125,3,"[4, 3, 3, 3, 3, 3, 3, 3, 3, 3, 3, 3, 3, 3, 3, 3, 3, 3, 3, 3, 3, 3, 3, 3, 3, 3, 3, 3, 3, 3, 3, 3, 3, 3, 3, 3, 3, 3, 3, 3, 3, 3, 3, 3, 3, 3, 3, 3, 3, 3, 3, 3, 3, 3, 3, 3, 3, 3, 3, 3, 3, 3, 3, 3, 3, 3, 3, 3, 3, 3, 3, 3, 3, 3, 3, 3, 3, 3, 3, 3, 3, 3, 3, 3, 3, 3, 3, 3, 3, 3, 3, 3, 3, 3, 3, 3, 3, 3, 3, 3, 3, 3, 3, 3, 3, 3, 3, 3, 3, 3, 3, 3, 3, 3, 3, 3, 3, 3, 3, 3, 3, 3, 3, 3, 3, 3, 3, 3, 3, 3, 3, 3, 3, 3, 3, 3, 3, 3, 3, 3, 3, 3, 3, 3, 3, 3, 3, 3, 3, 3, 3, 3, 3, 3, 3, 3, 3, 3, 3, 3, 3, 3, 3, 3, 3, 3, 3, 3, 3, 3, 3, 3, 3, 3, 3, 3, 3, 3, 3, 3, 3, 3, 3, 3, 3, 3, 3, 3, 3, 3, 3, 3, 3, 3, 3, 3, 3, 3, 3, 3, 3, 3, 3, 3, 3, 3, 3, 3, 3, 3, 3, 3, 3, 3, 3, 3, 3, 3, 3, 3, 3, 3, 3, 3, 3, 3, 3, 3, 3, 3, 3, 3, 3, 3, 3, 3, 3, 3, 3, 3, 3, 3, 3, 3, 3, 3, 3, 3, 3, 3, 3, 3, 3, 3, 3, 3, 3, 3, 3, 3, 3, 3, 3, 3, 3, 3, 3, 3, 3, 3, 3, 3, 3, 3, 3, 3, 3, 3, 3, 3, 3, 3, 3, 3, 3, 3, 3, 3, 3, 3, 3, 3, 3, 3, 3, 3, 3, 3, 3, 3, 3, 3, 3, 3, 3, 3, 3, 3, 3, 3, 3, 3, 3, 3, 3, 3, 3, 3, 3, 3, 3, 3, 3, 3, 3, 3, 3, 3, 3, 3, 3, 3, 3, 3, 3, 3, 3, 3, 3, 3, 3, 3, 3, 3, 3, 3, 3, 3, 3, 3, 3, 3, 3, 3, 3, 3, 3, 3, 3, 3, 3, 3, 3, 3, 3, 3, 3, 3, 3, 3, 3, 3, 3, 3, 3, 3, 3, 3, 3, 3, 3, 3, 3, 3, 3, 3, 3, 3, 3, 3, 3, 3, 3, 3, 3, 3, 3, 3, 3, 3, 3, 3, 3, 3, 3, 3, 3, 3, 3, 3, 3, 3, 3, 3, 3, 3, 3, 3, 3, 3, 3, 3, 3, 3, 3, 3, 3, 3, 3, 3]",2.5,"[3.9973544973544977, 2.998677248677249, 2.9973544973544977, 2.997354497354497, 2.998677248677249, 2.997354497354497, 2.998677248677249, 3.0, 2.998677248677249, 3.0, 2.997354497354497, 2.998677248677249, 3.0, 2.996031746031746, 2.996031746031746, 2.998677248677249, 2.9973544973544977, 2.997354497354497, 2.9973544973544977, 3.0, 3.0, 3.0, 2.996031746031746, 2.996031746031746, 2.9973544973544977, 2.997354497354497, 3.0, 2.998677248677249, 2.998677248677249, 2.994708994708995, 2.998677248677249, 2.996031746031746, 2.996031746031746, 2.998677248677249, 2.9973544973544977, 3.0, 2.996031746031746, 2.998677248677249, 3.0, 2.998677248677249, 2.997354497354497, 2.998677248677249, 3.0, 3.0, 2.994708994708995, 3.0, 3.0, 2.998677248677249, 2.998677248677249, 2.998677248677249, 2.9973544973544977, 2.997354497354497, 2.994708994708995, 2.998677248677249, 2.998677248677249, 3.0, 2.9973544973544977, 2.996031746031746, 2.9933862433862433, 2.9973544973544977, 2.996031746031746, 2.998677248677249, 2.9907407407407405, 2.996031746031746, 2.9947089947089944, 2.9973544973544977, 2.998677248677249, 2.998677248677249, 2.998677248677249, 2.996031746031746, 2.994708994708995, 2.998677248677249, 2.998677248677249, 2.997354497354497, 2.998677248677249, 2.9973544973544977, 2.996031746031746, 2.996031746031746, 2.9933862433862433, 2.996031746031746, 2.994708994708995, 2.994708994708995, 2.9973544973544977, 2.994708994708995, 2.9973544973544977, 2.994708994708995, 2.992063492063492, 2.9933862433862433, 2.9933862433862433, 2.992063492063492, 2.990740740740741, 2.994708994708995, 2.9907407407407405, 2.996031746031746, 2.9933862433862433, 2.9947089947089944, 2.9907407407407405, 2.992063492063492, 2.994708994708995, 2.9933862433862433, 2.992063492063492, 2.996031746031746, 2.997354497354497, 2.996031746031746, 2.994708994708995, 2.994708994708995, 2.994708994708995, 2.996031746031746, 2.996031746031746, 2.996031746031746, 2.996031746031746, 2.996031746031746, 2.997354497354497, 2.998677248677249, 2.997354497354497, 2.996031746031746, 2.997354497354497, 2.996031746031746, 2.996031746031746, 2.997354497354497, 2.9973544973544977, 2.9973544973544977, 2.998677248677249, 2.9973544973544977, 2.994708994708995, 2.9973544973544977, 2.996031746031746, 2.9973544973544977, 2.996031746031746, 2.996031746031746, 2.996031746031746, 2.998677248677249, 2.992063492063492, 2.992063492063492, 2.9973544973544977, 2.9947089947089944, 2.994708994708995, 2.9973544973544977, 2.997354497354497, 2.9973544973544977, 2.996031746031746, 2.996031746031746, 2.994708994708995, 2.9947089947089944, 2.996031746031746, 2.992063492063492, 2.992063492063492, 2.9933862433862437, 2.994708994708995, 2.996031746031746, 2.9907407407407405, 2.9933862433862433, 2.9894179894179893, 2.9933862433862433, 2.992063492063492, 2.9933862433862433, 2.996031746031746, 2.9894179894179898, 2.9933862433862433, 2.9947089947089944, 2.992063492063492, 2.9933862433862433, 2.992063492063492, 2.992063492063492, 2.9894179894179893, 2.9894179894179893, 2.988095238095238, 2.984126984126984, 2.988095238095238, 2.988095238095238, 2.988095238095238, 2.9867724867724865, 2.9828042328042326, 2.984126984126984, 2.9894179894179893, 2.988095238095238, 2.984126984126984, 2.9828042328042326, 2.9814814814814814, 2.9828042328042326, 2.984126984126984, 2.9854497354497354, 2.9801587301587302, 2.9788359788359786, 2.9828042328042326, 2.9814814814814814, 2.9801587301587302, 2.9814814814814814, 2.9788359788359786, 2.9775132275132274, 2.9775132275132274, 2.9801587301587302, 2.9748677248677247, 2.9801587301587302, 2.9761904761904763, 2.9748677248677247, 2.9775132275132274, 2.9788359788359786, 2.9735449735449735, 2.9748677248677247, 2.9735449735449735, 2.9695767195767195, 2.9748677248677247, 2.9708994708994707, 2.9748677248677247, 2.9695767195767195, 2.9748677248677247, 2.9695767195767195, 2.9735449735449735, 2.9708994708994707, 2.9708994708994707, 2.9761904761904763, 2.9708994708994707, 2.9748677248677247, 2.9722222222222223, 2.9656084656084656, 2.9656084656084656, 2.9722222222222223, 2.9695767195767195, 2.9722222222222223, 2.9708994708994707, 2.9748677248677247, 2.9735449735449735, 2.9695767195767195, 2.9722222222222223, 2.9708994708994707, 2.9748677248677247, 2.9722222222222223, 2.9708994708994707, 2.9682539682539684, 2.9695767195767195, 2.9722222222222223, 2.9695767195767195, 2.9708994708994707, 2.9695767195767195, 2.9616402116402116, 2.962962962962963, 2.9642857142857144, 2.9656084656084656, 2.9669312169312168, 2.9656084656084656, 2.9616402116402116, 2.9603174603174605, 2.9616402116402116, 2.958994708994709, 2.9576719576719577, 2.9603174603174605, 2.9576719576719572, 2.9576719576719577, 2.9537037037037037, 2.9603174603174605, 2.955026455026455, 2.9537037037037037, 2.9523809523809526, 2.9523809523809526, 2.9563492063492065, 2.9537037037037037, 2.9563492063492065, 2.955026455026455, 2.951058201058201, 2.9497354497354498, 2.9497354497354498, 2.9537037037037037, 2.951058201058201, 2.9497354497354498, 2.9523809523809526, 2.947089947089947, 2.9484126984126986, 2.945767195767196, 2.9497354497354493, 2.941798941798942, 2.945767195767196, 2.941798941798942, 2.941798941798942, 2.9378306878306875, 2.944444444444444, 2.9404761904761902, 2.944444444444444, 2.933862433862434, 2.931216931216931, 2.935185185185185, 2.931216931216931, 2.9365079365079367, 2.935185185185185, 2.935185185185185, 2.9338624338624335, 2.928571428571429, 2.9298941798941796, 2.927248677248677, 2.920634920634921, 2.927248677248677, 2.9285714285714284, 2.9232804232804233, 2.9246031746031744, 2.921957671957672, 2.9206349206349205, 2.9232804232804233, 2.9193121693121693, 2.9126984126984126, 2.9153439153439153, 2.9100529100529102, 2.912698412698413, 2.9060846560846563, 2.9100529100529102, 2.9087301587301586, 2.9021164021164023, 2.898148148148148, 2.9034391534391535, 2.9074074074074074, 2.9034391534391535, 2.9074074074074074, 2.8955026455026456, 2.8928571428571432, 2.8915343915343916, 2.888888888888889, 2.886243386243386, 2.886243386243386, 2.876984126984127, 2.8835978835978837, 2.878306878306878, 2.878306878306878, 2.878306878306878, 2.871693121693122, 2.8769841269841274, 2.8730158730158735, 2.8584656084656084, 2.875661375661376, 2.865079365079365, 2.863756613756614, 2.8584656084656084, 2.857142857142857, 2.8452380952380953, 2.8505291005291005, 2.855820105820106, 2.847883597883598, 2.837301587301587, 2.833333333333333, 2.837301587301587, 2.8267195767195767, 2.8253968253968256, 2.822751322751323, 2.817460317460317, 2.822751322751323, 2.8174603174603177, 2.812169312169312, 2.8134920634920637, 2.8174603174603177, 2.8095238095238093, 2.8108465608465605, 2.806878306878307, 2.802910052910053, 2.8055555555555554, 2.8015873015873014, 2.7883597883597884, 2.7883597883597884, 2.7896825396825395, 2.7870370370370368, 2.7817460317460316, 2.7830687830687832, 2.7843915343915344, 2.765873015873016, 2.7764550264550265, 2.7764550264550265, 2.7671957671957674, 2.7777777777777777, 2.7685185185185186, 2.7513227513227516, 2.7552910052910056, 2.757936507936508, 2.7486772486772484, 2.757936507936508, 2.744708994708995, 2.7513227513227516, 2.752645502645503, 2.7447089947089944, 2.7354497354497354, 2.7328042328042326, 2.7433862433862437, 2.7261904761904763, 2.7301587301587302, 2.7156084656084656, 2.705026455026455, 2.7103174603174605, 2.708994708994709, 2.7023809523809526, 2.693121693121693, 2.6865079365079367, 2.681216931216931, 2.677248677248677, 2.6732804232804233, 2.670634920634921, 2.6666666666666665, 2.6653439153439153, 2.662698412698413, 2.6613756613756614, 2.6547619047619047, 2.6653439153439153, 2.6494708994708995, 2.6560846560846563, 2.6455026455026456, 2.6507936507936507, 2.6415343915343916, 2.6362433862433865, 2.636243386243386, 2.6283068783068786, 2.623015873015873, 2.615079365079365, 2.607142857142857, 2.599206349206349, 2.5952380952380953, 2.5886243386243386, 2.5806878306878307, 2.5767195767195767, 2.571428571428571, 2.574074074074074, 2.5634920634920637, 2.564814814814815, 2.5595238095238093, 2.548941798941799, 2.552910052910053, 2.5515873015873014, 2.5357142857142856, 2.5436507936507935, 2.5330687830687832, 2.5277777777777777, 2.5238095238095237, 2.526455026455026, 2.507936507936508, 2.5052910052910056, 2.5]",0.8280616583690421,0.837745230642398,3,"[4, 3, 3, 3, 3, 3, 3, 3, 3, 3, 3, 3, 3, 3, 3, 3, 3, 3, 3, 3, 3, 3, 3, 3, 3, 3, 3, 3, 3, 3, 3, 3, 3, 3, 3, 3, 3, 3, 3, 3, 3, 3, 3, 3, 3, 3, 3, 3, 3, 3, 3, 3, 3, 3, 3, 3, 3, 3, 3, 3, 3, 3, 3, 3, 3, 3, 3, 3, 3, 3, 3, 3, 3, 3, 3, 3, 3, 3, 3, 3, 3, 3, 3, 3, 3, 3, 3, 3, 3, 3, 3, 3, 3, 3, 3, 3, 3, 3, 3, 3, 3, 3, 3, 3, 3, 3, 3, 3, 3, 3, 3, 3, 3, 3, 3, 3, 3, 3, 3, 3, 3, 3, 3, 3, 3, 3, 3, 3, 3, 3, 3, 3, 3, 3, 3, 3, 3, 3, 3, 3, 3, 3, 3, 3, 3, 3, 3, 3, 3, 3, 3, 3, 3, 3, 3, 3, 3, 3, 3, 3, 3, 3, 3, 3, 3, 3, 3, 3, 3, 3, 3, 3, 3, 3, 3, 3, 3, 3, 3, 3, 3, 3, 3, 3, 3, 3, 3, 3, 3, 3, 3, 3, 3, 3, 3, 3, 3, 3, 3, 3, 3, 3, 3, 3, 3, 3, 3, 3, 3, 3, 3, 3, 3, 3, 3, 3, 3, 3, 3, 3, 3, 3, 3, 3, 3, 3, 3, 3, 3, 3, 3, 3, 3, 3, 3, 3, 3, 3, 3, 3, 3, 3, 3, 3, 3, 3, 3, 3, 3, 3, 3, 3, 3, 3, 3, 3, 3, 3, 3, 3, 3, 3, 3, 3, 3, 3, 3, 3, 3, 3, 3, 3, 3, 3, 3, 3, 3, 3, 3, 3, 3, 3, 3, 3, 3, 3, 3, 3, 3, 3, 3, 3, 3, 3, 3, 3, 3, 3, 3, 3, 3, 3, 3, 3, 3, 3, 3, 3, 3, 3, 3, 3, 3, 3, 3, 3, 3, 3, 3, 3, 3, 3, 3, 3, 3, 3, 3, 3, 3, 3, 3, 3, 3, 3, 3, 3, 3, 3, 3, 3, 3, 3, 3, 3, 3, 3, 3, 3, 3, 3, 3, 3, 3, 3, 3, 3, 3, 3, 3, 3, 3, 3, 3, 3, 3, 3, 3, 3, 3, 3, 3, 3, 3, 3, 3, 3, 3, 3, 3, 3, 3, 3, 3, 3, 3, 3, 3, 3, 3, 3, 3, 3, 3, 3, 3, 3, 3, 3, 3, 3, 3, 3, 3, 3, 3, 3, 3, 3, 3, 3, 3, 3, 3, 3, 3, 3, 3, 3, 3, 3, 3, 3, 3, 3, 3, 3, 3, 3, 3, 3]",430,"[0.31268560886383057, 0.3185923099517822, 0.30961892008781433, 0.3086432218551636, 0.29884347319602966, 0.3165949881076813, 0.29648667573928833, 0.2959441840648651, 0.29602348804473877, 0.3273661434650421, 0.294267863035202, 0.29351940751075745, 0.29325294494628906, 0.30102720856666565, 0.29493510723114014, 0.2954917848110199, 0.3227042853832245, 0.30238276720046997, 0.30076855421066284, 0.300552099943161, 0.2987903654575348, 0.3261401057243347, 0.2912950813770294, 0.29644858837127686, 0.302226185798645, 0.30110111832618713, 0.29496872425079346, 0.29519084095954895, 0.29437947273254395, 0.2994344234466553, 0.3016165494918823, 0.2933928966522217, 0.2953021824359894, 0.2946085035800934, 0.3041652739048004, 0.2981027066707611, 0.3051864504814148, 0.30340680480003357, 0.29625439643859863, 0.2944728434085846, 0.29516470432281494, 0.2954743206501007, 0.30213141441345215, 0.29654499888420105, 0.2970437705516815, 0.3074817657470703, 0.2937997281551361, 0.30372148752212524, 0.30200865864753723, 0.29986444115638733, 0.29185622930526733, 0.2925434410572052, 0.2947624921798706, 0.3257470726966858, 0.32861849665641785, 0.3002663254737854, 0.2932782471179962, 0.2974892556667328, 0.29047903418540955, 0.30708375573158264, 0.2937585115432739, 0.33347180485725403, 0.2944909930229187, 0.30484482645988464, 0.2943528890609741, 0.3232085108757019, 0.2995479702949524, 0.3042985200881958, 0.30171599984169006, 0.29205113649368286, 0.3037000894546509, 0.29736846685409546, 0.30132004618644714, 0.2933986186981201, 0.293358713388443, 0.3138347268104553, 0.29247748851776123, 0.29938846826553345, 0.29277005791664124, 0.29213249683380127, 0.3118521571159363, 0.3007609248161316, 0.29938337206840515, 0.29362162947654724, 0.3123689889907837, 0.29467469453811646, 0.2957542836666107, 0.2951630651950836, 0.29936641454696655, 0.2997986674308777, 0.3038562536239624, 0.2972230017185211, 0.3146663010120392, 0.292131245136261, 0.2964935600757599, 0.29865705966949463, 0.29346272349357605, 0.2963517904281616, 0.29380571842193604, 0.2902613580226898, 0.30283454060554504, 0.28967130184173584, 0.3002166450023651, 0.29352977871894836, 0.29603302478790283, 0.30787163972854614, 0.30354464054107666, 0.2916589081287384, 0.2945358157157898, 0.29775962233543396, 0.29462388157844543, 0.29360973834991455, 0.2898196280002594, 0.3007908761501312, 0.2920958995819092, 0.30009129643440247, 0.3006199598312378, 0.29611316323280334, 0.2992525100708008, 0.29388073086738586, 0.2946434020996094, 0.29627203941345215, 0.2902047634124756, 0.29618531465530396, 0.2980232238769531, 0.2904120981693268, 0.29866909980773926, 0.2997989356517792, 0.3076668679714203, 0.29724955558776855, 0.2984159588813782, 0.2915623188018799, 0.29169291257858276, 0.29373180866241455, 0.29479077458381653, 0.30785688757896423, 0.2946297526359558, 0.29741671681404114, 0.3002079129219055, 0.2998216152191162, 0.2999113202095032, 0.2985658049583435, 0.29429200291633606, 0.2941109538078308, 0.2936777174472809, 0.3076359033584595, 0.29286742210388184, 0.2992781698703766, 0.29296088218688965, 0.31934458017349243, 0.2989600598812103, 0.30435094237327576, 0.3051169216632843, 0.3036784827709198, 0.2949102818965912, 0.2965361475944519, 0.29474231600761414, 0.29861024022102356, 0.29561299085617065, 0.2994639277458191, 0.29112347960472107, 0.2916909158229828, 0.2975015938282013, 0.29167136549949646, 0.2924940586090088, 0.2924332916736603, 0.2967367470264435, 0.29458314180374146, 0.2954227924346924, 0.3013162612915039, 0.32714903354644775, 0.30710843205451965, 0.30649396777153015, 0.2951110005378723, 0.3019796311855316, 0.2926803529262543, 0.3031209409236908, 0.29594686627388, 0.3040802478790283, 0.29968899488449097, 0.2964687645435333, 0.31478941440582275, 0.29744505882263184, 0.29299893975257874, 0.29745978116989136, 0.3022080063819885, 0.29835930466651917, 0.2920723855495453, 0.29181668162345886, 0.2929675579071045, 0.30120527744293213, 0.29699239134788513, 0.2906710207462311, 0.30522024631500244, 0.2935691773891449, 0.2918144464492798, 0.29390236735343933, 0.30699747800827026, 0.3001818358898163, 0.3122069239616394, 0.30242815613746643, 0.2926850914955139, 0.30183538794517517, 0.29937875270843506, 0.30012762546539307, 0.28967565298080444, 0.3011836111545563, 0.30138856172561646, 0.29444420337677, 0.30197465419769287, 0.29572394490242004, 0.2950989603996277, 0.2936975657939911, 0.29329800605773926, 0.2931295931339264, 0.29079097509384155, 0.2963178753852844, 0.29684898257255554, 0.2933078110218048, 0.3020778298377991, 0.292377233505249, 0.2936192750930786, 0.2929854094982147, 0.2962276041507721, 0.3078208863735199, 0.3094314634799957, 0.2916829586029053, 0.2949715554714203, 0.2970139682292938, 0.29187050461769104, 0.29797807335853577, 0.2926728129386902, 0.2955203354358673, 0.30214011669158936, 0.2985195815563202, 0.3116135597229004, 0.29322680830955505, 0.298228919506073, 0.30249544978141785, 0.29720672965049744, 0.2909072935581207, 0.29781052470207214, 0.3070714473724365, 0.294100284576416, 0.29303914308547974, 0.29005953669548035, 0.29525434970855713, 0.2932065427303314, 0.2921873927116394, 0.33230409026145935, 0.29399409890174866, 0.29131436347961426, 0.29496315121650696, 0.2953133285045624, 0.2930835485458374, 0.2933845818042755, 0.3376205861568451, 0.29620835185050964, 0.29548394680023193, 0.29085442423820496, 0.29775702953338623, 0.2913844883441925, 0.29550808668136597, 0.29356271028518677, 0.30408719182014465, 0.3107002377510071, 0.2937224507331848, 0.29398423433303833, 0.29348406195640564, 0.29256606101989746, 0.29670819640159607, 0.2940290570259094, 0.2945106625556946, 0.2934207618236542, 0.2995200455188751, 0.292405366897583, 0.2942163944244385, 0.2913534641265869, 0.2980709373950958, 0.3067875802516937, 0.29248493909835815, 0.3147212862968445, 0.2964191138744354, 0.29315483570098877, 0.2909085750579834, 0.2955353856086731, 0.301220178604126, 0.3027448058128357, 0.3033897876739502, 0.2943171262741089, 0.2941257953643799, 0.32341018319129944, 0.2925749123096466, 0.3016151189804077, 0.2932569682598114, 0.31381407380104065, 0.293108195066452, 0.3404328525066376, 0.29811331629753113, 0.31057146191596985, 0.29248085618019104, 0.30077677965164185, 0.3023699223995209, 0.29159772396087646, 0.2925586700439453, 0.2915652394294739, 0.29668164253234863, 0.306349515914917, 0.29356053471565247, 0.2912626266479492, 0.29545727372169495, 0.29088717699050903, 0.31878459453582764, 0.3069899082183838, 0.2939695119857788, 0.29289302229881287, 0.29237645864486694, 0.29609671235084534, 0.29353147745132446, 0.2947370409965515, 0.2959193289279938, 0.30871784687042236, 0.2928465008735657, 0.29398080706596375, 0.3319896459579468, 0.2949010133743286, 0.30524471402168274, 0.2927226722240448, 0.29209113121032715, 0.29547354578971863, 0.29666194319725037, 0.29920345544815063, 0.2940980792045593, 0.2927732765674591, 0.2925795316696167, 0.29605066776275635, 0.2939731776714325, 0.31242871284484863, 0.2964368164539337, 0.29061898589134216, 0.29885998368263245, 0.29839521646499634, 0.29615744948387146, 0.2931232452392578, 0.36027905344963074, 0.29774007201194763, 0.2955794334411621, 0.29269418120384216, 0.29993993043899536, 0.2963395416736603, 0.291616290807724, 0.31328925490379333, 0.3577457070350647, 0.2907249331474304, 0.30181485414505005, 0.29408565163612366, 0.29439541697502136, 0.30583012104034424, 0.3149591088294983, 0.2963424026966095, 0.30539581179618835, 0.2977159917354584, 0.32124629616737366, 0.3173575699329376, 0.2927320599555969, 0.30588650703430176, 0.29636257886886597, 0.2970527708530426, 0.3058136999607086, 0.30341994762420654, 0.30114564299583435, 0.2973991930484772, 0.29771026968955994, 0.31429579854011536, 0.2916264832019806, 0.2970739006996155, 0.2974737584590912, 0.3464494049549103, 0.2932698726654053, 0.2938709259033203, 0.29825806617736816, 0.29483717679977417, 0.2934842109680176, 0.29662829637527466, 0.295328289270401, 0.2981487512588501, 0.30038025975227356, 0.2963278889656067, 0.2931285798549652, 0.2908937633037567, 0.29400843381881714, 0.29549628496170044, 0.30304425954818726, 0.316445529460907, 0.29553207755088806, 0.3015744686126709, 0.2919057607650757, 0.29991817474365234, 0.2927769422531128, 0.2950180172920227, 0.30293112993240356, 0.2907731831073761, 0.29323622584342957, 0.2948266863822937, 0.29377925395965576, 0.2923439145088196, 0.2901587188243866, 0.3037806451320648, 0.29451417922973633, 0.3096144199371338, 0.3227905035018921, 0.3088715970516205, 0.2920718789100647, 0.30286577343940735, 0.2970631718635559, 0.2925260663032532, 0.2919701337814331, 0.29272210597991943, 0.2951003313064575, 0.2906242609024048, 0.3166305422782898, 0.29489925503730774, 0.2928580939769745, 0.2948269844055176, 0.29894915223121643, 0.29966291785240173, 0.3055248558521271, 0.2931087017059326, 0.29418233036994934, 0.3020920157432556]",3.0,"[4.0, 3.0, 3.0, 3.0, 3.0, 3.0, 3.0, 3.0, 3.0, 3.0, 3.0, 3.0, 3.0, 3.0, 3.0, 3.0, 3.0, 3.0, 3.0, 3.0, 3.0, 3.0, 3.0, 3.0, 3.0, 3.0, 3.0, 3.0, 3.0, 3.0, 3.0, 3.0, 3.0, 3.0, 3.0, 3.0, 3.0, 3.0, 3.0, 3.0, 3.0, 3.0, 3.0, 3.0, 3.0, 3.0, 3.0, 3.0, 3.0, 3.0, 3.0, 3.0, 3.0, 3.0, 3.0, 3.0, 3.0, 3.0, 3.0, 3.0, 3.0, 3.0, 3.0, 3.0, 3.0, 3.0, 3.0, 3.0, 3.0, 3.0, 3.0, 3.0, 3.0, 3.0, 3.0, 3.0, 3.0, 3.0, 3.0, 3.0, 3.0, 3.0, 3.0, 3.0, 3.0, 3.0, 3.0, 3.0, 3.0, 3.0, 3.0, 3.0, 3.0, 3.0, 3.0, 3.0, 3.0, 3.0, 3.0, 3.0, 3.0, 3.0, 3.0, 3.0, 3.0, 3.0, 3.0, 3.0, 3.0, 3.0, 3.0, 3.0, 3.0, 3.0, 3.0, 3.0, 3.0, 3.0, 3.0, 3.0, 3.0, 3.0, 3.0, 3.0, 3.0, 3.0, 3.0, 3.0, 3.0, 3.0, 3.0, 3.0, 3.0, 3.0, 3.0, 3.0, 3.0, 3.0, 3.0, 3.0, 3.0, 3.0, 3.0, 3.0, 3.0, 3.0, 3.0, 3.0, 3.0, 3.0, 3.0, 3.0, 3.0, 3.0, 3.0, 3.0, 3.0, 3.0, 3.0, 3.0, 3.0, 3.0, 3.0, 3.0, 3.0, 3.0, 3.0, 3.0, 3.0, 3.0, 3.0, 3.0, 3.0, 3.0, 3.0, 3.0, 3.0, 3.0, 3.0, 3.0, 3.0, 3.0, 3.0, 3.0, 3.0, 3.0, 3.0, 3.0, 3.0, 3.0, 3.0, 3.0, 3.0, 3.0, 3.0, 3.0, 3.0, 3.0, 3.0, 3.0, 3.0, 3.0, 3.0, 3.0, 3.0, 3.0, 3.0, 3.0, 3.0, 3.0, 3.0, 3.0, 3.0, 3.0, 3.0, 3.0, 3.0, 3.0, 3.0, 3.0, 3.0, 3.0, 3.0, 3.0, 3.0, 3.0, 3.0, 3.0, 3.0, 3.0, 3.0, 3.0, 3.0, 3.0, 3.0, 3.0, 3.0, 3.0, 3.0, 3.0, 3.0, 3.0, 3.0, 3.0, 3.0, 3.0, 3.0, 3.0, 3.0, 3.0, 3.0, 3.0, 3.0, 3.0, 3.0, 3.0, 3.0, 3.0, 3.0, 3.0, 3.0, 3.0, 3.0, 3.0, 3.0, 3.0, 3.0, 3.0, 3.0, 3.0, 3.0, 3.0, 3.0, 3.0, 3.0, 3.0, 3.0, 3.0, 3.0, 3.0, 3.0, 3.0, 3.0, 3.0, 3.0, 3.0, 3.0, 3.0, 3.0, 3.0, 3.0, 3.0, 3.0, 3.0, 3.0, 3.0, 3.0, 3.0, 3.0, 3.0, 3.0, 3.0, 3.0, 3.0, 3.0, 3.0, 3.0, 3.0, 3.0, 3.0, 3.0, 3.0, 3.0, 3