,number,value,datetime_start,datetime_complete,duration,params_batch_size_scaler,params_constant_learning_rate,params_depth,params_epochs,params_kernel_l2,params_num_trees,params_temperature,user_attrs_accuracy_test,user_attrs_accuracy_valid,user_attrs_approximate_feature_sparsity,user_attrs_approximate_feature_sparsity_history,user_attrs_approximate_weight_sparsity,user_attrs_approximate_weight_sparsity_history,user_attrs_auc_test,user_attrs_auc_valid,user_attrs_feature_sparsity,user_attrs_feature_sparsity_history,user_attrs_num_epochs,user_attrs_val_loss_history,user_attrs_weight_sparsity,user_attrs_weight_sparsity_history,state
78,78,0.8849557522123894,2024-08-31 03:36:47.940533,2024-08-31 03:39:42.740584,0 days 00:02:54.800051,16,3.6124219416653043,6,210,0.12601314705005534,58,0.00038941716633174555,0.904,0.895,7,"[33, 33, 33, 33, 33, 33, 33, 33, 33, 33, 33, 33, 33, 33, 33, 33, 28, 24, 23, 21, 21, 19, 19, 19, 18, 18, 18, 18, 18, 18, 17, 17, 17, 17, 16, 16, 16, 16, 16, 16, 16, 16, 16, 16, 16, 16, 16, 16, 16, 16, 16, 16, 16, 16, 16, 16, 16, 16, 16, 16, 14, 14, 14, 14, 14, 14, 14, 14, 14, 14, 14, 13, 13, 13, 13, 13, 13, 13, 13, 13, 13, 13, 13, 13, 13, 13, 12, 12, 12, 12, 12, 12, 12, 12, 12, 12, 12, 12, 12, 12, 12, 12, 12, 12, 12, 12, 12, 12, 12, 11, 11, 10, 10, 10, 10, 10, 10, 10, 10, 10, 10, 10, 10, 10, 10, 10, 10, 10, 10, 10, 10, 10, 10, 10, 10, 9, 9, 9, 9, 9, 9, 9, 9, 9, 9, 9, 9, 9, 9, 9, 9, 9, 9, 9, 9, 9, 9, 9, 9, 9, 9, 9, 9, 9, 9, 9, 9, 9, 9, 9, 9, 9, 9, 9, 9, 9, 9, 9, 9, 9, 9, 9, 9, 9, 9, 9, 9, 9, 9, 9, 9, 9, 9, 8, 8, 8, 8, 8, 8, 8, 8, 7, 7, 7, 7, 7, 7, 7, 7, 7]",6.976737821565409,"[32.91379310344828, 32.90886699507389, 32.917624521072796, 32.918992884510125, 32.921729611384784, 32.91926655719759, 32.92063492063492, 32.91215106732348, 32.91406677613574, 32.9080459770115, 32.91844553913519, 32.91543513957307, 32.917898193760266, 32.912972085385874, 32.91105637657362, 32.920087575259984, 27.930760810071153, 23.94663382594417, 22.94553913519431, 20.94553913519431, 20.940886699507388, 18.94854953475643, 18.953749315818282, 18.95265462506842, 17.955938697318008, 17.953475643130815, 17.951833607006023, 17.95511767925561, 17.953475643130815, 17.952928297755886, 16.957307060755337, 16.961959496442255, 16.95894909688013, 16.95621237000547, 15.960864805692394, 15.955938697318008, 15.959770114942526, 15.960591133004927, 15.958128078817733, 15.957307060755337, 15.959222769567596, 15.961412151067323, 15.961959496442255, 15.959496442255062, 15.958128078817737, 15.958401751505201, 15.960591133004927, 15.959770114942529, 15.959222769567598, 15.957854406130268, 15.958675424192666, 15.958949096880133, 15.9584017515052, 15.956759715380405, 15.959222769567598, 15.960043787629994, 15.955391351943078, 15.959496442255064, 15.962233169129721, 15.958675424192664, 13.964696223316913, 13.96360153256705, 13.964422550629447, 13.965517241379311, 13.963054187192117, 13.96305418719212, 13.96360153256705, 13.963875205254515, 13.960591133004927, 13.9584017515052, 13.959222769567596, 12.963327859879584, 12.96414887794198, 12.966338259441708, 12.963054187192117, 12.963875205254515, 12.961959496442255, 12.968527640941435, 12.966885604816639, 12.965790914066778, 12.964148877941982, 12.963327859879584, 12.968253968253968, 12.963875205254517, 12.964696223316912, 12.966611932129172, 11.971811713191023, 11.968527640941433, 11.968527640941435, 11.969622331691298, 11.967980295566502, 11.967706622879037, 11.966885604816639, 11.96360153256705, 11.966338259441708, 11.966885604816639, 11.964422550629447, 11.968253968253967, 11.972359058565953, 11.9688013136289, 11.961412151067323, 11.963875205254515, 11.964696223316913, 11.966338259441708, 11.971264367816092, 11.969074986316365, 11.969074986316365, 11.96743295019157, 11.966611932129174, 10.965790914066776, 10.969896004378763, 9.973727422003282, 9.969896004378764, 9.971538040503559, 9.967980295566502, 9.970443349753694, 9.97071702244116, 9.97071702244116, 9.97071702244116, 9.972085385878488, 9.976190476190476, 9.975095785440612, 9.973727422003282, 9.973727422003284, 9.973453749315818, 9.969622331691298, 9.974001094690749, 9.973727422003284, 9.974274767378216, 9.972632731253421, 9.970443349753694, 9.972359058565955, 9.973727422003284, 9.972359058565955, 9.97208538587849, 8.977285166940339, 8.976464148877941, 8.974822112753147, 8.978379857690202, 8.979474548440066, 8.977558839627806, 8.972359058565955, 8.973180076628353, 8.97263273125342, 8.977011494252874, 8.970443349753694, 8.969622331691298, 8.97208538587849, 8.972906403940886, 8.972359058565955, 8.97454844006568, 8.969074986316365, 8.968801313628898, 8.973453749315818, 8.97263273125342, 8.972359058565955, 8.97400109469075, 8.97208538587849, 8.972085385878488, 8.972359058565957, 8.969348659003831, 8.973727422003284, 8.971811713191023, 8.969074986316366, 8.97208538587849, 8.971811713191023, 8.969896004378764, 8.970990695128627, 8.971538040503559, 8.97016967706623, 8.97071702244116, 8.970443349753694, 8.970443349753694, 8.972632731253421, 8.971264367816092, 8.97071702244116, 8.971264367816092, 8.971538040503559, 8.974274767378216, 8.970990695128625, 8.97071702244116, 8.968527640941433, 8.969896004378763, 8.969896004378763, 8.972359058565955, 8.97071702244116, 8.969622331691298, 8.973727422003284, 8.971538040503557, 8.972906403940888, 8.972906403940888, 8.971264367816092, 8.9688013136289, 7.97536945812808, 7.974548440065681, 7.972359058565955, 7.969896004378763, 7.972359058565955, 7.9734537493158175, 7.973180076628353, 7.975643130815545, 6.982758620689656, 6.97591680350301, 6.9778325123152705, 6.981116584564861, 6.978927203065134, 6.976464148877942, 6.980295566502463, 6.9794745484400655, 6.976737821565409]",0.9025586406756992,0.8849557522123894,7,"[33, 33, 33, 33, 33, 33, 33, 33, 33, 33, 33, 33, 33, 33, 33, 33, 28, 24, 23, 21, 21, 19, 19, 19, 18, 18, 18, 18, 18, 18, 17, 17, 17, 17, 16, 16, 16, 16, 16, 16, 16, 16, 16, 16, 16, 16, 16, 16, 16, 16, 16, 16, 16, 16, 16, 16, 16, 16, 16, 16, 14, 14, 14, 14, 14, 14, 14, 14, 14, 14, 14, 13, 13, 13, 13, 13, 13, 13, 13, 13, 13, 13, 13, 13, 13, 13, 12, 12, 12, 12, 12, 12, 12, 12, 12, 12, 12, 12, 12, 12, 12, 12, 12, 12, 12, 12, 12, 12, 12, 11, 11, 10, 10, 10, 10, 10, 10, 10, 10, 10, 10, 10, 10, 10, 10, 10, 10, 10, 10, 10, 10, 10, 10, 10, 10, 9, 9, 9, 9, 9, 9, 9, 9, 9, 9, 9, 9, 9, 9, 9, 9, 9, 9, 9, 9, 9, 9, 9, 9, 9, 9, 9, 9, 9, 9, 9, 9, 9, 9, 9, 9, 9, 9, 9, 9, 9, 9, 9, 9, 9, 9, 9, 9, 9, 9, 9, 9, 9, 9, 9, 9, 9, 9, 8, 8, 8, 8, 8, 8, 8, 8, 7, 7, 7, 7, 7, 7, 7, 7, 7]",210,"[0.3773984909057617, 0.37011387944221497, 0.3688211739063263, 0.3601886034011841, 0.3498295545578003, 0.3427692651748657, 0.335074245929718, 0.33694037795066833, 0.319480836391449, 0.3088742196559906, 0.3004153370857239, 0.2894872725009918, 0.27588874101638794, 0.2693741023540497, 0.26278921961784363, 0.25670814514160156, 0.2521156966686249, 0.24830254912376404, 0.2517796754837036, 0.23812197148799896, 0.23178882896900177, 0.23271793127059937, 0.22858642041683197, 0.22833006083965302, 0.2236383855342865, 0.22062337398529053, 0.2349453568458557, 0.22150909900665283, 0.21663248538970947, 0.21310991048812866, 0.21699345111846924, 0.20705781877040863, 0.20576417446136475, 0.212531179189682, 0.2100411355495453, 0.2022382616996765, 0.21066123247146606, 0.20164333283901215, 0.2142677754163742, 0.20413050055503845, 0.20143547654151917, 0.19452475011348724, 0.20308427512645721, 0.19313545525074005, 0.19881373643875122, 0.19275102019309998, 0.1946251541376114, 0.19228753447532654, 0.19360369443893433, 0.18739677965641022, 0.18962660431861877, 0.18849797546863556, 0.20198801159858704, 0.19071415066719055, 0.1885245144367218, 0.18803544342517853, 0.19078484177589417, 0.19004492461681366, 0.18798696994781494, 0.19166068732738495, 0.25740480422973633, 0.2520486116409302, 0.25821682810783386, 0.250072181224823, 0.2688002288341522, 0.24801674485206604, 0.24671947956085205, 0.2450532764196396, 0.24216502904891968, 0.2419278770685196, 0.2429782897233963, 0.2510991394519806, 0.24542154371738434, 0.2506711483001709, 0.24720123410224915, 0.2513655424118042, 0.2451786994934082, 0.24919310212135315, 0.2481900155544281, 0.24914495646953583, 0.2442532479763031, 0.243789941072464, 0.24668078124523163, 0.24370445311069489, 0.2454310804605484, 0.24807220697402954, 0.2477300763130188, 0.24666345119476318, 0.24613480269908905, 0.2463618516921997, 0.24732324481010437, 0.2458612322807312, 0.2508418560028076, 0.2463696151971817, 0.27087822556495667, 0.2453777939081192, 0.2464497983455658, 0.2454281747341156, 0.24544711410999298, 0.24912486970424652, 0.24484595656394958, 0.24381773173809052, 0.28670135140419006, 0.24979132413864136, 0.2462148666381836, 0.24779987335205078, 0.2519667446613312, 0.24545583128929138, 0.2431914508342743, 0.25658324360847473, 0.25593802332878113, 0.250890851020813, 0.2553705871105194, 0.2500523626804352, 0.24861587584018707, 0.2559787631034851, 0.24907323718070984, 0.25456297397613525, 0.2486524134874344, 0.24995502829551697, 0.250074177980423, 0.2502816915512085, 0.24694715440273285, 0.2462320774793625, 0.2511957883834839, 0.2548467516899109, 0.24608373641967773, 0.25046491622924805, 0.2481590211391449, 0.24434511363506317, 0.24836552143096924, 0.2608007490634918, 0.24625322222709656, 0.24749135971069336, 0.25964584946632385, 0.25050628185272217, 0.25778090953826904, 0.252634197473526, 0.25161880254745483, 0.2568438649177551, 0.24865421652793884, 0.2524396479129791, 0.24856507778167725, 0.25579893589019775, 0.26101088523864746, 0.2487771213054657, 0.2740533947944641, 0.24941933155059814, 0.2812980115413666, 0.27529793977737427, 0.2491014152765274, 0.25391799211502075, 0.25191953778266907, 0.2747056782245636, 0.2487771362066269, 0.24714666604995728, 0.24887873232364655, 0.24795514345169067, 0.2905021011829376, 0.24766185879707336, 0.24743211269378662, 0.25429391860961914, 0.2467624694108963, 0.24735935032367706, 0.24944205582141876, 0.2576453983783722, 0.24819210171699524, 0.28043511509895325, 0.2460165023803711, 0.2463725060224533, 0.2475290447473526, 0.24828721582889557, 0.2557981014251709, 0.24711111187934875, 0.2506847679615021, 0.253944993019104, 0.25045615434646606, 0.24986138939857483, 0.2511409521102905, 0.24662330746650696, 0.25762248039245605, 0.24817240238189697, 0.24893829226493835, 0.24888283014297485, 0.24780797958374023, 0.25011754035949707, 0.2582838833332062, 0.25188565254211426, 0.249954491853714, 0.24563024938106537, 0.24701160192489624, 0.2478150874376297, 0.2516941726207733, 0.2664557695388794, 0.25108516216278076, 0.25303715467453003, 0.25666722655296326, 0.24706383049488068, 0.2517052888870239, 0.2532111406326294, 0.24817782640457153, 0.29571449756622314, 0.2666749060153961, 0.26649466156959534, 0.2610872685909271, 0.2634466886520386, 0.2592107057571411, 0.26087382435798645, 0.2725124657154083, 0.25782114267349243]",7.0,"[33.0, 33.0, 33.0, 33.0, 33.0, 33.0, 33.0, 33.0, 33.0, 33.0, 33.0, 33.0, 33.0, 33.0, 33.0, 33.0, 28.0, 24.0, 23.0, 21.0, 21.0, 19.0, 19.0, 19.0, 18.0, 18.0, 18.0, 18.0, 18.0, 18.0, 17.0, 17.0, 17.0, 17.0, 16.0, 16.0, 16.0, 16.0, 16.0, 16.0, 16.0, 16.0, 16.0, 16.0, 16.0, 16.0, 16.0, 16.0, 16.0, 16.0, 16.0, 16.0, 16.0, 16.0, 16.0, 16.0, 16.0, 16.0, 16.0, 16.0, 14.0, 14.0, 14.0, 14.0, 14.0, 14.0, 14.0, 14.0, 14.0, 14.0, 14.0, 13.0, 13.0, 13.0, 13.0, 13.0, 13.0, 13.0, 13.0, 13.0, 13.0, 13.0, 13.0, 13.0, 13.0, 13.0, 12.0, 12.0, 12.0, 12.0, 12.0, 12.0, 12.0, 12.0, 12.0, 12.0, 12.0, 12.0, 12.0, 12.0, 12.0, 12.0, 12.0, 12.0, 12.0, 12.0, 12.0, 12.0, 12.0, 11.0, 11.0, 10.0, 10.0, 10.0, 10.0, 10.0, 10.0, 10.0, 10.0, 10.0, 10.0, 10.0, 10.0, 10.0, 10.0, 10.0, 10.0, 10.0, 10.0, 10.0, 10.0, 10.0, 10.0, 10.0, 10.0, 9.0, 9.0, 9.0, 9.0, 9.0, 9.0, 9.0, 9.0, 9.0, 9.0, 9.0, 9.0, 9.0, 9.0, 9.0, 9.0, 9.0, 9.0, 9.0, 9.0, 9.0, 9.0, 9.0, 9.0, 9.0, 9.0, 9.0, 9.0, 9.0, 9.0, 9.0, 9.0, 9.0, 9.0, 9.0, 9.0, 9.0, 9.0, 9.0, 9.0, 9.0, 9.0, 9.0, 9.0, 9.0, 9.0, 9.0, 9.0, 9.0, 9.0, 9.0, 9.0, 9.0, 9.0, 9.0, 9.0, 9.0, 9.0, 8.0, 8.0, 8.0, 8.0, 8.0, 8.0, 8.0, 8.0, 7.0, 7.0, 7.0, 7.0, 7.0, 7.0, 7.0, 7.0, 7.0]",COMPLETE
