,number,value,datetime_start,datetime_complete,duration,params_batch_size_scaler,params_constant_learning_rate,params_depth,params_epochs,params_kernel_l2,params_num_trees,params_temperature,user_attrs_accuracy_test,user_attrs_accuracy_valid,user_attrs_approximate_feature_sparsity,user_attrs_approximate_feature_sparsity_history,user_attrs_approximate_weight_sparsity,user_attrs_approximate_weight_sparsity_history,user_attrs_auc_test,user_attrs_auc_valid,user_attrs_feature_sparsity,user_attrs_feature_sparsity_history,user_attrs_num_epochs,user_attrs_val_loss_history,user_attrs_weight_sparsity,user_attrs_weight_sparsity_history,state
58,58,0.8943592121703959,2024-08-31 03:05:28.387606,2024-08-31 03:06:38.821154,0 days 00:01:10.433548,16,0.23091202232045793,2,440,0.12519378356493593,62,0.037157726828034775,0.918,0.92125,7,"[33, 33, 33, 33, 33, 33, 33, 33, 33, 33, 33, 33, 32, 32, 32, 32, 32, 30, 29, 28, 27, 25, 25, 24, 22, 22, 22, 18, 16, 15, 15, 15, 14, 13, 13, 13, 12, 12, 12, 12, 12, 12, 12, 12, 12, 12, 12, 12, 12, 12, 12, 12, 12, 12, 12, 12, 12, 12, 12, 12, 12, 12, 12, 12, 12, 12, 12, 12, 12, 12, 12, 12, 12, 12, 12, 12, 12, 12, 12, 12, 12, 12, 12, 12, 12, 12, 12, 12, 12, 12, 12, 12, 11, 11, 11, 11, 11, 11, 11, 11, 10, 9, 9, 9, 9, 8, 7, 7, 7, 7, 7, 7, 7, 7, 7, 7, 7, 7, 7, 7, 7, 7, 7, 7, 7, 7, 7, 7, 7, 7, 7, 7, 7, 7, 7, 7, 7, 7, 7, 7, 7, 7, 7, 7, 7, 7, 7, 7, 7, 7, 7, 7, 7, 7, 7, 7, 7, 7, 7, 7, 7, 7, 7, 7, 7, 7, 7, 7, 7, 7, 7, 7, 7, 7, 7, 7, 7, 7, 7, 7, 7, 7, 7, 7, 7, 7, 7, 7, 7, 7, 7, 7, 7, 7, 7, 7, 7, 7, 7, 7, 7, 7, 7, 7, 7, 7, 7, 7, 7, 7, 7, 7, 7, 7, 7, 7, 7, 7, 7, 7, 7, 7, 7, 7, 7, 7, 7, 7, 7, 7, 7, 7, 7, 7, 7, 7, 7, 7, 7, 7, 7, 7, 7, 7, 7, 7, 7, 7, 7, 7, 7, 7, 7, 7, 7, 7, 7, 7, 7, 7, 7, 7, 7, 7, 7, 7, 7, 7, 7, 7, 7, 7, 7, 7, 7, 7, 7, 7, 7, 7, 7, 7, 7, 7, 7, 7, 7, 7, 7, 7, 7, 7, 7, 7, 7, 7, 7, 7, 7, 7, 7, 7, 7, 7, 7, 7, 7, 7, 7, 7, 7, 7, 7, 7, 7, 7, 7, 7, 7, 7, 7, 7, 7, 7, 7, 7, 7, 7, 7, 7, 7, 7, 7, 7, 7, 7, 7, 7, 7, 7, 7, 7, 7, 7, 7, 7, 7, 7, 7, 7, 7, 7, 7, 7, 7, 7, 7, 7, 7, 7, 7, 7, 7, 7, 7, 7, 7, 7, 7, 7, 7, 7, 7, 7, 7, 7, 7, 7, 7, 7, 7, 7, 7, 7, 7, 7, 7, 7, 7, 7, 7, 7, 7, 7, 7, 7, 7, 7, 7, 7, 7, 7, 7, 7, 7, 7, 7, 7, 7, 7, 7, 7, 7, 7, 7, 7, 7, 7, 7, 7, 7, 7, 7, 7, 7, 7, 7, 7, 7, 7, 7, 7, 7, 7, 7, 7, 7, 7, 7, 7]",6.989247311827957,"[32.97311827956989, 32.97311827956989, 32.97311827956989, 32.98924731182795, 32.983870967741936, 32.956989247311824, 32.98924731182795, 32.97311827956989, 32.97849462365591, 32.97849462365591, 32.97311827956989, 32.983870967741936, 31.989247311827956, 31.962365591397848, 31.978494623655912, 31.989247311827956, 31.973118279569892, 29.989247311827956, 28.989247311827956, 27.962365591397848, 26.978494623655912, 24.989247311827956, 24.983870967741936, 23.989247311827956, 21.978494623655912, 21.967741935483872, 21.983870967741936, 17.983870967741936, 15.994623655913978, 14.994623655913978, 14.994623655913978, 14.994623655913978, 14.0, 12.989247311827956, 12.994623655913978, 12.989247311827956, 11.989247311827956, 11.989247311827956, 11.989247311827956, 12.0, 12.0, 11.994623655913978, 12.0, 12.0, 12.0, 11.989247311827956, 11.994623655913978, 11.989247311827956, 11.989247311827956, 11.983870967741936, 12.0, 12.0, 11.983870967741936, 11.989247311827956, 11.989247311827956, 11.983870967741936, 11.989247311827956, 11.983870967741936, 12.0, 11.989247311827956, 11.994623655913978, 11.994623655913978, 12.0, 11.994623655913978, 11.994623655913978, 12.0, 12.0, 11.989247311827956, 11.994623655913978, 11.994623655913978, 11.989247311827956, 11.973118279569892, 11.978494623655912, 12.0, 11.994623655913978, 12.0, 11.994623655913978, 12.0, 11.989247311827956, 11.994623655913978, 11.983870967741934, 11.983870967741934, 11.994623655913978, 11.994623655913978, 11.989247311827956, 12.0, 12.0, 12.0, 11.994623655913978, 12.0, 12.0, 12.0, 11.0, 10.983870967741936, 11.0, 10.994623655913978, 10.994623655913978, 10.994623655913978, 10.994623655913978, 10.994623655913978, 9.989247311827956, 9.0, 8.989247311827956, 8.994623655913978, 8.994623655913978, 7.994623655913978, 6.994623655913978, 6.989247311827956, 6.994623655913978, 6.994623655913978, 6.994623655913978, 7.0, 6.994623655913978, 7.0, 7.0, 7.0, 7.0, 7.0, 6.994623655913978, 7.0, 6.994623655913978, 6.994623655913978, 6.989247311827957, 6.989247311827957, 6.994623655913978, 6.994623655913978, 6.994623655913978, 6.983870967741935, 6.978494623655914, 7.0, 6.994623655913978, 6.983870967741936, 6.994623655913978, 7.0, 7.0, 6.994623655913978, 6.989247311827957, 6.994623655913978, 6.989247311827957, 6.994623655913978, 6.994623655913978, 7.0, 6.994623655913978, 6.978494623655914, 6.978494623655914, 7.0, 6.989247311827956, 7.0, 6.989247311827957, 6.983870967741936, 6.983870967741936, 6.983870967741936, 6.989247311827957, 6.994623655913978, 6.994623655913978, 6.994623655913978, 6.994623655913978, 7.0, 6.994623655913978, 7.0, 6.994623655913978, 6.994623655913978, 6.989247311827957, 6.994623655913978, 7.0, 7.0, 6.989247311827956, 6.989247311827956, 7.0, 6.989247311827957, 6.994623655913978, 6.994623655913978, 6.994623655913978, 6.989247311827957, 6.994623655913978, 7.0, 7.0, 6.994623655913978, 6.978494623655914, 6.978494623655914, 7.0, 6.994623655913978, 6.989247311827957, 6.994623655913978, 6.989247311827957, 6.983870967741936, 6.989247311827957, 6.983870967741936, 6.983870967741936, 6.983870967741936, 6.978494623655914, 6.978494623655914, 6.994623655913978, 6.994623655913978, 6.989247311827957, 6.994623655913978, 6.989247311827957, 6.994623655913978, 6.983870967741936, 6.994623655913978, 6.994623655913978, 7.0, 7.0, 6.994623655913978, 7.0, 7.0, 7.0, 6.994623655913978, 6.983870967741936, 6.994623655913978, 6.994623655913978, 7.0, 6.994623655913978, 7.0, 7.0, 6.989247311827957, 6.994623655913978, 7.0, 6.983870967741936, 6.989247311827957, 6.983870967741936, 6.983870967741936, 6.989247311827957, 6.989247311827957, 6.983870967741936, 6.989247311827957, 6.989247311827957, 7.0, 7.0, 7.0, 6.978494623655914, 6.994623655913978, 7.0, 7.0, 6.989247311827957, 6.989247311827957, 6.989247311827957, 6.989247311827956, 6.994623655913978, 7.0, 7.0, 6.994623655913978, 6.994623655913978, 6.994623655913978, 6.978494623655914, 6.994623655913978, 6.983870967741936, 6.978494623655914, 6.973118279569892, 6.989247311827956, 6.978494623655914, 6.989247311827956, 6.994623655913978, 6.994623655913978, 7.0, 6.989247311827957, 6.994623655913978, 7.0, 6.989247311827957, 6.994623655913978, 6.989247311827957, 6.989247311827956, 6.983870967741936, 6.989247311827956, 6.994623655913978, 7.0, 6.978494623655914, 6.994623655913978, 6.983870967741936, 6.989247311827957, 6.989247311827957, 6.983870967741936, 6.989247311827957, 7.0, 6.994623655913978, 7.0, 6.96236559139785, 6.973118279569892, 6.983870967741936, 6.983870967741936, 6.989247311827957, 6.983870967741936, 6.973118279569892, 6.983870967741936, 6.983870967741936, 6.983870967741936, 6.994623655913978, 6.978494623655914, 6.983870967741936, 6.989247311827957, 6.989247311827957, 6.989247311827957, 7.0, 6.983870967741936, 6.989247311827957, 6.989247311827957, 6.994623655913978, 6.983870967741936, 6.989247311827957, 6.994623655913978, 6.994623655913978, 7.0, 6.989247311827957, 6.994623655913978, 6.983870967741936, 6.994623655913978, 6.973118279569892, 6.994623655913978, 6.983870967741936, 6.989247311827957, 6.983870967741936, 6.989247311827957, 6.989247311827957, 6.983870967741936, 6.989247311827957, 6.994623655913978, 6.983870967741936, 6.994623655913978, 6.989247311827957, 6.994623655913978, 6.994623655913978, 7.0, 6.989247311827957, 6.983870967741936, 6.994623655913978, 6.989247311827957, 6.989247311827957, 6.994623655913978, 6.989247311827957, 6.989247311827957, 6.983870967741936, 7.0, 6.983870967741936, 6.983870967741936, 6.994623655913978, 6.994623655913978, 6.989247311827956, 6.989247311827956, 6.989247311827956, 6.989247311827956, 6.994623655913978, 6.973118279569893, 6.989247311827957, 6.994623655913978, 6.989247311827956, 6.994623655913978, 6.983870967741936, 6.978494623655914, 6.983870967741936, 6.983870967741936, 6.994623655913978, 6.978494623655914, 6.994623655913978, 6.989247311827956, 6.983870967741936, 6.978494623655914, 6.983870967741936, 6.978494623655914, 6.989247311827956, 6.96774193548387, 6.978494623655914, 6.994623655913978, 6.994623655913978, 6.994623655913978, 6.994623655913978, 6.983870967741936, 6.994623655913978, 6.983870967741936, 6.983870967741936, 6.989247311827957, 6.989247311827957, 6.994623655913978, 6.994623655913978, 6.989247311827957, 6.989247311827957, 6.989247311827957, 6.983870967741936, 6.989247311827957, 6.994623655913978, 6.989247311827957, 7.0, 7.0, 6.983870967741936, 6.989247311827956, 6.994623655913978, 6.994623655913978, 6.989247311827956, 7.0, 6.994623655913978, 7.0, 7.0, 6.978494623655914, 6.994623655913978, 6.989247311827957, 6.989247311827957, 6.994623655913978, 6.989247311827957, 6.989247311827957, 7.0, 6.994623655913978, 7.0, 6.983870967741936, 6.983870967741936, 6.994623655913978, 6.989247311827957, 6.989247311827957, 6.994623655913978, 6.978494623655914, 6.994623655913978, 6.994623655913978, 6.994623655913978, 7.0, 7.0, 7.0, 6.994623655913978, 7.0, 7.0, 6.994623655913978, 6.978494623655914, 6.983870967741936, 6.973118279569892, 6.983870967741936, 6.994623655913978, 6.983870967741936, 7.0, 7.0, 6.989247311827957, 7.0, 6.989247311827957, 6.989247311827957, 7.0, 6.994623655913978, 7.0, 6.994623655913978, 6.989247311827957, 6.989247311827957, 6.983870967741936, 6.994623655913978, 7.0, 6.989247311827957]",0.8863184141216489,0.8943592121703959,7,"[33, 33, 33, 33, 33, 33, 33, 33, 33, 33, 33, 33, 32, 32, 32, 32, 32, 30, 29, 28, 27, 25, 25, 24, 22, 22, 22, 18, 16, 15, 15, 15, 14, 13, 13, 13, 12, 12, 12, 12, 12, 12, 12, 12, 12, 12, 12, 12, 12, 12, 12, 12, 12, 12, 12, 12, 12, 12, 12, 12, 12, 12, 12, 12, 12, 12, 12, 12, 12, 12, 12, 12, 12, 12, 12, 12, 12, 12, 12, 12, 12, 12, 12, 12, 12, 12, 12, 12, 12, 12, 12, 12, 11, 11, 11, 11, 11, 11, 11, 11, 10, 9, 9, 9, 9, 8, 7, 7, 7, 7, 7, 7, 7, 7, 7, 7, 7, 7, 7, 7, 7, 7, 7, 7, 7, 7, 7, 7, 7, 7, 7, 7, 7, 7, 7, 7, 7, 7, 7, 7, 7, 7, 7, 7, 7, 7, 7, 7, 7, 7, 7, 7, 7, 7, 7, 7, 7, 7, 7, 7, 7, 7, 7, 7, 7, 7, 7, 7, 7, 7, 7, 7, 7, 7, 7, 7, 7, 7, 7, 7, 7, 7, 7, 7, 7, 7, 7, 7, 7, 7, 7, 7, 7, 7, 7, 7, 7, 7, 7, 7, 7, 7, 7, 7, 7, 7, 7, 7, 7, 7, 7, 7, 7, 7, 7, 7, 7, 7, 7, 7, 7, 7, 7, 7, 7, 7, 7, 7, 7, 7, 7, 7, 7, 7, 7, 7, 7, 7, 7, 7, 7, 7, 7, 7, 7, 7, 7, 7, 7, 7, 7, 7, 7, 7, 7, 7, 7, 7, 7, 7, 7, 7, 7, 7, 7, 7, 7, 7, 7, 7, 7, 7, 7, 7, 7, 7, 7, 7, 7, 7, 7, 7, 7, 7, 7, 7, 7, 7, 7, 7, 7, 7, 7, 7, 7, 7, 7, 7, 7, 7, 7, 7, 7, 7, 7, 7, 7, 7, 7, 7, 7, 7, 7, 7, 7, 7, 7, 7, 7, 7, 7, 7, 7, 7, 7, 7, 7, 7, 7, 7, 7, 7, 7, 7, 7, 7, 7, 7, 7, 7, 7, 7, 7, 7, 7, 7, 7, 7, 7, 7, 7, 7, 7, 7, 7, 7, 7, 7, 7, 7, 7, 7, 7, 7, 7, 7, 7, 7, 7, 7, 7, 7, 7, 7, 7, 7, 7, 7, 7, 7, 7, 7, 7, 7, 7, 7, 7, 7, 7, 7, 7, 7, 7, 7, 7, 7, 7, 7, 7, 7, 7, 7, 7, 7, 7, 7, 7, 7, 7, 7, 7, 7, 7, 7, 7, 7, 7, 7, 7, 7, 7, 7, 7, 7, 7, 7, 7, 7, 7, 7, 7, 7, 7, 7, 7, 7, 7, 7, 7, 7]",440,"[0.42436718940734863, 0.41647833585739136, 0.4218488931655884, 0.41592690348625183, 0.4066130816936493, 0.4042392373085022, 0.4056602120399475, 0.39795851707458496, 0.4041071832180023, 0.39285075664520264, 0.3894087076187134, 0.3989836573600769, 0.38607653975486755, 0.3819020390510559, 0.3804539144039154, 0.378513902425766, 0.3936920464038849, 0.36987268924713135, 0.3674747347831726, 0.36552420258522034, 0.3621424734592438, 0.3739916980266571, 0.3615017831325531, 0.35602980852127075, 0.3495171070098877, 0.3483429253101349, 0.3469715118408203, 0.3451141119003296, 0.33907395601272583, 0.33894896507263184, 0.33579254150390625, 0.33400169014930725, 0.3334777057170868, 0.32773226499557495, 0.3350638151168823, 0.32675397396087646, 0.3244972229003906, 0.3259214460849762, 0.32098984718322754, 0.3245893716812134, 0.31896036863327026, 0.32332009077072144, 0.31483832001686096, 0.31351399421691895, 0.3149115741252899, 0.31143662333488464, 0.31662967801094055, 0.3085860013961792, 0.3072090446949005, 0.3103022873401642, 0.3054765462875366, 0.3142945468425751, 0.30204373598098755, 0.3002307116985321, 0.30158373713493347, 0.3003534972667694, 0.29723167419433594, 0.2978139817714691, 0.2942187190055847, 0.2944960594177246, 0.29369696974754333, 0.2917400896549225, 0.2898891568183899, 0.2908875346183777, 0.2885318994522095, 0.2862391471862793, 0.29587075114250183, 0.2841702997684479, 0.28326651453971863, 0.2825651168823242, 0.2850417494773865, 0.2824910879135132, 0.279951810836792, 0.2790253460407257, 0.27867820858955383, 0.27768009901046753, 0.2777882516384125, 0.2759559750556946, 0.27926307916641235, 0.27673131227493286, 0.28207269310951233, 0.2737126648426056, 0.27291998267173767, 0.2752373218536377, 0.27124202251434326, 0.271750271320343, 0.270942747592926, 0.2712537348270416, 0.26948854327201843, 0.27024102210998535, 0.27150267362594604, 0.26803338527679443, 0.2721788287162781, 0.2713085412979126, 0.27123910188674927, 0.273372620344162, 0.267547070980072, 0.2674385607242584, 0.26731744408607483, 0.26910585165023804, 0.28288689255714417, 0.2788127362728119, 0.27848711609840393, 0.27672308683395386, 0.2759782671928406, 0.2796703577041626, 0.2749863862991333, 0.2785869240760803, 0.27577781677246094, 0.27137139439582825, 0.2745068073272705, 0.27400869131088257, 0.2747857868671417, 0.2687130868434906, 0.26986077427864075, 0.26868999004364014, 0.26759180426597595, 0.2699122130870819, 0.26585716009140015, 0.26638591289520264, 0.2684136629104614, 0.2660093903541565, 0.26778143644332886, 0.26376500725746155, 0.2635654807090759, 0.27041512727737427, 0.2756732106208801, 0.269458144903183, 0.262021005153656, 0.26216113567352295, 0.26166513562202454, 0.26121631264686584, 0.2616618275642395, 0.2613730728626251, 0.2612564265727997, 0.2608262300491333, 0.25989091396331787, 0.2601122558116913, 0.2594473958015442, 0.2631218731403351, 0.2592678368091583, 0.2594946026802063, 0.2602173388004303, 0.25961124897003174, 0.259189248085022, 0.25828802585601807, 0.26724573969841003, 0.2577405869960785, 0.2599295973777771, 0.25925031304359436, 0.25716495513916016, 0.25647878646850586, 0.25770989060401917, 0.25564029812812805, 0.2558003067970276, 0.257566899061203, 0.2556576132774353, 0.2561296224594116, 0.2554892301559448, 0.2563885748386383, 0.2556973397731781, 0.2543529272079468, 0.25918370485305786, 0.25426656007766724, 0.2641390860080719, 0.2542027235031128, 0.25363093614578247, 0.25368818640708923, 0.2544814944267273, 0.2547089755535126, 0.2540830373764038, 0.2567271888256073, 0.25364401936531067, 0.2530255913734436, 0.2525287866592407, 0.25252482295036316, 0.2532862424850464, 0.2546289265155792, 0.2517907917499542, 0.253876656293869, 0.2518286406993866, 0.255360871553421, 0.25238585472106934, 0.25100234150886536, 0.25121691823005676, 0.2523239850997925, 0.2513720989227295, 0.2507593035697937, 0.25171008706092834, 0.25074949860572815, 0.2511137127876282, 0.2511654794216156, 0.2512865960597992, 0.25123509764671326, 0.25021129846572876, 0.25098881125450134, 0.25103962421417236, 0.25888413190841675, 0.2491309493780136, 0.24933874607086182, 0.250354528427124, 0.2601030170917511, 0.2608430087566376, 0.2507823407649994, 0.2579222321510315, 0.2481498122215271, 0.2508224546909332, 0.2482752650976181, 0.2515897750854492, 0.24967853724956512, 0.2482617050409317, 0.25161921977996826, 0.24775172770023346, 0.24879047274589539, 0.248572438955307, 0.24786779284477234, 0.2483346313238144, 0.24744440615177155, 0.24713487923145294, 0.2594950795173645, 0.24731962382793427, 0.24694634974002838, 0.24829870462417603, 0.24607066810131073, 0.2468990832567215, 0.2472967654466629, 0.2503786087036133, 0.24821068346500397, 0.2529117166996002, 0.2468578964471817, 0.2492433339357376, 0.24667344987392426, 0.25044840574264526, 0.24684491753578186, 0.24592748284339905, 0.24624891579151154, 0.24775665998458862, 0.2460869997739792, 0.24674217402935028, 0.24580524861812592, 0.2504156827926636, 0.25508126616477966, 0.2447361797094345, 0.24917250871658325, 0.2462753802537918, 0.24597632884979248, 0.24466317892074585, 0.24427412450313568, 0.24762040376663208, 0.24477988481521606, 0.2441541999578476, 0.24430568516254425, 0.2486071139574051, 0.24513164162635803, 0.2442326694726944, 0.24809272587299347, 0.24496988952159882, 0.2440304011106491, 0.24834685027599335, 0.24604631960391998, 0.24361301958560944, 0.2442353367805481, 0.24786323308944702, 0.24593323469161987, 0.2435634583234787, 0.24396808445453644, 0.24673396348953247, 0.2431776076555252, 0.24322348833084106, 0.24306820333003998, 0.24430175125598907, 0.2437422126531601, 0.2422255575656891, 0.2432853877544403, 0.25225672125816345, 0.24309751391410828, 0.24517375230789185, 0.2434748113155365, 0.24297045171260834, 0.2423201948404312, 0.24757958948612213, 0.24230296909809113, 0.24987727403640747, 0.24213314056396484, 0.2435741424560547, 0.24331550300121307, 0.24210093915462494, 0.2426801472902298, 0.2420509308576584, 0.24315854907035828, 0.24191370606422424, 0.24204133450984955, 0.2421596348285675, 0.24418941140174866, 0.24193166196346283, 0.2420205920934677, 0.24570757150650024, 0.24228470027446747, 0.24395692348480225, 0.24208417534828186, 0.24445806443691254, 0.24286141991615295, 0.24434949457645416, 0.2411889135837555, 0.2408028244972229, 0.2439567893743515, 0.24235175549983978, 0.24099552631378174, 0.24145956337451935, 0.2433798760175705, 0.24132971465587616, 0.24042056500911713, 0.24108654260635376, 0.2445731908082962, 0.24047274887561798, 0.24867533147335052, 0.2423671931028366, 0.24058926105499268, 0.25362005829811096, 0.24163959920406342, 0.24025045335292816, 0.24377307295799255, 0.24124903976917267, 0.2441580444574356, 0.24057897925376892, 0.23958417773246765, 0.24145881831645966, 0.2411354035139084, 0.23999717831611633, 0.23876307904720306, 0.2432585209608078, 0.24361370503902435, 0.2544178068637848, 0.23967771232128143, 0.23959502577781677, 0.2388860285282135, 0.23889732360839844, 0.24379850924015045, 0.23987823724746704, 0.23956339061260223, 0.24362239241600037, 0.23905104398727417, 0.240528866648674, 0.24102742969989777, 0.23896421492099762, 0.2399463802576065, 0.23833626508712769, 0.238424152135849, 0.23974727094173431, 0.24123838543891907, 0.2444043755531311, 0.24069969356060028, 0.23853464424610138, 0.2441263198852539, 0.24116235971450806, 0.2375526875257492, 0.2394171506166458, 0.24313001334667206, 0.23839996755123138, 0.23841682076454163, 0.23777689039707184, 0.23761528730392456, 0.24246616661548615, 0.23908083140850067, 0.2411319762468338, 0.24308499693870544, 0.2423236072063446, 0.23743242025375366, 0.23763063549995422, 0.24021796882152557, 0.23714697360992432, 0.23699994385242462, 0.2403089553117752, 0.23944438993930817, 0.23933227360248566, 0.23822081089019775, 0.23650100827217102, 0.23701851069927216, 0.2416488081216812, 0.23861919343471527, 0.23758859932422638, 0.23816382884979248, 0.2393900752067566, 0.24095438420772552, 0.23651838302612305, 0.23808947205543518, 0.23732633888721466, 0.24077676236629486, 0.2373911738395691, 0.2375008910894394, 0.23636455833911896, 0.23816926777362823, 0.2385879009962082, 0.23717163503170013, 0.23923128843307495, 0.2432805299758911, 0.23553073406219482, 0.23662878572940826, 0.23580807447433472, 0.23644694685935974, 0.2377345860004425, 0.24630767107009888, 0.238048255443573, 0.2355254739522934, 0.23696357011795044, 0.23558364808559418, 0.23932571709156036, 0.23501203954219818, 0.23635391891002655, 0.23829413950443268, 0.2422035187482834, 0.23508311808109283, 0.2364305853843689, 0.24048776924610138, 0.2374415546655655, 0.23462148010730743, 0.23612678050994873, 0.23472675681114197, 0.23793821036815643, 0.23563407361507416, 0.23808954656124115, 0.23802891373634338, 0.237564817070961, 0.2366921305656433, 0.23578283190727234, 0.23842062056064606, 0.23391178250312805, 0.23489347100257874, 0.23554298281669617, 0.23469264805316925, 0.23478487133979797, 0.2353777289390564, 0.2347552329301834, 0.23536674678325653, 0.23610644042491913, 0.23435136675834656, 0.23496444523334503, 0.2340051680803299, 0.2361895740032196, 0.23571695387363434]",7.0,"[33.0, 33.0, 33.0, 33.0, 33.0, 33.0, 33.0, 33.0, 33.0, 33.0, 33.0, 33.0, 32.0, 32.0, 32.0, 32.0, 32.0, 30.0, 29.0, 28.0, 27.0, 25.0, 25.0, 24.0, 22.0, 22.0, 22.0, 18.0, 16.0, 15.0, 15.0, 15.0, 14.0, 13.0, 13.0, 13.0, 12.0, 12.0, 12.0, 12.0, 12.0, 12.0, 12.0, 12.0, 12.0, 12.0, 12.0, 12.0, 12.0, 12.0, 12.0, 12.0, 12.0, 12.0, 12.0, 12.0, 12.0, 12.0, 12.0, 12.0, 12.0, 12.0, 12.0, 12.0, 12.0, 12.0, 12.0, 12.0, 12.0, 12.0, 12.0, 12.0, 12.0, 12.0, 12.0, 12.0, 12.0, 12.0, 12.0, 12.0, 12.0, 12.0, 12.0, 12.0, 12.0, 12.0, 12.0, 12.0, 12.0, 12.0, 12.0, 12.0, 11.0, 11.0, 11.0, 11.0, 11.0, 11.0, 11.0, 11.0, 10.0, 9.0, 9.0, 9.0, 9.0, 8.0, 7.0, 7.0, 7.0, 7.0, 7.0, 7.0, 7.0, 7.0, 7.0, 7.0, 7.0, 7.0, 7.0, 7.0, 7.0, 7.0, 7.0, 7.0, 7.0, 7.0, 7.0, 7.0, 7.0, 7.0, 7.0, 7.0, 7.0, 7.0, 7.0, 7.0, 7.0, 7.0, 7.0, 7.0, 7.0, 7.0, 7.0, 7.0, 7.0, 7.0, 7.0, 7.0, 7.0, 7.0, 7.0, 7.0, 7.0, 7.0, 7.0, 7.0, 7.0, 7.0, 7.0, 7.0, 7.0, 7.0, 7.0, 7.0, 7.0, 7.0, 7.0, 7.0, 7.0, 7.0, 7.0, 7.0, 7.0, 7.0, 7.0, 7.0, 7.0, 7.0, 7.0, 7.0, 7.0, 7.0, 7.0, 7.0, 7.0, 7.0, 7.0, 7.0, 7.0, 7.0, 7.0, 7.0, 7.0, 7.0, 7.0, 7.0, 7.0, 7.0, 7.0, 7.0, 7.0, 7.0, 7.0, 7.0, 7.0, 7.0, 7.0, 7.0, 7.0, 7.0, 7.0, 7.0, 7.0, 7.0, 7.0, 7.0, 7.0, 7.0, 7.0, 7.0, 7.0, 7.0, 7.0, 7.0, 7.0, 7.0, 7.0, 7.0, 7.0, 7.0, 7.0, 7.0, 7.0, 7.0, 7.0, 7.0, 7.0, 7.0, 7.0, 7.0, 7.0, 7.0, 7.0, 7.0, 7.0, 7.0, 7.0, 7.0, 7.0, 7.0, 7.0, 7.0, 7.0, 7.0, 7.0, 7.0, 7.0, 7.0, 7.0, 7.0, 7.0, 7.0, 7.0, 7.0, 7.0, 7.0, 7.0, 7.0, 7.0, 7.0, 7.0, 7.0, 7.0, 7.0, 7.0, 7.0, 7.0, 7.0, 7.0, 7.0, 7.0, 7.0, 7.0, 7.0, 7.0, 7.0, 7.0, 7.0, 7.0, 7.0, 7.0, 7.0, 7.0, 7.0, 7.0, 7.0, 7.0, 7.0, 7.0, 7.0, 7.0, 7.0, 7.0, 7.0, 7.0, 7.0, 7.0, 7.0, 7.0, 7.0, 7.0, 7.0, 7.0, 7.0, 7.0, 7.0, 7.0, 7.0, 7.0, 7.0, 7.0, 7.0, 7.0, 7.0, 7.0, 7.0, 7.0, 7.0, 7.0, 7.0, 7.0, 7.0, 7.0, 7.0, 7.0, 7.0, 7.0, 7.0, 7.0, 7.0, 7.0, 7.0, 7.0, 7.0, 7.0, 7.0, 7.0, 7.0, 7.0, 7.0, 7.0, 7.0, 7.0, 7.0, 7.0, 7.0, 7.0, 7.0, 7.0, 7.0, 7.0, 7.0, 7.0, 7.0, 7.0, 7.0, 7.0, 7.0, 7.0, 7.0, 7.0, 7.0, 7.0, 7.0, 7.0, 7.0, 7.0, 7.0, 7.0, 7.0, 7.