,number,value,datetime_start,datetime_complete,duration,params_batch_size_scaler,params_constant_learning_rate,params_depth,params_epochs,params_kernel_l2,params_num_trees,params_temperature,user_attrs_accuracy_test,user_attrs_accuracy_valid,user_attrs_approximate_feature_sparsity,user_attrs_approximate_feature_sparsity_history,user_attrs_approximate_weight_sparsity,user_attrs_approximate_weight_sparsity_history,user_attrs_auc_test,user_attrs_auc_valid,user_attrs_feature_sparsity,user_attrs_feature_sparsity_history,user_attrs_num_epochs,user_attrs_val_loss_history,user_attrs_weight_sparsity,user_attrs_weight_sparsity_history,state
4,4,0.9292293027270034,2024-08-31 00:39:29.063873,2024-08-31 00:41:32.725402,0 days 00:02:03.661529,16,0.23838500496284584,3,455,0.0034782024575460125,72,0.01672463385548366,0.943,0.945,33,"[33, 33, 33, 33, 33, 33, 33, 33, 33, 33, 33, 33, 33, 33, 33, 33, 33, 33, 33, 33, 33, 33, 33, 33, 33, 33, 33, 33, 33, 33, 33, 33, 33, 33, 33, 33, 33, 33, 33, 33, 33, 33, 33, 33, 33, 33, 33, 33, 33, 33, 33, 33, 33, 33, 33, 33, 33, 33, 33, 33, 33, 33, 33, 33, 33, 33, 33, 33, 33, 33, 33, 33, 33, 33, 33, 33, 33, 33, 33, 33, 33, 33, 33, 33, 33, 33, 33, 33, 33, 33, 33, 33, 33, 33, 33, 33, 33, 33, 33, 33, 33, 33, 33, 33, 33, 33, 33, 33, 33, 33, 33, 33, 33, 33, 33, 33, 33, 33, 33, 33, 33, 33, 33, 33, 33, 33, 33, 33, 33, 33, 33, 33, 33, 33, 33, 33, 33, 33, 33, 33, 33, 33, 33, 33, 33, 33, 33, 33, 33, 33, 33, 33, 33, 33, 33, 33, 33, 33, 33, 33, 33, 33, 33, 33, 33, 33, 33, 33, 33, 33, 33, 33, 33, 33, 33, 33, 33, 33, 33, 33, 33, 33, 33, 33, 33, 33, 33, 33, 33, 33, 33, 33, 33, 33, 33, 33, 33, 33, 33, 33, 33, 33, 33, 33, 33, 33, 33, 33, 33, 33, 33, 33, 33, 33, 33, 33, 33, 33, 33, 33, 33, 33, 33, 33, 33, 33, 33, 33, 33, 33, 33, 33, 33, 33, 33, 33, 33, 33, 33, 33, 33, 33, 33, 33, 33, 33, 33, 33, 33, 33, 33, 33, 33, 33, 33, 33, 33, 33, 33, 33, 33, 33, 33, 33, 33, 33, 33, 33, 33, 33, 33, 33, 33, 33, 33, 33, 33, 33, 33, 33, 33, 33, 33, 33, 33, 33, 33, 33, 33, 33, 33, 33, 33, 33, 33, 33, 33, 33, 33, 33, 33, 33, 33, 33, 33, 33, 33, 33, 33, 33, 33, 33, 33, 33, 33, 33, 33, 33, 33, 33, 33, 33, 33, 33, 33, 33, 33, 33, 33, 33, 33, 33, 33, 33, 33, 33, 33, 33, 33, 33, 33, 33, 33, 33, 33, 33, 33, 33, 33, 33, 33, 33, 33, 33, 33, 33, 33, 33, 33, 33, 33, 33, 33, 33, 33, 33, 33, 33, 33, 33, 33, 33, 33, 33, 33, 33, 33, 33, 33, 33, 33, 33, 33, 33, 33, 33, 33, 33, 33, 33, 33, 33, 33, 33, 33, 33, 33, 33, 33, 33, 33, 33, 33, 33, 33, 33, 33, 33, 33, 33, 33, 33, 33, 33, 33, 33, 33, 33, 33, 33, 33, 33, 33, 33, 33, 33, 33, 33, 33, 33, 33, 33, 33, 33, 33, 33, 33, 33, 33, 33, 33, 33, 33, 33, 33, 33, 33, 33, 33, 33, 33, 33, 33, 33, 33]",32.9781746031746,"[32.982142857142854, 32.9563492063492, 32.96230158730159, 32.9781746031746, 32.96626984126984, 32.96626984126984, 32.964285714285715, 32.96626984126984, 32.96626984126984, 32.98015873015873, 32.970238095238095, 32.958333333333336, 32.97420634920635, 32.96230158730159, 32.948412698412696, 32.97222222222222, 32.970238095238095, 32.970238095238095, 32.970238095238095, 32.980158730158735, 32.97222222222222, 32.96230158730159, 32.97420634920635, 32.97222222222222, 32.97619047619048, 32.970238095238095, 32.96626984126984, 32.98214285714286, 32.96626984126984, 32.97222222222222, 32.96626984126984, 32.96626984126984, 32.958333333333336, 32.96031746031746, 32.976190476190474, 32.96626984126984, 32.964285714285715, 32.96626984126984, 32.964285714285715, 32.96230158730159, 32.96031746031746, 32.98015873015873, 32.97222222222222, 32.970238095238095, 32.964285714285715, 32.97420634920635, 32.970238095238095, 32.954365079365076, 32.958333333333336, 32.97222222222222, 32.964285714285715, 32.97420634920635, 32.970238095238095, 32.95238095238095, 32.97222222222222, 32.96825396825397, 32.964285714285715, 32.96626984126984, 32.970238095238095, 32.954365079365076, 32.97420634920635, 32.98015873015873, 32.976190476190474, 32.96825396825397, 32.96626984126984, 32.97420634920635, 32.970238095238095, 32.98015873015873, 32.98214285714286, 32.97222222222222, 32.976190476190474, 32.9781746031746, 32.9781746031746, 32.98214285714286, 32.98412698412699, 32.980158730158735, 32.96626984126984, 32.970238095238095, 32.96825396825397, 32.964285714285715, 32.95436507936508, 32.96626984126984, 32.96230158730159, 32.964285714285715, 32.96031746031746, 32.964285714285715, 32.96825396825397, 32.96626984126984, 32.97222222222222, 32.96825396825397, 32.97222222222222, 32.96031746031746, 32.95238095238095, 32.95039682539682, 32.96230158730159, 32.96626984126984, 32.9563492063492, 32.976190476190474, 32.976190476190474, 32.97420634920635, 32.97222222222222, 32.9781746031746, 32.970238095238095, 32.958333333333336, 32.96031746031746, 32.96626984126984, 32.97420634920635, 32.96230158730159, 32.96230158730159, 32.96230158730159, 32.95634920634921, 32.96031746031746, 32.96230158730158, 32.970238095238095, 32.97222222222222, 32.970238095238095, 32.976190476190474, 32.980158730158735, 32.976190476190474, 32.96825396825397, 32.970238095238095, 32.96626984126984, 32.96230158730159, 32.97222222222222, 32.96626984126984, 32.97420634920635, 32.97222222222222, 32.97420634920635, 32.976190476190474, 32.97420634920635, 32.97222222222222, 32.970238095238095, 32.96626984126984, 32.96626984126984, 32.964285714285715, 32.970238095238095, 32.970238095238095, 32.964285714285715, 32.970238095238095, 32.976190476190474, 32.96825396825397, 32.964285714285715, 32.97222222222222, 32.95833333333333, 32.96626984126984, 32.970238095238095, 32.96626984126984, 32.96626984126984, 32.96230158730159, 32.964285714285715, 32.96230158730159, 32.97222222222222, 32.958333333333336, 32.97420634920635, 32.96626984126984, 32.97420634920635, 32.96825396825397, 32.970238095238095, 32.970238095238095, 32.964285714285715, 32.96626984126984, 32.958333333333336, 32.96825396825397, 32.97222222222222, 32.96825396825397, 32.96626984126984, 32.958333333333336, 32.96230158730159, 32.964285714285715, 32.95238095238095, 32.952380952380956, 32.95436507936508, 32.95436507936508, 32.954365079365076, 32.958333333333336, 32.964285714285715, 32.95238095238095, 32.93849206349206, 32.954365079365076, 32.964285714285715, 32.96825396825397, 32.96825396825397, 32.960317460317455, 32.96428571428571, 32.95833333333333, 32.96230158730159, 32.96031746031746, 32.95634920634921, 32.96230158730159, 32.964285714285715, 32.96825396825397, 32.96626984126984, 32.964285714285715, 32.97222222222222, 32.970238095238095, 32.976190476190474, 32.96825396825397, 32.97420634920635, 32.970238095238095, 32.97222222222222, 32.958333333333336, 32.96825396825397, 32.970238095238095, 32.97420634920635, 32.976190476190474, 32.976190476190474, 32.96626984126984, 32.96825396825397, 32.96626984126984, 32.96031746031746, 32.95436507936508, 32.95634920634921, 32.964285714285715, 32.976190476190474, 32.96825396825397, 32.95833333333333, 32.97222222222222, 32.970238095238095, 32.970238095238095, 32.9781746031746, 32.970238095238095, 32.9781746031746, 32.9781746031746, 32.9781746031746, 32.98214285714286, 32.97222222222222, 32.96626984126984, 32.96626984126984, 32.970238095238095, 32.970238095238095, 32.970238095238095, 32.9781746031746, 32.970238095238095, 32.96825396825397, 32.964285714285715, 32.96230158730159, 32.97222222222222, 32.96626984126984, 32.970238095238095, 32.964285714285715, 32.96626984126984, 32.97222222222222, 32.96825396825397, 32.970238095238095, 32.96626984126984, 32.95634920634921, 32.97420634920635, 32.96626984126984, 32.976190476190474, 32.97222222222222, 32.96825396825397, 32.97420634920635, 32.97222222222222, 32.976190476190474, 32.964285714285715, 32.970238095238095, 32.96031746031746, 32.96626984126984, 32.948412698412696, 32.96230158730159, 32.96626984126984, 32.95634920634921, 32.96230158730159, 32.96626984126984, 32.96626984126984, 32.964285714285715, 32.96230158730159, 32.96626984126984, 32.97222222222222, 32.96230158730159, 32.96230158730159, 32.96825396825397, 32.97420634920635, 32.97420634920635, 32.97222222222222, 32.964285714285715, 32.96626984126984, 32.96626984126984, 32.970238095238095, 32.96626984126984, 32.958333333333336, 32.97420634920635, 32.97420634920635, 32.96626984126984, 32.97420634920635, 32.97420634920635, 32.97222222222222, 32.970238095238095, 32.97420634920635, 32.97222222222222, 32.96626984126984, 32.96825396825397, 32.95833333333333, 32.97420634920635, 32.97420634920635, 32.98412698412699, 32.98412698412699, 32.980158730158735, 32.964285714285715, 32.970238095238095, 32.970238095238095, 32.970238095238095, 32.97420634920635, 32.97420634920635, 32.96825396825397, 32.970238095238095, 32.96825396825397, 32.970238095238095, 32.96230158730159, 32.958333333333336, 32.97222222222222, 32.97222222222222, 32.970238095238095, 32.97420634920635, 32.96825396825397, 32.96626984126984, 32.97222222222222, 32.97222222222222, 32.976190476190474, 32.9781746031746, 32.9781746031746, 32.96626984126984, 32.958333333333336, 32.97222222222222, 32.97222222222222, 32.982142857142854, 32.97420634920635, 32.970238095238095, 32.97817460317461, 32.97222222222222, 32.97420634920635, 32.964285714285715, 32.96031746031746, 32.96230158730159, 32.95436507936508, 32.95634920634921, 32.958333333333336, 32.96825396825397, 32.964285714285715, 32.964285714285715, 32.952380952380956, 32.958333333333336, 32.97222222222222, 32.970238095238095, 32.95436507936508, 32.95039682539682, 32.95634920634921, 32.96626984126984, 32.96031746031746, 32.97222222222222, 32.970238095238095, 32.96626984126984, 32.96626984126984, 32.96230158730159, 32.97222222222222, 32.97420634920635, 32.96230158730159, 32.96031746031746, 32.964285714285715, 32.96825396825397, 32.964285714285715, 32.97420634920635, 32.97222222222222, 32.97222222222222, 32.97222222222222, 32.96825396825397, 32.96626984126984, 32.96626984126984, 32.964285714285715, 32.96825396825397, 32.980158730158735, 32.97420634920635, 32.98214285714286, 32.97222222222222, 32.982142857142854, 32.9781746031746, 32.964285714285715, 32.97222222222222, 32.97222222222222, 32.970238095238095, 32.97222222222222, 32.96825396825397, 32.97222222222222, 32.97420634920635, 32.970238095238095, 32.970238095238095, 32.97420634920635, 32.97420634920635, 32.98015873015873, 32.982142857142854, 32.97420634920635, 32.97222222222222, 32.98412698412699, 32.970238095238095, 32.97420634920635, 32.98214285714286, 32.98015873015873, 32.982142857142854, 32.98809523809524, 32.9781746031746, 32.96825396825397, 32.96825396825397, 32.9781746031746, 32.9781746031746, 32.98015873015873, 32.976190476190474, 32.986111111111114, 32.9781746031746, 32.98015873015873, 32.9781746031746, 32.98015873015873, 32.98809523809524, 32.98214285714286, 32.98412698412698, 32.9781746031746, 32.982142857142854, 32.9781746031746, 32.98015873015873, 32.982142857142854, 32.97222222222222, 32.96825396825397, 32.958333333333336, 32.970238095238095, 32.9781746031746, 32.98015873015873, 32.970238095238095, 32.98015873015873, 32.9781746031746, 32.98809523809524, 32.9781746031746, 32.970238095238095, 32.96825396825397, 32.970238095238095, 32.9781746031746, 32.96230158730159, 32.97222222222222, 32.970238095238095, 32.97222222222222, 32.97222222222222, 32.97420634920635, 32.97222222222222, 32.970238095238095, 32.970238095238095, 32.976190476190474, 32.9781746031746, 32.97420634920635, 32.9781746031746, 32.970238095238095, 32.96825396825397, 32.96825396825397, 32.976190476190474, 32.98015873015873, 32.976190476190474, 32.9781746031746, 32.9781746031746]",0.912135998480833,0.9292293027270034,33,"[33, 33, 33, 33, 33, 33, 33, 33, 33, 33, 33, 33, 33, 33, 33, 33, 33, 33, 33, 33, 33, 33, 33, 33, 33, 33, 33, 33, 33, 33, 33, 33, 33, 33, 33, 33, 33, 33, 33, 33, 33, 33, 33, 33, 33, 33, 33, 33, 33, 33, 33, 33, 33, 33, 33, 33, 33, 33, 33, 33, 33, 33, 33, 33, 33, 33, 33, 33, 33, 33, 33, 33, 33, 33, 33, 33, 33, 33, 33, 33, 33, 33, 33, 33, 33, 33, 33, 33, 33, 33, 33, 33, 33, 33, 33, 33, 33, 33, 33, 33, 33, 33, 33, 33, 33, 33, 33, 33, 33, 33, 33, 33, 33, 33, 33, 33, 33, 33, 33, 33, 33, 33, 33, 33, 33, 33, 33, 33, 33, 33, 33, 33, 33, 33, 33, 33, 33, 33, 33, 33, 33, 33, 33, 33, 33, 33, 33, 33, 33, 33, 33, 33, 33, 33, 33, 33, 33, 33, 33, 33, 33, 33, 33, 33, 33, 33, 33, 33, 33, 33, 33, 33, 33, 33, 33, 33, 33, 33, 33, 33, 33, 33, 33, 33, 33, 33, 33, 33, 33, 33, 33, 33, 33, 33, 33, 33, 33, 33, 33, 33, 33, 33, 33, 33, 33, 33, 33, 33, 33, 33, 33, 33, 33, 33, 33, 33, 33, 33, 33, 33, 33, 33, 33, 33, 33, 33, 33, 33, 33, 33, 33, 33, 33, 33, 33, 33, 33, 33, 33, 33, 33, 33, 33, 33, 33, 33, 33, 33, 33, 33, 33, 33, 33, 33, 33, 33, 33, 33, 33, 33, 33, 33, 33, 33, 33, 33, 33, 33, 33, 33, 33, 33, 33, 33, 33, 33, 33, 33, 33, 33, 33, 33, 33, 33, 33, 33, 33, 33, 33, 33, 33, 33, 33, 33, 33, 33, 33, 33, 33, 33, 33, 33, 33, 33, 33, 33, 33, 33, 33, 33, 33, 33, 33, 33, 33, 33, 33, 33, 33, 33, 33, 33, 33, 33, 33, 33, 33, 33, 33, 33, 33, 33, 33, 33, 33, 33, 33, 33, 33, 33, 33, 33, 33, 33, 33, 33, 33, 33, 33, 33, 33, 33, 33, 33, 33, 33, 33, 33, 33, 33, 33, 33, 33, 33, 33, 33, 33, 33, 33, 33, 33, 33, 33, 33, 33, 33, 33, 33, 33, 33, 33, 33, 33, 33, 33, 33, 33, 33, 33, 33, 33, 33, 33, 33, 33, 33, 33, 33, 33, 33, 33, 33, 33, 33, 33, 33, 33, 33, 33, 33, 33, 33, 33, 33, 33, 33, 33, 33, 33, 33, 33, 33, 33, 33, 33, 33, 33, 33, 33, 33, 33, 33, 33, 33, 33, 33, 33, 33, 33, 33, 33, 33, 33, 33, 33, 33, 33, 33, 33, 33, 33, 33, 33, 33, 33]",455,"[0.391387403011322, 0.3835200369358063, 0.3765137493610382, 0.372935950756073, 0.37124770879745483, 0.3669750988483429, 0.367747962474823, 0.3637458384037018, 0.3619278371334076, 0.36191627383232117, 0.3586002588272095, 0.3574346899986267, 0.35533592104911804, 0.35403916239738464, 0.3531048595905304, 0.35163453221321106, 0.3549913167953491, 0.34883812069892883, 0.3488634526729584, 0.34494104981422424, 0.3432658314704895, 0.3432270288467407, 0.3417467772960663, 0.3393688499927521, 0.3379391133785248, 0.3362325429916382, 0.3353012502193451, 0.33483070135116577, 0.33267176151275635, 0.3331490755081177, 0.3308943212032318, 0.3286973237991333, 0.32716065645217896, 0.326486200094223, 0.32410699129104614, 0.3239258825778961, 0.3211008310317993, 0.3196139931678772, 0.3188115060329437, 0.3170485198497772, 0.3156575858592987, 0.31382083892822266, 0.31234219670295715, 0.3105891942977905, 0.30915430188179016, 0.3073893189430237, 0.3072596788406372, 0.30476444959640503, 0.3038638234138489, 0.3009755313396454, 0.2986791729927063, 0.2989657521247864, 0.29631802439689636, 0.29364216327667236, 0.292603462934494, 0.2904253304004669, 0.2888530492782593, 0.28708577156066895, 0.28517693281173706, 0.28362932801246643, 0.28150004148483276, 0.27985548973083496, 0.2785137891769409, 0.27727392315864563, 0.2758643329143524, 0.27513349056243896, 0.27273839712142944, 0.27192267775535583, 0.27111440896987915, 0.26823335886001587, 0.26696598529815674, 0.2667188346385956, 0.26360976696014404, 0.262244313955307, 0.2614072263240814, 0.26293498277664185, 0.25881490111351013, 0.25905168056488037, 0.25836625695228577, 0.2562630772590637, 0.25552019476890564, 0.2546325623989105, 0.2537741959095001, 0.25294408202171326, 0.2521660029888153, 0.2535824477672577, 0.24957172572612762, 0.2503992021083832, 0.24743413925170898, 0.24750934541225433, 0.24696794152259827, 0.24719887971878052, 0.24491514265537262, 0.24394510686397552, 0.24291448295116425, 0.24307818710803986, 0.2417561560869217, 0.24656440317630768, 0.24149049818515778, 0.2421826422214508, 0.24013936519622803, 0.23968830704689026, 0.23922187089920044, 0.24051468074321747, 0.2394745647907257, 0.23691436648368835, 0.23825789988040924, 0.23698849976062775, 0.23478911817073822, 0.2345486283302307, 0.23394177854061127, 0.2333756387233734, 0.2353246659040451, 0.23262083530426025, 0.23203136026859283, 0.2321164309978485, 0.23073923587799072, 0.2336553931236267, 0.22949565947055817, 0.22882097959518433, 0.22897790372371674, 0.22784839570522308, 0.22707904875278473, 0.22632066905498505, 0.226511150598526, 0.2248471975326538, 0.2247607409954071, 0.22477032244205475, 0.22451992332935333, 0.22310906648635864, 0.22261454164981842, 0.22204528748989105, 0.2213672697544098, 0.2222922444343567, 0.22113120555877686, 0.2202739268541336, 0.2196078896522522, 0.21915771067142487, 0.21847467124462128, 0.21844011545181274, 0.21913956105709076, 0.2209455668926239, 0.21773216128349304, 0.2165938913822174, 0.21594469249248505, 0.21592193841934204, 0.2188817262649536, 0.2152530699968338, 0.21505412459373474, 0.21501363813877106, 0.21302300691604614, 0.2118407040834427, 0.21194466948509216, 0.21505527198314667, 0.2125767320394516, 0.211400106549263, 0.21077579259872437, 0.210703507065773, 0.20987536013126373, 0.21106088161468506, 0.20939698815345764, 0.20855310559272766, 0.20961420238018036, 0.20906099677085876, 0.2082880437374115, 0.20747293531894684, 0.20693086087703705, 0.20825964212417603, 0.20683662593364716, 0.20837007462978363, 0.20631280541419983, 0.2060450166463852, 0.20708753168582916, 0.20466095209121704, 0.2042899876832962, 0.2058800458908081, 0.20478977262973785, 0.2043302357196808, 0.20625895261764526, 0.20432212948799133, 0.20304298400878906, 0.20252171158790588, 0.204411581158638, 0.2029992938041687, 0.203266903758049, 0.20177055895328522, 0.201912522315979, 0.20072607696056366, 0.2016885131597519, 0.20073851943016052, 0.20120777189731598, 0.20224420726299286, 0.19952064752578735, 0.2021389752626419, 0.20317794382572174, 0.19849847257137299, 0.19847285747528076, 0.19882774353027344, 0.19989463686943054, 0.20061437785625458, 0.20004220306873322, 0.20037569105625153, 0.19887346029281616, 0.19743706285953522, 0.1974555253982544, 0.19939935207366943, 0.19701814651489258, 0.1974584460258484, 0.1998617798089981, 0.19691482186317444, 0.19779333472251892, 0.1968182921409607, 0.19786611199378967, 0.19648881256580353, 0.19871850311756134, 0.19778572022914886, 0.19765977561473846, 0.19563470780849457, 0.1959351897239685, 0.19546979665756226, 0.19568036496639252, 0.19406479597091675, 0.19509926438331604, 0.19537273049354553, 0.19470730423927307, 0.19587354362010956, 0.19592171907424927, 0.196336567401886, 0.19574110209941864, 0.19568267464637756, 0.19388467073440552, 0.19382157921791077, 0.1932082325220108, 0.1933145523071289, 0.1959594488143921, 0.19381222128868103, 0.19428305327892303, 0.1937490701675415, 0.19384261965751648, 0.19523148238658905, 0.1934479922056198, 0.19513757526874542, 0.1925429403781891, 0.1926324963569641, 0.1924954354763031, 0.19226379692554474, 0.19428902864456177, 0.19178442656993866, 0.19772005081176758, 0.1939995139837265, 0.19068390130996704, 0.19188395142555237, 0.19255508482456207, 0.19170333445072174, 0.1925187110900879, 0.19228875637054443, 0.19081659615039825, 0.19564974308013916, 0.1928843855857849, 0.19100020825862885, 0.19088667631149292, 0.19078783690929413, 0.19038963317871094, 0.18985170125961304, 0.18989574909210205, 0.1927330046892166, 0.19191139936447144, 0.19277271628379822, 0.18941840529441833, 0.19066376984119415, 0.19186028838157654, 0.19475242495536804, 0.19033971428871155, 0.19120106101036072, 0.19055436551570892, 0.1895947903394699, 0.18925948441028595, 0.19110262393951416, 0.19532133638858795, 0.190963476896286, 0.19180400669574738, 0.19003944098949432, 0.188445582985878, 0.19148555397987366, 0.18919584155082703, 0.18864706158638, 0.18972115218639374, 0.1899918168783188, 0.1900186985731125, 0.18865321576595306, 0.1912238448858261, 0.1878068596124649, 0.18795152008533478, 0.18875017762184143, 0.18756818771362305, 0.1868945062160492, 0.1880818009376526, 0.1883697509765625, 0.1937127262353897, 0.18781737983226776, 0.1866854429244995, 0.1884004771709442, 0.19273990392684937, 0.18899057805538177, 0.1904444843530655, 0.18704387545585632, 0.18668247759342194, 0.19052214920520782, 0.18973049521446228, 0.18818099796772003, 0.1892181634902954, 0.18812355399131775, 0.18920502066612244, 0.18935970962047577, 0.1886824667453766, 0.18821470439434052, 0.18583622574806213, 0.1855800747871399, 0.18790291249752045, 0.18993321061134338, 0.18852069973945618, 0.1866125464439392, 0.18615776300430298, 0.18690498173236847, 0.18731185793876648, 0.1864137053489685, 0.18630287051200867, 0.18747377395629883, 0.18835879862308502, 0.1870993971824646, 0.18613111972808838, 0.18497943878173828, 0.1861962527036667, 0.18689675629138947, 0.18612205982208252, 0.18488745391368866, 0.18655717372894287, 0.18523217737674713, 0.18657232820987701, 0.18467387557029724, 0.18564371764659882, 0.18607474863529205, 0.18532365560531616, 0.18413449823856354, 0.1845567524433136, 0.1888686716556549, 0.18519866466522217, 0.18489348888397217, 0.18499352037906647, 0.18434840440750122, 0.18300138413906097, 0.18375049531459808, 0.18454322218894958, 0.18476681411266327, 0.1835794448852539, 0.18500348925590515, 0.1895546019077301, 0.18445748090744019, 0.1852233111858368, 0.18518073856830597, 0.18476127088069916, 0.18591749668121338, 0.18650680780410767, 0.18443913757801056, 0.18703746795654297, 0.184591144323349, 0.19063800573349, 0.18799081444740295, 0.18513964116573334, 0.18554285168647766, 0.18915796279907227, 0.1846131533384323, 0.1860586404800415, 0.18355269730091095, 0.18751296401023865, 0.1827925443649292, 0.18252766132354736, 0.18311738967895508, 0.18649160861968994, 0.18284325301647186, 0.18381938338279724, 0.18500813841819763, 0.18346549570560455, 0.1872858852148056, 0.18551698327064514, 0.18266335129737854, 0.1822296679019928, 0.18194231390953064, 0.1879463642835617, 0.18212930858135223, 0.1846156120300293, 0.18486222624778748, 0.1831211894750595, 0.18220365047454834, 0.1857530176639557, 0.18161296844482422, 0.18215994536876678, 0.18468156456947327, 0.18136440217494965, 0.18222884833812714, 0.1843019276857376, 0.18150706589221954, 0.18340221047401428, 0.1814069151878357, 0.1808675229549408, 0.18229219317436218, 0.18289321660995483, 0.18282951414585114, 0.17997488379478455, 0.18050628900527954, 0.18100287020206451, 0.1814592033624649, 0.1813538670539856, 0.1843395084142685, 0.18105068802833557, 0.18395887315273285, 0.1810227930545807, 0.18049779534339905, 0.18174104392528534, 0.18151521682739258, 0.18026207387447357, 0.18250425159931183, 0.