,number,value,datetime_start,datetime_complete,duration,params_batch_size_scaler,params_constant_learning_rate,params_depth,params_epochs,params_kernel_l2,params_num_trees,params_temperature,user_attrs_accuracy_test,user_attrs_accuracy_valid,user_attrs_approximate_feature_sparsity,user_attrs_approximate_feature_sparsity_history,user_attrs_approximate_weight_sparsity,user_attrs_approximate_weight_sparsity_history,user_attrs_auc_test,user_attrs_auc_valid,user_attrs_feature_sparsity,user_attrs_feature_sparsity_history,user_attrs_num_epochs,user_attrs_val_loss_history,user_attrs_weight_sparsity,user_attrs_weight_sparsity_history,state
5,5,0.5,2024-08-31 00:41:32.747390,2024-08-31 00:42:20.191759,0 days 00:00:47.444369,16,0.1756539560378787,1,355,0.0374142281564726,1,0.012259743687467647,0.859,0.85875,0,"[1, 0, 0, 0, 0, 0, 0, 0, 0, 0, 0, 0, 0, 0, 0, 0, 0, 0, 0, 0, 0, 0, 0, 0, 0, 0, 0, 0, 0, 0, 0, 0, 0, 0, 0, 0, 0, 0, 0, 0, 0, 0, 0, 0, 0, 0, 0, 0, 0, 0, 0, 0, 0, 0, 0, 0, 0, 0, 0, 0, 0, 0, 0, 0, 0, 0, 0, 0, 0, 0, 0, 0, 0, 0, 0, 0, 0, 0, 0, 0, 0, 0, 0, 0, 0, 0, 0, 0, 0, 0, 0, 0, 0, 0, 0, 0, 0, 0, 0, 0, 0, 0, 0, 0, 0, 0, 0, 0, 0, 0, 0, 0, 0, 0, 0, 0, 0, 0, 0, 0, 0, 0, 0, 0, 0, 0, 0, 0, 0, 0, 0, 0, 0, 0, 0, 0, 0, 0, 0, 0, 0, 0, 0, 0, 0, 0, 0, 0, 0, 0, 0, 0, 0, 0, 0, 0, 0, 0, 0, 0, 0, 0, 0, 0, 0, 0, 0, 0, 0, 0, 0, 0, 0, 0, 0, 0, 0, 0, 0, 0, 0, 0, 0, 0, 0, 0, 0, 0, 0, 0, 0, 0, 0, 0, 0, 0, 0, 0, 0, 0, 0, 0, 0, 0, 0, 0, 0, 0, 0, 0, 0, 0, 0, 0, 0, 0, 0, 0, 0, 0, 0, 0, 0, 0, 0, 0, 0, 0, 0, 0, 0, 0, 0, 0, 0, 0, 0, 0, 0, 0, 0, 0, 0, 0, 0, 0, 0, 0, 0, 0, 0, 0, 0, 0, 0, 0, 0, 0, 0, 0, 0, 0, 0, 0, 0, 0, 0, 0, 0, 0, 0, 0, 0, 0, 0, 0, 0, 0, 0, 0, 0, 0, 0, 0, 0, 0, 0, 0, 0, 0, 0, 0, 0, 0, 0, 0, 0, 0, 0, 0, 0, 0, 0, 0, 0, 0, 0, 0, 0, 0, 0, 0, 0, 0, 0, 0, 0, 0, 0, 0, 0, 0, 0, 0, 0, 0, 0, 0, 0, 0, 0, 0, 0, 0, 0, 0, 0, 0, 0, 0, 0, 0, 0, 0, 0, 0, 0, 0, 0, 0, 0, 0, 0, 0, 0]",0.0,"[1.0, 0.0, 0.0, 0.0, 0.0, 0.0, 0.0, 0.0, 0.0, 0.0, 0.0, 0.0, 0.0, 0.0, 0.0, 0.0, 0.0, 0.0, 0.0, 0.0, 0.0, 0.0, 0.0, 0.0, 0.0, 0.0, 0.0, 0.0, 0.0, 0.0, 0.0, 0.0, 0.0, 0.0, 0.0, 0.0, 0.0, 0.0, 0.0, 0.0, 0.0, 0.0, 0.0, 0.0, 0.0, 0.0, 0.0, 0.0, 0.0, 0.0, 0.0, 0.0, 0.0, 0.0, 0.0, 0.0, 0.0, 0.0, 0.0, 0.0, 0.0, 0.0, 0.0, 0.0, 0.0, 0.0, 0.0, 0.0, 0.0, 0.0, 0.0, 0.0, 0.0, 0.0, 0.0, 0.0, 0.0, 0.0, 0.0, 0.0, 0.0, 0.0, 0.0, 0.0, 0.0, 0.0, 0.0, 0.0, 0.0, 0.0, 0.0, 0.0, 0.0, 0.0, 0.0, 0.0, 0.0, 0.0, 0.0, 0.0, 0.0, 0.0, 0.0, 0.0, 0.0, 0.0, 0.0, 0.0, 0.0, 0.0, 0.0, 0.0, 0.0, 0.0, 0.0, 0.0, 0.0, 0.0, 0.0, 0.0, 0.0, 0.0, 0.0, 0.0, 0.0, 0.0, 0.0, 0.0, 0.0, 0.0, 0.0, 0.0, 0.0, 0.0, 0.0, 0.0, 0.0, 0.0, 0.0, 0.0, 0.0, 0.0, 0.0, 0.0, 0.0, 0.0, 0.0, 0.0, 0.0, 0.0, 0.0, 0.0, 0.0, 0.0, 0.0, 0.0, 0.0, 0.0, 0.0, 0.0, 0.0, 0.0, 0.0, 0.0, 0.0, 0.0, 0.0, 0.0, 0.0, 0.0, 0.0, 0.0, 0.0, 0.0, 0.0, 0.0, 0.0, 0.0, 0.0, 0.0, 0.0, 0.0, 0.0, 0.0, 0.0, 0.0, 0.0, 0.0, 0.0, 0.0, 0.0, 0.0, 0.0, 0.0, 0.0, 0.0, 0.0, 0.0, 0.0, 0.0, 0.0, 0.0, 0.0, 0.0, 0.0, 0.0, 0.0, 0.0, 0.0, 0.0, 0.0, 0.0, 0.0, 0.0, 0.0, 0.0, 0.0, 0.0, 0.0, 0.0, 0.0, 0.0, 0.0, 0.0, 0.0, 0.0, 0.0, 0.0, 0.0, 0.0, 0.0, 0.0, 0.0, 0.0, 0.0, 0.0, 0.0, 0.0, 0.0, 0.0, 0.0, 0.0, 0.0, 0.0, 0.0, 0.0, 0.0, 0.0, 0.0, 0.0, 0.0, 0.0, 0.0, 0.0, 0.0, 0.0, 0.0, 0.0, 0.0, 0.0, 0.0, 0.0, 0.0, 0.0, 0.0, 0.0, 0.0, 0.0, 0.0, 0.0, 0.0, 0.0, 0.0, 0.0, 0.0, 0.0, 0.0, 0.0, 0.0, 0.0, 0.0, 0.0, 0.0, 0.0, 0.0, 0.0, 0.0, 0.0, 0.0, 0.0, 0.0, 0.0, 0.0, 0.0, 0.0, 0.0, 0.0, 0.0, 0.0, 0.0, 0.0, 0.0, 0.0, 0.0, 0.0, 0.0, 0.0, 0.0, 0.0, 0.0, 0.0, 0.0, 0.0, 0.0, 0.0, 0.0, 0.0, 0.0, 0.0, 0.0, 0.0, 0.0, 0.0, 0.0, 0.0, 0.0, 0.0, 0.0, 0.0, 0.0, 0.0, 0.0, 0.0, 0.0, 0.0, 0.0, 0.0, 0.0, 0.0, 0.0, 0.0, 0.0, 0.0, 0.0, 0.0, 0.0, 0.0, 0.0, 0.0, 0.0, 0.0, 0.0, 0.0, 0.0, 0.0]",0.5,0.5,0,"[1, 0, 0, 0, 0, 0, 0, 0, 0, 0, 0, 0, 0, 0, 0, 0, 0, 0, 0, 0, 0, 0, 0, 0, 0, 0, 0, 0, 0, 0, 0, 0, 0, 0, 0, 0, 0, 0, 0, 0, 0, 0, 0, 0, 0, 0, 0, 0, 0, 0, 0, 0, 0, 0, 0, 0, 0, 0, 0, 0, 0, 0, 0, 0, 0, 0, 0, 0, 0, 0, 0, 0, 0, 0, 0, 0, 0, 0, 0, 0, 0, 0, 0, 0, 0, 0, 0, 0, 0, 0, 0, 0, 0, 0, 0, 0, 0, 0, 0, 0, 0, 0, 0, 0, 0, 0, 0, 0, 0, 0, 0, 0, 0, 0, 0, 0, 0, 0, 0, 0, 0, 0, 0, 0, 0, 0, 0, 0, 0, 0, 0, 0, 0, 0, 0, 0, 0, 0, 0, 0, 0, 0, 0, 0, 0, 0, 0, 0, 0, 0, 0, 0, 0, 0, 0, 0, 0, 0, 0, 0, 0, 0, 0, 0, 0, 0, 0, 0, 0, 0, 0, 0, 0, 0, 0, 0, 0, 0, 0, 0, 0, 0, 0, 0, 0, 0, 0, 0, 0, 0, 0, 0, 0, 0, 0, 0, 0, 0, 0, 0, 0, 0, 0, 0, 0, 0, 0, 0, 0, 0, 0, 0, 0, 0, 0, 0, 0, 0, 0, 0, 0, 0, 0, 0, 0, 0, 0, 0, 0, 0, 0, 0, 0, 0, 0, 0, 0, 0, 0, 0, 0, 0, 0, 0, 0, 0, 0, 0, 0, 0, 0, 0, 0, 0, 0, 0, 0, 0, 0, 0, 0, 0, 0, 0, 0, 0, 0, 0, 0, 0, 0, 0, 0, 0, 0, 0, 0, 0, 0, 0, 0, 0, 0, 0, 0, 0, 0, 0, 0, 0, 0, 0, 0, 0, 0, 0, 0, 0, 0, 0, 0, 0, 0, 0, 0, 0, 0, 0, 0, 0, 0, 0, 0, 0, 0, 0, 0, 0, 0, 0, 0, 0, 0, 0, 0, 0, 0, 0, 0, 0, 0, 0, 0, 0, 0, 0, 0, 0, 0, 0, 0, 0, 0, 0, 0, 0, 0, 0, 0, 0, 0, 0, 0, 0, 0]",355,"[0.597924530506134, 0.479659765958786, 0.4322623312473297, 0.41701996326446533, 0.41126659512519836, 0.4089406132698059, 0.4079812169075012, 0.4074862003326416, 0.4073247015476227, 0.4072814881801605, 0.40727564692497253, 0.4072367548942566, 0.40722906589508057, 0.40722617506980896, 0.4072275459766388, 0.40722787380218506, 0.4072261452674866, 0.40722692012786865, 0.40722954273223877, 0.40723228454589844, 0.40722647309303284, 0.4072275459766388, 0.40722838044166565, 0.4072263836860657, 0.40722617506980896, 0.4072268307209015, 0.40722647309303284, 0.4072262942790985, 0.4072380065917969, 0.4072539508342743, 0.407238245010376, 0.40724116563796997, 0.40722739696502686, 0.40723559260368347, 0.40723228454589844, 0.4072304666042328, 0.4072261452674866, 0.40722939372062683, 0.40723198652267456, 0.40723299980163574, 0.40723365545272827, 0.40722787380218506, 0.40722671151161194, 0.40722641348838806, 0.40722620487213135, 0.40722692012786865, 0.40722617506980896, 0.4072261154651642, 0.4072302579879761, 0.40722641348838806, 0.4072287380695343, 0.40722620487213135, 0.4072319269180298, 0.4072321355342865, 0.4072287380695343, 0.4072316288948059, 0.4072263240814209, 0.40722793340682983, 0.4072350263595581, 0.4072348475456238, 0.40724536776542664, 0.40722984075546265, 0.4072268009185791, 0.4072279632091522, 0.40722858905792236, 0.40722742676734924, 0.4072263240814209, 0.4072263836860657, 0.40722644329071045, 0.4072273373603821, 0.40722647309303284, 0.4072260558605194, 0.40722957253456116, 0.4072321355342865, 0.40723350644111633, 0.4072263836860657, 0.4072280824184418, 0.4072283208370209, 0.4072358012199402, 0.4072380065917969, 0.4072265326976776, 0.4072275161743164, 0.40722617506980896, 0.40722760558128357, 0.40722912549972534, 0.4072330594062805, 0.4072282910346985, 0.4072277545928955, 0.40722644329071045, 0.40722712874412537, 0.4072263836860657, 0.4072304666042328, 0.4072262644767761, 0.4072260558605194, 0.40722617506980896, 0.40722957253456116, 0.40723279118537903, 0.40722954273223877, 0.4072309732437134, 0.40722620487213135, 0.4072268605232239, 0.40722671151161194, 0.40722861886024475, 0.40722912549972534, 0.4072263836860657, 0.4072282016277313, 0.40722641348838806, 0.40722736716270447, 0.4072263240814209, 0.4072261452674866, 0.40722692012786865, 0.40722811222076416, 0.4072262942790985, 0.40722858905792236, 0.4072333872318268, 0.4072270095348358, 0.4072284996509552, 0.40722620487213135, 0.4072261154651642, 0.40722671151161194, 0.40723028779029846, 0.407228022813797, 0.40722742676734924, 0.40722617506980896, 0.40722665190696716, 0.4072287380695343, 0.4072282314300537, 0.4072267413139343, 0.40722620487213135, 0.4072262644767761, 0.40722617506980896, 0.4072275459766388, 0.407227486371994, 0.4072261452674866, 0.4072282314300537, 0.4072277843952179, 0.40722742676734924, 0.4072338938713074, 0.4072399139404297, 0.4072268307209015, 0.4072282016277313, 0.40722721815109253, 0.4072312116622925, 0.4072263240814209, 0.4072262644767761, 0.4072260558605194, 0.4072265625, 0.4072262644767761, 0.4072287082672119, 0.40722620487213135, 0.4072309732437134, 0.4072483479976654, 0.4072340130805969, 0.40722617506980896, 0.4072303771972656, 0.40723028779029846, 0.40722617506980896, 0.4072307348251343, 0.40722858905792236, 0.40722933411598206, 0.4072265923023224, 0.4072287678718567, 0.40722858905792236, 0.40722647309303284, 0.4072265923023224, 0.40722817182540894, 0.4072268605232239, 0.4072359800338745, 0.4072268009185791, 0.40723130106925964, 0.40722647309303284, 0.4072275459766388, 0.4072316288948059, 0.4072325527667999, 0.4072383940219879, 0.4072520434856415, 0.4072416424751282, 0.4072284698486328, 0.4072272479534149, 0.4072265625, 0.4072265625, 0.4072261452674866, 0.4072270095348358, 0.4072263836860657, 0.40723147988319397, 0.40723681449890137, 0.40722668170928955, 0.4072260558605194, 0.4072272479534149, 0.40724125504493713, 0.4072290360927582, 0.40724077820777893, 0.4072321355342865, 0.4072337746620178, 0.40722742676734924, 0.40722620487213135, 0.40722647309303284, 0.40723055601119995, 0.40722647309303284, 0.40722957253456116, 0.4072272479534149, 0.40722644329071045, 0.40722838044166565, 0.4072269797325134, 0.4072296917438507, 0.4072263836860657, 0.407228022813797, 0.4072265326976776, 0.4072282910346985, 0.40722769498825073, 0.40722835063934326, 0.4072311818599701, 0.40723010897636414, 0.407227486371994, 0.4072303771972656, 0.40723511576652527, 0.4072294235229492, 0.40722957253456116, 0.4072318971157074, 0.40722742676734924, 0.4072476923465729, 0.4072543978691101, 0.4072473645210266, 0.4072416424751282, 0.40723419189453125, 0.40723666548728943, 0.4072287082672119, 0.4072291851043701, 0.40723156929016113, 0.4072297215461731, 0.4072265625, 0.40723490715026855, 0.407227486371994, 0.40722811222076416, 0.40722787380218506, 0.4072261452674866, 0.4072262644767761, 0.4072336256504059, 0.40723422169685364, 0.40722766518592834, 0.4072282016277313, 0.4072292745113373, 0.40722978115081787, 0.40722978115081787, 0.4072297215461731, 0.407228022813797, 0.40722671151161194, 0.40722954273223877, 0.407238245010376, 0.4072328507900238, 0.40722858905792236, 0.40723007917404175, 0.4072263240814209, 0.4072261452674866, 0.40722793340682983, 0.4072265625, 0.40723514556884766, 0.4072367548942566, 0.4072261452674866, 0.40722617506980896, 0.4072277843952179, 0.4072270691394806, 0.4072265923023224, 0.40722939372062683, 0.40724608302116394, 0.4072401523590088, 0.40723133087158203, 0.40723666548728943, 0.40723171830177307, 0.40722954273223877, 0.40723103284835815, 0.4072362184524536, 0.40723171830177307, 0.40722861886024475, 0.4072263240814209, 0.40722712874412537, 0.4072275459766388, 0.40722671151161194, 0.407230943441391, 0.4072295129299164, 0.40723156929016113, 0.40722915530204773, 0.4072265326976776, 0.40722617506980896, 0.4072268307209015, 0.4072261452674866, 0.40722987055778503, 0.4072311818599701, 0.40722763538360596, 0.40723052620887756, 0.40722954273223877, 0.40723294019699097, 0.4072299599647522, 0.4072262644767761, 0.4072262942790985, 0.4072262644767761, 0.40722712874412537, 0.40722617506980896, 0.4072268605232239, 0.4072261452674866, 0.4072261452674866, 0.40723472833633423, 0.4072379767894745, 0.4072340428829193, 0.4072304666042328, 0.4072374999523163, 0.4072413146495819, 0.4072262644767761, 0.40722647309303284, 0.4072262644767761, 0.4072265326976776, 0.40722620487213135, 0.4072268605232239, 0.4072263836860657, 0.40722891688346863, 0.4072272479534149, 0.4072265923023224, 0.4072263240814209, 0.4072284698486328, 0.4072261452674866, 0.4072265326976776, 0.4072268307209015, 0.4072269797325134, 0.4072331488132477, 0.40723204612731934, 0.40723133087158203, 0.40722912549972534, 0.4072272479534149, 0.40722617506980896, 0.4072299599647522, 0.4072268307209015, 0.40722617506980896, 0.4072262644767761, 0.4072268307209015, 0.40723034739494324, 0.40722617506980896, 0.4072262644767761, 0.4072262644767761, 0.40722620487213135, 0.4072262644767761, 0.40722891688346863, 0.40722692012786865, 0.40722620487213135, 0.40722888708114624, 0.4072340428829193, 0.4072299897670746, 0.4072292447090149, 0.4072283208370209, 0.40723541378974915, 0.40723150968551636, 0.40724506974220276, 0.40722861886024475, 0.40723133087158203, 0.4072261452674866, 0.4072265923023224]",0.0,"[1.0, 0.0, 0.0, 0.0, 0.0, 0.0, 0.0, 0.0, 0.0, 0.0, 0.0, 0.0, 0.0, 0.0, 0.0, 0.0, 0.0, 0.0, 0.0, 0.0, 0.0, 0.0, 0.0, 0.0, 0.0, 0.0, 0.0, 0.0, 0.0, 0.0, 0.0, 0.0, 0.0, 0.0, 0.0, 0.0, 0.0, 0.0, 0.0, 0.0, 0.0, 0.0, 0.0, 0.0, 0.0, 0.0, 0.0, 0.0, 0.0, 0.0, 0.0, 0.0, 0.0, 0.0, 0.0, 0.0, 0.0, 0.0, 0.0, 0.0, 0.0, 0.0, 0.0, 0.0, 0.0, 0.0, 0.0, 0.0, 0.0, 0.0, 0.0, 0.0, 0.0, 0.0, 0.0, 0.0, 0.0, 0.0, 0.0, 0.0, 0.0, 0.0, 0.0, 0.0, 0.0, 0.0, 0.0, 0.0, 0.0, 0.0, 0.0, 0.0, 0.0, 0.0, 0.0, 0.0, 0.0, 0.0, 0.0, 0.0, 0.0, 0.0, 0.0, 0.0, 0.0, 0.0, 0.0, 0.0, 0.0, 0.0, 0.0, 0.0, 0.0, 0.0, 0.0, 0.0, 0.0, 0.0, 0.0, 0.0, 0.0, 0.0, 0.0, 0.0, 0.0, 0.0, 0.0, 0.0, 0.0, 0.0, 0.0, 0.0, 0.0, 0.0, 0.0, 0.0, 0.0, 0.0, 0.0, 0.0, 0.0, 0.0, 0.0, 0.0, 0.0, 0.0, 0.0, 0.0, 0.0, 0.0, 0.0, 0.0, 0.0, 0.0, 0.0, 0.0, 0.0, 0.0, 0.0, 0.0, 0.0, 0.0, 0.0, 0.0, 0.0, 0.0, 0.0, 0.0, 0.0, 0.0, 0.0, 0.0, 0.0, 0.0, 0.0, 0.0, 0.0, 0.0, 0.0, 0.0, 0.0, 0.0, 0.0, 0.0, 0.0, 0.0, 0.0, 0.0, 0.0, 0.0, 0.0, 0.0, 0.0, 0.0, 0.0, 0.0, 0.0, 0.0, 0.0, 0.0, 0.0, 0.0, 0.0, 0.0, 0.0, 0.0, 0.0, 0.0, 0.0, 0.0, 0.0, 0.0, 0.0, 0.0, 0.0, 0.0, 0.0, 0.0, 0.0, 0.0, 0.0, 0.0, 0.0, 0.0, 0.0, 0.0, 0.0, 0.0, 0.0, 0.0, 0.0, 0.0, 0.0, 0.0, 0.0, 0.0, 0.0, 0.0, 0.0, 0.0, 0.0, 0.0, 0.0, 0.0, 0.0, 0.0, 0.0, 0.0, 0.0, 0.0, 0.0, 0.0, 0.0, 0.0, 0.0, 0.0, 0.0, 0.0, 0.0, 0.0, 0.0, 0.0, 0.0, 0.0, 0.0, 0.0, 0.0, 0.0, 0.0, 0.0, 0.0, 0.0, 0.0, 0.0, 0.0, 0.0, 0.0, 0.0, 0.0, 0.0, 0.0, 0.0, 0.0, 0.0, 0.0, 0.0, 0.0, 0.0, 0.0, 0.0, 0.0, 0.0, 0.0, 0.0, 0.0, 0.0, 0.0, 0.0, 0.0, 0.0, 0.0, 0.0, 0.0, 0.0, 0.0, 0.0, 0.0, 0.0, 0.0, 0.0, 0.0, 0.0, 0.0, 0.0, 0.0, 0.0, 0.0, 0.0, 0.0, 0.0, 0.0, 0.0, 0.0, 0.0, 0.0, 0.0, 0.0, 0.0, 0.0, 0.0, 0.0, 0.0, 0.0, 0.0, 0.0, 0.0, 0.0, 0.0, 0.0, 0.0, 0.0, 0.0, 0.0, 0.0, 0.0, 0.0, 0.0, 0.0, 0.0, 0.0, 0.0, 0.0, 0.0, 0.0, 0.0]",COMPLETE
