,number,value,datetime_start,datetime_complete,duration,params_batch_size_scaler,params_constant_learning_rate,params_depth,params_epochs,params_kernel_l2,params_num_trees,params_temperature,user_attrs_accuracy_test,user_attrs_accuracy_valid,user_attrs_approximate_feature_sparsity,user_attrs_approximate_feature_sparsity_history,user_attrs_approximate_weight_sparsity,user_attrs_approximate_weight_sparsity_history,user_attrs_auc_test,user_attrs_auc_valid,user_attrs_feature_sparsity,user_attrs_feature_sparsity_history,user_attrs_num_epochs,user_attrs_val_loss_history,user_attrs_weight_sparsity,user_attrs_weight_sparsity_history,state
143,143,0.7137741366206799,2024-08-31 05:43:05.788040,2024-08-31 05:43:31.793669,0 days 00:00:26.005629,4,0.014026650369974955,4,65,0.008941359248457405,36,0.0002723463402134673,0.868,0.86625,33,"[33, 33, 33, 33, 33, 33, 33, 33, 33, 33, 33, 33, 33, 33, 33, 33, 33, 33, 33, 33, 33, 33, 33, 33, 33, 33, 33, 33, 33, 33, 33, 33, 33, 33, 33, 33, 33, 33, 33, 33, 33, 33, 33, 33, 33, 33, 33, 33, 33, 33, 33, 33, 33, 33, 33, 33, 33, 33, 33, 33, 33, 33, 33, 33, 33]",32.97592592592593,"[32.96851851851852, 32.96111111111111, 32.955555555555556, 32.97037037037037, 32.96296296296296, 32.97407407407407, 32.977777777777774, 32.97962962962963, 32.96296296296296, 32.955555555555556, 32.96111111111111, 32.96111111111111, 32.9537037037037, 32.955555555555556, 32.95185185185185, 32.96666666666667, 32.959259259259255, 32.96296296296296, 32.955555555555556, 32.95740740740741, 32.96111111111111, 32.959259259259255, 32.968518518518515, 32.968518518518515, 32.964814814814815, 32.959259259259255, 32.9574074074074, 32.949999999999996, 32.9574074074074, 32.96111111111111, 32.96111111111111, 32.96666666666667, 32.96111111111111, 32.96296296296296, 32.96111111111111, 32.955555555555556, 32.94814814814815, 32.96296296296296, 32.9537037037037, 32.95185185185185, 32.96666666666666, 32.964814814814815, 32.97222222222222, 32.97037037037037, 32.96296296296296, 32.96296296296296, 32.97222222222222, 32.96851851851852, 32.968518518518515, 32.97592592592593, 32.977777777777774, 32.96666666666667, 32.977777777777774, 32.97592592592592, 32.977777777777774, 32.97222222222222, 32.96666666666667, 32.96851851851852, 32.96296296296296, 32.96296296296296, 32.968518518518515, 32.96666666666667, 32.96481481481481, 32.97592592592593, 32.97592592592593]",0.7469843707428233,0.7137741366206799,33,"[33, 33, 33, 33, 33, 33, 33, 33, 33, 33, 33, 33, 33, 33, 33, 33, 33, 33, 33, 33, 33, 33, 33, 33, 33, 33, 33, 33, 33, 33, 33, 33, 33, 33, 33, 33, 33, 33, 33, 33, 33, 33, 33, 33, 33, 33, 33, 33, 33, 33, 33, 33, 33, 33, 33, 33, 33, 33, 33, 33, 33, 33, 33, 33, 33]",65,"[0.4337818920612335, 0.41292762756347656, 0.40517857670783997, 0.40112772583961487, 0.3983916938304901, 0.396316260099411, 0.39451736211776733, 0.39289391040802, 0.3914063274860382, 0.39001309871673584, 0.38869979977607727, 0.3874620199203491, 0.38630911707878113, 0.38521164655685425, 0.3841874301433563, 0.3832078278064728, 0.3822619318962097, 0.38137030601501465, 0.38052573800086975, 0.3797154724597931, 0.3789523243904114, 0.37822258472442627, 0.37753236293792725, 0.37687447667121887, 0.3762435019016266, 0.37561360001564026, 0.3750201165676117, 0.3744385540485382, 0.373895525932312, 0.37335917353630066, 0.3728483319282532, 0.3723469078540802, 0.37188324332237244, 0.3714306354522705, 0.37097081542015076, 0.3705487549304962, 0.3701256215572357, 0.36969366669654846, 0.36929211020469666, 0.3688945472240448, 0.3685171902179718, 0.3681449592113495, 0.3677794933319092, 0.367411732673645, 0.36705780029296875, 0.36670640110969543, 0.3663696050643921, 0.36604446172714233, 0.3657058775424957, 0.36536943912506104, 0.365034818649292, 0.3647073805332184, 0.3644026219844818, 0.36411648988723755, 0.36380308866500854, 0.3635139465332031, 0.36320021748542786, 0.36291030049324036, 0.362620085477829, 0.3623279333114624, 0.36204788088798523, 0.3617650270462036, 0.3614763617515564, 0.36118972301483154, 0.3608939051628113]",33.0,"[33.0, 33.0, 33.0, 33.0, 33.0, 33.0, 33.0, 33.0, 33.0, 33.0, 33.0, 33.0, 33.0, 33.0, 33.0, 33.0, 33.0, 33.0, 33.0, 33.0, 33.0, 33.0, 33.0, 33.0, 33.0, 33.0, 33.0, 33.0, 33.0, 33.0, 33.0, 33.0, 33.0, 33.0, 33.0, 33.0, 33.0, 33.0, 33.0, 33.0, 33.0, 33.0, 33.0, 33.0, 33.0, 33.0, 33.0, 33.0, 33.0, 33.0, 33.0, 33.0, 33.0, 33.0, 33.0, 33.0, 33.0, 33.0, 33.0, 33.0, 33.0, 33.0, 33.0, 33.0, 33.0]",COMPLETE
144,144,0.5,2024-08-31 05:43:34.619128,2024-08-31 05:45:09.575471,0 days 00:01:34.956343,1,8.566725203809522,5,45,0.07325933737512721,26,0.0003854624910405501,0.859,0.85875,0,"[14, 8, 7, 5, 5, 5, 3, 3, 3, 3, 2, 2, 0, 0, 0, 0, 0, 0, 0, 0, 0, 0, 0, 0, 0, 0, 0, 0, 0, 0, 0, 0, 0, 0, 0, 0, 0, 0, 0, 0, 0, 0, 0, 0, 0]",0.0,"[13.981389578163771, 7.993796526054591, 6.99379652605459, 4.997518610421836, 4.988833746898264, 4.995037220843672, 2.997518610421836, 2.997518610421836, 2.9962779156327546, 2.9937965260545907, 1.9962779156327544, 1.9962779156327544, 0.0, 0.0, 0.0, 0.0, 0.0, 0.0, 0.0, 0.0, 0.0, 0.0, 0.0, 0.0, 0.0, 0.0, 0.0, 0.0, 0.0, 0.0, 0.0, 0.0, 0.0, 0.0, 0.0, 0.0, 0.0, 0.0, 0.0, 0.0, 0.0, 0.0, 0.0, 0.0, 0.0]",0.5,0.5,0,"[14, 8, 7, 5, 5, 5, 3, 3, 3, 3, 2, 2, 0, 0, 0, 0, 0, 0, 0, 0, 0, 0, 0, 0, 0, 0, 0, 0, 0, 0, 0, 0, 0, 0, 0, 0, 0, 0, 0, 0, 0, 0, 0, 0, 0]",45,"[0.3368722200393677, 0.49648162722587585, 0.46078240871429443, 0.35674548149108887, 0.328787237405777, 0.29818397760391235, 0.45980536937713623, 1.6005429029464722, 0.7551425099372864, 0.36576125025749207, 0.5069875717163086, 1.5151605606079102, 0.4077095091342926, 0.5416724681854248, 0.6400799751281738, 0.705345630645752, 0.46353667974472046, 0.40792691707611084, 0.40794259309768677, 0.4448322355747223, 0.4178370237350464, 0.4519078731536865, 0.4664534628391266, 0.5996111631393433, 0.40733689069747925, 0.5112870931625366, 0.4469532370567322, 0.44193291664123535, 0.481760174036026, 0.47762638330459595, 0.4075847268104553, 0.40739548206329346, 0.41302064061164856, 0.6429240703582764, 0.7882561683654785, 0.9484116435050964, 0.4079817235469818, 0.46169155836105347, 0.701728343963623, 0.4544413387775421, 0.457459956407547, 0.9030680656433105, 0.4312622845172882, 0.6316161751747131, 0.5399304628372192]",0.0,"[14.0, 8.0, 7.0, 5.0, 5.0, 5.0, 3.0, 3.0, 3.0, 3.0, 2.0, 2.0, 0.0, 0.0, 0.0, 0.0, 0.0, 0.0, 0.0, 0.0, 0.0, 0.0, 0.0, 0.0, 0.0, 0.0, 0.0, 0.0, 0.0, 0.0, 0.0, 0.0, 0.0, 0.0, 0.0, 0.0, 0.0, 0.0, 0.0, 0.0, 0.0, 0.0, 0.0, 0.0, 0.0]",COMPLETE
