,number,value,datetime_start,datetime_complete,duration,params_batch_size_scaler,params_constant_learning_rate,params_depth,params_epochs,params_kernel_l2,params_num_trees,params_temperature,user_attrs_accuracy_test,user_attrs_accuracy_valid,user_attrs_approximate_feature_sparsity,user_attrs_approximate_feature_sparsity_history,user_attrs_approximate_weight_sparsity,user_attrs_approximate_weight_sparsity_history,user_attrs_auc_test,user_attrs_auc_valid,user_attrs_feature_sparsity,user_attrs_feature_sparsity_history,user_attrs_num_epochs,user_attrs_val_loss_history,user_attrs_weight_sparsity,user_attrs_weight_sparsity_history,state
9,9,0.9242441808040601,2024-08-31 00:59:30.867605,2024-08-31 01:03:36.269232,0 days 00:04:05.401627,4,0.06755993411216162,5,360,0.0027633933988786595,48,0.00946770629455588,0.936,0.94125,33,"[33, 33, 33, 33, 33, 33, 33, 33, 33, 33, 33, 33, 33, 33, 33, 33, 33, 33, 33, 33, 33, 33, 33, 33, 33, 33, 33, 33, 33, 33, 33, 33, 33, 33, 33, 33, 33, 33, 33, 33, 33, 33, 33, 33, 33, 33, 33, 33, 33, 33, 33, 33, 33, 33, 33, 33, 33, 33, 33, 33, 33, 33, 33, 33, 33, 33, 33, 33, 33, 33, 33, 33, 33, 33, 33, 33, 33, 33, 33, 33, 33, 33, 33, 33, 33, 33, 33, 33, 33, 33, 33, 33, 33, 33, 33, 33, 33, 33, 33, 33, 33, 33, 33, 33, 33, 33, 33, 33, 33, 33, 33, 33, 33, 33, 33, 33, 33, 33, 33, 33, 33, 33, 33, 33, 33, 33, 33, 33, 33, 33, 33, 33, 33, 33, 33, 33, 33, 33, 33, 33, 33, 33, 33, 33, 33, 33, 33, 33, 33, 33, 33, 33, 33, 33, 33, 33, 33, 33, 33, 33, 33, 33, 33, 33, 33, 33, 33, 33, 33, 33, 33, 33, 33, 33, 33, 33, 33, 33, 33, 33, 33, 33, 33, 33, 33, 33, 33, 33, 33, 33, 33, 33, 33, 33, 33, 33, 33, 33, 33, 33, 33, 33, 33, 33, 33, 33, 33, 33, 33, 33, 33, 33, 33, 33, 33, 33, 33, 33, 33, 33, 33, 33, 33, 33, 33, 33, 33, 33, 33, 33, 33, 33, 33, 33, 33, 33, 33, 33, 33, 33, 33, 33, 33, 33, 33, 33, 33, 33, 33, 33, 33, 33, 33, 33, 33, 33, 33, 33, 33, 33, 33, 33, 33, 33, 33, 33, 33, 33, 33, 33, 33, 33, 33, 33, 33, 33, 33, 33, 33, 33, 33, 33, 33, 33, 33, 33, 33, 33, 33, 33, 33, 33, 33, 33, 33, 33, 33, 33, 33, 33, 33, 33, 33, 33, 33, 33, 33, 33, 33, 33, 33, 33, 33, 33, 33, 33, 33, 33, 33, 33, 33, 33, 33, 33, 33, 33, 33, 33, 33, 33, 33, 33, 33, 33, 33, 33, 33, 33, 33, 33, 33, 33, 33, 33, 33, 33, 33, 33, 33, 33, 33, 33, 33, 33, 33, 33, 33, 33, 33, 33]",32.94153225806451,"[32.949596774193544, 32.96236559139785, 32.95295698924731, 32.94556451612903, 32.94422043010753, 32.954301075268816, 32.956989247311824, 32.9489247311828, 32.94825268817204, 32.946236559139784, 32.95631720430107, 32.953629032258064, 32.95900537634409, 32.95497311827957, 32.9489247311828, 32.943548387096776, 32.94220430107527, 32.94086021505377, 32.93682795698925, 32.950940860215056, 32.94489247311828, 32.942204301075265, 32.950940860215056, 32.94086021505376, 32.94489247311828, 32.950268817204304, 32.95094086021505, 32.946236559139784, 32.95161290322581, 32.95161290322581, 32.94892473118279, 32.942876344086024, 32.94556451612903, 32.9516129032258, 32.95094086021505, 32.949596774193544, 32.95564516129032, 32.94825268817204, 32.949596774193544, 32.94556451612903, 32.94959677419355, 32.958333333333336, 32.953629032258064, 32.950940860215056, 32.94825268817204, 32.953629032258064, 32.953629032258064, 32.946908602150536, 32.95295698924731, 32.95295698924731, 32.95900537634409, 32.94892473118279, 32.95228494623656, 32.961021505376344, 32.95295698924731, 32.94489247311828, 32.94556451612903, 32.94892473118279, 32.953629032258064, 32.953629032258064, 32.950268817204304, 32.95631720430107, 32.954301075268816, 32.950268817204304, 32.94825268817204, 32.946236559139784, 32.9502688172043, 32.95228494623656, 32.95833333333333, 32.95900537634409, 32.95900537634408, 32.954301075268816, 32.9489247311828, 32.95295698924731, 32.94153225806452, 32.94220430107527, 32.939516129032256, 32.950940860215056, 32.94758064516129, 32.95564516129032, 32.953629032258064, 32.94892473118279, 32.95161290322581, 32.94220430107527, 32.943548387096776, 32.94086021505376, 32.94018817204301, 32.939516129032256, 32.94287634408602, 32.94489247311828, 32.94422043010752, 32.94556451612903, 32.94287634408602, 32.94422043010753, 32.942204301075265, 32.94086021505376, 32.946908602150536, 32.946236559139784, 32.94825268817204, 32.94086021505376, 32.94153225806452, 32.939516129032256, 32.946908602150536, 32.95295698924731, 32.95564516129032, 32.953629032258064, 32.95564516129032, 32.95631720430107, 32.95228494623656, 32.95497311827957, 32.953629032258064, 32.94825268817204, 32.954301075268816, 32.961693548387096, 32.961693548387096, 32.95967741935484, 32.95631720430108, 32.95833333333333, 32.95497311827957, 32.95564516129032, 32.95564516129033, 32.95497311827957, 32.95497311827957, 32.95833333333333, 32.961693548387096, 32.956989247311824, 32.95631720430107, 32.9502688172043, 32.950940860215056, 32.94892473118279, 32.950268817204304, 32.95161290322581, 32.950940860215056, 32.94422043010753, 32.94825268817204, 32.95295698924731, 32.95564516129032, 32.94825268817204, 32.94825268817204, 32.94959677419355, 32.950268817204304, 32.946908602150536, 32.94758064516129, 32.945564516129025, 32.94825268817204, 32.95295698924731, 32.950268817204304, 32.953629032258064, 32.950940860215056, 32.950268817204304, 32.949596774193544, 32.94892473118279, 32.950268817204304, 32.946236559139784, 32.950268817204304, 32.95564516129032, 32.953629032258064, 32.95900537634409, 32.95900537634409, 32.95430107526881, 32.95094086021505, 32.94489247311828, 32.946908602150536, 32.95362903225806, 32.95295698924731, 32.946236559139784, 32.95228494623656, 32.953629032258064, 32.95564516129032, 32.95094086021505, 32.954301075268816, 32.946236559139784, 32.94758064516129, 32.94556451612903, 32.94959677419355, 32.94758064516129, 32.94758064516129, 32.94892473118279, 32.95295698924731, 32.95631720430107, 32.95564516129032, 32.961693548387096, 32.956989247311824, 32.95766129032258, 32.95161290322581, 32.95161290322581, 32.95161290322581, 32.950940860215056, 32.949596774193544, 32.94758064516129, 32.942204301075265, 32.94825268817205, 32.950940860215056, 32.94422043010752, 32.94892473118279, 32.94758064516129, 32.95161290322581, 32.950940860215056, 32.9502688172043, 32.95161290322581, 32.94892473118279, 32.949596774193544, 32.94825268817204, 32.95161290322581, 32.956989247311824, 32.95967741935484, 32.961021505376344, 32.95967741935484, 32.95766129032258, 32.95228494623656, 32.95228494623656, 32.9502688172043, 32.95228494623656, 32.95967741935484, 32.96034946236559, 32.95497311827957, 32.95295698924731, 32.95295698924731, 32.94892473118279, 32.94825268817204, 32.95564516129032, 32.95564516129032, 32.95766129032258, 32.95295698924731, 32.95766129032258, 32.95564516129033, 32.95564516129032, 32.95564516129032, 32.95766129032258, 32.95161290322581, 32.95497311827957, 32.95295698924731, 32.95497311827957, 32.95497311827957, 32.94489247311828, 32.95161290322581, 32.95497311827957, 32.9516129032258, 32.95295698924731, 32.94825268817204, 32.95228494623656, 32.954301075268816, 32.95497311827957, 32.95497311827957, 32.95564516129032, 32.958333333333336, 32.961021505376344, 32.958333333333336, 32.961693548387096, 32.95833333333333, 32.96236559139785, 32.96034946236559, 32.95295698924731, 32.95161290322581, 32.946908602150536, 32.950268817204304, 32.94825268817204, 32.94758064516129, 32.9502688172043, 32.950268817204304, 32.95161290322581, 32.9502688172043, 32.94892473118279, 32.95228494623656, 32.95161290322581, 32.95228494623656, 32.953629032258064, 32.954301075268816, 32.95094086021505, 32.950940860215056, 32.95094086021505, 32.94825268817204, 32.94556451612903, 32.94489247311828, 32.942876344086024, 32.94086021505376, 32.946908602150536, 32.950268817204304, 32.949596774193544, 32.946908602150536, 32.95161290322581, 32.95564516129032, 32.95564516129032, 32.96034946236559, 32.95295698924731, 32.950940860215056, 32.946908602150536, 32.949596774193544, 32.95295698924731, 32.95766129032258, 32.9516129032258, 32.949596774193544, 32.95161290322581, 32.95228494623656, 32.95094086021505, 32.95295698924731, 32.95497311827957, 32.954301075268816, 32.95228494623656, 32.95497311827957, 32.95564516129032, 32.95228494623656, 32.950268817204304, 32.94892473118279, 32.95497311827957, 32.954301075268816, 32.95161290322581, 32.950268817204304, 32.950940860215056, 32.95228494623656, 32.95295698924731, 32.9516129032258, 32.9516129032258, 32.95295698924731, 32.95228494623655, 32.954301075268816, 32.950940860215056, 32.94825268817204, 32.95564516129032, 32.95564516129032, 32.954301075268816, 32.95295698924731, 32.95564516129032, 32.95497311827957, 32.94758064516129, 32.94892473118279, 32.95564516129032, 32.953629032258064, 32.949596774193544, 32.94556451612903, 32.9502688172043, 32.95228494623656, 32.94892473118279, 32.946236559139784, 32.9502688172043, 32.949596774193544, 32.95228494623656, 32.950268817204304, 32.950940860215056, 32.946908602150536, 32.94287634408602, 32.94556451612903, 32.94422043010752, 32.94422043010753, 32.942876344086024, 32.94220430107527, 32.94422043010753, 32.943548387096776, 32.94153225806451, 32.94018817204301, 32.94354838709677, 32.942204301075265, 32.946908602150536, 32.94825268817204, 32.94892473118279, 32.949596774193544, 32.94489247311828, 32.946908602150536, 32.94556451612903, 32.94153225806451]",0.9099810929746778,0.9242441808040601,33,"[33, 33, 33, 33, 33, 33, 33, 33, 33, 33, 33, 33, 33, 33, 33, 33, 33, 33, 33, 33, 33, 33, 33, 33, 33, 33, 33, 33, 33, 33, 33, 33, 33, 33, 33, 33, 33, 33, 33, 33, 33, 33, 33, 33, 33, 33, 33, 33, 33, 33, 33, 33, 33, 33, 33, 33, 33, 33, 33, 33, 33, 33, 33, 33, 33, 33, 33, 33, 33, 33, 33, 33, 33, 33, 33, 33, 33, 33, 33, 33, 33, 33, 33, 33, 33, 33, 33, 33, 33, 33, 33, 33, 33, 33, 33, 33, 33, 33, 33, 33, 33, 33, 33, 33, 33, 33, 33, 33, 33, 33, 33, 33, 33, 33, 33, 33, 33, 33, 33, 33, 33, 33, 33, 33, 33, 33, 33, 33, 33, 33, 33, 33, 33, 33, 33, 33, 33, 33, 33, 33, 33, 33, 33, 33, 33, 33, 33, 33, 33, 33, 33, 33, 33, 33, 33, 33, 33, 33, 33, 33, 33, 33, 33, 33, 33, 33, 33, 33, 33, 33, 33, 33, 33, 33, 33, 33, 33, 33, 33, 33, 33, 33, 33, 33, 33, 33, 33, 33, 33, 33, 33, 33, 33, 33, 33, 33, 33, 33, 33, 33, 33, 33, 33, 33, 33, 33, 33, 33, 33, 33, 33, 33, 33, 33, 33, 33, 33, 33, 33, 33, 33, 33, 33, 33, 33, 33, 33, 33, 33, 33, 33, 33, 33, 33, 33, 33, 33, 33, 33, 33, 33, 33, 33, 33, 33, 33, 33, 33, 33, 33, 33, 33, 33, 33, 33, 33, 33, 33, 33, 33, 33, 33, 33, 33, 33, 33, 33, 33, 33, 33, 33, 33, 33, 33, 33, 33, 33, 33, 33, 33, 33, 33, 33, 33, 33, 33, 33, 33, 33, 33, 33, 33, 33, 33, 33, 33, 33, 33, 33, 33, 33, 33, 33, 33, 33, 33, 33, 33, 33, 33, 33, 33, 33, 33, 33, 33, 33, 33, 33, 33, 33, 33, 33, 33, 33, 33, 33, 33, 33, 33, 33, 33, 33, 33, 33, 33, 33, 33, 33, 33, 33, 33, 33, 33, 33, 33, 33, 33, 33, 33, 33, 33, 33, 33, 33, 33, 33, 33, 33, 33]",360,"[0.4034460186958313, 0.39531639218330383, 0.390275776386261, 0.3863247036933899, 0.38291701674461365, 0.38020065426826477, 0.3779321610927582, 0.37599989771842957, 0.3741060197353363, 0.37249982357025146, 0.3710956871509552, 0.36981797218322754, 0.36864012479782104, 0.3675309121608734, 0.36623114347457886, 0.3652680516242981, 0.3642135560512543, 0.36322107911109924, 0.3623414933681488, 0.3613375127315521, 0.36040765047073364, 0.35949409008026123, 0.3587562143802643, 0.3577422797679901, 0.35689884424209595, 0.3560068905353546, 0.35511428117752075, 0.3543708026409149, 0.35328206419944763, 0.35240545868873596, 0.3516230285167694, 0.3506264090538025, 0.34976500272750854, 0.34895142912864685, 0.348093181848526, 0.3472042381763458, 0.3463636040687561, 0.3455662429332733, 0.3449079096317291, 0.3438132405281067, 0.3429521918296814, 0.34206992387771606, 0.34129151701927185, 0.3404035270214081, 0.3395770192146301, 0.33882245421409607, 0.3378310799598694, 0.33687227964401245, 0.33604195713996887, 0.335159033536911, 0.334430456161499, 0.33345335721969604, 0.3324803113937378, 0.33163079619407654, 0.330902099609375, 0.32985919713974, 0.3290230631828308, 0.32817113399505615, 0.3271733820438385, 0.32619014382362366, 0.32533085346221924, 0.3245266079902649, 0.3234499990940094, 0.322581946849823, 0.3214954733848572, 0.32052916288375854, 0.3194600045681, 0.31847473978996277, 0.3175521492958069, 0.3167647123336792, 0.3157719671726227, 0.3145997226238251, 0.31349116563796997, 0.3124299645423889, 0.3115502595901489, 0.3104552924633026, 0.3092241585254669, 0.3080456852912903, 0.3069859743118286, 0.30590441823005676, 0.3047800362110138, 0.30388766527175903, 0.3027493357658386, 0.3015749752521515, 0.30041372776031494, 0.2993023097515106, 0.29812440276145935, 0.29704999923706055, 0.29608359932899475, 0.2948490083217621, 0.29369619488716125, 0.2925303876399994, 0.29149964451789856, 0.29049909114837646, 0.2893317639827728, 0.28821778297424316, 0.2871578335762024, 0.28605636954307556, 0.28498604893684387, 0.2839219868183136, 0.28306832909584045, 0.2820786237716675, 0.280967116355896, 0.27996957302093506, 0.27902951836586, 0.27798664569854736, 0.27698469161987305, 0.27609318494796753, 0.2752419710159302, 0.2743602991104126, 0.27350449562072754, 0.2724924683570862, 0.2716027498245239, 0.27079352736473083, 0.26993799209594727, 0.2691216468811035, 0.2682538628578186, 0.2674125134944916, 0.26664766669273376, 0.266014963388443, 0.2652947008609772, 0.26448506116867065, 0.2637569010257721, 0.2631301283836365, 0.26231831312179565, 0.26170235872268677, 0.26115530729293823, 0.2604660093784332, 0.2598816752433777, 0.2590606212615967, 0.2585705518722534, 0.2578342854976654, 0.2571525275707245, 0.25653156638145447, 0.25601667165756226, 0.2554177939891815, 0.25483110547065735, 0.2542192041873932, 0.2537410259246826, 0.25312209129333496, 0.25255900621414185, 0.25194311141967773, 0.25142163038253784, 0.25092098116874695, 0.2504863440990448, 0.2501099705696106, 0.249689519405365, 0.2489844262599945, 0.2486337125301361, 0.24795934557914734, 0.24736610054969788, 0.24685348570346832, 0.2464992105960846, 0.24610170722007751, 0.2455434799194336, 0.24500656127929688, 0.24460089206695557, 0.24401147663593292, 0.24368904531002045, 0.2432296723127365, 0.2426597774028778, 0.24240976572036743, 0.24178487062454224, 0.24129122495651245, 0.24084076285362244, 0.24041368067264557, 0.23999345302581787, 0.23965121805667877, 0.23929814994335175, 0.23872683942317963, 0.23830793797969818, 0.23797698318958282, 0.23752659559249878, 0.23706379532814026, 0.2367582768201828, 0.23634277284145355, 0.23579759895801544, 0.23541618883609772, 0.2350466549396515, 0.23460344970226288, 0.23411031067371368, 0.23374927043914795, 0.2334900051355362, 0.2331242710351944, 0.232956662774086, 0.23255416750907898, 0.2320934534072876, 0.23153237998485565, 0.2312270998954773, 0.2308892458677292, 0.23046597838401794, 0.22991801798343658, 0.22965726256370544, 0.2294943630695343, 0.2289741486310959, 0.22885265946388245, 0.22835229337215424, 0.2279851883649826, 0.22753039002418518, 0.227498397231102, 0.22707590460777283, 0.2265978753566742, 0.22621986269950867, 0.22589515149593353, 0.2255634069442749, 0.22509239614009857, 0.22489766776561737, 0.22462522983551025, 0.22406381368637085, 0.22375786304473877, 0.22349514067173004, 0.22303253412246704, 0.22289468348026276, 0.22260336577892303, 0.22237400710582733, 0.22190704941749573, 0.22155238687992096, 0.2213965654373169, 0.2211790531873703, 0.2206009477376938, 0.2204568088054657, 0.22011953592300415, 0.2201739102602005, 0.219574972987175, 0.2192649394273758, 0.21922634541988373, 0.21890626847743988, 0.21841579675674438, 0.21799632906913757, 0.2176951766014099, 0.21762777864933014, 0.21725204586982727, 0.2167413830757141, 0.2166692614555359, 0.21606186032295227, 0.21600429713726044, 0.21563053131103516, 0.2152048647403717, 0.21511533856391907, 0.21481774747371674, 0.2145889848470688, 0.21412183344364166, 0.21424545347690582, 0.21403850615024567, 0.2138359397649765, 0.21332857012748718, 0.21304158866405487, 0.21305565536022186, 0.21265558898448944, 0.21253269910812378, 0.21221262216567993, 0.2119985818862915, 0.21152344346046448, 0.21137061715126038, 0.21117891371250153, 0.21074090898036957, 0.21055732667446136, 0.21020907163619995, 0.2101491540670395, 0.20980779826641083, 0.20972543954849243, 0.209590345621109, 0.20937389135360718, 0.20899949967861176, 0.20879144966602325, 0.20842982828617096, 0.2083706259727478, 0.2081122249364853, 0.20781512558460236, 0.2077302187681198, 0.20738595724105835, 0.206851527094841, 0.2069631814956665, 0.20673292875289917, 0.2064540535211563, 0.20649120211601257, 0.20634377002716064, 0.20596370100975037, 0.20567409694194794, 0.20532314479351044, 0.2050916850566864, 0.20507541298866272, 0.20520378649234772, 0.20504435896873474, 0.2046670764684677, 0.20417174696922302, 0.2040497213602066, 0.20405998826026917, 0.20381110906600952, 0.20370720326900482, 0.20357036590576172, 0.2032533437013626, 0.2029680609703064, 0.20283962786197662, 0.20280811190605164, 0.20234939455986023, 0.20224051177501678, 0.201909601688385, 0.20200301706790924, 0.2021610587835312, 0.20178724825382233, 0.20212841033935547, 0.20142832398414612, 0.20127949118614197, 0.20096345245838165, 0.20073024928569794, 0.20048366487026215, 0.20055067539215088, 0.20021164417266846, 0.20028626918792725, 0.20017993450164795, 0.1997077912092209, 0.19955669343471527, 0.1993923783302307, 0.19922828674316406, 0.19935183227062225, 0.19907033443450928, 0.19889265298843384, 0.19892874360084534, 0.1986415833234787, 0.19843651354312897, 0.1984710842370987, 0.19827209413051605, 0.1981877088546753, 0.19822856783866882, 0.1980178952217102, 0.19788824021816254, 0.197539284825325, 0.19766046106815338, 0.19742393493652344, 0.1968984603881836, 0.19668886065483093, 0.19679632782936096, 0.19696561992168427, 0.19681568443775177, 0.19638890027999878, 0.196097731590271, 0.1963433474302292, 0.19658488035202026, 0.19625915586948395, 0.19600464403629303, 0.19588249921798706, 0.19564083218574524, 0.195444256067276, 0.19557027518749237, 0.19557712972164154, 0.19543379545211792, 0.19498346745967865, 0.19461697340011597, 0.1946759819984436, 0.19465935230255127, 0.1948753148317337, 0.19453193247318268, 0.1943633258342743, 0.1944124549627304, 0.19436973333358765, 0.1941361427307129, 0.19408611953258514, 0.19389265775680542, 0.1937120258808136]",33.0,"[33.0, 33.0, 33.0, 33.0, 33.0, 33.0, 33.0, 33.0, 33.0, 33.0, 33.0, 33.0, 33.0, 33.0, 33.0, 33.0, 33.0, 33.0, 33.0, 33.0, 33.0, 33.0, 33.0, 33.0, 33.0, 33.0, 33.0, 33.0, 33.0, 33.0, 33.0, 33.0, 33.0, 33.0, 33.0, 33.0, 33.0, 33.0, 33.0, 33.0, 33.0, 33.0, 33.0, 33.0, 33.0, 33.0, 33.0, 33.0, 33.0, 33.0, 33.0, 33.0, 33.0, 33.0, 33.0, 33.0, 33.0, 33.0, 33.0, 33.0, 33.0, 33.0, 33.0, 33.0, 33.0, 33.0, 33.0, 33.0, 33.0, 33.0, 33.0, 33.0, 33.0, 33.0, 33.0, 33.0, 33.0, 33.0, 33.0, 33.0, 33.0, 33.0, 33.0, 33.0, 33.0, 33.0, 33.0, 33.0, 33.0, 33.0, 33.0, 33.0, 33.0, 33.0, 33.0, 33.0, 33.0, 33.0, 33.0, 33.0, 33.0, 33.0, 33.0, 33.0, 33.0, 33.0, 33.0, 33.0, 33.0, 33.0, 33.0, 33.0, 33.0, 33.0, 33.0, 33.0, 33.0, 33.0, 33.0, 33.0, 33.0, 33.0, 33.0, 33.0, 33.0, 33.0, 33.0, 33.0, 33.0, 33.0, 33.0, 33.0, 33.0, 33.0, 33.0, 33.0, 33.0, 33.0, 33.0, 33.0, 33.0, 33.0, 33.0, 33.0, 33.0, 33.0, 33.0, 33.0, 33.0, 33.0, 33.0, 33.0, 33.0, 33.0, 33.0, 33.0, 33.0, 33.0, 33.0, 33.0, 33.0, 33.0, 33.0, 33.0, 33.0, 33.0, 33.0, 33.0, 33.0, 33.0, 33.0, 33.0, 33.0, 33.0, 33.0, 33.0, 33.0, 33.0, 33.0, 33.0, 33.0, 33.0, 33.0, 33.0, 33.0, 33.0, 33.0, 33.0, 33.0, 33.0, 33.0, 33.0, 33.0, 33.0, 33.0, 33.0, 33.0, 33.0, 33.0, 33.0, 33.0, 33.0, 33.0, 33.0, 33.0, 33.0, 33.0, 33.0, 33.0, 33.0, 33.0, 33.0, 33.0, 33.0, 33.0, 33.0, 33.0, 33.0, 33.0, 33.0, 33.0, 33.0, 33.0, 33.0, 33.0, 33.0, 33.0, 33.0, 33.0, 33.0, 33.0, 33.0, 33.0, 33.0, 33.0, 33.0, 33.0, 33.0, 33.0, 33.0, 33.0, 33.0, 33.0, 33.0, 33.0, 33.0, 33.0, 33.0, 33.0, 33.0, 33.0, 33.0, 33.0, 33.0, 33.0, 33.0, 33.0, 33.0, 33.0, 33.0, 33.0, 33.0, 33.0, 33.0, 33.0, 33.0, 33.0, 33.0, 33.0, 33.0, 33.0, 33.0, 33.0, 33.0, 33.0, 33.0, 33.0, 33.0, 33.0, 33.0, 33.0, 33.0, 33.0, 33.0, 33.0, 33.0, 33.0, 33.0, 33.0, 33.0, 33.0, 33.0, 33.0, 33.0, 33.0, 33.0, 33.0, 33.0, 33.0, 33.0, 33.0, 33.0, 33.0, 33.0, 33.0, 33.0, 33.0, 33.0, 33.0, 33.0, 33.0, 33.0, 33.0, 33.0, 33.0, 33.0, 33.0, 33.0, 33.0, 33.0, 33.0, 33.0, 33.0, 33.0, 33.0, 33.0, 33.0, 33.0, 33.0, 33.0, 33.0, 33.0, 33.0, 33.0, 33.0, 33.0, 33.0, 33.0, 33.0, 33.0, 33.0, 33.0, 33.0, 33.0, 33.0, 33.0, 33.0, 33.0, 33.0, 33.0, 33.0, 33.0, 33.0, 33.0, 33.0, 33.0, 33.0, 33.0, 33.0, 33.0]",COMPLETE
