,number,value,datetime_start,datetime_complete,duration,params_batch_size_scaler,params_constant_learning_rate,params_depth,params_epochs,params_kernel_l2,params_num_trees,params_temperature,user_attrs_accuracy_test,user_attrs_accuracy_valid,user_attrs_approximate_feature_sparsity,user_attrs_approximate_feature_sparsity_history,user_attrs_approximate_weight_sparsity,user_attrs_approximate_weight_sparsity_history,user_attrs_auc_test,user_attrs_auc_valid,user_attrs_feature_sparsity,user_attrs_feature_sparsity_history,user_attrs_num_epochs,user_attrs_val_loss_history,user_attrs_weight_sparsity,user_attrs_weight_sparsity_history,state
6,6,0.5,2024-08-31 00:42:20.416493,2024-08-31 00:57:38.746933,0 days 00:15:18.330440,1,0.5994929248514242,6,475,0.35091557353688374,24,0.0026119928805934125,0.859,0.85875,0,"[33, 6, 5, 5, 5, 5, 5, 5, 5, 4, 4, 4, 4, 4, 4, 4, 4, 4, 4, 4, 4, 4, 4, 4, 4, 4, 4, 4, 4, 4, 4, 4, 4, 4, 4, 4, 4, 4, 4, 4, 4, 4, 4, 4, 4, 4, 4, 4, 4, 4, 4, 4, 4, 4, 4, 4, 4, 4, 4, 4, 4, 4, 4, 4, 4, 4, 4, 4, 4, 4, 4, 4, 4, 4, 4, 4, 4, 4, 4, 4, 4, 4, 4, 4, 4, 4, 4, 4, 4, 4, 4, 4, 4, 4, 4, 4, 4, 4, 4, 4, 4, 4, 4, 4, 4, 4, 4, 4, 4, 4, 4, 4, 4, 4, 4, 4, 4, 3, 3, 3, 3, 3, 3, 3, 3, 3, 3, 3, 3, 3, 3, 3, 3, 3, 3, 3, 3, 3, 3, 3, 3, 3, 3, 3, 3, 3, 3, 3, 3, 3, 3, 3, 3, 3, 3, 3, 3, 3, 3, 3, 3, 3, 3, 3, 3, 3, 3, 3, 3, 3, 3, 3, 3, 3, 3, 3, 3, 3, 3, 3, 3, 3, 3, 3, 3, 3, 3, 3, 3, 3, 3, 3, 3, 3, 3, 3, 3, 3, 3, 3, 3, 3, 3, 3, 3, 3, 1, 1, 1, 1, 1, 1, 1, 1, 1, 1, 0, 0, 0, 0, 0, 0, 0, 0, 0, 0, 0, 0, 0, 0, 0, 0, 0, 0, 0, 0, 0, 0, 0, 0, 0, 0, 0, 0, 0, 0, 0, 0, 0, 0, 0, 0, 0, 0, 0, 0, 0, 0, 0, 0, 0, 0, 0, 0, 0, 0, 0, 0, 0, 0, 0, 0, 0, 0, 0, 0, 0, 0, 0, 0, 0, 0, 0, 0, 0, 0, 0, 0, 0, 0, 0, 0, 0, 0, 0, 0, 0, 0, 0, 0, 0, 0, 0, 0, 0, 0, 0, 0, 0, 0, 0, 0, 0, 0, 0, 0, 0, 0, 0, 0, 0, 0, 0, 0, 0, 0, 0, 0, 0, 0, 0, 0, 0, 0, 0, 0, 0, 0, 0, 0, 0, 0, 0, 0, 0, 0, 0, 0, 0, 0, 0, 0, 0, 0, 0, 0, 0, 0, 0, 0, 0, 0, 0, 0, 0, 0, 0, 0, 0, 0, 0, 0, 0, 0, 0, 0, 0, 0, 0, 0, 0, 0, 0, 0, 0, 0, 0, 0, 0, 0, 0, 0, 0, 0, 0, 0, 0, 0, 0, 0, 0, 0, 0, 0, 0, 0, 0, 0, 0, 0, 0, 0, 0, 0, 0, 0, 0, 0, 0, 0, 0, 0, 0, 0, 0, 0, 0, 0, 0, 0, 0, 0, 0, 0, 0, 0, 0, 0, 0, 0, 0, 0, 0, 0, 0, 0, 0, 0, 0, 0, 0, 0, 0, 0, 0, 0, 0, 0, 0, 0, 0, 0, 0, 0, 0, 0, 0, 0, 0, 0, 0, 0, 0, 0, 0]",0.0,"[32.94444444444445, 5.990079365079365, 4.99537037037037, 4.994708994708994, 4.992063492063492, 4.992063492063492, 4.9907407407407405, 4.993386243386244, 4.992724867724868, 3.990740740740741, 3.992724867724868, 3.990740740740741, 3.9914021164021163, 3.9914021164021167, 3.9933862433862433, 3.994047619047619, 3.992724867724868, 3.994047619047619, 3.990079365079365, 3.9907407407407405, 3.990079365079365, 3.9861111111111107, 3.9847883597883595, 3.986111111111111, 3.9887566137566135, 3.9894179894179898, 3.9894179894179893, 3.9854497354497354, 3.9828042328042326, 3.984126984126984, 3.984126984126984, 3.9814814814814814, 3.982142857142857, 3.9794973544973544, 3.9794973544973544, 3.98478835978836, 3.9894179894179893, 3.986111111111111, 3.984126984126984, 3.982142857142857, 3.9801587301587302, 3.9682539682539684, 3.974206349206349, 3.9748677248677247, 3.9695767195767195, 3.9682539682539684, 3.9702380952380953, 3.9708994708994707, 3.976851851851852, 3.9755291005291005, 3.9702380952380953, 3.972883597883598, 3.9715608465608465, 3.9715608465608465, 3.9715608465608465, 3.9669312169312168, 3.9596560846560847, 3.954365079365079, 3.9570105820105823, 3.9537037037037033, 3.9517195767195767, 3.9490740740740744, 3.9616402116402116, 3.9576719576719577, 3.9609788359788363, 3.962301587301587, 3.958994708994709, 3.9563492063492065, 3.9497354497354493, 3.9490740740740744, 3.9530423280423284, 3.954365079365079, 3.9576719576719577, 3.9530423280423284, 3.951058201058201, 3.943121693121693, 3.941798941798942, 3.943783068783069, 3.947751322751323, 3.9411375661375665, 3.9451058201058204, 3.94510582010582, 3.939814814814815, 3.9365079365079367, 3.9365079365079367, 3.9404761904761907, 3.943121693121693, 3.9371693121693125, 3.937169312169312, 3.932539682539683, 3.937830687830688, 3.9345238095238093, 3.9365079365079367, 3.92989417989418, 3.9384920634920637, 3.935846560846561, 3.935185185185185, 3.9444444444444446, 3.933862433862434, 3.9279100529100526, 3.9404761904761907, 3.9365079365079367, 3.9404761904761907, 3.941798941798942, 3.9404761904761907, 3.931878306878307, 3.930555555555556, 3.935185185185185, 3.939814814814815, 3.927910052910053, 3.9259259259259256, 3.931216931216931, 3.943121693121693, 3.9179894179894177, 3.9133597883597884, 3.9345238095238093, 3.921957671957672, 2.955026455026455, 2.9603174603174605, 2.9497354497354498, 2.9596560846560847, 2.9576719576719577, 2.9623015873015874, 2.9556878306878307, 2.9642857142857144, 2.962962962962963, 2.951058201058201, 2.955026455026455, 2.958994708994709, 2.9537037037037037, 2.9517195767195767, 2.947089947089947, 2.9596560846560847, 2.9497354497354498, 2.945767195767196, 2.947089947089947, 2.9484126984126986, 2.950396825396825, 2.951058201058201, 2.951058201058201, 2.94510582010582, 2.9503968253968256, 2.941137566137566, 2.9497354497354498, 2.9636243386243386, 2.956349206349206, 2.9576719576719577, 2.952380952380952, 2.9609788359788363, 2.9570105820105823, 2.9576719576719577, 2.96494708994709, 2.962962962962963, 2.9530423280423284, 2.9570105820105823, 2.9576719576719577, 2.962962962962963, 2.958994708994709, 2.9570105820105823, 2.958333333333333, 2.953042328042328, 2.955026455026455, 2.9556878306878307, 2.950396825396825, 2.9530423280423284, 2.9583333333333335, 2.9556878306878307, 2.957010582010582, 2.9636243386243386, 2.955026455026455, 2.9523809523809526, 2.9517195767195767, 2.9543650793650795, 2.962962962962963, 2.955026455026455, 2.9484126984126986, 2.944444444444444, 2.9616402116402116, 2.947089947089947, 2.9523809523809526, 2.9490740740740744, 2.96494708994709, 2.9596560846560847, 2.9583333333333335, 2.9682539682539684, 2.9497354497354493, 2.9682539682539684, 2.9675925925925926, 2.962301587301587, 2.9695767195767195, 2.9675925925925926, 2.9642857142857144, 2.9669312169312168, 2.958994708994709, 2.9636243386243386, 2.9576719576719577, 2.9642857142857144, 2.9662698412698414, 2.9675925925925926, 2.96494708994709, 2.9682539682539684, 2.96494708994709, 2.9656084656084656, 2.9662698412698414, 2.9623015873015874, 2.9616402116402116, 0.9808201058201058, 0.9834656084656085, 0.9801587301587301, 0.9794973544973545, 0.9828042328042328, 0.9821428571428571, 0.9768518518518519, 0.9801587301587301, 0.9821428571428571, 0.9861111111111112, 0.0, 0.0, 0.0, 0.0, 0.0, 0.0, 0.0, 0.0, 0.0, 0.0, 0.0, 0.0, 0.0, 0.0, 0.0, 0.0, 0.0, 0.0, 0.0, 0.0, 0.0, 0.0, 0.0, 0.0, 0.0, 0.0, 0.0, 0.0, 0.0, 0.0, 0.0, 0.0, 0.0, 0.0, 0.0, 0.0, 0.0, 0.0, 0.0, 0.0, 0.0, 0.0, 0.0, 0.0, 0.0, 0.0, 0.0, 0.0, 0.0, 0.0, 0.0, 0.0, 0.0, 0.0, 0.0, 0.0, 0.0, 0.0, 0.0, 0.0, 0.0, 0.0, 0.0, 0.0, 0.0, 0.0, 0.0, 0.0, 0.0, 0.0, 0.0, 0.0, 0.0, 0.0, 0.0, 0.0, 0.0, 0.0, 0.0, 0.0, 0.0, 0.0, 0.0, 0.0, 0.0, 0.0, 0.0, 0.0, 0.0, 0.0, 0.0, 0.0, 0.0, 0.0, 0.0, 0.0, 0.0, 0.0, 0.0, 0.0, 0.0, 0.0, 0.0, 0.0, 0.0, 0.0, 0.0, 0.0, 0.0, 0.0, 0.0, 0.0, 0.0, 0.0, 0.0, 0.0, 0.0, 0.0, 0.0, 0.0, 0.0, 0.0, 0.0, 0.0, 0.0, 0.0, 0.0, 0.0, 0.0, 0.0, 0.0, 0.0, 0.0, 0.0, 0.0, 0.0, 0.0, 0.0, 0.0, 0.0, 0.0, 0.0, 0.0, 0.0, 0.0, 0.0, 0.0, 0.0, 0.0, 0.0, 0.0, 0.0, 0.0, 0.0, 0.0, 0.0, 0.0, 0.0, 0.0, 0.0, 0.0, 0.0, 0.0, 0.0, 0.0, 0.0, 0.0, 0.0, 0.0, 0.0, 0.0, 0.0, 0.0, 0.0, 0.0, 0.0, 0.0, 0.0, 0.0, 0.0, 0.0, 0.0, 0.0, 0.0, 0.0, 0.0, 0.0, 0.0, 0.0, 0.0, 0.0, 0.0, 0.0, 0.0, 0.0, 0.0, 0.0, 0.0, 0.0, 0.0, 0.0, 0.0, 0.0, 0.0, 0.0, 0.0, 0.0, 0.0, 0.0, 0.0, 0.0, 0.0, 0.0, 0.0, 0.0, 0.0, 0.0, 0.0, 0.0, 0.0, 0.0, 0.0, 0.0, 0.0, 0.0, 0.0, 0.0, 0.0, 0.0, 0.0, 0.0, 0.0, 0.0, 0.0, 0.0, 0.0, 0.0, 0.0, 0.0, 0.0, 0.0, 0.0, 0.0, 0.0, 0.0, 0.0, 0.0, 0.0, 0.0, 0.0, 0.0, 0.0, 0.0, 0.0, 0.0, 0.0, 0.0, 0.0, 0.0]",0.5,0.5,0,"[33, 6, 5, 5, 5, 5, 5, 5, 5, 4, 4, 4, 4, 4, 4, 4, 4, 4, 4, 4, 4, 4, 4, 4, 4, 4, 4, 4, 4, 4, 4, 4, 4, 4, 4, 4, 4, 4, 4, 4, 4, 4, 4, 4, 4, 4, 4, 4, 4, 4, 4, 4, 4, 4, 4, 4, 4, 4, 4, 4, 4, 4, 4, 4, 4, 4, 4, 4, 4, 4, 4, 4, 4, 4, 4, 4, 4, 4, 4, 4, 4, 4, 4, 4, 4, 4, 4, 4, 4, 4, 4, 4, 4, 4, 4, 4, 4, 4, 4, 4, 4, 4, 4, 4, 4, 4, 4, 4, 4, 4, 4, 4, 4, 4, 4, 4, 4, 3, 3, 3, 3, 3, 3, 3, 3, 3, 3, 3, 3, 3, 3, 3, 3, 3, 3, 3, 3, 3, 3, 3, 3, 3, 3, 3, 3, 3, 3, 3, 3, 3, 3, 3, 3, 3, 3, 3, 3, 3, 3, 3, 3, 3, 3, 3, 3, 3, 3, 3, 3, 3, 3, 3, 3, 3, 3, 3, 3, 3, 3, 3, 3, 3, 3, 3, 3, 3, 3, 3, 3, 3, 3, 3, 3, 3, 3, 3, 3, 3, 3, 3, 3, 3, 3, 3, 3, 3, 1, 1, 1, 1, 1, 1, 1, 1, 1, 1, 0, 0, 0, 0, 0, 0, 0, 0, 0, 0, 0, 0, 0, 0, 0, 0, 0, 0, 0, 0, 0, 0, 0, 0, 0, 0, 0, 0, 0, 0, 0, 0, 0, 0, 0, 0, 0, 0, 0, 0, 0, 0, 0, 0, 0, 0, 0, 0, 0, 0, 0, 0, 0, 0, 0, 0, 0, 0, 0, 0, 0, 0, 0, 0, 0, 0, 0, 0, 0, 0, 0, 0, 0, 0, 0, 0, 0, 0, 0, 0, 0, 0, 0, 0, 0, 0, 0, 0, 0, 0, 0, 0, 0, 0, 0, 0, 0, 0, 0, 0, 0, 0, 0, 0, 0, 0, 0, 0, 0, 0, 0, 0, 0, 0, 0, 0, 0, 0, 0, 0, 0, 0, 0, 0, 0, 0, 0, 0, 0, 0, 0, 0, 0, 0, 0, 0, 0, 0, 0, 0, 0, 0, 0, 0, 0, 0, 0, 0, 0, 0, 0, 0, 0, 0, 0, 0, 0, 0, 0, 0, 0, 0, 0, 0, 0, 0, 0, 0, 0, 0, 0, 0, 0, 0, 0, 0, 0, 0, 0, 0, 0, 0, 0, 0, 0, 0, 0, 0, 0, 0, 0, 0, 0, 0, 0, 0, 0, 0, 0, 0, 0, 0, 0, 0, 0, 0, 0, 0, 0, 0, 0, 0, 0, 0, 0, 0, 0, 0, 0, 0, 0, 0, 0, 0, 0, 0, 0, 0, 0, 0, 0, 0, 0, 0, 0, 0, 0, 0, 0, 0, 0, 0, 0, 0, 0, 0, 0, 0, 0, 0, 0, 0, 0, 0, 0, 0, 0, 0, 0]",475,"[0.37262389063835144, 0.3630739152431488, 0.3515480160713196, 0.3432736098766327, 0.33413541316986084, 0.3297264575958252, 0.3259284198284149, 0.3229471445083618, 0.32476624846458435, 0.32254132628440857, 0.3189646899700165, 0.31632092595100403, 0.3165866732597351, 0.3134613633155823, 0.3118242621421814, 0.31229543685913086, 0.3104497790336609, 0.3107810914516449, 0.3147669732570648, 0.3110361099243164, 0.30833905935287476, 0.30814602971076965, 0.3123234510421753, 0.30605432391166687, 0.30906182527542114, 0.31685009598731995, 0.30945655703544617, 0.30795732140541077, 0.3095911741256714, 0.30569010972976685, 0.3063540458679199, 0.3033197522163391, 0.3044782876968384, 0.306702584028244, 0.30485403537750244, 0.3047305941581726, 0.302857369184494, 0.3064510226249695, 0.3065752685070038, 0.30859872698783875, 0.30524304509162903, 0.30233386158943176, 0.3039191961288452, 0.3037375807762146, 0.30268681049346924, 0.3020364046096802, 0.30515792965888977, 0.30743488669395447, 0.3008051812648773, 0.30793511867523193, 0.3005661964416504, 0.3022126853466034, 0.29960593581199646, 0.3034537434577942, 0.3000493347644806, 0.3022749722003937, 0.3043956458568573, 0.3023488521575928, 0.30117863416671753, 0.30395737290382385, 0.3017899990081787, 0.30989113450050354, 0.3020669221878052, 0.3008041977882385, 0.3002471625804901, 0.3077198266983032, 0.30455902218818665, 0.3009132742881775, 0.30660632252693176, 0.30235469341278076, 0.30044686794281006, 0.3031752109527588, 0.3109661340713501, 0.30231496691703796, 0.29810792207717896, 0.299124151468277, 0.31656378507614136, 0.3009127676486969, 0.3038027286529541, 0.3107117712497711, 0.30061638355255127, 0.3096376657485962, 0.30303627252578735, 0.29904401302337646, 0.3040592670440674, 0.3036252558231354, 0.30113622546195984, 0.29849889874458313, 0.2972014546394348, 0.30576375126838684, 0.30035457015037537, 0.3043009638786316, 0.31203266978263855, 0.3113565742969513, 0.30555984377861023, 0.30375659465789795, 0.30742722749710083, 0.30007508397102356, 0.29957687854766846, 0.3105602562427521, 0.3023681044578552, 0.3023913502693176, 0.3075273931026459, 0.30384576320648193, 0.30047309398651123, 0.30304163694381714, 0.3036307990550995, 0.31010910868644714, 0.29909777641296387, 0.2981274724006653, 0.297845721244812, 0.30804479122161865, 0.29924580454826355, 0.2998432517051697, 0.3018417954444885, 0.2999737560749054, 0.299718976020813, 0.32284560799598694, 0.32666781544685364, 0.32743358612060547, 0.32247814536094666, 0.32364994287490845, 0.32606589794158936, 0.3308139443397522, 0.3262159824371338, 0.32337692379951477, 0.32572150230407715, 0.3270946145057678, 0.3227423131465912, 0.3248470425605774, 0.3256937265396118, 0.3298295736312866, 0.32531437277793884, 0.3271926939487457, 0.33136922121047974, 0.3274085223674774, 0.32463324069976807, 0.32386550307273865, 0.329985648393631, 0.3232972323894501, 0.3271537125110626, 0.32765015959739685, 0.325316458940506, 0.32376089692115784, 0.32568758726119995, 0.3242737054824829, 0.32380199432373047, 0.3256913721561432, 0.3375631272792816, 0.32289671897888184, 0.3230837881565094, 0.3226763904094696, 0.3255898356437683, 0.32741400599479675, 0.3262137174606323, 0.3306536078453064, 0.3301219642162323, 0.3247610926628113, 0.3253166079521179, 0.3216572105884552, 0.3263460099697113, 0.32741641998291016, 0.3241511285305023, 0.3267962634563446, 0.3310886323451996, 0.32966557145118713, 0.3271501660346985, 0.32534754276275635, 0.33921682834625244, 0.32197806239128113, 0.32479244470596313, 0.3218132257461548, 0.32096508145332336, 0.32422134280204773, 0.3235492408275604, 0.3558426797389984, 0.3229058086872101, 0.32566314935684204, 0.3268597424030304, 0.3270932734012604, 0.3237622082233429, 0.3252229690551758, 0.33282947540283203, 0.3229338526725769, 0.32429832220077515, 0.32220035791397095, 0.32373344898223877, 0.322765588760376, 0.324918657541275, 0.3250059187412262, 0.3224831521511078, 0.32220906019210815, 0.325266033411026, 0.32388225197792053, 0.32479625940322876, 0.3229716420173645, 0.32434317469596863, 0.3274318277835846, 0.3367443084716797, 0.323207288980484, 0.3245679438114166, 0.3214157521724701, 0.32554686069488525, 0.32311588525772095, 0.3257402777671814, 0.3250461220741272, 0.39508283138275146, 0.39551690220832825, 0.39405861496925354, 0.39284995198249817, 0.39463645219802856, 0.39320647716522217, 0.39288097620010376, 0.39273205399513245, 0.3941662609577179, 0.39219093322753906, 0.40899503231048584, 0.4072592556476593, 0.40723350644111633, 0.408735454082489, 0.4085766077041626, 0.4072732627391815, 0.4076918065547943, 0.41149279475212097, 0.40774136781692505, 0.4084918200969696, 0.4072263240814209, 0.4103144407272339, 0.40774667263031006, 0.40772545337677, 0.4076940417289734, 0.407273530960083, 0.40806999802589417, 0.4078279435634613, 0.4083157777786255, 0.4076610207557678, 0.41015625, 0.40823546051979065, 0.4087499976158142, 0.4077650010585785, 0.4074327051639557, 0.4072326421737671, 0.4097297787666321, 0.4082419276237488, 0.40732017159461975, 0.4074794054031372, 0.4072377681732178, 0.40722620487213135, 0.408090204000473, 0.40922558307647705, 0.4106999337673187, 0.40773990750312805, 0.40879523754119873, 0.4097168743610382, 0.40932342410087585, 0.407331645488739, 0.4080013632774353, 0.41016724705696106, 0.4073711335659027, 0.4085226356983185, 0.4073337912559509, 0.40944579243659973, 0.40786412358283997, 0.4079495966434479, 0.409845769405365, 0.4099885821342468, 0.40791237354278564, 0.40774956345558167, 0.40759533643722534, 0.4101269245147705, 0.4074469804763794, 0.4080619513988495, 0.4075780212879181, 0.40808531641960144, 0.4086464047431946, 0.40728867053985596, 0.40722715854644775, 0.4079994261264801, 0.4112617075443268, 0.40828853845596313, 0.40731045603752136, 0.4088866114616394, 0.4076628088951111, 0.40727224946022034, 0.4078962802886963, 0.40725135803222656, 0.407251238822937, 0.4115552604198456, 0.4073529839515686, 0.41156643629074097, 0.40993571281433105, 0.4076307415962219, 0.41098058223724365, 0.4080624282360077, 0.4072837829589844, 0.4079968333244324, 0.4082060158252716, 0.4085673987865448, 0.4098391830921173, 0.40814369916915894, 0.40739762783050537, 0.40936607122421265, 0.4129442572593689, 0.4085148870944977, 0.4100683629512787, 0.41030967235565186, 0.40725845098495483, 0.40774005651474, 0.41028931736946106, 0.4074246883392334, 0.40837493538856506, 0.4072505831718445, 0.4072389304637909, 0.40772467851638794, 0.41066479682922363, 0.40770119428634644, 0.4073745310306549, 0.40741363167762756, 0.40990063548088074, 0.4077119529247284, 0.40734314918518066, 0.407500684261322, 0.41201454401016235, 0.4073566794395447, 0.4073108434677124, 0.4074944257736206, 0.4087733030319214, 0.4077761173248291, 0.4072924554347992, 0.40871796011924744, 0.4073484539985657, 0.4087564945220947, 0.4074520468711853, 0.4076697826385498, 0.4079098403453827, 0.40862610936164856, 0.40771836042404175, 0.40797579288482666, 0.4072268307209015, 0.40742456912994385, 0.4093032479286194, 0.4106816351413727, 0.4084930419921875, 0.40871661901474, 0.4079892337322235, 0.40724217891693115, 0.40725964307785034, 0.4109497368335724, 0.4072326421737671, 0.40934157371520996, 0.4090542197227478, 0.4082854092121124, 0.40744468569755554, 0.407235711812973, 0.411078542470932, 0.4075273275375366, 0.40859854221343994, 0.4084150791168213, 0.40778812766075134, 0.41551345586776733, 0.4075169861316681, 0.4099876880645752, 0.40826889872550964, 0.40841132402420044, 0.4107712507247925, 0.40749603509902954, 0.4101054072380066, 0.40729641914367676, 0.4073101282119751, 0.4115997552871704, 0.40723946690559387, 0.40831494331359863, 0.4083329141139984, 0.4072505533695221, 0.40736275911331177, 0.40729373693466187, 0.4073224663734436, 0.4083845019340515, 0.4077093005180359, 0.40736424922943115, 0.4074038565158844, 0.41024619340896606, 0.40724194049835205, 0.4073919653892517, 0.40763378143310547, 0.4084773361682892, 0.40778297185897827, 0.40730229020118713, 0.40842530131340027, 0.4127349853515625, 0.409301221370697, 0.40791183710098267, 0.4072423577308655, 0.4088466763496399, 0.4124797582626343, 0.4072261452674866, 0.413565456867218, 0.4074169993400574, 0.4072386920452118, 0.40772128105163574, 0.41117897629737854, 0.40863922238349915, 0.40730199217796326, 0.40792378783226013, 0.4074309170246124, 0.40907174348831177, 0.40777701139450073, 0.4072352349758148, 0.4073467552661896, 0.4075021743774414, 0.4080566465854645, 0.4074136018753052, 0.40863490104675293, 0.4077163338661194, 0.4073360562324524, 0.407624214887619, 0.4078674018383026, 0.40895965695381165, 0.4100806713104248, 0.40883952379226685, 0.4146992564201355, 0.4074707329273224, 0.40755847096443176, 0.4078742563724518, 0.4074525833129883, 0.407607764005661, 0.41049742698669434, 0.4088178873062134, 0.40733250975608826, 0.40791720151901245, 0.4074246883392334, 0.40739941596984863, 0.4073401391506195, 0.4075653553009033, 0.4073704481124878, 0.40776702761650085, 0.40808379650115967, 0.4079802632331848, 0.40787237882614136, 0.40904685854911804, 0.40734368562698364, 0.40726619958877563, 0.40740489959716797, 0.4086151123046875, 0.4081137180328369, 0.4072261452674866, 0.41032764315605164, 0.40824803709983826, 0.40746891498565674, 0.40723299980163574, 0.4093204438686371, 0.40724116563796997, 0.4076687693595886, 0.4072343707084656, 0.4083159565925598, 0.4073159098625183, 0.4074263274669647, 0.4086854159832001, 0.40873977541923523, 0.40740272402763367, 0.40722769498825073, 0.4072941541671753, 0.4072493016719818, 0.4075533151626587, 0.40765658020973206, 0.40725064277648926, 0.40765437483787537, 0.41112610697746277, 0.40846097469329834, 0.4072757661342621, 0.4072698950767517, 0.4084620773792267, 0.41237178444862366, 0.4077807366847992, 0.4081539511680603]",0.0,"[33.0, 6.0, 5.0, 5.0, 5.0, 5.0, 5.0, 5.0, 5.0, 4.0, 4.0, 4.0, 4.0, 4.0, 4.0, 4.0, 4.0, 4.0, 4.0, 4.0, 4.0, 4.0, 4.0, 4.0, 4.0, 4.0, 4.0, 4.0, 4.0, 4.0, 4.0, 4.0, 4.0, 4.0, 4.0, 4.0, 4.0, 4.0, 4.0, 4.0, 4.0, 4.0, 4.0, 4.0, 4.0, 4.0, 4.0, 4.0, 4.0, 4.0, 4.0, 4.0, 4.0, 4.0, 4.0, 4.0, 4.0, 4.0, 4.0, 4.0, 4.0, 4.0, 4.0, 4.0, 4.0, 4.0, 4.0, 4.0, 4.0, 4.0, 4.0, 4.0, 4.0, 4.0, 4.0, 4.0, 4.0, 4.0, 4.0, 4.0, 4.0, 4.0, 4.0, 4.0, 4.0, 4.0, 4.0, 4.0, 4.0, 4.0, 4.0, 4.0, 4.0, 4.0, 4.0, 4.0, 4.0, 4.0, 4.0, 4.0, 4.0, 4.0, 4.0, 4.0, 4.0, 4.0, 4.0, 4.0, 4.0, 4.0, 4.0, 4.0, 4.0, 4.0, 4.0, 4.0, 4.0, 3.0, 3.0, 3.0, 3.0, 3.0, 3.0, 3.0, 3.0, 3.0, 3.0, 3.0, 3.0, 3.0, 3.0, 3.0, 3.0, 3.0, 3.0, 3.0, 3.0, 3.0, 3.0, 3.0, 3.0, 3.0, 3.0, 3.0, 3.0, 3.0, 3.0, 3.0, 3.0, 3.0, 3.0, 3.0, 3.0, 3.0, 3.0, 3.0, 3.0, 3.0, 3.0, 3.0, 3.0, 3.0, 3.0, 3.0, 3.0, 3.0, 3.0, 3.0, 3.0, 3.0, 3.0, 3.0, 3.0, 3.0, 3.0, 3.0, 3.0, 3.0, 3.0, 3.0, 3.0, 3.0, 3.0, 3.0, 3.0, 3.0, 3.0, 3.0, 3.0, 3.0, 3.0, 3.0, 3.0, 3.0, 3.0, 3.0, 3.0, 3.0, 3.0, 3.0, 3.0, 3.0, 3.0, 3.0, 3.0, 3.0, 1.0, 1.0, 1.0, 1.0, 1.0, 1.0, 1.0, 1.0, 1.0, 1.0, 0.0, 0.0, 0.0, 0.0, 0.0, 0.0, 0.0, 0.0, 0.0, 0.0, 0.0, 0.0, 0.0, 0.0, 0.0, 0.0, 0.0, 0.0, 0.0, 0.0, 0.0, 0.0, 0.0, 0.0, 0.0, 0.0, 0.0, 0.0, 0.0, 0.0, 0.0, 0.0, 0.0, 0.0, 0.0, 0.0, 0.0, 0.0, 0.0, 0.0, 0.0, 0.0, 0.0, 0.0, 0.0, 0.0, 0.0, 0.0, 0.0, 0.0, 0.0, 0.0, 0.0, 0.0, 0.0, 0.0, 0.0, 0.0, 0.0, 0.0, 0.0, 0.0, 0.0, 0.0, 0.0, 0.0, 0.0, 0.0, 0.0, 0.0, 0.0, 0.0, 0.0, 0.0, 0.0, 0.0, 0.0, 0.0, 0.0, 0.0, 0.0, 0.0, 0.0, 0.0, 0.0, 0.0, 0.0, 0.0, 0.0, 0.0, 0.0, 0.0, 0.0, 0.0, 0.0, 0.0, 0.0, 0.0, 0.0, 0.0, 0.0, 0.0, 0.0, 0.0, 0.0, 0.0, 0.0, 0.0, 0.0, 0.0, 0.0, 0.0, 0.0, 0.0, 0.0, 0.0, 0.0, 0.0, 0.0, 0.0, 0.0, 0.0, 0.0, 0.0, 0.0, 0.0, 0.0, 0.0, 0.0, 0.0, 0.0, 0.0, 0.0, 0.0, 0.0, 0.0, 0.0, 0.0, 0.0, 0.0, 0.0, 0.0, 0.0, 0.0, 0.0, 0.0, 0.0, 0.0, 0.0, 0.0, 0.0, 0.0, 0.0, 0.0, 0.0, 0.0, 0.0, 0.0, 0.0, 0.0, 0.0, 0.0, 0.0, 0.0, 0.0, 0.0, 0.0, 0.0, 0.0, 0.0, 0.0, 0.0, 0.0, 0.0, 0.0, 0.0, 0.0, 0.0, 0.0, 0.0, 0.0, 0.0, 0.0, 0.0, 0.0, 0.0, 0.0, 0.0, 0.0, 0.0, 0.0, 0.0, 0.0, 0.0, 0.0, 0.0, 0.0, 0.0, 0.0, 0.0, 0.0, 0.0, 0.0, 0.0, 0.0, 0.0, 0.0, 0.0, 0.0, 0.0, 0.0, 0.0, 0.0, 0.0, 0.0, 0.0, 0.0, 0.0, 0.0, 0.0, 0.0, 0.0, 0.0, 0.0, 0.0, 0.0, 0.0, 0.0, 0.0, 0.0, 0.0, 0.0, 0.0, 0.0, 0.0, 0.0, 0.0, 0.0, 0.0, 0.0, 0.0, 0.0, 0.0, 0.0, 0.0, 0.0, 0.0, 0.0, 0.0, 0.0, 0.0, 0.0, 0.0, 0.0, 0.0, 0.0, 0.0, 0.0, 0.0]",COMPLETE
