,number,value,datetime_start,datetime_complete,duration,params_batch_size_scaler,params_constant_learning_rate,params_depth,params_epochs,params_kernel_l2,params_num_trees,params_temperature,user_attrs_accuracy_test,user_attrs_accuracy_valid,user_attrs_approximate_feature_sparsity,user_attrs_approximate_feature_sparsity_history,user_attrs_approximate_weight_sparsity,user_attrs_approximate_weight_sparsity_history,user_attrs_auc_test,user_attrs_auc_valid,user_attrs_feature_sparsity,user_attrs_feature_sparsity_history,user_attrs_num_epochs,user_attrs_val_loss_history,user_attrs_weight_sparsity,user_attrs_weight_sparsity_history,state
157,157,0.5,2024-08-31 06:23:50.588799,2024-08-31 06:25:10.222289,0 days 00:01:19.633490,4,1.347410430875622,2,305,0.07473547316279355,51,0.011393664895233812,0.859,0.85875,0,"[0, 0, 0, 0, 0, 0, 0, 0, 0, 0, 0, 0, 0, 0, 0, 0, 0, 0, 0, 0, 0, 0, 0, 0, 0, 0, 0, 0, 0, 0, 0, 0, 0, 0, 0, 0, 0, 0, 0, 0, 0, 0, 0, 0, 0, 0, 0, 0, 0, 0, 0, 0, 0, 0, 0, 0, 0, 0, 0, 0, 0, 0, 0, 0, 0, 0, 0, 0, 0, 0, 0, 0, 0, 0, 0, 0, 0, 0, 0, 0, 0, 0, 0, 0, 0, 0, 0, 0, 0, 0, 0, 0, 0, 0, 0, 0, 0, 0, 0, 0, 0, 0, 0, 0, 0, 0, 0, 0, 0, 0, 0, 0, 0, 0, 0, 0, 0, 0, 0, 0, 0, 0, 0, 0, 0, 0, 0, 0, 0, 0, 0, 0, 0, 0, 0, 0, 0, 0, 0, 0, 0, 0, 0, 0, 0, 0, 0, 0, 0, 0, 0, 0, 0, 0, 0, 0, 0, 0, 0, 0, 0, 0, 0, 0, 0, 0, 0, 0, 0, 0, 0, 0, 0, 0, 0, 0, 0, 0, 0, 0, 0, 0, 0, 0, 0, 0, 0, 0, 0, 0, 0, 0, 0, 0, 0, 0, 0, 0, 0, 0, 0, 0, 0, 0, 0, 0, 0, 0, 0, 0, 0, 0, 0, 0, 0, 0, 0, 0, 0, 0, 0, 0, 0, 0, 0, 0, 0, 0, 0, 0, 0, 0, 0, 0, 0, 0, 0, 0, 0, 0, 0, 0, 0, 0, 0, 0, 0, 0, 0, 0, 0, 0, 0, 0, 0, 0, 0, 0, 0, 0, 0, 0, 0, 0, 0, 0, 0, 0, 0, 0, 0, 0, 0, 0, 0, 0, 0, 0, 0, 0, 0, 0, 0, 0, 0, 0, 0, 0, 0, 0, 0, 0, 0, 0, 0, 0, 0, 0, 0, 0, 0, 0, 0, 0, 0]",0.0,"[0.0, 0.0, 0.0, 0.0, 0.0, 0.0, 0.0, 0.0, 0.0, 0.0, 0.0, 0.0, 0.0, 0.0, 0.0, 0.0, 0.0, 0.0, 0.0, 0.0, 0.0, 0.0, 0.0, 0.0, 0.0, 0.0, 0.0, 0.0, 0.0, 0.0, 0.0, 0.0, 0.0, 0.0, 0.0, 0.0, 0.0, 0.0, 0.0, 0.0, 0.0, 0.0, 0.0, 0.0, 0.0, 0.0, 0.0, 0.0, 0.0, 0.0, 0.0, 0.0, 0.0, 0.0, 0.0, 0.0, 0.0, 0.0, 0.0, 0.0, 0.0, 0.0, 0.0, 0.0, 0.0, 0.0, 0.0, 0.0, 0.0, 0.0, 0.0, 0.0, 0.0, 0.0, 0.0, 0.0, 0.0, 0.0, 0.0, 0.0, 0.0, 0.0, 0.0, 0.0, 0.0, 0.0, 0.0, 0.0, 0.0, 0.0, 0.0, 0.0, 0.0, 0.0, 0.0, 0.0, 0.0, 0.0, 0.0, 0.0, 0.0, 0.0, 0.0, 0.0, 0.0, 0.0, 0.0, 0.0, 0.0, 0.0, 0.0, 0.0, 0.0, 0.0, 0.0, 0.0, 0.0, 0.0, 0.0, 0.0, 0.0, 0.0, 0.0, 0.0, 0.0, 0.0, 0.0, 0.0, 0.0, 0.0, 0.0, 0.0, 0.0, 0.0, 0.0, 0.0, 0.0, 0.0, 0.0, 0.0, 0.0, 0.0, 0.0, 0.0, 0.0, 0.0, 0.0, 0.0, 0.0, 0.0, 0.0, 0.0, 0.0, 0.0, 0.0, 0.0, 0.0, 0.0, 0.0, 0.0, 0.0, 0.0, 0.0, 0.0, 0.0, 0.0, 0.0, 0.0, 0.0, 0.0, 0.0, 0.0, 0.0, 0.0, 0.0, 0.0, 0.0, 0.0, 0.0, 0.0, 0.0, 0.0, 0.0, 0.0, 0.0, 0.0, 0.0, 0.0, 0.0, 0.0, 0.0, 0.0, 0.0, 0.0, 0.0, 0.0, 0.0, 0.0, 0.0, 0.0, 0.0, 0.0, 0.0, 0.0, 0.0, 0.0, 0.0, 0.0, 0.0, 0.0, 0.0, 0.0, 0.0, 0.0, 0.0, 0.0, 0.0, 0.0, 0.0, 0.0, 0.0, 0.0, 0.0, 0.0, 0.0, 0.0, 0.0, 0.0, 0.0, 0.0, 0.0, 0.0, 0.0, 0.0, 0.0, 0.0, 0.0, 0.0, 0.0, 0.0, 0.0, 0.0, 0.0, 0.0, 0.0, 0.0, 0.0, 0.0, 0.0, 0.0, 0.0, 0.0, 0.0, 0.0, 0.0, 0.0, 0.0, 0.0, 0.0, 0.0, 0.0, 0.0, 0.0, 0.0, 0.0, 0.0, 0.0, 0.0, 0.0, 0.0, 0.0, 0.0, 0.0, 0.0, 0.0, 0.0, 0.0, 0.0, 0.0, 0.0, 0.0, 0.0, 0.0, 0.0, 0.0, 0.0, 0.0, 0.0, 0.0, 0.0, 0.0, 0.0, 0.0, 0.0, 0.0, 0.0, 0.0, 0.0, 0.0, 0.0, 0.0, 0.0, 0.0, 0.0, 0.0]",0.5,0.5,0,"[0, 0, 0, 0, 0, 0, 0, 0, 0, 0, 0, 0, 0, 0, 0, 0, 0, 0, 0, 0, 0, 0, 0, 0, 0, 0, 0, 0, 0, 0, 0, 0, 0, 0, 0, 0, 0, 0, 0, 0, 0, 0, 0, 0, 0, 0, 0, 0, 0, 0, 0, 0, 0, 0, 0, 0, 0, 0, 0, 0, 0, 0, 0, 0, 0, 0, 0, 0, 0, 0, 0, 0, 0, 0, 0, 0, 0, 0, 0, 0, 0, 0, 0, 0, 0, 0, 0, 0, 0, 0, 0, 0, 0, 0, 0, 0, 0, 0, 0, 0, 0, 0, 0, 0, 0, 0, 0, 0, 0, 0, 0, 0, 0, 0, 0, 0, 0, 0, 0, 0, 0, 0, 0, 0, 0, 0, 0, 0, 0, 0, 0, 0, 0, 0, 0, 0, 0, 0, 0, 0, 0, 0, 0, 0, 0, 0, 0, 0, 0, 0, 0, 0, 0, 0, 0, 0, 0, 0, 0, 0, 0, 0, 0, 0, 0, 0, 0, 0, 0, 0, 0, 0, 0, 0, 0, 0, 0, 0, 0, 0, 0, 0, 0, 0, 0, 0, 0, 0, 0, 0, 0, 0, 0, 0, 0, 0, 0, 0, 0, 0, 0, 0, 0, 0, 0, 0, 0, 0, 0, 0, 0, 0, 0, 0, 0, 0, 0, 0, 0, 0, 0, 0, 0, 0, 0, 0, 0, 0, 0, 0, 0, 0, 0, 0, 0, 0, 0, 0, 0, 0, 0, 0, 0, 0, 0, 0, 0, 0, 0, 0, 0, 0, 0, 0, 0, 0, 0, 0, 0, 0, 0, 0, 0, 0, 0, 0, 0, 0, 0, 0, 0, 0, 0, 0, 0, 0, 0, 0, 0, 0, 0, 0, 0, 0, 0, 0, 0, 0, 0, 0, 0, 0, 0, 0, 0, 0, 0, 0, 0, 0, 0, 0, 0, 0, 0]",305,"[1.6569361686706543, 1.7167575359344482, 0.573859453201294, 1.9853639602661133, 0.49202486872673035, 0.9869299530982971, 0.44318822026252747, 1.7772424221038818, 2.1974713802337646, 1.1112695932388306, 1.682031273841858, 0.4604562520980835, 0.5691876411437988, 2.6005008220672607, 0.512427806854248, 0.602444589138031, 1.5208317041397095, 0.4085942208766937, 0.40751782059669495, 1.3441964387893677, 0.742750883102417, 1.217862606048584, 1.157556414604187, 1.4439724683761597, 0.6250994205474854, 0.41852661967277527, 0.42996734380722046, 3.0448572635650635, 0.5281661748886108, 1.473921537399292, 0.8556381464004517, 1.0379770994186401, 1.6009656190872192, 0.8771395683288574, 0.4221796691417694, 1.0901976823806763, 2.448089838027954, 1.0082273483276367, 0.4889708459377289, 0.926209568977356, 0.5057390332221985, 3.382298231124878, 1.7112852334976196, 0.4079318642616272, 0.8176828622817993, 1.4057409763336182, 1.4066493511199951, 0.4918748438358307, 0.44878289103507996, 1.4694665670394897, 0.458251029253006, 0.5741358399391174, 1.518396258354187, 1.6273961067199707, 0.44539889693260193, 2.2225255966186523, 0.7980033159255981, 2.0553975105285645, 1.1884832382202148, 1.5706431865692139, 1.023226261138916, 0.8494922518730164, 1.2807804346084595, 0.46008819341659546, 0.46212559938430786, 1.8444151878356934, 0.48214641213417053, 0.7483047246932983, 0.49268168210983276, 2.1913156509399414, 0.6176261901855469, 2.0532848834991455, 0.4073413908481598, 3.416602849960327, 0.7222946882247925, 3.5190083980560303, 0.4363080859184265, 2.8319551944732666, 0.6199901700019836, 0.7230477333068848, 0.7170431613922119, 1.8577831983566284, 0.41177070140838623, 2.277174949645996, 1.7968876361846924, 1.4819014072418213, 0.6764106750488281, 1.6704593896865845, 3.4778876304626465, 1.6390924453735352, 1.481412410736084, 0.5228548645973206, 1.4952244758605957, 1.0728404521942139, 2.818998336791992, 0.8312506079673767, 1.678083062171936, 1.8530443906784058, 3.116163730621338, 1.8853787183761597, 3.2250258922576904, 0.5552111268043518, 1.336043119430542, 2.2942068576812744, 0.7317900061607361, 3.9610462188720703, 0.43698543310165405, 0.5851297974586487, 0.5462130904197693, 0.4920186698436737, 0.568304181098938, 1.546042799949646, 0.4079202711582184, 0.5037402510643005, 1.9717105627059937, 0.4379570782184601, 1.7041009664535522, 0.8179516792297363, 0.7530247569084167, 2.595191240310669, 3.079674005508423, 0.42434120178222656, 2.572441339492798, 2.789127826690674, 0.4084146022796631, 0.5809568166732788, 2.085545539855957, 3.6515555381774902, 2.433320999145508, 0.4247845709323883, 0.5199533700942993, 1.5643366575241089, 0.40741515159606934, 1.353699803352356, 0.41175052523612976, 0.7222617864608765, 2.4399445056915283, 1.40997314453125, 0.42408984899520874, 0.9023802876472473, 0.5193091630935669, 0.6049858331680298, 0.6263362765312195, 2.8088958263397217, 0.5053279399871826, 0.44683516025543213, 0.5869420766830444, 0.4072352349758148, 0.5475953817367554, 0.417001336812973, 2.6752612590789795, 0.4242463707923889, 0.4440602958202362, 2.627964735031128, 1.8162411451339722, 1.4273775815963745, 0.9377727508544922, 0.6597247123718262, 0.40727755427360535, 1.9997135400772095, 1.317244529724121, 2.821847438812256, 0.8728892803192139, 0.7081738114356995, 0.8325488567352295, 2.0553641319274902, 0.6630140542984009, 1.022887110710144, 1.105584740638733, 0.7123754620552063, 1.6213680505752563, 1.7125188112258911, 1.334673285484314, 0.4272579252719879, 0.40874961018562317, 0.45543548464775085, 0.7494724988937378, 1.4659596681594849, 0.40861475467681885, 1.7918822765350342, 0.771017849445343, 1.825688123703003, 4.384466171264648, 3.1222217082977295, 1.6458989381790161, 2.685157537460327, 0.7957373261451721, 0.8613365292549133, 0.961682915687561, 2.0274219512939453, 0.4423748254776001, 1.99995756149292, 1.1302872896194458, 2.8118295669555664, 0.6881310343742371, 3.231605291366577, 1.8373875617980957, 2.7043442726135254, 1.129878282546997, 1.3138630390167236, 0.5729525089263916, 0.4479239583015442, 3.1130101680755615, 1.0484023094177246, 0.41269657015800476, 1.333219289779663, 0.4504353702068329, 0.416685551404953, 0.8297612071037292, 0.4084453582763672, 1.6180328130722046, 1.3778603076934814, 2.5971527099609375, 0.4436519145965576, 1.7566741704940796, 1.8261878490447998, 3.4886581897735596, 0.5315437316894531, 1.3355135917663574, 0.40919581055641174, 0.44582825899124146, 1.6641592979431152, 0.6874052286148071, 0.6755341291427612, 1.145137071609497, 1.7544442415237427, 0.9795582294464111, 1.0739425420761108, 1.1758705377578735, 1.8686800003051758, 2.288571834564209, 0.43811774253845215, 1.905081033706665, 0.41297227144241333, 0.40809744596481323, 0.5381895303726196, 2.4762191772460938, 0.44575798511505127, 1.6893388032913208, 2.615013360977173, 0.5895178318023682, 0.5127590298652649, 0.7504454255104065, 0.9480047821998596, 1.0072847604751587, 0.4073992669582367, 1.562888503074646, 2.1554114818573, 0.49710598587989807, 0.5932072401046753, 0.8231939077377319, 0.5099916458129883, 3.23193359375, 0.7702972888946533, 2.7841382026672363, 0.9319265484809875, 1.9961248636245728, 1.0657271146774292, 0.5993595719337463, 0.8322418332099915, 0.9703783392906189, 0.4136822521686554, 0.9138424396514893, 0.515841543674469, 0.42566436529159546, 3.402153730392456, 1.3811306953430176, 0.41859889030456543, 0.6097614169120789, 0.49503979086875916, 1.0046275854110718, 1.7871830463409424, 2.372823715209961, 1.227820873260498, 0.6751210689544678, 0.40973174571990967, 1.8897655010223389, 0.9693045020103455, 0.42104461789131165, 0.5469453930854797, 0.935991644859314, 0.6964735984802246, 1.2025611400604248, 0.5164412260055542, 2.0971124172210693, 1.0934038162231445, 0.5785887241363525, 2.026594400405884, 0.6788321733474731, 0.6195292472839355, 0.6681530475616455, 0.4075525999069214, 0.4541154205799103, 0.4087892770767212, 0.4225214421749115, 0.6650063395500183, 0.5070536732673645, 0.4223138093948364, 0.767769992351532, 3.073430061340332, 1.2112637758255005, 0.4899868071079254, 0.4770718812942505, 1.2616186141967773, 0.7095050811767578]",0.0,"[0.0, 0.0, 0.0, 0.0, 0.0, 0.0, 0.0, 0.0, 0.0, 0.0, 0.0, 0.0, 0.0, 0.0, 0.0, 0.0, 0.0, 0.0, 0.0, 0.0, 0.0, 0.0, 0.0, 0.0, 0.0, 0.0, 0.0, 0.0, 0.0, 0.0, 0.0, 0.0, 0.0, 0.0, 0.0, 0.0, 0.0, 0.0, 0.0, 0.0, 0.0, 0.0, 0.0, 0.0, 0.0, 0.0, 0.0, 0.0, 0.0, 0.0, 0.0, 0.0, 0.0, 0.0, 0.0, 0.0, 0.0, 0.0, 0.0, 0.0, 0.0, 0.0, 0.0, 0.0, 0.0, 0.0, 0.0, 0.0, 0.0, 0.0, 0.0, 0.0, 0.0, 0.0, 0.0, 0.0, 0.0, 0.0, 0.0, 0.0, 0.0, 0.0, 0.0, 0.0, 0.0, 0.0, 0.0, 0.0, 0.0, 0.0, 0.0, 0.0, 0.0, 0.0, 0.0, 0.0, 0.0, 0.0, 0.0, 0.0, 0.0, 0.0, 0.0, 0.0, 0.0, 0.0, 0.0, 0.0, 0.0, 0.0, 0.0, 0.0, 0.0, 0.0, 0.0, 0.0, 0.0, 0.0, 0.0, 0.0, 0.0, 0.0, 0.0, 0.0, 0.0, 0.0, 0.0, 0.0, 0.0, 0.0, 0.0, 0.0, 0.0, 0.0, 0.0, 0.0, 0.0, 0.0, 0.0, 0.0, 0.0, 0.0, 0.0, 0.0, 0.0, 0.0, 0.0, 0.0, 0.0, 0.0, 0.0, 0.0, 0.0, 0.0, 0.0, 0.0, 0.0, 0.0, 0.0, 0.0, 0.0, 0.0, 0.0, 0.0, 0.0, 0.0, 0.0, 0.0, 0.0, 0.0, 0.0, 0.0, 0.0, 0.0, 0.0, 0.0, 0.0, 0.0, 0.0, 0.0, 0.0, 0.0, 0.0, 0.0, 0.0, 0.0, 0.0, 0.0, 0.0, 0.0, 0.0, 0.0, 0.0, 0.0, 0.0, 0.0, 0.0, 0.0, 0.0, 0.0, 0.0, 0.0, 0.0, 0.0, 0.0, 0.0, 0.0, 0.0, 0.0, 0.0, 0.0, 0.0, 0.0, 0.0, 0.0, 0.0, 0.0, 0.0, 0.0, 0.0, 0.0, 0.0, 0.0, 0.0, 0.0, 0.0, 0.0, 0.0, 0.0, 0.0, 0.0, 0.0, 0.0, 0.0, 0.0, 0.0, 0.0, 0.0, 0.0, 0.0, 0.0, 0.0, 0.0, 0.0, 0.0, 0.0, 0.0, 0.0, 0.0, 0.0, 0.0, 0.0, 0.0, 0.0, 0.0, 0.0, 0.0, 0.0, 0.0, 0.0, 0.0, 0.0, 0.0, 0.0, 0.0, 0.0, 0.0, 0.0, 0.0, 0.0, 0.0, 0.0, 0.0, 0.0, 0.0, 0.0, 0.0, 0.0, 0.0, 0.0, 0.0, 0.0, 0.0, 0.0, 0.0, 0.0, 0.0, 0.0, 0.0, 0.0, 0.0, 0.0, 0.0, 0.0, 0.0, 0.0, 0.0, 0.0, 0.0, 0.0, 0.0, 0.0, 0.0, 0.0, 0.0]",COMPLETE
158,158,0.6875088559982481,2024-08-31 06:25:14.783076,2024-08-31 06:26:35.753950,0 days 00:01:20.970874,64,0.04983141542513893,6,45,0.14865131746782614,90,0.0015577600305807843,0.859,0.85875,33,"[33, 33, 33, 33, 33, 33, 33, 33, 33, 33, 33, 33, 33, 33, 33, 33, 33, 33, 33, 33, 33, 33, 33, 33, 33, 33, 33, 33, 33, 33, 33, 33, 33, 33, 33, 33, 33, 33, 33, 33, 33, 33, 33, 33, 33]",32.89664902998236,"[32.90088183421517, 32.903350970017634, 32.90088183421516, 32.8994708994709, 32.899647266313934, 32.89876543209876, 32.9005291005291, 32.8978835978836, 32.89647266313933, 32.89647266313933, 32.89647266313933, 32.89664902998236, 32.89506172839506, 32.89365079365079, 32.89488536155203, 32.89417989417989, 32.89559082892416, 32.89453262786596, 32.89488536155203, 32.89753086419753, 32.8989417989418, 32.899647266313934, 32.8994708994709, 32.89770723104056, 32.89929453262786, 32.89770723104056, 32.89611992945326, 32.8973544973545, 32.899647266313934, 32.90035273368607, 32.9, 32.899118165784834, 32.89559082892416, 32.897530864197535, 32.89788359788359, 32.89506172839506, 32.89365079365079, 32.89417989417989, 32.89382716049383, 32.89347442680776, 32.89541446208113, 32.89559082892416, 32.89470899470899, 32.89629629629629, 32.89664902998236]",0.7336090951873777,0.6875088559982481,33,"[33, 33, 33, 33, 33, 33, 33, 33, 33, 33, 33, 33, 33, 33, 33, 33, 33, 33, 33, 33, 33, 33, 33, 33, 33, 33, 33, 33, 33, 33, 33, 33, 33, 33, 33, 33, 33, 33, 33, 33, 33, 33, 33, 33, 33]",45,"[0.6265355348587036, 0.5740605592727661, 0.5340162515640259, 0.5064643025398254, 0.48552176356315613, 0.4700237512588501, 0.45754992961883545, 0.44736525416374207, 0.4394240975379944, 0.4329858124256134, 0.42780226469039917, 0.4244203269481659, 0.4208090901374817, 0.41722938418388367, 0.4145660400390625, 0.4124281704425812, 0.4106907546520233, 0.409676194190979, 0.4083832800388336, 0.4072982668876648, 0.4063664972782135, 0.4057203531265259, 0.40506836771965027, 0.40443429350852966, 0.4038413166999817, 0.40329253673553467, 0.40290191769599915, 0.40258803963661194, 0.4022153913974762, 0.40172281861305237, 0.401429146528244, 0.4011465311050415, 0.4008057713508606, 0.40053021907806396, 0.4002411663532257, 0.39994797110557556, 0.39970433712005615, 0.3994581997394562, 0.39920294284820557, 0.39898455142974854, 0.3987579643726349, 0.3984924256801605, 0.3982652425765991, 0.3980500102043152, 0.39784476161003113]",33.0,"[33.0, 33.0, 33.0, 33.0, 33.0, 33.0, 33.0, 33.0, 33.0, 33.0, 33.0, 33.0, 33.0, 33.0, 33.0, 33.0, 33.0, 33.0, 33.0, 33.0, 33.0, 33.0, 33.0, 33.0, 33.0, 33.0, 33.0, 33.0, 33.0, 33.0, 33.0, 33.0, 33.0, 33.0, 33.0, 33.0, 33.0, 33.0, 33.0, 33.0, 33.0, 33.0, 33.0, 33.0, 33.0]",COMPLETE
