,number,value,datetime_start,datetime_complete,duration,params_batch_size_scaler,params_constant_learning_rate,params_depth,params_epochs,params_kernel_l2,params_num_trees,params_temperature,user_attrs_accuracy_test,user_attrs_accuracy_valid,user_attrs_approximate_feature_sparsity,user_attrs_approximate_feature_sparsity_history,user_attrs_approximate_weight_sparsity,user_attrs_approximate_weight_sparsity_history,user_attrs_auc_test,user_attrs_auc_valid,user_attrs_feature_sparsity,user_attrs_feature_sparsity_history,user_attrs_num_epochs,user_attrs_val_loss_history,user_attrs_weight_sparsity,user_attrs_weight_sparsity_history,state
149,149,0.6915536319253905,2024-08-31 05:52:30.360877,2024-08-31 05:56:35.936924,0 days 00:04:05.576047,64,0.018552213428772387,6,415,0.0021669357415234386,35,0.010651051143441684,0.859,0.85875,33,"[33, 33, 33, 33, 33, 33, 33, 33, 33, 33, 33, 33, 33, 33, 33, 33, 33, 33, 33, 33, 33, 33, 33, 33, 33, 33, 33, 33, 33, 33, 33, 33, 33, 33, 33, 33, 33, 33, 33, 33, 33, 33, 33, 33, 33, 33, 33, 33, 33, 33, 33, 33, 33, 33, 33, 33, 33, 33, 33, 33, 33, 33, 33, 33, 33, 33, 33, 33, 33, 33, 33, 33, 33, 33, 33, 33, 33, 33, 33, 33, 33, 33, 33, 33, 33, 33, 33, 33, 33, 33, 33, 33, 33, 33, 33, 33, 33, 33, 33, 33, 33, 33, 33, 33, 33, 33, 33, 33, 33, 33, 33, 33, 33, 33, 33, 33, 33, 33, 33, 33, 33, 33, 33, 33, 33, 33, 33, 33, 33, 33, 33, 33, 33, 33, 33, 33, 33, 33, 33, 33, 33, 33, 33, 33, 33, 33, 33, 33, 33, 33, 33, 33, 33, 33, 33, 33, 33, 33, 33, 33, 33, 33, 33, 33, 33, 33, 33, 33, 33, 33, 33, 33, 33, 33, 33, 33, 33, 33, 33, 33, 33, 33, 33, 33, 33, 33, 33, 33, 33, 33, 33, 33, 33, 33, 33, 33, 33, 33, 33, 33, 33, 33, 33, 33, 33, 33, 33, 33, 33, 33, 33, 33, 33, 33, 33, 33, 33, 33, 33, 33, 33, 33, 33, 33, 33, 33, 33, 33, 33, 33, 33, 33, 33, 33, 33, 33, 33, 33, 33, 33, 33, 33, 33, 33, 33, 33, 33, 33, 33, 33, 33, 33, 33, 33, 33, 33, 33, 33, 33, 33, 33, 33, 33, 33, 33, 33, 33, 33, 33, 33, 33, 33, 33, 33, 33, 33, 33, 33, 33, 33, 33, 33, 33, 33, 33, 33, 33, 33, 33, 33, 33, 33, 33, 33, 33, 33, 33, 33, 33, 33, 33, 33, 33, 33, 33, 33, 33, 33, 33, 33, 33, 33, 33, 33, 33, 33, 33, 33, 33, 33, 33, 33, 33, 33, 33, 33, 33, 33, 33, 33, 33, 33, 33, 33, 33, 33, 33, 33, 33, 33, 33, 33, 33, 33, 33, 33, 33, 33, 33, 33, 33, 33, 33, 33, 33, 33, 33, 33, 33, 33, 33, 33, 33, 33, 33, 33, 33, 33, 33, 33, 33, 33, 33, 33, 33, 33, 33, 33, 33, 33, 33, 33, 33, 33, 33, 33, 33, 33, 33, 33, 33, 33, 33, 33, 33, 33, 33, 33, 33, 33, 33, 33, 33, 33, 33, 33, 33, 33, 33, 33, 33, 33, 33, 33, 33]",32.93560090702948,"[32.93197278911565, 32.93605442176871, 32.93469387755102, 32.9297052154195, 32.931065759637185, 32.931065759637185, 32.93151927437642, 32.92743764172336, 32.926530612244896, 32.92834467120181, 32.92879818594104, 32.92834467120181, 32.93015873015873, 32.929251700680275, 32.93061224489796, 32.93333333333334, 32.93242630385488, 32.93287981859411, 32.93560090702948, 32.93605442176871, 32.93514739229025, 32.932426303854875, 32.931065759637185, 32.93151927437642, 32.93424036281179, 32.933786848072565, 32.93650793650794, 32.935600907029475, 32.93741496598639, 32.935600907029475, 32.93469387755102, 32.93424036281179, 32.931065759637185, 32.931065759637185, 32.93015873015873, 32.93106575963719, 32.93197278911565, 32.92925170068027, 32.93015873015873, 32.927891156462586, 32.92925170068027, 32.92834467120181, 32.92879818594104, 32.9297052154195, 32.9297052154195, 32.93015873015873, 32.929251700680275, 32.93015873015873, 32.9297052154195, 32.92925170068027, 32.93015873015873, 32.926984126984124, 32.926530612244896, 32.926530612244896, 32.929251700680275, 32.93061224489796, 32.93015873015873, 32.92834467120181, 32.93061224489796, 32.93061224489796, 32.92743764172336, 32.925170068027214, 32.926530612244896, 32.92743764172336, 32.926530612244896, 32.92607709750567, 32.92562358276644, 32.92426303854875, 32.92426303854875, 32.92562358276644, 32.92517006802721, 32.92607709750567, 32.92471655328798, 32.926530612244896, 32.92834467120181, 32.92834467120181, 32.926984126984124, 32.92925170068027, 32.92743764172336, 32.927891156462586, 32.9297052154195, 32.93151927437642, 32.93061224489796, 32.9328798185941, 32.933786848072565, 32.93514739229025, 32.93424036281179, 32.935600907029475, 32.93514739229025, 32.93650793650794, 32.939682539682536, 32.94013605442177, 32.93968253968254, 32.936961451247164, 32.93605442176871, 32.93424036281179, 32.933786848072565, 32.9328798185941, 32.932426303854875, 32.9328798185941, 32.933786848072565, 32.93061224489796, 32.93015873015873, 32.929251700680275, 32.9328798185941, 32.9328798185941, 32.932426303854875, 32.93197278911565, 32.93061224489796, 32.932426303854875, 32.932426303854875, 32.93151927437642, 32.9297052154195, 32.929251700680275, 32.93151927437642, 32.93197278911565, 32.93151927437642, 32.931065759637185, 32.931065759637185, 32.931065759637185, 32.93151927437641, 32.932426303854875, 32.93061224489796, 32.932426303854875, 32.93151927437642, 32.932426303854875, 32.9328798185941, 32.93650793650794, 32.937868480725626, 32.936961451247164, 32.936507936507944, 32.93605442176871, 32.93514739229025, 32.93514739229025, 32.93514739229025, 32.93560090702948, 32.93560090702948, 32.93514739229025, 32.933786848072565, 32.933786848072565, 32.93469387755102, 32.93560090702948, 32.93333333333334, 32.933786848072565, 32.933786848072565, 32.93333333333334, 32.932426303854875, 32.93333333333334, 32.93424036281179, 32.93151927437642, 32.93151927437642, 32.93151927437642, 32.93106575963719, 32.93197278911565, 32.93424036281179, 32.932426303854875, 32.93333333333333, 32.933786848072565, 32.93469387755102, 32.93469387755102, 32.932426303854875, 32.932426303854875, 32.932426303854875, 32.93151927437642, 32.93469387755103, 32.93605442176871, 32.93605442176871, 32.936961451247164, 32.937868480725626, 32.938321995464854, 32.938321995464854, 32.9374149659864, 32.936961451247164, 32.93650793650794, 32.93424036281179, 32.933786848072565, 32.93469387755102, 32.935147392290254, 32.93469387755102, 32.93514739229025, 32.93514739229025, 32.93333333333333, 32.93333333333333, 32.93333333333333, 32.93333333333333, 32.93378684807256, 32.93424036281179, 32.93333333333333, 32.93197278911565, 32.93197278911565, 32.93333333333333, 32.93514739229025, 32.93560090702948, 32.93605442176871, 32.9374149659864, 32.94013605442177, 32.941043083900226, 32.94195011337868, 32.94195011337868, 32.94195011337868, 32.941043083900226, 32.94149659863945, 32.940589569161, 32.941043083900226, 32.94149659863945, 32.94149659863945, 32.94013605442177, 32.93968253968254, 32.94013605442177, 32.939682539682536, 32.941043083900226, 32.94013605442177, 32.93922902494331, 32.93877551020408, 32.93877551020408, 32.93741496598639, 32.936961451247164, 32.93650793650794, 32.93605442176871, 32.935147392290254, 32.93560090702948, 32.93605442176871, 32.93650793650794, 32.93696145124717, 32.93650793650794, 32.93287981859411, 32.93242630385488, 32.93197278911565, 32.93151927437642, 32.93469387755103, 32.93424036281179, 32.93333333333333, 32.93151927437641, 32.93197278911565, 32.931065759637185, 32.92925170068027, 32.92879818594104, 32.930612244897965, 32.93015873015873, 32.93015873015873, 32.92879818594104, 32.92834467120181, 32.927891156462586, 32.926530612244896, 32.926530612244896, 32.92607709750567, 32.927891156462586, 32.92879818594104, 32.93061224489796, 32.93151927437641, 32.93333333333333, 32.93151927437641, 32.93151927437641, 32.93015873015873, 32.9297052154195, 32.9297052154195, 32.93151927437641, 32.93015873015873, 32.93015873015873, 32.93015873015873, 32.93061224489796, 32.93015873015873, 32.93151927437642, 32.93151927437642, 32.932426303854875, 32.9328798185941, 32.93151927437641, 32.93424036281179, 32.93197278911565, 32.930612244897965, 32.93061224489796, 32.929251700680275, 32.93015873015873, 32.93106575963719, 32.93151927437642, 32.93151927437642, 32.93197278911565, 32.93197278911565, 32.93287981859411, 32.93151927437642, 32.93015873015873, 32.929705215419496, 32.93061224489796, 32.93151927437641, 32.93151927437642, 32.93197278911565, 32.93061224489796, 32.93106575963719, 32.93106575963719, 32.93151927437642, 32.93151927437642, 32.931065759637185, 32.93061224489796, 32.93061224489796, 32.92925170068027, 32.927891156462586, 32.926530612244896, 32.92517006802721, 32.92517006802721, 32.92517006802721, 32.92743764172335, 32.927891156462586, 32.926984126984124, 32.926530612244896, 32.92607709750567, 32.9265306122449, 32.92834467120181, 32.92743764172336, 32.92834467120181, 32.92834467120181, 32.93061224489796, 32.93106575963719, 32.93151927437642, 32.931065759637185, 32.9297052154195, 32.927891156462586, 32.92743764172336, 32.92743764172335, 32.926984126984124, 32.92607709750567, 32.927891156462586, 32.92607709750567, 32.92607709750567, 32.927891156462586, 32.929705215419496, 32.92925170068027, 32.9328798185941, 32.93333333333334, 32.93424036281179, 32.93197278911565, 32.932426303854875, 32.932426303854875, 32.93061224489796, 32.929251700680275, 32.92834467120181, 32.92879818594105, 32.92879818594105, 32.929251700680275, 32.93106575963719, 32.93106575963719, 32.93333333333334, 32.93378684807256, 32.93333333333334, 32.93333333333333, 32.9328798185941, 32.9328798185941, 32.932426303854875, 32.93151927437642, 32.931065759637185, 32.931065759637185, 32.931065759637185, 32.93106575963719, 32.931065759637185, 32.931065759637185, 32.93015873015873, 32.931065759637185, 32.93151927437642, 32.932426303854875, 32.931065759637185, 32.93151927437642, 32.93197278911565, 32.93151927437642, 32.93015873015873, 32.93151927437641, 32.932426303854875, 32.93197278911565, 32.93197278911565, 32.9328798185941, 32.932426303854875, 32.93333333333333, 32.93333333333333, 32.93424036281179, 32.93469387755102, 32.93469387755102, 32.93560090702948, 32.93424036281179, 32.93424036281179, 32.93560090702948, 32.93696145124717, 32.93696145124717, 32.93696145124717, 32.93696145124717, 32.93605442176871, 32.937868480725626, 32.939229024943316, 32.936961451247164, 32.9374149659864, 32.937868480725626, 32.938321995464854, 32.93922902494331, 32.939229024943316, 32.94013605442177, 32.941043083900226, 32.94149659863946, 32.93968253968254, 32.93922902494331, 32.938321995464854, 32.938321995464854, 32.938321995464854, 32.93968253968254, 32.937868480725626, 32.938321995464854, 32.93650793650794, 32.936961451247164, 32.935147392290254, 32.935147392290254, 32.93560090702948, 32.93560090702948, 32.93650793650794, 32.93560090702948, 32.93424036281179, 32.93560090702948, 32.93650793650794, 32.93605442176871, 32.93560090702948]",0.7246179377306616,0.6915536319253905,33,"[33, 33, 33, 33, 33, 33, 33, 33, 33, 33, 33, 33, 33, 33, 33, 33, 33, 33, 33, 33, 33, 33, 33, 33, 33, 33, 33, 33, 33, 33, 33, 33, 33, 33, 33, 33, 33, 33, 33, 33, 33, 33, 33, 33, 33, 33, 33, 33, 33, 33, 33, 33, 33, 33, 33, 33, 33, 33, 33, 33, 33, 33, 33, 33, 33, 33, 33, 33, 33, 33, 33, 33, 33, 33, 33, 33, 33, 33, 33, 33, 33, 33, 33, 33, 33, 33, 33, 33, 33, 33, 33, 33, 33, 33, 33, 33, 33, 33, 33, 33, 33, 33, 33, 33, 33, 33, 33, 33, 33, 33, 33, 33, 33, 33, 33, 33, 33, 33, 33, 33, 33, 33, 33, 33, 33, 33, 33, 33, 33, 33, 33, 33, 33, 33, 33, 33, 33, 33, 33, 33, 33, 33, 33, 33, 33, 33, 33, 33, 33, 33, 33, 33, 33, 33, 33, 33, 33, 33, 33, 33, 33, 33, 33, 33, 33, 33, 33, 33, 33, 33, 33, 33, 33, 33, 33, 33, 33, 33, 33, 33, 33, 33, 33, 33, 33, 33, 33, 33, 33, 33, 33, 33, 33, 33, 33, 33, 33, 33, 33, 33, 33, 33, 33, 33, 33, 33, 33, 33, 33, 33, 33, 33, 33, 33, 33, 33, 33, 33, 33, 33, 33, 33, 33, 33, 33, 33, 33, 33, 33, 33, 33, 33, 33, 33, 33, 33, 33, 33, 33, 33, 33, 33, 33, 33, 33, 33, 33, 33, 33, 33, 33, 33, 33, 33, 33, 33, 33, 33, 33, 33, 33, 33, 33, 33, 33, 33, 33, 33, 33, 33, 33, 33, 33, 33, 33, 33, 33, 33, 33, 33, 33, 33, 33, 33, 33, 33, 33, 33, 33, 33, 33, 33, 33, 33, 33, 33, 33, 33, 33, 33, 33, 33, 33, 33, 33, 33, 33, 33, 33, 33, 33, 33, 33, 33, 33, 33, 33, 33, 33, 33, 33, 33, 33, 33, 33, 33, 33, 33, 33, 33, 33, 33, 33, 33, 33, 33, 33, 33, 33, 33, 33, 33, 33, 33, 33, 33, 33, 33, 33, 33, 33, 33, 33, 33, 33, 33, 33, 33, 33, 33, 33, 33, 33, 33, 33, 33, 33, 33, 33, 33, 33, 33, 33, 33, 33, 33, 33, 33, 33, 33, 33, 33, 33, 33, 33, 33, 33, 33, 33, 33, 33, 33, 33, 33, 33, 33, 33, 33, 33, 33, 33, 33, 33, 33, 33, 33, 33, 33, 33, 33, 33, 33, 33, 33, 33]",415,"[0.6661484241485596, 0.6541212201118469, 0.6430438756942749, 0.6325688362121582, 0.6224925518035889, 0.6131008863449097, 0.6037694811820984, 0.5953466296195984, 0.586993932723999, 0.5791281461715698, 0.5715181231498718, 0.5643219351768494, 0.5573797225952148, 0.5508473515510559, 0.5447876453399658, 0.5391296744346619, 0.533640444278717, 0.5282947421073914, 0.5233418941497803, 0.5186506509780884, 0.5140076279640198, 0.5096461772918701, 0.5053463578224182, 0.5009312629699707, 0.4971373677253723, 0.4933805763721466, 0.48965710401535034, 0.486112505197525, 0.4829544723033905, 0.47981512546539307, 0.4767119586467743, 0.4738101065158844, 0.47115832567214966, 0.46877843141555786, 0.4660626947879791, 0.4635545611381531, 0.46124938130378723, 0.4589858949184418, 0.45684441924095154, 0.45474547147750854, 0.45275425910949707, 0.45091721415519714, 0.44912806153297424, 0.44731825590133667, 0.44567936658859253, 0.44410187005996704, 0.44256800413131714, 0.4411408305168152, 0.43963128328323364, 0.4383038580417633, 0.43681517243385315, 0.43540167808532715, 0.4341026544570923, 0.43311893939971924, 0.4319491684436798, 0.4309350848197937, 0.4299831688404083, 0.4288598299026489, 0.427880197763443, 0.42680805921554565, 0.4258500337600708, 0.42481598258018494, 0.4239981472492218, 0.4231339991092682, 0.42221665382385254, 0.421334832906723, 0.4205438196659088, 0.4197801351547241, 0.41902846097946167, 0.4183104634284973, 0.4175536334514618, 0.4167923629283905, 0.4161228835582733, 0.4155043661594391, 0.41490229964256287, 0.41432198882102966, 0.41377395391464233, 0.41315382719039917, 0.4126165807247162, 0.41204965114593506, 0.4115372598171234, 0.4109426736831665, 0.41039884090423584, 0.409885436296463, 0.4093833267688751, 0.40893667936325073, 0.4085109829902649, 0.40809690952301025, 0.40768253803253174, 0.4073149561882019, 0.40691372752189636, 0.4065558612346649, 0.4062342941761017, 0.40585196018218994, 0.40554288029670715, 0.4052257537841797, 0.4049569070339203, 0.4046378433704376, 0.40435829758644104, 0.4040566384792328, 0.403728723526001, 0.4034612774848938, 0.40319693088531494, 0.40291187167167664, 0.4026237726211548, 0.4023648202419281, 0.4021245837211609, 0.4018711447715759, 0.40162235498428345, 0.40142977237701416, 0.40116485953330994, 0.4009234309196472, 0.400657057762146, 0.40042972564697266, 0.40018734335899353, 0.39996519684791565, 0.39976662397384644, 0.39951983094215393, 0.39930129051208496, 0.39911895990371704, 0.39891940355300903, 0.39870572090148926, 0.39850762486457825, 0.3983156085014343, 0.39812806248664856, 0.3979168236255646, 0.3977500796318054, 0.39755403995513916, 0.39735472202301025, 0.39716607332229614, 0.39702343940734863, 0.3968741297721863, 0.39671647548675537, 0.39655858278274536, 0.3964137136936188, 0.39622437953948975, 0.3961087167263031, 0.39595118165016174, 0.39581534266471863, 0.39566275477409363, 0.395499050617218, 0.3953612446784973, 0.3952030837535858, 0.3950636386871338, 0.3949244022369385, 0.39476215839385986, 0.39461153745651245, 0.3944846987724304, 0.3943581283092499, 0.3942243158817291, 0.39411747455596924, 0.39398762583732605, 0.3938731849193573, 0.3937548100948334, 0.3936325013637543, 0.3935103118419647, 0.393401563167572, 0.3933139443397522, 0.39321815967559814, 0.39310264587402344, 0.3930099904537201, 0.3929242193698883, 0.39282241463661194, 0.39272162318229675, 0.39261916279792786, 0.3925236463546753, 0.3924270272254944, 0.3923356533050537, 0.39225348830223083, 0.3921676576137543, 0.3920539617538452, 0.3919703960418701, 0.3918776214122772, 0.3917909562587738, 0.391691654920578, 0.39160433411598206, 0.39150574803352356, 0.39143553376197815, 0.39135608077049255, 0.3912588357925415, 0.39117005467414856, 0.39107218384742737, 0.39097923040390015, 0.3908839821815491, 0.3908335566520691, 0.39074307680130005, 0.3906523585319519, 0.3905968964099884, 0.3905126452445984, 0.39042776823043823, 0.3903500437736511, 0.3902661204338074, 0.39018040895462036, 0.39011505246162415, 0.39004746079444885, 0.38997310400009155, 0.3898898959159851, 0.3898123800754547, 0.38973239064216614, 0.38966667652130127, 0.3896002173423767, 0.3895251154899597, 0.38946333527565, 0.3893887400627136, 0.3893214166164398, 0.3892594575881958, 0.38919597864151, 0.3891204595565796, 0.38904666900634766, 0.3889821171760559, 0.3889080286026001, 0.38886919617652893, 0.38881242275238037, 0.3887333273887634, 0.3886657953262329, 0.38860419392585754, 0.3885299563407898, 0.38845616579055786, 0.38840293884277344, 0.388334184885025, 0.38826149702072144, 0.3881914019584656, 0.38812020421028137, 0.38806822896003723, 0.38800591230392456, 0.38793623447418213, 0.38786593079566956, 0.38779717683792114, 0.3877510726451874, 0.3876821994781494, 0.3876137435436249, 0.38755953311920166, 0.3875042200088501, 0.3874591886997223, 0.3873978555202484, 0.38734114170074463, 0.3872905969619751, 0.38723933696746826, 0.38717928528785706, 0.3871205151081085, 0.38706162571907043, 0.3870072662830353, 0.38695162534713745, 0.38689491152763367, 0.38683876395225525, 0.3867875635623932, 0.3867333233356476, 0.386677086353302, 0.38661810755729675, 0.38656312227249146, 0.3864998519420624, 0.386447548866272, 0.3863922357559204, 0.3863306939601898, 0.386271208524704, 0.3862258195877075, 0.38617244362831116, 0.3861255943775177, 0.38607415556907654, 0.3860150873661041, 0.38596686720848083, 0.3859080374240875, 0.3858568072319031, 0.38580891489982605, 0.3857555687427521, 0.3857083022594452, 0.3856605291366577, 0.3856050372123718, 0.3855408728122711, 0.3854852318763733, 0.38543152809143066, 0.3853703439235687, 0.3853149116039276, 0.38526955246925354, 0.3852202296257019, 0.385172575712204, 0.385114848613739, 0.3850719928741455, 0.38501766324043274, 0.38497036695480347, 0.38491952419281006, 0.38486531376838684, 0.3848164677619934, 0.3847753405570984, 0.3847241997718811, 0.3846713900566101, 0.38461676239967346, 0.3845650553703308, 0.38451263308525085, 0.38447898626327515, 0.38442856073379517, 0.38437408208847046, 0.38432803750038147, 0.38428160548210144, 0.38423022627830505, 0.38417547941207886, 0.3841230273246765, 0.38407203555107117, 0.38402852416038513, 0.3839767575263977, 0.383933424949646, 0.38389503955841064, 0.3838493227958679, 0.383797824382782, 0.3837622106075287, 0.3837118446826935, 0.38367941975593567, 0.3836290240287781, 0.3835880160331726, 0.38353416323661804, 0.38348379731178284, 0.3834388852119446, 0.383392870426178, 0.38334524631500244, 0.3832944631576538, 0.3832511901855469, 0.38320332765579224, 0.38315922021865845, 0.3831084966659546, 0.3830660581588745, 0.38301143050193787, 0.3829662799835205, 0.3829208314418793, 0.38287562131881714, 0.3828316628932953, 0.3827916979789734, 0.3827455937862396, 0.3827051520347595, 0.38266047835350037, 0.3826133608818054, 0.3825622498989105, 0.382515549659729, 0.38247576355934143, 0.3824254870414734, 0.38238009810447693, 0.3823333978652954, 0.3822966516017914, 0.38225722312927246, 0.3822074234485626, 0.38217097520828247, 0.382134348154068, 0.3820923864841461, 0.38204479217529297, 0.3820043206214905, 0.381961464881897, 0.38192281126976013, 0.38188207149505615, 0.38184356689453125, 0.3818117380142212, 0.3817636966705322, 0.3817182779312134, 0.3816758990287781, 0.3816288411617279, 0.3815867602825165, 0.38155269622802734, 0.38151833415031433, 0.3814760446548462, 0.38143566250801086, 0.38138988614082336, 0.38134029507637024, 0.3813093602657318, 0.38127368688583374, 0.38123399019241333, 0.3811999261379242, 0.3811641335487366, 0.3811225891113281, 0.38108357787132263, 0.38103896379470825, 0.3809961974620819, 0.3809640407562256, 0.3809278607368469, 0.380891889333725, 0.3808521628379822, 0.3808150589466095, 0.380776047706604, 0.38074034452438354, 0.38070565462112427, 0.38066568970680237, 0.3806241750717163, 0.3805958032608032, 0.38056811690330505, 0.3805369436740875, 0.3805028796195984, 0.3804711401462555, 0.3804383873939514, 0.3804115056991577, 0.3803812265396118, 0.38034525513648987, 0.3803081214427948, 0.38027068972587585, 0.38022780418395996, 0.3801988959312439, 0.3801640570163727, 0.38012686371803284, 0.38009026646614075, 0.3800513446331024, 0.3800143003463745, 0.37997862696647644, 0.37993189692497253, 0.3799045979976654, 0.37987202405929565, 0.37983524799346924, 0.3797992467880249, 0.3797571063041687, 0.3797329068183899, 0.3797000050544739, 0.379658579826355, 0.3796234130859375, 0.37958645820617676, 0.3795657455921173, 0.3795335292816162, 0.379502534866333, 0.37947094440460205, 0.3794398009777069, 0.37940514087677]",33.0,"[33.0, 33.0, 33.0, 33.0, 33.0, 33.0, 33.0, 33.0, 33.0, 33.0, 33.0, 33.0, 33.0, 33.0, 33.0, 33.0, 33.0, 33.0, 33.0, 33.0, 33.0, 33.0, 33.0, 33.0, 33.0, 33.0, 33.0, 33.0, 33.0, 33.0, 33.0, 33.0, 33.0, 33.0, 33.0, 33.0, 33.0, 33.0, 33.0, 33.0, 33.0, 33.0, 33.0, 33.0, 33.0, 33.0, 33.0, 33.0, 33.0, 33.0, 33.0, 33.0, 33.0, 33.0, 33.0, 33.0, 33.0, 33.0, 33.0, 33.0, 33.0, 33.0, 33.0, 33.0, 33.0, 33.0, 33.0, 33.0, 33.0, 33.0, 33.0, 33.0, 33.0, 33.0, 33.0, 33.0, 33.0, 33.0, 33.0, 33.0, 33.0, 33.0, 33.0, 33.0, 33.0, 33.0, 33.0, 33.0, 33.0, 33.0, 33.0, 33.0, 33.0, 33.0, 33.0, 33.0, 33.0, 33.0, 33.0, 33.0, 33.0, 33.0, 33.0, 33.0, 33.0, 33.0, 33.0, 33.0, 33.0, 33.0, 33.0, 33.0, 33.0, 33.0, 33.0, 33.0, 33.0, 33.0, 33.0, 33.0, 33.0, 33.0, 33.0, 33.0, 33.0, 33.0, 33.0, 33.0, 33.0, 33.0, 33.0, 33.0, 33.0, 33.0, 33.0, 33.0, 33.0, 33.0, 33.0, 33.0, 33.0, 33.0, 33.0, 33.0, 33.0, 33.0, 33.0, 33.0, 33.0, 33.0, 33.0, 33.0, 33.0, 33.0, 33.0, 33.0, 33.0, 33.0, 33.0, 33.0, 33.0, 33.0, 33.0, 33.0, 33.0, 33.0, 33.0, 33.0, 33.0, 33.0, 33.0, 33.0, 33.0, 33.0, 33.0, 33.0, 33.0, 33.0, 33.0, 33.0, 33.0, 33.0, 33.0, 33.0, 33.0, 33.0, 33.0, 33.0, 33.0, 33.0, 33.0, 33.0, 33.0, 33.0, 33.0, 33.0, 33.0, 33.0, 33.0, 33.0, 33.0, 33.0, 33.0, 33.0, 33.0, 33.0, 33.0, 33.0, 33.0, 33.0, 33.0, 33.0, 33.0, 33.0, 33.0, 33.0, 33.0, 33.0, 33.0, 33.0, 33.0, 33.0, 33.0, 33.0, 