,number,value,datetime_start,datetime_complete,duration,params_batch_size_scaler,params_constant_learning_rate,params_depth,params_epochs,params_kernel_l2,params_num_trees,params_temperature,user_attrs_accuracy_test,user_attrs_accuracy_valid,user_attrs_approximate_feature_sparsity,user_attrs_approximate_feature_sparsity_history,user_attrs_approximate_weight_sparsity,user_attrs_approximate_weight_sparsity_history,user_attrs_auc_test,user_attrs_auc_valid,user_attrs_feature_sparsity,user_attrs_feature_sparsity_history,user_attrs_num_epochs,user_attrs_val_loss_history,user_attrs_weight_sparsity,user_attrs_weight_sparsity_history,state
76,76,0.873858381316742,2024-08-31 03:28:57.505463,2024-08-31 03:35:44.704203,0 days 00:06:47.198740,1,4.164522109824076,6,160,0.004547329493351079,50,0.0007627282712632485,0.897,0.89625,7,"[12, 7, 7, 7, 7, 7, 7, 7, 7, 7, 7, 7, 7, 7, 7, 7, 7, 7, 7, 7, 7, 7, 7, 7, 7, 7, 7, 7, 7, 7, 7, 7, 7, 7, 7, 7, 7, 7, 7, 7, 7, 7, 7, 7, 7, 7, 7, 7, 7, 7, 7, 7, 7, 7, 7, 7, 7, 7, 7, 7, 7, 7, 7, 7, 7, 7, 7, 7, 7, 7, 7, 7, 7, 7, 7, 7, 7, 7, 7, 7, 7, 7, 7, 7, 7, 7, 7, 7, 7, 7, 7, 7, 7, 7, 7, 7, 7, 7, 7, 7, 7, 7, 7, 7, 7, 7, 7, 7, 7, 7, 7, 7, 7, 7, 7, 7, 7, 7, 7, 7, 7, 7, 7, 7, 7, 7, 7, 7, 7, 7, 7, 7, 7, 7, 7, 7, 7, 7, 7, 7, 7, 7, 7, 7, 7, 7, 7, 7, 7, 7, 7, 7, 7, 7, 7, 7, 7, 7, 7, 7]",6.9911111111111115,"[11.974603174603175, 6.98952380952381, 6.988253968253968, 6.989523809523809, 6.988571428571429, 6.9879365079365074, 6.987301587301587, 6.986984126984127, 6.9898412698412695, 6.990158730158731, 6.987936507936508, 6.990793650793651, 6.993968253968253, 6.988253968253968, 6.9911111111111115, 6.988571428571429, 6.988888888888888, 6.986349206349207, 6.988571428571429, 6.985714285714286, 6.99079365079365, 6.98984126984127, 6.993650793650794, 6.9917460317460325, 6.992063492063492, 6.9904761904761905, 6.993968253968255, 6.991428571428571, 6.992063492063492, 6.9904761904761905, 6.993333333333332, 6.993968253968253, 6.993015873015873, 6.98952380952381, 6.988253968253968, 6.99079365079365, 6.992380952380953, 6.992063492063492, 6.993333333333334, 6.993650793650794, 6.993968253968254, 6.994285714285715, 6.9911111111111115, 6.988253968253968, 6.992698412698413, 6.990158730158731, 6.991428571428571, 6.991746031746032, 6.9898412698412695, 6.992698412698413, 6.993015873015873, 6.993015873015874, 6.9917460317460325, 6.988571428571428, 6.991428571428571, 6.99079365079365, 6.98952380952381, 6.9911111111111115, 6.9904761904761905, 6.991428571428571, 6.990793650793651, 6.990793650793651, 6.992380952380952, 6.990793650793651, 6.993015873015873, 6.991746031746032, 6.991111111111111, 6.993333333333333, 6.990158730158729, 6.9904761904761905, 6.9911111111111115, 6.993650793650794, 6.989206349206349, 6.991428571428572, 6.98952380952381, 6.990793650793651, 6.991428571428571, 6.989206349206349, 6.991428571428572, 6.9898412698412695, 6.987619047619047, 6.98984126984127, 6.989523809523809, 6.988888888888889, 6.987936507936508, 6.98984126984127, 6.9892063492063485, 6.992063492063492, 6.991111111111111, 6.992063492063492, 6.99079365079365, 6.990793650793651, 6.9911111111111115, 6.992380952380952, 6.992380952380952, 6.9904761904761905, 6.989206349206349, 6.991428571428571, 6.990158730158731, 6.992063492063492, 6.991428571428571, 6.991111111111111, 6.992698412698413, 6.9911111111111115, 6.9904761904761905, 6.992063492063492, 6.992380952380953, 6.992698412698413, 6.990793650793651, 6.99079365079365, 6.991428571428572, 6.993015873015873, 6.991428571428572, 6.9917460317460325, 6.991428571428571, 6.9917460317460325, 6.993968253968254, 6.992063492063492, 6.9904761904761905, 6.993333333333333, 6.991746031746032, 6.990793650793651, 6.99079365079365, 6.990158730158731, 6.991428571428571, 6.99015873015873, 6.987936507936508, 6.989523809523809, 6.9898412698412695, 6.990158730158731, 6.9904761904761905, 6.98952380952381, 6.988571428571428, 6.987301587301587, 6.987936507936508, 6.9904761904761905, 6.987619047619047, 6.987936507936508, 6.987619047619049, 6.988888888888889, 6.98952380952381, 6.98920634920635, 6.990476190476191, 6.990158730158731, 6.9892063492063485, 6.988571428571429, 6.991746031746032, 6.988253968253968, 6.988888888888889, 6.990158730158731, 6.988888888888889, 6.990793650793651, 6.98952380952381, 6.9904761904761905, 6.9904761904761905, 6.993015873015873, 6.988253968253968, 6.99079365079365, 6.9898412698412695, 6.9911111111111115]",0.8762374193974521,0.873858381316742,7,"[12, 7, 7, 7, 7, 7, 7, 7, 7, 7, 7, 7, 7, 7, 7, 7, 7, 7, 7, 7, 7, 7, 7, 7, 7, 7, 7, 7, 7, 7, 7, 7, 7, 7, 7, 7, 7, 7, 7, 7, 7, 7, 7, 7, 7, 7, 7, 7, 7, 7, 7, 7, 7, 7, 7, 7, 7, 7, 7, 7, 7, 7, 7, 7, 7, 7, 7, 7, 7, 7, 7, 7, 7, 7, 7, 7, 7, 7, 7, 7, 7, 7, 7, 7, 7, 7, 7, 7, 7, 7, 7, 7, 7, 7, 7, 7, 7, 7, 7, 7, 7, 7, 7, 7, 7, 7, 7, 7, 7, 7, 7, 7, 7, 7, 7, 7, 7, 7, 7, 7, 7, 7, 7, 7, 7, 7, 7, 7, 7, 7, 7, 7, 7, 7, 7, 7, 7, 7, 7, 7, 7, 7, 7, 7, 7, 7, 7, 7, 7, 7, 7, 7, 7, 7, 7, 7, 7, 7, 7, 7]",160,"[0.2791348397731781, 0.30688172578811646, 0.28273770213127136, 0.26657477021217346, 0.2810385227203369, 0.30612462759017944, 0.25360938906669617, 0.2673184871673584, 0.27254897356033325, 0.25795087218284607, 0.25898274779319763, 0.26709675788879395, 0.2511688470840454, 0.2670384347438812, 0.287672221660614, 0.2506844401359558, 0.26220694184303284, 0.26379117369651794, 0.2530287504196167, 0.27918341755867004, 0.27096158266067505, 0.2594064474105835, 0.2544550597667694, 0.26876574754714966, 0.25360339879989624, 0.2554188370704651, 0.27957436442375183, 0.2706072926521301, 0.25519049167633057, 0.26080209016799927, 0.28003478050231934, 0.25483497977256775, 0.25361132621765137, 0.30051088333129883, 0.25646355748176575, 0.2574869692325592, 0.255064994096756, 0.2561204731464386, 0.2663978338241577, 0.26360365748405457, 0.25462543964385986, 0.2566930055618286, 0.2600845396518707, 0.258479505777359, 0.2598722279071808, 0.25742337107658386, 0.25326958298683167, 0.25751227140426636, 0.2718795835971832, 0.254224956035614, 0.25360170006752014, 0.2572079002857208, 0.25382861495018005, 0.2610703706741333, 0.267636239528656, 0.2583208978176117, 0.2613476812839508, 0.262277752161026, 0.2840215861797333, 0.28767749667167664, 0.258047878742218, 0.29491186141967773, 0.2674802541732788, 0.2603086233139038, 0.2548612058162689, 0.2533632218837738, 0.2549160122871399, 0.27814894914627075, 0.25772780179977417, 0.254528671503067, 0.29908356070518494, 0.2599164843559265, 0.2586793303489685, 0.25769686698913574, 0.2630841135978699, 0.2724701166152954, 0.2571571171283722, 0.2592277526855469, 0.2655896842479706, 0.2980068624019623, 0.255109578371048, 0.270123690366745, 0.27867981791496277, 0.26691901683807373, 0.25411665439605713, 0.2621367871761322, 0.26320284605026245, 0.25514525175094604, 0.26516255736351013, 0.2577085793018341, 0.25857335329055786, 0.28615602850914, 0.2584238350391388, 0.26346808671951294, 0.2565213143825531, 0.26250791549682617, 0.3057829737663269, 0.2579406201839447, 0.2616344690322876, 0.2552913427352905, 0.26595339179039, 0.2603130042552948, 0.26998525857925415, 0.25624024868011475, 0.2572571039199829, 0.26426440477371216, 0.25432586669921875, 0.2618349492549896, 0.26586705446243286, 0.2552700638771057, 0.27846091985702515, 0.27623307704925537, 0.25556862354278564, 0.2968505918979645, 0.26339730620384216, 0.26287946105003357, 0.2568091154098511, 0.26779937744140625, 0.25553369522094727, 0.26063740253448486, 0.2552478611469269, 0.2670859396457672, 0.25898072123527527, 0.26667696237564087, 0.2833343744277954, 0.26283910870552063, 0.26479998230934143, 0.28701668977737427, 0.26547372341156006, 0.26874709129333496, 0.2614036798477173, 0.30471768975257874, 0.2579645812511444, 0.27777737379074097, 0.25878334045410156, 0.2809191048145294, 0.27743005752563477, 0.2572133541107178, 0.26113462448120117, 0.2647605836391449, 0.2972540557384491, 0.2827766537666321, 0.2983149588108063, 0.26442351937294006, 0.2573655843734741, 0.2581211030483246, 0.2602611780166626, 0.2602115571498871, 0.25851497054100037, 0.26761487126350403, 0.2667607069015503, 0.2566903233528137, 0.25899556279182434, 0.25702083110809326, 0.2585788369178772, 0.2569776773452759, 0.2602933645248413, 0.2587183713912964, 0.259107768535614, 0.2650206685066223]",7.0,"[12.0, 7.0, 7.0, 7.0, 7.0, 7.0, 7.0, 7.0, 7.0, 7.0, 7.0, 7.0, 7.0, 7.0, 7.0, 7.0, 7.0, 7.0, 7.0, 7.0, 7.0, 7.0, 7.0, 7.0, 7.0, 7.0, 7.0, 7.0, 7.0, 7.0, 7.0, 7.0, 7.0, 7.0, 7.0, 7.0, 7.0, 7.0, 7.0, 7.0, 7.0, 7.0, 7.0, 7.0, 7.0, 7.0, 7.0, 7.0, 7.0, 7.0, 7.0, 7.0, 7.0, 7.0, 7.0, 7.0, 7.0, 7.0, 7.0, 7.0, 7.0, 7.0, 7.0, 7.0, 7.0, 7.0, 7.0, 7.0, 7.0, 7.0, 7.0, 7.0, 7.0, 7.0, 7.0, 7.0, 7.0, 7.0, 7.0, 7.0, 7.0, 7.0, 7.0, 7.0, 7.0, 7.0, 7.0, 7.0, 7.0, 7.0, 7.0, 7.0, 7.0, 7.0, 7.0, 7.0, 7.0, 7.0, 7.0, 7.0, 7.0, 7.0, 7.0, 7.0, 7.0, 7.0, 7.0, 7.0, 7.0, 7.0, 7.0, 7.0, 7.0, 7.0, 7.0, 7.0, 7.0, 7.0, 7.0, 7.0, 7.0, 7.0, 7.0, 7.0, 7.0, 7.0, 7.0, 7.0, 7.0, 7.0, 7.0, 7.0, 7.0, 7.0, 7.0, 7.0, 7.0, 7.0, 7.0, 7.0, 7.0, 7.0, 7.0, 7.0, 7.0, 7.0, 7.0, 7.0, 7.0, 7.0, 7.0, 7.0, 7.0, 7.0, 7.0, 7.0, 7.0, 7.0, 7.0, 7.0]",COMPLETE
77,77,0.9088379642153263,2024-08-31 03:35:46.368866,2024-08-31 03:36:44.981573,0 days 00:00:58.612707,4,0.026088028676658718,3,220,0.0036655064449348583,51,0.007384874736942038,0.901,0.89875,33,"[33, 33, 33, 33, 33, 33, 33, 33, 33, 33, 33, 33, 33, 33, 33, 33, 33, 33, 33, 33, 33, 33, 33, 33, 33, 33, 33, 33, 33, 33, 33, 33, 33, 33, 33, 33, 33, 33, 33, 33, 33, 33, 33, 33, 33, 33, 33, 33, 33, 33, 33, 33, 33, 33, 33, 33, 33, 33, 33, 33, 33, 33, 33, 33, 33, 33, 33, 33, 33, 33, 33, 33, 33, 33, 33, 33, 33, 33, 33, 33, 33, 33, 33, 33, 33, 33, 33, 33, 33, 33, 33, 33, 33, 33, 33, 33, 33, 33, 33, 33, 33, 33, 33, 33, 33, 33, 33, 33, 33, 33, 33, 33, 33, 33, 33, 33, 33, 33, 33, 33, 33, 33, 33, 33, 33, 33, 33, 33, 33, 33, 33, 33, 33, 33, 33, 33, 33, 33, 33, 33, 33, 33, 33, 33, 33, 33, 33, 33, 33, 33, 33, 33, 33, 33, 33, 33, 33, 33, 33, 33, 33, 33, 33, 33, 33, 33, 33, 33, 33, 33, 33, 33, 33, 33, 33, 33, 33, 33, 33, 33, 33, 33, 33, 33, 33, 33, 33, 33, 33, 33, 33, 33, 33, 33, 33, 33, 33, 33, 33, 33, 33, 33, 33, 33, 33, 33, 33, 33, 33, 33, 33, 33, 33, 33, 33, 33, 33, 33, 33, 33]",32.98879551820728,"[32.977591036414566, 32.957983193277315, 32.97478991596638, 32.97198879551821, 32.97478991596638, 32.97198879551821, 32.96638655462185, 32.96918767507003, 32.96918767507003, 32.957983193277315, 32.957983193277315, 32.96078431372549, 32.96638655462185, 32.97198879551821, 32.97198879551821, 32.977591036414566, 32.97198879551821, 32.977591036414566, 32.983193277310924, 32.9859943977591, 32.97198879551821, 32.977591036414566, 32.983193277310924, 32.977591036414566, 32.97198879551821, 32.97198879551821, 32.98039215686275, 32.977591036414566, 32.97478991596638, 32.97198879551821, 32.983193277310924, 32.96078431372549, 32.977591036414566, 32.977591036414566, 32.96918767507003, 32.97478991596638, 32.96918767507003, 32.96638655462185, 32.96638655462185, 32.97478991596638, 32.983193277310924, 32.98039215686275, 32.97198879551821, 32.96078431372549, 32.96918767507003, 32.96918767507003, 32.97198879551821, 32.97198879551821, 32.97198879551821, 32.97198879551821, 32.97478991596638, 32.98039215686275, 32.96918767507003, 32.963585434173666, 32.97198879551821, 32.96638655462185, 32.96638655462185, 32.96638655462185, 32.963585434173666, 32.97478991596638, 32.96918767507003, 32.96638655462185, 32.963585434173666, 32.963585434173666, 32.96918767507003, 32.98879551820728, 32.977591036414566, 32.97198879551821, 32.97198879551821, 32.98039215686275, 32.97478991596638, 32.97478991596638, 32.98039215686275, 32.97478991596638, 32.963585434173666, 32.963585434173666, 32.96638655462185, 32.957983193277315, 32.96918767507003, 32.97198879551821, 32.97198879551821, 32.96918767507003, 32.97198879551821, 32.977591036414566, 32.977591036414566, 32.97478991596638, 32.977591036414566, 32.97198879551821, 32.977591036414566, 32.96638655462185, 32.97198879551821, 32.957983193277315, 32.957983193277315, 32.96918767507003, 32.97198879551821, 32.977591036414566, 32.96918767507003, 32.97198879551821, 32.963585434173666, 32.96918767507003, 32.96638655462185, 32.96078431372549, 32.96638655462185, 32.957983193277315, 32.963585434173666, 32.977591036414566, 32.97478991596638, 32.96918767507003, 32.963585434173666, 32.96078431372549, 32.97198879551821, 32.98039215686275, 32.983193277310924, 32.98039215686275, 32.977591036414566, 32.97478991596638, 32.97478991596638, 32.96918767507003, 32.97198879551821, 32.96918767507003, 32.983193277310924, 32.97478991596638, 32.98039215686275, 32.977591036414566, 32.977591036414566, 32.96918767507003, 32.98039215686275, 32.977591036414566, 32.977591036414566, 32.9859943977591, 32.97478991596638, 32.97478991596638, 32.97198879551821, 32.97478991596638, 32.991596638655466, 32.98879551820728, 32.99439775910364, 32.991596638655466, 32.983193277310924, 32.983193277310924, 32.98039215686275, 32.977591036414566, 32.9859943977591, 32.98039215686275, 32.98879551820728, 32.98039215686275, 32.98879551820728, 32.983193277310924, 32.983193277310924, 32.97198879551821, 32.97478991596638, 32.97478991596638, 32.97478991596638, 32.97478991596638, 32.98039215686275, 32.977591036414566, 32.98039215686275, 32.98879551820728, 32.98039215686275, 32.977591036414566, 32.96918767507003, 32.963585434173666, 32.98039215686275, 32.97478991596638, 32.963585434173666, 32.96918767507003, 32.97198879551821, 32.977591036414566, 32.98039215686275, 32.98879551820728, 32.97478991596638, 32.96918767507003, 32.97198879551821, 32.977591036414566, 32.97198879551821, 32.963585434173666, 32.96078431372549, 32.963585434173666, 32.95518207282913, 32.96638655462185, 32.97478991596638, 32.98039215686275, 32.97198879551821, 32.96918767507003, 32.977591036414566, 32.983193277310924, 32.983193277310924, 32.98039215686275, 32.97198879551821, 32.97478991596638, 32.96638655462185, 32.97198879551821, 32.96918767507003, 32.963585434173666, 32.96918767507003, 32.957983193277315, 32.95238095238095, 32.98039215686275, 32.97198879551821, 32.96638655462185, 32.963585434173666, 32.96078431372549, 32.96918767507003, 32.96638655462185, 32.96918767507003, 32.96918767507003, 32.97478991596638, 32.97198879551821, 32.97198879551821, 32.96638655462185, 32.96638655462185, 32.97478991596638, 32.97198879551821, 32.97198879551821, 32.96918767507003, 32.97478991596638, 32.97478991596638, 32.9859943977591, 32.98879551820728, 32.98879551820728]",0.8899924867279287,0.9088379642153263,33,"[33, 33, 33, 33, 33, 33, 33, 33, 33, 33, 33, 33, 33, 33, 33, 33, 33, 33, 33, 33, 33, 33, 33, 33, 33, 33, 33, 33, 33, 33, 33, 33, 33, 33, 33, 33, 33, 33, 33, 33, 33, 33, 33, 33, 33, 33, 33, 33, 33, 33, 33, 33, 33, 33, 33, 33, 33, 33, 33, 33, 33, 33, 33, 33, 33, 33, 33, 33, 33, 33, 33, 33, 33, 33, 33, 33, 33, 33, 33, 33, 33, 33, 33, 33, 33, 33, 33, 33, 33, 33, 33, 33, 33, 33, 33, 33, 33, 33, 33, 33, 33, 33, 33, 33, 33, 33, 33, 33, 33, 33, 33, 33, 33, 33, 33, 33, 33, 33, 33, 33, 33, 33, 33, 33, 33, 33, 33, 33, 33, 33, 33, 33, 33, 33, 33, 33, 33, 33, 33, 33, 33, 33, 33, 33, 33, 33, 33, 33, 33, 33, 33, 33, 33, 33, 33, 33, 33, 33, 33, 33, 33, 33, 33, 33, 33, 33, 33, 33, 33, 33, 33, 33, 33, 33, 33, 33, 33, 33, 33, 33, 33, 33, 33, 33, 33, 33, 33, 33, 33, 33, 33, 33, 33, 33, 33, 33, 33, 33, 33, 33, 33, 33, 33, 33, 33, 33, 33, 33, 33, 33, 33, 33, 33, 33, 33, 33, 33, 33, 33, 33]",220,"[0.4066644310951233, 0.39930465817451477, 0.3937877416610718, 0.3893378973007202, 0.3857426047325134, 0.38272014260292053, 0.380295991897583, 0.3780054748058319, 0.3760962188243866, 0.37441542744636536, 0.37292495369911194, 0.37154093384742737, 0.37033116817474365, 0.3690747022628784, 0.3678930699825287, 0.3666765093803406, 0.36574286222457886, 0.3646571636199951, 0.3635185956954956, 0.36260804533958435, 0.3616153597831726, 0.36058953404426575, 0.35958316922187805, 0.35859546065330505, 0.3577345907688141, 0.35683608055114746, 0.35581138730049133, 0.35489916801452637, 0.3541982173919678, 0.3532588481903076, 0.3524446487426758, 0.3515739142894745, 0.3506026566028595, 0.34977275133132935, 0.34903979301452637, 0.3481113910675049, 0.3472999632358551, 0.346698522567749, 0.3457375764846802, 0.3448423147201538, 0.3440474271774292, 0.34334903955459595, 0.34275805950164795, 0.3417547643184662, 0.341208279132843, 0.3402898907661438, 0.33953753113746643, 0.33875247836112976, 0.3379766047000885, 0.3372189700603485, 0.3365955650806427, 0.3359431326389313, 0.3350921869277954, 0.33424443006515503, 0.3335477113723755, 0.3328707814216614, 0.3321417272090912, 0.3314175307750702, 0.3308306634426117, 0.3302929401397705, 0.32938888669013977, 0.3286605775356293, 0.32810506224632263, 0.32725438475608826, 0.3266696631908417, 0.3261924088001251, 0.32569003105163574, 0.3244872987270355, 0.3238813281059265, 0.3231140971183777, 0.32263487577438354, 0.32170796394348145, 0.3210386633872986, 0.3202003538608551, 0.3195650279521942, 0.31899672746658325, 0.3181879222393036, 0.3176047205924988, 0.31672921776771545, 0.31647711992263794, 0.3152696490287781, 0.3148278295993805, 0.3139215409755707, 0.31334054470062256, 0.3125349283218384, 0.31167203187942505, 0.31096121668815613, 0.3101871609687805, 0.30962175130844116, 0.30879929661750793, 0.30807989835739136, 0.30724480748176575, 0.3065378665924072, 0.3058197498321533, 0.30504709482192993, 0.3042139410972595, 0.3037199079990387, 0.30280062556266785, 0.30195727944374084, 0.301385760307312, 0.3007343113422394, 0.2995779514312744, 0.29915207624435425, 0.29809054732322693, 0.2976597547531128, 0.29646599292755127, 0.2958236336708069, 0.29508498311042786, 0.29403796792030334, 0.29343485832214355, 0.2925451993942261, 0.2915985584259033, 0.2908245921134949, 0.29012805223464966, 0.28947368264198303, 0.28880059719085693, 0.2878727614879608, 0.2873246371746063, 0.28612521290779114, 0.28558385372161865, 0.2847154140472412, 0.283875435590744, 0.2830577790737152, 0.28226983547210693, 0.2815793752670288, 0.28085407614707947, 0.28002697229385376, 0.27932408452033997, 0.2787007987499237, 0.27810123562812805, 0.2770749628543854, 0.27642086148262024, 0.2758093774318695, 0.2751982808113098, 0.2744026780128479, 0.273662805557251, 0.2729254364967346, 0.27221351861953735, 0.27152514457702637, 0.2709690034389496, 0.27033156156539917, 0.26960211992263794, 0.26915228366851807, 0.26835620403289795, 0.2677084803581238, 0.2670880854129791, 0.2668236792087555, 0.2659364640712738, 0.2654739320278168, 0.2649807929992676, 0.2641257345676422, 0.2639431059360504, 0.2630351185798645, 0.26253512501716614, 0.2619742751121521, 0.2614382207393646, 0.26081597805023193, 0.260397732257843, 0.2598668932914734, 0.2594320476055145, 0.25874412059783936, 0.25841474533081055, 0.25776344537734985, 0.257332444190979, 0.2569686472415924, 0.25662899017333984, 0.2560965120792389, 0.2554464340209961, 0.25492385029792786, 0.2544254958629608, 0.2543317675590515, 0.25360697507858276, 0.2530764639377594, 0.25267431139945984, 0.25218772888183594, 0.25221461057662964, 0.25157618522644043, 0.25123271346092224, 0.25071385502815247, 0.2501581013202667, 0.24974064528942108, 0.2493978887796402, 0.24907809495925903, 0.24878394603729248, 0.24833208322525024, 0.24785053730010986, 0.24741940200328827, 0.2473718822002411, 0.24686145782470703, 0.2464069426059723, 0.2465459257364273, 0.24603258073329926, 0.245493546128273, 0.24501650035381317, 0.2445734441280365, 0.24430246651172638, 0.24405716359615326, 0.24353115260601044, 0.24358028173446655, 0.24278880655765533, 0.24261793494224548, 0.24220645427703857, 0.2417687624692917, 0.24147170782089233, 0.24143606424331665, 0.2409639209508896, 0.24085716903209686, 0.2402466982603073, 0.24014927446842194, 0.23986907303333282, 0.2392914742231369, 0.23895828425884247, 0.23883314430713654, 0.2382069081068039, 0.23799900710582733, 0.23758064210414886, 0.23755010962486267, 0.23708771169185638, 0.23714570701122284, 0.23639318346977234]",33.0,"[33.0, 33.0, 33.0, 33.0, 33.0, 33.0, 33.0, 33.0, 33.0, 33.0, 33.0, 33.0, 33.0, 33.0, 33.0, 33.0, 33.0, 33.0, 33.0, 33.0, 33.0, 33.0, 33.0, 33.0, 33.0, 33.0, 33.0, 33.0, 33.0, 33.0, 33.0, 33.0, 33.0, 33.0, 33.0, 33.0, 33.0, 33.0, 33.0, 33.0, 33.0, 33.0, 33.0, 33.0, 33.0, 33.0, 33.0, 33.0, 33.0, 33.0, 33.0, 33.0, 33.0, 33.0, 33.0, 33.0, 33.0, 33.0, 33.0, 33.0, 33.0, 33.0, 33.0, 33.0, 33.0, 33.0, 33.0, 33.0, 33.0, 33.0, 33.0, 33.0, 33.0, 33.0, 33.0, 33.0, 33.0, 33.0, 33.0, 33.0, 33.0, 33.0, 33.0, 33.0, 33.0, 33.0, 33.0, 33.0, 33.0, 33.0, 33.0, 33.0, 33.0, 33.0, 33.0, 33.0, 33.0, 33.0, 33.0, 33.0, 33.0, 33.0, 33.0, 33.0, 33.0, 33.0, 33.0, 33.0, 33.0, 33.0, 33.0, 33.0, 33.0, 33.0, 33.0, 33.0, 33.0, 33.0, 33.0, 33.0, 33.0, 33.0, 33.0, 33.0, 33.0, 33.0, 33.0, 33.0, 33.0, 33.0, 33.0, 33.0, 33.0, 33.0, 33.0, 33.0, 33.0, 33.0, 33.0, 33.0, 33.0, 33.0, 33.0, 33.0, 33.0, 33.0, 33.0, 33.0, 33.0, 33.0, 33.0, 33.0, 33.0, 33.0, 33.0, 33.0, 33.0, 33.0, 33.0, 33.0, 33.0, 33.0, 33.0, 33.0, 33.0, 33.0, 33.0, 33.0, 33.0, 33.0, 33.0, 33.0, 33.0, 33.0, 33.0, 33.0, 33.0, 33.0, 33.0, 33.0, 33.0, 33.0, 33.0, 33.0, 33.0, 33.0, 33.0, 33.0, 33.0, 33.0, 33.0, 33.0, 33.0, 33.0, 33.0, 33.0, 33.0, 33.0, 33.0, 33.0, 33.0, 33.0, 33.0, 33.0, 33.0, 33.0, 33.0, 33.0, 33.0, 33.0, 33.0, 33.0, 33.0, 33.0, 33.0, 33.0, 33.0, 33.0, 33.0, 33.0]",COMPLETE
