,number,value,datetime_start,datetime_complete,duration,params_batch_size_scaler,params_constant_learning_rate,params_depth,params_epochs,params_kernel_l2,params_num_trees,params_temperature,user_attrs_accuracy_test,user_attrs_accuracy_valid,user_attrs_approximate_feature_sparsity,user_attrs_approximate_feature_sparsity_history,user_attrs_approximate_weight_sparsity,user_attrs_approximate_weight_sparsity_history,user_attrs_auc_test,user_attrs_auc_valid,user_attrs_feature_sparsity,user_attrs_feature_sparsity_history,user_attrs_num_epochs,user_attrs_val_loss_history,user_attrs_weight_sparsity,user_attrs_weight_sparsity_history,state
146,146,0.9289072664270717,2024-08-31 05:48:43.569087,2024-08-31 05:49:17.670790,0 days 00:00:34.101703,16,0.2666101235969177,2,365,0.08427750260232332,84,0.011838465957041425,0.939,0.9425,11,"[33, 33, 33, 33, 33, 33, 33, 33, 33, 33, 33, 33, 33, 33, 33, 33, 33, 33, 31, 30, 28, 27, 25, 24, 24, 22, 20, 20, 19, 18, 18, 18, 17, 17, 17, 16, 16, 15, 15, 15, 15, 15, 15, 15, 15, 15, 15, 15, 15, 15, 15, 15, 15, 15, 15, 15, 15, 15, 15, 15, 15, 15, 15, 15, 15, 15, 14, 13, 13, 12, 12, 12, 12, 12, 12, 12, 12, 12, 12, 12, 12, 12, 12, 12, 12, 12, 12, 12, 12, 12, 12, 12, 12, 12, 12, 12, 12, 12, 12, 12, 12, 12, 12, 12, 12, 12, 12, 12, 12, 12, 12, 12, 12, 12, 12, 12, 12, 12, 12, 12, 12, 12, 12, 12, 12, 12, 12, 12, 12, 12, 12, 12, 12, 12, 12, 12, 12, 12, 12, 12, 12, 12, 12, 12, 12, 12, 12, 12, 12, 12, 12, 12, 12, 12, 12, 12, 12, 12, 12, 12, 12, 12, 12, 12, 12, 12, 12, 12, 12, 12, 12, 12, 12, 12, 12, 12, 12, 12, 12, 12, 12, 12, 12, 12, 12, 12, 12, 12, 12, 12, 12, 12, 12, 12, 12, 12, 12, 12, 12, 12, 12, 12, 12, 12, 12, 12, 12, 12, 12, 12, 12, 12, 12, 12, 12, 12, 12, 12, 12, 12, 12, 12, 12, 12, 12, 12, 12, 12, 12, 12, 12, 12, 12, 11, 11, 11, 11, 11, 11, 11, 11, 11, 11, 11, 11, 11, 11, 11, 11, 11, 11, 11, 11, 11, 11, 11, 11, 11, 11, 11, 11, 11, 11, 11, 11, 11, 11, 11, 11, 11, 11, 11, 11, 11, 11, 11, 11, 11, 11, 11, 11, 11, 11, 11, 11, 11, 11, 11, 11, 11, 11, 11, 11, 11, 11, 11, 11, 11, 11, 11, 11, 11, 11, 11, 11, 11, 11, 11, 11, 11, 11, 11, 11, 11, 11, 11, 11, 11, 11, 11, 11, 11, 11, 11, 11, 11, 11, 11, 11, 11, 11, 11, 11, 11, 11, 11, 11, 11, 11, 11, 11, 11, 11, 11, 11, 11, 11, 11, 11, 11, 11, 11, 11, 11, 11, 11, 11, 11, 11, 11, 11, 11, 11, 11, 11]",10.980158730158731,"[32.992063492063494, 32.976190476190474, 32.97222222222222, 32.96825396825397, 32.98015873015873, 32.95238095238095, 32.96031746031746, 32.97222222222222, 32.992063492063494, 32.976190476190474, 32.98809523809524, 32.98015873015873, 32.98809523809524, 32.97222222222222, 32.98015873015873, 32.976190476190474, 32.98412698412698, 32.98015873015873, 30.98809523809524, 29.97222222222222, 27.996031746031747, 26.98809523809524, 24.976190476190474, 23.984126984126984, 23.984126984126984, 21.992063492063494, 19.992063492063494, 19.992063492063494, 18.988095238095237, 17.996031746031747, 17.992063492063494, 17.98809523809524, 16.992063492063494, 16.984126984126984, 16.984126984126984, 15.992063492063492, 15.996031746031747, 14.992063492063492, 15.0, 14.996031746031747, 14.996031746031747, 14.992063492063492, 14.992063492063494, 14.988095238095237, 14.988095238095237, 14.980158730158731, 14.988095238095239, 14.992063492063494, 14.984126984126984, 14.988095238095239, 14.996031746031747, 14.992063492063492, 14.992063492063492, 14.996031746031747, 14.984126984126984, 15.0, 14.988095238095239, 14.980158730158731, 14.968253968253968, 14.984126984126984, 14.996031746031747, 14.988095238095239, 14.98015873015873, 14.988095238095237, 14.996031746031747, 14.996031746031747, 13.992063492063492, 12.996031746031747, 12.992063492063492, 11.996031746031747, 11.992063492063492, 11.988095238095237, 11.988095238095237, 11.992063492063492, 11.984126984126984, 11.984126984126984, 11.988095238095237, 11.984126984126984, 11.992063492063492, 11.984126984126984, 11.980158730158731, 11.976190476190476, 11.988095238095237, 11.984126984126984, 11.980158730158731, 11.988095238095237, 11.992063492063492, 11.996031746031747, 11.992063492063492, 11.984126984126984, 11.992063492063494, 11.996031746031747, 11.984126984126984, 11.988095238095237, 11.988095238095237, 11.992063492063492, 11.980158730158731, 11.992063492063492, 11.996031746031747, 11.992063492063492, 12.0, 11.980158730158731, 11.992063492063492, 12.0, 11.996031746031747, 11.996031746031747, 12.0, 11.996031746031747, 11.996031746031747, 11.980158730158731, 11.996031746031747, 11.992063492063492, 11.980158730158731, 11.992063492063492, 11.996031746031747, 12.0, 11.996031746031747, 11.996031746031747, 11.980158730158731, 11.984126984126984, 12.0, 11.972222222222221, 11.984126984126984, 11.98015873015873, 11.992063492063492, 11.988095238095237, 11.988095238095237, 11.992063492063494, 11.992063492063494, 11.996031746031747, 11.984126984126984, 11.992063492063492, 11.992063492063492, 11.992063492063492, 11.996031746031747, 12.0, 11.988095238095237, 11.988095238095237, 11.984126984126984, 11.988095238095237, 11.980158730158731, 11.988095238095237, 11.992063492063492, 11.988095238095237, 11.996031746031747, 11.988095238095237, 11.992063492063492, 11.988095238095237, 11.980158730158731, 12.0, 11.992063492063492, 11.992063492063492, 11.996031746031747, 11.992063492063492, 11.996031746031747, 11.992063492063492, 11.992063492063492, 11.996031746031747, 11.992063492063492, 11.996031746031747, 11.992063492063492, 11.988095238095237, 11.988095238095237, 11.984126984126984, 11.984126984126984, 12.0, 11.984126984126984, 11.992063492063492, 11.980158730158731, 11.980158730158731, 11.984126984126984, 12.0, 11.984126984126984, 11.992063492063492, 11.992063492063492, 11.992063492063492, 11.980158730158731, 11.984126984126984, 11.988095238095237, 11.980158730158731, 11.980158730158731, 11.988095238095237, 11.984126984126984, 11.992063492063492, 11.996031746031747, 11.980158730158731, 11.988095238095237, 12.0, 11.988095238095237, 11.980158730158731, 11.996031746031747, 11.992063492063494, 11.996031746031747, 11.988095238095237, 11.996031746031747, 11.996031746031747, 11.996031746031747, 11.996031746031747, 11.992063492063494, 11.988095238095237, 11.988095238095237, 11.980158730158731, 11.984126984126984, 11.996031746031747, 11.988095238095237, 11.996031746031747, 11.980158730158731, 11.992063492063492, 11.996031746031747, 11.988095238095237, 11.988095238095237, 11.996031746031747, 11.984126984126984, 11.984126984126984, 11.996031746031747, 11.992063492063492, 11.984126984126984, 11.972222222222221, 11.980158730158731, 11.988095238095237, 11.988095238095237, 11.988095238095237, 11.988095238095237, 11.992063492063492, 11.996031746031747, 11.996031746031747, 11.992063492063492, 11.980158730158731, 11.988095238095237, 11.984126984126984, 11.992063492063492, 11.988095238095237, 11.992063492063492, 10.980158730158731, 10.980158730158731, 10.984126984126984, 10.992063492063492, 10.992063492063492, 10.988095238095237, 10.988095238095237, 10.984126984126984, 10.980158730158731, 10.984126984126984, 10.988095238095237, 10.992063492063492, 10.984126984126984, 10.984126984126984, 10.984126984126984, 10.988095238095237, 10.984126984126984, 10.984126984126984, 10.984126984126984, 10.984126984126984, 10.984126984126984, 10.988095238095237, 10.980158730158731, 10.980158730158731, 10.976190476190476, 10.980158730158731, 10.988095238095237, 10.992063492063492, 10.976190476190476, 10.988095238095237, 10.976190476190476, 10.988095238095237, 10.984126984126984, 10.984126984126984, 10.980158730158731, 10.992063492063492, 10.980158730158731, 10.984126984126984, 10.980158730158731, 10.976190476190478, 10.980158730158731, 10.972222222222221, 10.968253968253968, 10.976190476190478, 10.976190476190478, 10.980158730158731, 10.984126984126984, 10.984126984126984, 10.976190476190476, 10.980158730158731, 10.984126984126984, 10.988095238095237, 10.992063492063492, 10.984126984126984, 10.980158730158731, 10.976190476190478, 10.984126984126984, 10.976190476190476, 10.988095238095237, 10.988095238095237, 10.980158730158731, 10.968253968253968, 10.976190476190476, 10.980158730158731, 10.984126984126984, 10.960317460317462, 10.968253968253968, 10.968253968253968, 10.976190476190476, 10.980158730158731, 10.984126984126984, 10.988095238095237, 10.964285714285715, 10.980158730158731, 10.984126984126984, 10.972222222222221, 10.988095238095237, 10.992063492063492, 10.984126984126984, 10.984126984126984, 10.984126984126984, 10.984126984126984, 10.988095238095237, 10.984126984126984, 10.988095238095237, 10.988095238095237, 10.984126984126984, 10.992063492063492, 10.992063492063492, 10.996031746031747, 10.992063492063492, 10.988095238095237, 10.988095238095237, 10.980158730158731, 10.98015873015873, 10.984126984126984, 10.976190476190478, 10.984126984126984, 10.984126984126984, 10.984126984126984, 10.976190476190478, 10.988095238095237, 10.984126984126984, 10.972222222222221, 10.984126984126984, 10.992063492063492, 10.984126984126984, 10.984126984126984, 10.984126984126984, 10.984126984126984, 10.988095238095237, 10.980158730158731, 10.988095238095237, 10.988095238095237, 10.984126984126984, 10.984126984126984, 10.992063492063492, 10.988095238095237, 10.984126984126984, 10.976190476190478, 10.988095238095237, 10.976190476190478, 10.980158730158731, 10.984126984126984, 10.980158730158731, 10.988095238095237, 10.992063492063492, 10.988095238095237, 10.988095238095237, 10.984126984126984, 10.984126984126984, 10.980158730158731]",0.9082637736441022,0.9289072664270717,11,"[33, 33, 33, 33, 33, 33, 33, 33, 33, 33, 33, 33, 33, 33, 33, 33, 33, 33, 31, 30, 28, 27, 25, 24, 24, 22, 20, 20, 19, 18, 18, 18, 17, 17, 17, 16, 16, 15, 15, 15, 15, 15, 15, 15, 15, 15, 15, 15, 15, 15, 15, 15, 15, 15, 15, 15, 15, 15, 15, 15, 15, 15, 15, 15, 15, 15, 14, 13, 13, 12, 12, 12, 12, 12, 12, 12, 12, 12, 12, 12, 12, 12, 12, 12, 12, 12, 12, 12, 12, 12, 12, 12, 12, 12, 12, 12, 12, 12, 12, 12, 12, 12, 12, 12, 12, 12, 12, 12, 12, 12, 12, 12, 12, 12, 12, 12, 12, 12, 12, 12, 12, 12, 12, 12, 12, 12, 12, 12, 12, 12, 12, 12, 12, 12, 12, 12, 12, 12, 12, 12, 12, 12, 12, 12, 12, 12, 12, 12, 12, 12, 12, 12, 12, 12, 12, 12, 12, 12, 12, 12, 12, 12, 12, 12, 12, 12, 12, 12, 12, 12, 12, 12, 12, 12, 12, 12, 12, 12, 12, 12, 12, 12, 12, 12, 12, 12, 12, 12, 12, 12, 12, 12, 12, 12, 12, 12, 12, 12, 12, 12, 12, 12, 12, 12, 12, 12, 12, 12, 12, 12, 12, 12, 12, 12, 12, 12, 12, 12, 12, 12, 12, 12, 12, 12, 12, 12, 12, 12, 12, 12, 12, 12, 12, 11, 11, 11, 11, 11, 11, 11, 11, 11, 11, 11, 11, 11, 11, 11, 11, 11, 11, 11, 11, 11, 11, 11, 11, 11, 11, 11, 11, 11, 11, 11, 11, 11, 11, 11, 11, 11, 11, 11, 11, 11, 11, 11, 11, 11, 11, 11, 11, 11, 11, 11, 11, 11, 11, 11, 11, 11, 11, 11, 11, 11, 11, 11, 11, 11, 11, 11, 11, 11, 11, 11, 11, 11, 11, 11, 11, 11, 11, 11, 11, 11, 11, 11, 11, 11, 11, 11, 11, 11, 11, 11, 11, 11, 11, 11, 11, 11, 11, 11, 11, 11, 11, 11, 11, 11, 11, 11, 11, 11, 11, 11, 11, 11, 11, 11, 11, 11, 11, 11, 11, 11, 11, 11, 11, 11, 11, 11, 11, 11, 11, 11, 11]",365,"[0.43437567353248596, 0.4012259244918823, 0.39899197220802307, 0.39081478118896484, 0.384795218706131, 0.38619694113731384, 0.3835098147392273, 0.37786033749580383, 0.389632910490036, 0.37295645475387573, 0.36766868829727173, 0.36565110087394714, 0.36382997035980225, 0.3620545268058777, 0.3600519597530365, 0.3584741950035095, 0.3576199412345886, 0.3519473373889923, 0.3519107401371002, 0.34443598985671997, 0.3444124162197113, 0.34058070182800293, 0.34170904755592346, 0.3647574186325073, 0.3362748324871063, 0.33310648798942566, 0.3570500612258911, 0.33485662937164307, 0.32759907841682434, 0.3274007737636566, 0.32763591408729553, 0.3234744966030121, 0.3212669789791107, 0.31968963146209717, 0.32652708888053894, 0.3381831645965576, 0.3122628331184387, 0.30905577540397644, 0.30706366896629333, 0.3122972548007965, 0.31092989444732666, 0.3037377595901489, 0.30194753408432007, 0.3028841018676758, 0.30473464727401733, 0.29874855279922485, 0.29302656650543213, 0.3072378635406494, 0.2969188988208771, 0.2870505154132843, 0.2904011607170105, 0.28393006324768066, 0.28193509578704834, 0.28079307079315186, 0.28380072116851807, 0.2785702347755432, 0.28790220618247986, 0.2745993733406067, 0.27464625239372253, 0.27811625599861145, 0.2748320996761322, 0.270456999540329, 0.2782520353794098, 0.267741322517395, 0.2686297297477722, 0.26556506752967834, 0.27150654792785645, 0.2708650529384613, 0.2631964087486267, 0.266224205493927, 0.2639519274234772, 0.26602450013160706, 0.262860506772995, 0.26128989458084106, 0.26379185914993286, 0.2593368887901306, 0.2623061537742615, 0.2638828456401825, 0.25690966844558716, 0.26737716794013977, 0.2593199908733368, 0.26508116722106934, 0.2548050582408905, 0.2546307444572449, 0.24962788820266724, 0.25725412368774414, 0.2559593617916107, 0.2472171038389206, 0.24797792732715607, 0.24803653359413147, 0.24521766602993011, 0.24487890303134918, 0.24386653304100037, 0.2436189204454422, 0.24776650965213776, 0.2506757080554962, 0.2509513795375824, 0.24157685041427612, 0.2430410385131836, 0.24136967957019806, 0.24264363944530487, 0.23701788485050201, 0.23843839764595032, 0.23875823616981506, 0.24426446855068207, 0.2351304441690445, 0.23910033702850342, 0.23533841967582703, 0.24315638840198517, 0.23354433476924896, 0.23806342482566833, 0.2558249831199646, 0.23050299286842346, 0.23401910066604614, 0.23234938085079193, 0.22958017885684967, 0.23111552000045776, 0.2400864213705063, 0.23687006533145905, 0.23104208707809448, 0.23256467282772064, 0.23210878670215607, 0.22702333331108093, 0.22839611768722534, 0.24743284285068512, 0.22829879820346832, 0.22646960616111755, 0.22532464563846588, 0.22963979840278625, 0.2417934536933899, 0.2256983369588852, 0.22528016567230225, 0.22409063577651978, 0.22280879318714142, 0.23490096628665924, 0.23104578256607056, 0.22256240248680115, 0.22636905312538147, 0.22649531066417694, 0.2219826728105545, 0.2230805605649948, 0.2235417515039444, 0.2214568704366684, 0.2234097421169281, 0.22377416491508484, 0.2209201604127884, 0.22085174918174744, 0.23756545782089233, 0.22055235505104065, 0.22012989223003387, 0.22194890677928925, 0.22067241370677948, 0.21859711408615112, 0.2242468297481537, 0.23113277554512024, 0.22446008026599884, 0.22930896282196045, 0.21827556192874908, 0.21832188963890076, 0.22680334746837616, 0.21888349950313568, 0.2425951510667801, 0.22082436084747314, 0.22742217779159546, 0.22117967903614044, 0.22855588793754578, 0.22076155245304108, 0.22242486476898193, 0.21871612966060638, 0.21797704696655273, 0.21988950669765472, 0.21589243412017822, 0.21867331862449646, 0.2164335995912552, 0.21712717413902283, 0.21811731159687042, 0.21488283574581146, 0.22539420425891876, 0.2147710770368576, 0.23373813927173615, 0.21531540155410767, 0.2206999957561493, 0.2148168385028839, 0.21380963921546936, 0.2308211326599121, 0.2137836217880249, 0.22305025160312653, 0.22233499586582184, 0.21753071248531342, 0.2244846671819687, 0.21592509746551514, 0.2150636911392212, 0.21591703593730927, 0.21530894935131073, 0.2175673544406891, 0.21333065629005432, 0.22540277242660522, 0.21383896470069885, 0.21298415958881378, 0.226008802652359, 0.21874943375587463, 0.21359214186668396, 0.21552203595638275, 0.2125178873538971, 0.21281097829341888, 0.2120354026556015, 0.22171027958393097, 0.21591021120548248, 0.2144157439470291, 0.2112036496400833, 0.21086658537387848, 0.20975714921951294, 0.21645987033843994, 0.2178059071302414, 0.2125682234764099, 0.21051713824272156, 0.21197600662708282, 0.2119922786951065, 0.21067766845226288, 0.21169354021549225, 0.21219295263290405, 0.21444402635097504, 0.21097442507743835, 0.20949213206768036, 0.21046210825443268, 0.22126838564872742, 0.2095310539007187, 0.2122592031955719, 0.2149205207824707, 0.20881879329681396, 0.2103053331375122, 0.210230752825737, 0.20928165316581726, 0.22718624770641327, 0.2293197512626648, 0.22682593762874603, 0.21558521687984467, 0.2131611406803131, 0.21201394498348236, 0.21559715270996094, 0.21148993074893951, 0.21085064113140106, 0.22145988047122955, 0.22645145654678345, 0.2112998068332672, 0.21168294548988342, 0.2159290909767151, 0.21468982100486755, 0.21576669812202454, 0.21277861297130585, 0.2131502777338028, 0.21115688979625702, 0.20910578966140747, 0.20697811245918274, 0.22812288999557495, 0.2058194875717163, 0.2072259932756424, 0.2092822790145874, 0.20970501005649567, 0.21480390429496765, 0.20665019750595093, 0.20726580917835236, 0.20654930174350739, 0.20685984194278717, 0.20719397068023682, 0.2146698236465454, 0.20708779990673065, 0.20786528289318085, 0.20649005472660065, 0.20595809817314148, 0.20654520392417908, 0.20638184249401093, 0.20674309134483337, 0.20473021268844604, 0.2079467922449112, 0.20755325257778168, 0.2048836499452591, 0.2044464349746704, 0.22323733568191528, 0.21070799231529236, 0.2065611630678177, 0.20622581243515015, 0.21100273728370667, 0.20897802710533142, 0.20542651414871216, 0.20638681948184967, 0.205974280834198, 0.20541702210903168, 0.20573247969150543, 0.20403951406478882, 0.20352117717266083, 0.20439939200878143, 0.20486922562122345, 0.20697398483753204, 0.2039734274148941, 0.20357970893383026, 0.2066693753004074, 0.20460623502731323, 0.2059234380722046, 0.21615158021450043, 0.20945169031620026, 0.20259211957454681, 0.2133234143257141, 0.2147914320230484, 0.20184089243412018, 0.23486962914466858, 0.20326963067054749, 0.20253148674964905, 0.20397788286209106, 0.20149964094161987, 0.20359501242637634, 0.20953254401683807, 0.20182709395885468, 0.20184312760829926, 0.20236098766326904, 0.20338894426822662, 0.20281001925468445, 0.20162126421928406, 0.2019433081150055, 0.2038438767194748, 0.20037543773651123, 0.20486900210380554, 0.2030407190322876, 0.20791040360927582, 0.20310458540916443, 0.20024733245372772, 0.20124508440494537, 0.20080259442329407, 0.2000960409641266, 0.20185169577598572, 0.20120708644390106, 0.20174746215343475, 0.2017900049686432, 0.19949892163276672, 0.20370033383369446, 0.19882066547870636, 0.20295320451259613, 0.20027267932891846, 0.20345455408096313, 0.2007264643907547, 0.201250821352005, 0.20989318192005157, 0.19945873320102692, 0.21624097228050232, 0.20000211894512177, 0.20747016370296478, 0.19780629873275757, 0.2154492884874344, 0.19877295196056366, 0.2071329653263092, 0.20933836698532104, 0.20139804482460022, 0.19862543046474457, 0.20241780579090118, 0.20430101454257965, 0.19644901156425476, 0.20775417983531952, 0.19815506041049957, 0.198104128241539, 0.1987127661705017, 0.19907698035240173, 0.20042866468429565, 0.19906829297542572, 0.19860908389091492, 0.19726106524467468]",11.0,"[33.0, 33.0, 33.0, 33.0, 33.0, 33.0, 33.0, 33.0, 33.0, 33.0, 33.0, 33.0, 33.0, 33.0, 33.0, 33.0, 33.0, 33.0, 31.0, 30.0, 28.0, 27.0, 25.0, 24.0, 24.0, 22.0, 20.0, 20.0, 19.0, 18.0, 18.0, 18.0, 17.0, 17.0, 17.0, 16.0, 16.0, 15.0, 15.0, 15.0, 15.0, 15.0, 15.0, 15.0, 15.0, 15.0, 15.0, 15.0, 15.0, 15.0, 15.0, 15.0, 15.0, 15.0, 15.0, 15.0, 15.0, 15.0, 15.0, 15.0, 15.0, 15.0, 15.0, 15.0, 15.0, 15.0, 14.0, 13.0, 13.0, 12.0, 12.0, 12.0, 12.0, 12.0, 12.0, 12.0, 12.0, 12.0, 12.0, 12.0, 12.0, 12.0, 12.0, 12.0, 12.0, 12.0, 12.0, 12.0, 12.0, 12.0, 12.0, 12.0, 12.0, 12.0, 12.0, 12.0, 12.0, 12.0, 12.0, 12.0, 12.0, 12.0, 12.0, 12.0, 12.0, 12.0, 12.0, 12.0, 12.0, 12.0, 12.0, 12.0, 12.0, 12.0, 12.0, 12.0, 12.0, 12.0, 12.0, 12.0, 12.0, 12.0, 12.0, 12.0, 12.0, 12.0, 12.0, 12.0, 12.0, 12.0, 12.0, 12.0, 12.0, 12.0, 12.0, 12.0, 12.0, 12.0, 12.0, 12.0, 12.0, 12.0, 12.0, 12.0, 12.0, 12.0, 12.0, 12.0, 12.0, 12.0, 12.0, 12.0, 12.0, 12.0, 12.0, 12.0, 12.0, 12.0, 12.0, 12.0, 12.0, 12.0, 12.0, 12.0, 12.0, 12.0, 12.0, 12.0, 12.0, 12.0, 12.0, 12.0, 12.0, 12.0, 12.0, 12.0, 12.0, 12.0, 12.0, 12.0, 12.0, 12.0, 12.0, 12.0, 12.0, 12.0, 12.0, 12.0, 12.0, 12.0, 12.0, 12.0, 12.0, 12.0, 12.0, 12.0, 12.0, 12.0, 12.0, 12.0, 12.0, 12.0, 12.0, 12.0, 12.0, 12.0, 12.0, 12.0, 12.0, 12.0, 12.0, 12.0, 12.0, 12.0, 12.0, 12.0, 12.0, 12.0, 12.0, 12.0, 12.0, 12.0, 12.0, 12.0, 12.0, 12.0, 12.0, 12.0, 12.0, 12.0, 12.0, 12.0, 12.0, 11.0, 11.0, 11.0, 11.0, 11.0, 11.0, 11.0, 11.0, 11.0, 11.0, 11.0, 11.0, 11.0, 11.0, 11.0, 11.0, 11.0, 11.0, 11.0, 11.0, 11.0, 11.0, 11.0, 11.0, 11.0, 11.0, 11.0, 11.0, 11.0, 11.0, 11.0, 11.0, 11.0, 11.0, 11.0, 11.0, 11.0, 11.0, 11.0, 11.0, 11.0, 11.0, 11.0, 11.0, 11.0, 11.0, 11.0, 11.0, 11.0, 11.0, 11.0, 11.0, 11.0, 11.0, 11.0, 11.0, 11.0, 11.0, 11.0, 11.0, 11.0, 11.0, 11.0, 11.0, 11.0, 11.0, 11.0, 11.0, 11.0, 11.0, 11.0, 11.0, 11.0, 11.0, 11.0, 11.0, 11.0, 11.0, 11.0, 11.0, 11.0, 11.0, 11.0, 11.0, 11.0, 11.0, 11.0, 11.0, 11.0, 11.0, 11.0, 11.0, 11.0, 11.0, 11.0, 11.0, 11.0, 11.0, 11.0, 11.0, 11.0, 11.0, 11.0, 11.0, 11.0, 11.0, 11.0, 11.0, 11.0, 11.0, 11.0, 11.0, 11.0, 11.0, 11.0, 11.0, 11.0, 11.0, 11.0, 11.0, 11.0, 11.0, 11.0, 11.0, 11.0, 11.0, 11.0, 11.0, 11.0, 11.0, 11.0, 11.0]",COMPLETE
