,number,value,datetime_start,datetime_complete,duration,params_batch_size_scaler,params_constant_learning_rate,params_depth,params_epochs,params_kernel_l2,params_num_trees,params_temperature,user_attrs_accuracy_test,user_attrs_accuracy_valid,user_attrs_approximate_feature_sparsity,user_attrs_approximate_feature_sparsity_history,user_attrs_approximate_weight_sparsity,user_attrs_approximate_weight_sparsity_history,user_attrs_auc_test,user_attrs_auc_valid,user_attrs_feature_sparsity,user_attrs_feature_sparsity_history,user_attrs_num_epochs,user_attrs_val_loss_history,user_attrs_weight_sparsity,user_attrs_weight_sparsity_history,state
122,122,0.7131171825688192,2024-08-31 05:08:40.304564,2024-08-31 05:10:16.334286,0 days 00:01:36.029722,64,0.047630593421973094,5,390,0.00244822274430677,67,0.0008741412619848479,0.871,0.8675,33,"[33, 33, 33, 33, 33, 33, 33, 33, 33, 33, 33, 33, 33, 33, 33, 33, 33, 33, 33, 33, 33, 33, 33, 33, 33, 33, 33, 33, 33, 33, 33, 33, 33, 33, 33, 33, 33, 33, 33, 33, 33, 33, 33, 33, 33, 33, 33, 33, 33, 33, 33, 33, 33, 33, 33, 33, 33, 33, 33, 33, 33, 33, 33, 33, 33, 33, 33, 33, 33, 33, 33, 33, 33, 33, 33, 33, 33, 33, 33, 33, 33, 33, 33, 33, 33, 33, 33, 33, 33, 33, 33, 33, 33, 33, 33, 33, 33, 33, 33, 33, 33, 33, 33, 33, 33, 33, 33, 33, 33, 33, 33, 33, 33, 33, 33, 33, 33, 33, 33, 33, 33, 33, 33, 33, 33, 33, 33, 33, 33, 33, 33, 33, 33, 33, 33, 33, 33, 33, 33, 33, 33, 33, 33, 33, 33, 33, 33, 33, 33, 33, 33, 33, 33, 33, 33, 33, 33, 33, 33, 33, 33, 33, 33, 33, 33, 33, 33, 33, 33, 33, 33, 33, 33, 33, 33, 33, 33, 33, 33, 33, 33, 33, 33, 33, 33, 33, 33, 33, 33, 33, 33, 33, 33, 33, 33, 33, 33, 33, 33, 33, 33, 33, 33, 33, 33, 33, 33, 33, 33, 33, 33, 33, 33, 33, 33, 33, 33, 33, 33, 33, 33, 33, 33, 33, 33, 33, 33, 33, 33, 33, 33, 33, 33, 33, 33, 33, 33, 33, 33, 33, 33, 33, 33, 33, 33, 33, 33, 33, 33, 33, 33, 33, 33, 33, 33, 33, 33, 33, 33, 33, 33, 33, 33, 33, 33, 33, 33, 33, 33, 33, 33, 33, 33, 33, 33, 33, 33, 33, 33, 33, 33, 33, 33, 33, 33, 33, 33, 33, 33, 33, 33, 33, 33, 33, 33, 33, 33, 33, 33, 33, 33, 33, 33, 33, 33, 33, 33, 33, 33, 33, 33, 33, 33, 33, 33, 33, 33, 33, 33, 33, 33, 33, 33, 33, 33, 33, 33, 33, 33, 33, 33, 33, 33, 33, 33, 33, 33, 33, 33, 33, 33, 33, 33, 33, 33, 33, 33, 33, 33, 33, 33, 33, 33, 33, 33, 33, 33, 33, 33, 33, 33, 33, 33, 33, 33, 33, 33, 33, 33, 33, 33, 33, 33, 33, 33, 33, 33, 33, 33, 33, 33, 33, 33, 33, 33, 33, 33, 33, 33, 33]",32.93500240731825,"[32.943187289359656, 32.93885411651421, 32.937891189215215, 32.935483870967744, 32.93885411651421, 32.93403948001926, 32.933558016369766, 32.93403948001926, 32.93500240731825, 32.94174289841117, 32.94126143476168, 32.94126143476168, 32.93740972556572, 32.94174289841117, 32.94174289841117, 32.94415021665864, 32.94607607125662, 32.94077997111218, 32.93933558016369, 32.9393355801637, 32.94559460760713, 32.944631680308134, 32.942705825710156, 32.94415021665864, 32.940298507462686, 32.93885411651421, 32.937891189215215, 32.93740972556572, 32.93644679826673, 32.93548387096774, 32.93596533461724, 32.93596533461724, 32.94077997111218, 32.942705825710156, 32.94270582571016, 32.94126143476168, 32.94366875300915, 32.943187289359656, 32.940298507462686, 32.93692826191623, 32.93644679826673, 32.93837265286471, 32.94174289841117, 32.942224362060664, 32.942224362060664, 32.943187289359656, 32.943187289359656, 32.94415021665864, 32.94559460760713, 32.94415021665864, 32.9480019258546, 32.94944631680308, 32.94607607125662, 32.94318728935965, 32.937891189215215, 32.93981704381319, 32.93981704381319, 32.942224362060664, 32.94559460760713, 32.94415021665864, 32.94607607125662, 32.942705825710156, 32.94655753490612, 32.94559460760713, 32.95089070775157, 32.94607607125662, 32.9484833895041, 32.950409244102076, 32.94944631680308, 32.94848338950409, 32.95089070775157, 32.95137217140106, 32.95040924410207, 32.94944631680308, 32.94944631680308, 32.949927780452576, 32.95089070775157, 32.950409244102076, 32.9480019258546, 32.94559460760713, 32.94703899855561, 32.945113143957634, 32.94270582571016, 32.942224362060664, 32.9480019258546, 32.94703899855561, 32.94607607125662, 32.944631680308134, 32.94415021665864, 32.94607607125662, 32.9484833895041, 32.94655753490611, 32.94559460760713, 32.94607607125662, 32.94366875300915, 32.942224362060664, 32.93981704381319, 32.93837265286471, 32.93837265286471, 32.93885411651421, 32.94126143476168, 32.940779971112185, 32.93981704381319, 32.93885411651421, 32.938372652864714, 32.93644679826673, 32.937891189215215, 32.93644679826673, 32.93885411651421, 32.942224362060664, 32.94366875300915, 32.94366875300915, 32.94607607125662, 32.947520462205105, 32.95089070775157, 32.94944631680308, 32.9480019258546, 32.947520462205105, 32.94559460760713, 32.94366875300915, 32.94366875300915, 32.94559460760713, 32.945113143957634, 32.9484833895041, 32.95137217140106, 32.95040924410207, 32.94944631680308, 32.95137217140106, 32.954260953298025, 32.95233509870005, 32.95329802599904, 32.95377948964853, 32.95377948964853, 32.95329802599904, 32.951853635050554, 32.9480019258546, 32.9484833895041, 32.9480019258546, 32.94848338950409, 32.94896485315359, 32.95137217140106, 32.950409244102076, 32.951853635050554, 32.949927780452576, 32.9480019258546, 32.95040924410207, 32.95281656234955, 32.954260953298025, 32.951853635050554, 32.95089070775156, 32.94992778045258, 32.9480019258546, 32.949927780452576, 32.94944631680308, 32.949927780452576, 32.9480019258546, 32.94703899855561, 32.94848338950409, 32.949927780452576, 32.9480019258546, 32.947520462205105, 32.94655753490611, 32.94463168030814, 32.94366875300915, 32.94174289841117, 32.94174289841117, 32.94077997111218, 32.940298507462686, 32.93837265286471, 32.93933558016369, 32.93837265286471, 32.93837265286471, 32.940298507462686, 32.93837265286471, 32.93596533461724, 32.93740972556572, 32.93692826191622, 32.93452094366875, 32.935002407318244, 32.93259508907077, 32.937891189215215, 32.9388541165142, 32.93644679826673, 32.937409725565715, 32.937409725565715, 32.93933558016369, 32.940298507462686, 32.94174289841117, 32.94174289841117, 32.94174289841117, 32.940298507462686, 32.942224362060664, 32.940298507462686, 32.940298507462686, 32.9388541165142, 32.937409725565715, 32.93644679826673, 32.93452094366875, 32.931150698122295, 32.9306692344728, 32.92874337987482, 32.930669234472795, 32.92729898892634, 32.92537313432836, 32.92681752527684, 32.92778045257583, 32.9301877708233, 32.928261916225324, 32.92681752527684, 32.92344727973038, 32.923928743379875, 32.92537313432836, 32.9301877708233, 32.92970630717381, 32.930669234472795, 32.92922484352432, 32.92970630717381, 32.93259508907077, 32.935483870967744, 32.935483870967744, 32.93596533461724, 32.93355801636976, 32.93259508907077, 32.9301877708233, 32.92778045257583, 32.92778045257583, 32.92585459797785, 32.92344727973038, 32.92489167067886, 32.92537313432836, 32.923928743379875, 32.92537313432835, 32.92489167067886, 32.926336061627346, 32.92729898892634, 32.928261916225324, 32.92970630717381, 32.92922484352432, 32.930669234472795, 32.9301877708233, 32.930669234472795, 32.92585459797785, 32.9301877708233, 32.9301877708233, 32.92970630717381, 32.93211362542128, 32.930669234472795, 32.93259508907077, 32.935002407318244, 32.935483870967744, 32.935483870967744, 32.9388541165142, 32.940298507462686, 32.93981704381319, 32.9388541165142, 32.93644679826673, 32.93740972556572, 32.93596533461724, 32.93307655272027, 32.93211362542128, 32.93644679826673, 32.93644679826673, 32.937891189215215, 32.9388541165142, 32.93981704381319, 32.9393355801637, 32.9388541165142, 32.94126143476168, 32.93981704381319, 32.94174289841117, 32.940298507462686, 32.9393355801637, 32.9393355801637, 32.93596533461724, 32.93740972556572, 32.93644679826673, 32.935483870967744, 32.933558016369766, 32.933558016369766, 32.93644679826673, 32.93740972556572, 32.93837265286471, 32.93885411651421, 32.9393355801637, 32.93981704381319, 32.93885411651421, 32.93885411651421, 32.9393355801637, 32.93692826191622, 32.9393355801637, 32.937891189215215, 32.93885411651421, 32.93740972556572, 32.93740972556572, 32.93644679826673, 32.93403948001926, 32.93596533461724, 32.935483870967744, 32.93596533461724, 32.93452094366875, 32.93259508907077, 32.93403948001926, 32.931150698122295, 32.93259508907077, 32.93211362542128, 32.93163216177179, 32.93692826191622, 32.93307655272027, 32.935483870967744, 32.93355801636976, 32.935483870967744, 32.93211362542128, 32.93211362542128, 32.93403948001926, 32.93259508907077, 32.93115069812229, 32.93211362542128, 32.930669234472795, 32.930669234472795, 32.93115069812229, 32.93259508907077, 32.933076552720266, 32.933076552720266, 32.933558016369766, 32.93355801636976, 32.93644679826673, 32.935483870967744, 32.93740972556572, 32.937409725565715, 32.937409725565715, 32.937891189215215, 32.93644679826673, 32.937891189215215, 32.940298507462686, 32.93981704381319, 32.940298507462686, 32.940298507462686, 32.94126143476168, 32.940779971112185, 32.9393355801637, 32.9393355801637, 32.93981704381319, 32.93885411651421, 32.940779971112185, 32.94174289841117, 32.942224362060664, 32.942224362060664, 32.94126143476168, 32.94366875300915, 32.947520462205105, 32.94703899855561, 32.947520462205105, 32.94655753490611, 32.94703899855561, 32.94607607125662, 32.944631680308134, 32.94415021665864, 32.94415021665864, 32.944631680308134, 32.944631680308134, 32.94415021665864, 32.94126143476168, 32.940779971112185, 32.940298507462686, 32.940298507462686, 32.942224362060664, 32.94366875300915, 32.942705825710156, 32.9393355801637, 32.94126143476168, 32.94126143476168, 32.94174289841117, 32.940779971112185, 32.940779971112185, 32.94077997111218, 32.93933558016369, 32.93885411651421, 32.93885411651421, 32.93837265286471, 32.93692826191623, 32.93644679826673, 32.937891189215215, 32.93211362542128, 32.933558016369766, 32.933558016369766, 32.93452094366875, 32.933558016369766, 32.93259508907077, 32.933558016369766, 32.93500240731825]",0.7486769210445925,0.7131171825688192,33,"[33, 33, 33, 33, 33, 33, 33, 33, 33, 33, 33, 33, 33, 33, 33, 33, 33, 33, 33, 33, 33, 33, 33, 33, 33, 33, 33, 33, 33, 33, 33, 33, 33, 33, 33, 33, 33, 33, 33, 33, 33, 33, 33, 33, 33, 33, 33, 33, 33, 33, 33, 33, 33, 33, 33, 33, 33, 33, 33, 33, 33, 33, 33, 33, 33, 33, 33, 33, 33, 33, 33, 33, 33, 33, 33, 33, 33, 33, 33, 33, 33, 33, 33, 33, 33, 33, 33, 33, 33, 33, 33, 33, 33, 33, 33, 33, 33, 33, 33, 33, 33, 33, 33, 33, 33, 33, 33, 33, 33, 33, 33, 33, 33, 33, 33, 33, 33, 33, 33, 33, 33, 33, 33, 33, 33, 33, 33, 33, 33, 33, 33, 33, 33, 33, 33, 33, 33, 33, 33, 33, 33, 33, 33, 33, 33, 33, 33, 33, 33, 33, 33, 33, 33, 33, 33, 33, 33, 33, 33, 33, 33, 33, 33, 33, 33, 33, 33, 33, 33, 33, 33, 33, 33, 33, 33, 33, 33, 33, 33, 33, 33, 33, 33, 33, 33, 33, 33, 33, 33, 33, 33, 33, 33, 33, 33, 33, 33, 33, 33, 33, 33, 33, 33, 33, 33, 33, 33, 33, 33, 33, 33, 33, 33, 33, 33, 33, 33, 33, 33, 33, 33, 33, 33, 33, 33, 33, 33, 33, 33, 33, 33, 33, 33, 33, 33, 33, 33, 33, 33, 33, 33, 33, 33, 33, 33, 33, 33, 33, 33, 33, 33, 33, 33, 33, 33, 33, 33, 33, 33, 33, 33, 33, 33, 33, 33, 33, 33, 33, 33, 33, 33, 33, 33, 33, 33, 33, 33, 33, 33, 33, 33, 33, 33, 33, 33, 33, 33, 33, 33, 33, 33, 33, 33, 33, 33, 33, 33, 33, 33, 33, 33, 33, 33, 33, 33, 33, 33, 33, 33, 33, 33, 33, 33, 33, 33, 33, 33, 33, 33, 33, 33, 33, 33, 33, 33, 33, 33, 33, 33, 33, 33, 33, 33, 33, 33, 33, 33, 33, 33, 33, 33, 33, 33, 33, 33, 33, 33, 33, 33, 33, 33, 33, 33, 33, 33, 33, 33, 33, 33, 33, 33, 33, 33, 33, 33, 33, 33, 33, 33, 33, 33, 33, 33, 33, 33, 33, 33, 33, 33, 33, 33, 33, 33, 33, 33, 33, 33, 33, 33, 33]",390,"[0.645008385181427, 0.5661259293556213, 0.5159611105918884, 0.4823284149169922, 0.46002084016799927, 0.44535714387893677, 0.43280845880508423, 0.42484915256500244, 0.4189497232437134, 0.4142073392868042, 0.4111878573894501, 0.40866410732269287, 0.40623295307159424, 0.4042448103427887, 0.40304574370384216, 0.4017511308193207, 0.40093764662742615, 0.3998204171657562, 0.39915984869003296, 0.3986164331436157, 0.39804017543792725, 0.39750346541404724, 0.3970465362071991, 0.3965696394443512, 0.39622098207473755, 0.39582929015159607, 0.39544668793678284, 0.3950389623641968, 0.3947431445121765, 0.3943847417831421, 0.3940166234970093, 0.39372116327285767, 0.3933640718460083, 0.3930298089981079, 0.3926832973957062, 0.3924451470375061, 0.392142117023468, 0.39185166358947754, 0.3915863037109375, 0.3913326561450958, 0.3910682201385498, 0.3908117413520813, 0.39055296778678894, 0.390292763710022, 0.39006510376930237, 0.3897913992404938, 0.389539897441864, 0.38928887248039246, 0.38908231258392334, 0.38891878724098206, 0.38870173692703247, 0.38848739862442017, 0.38828518986701965, 0.3880184292793274, 0.3877818286418915, 0.3875935673713684, 0.38734233379364014, 0.38714808225631714, 0.38698697090148926, 0.38678228855133057, 0.38656139373779297, 0.3863207697868347, 0.38612842559814453, 0.385956346988678, 0.3857260048389435, 0.3855133354663849, 0.3853205144405365, 0.3850726783275604, 0.3848767876625061, 0.384682297706604, 0.38450005650520325, 0.38434189558029175, 0.38412562012672424, 0.3839484453201294, 0.3837829828262329, 0.38362157344818115, 0.383508563041687, 0.3833131790161133, 0.3831699788570404, 0.38300132751464844, 0.38285499811172485, 0.3826906085014343, 0.38252341747283936, 0.38236626982688904, 0.38216954469680786, 0.3820316195487976, 0.3818940818309784, 0.38176730275154114, 0.3816576898097992, 0.38147127628326416, 0.3813229501247406, 0.3811875879764557, 0.38102424144744873, 0.38084810972213745, 0.3807178735733032, 0.38055211305618286, 0.3804541528224945, 0.3803226351737976, 0.38021865487098694, 0.3800845444202423, 0.37991955876350403, 0.3797871768474579, 0.3796388506889343, 0.3794780671596527, 0.3793860971927643, 0.3792310655117035, 0.3791433274745941, 0.3789975643157959, 0.3789147436618805, 0.37878990173339844, 0.37862542271614075, 0.378500372171402, 0.3783671259880066, 0.37825992703437805, 0.37817704677581787, 0.3780639171600342, 0.37791764736175537, 0.3777771294116974, 0.3776501715183258, 0.3775687515735626, 0.37745240330696106, 0.3773289620876312, 0.37722235918045044, 0.37712615728378296, 0.3769988715648651, 0.3768913745880127, 0.37681084871292114, 0.37670430541038513, 0.3766208589076996, 0.3764883279800415, 0.3763717710971832, 0.376273512840271, 0.37615832686424255, 0.37602630257606506, 0.3759118616580963, 0.3757799565792084, 0.37570640444755554, 0.37560221552848816, 0.3754913806915283, 0.37539833784103394, 0.37526753544807434, 0.37520256638526917, 0.37508565187454224, 0.37499845027923584, 0.3748825788497925, 0.37476685643196106, 0.37466663122177124, 0.37456071376800537, 0.37449195981025696, 0.37444233894348145, 0.3743199408054352, 0.3741852045059204, 0.37408801913261414, 0.37401068210601807, 0.37386828660964966, 0.37374019622802734, 0.3736625015735626, 0.3736118972301483, 0.37358108162879944, 0.3734951913356781, 0.3733268678188324, 0.37323614954948425, 0.3731530010700226, 0.37309399247169495, 0.3730294108390808, 0.3729816675186157, 0.372900128364563, 0.37281298637390137, 0.3727172911167145, 0.3726158142089844, 0.372526615858078, 0.3724881112575531, 0.37238457798957825, 0.3722635507583618, 0.3722114562988281, 0.3721369802951813, 0.37207770347595215, 0.3721219301223755, 0.37206387519836426, 0.3719511032104492, 0.3718779385089874, 0.3718186914920807, 0.3717707395553589, 0.37165412306785583, 0.37163296341896057, 0.3715103268623352, 0.3714035153388977, 0.37136760354042053, 0.3712807595729828, 0.3711971640586853, 0.3711108863353729, 0.37110939621925354, 0.37100112438201904, 0.3709307610988617, 0.37089112401008606, 0.3707731366157532, 0.37067970633506775, 0.370576947927475, 0.37049058079719543, 0.37043407559394836, 0.37032872438430786, 0.3702491819858551, 0.3702264428138733, 0.3701712489128113, 0.37011006474494934, 0.36999979615211487, 0.36992329359054565, 0.3698514699935913, 0.3697952926158905, 0.36974388360977173, 0.3696499764919281, 0.3696167767047882, 0.3695138990879059, 0.36946144700050354, 0.3693985044956207, 0.3693498969078064, 0.36929166316986084, 0.369223415851593, 0.36918753385543823, 0.36912232637405396, 0.369032084941864, 0.36893871426582336, 0.3688907325267792, 0.3688175678253174, 0.3687485158443451, 0.36865878105163574, 0.3685816824436188, 0.36852753162384033, 0.36843645572662354, 0.3683980107307434, 0.36831241846084595, 0.3682798147201538, 0.36821573972702026, 0.36816996335983276, 0.3680977523326874, 0.3680192232131958, 0.36794447898864746, 0.36789625883102417, 0.3678549826145172, 0.3677884042263031, 0.36774808168411255, 0.36770620942115784, 0.36761197447776794, 0.3675125241279602, 0.3674556016921997, 0.3673953115940094, 0.3673815429210663, 0.36730509996414185, 0.36720043420791626, 0.36716416478157043, 0.3671172857284546, 0.36702293157577515, 0.366995632648468, 0.3669315576553345, 0.3668520450592041, 0.36676082015037537, 0.36664876341819763, 0.3666389584541321, 0.3665999472141266, 0.3666127920150757, 0.3665321469306946, 0.3665142357349396, 0.3664732873439789, 0.3663983643054962, 0.3662963807582855, 0.3662405014038086, 0.3662184774875641, 0.3661620318889618, 0.36613672971725464, 0.36605679988861084, 0.36598190665245056, 0.365963339805603, 0.3659510910511017, 0.36592838168144226, 0.3658425509929657, 0.3658193349838257, 0.36577752232551575, 0.36574870347976685, 0.36570510268211365, 0.3656221032142639, 0.3655564785003662, 0.36553990840911865, 0.3655039072036743, 0.3654799163341522, 0.36542215943336487, 0.36536070704460144, 0.3653125464916229, 0.36523303389549255, 0.3651481568813324, 0.36506393551826477, 0.3649996817111969, 0.3649305999279022, 0.3648943603038788, 0.3648197054862976, 0.3647868037223816, 0.36479896306991577, 0.3648797869682312, 0.3648509085178375, 0.36478638648986816, 0.3646852374076843, 0.3646518588066101, 0.364644855260849, 0.3645768463611603, 0.3644534945487976, 0.3644465506076813, 0.36439183354377747, 0.364290326833725, 0.3641856908798218, 0.36412888765335083, 0.3640628457069397, 0.3640958070755005, 0.3640369176864624, 0.36401233077049255, 0.3639417290687561, 0.36388885974884033, 0.3638434112071991, 0.3637886345386505, 0.3637596368789673, 0.36370736360549927, 0.363677978515625, 0.36362990736961365, 0.36360207200050354, 0.36351481080055237, 0.36345377564430237, 0.36338797211647034, 0.3633389174938202, 0.3632620871067047, 0.36320170760154724, 0.36317747831344604, 0.36312997341156006, 0.3630467355251312, 0.3629993498325348, 0.3629690408706665, 0.36287185549736023, 0.36280226707458496, 0.36276206374168396, 0.3627333343029022, 0.3626886308193207, 0.3626146614551544, 0.36257216334342957, 0.3625376224517822, 0.36248481273651123, 0.3624006509780884, 0.36236870288848877, 0.36234885454177856, 0.3622758388519287, 0.3622191250324249, 0.36219465732574463, 0.36227095127105713, 0.36224526166915894, 0.36216527223587036, 0.36212921142578125, 0.36203888058662415, 0.36195921897888184, 0.3619427978992462, 0.36189812421798706, 0.36193665862083435, 0.3618168532848358, 0.3617781698703766, 0.3617067337036133, 0.36163651943206787, 0.36157694458961487, 0.3614608347415924, 0.36138832569122314, 0.3613378405570984, 0.36125636100769043, 0.3612169325351715, 0.36117106676101685, 0.36110642552375793, 0.36106637120246887, 0.361075758934021, 0.3610425293445587, 0.3609663248062134, 0.3609693646430969, 0.36089545488357544, 0.3608458638191223, 0.3607958257198334, 0.36078014969825745, 0.3606830835342407, 0.36062926054000854, 0.36052826046943665, 0.36042699217796326, 0.36037740111351013, 0.36032822728157043, 0.3603208661079407, 0.3603266179561615, 0.3603004813194275, 0.3602462112903595, 0.36021941900253296, 0.360207736492157]",33.0,"[33.0, 33.0, 33.0, 33.0, 33.0, 33.0, 33.0, 33.0, 33.0, 33.0, 33.0, 33.0, 33.0, 33.0, 33.0, 33.0, 33.0, 33.0, 33.0, 33.0, 33.0, 33.0, 33.0, 33.0, 33.0, 33.0, 33.0, 33.0, 33.0, 33.0, 33.0, 33.0, 33.0, 33.0, 33.0, 33.0, 33.0, 33.0, 33.0, 33.0, 33.0, 33.0, 33.0, 33.0, 33.0, 33.0, 33.0, 33.0, 33.0, 33.0, 33.0, 33.0, 33.0, 33.0, 33.0, 33.0, 33.0, 33.0, 33.0, 33.0, 33.0, 33.0, 33.0, 33.0, 33.0, 33.0, 33.0, 33.0, 33.0, 33.0, 33.0, 33.0, 33.0, 33.0, 33.0, 33.0, 33.0, 33.0, 33.0, 33.0, 33.0, 33.0, 33.0, 33.0, 33.0, 33.0, 33.0, 33.0, 33.0, 33.0, 33.0, 33.0, 33.0, 33.0, 33.0, 33.0, 33.0, 33.0, 33.0, 33.0, 33.0, 33.0, 33.0, 33.0, 33.0, 33.0, 33.0, 33.0, 33.0, 33.0, 33.0, 33.0, 33.0, 33.0, 33.0, 33.0, 33.0, 33.0, 33.0, 33.0, 33.0, 33.0, 33.0, 33.0, 33.0, 33.0, 33.0, 33.0, 33.0, 33.0, 33.0, 33.0, 33.0, 33.0, 33.0, 33.0, 33.0, 33.0, 33.0, 33.0, 33.0, 33.0, 33.0, 33.0, 33.0, 33.0, 33.0, 33.0, 33.0, 33.0, 33.0, 33.0, 33.0, 33.0, 33.0, 33.0, 33.0, 33.0, 33.0, 33.0, 33.0, 33.0, 33.0, 33.0, 33.0, 33.0, 33.0, 33.0, 33.0, 33.0, 33.0, 33.0, 33.0, 33.0, 33.0, 33.0, 33.0, 33.0, 33.0, 33.0, 33.0, 33.0, 33.0, 33.0, 33.0, 33.0, 33.0, 33.0, 33.0, 33.0, 33.0, 33.0, 33.0, 33.0, 33.0, 33.0, 33.0, 33.0, 33.0, 33.0, 33.0, 33.0, 33.0, 33.0, 33.0, 33.0, 33.0, 33.0, 33.0, 33.0, 33.0, 33.0, 33.0, 33.0, 33.0, 33.0, 33.0, 33.0, 33.0, 33.0, 33.0, 33.0, 33.0, 33.0, 33.0, 33.0, 33.0, 33.0, 33.0, 33.0, 33.0, 33.0, 33.0, 33.0, 33.0, 33.0, 33.0, 33.0, 33.0, 33.0, 33.0, 33.0, 33.0, 33.0, 33.0, 33.0, 33.0, 33.0, 33.0, 33.0, 33.0, 33.0, 33.0, 33.0, 33.0, 33.0, 33.0, 33.0, 33.0, 33.0, 33.0, 33.0, 33.0, 33.0, 33.0, 33.0, 33.0, 33.0, 33.0, 33.0, 33.0, 33.0, 33.0, 33.0, 33.0, 33.0, 33.0, 33.0, 33.0, 33.0, 33.0, 33.0, 33.0, 33.0, 33.0, 33.0, 33.0, 33.0, 33.0, 33.0, 33.0, 33.0, 33.0, 33.0, 33.0, 33.0, 33.0, 33.0, 33.0, 33.0, 33.0, 33.0, 33.0, 33.0, 33.0, 33.0, 33.0, 33.0, 33.0, 33.0, 33.0, 33.0, 33.0, 33.0, 33.0, 33.0, 33.0, 33.0, 33.0, 33.0, 33.0, 33.0, 33.0, 33.0, 33.0, 33.0, 33.0, 33.0, 33.0, 33.0, 33.0, 33.0, 33.0, 33.0, 33.0, 33.0, 33.0, 33.0, 33.0, 33.0, 33.0, 33.0, 33.0, 33.0, 33.0, 33.0, 33.0, 33.0, 33.0, 33.0, 33.0, 33.0, 33.0, 33.0, 33.0, 33.0, 33.0, 33.0, 33.0, 33.0, 33.0, 33.0, 33.0, 33.0, 33.0, 33.0, 33.0, 33.0, 33.0, 33.0, 33.0, 33.0, 33.0, 33.0, 33.0, 33.0, 33.0, 33.0, 33.0, 33.0, 33.0, 33.0, 33.0, 33.0, 33.0, 33.0, 33.0, 33.0, 33.0, 33.0]",COMPLETE
