,number,value,datetime_start,datetime_complete,duration,params_batch_size_scaler,params_constant_learning_rate,params_depth,params_epochs,params_kernel_l2,params_num_trees,params_temperature,user_attrs_accuracy_test,user_attrs_accuracy_valid,user_attrs_approximate_feature_sparsity,user_attrs_approximate_feature_sparsity_history,user_attrs_approximate_weight_sparsity,user_attrs_approximate_weight_sparsity_history,user_attrs_auc_test,user_attrs_auc_valid,user_attrs_feature_sparsity,user_attrs_feature_sparsity_history,user_attrs_num_epochs,user_attrs_val_loss_history,user_attrs_weight_sparsity,user_attrs_weight_sparsity_history,state
81,81,0.775495613865595,2024-08-31 03:48:28.417126,2024-08-31 03:56:12.053119,0 days 00:07:43.635993,4,0.1087737748198281,6,420,0.8367048546464317,4,0.028451975295158752,0.878,0.8675,3,"[33, 33, 33, 33, 33, 33, 33, 33, 33, 33, 33, 32, 31, 24, 18, 15, 11, 9, 7, 7, 7, 6, 5, 5, 5, 4, 4, 4, 4, 3, 3, 3, 3, 3, 3, 3, 3, 3, 3, 3, 3, 3, 3, 3, 3, 3, 3, 3, 3, 3, 3, 3, 3, 3, 3, 3, 3, 3, 3, 3, 3, 3, 3, 3, 3, 3, 3, 3, 3, 3, 3, 3, 3, 3, 3, 3, 3, 3, 3, 3, 3, 3, 3, 3, 3, 3, 3, 3, 3, 3, 3, 3, 3, 3, 3, 3, 3, 3, 3, 3, 3, 3, 3, 3, 3, 3, 3, 3, 3, 3, 3, 3, 3, 3, 3, 3, 3, 3, 3, 3, 3, 3, 3, 3, 3, 3, 3, 3, 3, 3, 3, 3, 3, 3, 3, 3, 3, 3, 3, 3, 3, 3, 3, 3, 3, 3, 3, 3, 3, 3, 3, 3, 3, 3, 3, 3, 3, 3, 3, 3, 3, 3, 3, 3, 3, 3, 3, 3, 3, 3, 3, 3, 3, 3, 3, 3, 3, 3, 3, 3, 3, 3, 3, 3, 3, 3, 3, 3, 3, 3, 3, 3, 3, 3, 3, 3, 3, 3, 3, 3, 3, 3, 3, 3, 3, 3, 3, 3, 3, 3, 3, 3, 3, 3, 3, 3, 3, 3, 3, 3, 3, 3, 3, 3, 3, 3, 3, 3, 3, 3, 3, 3, 3, 3, 3, 3, 3, 3, 3, 3, 3, 3, 3, 3, 3, 3, 3, 3, 3, 3, 3, 3, 3, 3, 3, 3, 3, 3, 3, 3, 3, 3, 3, 3, 3, 3, 3, 3, 3, 3, 3, 3, 3, 3, 3, 3, 3, 3, 3, 3, 3, 3, 3, 3, 3, 3, 3, 3, 3, 3, 3, 3, 3, 3, 3, 3, 3, 3, 3, 3, 3, 3, 3, 3, 3, 3, 3, 3, 3, 3, 3, 3, 3, 3, 3, 3, 3, 3, 3, 3, 3, 3, 3, 3, 3, 3, 3, 3, 3, 3, 3, 3, 3, 3, 3, 3, 3, 3, 3, 3, 3, 3, 3, 3, 3, 3, 3, 3, 3, 3, 3, 3, 3, 3, 3, 3, 3, 3, 3, 3, 3, 3, 3, 3, 3, 3, 3, 3, 3, 3, 3, 3, 3, 3, 3, 3, 3, 3, 3, 3, 3, 3, 3, 3, 3, 3, 3, 3, 3, 3, 3, 3, 3, 3, 3, 3, 3, 3, 3, 3, 3, 3, 3, 3, 3, 3, 3, 3, 3, 3, 3, 3, 3, 3, 3, 3, 3, 3, 3, 3]",2.9365079365079367,"[32.96031746031746, 32.98412698412699, 32.98015873015873, 32.992063492063494, 32.964285714285715, 32.98412698412699, 32.980158730158735, 32.98809523809524, 32.992063492063494, 32.98015873015873, 32.960317460317455, 31.95634920634921, 30.97222222222222, 23.98015873015873, 17.984126984126984, 14.992063492063494, 10.988095238095237, 8.992063492063492, 7.0, 7.0, 6.988095238095238, 5.992063492063492, 4.992063492063492, 4.992063492063492, 4.988095238095238, 3.996031746031746, 3.988095238095238, 4.0, 3.988095238095238, 3.0, 3.0, 2.996031746031746, 2.996031746031746, 2.996031746031746, 2.992063492063492, 3.0, 2.988095238095238, 3.0, 2.996031746031746, 2.996031746031746, 2.996031746031746, 2.988095238095238, 2.992063492063492, 2.992063492063492, 2.992063492063492, 2.984126984126984, 2.992063492063492, 2.992063492063492, 2.988095238095238, 2.992063492063492, 2.992063492063492, 2.992063492063492, 2.988095238095238, 2.992063492063492, 2.992063492063492, 2.988095238095238, 2.992063492063492, 2.996031746031746, 2.996031746031746, 2.988095238095238, 2.996031746031746, 2.996031746031746, 2.984126984126984, 2.996031746031746, 2.984126984126984, 2.992063492063492, 2.988095238095238, 2.992063492063492, 2.984126984126984, 2.988095238095238, 3.0, 2.992063492063492, 2.996031746031746, 2.996031746031746, 2.988095238095238, 2.9801587301587302, 2.9801587301587302, 2.984126984126984, 2.984126984126984, 2.9801587301587302, 2.9722222222222223, 2.9682539682539684, 2.984126984126984, 2.9682539682539684, 2.984126984126984, 2.984126984126984, 2.9761904761904763, 2.9801587301587302, 2.9801587301587302, 2.996031746031746, 2.992063492063492, 2.9722222222222223, 2.9722222222222223, 2.9801587301587302, 2.992063492063492, 2.988095238095238, 2.996031746031746, 2.992063492063492, 2.984126984126984, 2.992063492063492, 2.984126984126984, 2.984126984126984, 2.984126984126984, 2.984126984126984, 2.988095238095238, 2.9801587301587302, 2.992063492063492, 2.984126984126984, 2.984126984126984, 2.988095238095238, 2.996031746031746, 2.996031746031746, 2.996031746031746, 2.992063492063492, 2.992063492063492, 2.988095238095238, 2.984126984126984, 2.984126984126984, 2.984126984126984, 2.984126984126984, 2.988095238095238, 2.984126984126984, 2.984126984126984, 2.984126984126984, 2.988095238095238, 2.988095238095238, 2.992063492063492, 2.988095238095238, 2.984126984126984, 2.988095238095238, 2.9801587301587302, 2.9801587301587302, 2.984126984126984, 2.9801587301587302, 2.984126984126984, 2.984126984126984, 2.992063492063492, 2.988095238095238, 2.988095238095238, 2.9801587301587302, 2.9801587301587302, 2.9801587301587302, 2.9761904761904763, 2.9761904761904763, 2.9761904761904763, 2.9801587301587302, 2.984126984126984, 2.984126984126984, 2.988095238095238, 2.992063492063492, 2.988095238095238, 2.988095238095238, 2.992063492063492, 2.992063492063492, 2.992063492063492, 2.992063492063492, 2.988095238095238, 2.988095238095238, 2.992063492063492, 2.988095238095238, 2.988095238095238, 2.988095238095238, 2.988095238095238, 2.988095238095238, 2.984126984126984, 2.984126984126984, 2.984126984126984, 2.984126984126984, 2.984126984126984, 2.984126984126984, 2.984126984126984, 2.984126984126984, 2.984126984126984, 2.988095238095238, 2.984126984126984, 2.984126984126984, 2.984126984126984, 2.988095238095238, 2.988095238095238, 2.988095238095238, 2.988095238095238, 2.988095238095238, 2.988095238095238, 2.988095238095238, 2.988095238095238, 2.988095238095238, 2.988095238095238, 2.984126984126984, 2.984126984126984, 2.988095238095238, 2.984126984126984, 2.988095238095238, 2.988095238095238, 2.988095238095238, 2.988095238095238, 2.988095238095238, 2.988095238095238, 2.988095238095238, 2.988095238095238, 2.984126984126984, 2.988095238095238, 2.984126984126984, 2.988095238095238, 2.988095238095238, 2.984126984126984, 2.988095238095238, 2.984126984126984, 2.984126984126984, 2.9801587301587302, 2.9801587301587302, 2.9801587301587302, 2.9801587301587302, 2.984126984126984, 2.9801587301587302, 2.9761904761904763, 2.9761904761904763, 2.9761904761904763, 2.9801587301587302, 2.9801587301587302, 2.9761904761904763, 2.9761904761904763, 2.9761904761904763, 2.9761904761904763, 2.9722222222222223, 2.9761904761904763, 2.9761904761904763, 2.9722222222222223, 2.9722222222222223, 2.9722222222222223, 2.9682539682539684, 2.9682539682539684, 2.9682539682539684, 2.9682539682539684, 2.9642857142857144, 2.9642857142857144, 2.9642857142857144, 2.9603174603174605, 2.9642857142857144, 2.9523809523809526, 2.9603174603174605, 2.9444444444444446, 2.9444444444444446, 2.9484126984126986, 2.9444444444444446, 2.9444444444444446, 2.9484126984126986, 2.9444444444444446, 2.9444444444444446, 2.9603174603174605, 2.9444444444444446, 2.9523809523809526, 2.9563492063492065, 2.9484126984126986, 2.9444444444444446, 2.9444444444444446, 2.9523809523809526, 2.9563492063492065, 2.9444444444444446, 2.9444444444444446, 2.9523809523809526, 2.9523809523809526, 2.9563492063492065, 2.9523809523809526, 2.9444444444444446, 2.9444444444444446, 2.9563492063492065, 2.884920634920635, 2.9404761904761907, 2.9563492063492065, 2.9007936507936507, 2.884920634920635, 2.932539682539683, 2.932539682539683, 2.9365079365079367, 2.932539682539683, 2.912698412698413, 2.912698412698413, 2.892857142857143, 2.920634920634921, 2.920634920634921, 2.9444444444444446, 2.908730158730159, 2.9047619047619047, 2.924603174603175, 2.928571428571429, 2.9365079365079367, 2.8968253968253967, 2.928571428571429, 2.932539682539683, 2.9365079365079367, 2.928571428571429, 2.9365079365079367, 2.920634920634921, 2.8968253968253967, 2.9365079365079367, 2.912698412698413, 2.912698412698413, 2.9365079365079367, 2.9523809523809526, 2.928571428571429, 2.8968253968253967, 2.9484126984126986, 2.9444444444444446, 2.9365079365079367, 2.9365079365079367, 2.9365079365079367, 2.9365079365079367, 2.9365079365079367, 2.8968253968253967, 2.9365079365079367, 2.9523809523809526, 2.9523809523809526, 2.9523809523809526, 2.9444444444444446, 2.9444444444444446, 2.9523809523809526, 2.9523809523809526, 2.9523809523809526, 2.9523809523809526, 2.924603174603175, 2.9523809523809526, 2.9523809523809526, 2.9523809523809526, 2.9523809523809526, 2.9444444444444446, 2.9523809523809526, 2.9365079365079367, 2.9523809523809526, 2.9523809523809526, 2.9523809523809526, 2.9523809523809526, 2.9523809523809526, 2.9523809523809526, 2.9523809523809526, 2.9523809523809526, 2.9523809523809526, 2.9484126984126986, 2.9523809523809526, 2.9444444444444446, 2.9523809523809526, 2.9523809523809526, 2.9365079365079367, 2.9523809523809526, 2.9444444444444446, 2.9444444444444446, 2.9563492063492065, 2.9365079365079367, 2.9365079365079367, 2.9444444444444446, 2.9523809523809526, 2.9603174603174605, 2.9523809523809526, 2.9444444444444446, 2.9603174603174605, 2.9603174603174605, 2.9523809523809526, 2.9603174603174605, 2.9603174603174605, 2.9603174603174605, 2.9603174603174605, 2.9603174603174605, 2.9603174603174605, 2.9603174603174605, 2.9603174603174605, 2.9603174603174605, 2.9603174603174605, 2.9523809523809526, 2.9523809523809526, 2.9603174603174605, 2.9523809523809526, 2.9603174603174605, 2.928571428571429, 2.9444444444444446, 2.9444444444444446, 2.9444444444444446, 2.916666666666667, 2.920634920634921, 2.912698412698413, 2.924603174603175, 2.912698412698413, 2.920634920634921, 2.912698412698413, 2.8968253968253967, 2.912698412698413, 2.912698412698413, 2.9007936507936507, 2.8968253968253967, 2.884920634920635, 2.888888888888889, 2.888888888888889, 2.920634920634921, 2.884920634920635, 2.920634920634921, 2.892857142857143, 2.8968253968253967, 2.888888888888889, 2.9404761904761907, 2.9444444444444446, 2.928571428571429, 2.9444444444444446, 2.928571428571429, 2.928571428571429, 2.920634920634921, 2.924603174603175, 2.920634920634921, 2.928571428571429, 2.9365079365079367, 2.916666666666667, 2.916666666666667, 2.916666666666667, 2.9603174603174605, 2.924603174603175, 2.9365079365079367, 2.9523809523809526, 2.9523809523809526, 2.9444444444444446, 2.9523809523809526, 2.9603174603174605, 2.9444444444444446, 2.9365079365079367]",0.7878780373021574,0.775495613865595,3,"[33, 33, 33, 33, 33, 33, 33, 33, 33, 33, 33, 32, 31, 24, 18, 15, 11, 9, 7, 7, 7, 6, 5, 5, 5, 4, 4, 4, 4, 3, 3, 3, 3, 3, 3, 3, 3, 3, 3, 3, 3, 3, 3, 3, 3, 3, 3, 3, 3, 3, 3, 3, 3, 3, 3, 3, 3, 3, 3, 3, 3, 3, 3, 3, 3, 3, 3, 3, 3, 3, 3, 3, 3, 3, 3, 3, 3, 3, 3, 3, 3, 3, 3, 3, 3, 3, 3, 3, 3, 3, 3, 3, 3, 3, 3, 3, 3, 3, 3, 3, 3, 3, 3, 3, 3, 3, 3, 3, 3, 3, 3, 3, 3, 3, 3, 3, 3, 3, 3, 3, 3, 3, 3, 3, 3, 3, 3, 3, 3, 3, 3, 3, 3, 3, 3, 3, 3, 3, 3, 3, 3, 3, 3, 3, 3, 3, 3, 3, 3, 3, 3, 3, 3, 3, 3, 3, 3, 3, 3, 3, 3, 3, 3, 3, 3, 3, 3, 3, 3, 3, 3, 3, 3, 3, 3, 3, 3, 3, 3, 3, 3, 3, 3, 3, 3, 3, 3, 3, 3, 3, 3, 3, 3, 3, 3, 3, 3, 3, 3, 3, 3, 3, 3, 3, 3, 3, 3, 3, 3, 3, 3, 3, 3, 3, 3, 3, 3, 3, 3, 3, 3, 3, 3, 3, 3, 3, 3, 3, 3, 3, 3, 3, 3, 3, 3, 3, 3, 3, 3, 3, 3, 3, 3, 3, 3, 3, 3, 3, 3, 3, 3, 3, 3, 3, 3, 3, 3, 3, 3, 3, 3, 3, 3, 3, 3, 3, 3, 3, 3, 3, 3, 3, 3, 3, 3, 3, 3, 3, 3, 3, 3, 3, 3, 3, 3, 3, 3, 3, 3, 3, 3, 3, 3, 3, 3, 3, 3, 3, 3, 3, 3, 3, 3, 3, 3, 3, 3, 3, 3, 3, 3, 3, 3, 3, 3, 3, 3, 3, 3, 3, 3, 3, 3, 3, 3, 3, 3, 3, 3, 3, 3, 3, 3, 3, 3, 3, 3, 3, 3, 3, 3, 3, 3, 3, 3, 3, 3, 3, 3, 3, 3, 3, 3, 3, 3, 3, 3, 3, 3, 3, 3, 3, 3, 3, 3, 3, 3, 3, 3, 3, 3, 3, 3, 3, 3, 3, 3, 3, 3, 3, 3, 3, 3, 3, 3, 3, 3, 3, 3, 3, 3, 3, 3, 3, 3, 3, 3, 3, 3, 3, 3, 3, 3, 3, 3, 3, 3, 3, 3, 3, 3, 3, 3, 3, 3, 3, 3, 3, 3, 3]",420,"[0.7551290392875671, 0.6503915190696716, 0.5955788493156433, 0.5630265474319458, 0.5410838723182678, 0.5245523452758789, 0.5112461447715759, 0.49989086389541626, 0.489889919757843, 0.4809052348136902, 0.47267913818359375, 0.4631616473197937, 0.4542612135410309, 0.43609780073165894, 0.41771507263183594, 0.4079248905181885, 0.402165949344635, 0.40315741300582886, 0.3977547883987427, 0.3959599435329437, 0.39449504017829895, 0.39368289709091187, 0.3894497752189636, 0.38829517364501953, 0.38732659816741943, 0.3887409269809723, 0.38775038719177246, 0.386938214302063, 0.38621804118156433, 0.3866555094718933, 0.385936439037323, 0.38529911637306213, 0.384757399559021, 0.38423678278923035, 0.38375118374824524, 0.38329100608825684, 0.38282936811447144, 0.38236457109451294, 0.3819040358066559, 0.381466269493103, 0.38105252385139465, 0.3806467354297638, 0.38024306297302246, 0.37983062863349915, 0.37945789098739624, 0.37904834747314453, 0.3786889314651489, 0.3783271908760071, 0.37795764207839966, 0.3776182234287262, 0.3772561252117157, 0.37691226601600647, 0.3766193389892578, 0.3762739896774292, 0.37594082951545715, 0.37562552094459534, 0.37529537081718445, 0.375010222196579, 0.3747256398200989, 0.3744654953479767, 0.3741728961467743, 0.3739084303379059, 0.37367621064186096, 0.373408704996109, 0.3731794059276581, 0.3729178309440613, 0.3726784586906433, 0.3724477291107178, 0.3722762167453766, 0.3720432221889496, 0.3718435764312744, 0.3716292977333069, 0.3714541494846344, 0.3712861239910126, 0.37105727195739746, 0.3708897531032562, 0.37077513337135315, 0.37060511112213135, 0.3704415559768677, 0.3702528774738312, 0.37012001872062683, 0.3699403703212738, 0.36979132890701294, 0.36965128779411316, 0.369529128074646, 0.3693764805793762, 0.3692518174648285, 0.3691518008708954, 0.36905983090400696, 0.36890602111816406, 0.36876416206359863, 0.3686949610710144, 0.36854568123817444, 0.36842793226242065, 0.3683243691921234, 0.3682176172733307, 0.36811116337776184, 0.36801424622535706, 0.36792969703674316, 0.36782723665237427, 0.36774662137031555, 0.3676292300224304, 0.36747267842292786, 0.3673802614212036, 0.3672901391983032, 0.36724427342414856, 0.36713889241218567, 0.3670259118080139, 0.3669373393058777, 0.3668667674064636, 0.3667631447315216, 0.3666723966598511, 0.36660006642341614, 0.36649027466773987, 0.36641034483909607, 0.3663610816001892, 0.36627787351608276, 0.3661686182022095, 0.3661685585975647, 0.3660162687301636, 0.36593806743621826, 0.3658908009529114, 0.36577582359313965, 0.36572399735450745, 0.36562660336494446, 0.3655826151371002, 0.3655041754245758, 0.3654838502407074, 0.3653430640697479, 0.3652746081352234, 0.3652154207229614, 0.36509501934051514, 0.36504918336868286, 0.36497747898101807, 0.36490997672080994, 0.3648301661014557, 0.36474236845970154, 0.36475130915641785, 0.36466097831726074, 0.36455589532852173, 0.36447060108184814, 0.36444351077079773, 0.3643231987953186, 0.3643020689487457, 0.3642248809337616, 0.3641466200351715, 0.36408495903015137, 0.36400169134140015, 0.36393412947654724, 0.3639143109321594, 0.3637852370738983, 0.3637232482433319, 0.36365941166877747, 0.36359748244285583, 0.36356040835380554, 0.36351120471954346, 0.36343151330947876, 0.3633592128753662, 0.36327120661735535, 0.36327284574508667, 0.3632541298866272, 0.363140344619751, 0.3630332946777344, 0.36297607421875, 0.3629290759563446, 0.36289504170417786, 0.36281272768974304, 0.36270520091056824, 0.3626346290111542, 0.36261340975761414, 0.3627391457557678, 0.36254215240478516, 0.3624730408191681, 0.3623175024986267, 0.3623073697090149, 0.3623124957084656, 0.36218366026878357, 0.3620810806751251, 0.3620520532131195, 0.36195895075798035, 0.3618820905685425, 0.36188358068466187, 0.3618272542953491, 0.36193060874938965, 0.3617277443408966, 0.36163797974586487, 0.36158740520477295, 0.361550897359848, 0.3614606559276581, 0.3613545298576355, 0.36131325364112854, 0.36129841208457947, 0.3612954020500183, 0.3612278699874878, 0.36119377613067627, 0.3611546754837036, 0.36101025342941284, 0.3609810769557953, 0.36088043451309204, 0.3607882559299469, 0.3607608377933502, 0.36069008708000183, 0.3606914281845093, 0.3606414794921875, 0.36052319407463074, 0.36059436202049255, 0.3604484498500824, 0.36035946011543274, 0.3603215515613556, 0.3602730929851532, 0.36018532514572144, 0.36011984944343567, 0.3601647615432739, 0.3600245416164398, 0.35992905497550964, 0.3598679304122925, 0.3598354458808899, 0.3597562313079834, 0.359732985496521, 0.3596830368041992, 0.3597131371498108, 0.35974156856536865, 0.35948237776756287, 0.35942500829696655, 0.35936400294303894, 0.35949215292930603, 0.35934528708457947, 0.3592124283313751, 0.35920974612236023, 0.35906121134757996, 0.35906514525413513, 0.35902824997901917, 0.35907354950904846, 0.35887041687965393, 0.35888248682022095, 0.358836829662323, 0.3587319552898407, 0.35872092843055725, 0.3585820496082306, 0.3586099147796631, 0.3584516942501068, 0.3583853840827942, 0.358345627784729, 0.35829707980155945, 0.3582570552825928, 0.35821789503097534, 0.358110249042511, 0.35808470845222473, 0.3582150340080261, 0.3579775094985962, 0.35805702209472656, 0.3580823838710785, 0.357896089553833, 0.35778260231018066, 0.3577553927898407, 0.3578116297721863, 0.3578857481479645, 0.3575477600097656, 0.3575105667114258, 0.35760918259620667, 0.3575003743171692, 0.3577655851840973, 0.35745224356651306, 0.35730257630348206, 0.3572782874107361, 0.35735514760017395, 0.35716092586517334, 0.3570549488067627, 0.3570895493030548, 0.35693955421447754, 0.35687553882598877, 0.3568166494369507, 0.3567647635936737, 0.3567291498184204, 0.3566983938217163, 0.35657787322998047, 0.3565295338630676, 0.35648608207702637, 0.3564338684082031, 0.3563809096813202, 0.3564402461051941, 0.3562965393066406, 0.35628578066825867, 0.3562120497226715, 0.3561532497406006, 0.3561374247074127, 0.35601580142974854, 0.35602280497550964, 0.3559662997722626, 0.35591351985931396, 0.3558387756347656, 0.35583510994911194, 0.35572806000709534, 0.35568001866340637, 0.3556833267211914, 0.35556793212890625, 0.35548439621925354, 0.35551565885543823, 0.3556078374385834, 0.3553522825241089, 0.3552262485027313, 0.3553428649902344, 0.35528263449668884, 0.3551492691040039, 0.355135053396225, 0.35505011677742004, 0.3550069034099579, 0.3549540340900421, 0.3549081087112427, 0.35481730103492737, 0.35484394431114197, 0.3548439145088196, 0.3547741770744324, 0.35461777448654175, 0.3545430898666382, 0.35453200340270996, 0.3544887900352478, 0.35477593541145325, 0.35436972975730896, 0.3542802333831787, 0.3543151021003723, 0.35428452491760254, 0.3541055917739868, 0.35405638813972473, 0.3539469242095947, 0.35392966866493225, 0.3538494110107422, 0.3538285195827484, 0.35383740067481995, 0.35386961698532104, 0.35363519191741943, 0.35369250178337097, 0.3535839915275574, 0.35353580117225647, 0.35362258553504944, 0.35351383686065674, 0.3535062074661255, 0.3533560037612915, 0.35342997312545776, 0.35318970680236816, 0.3532128930091858, 0.35320568084716797, 0.35333091020584106, 0.3530743420124054, 0.35300183296203613, 0.3531005382537842, 0.35290446877479553, 0.352783739566803, 0.35274738073349, 0.3527248501777649, 0.3528416156768799, 0.3526005446910858, 0.35251492261886597, 0.35257193446159363, 0.3525448143482208, 0.35240909457206726, 0.3525502681732178, 0.3523530662059784, 0.3524559736251831, 0.3524906635284424, 0.35206741094589233, 0.3523068130016327, 0.3519632816314697, 0.35202425718307495, 0.3520573079586029, 0.35182711482048035, 0.35202556848526, 0.3516317307949066, 0.35196903347969055, 0.35177144408226013, 0.3517216742038727, 0.35202348232269287, 0.35156553983688354, 0.35149163007736206, 0.35133758187294006, 0.3513597548007965, 0.3513455092906952, 0.35131004452705383, 0.3514987528324127, 0.35130995512008667, 0.35117653012275696, 0.3513006865978241, 0.3510670065879822, 0.35104015469551086, 0.35087841749191284, 0.35094618797302246, 0.3511047065258026, 0.35074910521507263, 0.35090377926826477, 0.35087767243385315, 0.3512782156467438, 0.3506540060043335, 0.35095611214637756, 0.350467711687088, 0.3503870666027069, 0.3503945469856262, 0.3506849408149719, 0.3505576252937317, 0.3502179682254791, 0.3504186272621155, 0.3500344753265381, 0.3499789535999298, 0.35028767585754395, 0.3500979244709015, 0.35027557611465454, 0.3500286340713501, 0.3497712314128876, 0.34972357749938965, 0.34975388646125793, 0.34969332814216614, 0.35034626722335815, 0.3495764136314392, 0.3495078682899475, 0.3497416377067566, 0.3495536744594574, 0.34973013401031494, 0.34993302822113037, 0.34969475865364075, 0.3492998480796814, 0.34926944971084595]",3.0,"[33.0, 33.0, 33.0, 33.0, 33.0, 33.0, 33.0, 33.0, 33.0, 33.0, 33.0, 32.0, 31.0, 24.0, 18.0, 15.0, 11.0, 9.0, 7.0, 7.0, 7.0, 6.0, 5.0, 5.0, 5.0, 4.0, 4.0, 4.0, 4.0, 3.0, 3.0, 3.0, 3.0, 3.0, 3.0, 3.0, 3.0, 3.0, 3.0, 3.0, 3.0, 3.0, 3.0, 3.0, 3.0, 3.0, 3.0, 3.0, 3.0, 3.0, 3.0, 3.0, 3.0, 3.0, 3.0, 3.0, 3.0, 3.0, 3.0, 3.0, 3.0, 3.0, 3.0, 3.0, 3.0, 3.0, 3.0, 3.0, 3.0, 3.0, 3.0, 3.0, 3.0, 3.0, 3.0, 3.0, 3.0, 3.0, 3.0, 3.0, 3.0, 3.0, 3.0, 3.0, 3.0, 3.0, 3.0, 3.0, 3.0, 3.0, 3.0, 3.0, 3.0, 3.0, 3.0, 3.0, 3.0, 3.0, 3.0, 3.0, 3.0, 3.0, 3.0, 3.0, 3.0, 3.0, 3.0, 3.0, 3.0, 3.0, 3.0, 3.0, 3.0, 3.0, 3.0, 3.0, 3.0, 3.0, 3.0, 3.0, 3.0, 3.0, 3.0, 3.0, 3.0, 3.0, 3.0, 3.0, 3.0, 3.0, 3.0, 3.0, 3.0, 3.0, 3.0, 3.0, 3.0, 3.0, 3.0, 3.0, 3.0, 3.0, 3.0, 3.0, 3.0, 3.0, 3.0, 3.0, 3.0, 3.0, 3.0, 3.0, 3.0, 3.0, 3.0, 3.0, 3.0, 3.0, 3.0, 3.0, 3.0, 3.0, 3.0, 3.0, 3.0, 3.0, 3.0, 3.0, 3.0, 3.0, 3.0, 3.0, 3.0, 3.0, 3.0, 3.0, 3.0, 3.0, 3.0, 3.0, 3.0, 3.0, 3.0, 3.0, 3.0, 3.0, 3.0, 3.0, 3.0, 3.0, 3.0, 3.0, 3.0, 3.0, 3.0, 3.0, 3.0, 3.0, 3.0, 3.0, 3.0, 3.0, 3.0, 3.0, 3.0, 3.0, 3.0, 3.0, 3.0, 3.0, 3.0, 3.0, 3.0, 3.0, 3.0, 3.0, 3.0, 3.0, 3.0, 3.0, 3.0, 3.0, 3.0, 3.0, 3.0, 3.0, 3.0, 3.0, 3.0, 3.0, 3.0, 3.0, 3.0, 3.0, 3.0, 3.0, 3.0, 3.0, 3.0, 3.0, 3.0, 3.0, 3.0, 3.0, 3.0, 3.0, 3.0, 3.0, 3.0, 3.0, 3.0, 3.0, 3.0, 3.0, 3.0, 3.0, 3.0, 3.0, 3.0, 3.0, 3.0, 3.0, 3.0, 3.0, 3.0, 3.0, 3.0, 3.0, 3.0, 3.0, 3.0, 3.0, 3.0, 3.0, 3.0, 3.0, 3.0, 3.0, 3.0, 3.0, 3.0, 3.0, 3.0, 3.0, 3.0, 3.0, 3.0, 3.0, 3.0, 3.0, 3.0, 3.0, 3.0, 3.0, 3.0, 3.0, 3.0, 3.0, 3.0, 3.0, 3.0, 3.0, 3.0, 3.0, 3.0, 3.0, 3.0, 3.0, 3.0, 3.0, 3.0, 3.0, 3.0, 3.0, 3.0, 3.0, 3.0, 3.0, 3.0, 3.0, 3.0, 3.0, 3.0, 3.0, 3.0, 3.0, 3.0, 3.0, 3.0, 3.0, 3.0, 3.0, 3.0, 3.0, 3.0, 3.0, 3.0, 3.0, 3.0, 3.0, 3.0, 3.0, 3.0, 3.0, 3.0, 3.0, 3.0, 3.0, 3.0, 3.0, 3.0, 3.0, 3.0, 3.0, 3.0, 3.0, 3.0, 3.0, 3.0, 3.0, 3.0, 3.0, 3.0, 3.0, 3.0, 3.0, 3.0, 3.0, 3.0, 3.0, 3.0, 3.0, 3.0, 3.0, 3.0, 3.0, 3.0, 3.0, 3.0, 3.0