,number,value,datetime_start,datetime_complete,duration,params_batch_size_scaler,params_constant_learning_rate,params_depth,params_epochs,params_kernel_l2,params_num_trees,params_temperature,user_attrs_accuracy_test,user_attrs_accuracy_valid,user_attrs_approximate_feature_sparsity,user_attrs_approximate_feature_sparsity_history,user_attrs_approximate_weight_sparsity,user_attrs_approximate_weight_sparsity_history,user_attrs_auc_test,user_attrs_auc_valid,user_attrs_feature_sparsity,user_attrs_feature_sparsity_history,user_attrs_num_epochs,user_attrs_val_loss_history,user_attrs_weight_sparsity,user_attrs_weight_sparsity_history,state
16,16,0.9442361943038219,2024-08-31 01:16:18.372402,2024-08-31 01:18:09.255314,0 days 00:01:50.882912,16,2.0621821991671196,4,440,0.0011795302370502226,87,0.0006528082898505001,0.945,0.94875,16,"[33, 33, 33, 33, 33, 33, 33, 33, 33, 33, 33, 33, 33, 33, 33, 33, 33, 33, 32, 31, 28, 23, 22, 20, 20, 20, 20, 20, 18, 18, 18, 18, 18, 18, 18, 18, 18, 18, 18, 18, 18, 18, 18, 18, 18, 18, 18, 18, 18, 18, 18, 18, 18, 18, 18, 18, 18, 18, 18, 18, 18, 18, 18, 18, 18, 18, 18, 18, 18, 18, 18, 18, 18, 18, 18, 18, 18, 18, 18, 18, 18, 18, 18, 18, 18, 18, 18, 18, 18, 18, 18, 18, 18, 18, 18, 18, 18, 18, 18, 18, 18, 18, 18, 18, 18, 18, 17, 17, 17, 17, 17, 16, 16, 16, 16, 16, 16, 16, 16, 16, 16, 16, 16, 16, 16, 16, 16, 16, 16, 16, 16, 16, 16, 16, 16, 16, 16, 16, 16, 16, 16, 16, 16, 16, 16, 16, 16, 16, 16, 16, 16, 16, 16, 16, 16, 16, 16, 16, 16, 16, 16, 16, 16, 16, 16, 16, 16, 16, 16, 16, 16, 16, 16, 16, 16, 16, 16, 16, 16, 16, 16, 16, 16, 16, 16, 16, 16, 16, 16, 16, 16, 16, 16, 16, 16, 16, 16, 16, 16, 16, 16, 16, 16, 16, 16, 16, 16, 16, 16, 16, 16, 16, 16, 16, 16, 16, 16, 16, 16, 16, 16, 16, 16, 16, 16, 16, 16, 16, 16, 16, 16, 16, 16, 16, 16, 16, 16, 16, 16, 16, 16, 16, 16, 16, 16, 16, 16, 16, 16, 16, 16, 16, 16, 16, 16, 16, 16, 16, 16, 16, 16, 16, 16, 16, 16, 16, 16, 16, 16, 16, 16, 16, 16, 16, 16, 16, 16, 16, 16, 16, 16, 16, 16, 16, 16, 16, 16, 16, 16, 16, 16, 16, 16, 16, 16, 16, 16, 16, 16, 16, 16, 16, 16, 16, 16, 16, 16, 16, 16, 16, 16, 16, 16, 16, 16, 16, 16, 16, 16, 16, 16, 16, 16, 16, 16, 16, 16, 16, 16, 16, 16, 16, 16, 16, 16, 16, 16, 16, 16, 16, 16, 16, 16, 16, 16, 16, 16, 16, 16, 16, 16, 16, 16, 16, 16, 16, 16, 16, 16, 16, 16, 16, 16, 16, 16, 16, 16, 16, 16, 16, 16, 16, 16, 16, 16, 16, 16, 16, 16, 16, 16, 16, 16, 16, 16, 16, 16, 16, 16, 16, 16, 16, 16, 16, 16, 16, 16, 16, 16, 16, 16, 16, 16, 16, 16, 16, 16, 16, 16, 16, 16, 16, 16, 16, 16, 16, 16, 16, 16, 16, 16, 16, 16, 16, 16, 16, 16, 16, 16, 16, 16, 16, 16, 16, 16, 16, 16, 16, 16, 16]",15.981609195402298,"[32.952490421455934, 32.95249042145594, 32.96015325670498, 32.94712643678161, 32.95632183908046, 32.95172413793103, 32.94252873563218, 32.94099616858237, 32.95632183908046, 32.95632183908046, 32.94712643678161, 32.948659003831416, 32.94176245210728, 32.95708812260536, 32.95478927203065, 32.95632183908046, 32.94942528735632, 32.95708812260536, 31.94942528735632, 30.95708812260536, 27.9632183908046, 22.96858237547893, 21.972413793103446, 19.9816091954023, 19.982375478927203, 19.980842911877396, 19.977777777777778, 19.97471264367816, 17.983141762452107, 17.983141762452107, 17.979310344827585, 17.972413793103446, 17.97011494252874, 17.977777777777778, 17.982375478927203, 17.97701149425287, 17.970881226053642, 17.975478927203064, 17.973180076628353, 17.973946360153256, 17.973180076628353, 17.973946360153256, 17.97471264367816, 17.97624521072797, 17.980842911877396, 17.977777777777778, 17.980076628352492, 17.977777777777778, 17.984674329501917, 17.979310344827585, 17.982375478927203, 17.975478927203064, 17.980076628352492, 17.983141762452107, 17.977011494252874, 17.975478927203067, 17.98544061302682, 17.975478927203067, 17.97624521072797, 17.980076628352492, 17.9823754789272, 17.97854406130268, 17.980076628352492, 17.973946360153256, 17.975478927203064, 17.97318007662835, 17.980842911877396, 17.981609195402296, 17.9816091954023, 17.97471264367816, 17.968582375478928, 17.97624521072797, 17.973180076628353, 17.97624521072797, 17.97701149425287, 17.971647509578546, 17.973180076628353, 17.977777777777778, 17.96934865900383, 17.97318007662835, 17.97624521072797, 17.97471264367816, 17.982375478927203, 17.976245210727967, 17.979310344827585, 17.983141762452107, 17.98390804597701, 17.98007662835249, 17.975478927203064, 17.980842911877392, 17.97854406130268, 17.979310344827585, 17.978544061302685, 17.97931034482759, 17.97931034482759, 17.983141762452107, 17.983141762452107, 17.9823754789272, 17.977777777777778, 17.983141762452107, 17.984674329501914, 17.98390804597701, 17.9816091954023, 17.982375478927203, 17.97931034482759, 17.97931034482759, 16.97854406130268, 16.977777777777778, 16.975478927203064, 16.977011494252874, 16.972413793103446, 15.973180076628353, 15.9816091954023, 15.974712643678162, 15.973180076628353, 15.97471264367816, 15.973946360153256, 15.977777777777776, 15.983141762452105, 15.98007662835249, 15.980076628352489, 15.977777777777778, 15.978544061302681, 15.977011494252872, 15.983141762452105, 15.979310344827585, 15.973180076628354, 15.971647509578544, 15.975478927203064, 15.98007662835249, 15.980076628352489, 15.984674329501914, 15.985440613026817, 15.98390804597701, 15.986206896551723, 15.986973180076628, 15.987739463601532, 15.977777777777776, 15.977777777777778, 15.980076628352489, 15.986206896551723, 15.980842911877396, 15.982375478927203, 15.977011494252874, 15.983141762452108, 15.979310344827587, 15.975478927203065, 15.983908045977014, 15.977777777777778, 15.977011494252874, 15.9816091954023, 15.979310344827583, 15.977011494252874, 15.98007662835249, 15.978544061302681, 15.982375478927201, 15.976245210727969, 15.983141762452107, 15.982375478927203, 15.975478927203065, 15.982375478927203, 15.982375478927203, 15.980076628352489, 15.978544061302681, 15.980842911877396, 15.979310344827587, 15.985440613026821, 15.97624521072797, 15.98390804597701, 15.976245210727969, 15.977777777777778, 15.9816091954023, 15.975478927203065, 15.980842911877394, 15.983141762452107, 15.983141762452107, 15.980842911877394, 15.985440613026821, 15.9816091954023, 15.984674329501916, 15.98544061302682, 15.984674329501916, 15.980842911877394, 15.98544061302682, 15.983908045977012, 15.985440613026821, 15.985440613026821, 15.981609195402298, 15.984674329501916, 15.983141762452105, 15.984674329501916, 15.984674329501916, 15.983141762452107, 15.980076628352489, 15.977011494252874, 15.984674329501916, 15.982375478927203, 15.982375478927203, 15.977777777777778, 15.983141762452107, 15.977011494252874, 15.986973180076628, 15.979310344827585, 15.982375478927203, 15.988505747126435, 15.983141762452105, 15.988505747126435, 15.982375478927203, 15.977777777777778, 15.986206896551725, 15.981609195402298, 15.983141762452107, 15.983908045977012, 15.981609195402298, 15.986973180076626, 15.981609195402298, 15.983908045977012, 15.983908045977012, 15.986973180076628, 15.982375478927203, 15.976245210727969, 15.990038314176243, 15.983141762452107, 15.980076628352492, 15.977011494252874, 15.980076628352489, 15.980842911877394, 15.9816091954023, 15.974712643678162, 15.984674329501914, 15.983141762452107, 15.986973180076628, 15.986206896551723, 15.983141762452107, 15.980842911877394, 15.982375478927203, 15.97624521072797, 15.979310344827585, 15.981609195402298, 15.980842911877392, 15.98007662835249, 15.983141762452107, 15.98390804597701, 15.98007662835249, 15.983141762452107, 15.983141762452107, 15.98544061302682, 15.97624521072797, 15.977777777777778, 15.978544061302683, 15.979310344827587, 15.977777777777778, 15.9816091954023, 15.983141762452105, 15.9816091954023, 15.98544061302682, 15.981609195402298, 15.98007662835249, 15.98007662835249, 15.982375478927203, 15.978544061302683, 15.981609195402298, 15.980842911877394, 15.979310344827589, 15.97471264367816, 15.980842911877394, 15.984674329501916, 15.981609195402298, 15.982375478927203, 15.98007662835249, 15.973946360153256, 15.980842911877394, 15.980842911877394, 15.980842911877394, 15.986206896551725, 15.982375478927203, 15.983141762452108, 15.98773946360153, 15.984674329501916, 15.984674329501916, 15.986206896551725, 15.987739463601532, 15.980076628352489, 15.98390804597701, 15.9816091954023, 15.980842911877394, 15.9816091954023, 15.983908045977012, 15.980842911877394, 15.984674329501914, 15.987739463601532, 15.985440613026821, 15.984674329501916, 15.982375478927203, 15.984674329501914, 15.981609195402298, 15.98544061302682, 15.986973180076628, 15.98544061302682, 15.98544061302682, 15.986973180076626, 15.983141762452108, 15.984674329501914, 15.98544061302682, 15.983908045977012, 15.983141762452107, 15.983141762452107, 15.980842911877394, 15.982375478927203, 15.983141762452108, 15.982375478927203, 15.98390804597701, 15.979310344827587, 15.98007662835249, 15.982375478927201, 15.982375478927203, 15.977011494252874, 15.986206896551723, 15.979310344827585, 15.983141762452107, 15.98007662835249, 15.974712643678158, 15.986973180076626, 15.981609195402298, 15.983141762452107, 15.983141762452107, 15.981609195402298, 15.983908045977012, 15.983908045977012, 15.985440613026821, 15.983141762452105, 15.981609195402298, 15.981609195402298, 15.981609195402298, 15.977777777777776, 15.983141762452107, 15.98007662835249, 15.978544061302681, 15.981609195402301, 15.981609195402298, 15.983141762452105, 15.983141762452107, 15.980842911877394, 15.986973180076626, 15.981609195402298, 15.977777777777776, 15.974712643678162, 15.98007662835249, 15.983141762452105, 15.98007662835249, 15.982375478927201, 15.981609195402298, 15.983141762452105, 15.980842911877394, 15.978544061302683, 15.98007662835249, 15.982375478927203, 15.983141762452107, 15.980842911877396, 15.980076628352492, 15.983141762452107, 15.984674329501916, 15.980076628352489, 15.98007662835249, 15.980842911877394, 15.9816091954023, 15.987739463601532, 15.984674329501916, 15.983141762452107, 15.985440613026817, 15.979310344827585, 15.977777777777778, 15.982375478927203, 15.980842911877394, 15.982375478927203, 15.97471264367816, 15.985440613026821, 15.986973180076626, 15.97624521072797, 15.981609195402298, 15.982375478927201, 15.983141762452107, 15.976245210727969, 15.979310344827585, 15.977777777777776, 15.983141762452107, 15.984674329501916, 15.982375478927203, 15.980076628352489, 15.980842911877396, 15.977011494252872, 15.979310344827587, 15.974712643678162, 15.976245210727967, 15.984674329501916, 15.978544061302683, 15.979310344827587, 15.984674329501916, 15.976245210727969, 15.98007662835249, 15.977777777777778, 15.979310344827585, 15.983908045977012, 15.980076628352489, 15.987739463601532, 15.9816091954023, 15.98390804597701, 15.979310344827587, 15.981609195402296, 15.985440613026821, 15.988505747126434, 15.983141762452107, 15.973180076628354, 15.982375478927203, 15.973946360153256, 15.976245210727967, 15.977777777777776, 15.98007662835249, 15.975478927203065, 15.979310344827585, 15.977777777777774, 15.976245210727969, 15.975478927203064, 15.979310344827587, 15.9816091954023, 15.98007662835249, 15.981609195402298, 15.980842911877392, 15.986973180076626, 15.979310344827587, 15.98544061302682, 15.983141762452108, 15.983141762452108, 15.983141762452107, 15.980842911877394, 15.98544061302682, 15.980842911877394, 15.981609195402298, 15.98007662835249, 15.981609195402298]",0.9412148382995237,0.9442361943038219,16,"[33, 33, 33, 33, 33, 33, 33, 33, 33, 33, 33, 33, 33, 33, 33, 33, 33, 33, 32, 31, 28, 23, 22, 20, 20, 20, 20, 20, 18, 18, 18, 18, 18, 18, 18, 18, 18, 18, 18, 18, 18, 18, 18, 18, 18, 18, 18, 18, 18, 18, 18, 18, 18, 18, 18, 18, 18, 18, 18, 18, 18, 18, 18, 18, 18, 18, 18, 18, 18, 18, 18, 18, 18, 18, 18, 18, 18, 18, 18, 18, 18, 18, 18, 18, 18, 18, 18, 18, 18, 18, 18, 18, 18, 18, 18, 18, 18, 18, 18, 18, 18, 18, 18, 18, 18, 18, 17, 17, 17, 17, 17, 16, 16, 16, 16, 16, 16, 16, 16, 16, 16, 16, 16, 16, 16, 16, 16, 16, 16, 16, 16, 16, 16, 16, 16, 16, 16, 16, 16, 16, 16, 16, 16, 16, 16, 16, 16, 16, 16, 16, 16, 16, 16, 16, 16, 16, 16, 16, 16, 16, 16, 16, 16, 16, 16, 16, 16, 16, 16, 16, 16, 16, 16, 16, 16, 16, 16, 16, 16, 16, 16, 16, 16, 16, 16, 16, 16, 16, 16, 16, 16, 16, 16, 16, 16, 16, 16, 16, 16, 16, 16, 16, 16, 16, 16, 16, 16, 16, 16, 16, 16, 16, 16, 16, 16, 16, 16, 16, 16, 16, 16, 16, 16, 16, 16, 16, 16, 16, 16, 16, 16, 16, 16, 16, 16, 16, 16, 16, 16, 16, 16, 16, 16, 16, 16, 16, 16, 16, 16, 16, 16, 16, 16, 16, 16, 16, 16, 16, 16, 16, 16, 16, 16, 16, 16, 16, 16, 16, 16, 16, 16, 16, 16, 16, 16, 16, 16, 16, 16, 16, 16, 16, 16, 16, 16, 16, 16, 16, 16, 16, 16, 16, 16, 16, 16, 16, 16, 16, 16, 16, 16, 16, 16, 16, 16, 16, 16, 16, 16, 16, 16, 16, 16, 16, 16, 16, 16, 16, 16, 16, 16, 16, 16, 16, 16, 16, 16, 16, 16, 16, 16, 16, 16, 16, 16, 16, 16, 16, 16, 16, 16, 16, 16, 16, 16, 16, 16, 16, 16, 16, 16, 16, 16, 16, 16, 16, 16, 16, 16, 16, 16, 16, 16, 16, 16, 16, 16, 16, 16, 16, 16, 16, 16, 16, 16, 16, 16, 16, 16, 16, 16, 16, 16, 16, 16, 16, 16, 16, 16, 16, 16, 16, 16, 16, 16, 16, 16, 16, 16, 16, 16, 16, 16, 16, 16, 16, 16, 16, 16, 16, 16, 16, 16, 16, 16, 16, 16, 16, 16, 16, 16, 16, 16, 16, 16, 16, 16, 16, 16, 16, 16, 16, 16, 16, 16, 16, 16, 16, 16, 16]",440,"[0.43898648023605347, 0.37437427043914795, 0.3578195571899414, 0.37509387731552124, 0.34427300095558167, 0.33694374561309814, 0.33899250626564026, 0.3187883496284485, 0.3982398211956024, 0.3571397364139557, 0.32443520426750183, 0.3267401456832886, 0.3021782338619232, 0.4358308017253876, 0.2516983151435852, 0.25631430745124817, 0.30527058243751526, 0.24808242917060852, 0.23772720992565155, 0.22566109895706177, 0.2299528270959854, 0.22875739634037018, 0.24838347733020782, 0.21103066205978394, 0.21071754395961761, 0.2068742960691452, 0.2255754917860031, 0.2191057950258255, 0.20353227853775024, 0.20546013116836548, 0.20008468627929688, 0.24575568735599518, 0.20713020861148834, 0.212131068110466, 0.20365455746650696, 0.19676563143730164, 0.19210883975028992, 0.19711624085903168, 0.18552957475185394, 0.18816730380058289, 0.20161430537700653, 0.208059161901474, 0.18821293115615845, 0.18405017256736755, 0.20814499258995056, 0.18999265134334564, 0.19168949127197266, 0.18161939084529877, 0.18833713233470917, 0.17687389254570007, 0.17675411701202393, 0.18727025389671326, 0.17543832957744598, 0.1923443078994751, 0.17971104383468628, 0.18918859958648682, 0.17508842051029205, 0.1759060025215149, 0.22222694754600525, 0.1799861341714859, 0.18214185535907745, 0.17317239940166473, 0.1768772453069687, 0.16947214305400848, 0.16762371361255646, 0.16794393956661224, 0.17111356556415558, 0.16495627164840698, 0.16998296976089478, 0.19741030037403107, 0.1635863184928894, 0.1706325113773346, 0.17143726348876953, 0.17379102110862732, 0.17386233806610107, 0.1804151087999344, 0.17297831177711487, 0.18169382214546204, 0.163858562707901, 0.19230084121227264, 0.16506624221801758, 0.1631239354610443, 0.16568249464035034, 0.16388030350208282, 0.17588286101818085, 0.16817748546600342, 0.16120000183582306, 0.16424745321273804, 0.25650525093078613, 0.16342945396900177, 0.1565372496843338, 0.1696157604455948, 0.18519189953804016, 0.1642620712518692, 0.19141176342964172, 0.16098852455615997, 0.1874028444290161, 0.16612820327281952, 0.16019800305366516, 0.15796366333961487, 0.1601332128047943, 0.16879716515541077, 0.15933610498905182, 0.15688499808311462, 0.15888211131095886, 0.15797586739063263, 0.1583556979894638, 0.1649671345949173, 0.16089583933353424, 0.16496677696704865, 0.1615891456604004, 0.1622905284166336, 0.15842634439468384, 0.15727423131465912, 0.1526901125907898, 0.157271608710289, 0.1569259613752365, 0.1645575761795044, 0.15695875883102417, 0.17861182987689972, 0.16234049201011658, 0.15538741648197174, 0.15716758370399475, 0.15702113509178162, 0.15356284379959106, 0.1640152931213379, 0.1572391539812088, 0.16405920684337616, 0.15775398910045624, 0.1538904458284378, 0.15048500895500183, 0.15285874903202057, 0.16042567789554596, 0.1468941569328308, 0.17212100327014923, 0.15130391716957092, 0.15168310701847076, 0.15633386373519897, 0.17419733107089996, 0.1505158543586731, 0.16252973675727844, 0.14678117632865906, 0.15168944001197815, 0.14578984677791595, 0.19774509966373444, 0.14787603914737701, 0.15768007934093475, 0.14548467099666595, 0.14775748550891876, 0.16388584673404694, 0.15414123237133026, 0.14299434423446655, 0.14391689002513885, 0.16471263766288757, 0.1442997008562088, 0.15698137879371643, 0.14300033450126648, 0.1474485695362091, 0.14228948950767517, 0.14262926578521729, 0.13921581208705902, 0.14073720574378967, 0.14600902795791626, 0.14369934797286987, 0.1436465084552765, 0.145127072930336, 0.14540040493011475, 0.14114071428775787, 0.14293219149112701, 0.1401594877243042, 0.1370028853416443, 0.14324739575386047, 0.14314785599708557, 0.14483271539211273, 0.13991671800613403, 0.14041954278945923, 0.2172061949968338, 0.1475052386522293, 0.14129629731178284, 0.1522545963525772, 0.14070618152618408, 0.13833726942539215, 0.13972172141075134, 0.13488608598709106, 0.13761430978775024, 0.13781219720840454, 0.14758402109146118, 0.13915015757083893, 0.14956790208816528, 0.14471997320652008, 0.13808071613311768, 0.13896119594573975, 0.143242746591568, 0.14232303202152252, 0.13927169144153595, 0.1396765261888504, 0.14061994850635529, 0.1404772400856018, 0.13784734904766083, 0.17639710009098053, 0.14145386219024658, 0.14377808570861816, 0.15615209937095642, 0.1434842199087143, 0.1391359567642212, 0.13816973567008972, 0.13511434197425842, 0.1382763832807541, 0.15403079986572266, 0.1414390206336975, 0.14283329248428345, 0.133172869682312, 0.13995575904846191, 0.1379840075969696, 0.1377885341644287, 0.13719792664051056, 0.1348055899143219, 0.1510106921195984, 0.13273769617080688, 0.14336349070072174, 0.1340893656015396, 0.14480449259281158, 0.15793852508068085, 0.13868136703968048, 0.13763849437236786, 0.14152131974697113, 0.14743009209632874, 0.1678164154291153, 0.16752806305885315, 0.13704203069210052, 0.14112232625484467, 0.138800248503685, 0.13381370902061462, 0.15222373604774475, 0.16937679052352905, 0.15135471522808075, 0.13558395206928253, 0.1380242109298706, 0.13839536905288696, 0.14430195093154907, 0.20335285365581512, 0.16129915416240692, 0.17079105973243713, 0.13610833883285522, 0.13452787697315216, 0.13835029304027557, 0.13694649934768677, 0.14722910523414612, 0.14026494324207306, 0.14438705146312714, 0.14044559001922607, 0.14675217866897583, 0.15958379209041595, 0.14677748084068298, 0.141413152217865, 0.14160971343517303, 0.1402907520532608, 0.169759139418602, 0.16245609521865845, 0.1418900191783905, 0.14879736304283142, 0.14025740325450897, 0.14429360628128052, 0.14824138581752777, 0.14757128059864044, 0.1509869545698166, 0.15121664106845856, 0.17935621738433838, 0.1482301503419876, 0.1502915322780609, 0.14210280776023865, 0.14212174713611603, 0.14794208109378815, 0.14413706958293915, 0.14092899858951569, 0.18666574358940125, 0.15186622738838196, 0.14380984008312225, 0.14527589082717896, 0.1518223136663437, 0.1596861034631729, 0.1532554030418396, 0.1557527780532837, 0.15945592522621155, 0.1505427211523056, 0.1443280279636383, 0.16410797834396362, 0.16887196898460388, 0.15780913829803467, 0.14985980093479156, 0.15535791218280792, 0.15493907034397125, 0.1520647257566452, 0.1516748070716858, 0.17219340801239014, 0.14886005222797394, 0.15414905548095703, 0.14893299341201782, 0.15186738967895508, 0.15628714859485626, 0.14927367866039276, 0.1516789346933365, 0.15516632795333862, 0.15894174575805664, 0.1636977344751358, 0.15501447021961212, 0.15605922043323517, 0.1545466035604477, 0.1546037346124649, 0.16450084745883942, 0.15272024273872375, 0.16453683376312256, 0.15037742257118225, 0.1566251516342163, 0.16455602645874023, 0.1613365113735199, 0.16170856356620789, 0.1590316891670227, 0.16502708196640015, 0.15601110458374023, 0.1547381430864334, 0.1595364511013031, 0.15319328010082245, 0.1535191535949707, 0.18584202229976654, 0.15798558294773102, 0.15714135766029358, 0.15566162765026093, 0.158309206366539, 0.17073208093643188, 0.1609877198934555, 0.17543038725852966, 0.16503849625587463, 0.1636473834514618, 0.15649756789207458, 0.16356340050697327, 0.16782324016094208, 0.1663350909948349, 0.16456621885299683, 0.16737928986549377, 0.16818271577358246, 0.16040684282779694, 0.1820967048406601, 0.16819722950458527, 0.1662178635597229, 0.160072460770607, 0.1657818853855133, 0.1703450083732605, 0.1672731190919876, 0.16312450170516968, 0.1672174334526062, 0.16875851154327393, 0.16347543895244598, 0.164883553981781, 0.1757541298866272, 0.16282859444618225, 0.16409069299697876, 0.1668887585401535, 0.1658775508403778, 0.17006772756576538, 0.16744813323020935, 0.16542759537696838, 0.17337478697299957, 0.16642425954341888, 0.16935858130455017, 0.16866371035575867, 0.16754090785980225, 0.16645514965057373, 0.17889554798603058, 0.17612704634666443, 0.1765766739845276, 0.17305080592632294, 0.17440061271190643, 0.190500870347023, 0.17378084361553192, 0.1701154112815857, 0.17882828414440155, 0.1815236210823059, 0.1729247272014618, 0.22737087309360504, 0.17944751679897308, 0.19025245308876038, 0.17003946006298065, 0.1694306582212448, 0.17582131922245026, 0.18326051533222198, 0.17759773135185242, 0.17518052458763123, 0.17747151851654053, 0.17239367961883545, 0.1721302568912506, 0.18083785474300385, 0.18053549528121948, 0.1823309361934662, 0.17524510622024536, 0.17915461957454681, 0.17332226037979126, 0.18511863052845, 0.18180620670318604, 0.18329161405563354, 0.18705035746097565, 0.1760716438293457, 0.2148960828781128, 0.18448536098003387, 0.1901790201663971, 0.18609803915023804, 0.18045362830162048, 0.17856943607330322, 0.18113543093204498, 0.18112409114837646, 0.18519815802574158, 0.1812341809272766, 0.181343212723732, 0.18652179837226868, 0.18546757102012634, 0.18033622205257416, 0.1782819628715515, 0.18350233137607574, 0.1890890896320343, 0.18745246529579163, 0.18617761135101318, 0.18404333293437958, 0.18069736659526825, 0.20086385309696198, 0.18311862647533417, 0.18841738998889923, 0.18901874125003815, 0.18951164186000824, 0.1876680999994278, 0.18406082689762115, 0.1880