,number,value,datetime_start,datetime_complete,duration,params_batch_size_scaler,params_constant_learning_rate,params_depth,params_epochs,params_kernel_l2,params_num_trees,params_temperature,user_attrs_accuracy_test,user_attrs_accuracy_valid,user_attrs_approximate_feature_sparsity,user_attrs_approximate_feature_sparsity_history,user_attrs_approximate_weight_sparsity,user_attrs_approximate_weight_sparsity_history,user_attrs_auc_test,user_attrs_auc_valid,user_attrs_feature_sparsity,user_attrs_feature_sparsity_history,user_attrs_num_epochs,user_attrs_val_loss_history,user_attrs_weight_sparsity,user_attrs_weight_sparsity_history,state
155,155,0.9185634604732645,2024-08-31 06:01:54.102188,2024-08-31 06:03:22.915680,0 days 00:01:28.813492,16,0.08918552186903198,2,260,0.03299781332377027,78,0.00020513113178028446,0.911,0.90875,33,"[33, 33, 33, 33, 33, 33, 33, 33, 33, 33, 33, 33, 33, 33, 33, 33, 33, 33, 33, 33, 33, 33, 33, 33, 33, 33, 33, 33, 33, 33, 33, 33, 33, 33, 33, 33, 33, 33, 33, 33, 33, 33, 33, 33, 33, 33, 33, 33, 33, 33, 33, 33, 33, 33, 33, 33, 33, 33, 33, 33, 33, 33, 33, 33, 33, 33, 33, 33, 33, 33, 33, 33, 33, 33, 33, 33, 33, 33, 33, 33, 33, 33, 33, 33, 33, 33, 33, 33, 33, 33, 33, 33, 33, 33, 33, 33, 33, 33, 33, 33, 33, 33, 33, 33, 33, 33, 33, 33, 33, 33, 33, 33, 33, 33, 33, 33, 33, 33, 33, 33, 33, 33, 33, 33, 33, 33, 33, 33, 33, 33, 33, 33, 33, 33, 33, 33, 33, 33, 33, 33, 33, 33, 33, 33, 33, 33, 33, 33, 33, 33, 33, 33, 33, 33, 33, 33, 33, 33, 33, 33, 33, 33, 33, 33, 33, 33, 33, 33, 33, 33, 33, 33, 33, 33, 33, 33, 33, 33, 33, 33, 33, 33, 33, 33, 33, 33, 33, 33, 33, 33, 33, 33, 33, 33, 33, 33, 33, 33, 33, 33, 33, 33, 33, 33, 33, 33, 33, 33, 33, 33, 33, 33, 33, 33, 33, 33, 33, 33, 33, 33, 33, 33, 33, 33, 33, 33, 33, 33, 33, 33, 33, 33, 33, 33, 33, 33, 33, 33, 33, 33, 33, 33, 33, 33, 33, 33, 33, 33, 33, 33, 33, 33, 33, 33, 33, 33, 33, 33, 33, 33]",32.98717948717949,"[32.957264957264954, 32.97008547008547, 32.97863247863248, 32.97008547008547, 32.97008547008547, 32.97008547008547, 32.965811965811966, 32.97863247863248, 32.98290598290598, 32.97863247863248, 32.97863247863248, 32.97863247863248, 32.98717948717949, 32.97435897435897, 32.98290598290598, 32.98717948717949, 32.98290598290598, 32.995726495726494, 32.97863247863248, 32.96153846153846, 32.97435897435898, 32.97435897435898, 32.965811965811966, 32.97008547008547, 32.965811965811966, 32.96153846153846, 32.98717948717949, 32.97435897435898, 32.98717948717949, 32.98290598290598, 32.99145299145299, 32.97008547008547, 32.97863247863248, 32.99145299145299, 32.995726495726494, 32.98717948717949, 32.98290598290598, 32.99145299145299, 32.98717948717949, 32.98290598290598, 32.98290598290598, 32.98717948717949, 32.97863247863248, 32.98290598290598, 32.97863247863248, 32.98717948717949, 32.99145299145299, 32.98717948717949, 32.98717948717949, 32.97863247863248, 32.97435897435898, 32.97435897435898, 32.97435897435898, 32.97008547008547, 32.952991452991455, 32.97435897435898, 32.97008547008547, 32.965811965811966, 32.952991452991455, 32.965811965811966, 32.97435897435898, 32.965811965811966, 32.97435897435898, 32.99145299145299, 32.97435897435898, 32.96153846153846, 32.965811965811966, 32.97863247863248, 32.98290598290598, 32.97435897435898, 32.98717948717949, 32.98290598290598, 32.97863247863248, 32.97863247863248, 32.97863247863248, 32.995726495726494, 32.99145299145299, 32.98290598290598, 32.97863247863248, 32.99145299145299, 32.97863247863248, 32.97863247863248, 32.98717948717949, 32.97435897435898, 32.97435897435898, 32.97435897435898, 32.965811965811966, 32.97008547008547, 32.97008547008547, 32.94871794871795, 32.97008547008547, 32.965811965811966, 32.97435897435897, 32.97863247863248, 32.97008547008547, 32.96153846153846, 32.957264957264954, 32.96153846153846, 32.965811965811966, 32.952991452991455, 32.957264957264954, 32.952991452991455, 32.957264957264954, 32.97435897435897, 32.965811965811966, 32.97435897435898, 32.97435897435898, 32.97008547008547, 32.98717948717949, 32.97008547008547, 32.97008547008547, 32.97008547008547, 32.97435897435898, 32.98290598290598, 32.98717948717949, 32.97435897435898, 32.98290598290598, 32.97863247863248, 32.97863247863248, 32.98290598290598, 32.995726495726494, 32.995726495726494, 32.98717948717949, 32.98290598290598, 32.97008547008547, 32.97435897435898, 32.952991452991455, 32.957264957264954, 32.957264957264954, 32.94444444444444, 32.97008547008547, 32.97435897435897, 32.97863247863248, 32.97863247863248, 32.96153846153846, 32.96153846153846, 32.965811965811966, 32.97863247863248, 32.98290598290598, 32.97863247863248, 32.98290598290598, 32.97435897435898, 32.97008547008547, 32.97008547008547, 32.97008547008547, 32.97008547008547, 32.97435897435898, 32.97008547008547, 32.97008547008547, 32.965811965811966, 32.96153846153846, 32.97008547008547, 32.97008547008547, 32.98717948717949, 32.99145299145299, 32.99145299145299, 32.98717948717949, 32.97863247863248, 32.995726495726494, 32.98717948717949, 32.98717948717949, 32.98290598290598, 32.97863247863248, 32.97435897435898, 32.98290598290598, 32.965811965811966, 32.965811965811966, 32.97435897435898, 32.97863247863248, 32.97863247863248, 32.97435897435898, 32.97863247863248, 32.98717948717949, 32.97863247863248, 32.98290598290598, 32.97435897435898, 32.97435897435898, 32.97435897435898, 32.97008547008547, 32.97435897435898, 32.965811965811966, 32.965811965811966, 32.97863247863248, 32.965811965811966, 32.97008547008547, 32.94871794871795, 32.965811965811966, 32.97008547008547, 32.97008547008547, 32.96153846153846, 32.97435897435898, 32.97008547008547, 32.97435897435898, 32.97008547008547, 32.97435897435898, 32.97008547008547, 32.97008547008547, 32.97863247863248, 32.96153846153846, 32.965811965811966, 32.965811965811966, 32.940170940170944, 32.96153846153846, 32.957264957264954, 32.97008547008547, 32.965811965811966, 32.94871794871795, 32.94444444444444, 32.952991452991455, 32.952991452991455, 32.965811965811966, 32.952991452991455, 32.96153846153846, 32.97008547008547, 32.96153846153846, 32.97008547008547, 32.97435897435898, 32.96153846153846, 32.957264957264954, 32.957264957264954, 32.965811965811966, 32.957264957264954, 32.952991452991455, 32.96153846153846, 32.965811965811966, 32.97435897435898, 32.96153846153846, 32.965811965811966, 32.97863247863248, 32.97863247863248, 32.97435897435897, 32.97863247863248, 32.96153846153846, 32.97008547008547, 32.97435897435898, 32.97863247863248, 32.97435897435898, 32.97008547008547, 32.97435897435898, 32.97435897435898, 32.97435897435898, 32.97008547008547, 32.97435897435898, 32.97863247863248, 32.98717948717949, 32.97863247863248, 32.97008547008547, 32.94444444444444, 32.94871794871795, 32.94871794871795, 32.96153846153846, 32.965811965811966, 32.97435897435898, 32.97008547008547, 32.965811965811966, 32.965811965811966, 32.97435897435898, 32.965811965811966, 32.97008547008547, 32.98717948717949]",0.8984717509226463,0.9185634604732645,33,"[33, 33, 33, 33, 33, 33, 33, 33, 33, 33, 33, 33, 33, 33, 33, 33, 33, 33, 33, 33, 33, 33, 33, 33, 33, 33, 33, 33, 33, 33, 33, 33, 33, 33, 33, 33, 33, 33, 33, 33, 33, 33, 33, 33, 33, 33, 33, 33, 33, 33, 33, 33, 33, 33, 33, 33, 33, 33, 33, 33, 33, 33, 33, 33, 33, 33, 33, 33, 33, 33, 33, 33, 33, 33, 33, 33, 33, 33, 33, 33, 33, 33, 33, 33, 33, 33, 33, 33, 33, 33, 33, 33, 33, 33, 33, 33, 33, 33, 33, 33, 33, 33, 33, 33, 33, 33, 33, 33, 33, 33, 33, 33, 33, 33, 33, 33, 33, 33, 33, 33, 33, 33, 33, 33, 33, 33, 33, 33, 33, 33, 33, 33, 33, 33, 33, 33, 33, 33, 33, 33, 33, 33, 33, 33, 33, 33, 33, 33, 33, 33, 33, 33, 33, 33, 33, 33, 33, 33, 33, 33, 33, 33, 33, 33, 33, 33, 33, 33, 33, 33, 33, 33, 33, 33, 33, 33, 33, 33, 33, 33, 33, 33, 33, 33, 33, 33, 33, 33, 33, 33, 33, 33, 33, 33, 33, 33, 33, 33, 33, 33, 33, 33, 33, 33, 33, 33, 33, 33, 33, 33, 33, 33, 33, 33, 33, 33, 33, 33, 33, 33, 33, 33, 33, 33, 33, 33, 33, 33, 33, 33, 33, 33, 33, 33, 33, 33, 33, 33, 33, 33, 33, 33, 33, 33, 33, 33, 33, 33, 33, 33, 33, 33, 33, 33, 33, 33, 33, 33, 33, 33]",260,"[0.4088132977485657, 0.40113213658332825, 0.39565762877464294, 0.39421433210372925, 0.3884509205818176, 0.3866400122642517, 0.38366469740867615, 0.3823905885219574, 0.3802294433116913, 0.38195157051086426, 0.3775497376918793, 0.376404732465744, 0.37699317932128906, 0.3740431070327759, 0.3733516335487366, 0.372786283493042, 0.3705655634403229, 0.3694711923599243, 0.3682498037815094, 0.37026911973953247, 0.366085410118103, 0.3652403950691223, 0.36384499073028564, 0.3628484010696411, 0.3618886172771454, 0.3612615168094635, 0.35990867018699646, 0.3590191900730133, 0.3577837646007538, 0.3577048182487488, 0.3562909960746765, 0.3558014929294586, 0.3551645278930664, 0.3531780242919922, 0.3534396290779114, 0.3515318036079407, 0.3507160246372223, 0.3498767614364624, 0.34895792603492737, 0.349132239818573, 0.3480949401855469, 0.34634676575660706, 0.3458648920059204, 0.3451080024242401, 0.3446138799190521, 0.34627559781074524, 0.3420540988445282, 0.3418608605861664, 0.3409918248653412, 0.34004124999046326, 0.3398587107658386, 0.3385903239250183, 0.3378024697303772, 0.33715271949768066, 0.33745014667510986, 0.3360079228878021, 0.33533820509910583, 0.33491185307502747, 0.33389565348625183, 0.3342300057411194, 0.3329036831855774, 0.3347185552120209, 0.33060726523399353, 0.33003851771354675, 0.3292492926120758, 0.3293049931526184, 0.32796794176101685, 0.327612966299057, 0.3271431028842926, 0.3261011242866516, 0.3254723846912384, 0.32480889558792114, 0.32376277446746826, 0.32313650846481323, 0.32265380024909973, 0.32176846265792847, 0.3209373354911804, 0.32044699788093567, 0.3210822343826294, 0.31870561838150024, 0.31870904564857483, 0.3237007260322571, 0.31655728816986084, 0.3161311745643616, 0.317718505859375, 0.31486499309539795, 0.3167879581451416, 0.3130359947681427, 0.3124505877494812, 0.3114032447338104, 0.3109947741031647, 0.31017449498176575, 0.3095836937427521, 0.3086261451244354, 0.3084535002708435, 0.3077211081981659, 0.30666160583496094, 0.3056800365447998, 0.3046993315219879, 0.30637726187705994, 0.30365511775016785, 0.30221399664878845, 0.3014664053916931, 0.30068638920783997, 0.3001966178417206, 0.3024214804172516, 0.29835814237594604, 0.2975150942802429, 0.2968631088733673, 0.2968261241912842, 0.29552245140075684, 0.2944923937320709, 0.2942090928554535, 0.29433169960975647, 0.29239052534103394, 0.2920001745223999, 0.29119935631752014, 0.2900882363319397, 0.29052528738975525, 0.2887551784515381, 0.2870744466781616, 0.28622472286224365, 0.2854090631008148, 0.28805387020111084, 0.2843814194202423, 0.28303325176239014, 0.2846517562866211, 0.28200650215148926, 0.2814355790615082, 0.28035879135131836, 0.28033721446990967, 0.2795056402683258, 0.27851811051368713, 0.2792071998119354, 0.27709025144577026, 0.27634596824645996, 0.2766505479812622, 0.27493393421173096, 0.2744760811328888, 0.27342814207077026, 0.272790789604187, 0.27343258261680603, 0.27156537771224976, 0.2712494730949402, 0.27060383558273315, 0.27020901441574097, 0.26930052042007446, 0.26897183060646057, 0.2678750157356262, 0.26731985807418823, 0.26774778962135315, 0.2664761543273926, 0.26571276783943176, 0.2654339373111725, 0.2655738592147827, 0.2639496326446533, 0.26460254192352295, 0.263295441865921, 0.2623995542526245, 0.26176828145980835, 0.2621625065803528, 0.26141369342803955, 0.2615604102611542, 0.2599717676639557, 0.25944021344184875, 0.2596825659275055, 0.25847989320755005, 0.25825831294059753, 0.2575893700122833, 0.256690114736557, 0.25682979822158813, 0.2571985721588135, 0.2557111382484436, 0.2552548050880432, 0.25537189841270447, 0.2543058693408966, 0.2541913390159607, 0.25347915291786194, 0.2533167898654938, 0.2540949583053589, 0.2533446252346039, 0.25275853276252747, 0.25172558426856995, 0.2511817216873169, 0.2511163055896759, 0.2508760690689087, 0.249604269862175, 0.24949753284454346, 0.24905285239219666, 0.248668372631073, 0.24916258454322815, 0.2480439990758896, 0.2476387619972229, 0.24818295240402222, 0.24701718986034393, 0.24640201032161713, 0.24607588350772858, 0.2460298389196396, 0.24542149901390076, 0.24498678743839264, 0.244645893573761, 0.24532529711723328, 0.2441355288028717, 0.2437502145767212, 0.24324823915958405, 0.24292641878128052, 0.2442636638879776, 0.2422553300857544, 0.2419898360967636, 0.24140743911266327, 0.24106813967227936, 0.2405308485031128, 0.24062177538871765, 0.2402368038892746, 0.24170543253421783, 0.23985350131988525, 0.23954032361507416, 0.2389569729566574, 0.23874956369400024, 0.23846574127674103, 0.23912456631660461, 0.23805280029773712, 0.2378571331501007, 0.23803174495697021, 0.23732221126556396, 0.23827752470970154, 0.23638316988945007, 0.23661352694034576, 0.2362177073955536, 0.23566921055316925, 0.2351912558078766, 0.23551364243030548, 0.23456190526485443, 0.2353321611881256, 0.2340041697025299, 0.2340836524963379, 0.23349732160568237, 0.23376213014125824, 0.23314285278320312, 0.23262979090213776, 0.23268677294254303, 0.23340114951133728, 0.23288129270076752, 0.2318323254585266, 0.23170579969882965, 0.231761172413826, 0.23116116225719452, 0.23097582161426544, 0.23049063980579376, 0.23038804531097412, 0.23112353682518005, 0.23006118834018707, 0.22993351519107819, 0.23010186851024628, 0.2291277050971985, 0.22875052690505981, 0.23026734590530396, 0.22874121367931366, 0.22800709307193756, 0.2278079241514206]",33.0,"[33.0, 33.0, 33.0, 33.0, 33.0, 33.0, 33.0, 33.0, 33.0, 33.0, 33.0, 33.0, 33.0, 33.0, 33.0, 33.0, 33.0, 33.0, 33.0, 33.0, 33.0, 33.0, 33.0, 33.0, 33.0, 33.0, 33.0, 33.0, 33.0, 33.0, 33.0, 33.0, 33.0, 33.0, 33.0, 33.0, 33.0, 33.0, 33.0, 33.0, 33.0, 33.0, 33.0, 33.0, 33.0, 33.0, 33.0, 33.0, 33.0, 33.0, 33.0, 33.0, 33.0, 33.0, 33.0, 33.0, 33.0, 33.0, 33.0, 33.0, 33.0, 33.0, 33.0, 33.0, 33.0, 33.0, 33.0, 33.0, 33.0, 33.0, 33.0, 33.0, 33.0, 33.0, 33.0, 33.0, 33.0, 33.0, 33.0, 33.0, 33.0, 33.0, 33.0, 33.0, 33.0, 33.0, 33.0, 33.0, 33.0, 33.0, 33.0, 33.0, 33.0, 33.0, 33.0, 33.0, 33.0, 33.0, 33.0, 33.0, 33.0, 33.0, 33.0, 33.0, 33.0, 33.0, 33.0, 33.0, 33.0, 33.0, 33.0, 33.0, 33.0, 33.0, 33.0, 33.0, 33.0, 33.0, 33.0, 33.0, 33.0, 33.0, 33.0, 33.0, 33.0, 33.0, 33.0, 33.0, 33.0, 33.0, 33.0, 33.0, 33.0, 33.0, 33.0, 33.0, 33.0, 33.0, 33.0, 33.0, 33.0, 33.0, 33.0, 33.0, 33.0, 33.0, 33.0, 33.0, 33.0, 33.0, 33.0, 33.0, 33.0, 33.0, 33.0, 33.0, 33.0, 33.0, 33.0, 33.0, 33.0, 33.0, 33.0, 33.0, 33.0, 33.0, 33.0, 33.0, 33.0, 33.0, 33.0, 33.0, 33.0, 33.0, 33.0, 33.0, 33.0, 33.0, 33.0, 33.0, 33.0, 33.0, 33.0, 33.0, 33.0, 33.0, 33.0, 33.0, 33.0, 33.0, 33.0, 33.0, 33.0, 33.0, 33.0, 33.0, 33.0, 33.0, 33.0, 33.0, 33.0, 33.0, 33.0, 33.0, 33.0, 33.0, 33.0, 33.0, 33.0, 33.0, 33.0, 33.0, 33.0, 33.0, 33.0, 33.0, 33.0, 33.0, 33.0, 33.0, 33.0, 33.0, 33.0, 33.0, 33.0, 33.0, 33.0, 33.0, 33.0, 33.0, 33.0, 33.0, 33.0, 33.0, 33.0, 33.0, 33.0, 33.0, 33.0, 33.0, 33.0, 33.0, 33.0, 33.0, 33.0, 33.0, 33.0, 33.0, 33.0, 33.0, 33.0, 33.0, 33.0, 33.0, 33.0, 33.0, 33.0, 33.0, 33.0, 33.0]",COMPLETE
