,number,value,datetime_start,datetime_complete,duration,params_batch_size_scaler,params_constant_learning_rate,params_depth,params_epochs,params_kernel_l2,params_num_trees,params_temperature,user_attrs_accuracy_test,user_attrs_accuracy_valid,user_attrs_approximate_feature_sparsity,user_attrs_approximate_feature_sparsity_history,user_attrs_approximate_weight_sparsity,user_attrs_approximate_weight_sparsity_history,user_attrs_auc_test,user_attrs_auc_valid,user_attrs_feature_sparsity,user_attrs_feature_sparsity_history,user_attrs_num_epochs,user_attrs_val_loss_history,user_attrs_weight_sparsity,user_attrs_weight_sparsity_history,state
150,150,0.950367765454522,2024-08-31 05:56:35.949886,2024-08-31 05:57:12.033309,0 days 00:00:36.083423,4,0.2580827419280106,2,180,0.007032949011818212,52,0.0070334080677327705,0.948,0.95,24,"[33, 33, 33, 33, 33, 33, 32, 31, 30, 30, 29, 28, 28, 27, 26, 26, 25, 25, 25, 25, 25, 25, 25, 25, 25, 25, 25, 24, 24, 24, 24, 24, 24, 24, 24, 24, 24, 24, 24, 24, 24, 24, 24, 24, 24, 24, 24, 24, 24, 24, 24, 24, 24, 24, 24, 24, 24, 24, 24, 24, 24, 24, 24, 24, 24, 24, 24, 24, 24, 24, 24, 24, 24, 24, 24, 24, 24, 24, 24, 24, 24, 24, 24, 24, 24, 24, 24, 24, 24, 24, 24, 24, 24, 24, 24, 24, 24, 24, 24, 24, 24, 24, 24, 24, 24, 24, 24, 24, 24, 24, 24, 24, 24, 24, 24, 24, 24, 24, 24, 24, 24, 24, 24, 24, 24, 24, 24, 24, 24, 24, 24, 24, 24, 24, 24, 24, 24, 24, 24, 24, 24, 24, 24, 24, 24, 24, 24, 24, 24, 24, 24, 24, 24, 24, 24, 24, 24, 24, 24, 24, 24, 24, 24, 24, 24, 24, 24, 24, 24, 24, 24, 24, 24, 24, 24, 24, 24, 24, 24, 24]",23.98717948717949,"[32.993589743589745, 33.0, 32.993589743589745, 32.98717948717949, 32.955128205128204, 32.98717948717949, 31.974358974358974, 30.980769230769234, 29.974358974358974, 29.974358974358974, 28.980769230769234, 27.980769230769234, 27.974358974358974, 26.993589743589745, 25.98717948717949, 25.98717948717949, 24.993589743589745, 24.98076923076923, 24.993589743589745, 24.98717948717949, 25.0, 24.993589743589745, 25.0, 25.0, 24.98717948717949, 24.993589743589745, 24.980769230769234, 23.980769230769234, 23.96794871794872, 23.980769230769234, 23.967948717948715, 23.98717948717949, 24.0, 23.98717948717949, 23.98717948717949, 23.993589743589745, 23.993589743589745, 23.993589743589745, 23.993589743589745, 23.98717948717949, 23.993589743589745, 23.98076923076923, 23.980769230769234, 23.98717948717949, 24.0, 23.993589743589745, 23.98717948717949, 23.980769230769234, 23.98717948717949, 23.974358974358978, 23.980769230769234, 23.993589743589745, 23.961538461538463, 23.980769230769234, 23.98717948717949, 23.98717948717949, 24.0, 24.0, 23.993589743589745, 23.98717948717949, 23.993589743589745, 24.0, 23.993589743589745, 24.0, 23.993589743589745, 24.0, 23.993589743589745, 23.98717948717949, 23.993589743589745, 23.993589743589745, 24.0, 23.98717948717949, 23.98076923076923, 23.980769230769234, 23.955128205128204, 23.98076923076923, 23.980769230769234, 24.0, 23.98717948717949, 23.98717948717949, 23.993589743589745, 23.974358974358974, 23.993589743589745, 23.98717948717949, 23.980769230769234, 23.967948717948715, 23.993589743589745, 23.98717948717949, 23.98717948717949, 23.98717948717949, 23.974358974358974, 23.980769230769234, 23.98717948717949, 23.993589743589745, 24.0, 23.993589743589745, 23.974358974358974, 23.98717948717949, 23.993589743589745, 24.0, 23.98717948717949, 23.98717948717949, 23.993589743589745, 23.980769230769234, 23.98717948717949, 23.98717948717949, 23.993589743589745, 23.993589743589745, 23.98717948717949, 23.98717948717949, 24.0, 23.96794871794872, 23.974358974358974, 23.993589743589745, 23.980769230769234, 24.0, 24.0, 23.98717948717949, 23.98717948717949, 23.993589743589745, 23.98717948717949, 24.0, 23.993589743589745, 23.98717948717949, 23.96794871794872, 23.980769230769234, 23.980769230769234, 23.980769230769234, 23.974358974358974, 23.98717948717949, 23.980769230769234, 23.98717948717949, 23.98717948717949, 24.0, 23.993589743589745, 23.993589743589745, 23.98717948717949, 23.980769230769234, 23.98717948717949, 23.980769230769234, 23.974358974358978, 23.98717948717949, 23.974358974358978, 23.980769230769234, 23.980769230769234, 23.980769230769234, 23.993589743589745, 23.993589743589745, 24.0, 23.993589743589745, 23.993589743589745, 23.993589743589745, 24.0, 23.993589743589745, 23.98717948717949, 23.993589743589745, 23.98717948717949, 23.980769230769234, 23.993589743589745, 23.98076923076923, 23.993589743589745, 23.98717948717949, 23.96794871794872, 23.974358974358974, 23.98717948717949, 23.98717948717949, 23.98717948717949, 24.0, 23.98717948717949, 23.993589743589745, 23.980769230769234, 23.98717948717949, 23.980769230769234, 23.98717948717949, 23.98717948717949, 23.993589743589745, 23.980769230769234, 23.993589743589745, 23.98717948717949, 23.98717948717949]",0.9100223746893552,0.950367765454522,24,"[33, 33, 33, 33, 33, 33, 32, 31, 30, 30, 29, 28, 28, 27, 26, 26, 25, 25, 25, 25, 25, 25, 25, 25, 25, 25, 25, 24, 24, 24, 24, 24, 24, 24, 24, 24, 24, 24, 24, 24, 24, 24, 24, 24, 24, 24, 24, 24, 24, 24, 24, 24, 24, 24, 24, 24, 24, 24, 24, 24, 24, 24, 24, 24, 24, 24, 24, 24, 24, 24, 24, 24, 24, 24, 24, 24, 24, 24, 24, 24, 24, 24, 24, 24, 24, 24, 24, 24, 24, 24, 24, 24, 24, 24, 24, 24, 24, 24, 24, 24, 24, 24, 24, 24, 24, 24, 24, 24, 24, 24, 24, 24, 24, 24, 24, 24, 24, 24, 24, 24, 24, 24, 24, 24, 24, 24, 24, 24, 24, 24, 24, 24, 24, 24, 24, 24, 24, 24, 24, 24, 24, 24, 24, 24, 24, 24, 24, 24, 24, 24, 24, 24, 24, 24, 24, 24, 24, 24, 24, 24, 24, 24, 24, 24, 24, 24, 24, 24, 24, 24, 24, 24, 24, 24, 24, 24, 24, 24, 24, 24]",180,"[0.3721335232257843, 0.3820119798183441, 0.34964436292648315, 0.3459416627883911, 0.338619589805603, 0.3317190110683441, 0.3168345093727112, 0.31604069471359253, 0.3033486604690552, 0.2909459173679352, 0.3004834055900574, 0.27015069127082825, 0.2663494944572449, 0.2594538927078247, 0.2501930892467499, 0.245585098862648, 0.2444988638162613, 0.2420288473367691, 0.23149387538433075, 0.22904887795448303, 0.2248186469078064, 0.22546140849590302, 0.22630086541175842, 0.22025024890899658, 0.21317243576049805, 0.21435564756393433, 0.21014522016048431, 0.21057066321372986, 0.20848020911216736, 0.21131578087806702, 0.2229490429162979, 0.2051813304424286, 0.20008136332035065, 0.20200668275356293, 0.19862031936645508, 0.20114566385746002, 0.1970166563987732, 0.19537538290023804, 0.1949056088924408, 0.19345952570438385, 0.19470404088497162, 0.1909399777650833, 0.19290263950824738, 0.19102439284324646, 0.18929523229599, 0.22182799875736237, 0.19463981688022614, 0.19516487419605255, 0.1901025027036667, 0.18906907737255096, 0.1960706114768982, 0.18651895225048065, 0.1844337284564972, 0.18494592607021332, 0.1875205636024475, 0.18404394388198853, 0.1886632740497589, 0.18716348707675934, 0.18249061703681946, 0.18219859898090363, 0.1815115362405777, 0.18161261081695557, 0.17937712371349335, 0.18354246020317078, 0.18342788517475128, 0.18118290603160858, 0.18093380331993103, 0.18111902475357056, 0.1829833984375, 0.17978762090206146, 0.1790187656879425, 0.1774291843175888, 0.18366362154483795, 0.18284238874912262, 0.18522308766841888, 0.1770794540643692, 0.18012218177318573, 0.19061975181102753, 0.17640656232833862, 0.1780710369348526, 0.1795613318681717, 0.18077270686626434, 0.1930733621120453, 0.18159349262714386, 0.1839824616909027, 0.1836169809103012, 0.17814695835113525, 0.17772217094898224, 0.17892499268054962, 0.17979153990745544, 0.1726197451353073, 0.17615337669849396, 0.18011775612831116, 0.17683111131191254, 0.1750851273536682, 0.17743626236915588, 0.17378440499305725, 0.17467668652534485, 0.18478946387767792, 0.1728600710630417, 0.1799863874912262, 0.17380796372890472, 0.17775623500347137, 0.1749681830406189, 0.16913609206676483, 0.17911000549793243, 0.17524248361587524, 0.17513316869735718, 0.1959911286830902, 0.17503103613853455, 0.18803992867469788, 0.173217311501503, 0.17828676104545593, 0.17494451999664307, 0.17362239956855774, 0.17337405681610107, 0.17229044437408447, 0.17368216812610626, 0.17372296750545502, 0.1730000376701355, 0.17525461316108704, 0.1720423698425293, 0.17109906673431396, 0.17512574791908264, 0.17403624951839447, 0.17759732902050018, 0.18222467601299286, 0.17383188009262085, 0.16909188032150269, 0.17495742440223694, 0.16983562707901, 0.17354100942611694, 0.17272426187992096, 0.17059358954429626, 0.1754654049873352, 0.16766126453876495, 0.16954320669174194, 0.1719786822795868, 0.17650674283504486, 0.17229747772216797, 0.17994791269302368, 0.1686241328716278, 0.16933183372020721, 0.16886603832244873, 0.17353300750255585, 0.17656958103179932, 0.17224904894828796, 0.17095151543617249, 0.17225925624370575, 0.17065484821796417, 0.16804026067256927, 0.17390380799770355, 0.1703014373779297, 0.17646755278110504, 0.17314788699150085, 0.16960717737674713, 0.16679489612579346, 0.16901123523712158, 0.17809335887432098, 0.1724969744682312, 0.16988088190555573, 0.18014651536941528, 0.17779110372066498, 0.17081567645072937, 0.17181701958179474, 0.17198744416236877, 0.18143892288208008, 0.16876378655433655, 0.17136356234550476, 0.1677819788455963, 0.16823409497737885, 0.16751804947853088, 0.1706971675157547, 0.16695193946361542, 0.16950470209121704, 0.1666720062494278, 0.17175553739070892, 0.17031581699848175, 0.17480912804603577, 0.17126603424549103]",24.0,"[33.0, 33.0, 33.0, 33.0, 33.0, 33.0, 32.0, 31.0, 30.0, 30.0, 29.0, 28.0, 28.0, 27.0, 26.0, 26.0, 25.0, 25.0, 25.0, 25.0, 25.0, 25.0, 25.0, 25.0, 25.0, 25.0, 25.0, 24.0, 24.0, 24.0, 24.0, 24.0, 24.0, 24.0, 24.0, 24.0, 24.0, 24.0, 24.0, 24.0, 24.0, 24.0, 24.0, 24.0, 24.0, 24.0, 24.0, 24.0, 24.0, 24.0, 24.0, 24.0, 24.0, 24.0, 24.0, 24.0, 24.0, 24.0, 24.0, 24.0, 24.0, 24.0, 24.0, 24.0, 24.0, 24.0, 24.0, 24.0, 24.0, 24.0, 24.0, 24.0, 24.0, 24.0, 24.0, 24.0, 24.0, 24.0, 24.0, 24.0, 24.0, 24.0, 24.0, 24.0, 24.0, 24.0, 24.0, 24.0, 24.0, 24.0, 24.0, 24.0, 24.0, 24.0, 24.0, 24.0, 24.0, 24.0, 24.0, 24.0, 24.0, 24.0, 24.0, 24.0, 24.0, 24.0, 24.0, 24.0, 24.0, 24.0, 24.0, 24.0, 24.0, 24.0, 24.0, 24.0, 24.0, 24.0, 24.0, 24.0, 24.0, 24.0, 24.0, 24.0, 24.0, 24.0, 24.0, 24.0, 24.0, 24.0, 24.0, 24.0, 24.0, 24.0, 24.0, 24.0, 24.0, 24.0, 24.0, 24.0, 24.0, 24.0, 24.0, 24.0, 24.0, 24.0, 24.0, 24.0, 24.0, 24.0, 24.0, 24.0, 24.0, 24.0, 24.0, 24.0, 24.0, 24.0, 24.0, 24.0, 24.0, 24.0, 24.0, 24.0, 24.0, 24.0, 24.0, 24.0, 24.0, 24.0, 24.0, 24.0, 24.0, 24.0, 24.0, 24.0, 24.0, 24.0, 24.0, 24.0]",COMPLETE
