,number,value,datetime_start,datetime_complete,duration,params_batch_size_scaler,params_constant_learning_rate,params_depth,params_epochs,params_kernel_l2,params_num_trees,params_temperature,user_attrs_accuracy_test,user_attrs_accuracy_valid,user_attrs_approximate_feature_sparsity,user_attrs_approximate_feature_sparsity_history,user_attrs_approximate_weight_sparsity,user_attrs_approximate_weight_sparsity_history,user_attrs_auc_test,user_attrs_auc_valid,user_attrs_feature_sparsity,user_attrs_feature_sparsity_history,user_attrs_num_epochs,user_attrs_val_loss_history,user_attrs_weight_sparsity,user_attrs_weight_sparsity_history,state
79,79,0.5,2024-08-31 03:39:44.403477,2024-08-31 03:47:27.596671,0 days 00:07:43.193194,4,0.7167381764853143,5,495,0.6387792239725806,94,0.0023259503337190526,0.859,0.85875,0,"[33, 33, 33, 33, 10, 6, 4, 4, 4, 4, 4, 4, 4, 4, 3, 2, 2, 2, 2, 2, 2, 2, 2, 2, 2, 2, 2, 2, 2, 2, 2, 2, 2, 2, 2, 2, 2, 2, 2, 2, 2, 2, 2, 2, 2, 2, 2, 2, 2, 2, 2, 2, 2, 2, 2, 2, 2, 2, 2, 2, 2, 2, 2, 2, 2, 2, 2, 2, 2, 2, 2, 2, 2, 2, 2, 2, 2, 2, 2, 2, 2, 2, 2, 2, 2, 2, 2, 2, 2, 2, 2, 2, 2, 2, 2, 2, 2, 2, 2, 2, 2, 2, 2, 2, 2, 2, 2, 2, 2, 2, 2, 2, 2, 2, 2, 2, 1, 1, 1, 1, 1, 1, 1, 1, 1, 1, 1, 1, 1, 1, 1, 1, 1, 1, 1, 1, 1, 1, 1, 1, 1, 1, 1, 1, 1, 1, 1, 1, 1, 1, 1, 1, 1, 1, 1, 1, 1, 1, 1, 1, 1, 1, 1, 1, 1, 1, 1, 1, 1, 1, 1, 0, 0, 0, 0, 0, 0, 0, 0, 0, 0, 0, 0, 0, 0, 0, 0, 0, 0, 0, 0, 0, 0, 0, 0, 0, 0, 0, 0, 0, 0, 0, 0, 0, 0, 0, 0, 0, 0, 0, 0, 0, 0, 0, 0, 0, 0, 0, 0, 0, 0, 0, 0, 0, 0, 0, 0, 0, 0, 0, 0, 0, 0, 0, 0, 0, 0, 0, 0, 0, 0, 0, 0, 0, 0, 0, 0, 0, 0, 0, 0, 0, 0, 0, 0, 0, 0, 0, 0, 0, 0, 0, 0, 0, 0, 0, 0, 0, 0, 0, 0, 0, 0, 0, 0, 0, 0, 0, 0, 0, 0, 0, 0, 0, 0, 0, 0, 0, 0, 0, 0, 0, 0, 0, 0, 0, 0, 0, 0, 0, 0, 0, 0, 0, 0, 0, 0, 0, 0, 0, 0, 0, 0, 0, 0, 0, 0, 0, 0, 0, 0, 0, 0, 0, 0, 0, 0, 0, 0, 0, 0, 0, 0, 0, 0, 0, 0, 0, 0, 0, 0, 0, 0, 0, 0, 0, 0, 0, 0, 0, 0, 0, 0, 0, 0, 0, 0, 0, 0, 0, 0, 0, 0, 0, 0, 0, 0, 0, 0, 0, 0, 0, 0, 0, 0, 0, 0, 0, 0, 0, 0, 0, 0, 0, 0, 0, 0, 0, 0, 0, 0, 0, 0, 0, 0, 0, 0, 0, 0, 0, 0, 0, 0, 0, 0, 0, 0, 0, 0, 0, 0, 0, 0, 0, 0, 0, 0, 0, 0, 0, 0, 0, 0, 0, 0, 0, 0, 0, 0, 0, 0, 0, 0, 0, 0, 0, 0, 0, 0, 0, 0, 0, 0, 0, 0, 0, 0, 0, 0, 0, 0, 0, 0, 0, 0, 0, 0, 0, 0, 0, 0, 0, 0, 0, 0, 0, 0, 0, 0, 0, 0, 0, 0, 0, 0, 0, 0, 0, 0, 0, 0, 0, 0, 0, 0, 0, 0, 0, 0, 0, 0, 0, 0, 0, 0]",0.0,"[32.92999313658202, 32.9293067947838, 32.93102264927934, 32.917295813315036, 9.970830473575841, 5.9859299931365815, 3.9910775566231984, 3.989704873026767, 3.990048043925875, 3.9903912148249825, 3.9924502402196294, 3.991763898421414, 3.992793411118737, 3.9924502402196294, 2.9945092656142758, 1.9972546328071379, 1.998627316403569, 1.995881949210707, 1.9955387783115992, 1.9969114619080304, 1.997254632807138, 1.994166094715168, 1.9951956074124912, 1.9975978037062456, 1.9965682910089224, 1.995881949210707, 1.9955387783115992, 1.9962251201098147, 1.9975978037062456, 1.9969114619080301, 1.9955387783115992, 1.9948524365133835, 1.9945092656142758, 1.9951956074124915, 1.9945092656142758, 1.994166094715168, 1.9921070693205216, 1.9934797529169526, 1.9951956074124912, 1.9969114619080301, 1.9951956074124912, 1.995538778311599, 1.9972546328071379, 1.9969114619080301, 1.9934797529169526, 1.9945092656142758, 1.995881949210707, 1.9972546328071379, 1.9969114619080301, 1.9951956074124912, 1.9948524365133837, 1.995881949210707, 1.9965682910089226, 1.9962251201098147, 1.9948524365133837, 1.9962251201098147, 1.9948524365133835, 1.9951956074124912, 1.9948524365133835, 1.9938229238160603, 1.994166094715168, 1.995538778311599, 1.995881949210707, 1.995881949210707, 1.9948524365133835, 1.995538778311599, 1.9955387783115992, 1.9955387783115992, 1.9955387783115992, 1.9955387783115992, 1.9955387783115992, 1.9948524365133835, 1.9955387783115992, 1.9934797529169526, 1.9931365820178448, 1.9938229238160603, 1.9938229238160603, 1.994166094715168, 1.9962251201098147, 1.9969114619080301, 1.9962251201098147, 1.9951956074124912, 1.9965682910089224, 1.995881949210707, 1.9965682910089224, 1.9945092656142758, 1.994166094715168, 1.9938229238160603, 1.9934797529169526, 1.994509265614276, 1.994166094715168, 1.994509265614276, 1.9951956074124915, 1.9938229238160603, 1.9951956074124915, 1.995881949210707, 1.9945092656142758, 1.9931365820178448, 1.992793411118737, 1.9938229238160603, 1.992793411118737, 1.9921070693205216, 1.9938229238160603, 1.994166094715168, 1.9934797529169526, 1.994166094715168, 1.9948524365133837, 1.9945092656142758, 1.9938229238160603, 1.9951956074124912, 1.9924502402196294, 1.9917638984214139, 1.9914207275223061, 1.9917638984214139, 1.9924502402196294, 1.992793411118737, 0.9969114619080301, 0.9965682910089224, 0.9969114619080301, 0.9969114619080301, 0.9965682910089224, 0.997254632807138, 0.9969114619080301, 0.9975978037062457, 0.9969114619080301, 0.9969114619080301, 0.997254632807138, 0.9979409746053535, 0.9969114619080301, 0.9965682910089224, 0.9969114619080301, 0.9962251201098147, 0.9965682910089224, 0.9962251201098147, 0.9958819492107069, 0.9965682910089224, 0.9979409746053535, 0.9979409746053535, 0.997254632807138, 0.9965682910089224, 0.9969114619080301, 0.9969114619080301, 0.997254632807138, 0.997254632807138, 0.9965682910089224, 0.9962251201098147, 0.997254632807138, 0.9979409746053535, 0.997254632807138, 0.997254632807138, 0.997254632807138, 0.997254632807138, 0.9979409746053535, 0.9969114619080301, 0.997254632807138, 0.997254632807138, 0.9979409746053535, 0.9979409746053535, 0.9975978037062457, 0.9979409746053535, 0.9979409746053535, 0.9975978037062457, 0.9979409746053535, 0.9979409746053535, 0.9979409746053535, 0.997254632807138, 0.9975978037062457, 0.997254632807138, 0.997254632807138, 0.9969114619080301, 0.9958819492107069, 0.0, 0.0, 0.0, 0.0, 0.0, 0.0, 0.0, 0.0, 0.0, 0.0, 0.0, 0.0, 0.0, 0.0, 0.0, 0.0, 0.0, 0.0, 0.0, 0.0, 0.0, 0.0, 0.0, 0.0, 0.0, 0.0, 0.0, 0.0, 0.0, 0.0, 0.0, 0.0, 0.0, 0.0, 0.0, 0.0, 0.0, 0.0, 0.0, 0.0, 0.0, 0.0, 0.0, 0.0, 0.0, 0.0, 0.0, 0.0, 0.0, 0.0, 0.0, 0.0, 0.0, 0.0, 0.0, 0.0, 0.0, 0.0, 0.0, 0.0, 0.0, 0.0, 0.0, 0.0, 0.0, 0.0, 0.0, 0.0, 0.0, 0.0, 0.0, 0.0, 0.0, 0.0, 0.0, 0.0, 0.0, 0.0, 0.0, 0.0, 0.0, 0.0, 0.0, 0.0, 0.0, 0.0, 0.0, 0.0, 0.0, 0.0, 0.0, 0.0, 0.0, 0.0, 0.0, 0.0, 0.0, 0.0, 0.0, 0.0, 0.0, 0.0, 0.0, 0.0, 0.0, 0.0, 0.0, 0.0, 0.0, 0.0, 0.0, 0.0, 0.0, 0.0, 0.0, 0.0, 0.0, 0.0, 0.0, 0.0, 0.0, 0.0, 0.0, 0.0, 0.0, 0.0, 0.0, 0.0, 0.0, 0.0, 0.0, 0.0, 0.0, 0.0, 0.0, 0.0, 0.0, 0.0, 0.0, 0.0, 0.0, 0.0, 0.0, 0.0, 0.0, 0.0, 0.0, 0.0, 0.0, 0.0, 0.0, 0.0, 0.0, 0.0, 0.0, 0.0, 0.0, 0.0, 0.0, 0.0, 0.0, 0.0, 0.0, 0.0, 0.0, 0.0, 0.0, 0.0, 0.0, 0.0, 0.0, 0.0, 0.0, 0.0, 0.0, 0.0, 0.0, 0.0, 0.0, 0.0, 0.0, 0.0, 0.0, 0.0, 0.0, 0.0, 0.0, 0.0, 0.0, 0.0, 0.0, 0.0, 0.0, 0.0, 0.0, 0.0, 0.0, 0.0, 0.0, 0.0, 0.0, 0.0, 0.0, 0.0, 0.0, 0.0, 0.0, 0.0, 0.0, 0.0, 0.0, 0.0, 0.0, 0.0, 0.0, 0.0, 0.0, 0.0, 0.0, 0.0, 0.0, 0.0, 0.0, 0.0, 0.0, 0.0, 0.0, 0.0, 0.0, 0.0, 0.0, 0.0, 0.0, 0.0, 0.0, 0.0, 0.0, 0.0, 0.0, 0.0, 0.0, 0.0, 0.0, 0.0, 0.0, 0.0, 0.0, 0.0, 0.0, 0.0, 0.0, 0.0, 0.0, 0.0, 0.0, 0.0, 0.0, 0.0, 0.0, 0.0, 0.0, 0.0, 0.0, 0.0, 0.0, 0.0, 0.0, 0.0, 0.0, 0.0, 0.0, 0.0, 0.0, 0.0, 0.0, 0.0, 0.0, 0.0, 0.0, 0.0, 0.0, 0.0, 0.0, 0.0, 0.0, 0.0, 0.0, 0.0, 0.0, 0.0, 0.0, 0.0, 0.0, 0.0, 0.0, 0.0, 0.0, 0.0, 0.0, 0.0, 0.0, 0.0, 0.0, 0.0, 0.0, 0.0, 0.0, 0.0, 0.0, 0.0, 0.0, 0.0, 0.0, 0.0, 0.0, 0.0, 0.0, 0.0, 0.0, 0.0, 0.0, 0.0, 0.0, 0.0]",0.5,0.5,0,"[33, 33, 33, 33, 10, 6, 4, 4, 4, 4, 4, 4, 4, 4, 3, 2, 2, 2, 2, 2, 2, 2, 2, 2, 2, 2, 2, 2, 2, 2, 2, 2, 2, 2, 2, 2, 2, 2, 2, 2, 2, 2, 2, 2, 2, 2, 2, 2, 2, 2, 2, 2, 2, 2, 2, 2, 2, 2, 2, 2, 2, 2, 2, 2, 2, 2, 2, 2, 2, 2, 2, 2, 2, 2, 2, 2, 2, 2, 2, 2, 2, 2, 2, 2, 2, 2, 2, 2, 2, 2, 2, 2, 2, 2, 2, 2, 2, 2, 2, 2, 2, 2, 2, 2, 2, 2, 2, 2, 2, 2, 2, 2, 2, 2, 2, 2, 1, 1, 1, 1, 1, 1, 1, 1, 1, 1, 1, 1, 1, 1, 1, 1, 1, 1, 1, 1, 1, 1, 1, 1, 1, 1, 1, 1, 1, 1, 1, 1, 1, 1, 1, 1, 1, 1, 1, 1, 1, 1, 1, 1, 1, 1, 1, 1, 1, 1, 1, 1, 1, 1, 1, 0, 0, 0, 0, 0, 0, 0, 0, 0, 0, 0, 0, 0, 0, 0, 0, 0, 0, 0, 0, 0, 0, 0, 0, 0, 0, 0, 0, 0, 0, 0, 0, 0, 0, 0, 0, 0, 0, 0, 0, 0, 0, 0, 0, 0, 0, 0, 0, 0, 0, 0, 0, 0, 0, 0, 0, 0, 0, 0, 0, 0, 0, 0, 0, 0, 0, 0, 0, 0, 0, 0, 0, 0, 0, 0, 0, 0, 0, 0, 0, 0, 0, 0, 0, 0, 0, 0, 0, 0, 0, 0, 0, 0, 0, 0, 0, 0, 0, 0, 0, 0, 0, 0, 0, 0, 0, 0, 0, 0, 0, 0, 0, 0, 0, 0, 0, 0, 0, 0, 0, 0, 0, 0, 0, 0, 0, 0, 0, 0, 0, 0, 0, 0, 0, 0, 0, 0, 0, 0, 0, 0, 0, 0, 0, 0, 0, 0, 0, 0, 0, 0, 0, 0, 0, 0, 0, 0, 0, 0, 0, 0, 0, 0, 0, 0, 0, 0, 0, 0, 0, 0, 0, 0, 0, 0, 0, 0, 0, 0, 0, 0, 0, 0, 0, 0, 0, 0, 0, 0, 0, 0, 0, 0, 0, 0, 0, 0, 0, 0, 0, 0, 0, 0, 0, 0, 0, 0, 0, 0, 0, 0, 0, 0, 0, 0, 0, 0, 0, 0, 0, 0, 0, 0, 0, 0, 0, 0, 0, 0, 0, 0, 0, 0, 0, 0, 0, 0, 0, 0, 0, 0, 0, 0, 0, 0, 0, 0, 0, 0, 0, 0, 0, 0, 0, 0, 0, 0, 0, 0, 0, 0, 0, 0, 0, 0, 0, 0, 0, 0, 0, 0, 0, 0, 0, 0, 0, 0, 0, 0, 0, 0, 0, 0, 0, 0, 0, 0, 0, 0, 0, 0, 0, 0, 0, 0, 0, 0, 0, 0, 0, 0, 0, 0, 0, 0, 0, 0, 0, 0, 0, 0, 0, 0, 0, 0, 0, 0, 0, 0, 0, 0, 0, 0, 0]",495,"[0.39416977763175964, 0.37829816341400146, 0.37328284978866577, 0.363276869058609, 0.3583972156047821, 0.3679494559764862, 0.3671346604824066, 0.3593284487724304, 0.3587740659713745, 0.36181309819221497, 0.3603229224681854, 0.3550814390182495, 0.3543449640274048, 0.3546786606311798, 0.3773931860923767, 0.37864890694618225, 0.3766181468963623, 0.3735482692718506, 0.3752007782459259, 0.3725851774215698, 0.3762870132923126, 0.37129417061805725, 0.3722565174102783, 0.3705950081348419, 0.37104907631874084, 0.3731808066368103, 0.3706607520580292, 0.37448665499687195, 0.37063610553741455, 0.37361910939216614, 0.37085312604904175, 0.37107616662979126, 0.37000080943107605, 0.3699614405632019, 0.36992281675338745, 0.3721609115600586, 0.3713732957839966, 0.3702397644519806, 0.3698069453239441, 0.36990365386009216, 0.37092575430870056, 0.37200167775154114, 0.37087929248809814, 0.3718957006931305, 0.3697994649410248, 0.37706685066223145, 0.36959174275398254, 0.3711233139038086, 0.3776385188102722, 0.37462928891181946, 0.3696783781051636, 0.3753225803375244, 0.3708757162094116, 0.37270188331604004, 0.36953917145729065, 0.37176579236984253, 0.3711051046848297, 0.36931827664375305, 0.3714219331741333, 0.36950215697288513, 0.37015101313591003, 0.3704786002635956, 0.37036505341529846, 0.37002643942832947, 0.3691772222518921, 0.37036842107772827, 0.3724845051765442, 0.36924317479133606, 0.37111449241638184, 0.3696105480194092, 0.3722727298736572, 0.37335214018821716, 0.371300607919693, 0.369112104177475, 0.3690052926540375, 0.3691226840019226, 0.370742529630661, 0.37035638093948364, 0.3740196228027344, 0.3690107464790344, 0.37200453877449036, 0.3690895140171051, 0.373849093914032, 0.3689916729927063, 0.3688902258872986, 0.3689800500869751, 0.3725960850715637, 0.3691094219684601, 0.36896342039108276, 0.3688216507434845, 0.37010905146598816, 0.36921414732933044, 0.3692430555820465, 0.36877280473709106, 0.3693959712982178, 0.3693230152130127, 0.3688797354698181, 0.37482768297195435, 0.36968371272087097, 0.3731175661087036, 0.3703383505344391, 0.3692891597747803, 0.36931174993515015, 0.3705736994743347, 0.37115582823753357, 0.36942097544670105, 0.36998021602630615, 0.36858296394348145, 0.3686121106147766, 0.37380799651145935, 0.37342798709869385, 0.3685570955276489, 0.37042686343193054, 0.3697658181190491, 0.37437504529953003, 0.36882999539375305, 0.3940449655056, 0.3970489203929901, 0.3928280174732208, 0.3923080563545227, 0.39280566573143005, 0.3958190083503723, 0.3934238851070404, 0.4100007712841034, 0.39252549409866333, 0.3923928141593933, 0.39466002583503723, 0.39451825618743896, 0.39288631081581116, 0.3925866186618805, 0.3925766348838806, 0.39422011375427246, 0.3922961354255676, 0.39322081208229065, 0.3938063681125641, 0.3922575116157532, 0.39471161365509033, 0.39424896240234375, 0.39253222942352295, 0.3958548307418823, 0.39773598313331604, 0.3958683907985687, 0.3925797939300537, 0.3924630284309387, 0.39597848057746887, 0.3934405446052551, 0.39579954743385315, 0.40140968561172485, 0.39224374294281006, 0.392922967672348, 0.392709344625473, 0.3966669738292694, 0.3926403522491455, 0.3931596875190735, 0.3936910927295685, 0.39282917976379395, 0.3926444947719574, 0.39247551560401917, 0.4004158675670624, 0.39227578043937683, 0.39420780539512634, 0.39220356941223145, 0.3966345191001892, 0.39231637120246887, 0.39358073472976685, 0.3927852511405945, 0.3944226801395416, 0.39271488785743713, 0.3960306644439697, 0.39238443970680237, 0.3921869695186615, 0.42015278339385986, 0.4091107249259949, 0.41009581089019775, 0.4072261154651642, 0.4073667526245117, 0.4075794219970703, 0.40860381722450256, 0.41726839542388916, 0.4099065661430359, 0.4081011116504669, 0.4072408378124237, 0.4075894057750702, 0.4072699248790741, 0.4121673107147217, 0.4104922413825989, 0.4077840745449066, 0.40722835063934326, 0.4097346365451813, 0.4162726104259491, 0.40868088603019714, 0.4072393774986267, 0.4223093092441559, 0.40873241424560547, 0.40731486678123474, 0.41978123784065247, 0.40856853127479553, 0.40725111961364746, 0.40925419330596924, 0.4078277349472046, 0.41188284754753113, 0.4073563516139984, 0.4072551429271698, 0.40819036960601807, 0.409417986869812, 0.40731754899024963, 0.4076734483242035, 0.4073449671268463, 0.4222451448440552, 0.4079440236091614, 0.4096618592739105, 0.42671793699264526, 0.40779316425323486, 0.407577246427536, 0.40799689292907715, 0.4100179374217987, 0.41155579686164856, 0.408865362405777, 0.4081076681613922, 0.4095793664455414, 0.4072907567024231, 0.4072541892528534, 0.41691285371780396, 0.4170513153076172, 0.40757352113723755, 0.40843701362609863, 0.4075402021408081, 0.4090631604194641, 0.4080486297607422, 0.4083583950996399, 0.40722736716270447, 0.4094959497451782, 0.4075135290622711, 0.4072748124599457, 0.4090058207511902, 0.4186592996120453, 0.40727823972702026, 0.40790829062461853, 0.408965528011322, 0.4072269797325134, 0.4096793234348297, 0.41568946838378906, 0.4077410399913788, 0.407238245010376, 0.41940686106681824, 0.4189949929714203, 0.4073864221572876, 0.4122660458087921, 0.40958285331726074, 0.4144860804080963, 0.4073426127433777, 0.40723609924316406, 0.4078870117664337, 0.40767112374305725, 0.4116882085800171, 0.40725746750831604, 0.4079529941082001, 0.4100498557090759, 0.40831005573272705, 0.40723690390586853, 0.41562947630882263, 0.4079529643058777, 0.4094366133213043, 0.4081704616546631, 0.40735799074172974, 0.4073197543621063, 0.41313835978507996, 0.407349169254303, 0.412514328956604, 0.40794527530670166, 0.4072660207748413, 0.40733757615089417, 0.41074830293655396, 0.4072446823120117, 0.40746432542800903, 0.40834495425224304, 0.40796175599098206, 0.4075429141521454, 0.40788447856903076, 0.40785354375839233, 0.4189748764038086, 0.4090532958507538, 0.4073010981082916, 0.4073825180530548, 0.41500619053840637, 0.4072307348251343, 0.4079343378543854, 0.40732425451278687, 0.40842506289482117, 0.40979111194610596, 0.40752848982810974, 0.40895000100135803, 0.4086698591709137, 0.4102558195590973, 0.4098060727119446, 0.4075137674808502, 0.4093931317329407, 0.40736597776412964, 0.4127233624458313, 0.4137820303440094, 0.4072321057319641, 0.4075435996055603, 0.4146733582019806, 0.407449871301651, 0.4139786660671234, 0.40786898136138916, 0.4094180762767792, 0.4103139042854309, 0.4088295102119446, 0.40723511576652527, 0.4113958775997162, 0.40753108263015747, 0.4104481637477875, 0.4076497554779053, 0.41584286093711853, 0.41057369112968445, 0.4130488932132721, 0.40793830156326294, 0.4111289083957672, 0.41830679774284363, 0.40802380442619324, 0.4072449505329132, 0.40955787897109985, 0.4074014723300934, 0.4092494547367096, 0.4114014506340027, 0.40744027495384216, 0.4102194905281067, 0.40725085139274597, 0.40730521082878113, 0.4103247821331024, 0.40723109245300293, 0.4082077145576477, 0.4076135754585266, 0.4080285131931305, 0.4076847732067108, 0.41818931698799133, 0.40722736716270447, 0.4124561548233032, 0.41692084074020386, 0.40808939933776855, 0.40751734375953674, 0.40785539150238037, 0.40920528769493103, 0.4114566743373871, 0.4152818024158478, 0.40738362073898315, 0.40739676356315613, 0.40826180577278137, 0.4098639190196991, 0.4153093099594116, 0.4076766073703766, 0.41024497151374817, 0.40953558683395386, 0.4078300893306732, 0.4141762852668762, 0.4120292365550995, 0.4113164246082306, 0.4072655141353607, 0.4072263836860657, 0.4164062738418579, 0.4096904993057251, 0.4141332507133484, 0.41791632771492004, 0.41760241985321045, 0.4072268009185791, 0.40965232253074646, 0.4072493016719818, 0.41307488083839417, 0.41303199529647827, 0.4078700542449951, 0.40798985958099365, 0.4085157811641693, 0.41018033027648926, 0.40932872891426086, 0.42093536257743835, 0.4114389419555664, 0.4072512686252594, 0.4146273136138916, 0.4080039858818054, 0.4072294533252716, 0.41931045055389404, 0.41084998846054077, 0.4109194278717041, 0.4072294533252716, 0.4113086760044098, 0.4192797839641571, 0.40812355279922485, 0.41155579686164856, 0.4090513586997986, 0.4073713421821594, 0.40733227133750916, 0.40745043754577637, 0.4076983332633972, 0.4196624457836151, 0.4146385192871094, 0.40723487734794617, 0.4093908667564392, 0.4134829044342041, 0.40726637840270996, 0.4086950421333313, 0.407892107963562, 0.4133762717247009, 0.42137810587882996, 0.40738555788993835, 0.41087859869003296, 0.41603827476501465, 0.4074169397354126, 0.4208398163318634, 0.4079529643058777, 0.407573401927948, 0.4073527455329895, 0.41804614663124084, 0.407293438911438, 0.40876665711402893, 0.4140419363975525, 0.40986281633377075, 0.4077855944633484, 0.40791282057762146, 0.4196520149707794, 0.4079039692878723, 0.41021087765693665, 0.4100428819656372, 0.40727585554122925, 0.4186691641807556, 0.4098028838634491, 0.4087321162223816, 0.4096994400024414, 0.4073614776134491, 0.40796229243278503, 0.4075246751308441, 0.41107162833213806, 0.4100511074066162, 0.4084235727787018, 0.4081719219684601, 0.40828201174736023, 0.4102134704589844, 0.4082482159137726, 0.4072381854057312, 0.40937766432762146, 0.41345900297164917, 0.40972813963890076, 0.4181632697582245, 0.4081292450428009, 0.40734511613845825, 0.40799254179000854, 0.41721564531326294, 0.40753865242004395, 0.40967196226119995, 0.4073285162448883, 0.41336455941200256, 0.4098358452320099, 0.40725213289260864, 0.41035616397857666, 0.407893568277359, 0.4072599411010742, 0.4090322256088257, 0.41886135935783386, 0.40836629271507263, 0.41035881638526917, 0.4072265923023224, 0.40725138783454895, 0.4086591303348541, 0.4107942581176758, 0.4078410863876343, 0.40897801518440247, 0.41113558411598206, 0.40943241119384766, 0.4076186716556549, 0.4072648584842682, 0.4073033928871155, 0.4084712564945221, 0.4247479736804962, 0.40727823972702026, 0.41680145263671875, 0.40921905636787415, 0.407694935798645, 0.4072514474391937, 0.424238920211792, 0.4080139994621277, 0.4074777662754059, 0.4072306454181671, 0.40934130549430847, 0.4075402319431305, 0.40734779834747314, 0.4072391390800476, 0.41102850437164307, 0.40778160095214844, 0.4173821210861206, 0.4207446277141571, 0.40776488184928894, 0.4076431691646576, 0.4077194929122925, 0.40784236788749695, 0.40804001688957214]",0.0,"[33.0, 33.0, 33.0, 33.0, 10.0, 6.0, 4.0, 4.0, 4.0, 4.0, 4.0, 4.0, 4.0, 4.0, 3.0, 2.0, 2.0, 2.0, 2.0, 2.0, 2.0, 2.0, 2.0, 2.0, 2.0, 2.0, 2.0, 2.0, 2.0, 2.0, 2.0, 2.0, 2.0, 2.0, 2.0, 2.0, 2.0, 2.0, 2.0, 2.0, 2.0, 2.0, 2.0, 2.0, 2.0, 2.0, 2.0, 2.0, 2.0, 2.0, 2.0, 2.0, 2.0, 2.0, 2.0, 2.0, 2.0, 2.0, 2.0, 2.0, 2.0, 2.0, 2.0, 2.0, 2.0, 2.0, 2.0, 2.0, 2.0, 2.0, 2.0, 2.0, 2.0, 2.0, 2.0, 2.0, 2.0, 2.0, 2.0, 2.0, 2.0, 2.0, 2.0, 2.0, 2.0, 2.0, 2.0, 2.0, 2.0, 2.0, 2.0, 2.0, 2.0, 2.0, 2.0, 2.0, 2.0, 2.0, 2.0, 2.0, 2.0, 2.0, 2.0, 2.0, 2.0, 2.0, 2.0, 2.0, 2.0, 2.0, 2.0, 2.0, 2.0, 2.0, 2.0, 2.0, 1.0, 1.0, 1.0, 1.0, 1.0, 1.0, 1.0, 1.0, 1.0, 1.0, 1.0, 1.0, 1.0, 1.0, 1.0, 1.0, 1.0, 1.0, 1.0, 1.0, 1.0, 1.0, 1.0, 1.0, 1.0, 1.0, 1.0, 1.0, 1.0, 1.0, 1.0, 1.0, 1.0, 1.0, 1.0, 1.0, 1.0, 1.0, 1.0, 1.0, 1.0, 1.0, 1.0, 1.0, 1.0, 1.0, 1.0, 1.0, 1.0, 1.0, 1.0, 1.0, 1.0, 1.0, 1.0, 0.0, 0.0, 0.0, 0.0, 0.0, 0.0, 0.0, 0.0, 0.0, 0.0, 0.0, 0.0, 0.0, 0.0, 0.0, 0.0, 0.0, 0.0, 0.0, 0.0, 0.0, 0.0, 0.0, 0.0, 0.0, 0.0, 0.0, 0.0, 0.0, 0.0, 0.0, 0.0, 0.0, 0.0, 0.0, 0.0, 0.0, 0.0, 0.0, 0.0, 0.0, 0.0, 0.0, 0.0, 0.0, 0.0, 0.0, 0.0, 0.0, 0.0, 0.0, 0.0, 0.0, 0.0, 0.0, 0.0, 0.0, 0.0, 0.0, 0.0, 0.0, 0.0, 0.0, 0.0, 0.0, 0.0, 0.0, 0.0, 0.0, 0.0, 0.0, 0.0, 0.0, 0.0, 0.0, 0.0, 0.0, 0.0, 0.0, 0.0, 0.0, 0.0, 0.0, 0.0, 0.0, 0.0, 0.0, 0.0, 0.0, 0.0, 0.0, 0.0, 0.0, 0.0, 0.0, 0.0, 0.0, 0.0, 0.0, 0.0, 0.0, 0.0, 0.0, 0.0, 0.0, 0.0, 0.0, 0.0, 0.0, 0.0, 0.0, 0.0, 0.0, 0.0, 0.0, 0.0, 0.0, 0.0, 0.0, 0.0, 0.0, 0.0, 0.0, 0.0, 0.0, 0.0, 0.0, 0.0, 0.0, 0.0, 0.0, 0.0, 0.0, 0.0, 0.0, 0.0, 0.0, 0.0, 0.0, 0.0, 0.0, 0.0, 0.0, 0.0, 0.0, 0.0, 0.0, 0.0, 0.0, 0.0, 0.0, 0.0, 0.0, 0.0, 0.0, 0.0, 0.0, 0.0, 0.0, 0.0, 0.0, 0.0, 0.0, 0.0, 0.0, 0.0, 0.0, 0.0, 0.0, 0.0, 0.0, 0.0, 0.0, 0.0, 0.0, 0.0, 0.0, 0.0, 0.0, 0.0, 0.0, 0.0, 0.0, 0.0, 0.0, 0.0, 0.0, 0.0, 0.0, 0.0, 0.0, 0.0, 0.0, 0.0, 0.0, 0.0, 0.0, 0.0, 0.0, 0.0, 0.0, 0.0, 0.0, 0.0, 0.0, 0.0, 0.0, 0.0, 0.0, 0.0, 0.0, 0.0, 0.0, 0.0, 0.0, 0.0, 0.0, 0.0, 0.0, 0.0, 0.0, 0.0, 0.0, 0.0, 0.0, 0.0, 0.0, 0.0, 0.0, 0.0, 0.0, 0.0, 0.0, 0.0, 0.0, 0.0, 0.0, 0.0, 0.0, 0.0, 0.0, 0.0, 0.0, 0.0, 0.0, 0.0, 0.0, 0.0, 0.0, 0.0, 0.0, 0.0, 0.0, 0.0, 0.0, 0.0, 0.0, 0.0, 0.0, 0.0, 0.0, 0.0, 0.0, 0.0, 0.0, 0.0, 0.0, 0.0, 0.0, 0.0, 0.0, 0.0, 0.0, 0.0, 0.0, 0.0, 0.0, 0.0, 0.0, 0.0, 0.0, 0.0, 0.0, 0.0, 0.0, 0.0, 0.0, 0.0, 0.0, 0.0, 0.0, 0.0, 0.0, 0.0, 0.0, 0.0, 0.0, 0.0, 0.0, 0.0, 0.0, 0.0, 0.0, 0.0, 0.0, 0.0, 0.0, 0.0, 0.0, 0.0, 0.0, 0.0, 0.0, 0.0, 0.0, 0.0, 0.0, 0.0, 0.0, 0.0, 0.0, 0.0, 0.0, 0.0]",COMPLETE
