,number,value,datetime_start,datetime_complete,duration,params_batch_size_scaler,params_constant_learning_rate,params_depth,params_epochs,params_kernel_l2,params_num_trees,params_temperature,user_attrs_accuracy_test,user_attrs_accuracy_valid,user_attrs_approximate_feature_sparsity,user_attrs_approximate_feature_sparsity_history,user_attrs_approximate_weight_sparsity,user_attrs_approximate_weight_sparsity_history,user_attrs_auc_test,user_attrs_auc_valid,user_attrs_feature_sparsity,user_attrs_feature_sparsity_history,user_attrs_num_epochs,user_attrs_val_loss_history,user_attrs_weight_sparsity,user_attrs_weight_sparsity_history,state
106,106,0.5,2024-08-31 04:34:50.509537,2024-08-31 04:35:26.600291,0 days 00:00:36.090754,64,1.9002901946082453,2,420,0.0041983539399517295,51,0.01865291235352199,0.141,0.14125,0,"[33, 25, 0, 0, 0, 0, 0, 0, 0, 0, 0, 0, 0, 0, 0, 0, 0, 0, 0, 0, 0, 0, 0, 0, 0, 0, 0, 0, 0, 0, 0, 0, 0, 0, 0, 0, 0, 0, 0, 0, 0, 0, 0, 0, 0, 0, 0, 0, 0, 0, 0, 0, 0, 0, 0, 0, 0, 0, 0, 0, 0, 0, 0, 0, 0, 0, 0, 0, 0, 0, 0, 0, 0, 0, 0, 0, 0, 0, 0, 0, 0, 0, 0, 0, 0, 0, 0, 0, 0, 0, 0, 0, 0, 0, 0, 0, 0, 0, 0, 0, 0, 0, 0, 0, 0, 0, 0, 0, 0, 0, 0, 0, 0, 0, 0, 0, 0, 0, 0, 0, 0, 0, 0, 0, 0, 0, 0, 0, 0, 0, 0, 0, 0, 0, 0, 0, 0, 0, 0, 0, 0, 0, 0, 0, 0, 0, 0, 0, 0, 0, 0, 0, 0, 0, 0, 0, 0, 0, 0, 0, 0, 0, 0, 0, 0, 0, 0, 0, 0, 0, 0, 0, 0, 0, 0, 0, 0, 0, 0, 0, 0, 0, 0, 0, 0, 0, 0, 0, 0, 0, 0, 0, 0, 0, 0, 0, 0, 0, 0, 0, 0, 0, 0, 0, 0, 0, 0, 0, 0, 0, 0, 0, 0, 0, 0, 0, 0, 0, 0, 0, 0, 0, 0, 0, 0, 0, 0, 0, 0, 0, 0, 0, 0, 0, 0, 0, 0, 0, 0, 0, 0, 0, 0, 0, 0, 0, 0, 0, 0, 0, 0, 0, 0, 0, 0, 0, 0, 0, 0, 0, 0, 0, 0, 0, 0, 0, 0, 0, 0, 0, 0, 0, 0, 0, 0, 0, 0, 0, 0, 0, 0, 0, 0, 0, 0, 0, 0, 0, 0, 0, 0, 0, 0, 0, 0, 0, 0, 0, 0, 0, 0, 0, 0, 0, 0, 0, 0, 0, 0, 0, 0, 0, 0, 0, 0, 0, 0, 0, 0, 0, 0, 0, 0, 0, 0, 0, 0, 0, 0, 0, 0, 0, 0, 0, 0, 0, 0, 0, 0, 0, 0, 0, 0, 0, 0, 0, 0, 0, 0, 0, 0, 0, 0, 0, 0, 0, 0, 0, 0, 0, 0, 0, 0, 0, 0, 0, 0, 0, 0, 0, 0, 0, 0, 0, 0, 0, 0, 0, 0, 0, 0, 0, 0, 0, 0, 0, 0, 0, 0, 0, 0, 0, 0, 0, 0, 0, 0, 0, 0, 0, 0, 0, 0, 0, 0, 0, 0, 0, 0, 0, 0, 0, 0, 0, 0, 0, 0, 0, 0, 0]",0.0,"[32.99346405228758, 24.980392156862745, 0.0, 0.0, 0.0, 0.0, 0.0, 0.0, 0.0, 0.0, 0.0, 0.0, 0.0, 0.0, 0.0, 0.0, 0.0, 0.0, 0.0, 0.0, 0.0, 0.0, 0.0, 0.0, 0.0, 0.0, 0.0, 0.0, 0.0, 0.0, 0.0, 0.0, 0.0, 0.0, 0.0, 0.0, 0.0, 0.0, 0.0, 0.0, 0.0, 0.0, 0.0, 0.0, 0.0, 0.0, 0.0, 0.0, 0.0, 0.0, 0.0, 0.0, 0.0, 0.0, 0.0, 0.0, 0.0, 0.0, 0.0, 0.0, 0.0, 0.0, 0.0, 0.0, 0.0, 0.0, 0.0, 0.0, 0.0, 0.0, 0.0, 0.0, 0.0, 0.0, 0.0, 0.0, 0.0, 0.0, 0.0, 0.0, 0.0, 0.0, 0.0, 0.0, 0.0, 0.0, 0.0, 0.0, 0.0, 0.0, 0.0, 0.0, 0.0, 0.0, 0.0, 0.0, 0.0, 0.0, 0.0, 0.0, 0.0, 0.0, 0.0, 0.0, 0.0, 0.0, 0.0, 0.0, 0.0, 0.0, 0.0, 0.0, 0.0, 0.0, 0.0, 0.0, 0.0, 0.0, 0.0, 0.0, 0.0, 0.0, 0.0, 0.0, 0.0, 0.0, 0.0, 0.0, 0.0, 0.0, 0.0, 0.0, 0.0, 0.0, 0.0, 0.0, 0.0, 0.0, 0.0, 0.0, 0.0, 0.0, 0.0, 0.0, 0.0, 0.0, 0.0, 0.0, 0.0, 0.0, 0.0, 0.0, 0.0, 0.0, 0.0, 0.0, 0.0, 0.0, 0.0, 0.0, 0.0, 0.0, 0.0, 0.0, 0.0, 0.0, 0.0, 0.0, 0.0, 0.0, 0.0, 0.0, 0.0, 0.0, 0.0, 0.0, 0.0, 0.0, 0.0, 0.0, 0.0, 0.0, 0.0, 0.0, 0.0, 0.0, 0.0, 0.0, 0.0, 0.0, 0.0, 0.0, 0.0, 0.0, 0.0, 0.0, 0.0, 0.0, 0.0, 0.0, 0.0, 0.0, 0.0, 0.0, 0.0, 0.0, 0.0, 0.0, 0.0, 0.0, 0.0, 0.0, 0.0, 0.0, 0.0, 0.0, 0.0, 0.0, 0.0, 0.0, 0.0, 0.0, 0.0, 0.0, 0.0, 0.0, 0.0, 0.0, 0.0, 0.0, 0.0, 0.0, 0.0, 0.0, 0.0, 0.0, 0.0, 0.0, 0.0, 0.0, 0.0, 0.0, 0.0, 0.0, 0.0, 0.0, 0.0, 0.0, 0.0, 0.0, 0.0, 0.0, 0.0, 0.0, 0.0, 0.0, 0.0, 0.0, 0.0, 0.0, 0.0, 0.0, 0.0, 0.0, 0.0, 0.0, 0.0, 0.0, 0.0, 0.0, 0.0, 0.0, 0.0, 0.0, 0.0, 0.0, 0.0, 0.0, 0.0, 0.0, 0.0, 0.0, 0.0, 0.0, 0.0, 0.0, 0.0, 0.0, 0.0, 0.0, 0.0, 0.0, 0.0, 0.0, 0.0, 0.0, 0.0, 0.0, 0.0, 0.0, 0.0, 0.0, 0.0, 0.0, 0.0, 0.0, 0.0, 0.0, 0.0, 0.0, 0.0, 0.0, 0.0, 0.0, 0.0, 0.0, 0.0, 0.0, 0.0, 0.0, 0.0, 0.0, 0.0, 0.0, 0.0, 0.0, 0.0, 0.0, 0.0, 0.0, 0.0, 0.0, 0.0, 0.0, 0.0, 0.0, 0.0, 0.0, 0.0, 0.0, 0.0, 0.0, 0.0, 0.0, 0.0, 0.0, 0.0, 0.0, 0.0, 0.0, 0.0, 0.0, 0.0, 0.0, 0.0, 0.0, 0.0, 0.0, 0.0, 0.0, 0.0, 0.0, 0.0, 0.0, 0.0, 0.0, 0.0, 0.0, 0.0, 0.0, 0.0, 0.0, 0.0, 0.0, 0.0, 0.0, 0.0, 0.0, 0.0, 0.0, 0.0, 0.0, 0.0, 0.0, 0.0, 0.0, 0.0, 0.0, 0.0, 0.0, 0.0, 0.0, 0.0, 0.0, 0.0, 0.0, 0.0, 0.0, 0.0, 0.0, 0.0, 0.0, 0.0, 0.0, 0.0, 0.0, 0.0, 0.0, 0.0, 0.0, 0.0, 0.0, 0.0, 0.0, 0.0, 0.0, 0.0, 0.0, 0.0, 0.0]",0.5,0.5,0,"[33, 25, 0, 0, 0, 0, 0, 0, 0, 0, 0, 0, 0, 0, 0, 0, 0, 0, 0, 0, 0, 0, 0, 0, 0, 0, 0, 0, 0, 0, 0, 0, 0, 0, 0, 0, 0, 0, 0, 0, 0, 0, 0, 0, 0, 0, 0, 0, 0, 0, 0, 0, 0, 0, 0, 0, 0, 0, 0, 0, 0, 0, 0, 0, 0, 0, 0, 0, 0, 0, 0, 0, 0, 0, 0, 0, 0, 0, 0, 0, 0, 0, 0, 0, 0, 0, 0, 0, 0, 0, 0, 0, 0, 0, 0, 0, 0, 0, 0, 0, 0, 0, 0, 0, 0, 0, 0, 0, 0, 0, 0, 0, 0, 0, 0, 0, 0, 0, 0, 0, 0, 0, 0, 0, 0, 0, 0, 0, 0, 0, 0, 0, 0, 0, 0, 0, 0, 0, 0, 0, 0, 0, 0, 0, 0, 0, 0, 0, 0, 0, 0, 0, 0, 0, 0, 0, 0, 0, 0, 0, 0, 0, 0, 0, 0, 0, 0, 0, 0, 0, 0, 0, 0, 0, 0, 0, 0, 0, 0, 0, 0, 0, 0, 0, 0, 0, 0, 0, 0, 0, 0, 0, 0, 0, 0, 0, 0, 0, 0, 0, 0, 0, 0, 0, 0, 0, 0, 0, 0, 0, 0, 0, 0, 0, 0, 0, 0, 0, 0, 0, 0, 0, 0, 0, 0, 0, 0, 0, 0, 0, 0, 0, 0, 0, 0, 0, 0, 0, 0, 0, 0, 0, 0, 0, 0, 0, 0, 0, 0, 0, 0, 0, 0, 0, 0, 0, 0, 0, 0, 0, 0, 0, 0, 0, 0, 0, 0, 0, 0, 0, 0, 0, 0, 0, 0, 0, 0, 0, 0, 0, 0, 0, 0, 0, 0, 0, 0, 0, 0, 0, 0, 0, 0, 0, 0, 0, 0, 0, 0, 0, 0, 0, 0, 0, 0, 0, 0, 0, 0, 0, 0, 0, 0, 0, 0, 0, 0, 0, 0, 0, 0, 0, 0, 0, 0, 0, 0, 0, 0, 0, 0, 0, 0, 0, 0, 0, 0, 0, 0, 0, 0, 0, 0, 0, 0, 0, 0, 0, 0, 0, 0, 0, 0, 0, 0, 0, 0, 0, 0, 0, 0, 0, 0, 0, 0, 0, 0, 0, 0, 0, 0, 0, 0, 0, 0, 0, 0, 0, 0, 0, 0, 0, 0, 0, 0, 0, 0, 0, 0, 0, 0, 0, 0, 0, 0, 0, 0, 0, 0, 0, 0, 0, 0, 0, 0, 0, 0, 0, 0, 0, 0, 0, 0, 0, 0, 0, 0, 0, 0, 0]",420,"[0.4485125243663788, 3.0373244285583496, 2.269723892211914, 1.5275229215621948, 3.8239080905914307, 2.8052279949188232, 2.374131441116333, 4.860912322998047, 0.6876226663589478, 2.477515459060669, 4.86738395690918, 1.0242297649383545, 0.665474534034729, 2.447197914123535, 4.664653778076172, 0.8298874497413635, 1.7207223176956177, 3.0430915355682373, 0.7897906303405762, 2.1288325786590576, 0.8032630681991577, 0.8392160534858704, 0.6384307742118835, 0.41200095415115356, 4.6199140548706055, 0.6156370043754578, 3.241867780685425, 0.4288909137248993, 1.9407521486282349, 0.9643328189849854, 0.41067469120025635, 2.680532217025757, 2.426651954650879, 4.184634685516357, 0.7368578910827637, 3.4087822437286377, 2.335803508758545, 4.86102294921875, 1.128862738609314, 4.381353378295898, 0.6166260242462158, 3.4500420093536377, 2.392418146133423, 1.9316728115081787, 1.5235710144042969, 3.1526598930358887, 0.6818834543228149, 3.009960412979126, 1.826710820198059, 2.956007480621338, 2.138012409210205, 0.6232476830482483, 1.065575122833252, 0.40806442499160767, 0.5372840762138367, 4.479000091552734, 0.7085710167884827, 2.2024741172790527, 2.1699447631835938, 1.9482578039169312, 1.3479706048965454, 3.1783447265625, 0.4992050230503082, 3.551957130432129, 3.0474443435668945, 2.374053955078125, 1.6529861688613892, 3.37092661857605, 1.6823326349258423, 1.967379093170166, 1.2979861497879028, 3.0549774169921875, 1.2564085721969604, 2.6785640716552734, 2.2367396354675293, 5.187521934509277, 1.504277229309082, 3.59633207321167, 3.737978458404541, 2.1799912452697754, 0.9929379224777222, 0.5513917207717896, 3.316725492477417, 1.7197433710098267, 1.769324779510498, 3.1122565269470215, 0.4845920503139496, 2.5591464042663574, 4.723431587219238, 0.631640613079071, 2.500669002532959, 4.891317844390869, 1.1150493621826172, 2.4109504222869873, 4.94221305847168, 1.1191538572311401, 4.016500949859619, 0.447825163602829, 3.5438127517700195, 2.7843995094299316, 2.3006911277770996, 0.4166543483734131, 1.2415742874145508, 1.0346994400024414, 0.6568573713302612, 2.825314998626709, 3.420351028442383, 0.5565089583396912, 4.572149276733398, 0.664857804775238, 2.4224424362182617, 4.849428653717041, 0.7957695126533508, 0.7440249919891357, 2.4077179431915283, 4.489476203918457, 0.4179600775241852, 4.256267547607422, 0.4788568615913391, 2.718667507171631, 4.11665153503418, 0.48011457920074463, 2.94195556640625, 1.4590139389038086, 3.425122022628784, 3.3236701488494873, 2.5219900608062744, 4.430290222167969, 0.79787278175354, 1.3378976583480835, 2.4317212104797363, 5.109930038452148, 0.6005309820175171, 3.2793331146240234, 0.5992032885551453, 3.0688250064849854, 0.7366389632225037, 2.221343755722046, 2.1818370819091797, 2.363157272338867, 3.605234146118164, 1.0769916772842407, 0.8339727520942688, 2.161494493484497, 2.2074718475341797, 2.047297954559326, 1.2477872371673584, 1.3262859582901, 2.2203357219696045, 4.184987545013428, 0.43649595975875854, 3.420508623123169, 1.795342206954956, 1.6023935079574585, 3.7079012393951416, 1.1609907150268555, 1.2038836479187012, 2.256666660308838, 1.0703181028366089, 4.902225017547607, 1.4064489603042603, 2.7455666065216064, 4.2223334312438965, 0.4131479561328888, 4.177236557006836, 0.47528085112571716, 2.916552782058716, 2.4569592475891113, 4.54585075378418, 0.7736542224884033, 2.9891269207000732, 1.5433920621871948, 3.567786931991577, 1.1633905172348022, 1.022220253944397, 0.6693589687347412, 2.3759052753448486, 2.580584764480591, 4.652958869934082, 0.6103136539459229, 3.123278856277466, 0.6518686413764954, 0.4662821292877197, 0.6443660259246826, 3.3052916526794434, 1.3343591690063477, 1.0083286762237549, 1.1128697395324707, 1.4389550685882568, 3.7673308849334717, 1.351063847541809, 1.2683465480804443, 3.9717257022857666, 0.7915151715278625, 0.9737988114356995, 0.4761923849582672, 2.132458448410034, 1.993082880973816, 2.0737578868865967, 0.9746426939964294, 0.6747248768806458, 2.6848461627960205, 3.6085495948791504, 1.2735594511032104, 1.1389288902282715, 4.108260631561279, 0.42031192779541016, 2.861210346221924, 3.6309163570404053, 1.2082077264785767, 0.8792937994003296, 0.4697836935520172, 3.975992202758789, 0.41605323553085327, 3.9805877208709717, 0.6448709964752197, 0.40737834572792053, 1.199730396270752, 4.8231401443481445, 1.000637412071228, 0.7242651581764221, 1.6683104038238525, 3.783344030380249, 0.7618865370750427, 1.3835443258285522, 1.41206693649292, 3.6552038192749023, 1.5727813243865967, 1.803236484527588, 2.699272394180298, 4.147105693817139, 0.5780184864997864, 2.7524194717407227, 4.05648946762085, 0.42228585481643677, 3.714243173599243, 2.0677521228790283, 1.9306880235671997, 2.3566343784332275, 4.912283420562744, 1.042768120765686, 0.5400562286376953, 3.2014529705047607, 0.42174845933914185, 4.294463634490967, 0.4097132086753845, 0.8431172370910645, 2.670231819152832, 4.711783409118652, 1.3096566200256348, 4.0020527839660645, 0.42559295892715454, 3.6466596126556396, 1.3732620477676392, 1.4431960582733154, 3.627406120300293, 2.462749719619751, 2.4671170711517334, 4.575490474700928, 0.8024693131446838, 1.8302477598190308, 1.373579502105713, 2.5393118858337402, 4.412819862365723, 0.6911288499832153, 3.1425249576568604, 0.7365949749946594, 2.995673894882202, 1.2773149013519287, 1.3324657678604126, 3.5719618797302246, 1.6101680994033813, 1.798525333404541, 1.9142050743103027, 1.2675856351852417, 1.0282684564590454, 1.5588271617889404, 1.8337384462356567, 2.706618070602417, 3.1451525688171387, 0.8093932867050171, 1.1597758531570435, 0.7042537927627563, 3.214597225189209, 0.7877796292304993, 0.715192973613739, 2.574922800064087, 2.2152063846588135, 3.330808401107788, 1.8049205541610718, 1.7507320642471313, 4.104778289794922, 0.4094938635826111, 1.292837381362915, 1.9249801635742188, 0.9328266978263855, 1.8201510906219482, 1.622839331626892, 3.958170175552368, 0.40906187891960144, 0.9196210503578186, 0.5654330253601074, 3.0990307331085205, 0.45122912526130676, 1.5293755531311035, 3.591391086578369, 0.4302038252353668, 2.6382312774658203, 3.934623956680298, 0.5470336079597473, 4.582086086273193, 0.5113726854324341, 3.0827531814575195, 0.5529189109802246, 2.7516493797302246, 3.6144113540649414, 1.2567048072814941, 1.1555641889572144, 4.217696666717529, 0.4542445242404938, 2.450087070465088, 4.8749895095825195, 1.0056641101837158, 1.476862907409668, 1.3102662563323975, 0.41187870502471924, 2.663142681121826, 3.9796369075775146, 0.9177798628807068, 0.4636209011077881, 2.7855210304260254, 4.197993278503418, 0.4713362455368042, 3.1521542072296143, 0.4548717141151428, 2.718611717224121, 3.867913246154785, 0.8100473880767822, 0.4833822548389435, 4.807586669921875, 0.9851828813552856, 0.8225171566009521, 0.41637688875198364, 2.9079272747039795, 2.4504125118255615, 4.978827476501465, 1.062440037727356, 0.41983819007873535, 0.5451406240463257, 2.8246405124664307, 3.7495126724243164, 1.211523175239563, 1.3984380960464478, 4.133688449859619, 0.4318193197250366, 2.55129337310791, 4.082681655883789, 0.4341832399368286, 3.858635902404785, 0.8373860716819763, 1.1010204553604126, 0.5384849309921265, 2.3403749465942383, 4.823719501495361, 1.2344825267791748, 2.1878342628479004, 3.3604063987731934, 3.2545812129974365, 2.33442759513855, 4.474246501922607, 0.5006275177001953, 2.3390252590179443, 4.900817394256592, 0.6228427886962891, 2.773360013961792, 3.2253246307373047, 0.44246283173561096, 2.4666664600372314, 4.967632293701172, 0.865754246711731, 1.3712583780288696, 3.583824872970581, 0.41092559695243835, 3.1640355587005615, 0.44258034229278564, 1.6130225658416748, 3.80012845993042, 0.6074804663658142, 1.0827445983886719, 2.68354868888855, 2.097158432006836, 0.5756332874298096, 3.0474822521209717, 0.9959375262260437, 1.2122269868850708, 1.3973101377487183, 3.802663564682007, 0.46104446053504944, 0.5584065914154053, 4.081201076507568, 0.4072917103767395, 3.2710559368133545, 0.6401939392089844, 1.498590111732483, 1.5256805419921875, 4.140904426574707, 0.49724334478378296, 2.5971221923828125, 4.4953179359436035, 0.41239503026008606, 0.4596575200557709, 2.184375524520874, 1.4346814155578613, 2.3564560413360596, 4.808359146118164, 1.032476544380188, 1.4167453050613403, 1.4142799377441406, 3.681758403778076, 1.251853346824646]",0.0,"[33.0, 25.0, 0.0, 0.0, 0.0, 0.0, 0.0, 0.0, 0.0, 0.0, 0.0, 0.0, 0.0, 0.0, 0.0, 0.0, 0.0, 0.0, 0.0, 0.0, 0.0, 0.0, 0.0, 0.0, 0.0, 0.0, 0.0, 0.0, 0.0, 0.0, 0.0, 0.0, 0.0, 0.0, 0.0, 0.0, 0.0, 0.0, 0.0, 0.0, 0.0, 0.0, 0.0, 0.0, 0.0, 0.0, 0.0, 0.0, 0.0, 0.0, 0.0, 0.0, 0.0, 0.0, 0.0, 0.0, 0.0, 0.0, 0.0, 0.0, 0.0, 0.0, 0.0, 0.0, 0.0, 0.0, 0.0, 0.0, 0.0, 0.0, 0.0, 0.0, 0.0, 0.0, 0.0, 0.0, 0.0, 0.0, 0.0, 0.0, 0.0, 0.0, 0.0, 0.0, 0.0, 0.0, 0.0, 0.0, 0.0, 0.0, 0.0, 0.0, 0.0, 0.0, 0.0, 0.0, 0.0, 0.0, 0.0, 0.0, 0.0, 0.0, 0.0, 0.0, 0.0, 0.0, 0.0, 0.0, 0.0, 0.0, 0.0, 0.0, 0.0, 0.0, 0.0, 0.0, 0.0, 0.0, 0.0, 0.0, 0.0, 0.0, 0.0, 0.0, 0.0, 0.0, 0.0, 0.0, 0.0, 0.0, 0.0, 0.0, 0.0, 0.0, 0.0, 0.0, 0.0, 0.0, 0.0, 0.0, 0.0, 0.0, 0.0, 0.0, 0.0, 0.0, 0.0, 0.0, 0.0, 0.0, 0.0, 0.0, 0.0, 0.0, 0.0, 0.0, 0.0, 0.0, 0.0, 0.0, 0.0, 0.0, 0.0, 0.0, 0.0, 0.0, 0.0, 0.0, 0.0, 0.0, 0.0, 0.0, 0.0, 0.0, 0.0, 0.0, 0.0, 0.0, 0.0, 0.0, 0.0, 0.0, 0.0, 0.0, 0.0, 0.0, 0.0, 0.0, 0.0, 0.0, 0.0, 0.0, 0.0, 0.0, 0.0, 0.0, 0.0, 0.0, 0.0, 0.0, 0.0, 0.0, 0.0, 0.0, 0.0, 0.0, 0.0, 0.0, 0.0, 0.0, 0.0, 0.0, 0.0, 0.0, 0.0, 0.0, 0.0, 0.0, 0.0, 0.0, 0.0, 0.0, 0.0, 0.0, 0.0, 0.0, 0.0, 0.0, 0.0, 0.0, 0.0, 0.0, 0.0, 0.0, 0.0, 0.0, 0.0, 0.0, 0.0, 0.0, 0.0, 0.0, 0.0, 0.0, 0.0, 0.0, 0.0, 0.0, 0.0, 0.0, 0.0, 0.0, 0.0, 0.0, 0.0, 0.0, 0.0, 0.0, 0.0, 0.0, 0.0, 0.0, 0.0, 0.0, 0.0, 0.0, 0.0, 0.0, 0.0, 0.0, 0.0, 0.0, 0.0, 0.0, 0.0, 0.0, 0.0, 0.0, 0.0, 0.0, 0.0, 0.0, 0.0, 0.0, 0.0, 0.0, 0.0, 0.0, 0.0, 0.0, 0.0, 0.0, 0.0, 0.0, 0.0, 0.0, 0.0, 0.0, 0.0, 0.0, 0.0, 0.0, 0.0, 0.0, 0.0, 0.0, 0.0, 0.0, 0.0, 0.0, 0.0, 0.0, 0.0, 0.0, 0.0, 0.0, 0.0, 0.0, 0.0, 0.0, 0.0, 0.0, 0.0, 0.0, 0.0, 0.0, 0.0, 0.0, 0.0, 0.0, 0.0, 0.0, 0.0, 0.0, 0.0, 0.0, 0.0, 0.0, 0.0, 0.0, 0.0, 0.0, 0.0, 0.0, 0.0, 0.0, 0.0, 0.0, 0.0, 0.0, 0.0, 0.0, 0.0, 0.0, 0.0, 0.0, 0.0, 0.0, 0.0, 0.0, 0.0, 0.0, 0.0, 0.0, 0.0, 0.0, 0.0, 0.0, 0.0, 0.0, 0.0, 0.0, 0.0, 0.0, 0.0, 0.0, 0.0, 0.0, 0.0, 0.0, 0.0, 0.0, 0.0, 0.0, 0.0, 0.0, 0.0, 0.0, 0.0, 0.0, 0.0, 0.0, 0.0, 0.0, 0.0, 0.0, 0.0, 0.0, 0.0, 0.0, 0.0, 0.0, 0.0, 0.0, 0.0, 0.0, 0.0, 0.0, 0.0, 0.0, 0.0, 0.0, 0.0, 0.0, 0.0, 0.0, 0.0, 0.0, 0.0, 0.0]",COMPLETE
