,number,value,datetime_start,datetime_complete,duration,params_batch_size_scaler,params_constant_learning_rate,params_depth,params_epochs,params_kernel_l2,params_num_trees,params_temperature,user_attrs_accuracy_test,user_attrs_accuracy_valid,user_attrs_approximate_feature_sparsity,user_attrs_approximate_feature_sparsity_history,user_attrs_approximate_weight_sparsity,user_attrs_approximate_weight_sparsity_history,user_attrs_auc_test,user_attrs_auc_valid,user_attrs_feature_sparsity,user_attrs_feature_sparsity_history,user_attrs_num_epochs,user_attrs_val_loss_history,user_attrs_weight_sparsity,user_attrs_weight_sparsity_history,state
90,90,0.9116590022027282,2024-08-31 04:15:03.395917,2024-08-31 04:16:19.495635,0 days 00:01:16.099718,64,2.385413250731804,5,275,0.0036322461009791465,44,0.0007197978034464122,0.932,0.9275,13,"[33, 33, 33, 33, 33, 33, 33, 33, 33, 33, 33, 33, 33, 33, 33, 33, 33, 33, 33, 33, 33, 33, 33, 33, 33, 33, 33, 33, 33, 33, 33, 33, 33, 33, 33, 33, 33, 33, 33, 33, 33, 33, 33, 33, 33, 33, 33, 33, 32, 29, 28, 25, 24, 23, 23, 22, 21, 21, 21, 21, 21, 20, 19, 19, 17, 17, 17, 17, 17, 16, 16, 16, 16, 16, 16, 16, 16, 16, 16, 16, 16, 16, 16, 16, 16, 16, 16, 16, 16, 16, 16, 16, 16, 16, 16, 16, 16, 16, 16, 16, 16, 16, 16, 16, 16, 16, 16, 16, 16, 16, 16, 16, 16, 16, 16, 16, 16, 16, 16, 16, 16, 16, 16, 16, 16, 16, 16, 16, 16, 16, 16, 16, 16, 16, 16, 16, 16, 16, 16, 16, 16, 16, 16, 16, 16, 16, 16, 16, 16, 16, 16, 15, 15, 15, 15, 15, 15, 15, 15, 15, 15, 15, 15, 15, 15, 15, 15, 15, 15, 15, 15, 15, 15, 15, 15, 15, 15, 15, 15, 15, 15, 15, 15, 15, 15, 15, 15, 15, 15, 15, 15, 15, 15, 15, 15, 15, 15, 15, 15, 15, 15, 15, 15, 15, 14, 14, 14, 14, 13, 13, 13, 13, 13, 13, 13, 13, 13, 13, 13, 13, 13, 13, 13, 13, 13, 13, 13, 13, 13, 13, 13, 13, 13, 13, 13, 13, 13, 13, 13, 13, 13, 13, 13, 13, 13, 13, 13, 13, 13, 13, 13, 13, 13, 13, 13, 13, 13, 13, 13, 13, 13, 13, 13, 13, 13, 13, 13, 13, 13, 13, 13, 13, 13, 13, 13]",12.983870967741934,"[32.95014662756598, 32.94648093841642, 32.95381231671554, 32.94648093841642, 32.95161290322581, 32.95527859237537, 32.94868035190616, 32.94134897360704, 32.95234604105572, 32.95234604105572, 32.961876832844574, 32.95161290322581, 32.9508797653959, 32.955278592375365, 32.943548387096776, 32.941348973607035, 32.9508797653959, 32.95454545454545, 32.94428152492669, 32.955278592375365, 32.95161290322581, 32.95821114369502, 32.94868035190616, 32.95967741935484, 32.957478005865106, 32.95967741935484, 32.950146627565985, 32.9508797653959, 32.95161290322581, 32.95454545454545, 32.95601173020528, 32.95161290322581, 32.9574780058651, 32.95161290322581, 32.95821114369501, 32.95821114369502, 32.95821114369502, 32.956011730205276, 32.943548387096776, 32.95821114369502, 32.957478005865106, 32.9450146627566, 32.956011730205276, 32.95014662756598, 32.948680351906155, 32.95454545454545, 32.95234604105572, 32.9574780058651, 31.956744868035187, 28.961143695014663, 27.962609970674485, 24.969941348973606, 23.97140762463343, 22.958944281524925, 22.966275659824046, 21.969208211143695, 20.973607038123166, 20.978739002932553, 20.964809384164223, 20.97434017595308, 20.972873900293255, 19.97287390029325, 18.977272727272727, 18.98020527859238, 16.975073313782993, 16.97873900293255, 16.973607038123166, 16.972140762463344, 16.976539589442815, 15.976539589442815, 15.980205278592376, 15.980205278592374, 15.978005865102642, 15.979472140762462, 15.97507331378299, 15.975806451612904, 15.973607038123168, 15.978005865102636, 15.974340175953078, 15.969208211143695, 15.967741935483872, 15.977272727272727, 15.972140762463344, 15.976539589442815, 15.97507331378299, 15.978739002932551, 15.978005865102642, 15.976539589442815, 15.972873900293253, 15.982404692082111, 15.980938416422287, 15.978005865102642, 15.980938416422285, 15.974340175953078, 15.980938416422287, 15.974340175953078, 15.978739002932551, 15.9816715542522, 15.975806451612904, 15.978005865102638, 15.979472140762462, 15.973607038123168, 15.979472140762464, 15.976539589442813, 15.980938416422289, 15.973607038123168, 15.980205278592376, 15.9816715542522, 15.983137829912025, 15.974340175953081, 15.977272727272727, 15.976539589442815, 15.97800586510264, 15.975806451612904, 15.976539589442815, 15.971407624633432, 15.972873900293255, 15.97800586510264, 15.97434017595308, 15.976539589442815, 15.975073313782989, 15.972140762463344, 15.974340175953081, 15.975806451612904, 15.973607038123168, 15.975073313782993, 15.979472140762462, 15.979472140762464, 15.978739002932553, 15.975806451612902, 15.971407624633432, 15.974340175953081, 15.980205278592376, 15.97800586510264, 15.978739002932551, 15.980205278592377, 15.983870967741936, 15.980938416422287, 15.977272727272727, 15.976539589442815, 15.978005865102642, 15.980938416422287, 15.97800586510264, 15.976539589442815, 15.98240469208211, 15.97507331378299, 15.984604105571847, 15.981671554252202, 15.97800586510264, 15.978005865102642, 15.980938416422287, 14.977272727272727, 14.976539589442815, 14.975806451612902, 14.975073313782993, 14.97507331378299, 14.975806451612904, 14.97434017595308, 14.977272727272727, 14.976539589442817, 14.980205278592376, 14.980938416422287, 14.977272727272728, 14.980938416422287, 14.980938416422287, 14.978005865102638, 14.977272727272727, 14.979472140762464, 14.978005865102642, 14.97434017595308, 14.986070381231672, 14.985337243401759, 14.98607038123167, 14.983137829912025, 14.983137829912025, 14.981671554252198, 14.985337243401759, 14.980938416422287, 14.978739002932551, 14.980205278592376, 14.983870967741936, 14.984604105571846, 14.988269794721408, 14.980938416422287, 14.976539589442815, 14.980938416422285, 14.983870967741936, 14.982404692082111, 14.975806451612902, 14.983137829912025, 14.984604105571847, 14.978005865102638, 14.98533724340176, 14.981671554252198, 14.978005865102642, 14.980938416422285, 14.980205278592376, 14.980205278592376, 14.983870967741936, 14.980205278592376, 14.980205278592374, 14.982404692082113, 14.983870967741936, 14.978005865102638, 13.984604105571847, 13.98533724340176, 13.983137829912025, 13.980205278592376, 12.982404692082113, 12.9816715542522, 12.983137829912025, 12.984604105571846, 12.986070381231674, 12.985337243401759, 12.989002932551319, 12.986070381231672, 12.98533724340176, 12.986803519061583, 12.980938416422287, 12.98607038123167, 12.982404692082111, 12.982404692082111, 12.986803519061585, 12.986070381231672, 12.984604105571846, 12.982404692082111, 12.982404692082111, 12.982404692082111, 12.980938416422287, 12.98900293255132, 12.983137829912023, 12.983137829912025, 12.980205278592376, 12.98240469208211, 12.979472140762464, 12.977272727272727, 12.981671554252198, 12.980205278592374, 12.980938416422287, 12.984604105571847, 12.981671554252198, 12.980938416422287, 12.983137829912021, 12.983137829912021, 12.983137829912021, 12.986803519061583, 12.98900293255132, 12.986070381231672, 12.989002932551319, 12.987536656891495, 12.989736070381232, 12.986803519061583, 12.982404692082111, 12.987536656891495, 12.98533724340176, 12.986070381231672, 12.983137829912023, 12.987536656891495, 12.977272727272727, 12.986803519061585, 12.982404692082113, 12.983137829912023, 12.981671554252198, 12.98900293255132, 12.980938416422285, 12.986070381231672, 12.986070381231672, 12.987536656891495, 12.983137829912023, 12.986070381231672, 12.984604105571847, 12.989002932551317, 12.98533724340176, 12.984604105571847, 12.983870967741934]",0.9133909626070229,0.9116590022027282,13,"[33, 33, 33, 33, 33, 33, 33, 33, 33, 33, 33, 33, 33, 33, 33, 33, 33, 33, 33, 33, 33, 33, 33, 33, 33, 33, 33, 33, 33, 33, 33, 33, 33, 33, 33, 33, 33, 33, 33, 33, 33, 33, 33, 33, 33, 33, 33, 33, 32, 29, 28, 25, 24, 23, 23, 22, 21, 21, 21, 21, 21, 20, 19, 19, 17, 17, 17, 17, 17, 16, 16, 16, 16, 16, 16, 16, 16, 16, 16, 16, 16, 16, 16, 16, 16, 16, 16, 16, 16, 16, 16, 16, 16, 16, 16, 16, 16, 16, 16, 16, 16, 16, 16, 16, 16, 16, 16, 16, 16, 16, 16, 16, 16, 16, 16, 16, 16, 16, 16, 16, 16, 16, 16, 16, 16, 16, 16, 16, 16, 16, 16, 16, 16, 16, 16, 16, 16, 16, 16, 16, 16, 16, 16, 16, 16, 16, 16, 16, 16, 16, 16, 15, 15, 15, 15, 15, 15, 15, 15, 15, 15, 15, 15, 15, 15, 15, 15, 15, 15, 15, 15, 15, 15, 15, 15, 15, 15, 15, 15, 15, 15, 15, 15, 15, 15, 15, 15, 15, 15, 15, 15, 15, 15, 15, 15, 15, 15, 15, 15, 15, 15, 15, 15, 15, 14, 14, 14, 14, 13, 13, 13, 13, 13, 13, 13, 13, 13, 13, 13, 13, 13, 13, 13, 13, 13, 13, 13, 13, 13, 13, 13, 13, 13, 13, 13, 13, 13, 13, 13, 13, 13, 13, 13, 13, 13, 13, 13, 13, 13, 13, 13, 13, 13, 13, 13, 13, 13, 13, 13, 13, 13, 13, 13, 13, 13, 13, 13, 13, 13, 13, 13, 13, 13, 13, 13]",275,"[0.3933221399784088, 0.3781777322292328, 0.3724862039089203, 0.36802130937576294, 0.36476436257362366, 0.3620586097240448, 0.3616255521774292, 0.3609820306301117, 0.35860270261764526, 0.36410340666770935, 0.353725790977478, 0.349570631980896, 0.34872254729270935, 0.3472107946872711, 0.3413798213005066, 0.33924630284309387, 0.3357897102832794, 0.3343365788459778, 0.3314233720302582, 0.3326677083969116, 0.3269304931163788, 0.3230458199977875, 0.321300745010376, 0.32310745120048523, 0.3249869644641876, 0.3159533143043518, 0.31549930572509766, 0.308309942483902, 0.3106018006801605, 0.31297940015792847, 0.3014870882034302, 0.29937973618507385, 0.2974134087562561, 0.2944229543209076, 0.29384952783584595, 0.2871425449848175, 0.2813838720321655, 0.2825232744216919, 0.28868818283081055, 0.2726489007472992, 0.2708938717842102, 0.27094602584838867, 0.2688899636268616, 0.26216432452201843, 0.2638319432735443, 0.26312336325645447, 0.26077526807785034, 0.2619042694568634, 0.25948062539100647, 0.25833338499069214, 0.2547169327735901, 0.25053584575653076, 0.2485760897397995, 0.2476833313703537, 0.246428444981575, 0.2449893057346344, 0.24245786666870117, 0.2367241084575653, 0.23590931296348572, 0.23736795783042908, 0.23333854973316193, 0.2486906200647354, 0.24066883325576782, 0.235573410987854, 0.2361302226781845, 0.2372877150774002, 0.23160091042518616, 0.22956682741641998, 0.22936278581619263, 0.22981584072113037, 0.23029111325740814, 0.22813533246517181, 0.23811975121498108, 0.22592729330062866, 0.22750455141067505, 0.22481337189674377, 0.22474458813667297, 0.22296184301376343, 0.22191192209720612, 0.21881751716136932, 0.21890822052955627, 0.21935784816741943, 0.21986865997314453, 0.22111272811889648, 0.2218783050775528, 0.21773527562618256, 0.2178679257631302, 0.2151174396276474, 0.21468579769134521, 0.21751798689365387, 0.21444949507713318, 0.21215982735157013, 0.20766860246658325, 0.21108970046043396, 0.21691018342971802, 0.20877084136009216, 0.2123054713010788, 0.21476417779922485, 0.21657167375087738, 0.20881609618663788, 0.21117013692855835, 0.20703433454036713, 0.20769883692264557, 0.20477335155010223, 0.2039738893508911, 0.20505808293819427, 0.2061978131532669, 0.20483310520648956, 0.2008809596300125, 0.200473353266716, 0.20240861177444458, 0.20074254274368286, 0.21268238127231598, 0.20267409086227417, 0.20141854882240295, 0.1980259269475937, 0.1982559710741043, 0.19744625687599182, 0.1996074616909027, 0.19490663707256317, 0.198414146900177, 0.1991191804409027, 0.1957271695137024, 0.19289150834083557, 0.1979009509086609, 0.20445586740970612, 0.19800017774105072, 0.1967300921678543, 0.19580329954624176, 0.19885343313217163, 0.19787202775478363, 0.19413895905017853, 0.1960463970899582, 0.19575613737106323, 0.2027711421251297, 0.19037003815174103, 0.19454050064086914, 0.20116405189037323, 0.1924668252468109, 0.19356189668178558, 0.1924605518579483, 0.1973322033882141, 0.19372016191482544, 0.19187776744365692, 0.19220499694347382, 0.19378983974456787, 0.1921652853488922, 0.19249862432479858, 0.19282466173171997, 0.19041121006011963, 0.18744909763336182, 0.2088317722082138, 0.20145446062088013, 0.2109491229057312, 0.19650092720985413, 0.19416700303554535, 0.19086356461048126, 0.1872996687889099, 0.19142219424247742, 0.1907462626695633, 0.18852783739566803, 0.18969522416591644, 0.20907540619373322, 0.20882076025009155, 0.19589099287986755, 0.18980064988136292, 0.18978184461593628, 0.18733328580856323, 0.18683257699012756, 0.19526681303977966, 0.18623016774654388, 0.20582152903079987, 0.18570075929164886, 0.19107817113399506, 0.18730764091014862, 0.21120679378509521, 0.18766607344150543, 0.1854272037744522, 0.18549858033657074, 0.18706685304641724, 0.18671859800815582, 0.18712662160396576, 0.1930386871099472, 0.1861652433872223, 0.18836234509944916, 0.18510228395462036, 0.18694467842578888, 0.18391317129135132, 0.185334250330925, 0.19014595448970795, 0.18737131357192993, 0.18571166694164276, 0.18526287376880646, 0.1907295286655426, 0.182783305644989, 0.18457430601119995, 0.21020127832889557, 0.18335190415382385, 0.1844116449356079, 0.18165120482444763, 0.18348832428455353, 0.18184587359428406, 0.18060998618602753, 0.17920371890068054, 0.20642544329166412, 0.20493216812610626, 0.2104519009590149, 0.20228949189186096, 0.20633038878440857, 0.20377491414546967, 0.20166173577308655, 0.199717178940773, 0.19990547001361847, 0.2011728435754776, 0.2014094591140747, 0.20225730538368225, 0.20568150281906128, 0.20154085755348206, 0.20448966324329376, 0.21076738834381104, 0.2005452662706375, 0.2040891796350479, 0.20500916242599487, 0.20486409962177277, 0.20321470499038696, 0.20167264342308044, 0.19984842836856842, 0.20287637412548065, 0.20479653775691986, 0.19873780012130737, 0.1997467279434204, 0.1999068707227707, 0.19991834461688995, 0.19940419495105743, 0.19902753829956055, 0.20026908814907074, 0.19950337707996368, 0.20123569667339325, 0.19964458048343658, 0.19922898709774017, 0.20034512877464294, 0.1979917585849762, 0.21633197367191315, 0.1969931721687317, 0.19786089658737183, 0.19829294085502625, 0.1975906491279602, 0.19687236845493317, 0.1997780054807663, 0.1972338855266571, 0.19787731766700745, 0.19776062667369843, 0.19739902019500732, 0.20308515429496765, 0.19748137891292572, 0.21216565370559692, 0.19921649992465973, 0.19847595691680908, 0.20049233734607697, 0.19615906476974487, 0.22459134459495544, 0.20491820573806763, 0.1981143057346344, 0.19803494215011597, 0.19837670028209686, 0.1988143026828766, 0.1980706751346588, 0.20085884630680084, 0.20524373650550842, 0.20355935394763947, 0.19700774550437927, 0.19561147689819336, 0.19432860612869263, 0.19374117255210876, 0.1969526708126068]",13.0,"[33.0, 33.0, 33.0, 33.0, 33.0, 33.0, 33.0, 33.0, 33.0, 33.0, 33.0, 33.0, 33.0, 33.0, 33.0, 33.0, 33.0, 33.0, 33.0, 33.0, 33.0, 33.0, 33.0, 33.0, 33.0, 33.0, 33.0, 33.0, 33.0, 33.0, 33.0, 33.0, 33.0, 33.0, 33.0, 33.0, 33.0, 33.0, 33.0, 33.0, 33.0, 33.0, 33.0, 33.0, 33.0, 33.0, 33.0, 33.0, 32.0, 29.0, 28.0, 25.0, 24.0, 23.0, 23.0, 22.0, 21.0, 21.0, 21.0, 21.0, 21.0, 20.0, 19.0, 19.0, 17.0, 17.0, 17.0, 17.0, 17.0, 16.0, 16.0, 16.0, 16.0, 16.0, 16.0, 16.0, 16.0, 16.0, 16.0, 16.0, 16.0, 16.0, 16.0, 16.0, 16.0, 16.0, 16.0, 16.0, 16.0, 16.0, 16.0, 16.0, 16.0, 16.0, 16.0, 16.0, 16.0, 16.0, 16.0, 16.0, 16.0, 16.0, 16.0, 16.0, 16.0, 16.0, 16.0, 16.0, 16.0, 16.0, 16.0, 16.0, 16.0, 16.0, 16.0, 16.0, 16.0, 16.0, 16.0, 16.0, 16.0, 16.0, 16.0, 16.0, 16.0, 16.0, 16.0, 16.0, 16.0, 16.0, 16.0, 16.0, 16.0, 16.0, 16.0, 16.0, 16.0, 16.0, 16.0, 16.0, 16.0, 16.0, 16.0, 16.0, 16.0, 16.0, 16.0, 16.0, 16.0, 16.0, 16.0, 15.0, 15.0, 15.0, 15.0, 15.0, 15.0, 15.0, 15.0, 15.0, 15.0, 15.0, 15.0, 15.0, 15.0, 15.0, 15.0, 15.0, 15.0, 15.0, 15.0, 15.0, 15.0, 15.0, 15.0, 15.0, 15.0, 15.0, 15.0, 15.0, 15.0, 15.0, 15.0, 15.0, 15.0, 15.0, 15.0, 15.0, 15.0, 15.0, 15.0, 15.0, 15.0, 15.0, 15.0, 15.0, 15.0, 15.0, 15.0, 15.0, 15.0, 15.0, 15.0, 15.0, 14.0, 14.0, 14.0, 14.0, 13.0, 13.0, 13.0, 13.0, 13.0, 13.0, 13.0, 13.0, 13.0, 13.0, 13.0, 13.0, 13.0, 13.0, 13.0, 13.0, 13.0, 13.0, 13.0, 13.0, 13.0, 13.0, 13.0, 13.0, 13.0, 13.0, 13.0, 13.0, 13.0, 13.0, 13.0, 13.0, 13.0, 13.0, 13.0, 13.0, 13.0, 13.0, 13.0, 13.0, 13.0, 13.0, 13.0, 13.0, 13.0, 13.0, 13.0, 13.0, 13.0, 13.0, 13.0, 13.0, 13.0, 13.0, 13.0, 13.0, 13.0, 13.0, 13.0, 13.0, 13.0, 13.0, 13.0, 13.0, 13.0, 13.0, 13.0]",COMPLETE
