,number,value,datetime_start,datetime_complete,duration,params_batch_size_scaler,params_constant_learning_rate,params_depth,params_epochs,params_kernel_l2,params_num_trees,params_temperature,user_attrs_accuracy_test,user_attrs_accuracy_valid,user_attrs_approximate_feature_sparsity,user_attrs_approximate_feature_sparsity_history,user_attrs_approximate_weight_sparsity,user_attrs_approximate_weight_sparsity_history,user_attrs_auc_test,user_attrs_auc_valid,user_attrs_feature_sparsity,user_attrs_feature_sparsity_history,user_attrs_num_epochs,user_attrs_val_loss_history,user_attrs_weight_sparsity,user_attrs_weight_sparsity_history,state
88,88,0.8432842550012237,2024-08-31 04:12:17.032041,2024-08-31 04:12:37.876891,0 days 00:00:20.844850,16,0.0988438322039874,2,75,0.005947919043609216,78,0.010413401403211984,0.877,0.87375,33,"[33, 33, 33, 33, 33, 33, 33, 33, 33, 33, 33, 33, 33, 33, 33, 33, 33, 33, 33, 33, 33, 33, 33, 33, 33, 33, 33, 33, 33, 33, 33, 33, 33, 33, 33, 33, 33, 33, 33, 33, 33, 33, 33, 33, 33, 33, 33, 33, 33, 33, 33, 33, 33, 33, 33, 33, 33, 33, 33, 33, 33, 33, 33, 33, 33, 33, 33, 33, 33, 33, 33, 33, 33, 33, 33]",32.965811965811966,"[32.97008547008547, 32.98290598290598, 32.97008547008547, 32.98290598290598, 32.97863247863248, 32.97435897435898, 32.97435897435898, 32.98290598290598, 32.98290598290598, 32.97435897435898, 32.97863247863248, 32.995726495726494, 32.97863247863248, 32.97863247863248, 32.97863247863248, 32.98290598290598, 32.98290598290598, 32.98717948717949, 32.99145299145299, 32.99145299145299, 32.99145299145299, 32.98717948717949, 32.98717948717949, 32.98290598290598, 32.97863247863248, 32.98290598290598, 32.99145299145299, 32.99145299145299, 32.97863247863248, 32.97008547008547, 32.97863247863248, 32.97435897435897, 32.97863247863248, 32.97863247863248, 32.98290598290598, 32.98717948717949, 32.97008547008547, 32.957264957264954, 32.97863247863248, 32.98717948717949, 32.97008547008547, 32.97435897435898, 32.98290598290598, 32.98717948717949, 32.97008547008547, 32.97863247863248, 32.97435897435898, 32.98290598290598, 32.97863247863248, 32.97863247863248, 32.98717948717949, 32.98290598290598, 32.98717948717949, 32.97863247863248, 32.97863247863248, 32.98717948717949, 32.97008547008547, 32.965811965811966, 32.98290598290598, 32.97863247863248, 32.98290598290598, 32.98290598290598, 32.97863247863248, 32.98290598290598, 32.98717948717949, 32.97008547008547, 32.952991452991455, 32.97008547008547, 32.965811965811966, 32.97435897435898, 32.98290598290598, 32.965811965811966, 32.98290598290598, 32.97435897435898, 32.965811965811966]",0.8482896985609195,0.8432842550012237,33,"[33, 33, 33, 33, 33, 33, 33, 33, 33, 33, 33, 33, 33, 33, 33, 33, 33, 33, 33, 33, 33, 33, 33, 33, 33, 33, 33, 33, 33, 33, 33, 33, 33, 33, 33, 33, 33, 33, 33, 33, 33, 33, 33, 33, 33, 33, 33, 33, 33, 33, 33, 33, 33, 33, 33, 33, 33, 33, 33, 33, 33, 33, 33, 33, 33, 33, 33, 33, 33, 33, 33, 33, 33, 33, 33]",75,"[0.4028306305408478, 0.39398154616355896, 0.38808920979499817, 0.38341280817985535, 0.37980136275291443, 0.3771054744720459, 0.3747701644897461, 0.3728228807449341, 0.3712763488292694, 0.3776479959487915, 0.36844563484191895, 0.36790934205055237, 0.3657299876213074, 0.3669207692146301, 0.36397412419319153, 0.36203262209892273, 0.36176854372024536, 0.3599603772163391, 0.3582155108451843, 0.3585609197616577, 0.3576939105987549, 0.3548087775707245, 0.3534824848175049, 0.3526007831096649, 0.35184019804000854, 0.3503931760787964, 0.35075196623802185, 0.34949973225593567, 0.347564697265625, 0.34624701738357544, 0.3452982008457184, 0.3458636999130249, 0.34460994601249695, 0.34241190552711487, 0.34335440397262573, 0.34028545022010803, 0.3397315740585327, 0.33940982818603516, 0.33856093883514404, 0.3369218409061432, 0.3357776999473572, 0.3349989056587219, 0.33613479137420654, 0.33338016271591187, 0.3324671983718872, 0.33149418234825134, 0.3334130346775055, 0.33019477128982544, 0.329814612865448, 0.3281005620956421, 0.3278200924396515, 0.32775557041168213, 0.3259623050689697, 0.3248380720615387, 0.32642653584480286, 0.3234281837940216, 0.3224940001964569, 0.32162970304489136, 0.3220154047012329, 0.32017308473587036, 0.31902405619621277, 0.3179430067539215, 0.31844592094421387, 0.319978266954422, 0.31569427251815796, 0.31553351879119873, 0.31844937801361084, 0.31356173753738403, 0.31134095788002014, 0.3102681636810303, 0.30954378843307495, 0.308322936296463, 0.3078725337982178, 0.30766060948371887, 0.3054916560649872]",33.0,"[33.0, 33.0, 33.0, 33.0, 33.0, 33.0, 33.0, 33.0, 33.0, 33.0, 33.0, 33.0, 33.0, 33.0, 33.0, 33.0, 33.0, 33.0, 33.0, 33.0, 33.0, 33.0, 33.0, 33.0, 33.0, 33.0, 33.0, 33.0, 33.0, 33.0, 33.0, 33.0, 33.0, 33.0, 33.0, 33.0, 33.0, 33.0, 33.0, 33.0, 33.0, 33.0, 33.0, 33.0, 33.0, 33.0, 33.0, 33.0, 33.0, 33.0, 33.0, 33.0, 33.0, 33.0, 33.0, 33.0, 33.0, 33.0, 33.0, 33.0, 33.0, 33.0, 33.0, 33.0, 33.0, 33.0, 33.0, 33.0, 33.0, 33.0, 33.0, 33.0, 33.0, 33.0, 33.0]",COMPLETE
89,89,0.6853318906107096,2024-08-31 04:12:41.683849,2024-08-31 04:15:03.385144,0 days 00:02:21.701295,64,0.025992097373852593,6,160,0.011572726744450385,78,0.006226668139730903,0.859,0.85875,33,"[33, 33, 33, 33, 33, 33, 33, 33, 33, 33, 33, 33, 33, 33, 33, 33, 33, 33, 33, 33, 33, 33, 33, 33, 33, 33, 33, 33, 33, 33, 33, 33, 33, 33, 33, 33, 33, 33, 33, 33, 33, 33, 33, 33, 33, 33, 33, 33, 33, 33, 33, 33, 33, 33, 33, 33, 33, 33, 33, 33, 33, 33, 33, 33, 33, 33, 33, 33, 33, 33, 33, 33, 33, 33, 33, 33, 33, 33, 33, 33, 33, 33, 33, 33, 33, 33, 33, 33, 33, 33, 33, 33, 33, 33, 33, 33, 33, 33, 33, 33, 33, 33, 33, 33, 33, 33, 33, 33, 33, 33, 33, 33, 33, 33, 33, 33, 33, 33, 33, 33, 33, 33, 33, 33, 33, 33, 33, 33, 33, 33, 33, 33, 33, 33, 33, 33, 33, 33, 33, 33, 33, 33, 33, 33, 33, 33, 33, 33, 33, 33, 33, 33, 33, 33, 33, 33, 33, 33, 33, 33]",32.90801790801791,"[32.91086691086691, 32.91066341066341, 32.91147741147741, 32.90964590964591, 32.90801790801791, 32.90862840862841, 32.90720390720391, 32.90659340659341, 32.907814407814406, 32.906389906389904, 32.906389906389904, 32.90455840455841, 32.90455840455841, 32.904761904761905, 32.90557590557591, 32.90598290598291, 32.90659340659341, 32.9039479039479, 32.905779405779406, 32.9059829059829, 32.904151404151406, 32.905372405372404, 32.9045584045584, 32.90618640618641, 32.90618640618641, 32.90700040700041, 32.906796906796906, 32.905779405779406, 32.90577940577941, 32.905372405372404, 32.90516890516891, 32.905779405779406, 32.906389906389904, 32.90516890516891, 32.9045584045584, 32.90598290598291, 32.904761904761905, 32.90516890516891, 32.90761090761091, 32.906796906796906, 32.9086284086284, 32.91005291005291, 32.91229141229141, 32.91127391127391, 32.912494912494914, 32.91330891330892, 32.91025641025641, 32.908424908424905, 32.90761090761091, 32.9065934065934, 32.9055759055759, 32.90496540496541, 32.904761904761905, 32.905779405779406, 32.90598290598291, 32.90618640618641, 32.90598290598291, 32.90903540903541, 32.91005291005291, 32.90984940984941, 32.90903540903541, 32.90822140822141, 32.90923890923891, 32.91005291005291, 32.90944240944241, 32.909442409442406, 32.90781440781441, 32.90720390720391, 32.9059829059829, 32.905779405779406, 32.907407407407405, 32.907407407407405, 32.907814407814406, 32.90659340659341, 32.905372405372404, 32.904761904761905, 32.9051689051689, 32.905779405779406, 32.905779405779406, 32.90516890516891, 32.9049654049654, 32.904761904761905, 32.9045584045584, 32.9055759055759, 32.90659340659341, 32.90557590557591, 32.905779405779406, 32.905779405779406, 32.90618640618641, 32.904761904761905, 32.90354090354091, 32.902116402116405, 32.901709401709404, 32.9008954008954, 32.9004884004884, 32.9023199023199, 32.9008954008954, 32.9015059015059, 32.8992673992674, 32.8990638990639, 32.900691900691896, 32.9013024013024, 32.9002849002849, 32.9002849002849, 32.9006919006919, 32.9008954008954, 32.9023199023199, 32.9006919006919, 32.901709401709404, 32.9013024013024, 32.901709401709404, 32.9008954008954, 32.9002849002849, 32.9002849002849, 32.898656898656895, 32.9000814000814, 32.9004884004884, 32.8998778998779, 32.9013024013024, 32.9008954008954, 32.9019129019129, 32.9029304029304, 32.9045584045584, 32.9045584045584, 32.903744403744405, 32.9033374033374, 32.9049654049654, 32.905372405372404, 32.9051689051689, 32.9055759055759, 32.90598290598291, 32.90618640618641, 32.905779405779406, 32.904761904761905, 32.905372405372404, 32.90496540496541, 32.905779405779406, 32.905779405779406, 32.90700040700041, 32.906389906389904, 32.90720390720391, 32.907407407407405, 32.90923890923891, 32.91045991045991, 32.91066341066341, 32.91045991045991, 32.90984940984941, 32.910459910459906, 32.91025641025641, 32.91107041107041, 32.91107041107041, 32.90964590964591, 32.91025641025641, 32.909849409849414, 32.90862840862841, 32.90883190883191, 32.90822140822141, 32.90883190883191, 32.908424908424905, 32.90801790801791]",0.724213376926824,0.6853318906107096,33,"[33, 33, 33, 33, 33, 33, 33, 33, 33, 33, 33, 33, 33, 33, 33, 33, 33, 33, 33, 33, 33, 33, 33, 33, 33, 33, 33, 33, 33, 33, 33, 33, 33, 33, 33, 33, 33, 33, 33, 33, 33, 33, 33, 33, 33, 33, 33, 33, 33, 33, 33, 33, 33, 33, 33, 33, 33, 33, 33, 33, 33, 33, 33, 33, 33, 33, 33, 33, 33, 33, 33, 33, 33, 33, 33, 33, 33, 33, 33, 33, 33, 33, 33, 33, 33, 33, 33, 33, 33, 33, 33, 33, 33, 33, 33, 33, 33, 33, 33, 33, 33, 33, 33, 33, 33, 33, 33, 33, 33, 33, 33, 33, 33, 33, 33, 33, 33, 33, 33, 33, 33, 33, 33, 33, 33, 33, 33, 33, 33, 33, 33, 33, 33, 33, 33, 33, 33, 33, 33, 33, 33, 33, 33, 33, 33, 33, 33, 33, 33, 33, 33, 33, 33, 33, 33, 33, 33, 33, 33, 33]",160,"[0.6671730279922485, 0.6355963349342346, 0.6077620387077332, 0.5841454863548279, 0.5646929144859314, 0.5469661355018616, 0.531006932258606, 0.5175192952156067, 0.5055639743804932, 0.4949437081813812, 0.4858051538467407, 0.4778450131416321, 0.47015997767448425, 0.4632037878036499, 0.45725691318511963, 0.45200270414352417, 0.44690001010894775, 0.44245103001594543, 0.438457727432251, 0.43496033549308777, 0.43191906809806824, 0.4292542636394501, 0.42677146196365356, 0.42462408542633057, 0.4228089153766632, 0.42083293199539185, 0.4189643859863281, 0.4175563156604767, 0.41636306047439575, 0.4149196743965149, 0.41369330883026123, 0.4127182364463806, 0.4116874039173126, 0.41070592403411865, 0.40968573093414307, 0.4088160991668701, 0.40793463587760925, 0.4071403741836548, 0.40649423003196716, 0.4059098958969116, 0.4052141308784485, 0.40476998686790466, 0.4041841924190521, 0.40371617674827576, 0.40320146083831787, 0.40280306339263916, 0.40237653255462646, 0.4020228981971741, 0.40180110931396484, 0.4013759195804596, 0.4010334312915802, 0.40072211623191833, 0.40049946308135986, 0.4002179205417633, 0.40001213550567627, 0.3997379243373871, 0.39950811862945557, 0.3993031680583954, 0.39905795454978943, 0.3988606929779053, 0.3987239599227905, 0.3985513746738434, 0.39833739399909973, 0.39811941981315613, 0.3979232907295227, 0.39775195717811584, 0.39757460355758667, 0.39741218090057373, 0.3972356915473938, 0.3970613181591034, 0.39692479372024536, 0.39678433537483215, 0.39666545391082764, 0.39652660489082336, 0.39640963077545166, 0.3962928056716919, 0.3961576819419861, 0.39609891176223755, 0.3959648013114929, 0.3958252966403961, 0.3956984281539917, 0.39558088779449463, 0.39546021819114685, 0.3953159749507904, 0.3951970040798187, 0.39505985379219055, 0.39495694637298584, 0.39487579464912415, 0.39475274085998535, 0.3946378231048584, 0.394540399312973, 0.39443427324295044, 0.3943185806274414, 0.39419054985046387, 0.39407771825790405, 0.3939822316169739, 0.39387813210487366, 0.39376527070999146, 0.3936559557914734, 0.3935526907444, 0.39347824454307556, 0.3933882415294647, 0.3933001458644867, 0.3932114541530609, 0.3931201994419098, 0.3930189609527588, 0.39292535185813904, 0.3928240239620209, 0.39272263646125793, 0.3926258981227875, 0.39253389835357666, 0.39244186878204346, 0.39236530661582947, 0.3922721743583679, 0.3921827971935272, 0.3920932710170746, 0.39198553562164307, 0.39188435673713684, 0.39179402589797974, 0.3916928172111511, 0.39159756898880005, 0.3915119171142578, 0.39142635464668274, 0.3913477659225464, 0.391261488199234, 0.3911912441253662, 0.39111024141311646, 0.3910330832004547, 0.39095744490623474, 0.3908669948577881, 0.39078059792518616, 0.3906939625740051, 0.39061883091926575, 0.390534907579422, 0.39044880867004395, 0.3903779983520508, 0.3903082013130188, 0.39022645354270935, 0.3901587426662445, 0.39008069038391113, 0.39000263810157776, 0.3899381756782532, 0.3898720443248749, 0.38979071378707886, 0.38970717787742615, 0.38963431119918823, 0.38955438137054443, 0.389469712972641, 0.38938605785369873, 0.38931041955947876, 0.38923290371894836, 0.38915783166885376, 0.38907966017723083, 0.3890093266963959, 0.38893935084342957, 0.3888762295246124, 0.38879117369651794, 0.3887098431587219, 0.3886444866657257, 0.38858649134635925]",33.0,"[33.0, 33.0, 33.0, 33.0, 33.0, 33.0, 33.0, 33.0, 33.0, 33.0, 33.0, 33.0, 33.0, 33.0, 33.0, 33.0, 33.0, 33.0, 33.0, 33.0, 33.0, 33.0, 33.0, 33.0, 33.0, 33.0, 33.0, 33.0, 33.0, 33.0, 33.0, 33.0, 33.0, 33.0, 33.0, 33.0, 33.0, 33.0, 33.0, 33.0, 33.0, 33.0, 33.0, 33.0, 33.0, 33.0, 33.0, 33.0, 33.0, 33.0, 33.0, 33.0, 33.0, 33.0, 33.0, 33.0, 33.0, 33.0, 33.0, 33.0, 33.0, 33.0, 33.0, 33.0, 33.0, 33.0, 33.0, 33.0, 33.0, 33.0, 33.0, 33.0, 33.0, 33.0, 33.0, 33.0, 33.0, 33.0, 33.0, 33.0, 33.0, 33.0, 33.0, 33.0, 33.0, 33.0, 33.0, 33.0, 33.0, 33.0, 33.0, 33.0, 33.0, 33.0, 33.0, 33.0, 33.0, 33.0, 33.0, 33.0, 33.0, 33.0, 33.0, 33.0, 33.0, 33.0, 33.0, 33.0, 33.0, 33.0, 33.0, 33.0, 33.0, 33.0, 33.0, 33.0, 33.0, 33.0, 33.0, 33.0, 33.0, 33.0, 33.0, 33.0, 33.0, 33.0, 33.0, 33.0, 33.0, 33.0, 33.0, 33.0, 33.0, 33.0, 33.0, 33.0, 33.0, 33.0, 33.0, 33.0, 33.0, 33.0, 33.0, 33.0, 33.0, 33.0, 33.0, 33.0, 33.0, 33.0, 33.0, 33.0, 33.0, 33.0, 33.0, 33.0, 33.0, 33.0, 33.0, 33.0]",COMPLETE
