,number,value,datetime_start,datetime_complete,duration,params_batch_size_scaler,params_constant_learning_rate,params_depth,params_epochs,params_kernel_l2,params_num_trees,params_temperature,user_attrs_accuracy_test,user_attrs_accuracy_valid,user_attrs_approximate_feature_sparsity,user_attrs_approximate_feature_sparsity_history,user_attrs_approximate_weight_sparsity,user_attrs_approximate_weight_sparsity_history,user_attrs_auc_test,user_attrs_auc_valid,user_attrs_feature_sparsity,user_attrs_feature_sparsity_history,user_attrs_num_epochs,user_attrs_val_loss_history,user_attrs_weight_sparsity,user_attrs_weight_sparsity_history,state
121,121,0.5,2024-08-31 05:04:59.531004,2024-08-31 05:08:37.959742,0 days 00:03:38.428738,1,0.5969801987499004,2,415,0.20979781556596702,73,0.03845511909644697,0.859,0.85875,0,"[0, 0, 0, 0, 0, 0, 0, 0, 0, 0, 0, 0, 0, 0, 0, 0, 0, 0, 0, 0, 0, 0, 0, 0, 0, 0, 0, 0, 0, 0, 0, 0, 0, 0, 0, 0, 0, 0, 0, 0, 0, 0, 0, 0, 0, 0, 0, 0, 0, 0, 0, 0, 0, 0, 0, 0, 0, 0, 0, 0, 0, 0, 0, 0, 0, 0, 0, 0, 0, 0, 0, 0, 0, 0, 0, 0, 0, 0, 0, 0, 0, 0, 0, 0, 0, 0, 0, 0, 0, 0, 0, 0, 0, 0, 0, 0, 0, 0, 0, 0, 0, 0, 0, 0, 0, 0, 0, 0, 0, 0, 0, 0, 0, 0, 0, 0, 0, 0, 0, 0, 0, 0, 0, 0, 0, 0, 0, 0, 0, 0, 0, 0, 0, 0, 0, 0, 0, 0, 0, 0, 0, 0, 0, 0, 0, 0, 0, 0, 0, 0, 0, 0, 0, 0, 0, 0, 0, 0, 0, 0, 0, 0, 0, 0, 0, 0, 0, 0, 0, 0, 0, 0, 0, 0, 0, 0, 0, 0, 0, 0, 0, 0, 0, 0, 0, 0, 0, 0, 0, 0, 0, 0, 0, 0, 0, 0, 0, 0, 0, 0, 0, 0, 0, 0, 0, 0, 0, 0, 0, 0, 0, 0, 0, 0, 0, 0, 0, 0, 0, 0, 0, 0, 0, 0, 0, 0, 0, 0, 0, 0, 0, 0, 0, 0, 0, 0, 0, 0, 0, 0, 0, 0, 0, 0, 0, 0, 0, 0, 0, 0, 0, 0, 0, 0, 0, 0, 0, 0, 0, 0, 0, 0, 0, 0, 0, 0, 0, 0, 0, 0, 0, 0, 0, 0, 0, 0, 0, 0, 0, 0, 0, 0, 0, 0, 0, 0, 0, 0, 0, 0, 0, 0, 0, 0, 0, 0, 0, 0, 0, 0, 0, 0, 0, 0, 0, 0, 0, 0, 0, 0, 0, 0, 0, 0, 0, 0, 0, 0, 0, 0, 0, 0, 0, 0, 0, 0, 0, 0, 0, 0, 0, 0, 0, 0, 0, 0, 0, 0, 0, 0, 0, 0, 0, 0, 0, 0, 0, 0, 0, 0, 0, 0, 0, 0, 0, 0, 0, 0, 0, 0, 0, 0, 0, 0, 0, 0, 0, 0, 0, 0, 0, 0, 0, 0, 0, 0, 0, 0, 0, 0, 0, 0, 0, 0, 0, 0, 0, 0, 0, 0, 0, 0, 0, 0, 0, 0, 0, 0, 0, 0, 0, 0, 0, 0, 0, 0, 0, 0, 0, 0, 0, 0, 0, 0, 0]",0.0,"[0.0, 0.0, 0.0, 0.0, 0.0, 0.0, 0.0, 0.0, 0.0, 0.0, 0.0, 0.0, 0.0, 0.0, 0.0, 0.0, 0.0, 0.0, 0.0, 0.0, 0.0, 0.0, 0.0, 0.0, 0.0, 0.0, 0.0, 0.0, 0.0, 0.0, 0.0, 0.0, 0.0, 0.0, 0.0, 0.0, 0.0, 0.0, 0.0, 0.0, 0.0, 0.0, 0.0, 0.0, 0.0, 0.0, 0.0, 0.0, 0.0, 0.0, 0.0, 0.0, 0.0, 0.0, 0.0, 0.0, 0.0, 0.0, 0.0, 0.0, 0.0, 0.0, 0.0, 0.0, 0.0, 0.0, 0.0, 0.0, 0.0, 0.0, 0.0, 0.0, 0.0, 0.0, 0.0, 0.0, 0.0, 0.0, 0.0, 0.0, 0.0, 0.0, 0.0, 0.0, 0.0, 0.0, 0.0, 0.0, 0.0, 0.0, 0.0, 0.0, 0.0, 0.0, 0.0, 0.0, 0.0, 0.0, 0.0, 0.0, 0.0, 0.0, 0.0, 0.0, 0.0, 0.0, 0.0, 0.0, 0.0, 0.0, 0.0, 0.0, 0.0, 0.0, 0.0, 0.0, 0.0, 0.0, 0.0, 0.0, 0.0, 0.0, 0.0, 0.0, 0.0, 0.0, 0.0, 0.0, 0.0, 0.0, 0.0, 0.0, 0.0, 0.0, 0.0, 0.0, 0.0, 0.0, 0.0, 0.0, 0.0, 0.0, 0.0, 0.0, 0.0, 0.0, 0.0, 0.0, 0.0, 0.0, 0.0, 0.0, 0.0, 0.0, 0.0, 0.0, 0.0, 0.0, 0.0, 0.0, 0.0, 0.0, 0.0, 0.0, 0.0, 0.0, 0.0, 0.0, 0.0, 0.0, 0.0, 0.0, 0.0, 0.0, 0.0, 0.0, 0.0, 0.0, 0.0, 0.0, 0.0, 0.0, 0.0, 0.0, 0.0, 0.0, 0.0, 0.0, 0.0, 0.0, 0.0, 0.0, 0.0, 0.0, 0.0, 0.0, 0.0, 0.0, 0.0, 0.0, 0.0, 0.0, 0.0, 0.0, 0.0, 0.0, 0.0, 0.0, 0.0, 0.0, 0.0, 0.0, 0.0, 0.0, 0.0, 0.0, 0.0, 0.0, 0.0, 0.0, 0.0, 0.0, 0.0, 0.0, 0.0, 0.0, 0.0, 0.0, 0.0, 0.0, 0.0, 0.0, 0.0, 0.0, 0.0, 0.0, 0.0, 0.0, 0.0, 0.0, 0.0, 0.0, 0.0, 0.0, 0.0, 0.0, 0.0, 0.0, 0.0, 0.0, 0.0, 0.0, 0.0, 0.0, 0.0, 0.0, 0.0, 0.0, 0.0, 0.0, 0.0, 0.0, 0.0, 0.0, 0.0, 0.0, 0.0, 0.0, 0.0, 0.0, 0.0, 0.0, 0.0, 0.0, 0.0, 0.0, 0.0, 0.0, 0.0, 0.0, 0.0, 0.0, 0.0, 0.0, 0.0, 0.0, 0.0, 0.0, 0.0, 0.0, 0.0, 0.0, 0.0, 0.0, 0.0, 0.0, 0.0, 0.0, 0.0, 0.0, 0.0, 0.0, 0.0, 0.0, 0.0, 0.0, 0.0, 0.0, 0.0, 0.0, 0.0, 0.0, 0.0, 0.0, 0.0, 0.0, 0.0, 0.0, 0.0, 0.0, 0.0, 0.0, 0.0, 0.0, 0.0, 0.0, 0.0, 0.0, 0.0, 0.0, 0.0, 0.0, 0.0, 0.0, 0.0, 0.0, 0.0, 0.0, 0.0, 0.0, 0.0, 0.0, 0.0, 0.0, 0.0, 0.0, 0.0, 0.0, 0.0, 0.0, 0.0, 0.0, 0.0, 0.0, 0.0, 0.0, 0.0, 0.0, 0.0, 0.0, 0.0, 0.0, 0.0, 0.0, 0.0, 0.0, 0.0, 0.0, 0.0, 0.0, 0.0, 0.0, 0.0, 0.0, 0.0, 0.0, 0.0, 0.0, 0.0, 0.0, 0.0, 0.0, 0.0, 0.0, 0.0, 0.0, 0.0, 0.0, 0.0, 0.0, 0.0, 0.0, 0.0, 0.0, 0.0, 0.0, 0.0, 0.0, 0.0, 0.0, 0.0, 0.0, 0.0, 0.0, 0.0, 0.0, 0.0, 0.0, 0.0, 0.0, 0.0, 0.0, 0.0, 0.0, 0.0]",0.5,0.5,0,"[0, 0, 0, 0, 0, 0, 0, 0, 0, 0, 0, 0, 0, 0, 0, 0, 0, 0, 0, 0, 0, 0, 0, 0, 0, 0, 0, 0, 0, 0, 0, 0, 0, 0, 0, 0, 0, 0, 0, 0, 0, 0, 0, 0, 0, 0, 0, 0, 0, 0, 0, 0, 0, 0, 0, 0, 0, 0, 0, 0, 0, 0, 0, 0, 0, 0, 0, 0, 0, 0, 0, 0, 0, 0, 0, 0, 0, 0, 0, 0, 0, 0, 0, 0, 0, 0, 0, 0, 0, 0, 0, 0, 0, 0, 0, 0, 0, 0, 0, 0, 0, 0, 0, 0, 0, 0, 0, 0, 0, 0, 0, 0, 0, 0, 0, 0, 0, 0, 0, 0, 0, 0, 0, 0, 0, 0, 0, 0, 0, 0, 0, 0, 0, 0, 0, 0, 0, 0, 0, 0, 0, 0, 0, 0, 0, 0, 0, 0, 0, 0, 0, 0, 0, 0, 0, 0, 0, 0, 0, 0, 0, 0, 0, 0, 0, 0, 0, 0, 0, 0, 0, 0, 0, 0, 0, 0, 0, 0, 0, 0, 0, 0, 0, 0, 0, 0, 0, 0, 0, 0, 0, 0, 0, 0, 0, 0, 0, 0, 0, 0, 0, 0, 0, 0, 0, 0, 0, 0, 0, 0, 0, 0, 0, 0, 0, 0, 0, 0, 0, 0, 0, 0, 0, 0, 0, 0, 0, 0, 0, 0, 0, 0, 0, 0, 0, 0, 0, 0, 0, 0, 0, 0, 0, 0, 0, 0, 0, 0, 0, 0, 0, 0, 0, 0, 0, 0, 0, 0, 0, 0, 0, 0, 0, 0, 0, 0, 0, 0, 0, 0, 0, 0, 0, 0, 0, 0, 0, 0, 0, 0, 0, 0, 0, 0, 0, 0, 0, 0, 0, 0, 0, 0, 0, 0, 0, 0, 0, 0, 0, 0, 0, 0, 0, 0, 0, 0, 0, 0, 0, 0, 0, 0, 0, 0, 0, 0, 0, 0, 0, 0, 0, 0, 0, 0, 0, 0, 0, 0, 0, 0, 0, 0, 0, 0, 0, 0, 0, 0, 0, 0, 0, 0, 0, 0, 0, 0, 0, 0, 0, 0, 0, 0, 0, 0, 0, 0, 0, 0, 0, 0, 0, 0, 0, 0, 0, 0, 0, 0, 0, 0, 0, 0, 0, 0, 0, 0, 0, 0, 0, 0, 0, 0, 0, 0, 0, 0, 0, 0, 0, 0, 0, 0, 0, 0, 0, 0, 0, 0, 0, 0, 0, 0, 0, 0, 0, 0, 0, 0, 0, 0, 0, 0, 0, 0, 0]",415,"[1.2092220783233643, 0.7135967016220093, 0.78959059715271, 0.4237838685512543, 0.4959065318107605, 0.407441109418869, 0.6575741767883301, 0.5923242568969727, 0.4226360023021698, 0.5049641728401184, 0.4167325496673584, 0.7517286539077759, 0.5789964199066162, 1.8716508150100708, 0.4850950241088867, 1.0850727558135986, 1.2968744039535522, 0.6546227335929871, 1.432124376296997, 0.6974484920501709, 0.927062451839447, 0.4665788412094116, 0.4371494948863983, 0.4442329406738281, 1.1540719270706177, 0.7357606291770935, 1.4251222610473633, 0.9665223956108093, 2.285231828689575, 0.4685389995574951, 0.808809220790863, 0.46120747923851013, 0.6541064977645874, 0.914641797542572, 1.490533471107483, 1.0934269428253174, 1.352951169013977, 1.2032243013381958, 0.46645885705947876, 0.7455646991729736, 0.9300320148468018, 0.711193323135376, 0.479701966047287, 1.091307282447815, 0.41817429661750793, 0.5667290687561035, 2.0463571548461914, 1.3703570365905762, 0.7004438042640686, 0.576587975025177, 1.2753773927688599, 1.0584053993225098, 0.6536960601806641, 0.4232305884361267, 0.5305148959159851, 0.4411742687225342, 0.5903425216674805, 2.115530014038086, 0.6972001791000366, 0.4487029016017914, 0.40957972407341003, 0.5890544652938843, 1.4172786474227905, 0.7122238874435425, 1.0302438735961914, 0.46467238664627075, 0.6985414624214172, 1.6846445798873901, 1.4469586610794067, 0.9130685925483704, 0.40730732679367065, 0.40767040848731995, 0.7159245014190674, 1.6845022439956665, 0.4159839153289795, 0.8161406517028809, 1.9258809089660645, 0.894185483455658, 1.7949855327606201, 1.9957880973815918, 0.453705370426178, 0.4229012727737427, 0.6007260680198669, 1.6486103534698486, 0.4208206236362457, 0.4938034117221832, 0.4110088348388672, 0.4110333323478699, 0.7809484601020813, 0.9299785494804382, 1.6964987516403198, 1.0485364198684692, 0.7484835982322693, 0.4854234457015991, 0.4601200520992279, 1.1823307275772095, 0.8571517467498779, 0.47053173184394836, 0.44942042231559753, 0.42236560583114624, 2.1372339725494385, 1.6306384801864624, 0.49730584025382996, 0.6566470265388489, 0.7103186845779419, 0.4988067150115967, 1.4015122652053833, 0.7357150316238403, 0.4476713538169861, 0.8202219605445862, 0.4081283509731293, 1.0902385711669922, 1.2519570589065552, 0.4078747630119324, 0.4077129364013672, 1.4995744228363037, 0.7426450252532959, 0.4720207452774048, 1.6444685459136963, 1.0165060758590698, 0.6487743854522705, 0.42388492822647095, 1.173377275466919, 0.6286352872848511, 0.4986652135848999, 0.40725991129875183, 0.4825844466686249, 1.166635274887085, 0.41876161098480225, 0.6292582154273987, 1.3233401775360107, 0.7640223503112793, 0.4074779450893402, 0.4831100404262543, 1.316029667854309, 0.4120885729789734, 0.7346634864807129, 0.5970966815948486, 1.17746901512146, 0.4072262942790985, 1.8079781532287598, 0.4073299765586853, 2.2773265838623047, 0.5875332355499268, 1.7414727210998535, 1.7721993923187256, 0.6847724914550781, 0.5218892097473145, 1.2611446380615234, 0.6098406314849854, 1.1171963214874268, 0.6113993525505066, 0.5568408966064453, 0.779476523399353, 0.40786707401275635, 0.45184746384620667, 1.7604435682296753, 0.4318844974040985, 0.4075796604156494, 0.4136720299720764, 0.4089260995388031, 1.284150242805481, 2.0906286239624023, 0.4659311771392822, 0.42161208391189575, 1.04873788356781, 0.5956268310546875, 0.4550767242908478, 3.079732656478882, 0.8057142496109009, 1.3573532104492188, 0.5976279377937317, 1.050475835800171, 0.4215249717235565, 0.8623795509338379, 0.41446518898010254, 1.1088098287582397, 0.6112045049667358, 1.8314563035964966, 1.090857744216919, 0.5340767502784729, 1.3134701251983643, 0.40915152430534363, 1.415014624595642, 0.6805353760719299, 0.9002440571784973, 1.0453702211380005, 0.688281774520874, 0.7460156083106995, 0.5289692282676697, 2.094893455505371, 1.5433146953582764, 0.6948705315589905, 0.5888082385063171, 0.4306005537509918, 0.41039055585861206, 1.3800207376480103, 0.4361758828163147, 2.0276358127593994, 1.0791226625442505, 1.8812566995620728, 0.6567496657371521, 1.5148643255233765, 0.4220462441444397, 1.5040431022644043, 0.4126708507537842, 0.4167455732822418, 1.3631500005722046, 0.7378100752830505, 0.4591292440891266, 0.7851910591125488, 0.7614247798919678, 0.7332172989845276, 0.7103784084320068, 0.9452835917472839, 1.4247233867645264, 1.1094777584075928, 0.7189925312995911, 0.5917966365814209, 0.9836317300796509, 0.6878705620765686, 1.4512325525283813, 1.6962031126022339, 0.6986274123191833, 3.530261278152466, 1.664584994316101, 1.9660654067993164, 0.44500502943992615, 1.545648455619812, 0.8889500498771667, 0.4074295163154602, 0.7576749920845032, 1.064143180847168, 0.41054293513298035, 1.445241093635559, 0.7375951409339905, 0.6037320494651794, 1.1217432022094727, 1.5653657913208008, 0.8901186585426331, 0.7097559571266174, 1.4545745849609375, 1.3464388847351074, 0.4117126762866974, 0.9379469156265259, 0.4297342300415039, 1.505765438079834, 1.5094435214996338, 0.41192367672920227, 0.4860819876194, 0.421530544757843, 1.0425302982330322, 0.9499465823173523, 0.9708622694015503, 0.7053061723709106, 1.1217319965362549, 0.9426553249359131, 2.2701594829559326, 0.42258235812187195, 0.9528133869171143, 1.0741745233535767, 0.48995277285575867, 0.5461719632148743, 0.41903194785118103, 0.8281118869781494, 0.5421772003173828, 0.4454357922077179, 0.966416597366333, 0.9811696410179138, 1.158603549003601, 0.4087119996547699, 0.8005583882331848, 0.5568286776542664, 0.408559113740921, 0.478751003742218, 1.194667100906372, 0.49172496795654297, 0.6969559192657471, 0.636115550994873, 0.4473824203014374, 0.9319722056388855, 0.6845144629478455, 0.7397820949554443, 2.079580783843994, 0.7078284621238708, 0.8077536821365356, 0.4601704478263855, 0.4148659408092499, 0.5732581615447998, 0.5294741988182068, 0.41882267594337463, 0.4522886276245117, 1.2033504247665405, 0.6174062490463257, 0.5881221294403076, 1.2065762281417847, 0.4417017996311188, 1.6752955913543701, 0.7023178339004517, 0.609821081161499, 1.7135794162750244, 3.543433427810669, 0.8383978009223938, 1.320833683013916, 0.40764689445495605, 1.2980297803878784, 0.6107249855995178, 1.1809900999069214, 1.4900459051132202, 0.4189400374889374, 0.9861619472503662, 2.091057777404785, 1.1098190546035767, 1.6758579015731812, 1.3576775789260864, 0.8385074734687805, 1.684882402420044, 1.247402548789978, 0.4442315399646759, 0.4413825273513794, 0.5729327201843262, 2.243185043334961, 0.44539180397987366, 0.6053164601325989, 1.30265474319458, 1.9411510229110718, 0.44001492857933044, 1.884580135345459, 0.7949267029762268, 0.7091823816299438, 1.4725500345230103, 1.157790184020996, 0.5536953210830688, 0.48983341455459595, 0.5743483901023865, 0.605995774269104, 0.5700368881225586, 1.4965628385543823, 0.4553215503692627, 1.4779021739959717, 1.5411381721496582, 0.493704229593277, 0.7048683762550354, 0.40797314047813416, 1.6970887184143066, 0.8811242580413818, 1.1656239032745361, 0.4813728332519531, 0.4211291968822479, 1.9077088832855225, 1.4286710023880005, 0.4156552851200104, 0.5931471586227417, 0.4188785254955292, 0.416993647813797, 0.44767922163009644, 1.1788840293884277, 0.4393838047981262, 0.44443339109420776, 1.4932949542999268, 1.158871054649353, 1.1605632305145264, 0.4676077961921692, 0.48419255018234253, 0.9956623911857605, 0.4446709156036377, 1.8088977336883545, 0.8132560849189758, 0.43100497126579285, 0.5368524789810181, 1.5038217306137085, 0.8623553514480591, 0.4289346933364868, 1.204646110534668, 0.49292266368865967, 0.6997961401939392, 0.7146542072296143, 0.4471205174922943, 1.638546109199524, 1.1825251579284668, 0.6569557785987854, 0.4634888768196106, 0.5536285638809204, 0.4598473012447357, 0.4536537528038025, 0.7801342010498047, 0.9604886770248413, 2.437786102294922, 1.9233859777450562, 0.42455413937568665, 1.1509425640106201, 0.9650168418884277, 0.8498634099960327, 0.7823190093040466, 0.6393430829048157, 0.8042348623275757, 0.4661150276660919, 0.4609684646129608, 0.698075532913208, 2.137963056564331, 0.7909104228019714, 1.179848313331604, 1.0248836278915405, 0.8188375234603882, 1.930702567100525, 0.8774272799491882, 0.42083340883255005, 1.8422759771347046, 1.5338305234909058, 0.5560364723205566, 0.5514615774154663, 0.5848055481910706, 0.49002230167388916, 0.8469234704971313, 0.45041969418525696]",0.0,"[0.0, 0.0, 0.0, 0.0, 0.0, 0.0, 0.0, 0.0, 0.0, 0.0, 0.0, 0.0, 0.0, 0.0, 0.0, 0.0, 0.0, 0.0, 0.0, 0.0, 0.0, 0.0, 0.0, 0.0, 0.0, 0.0, 0.0, 0.0, 0.0, 0.0, 0.0, 0.0, 0.0, 0.0, 0.0, 0.0, 0.0, 0.0, 0.0, 0.0, 0.0, 0.0, 0.0, 0.0, 0.0, 0.0, 0.0, 0.0, 0.0, 0.0, 0.0, 0.0, 0.0, 0.0, 0.0, 0.0, 0.0, 0.0, 0.0, 0.0, 0.0, 0.0, 0.0, 0.0, 0.0, 0.0, 0.0, 0.0, 0.0, 0.0, 0.0, 0.0, 0.0, 0.0, 0.0, 0.0, 0.0, 0.0, 0.0, 0.0, 0.0, 0.0, 0.0, 0.0, 0.0, 0.0, 0.0, 0.0, 0.0, 0.0, 0.0, 0.0, 0.0, 0.0, 0.0, 0.0, 0.0, 0.0, 0.0, 0.0, 0.0, 0.0, 0.0, 0.0, 0.0, 0.0, 0.0, 0.0, 0.0, 0.0, 0.0, 0.0, 0.0, 0.0, 0.0, 0.0, 0.0, 0.0, 0.0, 0.0, 0.0, 0.0, 0.0, 0.0, 0.0, 0.0, 0.0, 0.0, 0.0, 0.0, 0.0, 0.0, 0.0, 0.0, 0.0, 0.0, 0.0, 0.0, 0.0, 0.0, 0.0, 0.0, 0.0, 0.0, 0.0, 0.0, 0.0, 0.0, 0.0, 0.0, 0.0, 0.0, 0.0, 0.0, 0.0, 0.0, 0.0, 0.0, 0.0, 0.0, 0.0, 0.0, 0.0, 0.0, 0.0, 0.0, 0.0, 0.0, 0.0, 0.0, 0.0, 0.0, 0.0, 0.0, 0.0, 0.0, 0.0, 0.0, 0.0, 0.0, 0.0, 0.0, 0.0, 0.0, 0.0, 0.0, 0.0, 0.0, 0.0, 0.0, 0.0, 0.0, 0.0, 0.0, 0.0, 0.0, 0.0, 0.0, 0.0, 0.0, 0.0, 0.0, 0.0, 0.0, 0.0, 0.0, 0.0, 0.0, 0.0, 0.0, 0.0, 0.0, 0.0, 0.0, 0.0, 0.0, 0.0, 0.0, 0.0, 0.0, 0.0, 0.0, 0.0, 0.0, 0.0, 0.0, 0.0, 0.0, 0.0, 0.0, 0.0, 0.0, 0.0, 0.0, 0.0, 0.0, 0.0, 0.0, 0.0, 0.0, 0.0, 0.0, 0.0, 0.0, 0.0, 0.0, 0.0, 0.0, 0.0, 0.0, 0.0, 0.0, 0.0, 0.0, 0.0, 0.0, 0.0, 0.0, 0.0, 0.0, 0.0, 0.0, 0.0, 0.0, 0.0, 0.0, 0.0, 0.0, 0.0, 0.0, 0.0, 0.0, 0.0, 0.0, 0.0, 0.0, 0.0, 0.0, 0.0, 0.0, 0.0, 0.0, 0.0, 0.0, 0.0, 0.0, 0.0, 0.0, 0.0, 0.0, 0.0, 0.0, 0.0, 0.0, 0.0, 0.0, 0.0, 0.0, 0.0, 0.0, 0.0, 0.0, 0.0, 0.0, 0.0, 0.0, 0.0, 0.0, 0.0, 0.0, 0.0, 0.0, 0.0, 0.0, 0.0, 0.0, 0.0, 0.0, 0.0, 0.0, 0.0, 0.0, 0.0, 0.0, 0.0, 0.0, 0.0, 0.0, 0.0, 0.0, 0.0, 0.0, 0.0, 0.0, 0.0, 0.0, 0.0, 0.0, 0.0, 0.0, 0.0, 0.0, 0.0, 0.0, 0.0, 0.0, 0.0, 0.0, 0.0, 0.0, 0.0, 0.0, 0.0, 0.0, 0.0, 0.0, 0.0, 0.0, 0.0, 0.0, 0.0, 0.0, 0.0, 0.0, 0.0, 0.0, 0.0, 0.0, 0.0, 0.0, 0.0, 0.0, 0.0, 0.0, 0.0, 0.0, 0.0, 0.0, 0.0, 0.0, 0.0, 0.0, 0.0, 0.0, 0.0, 0.0, 0.0, 0.0, 0.0, 0.0, 0.0, 0.0, 0.0, 0.0, 0.0, 0.0, 0.0, 0.0, 0.0, 0.0, 0.0, 0.0, 0.0, 0.0, 0.0, 0.0, 0.0, 0.0, 0.0, 0.0, 0.0, 0.0, 0.0, 0.0, 0.0]",COMPLETE
