,number,value,datetime_start,datetime_complete,duration,params_batch_size_scaler,params_constant_learning_rate,params_depth,params_epochs,params_kernel_l2,params_num_trees,params_temperature,user_attrs_accuracy_test,user_attrs_accuracy_valid,user_attrs_approximate_feature_sparsity,user_attrs_approximate_feature_sparsity_history,user_attrs_approximate_weight_sparsity,user_attrs_approximate_weight_sparsity_history,user_attrs_auc_test,user_attrs_auc_valid,user_attrs_feature_sparsity,user_attrs_feature_sparsity_history,user_attrs_num_epochs,user_attrs_val_loss_history,user_attrs_weight_sparsity,user_attrs_weight_sparsity_history,state
154,154,0.6745887596449872,2024-08-31 05:59:32.618987,2024-08-31 06:01:54.083689,0 days 00:02:21.464702,64,0.013359011867732895,5,325,0.0028007398142395824,58,0.00016013282071936538,0.859,0.85875,33,"[33, 33, 33, 33, 33, 33, 33, 33, 33, 33, 33, 33, 33, 33, 33, 33, 33, 33, 33, 33, 33, 33, 33, 33, 33, 33, 33, 33, 33, 33, 33, 33, 33, 33, 33, 33, 33, 33, 33, 33, 33, 33, 33, 33, 33, 33, 33, 33, 33, 33, 33, 33, 33, 33, 33, 33, 33, 33, 33, 33, 33, 33, 33, 33, 33, 33, 33, 33, 33, 33, 33, 33, 33, 33, 33, 33, 33, 33, 33, 33, 33, 33, 33, 33, 33, 33, 33, 33, 33, 33, 33, 33, 33, 33, 33, 33, 33, 33, 33, 33, 33, 33, 33, 33, 33, 33, 33, 33, 33, 33, 33, 33, 33, 33, 33, 33, 33, 33, 33, 33, 33, 33, 33, 33, 33, 33, 33, 33, 33, 33, 33, 33, 33, 33, 33, 33, 33, 33, 33, 33, 33, 33, 33, 33, 33, 33, 33, 33, 33, 33, 33, 33, 33, 33, 33, 33, 33, 33, 33, 33, 33, 33, 33, 33, 33, 33, 33, 33, 33, 33, 33, 33, 33, 33, 33, 33, 33, 33, 33, 33, 33, 33, 33, 33, 33, 33, 33, 33, 33, 33, 33, 33, 33, 33, 33, 33, 33, 33, 33, 33, 33, 33, 33, 33, 33, 33, 33, 33, 33, 33, 33, 33, 33, 33, 33, 33, 33, 33, 33, 33, 33, 33, 33, 33, 33, 33, 33, 33, 33, 33, 33, 33, 33, 33, 33, 33, 33, 33, 33, 33, 33, 33, 33, 33, 33, 33, 33, 33, 33, 33, 33, 33, 33, 33, 33, 33, 33, 33, 33, 33, 33, 33, 33, 33, 33, 33, 33, 33, 33, 33, 33, 33, 33, 33, 33, 33, 33, 33, 33, 33, 33, 33, 33, 33, 33, 33, 33, 33, 33, 33, 33, 33, 33, 33, 33, 33, 33, 33, 33, 33, 33, 33, 33, 33, 33, 33, 33, 33, 33, 33, 33, 33, 33, 33, 33, 33, 33, 33, 33, 33, 33, 33, 33, 33, 33]",32.94327030033371,"[32.939377085650726, 32.94160177975528, 32.940489432703004, 32.937708565072306, 32.935483870967744, 32.93937708565072, 32.940489432703004, 32.93715239154616, 32.93659621802002, 32.937152391546164, 32.9349276974416, 32.938820912124584, 32.938820912124584, 32.9349276974416, 32.93659621802002, 32.93548387096774, 32.935483870967744, 32.935483870967744, 32.936040044493886, 32.937152391546164, 32.935483870967744, 32.937152391546164, 32.936040044493886, 32.93826473859844, 32.93659621802003, 32.93659621802002, 32.9377085650723, 32.937152391546164, 32.938820912124584, 32.939377085650726, 32.93993325917686, 32.940489432703004, 32.942714126807566, 32.93993325917686, 32.937708565072306, 32.9377085650723, 32.93826473859844, 32.937152391546164, 32.937152391546164, 32.93659621802002, 32.93659621802002, 32.93659621802002, 32.93659621802002, 32.93659621802002, 32.93604004449388, 32.93604004449388, 32.933815350389324, 32.936040044493886, 32.937708565072306, 32.939377085650726, 32.941045606229146, 32.93993325917686, 32.940489432703004, 32.94160177975528, 32.9432703003337, 32.94382647385984, 32.94382647385984, 32.94382647385984, 32.94382647385984, 32.9432703003337, 32.942714126807566, 32.94382647385984, 32.94493882091212, 32.94493882091213, 32.94549499443826, 32.94493882091213, 32.94382647385984, 32.94382647385984, 32.944382647385986, 32.94160177975529, 32.94215795328142, 32.94160177975528, 32.940489432703004, 32.941045606229146, 32.94104560622914, 32.94160177975528, 32.94215795328142, 32.94215795328142, 32.94215795328142, 32.942714126807566, 32.940489432703004, 32.941045606229146, 32.94215795328142, 32.94327030033371, 32.942714126807566, 32.93993325917687, 32.93993325917686, 32.93993325917686, 32.94215795328142, 32.942714126807566, 32.94160177975528, 32.940489432703004, 32.940489432703004, 32.93993325917686, 32.940489432703004, 32.941045606229146, 32.93993325917686, 32.940489432703004, 32.93937708565072, 32.93993325917686, 32.938820912124584, 32.940489432703004, 32.9377085650723, 32.93604004449388, 32.93604004449388, 32.93659621802002, 32.9349276974416, 32.93604004449388, 32.935483870967744, 32.93604004449388, 32.936040044493886, 32.937152391546164, 32.93604004449388, 32.9349276974416, 32.93325917686318, 32.93325917686318, 32.933815350389324, 32.932703003337046, 32.934371523915466, 32.933815350389324, 32.933815350389324, 32.932146829810904, 32.933815350389324, 32.936040044493886, 32.937152391546164, 32.93659621802002, 32.93659621802003, 32.934371523915466, 32.93325917686318, 32.934371523915466, 32.93659621802003, 32.93659621802003, 32.935483870967744, 32.933815350389324, 32.933815350389324, 32.936040044493886, 32.933815350389324, 32.93325917686319, 32.932146829810904, 32.935483870967744, 32.93937708565072, 32.939377085650726, 32.938820912124584, 32.937708565072306, 32.939377085650726, 32.940489432703004, 32.93993325917687, 32.93826473859845, 32.93826473859845, 32.93826473859844, 32.937152391546164, 32.93937708565072, 32.93993325917686, 32.93826473859844, 32.938820912124584, 32.93993325917686, 32.93993325917686, 32.93826473859844, 32.93604004449388, 32.937152391546164, 32.93659621802002, 32.9377085650723, 32.935483870967744, 32.936040044493886, 32.937152391546164, 32.937708565072306, 32.937152391546164, 32.937152391546164, 32.937152391546164, 32.936040044493886, 32.935483870967744, 32.935483870967744, 32.9349276974416, 32.93437152391546, 32.93437152391546, 32.9349276974416, 32.9349276974416, 32.935483870967744, 32.934371523915466, 32.935483870967744, 32.935483870967744, 32.9349276974416, 32.93604004449388, 32.93659621802002, 32.93659621802002, 32.937708565072306, 32.93826473859844, 32.938820912124584, 32.940489432703004, 32.939377085650726, 32.93826473859844, 32.93604004449388, 32.937152391546164, 32.9377085650723, 32.93826473859844, 32.9349276974416, 32.9349276974416, 32.935483870967744, 32.93437152391546, 32.93437152391546, 32.935483870967744, 32.93604004449388, 32.937152391546164, 32.93826473859844, 32.937152391546164, 32.936040044493886, 32.935483870967744, 32.93659621802003, 32.937708565072306, 32.937152391546164, 32.93659621802003, 32.937152391546164, 32.938820912124584, 32.939377085650726, 32.938820912124584, 32.937152391546164, 32.937708565072306, 32.93826473859844, 32.93826473859844, 32.93826473859844, 32.93993325917687, 32.93826473859845, 32.936040044493886, 32.936040044493886, 32.937708565072306, 32.937152391546164, 32.937152391546164, 32.937152391546164, 32.93659621802002, 32.933815350389324, 32.932146829810904, 32.933815350389324, 32.933815350389324, 32.93325917686318, 32.93270300333704, 32.93437152391546, 32.93325917686318, 32.935483870967744, 32.937152391546164, 32.93659621802002, 32.935483870967744, 32.93325917686318, 32.93325917686318, 32.93325917686318, 32.93325917686318, 32.93325917686318, 32.935483870967744, 32.935483870967744, 32.93437152391546, 32.93437152391546, 32.93659621802002, 32.936040044493886, 32.93437152391546, 32.9349276974416, 32.936040044493886, 32.933815350389324, 32.9349276974416, 32.935483870967744, 32.937152391546164, 32.937708565072306, 32.93826473859845, 32.93826473859844, 32.93826473859844, 32.93826473859844, 32.937708565072306, 32.937708565072306, 32.93659621802002, 32.935483870967744, 32.93659621802002, 32.937152391546164, 32.93604004449388, 32.93604004449388, 32.93604004449388, 32.93604004449388, 32.937152391546164, 32.937152391546164, 32.9377085650723, 32.937708565072306, 32.93826473859844, 32.938820912124584, 32.94160177975528, 32.941045606229146, 32.93993325917686, 32.93993325917686, 32.937152391546164, 32.939377085650726, 32.939377085650726, 32.939377085650726, 32.93993325917687, 32.94160177975528, 32.940489432703004, 32.93993325917686, 32.93937708565072, 32.94215795328142, 32.94215795328142, 32.941045606229146, 32.938820912124584, 32.938820912124584, 32.939377085650726, 32.93993325917686, 32.941045606229146, 32.9432703003337, 32.94382647385984, 32.94382647385984, 32.942714126807566, 32.9432703003337, 32.944382647385986, 32.94215795328142, 32.9432703003337, 32.94215795328142, 32.94215795328142, 32.941045606229146, 32.94160177975528, 32.94160177975528, 32.94160177975529, 32.942714126807566, 32.94160177975529, 32.941045606229146, 32.940489432703004, 32.941045606229146, 32.94160177975528, 32.942714126807566, 32.94160177975528, 32.94215795328142, 32.94327030033371]",0.7099794417060906,0.6745887596449872,33,"[33, 33, 33, 33, 33, 33, 33, 33, 33, 33, 33, 33, 33, 33, 33, 33, 33, 33, 33, 33, 33, 33, 33, 33, 33, 33, 33, 33, 33, 33, 33, 33, 33, 33, 33, 33, 33, 33, 33, 33, 33, 33, 33, 33, 33, 33, 33, 33, 33, 33, 33, 33, 33, 33, 33, 33, 33, 33, 33, 33, 33, 33, 33, 33, 33, 33, 33, 33, 33, 33, 33, 33, 33, 33, 33, 33, 33, 33, 33, 33, 33, 33, 33, 33, 33, 33, 33, 33, 33, 33, 33, 33, 33, 33, 33, 33, 33, 33, 33, 33, 33, 33, 33, 33, 33, 33, 33, 33, 33, 33, 33, 33, 33, 33, 33, 33, 33, 33, 33, 33, 33, 33, 33, 33, 33, 33, 33, 33, 33, 33, 33, 33, 33, 33, 33, 33, 33, 33, 33, 33, 33, 33, 33, 33, 33, 33, 33, 33, 33, 33, 33, 33, 33, 33, 33, 33, 33, 33, 33, 33, 33, 33, 33, 33, 33, 33, 33, 33, 33, 33, 33, 33, 33, 33, 33, 33, 33, 33, 33, 33, 33, 33, 33, 33, 33, 33, 33, 33, 33, 33, 33, 33, 33, 33, 33, 33, 33, 33, 33, 33, 33, 33, 33, 33, 33, 33, 33, 33, 33, 33, 33, 33, 33, 33, 33, 33, 33, 33, 33, 33, 33, 33, 33, 33, 33, 33, 33, 33, 33, 33, 33, 33, 33, 33, 33, 33, 33, 33, 33, 33, 33, 33, 33, 33, 33, 33, 33, 33, 33, 33, 33, 33, 33, 33, 33, 33, 33, 33, 33, 33, 33, 33, 33, 33, 33, 33, 33, 33, 33, 33, 33, 33, 33, 33, 33, 33, 33, 33, 33, 33, 33, 33, 33, 33, 33, 33, 33, 33, 33, 33, 33, 33, 33, 33, 33, 33, 33, 33, 33, 33, 33, 33, 33, 33, 33, 33, 33, 33, 33, 33, 33, 33, 33, 33, 33, 33, 33, 33, 33, 33, 33, 33, 33, 33, 33]",325,"[0.5927416682243347, 0.5757533311843872, 0.5610844492912292, 0.5472928285598755, 0.5347814559936523, 0.5240533351898193, 0.513949453830719, 0.5049608945846558, 0.496595561504364, 0.48919904232025146, 0.4822344183921814, 0.4759899377822876, 0.47051993012428284, 0.4654291272163391, 0.46076738834381104, 0.45654624700546265, 0.4526858627796173, 0.44906216859817505, 0.44590455293655396, 0.4428601861000061, 0.44014400243759155, 0.4373580813407898, 0.43505215644836426, 0.43269169330596924, 0.4307006001472473, 0.42875415086746216, 0.4269247353076935, 0.4252666234970093, 0.423697829246521, 0.42232558131217957, 0.42111700773239136, 0.41984137892723083, 0.4185103476047516, 0.41743165254592896, 0.41637641191482544, 0.41553574800491333, 0.41451123356819153, 0.4137870669364929, 0.4130042791366577, 0.41210564970970154, 0.41142943501472473, 0.41080212593078613, 0.4101525545120239, 0.40949374437332153, 0.4088919162750244, 0.40831148624420166, 0.40783941745758057, 0.40739622712135315, 0.4069831967353821, 0.40654945373535156, 0.40615785121917725, 0.40577012300491333, 0.4053667187690735, 0.40506303310394287, 0.4047076106071472, 0.40435755252838135, 0.404079794883728, 0.4037340581417084, 0.4034784734249115, 0.40318599343299866, 0.4029167890548706, 0.4027117192745209, 0.4024554193019867, 0.4022091329097748, 0.40208280086517334, 0.4019450843334198, 0.40177807211875916, 0.40159520506858826, 0.40142613649368286, 0.40127694606781006, 0.40101420879364014, 0.400773286819458, 0.4005727767944336, 0.40039435029029846, 0.4002288579940796, 0.40005648136138916, 0.3998730778694153, 0.39969104528427124, 0.39954903721809387, 0.3994131088256836, 0.3992740511894226, 0.39915192127227783, 0.39901015162467957, 0.3988986611366272, 0.3987959325313568, 0.39866504073143005, 0.39851847290992737, 0.39839380979537964, 0.3982927203178406, 0.3981528878211975, 0.39801025390625, 0.39787498116493225, 0.3977343738079071, 0.39761966466903687, 0.397503137588501, 0.39739081263542175, 0.3972872793674469, 0.3971737027168274, 0.39704325795173645, 0.3969271779060364, 0.3967970609664917, 0.39669209718704224, 0.39662569761276245, 0.3965299725532532, 0.39642298221588135, 0.3963378667831421, 0.39623183012008667, 0.396156907081604, 0.396050363779068, 0.3959263861179352, 0.39582809805870056, 0.3957403302192688, 0.39563843607902527, 0.39553242921829224, 0.3954313397407532, 0.39534783363342285, 0.39526617527008057, 0.3951960504055023, 0.39510831236839294, 0.3950241506099701, 0.3949618637561798, 0.39489251375198364, 0.39480873942375183, 0.39474746584892273, 0.39466556906700134, 0.39458614587783813, 0.3945108652114868, 0.39444395899772644, 0.3943463861942291, 0.3942578136920929, 0.3941715955734253, 0.3940894305706024, 0.3940061926841736, 0.3939184546470642, 0.3938501477241516, 0.393756628036499, 0.3936767280101776, 0.3936043083667755, 0.39353153109550476, 0.3934605121612549, 0.3933759927749634, 0.39331063628196716, 0.39323291182518005, 0.39315128326416016, 0.393071711063385, 0.39300811290740967, 0.39293038845062256, 0.39283978939056396, 0.3927553594112396, 0.39267516136169434, 0.3926005959510803, 0.392516553401947, 0.39244407415390015, 0.392385333776474, 0.3923073709011078, 0.39222225546836853, 0.3921447992324829, 0.39208224415779114, 0.3920166492462158, 0.3919455409049988, 0.3918835520744324, 0.3918142020702362, 0.39176249504089355, 0.3916979134082794, 0.3916283845901489, 0.3915598392486572, 0.3914875090122223, 0.3914226293563843, 0.39134952425956726, 0.3912709951400757, 0.3912131190299988, 0.3911409378051758, 0.3910709619522095, 0.39100903272628784, 0.39095330238342285, 0.3908897042274475, 0.3908185660839081, 0.3907411992549896, 0.39067405462265015, 0.3906037211418152, 0.3905416429042816, 0.39048218727111816, 0.3904038369655609, 0.390334814786911, 0.3902701437473297, 0.39019763469696045, 0.39012816548347473, 0.3900579512119293, 0.38998839259147644, 0.38994327187538147, 0.3898782432079315, 0.38981524109840393, 0.3897683620452881, 0.38970860838890076, 0.38964977860450745, 0.38957199454307556, 0.3894966244697571, 0.3894401788711548, 0.3893813192844391, 0.3893192410469055, 0.38926583528518677, 0.38920652866363525, 0.3891456723213196, 0.3890894055366516, 0.3890223801136017, 0.38894689083099365, 0.38889384269714355, 0.38882458209991455, 0.3887554407119751, 0.388683021068573, 0.38862940669059753, 0.38857191801071167, 0.3885037899017334, 0.3884546756744385, 0.38839560747146606, 0.38833436369895935, 0.3882790803909302, 0.38822710514068604, 0.38817593455314636, 0.38812732696533203, 0.3880651593208313, 0.38800758123397827, 0.38795754313468933, 0.3878970742225647, 0.38784724473953247, 0.38778945803642273, 0.3877379596233368, 0.3876698613166809, 0.3876272439956665, 0.38756507635116577, 0.3875204026699066, 0.387459933757782, 0.38740283250808716, 0.3873474895954132, 0.38728636503219604, 0.38722264766693115, 0.3871632516384125, 0.38710856437683105, 0.38706302642822266, 0.3870142102241516, 0.3869503140449524, 0.3868943750858307, 0.38684386014938354, 0.3867877721786499, 0.3867330253124237, 0.386680006980896, 0.38662925362586975, 0.3865809142589569, 0.3865238428115845, 0.3864668309688568, 0.3864234685897827, 0.38637101650238037, 0.3863123059272766, 0.38627129793167114, 0.38622230291366577, 0.3861755132675171, 0.3861292004585266, 0.3860863745212555, 0.38601917028427124, 0.38596034049987793, 0.3859141170978546, 0.3858707845211029, 0.3858204185962677, 0.38577595353126526, 0.38572627305984497, 0.3856750428676605, 0.3856174349784851, 0.38557806611061096, 0.38552406430244446, 0.3854866921901703, 0.38543999195098877, 0.3853992223739624, 0.3853513300418854, 0.38530731201171875, 0.38525256514549255, 0.3852008581161499, 0.38514986634254456, 0.38509753346443176, 0.38505858182907104, 0.3850032687187195, 0.384956955909729, 0.38491103053092957, 0.384858638048172, 0.3848087191581726, 0.38475531339645386, 0.38471177220344543, 0.38467130064964294, 0.3846292197704315, 0.38458672165870667, 0.38453638553619385, 0.3844916820526123, 0.38444602489471436, 0.3843977451324463, 0.3843468427658081, 0.38429519534111023, 0.3842605650424957, 0.3842279314994812, 0.3841720521450043, 0.3841264843940735, 0.3840752840042114, 0.38403427600860596, 0.38398516178131104, 0.3839400112628937, 0.3838898539543152, 0.3838391602039337, 0.38379454612731934, 0.3837406039237976, 0.3836936056613922, 0.38365212082862854, 0.3836158812046051, 0.383574515581131, 0.3835429251194, 0.3834971487522125, 0.3834491968154907, 0.38339877128601074, 0.3833561837673187, 0.38331717252731323, 0.38327711820602417, 0.38323643803596497, 0.3832016885280609, 0.38315463066101074, 0.38312608003616333, 0.3830797076225281, 0.3830355703830719, 0.3829957842826843]",33.0,"[33.0, 33.0, 33.0, 33.0, 33.0, 33.0, 33.0, 33.0, 33.0, 33.0, 33.0, 33.0, 33.0, 33.0, 33.0, 33.0, 33.0, 33.0, 33.0, 33.0, 33.0, 33.0, 33.0, 33.0, 33.0, 33.0, 33.0, 33.0, 33.0, 33.0, 33.0, 33.0, 33.0, 33.0, 33.0, 33.0, 33.0, 33.0, 33.0, 33.0, 33.0, 33.0, 33.0, 33.0, 33.0, 33.0, 33.0, 33.0, 33.0, 33.0, 33.0, 33.0, 33.0, 33.0, 33.0, 33.0, 33.0, 33.0, 33.0, 33.0, 33.0, 33.0, 33.0, 33.0, 33.0, 33.0, 33.0, 33.0, 33.0, 33.0, 33.0, 33.0, 33.0, 33.0, 33.0, 33.0, 33.0, 33.0, 33.0, 33.0, 33.0, 33.0, 33.0, 33.0, 33.0, 33.0, 33.0, 33.0, 33.0, 33.0, 33.0, 33.0, 33.0, 33.0, 33.0, 33.0, 33.0, 33.0, 33.0, 33.0, 33.0, 33.0, 33.0, 33.0, 33.0, 33.0, 33.0, 33.0, 33.0, 33.0, 33.0, 33.0, 33.0, 33.0, 33.0, 33.0, 33.0, 33.0, 33.0, 33.0, 33.0, 33.0, 33.0, 33.0, 33.0, 33.0, 33.0, 33.0, 33.0, 33.0, 33.0, 33.0, 33.0, 33.0, 33.0, 33.0, 33.0, 33.0, 33.0, 33.0, 33.0, 33.0, 33.0, 33.0, 33.0, 33.0, 33.0, 33.0, 33.0, 33.0, 33.0, 33.0, 33.0, 33.0, 33.0, 33.0, 33.0, 33.0, 33.0, 33.0, 33.0, 33.0, 33.0, 33.0, 33.0, 33.0, 33.0, 33.0, 33.0, 33.0, 33.0, 33.0, 33.0, 33.0, 33.0, 33.0, 33.0, 33.0, 33.0, 33.0, 33.0, 33.0, 33.0, 33.0, 33.0, 33.0, 33.0, 33.0, 33.0, 33.0, 33.0, 33.0, 33.0, 33.0, 33.0, 33.0, 33.0, 33.0, 33.0, 33.0, 33.0, 33.0, 33.0, 33.0, 33.0, 33.0, 33.0, 33.0, 33.0, 33.0, 33.0, 33.0, 33.0, 33.0, 33.0, 33.0, 33.0, 33.0, 33.0, 33.0, 33.0, 33.0, 33.0, 33.0, 33.0, 33.0, 33.0, 33.0, 33.0, 33.0, 33.0, 33.0, 33.0, 33.0, 33.0, 33.0, 33.0, 33.0, 33.0, 33.0, 33.0, 33.0, 33.0, 33.0, 33.0, 33.0, 33.0, 33.0, 33.0, 33.0, 33.0, 33.0, 33.0, 33.0, 33.0, 33.0, 33.0, 33.0, 33.0, 33.0, 33.0, 33.0, 33.0, 33.0, 33.0, 33.0, 33.0, 33.0, 33.0, 33.0, 33.0, 33.0, 33.0, 33.0, 33.0, 33.0, 33.0, 33.0, 33.0, 33.0, 33.0, 33.0, 33.0, 33.0, 33.0, 33.0, 33.0, 33.0, 33.0, 33.0, 33.0, 33.0, 33.0, 33.0, 33.0, 33.0, 33.0, 33.0, 33.0, 33.0, 33.0, 33.0, 33.0, 33.0, 33.0, 33.0, 33.0, 33.0, 33.0, 33.0, 33.0, 33.0, 33.0, 33.0, 33.0, 33.0, 33.0, 33.0, 33.0, 33.0, 33.0, 33.0, 33.0, 33.0, 33.0]",COMPLETE
