,number,value,datetime_start,datetime_complete,duration,params_batch_size_scaler,params_constant_learning_rate,params_depth,params_epochs,params_kernel_l2,params_num_trees,params_temperature,user_attrs_accuracy_test,user_attrs_accuracy_valid,user_attrs_approximate_feature_sparsity,user_attrs_approximate_feature_sparsity_history,user_attrs_approximate_weight_sparsity,user_attrs_approximate_weight_sparsity_history,user_attrs_auc_test,user_attrs_auc_valid,user_attrs_feature_sparsity,user_attrs_feature_sparsity_history,user_attrs_num_epochs,user_attrs_val_loss_history,user_attrs_weight_sparsity,user_attrs_weight_sparsity_history,state
64,64,0.5,2024-08-31 03:16:20.500051,2024-08-31 03:17:48.772555,0 days 00:01:28.272504,64,2.6226336853188945,3,415,0.07206201371649806,26,0.0006233799770393564,0.859,0.85875,0,"[33, 33, 33, 33, 33, 33, 33, 33, 33, 33, 33, 33, 33, 33, 33, 33, 33, 33, 33, 33, 33, 33, 33, 33, 33, 33, 32, 31, 25, 22, 18, 17, 17, 17, 17, 16, 16, 15, 15, 15, 15, 15, 15, 15, 15, 15, 14, 14, 14, 13, 12, 11, 11, 11, 9, 9, 9, 9, 9, 9, 9, 9, 9, 9, 9, 8, 8, 8, 8, 8, 7, 7, 7, 7, 7, 7, 7, 7, 7, 7, 7, 7, 7, 7, 7, 7, 7, 7, 7, 7, 7, 7, 7, 7, 7, 7, 7, 7, 7, 7, 6, 6, 6, 6, 6, 6, 6, 6, 6, 6, 6, 6, 6, 6, 6, 6, 6, 6, 6, 6, 5, 5, 5, 5, 5, 5, 4, 4, 4, 4, 4, 4, 4, 4, 4, 2, 2, 2, 2, 2, 2, 2, 2, 2, 2, 2, 2, 2, 2, 2, 2, 2, 2, 2, 2, 2, 2, 2, 2, 2, 2, 2, 2, 0, 0, 0, 0, 0, 0, 0, 0, 0, 0, 0, 0, 0, 0, 0, 0, 0, 0, 0, 0, 0, 0, 0, 0, 0, 0, 0, 0, 0, 0, 0, 0, 0, 0, 0, 0, 0, 0, 0, 0, 0, 0, 0, 0, 0, 0, 0, 0, 0, 0, 0, 0, 0, 0, 0, 0, 0, 0, 0, 0, 0, 0, 0, 0, 0, 0, 0, 0, 0, 0, 0, 0, 0, 0, 0, 0, 0, 0, 0, 0, 0, 0, 0, 0, 0, 0, 0, 0, 0, 0, 0, 0, 0, 0, 0, 0, 0, 0, 0, 0, 0, 0, 0, 0, 0, 0, 0, 0, 0, 0, 0, 0, 0, 0, 0, 0, 0, 0, 0, 0, 0, 0, 0, 0, 0, 0, 0, 0, 0, 0, 0, 0, 0, 0, 0, 0, 0, 0, 0, 0, 0, 0, 0, 0, 0, 0, 0, 0, 0, 0, 0, 0, 0, 0, 0, 0, 0, 0, 0, 0, 0, 0, 0, 0, 0, 0, 0, 0, 0, 0, 0, 0, 0, 0, 0, 0, 0, 0, 0, 0, 0, 0, 0, 0, 0, 0, 0, 0, 0, 0, 0, 0, 0, 0, 0, 0, 0, 0, 0, 0, 0, 0, 0, 0, 0, 0, 0, 0, 0, 0, 0, 0, 0, 0, 0, 0, 0, 0, 0, 0, 0, 0, 0, 0, 0, 0, 0, 0, 0, 0, 0, 0, 0, 0, 0, 0, 0, 0, 0, 0, 0, 0, 0, 0, 0, 0, 0, 0, 0, 0, 0, 0]",0.0,"[32.98351648351648, 32.956043956043956, 32.98351648351648, 32.96153846153846, 32.972527472527474, 32.97802197802198, 32.96153846153846, 32.972527472527474, 32.972527472527474, 32.96153846153846, 32.972527472527474, 32.97802197802198, 32.97802197802198, 32.97802197802198, 32.98351648351648, 32.972527472527474, 32.97802197802198, 32.98901098901099, 32.972527472527474, 32.98351648351648, 32.97802197802198, 32.994505494505496, 32.98351648351648, 32.98901098901099, 32.994505494505496, 32.97802197802198, 31.978021978021978, 30.983516483516482, 24.98901098901099, 21.978021978021978, 18.0, 16.983516483516482, 16.994505494505496, 16.994505494505496, 16.98901098901099, 15.989010989010989, 16.0, 14.994505494505495, 14.983516483516484, 14.989010989010989, 14.989010989010989, 14.983516483516484, 14.983516483516484, 14.989010989010989, 14.983516483516484, 14.994505494505495, 13.978021978021978, 14.0, 13.983516483516484, 12.994505494505495, 11.994505494505495, 10.994505494505495, 10.983516483516484, 10.989010989010989, 8.994505494505495, 8.989010989010989, 9.0, 8.994505494505495, 8.994505494505495, 9.0, 9.0, 8.978021978021978, 8.994505494505495, 8.994505494505495, 9.0, 7.9945054945054945, 8.0, 7.9945054945054945, 7.989010989010989, 7.9945054945054945, 6.9945054945054945, 6.989010989010989, 6.9945054945054945, 6.9945054945054945, 6.983516483516484, 6.9945054945054945, 6.9945054945054945, 6.983516483516484, 6.989010989010989, 7.0, 6.9945054945054945, 6.9945054945054945, 6.9945054945054945, 6.9945054945054945, 6.989010989010989, 6.9945054945054945, 7.0, 6.9945054945054945, 7.0, 7.0, 6.9945054945054945, 6.9945054945054945, 7.0, 6.9945054945054945, 7.0, 6.989010989010989, 7.0, 6.9945054945054945, 7.0, 6.9945054945054945, 6.0, 6.0, 5.9945054945054945, 5.989010989010989, 6.0, 5.9945054945054945, 6.0, 5.9945054945054945, 5.9945054945054945, 6.0, 6.0, 5.9945054945054945, 6.0, 6.0, 6.0, 6.0, 6.0, 6.0, 6.0, 5.9945054945054945, 4.9945054945054945, 4.9945054945054945, 5.0, 4.9945054945054945, 5.0, 5.0, 4.0, 4.0, 3.989010989010989, 4.0, 3.9945054945054945, 3.9945054945054945, 3.9945054945054945, 4.0, 3.9945054945054945, 2.0, 2.0, 2.0, 2.0, 2.0, 1.989010989010989, 2.0, 2.0, 2.0, 1.9945054945054945, 1.9945054945054945, 1.9945054945054945, 1.9945054945054945, 2.0, 2.0, 2.0, 2.0, 2.0, 2.0, 1.9945054945054945, 2.0, 2.0, 2.0, 2.0, 2.0, 2.0, 2.0, 2.0, 0.0, 0.0, 0.0, 0.0, 0.0, 0.0, 0.0, 0.0, 0.0, 0.0, 0.0, 0.0, 0.0, 0.0, 0.0, 0.0, 0.0, 0.0, 0.0, 0.0, 0.0, 0.0, 0.0, 0.0, 0.0, 0.0, 0.0, 0.0, 0.0, 0.0, 0.0, 0.0, 0.0, 0.0, 0.0, 0.0, 0.0, 0.0, 0.0, 0.0, 0.0, 0.0, 0.0, 0.0, 0.0, 0.0, 0.0, 0.0, 0.0, 0.0, 0.0, 0.0, 0.0, 0.0, 0.0, 0.0, 0.0, 0.0, 0.0, 0.0, 0.0, 0.0, 0.0, 0.0, 0.0, 0.0, 0.0, 0.0, 0.0, 0.0, 0.0, 0.0, 0.0, 0.0, 0.0, 0.0, 0.0, 0.0, 0.0, 0.0, 0.0, 0.0, 0.0, 0.0, 0.0, 0.0, 0.0, 0.0, 0.0, 0.0, 0.0, 0.0, 0.0, 0.0, 0.0, 0.0, 0.0, 0.0, 0.0, 0.0, 0.0, 0.0, 0.0, 0.0, 0.0, 0.0, 0.0, 0.0, 0.0, 0.0, 0.0, 0.0, 0.0, 0.0, 0.0, 0.0, 0.0, 0.0, 0.0, 0.0, 0.0, 0.0, 0.0, 0.0, 0.0, 0.0, 0.0, 0.0, 0.0, 0.0, 0.0, 0.0, 0.0, 0.0, 0.0, 0.0, 0.0, 0.0, 0.0, 0.0, 0.0, 0.0, 0.0, 0.0, 0.0, 0.0, 0.0, 0.0, 0.0, 0.0, 0.0, 0.0, 0.0, 0.0, 0.0, 0.0, 0.0, 0.0, 0.0, 0.0, 0.0, 0.0, 0.0, 0.0, 0.0, 0.0, 0.0, 0.0, 0.0, 0.0, 0.0, 0.0, 0.0, 0.0, 0.0, 0.0, 0.0, 0.0, 0.0, 0.0, 0.0, 0.0, 0.0, 0.0, 0.0, 0.0, 0.0, 0.0, 0.0, 0.0, 0.0, 0.0, 0.0, 0.0, 0.0, 0.0, 0.0, 0.0, 0.0, 0.0, 0.0, 0.0, 0.0, 0.0, 0.0, 0.0, 0.0, 0.0, 0.0, 0.0, 0.0, 0.0, 0.0, 0.0, 0.0, 0.0, 0.0, 0.0, 0.0, 0.0, 0.0, 0.0, 0.0, 0.0, 0.0, 0.0, 0.0, 0.0, 0.0, 0.0, 0.0, 0.0, 0.0, 0.0, 0.0, 0.0, 0.0, 0.0, 0.0, 0.0, 0.0, 0.0, 0.0, 0.0, 0.0, 0.0, 0.0, 0.0, 0.0, 0.0, 0.0, 0.0]",0.5,0.5,0,"[33, 33, 33, 33, 33, 33, 33, 33, 33, 33, 33, 33, 33, 33, 33, 33, 33, 33, 33, 33, 33, 33, 33, 33, 33, 33, 32, 31, 25, 22, 18, 17, 17, 17, 17, 16, 16, 15, 15, 15, 15, 15, 15, 15, 15, 15, 14, 14, 14, 13, 12, 11, 11, 11, 9, 9, 9, 9, 9, 9, 9, 9, 9, 9, 9, 8, 8, 8, 8, 8, 7, 7, 7, 7, 7, 7, 7, 7, 7, 7, 7, 7, 7, 7, 7, 7, 7, 7, 7, 7, 7, 7, 7, 7, 7, 7, 7, 7, 7, 7, 6, 6, 6, 6, 6, 6, 6, 6, 6, 6, 6, 6, 6, 6, 6, 6, 6, 6, 6, 6, 5, 5, 5, 5, 5, 5, 4, 4, 4, 4, 4, 4, 4, 4, 4, 2, 2, 2, 2, 2, 2, 2, 2, 2, 2, 2, 2, 2, 2, 2, 2, 2, 2, 2, 2, 2, 2, 2, 2, 2, 2, 2, 2, 0, 0, 0, 0, 0, 0, 0, 0, 0, 0, 0, 0, 0, 0, 0, 0, 0, 0, 0, 0, 0, 0, 0, 0, 0, 0, 0, 0, 0, 0, 0, 0, 0, 0, 0, 0, 0, 0, 0, 0, 0, 0, 0, 0, 0, 0, 0, 0, 0, 0, 0, 0, 0, 0, 0, 0, 0, 0, 0, 0, 0, 0, 0, 0, 0, 0, 0, 0, 0, 0, 0, 0, 0, 0, 0, 0, 0, 0, 0, 0, 0, 0, 0, 0, 0, 0, 0, 0, 0, 0, 0, 0, 0, 0, 0, 0, 0, 0, 0, 0, 0, 0, 0, 0, 0, 0, 0, 0, 0, 0, 0, 0, 0, 0, 0, 0, 0, 0, 0, 0, 0, 0, 0, 0, 0, 0, 0, 0, 0, 0, 0, 0, 0, 0, 0, 0, 0, 0, 0, 0, 0, 0, 0, 0, 0, 0, 0, 0, 0, 0, 0, 0, 0, 0, 0, 0, 0, 0, 0, 0, 0, 0, 0, 0, 0, 0, 0, 0, 0, 0, 0, 0, 0, 0, 0, 0, 0, 0, 0, 0, 0, 0, 0, 0, 0, 0, 0, 0, 0, 0, 0, 0, 0, 0, 0, 0, 0, 0, 0, 0, 0, 0, 0, 0, 0, 0, 0, 0, 0, 0, 0, 0, 0, 0, 0, 0, 0, 0, 0, 0, 0, 0, 0, 0, 0, 0, 0, 0, 0, 0, 0, 0, 0, 0, 0, 0, 0, 0, 0, 0, 0, 0, 0, 0, 0, 0, 0, 0, 0, 0, 0, 0]",415,"[0.6066038012504578, 0.40735912322998047, 0.4248184859752655, 0.4638986587524414, 0.37473076581954956, 0.3706866204738617, 0.36289551854133606, 0.4148668944835663, 0.3498384356498718, 0.3437930941581726, 0.3412971496582031, 0.3356419801712036, 0.3266860842704773, 0.317333459854126, 0.32809513807296753, 0.31325411796569824, 0.3260272145271301, 0.2913134694099426, 0.2993314862251282, 0.29352760314941406, 0.2781940996646881, 0.2799991965293884, 0.27611666917800903, 0.28275227546691895, 0.2844187319278717, 0.30454587936401367, 0.34040671586990356, 0.3062214255332947, 0.2597704529762268, 0.26250776648521423, 0.2724250555038452, 0.2894994616508484, 0.2502495050430298, 0.24573378264904022, 0.24988308548927307, 0.25132498145103455, 0.24335722625255585, 0.293940007686615, 0.2795262634754181, 0.24575643241405487, 0.2433624118566513, 0.24588477611541748, 0.329542875289917, 0.3013607859611511, 0.2437877058982849, 0.41221845149993896, 0.25892922282218933, 0.2401813566684723, 0.24916601181030273, 0.2722676396369934, 0.2706378698348999, 0.2545439898967743, 0.25047051906585693, 0.25174540281295776, 0.2566360831260681, 0.25908637046813965, 0.2602814733982086, 0.2799674868583679, 0.2563398480415344, 0.249527245759964, 0.26204994320869446, 0.24744874238967896, 0.2673838138580322, 0.27391037344932556, 0.27147483825683594, 0.4453940689563751, 0.25025859475135803, 0.25124409794807434, 0.27380606532096863, 0.2518343925476074, 0.25516992807388306, 0.2682976722717285, 0.266592413187027, 0.2855598032474518, 0.2591956555843353, 0.24059543013572693, 0.24138468503952026, 0.2578010559082031, 0.28402194380760193, 0.2813638746738434, 0.3000287115573883, 0.31731748580932617, 0.26149091124534607, 0.23872990906238556, 0.2386731654405594, 0.24233727157115936, 0.2387753278017044, 0.2569897770881653, 0.2565953731536865, 0.2554306387901306, 0.5271907448768616, 0.25055551528930664, 0.243371844291687, 0.25735965371131897, 0.24574537575244904, 0.26515501737594604, 0.32991617918014526, 0.24705477058887482, 0.24820370972156525, 0.24030371010303497, 0.2980833947658539, 0.28623104095458984, 0.38064825534820557, 0.3087647259235382, 0.3488244116306305, 0.3574603199958801, 0.2861551344394684, 0.3095640242099762, 0.28358525037765503, 0.28073737025260925, 0.29327064752578735, 0.28810814023017883, 0.30964910984039307, 0.37669745087623596, 0.29067960381507874, 0.3527042269706726, 0.3820440173149109, 0.30747416615486145, 0.28031936287879944, 0.2821982800960541, 0.34947261214256287, 0.3115618824958801, 0.30543139576911926, 0.3116512894630432, 0.3230694830417633, 0.3118508458137512, 0.3254467248916626, 0.3306748569011688, 0.3218589723110199, 0.37665310502052307, 0.5183538198471069, 0.307390958070755, 0.30771923065185547, 0.43432262539863586, 0.3576740622520447, 0.4584652781486511, 0.37873995304107666, 0.3780228793621063, 0.45973795652389526, 0.52500319480896, 0.47926825284957886, 0.5884307622909546, 0.4962233006954193, 0.637904942035675, 0.4553786814212799, 0.37821224331855774, 0.37719735503196716, 0.3803204596042633, 0.5606836676597595, 0.3843945562839508, 0.496624231338501, 0.5235346555709839, 0.6154882311820984, 0.47234055399894714, 0.5709258317947388, 0.549923300743103, 0.387002557516098, 0.45174893736839294, 0.4475003182888031, 0.3809283971786499, 0.3771595060825348, 0.38525712490081787, 0.3792884349822998, 0.4316580593585968, 0.4257347881793976, 0.507384717464447, 0.4943285882472992, 0.6051089763641357, 0.5298634171485901, 0.4304982125759125, 0.46754559874534607, 0.46622031927108765, 0.4488322138786316, 0.44116488099098206, 0.4852944314479828, 0.48199141025543213, 0.5386736392974854, 0.5504708290100098, 0.4652748107910156, 0.5939157009124756, 0.5979194641113281, 0.424958199262619, 0.5977303981781006, 0.42277634143829346, 0.4072711169719696, 0.41263189911842346, 0.43552300333976746, 0.4150693416595459, 0.4078627824783325, 0.4424760341644287, 0.483574777841568, 0.42203518748283386, 0.4080135226249695, 0.4391022026538849, 0.407235324382782, 0.41091006994247437, 0.44852450489997864, 0.4692268669605255, 0.40729811787605286, 0.41299018263816833, 0.4625253677368164, 0.4092431664466858, 0.4194642901420593, 0.41139915585517883, 0.4321432411670685, 0.5712906122207642, 0.6596800088882446, 0.4101131558418274, 0.41222554445266724, 0.41162917017936707, 0.4914928674697876, 0.4191655218601227, 0.41199055314064026, 0.4392768144607544, 0.4355941712856293, 0.40933746099472046, 0.4986706078052521, 0.45974311232566833, 0.4085620641708374, 0.48157814145088196, 0.4783378541469574, 0.4283680021762848, 0.5642397403717041, 0.4339835047721863, 0.4115847647190094, 0.4102132320404053, 0.41813355684280396, 0.4072275459766388, 0.4086454510688782, 0.4267179071903229, 0.49408677220344543, 0.4072491526603699, 0.4600706398487091, 0.41003477573394775, 0.427895724773407, 0.4319857060909271, 0.41150224208831787, 0.4921790063381195, 0.40758782625198364, 0.48178234696388245, 0.4945513904094696, 0.4480980634689331, 0.5327661037445068, 0.4084794521331787, 0.41674119234085083, 0.4493204355239868, 0.4076464772224426, 0.595080554485321, 0.41292786598205566, 0.4199867248535156, 0.4124682545661926, 0.4135889708995819, 0.49329522252082825, 0.4402208626270294, 0.4896039664745331, 0.5170031189918518, 0.42433667182922363, 0.41592416167259216, 0.42571404576301575, 0.4378255605697632, 0.41248100996017456, 0.4144200086593628, 0.4106333255767822, 0.4365915060043335, 0.44557738304138184, 0.4615318179130554, 0.5210230350494385, 0.4072997570037842, 0.4515365660190582, 0.449567973613739, 0.4083903431892395, 0.5624884963035583, 0.446929931640625, 0.41857850551605225, 0.4082430899143219, 0.4255601167678833, 0.40870440006256104, 0.416985422372818, 0.4368413984775543, 0.4172106981277466, 0.41675904393196106, 0.5114212036132812, 0.47003474831581116, 0.41292670369148254, 0.5115529894828796, 0.49900367856025696, 0.4505375623703003, 0.40722742676734924, 0.4198375642299652, 0.4894459545612335, 0.47786659002304077, 0.44272544980049133, 0.4423796534538269, 0.5078116059303284, 0.43623292446136475, 0.4415218234062195, 0.41757380962371826, 0.42911747097969055, 0.43815794587135315, 0.43172335624694824, 0.41835516691207886, 0.4104144275188446, 0.4780653715133667, 0.41016876697540283, 0.4149131774902344, 0.4133487641811371, 0.4987422227859497, 0.40799057483673096, 0.523349404335022, 0.4566197991371155, 0.41386306285858154, 0.4107927083969116, 0.4221900999546051, 0.40912625193595886, 0.41409003734588623, 0.5639153122901917, 0.42481717467308044, 0.4205456078052521, 0.5211133360862732, 0.5112764239311218, 0.4074987769126892, 0.41172468662261963, 0.418522447347641, 0.40736255049705505, 0.4282875955104828, 0.4573608636856079, 0.4287218451499939, 0.41875264048576355, 0.40730369091033936, 0.410186767578125, 0.4075474143028259, 0.4152432382106781, 0.4100619852542877, 0.41497620940208435, 0.41609078645706177, 0.47545912861824036, 0.4201302230358124, 0.4088713824748993, 0.4316967725753784, 0.49492645263671875, 0.43256285786628723, 0.5939929485321045, 0.42890825867652893, 0.4850657284259796, 0.4092021882534027, 0.40815651416778564, 0.5423440933227539, 0.4073947072029114, 0.40779387950897217, 0.555097222328186, 0.42427361011505127, 0.4681050777435303, 0.4078081548213959, 0.4074566662311554, 0.42193281650543213, 0.5080661773681641, 0.4072418510913849, 0.46096405386924744, 0.423124223947525, 0.5110173225402832, 0.5217252969741821, 0.49906039237976074, 0.4325338304042816, 0.4158601760864258, 0.4082036316394806, 0.6494268774986267, 0.4077666103839874, 0.4405190944671631, 0.4230283796787262, 0.42531439661979675, 0.453990638256073, 0.4204963743686676, 0.43966346979141235, 0.4074006974697113, 0.42718735337257385, 0.4108141362667084, 0.4097878336906433, 0.4184459447860718, 0.44612300395965576, 0.4076053202152252, 0.40724319219589233, 0.4237527847290039, 0.4747660160064697, 0.4152289628982544, 0.4074648916721344, 0.40736883878707886, 0.4166480600833893, 0.4316997528076172, 0.4147842526435852, 0.4937014877796173, 0.42349937558174133, 0.44669830799102783, 0.4105244576931, 0.409645676612854, 0.43065711855888367, 0.40963417291641235, 0.4107266962528229, 0.5459901690483093, 0.41666343808174133, 0.42571476101875305, 0.40896278619766235, 0.43011847138404846, 0.45245155692100525, 0.5476639270782471, 0.4519381821155548, 0.5357444882392883, 0.4073582589626312, 0.4131282866001129, 0.4073789119720459, 0.4693879783153534, 0.4104842245578766, 0.44870898127555847, 0.42310166358947754, 0.4148893654346466, 0.4231421649456024]",0.0,"[33.0, 33.0, 33.0, 33.0, 33.0, 33.0, 33.0, 33.0, 33.0, 33.0, 33.0, 33.0, 33.0, 33.0, 33.0, 33.0, 33.0, 33.0, 33.0, 33.0, 33.0, 33.0, 33.0, 33.0, 33.0, 33.0, 32.0, 31.0, 25.0, 22.0, 18.0, 17.0, 17.0, 17.0, 17.0, 16.0, 16.0, 15.0, 15.0, 15.0, 15.0, 15.0, 15.0, 15.0, 15.0, 15.0, 14.0, 14.0, 14.0, 13.0, 12.0, 11.0, 11.0, 11.0, 9.0, 9.0, 9.0, 9.0, 9.0, 9.0, 9.0, 9.0, 9.0, 9.0, 9.0, 8.0, 8.0, 8.0, 8.0, 8.0, 7.0, 7.0, 7.0, 7.0, 7.0, 7.0, 7.0, 7.0, 7.0, 7.0, 7.0, 7.0, 7.0, 7.0, 7.0, 7.0, 7.0, 7.0, 7.0, 7.0, 7.0, 7.0, 7.0, 7.0, 7.0, 7.0, 7.0, 7.0, 7.0, 7.0, 6.0, 6.0, 6.0, 6.0, 6.0, 6.0, 6.0, 6.0, 6.0, 6.0, 6.0, 6.0, 6.0, 6.0, 6.0, 6.0, 6.0, 6.0, 6.0, 6.0, 5.0, 5.0, 5.0, 5.0, 5.0, 5.0, 4.0, 4.0, 4.0, 4.0, 4.0, 4.0, 4.0, 4.0, 4.0, 2.0, 2.0, 2.0, 2.0, 2.0, 2.0, 2.0, 2.0, 2.0, 2.0, 2.0, 2.0, 2.0, 2.0, 2.0, 2.0, 2.0, 2.0, 2.0, 2.0, 2.0, 2.0, 2.0, 2.0, 2.0, 2.0, 2.0, 2.0, 0.0, 0.0, 0.0, 0.0, 0.0, 0.0, 0.0, 0.0, 0.0, 0.0, 0.0, 0.0, 0.0, 0.0, 0.0, 0.0, 0.0, 0.0, 0.0, 0.0, 0.0, 0.0, 0.0, 0.0, 0.0, 0.0, 0.0, 0.0, 0.0, 0.0, 0.0, 0.0, 0.0, 0.0, 0.0, 0.0, 0.0, 0.0, 0.0, 0.0, 0.0, 0.0, 0.0, 0.0, 0.0, 0.0, 0.0, 0.0, 0.0, 0.0, 0.0, 0.0, 0.0, 0.0, 0.0, 0.0, 0.0, 0.0, 0.0, 0.0, 0.0, 0.0, 0.0, 0.0, 0.0, 0.0, 0.0, 0.0, 0.0, 0.0, 0.0, 0.0, 0.0, 0.0, 0.0, 0.0, 0.0, 0.0, 0.0, 0.0, 0.0, 0.0, 0.0, 0.0, 0.0, 0.0, 0.0, 0.0, 0.0, 0.0, 0.0, 0.0, 0.0, 0.0, 0.0, 0.0, 0.0, 0.0, 0.0, 0.0, 0.0, 0.0, 0.0, 0.0, 0.0, 0.0, 0.0, 0.0, 0.0, 0.0, 0.0, 0.0, 0.0, 0.0, 0.0, 0.0, 0.0, 0.0, 0.0, 0.0, 0.0, 0.0, 0.0, 0.0, 0.0, 0.0, 0.0, 0.0, 0.0, 0.0, 0.0, 0.0, 0.0, 0.0, 0.0, 0.0, 0.0, 0.0, 0.0, 0.0, 0.0, 0.0, 0.0, 0.0, 0.0, 0.0, 0.0, 0.0, 0.0, 0.0, 0.0, 0.0, 0.0, 0.0, 0.0, 0.0, 0.0, 0.0, 0.0, 0.0, 0.0, 0.0, 0.0, 0.0, 0.0, 0.0, 0.0, 0.0, 0.0, 0.0, 0.0, 0.0, 0.0, 0.0, 0.0, 0.0, 0.0, 0.0, 0.0, 0.0, 0.0, 0.0, 0.0, 0.0, 0.0, 0.0, 0.0, 0.0, 0.0, 0.0, 0.0, 0.0, 0.0, 0.0, 0.0, 0.0, 0.0, 0.0, 0.0, 0.0, 0.0, 0.0, 0.0, 0.0, 0.0, 0.0, 0.0, 0.0, 0.0, 0.0, 0.0, 0.0, 0.0, 0.0, 0.0, 0.0, 0.0, 0.0, 0.0, 0.0, 0.0, 0.0, 0.0, 0.0, 0.0, 0.0, 0.0, 0.0, 0.0, 0.0, 0.0, 0.0, 0.0, 0.0, 0.0, 0.0, 0.0, 0.0, 0.0, 0.0, 0.0, 0.0, 0.0, 0.0, 0.0, 0.0, 0.0, 0.0, 0.0, 0.0, 0.0, 0.0]",COMPLETE
65,65,0.7212969045870851,2024-08-31 03:17:48.801867,2024-08-31 03:18:30.757329,0 days 00:00:41.955462,64,0.4986554867197095,5,40,0.01698244583554,19,0.005240790386894171,0.874,0.87125,33,"[33, 33, 33, 33, 33, 33, 33, 33, 33, 33, 33, 33, 33, 33, 33, 33, 33, 33, 33, 33, 33, 33, 33, 33, 33, 33, 33, 33, 33, 33, 33, 33, 33, 33, 33, 33, 33, 33, 33, 33]",32.97792869269949,"[32.97113752122241, 32.96434634974533, 32.96774193548387, 32.969439728353144, 32.97453310696095, 32.97962648556876, 32.97113752122241, 32.95925297113752, 32.95755517826825, 32.96943972835314, 32.964346349745334, 32.95755517826825, 32.960950764006796, 32.959252971137516, 32.959252971137516, 32.95755517826825, 32.95585738539898, 32.95755517826825, 32.95925297113752, 32.969439728353144, 32.97283531409168, 32.97283531409168, 32.96264855687606, 32.96943972835314, 32.96774193548387, 32.96095076400679, 32.97113752122241, 32.96095076400679, 32.964346349745334, 32.96264855687606, 32.955857385398986, 32.96264855687606, 32.95925297113752, 32.9660441426146, 32.95415959252971, 32.96095076400679, 32.96943972835314, 32.96774193548387, 32.96774193548387, 32.97792869269949]",0.7560250662571522,0.7212969045870851,33,"[33, 33, 33, 33, 33, 33, 33, 33, 33, 33, 33, 33, 33, 33, 33, 33, 33, 33, 33, 33, 33, 33, 33, 33, 33, 33, 33, 33, 33, 33, 33, 33, 33, 33, 33, 33, 33, 33, 33, 33]",40,"[0.5066303014755249, 0.4318748414516449, 0.4057353138923645, 0.3953169584274292, 0.38980457186698914, 0.38722819089889526, 0.3852669596672058, 0.38278263807296753, 0.3811452388763428, 0.3800120949745178, 0.37815338373184204, 0.3767246901988983, 0.37560904026031494, 0.3741774260997772, 0.37315842509269714, 0.3723820745944977, 0.3714296221733093, 0.37070387601852417, 0.36977559328079224, 0.36904752254486084, 0.3682493567466736, 0.36740970611572266, 0.3669097125530243, 0.366393119096756, 0.3657582998275757, 0.365208238363266, 0.3643559515476227, 0.3639403283596039, 0.3632741868495941, 0.3627565801143646, 0.36231526732444763, 0.36164578795433044, 0.3609068691730499, 0.3604162633419037, 0.3597073256969452, 0.35916706919670105, 0.3585549294948578, 0.3578777313232422, 0.3570537865161896, 0.3563801646232605]",33.0,"[33.0, 33.0, 33.0, 33.0, 33.0, 33.0, 33.0, 33.0, 33.0, 33.0, 33.0, 33.0, 33.0, 33.0, 33.0, 33.0, 33.0, 33.0, 33.0, 33.0, 33.0, 33.0, 33.0, 33.0, 33.0, 33.0, 33.0, 33.0, 33.0, 33.0, 33.0, 33.0, 33.0, 33.0, 33.0, 33.0, 33.0, 33.0, 33.0, 33.0]",COMPLETE
