,number,value,datetime_start,datetime_complete,duration,params_batch_size_scaler,params_constant_learning_rate,params_depth,params_epochs,params_kernel_l2,params_num_trees,params_temperature,user_attrs_accuracy_test,user_attrs_accuracy_valid,user_attrs_approximate_feature_sparsity,user_attrs_approximate_feature_sparsity_history,user_attrs_approximate_weight_sparsity,user_attrs_approximate_weight_sparsity_history,user_attrs_auc_test,user_attrs_auc_valid,user_attrs_feature_sparsity,user_attrs_feature_sparsity_history,user_attrs_num_epochs,user_attrs_val_loss_history,user_attrs_weight_sparsity,user_attrs_weight_sparsity_history,state
41,41,0.7809380273344411,2024-08-31 02:34:36.658841,2024-08-31 02:35:00.801093,0 days 00:00:24.142252,64,0.06977424095012828,3,280,0.09334993957747618,20,0.0002102681031678843,0.882,0.875,33,"[33, 33, 33, 33, 33, 33, 33, 33, 33, 33, 33, 33, 33, 33, 33, 33, 33, 33, 33, 33, 33, 33, 33, 33, 33, 33, 33, 33, 33, 33, 33, 33, 33, 33, 33, 33, 33, 33, 33, 33, 33, 33, 33, 33, 33, 33, 33, 33, 33, 33, 33, 33, 33, 33, 33, 33, 33, 33, 33, 33, 33, 33, 33, 33, 33, 33, 33, 33, 33, 33, 33, 33, 33, 33, 33, 33, 33, 33, 33, 33, 33, 33, 33, 33, 33, 33, 33, 33, 33, 33, 33, 33, 33, 33, 33, 33, 33, 33, 33, 33, 33, 33, 33, 33, 33, 33, 33, 33, 33, 33, 33, 33, 33, 33, 33, 33, 33, 33, 33, 33, 33, 33, 33, 33, 33, 33, 33, 33, 33, 33, 33, 33, 33, 33, 33, 33, 33, 33, 33, 33, 33, 33, 33, 33, 33, 33, 33, 33, 33, 33, 33, 33, 33, 33, 33, 33, 33, 33, 33, 33, 33, 33, 33, 33, 33, 33, 33, 33, 33, 33, 33, 33, 33, 33, 33, 33, 33, 33, 33, 33, 33, 33, 33, 33, 33, 33, 33, 33, 33, 33, 33, 33, 33, 33, 33, 33, 33, 33, 33, 33, 33, 33, 33, 33, 33, 33, 33, 33, 33, 33, 33, 33, 33, 33, 33, 33, 33, 33, 33, 33, 33, 33, 33, 33, 33, 33, 33, 33, 33, 33, 33, 33, 33, 33, 33, 33, 33, 33, 33, 33, 33, 33, 33, 33, 33, 33, 33, 33, 33, 33, 33, 33, 33, 33, 33, 33, 33, 33, 33, 33, 33, 33, 33, 33, 33, 33, 33, 33, 33, 33, 33, 33, 33, 33, 33, 33, 33, 33, 33, 33]",32.98571428571429,"[32.99285714285715, 32.98571428571429, 32.98571428571429, 32.97857142857143, 32.98571428571429, 32.964285714285715, 32.97857142857143, 32.97857142857143, 32.98571428571429, 32.97857142857143, 32.97857142857143, 32.98571428571429, 32.964285714285715, 32.97857142857143, 32.97857142857143, 32.98571428571429, 32.99285714285715, 32.97857142857143, 32.97857142857143, 32.97857142857143, 32.98571428571429, 32.97857142857143, 32.97857142857143, 32.971428571428575, 32.971428571428575, 32.97857142857143, 32.971428571428575, 32.97857142857143, 32.99285714285715, 32.98571428571429, 32.98571428571429, 32.98571428571429, 32.971428571428575, 32.99285714285715, 32.99285714285715, 32.99285714285715, 32.971428571428575, 32.964285714285715, 32.971428571428575, 32.97857142857143, 32.97857142857143, 32.98571428571429, 32.97857142857143, 32.971428571428575, 32.97857142857143, 32.97857142857143, 32.97857142857143, 32.97857142857143, 32.97857142857143, 32.98571428571429, 32.99285714285715, 32.99285714285715, 32.97857142857143, 32.97857142857143, 32.97857142857143, 32.964285714285715, 32.957142857142856, 32.97857142857143, 32.971428571428575, 32.97857142857143, 32.97857142857143, 32.971428571428575, 32.97857142857143, 32.97857142857143, 32.97142857142857, 32.97857142857143, 32.97142857142857, 32.97857142857143, 32.971428571428575, 32.971428571428575, 32.98571428571429, 32.971428571428575, 32.97857142857143, 32.97857142857143, 32.97857142857143, 32.98571428571429, 32.97857142857143, 32.964285714285715, 32.97857142857143, 32.964285714285715, 32.957142857142856, 32.964285714285715, 32.964285714285715, 32.971428571428575, 32.971428571428575, 32.97857142857143, 32.971428571428575, 32.957142857142856, 32.971428571428575, 32.95, 32.964285714285715, 32.964285714285715, 32.964285714285715, 32.97142857142857, 32.97857142857143, 32.964285714285715, 32.964285714285715, 32.964285714285715, 32.964285714285715, 32.95, 32.971428571428575, 32.97857142857143, 32.98571428571429, 32.98571428571429, 32.98571428571429, 32.98571428571429, 32.971428571428575, 32.97857142857143, 32.97857142857143, 32.97857142857143, 32.97857142857143, 32.957142857142856, 32.92857142857143, 32.957142857142856, 32.95, 32.95, 32.95, 32.964285714285715, 32.95, 32.957142857142856, 32.957142857142856, 32.94285714285714, 32.94285714285714, 32.92857142857143, 32.94285714285714, 32.957142857142856, 32.964285714285715, 32.957142857142856, 32.964285714285715, 32.957142857142856, 32.964285714285715, 32.97857142857143, 32.971428571428575, 32.95, 32.95, 32.964285714285715, 32.971428571428575, 32.971428571428575, 32.971428571428575, 32.971428571428575, 32.957142857142856, 32.964285714285715, 32.971428571428575, 32.964285714285715, 32.971428571428575, 32.964285714285715, 32.964285714285715, 32.964285714285715, 32.957142857142856, 32.971428571428575, 32.964285714285715, 32.964285714285715, 32.971428571428575, 32.95, 32.964285714285715, 32.964285714285715, 32.964285714285715, 32.95, 32.957142857142856, 32.971428571428575, 32.957142857142856, 32.964285714285715, 32.964285714285715, 32.949999999999996, 32.949999999999996, 32.957142857142856, 32.957142857142856, 32.949999999999996, 32.957142857142856, 32.94285714285714, 32.964285714285715, 32.957142857142856, 32.971428571428575, 32.964285714285715, 32.971428571428575, 32.971428571428575, 32.98571428571429, 32.97857142857143, 32.971428571428575, 32.964285714285715, 32.964285714285715, 32.964285714285715, 32.957142857142856, 32.957142857142856, 32.964285714285715, 32.971428571428575, 32.971428571428575, 32.964285714285715, 32.957142857142856, 32.971428571428575, 32.957142857142856, 32.964285714285715, 32.964285714285715, 32.98571428571429, 32.97857142857143, 32.97857142857143, 32.98571428571429, 33.0, 33.0, 33.0, 32.97857142857143, 32.98571428571429, 32.98571428571429, 32.99285714285715, 32.99285714285715, 32.98571428571429, 32.97857142857143, 32.97857142857143, 32.971428571428575, 32.98571428571429, 32.971428571428575, 32.98571428571429, 32.98571428571429, 32.99285714285715, 32.99285714285715, 32.99285714285715, 33.0, 32.99285714285715, 32.99285714285715, 32.97857142857143, 32.97857142857143, 32.97857142857143, 32.97857142857143, 32.97857142857143, 32.97857142857143, 32.971428571428575, 32.971428571428575, 32.964285714285715, 32.957142857142856, 32.97857142857143, 32.97857142857143, 32.98571428571429, 32.97857142857143, 32.97857142857143, 32.99285714285715, 32.98571428571429, 32.964285714285715, 32.957142857142856, 32.98571428571429, 32.99285714285715, 32.99285714285715, 32.97857142857143, 32.98571428571429, 32.97857142857143, 32.93571428571428, 32.95, 32.964285714285715, 32.97142857142857, 32.97857142857143, 32.97857142857143, 32.97857142857143, 32.97857142857143, 32.97142857142857, 32.97857142857143, 32.99285714285715, 32.97857142857143, 32.97857142857143, 32.99285714285715, 32.98571428571429, 32.97857142857143, 32.99285714285715, 32.99285714285715, 32.98571428571429, 32.99285714285715, 32.98571428571429, 32.97857142857143, 32.99285714285715, 32.99285714285715, 32.99285714285715, 32.98571428571429, 32.98571428571429, 32.97857142857143, 32.97857142857143, 32.971428571428575, 32.99285714285715, 32.98571428571429, 32.98571428571429, 32.97857142857143, 32.97857142857143, 32.98571428571429]",0.8079657196641319,0.7809380273344411,33,"[33, 33, 33, 33, 33, 33, 33, 33, 33, 33, 33, 33, 33, 33, 33, 33, 33, 33, 33, 33, 33, 33, 33, 33, 33, 33, 33, 33, 33, 33, 33, 33, 33, 33, 33, 33, 33, 33, 33, 33, 33, 33, 33, 33, 33, 33, 33, 33, 33, 33, 33, 33, 33, 33, 33, 33, 33, 33, 33, 33, 33, 33, 33, 33, 33, 33, 33, 33, 33, 33, 33, 33, 33, 33, 33, 33, 33, 33, 33, 33, 33, 33, 33, 33, 33, 33, 33, 33, 33, 33, 33, 33, 33, 33, 33, 33, 33, 33, 33, 33, 33, 33, 33, 33, 33, 33, 33, 33, 33, 33, 33, 33, 33, 33, 33, 33, 33, 33, 33, 33, 33, 33, 33, 33, 33, 33, 33, 33, 33, 33, 33, 33, 33, 33, 33, 33, 33, 33, 33, 33, 33, 33, 33, 33, 33, 33, 33, 33, 33, 33, 33, 33, 33, 33, 33, 33, 33, 33, 33, 33, 33, 33, 33, 33, 33, 33, 33, 33, 33, 33, 33, 33, 33, 33, 33, 33, 33, 33, 33, 33, 33, 33, 33, 33, 33, 33, 33, 33, 33, 33, 33, 33, 33, 33, 33, 33, 33, 33, 33, 33, 33, 33, 33, 33, 33, 33, 33, 33, 33, 33, 33, 33, 33, 33, 33, 33, 33, 33, 33, 33, 33, 33, 33, 33, 33, 33, 33, 33, 33, 33, 33, 33, 33, 33, 33, 33, 33, 33, 33, 33, 33, 33, 33, 33, 33, 33, 33, 33, 33, 33, 33, 33, 33, 33, 33, 33, 33, 33, 33, 33, 33, 33, 33, 33, 33, 33, 33, 33, 33, 33, 33, 33, 33, 33, 33, 33, 33, 33, 33, 33]",280,"[0.6475356817245483, 0.5411668419837952, 0.488440603017807, 0.46410006284713745, 0.4522370398044586, 0.44392502307891846, 0.43883216381073, 0.4360450506210327, 0.4338126480579376, 0.4317726790904999, 0.43003544211387634, 0.428663969039917, 0.42772430181503296, 0.4267024099826813, 0.4257267117500305, 0.42524659633636475, 0.4241983890533447, 0.42321568727493286, 0.42252856492996216, 0.42163553833961487, 0.4209287762641907, 0.42033424973487854, 0.4196896255016327, 0.41905513405799866, 0.41831642389297485, 0.417769193649292, 0.4173838496208191, 0.41668564081192017, 0.4162239730358124, 0.41576331853866577, 0.41529229283332825, 0.41507643461227417, 0.4144650399684906, 0.4137345254421234, 0.4130229651927948, 0.41262325644493103, 0.41237494349479675, 0.41188958287239075, 0.4114683270454407, 0.41111400723457336, 0.4107569754123688, 0.41018858551979065, 0.4097614586353302, 0.4092390537261963, 0.4088321924209595, 0.40851467847824097, 0.4082407057285309, 0.4079945385456085, 0.4075969457626343, 0.407379150390625, 0.406953364610672, 0.4065746068954468, 0.40606802701950073, 0.4057517647743225, 0.4053891897201538, 0.4049254357814789, 0.4045380651950836, 0.40430954098701477, 0.4040347933769226, 0.40373173356056213, 0.4034479260444641, 0.40326011180877686, 0.402912974357605, 0.40251877903938293, 0.4021121561527252, 0.40197962522506714, 0.4019327461719513, 0.40161991119384766, 0.40138205885887146, 0.4008792042732239, 0.4005862772464752, 0.40034428238868713, 0.40007659792900085, 0.39963802695274353, 0.3992863893508911, 0.3989774286746979, 0.3987593948841095, 0.39853671193122864, 0.3983055055141449, 0.39806973934173584, 0.3978189527988434, 0.39773741364479065, 0.39764052629470825, 0.39736703038215637, 0.39708980917930603, 0.39679673314094543, 0.39653170108795166, 0.3962284326553345, 0.3962095379829407, 0.3959757089614868, 0.39567795395851135, 0.3955451548099518, 0.39536911249160767, 0.39507389068603516, 0.39501485228538513, 0.3947135806083679, 0.39452946186065674, 0.3942658603191376, 0.3942561745643616, 0.394010454416275, 0.39367493987083435, 0.39349982142448425, 0.39332863688468933, 0.3932996988296509, 0.3929828703403473, 0.39302128553390503, 0.3930334746837616, 0.39267483353614807, 0.39251869916915894, 0.3920665979385376, 0.39175182580947876, 0.39174559712409973, 0.39161577820777893, 0.39124560356140137, 0.3910887539386749, 0.39095833897590637, 0.39079684019088745, 0.39055556058883667, 0.3904310464859009, 0.39021536707878113, 0.39004743099212646, 0.38981300592422485, 0.3894684910774231, 0.389494389295578, 0.3892786502838135, 0.3890083432197571, 0.38888150453567505, 0.38876616954803467, 0.38876914978027344, 0.38840147852897644, 0.388205349445343, 0.3879085183143616, 0.3877018094062805, 0.38774532079696655, 0.38768240809440613, 0.38736218214035034, 0.3870597779750824, 0.38672327995300293, 0.38647860288619995, 0.38616883754730225, 0.38592493534088135, 0.3857252895832062, 0.3854008913040161, 0.38521620631217957, 0.38519611954689026, 0.3850148916244507, 0.38474753499031067, 0.38467082381248474, 0.38441261649131775, 0.3842880129814148, 0.3841884732246399, 0.3840886950492859, 0.38383376598358154, 0.38373252749443054, 0.3834706246852875, 0.3833286762237549, 0.3830733597278595, 0.3829338550567627, 0.3826908767223358, 0.38254719972610474, 0.3824077844619751, 0.38216400146484375, 0.38206517696380615, 0.38190925121307373, 0.3818875849246979, 0.3816070556640625, 0.3813014328479767, 0.38117730617523193, 0.38089898228645325, 0.3806111812591553, 0.3803800344467163, 0.3803560733795166, 0.3802960216999054, 0.3802157938480377, 0.3799918293952942, 0.37975043058395386, 0.3796219527721405, 0.3794032633304596, 0.3792434632778168, 0.3788498044013977, 0.378591388463974, 0.3783676028251648, 0.3782344162464142, 0.37815147638320923, 0.3779551386833191, 0.3777555525302887, 0.3775812089443207, 0.3774069845676422, 0.37729737162590027, 0.3771840035915375, 0.3770156502723694, 0.37693047523498535, 0.37665748596191406, 0.37654000520706177, 0.37634873390197754, 0.3761267364025116, 0.3759397268295288, 0.376011461019516, 0.3757568597793579, 0.37542521953582764, 0.37536364793777466, 0.3753354251384735, 0.375150591135025, 0.37525707483291626, 0.3750118315219879, 0.37469661235809326, 0.3744198679924011, 0.3740004599094391, 0.3739560842514038, 0.3738407492637634, 0.3735722005367279, 0.3733644485473633, 0.3732526898384094, 0.373060405254364, 0.3728123903274536, 0.3725878894329071, 0.37242209911346436, 0.3722671568393707, 0.37210196256637573, 0.372009813785553, 0.3718791902065277, 0.37159910798072815, 0.3714338541030884, 0.3711285889148712, 0.3711034655570984, 0.3710171580314636, 0.37089383602142334, 0.3706236779689789, 0.3704269528388977, 0.37045755982398987, 0.3702625036239624, 0.3701850175857544, 0.36998188495635986, 0.3698846697807312, 0.36965447664260864, 0.36958515644073486, 0.369375079870224, 0.3691290616989136, 0.36891451478004456, 0.36871978640556335, 0.36874571442604065, 0.3685411214828491, 0.3682170808315277, 0.3680519759654999, 0.36802613735198975, 0.36786115169525146, 0.36759018898010254, 0.3674812316894531, 0.36739182472229004, 0.36732620000839233, 0.3672845959663391, 0.3670724928379059, 0.36726874113082886, 0.366946816444397, 0.3667334318161011, 0.36677274107933044, 0.3664153218269348, 0.3661743402481079, 0.3659765124320984, 0.3658456802368164, 0.3657200336456299, 0.36563801765441895, 0.36540862917900085, 0.3654414117336273, 0.3651333749294281, 0.3648632764816284, 0.3645979166030884, 0.36440709233283997, 0.36422741413116455, 0.36416545510292053, 0.3640834093093872, 0.3639061450958252, 0.3638702630996704, 0.3636476993560791, 0.36352866888046265, 0.3632246255874634, 0.3629985451698303, 0.36289992928504944, 0.36265137791633606, 0.3624108135700226]",33.0,"[33.0, 33.0, 33.0, 33.0, 33.0, 33.0, 33.0, 33.0, 33.0, 33.0, 33.0, 33.0, 33.0, 33.0, 33.0, 33.0, 33.0, 33.0, 33.0, 33.0, 33.0, 33.0, 33.0, 33.0, 33.0, 33.0, 33.0, 33.0, 33.0, 33.0, 33.0, 33.0, 33.0, 33.0, 33.0, 33.0, 33.0, 33.0, 33.0, 33.0, 33.0, 33.0, 33.0, 33.0, 33.0, 33.0, 33.0, 33.0, 33.0, 33.0, 33.0, 33.0, 33.0, 33.0, 33.0, 33.0, 33.0, 33.0, 33.0, 33.0, 33.0, 33.0, 33.0, 33.0, 33.0, 33.0, 33.0, 33.0, 33.0, 33.0, 33.0, 33.0, 33.0, 33.0, 33.0, 33.0, 33.0, 33.0, 33.0, 33.0, 33.0, 33.0, 33.0, 33.0, 33.0, 33.0, 33.0, 33.0, 33.0, 33.0, 33.0, 33.0, 33.0, 33.0, 33.0, 33.0, 33.0, 33.0, 33.0, 33.0, 33.0, 33.0, 33.0, 33.0, 33.0, 33.0, 33.0, 33.0, 33.0, 33.0, 33.0, 33.0, 33.0, 33.0, 33.0, 33.0, 33.0, 33.0, 33.0, 33.0, 33.0, 33.0, 33.0, 33.0, 33.0, 33.0, 33.0, 33.0, 33.0, 33.0, 33.0, 33.0, 33.0, 33.0, 33.0, 33.0, 33.0, 33.0, 33.0, 33.0, 33.0, 33.0, 33.0, 33.0, 33.0, 33.0, 33.0, 33.0, 33.0, 33.0, 33.0, 33.0, 33.0, 33.0, 33.0, 33.0, 33.0, 33.0, 33.0, 33.0, 33.0, 33.0, 33.0, 33.0, 33.0, 33.0, 33.0, 33.0, 33.0, 33.0, 33.0, 33.0, 33.0, 33.0, 33.0, 33.0, 33.0, 33.0, 33.0, 33.0, 33.0, 33.0, 33.0, 33.0, 33.0, 33.0, 33.0, 33.0, 33.0, 33.0, 33.0, 33.0, 33.0, 33.0, 33.0, 33.0, 33.0, 33.0, 33.0, 33.0, 33.0, 33.0, 33.0, 33.0, 33.0, 33.0, 33.0, 33.0, 33.0, 33.0, 33.0, 33.0, 33.0, 33.0, 33.0, 33.0, 33.0, 33.0, 33.0, 33.0, 33.0, 33.0, 33.0, 33.0, 33.0, 33.0, 33.0, 33.0, 33.0, 33.0, 33.0, 33.0, 33.0, 33.0, 33.0, 33.0, 33.0, 33.0, 33.0, 33.0, 33.0, 33.0, 33.0, 33.0, 33.0, 33.0, 33.0, 33.0, 33.0, 33.0, 33.0, 33.0, 33.0, 33.0, 33.0, 33.0, 33.0, 33.0, 33.0, 33.0, 33.0, 33.0, 33.0, 33.0, 33.0, 33.0, 33.0, 33.0, 33.0, 33.0, 33.0, 33.0, 33.0, 33.0, 33.0, 33.0, 33.0, 33.0, 33.0, 33.0]",COMPLETE
