,number,value,datetime_start,datetime_complete,duration,params_batch_size_scaler,params_constant_learning_rate,params_depth,params_epochs,params_kernel_l2,params_num_trees,params_temperature,user_attrs_accuracy_test,user_attrs_accuracy_valid,user_attrs_approximate_feature_sparsity,user_attrs_approximate_feature_sparsity_history,user_attrs_approximate_weight_sparsity,user_attrs_approximate_weight_sparsity_history,user_attrs_auc_test,user_attrs_auc_valid,user_attrs_feature_sparsity,user_attrs_feature_sparsity_history,user_attrs_num_epochs,user_attrs_val_loss_history,user_attrs_weight_sparsity,user_attrs_weight_sparsity_history,state
46,46,0.5,2024-08-31 02:45:25.328384,2024-08-31 02:45:53.754825,0 days 00:00:28.426441,16,3.041591444721286,4,185,0.0018480806173617758,13,0.0015340202009270693,0.859,0.85875,0,"[33, 33, 33, 33, 22, 15, 12, 10, 8, 8, 8, 7, 7, 7, 7, 7, 7, 7, 7, 7, 7, 6, 6, 6, 6, 6, 6, 6, 6, 6, 6, 6, 5, 5, 5, 5, 5, 5, 5, 5, 5, 5, 2, 2, 2, 2, 2, 2, 2, 2, 2, 2, 2, 2, 2, 2, 2, 2, 2, 2, 2, 2, 2, 2, 2, 1, 1, 1, 1, 1, 1, 1, 1, 1, 0, 0, 0, 0, 0, 0, 0, 0, 0, 0, 0, 0, 0, 0, 0, 0, 0, 0, 0, 0, 0, 0, 0, 0, 0, 0, 0, 0, 0, 0, 0, 0, 0, 0, 0, 0, 0, 0, 0, 0, 0, 0, 0, 0, 0, 0, 0, 0, 0, 0, 0, 0, 0, 0, 0, 0, 0, 0, 0, 0, 0, 0, 0, 0, 0, 0, 0, 0, 0, 0, 0, 0, 0, 0, 0, 0, 0, 0, 0, 0, 0, 0, 0, 0, 0, 0, 0, 0, 0, 0, 0, 0, 0, 0, 0, 0, 0, 0, 0, 0, 0, 0, 0, 0, 0, 0, 0, 0, 0, 0, 0]",0.0,"[32.97948717948718, 32.98461538461538, 32.94871794871795, 32.96410256410256, 21.984615384615385, 14.98974358974359, 11.98974358974359, 10.0, 7.994871794871795, 8.0, 8.0, 6.98974358974359, 6.994871794871795, 7.0, 6.994871794871795, 7.0, 6.994871794871795, 6.994871794871795, 6.994871794871795, 6.984615384615385, 6.994871794871795, 6.0, 6.0, 6.0, 5.994871794871795, 6.0, 6.0, 6.0, 6.0, 6.0, 6.0, 5.98974358974359, 5.0, 4.994871794871795, 5.0, 5.0, 5.0, 5.0, 5.0, 5.0, 5.0, 5.0, 2.0, 2.0, 2.0, 2.0, 2.0, 2.0, 2.0, 2.0, 2.0, 2.0, 1.994871794871795, 1.9897435897435898, 1.994871794871795, 2.0, 1.9897435897435898, 1.994871794871795, 2.0, 2.0, 2.0, 2.0, 2.0, 1.994871794871795, 1.994871794871795, 1.0, 0.9948717948717949, 1.0, 0.9948717948717949, 1.0, 1.0, 1.0, 0.9948717948717949, 1.0, 0.0, 0.0, 0.0, 0.0, 0.0, 0.0, 0.0, 0.0, 0.0, 0.0, 0.0, 0.0, 0.0, 0.0, 0.0, 0.0, 0.0, 0.0, 0.0, 0.0, 0.0, 0.0, 0.0, 0.0, 0.0, 0.0, 0.0, 0.0, 0.0, 0.0, 0.0, 0.0, 0.0, 0.0, 0.0, 0.0, 0.0, 0.0, 0.0, 0.0, 0.0, 0.0, 0.0, 0.0, 0.0, 0.0, 0.0, 0.0, 0.0, 0.0, 0.0, 0.0, 0.0, 0.0, 0.0, 0.0, 0.0, 0.0, 0.0, 0.0, 0.0, 0.0, 0.0, 0.0, 0.0, 0.0, 0.0, 0.0, 0.0, 0.0, 0.0, 0.0, 0.0, 0.0, 0.0, 0.0, 0.0, 0.0, 0.0, 0.0, 0.0, 0.0, 0.0, 0.0, 0.0, 0.0, 0.0, 0.0, 0.0, 0.0, 0.0, 0.0, 0.0, 0.0, 0.0, 0.0, 0.0, 0.0, 0.0, 0.0, 0.0, 0.0, 0.0, 0.0, 0.0, 0.0, 0.0, 0.0, 0.0, 0.0, 0.0]",0.5,0.5,0,"[33, 33, 33, 33, 22, 15, 12, 10, 8, 8, 8, 7, 7, 7, 7, 7, 7, 7, 7, 7, 7, 6, 6, 6, 6, 6, 6, 6, 6, 6, 6, 6, 5, 5, 5, 5, 5, 5, 5, 5, 5, 5, 2, 2, 2, 2, 2, 2, 2, 2, 2, 2, 2, 2, 2, 2, 2, 2, 2, 2, 2, 2, 2, 2, 2, 1, 1, 1, 1, 1, 1, 1, 1, 1, 0, 0, 0, 0, 0, 0, 0, 0, 0, 0, 0, 0, 0, 0, 0, 0, 0, 0, 0, 0, 0, 0, 0, 0, 0, 0, 0, 0, 0, 0, 0, 0, 0, 0, 0, 0, 0, 0, 0, 0, 0, 0, 0, 0, 0, 0, 0, 0, 0, 0, 0, 0, 0, 0, 0, 0, 0, 0, 0, 0, 0, 0, 0, 0, 0, 0, 0, 0, 0, 0, 0, 0, 0, 0, 0, 0, 0, 0, 0, 0, 0, 0, 0, 0, 0, 0, 0, 0, 0, 0, 0, 0, 0, 0, 0, 0, 0, 0, 0, 0, 0, 0, 0, 0, 0, 0, 0, 0, 0, 0, 0]",185,"[0.3605147898197174, 0.3388783931732178, 0.3134532868862152, 0.29418596625328064, 0.27900370955467224, 0.2722207009792328, 0.2630448043346405, 0.26064467430114746, 0.2670027017593384, 0.25331801176071167, 0.24945718050003052, 0.2483615279197693, 0.23495624959468842, 0.23899978399276733, 0.24539878964424133, 0.22961798310279846, 0.22526012361049652, 0.22896431386470795, 0.2219223529100418, 0.2225537747144699, 0.22471214830875397, 0.2677370607852936, 0.27487027645111084, 0.26206856966018677, 0.2633599042892456, 0.2671944499015808, 0.2629668712615967, 0.2711654007434845, 0.27417024970054626, 0.2620542049407959, 0.26548463106155396, 0.2669239640235901, 0.27015814185142517, 0.2694317102432251, 0.267897367477417, 0.26763299107551575, 0.2716609835624695, 0.2659837603569031, 0.267866849899292, 0.2689161002635956, 0.2681477963924408, 0.2673910856246948, 0.3748091161251068, 0.3771924078464508, 0.37375685572624207, 0.3801194429397583, 0.3768657445907593, 0.3756757378578186, 0.3761402368545532, 0.3749658167362213, 0.3745264708995819, 0.3758417069911957, 0.3794107437133789, 0.37314414978027344, 0.37776660919189453, 0.37294086813926697, 0.3737892210483551, 0.3767835199832916, 0.3799678087234497, 0.3733910620212555, 0.3749406337738037, 0.3746163249015808, 0.37331026792526245, 0.37455472350120544, 0.37514498829841614, 0.39369115233421326, 0.39138197898864746, 0.391282320022583, 0.3933308720588684, 0.39349791407585144, 0.3985370993614197, 0.39304760098457336, 0.3917279839515686, 0.3983020782470703, 0.4109482169151306, 0.40741637349128723, 0.40913623571395874, 0.4077056646347046, 0.4097060263156891, 0.40739357471466064, 0.4108603000640869, 0.417399138212204, 0.40796947479248047, 0.4085870385169983, 0.41118380427360535, 0.40735191106796265, 0.4072267413139343, 0.40796729922294617, 0.40965092182159424, 0.41256988048553467, 0.41197672486305237, 0.4074462056159973, 0.40736520290374756, 0.4083472788333893, 0.40804818272590637, 0.41740158200263977, 0.4083086848258972, 0.4072846472263336, 0.41132575273513794, 0.4072301387786865, 0.4082174599170685, 0.40960070490837097, 0.40756455063819885, 0.41002923250198364, 0.40766188502311707, 0.4073469042778015, 0.4075379967689514, 0.40731412172317505, 0.412227600812912, 0.413685142993927, 0.40722817182540894, 0.4076785147190094, 0.40796515345573425, 0.4103013575077057, 0.4079200029373169, 0.4084351658821106, 0.408844530582428, 0.4124096632003784, 0.40723758935928345, 0.4078306555747986, 0.40879687666893005, 0.4095287621021271, 0.4076700508594513, 0.41204747557640076, 0.40862998366355896, 0.40781620144844055, 0.40722617506980896, 0.407940149307251, 0.40800800919532776, 0.40875667333602905, 0.4084613025188446, 0.40733444690704346, 0.4075772166252136, 0.4154018759727478, 0.41233882308006287, 0.40722617506980896, 0.40864983201026917, 0.4074115753173828, 0.4095167815685272, 0.4094334840774536, 0.41103270649909973, 0.4085327982902527, 0.4088299572467804, 0.40880534052848816, 0.41053733229637146, 0.40856289863586426, 0.4116606116294861, 0.4074494242668152, 0.4093457758426666, 0.41290831565856934, 0.40906280279159546, 0.40810662508010864, 0.41695594787597656, 0.40792831778526306, 0.4078506529331207, 0.40768852829933167, 0.4094276428222656, 0.4117072820663452, 0.4091314673423767, 0.40732574462890625, 0.40730342268943787, 0.40801364183425903, 0.40741756558418274, 0.40736907720565796, 0.41687434911727905, 0.40764498710632324, 0.40766406059265137, 0.40815287828445435, 0.4072589576244354, 0.4083717465400696, 0.40722769498825073, 0.4124646484851837, 0.41005122661590576, 0.4079107344150543, 0.4072767496109009, 0.40735799074172974, 0.41291722655296326, 0.40752726793289185, 0.407817006111145, 0.40876826643943787, 0.4072452485561371, 0.40891310572624207, 0.4074397385120392, 0.4101622402667999, 0.407573401927948]",0.0,"[33.0, 33.0, 33.0, 33.0, 22.0, 15.0, 12.0, 10.0, 8.0, 8.0, 8.0, 7.0, 7.0, 7.0, 7.0, 7.0, 7.0, 7.0, 7.0, 7.0, 7.0, 6.0, 6.0, 6.0, 6.0, 6.0, 6.0, 6.0, 6.0, 6.0, 6.0, 6.0, 5.0, 5.0, 5.0, 5.0, 5.0, 5.0, 5.0, 5.0, 5.0, 5.0, 2.0, 2.0, 2.0, 2.0, 2.0, 2.0, 2.0, 2.0, 2.0, 2.0, 2.0, 2.0, 2.0, 2.0, 2.0, 2.0, 2.0, 2.0, 2.0, 2.0, 2.0, 2.0, 2.0, 1.0, 1.0, 1.0, 1.0, 1.0, 1.0, 1.0, 1.0, 1.0, 0.0, 0.0, 0.0, 0.0, 0.0, 0.0, 0.0, 0.0, 0.0, 0.0, 0.0, 0.0, 0.0, 0.0, 0.0, 0.0, 0.0, 0.0, 0.0, 0.0, 0.0, 0.0, 0.0, 0.0, 0.0, 0.0, 0.0, 0.0, 0.0, 0.0, 0.0, 0.0, 0.0, 0.0, 0.0, 0.0, 0.0, 0.0, 0.0, 0.0, 0.0, 0.0, 0.0, 0.0, 0.0, 0.0, 0.0, 0.0, 0.0, 0.0, 0.0, 0.0, 0.0, 0.0, 0.0, 0.0, 0.0, 0.0, 0.0, 0.0, 0.0, 0.0, 0.0, 0.0, 0.0, 0.0, 0.0, 0.0, 0.0, 0.0, 0.0, 0.0, 0.0, 0.0, 0.0, 0.0, 0.0, 0.0, 0.0, 0.0, 0.0, 0.0, 0.0, 0.0, 0.0, 0.0, 0.0, 0.0, 0.0, 0.0, 0.0, 0.0, 0.0, 0.0, 0.0, 0.0, 0.0, 0.0, 0.0, 0.0, 0.0, 0.0, 0.0, 0.0, 0.0, 0.0, 0.0, 0.0, 0.0, 0.0, 0.0]",COMPLETE
47,47,0.861537272481354,2024-08-31 02:45:54.670136,2024-08-31 02:45:57.622942,0 days 00:00:02.952806,16,1.2463497044516287,1,15,0.0019612979785967517,8,0.0002012131719021386,0.874,0.88375,23,"[33, 33, 33, 33, 33, 33, 33, 32, 31, 31, 31, 30, 26, 23, 23]",23.0,"[33.0, 32.875, 33.0, 33.0, 33.0, 33.0, 33.0, 32.0, 31.0, 31.0, 31.0, 30.0, 26.0, 23.0, 23.0]",0.8612851823413337,0.861537272481354,23,"[33, 33, 33, 33, 33, 33, 33, 32, 31, 31, 31, 30, 26, 23, 23]",15,"[0.38591834902763367, 0.3655719757080078, 0.3612852990627289, 0.3554973304271698, 0.3482881188392639, 0.3374316096305847, 0.3723022937774658, 0.3217879831790924, 0.3279671370983124, 0.32498279213905334, 0.31265467405319214, 0.30897659063339233, 0.3046528100967407, 0.33691978454589844, 0.3113827407360077]",23.0,"[33.0, 33.0, 33.0, 33.0, 33.0, 33.0, 33.0, 32.0, 31.0, 31.0, 31.0, 30.0, 26.0, 23.0, 23.0]",COMPLETE
48,48,0.8123043629477915,2024-08-31 02:45:58.532027,2024-08-31 02:47:58.699984,0 days 00:02:00.167957,1,7.631915397388347,3,235,0.006555862647268715,57,0.005632897388145838,0.89,0.8925,28,"[27, 27, 27, 27, 27, 27, 27, 27, 27, 27, 27, 27, 27, 27, 27, 27, 27, 27, 27, 27, 27, 27, 27, 27, 27, 27, 27, 27, 27, 27, 27, 27, 27, 27, 27, 27, 27, 27, 27, 27, 27, 27, 27, 27, 27, 27, 27, 27, 27, 27, 27, 27, 27, 27, 27, 27, 27, 27, 27, 27, 27, 27, 27, 27, 27, 27, 27, 27, 27, 27, 27, 27, 27, 27, 27, 27, 27, 27, 27, 27, 27, 27, 27, 27, 27, 27, 27, 27, 27, 27, 27, 27, 27, 27, 27, 27, 27, 27, 27, 27, 27, 27, 27, 27, 27, 27, 27, 27, 27, 27, 27, 27, 27, 27, 27, 27, 27, 27, 27, 27, 27, 27, 27, 27, 27, 27, 27, 27, 27, 27, 27, 27, 27, 27, 27, 27, 27, 27, 27, 27, 27, 27, 27, 27, 27, 27, 27, 27, 27, 27, 27, 27, 27, 27, 27, 27, 27, 27, 27, 27, 28, 28, 28, 28, 28, 28, 28, 28, 28, 28, 28, 28, 28, 28, 28, 28, 28, 28, 28, 28, 28, 28, 28, 28, 28, 28, 28, 28, 28, 28, 28, 28, 28, 28, 28, 28, 28, 28, 28, 28, 28, 28, 28, 28, 28, 28, 28, 28, 28, 28, 28, 28, 28, 28, 28, 28, 28, 28, 28, 28, 28, 28, 28, 28, 28, 28, 28, 28, 28, 28, 28, 28, 28, 28, 28]",25.17543859649123,"[26.99749373433584, 26.99498746867168, 27.0, 27.0, 26.99248120300752, 27.0, 26.99749373433584, 27.0, 26.99498746867168, 27.0, 27.0, 26.99749373433584, 27.0, 27.0, 27.0, 27.0, 26.99749373433584, 27.0, 27.0, 26.99749373433584, 27.0, 27.0, 27.0, 27.0, 27.0, 26.99498746867168, 26.99749373433584, 26.99749373433584, 26.99749373433584, 26.99498746867168, 27.0, 26.99749373433584, 27.0, 27.0, 27.0, 27.0, 27.0, 27.0, 27.0, 26.99749373433584, 26.99749373433584, 26.99749373433584, 27.0, 27.0, 26.99749373433584, 27.0, 26.99749373433584, 27.0, 27.0, 26.99749373433584, 27.0, 26.99749373433584, 27.0, 27.0, 27.0, 27.0, 27.0, 27.0, 27.0, 27.0, 26.99749373433584, 27.0, 27.0, 27.0, 27.0, 27.0, 27.0, 27.0, 27.0, 27.0, 27.0, 26.99498746867168, 26.99749373433584, 27.0, 27.0, 27.0, 27.0, 26.99749373433584, 26.99749373433584, 27.0, 27.0, 27.0, 26.99498746867168, 26.99248120300752, 26.99749373433584, 26.99749373433584, 27.0, 27.0, 26.99749373433584, 26.99749373433584, 26.99749373433584, 26.99749373433584, 26.99749373433584, 26.99749373433584, 26.99749373433584, 26.99749373433584, 26.99498746867168, 26.99498746867168, 26.99498746867168, 26.99498746867168, 26.99248120300752, 26.989974937343362, 26.99248120300752, 26.99248120300752, 26.99248120300752, 26.99248120300752, 26.99498746867168, 26.989974937343362, 26.9874686716792, 26.9874686716792, 26.9874686716792, 26.9874686716792, 26.9874686716792, 26.9874686716792, 26.9874686716792, 26.9874686716792, 26.9874686716792, 26.984962406015036, 26.984962406015036, 26.984962406015036, 26.984962406015036, 26.979949874686717, 26.984962406015036, 26.979949874686714, 26.979949874686717, 26.979949874686714, 26.977443609022554, 26.979949874686717, 26.972431077694235, 26.972431077694235, 26.977443609022558, 26.977443609022554, 26.97243107769424, 26.969924812030076, 26.96992481203008, 26.967418546365916, 26.967418546365916, 26.967418546365916, 26.967418546365916, 26.967418546365916, 26.964912280701753, 26.95739348370927, 26.954887218045112, 26.944862155388474, 26.94486215538847, 26.95739348370927, 26.947368421052634, 26.952380952380953, 26.947368421052634, 26.937343358395992, 26.93483709273183, 26.942355889724308, 26.93984962406015, 26.927318295739344, 26.92982456140351, 26.93233082706767, 26.93233082706767, 26.929824561403507, 26.929824561403507, 26.919799498746865, 27.092731829573935, 27.295739348370926, 27.330827067669173, 27.343358395989974, 27.350877192982455, 27.363408521303256, 27.358395989974934, 27.348370927318296, 27.348370927318292, 27.345864661654133, 27.343358395989974, 27.340852130325818, 27.34085213032581, 27.30827067669173, 27.298245614035086, 27.293233082706763, 27.290726817042604, 27.288220551378444, 27.27067669172932, 27.263157894736842, 27.25814536340852, 27.228070175438596, 27.228070175438596, 27.220551378446117, 27.213032581453632, 27.180451127819552, 27.180451127819552, 27.16040100250627, 27.145363408521305, 27.13784461152882, 27.115288220551378, 27.117794486215537, 27.087719298245613, 27.07769423558897, 27.06516290726817, 27.030075187969924, 27.015037593984964, 26.98997493734336, 26.979949874686714, 26.95739348370927, 26.914786967418546, 26.909774436090224, 26.854636591478698, 26.82957393483709, 26.81203007518797, 26.779448621553886, 26.721804511278197, 26.69924812030075, 26.63659147869674, 26.60401002506266, 26.558897243107772, 26.508771929824565, 26.48621553884712, 26.441102756892228, 26.40601503759398, 26.363408521303256, 26.32581453634085, 26.278195488721806, 26.235588972431078, 26.182957393483704, 26.157894736842106, 26.105263157894736, 26.040100250626566, 25.98496240601504, 25.88972431077694, 25.829573934837093, 25.779448621553886, 25.716791979949875, 25.639097744360903, 25.576441102756895, 25.486215538847116, 25.398496240601503, 25.288220551378448, 25.225563909774433, 25.17543859649123]",0.775402703126677,0.8123043629477915,28,"[27, 27, 27, 27, 27, 27, 27, 27, 27, 27, 27, 27, 27, 27, 27, 27, 27, 27, 27, 27, 27, 27, 27, 27, 27, 27, 27, 27, 27, 27, 27, 27, 27, 27, 27, 27, 27, 27, 27, 27, 27, 27, 27, 27, 27, 27, 27, 27, 27, 27, 27, 27, 27, 27, 27, 27, 27, 27, 27, 27, 27, 27, 27, 27, 27, 27, 27, 27, 27, 27, 27, 27, 27, 27, 27, 27, 27, 27, 27, 27, 27, 27, 27, 27, 27, 27, 27, 27, 27, 27, 27, 27, 27, 27, 27, 27, 27, 27, 27, 27, 27, 27, 27, 27, 27, 27, 27, 27, 27, 27, 27, 27, 27, 27, 27, 27, 27, 27, 27, 27, 27, 27, 27, 27, 27, 27, 27, 27, 27, 27, 27, 27, 27, 27, 27, 27, 27, 27, 27, 27, 27, 27, 27, 27, 27, 27, 27, 27, 27, 27, 27, 27, 27, 27, 27, 27, 27, 27, 27, 27, 28, 28, 28, 28, 28, 28, 28, 28, 28, 28, 28, 28, 28, 28, 28, 28, 28, 28, 28, 28, 28, 28, 28, 28, 28, 28, 28, 28, 28, 28, 28, 28, 28, 28, 28, 28, 28, 28, 28, 28, 28, 28, 28, 28, 28, 28, 28, 28, 28, 28, 28, 28, 28, 28, 28, 28, 28, 28, 28, 28, 28, 28, 28, 28, 28, 28, 28, 28, 28, 28, 28, 28, 28, 28, 28]",235,"[5.062637805938721, 4.0897626876831055, 5.391571521759033, 6.1935272216796875, 6.82318115234375, 7.499554634094238, 9.857812881469727, 7.190396308898926, 7.336373329162598, 10.807962417602539, 7.620629787445068, 10.544968605041504, 7.632981777191162, 9.426173210144043, 9.415811538696289, 9.273645401000977, 12.985533714294434, 15.474255561828613, 9.279277801513672, 9.701078414916992, 10.585897445678711, 10.166082382202148, 9.635102272033691, 10.752795219421387, 10.279815673828125, 11.206228256225586, 9.529125213623047, 8.654867172241211, 9.45219898223877, 9.150971412658691, 9.605011940002441, 9.818336486816406, 11.351058006286621, 10.566035270690918, 10.4280366897583, 12.277812957763672, 11.50080680847168, 10.127230644226074, 9.779232025146484, 11.042231559753418, 10.627791404724121, 9.456286430358887, 10.767190933227539, 10.506221771240234, 9.364965438842773, 12.337708473205566, 10.871055603027344, 10.154879570007324, 11.489604949951172, 13.082218170166016, 10.506404876708984, 11.105182647705078, 12.130379676818848, 10.812957763671875, 11.066598892211914, 9.806682586669922, 10.387639999389648, 10.454864501953125, 12.186997413635254, 11.479848861694336, 11.544873237609863, 10.265097618103027, 11.017268180847168, 10.051793098449707, 28.017906188964844, 15.194160461425781, 11.67944622039795, 9.898279190063477, 10.21948528289795, 10.057021141052246, 13.85870361328125, 11.56164836883545, 11.161774635314941, 12.265427589416504, 9.849376678466797, 10.087136268615723, 10.393401145935059, 15.024126052856445, 10.038575172424316, 12.737043380737305, 9.691259384155273, 11.02495002746582, 10.896771430969238, 10.525799751281738, 12.067420959472656, 10.659149169921875, 16.170448303222656, 9.92956829071045, 11.473793029785156, 16.012863159179688, 9.66222095489502, 11.498995780944824, 10.100299835205078, 11.298620223999023, 10.651325225830078, 11.226081848144531, 13.027767181396484, 11.651429176330566, 12.125299453735352, 10.428447723388672, 12.617531776428223, 11.412378311157227, 11.209776878356934, 11.276206970214844, 10.298802375793457, 10.620738983154297, 10.41738510131836, 10.582719802856445, 17.17913818359375, 14.416633605957031, 10.42057991027832, 10.620284080505371, 10.982892990112305, 10.069942474365234, 12.795902252197266, 10.332243919372559, 11.174503326416016, 12.72278118133545, 12.186637878417969, 16.01643943786621, 12.650352478027344, 14.527592658996582, 11.407366752624512, 12.307132720947266, 10.742854118347168, 10.299704551696777, 28.675928115844727, 10.995553970336914, 13.501396179199219, 10.313934326171875, 12.441845893859863, 11.526559829711914, 16.1832218170166, 11.447697639465332, 10.755539894104004, 10.47874641418457, 12.187732696533203, 11.384069442749023, 9.71762466430664, 12.218219757080078, 13.234248161315918, 11.542206764221191, 15.928401947021484, 10.42782974243164, 20.806764602661133, 10.192580223083496, 16.747028350830078, 11.871670722961426, 16.071840286254883, 11.355415344238281, 15.5157470703125, 13.012085914611816, 15.175965309143066, 17.233591079711914, 24.637527465820312, 12.51003646850586, 12.728793144226074, 15.27580451965332, 9.656421661376953, 10.664703369140625, 13.102278709411621, 18.341249465942383, 12.1907320022583, 10.995976448059082, 15.687076568603516, 14.213383674621582, 13.772658348083496, 24.105937957763672, 16.584861755371094, 14.202532768249512, 10.424856185913086, 10.829215049743652, 10.296128273010254, 10.315995216369629, 12.585921287536621, 11.39643669128418, 12.434703826904297, 10.272699356079102, 11.117544174194336, 10.649750709533691, 10.365861892700195, 9.91283893585205, 15.43562126159668, 11.281925201416016, 9.799267768859863, 9.947587966918945, 10.18505859375, 10.564615249633789, 15.00252914428711, 9.686544418334961, 24.697887420654297, 10.791622161865234, 12.710349082946777, 11.271170616149902, 30.148853302001953, 10.579263687133789, 9.383033752441406, 10.354074478149414, 11.569854736328125, 12.629583358764648, 10.930436134338379, 10.061807632446289, 9.599641799926758, 9.593927383422852, 10.831243515014648, 12.488665580749512, 13.148479461669922, 8.489808082580566, 10.418176651000977, 10.095026016235352, 11.635588645935059, 14.716717720031738, 12.518919944763184, 11.775379180908203, 10.700736999511719, 9.950983047485352, 11.849788665771484, 16.2818546295166, 11.550398826599121, 11.6232328414917, 14.930837631225586, 10.855215072631836, 12.137609481811523, 11.393881797790527, 13.978321075439453, 15.602812767028809, 10.572644233703613, 12.995366096496582, 11.929469108581543, 19.720964431762695, 12.098791122436523, 11.691092491149902, 15.554591178894043, 9.78988265991211, 13.078544616699219]",27.764411027568922,"[27.0, 27.0, 27.0, 27.0, 27.0, 27.0, 27.0, 27.0, 27.0, 27.0, 27.0, 27.0, 27.0, 27.0, 27.0, 27.0, 27.0, 27.0, 27.0, 27.0, 27.0, 27.0, 27.0, 27.0, 27.0, 27.0, 27.0, 27.0, 27.0, 27.0, 27.0, 27.0, 27.0, 27.0, 27.0, 27.0, 27.0, 27.0, 27.0, 27.0, 27.0, 27.0, 27.0, 27.0, 27.0, 27.0, 27.0, 27.0, 27.0, 27.0, 27.0, 27.0, 27.0, 27.0, 27.0, 27.0, 27.0, 27.0, 27.0, 27.0, 27.0, 27.0, 27.0, 27.0, 27.0, 27.0, 27.0, 27.0, 27.0, 27.0, 27.0, 27.0, 27.0, 27.0, 27.0, 27.0, 27.0, 27.0, 27.0, 27.0, 27.0, 27.0, 27.0, 27.0, 27.0, 27.0, 27.0, 27.0, 27.0, 27.0, 27.0, 27.0, 27.0, 27.0, 27.0, 27.0, 27.0, 27.0, 27.0, 27.0, 27.0, 27.0, 27.0, 27.0, 27.0, 27.0, 27.0, 27.0, 27.0, 27.0, 27.0, 27.0, 27.0, 27.0, 27.0, 27.0, 27.0, 27.0, 27.0, 27.0, 27.0, 27.0, 27.0, 27.0, 27.0, 27.0, 27.0, 27.0, 27.0, 27.0, 27.0, 27.0, 27.0, 27.0, 27.0, 27.0, 27.0, 27.0, 27.0, 27.0, 27.0, 27.0, 27.0, 27.0, 27.0, 27.0, 27.0, 27.0, 27.0, 27.0, 27.0, 27.0, 27.0, 27.0, 27.0, 27.0, 27.0, 27.0, 27.0, 27.0, 27.696741854636592, 27.75438596491228, 27.7593984962406, 27.761904761904763, 27.761904761904763, 27.761904761904763, 27.764411027568922, 27.764411027568922, 27.764411027568922, 27.764411027568922, 27.764411027568922, 27.764411027568922, 27.764411027568922, 27.764411027568922, 27.764411027568922, 27.764411027568922, 27.764411027568922, 27.764411027568922, 27.764411027568922, 27.764411027568922, 27.764411027568922, 27.764411027568922, 27.764411027568922, 27.764411027568922, 27.764411027568922, 27.764411027568922, 27.764411027568922, 27.764411027568922, 27.764411027568922, 27.764411027568922, 27.764411027568922, 27.764411027568922, 27.764411027568922, 27.764411027568922, 27.764411027568922, 27.764411027568922, 27.764411027568922, 27.764411027568922, 27.764411027568922, 27.764411027568922, 27.764411027568922, 27.764411027568922, 27.764411027568922, 27.764411027568922, 27.764411027568922, 27.764411027568922, 27.764411027568922, 27.764411027568922, 27.764411027568922, 27.764411027568922, 27.764411027568922, 27.764411027568922, 27.764411027568922, 27.764411027568922, 27.764411027568922, 27.764411027568922, 27.764411027568922, 27.764411027568922, 27.764411027568922, 27.764411027568922, 27.764411027568922, 27.764411027568922, 27.764411027568922, 27.764411027568922, 27.764411027568922, 27.764411027568922, 27.764411027568922, 27.764411027568922, 27.764411027568922, 27.764411027568922, 27.764411027568922, 27.764411027568922, 27.764411027568922, 27.764411027568922, 27.764411027568922]",COMPLETE
