,number,value,datetime_start,datetime_complete,duration,params_batch_size_scaler,params_constant_learning_rate,params_depth,params_epochs,params_kernel_l2,params_num_trees,params_temperature,user_attrs_accuracy_test,user_attrs_accuracy_valid,user_attrs_approximate_feature_sparsity,user_attrs_approximate_feature_sparsity_history,user_attrs_approximate_weight_sparsity,user_attrs_approximate_weight_sparsity_history,user_attrs_auc_test,user_attrs_auc_valid,user_attrs_feature_sparsity,user_attrs_feature_sparsity_history,user_attrs_num_epochs,user_attrs_val_loss_history,user_attrs_weight_sparsity,user_attrs_weight_sparsity_history,state
163,163,0.9284306527031727,2024-08-31 06:30:11.684633,2024-08-31 06:40:43.152506,0 days 00:10:31.467873,1,0.018593611711167846,4,425,0.10496237391034083,91,0.01086664174304523,0.941,0.945,33,"[33, 33, 33, 33, 33, 33, 33, 33, 33, 33, 33, 33, 33, 33, 33, 33, 33, 33, 33, 33, 33, 33, 33, 33, 33, 33, 33, 33, 33, 33, 33, 33, 33, 33, 33, 33, 33, 33, 33, 33, 33, 33, 33, 33, 33, 33, 33, 33, 33, 33, 33, 33, 33, 33, 33, 33, 33, 33, 33, 33, 33, 33, 33, 33, 33, 33, 33, 33, 33, 33, 33, 33, 33, 33, 33, 33, 33, 33, 33, 33, 33, 33, 33, 33, 33, 33, 33, 33, 33, 33, 33, 33, 33, 33, 33, 33, 33, 33, 33, 33, 33, 33, 33, 33, 33, 33, 33, 33, 33, 33, 33, 33, 33, 33, 33, 33, 33, 33, 33, 33, 33, 33, 33, 33, 33, 33, 33, 33, 33, 33, 33, 33, 33, 33, 33, 33, 33, 33, 33, 33, 33, 33, 33, 33, 33, 33, 33, 33, 33, 33, 33, 33, 33, 33, 33, 33, 33, 33, 33, 33, 33, 33, 33, 33, 33, 33, 33, 33, 33, 33, 33, 33, 33, 33, 33, 33, 33, 33, 33, 33, 33, 33, 33, 33, 33, 33, 33, 33, 33, 33, 33, 33, 33, 33, 33, 33, 33, 33, 33, 33, 33, 33, 33, 33, 33, 33, 33, 33, 33, 33, 33, 33, 33, 33, 33, 33, 33, 33, 33, 33, 33, 33, 33, 33, 33, 33, 33, 33, 33, 33, 33, 33, 33, 33, 33, 33, 33, 33, 33, 33, 33, 33, 33, 33, 33, 33, 33, 33, 33, 33, 33, 33, 33, 33, 33, 33, 33, 33, 33, 33, 33, 33, 33, 33, 33, 33, 33, 33, 33, 33, 33, 33, 33, 33, 33, 33, 33, 33, 33, 33, 33, 33, 33, 33, 33, 33, 33, 33, 33, 33, 33, 33, 33, 33, 33, 33, 33, 33, 33, 33, 33, 33, 33, 33, 33, 33, 33, 33, 33, 33, 33, 33, 33, 33, 33, 33, 33, 33, 33, 33, 33, 33, 33, 33, 33, 33, 33, 33, 33, 33, 33, 33, 33, 33, 33, 33, 33, 33, 33, 33, 33, 33, 33, 33, 33, 33, 33, 33, 33, 33, 33, 33, 33, 33, 33, 33, 33, 33, 33, 33, 33, 33, 33, 33, 33, 33, 33, 33, 33, 33, 33, 33, 33, 33, 33, 33, 33, 33, 33, 33, 33, 33, 33, 33, 33, 33, 33, 33, 33, 33, 33, 33, 33, 33, 33, 33, 33, 33, 33, 33, 33, 33, 33, 33, 33, 33, 33, 33, 33, 33, 33, 33, 33, 33, 33, 33, 33, 33, 33, 33, 33, 33, 33, 33, 33]",32.93113553113553,"[32.96043956043956, 32.95164835164835, 32.945787545787546, 32.949450549450546, 32.94725274725275, 32.945787545787546, 32.944322344322345, 32.94652014652014, 32.95164835164835, 32.95018315018315, 32.93992673992674, 32.95018315018315, 32.94285714285714, 32.94505494505495, 32.94725274725275, 32.95531135531135, 32.95238095238095, 32.95384615384616, 32.95311355311355, 32.954578754578755, 32.944322344322345, 32.94505494505495, 32.93992673992674, 32.94652014652014, 32.94139194139194, 32.94725274725275, 32.95238095238095, 32.95018315018315, 32.94505494505495, 32.945787545787546, 32.94505494505495, 32.94285714285714, 32.94358974358974, 32.94871794871795, 32.94725274725275, 32.94285714285714, 32.93699633699634, 32.93626373626374, 32.937728937728934, 32.93626373626374, 32.942124542124546, 32.94652014652014, 32.94505494505495, 32.94139194139194, 32.94505494505495, 32.94725274725275, 32.95018315018315, 32.95384615384616, 32.94798534798535, 32.94871794871795, 32.95531135531135, 32.95897435897436, 32.956043956043956, 32.954578754578755, 32.95384615384616, 32.95970695970696, 32.962637362637366, 32.95677655677656, 32.95018315018315, 32.95311355311355, 32.95384615384616, 32.949450549450546, 32.949450549450546, 32.945787545787546, 32.94725274725275, 32.95238095238095, 32.94871794871795, 32.94871794871795, 32.94725274725275, 32.94725274725275, 32.94358974358974, 32.94285714285714, 32.949450549450546, 32.950915750915755, 32.95164835164835, 32.94798534798535, 32.93992673992674, 32.944322344322345, 32.94139194139194, 32.94652014652014, 32.95164835164835, 32.94798534798535, 32.95164835164835, 32.94652014652014, 32.94652014652014, 32.95238095238095, 32.94358974358974, 32.937728937728934, 32.94139194139194, 32.944322344322345, 32.94065934065934, 32.93626373626374, 32.945787545787546, 32.945787545787546, 32.94139194139194, 32.945787545787546, 32.94725274725275, 32.944322344322345, 32.950915750915755, 32.94285714285714, 32.95311355311355, 32.96043956043956, 32.95970695970696, 32.954578754578755, 32.94065934065934, 32.94139194139194, 32.945787545787546, 32.954578754578755, 32.958241758241755, 32.95677655677656, 32.96410256410256, 32.95311355311355, 32.950915750915755, 32.95384615384616, 32.958241758241755, 32.94871794871795, 32.95018315018315, 32.94871794871795, 32.94871794871795, 32.94285714285714, 32.942124542124546, 32.94065934065934, 32.94065934065934, 32.94139194139194, 32.93699633699634, 32.930402930402934, 32.93699633699634, 32.94139194139194, 32.945787545787546, 32.94798534798535, 32.95164835164835, 32.95018315018315, 32.950915750915755, 32.94358974358974, 32.944322344322345, 32.94725274725275, 32.94798534798535, 32.95311355311355, 32.94652014652014, 32.95384615384616, 32.95018315018315, 32.95897435897436, 32.95750915750916, 32.958241758241755, 32.95384615384616, 32.949450549450546, 32.94871794871795, 32.95384615384616, 32.950915750915755, 32.950915750915755, 32.94505494505495, 32.944322344322345, 32.94358974358974, 32.949450549450546, 32.95750915750916, 32.958241758241755, 32.95750915750916, 32.95677655677656, 32.95238095238095, 32.94725274725275, 32.949450549450546, 32.94798534798535, 32.944322344322345, 32.94798534798535, 32.95311355311355, 32.95018315018315, 32.94798534798535, 32.95677655677656, 32.96117216117216, 32.96043956043956, 32.95384615384616, 32.95311355311355, 32.94725274725275, 32.95164835164835, 32.95164835164835, 32.95384615384616, 32.95531135531135, 32.95750915750916, 32.95970695970696, 32.95970695970696, 32.95384615384616, 32.95018315018315, 32.945787545787546, 32.95238095238095, 32.94871794871795, 32.950915750915755, 32.949450549450546, 32.94871794871795, 32.94285714285714, 32.94358974358974, 32.94798534798535, 32.94725274725275, 32.954578754578755, 32.949450549450546, 32.94652014652014, 32.94798534798535, 32.95018315018315, 32.95238095238095, 32.95311355311355, 32.95311355311355, 32.94798534798535, 32.94505494505495, 32.94725274725275, 32.94285714285714, 32.944322344322345, 32.945787545787546, 32.94505494505495, 32.94725274725275, 32.94065934065934, 32.93846153846154, 32.93919413919414, 32.93992673992674, 32.942124542124546, 32.944322344322345, 32.94725274725275, 32.94139194139194, 32.94285714285714, 32.93919413919414, 32.942124542124546, 32.945787545787546, 32.94652014652014, 32.94285714285714, 32.945787545787546, 32.94505494505495, 32.94652014652014, 32.94871794871795, 32.945787545787546, 32.94725274725275, 32.94652014652014, 32.94505494505495, 32.94505494505495, 32.945787545787546, 32.94798534798535, 32.94798534798535, 32.949450549450546, 32.950915750915755, 32.95238095238095, 32.95311355311355, 32.95018315018315, 32.94798534798535, 32.95238095238095, 32.956043956043956, 32.95311355311355, 32.94871794871795, 32.94798534798535, 32.95018315018315, 32.95531135531135, 32.95311355311355, 32.95311355311355, 32.94798534798535, 32.95384615384616, 32.95677655677656, 32.950915750915755, 32.949450549450546, 32.94285714285714, 32.94652014652014, 32.94505494505495, 32.94652014652014, 32.93919413919414, 32.93260073260073, 32.93479853479853, 32.93333333333334, 32.934065934065934, 32.93919413919414, 32.94139194139194, 32.942124542124546, 32.945787545787546, 32.94065934065934, 32.942124542124546, 32.94139194139194, 32.942124542124546, 32.94358974358974, 32.94065934065934, 32.942124542124546, 32.94725274725275, 32.94358974358974, 32.94065934065934, 32.94139194139194, 32.94065934065934, 32.94285714285714, 32.95164835164835, 32.94871794871795, 32.94652014652014, 32.94725274725275, 32.94725274725275, 32.94285714285714, 32.94725274725275, 32.95018315018315, 32.942124542124546, 32.94358974358974, 32.94652014652014, 32.94505494505495, 32.94798534798535, 32.944322344322345, 32.94065934065934, 32.942124542124546, 32.93992673992674, 32.935531135531136, 32.93626373626374, 32.937728937728934, 32.937728937728934, 32.935531135531136, 32.94285714285714, 32.94652014652014, 32.95018315018315, 32.94285714285714, 32.94652014652014, 32.945787545787546, 32.94725274725275, 32.94652014652014, 32.95018315018315, 32.94871794871795, 32.94871794871795, 32.95384615384616, 32.945787545787546, 32.944322344322345, 32.942124542124546, 32.93992673992674, 32.935531135531136, 32.935531135531136, 32.935531135531136, 32.93479853479853, 32.94139194139194, 32.93846153846154, 32.94285714285714, 32.93919413919414, 32.94065934065934, 32.94725274725275, 32.94285714285714, 32.94798534798535, 32.94065934065934, 32.94139194139194, 32.94798534798535, 32.94725274725275, 32.94358974358974, 32.949450549450546, 32.94358974358974, 32.94505494505495, 32.944322344322345, 32.94505494505495, 32.93699633699634, 32.937728937728934, 32.937728937728934, 32.935531135531136, 32.935531135531136, 32.93479853479853, 32.93699633699634, 32.93699633699634, 32.942124542124546, 32.944322344322345, 32.94652014652014, 32.94139194139194, 32.94065934065934, 32.94065934065934, 32.94285714285714, 32.944322344322345, 32.94725274725275, 32.944322344322345, 32.94652014652014, 32.94871794871795, 32.95384615384616, 32.949450549450546, 32.950915750915755, 32.95018315018315, 32.949450549450546, 32.949450549450546, 32.94871794871795, 32.95238095238095, 32.95164835164835, 32.950915750915755, 32.94798534798535, 32.94285714285714, 32.949450549450546, 32.94798534798535, 32.94505494505495, 32.94725274725275, 32.94652014652014, 32.945787545787546, 32.95018315018315, 32.94285714285714, 32.94139194139194, 32.94065934065934, 32.93260073260073, 32.93260073260073, 32.93333333333334, 32.935531135531136, 32.94139194139194, 32.934065934065934, 32.93919413919414, 32.935531135531136, 32.94065934065934, 32.94285714285714, 32.94505494505495, 32.94139194139194, 32.94725274725275, 32.94652014652014, 32.95018315018315, 32.94725274725275, 32.94358974358974, 32.94798534798535, 32.94358974358974, 32.94358974358974, 32.937728937728934, 32.93186813186813, 32.93919413919414, 32.942124542124546, 32.93626373626374, 32.934065934065934, 32.93626373626374, 32.93333333333334, 32.94065934065934, 32.937728937728934, 32.937728937728934, 32.94285714285714, 32.94065934065934, 32.93846153846154, 32.93992673992674, 32.93919413919414, 32.937728937728934, 32.93846153846154, 32.93333333333334, 32.93113553113553, 32.93186813186813, 32.93113553113553, 32.93113553113553]",0.9129203510597016,0.9284306527031727,33,"[33, 33, 33, 33, 33, 33, 33, 33, 33, 33, 33, 33, 33, 33, 33, 33, 33, 33, 33, 33, 33, 33, 33, 33, 33, 33, 33, 33, 33, 33, 33, 33, 33, 33, 33, 33, 33, 33, 33, 33, 33, 33, 33, 33, 33, 33, 33, 33, 33, 33, 33, 33, 33, 33, 33, 33, 33, 33, 33, 33, 33, 33, 33, 33, 33, 33, 33, 33, 33, 33, 33, 33, 33, 33, 33, 33, 33, 33, 33, 33, 33, 33, 33, 33, 33, 33, 33, 33, 33, 33, 33, 33, 33, 33, 33, 33, 33, 33, 33, 33, 33, 33, 33, 33, 33, 33, 33, 33, 33, 33, 33, 33, 33, 33, 33, 33, 33, 33, 33, 33, 33, 33, 33, 33, 33, 33, 33, 33, 33, 33, 33, 33, 33, 33, 33, 33, 33, 33, 33, 33, 33, 33, 33, 33, 33, 33, 33, 33, 33, 33, 33, 33, 33, 33, 33, 33, 33, 33, 33, 33, 33, 33, 33, 33, 33, 33, 33, 33, 33, 33, 33, 33, 33, 33, 33, 33, 33, 33, 33, 33, 33, 33, 33, 33, 33, 33, 33, 33, 33, 33, 33, 33, 33, 33, 33, 33, 33, 33, 33, 33, 33, 33, 33, 33, 33, 33, 33, 33, 33, 33, 33, 33, 33, 33, 33, 33, 33, 33, 33, 33, 33, 33, 33, 33, 33, 33, 33, 33, 33, 33, 33, 33, 33, 33, 33, 33, 33, 33, 33, 33, 33, 33, 33, 33, 33, 33, 33, 33, 33, 33, 33, 33, 33, 33, 33, 33, 33, 33, 33, 33, 33, 33, 33, 33, 33, 33, 33, 33, 33, 33, 33, 33, 33, 33, 33, 33, 33, 33, 33, 33, 33, 33, 33, 33, 33, 33, 33, 33, 33, 33, 33, 33, 33, 33, 33, 33, 33, 33, 33, 33, 33, 33, 33, 33, 33, 33, 33, 33, 33, 33, 33, 33, 33, 33, 33, 33, 33, 33, 33, 33, 33, 33, 33, 33, 33, 33, 33, 33, 33, 33, 33, 33, 33, 33, 33, 33, 33, 33, 33, 33, 33, 33, 33, 33, 33, 33, 33, 33, 33, 33, 33, 33, 33, 33, 33, 33, 33, 33, 33, 33, 33, 33, 33, 33, 33, 33, 33, 33, 33, 33, 33, 33, 33, 33, 33, 33, 33, 33, 33, 33, 33, 33, 33, 33, 33, 33, 33, 33, 33, 33, 33, 33, 33, 33, 33, 33, 33, 33, 33, 33, 33, 33, 33, 33, 33, 33, 33, 33, 33, 33, 33, 33, 33, 33, 33, 33, 33, 33, 33, 33, 33, 33, 33, 33, 33]",425,"[0.40101200342178345, 0.3925720155239105, 0.3870273232460022, 0.3828931748867035, 0.37989234924316406, 0.3781605660915375, 0.3756178319454193, 0.3734035789966583, 0.37185630202293396, 0.3706676959991455, 0.3692038357257843, 0.36769214272499084, 0.3662055730819702, 0.3649984300136566, 0.36410218477249146, 0.3625914454460144, 0.3620982766151428, 0.3608292043209076, 0.3592338263988495, 0.3580094575881958, 0.35676705837249756, 0.355602502822876, 0.3545290231704712, 0.3541080951690674, 0.3526054620742798, 0.35238969326019287, 0.3503528833389282, 0.34902527928352356, 0.34871935844421387, 0.3471626937389374, 0.3459404706954956, 0.34497860074043274, 0.344024658203125, 0.3431944251060486, 0.34212806820869446, 0.34137779474258423, 0.3400568664073944, 0.3391590118408203, 0.3382244408130646, 0.337612122297287, 0.3379923105239868, 0.33536484837532043, 0.3347546458244324, 0.3333493769168854, 0.3324865996837616, 0.3316795825958252, 0.33048316836357117, 0.3294510245323181, 0.32899901270866394, 0.32770565152168274, 0.32673290371894836, 0.3254353702068329, 0.3241972029209137, 0.3238326907157898, 0.32252177596092224, 0.3210919201374054, 0.32025146484375, 0.3186805844306946, 0.31765222549438477, 0.31718775629997253, 0.3165438771247864, 0.31399741768836975, 0.31312820315361023, 0.31489279866218567, 0.3098163604736328, 0.30854010581970215, 0.30755823850631714, 0.30578848719596863, 0.3045239746570587, 0.303333580493927, 0.301626592874527, 0.3002709746360779, 0.29860174655914307, 0.2973370850086212, 0.29562458395957947, 0.2942200005054474, 0.29325902462005615, 0.2912502586841583, 0.2902526557445526, 0.2881087064743042, 0.2869899272918701, 0.28553780913352966, 0.2837057411670685, 0.2822783589363098, 0.28086042404174805, 0.28021371364593506, 0.2780708372592926, 0.27681708335876465, 0.2759332060813904, 0.27441108226776123, 0.27348190546035767, 0.27317243814468384, 0.27115151286125183, 0.270075261592865, 0.26909762620925903, 0.26794350147247314, 0.2673366963863373, 0.2663290500640869, 0.2652912735939026, 0.2643941044807434, 0.2636514902114868, 0.26264849305152893, 0.26171359419822693, 0.2610068619251251, 0.2601178288459778, 0.2593958377838135, 0.2586205303668976, 0.25815239548683167, 0.2574779987335205, 0.25697118043899536, 0.2561970055103302, 0.25541648268699646, 0.2548964023590088, 0.2543077766895294, 0.25372976064682007, 0.25329285860061646, 0.25435104966163635, 0.25208842754364014, 0.25163716077804565, 0.2510301172733307, 0.2504710257053375, 0.2498350888490677, 0.24980390071868896, 0.24896951019763947, 0.2483110874891281, 0.24783442914485931, 0.24754710495471954, 0.24736253917217255, 0.2469622790813446, 0.24592196941375732, 0.24541360139846802, 0.2450496256351471, 0.24433539807796478, 0.2443430870771408, 0.24380949139595032, 0.24335287511348724, 0.2428426891565323, 0.24225932359695435, 0.24200275540351868, 0.2417154461145401, 0.24092863500118256, 0.24170982837677002, 0.24019306898117065, 0.23957489430904388, 0.2392716407775879, 0.23909665644168854, 0.23872138559818268, 0.2381131947040558, 0.23759235441684723, 0.23712287843227386, 0.23676595091819763, 0.23626115918159485, 0.2361937314271927, 0.23547333478927612, 0.2357064038515091, 0.23459678888320923, 0.23471516370773315, 0.23451988399028778, 0.23394644260406494, 0.23328563570976257, 0.23272693157196045, 0.2323426753282547, 0.2323068082332611, 0.23172792792320251, 0.23111477494239807, 0.23096370697021484, 0.2304171770811081, 0.22999048233032227, 0.23030132055282593, 0.22957338392734528, 0.22895385324954987, 0.22883611917495728, 0.22990572452545166, 0.22827041149139404, 0.2275616079568863, 0.22718949615955353, 0.22671973705291748, 0.22661422193050385, 0.22609193623065948, 0.2263302206993103, 0.22526401281356812, 0.22453534603118896, 0.22482053935527802, 0.22417810559272766, 0.22443550825119019, 0.2237616330385208, 0.22424104809761047, 0.22284114360809326, 0.22275929152965546, 0.2228865623474121, 0.222603440284729, 0.22236374020576477, 0.22227635979652405, 0.22108806669712067, 0.22138036787509918, 0.2226666808128357, 0.22024080157279968, 0.21974769234657288, 0.21945776045322418, 0.22233936190605164, 0.21852771937847137, 0.21900346875190735, 0.21835508942604065, 0.21811796724796295, 0.21746917068958282, 0.21722358465194702, 0.21673683822155, 0.2166728526353836, 0.21666574478149414, 0.2159593552350998, 0.21596692502498627, 0.21612288057804108, 0.21559341251850128, 0.21526092290878296, 0.2148716300725937, 0.21443194150924683, 0.2157796025276184, 0.21382367610931396, 0.21366901695728302, 0.21356208622455597, 0.21362915635108948, 0.21274055540561676, 0.21347251534461975, 0.2129531055688858, 0.21233564615249634, 0.2132827192544937, 0.21176214516162872, 0.212321937084198, 0.21303297579288483, 0.21143504977226257, 0.21164821088314056, 0.21139034628868103, 0.21029962599277496, 0.2107701450586319, 0.21090997755527496, 0.21041926741600037, 0.20982301235198975, 0.21018625795841217, 0.209736630320549, 0.2094355821609497, 0.21003298461437225, 0.2093283087015152, 0.20841436088085175, 0.20889288187026978, 0.20838920772075653, 0.2076604664325714, 0.20781852304935455, 0.2084086537361145, 0.20756246149539948, 0.2072521150112152, 0.20702995359897614, 0.20788896083831787, 0.20739302039146423, 0.20709173381328583, 0.20652878284454346, 0.20679447054862976, 0.20625032484531403, 0.20779693126678467, 0.20672067999839783, 0.20752550661563873, 0.2056746929883957, 0.20565086603164673, 0.20495353639125824, 0.20522363483905792, 0.2060433179140091, 0.20476408302783966, 0.2059016078710556, 0.20493485033512115, 0.20480230450630188, 0.20526470243930817, 0.20424316823482513, 0.20422549545764923, 0.20401769876480103, 0.20598450303077698, 0.20532914996147156, 0.20527231693267822, 0.2049604207277298, 0.20420637726783752, 0.20495814085006714, 0.2039010375738144, 0.20365121960639954, 0.20379182696342468, 0.20494943857192993, 0.20301660895347595, 0.2034522444009781, 0.2031438648700714, 0.20504708588123322, 0.2045821249485016, 0.20270781219005585, 0.20285332202911377, 0.20441631972789764, 0.20274513959884644, 0.20234443247318268, 0.20296962559223175, 0.20153141021728516, 0.20283067226409912, 0.2023572027683258, 0.2036464363336563, 0.2025243639945984, 0.20280560851097107, 0.20276811718940735, 0.20303873717784882, 0.20145130157470703, 0.20164306461811066, 0.2027074694633484, 0.20257282257080078, 0.2011987268924713, 0.20223496854305267, 0.20186340808868408, 0.20320260524749756, 0.2010466456413269, 0.20066766440868378, 0.20055145025253296, 0.20107242465019226, 0.20045670866966248, 0.20008373260498047, 0.2006957232952118, 0.20075683295726776, 0.20149534940719604, 0.2039523720741272, 0.20017732679843903, 0.19942133128643036, 0.20140284299850464, 0.19957222044467926, 0.20144344866275787, 0.200846865773201, 0.20109573006629944, 0.20050287246704102, 0.19956500828266144, 0.20071399211883545, 0.19939477741718292, 0.19977782666683197, 0.2009384036064148, 0.20018142461776733, 0.19929665327072144, 0.20135198533535004, 0.20148231089115143, 0.20101886987686157, 0.1992546021938324, 0.19859448075294495, 0.20020070672035217, 0.1983172744512558, 0.20091266930103302, 0.1994091272354126, 0.200331911444664, 0.20306943356990814, 0.20030884444713593, 0.19908222556114197, 0.19938820600509644, 0.1990680694580078, 0.19944533705711365, 0.19886045157909393, 0.20034512877464294, 0.19991861283779144, 0.19977867603302002, 0.19898749887943268, 0.19874751567840576, 0.2013833224773407, 0.19943109154701233, 0.19948282837867737, 0.1982567012310028, 0.1987714022397995, 0.2001749575138092, 0.19898773729801178, 0.2001393735408783, 0.19799131155014038, 0.19853027164936066, 0.19830933213233948, 0.19928480684757233, 0.19994258880615234, 0.19909782707691193, 0.19924259185791016, 0.19826282560825348, 0.19851428270339966, 0.19803422689437866, 0.19741064310073853, 0.19832821190357208, 0.19734670221805573, 0.19939260184764862, 0.19808463752269745, 0.19772745668888092, 0.19951456785202026, 0.19703029096126556, 0.1999155431985855, 0.19806118309497833, 0.1975259631872177, 0.19716352224349976, 0.19913209974765778, 0.20189696550369263, 0.19806377589702606, 0.1970342993736267, 0.1984724998474121, 0.19923831522464752, 0.1975475698709488, 0.19727760553359985, 0.1980811357498169, 0.19760246574878693, 0.20006880164146423, 0.19713900983333588, 0.1967684030532837, 0.199009507894516, 0.19833557307720184, 0.1976076364517212, 0.19821973145008087, 0.19725365936756134, 0.19705505669116974, 0.19769078493118286, 0.1976100504398346, 0.19667558372020721, 0.19744159281253815, 0.19737841188907623, 0.1972663849592209, 0.19903282821178436, 0.1972847878932953, 0.1975184977054596, 0.19800034165382385, 0.1987142115831375, 0.19805048406124115, 0.19742248952388763, 0.19754046201705933, 0.19735397398471832, 0.19709722697734833, 0.1967894732952118, 0.1984374225139618, 0.19635352492332458]",33.0,"[33.0, 33.0, 33.0, 33.0, 33.0, 33.0, 33.0, 33.0, 33.0, 33.0, 33.0, 33.0, 33.0, 33.0, 33.0, 33.0, 33.0, 33.0, 33.0, 33.0, 33.0, 33.0, 33.0, 33.0, 33.0, 33.0, 33.0, 33.0, 33.0, 33.0, 33.0, 33.0, 33.0, 33.0, 33.0, 33.0, 33.0, 33.0, 33.0, 33.0, 33.0, 33.0, 33.0, 33.0, 33.0, 33.0, 33.0, 33.0, 33.0, 33.0, 33.0, 33.0, 33.0, 33.0, 33.0, 33.0, 33.0, 33.0, 33.0, 33.0, 33.0, 33.0, 33.0, 33.0, 33.0, 33.0, 33.0, 33.0, 33.0, 33.0, 33.0, 33.0, 33.0, 33.0, 33.0, 33.0, 33.0, 33.0, 33.0, 33.0, 33.0, 33.0, 33.0, 33.0, 33.0, 33.0, 33.0, 33.0, 33.0, 33.0, 33.0, 33.0, 33.0, 33.0, 33.0, 33.0, 33.0, 33.0, 33.0, 33.0, 33.0, 33.0, 33.0, 33.0, 33.0, 33.0, 33.0, 33.0, 33.0, 33.0, 33.0, 33.0, 33.0, 33.0, 33.0, 33.0, 33.0, 33.0, 33.0, 33.0, 33.0, 33.0, 33.0, 33.0, 3