,number,value,datetime_start,datetime_complete,duration,params_batch_size_scaler,params_constant_learning_rate,params_depth,params_epochs,params_kernel_l2,params_num_trees,params_temperature,user_attrs_accuracy_test,user_attrs_accuracy_valid,user_attrs_approximate_feature_sparsity,user_attrs_approximate_feature_sparsity_history,user_attrs_approximate_weight_sparsity,user_attrs_approximate_weight_sparsity_history,user_attrs_auc_test,user_attrs_auc_valid,user_attrs_feature_sparsity,user_attrs_feature_sparsity_history,user_attrs_num_epochs,user_attrs_val_loss_history,user_attrs_weight_sparsity,user_attrs_weight_sparsity_history,state
142,142,0.7373987195836715,2024-08-31 05:41:00.818090,2024-08-31 05:43:02.145678,0 days 00:02:01.327588,16,0.024932527078163395,5,390,0.6042046421382284,54,0.0017689751867323818,0.877,0.8725,33,"[33, 33, 33, 33, 33, 33, 33, 33, 33, 33, 33, 33, 33, 33, 33, 33, 33, 33, 33, 33, 33, 33, 33, 33, 33, 33, 33, 33, 33, 33, 33, 33, 33, 33, 33, 33, 33, 33, 33, 33, 33, 33, 33, 33, 33, 33, 33, 33, 33, 33, 33, 33, 33, 33, 33, 33, 33, 33, 33, 33, 33, 33, 33, 33, 33, 33, 33, 33, 33, 33, 33, 33, 33, 33, 33, 33, 33, 33, 33, 33, 33, 33, 33, 33, 33, 33, 33, 33, 33, 33, 33, 33, 33, 33, 33, 33, 33, 33, 33, 33, 33, 33, 33, 33, 33, 33, 33, 33, 33, 33, 33, 33, 33, 33, 33, 33, 33, 33, 33, 33, 33, 33, 33, 33, 33, 33, 33, 33, 33, 33, 33, 33, 33, 33, 33, 33, 33, 33, 33, 33, 33, 33, 33, 33, 33, 33, 33, 33, 33, 33, 33, 33, 33, 33, 33, 33, 33, 33, 33, 33, 33, 33, 33, 33, 33, 33, 33, 33, 33, 33, 33, 33, 33, 33, 33, 33, 33, 33, 33, 33, 33, 33, 33, 33, 33, 33, 33, 33, 33, 33, 33, 33, 33, 33, 33, 33, 33, 33, 33, 33, 33, 33, 33, 33, 33, 33, 33, 33, 33, 33, 33, 33, 33, 33, 33, 33, 33, 33, 33, 33, 33, 33, 33, 33, 33, 33, 33, 33, 33, 33, 33, 33, 33, 33, 33, 33, 33, 33, 33, 33, 33, 33, 33, 33, 33, 33, 33, 33, 33, 33, 33, 33, 33, 33, 33, 33, 33, 33, 33, 33, 33, 33, 33, 33, 33, 33, 33, 33, 33, 33, 33, 33, 33, 33, 33, 33, 33, 33, 33, 33, 33, 33, 33, 33, 33, 33, 33, 33, 33, 33, 33, 33, 33, 33, 33, 33, 33, 33, 33, 33, 33, 33, 33, 33, 33, 33, 33, 33, 33, 33, 33, 33, 33, 33, 33, 33, 33, 33, 33, 33, 33, 33, 33, 33, 33, 33, 33, 33, 33, 33, 33, 33, 33, 33, 33, 33, 33, 33, 33, 33, 33, 33, 33, 33, 33, 33, 33, 33, 33, 33, 33, 33, 33, 33, 33, 33, 33, 33, 33, 33, 33, 33, 33, 33, 33, 33, 33, 33, 33, 33, 33, 33, 33, 33, 33, 33, 33, 33, 33, 33, 33, 33, 33, 33, 33, 33, 33, 33, 33, 33]",32.93309438470729,"[32.948028673835125, 32.94743130227001, 32.94743130227001, 32.948028673835125, 32.94504181600956, 32.951015531660694, 32.948028673835125, 32.94982078853047, 32.951015531660694, 32.952807646356035, 32.951015531660694, 32.95221027479092, 32.94743130227001, 32.943249701314215, 32.948028673835125, 32.95041816009558, 32.943249701314215, 32.94384707287933, 32.943249701314215, 32.94563918757467, 32.94504181600956, 32.948028673835125, 32.943847072879336, 32.93847072879331, 32.943249701314215, 32.94743130227001, 32.946236559139784, 32.948028673835125, 32.94922341696535, 32.94982078853047, 32.95340501792115, 32.95221027479092, 32.952807646356035, 32.95221027479092, 32.951015531660694, 32.943249701314215, 32.941457586618874, 32.94265232974911, 32.94504181600956, 32.94145758661888, 32.94086021505377, 32.93608124253286, 32.94086021505377, 32.940262843488654, 32.940262843488654, 32.942054958183995, 32.94145758661888, 32.94145758661888, 32.94026284348865, 32.93608124253286, 32.937275985663085, 32.93847072879331, 32.9378733572282, 32.935483870967744, 32.93488649940263, 32.93727598566308, 32.93787335722819, 32.94384707287933, 32.941457586618874, 32.940262843488654, 32.94384707287933, 32.942054958183995, 32.94205495818399, 32.9426523297491, 32.943249701314215, 32.94504181600956, 32.943249701314215, 32.941457586618874, 32.942054958183995, 32.93966547192354, 32.94086021505376, 32.941457586618874, 32.94205495818399, 32.941457586618874, 32.93966547192353, 32.9426523297491, 32.94504181600956, 32.94922341696535, 32.9468339307049, 32.94743130227001, 32.94384707287933, 32.93966547192354, 32.935483870967744, 32.935483870967744, 32.93488649940263, 32.934289127837516, 32.93608124253286, 32.930704898446834, 32.9336917562724, 32.934289127837516, 32.93787335722819, 32.93966547192353, 32.934289127837516, 32.93189964157706, 32.932497013142175, 32.93189964157706, 32.930704898446834, 32.92891278375149, 32.93189964157706, 32.92712066905615, 32.92831541218638, 32.93309438470729, 32.93130227001195, 32.93010752688172, 32.92652329749104, 32.92712066905615, 32.924731182795696, 32.92413381123058, 32.92532855436081, 32.924731182795696, 32.927718040621265, 32.92771804062127, 32.926523297491045, 32.92652329749104, 32.92652329749104, 32.92712066905615, 32.92831541218638, 32.923536439665476, 32.925925925925924, 32.92831541218638, 32.927718040621265, 32.93010752688172, 32.93010752688172, 32.9289127837515, 32.92532855436082, 32.921744324970135, 32.92114695340502, 32.925925925925924, 32.92891278375149, 32.927718040621265, 32.92712066905615, 32.925925925925924, 32.927718040621265, 32.92652329749104, 32.921744324970135, 32.92413381123058, 32.92353643966547, 32.925925925925924, 32.93130227001195, 32.934289127837516, 32.93309438470729, 32.9336917562724, 32.932497013142175, 32.935483870967744, 32.9336917562724, 32.930704898446834, 32.92532855436081, 32.92532855436081, 32.92652329749104, 32.92652329749104, 32.92712066905615, 32.92652329749104, 32.93010752688172, 32.93010752688172, 32.93189964157706, 32.930704898446834, 32.930704898446834, 32.932497013142175, 32.932497013142175, 32.934289127837516, 32.93488649940263, 32.9336917562724, 32.92891278375149, 32.932497013142175, 32.93130227001195, 32.932497013142175, 32.930704898446834, 32.92831541218638, 32.93130227001195, 32.929510155316606, 32.93130227001195, 32.93488649940263, 32.9378733572282, 32.93847072879331, 32.937275985663085, 32.939068100358426, 32.940262843488654, 32.94444444444444, 32.94384707287933, 32.94444444444444, 32.943249701314215, 32.94205495818399, 32.9426523297491, 32.94504181600956, 32.94504181600956, 32.94504181600956, 32.94324970131422, 32.940262843488654, 32.934289127837516, 32.935483870967744, 32.93488649940263, 32.9336917562724, 32.93309438470729, 32.932497013142175, 32.93130227001195, 32.93608124253286, 32.93727598566308, 32.93667861409797, 32.9378733572282, 32.9378733572282, 32.937275985663085, 32.93667861409797, 32.937275985663085, 32.93608124253286, 32.937275985663085, 32.93966547192354, 32.93667861409797, 32.934289127837516, 32.93189964157706, 32.93309438470729, 32.93608124253286, 32.937275985663085, 32.934289127837516, 32.9378733572282, 32.93667861409797, 32.93488649940263, 32.937275985663085, 32.93608124253286, 32.935483870967744, 32.93667861409797, 32.937275985663085, 32.93488649940263, 32.935483870967744, 32.93667861409797, 32.937275985663085, 32.9426523297491, 32.94444444444444, 32.946236559139784, 32.94563918757467, 32.943249701314215, 32.94384707287933, 32.9426523297491, 32.941457586618874, 32.94086021505376, 32.93966547192354, 32.93847072879331, 32.93966547192354, 32.93966547192353, 32.94444444444445, 32.94504181600956, 32.94563918757467, 32.943249701314215, 32.942054958183995, 32.943847072879336, 32.9426523297491, 32.94384707287933, 32.942054958183995, 32.93966547192354, 32.9378733572282, 32.9378733572282, 32.93847072879331, 32.93667861409797, 32.935483870967744, 32.938470728793305, 32.938470728793305, 32.93727598566308, 32.9336917562724, 32.93309438470729, 32.932497013142175, 32.930704898446834, 32.92712066905615, 32.927718040621265, 32.92891278375149, 32.93130227001195, 32.93010752688172, 32.93130227001195, 32.9336917562724, 32.934289127837516, 32.93130227001195, 32.932497013142175, 32.93189964157706, 32.932497013142175, 32.93488649940263, 32.93010752688172, 32.93010752688172, 32.93189964157706, 32.93309438470729, 32.93309438470729, 32.9336917562724, 32.935483870967744, 32.932497013142175, 32.935483870967744, 32.93309438470729, 32.93488649940263, 32.934289127837516, 32.9378733572282, 32.93966547192354, 32.940262843488654, 32.9426523297491, 32.94026284348865, 32.937275985663085, 32.93608124253285, 32.934289127837516, 32.936678614097964, 32.935483870967744, 32.9336917562724, 32.9378733572282, 32.935483870967744, 32.935483870967744, 32.93488649940263, 32.93189964157706, 32.93189964157706, 32.93189964157706, 32.93130227001195, 32.925925925925924, 32.927718040621265, 32.92712066905615, 32.925925925925924, 32.925925925925924, 32.927718040621265, 32.92532855436081, 32.930704898446834, 32.93010752688172, 32.930704898446834, 32.930704898446834, 32.93189964157706, 32.932497013142175, 32.93130227001195, 32.93130227001195, 32.93189964157706, 32.93130227001195, 32.93010752688172, 32.93130227001195, 32.929510155316606, 32.930704898446834, 32.92891278375149, 32.92891278375149, 32.93189964157706, 32.93189964157706, 32.93130227001195, 32.93130227001195, 32.93010752688172, 32.929510155316606, 32.93130227001195, 32.93488649940263, 32.934289127837516, 32.935483870967744, 32.934289127837516, 32.93130227001195, 32.93130227001195, 32.930704898446834, 32.929510155316606, 32.927718040621265, 32.932497013142175, 32.9336917562724, 32.93189964157706, 32.93189964157706, 32.92831541218638, 32.92891278375149, 32.93189964157706, 32.9336917562724, 32.935483870967744, 32.93966547192354, 32.93847072879331, 32.9378733572282, 32.9378733572282, 32.93966547192354, 32.939068100358426, 32.940262843488654, 32.94145758661888, 32.94145758661888, 32.943249701314215, 32.94563918757467, 32.94504181600956, 32.941457586618874, 32.94086021505376, 32.94086021505376, 32.9426523297491, 32.94265232974911, 32.9426523297491, 32.94145758661888, 32.942054958183995, 32.94324970131422, 32.9426523297491, 32.9426523297491, 32.937275985663085, 32.9378733572282, 32.9378733572282, 32.93906810035842, 32.93966547192354, 32.93847072879331, 32.939068100358426, 32.939068100358426, 32.939068100358426, 32.940262843488654, 32.93667861409797, 32.93608124253286, 32.935483870967744, 32.93309438470729, 32.93309438470729]",0.7723065745258795,0.7373987195836715,33,"[33, 33, 33, 33, 33, 33, 33, 33, 33, 33, 33, 33, 33, 33, 33, 33, 33, 33, 33, 33, 33, 33, 33, 33, 33, 33, 33, 33, 33, 33, 33, 33, 33, 33, 33, 33, 33, 33, 33, 33, 33, 33, 33, 33, 33, 33, 33, 33, 33, 33, 33, 33, 33, 33, 33, 33, 33, 33, 33, 33, 33, 33, 33, 33, 33, 33, 33, 33, 33, 33, 33, 33, 33, 33, 33, 33, 33, 33, 33, 33, 33, 33, 33, 33, 33, 33, 33, 33, 33, 33, 33, 33, 33, 33, 33, 33, 33, 33, 33, 33, 33, 33, 33, 33, 33, 33, 33, 33, 33, 33, 33, 33, 33, 33, 33, 33, 33, 33, 33, 33, 33, 33, 33, 33, 33, 33, 33, 33, 33, 33, 33, 33, 33, 33, 33, 33, 33, 33, 33, 33, 33, 33, 33, 33, 33, 33, 33, 33, 33, 33, 33, 33, 33, 33, 33, 33, 33, 33, 33, 33, 33, 33, 33, 33, 33, 33, 33, 33, 33, 33, 33, 33, 33, 33, 33, 33, 33, 33, 33, 33, 33, 33, 33, 33, 33, 33, 33, 33, 33, 33, 33, 33, 33, 33, 33, 33, 33, 33, 33, 33, 33, 33, 33, 33, 33, 33, 33, 33, 33, 33, 33, 33, 33, 33, 33, 33, 33, 33, 33, 33, 33, 33, 33, 33, 33, 33, 33, 33, 33, 33, 33, 33, 33, 33, 33, 33, 33, 33, 33, 33, 33, 33, 33, 33, 33, 33, 33, 33, 33, 33, 33, 33, 33, 33, 33, 33, 33, 33, 33, 33, 33, 33, 33, 33, 33, 33, 33, 33, 33, 33, 33, 33, 33, 33, 33, 33, 33, 33, 33, 33, 33, 33, 33, 33, 33, 33, 33, 33, 33, 33, 33, 33, 33, 33, 33, 33, 33, 33, 33, 33, 33, 33, 33, 33, 33, 33, 33, 33, 33, 33, 33, 33, 33, 33, 33, 33, 33, 33, 33, 33, 33, 33, 33, 33, 33, 33, 33, 33, 33, 33, 33, 33, 33, 33, 33, 33, 33, 33, 33, 33, 33, 33, 33, 33, 33, 33, 33, 33, 33, 33, 33, 33, 33, 33, 33, 33, 33, 33, 33, 33, 33, 33, 33, 33, 33, 33, 33, 33, 33, 33, 33, 33, 33, 33, 33, 33, 33, 33, 33, 33, 33, 33, 33, 33, 33, 33, 33, 33, 33, 33]",390,"[0.6692984700202942, 0.5686284899711609, 0.5137980580329895, 0.48082539439201355, 0.46082958579063416, 0.4481378197669983, 0.439948171377182, 0.43435874581336975, 0.43038859963417053, 0.42741405963897705, 0.4251629114151001, 0.42351168394088745, 0.42215579748153687, 0.4210338890552521, 0.4201468229293823, 0.4193158745765686, 0.4185986816883087, 0.4179518222808838, 0.4173458516597748, 0.4167950749397278, 0.416279137134552, 0.41579264402389526, 0.4152987003326416, 0.4148225784301758, 0.41438597440719604, 0.41394153237342834, 0.4135127365589142, 0.41309258341789246, 0.412693589925766, 0.4123039245605469, 0.41192084550857544, 0.4115568995475769, 0.4111810326576233, 0.4108213186264038, 0.4104633331298828, 0.4101123809814453, 0.4097857177257538, 0.4094461500644684, 0.4091266393661499, 0.4088037610054016, 0.4084889888763428, 0.40817996859550476, 0.40787720680236816, 0.40758633613586426, 0.4072873294353485, 0.40699732303619385, 0.40668877959251404, 0.4064057469367981, 0.40612518787384033, 0.40586453676223755, 0.4056050479412079, 0.40533867478370667, 0.40508267283439636, 0.40481966733932495, 0.40457600355148315, 0.40432822704315186, 0.40410134196281433, 0.40386679768562317, 0.403642475605011, 0.4033997356891632, 0.4031637907028198, 0.40294453501701355, 0.4027341604232788, 0.4025087356567383, 0.40229594707489014, 0.40209493041038513, 0.4018900990486145, 0.4016883969306946, 0.4014926254749298, 0.40129876136779785, 0.4010959267616272, 0.4008927047252655, 0.4007152318954468, 0.4005419611930847, 0.4003557860851288, 0.4001642167568207, 0.3999786674976349, 0.3998066186904907, 0.39962470531463623, 0.3994612991809845, 0.3993043005466461, 0.39914295077323914, 0.3989852964878082, 0.3988197445869446, 0.39865344762802124, 0.39848941564559937, 0.3983427882194519, 0.39818719029426575, 0.39802590012550354, 0.39787524938583374, 0.39772406220436096, 0.39758700132369995, 0.3974377512931824, 0.3972983658313751, 0.3971399664878845, 0.3970032036304474, 0.39687976241111755, 0.39673537015914917, 0.3965963125228882, 0.3964596688747406, 0.3963277041912079, 0.3961809575557709, 0.39603492617607117, 0.3959141671657562, 0.3957938253879547, 0.39565375447273254, 0.39552050828933716, 0.3953898549079895, 0.3952521085739136, 0.39511963725090027, 0.3949923813343048, 0.39486873149871826, 0.39474502205848694, 0.39463314414024353, 0.39450889825820923, 0.39439406991004944, 0.3942650258541107, 0.3941531777381897, 0.3940325975418091, 0.39391791820526123, 0.3937895894050598, 0.3936767578125, 0.3935684263706207, 0.39344024658203125, 0.3933367431163788, 0.39322197437286377, 0.39311009645462036, 0.393027126789093, 0.39290791749954224, 0.3927901089191437, 0.392693430185318, 0.3925785720348358, 0.3924626111984253, 0.3923587501049042, 0.3922579288482666, 0.39216992259025574, 0.3920849561691284, 0.39196541905403137, 0.3918669521808624, 0.39177191257476807, 0.3916614055633545, 0.3915596306324005, 0.3914586305618286, 0.39136219024658203, 0.39126309752464294, 0.3911483883857727, 0.3910409212112427, 0.39094462990760803, 0.3908427357673645, 0.3907184302806854, 0.39060425758361816, 0.3905176818370819, 0.39041081070899963, 0.3903084993362427, 0.3902202248573303, 0.3901211619377136, 0.39003777503967285, 0.38993990421295166, 0.3898470997810364, 0.38976365327835083, 0.38966014981269836, 0.3895564377307892, 0.3894761800765991, 0.3893713057041168, 0.389274001121521, 0.38917961716651917, 0.3890770673751831, 0.38898253440856934, 0.38889017701148987, 0.38880202174186707, 0.38872095942497253, 0.38861653208732605, 0.38853394985198975, 0.3884493112564087, 0.3883545994758606, 0.38826510310173035, 0.38818633556365967, 0.38810333609580994, 0.3880229592323303, 0.3879310190677643, 0.3878426253795624, 0.38775619864463806, 0.3876616358757019, 0.3875627815723419, 0.3874666094779968, 0.3873640298843384, 0.3872792422771454, 0.3871966302394867, 0.3871135413646698, 0.38702771067619324, 0.3869374096393585, 0.3868613541126251, 0.3867795467376709, 0.38669124245643616, 0.38661229610443115, 0.38652098178863525, 0.38644805550575256, 0.38635584712028503, 0.3862796425819397, 0.386196494102478, 0.38610661029815674, 0.38603344559669495, 0.38595038652420044, 0.3858841359615326, 0.3857858180999756, 0.38570743799209595, 0.3856167495250702, 0.38552936911582947, 0.38544678688049316, 0.38536590337753296, 0.3852797746658325, 0.3852168917655945, 0.38512226939201355, 0.38504645228385925, 0.3849591016769409, 0.38486436009407043, 0.3847902715206146, 0.3847045600414276, 0.3846326768398285, 0.38454994559288025, 0.3844635486602783, 0.3843773603439331, 0.38428106904029846, 0.38418877124786377, 0.3841013014316559, 0.3840215802192688, 0.3839297890663147, 0.3838306665420532, 0.38376495242118835, 0.38367903232574463, 0.3835904598236084, 0.3835071623325348, 0.3834194839000702, 0.3833414912223816, 0.3832656443119049, 0.3831869959831238, 0.3830990493297577, 0.38303107023239136, 0.3829517066478729, 0.38285958766937256, 0.38277602195739746, 0.38271477818489075, 0.38263413310050964, 0.3825613260269165, 0.3824738562107086, 0.3823973834514618, 0.3823111355304718, 0.3822365701198578, 0.3821510076522827, 0.38207030296325684, 0.38200217485427856, 0.38192883133888245, 0.3818463385105133, 0.38176169991493225, 0.38167598843574524, 0.3816092312335968, 0.38153597712516785, 0.3814506232738495, 0.3813692033290863, 0.3812859356403351, 0.3812127411365509, 0.38113346695899963, 0.38105666637420654, 0.38098666071891785, 0.3809104859828949, 0.3808334469795227, 0.3807629346847534, 0.3806988596916199, 0.3806171417236328, 0.38053759932518005, 0.3804578483104706, 0.38036978244781494, 0.38028058409690857, 0.3802107274532318, 0.38015037775039673, 0.38006970286369324, 0.38000306487083435, 0.37992122769355774, 0.3798270523548126, 0.37975239753723145, 0.3796812891960144, 0.37959930300712585, 0.3795163333415985, 0.3794245421886444, 0.37933263182640076, 0.37925493717193604, 0.3791924715042114, 0.3791099786758423, 0.37904348969459534, 0.3789650797843933, 0.3789081275463104, 0.37885135412216187, 0.37876003980636597, 0.37868502736091614, 0.3785897195339203, 0.3785165846347809, 0.3784344792366028, 0.3783540725708008, 0.3782760500907898, 0.37819135189056396, 0.37811219692230225, 0.3780248165130615, 0.377953439950943, 0.3778744041919708, 0.37780261039733887, 0.37774139642715454, 0.3776671588420868, 0.37759244441986084, 0.3775124251842499, 0.3774486184120178, 0.3773903548717499, 0.37732380628585815, 0.37725117802619934, 0.37717917561531067, 0.37709498405456543, 0.3770241141319275, 0.376954048871994, 0.37688350677490234, 0.3768042027950287, 0.3767370283603668, 0.3766501247882843, 0.37657612562179565, 0.376494437456131, 0.3764066696166992, 0.3763214349746704, 0.37624984979629517, 0.3761873245239258, 0.376103013753891, 0.37604132294654846, 0.37596094608306885, 0.3758896291255951, 0.37580886483192444, 0.3757360577583313, 0.3756542503833771, 0.37557560205459595, 0.37551945447921753, 0.37543705105781555, 0.3753706216812134, 0.37528279423713684, 0.3752222955226898, 0.3751429617404938, 0.3750669062137604, 0.3749852776527405, 0.374907523393631, 0.37482425570487976, 0.3747479319572449, 0.37466317415237427, 0.3745827078819275, 0.37448015809059143, 0.37441474199295044, 0.37434178590774536, 0.37426838278770447, 0.37419697642326355, 0.3741120398044586, 0.3740328550338745, 0.3739554286003113, 0.37389519810676575, 0.3738303482532501, 0.3737620413303375, 0.3736911714076996, 0.37361687421798706, 0.3735409080982208, 0.3734751045703888, 0.37340477108955383, 0.37333598732948303, 0.3732526898384094, 0.37317386269569397, 0.37310025095939636, 0.3730209767818451, 0.3729460835456848, 0.37286749482154846, 0.37279847264289856, 0.3727128207683563, 0.37265270948410034, 0.3725862205028534, 0.3725097179412842, 0.37242668867111206, 0.37237098813056946, 0.3723089098930359, 0.3722233474254608, 0.37213775515556335, 0.37206918001174927, 0.3719916045665741, 0.37190356850624084, 0.3718374967575073, 0.3717561662197113, 0.3716835379600525, 0.3716082274913788, 0.3715328276157379, 0.37147441506385803]",33.0,"[33.0, 33.0, 33.0, 33.0, 33.0, 33.0, 33.0, 33.0, 33.0, 33.0, 33.0, 33.0, 33.0, 33.0, 33.0, 33.0, 33.0, 33.0, 33.0, 33.0, 33.0, 33.0, 33.0, 33.0, 33.0, 33.0, 33.0, 33.0, 33.0, 33.0, 33.0, 33.0, 33.0, 33.0, 33.0, 33.0, 33.0, 33.0, 33.0, 33.0, 33.0, 33.0, 33.0, 33.0, 33.0, 33.0, 33.0, 33.0, 33.0, 33.0, 33.0, 33.0, 33.0, 33.0, 33.0, 33.0, 33.0, 33.0, 33.0, 33.0, 33.0, 33.0, 33.0, 33.0, 33.0, 33.0, 33.0, 33.0, 33.0, 33.0, 33.0, 33.0, 33.0, 33.0, 33.0, 33.0, 33.0, 33.0, 33.0, 33.0, 33.0, 33.0, 33.0, 33.0, 33.0, 33.0, 33.0, 33.0, 33.0, 33.0, 33.0, 33.0, 33.0, 33.0, 33.0, 33.0, 33.0, 33.0, 33.0, 33.0, 33.0, 33.0, 33.0, 33.0, 33.0, 33.0, 33.0, 33.0, 33.0, 33.0, 33.0, 33.0, 33.0, 33.0, 33.0, 33.0, 33.0, 33.0, 33.0, 33.0, 33.0, 33.0, 33.0, 33.0, 33.0, 33.0, 33.0, 33.0, 33.0, 33.0, 33.0, 33.0, 33.0, 33.0, 33.0, 33.0, 33.0, 33.0, 33.0, 33.0, 33.0, 33.0, 33.0, 33.0, 33.0, 33.0, 33.0, 33.0, 33.0, 33.0, 33.0, 33.0, 33.0, 33.0, 33.0, 33.0, 33.0, 33.0, 33.0, 33.0, 33.0, 33.0, 33.0, 33.0, 33.0, 33.0, 33.0, 33.0, 33.0, 33.0, 33.0, 33.0, 33.0, 33.0, 33.0, 33.0, 33.0, 33.0, 33.0, 33.0, 33.0, 33.0, 33.0, 33.0, 33.0, 33.0, 33.0, 33.0, 33.0, 33.0, 33.0, 33.0, 33.0, 33.0, 33.0, 33.0, 33.0, 33.0, 33.0, 33.0, 33.0, 33.0, 33.0, 33.0, 33.0, 33.0, 33.0, 33.0, 33.0, 33.0, 33.0, 33.0, 33.0, 33.0, 33.0, 33.0, 33.0, 33.0, 33.0, 33.0, 33.0, 33.0, 33.0, 33.0, 33.0, 33.0, 33.0, 33.0, 33.0, 33.0, 33.0, 33.0, 33.0, 33.0, 33.0, 33.0, 33.0, 33.0, 33.0, 33.0, 33.0, 33.0, 33.0, 33.0, 33.0, 33.0, 33.0, 33.0, 33.0, 33.0, 33.0, 33.0, 33.0, 33.0, 33.0, 33.0, 33.0, 33.0, 33.0, 33.0, 33.0, 33.0, 33.0, 33.0, 33.0, 33.0, 33.0, 33.0, 33.0, 33.0, 33.0, 33.0, 33.0, 33.0, 33.0, 33.0, 33.0, 33.0, 33.0, 33.0, 33.0, 33.0, 33.0, 33.0, 33.0, 33.0, 33.0, 33.0, 33.0, 33.0, 33.0, 33.0, 33.0, 33.0, 33.0, 33.0, 33.0, 33.0, 33.0, 33.0, 33.0, 33.0, 33.0, 33.0, 33.0, 33.0, 33.0, 33.0, 33.0, 33.0, 33.0, 33.0, 33.0, 33.0, 33.0, 33.0, 33.0, 33.0, 33.0, 33.0, 33.0, 33.0, 33.0, 33.0, 33.0, 33.0, 33.0, 33.0, 33.0, 33.0, 33.0, 33.0, 33.0, 33.0, 33.0, 33.0, 33.0, 33.0, 33.0, 33.0, 33.0, 33.0, 33.0, 33.0, 33.0, 33.0, 33.0, 33.0, 33.0, 33.0, 33.0, 33.0, 33.0, 33.0, 33.0, 33.0, 33.0, 33.0, 33.0, 33.0, 33.0, 33.0, 33.0, 33.0, 33.0, 33.0, 33.0, 33.0, 33.0, 33.0, 33.0, 33.0, 33.0, 33.0, 33.0, 33.0, 33.0, 33.0, 33.0, 33.0, 33.0, 33.0, 33.0, 33.0, 33.0, 33.0, 33.0, 33.0, 33.0, 33.0]",COMPLETE
