,number,value,datetime_start,datetime_complete,duration,params_batch_size_scaler,params_constant_learning_rate,params_depth,params_epochs,params_kernel_l2,params_num_trees,params_temperature,user_attrs_accuracy_test,user_attrs_accuracy_valid,user_attrs_approximate_feature_sparsity,user_attrs_approximate_feature_sparsity_history,user_attrs_approximate_weight_sparsity,user_attrs_approximate_weight_sparsity_history,user_attrs_auc_test,user_attrs_auc_valid,user_attrs_feature_sparsity,user_attrs_feature_sparsity_history,user_attrs_num_epochs,user_attrs_val_loss_history,user_attrs_weight_sparsity,user_attrs_weight_sparsity_history,state
11,11,0.9106671303989385,2024-08-31 01:07:44.648788,2024-08-31 01:08:01.899869,0 days 00:00:17.251081,64,3.0574515590562186,1,120,0.09494567605563904,95,0.0002497019687122474,0.725,0.76375,19,"[33, 33, 33, 33, 33, 33, 33, 33, 33, 33, 33, 33, 33, 33, 33, 33, 33, 33, 33, 33, 33, 33, 33, 32, 32, 31, 30, 30, 30, 30, 30, 30, 30, 30, 30, 30, 29, 29, 29, 30, 30, 30, 30, 30, 30, 30, 30, 30, 30, 30, 30, 30, 29, 29, 29, 29, 29, 28, 28, 28, 28, 29, 29, 29, 29, 29, 28, 28, 28, 28, 28, 28, 28, 28, 28, 28, 28, 28, 28, 28, 28, 28, 28, 28, 28, 28, 28, 28, 28, 28, 28, 28, 28, 28, 28, 27, 26, 26, 26, 26, 25, 23, 23, 23, 23, 23, 20, 20, 20, 20, 21, 19, 19, 20, 20, 20, 19, 19, 19, 19]",18.989473684210527,"[32.98947368421052, 32.97894736842105, 32.98947368421052, 32.97894736842105, 32.97894736842105, 32.98947368421052, 32.98947368421052, 32.98947368421052, 32.96842105263158, 32.97894736842105, 33.0, 32.97894736842105, 32.98947368421052, 32.97894736842105, 32.97894736842105, 33.0, 32.98947368421052, 33.0, 32.98947368421052, 32.97894736842105, 32.98947368421052, 32.98947368421052, 32.968421052631584, 31.989473684210527, 31.989473684210527, 30.978947368421053, 29.978947368421053, 29.989473684210527, 30.0, 29.989473684210527, 29.989473684210527, 30.0, 29.978947368421053, 30.0, 30.0, 29.978947368421053, 28.989473684210527, 28.978947368421053, 28.978947368421053, 29.989473684210527, 29.989473684210527, 29.989473684210527, 29.989473684210527, 30.0, 30.0, 30.0, 29.989473684210527, 30.0, 30.0, 29.989473684210527, 29.989473684210527, 29.989473684210527, 29.0, 28.989473684210527, 28.989473684210527, 29.0, 29.0, 27.989473684210527, 28.0, 28.0, 27.978947368421053, 29.0, 28.989473684210527, 29.0, 29.0, 28.989473684210527, 28.0, 28.0, 27.957894736842107, 28.0, 27.96842105263158, 27.989473684210527, 28.0, 28.0, 27.989473684210527, 27.989473684210527, 27.989473684210527, 27.989473684210527, 27.989473684210527, 28.0, 27.96842105263158, 27.989473684210527, 27.989473684210527, 27.989473684210527, 28.0, 27.989473684210527, 28.0, 27.989473684210527, 27.96842105263158, 27.96842105263158, 28.0, 27.989473684210527, 27.989473684210527, 28.0, 27.978947368421053, 26.978947368421053, 26.0, 26.0, 25.978947368421053, 25.989473684210527, 24.989473684210527, 23.0, 22.989473684210527, 22.978947368421053, 22.989473684210527, 22.989473684210527, 20.0, 20.0, 20.0, 19.989473684210527, 20.989473684210527, 19.0, 19.0, 20.0, 20.0, 19.989473684210527, 18.989473684210527, 18.978947368421053, 18.978947368421053, 18.989473684210527]",0.8975470405138749,0.9106671303989385,19,"[33, 33, 33, 33, 33, 33, 33, 33, 33, 33, 33, 33, 33, 33, 33, 33, 33, 33, 33, 33, 33, 33, 33, 32, 32, 31, 30, 30, 30, 30, 30, 30, 30, 30, 30, 30, 29, 29, 29, 30, 30, 30, 30, 30, 30, 30, 30, 30, 30, 30, 30, 30, 29, 29, 29, 29, 29, 28, 28, 28, 28, 29, 29, 29, 29, 29, 28, 28, 28, 28, 28, 28, 28, 28, 28, 28, 28, 28, 28, 28, 28, 28, 28, 28, 28, 28, 28, 28, 28, 28, 28, 28, 28, 28, 28, 27, 26, 26, 26, 26, 25, 23, 23, 23, 23, 23, 20, 20, 20, 20, 21, 19, 19, 20, 20, 20, 19, 19, 19, 19]",120,"[34.615196228027344, 11.527900695800781, 28.90558433532715, 7.200801372528076, 6.900571823120117, 2.6081855297088623, 19.980239868164062, 22.053083419799805, 25.162595748901367, 14.819726943969727, 6.4885478019714355, 2.970552444458008, 22.175962448120117, 10.295238494873047, 19.511327743530273, 6.169732570648193, 1.918752908706665, 26.66042709350586, 8.41896915435791, 15.474196434020996, 1.9087889194488525, 5.095825672149658, 5.6021647453308105, 8.698187828063965, 1.7537989616394043, 27.348798751831055, 4.882232666015625, 5.117459297180176, 2.346994161605835, 12.65664291381836, 2.2001235485076904, 23.952821731567383, 6.725276470184326, 1.843865156173706, 1.459251880645752, 32.74612045288086, 4.403495788574219, 2.4078307151794434, 15.429065704345703, 10.764920234680176, 11.649046897888184, 32.337772369384766, 7.817796230316162, 3.297257900238037, 16.45653533935547, 13.155777931213379, 12.69996452331543, 5.312707901000977, 4.646402835845947, 16.848491668701172, 1.777195930480957, 16.63831329345703, 1.8372962474822998, 26.621015548706055, 3.673953056335449, 1.422109842300415, 3.5333917140960693, 4.842632293701172, 27.132095336914062, 4.674882411956787, 25.130538940429688, 9.283760070800781, 2.3835105895996094, 3.692991256713867, 4.461775302886963, 1.982818603515625, 28.281118392944336, 5.634493350982666, 2.2948532104492188, 2.842386484146118, 16.884506225585938, 2.8013391494750977, 2.7213492393493652, 4.44730806350708, 5.280660629272461, 1.6992201805114746, 19.660972595214844, 3.891911268234253, 4.137118816375732, 29.55019760131836, 3.786414861679077, 9.84915542602539, 5.692816734313965, 4.106180191040039, 4.230106830596924, 2.203778028488159, 7.1677141189575195, 1.743834376335144, 2.1857101917266846, 8.691082000732422, 1.1543843746185303, 29.759382247924805, 4.244229793548584, 2.231959104537964, 4.016345024108887, 3.9456751346588135, 3.4234931468963623, 1.1629008054733276, 3.9831249713897705, 1.2815510034561157, 3.7714908123016357, 7.153120517730713, 25.656991958618164, 11.234210968017578, 3.2324533462524414, 1.3474632501602173, 10.595134735107422, 2.2985520362854004, 9.706851959228516, 1.3967764377593994, 26.844017028808594, 4.696068286895752, 1.7592151165008545, 9.439119338989258, 1.2288947105407715, 2.6507315635681152, 4.758069038391113, 4.289246559143066, 13.811456680297852, 1.825361967086792]",19.0,"[33.0, 33.0, 33.0, 33.0, 33.0, 33.0, 33.0, 33.0, 33.0, 33.0, 33.0, 33.0, 33.0, 33.0, 33.0, 33.0, 33.0, 33.0, 33.0, 33.0, 33.0, 33.0, 33.0, 32.0, 32.0, 31.0, 30.0, 30.0, 30.0, 30.0, 30.0, 30.0, 30.0, 30.0, 30.0, 30.0, 29.0, 29.0, 29.0, 30.0, 30.0, 30.0, 30.0, 30.0, 30.0, 30.0, 30.0, 30.0, 30.0, 30.0, 30.0, 30.0, 29.0, 29.0, 29.0, 29.0, 29.0, 28.0, 28.0, 28.0, 28.0, 29.0, 29.0, 29.0, 29.0, 29.0, 28.0, 28.0, 28.0, 28.0, 28.0, 28.0, 28.0, 28.0, 28.0, 28.0, 28.0, 28.0, 28.0, 28.0, 28.0, 28.0, 28.0, 28.0, 28.0, 28.0, 28.0, 28.0, 28.0, 28.0, 28.0, 28.0, 28.0, 28.0, 28.0, 27.0, 26.0, 26.0, 26.0, 26.0, 25.0, 23.0, 23.0, 23.0, 23.0, 23.0, 20.0, 20.0, 20.0, 20.0, 21.0, 19.0, 19.0, 20.0, 20.0, 20.0, 19.0, 19.0, 19.0, 19.0]",COMPLETE
12,12,0.5,2024-08-31 01:08:02.366321,2024-08-31 01:09:03.064221,0 days 00:01:00.697900,64,3.723290123673133,4,400,0.8422073815196793,4,0.000664929773242728,0.859,0.85875,0,"[33, 33, 3, 1, 0, 0, 0, 0, 0, 0, 0, 0, 0, 0, 0, 0, 0, 0, 0, 0, 0, 0, 0, 0, 0, 0, 0, 0, 0, 0, 0, 0, 0, 0, 0, 0, 0, 0, 0, 0, 0, 0, 0, 0, 0, 0, 0, 0, 0, 0, 0, 0, 0, 0, 0, 0, 0, 0, 0, 0, 0, 0, 0, 0, 0, 0, 0, 0, 0, 0, 0, 0, 0, 0, 0, 0, 0, 0, 0, 0, 0, 0, 0, 0, 0, 0, 0, 0, 0, 0, 0, 0, 0, 0, 0, 0, 0, 0, 0, 0, 0, 0, 0, 0, 0, 0, 0, 0, 0, 0, 0, 0, 0, 0, 0, 0, 0, 0, 0, 0, 0, 0, 0, 0, 0, 0, 0, 0, 0, 0, 0, 0, 0, 0, 0, 0, 0, 0, 0, 0, 0, 0, 0, 0, 0, 0, 0, 0, 0, 0, 0, 0, 0, 0, 0, 0, 0, 0, 0, 0, 0, 0, 0, 0, 0, 0, 0, 0, 0, 0, 0, 0, 0, 0, 0, 0, 0, 0, 0, 0, 0, 0, 0, 0, 0, 0, 0, 0, 0, 0, 0, 0, 0, 0, 0, 0, 0, 0, 0, 0, 0, 0, 0, 0, 0, 0, 0, 0, 0, 0, 0, 0, 0, 0, 0, 0, 0, 0, 0, 0, 0, 0, 0, 0, 0, 0, 0, 0, 0, 0, 0, 0, 0, 0, 0, 0, 0, 0, 0, 0, 0, 0, 0, 0, 0, 0, 0, 0, 0, 0, 0, 0, 0, 0, 0, 0, 0, 0, 0, 0, 0, 0, 0, 0, 0, 0, 0, 0, 0, 0, 0, 0, 0, 0, 0, 0, 0, 0, 0, 0, 0, 0, 0, 0, 0, 0, 0, 0, 0, 0, 0, 0, 0, 0, 0, 0, 0, 0, 0, 0, 0, 0, 0, 0, 0, 0, 0, 0, 0, 0, 0, 0, 0, 0, 0, 0, 0, 0, 0, 0, 0, 0, 0, 0, 0, 0, 0, 0, 0, 0, 0, 0, 0, 0, 0, 0, 0, 0, 0, 0, 0, 0, 0, 0, 0, 0, 0, 0, 0, 0, 0, 0, 0, 0, 0, 0, 0, 0, 0, 0, 0, 0, 0, 0, 0, 0, 0, 0, 0, 0, 0, 0, 0, 0, 0, 0, 0, 0, 0, 0, 0, 0, 0, 0, 0, 0, 0, 0, 0, 0, 0, 0, 0, 0, 0, 0, 0, 0, 0, 0]",0.0,"[32.983333333333334, 32.983333333333334, 3.0, 1.0, 0.0, 0.0, 0.0, 0.0, 0.0, 0.0, 0.0, 0.0, 0.0, 0.0, 0.0, 0.0, 0.0, 0.0, 0.0, 0.0, 0.0, 0.0, 0.0, 0.0, 0.0, 0.0, 0.0, 0.0, 0.0, 0.0, 0.0, 0.0, 0.0, 0.0, 0.0, 0.0, 0.0, 0.0, 0.0, 0.0, 0.0, 0.0, 0.0, 0.0, 0.0, 0.0, 0.0, 0.0, 0.0, 0.0, 0.0, 0.0, 0.0, 0.0, 0.0, 0.0, 0.0, 0.0, 0.0, 0.0, 0.0, 0.0, 0.0, 0.0, 0.0, 0.0, 0.0, 0.0, 0.0, 0.0, 0.0, 0.0, 0.0, 0.0, 0.0, 0.0, 0.0, 0.0, 0.0, 0.0, 0.0, 0.0, 0.0, 0.0, 0.0, 0.0, 0.0, 0.0, 0.0, 0.0, 0.0, 0.0, 0.0, 0.0, 0.0, 0.0, 0.0, 0.0, 0.0, 0.0, 0.0, 0.0, 0.0, 0.0, 0.0, 0.0, 0.0, 0.0, 0.0, 0.0, 0.0, 0.0, 0.0, 0.0, 0.0, 0.0, 0.0, 0.0, 0.0, 0.0, 0.0, 0.0, 0.0, 0.0, 0.0, 0.0, 0.0, 0.0, 0.0, 0.0, 0.0, 0.0, 0.0, 0.0, 0.0, 0.0, 0.0, 0.0, 0.0, 0.0, 0.0, 0.0, 0.0, 0.0, 0.0, 0.0, 0.0, 0.0, 0.0, 0.0, 0.0, 0.0, 0.0, 0.0, 0.0, 0.0, 0.0, 0.0, 0.0, 0.0, 0.0, 0.0, 0.0, 0.0, 0.0, 0.0, 0.0, 0.0, 0.0, 0.0, 0.0, 0.0, 0.0, 0.0, 0.0, 0.0, 0.0, 0.0, 0.0, 0.0, 0.0, 0.0, 0.0, 0.0, 0.0, 0.0, 0.0, 0.0, 0.0, 0.0, 0.0, 0.0, 0.0, 0.0, 0.0, 0.0, 0.0, 0.0, 0.0, 0.0, 0.0, 0.0, 0.0, 0.0, 0.0, 0.0, 0.0, 0.0, 0.0, 0.0, 0.0, 0.0, 0.0, 0.0, 0.0, 0.0, 0.0, 0.0, 0.0, 0.0, 0.0, 0.0, 0.0, 0.0, 0.0, 0.0, 0.0, 0.0, 0.0, 0.0, 0.0, 0.0, 0.0, 0.0, 0.0, 0.0, 0.0, 0.0, 0.0, 0.0, 0.0, 0.0, 0.0, 0.0, 0.0, 0.0, 0.0, 0.0, 0.0, 0.0, 0.0, 0.0, 0.0, 0.0, 0.0, 0.0, 0.0, 0.0, 0.0, 0.0, 0.0, 0.0, 0.0, 0.0, 0.0, 0.0, 0.0, 0.0, 0.0, 0.0, 0.0, 0.0, 0.0, 0.0, 0.0, 0.0, 0.0, 0.0, 0.0, 0.0, 0.0, 0.0, 0.0, 0.0, 0.0, 0.0, 0.0, 0.0, 0.0, 0.0, 0.0, 0.0, 0.0, 0.0, 0.0, 0.0, 0.0, 0.0, 0.0, 0.0, 0.0, 0.0, 0.0, 0.0, 0.0, 0.0, 0.0, 0.0, 0.0, 0.0, 0.0, 0.0, 0.0, 0.0, 0.0, 0.0, 0.0, 0.0, 0.0, 0.0, 0.0, 0.0, 0.0, 0.0, 0.0, 0.0, 0.0, 0.0, 0.0, 0.0, 0.0, 0.0, 0.0, 0.0, 0.0, 0.0, 0.0, 0.0, 0.0, 0.0, 0.0, 0.0, 0.0, 0.0, 0.0, 0.0, 0.0, 0.0, 0.0, 0.0, 0.0, 0.0, 0.0, 0.0, 0.0, 0.0, 0.0, 0.0, 0.0, 0.0, 0.0, 0.0, 0.0, 0.0, 0.0, 0.0, 0.0, 0.0, 0.0, 0.0, 0.0, 0.0, 0.0, 0.0, 0.0, 0.0, 0.0, 0.0, 0.0, 0.0, 0.0, 0.0, 0.0, 0.0, 0.0, 0.0, 0.0, 0.0, 0.0, 0.0, 0.0, 0.0, 0.0, 0.0, 0.0, 0.0, 0.0, 0.0, 0.0, 0.0]",0.5,0.5,0,"[33, 33, 3, 1, 0, 0, 0, 0, 0, 0, 0, 0, 0, 0, 0, 0, 0, 0, 0, 0, 0, 0, 0, 0, 0, 0, 0, 0, 0, 0, 0, 0, 0, 0, 0, 0, 0, 0, 0, 0, 0, 0, 0, 0, 0, 0, 0, 0, 0, 0, 0, 0, 0, 0, 0, 0, 0, 0, 0, 0, 0, 0, 0, 0, 0, 0, 0, 0, 0, 0, 0, 0, 0, 0, 0, 0, 0, 0, 0, 0, 0, 0, 0, 0, 0, 0, 0, 0, 0, 0, 0, 0, 0, 0, 0, 0, 0, 0, 0, 0, 0, 0, 0, 0, 0, 0, 0, 0, 0, 0, 0, 0, 0, 0, 0, 0, 0, 0, 0, 0, 0, 0, 0, 0, 0, 0, 0, 0, 0, 0, 0, 0, 0, 0, 0, 0, 0, 0, 0, 0, 0, 0, 0, 0, 0, 0, 0, 0, 0, 0, 0, 0, 0, 0, 0, 0, 0, 0, 0, 0, 0, 0, 0, 0, 0, 0, 0, 0, 0, 0, 0, 0, 0, 0, 0, 0, 0, 0, 0, 0, 0, 0, 0, 0, 0, 0, 0, 0, 0, 0, 0, 0, 0, 0, 0, 0, 0, 0, 0, 0, 0, 0, 0, 0, 0, 0, 0, 0, 0, 0, 0, 0, 0, 0, 0, 0, 0, 0, 0, 0, 0, 0, 0, 0, 0, 0, 0, 0, 0, 0, 0, 0, 0, 0, 0, 0, 0, 0, 0, 0, 0, 0, 0, 0, 0, 0, 0, 0, 0, 0, 0, 0, 0, 0, 0, 0, 0, 0, 0, 0, 0, 0, 0, 0, 0, 0, 0, 0, 0, 0, 0, 0, 0, 0, 0, 0, 0, 0, 0, 0, 0, 0, 0, 0, 0, 0, 0, 0, 0, 0, 0, 0, 0, 0, 0, 0, 0, 0, 0, 0, 0, 0, 0, 0, 0, 0, 0, 0, 0, 0, 0, 0, 0, 0, 0, 0, 0, 0, 0, 0, 0, 0, 0, 0, 0, 0, 0, 0, 0, 0, 0, 0, 0, 0, 0, 0, 0, 0, 0, 0, 0, 0, 0, 0, 0, 0, 0, 0, 0, 0, 0, 0, 0, 0, 0, 0, 0, 0, 0, 0, 0, 0, 0, 0, 0, 0, 0, 0, 0, 0, 0, 0, 0, 0, 0, 0, 0, 0, 0, 0, 0, 0, 0, 0, 0, 0, 0, 0, 0, 0, 0, 0, 0, 0, 0, 0, 0, 0, 0, 0]",400,"[0.6437080502510071, 0.4952334463596344, 0.4003215730190277, 0.40699252486228943, 0.40722647309303284, 0.407929003238678, 0.40723273158073425, 0.4072452783584595, 0.40729057788848877, 0.4072486460208893, 0.40723755955696106, 0.40833282470703125, 0.408052533864975, 0.40723177790641785, 0.4072841703891754, 0.4073333442211151, 0.40739309787750244, 0.4074200391769409, 0.40741202235221863, 0.4073626399040222, 0.4072299897670746, 0.40724191069602966, 0.4074983298778534, 0.40728700160980225, 0.40734538435935974, 0.4072551727294922, 0.4081273674964905, 0.4072440266609192, 0.4075239598751068, 0.4073120057582855, 0.4076167047023773, 0.40744683146476746, 0.4072273373603821, 0.4095320999622345, 0.4072404205799103, 0.40724289417266846, 0.4079037606716156, 0.407917857170105, 0.4075867533683777, 0.4073837399482727, 0.4072902798652649, 0.4081810414791107, 0.40739449858665466, 0.4072660207748413, 0.40836629271507263, 0.40767624974250793, 0.4078580439090729, 0.4073188006877899, 0.40746188163757324, 0.4072296917438507, 0.40728843212127686, 0.4074723422527313, 0.4072907269001007, 0.4076433479785919, 0.4072389304637909, 0.40736502408981323, 0.4073893427848816, 0.4077816903591156, 0.40728896856307983, 0.4073984920978546, 0.40807127952575684, 0.40742743015289307, 0.40879449248313904, 0.407230943441391, 0.40722987055778503, 0.40724074840545654, 0.4074803590774536, 0.40856868028640747, 0.40729764103889465, 0.4081728458404541, 0.4073284864425659, 0.4074395000934601, 0.40728187561035156, 0.40832415223121643, 0.4072359502315521, 0.40733203291893005, 0.40726104378700256, 0.4080966114997864, 0.40784507989883423, 0.4076235294342041, 0.40759968757629395, 0.40733811259269714, 0.40728700160980225, 0.40802818536758423, 0.407245934009552, 0.40846318006515503, 0.4073217809200287, 0.4072325825691223, 0.40740761160850525, 0.40738150477409363, 0.40726128220558167, 0.4072446823120117, 0.40724658966064453, 0.40725216269493103, 0.40742284059524536, 0.4074646830558777, 0.4073244035243988, 0.40750858187675476, 0.4083574712276459, 0.4084426760673523, 0.40728211402893066, 0.40725192427635193, 0.40747395157814026, 0.4072399139404297, 0.4072458744049072, 0.4072824716567993, 0.4072328209877014, 0.40724390745162964, 0.4073106348514557, 0.40727698802948, 0.40774086117744446, 0.407411128282547, 0.40878376364707947, 0.408221960067749, 0.4072404205799103, 0.40722617506980896, 0.4076429605484009, 0.4072984457015991, 0.40722817182540894, 0.40817517042160034, 0.4079047441482544, 0.4077693819999695, 0.40735602378845215, 0.4072326719760895, 0.4072836935520172, 0.4073878824710846, 0.40784111618995667, 0.4073229730129242, 0.40745997428894043, 0.4073035717010498, 0.40748053789138794, 0.4082520306110382, 0.4072696268558502, 0.4075230360031128, 0.4074585437774658, 0.4072412848472595, 0.40756338834762573, 0.40730491280555725, 0.40731295943260193, 0.4073622226715088, 0.4072275459766388, 0.4072984457015991, 0.40741652250289917, 0.4075271189212799, 0.40736156702041626, 0.40727829933166504, 0.40748947858810425, 0.407581627368927, 0.40744370222091675, 0.4079245328903198, 0.40739989280700684, 0.407328337430954, 0.40758445858955383, 0.40725380182266235, 0.4109902083873749, 0.40827780961990356, 0.4076240658760071, 0.4072960615158081, 0.4073849618434906, 0.4072577655315399, 0.40766990184783936, 0.4073396623134613, 0.407288134098053, 0.4072662591934204, 0.4072314202785492, 0.4074149429798126, 0.4080548584461212, 0.40723717212677, 0.4078712463378906, 0.4091693162918091, 0.40855422616004944, 0.40780314803123474, 0.40757858753204346, 0.40875113010406494, 0.40747231245040894, 0.4074544608592987, 0.40784403681755066, 0.4077499508857727, 0.4080435037612915, 0.40857994556427, 0.4076830744743347, 0.4075447916984558, 0.4074355959892273, 0.40778571367263794, 0.40792256593704224, 0.407451331615448, 0.4078172445297241, 0.40760043263435364, 0.40788882970809937, 0.4075447916984558, 0.40897148847579956, 0.40740492939949036, 0.4072851240634918, 0.40749892592430115, 0.40726760029792786, 0.40725594758987427, 0.4072324335575104, 0.4074660539627075, 0.407370001077652, 0.4081646800041199, 0.40745943784713745, 0.4072263836860657, 0.40724343061447144, 0.40724241733551025, 0.40813323855400085, 0.40726011991500854, 0.4072261452674866, 0.4072530269622803, 0.4076162576675415, 0.40749722719192505, 0.40742725133895874, 0.4074755907058716, 0.4084729850292206, 0.4084163010120392, 0.4072282016277313, 0.40751221776008606, 0.40724503993988037, 0.40749621391296387, 0.4075402021408081, 0.4078194499015808, 0.4072338938713074, 0.4072480797767639, 0.40742477774620056, 0.4077792465686798, 0.4073495864868164, 0.4073044955730438, 0.4077627658843994, 0.4074854552745819, 0.40725234150886536, 0.40727126598358154, 0.40722641348838806, 0.407251238822937, 0.40757477283477783, 0.4079902768135071, 0.4072287082672119, 0.40773749351501465, 0.40724533796310425, 0.40736114978790283, 0.40722671151161194, 0.40724191069602966, 0.40732911229133606, 0.4076671302318573, 0.4074520766735077, 0.4072529077529907, 0.40750449895858765, 0.40793296694755554, 0.40766337513923645, 0.40723955631256104, 0.4073359966278076, 0.40722617506980896, 0.4072304964065552, 0.40758955478668213, 0.4080030024051666, 0.40794873237609863, 0.4082867503166199, 0.40795111656188965, 0.40727588534355164, 0.4072391390800476, 0.4078351557254791, 0.4072270095348358, 0.40732061862945557, 0.4072439670562744, 0.4073062241077423, 0.407352089881897, 0.40731915831565857, 0.4076612889766693, 0.40753790736198425, 0.40757545828819275, 0.4075762927532196, 0.4073159098625183, 0.40780743956565857, 0.4081324338912964, 0.4081287086009979, 0.40826615691185, 0.40724220871925354, 0.40749913454055786, 0.40727195143699646, 0.4072526693344116, 0.4073399603366852, 0.40741509199142456, 0.40734758973121643, 0.4073663055896759, 0.40811511874198914, 0.40758177638053894, 0.4076472520828247, 0.40730077028274536, 0.4072262644767761, 0.4073570966720581, 0.4073837995529175, 0.40722617506980896, 0.40726903080940247, 0.40724891424179077, 0.4074636697769165, 0.40764114260673523, 0.4081892669200897, 0.4077965021133423, 0.40758123993873596, 0.40724995732307434, 0.4075761139392853, 0.4079116880893707, 0.40735378861427307, 0.4072358310222626, 0.4078066349029541, 0.4077233374118805, 0.40739837288856506, 0.4072262942790985, 0.40728798508644104, 0.40730753540992737, 0.4072326421737671, 0.4072319269180298, 0.4072502553462982, 0.40749865770339966, 0.4072341024875641, 0.4073174297809601, 0.407294362783432, 0.4087483286857605, 0.4074611961841583, 0.40889933705329895, 0.4074532985687256, 0.40724655985832214, 0.40724822878837585, 0.4076680839061737, 0.407746285200119, 0.4072834253311157, 0.4075510501861572, 0.4074890911579132, 0.4079805612564087, 0.4072524905204773, 0.4074997007846832, 0.4072268605232239, 0.40722891688346863, 0.4075942933559418, 0.407272070646286, 0.40723198652267456, 0.40748730301856995, 0.40722793340682983, 0.40763092041015625, 0.40722864866256714, 0.40794482827186584, 0.40733540058135986, 0.4074016213417053, 0.4073619842529297, 0.4072296619415283, 0.40723517537117004, 0.4075876474380493, 0.40753668546676636, 0.4079185426235199, 0.4083283245563507, 0.40726029872894287, 0.4079231917858124, 0.4083516299724579, 0.40727221965789795, 0.40733206272125244, 0.40752121806144714, 0.407328724861145, 0.40823572874069214, 0.40725013613700867, 0.4080056846141815, 0.40722620487213135, 0.40743187069892883, 0.40784966945648193, 0.40740612149238586, 0.4073255956172943, 0.4074849784374237, 0.4073222875595093, 0.4072355628013611, 0.4078705906867981, 0.4081825315952301, 0.4073552191257477, 0.4072949290275574, 0.4072284698486328, 0.40724891424179077, 0.40723827481269836, 0.4072345793247223, 0.40738075971603394, 0.40722644329071045, 0.40722692012786865, 0.407338410615921, 0.4084553122520447, 0.40737858414649963, 0.40850839018821716, 0.40727874636650085, 0.40726131200790405, 0.40776556730270386, 0.40722647309303284, 0.40724578499794006, 0.407277375459671, 0.4078102111816406, 0.40725472569465637, 0.40746843814849854, 0.4074518084526062, 0.40764185786247253, 0.4074952304363251, 0.40767571330070496, 0.4087265729904175, 0.4072413742542267, 0.40731650590896606, 0.4092240035533905, 0.40745049715042114, 0.40730488300323486]",0.0,"[33.0, 33.0, 3.0, 1.0, 0.0, 0.0, 0.0, 0.0, 0.0, 0.0, 0.0, 0.0, 0.0, 0.0, 0.0, 0.0, 0.0, 0.0, 0.0, 0.0, 0.0, 0.0, 0.0, 0.0, 0.0, 0.0, 0.0, 0.0, 0.0, 0.0, 0.0, 0.0, 0.0, 0.0, 0.0, 0.0, 0.0, 0.0, 0.0, 0.0, 0.0, 0.0, 0.0, 0.0, 0.0, 0.0, 0.0, 0.0, 0.0, 0.0, 0.0, 0.0, 0.0, 0.0, 0.0, 0.0, 0.0, 0.0, 0.0, 0.0, 0.0, 0.0, 0.0, 0.0, 0.0, 0.0, 0.0, 0.0, 0.0, 0.0, 0.0, 0.0, 0.0, 0.0, 0.0, 0.0, 0.0, 0.0, 0.0, 0.0, 0.0, 0.0, 0.0, 0.0, 0.0, 0.0, 0.0, 0.0, 0.0, 0.0, 0.0, 0.0, 0.0, 0.0, 0.0, 0.0, 0.0, 0.0, 0.0, 0.0, 0.0, 0.0, 0.0, 0.0, 0.0, 0.0, 0.0, 0.0, 0.0, 0.0, 0.0, 0.0, 0.0, 0.0, 0.0, 0.0, 0.0, 0.0, 0.0, 0.0, 0.0, 0.0, 0.0, 0.0, 0.0, 0.0, 0.0, 0.0, 0.0, 0.0, 0.0, 0.0, 0.0, 0.0, 0.0, 0.0, 0.0, 0.0, 0.0, 0.0, 0.0, 0.0, 0.0, 0.0, 0.0, 0.0, 0.0, 0.0, 0.0, 0.0, 0.0, 0.0, 0.0, 0.0, 0.0, 0.0, 0.0, 0.0, 0.0, 0.0, 0.0, 0.0, 0.0, 0.0, 0.0, 0.0, 0.0, 0.0, 0.0, 0.0, 0.0, 0.0, 0.0, 0.0, 0.0, 0.0, 0.0, 0.0, 0.0, 0.0, 0.0, 0.0, 0.0, 0.0, 0.0, 0.0, 0.0, 0.0, 0.0, 0.0, 0.0, 0.0, 0.0, 0.0, 0.0, 0.0, 0.0, 0.0, 0.0, 0.0, 0.0, 0.0, 0.0, 0.0, 0.0, 0.0, 0.0, 0.0, 0.0, 0.0, 0.0, 0.0, 0.0, 0.0, 0.0, 0.0, 0.0, 0.0, 0.0, 0.0, 0.0, 0.0, 0.0, 0.0, 0.0, 0.0, 0.0, 0.0, 0.0, 0.0, 0.0, 0.0, 0.0, 0.0, 0.0, 0.0, 0.0, 0.0, 0.0, 0.0, 0.0, 0.0, 0.0, 0.0, 0.0, 0.0, 0.0, 0.0, 0.0, 0.0, 0.0, 0.0, 0.0, 0.0, 0.0, 0.0, 0.0, 0.0, 0.0, 0.0, 0.0, 0.0, 0.0, 0.0, 0.0, 0.0, 0.0, 0.0, 0.0, 0.0, 0.0, 0.0, 0.0, 0.0, 0.0, 0.0, 0.0, 0.0, 0.0, 0.0, 0.0, 0.0, 0.0, 0.0, 0.0, 0.0, 0.0, 0.0, 0.0, 0.0, 0.0, 0.0, 0.0, 0.0, 0.0, 0.0, 0.0, 0.0, 0.0, 0.0, 0.0, 0.0, 0.0, 0.0, 0.0, 0.0, 0.0, 0.0, 0.0, 0.0, 0.0, 0.0, 0.0, 0.0, 0.0, 0.0, 0.0, 0.0, 0.0, 0.0, 0.0, 0.0, 0.0, 0.0, 0.0, 0.0, 0.0, 0.0, 0.0, 0.0, 0.0, 0.0, 0.0, 0.0, 0.0, 0.0, 0.0, 0.0, 0.0, 0.0, 0.0, 0.0, 0.0, 0.0, 0.0, 0.0, 0.0, 0.0, 0.0, 0.0, 0.0, 0.0, 0.0, 0.0, 0.0, 0.0, 0.0, 0.0, 0.0, 0.0, 0.0, 0.0, 0.0, 0.0, 0.0, 0.0, 0.0, 0.0, 0.0, 0.0, 0.0, 0.0, 0.0, 0.0, 0.0, 0.0, 0.0, 0.0, 0.0, 0.0, 0.0, 0.0, 0.0, 0.0, 0.0, 0.0, 0.0, 0.0, 0.0, 0.0, 0.0, 0.0, 0.0, 0.0, 0.0, 0.0, 0.0, 0.0, 0.0, 0.0]",COMPLETE
