,number,value,datetime_start,datetime_complete,duration,params_batch_size_scaler,params_constant_learning_rate,params_depth,params_epochs,params_kernel_l2,params_num_trees,params_temperature,user_attrs_accuracy_test,user_attrs_accuracy_valid,user_attrs_approximate_feature_sparsity,user_attrs_approximate_feature_sparsity_history,user_attrs_approximate_weight_sparsity,user_attrs_approximate_weight_sparsity_history,user_attrs_auc_test,user_attrs_auc_valid,user_attrs_feature_sparsity,user_attrs_feature_sparsity_history,user_attrs_num_epochs,user_attrs_val_loss_history,user_attrs_weight_sparsity,user_attrs_weight_sparsity_history,state
68,68,0.7846156818796616,2024-08-31 03:22:49.845741,2024-08-31 03:23:06.370422,0 days 00:00:16.524681,16,5.603478721948885,2,125,0.22223465052584368,83,0.004782564832970889,0.69,0.71125,9,"[20, 20, 20, 19, 19, 18, 18, 16, 15, 15, 14, 14, 14, 14, 14, 14, 14, 14, 14, 14, 14, 12, 11, 10, 10, 9, 9, 9, 9, 10, 10, 11, 11, 11, 11, 11, 10, 11, 11, 11, 10, 10, 10, 10, 10, 10, 10, 10, 10, 10, 10, 10, 10, 10, 10, 10, 10, 10, 10, 10, 9, 9, 9, 9, 9, 9, 10, 10, 10, 10, 10, 9, 9, 9, 11, 11, 11, 11, 11, 10, 10, 10, 10, 10, 10, 10, 10, 10, 10, 10, 10, 10, 10, 10, 10, 10, 10, 10, 10, 9, 10, 10, 10, 10, 10, 10, 10, 10, 10, 10, 10, 10, 10, 10, 10, 9, 9, 9, 9, 9, 9, 9, 9, 9, 9]",8.995983935742972,"[19.979919678714857, 19.983935742971887, 19.991967871485944, 18.99598393574297, 18.99598393574297, 18.0, 18.0, 15.995983935742972, 15.0, 15.0, 13.995983935742972, 14.0, 13.995983935742972, 14.0, 13.991967871485944, 13.995983935742972, 13.995983935742972, 13.987951807228916, 13.991967871485944, 14.0, 13.991967871485944, 11.995983935742972, 10.995983935742972, 9.991967871485944, 9.995983935742972, 8.995983935742972, 8.97991967871486, 8.987951807228916, 8.991967871485944, 10.0, 10.0, 10.995983935742972, 10.995983935742972, 10.995983935742972, 10.995983935742972, 10.995983935742972, 10.0, 11.0, 10.995983935742972, 11.0, 10.0, 10.0, 10.0, 9.995983935742972, 10.0, 10.0, 9.995983935742972, 9.995983935742972, 10.0, 10.0, 9.991967871485944, 9.995983935742972, 10.0, 10.0, 10.0, 10.0, 10.0, 10.0, 9.995983935742972, 10.0, 8.995983935742972, 9.0, 8.991967871485944, 8.983935742971887, 8.991967871485944, 9.0, 9.991967871485944, 9.995983935742972, 9.995983935742972, 9.995983935742972, 10.0, 8.987951807228916, 8.995983935742972, 8.991967871485944, 10.987951807228916, 11.0, 10.987951807228916, 11.0, 11.0, 10.0, 9.991967871485944, 9.991967871485944, 9.991967871485944, 10.0, 9.995983935742972, 10.0, 10.0, 9.991967871485944, 10.0, 9.995983935742972, 9.995983935742972, 10.0, 10.0, 9.995983935742972, 9.995983935742972, 10.0, 10.0, 10.0, 9.995983935742972, 9.0, 9.991967871485944, 9.995983935742972, 9.991967871485944, 9.995983935742972, 9.991967871485944, 9.987951807228916, 9.983935742971887, 9.995983935742972, 9.995983935742972, 9.995983935742972, 9.987951807228916, 9.995983935742972, 9.983935742971887, 9.995983935742972, 9.987951807228916, 9.0, 9.0, 8.991967871485944, 8.995983935742972, 8.983935742971887, 8.991967871485944, 8.983935742971887, 8.991967871485944, 9.0, 8.995983935742972]",0.7989291523212707,0.7846156818796616,9,"[20, 20, 20, 19, 19, 18, 18, 16, 15, 15, 14, 14, 14, 14, 14, 14, 14, 14, 14, 14, 14, 12, 11, 10, 10, 9, 9, 9, 9, 10, 10, 11, 11, 11, 11, 11, 10, 11, 11, 11, 10, 10, 10, 10, 10, 10, 10, 10, 10, 10, 10, 10, 10, 10, 10, 10, 10, 10, 10, 10, 9, 9, 9, 9, 9, 9, 10, 10, 10, 10, 10, 9, 9, 9, 11, 11, 11, 11, 11, 10, 10, 10, 10, 10, 10, 10, 10, 10, 10, 10, 10, 10, 10, 10, 10, 10, 10, 10, 10, 9, 10, 10, 10, 10, 10, 10, 10, 10, 10, 10, 10, 10, 10, 10, 10, 9, 9, 9, 9, 9, 9, 9, 9, 9, 9]",125,"[5.767491340637207, 37.874961853027344, 26.163475036621094, 50.0412712097168, 6.873870849609375, 4.827721118927002, 24.47674560546875, 47.22300338745117, 11.692813873291016, 23.863876342773438, 12.728443145751953, 29.36880874633789, 10.872385025024414, 3.8141512870788574, 7.723029613494873, 7.715519905090332, 3.95725154876709, 32.628868103027344, 11.86062240600586, 28.61774253845215, 24.329126358032227, 13.107132911682129, 26.627939224243164, 8.358297348022461, 7.763129234313965, 9.528304100036621, 3.8723032474517822, 21.025522232055664, 7.746330738067627, 4.449071407318115, 18.891979217529297, 14.429308891296387, 3.359543561935425, 64.18165588378906, 8.195623397827148, 4.876932144165039, 5.378781318664551, 18.393508911132812, 6.515891075134277, 3.083341121673584, 4.016935348510742, 5.10354471206665, 11.492894172668457, 48.59629440307617, 20.732168197631836, 40.40362548828125, 5.105371475219727, 8.654879570007324, 3.9137983322143555, 4.059154033660889, 12.35690689086914, 14.245477676391602, 5.600337505340576, 39.48628616333008, 11.693757057189941, 25.36884117126465, 11.663744926452637, 28.1586856842041, 4.6360602378845215, 9.094803810119629, 3.1977651119232178, 5.619744777679443, 21.52100372314453, 5.1425580978393555, 5.455069541931152, 10.921963691711426, 28.02240562438965, 8.711742401123047, 8.52747631072998, 2.897200345993042, 13.559394836425781, 24.284543991088867, 3.3910181522369385, 2.2080471515655518, 24.927553176879883, 8.86947250366211, 51.53450012207031, 17.096946716308594, 3.626708745956421, 2.7846548557281494, 16.556175231933594, 6.312746524810791, 4.405416965484619, 47.271148681640625, 12.184270858764648, 5.162099838256836, 9.313004493713379, 6.9436516761779785, 6.132542610168457, 2.503445625305176, 10.750443458557129, 9.959250450134277, 21.139265060424805, 35.522865295410156, 13.859455108642578, 3.897137403488159, 22.900676727294922, 4.930080413818359, 10.08751392364502, 31.208965301513672, 12.149482727050781, 7.446324348449707, 27.388290405273438, 3.629084587097168, 18.453248977661133, 3.6591272354125977, 10.759160995483398, 17.785831451416016, 2.7796714305877686, 3.365605115890503, 4.881770133972168, 9.454145431518555, 8.223761558532715, 6.691936016082764, 3.5932631492614746, 19.147598266601562, 6.371316909790039, 6.593986988067627, 12.655935287475586, 3.153366804122925, 26.0345516204834, 17.800758361816406, 7.156378269195557, 2.621044635772705, 6.140511512756348]",9.0,"[20.0, 20.0, 20.0, 19.0, 19.0, 18.0, 18.0, 16.0, 15.0, 15.0, 14.0, 14.0, 14.0, 14.0, 14.0, 14.0, 14.0, 14.0, 14.0, 14.0, 14.0, 12.0, 11.0, 10.0, 10.0, 9.0, 9.0, 9.0, 9.0, 10.0, 10.0, 11.0, 11.0, 11.0, 11.0, 11.0, 10.0, 11.0, 11.0, 11.0, 10.0, 10.0, 10.0, 10.0, 10.0, 10.0, 10.0, 10.0, 10.0, 10.0, 10.0, 10.0, 10.0, 10.0, 10.0, 10.0, 10.0, 10.0, 10.0, 10.0, 9.0, 9.0, 9.0, 9.0, 9.0, 9.0, 10.0, 10.0, 10.0, 10.0, 10.0, 9.0, 9.0, 9.0, 11.0, 11.0, 11.0, 11.0, 11.0, 10.0, 10.0, 10.0, 10.0, 10.0, 10.0, 10.0, 10.0, 10.0, 10.0, 10.0, 10.0, 10.0, 10.0, 10.0, 10.0, 10.0, 10.0, 10.0, 10.0, 9.0, 10.0, 10.0, 10.0, 10.0, 10.0, 10.0, 10.0, 10.0, 10.0, 10.0, 10.0, 10.0, 10.0, 10.0, 10.0, 9.0, 9.0, 9.0, 9.0, 9.0, 9.0, 9.0, 9.0, 9.0, 9.0]",COMPLETE
