,number,value,datetime_start,datetime_complete,duration,params_batch_size_scaler,params_constant_learning_rate,params_depth,params_epochs,params_kernel_l2,params_num_trees,params_temperature,user_attrs_accuracy_test,user_attrs_accuracy_valid,user_attrs_approximate_feature_sparsity,user_attrs_approximate_feature_sparsity_history,user_attrs_approximate_weight_sparsity,user_attrs_approximate_weight_sparsity_history,user_attrs_auc_test,user_attrs_auc_valid,user_attrs_feature_sparsity,user_attrs_feature_sparsity_history,user_attrs_num_epochs,user_attrs_val_loss_history,user_attrs_weight_sparsity,user_attrs_weight_sparsity_history,state
117,117,0.5,2024-08-31 04:57:49.400454,2024-08-31 05:01:46.611907,0 days 00:03:57.211453,4,0.3475749437556023,5,470,0.27181426769877415,11,0.04401754546492214,0.859,0.85875,0,"[3, 1, 1, 1, 1, 1, 1, 1, 1, 1, 1, 1, 1, 1, 1, 1, 1, 1, 1, 1, 1, 1, 1, 1, 1, 1, 1, 1, 1, 1, 1, 1, 1, 1, 1, 1, 1, 1, 1, 1, 1, 1, 1, 1, 1, 1, 1, 1, 1, 1, 1, 1, 1, 1, 1, 1, 1, 1, 1, 1, 1, 1, 1, 1, 1, 1, 1, 1, 1, 1, 1, 1, 1, 1, 1, 1, 1, 1, 1, 1, 1, 1, 1, 1, 1, 1, 1, 1, 1, 1, 1, 1, 1, 1, 1, 1, 1, 1, 1, 1, 1, 1, 1, 1, 1, 1, 1, 1, 1, 1, 1, 1, 1, 1, 1, 1, 1, 1, 1, 1, 1, 1, 1, 1, 1, 1, 1, 1, 1, 1, 1, 1, 1, 1, 1, 1, 1, 1, 1, 1, 1, 1, 1, 1, 1, 1, 1, 1, 1, 1, 1, 1, 1, 1, 1, 1, 1, 1, 1, 1, 1, 1, 1, 1, 1, 1, 1, 1, 1, 1, 1, 1, 1, 1, 1, 1, 1, 1, 1, 1, 1, 1, 1, 1, 1, 1, 1, 1, 1, 1, 1, 1, 1, 1, 1, 1, 1, 1, 1, 1, 1, 1, 1, 1, 1, 1, 1, 1, 1, 1, 1, 1, 1, 1, 1, 1, 1, 1, 1, 1, 1, 1, 1, 1, 1, 1, 1, 1, 1, 1, 1, 1, 1, 1, 1, 1, 1, 1, 1, 1, 1, 1, 1, 1, 1, 1, 1, 1, 1, 1, 1, 1, 1, 1, 1, 1, 1, 1, 1, 1, 1, 1, 1, 1, 1, 1, 1, 1, 1, 1, 1, 1, 1, 1, 1, 1, 1, 1, 1, 1, 1, 1, 1, 1, 1, 1, 1, 1, 1, 1, 1, 1, 1, 1, 1, 1, 1, 1, 1, 1, 1, 1, 1, 1, 1, 1, 0, 0, 0, 0, 0, 0, 0, 0, 0, 0, 0, 0, 0, 0, 0, 0, 0, 0, 0, 0, 0, 0, 0, 0, 0, 0, 0, 0, 0, 0, 0, 0, 0, 0, 0, 0, 0, 0, 0, 0, 0, 0, 0, 0, 0, 0, 0, 0, 0, 0, 0, 0, 0, 0, 0, 0, 0, 0, 0, 0, 0, 0, 0, 0, 0, 0, 0, 0, 0, 0, 0, 0, 0, 0, 0, 0, 0, 0, 0, 0, 0, 0, 0, 0, 0, 0, 0, 0, 0, 0, 0, 0, 0, 0, 0, 0, 0, 0, 0, 0, 0, 0, 0, 0, 0, 0, 0, 0, 0, 0, 0, 0, 0, 0, 0, 0, 0, 0, 0, 0, 0, 0, 0, 0, 0, 0, 0, 0, 0, 0, 0, 0, 0, 0, 0, 0, 0, 0, 0, 0, 0, 0, 0, 0, 0, 0, 0, 0, 0, 0, 0, 0, 0, 0, 0, 0, 0, 0, 0, 0, 0, 0, 0, 0]",0.0,"[2.994134897360704, 1.0, 1.0, 1.0, 1.0, 1.0, 0.9970674486803519, 0.9970674486803519, 0.9941348973607038, 1.0, 1.0, 1.0, 1.0, 1.0, 1.0, 0.9970674486803519, 0.9970674486803519, 0.9970674486803519, 0.9970674486803519, 0.9970674486803519, 0.9941348973607038, 0.9970674486803519, 0.9970674486803519, 0.9970674486803519, 0.9970674486803519, 0.9941348973607038, 0.9941348973607038, 0.9970674486803519, 0.9970674486803519, 0.9941348973607038, 0.9941348973607038, 0.9970674486803519, 0.9941348973607038, 0.9970674486803519, 0.9970674486803519, 0.9970674486803519, 0.9970674486803519, 0.9941348973607038, 1.0, 1.0, 1.0, 1.0, 1.0, 1.0, 1.0, 1.0, 1.0, 1.0, 1.0, 0.9941348973607038, 1.0, 1.0, 1.0, 1.0, 0.9970674486803519, 0.9970674486803519, 1.0, 1.0, 0.9970674486803519, 1.0, 1.0, 0.9970674486803519, 0.9970674486803519, 1.0, 0.9970674486803519, 1.0, 1.0, 0.9941348973607038, 0.9941348973607038, 1.0, 0.9970674486803519, 0.9970674486803519, 1.0, 1.0, 1.0, 1.0, 1.0, 1.0, 1.0, 1.0, 1.0, 1.0, 0.9970674486803519, 0.9970674486803519, 1.0, 1.0, 1.0, 1.0, 1.0, 1.0, 0.9970674486803519, 0.9970674486803519, 1.0, 1.0, 0.9970674486803519, 0.9970674486803519, 1.0, 1.0, 1.0, 1.0, 1.0, 1.0, 1.0, 1.0, 1.0, 0.9970674486803519, 0.9941348973607038, 0.9941348973607038, 0.9970674486803519, 1.0, 1.0, 1.0, 1.0, 0.9970674486803519, 0.9970674486803519, 0.9970674486803519, 0.9970674486803519, 1.0, 1.0, 1.0, 1.0, 0.9970674486803519, 1.0, 1.0, 1.0, 1.0, 1.0, 1.0, 1.0, 1.0, 1.0, 0.9970674486803519, 0.9941348973607038, 0.9970674486803519, 0.9941348973607038, 0.9941348973607038, 0.9912023460410557, 0.9912023460410557, 0.9941348973607038, 0.9970674486803519, 1.0, 1.0, 0.9970674486803519, 0.9970674486803519, 0.9970674486803519, 0.9970674486803519, 0.9970674486803519, 0.9970674486803519, 0.9970674486803519, 0.9970674486803519, 0.9970674486803519, 0.9941348973607038, 0.9912023460410557, 0.9912023460410557, 0.9912023460410557, 0.9912023460410557, 0.9912023460410557, 0.9912023460410557, 0.9941348973607038, 0.9941348973607038, 0.9941348973607038, 0.9941348973607038, 0.9941348973607038, 0.9941348973607038, 0.9941348973607038, 0.9941348973607038, 0.9941348973607038, 0.9941348973607038, 0.9941348973607038, 0.9912023460410557, 0.9912023460410557, 0.9882697947214076, 0.9882697947214076, 0.9882697947214076, 0.9882697947214076, 0.9882697947214076, 0.9882697947214076, 0.9882697947214076, 0.9882697947214076, 0.9882697947214076, 0.9882697947214076, 0.9882697947214076, 0.9882697947214076, 0.9882697947214076, 0.9912023460410557, 0.9941348973607038, 0.9941348973607038, 0.9941348973607038, 0.9941348973607038, 0.9970674486803519, 1.0, 1.0, 1.0, 1.0, 1.0, 1.0, 1.0, 1.0, 1.0, 1.0, 1.0, 1.0, 1.0, 1.0, 1.0, 1.0, 1.0, 1.0, 1.0, 1.0, 1.0, 1.0, 1.0, 1.0, 1.0, 1.0, 1.0, 1.0, 1.0, 1.0, 1.0, 1.0, 1.0, 1.0, 1.0, 1.0, 1.0, 1.0, 1.0, 1.0, 1.0, 1.0, 1.0, 1.0, 1.0, 1.0, 1.0, 0.9970674486803519, 0.9970674486803519, 0.9970674486803519, 1.0, 1.0, 0.9970674486803519, 0.9970674486803519, 0.9970674486803519, 0.9970674486803519, 0.9970674486803519, 0.9970674486803519, 0.9970674486803519, 1.0, 0.9970674486803519, 0.9970674486803519, 0.9970674486803519, 0.9970674486803519, 0.9970674486803519, 0.9970674486803519, 0.9970674486803519, 0.9970674486803519, 0.9970674486803519, 0.9970674486803519, 0.9970674486803519, 0.9970674486803519, 0.9970674486803519, 0.9970674486803519, 0.9970674486803519, 0.9970674486803519, 0.9970674486803519, 0.9970674486803519, 0.9970674486803519, 0.9970674486803519, 0.9970674486803519, 0.9970674486803519, 0.9970674486803519, 0.9970674486803519, 0.9970674486803519, 0.9970674486803519, 0.9970674486803519, 0.9970674486803519, 0.9970674486803519, 0.9970674486803519, 0.9970674486803519, 0.9970674486803519, 0.9970674486803519, 0.9970674486803519, 0.9970674486803519, 0.9970674486803519, 0.9970674486803519, 0.9970674486803519, 0.9970674486803519, 0.9970674486803519, 0.9970674486803519, 0.9970674486803519, 0.9970674486803519, 0.9970674486803519, 0.9970674486803519, 0.9970674486803519, 0.9970674486803519, 0.9970674486803519, 0.9970674486803519, 0.9970674486803519, 0.9970674486803519, 0.9970674486803519, 0.9970674486803519, 0.9970674486803519, 0.9970674486803519, 0.9970674486803519, 0.0, 0.0, 0.0, 0.0, 0.0, 0.0, 0.0, 0.0, 0.0, 0.0, 0.0, 0.0, 0.0, 0.0, 0.0, 0.0, 0.0, 0.0, 0.0, 0.0, 0.0, 0.0, 0.0, 0.0, 0.0, 0.0, 0.0, 0.0, 0.0, 0.0, 0.0, 0.0, 0.0, 0.0, 0.0, 0.0, 0.0, 0.0, 0.0, 0.0, 0.0, 0.0, 0.0, 0.0, 0.0, 0.0, 0.0, 0.0, 0.0, 0.0, 0.0, 0.0, 0.0, 0.0, 0.0, 0.0, 0.0, 0.0, 0.0, 0.0, 0.0, 0.0, 0.0, 0.0, 0.0, 0.0, 0.0, 0.0, 0.0, 0.0, 0.0, 0.0, 0.0, 0.0, 0.0, 0.0, 0.0, 0.0, 0.0, 0.0, 0.0, 0.0, 0.0, 0.0, 0.0, 0.0, 0.0, 0.0, 0.0, 0.0, 0.0, 0.0, 0.0, 0.0, 0.0, 0.0, 0.0, 0.0, 0.0, 0.0, 0.0, 0.0, 0.0, 0.0, 0.0, 0.0, 0.0, 0.0, 0.0, 0.0, 0.0, 0.0, 0.0, 0.0, 0.0, 0.0, 0.0, 0.0, 0.0, 0.0, 0.0, 0.0, 0.0, 0.0, 0.0, 0.0, 0.0, 0.0, 0.0, 0.0, 0.0, 0.0, 0.0, 0.0, 0.0, 0.0, 0.0, 0.0, 0.0, 0.0, 0.0, 0.0, 0.0, 0.0, 0.0, 0.0, 0.0, 0.0, 0.0, 0.0, 0.0, 0.0, 0.0, 0.0, 0.0, 0.0, 0.0, 0.0, 0.0, 0.0, 0.0, 0.0, 0.0, 0.0]",0.5,0.5,0,"[3, 1, 1, 1, 1, 1, 1, 1, 1, 1, 1, 1, 1, 1, 1, 1, 1, 1, 1, 1, 1, 1, 1, 1, 1, 1, 1, 1, 1, 1, 1, 1, 1, 1, 1, 1, 1, 1, 1, 1, 1, 1, 1, 1, 1, 1, 1, 1, 1, 1, 1, 1, 1, 1, 1, 1, 1, 1, 1, 1, 1, 1, 1, 1, 1, 1, 1, 1, 1, 1, 1, 1, 1, 1, 1, 1, 1, 1, 1, 1, 1, 1, 1, 1, 1, 1, 1, 1, 1, 1, 1, 1, 1, 1, 1, 1, 1, 1, 1, 1, 1, 1, 1, 1, 1, 1, 1, 1, 1, 1, 1, 1, 1, 1, 1, 1, 1, 1, 1, 1, 1, 1, 1, 1, 1, 1, 1, 1, 1, 1, 1, 1, 1, 1, 1, 1, 1, 1, 1, 1, 1, 1, 1, 1, 1, 1, 1, 1, 1, 1, 1, 1, 1, 1, 1, 1, 1, 1, 1, 1, 1, 1, 1, 1, 1, 1, 1, 1, 1, 1, 1, 1, 1, 1, 1, 1, 1, 1, 1, 1, 1, 1, 1, 1, 1, 1, 1, 1, 1, 1, 1, 1, 1, 1, 1, 1, 1, 1, 1, 1, 1, 1, 1, 1, 1, 1, 1, 1, 1, 1, 1, 1, 1, 1, 1, 1, 1, 1, 1, 1, 1, 1, 1, 1, 1, 1, 1, 1, 1, 1, 1, 1, 1, 1, 1, 1, 1, 1, 1, 1, 1, 1, 1, 1, 1, 1, 1, 1, 1, 1, 1, 1, 1, 1, 1, 1, 1, 1, 1, 1, 1, 1, 1, 1, 1, 1, 1, 1, 1, 1, 1, 1, 1, 1, 1, 1, 1, 1, 1, 1, 1, 1, 1, 1, 1, 1, 1, 1, 1, 1, 1, 1, 1, 1, 1, 1, 1, 1, 1, 1, 1, 1, 1, 1, 1, 1, 0, 0, 0, 0, 0, 0, 0, 0, 0, 0, 0, 0, 0, 0, 0, 0, 0, 0, 0, 0, 0, 0, 0, 0, 0, 0, 0, 0, 0, 0, 0, 0, 0, 0, 0, 0, 0, 0, 0, 0, 0, 0, 0, 0, 0, 0, 0, 0, 0, 0, 0, 0, 0, 0, 0, 0, 0, 0, 0, 0, 0, 0, 0, 0, 0, 0, 0, 0, 0, 0, 0, 0, 0, 0, 0, 0, 0, 0, 0, 0, 0, 0, 0, 0, 0, 0, 0, 0, 0, 0, 0, 0, 0, 0, 0, 0, 0, 0, 0, 0, 0, 0, 0, 0, 0, 0, 0, 0, 0, 0, 0, 0, 0, 0, 0, 0, 0, 0, 0, 0, 0, 0, 0, 0, 0, 0, 0, 0, 0, 0, 0, 0, 0, 0, 0, 0, 0, 0, 0, 0, 0, 0, 0, 0, 0, 0, 0, 0, 0, 0, 0, 0, 0, 0, 0, 0, 0, 0, 0, 0, 0, 0, 0, 0]",470,"[0.4051588773727417, 0.39850130677223206, 0.39725008606910706, 0.3964364528656006, 0.3956528604030609, 0.3950375020503998, 0.3943742513656616, 0.3937991261482239, 0.3933572471141815, 0.3928348422050476, 0.39240092039108276, 0.392013281583786, 0.39168843626976013, 0.3914172351360321, 0.39112135767936707, 0.3909538984298706, 0.3906526565551758, 0.3906284272670746, 0.39036011695861816, 0.3902064859867096, 0.3898412585258484, 0.38968029618263245, 0.3895344138145447, 0.3894047439098358, 0.3893541395664215, 0.38915789127349854, 0.38905930519104004, 0.3893055319786072, 0.38895049691200256, 0.38888248801231384, 0.38870882987976074, 0.3887377977371216, 0.38858091831207275, 0.38852187991142273, 0.38840633630752563, 0.3883480131626129, 0.38828927278518677, 0.38828903436660767, 0.3884473443031311, 0.38811734318733215, 0.38816359639167786, 0.38801413774490356, 0.3883557915687561, 0.3879186511039734, 0.38786643743515015, 0.387818843126297, 0.38775432109832764, 0.387719988822937, 0.38766905665397644, 0.3876943290233612, 0.3877483308315277, 0.3875398337841034, 0.3875104486942291, 0.38746708631515503, 0.38741981983184814, 0.3874150812625885, 0.3874826431274414, 0.3874153792858124, 0.3874412178993225, 0.38731274008750916, 0.3872012197971344, 0.38723045587539673, 0.38714832067489624, 0.387101411819458, 0.3870934247970581, 0.3870781362056732, 0.3870077133178711, 0.38726580142974854, 0.38715454936027527, 0.38698306679725647, 0.38699135184288025, 0.3868961036205292, 0.3868356943130493, 0.3868009150028229, 0.3867976665496826, 0.3868345618247986, 0.38747814297676086, 0.3869049847126007, 0.3866671621799469, 0.3866424560546875, 0.3866255581378937, 0.38661685585975647, 0.38705891370773315, 0.386765718460083, 0.3865191638469696, 0.38663288950920105, 0.3865351378917694, 0.3868202269077301, 0.3865247964859009, 0.386491060256958, 0.3864010274410248, 0.3864555060863495, 0.3864530622959137, 0.3863444924354553, 0.38656169176101685, 0.38651180267333984, 0.3864923417568207, 0.3864654302597046, 0.3863183557987213, 0.3863743841648102, 0.3861970603466034, 0.38633933663368225, 0.3865011930465698, 0.38645896315574646, 0.38692763447761536, 0.3862210810184479, 0.38618919253349304, 0.38604602217674255, 0.3860280513763428, 0.38601061701774597, 0.386057585477829, 0.3860887289047241, 0.38596850633621216, 0.38594314455986023, 0.38650402426719666, 0.3859100639820099, 0.3859904408454895, 0.3859506845474243, 0.3859240710735321, 0.3859157860279083, 0.38635408878326416, 0.386102557182312, 0.38584959506988525, 0.3857837915420532, 0.38576897978782654, 0.3857777714729309, 0.3857688903808594, 0.38573750853538513, 0.38572466373443604, 0.3857058584690094, 0.38598451018333435, 0.38595572113990784, 0.3856621980667114, 0.3858983516693115, 0.3856518864631653, 0.3856213092803955, 0.3856024146080017, 0.38561221957206726, 0.38558951020240784, 0.3855634033679962, 0.38558128476142883, 0.3868735134601593, 0.3855268955230713, 0.3857736885547638, 0.38550499081611633, 0.38605374097824097, 0.3855481743812561, 0.3854781687259674, 0.3854542672634125, 0.3854421377182007, 0.3854416608810425, 0.3856079876422882, 0.38560473918914795, 0.3858562707901001, 0.38556456565856934, 0.38561955094337463, 0.38551467657089233, 0.3853650987148285, 0.3859021067619324, 0.38533636927604675, 0.3853326439857483, 0.3853773772716522, 0.3855612277984619, 0.3852904438972473, 0.3853776156902313, 0.38618791103363037, 0.3852657377719879, 0.38544243574142456, 0.3854846954345703, 0.3854999542236328, 0.3852742314338684, 0.3861410617828369, 0.3854086697101593, 0.38575878739356995, 0.38537150621414185, 0.3852096199989319, 0.3851855993270874, 0.3855336308479309, 0.385201632976532, 0.38531020283699036, 0.3853868544101715, 0.38535305857658386, 0.3851599097251892, 0.38527828454971313, 0.3852047026157379, 0.385097861289978, 0.38531193137168884, 0.38548433780670166, 0.3860190510749817, 0.3858688473701477, 0.3850499391555786, 0.3850548565387726, 0.3851172626018524, 0.38521313667297363, 0.38502076268196106, 0.3850078582763672, 0.38515228033065796, 0.38506847620010376, 0.38502639532089233, 0.38501083850860596, 0.3851299583911896, 0.3850001394748688, 0.38565659523010254, 0.3851592242717743, 0.384940505027771, 0.3850800395011902, 0.3853316605091095, 0.38516902923583984, 0.3849905729293823, 0.38491347432136536, 0.3849044442176819, 0.3859810531139374, 0.3850172460079193, 0.3849849998950958, 0.38498347997665405, 0.38500282168388367, 0.38574036955833435, 0.3848628103733063, 0.38487163186073303, 0.3857164680957794, 0.3848293721675873, 0.3848232328891754, 0.3849406838417053, 0.38555648922920227, 0.3848627805709839, 0.3850483298301697, 0.3848015069961548, 0.38478320837020874, 0.3847825527191162, 0.38482770323753357, 0.38489532470703125, 0.3847638666629791, 0.3848534822463989, 0.3849140405654907, 0.38480550050735474, 0.3847702443599701, 0.3848510980606079, 0.3853388726711273, 0.38492801785469055, 0.38574475049972534, 0.3847024142742157, 0.38469794392585754, 0.38504916429519653, 0.3847019672393799, 0.3852558135986328, 0.38487717509269714, 0.3848574757575989, 0.38480904698371887, 0.38467785716056824, 0.38563916087150574, 0.3847849667072296, 0.38471415638923645, 0.3847532570362091, 0.3848141133785248, 0.38491150736808777, 0.3846224248409271, 0.38469192385673523, 0.38464996218681335, 0.3846977949142456, 0.3849168121814728, 0.38473907113075256, 0.3847963809967041, 0.38489723205566406, 0.38457947969436646, 0.38458386063575745, 0.3845709562301636, 0.3848342001438141, 0.3849774897098541, 0.38480114936828613, 0.38456594944000244, 0.3850276470184326, 0.38454070687294006, 0.3847135305404663, 0.3854106068611145, 0.3850773870944977, 0.3845348358154297, 0.38508549332618713, 0.38472503423690796, 0.3854221999645233, 0.38503220677375793, 0.38464033603668213, 0.38453423976898193, 0.38475000858306885, 0.3845299184322357, 0.38462623953819275, 0.3847171664237976, 0.38522225618362427, 0.3844657242298126, 0.38573992252349854, 0.38464054465293884, 0.38447123765945435, 0.3846791088581085, 0.3845927119255066, 0.3844934105873108, 0.3847525119781494, 0.3857879638671875, 0.38444459438323975, 0.3855394721031189, 0.38477417826652527, 0.38441628217697144, 0.38492923974990845, 0.3845275938510895, 0.38442736864089966, 0.38440006971359253, 0.3846561908721924, 0.38449084758758545, 0.42191505432128906, 0.40727657079696655, 0.40723010897636414, 0.40749403834342957, 0.40733352303504944, 0.4074053168296814, 0.4073225259780884, 0.407451331615448, 0.4072970449924469, 0.4079468250274658, 0.4072358012199402, 0.4074888527393341, 0.4072261154651642, 0.4072457253932953, 0.4073111414909363, 0.4073207378387451, 0.40722617506980896, 0.40726348757743835, 0.4074093997478485, 0.4072464108467102, 0.40747201442718506, 0.40723368525505066, 0.4076543152332306, 0.40743979811668396, 0.4072267413139343, 0.4072854518890381, 0.4073489010334015, 0.40725719928741455, 0.4072306156158447, 0.40722665190696716, 0.4081989526748657, 0.4075869023799896, 0.407291442155838, 0.40731751918792725, 0.40724480152130127, 0.4072633981704712, 0.40724390745162964, 0.40748894214630127, 0.4072391986846924, 0.4072988033294678, 0.40733519196510315, 0.40790489315986633, 0.40791526436805725, 0.40776973962783813, 0.4072262644767761, 0.4072510004043579, 0.4073818624019623, 0.40759027004241943, 0.40777987241744995, 0.40722960233688354, 0.40735936164855957, 0.4073224663734436, 0.4072287082672119, 0.4073165953159332, 0.4083348214626312, 0.4073319733142853, 0.40732747316360474, 0.40722838044166565, 0.40722617506980896, 0.4073655307292938, 0.4072960913181305, 0.40737220644950867, 0.40725448727607727, 0.4072458744049072, 0.4072575867176056, 0.4073295593261719, 0.407582551240921, 0.4077276289463043, 0.4076036810874939, 0.40728652477264404, 0.40739184617996216, 0.40776702761650085, 0.4074457585811615, 0.4074622392654419, 0.4072626829147339, 0.40723609924316406, 0.4072430431842804, 0.4072971045970917, 0.407670259475708, 0.4072490632534027, 0.40733668208122253, 0.407227486371994, 0.4073394536972046, 0.40722644329071045, 0.4073186218738556, 0.4076373279094696, 0.407621294260025, 0.40794485807418823, 0.4072502553462982, 0.40741166472435, 0.4073159396648407, 0.40723204612731934, 0.4072490334510803, 0.4072640538215637, 0.4072672724723816, 0.40722787380218506, 0.40722620487213135, 0.4074419438838959, 0.4072730541229248, 0.4074687063694, 0.4072277545928955, 0.4072282314300537, 0.40748131275177, 0.40765106678009033, 0.4073726236820221, 0.40745651721954346, 0.4076370894908905, 0.4072366952896118, 0.407227098941803, 0.40722620487213135, 0.4075457751750946, 0.40722712874412537, 0.4072674512863159, 0.407226026058197, 0.40759503841400146, 0.4073055684566498, 0.4073987603187561, 0.4072265326976776, 0.4073370397090912, 0.4072416424751282, 0.40725448727607727, 0.4072432219982147, 0.40722671151161194, 0.40775924921035767, 0.407420814037323, 0.40722882747650146, 0.40725117921829224, 0.407243549823761, 0.4073258936405182, 0.4072345793247223, 0.407400906085968, 0.4072754681110382, 0.4073108434677124, 0.40732884407043457, 0.4072314500808716, 0.40781211853027344, 0.4072412848472595, 0.4073604345321655, 0.4073089361190796, 0.40723586082458496, 0.407323956489563, 0.40731629729270935, 0.40722739696502686, 0.4072519540786743, 0.40724456310272217, 0.40723472833633423, 0.407562255859375, 0.4073040783405304, 0.40748366713523865, 0.40732625126838684, 0.4073624014854431, 0.4072403609752655, 0.4072629511356354, 0.40728846192359924, 0.40728768706321716, 0.4072364568710327, 0.40735793113708496, 0.40746086835861206, 0.4073728322982788, 0.40727469325065613, 0.407357394695282, 0.4072309136390686, 0.4072955846786499, 0.4072534143924713]",0.0,"[3.0, 1.0, 1.0, 1.0, 1.0, 1.0, 1.0, 1.0, 1.0, 1.0, 1.0, 1.0, 1.0, 1.0, 1.0, 1.0, 1.0, 1.0, 1.0, 1.0, 1.0, 1.0, 1.0, 1.0, 1.0, 1.0, 1.0, 1.0, 1.0, 1.0, 1.0, 1.0, 1.0, 1.0, 1.0, 1.0, 1.0, 1.0, 1.0, 1.0, 1.0, 1.0, 1.0, 1.0, 1.0, 1.0, 1.0, 1.0, 1.0, 1.0, 1.0, 1.0, 1.0, 1.0, 1.0, 1.0, 1.0, 1.0, 1.0, 1.0, 1.0, 1.0, 1.0, 1.0, 1.0, 1.0, 1.0, 1.0, 1.0, 1.0, 1.0, 1.0, 1.0, 1.0, 1.0, 1.0, 1.0, 1.0, 1.0, 1.0, 1.0, 1.0, 1.0, 1.0, 1.0, 1.0, 1.0, 1.0, 1.0, 1.0, 1.0, 1.0, 1.0, 1.0, 1.0, 1.0, 1.0, 1.0, 1.0, 1.0, 1.0, 1.0, 1.0, 1.0, 1.0, 1.0, 1.0, 1.0, 1.0, 1.0, 1.0, 1.0, 1.0, 1.0, 1.0, 1.0, 1.0, 1.0, 1.0, 1.0, 1.0, 1.0, 1.0, 1.0, 1.0, 1.0, 1.0, 1.0, 1.0, 1.0, 1.0, 1.0, 1.0, 1.0, 1.0, 1.0, 1.0, 1.0, 1.0, 1.0, 1.0, 1.0, 1.0, 1.0, 1.0, 1.0, 1.0, 1.0, 1.0, 1.0, 1.0, 1.0, 1.0, 1.0, 1.0, 1.0, 1.0, 1.0, 1.0, 1.0, 1.0, 1.0, 1.0, 1.0, 1.0, 1.0, 1.0, 1.0, 1.0, 1.0, 1.0, 1.0, 1.0, 1.0, 1.0, 1.0, 1.0, 1.0, 1.0, 1.0, 1.0, 1.0, 1.0, 1.0, 1.0, 1.0, 1.0, 1.0, 1.0, 1.0, 1.0, 1.0, 1.0, 1.0, 1.0, 1.0, 1.0, 1.0, 1.0, 1.0, 1.0, 1.0, 1.0, 1.0, 1.0, 1.0, 1.0, 1.0, 1.0, 1.0, 1.0, 1.0, 1.0, 1.0, 1.0, 1.0, 1.0, 1.0, 1.0, 1.0, 1.0, 1.0, 1.0, 1.0, 1.0, 1.0, 1.0, 1.0, 1.0, 1.0, 1.0, 1.0, 1.0, 1.0, 1.0, 1.0, 1.0, 1.0, 1.0, 1.0, 1.0, 1.0, 1.0, 1.0, 1.0, 1.0, 1.0, 1.0, 1.0, 1.0, 1.0, 1.0, 1.0, 1.0, 1.0, 1.0, 1.0, 1.0, 1.0, 1.0, 1.0, 1.0, 1.0, 1.0, 1.0, 1.0, 1.0, 1.0, 1.0, 1.0, 1.0, 1.0, 1.0, 1.0, 1.0, 1.0, 1.0, 1.0, 1.0, 1.0, 1.0, 1.0, 1.0, 1.0, 1.0, 1.0, 1.0, 1.0, 1.0, 1.0, 1.0, 1.0, 1.0, 1.0, 1.0, 1.0, 1.0, 1.0, 1.0, 1.0, 1.0, 1.0, 1.0, 1.0, 1.0, 1.0, 0.0, 0.0, 0.0, 0.0, 0.0, 0.0, 0.0, 0.0, 0.0, 0.0, 0.0, 0.0, 0.0, 0.0, 0.0, 0.0, 0.0, 0.0, 0.0, 0.0, 0.0, 0.0, 0.0, 0.0, 0.0, 0.0, 0.0, 0.0, 0.0, 0.0, 0.0, 0.0, 0.0, 0.0, 0.0, 0.0, 0.0, 0.0, 0.0, 0.0, 0.0, 0.0, 0.0, 0.0, 0.0, 0.0, 0.0, 0.0, 0.0, 0.0, 0.0, 0.0, 0.0, 0.0, 0.0, 0.0, 0.0, 0.0, 0.0, 0.0, 0.0, 0.0, 0.0, 0.0, 0.0, 0.0, 0.0, 0.0, 0.0, 0.0, 0.0, 0.0, 0.0, 0.0, 0.0, 0.0, 0.0, 0.0, 0.0, 0.0, 0.0, 0.0, 0.0, 0.0, 0.0, 0.0, 0.0, 0.0, 0.0, 0.0, 0.0, 0.0, 0.0, 0.0, 0.0, 0.0, 0.0, 0.0, 0.0, 0.0, 0.0, 0.0, 0.0, 0.0, 0.0, 0.0, 0.0, 0.0, 0.0, 0.0, 0.0, 0.0, 0.0, 0.0, 0.0, 0.0, 0.0, 0.0, 0.0, 0.0, 0.0, 0.0, 0.0, 0.0, 0.0, 0.0, 0.0, 0.0, 0.0, 0.0, 0.0, 0.0, 0.0, 0.0, 0.0, 0.0, 0.0, 0.0, 0.0, 0.0, 0.0, 0.0, 0.0, 0.0, 0.0, 0.0, 0.0, 0.0, 0.0, 0.0, 0.0, 0.0, 0.0, 0.0, 0.0, 0.0, 0.0, 0.0, 0.0, 0.0, 0.0, 0.0, 0.0, 0.0]",COMPLETE
