,number,value,datetime_start,datetime_complete,duration,params_batch_size_scaler,params_constant_learning_rate,params_depth,params_epochs,params_kernel_l2,params_num_trees,params_temperature,user_attrs_accuracy_test,user_attrs_accuracy_valid,user_attrs_approximate_feature_sparsity,user_attrs_approximate_feature_sparsity_history,user_attrs_approximate_weight_sparsity,user_attrs_approximate_weight_sparsity_history,user_attrs_auc_test,user_attrs_auc_valid,user_attrs_feature_sparsity,user_attrs_feature_sparsity_history,user_attrs_num_epochs,user_attrs_val_loss_history,user_attrs_weight_sparsity,user_attrs_weight_sparsity_history,state
53,53,0.9302598188867849,2024-08-31 02:56:47.989903,2024-08-31 03:01:12.181738,0 days 00:04:24.191835,1,0.04870963264266924,3,375,0.006779701116403368,4,0.038735736290082236,0.942,0.94,32,"[33, 33, 33, 33, 33, 33, 33, 33, 33, 33, 33, 33, 33, 33, 33, 33, 33, 33, 33, 33, 33, 33, 33, 33, 33, 33, 33, 33, 33, 33, 33, 33, 33, 33, 33, 33, 33, 33, 33, 33, 33, 33, 33, 33, 33, 33, 33, 33, 33, 33, 33, 33, 33, 33, 33, 33, 33, 33, 33, 33, 33, 33, 33, 33, 33, 33, 33, 33, 33, 33, 33, 33, 33, 33, 33, 33, 33, 33, 33, 33, 33, 33, 33, 33, 33, 33, 33, 33, 32, 32, 32, 32, 32, 32, 32, 32, 32, 32, 32, 32, 32, 32, 32, 32, 32, 32, 32, 32, 32, 32, 32, 32, 32, 32, 32, 32, 32, 32, 32, 32, 32, 32, 32, 32, 32, 32, 32, 32, 32, 32, 32, 32, 32, 32, 32, 32, 32, 32, 32, 32, 32, 32, 32, 32, 32, 32, 32, 32, 32, 32, 32, 32, 32, 32, 32, 32, 32, 32, 32, 32, 32, 32, 32, 32, 32, 32, 32, 32, 32, 32, 32, 32, 32, 32, 32, 32, 32, 32, 32, 32, 32, 32, 32, 32, 32, 32, 32, 32, 32, 32, 32, 32, 32, 32, 32, 32, 32, 32, 32, 32, 32, 32, 32, 32, 32, 32, 32, 32, 32, 32, 32, 32, 32, 32, 32, 32, 32, 32, 32, 32, 32, 32, 32, 32, 32, 32, 32, 32, 32, 32, 32, 32, 32, 32, 32, 32, 32, 32, 32, 32, 32, 32, 32, 32, 32, 32, 32, 32, 32, 32, 32, 32, 32, 32, 32, 32, 32, 32, 32, 32, 32, 32, 32, 32, 32, 32, 32, 32, 32, 32, 32, 32, 32, 32, 32, 32, 32, 32, 32, 32, 32, 32, 32, 32, 32, 32, 32, 32, 32, 32, 32, 32, 32, 32, 32, 32, 32, 32, 32, 32, 32, 32, 32, 32, 32, 32, 32, 32, 32, 32, 32, 32, 32, 32, 32, 32, 32, 32, 32, 32, 32, 32, 32, 32, 32, 32, 32, 32, 32, 32, 32, 32, 32, 32, 32, 32, 32, 32, 32, 32, 32, 32, 32, 32, 32, 32, 32, 32, 32, 32, 32, 32, 32, 32, 32, 32, 32, 32, 32, 32, 32, 32, 32, 32, 32, 32, 32, 32, 32, 32, 32, 32, 32, 32, 32]",32.0,"[33.0, 33.0, 33.0, 33.0, 32.964285714285715, 33.0, 33.0, 33.0, 32.964285714285715, 33.0, 33.0, 32.964285714285715, 33.0, 32.964285714285715, 33.0, 33.0, 33.0, 33.0, 33.0, 33.0, 33.0, 33.0, 33.0, 33.0, 33.0, 33.0, 33.0, 33.0, 33.0, 33.0, 33.0, 32.892857142857146, 33.0, 33.0, 33.0, 32.964285714285715, 32.964285714285715, 33.0, 32.964285714285715, 33.0, 33.0, 33.0, 33.0, 33.0, 33.0, 33.0, 33.0, 33.0, 32.964285714285715, 33.0, 33.0, 33.0, 32.964285714285715, 32.964285714285715, 33.0, 33.0, 33.0, 33.0, 33.0, 33.0, 33.0, 33.0, 32.964285714285715, 33.0, 33.0, 33.0, 32.964285714285715, 33.0, 33.0, 33.0, 33.0, 33.0, 33.0, 33.0, 32.964285714285715, 32.964285714285715, 33.0, 32.92857142857143, 33.0, 33.0, 33.0, 33.0, 32.964285714285715, 32.964285714285715, 33.0, 33.0, 32.964285714285715, 32.964285714285715, 32.0, 31.964285714285715, 32.0, 32.0, 31.964285714285715, 32.0, 32.0, 32.0, 31.964285714285715, 32.0, 31.964285714285715, 31.964285714285715, 31.92857142857143, 31.92857142857143, 32.0, 32.0, 32.0, 32.0, 31.964285714285715, 31.92857142857143, 31.964285714285715, 32.0, 32.0, 32.0, 32.0, 32.0, 32.0, 32.0, 31.964285714285715, 31.964285714285715, 31.964285714285715, 32.0, 32.0, 31.964285714285715, 31.964285714285715, 31.964285714285715, 31.964285714285715, 31.964285714285715, 32.0, 32.0, 31.92857142857143, 32.0, 32.0, 32.0, 31.964285714285715, 32.0, 32.0, 32.0, 32.0, 31.964285714285715, 32.0, 32.0, 31.964285714285715, 31.964285714285715, 32.0, 32.0, 32.0, 32.0, 32.0, 32.0, 32.0, 31.964285714285715, 32.0, 31.92857142857143, 32.0, 31.964285714285715, 32.0, 32.0, 32.0, 31.964285714285715, 31.92857142857143, 32.0, 31.964285714285715, 31.964285714285715, 32.0, 32.0, 32.0, 32.0, 32.0, 32.0, 32.0, 32.0, 32.0, 32.0, 32.0, 32.0, 32.0, 32.0, 32.0, 31.964285714285715, 32.0, 32.0, 32.0, 32.0, 32.0, 32.0, 31.964285714285715, 32.0, 32.0, 31.964285714285715, 31.92857142857143, 31.964285714285715, 32.0, 32.0, 32.0, 31.92857142857143, 31.964285714285715, 32.0, 32.0, 32.0, 32.0, 32.0, 31.964285714285715, 32.0, 32.0, 32.0, 32.0, 32.0, 31.964285714285715, 32.0, 32.0, 32.0, 32.0, 32.0, 32.0, 32.0, 32.0, 32.0, 32.0, 32.0, 32.0, 32.0, 32.0, 32.0, 32.0, 32.0, 31.92857142857143, 32.0, 32.0, 32.0, 32.0, 32.0, 32.0, 31.964285714285715, 32.0, 32.0, 32.0, 32.0, 32.0, 32.0, 31.964285714285715, 31.964285714285715, 32.0, 32.0, 31.92857142857143, 32.0, 32.0, 32.0, 32.0, 32.0, 31.92857142857143, 32.0, 31.964285714285715, 32.0, 31.964285714285715, 32.0, 32.0, 32.0, 31.964285714285715, 32.0, 32.0, 31.964285714285715, 32.0, 31.964285714285715, 32.0, 32.0, 32.0, 32.0, 31.964285714285715, 32.0, 32.0, 32.0, 32.0, 31.92857142857143, 31.964285714285715, 31.92857142857143, 32.0, 31.964285714285715, 31.892857142857146, 31.964285714285715, 32.0, 32.0, 32.0, 31.964285714285715, 31.92857142857143, 32.0, 31.964285714285715, 32.0, 31.92857142857143, 32.0, 31.964285714285715, 32.0, 32.0, 32.0, 32.0, 32.0, 32.0, 32.0, 32.0, 31.964285714285715, 31.92857142857143, 32.0, 32.0, 31.964285714285715, 31.964285714285715, 32.0, 32.0, 32.0, 32.0, 31.964285714285715, 32.0, 32.0, 32.0, 32.0, 32.0, 32.0, 31.964285714285715, 32.0, 32.0, 32.0, 31.964285714285715, 32.0, 31.964285714285715, 32.0, 31.964285714285715, 32.0, 32.0, 32.0, 31.964285714285715, 32.0, 31.964285714285715, 32.0, 32.0, 32.0, 32.0, 32.0, 31.92857142857143, 32.0, 32.0, 32.0, 32.0, 32.0, 32.0, 32.0, 31.964285714285715, 31.964285714285715, 31.964285714285715, 32.0, 32.0, 31.964285714285715, 32.0, 32.0, 31.964285714285715, 31.964285714285715, 32.0, 32.0, 31.964285714285715, 31.964285714285715, 32.0, 32.0, 32.0, 32.0, 32.0, 32.0, 32.0, 32.0, 32.0, 32.0, 32.0, 31.964285714285715, 31.92857142857143, 32.0, 32.0, 32.0, 32.0, 32.0, 32.0]",0.9048786730405635,0.9302598188867849,32,"[33, 33, 33, 33, 33, 33, 33, 33, 33, 33, 33, 33, 33, 33, 33, 33, 33, 33, 33, 33, 33, 33, 33, 33, 33, 33, 33, 33, 33, 33, 33, 33, 33, 33, 33, 33, 33, 33, 33, 33, 33, 33, 33, 33, 33, 33, 33, 33, 33, 33, 33, 33, 33, 33, 33, 33, 33, 33, 33, 33, 33, 33, 33, 33, 33, 33, 33, 33, 33, 33, 33, 33, 33, 33, 33, 33, 33, 33, 33, 33, 33, 33, 33, 33, 33, 33, 33, 33, 32, 32, 32, 32, 32, 32, 32, 32, 32, 32, 32, 32, 32, 32, 32, 32, 32, 32, 32, 32, 32, 32, 32, 32, 32, 32, 32, 32, 32, 32, 32, 32, 32, 32, 32, 32, 32, 32, 32, 32, 32, 32, 32, 32, 32, 32, 32, 32, 32, 32, 32, 32, 32, 32, 32, 32, 32, 32, 32, 32, 32, 32, 32, 32, 32, 32, 32, 32, 32, 32, 32, 32, 32, 32, 32, 32, 32, 32, 32, 32, 32, 32, 32, 32, 32, 32, 32, 32, 32, 32, 32, 32, 32, 32, 32, 32, 32, 32, 32, 32, 32, 32, 32, 32, 32, 32, 32, 32, 32, 32, 32, 32, 32, 32, 32, 32, 32, 32, 32, 32, 32, 32, 32, 32, 32, 32, 32, 32, 32, 32, 32, 32, 32, 32, 32, 32, 32, 32, 32, 32, 32, 32, 32, 32, 32, 32, 32, 32, 32, 32, 32, 32, 32, 32, 32, 32, 32, 32, 32, 32, 32, 32, 32, 32, 32, 32, 32, 32, 32, 32, 32, 32, 32, 32, 32, 32, 32, 32, 32, 32, 32, 32, 32, 32, 32, 32, 32, 32, 32, 32, 32, 32, 32, 32, 32, 32, 32, 32, 32, 32, 32, 32, 32, 32, 32, 32, 32, 32, 32, 32, 32, 32, 32, 32, 32, 32, 32, 32, 32, 32, 32, 32, 32, 32, 32, 32, 32, 32, 32, 32, 32, 32, 32, 32, 32, 32, 32, 32, 32, 32, 32, 32, 32, 32, 32, 32, 32, 32, 32, 32, 32, 32, 32, 32, 32, 32, 32, 32, 32, 32, 32, 32, 32, 32, 32, 32, 32, 32, 32, 32, 32, 32, 32, 32, 32, 32, 32, 32, 32, 32, 32, 32, 32, 32, 32, 32, 32]",375,"[0.36820632219314575, 0.3558253049850464, 0.3491338789463043, 0.34488558769226074, 0.3395559787750244, 0.3344237506389618, 0.32939696311950684, 0.32298019528388977, 0.3162400722503662, 0.30985307693481445, 0.30247262120246887, 0.2964513897895813, 0.28967201709747314, 0.28275826573371887, 0.2783328890800476, 0.2730744183063507, 0.26861855387687683, 0.2654989957809448, 0.2594534754753113, 0.2582400441169739, 0.2537732422351837, 0.2511911690235138, 0.24699848890304565, 0.24399198591709137, 0.242413729429245, 0.24112679064273834, 0.2365952432155609, 0.23285949230194092, 0.23175139725208282, 0.22930696606636047, 0.22935616970062256, 0.22665168344974518, 0.2246149480342865, 0.22214680910110474, 0.21950961649417877, 0.219510018825531, 0.21917955577373505, 0.21875184774398804, 0.21894259750843048, 0.22030781209468842, 0.21545682847499847, 0.21501025557518005, 0.21529164910316467, 0.2133411467075348, 0.2123696506023407, 0.2143126279115677, 0.21149513125419617, 0.21147491037845612, 0.21136870980262756, 0.2158864587545395, 0.2111341655254364, 0.20975686609745026, 0.20936402678489685, 0.2092144787311554, 0.21191664040088654, 0.20799323916435242, 0.2122117280960083, 0.20739096403121948, 0.21014413237571716, 0.20784035325050354, 0.20956501364707947, 0.20597445964813232, 0.2061101198196411, 0.2052251100540161, 0.20676320791244507, 0.20681995153427124, 0.20663221180438995, 0.2087780237197876, 0.205393984913826, 0.20674826204776764, 0.21070615947246552, 0.20415443181991577, 0.20347848534584045, 0.20439118146896362, 0.20278815925121307, 0.20629701018333435, 0.20879635214805603, 0.20412731170654297, 0.20473983883857727, 0.20521076023578644, 0.20528273284435272, 0.20312383770942688, 0.20354491472244263, 0.20458145439624786, 0.2092408388853073, 0.2034376710653305, 0.20400109887123108, 0.2046705037355423, 0.20324930548667908, 0.20555756986141205, 0.2037154734134674, 0.20343521237373352, 0.20479993522167206, 0.20289018750190735, 0.20482560992240906, 0.20540252327919006, 0.20160236954689026, 0.2023376226425171, 0.2026999443769455, 0.2046998143196106, 0.20474548637866974, 0.20377923548221588, 0.20173147320747375, 0.20268306136131287, 0.20133623480796814, 0.20087555050849915, 0.20380838215351105, 0.20871911942958832, 0.20637424290180206, 0.20365369319915771, 0.20341593027114868, 0.20183953642845154, 0.20208102464675903, 0.20151658356189728, 0.2044009566307068, 0.20329977571964264, 0.20298799872398376, 0.20052753388881683, 0.20230171084403992, 0.20214612782001495, 0.20232227444648743, 0.20319516956806183, 0.20372287929058075, 0.20147868990898132, 0.20428818464279175, 0.20616838335990906, 0.20484720170497894, 0.20155243575572968, 0.20323222875595093, 0.20235295593738556, 0.20398910343647003, 0.20371444523334503, 0.20246167480945587, 0.20703573524951935, 0.2079978734254837, 0.20134387910366058, 0.2040022313594818, 0.20643222332000732, 0.20639993250370026, 0.20835986733436584, 0.2057798206806183, 0.20222622156143188, 0.20671190321445465, 0.20676292479038239, 0.20493103563785553, 0.20226190984249115, 0.20433500409126282, 0.20856939256191254, 0.20319980382919312, 0.2063363790512085, 0.2050914168357849, 0.20597046613693237, 0.20668022334575653, 0.20656327903270721, 0.20672422647476196, 0.20748454332351685, 0.20631477236747742, 0.2061372995376587, 0.20550014078617096, 0.2074669450521469, 0.20790448784828186, 0.20404262840747833, 0.20500385761260986, 0.20443257689476013, 0.20469306409358978, 0.20601697266101837, 0.2041509598493576, 0.2043730765581131, 0.2041887640953064, 0.2049311101436615, 0.20476345717906952, 0.20453934371471405, 0.20461852848529816, 0.20295046269893646, 0.2035258710384369, 0.2074189931154251, 0.21254616975784302, 0.20381684601306915, 0.21199476718902588, 0.20555099844932556, 0.2027858942747116, 0.20447580516338348, 0.2038036733865738, 0.20586292445659637, 0.2075640857219696, 0.20810335874557495, 0.20432165265083313, 0.20933504402637482, 0.21090823411941528, 0.20477749407291412, 0.20730401575565338, 0.2116420567035675, 0.20711328089237213, 0.20912733674049377, 0.2082812339067459, 0.2095893919467926, 0.20641431212425232, 0.20405066013336182, 0.20787905156612396, 0.20554201304912567, 0.20533418655395508, 0.20830482244491577, 0.20481203496456146, 0.20536552369594574, 0.20798730850219727, 0.20991207659244537, 0.21301789581775665, 0.20335865020751953, 0.20562684535980225, 0.20470204949378967, 0.2058955729007721, 0.20738983154296875, 0.2073739469051361, 0.20606277883052826, 0.20458903908729553, 0.20578302443027496, 0.2090001106262207, 0.2115720510482788, 0.20987047255039215, 0.20705468952655792, 0.20648926496505737, 0.2068694680929184, 0.20855067670345306, 0.206257164478302, 0.20677196979522705, 0.21114295721054077, 0.2089974731206894, 0.20732764899730682, 0.21074439585208893, 0.20974141359329224, 0.20734719932079315, 0.20512992143630981, 0.2054516226053238, 0.20473407208919525, 0.20573179423809052, 0.2091454118490219, 0.21067427098751068, 0.20923340320587158, 0.21073566377162933, 0.21251317858695984, 0.20644578337669373, 0.21031521260738373, 0.20817643404006958, 0.214741051197052, 0.20490007102489471, 0.21395151317119598, 0.21096061170101166, 0.20883513987064362, 0.2131834179162979, 0.20478445291519165, 0.2048758715391159, 0.21249477565288544, 0.20732073485851288, 0.20985956490039825, 0.20994581282138824, 0.21102188527584076, 0.21008089184761047, 0.20760686695575714, 0.20574326813220978, 0.2059280425310135, 0.2062031328678131, 0.21180199086666107, 0.2099217027425766, 0.214431032538414, 0.20921415090560913, 0.21364372968673706, 0.20896129310131073, 0.2087574154138565, 0.21361757814884186, 0.20714542269706726, 0.20951183140277863, 0.20966559648513794, 0.21109916269779205, 0.21173511445522308, 0.21112088859081268, 0.2096187174320221, 0.20881387591362, 0.21039722859859467, 0.21199217438697815, 0.2098388820886612, 0.21157974004745483, 0.20988886058330536, 0.21317735314369202, 0.2156577855348587, 0.20895953476428986, 0.2154948115348816, 0.21749278903007507, 0.21205036342144012, 0.21359123289585114, 0.21172849833965302, 0.2106894552707672, 0.20860084891319275, 0.21015480160713196, 0.2088671177625656, 0.20644935965538025, 0.2104044109582901, 0.21164844930171967, 0.21208427846431732, 0.20666569471359253, 0.21082420647144318, 0.21044819056987762, 0.20818547904491425, 0.21362803876399994, 0.21074643731117249, 0.21190597116947174, 0.21230772137641907, 0.2121591717004776, 0.20871774852275848, 0.21292327344417572, 0.2133759707212448, 0.21193069219589233, 0.2115519940853119, 0.20860406756401062, 0.2067471444606781, 0.20861829817295074, 0.21131744980812073, 0.2057066559791565, 0.20818009972572327, 0.21529074013233185, 0.21170444786548615, 0.20851664245128632, 0.21035294234752655, 0.2122095823287964, 0.20564571022987366, 0.21037067472934723, 0.20838803052902222, 0.21282917261123657, 0.20696811378002167, 0.21311984956264496, 0.20715555548667908, 0.21505014598369598, 0.20930516719818115, 0.20827454328536987, 0.20879638195037842, 0.21361058950424194, 0.20838595926761627, 0.21434302628040314, 0.2119399458169937, 0.20923171937465668, 0.2051275223493576, 0.2080814391374588, 0.2063376009464264, 0.21255198121070862, 0.20947474241256714, 0.21318648755550385, 0.22012852132320404, 0.2128067910671234, 0.2093825340270996, 0.20791703462600708, 0.21163827180862427, 0.20834867656230927, 0.2129175066947937, 0.20866252481937408, 0.21096034348011017, 0.21197079122066498, 0.20993299782276154, 0.2125139683485031, 0.21115343272686005, 0.2082435041666031, 0.21001075208187103, 0.21773536503314972, 0.21144892275333405, 0.20969533920288086, 0.2075309157371521, 0.20991115272045135, 0.21078543365001678, 0.20589882135391235, 0.21061748266220093, 0.21019743382930756, 0.2126319259405136, 0.2090449184179306, 0.2095734030008316, 0.20794008672237396, 0.21078434586524963, 0.2125532478094101]",32.0,"[33.0, 33.0, 33.0, 33.0, 33.0, 33.0, 33.0, 33.0, 33.0, 33.0, 33.0, 33.0, 33.0, 33.0, 33.0, 33.0, 33.0, 33.0, 33.0, 33.0, 33.0, 33.0, 33.0, 33.0, 33.0, 33.0, 33.0, 33.0, 33.0, 33.0, 33.0, 33.0, 33.0, 33.0, 33.0, 33.0, 33.0, 33.0, 33.0, 33.0, 33.0, 33.0, 33.0, 33.0, 33.0, 33.0, 33.0, 33.0, 33.0, 33.0, 33.0, 33.0, 33.0, 33.0, 33.0, 33.0, 33.0, 33.0, 33.0, 33.0, 33.0, 33.0, 33.0, 33.0, 33.0, 33.0, 33.0, 33.0, 33.0, 33.0, 33.0, 33.0, 33.0, 33.0, 33.0, 33.0, 33.0, 33.0, 33.0, 33.0, 33.0, 33.0, 33.0, 33.0, 33.0, 33.0, 33.0, 33.0, 32.0, 32.0, 32.0, 32.0, 32.0, 32.0, 32.0, 32.0, 32.0, 32.0, 32.0, 32.0, 32.0, 32.0, 32.0, 32.0, 32.0, 32.0, 32.0, 32.0, 32.0, 32.0, 32.0, 32.0, 32.0, 32.0, 32.0, 32.0, 32.0, 32.0, 32.0, 32.0, 32.0, 32.0, 32.0, 32.0, 32.0, 32.0, 32.0, 32.0, 32.0, 32.0, 32.0, 32.0, 32.0, 32.0, 32.0, 32.0, 32.0, 32.0, 32.0, 32.0, 32.0, 32.0, 32.0, 32.0, 32.0, 32.0, 32.0, 32.0, 32.0, 32.0, 32.0, 32.0, 32.0, 32.0, 32.0, 32.0, 32.0, 32.0, 32.0, 32.0, 32.0, 32.0, 32.0, 32.0, 32.0, 32.0, 32.0, 32.0, 32.0, 32.0, 32.0, 32.0, 32.0, 32.0, 32.0, 32.0, 32.0, 32.0, 32.0, 32.0, 32.0, 32.0, 32.0, 32.0, 32.0, 32.0, 32.0, 32.0, 32.0, 32.0, 32.0, 32.0, 32.0, 32.0, 32.0, 32.0, 32.0, 32.0, 32.0, 32.0, 32.0, 32.0, 32.0, 32.0, 32.0, 32.0, 32.0, 32.0, 32.0, 32.0, 32.0, 32.0, 32.0, 32.0, 32.0, 32.0, 32.0, 32.0, 32.0, 32.0, 32.0, 32.0, 32.0, 32.0, 32.0, 32.0, 32.0, 32.0, 32.0, 32.0, 32.0, 32.0, 32.0, 32.0, 32.0, 32.0, 32.0, 32.0, 32.0, 32.0, 32.0, 32.0, 32.0, 32.0, 32.0, 32.0, 32.0, 32.0, 32.0, 32.0, 32.0, 32.0, 32.0, 32.0, 32.0, 32.0, 32.0, 32.0, 32.0, 32.0, 32.0, 32.0, 32.0, 32.0, 32.0, 32.0, 32.0, 32.0, 32.0, 32.0, 32.0, 32.0, 32.0, 32.0, 32.0, 32.0, 32.0, 32.0, 32.0, 32.0, 32.0, 32.0, 32.0, 32.0, 32.0, 32.0, 32.0, 32.0, 32.0, 32.0, 32.0, 32.0, 32.0, 32.0, 32.0, 32.0, 32.0, 32.0, 32.0, 32.0, 32.0, 32.0, 32.0, 32.0, 32.0, 32.0, 32.0, 32.0, 32.0, 32.0, 32.0, 32.0, 32.0, 32.0, 32.0, 32.0, 32.0, 32.0, 32.0, 32.0, 32.0, 32.0, 32.0, 32.0, 32.0, 32.0, 32.0, 32.0, 32.0, 32.0, 32.0, 32.0, 32.0, 32.0, 32.0, 32.0, 32.0, 32.0, 32.0, 32.0, 32.0, 32.0, 32.0, 32.0, 32.0, 32.0, 32.0, 32.0, 32.0, 32.0, 32.0, 32.0, 32.0, 32.0, 32.0, 32.0, 32.0, 32.0, 32.0, 32.0, 32.0, 32.0, 32.0, 32.0, 32.0, 32.0, 32.0, 32.0, 32.0, 32.0, 32.0, 32.0, 32.0, 32.0, 32.0]",COMPLETE
54,54,0.6864396954824747,2024-08-31 03:01:14.117619,2024-08-31 03:02:47.622413,0 days 00:01:33.504794,16,0.034379234199847654,6,40,0.21022998419928832,91,0.00011124928957571825,0.859,0.85875,33,"[33, 33, 33, 33, 33, 33, 33, 33, 33, 33, 33, 33, 33, 33, 33, 33, 33, 33, 33, 33, 33, 33, 33, 33, 33, 33, 33, 33, 33, 33, 33, 33, 33, 33, 33, 33, 33, 33, 33, 33]",32.90144775859061,"[32.90162218733647, 32.89638932496075, 32.896912611198324, 32.89481946624804, 32.89516832373975, 32.89534275248561, 32.894121751264606, 32.89638932496075, 32.897610326181756, 32.898482469911045, 32.89778475492761, 32.89813361241933, 32.89586603872318, 32.898482469911045, 32.89726146869004, 32.89900575614861, 32.898656898656895, 32.899529042386185, 32.89813361241933, 32.8974358974359, 32.89726146869004, 32.89883132740275, 32.89551718123147, 32.89673818245247, 32.89464503750219, 32.896563753706616, 32.89377289377289, 32.89499389499389, 32.89761032618175, 32.89708703994418, 32.89621489621489, 32.89708703994418, 32.90092447235304, 32.9010989010989, 32.90197104482819, 32.90301761730333, 32.90371533228676, 32.9010989010989, 32.90266875981161, 32.90144775859061]",0.7179220436100034,0.6864396954824747,33,"[33, 33, 33, 33, 33, 33, 33, 33, 33, 33, 33, 33, 33, 33, 33, 33, 33, 33, 33, 33, 33, 33, 33, 33, 33, 33, 33, 33, 33, 33, 33, 33, 33, 33, 33, 33, 33, 33, 33, 33]",40,"[0.6326166391372681, 0.5315124988555908, 0.47898048162460327, 0.449930340051651, 0.43307873606681824, 0.422775000333786, 0.4160974621772766, 0.4117022752761841, 0.4085746705532074, 0.4063090980052948, 0.40460291504859924, 0.40331339836120605, 0.40226298570632935, 0.40138038992881775, 0.4006425738334656, 0.39999693632125854, 0.3994012475013733, 0.3988634943962097, 0.398372083902359, 0.3978961706161499, 0.3974553346633911, 0.3970198333263397, 0.39660149812698364, 0.3961740732192993, 0.39576950669288635, 0.39537909626960754, 0.3950037360191345, 0.3946281671524048, 0.39425140619277954, 0.3938773274421692, 0.39352911710739136, 0.3931690454483032, 0.39283332228660583, 0.3924926817417145, 0.3921602964401245, 0.391842246055603, 0.391519695520401, 0.39119935035705566, 0.3908768892288208, 0.3905726969242096]",33.0,"[33.0, 33.0, 33.0, 33.0, 33.0, 33.0, 33.0, 33.0, 33.0, 33.0, 33.0, 33.0, 33.0, 33.0, 33.0, 33.0, 33.0, 33.0, 33.0, 33.0, 33.0, 33.0, 33.0, 33.0, 33.0, 33.0, 33.0, 33.0, 33.0, 33.0, 33.0, 33.0, 33.0, 33.0, 33.0, 33.0, 33.0, 33.0, 33.0, 33.0]",COMPLETE
