,number,value,datetime_start,datetime_complete,duration,params_batch_size_scaler,params_constant_learning_rate,params_depth,params_epochs,params_kernel_l2,params_num_trees,params_temperature,user_attrs_accuracy_test,user_attrs_accuracy_valid,user_attrs_approximate_feature_sparsity,user_attrs_approximate_feature_sparsity_history,user_attrs_approximate_weight_sparsity,user_attrs_approximate_weight_sparsity_history,user_attrs_auc_test,user_attrs_auc_valid,user_attrs_feature_sparsity,user_attrs_feature_sparsity_history,user_attrs_num_epochs,user_attrs_val_loss_history,user_attrs_weight_sparsity,user_attrs_weight_sparsity_history,state
145,145,0.5,2024-08-31 05:45:09.589639,2024-08-31 05:48:40.962559,0 days 00:03:31.372920,64,1.0950770254367992,5,500,0.0047224808652301525,68,0.09181571874388841,0.859,0.85875,0,"[1, 0, 0, 0, 0, 0, 0, 0, 0, 0, 0, 0, 0, 0, 0, 0, 0, 0, 0, 0, 0, 0, 0, 0, 0, 0, 0, 0, 0, 0, 0, 0, 0, 0, 0, 0, 0, 0, 0, 0, 0, 0, 0, 0, 0, 0, 0, 0, 0, 0, 0, 0, 0, 0, 0, 0, 0, 0, 0, 0, 0, 0, 0, 0, 0, 0, 0, 0, 0, 0, 0, 0, 0, 0, 0, 0, 0, 0, 0, 0, 0, 0, 0, 0, 0, 0, 0, 0, 0, 0, 0, 0, 0, 0, 0, 0, 0, 0, 0, 0, 0, 0, 0, 0, 0, 0, 0, 0, 0, 0, 0, 0, 0, 0, 0, 0, 0, 0, 0, 0, 0, 0, 0, 0, 0, 0, 0, 0, 0, 0, 0, 0, 0, 0, 0, 0, 0, 0, 0, 0, 0, 0, 0, 0, 0, 0, 0, 0, 0, 0, 0, 0, 0, 0, 0, 0, 0, 0, 0, 0, 0, 0, 0, 0, 0, 0, 0, 0, 0, 0, 0, 0, 0, 0, 0, 0, 0, 0, 0, 0, 0, 0, 0, 0, 0, 0, 0, 0, 0, 0, 0, 0, 0, 0, 0, 0, 0, 0, 0, 0, 0, 0, 0, 0, 0, 0, 0, 0, 0, 0, 0, 0, 0, 0, 0, 0, 0, 0, 0, 0, 0, 0, 0, 0, 0, 0, 0, 0, 0, 0, 0, 0, 0, 0, 0, 0, 0, 0, 0, 0, 0, 0, 0, 0, 0, 0, 0, 0, 0, 0, 0, 0, 0, 0, 0, 0, 0, 0, 0, 0, 0, 0, 0, 0, 0, 0, 0, 0, 0, 0, 0, 0, 0, 0, 0, 0, 0, 0, 0, 0, 0, 0, 0, 0, 0, 0, 0, 0, 0, 0, 0, 0, 0, 0, 0, 0, 0, 0, 0, 0, 0, 0, 0, 0, 0, 0, 0, 0, 0, 0, 0, 0, 0, 0, 0, 0, 0, 0, 0, 0, 0, 0, 0, 0, 0, 0, 0, 0, 0, 0, 0, 0, 0, 0, 0, 0, 0, 0, 0, 0, 0, 0, 0, 0, 0, 0, 0, 0, 0, 0, 0, 0, 0, 0, 0, 0, 0, 0, 0, 0, 0, 0, 0, 0, 0, 0, 0, 0, 0, 0, 0, 0, 0, 0, 0, 0, 0, 0, 0, 0, 0, 0, 0, 0, 0, 0, 0, 0, 0, 0, 0, 0, 0, 0, 0, 0, 0, 0, 0, 0, 0, 0, 0, 0, 0, 0, 0, 0, 0, 0, 0, 0, 0, 0, 0, 0, 0, 0, 0, 0, 0, 0, 0, 0, 0, 0, 0, 0, 0, 0, 0, 0, 0, 0, 0, 0, 0, 0, 0, 0, 0, 0, 0, 0, 0, 0, 0, 0, 0, 0, 0, 0, 0, 0, 0, 0, 0, 0, 0, 0, 0, 0, 0, 0, 0, 0, 0, 0, 0, 0, 0, 0, 0, 0, 0, 0, 0, 0, 0, 0, 0, 0, 0, 0, 0, 0, 0, 0, 0, 0, 0, 0, 0, 0, 0, 0, 0, 0, 0, 0]",0.0,"[0.9981024667931688, 0.0, 0.0, 0.0, 0.0, 0.0, 0.0, 0.0, 0.0, 0.0, 0.0, 0.0, 0.0, 0.0, 0.0, 0.0, 0.0, 0.0, 0.0, 0.0, 0.0, 0.0, 0.0, 0.0, 0.0, 0.0, 0.0, 0.0, 0.0, 0.0, 0.0, 0.0, 0.0, 0.0, 0.0, 0.0, 0.0, 0.0, 0.0, 0.0, 0.0, 0.0, 0.0, 0.0, 0.0, 0.0, 0.0, 0.0, 0.0, 0.0, 0.0, 0.0, 0.0, 0.0, 0.0, 0.0, 0.0, 0.0, 0.0, 0.0, 0.0, 0.0, 0.0, 0.0, 0.0, 0.0, 0.0, 0.0, 0.0, 0.0, 0.0, 0.0, 0.0, 0.0, 0.0, 0.0, 0.0, 0.0, 0.0, 0.0, 0.0, 0.0, 0.0, 0.0, 0.0, 0.0, 0.0, 0.0, 0.0, 0.0, 0.0, 0.0, 0.0, 0.0, 0.0, 0.0, 0.0, 0.0, 0.0, 0.0, 0.0, 0.0, 0.0, 0.0, 0.0, 0.0, 0.0, 0.0, 0.0, 0.0, 0.0, 0.0, 0.0, 0.0, 0.0, 0.0, 0.0, 0.0, 0.0, 0.0, 0.0, 0.0, 0.0, 0.0, 0.0, 0.0, 0.0, 0.0, 0.0, 0.0, 0.0, 0.0, 0.0, 0.0, 0.0, 0.0, 0.0, 0.0, 0.0, 0.0, 0.0, 0.0, 0.0, 0.0, 0.0, 0.0, 0.0, 0.0, 0.0, 0.0, 0.0, 0.0, 0.0, 0.0, 0.0, 0.0, 0.0, 0.0, 0.0, 0.0, 0.0, 0.0, 0.0, 0.0, 0.0, 0.0, 0.0, 0.0, 0.0, 0.0, 0.0, 0.0, 0.0, 0.0, 0.0, 0.0, 0.0, 0.0, 0.0, 0.0, 0.0, 0.0, 0.0, 0.0, 0.0, 0.0, 0.0, 0.0, 0.0, 0.0, 0.0, 0.0, 0.0, 0.0, 0.0, 0.0, 0.0, 0.0, 0.0, 0.0, 0.0, 0.0, 0.0, 0.0, 0.0, 0.0, 0.0, 0.0, 0.0, 0.0, 0.0, 0.0, 0.0, 0.0, 0.0, 0.0, 0.0, 0.0, 0.0, 0.0, 0.0, 0.0, 0.0, 0.0, 0.0, 0.0, 0.0, 0.0, 0.0, 0.0, 0.0, 0.0, 0.0, 0.0, 0.0, 0.0, 0.0, 0.0, 0.0, 0.0, 0.0, 0.0, 0.0, 0.0, 0.0, 0.0, 0.0, 0.0, 0.0, 0.0, 0.0, 0.0, 0.0, 0.0, 0.0, 0.0, 0.0, 0.0, 0.0, 0.0, 0.0, 0.0, 0.0, 0.0, 0.0, 0.0, 0.0, 0.0, 0.0, 0.0, 0.0, 0.0, 0.0, 0.0, 0.0, 0.0, 0.0, 0.0, 0.0, 0.0, 0.0, 0.0, 0.0, 0.0, 0.0, 0.0, 0.0, 0.0, 0.0, 0.0, 0.0, 0.0, 0.0, 0.0, 0.0, 0.0, 0.0, 0.0, 0.0, 0.0, 0.0, 0.0, 0.0, 0.0, 0.0, 0.0, 0.0, 0.0, 0.0, 0.0, 0.0, 0.0, 0.0, 0.0, 0.0, 0.0, 0.0, 0.0, 0.0, 0.0, 0.0, 0.0, 0.0, 0.0, 0.0, 0.0, 0.0, 0.0, 0.0, 0.0, 0.0, 0.0, 0.0, 0.0, 0.0, 0.0, 0.0, 0.0, 0.0, 0.0, 0.0, 0.0, 0.0, 0.0, 0.0, 0.0, 0.0, 0.0, 0.0, 0.0, 0.0, 0.0, 0.0, 0.0, 0.0, 0.0, 0.0, 0.0, 0.0, 0.0, 0.0, 0.0, 0.0, 0.0, 0.0, 0.0, 0.0, 0.0, 0.0, 0.0, 0.0, 0.0, 0.0, 0.0, 0.0, 0.0, 0.0, 0.0, 0.0, 0.0, 0.0, 0.0, 0.0, 0.0, 0.0, 0.0, 0.0, 0.0, 0.0, 0.0, 0.0, 0.0, 0.0, 0.0, 0.0, 0.0, 0.0, 0.0, 0.0, 0.0, 0.0, 0.0, 0.0, 0.0, 0.0, 0.0, 0.0, 0.0, 0.0, 0.0, 0.0, 0.0, 0.0, 0.0, 0.0, 0.0, 0.0, 0.0, 0.0, 0.0, 0.0, 0.0, 0.0, 0.0, 0.0, 0.0, 0.0, 0.0, 0.0, 0.0, 0.0, 0.0, 0.0, 0.0, 0.0, 0.0, 0.0, 0.0, 0.0, 0.0, 0.0, 0.0, 0.0, 0.0, 0.0, 0.0, 0.0, 0.0, 0.0, 0.0, 0.0, 0.0, 0.0, 0.0, 0.0, 0.0, 0.0, 0.0, 0.0, 0.0, 0.0, 0.0, 0.0, 0.0, 0.0, 0.0, 0.0, 0.0, 0.0, 0.0, 0.0, 0.0, 0.0, 0.0, 0.0, 0.0, 0.0, 0.0, 0.0, 0.0, 0.0, 0.0, 0.0, 0.0, 0.0, 0.0, 0.0, 0.0, 0.0, 0.0, 0.0, 0.0, 0.0, 0.0, 0.0, 0.0, 0.0, 0.0, 0.0, 0.0]",0.5,0.5,0,"[1, 0, 0, 0, 0, 0, 0, 0, 0, 0, 0, 0, 0, 0, 0, 0, 0, 0, 0, 0, 0, 0, 0, 0, 0, 0, 0, 0, 0, 0, 0, 0, 0, 0, 0, 0, 0, 0, 0, 0, 0, 0, 0, 0, 0, 0, 0, 0, 0, 0, 0, 0, 0, 0, 0, 0, 0, 0, 0, 0, 0, 0, 0, 0, 0, 0, 0, 0, 0, 0, 0, 0, 0, 0, 0, 0, 0, 0, 0, 0, 0, 0, 0, 0, 0, 0, 0, 0, 0, 0, 0, 0, 0, 0, 0, 0, 0, 0, 0, 0, 0, 0, 0, 0, 0, 0, 0, 0, 0, 0, 0, 0, 0, 0, 0, 0, 0, 0, 0, 0, 0, 0, 0, 0, 0, 0, 0, 0, 0, 0, 0, 0, 0, 0, 0, 0, 0, 0, 0, 0, 0, 0, 0, 0, 0, 0, 0, 0, 0, 0, 0, 0, 0, 0, 0, 0, 0, 0, 0, 0, 0, 0, 0, 0, 0, 0, 0, 0, 0, 0, 0, 0, 0, 0, 0, 0, 0, 0, 0, 0, 0, 0, 0, 0, 0, 0, 0, 0, 0, 0, 0, 0, 0, 0, 0, 0, 0, 0, 0, 0, 0, 0, 0, 0, 0, 0, 0, 0, 0, 0, 0, 0, 0, 0, 0, 0, 0, 0, 0, 0, 0, 0, 0, 0, 0, 0, 0, 0, 0, 0, 0, 0, 0, 0, 0, 0, 0, 0, 0, 0, 0, 0, 0, 0, 0, 0, 0, 0, 0, 0, 0, 0, 0, 0, 0, 0, 0, 0, 0, 0, 0, 0, 0, 0, 0, 0, 0, 0, 0, 0, 0, 0, 0, 0, 0, 0, 0, 0, 0, 0, 0, 0, 0, 0, 0, 0, 0, 0, 0, 0, 0, 0, 0, 0, 0, 0, 0, 0, 0, 0, 0, 0, 0, 0, 0, 0, 0, 0, 0, 0, 0, 0, 0, 0, 0, 0, 0, 0, 0, 0, 0, 0, 0, 0, 0, 0, 0, 0, 0, 0, 0, 0, 0, 0, 0, 0, 0, 0, 0, 0, 0, 0, 0, 0, 0, 0, 0, 0, 0, 0, 0, 0, 0, 0, 0, 0, 0, 0, 0, 0, 0, 0, 0, 0, 0, 0, 0, 0, 0, 0, 0, 0, 0, 0, 0, 0, 0, 0, 0, 0, 0, 0, 0, 0, 0, 0, 0, 0, 0, 0, 0, 0, 0, 0, 0, 0, 0, 0, 0, 0, 0, 0, 0, 0, 0, 0, 0, 0, 0, 0, 0, 0, 0, 0, 0, 0, 0, 0, 0, 0, 0, 0, 0, 0, 0, 0, 0, 0, 0, 0, 0, 0, 0, 0, 0, 0, 0, 0, 0, 0, 0, 0, 0, 0, 0, 0, 0, 0, 0, 0, 0, 0, 0, 0, 0, 0, 0, 0, 0, 0, 0, 0, 0, 0, 0, 0, 0, 0, 0, 0, 0, 0, 0, 0, 0, 0, 0, 0, 0, 0, 0, 0, 0, 0, 0, 0, 0, 0, 0, 0, 0, 0, 0, 0, 0, 0, 0, 0, 0, 0]",500,"[0.40967386960983276, 0.407505601644516, 0.4083331823348999, 0.4084217846393585, 0.4082542061805725, 0.4124760329723358, 0.40739622712135315, 0.4080828130245209, 0.40881338715553284, 0.4093717336654663, 0.40779632329940796, 0.40818312764167786, 0.4073941111564636, 0.4083396792411804, 0.4083784520626068, 0.40767210721969604, 0.4072558581829071, 0.40906861424446106, 0.4134936034679413, 0.40801846981048584, 0.4073716104030609, 0.4075148105621338, 0.4073423147201538, 0.4075934588909149, 0.4074002802371979, 0.40722694993019104, 0.4073362648487091, 0.41699668765068054, 0.41010186076164246, 0.40766775608062744, 0.40735122561454773, 0.4072341024875641, 0.40890321135520935, 0.4109407663345337, 0.4072906970977783, 0.40870383381843567, 0.4072304666042328, 0.4072306454181671, 0.4076026678085327, 0.40735626220703125, 0.4082774221897125, 0.40759846568107605, 0.40722647309303284, 0.4076533913612366, 0.4078485369682312, 0.40731674432754517, 0.4080702066421509, 0.40730154514312744, 0.407316118478775, 0.40822142362594604, 0.41027331352233887, 0.4072962999343872, 0.40788283944129944, 0.4073239862918854, 0.4074839651584625, 0.4073673188686371, 0.40780821442604065, 0.4073624312877655, 0.41004353761672974, 0.4086518883705139, 0.40733641386032104, 0.40731850266456604, 0.4078081548213959, 0.40951207280158997, 0.40831881761550903, 0.40886932611465454, 0.4084383249282837, 0.4073154330253601, 0.40737006068229675, 0.40744727849960327, 0.407430499792099, 0.40961048007011414, 0.40808653831481934, 0.4092627763748169, 0.40727221965789795, 0.40733614563941956, 0.4079248905181885, 0.41026389598846436, 0.4078841507434845, 0.4083900451660156, 0.4075356423854828, 0.4073455035686493, 0.4086153507232666, 0.40771597623825073, 0.40815940499305725, 0.4079113304615021, 0.40726250410079956, 0.4078052043914795, 0.4084690809249878, 0.4115126430988312, 0.4076329171657562, 0.40839290618896484, 0.40746617317199707, 0.407237708568573, 0.4073066711425781, 0.40746140480041504, 0.4082924723625183, 0.40735527873039246, 0.4077678322792053, 0.40880194306373596, 0.40725943446159363, 0.40722715854644775, 0.40786707401275635, 0.4081328213214874, 0.407756507396698, 0.407338410615921, 0.4077965021133423, 0.4072912931442261, 0.40842220187187195, 0.4107077121734619, 0.4091936945915222, 0.4073448181152344, 0.4080604612827301, 0.4077188968658447, 0.40733474493026733, 0.4093886911869049, 0.4076075851917267, 0.4072335362434387, 0.40722692012786865, 0.40739601850509644, 0.40917304158210754, 0.4081597924232483, 0.407231867313385, 0.4080156087875366, 0.4077427387237549, 0.4110664427280426, 0.40823304653167725, 0.40724173188209534, 0.4107360541820526, 0.4086321294307709, 0.4073409140110016, 0.40805304050445557, 0.41253241896629333, 0.40788817405700684, 0.4072379171848297, 0.4081348180770874, 0.4072602093219757, 0.40723198652267456, 0.4092913568019867, 0.40723225474357605, 0.40779900550842285, 0.4082328677177429, 0.40906432271003723, 0.4084319770336151, 0.4072723388671875, 0.40728119015693665, 0.40848419070243835, 0.4077671468257904, 0.40802833437919617, 0.4077143371105194, 0.4075124263763428, 0.40726950764656067, 0.40729057788848877, 0.4085167646408081, 0.40748390555381775, 0.40745270252227783, 0.40830472111701965, 0.40933093428611755, 0.40773123502731323, 0.4094383120536804, 0.4074874222278595, 0.4096704125404358, 0.4080837368965149, 0.41083475947380066, 0.40794724225997925, 0.4128425717353821, 0.407230406999588, 0.41043633222579956, 0.4132988750934601, 0.4072999060153961, 0.4072277843952179, 0.4092434048652649, 0.4078413248062134, 0.40959128737449646, 0.40922999382019043, 0.4077899158000946, 0.40968936681747437, 0.40898454189300537, 0.4072306156158447, 0.4079168736934662, 0.4073013365268707, 0.4079988896846771, 0.4073772728443146, 0.409079909324646, 0.40742751955986023, 0.40751853585243225, 0.40780213475227356, 0.4158022403717041, 0.40795671939849854, 0.408976286649704, 0.40730026364326477, 0.40992656350135803, 0.40757015347480774, 0.4090235233306885, 0.4080906808376312, 0.4097924530506134, 0.41255027055740356, 0.40725067257881165, 0.4074687659740448, 0.41007938981056213, 0.40729981660842896, 0.40741658210754395, 0.40728387236595154, 0.4082397520542145, 0.40815314650535583, 0.4093015193939209, 0.41079482436180115, 0.4072290062904358, 0.4073217809200287, 0.4111315906047821, 0.40984901785850525, 0.4109209477901459, 0.4072449207305908, 0.40784144401550293, 0.4073113203048706, 0.4073830544948578, 0.4112493097782135, 0.40736329555511475, 0.4079350531101227, 0.4076312184333801, 0.407622367143631, 0.40726086497306824, 0.40861427783966064, 0.40829622745513916, 0.4072341024875641, 0.4080592393875122, 0.40752583742141724, 0.4074918329715729, 0.40931278467178345, 0.40844467282295227, 0.4074264466762543, 0.4075564444065094, 0.40768760442733765, 0.4077339172363281, 0.4110278785228729, 0.40922972559928894, 0.40743377804756165, 0.407327800989151, 0.40803033113479614, 0.40727120637893677, 0.40995922684669495, 0.40787506103515625, 0.40730881690979004, 0.4072366952896118, 0.40727242827415466, 0.4074074923992157, 0.40871742367744446, 0.4075106680393219, 0.4089682698249817, 0.4075400233268738, 0.40736639499664307, 0.40746960043907166, 0.4083428978919983, 0.41046974062919617, 0.40768444538116455, 0.4072270691394806, 0.40789803862571716, 0.4075425863265991, 0.4074735641479492, 0.4096269905567169, 0.4072574973106384, 0.40763312578201294, 0.407377690076828, 0.40765923261642456, 0.40752604603767395, 0.41099411249160767, 0.4079280197620392, 0.4072400629520416, 0.4096607267856598, 0.40725845098495483, 0.40951815247535706, 0.4088505208492279, 0.4074154794216156, 0.4072333872318268, 0.4102967381477356, 0.40729522705078125, 0.40836966037750244, 0.40784552693367004, 0.40998536348342896, 0.4081553518772125, 0.4076913595199585, 0.4082583487033844, 0.40913933515548706, 0.4073425233364105, 0.40729519724845886, 0.41106781363487244, 0.40789321064949036, 0.4078608751296997, 0.4083404541015625, 0.407482385635376, 0.4103910028934479, 0.41038987040519714, 0.4143596589565277, 0.4078024923801422, 0.4082259237766266, 0.408025324344635, 0.40779396891593933, 0.4072621464729309, 0.41022202372550964, 0.40775802731513977, 0.40753448009490967, 0.40858355164527893, 0.40800121426582336, 0.4072352349758148, 0.409597784280777, 0.40840157866477966, 0.40770775079727173, 0.4072265625, 0.40724459290504456, 0.40975356101989746, 0.4089069664478302, 0.40733417868614197, 0.40814656019210815, 0.407294362783432, 0.40923964977264404, 0.4075799584388733, 0.4078710973262787, 0.41013869643211365, 0.40767768025398254, 0.4091462790966034, 0.4072502851486206, 0.4073129892349243, 0.4072777032852173, 0.4128567576408386, 0.40803879499435425, 0.4072323739528656, 0.4074333906173706, 0.4075089991092682, 0.4090295433998108, 0.40739548206329346, 0.408720463514328, 0.40742626786231995, 0.4072333574295044, 0.40951085090637207, 0.407255083322525, 0.408141165971756, 0.4074414074420929, 0.41105109453201294, 0.4081624150276184, 0.40760552883148193, 0.4074380397796631, 0.4075601100921631, 0.41364237666130066, 0.40722617506980896, 0.4073934257030487, 0.4137797951698303, 0.4086626470088959, 0.411246657371521, 0.40724995732307434, 0.407240092754364, 0.42765048146247864, 0.40722671151161194, 0.4072433412075043, 0.41303977370262146, 0.41000184416770935, 0.40853190422058105, 0.40792715549468994, 0.40724068880081177, 0.408029168844223, 0.40810203552246094, 0.41098225116729736, 0.40723884105682373, 0.4072325527667999, 0.4072624444961548, 0.40857207775115967, 0.40733376145362854, 0.4077586233615875, 0.4114267826080322, 0.40727972984313965, 0.407226026058197, 0.4084382951259613, 0.4074547290802002, 0.40726059675216675, 0.40756744146347046, 0.40877777338027954, 0.40761446952819824, 0.4076768457889557, 0.4073539972305298, 0.407755047082901, 0.40737003087997437, 0.40908747911453247, 0.4075028598308563, 0.40729036927223206, 0.4076709747314453, 0.40822556614875793, 0.407670259475708, 0.40763935446739197, 0.4092135727405548, 0.4072497487068176, 0.4081679582595825, 0.4072766602039337, 0.4074784219264984, 0.4093113839626312, 0.40855109691619873, 0.408741295337677, 0.4073423147201538, 0.40801236033439636, 0.407554030418396, 0.4083510637283325, 0.40746739506721497, 0.4073523283004761, 0.4103051722049713, 0.407608300447464, 0.40876609086990356, 0.4073032736778259, 0.4074607789516449, 0.40725255012512207, 0.4112655222415924, 0.4091896712779999, 0.4094635844230652, 0.40728309750556946, 0.40746986865997314, 0.4078778028488159, 0.40827736258506775, 0.4082678258419037, 0.4080449938774109, 0.40733733773231506, 0.4072261154651642, 0.40724360942840576, 0.40722668170928955, 0.4072303771972656, 0.4076632559299469, 0.4085787236690521, 0.40830370783805847, 0.40740013122558594, 0.4072328805923462, 0.4081050157546997, 0.4099155366420746, 0.40819600224494934, 0.40731894969940186, 0.40724608302116394, 0.4130081236362457, 0.4080529808998108, 0.40863677859306335, 0.40894263982772827, 0.40732496976852417, 0.4082501232624054, 0.4099239408969879, 0.40723010897636414, 0.41184303164482117, 0.4072347581386566, 0.40761664509773254, 0.41141974925994873, 0.40859925746917725, 0.41105934977531433, 0.4078267812728882, 0.4080829620361328, 0.4082307517528534, 0.4085569679737091, 0.4088831841945648, 0.4074254631996155, 0.40785840153694153, 0.4074886441230774, 0.40940773487091064, 0.4074069857597351, 0.4075202941894531, 0.4083389937877655, 0.40753471851348877, 0.4127771854400635, 0.40858539938926697, 0.40727734565734863, 0.4085679352283478, 0.4072265625, 0.41059890389442444, 0.40733951330184937, 0.40866535902023315, 0.40927138924598694, 0.4089006185531616, 0.4073188006877899, 0.40726861357688904, 0.4076298475265503, 0.40722984075546265, 0.41107794642448425, 0.4077199697494507, 0.4099581837654114, 0.40727126598358154, 0.40724316239356995, 0.4080730676651001, 0.40753188729286194, 0.407288521528244, 0.4079222083091736, 0.4084089696407318, 0.407632440328598, 0.4091893434524536, 0.40727096796035767, 0.4080978333950043, 0.40798619389533997, 0.41204795241355896, 0.407551109790802, 0.408530056476593, 0.4078567624092102, 0.4082964360713959, 0.4073556661605835, 0.40723976492881775, 0.4074035882949829, 0.40753594040870667, 0.40886348485946655, 0.40951523184776306, 0.40728142857551575, 0.4080997407436371]",0.0,"[1.0, 0.0, 0.0, 0.0, 0.0, 0.0, 0.0, 0.0, 0.0, 0.0, 0.0, 0.0, 0.0, 0.0, 0.0, 0.0, 0.0, 0.0, 0.0, 0.0, 0.0, 0.0, 0.0, 0.0, 0.0, 0.0, 0.0, 0.0, 0.0, 0.0, 0.0, 0.0, 0.0, 0.0, 0.0, 0.0, 0.0, 0.0, 0.0, 0.0, 0.0, 0.0, 0.0, 0.0, 0.0, 0.0, 0.0, 0.0, 0.0, 0.0, 0.0, 0.0, 0.0, 0.0, 0.0, 0.0, 0.0, 0.0, 0.0, 0.0, 0.0, 0.0, 0.0, 0.0, 0.0, 0.0, 0.0, 0.0, 0.0, 0.0, 0.0, 0.0, 0.0, 0.0, 0.0, 0.0, 0.0, 0.0, 0.0, 0.0, 0.0, 0.0, 0.0, 0.0, 0.0, 0.0, 0.0, 0.0, 0.0, 0.0, 0.0, 0.0, 0.0, 0.0, 0.0, 0.0, 0.0, 0.0, 0.0, 0.0, 0.0, 0.0, 0.0, 0.0, 0.0, 0.0, 0.0, 0.0, 0.0, 0.0, 0.0, 0.0, 0.0, 0.0, 0.0, 0.0, 0.0, 0.0, 0.0, 0.0, 0.0, 0.0, 0.0, 0.0, 0.0, 0.0, 0.0, 0.0, 0.0, 0.0, 0.0, 0.0, 0.0, 0.0, 0.0, 0.0, 0.0, 0.0, 0.0, 0.0, 0.0, 0.0, 0.0, 0.0, 0.0, 0.0, 0.0, 0.0, 0.0, 0.0, 0.0, 0.0, 0.0, 0.0, 0.0, 0.0, 0.0, 0.0, 0.0, 0.0, 0.0, 0.0, 0.0, 0.0, 0.0, 0.0, 0.0, 0.0, 0.0, 0.0, 0.0, 0.0, 0.0, 0.0, 0.0, 0.0, 0.0, 0.0, 0.0, 0.0, 0.0, 0.0, 0.0, 0.0, 0.0, 0.0, 0.0, 0.0, 0.0, 0.0, 0.0, 0.0, 0.0, 0.0, 0.0, 0.0, 0.0, 0.0, 0.0, 0.0, 0.0, 0.0, 0.0, 0.0, 0.0, 0.0, 0.0, 0.0, 0.0, 0.0, 0.0, 0.0, 0.0, 0.0, 0.0, 0.0, 0.0, 0.0, 0.0, 0.0, 0.0, 0.0, 0.0, 0.0, 0.0, 0.0, 0.0, 0.0, 0.0, 0.0, 0.0, 0.0, 0.0, 0.0, 0.0, 0.0, 0.0, 0.0, 0.0, 0.0, 0.0, 0.0, 0.0, 0.0, 0.0, 0.0, 0.0, 0.0, 0.0, 0.0, 0.0, 0.0, 0.0, 0.0, 0.0, 0.0, 0.0, 0.0, 0.0, 0.0, 0.0, 0.0, 0.0, 0.0, 0.0, 0.0, 0.0, 0.0, 0.0, 0.0, 0.0, 0.0, 0.0, 0.0, 0.0, 0.0, 0.0, 0.0, 0.0, 0.0, 0.0, 0.0, 0.0, 0.0, 0.0, 0.0, 0.0, 0.0, 0.0, 0.0, 0.0, 0.0, 0.0, 0.0, 0.0, 0.0, 0.0, 0.0, 0.0, 0.0, 0.0, 0.0, 0.0, 0.0, 0.0, 0.0, 0.0, 0.0, 0.0, 0.0, 0.0, 0.0, 0.0, 0.0, 0.0, 0.0, 0.0, 0.0, 0.0, 0.0, 0.0, 0.0, 0.0, 0.0, 0.0, 0.0, 0.0, 0.0, 0.0, 0.0, 0.0, 0.0, 0.0, 0.0, 0.0, 0.0, 0.0, 0.0, 0.0, 0.0, 0.0, 0.0, 0.0, 0.0, 0.0, 0.0, 0.0, 0.0, 0.0, 0.0, 0.0, 0.0, 0.0, 0.0, 0.0, 0.0, 0.0, 0.0, 0.0, 0.0, 0.0, 0.0, 0.0, 0.0, 0.0, 0.0, 0.0, 0.0, 0.0, 0.0, 0.0, 0.0, 0.0, 0.0, 0.0, 0.0, 0.0, 0.0, 0.0, 0.0, 0.0, 0.0, 0.0, 0.0, 0.0, 0.0, 0.0, 0.0, 0.0, 0.0, 0.0, 0.0, 0.0, 0.0, 0.0, 0.0, 0.0, 0.0, 0.0, 0.0, 0.0, 0.0, 0.0, 0.0, 0.0, 0.0, 0.0, 0.0, 0.0, 0.0, 0.0, 0.0, 0.0, 0.0, 0.0, 0.0, 0.0, 0.0, 0.0, 0.0, 0.0, 0.0, 0.0, 0.0, 0.0, 0.0, 0.0, 0.0, 0.0, 0.0, 0.0, 0.0, 0.0, 0.0, 0.0, 0.0, 0.0, 0.0, 0.0, 0.0, 0.0, 0.0, 0.0, 0.0, 0.0, 0.0, 0.0, 0.0, 0.0, 0.0, 0.0, 0.0, 0.0, 0.0, 0.0, 0.0, 0.0, 0.0, 0.0, 0.0, 0.0, 0.0, 0.0, 0.0, 0.0, 0.0, 0.0, 0.0, 0.0, 0.0, 0.0, 0.0, 0.0, 0.0, 0.0, 0.0, 0.0, 0.0, 0.0, 0.0, 0.0, 0.0, 0.0, 0.0, 0.0, 0.0, 0.0, 0.0, 0.0, 0.0, 0.0, 0.0, 0.0, 0.0, 0.0, 0.0, 0.0, 0.0, 0.0, 0.0]",COMPLETE
