,number,value,datetime_start,datetime_complete,duration,params_batch_size_scaler,params_constant_learning_rate,params_depth,params_epochs,params_kernel_l2,params_num_trees,params_temperature,user_attrs_accuracy_test,user_attrs_accuracy_valid,user_attrs_approximate_feature_sparsity,user_attrs_approximate_feature_sparsity_history,user_attrs_approximate_weight_sparsity,user_attrs_approximate_weight_sparsity_history,user_attrs_auc_test,user_attrs_auc_valid,user_attrs_feature_sparsity,user_attrs_feature_sparsity_history,user_attrs_num_epochs,user_attrs_val_loss_history,user_attrs_weight_sparsity,user_attrs_weight_sparsity_history,state
34,34,0.7785936030709382,2024-08-31 02:05:40.486345,2024-08-31 02:14:25.478908,0 days 00:08:44.992563,1,0.02136898674187454,6,80,0.043522645584313555,84,0.0007087863897619267,0.88,0.87375,33,"[33, 33, 33, 33, 33, 33, 33, 33, 33, 33, 33, 33, 33, 33, 33, 33, 33, 33, 33, 33, 33, 33, 33, 33, 33, 33, 33, 33, 33, 33, 33, 33, 33, 33, 33, 33, 33, 33, 33, 33, 33, 33, 33, 33, 33, 33, 33, 33, 33, 33, 33, 33, 33, 33, 33, 33, 33, 33, 33, 33, 33, 33, 33, 33, 33, 33, 33, 33, 33, 33, 33, 33, 33, 33, 33, 33, 33, 33, 33, 33]",32.90816326530613,"[32.90873015873016, 32.906651549508695, 32.89852607709751, 32.89758125472411, 32.89739229024943, 32.906651549508695, 32.90608465608465, 32.904572940287224, 32.900982615268326, 32.902872260015116, 32.89777021919879, 32.89965986394558, 32.902872260015116, 32.900226757369616, 32.904572940287224, 32.90249433106576, 32.900793650793645, 32.90343915343915, 32.90513983371127, 32.900037792894935, 32.904572940287224, 32.90986394557823, 32.89795918367347, 32.89606953892668, 32.89871504157219, 32.90117157974301, 32.90136054421769, 32.901927437641724, 32.903817082388514, 32.90117157974301, 32.904761904761905, 32.905706727135296, 32.9083522297808, 32.90702947845805, 32.90381708238851, 32.90684051398337, 32.904572940287224, 32.906462585034014, 32.907596371882086, 32.907218442932724, 32.90495086923658, 32.90627362055933, 32.90343915343915, 32.904761904761905, 32.90325018896448, 32.90325018896447, 32.907596371882086, 32.90665154950869, 32.90684051398337, 32.90967498110356, 32.90910808767951, 32.90816326530612, 32.90513983371126, 32.90778533635677, 32.91061980347695, 32.90702947845805, 32.904006046863195, 32.90325018896448, 32.90513983371126, 32.90532879818594, 32.90362811791383, 32.90154950869236, 32.90117157974301, 32.89890400604686, 32.90249433106576, 32.895880574452, 32.89871504157218, 32.90325018896448, 32.90343915343915, 32.90400604686319, 32.903817082388514, 32.90438397581254, 32.902116402116405, 32.905706727135296, 32.90060468631897, 32.897203325774754, 32.898337112622826, 32.902116402116405, 32.90419501133787, 32.90816326530613]",0.8067024991950067,0.7785936030709382,33,"[33, 33, 33, 33, 33, 33, 33, 33, 33, 33, 33, 33, 33, 33, 33, 33, 33, 33, 33, 33, 33, 33, 33, 33, 33, 33, 33, 33, 33, 33, 33, 33, 33, 33, 33, 33, 33, 33, 33, 33, 33, 33, 33, 33, 33, 33, 33, 33, 33, 33, 33, 33, 33, 33, 33, 33, 33, 33, 33, 33, 33, 33, 33, 33, 33, 33, 33, 33, 33, 33, 33, 33, 33, 33, 33, 33, 33, 33, 33, 33]",80,"[0.406350314617157, 0.39701327681541443, 0.39254000782966614, 0.3889882266521454, 0.38607078790664673, 0.38359054923057556, 0.38141223788261414, 0.37949275970458984, 0.3777558207511902, 0.37631526589393616, 0.374916672706604, 0.3739587068557739, 0.3728668689727783, 0.3716185390949249, 0.37068408727645874, 0.3698683977127075, 0.36904293298721313, 0.36808720231056213, 0.3673824369907379, 0.3665265738964081, 0.3658957779407501, 0.3652416467666626, 0.36450427770614624, 0.3638659715652466, 0.36323246359825134, 0.36248382925987244, 0.3619462847709656, 0.3612763285636902, 0.3606657087802887, 0.36006346344947815, 0.359613299369812, 0.35875624418258667, 0.3582308292388916, 0.35760241746902466, 0.35700589418411255, 0.356399267911911, 0.35580766201019287, 0.35542526841163635, 0.3548988699913025, 0.3541272282600403, 0.35345566272735596, 0.3528842031955719, 0.35231876373291016, 0.35171738266944885, 0.35117068886756897, 0.3506784737110138, 0.35006415843963623, 0.3494518995285034, 0.34894686937332153, 0.3484918177127838, 0.34778517484664917, 0.3472830653190613, 0.3468400239944458, 0.3462204039096832, 0.34548163414001465, 0.34491705894470215, 0.3443748354911804, 0.3437829613685608, 0.3432386517524719, 0.3426501452922821, 0.34215378761291504, 0.34151771664619446, 0.3409712612628937, 0.34064194560050964, 0.33986127376556396, 0.33927905559539795, 0.3387506902217865, 0.338110089302063, 0.33757293224334717, 0.33712947368621826, 0.33650898933410645, 0.33595290780067444, 0.3352617621421814, 0.3347182869911194, 0.33413153886795044, 0.3336409628391266, 0.3330109119415283, 0.33246561884880066, 0.33180615305900574, 0.3312492072582245]",33.0,"[33.0, 33.0, 33.0, 33.0, 33.0, 33.0, 33.0, 33.0, 33.0, 33.0, 33.0, 33.0, 33.0, 33.0, 33.0, 33.0, 33.0, 33.0, 33.0, 33.0, 33.0, 33.0, 33.0, 33.0, 33.0, 33.0, 33.0, 33.0, 33.0, 33.0, 33.0, 33.0, 33.0, 33.0, 33.0, 33.0, 33.0, 33.0, 33.0, 33.0, 33.0, 33.0, 33.0, 33.0, 33.0, 33.0, 33.0, 33.0, 33.0, 33.0, 33.0, 33.0, 33.0, 33.0, 33.0, 33.0, 33.0, 33.0, 33.0, 33.0, 33.0, 33.0, 33.0, 33.0, 33.0, 33.0, 33.0, 33.0, 33.0, 33.0, 33.0, 33.0, 33.0, 33.0, 33.0, 33.0, 33.0, 33.0, 33.0, 33.0]",COMPLETE
35,35,0.5,2024-08-31 02:14:25.487156,2024-08-31 02:14:48.974238,0 days 00:00:23.487082,64,1.6003343360994,5,120,0.2650714133004525,11,0.0031001770403105266,0.859,0.85875,0,"[33, 33, 33, 33, 33, 33, 33, 33, 33, 33, 33, 33, 21, 12, 8, 4, 3, 2, 2, 2, 2, 2, 2, 2, 2, 2, 2, 2, 2, 2, 2, 2, 2, 1, 1, 1, 1, 1, 1, 1, 1, 1, 1, 1, 1, 1, 1, 1, 1, 1, 1, 1, 1, 1, 1, 1, 0, 0, 0, 0, 0, 0, 0, 0, 0, 0, 0, 0, 0, 0, 0, 0, 0, 0, 0, 0, 0, 0, 0, 0, 0, 0, 0, 0, 0, 0, 0, 0, 0, 0, 0, 0, 0, 0, 0, 0, 0, 0, 0, 0, 0, 0, 0, 0, 0, 0, 0, 0, 0, 0, 0, 0, 0, 0, 0, 0, 0, 0, 0, 0]",0.0,"[32.98533724340176, 32.98240469208211, 32.97360703812317, 32.976539589442815, 32.97947214076246, 32.97067448680352, 32.98533724340176, 32.976539589442815, 32.97067448680352, 32.976539589442815, 32.96774193548387, 32.98240469208211, 20.98240469208211, 11.991202346041057, 7.991202346041056, 3.997067448680352, 2.997067448680352, 2.0, 2.0, 1.997067448680352, 2.0, 1.9941348973607038, 1.997067448680352, 2.0, 2.0, 2.0, 2.0, 2.0, 1.997067448680352, 1.997067448680352, 1.9941348973607038, 1.997067448680352, 1.997067448680352, 1.0, 1.0, 1.0, 1.0, 1.0, 1.0, 1.0, 1.0, 1.0, 1.0, 1.0, 0.9970674486803519, 1.0, 1.0, 1.0, 0.9970674486803519, 1.0, 1.0, 1.0, 1.0, 1.0, 1.0, 1.0, 0.0, 0.0, 0.0, 0.0, 0.0, 0.0, 0.0, 0.0, 0.0, 0.0, 0.0, 0.0, 0.0, 0.0, 0.0, 0.0, 0.0, 0.0, 0.0, 0.0, 0.0, 0.0, 0.0, 0.0, 0.0, 0.0, 0.0, 0.0, 0.0, 0.0, 0.0, 0.0, 0.0, 0.0, 0.0, 0.0, 0.0, 0.0, 0.0, 0.0, 0.0, 0.0, 0.0, 0.0, 0.0, 0.0, 0.0, 0.0, 0.0, 0.0, 0.0, 0.0, 0.0, 0.0, 0.0, 0.0, 0.0, 0.0, 0.0, 0.0, 0.0, 0.0, 0.0, 0.0]",0.5,0.5,0,"[33, 33, 33, 33, 33, 33, 33, 33, 33, 33, 33, 33, 21, 12, 8, 4, 3, 2, 2, 2, 2, 2, 2, 2, 2, 2, 2, 2, 2, 2, 2, 2, 2, 1, 1, 1, 1, 1, 1, 1, 1, 1, 1, 1, 1, 1, 1, 1, 1, 1, 1, 1, 1, 1, 1, 1, 0, 0, 0, 0, 0, 0, 0, 0, 0, 0, 0, 0, 0, 0, 0, 0, 0, 0, 0, 0, 0, 0, 0, 0, 0, 0, 0, 0, 0, 0, 0, 0, 0, 0, 0, 0, 0, 0, 0, 0, 0, 0, 0, 0, 0, 0, 0, 0, 0, 0, 0, 0, 0, 0, 0, 0, 0, 0, 0, 0, 0, 0, 0, 0]",120,"[0.450379341840744, 0.4305678904056549, 0.4214896261692047, 0.4164871573448181, 0.4141141176223755, 0.4102993309497833, 0.40622061491012573, 0.4026460647583008, 0.40030020475387573, 0.39712920784950256, 0.39415717124938965, 0.3925262689590454, 0.3766202926635742, 0.3638390302658081, 0.3710678517818451, 0.37316885590553284, 0.3743894100189209, 0.381056010723114, 0.3791911005973816, 0.37773486971855164, 0.37673306465148926, 0.37572571635246277, 0.37521153688430786, 0.37528887391090393, 0.37414512038230896, 0.37375277280807495, 0.37371116876602173, 0.3740515112876892, 0.3727927505970001, 0.37265804409980774, 0.3720201849937439, 0.37166327238082886, 0.37134405970573425, 0.39429089426994324, 0.39140936732292175, 0.3912860155105591, 0.3911943733692169, 0.3909965455532074, 0.3913016617298126, 0.3909321129322052, 0.3907332718372345, 0.3910323679447174, 0.3908897638320923, 0.3904992341995239, 0.3903495669364929, 0.39029404520988464, 0.3901989758014679, 0.39001673460006714, 0.38990843296051025, 0.3899094760417938, 0.3897148370742798, 0.3901127874851227, 0.3896373510360718, 0.38946330547332764, 0.3894709646701813, 0.3896675109863281, 0.4821123480796814, 0.41364556550979614, 0.40936267375946045, 0.4074816405773163, 0.40722715854644775, 0.4072915315628052, 0.40722769498825073, 0.4072315990924835, 0.40723705291748047, 0.4072391390800476, 0.4072299301624298, 0.4073922038078308, 0.4072260558605194, 0.40729716420173645, 0.4073246717453003, 0.4072832465171814, 0.4073847234249115, 0.4072268009185791, 0.4072515070438385, 0.4073352813720703, 0.40732741355895996, 0.4073699712753296, 0.4074980914592743, 0.4072396159172058, 0.40738409757614136, 0.4072776436805725, 0.4075094163417816, 0.40723082423210144, 0.40731316804885864, 0.40729212760925293, 0.407389760017395, 0.4072287678718567, 0.407268762588501, 0.4073020815849304, 0.40735915303230286, 0.4072518050670624, 0.4073278307914734, 0.40722763538360596, 0.4072456657886505, 0.4075603485107422, 0.4072265625, 0.407247930765152, 0.4072304666042328, 0.4072817265987396, 0.4072261452674866, 0.4072261154651642, 0.4082031548023224, 0.4072500169277191, 0.4072292745113373, 0.4072518050670624, 0.4075998365879059, 0.4072941839694977, 0.4072563946247101, 0.4076128304004669, 0.4072601795196533, 0.4075418710708618, 0.407276451587677, 0.40731361508369446, 0.4075300693511963, 0.4074799716472626, 0.4072636365890503, 0.40755021572113037, 0.40739643573760986, 0.4075043499469757]",0.0,"[33.0, 33.0, 33.0, 33.0, 33.0, 33.0, 33.0, 33.0, 33.0, 33.0, 33.0, 33.0, 21.0, 12.0, 8.0, 4.0, 3.0, 2.0, 2.0, 2.0, 2.0, 2.0, 2.0, 2.0, 2.0, 2.0, 2.0, 2.0, 2.0, 2.0, 2.0, 2.0, 2.0, 1.0, 1.0, 1.0, 1.0, 1.0, 1.0, 1.0, 1.0, 1.0, 1.0, 1.0, 1.0, 1.0, 1.0, 1.0, 1.0, 1.0, 1.0, 1.0, 1.0, 1.0, 1.0, 1.0, 0.0, 0.0, 0.0, 0.0, 0.0, 0.0, 0.0, 0.0, 0.0, 0.0, 0.0, 0.0, 0.0, 0.0, 0.0, 0.0, 0.0, 0.0, 0.0, 0.0, 0.0, 0.0, 0.0, 0.0, 0.0, 0.0, 0.0, 0.0, 0.0, 0.0, 0.0, 0.0, 0.0, 0.0, 0.0, 0.0, 0.0, 0.0, 0.0, 0.0, 0.0, 0.0, 0.0, 0.0, 0.0, 0.0, 0.0, 0.0, 0.0, 0.0, 0.0, 0.0, 0.0, 0.0, 0.0, 0.0, 0.0, 0.0, 0.0, 0.0, 0.0, 0.0, 0.0, 0.0]",COMPLETE
36,36,0.7638572219860622,2024-08-31 02:14:49.748021,2024-08-31 02:14:59.456555,0 days 00:00:09.708534,16,7.8440258656161115,2,75,0.04151629888303627,26,0.0015788703429762377,0.881,0.88,9,"[33, 24, 24, 24, 24, 24, 23, 23, 21, 21, 21, 21, 20, 18, 18, 18, 18, 18, 18, 18, 18, 18, 18, 16, 16, 13, 11, 11, 11, 11, 11, 11, 11, 11, 11, 12, 12, 12, 11, 10, 10, 10, 9, 9, 9, 9, 9, 9, 9, 9, 9, 9, 9, 9, 9, 9, 9, 9, 9, 9, 9, 9, 9, 9, 9, 9, 9, 9, 9, 9, 9, 9, 9, 9, 9]",9.0,"[32.97435897435898, 23.96153846153846, 24.0, 24.0, 24.0, 23.98717948717949, 23.0, 23.0, 20.98717948717949, 21.0, 21.0, 21.0, 20.0, 17.98717948717949, 18.0, 18.0, 18.0, 18.0, 18.0, 17.98717948717949, 18.0, 17.98717948717949, 18.0, 16.0, 16.0, 13.0, 11.0, 11.0, 11.0, 11.0, 11.0, 11.0, 11.0, 11.0, 11.0, 11.974358974358974, 12.0, 12.0, 11.0, 10.0, 10.0, 10.0, 9.0, 9.0, 9.0, 8.987179487179487, 8.987179487179487, 8.974358974358974, 9.0, 8.987179487179487, 8.987179487179487, 9.0, 9.0, 9.0, 9.0, 9.0, 8.987179487179487, 9.0, 9.0, 9.0, 9.0, 9.0, 9.0, 9.0, 9.0, 9.0, 9.0, 9.0, 9.0, 9.0, 9.0, 8.974358974358974, 9.0, 9.0, 9.0]",0.7657015001775114,0.7638572219860622,9,"[33, 24, 24, 24, 24, 24, 23, 23, 21, 21, 21, 21, 20, 18, 18, 18, 18, 18, 18, 18, 18, 18, 18, 16, 16, 13, 11, 11, 11, 11, 11, 11, 11, 11, 11, 12, 12, 12, 11, 10, 10, 10, 9, 9, 9, 9, 9, 9, 9, 9, 9, 9, 9, 9, 9, 9, 9, 9, 9, 9, 9, 9, 9, 9, 9, 9, 9, 9, 9, 9, 9, 9, 9, 9, 9]",75,"[6.223119735717773, 16.54868507385254, 30.282554626464844, 17.438859939575195, 1.7308655977249146, 18.491531372070312, 5.453201770782471, 3.5335097312927246, 3.2872939109802246, 13.939964294433594, 2.322758674621582, 19.771564483642578, 5.302770614624023, 4.412578582763672, 2.673086643218994, 25.498140335083008, 2.5248937606811523, 2.0667850971221924, 3.454906702041626, 15.741427421569824, 24.999845504760742, 2.474712371826172, 1.7118785381317139, 2.8149118423461914, 2.242171049118042, 5.001664638519287, 1.4494284391403198, 2.894383192062378, 2.2674057483673096, 7.0482072830200195, 9.486542701721191, 19.03046417236328, 4.488715648651123, 23.57306480407715, 12.1265230178833, 24.944303512573242, 2.431983232498169, 1.3844616413116455, 2.0705373287200928, 2.527822971343994, 1.8478320837020874, 2.059634208679199, 2.619694709777832, 3.0406222343444824, 5.6128363609313965, 5.4687113761901855, 3.396425724029541, 1.8749783039093018, 3.3221933841705322, 3.5405237674713135, 5.181552886962891, 9.539834976196289, 12.700806617736816, 2.284329891204834, 4.901885509490967, 9.335164070129395, 16.14185905456543, 2.9336788654327393, 2.2781646251678467, 1.5306135416030884, 6.957535266876221, 1.8793854713439941, 3.5630719661712646, 14.17831039428711, 3.783297538757324, 3.2598676681518555, 2.1765172481536865, 3.9133639335632324, 4.729416370391846, 2.081561326980591, 1.8880325555801392, 2.192718744277954, 3.1064205169677734, 2.8933396339416504, 4.952832221984863]",9.0,"[33.0, 24.0, 24.0, 24.0, 24.0, 24.0, 23.0, 23.0, 21.0, 21.0, 21.0, 21.0, 20.0, 18.0, 18.0, 18.0, 18.0, 18.0, 18.0, 18.0, 18.0, 18.0, 18.0, 16.0, 16.0, 13.0, 11.0, 11.0, 11.0, 11.0, 11.0, 11.0, 11.0, 11.0, 11.0, 12.0, 12.0, 12.0, 11.0, 10.0, 10.0, 10.0, 9.0, 9.0, 9.0, 9.0, 9.0, 9.0, 9.0, 9.0, 9.0, 9.0, 9.0, 9.0, 9.0, 9.0, 9.0, 9.0, 9.0, 9.0, 9.0, 9.0, 9.0, 9.0, 9.0, 9.0, 9.0, 9.0, 9.0, 9.0, 9.0, 9.0, 9.0, 9.0, 9.0]",COMPLETE
