,number,value,datetime_start,datetime_complete,duration,params_batch_size_scaler,params_constant_learning_rate,params_depth,params_epochs,params_kernel_l2,params_num_trees,params_temperature,user_attrs_accuracy_test,user_attrs_accuracy_valid,user_attrs_approximate_feature_sparsity,user_attrs_approximate_feature_sparsity_history,user_attrs_approximate_weight_sparsity,user_attrs_approximate_weight_sparsity_history,user_attrs_auc_test,user_attrs_auc_valid,user_attrs_feature_sparsity,user_attrs_feature_sparsity_history,user_attrs_num_epochs,user_attrs_val_loss_history,user_attrs_weight_sparsity,user_attrs_weight_sparsity_history,state
3,3,0.9215777202406256,2024-08-31 00:35:41.715050,2024-08-31 00:39:28.879546,0 days 00:03:47.164496,4,0.12521926703709105,5,160,0.0522247052955506,84,0.0006732047087379652,0.934,0.93,33,"[33, 33, 33, 33, 33, 33, 33, 33, 33, 33, 33, 33, 33, 33, 33, 33, 33, 33, 33, 33, 33, 33, 33, 33, 33, 33, 33, 33, 33, 33, 33, 33, 33, 33, 33, 33, 33, 33, 33, 33, 33, 33, 33, 33, 33, 33, 33, 33, 33, 33, 33, 33, 33, 33, 33, 33, 33, 33, 33, 33, 33, 33, 33, 33, 33, 33, 33, 33, 33, 33, 33, 33, 33, 33, 33, 33, 33, 33, 33, 33, 33, 33, 33, 33, 33, 33, 33, 33, 33, 33, 33, 33, 33, 33, 33, 33, 33, 33, 33, 33, 33, 33, 33, 33, 33, 33, 33, 33, 33, 33, 33, 33, 33, 33, 33, 33, 33, 33, 33, 33, 33, 33, 33, 33, 33, 33, 33, 33, 33, 33, 33, 33, 33, 33, 33, 33, 33, 33, 33, 33, 33, 33, 33, 33, 33, 33, 33, 33, 33, 33, 33, 33, 33, 33, 33, 33, 33, 33, 33, 33]",32.94047619047619,"[32.925115207373274, 32.925883256528415, 32.93125960061444, 32.935099846390166, 32.92780337941628, 32.935099846390166, 32.92972350230414, 32.93164362519201, 32.94086021505376, 32.93202764976959, 32.93855606758833, 32.936251920122885, 32.93049155145929, 32.934715821812595, 32.925499231950845, 32.92972350230415, 32.93125960061444, 32.92741935483871, 32.928955453149, 32.92665130568356, 32.93087557603687, 32.93202764976959, 32.935099846390166, 32.92972350230414, 32.935867895545314, 32.92818740399386, 32.936251920122885, 32.92857142857143, 32.93125960061444, 32.92933947772657, 32.925883256528415, 32.93125960061444, 32.936251920122885, 32.937788018433174, 32.93855606758833, 32.936251920122885, 32.92933947772657, 32.92665130568356, 32.928955453149, 32.935483870967744, 32.93932411674347, 32.93241167434716, 32.933179723502306, 32.92933947772657, 32.9304915514593, 32.93202764976958, 32.93356374807988, 32.92665130568356, 32.925499231950845, 32.93241167434716, 32.93817204301075, 32.93932411674347, 32.933947772657454, 32.93010752688172, 32.92357910906298, 32.92818740399386, 32.92933947772658, 32.92396313364055, 32.92780337941628, 32.928955453149, 32.93970814132105, 32.93087557603687, 32.93778801843318, 32.932795698924735, 32.934331797235025, 32.935483870967744, 32.94278033794163, 32.9389400921659, 32.942012288786486, 32.93932411674347, 32.93970814132104, 32.93241167434716, 32.934331797235025, 32.937403993855604, 32.935483870967744, 32.93241167434716, 32.93164362519202, 32.92933947772657, 32.933947772657454, 32.93356374807988, 32.924731182795696, 32.92511520737327, 32.923963133640555, 32.92972350230415, 32.92357910906298, 32.923963133640555, 32.927035330261134, 32.928955453149, 32.933179723502306, 32.935867895545314, 32.93356374807988, 32.93010752688172, 32.93394777265745, 32.93125960061444, 32.93356374807988, 32.934331797235025, 32.93740399385561, 32.94162826420891, 32.94124423963134, 32.942012288786486, 32.935099846390166, 32.937788018433174, 32.934715821812595, 32.93394777265745, 32.93701996927803, 32.937403993855604, 32.94009216589862, 32.93855606758832, 32.93663594470046, 32.93241167434716, 32.928955453149, 32.93202764976958, 32.934715821812595, 32.925499231950845, 32.926267281105986, 32.92319508448541, 32.925883256528415, 32.91973886328725, 32.92204301075269, 32.923579109062985, 32.928955453149, 32.927035330261134, 32.92780337941628, 32.928955453149, 32.933947772657454, 32.932795698924735, 32.934331797235025, 32.936635944700456, 32.93049155145929, 32.93279569892473, 32.93125960061444, 32.934331797235025, 32.92972350230415, 32.93202764976959, 32.93202764976958, 32.93164362519201, 32.93241167434716, 32.927419354838705, 32.93087557603687, 32.92780337941628, 32.92972350230415, 32.93125960061444, 32.93548387096774, 32.93970814132105, 32.93855606758833, 32.93625192012289, 32.93932411674347, 32.943164362519205, 32.94162826420891, 32.942780337941635, 32.946236559139784, 32.94047619047619, 32.943932411674346, 32.946236559139784, 32.94162826420891, 32.94162826420891, 32.94278033794163, 32.943548387096776, 32.943164362519205, 32.94047619047619]",0.9032439171393423,0.9215777202406256,33,"[33, 33, 33, 33, 33, 33, 33, 33, 33, 33, 33, 33, 33, 33, 33, 33, 33, 33, 33, 33, 33, 33, 33, 33, 33, 33, 33, 33, 33, 33, 33, 33, 33, 33, 33, 33, 33, 33, 33, 33, 33, 33, 33, 33, 33, 33, 33, 33, 33, 33, 33, 33, 33, 33, 33, 33, 33, 33, 33, 33, 33, 33, 33, 33, 33, 33, 33, 33, 33, 33, 33, 33, 33, 33, 33, 33, 33, 33, 33, 33, 33, 33, 33, 33, 33, 33, 33, 33, 33, 33, 33, 33, 33, 33, 33, 33, 33, 33, 33, 33, 33, 33, 33, 33, 33, 33, 33, 33, 33, 33, 33, 33, 33, 33, 33, 33, 33, 33, 33, 33, 33, 33, 33, 33, 33, 33, 33, 33, 33, 33, 33, 33, 33, 33, 33, 33, 33, 33, 33, 33, 33, 33, 33, 33, 33, 33, 33, 33, 33, 33, 33, 33, 33, 33, 33, 33, 33, 33, 33, 33]",160,"[0.39752236008644104, 0.38968804478645325, 0.3855787217617035, 0.3804160952568054, 0.37744954228401184, 0.3745245337486267, 0.3724239468574524, 0.37082117795944214, 0.3696732223033905, 0.3684591054916382, 0.3661748468875885, 0.36440590023994446, 0.36308836936950684, 0.36158958077430725, 0.3601985275745392, 0.359620064496994, 0.357753187417984, 0.3562478721141815, 0.35497015714645386, 0.35372093319892883, 0.35352829098701477, 0.3512037694454193, 0.3499607741832733, 0.34896397590637207, 0.34718891978263855, 0.34642910957336426, 0.3449329435825348, 0.34390750527381897, 0.34266772866249084, 0.342462420463562, 0.3400700092315674, 0.3393426835536957, 0.33771681785583496, 0.3363131582736969, 0.3358854055404663, 0.3339828550815582, 0.333314448595047, 0.3314705193042755, 0.33030185103416443, 0.32930487394332886, 0.3278583288192749, 0.326781690120697, 0.3252323269844055, 0.32369720935821533, 0.32218849658966064, 0.3207032084465027, 0.31930893659591675, 0.31778326630592346, 0.31671178340911865, 0.31712841987609863, 0.31310388445854187, 0.31142428517341614, 0.30986037850379944, 0.3080231845378876, 0.30653828382492065, 0.3045017123222351, 0.30288898944854736, 0.3006910979747772, 0.2987614870071411, 0.29674461483955383, 0.29475870728492737, 0.29470813274383545, 0.29080697894096375, 0.2890576720237732, 0.28722378611564636, 0.28512099385261536, 0.28298714756965637, 0.2811663746833801, 0.27969038486480713, 0.2773241400718689, 0.27567097544670105, 0.2742919325828552, 0.272266685962677, 0.27079179883003235, 0.26927053928375244, 0.2676142752170563, 0.2662230134010315, 0.2658925950527191, 0.2635749876499176, 0.2622341215610504, 0.2618262767791748, 0.2602096199989319, 0.25841885805130005, 0.25739067792892456, 0.25620582699775696, 0.2558072805404663, 0.254444420337677, 0.2532341480255127, 0.2523355782032013, 0.25108855962753296, 0.2502208352088928, 0.2494426667690277, 0.24828986823558807, 0.2475423365831375, 0.24733136594295502, 0.2456800490617752, 0.2447739839553833, 0.24464809894561768, 0.24333645403385162, 0.24254970252513885, 0.2427520751953125, 0.24086298048496246, 0.24018381536006927, 0.2397272139787674, 0.23857809603214264, 0.23779898881912231, 0.23704349994659424, 0.23644785583019257, 0.23628191649913788, 0.23491691052913666, 0.2342204600572586, 0.23357650637626648, 0.2328146994113922, 0.23193469643592834, 0.23133482038974762, 0.2307320386171341, 0.230168879032135, 0.23038768768310547, 0.2294130176305771, 0.22857877612113953, 0.22774630784988403, 0.22727178037166595, 0.226828932762146, 0.2263628989458084, 0.22603315114974976, 0.22492733597755432, 0.22485992312431335, 0.22459010779857635, 0.22312641143798828, 0.222809299826622, 0.22242046892642975, 0.2226657271385193, 0.2211214303970337, 0.22048741579055786, 0.2197924554347992, 0.22071927785873413, 0.21876567602157593, 0.21826334297657013, 0.21877706050872803, 0.2183230221271515, 0.21645259857177734, 0.2163180559873581, 0.21618987619876862, 0.21547633409500122, 0.21524958312511444, 0.21467043459415436, 0.21383310854434967, 0.21346093714237213, 0.21298035979270935, 0.21381376683712006, 0.21205484867095947, 0.2120400220155716, 0.21109172701835632, 0.21090397238731384, 0.21045801043510437, 0.2103491574525833, 0.20942240953445435, 0.20909513533115387, 0.2098715454339981, 0.20900748670101166]",33.0,"[33.0, 33.0, 33.0, 33.0, 33.0, 33.0, 33.0, 33.0, 33.0, 33.0, 33.0, 33.0, 33.0, 33.0, 33.0, 33.0, 33.0, 33.0, 33.0, 33.0, 33.0, 33.0, 33.0, 33.0, 33.0, 33.0, 33.0, 33.0, 33.0, 33.0, 33.0, 33.0, 33.0, 33.0, 33.0, 33.0, 33.0, 33.0, 33.0, 33.0, 33.0, 33.0, 33.0, 33.0, 33.0, 33.0, 33.0, 33.0, 33.0, 33.0, 33.0, 33.0, 33.0, 33.0, 33.0, 33.0, 33.0, 33.0, 33.0, 33.0, 33.0, 33.0, 33.0, 33.0, 33.0, 33.0, 33.0, 33.0, 33.0, 33.0, 33.0, 33.0, 33.0, 33.0, 33.0, 33.0, 33.0, 33.0, 33.0, 33.0, 33.0, 33.0, 33.0, 33.0, 33.0, 33.0, 33.0, 33.0, 33.0, 33.0, 33.0, 33.0, 33.0, 33.0, 33.0, 33.0, 33.0, 33.0, 33.0, 33.0, 33.0, 33.0, 33.0, 33.0, 33.0, 33.0, 33.0, 33.0, 33.0, 33.0, 33.0, 33.0, 33.0, 33.0, 33.0, 33.0, 33.0, 33.0, 33.0, 33.0, 33.0, 33.0, 33.0, 33.0, 33.0, 33.0, 33.0, 33.0, 33.0, 33.0, 33.0, 33.0, 33.0, 33.0, 33.0, 33.0, 33.0, 33.0, 33.0, 33.0, 33.0, 33.0, 33.0, 33.0, 33.0, 33.0, 33.0, 33.0, 33.0, 33.0, 33.0, 33.0, 33.0, 33.0, 33.0, 33.0, 33.0, 33.0, 33.0, 33.0]",COMPLETE
