,number,value,datetime_start,datetime_complete,duration,params_batch_size_scaler,params_constant_learning_rate,params_depth,params_epochs,params_kernel_l2,params_num_trees,params_temperature,user_attrs_accuracy_test,user_attrs_accuracy_valid,user_attrs_approximate_feature_sparsity,user_attrs_approximate_feature_sparsity_history,user_attrs_approximate_weight_sparsity,user_attrs_approximate_weight_sparsity_history,user_attrs_auc_test,user_attrs_auc_valid,user_attrs_feature_sparsity,user_attrs_feature_sparsity_history,user_attrs_num_epochs,user_attrs_val_loss_history,user_attrs_weight_sparsity,user_attrs_weight_sparsity_history,state
13,13,0.7443418222101996,2024-08-31 01:09:03.532886,2024-08-31 01:12:13.510418,0 days 00:03:09.977532,16,0.2111490968280513,6,85,0.09883411748949694,72,0.026515900329942495,0.882,0.87625,33,"[33, 33, 33, 33, 33, 33, 33, 33, 33, 33, 33, 33, 33, 33, 33, 33, 33, 33, 33, 33, 33, 33, 33, 33, 33, 33, 33, 33, 33, 33, 33, 33, 33, 33, 33, 33, 33, 33, 33, 33, 33, 33, 33, 33, 33, 33, 33, 33, 33, 33, 33, 33, 33, 33, 33, 33, 33, 33, 33, 33, 33, 33, 33, 33, 33, 33, 33, 33, 33, 33, 33, 33, 33, 33, 33, 33, 33, 33, 33, 33, 33, 33, 33, 33, 33]",32.904982363315696,"[32.904982363315696, 32.90850970017637, 32.90917107583775, 32.900573192239854, 32.90520282186949, 32.90277777777777, 32.90740740740741, 32.90564373897707, 32.908068783068785, 32.90586419753087, 32.89748677248677, 32.90388007054674, 32.900573192239854, 32.90299823633157, 32.907407407407405, 32.904982363315696, 32.90388007054674, 32.90432098765432, 32.90630511463844, 32.9102733686067, 32.90895061728395, 32.91159611992945, 32.907848324514994, 32.90961199294533, 32.914241622574956, 32.914241622574956, 32.917328042328045, 32.91225749559083, 32.914902998236336, 32.914902998236336, 32.91622574955908, 32.9102733686067, 32.911155202821874, 32.914021164021165, 32.9129188712522, 32.913800705467374, 32.91115520282187, 32.90895061728395, 32.911155202821874, 32.910714285714285, 32.90895061728395, 32.9102733686067, 32.90873015873016, 32.91137566137566, 32.908068783068785, 32.90917107583775, 32.90652557319224, 32.90917107583774, 32.908068783068785, 32.913800705467374, 32.91269841269841, 32.91269841269842, 32.91335978835979, 32.9129188712522, 32.9102733686067, 32.90873015873016, 32.908068783068785, 32.90696649029982, 32.908289241622576, 32.907407407407405, 32.90961199294532, 32.90828924162257, 32.914021164021165, 32.91181657848325, 32.91269841269841, 32.910934744268076, 32.91115520282187, 32.9102733686067, 32.9102733686067, 32.91313932980599, 32.91468253968254, 32.91776895943563, 32.9129188712522, 32.914021164021165, 32.91600529100529, 32.9157848324515, 32.910934744268076, 32.91203703703704, 32.9102733686067, 32.90630511463845, 32.904761904761905, 32.90542328042328, 32.904541446208114, 32.90850970017637, 32.904982363315696]",0.7784410373269265,0.7443418222101996,33,"[33, 33, 33, 33, 33, 33, 33, 33, 33, 33, 33, 33, 33, 33, 33, 33, 33, 33, 33, 33, 33, 33, 33, 33, 33, 33, 33, 33, 33, 33, 33, 33, 33, 33, 33, 33, 33, 33, 33, 33, 33, 33, 33, 33, 33, 33, 33, 33, 33, 33, 33, 33, 33, 33, 33, 33, 33, 33, 33, 33, 33, 33, 33, 33, 33, 33, 33, 33, 33, 33, 33, 33, 33, 33, 33, 33, 33, 33, 33, 33, 33, 33, 33, 33, 33]",85,"[0.42442187666893005, 0.40401965379714966, 0.3990212380886078, 0.39599066972732544, 0.3935265839099884, 0.39137551188468933, 0.3894282281398773, 0.38767823576927185, 0.386066734790802, 0.38454610109329224, 0.38322705030441284, 0.38195744156837463, 0.38078197836875916, 0.37975409626960754, 0.37882113456726074, 0.3780317008495331, 0.37710896134376526, 0.3763095736503601, 0.3755553364753723, 0.37487006187438965, 0.3740912675857544, 0.37356036901474, 0.37295082211494446, 0.3722084164619446, 0.3716087341308594, 0.37098976969718933, 0.37040483951568604, 0.3699769675731659, 0.369409441947937, 0.36895591020584106, 0.3685261905193329, 0.3680678904056549, 0.36755818128585815, 0.3671598434448242, 0.3666631579399109, 0.3663925528526306, 0.3658713102340698, 0.3654673397541046, 0.3650144636631012, 0.3646722435951233, 0.3641628921031952, 0.3637707829475403, 0.36339253187179565, 0.3630705773830414, 0.36264827847480774, 0.36228346824645996, 0.3618677258491516, 0.3613474667072296, 0.36095765233039856, 0.3606846332550049, 0.36035528779029846, 0.36010879278182983, 0.3596459925174713, 0.35922500491142273, 0.35879117250442505, 0.35837364196777344, 0.3579898178577423, 0.3576103448867798, 0.35720184445381165, 0.3569251596927643, 0.3565044701099396, 0.356174498796463, 0.35581570863723755, 0.3556251525878906, 0.35500267148017883, 0.35463032126426697, 0.35434019565582275, 0.3538944125175476, 0.35358935594558716, 0.35318970680236816, 0.3528722822666168, 0.35253992676734924, 0.3521733582019806, 0.35186439752578735, 0.351502001285553, 0.35115256905555725, 0.350602388381958, 0.35026493668556213, 0.35001659393310547, 0.34958645701408386, 0.3492203950881958, 0.3488202393054962, 0.3486168384552002, 0.3482264280319214, 0.3477630317211151]",33.0,"[33.0, 33.0, 33.0, 33.0, 33.0, 33.0, 33.0, 33.0, 33.0, 33.0, 33.0, 33.0, 33.0, 33.0, 33.0, 33.0, 33.0, 33.0, 33.0, 33.0, 33.0, 33.0, 33.0, 33.0, 33.0, 33.0, 33.0, 33.0, 33.0, 33.0, 33.0, 33.0, 33.0, 33.0, 33.0, 33.0, 33.0, 33.0, 33.0, 33.0, 33.0, 33.0, 33.0, 33.0, 33.0, 33.0, 33.0, 33.0, 33.0, 33.0, 33.0, 33.0, 33.0, 33.0, 33.0, 33.0, 33.0, 33.0, 33.0, 33.0, 33.0, 33.0, 33.0, 33.0, 33.0, 33.0, 33.0, 33.0, 33.0, 33.0, 33.0, 33.0, 33.0, 33.0, 33.0, 33.0, 33.0, 33.0, 33.0, 33.0, 33.0, 33.0, 33.0, 33.0, 33.0]",COMPLETE
14,14,0.5,2024-08-31 01:12:14.008526,2024-08-31 01:13:47.080370,0 days 00:01:33.071844,1,2.6522382823322164,1,185,0.0015519111631666705,5,0.0002808399648283088,0.859,0.85875,0,"[3, 3, 3, 2, 2, 2, 2, 2, 2, 2, 1, 0, 0, 0, 0, 0, 0, 0, 0, 0, 0, 0, 0, 0, 0, 0, 0, 0, 0, 0, 0, 0, 0, 0, 0, 0, 0, 0, 0, 0, 0, 0, 0, 0, 0, 0, 0, 0, 0, 0, 0, 0, 0, 0, 0, 0, 0, 0, 0, 0, 0, 0, 0, 0, 0, 0, 0, 0, 0, 0, 0, 0, 0, 0, 0, 0, 0, 0, 0, 0, 0, 0, 0, 0, 0, 0, 0, 0, 0, 0, 0, 0, 0, 0, 0, 0, 0, 0, 0, 0, 0, 0, 0, 0, 0, 0, 0, 0, 0, 0, 0, 0, 0, 0, 0, 0, 0, 0, 0, 0, 0, 0, 0, 0, 0, 0, 0, 0, 0, 0, 0, 0, 0, 0, 0, 0, 0, 0, 0, 0, 0, 0, 0, 0, 0, 0, 0, 0, 0, 0, 0, 0, 0, 0, 0, 0, 0, 0, 0, 0, 0, 0, 0, 0, 0, 0, 0, 0, 0, 0, 0, 0, 0, 0, 0, 0, 0, 0, 0, 0, 0, 0, 0, 0, 0]",0.0,"[3.0, 3.0, 3.0, 2.0, 2.0, 2.0, 2.0, 2.0, 2.0, 2.0, 1.0, 0.0, 0.0, 0.0, 0.0, 0.0, 0.0, 0.0, 0.0, 0.0, 0.0, 0.0, 0.0, 0.0, 0.0, 0.0, 0.0, 0.0, 0.0, 0.0, 0.0, 0.0, 0.0, 0.0, 0.0, 0.0, 0.0, 0.0, 0.0, 0.0, 0.0, 0.0, 0.0, 0.0, 0.0, 0.0, 0.0, 0.0, 0.0, 0.0, 0.0, 0.0, 0.0, 0.0, 0.0, 0.0, 0.0, 0.0, 0.0, 0.0, 0.0, 0.0, 0.0, 0.0, 0.0, 0.0, 0.0, 0.0, 0.0, 0.0, 0.0, 0.0, 0.0, 0.0, 0.0, 0.0, 0.0, 0.0, 0.0, 0.0, 0.0, 0.0, 0.0, 0.0, 0.0, 0.0, 0.0, 0.0, 0.0, 0.0, 0.0, 0.0, 0.0, 0.0, 0.0, 0.0, 0.0, 0.0, 0.0, 0.0, 0.0, 0.0, 0.0, 0.0, 0.0, 0.0, 0.0, 0.0, 0.0, 0.0, 0.0, 0.0, 0.0, 0.0, 0.0, 0.0, 0.0, 0.0, 0.0, 0.0, 0.0, 0.0, 0.0, 0.0, 0.0, 0.0, 0.0, 0.0, 0.0, 0.0, 0.0, 0.0, 0.0, 0.0, 0.0, 0.0, 0.0, 0.0, 0.0, 0.0, 0.0, 0.0, 0.0, 0.0, 0.0, 0.0, 0.0, 0.0, 0.0, 0.0, 0.0, 0.0, 0.0, 0.0, 0.0, 0.0, 0.0, 0.0, 0.0, 0.0, 0.0, 0.0, 0.0, 0.0, 0.0, 0.0, 0.0, 0.0, 0.0, 0.0, 0.0, 0.0, 0.0, 0.0, 0.0, 0.0, 0.0, 0.0, 0.0, 0.0, 0.0, 0.0, 0.0, 0.0, 0.0]",0.5,0.5,0,"[3, 3, 3, 2, 2, 2, 2, 2, 2, 2, 1, 0, 0, 0, 0, 0, 0, 0, 0, 0, 0, 0, 0, 0, 0, 0, 0, 0, 0, 0, 0, 0, 0, 0, 0, 0, 0, 0, 0, 0, 0, 0, 0, 0, 0, 0, 0, 0, 0, 0, 0, 0, 0, 0, 0, 0, 0, 0, 0, 0, 0, 0, 0, 0, 0, 0, 0, 0, 0, 0, 0, 0, 0, 0, 0, 0, 0, 0, 0, 0, 0, 0, 0, 0, 0, 0, 0, 0, 0, 0, 0, 0, 0, 0, 0, 0, 0, 0, 0, 0, 0, 0, 0, 0, 0, 0, 0, 0, 0, 0, 0, 0, 0, 0, 0, 0, 0, 0, 0, 0, 0, 0, 0, 0, 0, 0, 0, 0, 0, 0, 0, 0, 0, 0, 0, 0, 0, 0, 0, 0, 0, 0, 0, 0, 0, 0, 0, 0, 0, 0, 0, 0, 0, 0, 0, 0, 0, 0, 0, 0, 0, 0, 0, 0, 0, 0, 0, 0, 0, 0, 0, 0, 0, 0, 0, 0, 0, 0, 0, 0, 0, 0, 0, 0, 0]",185,"[0.42077115178108215, 0.4106457531452179, 0.6524111032485962, 0.7904196381568909, 0.8173248171806335, 0.47527045011520386, 0.6432828307151794, 0.380239337682724, 0.4869946241378784, 0.38138705492019653, 0.4021291732788086, 0.4298163950443268, 0.9329013824462891, 0.40768536925315857, 0.9036666750907898, 0.4553939402103424, 0.41987931728363037, 0.5098496079444885, 0.4175559878349304, 0.5248269438743591, 0.4470318853855133, 0.535200297832489, 0.45177531242370605, 0.5377898812294006, 0.5266035795211792, 0.572553813457489, 0.40840014815330505, 0.4471668004989624, 0.4093443751335144, 0.6635822057723999, 0.4144599139690399, 0.4079040586948395, 0.4476640224456787, 0.9355508685112, 0.4074859917163849, 0.4463067948818207, 0.45352980494499207, 0.9319643974304199, 0.9140537977218628, 0.44847553968429565, 0.5860781669616699, 0.4232045114040375, 0.4136999845504761, 0.475880891084671, 0.6000722050666809, 0.4593897759914398, 0.9176580905914307, 0.4080679714679718, 0.41323351860046387, 0.4130787253379822, 0.4073304831981659, 0.4521585702896118, 0.46299922466278076, 0.530356228351593, 0.40923938155174255, 0.606606662273407, 0.7567222714424133, 0.4087051749229431, 0.6159193515777588, 0.4086045026779175, 0.4447343051433563, 0.4258217513561249, 0.5439175963401794, 0.4604751169681549, 0.5401952266693115, 0.40757372975349426, 0.41947826743125916, 0.540008544921875, 0.45540016889572144, 0.41192612051963806, 0.4411289691925049, 0.4468293786048889, 0.4593430459499359, 0.6036708354949951, 0.6209912300109863, 0.5416658520698547, 0.41065430641174316, 0.43985065817832947, 0.44490545988082886, 0.4167741537094116, 0.4485887289047241, 0.6218406558036804, 0.43043312430381775, 0.7179684638977051, 0.44821736216545105, 0.5942823886871338, 0.6013045907020569, 0.4085920453071594, 0.4517892003059387, 0.6153095364570618, 0.4527793824672699, 0.40751931071281433, 0.42588087916374207, 0.44758281111717224, 0.4376099407672882, 0.4808347225189209, 0.4082722067832947, 0.7434334754943848, 0.4799977242946625, 0.9659991264343262, 0.5497692227363586, 1.1102713346481323, 0.550798773765564, 0.6411393880844116, 0.44714897871017456, 0.45218968391418457, 0.4087704122066498, 0.954232931137085, 0.4097898006439209, 0.42700135707855225, 0.4073536992073059, 0.47910842299461365, 0.4129040539264679, 0.45200634002685547, 0.4458996057510376, 0.40776196122169495, 0.44474858045578003, 0.4076257050037384, 0.6079294681549072, 0.8040458559989929, 0.4895075559616089, 0.4084220230579376, 0.44072386622428894, 0.457027792930603, 0.47701454162597656, 0.45226600766181946, 0.48080480098724365, 0.4088384211063385, 0.43357834219932556, 0.7661912441253662, 0.45328372716903687, 0.41717833280563354, 0.526923656463623, 0.44548243284225464, 0.4075941741466522, 0.7284191846847534, 0.468659907579422, 0.4607025980949402, 0.6282493472099304, 1.0975316762924194, 0.43692219257354736, 0.6063340306282043, 0.44454339146614075, 0.4427553415298462, 0.5276749730110168, 0.5218314528465271, 0.4314917027950287, 0.4458564817905426, 0.4493224620819092, 0.4114943742752075, 0.40823981165885925, 0.4076412618160248, 0.4163840413093567, 0.4475858807563782, 0.41696712374687195, 1.420813798904419, 0.738521933555603, 0.47690245509147644, 0.44706425070762634, 0.5144404172897339, 0.44928714632987976, 0.6095358729362488, 0.4076484739780426, 0.8393445014953613, 0.7369938492774963, 0.41438743472099304, 1.0699491500854492, 0.41326606273651123, 1.1627590656280518, 0.44818031787872314, 0.40853652358055115, 0.6163170337677002, 0.620749831199646, 0.5253841280937195, 0.42234110832214355, 0.44984573125839233, 0.7053160071372986, 0.5859984159469604, 0.4963604807853699, 0.47959214448928833, 0.9448171854019165, 0.4518853724002838, 0.5278311371803284, 0.5142822861671448, 0.5721592307090759]",0.0,"[3.0, 3.0, 3.0, 2.0, 2.0, 2.0, 2.0, 2.0, 2.0, 2.0, 1.0, 0.0, 0.0, 0.0, 0.0, 0.0, 0.0, 0.0, 0.0, 0.0, 0.0, 0.0, 0.0, 0.0, 0.0, 0.0, 0.0, 0.0, 0.0, 0.0, 0.0, 0.0, 0.0, 0.0, 0.0, 0.0, 0.0, 0.0, 0.0, 0.0, 0.0, 0.0, 0.0, 0.0, 0.0, 0.0, 0.0, 0.0, 0.0, 0.0, 0.0, 0.0, 0.0, 0.0, 0.0, 0.0, 0.0, 0.0, 0.0, 0.0, 0.0, 0.0, 0.0, 0.0, 0.0, 0.0, 0.0, 0.0, 0.0, 0.0, 0.0, 0.0, 0.0, 0.0, 0.0, 0.0, 0.0, 0.0, 0.0, 0.0, 0.0, 0.0, 0.0, 0.0, 0.0, 0.0, 0.0, 0.0, 0.0, 0.0, 0.0, 0.0, 0.0, 0.0, 0.0, 0.0, 0.0, 0.0, 0.0, 0.0, 0.0, 0.0, 0.0, 0.0, 0.0, 0.0, 0.0, 0.0, 0.0, 0.0, 0.0, 0.0, 0.0, 0.0, 0.0, 0.0, 0.0, 0.0, 0.0, 0.0, 0.0, 0.0, 0.0, 0.0, 0.0, 0.0, 0.0, 0.0, 0.0, 0.0, 0.0, 0.0, 0.0, 0.0, 0.0, 0.0, 0.0, 0.0, 0.0, 0.0, 0.0, 0.0, 0.0, 0.0, 0.0, 0.0, 0.0, 0.0, 0.0, 0.0, 0.0, 0.0, 0.0, 0.0, 0.0, 0.0, 0.0, 0.0, 0.0, 0.0, 0.0, 0.0, 0.0, 0.0, 0.0, 0.0, 0.0, 0.0, 0.0, 0.0, 0.0, 0.0, 0.0, 0.0, 0.0, 0.0, 0.0, 0.0, 0.0, 0.0, 0.0, 0.0, 0.0, 0.0, 0.0]",COMPLETE
