,number,value,datetime_start,datetime_complete,duration,params_batch_size_scaler,params_constant_learning_rate,params_depth,params_epochs,params_kernel_l2,params_num_trees,params_temperature,user_attrs_accuracy_test,user_attrs_accuracy_valid,user_attrs_approximate_feature_sparsity,user_attrs_approximate_feature_sparsity_history,user_attrs_approximate_weight_sparsity,user_attrs_approximate_weight_sparsity_history,user_attrs_auc_test,user_attrs_auc_valid,user_attrs_feature_sparsity,user_attrs_feature_sparsity_history,user_attrs_num_epochs,user_attrs_val_loss_history,user_attrs_weight_sparsity,user_attrs_weight_sparsity_history,state
164,164,0.7785420772629491,2024-08-31 06:40:47.704498,2024-08-31 06:41:43.339031,0 days 00:00:55.634533,1,8.055655794646974,3,75,0.010407137286202364,27,0.005656849227666804,0.864,0.8725,24,"[24, 24, 24, 24, 24, 24, 24, 24, 24, 24, 24, 24, 24, 24, 24, 24, 24, 24, 24, 24, 24, 24, 24, 24, 24, 24, 24, 24, 24, 24, 24, 24, 24, 24, 24, 24, 24, 24, 24, 24, 24, 24, 24, 24, 24, 24, 24, 24, 24, 24, 24, 24, 24, 24, 24, 24, 24, 24, 24, 24, 24, 24, 24, 24, 24, 24, 24, 24, 24, 24, 24, 24, 24, 24, 24]",21.798941798941797,"[24.0, 24.0, 23.994708994708994, 24.0, 24.0, 24.0, 24.0, 24.0, 24.0, 23.994708994708994, 24.0, 24.0, 23.994708994708994, 24.0, 24.0, 24.0, 24.0, 24.0, 24.0, 24.0, 24.0, 24.0, 24.0, 24.0, 23.994708994708994, 24.0, 24.0, 24.0, 23.994708994708994, 24.0, 23.994708994708994, 23.994708994708994, 23.994708994708994, 23.984126984126984, 23.994708994708994, 23.989417989417987, 23.994708994708994, 23.984126984126984, 23.973544973544975, 23.973544973544975, 23.96825396825397, 23.962962962962962, 23.962962962962962, 23.95238095238095, 23.941798941798943, 23.947089947089946, 23.941798941798943, 23.910052910052908, 23.904761904761905, 23.894179894179892, 23.88359788359788, 23.857142857142854, 23.82010582010582, 23.761904761904763, 23.730158730158728, 23.687830687830687, 23.650793650793652, 23.6031746031746, 23.513227513227513, 23.465608465608465, 23.38095238095238, 23.301587301587304, 23.22222222222222, 23.14285714285714, 23.05820105820106, 22.952380952380953, 22.814814814814817, 22.714285714285715, 22.6031746031746, 22.44973544973545, 22.3968253968254, 22.238095238095237, 22.116402116402114, 21.957671957671955, 21.798941798941797]",0.7577795391309373,0.7785420772629491,24,"[24, 24, 24, 24, 24, 24, 24, 24, 24, 24, 24, 24, 24, 24, 24, 24, 24, 24, 24, 24, 24, 24, 24, 24, 24, 24, 24, 24, 24, 24, 24, 24, 24, 24, 24, 24, 24, 24, 24, 24, 24, 24, 24, 24, 24, 24, 24, 24, 24, 24, 24, 24, 24, 24, 24, 24, 24, 24, 24, 24, 24, 24, 24, 24, 24, 24, 24, 24, 24, 24, 24, 24, 24, 24, 24]",75,"[2.524378776550293, 3.2612762451171875, 3.4585354328155518, 4.232231616973877, 3.5938658714294434, 5.144248008728027, 3.924375534057617, 4.108879566192627, 4.077329635620117, 3.9264724254608154, 5.584195137023926, 4.559590816497803, 5.026159286499023, 7.0227370262146, 5.457724094390869, 4.650450706481934, 3.9789066314697266, 4.36708927154541, 4.779493808746338, 4.240701198577881, 5.014482021331787, 4.195624828338623, 6.035042762756348, 4.2621541023254395, 4.052545547485352, 5.491060733795166, 6.9088239669799805, 5.3766279220581055, 4.484941482543945, 4.692965984344482, 4.857148170471191, 4.518728733062744, 4.788501262664795, 4.587493896484375, 5.877899169921875, 5.692162036895752, 4.430098056793213, 4.691003322601318, 8.304197311401367, 7.836935043334961, 5.167632579803467, 4.602189540863037, 5.8990654945373535, 4.93810510635376, 6.244592189788818, 5.410173416137695, 5.6057634353637695, 6.595929145812988, 5.3802690505981445, 5.121575832366943, 5.524089336395264, 4.6968607902526855, 5.944715976715088, 6.128012180328369, 4.464609146118164, 6.6768341064453125, 4.641620635986328, 7.1778106689453125, 4.3568620681762695, 7.733575344085693, 9.503854751586914, 5.432094573974609, 4.709961414337158, 3.9392592906951904, 5.1806817054748535, 4.089532375335693, 6.722829818725586, 4.517632961273193, 5.680859565734863, 4.524998664855957, 4.949575424194336, 4.195599555969238, 5.847609996795654, 4.399641036987305, 8.155742645263672]",24.0,"[24.0, 24.0, 24.0, 24.0, 24.0, 24.0, 24.0, 24.0, 24.0, 24.0, 24.0, 24.0, 24.0, 24.0, 24.0, 24.0, 24.0, 24.0, 24.0, 24.0, 24.0, 24.0, 24.0, 24.0, 24.0, 24.0, 24.0, 24.0, 24.0, 24.0, 24.0, 24.0, 24.0, 24.0, 24.0, 24.0, 24.0, 24.0, 24.0, 24.0, 24.0, 24.0, 24.0, 24.0, 24.0, 24.0, 24.0, 24.0, 24.0, 24.0, 24.0, 24.0, 24.0, 24.0, 24.0, 24.0, 24.0, 24.0, 24.0, 24.0, 24.0, 24.0, 24.0, 24.0, 24.0, 24.0, 24.0, 24.0, 24.0, 24.0, 24.0, 24.0, 24.0, 24.0, 24.0]",COMPLETE
165,165,0.8375648903144363,2024-08-31 06:41:43.351283,2024-08-31 06:42:19.646003,0 days 00:00:36.294720,16,1.8429600866499423,2,365,0.04591464805143989,52,0.002264126638862779,0.719,0.71375,3,"[33, 33, 33, 32, 20, 11, 6, 6, 6, 6, 5, 5, 5, 5, 5, 5, 5, 5, 5, 5, 5, 5, 5, 5, 5, 5, 5, 5, 5, 4, 4, 4, 4, 4, 4, 4, 4, 4, 3, 3, 3, 3, 3, 3, 3, 3, 3, 3, 3, 3, 3, 3, 3, 3, 3, 3, 3, 3, 3, 3, 3, 3, 3, 3, 3, 3, 3, 3, 3, 3, 3, 3, 3, 3, 3, 3, 3, 3, 3, 3, 3, 3, 3, 3, 3, 3, 3, 3, 3, 3, 3, 3, 3, 3, 3, 3, 3, 3, 3, 3, 3, 3, 3, 3, 3, 3, 3, 3, 3, 3, 3, 3, 3, 3, 3, 3, 3, 3, 3, 3, 3, 3, 3, 3, 3, 3, 3, 3, 3, 3, 3, 3, 3, 3, 3, 3, 3, 3, 3, 3, 3, 3, 3, 3, 3, 3, 3, 3, 3, 3, 3, 3, 3, 3, 3, 3, 3, 3, 3, 3, 3, 3, 3, 3, 3, 3, 3, 3, 3, 3, 3, 3, 3, 3, 3, 3, 3, 3, 3, 3, 3, 3, 3, 3, 3, 3, 3, 3, 3, 3, 3, 3, 3, 3, 3, 3, 3, 3, 3, 3, 3, 3, 3, 3, 3, 3, 3, 3, 3, 3, 3, 3, 3, 3, 3, 3, 3, 3, 3, 3, 3, 3, 3, 3, 3, 3, 3, 3, 3, 3, 3, 3, 3, 3, 3, 3, 3, 3, 3, 3, 3, 3, 3, 3, 3, 3, 3, 3, 3, 3, 3, 3, 3, 3, 3, 3, 3, 3, 3, 3, 3, 3, 3, 3, 3, 3, 3, 3, 3, 3, 3, 3, 3, 3, 3, 3, 3, 3, 3, 3, 3, 3, 3, 3, 3, 3, 3, 3, 3, 3, 3, 3, 3, 3, 3, 3, 3, 3, 3, 3, 3, 3, 3, 3, 3, 3, 3, 3, 3, 3, 3, 3, 3, 3, 3, 3, 3, 3, 3, 3, 3, 3, 3, 3, 3, 3, 3, 3, 3, 3, 3, 3, 3, 3, 3, 3, 3, 3, 3, 3, 3, 3, 3, 3, 3, 3, 3, 3, 3, 3, 3, 3, 3, 3, 3, 3, 3, 3, 3, 3, 3, 3, 3, 3, 3]",2.980769230769231,"[32.97435897435898, 32.98717948717949, 32.993589743589745, 31.98717948717949, 19.98717948717949, 11.0, 6.0, 6.0, 6.0, 5.993589743589744, 4.993589743589744, 5.0, 5.0, 5.0, 4.993589743589744, 4.993589743589744, 5.0, 5.0, 5.0, 5.0, 5.0, 4.993589743589744, 4.993589743589744, 4.987179487179487, 5.0, 5.0, 5.0, 5.0, 5.0, 3.9935897435897436, 4.0, 4.0, 4.0, 4.0, 4.0, 3.9935897435897436, 3.9935897435897436, 4.0, 2.9935897435897436, 3.0, 3.0, 3.0, 3.0, 3.0, 3.0, 3.0, 3.0, 3.0, 3.0, 3.0, 2.9935897435897436, 3.0, 3.0, 3.0, 3.0, 3.0, 3.0, 2.9935897435897436, 3.0, 3.0, 2.9935897435897436, 2.9935897435897436, 2.9871794871794872, 2.9935897435897436, 3.0, 3.0, 3.0, 2.9935897435897436, 3.0, 3.0, 3.0, 2.9935897435897436, 3.0, 2.9935897435897436, 3.0, 3.0, 3.0, 3.0, 3.0, 3.0, 3.0, 2.9935897435897436, 3.0, 3.0, 3.0, 3.0, 3.0, 3.0, 2.9935897435897436, 3.0, 3.0, 3.0, 3.0, 3.0, 2.9935897435897436, 2.9935897435897436, 3.0, 3.0, 2.9935897435897436, 3.0, 2.9935897435897436, 2.9935897435897436, 3.0, 3.0, 3.0, 3.0, 3.0, 3.0, 2.9935897435897436, 3.0, 2.9935897435897436, 3.0, 3.0, 3.0, 2.9935897435897436, 3.0, 3.0, 3.0, 3.0, 3.0, 3.0, 2.9935897435897436, 3.0, 3.0, 2.9935897435897436, 3.0, 3.0, 2.9935897435897436, 3.0, 3.0, 3.0, 3.0, 2.9935897435897436, 3.0, 3.0, 3.0, 3.0, 3.0, 3.0, 3.0, 3.0, 3.0, 3.0, 3.0, 2.9935897435897436, 2.9871794871794872, 2.9935897435897436, 2.9935897435897436, 3.0, 3.0, 2.9935897435897436, 3.0, 2.9935897435897436, 3.0, 2.9871794871794872, 3.0, 3.0, 2.9935897435897436, 2.9935897435897436, 3.0, 2.9935897435897436, 2.9935897435897436, 3.0, 3.0, 3.0, 3.0, 3.0, 3.0, 3.0, 3.0, 3.0, 3.0, 3.0, 2.9935897435897436, 3.0, 3.0, 2.9935897435897436, 3.0, 3.0, 2.9935897435897436, 3.0, 3.0, 3.0, 3.0, 3.0, 3.0, 2.9935897435897436, 3.0, 2.9935897435897436, 2.9935897435897436, 2.9935897435897436, 2.9935897435897436, 2.9935897435897436, 3.0, 3.0, 3.0, 3.0, 3.0, 3.0, 2.9935897435897436, 2.9935897435897436, 3.0, 3.0, 3.0, 3.0, 3.0, 3.0, 3.0, 3.0, 3.0, 3.0, 3.0, 3.0, 3.0, 3.0, 3.0, 3.0, 2.9935897435897436, 3.0, 3.0, 3.0, 3.0, 2.9935897435897436, 2.9935897435897436, 2.980769230769231, 3.0, 3.0, 3.0, 3.0, 3.0, 3.0, 2.9935897435897436, 2.9935897435897436, 2.9935897435897436, 3.0, 3.0, 2.9935897435897436, 3.0, 3.0, 2.9935897435897436, 3.0, 3.0, 2.9935897435897436, 2.9935897435897436, 2.9935897435897436, 3.0, 2.9935897435897436, 2.9935897435897436, 2.9935897435897436, 2.9935897435897436, 2.980769230769231, 2.980769230769231, 2.980769230769231, 2.9871794871794872, 2.9935897435897436, 2.9871794871794872, 2.9935897435897436, 2.9871794871794872, 2.9935897435897436, 2.9871794871794872, 2.980769230769231, 2.9871794871794872, 2.980769230769231, 2.980769230769231, 2.9935897435897436, 2.9871794871794872, 2.9871794871794872, 2.9935897435897436, 2.9935897435897436, 2.9743589743589745, 2.9935897435897436, 2.9935897435897436, 2.9871794871794872, 2.9871794871794872, 2.9935897435897436, 2.9935897435897436, 2.9935897435897436, 2.9935897435897436, 2.9935897435897436, 2.9935897435897436, 2.9935897435897436, 2.9871794871794872, 2.9935897435897436, 2.9935897435897436, 2.9935897435897436, 2.9935897435897436, 2.9871794871794872, 2.9935897435897436, 2.9871794871794872, 2.9871794871794872, 2.980769230769231, 2.967948717948718, 2.980769230769231, 2.9871794871794872, 2.980769230769231, 2.980769230769231, 2.967948717948718, 2.9743589743589745, 2.9743589743589745, 2.9743589743589745, 2.967948717948718, 2.9743589743589745, 2.9743589743589745, 2.980769230769231, 2.9743589743589745, 2.980769230769231, 2.980769230769231, 2.980769230769231, 2.980769230769231, 2.9871794871794872, 2.980769230769231, 2.980769230769231, 2.980769230769231, 2.967948717948718, 2.9743589743589745, 2.967948717948718, 2.967948717948718, 2.9743589743589745, 2.967948717948718, 2.980769230769231, 2.9743589743589745, 2.980769230769231, 2.980769230769231, 2.9743589743589745, 2.980769230769231, 2.980769230769231, 2.9871794871794872, 2.980769230769231, 2.980769230769231, 2.980769230769231, 2.9871794871794872, 2.9871794871794872, 2.9871794871794872, 2.9871794871794872, 2.980769230769231, 2.9871794871794872, 2.980769230769231, 2.9871794871794872, 2.980769230769231, 2.9871794871794872, 2.980769230769231, 2.980769230769231, 2.9871794871794872, 2.967948717948718, 2.9871794871794872, 2.980769230769231, 2.980769230769231, 2.9871794871794872, 2.9871794871794872, 2.980769230769231, 2.9871794871794872, 2.980769230769231, 2.9871794871794872, 2.980769230769231, 2.9871794871794872, 2.980769230769231, 2.9871794871794872, 2.967948717948718, 2.967948717948718, 2.980769230769231, 2.9743589743589745, 2.980769230769231, 2.980769230769231, 2.980769230769231, 2.980769230769231]",0.8328255682428025,0.8375648903144363,3,"[33, 33, 33, 32, 20, 11, 6, 6, 6, 6, 5, 5, 5, 5, 5, 5, 5, 5, 5, 5, 5, 5, 5, 5, 5, 5, 5, 5, 5, 4, 4, 4, 4, 4, 4, 4, 4, 4, 3, 3, 3, 3, 3, 3, 3, 3, 3, 3, 3, 3, 3, 3, 3, 3, 3, 3, 3, 3, 3, 3, 3, 3, 3, 3, 3, 3, 3, 3, 3, 3, 3, 3, 3, 3, 3, 3, 3, 3, 3, 3, 3, 3, 3, 3, 3, 3, 3, 3, 3, 3, 3, 3, 3, 3, 3, 3, 3, 3, 3, 3, 3, 3, 3, 3, 3, 3, 3, 3, 3, 3, 3, 3, 3, 3, 3, 3, 3, 3, 3, 3, 3, 3, 3, 3, 3, 3, 3, 3, 3, 3, 3, 3, 3, 3, 3, 3, 3, 3, 3, 3, 3, 3, 3, 3, 3, 3, 3, 3, 3, 3, 3, 3, 3, 3, 3, 3, 3, 3, 3, 3, 3, 3, 3, 3, 3, 3, 3, 3, 3, 3, 3, 3, 3, 3, 3, 3, 3, 3, 3, 3, 3, 3, 3, 3, 3, 3, 3, 3, 3, 3, 3, 3, 3, 3, 3, 3, 3, 3, 3, 3, 3, 3, 3, 3, 3, 3, 3, 3, 3, 3, 3, 3, 3, 3, 3, 3, 3, 3, 3, 3, 3, 3, 3, 3, 3, 3, 3, 3, 3, 3, 3, 3, 3, 3, 3, 3, 3, 3, 3, 3, 3, 3, 3, 3, 3, 3, 3, 3, 3, 3, 3, 3, 3, 3, 3, 3, 3, 3, 3, 3, 3, 3, 3, 3, 3, 3, 3, 3, 3, 3, 3, 3, 3, 3, 3, 3, 3, 3, 3, 3, 3, 3, 3, 3, 3, 3, 3, 3, 3, 3, 3, 3, 3, 3, 3, 3, 3, 3, 3, 3, 3, 3, 3, 3, 3, 3, 3, 3, 3, 3, 3, 3, 3, 3, 3, 3, 3, 3, 3, 3, 3, 3, 3, 3, 3, 3, 3, 3, 3, 3, 3, 3, 3, 3, 3, 3, 3, 3, 3, 3, 3, 3, 3, 3, 3, 3, 3, 3, 3, 3, 3, 3, 3, 3, 3, 3, 3, 3, 3, 3, 3, 3, 3, 3, 3]",365,"[3.6674954891204834, 1.5493593215942383, 0.4641846716403961, 3.172461748123169, 0.4866357743740082, 0.3630876839160919, 0.7396790981292725, 2.5671684741973877, 1.0829005241394043, 1.0739349126815796, 0.9035224318504333, 0.7151750922203064, 1.0020602941513062, 1.675320029258728, 0.634782075881958, 0.7974498867988586, 0.576759397983551, 0.4499695897102356, 0.34378474950790405, 0.6588134169578552, 0.5685877203941345, 0.4039524495601654, 1.1756634712219238, 0.5477736592292786, 0.7267197370529175, 0.7929946184158325, 0.5315176844596863, 0.563845694065094, 1.1577306985855103, 0.40321987867355347, 0.39328014850616455, 1.005867838859558, 0.8752811551094055, 1.0134540796279907, 0.3349548578262329, 0.7928363084793091, 0.7752217650413513, 1.4225071668624878, 1.3849467039108276, 3.0113213062286377, 0.37858572602272034, 0.5022484064102173, 0.5957550406455994, 1.4899650812149048, 1.2294059991836548, 0.3670741617679596, 0.6560394763946533, 0.870179295539856, 0.5844581723213196, 0.35688647627830505, 2.482309341430664, 0.7054926156997681, 0.8721811175346375, 0.43362653255462646, 2.448232650756836, 0.37222591042518616, 0.408752977848053, 0.5994566082954407, 0.3941197097301483, 2.3691391944885254, 1.2237112522125244, 1.2400187253952026, 2.4022059440612793, 1.903409719467163, 0.7825183868408203, 0.6118945479393005, 1.3178225755691528, 1.9217017889022827, 0.356618195772171, 0.473011314868927, 0.7093405723571777, 1.5927200317382812, 0.650422215461731, 0.3904378116130829, 1.3807371854782104, 2.481870174407959, 0.5052505731582642, 0.5299504995346069, 0.41906142234802246, 0.4090481102466583, 0.6596298217773438, 0.3459288775920868, 1.1500539779663086, 1.3473418951034546, 0.6064847707748413, 0.515714168548584, 0.6736541986465454, 0.38234302401542664, 0.6668914556503296, 0.444873571395874, 0.9373223781585693, 0.38058796525001526, 0.36123210191726685, 0.3443550169467926, 0.49867796897888184, 2.794313430786133, 1.1887710094451904, 0.4599655270576477, 0.36712440848350525, 0.5518305897712708, 3.5863099098205566, 0.828000009059906, 0.3579198122024536, 0.3469269573688507, 0.42417776584625244, 0.39234212040901184, 0.3384111523628235, 1.3102220296859741, 2.1612555980682373, 1.0904550552368164, 0.7210028171539307, 0.4053746163845062, 0.6474451422691345, 0.3815499246120453, 2.1804749965667725, 0.38714200258255005, 0.36599504947662354, 0.617988109588623, 1.5007930994033813, 0.8030885457992554, 0.9041029214859009, 0.896121621131897, 1.9329326152801514, 0.3558845818042755, 1.0843520164489746, 0.35737255215644836, 0.43393173813819885, 0.41433092951774597, 1.2018924951553345, 0.7849797606468201, 0.47941067814826965, 0.5267525315284729, 0.5441519618034363, 0.45803219079971313, 0.9696012139320374, 0.6739630699157715, 0.4684564173221588, 1.055066704750061, 0.807107150554657, 1.5234465599060059, 0.6581838726997375, 0.7614462971687317, 1.1665523052215576, 0.3568829298019409, 2.770312547683716, 1.2473630905151367, 0.7676815986633301, 0.42196545004844666, 2.0573570728302, 1.5321621894836426, 1.7476080656051636, 0.42197516560554504, 0.3696625828742981, 1.5551958084106445, 1.8827073574066162, 0.34406906366348267, 0.5107839107513428, 0.6452318429946899, 1.8199021816253662, 0.9388623833656311, 0.8535223603248596, 0.8322192430496216, 1.1571463346481323, 0.37199071049690247, 0.4027998447418213, 0.40250125527381897, 0.38272368907928467, 2.3080625534057617, 0.8466240167617798, 0.9084606170654297, 2.8699777126312256, 0.6433625221252441, 1.82358717918396, 3.4996631145477295, 0.3638444244861603, 0.4830976724624634, 1.34230375289917, 1.1939892768859863, 0.3591046929359436, 0.9465182423591614, 0.4008540213108063, 0.6646508574485779, 0.5359780788421631, 0.4235232174396515, 0.4523259401321411, 1.2411797046661377, 0.3690839409828186, 0.4056049585342407, 0.3494524657726288, 1.502113699913025, 0.48802807927131653, 0.37470927834510803, 0.5534848570823669, 0.3921811282634735, 3.2392492294311523, 0.34398967027664185, 1.1616616249084473, 0.461055725812912, 1.0858948230743408, 0.39843785762786865, 0.5703939199447632, 0.7973678112030029, 0.3948172628879547, 0.4002733528614044, 0.44421592354774475, 0.3611370325088501, 1.4846339225769043, 0.40117451548576355, 0.47818875312805176, 0.6620462536811829, 0.3561268746852875, 0.9581412672996521, 1.6613402366638184, 0.371387243270874, 0.3424847424030304, 0.42032718658447266, 0.3811039626598358, 0.3452094793319702, 0.3402650058269501, 0.9185234904289246, 0.5215171575546265, 3.19966197013855, 0.3496093451976776, 0.4979073405265808, 0.4650176167488098, 0.8289080262184143, 0.4228924810886383, 0.43280327320098877, 1.4289309978485107, 0.7838267683982849, 0.49816814064979553, 1.0497634410858154, 0.7727494239807129, 1.3130873441696167, 0.44973495602607727, 0.439321368932724, 0.34306663274765015, 0.6400161981582642, 0.3731575310230255, 1.3338689804077148, 0.5156455039978027, 0.7606918811798096, 0.4872688055038452, 0.6068351864814758, 0.4601345956325531, 0.6445274949073792, 1.3774256706237793, 0.5261601805686951, 1.1308399438858032, 1.1411410570144653, 0.3869079649448395, 0.3597419857978821, 0.9281632304191589, 2.413527011871338, 0.33910685777664185, 0.9765540361404419, 0.5128783583641052, 0.8527362942695618, 0.38720425963401794, 1.5204740762710571, 0.3422292470932007, 0.9468837976455688, 0.35533562302589417, 2.9397342205047607, 0.4812490940093994, 0.3527360260486603, 0.5173776149749756, 1.070986270904541, 1.2169557809829712, 1.5073084831237793, 0.38555946946144104, 1.6714997291564941, 0.3561788499355316, 0.5310245752334595, 2.043689250946045, 0.4638005495071411, 1.6659595966339111, 0.9380487203598022, 0.3714917004108429, 0.36898863315582275, 0.541074812412262, 0.35412362217903137, 0.3830670416355133, 0.3936583995819092, 0.7705047726631165, 0.44552356004714966, 0.4192887842655182, 1.9843766689300537, 0.36770689487457275, 0.36784863471984863, 0.3891827464103699, 0.3745048940181732, 0.6143596172332764, 0.5740580558776855, 0.3571518361568451, 0.3775155544281006, 1.211211085319519, 0.483880877494812, 0.7945279479026794, 0.5762550234794617, 1.0553176403045654, 0.3669891357421875, 2.1478841304779053, 0.48227936029434204, 0.6230564713478088, 0.4042895436286926, 1.1959705352783203, 0.43603405356407166, 0.38571232557296753, 1.8356575965881348, 0.3391281068325043, 1.1520678997039795, 0.5328212380409241, 0.32864102721214294, 0.37866920232772827, 0.4932069778442383, 0.4840259552001953, 0.6368629932403564, 0.3826350271701813, 0.4751206636428833, 0.3662009537220001, 0.6694431900978088, 0.3689464330673218, 1.4507131576538086, 0.5545721650123596, 0.37650203704833984, 0.42772528529167175, 0.6354017853736877, 0.42879989743232727, 0.9982959032058716, 1.4502688646316528, 1.538584589958191, 0.4624338448047638, 0.8457788228988647, 0.46547019481658936, 2.117521286010742, 0.3789277672767639, 0.42667534947395325, 0.38062939047813416, 0.5392609238624573, 1.0278687477111816, 0.7679039835929871, 0.341098427772522, 0.8154937624931335, 2.4990904331207275, 0.9903808832168579, 0.3661249279975891, 0.3930254876613617, 0.44337573647499084, 0.42769405245780945, 0.36697596311569214, 0.3601270020008087, 0.6235724091529846, 0.8798866868019104, 0.5721077919006348, 0.9896934628486633, 0.37635529041290283, 0.8005281686782837, 0.5401764512062073, 0.7748737335205078, 0.4282657504081726, 1.1453245878219604, 0.8028742074966431, 0.4974827468395233, 1.040244460105896]",3.0,"[33.0, 33.0, 33.0, 32.0, 20.0, 11.0, 6.0, 6.0, 6.0, 6.0, 5.0, 5.0, 5.0, 5.0, 5.0, 5.0, 5.0, 5.0, 5.0, 5.0, 5.0, 5.0, 5.0, 5.0, 5.0, 5.0, 5.0, 5.0, 5.0, 4.0, 4.0, 4.0, 4.0, 4.0, 4.0, 4.0, 4.0, 4.0, 3.0, 3.0, 3.0, 3.0, 3.0, 3.0, 3.0, 3.0, 3.0, 3.0, 3.0, 3.0, 3.0, 3.0, 3.0, 3.0, 3.0, 3.0, 3.0, 3.0, 3.0, 3.0, 3.0, 3.0, 3.0, 3.0, 3.0, 3.0, 3.0, 3.0, 3.0, 3.0, 3.0, 3.0, 3.0, 3.0, 3.0, 3.0, 3.0, 3.0, 3.0, 3.0, 3.0, 3.0, 3.0, 3.0, 3.0, 3.0, 3.0, 3.0, 3.0, 3.0, 3.0, 3.0, 3.0, 3.0, 3.0, 3.0, 3.0, 3.0, 3.0, 3.0, 3.0, 3.0, 3.0, 3.0, 3.0, 3.0, 3.0, 3.0, 3.0, 3.0, 3.0, 3.0, 3.0, 3.0, 3.0, 3.0, 3.0, 3.0, 3.0, 3.0, 3.0, 3.0, 3.0, 3.0, 3.0, 3.0, 3.0, 3.0, 3.0, 3.0, 3.0, 3.0, 3.0, 3.0, 3.0, 3.0, 3.0, 3.0, 3.0, 3.0, 3.0, 3.0, 3.0, 3.0, 3.0, 3.0, 3.0, 3.0, 3.0, 3.0, 3.0, 3.0, 3.0, 3.0, 3.0, 3.0, 3.0, 3.0, 3.0, 3.0, 3.0, 3.0, 3.0, 3.0, 3.0, 3.0, 3.0, 3.0, 3.0, 3.0, 3.0, 3.0, 3.0, 3.0, 3.0, 3.0, 3.0, 3.0, 3.0, 3.0, 3.0, 3.0, 3.0, 3.0, 3.0, 3.0, 3.0, 3.0, 3.0, 3.0, 3.0, 3.0, 3.0, 3.0, 3.0, 3.0, 3.0, 3.0, 3.0, 3.0, 3.0, 3.0, 3.0, 3.0, 3.0, 3.0, 3.0, 3.0, 3.0, 3.0, 3.0, 3.0, 3.0, 3.0, 3.0, 3.0, 3.0, 3.0, 3.0, 3.0, 3.0, 3.0, 3.0, 3.0, 3.0, 3.0, 3.0, 3.0, 3.0, 3.0, 3.0, 3.0, 3.0, 3.0, 3.0, 3.0, 3.0, 3.0, 3.0, 3.0, 3.0, 3.0, 3.0, 3.0, 3.0, 3.0, 3.0, 3.0, 3.0, 3.0, 3.0, 3.0, 3.0, 3.0, 3.0, 3.0, 3.0, 3.0, 3.0, 3.0, 3.0, 3.0, 3.0, 3.0, 3.0, 3.0, 3.0, 3.0, 3.0, 3.0, 3.0, 3.0, 3.0, 3.0, 3.0, 3.0, 3.0, 3.0, 3.0, 3.0, 3.0, 3.0, 3.0, 3.0, 3.0, 3.0, 3.0, 3.0, 3.0, 3.0, 3.0, 3.0, 3.0, 3.0, 3.0, 3.0, 3.0, 3.0, 3.0, 3.0, 3.0, 3.0, 3.0, 3.0, 3.0, 3.0, 3.0, 3.0, 3.0, 3.0, 3.0, 3.0, 3.0, 3.0, 3.0, 3.0, 3.0, 3.0, 3.0, 3.0, 3.0, 3.0, 3.0, 3.0, 3.0, 3.0, 3.0, 3.0, 3.0, 3.0, 3.0, 3.0, 3.0, 3.0, 3.0, 3.0, 3.0, 3.0, 3.0, 3.0, 3.0, 3.0, 3.0, 3.0, 3.0, 3.0, 3.0, 3.0, 3.0, 3.0, 3.0, 3.0, 3.0, 3.0, 3.0, 3.0, 3.0, 3.0, 3.0, 3.0, 3.0, 3.0, 3.0, 3.0, 3.0]",COMPLETE
