,number,value,datetime_start,datetime_complete,duration,params_batch_size_scaler,params_constant_learning_rate,params_depth,params_epochs,params_kernel_l2,params_num_trees,params_temperature,user_attrs_accuracy_test,user_attrs_accuracy_valid,user_attrs_approximate_feature_sparsity,user_attrs_approximate_feature_sparsity_history,user_attrs_approximate_weight_sparsity,user_attrs_approximate_weight_sparsity_history,user_attrs_auc_test,user_attrs_auc_valid,user_attrs_feature_sparsity,user_attrs_feature_sparsity_history,user_attrs_num_epochs,user_attrs_val_loss_history,user_attrs_weight_sparsity,user_attrs_weight_sparsity_history,state
66,66,0.8289471989282633,2024-08-31 03:18:32.873928,2024-08-31 03:19:06.473154,0 days 00:00:33.599226,4,0.02869448966598818,4,95,0.0425547485120266,7,0.028735412401428653,0.897,0.8925,33,"[33, 33, 33, 33, 33, 33, 33, 33, 33, 33, 33, 33, 33, 33, 33, 33, 33, 33, 33, 33, 33, 33, 33, 33, 33, 33, 33, 33, 33, 33, 33, 33, 33, 33, 33, 33, 33, 33, 33, 33, 33, 33, 33, 33, 33, 33, 33, 33, 33, 33, 33, 33, 33, 33, 33, 33, 33, 33, 33, 33, 33, 33, 33, 33, 33, 33, 33, 33, 33, 33, 33, 33, 33, 33, 33, 33, 33, 33, 33, 33, 33, 33, 33, 33, 33, 33, 33, 33, 33, 33, 33, 33, 33, 33, 33]",32.971428571428575,"[32.98095238095238, 32.971428571428575, 32.99047619047619, 32.99047619047619, 32.98095238095238, 32.99047619047619, 32.98095238095238, 32.99047619047619, 32.94285714285714, 32.98095238095238, 32.98095238095238, 32.98095238095238, 32.95238095238095, 32.971428571428575, 32.98095238095238, 32.98095238095238, 32.99047619047619, 32.971428571428575, 32.971428571428575, 32.98095238095238, 32.971428571428575, 32.95238095238095, 32.94285714285714, 32.98095238095238, 32.98095238095238, 32.98095238095238, 32.96190476190476, 32.971428571428575, 32.94285714285714, 32.98095238095238, 32.98095238095238, 32.96190476190476, 32.971428571428575, 32.96190476190476, 32.96190476190476, 32.94285714285714, 32.94285714285714, 32.96190476190476, 32.971428571428575, 32.971428571428575, 32.971428571428575, 32.971428571428575, 32.95238095238095, 32.94285714285714, 32.94285714285714, 32.95238095238095, 32.96190476190476, 32.96190476190476, 32.96190476190476, 32.95238095238095, 32.93333333333334, 32.95238095238095, 32.971428571428575, 32.971428571428575, 32.95238095238095, 32.971428571428575, 32.971428571428575, 32.95238095238095, 32.96190476190476, 32.95238095238095, 32.971428571428575, 32.971428571428575, 32.971428571428575, 32.98095238095238, 32.971428571428575, 32.96190476190476, 32.96190476190476, 32.96190476190476, 32.971428571428575, 32.98095238095238, 32.971428571428575, 32.95238095238095, 32.98095238095238, 32.99047619047619, 32.98095238095238, 32.98095238095238, 32.99047619047619, 32.99047619047619, 32.98095238095238, 32.98095238095238, 32.971428571428575, 32.98095238095238, 32.96190476190476, 32.971428571428575, 32.96190476190476, 32.96190476190476, 32.96190476190476, 32.96190476190476, 32.98095238095238, 32.95238095238095, 32.96190476190476, 32.971428571428575, 32.971428571428575, 32.96190476190476, 32.971428571428575]",0.8373170187996929,0.8289471989282633,33,"[33, 33, 33, 33, 33, 33, 33, 33, 33, 33, 33, 33, 33, 33, 33, 33, 33, 33, 33, 33, 33, 33, 33, 33, 33, 33, 33, 33, 33, 33, 33, 33, 33, 33, 33, 33, 33, 33, 33, 33, 33, 33, 33, 33, 33, 33, 33, 33, 33, 33, 33, 33, 33, 33, 33, 33, 33, 33, 33, 33, 33, 33, 33, 33, 33, 33, 33, 33, 33, 33, 33, 33, 33, 33, 33, 33, 33, 33, 33, 33, 33, 33, 33, 33, 33, 33, 33, 33, 33, 33, 33, 33, 33, 33, 33]",95,"[0.6645925045013428, 0.5231020450592041, 0.4647907018661499, 0.4374554455280304, 0.42348089814186096, 0.41528624296188354, 0.4100075662136078, 0.4062574803829193, 0.4034775495529175, 0.40120917558670044, 0.39927956461906433, 0.39757364988327026, 0.3960181772708893, 0.3946225047111511, 0.3933040201663971, 0.3920770585536957, 0.3909047842025757, 0.38979846239089966, 0.3887415826320648, 0.38772764801979065, 0.38674813508987427, 0.3858014643192291, 0.3848758339881897, 0.3839811384677887, 0.3830908536911011, 0.3822248876094818, 0.3813623785972595, 0.3805149793624878, 0.37967735528945923, 0.3788468539714813, 0.3780131936073303, 0.37718185782432556, 0.37637126445770264, 0.3755585849285126, 0.37474191188812256, 0.37392547726631165, 0.3731066882610321, 0.37227916717529297, 0.37145236134529114, 0.3706301748752594, 0.369802862405777, 0.36897972226142883, 0.3681482672691345, 0.3673185706138611, 0.36645662784576416, 0.36561697721481323, 0.36475539207458496, 0.363900750875473, 0.3630317747592926, 0.36216604709625244, 0.3612748980522156, 0.3604017496109009, 0.3595067858695984, 0.35861265659332275, 0.35770779848098755, 0.35679516196250916, 0.3558933734893799, 0.35497891902923584, 0.3540467321872711, 0.35311421751976013, 0.3521808981895447, 0.3512449264526367, 0.35029515624046326, 0.3493529260158539, 0.34839507937431335, 0.3474462032318115, 0.34648582339286804, 0.34551745653152466, 0.34454846382141113, 0.34358376264572144, 0.3426189422607422, 0.34164294600486755, 0.3406633734703064, 0.3396925628185272, 0.33870837092399597, 0.3377302587032318, 0.33676233887672424, 0.33578383922576904, 0.334828644990921, 0.3338504731655121, 0.3328776955604553, 0.3319139778614044, 0.3309521973133087, 0.3299872875213623, 0.3290504217147827, 0.32808634638786316, 0.3271302282810211, 0.3261827826499939, 0.32522812485694885, 0.32429200410842896, 0.32337328791618347, 0.32245340943336487, 0.3215409815311432, 0.3206298351287842, 0.31973496079444885]",33.0,"[33.0, 33.0, 33.0, 33.0, 33.0, 33.0, 33.0, 33.0, 33.0, 33.0, 33.0, 33.0, 33.0, 33.0, 33.0, 33.0, 33.0, 33.0, 33.0, 33.0, 33.0, 33.0, 33.0, 33.0, 33.0, 33.0, 33.0, 33.0, 33.0, 33.0, 33.0, 33.0, 33.0, 33.0, 33.0, 33.0, 33.0, 33.0, 33.0, 33.0, 33.0, 33.0, 33.0, 33.0, 33.0, 33.0, 33.0, 33.0, 33.0, 33.0, 33.0, 33.0, 33.0, 33.0, 33.0, 33.0, 33.0, 33.0, 33.0, 33.0, 33.0, 33.0, 33.0, 33.0, 33.0, 33.0, 33.0, 33.0, 33.0, 33.0, 33.0, 33.0, 33.0, 33.0, 33.0, 33.0, 33.0, 33.0, 33.0, 33.0, 33.0, 33.0, 33.0, 33.0, 33.0, 33.0, 33.0, 33.0, 33.0, 33.0, 33.0, 33.0, 33.0, 33.0, 33.0]",COMPLETE
