,number,value,datetime_start,datetime_complete,duration,params_batch_size_scaler,params_constant_learning_rate,params_depth,params_epochs,params_kernel_l2,params_num_trees,params_temperature,user_attrs_accuracy_test,user_attrs_accuracy_valid,user_attrs_approximate_feature_sparsity,user_attrs_approximate_feature_sparsity_history,user_attrs_approximate_weight_sparsity,user_attrs_approximate_weight_sparsity_history,user_attrs_auc_test,user_attrs_auc_valid,user_attrs_feature_sparsity,user_attrs_feature_sparsity_history,user_attrs_num_epochs,user_attrs_val_loss_history,user_attrs_weight_sparsity,user_attrs_weight_sparsity_history,state
113,113,0.5,2024-08-31 04:47:31.652255,2024-08-31 04:48:38.184572,0 days 00:01:06.532317,1,1.8765083083501135,1,195,0.0101725450631154,22,0.012334423228211246,0.859,0.85875,0,"[0, 0, 0, 0, 0, 0, 0, 0, 0, 0, 0, 0, 0, 0, 0, 0, 0, 0, 0, 0, 0, 0, 0, 0, 0, 0, 0, 0, 0, 0, 0, 0, 0, 0, 0, 0, 0, 0, 0, 0, 0, 0, 0, 0, 0, 0, 0, 0, 0, 0, 0, 0, 0, 0, 0, 0, 0, 0, 0, 0, 0, 0, 0, 0, 0, 0, 0, 0, 0, 0, 0, 0, 0, 0, 0, 0, 0, 0, 0, 0, 0, 0, 0, 0, 0, 0, 0, 0, 0, 0, 0, 0, 0, 0, 0, 0, 0, 0, 0, 0, 0, 0, 0, 0, 0, 0, 0, 0, 0, 0, 0, 0, 0, 0, 0, 0, 0, 0, 0, 0, 0, 0, 0, 0, 0, 0, 0, 0, 0, 0, 0, 0, 0, 0, 0, 0, 0, 0, 0, 0, 0, 0, 0, 0, 0, 0, 0, 0, 0, 0, 0, 0, 0, 0, 0, 0, 0, 0, 0, 0, 0, 0, 0, 0, 0, 0, 0, 0, 0, 0, 0, 0, 0, 0, 0, 0, 0, 0, 0, 0, 0, 0, 0, 0, 0, 0, 0, 0, 0, 0, 0, 0, 0, 0, 0]",0.0,"[0.0, 0.0, 0.0, 0.0, 0.0, 0.0, 0.0, 0.0, 0.0, 0.0, 0.0, 0.0, 0.0, 0.0, 0.0, 0.0, 0.0, 0.0, 0.0, 0.0, 0.0, 0.0, 0.0, 0.0, 0.0, 0.0, 0.0, 0.0, 0.0, 0.0, 0.0, 0.0, 0.0, 0.0, 0.0, 0.0, 0.0, 0.0, 0.0, 0.0, 0.0, 0.0, 0.0, 0.0, 0.0, 0.0, 0.0, 0.0, 0.0, 0.0, 0.0, 0.0, 0.0, 0.0, 0.0, 0.0, 0.0, 0.0, 0.0, 0.0, 0.0, 0.0, 0.0, 0.0, 0.0, 0.0, 0.0, 0.0, 0.0, 0.0, 0.0, 0.0, 0.0, 0.0, 0.0, 0.0, 0.0, 0.0, 0.0, 0.0, 0.0, 0.0, 0.0, 0.0, 0.0, 0.0, 0.0, 0.0, 0.0, 0.0, 0.0, 0.0, 0.0, 0.0, 0.0, 0.0, 0.0, 0.0, 0.0, 0.0, 0.0, 0.0, 0.0, 0.0, 0.0, 0.0, 0.0, 0.0, 0.0, 0.0, 0.0, 0.0, 0.0, 0.0, 0.0, 0.0, 0.0, 0.0, 0.0, 0.0, 0.0, 0.0, 0.0, 0.0, 0.0, 0.0, 0.0, 0.0, 0.0, 0.0, 0.0, 0.0, 0.0, 0.0, 0.0, 0.0, 0.0, 0.0, 0.0, 0.0, 0.0, 0.0, 0.0, 0.0, 0.0, 0.0, 0.0, 0.0, 0.0, 0.0, 0.0, 0.0, 0.0, 0.0, 0.0, 0.0, 0.0, 0.0, 0.0, 0.0, 0.0, 0.0, 0.0, 0.0, 0.0, 0.0, 0.0, 0.0, 0.0, 0.0, 0.0, 0.0, 0.0, 0.0, 0.0, 0.0, 0.0, 0.0, 0.0, 0.0, 0.0, 0.0, 0.0, 0.0, 0.0, 0.0, 0.0, 0.0, 0.0, 0.0, 0.0, 0.0, 0.0, 0.0, 0.0]",0.5,0.5,0,"[0, 0, 0, 0, 0, 0, 0, 0, 0, 0, 0, 0, 0, 0, 0, 0, 0, 0, 0, 0, 0, 0, 0, 0, 0, 0, 0, 0, 0, 0, 0, 0, 0, 0, 0, 0, 0, 0, 0, 0, 0, 0, 0, 0, 0, 0, 0, 0, 0, 0, 0, 0, 0, 0, 0, 0, 0, 0, 0, 0, 0, 0, 0, 0, 0, 0, 0, 0, 0, 0, 0, 0, 0, 0, 0, 0, 0, 0, 0, 0, 0, 0, 0, 0, 0, 0, 0, 0, 0, 0, 0, 0, 0, 0, 0, 0, 0, 0, 0, 0, 0, 0, 0, 0, 0, 0, 0, 0, 0, 0, 0, 0, 0, 0, 0, 0, 0, 0, 0, 0, 0, 0, 0, 0, 0, 0, 0, 0, 0, 0, 0, 0, 0, 0, 0, 0, 0, 0, 0, 0, 0, 0, 0, 0, 0, 0, 0, 0, 0, 0, 0, 0, 0, 0, 0, 0, 0, 0, 0, 0, 0, 0, 0, 0, 0, 0, 0, 0, 0, 0, 0, 0, 0, 0, 0, 0, 0, 0, 0, 0, 0, 0, 0, 0, 0, 0, 0, 0, 0, 0, 0, 0, 0, 0, 0]",195,"[1.8543723821640015, 0.9116902351379395, 1.8416906595230103, 2.189607620239258, 0.8843653798103333, 0.7028009295463562, 3.1417064666748047, 1.4211196899414062, 1.4811471700668335, 0.7952567338943481, 1.3236095905303955, 0.7616095542907715, 2.4430606365203857, 0.4660988748073578, 3.385328769683838, 0.4828885793685913, 0.45170459151268005, 0.5240232944488525, 1.2408115863800049, 1.7922499179840088, 3.6596901416778564, 1.717715859413147, 3.443477153778076, 2.9754345417022705, 0.40792155265808105, 0.7823526859283447, 4.03847599029541, 4.676107883453369, 6.749324321746826, 3.9995241165161133, 2.9305853843688965, 0.8472397327423096, 0.4209819436073303, 2.397392988204956, 0.4624539613723755, 0.42538952827453613, 3.438096284866333, 4.416469097137451, 0.5267766714096069, 0.9561241269111633, 1.8294070959091187, 0.549058198928833, 1.982672095298767, 2.4990954399108887, 2.5661983489990234, 1.5075881481170654, 2.7781074047088623, 3.962265968322754, 0.4098474383354187, 3.6597511768341064, 1.8713431358337402, 4.2400617599487305, 0.824881911277771, 1.3588690757751465, 2.849351167678833, 1.6280370950698853, 1.8688104152679443, 0.4131096303462982, 0.5814433693885803, 2.443338632583618, 6.219326972961426, 2.1994495391845703, 1.8784027099609375, 1.914756178855896, 1.2379217147827148, 2.2465779781341553, 0.5796054601669312, 0.9723600149154663, 0.5074556469917297, 0.5282688736915588, 0.9014946818351746, 2.0913655757904053, 0.7889052033424377, 0.8295334577560425, 1.5166444778442383, 0.6145485639572144, 0.4161761999130249, 1.2903201580047607, 1.491187572479248, 2.0588676929473877, 1.395251750946045, 1.8280816078186035, 2.568979263305664, 1.8275444507598877, 4.308414459228516, 2.0232229232788086, 3.9457578659057617, 2.548379421234131, 1.9636880159378052, 3.2333502769470215, 3.6541810035705566, 2.143178939819336, 1.4838377237319946, 3.485023260116577, 0.44678744673728943, 1.3301326036453247, 3.8951916694641113, 4.199796676635742, 0.6447991132736206, 0.46331000328063965, 7.047896862030029, 0.4219084680080414, 0.6781834363937378, 2.4739978313446045, 1.6779208183288574, 0.7157552242279053, 1.1104953289031982, 2.808159828186035, 0.5690279603004456, 1.8084487915039062, 4.389735698699951, 0.7960785031318665, 1.5836083889007568, 0.7127494812011719, 4.834179878234863, 1.999098777770996, 1.5165284872055054, 3.6394362449645996, 0.41315025091171265, 4.372305393218994, 1.55812406539917, 3.9220190048217773, 0.9218406677246094, 1.6543077230453491, 3.3301613330841064, 1.3917672634124756, 0.5378207564353943, 1.8542016744613647, 0.7332935929298401, 2.0690267086029053, 1.861667513847351, 4.668460369110107, 4.292401313781738, 3.275369882583618, 1.723923921585083, 2.0004420280456543, 1.7966080904006958, 0.48415276408195496, 0.8778051137924194, 2.6123833656311035, 2.1619997024536133, 1.006320834159851, 1.9883347749710083, 4.734071731567383, 4.437917709350586, 0.5903934836387634, 2.9022533893585205, 0.4288056492805481, 3.886333703994751, 2.5870206356048584, 1.7582076787948608, 0.691104531288147, 1.0591737031936646, 2.2186996936798096, 2.432971477508545, 1.1787006855010986, 4.323774814605713, 2.5656986236572266, 1.113195538520813, 1.4019384384155273, 2.974581718444824, 1.0038471221923828, 0.44792884588241577, 1.8049042224884033, 1.6479836702346802, 0.9625135064125061, 3.6267874240875244, 0.6975759863853455, 2.140585422515869, 4.23394775390625, 1.4848928451538086, 0.7056410312652588, 1.2845338582992554, 0.9179357886314392, 2.9763948917388916, 4.306307792663574, 1.0107415914535522, 1.0325325727462769, 1.8761094808578491, 3.2959024906158447, 2.732029438018799, 2.5915088653564453, 3.9869000911712646, 1.0480811595916748, 1.491145133972168, 0.876497745513916, 0.6902740001678467, 3.3617162704467773, 2.220566749572754, 0.7568429708480835, 3.4608657360076904, 0.4236396849155426, 2.725162982940674, 1.7975244522094727, 1.798506259918213]",0.0,"[0.0, 0.0, 0.0, 0.0, 0.0, 0.0, 0.0, 0.0, 0.0, 0.0, 0.0, 0.0, 0.0, 0.0, 0.0, 0.0, 0.0, 0.0, 0.0, 0.0, 0.0, 0.0, 0.0, 0.0, 0.0, 0.0, 0.0, 0.0, 0.0, 0.0, 0.0, 0.0, 0.0, 0.0, 0.0, 0.0, 0.0, 0.0, 0.0, 0.0, 0.0, 0.0, 0.0, 0.0, 0.0, 0.0, 0.0, 0.0, 0.0, 0.0, 0.0, 0.0, 0.0, 0.0, 0.0, 0.0, 0.0, 0.0, 0.0, 0.0, 0.0, 0.0, 0.0, 0.0, 0.0, 0.0, 0.0, 0.0, 0.0, 0.0, 0.0, 0.0, 0.0, 0.0, 0.0, 0.0, 0.0, 0.0, 0.0, 0.0, 0.0, 0.0, 0.0, 0.0, 0.0, 0.0, 0.0, 0.0, 0.0, 0.0, 0.0, 0.0, 0.0, 0.0, 0.0, 0.0, 0.0, 0.0, 0.0, 0.0, 0.0, 0.0, 0.0, 0.0, 0.0, 0.0, 0.0, 0.0, 0.0, 0.0, 0.0, 0.0, 0.0, 0.0, 0.0, 0.0, 0.0, 0.0, 0.0, 0.0, 0.0, 0.0, 0.0, 0.0, 0.0, 0.0, 0.0, 0.0, 0.0, 0.0, 0.0, 0.0, 0.0, 0.0, 0.0, 0.0, 0.0, 0.0, 0.0, 0.0, 0.0, 0.0, 0.0, 0.0, 0.0, 0.0, 0.0, 0.0, 0.0, 0.0, 0.0, 0.0, 0.0, 0.0, 0.0, 0.0, 0.0, 0.0, 0.0, 0.0, 0.0, 0.0, 0.0, 0.0, 0.0, 0.0, 0.0, 0.0, 0.0, 0.0, 0.0, 0.0, 0.0, 0.0, 0.0, 0.0, 0.0, 0.0, 0.0, 0.0, 0.0, 0.0, 0.0, 0.0, 0.0, 0.0, 0.0, 0.0, 0.0, 0.0, 0.0, 0.0, 0.0, 0.0, 0.0]",COMPLETE
114,114,0.6853834164186987,2024-08-31 04:48:40.281736,2024-08-31 04:48:47.455173,0 days 00:00:07.173437,16,0.024235737300143792,3,40,0.18811606662441227,25,0.020161436897769374,0.859,0.85875,33,"[33, 33, 33, 33, 33, 33, 33, 33, 33, 33, 33, 33, 33, 33, 33, 33, 33, 33, 33, 33, 33, 33, 33, 33, 33, 33, 33, 33, 33, 33, 33, 33, 33, 33, 33, 33, 33, 33, 33, 33]",32.98285714285714,"[32.97714285714286, 32.98285714285714, 32.97714285714286, 32.97714285714286, 32.965714285714284, 32.971428571428575, 32.971428571428575, 32.965714285714284, 32.97714285714286, 32.971428571428575, 32.98857142857143, 32.98285714285714, 32.965714285714284, 32.98857142857143, 32.994285714285716, 32.98857142857143, 32.994285714285716, 32.98857142857143, 32.98857142857143, 32.98857142857143, 32.98285714285714, 32.98285714285714, 32.98285714285714, 32.97714285714286, 32.98857142857143, 32.98857142857143, 32.98285714285714, 32.971428571428575, 32.98285714285714, 32.97714285714286, 32.98285714285714, 32.98285714285714, 32.98285714285714, 32.98285714285714, 32.98285714285714, 32.971428571428575, 32.971428571428575, 32.971428571428575, 32.97714285714286, 32.98285714285714]",0.7160148283919121,0.6853834164186987,33,"[33, 33, 33, 33, 33, 33, 33, 33, 33, 33, 33, 33, 33, 33, 33, 33, 33, 33, 33, 33, 33, 33, 33, 33, 33, 33, 33, 33, 33, 33, 33, 33, 33, 33, 33, 33, 33, 33, 33, 33]",40,"[0.5191777944564819, 0.4872227907180786, 0.47257328033447266, 0.46485164761543274, 0.4601267874240875, 0.45713451504707336, 0.4550972878932953, 0.4534232020378113, 0.45199212431907654, 0.45069676637649536, 0.4495273530483246, 0.4483909606933594, 0.44735705852508545, 0.44640856981277466, 0.44544723629951477, 0.44460758566856384, 0.44372040033340454, 0.4429505169391632, 0.44213277101516724, 0.4413641393184662, 0.4406135678291321, 0.43989241123199463, 0.4392032325267792, 0.43850064277648926, 0.4378568232059479, 0.43721145391464233, 0.4366031587123871, 0.43602630496025085, 0.4354723393917084, 0.4349231421947479, 0.4343770146369934, 0.4338691234588623, 0.4333372414112091, 0.4327974319458008, 0.4323170781135559, 0.43185004591941833, 0.431405246257782, 0.4309360384941101, 0.4305211007595062, 0.4300731420516968]",33.0,"[33.0, 33.0, 33.0, 33.0, 33.0, 33.0, 33.0, 33.0, 33.0, 33.0, 33.0, 33.0, 33.0, 33.0, 33.0, 33.0, 33.0, 33.0, 33.0, 33.0, 33.0, 33.0, 33.0, 33.0, 33.0, 33.0, 33.0, 33.0, 33.0, 33.0, 33.0, 33.0, 33.0, 33.0, 33.0, 33.0, 33.0, 33.0, 33.0, 33.0]",COMPLETE
