,number,value,datetime_start,datetime_complete,duration,params_batch_size_scaler,params_constant_learning_rate,params_depth,params_epochs,params_kernel_l2,params_num_trees,params_temperature,user_attrs_accuracy_test,user_attrs_accuracy_valid,user_attrs_approximate_feature_sparsity,user_attrs_approximate_feature_sparsity_history,user_attrs_approximate_weight_sparsity,user_attrs_approximate_weight_sparsity_history,user_attrs_auc_test,user_attrs_auc_valid,user_attrs_feature_sparsity,user_attrs_feature_sparsity_history,user_attrs_num_epochs,user_attrs_val_loss_history,user_attrs_weight_sparsity,user_attrs_weight_sparsity_history,state
152,152,0.9290360809470444,2024-08-31 05:58:10.092706,2024-08-31 05:58:53.940799,0 days 00:00:43.848093,64,4.560486261154752,5,110,0.001261418991188078,81,0.00040854710506259425,0.937,0.94375,19,"[33, 33, 33, 33, 33, 33, 33, 33, 33, 33, 33, 33, 33, 33, 33, 33, 33, 33, 33, 33, 33, 33, 33, 33, 33, 33, 33, 33, 33, 33, 33, 33, 33, 33, 33, 33, 33, 33, 33, 33, 33, 33, 33, 33, 33, 33, 28, 26, 25, 24, 24, 24, 23, 23, 23, 23, 22, 22, 22, 22, 21, 21, 21, 21, 21, 21, 21, 21, 21, 21, 21, 21, 21, 20, 20, 20, 20, 20, 20, 20, 20, 20, 20, 20, 20, 20, 20, 20, 20, 20, 20, 20, 20, 20, 20, 20, 19, 19, 19, 19, 19, 19, 19, 19, 19, 19, 19, 19, 19, 19]",18.969733174034253,"[32.92831541218638, 32.923138191955395, 32.93707686180804, 32.93309438470728, 32.9394663480685, 32.929510155316606, 32.93508562325766, 32.93150139386699, 32.929111907606526, 32.93468737554759, 32.93468737554759, 32.92831541218638, 32.918359219434485, 32.92751891676623, 32.924731182795696, 32.92911190760653, 32.92712066905615, 32.93110314615691, 32.918359219434485, 32.927917164476305, 32.92990840302669, 32.92194344882517, 32.92393468737555, 32.93150139386698, 32.92831541218638, 32.92751891676623, 32.93229788928714, 32.92393468737555, 32.93588211867782, 32.932297889287135, 32.93508562325766, 32.92393468737555, 32.93747510951812, 32.93588211867782, 32.93309438470729, 32.933890880127436, 32.93508562325766, 32.93309438470729, 32.93508562325766, 32.93468737554759, 32.933890880127436, 32.932696136997215, 32.93349263241736, 32.93787335722819, 32.93787335722819, 32.926324173636, 27.945440063719637, 25.954201513341303, 24.95778574273198, 23.95778574273198, 23.96136997212266, 23.956989247311824, 22.952608522500995, 22.949820788530467, 22.95659099960175, 22.958980485862206, 21.96216646754281, 21.965352449223417, 21.954599761051373, 21.958980485862206, 20.96256471525289, 20.962166467542808, 20.96415770609319, 20.961768219832738, 20.960175228992433, 20.97132616487455, 20.961768219832734, 20.96336121067304, 20.958980485862206, 20.962962962962962, 20.958980485862206, 20.965352449223413, 20.96495420151334, 19.96575069693349, 19.968936678614096, 19.96774193548387, 19.96575069693349, 19.966547192353644, 19.963759458383112, 19.96774193548387, 19.964555953803266, 19.959378733572283, 19.963759458383112, 19.96774193548387, 19.964954201513343, 19.966148944643567, 19.966148944643567, 19.964954201513343, 19.96415770609319, 19.96336121067304, 19.966945440063718, 19.96375945838311, 19.967343687773795, 19.969733174034246, 19.962564715252885, 19.966547192353644, 18.9721226602947, 18.966945440063718, 18.970927917164477, 18.968140183193945, 18.97132616487455, 18.969334926324173, 18.964555953803263, 18.9705296694544, 18.970927917164477, 18.975308641975307, 18.97132616487455, 18.976503385105534, 18.969733174034253, 18.969733174034253]",0.9123589197400903,0.9290360809470444,19,"[33, 33, 33, 33, 33, 33, 33, 33, 33, 33, 33, 33, 33, 33, 33, 33, 33, 33, 33, 33, 33, 33, 33, 33, 33, 33, 33, 33, 33, 33, 33, 33, 33, 33, 33, 33, 33, 33, 33, 33, 33, 33, 33, 33, 33, 33, 28, 26, 25, 24, 24, 24, 23, 23, 23, 23, 22, 22, 22, 22, 21, 21, 21, 21, 21, 21, 21, 21, 21, 21, 21, 21, 21, 20, 20, 20, 20, 20, 20, 20, 20, 20, 20, 20, 20, 20, 20, 20, 20, 20, 20, 20, 20, 20, 20, 20, 19, 19, 19, 19, 19, 19, 19, 19, 19, 19, 19, 19, 19, 19]",110,"[0.549284040927887, 0.7838373780250549, 1.056236982345581, 0.3812466859817505, 0.639689028263092, 0.45254477858543396, 0.4471367597579956, 0.3561576008796692, 0.3746953308582306, 0.6622347235679626, 0.6228476166725159, 0.3973391056060791, 0.4115418493747711, 0.3346603810787201, 0.3692339360713959, 0.45959895849227905, 0.5473349094390869, 0.6034770011901855, 0.3170422315597534, 0.31495049595832825, 0.46149739623069763, 0.5563700199127197, 0.7067404389381409, 0.38866421580314636, 0.642151951789856, 0.31339031457901, 0.2843858003616333, 0.35079529881477356, 0.38097113370895386, 0.26337146759033203, 0.30542218685150146, 0.2719447612762451, 0.2622154653072357, 0.26373955607414246, 0.28267866373062134, 0.26429682970046997, 0.27047979831695557, 0.24445423483848572, 0.24955865740776062, 0.2541165351867676, 0.2753390669822693, 0.2564379870891571, 0.28050339221954346, 0.2517499327659607, 0.22830186784267426, 0.22871260344982147, 0.23451009392738342, 0.22761206328868866, 0.26426008343696594, 0.22360680997371674, 0.23147045075893402, 0.2635108232498169, 0.2699791193008423, 0.24935825169086456, 0.21704556047916412, 0.2519682049751282, 0.2258845716714859, 0.2118668407201767, 0.21242398023605347, 0.22078445553779602, 0.2326347529888153, 0.25921887159347534, 0.2275507152080536, 0.2455209493637085, 0.2533521354198456, 0.22731953859329224, 0.20261092483997345, 0.21777798235416412, 0.20808446407318115, 0.21292619407176971, 0.2309725135564804, 0.20896516740322113, 0.3163776099681854, 0.24711140990257263, 0.2109667807817459, 0.19332271814346313, 0.19955162703990936, 0.29158875346183777, 0.2298191636800766, 0.1958080679178238, 0.20271234214305878, 0.196740061044693, 0.1951410472393036, 0.22876451909542084, 0.28515204787254333, 0.23959431052207947, 0.2789405584335327, 0.19274331629276276, 0.19577999413013458, 0.1931857168674469, 0.199616476893425, 0.20459094643592834, 0.19335122406482697, 0.1876070201396942, 0.19347184896469116, 0.19104120135307312, 0.2036002278327942, 0.18476778268814087, 0.21770338714122772, 0.2226254642009735, 0.18644998967647552, 0.1846793293952942, 0.21635442972183228, 0.17617259919643402, 0.24434980750083923, 0.1840212196111679, 0.1843462586402893, 0.1799406260251999, 0.18680362403392792, 0.18893970549106598]",19.0,"[33.0, 33.0, 33.0, 33.0, 33.0, 33.0, 33.0, 33.0, 33.0, 33.0, 33.0, 33.0, 33.0, 33.0, 33.0, 33.0, 33.0, 33.0, 33.0, 33.0, 33.0, 33.0, 33.0, 33.0, 33.0, 33.0, 33.0, 33.0, 33.0, 33.0, 33.0, 33.0, 33.0, 33.0, 33.0, 33.0, 33.0, 33.0, 33.0, 33.0, 33.0, 33.0, 33.0, 33.0, 33.0, 33.0, 28.0, 26.0, 25.0, 24.0, 24.0, 24.0, 23.0, 23.0, 23.0, 23.0, 22.0, 22.0, 22.0, 22.0, 21.0, 21.0, 21.0, 21.0, 21.0, 21.0, 21.0, 21.0, 21.0, 21.0, 21.0, 21.0, 21.0, 20.0, 20.0, 20.0, 20.0, 20.0, 20.0, 20.0, 20.0, 20.0, 20.0, 20.0, 20.0, 20.0, 20.0, 20.0, 20.0, 20.0, 20.0, 20.0, 20.0, 20.0, 20.0, 20.0, 19.0, 19.0, 19.0, 19.0, 19.0, 19.0, 19.0, 19.0, 19.0, 19.0, 19.0, 19.0, 19.0, 19.0]",COMPLETE
