,number,value,datetime_start,datetime_complete,duration,params_batch_size_scaler,params_constant_learning_rate,params_depth,params_epochs,params_kernel_l2,params_num_trees,params_temperature,user_attrs_accuracy_test,user_attrs_accuracy_valid,user_attrs_approximate_feature_sparsity,user_attrs_approximate_feature_sparsity_history,user_attrs_approximate_weight_sparsity,user_attrs_approximate_weight_sparsity_history,user_attrs_auc_test,user_attrs_auc_valid,user_attrs_feature_sparsity,user_attrs_feature_sparsity_history,user_attrs_num_epochs,user_attrs_val_loss_history,user_attrs_weight_sparsity,user_attrs_weight_sparsity_history,state
147,147,0.4857015882830313,2024-08-31 05:49:20.512889,2024-08-31 05:50:29.993486,0 days 00:01:09.480597,16,7.62166228088845,2,480,0.6536296731722061,96,0.00022369433921570167,0.859,0.85875,3,"[33, 33, 30, 30, 30, 30, 30, 30, 29, 29, 29, 29, 29, 29, 29, 29, 29, 29, 29, 29, 29, 29, 29, 29, 29, 28, 29, 29, 29, 29, 29, 29, 29, 29, 29, 28, 28, 28, 28, 28, 29, 28, 28, 27, 26, 26, 26, 26, 26, 24, 25, 25, 25, 24, 24, 23, 22, 21, 22, 22, 23, 22, 23, 23, 23, 22, 24, 21, 22, 20, 20, 20, 18, 18, 18, 18, 18, 18, 16, 16, 16, 14, 16, 16, 16, 16, 16, 16, 14, 15, 15, 15, 15, 14, 14, 14, 14, 14, 12, 12, 13, 14, 14, 14, 14, 11, 11, 13, 13, 14, 14, 14, 10, 10, 12, 12, 10, 10, 9, 9, 9, 10, 9, 9, 12, 10, 11, 9, 9, 9, 9, 9, 9, 8, 8, 10, 10, 10, 9, 9, 9, 11, 10, 10, 10, 10, 11, 9, 9, 9, 9, 9, 9, 10, 9, 9, 9, 9, 10, 10, 10, 10, 9, 10, 12, 9, 9, 9, 9, 10, 10, 10, 11, 9, 9, 10, 9, 9, 9, 9, 9, 9, 8, 8, 11, 9, 10, 9, 9, 10, 9, 9, 9, 9, 9, 9, 9, 9, 9, 9, 9, 9, 9, 8, 9, 8, 8, 8, 8, 8, 8, 8, 8, 9, 9, 8, 8, 8, 7, 8, 7, 8, 8, 9, 9, 9, 8, 8, 8, 8, 8, 8, 8, 8, 8, 9, 8, 7, 7, 6, 6, 7, 7, 9, 8, 8, 11, 9, 9, 7, 7, 7, 7, 7, 7, 6, 6, 6, 6, 6, 6, 6, 6, 4, 5, 5, 5, 5, 5, 5, 5, 4, 5, 5, 5, 5, 4, 5, 5, 5, 5, 4, 5, 5, 5, 5, 4, 4, 5, 5, 5, 5, 3, 5, 5, 5, 5, 4, 4, 5, 5, 5, 4, 4, 5, 4, 5, 5, 5, 3, 4, 4, 4, 4, 4, 4, 4, 5, 5, 5, 4, 3, 3, 4, 4, 4, 4, 4, 4, 4, 4, 3, 4, 4, 4, 5, 4, 5, 3, 3, 6, 4, 4, 4, 4, 3, 4, 5, 4, 4, 4, 4, 4, 3, 4, 4, 4, 4, 4, 4, 4, 4, 5, 4, 4, 4, 4, 3, 4, 4, 4, 4, 5, 5, 5, 5, 5, 5, 4, 5, 5, 3, 3, 2, 3, 3, 2, 3, 3, 3, 3, 5, 3, 3, 2, 3, 3, 5, 2, 3, 5, 3, 2, 3, 3, 3, 3, 3, 5, 3, 3, 2, 3, 3, 3, 3, 3, 5, 5, 5, 4, 4, 5, 5, 5, 5, 4, 4, 4, 3, 6, 5, 4, 3, 5, 5, 5, 5, 5, 4, 5, 4, 4, 5, 5, 5, 5, 5, 5, 4, 3, 5, 5, 3, 5, 4, 5, 5, 5, 3, 2, 3, 3, 4, 3, 3, 4, 2, 3, 5, 3, 3, 5, 5, 3, 4, 5, 2, 4, 3]",2.4479166666666665,"[32.986111111111114, 32.979166666666664, 29.993055555555557, 29.98611111111111, 29.993055555555557, 29.98611111111111, 29.989583333333336, 29.975694444444443, 28.989583333333336, 28.97222222222222, 28.979166666666668, 28.975694444444443, 28.98611111111111, 28.979166666666668, 28.979166666666664, 28.965277777777775, 28.96875, 28.961805555555554, 28.96875, 28.95138888888889, 28.96527777777778, 28.94097222222222, 28.92361111111111, 28.927083333333336, 28.909722222222225, 27.90277777777778, 28.87152777777778, 28.90972222222222, 28.927083333333336, 28.93402777777778, 28.92013888888889, 28.93402777777778, 28.927083333333336, 28.923611111111114, 28.92013888888889, 27.899305555555554, 27.923611111111114, 27.89236111111111, 27.888888888888893, 27.89236111111111, 28.8125, 27.781249999999996, 27.73263888888889, 26.75, 25.784722222222225, 25.746527777777782, 25.67013888888889, 25.60763888888889, 25.534722222222225, 23.555555555555554, 24.39236111111111, 24.350694444444443, 24.32638888888889, 23.42361111111111, 23.388888888888886, 22.413194444444443, 21.40972222222222, 20.44097222222222, 21.343750000000004, 21.368055555555554, 22.177083333333336, 21.329861111111114, 22.208333333333336, 22.170138888888893, 22.149305555555554, 21.14236111111111, 22.916666666666668, 20.12847222222222, 21.052083333333332, 19.13888888888889, 19.184027777777775, 19.11111111111111, 17.159722222222225, 17.194444444444446, 17.177083333333332, 17.21875, 17.197916666666668, 17.149305555555554, 15.194444444444443, 15.177083333333332, 15.125, 13.270833333333332, 15.024305555555554, 15.01736111111111, 15.003472222222223, 14.993055555555555, 14.989583333333334, 14.979166666666666, 13.114583333333332, 14.020833333333334, 14.003472222222221, 13.979166666666666, 13.944444444444443, 12.996527777777779, 12.944444444444443, 12.930555555555555, 12.90625, 12.899305555555557, 11.052083333333336, 10.961805555555557, 11.902777777777777, 12.708333333333334, 12.746527777777779, 12.743055555555557, 12.70486111111111, 10.020833333333332, 9.989583333333334, 11.75, 11.791666666666666, 12.590277777777777, 12.628472222222221, 12.552083333333334, 9.04861111111111, 9.055555555555555, 10.802083333333332, 10.805555555555555, 9.052083333333334, 9.0, 8.104166666666666, 8.0625, 8.055555555555557, 8.95486111111111, 8.09375, 8.100694444444445, 10.70486111111111, 8.92361111111111, 9.774305555555555, 8.065972222222221, 8.083333333333334, 8.059027777777777, 8.038194444444443, 8.04861111111111, 8.07986111111111, 7.149305555555555, 7.142361111111112, 8.864583333333334, 8.920138888888888, 8.947916666666666, 8.003472222222221, 8.052083333333332, 8.034722222222221, 9.746527777777777, 8.947916666666666, 8.934027777777777, 8.916666666666668, 8.965277777777777, 9.833333333333332, 8.07638888888889, 8.055555555555555, 7.954861111111111, 8.0, 8.0625, 7.996527777777777, 8.871527777777779, 8.041666666666668, 8.024305555555555, 8.017361111111112, 8.038194444444445, 8.892361111111112, 8.895833333333334, 8.868055555555555, 8.864583333333332, 8.006944444444445, 8.76388888888889, 10.46875, 7.944444444444445, 7.940972222222221, 7.892361111111112, 7.9131944444444455, 8.763888888888888, 8.802083333333334, 8.791666666666668, 9.607638888888888, 7.885416666666667, 7.878472222222222, 8.722222222222221, 7.895833333333334, 7.875000000000001, 7.878472222222222, 7.875, 7.861111111111111, 7.833333333333332, 6.975694444444444, 6.9375, 9.423611111111112, 7.774305555555555, 8.611111111111112, 7.777777777777778, 7.739583333333333, 8.600694444444445, 7.784722222222222, 7.770833333333333, 7.756944444444445, 7.746527777777779, 7.774305555555555, 7.763888888888888, 7.743055555555555, 7.715277777777779, 7.725694444444445, 7.746527777777778, 7.729166666666666, 7.732638888888888, 7.736111111111111, 6.812500000000001, 7.65625, 6.861111111111111, 6.826388888888889, 6.840277777777778, 6.798611111111111, 6.809027777777778, 6.829861111111111, 6.829861111111112, 6.861111111111111, 7.6319444444444455, 7.65625, 6.795138888888889, 6.763888888888889, 6.739583333333333, 5.96875, 6.763888888888889, 5.961805555555555, 6.75, 6.760416666666667, 7.552083333333334, 7.548611111111112, 7.565972222222223, 6.763888888888888, 6.746527777777778, 6.736111111111111, 6.753472222222222, 6.753472222222222, 6.760416666666666, 6.75, 6.739583333333333, 6.75, 7.527777777777778, 6.704861111111112, 5.881944444444444, 5.847222222222221, 5.059027777777777, 5.069444444444444, 5.84375, 5.850694444444444, 7.395833333333334, 6.659722222222221, 6.652777777777777, 9.0, 7.458333333333333, 7.482638888888889, 5.767361111111111, 5.739583333333334, 5.736111111111112, 5.673611111111111, 5.701388888888888, 5.725694444444445, 4.902777777777778, 4.881944444444445, 4.854166666666667, 4.802083333333333, 4.788194444444445, 4.822916666666667, 4.854166666666667, 4.857638888888889, 3.236111111111111, 4.006944444444445, 4.010416666666666, 4.003472222222222, 4.017361111111111, 4.010416666666667, 4.013888888888889, 3.9930555555555554, 3.1875, 3.9965277777777777, 3.9687500000000004, 3.989583333333333, 3.9756944444444446, 3.1770833333333335, 3.96875, 3.9652777777777777, 3.986111111111111, 3.9756944444444446, 3.1631944444444446, 3.96875, 4.003472222222222, 3.9861111111111107, 3.9652777777777777, 3.1770833333333335, 3.1840277777777777, 3.982638888888889, 4.013888888888889, 3.9965277777777772, 3.989583333333333, 2.4131944444444446, 3.9479166666666665, 3.954861111111111, 3.982638888888889, 3.986111111111111, 3.180555555555556, 3.1840277777777777, 3.954861111111111, 4.010416666666666, 3.9965277777777777, 3.2118055555555554, 3.1944444444444446, 3.9861111111111116, 3.236111111111111, 4.010416666666667, 4.041666666666667, 4.041666666666666, 2.4409722222222223, 3.2083333333333335, 3.222222222222222, 3.25, 3.25, 3.25, 3.2465277777777777, 3.1979166666666665, 4.038194444444445, 4.027777777777779, 4.020833333333334, 3.2430555555555554, 2.4305555555555554, 2.427083333333333, 3.229166666666667, 3.2326388888888893, 3.243055555555556, 3.2430555555555554, 3.229166666666667, 3.239583333333333, 3.2430555555555554, 3.2430555555555554, 2.4305555555555554, 3.2152777777777777, 3.2361111111111107, 3.236111111111111, 4.017361111111111, 3.2430555555555554, 3.9965277777777777, 2.420138888888889, 2.423611111111111, 4.791666666666667, 3.21875, 3.2222222222222223, 3.2465277777777777, 3.2465277777777772, 2.4409722222222223, 3.236111111111111, 4.038194444444444, 3.2638888888888893, 3.2743055555555554, 3.263888888888889, 3.2708333333333335, 3.2638888888888884, 2.451388888888889, 3.232638888888889, 3.2291666666666665, 3.2118055555555554, 3.2222222222222223, 3.2326388888888893, 3.2361111111111116, 3.2465277777777777, 3.2152777777777777, 4.010416666666666, 3.236111111111111, 3.21875, 3.2465277777777777, 3.2256944444444446, 2.423611111111111, 3.2118055555555554, 3.239583333333333, 3.232638888888889, 3.2222222222222223, 3.9340277777777772, 4.003472222222221, 4.027777777777778, 4.0625, 4.079861111111111, 4.069444444444445, 3.2152777777777777, 4.03125, 4.013888888888889, 2.454861111111111, 2.454861111111111, 1.6423611111111112, 2.440972222222222, 2.447916666666667, 1.6493055555555554, 2.4340277777777777, 2.4652777777777777, 2.4409722222222223, 2.447916666666667, 4.034722222222222, 2.458333333333333, 2.451388888888889, 1.6493055555555554, 2.4548611111111107, 2.479166666666667, 4.010416666666667, 1.6597222222222223, 2.420138888888889, 4.003472222222222, 2.4479166666666665, 1.6597222222222223, 2.461805555555556, 2.465277777777778, 2.46875, 2.4722222222222223, 2.4756944444444446, 4.0625, 2.4756944444444446, 2.4722222222222223, 1.6527777777777777, 2.4618055555555554, 2.454861111111111, 2.454861111111111, 2.46875, 2.4722222222222223, 4.003472222222222, 4.076388888888889, 4.076388888888889, 3.2534722222222223, 3.2604166666666665, 4.027777777777778, 4.041666666666667, 4.048611111111112, 4.055555555555555, 3.229166666666667, 3.2604166666666665, 3.225694444444444, 2.4340277777777777, 4.788194444444445, 4.017361111111111, 3.232638888888889, 2.4479166666666665, 4.0, 4.024305555555555, 4.072916666666667, 4.052083333333334, 4.083333333333333, 3.2534722222222223, 4.052083333333333, 3.2395833333333335, 3.2361111111111107, 3.9791666666666665, 4.020833333333333, 4.083333333333333, 4.09375, 4.0625, 4.069444444444445, 3.2916666666666665, 2.4618055555555554, 4.034722222222221, 4.086805555555555, 2.451388888888889, 4.024305555555555, 3.239583333333333, 4.065972222222221, 4.0625, 4.055555555555555, 2.4479166666666665, 1.6354166666666665, 2.4270833333333335, 2.4375, 3.1979166666666665, 2.4652777777777777, 2.451388888888889, 3.2569444444444446, 1.6423611111111112, 2.4409722222222223, 4.017361111111111, 2.4409722222222223, 2.4444444444444446, 4.006944444444445, 4.006944444444445, 2.4305555555555554, 3.197916666666667, 3.9965277777777772, 1.6423611111111112, 3.194444444444444, 2.4479166666666665]",0.47002534697281195,0.4857015882830313,3,"[33, 33, 30, 30, 30, 30, 30, 30, 29, 29, 29, 29, 29, 29, 29, 29, 29, 29, 29, 29, 29, 29, 29, 29, 29, 28, 29, 29, 29, 29, 29, 29, 29, 29, 29, 28, 28, 28, 28, 28, 29, 28, 28, 27, 26, 26, 26, 26, 26, 24, 25, 25, 25, 24, 24, 23, 22, 21, 22, 22, 23, 22, 23, 23, 23, 22, 24, 21, 22, 20, 20, 20, 18, 18, 18, 18, 18, 18, 16, 16, 16, 14, 16, 16, 16, 16, 16, 16, 14, 15, 15, 15, 15, 14, 14, 14, 14, 14, 12, 12, 13, 14, 14, 14, 14, 11, 11, 13, 13, 14, 14, 14, 10, 10, 12, 12, 10, 10, 9, 9, 9, 10, 9, 9, 12, 10, 11, 9, 9, 9, 9, 9, 9, 8, 8, 10, 10, 10, 9, 9, 9, 11, 10, 10, 10, 10, 11, 9, 9, 9, 9, 9, 9, 10, 9, 9, 9, 9, 10, 10, 10, 10, 9, 10, 12, 9, 9, 9, 9, 10, 10, 10, 11, 9, 9, 10, 9, 9, 9, 9, 9, 9, 8, 8, 11, 9, 10, 9, 9, 10, 9, 9, 9, 9, 9, 9, 9, 9, 9, 9, 9, 9, 9, 8, 9, 8, 8, 8, 8, 8, 8, 8, 8, 9, 9, 8, 8, 8, 7, 8, 7, 8, 8, 9, 9, 9, 8, 8, 8, 8, 8, 8, 8, 8, 8, 9, 8, 7, 7, 6, 6, 7, 7, 9, 8, 8, 11, 9, 9, 7, 7, 7, 7, 7, 7, 6, 6, 6, 6, 6, 6, 6, 6, 4, 5, 5, 5, 5, 5, 5, 5, 4, 5, 5, 5, 5, 4, 5, 5, 5, 5, 4, 5, 5, 5, 5, 4, 4, 5, 5, 5, 5, 3, 5, 5, 5, 5, 4, 4, 5, 5, 5, 4, 4, 5, 4, 5, 5, 5, 3, 4, 4, 4, 4, 4, 4, 4, 5, 5, 5, 4, 3, 3, 4, 4, 4, 4, 4, 4, 4, 4, 3, 4, 4, 4, 5, 4, 5, 3, 3, 6, 4, 4, 4, 4, 3, 4, 5, 4, 4, 4, 4, 4, 3, 4, 4, 4, 4, 4, 4, 4, 4, 5, 4, 4, 4, 4, 3, 4, 4, 4, 4, 5, 5, 5, 5, 5, 5, 4, 5, 5, 3, 3, 2, 3, 3, 2, 3, 3, 3, 3, 5, 3, 3, 2, 3, 3, 5, 2, 3, 5, 3, 2, 3, 3, 3, 3, 3, 5, 3, 3, 2, 3, 3, 3, 3, 3, 5, 5, 5, 4, 4, 5, 5, 5, 5, 4, 4, 4, 3, 6, 5, 4, 3, 5, 5, 5, 5, 5, 4, 5, 4, 4, 5, 5, 5, 5, 5, 5, 4, 3, 5, 5, 3, 5, 4, 5, 5, 5, 3, 2, 3, 3, 4, 3, 3, 4, 2, 3, 5, 3, 3, 5, 5, 3, 4, 5, 2, 4, 3]",480,"[6.053079605102539, 44.202117919921875, 21.835058212280273, 26.297325134277344, 65.37474060058594, 33.41221618652344, 50.57767105102539, 9.274652481079102, 18.974279403686523, 59.608795166015625, 90.99378967285156, 14.506243705749512, 39.83586502075195, 114.27179718017578, 68.69095611572266, 15.547635078430176, 130.0308837890625, 42.174495697021484, 36.718231201171875, 74.65345764160156, 11.507769584655762, 12.547039985656738, 69.23323059082031, 32.5822868347168, 13.399142265319824, 112.1435317993164, 15.9392671585083, 117.60372161865234, 36.69017028808594, 123.46348571777344, 20.343276977539062, 68.55274963378906, 32.767215728759766, 38.1766471862793, 118.42826843261719, 71.94171142578125, 55.21552658081055, 134.36489868164062, 19.568058013916016, 61.717838287353516, 100.30105590820312, 17.976093292236328, 6.9037861824035645, 64.69894409179688, 59.25355529785156, 89.20604705810547, 59.873558044433594, 20.720979690551758, 94.51657104492188, 13.321611404418945, 38.688873291015625, 10.764577865600586, 76.91511535644531, 59.0057373046875, 87.78174591064453, 21.302452087402344, 15.87759017944336, 18.775442123413086, 72.3110580444336, 22.6292724609375, 41.01691818237305, 46.762271881103516, 16.798358917236328, 20.28557014465332, 81.11569213867188, 44.691959381103516, 86.74239349365234, 14.042101860046387, 63.31316375732422, 136.77574157714844, 64.8298110961914, 46.465702056884766, 121.05300903320312, 64.0978775024414, 102.78852844238281, 14.673625946044922, 43.492977142333984, 21.500131607055664, 31.845439910888672, 33.06172180175781, 25.780271530151367, 84.48863220214844, 15.075221061706543, 62.93056106567383, 104.64729309082031, 23.473804473876953, 36.33589172363281, 72.59040832519531, 97.5000991821289, 84.47174835205078, 79.5752944946289, 139.82676696777344, 12.67664909362793, 10.007083892822266, 79.21142578125, 96.59672546386719, 62.86699295043945, 114.25468444824219, 112.55830383300781, 18.42575454711914, 8.381950378417969, 87.34941101074219, 142.83087158203125, 9.472414016723633, 9.43630599975586, 11.284675598144531, 13.495818138122559, 31.415390014648438, 97.19584655761719, 122.33892822265625, 28.56557846069336, 8.664905548095703, 121.95510864257812, 118.61151123046875, 78.00843811035156, 138.69955444335938, 91.50363159179688, 56.68153381347656, 29.240957260131836, 9.442792892456055, 11.370060920715332, 153.9956817626953, 86.77853393554688, 126.17761993408203, 60.60855484008789, 8.819720268249512, 104.76643371582031, 151.359375, 56.63493728637695, 17.210670471191406, 49.54002380371094, 73.8564682006836, 30.617372512817383, 79.24838256835938, 87.02937316894531, 114.41009521484375, 75.13774108886719, 37.0893440246582, 154.4094696044922, 61.300071716308594, 91.06195068359375, 121.29623413085938, 64.68208312988281, 19.28752326965332, 138.7096710205078, 15.417169570922852, 30.784286499023438, 26.5010929107666, 13.861000061035156, 49.367286682128906, 113.66539001464844, 12.374948501586914, 111.83821105957031, 141.20875549316406, 11.21623420715332, 36.319854736328125, 16.025304794311523, 36.818511962890625, 92.30391693115234, 85.05532836914062, 97.86812591552734, 121.1603775024414, 9.95749568939209, 88.81547546386719, 119.82673645019531, 113.4184341430664, 29.579389572143555, 23.9757137298584, 108.24874877929688, 12.439458847045898, 46.05400466918945, 27.93781089782715, 144.3048858642578, 80.35737609863281, 66.78106689453125, 95.796142578125, 29.7696475982666, 57.06745910644531, 12.088306427001953, 28.57709503173828, 97.48837280273438, 32.111698150634766, 129.66380310058594, 82.2822265625, 152.09616088867188, 38.91807556152344, 143.3602752685547, 68.67916870117188, 165.40159606933594, 8.493860244750977, 8.447997093200684, 28.345918655395508, 55.81956100463867, 15.997387886047363, 24.25672149658203, 46.03567886352539, 120.79601287841797, 112.45807647705078, 74.44093322753906, 19.244529724121094, 68.71414184570312, 64.13264465332031, 41.543846130371094, 27.572900772094727, 118.40612030029297, 71.34710693359375, 95.9476547241211, 60.07423400878906, 24.424842834472656, 91.5886001586914, 16.94085693359375, 133.3017578125, 69.00304412841797, 15.123967170715332, 4.783239841461182, 36.266693115234375, 78.16131591796875, 155.57643127441406, 37.96348571777344, 124.4673843383789, 60.279109954833984, 90.97323608398438, 126.09127807617188, 105.1781997680664, 35.623416900634766, 63.301116943359375, 102.903564453125, 31.782865524291992, 133.36618041992188, 40.198814392089844, 83.90338897705078, 115.43941497802734, 18.38263511657715, 23.658262252807617, 36.324806213378906, 84.99005889892578, 64.2205581665039, 69.15132141113281, 15.910059928894043, 11.077348709106445, 96.36624145507812, 124.69374084472656, 35.09062194824219, 101.27434539794922, 80.437744140625, 73.72406768798828, 102.97750091552734, 35.610015869140625, 27.199007034301758, 52.38774108886719, 34.5583610534668, 64.55121612548828, 93.82662200927734, 96.10493469238281, 115.26988220214844, 108.80703735351562, 65.58098602294922, 29.91104507446289, 149.5192413330078, 109.55622100830078, 8.587099075317383, 33.91276550292969, 57.75877380371094, 43.351200103759766, 171.70310974121094, 70.83990478515625, 95.90927124023438, 97.82878112792969, 127.39151000976562, 73.9764633178711, 65.30237579345703, 35.470699310302734, 67.19390106201172, 48.50120544433594, 78.59135437011719, 27.350242614746094, 11.900915145874023, 88.79888916015625, 142.9545440673828, 142.13052368164062, 111.09239196777344, 81.91276550292969, 113.46267700195312, 145.02499389648438, 104.35542297363281, 79.35603332519531, 75.71399688720703, 7.726964950561523, 36.562904357910156, 58.898197174072266, 57.17178726196289, 103.5470199584961, 36.83628845214844, 60.282958984375, 31.220417022705078, 23.427967071533203, 96.93517303466797, 71.59741973876953, 36.426719665527344, 68.4887466430664, 84.9661636352539, 4.530703544616699, 128.28514099121094, 116.72820281982422, 145.36244201660156, 67.7223129272461, 21.724891662597656, 48.55665969848633, 78.47233581542969, 105.86603546142578, 127.27515411376953, 153.1881866455078, 44.53248596191406, 24.01494598388672, 45.300594329833984, 55.54922866821289, 90.24948120117188, 122.01663208007812, 151.60104370117188, 156.12704467773438, 120.7149887084961, 151.95840454101562, 195.70263671875, 26.851266860961914, 22.202863693237305, 39.433319091796875, 14.845606803894043, 42.838104248046875, 79.10203552246094, 81.42170715332031, 111.90423583984375, 144.7330780029297, 21.859098434448242, 49.630393981933594, 75.53068542480469, 101.44404602050781, 92.14690399169922, 123.37281036376953, 154.36692810058594, 117.93006896972656, 148.63893127441406, 82.01563262939453, 20.47955894470215, 51.12239074707031, 67.7193603515625, 104.2591323852539, 123.80492401123047, 155.4352569580078, 56.0963249206543, 13.42724609375, 52.41364669799805, 77.04861450195312, 100.34490203857422, 123.96185302734375, 141.46710205078125, 131.81854248046875, 160.1836395263672, 35.126190185546875, 26.885255813598633, 38.72392654418945, 85.65325164794922, 109.92981719970703, 139.31153869628906, 151.2262725830078, 15.762670516967773, 52.47417449951172, 33.1544303894043, 66.29574584960938, 98.4109878540039, 126.5886459350586, 125.87862396240234, 95.55253601074219, 128.61614990234375, 154.4208526611328, 26.25332260131836, 6.884313583374023, 34.69535827636719, 26.365964889526367, 104.48255157470703, 128.2659149169922, 70.33940124511719, 18.284936904907227, 11.77690315246582, 42.81935119628906, 63.963714599609375, 91.25264739990234, 123.6923828125, 150.3199920654297, 156.63113403320312, 14.812541961669922, 43.025943756103516, 68.85830688476562, 90.40615844726562, 59.596492767333984, 9.218954086303711, 19.650060653686523, 50.95048904418945, 86.76631164550781, 111.03695678710938, 102.16173553466797, 123.55207061767578, 149.16192626953125, 117.50855255126953, 20.248008728027344, 41.93877410888672, 71.72432708740234, 100.94601440429688, 99.35609436035156, 127.56353759765625, 105.2835464477539, 62.6446647644043, 21.88640594482422, 50.228694915771484, 14.758170127868652, 160.61614990234375, 26.269935607910156, 16.53392219543457, 48.392120361328125, 79.49227905273438, 79.50334167480469, 218.62109375, 88.39990234375, 114.38215637207031, 97.72212219238281, 114.90603637695312, 89.49693298339844, 68.42377471923828, 90.6346664428711, 24.343883514404297, 106.68209075927734, 11.219940185546875, 116.82662200927734, 53.01612854003906, 7.868231773376465, 147.35169982910156, 99.82044982910156, 21.13741683959961, 4.1748480796813965, 39.319156646728516, 20.45331382751465, 66.74164581298828, 114.5866928100586, 53.6306266784668, 26.317068099975586, 6.1874871253967285, 38.326480865478516, 73.93707275390625, 54.640377044677734, 14.041709899902344, 52.16535949707031, 15.685172080993652, 37.646358489990234, 62.273860931396484, 52.925071716308594, 23.90395736694336, 6.610100746154785, 39.44091796875, 86.8658218383789, 13.512516021728516, 35.2889518737793, 64.7818374633789, 91.89588928222656, 120.41128540039062, 150.0283203125, 135.73599243164062, 5.273374080657959, 41.111270904541016, 25.91357421875, 68.11868286132812, 104.17871856689453, 78.21337127685547, 100.9399795532226