,number,value,datetime_start,datetime_complete,duration,params_batch_size_scaler,params_constant_learning_rate,params_depth,params_epochs,params_kernel_l2,params_num_trees,params_temperature,user_attrs_accuracy_test,user_attrs_accuracy_valid,user_attrs_approximate_feature_sparsity,user_attrs_approximate_feature_sparsity_history,user_attrs_approximate_weight_sparsity,user_attrs_approximate_weight_sparsity_history,user_attrs_auc_test,user_attrs_auc_valid,user_attrs_feature_sparsity,user_attrs_feature_sparsity_history,user_attrs_num_epochs,user_attrs_val_loss_history,user_attrs_weight_sparsity,user_attrs_weight_sparsity_history,state
8,8,0.5,2024-08-31 00:58:55.112403,2024-08-31 00:59:30.602310,0 days 00:00:35.489907,64,2.4500339496848227,3,390,0.4590572551376377,53,0.010586595256946048,0.859,0.85875,0,"[33, 33, 2, 0, 0, 0, 0, 0, 0, 0, 0, 0, 0, 0, 0, 0, 0, 0, 0, 0, 0, 0, 0, 0, 0, 0, 0, 0, 0, 0, 0, 0, 0, 0, 0, 0, 0, 0, 0, 0, 0, 0, 0, 0, 0, 0, 0, 0, 0, 0, 0, 0, 0, 0, 0, 0, 0, 0, 0, 0, 0, 0, 0, 0, 0, 0, 0, 0, 0, 0, 0, 0, 0, 0, 0, 0, 0, 0, 0, 0, 0, 0, 0, 0, 0, 0, 0, 0, 0, 0, 0, 0, 0, 0, 0, 0, 0, 0, 0, 0, 0, 0, 0, 0, 0, 0, 0, 0, 0, 0, 0, 0, 0, 0, 0, 0, 0, 0, 0, 0, 0, 0, 0, 0, 0, 0, 0, 0, 0, 0, 0, 0, 0, 0, 0, 0, 0, 0, 0, 0, 0, 0, 0, 0, 0, 0, 0, 0, 0, 0, 0, 0, 0, 0, 0, 0, 0, 0, 0, 0, 0, 0, 0, 0, 0, 0, 0, 0, 0, 0, 0, 0, 0, 0, 0, 0, 0, 0, 0, 0, 0, 0, 0, 0, 0, 0, 0, 0, 0, 0, 0, 0, 0, 0, 0, 0, 0, 0, 0, 0, 0, 0, 0, 0, 0, 0, 0, 0, 0, 0, 0, 0, 0, 0, 0, 0, 0, 0, 0, 0, 0, 0, 0, 0, 0, 0, 0, 0, 0, 0, 0, 0, 0, 0, 0, 0, 0, 0, 0, 0, 0, 0, 0, 0, 0, 0, 0, 0, 0, 0, 0, 0, 0, 0, 0, 0, 0, 0, 0, 0, 0, 0, 0, 0, 0, 0, 0, 0, 0, 0, 0, 0, 0, 0, 0, 0, 0, 0, 0, 0, 0, 0, 0, 0, 0, 0, 0, 0, 0, 0, 0, 0, 0, 0, 0, 0, 0, 0, 0, 0, 0, 0, 0, 0, 0, 0, 0, 0, 0, 0, 0, 0, 0, 0, 0, 0, 0, 0, 0, 0, 0, 0, 0, 0, 0, 0, 0, 0, 0, 0, 0, 0, 0, 0, 0, 0, 0, 0, 0, 0, 0, 0, 0, 0, 0, 0, 0, 0, 0, 0, 0, 0, 0, 0, 0, 0, 0, 0, 0, 0, 0, 0, 0, 0, 0, 0, 0, 0, 0, 0, 0, 0, 0, 0, 0, 0, 0, 0, 0, 0, 0, 0, 0, 0, 0, 0, 0, 0, 0, 0]",0.0,"[32.97035040431267, 32.96495956873315, 1.9973045822102424, 0.0, 0.0, 0.0, 0.0, 0.0, 0.0, 0.0, 0.0, 0.0, 0.0, 0.0, 0.0, 0.0, 0.0, 0.0, 0.0, 0.0, 0.0, 0.0, 0.0, 0.0, 0.0, 0.0, 0.0, 0.0, 0.0, 0.0, 0.0, 0.0, 0.0, 0.0, 0.0, 0.0, 0.0, 0.0, 0.0, 0.0, 0.0, 0.0, 0.0, 0.0, 0.0, 0.0, 0.0, 0.0, 0.0, 0.0, 0.0, 0.0, 0.0, 0.0, 0.0, 0.0, 0.0, 0.0, 0.0, 0.0, 0.0, 0.0, 0.0, 0.0, 0.0, 0.0, 0.0, 0.0, 0.0, 0.0, 0.0, 0.0, 0.0, 0.0, 0.0, 0.0, 0.0, 0.0, 0.0, 0.0, 0.0, 0.0, 0.0, 0.0, 0.0, 0.0, 0.0, 0.0, 0.0, 0.0, 0.0, 0.0, 0.0, 0.0, 0.0, 0.0, 0.0, 0.0, 0.0, 0.0, 0.0, 0.0, 0.0, 0.0, 0.0, 0.0, 0.0, 0.0, 0.0, 0.0, 0.0, 0.0, 0.0, 0.0, 0.0, 0.0, 0.0, 0.0, 0.0, 0.0, 0.0, 0.0, 0.0, 0.0, 0.0, 0.0, 0.0, 0.0, 0.0, 0.0, 0.0, 0.0, 0.0, 0.0, 0.0, 0.0, 0.0, 0.0, 0.0, 0.0, 0.0, 0.0, 0.0, 0.0, 0.0, 0.0, 0.0, 0.0, 0.0, 0.0, 0.0, 0.0, 0.0, 0.0, 0.0, 0.0, 0.0, 0.0, 0.0, 0.0, 0.0, 0.0, 0.0, 0.0, 0.0, 0.0, 0.0, 0.0, 0.0, 0.0, 0.0, 0.0, 0.0, 0.0, 0.0, 0.0, 0.0, 0.0, 0.0, 0.0, 0.0, 0.0, 0.0, 0.0, 0.0, 0.0, 0.0, 0.0, 0.0, 0.0, 0.0, 0.0, 0.0, 0.0, 0.0, 0.0, 0.0, 0.0, 0.0, 0.0, 0.0, 0.0, 0.0, 0.0, 0.0, 0.0, 0.0, 0.0, 0.0, 0.0, 0.0, 0.0, 0.0, 0.0, 0.0, 0.0, 0.0, 0.0, 0.0, 0.0, 0.0, 0.0, 0.0, 0.0, 0.0, 0.0, 0.0, 0.0, 0.0, 0.0, 0.0, 0.0, 0.0, 0.0, 0.0, 0.0, 0.0, 0.0, 0.0, 0.0, 0.0, 0.0, 0.0, 0.0, 0.0, 0.0, 0.0, 0.0, 0.0, 0.0, 0.0, 0.0, 0.0, 0.0, 0.0, 0.0, 0.0, 0.0, 0.0, 0.0, 0.0, 0.0, 0.0, 0.0, 0.0, 0.0, 0.0, 0.0, 0.0, 0.0, 0.0, 0.0, 0.0, 0.0, 0.0, 0.0, 0.0, 0.0, 0.0, 0.0, 0.0, 0.0, 0.0, 0.0, 0.0, 0.0, 0.0, 0.0, 0.0, 0.0, 0.0, 0.0, 0.0, 0.0, 0.0, 0.0, 0.0, 0.0, 0.0, 0.0, 0.0, 0.0, 0.0, 0.0, 0.0, 0.0, 0.0, 0.0, 0.0, 0.0, 0.0, 0.0, 0.0, 0.0, 0.0, 0.0, 0.0, 0.0, 0.0, 0.0, 0.0, 0.0, 0.0, 0.0, 0.0, 0.0, 0.0, 0.0, 0.0, 0.0, 0.0, 0.0, 0.0, 0.0, 0.0, 0.0, 0.0, 0.0, 0.0, 0.0, 0.0, 0.0, 0.0, 0.0, 0.0, 0.0, 0.0, 0.0, 0.0, 0.0, 0.0, 0.0, 0.0, 0.0, 0.0, 0.0, 0.0, 0.0, 0.0, 0.0, 0.0, 0.0, 0.0, 0.0, 0.0, 0.0, 0.0, 0.0, 0.0, 0.0, 0.0, 0.0, 0.0, 0.0, 0.0, 0.0, 0.0, 0.0, 0.0, 0.0, 0.0, 0.0, 0.0, 0.0, 0.0, 0.0, 0.0, 0.0, 0.0, 0.0]",0.5,0.5,0,"[33, 33, 2, 0, 0, 0, 0, 0, 0, 0, 0, 0, 0, 0, 0, 0, 0, 0, 0, 0, 0, 0, 0, 0, 0, 0, 0, 0, 0, 0, 0, 0, 0, 0, 0, 0, 0, 0, 0, 0, 0, 0, 0, 0, 0, 0, 0, 0, 0, 0, 0, 0, 0, 0, 0, 0, 0, 0, 0, 0, 0, 0, 0, 0, 0, 0, 0, 0, 0, 0, 0, 0, 0, 0, 0, 0, 0, 0, 0, 0, 0, 0, 0, 0, 0, 0, 0, 0, 0, 0, 0, 0, 0, 0, 0, 0, 0, 0, 0, 0, 0, 0, 0, 0, 0, 0, 0, 0, 0, 0, 0, 0, 0, 0, 0, 0, 0, 0, 0, 0, 0, 0, 0, 0, 0, 0, 0, 0, 0, 0, 0, 0, 0, 0, 0, 0, 0, 0, 0, 0, 0, 0, 0, 0, 0, 0, 0, 0, 0, 0, 0, 0, 0, 0, 0, 0, 0, 0, 0, 0, 0, 0, 0, 0, 0, 0, 0, 0, 0, 0, 0, 0, 0, 0, 0, 0, 0, 0, 0, 0, 0, 0, 0, 0, 0, 0, 0, 0, 0, 0, 0, 0, 0, 0, 0, 0, 0, 0, 0, 0, 0, 0, 0, 0, 0, 0, 0, 0, 0, 0, 0, 0, 0, 0, 0, 0, 0, 0, 0, 0, 0, 0, 0, 0, 0, 0, 0, 0, 0, 0, 0, 0, 0, 0, 0, 0, 0, 0, 0, 0, 0, 0, 0, 0, 0, 0, 0, 0, 0, 0, 0, 0, 0, 0, 0, 0, 0, 0, 0, 0, 0, 0, 0, 0, 0, 0, 0, 0, 0, 0, 0, 0, 0, 0, 0, 0, 0, 0, 0, 0, 0, 0, 0, 0, 0, 0, 0, 0, 0, 0, 0, 0, 0, 0, 0, 0, 0, 0, 0, 0, 0, 0, 0, 0, 0, 0, 0, 0, 0, 0, 0, 0, 0, 0, 0, 0, 0, 0, 0, 0, 0, 0, 0, 0, 0, 0, 0, 0, 0, 0, 0, 0, 0, 0, 0, 0, 0, 0, 0, 0, 0, 0, 0, 0, 0, 0, 0, 0, 0, 0, 0, 0, 0, 0, 0, 0, 0, 0, 0, 0, 0, 0, 0, 0, 0, 0, 0, 0, 0, 0, 0, 0, 0, 0, 0, 0, 0, 0, 0, 0, 0, 0, 0, 0, 0, 0, 0, 0, 0, 0]",390,"[0.49064427614212036, 0.6578876376152039, 0.4008219242095947, 0.42108261585235596, 0.5158334970474243, 0.8943527340888977, 0.4187227487564087, 0.9391989707946777, 1.1749768257141113, 1.0347201824188232, 0.7386103868484497, 0.46353262662887573, 0.9645506143569946, 0.41728705167770386, 1.666170358657837, 1.6018885374069214, 0.4093221426010132, 0.514058530330658, 1.7562675476074219, 1.5197319984436035, 0.46990281343460083, 0.8786312937736511, 0.4194856882095337, 0.8570948839187622, 0.4740091562271118, 0.5037134289741516, 1.9085204601287842, 1.3978126049041748, 0.40722694993019104, 0.44604286551475525, 0.4432273805141449, 0.566219687461853, 1.0181326866149902, 0.4628404378890991, 0.484781414270401, 1.4102646112442017, 0.5277321934700012, 2.2249298095703125, 0.46739861369132996, 0.42265304923057556, 1.5565952062606812, 0.7820032238960266, 0.9822645783424377, 0.5343871116638184, 1.104515790939331, 1.7000975608825684, 1.0765794515609741, 1.610375165939331, 1.380110502243042, 0.5644330382347107, 0.48875293135643005, 0.4144638180732727, 0.4730227291584015, 0.4276716709136963, 1.7894762754440308, 0.9888662695884705, 0.4257122874259949, 0.7887083292007446, 0.6997846961021423, 0.5652959942817688, 1.4623489379882812, 0.42500564455986023, 0.40936434268951416, 0.786965012550354, 0.7125647664070129, 0.40873202681541443, 0.983021080493927, 0.4426221549510956, 0.6280079483985901, 0.40756797790527344, 0.466665655374527, 0.5677834153175354, 1.1600953340530396, 0.939552903175354, 0.8342584371566772, 0.8286941647529602, 0.4933764338493347, 1.512570858001709, 1.0601551532745361, 0.45848727226257324, 0.653412938117981, 0.43537142872810364, 0.7568690776824951, 0.5923991203308105, 0.9869616627693176, 1.1147745847702026, 0.8026918768882751, 2.3208768367767334, 0.6071507930755615, 1.0970473289489746, 0.4148266613483429, 1.0411475896835327, 1.0807480812072754, 0.6128068566322327, 0.504960834980011, 0.4193498194217682, 1.253103494644165, 1.1982977390289307, 0.735797107219696, 1.8487085103988647, 1.6480685472488403, 0.5919879674911499, 0.7946288585662842, 0.42177170515060425, 0.7334504723548889, 1.4636168479919434, 0.4090510606765747, 2.1566519737243652, 2.185349464416504, 1.474037528038025, 1.323673129081726, 0.8604243397712708, 1.4671242237091064, 0.45246630907058716, 0.45026612281799316, 0.5706566572189331, 0.5460866689682007, 1.5864894390106201, 1.082097053527832, 0.6617644429206848, 0.5213459730148315, 2.0450291633605957, 1.0175076723098755, 1.011001467704773, 0.7720655798912048, 0.45665669441223145, 0.41458266973495483, 1.584877371788025, 0.4129825532436371, 1.4343589544296265, 0.40798524022102356, 1.6314088106155396, 1.4879406690597534, 0.8896492719650269, 1.21378755569458, 1.439161777496338, 0.511996328830719, 2.276503562927246, 0.431600958108902, 0.696168065071106, 0.4110543727874756, 1.368833303451538, 0.42057257890701294, 1.313226580619812, 0.9954193234443665, 1.0879086256027222, 1.397770643234253, 0.672514021396637, 0.43147459626197815, 0.5871028900146484, 1.0705853700637817, 1.2162375450134277, 1.6515671014785767, 1.6369174718856812, 1.8031007051467896, 1.434322476387024, 0.4424101710319519, 0.49264752864837646, 0.4715249538421631, 0.4594525098800659, 0.7379736304283142, 0.4648268520832062, 0.7349384427070618, 0.9642367362976074, 0.42669495940208435, 0.6472454071044922, 0.5531357526779175, 1.6464320421218872, 0.45932266116142273, 0.4075641334056854, 0.42823100090026855, 0.587668776512146, 1.2360728979110718, 0.4077380299568176, 0.5476170182228088, 0.6196101903915405, 0.6710036993026733, 0.4328301250934601, 0.8469041585922241, 2.0462260246276855, 0.5467715263366699, 0.8536267280578613, 0.8925080895423889, 1.0025436878204346, 0.5806141495704651, 0.5354360938072205, 1.6870803833007812, 2.650327205657959, 0.4117234945297241, 1.3361709117889404, 0.7984921932220459, 1.3970367908477783, 0.4098942279815674, 1.3413946628570557, 1.843612790107727, 1.2581782341003418, 0.7982873320579529, 1.3854806423187256, 0.5626733303070068, 0.48607856035232544, 0.8921660780906677, 0.4808998107910156, 0.4916318655014038, 0.4637858271598816, 0.418264240026474, 0.40946608781814575, 0.4297142028808594, 0.4291008710861206, 1.0254762172698975, 1.784918189048767, 1.0019317865371704, 0.4357226490974426, 1.0198063850402832, 0.4341776967048645, 1.3063894510269165, 0.7047683596611023, 0.9803393483161926, 0.42709189653396606, 1.0043995380401611, 0.8193498849868774, 0.42158958315849304, 0.42876365780830383, 0.5133182406425476, 0.6291921734809875, 0.5289673209190369, 1.4567694664001465, 0.525803804397583, 1.7094841003417969, 1.1838496923446655, 1.268325686454773, 0.9666569232940674, 0.4084731340408325, 0.6489418148994446, 0.43150389194488525, 0.5522055625915527, 1.6930841207504272, 1.9159737825393677, 1.273374080657959, 1.2623153924942017, 0.9843908548355103, 1.1762243509292603, 1.5888751745224, 1.0534672737121582, 1.1958962678909302, 0.44264456629753113, 0.7177824974060059, 1.210848093032837, 0.6762953996658325, 0.6540789604187012, 1.9929672479629517, 1.255863070487976, 1.2286348342895508, 0.8895105123519897, 0.5292996764183044, 2.330807685852051, 0.9957640171051025, 0.412690669298172, 1.6864641904830933, 2.1444005966186523, 0.4578828811645508, 0.594184935092926, 0.6758953928947449, 0.4177912175655365, 1.658157229423523, 1.901093602180481, 1.5383732318878174, 0.40723681449890137, 1.3088312149047852, 0.662477970123291, 0.44414544105529785, 0.7035124897956848, 1.2487396001815796, 0.74863600730896, 0.6670047044754028, 0.443672776222229, 1.0887484550476074, 1.1957406997680664, 1.056254267692566, 1.1766051054000854, 0.9007279872894287, 0.45446890592575073, 0.40724998712539673, 1.7643060684204102, 1.2499268054962158, 0.9336240887641907, 1.363160252571106, 0.8973543047904968, 0.7296719551086426, 0.7237042188644409, 0.8162610530853271, 0.40963107347488403, 0.6269662380218506, 0.7498290538787842, 0.651679277420044, 0.4239884614944458, 0.9618760943412781, 0.41363704204559326, 0.6972383260726929, 0.4196789562702179, 0.9482089877128601, 0.41146567463874817, 0.4255433678627014, 0.4685231149196625, 1.2792983055114746, 0.525020956993103, 0.47292670607566833, 1.0981380939483643, 1.3523555994033813, 0.40746986865997314, 0.413537859916687, 0.9231209754943848, 0.8261483907699585, 1.861016869544983, 1.4997514486312866, 0.5101816058158875, 0.4091826379299164, 0.5614821910858154, 1.9504449367523193, 1.3806344270706177, 1.0163594484329224, 0.5202839374542236, 0.5763971209526062, 0.5580824613571167, 0.4156206548213959, 1.577121615409851, 1.130604863166809, 1.3052242994308472, 0.5615716576576233, 0.6816650629043579, 0.4366140067577362, 0.4762062728404999, 1.0707281827926636, 0.4072791337966919, 0.4480527639389038, 0.419606477022171, 0.6421865224838257, 0.6292587518692017, 0.6307412981987, 0.42922669649124146, 0.8429022431373596, 0.41984808444976807, 1.4551199674606323, 0.46523553133010864, 2.063239336013794, 1.3418316841125488, 0.6603242754936218, 0.572024941444397, 1.5265851020812988, 0.43486839532852173, 0.4283578395843506, 0.7484000325202942, 1.8812255859375, 1.5537185668945312, 0.4092575013637543, 0.4144635796546936, 1.0573786497116089, 0.9754387140274048, 0.4664793312549591, 0.42051494121551514, 1.5153372287750244, 0.43278422951698303, 0.9646391868591309, 0.6084775924682617, 0.4255785048007965, 1.8742451667785645, 2.0635874271392822, 0.7553901672363281, 0.45280539989471436, 0.47404471039772034, 0.4623603820800781, 0.45373857021331787, 0.4248855710029602, 1.010079264640808, 0.500907301902771, 0.6418523192405701, 0.9518462419509888, 0.4199603199958801, 1.0873887538909912, 1.5541081428527832, 0.677897572517395, 1.5428597927093506, 1.2051167488098145, 1.5607101917266846, 0.6624695062637329, 1.1368799209594727, 0.5626515746116638, 0.409385085105896, 1.518707275390625, 0.6225566267967224, 0.8150840997695923]",0.0,"[33.0, 33.0, 2.0, 0.0, 0.0, 0.0, 0.0, 0.0, 0.0, 0.0, 0.0, 0.0, 0.0, 0.0, 0.0, 0.0, 0.0, 0.0, 0.0, 0.0, 0.0, 0.0, 0.0, 0.0, 0.0, 0.0, 0.0, 0.0, 0.0, 0.0, 0.0, 0.0, 0.0, 0.0, 0.0, 0.0, 0.0, 0.0, 0.0, 0.0, 0.0, 0.0, 0.0, 0.0, 0.0, 0.0, 0.0, 0.0, 0.0, 0.0, 0.0, 0.0, 0.0, 0.0, 0.0, 0.0, 0.0, 0.0, 0.0, 0.0, 0.0, 0.0, 0.0, 0.0, 0.0, 0.0, 0.0, 0.0, 0.0, 0.0, 0.0, 0.0, 0.0, 0.0, 0.0, 0.0, 0.0, 0.0, 0.0, 0.0, 0.0, 0.0, 0.0, 0.0, 0.0, 0.0, 0.0, 0.0, 0.0, 0.0, 0.0, 0.0, 0.0, 0.0, 0.0, 0.0, 0.0, 0.0, 0.0, 0.0, 0.0, 0.0, 0.0, 0.0, 0.0, 0.0, 0.0, 0.0, 0.0, 0.0, 0.0, 0.0, 0.0, 0.0, 0.0, 0.0, 0.0, 0.0, 0.0, 0.0, 0.0, 0.0, 0.0, 0.0, 0.0, 0.0, 0.0, 0.0, 0.0, 0.0, 0.0, 0.0, 0.0, 0.0, 0.0, 0.0, 0.0, 0.0, 0.0, 0.0, 0.0, 0.0, 0.0, 0.0, 0.0, 0.0, 0.0, 0.0, 0.0, 0.0, 0.0, 0.0, 0.0, 0.0, 0.0, 0.0, 0.0, 0.0, 0.0, 0.0, 0.0, 0.0, 0.0, 0.0, 0.0, 0.0, 0.0, 0.0, 0.0, 0.0, 0.0, 0.0, 0.0, 0.0, 0.0, 0.0, 0.0, 0.0, 0.0, 0.0, 0.0, 0.0, 0.0, 0.0, 0.0, 0.0, 0.0, 0.0, 0.0, 0.0, 0.0, 0.0, 0.0, 0.0, 0.0, 0.0, 0.0, 0.0, 0.0, 0.0, 0.0, 0.0, 0.0, 0.0, 0.0, 0.0, 0.0, 0.0, 0.0, 0.0, 0.0, 0.0, 0.0, 0.0, 0.0, 0.0, 0.0, 0.0, 0.0, 0.0, 0.0, 0.0, 0.0, 0.0, 0.0, 0.0, 0.0, 0.0, 0.0, 0.0, 0.0, 0.0, 0.0, 0.0, 0.0, 0.0, 0.0, 0.0, 0.0, 0.0, 0.0, 0.0, 0.0, 0.0, 0.0, 0.0, 0.0, 0.0, 0.0, 0.0, 0.0, 0.0, 0.0, 0.0, 0.0, 0.0, 0.0, 0.0, 0.0, 0.0, 0.0, 0.0, 0.0, 0.0, 0.0, 0.0, 0.0, 0.0, 0.0, 0.0, 0.0, 0.0, 0.0, 0.0, 0.0, 0.0, 0.0, 0.0, 0.0, 0.0, 0.0, 0.0, 0.0, 0.0, 0.0, 0.0, 0.0, 0.0, 0.0, 0.0, 0.0, 0.0, 0.0, 0.0, 0.0, 0.0, 0.0, 0.0, 0.0, 0.0, 0.0, 0.0, 0.0, 0.0, 0.0, 0.0, 0.0, 0.0, 0.0, 0.0, 0.0, 0.0, 0.0, 0.0, 0.0, 0.0, 0.0, 0.0, 0.0, 0.0, 0.0, 0.0, 0.0, 0.0, 0.0, 0.0, 0.0, 0.0, 0.0, 0.0, 0.0, 0.0, 0.0, 0.0, 0.0, 0.0, 0.0, 0.0, 0.0, 0.0, 0.0, 0.0, 0.0, 0.0, 0.0, 0.0, 0.0, 0.0, 0.0, 0.0, 0.0, 0.0, 0.0, 0.0, 0.0, 0.0, 0.0, 0.0, 0.0, 0.0, 0.0, 0.0, 0.0, 0.0, 0.0, 0.0, 0.0, 0.0, 0.0, 0.0, 0.0, 0.0, 0.0, 0.0, 0.0, 0.0, 0.0, 0.0, 0.0, 0.0, 0.0, 0.0, 0.0, 0.0, 0.0, 0.0, 0.0, 0.0, 0.0, 0.0]",COMPLETE
