,number,value,datetime_start,datetime_complete,duration,params_batch_size_scaler,params_constant_learning_rate,params_depth,params_epochs,params_kernel_l2,params_num_trees,params_temperature,user_attrs_accuracy_test,user_attrs_accuracy_valid,user_attrs_approximate_feature_sparsity,user_attrs_approximate_feature_sparsity_history,user_attrs_approximate_weight_sparsity,user_attrs_approximate_weight_sparsity_history,user_attrs_auc_test,user_attrs_auc_valid,user_attrs_feature_sparsity,user_attrs_feature_sparsity_history,user_attrs_num_epochs,user_attrs_val_loss_history,user_attrs_weight_sparsity,user_attrs_weight_sparsity_history,state
136,136,0.7785034329069572,2024-08-31 05:36:19.383534,2024-08-31 05:36:55.598164,0 days 00:00:36.214630,16,0.024071203974519985,3,270,0.023486593993580662,97,0.03046891830263478,0.877,0.87,33,"[33, 33, 33, 33, 33, 33, 33, 33, 33, 33, 33, 33, 33, 33, 33, 33, 33, 33, 33, 33, 33, 33, 33, 33, 33, 33, 33, 33, 33, 33, 33, 33, 33, 33, 33, 33, 33, 33, 33, 33, 33, 33, 33, 33, 33, 33, 33, 33, 33, 33, 33, 33, 33, 33, 33, 33, 33, 33, 33, 33, 33, 33, 33, 33, 33, 33, 33, 33, 33, 33, 33, 33, 33, 33, 33, 33, 33, 33, 33, 33, 33, 33, 33, 33, 33, 33, 33, 33, 33, 33, 33, 33, 33, 33, 33, 33, 33, 33, 33, 33, 33, 33, 33, 33, 33, 33, 33, 33, 33, 33, 33, 33, 33, 33, 33, 33, 33, 33, 33, 33, 33, 33, 33, 33, 33, 33, 33, 33, 33, 33, 33, 33, 33, 33, 33, 33, 33, 33, 33, 33, 33, 33, 33, 33, 33, 33, 33, 33, 33, 33, 33, 33, 33, 33, 33, 33, 33, 33, 33, 33, 33, 33, 33, 33, 33, 33, 33, 33, 33, 33, 33, 33, 33, 33, 33, 33, 33, 33, 33, 33, 33, 33, 33, 33, 33, 33, 33, 33, 33, 33, 33, 33, 33, 33, 33, 33, 33, 33, 33, 33, 33, 33, 33, 33, 33, 33, 33, 33, 33, 33, 33, 33, 33, 33, 33, 33, 33, 33, 33, 33, 33, 33, 33, 33, 33, 33, 33, 33, 33, 33, 33, 33, 33, 33, 33, 33, 33, 33, 33, 33, 33, 33, 33, 33, 33, 33, 33, 33, 33, 33, 33, 33, 33, 33, 33, 33, 33, 33, 33, 33, 33, 33, 33, 33, 33, 33, 33, 33, 33, 33]",32.96023564064801,"[32.973490427098675, 32.96759941089838, 32.97496318114875, 32.97496318114875, 32.9720176730486, 32.973490427098675, 32.96907216494846, 32.973490427098675, 32.97054491899853, 32.96465390279823, 32.97054491899853, 32.97496318114875, 32.9720176730486, 32.96907216494846, 32.96759941089838, 32.9661266568483, 32.954344624447714, 32.95729013254787, 32.96318114874816, 32.96759941089838, 32.96318114874816, 32.95729013254787, 32.96318114874816, 32.961708394698086, 32.95581737849779, 32.96465390279823, 32.95581737849779, 32.95876288659794, 32.961708394698086, 32.96318114874816, 32.96465390279823, 32.96465390279823, 32.96465390279823, 32.96318114874816, 32.95876288659794, 32.96023564064801, 32.961708394698086, 32.96318114874816, 32.961708394698086, 32.96465390279823, 32.95581737849779, 32.95729013254787, 32.961708394698086, 32.96318114874816, 32.961708394698086, 32.954344624447714, 32.951399116347574, 32.94698085419735, 32.94698085419735, 32.952871870397644, 32.954344624447714, 32.951399116347574, 32.952871870397644, 32.95581737849779, 32.954344624447714, 32.952871870397644, 32.96318114874816, 32.96465390279823, 32.96023564064801, 32.95876288659794, 32.95581737849779, 32.96023564064801, 32.951399116347574, 32.952871870397644, 32.96023564064801, 32.95729013254787, 32.95876288659794, 32.9661266568483, 32.96318114874816, 32.96023564064801, 32.95876288659794, 32.96023564064801, 32.961708394698086, 32.95581737849779, 32.9499263622975, 32.951399116347574, 32.954344624447714, 32.95581737849779, 32.9499263622975, 32.951399116347574, 32.95729013254787, 32.96759941089838, 32.97054491899853, 32.96465390279823, 32.961708394698086, 32.96465390279823, 32.961708394698086, 32.9661266568483, 32.95729013254787, 32.96759941089838, 32.97054491899853, 32.96759941089838, 32.96759941089838, 32.9720176730486, 32.97643593519882, 32.97496318114875, 32.973490427098675, 32.97054491899853, 32.97054491899853, 32.97054491899853, 32.97054491899853, 32.96465390279823, 32.96318114874816, 32.95729013254787, 32.95729013254787, 32.96465390279823, 32.96907216494846, 32.96907216494846, 32.9661266568483, 32.96318114874816, 32.9661266568483, 32.96907216494846, 32.961708394698086, 32.96023564064801, 32.961708394698086, 32.95729013254787, 32.954344624447714, 32.94845360824742, 32.95876288659794, 32.952871870397644, 32.954344624447714, 32.96023564064801, 32.9661266568483, 32.96465390279823, 32.96907216494846, 32.95581737849779, 32.95581737849779, 32.94698085419735, 32.94845360824742, 32.952871870397644, 32.954344624447714, 32.95581737849779, 32.954344624447714, 32.95729013254787, 32.961708394698086, 32.95876288659794, 32.96023564064801, 32.961708394698086, 32.96023564064801, 32.95729013254787, 32.95876288659794, 32.95876288659794, 32.95581737849779, 32.96023564064801, 32.96907216494846, 32.96465390279823, 32.96318114874816, 32.97054491899853, 32.9720176730486, 32.9661266568483, 32.96465390279823, 32.95581737849779, 32.96023564064801, 32.9661266568483, 32.96023564064801, 32.96318114874816, 32.96318114874816, 32.96465390279823, 32.961708394698086, 32.95876288659794, 32.9661266568483, 32.96759941089838, 32.96465390279823, 32.96023564064801, 32.96318114874816, 32.97054491899853, 32.96759941089838, 32.96907216494846, 32.9661266568483, 32.96465390279823, 32.96759941089838, 32.96759941089838, 32.96318114874816, 32.96759941089838, 32.96318114874816, 32.96318114874816, 32.96318114874816, 32.9661266568483, 32.95876288659794, 32.96023564064801, 32.961708394698086, 32.95876288659794, 32.954344624447714, 32.952871870397644, 32.96023564064801, 32.95729013254787, 32.96318114874816, 32.96465390279823, 32.96318114874816, 32.95876288659794, 32.95876288659794, 32.95581737849779, 32.95581737849779, 32.95876288659794, 32.961708394698086, 32.961708394698086, 32.9661266568483, 32.96907216494846, 32.9661266568483, 32.9661266568483, 32.96759941089838, 32.96759941089838, 32.9720176730486, 32.973490427098675, 32.973490427098675, 32.97054491899853, 32.96907216494846, 32.9661266568483, 32.9661266568483, 32.961708394698086, 32.9661266568483, 32.961708394698086, 32.96465390279823, 32.96318114874816, 32.96465390279823, 32.96318114874816, 32.96465390279823, 32.9661266568483, 32.97054491899853, 32.96759941089838, 32.961708394698086, 32.96023564064801, 32.95729013254787, 32.961708394698086, 32.961708394698086, 32.9661266568483, 32.96759941089838, 32.961708394698086, 32.96023564064801, 32.96907216494846, 32.96465390279823, 32.96318114874816, 32.96318114874816, 32.96318114874816, 32.961708394698086, 32.9661266568483, 32.96759941089838, 32.97054491899853, 32.97496318114875, 32.97496318114875, 32.96759941089838, 32.96907216494846, 32.96318114874816, 32.96318114874816, 32.96465390279823, 32.96759941089838, 32.9661266568483, 32.96759941089838, 32.96907216494846, 32.97054491899853, 32.9720176730486, 32.97054491899853, 32.97054491899853, 32.9720176730486, 32.97054491899853, 32.96907216494846, 32.9720176730486, 32.973490427098675, 32.973490427098675, 32.973490427098675, 32.9720176730486, 32.96465390279823, 32.96318114874816, 32.9661266568483, 32.97054491899853, 32.9720176730486, 32.9720176730486, 32.96907216494846, 32.96465390279823, 32.96023564064801]",0.8060915298177825,0.7785034329069572,33,"[33, 33, 33, 33, 33, 33, 33, 33, 33, 33, 33, 33, 33, 33, 33, 33, 33, 33, 33, 33, 33, 33, 33, 33, 33, 33, 33, 33, 33, 33, 33, 33, 33, 33, 33, 33, 33, 33, 33, 33, 33, 33, 33, 33, 33, 33, 33, 33, 33, 33, 33, 33, 33, 33, 33, 33, 33, 33, 33, 33, 33, 33, 33, 33, 33, 33, 33, 33, 33, 33, 33, 33, 33, 33, 33, 33, 33, 33, 33, 33, 33, 33, 33, 33, 33, 33, 33, 33, 33, 33, 33, 33, 33, 33, 33, 33, 33, 33, 33, 33, 33, 33, 33, 33, 33, 33, 33, 33, 33, 33, 33, 33, 33, 33, 33, 33, 33, 33, 33, 33, 33, 33, 33, 33, 33, 33, 33, 33, 33, 33, 33, 33, 33, 33, 33, 33, 33, 33, 33, 33, 33, 33, 33, 33, 33, 33, 33, 33, 33, 33, 33, 33, 33, 33, 33, 33, 33, 33, 33, 33, 33, 33, 33, 33, 33, 33, 33, 33, 33, 33, 33, 33, 33, 33, 33, 33, 33, 33, 33, 33, 33, 33, 33, 33, 33, 33, 33, 33, 33, 33, 33, 33, 33, 33, 33, 33, 33, 33, 33, 33, 33, 33, 33, 33, 33, 33, 33, 33, 33, 33, 33, 33, 33, 33, 33, 33, 33, 33, 33, 33, 33, 33, 33, 33, 33, 33, 33, 33, 33, 33, 33, 33, 33, 33, 33, 33, 33, 33, 33, 33, 33, 33, 33, 33, 33, 33, 33, 33, 33, 33, 33, 33, 33, 33, 33, 33, 33, 33, 33, 33, 33, 33, 33, 33, 33, 33, 33, 33, 33, 33]",270,"[0.4180257022380829, 0.40629035234451294, 0.403715580701828, 0.4019148647785187, 0.4004666209220886, 0.39903518557548523, 0.39758923649787903, 0.39630451798439026, 0.3950099050998688, 0.39378127455711365, 0.3927067816257477, 0.39168524742126465, 0.3906503915786743, 0.3896939158439636, 0.3887377977371216, 0.3878951370716095, 0.38705089688301086, 0.38626646995544434, 0.3854542672634125, 0.3846949338912964, 0.3839457333087921, 0.3832492530345917, 0.38262122869491577, 0.3820454478263855, 0.3814270794391632, 0.3809083104133606, 0.3803413510322571, 0.3798341751098633, 0.37930676341056824, 0.37885478138923645, 0.37836092710494995, 0.37793102860450745, 0.37747547030448914, 0.37704670429229736, 0.37661683559417725, 0.3761938512325287, 0.37579619884490967, 0.3754185438156128, 0.3750799894332886, 0.37483474612236023, 0.3744114935398102, 0.374070942401886, 0.37371405959129333, 0.37341898679733276, 0.3730892539024353, 0.37277960777282715, 0.3725169003009796, 0.3722900152206421, 0.3719728887081146, 0.3716003894805908, 0.3714075982570648, 0.371093213558197, 0.3708232641220093, 0.37057581543922424, 0.3703075349330902, 0.370026558637619, 0.3697584569454193, 0.3695046305656433, 0.3692817687988281, 0.36907055974006653, 0.36884447932243347, 0.36859452724456787, 0.3683331310749054, 0.36825382709503174, 0.3679468035697937, 0.3677850067615509, 0.36746275424957275, 0.3673250675201416, 0.3670869469642639, 0.36704009771347046, 0.36670953035354614, 0.3665950894355774, 0.36618804931640625, 0.36598145961761475, 0.365742564201355, 0.36555564403533936, 0.36535388231277466, 0.3651160001754761, 0.3649483025074005, 0.364839643239975, 0.3646073639392853, 0.364694744348526, 0.3642805516719818, 0.36403927206993103, 0.3638785481452942, 0.3639966547489166, 0.36361080408096313, 0.3633255660533905, 0.36333733797073364, 0.3631187081336975, 0.3628494143486023, 0.3626708686351776, 0.3626144826412201, 0.36221808195114136, 0.3620922565460205, 0.3620411157608032, 0.36182159185409546, 0.36151373386383057, 0.36138346791267395, 0.36118796467781067, 0.360995888710022, 0.3607904016971588, 0.3606000244617462, 0.36039572954177856, 0.3602335453033447, 0.36009034514427185, 0.35990801453590393, 0.35984551906585693, 0.35959669947624207, 0.35937976837158203, 0.3592124283313751, 0.3590323328971863, 0.3589242100715637, 0.3586488664150238, 0.35846808552742004, 0.35831841826438904, 0.3581058382987976, 0.358066588640213, 0.3577519953250885, 0.35755282640457153, 0.3574461340904236, 0.35731860995292664, 0.357113242149353, 0.3569124639034271, 0.356784462928772, 0.3565610647201538, 0.35644423961639404, 0.35628005862236023, 0.3560105562210083, 0.356001079082489, 0.3558531701564789, 0.35566624999046326, 0.3554424047470093, 0.355287104845047, 0.3552156686782837, 0.3550040125846863, 0.35478758811950684, 0.35458990931510925, 0.35441598296165466, 0.3542564809322357, 0.3542546033859253, 0.353989839553833, 0.35391685366630554, 0.35362979769706726, 0.3535770773887634, 0.3534756004810333, 0.35321640968322754, 0.35312435030937195, 0.35292088985443115, 0.352791965007782, 0.35253167152404785, 0.3523600697517395, 0.3522251844406128, 0.3520033359527588, 0.3518826365470886, 0.35168302059173584, 0.3516015112400055, 0.35138943791389465, 0.35147807002067566, 0.3512556552886963, 0.35097262263298035, 0.35075995326042175, 0.3506354093551636, 0.35043391585350037, 0.3504602015018463, 0.35025492310523987, 0.3500833809375763, 0.34980103373527527, 0.34971582889556885, 0.3495596945285797, 0.34938502311706543, 0.3493120074272156, 0.34904617071151733, 0.34894055128097534, 0.3487829566001892, 0.3486824035644531, 0.3485664427280426, 0.34842807054519653, 0.34838321805000305, 0.3481042981147766, 0.348058819770813, 0.3478321433067322, 0.34765884280204773, 0.3474956154823303, 0.34738484025001526, 0.3471817374229431, 0.34707111120224, 0.34697017073631287, 0.3467552959918976, 0.3466137647628784, 0.3464343547821045, 0.34633785486221313, 0.34638291597366333, 0.3461453914642334, 0.3459893465042114, 0.34587016701698303, 0.34565773606300354, 0.3455205261707306, 0.345274418592453, 0.345215767621994, 0.3451119661331177, 0.3449039161205292, 0.3447343111038208, 0.34450748562812805, 0.34454232454299927, 0.34440845251083374, 0.3441580832004547, 0.3439622223377228, 0.34383347630500793, 0.3437422811985016, 0.3436276316642761, 0.34340915083885193, 0.34327614307403564, 0.3431520164012909, 0.342961847782135, 0.34283173084259033, 0.34275972843170166, 0.3425694406032562, 0.3424992859363556, 0.342537522315979, 0.34231501817703247, 0.342111200094223, 0.34202563762664795, 0.34185555577278137, 0.3417147099971771, 0.3414759337902069, 0.34133628010749817, 0.34115490317344666, 0.3410078287124634, 0.3408046066761017, 0.34078118205070496, 0.34061339497566223, 0.34047970175743103, 0.3403662443161011, 0.3403426706790924, 0.3400631248950958, 0.33992478251457214, 0.3397948145866394, 0.3397779166698456, 0.33969324827194214, 0.33957982063293457, 0.3394485116004944, 0.3392002582550049, 0.33904919028282166, 0.33897459506988525, 0.3388864994049072, 0.33879339694976807, 0.3385471999645233, 0.3384822905063629, 0.33839377760887146, 0.3381362855434418, 0.33803489804267883, 0.33790338039398193, 0.33781710267066956, 0.3378002643585205, 0.33766451478004456, 0.3373783826828003, 0.3373156487941742, 0.33724677562713623, 0.3371295928955078, 0.33695292472839355, 0.3369016945362091, 0.33661460876464844, 0.3365527391433716, 0.3363731801509857, 0.33633461594581604, 0.33615410327911377, 0.33605167269706726, 0.33594322204589844, 0.33574336767196655]",33.0,"[33.0, 33.0, 33.0, 33.0, 33.0, 33.0, 33.0, 33.0, 33.0, 33.0, 33.0, 33.0, 33.0, 33.0, 33.0, 33.0, 33.0, 33.0, 33.0, 33.0, 33.0, 33.0, 33.0, 33.0, 33.0, 33.0, 33.0, 33.0, 33.0, 33.0, 33.0, 33.0, 33.0, 33.0, 33.0, 33.0, 33.0, 33.0, 33.0, 33.0, 33.0, 33.0, 33.0, 33.0, 33.0, 33.0, 33.0, 33.0, 33.0, 33.0, 33.0, 33.0, 33.0, 33.0, 33.0, 33.0, 33.0, 33.0, 33.0, 33.0, 33.0, 33.0, 33.0, 33.0, 33.0, 33.0, 33.0, 33.0, 33.0, 33.0, 33.0, 33.0, 33.0, 33.0, 33.0, 33.0, 33.0, 33.0, 33.0, 33.0, 33.0, 33.0, 33.0, 33.0, 33.0, 33.0, 33.0, 33.0, 33.0, 33.0, 33.0, 33.0, 33.0, 33.0, 33.0, 33.0, 33.0, 33.0, 33.0, 33.0, 33.0, 33.0, 33.0, 33.0, 33.0, 33.0, 33.0, 33.0, 33.0, 33.0, 33.0, 33.0, 33.0, 33.0, 33.0, 33.0, 33.0, 33.0, 33.0, 33.0, 33.0, 33.0, 33.0, 33.0, 33.0, 33.0, 33.0, 33.0, 33.0, 33.0, 33.0, 33.0, 33.0, 33.0, 33.0, 33.0, 33.0, 33.0, 33.0, 33.0, 33.0, 33.0, 33.0, 33.0, 33.0, 33.0, 33.0, 33.0, 33.0, 33.0, 33.0, 33.0, 33.0, 33.0, 33.0, 33.0, 33.0, 33.0, 33.0, 33.0, 33.0, 33.0, 33.0, 33.0, 33.0, 33.0, 33.0, 33.0, 33.0, 33.0, 33.0, 33.0, 33.0, 33.0, 33.0, 33.0, 33.0, 33.0, 33.0, 33.0, 33.0, 33.0, 33.0, 33.0, 33.0, 33.0, 33.0, 33.0, 33.0, 33.0, 33.0, 33.0, 33.0, 33.0, 33.0, 33.0, 33.0, 33.0, 33.0, 33.0, 33.0, 33.0, 33.0, 33.0, 33.0, 33.0, 33.0, 33.0, 33.0, 33.0, 33.0, 33.0, 33.0, 33.0, 33.0, 33.0, 33.0, 33.0, 33.0, 33.0, 33.0, 33.0, 33.0, 33.0, 33.0, 33.0, 33.0, 33.0, 33.0, 33.0, 33.0, 33.0, 33.0, 33.0, 33.0, 33.0, 33.0, 33.0, 33.0, 33.0, 33.0, 33.0, 33.0, 33.0, 33.0, 33.0, 33.0, 33.0, 33.0, 33.0, 33.0, 33.0, 33.0, 33.0, 33.0, 33.0, 33.0, 33.0, 33.0, 33.0, 33.0, 33.0, 33.0, 33.0, 33.0, 33.0, 33.0, 33.0, 33.0, 33.0]",COMPLETE
