,number,value,datetime_start,datetime_complete,duration,params_batch_size_scaler,params_constant_learning_rate,params_depth,params_epochs,params_kernel_l2,params_num_trees,params_temperature,user_attrs_accuracy_test,user_attrs_accuracy_valid,user_attrs_approximate_feature_sparsity,user_attrs_approximate_feature_sparsity_history,user_attrs_approximate_weight_sparsity,user_attrs_approximate_weight_sparsity_history,user_attrs_auc_test,user_attrs_auc_valid,user_attrs_feature_sparsity,user_attrs_feature_sparsity_history,user_attrs_num_epochs,user_attrs_val_loss_history,user_attrs_weight_sparsity,user_attrs_weight_sparsity_history,state
159,159,0.5,2024-08-31 06:26:40.201216,2024-08-31 06:28:17.026257,0 days 00:01:36.825041,16,1.212551909353353,3,435,0.7926771491167668,46,0.002371118419779537,0.859,0.85875,0,"[33, 33, 33, 33, 5, 3, 1, 0, 0, 0, 0, 0, 0, 0, 0, 0, 0, 0, 0, 0, 0, 0, 0, 0, 0, 0, 0, 0, 0, 0, 0, 0, 0, 0, 0, 0, 0, 0, 0, 0, 0, 0, 0, 0, 0, 0, 0, 0, 0, 0, 0, 0, 0, 0, 0, 0, 0, 0, 0, 0, 0, 0, 0, 0, 0, 0, 0, 0, 0, 0, 0, 0, 0, 0, 0, 0, 0, 0, 0, 0, 0, 0, 0, 0, 0, 0, 0, 0, 0, 0, 0, 0, 0, 0, 0, 0, 0, 0, 0, 0, 0, 0, 0, 0, 0, 0, 0, 0, 0, 0, 0, 0, 0, 0, 0, 0, 0, 0, 0, 0, 0, 0, 0, 0, 0, 0, 0, 0, 0, 0, 0, 0, 0, 0, 0, 0, 0, 0, 0, 0, 0, 0, 0, 0, 0, 0, 0, 0, 0, 0, 0, 0, 0, 0, 0, 0, 0, 0, 0, 0, 0, 0, 0, 0, 0, 0, 0, 0, 0, 0, 0, 0, 0, 0, 0, 0, 0, 0, 0, 0, 0, 0, 0, 0, 0, 0, 0, 0, 0, 0, 0, 0, 0, 0, 0, 0, 0, 0, 0, 0, 0, 0, 0, 0, 0, 0, 0, 0, 0, 0, 0, 0, 0, 0, 0, 0, 0, 0, 0, 0, 0, 0, 0, 0, 0, 0, 0, 0, 0, 0, 0, 0, 0, 0, 0, 0, 0, 0, 0, 0, 0, 0, 0, 0, 0, 0, 0, 0, 0, 0, 0, 0, 0, 0, 0, 0, 0, 0, 0, 0, 0, 0, 0, 0, 0, 0, 0, 0, 0, 0, 0, 0, 0, 0, 0, 0, 0, 0, 0, 0, 0, 0, 0, 0, 0, 0, 0, 0, 0, 0, 0, 0, 0, 0, 0, 0, 0, 0, 0, 0, 0, 0, 0, 0, 0, 0, 0, 0, 0, 0, 0, 0, 0, 0, 0, 0, 0, 0, 0, 0, 0, 0, 0, 0, 0, 0, 0, 0, 0, 0, 0, 0, 0, 0, 0, 0, 0, 0, 0, 0, 0, 0, 0, 0, 0, 0, 0, 0, 0, 0, 0, 0, 0, 0, 0, 0, 0, 0, 0, 0, 0, 0, 0, 0, 0, 0, 0, 0, 0, 0, 0, 0, 0, 0, 0, 0, 0, 0, 0, 0, 0, 0, 0, 0, 0, 0, 0, 0, 0, 0, 0, 0, 0, 0, 0, 0, 0, 0, 0, 0, 0, 0, 0, 0, 0, 0, 0, 0, 0, 0, 0, 0, 0, 0, 0, 0, 0, 0, 0, 0, 0, 0, 0, 0, 0, 0, 0, 0, 0, 0, 0, 0, 0, 0, 0]",0.0,"[32.96894409937888, 32.975155279503106, 32.95962732919254, 32.96583850931677, 4.996894409937888, 3.0, 1.0, 0.0, 0.0, 0.0, 0.0, 0.0, 0.0, 0.0, 0.0, 0.0, 0.0, 0.0, 0.0, 0.0, 0.0, 0.0, 0.0, 0.0, 0.0, 0.0, 0.0, 0.0, 0.0, 0.0, 0.0, 0.0, 0.0, 0.0, 0.0, 0.0, 0.0, 0.0, 0.0, 0.0, 0.0, 0.0, 0.0, 0.0, 0.0, 0.0, 0.0, 0.0, 0.0, 0.0, 0.0, 0.0, 0.0, 0.0, 0.0, 0.0, 0.0, 0.0, 0.0, 0.0, 0.0, 0.0, 0.0, 0.0, 0.0, 0.0, 0.0, 0.0, 0.0, 0.0, 0.0, 0.0, 0.0, 0.0, 0.0, 0.0, 0.0, 0.0, 0.0, 0.0, 0.0, 0.0, 0.0, 0.0, 0.0, 0.0, 0.0, 0.0, 0.0, 0.0, 0.0, 0.0, 0.0, 0.0, 0.0, 0.0, 0.0, 0.0, 0.0, 0.0, 0.0, 0.0, 0.0, 0.0, 0.0, 0.0, 0.0, 0.0, 0.0, 0.0, 0.0, 0.0, 0.0, 0.0, 0.0, 0.0, 0.0, 0.0, 0.0, 0.0, 0.0, 0.0, 0.0, 0.0, 0.0, 0.0, 0.0, 0.0, 0.0, 0.0, 0.0, 0.0, 0.0, 0.0, 0.0, 0.0, 0.0, 0.0, 0.0, 0.0, 0.0, 0.0, 0.0, 0.0, 0.0, 0.0, 0.0, 0.0, 0.0, 0.0, 0.0, 0.0, 0.0, 0.0, 0.0, 0.0, 0.0, 0.0, 0.0, 0.0, 0.0, 0.0, 0.0, 0.0, 0.0, 0.0, 0.0, 0.0, 0.0, 0.0, 0.0, 0.0, 0.0, 0.0, 0.0, 0.0, 0.0, 0.0, 0.0, 0.0, 0.0, 0.0, 0.0, 0.0, 0.0, 0.0, 0.0, 0.0, 0.0, 0.0, 0.0, 0.0, 0.0, 0.0, 0.0, 0.0, 0.0, 0.0, 0.0, 0.0, 0.0, 0.0, 0.0, 0.0, 0.0, 0.0, 0.0, 0.0, 0.0, 0.0, 0.0, 0.0, 0.0, 0.0, 0.0, 0.0, 0.0, 0.0, 0.0, 0.0, 0.0, 0.0, 0.0, 0.0, 0.0, 0.0, 0.0, 0.0, 0.0, 0.0, 0.0, 0.0, 0.0, 0.0, 0.0, 0.0, 0.0, 0.0, 0.0, 0.0, 0.0, 0.0, 0.0, 0.0, 0.0, 0.0, 0.0, 0.0, 0.0, 0.0, 0.0, 0.0, 0.0, 0.0, 0.0, 0.0, 0.0, 0.0, 0.0, 0.0, 0.0, 0.0, 0.0, 0.0, 0.0, 0.0, 0.0, 0.0, 0.0, 0.0, 0.0, 0.0, 0.0, 0.0, 0.0, 0.0, 0.0, 0.0, 0.0, 0.0, 0.0, 0.0, 0.0, 0.0, 0.0, 0.0, 0.0, 0.0, 0.0, 0.0, 0.0, 0.0, 0.0, 0.0, 0.0, 0.0, 0.0, 0.0, 0.0, 0.0, 0.0, 0.0, 0.0, 0.0, 0.0, 0.0, 0.0, 0.0, 0.0, 0.0, 0.0, 0.0, 0.0, 0.0, 0.0, 0.0, 0.0, 0.0, 0.0, 0.0, 0.0, 0.0, 0.0, 0.0, 0.0, 0.0, 0.0, 0.0, 0.0, 0.0, 0.0, 0.0, 0.0, 0.0, 0.0, 0.0, 0.0, 0.0, 0.0, 0.0, 0.0, 0.0, 0.0, 0.0, 0.0, 0.0, 0.0, 0.0, 0.0, 0.0, 0.0, 0.0, 0.0, 0.0, 0.0, 0.0, 0.0, 0.0, 0.0, 0.0, 0.0, 0.0, 0.0, 0.0, 0.0, 0.0, 0.0, 0.0, 0.0, 0.0, 0.0, 0.0, 0.0, 0.0, 0.0, 0.0, 0.0, 0.0, 0.0, 0.0, 0.0, 0.0, 0.0, 0.0, 0.0, 0.0, 0.0, 0.0, 0.0, 0.0, 0.0, 0.0, 0.0, 0.0, 0.0, 0.0, 0.0, 0.0, 0.0, 0.0, 0.0, 0.0, 0.0, 0.0, 0.0, 0.0, 0.0, 0.0, 0.0, 0.0, 0.0, 0.0, 0.0, 0.0, 0.0, 0.0, 0.0, 0.0, 0.0, 0.0, 0.0, 0.0, 0.0, 0.0, 0.0, 0.0, 0.0, 0.0, 0.0, 0.0, 0.0, 0.0, 0.0, 0.0, 0.0]",0.5,0.5,0,"[33, 33, 33, 33, 5, 3, 1, 0, 0, 0, 0, 0, 0, 0, 0, 0, 0, 0, 0, 0, 0, 0, 0, 0, 0, 0, 0, 0, 0, 0, 0, 0, 0, 0, 0, 0, 0, 0, 0, 0, 0, 0, 0, 0, 0, 0, 0, 0, 0, 0, 0, 0, 0, 0, 0, 0, 0, 0, 0, 0, 0, 0, 0, 0, 0, 0, 0, 0, 0, 0, 0, 0, 0, 0, 0, 0, 0, 0, 0, 0, 0, 0, 0, 0, 0, 0, 0, 0, 0, 0, 0, 0, 0, 0, 0, 0, 0, 0, 0, 0, 0, 0, 0, 0, 0, 0, 0, 0, 0, 0, 0, 0, 0, 0, 0, 0, 0, 0, 0, 0, 0, 0, 0, 0, 0, 0, 0, 0, 0, 0, 0, 0, 0, 0, 0, 0, 0, 0, 0, 0, 0, 0, 0, 0, 0, 0, 0, 0, 0, 0, 0, 0, 0, 0, 0, 0, 0, 0, 0, 0, 0, 0, 0, 0, 0, 0, 0, 0, 0, 0, 0, 0, 0, 0, 0, 0, 0, 0, 0, 0, 0, 0, 0, 0, 0, 0, 0, 0, 0, 0, 0, 0, 0, 0, 0, 0, 0, 0, 0, 0, 0, 0, 0, 0, 0, 0, 0, 0, 0, 0, 0, 0, 0, 0, 0, 0, 0, 0, 0, 0, 0, 0, 0, 0, 0, 0, 0, 0, 0, 0, 0, 0, 0, 0, 0, 0, 0, 0, 0, 0, 0, 0, 0, 0, 0, 0, 0, 0, 0, 0, 0, 0, 0, 0, 0, 0, 0, 0, 0, 0, 0, 0, 0, 0, 0, 0, 0, 0, 0, 0, 0, 0, 0, 0, 0, 0, 0, 0, 0, 0, 0, 0, 0, 0, 0, 0, 0, 0, 0, 0, 0, 0, 0, 0, 0, 0, 0, 0, 0, 0, 0, 0, 0, 0, 0, 0, 0, 0, 0, 0, 0, 0, 0, 0, 0, 0, 0, 0, 0, 0, 0, 0, 0, 0, 0, 0, 0, 0, 0, 0, 0, 0, 0, 0, 0, 0, 0, 0, 0, 0, 0, 0, 0, 0, 0, 0, 0, 0, 0, 0, 0, 0, 0, 0, 0, 0, 0, 0, 0, 0, 0, 0, 0, 0, 0, 0, 0, 0, 0, 0, 0, 0, 0, 0, 0, 0, 0, 0, 0, 0, 0, 0, 0, 0, 0, 0, 0, 0, 0, 0, 0, 0, 0, 0, 0, 0, 0, 0, 0, 0, 0, 0, 0, 0, 0, 0, 0, 0, 0, 0, 0, 0, 0, 0, 0, 0, 0, 0, 0, 0, 0, 0, 0, 0, 0, 0, 0, 0, 0, 0, 0, 0, 0, 0, 0]",435,"[0.5031054615974426, 0.47474926710128784, 0.45450305938720703, 0.480244904756546, 0.37739741802215576, 0.3802284598350525, 0.3973671793937683, 0.4220289885997772, 0.4074815809726715, 0.42921340465545654, 0.4159521758556366, 0.43760815262794495, 0.4081413745880127, 0.41450387239456177, 0.42785441875457764, 0.4072878658771515, 0.42104336619377136, 0.42312708497047424, 0.41286006569862366, 0.43050941824913025, 0.40730971097946167, 0.449159175157547, 0.4083332419395447, 0.41277897357940674, 0.4210449457168579, 0.4077892601490021, 0.40726107358932495, 0.4089020788669586, 0.41552066802978516, 0.427043616771698, 0.42536309361457825, 0.4098280370235443, 0.40835288166999817, 0.4313490688800812, 0.47203609347343445, 0.4078776240348816, 0.41307541728019714, 0.4539887607097626, 0.40740886330604553, 0.4221906363964081, 0.40960177779197693, 0.42207854986190796, 0.4150102734565735, 0.43127989768981934, 0.43020179867744446, 0.4868415892124176, 0.40764227509498596, 0.4112577438354492, 0.4075709879398346, 0.4369208514690399, 0.42617908120155334, 0.40831834077835083, 0.43782004714012146, 0.43548041582107544, 0.45105448365211487, 0.40725281834602356, 0.40898945927619934, 0.4304177463054657, 0.4084371328353882, 0.40931591391563416, 0.41412535309791565, 0.42979973554611206, 0.40722617506980896, 0.45673057436943054, 0.4096675515174866, 0.4554119110107422, 0.41419681906700134, 0.41153985261917114, 0.4141647219657898, 0.42896783351898193, 0.40880143642425537, 0.4526512920856476, 0.4156142473220825, 0.4186268150806427, 0.40973541140556335, 0.5348034501075745, 0.4149174094200134, 0.4097573757171631, 0.40724292397499084, 0.4079626500606537, 0.4198959767818451, 0.41405293345451355, 0.4073617458343506, 0.4178965389728546, 0.41277626156806946, 0.41840898990631104, 0.4092503488063812, 0.4091816246509552, 0.41453102231025696, 0.4126454293727875, 0.42991361021995544, 0.43406596779823303, 0.4093848168849945, 0.4160037636756897, 0.4125402867794037, 0.4085761308670044, 0.4158235788345337, 0.4091986119747162, 0.4097325801849365, 0.41042691469192505, 0.41287100315093994, 0.4115510582923889, 0.42921170592308044, 0.40742775797843933, 0.4167456030845642, 0.4072425067424774, 0.4135287404060364, 0.4169139564037323, 0.415890097618103, 0.5897001624107361, 0.43588653206825256, 0.4072848856449127, 0.4088435769081116, 0.46857017278671265, 0.4306736886501312, 0.4693183898925781, 0.4101381003856659, 0.40890055894851685, 0.4372846484184265, 0.41386327147483826, 0.41793903708457947, 0.41044455766677856, 0.407227098941803, 0.44028332829475403, 0.41709673404693604, 0.4225131571292877, 0.409811794757843, 0.41058772802352905, 0.4075861871242523, 0.40733250975608826, 0.45894455909729004, 0.4241793155670166, 0.4405730366706848, 0.41083401441574097, 0.4074953496456146, 0.41438189148902893, 0.4072261154651642, 0.41401997208595276, 0.4237782657146454, 0.4198337197303772, 0.4092586934566498, 0.4086238443851471, 0.4123479127883911, 0.4146147668361664, 0.4244453012943268, 0.4323951303958893, 0.4380870461463928, 0.40760132670402527, 0.42248642444610596, 0.44953227043151855, 0.44111794233322144, 0.5413704514503479, 0.40831393003463745, 0.42383116483688354, 0.41657570004463196, 0.4255995452404022, 0.42274585366249084, 0.42338526248931885, 0.4245477616786957, 0.42265403270721436, 0.42630481719970703, 0.43293601274490356, 0.42275357246398926, 0.40980198979377747, 0.4272286891937256, 0.40919047594070435, 0.40992534160614014, 0.4713576138019562, 0.4072268307209015, 0.42586690187454224, 0.4508151710033417, 0.4085838198661804, 0.4077634811401367, 0.42783501744270325, 0.4121319055557251, 0.4085662066936493, 0.42180824279785156, 0.4152158498764038, 0.4098259210586548, 0.41082581877708435, 0.43185797333717346, 0.4700012505054474, 0.4087006449699402, 0.43121790885925293, 0.4139940142631531, 0.4255373477935791, 0.40935981273651123, 0.5159129500389099, 0.5238893032073975, 0.4376464784145355, 0.4126923680305481, 0.41019439697265625, 0.4119241237640381, 0.46597525477409363, 0.41382166743278503, 0.41126763820648193, 0.4072954058647156, 0.40722712874412537, 0.4332895576953888, 0.4275406301021576, 0.4399513900279999, 0.4132305383682251, 0.4093198776245117, 0.41561588644981384, 0.41120320558547974, 0.40936651825904846, 0.42055487632751465, 0.4146788716316223, 0.41260597109794617, 0.43320006132125854, 0.4236671030521393, 0.4285842180252075, 0.41262516379356384, 0.44185715913772583, 0.4450589120388031, 0.40756842494010925, 0.4172435402870178, 0.41463378071784973, 0.40788882970809937, 0.4146762788295746, 0.40724319219589233, 0.4203989803791046, 0.4072393774986267, 0.40727749466896057, 0.45485565066337585, 0.4379504323005676, 0.43001124262809753, 0.4074985384941101, 0.410693883895874, 0.40934959053993225, 0.43441182374954224, 0.4100889265537262, 0.4484981298446655, 0.42877593636512756, 0.4148428440093994, 0.40848010778427124, 0.4128231704235077, 0.41176995635032654, 0.42474377155303955, 0.4114053249359131, 0.4109431505203247, 0.44047650694847107, 0.41596531867980957, 0.4143441915512085, 0.4125167727470398, 0.4086427688598633, 0.4279116690158844, 0.44023239612579346, 0.43473392724990845, 0.4236828088760376, 0.41945892572402954, 0.40747615694999695, 0.41998663544654846, 0.4114416539669037, 0.4286727011203766, 0.40840014815330505, 0.4234233498573303, 0.41514819860458374, 0.43994826078414917, 0.4345678687095642, 0.40749332308769226, 0.41552531719207764, 0.4137140214443207, 0.44046685099601746, 0.43771785497665405, 0.4450531005859375, 0.415823370218277, 0.40724456310272217, 0.41131600737571716, 0.40925636887550354, 0.4119206666946411, 0.40722641348838806, 0.42703545093536377, 0.4092028737068176, 0.41385218501091003, 0.41057440638542175, 0.4078916311264038, 0.5402994751930237, 0.4096062481403351, 0.40795421600341797, 0.4449923038482666, 0.4092632234096527, 0.40896064043045044, 0.41284024715423584, 0.4535616636276245, 0.41064098477363586, 0.40759220719337463, 0.4149186611175537, 0.4119761288166046, 0.4187104403972626, 0.4075669050216675, 0.4072601795196533, 0.42158031463623047, 0.4099130928516388, 0.4114338755607605, 0.41982993483543396, 0.42046722769737244, 0.4096502363681793, 0.4216949939727783, 0.4211638569831848, 0.4074232578277588, 0.4470447897911072, 0.41297295689582825, 0.42033958435058594, 0.423610657453537, 0.40776875615119934, 0.4593702554702759, 0.5747182369232178, 0.40801525115966797, 0.4190259277820587, 0.4142281413078308, 0.4073335528373718, 0.40780553221702576, 0.40782424807548523, 0.414097398519516, 0.40735870599746704, 0.4382781982421875, 0.4092501699924469, 0.4075266718864441, 0.44047871232032776, 0.4102468192577362, 0.43949592113494873, 0.41142192482948303, 0.41281750798225403, 0.4209407866001129, 0.42690983414649963, 0.40844470262527466, 0.4130045771598816, 0.41305434703826904, 0.4103247821331024, 0.4144611358642578, 0.40745705366134644, 0.4126014709472656, 0.4077591300010681, 0.45478156208992004, 0.4191942512989044, 0.40798118710517883, 0.4153293967247009, 0.4708421230316162, 0.4080495536327362, 0.41274121403694153, 0.42029324173927307, 0.407533198595047, 0.40723514556884766, 0.4097629189491272, 0.4089789092540741, 0.4128694534301758, 0.4209599792957306, 0.4122307300567627, 0.4080589711666107, 0.4137362241744995, 0.40781405568122864, 0.4072261154651642, 0.4165264368057251, 0.41190198063850403, 0.4076422452926636, 0.4502248764038086, 0.4088422656059265, 0.4087274670600891, 0.43750908970832825, 0.4285202920436859, 0.407228022813797, 0.43751785159111023, 0.4118898808956146, 0.41783976554870605, 0.414760023355484, 0.4131137430667877, 0.43863505125045776, 0.514290452003479, 0.40758585929870605, 0.41446784138679504, 0.41041114926338196, 0.429062157869339, 0.47101691365242004, 0.40961316227912903, 0.45817744731903076, 0.4089149236679077, 0.517569899559021, 0.4122604727745056, 0.40731674432754517, 0.4186519980430603, 0.4078599810600281, 0.45096543431282043, 0.4081821143627167, 0.41734740138053894, 0.40912339091300964, 0.409739226102829, 0.4323791265487671, 0.5297091007232666, 0.40949320793151855, 0.42015373706817627, 0.41167038679122925, 0.4072268605232239, 0.41033104062080383, 0.41658684611320496, 0.40817371010780334, 0.4175912141799927, 0.4164617657661438, 0.4624324440956116, 0.4097139835357666, 0.4808771014213562, 0.40742775797843933, 0.4391096234321594, 0.4447236657142639, 0.4106064736843109, 0.4379717707633972, 0.4823339879512787, 0.43923068046569824, 0.4236762523651123, 0.41533347964286804, 0.41397038102149963, 0.4080938696861267, 0.4107309579849243, 0.4510541260242462, 0.4132462739944458, 0.41913795471191406, 0.4186387360095978, 0.4988195300102234, 0.42144566774368286, 0.41664746403694153, 0.4107778072357178, 0.4587754011154175, 0.4138144552707672, 0.41782405972480774, 0.40877383947372437, 0.41679856181144714, 0.4205826222896576, 0.43188780546188354, 0.40743252635002136, 0.42744505405426025, 0.4207845628261566, 0.4081359803676605, 0.414566308259964, 0.4279222786426544, 0.4215116500854492]",0.0,"[33.0, 33.0, 33.0, 33.0, 5.0, 3.0, 1.0, 0.0, 0.0, 0.0, 0.0, 0.0, 0.0, 0.0, 0.0, 0.0, 0.0, 0.0, 0.0, 0.0, 0.0, 0.0, 0.0, 0.0, 0.0, 0.0, 0.0, 0.0, 0.0, 0.0, 0.0, 0.0, 0.0, 0.0, 0.0, 0.0, 0.0, 0.0, 0.0, 0.0, 0.0, 0.0, 0.0, 0.0, 0.0, 0.0, 0.0, 0.0, 0.0, 0.0, 0.0, 0.0, 0.0, 0.0, 0.0, 0.0, 0.0, 0.0, 0.0, 0.0, 0.0, 0.0, 0.0, 0.0, 0.0, 0.0, 0.0, 0.0, 0.0, 0.0, 0.0, 0.0, 0.0, 0.0, 0.0, 0.0, 0.0, 0.0, 0.0, 0.0, 0.0, 0.0, 0.0, 0.0, 0.0, 0.0, 0.0, 0.0, 0.0, 0.0, 0.0, 0.0, 0.0, 0.0, 0.0, 0.0, 0.0, 0.0, 0.0, 0.0, 0.0, 0.0, 0.0, 0.0, 0.0, 0.0, 0.0, 0.0, 0.0, 0.0, 0.0, 0.0, 0.0, 0.0, 0.0, 0.0, 0.0, 0.0, 0.0, 0.0, 0.0, 0.0, 0.0, 0.0, 0.0, 0.0, 0.0, 0.0, 0.0, 0.0, 0.0, 0.0, 0.0, 0.0, 0.0, 0.0, 0.0, 0.0, 0.0, 0.0, 0.0, 0.0, 0.0, 0.0, 0.0, 0.0, 0.0, 0.0, 0.0, 0.0, 0.0, 0.0, 0.0, 0.0, 0.0, 0.0, 0.0, 0.0, 0.0, 0.0, 0.0, 0.0, 0.0, 0.0, 0.0, 0.0, 0.0, 0.0, 0.0, 0.0, 0.0, 0.0, 0.0, 0.0, 0.0, 0.0, 0.0, 0.0, 0.0, 0.0, 0.0, 0.0, 0.0, 0.0, 0.0, 0.0, 0.0, 0.0, 0.0, 0.0, 0.0, 0.0, 0.0, 0.0, 0.0, 0.0, 0.0, 0.0, 0.0, 0.0, 0.0, 0.0, 0.0, 0.0, 0.0, 0.0, 0.0, 0.0, 0.0, 0.0, 0.0, 0.0, 0.0, 0.0, 0.0, 0.0, 0.0, 0.0, 0.0, 0.0, 0.0, 0.0, 0.0, 0.0, 0.0, 0.0, 0.0, 0.0, 0.0, 0.0, 0.0, 0.0, 0.0, 0.0, 0.0, 0.0, 0.0, 0.0, 0.0, 0.0, 0.0, 0.0, 0.0, 0.0, 0.0, 0.0, 0.0, 0.0, 0.0, 0.0, 0.0, 0.0, 0.0, 0.0, 0.0, 0.0, 0.0, 0.0, 0.0, 0.0, 0.0, 0.0, 0.0, 0.0, 0.0, 0.0, 0.0, 0.0, 0.0, 0.0, 0.0, 0.0, 0.0, 0.0, 0.0, 0.0, 0.0, 0.0, 0.0, 0.0, 0.0, 0.0, 0.0, 0.0, 0.0, 0.0, 0.0, 0.0, 0.0, 0.0, 0.0, 0.0, 0.0, 0.0, 0.0, 0.0, 0.0, 0.0, 0.0, 0.0, 0.0, 0.0, 0.0, 0.0, 0.0, 0.0, 0.0, 0.0, 0.0, 0.0, 0.0, 0.0, 0.0, 0.0, 0.0, 0.0, 0.0, 0.0, 0.0, 0.0, 0.0, 0.0, 0.0, 0.0, 0.0, 0.0, 0.0, 0.0, 0.0, 0.0, 0.0, 0.0, 0.0, 0.0, 0.0, 0.0, 0.0, 0.0, 0.0, 0.0, 0.0, 0.0, 0.0, 0.0, 0.0, 0.0, 0.0, 0.0, 0.0, 0.0, 0.0, 0.0, 0.0, 0.0, 0.0, 0.0, 0.0, 0.0, 0.0, 0.0, 0.0, 0.0, 0.0, 0.0, 0.0, 0.0, 0.0, 0.0, 0.0, 0.0, 0.0, 0.0, 0.0, 0.0, 0.0, 0.0, 0.0, 0.0, 0.0, 0.0, 0.0, 0.0, 0.0, 0.0, 0.0, 0.0, 0.0, 0.0, 0.0, 0.0, 0.0, 0.0, 0.0, 0.0, 0.0, 0.0, 0.0, 0.0, 0.0, 0.0, 0.0, 0.0, 0.0, 0.0, 0.0, 0.0, 0.0, 0.0, 0.0, 0.0, 0.0, 0.0, 0.0, 0.0, 0.0, 0.0, 0.0, 0.0, 0.0, 0.0, 0.0, 0.0, 0.0, 0.0, 0.0, 0.0, 0.0, 0.0, 0.0, 0.0, 0.0, 0.0, 0.0, 0.0, 0.0]",COMPLETE
160,160,0.6830389921551957,2024-08-31 06:28:17.048001,2024-08-31 06:28:32.459876,0 days 00:00:15.411875,64,0.07331873456557836,1,90,0.0019209726168238756,13,0.05396996022645161,0.863,0.8625,27,"[33, 33, 33, 33, 32, 32, 32, 32, 31, 31, 31, 31, 30, 30, 30, 30, 29, 29, 28, 28, 28, 28, 28, 28, 28, 28, 28, 28, 28, 28, 28, 28, 28, 28, 28, 28, 28, 28, 28, 28, 28, 27, 27, 27, 27, 27, 27, 27, 27, 27, 27, 27, 27, 27, 27, 27, 27, 27, 27, 27, 27, 27, 27, 27, 27, 27, 27, 27, 27, 27, 27, 27, 27, 27, 27, 27, 27, 27, 27, 27, 27, 27, 27, 27, 27, 27, 27, 27, 27, 27]",27.0,"[33.0, 33.0, 33.0, 33.0, 32.0, 31.923076923076923, 32.0, 32.0, 31.0, 31.0, 31.0, 31.0, 30.0, 30.0, 30.0, 30.0, 29.0, 29.0, 28.0, 28.0, 27.923076923076923, 28.0, 28.0, 28.0, 28.0, 28.0, 28.0, 28.0, 28.0, 28.0, 28.0, 28.0, 28.0, 28.0, 28.0, 28.0, 28.0, 28.0, 28.0, 27.923076923076923, 28.0, 27.0, 27.0, 26.923076923076923, 27.0, 27.0, 27.0, 26.923076923076923, 26.923076923076923, 26.923076923076923, 27.0, 26.923076923076923, 27.0, 27.0, 27.0, 27.0, 27.0, 27.0, 27.0, 27.0, 27.0, 27.0, 27.0, 27.0, 27.0, 27.0, 27.0, 27.0, 27.0, 26.923076923076923, 27.0, 27.0, 27.0, 27.0, 27.0, 27.0, 27.0, 27.0, 27.0, 27.0, 27.0, 27.0, 27.0, 27.0, 27.0, 27.0, 27.0, 27.0, 27.0, 27.0]",0.7298029210941306,0.6830389921551957,27,"[33, 33, 33, 33, 32, 32, 32, 32, 31, 31, 31, 31, 30, 30, 30, 30, 29, 29, 28, 28, 28, 28, 28, 28, 28, 28, 28, 28, 28, 28, 28, 28, 28, 28, 28, 28, 28, 28, 28, 28, 28, 27, 27, 27, 27, 27, 27, 27, 27, 27, 27, 27, 27, 27, 27, 27, 27, 27, 27, 27, 27, 27, 27, 27, 27, 27, 27, 27, 27, 27, 27, 27, 27, 27, 27, 27, 27, 27, 27, 27, 27, 27, 27, 27, 27, 27, 27, 27, 27, 27]",90,"[0.4263640344142914, 0.4216870069503784, 0.41779258847236633, 0.41574937105178833, 0.41330838203430176, 0.4116957485675812, 0.41059017181396484, 0.40950915217399597, 0.4081931412220001, 0.4066084027290344, 0.4053981304168701, 0.404266893863678, 0.40275338292121887, 0.4020022451877594, 0.40065518021583557, 0.40004998445510864, 0.4016281068325043, 0.4002479314804077, 0.3974338471889496, 0.3967183828353882, 0.39608633518218994, 0.3956086337566376, 0.39506831765174866, 0.3943799138069153, 0.39367011189460754, 0.39307066798210144, 0.3925877511501312, 0.3919910192489624, 0.39170265197753906, 0.39119112491607666, 0.39049503207206726, 0.3901241421699524, 0.38955414295196533, 0.38914668560028076, 0.3890656530857086, 0.3883924186229706, 0.387910395860672, 0.38726571202278137, 0.38705870509147644, 0.38647812604904175, 0.3861842453479767, 0.38556164503097534, 0.3851817846298218, 0.38481053709983826, 0.38437148928642273, 0.3840733468532562, 0.3838120698928833, 0.38341036438941956, 0.38298147916793823, 0.38281571865081787, 0.38252732157707214, 0.38247889280319214, 0.38192009925842285, 0.38165268301963806, 0.3813367187976837, 0.3813166916370392, 0.38147059082984924, 0.38084688782691956, 0.38105714321136475, 0.3811682462692261, 0.38064044713974, 0.3800508379936218, 0.37984150648117065, 0.3793460726737976, 0.37923377752304077, 0.37908780574798584, 0.3790850341320038, 0.37876003980636597, 0.3785199224948883, 0.3785848319530487, 0.3781494200229645, 0.3780655562877655, 0.3780422508716583, 0.3778096139431, 0.377223938703537, 0.3770461678504944, 0.37669140100479126, 0.3765691816806793, 0.3764108419418335, 0.3760661780834198, 0.37598955631256104, 0.37612801790237427, 0.375948041677475, 0.3756665885448456, 0.3755810260772705, 0.3756449222564697, 0.37550535798072815, 0.37494945526123047, 0.3746103048324585, 0.3744528591632843]",27.0,"[33.0, 33.0, 33.0, 33.0, 32.0, 32.0, 32.0, 32.0, 31.0, 31.0, 31.0, 31.0, 30.0, 30.0, 30.0, 30.0, 29.0, 29.0, 28.0, 28.0, 28.0, 28.0, 28.0, 28.0, 28.0, 28.0, 28.0, 28.0, 28.0, 28.0, 28.0, 28.0, 28.0, 28.0, 28.0, 28.0, 28.0, 28.0, 28.0, 28.0, 28.0, 27.0, 27.0, 27.0, 27.0, 27.0, 27.0, 27.0, 27.0, 27.0, 27.0, 27.0, 27.0, 27.0, 27.0, 27.0, 27.0, 27.0, 27.0, 27.0, 27.0, 27.0, 27.0, 27.0, 27.0, 27.0, 27.0, 27.0, 27.0, 27.0, 27.0, 27.0, 27.0, 27.0, 27.0, 27.0, 27.0, 27.0, 27.0, 27.0, 27.0, 27.0, 27.0, 27.0, 27.0, 27.0, 27.0, 27.0, 27.0, 27.0]",COMPLETE
