,number,value,datetime_start,datetime_complete,duration,params_batch_size_scaler,params_constant_learning_rate,params_depth,params_epochs,params_kernel_l2,params_num_trees,params_temperature,user_attrs_accuracy_test,user_attrs_accuracy_valid,user_attrs_approximate_feature_sparsity,user_attrs_approximate_feature_sparsity_history,user_attrs_approximate_weight_sparsity,user_attrs_approximate_weight_sparsity_history,user_attrs_auc_test,user_attrs_auc_valid,user_attrs_feature_sparsity,user_attrs_feature_sparsity_history,user_attrs_num_epochs,user_attrs_val_loss_history,user_attrs_weight_sparsity,user_attrs_weight_sparsity_history,state
21,21,0.9126122296505261,2024-08-31 01:22:26.023558,2024-08-31 01:34:53.424573,0 days 00:12:27.401015,1,0.013148787950638036,5,320,0.19197922434760073,99,0.0003665133395359547,0.913,0.905,33,"[33, 33, 33, 33, 33, 33, 33, 33, 33, 33, 33, 33, 33, 33, 33, 33, 33, 33, 33, 33, 33, 33, 33, 33, 33, 33, 33, 33, 33, 33, 33, 33, 33, 33, 33, 33, 33, 33, 33, 33, 33, 33, 33, 33, 33, 33, 33, 33, 33, 33, 33, 33, 33, 33, 33, 33, 33, 33, 33, 33, 33, 33, 33, 33, 33, 33, 33, 33, 33, 33, 33, 33, 33, 33, 33, 33, 33, 33, 33, 33, 33, 33, 33, 33, 33, 33, 33, 33, 33, 33, 33, 33, 33, 33, 33, 33, 33, 33, 33, 33, 33, 33, 33, 33, 33, 33, 33, 33, 33, 33, 33, 33, 33, 33, 33, 33, 33, 33, 33, 33, 33, 33, 33, 33, 33, 33, 33, 33, 33, 33, 33, 33, 33, 33, 33, 33, 33, 33, 33, 33, 33, 33, 33, 33, 33, 33, 33, 33, 33, 33, 33, 33, 33, 33, 33, 33, 33, 33, 33, 33, 33, 33, 33, 33, 33, 33, 33, 33, 33, 33, 33, 33, 33, 33, 33, 33, 33, 33, 33, 33, 33, 33, 33, 33, 33, 33, 33, 33, 33, 33, 33, 33, 33, 33, 33, 33, 33, 33, 33, 33, 33, 33, 33, 33, 33, 33, 33, 33, 33, 33, 33, 33, 33, 33, 33, 33, 33, 33, 33, 33, 33, 33, 33, 33, 33, 33, 33, 33, 33, 33, 33, 33, 33, 33, 33, 33, 33, 33, 33, 33, 33, 33, 33, 33, 33, 33, 33, 33, 33, 33, 33, 33, 33, 33, 33, 33, 33, 33, 33, 33, 33, 33, 33, 33, 33, 33, 33, 33, 33, 33, 33, 33, 33, 33, 33, 33, 33, 33, 33, 33, 33, 33, 33, 33, 33, 33, 33, 33, 33, 33, 33, 33, 33, 33, 33, 33, 33, 33, 33, 33, 33, 33, 33, 33, 33, 33, 33, 33, 33, 33, 33, 33, 33, 33, 33, 33, 33, 33, 33, 33]",32.924079504724666,"[32.9227761485826, 32.923427826653636, 32.925708699902245, 32.92994460736396, 32.929944607363964, 32.930596285434994, 32.92636037797328, 32.92179863147605, 32.92701205604431, 32.91919191919192, 32.92212447051157, 32.92538286086673, 32.92668621700879, 32.929944607363964, 32.92701205604431, 32.92310198761812, 32.92440534376018, 32.92538286086673, 32.925708699902245, 32.92733789507983, 32.92766373411535, 32.92375366568915, 32.929618768328446, 32.92766373411534, 32.9266862170088, 32.92245030954709, 32.92929292929293, 32.93320299771913, 32.92538286086673, 32.92212447051157, 32.92538286086673, 32.92636037797328, 32.92342782665363, 32.924079504724666, 32.925057021831215, 32.929618768328446, 32.9247311827957, 32.92310198761812, 32.92114695340502, 32.92342782665363, 32.918866080156405, 32.92179863147605, 32.9227761485826, 32.924079504724666, 32.92212447051156, 32.92310198761812, 32.92733789507983, 32.92798957315087, 32.924079504724666, 32.92701205604431, 32.925057021831215, 32.92766373411535, 32.9266862170088, 32.925057021831215, 32.92245030954708, 32.92701205604431, 32.923427826653636, 32.92538286086673, 32.92831541218638, 32.92570869990225, 32.9247311827957, 32.92179863147605, 32.924405343760185, 32.91625936787227, 32.9227761485826, 32.92179863147605, 32.92310198761812, 32.91756272401434, 32.91919191919192, 32.9169110459433, 32.92342782665363, 32.929944607363964, 32.92798957315087, 32.929944607363964, 32.92179863147605, 32.92538286086673, 32.929618768328446, 32.929618768328446, 32.92733789507983, 32.92603453893776, 32.9227761485826, 32.9266862170088, 32.924405343760185, 32.92766373411535, 32.930270446399476, 32.92929292929293, 32.925708699902245, 32.924405343760185, 32.93157380254154, 32.924731182795696, 32.9266862170088, 32.92831541218638, 32.92831541218638, 32.92570869990225, 32.92733789507983, 32.92798957315086, 32.930270446399476, 32.92766373411535, 32.92603453893776, 32.924079504724666, 32.925057021831215, 32.92603453893776, 32.929618768328446, 32.929944607363964, 32.92831541218638, 32.93157380254155, 32.928967090257416, 32.930596285434994, 32.93027044639948, 32.925057021831215, 32.924405343760185, 32.92733789507983, 32.92603453893776, 32.92147279244053, 32.91658520690779, 32.918866080156405, 32.920495275333984, 32.920495275333984, 32.92147279244053, 32.92179863147605, 32.92212447051157, 32.923427826653636, 32.9227761485826, 32.92179863147605, 32.91756272401434, 32.9227761485826, 32.92798957315086, 32.92929292929293, 32.9286412512219, 32.92831541218638, 32.92179863147605, 32.92212447051157, 32.920169436298465, 32.921146953405014, 32.92179863147605, 32.92245030954708, 32.9188660801564, 32.92212447051157, 32.92179863147605, 32.924079504724666, 32.92375366568915, 32.92310198761812, 32.92212447051157, 32.92212447051157, 32.925057021831215, 32.919517758227435, 32.92114695340502, 32.92603453893776, 32.92896709025741, 32.92864125122189, 32.92701205604432, 32.924079504724666, 32.92994460736396, 32.924731182795696, 32.930922124470506, 32.929618768328446, 32.925057021831215, 32.92798957315087, 32.93092212447051, 32.93157380254154, 32.92864125122189, 32.930270446399476, 32.92603453893777, 32.93320299771913, 32.93287715868361, 32.93222548061258, 32.93320299771913, 32.93222548061257, 32.93189964157706, 32.929292929292934, 32.930596285434994, 32.92766373411535, 32.92538286086673, 32.924405343760185, 32.92179863147605, 32.92310198761812, 32.92440534376018, 32.92538286086673, 32.924405343760185, 32.924405343760185, 32.92603453893776, 32.9247311827957, 32.924731182795696, 32.924405343760185, 32.925057021831215, 32.924079504724666, 32.920169436298465, 32.920495275333984, 32.92310198761812, 32.920495275333984, 32.92147279244054, 32.92342782665363, 32.92245030954708, 32.92245030954708, 32.92636037797328, 32.92570869990225, 32.92603453893776, 32.92733789507983, 32.92929292929293, 32.9286412512219, 32.9266862170088, 32.92701205604431, 32.9266862170088, 32.924731182795696, 32.92668621700879, 32.92603453893776, 32.92766373411535, 32.924079504724666, 32.92310198761812, 32.921146953405014, 32.92375366568915, 32.92147279244054, 32.924079504724666, 32.919843597262954, 32.920495275333984, 32.91723688497882, 32.914630172694686, 32.914956011730204, 32.91756272401434, 32.92114695340502, 32.92212447051157, 32.925708699902245, 32.92766373411535, 32.92766373411534, 32.92603453893776, 32.9227761485826, 32.9227761485826, 32.924405343760185, 32.92342782665363, 32.921146953405014, 32.92375366568915, 32.924079504724666, 32.92538286086673, 32.92798957315086, 32.92636037797328, 32.9286412512219, 32.9266862170088, 32.92766373411535, 32.925708699902245, 32.921146953405014, 32.9227761485826, 32.9208211143695, 32.920495275333984, 32.92179863147605, 32.92147279244053, 32.920169436298465, 32.924079504724666, 32.92245030954709, 32.92179863147605, 32.920495275333984, 32.919843597262954, 32.91723688497882, 32.91658520690779, 32.919517758227435, 32.919191919191924, 32.92310198761812, 32.92147279244053, 32.92212447051157, 32.9227761485826, 32.923753665689155, 32.92375366568915, 32.924731182795696, 32.92538286086673, 32.92603453893776, 32.92603453893776, 32.925708699902245, 32.9227761485826, 32.924405343760185, 32.92603453893776, 32.92733789507983, 32.92798957315086, 32.92636037797328, 32.92798957315087, 32.92831541218638, 32.92766373411535, 32.924731182795696, 32.925382860866726, 32.92733789507983, 32.924731182795696, 32.92375366568915, 32.92375366568915, 32.92440534376018, 32.92310198761811, 32.9266862170088, 32.925708699902245, 32.9286412512219, 32.929944607363964, 32.930270446399476, 32.92766373411534, 32.93027044639948, 32.929618768328446, 32.9286412512219, 32.92570869990225, 32.9266862170088, 32.92831541218638, 32.92798957315087, 32.92798957315086, 32.926360377973275, 32.92440534376018, 32.9247311827957, 32.92831541218638, 32.92864125122189, 32.93222548061258, 32.929944607363964, 32.9286412512219, 32.92798957315086, 32.92864125122189, 32.92798957315086, 32.92636037797328, 32.924731182795696, 32.92603453893776, 32.92310198761812, 32.9227761485826, 32.9208211143695, 32.92016943629847, 32.92310198761812, 32.924079504724666, 32.921146953405014, 32.92245030954708, 32.924079504724666]",0.8929812828705652,0.9126122296505261,33,"[33, 33, 33, 33, 33, 33, 33, 33, 33, 33, 33, 33, 33, 33, 33, 33, 33, 33, 33, 33, 33, 33, 33, 33, 33, 33, 33, 33, 33, 33, 33, 33, 33, 33, 33, 33, 33, 33, 33, 33, 33, 33, 33, 33, 33, 33, 33, 33, 33, 33, 33, 33, 33, 33, 33, 33, 33, 33, 33, 33, 33, 33, 33, 33, 33, 33, 33, 33, 33, 33, 33, 33, 33, 33, 33, 33, 33, 33, 33, 33, 33, 33, 33, 33, 33, 33, 33, 33, 33, 33, 33, 33, 33, 33, 33, 33, 33, 33, 33, 33, 33, 33, 33, 33, 33, 33, 33, 33, 33, 33, 33, 33, 33, 33, 33, 33, 33, 33, 33, 33, 33, 33, 33, 33, 33, 33, 33, 33, 33, 33, 33, 33, 33, 33, 33, 33, 33, 33, 33, 33, 33, 33, 33, 33, 33, 33, 33, 33, 33, 33, 33, 33, 33, 33, 33, 33, 33, 33, 33, 33, 33, 33, 33, 33, 33, 33, 33, 33, 33, 33, 33, 33, 33, 33, 33, 33, 33, 33, 33, 33, 33, 33, 33, 33, 33, 33, 33, 33, 33, 33, 33, 33, 33, 33, 33, 33, 33, 33, 33, 33, 33, 33, 33, 33, 33, 33, 33, 33, 33, 33, 33, 33, 33, 33, 33, 33, 33, 33, 33, 33, 33, 33, 33, 33, 33, 33, 33, 33, 33, 33, 33, 33, 33, 33, 33, 33, 33, 33, 33, 33, 33, 33, 33, 33, 33, 33, 33, 33, 33, 33, 33, 33, 33, 33, 33, 33, 33, 33, 33, 33, 33, 33, 33, 33, 33, 33, 33, 33, 33, 33, 33, 33, 33, 33, 33, 33, 33, 33, 33, 33, 33, 33, 33, 33, 33, 33, 33, 33, 33, 33, 33, 33, 33, 33, 33, 33, 33, 33, 33, 33, 33, 33, 33, 33, 33, 33, 33, 33, 33, 33, 33, 33, 33, 33, 33, 33, 33, 33, 33, 33]",320,"[0.4058380126953125, 0.39999815821647644, 0.3961719274520874, 0.39289554953575134, 0.3900846540927887, 0.3876590430736542, 0.3855655789375305, 0.3837202787399292, 0.3820521831512451, 0.3807102143764496, 0.3793673813343048, 0.37811079621315, 0.37706854939460754, 0.37607234716415405, 0.3753269910812378, 0.3742155432701111, 0.3735395073890686, 0.3726999759674072, 0.3720633387565613, 0.37124118208885193, 0.37052908539772034, 0.3698897659778595, 0.36930856108665466, 0.36860013008117676, 0.36800578236579895, 0.3675907254219055, 0.36679938435554504, 0.3662906289100647, 0.36564183235168457, 0.36554473638534546, 0.36456575989723206, 0.3640107810497284, 0.3636969327926636, 0.3629555404186249, 0.36236312985420227, 0.36183276772499084, 0.3614293336868286, 0.3606243431568146, 0.36009398102760315, 0.3596467077732086, 0.35924336314201355, 0.35858961939811707, 0.35820236802101135, 0.3577951192855835, 0.3571300804615021, 0.35649123787879944, 0.3559720516204834, 0.3554469347000122, 0.3549693822860718, 0.3545231521129608, 0.35395434498786926, 0.3534540832042694, 0.3530207574367523, 0.35248950123786926, 0.35218364000320435, 0.3515942096710205, 0.35104310512542725, 0.35076001286506653, 0.3501826226711273, 0.3495703935623169, 0.34923413395881653, 0.34871745109558105, 0.34829071164131165, 0.34790369868278503, 0.3473333716392517, 0.3469181954860687, 0.3464215099811554, 0.34582147002220154, 0.345489501953125, 0.34492066502571106, 0.34446561336517334, 0.34412938356399536, 0.34361740946769714, 0.34341394901275635, 0.34262844920158386, 0.342244952917099, 0.34197789430618286, 0.3412899374961853, 0.3408718407154083, 0.3405953645706177, 0.3400071859359741, 0.33955347537994385, 0.3390510082244873, 0.33889320492744446, 0.3384268581867218, 0.33777153491973877, 0.33737701177597046, 0.33716028928756714, 0.3366939127445221, 0.3360002040863037, 0.33547738194465637, 0.33523187041282654, 0.33500730991363525, 0.33455586433410645, 0.33378905057907104, 0.33341163396835327, 0.3329904079437256, 0.33235400915145874, 0.3321107029914856, 0.33146312832832336, 0.331064373254776, 0.33071187138557434, 0.3301689028739929, 0.3297419250011444, 0.32932722568511963, 0.32872912287712097, 0.3282569944858551, 0.3278924524784088, 0.3275037705898285, 0.3267507553100586, 0.32627183198928833, 0.325834184885025, 0.3253454864025116, 0.32486429810523987, 0.3244002163410187, 0.32380348443984985, 0.3233681917190552, 0.3230765163898468, 0.3223003149032593, 0.32183247804641724, 0.32151976227760315, 0.32082852721214294, 0.3202514946460724, 0.3196835219860077, 0.3191970884799957, 0.31860172748565674, 0.3180485963821411, 0.3175411522388458, 0.31699320673942566, 0.31657010316848755, 0.31590408086776733, 0.3152904808521271, 0.3147164285182953, 0.3141435384750366, 0.313965380191803, 0.31305697560310364, 0.31235381960868835, 0.31183019280433655, 0.31133201718330383, 0.310808926820755, 0.3100200891494751, 0.3095265030860901, 0.3087538778781891, 0.30824318528175354, 0.3075803518295288, 0.30707859992980957, 0.3066409230232239, 0.3057117164134979, 0.30510851740837097, 0.3042753338813782, 0.3036142587661743, 0.3029952347278595, 0.30234453082084656, 0.30168819427490234, 0.30103424191474915, 0.3004070520401001, 0.29968661069869995, 0.29904964566230774, 0.2984103262424469, 0.2977440655231476, 0.29697349667549133, 0.29631203413009644, 0.29561716318130493, 0.29495537281036377, 0.29435214400291443, 0.29395291209220886, 0.2931292653083801, 0.292507141828537, 0.2916620373725891, 0.29093918204307556, 0.29027295112609863, 0.28967568278312683, 0.2890327572822571, 0.28823649883270264, 0.28766176104545593, 0.28699320554733276, 0.286289781332016, 0.2855721712112427, 0.28496187925338745, 0.2843180298805237, 0.28391149640083313, 0.2831094264984131, 0.2824392318725586, 0.281854510307312, 0.28131693601608276, 0.2805832624435425, 0.2801128625869751, 0.27939581871032715, 0.2789297103881836, 0.27828317880630493, 0.2777402400970459, 0.2770940959453583, 0.2765560448169708, 0.2759395241737366, 0.2754645049571991, 0.27492213249206543, 0.2745266854763031, 0.27383366227149963, 0.2732040286064148, 0.272663950920105, 0.2721211910247803, 0.2716120183467865, 0.2712162137031555, 0.27083146572113037, 0.2704240083694458, 0.26973509788513184, 0.26923811435699463, 0.26867344975471497, 0.2682715654373169, 0.2679840624332428, 0.26730167865753174, 0.2669775187969208, 0.26640740036964417, 0.2660629451274872, 0.2655373811721802, 0.26524585485458374, 0.26501911878585815, 0.26497477293014526, 0.26397860050201416, 0.2636231482028961, 0.2632961869239807, 0.26275625824928284, 0.26228874921798706, 0.2620733380317688, 0.26155632734298706, 0.2611723840236664, 0.2608654499053955, 0.26043638586997986, 0.2602698802947998, 0.25965040922164917, 0.2595385015010834, 0.25902628898620605, 0.25873053073883057, 0.25858840346336365, 0.25797250866889954, 0.2576705813407898, 0.25739502906799316, 0.25699907541275024, 0.256754994392395, 0.25634369254112244, 0.2562312185764313, 0.2559887766838074, 0.2558137774467468, 0.25523293018341064, 0.25504714250564575, 0.2544175386428833, 0.25416284799575806, 0.2538713216781616, 0.25355666875839233, 0.25332382321357727, 0.2528713345527649, 0.25262370705604553, 0.2525387704372406, 0.25201666355133057, 0.25184622406959534, 0.251446008682251, 0.2511889636516571, 0.25089380145072937, 0.25064390897750854, 0.25029489398002625, 0.2499399185180664, 0.24960055947303772, 0.24930939078330994, 0.24905116856098175, 0.24880552291870117, 0.24848079681396484, 0.2482835352420807, 0.24803459644317627, 0.24772067368030548, 0.24755977094173431, 0.24723537266254425, 0.24687956273555756, 0.24666282534599304, 0.24652042984962463, 0.24598746001720428, 0.24613770842552185, 0.24572572112083435, 0.24533601105213165, 0.24502964317798615, 0.24505405128002167, 0.2449248880147934, 0.24453674256801605, 0.2440003901720047, 0.24378558993339539, 0.24372711777687073, 0.24351662397384644, 0.24309289455413818, 0.24308842420578003, 0.24258975684642792, 0.24240311980247498, 0.24216949939727783, 0.2417980432510376, 0.24142789840698242, 0.2411358654499054, 0.24092458188533783, 0.24082744121551514, 0.24036021530628204, 0.24023401737213135, 0.2399844527244568, 0.23997294902801514, 0.23980922996997833, 0.2397633045911789, 0.23905469477176666, 0.23873287439346313, 0.2386225461959839, 0.23844844102859497, 0.23845943808555603, 0.23823852837085724, 0.23767851293087006, 0.23722043633460999, 0.23709510266780853, 0.2367701530456543, 0.23667560517787933, 0.23650234937667847, 0.23641912639141083, 0.23605665564537048, 0.23570095002651215, 0.23537610471248627, 0.23541149497032166, 0.2349766343832016]",33.0,"[33.0, 33.0, 33.0, 33.0, 33.0, 33.0, 33.0, 33.0, 33.0, 33.0, 33.0, 33.0, 33.0, 33.0, 33.0, 33.0, 33.0, 33.0, 33.0, 33.0, 33.0, 33.0, 33.0, 33.0, 33.0, 33.0, 33.0, 33.0, 33.0, 33.0, 33.0, 33.0, 33.0, 33.0, 33.0, 33.0, 33.0, 33.0, 33.0, 33.0, 33.0, 33.0, 33.0, 33.0, 33.0, 33.0, 33.0, 33.0, 33.0, 33.0, 33.0, 33.0, 33.0, 33.0, 33.0, 33.0, 33.0, 33.0, 33.0, 33.0, 33.0, 33.0, 33.0, 33.0, 33.0, 33.0, 33.0, 33.0, 33.0, 33.0, 33.0, 33.0, 33.0, 33.0, 33.0, 33.0, 33.0, 33.0, 33.0, 33.0, 33.0, 33.0, 33.0, 33.0, 33.0, 33.0, 33.0, 33.0, 33.0, 33.0, 33.0, 33.0, 33.0, 33.0, 33.0, 33.0, 33.0, 33.0, 33.0, 33.0, 33.0, 33.0, 33.0, 33.0, 33.0, 33.0, 33.0, 33.0, 33.0, 33.0, 33.0, 33.0, 33.0, 33.0, 33.0, 33.0, 33.0, 33.0, 33.0, 33.0, 33.0, 33.0, 33.0, 33.0, 33.0, 33.0, 33.0, 33.0, 33.0, 33.0, 33.0, 33.0, 33.0, 33.0, 33.0, 33.0, 33.0, 33.0, 33.0, 33.0, 33.0, 33.0, 33.0, 33.0, 33.0, 33.0, 33.0, 33.0, 33.0, 33.0, 33.0, 33.0, 33.0, 33.0, 33.0, 33.0, 33.0, 33.0, 33.0, 33.0, 33.0, 33.0, 33.0, 33.0, 33.0, 33.0, 33.0, 33.0, 33.0, 33.0, 33.0, 33.0, 33.0, 33.0, 33.0, 33.0, 33.0, 33.0, 33.0, 33.0, 33.0, 33.0, 33.0, 33.0, 33.0, 33.0, 33.0, 33.0, 33.0, 33.0, 33.0, 33.0, 33.0, 33.0, 33.0, 33.0, 33.0, 33.0, 33.0, 33.0, 33.0, 33.0, 33.0, 33.0, 33.0, 33.0, 33.0, 33.0, 33.0, 33.0, 33.0, 33.0, 33.0, 33.0, 33.0, 33.0, 33.0, 33.0, 33.0, 33.0, 33.0, 33.0, 33.0, 33.0, 33.0, 33.0, 33.0, 33.0, 33.0, 33.0, 33.0, 33.0, 33.0, 33.0, 33.0, 33.0, 33.0, 33.0, 33.0, 33.0, 33.0, 33.0, 33.0, 33.0, 33.0, 33.0, 33.0, 33.0, 33.0, 33.0, 33.0, 33.0, 33.0, 33.0, 33.0, 33.0, 33.0, 33.0, 33.0, 33.0, 33.0, 33.0, 33.0, 33.0, 33.0, 33.0, 33.0, 33.0, 33.0, 33.0, 33.0, 33.0, 33.0, 33.0, 33.0, 33.0, 33.0, 33.0, 33.0, 33.0, 33.0, 33.0, 33.0, 33.0, 33.0, 33.0, 33.0, 33.0, 33.0, 33.0, 33.0, 33.0, 33.0, 33.0, 33.0, 33.0, 33.0, 33.0, 33.0, 33.0, 33.0, 33.0, 33.0, 33.0, 33.0, 33.0, 33.0, 33.0, 33.0, 33.0, 33.0, 33.0, 33.0, 33.0, 33.0, 33.0, 33.0, 33.0, 33.0, 33.0]",COMPLETE
22,22,0.5,2024-08-31 01:34:53.964358,2024-08-31 01:35:04.314522,0 days 00:00:10.350164,16,4.8621679431659155,3,55,0.11342586793688225,47,0.02822812182257846,0.859,0.85875,0,"[0, 0, 0, 0, 0, 0, 0, 0, 0, 0, 0, 0, 0, 0, 0, 0, 0, 0, 0, 0, 0, 0, 0, 0, 0, 0, 0, 0, 0, 0, 0, 0, 0, 0, 0, 0, 0, 0, 0, 0, 0, 0, 0, 0, 0, 0, 0, 0, 0, 0, 0, 0, 0, 0, 0]",0.0,"[0.0, 0.0, 0.0, 0.0, 0.0, 0.0, 0.0, 0.0, 0.0, 0.0, 0.0, 0.0, 0.0, 0.0, 0.0, 0.0, 0.0, 0.0, 0.0, 0.0, 0.0, 0.0, 0.0, 0.0, 0.0, 0.0, 0.0, 0.0, 0.0, 0.0, 0.0, 0.0, 0.0, 0.0, 0.0, 0.0, 0.0, 0.0, 0.0, 0.0, 0.0, 0.0, 0.0, 0.0, 0.0, 0.0, 0.0, 0.0, 0.0, 0.0, 0.0, 0.0, 0.0, 0.0, 0.0]",0.5,0.5,0,"[0, 0, 0, 0, 0, 0, 0, 0, 0, 0, 0, 0, 0, 0, 0, 0, 0, 0, 0, 0, 0, 0, 0, 0, 0, 0, 0, 0, 0, 0, 0, 0, 0, 0, 0, 0, 0, 0, 0, 0, 0, 0, 0, 0, 0, 0, 0, 0, 0, 0, 0, 0, 0, 0, 0]",55,"[4.1529035568237305, 2.0572690963745117, 2.6546802520751953, 2.72369384765625, 1.6043990850448608, 0.5597728490829468, 2.0961153507232666, 2.662216901779175, 3.794219732284546, 0.48358359932899475, 1.2268645763397217, 5.746115684509277, 4.441160678863525, 3.7017481327056885, 1.026475429534912, 2.616568088531494, 0.47365832328796387, 0.40844208002090454, 5.377875328063965, 5.851169586181641, 2.4215927124023438, 6.349664688110352, 3.8278024196624756, 3.970684766769409, 5.059649467468262, 1.0894469022750854, 5.5561203956604, 4.044743537902832, 3.7484636306762695, 1.969908595085144, 3.7400918006896973, 4.03502082824707, 5.919288158416748, 1.1767727136611938, 0.6774278283119202, 5.137334823608398, 1.0324591398239136, 0.8077707886695862, 4.650353908538818, 1.1387646198272705, 3.8799591064453125, 0.648530125617981, 2.2543203830718994, 1.524868369102478, 2.7885360717773438, 5.6771650314331055, 2.500959873199463, 4.248190402984619, 3.9960641860961914, 5.146744251251221, 3.4026381969451904, 1.5245466232299805, 1.934553623199463, 3.5818047523498535, 4.17357063293457]",0.0,"[0.0, 0.0, 0.0, 0.0, 0.0, 0.0, 0.0, 0.0, 0.0, 0.0, 0.0, 0.0, 0.0, 0.0, 0.0, 0.0, 0.0, 0.0, 0.0, 0.0, 0.0, 0.0, 0.0, 0.0, 0.0, 0.0, 0.0, 0.0, 0.0, 0.0, 0.0, 0.0, 0.0, 0.0, 0.0, 0.0, 0.0, 0.0, 0.0, 0.0, 0.0, 0.0, 0.0, 0.0, 0.0, 0.0, 0.0, 0.0, 0.0, 0.0, 0.0, 0.0, 0.0, 0.0, 0.0]",COMPLETE
