,number,value,datetime_start,datetime_complete,duration,params_batch_size_scaler,params_constant_learning_rate,params_depth,params_epochs,params_kernel_l2,params_num_trees,params_temperature,user_attrs_accuracy_test,user_attrs_accuracy_valid,user_attrs_approximate_feature_sparsity,user_attrs_approximate_feature_sparsity_history,user_attrs_approximate_weight_sparsity,user_attrs_approximate_weight_sparsity_history,user_attrs_auc_test,user_attrs_auc_valid,user_attrs_feature_sparsity,user_attrs_feature_sparsity_history,user_attrs_num_epochs,user_attrs_val_loss_history,user_attrs_weight_sparsity,user_attrs_weight_sparsity_history,state
100,100,0.6088418286509255,2024-08-31 04:29:45.972183,2024-08-31 04:30:03.784699,0 days 00:00:17.812516,64,0.07110763124509993,1,255,0.7329337415427359,40,0.0006276111058135413,0.859,0.85875,1,"[33, 33, 33, 33, 33, 33, 33, 33, 33, 33, 33, 33, 33, 33, 33, 33, 33, 33, 33, 33, 33, 33, 33, 33, 33, 33, 33, 33, 33, 33, 33, 33, 33, 33, 33, 33, 33, 33, 33, 33, 33, 33, 33, 33, 33, 33, 33, 33, 33, 33, 33, 33, 33, 33, 33, 33, 33, 33, 33, 33, 33, 33, 33, 33, 33, 33, 33, 33, 33, 33, 33, 33, 33, 33, 33, 33, 33, 33, 33, 33, 33, 33, 33, 33, 33, 33, 33, 33, 33, 33, 33, 33, 33, 33, 33, 33, 33, 33, 33, 33, 32, 32, 32, 32, 32, 31, 30, 30, 28, 25, 24, 23, 19, 18, 18, 15, 13, 12, 12, 11, 11, 10, 7, 7, 7, 6, 6, 6, 6, 6, 6, 6, 6, 5, 5, 5, 5, 5, 5, 5, 5, 5, 4, 4, 3, 3, 3, 3, 3, 3, 3, 3, 3, 3, 3, 3, 3, 3, 3, 3, 3, 3, 3, 3, 3, 3, 3, 3, 3, 3, 3, 3, 3, 3, 3, 3, 3, 3, 3, 3, 3, 3, 3, 3, 3, 3, 3, 3, 2, 2, 2, 2, 2, 2, 2, 2, 2, 2, 2, 2, 2, 2, 2, 2, 2, 2, 2, 2, 2, 2, 2, 2, 2, 2, 2, 2, 2, 2, 2, 2, 2, 2, 2, 2, 2, 2, 2, 2, 2, 2, 2, 2, 2, 2, 2, 2, 2, 2, 2, 2, 2, 2, 2, 2, 1, 1, 1, 1, 1, 1, 1, 1, 1, 1, 1]",1.0,"[32.975, 32.975, 32.975, 32.975, 32.975, 32.975, 32.95, 32.95, 32.975, 32.975, 32.975, 32.975, 32.95, 32.95, 32.925, 32.925, 32.95, 32.95, 32.95, 32.925, 32.925, 32.95, 32.95, 32.95, 32.95, 32.925, 32.95, 32.95, 32.9, 32.95, 32.925, 32.9, 32.95, 32.925, 32.9, 32.925, 32.95, 32.95, 32.95, 32.95, 32.95, 32.9, 32.9, 32.95, 32.95, 32.925, 32.95, 32.95, 32.925, 32.925, 32.925, 32.95, 32.95, 32.975, 32.95, 32.925, 32.925, 32.95, 32.95, 32.95, 32.95, 32.95, 32.95, 32.95, 32.975, 32.95, 32.9, 32.95, 32.95, 32.975, 32.95, 32.95, 32.975, 32.9, 32.975, 32.95, 32.975, 32.975, 32.95, 32.9, 32.925, 32.95, 32.95, 32.925, 32.925, 32.925, 32.925, 32.925, 32.95, 32.95, 32.925, 32.95, 32.925, 32.925, 32.95, 32.925, 32.925, 32.975, 32.925, 32.925, 31.95, 31.924999999999997, 31.924999999999997, 31.924999999999997, 31.924999999999997, 30.9, 29.95, 29.925, 27.975, 25.0, 23.95, 22.975, 18.975, 17.975, 18.0, 15.0, 13.0, 11.975, 11.975, 11.0, 11.0, 10.0, 7.0, 7.0, 7.0, 6.0, 5.975, 5.975, 5.975, 6.0, 6.0, 6.0, 6.0, 5.0, 5.0, 5.0, 5.0, 5.0, 5.0, 5.0, 5.0, 5.0, 4.0, 4.0, 3.0, 2.975, 3.0, 3.0, 3.0, 3.0, 2.975, 3.0, 3.0, 3.0, 3.0, 3.0, 3.0, 3.0, 3.0, 3.0, 3.0, 3.0, 2.975, 2.975, 3.0, 3.0, 3.0, 3.0, 3.0, 3.0, 3.0, 3.0, 3.0, 3.0, 3.0, 3.0, 2.975, 2.975, 2.975, 2.975, 3.0, 3.0, 2.975, 3.0, 3.0, 3.0, 3.0, 3.0, 2.0, 1.975, 1.975, 1.975, 1.975, 2.0, 2.0, 2.0, 2.0, 2.0, 1.975, 1.975, 2.0, 2.0, 2.0, 2.0, 2.0, 2.0, 2.0, 2.0, 2.0, 1.975, 2.0, 1.975, 2.0, 2.0, 2.0, 2.0, 2.0, 1.975, 2.0, 2.0, 2.0, 2.0, 2.0, 2.0, 2.0, 2.0, 2.0, 2.0, 2.0, 2.0, 2.0, 2.0, 2.0, 2.0, 2.0, 2.0, 2.0, 2.0, 2.0, 2.0, 1.975, 2.0, 2.0, 2.0, 1.0, 1.0, 1.0, 1.0, 1.0, 1.0, 1.0, 1.0, 1.0, 1.0, 1.0]",0.6144865793145584,0.6088418286509255,1,"[33, 33, 33, 33, 33, 33, 33, 33, 33, 33, 33, 33, 33, 33, 33, 33, 33, 33, 33, 33, 33, 33, 33, 33, 33, 33, 33, 33, 33, 33, 33, 33, 33, 33, 33, 33, 33, 33, 33, 33, 33, 33, 33, 33, 33, 33, 33, 33, 33, 33, 33, 33, 33, 33, 33, 33, 33, 33, 33, 33, 33, 33, 33, 33, 33, 33, 33, 33, 33, 33, 33, 33, 33, 33, 33, 33, 33, 33, 33, 33, 33, 33, 33, 33, 33, 33, 33, 33, 33, 33, 33, 33, 33, 33, 33, 33, 33, 33, 33, 33, 32, 32, 32, 32, 32, 31, 30, 30, 28, 25, 24, 23, 19, 18, 18, 15, 13, 12, 12, 11, 11, 10, 7, 7, 7, 6, 6, 6, 6, 6, 6, 6, 6, 5, 5, 5, 5, 5, 5, 5, 5, 5, 4, 4, 3, 3, 3, 3, 3, 3, 3, 3, 3, 3, 3, 3, 3, 3, 3, 3, 3, 3, 3, 3, 3, 3, 3, 3, 3, 3, 3, 3, 3, 3, 3, 3, 3, 3, 3, 3, 3, 3, 3, 3, 3, 3, 3, 3, 2, 2, 2, 2, 2, 2, 2, 2, 2, 2, 2, 2, 2, 2, 2, 2, 2, 2, 2, 2, 2, 2, 2, 2, 2, 2, 2, 2, 2, 2, 2, 2, 2, 2, 2, 2, 2, 2, 2, 2, 2, 2, 2, 2, 2, 2, 2, 2, 2, 2, 2, 2, 2, 2, 2, 2, 1, 1, 1, 1, 1, 1, 1, 1, 1, 1, 1]",255,"[1.0729868412017822, 1.0573335886001587, 1.0406389236450195, 1.0257352590560913, 1.0112245082855225, 0.9972474575042725, 0.983959972858429, 0.9702991247177124, 0.9579984545707703, 0.9450849294662476, 0.9332259893417358, 0.9208695888519287, 0.9090811014175415, 0.8977797627449036, 0.8864879608154297, 0.8757246136665344, 0.8651144504547119, 0.8548147678375244, 0.8443809747695923, 0.8346817493438721, 0.8258289098739624, 0.8171066045761108, 0.8063012957572937, 0.7976844906806946, 0.7885758280754089, 0.7811486124992371, 0.7711737155914307, 0.7628154754638672, 0.7547054290771484, 0.7483584880828857, 0.743427574634552, 0.7317173480987549, 0.7242006063461304, 0.7165998220443726, 0.7094436883926392, 0.7023786306381226, 0.698090672492981, 0.6890103816986084, 0.6830258965492249, 0.6782476902008057, 0.669765830039978, 0.6636583209037781, 0.6584694385528564, 0.6531941294670105, 0.6464570760726929, 0.6411302089691162, 0.6348116397857666, 0.6294656991958618, 0.6247439384460449, 0.619330644607544, 0.6138688325881958, 0.6093755960464478, 0.6039566993713379, 0.5994040369987488, 0.5954462885856628, 0.5901567935943604, 0.5859702825546265, 0.5826822519302368, 0.5772607326507568, 0.5732206106185913, 0.5706772208213806, 0.5650716423988342, 0.561063826084137, 0.5583436489105225, 0.5535770058631897, 0.5500314235687256, 0.5460969805717468, 0.542493462562561, 0.5402357578277588, 0.5355253219604492, 0.5331525802612305, 0.5314855575561523, 0.5281694531440735, 0.5245736837387085, 0.520018994808197, 0.5163127779960632, 0.513383150100708, 0.5108551979064941, 0.5081405639648438, 0.5053791999816895, 0.5019951462745667, 0.49981367588043213, 0.4968610405921936, 0.49411240220069885, 0.49153339862823486, 0.48883897066116333, 0.4866604506969452, 0.48411959409713745, 0.4818333685398102, 0.48008936643600464, 0.4773487448692322, 0.47521892189979553, 0.4730110168457031, 0.47084277868270874, 0.4689537286758423, 0.46803101897239685, 0.4651843011379242, 0.4635240435600281, 0.4616183340549469, 0.4600442051887512, 0.45684748888015747, 0.4551812410354614, 0.4533727765083313, 0.4518166780471802, 0.4500877261161804, 0.44713589549064636, 0.4443258047103882, 0.4426783323287964, 0.43809470534324646, 0.43195265531539917, 0.42869436740875244, 0.42599761486053467, 0.4175781011581421, 0.4146924316883087, 0.41313666105270386, 0.4059550166130066, 0.40368351340293884, 0.40012532472610474, 0.39952021837234497, 0.3981933295726776, 0.3977311849594116, 0.39707210659980774, 0.3957211971282959, 0.3954421877861023, 0.39589935541152954, 0.3912416398525238, 0.39127999544143677, 0.3915291726589203, 0.39092597365379333, 0.391227126121521, 0.3903369605541229, 0.39127621054649353, 0.38998156785964966, 0.3905792236328125, 0.3904407024383545, 0.3905256390571594, 0.39027267694473267, 0.38983094692230225, 0.3895653188228607, 0.39127716422080994, 0.3895406424999237, 0.3894942104816437, 0.38995951414108276, 0.3899047374725342, 0.3883523941040039, 0.388021320104599, 0.3886030912399292, 0.38808050751686096, 0.38767197728157043, 0.3884635269641876, 0.3880484402179718, 0.3874293267726898, 0.3874681890010834, 0.3876076638698578, 0.38715773820877075, 0.38709747791290283, 0.38749492168426514, 0.3869023025035858, 0.38772401213645935, 0.38853970170021057, 0.38677749037742615, 0.3871779143810272, 0.3866525888442993, 0.38739708065986633, 0.38661620020866394, 0.39047813415527344, 0.3862382173538208, 0.3867341876029968, 0.3864891827106476, 0.38606876134872437, 0.3864779770374298, 0.38679540157318115, 0.3859163522720337, 0.38585495948791504, 0.38588374853134155, 0.38578152656555176, 0.3856857717037201, 0.38577669858932495, 0.3861514925956726, 0.3859623968601227, 0.38672298192977905, 0.38544291257858276, 0.386010080575943, 0.38791024684906006, 0.38655194640159607, 0.385201632976532, 0.38529613614082336, 0.3856419622898102, 0.390361487865448, 0.3895092308521271, 0.38949131965637207, 0.38927188515663147, 0.38932621479034424, 0.3893701434135437, 0.38958150148391724, 0.38955196738243103, 0.3890911340713501, 0.3890489935874939, 0.389532208442688, 0.38916483521461487, 0.3920730948448181, 0.3898535668849945, 0.3889670968055725, 0.3891617953777313, 0.3887799382209778, 0.3887791335582733, 0.389008492231369, 0.3886915445327759, 0.3887409269809723, 0.3891357183456421, 0.3887905776500702, 0.3885781466960907, 0.38962945342063904, 0.38866737484931946, 0.38856083154678345, 0.38852187991142273, 0.3886352777481079, 0.3885177969932556, 0.3885731101036072, 0.389478862285614, 0.3883727788925171, 0.3884468972682953, 0.38857772946357727, 0.3886275887489319, 0.3882424533367157, 0.388301819562912, 0.3884586989879608, 0.3887838125228882, 0.3881169557571411, 0.38830310106277466, 0.3880448043346405, 0.38820701837539673, 0.38818687200546265, 0.38859623670578003, 0.3879391849040985, 0.38796356320381165, 0.3885464370250702, 0.38881707191467285, 0.3886263370513916, 0.3877977728843689, 0.38777264952659607, 0.38882678747177124, 0.387736052274704, 0.3876980245113373, 0.40003037452697754, 0.399827241897583, 0.4008634686470032, 0.39979588985443115, 0.3997880518436432, 0.3998551070690155, 0.3997480273246765, 0.39979827404022217, 0.3998364508152008, 0.4002707302570343, 0.3999084234237671]",1.0,"[33.0, 33.0, 33.0, 33.0, 33.0, 33.0, 33.0, 33.0, 33.0, 33.0, 33.0, 33.0, 33.0, 33.0, 33.0, 33.0, 33.0, 33.0, 33.0, 33.0, 33.0, 33.0, 33.0, 33.0, 33.0, 33.0, 33.0, 33.0, 33.0, 33.0, 33.0, 33.0, 33.0, 33.0, 33.0, 33.0, 33.0, 33.0, 33.0, 33.0, 33.0, 33.0, 33.0, 33.0, 33.0, 33.0, 33.0, 33.0, 33.0, 33.0, 33.0, 33.0, 33.0, 33.0, 33.0, 33.0, 33.0, 33.0, 33.0, 33.0, 33.0, 33.0, 33.0, 33.0, 33.0, 33.0, 33.0, 33.0, 33.0, 33.0, 33.0, 33.0, 33.0, 33.0, 33.0, 33.0, 33.0, 33.0, 33.0, 33.0, 33.0, 33.0, 33.0, 33.0, 33.0, 33.0, 33.0, 33.0, 33.0, 33.0, 33.0, 33.0, 33.0, 33.0, 33.0, 33.0, 33.0, 33.0, 33.0, 33.0, 32.0, 32.0, 32.0, 32.0, 32.0, 31.0, 30.0, 30.0, 28.0, 25.0, 24.0, 23.0, 19.0, 18.0, 18.0, 15.0, 13.0, 12.0, 12.0, 11.0, 11.0, 10.0, 7.0, 7.0, 7.0, 6.0, 6.0, 6.0, 6.0, 6.0, 6.0, 6.0, 6.0, 5.0, 5.0, 5.0, 5.0, 5.0, 5.0, 5.0, 5.0, 5.0, 4.0, 4.0, 3.0, 3.0, 3.0, 3.0, 3.0, 3.0, 3.0, 3.0, 3.0, 3.0, 3.0, 3.0, 3.0, 3.0, 3.0, 3.0, 3.0, 3.0, 3.0, 3.0, 3.0, 3.0, 3.0, 3.0, 3.0, 3.0, 3.0, 3.0, 3.0, 3.0, 3.0, 3.0, 3.0, 3.0, 3.0, 3.0, 3.0, 3.0, 3.0, 3.0, 3.0, 3.0, 3.0, 3.0, 2.0, 2.0, 2.0, 2.0, 2.0, 2.0, 2.0, 2.0, 2.0, 2.0, 2.0, 2.0, 2.0, 2.0, 2.0, 2.0, 2.0, 2.0, 2.0, 2.0, 2.0, 2.0, 2.0, 2.0, 2.0, 2.0, 2.0, 2.0, 2.0, 2.0, 2.0, 2.0, 2.0, 2.0, 2.0, 2.0, 2.0, 2.0, 2.0, 2.0, 2.0, 2.0, 2.0, 2.0, 2.0, 2.0, 2.0, 2.0, 2.0, 2.0, 2.0, 2.0, 2.0, 2.0, 2.0, 2.0, 1.0, 1.0, 1.0, 1.0, 1.0, 1.0, 1.0, 1.0, 1.0, 1.0, 1.0]",COMPLETE
101,101,0.6832064510311603,2024-08-31 04:30:06.003755,2024-08-31 04:31:51.877707,0 days 00:01:45.873952,16,0.023846491714140307,6,75,0.0022503380364887506,79,0.0005677607885138277,0.859,0.85875,33,"[33, 33, 33, 33, 33, 33, 33, 33, 33, 33, 33, 33, 33, 33, 33, 33, 33, 33, 33, 33, 33, 33, 33, 33, 33, 33, 33, 33, 33, 33, 33, 33, 33, 33, 33, 33, 33, 33, 33, 33, 33, 33, 33, 33, 33, 33, 33, 33, 33, 33, 33, 33, 33, 33, 33, 33, 33, 33, 33, 33, 33, 33, 33, 33, 33, 33, 33, 33, 33, 33, 33, 33, 33, 33, 33]",32.901346192485434,"[32.908780389793044, 32.90596745027125, 32.90717299578059, 32.90174804098855, 32.903355435001004, 32.90737392003215, 32.90737392003215, 32.90496282901346, 32.901346192485434, 32.901145268233876, 32.90255173799478, 32.90255173799478, 32.90556560176813, 32.90657022302592, 32.90335543500101, 32.90516375326502, 32.903355435001004, 32.90395820775567, 32.90576652601969, 32.906570223025916, 32.9089813140446, 32.909785011050836, 32.90878038979305, 32.908177617038376, 32.90697207152903, 32.90496282901346, 32.903355435001004, 32.90415913200723, 32.90576652601969, 32.90556560176813, 32.904761904761905, 32.903154510749445, 32.90094434398232, 32.901145268233876, 32.902752662246336, 32.90415913200724, 32.904360056258795, 32.906771147277475, 32.90777576853527, 32.90878038979305, 32.9089813140446, 32.90797669278682, 32.90898131404461, 32.91159332931485, 32.91078963230862, 32.91219610206952, 32.91078963230862, 32.91259795057263, 32.91360257183042, 32.910186859553946, 32.90777576853526, 32.90657022302592, 32.90556560176813, 32.90797669278682, 32.9075748442837, 32.90496282901346, 32.90154711673699, 32.90456098051035, 32.90214988949166, 32.90516375326502, 32.90677114727748, 32.9075748442837, 32.90797669278682, 32.90958408679928, 32.90958408679928, 32.908378541289935, 32.90878038979305, 32.908177617038376, 32.906570223025916, 32.90415913200724, 32.904360056258795, 32.90395820775567, 32.901748040988544, 32.901145268233876, 32.901346192485434]",0.721538321815735,0.6832064510311603,33,"[33, 33, 33, 33, 33, 33, 33, 33, 33, 33, 33, 33, 33, 33, 33, 33, 33, 33, 33, 33, 33, 33, 33, 33, 33, 33, 33, 33, 33, 33, 33, 33, 33, 33, 33, 33, 33, 33, 33, 33, 33, 33, 33, 33, 33, 33, 33, 33, 33, 33, 33, 33, 33, 33, 33, 33, 33, 33, 33, 33, 33, 33, 33, 33, 33, 33, 33, 33, 33, 33, 33, 33, 33, 33, 33]",75,"[0.6128939986228943, 0.5499203205108643, 0.5076377391815186, 0.4788805842399597, 0.4589217007160187, 0.44433146715164185, 0.43388310074806213, 0.42627596855163574, 0.4206417202949524, 0.4161933958530426, 0.41284438967704773, 0.4101087152957916, 0.4079062342643738, 0.4060978591442108, 0.4046606123447418, 0.4033779203891754, 0.4023869037628174, 0.40145447850227356, 0.4007059335708618, 0.3999888300895691, 0.39935359358787537, 0.39878275990486145, 0.3982645273208618, 0.3977969288825989, 0.39735084772109985, 0.3969162106513977, 0.3964979648590088, 0.3961212635040283, 0.3957515060901642, 0.39538365602493286, 0.3950372338294983, 0.3947007358074188, 0.3943685293197632, 0.3940429389476776, 0.3937324285507202, 0.3934144973754883, 0.39310237765312195, 0.3927958309650421, 0.39249905943870544, 0.39219987392425537, 0.39190158247947693, 0.39161816239356995, 0.39134418964385986, 0.39106711745262146, 0.3907928168773651, 0.3905278444290161, 0.39026573300361633, 0.390002965927124, 0.3897402882575989, 0.38949206471443176, 0.38924819231033325, 0.38899144530296326, 0.38874903321266174, 0.388497918844223, 0.38825711607933044, 0.3880184590816498, 0.38778412342071533, 0.3875466287136078, 0.38732728362083435, 0.38710570335388184, 0.3868870139122009, 0.3866696059703827, 0.38645946979522705, 0.3862501382827759, 0.3860352337360382, 0.385824590921402, 0.3856082558631897, 0.385396808385849, 0.38518795371055603, 0.38498634099960327, 0.3847874402999878, 0.38459235429763794, 0.3843937814235687, 0.3841966986656189, 0.3840031921863556]",33.0,"[33.0, 33.0, 33.0, 33.0, 33.0, 33.0, 33.0, 33.0, 33.0, 33.0, 33.0, 33.0, 33.0, 33.0, 33.0, 33.0, 33.0, 33.0, 33.0, 33.0, 33.0, 33.0, 33.0, 33.0, 33.0, 33.0, 33.0, 33.0, 33.0, 33.0, 33.0, 33.0, 33.0, 33.0, 33.0, 33.0, 33.0, 33.0, 33.0, 33.0, 33.0, 33.0, 33.0, 33.0, 33.0, 33.0, 33.0, 33.0, 33.0, 33.0, 33.0, 33.0, 33.0, 33.0, 33.0, 33.0, 33.0, 33.0, 33.0, 33.0, 33.0, 33.0, 33.0, 33.0, 33.0, 33.0, 33.0, 33.0, 33.0, 33.0, 33.0, 33.0, 33.0, 33.0, 33.0]",COMPLETE
