,number,value,datetime_start,datetime_complete,duration,params_batch_size_scaler,params_constant_learning_rate,params_depth,params_epochs,params_kernel_l2,params_num_trees,params_temperature,user_attrs_accuracy_test,user_attrs_accuracy_valid,user_attrs_approximate_feature_sparsity,user_attrs_approximate_feature_sparsity_history,user_attrs_approximate_weight_sparsity,user_attrs_approximate_weight_sparsity_history,user_attrs_auc_test,user_attrs_auc_valid,user_attrs_feature_sparsity,user_attrs_feature_sparsity_history,user_attrs_num_epochs,user_attrs_val_loss_history,user_attrs_weight_sparsity,user_attrs_weight_sparsity_history,state
96,96,0.9197485540570133,2024-08-31 04:21:26.407499,2024-08-31 04:25:58.548454,0 days 00:04:32.140955,1,0.018890030298690498,5,215,0.2562465936191704,30,0.0004440066034801766,0.927,0.9175,33,"[33, 33, 33, 33, 33, 33, 33, 33, 33, 33, 33, 33, 33, 33, 33, 33, 33, 33, 33, 33, 33, 33, 33, 33, 33, 33, 33, 33, 33, 33, 33, 33, 33, 33, 33, 33, 33, 33, 33, 33, 33, 33, 33, 33, 33, 33, 33, 33, 33, 33, 33, 33, 33, 33, 33, 33, 33, 33, 33, 33, 33, 33, 33, 33, 33, 33, 33, 33, 33, 33, 33, 33, 33, 33, 33, 33, 33, 33, 33, 33, 33, 33, 33, 33, 33, 33, 33, 33, 33, 33, 33, 33, 33, 33, 33, 33, 33, 33, 33, 33, 33, 33, 33, 33, 33, 33, 33, 33, 33, 33, 33, 33, 33, 33, 33, 33, 33, 33, 33, 33, 33, 33, 33, 33, 33, 33, 33, 33, 33, 33, 33, 33, 33, 33, 33, 33, 33, 33, 33, 33, 33, 33, 33, 33, 33, 33, 33, 33, 33, 33, 33, 33, 33, 33, 33, 33, 33, 33, 33, 33, 33, 33, 33, 33, 33, 33, 33, 33, 33, 33, 33, 33, 33, 33, 33, 33, 33, 33, 33, 33, 33, 33, 33, 33, 33, 33, 33, 33, 33, 33, 33, 33, 33, 33, 33, 33, 33, 33, 33, 33, 33, 33, 33, 33, 33, 33, 33, 33, 33, 33, 33, 33, 33, 33, 33]",32.939784946236564,"[32.94516129032258, 32.95591397849462, 32.95591397849462, 32.953763440860214, 32.9494623655914, 32.9494623655914, 32.961290322580645, 32.94731182795699, 32.938709677419354, 32.943010752688174, 32.949462365591394, 32.95161290322581, 32.950537634408605, 32.938709677419354, 32.93870967741936, 32.938709677419354, 32.939784946236564, 32.94301075268817, 32.94623655913979, 32.950537634408605, 32.9494623655914, 32.958064516129035, 32.9483870967742, 32.949462365591394, 32.958064516129035, 32.95483870967742, 32.956989247311824, 32.95161290322581, 32.943010752688174, 32.94731182795699, 32.95913978494624, 32.96236559139785, 32.95268817204301, 32.943010752688174, 32.94408602150538, 32.946236559139784, 32.94408602150538, 32.946236559139784, 32.949462365591394, 32.94193548387097, 32.94516129032258, 32.95268817204301, 32.9494623655914, 32.954838709677425, 32.96236559139785, 32.95591397849462, 32.95483870967742, 32.95483870967742, 32.95591397849462, 32.956989247311824, 32.95913978494624, 32.95698924731183, 32.9483870967742, 32.953763440860214, 32.945161290322574, 32.958064516129035, 32.95268817204301, 32.946236559139784, 32.95591397849462, 32.96451612903226, 32.95483870967742, 32.95913978494624, 32.95698924731183, 32.94838709677419, 32.94731182795699, 32.95591397849462, 32.946236559139784, 32.94301075268817, 32.94408602150538, 32.938709677419354, 32.950537634408605, 32.94516129032258, 32.94838709677419, 32.94408602150537, 32.94731182795699, 32.935483870967744, 32.95268817204301, 32.95268817204301, 32.9483870967742, 32.95913978494624, 32.95268817204301, 32.95268817204301, 32.95698924731183, 32.958064516129035, 32.953763440860214, 32.961290322580645, 32.95913978494624, 32.965591397849465, 32.96774193548387, 32.962365591397855, 32.95591397849462, 32.950537634408605, 32.94838709677419, 32.938709677419354, 32.94838709677419, 32.9494623655914, 32.9494623655914, 32.950537634408605, 32.95161290322581, 32.949462365591394, 32.95483870967742, 32.95591397849462, 32.95483870967742, 32.95161290322581, 32.9483870967742, 32.95161290322581, 32.946236559139784, 32.9494623655914, 32.95268817204301, 32.943010752688174, 32.94731182795699, 32.947311827956995, 32.9494623655914, 32.946236559139784, 32.950537634408605, 32.94731182795699, 32.943010752688174, 32.953763440860214, 32.9494623655914, 32.961290322580645, 32.95698924731183, 32.958064516129035, 32.953763440860214, 32.95591397849463, 32.96021505376344, 32.96344086021506, 32.95268817204301, 32.94838709677419, 32.946236559139784, 32.9483870967742, 32.950537634408605, 32.94516129032258, 32.95376344086022, 32.95376344086022, 32.95591397849462, 32.94838709677419, 32.94516129032258, 32.950537634408605, 32.950537634408605, 32.95268817204301, 32.94408602150538, 32.946236559139784, 32.95161290322581, 32.946236559139784, 32.95161290322581, 32.943010752688174, 32.93118279569892, 32.94193548387097, 32.943010752688174, 32.943010752688174, 32.94516129032258, 32.95161290322581, 32.946236559139784, 32.9494623655914, 32.94516129032258, 32.938709677419354, 32.94193548387097, 32.939784946236564, 32.941935483870964, 32.950537634408605, 32.95698924731183, 32.95376344086022, 32.95161290322581, 32.95268817204301, 32.953763440860214, 32.946236559139784, 32.93978494623656, 32.94408602150538, 32.95268817204301, 32.95268817204301, 32.95268817204301, 32.950537634408605, 32.94838709677419, 32.947311827956995, 32.93978494623656, 32.93978494623656, 32.94086021505376, 32.94193548387097, 32.94731182795699, 32.94086021505376, 32.935483870967744, 32.938709677419354, 32.94408602150538, 32.94408602150538, 32.9505376344086, 32.946236559139784, 32.94838709677419, 32.93655913978495, 32.94301075268817, 32.943010752688174, 32.9494623655914, 32.950537634408605, 32.95268817204301, 32.94731182795699, 32.94408602150538, 32.92795698924731, 32.93333333333334, 32.93978494623656, 32.93978494623656, 32.93763440860215, 32.94731182795699, 32.93978494623656, 32.945161290322574, 32.943010752688174, 32.93763440860215, 32.93978494623656, 32.93333333333334, 32.94516129032258, 32.943010752688174, 32.943010752688174, 32.946236559139784, 32.94731182795699, 32.93978494623656, 32.94516129032258, 32.939784946236564]",0.9021871052436035,0.9197485540570133,33,"[33, 33, 33, 33, 33, 33, 33, 33, 33, 33, 33, 33, 33, 33, 33, 33, 33, 33, 33, 33, 33, 33, 33, 33, 33, 33, 33, 33, 33, 33, 33, 33, 33, 33, 33, 33, 33, 33, 33, 33, 33, 33, 33, 33, 33, 33, 33, 33, 33, 33, 33, 33, 33, 33, 33, 33, 33, 33, 33, 33, 33, 33, 33, 33, 33, 33, 33, 33, 33, 33, 33, 33, 33, 33, 33, 33, 33, 33, 33, 33, 33, 33, 33, 33, 33, 33, 33, 33, 33, 33, 33, 33, 33, 33, 33, 33, 33, 33, 33, 33, 33, 33, 33, 33, 33, 33, 33, 33, 33, 33, 33, 33, 33, 33, 33, 33, 33, 33, 33, 33, 33, 33, 33, 33, 33, 33, 33, 33, 33, 33, 33, 33, 33, 33, 33, 33, 33, 33, 33, 33, 33, 33, 33, 33, 33, 33, 33, 33, 33, 33, 33, 33, 33, 33, 33, 33, 33, 33, 33, 33, 33, 33, 33, 33, 33, 33, 33, 33, 33, 33, 33, 33, 33, 33, 33, 33, 33, 33, 33, 33, 33, 33, 33, 33, 33, 33, 33, 33, 33, 33, 33, 33, 33, 33, 33, 33, 33, 33, 33, 33, 33, 33, 33, 33, 33, 33, 33, 33, 33, 33, 33, 33, 33, 33, 33]",215,"[0.4319188594818115, 0.41206464171409607, 0.4053056836128235, 0.40077149868011475, 0.39718174934387207, 0.3943210244178772, 0.3917582333087921, 0.3896627128124237, 0.3877861797809601, 0.3861005902290344, 0.3846030831336975, 0.3831304907798767, 0.3818451762199402, 0.38072386384010315, 0.3795032501220703, 0.3783145248889923, 0.3771854341030121, 0.3760860562324524, 0.37501388788223267, 0.3740094006061554, 0.37286126613616943, 0.37183433771133423, 0.37083855271339417, 0.3697319030761719, 0.3686900734901428, 0.36770111322402954, 0.36664116382598877, 0.3655528128147125, 0.3645392656326294, 0.36356765031814575, 0.36251023411750793, 0.3614457845687866, 0.3603740930557251, 0.3592277765274048, 0.3580925464630127, 0.3570249676704407, 0.35603034496307373, 0.35492709279060364, 0.35387593507766724, 0.3526225686073303, 0.35147109627723694, 0.35029032826423645, 0.3491476774215698, 0.34792596101760864, 0.34671223163604736, 0.34556442499160767, 0.34435543417930603, 0.343165785074234, 0.3418610692024231, 0.34057989716529846, 0.33930298686027527, 0.3380037546157837, 0.3367713987827301, 0.33549362421035767, 0.3341621458530426, 0.33277878165245056, 0.33141711354255676, 0.3301193118095398, 0.32882940769195557, 0.32749322056770325, 0.32603347301483154, 0.32480958104133606, 0.32332301139831543, 0.32210391759872437, 0.3207366168498993, 0.3193875253200531, 0.3180709183216095, 0.3168068826198578, 0.31535589694976807, 0.31400221586227417, 0.31272539496421814, 0.3113862872123718, 0.310195654630661, 0.30900314450263977, 0.3078089952468872, 0.30660903453826904, 0.3054121434688568, 0.30428633093833923, 0.3031463027000427, 0.3020094931125641, 0.3008970618247986, 0.29989373683929443, 0.2988509237766266, 0.29785358905792236, 0.2968112528324127, 0.2957923412322998, 0.29503098130226135, 0.29397380352020264, 0.29301947355270386, 0.2921410799026489, 0.2911740839481354, 0.290320485830307, 0.28942927718162537, 0.2886478006839752, 0.2877812683582306, 0.2869917154312134, 0.28624194860458374, 0.2854599058628082, 0.2847249507904053, 0.28419774770736694, 0.28327521681785583, 0.28269198536872864, 0.2819848954677582, 0.281266450881958, 0.2806103825569153, 0.2799966037273407, 0.2791127860546112, 0.2785030007362366, 0.27794861793518066, 0.2773902714252472, 0.27667826414108276, 0.27613765001296997, 0.27548182010650635, 0.27477651834487915, 0.2741825580596924, 0.2735738158226013, 0.27294787764549255, 0.27240514755249023, 0.2717643678188324, 0.2711682617664337, 0.27075639367103577, 0.2702234983444214, 0.26967325806617737, 0.2690572440624237, 0.26842665672302246, 0.2679360508918762, 0.2673739492893219, 0.26673179864883423, 0.26619860529899597, 0.26579368114471436, 0.2652333974838257, 0.26461946964263916, 0.26410648226737976, 0.2635849714279175, 0.2632078230381012, 0.2626141309738159, 0.2620660662651062, 0.2617373764514923, 0.26140961050987244, 0.2607179880142212, 0.26016414165496826, 0.25971469283103943, 0.2592895030975342, 0.258850634098053, 0.25850677490234375, 0.25782468914985657, 0.2573181986808777, 0.2571297287940979, 0.2567853629589081, 0.256277859210968, 0.25567010045051575, 0.2552095353603363, 0.2548520565032959, 0.25429391860961914, 0.2538379728794098, 0.2537190914154053, 0.25299906730651855, 0.2525671720504761, 0.25231221318244934, 0.25188952684402466, 0.251422256231308, 0.2512339949607849, 0.25084468722343445, 0.25042396783828735, 0.24992792308330536, 0.24943479895591736, 0.2490604966878891, 0.24890458583831787, 0.24833419919013977, 0.2478329837322235, 0.24765177071094513, 0.24719606339931488, 0.24691978096961975, 0.24641411006450653, 0.24628382921218872, 0.24572177231311798, 0.24531424045562744, 0.2448704093694687, 0.24460330605506897, 0.24427759647369385, 0.24373196065425873, 0.24344153702259064, 0.2431272566318512, 0.24253983795642853, 0.24234028160572052, 0.2421330213546753, 0.24179580807685852, 0.24145902693271637, 0.24134662747383118, 0.24090616405010223, 0.24059832096099854, 0.24014301598072052, 0.23980657756328583, 0.23974591493606567, 0.2393609583377838, 0.23917488753795624, 0.23874077200889587, 0.2384726107120514, 0.23832009732723236, 0.23766635358333588, 0.23755620419979095, 0.23724769055843353, 0.23695610463619232, 0.23648814857006073, 0.23637554049491882, 0.23619751632213593, 0.23576989769935608, 0.23530803620815277, 0.23517261445522308, 0.23515444993972778, 0.23489487171173096, 0.23453868925571442, 0.23424071073532104, 0.23412317037582397, 0.23364776372909546]",33.0,"[33.0, 33.0, 33.0, 33.0, 33.0, 33.0, 33.0, 33.0, 33.0, 33.0, 33.0, 33.0, 33.0, 33.0, 33.0, 33.0, 33.0, 33.0, 33.0, 33.0, 33.0, 33.0, 33.0, 33.0, 33.0, 33.0, 33.0, 33.0, 33.0, 33.0, 33.0, 33.0, 33.0, 33.0, 33.0, 33.0, 33.0, 33.0, 33.0, 33.0, 33.0, 33.0, 33.0, 33.0, 33.0, 33.0, 33.0, 33.0, 33.0, 33.0, 33.0, 33.0, 33.0, 33.0, 33.0, 33.0, 33.0, 33.0, 33.0, 33.0, 33.0, 33.0, 33.0, 33.0, 33.0, 33.0, 33.0, 33.0, 33.0, 33.0, 33.0, 33.0, 33.0, 33.0, 33.0, 33.0, 33.0, 33.0, 33.0, 33.0, 33.0, 33.0, 33.0, 33.0, 33.0, 33.0, 33.0, 33.0, 33.0, 33.0, 33.0, 33.0, 33.0, 33.0, 33.0, 33.0, 33.0, 33.0, 33.0, 33.0, 33.0, 33.0, 33.0, 33.0, 33.0, 33.0, 33.0, 33.0, 33.0, 33.0, 33.0, 33.0, 33.0, 33.0, 33.0, 33.0, 33.0, 33.0, 33.0, 33.0, 33.0, 33.0, 33.0, 33.0, 33.0, 33.0, 33.0, 33.0, 33.0, 33.0, 33.0, 33.0, 33.0, 33.0, 33.0, 33.0, 33.0, 33.0, 33.0, 33.0, 33.0, 33.0, 33.0, 33.0, 33.0, 33.0, 33.0, 33.0, 33.0, 33.0, 33.0, 33.0, 33.0, 33.0, 33.0, 33.0, 33.0, 33.0, 33.0, 33.0, 33.0, 33.0, 33.0, 33.0, 33.0, 33.0, 33.0, 33.0, 33.0, 33.0, 33.0, 33.0, 33.0, 33.0, 33.0, 33.0, 33.0, 33.0, 33.0, 33.0, 33.0, 33.0, 33.0, 33.0, 33.0, 33.0, 33.0, 33.0, 33.0, 33.0, 33.0, 33.0, 33.0, 33.0, 33.0, 33.0, 33.0, 33.0, 33.0, 33.0, 33.0, 33.0, 33.0, 33.0, 33.0, 33.0, 33.0, 33.0, 33.0, 33.0, 33.0, 33.0, 33.0, 33.0, 33.0]",COMPLETE
