,number,value,datetime_start,datetime_complete,duration,params_batch_size_scaler,params_constant_learning_rate,params_depth,params_epochs,params_kernel_l2,params_num_trees,params_temperature,user_attrs_accuracy_test,user_attrs_accuracy_valid,user_attrs_approximate_feature_sparsity,user_attrs_approximate_feature_sparsity_history,user_attrs_approximate_weight_sparsity,user_attrs_approximate_weight_sparsity_history,user_attrs_auc_test,user_attrs_auc_valid,user_attrs_feature_sparsity,user_attrs_feature_sparsity_history,user_attrs_num_epochs,user_attrs_val_loss_history,user_attrs_weight_sparsity,user_attrs_weight_sparsity_history,state
49,49,0.7026445620950392,2024-08-31 02:47:59.718420,2024-08-31 02:48:28.644079,0 days 00:00:28.925659,16,0.647081407641769,1,250,0.07770265410285766,99,0.0010294097104267212,0.829,0.8425,3,"[33, 33, 33, 33, 33, 33, 33, 33, 33, 33, 33, 33, 33, 33, 33, 32, 32, 31, 25, 22, 18, 15, 14, 12, 12, 10, 9, 9, 9, 8, 8, 8, 8, 8, 8, 8, 8, 8, 8, 8, 8, 8, 8, 8, 8, 8, 8, 7, 7, 7, 7, 7, 7, 7, 7, 7, 5, 4, 3, 3, 3, 3, 3, 3, 3, 3, 3, 3, 3, 3, 3, 3, 3, 3, 3, 3, 3, 3, 3, 3, 3, 3, 3, 3, 3, 3, 3, 3, 3, 3, 3, 3, 3, 3, 3, 3, 3, 3, 3, 3, 3, 3, 3, 3, 3, 3, 3, 3, 3, 3, 3, 3, 3, 3, 3, 3, 3, 3, 3, 3, 3, 3, 3, 3, 3, 3, 3, 3, 3, 3, 3, 3, 3, 3, 3, 3, 3, 3, 3, 3, 3, 3, 3, 3, 3, 3, 3, 3, 3, 3, 3, 3, 3, 3, 3, 3, 3, 3, 3, 3, 3, 3, 3, 3, 3, 3, 3, 3, 3, 3, 3, 3, 3, 3, 3, 3, 3, 3, 3, 3, 3, 3, 3, 3, 3, 3, 3, 3, 3, 3, 3, 3, 3, 3, 3, 3, 3, 3, 3, 3, 3, 3, 3, 3, 3, 3, 3, 3, 3, 3, 3, 3, 3, 3, 3, 3, 3, 3, 3, 3, 3, 3, 3, 3, 3, 3, 3, 3, 3, 3, 3, 3, 3, 3, 3, 3, 3, 3, 3, 3, 3, 3, 3, 3, 3, 3, 3, 3, 3, 3]",3.0,"[32.98989898989899, 32.98989898989899, 32.97979797979798, 32.98989898989899, 32.98989898989899, 33.0, 32.98989898989899, 32.94949494949495, 32.93939393939394, 32.98989898989899, 32.98989898989899, 32.98989898989899, 32.98989898989899, 32.98989898989899, 32.96969696969697, 31.98989898989899, 31.97979797979798, 31.0, 24.97979797979798, 22.0, 18.0, 15.0, 13.98989898989899, 12.0, 11.98989898989899, 10.0, 9.0, 8.97979797979798, 8.98989898989899, 7.98989898989899, 8.0, 8.0, 8.0, 8.0, 7.98989898989899, 7.98989898989899, 8.0, 8.0, 7.979797979797979, 8.0, 8.0, 8.0, 8.0, 8.0, 7.98989898989899, 8.0, 8.0, 7.0, 7.0, 7.0, 7.0, 7.0, 7.0, 6.98989898989899, 6.98989898989899, 7.0, 5.0, 4.0, 3.0, 3.0, 3.0, 3.0, 3.0, 3.0, 3.0, 3.0, 3.0, 3.0, 3.0, 3.0, 3.0, 3.0, 3.0, 3.0, 3.0, 3.0, 3.0, 3.0, 3.0, 3.0, 3.0, 3.0, 3.0, 3.0, 3.0, 3.0, 3.0, 3.0, 3.0, 3.0, 3.0, 3.0, 3.0, 3.0, 3.0, 3.0, 3.0, 3.0, 3.0, 3.0, 3.0, 3.0, 3.0, 3.0, 3.0, 3.0, 3.0, 3.0, 3.0, 3.0, 3.0, 3.0, 3.0, 3.0, 3.0, 3.0, 3.0, 3.0, 3.0, 3.0, 3.0, 3.0, 3.0, 3.0, 3.0, 3.0, 3.0, 3.0, 3.0, 3.0, 3.0, 3.0, 3.0, 3.0, 3.0, 3.0, 3.0, 3.0, 3.0, 3.0, 3.0, 3.0, 3.0, 3.0, 3.0, 3.0, 3.0, 3.0, 3.0, 3.0, 3.0, 3.0, 3.0, 3.0, 3.0, 3.0, 3.0, 3.0, 3.0, 3.0, 3.0, 3.0, 3.0, 3.0, 3.0, 3.0, 3.0, 3.0, 3.0, 3.0, 3.0, 3.0, 3.0, 3.0, 3.0, 3.0, 3.0, 3.0, 3.0, 3.0, 3.0, 3.0, 3.0, 3.0, 3.0, 3.0, 3.0, 3.0, 3.0, 3.0, 3.0, 3.0, 3.0, 3.0, 3.0, 3.0, 3.0, 3.0, 3.0, 3.0, 3.0, 3.0, 3.0, 3.0, 3.0, 3.0, 3.0, 3.0, 3.0, 3.0, 3.0, 3.0, 3.0, 3.0, 3.0, 3.0, 3.0, 3.0, 3.0, 3.0, 3.0, 3.0, 3.0, 3.0, 3.0, 3.0, 3.0, 3.0, 3.0, 3.0, 3.0, 3.0, 3.0, 3.0, 3.0, 3.0, 3.0, 3.0, 3.0, 3.0, 3.0, 3.0, 3.0, 3.0, 3.0, 3.0, 3.0, 3.0, 3.0, 3.0]",0.6733419199299863,0.7026445620950392,3,"[33, 33, 33, 33, 33, 33, 33, 33, 33, 33, 33, 33, 33, 33, 33, 32, 32, 31, 25, 22, 18, 15, 14, 12, 12, 10, 9, 9, 9, 8, 8, 8, 8, 8, 8, 8, 8, 8, 8, 8, 8, 8, 8, 8, 8, 8, 8, 7, 7, 7, 7, 7, 7, 7, 7, 7, 5, 4, 3, 3, 3, 3, 3, 3, 3, 3, 3, 3, 3, 3, 3, 3, 3, 3, 3, 3, 3, 3, 3, 3, 3, 3, 3, 3, 3, 3, 3, 3, 3, 3, 3, 3, 3, 3, 3, 3, 3, 3, 3, 3, 3, 3, 3, 3, 3, 3, 3, 3, 3, 3, 3, 3, 3, 3, 3, 3, 3, 3, 3, 3, 3, 3, 3, 3, 3, 3, 3, 3, 3, 3, 3, 3, 3, 3, 3, 3, 3, 3, 3, 3, 3, 3, 3, 3, 3, 3, 3, 3, 3, 3, 3, 3, 3, 3, 3, 3, 3, 3, 3, 3, 3, 3, 3, 3, 3, 3, 3, 3, 3, 3, 3, 3, 3, 3, 3, 3, 3, 3, 3, 3, 3, 3, 3, 3, 3, 3, 3, 3, 3, 3, 3, 3, 3, 3, 3, 3, 3, 3, 3, 3, 3, 3, 3, 3, 3, 3, 3, 3, 3, 3, 3, 3, 3, 3, 3, 3, 3, 3, 3, 3, 3, 3, 3, 3, 3, 3, 3, 3, 3, 3, 3, 3, 3, 3, 3, 3, 3, 3, 3, 3, 3, 3, 3, 3, 3, 3, 3, 3, 3, 3]",250,"[0.4800187051296234, 2.430086135864258, 1.5636837482452393, 0.6946495771408081, 3.5533602237701416, 2.4465394020080566, 1.5135987997055054, 2.2747740745544434, 1.5877424478530884, 0.859559178352356, 2.120650291442871, 2.22757887840271, 3.506112575531006, 3.317854881286621, 1.0354104042053223, 0.7562560439109802, 1.4013594388961792, 1.0348135232925415, 0.6650874614715576, 0.6266456842422485, 1.3241719007492065, 1.8096203804016113, 0.45768094062805176, 0.7966874837875366, 0.5802260041236877, 1.5455915927886963, 0.9926168322563171, 0.5963334441184998, 0.6539533734321594, 1.5389125347137451, 6.443424224853516, 0.5055930614471436, 3.674525737762451, 0.4713020622730255, 0.44921931624412537, 6.5125861167907715, 1.6575857400894165, 3.463449478149414, 2.6723873615264893, 0.5474618673324585, 1.074384093284607, 1.3305577039718628, 5.111888885498047, 0.8550195097923279, 0.5006057024002075, 3.1559433937072754, 0.7816421985626221, 1.7681055068969727, 4.888461589813232, 0.5565699934959412, 6.300892353057861, 4.846847057342529, 2.684779644012451, 2.513331890106201, 0.933624804019928, 0.7471875548362732, 0.5855394005775452, 1.3170828819274902, 1.6711088418960571, 2.742142915725708, 6.1182861328125, 7.060802459716797, 0.505395770072937, 2.8254380226135254, 1.2795389890670776, 0.6029656529426575, 0.6570238471031189, 0.8247330188751221, 2.336909294128418, 0.869351327419281, 0.48252755403518677, 3.79656982421875, 0.784981906414032, 3.394202470779419, 0.6648681163787842, 0.5510366559028625, 1.726326584815979, 2.590186357498169, 4.606552600860596, 1.740562081336975, 2.2412631511688232, 0.5118523240089417, 0.6940467953681946, 0.46031707525253296, 1.931101679801941, 5.329626083374023, 0.6588925123214722, 1.075098991394043, 0.9821965098381042, 1.7486224174499512, 2.225971221923828, 0.57352215051651, 2.0302979946136475, 4.717572212219238, 1.2056142091751099, 2.615391254425049, 0.5597331523895264, 3.042092800140381, 4.139347076416016, 4.972090244293213, 0.6008144617080688, 2.2785985469818115, 2.837139844894409, 1.38338041305542, 0.6950054168701172, 6.49393367767334, 0.9267341494560242, 0.5822049975395203, 1.6586858034133911, 1.9262889623641968, 1.0988391637802124, 2.1516284942626953, 1.410431981086731, 1.689363718032837, 2.763725519180298, 0.484897255897522, 0.9177499413490295, 1.2236583232879639, 1.1835200786590576, 4.193891525268555, 3.534909725189209, 0.5345427989959717, 5.20045280456543, 4.2466840744018555, 0.6336632370948792, 2.4244654178619385, 2.0110695362091064, 4.428497314453125, 0.4720941185951233, 1.3342819213867188, 0.4796089828014374, 1.5088629722595215, 2.4463460445404053, 1.487535834312439, 7.166460037231445, 1.0270065069198608, 6.634549140930176, 0.5732883214950562, 0.5393924713134766, 0.8561826348304749, 0.6856752634048462, 2.661525249481201, 2.4446442127227783, 0.7876859903335571, 0.7647554874420166, 2.714982509613037, 2.8994569778442383, 1.3173222541809082, 0.6293426752090454, 0.547604501247406, 1.0208041667938232, 1.1491844654083252, 0.8685051798820496, 1.2225348949432373, 1.7169712781906128, 1.1970678567886353, 0.9087544083595276, 3.657266139984131, 0.885650634765625, 1.460201382637024, 1.9938243627548218, 1.4214158058166504, 0.7256801724433899, 1.0152454376220703, 0.677731990814209, 1.0876902341842651, 3.3178513050079346, 0.8772763609886169, 0.5446333885192871, 1.8987482786178589, 3.851792812347412, 3.2570366859436035, 2.121614933013916, 0.9863671064376831, 0.8933902978897095, 0.5631241202354431, 0.5756866931915283, 0.7531965374946594, 0.5133259892463684, 3.2426834106445312, 0.7217786908149719, 5.47281551361084, 3.794675827026367, 2.9357810020446777, 0.6033992171287537, 0.5059220194816589, 7.085312366485596, 2.8816640377044678, 0.5428662300109863, 3.0735626220703125, 2.4720239639282227, 5.7824177742004395, 0.9417100548744202, 1.3794093132019043, 0.6690961718559265, 2.396404266357422, 0.98500657081604, 5.298695087432861, 0.7297284007072449, 0.5626153349876404, 1.0141443014144897, 0.6186520457267761, 2.457932472229004, 0.5834100246429443, 0.8735539317131042, 0.720623254776001, 1.4712060689926147, 5.040119647979736, 3.349787712097168, 1.193367600440979, 0.4688863456249237, 0.9915224313735962, 0.6074138879776001, 1.2950997352600098, 0.7048757076263428, 1.9482791423797607, 0.7094449400901794, 1.540116310119629, 1.3839749097824097, 0.5541960000991821, 6.586601734161377, 0.6206693053245544, 0.6655199527740479, 0.5462797284126282, 0.9830664992332458, 1.7163128852844238, 0.5365772247314453, 3.405416488647461, 1.3888899087905884, 0.6413804888725281, 0.5580670833587646, 1.377158522605896, 6.1924147605896, 0.5344593524932861, 0.7092990875244141, 5.474733352661133, 0.5042358636856079, 1.5295153856277466, 0.750565767288208, 0.7341926693916321, 1.4272592067718506, 1.6544135808944702, 5.955095291137695, 0.9879183173179626, 0.5271672606468201, 3.074449062347412, 0.6303662061691284, 2.0924112796783447, 0.7269925475120544, 0.6934471130371094]",3.0,"[33.0, 33.0, 33.0, 33.0, 33.0, 33.0, 33.0, 33.0, 33.0, 33.0, 33.0, 33.0, 33.0, 33.0, 33.0, 32.0, 32.0, 31.0, 25.0, 22.0, 18.0, 15.0, 14.0, 12.0, 12.0, 10.0, 9.0, 9.0, 9.0, 8.0, 8.0, 8.0, 8.0, 8.0, 8.0, 8.0, 8.0, 8.0, 8.0, 8.0, 8.0, 8.0, 8.0, 8.0, 8.0, 8.0, 8.0, 7.0, 7.0, 7.0, 7.0, 7.0, 7.0, 7.0, 7.0, 7.0, 5.0, 4.0, 3.0, 3.0, 3.0, 3.0, 3.0, 3.0, 3.0, 3.0, 3.0, 3.0, 3.0, 3.0, 3.0, 3.0, 3.0, 3.0, 3.0, 3.0, 3.0, 3.0, 3.0, 3.0, 3.0, 3.0, 3.0, 3.0, 3.0, 3.0, 3.0, 3.0, 3.0, 3.0, 3.0, 3.0, 3.0, 3.0, 3.0, 3.0, 3.0, 3.0, 3.0, 3.0, 3.0, 3.0, 3.0, 3.0, 3.0, 3.0, 3.0, 3.0, 3.0, 3.0, 3.0, 3.0, 3.0, 3.0, 3.0, 3.0, 3.0, 3.0, 3.0, 3.0, 3.0, 3.0, 3.0, 3.0, 3.0, 3.0, 3.0, 3.0, 3.0, 3.0, 3.0, 3.0, 3.0, 3.0, 3.0, 3.0, 3.0, 3.0, 3.0, 3.0, 3.0, 3.0, 3.0, 3.0, 3.0, 3.0, 3.0, 3.0, 3.0, 3.0, 3.0, 3.0, 3.0, 3.0, 3.0, 3.0, 3.0, 3.0, 3.0, 3.0, 3.0, 3.0, 3.0, 3.0, 3.0, 3.0, 3.0, 3.0, 3.0, 3.0, 3.0, 3.0, 3.0, 3.0, 3.0, 3.0, 3.0, 3.0, 3.0, 3.0, 3.0, 3.0, 3.0, 3.0, 3.0, 3.0, 3.0, 3.0, 3.0, 3.0, 3.0, 3.0, 3.0, 3.0, 3.0, 3.0, 3.0, 3.0, 3.0, 3.0, 3.0, 3.0, 3.0, 3.0, 3.0, 3.0, 3.0, 3.0, 3.0, 3.0, 3.0, 3.0, 3.0, 3.0, 3.0, 3.0, 3.0, 3.0, 3.0, 3.0, 3.0, 3.0, 3.0, 3.0, 3.0, 3.0, 3.0, 3.0, 3.0, 3.0, 3.0, 3.0, 3.0, 3.0, 3.0, 3.0, 3.0, 3.0, 3.0, 3.0, 3.0, 3.0, 3.0, 3.0, 3.0, 3.0, 3.0, 3.0, 3.0, 3.0]",COMPLETE
50,50,0.9192848217851116,2024-08-31 02:48:28.660549,2024-08-31 02:49:42.004098,0 days 00:01:13.343549,1,0.011161722827455929,1,190,0.0291990358486139,87,0.0026895281286561015,0.922,0.91875,33,"[33, 33, 33, 33, 33, 33, 33, 33, 33, 33, 33, 33, 33, 33, 33, 33, 33, 33, 33, 33, 33, 33, 33, 33, 33, 33, 33, 33, 33, 33, 33, 33, 33, 33, 33, 33, 33, 33, 33, 33, 33, 33, 33, 33, 33, 33, 33, 33, 33, 33, 33, 33, 33, 33, 33, 33, 33, 33, 33, 33, 33, 33, 33, 33, 33, 33, 33, 33, 33, 33, 33, 33, 33, 33, 33, 33, 33, 33, 33, 33, 33, 33, 33, 33, 33, 33, 33, 33, 33, 33, 33, 33, 33, 33, 33, 33, 33, 33, 33, 33, 33, 33, 33, 33, 33, 33, 33, 33, 33, 33, 33, 33, 33, 33, 33, 33, 33, 33, 33, 33, 33, 33, 33, 33, 33, 33, 33, 33, 33, 33, 33, 33, 33, 33, 33, 33, 33, 33, 33, 33, 33, 33, 33, 33, 33, 33, 33, 33, 33, 33, 33, 33, 33, 33, 33, 33, 33, 33, 33, 33, 33, 33, 33, 33, 33, 33, 33, 33, 33, 33, 33, 33, 33, 33, 33, 33, 33, 33, 33, 33, 33, 33, 33, 33, 33, 33, 33, 33, 33, 33]",32.97701149425288,"[32.98850574712644, 33.0, 32.98850574712644, 32.98850574712644, 32.98850574712644, 32.98850574712644, 32.98850574712644, 32.96551724137931, 32.97701149425288, 33.0, 32.98850574712644, 32.98850574712644, 32.98850574712644, 33.0, 32.97701149425288, 32.97701149425288, 32.98850574712644, 32.97701149425288, 32.98850574712644, 32.95402298850575, 32.94252873563218, 32.97701149425288, 32.97701149425288, 32.94252873563218, 32.98850574712644, 32.97701149425288, 32.97701149425288, 32.98850574712644, 32.98850574712644, 32.98850574712644, 32.98850574712644, 32.97701149425288, 32.98850574712644, 32.98850574712644, 32.97701149425288, 33.0, 33.0, 33.0, 33.0, 33.0, 32.98850574712644, 33.0, 32.97701149425288, 33.0, 33.0, 32.98850574712644, 33.0, 32.96551724137931, 32.97701149425288, 32.96551724137931, 33.0, 33.0, 32.98850574712644, 33.0, 32.97701149425288, 32.95402298850575, 32.95402298850575, 32.95402298850575, 32.97701149425288, 32.95402298850575, 33.0, 32.97701149425288, 32.97701149425288, 32.96551724137931, 32.98850574712644, 33.0, 32.98850574712644, 32.98850574712644, 33.0, 33.0, 33.0, 33.0, 33.0, 32.98850574712644, 33.0, 33.0, 32.98850574712644, 32.98850574712644, 32.97701149425288, 32.97701149425288, 32.97701149425288, 32.96551724137931, 32.97701149425288, 33.0, 32.98850574712644, 32.98850574712644, 32.98850574712644, 33.0, 33.0, 32.98850574712644, 32.98850574712644, 32.98850574712644, 33.0, 33.0, 32.98850574712644, 32.98850574712644, 33.0, 32.97701149425288, 33.0, 32.98850574712644, 32.97701149425288, 32.97701149425288, 32.98850574712644, 32.97701149425288, 32.97701149425288, 32.97701149425288, 32.98850574712644, 33.0, 33.0, 33.0, 32.98850574712644, 32.97701149425288, 32.98850574712644, 32.98850574712644, 32.97701149425288, 32.98850574712644, 32.97701149425288, 33.0, 32.97701149425288, 33.0, 32.97701149425288, 32.98850574712644, 32.98850574712644, 33.0, 32.98850574712644, 32.98850574712644, 33.0, 33.0, 33.0, 33.0, 32.97701149425288, 32.97701149425288, 32.97701149425288, 32.98850574712644, 32.97701149425288, 32.97701149425288, 32.98850574712644, 32.98850574712644, 32.96551724137931, 32.97701149425288, 32.96551724137931, 32.96551724137931, 33.0, 32.98850574712644, 32.98850574712644, 32.96551724137931, 32.95402298850575, 32.94252873563218, 32.96551724137931, 32.97701149425288, 32.97701149425288, 32.95402298850575, 32.97701149425288, 32.97701149425288, 32.97701149425288, 32.98850574712644, 33.0, 32.98850574712644, 33.0, 32.96551724137931, 32.98850574712644, 32.98850574712644, 32.98850574712644, 32.97701149425288, 33.0, 32.97701149425288, 33.0, 32.98850574712644, 33.0, 32.98850574712644, 32.98850574712644, 32.98850574712644, 33.0, 33.0, 33.0, 33.0, 32.98850574712644, 32.98850574712644, 32.98850574712644, 33.0, 32.97701149425288, 32.96551724137931, 32.97701149425288, 32.98850574712644, 32.97701149425288, 32.95402298850575, 32.96551724137931, 32.96551724137931, 32.97701149425288, 32.97701149425288]",0.9064556345412362,0.9192848217851116,33,"[33, 33, 33, 33, 33, 33, 33, 33, 33, 33, 33, 33, 33, 33, 33, 33, 33, 33, 33, 33, 33, 33, 33, 33, 33, 33, 33, 33, 33, 33, 33, 33, 33, 33, 33, 33, 33, 33, 33, 33, 33, 33, 33, 33, 33, 33, 33, 33, 33, 33, 33, 33, 33, 33, 33, 33, 33, 33, 33, 33, 33, 33, 33, 33, 33, 33, 33, 33, 33, 33, 33, 33, 33, 33, 33, 33, 33, 33, 33, 33, 33, 33, 33, 33, 33, 33, 33, 33, 33, 33, 33, 33, 33, 33, 33, 33, 33, 33, 33, 33, 33, 33, 33, 33, 33, 33, 33, 33, 33, 33, 33, 33, 33, 33, 33, 33, 33, 33, 33, 33, 33, 33, 33, 33, 33, 33, 33, 33, 33, 33, 33, 33, 33, 33, 33, 33, 33, 33, 33, 33, 33, 33, 33, 33, 33, 33, 33, 33, 33, 33, 33, 33, 33, 33, 33, 33, 33, 33, 33, 33, 33, 33, 33, 33, 33, 33, 33, 33, 33, 33, 33, 33, 33, 33, 33, 33, 33, 33, 33, 33, 33, 33, 33, 33, 33, 33, 33, 33, 33, 33]",190,"[0.4104916453361511, 0.4010193943977356, 0.39585593342781067, 0.39378848671913147, 0.38793766498565674, 0.3865530490875244, 0.38248875737190247, 0.3819137215614319, 0.3774767220020294, 0.374857097864151, 0.3724421262741089, 0.37111812829971313, 0.3676864504814148, 0.36554935574531555, 0.3638829290866852, 0.36427822709083557, 0.3671070337295532, 0.358311265707016, 0.35862693190574646, 0.35518383979797363, 0.3584427237510681, 0.3547888696193695, 0.3511960506439209, 0.3582759499549866, 0.34966370463371277, 0.34713417291641235, 0.3471727669239044, 0.34468868374824524, 0.34345996379852295, 0.342942476272583, 0.34442538022994995, 0.3424609303474426, 0.33983176946640015, 0.33919447660446167, 0.3379809558391571, 0.33729249238967896, 0.33674389123916626, 0.33596691489219666, 0.3352639377117157, 0.3371373414993286, 0.3342265784740448, 0.3361184000968933, 0.3327016532421112, 0.3381504416465759, 0.33230358362197876, 0.33185532689094543, 0.32983025908470154, 0.33039361238479614, 0.329326331615448, 0.32949188351631165, 0.33018073439598083, 0.32711899280548096, 0.32728657126426697, 0.3273131847381592, 0.330165833234787, 0.3256761431694031, 0.32415497303009033, 0.3245544731616974, 0.32385262846946716, 0.32357704639434814, 0.3219163417816162, 0.32254695892333984, 0.32170528173446655, 0.3225450813770294, 0.3203828036785126, 0.3188837170600891, 0.31959769129753113, 0.31705424189567566, 0.3168717622756958, 0.31635361909866333, 0.3153184652328491, 0.3133276700973511, 0.31249281764030457, 0.3115193843841553, 0.30989718437194824, 0.31116366386413574, 0.31196972727775574, 0.3098081350326538, 0.3048465847969055, 0.30793213844299316, 0.3029669225215912, 0.3004526197910309, 0.29956525564193726, 0.30030810832977295, 0.2993517220020294, 0.29580163955688477, 0.2929924428462982, 0.29317134618759155, 0.28961455821990967, 0.290205180644989, 0.28797584772109985, 0.28552064299583435, 0.28471997380256653, 0.28400447964668274, 0.28195998072624207, 0.27875733375549316, 0.27689096331596375, 0.27556028962135315, 0.2746155858039856, 0.27276477217674255, 0.27243173122406006, 0.27027201652526855, 0.26814931631088257, 0.2691402733325958, 0.2663522958755493, 0.26515910029411316, 0.2667124569416046, 0.26183363795280457, 0.26155686378479004, 0.2605201005935669, 0.2590685188770294, 0.25796133279800415, 0.25771522521972656, 0.2628019452095032, 0.25792744755744934, 0.25475969910621643, 0.2573546767234802, 0.25333911180496216, 0.253790020942688, 0.25149300694465637, 0.25095227360725403, 0.2524990737438202, 0.24943780899047852, 0.24897605180740356, 0.24860945343971252, 0.2480335682630539, 0.2483471930027008, 0.2487405389547348, 0.2470414787530899, 0.24610334634780884, 0.2456642985343933, 0.2456415891647339, 0.24944621324539185, 0.24570994079113007, 0.2463173270225525, 0.24685123562812805, 0.2436712235212326, 0.24684470891952515, 0.24293407797813416, 0.24323135614395142, 0.2431335598230362, 0.24379204213619232, 0.24245037138462067, 0.2423902451992035, 0.24312454462051392, 0.24136078357696533, 0.24235256016254425, 0.24088266491889954, 0.2417604774236679, 0.25247734785079956, 0.240157350897789, 0.24141667783260345, 0.24009691178798676, 0.23973296582698822, 0.2447517067193985, 0.23939338326454163, 0.24216118454933167, 0.2397943139076233, 0.23982608318328857, 0.23911787569522858, 0.24073106050491333, 0.23816624283790588, 0.23823417723178864, 0.2474927306175232, 0.23777616024017334, 0.23835954070091248, 0.23896907269954681, 0.2393624186515808, 0.23691493272781372, 0.23733021318912506, 0.23878949880599976, 0.23633600771427155, 0.23607154190540314, 0.23788371682167053, 0.23540805280208588, 0.23557840287685394, 0.23672480881214142, 0.23532868921756744, 0.2361721247434616, 0.23578870296478271, 0.234949991106987, 0.24239560961723328, 0.2341601699590683, 0.23494474589824677, 0.23376603424549103, 0.23572658002376556, 0.2337372601032257, 0.23265431821346283, 0.23373591899871826, 0.23308460414409637]",33.0,"[33.0, 33.0, 33.0, 33.0, 33.0, 33.0, 33.0, 33.0, 33.0, 33.0, 33.0, 33.0, 33.0, 33.0, 33.0, 33.0, 33.0, 33.0, 33.0, 33.0, 33.0, 33.0, 33.0, 33.0, 33.0, 33.0, 33.0, 33.0, 33.0, 33.0, 33.0, 33.0, 33.0, 33.0, 33.0, 33.0, 33.0, 33.0, 33.0, 33.0, 33.0, 33.0, 33.0, 33.0, 33.0, 33.0, 33.0, 33.0, 33.0, 33.0, 33.0, 33.0, 33.0, 33.0, 33.0, 33.0, 33.0, 33.0, 33.0, 33.0, 33.0, 33.0, 33.0, 33.0, 33.0, 33.0, 33.0, 33.0, 33.0, 33.0, 33.0, 33.0, 33.0, 33.0, 33.0, 33.0, 33.0, 33.0, 33.0, 33.0, 33.0, 33.0, 33.0, 33.0, 33.0, 33.0, 33.0, 33.0, 33.0, 33.0, 33.0, 33.0, 33.0, 33.0, 33.0, 33.0, 33.0, 33.0, 33.0, 33.0, 33.0, 33.0, 33.0, 33.0, 33.0, 33.0, 33.0, 33.0, 33.0, 33.0, 33.0, 33.0, 33.0, 33.0, 33.0, 33.0, 33.0, 33.0, 33.0, 33.0, 33.0, 33.0, 33.0, 33.0, 33.0, 33.0, 33.0, 33.0, 33.0, 33.0, 33.0, 33.0, 33.0, 33.0, 33.0, 33.0, 33.0, 33.0, 33.0, 33.0, 33.0, 33.0, 33.0, 33.0, 33.0, 33.0, 33.0, 33.0, 33.0, 33.0, 33.0, 33.0, 33.0, 33.0, 33.0, 33.0, 33.0, 33.0, 33.0, 33.0, 33.0, 33.0, 33.0, 33.0, 33.0, 33.0, 33.0, 33.0, 33.0, 33.0, 33.0, 33.0, 33.0, 33.0, 33.0, 33.0, 33.0, 33.0, 33.0, 33.0, 33.0, 33.0, 33.0, 33.0, 33.0, 33.0, 33.0, 33.0, 33.0, 33.0]",COMPLETE
