,number,value,datetime_start,datetime_complete,duration,params_batch_size_scaler,params_constant_learning_rate,params_depth,params_epochs,params_kernel_l2,params_num_trees,params_temperature,user_attrs_accuracy_test,user_attrs_accuracy_valid,user_attrs_approximate_feature_sparsity,user_attrs_approximate_feature_sparsity_history,user_attrs_approximate_weight_sparsity,user_attrs_approximate_weight_sparsity_history,user_attrs_auc_test,user_attrs_auc_valid,user_attrs_feature_sparsity,user_attrs_feature_sparsity_history,user_attrs_num_epochs,user_attrs_val_loss_history,user_attrs_weight_sparsity,user_attrs_weight_sparsity_history,state
26,26,0.9310069431026265,2024-08-31 01:45:51.665605,2024-08-31 01:53:34.621545,0 days 00:07:42.955940,1,0.1296058778153126,6,165,0.46447868682623344,37,0.008549957140629495,0.943,0.95125,29,"[33, 33, 33, 33, 33, 33, 33, 33, 33, 33, 33, 33, 33, 33, 33, 33, 33, 33, 33, 33, 33, 33, 33, 33, 33, 33, 33, 33, 33, 33, 33, 33, 33, 33, 33, 33, 33, 33, 33, 33, 33, 33, 33, 33, 32, 31, 31, 31, 31, 31, 30, 30, 30, 30, 30, 30, 30, 30, 30, 30, 30, 30, 29, 29, 29, 29, 29, 29, 29, 29, 29, 29, 29, 29, 29, 29, 29, 29, 29, 29, 29, 29, 29, 29, 29, 29, 29, 29, 29, 29, 29, 29, 29, 29, 29, 29, 29, 29, 29, 29, 29, 29, 29, 29, 29, 29, 29, 29, 29, 29, 29, 29, 29, 29, 29, 29, 29, 29, 29, 29, 29, 29, 29, 29, 29, 29, 29, 29, 29, 29, 29, 29, 29, 29, 29, 29, 29, 29, 29, 29, 29, 29, 29, 29, 29, 29, 29, 29, 29, 29, 29, 29, 29, 29, 29, 29, 29, 29, 29, 29, 29, 29, 29, 29, 29]",28.78592878592879,"[32.93050193050193, 32.93221793221793, 32.93865293865294, 32.93221793221793, 32.923208923208925, 32.93736593736593, 32.93693693693694, 32.92621192621193, 32.92921492921493, 32.93135993135993, 32.92406692406692, 32.93307593307593, 32.92664092664093, 32.93178893178893, 32.917631917631915, 32.91591591591592, 32.923637923637926, 32.925353925353924, 32.9064779064779, 32.910338910338915, 32.915486915486916, 32.909480909480905, 32.91248391248391, 32.92235092235092, 32.912912912912915, 32.91377091377091, 32.91891891891892, 32.915486915486916, 32.91162591162591, 32.91891891891892, 32.91462891462891, 32.90561990561991, 32.91462891462891, 32.902187902187904, 32.89360789360789, 32.9013299013299, 32.898755898755894, 32.899184899184895, 32.905190905190906, 32.91377091377091, 32.907335907335906, 32.90776490776491, 32.8978978978979, 32.8983268983269, 31.912912912912915, 30.903474903474905, 30.905619905619904, 30.91033891033891, 30.91119691119691, 30.913770913770914, 29.915486915486913, 29.91119691119691, 29.91634491634492, 29.9034749034749, 29.9047619047619, 29.901329901329902, 29.907335907335906, 29.908622908622906, 29.90819390819391, 29.904761904761905, 29.9043329043329, 29.903903903903903, 28.91076791076791, 28.91033891033891, 28.8987558987559, 28.894894894894893, 28.901758901758896, 28.9009009009009, 28.905190905190906, 28.91076791076791, 28.908622908622906, 28.905190905190903, 28.906477906477903, 28.901758901758903, 28.907764907764907, 28.899184899184903, 28.8978978978979, 28.891891891891888, 28.900471900471903, 28.89274989274989, 28.89317889317889, 28.897897897897895, 28.89274989274989, 28.88803088803089, 28.886743886743886, 28.894894894894893, 28.89017589017589, 28.88331188331188, 28.87902187902188, 28.883740883740884, 28.884598884598887, 28.88245388245388, 28.880308880308874, 28.88030888030888, 28.87816387816388, 28.87172887172887, 28.876018876018875, 28.86915486915487, 28.865722865722866, 28.864435864435862, 28.86915486915487, 28.858429858429858, 28.849849849849853, 28.848991848991847, 28.852852852852852, 28.849849849849846, 28.855426855426856, 28.85971685971686, 28.85885885885886, 28.84942084942085, 28.854997854997855, 28.84984984984985, 28.854568854568853, 28.864435864435865, 28.84813384813385, 28.846846846846848, 28.84984984984985, 28.846417846417847, 28.847275847275846, 28.851565851565848, 28.853281853281853, 28.847275847275846, 28.84598884598885, 28.848133848133852, 28.82925782925783, 28.835692835692836, 28.835692835692836, 28.826683826683826, 28.833976833976838, 28.83097383097383, 28.827970827970823, 28.832260832260832, 28.824967824967825, 28.823680823680824, 28.828399828399828, 28.827970827970827, 28.83054483054483, 28.82067782067782, 28.818961818961817, 28.81724581724582, 28.80780780780781, 28.817245817245816, 28.805662805662802, 28.800085800085796, 28.806091806091803, 28.805233805233808, 28.804375804375802, 28.78807378807379, 28.79064779064779, 28.78721578721579, 28.8005148005148, 28.786357786357787, 28.770055770055766, 28.796224796224795, 28.78120978120978, 28.799227799227797, 28.78464178464178, 28.78635778635779, 28.79236379236379, 28.792792792792792, 28.788931788931787, 28.79021879021879, 28.77863577863578, 28.78292578292578, 28.78592878592879]",0.9086435654191333,0.9310069431026265,29,"[33, 33, 33, 33, 33, 33, 33, 33, 33, 33, 33, 33, 33, 33, 33, 33, 33, 33, 33, 33, 33, 33, 33, 33, 33, 33, 33, 33, 33, 33, 33, 33, 33, 33, 33, 33, 33, 33, 33, 33, 33, 33, 33, 33, 32, 31, 31, 31, 31, 31, 30, 30, 30, 30, 30, 30, 30, 30, 30, 30, 30, 30, 29, 29, 29, 29, 29, 29, 29, 29, 29, 29, 29, 29, 29, 29, 29, 29, 29, 29, 29, 29, 29, 29, 29, 29, 29, 29, 29, 29, 29, 29, 29, 29, 29, 29, 29, 29, 29, 29, 29, 29, 29, 29, 29, 29, 29, 29, 29, 29, 29, 29, 29, 29, 29, 29, 29, 29, 29, 29, 29, 29, 29, 29, 29, 29, 29, 29, 29, 29, 29, 29, 29, 29, 29, 29, 29, 29, 29, 29, 29, 29, 29, 29, 29, 29, 29, 29, 29, 29, 29, 29, 29, 29, 29, 29, 29, 29, 29, 29, 29, 29, 29, 29, 29]",165,"[0.39425069093704224, 0.3849722146987915, 0.378121942281723, 0.3735935688018799, 0.3694886267185211, 0.36431148648262024, 0.36024120450019836, 0.35614022612571716, 0.3534294366836548, 0.3460352420806885, 0.34146732091903687, 0.3358599841594696, 0.33213919401168823, 0.3256639540195465, 0.3200305700302124, 0.31392306089401245, 0.30853551626205444, 0.302528977394104, 0.29850929975509644, 0.2927294075489044, 0.288141131401062, 0.28378716111183167, 0.28040993213653564, 0.27644097805023193, 0.2739366292953491, 0.27058282494544983, 0.26731929183006287, 0.26669037342071533, 0.26451563835144043, 0.2594636082649231, 0.25892436504364014, 0.25360214710235596, 0.2522435188293457, 0.24916696548461914, 0.2487182468175888, 0.24573753774166107, 0.24702318012714386, 0.24220964312553406, 0.24008135497570038, 0.23914198577404022, 0.23781068623065948, 0.23619195818901062, 0.23495055735111237, 0.23296412825584412, 0.23277547955513, 0.23110893368721008, 0.23031650483608246, 0.23064900934696198, 0.2270427644252777, 0.22763539850711823, 0.22760958969593048, 0.22421495616436005, 0.22436073422431946, 0.22280849516391754, 0.22174322605133057, 0.22131837904453278, 0.2228398323059082, 0.22152183949947357, 0.21897441148757935, 0.21871013939380646, 0.2184951901435852, 0.21613869071006775, 0.22081641852855682, 0.22029726207256317, 0.2168334573507309, 0.2202194333076477, 0.21867117285728455, 0.2185494750738144, 0.21612657606601715, 0.21581201255321503, 0.21361349523067474, 0.2149183303117752, 0.21618251502513885, 0.21581918001174927, 0.21196269989013672, 0.21315643191337585, 0.20889835059642792, 0.20855657756328583, 0.21071667969226837, 0.20981170237064362, 0.20942191779613495, 0.21041129529476166, 0.21172885596752167, 0.20893721282482147, 0.20892389118671417, 0.20631441473960876, 0.2084439992904663, 0.20570756494998932, 0.20462214946746826, 0.20936298370361328, 0.2020946443080902, 0.20159317553043365, 0.20108714699745178, 0.19993934035301208, 0.2015799880027771, 0.20226937532424927, 0.20183807611465454, 0.1991150826215744, 0.20226991176605225, 0.20840990543365479, 0.19750337302684784, 0.19906944036483765, 0.20060832798480988, 0.20201976597309113, 0.19914580881595612, 0.19611679017543793, 0.20000194013118744, 0.19826529920101166, 0.1973857879638672, 0.19598142802715302, 0.19465535879135132, 0.1971583217382431, 0.19362467527389526, 0.19885334372520447, 0.1935473382472992, 0.19655893743038177, 0.19609655439853668, 0.19828279316425323, 0.1906723976135254, 0.19278950989246368, 0.19492946565151215, 0.19329828023910522, 0.19209033250808716, 0.19205579161643982, 0.1950194388628006, 0.19676589965820312, 0.1960069090127945, 0.19426126778125763, 0.19806857407093048, 0.19095952808856964, 0.1980799287557602, 0.19269989430904388, 0.19733421504497528, 0.19590841233730316, 0.1896076202392578, 0.19388450682163239, 0.19998906552791595, 0.19236032664775848, 0.19456741213798523, 0.19800136983394623, 0.19199523329734802, 0.18966268002986908, 0.19592340290546417, 0.1894821971654892, 0.19419465959072113, 0.19959749281406403, 0.19549819827079773, 0.19017350673675537, 0.18975591659545898, 0.19590574502944946, 0.1900365948677063, 0.19502002000808716, 0.19152264297008514, 0.19820508360862732, 0.19182075560092926, 0.20432056486606598, 0.1937243640422821, 0.19311510026454926, 0.1922469288110733, 0.1905892938375473, 0.1920517534017563, 0.192499577999115, 0.1938663274049759, 0.20067039132118225, 0.1997210532426834]",29.0,"[33.0, 33.0, 33.0, 33.0, 33.0, 33.0, 33.0, 33.0, 33.0, 33.0, 33.0, 33.0, 33.0, 33.0, 33.0, 33.0, 33.0, 33.0, 33.0, 33.0, 33.0, 33.0, 33.0, 33.0, 33.0, 33.0, 33.0, 33.0, 33.0, 33.0, 33.0, 33.0, 33.0, 33.0, 33.0, 33.0, 33.0, 33.0, 33.0, 33.0, 33.0, 33.0, 33.0, 33.0, 32.0, 31.0, 31.0, 31.0, 31.0, 31.0, 30.0, 30.0, 30.0, 30.0, 30.0, 30.0, 30.0, 30.0, 30.0, 30.0, 30.0, 30.0, 29.0, 29.0, 29.0, 29.0, 29.0, 29.0, 29.0, 29.0, 29.0, 29.0, 29.0, 29.0, 29.0, 29.0, 29.0, 29.0, 29.0, 29.0, 29.0, 29.0, 29.0, 29.0, 29.0, 29.0, 29.0, 29.0, 29.0, 29.0, 29.0, 29.0, 29.0, 29.0, 29.0, 29.0, 29.0, 29.0, 29.0, 29.0, 29.0, 29.0, 29.0, 29.0, 29.0, 29.0, 29.0, 29.0, 29.0, 29.0, 29.0, 29.0, 29.0, 29.0, 29.0, 29.0, 29.0, 29.0, 29.0, 29.0, 29.0, 29.0, 29.0, 29.0, 29.0, 29.0, 29.0, 29.0, 29.0, 29.0, 29.0, 29.0, 29.0, 29.0, 29.0, 29.0, 29.0, 29.0, 29.0, 29.0, 29.0, 29.0, 29.0, 29.0, 29.0, 29.0, 29.0, 29.0, 29.0, 29.0, 29.0, 29.0, 29.0, 29.0, 29.0, 29.0, 29.0, 29.0, 29.0, 29.0, 29.0, 29.0, 29.0, 29.0, 29.0]",COMPLETE
