,number,value,datetime_start,datetime_complete,duration,params_batch_size_scaler,params_constant_learning_rate,params_depth,params_epochs,params_kernel_l2,params_num_trees,params_temperature,user_attrs_accuracy_test,user_attrs_accuracy_valid,user_attrs_approximate_feature_sparsity,user_attrs_approximate_feature_sparsity_history,user_attrs_approximate_weight_sparsity,user_attrs_approximate_weight_sparsity_history,user_attrs_auc_test,user_attrs_auc_valid,user_attrs_feature_sparsity,user_attrs_feature_sparsity_history,user_attrs_num_epochs,user_attrs_val_loss_history,user_attrs_weight_sparsity,user_attrs_weight_sparsity_history,state
110,110,0.5,2024-08-31 04:46:19.625167,2024-08-31 04:46:38.995821,0 days 00:00:19.370654,1,0.5767310416973295,2,45,0.0056157400275547815,1,0.0003536962842586001,0.859,0.85875,0,"[1, 1, 1, 1, 1, 1, 1, 1, 1, 1, 0, 0, 0, 0, 0, 0, 0, 0, 0, 0, 0, 0, 0, 0, 0, 0, 0, 0, 0, 0, 0, 0, 0, 0, 0, 0, 0, 0, 0, 0, 0, 0, 0, 0, 0]",0.0,"[1.0, 1.0, 1.0, 1.0, 1.0, 1.0, 1.0, 1.0, 1.0, 1.0, 0.0, 0.0, 0.0, 0.0, 0.0, 0.0, 0.0, 0.0, 0.0, 0.0, 0.0, 0.0, 0.0, 0.0, 0.0, 0.0, 0.0, 0.0, 0.0, 0.0, 0.0, 0.0, 0.0, 0.0, 0.0, 0.0, 0.0, 0.0, 0.0, 0.0, 0.0, 0.0, 0.0, 0.0, 0.0]",0.5,0.5,0,"[1, 1, 1, 1, 1, 1, 1, 1, 1, 1, 0, 0, 0, 0, 0, 0, 0, 0, 0, 0, 0, 0, 0, 0, 0, 0, 0, 0, 0, 0, 0, 0, 0, 0, 0, 0, 0, 0, 0, 0, 0, 0, 0, 0, 0]",45,"[0.3877907991409302, 0.37110915780067444, 0.367965966463089, 0.3661147356033325, 0.36910340189933777, 0.36472442746162415, 0.3654630780220032, 0.3637359142303467, 0.3639984130859375, 0.3701765835285187, 0.4085805416107178, 0.40756821632385254, 0.4074416756629944, 0.409534752368927, 0.4084479510784149, 0.4075279235839844, 0.40800806879997253, 0.4073253870010376, 0.40725722908973694, 0.40723052620887756, 0.40731707215309143, 0.4072508215904236, 0.40764036774635315, 0.4076354205608368, 0.407349169254303, 0.4079735577106476, 0.4072563052177429, 0.40828800201416016, 0.4073004424571991, 0.40727999806404114, 0.40723878145217896, 0.4079313278198242, 0.4072466790676117, 0.4074648320674896, 0.40797874331474304, 0.40722861886024475, 0.4091813564300537, 0.40726032853126526, 0.40734362602233887, 0.4093921184539795, 0.40727752447128296, 0.41017231345176697, 0.4078150987625122, 0.4073120951652527, 0.4074040651321411]",0.0,"[1.0, 1.0, 1.0, 1.0, 1.0, 1.0, 1.0, 1.0, 1.0, 1.0, 0.0, 0.0, 0.0, 0.0, 0.0, 0.0, 0.0, 0.0, 0.0, 0.0, 0.0, 0.0, 0.0, 0.0, 0.0, 0.0, 0.0, 0.0, 0.0, 0.0, 0.0, 0.0, 0.0, 0.0, 0.0, 0.0, 0.0, 0.0, 0.0, 0.0, 0.0, 0.0, 0.0, 0.0, 0.0]",COMPLETE
111,111,0.5,2024-08-31 04:46:41.094739,2024-08-31 04:47:10.384483,0 days 00:00:29.289744,16,2.0905743938412242,1,330,0.23150061222116539,41,0.0011993929976415905,0.859,0.85875,0,"[33, 20, 6, 5, 4, 1, 1, 0, 0, 0, 0, 0, 0, 0, 0, 0, 0, 0, 0, 0, 0, 0, 0, 0, 0, 0, 0, 0, 0, 0, 0, 0, 0, 0, 0, 0, 0, 0, 0, 0, 0, 0, 0, 0, 0, 0, 0, 0, 0, 0, 0, 0, 0, 0, 0, 0, 0, 0, 0, 0, 0, 0, 0, 0, 0, 0, 0, 0, 0, 0, 0, 0, 0, 0, 0, 0, 0, 0, 0, 0, 0, 0, 0, 0, 0, 0, 0, 0, 0, 0, 0, 0, 0, 0, 0, 0, 0, 0, 0, 0, 0, 0, 0, 0, 0, 0, 0, 0, 0, 0, 0, 0, 0, 0, 0, 0, 0, 0, 0, 0, 0, 0, 0, 0, 0, 0, 0, 0, 0, 0, 0, 0, 0, 0, 0, 0, 0, 0, 0, 0, 0, 0, 0, 0, 0, 0, 0, 0, 0, 0, 0, 0, 0, 0, 0, 0, 0, 0, 0, 0, 0, 0, 0, 0, 0, 0, 0, 0, 0, 0, 0, 0, 0, 0, 0, 0, 0, 0, 0, 0, 0, 0, 0, 0, 0, 0, 0, 0, 0, 0, 0, 0, 0, 0, 0, 0, 0, 0, 0, 0, 0, 0, 0, 0, 0, 0, 0, 0, 0, 0, 0, 0, 0, 0, 0, 0, 0, 0, 0, 0, 0, 0, 0, 0, 0, 0, 0, 0, 0, 0, 0, 0, 0, 0, 0, 0, 0, 0, 0, 0, 0, 0, 0, 0, 0, 0, 0, 0, 0, 0, 0, 0, 0, 0, 0, 0, 0, 0, 0, 0, 0, 0, 0, 0, 0, 0, 0, 0, 0, 0, 0, 0, 0, 0, 0, 0, 0, 0, 0, 0, 0, 0, 0, 0, 0, 0, 0, 0, 0, 0, 0, 0, 0, 0, 0, 0, 0, 0, 0, 0, 0, 0, 0, 0, 0, 0, 0, 0, 0, 0, 0, 0, 0, 0, 0, 0, 0, 0, 0, 0, 0, 0, 0, 0, 0, 0, 0, 0, 0, 0]",0.0,"[33.0, 20.0, 6.0, 5.0, 4.0, 1.0, 1.0, 0.0, 0.0, 0.0, 0.0, 0.0, 0.0, 0.0, 0.0, 0.0, 0.0, 0.0, 0.0, 0.0, 0.0, 0.0, 0.0, 0.0, 0.0, 0.0, 0.0, 0.0, 0.0, 0.0, 0.0, 0.0, 0.0, 0.0, 0.0, 0.0, 0.0, 0.0, 0.0, 0.0, 0.0, 0.0, 0.0, 0.0, 0.0, 0.0, 0.0, 0.0, 0.0, 0.0, 0.0, 0.0, 0.0, 0.0, 0.0, 0.0, 0.0, 0.0, 0.0, 0.0, 0.0, 0.0, 0.0, 0.0, 0.0, 0.0, 0.0, 0.0, 0.0, 0.0, 0.0, 0.0, 0.0, 0.0, 0.0, 0.0, 0.0, 0.0, 0.0, 0.0, 0.0, 0.0, 0.0, 0.0, 0.0, 0.0, 0.0, 0.0, 0.0, 0.0, 0.0, 0.0, 0.0, 0.0, 0.0, 0.0, 0.0, 0.0, 0.0, 0.0, 0.0, 0.0, 0.0, 0.0, 0.0, 0.0, 0.0, 0.0, 0.0, 0.0, 0.0, 0.0, 0.0, 0.0, 0.0, 0.0, 0.0, 0.0, 0.0, 0.0, 0.0, 0.0, 0.0, 0.0, 0.0, 0.0, 0.0, 0.0, 0.0, 0.0, 0.0, 0.0, 0.0, 0.0, 0.0, 0.0, 0.0, 0.0, 0.0, 0.0, 0.0, 0.0, 0.0, 0.0, 0.0, 0.0, 0.0, 0.0, 0.0, 0.0, 0.0, 0.0, 0.0, 0.0, 0.0, 0.0, 0.0, 0.0, 0.0, 0.0, 0.0, 0.0, 0.0, 0.0, 0.0, 0.0, 0.0, 0.0, 0.0, 0.0, 0.0, 0.0, 0.0, 0.0, 0.0, 0.0, 0.0, 0.0, 0.0, 0.0, 0.0, 0.0, 0.0, 0.0, 0.0, 0.0, 0.0, 0.0, 0.0, 0.0, 0.0, 0.0, 0.0, 0.0, 0.0, 0.0, 0.0, 0.0, 0.0, 0.0, 0.0, 0.0, 0.0, 0.0, 0.0, 0.0, 0.0, 0.0, 0.0, 0.0, 0.0, 0.0, 0.0, 0.0, 0.0, 0.0, 0.0, 0.0, 0.0, 0.0, 0.0, 0.0, 0.0, 0.0, 0.0, 0.0, 0.0, 0.0, 0.0, 0.0, 0.0, 0.0, 0.0, 0.0, 0.0, 0.0, 0.0, 0.0, 0.0, 0.0, 0.0, 0.0, 0.0, 0.0, 0.0, 0.0, 0.0, 0.0, 0.0, 0.0, 0.0, 0.0, 0.0, 0.0, 0.0, 0.0, 0.0, 0.0, 0.0, 0.0, 0.0, 0.0, 0.0, 0.0, 0.0, 0.0, 0.0, 0.0, 0.0, 0.0, 0.0, 0.0, 0.0, 0.0, 0.0, 0.0, 0.0, 0.0, 0.0, 0.0, 0.0, 0.0, 0.0, 0.0, 0.0, 0.0, 0.0, 0.0, 0.0, 0.0, 0.0, 0.0, 0.0, 0.0, 0.0, 0.0, 0.0, 0.0, 0.0, 0.0, 0.0, 0.0, 0.0, 0.0, 0.0, 0.0, 0.0, 0.0, 0.0, 0.0, 0.0, 0.0, 0.0, 0.0, 0.0, 0.0, 0.0, 0.0, 0.0, 0.0, 0.0, 0.0, 0.0, 0.0, 0.0, 0.0, 0.0, 0.0, 0.0, 0.0]",0.5,0.5,0,"[33, 20, 6, 5, 4, 1, 1, 0, 0, 0, 0, 0, 0, 0, 0, 0, 0, 0, 0, 0, 0, 0, 0, 0, 0, 0, 0, 0, 0, 0, 0, 0, 0, 0, 0, 0, 0, 0, 0, 0, 0, 0, 0, 0, 0, 0, 0, 0, 0, 0, 0, 0, 0, 0, 0, 0, 0, 0, 0, 0, 0, 0, 0, 0, 0, 0, 0, 0, 0, 0, 0, 0, 0, 0, 0, 0, 0, 0, 0, 0, 0, 0, 0, 0, 0, 0, 0, 0, 0, 0, 0, 0, 0, 0, 0, 0, 0, 0, 0, 0, 0, 0, 0, 0, 0, 0, 0, 0, 0, 0, 0, 0, 0, 0, 0, 0, 0, 0, 0, 0, 0, 0, 0, 0, 0, 0, 0, 0, 0, 0, 0, 0, 0, 0, 0, 0, 0, 0, 0, 0, 0, 0, 0, 0, 0, 0, 0, 0, 0, 0, 0, 0, 0, 0, 0, 0, 0, 0, 0, 0, 0, 0, 0, 0, 0, 0, 0, 0, 0, 0, 0, 0, 0, 0, 0, 0, 0, 0, 0, 0, 0, 0, 0, 0, 0, 0, 0, 0, 0, 0, 0, 0, 0, 0, 0, 0, 0, 0, 0, 0, 0, 0, 0, 0, 0, 0, 0, 0, 0, 0, 0, 0, 0, 0, 0, 0, 0, 0, 0, 0, 0, 0, 0, 0, 0, 0, 0, 0, 0, 0, 0, 0, 0, 0, 0, 0, 0, 0, 0, 0, 0, 0, 0, 0, 0, 0, 0, 0, 0, 0, 0, 0, 0, 0, 0, 0, 0, 0, 0, 0, 0, 0, 0, 0, 0, 0, 0, 0, 0, 0, 0, 0, 0, 0, 0, 0, 0, 0, 0, 0, 0, 0, 0, 0, 0, 0, 0, 0, 0, 0, 0, 0, 0, 0, 0, 0, 0, 0, 0, 0, 0, 0, 0, 0, 0, 0, 0, 0, 0, 0, 0, 0, 0, 0, 0, 0, 0, 0, 0, 0, 0, 0, 0, 0, 0, 0, 0, 0, 0, 0]",330,"[1.1396080255508423, 1.0995495319366455, 5.62197732925415, 3.082279682159424, 2.141063690185547, 4.779813289642334, 6.355012893676758, 7.427046298980713, 1.5876693725585938, 4.243321418762207, 5.599730968475342, 1.5191248655319214, 4.143456935882568, 6.229959487915039, 7.941119194030762, 9.628957748413086, 5.254446506500244, 0.9353567361831665, 2.7680983543395996, 4.821200370788574, 6.286468505859375, 7.618725776672363, 9.225980758666992, 1.3543368577957153, 1.2965763807296753, 3.3658673763275146, 6.424553871154785, 8.265560150146484, 9.91970443725586, 9.700078964233398, 0.9407798647880554, 7.912854194641113, 9.162500381469727, 1.6934521198272705, 4.726476192474365, 6.542105674743652, 6.747440338134766, 7.772455215454102, 9.616625785827637, 2.048975944519043, 3.7247040271759033, 0.8986336588859558, 2.562251091003418, 4.647067070007324, 4.358983039855957, 5.7301740646362305, 9.796399116516113, 0.8555291891098022, 3.0898053646087646, 4.526102066040039, 4.347043991088867, 6.056654453277588, 7.341576099395752, 1.4011635780334473, 2.827151298522949, 9.540406227111816, 5.538569450378418, 1.2991424798965454, 3.1621224880218506, 6.3752946853637695, 8.08896255493164, 9.632537841796875, 3.534088134765625, 0.8331655263900757, 8.952738761901855, 5.102376937866211, 5.540814399719238, 1.6430000066757202, 2.926220417022705, 1.8320215940475464, 0.4095129370689392, 8.403007507324219, 0.4084410071372986, 3.394411087036133, 0.9895272254943848, 2.901796817779541, 3.866983413696289, 0.8721379041671753, 1.9381065368652344, 9.490906715393066, 5.5219526290893555, 0.8762879371643066, 3.0082755088806152, 9.922840118408203, 1.4357975721359253, 9.730111122131348, 11.590760231018066, 6.185499668121338, 6.754882335662842, 8.474787712097168, 4.513359546661377, 5.987058162689209, 6.6430745124816895, 3.0816500186920166, 2.0160629749298096, 3.387817621231079, 7.661291599273682, 10.028459548950195, 1.4066760540008545, 0.9224499464035034, 9.560861587524414, 5.5065226554870605, 0.9005939960479736, 2.393744707107544, 4.132268905639648, 9.59079360961914, 1.128595232963562, 3.0623769760131836, 3.8351168632507324, 0.9232009649276733, 9.638116836547852, 4.283320426940918, 1.1544166803359985, 1.8597890138626099, 3.8126015663146973, 5.036931991577148, 9.384973526000977, 1.5263558626174927, 3.8500442504882812, 8.96706485748291, 6.385735034942627, 1.047946810722351, 1.3122738599777222, 2.8223395347595215, 5.873976230621338, 7.6698784828186035, 9.843629837036133, 8.156434059143066, 0.49875935912132263, 2.031424045562744, 9.390047073364258, 6.3671464920043945, 2.7307207584381104, 9.66051197052002, 2.5251922607421875, 4.3308210372924805, 6.0997796058654785, 1.294040560722351, 1.9615098237991333, 3.9067270755767822, 7.748753547668457, 2.489403009414673, 1.2159852981567383, 6.392474174499512, 7.298495292663574, 9.541054725646973, 3.6236488819122314, 5.237936496734619, 1.4100847244262695, 9.769561767578125, 7.624202728271484, 9.523638725280762, 9.481034278869629, 0.5196117162704468, 2.237992763519287, 9.341480255126953, 0.419838547706604, 3.7496883869171143, 8.792996406555176, 6.112812519073486, 0.9137736558914185, 2.0185177326202393, 5.980440616607666, 7.335043907165527, 3.2350573539733887, 0.5317061543464661, 2.7154603004455566, 3.53950572013855, 6.823643684387207, 7.293881893157959, 9.540114402770996, 9.772612571716309, 6.635424613952637, 7.879148006439209, 5.895504951477051, 7.699456214904785, 9.853042602539062, 0.8120988607406616, 1.882567286491394, 1.4231009483337402, 2.898228406906128, 4.347636699676514, 5.869803428649902, 7.696795463562012, 8.763667106628418, 3.8912124633789062, 7.924736976623535, 9.438567161560059, 1.7729856967926025, 4.5085248947143555, 5.641782283782959, 3.0076677799224854, 0.8878653645515442, 2.6487197875976562, 3.4064886569976807, 7.730485439300537, 9.609281539916992, 8.576942443847656, 1.1230592727661133, 0.66703200340271, 3.098620653152466, 6.543439865112305, 7.257260799407959, 4.944451332092285, 2.781956434249878, 3.56868839263916, 0.46222901344299316, 0.5392605066299438, 6.192560195922852, 4.204556465148926, 0.8036743998527527, 2.716784954071045, 4.3521013259887695, 6.2154622077941895, 8.245368003845215, 1.7841441631317139, 2.931553840637207, 1.7882064580917358, 3.8687610626220703, 4.179336071014404, 6.900020122528076, 2.6703765392303467, 4.386658191680908, 9.804245948791504, 3.460554599761963, 0.9258913397789001, 2.17848801612854, 5.649474620819092, 4.7537031173706055, 8.305952072143555, 1.1725716590881348, 2.234107732772827, 6.65646505355835, 8.157072067260742, 9.922087669372559, 1.9364941120147705, 0.5206830501556396, 3.650941848754883, 5.866281509399414, 4.870115280151367, 5.528028964996338, 5.504554271697998, 0.5935909748077393, 2.3763630390167236, 4.306311130523682, 5.852313041687012, 5.200119495391846, 2.1432111263275146, 3.673818588256836, 0.972321093082428, 9.410364151000977, 3.9591121673583984, 1.379308819770813, 3.3053269386291504, 5.621606826782227, 5.0014119148254395, 5.5459885597229, 3.229782819747925, 9.65332317352295, 3.1676056385040283, 1.2370182275772095, 8.768566131591797, 0.8786984086036682, 1.6764707565307617, 0.916026771068573, 4.399567127227783, 0.9345841407775879, 3.087292432785034, 0.6477277874946594, 2.5965209007263184, 2.3119099140167236, 4.654605388641357, 6.340424060821533, 8.217353820800781, 9.760309219360352, 1.5883160829544067, 1.2658202648162842, 2.674567461013794, 5.2309770584106445, 3.57730770111084, 3.392610788345337, 2.5284159183502197, 4.305216312408447, 1.9198009967803955, 0.427816241979599, 4.158847808837891, 5.508863925933838, 9.41858959197998, 3.388838768005371, 1.1581575870513916, 0.7422512769699097, 9.086166381835938, 1.153651475906372, 2.3113908767700195, 1.2616709470748901, 2.4143776893615723, 6.173892974853516, 7.5690484046936035, 4.222491264343262, 9.25002670288086, 5.332469463348389, 0.9569873213768005, 8.944894790649414, 1.1192638874053955, 2.0721817016601562, 8.023138999938965, 7.773489475250244, 1.495003342628479, 4.144459247589111, 5.933331489562988, 7.564187526702881, 9.651616096496582, 2.905967950820923, 6.82853889465332, 0.599714457988739, 2.637640953063965, 5.048138618469238, 1.5956811904907227, 2.9678680896759033, 6.353435039520264, 3.887300491333008, 1.0181586742401123, 2.8672921657562256, 4.993508815765381, 6.136836528778076, 7.638921737670898, 4.943127632141113, 1.4564881324768066, 1.4262211322784424, 2.3741543292999268]",0.0,"[33.0, 20.0, 6.0, 5.0, 4.0, 1.0, 1.0, 0.0, 0.0, 0.0, 0.0, 0.0, 0.0, 0.0, 0.0, 0.0, 0.0, 0.0, 0.0, 0.0, 0.0, 0.0, 0.0, 0.0, 0.0, 0.0, 0.0, 0.0, 0.0, 0.0, 0.0, 0.0, 0.0, 0.0, 0.0, 0.0, 0.0, 0.0, 0.0, 0.0, 0.0, 0.0, 0.0, 0.0, 0.0, 0.0, 0.0, 0.0, 0.0, 0.0, 0.0, 0.0, 0.0, 0.0, 0.0, 0.0, 0.0, 0.0, 0.0, 0.0, 0.0, 0.0, 0.0, 0.0, 0.0, 0.0, 0.0, 0.0, 0.0, 0.0, 0.0, 0.0, 0.0, 0.0, 0.0, 0.0, 0.0, 0.0, 0.0, 0.0, 0.0, 0.0, 0.0, 0.0, 0.0, 0.0, 0.0, 0.0, 0.0, 0.0, 0.0, 0.0, 0.0, 0.0, 0.0, 0.0, 0.0, 0.0, 0.0, 0.0, 0.0, 0.0, 0.0, 0.0, 0.0, 0.0, 0.0, 0.0, 0.0, 0.0, 0.0, 0.0, 0.0, 0.0, 0.0, 0.0, 0.0, 0.0, 0.0, 0.0, 0.0, 0.0, 0.0, 0.0, 0.0, 0.0, 0.0, 0.0, 0.0, 0.0, 0.0, 0.0, 0.0, 0.0, 0.0, 0.0, 0.0, 0.0, 0.0, 0.0, 0.0, 0.0, 0.0, 0.0, 0.0, 0.0, 0.0, 0.0, 0.0, 0.0, 0.0, 0.0, 0.0, 0.0, 0.0, 0.0, 0.0, 0.0, 0.0, 0.0, 0.0, 0.0, 0.0, 0.0, 0.0, 0.0, 0.0, 0.0, 0.0, 0.0, 0.0, 0.0, 0.0, 0.0, 0.0, 0.0, 0.0, 0.0, 0.0, 0.0, 0.0, 0.0, 0.0, 0.0, 0.0, 0.0, 0.0, 0.0, 0.0, 0.0, 0.0, 0.0, 0.0, 0.0, 0.0, 0.0, 0.0, 0.0, 0.0, 0.0, 0.0, 0.0, 0.0, 0.0, 0.0, 0.0, 0.0, 0.0, 0.0, 0.0, 0.0, 0.0, 0.0, 0.0, 0.0, 0.0, 0.0, 0.0, 0.0, 0.0, 0.0, 0.0, 0.0, 0.0, 0.0, 0.0, 0.0, 0.0, 0.0, 0.0, 0.0, 0.0, 0.0, 0.0, 0.0, 0.0, 0.0, 0.0, 0.0, 0.0, 0.0, 0.0, 0.0, 0.0, 0.0, 0.0, 0.0, 0.0, 0.0, 0.0, 0.0, 0.0, 0.0, 0.0, 0.0, 0.0, 0.0, 0.0, 0.0, 0.0, 0.0, 0.0, 0.0, 0.0, 0.0, 0.0, 0.0, 0.0, 0.0, 0.0, 0.0, 0.0, 0.0, 0.0, 0.0, 0.0, 0.0, 0.0, 0.0, 0.0, 0.0, 0.0, 0.0, 0.0, 0.0, 0.0, 0.0, 0.0, 0.0, 0.0, 0.0, 0.0, 0.0, 0.0, 0.0, 0.0, 0.0, 0.0, 0.0, 0.0, 0.0, 0.0, 0.0, 0.0, 0.0, 0.0, 0.0, 0.0, 0.0, 0.0, 0.0, 0.0, 0.0, 0.0, 0.0, 0.0, 0.0, 0.0, 0.0, 0.0, 0.0, 0.0, 0.0, 0.0, 0.0, 0.0, 0.0, 0.0, 0.0, 0.0]",COMPLETE
112,112,0.5,2024-08-31 04:47:12.882119,2024-08-31 04:47:29.333645,0 days 00:00:16.451526,64,1.3786508670535325,3,125,0.0015653944190600724,60,0.028701915929574846,0.141,0.14125,0,"[33, 33, 0, 0, 0, 0, 0, 0, 0, 0, 0, 0, 0, 0, 0, 0, 0, 0, 0, 0, 0, 0, 0, 0, 0, 0, 0, 0, 0, 0, 0, 0, 0, 0, 0, 0, 0, 0, 0, 0, 0, 0, 0, 0, 0, 0, 0, 0, 0, 0, 0, 0, 0, 0, 0, 0, 0, 0, 0, 0, 0, 0, 0, 0, 0, 0, 0, 0, 0, 0, 0, 0, 0, 0, 0, 0, 0, 0, 0, 0, 0, 0, 0, 0, 0, 0, 0, 0, 0, 0, 0, 0, 0, 0, 0, 0, 0, 0, 0, 0, 0, 0, 0, 0, 0, 0, 0, 0, 0, 0, 0, 0, 0, 0, 0, 0, 0, 0, 0, 0, 0, 0, 0, 0, 0]",0.0,"[32.97857142857143, 32.96190476190476, 0.0, 0.0, 0.0, 0.0, 0.0, 0.0, 0.0, 0.0, 0.0, 0.0, 0.0, 0.0, 0.0, 0.0, 0.0, 0.0, 0.0, 0.0, 0.0, 0.0, 0.0, 0.0, 0.0, 0.0, 0.0, 0.0, 0.0, 0.0, 0.0, 0.0, 0.0, 0.0, 0.0, 0.0, 0.0, 0.0, 0.0, 0.0, 0.0, 0.0, 0.0, 0.0, 0.0, 0.0, 0.0, 0.0, 0.0, 0.0, 0.0, 0.0, 0.0, 0.0, 0.0, 0.0, 0.0, 0.0, 0.0, 0.0, 0.0, 0.0, 0.0, 0.0, 0.0, 0.0, 0.0, 0.0, 0.0, 0.0, 0.0, 0.0, 0.0, 0.0, 0.0, 0.0, 0.0, 0.0, 0.0, 0.0, 0.0, 0.0, 0.0, 0.0, 0.0, 0.0, 0.0, 0.0, 0.0, 0.0, 0.0, 0.0, 0.0, 0.0, 0.0, 0.0, 0.0, 0.0, 0.0, 0.0, 0.0, 0.0, 0.0, 0.0, 0.0, 0.0, 0.0, 0.0, 0.0, 0.0, 0.0, 0.0, 0.0, 0.0, 0.0, 0.0, 0.0, 0.0, 0.0, 0.0, 0.0, 0.0, 0.0, 0.0, 0.0]",0.5,0.5,0,"[33, 33, 0, 0, 0, 0, 0, 0, 0, 0, 0, 0, 0, 0, 0, 0, 0, 0, 0, 0, 0, 0, 0, 0, 0, 0, 0, 0, 0, 0, 0, 0, 0, 0, 0, 0, 0, 0, 0, 0, 0, 0, 0, 0, 0, 0, 0, 0, 0, 0, 0, 0, 0, 0, 0, 0, 0, 0, 0, 0, 0, 0, 0, 0, 0, 0, 0, 0, 0, 0, 0, 0, 0, 0, 0, 0, 0, 0, 0, 0, 0, 0, 0, 0, 0, 0, 0, 0, 0, 0, 0, 0, 0, 0, 0, 0, 0, 0, 0, 0, 0, 0, 0, 0, 0, 0, 0, 0, 0, 0, 0, 0, 0, 0, 0, 0, 0, 0, 0, 0, 0, 0, 0, 0, 0]",125,"[0.39572498202323914, 0.5331261157989502, 0.536893367767334, 0.42907288670539856, 0.6525439620018005, 0.4547010660171509, 0.623256266117096, 0.6027001142501831, 0.4103093445301056, 0.5293905138969421, 0.5750815868377686, 0.42602652311325073, 0.8004597425460815, 0.4295327067375183, 0.4110665023326874, 0.5281197428703308, 0.6860397458076477, 0.4190959930419922, 0.5384870171546936, 0.5345345139503479, 0.41212227940559387, 0.43504077196121216, 0.5149620771408081, 0.5718607306480408, 0.49168503284454346, 0.42184552550315857, 0.4331241548061371, 0.40936875343322754, 0.5228672623634338, 0.5031116604804993, 0.6698456406593323, 0.4128156900405884, 0.4207424819469452, 0.40816208720207214, 0.5341722965240479, 0.45361557602882385, 0.46780848503112793, 0.4076705873012543, 0.4458317458629608, 0.4079039394855499, 0.564383864402771, 0.5730506181716919, 0.5939306020736694, 0.6182490587234497, 0.40736711025238037, 0.4974839687347412, 0.42675894498825073, 0.5049701929092407, 0.5124173760414124, 0.6250081062316895, 0.48350679874420166, 0.40819716453552246, 0.4229097366333008, 0.4463809132575989, 0.46575087308883667, 0.4122525751590729, 0.42490828037261963, 0.4807281494140625, 0.45771118998527527, 0.4083486795425415, 0.42955532670021057, 0.5029047131538391, 0.5173421502113342, 0.42294812202453613, 0.4114576578140259, 0.48669615387916565, 0.4121745228767395, 0.42952919006347656, 0.41080498695373535, 0.48014670610427856, 0.8160805702209473, 0.43524685502052307, 0.4102210998535156, 0.4219282269477844, 0.5511155724525452, 0.5042270421981812, 0.44562649726867676, 0.4150841534137726, 0.41175708174705505, 0.5734343528747559, 0.4884127676486969, 0.41166022419929504, 0.41969069838523865, 0.6671621799468994, 0.4234173595905304, 0.5425712466239929, 0.554588258266449, 0.5590991973876953, 0.7393815517425537, 0.4240436851978302, 0.46761375665664673, 0.49749505519866943, 0.41600513458251953, 0.6731323003768921, 0.4562927484512329, 0.6937026977539062, 0.41057655215263367, 0.4387577176094055, 0.4079272449016571, 0.4726089537143707, 0.42994898557662964, 0.4812600016593933, 0.42573174834251404, 0.408340722322464, 0.4327034056186676, 0.40814200043678284, 0.40979522466659546, 0.7237417697906494, 0.40944838523864746, 0.44652146100997925, 0.5328476428985596, 0.66899573802948, 0.4216769337654114, 0.6089396476745605, 0.7491092085838318, 0.8916544914245605, 0.44932350516319275, 0.42409026622772217, 0.4190111458301544, 0.4089025855064392, 0.42950981855392456, 0.4177273213863373, 0.4450741708278656, 0.4110940992832184, 0.7837516665458679]",0.0,"[33.0, 33.0, 0.0, 0.0, 0.0, 0.0, 0.0, 0.0, 0.0, 0.0, 0.0, 0.0, 0.0, 0.0, 0.0, 0.0, 0.0, 0.0, 0.0, 0.0, 0.0, 0.0, 0.0, 0.0, 0.0, 0.0, 0.0, 0.0, 0.0, 0.0, 0.0, 0.0, 0.0, 0.0, 0.0, 0.0, 0.0, 0.0, 0.0, 0.0, 0.0, 0.0, 0.0, 0.0, 0.0, 0.0, 0.0, 0.0, 0.0, 0.0, 0.0, 0.0, 0.0, 0.0, 0.0, 0.0, 0.0, 0.0, 0.0, 0.0, 0.0, 0.0, 0.0, 0.0, 0.0, 0.0, 0.0, 0.0, 0.0, 0.0, 0.0, 0.0, 0.0, 0.0, 0.0, 0.0, 0.0, 0.0, 0.0, 0.0, 0.0, 0.0, 0.0, 0.0, 0.0, 0.0, 0.0, 0.0, 0.0, 0.0, 0.0, 0.0, 0.0, 0.0, 0.0, 0.0, 0.0, 0.0, 0.0, 0.0, 0.0, 0.0, 0.0, 0.0, 0.0, 0.0, 0.0, 0.0, 0.0, 0.0, 0.0, 0.0, 0.0, 0.0, 0.0, 0.0, 0.0, 0.0, 0.0, 0.0, 0.0, 0.0, 0.0, 0.0, 0.0]",COMPLETE
