,number,value,datetime_start,datetime_complete,duration,params_batch_size_scaler,params_constant_learning_rate,params_depth,params_epochs,params_kernel_l2,params_num_trees,params_temperature,user_attrs_accuracy_test,user_attrs_accuracy_valid,user_attrs_approximate_feature_sparsity,user_attrs_approximate_feature_sparsity_history,user_attrs_approximate_weight_sparsity,user_attrs_approximate_weight_sparsity_history,user_attrs_auc_test,user_attrs_auc_valid,user_attrs_feature_sparsity,user_attrs_feature_sparsity_history,user_attrs_num_epochs,user_attrs_val_loss_history,user_attrs_weight_sparsity,user_attrs_weight_sparsity_history,state
43,43,0.8767760301941235,2024-08-31 02:35:32.113454,2024-08-31 02:38:41.634461,0 days 00:03:09.521007,4,0.1325784516383733,5,70,0.005572442533647233,91,0.0013056765469036987,0.885,0.88125,33,"[33, 33, 33, 33, 33, 33, 33, 33, 33, 33, 33, 33, 33, 33, 33, 33, 33, 33, 33, 33, 33, 33, 33, 33, 33, 33, 33, 33, 33, 33, 33, 33, 33, 33, 33, 33, 33, 33, 33, 33, 33, 33, 33, 33, 33, 33, 33, 33, 33, 33, 33, 33, 33, 33, 33, 33, 33, 33, 33, 33, 33, 33, 33, 33, 33, 33, 33, 33, 33, 33]",32.92449485997873,"[32.93371144984048, 32.9283941864587, 32.92803970223325, 32.93477490251684, 32.929103154909605, 32.934774902516835, 32.939028713222264, 32.937610776320454, 32.93512938674229, 32.94080113434952, 32.943991492378586, 32.940446650124066, 32.94080113434952, 32.941864587025876, 32.941864587025876, 32.94009216589861, 32.93229351293868, 32.9276852180078, 32.931230060262315, 32.926976249556894, 32.93016660758596, 32.93158454448777, 32.93087557603687, 32.93229351293868, 32.93335696561503, 32.93016660758596, 32.92981212336051, 32.926976249556894, 32.92414037575328, 32.93123006026232, 32.9283941864587, 32.92662176533145, 32.9188231123715, 32.92591279688054, 32.93087557603687, 32.93016660758596, 32.927685218007795, 32.92733073378235, 32.92307692307692, 32.92803970223325, 32.92803970223325, 32.92803970223325, 32.92591279688054, 32.932647997164125, 32.935483870967744, 32.93583835519319, 32.93867422899681, 32.93264799716413, 32.93158454448777, 32.93016660758596, 32.92626728110599, 32.92874867068416, 32.931230060262315, 32.930521091811414, 32.93158454448777, 32.929103154909605, 32.92520382842964, 32.91953208082241, 32.92449485997873, 32.9276852180078, 32.925558312655085, 32.9283941864587, 32.92803970223325, 32.929103154909605, 32.92945763913506, 32.92662176533145, 32.92378589152783, 32.92733073378235, 32.927685218007795, 32.92449485997873]",0.868484713381055,0.8767760301941235,33,"[33, 33, 33, 33, 33, 33, 33, 33, 33, 33, 33, 33, 33, 33, 33, 33, 33, 33, 33, 33, 33, 33, 33, 33, 33, 33, 33, 33, 33, 33, 33, 33, 33, 33, 33, 33, 33, 33, 33, 33, 33, 33, 33, 33, 33, 33, 33, 33, 33, 33, 33, 33, 33, 33, 33, 33, 33, 33, 33, 33, 33, 33, 33, 33, 33, 33, 33, 33, 33, 33]",70,"[0.3942064940929413, 0.38575971126556396, 0.38008156418800354, 0.3759067952632904, 0.37325519323349, 0.370441734790802, 0.36846601963043213, 0.3669775426387787, 0.3655914068222046, 0.36346492171287537, 0.36227816343307495, 0.36015528440475464, 0.3587101101875305, 0.3576778769493103, 0.35595977306365967, 0.3546016812324524, 0.35322341322898865, 0.3521241247653961, 0.3504951000213623, 0.34984326362609863, 0.34818944334983826, 0.34844914078712463, 0.34542301297187805, 0.34473395347595215, 0.3445308804512024, 0.34196850657463074, 0.3405856192111969, 0.33949512243270874, 0.338899701833725, 0.33712777495384216, 0.3369632363319397, 0.334792822599411, 0.33381229639053345, 0.33319592475891113, 0.3312526047229767, 0.33023688197135925, 0.3291817605495453, 0.3278205394744873, 0.32731011509895325, 0.32557082176208496, 0.32428306341171265, 0.3230849504470825, 0.3222505450248718, 0.3217151165008545, 0.31931450963020325, 0.3180447220802307, 0.31676849722862244, 0.3150988519191742, 0.31380343437194824, 0.31247034668922424, 0.31080448627471924, 0.30918610095977783, 0.30768150091171265, 0.3057924509048462, 0.30444109439849854, 0.3031870126724243, 0.30072352290153503, 0.29931724071502686, 0.2974099814891815, 0.295207679271698, 0.2933787405490875, 0.2912202775478363, 0.2893896698951721, 0.28826531767845154, 0.285371333360672, 0.2836877703666687, 0.28145769238471985, 0.28135132789611816, 0.2776487171649933, 0.275997519493103]",33.0,"[33.0, 33.0, 33.0, 33.0, 33.0, 33.0, 33.0, 33.0, 33.0, 33.0, 33.0, 33.0, 33.0, 33.0, 33.0, 33.0, 33.0, 33.0, 33.0, 33.0, 33.0, 33.0, 33.0, 33.0, 33.0, 33.0, 33.0, 33.0, 33.0, 33.0, 33.0, 33.0, 33.0, 33.0, 33.0, 33.0, 33.0, 33.0, 33.0, 33.0, 33.0, 33.0, 33.0, 33.0, 33.0, 33.0, 33.0, 33.0, 33.0, 33.0, 33.0, 33.0, 33.0, 33.0, 33.0, 33.0, 33.0, 33.0, 33.0, 33.0, 33.0, 33.0, 33.0, 33.0, 33.0, 33.0, 33.0, 33.0, 33.0, 33.0]",COMPLETE
44,44,0.6371037343329341,2024-08-31 02:38:44.142975,2024-08-31 02:39:08.239526,0 days 00:00:24.096551,64,6.427970340713951,1,105,0.017308033487245834,85,0.008677262385674196,0.864,0.8475,7,"[28, 14, 14, 12, 10, 12, 10, 10, 10, 10, 9, 9, 9, 9, 9, 9, 9, 7, 7, 7, 7, 7, 7, 7, 7, 7, 7, 7, 7, 7, 7, 7, 7, 7, 7, 7, 7, 7, 7, 7, 7, 7, 7, 7, 7, 7, 7, 7, 7, 7, 7, 7, 7, 7, 7, 7, 7, 7, 7, 7, 7, 7, 7, 7, 7, 7, 7, 7, 7, 7, 7, 7, 7, 7, 7, 7, 7, 7, 7, 7, 7, 7, 7, 7, 7, 7, 7, 7, 7, 7, 7, 7, 7, 7, 7, 7, 7, 7, 7, 7, 7, 7, 7, 7, 7]",7.0,"[28.0, 14.0, 13.988235294117647, 12.0, 10.0, 11.988235294117647, 10.0, 10.0, 10.0, 10.0, 9.0, 9.0, 9.0, 9.0, 9.0, 9.0, 9.0, 7.0, 7.0, 7.0, 7.0, 7.0, 7.0, 7.0, 7.0, 7.0, 7.0, 7.0, 7.0, 7.0, 7.0, 7.0, 7.0, 7.0, 7.0, 7.0, 7.0, 7.0, 7.0, 7.0, 7.0, 7.0, 7.0, 6.988235294117647, 7.0, 7.0, 7.0, 7.0, 7.0, 7.0, 7.0, 7.0, 7.0, 7.0, 7.0, 7.0, 7.0, 7.0, 7.0, 7.0, 7.0, 7.0, 7.0, 7.0, 7.0, 7.0, 7.0, 7.0, 7.0, 7.0, 7.0, 7.0, 7.0, 7.0, 7.0, 7.0, 7.0, 7.0, 7.0, 7.0, 7.0, 7.0, 7.0, 7.0, 7.0, 7.0, 7.0, 7.0, 7.0, 7.0, 7.0, 7.0, 7.0, 7.0, 7.0, 7.0, 7.0, 7.0, 6.988235294117647, 7.0, 7.0, 7.0, 7.0, 7.0, 7.0]",0.6603712051783783,0.6371037343329341,7,"[28, 14, 14, 12, 10, 12, 10, 10, 10, 10, 9, 9, 9, 9, 9, 9, 9, 7, 7, 7, 7, 7, 7, 7, 7, 7, 7, 7, 7, 7, 7, 7, 7, 7, 7, 7, 7, 7, 7, 7, 7, 7, 7, 7, 7, 7, 7, 7, 7, 7, 7, 7, 7, 7, 7, 7, 7, 7, 7, 7, 7, 7, 7, 7, 7, 7, 7, 7, 7, 7, 7, 7, 7, 7, 7, 7, 7, 7, 7, 7, 7, 7, 7, 7, 7, 7, 7, 7, 7, 7, 7, 7, 7, 7, 7, 7, 7, 7, 7, 7, 7, 7, 7, 7, 7]",105,"[11.287994384765625, 3.457878828048706, 65.41484832763672, 100.93708038330078, 57.70882797241211, 115.89437866210938, 44.069766998291016, 102.98609161376953, 20.806177139282227, 38.318199157714844, 49.50753402709961, 99.56243896484375, 14.471360206604004, 59.6038932800293, 66.2043685913086, 64.79017639160156, 49.162986755371094, 84.26152038574219, 3.759953260421753, 55.89142608642578, 84.26005554199219, 4.506272792816162, 4.26472806930542, 64.26349639892578, 101.95454406738281, 42.293724060058594, 55.614139556884766, 70.98861694335938, 22.357337951660156, 22.751508712768555, 49.201480865478516, 107.07024383544922, 26.837984085083008, 46.158260345458984, 96.01374053955078, 25.158802032470703, 43.81345748901367, 98.01841735839844, 22.886014938354492, 16.793262481689453, 43.6485481262207, 99.93205261230469, 26.238374710083008, 50.64474105834961, 73.59200286865234, 39.15305709838867, 36.56393814086914, 55.070186614990234, 76.9809341430664, 29.679710388183594, 51.780731201171875, 71.97053527832031, 48.992759704589844, 42.188995361328125, 38.16965103149414, 55.79460144042969, 72.12590026855469, 58.711936950683594, 41.034706115722656, 44.895362854003906, 71.70207977294922, 4.192382335662842, 8.406637191772461, 16.86371612548828, 41.49367141723633, 94.34396362304688, 30.655799865722656, 56.16242218017578, 78.31090545654297, 5.057679653167725, 58.874305725097656, 63.708770751953125, 68.89115905761719, 29.95693588256836, 53.92937469482422, 80.04690551757812, 8.93913459777832, 63.5650749206543, 56.351375579833984, 12.632043838500977, 35.441734313964844, 49.75479507446289, 101.92871856689453, 28.931650161743164, 53.15354919433594, 78.94351196289062, 11.199676513671875, 55.659934997558594, 37.7383918762207, 14.471644401550293, 33.46098709106445, 30.170923233032227, 46.76994323730469, 99.88751983642578, 27.620681762695312, 45.017967224121094, 66.57470703125, 4.757097244262695, 58.4515380859375, 30.594032287597656, 18.373533248901367, 80.36797332763672, 12.867254257202148, 71.72055053710938, 6.704736709594727]",7.0,"[28.0, 14.0, 14.0, 12.0, 10.0, 12.0, 10.0, 10.0, 10.0, 10.0, 9.0, 9.0, 9.0, 9.0, 9.0, 9.0, 9.0, 7.0, 7.0, 7.0, 7.0, 7.0, 7.0, 7.0, 7.0, 7.0, 7.0, 7.0, 7.0, 7.0, 7.0, 7.0, 7.0, 7.0, 7.0, 7.0, 7.0, 7.0, 7.0, 7.0, 7.0, 7.0, 7.0, 7.0, 7.0, 7.0, 7.0, 7.0, 7.0, 7.0, 7.0, 7.0, 7.0, 7.0, 7.0, 7.0, 7.0, 7.0, 7.0, 7.0, 7.0, 7.0, 7.0, 7.0, 7.0, 7.0, 7.0, 7.0, 7.0, 7.0, 7.0, 7.0, 7.0, 7.0, 7.0, 7.0, 7.0, 7.0, 7.0, 7.0, 7.0, 7.0, 7.0, 7.0, 7.0, 7.0, 7.0, 7.0, 7.0, 7.0, 7.0, 7.0, 7.0, 7.0, 7.0, 7.0, 7.0, 7.0, 7.0, 7.0, 7.0, 7.0, 7.0, 7.0, 7.0]",COMPLETE
