,number,value,datetime_start,datetime_complete,duration,params_batch_size_scaler,params_constant_learning_rate,params_depth,params_epochs,params_kernel_l2,params_num_trees,params_temperature,user_attrs_accuracy_test,user_attrs_accuracy_valid,user_attrs_approximate_feature_sparsity,user_attrs_approximate_feature_sparsity_history,user_attrs_approximate_weight_sparsity,user_attrs_approximate_weight_sparsity_history,user_attrs_auc_test,user_attrs_auc_valid,user_attrs_feature_sparsity,user_attrs_feature_sparsity_history,user_attrs_num_epochs,user_attrs_val_loss_history,user_attrs_weight_sparsity,user_attrs_weight_sparsity_history,state
62,62,0.5,2024-08-31 03:15:33.893707,2024-08-31 03:16:01.539528,0 days 00:00:27.645821,4,1.0261100694114795,5,20,0.00938442075434116,26,0.010698124825806609,0.859,0.85875,0,"[1, 0, 0, 0, 0, 0, 0, 0, 0, 0, 0, 0, 0, 0, 0, 0, 0, 0, 0, 0]",0.0,"[0.9987593052109182, 0.0, 0.0, 0.0, 0.0, 0.0, 0.0, 0.0, 0.0, 0.0, 0.0, 0.0, 0.0, 0.0, 0.0, 0.0, 0.0, 0.0, 0.0, 0.0]",0.5,0.5,0,"[1, 0, 0, 0, 0, 0, 0, 0, 0, 0, 0, 0, 0, 0, 0, 0, 0, 0, 0, 0]",20,"[0.396818608045578, 0.40781453251838684, 0.40734919905662537, 0.4073720872402191, 0.40799668431282043, 0.40734145045280457, 0.4072331488132477, 0.40812918543815613, 0.4096849858760834, 0.4072631895542145, 0.40772831439971924, 0.40743380784988403, 0.4080141484737396, 0.4072283208370209, 0.407288134098053, 0.4087161123752594, 0.4073599576950073, 0.40833160281181335, 0.4072846472263336, 0.40822088718414307]",0.0,"[1.0, 0.0, 0.0, 0.0, 0.0, 0.0, 0.0, 0.0, 0.0, 0.0, 0.0, 0.0, 0.0, 0.0, 0.0, 0.0, 0.0, 0.0, 0.0, 0.0]",COMPLETE
63,63,0.8999948474192011,2024-08-31 03:16:03.241014,2024-08-31 03:16:18.815401,0 days 00:00:15.574387,64,4.226740414745391,1,135,0.014758975245607847,42,0.00014579166994260577,0.924,0.905,30,"[33, 33, 33, 33, 33, 33, 33, 33, 33, 33, 33, 33, 33, 33, 33, 33, 33, 33, 33, 33, 33, 33, 33, 33, 33, 33, 33, 33, 33, 33, 32, 32, 32, 32, 32, 32, 31, 31, 31, 31, 31, 30, 30, 30, 30, 30, 30, 30, 30, 30, 30, 30, 30, 30, 30, 30, 30, 30, 30, 30, 30, 30, 30, 30, 30, 30, 30, 30, 30, 30, 30, 30, 30, 30, 30, 30, 30, 30, 30, 30, 30, 30, 30, 30, 30, 30, 30, 30, 30, 30, 30, 30, 30, 30, 30, 30, 30, 30, 30, 30, 30, 30, 30, 30, 30, 30, 30, 30, 30, 30, 30, 30, 30, 30, 30, 30, 30, 30, 30, 30, 30, 30, 30, 30, 30, 30, 30, 30, 30, 30, 30, 30, 30, 30, 30]",30.0,"[33.0, 33.0, 32.976190476190474, 32.976190476190474, 33.0, 32.976190476190474, 32.976190476190474, 33.0, 33.0, 33.0, 33.0, 33.0, 33.0, 33.0, 33.0, 33.0, 33.0, 33.0, 33.0, 32.976190476190474, 33.0, 32.95238095238095, 33.0, 33.0, 33.0, 33.0, 33.0, 32.976190476190474, 32.976190476190474, 33.0, 32.0, 32.0, 32.0, 31.952380952380953, 32.0, 31.976190476190474, 31.0, 31.0, 31.0, 31.0, 31.0, 30.0, 29.976190476190474, 30.0, 30.0, 29.976190476190474, 30.0, 30.0, 29.976190476190474, 30.0, 30.0, 30.0, 30.0, 30.0, 30.0, 30.0, 29.952380952380953, 30.0, 30.0, 30.0, 30.0, 30.0, 30.0, 30.0, 30.0, 30.0, 29.976190476190474, 30.0, 30.0, 30.0, 30.0, 29.976190476190474, 30.0, 30.0, 30.0, 29.976190476190474, 30.0, 30.0, 30.0, 30.0, 30.0, 30.0, 29.976190476190474, 30.0, 30.0, 30.0, 30.0, 30.0, 30.0, 30.0, 30.0, 29.976190476190474, 30.0, 30.0, 30.0, 29.976190476190474, 30.0, 30.0, 30.0, 30.0, 30.0, 29.976190476190474, 29.976190476190474, 29.976190476190474, 29.976190476190474, 30.0, 30.0, 30.0, 30.0, 30.0, 29.976190476190474, 29.976190476190474, 30.0, 30.0, 29.976190476190474, 29.976190476190474, 29.976190476190474, 29.976190476190474, 29.952380952380953, 30.0, 30.0, 29.952380952380953, 30.0, 30.0, 30.0, 30.0, 29.976190476190474, 30.0, 30.0, 30.0, 30.0, 29.976190476190474, 29.976190476190474, 30.0, 30.0]",0.898826773668871,0.8999948474192011,30,"[33, 33, 33, 33, 33, 33, 33, 33, 33, 33, 33, 33, 33, 33, 33, 33, 33, 33, 33, 33, 33, 33, 33, 33, 33, 33, 33, 33, 33, 33, 32, 32, 32, 32, 32, 32, 31, 31, 31, 31, 31, 30, 30, 30, 30, 30, 30, 30, 30, 30, 30, 30, 30, 30, 30, 30, 30, 30, 30, 30, 30, 30, 30, 30, 30, 30, 30, 30, 30, 30, 30, 30, 30, 30, 30, 30, 30, 30, 30, 30, 30, 30, 30, 30, 30, 30, 30, 30, 30, 30, 30, 30, 30, 30, 30, 30, 30, 30, 30, 30, 30, 30, 30, 30, 30, 30, 30, 30, 30, 30, 30, 30, 30, 30, 30, 30, 30, 30, 30, 30, 30, 30, 30, 30, 30, 30, 30, 30, 30, 30, 30, 30, 30, 30, 30]",135,"[3.474595069885254, 6.150476455688477, 16.536537170410156, 31.775678634643555, 11.366106033325195, 24.018943786621094, 3.6999738216400146, 6.517422676086426, 16.218957901000977, 4.511623382568359, 11.852313041687012, 9.362645149230957, 3.066521644592285, 4.684003829956055, 22.402856826782227, 3.9940123558044434, 3.348604202270508, 2.2889773845672607, 0.8893064260482788, 9.155501365661621, 2.5976555347442627, 2.3410518169403076, 2.3709170818328857, 1.5468125343322754, 2.1388816833496094, 11.283802032470703, 2.5732223987579346, 6.669917583465576, 4.896591663360596, 3.623223066329956, 2.708127021789551, 4.318255424499512, 6.879878520965576, 2.0627384185791016, 1.3143516778945923, 6.092947006225586, 1.9331796169281006, 1.3106769323349, 1.9633264541625977, 1.8438713550567627, 7.144825458526611, 0.7754102349281311, 1.4748826026916504, 5.897154331207275, 1.725580096244812, 3.5508370399475098, 1.0411673784255981, 2.2460246086120605, 1.1724305152893066, 10.565252304077148, 2.260392665863037, 0.9866764545440674, 2.058382749557495, 1.8730895519256592, 1.158430814743042, 0.7847855091094971, 7.608100414276123, 1.7664262056350708, 9.552071571350098, 7.835371017456055, 2.0323259830474854, 6.4364776611328125, 0.9045166969299316, 0.7619796991348267, 2.265475273132324, 2.1001322269439697, 1.7387785911560059, 2.8902318477630615, 2.3922104835510254, 1.4827415943145752, 1.2298157215118408, 2.108346462249756, 1.0841376781463623, 1.374047040939331, 4.897665977478027, 0.7468798160552979, 13.871164321899414, 1.9056830406188965, 0.8371970653533936, 7.642819881439209, 0.9550410509109497, 1.5029220581054688, 2.2339000701904297, 0.9753917455673218, 2.0947139263153076, 1.0652194023132324, 1.491950273513794, 1.9463359117507935, 6.557340145111084, 0.8404037952423096, 0.7421664595603943, 8.287994384765625, 1.0332216024398804, 2.1385269165039062, 3.2342069149017334, 0.6854589581489563, 4.177762508392334, 3.496640205383301, 1.5992515087127686, 1.0816502571105957, 0.7120034098625183, 0.7905105352401733, 4.735566139221191, 1.1022987365722656, 2.6446077823638916, 2.4056127071380615, 1.911109209060669, 1.1881492137908936, 3.455493688583374, 0.7700656652450562, 9.87345027923584, 1.7019752264022827, 2.204819440841675, 1.7544012069702148, 2.004485845565796, 1.4597382545471191, 1.1342406272888184, 0.8419662714004517, 3.384270668029785, 1.3222395181655884, 1.3900063037872314, 1.5993075370788574, 1.197199821472168, 1.8637871742248535, 0.7307451367378235, 0.750318706035614, 1.0876245498657227, 0.6429187655448914, 0.775608241558075, 4.676795482635498, 2.1076998710632324, 1.3781143426895142, 0.7280979156494141, 1.9228830337524414, 0.823701798915863]",30.0,"[33.0, 33.0, 33.0, 33.0, 33.0, 33.0, 33.0, 33.0, 33.0, 33.0, 33.0, 33.0, 33.0, 33.0, 33.0, 33.0, 33.0, 33.0, 33.0, 33.0, 33.0, 33.0, 33.0, 33.0, 33.0, 33.0, 33.0, 33.0, 33.0, 33.0, 32.0, 32.0, 32.0, 32.0, 32.0, 32.0, 31.0, 31.0, 31.0, 31.0, 31.0, 30.0, 30.0, 30.0, 30.0, 30.0, 30.0, 30.0, 30.0, 30.0, 30.0, 30.0, 30.0, 30.0, 30.0, 30.0, 30.0, 30.0, 30.0, 30.0, 30.0, 30.0, 30.0, 30.0, 30.0, 30.0, 30.0, 30.0, 30.0, 30.0, 30.0, 30.0, 30.0, 30.0, 30.0, 30.0, 30.0, 30.0, 30.0, 30.0, 30.0, 30.0, 30.0, 30.0, 30.0, 30.0, 30.0, 30.0, 30.0, 30.0, 30.0, 30.0, 30.0, 30.0, 30.0, 30.0, 30.0, 30.0, 30.0, 30.0, 30.0, 30.0, 30.0, 30.0, 30.0, 30.0, 30.0, 30.0, 30.0, 30.0, 30.0, 30.0, 30.0, 30.0, 30.0, 30.0, 30.0, 30.0, 30.0, 30.0, 30.0, 30.0, 30.0, 30.0, 30.0, 30.0, 30.0, 30.0, 30.0, 30.0, 30.0, 30.0, 30.0, 30.0, 30.0]",COMPLETE
