,number,value,datetime_start,datetime_complete,duration,params_batch_size_scaler,params_constant_learning_rate,params_depth,params_epochs,params_kernel_l2,params_num_trees,params_temperature,user_attrs_accuracy_test,user_attrs_accuracy_valid,user_attrs_approximate_feature_sparsity,user_attrs_approximate_feature_sparsity_history,user_attrs_approximate_weight_sparsity,user_attrs_approximate_weight_sparsity_history,user_attrs_auc_test,user_attrs_auc_valid,user_attrs_feature_sparsity,user_attrs_feature_sparsity_history,user_attrs_num_epochs,user_attrs_val_loss_history,user_attrs_weight_sparsity,user_attrs_weight_sparsity_history,state
38,38,0.6983808014839433,2024-08-31 02:16:58.555198,2024-08-31 02:19:03.474210,0 days 00:02:04.919012,64,0.10650754546481489,6,185,0.9327009135916765,72,0.007544104949362842,0.862,0.85875,33,"[33, 33, 33, 33, 33, 33, 33, 33, 33, 33, 33, 33, 33, 33, 33, 33, 33, 33, 33, 33, 33, 33, 33, 33, 33, 33, 33, 33, 33, 33, 33, 33, 33, 33, 33, 33, 33, 33, 33, 33, 33, 33, 33, 33, 33, 33, 33, 33, 33, 33, 33, 33, 33, 33, 33, 33, 33, 33, 33, 33, 33, 33, 33, 33, 33, 33, 33, 33, 33, 33, 33, 33, 33, 33, 33, 33, 33, 33, 33, 33, 33, 33, 33, 33, 33, 33, 33, 33, 33, 33, 33, 33, 33, 33, 33, 33, 33, 33, 33, 33, 33, 33, 33, 33, 33, 33, 33, 33, 33, 33, 33, 33, 33, 33, 33, 33, 33, 33, 33, 33, 33, 33, 33, 33, 33, 33, 33, 33, 33, 33, 33, 33, 33, 33, 33, 33, 33, 33, 33, 33, 33, 33, 33, 33, 33, 33, 33, 33, 33, 33, 33, 33, 33, 33, 33, 33, 33, 33, 33, 33, 33, 33, 33, 33, 33, 33, 33, 33, 33, 33, 33, 33, 33, 33, 33, 33, 33, 33, 33, 33, 33, 33, 33, 33, 33]",32.901234567901234,"[32.910273368606695, 32.91313932980599, 32.914241622574956, 32.9129188712522, 32.91247795414462, 32.910493827160494, 32.9129188712522, 32.913359788359784, 32.911596119929456, 32.916887125220455, 32.917328042328045, 32.91798941798942, 32.91269841269841, 32.91468253968254, 32.91313932980599, 32.910934744268076, 32.910273368606695, 32.90850970017637, 32.908068783068785, 32.90608465608465, 32.90520282186949, 32.90365961199294, 32.901675485008816, 32.898809523809526, 32.90255731922398, 32.90365961199295, 32.904541446208114, 32.90299823633157, 32.90542328042328, 32.90586419753086, 32.904761904761905, 32.904761904761905, 32.903880070546734, 32.904982363315696, 32.90696649029982, 32.907186948853614, 32.90806878306878, 32.90343915343915, 32.90277777777778, 32.904761904761905, 32.901675485008816, 32.904761904761905, 32.907627865961196, 32.90542328042328, 32.90674603174603, 32.904982363315696, 32.90564373897707, 32.90586419753087, 32.90586419753086, 32.90564373897707, 32.90586419753086, 32.90784832451499, 32.907186948853614, 32.90410052910053, 32.90586419753086, 32.90674603174603, 32.907848324514994, 32.908289241622576, 32.90917107583774, 32.90850970017637, 32.90983245149912, 32.908068783068785, 32.90873015873016, 32.90895061728395, 32.910493827160494, 32.910493827160494, 32.910714285714285, 32.90873015873016, 32.907627865961196, 32.907407407407405, 32.90850970017637, 32.907627865961196, 32.90696649029982, 32.9102733686067, 32.90983245149911, 32.90895061728395, 32.911596119929456, 32.908289241622576, 32.90961199294533, 32.90542328042328, 32.904761904761905, 32.903880070546734, 32.904761904761905, 32.90321869488536, 32.904982363315696, 32.90608465608466, 32.90608465608466, 32.90432098765432, 32.90410052910053, 32.90365961199294, 32.90586419753086, 32.90586419753086, 32.90365961199294, 32.90255731922399, 32.90299823633157, 32.90255731922399, 32.90410052910053, 32.900793650793645, 32.902116402116405, 32.90388007054674, 32.90410052910053, 32.904982363315696, 32.90365961199294, 32.901675485008816, 32.898589065255734, 32.89991181657848, 32.9021164021164, 32.89991181657848, 32.90167548500882, 32.90255731922398, 32.90299823633157, 32.90432098765432, 32.904982363315696, 32.907407407407405, 32.907407407407405, 32.9076278659612, 32.907186948853614, 32.90630511463845, 32.90586419753086, 32.904761904761905, 32.904982363315696, 32.907186948853614, 32.90873015873016, 32.90850970017637, 32.9076278659612, 32.90608465608465, 32.90410052910053, 32.90079365079365, 32.898368606701936, 32.89969135802469, 32.90079365079365, 32.89991181657848, 32.9023368606702, 32.90189594356261, 32.90321869488536, 32.90520282186949, 32.904982363315696, 32.90564373897707, 32.90410052910053, 32.904761904761905, 32.90520282186949, 32.90277777777778, 32.904761904761905, 32.904541446208114, 32.90277777777778, 32.901234567901234, 32.90101410934744, 32.901675485008816, 32.90079365079365, 32.901455026455025, 32.903880070546734, 32.901234567901234, 32.90365961199294, 32.90343915343915, 32.901675485008816, 32.90101410934744, 32.901234567901234, 32.90321869488536, 32.90299823633157, 32.90057319223986, 32.89991181657848, 32.90189594356261, 32.901675485008816, 32.90299823633157, 32.9023368606702, 32.90365961199294, 32.903880070546734, 32.907186948853614, 32.907186948853614, 32.90410052910053, 32.90277777777778, 32.90255731922399, 32.89991181657848, 32.901234567901234, 32.90299823633157, 32.90277777777778, 32.902116402116405, 32.902116402116405, 32.900793650793645, 32.8994708994709, 32.9023368606702, 32.90255731922399, 32.9021164021164, 32.90079365079365, 32.901234567901234]",0.7344677548526655,0.6983808014839433,33,"[33, 33, 33, 33, 33, 33, 33, 33, 33, 33, 33, 33, 33, 33, 33, 33, 33, 33, 33, 33, 33, 33, 33, 33, 33, 33, 33, 33, 33, 33, 33, 33, 33, 33, 33, 33, 33, 33, 33, 33, 33, 33, 33, 33, 33, 33, 33, 33, 33, 33, 33, 33, 33, 33, 33, 33, 33, 33, 33, 33, 33, 33, 33, 33, 33, 33, 33, 33, 33, 33, 33, 33, 33, 33, 33, 33, 33, 33, 33, 33, 33, 33, 33, 33, 33, 33, 33, 33, 33, 33, 33, 33, 33, 33, 33, 33, 33, 33, 33, 33, 33, 33, 33, 33, 33, 33, 33, 33, 33, 33, 33, 33, 33, 33, 33, 33, 33, 33, 33, 33, 33, 33, 33, 33, 33, 33, 33, 33, 33, 33, 33, 33, 33, 33, 33, 33, 33, 33, 33, 33, 33, 33, 33, 33, 33, 33, 33, 33, 33, 33, 33, 33, 33, 33, 33, 33, 33, 33, 33, 33, 33, 33, 33, 33, 33, 33, 33, 33, 33, 33, 33, 33, 33, 33, 33, 33, 33, 33, 33, 33, 33, 33, 33, 33, 33]",185,"[0.6456372737884521, 0.5604783892631531, 0.5081961154937744, 0.4771048426628113, 0.4561031758785248, 0.44392821192741394, 0.43475890159606934, 0.4284762442111969, 0.4234338700771332, 0.42059725522994995, 0.41811007261276245, 0.4162366986274719, 0.41476041078567505, 0.4137371778488159, 0.41244861483573914, 0.41169461607933044, 0.4109077453613281, 0.4101341962814331, 0.40946725010871887, 0.4089169204235077, 0.40845030546188354, 0.40801092982292175, 0.4076094329357147, 0.4072030186653137, 0.4067983627319336, 0.40641823410987854, 0.4060990512371063, 0.4057418704032898, 0.4053190350532532, 0.40491509437561035, 0.40458670258522034, 0.4043872356414795, 0.4040287137031555, 0.40371885895729065, 0.4033844769001007, 0.4030688405036926, 0.4027479290962219, 0.4024055600166321, 0.40208470821380615, 0.4018028974533081, 0.4013920724391937, 0.4010928273200989, 0.4007663428783417, 0.40048685669898987, 0.40020304918289185, 0.399860143661499, 0.3996199667453766, 0.39935553073883057, 0.39912649989128113, 0.39884182810783386, 0.3985948860645294, 0.39832764863967896, 0.3981751501560211, 0.39800265431404114, 0.3976806402206421, 0.39727649092674255, 0.3970320224761963, 0.3968846797943115, 0.39658862352371216, 0.3962983191013336, 0.3961085379123688, 0.39581695199012756, 0.3955950438976288, 0.3953346908092499, 0.3950878083705902, 0.3949260711669922, 0.39473557472229004, 0.39461222290992737, 0.39438727498054504, 0.39415687322616577, 0.39396390318870544, 0.3937626779079437, 0.3935306966304779, 0.3932746648788452, 0.39308080077171326, 0.39291664958000183, 0.39269667863845825, 0.3925388753414154, 0.39247363805770874, 0.3922979235649109, 0.3921370208263397, 0.39192309975624084, 0.3918200731277466, 0.39158040285110474, 0.39137905836105347, 0.39119017124176025, 0.3910493552684784, 0.3908537030220032, 0.3906998932361603, 0.39050111174583435, 0.39030638337135315, 0.39013752341270447, 0.38999491930007935, 0.389845073223114, 0.38969460129737854, 0.3895779550075531, 0.3893964886665344, 0.3892654776573181, 0.3891081213951111, 0.38894832134246826, 0.3888351321220398, 0.3886643946170807, 0.388527512550354, 0.38842570781707764, 0.38828471302986145, 0.38819119334220886, 0.38809335231781006, 0.38799193501472473, 0.38789406418800354, 0.38777151703834534, 0.38769376277923584, 0.3876247704029083, 0.3874431848526001, 0.38729363679885864, 0.3871341049671173, 0.3870146870613098, 0.3870105743408203, 0.3869360089302063, 0.3867477476596832, 0.3866075277328491, 0.3864986300468445, 0.3863464593887329, 0.3862454295158386, 0.3861873745918274, 0.38606470823287964, 0.3860069513320923, 0.38582342863082886, 0.38569149374961853, 0.385543555021286, 0.38540589809417725, 0.3852733373641968, 0.3852063715457916, 0.3851071894168854, 0.38496389985084534, 0.3848806619644165, 0.38478028774261475, 0.384696364402771, 0.38455745577812195, 0.384444922208786, 0.3843502700328827, 0.38422003388404846, 0.38412874937057495, 0.38403335213661194, 0.38397786021232605, 0.3838575482368469, 0.3837648034095764, 0.3836703598499298, 0.3835955560207367, 0.3835338354110718, 0.3835100829601288, 0.3834422826766968, 0.3833423852920532, 0.3832015097141266, 0.3831440210342407, 0.3830878734588623, 0.3829766809940338, 0.3829248547554016, 0.38281387090682983, 0.3826962411403656, 0.3826705813407898, 0.38261115550994873, 0.3826359212398529, 0.38258180022239685, 0.38246646523475647, 0.38230663537979126, 0.3823070526123047, 0.3821294903755188, 0.3820103406906128, 0.38192689418792725, 0.3819308876991272, 0.3818192183971405, 0.3818427622318268, 0.3816668391227722, 0.38149529695510864, 0.38147908449172974, 0.38140106201171875, 0.3813040554523468, 0.38117867708206177, 0.38114994764328003, 0.3811194896697998, 0.381069540977478, 0.3809499740600586, 0.3808298408985138, 0.380777508020401, 0.3807357847690582]",33.0,"[33.0, 33.0, 33.0, 33.0, 33.0, 33.0, 33.0, 33.0, 33.0, 33.0, 33.0, 33.0, 33.0, 33.0, 33.0, 33.0, 33.0, 33.0, 33.0, 33.0, 33.0, 33.0, 33.0, 33.0, 33.0, 33.0, 33.0, 33.0, 33.0, 33.0, 33.0, 33.0, 33.0, 33.0, 33.0, 33.0, 33.0, 33.0, 33.0, 33.0, 33.0, 33.0, 33.0, 33.0, 33.0, 33.0, 33.0, 33.0, 33.0, 33.0, 33.0, 33.0, 33.0, 33.0, 33.0, 33.0, 33.0, 33.0, 33.0, 33.0, 33.0, 33.0, 33.0, 33.0, 33.0, 33.0, 33.0, 33.0, 33.0, 33.0, 33.0, 33.0, 33.0, 33.0, 33.0, 33.0, 33.0, 33.0, 33.0, 33.0, 33.0, 33.0, 33.0, 33.0, 33.0, 33.0, 33.0, 33.0, 33.0, 33.0, 33.0, 33.0, 33.0, 33.0, 33.0, 33.0, 33.0, 33.0, 33.0, 33.0, 33.0, 33.0, 33.0, 33.0, 33.0, 33.0, 33.0, 33.0, 33.0, 33.0, 33.0, 33.0, 33.0, 33.0, 33.0, 33.0, 33.0, 33.0, 33.0, 33.0, 33.0, 33.0, 33.0, 33.0, 33.0, 33.0, 33.0, 33.0, 33.0, 33.0, 33.0, 33.0, 33.0, 33.0, 33.0, 33.0, 33.0, 33.0, 33.0, 33.0, 33.0, 33.0, 33.0, 33.0, 33.0, 33.0, 33.0, 33.0, 33.0, 33.0, 33.0, 33.0, 33.0, 33.0, 33.0, 33.0, 33.0, 33.0, 33.0, 33.0, 33.0, 33.0, 33.0, 33.0, 33.0, 33.0, 33.0, 33.0, 33.0, 33.0, 33.0, 33.0, 33.0, 33.0, 33.0, 33.0, 33.0, 33.0, 33.0, 33.0, 33.0, 33.0, 33.0, 33.0, 33.0]",COMPLETE
39,39,0.8980690703456092,2024-08-31 02:19:04.382525,2024-08-31 02:19:56.136979,0 days 00:00:51.754454,4,0.06674321920327021,4,125,0.02049226697631346,93,0.04844953596468323,0.895,0.88875,33,"[33, 33, 33, 33, 33, 33, 33, 33, 33, 33, 33, 33, 33, 33, 33, 33, 33, 33, 33, 33, 33, 33, 33, 33, 33, 33, 33, 33, 33, 33, 33, 33, 33, 33, 33, 33, 33, 33, 33, 33, 33, 33, 33, 33, 33, 33, 33, 33, 33, 33, 33, 33, 33, 33, 33, 33, 33, 33, 33, 33, 33, 33, 33, 33, 33, 33, 33, 33, 33, 33, 33, 33, 33, 33, 33, 33, 33, 33, 33, 33, 33, 33, 33, 33, 33, 33, 33, 33, 33, 33, 33, 33, 33, 33, 33, 33, 33, 33, 33, 33, 33, 33, 33, 33, 33, 33, 33, 33, 33, 33, 33, 33, 33, 33, 33, 33, 33, 33, 33, 33, 33, 33, 33, 33, 33]",32.94982078853047,"[32.94767025089605, 32.94336917562724, 32.95555555555555, 32.94695340501792, 32.930465949820785, 32.94767025089605, 32.94982078853047, 32.946953405017915, 32.94838709677419, 32.94695340501792, 32.95340501792114, 32.952688172043004, 32.95483870967742, 32.95197132616487, 32.945519713261646, 32.94336917562724, 32.93978494623656, 32.941218637992826, 32.94910394265233, 32.945519713261646, 32.93691756272401, 32.94336917562723, 32.945519713261646, 32.94838709677419, 32.95197132616487, 32.95412186379928, 32.9426523297491, 32.95197132616487, 32.94767025089606, 32.944802867383515, 32.94767025089606, 32.94910394265233, 32.94910394265232, 32.95412186379928, 32.946236559139784, 32.950537634408605, 32.951254480286735, 32.950537634408605, 32.95340501792115, 32.95412186379929, 32.956272401433694, 32.950537634408605, 32.94695340501792, 32.94982078853047, 32.941935483870964, 32.95340501792114, 32.9505376344086, 32.950537634408605, 32.9584229390681, 32.950537634408605, 32.95412186379928, 32.94982078853047, 32.951254480286735, 32.951254480286735, 32.95197132616487, 32.95197132616487, 32.95268817204301, 32.95483870967742, 32.95268817204301, 32.94982078853047, 32.95698924731183, 32.95340501792115, 32.94910394265233, 32.94982078853047, 32.956272401433694, 32.95627240143369, 32.95770609318996, 32.95770609318996, 32.95555555555555, 32.946953405017915, 32.950537634408605, 32.95483870967742, 32.956989247311824, 32.95412186379929, 32.95913978494624, 32.962007168458776, 32.9584229390681, 32.956272401433694, 32.955555555555556, 32.95412186379928, 32.94910394265233, 32.93691756272401, 32.945519713261646, 32.94408602150538, 32.94767025089606, 32.94767025089606, 32.94193548387097, 32.94838709677419, 32.946236559139784, 32.95268817204301, 32.95412186379928, 32.95340501792114, 32.95412186379928, 32.94838709677419, 32.95340501792114, 32.95412186379928, 32.9505376344086, 32.94695340501792, 32.94695340501792, 32.940501792114695, 32.94121863799283, 32.94982078853047, 32.946236559139784, 32.945519713261646, 32.94767025089605, 32.9505376344086, 32.94767025089605, 32.955555555555556, 32.950537634408605, 32.94982078853047, 32.946236559139784, 32.94910394265233, 32.94336917562724, 32.9426523297491, 32.945519713261646, 32.94336917562724, 32.94767025089605, 32.9483870967742, 32.94838709677419, 32.9505376344086, 32.95197132616487, 32.95412186379928, 32.952688172043004, 32.95268817204301, 32.94982078853047]",0.8806710755537942,0.8980690703456092,33,"[33, 33, 33, 33, 33, 33, 33, 33, 33, 33, 33, 33, 33, 33, 33, 33, 33, 33, 33, 33, 33, 33, 33, 33, 33, 33, 33, 33, 33, 33, 33, 33, 33, 33, 33, 33, 33, 33, 33, 33, 33, 33, 33, 33, 33, 33, 33, 33, 33, 33, 33, 33, 33, 33, 33, 33, 33, 33, 33, 33, 33, 33, 33, 33, 33, 33, 33, 33, 33, 33, 33, 33, 33, 33, 33, 33, 33, 33, 33, 33, 33, 33, 33, 33, 33, 33, 33, 33, 33, 33, 33, 33, 33, 33, 33, 33, 33, 33, 33, 33, 33, 33, 33, 33, 33, 33, 33, 33, 33, 33, 33, 33, 33, 33, 33, 33, 33, 33, 33, 33, 33, 33, 33, 33, 33]",125,"[0.3959437310695648, 0.389044851064682, 0.38492846488952637, 0.3804561495780945, 0.37757083773612976, 0.3751277029514313, 0.3733263909816742, 0.3718678653240204, 0.36955177783966064, 0.36867764592170715, 0.36681148409843445, 0.3655341863632202, 0.3645102381706238, 0.3632422983646393, 0.3629671037197113, 0.36094313859939575, 0.36023545265197754, 0.36114734411239624, 0.3585597574710846, 0.3568809926509857, 0.3555477261543274, 0.354741632938385, 0.3534965217113495, 0.3529466688632965, 0.3515002727508545, 0.3506065011024475, 0.3494882881641388, 0.34886690974235535, 0.34923461079597473, 0.3465905487537384, 0.34560588002204895, 0.3450154960155487, 0.34439969062805176, 0.34364616870880127, 0.34218066930770874, 0.3410162627696991, 0.3401293158531189, 0.33939728140830994, 0.33830931782722473, 0.33740755915641785, 0.3365767300128937, 0.3363613486289978, 0.3348139524459839, 0.3338828980922699, 0.33304041624069214, 0.3322267234325409, 0.3314161002635956, 0.33122768998146057, 0.3295191526412964, 0.32900840044021606, 0.3277762532234192, 0.3277050852775574, 0.32619813084602356, 0.3250916004180908, 0.3242247700691223, 0.3235670328140259, 0.32237911224365234, 0.321410208940506, 0.3219819962978363, 0.3201935589313507, 0.3186149299144745, 0.3176153302192688, 0.3166431784629822, 0.31594225764274597, 0.31475603580474854, 0.3138006925582886, 0.3146864175796509, 0.3116680383682251, 0.3108258545398712, 0.3093719780445099, 0.30884867906570435, 0.30732670426368713, 0.3064510226249695, 0.3066452741622925, 0.3035586476325989, 0.3023742735385895, 0.3025189936161041, 0.30006349086761475, 0.2986968457698822, 0.2980639934539795, 0.2962169349193573, 0.2956311106681824, 0.29383334517478943, 0.29274100065231323, 0.29198962450027466, 0.28999826312065125, 0.28868865966796875, 0.28793153166770935, 0.2860237658023834, 0.2850123643875122, 0.28337913751602173, 0.2823135256767273, 0.2810368835926056, 0.28029146790504456, 0.27823755145072937, 0.2781703472137451, 0.2758423388004303, 0.2746850848197937, 0.2736431360244751, 0.27283135056495667, 0.2713664174079895, 0.2707388997077942, 0.2692805230617523, 0.26820364594459534, 0.2673513889312744, 0.2662276327610016, 0.26535704731941223, 0.2646019756793976, 0.264440655708313, 0.26259493827819824, 0.26180341839790344, 0.26124122738838196, 0.2604371905326843, 0.2602657973766327, 0.2590641677379608, 0.25785624980926514, 0.2570880055427551, 0.25660449266433716, 0.2558804452419281, 0.25499624013900757, 0.25656574964523315, 0.2542731761932373, 0.253526896238327, 0.25250962376594543, 0.25199487805366516]",33.0,"[33.0, 33.0, 33.0, 33.0, 33.0, 33.0, 33.0, 33.0, 33.0, 33.0, 33.0, 33.0, 33.0, 33.0, 33.0, 33.0, 33.0, 33.0, 33.0, 33.0, 33.0, 33.0, 33.0, 33.0, 33.0, 33.0, 33.0, 33.0, 33.0, 33.0, 33.0, 33.0, 33.0, 33.0, 33.0, 33.0, 33.0, 33.0, 33.0, 33.0, 33.0, 33.0, 33.0, 33.0, 33.0, 33.0, 33.0, 33.0, 33.0, 33.0, 33.0, 33.0, 33.0, 33.0, 33.0, 33.0, 33.0, 33.0, 33.0, 33.0, 33.0, 33.0, 33.0, 33.0, 33.0, 33.0, 33.0, 33.0, 33.0, 33.0, 33.0, 33.0, 33.0, 33.0, 33.0, 33.0, 33.0, 33.0, 33.0, 33.0, 33.0, 33.0, 33.0, 33.0, 33.0, 33.0, 33.0, 33.0, 33.0, 33.0, 33.0, 33.0, 33.0, 33.0, 33.0, 33.0, 33.0, 33.0, 33.0, 33.0, 33.0, 33.0, 33.0, 33.0, 33.0, 33.0, 33.0, 33.0, 33.0, 33.0, 33.0, 33.0, 33.0, 33.0, 33.0, 33.0, 33.0, 33.0, 33.0, 33.0, 33.0, 33.0, 33.0, 33.0, 33.0]",COMPLETE
