,number,value,datetime_start,datetime_complete,duration,params_batch_size_scaler,params_constant_learning_rate,params_depth,params_epochs,params_kernel_l2,params_num_trees,params_temperature,user_attrs_accuracy_test,user_attrs_accuracy_valid,user_attrs_approximate_feature_sparsity,user_attrs_approximate_feature_sparsity_history,user_attrs_approximate_weight_sparsity,user_attrs_approximate_weight_sparsity_history,user_attrs_auc_test,user_attrs_auc_valid,user_attrs_feature_sparsity,user_attrs_feature_sparsity_history,user_attrs_num_epochs,user_attrs_val_loss_history,user_attrs_weight_sparsity,user_attrs_weight_sparsity_history,state
86,86,0.9079362625755176,2024-08-31 04:08:07.555016,2024-08-31 04:10:18.351840,0 days 00:02:10.796824,4,0.5103955602403768,4,490,0.006610902853073031,15,0.002765315422806842,0.927,0.92625,8,"[33, 33, 33, 33, 31, 21, 15, 13, 13, 13, 13, 12, 11, 11, 11, 11, 11, 11, 11, 11, 11, 10, 10, 10, 9, 8, 8, 8, 8, 8, 8, 8, 8, 8, 8, 8, 8, 8, 8, 8, 8, 8, 8, 8, 8, 8, 8, 8, 8, 8, 8, 8, 8, 8, 8, 8, 8, 8, 8, 8, 8, 8, 8, 8, 8, 8, 8, 8, 8, 8, 8, 8, 8, 8, 8, 8, 8, 8, 8, 8, 8, 8, 8, 8, 8, 8, 8, 8, 8, 8, 8, 8, 8, 8, 8, 8, 8, 8, 8, 8, 8, 8, 8, 8, 8, 8, 8, 8, 8, 8, 8, 8, 8, 8, 8, 8, 8, 8, 8, 8, 8, 8, 8, 8, 8, 8, 8, 8, 8, 8, 8, 8, 8, 8, 8, 8, 8, 8, 8, 8, 8, 8, 8, 8, 8, 8, 8, 8, 8, 8, 8, 8, 8, 8, 8, 8, 8, 8, 8, 8, 8, 8, 8, 8, 8, 8, 8, 8, 8, 8, 8, 8, 8, 8, 8, 8, 8, 8, 8, 8, 8, 8, 8, 8, 8, 8, 8, 8, 8, 8, 8, 8, 8, 8, 8, 8, 8, 8, 8, 8, 8, 8, 8, 8, 8, 8, 8, 8, 8, 8, 8, 8, 8, 8, 8, 8, 8, 8, 8, 8, 8, 8, 8, 8, 8, 8, 8, 8, 8, 8, 8, 8, 8, 8, 8, 8, 8, 8, 8, 8, 8, 8, 8, 8, 8, 8, 8, 8, 8, 8, 8, 8, 8, 8, 8, 8, 8, 8, 8, 8, 8, 8, 8, 8, 8, 8, 8, 8, 8, 8, 8, 8, 8, 8, 8, 8, 8, 8, 8, 8, 8, 8, 8, 8, 8, 8, 8, 8, 8, 8, 8, 8, 8, 8, 8, 8, 8, 8, 8, 8, 8, 8, 8, 8, 8, 8, 8, 8, 8, 8, 8, 8, 8, 8, 8, 8, 8, 8, 8, 8, 8, 8, 8, 8, 8, 8, 8, 8, 8, 8, 8, 8, 8, 8, 8, 8, 8, 8, 8, 8, 8, 8, 8, 8, 8, 8, 8, 8, 8, 8, 8, 8, 8, 8, 8, 8, 8, 8, 8, 8, 8, 8, 8, 8, 8, 8, 8, 8, 8, 8, 8, 8, 8, 8, 8, 8, 8, 8, 8, 8, 8, 8, 8, 8, 8, 8, 8, 8, 8, 8, 8, 8, 8, 8, 8, 8, 8, 8, 8, 8, 8, 8, 8, 8, 8, 8, 8, 8, 8, 8, 8, 8, 8, 8, 8, 8, 8, 8, 8, 8, 8, 8, 8, 8, 8, 8, 8, 8, 8, 8, 8, 8, 8, 8, 8, 8, 8, 8, 8, 8, 8, 8, 8, 8, 8, 8, 8, 8, 8, 8, 8, 8, 8, 8, 8, 8, 8, 8, 8, 8, 8, 8, 8, 8, 8, 8, 8, 8, 8, 8, 8, 8, 8, 8, 8, 8, 8, 8, 8, 8, 8, 8, 8, 8, 8, 8, 8, 8, 8, 8]",8.0,"[32.995555555555555, 32.986666666666665, 32.98222222222222, 32.97777777777778, 30.973333333333336, 20.98222222222222, 14.99111111111111, 12.995555555555555, 12.991111111111111, 12.995555555555555, 12.977777777777778, 11.995555555555555, 11.0, 11.0, 11.0, 10.982222222222223, 10.995555555555555, 10.991111111111111, 10.995555555555555, 10.986666666666666, 11.0, 9.991111111111111, 9.991111111111111, 9.991111111111111, 8.991111111111111, 8.0, 8.0, 8.0, 8.0, 7.995555555555556, 8.0, 7.995555555555556, 7.995555555555556, 8.0, 7.995555555555556, 8.0, 8.0, 7.995555555555556, 7.986666666666666, 8.0, 8.0, 8.0, 7.995555555555556, 8.0, 7.995555555555556, 7.995555555555556, 7.9911111111111115, 8.0, 8.0, 8.0, 7.995555555555556, 8.0, 8.0, 8.0, 8.0, 7.995555555555556, 8.0, 7.9911111111111115, 7.995555555555556, 7.9911111111111115, 7.995555555555556, 8.0, 8.0, 8.0, 7.995555555555556, 8.0, 7.986666666666667, 7.995555555555556, 7.995555555555556, 7.986666666666666, 8.0, 7.986666666666666, 8.0, 7.9911111111111115, 8.0, 7.995555555555556, 8.0, 7.995555555555556, 8.0, 7.995555555555556, 7.9911111111111115, 7.9911111111111115, 7.9911111111111115, 7.982222222222222, 7.982222222222223, 7.9911111111111115, 7.9911111111111115, 7.986666666666666, 7.995555555555556, 7.995555555555556, 7.995555555555556, 7.995555555555556, 7.995555555555556, 7.9911111111111115, 7.995555555555556, 7.995555555555556, 7.9911111111111115, 8.0, 7.995555555555556, 7.9911111111111115, 7.995555555555556, 8.0, 7.995555555555556, 7.995555555555556, 7.995555555555556, 7.995555555555556, 7.986666666666667, 7.9911111111111115, 8.0, 7.995555555555556, 7.9911111111111115, 7.995555555555556, 8.0, 7.995555555555556, 8.0, 8.0, 8.0, 7.995555555555556, 7.995555555555556, 8.0, 7.995555555555556, 8.0, 7.995555555555556, 8.0, 7.995555555555556, 8.0, 7.995555555555556, 7.995555555555556, 7.995555555555556, 7.995555555555556, 7.995555555555556, 7.995555555555556, 8.0, 7.995555555555556, 7.995555555555556, 8.0, 7.986666666666666, 7.986666666666666, 7.9911111111111115, 7.9911111111111115, 7.986666666666666, 7.995555555555556, 7.9911111111111115, 7.9911111111111115, 7.995555555555556, 7.995555555555556, 7.995555555555556, 7.9911111111111115, 7.986666666666666, 7.986666666666666, 7.9911111111111115, 7.995555555555556, 8.0, 7.995555555555556, 8.0, 8.0, 7.995555555555556, 7.995555555555556, 8.0, 8.0, 7.995555555555556, 7.995555555555556, 7.995555555555556, 7.995555555555556, 8.0, 7.995555555555556, 7.9911111111111115, 8.0, 7.9911111111111115, 7.995555555555556, 7.9911111111111115, 8.0, 8.0, 8.0, 8.0, 8.0, 8.0, 7.9911111111111115, 7.982222222222222, 7.995555555555556, 7.986666666666667, 7.9911111111111115, 8.0, 7.995555555555556, 7.995555555555556, 8.0, 8.0, 7.995555555555556, 7.986666666666666, 7.995555555555556, 7.995555555555556, 7.995555555555556, 8.0, 8.0, 8.0, 8.0, 8.0, 7.995555555555556, 8.0, 7.995555555555556, 7.995555555555556, 7.982222222222223, 7.9911111111111115, 7.986666666666667, 7.9911111111111115, 7.982222222222222, 7.986666666666667, 7.9911111111111115, 7.986666666666667, 7.986666666666667, 7.982222222222222, 7.995555555555556, 7.9911111111111115, 7.995555555555556, 7.9911111111111115, 7.995555555555556, 7.9911111111111115, 7.995555555555556, 7.982222222222222, 7.9911111111111115, 7.995555555555556, 7.982222222222223, 7.995555555555556, 7.995555555555556, 7.9911111111111115, 7.995555555555556, 7.9911111111111115, 7.986666666666667, 7.9911111111111115, 7.986666666666667, 7.995555555555556, 7.986666666666667, 7.986666666666667, 7.9911111111111115, 7.9911111111111115, 7.995555555555556, 7.9911111111111115, 7.9911111111111115, 7.982222222222222, 7.9911111111111115, 7.9911111111111115, 7.9911111111111115, 7.977777777777778, 7.986666666666666, 7.973333333333334, 7.986666666666667, 7.986666666666667, 7.982222222222223, 7.9911111111111115, 7.977777777777778, 7.986666666666666, 7.995555555555556, 7.995555555555556, 7.9911111111111115, 7.986666666666666, 7.982222222222223, 8.0, 8.0, 7.995555555555556, 7.9911111111111115, 8.0, 8.0, 7.995555555555556, 7.995555555555556, 7.9911111111111115, 7.995555555555556, 7.9911111111111115, 7.995555555555556, 7.995555555555556, 7.977777777777778, 7.982222222222222, 7.977777777777778, 7.982222222222222, 7.982222222222222, 7.986666666666666, 7.982222222222222, 7.995555555555556, 7.995555555555556, 7.995555555555556, 7.9911111111111115, 8.0, 8.0, 7.995555555555556, 7.9911111111111115, 7.9911111111111115, 7.995555555555556, 7.9911111111111115, 7.995555555555556, 7.9911111111111115, 7.995555555555556, 8.0, 7.9911111111111115, 8.0, 7.986666666666667, 7.9911111111111115, 8.0, 7.995555555555556, 7.9911111111111115, 7.9911111111111115, 8.0, 7.9911111111111115, 8.0, 7.995555555555556, 7.9911111111111115, 7.9911111111111115, 7.9911111111111115, 7.9911111111111115, 7.9911111111111115, 7.986666666666666, 7.9911111111111115, 7.9911111111111115, 7.986666666666667, 7.995555555555556, 7.9911111111111115, 7.995555555555556, 7.995555555555556, 7.982222222222222, 7.986666666666667, 7.9911111111111115, 7.9911111111111115, 7.995555555555556, 7.995555555555556, 7.9911111111111115, 7.986666666666667, 7.986666666666667, 7.986666666666666, 7.986666666666667, 7.995555555555556, 7.9911111111111115, 7.9911111111111115, 7.995555555555556, 7.9911111111111115, 7.9911111111111115, 7.986666666666666, 7.9911111111111115, 7.9911111111111115, 7.9911111111111115, 7.986666666666666, 7.9911111111111115, 7.9911111111111115, 7.986666666666666, 7.995555555555556, 7.995555555555556, 7.995555555555556, 7.995555555555556, 7.986666666666667, 7.9911111111111115, 7.9911111111111115, 7.9911111111111115, 7.995555555555556, 7.9911111111111115, 7.986666666666667, 7.995555555555556, 7.995555555555556, 7.995555555555556, 7.995555555555556, 7.995555555555556, 7.995555555555556, 7.995555555555556, 8.0, 7.995555555555556, 7.995555555555556, 7.995555555555556, 7.995555555555556, 7.9911111111111115, 7.995555555555556, 7.986666666666666, 7.9911111111111115, 7.986666666666666, 7.995555555555556, 7.9911111111111115, 7.995555555555556, 7.995555555555556, 7.995555555555556, 7.995555555555556, 7.995555555555556, 7.995555555555556, 8.0, 7.986666666666666, 7.995555555555556, 7.986666666666666, 7.995555555555556, 7.9911111111111115, 7.9911111111111115, 7.986666666666667, 7.995555555555556, 7.995555555555556, 7.986666666666667, 7.986666666666666, 7.9911111111111115, 7.995555555555556, 7.986666666666666, 7.986666666666666, 7.986666666666667, 7.982222222222222, 7.995555555555556, 7.9911111111111115, 7.986666666666666, 7.995555555555556, 8.0, 7.9911111111111115, 7.995555555555556, 7.9911111111111115, 7.9911111111111115, 7.995555555555556, 7.995555555555556, 7.9911111111111115, 7.995555555555556, 7.9911111111111115, 7.986666666666666, 7.986666666666667, 7.995555555555556, 7.9911111111111115, 7.986666666666667, 8.0, 7.995555555555556, 7.986666666666667, 7.995555555555556, 7.982222222222222, 7.982222222222222, 7.982222222222223, 7.986666666666666, 7.9911111111111115, 7.9911111111111115, 7.986666666666667, 7.9911111111111115, 7.9911111111111115, 7.986666666666667, 7.982222222222222, 7.9911111111111115, 7.995555555555556, 7.9911111111111115, 7.995555555555556, 7.986666666666666, 7.9911111111111115, 8.0, 7.9911111111111115, 7.995555555555556, 7.995555555555556, 7.982222222222222, 7.9911111111111115, 7.995555555555556, 7.9911111111111115, 7.995555555555556, 8.0, 7.986666666666667, 7.995555555555556, 7.9911111111111115, 7.995555555555556, 7.995555555555556, 7.995555555555556, 7.9911111111111115, 7.9911111111111115, 7.995555555555556, 7.986666666666667, 7.986666666666666, 7.9911111111111115, 7.995555555555556, 8.0, 7.995555555555556, 7.995555555555556, 7.986666666666666, 7.9911111111111115, 7.9911111111111115, 7.995555555555556, 7.986666666666666, 7.9911111111111115, 7.9911111111111115, 7.9911111111111115, 7.986666666666666, 7.995555555555556, 7.995555555555556, 7.995555555555556, 7.9911111111111115, 7.986666666666667, 7.986666666666666, 7.982222222222222, 7.986666666666667, 7.995555555555556, 7.995555555555556, 7.995555555555556, 7.9911111111111115, 7.9911111111111115, 7.995555555555556, 7.995555555555556, 8.0, 8.0, 7.995555555555556, 8.0, 8.0]",0.8894310554083175,0.9079362625755176,8,"[33, 33, 33, 33, 31, 21, 15, 13, 13, 13, 13, 12, 11, 11, 11, 11, 11, 11, 11, 11, 11, 10, 10, 10, 9, 8, 8, 8, 8, 8, 8, 8, 8, 8, 8, 8, 8, 8, 8, 8, 8, 8, 8, 8, 8, 8, 8, 8, 8, 8, 8, 8, 8, 8, 8, 8, 8, 8, 8, 8, 8, 8, 8, 8, 8, 8, 8, 8, 8, 8, 8, 8, 8, 8, 8, 8, 8, 8, 8, 8, 8, 8, 8, 8, 8, 8, 8, 8, 8, 8, 8, 8, 8, 8, 8, 8, 8, 8, 8, 8, 8, 8, 8, 8, 8, 8, 8, 8, 8, 8, 8, 8, 8, 8, 8, 8, 8, 8, 8, 8, 8, 8, 8, 8, 8, 8, 8, 8, 8, 8, 8, 8, 8, 8, 8, 8, 8, 8, 8, 8, 8, 8, 8, 8, 8, 8, 8, 8, 8, 8, 8, 8, 8, 8, 8, 8, 8, 8, 8, 8, 8, 8, 8, 8, 8, 8, 8, 8, 8, 8, 8, 8, 8, 8, 8, 8, 8, 8, 8, 8, 8, 8, 8, 8, 8, 8, 8, 8, 8, 8, 8, 8, 8, 8, 8, 8, 8, 8, 8, 8, 8, 8, 8, 8, 8, 8, 8, 8, 8, 8, 8, 8, 8, 8, 8, 8, 8, 8, 8, 8, 8, 8, 8, 8, 8, 8, 8, 8, 8, 8, 8, 8, 8, 8, 8, 8, 8, 8, 8, 8, 8, 8, 8, 8, 8, 8, 8, 8, 8, 8, 8, 8, 8, 8, 8, 8, 8, 8, 8, 8, 8, 8, 8, 8, 8, 8, 8, 8, 8, 8, 8, 8, 8, 8, 8, 8, 8, 8, 8, 8, 8, 8, 8, 8, 8, 8, 8, 8, 8, 8, 8, 8, 8, 8, 8, 8, 8, 8, 8, 8, 8, 8, 8, 8, 8, 8, 8, 8, 8, 8, 8, 8, 8, 8, 8, 8, 8, 8, 8, 8, 8, 8, 8, 8, 8, 8, 8, 8, 8, 8, 8, 8, 8, 8, 8, 8, 8, 8, 8, 8, 8, 8, 8, 8, 8, 8, 8, 8, 8, 8, 8, 8, 8, 8, 8, 8, 8, 8, 8, 8, 8, 8, 8, 8, 8, 8, 8, 8, 8, 8, 8, 8, 8, 8, 8, 8, 8, 8, 8, 8, 8, 8, 8, 8, 8, 8, 8, 8, 8, 8, 8, 8, 8, 8, 8, 8, 8, 8, 8, 8, 8, 8, 8, 8, 8, 8, 8, 8, 8, 8, 8, 8, 8, 8, 8, 8, 8, 8, 8, 8, 8, 8, 8, 8, 8, 8, 8, 8, 8, 8, 8, 8, 8, 8, 8, 8, 8, 8, 8, 8, 8, 8, 8, 8, 8, 8, 8, 8, 8, 8, 8, 8, 8, 8, 8, 8, 8, 8, 8, 8, 8, 8, 8, 8, 8, 8, 8, 8, 8, 8, 8, 8, 8, 8, 8, 8, 8, 8, 8, 8, 8, 8, 8, 8, 8, 8, 8, 8, 8, 8]",490,"[0.3719039857387543, 0.3572222590446472, 0.3448408842086792, 0.3332221210002899, 0.31454238295555115, 0.2990945875644684, 0.2853890657424927, 0.27895957231521606, 0.27044767141342163, 0.2640331983566284, 0.2593992352485657, 0.2581552565097809, 0.2615523934364319, 0.2517787218093872, 0.24768413603305817, 0.24369078874588013, 0.24072103202342987, 0.2385573387145996, 0.23841580748558044, 0.23488876223564148, 0.23186525702476501, 0.23667003214359283, 0.23512139916419983, 0.23324625194072723, 0.2325371354818344, 0.23297001421451569, 0.23248915374279022, 0.22827742993831635, 0.23012486100196838, 0.22517171502113342, 0.2248494029045105, 0.2239181101322174, 0.22363664209842682, 0.22309111058712006, 0.2224113643169403, 0.22107894718647003, 0.22257927060127258, 0.222539022564888, 0.22182302176952362, 0.22203944623470306, 0.2194487750530243, 0.22006762027740479, 0.22122101485729218, 0.21995192766189575, 0.22013461589813232, 0.21979032456874847, 0.2191612422466278, 0.22150784730911255, 0.21884161233901978, 0.21947689354419708, 0.21949225664138794, 0.2184733897447586, 0.21839123964309692, 0.21856702864170074, 0.21788665652275085, 0.21903808414936066, 0.21916915476322174, 0.21707575023174286, 0.21905750036239624, 0.21772168576717377, 0.21727588772773743, 0.21694253385066986, 0.21674850583076477, 0.21608774363994598, 0.21569152176380157, 0.2164941281080246, 0.21430078148841858, 0.21497705578804016, 0.21540117263793945, 0.21525028347969055, 0.21291697025299072, 0.21305716037750244, 0.21421508491039276, 0.21484796702861786, 0.21323305368423462, 0.21204064786434174, 0.2132025510072708, 0.21320125460624695, 0.21169663965702057, 0.2126694917678833, 0.21219973266124725, 0.2136572301387787, 0.21274429559707642, 0.21095462143421173, 0.21250133216381073, 0.21118538081645966, 0.2125394642353058, 0.21172109246253967, 0.2100517302751541, 0.21048076450824738, 0.2093701809644699, 0.21348297595977783, 0.2098144292831421, 0.20968696475028992, 0.21076904237270355, 0.21107366681098938, 0.20953425765037537, 0.21003682911396027, 0.20948673784732819, 0.20965903997421265, 0.20965604484081268, 0.2078925371170044, 0.21028034389019012, 0.20896309614181519, 0.20851999521255493, 0.20746468007564545, 0.2083166241645813, 0.20846927165985107, 0.20957155525684357, 0.209055095911026, 0.2088073343038559, 0.20891162753105164, 0.2081405520439148, 0.20806947350502014, 0.21236632764339447, 0.20764073729515076, 0.20898424088954926, 0.20847682654857635, 0.20725776255130768, 0.2071215659379959, 0.20901688933372498, 0.208307147026062, 0.20886419713497162, 0.20756666362285614, 0.2137262374162674, 0.20765306055545807, 0.2067452222108841, 0.2060375064611435, 0.20664672553539276, 0.20616400241851807, 0.2060757577419281, 0.21071366965770721, 0.20772609114646912, 0.20751546323299408, 0.20792870223522186, 0.20701579749584198, 0.20918585360050201, 0.20765237510204315, 0.20588581264019012, 0.20666372776031494, 0.20990870893001556, 0.20648297667503357, 0.20618069171905518, 0.209080770611763, 0.20681647956371307, 0.21084433794021606, 0.20719055831432343, 0.2069464474916458, 0.2069111317396164, 0.20686760544776917, 0.2093779593706131, 0.2097475230693817, 0.208506241440773, 0.21339336037635803, 0.20903539657592773, 0.2065856158733368, 0.20636850595474243, 0.20721988379955292, 0.2070920765399933, 0.20838110148906708, 0.20672285556793213, 0.2074155956506729, 0.20618458092212677, 0.20580025017261505, 0.20616310834884644, 0.20715589821338654, 0.20768357813358307, 0.20608995854854584, 0.20736822485923767, 0.20684310793876648, 0.2048768252134323, 0.20841068029403687, 0.20706556737422943, 0.20689719915390015, 0.20660525560379028, 0.20772725343704224, 0.2093040645122528, 0.205851212143898, 0.20663616061210632, 0.20635537803173065, 0.20696748793125153, 0.20953266322612762, 0.20852844417095184, 0.20528098940849304, 0.20495158433914185, 0.20730777084827423, 0.20901858806610107, 0.2080901861190796, 0.20576797425746918, 0.20519742369651794, 0.20657505095005035, 0.20653477311134338, 0.20607133209705353, 0.20629502832889557, 0.20680013298988342, 0.20361509919166565, 0.20670215785503387, 0.2062695473432541, 0.2058963030576706, 0.2074078768491745, 0.2063964456319809, 0.20509931445121765, 0.206619530916214, 0.20585381984710693, 0.2058320790529251, 0.20676995813846588, 0.2079601287841797, 0.2077159434556961, 0.20784570276737213, 0.20506063103675842, 0.20958538353443146, 0.20630745589733124, 0.20511291921138763, 0.20593450963497162, 0.20457971096038818, 0.2060752511024475, 0.20694400370121002, 0.205483078956604, 0.20904788374900818, 0.20625489950180054, 0.2050108164548874, 0.20744243264198303, 0.20624226331710815, 0.2052646279335022, 0.20517662167549133, 0.20938554406166077, 0.20728851854801178, 0.207743301987648, 0.20633716881275177, 0.2073000967502594, 0.20709308981895447, 0.20937876403331757, 0.20855304598808289, 0.2077201008796692, 0.20770345628261566, 0.2062191516160965, 0.2082659900188446, 0.20578141510486603, 0.20569315552711487, 0.20563654601573944, 0.2046811729669571, 0.20722933113574982, 0.20633484423160553, 0.20727598667144775, 0.2057454138994217, 0.2044820338487625, 0.20623743534088135, 0.20750465989112854, 0.20821361243724823, 0.20536492764949799, 0.20677894353866577, 0.20847688615322113, 0.2067636102437973, 0.2056640386581421, 0.2072087526321411, 0.2038702368736267, 0.2068416029214859, 0.20929497480392456, 0.20639894902706146, 0.2072100192308426, 0.20809562504291534, 0.20831577479839325, 0.2074677050113678, 0.20769253373146057, 0.20629578828811646, 0.20725862681865692, 0.20738567411899567, 0.20576520264148712, 0.20831216871738434, 0.21093185245990753, 0.20393067598342896, 0.20858940482139587, 0.2063000649213791, 0.20567889511585236, 0.20672661066055298, 0.20612779259681702, 0.20655286312103271, 0.20441901683807373, 0.2066199630498886, 0.20605051517486572, 0.206144317984581, 0.20642612874507904, 0.20448169112205505, 0.20521491765975952, 0.20898859202861786, 0.20752769708633423, 0.20482873916625977, 0.2079540491104126, 0.20616059005260468, 0.2059897929430008, 0.20629262924194336, 0.20776885747909546, 0.20916830003261566, 0.20754770934581757, 0.2070351541042328, 0.20603223145008087, 0.20773594081401825, 0.20406074821949005, 0.20629018545150757, 0.20779138803482056, 0.20529720187187195, 0.2057451754808426, 0.20793762803077698, 0.20650801062583923, 0.20853477716445923, 0.20676660537719727, 0.2068624645471573, 0.20727136731147766, 0.20851187407970428, 0.20585718750953674, 0.20699982345104218, 0.20825187861919403, 0.2079780399799347, 0.20862053334712982, 0.20588082075119019, 0.20740461349487305, 0.2065238207578659, 0.20753982663154602, 0.20517976582050323, 0.2065957635641098, 0.20641668140888214, 0.20685724914073944, 0.2066759169101715, 0.2075752317905426, 0.20984525978565216, 0.20645079016685486, 0.2076466679573059, 0.20803044736385345, 0.21220886707305908, 0.20833779871463776, 0.20823019742965698, 0.2056616246700287, 0.20725736021995544, 0.20640945434570312, 0.2049575299024582, 0.20627857744693756, 0.20565633475780487, 0.20813101530075073, 0.2071663737297058, 0.20646202564239502, 0.20748664438724518, 0.2092486172914505, 0.20773962140083313, 0.20950578153133392, 0.20692630112171173, 0.208833709359169, 0.20666761696338654, 0.20778542757034302, 0.20709358155727386, 0.20666447281837463, 0.20514537394046783, 0.20856042206287384, 0.20790275931358337, 0.2088584005832672, 0.2077096551656723, 0.20544128119945526, 0.20933905243873596, 0.20821575820446014, 0.20829430222511292, 0.2067171037197113, 0.20887193083763123, 0.20611876249313354, 0.20585957169532776, 0.2064703404903412, 0.2059740573167801, 0.20897206664085388, 0.20839539170265198, 0.20708517730236053, 0.2094409167766571, 0.2069183737039566, 0.20855611562728882, 0.20654065907001495, 0.2062321901321411, 0.21009579300880432, 0.2067541629076004, 0.20603352785110474, 0.211097851395607, 0.20901243388652802, 0.2077532261610031, 0.2064601331949234, 0.20746618509292603, 0.20698440074920654, 0.2075827717781067, 0.20586542785167694, 0.20800408720970154, 0.2097988724708557, 0.20769117772579193, 0.20558220148086548, 0.20855802297592163, 0.2087244987487793, 0.207804873585701, 0.20905953645706177, 0.21212467551231384, 0.21026821434497833, 0.20601965487003326, 0.21129409968852997, 0.20804189145565033, 0.20753318071365356, 0.20683559775352478, 0.2069605439901352, 0.20987245440483093, 0.2100733518600464, 0.20824766159057617, 0.20889051258563995, 0.20985877513885498, 0.2081824541091919, 0.20645350217819214, 0.20754434168338776, 0.20819546282291412, 0.2077193409204483, 0.20945172011852264, 0.20998729765415192, 0.20850305259227753, 0.20843273401260376, 0.20635786652565002, 0.20752014219760895, 0.2093132734298706, 0.2071339190006256, 0.2161555290222168, 0.20637574791908264, 0.21001997590065002, 0.20796562731266022, 0.21061216294765472, 0.20753207802772522, 0.2072560340166092, 0.20853671431541443, 0.2085294872522354, 0.21177740395069122, 0.20772618055343628, 0.20837394893169403, 0.2109815776348114, 0.20993027091026306, 0.20821721851825714, 0.20886781811714172, 0.20834045112133026, 0.21095111966133118, 0.20876741409301758, 0.2097962200641632, 0.21041686832904816, 0.20864233374595642, 0.20899753272533417, 0.2137373387813568, 0.20875024795532227, 0.20997557044029236, 0.20702366530895233, 0.20900508761405945, 0.2092593014240265, 0.21023064851760864, 0.21082353591918945, 0.210663303732872, 0.20799857378005981, 0.20879177749156952, 0.2125910520553589, 0.21052156388759613, 0.2098671793937683, 0.21084442734718323, 0.21083183586597443, 0.2116524577140808, 0.2132652848958969, 0.2119298130273819, 0.20852495729923248, 0.2122575044631958, 0.2105979472398758, 0.21036407351493835, 0.21018525958061218, 0.20889654755592346, 0.20888091623783112, 0.21005289256572723, 0.2088451236486435, 0.215973362326622, 0.21118220686912537, 0.20863771438598633, 0.20722761750221252, 0.20775459706783295, 0.2150624841451645, 0.21310444176197052, 0.20945261418819427, 0.21023374795913696, 0.210102841258049, 0.20971661806106567, 0.20844534039497