,number,value,datetime_start,datetime_complete,duration,params_batch_size_scaler,params_constant_learning_rate,params_depth,params_epochs,params_kernel_l2,params_num_trees,params_temperature,user_attrs_accuracy_test,user_attrs_accuracy_valid,user_attrs_approximate_feature_sparsity,user_attrs_approximate_feature_sparsity_history,user_attrs_approximate_weight_sparsity,user_attrs_approximate_weight_sparsity_history,user_attrs_auc_test,user_attrs_auc_valid,user_attrs_feature_sparsity,user_attrs_feature_sparsity_history,user_attrs_num_epochs,user_attrs_val_loss_history,user_attrs_weight_sparsity,user_attrs_weight_sparsity_history,state
115,115,0.7409217967049244,2024-08-31 04:48:47.462222,2024-08-31 04:56:46.593390,0 days 00:07:59.131168,4,0.7319510990546891,5,490,0.5507201700750735,68,0.0017371172946988468,0.869,0.86625,1,"[33, 33, 33, 33, 33, 12, 8, 6, 5, 5, 5, 5, 5, 5, 5, 5, 4, 4, 4, 4, 4, 4, 4, 4, 4, 4, 4, 4, 4, 4, 4, 4, 4, 4, 4, 4, 4, 4, 4, 4, 4, 4, 4, 4, 4, 4, 4, 4, 4, 4, 4, 4, 4, 4, 4, 4, 4, 4, 4, 4, 4, 4, 4, 4, 4, 4, 4, 4, 4, 4, 4, 4, 4, 4, 4, 4, 4, 4, 4, 4, 4, 4, 4, 4, 4, 4, 4, 4, 4, 3, 3, 3, 3, 3, 3, 3, 3, 3, 3, 3, 3, 3, 3, 3, 3, 3, 3, 3, 3, 3, 3, 3, 3, 3, 3, 3, 3, 3, 3, 3, 3, 3, 3, 3, 3, 3, 3, 3, 3, 3, 3, 3, 3, 3, 3, 3, 3, 3, 3, 3, 3, 3, 3, 3, 3, 3, 3, 3, 3, 3, 3, 3, 3, 3, 3, 3, 3, 3, 3, 3, 3, 3, 2, 2, 2, 2, 2, 2, 2, 2, 2, 2, 2, 2, 2, 2, 2, 2, 2, 2, 2, 2, 2, 2, 2, 2, 2, 2, 2, 2, 2, 2, 2, 2, 2, 2, 2, 2, 2, 2, 2, 2, 2, 2, 2, 2, 2, 2, 2, 2, 2, 2, 2, 2, 2, 2, 2, 2, 2, 2, 2, 2, 2, 2, 2, 2, 2, 2, 2, 2, 2, 2, 2, 2, 2, 2, 2, 2, 2, 2, 2, 2, 2, 2, 2, 2, 2, 2, 2, 2, 2, 2, 2, 2, 2, 2, 2, 2, 2, 2, 2, 2, 2, 2, 2, 2, 2, 2, 2, 2, 2, 2, 2, 2, 2, 2, 2, 2, 2, 2, 2, 2, 2, 2, 2, 2, 2, 2, 2, 2, 2, 2, 2, 2, 2, 2, 2, 2, 2, 2, 2, 2, 2, 2, 2, 2, 2, 2, 2, 2, 2, 2, 2, 2, 2, 2, 2, 2, 2, 2, 2, 2, 2, 2, 2, 2, 2, 2, 2, 2, 2, 2, 2, 2, 2, 2, 2, 2, 2, 2, 2, 2, 2, 2, 2, 2, 2, 2, 2, 2, 2, 2, 2, 2, 2, 2, 2, 2, 2, 2, 2, 2, 2, 2, 2, 2, 2, 2, 2, 2, 2, 2, 2, 2, 2, 2, 2, 2, 2, 2, 2, 2, 2, 2, 2, 2, 2, 2, 2, 2, 2, 2, 2, 2, 2, 2, 2, 2, 2, 2, 2, 2, 2, 2, 2, 2, 2, 2, 2, 2, 2, 2, 2, 2, 2, 2, 2, 2, 2, 2, 2, 2, 2, 2, 2, 2, 2, 2, 2, 2, 2, 2, 2, 2, 2, 2, 2, 2, 2, 2, 2, 2, 2, 2, 2, 2, 2, 2, 2, 2, 2, 2, 2, 2, 2, 2, 2, 2, 2, 2, 2, 2, 2, 2, 2, 2, 2, 2, 2, 2, 2, 2, 2, 2, 2, 2, 2, 2, 2, 2, 2, 2, 2, 2, 2, 2, 2, 2, 2, 1]",0.9867172675521821,"[32.93121442125237, 32.93453510436433, 32.92931688804554, 32.9331119544592, 32.92172675521822, 11.975806451612902, 7.981973434535103, 5.987666034155598, 4.992884250474383, 4.989563567362429, 4.9909867172675515, 4.991935483870968, 4.9895635673624295, 4.988614800759013, 4.985768500948767, 4.98908918406072, 3.9943074003795065, 3.9895635673624286, 3.9919354838709675, 3.990512333965844, 3.9876660341555974, 3.990986717267552, 3.990037950664137, 3.9924098671726753, 3.993358633776091, 3.9895635673624286, 3.9895635673624286, 3.9943074003795065, 3.9881404174573056, 3.988614800759013, 3.992884250474383, 3.9895635673624286, 3.990986717267552, 3.990512333965844, 3.9895635673624286, 3.990512333965844, 3.9881404174573056, 3.990986717267552, 3.9895635673624286, 3.9914611005692597, 3.988140417457305, 3.98719165085389, 3.986717267552182, 3.984819734345351, 3.9862428842504745, 3.9862428842504745, 3.982447817836812, 3.98292220113852, 3.9881404174573056, 3.985294117647059, 3.9857685009487662, 3.9895635673624286, 3.9890891840607208, 3.988614800759013, 3.988614800759013, 3.9895635673624286, 3.986717267552182, 3.9862428842504745, 3.980550284629981, 3.9857685009487667, 3.9819734345351043, 3.9862428842504745, 3.986717267552182, 3.9819734345351043, 3.98719165085389, 3.9819734345351048, 3.982447817836812, 3.9833965844402277, 3.984819734345351, 3.980550284629981, 3.980550284629981, 3.9833965844402277, 3.981024667931689, 3.9819734345351043, 3.9848197343453515, 3.9838709677419355, 3.9814990512333965, 3.980550284629981, 3.9814990512333965, 3.9781783681214424, 3.9739089184060723, 3.972485768500949, 3.975806451612903, 3.9767552182163186, 3.975806451612903, 3.9739089184060723, 3.9781783681214424, 3.9796015180265654, 3.9786527514231502, 2.9819734345351043, 2.9843453510436433, 2.98719165085389, 2.9867172675521823, 2.9867172675521823, 2.9857685009487667, 2.985294117647059, 2.984819734345351, 2.9900379506641364, 2.9876660341555974, 2.9833965844402277, 2.984819734345351, 2.982447817836812, 2.982447817836812, 2.9819734345351043, 2.9819734345351043, 2.985294117647059, 2.985294117647059, 2.9857685009487667, 2.9833965844402277, 2.9833965844402277, 2.984819734345351, 2.984819734345351, 2.9819734345351043, 2.9819734345351043, 2.982447817836812, 2.979127134724858, 2.981024667931689, 2.9810246679316887, 2.9810246679316887, 2.9814990512333965, 2.980550284629981, 2.977703984819734, 2.9819734345351048, 2.9833965844402277, 2.979127134724858, 2.979127134724858, 2.97865275142315, 2.977703984819734, 2.977229601518027, 2.9748576850094874, 2.977703984819734, 2.9767552182163186, 2.973908918406072, 2.973908918406072, 2.9753320683111957, 2.975806451612903, 2.9767552182163186, 2.9767552182163186, 2.9767552182163186, 2.972485768500949, 2.9748576850094874, 2.971062618595825, 2.9691650853889944, 2.969639468690702, 2.9701138519924095, 2.967267552182163, 2.969639468690702, 2.9715370018975333, 2.9762808349146113, 2.9715370018975333, 2.97438330170778, 2.972011385199241, 2.9705882352941178, 2.9691650853889944, 2.9720113851992407, 2.9710626185958255, 2.9691650853889944, 2.9686907020872866, 2.9686907020872866, 2.9686907020872866, 2.969639468690702, 2.9686907020872866, 1.9772296015180266, 1.9734345351043643, 1.9748576850094877, 1.9720113851992411, 1.9724857685009487, 1.9781783681214422, 1.9748576850094877, 1.9743833017077799, 1.9777039848197344, 1.9734345351043643, 1.9724857685009487, 1.972011385199241, 1.9691650853889944, 1.9715370018975333, 1.9710626185958255, 1.9720113851992411, 1.9691650853889944, 1.9686907020872866, 1.9710626185958255, 1.97011385199241, 1.9715370018975333, 1.973908918406072, 1.9753320683111955, 1.9767552182163186, 1.9767552182163186, 1.978178368121442, 1.976280834914611, 1.9734345351043643, 1.9710626185958255, 1.9663187855787476, 1.9672675521821632, 1.962998102466793, 1.965370018975332, 1.9620493358633775, 1.9667931688804554, 1.9667931688804554, 1.9663187855787476, 1.9663187855787476, 1.9672675521821632, 1.967741935483871, 1.9658444022770398, 1.9682163187855788, 1.9682163187855788, 1.967741935483871, 1.967741935483871, 1.9682163187855788, 1.965370018975332, 1.9672675521821632, 1.9634724857685009, 1.9705882352941178, 1.9639468690702087, 1.9639468690702087, 1.97011385199241, 1.967741935483871, 1.9658444022770398, 1.9724857685009487, 1.9691650853889944, 1.9743833017077799, 1.973908918406072, 1.9696394686907022, 1.9686907020872866, 1.97011385199241, 1.9734345351043643, 1.9686907020872866, 1.9715370018975333, 1.9758064516129032, 1.973908918406072, 1.9758064516129032, 1.9743833017077799, 1.973908918406072, 1.9753320683111955, 1.9734345351043643, 1.9734345351043643, 1.9710626185958255, 1.9729601518026565, 1.9705882352941178, 1.9734345351043643, 1.9734345351043643, 1.9715370018975333, 1.9720113851992411, 1.9724857685009487, 1.9710626185958255, 1.9720113851992411, 1.9705882352941178, 1.9691650853889944, 1.9686907020872866, 1.97011385199241, 1.9772296015180266, 1.9724857685009487, 1.9748576850094877, 1.9758064516129032, 1.9748576850094877, 1.9743833017077799, 1.9696394686907022, 1.9734345351043645, 1.9720113851992411, 1.9743833017077799, 1.9710626185958255, 1.9743833017077799, 1.9734345351043645, 1.972485768500949, 1.9748576850094877, 1.9734345351043643, 1.9710626185958255, 1.9729601518026567, 1.972485768500949, 1.9743833017077799, 1.9710626185958255, 1.9743833017077799, 1.9734345351043645, 1.972485768500949, 1.9710626185958255, 1.9734345351043643, 1.973908918406072, 1.9739089184060723, 1.9748576850094879, 1.9739089184060723, 1.972485768500949, 1.9748576850094877, 1.9758064516129032, 1.9753320683111955, 1.9753320683111955, 1.9748576850094877, 1.9743833017077799, 1.9743833017077799, 1.9743833017077799, 1.9753320683111955, 1.9748576850094877, 1.9743833017077799, 1.9758064516129032, 1.9748576850094879, 1.9772296015180264, 1.9758064516129032, 1.9777039848197342, 1.9777039848197342, 1.9772296015180264, 1.9777039848197342, 1.9743833017077799, 1.978178368121442, 1.9767552182163188, 1.978178368121442, 1.9800759013282732, 1.978178368121442, 1.9772296015180264, 1.9800759013282732, 1.9791271347248576, 1.9796015180265654, 1.9791271347248576, 1.9796015180265654, 1.9786527514231498, 1.9791271347248576, 1.9786527514231498, 1.9791271347248576, 1.9777039848197342, 1.9777039848197342, 1.9767552182163186, 1.9772296015180264, 1.9767552182163186, 1.9772296015180264, 1.9767552182163186, 1.976280834914611, 1.9777039848197342, 1.9758064516129032, 1.9762808349146108, 1.9753320683111955, 1.9753320683111955, 1.975806451612903, 1.9753320683111955, 1.9753320683111955, 1.9762808349146108, 1.975806451612903, 1.975806451612903, 1.975806451612903, 1.9753320683111955, 1.9753320683111955, 1.9753320683111955, 1.9758064516129032, 1.9758064516129032, 1.9758064516129032, 1.976280834914611, 1.9748576850094877, 1.9772296015180266, 1.9758064516129032, 1.9748576850094877, 1.9748576850094877, 1.9777039848197344, 1.976280834914611, 1.9767552182163188, 1.9739089184060723, 1.9748576850094877, 1.9753320683111955, 1.9743833017077799, 1.9739089184060723, 1.9753320683111955, 1.97438330170778, 1.97438330170778, 1.9739089184060723, 1.9753320683111955, 1.9758064516129032, 1.976280834914611, 1.976280834914611, 1.9758064516129032, 1.972485768500949, 1.976280834914611, 1.9734345351043645, 1.9758064516129032, 1.9743833017077799, 1.9729601518026567, 1.9753320683111955, 1.9753320683111955, 1.9743833017077799, 1.9729601518026567, 1.9748576850094877, 1.9748576850094877, 1.973908918406072, 1.9743833017077799, 1.9753320683111955, 1.9748576850094877, 1.9743833017077799, 1.973908918406072, 1.9743833017077799, 1.972485768500949, 1.9729601518026565, 1.9710626185958255, 1.9734345351043643, 1.9743833017077799, 1.9743833017077799, 1.9743833017077799, 1.9734345351043643, 1.9729601518026565, 1.9710626185958255, 1.9724857685009487, 1.9748576850094877, 1.9734345351043643, 1.973908918406072, 1.9743833017077799, 1.973908918406072, 1.9734345351043643, 1.9705882352941178, 1.973908918406072, 1.973908918406072, 1.9734345351043643, 1.9724857685009487, 1.9724857685009487, 1.973908918406072, 1.973908918406072, 1.9729601518026565, 1.973908918406072, 1.9724857685009487, 1.9710626185958255, 1.9729601518026565, 1.9743833017077799, 1.9729601518026565, 1.973908918406072, 1.9729601518026565, 1.9734345351043643, 1.9724857685009487, 1.9710626185958255, 1.9715370018975333, 1.9724857685009487, 1.9710626185958255, 1.9710626185958255, 1.972011385199241, 1.9724857685009487, 1.9724857685009487, 1.9715370018975333, 1.9710626185958255, 1.9696394686907022, 1.97011385199241, 1.9715370018975333, 1.9696394686907022, 1.9720113851992411, 1.9720113851992411, 1.9715370018975333, 1.97011385199241, 1.97011385199241, 1.9715370018975333, 1.9720113851992411, 1.9705882352941178, 1.9705882352941178, 1.97011385199241, 1.9696394686907022, 1.9720113851992411, 1.97011385199241, 1.9705882352941178, 1.9705882352941178, 1.9696394686907022, 1.97011385199241, 1.9696394686907022, 1.9720113851992411, 1.97011385199241, 1.97011385199241, 1.9705882352941178, 1.97011385199241, 1.97011385199241, 1.97011385199241, 1.97011385199241, 1.97011385199241, 1.9705882352941178, 1.9705882352941178, 1.9705882352941178, 1.9691650853889944, 1.9691650853889944, 1.9686907020872866, 1.9710626185958255, 1.97011385199241, 1.97011385199241, 1.9705882352941178, 1.9705882352941178, 1.97011385199241, 1.9705882352941178, 1.9710626185958255, 1.97011385199241, 1.97011385199241, 1.97011385199241, 1.97011385199241, 1.97011385199241, 1.97011385199241, 1.97011385199241, 1.9691650853889944, 1.97011385199241, 1.9682163187855788, 1.9682163187855788, 1.9682163187855788, 1.9691650853889944, 1.9682163187855788, 1.9682163187855788, 0.9867172675521821]",0.7191027006497742,0.7409217967049244,1,"[33, 33, 33, 33, 33, 12, 8, 6, 5, 5, 5, 5, 5, 5, 5, 5, 4, 4, 4, 4, 4, 4, 4, 4, 4, 4, 4, 4, 4, 4, 4, 4, 4, 4, 4, 4, 4, 4, 4, 4, 4, 4, 4, 4, 4, 4, 4, 4, 4, 4, 4, 4, 4, 4, 4, 4, 4, 4, 4, 4, 4, 4, 4, 4, 4, 4, 4, 4, 4, 4, 4, 4, 4, 4, 4, 4, 4, 4, 4, 4, 4, 4, 4, 4, 4, 4, 4, 4, 4, 3, 3, 3, 3, 3, 3, 3, 3, 3, 3, 3, 3, 3, 3, 3, 3, 3, 3, 3, 3, 3, 3, 3, 3, 3, 3, 3, 3, 3, 3, 3, 3, 3, 3, 3, 3, 3, 3, 3, 3, 3, 3, 3, 3, 3, 3, 3, 3, 3, 3, 3, 3, 3, 3, 3, 3, 3, 3, 3, 3, 3, 3, 3, 3, 3, 3, 3, 3, 3, 3, 3, 3, 3, 2, 2, 2, 2, 2, 2, 2, 2, 2, 2, 2, 2, 2, 2, 2, 2, 2, 2, 2, 2, 2, 2, 2, 2, 2, 2, 2, 2, 2, 2, 2, 2, 2, 2, 2, 2, 2, 2, 2, 2, 2, 2, 2, 2, 2, 2, 2, 2, 2, 2, 2, 2, 2, 2, 2, 2, 2, 2, 2, 2, 2, 2, 2, 2, 2, 2, 2, 2, 2, 2, 2, 2, 2, 2, 2, 2, 2, 2, 2, 2, 2, 2, 2, 2, 2, 2, 2, 2, 2, 2, 2, 2, 2, 2, 2, 2, 2, 2, 2, 2, 2, 2, 2, 2, 2, 2, 2, 2, 2, 2, 2, 2, 2, 2, 2, 2, 2, 2, 2, 2, 2, 2, 2, 2, 2, 2, 2, 2, 2, 2, 2, 2, 2, 2, 2, 2, 2, 2, 2, 2, 2, 2, 2, 2, 2, 2, 2, 2, 2, 2, 2, 2, 2, 2, 2, 2, 2, 2, 2, 2, 2, 2, 2, 2, 2, 2, 2, 2, 2, 2, 2, 2, 2, 2, 2, 2, 2, 2, 2, 2, 2, 2, 2, 2, 2, 2, 2, 2, 2, 2, 2, 2, 2, 2, 2, 2, 2, 2, 2, 2, 2, 2, 2, 2, 2, 2, 2, 2, 2, 2, 2, 2, 2, 2, 2, 2, 2, 2, 2, 2, 2, 2, 2, 2, 2, 2, 2, 2, 2, 2, 2, 2, 2, 2, 2, 2, 2, 2, 2, 2, 2, 2, 2, 2, 2, 2, 2, 2, 2, 2, 2, 2, 2, 2, 2, 2, 2, 2, 2, 2, 2, 2, 2, 2, 2, 2, 2, 2, 2, 2, 2, 2, 2, 2, 2, 2, 2, 2, 2, 2, 2, 2, 2, 2, 2, 2, 2, 2, 2, 2, 2, 2, 2, 2, 2, 2, 2, 2, 2, 2, 2, 2, 2, 2, 2, 2, 2, 2, 2, 2, 2, 2, 2, 2, 2, 2, 2, 2, 2, 2, 2, 2, 2, 2, 2, 2, 2, 1]",490,"[0.39253219962120056, 0.37800392508506775, 0.3703779876232147, 0.36497125029563904, 0.35674023628234863, 0.3464633822441101, 0.35052359104156494, 0.35432928800582886, 0.35142749547958374, 0.3485713303089142, 0.34646058082580566, 0.34248995780944824, 0.3393841087818146, 0.3370591402053833, 0.3381149172782898, 0.33248183131217957, 0.33507445454597473, 0.33284568786621094, 0.3321288228034973, 0.3272494971752167, 0.32732006907463074, 0.33014294505119324, 0.3238600194454193, 0.3225942552089691, 0.3222717344760895, 0.32156020402908325, 0.3197835087776184, 0.3208073675632477, 0.32225295901298523, 0.3273097276687622, 0.31746596097946167, 0.3218996524810791, 0.3168223798274994, 0.31891003251075745, 0.31596440076828003, 0.31505852937698364, 0.31445255875587463, 0.31570520997047424, 0.31394505500793457, 0.31422191858291626, 0.31375381350517273, 0.3122000992298126, 0.31208598613739014, 0.31305357813835144, 0.31209832429885864, 0.3109104037284851, 0.3112318813800812, 0.3138149082660675, 0.3112447261810303, 0.3114045560359955, 0.31025686860084534, 0.3097494840621948, 0.3102635443210602, 0.308162659406662, 0.3079371750354767, 0.3113286793231964, 0.30767643451690674, 0.30749356746673584, 0.3071170151233673, 0.3081358075141907, 0.3069120943546295, 0.30860576033592224, 0.31198668479919434, 0.30601733922958374, 0.3064970374107361, 0.30687084794044495, 0.3062659800052643, 0.3044842779636383, 0.3068842887878418, 0.3083574175834656, 0.3038240969181061, 0.3102782964706421, 0.3042713403701782, 0.303975909948349, 0.3033875524997711, 0.3072550892829895, 0.30651354789733887, 0.3049333095550537, 0.3045872449874878, 0.30290448665618896, 0.31686463952064514, 0.3028191924095154, 0.30190593004226685, 0.30563950538635254, 0.3057606816291809, 0.30678266286849976, 0.3067875802516937, 0.3021067678928375, 0.30592793226242065, 0.3218189477920532, 0.30697253346443176, 0.30453017354011536, 0.3032917082309723, 0.30443692207336426, 0.3027978539466858, 0.3024347722530365, 0.3034619987010956, 0.3047703802585602, 0.3017861843109131, 0.3037314713001251, 0.3016989231109619, 0.30262643098831177, 0.3014754056930542, 0.3026961088180542, 0.30214056372642517, 0.3006773591041565, 0.3006547689437866, 0.3078782260417938, 0.30738821625709534, 0.3013332784175873, 0.3001677691936493, 0.3005845844745636, 0.3007620573043823, 0.3002241253852844, 0.3039655387401581, 0.29977285861968994, 0.30082282423973083, 0.30639880895614624, 0.29923707246780396, 0.3021561801433563, 0.3008309602737427, 0.2989448308944702, 0.30366820096969604, 0.3037196099758148, 0.301973432302475, 0.29875293374061584, 0.2984201908111572, 0.30180424451828003, 0.2995167076587677, 0.29975682497024536, 0.29896658658981323, 0.2985248565673828, 0.2994648218154907, 0.2984884977340698, 0.30037879943847656, 0.3094005286693573, 0.29889634251594543, 0.30064332485198975, 0.3032965064048767, 0.2981952130794525, 0.29956546425819397, 0.2984718382358551, 0.2998467683792114, 0.2978000044822693, 0.29987040162086487, 0.3014511168003082, 0.3065091371536255, 0.29708921909332275, 0.303958535194397, 0.2983998954296112, 0.3021402657032013, 0.2976512014865875, 0.29705896973609924, 0.2987366020679474, 0.2984813451766968, 0.3001103103160858, 0.2975590229034424, 0.29741013050079346, 0.29776373505592346, 0.2974247634410858, 0.3000723719596863, 0.29896730184555054, 0.32672199606895447, 0.32735222578048706, 0.3232848346233368, 0.3242931365966797, 0.32689011096954346, 0.32378751039505005, 0.32409989833831787, 0.3232346773147583, 0.32372307777404785, 0.3225913643836975, 0.32275986671447754, 0.32304686307907104, 0.3219398856163025, 0.322642058134079, 0.3307960033416748, 0.32661116123199463, 0.3215882480144501, 0.32761305570602417, 0.3232358694076538, 0.3232908248901367, 0.323800265789032, 0.3238391578197479, 0.32231464982032776, 0.32209500670433044, 0.3219212293624878, 0.32126155495643616, 0.3214593231678009, 0.322775274515152, 0.32200300693511963, 0.3223462998867035, 0.32972994446754456, 0.3250872492790222, 0.324232280254364, 0.3268740177154541, 0.3281991481781006, 0.32175981998443604, 0.32288673520088196, 0.3280828595161438, 0.33183979988098145, 0.323764443397522, 0.32167473435401917, 0.32496100664138794, 0.32263028621673584, 0.3209007978439331, 0.32446062564849854, 0.32206976413726807, 0.3234693109989166, 0.32160937786102295, 0.3234632909297943, 0.3214578926563263, 0.32369890809059143, 0.3218904137611389, 0.32449162006378174, 0.3214404582977295, 0.3226958215236664, 0.32152116298675537, 0.3219742178916931, 0.3251064717769623, 0.32683831453323364, 0.3218984305858612, 0.32176920771598816, 0.32388192415237427, 0.3233420252799988, 0.32158908247947693, 0.32185596227645874, 0.3218750059604645, 0.32227709889411926, 0.3208509385585785, 0.3387661278247833, 0.3223564624786377, 0.32265618443489075, 0.32504889369010925, 0.32119235396385193, 0.321339875459671, 0.32061973214149475, 0.32315224409103394, 0.3215740919113159, 0.32495254278182983, 0.33058249950408936, 0.3214038908481598, 0.3213003873825073, 0.322538286447525, 0.3230983316898346, 0.321358323097229, 0.32084715366363525, 0.3206912577152252, 0.3217296898365021, 0.32146158814430237, 0.3220866024494171, 0.32027071714401245, 0.32310497760772705, 0.3217895030975342, 0.3219062089920044, 0.3230195641517639, 0.3252371549606323, 0.3216378688812256, 0.32275649905204773, 0.3213469684123993, 0.3321271240711212, 0.3217407464981079, 0.3205364942550659, 0.32501229643821716, 0.3198959529399872, 0.32160061597824097, 0.32205337285995483, 0.32889485359191895, 0.32708844542503357, 0.3203100562095642, 0.32277369499206543, 0.34359633922576904, 0.3207952380180359, 0.32217568159103394, 0.3213547468185425, 0.3215195834636688, 0.32108497619628906, 0.3210698664188385, 0.3320167660713196, 0.3227565884590149, 0.3268698751926422, 0.32136115431785583, 0.32173120975494385, 0.3230069875717163, 0.3222006559371948, 0.32103630900382996, 0.32288864254951477, 0.32278892397880554, 0.3204142451286316, 0.32116252183914185, 0.3205950856208801, 0.32146695256233215, 0.3233847916126251, 0.32196536660194397, 0.3226156234741211, 0.3216668665409088, 0.32108959555625916, 0.32168295979499817, 0.3216966688632965, 0.3234626054763794, 0.3212054371833801, 0.3264671564102173, 0.3268629312515259, 0.3311217129230499, 0.3227181136608124, 0.32423678040504456, 0.3297460079193115, 0.3205699026584625, 0.32128337025642395, 0.3204342722892761, 0.3214665353298187, 0.3207889199256897, 0.32227054238319397, 0.320778489112854, 0.3210718631744385, 0.3245503902435303, 0.32434794306755066, 0.3208099603652954, 0.3220332860946655, 0.32237258553504944, 0.33503395318984985, 0.32113906741142273, 0.32065051794052124, 0.33238503336906433, 0.3228280246257782, 0.3202598989009857, 0.3237886428833008, 0.32159721851348877, 0.32200488448143005, 0.3205578923225403, 0.32110852003097534, 0.3236962854862213, 0.3221572935581207, 0.3204382658004761, 0.32059550285339355, 0.3233928680419922, 0.32247886061668396, 0.3228575885295868, 0.32139748334884644, 0.32141613960266113, 0.32251593470573425, 0.32796210050582886, 0.32287147641181946, 0.325725257396698, 0.3348090350627899, 0.32130661606788635, 0.3211837112903595, 0.33029788732528687, 0.32087036967277527, 0.321461021900177, 0.32386457920074463, 0.32092705368995667, 0.3254244327545166, 0.32131755352020264, 0.3211546838283539, 0.33040714263916016, 0.3324824273586273, 0.3213003873825073, 0.32083413004875183, 0.3318517804145813, 0.32177284359931946, 0.32329803705215454, 0.3227887451648712, 0.3249470591545105, 0.32978054881095886, 0.3254675269126892, 0.3225826025009155, 0.32431262731552124, 0.32362231612205505, 0.31986624002456665, 0.3204710781574249, 0.3206108510494232, 0.3213568925857544, 0.32284796237945557, 0.32130226492881775, 0.320977121591568, 0.320777028799057, 0.32034072279930115, 0.32293546199798584, 0.32126739621162415, 0.32078322768211365, 0.3209908604621887, 0.3221602737903595, 0.3205137550830841, 0.3217904269695282, 0.32226285338401794, 0.3199681043624878, 0.3214179277420044, 0.32148587703704834, 0.32106056809425354, 0.32108139991760254, 0.32047152519226074, 0.3214656114578247, 0.3256690502166748, 0.321914404630661, 0.32325226068496704, 0.3216058611869812, 0.32136261463165283, 0.32402655482292175, 0.3253071904182434, 0.32641249895095825, 0.32430317997932434, 0.323822945356369, 0.3245165944099426, 0.32131072878837585, 0.32248425483703613, 0.32265374064445496, 0.32167041301727295, 0.32106339931488037, 0.3217008709907532, 0.32052284479141235, 0.32048851251602173, 0.3216147720813751, 0.32331717014312744, 0.3204749822616577, 0.3212873041629791, 0.322150319814682, 0.3217669427394867, 0.3207