,number,value,datetime_start,datetime_complete,duration,params_batch_size_scaler,params_constant_learning_rate,params_depth,params_epochs,params_kernel_l2,params_num_trees,params_temperature,user_attrs_accuracy_test,user_attrs_accuracy_valid,user_attrs_approximate_feature_sparsity,user_attrs_approximate_feature_sparsity_history,user_attrs_approximate_weight_sparsity,user_attrs_approximate_weight_sparsity_history,user_attrs_auc_test,user_attrs_auc_valid,user_attrs_feature_sparsity,user_attrs_feature_sparsity_history,user_attrs_num_epochs,user_attrs_val_loss_history,user_attrs_weight_sparsity,user_attrs_weight_sparsity_history,state
55,55,0.9170692120415813,2024-08-31 03:02:47.639480,2024-08-31 03:03:11.665786,0 days 00:00:24.026306,64,5.402833609363767,1,140,0.001045034153836473,44,0.00012138030059901453,0.92,0.93375,31,"[33, 33, 33, 33, 33, 33, 33, 33, 33, 33, 33, 33, 33, 33, 33, 33, 33, 33, 33, 33, 33, 33, 33, 33, 33, 33, 33, 33, 33, 33, 33, 33, 33, 33, 33, 33, 33, 33, 33, 33, 33, 33, 33, 33, 33, 33, 33, 33, 33, 33, 33, 33, 33, 32, 32, 32, 32, 32, 32, 32, 32, 32, 32, 32, 32, 32, 32, 32, 32, 32, 32, 32, 32, 32, 32, 32, 32, 32, 32, 32, 32, 32, 32, 32, 32, 32, 32, 32, 32, 32, 32, 32, 32, 32, 32, 32, 32, 32, 32, 32, 31, 31, 31, 31, 31, 31, 31, 31, 31, 31, 31, 31, 31, 31, 31, 31, 31, 31, 31, 31, 31, 31, 31, 31, 31, 31, 31, 31, 31, 31, 31, 31, 31, 31, 31, 31, 31, 31, 31, 31]",30.954545454545453,"[33.0, 33.0, 33.0, 33.0, 33.0, 33.0, 33.0, 33.0, 33.0, 33.0, 32.95454545454545, 33.0, 33.0, 33.0, 33.0, 33.0, 33.0, 33.0, 33.0, 32.97727272727273, 33.0, 32.97727272727273, 33.0, 33.0, 33.0, 33.0, 33.0, 33.0, 33.0, 33.0, 33.0, 33.0, 33.0, 33.0, 33.0, 33.0, 33.0, 33.0, 33.0, 33.0, 33.0, 33.0, 33.0, 33.0, 33.0, 33.0, 33.0, 32.97727272727273, 33.0, 33.0, 32.95454545454545, 33.0, 32.97727272727273, 31.977272727272727, 32.0, 31.977272727272727, 32.0, 32.0, 32.0, 32.0, 32.0, 32.0, 32.0, 31.977272727272727, 32.0, 32.0, 32.0, 31.977272727272727, 32.0, 32.0, 32.0, 32.0, 31.977272727272727, 32.0, 32.0, 32.0, 32.0, 32.0, 32.0, 32.0, 32.0, 32.0, 32.0, 32.0, 32.0, 32.0, 32.0, 32.0, 32.0, 32.0, 32.0, 32.0, 32.0, 32.0, 32.0, 32.0, 32.0, 31.977272727272727, 32.0, 32.0, 31.0, 31.0, 31.0, 31.0, 31.0, 31.0, 31.0, 31.0, 31.0, 31.0, 31.0, 31.0, 31.0, 31.0, 30.977272727272727, 31.0, 31.0, 31.0, 31.0, 31.0, 31.0, 31.0, 31.0, 31.0, 31.0, 31.0, 31.0, 31.0, 31.0, 31.0, 31.0, 31.0, 31.0, 31.0, 30.977272727272727, 31.0, 31.0, 30.977272727272727, 31.0, 30.954545454545453]",0.8785904771340582,0.9170692120415813,31,"[33, 33, 33, 33, 33, 33, 33, 33, 33, 33, 33, 33, 33, 33, 33, 33, 33, 33, 33, 33, 33, 33, 33, 33, 33, 33, 33, 33, 33, 33, 33, 33, 33, 33, 33, 33, 33, 33, 33, 33, 33, 33, 33, 33, 33, 33, 33, 33, 33, 33, 33, 33, 33, 32, 32, 32, 32, 32, 32, 32, 32, 32, 32, 32, 32, 32, 32, 32, 32, 32, 32, 32, 32, 32, 32, 32, 32, 32, 32, 32, 32, 32, 32, 32, 32, 32, 32, 32, 32, 32, 32, 32, 32, 32, 32, 32, 32, 32, 32, 32, 31, 31, 31, 31, 31, 31, 31, 31, 31, 31, 31, 31, 31, 31, 31, 31, 31, 31, 31, 31, 31, 31, 31, 31, 31, 31, 31, 31, 31, 31, 31, 31, 31, 31, 31, 31, 31, 31, 31, 31]",140,"[21.115198135375977, 24.13343048095703, 4.289625644683838, 30.804248809814453, 27.162208557128906, 18.60956573486328, 43.3934326171875, 14.23161506652832, 19.607316970825195, 35.17523956298828, 5.439770698547363, 18.661212921142578, 2.1299800872802734, 22.971355438232422, 5.0944366455078125, 4.038116931915283, 5.442965030670166, 12.18652629852295, 3.8257393836975098, 17.11263656616211, 4.819639682769775, 22.935592651367188, 4.578912734985352, 1.7842434644699097, 26.978792190551758, 4.5126166343688965, 4.69356107711792, 6.570430278778076, 1.7516566514968872, 7.150866508483887, 10.349575996398926, 2.837559700012207, 8.6884765625, 1.5961670875549316, 2.2436330318450928, 18.257898330688477, 6.133554458618164, 3.996363639831543, 2.4327943325042725, 4.506228923797607, 2.936732292175293, 2.1695973873138428, 1.519434928894043, 3.4171054363250732, 1.2052693367004395, 9.290212631225586, 1.324998140335083, 4.079999923706055, 1.1537433862686157, 5.168426513671875, 0.8735026717185974, 12.3081693649292, 1.664215087890625, 3.252173662185669, 20.016294479370117, 2.596493721008301, 2.0494139194488525, 2.9951844215393066, 1.2643581628799438, 1.387433648109436, 3.580650568008423, 1.320008397102356, 2.809208631515503, 1.0962203741073608, 4.431624412536621, 1.0857326984405518, 1.074602723121643, 10.856234550476074, 1.4732738733291626, 2.5655677318573, 2.45420241355896, 1.9811644554138184, 3.3864898681640625, 1.2327487468719482, 1.2270119190216064, 2.795926094055176, 4.340594291687012, 1.1504411697387695, 1.5309094190597534, 0.7966335415840149, 1.4427860975265503, 1.0005364418029785, 1.720086932182312, 1.5148016214370728, 4.485294818878174, 1.0415103435516357, 0.7912778258323669, 2.811115026473999, 3.7700231075286865, 1.0476462841033936, 3.0452816486358643, 1.1677271127700806, 4.9760422706604, 3.505763053894043, 1.302524209022522, 1.6698622703552246, 2.0273995399475098, 0.9163644909858704, 2.010526180267334, 1.4647506475448608, 0.8710964918136597, 1.8291726112365723, 0.9066402912139893, 3.0262179374694824, 0.9296889305114746, 2.4562718868255615, 1.004516363143921, 0.84014493227005, 2.650883436203003, 2.0648350715637207, 1.446248173713684, 1.236607313156128, 1.106493353843689, 0.814426064491272, 1.463494896888733, 1.8869044780731201, 1.3825761079788208, 0.8647606372833252, 1.6591897010803223, 4.249869346618652, 1.854697823524475, 1.1041172742843628, 0.8930204510688782, 1.5811458826065063, 1.004604697227478, 0.9636191725730896, 1.6160340309143066, 1.5462815761566162, 1.8265602588653564, 1.0149016380310059, 1.8921325206756592, 2.7402641773223877, 1.8620021343231201, 1.278488039970398, 1.8165981769561768, 1.551734447479248, 1.5000361204147339, 2.391287088394165, 0.9376756548881531, 0.8425908088684082]",31.0,"[33.0, 33.0, 33.0, 33.0, 33.0, 33.0, 33.0, 33.0, 33.0, 33.0, 33.0, 33.0, 33.0, 33.0, 33.0, 33.0, 33.0, 33.0, 33.0, 33.0, 33.0, 33.0, 33.0, 33.0, 33.0, 33.0, 33.0, 33.0, 33.0, 33.0, 33.0, 33.0, 33.0, 33.0, 33.0, 33.0, 33.0, 33.0, 33.0, 33.0, 33.0, 33.0, 33.0, 33.0, 33.0, 33.0, 33.0, 33.0, 33.0, 33.0, 33.0, 33.0, 33.0, 32.0, 32.0, 32.0, 32.0, 32.0, 32.0, 32.0, 32.0, 32.0, 32.0, 32.0, 32.0, 32.0, 32.0, 32.0, 32.0, 32.0, 32.0, 32.0, 32.0, 32.0, 32.0, 32.0, 32.0, 32.0, 32.0, 32.0, 32.0, 32.0, 32.0, 32.0, 32.0, 32.0, 32.0, 32.0, 32.0, 32.0, 32.0, 32.0, 32.0, 32.0, 32.0, 32.0, 32.0, 32.0, 32.0, 32.0, 31.0, 31.0, 31.0, 31.0, 31.0, 31.0, 31.0, 31.0, 31.0, 31.0, 31.0, 31.0, 31.0, 31.0, 31.0, 31.0, 31.0, 31.0, 31.0, 31.0, 31.0, 31.0, 31.0, 31.0, 31.0, 31.0, 31.0, 31.0, 31.0, 31.0, 31.0, 31.0, 31.0, 31.0, 31.0, 31.0, 31.0, 31.0, 31.0, 31.0]",COMPLETE
56,56,0.7857299274774253,2024-08-31 03:03:13.572669,2024-08-31 03:04:28.284220,0 days 00:01:14.711551,4,0.020422406578571865,3,85,0.031058529795065515,66,0.00042181742797770737,0.878,0.87375,33,"[33, 33, 33, 33, 33, 33, 33, 33, 33, 33, 33, 33, 33, 33, 33, 33, 33, 33, 33, 33, 33, 33, 33, 33, 33, 33, 33, 33, 33, 33, 33, 33, 33, 33, 33, 33, 33, 33, 33, 33, 33, 33, 33, 33, 33, 33, 33, 33, 33, 33, 33, 33, 33, 33, 33, 33, 33, 33, 33, 33, 33, 33, 33, 33, 33, 33, 33, 33, 33, 33, 33, 33, 33, 33, 33, 33, 33, 33, 33, 33, 33, 33, 33, 33, 33]",32.96753246753247,"[32.96536796536797, 32.96536796536797, 32.97186147186147, 32.97402597402598, 32.961038961038966, 32.96320346320346, 32.95670995670996, 32.96969696969697, 32.96969696969697, 32.95021645021645, 32.96969696969697, 32.96969696969697, 32.958874458874455, 32.96103896103896, 32.96320346320346, 32.96320346320346, 32.97402597402598, 32.97402597402598, 32.97402597402598, 32.95670995670996, 32.961038961038966, 32.96320346320347, 32.961038961038966, 32.961038961038966, 32.96103896103896, 32.96969696969697, 32.96536796536797, 32.97835497835498, 32.97835497835498, 32.96753246753247, 32.961038961038966, 32.96536796536797, 32.96320346320346, 32.95454545454545, 32.96969696969697, 32.96969696969697, 32.96320346320346, 32.967532467532465, 32.97402597402597, 32.97402597402597, 32.96536796536797, 32.96969696969697, 32.96320346320346, 32.952380952380956, 32.95887445887446, 32.961038961038966, 32.96536796536797, 32.95670995670996, 32.96320346320347, 32.97402597402598, 32.97186147186147, 32.97186147186147, 32.97402597402598, 32.98268398268398, 32.97835497835498, 32.97402597402598, 32.97186147186147, 32.96536796536797, 32.96536796536796, 32.967532467532465, 32.97186147186147, 32.96536796536797, 32.97186147186147, 32.97402597402597, 32.97402597402597, 32.97402597402598, 32.97186147186147, 32.976190476190474, 32.97186147186147, 32.96536796536797, 32.976190476190474, 32.95670995670996, 32.97186147186147, 32.96536796536797, 32.976190476190474, 32.98051948051948, 32.98268398268398, 32.97402597402598, 32.98268398268398, 32.97835497835498, 32.97835497835498, 32.976190476190474, 32.976190476190474, 32.96753246753247, 32.96753246753247]",0.8111609243801551,0.7857299274774253,33,"[33, 33, 33, 33, 33, 33, 33, 33, 33, 33, 33, 33, 33, 33, 33, 33, 33, 33, 33, 33, 33, 33, 33, 33, 33, 33, 33, 33, 33, 33, 33, 33, 33, 33, 33, 33, 33, 33, 33, 33, 33, 33, 33, 33, 33, 33, 33, 33, 33, 33, 33, 33, 33, 33, 33, 33, 33, 33, 33, 33, 33, 33, 33, 33, 33, 33, 33, 33, 33, 33, 33, 33, 33, 33, 33, 33, 33, 33, 33, 33, 33, 33, 33, 33, 33]",85,"[0.4036608636379242, 0.39916861057281494, 0.396114706993103, 0.3925417363643646, 0.3899240493774414, 0.387603759765625, 0.3855948746204376, 0.3838016092777252, 0.38221386075019836, 0.3808543086051941, 0.3795125186443329, 0.37833988666534424, 0.3772510588169098, 0.3762972950935364, 0.37538403272628784, 0.37442395091056824, 0.3735918402671814, 0.37280094623565674, 0.37203049659729004, 0.37137871980667114, 0.3707716763019562, 0.3703366219997406, 0.36949416995048523, 0.36855873465538025, 0.36795857548713684, 0.3673155605792999, 0.3667091727256775, 0.3662514388561249, 0.3653511106967926, 0.3648040294647217, 0.36420029401779175, 0.36360055208206177, 0.36297133564949036, 0.3624076545238495, 0.3616851568222046, 0.361186683177948, 0.36062636971473694, 0.3602832853794098, 0.3594270944595337, 0.3587496876716614, 0.3581598401069641, 0.35766494274139404, 0.3569831848144531, 0.35656601190567017, 0.35608306527137756, 0.3558826446533203, 0.35503411293029785, 0.3541812002658844, 0.3536970019340515, 0.35321322083473206, 0.35257843136787415, 0.35187655687332153, 0.35152819752693176, 0.3510342538356781, 0.3501599431037903, 0.34967413544654846, 0.3493100106716156, 0.34865865111351013, 0.3479151129722595, 0.34741151332855225, 0.34698688983917236, 0.34631121158599854, 0.346160352230072, 0.3451904058456421, 0.34483054280281067, 0.34437912702560425, 0.34352749586105347, 0.3430080711841583, 0.3424394130706787, 0.3420178294181824, 0.34143349528312683, 0.3408106863498688, 0.3406389355659485, 0.3397502601146698, 0.33944424986839294, 0.33882826566696167, 0.33815401792526245, 0.3375665545463562, 0.3370581865310669, 0.3369121551513672, 0.33609268069267273, 0.3355797827243805, 0.33489516377449036, 0.33444851636886597, 0.33387085795402527]",33.0,"[33.0, 33.0, 33.0, 33.0, 33.0, 33.0, 33.0, 33.0, 33.0, 33.0, 33.0, 33.0, 33.0, 33.0, 33.0, 33.0, 33.0, 33.0, 33.0, 33.0, 33.0, 33.0, 33.0, 33.0, 33.0, 33.0, 33.0, 33.0, 33.0, 33.0, 33.0, 33.0, 33.0, 33.0, 33.0, 33.0, 33.0, 33.0, 33.0, 33.0, 33.0, 33.0, 33.0, 33.0, 33.0, 33.0, 33.0, 33.0, 33.0, 33.0, 33.0, 33.0, 33.0, 33.0, 33.0, 33.0, 33.0, 33.0, 33.0, 33.0, 33.0, 33.0, 33.0, 33.0, 33.0, 33.0, 33.0, 33.0, 33.0, 33.0, 33.0, 33.0, 33.0, 33.0, 33.0, 33.0, 33.0, 33.0, 33.0, 33.0, 33.0, 33.0, 33.0, 33.0, 33.0]",COMPLETE
