,number,value,datetime_start,datetime_complete,duration,params_batch_size_scaler,params_constant_learning_rate,params_depth,params_epochs,params_kernel_l2,params_num_trees,params_temperature,user_attrs_accuracy_test,user_attrs_accuracy_valid,user_attrs_approximate_feature_sparsity,user_attrs_approximate_feature_sparsity_history,user_attrs_approximate_weight_sparsity,user_attrs_approximate_weight_sparsity_history,user_attrs_auc_test,user_attrs_auc_valid,user_attrs_feature_sparsity,user_attrs_feature_sparsity_history,user_attrs_num_epochs,user_attrs_val_loss_history,user_attrs_weight_sparsity,user_attrs_weight_sparsity_history,state
20,20,0.9218868750885599,2024-08-31 01:20:46.044761,2024-08-31 01:22:25.318467,0 days 00:01:39.273706,64,0.6466639564984057,5,360,0.09318604066735173,29,0.00027592493383422266,0.934,0.9375,33,"[33, 33, 33, 33, 33, 33, 33, 33, 33, 33, 33, 33, 33, 33, 33, 33, 33, 33, 33, 33, 33, 33, 33, 33, 33, 33, 33, 33, 33, 33, 33, 33, 33, 33, 33, 33, 33, 33, 33, 33, 33, 33, 33, 33, 33, 33, 33, 33, 33, 33, 33, 33, 33, 33, 33, 33, 33, 33, 33, 33, 33, 33, 33, 33, 33, 33, 33, 33, 33, 33, 33, 33, 33, 33, 33, 33, 33, 33, 33, 33, 33, 33, 33, 33, 33, 33, 33, 33, 33, 33, 33, 33, 33, 33, 33, 33, 33, 33, 33, 33, 33, 33, 33, 33, 33, 33, 33, 33, 33, 33, 33, 33, 33, 33, 33, 33, 33, 33, 33, 33, 33, 33, 33, 33, 33, 33, 33, 33, 33, 33, 33, 33, 33, 33, 33, 33, 33, 33, 33, 33, 33, 33, 33, 33, 33, 33, 33, 33, 33, 33, 33, 33, 33, 33, 33, 33, 33, 33, 33, 33, 33, 33, 33, 33, 33, 33, 33, 33, 33, 33, 33, 33, 33, 33, 33, 33, 33, 33, 33, 33, 33, 33, 33, 33, 33, 33, 33, 33, 33, 33, 33, 33, 33, 33, 33, 33, 33, 33, 33, 33, 33, 33, 33, 33, 33, 33, 33, 33, 33, 33, 33, 33, 33, 33, 33, 33, 33, 33, 33, 33, 33, 33, 33, 33, 33, 33, 33, 33, 33, 33, 33, 33, 33, 33, 33, 33, 33, 33, 33, 33, 33, 33, 33, 33, 33, 33, 33, 33, 33, 33, 33, 33, 33, 33, 33, 33, 33, 33, 33, 33, 33, 33, 33, 33, 33, 33, 33, 33, 33, 33, 33, 33, 33, 33, 33, 33, 33, 33, 33, 33, 33, 33, 33, 33, 33, 33, 33, 33, 33, 33, 33, 33, 33, 33, 33, 33, 33, 33, 33, 33, 33, 33, 33, 33, 33, 33, 33, 33, 33, 33, 33, 33, 33, 33, 33, 33, 33, 33, 33, 33, 33, 33, 33, 33, 33, 33, 33, 33, 33, 33, 33, 33, 33, 33, 33, 33, 33, 33, 33, 33, 33, 33, 33, 33, 33, 33, 33, 33, 33, 33, 33, 33, 33, 33, 33, 33, 33, 33, 33, 33]",32.95328142380423,"[32.95216907675195, 32.95550611790879, 32.96106785317019, 32.954393770856505, 32.95439377085651, 32.95550611790879, 32.97441601779756, 32.96440489432703, 32.95661846496107, 32.95550611790879, 32.957730812013345, 32.96551724137931, 32.97107897664071, 32.95328142380423, 32.95550611790878, 32.95884315906563, 32.95661846496107, 32.95995550611791, 32.96218020022247, 32.9488320355951, 32.96218020022247, 32.96551724137931, 32.96440489432703, 32.96551724137931, 32.95328142380423, 32.95995550611791, 32.95328142380423, 32.966629588431594, 32.96329254727475, 32.96551724137931, 32.96329254727475, 32.96551724137931, 32.96885428253615, 32.95216907675194, 32.96218020022247, 32.96440489432703, 32.95661846496107, 32.96440489432703, 32.96440489432703, 32.95995550611791, 32.95661846496107, 32.961067853170185, 32.954393770856505, 32.966629588431594, 32.96329254727475, 32.95105672969967, 32.94327030033371, 32.957730812013345, 32.96218020022247, 32.95328142380423, 32.94549499443826, 32.95550611790879, 32.95661846496107, 32.95884315906563, 32.96440489432703, 32.972191323692996, 32.973303670745274, 32.97441601779755, 32.96885428253616, 32.966629588431594, 32.97107897664071, 32.96774193548387, 32.96106785317019, 32.95661846496107, 32.95661846496107, 32.95216907675195, 32.95216907675194, 32.96218020022247, 32.95884315906563, 32.96551724137931, 32.95773081201335, 32.966629588431594, 32.96885428253616, 32.95995550611791, 32.95884315906563, 32.95439377085651, 32.96885428253616, 32.96551724137932, 32.973303670745274, 32.96662958843159, 32.95884315906563, 32.959955506117915, 32.944382647385986, 32.95328142380423, 32.96218020022247, 32.95995550611791, 32.957730812013345, 32.96106785317019, 32.94327030033371, 32.95661846496107, 32.96218020022247, 32.963292547274754, 32.95773081201335, 32.95661846496107, 32.95995550611791, 32.95884315906563, 32.95661846496107, 32.96218020022247, 32.95550611790878, 32.951056729699665, 32.95884315906563, 32.95773081201335, 32.95550611790879, 32.95773081201335, 32.957730812013345, 32.9488320355951, 32.95773081201335, 32.95216907675194, 32.95216907675195, 32.94327030033371, 32.94549499443826, 32.9488320355951, 32.95216907675195, 32.95328142380423, 32.95216907675194, 32.95328142380423, 32.95773081201335, 32.95328142380423, 32.95884315906563, 32.95884315906563, 32.95216907675195, 32.96106785317019, 32.95773081201335, 32.938820912124584, 32.95216907675195, 32.94994438264739, 32.95550611790879, 32.95773081201335, 32.957730812013345, 32.954393770856505, 32.95216907675194, 32.96885428253615, 32.963292547274754, 32.975528364849836, 32.978865406006676, 32.973303670745274, 32.96440489432703, 32.95995550611791, 32.96551724137932, 32.97107897664071, 32.969966629588434, 32.966629588431594, 32.95884315906563, 32.95884315906563, 32.96440489432703, 32.95773081201335, 32.96329254727475, 32.969966629588434, 32.97441601779755, 32.97107897664071, 32.969966629588434, 32.97107897664071, 32.973303670745274, 32.963292547274754, 32.969966629588434, 32.96774193548387, 32.95550611790879, 32.95661846496107, 32.96218020022247, 32.96106785317019, 32.959955506117915, 32.95661846496107, 32.95995550611791, 32.96774193548387, 32.96106785317019, 32.95661846496107, 32.95884315906563, 32.96996662958843, 32.96662958843159, 32.96774193548387, 32.96551724137931, 32.96885428253615, 32.969966629588434, 32.97107897664071, 32.96551724137931, 32.96551724137931, 32.96440489432703, 32.96551724137931, 32.95661846496107, 32.947719688542826, 32.94660734149055, 32.95328142380423, 32.95995550611791, 32.95995550611791, 32.95661846496107, 32.95661846496107, 32.9488320355951, 32.96440489432703, 32.957730812013345, 32.95995550611791, 32.954393770856505, 32.95216907675194, 32.95995550611791, 32.95884315906563, 32.95328142380423, 32.95773081201335, 32.95550611790879, 32.957730812013345, 32.96774193548387, 32.95328142380423, 32.96551724137931, 32.96551724137931, 32.966629588431594, 32.96885428253616, 32.96440489432703, 32.96440489432703, 32.95884315906563, 32.95773081201335, 32.96551724137932, 32.969966629588434, 32.975528364849836, 32.96440489432703, 32.96440489432703, 32.96662958843159, 32.96440489432703, 32.97107897664071, 32.97107897664071, 32.96551724137931, 32.96774193548387, 32.95995550611791, 32.95328142380423, 32.957730812013345, 32.951056729699665, 32.95550611790879, 32.95328142380423, 32.95550611790879, 32.947719688542826, 32.95884315906563, 32.95216907675195, 32.95995550611791, 32.95550611790879, 32.96218020022247, 32.95773081201335, 32.95661846496107, 32.95773081201335, 32.96218020022247, 32.972191323692996, 32.95773081201335, 32.95773081201335, 32.95995550611791, 32.95439377085651, 32.9488320355951, 32.95661846496107, 32.963292547274754, 32.96551724137932, 32.96106785317019, 32.96551724137931, 32.96329254727475, 32.96218020022247, 32.96440489432703, 32.96329254727475, 32.97107897664071, 32.969966629588434, 32.97441601779755, 32.96996662958843, 32.96106785317019, 32.96551724137931, 32.96218020022247, 32.95661846496107, 32.95328142380423, 32.975528364849836, 32.966629588431594, 32.97107897664071, 32.973303670745274, 32.96551724137931, 32.973303670745274, 32.96662958843159, 32.96329254727475, 32.96551724137931, 32.96440489432703, 32.96329254727475, 32.96885428253616, 32.95661846496107, 32.96551724137931, 32.94549499443826, 32.96218020022247, 32.96440489432703, 32.96440489432703, 32.95550611790878, 32.96440489432703, 32.96440489432703, 32.966629588431594, 32.96218020022247, 32.96218020022247, 32.96106785317019, 32.96774193548387, 32.96106785317019, 32.966629588431594, 32.95995550611791, 32.95661846496107, 32.95550611790879, 32.963292547274754, 32.96329254727475, 32.954393770856505, 32.96329254727475, 32.966629588431594, 32.954393770856505, 32.94883203559511, 32.95661846496107, 32.95884315906563, 32.95884315906563, 32.96551724137931, 32.969966629588434, 32.969966629588434, 32.95995550611791, 32.96662958843159, 32.96551724137931, 32.96774193548387, 32.96662958843159, 32.97441601779755, 32.96774193548387, 32.969966629588434, 32.96329254727475, 32.966629588431594, 32.96440489432703, 32.96774193548387, 32.969966629588434, 32.95773081201335, 32.96218020022247, 32.96218020022247, 32.96440489432703, 32.96106785317019, 32.95661846496107, 32.96106785317019, 32.96329254727475, 32.95661846496107, 32.96106785317019, 32.963292547274754, 32.963292547274754, 32.95661846496107, 32.95773081201335, 32.95550611790879, 32.95550611790879, 32.95105672969967, 32.944382647385986, 32.94327030033371, 32.94994438264739, 32.96218020022247, 32.95328142380423, 32.94994438264739, 32.95661846496107, 32.95328142380423, 32.9488320355951, 32.94660734149055, 32.94215795328142, 32.94883203559511, 32.96218020022247, 32.95773081201335, 32.95550611790879, 32.963292547274754, 32.96440489432703, 32.963292547274754, 32.96551724137931, 32.95661846496107, 32.966629588431594, 32.96440489432703, 32.95884315906563, 32.95661846496107, 32.95773081201335, 32.95328142380423]",0.9081481848430057,0.9218868750885599,33,"[33, 33, 33, 33, 33, 33, 33, 33, 33, 33, 33, 33, 33, 33, 33, 33, 33, 33, 33, 33, 33, 33, 33, 33, 33, 33, 33, 33, 33, 33, 33, 33, 33, 33, 33, 33, 33, 33, 33, 33, 33, 33, 33, 33, 33, 33, 33, 33, 33, 33, 33, 33, 33, 33, 33, 33, 33, 33, 33, 33, 33, 33, 33, 33, 33, 33, 33, 33, 33, 33, 33, 33, 33, 33, 33, 33, 33, 33, 33, 33, 33, 33, 33, 33, 33, 33, 33, 33, 33, 33, 33, 33, 33, 33, 33, 33, 33, 33, 33, 33, 33, 33, 33, 33, 33, 33, 33, 33, 33, 33, 33, 33, 33, 33, 33, 33, 33, 33, 33, 33, 33, 33, 33, 33, 33, 33, 33, 33, 33, 33, 33, 33, 33, 33, 33, 33, 33, 33, 33, 33, 33, 33, 33, 33, 33, 33, 33, 33, 33, 33, 33, 33, 33, 33, 33, 33, 33, 33, 33, 33, 33, 33, 33, 33, 33, 33, 33, 33, 33, 33, 33, 33, 33, 33, 33, 33, 33, 33, 33, 33, 33, 33, 33, 33, 33, 33, 33, 33, 33, 33, 33, 33, 33, 33, 33, 33, 33, 33, 33, 33, 33, 33, 33, 33, 33, 33, 33, 33, 33, 33, 33, 33, 33, 33, 33, 33, 33, 33, 33, 33, 33, 33, 33, 33, 33, 33, 33, 33, 33, 33, 33, 33, 33, 33, 33, 33, 33, 33, 33, 33, 33, 33, 33, 33, 33, 33, 33, 33, 33, 33, 33, 33, 33, 33, 33, 33, 33, 33, 33, 33, 33, 33, 33, 33, 33, 33, 33, 33, 33, 33, 33, 33, 33, 33, 33, 33, 33, 33, 33, 33, 33, 33, 33, 33, 33, 33, 33, 33, 33, 33, 33, 33, 33, 33, 33, 33, 33, 33, 33, 33, 33, 33, 33, 33, 33, 33, 33, 33, 33, 33, 33, 33, 33, 33, 33, 33, 33, 33, 33, 33, 33, 33, 33, 33, 33, 33, 33, 33, 33, 33, 33, 33, 33, 33, 33, 33, 33, 33, 33, 33, 33, 33, 33, 33, 33, 33, 33, 33, 33, 33, 33, 33, 33, 33, 33, 33, 33, 33, 33, 33]",360,"[0.4318884015083313, 0.40403732657432556, 0.39719158411026, 0.39360564947128296, 0.39044860005378723, 0.3878103494644165, 0.3853578567504883, 0.38346537947654724, 0.3814147114753723, 0.38050568103790283, 0.3790230453014374, 0.3780679404735565, 0.376977801322937, 0.37552034854888916, 0.3747636675834656, 0.3737245202064514, 0.3728182911872864, 0.37156954407691956, 0.37041839957237244, 0.3695700168609619, 0.36902540922164917, 0.3680529296398163, 0.36670616269111633, 0.36615145206451416, 0.3657180070877075, 0.36482441425323486, 0.36505722999572754, 0.3649199306964874, 0.36428767442703247, 0.3634902238845825, 0.36282551288604736, 0.3622337579727173, 0.3612658977508545, 0.3607233762741089, 0.360065758228302, 0.35944288969039917, 0.35890161991119385, 0.3578717112541199, 0.3571845591068268, 0.35744866728782654, 0.35643309354782104, 0.3561502695083618, 0.3555270731449127, 0.35448452830314636, 0.35332122445106506, 0.35263556241989136, 0.3522518277168274, 0.3518780469894409, 0.3516301214694977, 0.34981387853622437, 0.3491596281528473, 0.3484688103199005, 0.3481392562389374, 0.34766140580177307, 0.34745943546295166, 0.34633195400238037, 0.34561389684677124, 0.345022588968277, 0.3445327877998352, 0.34393346309661865, 0.3429218530654907, 0.3428539037704468, 0.34178265929222107, 0.34081223607063293, 0.33998996019363403, 0.33948177099227905, 0.338161826133728, 0.33672070503234863, 0.3355809450149536, 0.33493056893348694, 0.33405911922454834, 0.3334196209907532, 0.3323550522327423, 0.33130377531051636, 0.3302840292453766, 0.3298703134059906, 0.32875174283981323, 0.32806622982025146, 0.32715266942977905, 0.3265048861503601, 0.3253856599330902, 0.32442647218704224, 0.3237157464027405, 0.32276830077171326, 0.32147419452667236, 0.32091599702835083, 0.31934654712677, 0.3183208107948303, 0.3186352550983429, 0.3170093297958374, 0.3161694407463074, 0.31554049253463745, 0.3147684633731842, 0.3135150671005249, 0.31208744645118713, 0.31120455265045166, 0.3101359009742737, 0.3092345595359802, 0.30799436569213867, 0.3071555197238922, 0.3061772882938385, 0.30574876070022583, 0.30412453413009644, 0.30276861786842346, 0.3027016222476959, 0.3016490042209625, 0.3000970184803009, 0.29967445135116577, 0.29864099621772766, 0.2984704077243805, 0.29735496640205383, 0.2962245047092438, 0.29513993859291077, 0.2941318154335022, 0.29370352625846863, 0.29215341806411743, 0.290863960981369, 0.29052734375, 0.2897074222564697, 0.28796857595443726, 0.2869430482387543, 0.28661805391311646, 0.28666090965270996, 0.2861959636211395, 0.2859763205051422, 0.28552573919296265, 0.2845727503299713, 0.2837728261947632, 0.2832563817501068, 0.28215691447257996, 0.28153902292251587, 0.2808425724506378, 0.27947109937667847, 0.2790129482746124, 0.27851489186286926, 0.2783282697200775, 0.27718251943588257, 0.2765365540981293, 0.27592161297798157, 0.2749565541744232, 0.2745913863182068, 0.2738591730594635, 0.2732585072517395, 0.27281343936920166, 0.27224045991897583, 0.27199986577033997, 0.2717565596103668, 0.2716347873210907, 0.27075469493865967, 0.2698531448841095, 0.269700288772583, 0.27001214027404785, 0.2696671783924103, 0.2692013382911682, 0.26869481801986694, 0.26901641488075256, 0.26891380548477173, 0.26719245314598083, 0.26663029193878174, 0.2658945620059967, 0.2645323872566223, 0.26429688930511475, 0.2643117606639862, 0.26404082775115967, 0.2634020447731018, 0.2633216381072998, 0.26406997442245483, 0.26246798038482666, 0.2613650858402252, 0.26107078790664673, 0.2593974769115448, 0.2593604624271393, 0.2588067054748535, 0.25887370109558105, 0.2586047053337097, 0.2589610815048218, 0.25741881132125854, 0.2570439279079437, 0.25667107105255127, 0.2568112015724182, 0.25654366612434387, 0.2553575932979584, 0.2551092505455017, 0.2548547387123108, 0.2550276815891266, 0.25490036606788635, 0.253874808549881, 0.25357335805892944, 0.2537648677825928, 0.25192710757255554, 0.25165337324142456, 0.251431941986084, 0.2512154281139374, 0.25099629163742065, 0.25034111738204956, 0.25012391805648804, 0.25029173493385315, 0.2510484755039215, 0.25139787793159485, 0.2511484622955322, 0.2508639097213745, 0.25102299451828003, 0.25131338834762573, 0.2494858205318451, 0.24890367686748505, 0.24806682765483856, 0.24909371137619019, 0.24825580418109894, 0.24739356338977814, 0.24794597923755646, 0.24713018536567688, 0.24627932906150818, 0.24610085785388947, 0.24641641974449158, 0.2460489273071289, 0.24631771445274353, 0.24592165648937225, 0.24499157071113586, 0.24436812102794647, 0.24382491409778595, 0.2430555671453476, 0.2432134747505188, 0.24302680790424347, 0.24327899515628815, 0.24231822788715363, 0.24251902103424072, 0.24213960766792297, 0.24149541556835175, 0.24173754453659058, 0.24068285524845123, 0.24094022810459137, 0.23894630372524261, 0.23871703445911407, 0.23869900405406952, 0.23854570090770721, 0.23729176819324493, 0.23816905915737152, 0.23670226335525513, 0.23589636385440826, 0.23620814085006714, 0.2361871749162674, 0.23576253652572632, 0.23578782379627228, 0.23649394512176514, 0.23505395650863647, 0.2346230447292328, 0.2350536286830902, 0.23533444106578827, 0.23591752350330353, 0.23468540608882904, 0.23397277295589447, 0.2341611683368683, 0.23439234495162964, 0.23477834463119507, 0.23367324471473694, 0.2344786673784256, 0.23393219709396362, 0.2331129014492035, 0.23290282487869263, 0.23247087001800537, 0.23277035355567932, 0.2321023792028427, 0.23167283833026886, 0.23128606379032135, 0.23148660361766815, 0.2305867075920105, 0.22993794083595276, 0.22959209978580475, 0.22929984331130981, 0.23045064508914948, 0.23180264234542847, 0.22999590635299683, 0.23013123869895935, 0.22814933955669403, 0.2279973030090332, 0.2285163551568985, 0.23023124039173126, 0.2284853309392929, 0.2280527949333191, 0.22789569199085236, 0.22702035307884216, 0.22762459516525269, 0.227488711476326, 0.22625797986984253, 0.2269299328327179, 0.2262013554573059, 0.22599934041500092, 0.22747863829135895, 0.22669170796871185, 0.22486568987369537, 0.22518318891525269, 0.2251834273338318, 0.22431440651416779, 0.2237280011177063, 0.22321778535842896, 0.22368896007537842, 0.22408968210220337, 0.22446896135807037, 0.22478677332401276, 0.22437377274036407, 0.22461098432540894, 0.22323249280452728, 0.2224932312965393, 0.22188685834407806, 0.22304226458072662, 0.2223905622959137, 0.22212080657482147, 0.22166360914707184, 0.22115597128868103, 0.2201572060585022, 0.22022902965545654, 0.22027899324893951, 0.22064104676246643, 0.2212429940700531, 0.22066427767276764, 0.2193923443555832, 0.21947644650936127, 0.21951298415660858, 0.21978291869163513, 0.22100988030433655, 0.2194368690252304, 0.22044456005096436, 0.21887406706809998, 0.21971763670444489, 0.21957208216190338, 0.21981015801429749, 0.2186143547296524, 0.21885867416858673, 0.21877528727054596, 0.21719399094581604, 0.21727050840854645, 0.2165403813123703, 0.2167060524225235, 0.216265469789505, 0.2157771736383438, 0.21540170907974243, 0.2168642282485962, 0.21925435960292816, 0.21762943267822266, 0.21714144945144653, 0.21595993638038635, 0.21567241847515106, 0.21556240320205688, 0.21474486589431763, 0.21456900238990784, 0.2153247892856598, 0.21440476179122925, 0.2139919102191925, 0.21387003362178802, 0.21336646378040314, 0.2142225205898285, 0.21343907713890076, 0.21466413140296936, 0.21426686644554138, 0.21338079869747162, 0.21371199190616608, 0.21364840865135193, 0.21395465731620789, 0.21432000398635864, 0.2138671875]",33.0,"[33.0, 33.0, 33.0, 33.0, 33.0, 33.0, 33.0, 33.0, 33.0, 33.0, 33.0, 33.0, 33.0, 33.0, 33.0, 33.0, 33.0, 33.0, 33.0, 33.0, 33.0, 33.0, 33.0, 33.0, 33.0, 33.0, 33.0, 33.0, 33.0, 33.0, 33.0, 33.0, 33.0, 33.0, 33.0, 33.0, 33.0, 33.0, 33.0, 33.0, 33.0, 33.0, 33.0, 33.0, 33.0, 33.0, 33.0, 33.0, 33.0, 33.0, 33.0, 33.0, 33.0, 33.0, 33.0, 33.0, 33.0, 33.0, 33.0, 33.0, 33.0, 33.0, 33.0, 33.0, 33.0, 33.0, 33.0, 33.0, 33.0, 33.0, 33.0, 33.0, 33.0, 33.0, 33.0, 33.0, 33.0, 33.0, 33.0, 33.0, 33.0, 33.0, 33.0, 33.0, 33.0, 33.0, 33.0, 33.0, 33.0, 33.0, 33.0, 33.0, 33.0, 33.0, 33.0, 33.0, 33.0, 33.0, 33.0, 33.0, 33.0, 33.0, 33.0, 33.0, 33.0, 33.0, 33.0, 33.0, 33.0, 33.0, 33.0, 33.0, 33.0, 33.0, 33.0, 33.0, 33.0, 33.0, 33.0, 33.0, 33.0, 33.0, 33.0, 33.0, 33.0, 33.0, 33.0, 33.0, 33.0, 33.0, 33.0, 33.0, 33.0, 33.0, 33.0, 33.0, 33.0, 33.0, 33.0, 33.0, 33.0, 33.0, 33.0, 33.0, 33.0, 33.0, 33.0, 33.0, 33.0, 33.0, 33.0, 33.0, 33.0, 33.0, 33.0, 33.0, 33.0, 33.0, 33.0, 33.0, 33.0, 33.0, 33.0, 33.0, 33.0, 33.0, 33.0, 33.0, 33.0, 33.0, 33.0, 33.0, 33.0, 33.0, 33.0, 33.0, 33.0, 33.0, 33.0, 33.0, 33.0, 33.0, 33.0, 33.0, 33.0, 33.0, 33.0, 33.0, 33.0, 33.0, 33.0, 33.0, 33.0, 33.0, 33.0, 33.0, 33.0, 33.0, 33.0, 33.0, 33.0, 33.0, 33.0, 33.0, 33.0, 33.0, 33.0, 33.0, 33.0, 33.0, 33.0, 33.0, 33.0, 33.0, 33.0, 33.0, 33.0, 33.0, 33.0, 33.0, 33.0, 33.0, 33.0, 33.0, 33.0, 33.0, 33.0, 33.0, 33.0, 33.0, 33.0, 33.0, 33.0, 33.0, 33.0, 33.0, 33.0, 33.0, 33.0, 33.0, 33.0, 33.0, 33.0, 33.0, 33.0, 33.0, 33.0, 33.0, 33.0, 33.0, 33.0, 33.0, 33.0, 33.0, 33.0, 33.0, 33.0, 33.0, 33.0, 33.0, 33.0, 33.0, 33.0, 33.0, 33.0, 33.0, 33.0, 33.0, 33.0, 33.0, 33.0, 33.0, 33.0, 33.0, 33.0, 33.0, 33.0, 33.0, 33.0, 33.0, 33.0, 33.0, 33.0, 33.0, 33.0, 33.0, 33.0, 33.0, 33.0, 33.0, 33.0, 33.0, 33.0, 33.0, 33.0, 33.0, 33.0, 33.0, 33.0, 33.0, 33.0, 33.0, 33.0, 33.0, 33.0, 33.0, 33.0, 33.0, 33.0, 33.0, 33.0, 33.0, 33.0, 33.0, 33.0, 33.0, 33.0, 33.0, 33.0, 33.0, 33.0, 33.0, 33.0, 33.0, 33.0, 33.0, 33.0, 33.0, 33.0, 33.0, 33.0, 33.0, 33.0, 33.0, 33.0, 33.0, 33.0, 33.0, 33.0, 33.0, 33.0, 33.0, 33.0, 33.0, 33.0, 33.0, 33.0, 33.0, 33.0, 33.0, 33.0, 33.0, 33.0, 33.0, 33.0, 33.0, 33.0, 33.0, 33.0, 33.0]",COMPLETE
