,number,value,datetime_start,datetime_complete,duration,params_batch_size_scaler,params_constant_learning_rate,params_depth,params_epochs,params_kernel_l2,params_num_trees,params_temperature,user_attrs_accuracy_test,user_attrs_accuracy_valid,user_attrs_approximate_feature_sparsity,user_attrs_approximate_feature_sparsity_history,user_attrs_approximate_weight_sparsity,user_attrs_approximate_weight_sparsity_history,user_attrs_auc_test,user_attrs_auc_valid,user_attrs_feature_sparsity,user_attrs_feature_sparsity_history,user_attrs_num_epochs,user_attrs_val_loss_history,user_attrs_weight_sparsity,user_attrs_weight_sparsity_history,state
109,109,0.9048318326441755,2024-08-31 04:41:17.244736,2024-08-31 04:46:19.613297,0 days 00:05:02.368561,16,0.12569942385789795,6,475,0.04333212981286214,34,0.001094223942891493,0.919,0.90375,33,"[33, 33, 33, 33, 33, 33, 33, 33, 33, 33, 33, 33, 33, 33, 33, 33, 33, 33, 33, 33, 33, 33, 33, 33, 33, 33, 33, 33, 33, 33, 33, 33, 33, 33, 33, 33, 33, 33, 33, 33, 33, 33, 33, 33, 33, 33, 33, 33, 33, 33, 33, 33, 33, 33, 33, 33, 33, 33, 33, 33, 33, 33, 33, 33, 33, 33, 33, 33, 33, 33, 33, 33, 33, 33, 33, 33, 33, 33, 33, 33, 33, 33, 33, 33, 33, 33, 33, 33, 33, 33, 33, 33, 33, 33, 33, 33, 33, 33, 33, 33, 33, 33, 33, 33, 33, 33, 33, 33, 33, 33, 33, 33, 33, 33, 33, 33, 33, 33, 33, 33, 33, 33, 33, 33, 33, 33, 33, 33, 33, 33, 33, 33, 33, 33, 33, 33, 33, 33, 33, 33, 33, 33, 33, 33, 33, 33, 33, 33, 33, 33, 33, 33, 33, 33, 33, 33, 33, 33, 33, 33, 33, 33, 33, 33, 33, 33, 33, 33, 33, 33, 33, 33, 33, 33, 33, 33, 33, 33, 33, 33, 33, 33, 33, 33, 33, 33, 33, 33, 33, 33, 33, 33, 33, 33, 33, 33, 33, 33, 33, 33, 33, 33, 33, 33, 33, 33, 33, 33, 33, 33, 33, 33, 33, 33, 33, 33, 33, 33, 33, 33, 33, 33, 33, 33, 33, 33, 33, 33, 33, 33, 33, 33, 33, 33, 33, 33, 33, 33, 33, 33, 33, 33, 33, 33, 33, 33, 33, 33, 33, 33, 33, 33, 33, 33, 33, 33, 33, 33, 33, 33, 33, 33, 33, 33, 33, 33, 33, 33, 33, 33, 33, 33, 33, 33, 33, 33, 33, 33, 33, 33, 33, 33, 33, 33, 33, 33, 33, 33, 33, 33, 33, 33, 33, 33, 33, 33, 33, 33, 33, 33, 33, 33, 33, 33, 33, 33, 33, 33, 33, 33, 33, 33, 33, 33, 33, 33, 33, 33, 33, 33, 33, 33, 33, 33, 33, 33, 33, 33, 33, 33, 33, 33, 33, 33, 33, 33, 33, 33, 33, 33, 33, 33, 33, 33, 33, 33, 33, 33, 33, 33, 33, 33, 33, 33, 33, 33, 33, 33, 33, 33, 33, 33, 33, 33, 33, 33, 33, 33, 33, 33, 33, 33, 33, 33, 33, 33, 33, 33, 33, 33, 33, 33, 33, 33, 33, 33, 33, 33, 33, 33, 33, 33, 33, 33, 33, 33, 33, 33, 33, 33, 33, 33, 33, 33, 33, 33, 33, 33, 33, 33, 33, 33, 33, 33, 33, 33, 33, 33, 33, 33, 33, 33, 33, 33, 33, 33, 33, 33, 33, 33, 33, 33, 33, 33, 33, 33, 33, 33, 33, 33, 33, 33, 33, 33, 33, 33, 33, 33, 33, 33, 33, 33, 33, 33, 33, 33, 33, 33, 33, 33, 33, 33, 33, 33, 33, 33, 33, 33, 33, 33, 33, 33, 33, 33, 33]",32.92670401493931,"[32.9327731092437, 32.93604108309991, 32.93464052287582, 32.940709617180204, 32.94631185807656, 32.94864612511671, 32.945378151260506, 32.94257703081232, 32.940709617180204, 32.936974789915965, 32.93650793650794, 32.94304388422036, 32.94257703081232, 32.94491129785247, 32.9467787114846, 32.94957983193277, 32.945378151260506, 32.94164332399627, 32.94491129785247, 32.938375350140056, 32.938375350140056, 32.93790849673203, 32.940242763772176, 32.93557422969187, 32.936974789915965, 32.93464052287582, 32.93604108309991, 32.93650793650794, 32.940242763772176, 32.940709617180204, 32.93464052287582, 32.93790849673203, 32.93183940242764, 32.93790849673203, 32.94164332399627, 32.94351073762839, 32.93510737628385, 32.93790849673203, 32.9453781512605, 32.94351073762839, 32.94491129785247, 32.9467787114846, 32.94164332399627, 32.93930905695611, 32.93557422969188, 32.931372549019606, 32.92950513538749, 32.93650793650794, 32.937441643324, 32.940709617180204, 32.94117647058823, 32.94164332399627, 32.940242763772176, 32.93744164332399, 32.93604108309991, 32.933239962651726, 32.93557422969187, 32.93744164332399, 32.94257703081232, 32.94491129785247, 32.93744164332399, 32.93930905695612, 32.936974789915965, 32.93790849673203, 32.93604108309991, 32.936974789915965, 32.936974789915965, 32.940242763772176, 32.947712418300654, 32.94631185807657, 32.93884220354809, 32.938375350140056, 32.93977591036415, 32.940709617180204, 32.94304388422035, 32.943977591036415, 32.94304388422036, 32.945845004668534, 32.94491129785248, 32.945378151260506, 32.945845004668534, 32.94257703081232, 32.938375350140056, 32.940242763772176, 32.943977591036415, 32.94491129785247, 32.940242763772176, 32.942110177404295, 32.93417366946778, 32.94164332399626, 32.94164332399626, 32.938375350140056, 32.93557422969188, 32.93977591036415, 32.942110177404295, 32.94864612511671, 32.94491129785247, 32.947712418300654, 32.94304388422035, 32.942110177404295, 32.93977591036415, 32.93930905695612, 32.93930905695612, 32.93977591036415, 32.943977591036415, 32.945845004668534, 32.94444444444444, 32.9467787114846, 32.945378151260506, 32.94304388422036, 32.94491129785248, 32.942110177404295, 32.94304388422036, 32.943977591036415, 32.94444444444444, 32.94491129785247, 32.94164332399627, 32.9467787114846, 32.9453781512605, 32.94304388422036, 32.94351073762839, 32.94164332399627, 32.93790849673203, 32.94164332399627, 32.938842203548084, 32.94164332399627, 32.93744164332399, 32.93744164332399, 32.938842203548084, 32.94164332399626, 32.93650793650794, 32.93650793650794, 32.93930905695612, 32.93464052287582, 32.93790849673202, 32.94164332399627, 32.94164332399627, 32.94304388422035, 32.94164332399627, 32.94444444444444, 32.94491129785247, 32.94304388422035, 32.947712418300654, 32.947245564892626, 32.94351073762839, 32.94491129785248, 32.947712418300654, 32.947712418300654, 32.94491129785248, 32.94117647058823, 32.940709617180204, 32.94164332399627, 32.94351073762839, 32.94444444444444, 32.940709617180204, 32.94164332399627, 32.938842203548084, 32.938375350140056, 32.938375350140056, 32.940242763772176, 32.93650793650794, 32.93417366946779, 32.93977591036415, 32.93790849673202, 32.93604108309991, 32.936974789915965, 32.93790849673203, 32.938842203548084, 32.93744164332399, 32.93930905695612, 32.940709617180204, 32.94164332399626, 32.938375350140056, 32.940242763772176, 32.93977591036415, 32.938375350140056, 32.93930905695611, 32.94351073762839, 32.94444444444444, 32.9467787114846, 32.945845004668534, 32.94257703081233, 32.94444444444444, 32.94164332399627, 32.94117647058824, 32.93650793650794, 32.93650793650794, 32.93650793650794, 32.938375350140056, 32.940709617180204, 32.943977591036415, 32.94351073762839, 32.94164332399627, 32.938842203548084, 32.938842203548084, 32.93977591036415, 32.93977591036415, 32.943977591036415, 32.940242763772176, 32.93557422969188, 32.93230625583567, 32.929971988795515, 32.92530345471522, 32.93090569561158, 32.93043884220355, 32.93417366946779, 32.9327731092437, 32.93417366946779, 32.93230625583567, 32.933239962651726, 32.93417366946778, 32.93557422969188, 32.938375350140056, 32.938842203548084, 32.938842203548084, 32.93790849673203, 32.938842203548084, 32.94304388422036, 32.940242763772176, 32.93744164332399, 32.93557422969188, 32.93557422969188, 32.93417366946779, 32.93464052287582, 32.93464052287582, 32.933706816059754, 32.93510737628385, 32.93417366946778, 32.9327731092437, 32.93557422969187, 32.93650793650794, 32.9327731092437, 32.92717086834734, 32.93090569561158, 32.92857142857143, 32.93090569561158, 32.92857142857143, 32.92530345471522, 32.93043884220354, 32.92857142857143, 32.931372549019606, 32.933239962651726, 32.93230625583567, 32.93464052287582, 32.93090569561158, 32.93417366946779, 32.93230625583567, 32.93090569561158, 32.93183940242764, 32.938375350140056, 32.93417366946779, 32.93464052287582, 32.93464052287582, 32.933706816059754, 32.93183940242764, 32.931372549019606, 32.93090569561158, 32.93744164332399, 32.933706816059754, 32.93464052287582, 32.93230625583567, 32.936974789915965, 32.938375350140056, 32.94117647058823, 32.94351073762839, 32.94304388422036, 32.93650793650794, 32.93790849673202, 32.93604108309991, 32.93744164332399, 32.940242763772176, 32.940242763772176, 32.942110177404295, 32.94491129785247, 32.93790849673203, 32.93650793650794, 32.938842203548084, 32.93977591036415, 32.94351073762839, 32.945378151260506, 32.94304388422035, 32.94117647058823, 32.94304388422036, 32.945845004668534, 32.94304388422035, 32.94164332399627, 32.94164332399627, 32.945845004668534, 32.947712418300654, 32.94257703081232, 32.94164332399627, 32.94304388422036, 32.94351073762839, 32.945378151260506, 32.938375350140056, 32.94444444444444, 32.940242763772176, 32.93604108309991, 32.942110177404295, 32.940242763772176, 32.938375350140056, 32.938842203548084, 32.93790849673203, 32.93557422969188, 32.93604108309991, 32.93650793650794, 32.93650793650794, 32.93650793650794, 32.93977591036415, 32.937441643324, 32.93790849673203, 32.938842203548084, 32.93930905695612, 32.936974789915965, 32.938375350140056, 32.938842203548084, 32.93930905695612, 32.938842203548084, 32.94164332399627, 32.943977591036415, 32.94444444444444, 32.945845004668534, 32.9467787114846, 32.94631185807656, 32.943977591036415, 32.94164332399627, 32.938842203548084, 32.93604108309991, 32.93604108309991, 32.935107376283845, 32.936974789915965, 32.933706816059754, 32.93043884220355, 32.93230625583567, 32.93417366946779, 32.93183940242764, 32.93043884220355, 32.92950513538749, 32.92717086834734, 32.92997198879552, 32.93090569561158, 32.9327731092437, 32.92950513538749, 32.92857142857143, 32.92857142857143, 32.92717086834734, 32.92763772175537, 32.92717086834734, 32.927637721755374, 32.92950513538749, 32.931372549019606, 32.935107376283845, 32.93650793650794, 32.93464052287582, 32.92857142857143, 32.928104575163395, 32.92950513538749, 32.931839402427634, 32.931839402427634, 32.93137254901961, 32.9327731092437, 32.93183940242764, 32.933706816059754, 32.93464052287582, 32.93510737628385, 32.936974789915965, 32.93604108309991, 32.93604108309991, 32.93464052287582, 32.93417366946779, 32.93464052287582, 32.93510737628385, 32.93790849673202, 32.93557422969188, 32.933239962651726, 32.93650793650794, 32.93557422969188, 32.93604108309991, 32.93744164332399, 32.93417366946778, 32.931372549019606, 32.92903828197946, 32.933706816059754, 32.933239962651726, 32.933706816059754, 32.9327731092437, 32.93650793650794, 32.93557422969188, 32.93464052287582, 32.93650793650794, 32.93604108309991, 32.9327731092437, 32.93043884220355, 32.93557422969187, 32.93464052287582, 32.936974789915965, 32.93417366946779, 32.93790849673203, 32.938842203548084, 32.93977591036415, 32.938375350140056, 32.938842203548084, 32.93977591036415, 32.940242763772176, 32.942110177404295, 32.94164332399626, 32.942110177404295, 32.940709617180204, 32.93650793650794, 32.933239962651726, 32.931372549019606, 32.92997198879552, 32.92763772175537, 32.92903828197946, 32.9281045751634, 32.92530345471522, 32.92577030812325, 32.92717086834734, 32.93090569561158, 32.93043884220354, 32.933239962651726, 32.93230625583567, 32.93604108309991, 32.935107376283845, 32.93557422969188, 32.93464052287582, 32.935107376283845, 32.9327731092437, 32.933239962651726, 32.92997198879552, 32.9327731092437, 32.933706816059754, 32.933239962651726, 32.93090569561158, 32.92903828197946, 32.92857142857143, 32.92903828197946, 32.92903828197946, 32.93183940242764, 32.93417366946779, 32.93790849673203, 32.933239962651726, 32.93604108309991, 32.936974789915965, 32.935107376283845, 32.93417366946779, 32.935107376283845, 32.93183940242764, 32.93043884220355, 32.9327731092437, 32.935107376283845, 32.935107376283845, 32.93230625583567, 32.92950513538749, 32.92717086834734, 32.92903828197946, 32.92950513538749, 32.92857142857143, 32.92950513538749, 32.928104575163395, 32.93043884220354, 32.93230625583567, 32.93043884220355, 32.92903828197946, 32.92763772175537, 32.92997198879552, 32.92950513538749, 32.92763772175537, 32.92903828197946, 32.93090569561158, 32.929971988795515, 32.92857142857143, 32.926237161531276, 32.926237161531276, 32.92670401493931]",0.8893897736936403,0.9048318326441755,33,"[33, 33, 33, 33, 33, 33, 33, 33, 33, 33, 33, 33, 33, 33, 33, 33, 33, 33, 33, 33, 33, 33, 33, 33, 33, 33, 33, 33, 33, 33, 33, 33, 33, 33, 33, 33, 33, 33, 33, 33, 33, 33, 33, 33, 33, 33, 33, 33, 33, 33, 33, 33, 33, 33, 33, 33, 33, 33, 33, 33, 33, 33, 33, 33, 33, 33, 33, 33, 33, 33, 33, 33, 33, 33, 33, 33, 33, 33, 33, 33, 33, 33, 33, 33, 33, 33, 33, 33, 33, 33, 33, 33, 33, 33, 33, 33, 33, 33, 33, 33, 33, 33, 33, 33, 33, 33, 33, 33, 33, 33, 33, 33, 33, 33, 33, 33, 33, 33, 33, 33, 33, 33, 33, 33, 33, 33, 33, 33, 33, 33, 33, 33, 33, 33, 33, 33, 33, 33, 33, 33, 33, 33, 33, 33, 33, 33, 33, 33, 33, 33, 33, 33, 33, 33, 33, 33, 33, 33, 33, 33, 33, 33, 33, 33, 33, 33, 33, 33, 33, 33, 33, 33, 33, 33, 33, 33, 33, 33, 33, 33, 33, 33, 33, 33, 33, 33, 33, 33, 33, 33, 33, 33, 33, 33, 33, 33, 33, 33, 33, 33, 33, 33, 33, 33, 33, 33, 33, 33, 33, 33, 33, 33, 33, 33, 33, 33, 33, 33, 33, 33, 33, 33, 33, 33, 33, 33, 33, 33, 33, 33, 33, 33, 33, 33, 33, 33, 33, 33, 33, 33, 33, 33, 33, 33, 33, 33, 33, 33, 33, 33, 33, 33, 33, 33, 33, 33, 33, 33, 33, 33, 33, 33, 33, 33, 33, 33, 33, 33, 33, 33, 33, 33, 33, 33, 33, 33, 33, 33, 33, 33, 33, 33, 33, 33, 33, 33, 33, 33, 33, 33, 33, 33, 33, 33, 33, 33, 33, 33, 33, 33, 33, 33, 33, 33, 33, 33, 33, 33, 33, 33, 33, 33, 33, 33, 33, 33, 33, 33, 33, 33, 33, 33, 33, 33, 33, 33, 33, 33, 33, 33, 33, 33, 33, 33, 33, 33, 33, 33, 33, 33, 33, 33, 33, 33, 33, 33, 33, 33, 33, 33, 33, 33, 33, 33, 33, 33, 33, 33, 33, 33, 33, 33, 33, 33, 33, 33, 33, 33, 33, 33, 33, 33, 33, 33, 33, 33, 33, 33, 33, 33, 33, 33, 33, 33, 33, 33, 33, 33, 33, 33, 33, 33, 33, 33, 33, 33, 33, 33, 33, 33, 33, 33, 33, 33, 33, 33, 33, 33, 33, 33, 33, 33, 33, 33, 33, 33, 33, 33, 33, 33, 33, 33, 33, 33, 33, 33, 33, 33, 33, 33, 33, 33, 33, 33, 33, 33, 33, 33, 33, 33, 33, 33, 33, 33, 33, 33, 33, 33, 33, 33, 33, 33, 33, 33, 33, 33, 33, 33, 33, 33, 33, 33, 33, 33, 33, 33, 33, 33, 33, 33, 33, 33, 33, 33, 33]",475,"[0.5067795515060425, 0.44897210597991943, 0.4233362078666687, 0.41083404421806335, 0.4035940170288086, 0.39935845136642456, 0.39649736881256104, 0.3942738473415375, 0.39244648814201355, 0.3909423351287842, 0.3896383047103882, 0.3884378671646118, 0.38728317618370056, 0.38623905181884766, 0.38529732823371887, 0.38439518213272095, 0.38352054357528687, 0.3826929032802582, 0.3819136321544647, 0.38114306330680847, 0.3804396688938141, 0.3797416687011719, 0.3790398836135864, 0.37838974595069885, 0.37777477502822876, 0.37720826268196106, 0.37661197781562805, 0.376058429479599, 0.3755466043949127, 0.3750261664390564, 0.37453627586364746, 0.3740440309047699, 0.3735664486885071, 0.37312301993370056, 0.3727070093154907, 0.3722752034664154, 0.3718762695789337, 0.3714773654937744, 0.3711279630661011, 0.3707466423511505, 0.3703511953353882, 0.3700011074542999, 0.3696294128894806, 0.36925897002220154, 0.3689034581184387, 0.36856308579444885, 0.3682454228401184, 0.3678794801235199, 0.3675491213798523, 0.36719462275505066, 0.3668748736381531, 0.36656394600868225, 0.3662223815917969, 0.3658960461616516, 0.3655649423599243, 0.3652476966381073, 0.3649440109729767, 0.3646423816680908, 0.3643297851085663, 0.36407971382141113, 0.3637998700141907, 0.36350440979003906, 0.3631500005722046, 0.3628533184528351, 0.3625323176383972, 0.3622414469718933, 0.3619901239871979, 0.36166203022003174, 0.36139410734176636, 0.3610726594924927, 0.36076173186302185, 0.36047637462615967, 0.3601563274860382, 0.3598504364490509, 0.35959377884864807, 0.3593408167362213, 0.3590610921382904, 0.3587368130683899, 0.3584846556186676, 0.3581942021846771, 0.3578537702560425, 0.3575401306152344, 0.35721510648727417, 0.3569563031196594, 0.3566747307777405, 0.35643357038497925, 0.3561238944530487, 0.3557901680469513, 0.3554985821247101, 0.35519924759864807, 0.35487473011016846, 0.35458001494407654, 0.35430794954299927, 0.35405388474464417, 0.3537612557411194, 0.3534707725048065, 0.3531219959259033, 0.3528081774711609, 0.3525295555591583, 0.35222914814949036, 0.3519977629184723, 0.3516826629638672, 0.3513720631599426, 0.35108092427253723, 0.35080504417419434, 0.3505004942417145, 0.35019367933273315, 0.34988167881965637, 0.34955525398254395, 0.34927502274513245, 0.3489527106285095, 0.3486047685146332, 0.3482748866081238, 0.3479686379432678, 0.3476245105266571, 0.3473089933395386, 0.34701621532440186, 0.3467271029949188, 0.3464248776435852, 0.34609076380729675, 0.3457762897014618, 0.3455274701118469, 0.345175176858902, 0.34484827518463135, 0.3444729149341583, 0.34410491585731506, 0.34378811717033386, 0.3434149920940399, 0.34308379888534546, 0.34277966618537903, 0.34246161580085754, 0.34215861558914185, 0.3418310284614563, 0.3414934575557709, 0.34116700291633606, 0.3408706784248352, 0.3405139446258545, 0.34016892313957214, 0.33986401557922363, 0.339574933052063, 0.33927199244499207, 0.3389434516429901, 0.33859312534332275, 0.3382346034049988, 0.3379225432872772, 0.33760401606559753, 0.33727824687957764, 0.3369066119194031, 0.3365603983402252, 0.3362146019935608, 0.3358566164970398, 0.33548295497894287, 0.33509117364883423, 0.3347213864326477, 0.33439841866493225, 0.33401989936828613, 0.3336683511734009, 0.3332434594631195, 0.33287620544433594, 0.3324940800666809, 0.3321186304092407, 0.331802099943161, 0.33145955204963684, 0.3311128318309784, 0.3307109475135803, 0.3303418457508087, 0.32995927333831787, 0.3296085298061371, 0.32924818992614746, 0.3288794755935669, 0.3285354971885681, 0.32818061113357544, 0.3278096318244934, 0.32743850350379944, 0.3270624876022339, 0.32666611671447754, 0.32627618312835693, 0.32587429881095886, 0.3254568874835968, 0.3250710666179657, 0.32471585273742676, 0.3243093490600586, 0.3239470422267914, 0.32355594635009766, 0.32320326566696167, 0.3227899968624115, 0.3223833441734314, 0.32199424505233765, 0.32163575291633606, 0.32124942541122437, 0.32088249921798706, 0.3205040395259857, 0.32009270787239075, 0.3196669816970825, 0.3192315399646759, 0.31883591413497925, 0.31843769550323486, 0.3180360496044159, 0.3176478445529938, 0.31725239753723145, 0.31683942675590515, 0.31637752056121826, 0.31596001982688904, 0.3155568540096283, 0.31515225768089294, 0.3147188127040863, 0.3142995834350586, 0.31389862298965454, 0.31343796849250793, 0.31297236680984497, 0.3125617504119873, 0.31214576959609985, 0.31169238686561584, 0.3112839460372925, 0.31088441610336304, 0.3103879988193512, 0.3099738359451294, 0.3095545172691345, 0.30917251110076904, 0.3087313175201416, 0.3083239495754242, 0.3078742027282715, 0.3074358105659485, 0.30705225467681885, 0.3066614270210266, 0.3062431812286377, 0.3058396577835083, 0.30541783571243286, 0.304953396320343, 0.3045065999031067, 0.3040769696235657, 0.3036516308784485, 0.3032519519329071, 0.3028220236301422, 0.3024383783340454, 0.3020142614841461, 0.30164846777915955, 0.3012376129627228, 0.30081695318222046, 0.30041491985321045, 0.2999761700630188, 0.2995181381702423, 0.29912957549095154, 0.29870736598968506, 0.2982654273509979, 0.29788386821746826, 0.2974904775619507, 0.29712560772895813, 0.29664909839630127, 0.2962067723274231, 0.29585638642311096, 0.2954373061656952, 0.29504820704460144, 0.2946341931819916, 0.2942518889904022, 0.2938126027584076, 0.29343897104263306, 0.2930769622325897, 0.2927013337612152, 0.2922975718975067, 0.29187458753585815, 0.29144564270973206, 0.29101455211639404, 0.2906389534473419, 0.29025518894195557, 0.289875328540802, 0.2894571125507355, 0.28914082050323486, 0.2887546420097351, 0.2883411943912506, 0.28794798254966736, 0.2875369191169739, 0.287166029214859, 0.2868020534515381, 0.2864261567592621, 0.2860177457332611, 0.2856522500514984, 0.2853095531463623, 0.2849378287792206, 0.28457576036453247, 0.2841784358024597, 0.2838003933429718, 0.28341397643089294, 0.28301167488098145, 0.28263041377067566, 0.28229057788848877, 0.2818973958492279, 0.28157293796539307, 0.2812454104423523, 0.2808942496776581, 0.2805481255054474, 0.28020498156547546, 0.2798663079738617, 0.2795482873916626, 0.27920520305633545, 0.278898149728775, 0.2785356640815735, 0.2781681418418884, 0.2778783142566681, 0.2775629162788391, 0.2772505283355713, 0.27692708373069763, 0.2765815854072571, 0.2761899530887604, 0.27587220072746277, 0.2755517065525055, 0.27519872784614563, 0.2748648524284363, 0.27451518177986145, 0.27418795228004456, 0.27387911081314087, 0.273529589176178, 0.2732325494289398, 0.2729583978652954, 0.27267664670944214, 0.2723206579685211, 0.2720628082752228, 0.2717617154121399, 0.27148574590682983, 0.27116847038269043, 0.27082857489585876, 0.2705044448375702, 0.2702207565307617, 0.2699190378189087, 0.26968422532081604, 0.2694324254989624, 0.2691267132759094, 0.26886582374572754, 0.2685946226119995, 0.2683473825454712, 0.2680705189704895, 0.2677987813949585, 0.2675284743309021, 0.2672053277492523, 0.2669641077518463, 0.2667124569416046, 0.26640281081199646, 0.2661263346672058, 0.26592931151390076, 0.2657170593738556, 0.2655116319656372, 0.265264093875885, 0.26497602462768555, 0.26469886302948, 0.26446646451950073, 0.2642368674278259, 0.2639272212982178, 0.2636619210243225, 0.26344501972198486, 0.2632100582122803, 0.2629486620426178, 0.2627244293689728, 0.2625102400779724, 0.26223471760749817, 0.2619974613189697, 0.2617854177951813, 0.26147547364234924, 0.261271595954895, 0.2609976828098297, 0.26072752475738525, 0.2604679465293884, 0.260216623544693, 0.2599741816520691, 0.25975364446640015, 0.25958117842674255, 0.25929510593414307, 0.25909945368766785, 0.2588522434234619, 0.25860369205474854, 0.25839412212371826, 0.25814515352249146, 0.2579004168510437, 0.2576712369918823, 0.2574344873428345, 0.2571757733821869, 0.2569432854652405, 0.25679123401641846, 0.256537526845932, 0.2563450336456299, 0.25621718168258667, 0.2560110092163086, 0.25584080815315247, 0.25562167167663574, 0.25534504652023315, 0.25509798526763916, 0.2548910081386566, 0.2546466588973999, 0.254373162984848, 0.25410544872283936, 0.2538960576057434, 0.2536547780036926, 0.2534860372543335, 0.25325286388397217, 0.25308284163475037, 0.2527884244918823, 0.2525661587715149, 0.25233912467956543, 0.25212907791137695, 0.2519417405128479, 0.2517663836479187, 0.