,number,value,datetime_start,datetime_complete,duration,params_batch_size_scaler,params_constant_learning_rate,params_depth,params_epochs,params_kernel_l2,params_num_trees,params_temperature,user_attrs_accuracy_test,user_attrs_accuracy_valid,user_attrs_approximate_feature_sparsity,user_attrs_approximate_feature_sparsity_history,user_attrs_approximate_weight_sparsity,user_attrs_approximate_weight_sparsity_history,user_attrs_auc_test,user_attrs_auc_valid,user_attrs_feature_sparsity,user_attrs_feature_sparsity_history,user_attrs_num_epochs,user_attrs_val_loss_history,user_attrs_weight_sparsity,user_attrs_weight_sparsity_history,state
120,120,0.7338692017364199,2024-08-31 05:03:41.536214,2024-08-31 05:04:56.899812,0 days 00:01:15.363598,64,0.28079074854076075,6,140,0.021001106042456193,27,0.012394074972026407,0.88,0.87625,33,"[33, 33, 33, 33, 33, 33, 33, 33, 33, 33, 33, 33, 33, 33, 33, 33, 33, 33, 33, 33, 33, 33, 33, 33, 33, 33, 33, 33, 33, 33, 33, 33, 33, 33, 33, 33, 33, 33, 33, 33, 33, 33, 33, 33, 33, 33, 33, 33, 33, 33, 33, 33, 33, 33, 33, 33, 33, 33, 33, 33, 33, 33, 33, 33, 33, 33, 33, 33, 33, 33, 33, 33, 33, 33, 33, 33, 33, 33, 33, 33, 33, 33, 33, 33, 33, 33, 33, 33, 33, 33, 33, 33, 33, 33, 33, 33, 33, 33, 33, 33, 33, 33, 33, 33, 33, 33, 33, 33, 33, 33, 33, 33, 33, 33, 33, 33, 33, 33, 33, 33, 33, 33, 33, 33, 33, 33, 33, 33, 33, 33, 33, 33, 33, 33, 33, 33, 33, 33, 33, 33]",32.948853615520285,"[32.94944150499706, 32.93650793650794, 32.94238683127572, 32.94121105232216, 32.940623162845384, 32.93944738389183, 32.94591416813639, 32.95002939447384, 32.95179306290418, 32.95355673133451, 32.948853615520285, 32.95002939447384, 32.945326278659614, 32.95238095238095, 32.955320399764844, 32.95061728395061, 32.955320399764844, 32.947677836566726, 32.95296884185773, 32.944150499706055, 32.945326278659614, 32.94179894179894, 32.95179306290417, 32.948853615520285, 32.94708994708995, 32.95002939447384, 32.94708994708995, 32.93709582598471, 32.939447383891824, 32.940623162845384, 32.93650793650794, 32.93885949441505, 32.94944150499706, 32.947677836566726, 32.94121105232217, 32.94238683127572, 32.93827160493827, 32.94356261022928, 32.94003527336861, 32.940623162845384, 32.944150499706055, 32.952380952380956, 32.948853615520285, 32.952380952380956, 32.94944150499706, 32.94708994708995, 32.94944150499706, 32.9482657260435, 32.94650205761317, 32.948853615520285, 32.94532627865961, 32.945326278659614, 32.94179894179894, 32.94121105232216, 32.9429747207525, 32.947677836566726, 32.94473838918284, 32.94708994708995, 32.94356261022928, 32.95179306290417, 32.950029394473844, 32.950029394473844, 32.9512051734274, 32.944150499706055, 32.94473838918283, 32.9429747207525, 32.94473838918283, 32.944150499706055, 32.94532627865961, 32.95002939447384, 32.95355673133451, 32.95355673133451, 32.947677836566726, 32.946502057613166, 32.95002939447384, 32.94944150499706, 32.94591416813639, 32.952380952380956, 32.950029394473844, 32.94885361552028, 32.947677836566726, 32.947677836566726, 32.94238683127572, 32.94708994708995, 32.946502057613166, 32.940623162845384, 32.94121105232217, 32.94121105232217, 32.94591416813639, 32.94121105232216, 32.93709582598471, 32.940623162845384, 32.93944738389183, 32.94179894179894, 32.94650205761317, 32.94179894179894, 32.944150499706055, 32.944150499706055, 32.944150499706055, 32.94179894179894, 32.944150499706055, 32.94650205761317, 32.94591416813639, 32.94532627865961, 32.94591416813639, 32.946502057613166, 32.94238683127572, 32.940623162845384, 32.94473838918284, 32.94650205761317, 32.947677836566726, 32.947677836566726, 32.950029394473844, 32.94591416813639, 32.94121105232216, 32.937683715461496, 32.944150499706055, 32.94591416813639, 32.9482657260435, 32.947677836566726, 32.9482657260435, 32.94591416813639, 32.94944150499706, 32.94708994708995, 32.950029394473844, 32.9482657260435, 32.95355673133451, 32.954144620811284, 32.947677836566726, 32.95002939447384, 32.95002939447384, 32.95473251028807, 32.954144620811284, 32.95590828924163, 32.9564961787184, 32.9564961787184, 32.9564961787184, 32.95296884185773, 32.94415049970606, 32.948853615520285]",0.7668904135602177,0.7338692017364199,33,"[33, 33, 33, 33, 33, 33, 33, 33, 33, 33, 33, 33, 33, 33, 33, 33, 33, 33, 33, 33, 33, 33, 33, 33, 33, 33, 33, 33, 33, 33, 33, 33, 33, 33, 33, 33, 33, 33, 33, 33, 33, 33, 33, 33, 33, 33, 33, 33, 33, 33, 33, 33, 33, 33, 33, 33, 33, 33, 33, 33, 33, 33, 33, 33, 33, 33, 33, 33, 33, 33, 33, 33, 33, 33, 33, 33, 33, 33, 33, 33, 33, 33, 33, 33, 33, 33, 33, 33, 33, 33, 33, 33, 33, 33, 33, 33, 33, 33, 33, 33, 33, 33, 33, 33, 33, 33, 33, 33, 33, 33, 33, 33, 33, 33, 33, 33, 33, 33, 33, 33, 33, 33, 33, 33, 33, 33, 33, 33, 33, 33, 33, 33, 33, 33, 33, 33, 33, 33, 33, 33]",140,"[0.5131668448448181, 0.46829697489738464, 0.44225555658340454, 0.4270215928554535, 0.41558951139450073, 0.4081679880619049, 0.40366223454475403, 0.39989998936653137, 0.39736974239349365, 0.39525479078292847, 0.39347466826438904, 0.3917961120605469, 0.3901233971118927, 0.38892191648483276, 0.3879633843898773, 0.38707342743873596, 0.38617217540740967, 0.3854783773422241, 0.38482940196990967, 0.3840506076812744, 0.38340744376182556, 0.3828677237033844, 0.3820893168449402, 0.38128983974456787, 0.3806290924549103, 0.38004979491233826, 0.37956705689430237, 0.37899529933929443, 0.37850725650787354, 0.37803080677986145, 0.37753790616989136, 0.37706848978996277, 0.3766895532608032, 0.3761126697063446, 0.3756914436817169, 0.3752788305282593, 0.3748437464237213, 0.37442925572395325, 0.3740343451499939, 0.37371826171875, 0.37335023283958435, 0.3730814456939697, 0.3728252649307251, 0.3725243806838989, 0.372231662273407, 0.37194278836250305, 0.37159648537635803, 0.37132567167282104, 0.3710717260837555, 0.37072330713272095, 0.3703823387622833, 0.3701249361038208, 0.36974871158599854, 0.3694676458835602, 0.3692430555820465, 0.3690662682056427, 0.36869412660598755, 0.3683498799800873, 0.36819127202033997, 0.3678869605064392, 0.3674333989620209, 0.3672448396682739, 0.3668789565563202, 0.3665696382522583, 0.3663226068019867, 0.3659523129463196, 0.365639865398407, 0.3654963970184326, 0.365202397108078, 0.36492305994033813, 0.3646085858345032, 0.36448466777801514, 0.3642064034938812, 0.3638216257095337, 0.36353829503059387, 0.36310654878616333, 0.36283451318740845, 0.36257803440093994, 0.3621843457221985, 0.3619079291820526, 0.36172816157341003, 0.3614480495452881, 0.3612009286880493, 0.3610488176345825, 0.36082544922828674, 0.3607023358345032, 0.3604530990123749, 0.3601759076118469, 0.3599139153957367, 0.3596445322036743, 0.3594200611114502, 0.3591959774494171, 0.35885992646217346, 0.35859358310699463, 0.358338862657547, 0.35813677310943604, 0.35799139738082886, 0.3576171398162842, 0.357535719871521, 0.35727280378341675, 0.3570696711540222, 0.35696637630462646, 0.3569492995738983, 0.3566299080848694, 0.3564436733722687, 0.3562801480293274, 0.3559556305408478, 0.3556983172893524, 0.35548892617225647, 0.355333149433136, 0.3550722599029541, 0.3549491763114929, 0.3547540009021759, 0.35463351011276245, 0.35422420501708984, 0.3539322316646576, 0.3536028265953064, 0.35336434841156006, 0.35315993428230286, 0.3528697192668915, 0.352688193321228, 0.35275277495384216, 0.3526197671890259, 0.3523198962211609, 0.3519781827926636, 0.3518315851688385, 0.35176581144332886, 0.35148611664772034, 0.3510485589504242, 0.3507228195667267, 0.35039985179901123, 0.3503495156764984, 0.35003671050071716, 0.34989693760871887, 0.3496437072753906, 0.34924739599227905, 0.3490118682384491, 0.3487597703933716, 0.34869158267974854, 0.348332017660141]",33.0,"[33.0, 33.0, 33.0, 33.0, 33.0, 33.0, 33.0, 33.0, 33.0, 33.0, 33.0, 33.0, 33.0, 33.0, 33.0, 33.0, 33.0, 33.0, 33.0, 33.0, 33.0, 33.0, 33.0, 33.0, 33.0, 33.0, 33.0, 33.0, 33.0, 33.0, 33.0, 33.0, 33.0, 33.0, 33.0, 33.0, 33.0, 33.0, 33.0, 33.0, 33.0, 33.0, 33.0, 33.0, 33.0, 33.0, 33.0, 33.0, 33.0, 33.0, 33.0, 33.0, 33.0, 33.0, 33.0, 33.0, 33.0, 33.0, 33.0, 33.0, 33.0, 33.0, 33.0, 33.0, 33.0, 33.0, 33.0, 33.0, 33.0, 33.0, 33.0, 33.0, 33.0, 33.0, 33.0, 33.0, 33.0, 33.0, 33.0, 33.0, 33.0, 33.0, 33.0, 33.0, 33.0, 33.0, 33.0, 33.0, 33.0, 33.0, 33.0, 33.0, 33.0, 33.0, 33.0, 33.0, 33.0, 33.0, 33.0, 33.0, 33.0, 33.0, 33.0, 33.0, 33.0, 33.0, 33.0, 33.0, 33.0, 33.0, 33.0, 33.0, 33.0, 33.0, 33.0, 33.0, 33.0, 33.0, 33.0, 33.0, 33.0, 33.0, 33.0, 33.0, 33.0, 33.0, 33.0, 33.0, 33.0, 33.0, 33.0, 33.0, 33.0, 33.0, 33.0, 33.0, 33.0, 33.0, 33.0, 33.0]",COMPLETE
