,number,value,datetime_start,datetime_complete,duration,params_batch_size_scaler,params_constant_learning_rate,params_depth,params_epochs,params_kernel_l2,params_num_trees,params_temperature,user_attrs_accuracy_test,user_attrs_accuracy_valid,user_attrs_approximate_feature_sparsity,user_attrs_approximate_feature_sparsity_history,user_attrs_approximate_weight_sparsity,user_attrs_approximate_weight_sparsity_history,user_attrs_auc_test,user_attrs_auc_valid,user_attrs_feature_sparsity,user_attrs_feature_sparsity_history,user_attrs_num_epochs,user_attrs_val_loss_history,user_attrs_weight_sparsity,user_attrs_weight_sparsity_history,state
45,45,0.6088418286509255,2024-08-31 02:39:08.267290,2024-08-31 02:45:24.408997,0 days 00:06:16.141707,1,3.8512362304386634,3,355,0.03623998025937706,70,0.0037912867534834727,0.852,0.8425,1,"[1, 1, 1, 1, 1, 1, 1, 1, 1, 1, 1, 1, 1, 1, 1, 1, 1, 1, 1, 1, 1, 1, 1, 1, 1, 1, 1, 1, 1, 1, 1, 1, 1, 1, 1, 1, 1, 1, 1, 1, 1, 1, 1, 1, 1, 1, 1, 1, 1, 1, 1, 1, 1, 1, 1, 1, 1, 1, 1, 1, 1, 1, 1, 1, 1, 1, 1, 1, 1, 1, 1, 1, 1, 1, 1, 1, 1, 1, 1, 1, 1, 1, 1, 1, 1, 1, 1, 1, 1, 1, 1, 1, 1, 1, 1, 1, 1, 1, 1, 1, 1, 1, 1, 1, 1, 1, 1, 1, 1, 1, 1, 1, 1, 1, 1, 1, 1, 1, 1, 1, 1, 1, 1, 1, 1, 1, 1, 1, 1, 1, 1, 1, 1, 1, 1, 1, 1, 1, 1, 1, 1, 1, 1, 1, 1, 1, 1, 1, 1, 1, 1, 1, 1, 1, 1, 1, 1, 1, 1, 1, 1, 1, 1, 1, 1, 1, 1, 1, 1, 1, 1, 1, 1, 1, 1, 1, 1, 1, 1, 1, 1, 1, 1, 1, 1, 1, 1, 1, 1, 1, 1, 1, 1, 1, 1, 1, 1, 1, 1, 1, 1, 1, 1, 1, 1, 1, 1, 1, 1, 1, 1, 1, 1, 1, 1, 1, 1, 1, 1, 1, 1, 1, 1, 1, 1, 1, 1, 1, 1, 1, 1, 1, 1, 1, 1, 1, 1, 1, 1, 1, 1, 1, 1, 1, 1, 1, 1, 1, 1, 1, 1, 1, 1, 1, 1, 1, 1, 1, 1, 1, 1, 1, 1, 1, 1, 1, 1, 1, 1, 1, 1, 1, 1, 1, 1, 1, 1, 1, 1, 1, 1, 1, 1, 1, 1, 1, 1, 1, 1, 1, 1, 1, 1, 1, 1, 1, 1, 1, 1, 1, 1, 1, 1, 1, 1, 1, 1, 1, 1, 1, 1, 1, 1, 1, 1, 1, 1, 1, 1, 1, 1, 1, 1, 1, 1, 1, 1, 1, 1, 1, 1, 1, 1, 1, 1, 1, 1, 1, 1, 1, 1, 1, 1, 1, 1, 1, 1, 1, 1, 1, 1, 1, 1, 1, 1]",0.006122448979591836,"[1.0, 1.0, 1.0, 1.0, 1.0, 1.0, 1.0, 1.0, 1.0, 1.0, 1.0, 1.0, 0.9979591836734694, 0.9959183673469387, 0.9959183673469387, 0.9959183673469387, 0.9918367346938776, 0.9918367346938776, 0.9897959183673469, 0.9857142857142858, 0.9795918367346939, 0.9775510204081632, 0.9693877551020408, 0.9673469387755103, 0.9591836734693877, 0.9551020408163265, 0.9489795918367347, 0.9326530612244898, 0.9183673469387755, 0.8959183673469387, 0.8612244897959184, 0.8408163265306122, 0.8081632653061225, 0.7755102040816326, 0.7387755102040816, 0.6714285714285714, 0.6265306122448979, 0.5816326530612245, 0.563265306122449, 0.4959183673469388, 0.4326530612244898, 0.37755102040816324, 0.32448979591836735, 0.2795918367346939, 0.22244897959183674, 0.20408163265306123, 0.15918367346938775, 0.11632653061224489, 0.08775510204081632, 0.06326530612244897, 0.030612244897959183, 0.022448979591836733, 0.018367346938775512, 0.014285714285714285, 0.014285714285714285, 0.014285714285714285, 0.014285714285714285, 0.014285714285714285, 0.012244897959183673, 0.012244897959183673, 0.01020408163265306, 0.01020408163265306, 0.01020408163265306, 0.01020408163265306, 0.01020408163265306, 0.01020408163265306, 0.01020408163265306, 0.00816326530612245, 0.00816326530612245, 0.00816326530612245, 0.00816326530612245, 0.006122448979591836, 0.006122448979591836, 0.006122448979591836, 0.006122448979591836, 0.006122448979591836, 0.006122448979591836, 0.006122448979591836, 0.006122448979591836, 0.006122448979591836, 0.006122448979591836, 0.006122448979591836, 0.006122448979591836, 0.006122448979591836, 0.006122448979591836, 0.006122448979591836, 0.006122448979591836, 0.006122448979591836, 0.006122448979591836, 0.006122448979591836, 0.006122448979591836, 0.006122448979591836, 0.006122448979591836, 0.006122448979591836, 0.006122448979591836, 0.006122448979591836, 0.006122448979591836, 0.006122448979591836, 0.006122448979591836, 0.006122448979591836, 0.006122448979591836, 0.006122448979591836, 0.006122448979591836, 0.006122448979591836, 0.006122448979591836, 0.006122448979591836, 0.006122448979591836, 0.006122448979591836, 0.006122448979591836, 0.006122448979591836, 0.006122448979591836, 0.006122448979591836, 0.006122448979591836, 0.006122448979591836, 0.006122448979591836, 0.006122448979591836, 0.006122448979591836, 0.006122448979591836, 0.006122448979591836, 0.006122448979591836, 0.006122448979591836, 0.006122448979591836, 0.006122448979591836, 0.006122448979591836, 0.006122448979591836, 0.006122448979591836, 0.006122448979591836, 0.006122448979591836, 0.006122448979591836, 0.006122448979591836, 0.006122448979591836, 0.006122448979591836, 0.006122448979591836, 0.006122448979591836, 0.006122448979591836, 0.006122448979591836, 0.006122448979591836, 0.006122448979591836, 0.006122448979591836, 0.006122448979591836, 0.006122448979591836, 0.006122448979591836, 0.006122448979591836, 0.006122448979591836, 0.006122448979591836, 0.006122448979591836, 0.006122448979591836, 0.006122448979591836, 0.006122448979591836, 0.006122448979591836, 0.006122448979591836, 0.006122448979591836, 0.006122448979591836, 0.006122448979591836, 0.006122448979591836, 0.006122448979591836, 0.006122448979591836, 0.006122448979591836, 0.006122448979591836, 0.006122448979591836, 0.006122448979591836, 0.006122448979591836, 0.006122448979591836, 0.006122448979591836, 0.006122448979591836, 0.006122448979591836, 0.006122448979591836, 0.006122448979591836, 0.006122448979591836, 0.006122448979591836, 0.006122448979591836, 0.006122448979591836, 0.006122448979591836, 0.006122448979591836, 0.006122448979591836, 0.006122448979591836, 0.006122448979591836, 0.006122448979591836, 0.006122448979591836, 0.006122448979591836, 0.006122448979591836, 0.006122448979591836, 0.006122448979591836, 0.006122448979591836, 0.006122448979591836, 0.006122448979591836, 0.006122448979591836, 0.006122448979591836, 0.006122448979591836, 0.006122448979591836, 0.006122448979591836, 0.006122448979591836, 0.006122448979591836, 0.006122448979591836, 0.006122448979591836, 0.006122448979591836, 0.006122448979591836, 0.006122448979591836, 0.006122448979591836, 0.006122448979591836, 0.006122448979591836, 0.006122448979591836, 0.006122448979591836, 0.006122448979591836, 0.006122448979591836, 0.006122448979591836, 0.006122448979591836, 0.006122448979591836, 0.006122448979591836, 0.006122448979591836, 0.006122448979591836, 0.006122448979591836, 0.006122448979591836, 0.006122448979591836, 0.006122448979591836, 0.006122448979591836, 0.006122448979591836, 0.006122448979591836, 0.006122448979591836, 0.006122448979591836, 0.006122448979591836, 0.006122448979591836, 0.006122448979591836, 0.006122448979591836, 0.006122448979591836, 0.006122448979591836, 0.006122448979591836, 0.006122448979591836, 0.006122448979591836, 0.006122448979591836, 0.006122448979591836, 0.006122448979591836, 0.006122448979591836, 0.006122448979591836, 0.006122448979591836, 0.006122448979591836, 0.006122448979591836, 0.006122448979591836, 0.006122448979591836, 0.006122448979591836, 0.006122448979591836, 0.006122448979591836, 0.006122448979591836, 0.006122448979591836, 0.006122448979591836, 0.006122448979591836, 0.006122448979591836, 0.006122448979591836, 0.006122448979591836, 0.006122448979591836, 0.006122448979591836, 0.006122448979591836, 0.006122448979591836, 0.006122448979591836, 0.006122448979591836, 0.006122448979591836, 0.006122448979591836, 0.006122448979591836, 0.006122448979591836, 0.006122448979591836, 0.006122448979591836, 0.006122448979591836, 0.006122448979591836, 0.006122448979591836, 0.006122448979591836, 0.006122448979591836, 0.006122448979591836, 0.006122448979591836, 0.006122448979591836, 0.006122448979591836, 0.006122448979591836, 0.006122448979591836, 0.006122448979591836, 0.006122448979591836, 0.006122448979591836, 0.006122448979591836, 0.006122448979591836, 0.006122448979591836, 0.006122448979591836, 0.006122448979591836, 0.006122448979591836, 0.006122448979591836, 0.006122448979591836, 0.006122448979591836, 0.006122448979591836, 0.006122448979591836, 0.006122448979591836, 0.006122448979591836, 0.006122448979591836, 0.006122448979591836, 0.006122448979591836, 0.006122448979591836, 0.006122448979591836, 0.006122448979591836, 0.006122448979591836, 0.006122448979591836, 0.006122448979591836, 0.006122448979591836, 0.006122448979591836, 0.006122448979591836, 0.006122448979591836, 0.006122448979591836, 0.006122448979591836, 0.006122448979591836, 0.006122448979591836, 0.006122448979591836, 0.006122448979591836, 0.006122448979591836, 0.006122448979591836, 0.006122448979591836, 0.006122448979591836, 0.006122448979591836, 0.006122448979591836, 0.006122448979591836, 0.006122448979591836, 0.006122448979591836, 0.006122448979591836, 0.006122448979591836, 0.006122448979591836, 0.006122448979591836, 0.006122448979591836, 0.006122448979591836, 0.006122448979591836, 0.006122448979591836, 0.006122448979591836, 0.006122448979591836, 0.006122448979591836, 0.006122448979591836, 0.006122448979591836, 0.006122448979591836, 0.006122448979591836, 0.006122448979591836, 0.006122448979591836, 0.006122448979591836, 0.006122448979591836, 0.006122448979591836, 0.006122448979591836, 0.006122448979591836, 0.006122448979591836, 0.006122448979591836, 0.006122448979591836, 0.006122448979591836, 0.006122448979591836, 0.006122448979591836, 0.006122448979591836, 0.006122448979591836, 0.006122448979591836, 0.006122448979591836, 0.006122448979591836, 0.006122448979591836, 0.006122448979591836, 0.006122448979591836, 0.006122448979591836, 0.006122448979591836, 0.006122448979591836]",0.6144865793145584,0.6088418286509255,1,"[1, 1, 1, 1, 1, 1, 1, 1, 1, 1, 1, 1, 1, 1, 1, 1, 1, 1, 1, 1, 1, 1, 1, 1, 1, 1, 1, 1, 1, 1, 1, 1, 1, 1, 1, 1, 1, 1, 1, 1, 1, 1, 1, 1, 1, 1, 1, 1, 1, 1, 1, 1, 1, 1, 1, 1, 1, 1, 1, 1, 1, 1, 1, 1, 1, 1, 1, 1, 1, 1, 1, 1, 1, 1, 1, 1, 1, 1, 1, 1, 1, 1, 1, 1, 1, 1, 1, 1, 1, 1, 1, 1, 1, 1, 1, 1, 1, 1, 1, 1, 1, 1, 1, 1, 1, 1, 1, 1, 1, 1, 1, 1, 1, 1, 1, 1, 1, 1, 1, 1, 1, 1, 1, 1, 1, 1, 1, 1, 1, 1, 1, 1, 1, 1, 1, 1, 1, 1, 1, 1, 1, 1, 1, 1, 1, 1, 1, 1, 1, 1, 1, 1, 1, 1, 1, 1, 1, 1, 1, 1, 1, 1, 1, 1, 1, 1, 1, 1, 1, 1, 1, 1, 1, 1, 1, 1, 1, 1, 1, 1, 1, 1, 1, 1, 1, 1, 1, 1, 1, 1, 1, 1, 1, 1, 1, 1, 1, 1, 1, 1, 1, 1, 1, 1, 1, 1, 1, 1, 1, 1, 1, 1, 1, 1, 1, 1, 1, 1, 1, 1, 1, 1, 1, 1, 1, 1, 1, 1, 1, 1, 1, 1, 1, 1, 1, 1, 1, 1, 1, 1, 1, 1, 1, 1, 1, 1, 1, 1, 1, 1, 1, 1, 1, 1, 1, 1, 1, 1, 1, 1, 1, 1, 1, 1, 1, 1, 1, 1, 1, 1, 1, 1, 1, 1, 1, 1, 1, 1, 1, 1, 1, 1, 1, 1, 1, 1, 1, 1, 1, 1, 1, 1, 1, 1, 1, 1, 1, 1, 1, 1, 1, 1, 1, 1, 1, 1, 1, 1, 1, 1, 1, 1, 1, 1, 1, 1, 1, 1, 1, 1, 1, 1, 1, 1, 1, 1, 1, 1, 1, 1, 1, 1, 1, 1, 1, 1, 1, 1, 1, 1, 1, 1, 1, 1, 1, 1, 1, 1, 1, 1, 1, 1, 1, 1, 1]",355,"[0.5778378844261169, 1.1381303071975708, 3.5099804401397705, 5.198579788208008, 0.7818154096603394, 0.9383823275566101, 6.449517250061035, 3.039160966873169, 1.257452368736267, 4.429092884063721, 1.614308476448059, 0.8420266509056091, 5.775839328765869, 4.529708385467529, 5.074295997619629, 1.0849559307098389, 0.8733474612236023, 3.221776008605957, 2.7870545387268066, 0.9633734226226807, 3.986001968383789, 6.8339762687683105, 1.1226203441619873, 1.0002895593643188, 2.6172564029693604, 0.979400634765625, 7.544271469116211, 8.133544921875, 3.9729607105255127, 5.050307273864746, 0.7110852003097534, 0.7069603800773621, 3.4542300701141357, 2.8645997047424316, 5.635040760040283, 2.9654576778411865, 3.5996429920196533, 4.47710657119751, 6.226761341094971, 3.4614408016204834, 4.104917526245117, 4.06491231918335, 0.8456061482429504, 2.0978925228118896, 3.6730923652648926, 1.6221328973770142, 5.845005512237549, 0.8595872521400452, 1.4260149002075195, 3.4932053089141846, 3.461364984512329, 2.0295047760009766, 7.09135627746582, 3.5359461307525635, 1.159002661705017, 6.442361354827881, 5.935189723968506, 1.881649136543274, 4.472448348999023, 0.8811250925064087, 6.02003288269043, 2.770279884338379, 0.8564565181732178, 1.0171526670455933, 1.52339768409729, 0.9252131581306458, 5.428516864776611, 1.368318796157837, 6.0466508865356445, 1.2032166719436646, 0.9486985206604004, 6.3154802322387695, 5.620363235473633, 3.960672378540039, 8.320199012756348, 0.976452648639679, 2.4735498428344727, 5.902065277099609, 0.8770049810409546, 4.240192413330078, 4.896738529205322, 6.688770294189453, 7.092303276062012, 1.10884428024292, 1.3789494037628174, 1.8434460163116455, 3.8445661067962646, 0.7047151923179626, 1.556552767753601, 5.174911975860596, 1.2461963891983032, 0.7950144410133362, 6.38182258605957, 0.7448234558105469, 5.33502197265625, 5.115292549133301, 6.415200233459473, 0.8022775053977966, 2.560638666152954, 3.226829767227173, 0.9417624473571777, 3.8035225868225098, 0.8287845849990845, 2.1137912273406982, 3.561565637588501, 5.990102767944336, 0.8758806586265564, 1.26676607131958, 1.2841852903366089, 3.0212185382843018, 1.649304986000061, 1.169829249382019, 4.775035381317139, 6.860546112060547, 0.7180083394050598, 2.189819812774658, 4.647376537322998, 9.529618263244629, 2.3803648948669434, 0.8031885027885437, 1.0180779695510864, 4.350379467010498, 0.8601653575897217, 4.2395124435424805, 0.9466195702552795, 1.6820335388183594, 1.7203738689422607, 7.7180938720703125, 3.064842462539673, 5.512423515319824, 1.1633332967758179, 4.264957427978516, 3.468435287475586, 2.4259700775146484, 9.12213134765625, 1.7111785411834717, 6.4742021560668945, 3.8035707473754883, 7.274138927459717, 0.9451019763946533, 0.8458208441734314, 0.8518842458724976, 3.249971628189087, 3.86428165435791, 8.43671989440918, 3.767092227935791, 6.033105373382568, 13.099300384521484, 7.411846160888672, 2.2253975868225098, 3.331702470779419, 0.8841106295585632, 1.249915361404419, 1.1088500022888184, 1.5568162202835083, 6.087244033813477, 0.8332655429840088, 1.8029911518096924, 4.691169261932373, 0.7799456715583801, 3.064962148666382, 1.1297428607940674, 1.8510773181915283, 0.9564660787582397, 1.0725111961364746, 0.9271628856658936, 0.8255912661552429, 2.8377339839935303, 6.436447620391846, 1.2917388677597046, 0.660979151725769, 0.8251206278800964, 1.7873481512069702, 2.9669899940490723, 0.965801477432251, 3.3215630054473877, 5.65650749206543, 1.3542358875274658, 1.5639070272445679, 6.268584728240967, 0.6366798877716064, 7.454423904418945, 1.319374442100525, 5.798008918762207, 1.1979148387908936, 4.867185592651367, 2.41506290435791, 4.349278926849365, 0.7437701225280762, 1.3240563869476318, 1.089612603187561, 0.8582832217216492, 0.7600328326225281, 5.686978816986084, 1.0507290363311768, 8.121329307556152, 1.9914108514785767, 1.6232430934906006, 6.172502040863037, 0.872611403465271, 2.7148139476776123, 5.892981052398682, 1.7274754047393799, 5.671157360076904, 1.8650459051132202, 1.2947146892547607, 1.0111172199249268, 0.8190677165985107, 0.8950039744377136, 1.212998867034912, 2.301678419113159, 4.226644515991211, 3.215315341949463, 5.807034492492676, 1.0944266319274902, 1.2877734899520874, 2.3903872966766357, 0.7866050004959106, 7.4246673583984375, 1.4392329454421997, 5.479578971862793, 3.5673911571502686, 0.912219762802124, 1.5170578956604004, 1.1476141214370728, 0.9260988831520081, 1.0809588432312012, 0.590377688407898, 1.2371087074279785, 3.6136558055877686, 4.3557515144348145, 1.6395357847213745, 6.725821495056152, 3.38362979888916, 6.0492329597473145, 7.067906379699707, 0.7066082954406738, 0.9185550212860107, 3.772646427154541, 1.7032029628753662, 0.8091886639595032, 4.350874423980713, 1.7836062908172607, 7.1692657470703125, 5.091088771820068, 0.932872474193573, 7.034266948699951, 1.1399914026260376, 1.3058903217315674, 1.267054796218872, 1.4313708543777466, 4.624948501586914, 7.266851902008057, 5.2534027099609375, 5.308256149291992, 3.221036672592163, 2.5283498764038086, 1.6560107469558716, 1.4246580600738525, 2.978639841079712, 7.519018650054932, 0.8743962049484253, 1.114248514175415, 1.1876333951950073, 3.177008867263794, 2.3164069652557373, 0.8468687534332275, 1.92689847946167, 3.432676076889038, 4.358238697052002, 3.5055880546569824, 5.792385101318359, 2.658689498901367, 1.8172036409378052, 0.828743577003479, 1.2095694541931152, 1.36966872215271, 5.234991550445557, 2.683626174926758, 0.8115195631980896, 0.8486605882644653, 3.7963385581970215, 2.4543678760528564, 3.485652208328247, 1.2000104188919067, 1.027245283126831, 2.734173059463501, 0.7421507835388184, 0.8284999132156372, 4.030617713928223, 0.8916444182395935, 6.448141574859619, 4.414147853851318, 0.7823038697242737, 0.7115947604179382, 0.9371827840805054, 0.8978617191314697, 6.416771411895752, 1.218012809753418, 3.82370662689209, 1.214158535003662, 6.48842716217041, 1.1920974254608154, 3.517179489135742, 3.433561086654663, 1.8517346382141113, 1.948529839515686, 4.942907810211182, 1.893752098083496, 4.960268497467041, 0.9936493039131165, 5.252761363983154, 3.2834722995758057, 6.8965325355529785, 6.3165154457092285, 4.8683061599731445, 0.7073532938957214, 2.975998878479004, 5.111471652984619, 0.7286468744277954, 0.8133177757263184, 0.7515857219696045, 1.2366054058074951, 4.050954341888428, 2.025222063064575, 1.2323721647262573, 6.233212947845459, 0.7345852851867676, 1.2733012437820435, 2.5947265625, 6.862038612365723, 7.113676071166992, 0.9896088242530823, 1.2452061176300049, 0.7265783548355103, 0.7289099097251892, 3.0566647052764893, 1.7480827569961548, 0.7660141587257385, 0.94744473695755, 1.0379565954208374, 2.47396183013916, 6.328915596008301, 0.8413872718811035, 4.113068103790283, 7.95272970199585, 1.8673629760742188, 1.7269887924194336, 2.025247573852539, 2.977839708328247, 0.5929478406906128, 1.1990301609039307, 1.8414862155914307, 6.031431674957275, 1.328883171081543]",1.0,"[1.0, 1.0, 1.0, 1.0, 1.0, 1.0, 1.0, 1.0, 1.0, 1.0, 1.0, 1.0, 1.0, 1.0, 1.0, 1.0, 1.0, 1.0, 1.0, 1.0, 1.0, 1.0, 1.0, 1.0, 1.0, 1.0, 1.0, 1.0, 1.0, 1.0, 1.0, 1.0, 1.0, 1.0, 1.0, 1.0, 1.0, 1.0, 1.0, 1.0, 1.0, 1.0, 1.0, 1.0, 1.0, 1.0, 1.0, 1.0, 1.0, 1.0, 1.0, 1.0, 1.0, 1.0, 1.0, 1.0, 1.0, 1.0, 1.0, 1.0, 1.0, 1.0, 1.0, 1.0, 1.0, 1.0, 1.0, 1.0, 1.0, 1.0, 1.0, 1.0, 1.0, 1.0, 1.0, 1.0, 1.0, 1.0, 1.0, 1.0, 1.0, 1.0, 1.0, 1.0, 1.0, 1.0, 1.0, 1.0, 1.0, 1.0, 1.0, 1.0, 1.0, 1.0, 1.0, 1.0, 1.0, 1.0, 1.0, 1.0, 1.0, 1.0, 1.0, 1.0, 1.0, 1.0, 1.0, 1.0, 1.0, 1.0, 1.0, 1.0, 1.0, 1.0, 1.0, 1.0, 1.0, 1.0, 1.0, 1.0, 1.0, 1.0, 1.0, 1.0, 1.0, 1.0, 1.0, 1.0, 1.0, 1.0, 1.0, 1.0, 1.0, 1.0, 1.0, 1.0, 1.0, 1.0, 1.0, 1.0, 1.0, 1.0, 1.0, 1.0, 1.0, 1.0, 1.0, 1.0, 1.0, 1.0, 1.0, 1.0, 1.0, 1.0, 1.0, 1.0, 1.0, 1.0, 1.0, 1.0, 1.0, 1.0, 1.0, 1.0, 1.0, 1.0, 1.0, 1.0, 1.0, 1.0, 1.0, 1.0, 1.0, 1.0, 1.0, 1.0, 1.0, 1.0, 1.0, 1.0, 1.0, 1.0, 1.0, 1.0, 1.0, 1.0, 1.0, 1.0, 1.0, 1.0, 1.0, 1.0, 1.0, 1.0, 1.0, 1.0, 1.0, 1.0, 1.0, 1.0, 1.0, 1.0, 1.0, 1.0, 1.0, 1.0, 1.0, 1.0, 1.0, 1.0, 1.0, 1.0, 1.0, 1.0, 1.0, 1.0, 1.0, 1.0, 1.0, 1.0, 1.0, 1.0, 1.0, 1.0, 1.0, 1.0, 1.0, 1.0, 1.0, 1.0, 1.0, 1.0, 1.0, 1.0, 1.0, 1.0, 1.0, 1.0, 1.0, 1.0, 1.0, 1.0, 1.0, 1.0, 1.0, 1.0, 1.0, 1.0, 1.0, 1.0, 1.0, 1.0, 1.0, 1.0, 1.0, 1.0, 1.0, 1.0, 1.0, 1.0, 1.0, 1.0, 1.0, 1.0, 1.0, 1.0, 1.0, 1.0, 1.0, 1.0, 1.0, 1.0, 1.0, 1.0, 1.0, 1.0, 1.0, 1.0, 1.0, 1.0, 1.0, 1.0, 1.0, 1.0, 1.0, 1.0, 1.0, 1.0, 1.0, 1.0, 1.0, 1.0, 1.0, 1.0, 1.0, 1.0, 1.0, 1.0, 1.0, 1.0, 1.0, 1.0, 1.0, 1.0, 1.0, 1.0, 1.0, 1.0, 1.0, 1.0, 1.0, 1.0, 1.0, 1.0, 1.0, 1.0, 1.0, 1.0, 1.0, 1.0, 1.0, 1.0, 1.0, 1.0, 1.0, 1.0, 1.0, 1.0, 1.0, 1.0, 1.0, 1.0, 1.0, 1.0, 1.0, 1.0, 1.0, 1.0, 1.0, 1.0, 1.0, 1.0, 1.0, 1.0, 1.0, 1.0, 1.0, 1.0, 1.0, 1.0, 1.0, 1.0, 1.0, 1.0, 1.0]",COMPLETE
