,number,value,datetime_start,datetime_complete,duration,params_batch_size_scaler,params_constant_learning_rate,params_depth,params_epochs,params_kernel_l2,params_num_trees,params_temperature,user_attrs_accuracy_test,user_attrs_accuracy_valid,user_attrs_approximate_feature_sparsity,user_attrs_approximate_feature_sparsity_history,user_attrs_approximate_weight_sparsity,user_attrs_approximate_weight_sparsity_history,user_attrs_auc_test,user_attrs_auc_valid,user_attrs_feature_sparsity,user_attrs_feature_sparsity_history,user_attrs_num_epochs,user_attrs_val_loss_history,user_attrs_weight_sparsity,user_attrs_weight_sparsity_history,state
138,138,0.9345751053058701,2024-08-31 06:54:34.384655,2024-08-31 06:56:01.644013,0 days 00:01:27.259358,64,2.5088878602805282,4,295,0.017989695256176632,63,0.0001560157160714879,0.948,0.94375,31,"[33, 33, 33, 33, 33, 33, 33, 33, 33, 33, 33, 33, 33, 33, 33, 33, 33, 33, 33, 33, 33, 33, 33, 33, 33, 33, 33, 33, 33, 33, 33, 33, 33, 33, 33, 33, 33, 33, 33, 33, 33, 33, 33, 33, 33, 33, 33, 33, 33, 33, 33, 33, 33, 33, 33, 33, 33, 33, 33, 33, 33, 33, 33, 33, 33, 33, 33, 33, 33, 33, 33, 33, 33, 33, 33, 33, 33, 33, 33, 33, 33, 33, 33, 33, 33, 33, 33, 33, 33, 33, 33, 33, 33, 33, 33, 33, 33, 33, 33, 33, 33, 33, 33, 33, 33, 33, 33, 33, 33, 33, 33, 33, 33, 33, 33, 33, 33, 33, 33, 33, 33, 33, 33, 33, 33, 33, 33, 33, 33, 33, 33, 33, 33, 33, 33, 33, 33, 33, 33, 33, 33, 33, 33, 33, 33, 33, 33, 33, 33, 33, 33, 33, 33, 33, 33, 33, 33, 33, 33, 33, 33, 33, 33, 33, 33, 33, 33, 33, 33, 33, 33, 33, 33, 33, 33, 33, 33, 33, 33, 33, 33, 33, 33, 32, 32, 32, 32, 32, 32, 32, 32, 32, 32, 32, 32, 32, 32, 32, 32, 32, 32, 32, 32, 32, 32, 32, 32, 32, 32, 32, 32, 32, 32, 32, 32, 32, 32, 32, 32, 32, 32, 32, 32, 32, 32, 32, 32, 32, 32, 32, 32, 32, 32, 32, 32, 32, 32, 32, 32, 32, 32, 32, 32, 32, 32, 32, 32, 32, 32, 32, 32, 31, 31, 31, 31, 31, 31, 31, 31, 31, 31, 31, 31, 31, 31, 31, 31, 31, 31, 31, 31, 31, 31, 31, 31, 31, 31, 31, 31, 31, 31, 31, 31, 31, 31, 31, 31, 31, 31, 31, 31, 31, 31, 31, 31]",30.950264550264546,"[32.956613756613756, 32.955555555555556, 32.955555555555556, 32.958730158730155, 32.953439153439156, 32.96084656084656, 32.96190476190476, 32.96084656084656, 32.959788359788355, 32.955555555555556, 32.95767195767196, 32.96719576719577, 32.954497354497356, 32.953439153439156, 32.95026455026455, 32.95978835978836, 32.94708994708995, 32.96507936507936, 32.96719576719576, 32.957671957671955, 32.96190476190476, 32.96296296296296, 32.96296296296296, 32.95343915343915, 32.956613756613756, 32.96825396825397, 32.95343915343915, 32.959788359788355, 32.958730158730155, 32.94603174603174, 32.95132275132275, 32.94497354497354, 32.96084656084656, 32.958730158730155, 32.95873015873016, 32.96084656084656, 32.956613756613756, 32.96190476190476, 32.94920634920635, 32.95873015873016, 32.96507936507936, 32.94708994708995, 32.95978835978836, 32.94603174603175, 32.94708994708995, 32.94920634920635, 32.95132275132275, 32.956613756613756, 32.955555555555556, 32.953439153439156, 32.96296296296296, 32.96084656084656, 32.96402116402116, 32.97037037037037, 32.972486772486775, 32.96613756613757, 32.954497354497356, 32.96402116402116, 32.954497354497356, 32.96084656084656, 32.95238095238095, 32.95978835978836, 32.96190476190476, 32.954497354497356, 32.954497354497356, 32.95978835978836, 32.95238095238095, 32.96296296296296, 32.95132275132275, 32.955555555555556, 32.96084656084656, 32.96190476190476, 32.96825396825397, 32.96507936507937, 32.96507936507936, 32.954497354497356, 32.957671957671955, 32.96402116402116, 32.95873015873016, 32.96719576719577, 32.96402116402116, 32.956613756613756, 32.973544973544975, 32.96190476190476, 32.96825396825397, 32.96825396825397, 32.974603174603175, 32.97142857142857, 32.96825396825397, 32.96402116402116, 32.98095238095238, 32.954497354497356, 32.96507936507936, 32.96613756613757, 32.96190476190476, 32.96402116402116, 32.96084656084656, 32.96296296296297, 32.97142857142857, 32.96825396825397, 32.95767195767196, 32.96296296296296, 32.958730158730155, 32.96190476190476, 32.975661375661375, 32.974603174603175, 32.971428571428575, 32.96613756613756, 32.96931216931217, 32.95873015873016, 32.96402116402116, 32.96084656084656, 32.958730158730155, 32.95978835978836, 32.96507936507936, 32.96296296296296, 32.956613756613756, 32.94497354497354, 32.96296296296296, 32.96190476190476, 32.96402116402116, 32.957671957671955, 32.96825396825397, 32.96825396825397, 32.95978835978836, 32.955555555555556, 32.96190476190476, 32.96507936507936, 32.955555555555556, 32.96084656084656, 32.95873015873016, 32.95978835978836, 32.955555555555556, 32.96507936507936, 32.955555555555556, 32.954497354497356, 32.95873015873016, 32.96296296296296, 32.96719576719576, 32.96507936507936, 32.95978835978836, 32.96931216931217, 32.96084656084656, 32.96402116402116, 32.95661375661376, 32.96402116402116, 32.96084656084656, 32.956613756613756, 32.96507936507936, 32.96402116402116, 32.96084656084656, 32.95132275132275, 32.957671957671955, 32.955555555555556, 32.96507936507936, 32.95873015873016, 32.956613756613756, 32.95978835978836, 32.96931216931217, 32.95873015873016, 32.955555555555556, 32.96190476190476, 32.96190476190476, 32.95978835978836, 32.95767195767196, 32.95132275132275, 32.95238095238095, 32.96296296296296, 32.972486772486775, 32.96613756613757, 32.95873015873016, 32.96825396825397, 32.96190476190476, 32.958730158730155, 32.95978835978836, 32.972486772486775, 32.96613756613756, 32.972486772486775, 32.975661375661375, 32.96402116402116, 32.96296296296296, 32.96719576719577, 32.96613756613756, 31.95978835978836, 31.959788359788362, 31.95873015873016, 31.975661375661375, 31.97142857142857, 31.960846560846562, 31.962962962962962, 31.971428571428575, 31.961904761904762, 31.95873015873016, 31.97037037037037, 31.976719576719574, 31.96719576719577, 31.956613756613756, 31.960846560846562, 31.96931216931217, 31.970370370370368, 31.96613756613757, 31.962962962962962, 31.96190476190476, 31.96613756613757, 31.967195767195765, 31.962962962962962, 31.956613756613756, 31.956613756613756, 31.956613756613756, 31.961904761904762, 31.96613756613757, 31.964021164021165, 31.95873015873016, 31.953439153439156, 31.974603174603175, 31.964021164021162, 31.96825396825397, 31.96190476190476, 31.96507936507937, 31.951322751322753, 31.964021164021162, 31.957671957671955, 31.961904761904762, 31.95873015873016, 31.968253968253965, 31.964021164021165, 31.96931216931217, 31.964021164021162, 31.96825396825397, 31.96931216931217, 31.964021164021162, 31.960846560846562, 31.958730158730155, 31.972486772486775, 31.966137566137565, 31.959788359788362, 31.973544973544975, 31.965079365079365, 31.960846560846562, 31.955555555555556, 31.95873015873016, 31.953439153439156, 31.94179894179894, 31.95978835978836, 31.96719576719577, 31.96613756613757, 31.96084656084656, 31.96084656084656, 31.968253968253965, 31.967195767195765, 31.970370370370368, 30.970370370370368, 30.953439153439152, 30.96931216931217, 30.96931216931217, 30.967195767195765, 30.95767195767196, 30.962962962962962, 30.962962962962965, 30.95132275132275, 30.961904761904762, 30.970370370370368, 30.954497354497352, 30.964021164021162, 30.955555555555556, 30.962962962962962, 30.965079365079365, 30.966137566137565, 30.96190476190476, 30.965079365079365, 30.95873015873016, 30.957671957671955, 30.954497354497352, 30.965079365079365, 30.95978835978836, 30.966137566137565, 30.95978835978836, 30.961904761904762, 30.957671957671955, 30.96931216931217, 30.96719576719577, 30.962962962962962, 30.95873015873016, 30.962962962962962, 30.96084656084656, 30.953439153439156, 30.96613756613757, 30.961904761904762, 30.96613756613757, 30.96825396825397, 30.966137566137565, 30.965079365079365, 30.97142857142857, 30.95873015873016, 30.950264550264546]",0.9162971953203048,0.9345751053058701,31,"[33, 33, 33, 33, 33, 33, 33, 33, 33, 33, 33, 33, 33, 33, 33, 33, 33, 33, 33, 33, 33, 33, 33, 33, 33, 33, 33, 33, 33, 33, 33, 33, 33, 33, 33, 33, 33, 33, 33, 33, 33, 33, 33, 33, 33, 33, 33, 33, 33, 33, 33, 33, 33, 33, 33, 33, 33, 33, 33, 33, 33, 33, 33, 33, 33, 33, 33, 33, 33, 33, 33, 33, 33, 33, 33, 33, 33, 33, 33, 33, 33, 33, 33, 33, 33, 33, 33, 33, 33, 33, 33, 33, 33, 33, 33, 33, 33, 33, 33, 33, 33, 33, 33, 33, 33, 33, 33, 33, 33, 33, 33, 33, 33, 33, 33, 33, 33, 33, 33, 33, 33, 33, 33, 33, 33, 33, 33, 33, 33, 33, 33, 33, 33, 33, 33, 33, 33, 33, 33, 33, 33, 33, 33, 33, 33, 33, 33, 33, 33, 33, 33, 33, 33, 33, 33, 33, 33, 33, 33, 33, 33, 33, 33, 33, 33, 33, 33, 33, 33, 33, 33, 33, 33, 33, 33, 33, 33, 33, 33, 33, 33, 33, 33, 32, 32, 32, 32, 32, 32, 32, 32, 32, 32, 32, 32, 32, 32, 32, 32, 32, 32, 32, 32, 32, 32, 32, 32, 32, 32, 32, 32, 32, 32, 32, 32, 32, 32, 32, 32, 32, 32, 32, 32, 32, 32, 32, 32, 32, 32, 32, 32, 32, 32, 32, 32, 32, 32, 32, 32, 32, 32, 32, 32, 32, 32, 32, 32, 32, 32, 32, 32, 31, 31, 31, 31, 31, 31, 31, 31, 31, 31, 31, 31, 31, 31, 31, 31, 31, 31, 31, 31, 31, 31, 31, 31, 31, 31, 31, 31, 31, 31, 31, 31, 31, 31, 31, 31, 31, 31, 31, 31, 31, 31, 31, 31]",295,"[0.5056065320968628, 0.39988890290260315, 0.37252163887023926, 0.3941543698310852, 0.5657511353492737, 0.4443911612033844, 0.4560244381427765, 0.5868566632270813, 0.41115379333496094, 0.3983005881309509, 0.37357771396636963, 0.3557301461696625, 0.3646433353424072, 0.36833658814430237, 0.3301699161529541, 0.35414379835128784, 0.4515325427055359, 0.38999903202056885, 0.3160310685634613, 0.41541898250579834, 0.41041624546051025, 0.3576413691043854, 0.3820796310901642, 0.36090072989463806, 0.2889099419116974, 0.2824069559574127, 0.3780585825443268, 0.28549039363861084, 0.2804311513900757, 0.35720694065093994, 0.27086320519447327, 0.2661433517932892, 0.2664297819137573, 0.2900027632713318, 0.25906869769096375, 0.25846701860427856, 0.26738229393959045, 0.31722328066825867, 0.26571568846702576, 0.25799140334129333, 0.2587413489818573, 0.24314160645008087, 0.2485176920890808, 0.24770602583885193, 0.23788602650165558, 0.23625965416431427, 0.23937493562698364, 0.2360224723815918, 0.23519910871982574, 0.23773865401744843, 0.2380209118127823, 0.23597875237464905, 0.23474419116973877, 0.2314891368150711, 0.22767716646194458, 0.28562068939208984, 0.2618773281574249, 0.2270490825176239, 0.22333821654319763, 0.21805322170257568, 0.24453240633010864, 0.24950100481510162, 0.22237834334373474, 0.2447013407945633, 0.25307971239089966, 0.2381100207567215, 0.22242820262908936, 0.21157073974609375, 0.20944520831108093, 0.2140660434961319, 0.20923101902008057, 0.21215400099754333, 0.2175355851650238, 0.22927145659923553, 0.2472509890794754, 0.20765188336372375, 0.20950071513652802, 0.22247307002544403, 0.21349044144153595, 0.2076723426580429, 0.20486445724964142, 0.20223332941532135, 0.20958024263381958, 0.201213538646698, 0.2007569670677185, 0.20188184082508087, 0.21670085191726685, 0.2067514806985855, 0.22135964035987854, 0.1991998553276062, 0.20701000094413757, 0.2348511517047882, 0.34320423007011414, 0.20118944346904755, 0.20968858897686005, 0.2399909347295761, 0.20509038865566254, 0.20126383006572723, 0.2077500969171524, 0.21473899483680725, 0.19957827031612396, 0.20148667693138123, 0.20016354322433472, 0.1970084309577942, 0.21260195970535278, 0.19607695937156677, 0.19566388428211212, 0.19885657727718353, 0.19936782121658325, 0.2033015638589859, 0.26085448265075684, 0.28981900215148926, 0.2078934609889984, 0.19562001526355743, 0.19427186250686646, 0.2482682764530182, 0.20317520201206207, 0.19268451631069183, 0.22821353375911713, 0.19125603139400482, 0.19394883513450623, 0.19405420124530792, 0.23916396498680115, 0.2555433213710785, 0.22973710298538208, 0.21022537350654602, 0.19348983466625214, 0.1913759559392929, 0.24917282164096832, 0.19450931251049042, 0.19575294852256775, 0.21695679426193237, 0.19384057819843292, 0.186021625995636, 0.18636451661586761, 0.19339194893836975, 0.21630622446537018, 0.22257976233959198, 0.1907329559326172, 0.1924610584974289, 0.20505407452583313, 0.1840982288122177, 0.19725559651851654, 0.18462210893630981, 0.18520335853099823, 0.1951998472213745, 0.1959637999534607, 0.19044199585914612, 0.19040632247924805, 0.18799400329589844, 0.19415439665317535, 0.1866968870162964, 0.19522112607955933, 0.19180601835250854, 0.18870392441749573, 0.19300808012485504, 0.21196560561656952, 0.19552144408226013, 0.1871054321527481, 0.182468980550766, 0.2091199904680252, 0.19724269211292267, 0.1878523975610733, 0.1836652010679245, 0.18253688514232635, 0.18471068143844604, 0.18337799608707428, 0.219031423330307, 0.20166154205799103, 0.18050308525562286, 0.18007344007492065, 0.1809302121400833, 0.18305560946464539, 0.17919453978538513, 0.19372695684432983, 0.17769531905651093, 0.18214155733585358, 0.22492989897727966, 0.19028876721858978, 0.17807219922542572, 0.18124371767044067, 0.18503627181053162, 0.19039282202720642, 0.21887558698654175, 0.1801755726337433, 0.24509182572364807, 0.187473863363266, 0.2038699984550476, 0.18768873810768127, 0.1854456514120102, 0.1849391609430313, 0.1815415769815445, 0.18312349915504456, 0.21090495586395264, 0.18648135662078857, 0.18779321014881134, 0.17858366668224335, 0.2229679524898529, 0.18837660551071167, 0.19490419328212738, 0.19075284898281097, 0.18735849857330322, 0.17864499986171722, 0.17336797714233398, 0.18115371465682983, 0.17654958367347717, 0.17570365965366364, 0.18399427831172943, 0.18818271160125732, 0.17878159880638123, 0.18185833096504211, 0.18873216211795807, 0.21053747832775116, 0.22145822644233704, 0.18146462738513947, 0.19622701406478882, 0.1808793991804123, 0.18346019089221954, 0.1858123242855072, 0.20167678594589233, 0.20745432376861572, 0.17913132905960083, 0.17862853407859802, 0.18913275003433228, 0.24517840147018433, 0.18372079730033875, 0.18109765648841858, 0.1812831312417984, 0.23976516723632812, 0.1858123540878296, 0.18707001209259033, 0.1777902990579605, 0.17714959383010864, 0.19253069162368774, 0.1809483766555786, 0.18854214251041412, 0.1810423731803894, 0.18293792009353638, 0.1910705417394638, 0.19212503731250763, 0.1921795904636383, 0.19161005318164825, 0.23905575275421143, 0.17621669173240662, 0.17892420291900635, 0.19283874332904816, 0.19476765394210815, 0.21552056074142456, 0.18404918909072876, 0.18048273026943207, 0.18339070677757263, 0.18522711098194122, 0.2012137472629547, 0.18474313616752625, 0.18007592856884003, 0.18505734205245972, 0.18763618171215057, 0.21126417815685272, 0.1889687478542328, 0.18728667497634888, 0.1847778558731079, 0.17745620012283325, 0.18216343224048615, 0.17980284988880157, 0.18124918639659882, 0.2853134572505951, 0.1829531043767929, 0.1840028166770935, 0.17830881476402283, 0.174937441945076, 0.18342827260494232, 0.19785337150096893, 0.2022779881954193, 0.17945821583271027, 0.1855170875787735, 0.18005406856536865, 0.19463148713111877, 0.18341705203056335, 0.18334585428237915, 0.17998471856117249, 0.2062271237373352, 0.19843555986881256, 0.18701471388339996, 0.19387151300907135, 0.22972774505615234, 0.21393655240535736, 0.1823873370885849, 0.18520811200141907, 0.19493456184864044, 0.18284040689468384, 0.18226328492164612, 0.18322381377220154, 0.1851576864719391, 0.17842505872249603, 0.18298929929733276]",31.0,"[33.0, 33.0, 33.0, 33.0, 33.0, 33.0, 33.0, 33.0, 33.0, 33.0, 33.0, 33.0, 33.0, 33.0, 33.0, 33.0, 33.0, 33.0, 33.0, 33.0, 33.0, 33.0, 33.0, 33.0, 33.0, 33.0, 33.0, 33.0, 33.0, 33.0, 33.0, 33.0, 33.0, 33.0, 33.0, 33.0, 33.0, 33.0, 33.0, 33.0, 33.0, 33.0, 33.0, 33.0, 33.0, 33.0, 33.0, 33.0, 33.0, 33.0, 33.0, 33.0, 33.0, 33.0, 33.0, 33.0, 33.0, 33.0, 33.0, 33.0, 33.0, 33.0, 33.0, 33.0, 33.0, 33.0, 33.0, 33.0, 33.0, 33.0, 33.0, 33.0, 33.0, 33.0, 33.0, 33.0, 33.0, 33.0, 33.0, 33.0, 33.0, 33.0, 33.0, 33.0, 33.0, 33.0, 33.0, 33.0, 33.0, 33.0, 33.0, 33.0, 33.0, 33.0, 33.0, 33.0, 33.0, 33.0, 33.0, 33.0, 33.0, 33.0, 33.0, 33.0, 33.0, 33.0, 33.0, 33.0, 33.0, 33.0, 33.0, 33.0, 33.0, 33.0, 33.0, 33.0, 33.0, 33.0, 33.0, 33.0, 33.0, 33.0, 33.0, 33.0, 33.0, 33.0, 33.0, 33.0, 33.0, 33.0, 33.0, 33.0, 33.0, 33.0, 33.0, 33.0, 33.0, 33.0, 33.0, 33.0, 33.0, 33.0, 33.0, 33.0, 33.0, 33.0, 33.0, 33.0, 33.0, 33.0, 33.0, 33.0, 33.0, 33.0, 33.0, 33.0, 33.0, 33.0, 33.0, 33.0, 33.0, 33.0, 33.0, 33.0, 33.0, 33.0, 33.0, 33.0, 33.0, 33.0, 33.0, 33.0, 33.0, 33.0, 33.0, 33.0, 33.0, 33.0, 33.0, 33.0, 33.0, 33.0, 33.0, 32.0, 32.0, 32.0, 32.0, 32.0, 32.0, 32.0, 32.0, 32.0, 32.0, 32.0, 32.0, 32.0, 32.0, 32.0, 32.0, 32.0, 32.0, 32.0, 32.0, 32.0, 32.0, 32.0, 32.0, 32.0, 32.0, 32.0, 32.0, 32.0, 32.0, 32.0, 32.0, 32.0, 32.0, 32.0, 32.0, 32.0, 32.0, 32.0, 32.0, 32.0, 32.0, 32.0, 32.0, 32.0, 32.0, 32.0, 32.0, 32.0, 32.0, 32.0, 32.0, 32.0, 32.0, 32.0, 32.0, 32.0, 32.0, 32.0, 32.0, 32.0, 32.0, 32.0, 32.0, 32.0, 32.0, 32.0, 32.0, 31.0, 31.0, 31.0, 31.0, 31.0, 31.0, 31.0, 31.0, 31.0, 31.0, 31.0, 31.0, 31.0, 31.0, 31.0, 31.0, 31.0, 31.0, 31.0, 31.0, 31.0, 31.0, 31.0, 31.0, 31.0, 31.0, 31.0, 31.0, 31.0, 31.0, 31.0, 31.0, 31.0, 31.0, 31.0, 31.0, 31.0, 31.0, 31.0, 31.0, 31.0, 31.0, 31.0, 31.0]",COMPLETE
139,139,0.9127539256224962,2024-08-31 06:56:05.693445,2024-08-31 06:57:57.719044,0 days 00:01:52.025599,4,0.19353427221047273,5,85,0.10084913858632444,53,0.004033892040393669,0.911,0.91125,33,"[33, 33, 33, 33, 33, 33, 33, 33, 33, 33, 33, 33, 33, 33, 33, 33, 33, 33, 33, 33, 33, 33, 33, 33, 33, 33, 33, 33, 33, 33, 33, 33, 33, 33, 33, 33, 33, 33, 33, 33, 33, 33, 33, 33, 33, 33, 33, 33, 33, 33, 33, 33, 33, 33, 33, 33, 33, 33, 33, 33, 33, 33, 33, 33, 33, 33, 33, 33, 33, 33, 33, 33, 33, 33, 33, 33, 33, 33, 33, 33, 33, 33, 33, 33, 33]",32.9342665855143,"[32.94948265368229, 32.9403530127815, 32.94704808277541, 32.939744370054775, 32.933049300060866, 32.94522215459525, 32.94887401095557, 32.944004869141814, 32.94643944004869, 32.945830797321975, 32.94522215459526, 32.94765672550213, 32.95191722458917, 32.941570298234936, 32.93974437005478, 32.94461351186853, 32.935483870967744, 32.9373097991479, 32.94096165550822, 32.9403530127815, 32.950091296409006, 32.94522215459526, 32.94461351186853, 32.942178940961654, 32.94765672550213, 32.94704808277541, 32.947656725502135, 32.94887401095557, 32.944004869141814, 32.93609251369446, 32.945830797321975, 32.948265368228846, 32.941570298234936, 32.941570298234936, 32.94704808277541, 32.9403530127815, 32.94522215459525, 32.94643944004869, 32.94522215459526, 32.94522215459525, 32.944004869141814, 32.94278758368838, 32.94096165550822, 32.941570298234936, 32.94035301278149, 32.941570298234936, 32.942178940961654, 32.94948265368229, 32.943396226415096, 32.94704808277541, 32.94643944004869, 32.947656725502135, 32.94765672550213, 32.95191722458917, 32.94461351186853, 32.95130858186245, 32.941570298234936, 32.94704808277541, 32.937309799147904, 32.93852708460134, 32.93791844187462, 32.93426658551431, 32.945830797321975, 32.93609251369446, 32.941570298234936, 32.93852708460134, 32.94461351186853, 32.9342665855143, 32.94278758368838, 32.94461351186853, 32.93974437005478, 32.94339622641509, 32.94704808277541, 32.944004869141814, 32.94704808277541, 32.94643944004869, 32.94522215459525, 32.93852708460134, 32.941570298234936, 32.941570298234936, 32.942178940961654, 32.94887401095557, 32.943396226415096, 32.935483870967744, 32.9342665855143]",0.8941619399103361,0.9127539256224962,33,"[33, 33, 33, 33, 33, 33, 33, 33, 33, 33, 33, 33, 33, 33, 33, 33, 33, 33, 33, 33, 33, 33, 33, 33, 33, 33, 33, 33, 33, 33, 33, 33, 33, 33, 33, 33, 33, 33, 33, 33, 33, 33, 33, 33, 33, 33, 33, 33, 33, 33, 33, 33, 33, 33, 33, 33, 33, 33, 33, 33, 33, 33, 33, 33, 33, 33, 33, 33, 33, 33, 33, 33, 33, 33, 33, 33, 33, 33, 33, 33, 33, 33, 33, 33, 33]",85,"[0.3934904932975769, 0.3843502402305603, 0.3787690997123718, 0.37472984194755554, 0.3715839087963104, 0.3697887361049652, 0.36659783124923706, 0.363977313041687, 0.36201682686805725, 0.3595101237297058, 0.35811617970466614, 0.355968177318573, 0.35319796204566956, 0.3525600731372833, 0.3491661548614502, 0.34715601801872253, 0.3454582095146179, 0.34341317415237427, 0.3414437472820282, 0.3392234146595001, 0.3367771804332733, 0.33473506569862366, 0.33259347081184387, 0.3305152952671051, 0.3281773328781128, 0.32646042108535767, 0.3234511613845825, 0.3211647868156433, 0.3185216188430786, 0.31564784049987793, 0.3131011724472046, 0.3102836310863495, 0.3074849843978882, 0.30488595366477966, 0.3025515079498291, 0.2996795177459717, 0.2963317632675171, 0.29364079236984253, 0.2911394536495209, 0.2884191572666168, 0.28770893812179565, 0.28385627269744873, 0.2809682786464691, 0.27910134196281433, 0.27725499868392944, 0.27506503462791443, 0.27315396070480347, 0.27133840322494507, 0.26951003074645996, 0.26788681745529175, 0.26636436581611633, 0.2653387784957886, 0.2642103135585785, 0.2623204290866852, 0.26084765791893005, 0.2596822679042816, 0.2582874596118927, 0.2578412592411041, 0.25663331151008606, 0.2550155222415924, 0.25367558002471924, 0.25273454189300537, 0.2516917586326599, 0.2519400417804718, 0.2495069056749344, 0.24825447797775269, 0.24777649343013763, 0.2467452585697174, 0.24516239762306213, 0.24494178593158722, 0.24345698952674866, 0.24219787120819092, 0.2420114278793335, 0.24109327793121338, 0.240666463971138, 0.24025440216064453, 0.23807694017887115, 0.23721599578857422, 0.23733802139759064, 0.23560723662376404, 0.23471517860889435, 0.23389393091201782, 0.23292295634746552, 0.23214325308799744, 0.23188230395317078]",33.0,"[33.0, 33.0, 33.0, 33.0, 33.0, 33.0, 33.0, 33.0, 33.0, 33.0, 33.0, 33.0, 33.0, 33.0, 33.0, 33.0, 33.0, 33.0, 33.0, 33.0, 33.0, 33.0, 33.0, 33.0, 33.0, 33.0, 33.0, 33.0, 33.0, 33.0, 33.0, 33.0, 33.0, 33.0, 33.0, 33.0, 33.0, 33.0, 33.0, 33.0, 33.0, 33.0, 33.0, 33.0, 33.0, 33.0, 33.0, 33.0, 33.0, 33.0, 33.0, 33.0, 33.0, 33.0, 33.0, 33.0, 33.0, 33.0, 33.0, 33.0, 33.0, 33.0, 33.0, 33.0, 33.0, 33.0, 33.0, 33.0, 33.0, 33.0, 33.0, 33.0, 33.0, 33.0, 33.0, 33.0, 33.0, 33.0, 33.0, 33.0, 33.0, 33.0, 33.0, 33.0, 33.0]",COMPLETE
