,number,value,datetime_start,datetime_complete,duration,params_batch_size_scaler,params_constant_learning_rate,params_depth,params_epochs,params_kernel_l2,params_num_trees,params_temperature,user_attrs_accuracy_test,user_attrs_accuracy_valid,user_attrs_approximate_feature_sparsity,user_attrs_approximate_feature_sparsity_history,user_attrs_approximate_weight_sparsity,user_attrs_approximate_weight_sparsity_history,user_attrs_auc_test,user_attrs_auc_valid,user_attrs_feature_sparsity,user_attrs_feature_sparsity_history,user_attrs_num_epochs,user_attrs_val_loss_history,user_attrs_weight_sparsity,user_attrs_weight_sparsity_history,state
20,20,0.8297329675000967,2024-08-31 01:31:20.325300,2024-08-31 01:31:36.107633,0 days 00:00:15.782333,64,0.12797348278959833,2,195,0.0021287280265579506,90,0.027789058534802735,0.872,0.8675,33,"[33, 33, 33, 33, 33, 33, 33, 33, 33, 33, 33, 33, 33, 33, 33, 33, 33, 33, 33, 33, 33, 33, 33, 33, 33, 33, 33, 33, 33, 33, 33, 33, 33, 33, 33, 33, 33, 33, 33, 33, 33, 33, 33, 33, 33, 33, 33, 33, 33, 33, 33, 33, 33, 33, 33, 33, 33, 33, 33, 33, 33, 33, 33, 33, 33, 33, 33, 33, 33, 33, 33, 33, 33, 33, 33, 33, 33, 33, 33, 33, 33, 33, 33, 33, 33, 33, 33, 33, 33, 33, 33, 33, 33, 33, 33, 33, 33, 33, 33, 33, 33, 33, 33, 33, 33, 33, 33, 33, 33, 33, 33, 33, 33, 33, 33, 33, 33, 33, 33, 33, 33, 33, 33, 33, 33, 33, 33, 33, 33, 33, 33, 33, 33, 33, 33, 33, 33, 33, 33, 33, 33, 33, 33, 33, 33, 33, 33, 33, 33, 33, 33, 33, 33, 33, 33, 33, 33, 33, 33, 33, 33, 33, 33, 33, 33, 33, 33, 33, 33, 33, 33, 33, 33, 33, 33, 33, 33, 33, 33, 33, 33, 33, 33, 33, 33, 33, 33, 33, 33, 33, 33, 33, 33, 33, 33]",32.974074074074075,"[32.992592592592594, 32.97777777777778, 32.98518518518519, 32.974074074074075, 32.98518518518519, 32.977777777777774, 32.977777777777774, 32.974074074074075, 32.970370370370375, 33.0, 32.988888888888894, 32.988888888888894, 32.98148148148148, 32.970370370370375, 32.974074074074075, 32.98148148148148, 32.96666666666667, 32.97777777777778, 32.974074074074075, 32.974074074074075, 32.96296296296296, 32.974074074074075, 32.98148148148148, 32.98518518518519, 32.99629629629629, 32.98518518518519, 32.98518518518519, 32.988888888888894, 32.98148148148148, 32.974074074074075, 32.98148148148148, 32.974074074074075, 32.974074074074075, 32.96296296296296, 32.98518518518519, 32.974074074074075, 32.97777777777778, 32.988888888888894, 32.97777777777778, 32.974074074074075, 32.96666666666667, 32.974074074074075, 32.97777777777778, 32.97777777777778, 32.977777777777774, 32.977777777777774, 32.98148148148148, 32.974074074074075, 32.97037037037037, 32.98148148148148, 32.98518518518519, 32.974074074074075, 32.97777777777778, 32.974074074074075, 32.97777777777778, 32.974074074074075, 32.974074074074075, 32.98518518518519, 32.98148148148148, 32.98148148148148, 32.970370370370375, 32.97777777777778, 32.988888888888894, 32.98148148148148, 32.98148148148148, 32.988888888888894, 32.98148148148148, 32.988888888888894, 32.98518518518519, 32.97777777777778, 32.98888888888889, 32.97777777777778, 32.97777777777778, 32.974074074074075, 32.98518518518518, 32.977777777777774, 32.974074074074075, 32.977777777777774, 32.98888888888889, 32.98518518518519, 32.988888888888894, 32.988888888888894, 32.98888888888889, 32.974074074074075, 32.98148148148148, 32.974074074074075, 32.977777777777774, 32.98148148148148, 32.974074074074075, 32.96296296296296, 32.98888888888889, 32.98148148148148, 32.98518518518518, 32.98518518518518, 32.98888888888889, 32.974074074074075, 32.98148148148148, 32.977777777777774, 32.974074074074075, 32.974074074074075, 32.98518518518518, 32.97777777777778, 32.977777777777774, 32.97777777777778, 32.974074074074075, 32.970370370370375, 32.96296296296296, 32.96666666666667, 32.974074074074075, 32.96666666666667, 32.974074074074075, 32.98518518518519, 32.992592592592594, 32.98148148148148, 32.988888888888894, 32.98148148148148, 32.98148148148148, 32.98148148148148, 32.98148148148148, 32.977777777777774, 32.97777777777778, 32.974074074074075, 32.97777777777778, 32.98148148148148, 32.98518518518519, 32.977777777777774, 32.97037037037037, 32.96666666666667, 32.96296296296296, 32.98148148148148, 32.98148148148148, 32.974074074074075, 32.974074074074075, 32.970370370370375, 32.97777777777778, 32.977777777777774, 32.97777777777778, 32.970370370370375, 32.974074074074075, 32.98518518518519, 32.98148148148148, 32.98148148148148, 32.97777777777778, 32.98518518518519, 32.970370370370375, 32.97777777777778, 32.97777777777778, 32.974074074074075, 32.97777777777778, 32.97777777777778, 32.98148148148148, 32.97777777777778, 32.97777777777778, 32.98518518518519, 32.988888888888894, 32.988888888888894, 32.974074074074075, 32.977777777777774, 32.98148148148148, 32.97777777777778, 32.97777777777778, 32.97777777777778, 32.992592592592594, 32.992592592592594, 32.988888888888894, 32.992592592592594, 32.98518518518519, 32.99629629629629, 32.992592592592594, 32.97777777777778, 32.974074074074075, 32.988888888888894, 32.98148148148148, 32.977777777777774, 32.974074074074075, 32.974074074074075, 32.974074074074075, 32.98148148148148, 32.97777777777778, 32.98148148148148, 32.98888888888889, 32.98148148148148, 32.988888888888894, 32.992592592592594, 32.98518518518519, 33.0, 32.992592592592594, 33.0, 32.988888888888894, 32.99629629629629, 32.988888888888894, 32.977777777777774, 32.970370370370375, 32.974074074074075, 32.974074074074075]",0.8396205384786863,0.8297329675000967,33,"[33, 33, 33, 33, 33, 33, 33, 33, 33, 33, 33, 33, 33, 33, 33, 33, 33, 33, 33, 33, 33, 33, 33, 33, 33, 33, 33, 33, 33, 33, 33, 33, 33, 33, 33, 33, 33, 33, 33, 33, 33, 33, 33, 33, 33, 33, 33, 33, 33, 33, 33, 33, 33, 33, 33, 33, 33, 33, 33, 33, 33, 33, 33, 33, 33, 33, 33, 33, 33, 33, 33, 33, 33, 33, 33, 33, 33, 33, 33, 33, 33, 33, 33, 33, 33, 33, 33, 33, 33, 33, 33, 33, 33, 33, 33, 33, 33, 33, 33, 33, 33, 33, 33, 33, 33, 33, 33, 33, 33, 33, 33, 33, 33, 33, 33, 33, 33, 33, 33, 33, 33, 33, 33, 33, 33, 33, 33, 33, 33, 33, 33, 33, 33, 33, 33, 33, 33, 33, 33, 33, 33, 33, 33, 33, 33, 33, 33, 33, 33, 33, 33, 33, 33, 33, 33, 33, 33, 33, 33, 33, 33, 33, 33, 33, 33, 33, 33, 33, 33, 33, 33, 33, 33, 33, 33, 33, 33, 33, 33, 33, 33, 33, 33, 33, 33, 33, 33, 33, 33, 33, 33, 33, 33, 33, 33]",195,"[0.4108329713344574, 0.4085574448108673, 0.4042113125324249, 0.39809685945510864, 0.3958221673965454, 0.4004649221897125, 0.38908907771110535, 0.38908812403678894, 0.38466140627861023, 0.3889473080635071, 0.3825415372848511, 0.37980860471725464, 0.37907883524894714, 0.38057196140289307, 0.3757031559944153, 0.37482520937919617, 0.37403061985969543, 0.3770870268344879, 0.3786854147911072, 0.37120673060417175, 0.37213146686553955, 0.372886061668396, 0.3692154288291931, 0.3733842968940735, 0.3797815442085266, 0.3668025732040405, 0.3662433624267578, 0.3660602867603302, 0.3659179210662842, 0.3651098310947418, 0.3643184006214142, 0.36416611075401306, 0.36508604884147644, 0.36563995480537415, 0.36421895027160645, 0.3627169132232666, 0.3626345098018646, 0.3661120533943176, 0.36327794194221497, 0.36137810349464417, 0.36038970947265625, 0.3621272146701813, 0.35997727513313293, 0.3596571385860443, 0.35971930623054504, 0.3581489324569702, 0.36127999424934387, 0.3588945269584656, 0.35736027359962463, 0.35678064823150635, 0.35654065012931824, 0.3594304025173187, 0.361212819814682, 0.35901182889938354, 0.3557218611240387, 0.3546191453933716, 0.3580584228038788, 0.3533656597137451, 0.3529786169528961, 0.3546302318572998, 0.3526651859283447, 0.35574570298194885, 0.35276272892951965, 0.3521014153957367, 0.3519218862056732, 0.3510679304599762, 0.3501700460910797, 0.3538860082626343, 0.34969139099121094, 0.3504651188850403, 0.3484448194503784, 0.35526561737060547, 0.347438246011734, 0.3499238193035126, 0.34726208448410034, 0.3465530276298523, 0.345790296792984, 0.34734612703323364, 0.35302025079727173, 0.35261544585227966, 0.3445899188518524, 0.3445437550544739, 0.34394991397857666, 0.3461146652698517, 0.3441893756389618, 0.34376490116119385, 0.3443061411380768, 0.3449874520301819, 0.34507134556770325, 0.3495081663131714, 0.3422546088695526, 0.341874897480011, 0.34215301275253296, 0.347169429063797, 0.3408108949661255, 0.34404268860816956, 0.3403153121471405, 0.34255078434944153, 0.3399417996406555, 0.3450988531112671, 0.34088411927223206, 0.3385029733181, 0.3373602032661438, 0.34839317202568054, 0.3366260528564453, 0.33819305896759033, 0.33882659673690796, 0.33643800020217896, 0.3360142111778259, 0.33582955598831177, 0.33520829677581787, 0.336244136095047, 0.3359091877937317, 0.3343604803085327, 0.3343141973018646, 0.3339073061943054, 0.3431268632411957, 0.3360409438610077, 0.33565184473991394, 0.3324367105960846, 0.3355001211166382, 0.33188188076019287, 0.33163928985595703, 0.33152589201927185, 0.3324493169784546, 0.3329330384731293, 0.3322037160396576, 0.3310447037220001, 0.33083829283714294, 0.3302995562553406, 0.33209994435310364, 0.3301422894001007, 0.32980361580848694, 0.3292636573314667, 0.3296571969985962, 0.3282073736190796, 0.3276371359825134, 0.3275337517261505, 0.3272985816001892, 0.327636182308197, 0.3270000219345093, 0.3270021677017212, 0.3271905183792114, 0.33122608065605164, 0.32760611176490784, 0.3263958990573883, 0.32699069380760193, 0.3273061513900757, 0.32670360803604126, 0.33179759979248047, 0.3248542547225952, 0.3269094228744507, 0.3246524930000305, 0.3271358609199524, 0.32440781593322754, 0.3244411051273346, 0.33251139521598816, 0.3234424889087677, 0.3255808651447296, 0.3265373110771179, 0.32260215282440186, 0.3272613286972046, 0.3235887587070465, 0.321221262216568, 0.3235824704170227, 0.3212507367134094, 0.32026150822639465, 0.32007935643196106, 0.3283003270626068, 0.32012221217155457, 0.32077017426490784, 0.3199041783809662, 0.31937432289123535, 0.31972208619117737, 0.3198440670967102, 0.32447484135627747, 0.3189290165901184, 0.3175671696662903, 0.3181595802307129, 0.31802183389663696, 0.3163188397884369, 0.32499799132347107, 0.3171495199203491, 0.31582140922546387, 0.3158165514469147, 0.31569549441337585, 0.3212341368198395, 0.3143100440502167, 0.3143044710159302, 0.31606993079185486, 0.3147352635860443, 0.3129676878452301, 0.3134916126728058, 0.3142719864845276, 0.3130172789096832]",33.0,"[33.0, 33.0, 33.0, 33.0, 33.0, 33.0, 33.0, 33.0, 33.0, 33.0, 33.0, 33.0, 33.0, 33.0, 33.0, 33.0, 33.0, 33.0, 33.0, 33.0, 33.0, 33.0, 33.0, 33.0, 33.0, 33.0, 33.0, 33.0, 33.0, 33.0, 33.0, 33.0, 33.0, 33.0, 33.0, 33.0, 33.0, 33.0, 33.0, 33.0, 33.0, 33.0, 33.0, 33.0, 33.0, 33.0, 33.0, 33.0, 33.0, 33.0, 33.0, 33.0, 33.0, 33.0, 33.0, 33.0, 33.0, 33.0, 33.0, 33.0, 33.0, 33.0, 33.0, 33.0, 33.0, 33.0, 33.0, 33.0, 33.0, 33.0, 33.0, 33.0, 33.0, 33.0, 33.0, 33.0, 33.0, 33.0, 33.0, 33.0, 33.0, 33.0, 33.0, 33.0, 33.0, 33.0, 33.0, 33.0, 33.0, 33.0, 33.0, 33.0, 33.0, 33.0, 33.0, 33.0, 33.0, 33.0, 33.0, 33.0, 33.0, 33.0, 33.0, 33.0, 33.0, 33.0, 33.0, 33.0, 33.0, 33.0, 33.0, 33.0, 33.0, 33.0, 33.0, 33.0, 33.0, 33.0, 33.0, 33.0, 33.0, 33.0, 33.0, 33.0, 33.0, 33.0, 33.0, 33.0, 33.0, 33.0, 33.0, 33.0, 33.0, 33.0, 33.0, 33.0, 33.0, 33.0, 33.0, 33.0, 33.0, 33.0, 33.0, 33.0, 33.0, 33.0, 33.0, 33.0, 33.0, 33.0, 33.0, 33.0, 33.0, 33.0, 33.0, 33.0, 33.0, 33.0, 33.0, 33.0, 33.0, 33.0, 33.0, 33.0, 33.0, 33.0, 33.0, 33.0, 33.0, 33.0, 33.0, 33.0, 33.0, 33.0, 33.0, 33.0, 33.0, 33.0, 33.0, 33.0, 33.0, 33.0, 33.0, 33.0, 33.0, 33.0, 33.0, 33.0, 33.0, 33.0, 33.0, 33.0, 33.0, 33.0, 33.0]",COMPLETE
21,21,0.9150597055300074,2024-08-31 01:31:36.578344,2024-08-31 01:32:51.443181,0 days 00:01:14.864837,1,0.01727042903533464,2,195,0.044350858950058226,4,0.004558201475076205,0.92,0.90875,12,"[33, 33, 33, 33, 33, 33, 33, 33, 33, 33, 33, 33, 33, 33, 33, 33, 33, 33, 33, 33, 32, 32, 31, 31, 31, 29, 29, 25, 23, 23, 22, 22, 21, 21, 21, 21, 20, 18, 16, 16, 16, 16, 16, 16, 16, 16, 16, 16, 15, 15, 15, 15, 15, 15, 15, 15, 15, 15, 15, 15, 15, 15, 15, 15, 15, 15, 15, 15, 15, 15, 15, 15, 15, 15, 15, 15, 15, 15, 15, 15, 15, 15, 15, 15, 15, 15, 15, 15, 15, 15, 15, 15, 15, 15, 15, 15, 15, 15, 15, 15, 15, 15, 15, 15, 15, 15, 15, 15, 15, 15, 15, 15, 15, 15, 15, 15, 15, 15, 15, 15, 15, 15, 15, 15, 15, 15, 15, 15, 15, 15, 15, 15, 15, 15, 15, 15, 15, 15, 15, 15, 15, 14, 14, 14, 14, 14, 14, 14, 14, 14, 14, 14, 14, 14, 14, 14, 14, 14, 14, 14, 14, 14, 14, 14, 14, 14, 14, 14, 14, 14, 14, 14, 14, 14, 14, 14, 14, 14, 13, 13, 13, 13, 13, 13, 13, 13, 13, 13, 13, 13, 13, 12, 12, 12, 12]",11.833333333333332,"[33.0, 33.0, 33.0, 33.0, 32.916666666666664, 33.0, 33.0, 33.0, 33.0, 33.0, 33.0, 33.0, 33.0, 33.0, 33.0, 33.0, 33.0, 33.0, 33.0, 33.0, 32.0, 31.916666666666668, 30.916666666666664, 31.0, 31.0, 29.0, 29.0, 25.0, 23.0, 23.0, 22.0, 21.916666666666668, 21.0, 21.0, 21.0, 21.0, 20.0, 18.0, 16.0, 16.0, 16.0, 16.0, 16.0, 16.0, 16.0, 16.0, 16.0, 16.0, 15.0, 15.0, 14.916666666666666, 15.0, 15.0, 15.0, 15.0, 15.0, 15.0, 15.0, 14.916666666666666, 15.0, 15.0, 15.0, 15.0, 15.0, 15.0, 15.0, 15.0, 15.0, 15.0, 15.0, 15.0, 15.0, 15.0, 14.916666666666666, 15.0, 15.0, 15.0, 15.0, 15.0, 15.0, 15.0, 14.916666666666666, 15.0, 15.0, 15.0, 15.0, 15.0, 14.916666666666666, 15.0, 15.0, 15.0, 15.0, 15.0, 15.0, 15.0, 15.0, 15.0, 15.0, 15.0, 15.0, 15.0, 15.0, 14.916666666666666, 15.0, 15.0, 15.0, 15.0, 15.0, 14.916666666666666, 14.916666666666666, 14.916666666666666, 14.833333333333332, 15.0, 15.0, 15.0, 15.0, 15.0, 15.0, 15.0, 15.0, 15.0, 15.0, 15.0, 15.0, 15.0, 15.0, 15.0, 15.0, 15.0, 15.0, 15.0, 15.0, 15.0, 15.0, 15.0, 15.0, 15.0, 15.0, 14.833333333333332, 15.0, 15.0, 14.0, 14.0, 14.0, 14.0, 14.0, 14.0, 13.916666666666666, 14.0, 14.0, 14.0, 14.0, 14.0, 14.0, 14.0, 13.916666666666666, 14.0, 14.0, 14.0, 14.0, 14.0, 14.0, 14.0, 14.0, 14.0, 14.0, 14.0, 14.0, 14.0, 14.0, 14.0, 14.0, 13.916666666666666, 13.916666666666666, 14.0, 14.0, 14.0, 14.0, 13.0, 13.0, 13.0, 13.0, 13.0, 12.916666666666666, 12.916666666666666, 12.916666666666666, 12.916666666666666, 12.916666666666666, 12.916666666666666, 12.916666666666666, 12.916666666666666, 11.833333333333332, 11.833333333333332, 11.833333333333332, 11.833333333333332]",0.8836598716964309,0.9150597055300074,12,"[33, 33, 33, 33, 33, 33, 33, 33, 33, 33, 33, 33, 33, 33, 33, 33, 33, 33, 33, 33, 32, 32, 31, 31, 31, 29, 29, 25, 23, 23, 22, 22, 21, 21, 21, 21, 20, 18, 16, 16, 16, 16, 16, 16, 16, 16, 16, 16, 15, 15, 15, 15, 15, 15, 15, 15, 15, 15, 15, 15, 15, 15, 15, 15, 15, 15, 15, 15, 15, 15, 15, 15, 15, 15, 15, 15, 15, 15, 15, 15, 15, 15, 15, 15, 15, 15, 15, 15, 15, 15, 15, 15, 15, 15, 15, 15, 15, 15, 15, 15, 15, 15, 15, 15, 15, 15, 15, 15, 15, 15, 15, 15, 15, 15, 15, 15, 15, 15, 15, 15, 15, 15, 15, 15, 15, 15, 15, 15, 15, 15, 15, 15, 15, 15, 15, 15, 15, 15, 15, 15, 15, 14, 14, 14, 14, 14, 14, 14, 14, 14, 14, 14, 14, 14, 14, 14, 14, 14, 14, 14, 14, 14, 14, 14, 14, 14, 14, 14, 14, 14, 14, 14, 14, 14, 14, 14, 14, 14, 13, 13, 13, 13, 13, 13, 13, 13, 13, 13, 13, 13, 13, 12, 12, 12, 12]",195,"[0.4728574752807617, 0.46005457639694214, 0.4508354961872101, 0.443393737077713, 0.4371931850910187, 0.43155574798583984, 0.42637643218040466, 0.42132237553596497, 0.4165845215320587, 0.41209930181503296, 0.40775066614151, 0.40336036682128906, 0.39928680658340454, 0.3952986001968384, 0.39154860377311707, 0.38759559392929077, 0.3839302957057953, 0.3801487386226654, 0.37666091322898865, 0.37354686856269836, 0.37009483575820923, 0.3669133484363556, 0.3631640374660492, 0.3600187599658966, 0.35723739862442017, 0.35263457894325256, 0.34945201873779297, 0.3437177538871765, 0.3372771441936493, 0.3353540301322937, 0.3328443765640259, 0.3306737244129181, 0.3273921608924866, 0.3252439796924591, 0.3229019045829773, 0.32050639390945435, 0.3186188340187073, 0.31758126616477966, 0.31479769945144653, 0.3125838041305542, 0.3109045922756195, 0.30950868129730225, 0.30811360478401184, 0.3062764108181, 0.3047613203525543, 0.3034936785697937, 0.3017229735851288, 0.30039334297180176, 0.2980254888534546, 0.2965276837348938, 0.29567036032676697, 0.29426804184913635, 0.2937682867050171, 0.2926143705844879, 0.2916240096092224, 0.2898526191711426, 0.2887536883354187, 0.2880556285381317, 0.2872524857521057, 0.2866422235965729, 0.28552114963531494, 0.28528061509132385, 0.28394055366516113, 0.2828349173069, 0.2815018594264984, 0.28117918968200684, 0.28037962317466736, 0.2799438536167145, 0.2794593572616577, 0.2783271372318268, 0.27793097496032715, 0.2758791446685791, 0.2756859064102173, 0.27593353390693665, 0.27550217509269714, 0.2740975320339203, 0.2735801041126251, 0.2720443308353424, 0.2722408175468445, 0.2721516489982605, 0.27133873105049133, 0.2701410949230194, 0.2698841691017151, 0.2688579559326172, 0.2695387601852417, 0.26870375871658325, 0.2691563665866852, 0.2683204710483551, 0.26760613918304443, 0.26745378971099854, 0.2661955952644348, 0.26569420099258423, 0.26576775312423706, 0.26447930932044983, 0.26410695910453796, 0.26361769437789917, 0.26337093114852905, 0.26349085569381714, 0.2620093524456024, 0.2621477246284485, 0.26260319352149963, 0.2613486349582672, 0.26144295930862427, 0.26095059514045715, 0.2600577473640442, 0.25969669222831726, 0.2595265507698059, 0.2596697211265564, 0.25849229097366333, 0.2580789625644684, 0.2594757378101349, 0.25994446873664856, 0.2586299180984497, 0.25694310665130615, 0.25735482573509216, 0.2566449046134949, 0.2580181062221527, 0.25585269927978516, 0.25767946243286133, 0.25684598088264465, 0.25574278831481934, 0.25486984848976135, 0.2557852864265442, 0.25631773471832275, 0.2552444338798523, 0.25466281175613403, 0.255423367023468, 0.25462356209754944, 0.25442439317703247, 0.2542305886745453, 0.2545836865901947, 0.2530980706214905, 0.2528245151042938, 0.2525824308395386, 0.25073567032814026, 0.25189322233200073, 0.2524268329143524, 0.25259169936180115, 0.25118398666381836, 0.2512125074863434, 0.2496240735054016, 0.25321996212005615, 0.25370121002197266, 0.2550119161605835, 0.252494752407074, 0.2529389262199402, 0.2541666030883789, 0.2543647885322571, 0.2528221011161804, 0.2531278431415558, 0.2513355314731598, 0.2528066039085388, 0.25209611654281616, 0.25072339177131653, 0.2530873119831085, 0.25018948316574097, 0.2512214183807373, 0.2502216398715973, 0.2521490454673767, 0.24961493909358978, 0.24950376152992249, 0.25017058849334717, 0.2497808337211609, 0.25002095103263855, 0.24946218729019165, 0.24883568286895752, 0.24861404299736023, 0.24933530390262604, 0.2507428526878357, 0.24773569405078888, 0.24819719791412354, 0.24810323119163513, 0.2490881085395813, 0.24649721384048462, 0.24712161719799042, 0.24773834645748138, 0.24811233580112457, 0.24790047109127045, 0.24772630631923676, 0.249759241938591, 0.24894346296787262, 0.2475830614566803, 0.2491537481546402, 0.24830745160579681, 0.24720503389835358, 0.24583232402801514, 0.24625970423221588, 0.24829240143299103, 0.24619367718696594, 0.24874235689640045, 0.24751342833042145, 0.2470521330833435, 0.25006067752838135, 0.24734371900558472, 0.24744199216365814]",12.0,"[33.0, 33.0, 33.0, 33.0, 33.0, 33.0, 33.0, 33.0, 33.0, 33.0, 33.0, 33.0, 33.0, 33.0, 33.0, 33.0, 33.0, 33.0, 33.0, 33.0, 32.0, 32.0, 31.0, 31.0, 31.0, 29.0, 29.0, 25.0, 23.0, 23.0, 22.0, 22.0, 21.0, 21.0, 21.0, 21.0, 20.0, 18.0, 16.0, 16.0, 16.0, 16.0, 16.0, 16.0, 16.0, 16.0, 16.0, 16.0, 15.0, 15.0, 15.0, 15.0, 15.0, 15.0, 15.0, 15.0, 15.0, 15.0, 15.0, 15.0, 15.0, 15.0, 15.0, 15.0, 15.0, 15.0, 15.0, 15.0, 15.0, 15.0, 15.0, 15.0, 15.0, 15.0, 15.0, 15.0, 15.0, 15.0, 15.0, 15.0, 15.0, 15.0, 15.0, 15.0, 15.0, 15.0, 15.0, 15.0, 15.0, 15.0, 15.0, 15.0, 15.0, 15.0, 15.0, 15.0, 15.0, 15.0, 15.0, 15.0, 15.0, 15.0, 15.0, 15.0, 15.0, 15.0, 15.0, 15.0, 15.0, 15.0, 15.0, 15.0, 15.0, 15.0, 15.0, 15.0, 15.0, 15.0, 15.0, 15.0, 15.0, 15.0, 15.0, 15.0, 15.0, 15.0, 15.0, 15.0, 15.0, 15.0, 15.0, 15.0, 15.0, 15.0, 15.0, 15.0, 15.0, 15.0, 15.0, 15.0, 15.0, 14.0, 14.0, 14.0, 14.0, 14.0, 14.0, 14.0, 14.0, 14.0, 14.0, 14.0, 14.0, 14.0, 14.0, 14.0, 14.0, 14.0, 14.0, 14.0, 14.0, 14.0, 14.0, 14.0, 14.0, 14.0, 14.0, 14.0, 14.0, 14.0, 14.0, 14.0, 14.0, 14.0, 14.0, 14.0, 14.0, 14.0, 13.0, 13.0, 13.0, 13.0, 13.0, 13.0, 13.0, 13.0, 13.0, 13.0, 13.0, 13.0, 13.0, 12.0, 12.0, 12.0, 12.0]",COMPLETE
