,number,value,datetime_start,datetime_complete,duration,params_batch_size_scaler,params_constant_learning_rate,params_depth,params_epochs,params_kernel_l2,params_num_trees,params_temperature,user_attrs_accuracy_test,user_attrs_accuracy_valid,user_attrs_approximate_feature_sparsity,user_attrs_approximate_feature_sparsity_history,user_attrs_approximate_weight_sparsity,user_attrs_approximate_weight_sparsity_history,user_attrs_auc_test,user_attrs_auc_valid,user_attrs_feature_sparsity,user_attrs_feature_sparsity_history,user_attrs_num_epochs,user_attrs_val_loss_history,user_attrs_weight_sparsity,user_attrs_weight_sparsity_history,state
127,127,0.8296170344321213,2024-08-31 06:14:07.016476,2024-08-31 06:17:26.877799,0 days 00:03:19.861323,64,0.4826136136903293,6,400,0.04321258391088932,9,0.004598394194771442,0.899,0.8975,6,"[33, 33, 33, 33, 33, 33, 33, 33, 33, 33, 33, 33, 33, 33, 33, 33, 33, 33, 33, 33, 33, 33, 33, 33, 33, 33, 33, 33, 33, 33, 33, 33, 33, 33, 33, 33, 33, 33, 33, 33, 33, 33, 33, 33, 33, 33, 33, 32, 32, 32, 29, 27, 24, 23, 23, 21, 20, 19, 19, 17, 16, 14, 13, 12, 12, 12, 12, 11, 10, 9, 9, 9, 9, 9, 9, 8, 8, 8, 8, 8, 8, 8, 8, 7, 7, 7, 7, 7, 7, 7, 7, 7, 7, 7, 7, 6, 6, 6, 6, 6, 6, 6, 6, 6, 6, 6, 6, 6, 6, 6, 6, 6, 6, 6, 6, 6, 6, 6, 6, 6, 6, 6, 6, 6, 6, 6, 6, 6, 6, 6, 6, 6, 6, 6, 6, 6, 6, 6, 6, 6, 6, 6, 6, 6, 6, 6, 6, 6, 6, 6, 6, 6, 6, 6, 6, 6, 6, 6, 6, 6, 6, 6, 6, 6, 6, 6, 6, 6, 6, 6, 6, 6, 6, 6, 6, 6, 6, 6, 6, 6, 6, 6, 6, 6, 6, 6, 6, 6, 6, 6, 6, 6, 6, 6, 6, 6, 6, 6, 6, 6, 6, 6, 6, 6, 6, 6, 6, 6, 6, 6, 6, 6, 6, 6, 6, 6, 6, 6, 6, 6, 6, 6, 6, 6, 6, 6, 6, 6, 6, 6, 6, 6, 6, 6, 6, 6, 6, 6, 6, 6, 6, 6, 6, 6, 6, 6, 6, 6, 6, 6, 6, 6, 6, 6, 6, 6, 6, 6, 6, 6, 6, 6, 6, 6, 6, 6, 6, 6, 6, 6, 6, 6, 6, 6, 6, 6, 6, 6, 6, 6, 6, 6, 6, 6, 6, 6, 6, 6, 6, 6, 6, 6, 6, 6, 6, 6, 6, 6, 6, 6, 6, 6, 6, 6, 6, 6, 6, 6, 6, 6, 6, 6, 6, 6, 6, 6, 6, 6, 6, 6, 6, 6, 6, 6, 6, 6, 6, 6, 6, 6, 6, 6, 6, 6, 6, 6, 6, 6, 6, 6, 6, 6, 6, 6, 6, 6, 6, 6, 6, 6, 6, 6, 6, 6, 6, 6, 6, 6, 6, 6, 6, 6, 6, 6, 6, 6, 6, 6, 6, 6, 6, 6, 6, 6, 6, 6, 6, 6, 6, 6, 6, 6, 6, 6, 6, 6, 6, 6, 6, 6, 6, 6, 6, 6, 6, 6, 6, 6, 6, 6]",5.994708994708995,"[32.95943562610229, 32.954144620811284, 32.94356261022928, 32.95414462081129, 32.9647266313933, 32.97883597883598, 32.97178130511464, 32.94708994708995, 32.95590828924163, 32.9594356261023, 32.9647266313933, 32.95061728395062, 32.9647266313933, 32.96825396825397, 32.96825396825397, 32.97178130511464, 32.952380952380956, 32.95943562610229, 32.95943562610229, 32.96825396825397, 32.97178130511464, 32.964726631393305, 32.9647266313933, 32.970017636684304, 32.97178130511464, 32.96649029982363, 32.96296296296296, 32.961199294532626, 32.957671957671955, 32.954144620811284, 32.95061728395062, 32.954144620811284, 32.96649029982363, 32.961199294532626, 32.95943562610229, 32.96649029982363, 32.97530864197531, 32.970017636684304, 32.96825396825397, 32.957671957671955, 32.96296296296296, 32.961199294532626, 32.95943562610229, 32.95590828924162, 32.970017636684304, 32.9647266313933, 32.97178130511464, 31.96825396825397, 31.970017636684304, 31.96825396825397, 28.970017636684304, 26.97178130511464, 23.97883597883598, 22.980599647266317, 22.98412698412698, 20.991181657848323, 19.98941798941799, 18.984126984126984, 18.98589065255732, 16.991181657848323, 15.998236331569665, 13.994708994708994, 12.987654320987652, 11.985890652557318, 11.987654320987655, 11.994708994708994, 11.989417989417989, 10.994708994708994, 9.984126984126984, 8.996472663139329, 8.998236331569665, 9.0, 8.994708994708994, 8.994708994708995, 8.994708994708995, 7.99294532627866, 7.987654320987653, 7.994708994708994, 7.994708994708994, 7.991181657848324, 7.994708994708994, 7.99294532627866, 7.9982363315696645, 6.994708994708994, 6.99294532627866, 6.99294532627866, 7.0, 6.994708994708995, 6.996472663139329, 6.987654320987654, 6.987654320987654, 6.987654320987654, 6.987654320987654, 6.99294532627866, 6.994708994708994, 5.99647266313933, 6.0, 5.9982363315696645, 5.99647266313933, 5.99647266313933, 5.99647266313933, 5.99294532627866, 5.989417989417989, 5.994708994708994, 5.99294532627866, 5.99294532627866, 5.99294532627866, 5.991181657848324, 5.991181657848324, 5.987654320987653, 5.991181657848324, 5.994708994708995, 5.9982363315696645, 5.99294532627866, 5.99294532627866, 5.99647266313933, 5.99294532627866, 5.996472663139329, 5.9982363315696645, 5.991181657848325, 5.991181657848324, 5.989417989417989, 5.99294532627866, 5.996472663139329, 5.99294532627866, 5.9982363315696645, 5.994708994708995, 5.9982363315696645, 5.99294532627866, 5.996472663139329, 5.9982363315696645, 5.994708994708994, 5.99294532627866, 5.991181657848324, 5.99294532627866, 5.99294532627866, 5.9982363315696645, 5.994708994708994, 5.994708994708995, 5.9982363315696645, 5.99294532627866, 5.996472663139329, 5.996472663139329, 5.9982363315696645, 6.0, 5.9982363315696645, 5.9982363315696645, 5.996472663139329, 5.994708994708995, 5.99647266313933, 5.989417989417989, 5.99294532627866, 5.99647266313933, 5.994708994708994, 5.9982363315696645, 5.99647266313933, 5.9982363315696645, 5.9982363315696645, 5.996472663139329, 6.0, 6.0, 5.99647266313933, 5.99294532627866, 5.991181657848325, 5.991181657848324, 5.99294532627866, 5.99647266313933, 5.9982363315696645, 5.99647266313933, 5.994708994708995, 5.9982363315696645, 5.9982363315696645, 5.9982363315696645, 5.99647266313933, 5.994708994708995, 5.99647266313933, 5.9982363315696645, 5.9982363315696645, 5.9982363315696645, 5.9982363315696645, 5.994708994708995, 5.991181657848324, 5.99294532627866, 5.99647266313933, 5.99294532627866, 5.99647266313933, 5.9982363315696645, 5.9982363315696645, 5.996472663139329, 5.99294532627866, 5.994708994708995, 5.994708994708995, 5.994708994708994, 5.996472663139329, 5.989417989417989, 5.996472663139329, 5.996472663139329, 5.994708994708994, 5.987654320987654, 5.987654320987654, 5.991181657848324, 5.994708994708994, 5.99294532627866, 5.991181657848324, 5.99294532627866, 5.989417989417989, 5.996472663139329, 5.99294532627866, 5.9982363315696645, 5.996472663139329, 5.991181657848325, 5.98941798941799, 5.98941798941799, 5.994708994708994, 5.99294532627866, 5.99294532627866, 5.99294532627866, 5.992945326278659, 5.994708994708994, 5.99294532627866, 5.99294532627866, 5.991181657848325, 5.996472663139329, 5.99294532627866, 5.994708994708994, 5.994708994708994, 5.9982363315696645, 6.0, 6.0, 5.9982363315696645, 5.9982363315696645, 6.0, 6.0, 6.0, 5.99647266313933, 5.9982363315696645, 5.996472663139329, 5.994708994708994, 5.994708994708994, 5.996472663139329, 5.99294532627866, 5.994708994708994, 5.994708994708994, 5.98589065255732, 5.98941798941799, 5.991181657848324, 5.991181657848324, 5.996472663139329, 5.996472663139329, 5.99294532627866, 5.996472663139329, 5.996472663139329, 5.994708994708994, 5.994708994708994, 5.99294532627866, 5.99647266313933, 5.994708994708994, 5.992945326278659, 5.992945326278659, 5.992945326278659, 5.992945326278659, 5.99647266313933, 5.991181657848324, 5.994708994708994, 5.994708994708994, 5.991181657848324, 5.994708994708994, 5.994708994708994, 5.99294532627866, 5.9982363315696645, 5.99647266313933, 5.99647266313933, 5.99647266313933, 5.99294532627866, 5.991181657848324, 5.99294532627866, 5.989417989417989, 5.987654320987653, 5.99294532627866, 5.994708994708995, 5.994708994708994, 5.99647266313933, 5.9982363315696645, 5.994708994708995, 5.994708994708995, 5.99647266313933, 5.994708994708995, 5.99647266313933, 5.9982363315696645, 5.994708994708994, 5.994708994708994, 5.994708994708994, 5.994708994708995, 5.994708994708995, 5.987654320987654, 5.99294532627866, 5.987654320987654, 5.989417989417989, 5.99647266313933, 5.994708994708994, 5.994708994708994, 5.994708994708994, 5.996472663139329, 5.99294532627866, 5.994708994708994, 5.99294532627866, 5.994708994708994, 5.99647266313933, 5.994708994708994, 5.99647266313933, 5.9982363315696645, 5.994708994708994, 5.994708994708995, 5.991181657848324, 5.99647266313933, 5.9982363315696645, 5.9982363315696645, 5.9982363315696645, 5.994708994708995, 5.994708994708994, 5.9982363315696645, 5.99294532627866, 5.994708994708995, 5.994708994708995, 5.989417989417989, 5.99294532627866, 5.99294532627866, 5.991181657848324, 5.991181657848324, 5.99294532627866, 5.99294532627866, 5.991181657848324, 5.991181657848324, 5.991181657848324, 5.991181657848324, 5.99647266313933, 5.99294532627866, 5.994708994708995, 5.99294532627866, 5.994708994708994, 5.9982363315696645, 5.994708994708995, 5.994708994708995, 5.994708994708994, 5.994708994708994, 5.996472663139329, 5.996472663139329, 5.996472663139329, 5.996472663139329, 5.994708994708994, 5.996472663139329, 5.992945326278659, 5.994708994708994, 5.996472663139329, 5.994708994708994, 5.99294532627866, 5.991181657848324, 5.99294532627866, 5.991181657848324, 5.991181657848324, 5.991181657848324, 5.98941798941799, 5.992945326278659, 5.991181657848324, 5.994708994708994, 5.994708994708994, 5.992945326278659, 5.992945326278659, 5.994708994708994, 5.994708994708994, 5.99647266313933, 5.991181657848325, 5.991181657848325, 5.996472663139329, 5.9982363315696645, 6.0, 5.99647266313933, 5.9982363315696645, 5.99647266313933, 5.99647266313933, 5.99647266313933, 5.99647266313933, 6.0, 5.9982363315696645, 6.0, 5.9982363315696645, 5.9982363315696645, 5.9982363315696645, 5.9982363315696645, 5.9982363315696645, 5.9982363315696645, 5.99647266313933, 5.99647266313933, 5.99647266313933, 5.99294532627866, 5.9982363315696645, 5.99647266313933, 5.9982363315696645, 5.99294532627866, 5.994708994708995]",0.8361693871316641,0.8296170344321213,6,"[33, 33, 33, 33, 33, 33, 33, 33, 33, 33, 33, 33, 33, 33, 33, 33, 33, 33, 33, 33, 33, 33, 33, 33, 33, 33, 33, 33, 33, 33, 33, 33, 33, 33, 33, 33, 33, 33, 33, 33, 33, 33, 33, 33, 33, 33, 33, 32, 32, 32, 29, 27, 24, 23, 23, 21, 20, 19, 19, 17, 16, 14, 13, 12, 12, 12, 12, 11, 10, 9, 9, 9, 9, 9, 9, 8, 8, 8, 8, 8, 8, 8, 8, 7, 7, 7, 7, 7, 7, 7, 7, 7, 7, 7, 7, 6, 6, 6, 6, 6, 6, 6, 6, 6, 6, 6, 6, 6, 6, 6, 6, 6, 6, 6, 6, 6, 6, 6, 6, 6, 6, 6, 6, 6, 6, 6, 6, 6, 6, 6, 6, 6, 6, 6, 6, 6, 6, 6, 6, 6, 6, 6, 6, 6, 6, 6, 6, 6, 6, 6, 6, 6, 6, 6, 6, 6, 6, 6, 6, 6, 6, 6, 6, 6, 6, 6, 6, 6, 6, 6, 6, 6, 6, 6, 6, 6, 6, 6, 6, 6, 6, 6, 6, 6, 6, 6, 6, 6, 6, 6, 6, 6, 6, 6, 6, 6, 6, 6, 6, 6, 6, 6, 6, 6, 6, 6, 6, 6, 6, 6, 6, 6, 6, 6, 6, 6, 6, 6, 6, 6, 6, 6, 6, 6, 6, 6, 6, 6, 6, 6, 6, 6, 6, 6, 6, 6, 6, 6, 6, 6, 6, 6, 6, 6, 6, 6, 6, 6, 6, 6, 6, 6, 6, 6, 6, 6, 6, 6, 6, 6, 6, 6, 6, 6, 6, 6, 6, 6, 6, 6, 6, 6, 6, 6, 6, 6, 6, 6, 6, 6, 6, 6, 6, 6, 6, 6, 6, 6, 6, 6, 6, 6, 6, 6, 6, 6, 6, 6, 6, 6, 6, 6, 6, 6, 6, 6, 6, 6, 6, 6, 6, 6, 6, 6, 6, 6, 6, 6, 6, 6, 6, 6, 6, 6, 6, 6, 6, 6, 6, 6, 6, 6, 6, 6, 6, 6, 6, 6, 6, 6, 6, 6, 6, 6, 6, 6, 6, 6, 6, 6, 6, 6, 6, 6, 6, 6, 6, 6, 6, 6, 6, 6, 6, 6, 6, 6, 6, 6, 6, 6, 6, 6, 6, 6, 6, 6, 6, 6, 6, 6, 6, 6, 6, 6, 6, 6, 6, 6, 6, 6, 6, 6, 6, 6, 6, 6, 6, 6, 6, 6]",400,"[0.57704097032547, 0.5145543217658997, 0.4756273031234741, 0.4520866274833679, 0.43493595719337463, 0.4230329096317291, 0.41407737135887146, 0.4077453911304474, 0.40257564187049866, 0.39912500977516174, 0.3957928419113159, 0.39287135004997253, 0.39046019315719604, 0.38847124576568604, 0.38657593727111816, 0.38483262062072754, 0.3831828832626343, 0.38195744156837463, 0.38058003783226013, 0.37936848402023315, 0.3782370090484619, 0.3773084878921509, 0.3762921988964081, 0.37545186281204224, 0.3743222951889038, 0.37336787581443787, 0.3724253177642822, 0.37152424454689026, 0.3707369565963745, 0.3698303699493408, 0.3691007196903229, 0.36845502257347107, 0.3677375912666321, 0.36697447299957275, 0.3663276433944702, 0.3656185567378998, 0.3647773861885071, 0.3641138970851898, 0.363663911819458, 0.36299124360084534, 0.3621581792831421, 0.36151036620140076, 0.3609110713005066, 0.3602619469165802, 0.3593997061252594, 0.3589237928390503, 0.3584434986114502, 0.35791710019111633, 0.3571878671646118, 0.3565584421157837, 0.35604792833328247, 0.35507333278656006, 0.35382407903671265, 0.35302698612213135, 0.3523894250392914, 0.35020673274993896, 0.3498976230621338, 0.3534776270389557, 0.35275569558143616, 0.35158562660217285, 0.35277703404426575, 0.3535090684890747, 0.3518592119216919, 0.35227370262145996, 0.35137879848480225, 0.35069161653518677, 0.3498966097831726, 0.3496011793613434, 0.34990179538726807, 0.35037317872047424, 0.34953317046165466, 0.34878551959991455, 0.34793591499328613, 0.34713128209114075, 0.34652701020240784, 0.34683144092559814, 0.34612423181533813, 0.34533873200416565, 0.3446657657623291, 0.34420621395111084, 0.3436077833175659, 0.34300875663757324, 0.3423757553100586, 0.3460593521595001, 0.34542572498321533, 0.34474536776542664, 0.3441423177719116, 0.3435802459716797, 0.34306466579437256, 0.3425740897655487, 0.3420025706291199, 0.341447651386261, 0.3408665955066681, 0.34023013710975647, 0.33967825770378113, 0.33927491307258606, 0.338766485452652, 0.33820411562919617, 0.3376343548297882, 0.33707043528556824, 0.336508572101593, 0.335893452167511, 0.3354089856147766, 0.3348647654056549, 0.33433228731155396, 0.33391129970550537, 0.3335537612438202, 0.33308541774749756, 0.3326061964035034, 0.3320688009262085, 0.3316330015659332, 0.33112865686416626, 0.3306061625480652, 0.33011820912361145, 0.32978343963623047, 0.32932037115097046, 0.32876694202423096, 0.3282824456691742, 0.3278816342353821, 0.32747673988342285, 0.32689735293388367, 0.3264462351799011, 0.3260975182056427, 0.3257150650024414, 0.325269877910614, 0.32482266426086426, 0.3244398832321167, 0.32398098707199097, 0.32363373041152954, 0.3232308328151703, 0.32278764247894287, 0.3223566710948944, 0.3220187723636627, 0.3217465877532959, 0.32135000824928284, 0.3210107088088989, 0.32060328125953674, 0.32025596499443054, 0.31981390714645386, 0.3195676803588867, 0.31921279430389404, 0.31884709000587463, 0.31844305992126465, 0.3181111514568329, 0.3178054392337799, 0.31754744052886963, 0.3172096908092499, 0.31683987379074097, 0.31652432680130005, 0.31614673137664795, 0.3158356845378876, 0.3156302869319916, 0.3153306245803833, 0.315001517534256, 0.31463825702667236, 0.31427136063575745, 0.3139338195323944, 0.31372442841529846, 0.3133543133735657, 0.3130982220172882, 0.3128562867641449, 0.3126920461654663, 0.3124290704727173, 0.31212118268013, 0.31180399656295776, 0.31144586205482483, 0.31117281317710876, 0.3109825551509857, 0.31067949533462524, 0.31046175956726074, 0.31012022495269775, 0.30972984433174133, 0.30934587121009827, 0.30904510617256165, 0.3087717890739441, 0.30847203731536865, 0.3081612288951874, 0.30796337127685547, 0.3076854348182678, 0.30748042464256287, 0.30724602937698364, 0.30703216791152954, 0.306831419467926, 0.3066340386867523, 0.3064631223678589, 0.3064003586769104, 0.30620163679122925, 0.3059917986392975, 0.3056824803352356, 0.3055020570755005, 0.305237352848053, 0.3051041066646576, 0.3048698902130127, 0.30467110872268677, 0.30450496077537537, 0.304189532995224, 0.30404579639434814, 0.30398887395858765, 0.3037405014038086, 0.30357733368873596, 0.30339035391807556, 0.3032870292663574, 0.30311650037765503, 0.3030039668083191, 0.3027958571910858, 0.3024999499320984, 0.302348792552948, 0.3021396994590759, 0.30196288228034973, 0.3017846941947937, 0.30161383748054504, 0.30137038230895996, 0.30125880241394043, 0.30114084482192993, 0.3009629249572754, 0.3009195625782013, 0.3006814122200012, 0.3005979061126709, 0.3005565106868744, 0.30037009716033936, 0.30022016167640686, 0.30008623003959656, 0.3000434339046478, 0.3000093102455139, 0.29986685514450073, 0.29968175292015076, 0.29958340525627136, 0.29945096373558044, 0.29930588603019714, 0.2991165816783905, 0.2990483343601227, 0.2988717555999756, 0.2987276613712311, 0.2985993027687073, 0.2984839379787445, 0.2983977198600769, 0.29834526777267456, 0.2981240749359131, 0.29810798168182373, 0.2980198264122009, 0.2979527413845062, 0.2978672981262207, 0.29779836535453796, 0.29766881465911865, 0.2976573705673218, 0.2974698543548584, 0.29725009202957153, 0.2972026467323303, 0.29706376791000366, 0.29707834124565125, 0.2969032824039459, 0.29688599705696106, 0.2967578172683716, 0.2967472970485687, 0.2966108024120331, 0.29642802476882935, 0.296438604593277, 0.2964754104614258, 0.2962663769721985, 0.29625096917152405, 0.29609864950180054, 0.29602083563804626, 0.29604923725128174, 0.29592040181159973, 0.2959187626838684, 0.2957398295402527, 0.29568663239479065, 0.29548537731170654, 0.295426607131958, 0.29539164900779724, 0.29527005553245544, 0.29509350657463074, 0.29501673579216003, 0.2948898673057556, 0.29470616579055786, 0.2947338819503784, 0.2946152687072754, 0.294464647769928, 0.29458799958229065, 0.294435054063797, 0.29436367750167847, 0.294159859418869, 0.29408279061317444, 0.2939489781856537, 0.2939388155937195, 0.29387667775154114, 0.29380637407302856, 0.2936694025993347, 0.29353076219558716, 0.2934858202934265, 0.29332542419433594, 0.2932213842868805, 0.2930716276168823, 0.2929835915565491, 0.2930352985858917, 0.29304981231689453, 0.29296159744262695, 0.2929651439189911, 0.2929036617279053, 0.292779803276062, 0.2928338944911957, 0.29290732741355896, 0.29295310378074646, 0.29284727573394775, 0.29283925890922546, 0.29277074337005615, 0.29280462861061096, 0.29274100065231323, 0.2926912009716034, 0.2926803529262543, 0.2924673557281494, 0.2923849821090698, 0.29228922724723816, 0.2921937108039856, 0.29214832186698914, 0.29207536578178406, 0.2919963300228119, 0.29206782579421997, 0.29205241799354553, 0.29191622138023376, 0.2919193208217621, 0.29178759455680847, 0.29173168540000916, 0.29157981276512146, 0.29168766736984253, 0.2915077805519104, 0.29149454832077026, 0.29153287410736084, 0.29136502742767334, 0.29126033186912537, 0.2910619378089905, 0.2909396290779114, 0.2909943759441376, 0.29090261459350586, 0.29075512290000916, 0.29079774022102356, 0.2908032238483429, 0.29078835248947144, 0.2906266152858734, 0.29051581025123596, 0.2904275357723236, 0.2903123199939728, 0.2903110086917877, 0.29027146100997925, 0.2902791500091553, 0.2903040945529938, 0.29021158814430237, 0.2901623249053955, 0.2900511920452118, 0.29006555676460266, 0.2900126874446869, 0.289885550737381, 0.28973492980003357, 0.2898348271846771, 0.28980326652526855, 0.2898479402065277, 0.28984472155570984, 0.289750874042511, 0.28974613547325134, 0.2896939516067505, 0.2896256446838379, 0.2896767854690552, 0.2897239625453949, 0.28950032591819763, 0.2895495593547821, 0.28950273990631104, 0.2893863916397095, 0.2894528806209564, 0.28933587670326233, 0.28921258449554443, 0.28921210765838623, 0.2890400290489197, 0.28893640637397766, 0.2888929545879364, 0.28889960050582886, 0.2888582944869995, 0.2887742221355438, 0.2888389229774475, 0.2887398898601532, 0.28863632678985596, 0.2885048985481262, 0.2885008454322815, 0.2885032892227173, 0.28840571641921997, 0.2884295582771301, 0.2883739173412323, 0.2883075773715973, 0.2882852852344513, 0.28824087977409363, 0.2882273495197296, 0.28812137246131897, 0.2880653440952301, 0.2880525588989258, 0.2880452871322632, 0.2880878448486328, 0.2880581021308899, 0.28805655241012573, 0.28809815645217896, 0.2881195545196533, 0.2879871428012848]",6.0,"[33.0, 33.0, 33.0, 33.0, 33.0, 33.0, 33.0, 33.0, 33.0, 33.0, 33.0, 33.0, 33.0, 33.0, 33.0, 33.0, 33.0, 33.0, 33.0, 33.0, 33.0, 33.0, 33.0, 33.0, 33.0, 33.0, 33.0, 33.0, 33.0, 33.0, 33.0, 33.0, 33.0, 33.0, 33.0, 33.0, 33.0, 33.0, 33.0, 33.0, 33.0, 33.0, 33.0, 33.0, 33.0, 33.0, 33.0, 32.0, 32.0, 32.0, 29.0, 27.0, 24.0, 23.0, 23.0, 21.0, 20.0, 19.0, 19.0, 17.0, 16.0, 14.0, 13.0, 12.0, 12.0, 12.0, 12.0, 11.0, 10.0, 9.0, 9.0, 9.0, 9.0, 9.0, 9.0, 8.0, 8.0, 8.0, 8.0, 8.0, 8.0, 8.0, 8.0, 7.0, 7.0, 7.0, 7.0, 7.0, 7.0, 7.0, 7.0, 7.0, 7.0, 7.0, 7.0, 6.0, 6.0, 6.0, 6.0, 6.0, 6.0, 6.0, 6.0, 6.0, 6.0, 6.0, 6.0, 6.0, 6.0, 6.0, 6.0, 6.0, 6.0, 6.0, 6.0, 6.0, 6.0, 6.0, 6.0, 6.0, 6.0, 6.0, 6.0, 6.0, 6.0, 6.0, 6.0, 6.0, 6.0, 6.0, 6.0, 6.0, 6.0, 6.0, 6.0, 6.0, 6.0, 6.0, 6.0, 6.0, 6.0, 6.0, 6.0, 6.0, 6.0, 6.0, 6.0, 6.0, 6.0, 6.0, 6.0, 6.0, 6.0, 6.0, 6.0, 6.0, 6.0, 6.0, 6.0, 6.0, 6.0, 6.0, 6.0, 6.0, 6.0, 6.0, 6.0, 6.0, 6.0, 6.0, 6.0, 6.0, 6.0, 6.0, 6.0, 6.0, 6.0, 6.0, 6.0, 6.0, 6.0, 6.0, 6.0, 6.0, 6.0, 6.0, 6.0, 6.0, 6.0, 6.0, 6.0, 6.0, 6.0, 6.0, 6.0, 6.0, 6.0, 6.0, 6.0, 6.0, 6.0, 6.0, 6.0, 6.0, 6.0, 6.0, 6.0, 6.0, 6.0, 6.0, 6.0, 6.0, 6.0, 6.0, 6.0, 6.0, 6.0, 6.0, 6.0, 6.0, 6.0, 6.0, 6.0, 6.0, 6.0, 6.0, 6.0, 6.0, 6.0, 6.0, 6.0, 6.0, 6.0, 6.0, 6.0, 6.0, 6.0, 6.0, 6.0, 6.0, 6.0, 6.0, 6.0, 6.0, 6.0, 6.0, 6.0, 6.0, 6.0, 6.0, 6.0, 6.0, 6.0, 6.0, 6.0, 6.0, 6.0, 6.0, 6.0, 6.0, 6.0, 6.0, 6.0, 6.0, 6.0, 6.0, 6.0, 6.0, 6.0, 6.0, 6.0, 6.0, 6.0, 6.0, 6.0, 6.0, 6.0, 6.0, 6.0, 6.0, 6.0, 6.0, 6.0, 6.0, 6.0, 6.0, 6.0, 6.0, 6.0, 6.0, 6.0, 6.0, 6.0, 6.0, 6.0, 6.0, 6.0, 6.0, 6.0, 6.0, 6.0, 6.0, 6.0, 6.0, 6.0, 6.0, 6.0, 6.0, 6.0, 6.0, 6.0, 6.0, 6.0, 6.0, 6.0, 6.0, 6.0, 6.0, 6.0, 6.0, 6.0, 6.0, 6.0, 6.0, 6.0, 6.0, 6.0, 6.0, 6.0, 6.0, 6.0, 6.0, 6.0, 6.0, 6.0, 6.0, 6.0, 6.0, 6.0, 6.0, 6.0, 6.0, 6.0, 6.0, 6.0, 6.0, 6.0, 6.0, 6.0, 6.0, 6.0, 6.0, 6.0, 6.0, 6.0, 6.0, 6.0, 6.0, 6.0, 6.0, 6.0, 6.0, 6.0, 6.0, 6.0, 6.0, 6.0, 6.0, 6.0, 6.0, 6.0, 6.0, 6.0, 6.0, 6.0, 6.0, 6.0, 6.0, 6.0, 6.0, 6.0, 6.0, 6.0, 6.0, 6.0, 6.0, 6.0, 6.0, 6.0, 6.0, 6.0, 6.0, 6.0, 6.0, 6.0, 6.0, 6.0, 6.0, 6.0, 6.0]",COMPLETE
