,number,value,datetime_start,datetime_complete,duration,params_batch_size_scaler,params_constant_learning_rate,params_depth,params_epochs,params_kernel_l2,params_num_trees,params_temperature,user_attrs_accuracy_test,user_attrs_accuracy_valid,user_attrs_approximate_feature_sparsity,user_attrs_approximate_feature_sparsity_history,user_attrs_approximate_weight_sparsity,user_attrs_approximate_weight_sparsity_history,user_attrs_auc_test,user_attrs_auc_valid,user_attrs_feature_sparsity,user_attrs_feature_sparsity_history,user_attrs_num_epochs,user_attrs_val_loss_history,user_attrs_weight_sparsity,user_attrs_weight_sparsity_history,state
46,46,0.6860532519225567,2024-08-31 02:30:19.454983,2024-08-31 02:31:29.329500,0 days 00:01:09.874517,64,0.01619191679384838,5,285,0.2811738963534434,36,0.01729067921376655,0.859,0.85875,33,"[33, 33, 33, 33, 33, 33, 33, 33, 33, 33, 33, 33, 33, 33, 33, 33, 33, 33, 33, 33, 33, 33, 33, 33, 33, 33, 33, 33, 33, 33, 33, 33, 33, 33, 33, 33, 33, 33, 33, 33, 33, 33, 33, 33, 33, 33, 33, 33, 33, 33, 33, 33, 33, 33, 33, 33, 33, 33, 33, 33, 33, 33, 33, 33, 33, 33, 33, 33, 33, 33, 33, 33, 33, 33, 33, 33, 33, 33, 33, 33, 33, 33, 33, 33, 33, 33, 33, 33, 33, 33, 33, 33, 33, 33, 33, 33, 33, 33, 33, 33, 33, 33, 33, 33, 33, 33, 33, 33, 33, 33, 33, 33, 33, 33, 33, 33, 33, 33, 33, 33, 33, 33, 33, 33, 33, 33, 33, 33, 33, 33, 33, 33, 33, 33, 33, 33, 33, 33, 33, 33, 33, 33, 33, 33, 33, 33, 33, 33, 33, 33, 33, 33, 33, 33, 33, 33, 33, 33, 33, 33, 33, 33, 33, 33, 33, 33, 33, 33, 33, 33, 33, 33, 33, 33, 33, 33, 33, 33, 33, 33, 33, 33, 33, 33, 33, 33, 33, 33, 33, 33, 33, 33, 33, 33, 33, 33, 33, 33, 33, 33, 33, 33, 33, 33, 33, 33, 33, 33, 33, 33, 33, 33, 33, 33, 33, 33, 33, 33, 33, 33, 33, 33, 33, 33, 33, 33, 33, 33, 33, 33, 33, 33, 33, 33, 33, 33, 33, 33, 33, 33, 33, 33, 33, 33, 33, 33, 33, 33, 33, 33, 33, 33, 33, 33, 33, 33, 33, 33, 33, 33, 33, 33, 33, 33, 33, 33, 33, 33, 33, 33, 33, 33, 33, 33, 33, 33, 33, 33, 33, 33, 33, 33, 33, 33, 33]",32.94534050179212,"[32.96774193548387, 32.97043010752688, 32.9668458781362, 32.95967741935484, 32.956989247311824, 32.956989247311824, 32.954301075268816, 32.95878136200717, 32.9578853046595, 32.960573476702514, 32.95340501792115, 32.950716845878134, 32.954301075268816, 32.95161290322581, 32.956989247311824, 32.95609318996416, 32.946236559139784, 32.948028673835125, 32.94982078853047, 32.95071684587814, 32.94982078853047, 32.94982078853047, 32.95161290322581, 32.952508960573475, 32.95519713261649, 32.95519713261649, 32.954301075268816, 32.95519713261649, 32.952508960573475, 32.952508960573475, 32.95609318996416, 32.95519713261649, 32.954301075268816, 32.95519713261649, 32.95698924731183, 32.956989247311824, 32.9578853046595, 32.95519713261649, 32.95519713261648, 32.95967741935484, 32.95878136200717, 32.96057347670251, 32.95609318996416, 32.95967741935484, 32.9578853046595, 32.9578853046595, 32.95878136200717, 32.96146953405018, 32.96594982078853, 32.96594982078853, 32.968637992831546, 32.965053763440864, 32.968637992831546, 32.97043010752689, 32.96863799283154, 32.9668458781362, 32.96594982078853, 32.96594982078853, 32.96594982078853, 32.96594982078853, 32.966845878136205, 32.96863799283154, 32.966845878136205, 32.96594982078853, 32.96326164874552, 32.96236559139785, 32.96326164874552, 32.96415770609319, 32.96594982078853, 32.96594982078853, 32.963261648745515, 32.962365591397855, 32.96057347670251, 32.96146953405018, 32.96236559139785, 32.96326164874552, 32.96415770609319, 32.962365591397855, 32.96146953405018, 32.960573476702514, 32.9578853046595, 32.95967741935484, 32.9578853046595, 32.95967741935484, 32.962365591397855, 32.96236559139785, 32.966845878136205, 32.96594982078853, 32.96415770609319, 32.965053763440864, 32.965053763440864, 32.966845878136205, 32.96774193548387, 32.96594982078854, 32.96594982078854, 32.96594982078853, 32.96774193548387, 32.966845878136205, 32.96953405017921, 32.968637992831546, 32.968637992831546, 32.96953405017921, 32.96953405017921, 32.966845878136205, 32.96594982078853, 32.965053763440864, 32.96594982078853, 32.96594982078853, 32.96326164874552, 32.96326164874552, 32.965053763440864, 32.965053763440864, 32.966845878136205, 32.96953405017921, 32.97043010752688, 32.9668458781362, 32.96594982078853, 32.96774193548387, 32.96594982078853, 32.96594982078853, 32.9668458781362, 32.96236559139785, 32.95967741935484, 32.96057347670251, 32.96326164874552, 32.965053763440864, 32.965053763440864, 32.96326164874552, 32.962365591397855, 32.962365591397855, 32.96146953405018, 32.95967741935484, 32.960573476702514, 32.96236559139785, 32.96326164874552, 32.96326164874552, 32.96146953405018, 32.96146953405018, 32.96594982078853, 32.9668458781362, 32.96415770609319, 32.96415770609319, 32.96057347670251, 32.95967741935484, 32.960573476702514, 32.95878136200717, 32.95878136200717, 32.960573476702514, 32.95878136200717, 32.9578853046595, 32.95878136200717, 32.95878136200717, 32.9578853046595, 32.960573476702514, 32.95609318996416, 32.95698924731183, 32.95519713261649, 32.95519713261649, 32.95430107526882, 32.954301075268816, 32.954301075268816, 32.95340501792115, 32.95161290322581, 32.95430107526882, 32.95609318996416, 32.95967741935484, 32.96146953405018, 32.95878136200717, 32.95878136200717, 32.96236559139785, 32.962365591397855, 32.962365591397855, 32.965053763440864, 32.965053763440864, 32.965053763440864, 32.965053763440864, 32.965053763440864, 32.96594982078853, 32.96774193548387, 32.96505376344086, 32.96863799283154, 32.965053763440864, 32.96594982078853, 32.96236559139785, 32.96146953405018, 32.95878136200717, 32.960573476702514, 32.95878136200717, 32.9578853046595, 32.96146953405018, 32.95967741935484, 32.95967741935484, 32.95878136200717, 32.95967741935484, 32.95967741935484, 32.960573476702514, 32.95878136200717, 32.9578853046595, 32.956093189964164, 32.9578853046595, 32.95698924731183, 32.95698924731183, 32.956989247311824, 32.9578853046595, 32.95967741935484, 32.96146953405018, 32.96326164874552, 32.962365591397855, 32.962365591397855, 32.96415770609319, 32.965053763440864, 32.96236559139785, 32.96146953405018, 32.95967741935484, 32.95609318996416, 32.95698924731183, 32.95609318996416, 32.95519713261649, 32.95698924731183, 32.95698924731183, 32.95698924731183, 32.9578853046595, 32.9578853046595, 32.960573476702514, 32.96236559139785, 32.96326164874552, 32.9641577060932, 32.96326164874552, 32.96415770609319, 32.96236559139785, 32.96057347670251, 32.96057347670251, 32.95967741935484, 32.9578853046595, 32.95967741935484, 32.95967741935484, 32.960573476702514, 32.9578853046595, 32.9578853046595, 32.960573476702514, 32.95878136200717, 32.958781362007166, 32.9578853046595, 32.95698924731183, 32.95430107526882, 32.95340501792115, 32.95161290322581, 32.95161290322581, 32.95161290322581, 32.95161290322581, 32.95071684587814, 32.95340501792115, 32.956093189964164, 32.95430107526882, 32.95519713261649, 32.95340501792115, 32.95340501792115, 32.954301075268816, 32.95609318996416, 32.95609318996416, 32.954301075268816, 32.9578853046595, 32.958781362007166, 32.95967741935484, 32.95967741935484, 32.956989247311824, 32.954301075268816, 32.95340501792114, 32.95161290322581, 32.950716845878134, 32.95430107526882, 32.95519713261649, 32.95519713261649, 32.95340501792115, 32.95250896057348, 32.94982078853047, 32.9489247311828, 32.9489247311828, 32.94892473118279, 32.94982078853047, 32.94982078853047, 32.94713261648745, 32.94713261648745, 32.946236559139784, 32.94534050179212]",0.7274994014151372,0.6860532519225567,33,"[33, 33, 33, 33, 33, 33, 33, 33, 33, 33, 33, 33, 33, 33, 33, 33, 33, 33, 33, 33, 33, 33, 33, 33, 33, 33, 33, 33, 33, 33, 33, 33, 33, 33, 33, 33, 33, 33, 33, 33, 33, 33, 33, 33, 33, 33, 33, 33, 33, 33, 33, 33, 33, 33, 33, 33, 33, 33, 33, 33, 33, 33, 33, 33, 33, 33, 33, 33, 33, 33, 33, 33, 33, 33, 33, 33, 33, 33, 33, 33, 33, 33, 33, 33, 33, 33, 33, 33, 33, 33, 33, 33, 33, 33, 33, 33, 33, 33, 33, 33, 33, 33, 33, 33, 33, 33, 33, 33, 33, 33, 33, 33, 33, 33, 33, 33, 33, 33, 33, 33, 33, 33, 33, 33, 33, 33, 33, 33, 33, 33, 33, 33, 33, 33, 33, 33, 33, 33, 33, 33, 33, 33, 33, 33, 33, 33, 33, 33, 33, 33, 33, 33, 33, 33, 33, 33, 33, 33, 33, 33, 33, 33, 33, 33, 33, 33, 33, 33, 33, 33, 33, 33, 33, 33, 33, 33, 33, 33, 33, 33, 33, 33, 33, 33, 33, 33, 33, 33, 33, 33, 33, 33, 33, 33, 33, 33, 33, 33, 33, 33, 33, 33, 33, 33, 33, 33, 33, 33, 33, 33, 33, 33, 33, 33, 33, 33, 33, 33, 33, 33, 33, 33, 33, 33, 33, 33, 33, 33, 33, 33, 33, 33, 33, 33, 33, 33, 33, 33, 33, 33, 33, 33, 33, 33, 33, 33, 33, 33, 33, 33, 33, 33, 33, 33, 33, 33, 33, 33, 33, 33, 33, 33, 33, 33, 33, 33, 33, 33, 33, 33, 33, 33, 33, 33, 33, 33, 33, 33, 33, 33, 33, 33, 33, 33, 33]",285,"[0.9148809313774109, 0.8766094446182251, 0.8408922553062439, 0.8086764812469482, 0.7786874175071716, 0.7512496113777161, 0.7254663109779358, 0.7026726007461548, 0.6817290782928467, 0.662778377532959, 0.6452292799949646, 0.6284804344177246, 0.6135371923446655, 0.5995724201202393, 0.5871306657791138, 0.5754570364952087, 0.5643477439880371, 0.554593563079834, 0.5451416373252869, 0.5368039011955261, 0.5289679765701294, 0.5219626426696777, 0.5155389904975891, 0.5093756318092346, 0.503555953502655, 0.4980589747428894, 0.49295470118522644, 0.48828116059303284, 0.48383986949920654, 0.480073481798172, 0.4760363698005676, 0.4727129340171814, 0.4694565534591675, 0.4663688540458679, 0.4634593725204468, 0.4608433246612549, 0.45802852511405945, 0.4558407962322235, 0.45359131693840027, 0.45166435837745667, 0.4497736394405365, 0.4480159878730774, 0.4461362957954407, 0.44455280900001526, 0.44299933314323425, 0.4416722059249878, 0.4402879774570465, 0.43877652287483215, 0.4375058710575104, 0.4363613426685333, 0.4352603256702423, 0.43424752354621887, 0.4331907629966736, 0.4323004186153412, 0.4315115213394165, 0.43059688806533813, 0.4299061894416809, 0.4290936291217804, 0.42830580472946167, 0.4276117980480194, 0.4270360469818115, 0.42639803886413574, 0.4257426857948303, 0.4251689016819, 0.4245467483997345, 0.42396658658981323, 0.4234105944633484, 0.42287904024124146, 0.4224202334880829, 0.42190414667129517, 0.42142823338508606, 0.4210106134414673, 0.42058783769607544, 0.4201373755931854, 0.41972291469573975, 0.4194149076938629, 0.4190417230129242, 0.418690949678421, 0.4183465838432312, 0.4181056320667267, 0.4177955687046051, 0.4174972176551819, 0.4171406030654907, 0.41686880588531494, 0.4166322946548462, 0.41638079285621643, 0.4160977900028229, 0.4158690273761749, 0.41558343172073364, 0.41532137989997864, 0.4151144027709961, 0.41496121883392334, 0.41469210386276245, 0.4144308865070343, 0.4141881465911865, 0.41394326090812683, 0.41376563906669617, 0.4135885536670685, 0.41342082619667053, 0.4132575988769531, 0.41305550932884216, 0.41290828585624695, 0.41275107860565186, 0.41259515285491943, 0.4124116599559784, 0.4122363328933716, 0.4120709300041199, 0.4119319021701813, 0.41180670261383057, 0.41165465116500854, 0.41149580478668213, 0.41134634613990784, 0.41117092967033386, 0.41100436449050903, 0.41087591648101807, 0.41075730323791504, 0.41063037514686584, 0.410505473613739, 0.41034257411956787, 0.41019904613494873, 0.41007959842681885, 0.409964382648468, 0.4098232388496399, 0.4097096920013428, 0.4095800817012787, 0.40944933891296387, 0.4093230366706848, 0.4092167913913727, 0.40910235047340393, 0.408992737531662, 0.40889424085617065, 0.4087947905063629, 0.40868496894836426, 0.40857547521591187, 0.40846243500709534, 0.40836429595947266, 0.4082305133342743, 0.4081180691719055, 0.4080166220664978, 0.40791308879852295, 0.4078047275543213, 0.4077128469944, 0.40759819746017456, 0.4075194299221039, 0.4074096977710724, 0.40730249881744385, 0.4072023630142212, 0.4071141183376312, 0.40704649686813354, 0.40695804357528687, 0.4068704843521118, 0.4067765176296234, 0.40668755769729614, 0.40659523010253906, 0.4064966142177582, 0.40640172362327576, 0.40629658102989197, 0.4062100648880005, 0.406114399433136, 0.40604668855667114, 0.40595772862434387, 0.4058693051338196, 0.405783474445343, 0.4056922495365143, 0.4056057631969452, 0.4055214822292328, 0.40542757511138916, 0.405345618724823, 0.4052627682685852, 0.4051836133003235, 0.4051145315170288, 0.4050402045249939, 0.4049608111381531, 0.40490254759788513, 0.4048118591308594, 0.4047367572784424, 0.40466251969337463, 0.4045904874801636, 0.40451347827911377, 0.4044325649738312, 0.4043358266353607, 0.40424710512161255, 0.4041770100593567, 0.4041009843349457, 0.4040266275405884, 0.40394890308380127, 0.40388453006744385, 0.4038136601448059, 0.40373215079307556, 0.40364009141921997, 0.4035646319389343, 0.40348708629608154, 0.40341246128082275, 0.40334975719451904, 0.40326988697052, 0.40317302942276, 0.403110146522522, 0.4030483663082123, 0.4029737710952759, 0.40289506316185, 0.40281566977500916, 0.40275201201438904, 0.40267840027809143, 0.4026085138320923, 0.4025447964668274, 0.40248459577560425, 0.4024229943752289, 0.4023561477661133, 0.4022795557975769, 0.4022065997123718, 0.4021374583244324, 0.40207087993621826, 0.40201565623283386, 0.4019409418106079, 0.4018968939781189, 0.40182656049728394, 0.4017540216445923, 0.401691734790802, 0.4016260504722595, 0.4015601873397827, 0.4014929533004761, 0.40143856406211853, 0.40136680006980896, 0.4013156592845917, 0.40123289823532104, 0.40116387605667114, 0.4011026620864868, 0.40103858709335327, 0.40096721053123474, 0.4009048342704773, 0.40085306763648987, 0.4007985591888428, 0.4007284939289093, 0.4006640613079071, 0.40061962604522705, 0.40054959058761597, 0.40047308802604675, 0.40040695667266846, 0.4003487825393677, 0.400280237197876, 0.40024155378341675, 0.4001857042312622, 0.40011826157569885, 0.4000568687915802, 0.4000002145767212, 0.3999444544315338, 0.39989611506462097, 0.3998323082923889, 0.39976680278778076, 0.39971065521240234, 0.3996582329273224, 0.39959633350372314, 0.3995381295681, 0.3994816243648529, 0.3994259238243103, 0.39938125014305115, 0.39931219816207886, 0.39926648139953613, 0.39920222759246826, 0.3991561233997345, 0.399098664522171, 0.3990495204925537, 0.39898785948753357, 0.39892247319221497, 0.3988686800003052, 0.3988141119480133, 0.3987613022327423, 0.3987175226211548, 0.39866411685943604, 0.39861515164375305, 0.3985603451728821, 0.39849522709846497, 0.39843904972076416, 0.39837902784347534, 0.39831089973449707, 0.3982534408569336, 0.39819735288619995, 0.3981436789035797, 0.398102343082428, 0.3980589807033539, 0.3980100750923157, 0.3979541063308716, 0.3979138135910034, 0.3978448510169983, 0.3977853059768677]",33.0,"[33.0, 33.0, 33.0, 33.0, 33.0, 33.0, 33.0, 33.0, 33.0, 33.0, 33.0, 33.0, 33.0, 33.0, 33.0, 33.0, 33.0, 33.0, 33.0, 33.0, 33.0, 33.0, 33.0, 33.0, 33.0, 33.0, 33.0, 33.0, 33.0, 33.0, 33.0, 33.0, 33.0, 33.0, 33.0, 33.0, 33.0, 33.0, 33.0, 33.0, 33.0, 33.0, 33.0, 33.0, 33.0, 33.0, 33.0, 33.0, 33.0, 33.0, 33.0, 33.0, 33.0, 33.0, 33.0, 33.0, 33.0, 33.0, 33.0, 33.0, 33.0, 33.0, 33.0, 33.0, 33.0, 33.0, 33.0, 33.0, 33.0, 33.0, 33.0, 33.0, 33.0, 33.0, 33.0, 33.0, 33.0, 33.0, 33.0, 33.0, 33.0, 33.0, 33.0, 33.0, 33.0, 33.0, 33.0, 33.0, 33.0, 33.0, 33.0, 33.0, 33.0, 33.0, 33.0, 33.0, 33.0, 33.0, 33.0, 33.0, 33.0, 33.0, 33.0, 33.0, 33.0, 33.0, 33.0, 33.0, 33.0, 33.0, 33.0, 33.0, 33.0, 33.0, 33.0, 33.0, 33.0, 33.0, 33.0, 33.0, 33.0, 33.0, 33.0, 33.0, 33.0, 33.0, 33.0, 33.0, 33.0, 33.0, 33.0, 33.0, 33.0, 33.0, 33.0, 33.0, 33.0, 33.0, 33.0, 33.0, 33.0, 33.0, 33.0, 33.0, 33.0, 33.0, 33.0, 33.0, 33.0, 33.0, 33.0, 33.0, 33.0, 33.0, 33.0, 33.0, 33.0, 33.0, 33.0, 33.0, 33.0, 33.0, 33.0, 33.0, 33.0, 33.0, 33.0, 33.0, 33.0, 33.0, 33.0, 33.0, 33.0, 33.0, 33.0, 33.0, 33.0, 33.0, 33.0, 33.0, 33.0, 33.0, 33.0, 33.0, 33.0, 33.0, 33.0, 33.0, 33.0, 33.0, 33.0, 33.0, 33.0, 33.0, 33.0, 33.0, 33.0, 33.0, 33.0, 33.0, 33.0, 33.0, 33.0, 33.0, 33.0, 33.0, 33.0, 33.0, 33.0, 33.0, 33.0, 33.0, 33.0, 33.0, 33.0, 33.0, 33.0, 33.0, 33.0, 33.0, 33.0, 33.0, 33.0, 33.0, 33.0, 33.0, 33.0, 33.0, 33.0, 33.0, 33.0, 33.0, 33.0, 33.0, 33.0, 33.0, 33.0, 33.0, 33.0, 33.0, 33.0, 33.0, 33.0, 33.0, 33.0, 33.0, 33.0, 33.0, 33.0, 33.0, 33.0, 33.0, 33.0, 33.0, 33.0, 33.0, 33.0, 33.0, 33.0, 33.0, 33.0, 33.0, 33.0, 33.0, 33.0, 33.0, 33.0, 33.0, 33.0, 33.0, 33.0, 33.0, 33.0, 33.0, 33.0, 33.0, 33.0, 33.0, 33.0, 33.0, 33.0, 33.0, 33.0, 33.0, 33.0]",COMPLETE
