,number,value,datetime_start,datetime_complete,duration,params_batch_size_scaler,params_constant_learning_rate,params_depth,params_epochs,params_kernel_l2,params_num_trees,params_temperature,user_attrs_accuracy_test,user_attrs_accuracy_valid,user_attrs_approximate_feature_sparsity,user_attrs_approximate_feature_sparsity_history,user_attrs_approximate_weight_sparsity,user_attrs_approximate_weight_sparsity_history,user_attrs_auc_test,user_attrs_auc_valid,user_attrs_feature_sparsity,user_attrs_feature_sparsity_history,user_attrs_num_epochs,user_attrs_val_loss_history,user_attrs_weight_sparsity,user_attrs_weight_sparsity_history,state
117,117,0.7329932630006054,2024-08-31 05:49:35.482948,2024-08-31 05:49:51.399900,0 days 00:00:15.916952,64,0.09897779846248232,2,165,0.561585267474024,34,0.008149849882225092,0.86,0.8625,4,"[33, 33, 33, 33, 33, 33, 33, 33, 33, 33, 33, 33, 33, 33, 33, 33, 33, 33, 33, 33, 33, 33, 33, 33, 33, 33, 33, 33, 33, 33, 33, 33, 33, 33, 33, 33, 33, 33, 33, 33, 33, 33, 33, 33, 33, 33, 33, 33, 33, 33, 33, 33, 33, 33, 33, 33, 33, 33, 33, 33, 33, 33, 33, 33, 33, 33, 33, 33, 33, 33, 33, 33, 33, 33, 33, 33, 33, 33, 33, 33, 33, 33, 33, 33, 33, 33, 33, 33, 33, 33, 33, 33, 33, 32, 32, 31, 30, 29, 28, 28, 28, 28, 28, 28, 26, 26, 26, 25, 21, 16, 16, 15, 15, 13, 11, 9, 9, 9, 8, 8, 7, 6, 6, 5, 5, 5, 5, 4, 4, 4, 4, 4, 4, 4, 4, 4, 4, 4, 4, 4, 4, 4, 4, 4, 4, 4, 4, 4, 4, 4, 4, 4, 4, 4, 4, 4, 4, 4, 4, 4, 4, 4, 4, 4, 4]",3.9901960784313726,"[33.0, 33.0, 33.0, 32.990196078431374, 33.0, 32.990196078431374, 32.970588235294116, 32.970588235294116, 32.990196078431374, 33.0, 33.0, 32.98039215686275, 32.990196078431374, 32.98039215686275, 32.990196078431374, 32.990196078431374, 33.0, 33.0, 33.0, 33.0, 33.0, 33.0, 32.990196078431374, 33.0, 33.0, 32.970588235294116, 32.990196078431374, 32.990196078431374, 32.990196078431374, 32.990196078431374, 32.98039215686275, 32.98039215686275, 32.98039215686275, 32.990196078431374, 32.990196078431374, 33.0, 32.970588235294116, 32.98039215686275, 32.990196078431374, 32.98039215686275, 32.970588235294116, 32.96078431372549, 33.0, 33.0, 32.990196078431374, 33.0, 32.990196078431374, 32.970588235294116, 33.0, 32.990196078431374, 32.990196078431374, 32.98039215686275, 32.98039215686275, 32.96078431372549, 32.98039215686275, 32.970588235294116, 32.96078431372549, 32.98039215686275, 32.950980392156865, 32.96078431372549, 32.970588235294116, 32.970588235294116, 32.950980392156865, 32.970588235294116, 32.98039215686275, 32.98039215686275, 32.98039215686275, 32.990196078431374, 32.990196078431374, 32.990196078431374, 32.990196078431374, 32.990196078431374, 32.990196078431374, 32.970588235294116, 32.98039215686275, 32.990196078431374, 32.970588235294116, 32.96078431372549, 32.950980392156865, 32.96078431372549, 32.96078431372549, 32.98039215686275, 32.970588235294116, 32.98039215686275, 32.98039215686275, 32.98039215686275, 32.990196078431374, 32.990196078431374, 32.98039215686275, 32.990196078431374, 32.970588235294116, 32.990196078431374, 32.990196078431374, 31.990196078431374, 31.990196078431374, 30.990196078431374, 29.990196078431374, 28.941176470588236, 27.970588235294116, 27.970588235294116, 27.980392156862745, 27.990196078431374, 27.980392156862745, 27.990196078431374, 25.950980392156865, 25.990196078431374, 25.990196078431374, 24.980392156862745, 20.990196078431374, 15.990196078431373, 16.0, 14.990196078431373, 15.0, 13.0, 11.0, 8.990196078431373, 9.0, 9.0, 8.0, 7.990196078431373, 7.0, 6.0, 6.0, 5.0, 5.0, 5.0, 4.990196078431373, 4.0, 4.0, 4.0, 4.0, 4.0, 4.0, 4.0, 4.0, 4.0, 4.0, 4.0, 4.0, 4.0, 4.0, 4.0, 4.0, 4.0, 4.0, 3.980392156862745, 3.9901960784313726, 3.980392156862745, 4.0, 4.0, 4.0, 3.9901960784313726, 4.0, 4.0, 3.9901960784313726, 4.0, 4.0, 4.0, 4.0, 3.9901960784313726, 4.0, 4.0, 4.0, 3.9901960784313726, 3.9901960784313726]",0.7722818054970731,0.7329932630006054,4,"[33, 33, 33, 33, 33, 33, 33, 33, 33, 33, 33, 33, 33, 33, 33, 33, 33, 33, 33, 33, 33, 33, 33, 33, 33, 33, 33, 33, 33, 33, 33, 33, 33, 33, 33, 33, 33, 33, 33, 33, 33, 33, 33, 33, 33, 33, 33, 33, 33, 33, 33, 33, 33, 33, 33, 33, 33, 33, 33, 33, 33, 33, 33, 33, 33, 33, 33, 33, 33, 33, 33, 33, 33, 33, 33, 33, 33, 33, 33, 33, 33, 33, 33, 33, 33, 33, 33, 33, 33, 33, 33, 33, 33, 32, 32, 31, 30, 29, 28, 28, 28, 28, 28, 28, 26, 26, 26, 25, 21, 16, 16, 15, 15, 13, 11, 9, 9, 9, 8, 8, 7, 6, 6, 5, 5, 5, 5, 4, 4, 4, 4, 4, 4, 4, 4, 4, 4, 4, 4, 4, 4, 4, 4, 4, 4, 4, 4, 4, 4, 4, 4, 4, 4, 4, 4, 4, 4, 4, 4, 4, 4, 4, 4, 4, 4]",165,"[0.6874068975448608, 0.6743261814117432, 0.6686077117919922, 0.664125919342041, 0.659410297870636, 0.6556082367897034, 0.6514829397201538, 0.6473928689956665, 0.6442004442214966, 0.6400548815727234, 0.6369997262954712, 0.633131742477417, 0.629889726638794, 0.6268361806869507, 0.6239449977874756, 0.6209914684295654, 0.6184040307998657, 0.6151590347290039, 0.612289309501648, 0.6096648573875427, 0.6071776151657104, 0.6045776605606079, 0.6026341915130615, 0.5998162031173706, 0.5972561836242676, 0.5947129726409912, 0.5920855402946472, 0.5897606015205383, 0.5872405171394348, 0.5849023461341858, 0.5825920701026917, 0.580683171749115, 0.5792243480682373, 0.5775268077850342, 0.5748901963233948, 0.5718891024589539, 0.5698596239089966, 0.567613959312439, 0.5656783580780029, 0.5634392499923706, 0.5613075494766235, 0.5593838691711426, 0.5581406354904175, 0.5561530590057373, 0.5538535714149475, 0.5523161292076111, 0.5507692098617554, 0.5483417510986328, 0.5463678240776062, 0.5452221632003784, 0.5426508784294128, 0.541135311126709, 0.5392436981201172, 0.5375465154647827, 0.5358063578605652, 0.5341198444366455, 0.5329603552818298, 0.5311201810836792, 0.5293245911598206, 0.5279127955436707, 0.5260298252105713, 0.5243489742279053, 0.522696316242218, 0.5212535858154297, 0.5197862982749939, 0.5181448459625244, 0.5165189504623413, 0.5151275396347046, 0.5135902762413025, 0.5123210549354553, 0.510809063911438, 0.5090282559394836, 0.5073336362838745, 0.5057176351547241, 0.5044305920600891, 0.5033009052276611, 0.5018390417098999, 0.500697910785675, 0.49907779693603516, 0.49800288677215576, 0.49637240171432495, 0.4949856698513031, 0.4937155246734619, 0.49232378602027893, 0.49096620082855225, 0.4896610379219055, 0.48861563205718994, 0.48761072754859924, 0.48603224754333496, 0.4848054051399231, 0.48343396186828613, 0.4825393557548523, 0.4812091588973999, 0.4759596884250641, 0.4747520089149475, 0.47203218936920166, 0.4687894582748413, 0.4646401107311249, 0.4602648913860321, 0.45999041199684143, 0.4595853090286255, 0.4589928686618805, 0.4567025303840637, 0.45545727014541626, 0.4487079381942749, 0.44785845279693604, 0.4471035301685333, 0.44717708230018616, 0.4345356225967407, 0.42947036027908325, 0.42714619636535645, 0.423848956823349, 0.42276760935783386, 0.41565215587615967, 0.4105820953845978, 0.4035922586917877, 0.40309634804725647, 0.4024764895439148, 0.4014824628829956, 0.4011363089084625, 0.39843595027923584, 0.39513516426086426, 0.3941446542739868, 0.3903917074203491, 0.3900735080242157, 0.3898520767688751, 0.3897322416305542, 0.3838118314743042, 0.38366687297821045, 0.3834582567214966, 0.3835222125053406, 0.38322484493255615, 0.38297873735427856, 0.38266071677207947, 0.38271084427833557, 0.38240891695022583, 0.3821532130241394, 0.38321009278297424, 0.38302239775657654, 0.3816646337509155, 0.3815261125564575, 0.3815004229545593, 0.38120660185813904, 0.3810619115829468, 0.38099396228790283, 0.38077542185783386, 0.3807460367679596, 0.3805007040500641, 0.38052406907081604, 0.38016554713249207, 0.38002556562423706, 0.3805902898311615, 0.38097041845321655, 0.3798385262489319, 0.3795109689235687, 0.37951526045799255, 0.3797997534275055, 0.3792169988155365, 0.37902602553367615, 0.37886881828308105, 0.3787786066532135, 0.3786323666572571, 0.3785392642021179, 0.3784394860267639, 0.3783930838108063]",4.0,"[33.0, 33.0, 33.0, 33.0, 33.0, 33.0, 33.0, 33.0, 33.0, 33.0, 33.0, 33.0, 33.0, 33.0, 33.0, 33.0, 33.0, 33.0, 33.0, 33.0, 33.0, 33.0, 33.0, 33.0, 33.0, 33.0, 33.0, 33.0, 33.0, 33.0, 33.0, 33.0, 33.0, 33.0, 33.0, 33.0, 33.0, 33.0, 33.0, 33.0, 33.0, 33.0, 33.0, 33.0, 33.0, 33.0, 33.0, 33.0, 33.0, 33.0, 33.0, 33.0, 33.0, 33.0, 33.0, 33.0, 33.0, 33.0, 33.0, 33.0, 33.0, 33.0, 33.0, 33.0, 33.0, 33.0, 33.0, 33.0, 33.0, 33.0, 33.0, 33.0, 33.0, 33.0, 33.0, 33.0, 33.0, 33.0, 33.0, 33.0, 33.0, 33.0, 33.0, 33.0, 33.0, 33.0, 33.0, 33.0, 33.0, 33.0, 33.0, 33.0, 33.0, 32.0, 32.0, 31.0, 30.0, 29.0, 28.0, 28.0, 28.0, 28.0, 28.0, 28.0, 26.0, 26.0, 26.0, 25.0, 21.0, 16.0, 16.0, 15.0, 15.0, 13.0, 11.0, 9.0, 9.0, 9.0, 8.0, 8.0, 7.0, 6.0, 6.0, 5.0, 5.0, 5.0, 5.0, 4.0, 4.0, 4.0, 4.0, 4.0, 4.0, 4.0, 4.0, 4.0, 4.0, 4.0, 4.0, 4.0, 4.0, 4.0, 4.0, 4.0, 4.0, 4.0, 4.0, 4.0, 4.0, 4.0, 4.0, 4.0, 4.0, 4.0, 4.0, 4.0, 4.0, 4.0, 4.0, 4.0, 4.0, 4.0, 4.0, 4.0, 4.0]",COMPLETE
