,number,value,datetime_start,datetime_complete,duration,params_batch_size_scaler,params_constant_learning_rate,params_depth,params_epochs,params_kernel_l2,params_num_trees,params_temperature,user_attrs_accuracy_test,user_attrs_accuracy_valid,user_attrs_approximate_feature_sparsity,user_attrs_approximate_feature_sparsity_history,user_attrs_approximate_weight_sparsity,user_attrs_approximate_weight_sparsity_history,user_attrs_auc_test,user_attrs_auc_valid,user_attrs_feature_sparsity,user_attrs_feature_sparsity_history,user_attrs_num_epochs,user_attrs_val_loss_history,user_attrs_weight_sparsity,user_attrs_weight_sparsity_history,state
8,8,0.7214772449150467,2024-08-31 00:58:15.914761,2024-08-31 00:58:47.400786,0 days 00:00:31.486025,64,0.047263712989284466,4,250,0.003543710219004037,14,0.00021278036301939146,0.873,0.8675,33,"[33, 33, 33, 33, 33, 33, 33, 33, 33, 33, 33, 33, 33, 33, 33, 33, 33, 33, 33, 33, 33, 33, 33, 33, 33, 33, 33, 33, 33, 33, 33, 33, 33, 33, 33, 33, 33, 33, 33, 33, 33, 33, 33, 33, 33, 33, 33, 33, 33, 33, 33, 33, 33, 33, 33, 33, 33, 33, 33, 33, 33, 33, 33, 33, 33, 33, 33, 33, 33, 33, 33, 33, 33, 33, 33, 33, 33, 33, 33, 33, 33, 33, 33, 33, 33, 33, 33, 33, 33, 33, 33, 33, 33, 33, 33, 33, 33, 33, 33, 33, 33, 33, 33, 33, 33, 33, 33, 33, 33, 33, 33, 33, 33, 33, 33, 33, 33, 33, 33, 33, 33, 33, 33, 33, 33, 33, 33, 33, 33, 33, 33, 33, 33, 33, 33, 33, 33, 33, 33, 33, 33, 33, 33, 33, 33, 33, 33, 33, 33, 33, 33, 33, 33, 33, 33, 33, 33, 33, 33, 33, 33, 33, 33, 33, 33, 33, 33, 33, 33, 33, 33, 33, 33, 33, 33, 33, 33, 33, 33, 33, 33, 33, 33, 33, 33, 33, 33, 33, 33, 33, 33, 33, 33, 33, 33, 33, 33, 33, 33, 33, 33, 33, 33, 33, 33, 33, 33, 33, 33, 33, 33, 33, 33, 33, 33, 33, 33, 33, 33, 33, 33, 33, 33, 33, 33, 33, 33, 33, 33, 33, 33, 33, 33, 33, 33, 33, 33, 33, 33, 33, 33, 33, 33, 33, 33, 33, 33, 33, 33, 33]",32.98571428571429,"[32.98095238095238, 32.971428571428575, 32.976190476190474, 32.98095238095238, 32.98095238095238, 32.98095238095238, 32.98095238095238, 32.99047619047619, 32.98095238095238, 32.98571428571429, 32.98571428571429, 32.98095238095238, 32.96666666666667, 32.96666666666667, 32.96666666666667, 32.976190476190474, 32.98571428571429, 32.98571428571429, 32.971428571428575, 32.98571428571429, 32.98571428571429, 32.99047619047619, 32.98571428571429, 32.96666666666667, 32.976190476190474, 32.976190476190474, 32.971428571428575, 32.976190476190474, 32.976190476190474, 32.98571428571429, 32.98571428571429, 32.99047619047619, 32.98571428571429, 32.98571428571429, 32.976190476190474, 32.976190476190474, 32.98095238095238, 32.98095238095238, 32.976190476190474, 32.976190476190474, 32.98095238095238, 32.98571428571429, 32.98571428571429, 32.99047619047619, 32.98571428571429, 32.98095238095238, 32.957142857142856, 32.96190476190476, 32.98095238095238, 32.99047619047619, 32.98571428571429, 32.976190476190474, 32.98571428571429, 32.98095238095238, 32.98095238095238, 32.98095238095238, 32.98095238095238, 32.99047619047619, 32.98095238095238, 32.99047619047619, 32.976190476190474, 32.98095238095238, 32.976190476190474, 32.976190476190474, 32.971428571428575, 32.976190476190474, 32.976190476190474, 32.971428571428575, 32.98095238095238, 32.98095238095238, 32.98095238095238, 32.96666666666667, 32.976190476190474, 32.98095238095238, 32.98095238095238, 32.98571428571429, 32.971428571428575, 32.957142857142856, 32.96190476190476, 32.94761904761905, 32.94761904761905, 32.94285714285714, 32.93333333333334, 32.95238095238095, 32.957142857142856, 32.96666666666667, 32.96190476190476, 32.96190476190476, 32.96190476190476, 32.957142857142856, 32.96666666666667, 32.98095238095238, 32.98095238095238, 32.98095238095238, 32.98095238095238, 32.98571428571429, 32.98095238095238, 32.98571428571429, 32.98095238095238, 32.98571428571429, 32.99047619047619, 32.99523809523809, 32.99523809523809, 32.99523809523809, 32.99523809523809, 32.99047619047619, 32.99047619047619, 32.98571428571429, 32.98095238095238, 32.98095238095238, 32.976190476190474, 32.98571428571429, 32.98571428571429, 32.98571428571429, 32.98095238095238, 32.99047619047619, 32.99047619047619, 32.98571428571429, 32.98095238095238, 32.98095238095238, 32.96666666666667, 32.98095238095238, 32.98095238095238, 32.976190476190474, 32.976190476190474, 32.98571428571429, 32.99047619047619, 32.99047619047619, 32.99523809523809, 32.99047619047619, 32.99047619047619, 32.99047619047619, 32.98571428571429, 32.98095238095238, 32.99047619047619, 32.99047619047619, 32.99523809523809, 33.0, 32.99523809523809, 32.98095238095238, 32.98571428571429, 32.99047619047619, 32.99523809523809, 33.0, 32.99523809523809, 32.99047619047619, 32.99047619047619, 32.98571428571429, 32.976190476190474, 32.98095238095238, 32.98571428571429, 32.98571428571429, 32.98095238095238, 32.98095238095238, 32.976190476190474, 32.98095238095238, 32.98571428571429, 32.99047619047619, 32.98571428571429, 32.98571428571429, 32.99047619047619, 32.99523809523809, 32.99047619047619, 32.99047619047619, 32.99047619047619, 32.99047619047619, 32.99047619047619, 32.99523809523809, 32.99523809523809, 32.99047619047619, 32.99047619047619, 32.99047619047619, 32.98571428571429, 32.98571428571429, 32.98095238095238, 32.98095238095238, 32.98095238095238, 32.99047619047619, 32.99047619047619, 32.98571428571429, 32.99047619047619, 32.99047619047619, 32.98571428571429, 32.98095238095238, 32.98095238095238, 32.99047619047619, 32.98571428571429, 32.99523809523809, 32.98095238095238, 32.976190476190474, 32.976190476190474, 32.976190476190474, 32.971428571428575, 32.971428571428575, 32.98095238095238, 32.971428571428575, 32.976190476190474, 32.98571428571429, 32.976190476190474, 32.98571428571429, 32.976190476190474, 32.98095238095238, 32.98095238095238, 32.98095238095238, 32.98571428571429, 32.976190476190474, 32.976190476190474, 32.976190476190474, 32.98095238095238, 32.98095238095238, 32.976190476190474, 32.98095238095238, 32.98095238095238, 32.976190476190474, 32.971428571428575, 32.96666666666667, 32.96190476190476, 32.96190476190476, 32.976190476190474, 32.976190476190474, 32.976190476190474, 32.98571428571429, 32.976190476190474, 32.98095238095238, 32.98095238095238, 32.976190476190474, 32.98095238095238, 32.98571428571429, 32.99047619047619, 32.98571428571429, 32.98571428571429, 32.98571428571429, 32.99047619047619, 32.99047619047619, 32.99523809523809, 32.99523809523809, 32.99523809523809, 32.99523809523809, 32.99047619047619, 32.99523809523809, 32.99523809523809, 32.99523809523809, 32.99523809523809, 32.99523809523809, 32.99047619047619, 32.99047619047619, 32.99047619047619, 32.98571428571429, 32.98095238095238, 32.98571428571429]",0.7536307268058686,0.7214772449150467,33,"[33, 33, 33, 33, 33, 33, 33, 33, 33, 33, 33, 33, 33, 33, 33, 33, 33, 33, 33, 33, 33, 33, 33, 33, 33, 33, 33, 33, 33, 33, 33, 33, 33, 33, 33, 33, 33, 33, 33, 33, 33, 33, 33, 33, 33, 33, 33, 33, 33, 33, 33, 33, 33, 33, 33, 33, 33, 33, 33, 33, 33, 33, 33, 33, 33, 33, 33, 33, 33, 33, 33, 33, 33, 33, 33, 33, 33, 33, 33, 33, 33, 33, 33, 33, 33, 33, 33, 33, 33, 33, 33, 33, 33, 33, 33, 33, 33, 33, 33, 33, 33, 33, 33, 33, 33, 33, 33, 33, 33, 33, 33, 33, 33, 33, 33, 33, 33, 33, 33, 33, 33, 33, 33, 33, 33, 33, 33, 33, 33, 33, 33, 33, 33, 33, 33, 33, 33, 33, 33, 33, 33, 33, 33, 33, 33, 33, 33, 33, 33, 33, 33, 33, 33, 33, 33, 33, 33, 33, 33, 33, 33, 33, 33, 33, 33, 33, 33, 33, 33, 33, 33, 33, 33, 33, 33, 33, 33, 33, 33, 33, 33, 33, 33, 33, 33, 33, 33, 33, 33, 33, 33, 33, 33, 33, 33, 33, 33, 33, 33, 33, 33, 33, 33, 33, 33, 33, 33, 33, 33, 33, 33, 33, 33, 33, 33, 33, 33, 33, 33, 33, 33, 33, 33, 33, 33, 33, 33, 33, 33, 33, 33, 33, 33, 33, 33, 33, 33, 33, 33, 33, 33, 33, 33, 33, 33, 33, 33, 33, 33, 33]",250,"[0.7098163366317749, 0.6527206301689148, 0.6083278656005859, 0.5718115568161011, 0.5419399738311768, 0.5183565616607666, 0.4988003075122833, 0.4828331470489502, 0.46938714385032654, 0.4583074450492859, 0.44931143522262573, 0.4412757456302643, 0.4345283508300781, 0.43010884523391724, 0.4252300262451172, 0.4212406575679779, 0.41758573055267334, 0.4146345257759094, 0.4118231534957886, 0.4092288911342621, 0.4071532189846039, 0.40532058477401733, 0.40364840626716614, 0.40232402086257935, 0.4010019302368164, 0.39963433146476746, 0.3985385596752167, 0.39763012528419495, 0.3965711295604706, 0.3956264555454254, 0.3949621915817261, 0.3942846357822418, 0.39342254400253296, 0.39280569553375244, 0.3921971619129181, 0.391652911901474, 0.39105740189552307, 0.39060255885124207, 0.39009472727775574, 0.3895738124847412, 0.38911446928977966, 0.38865718245506287, 0.38829323649406433, 0.38779404759407043, 0.3875042200088501, 0.38706979155540466, 0.3866824805736542, 0.38634875416755676, 0.3859023153781891, 0.3855608403682709, 0.3852018117904663, 0.3849056363105774, 0.384515643119812, 0.38417989015579224, 0.38386690616607666, 0.38353946805000305, 0.3832310140132904, 0.3829219341278076, 0.38259801268577576, 0.3823281526565552, 0.3820291757583618, 0.3817991316318512, 0.3814658224582672, 0.3812076449394226, 0.38094428181648254, 0.380693256855011, 0.3804662227630615, 0.38022685050964355, 0.3800586462020874, 0.3798297047615051, 0.37952423095703125, 0.37932848930358887, 0.3791228234767914, 0.3788849711418152, 0.37865084409713745, 0.3783351480960846, 0.378165602684021, 0.3779688775539398, 0.37778255343437195, 0.377534955739975, 0.37731125950813293, 0.3770900070667267, 0.3769170641899109, 0.3767026960849762, 0.37647584080696106, 0.3763049244880676, 0.37610703706741333, 0.37590664625167847, 0.3757350444793701, 0.3756004571914673, 0.3754344880580902, 0.3751932382583618, 0.37501999735832214, 0.3748128116130829, 0.37459278106689453, 0.37439069151878357, 0.3741687536239624, 0.373990923166275, 0.37376487255096436, 0.37354499101638794, 0.3733557164669037, 0.37314650416374207, 0.37295177578926086, 0.3727283775806427, 0.3725956082344055, 0.37242335081100464, 0.3722493350505829, 0.37201622128486633, 0.3718433380126953, 0.37167060375213623, 0.3714838922023773, 0.37131455540657043, 0.3711506724357605, 0.37100693583488464, 0.370845764875412, 0.37071770429611206, 0.3705936670303345, 0.3704722225666046, 0.3702648878097534, 0.3700927495956421, 0.3699607849121094, 0.369805246591568, 0.3696672320365906, 0.36949053406715393, 0.36929649114608765, 0.36914700269699097, 0.3689882755279541, 0.3688499331474304, 0.3687102198600769, 0.36862698197364807, 0.36852750182151794, 0.3683563470840454, 0.3682151138782501, 0.36806830763816833, 0.3679232895374298, 0.36779895424842834, 0.36766669154167175, 0.36755672097206116, 0.36741477251052856, 0.36728745698928833, 0.3671058714389801, 0.36697128415107727, 0.36683836579322815, 0.36671361327171326, 0.36657583713531494, 0.3664369285106659, 0.3663111627101898, 0.3661678731441498, 0.3660457134246826, 0.3659197688102722, 0.3658139407634735, 0.3656737208366394, 0.3655644655227661, 0.36542999744415283, 0.36528587341308594, 0.3651653528213501, 0.36502495408058167, 0.3648782968521118, 0.3647717535495758, 0.36465027928352356, 0.36452847719192505, 0.3644285202026367, 0.3642767667770386, 0.3641563653945923, 0.3640133738517761, 0.3638705015182495, 0.36369818449020386, 0.36356812715530396, 0.3634400963783264, 0.363330602645874, 0.3632581830024719, 0.3631443381309509, 0.36303624510765076, 0.36288607120513916, 0.36277270317077637, 0.36271241307258606, 0.36256203055381775, 0.3624410629272461, 0.3623676300048828, 0.3622227907180786, 0.36210355162620544, 0.361989289522171, 0.3618728518486023, 0.3617619574069977, 0.3616682291030884, 0.36155804991722107, 0.36144036054611206, 0.3613363206386566, 0.36120906472206116, 0.361118882894516, 0.36105209589004517, 0.3609170913696289, 0.36086055636405945, 0.36072444915771484, 0.3605755567550659, 0.3604789078235626, 0.36036577820777893, 0.36021023988723755, 0.36004897952079773, 0.3598959743976593, 0.3598095178604126, 0.35974112153053284, 0.35963496565818787, 0.35951533913612366, 0.35944002866744995, 0.35933151841163635, 0.35927748680114746, 0.3591584265232086, 0.3591214716434479, 0.3589639961719513, 0.35882264375686646, 0.3587852716445923, 0.3586764633655548, 0.3585105538368225, 0.35840120911598206, 0.35829439759254456, 0.35820046067237854, 0.35805922746658325, 0.3579774796962738, 0.3578653335571289, 0.3577516973018646, 0.3576500713825226, 0.35750171542167664, 0.3574092984199524, 0.35728514194488525, 0.35716578364372253, 0.35709893703460693, 0.3570101857185364, 0.3569059669971466, 0.35682451725006104, 0.35673755407333374, 0.35659146308898926, 0.3564997613430023, 0.3563918173313141, 0.3562845289707184, 0.35617485642433167, 0.3560298681259155, 0.35594311356544495, 0.3559051752090454, 0.35590893030166626, 0.35583382844924927, 0.3556898236274719, 0.35559213161468506, 0.35545966029167175, 0.3552665412425995, 0.3551562428474426, 0.3550528585910797, 0.354956716299057, 0.35484063625335693, 0.3547573983669281]",33.0,"[33.0, 33.0, 33.0, 33.0, 33.0, 33.0, 33.0, 33.0, 33.0, 33.0, 33.0, 33.0, 33.0, 33.0, 33.0, 33.0, 33.0, 33.0, 33.0, 33.0, 33.0, 33.0, 33.0, 33.0, 33.0, 33.0, 33.0, 33.0, 33.0, 33.0, 33.0, 33.0, 33.0, 33.0, 33.0, 33.0, 33.0, 33.0, 33.0, 33.0, 33.0, 33.0, 33.0, 33.0, 33.0, 33.0, 33.0, 33.0, 33.0, 33.0, 33.0, 33.0, 33.0, 33.0, 33.0, 33.0, 33.0, 33.0, 33.0, 33.0, 33.0, 33.0, 33.0, 33.0, 33.0, 33.0, 33.0, 33.0, 33.0, 33.0, 33.0, 33.0, 33.0, 33.0, 33.0, 33.0, 33.0, 33.0, 33.0, 33.0, 33.0, 33.0, 33.0, 33.0, 33.0, 33.0, 33.0, 33.0, 33.0, 33.0, 33.0, 33.0, 33.0, 33.0, 33.0, 33.0, 33.0, 33.0, 33.0, 33.0, 33.0, 33.0, 33.0, 33.0, 33.0, 33.0, 33.0, 33.0, 33.0, 33.0, 33.0, 33.0, 33.0, 33.0, 33.0, 33.0, 33.0, 33.0, 33.0, 33.0, 33.0, 33.0, 33.0, 33.0, 33.0, 33.0, 33.0, 33.0, 33.0, 33.0, 33.0, 33.0, 33.0, 33.0, 33.0, 33.0, 33.0, 33.0, 33.0, 33.0, 33.0, 33.0, 33.0, 33.0, 33.0, 33.0, 33.0, 33.0, 33.0, 33.0, 33.0, 33.0, 33.0, 33.0, 33.0, 33.0, 33.0, 33.0, 33.0, 33.0, 33.0, 33.0, 33.0, 33.0, 33.0, 33.0, 33.0, 33.0, 33.0, 33.0, 33.0, 33.0, 33.0, 33.0, 33.0, 33.0, 33.0, 33.0, 33.0, 33.0, 33.0, 33.0, 33.0, 33.0, 33.0, 33.0, 33.0, 33.0, 33.0, 33.0, 33.0, 33.0, 33.0, 33.0, 33.0, 33.0, 33.0, 33.0, 33.0, 33.0, 33.0, 33.0, 33.0, 33.0, 33.0, 33.0, 33.0, 33.0, 33.0, 33.0, 33.0, 33.0, 33.0, 33.0, 33.0, 33.0, 33.0, 33.0, 33.0, 33.0, 33.0, 33.0, 33.0, 33.0, 33.0, 33.0, 33.0, 33.0, 33.0, 33.0, 33.0, 33.0, 33.0, 33.0, 33.0, 33.0, 33.0, 33.0, 33.0, 33.0, 33.0, 33.0, 33.0, 33.0, 33.0, 33.0, 33.0, 33.0, 33.0, 33.0]",COMPLETE
9,9,0.5,2024-08-31 00:58:47.608979,2024-08-31 00:59:19.456373,0 days 00:00:31.847394,1,0.7875444117679238,4,45,0.23656729511807922,4,0.018797845455261007,0.859,0.85875,0,"[0, 0, 0, 0, 0, 0, 0, 0, 0, 0, 0, 0, 0, 0, 0, 0, 0, 0, 0, 0, 0, 0, 0, 0, 0, 0, 0, 0, 0, 0, 0, 0, 0, 0, 0, 0, 0, 0, 0, 0, 0, 0, 0, 0, 0]",0.0,"[0.0, 0.0, 0.0, 0.0, 0.0, 0.0, 0.0, 0.0, 0.0, 0.0, 0.0, 0.0, 0.0, 0.0, 0.0, 0.0, 0.0, 0.0, 0.0, 0.0, 0.0, 0.0, 0.0, 0.0, 0.0, 0.0, 0.0, 0.0, 0.0, 0.0, 0.0, 0.0, 0.0, 0.0, 0.0, 0.0, 0.0, 0.0, 0.0, 0.0, 0.0, 0.0, 0.0, 0.0, 0.0]",0.5,0.5,0,"[0, 0, 0, 0, 0, 0, 0, 0, 0, 0, 0, 0, 0, 0, 0, 0, 0, 0, 0, 0, 0, 0, 0, 0, 0, 0, 0, 0, 0, 0, 0, 0, 0, 0, 0, 0, 0, 0, 0, 0, 0, 0, 0, 0, 0]",45,"[0.41077977418899536, 0.40737101435661316, 0.4078536331653595, 0.4103073477745056, 0.41054171323776245, 0.40827932953834534, 0.4086000919342041, 0.407252699136734, 0.4072464108467102, 0.40729275345802307, 0.4072272777557373, 0.40761399269104004, 0.4073450565338135, 0.40722715854644775, 0.4123821556568146, 0.4072869122028351, 0.4079363942146301, 0.4072968363761902, 0.4073866307735443, 0.4081142544746399, 0.4072338342666626, 0.4072730243206024, 0.4090183973312378, 0.4078601002693176, 0.4076301157474518, 0.4072316288948059, 0.4072360694408417, 0.4142940640449524, 0.4123867452144623, 0.40938258171081543, 0.40856030583381653, 0.4072971045970917, 0.4084348976612091, 0.4095122516155243, 0.40723177790641785, 0.40746718645095825, 0.40797099471092224, 0.40777015686035156, 0.4102596640586853, 0.4072321057319641, 0.4072616696357727, 0.40736880898475647, 0.40811771154403687, 0.40809935331344604, 0.4078495502471924]",0.0,"[0.0, 0.0, 0.0, 0.0, 0.0, 0.0, 0.0, 0.0, 0.0, 0.0, 0.0, 0.0, 0.0, 0.0, 0.0, 0.0, 0.0, 0.0, 0.0, 0.0, 0.0, 0.0, 0.0, 0.0, 0.0, 0.0, 0.0, 0.0, 0.0, 0.0, 0.0, 0.0, 0.0, 0.0, 0.0, 0.0, 0.0, 0.0, 0.0, 0.0, 0.0, 0.0, 0.0, 0.0, 0.0]",COMPLETE
