,number,value,datetime_start,datetime_complete,duration,params_batch_size_scaler,params_constant_learning_rate,params_depth,params_epochs,params_kernel_l2,params_num_trees,params_temperature,user_attrs_accuracy_test,user_attrs_accuracy_valid,user_attrs_approximate_feature_sparsity,user_attrs_approximate_feature_sparsity_history,user_attrs_approximate_weight_sparsity,user_attrs_approximate_weight_sparsity_history,user_attrs_auc_test,user_attrs_auc_valid,user_attrs_feature_sparsity,user_attrs_feature_sparsity_history,user_attrs_num_epochs,user_attrs_val_loss_history,user_attrs_weight_sparsity,user_attrs_weight_sparsity_history,state
19,19,0.9287655704551017,2024-08-31 01:30:30.470364,2024-08-31 01:31:20.316817,0 days 00:00:49.846453,64,1.3924688130759157,4,460,0.0012510506030584704,15,0.0003584620007686834,0.941,0.94125,29,"[33, 33, 33, 33, 33, 33, 33, 33, 33, 33, 33, 33, 33, 33, 33, 33, 33, 33, 33, 33, 33, 33, 33, 33, 33, 33, 33, 33, 33, 33, 33, 33, 33, 33, 33, 33, 33, 33, 33, 33, 33, 33, 33, 33, 33, 33, 33, 33, 33, 33, 33, 33, 33, 33, 33, 33, 33, 33, 33, 33, 33, 33, 33, 33, 33, 33, 33, 33, 33, 33, 33, 33, 33, 33, 33, 33, 33, 33, 33, 33, 33, 33, 33, 33, 33, 33, 33, 33, 33, 33, 33, 33, 33, 33, 33, 33, 33, 33, 33, 33, 33, 33, 33, 33, 33, 33, 33, 33, 33, 33, 33, 33, 33, 33, 33, 33, 33, 33, 33, 33, 33, 33, 33, 33, 33, 33, 33, 33, 33, 33, 33, 33, 33, 33, 33, 33, 33, 33, 33, 33, 32, 32, 32, 32, 32, 32, 32, 32, 32, 32, 32, 32, 32, 32, 32, 32, 32, 32, 32, 32, 32, 32, 32, 31, 31, 31, 31, 31, 31, 30, 30, 30, 30, 30, 30, 30, 30, 30, 30, 30, 30, 30, 30, 30, 30, 30, 30, 30, 30, 30, 30, 30, 30, 30, 30, 30, 30, 30, 30, 30, 30, 30, 30, 30, 30, 30, 30, 30, 30, 30, 30, 30, 30, 30, 30, 30, 30, 30, 30, 30, 30, 30, 30, 30, 30, 30, 30, 30, 29, 29, 29, 29, 29, 29, 29, 29, 29, 29, 29, 29, 29, 29, 29, 29, 29, 29, 29, 29, 29, 29, 29, 29, 29, 29, 29, 29, 29, 29, 29, 29, 29, 29, 29, 29, 29, 29, 29, 29, 29, 29, 29, 29, 29, 29, 29, 29, 29, 29, 29, 29, 29, 29, 29, 29, 29, 29, 29, 29, 29, 29, 29, 29, 29, 29, 29, 29, 29, 29, 29, 29, 29, 29, 29, 29, 29, 29, 29, 29, 29, 29, 29, 29, 29, 29, 29, 29, 29, 29, 29, 29, 29, 29, 29, 29, 29, 29, 29, 29, 29, 29, 29, 29, 29, 29, 29, 29, 29, 29, 29, 29, 29, 29, 29, 29, 29, 29, 29, 29, 29, 29, 29, 29, 29, 29, 29, 29, 29, 29, 29, 29, 29, 29, 29, 29, 29, 29, 29, 29, 29, 29, 29, 29, 29, 29, 29, 29, 29, 29, 29, 29, 29, 29, 29, 29, 29, 29, 29, 29, 29, 29, 29, 29, 29, 29, 29, 29, 29, 29, 29, 29, 29, 29, 29, 29, 29, 29, 29, 29, 29, 29, 29, 29, 29, 29, 29, 29, 29, 29, 29, 29, 29, 29, 29, 29, 29, 29, 29, 29, 29, 29, 29, 29, 29, 29, 29, 29, 29, 29, 29, 29, 29, 29, 29, 29, 29, 29, 29, 29, 29, 29, 29, 29, 29, 29, 29, 29, 29, 29, 29, 29]",28.977777777777778,"[32.977777777777774, 32.973333333333336, 32.986666666666665, 32.99111111111111, 32.977777777777774, 32.973333333333336, 32.96888888888889, 32.977777777777774, 32.995555555555555, 32.96, 32.98222222222222, 32.96888888888889, 32.973333333333336, 32.964444444444446, 32.98222222222222, 32.986666666666665, 32.995555555555555, 32.98222222222222, 32.96, 32.973333333333336, 32.98222222222222, 32.977777777777774, 32.98222222222222, 32.964444444444446, 32.98222222222222, 32.986666666666665, 32.99111111111111, 32.973333333333336, 32.977777777777774, 32.99111111111111, 32.98222222222222, 32.98222222222222, 32.97777777777778, 32.986666666666665, 32.99111111111111, 32.986666666666665, 32.995555555555555, 32.98222222222222, 32.986666666666665, 32.99111111111111, 32.973333333333336, 32.98222222222222, 32.98222222222222, 32.97777777777778, 32.977777777777774, 32.964444444444446, 32.99111111111111, 32.98222222222222, 32.977777777777774, 32.97777777777778, 32.96888888888889, 32.99111111111111, 32.986666666666665, 32.98222222222222, 32.986666666666665, 32.973333333333336, 32.98222222222222, 32.98222222222222, 32.995555555555555, 32.98222222222222, 32.96888888888889, 32.986666666666665, 32.99111111111111, 32.973333333333336, 32.98222222222222, 32.99111111111111, 32.986666666666665, 32.968888888888884, 32.977777777777774, 32.99111111111111, 32.986666666666665, 32.98222222222222, 32.986666666666665, 32.97777777777778, 32.964444444444446, 32.97777777777778, 32.98222222222222, 32.97333333333333, 32.96888888888889, 32.986666666666665, 32.995555555555555, 32.995555555555555, 32.995555555555555, 32.99111111111111, 32.98222222222222, 32.995555555555555, 32.995555555555555, 32.995555555555555, 32.995555555555555, 32.995555555555555, 32.977777777777774, 32.995555555555555, 32.986666666666665, 32.99111111111111, 33.0, 32.99111111111111, 32.98222222222222, 32.986666666666665, 32.99111111111111, 32.968888888888884, 32.986666666666665, 32.99111111111111, 32.98222222222222, 32.98222222222222, 32.986666666666665, 32.986666666666665, 32.98222222222222, 32.98222222222222, 32.955555555555556, 32.97777777777778, 32.97777777777778, 32.96888888888889, 32.99111111111111, 32.977777777777774, 32.98222222222222, 32.96888888888889, 32.97777777777778, 32.98222222222222, 32.96888888888889, 32.973333333333336, 32.96888888888889, 32.97777777777778, 32.96888888888889, 32.986666666666665, 32.986666666666665, 32.96888888888889, 32.97777777777778, 32.98222222222222, 32.98222222222222, 32.973333333333336, 32.97333333333333, 32.98222222222222, 32.995555555555555, 32.986666666666665, 32.98222222222222, 32.99111111111111, 32.995555555555555, 32.977777777777774, 32.995555555555555, 32.98222222222222, 31.977777777777778, 31.97777777777778, 31.99111111111111, 31.97777777777778, 31.977777777777778, 31.986666666666665, 31.98222222222222, 31.96888888888889, 31.982222222222223, 31.977777777777778, 31.977777777777778, 31.973333333333333, 31.96, 31.982222222222223, 31.977777777777778, 31.977777777777778, 31.97777777777778, 31.96888888888889, 31.955555555555556, 31.973333333333336, 31.973333333333336, 31.96888888888889, 31.973333333333336, 30.96888888888889, 30.96888888888889, 30.96, 30.964444444444446, 30.964444444444446, 30.982222222222223, 29.97777777777778, 29.973333333333333, 29.973333333333336, 29.973333333333336, 29.982222222222223, 29.955555555555556, 29.96888888888889, 29.964444444444446, 29.986666666666665, 29.973333333333336, 29.973333333333336, 29.99111111111111, 29.99111111111111, 29.96, 29.982222222222223, 29.968888888888888, 29.99111111111111, 29.982222222222223, 29.96888888888889, 29.968888888888888, 29.982222222222223, 29.99111111111111, 29.99111111111111, 29.964444444444446, 29.96888888888889, 29.986666666666665, 29.99111111111111, 29.973333333333333, 29.973333333333336, 29.99111111111111, 29.982222222222223, 29.977777777777778, 29.964444444444446, 29.982222222222223, 29.977777777777778, 29.973333333333336, 29.986666666666668, 29.973333333333336, 29.995555555555555, 29.995555555555555, 29.982222222222223, 29.986666666666665, 29.986666666666668, 29.986666666666665, 29.977777777777778, 29.986666666666668, 29.99111111111111, 29.995555555555555, 29.986666666666665, 29.986666666666665, 29.99111111111111, 29.99111111111111, 29.99111111111111, 29.982222222222223, 29.986666666666665, 29.973333333333336, 29.982222222222223, 29.986666666666665, 29.982222222222223, 28.982222222222223, 28.995555555555555, 28.99111111111111, 28.97777777777778, 28.99111111111111, 28.968888888888888, 28.982222222222223, 28.986666666666665, 28.98222222222222, 28.973333333333336, 28.973333333333336, 28.986666666666665, 28.98222222222222, 28.97777777777778, 28.99111111111111, 28.995555555555555, 28.986666666666668, 28.986666666666668, 28.995555555555555, 28.99111111111111, 28.982222222222223, 28.982222222222223, 28.99111111111111, 28.995555555555555, 28.982222222222223, 28.973333333333336, 28.986666666666668, 28.973333333333336, 28.97777777777778, 28.982222222222223, 28.99111111111111, 28.986666666666665, 28.995555555555555, 28.98222222222222, 28.995555555555555, 28.973333333333333, 28.977777777777778, 28.98222222222222, 28.986666666666665, 28.982222222222223, 28.977777777777778, 28.982222222222223, 28.99111111111111, 28.99111111111111, 28.982222222222223, 28.986666666666665, 28.97777777777778, 28.98222222222222, 28.977777777777778, 28.99111111111111, 28.982222222222223, 28.986666666666665, 28.995555555555555, 28.98222222222222, 28.986666666666665, 28.977777777777778, 28.977777777777778, 28.99111111111111, 28.977777777777778, 28.982222222222223, 28.986666666666665, 28.973333333333336, 29.0, 28.98222222222222, 28.99111111111111, 28.99111111111111, 28.99111111111111, 28.986666666666665, 29.0, 28.986666666666665, 28.982222222222223, 28.99111111111111, 28.982222222222223, 28.995555555555555, 28.99111111111111, 28.995555555555555, 29.0, 28.986666666666668, 29.0, 28.986666666666665, 29.0, 28.995555555555555, 28.99111111111111, 28.982222222222223, 28.995555555555555, 28.986666666666665, 28.986666666666668, 28.995555555555555, 28.986666666666668, 28.986666666666668, 29.0, 28.99111111111111, 28.982222222222223, 28.99111111111111, 28.99111111111111, 28.99111111111111, 28.995555555555555, 28.982222222222223, 28.995555555555555, 28.977777777777778, 28.99111111111111, 28.995555555555555, 28.977777777777778, 28.99111111111111, 28.982222222222223, 28.982222222222223, 28.986666666666665, 28.99111111111111, 28.973333333333336, 28.982222222222223, 28.982222222222223, 28.99111111111111, 28.982222222222223, 28.977777777777778, 28.99111111111111, 28.97777777777778, 28.986666666666665, 28.986666666666665, 28.986666666666668, 28.986666666666665, 28.99111111111111, 28.97777777777778, 28.986666666666668, 28.986666666666665, 28.982222222222223, 28.99111111111111, 28.98222222222222, 28.99111111111111, 28.986666666666668, 28.986666666666665, 28.986666666666665, 28.982222222222223, 28.986666666666665, 28.97777777777778, 28.982222222222223, 28.964444444444446, 28.973333333333333, 28.973333333333336, 28.986666666666665, 28.977777777777778, 28.973333333333336, 28.982222222222223, 28.973333333333336, 28.973333333333336, 28.982222222222223, 28.982222222222223, 28.964444444444446, 28.97777777777778, 28.986666666666668, 28.977777777777778, 28.982222222222223, 28.96888888888889, 28.99111111111111, 28.99111111111111, 28.982222222222223, 28.986666666666665, 28.995555555555555, 29.0, 28.99111111111111, 28.986666666666665, 28.982222222222223, 28.986666666666665, 28.995555555555555, 28.98222222222222, 28.982222222222223, 28.986666666666668, 28.99111111111111, 28.995555555555555, 28.99111111111111, 28.99111111111111, 28.995555555555555, 28.995555555555555, 28.99111111111111, 28.995555555555555, 29.0, 29.0, 28.995555555555555, 28.99111111111111, 28.986666666666665, 28.99111111111111, 28.995555555555555, 28.982222222222223, 28.97777777777778, 28.986666666666665, 28.99111111111111, 28.96888888888889, 28.995555555555555, 28.982222222222223, 28.995555555555555, 28.99111111111111, 28.982222222222223, 28.986666666666665, 28.99111111111111, 29.0, 28.986666666666665, 28.995555555555555, 28.986666666666665, 28.995555555555555, 28.995555555555555, 28.99111111111111, 28.982222222222223, 28.98222222222222, 28.99111111111111, 28.99111111111111, 28.99111111111111, 28.977777777777778, 28.986666666666665, 28.995555555555555, 28.99111111111111, 28.986666666666668, 28.99111111111111, 28.99111111111111, 28.977777777777778, 28.99111111111111, 28.97777777777778, 28.99111111111111, 28.98222222222222, 28.982222222222223, 28.982222222222223, 28.995555555555555, 28.995555555555555, 28.982222222222223, 28.986666666666665, 28.99111111111111, 28.99111111111111, 28.977777777777778, 28.96888888888889, 28.968888888888888, 28.986666666666665, 28.995555555555555, 28.995555555555555, 28.977777777777778]",0.913052452546669,0.9287655704551017,29,"[33, 33, 33, 33, 33, 33, 33, 33, 33, 33, 33, 33, 33, 33, 33, 33, 33, 33, 33, 33, 33, 33, 33, 33, 33, 33, 33, 33, 33, 33, 33, 33, 33, 33, 33, 33, 33, 33, 33, 33, 33, 33, 33, 33, 33, 33, 33, 33, 33, 33, 33, 33, 33, 33, 33, 33, 33, 33, 33, 33, 33, 33, 33, 33, 33, 33, 33, 33, 33, 33, 33, 33, 33, 33, 33, 33, 33, 33, 33, 33, 33, 33, 33, 33, 33, 33, 33, 33, 33, 33, 33, 33, 33, 33, 33, 33, 33, 33, 33, 33, 33, 33, 33, 33, 33, 33, 33, 33, 33, 33, 33, 33, 33, 33, 33, 33, 33, 33, 33, 33, 33, 33, 33, 33, 33, 33, 33, 33, 33, 33, 33, 33, 33, 33, 33, 33, 33, 33, 33, 33, 32, 32, 32, 32, 32, 32, 32, 32, 32, 32, 32, 32, 32, 32, 32, 32, 32, 32, 32, 32, 32, 32, 32, 31, 31, 31, 31, 31, 31, 30, 30, 30, 30, 30, 30, 30, 30, 30, 30, 30, 30, 30, 30, 30, 30, 30, 30, 30, 30, 30, 30, 30, 30, 30, 30, 30, 30, 30, 30, 30, 30, 30, 30, 30, 30, 30, 30, 30, 30, 30, 30, 30, 30, 30, 30, 30, 30, 30, 30, 30, 30, 30, 30, 30, 30, 30, 30, 30, 29, 29, 29, 29, 29, 29, 29, 29, 29, 29, 29, 29, 29, 29, 29, 29, 29, 29, 29, 29, 29, 29, 29, 29, 29, 29, 29, 29, 29, 29, 29, 29, 29, 29, 29, 29, 29, 29, 29, 29, 29, 29, 29, 29, 29, 29, 29, 29, 29, 29, 29, 29, 29, 29, 29, 29, 29, 29, 29, 29, 29, 29, 29, 29, 29, 29, 29, 29, 29, 29, 29, 29, 29, 29, 29, 29, 29, 29, 29, 29, 29, 29, 29, 29, 29, 29, 29, 29, 29, 29, 29, 29, 29, 29, 29, 29, 29, 29, 29, 29, 29, 29, 29, 29, 29, 29, 29, 29, 29, 29, 29, 29, 29, 29, 29, 29, 29, 29, 29, 29, 29, 29, 29, 29, 29, 29, 29, 29, 29, 29, 29, 29, 29, 29, 29, 29, 29, 29, 29, 29, 29, 29, 29, 29, 29, 29, 29, 29, 29, 29, 29, 29, 29, 29, 29, 29, 29, 29, 29, 29, 29, 29, 29, 29, 29, 29, 29, 29, 29, 29, 29, 29, 29, 29, 29, 29, 29, 29, 29, 29, 29, 29, 29, 29, 29, 29, 29, 29, 29, 29, 29, 29, 29, 29, 29, 29, 29, 29, 29, 29, 29, 29, 29, 29, 29, 29, 29, 29, 29, 29, 29, 29, 29, 29, 29, 29, 29, 29, 29, 29, 29, 29, 29, 29, 29, 29, 29, 29, 29, 29, 29, 29]",460,"[0.38402533531188965, 0.37523165345191956, 0.3714282512664795, 0.36541548371315, 0.36324527859687805, 0.3622078001499176, 0.35784846544265747, 0.35508477687835693, 0.3507276475429535, 0.34962719678878784, 0.3479810655117035, 0.34507283568382263, 0.3405728042125702, 0.33731845021247864, 0.3351040184497833, 0.32944783568382263, 0.3303121328353882, 0.3237058222293854, 0.3204265832901001, 0.31757527589797974, 0.3155459463596344, 0.3092896640300751, 0.3066886365413666, 0.30248886346817017, 0.2995087206363678, 0.29853302240371704, 0.29434168338775635, 0.29098936915397644, 0.29170364141464233, 0.28525757789611816, 0.2827436029911041, 0.28021299839019775, 0.2769050896167755, 0.2723073959350586, 0.26989078521728516, 0.2688070833683014, 0.2672674059867859, 0.2713133990764618, 0.2644274830818176, 0.26316291093826294, 0.25945767760276794, 0.2600138783454895, 0.25620096921920776, 0.253795862197876, 0.2599073648452759, 0.24961739778518677, 0.2477114051580429, 0.24653734266757965, 0.24497944116592407, 0.24648542702198029, 0.24719315767288208, 0.24269384145736694, 0.24141450226306915, 0.24023176729679108, 0.23931828141212463, 0.23816438019275665, 0.2370661348104477, 0.235310897231102, 0.2351902723312378, 0.2307477593421936, 0.23137611150741577, 0.23021243512630463, 0.23105858266353607, 0.22875656187534332, 0.22751086950302124, 0.22962425649166107, 0.2287234365940094, 0.22473660111427307, 0.22338367998600006, 0.22559157013893127, 0.2272607982158661, 0.22351190447807312, 0.22331610321998596, 0.22030338644981384, 0.2193915992975235, 0.21946607530117035, 0.21935831010341644, 0.21676835417747498, 0.2184666246175766, 0.21906329691410065, 0.2132377177476883, 0.21699857711791992, 0.20968183875083923, 0.2103014886379242, 0.21061211824417114, 0.2103092074394226, 0.21104608476161957, 0.20822642743587494, 0.20565500855445862, 0.20799897611141205, 0.2067164033651352, 0.20521362125873566, 0.20341353118419647, 0.20062485337257385, 0.20061713457107544, 0.20394310355186462, 0.20044399797916412, 0.20042186975479126, 0.1991148740053177, 0.20234918594360352, 0.20285676419734955, 0.19960404932498932, 0.1976841688156128, 0.20010429620742798, 0.19977959990501404, 0.20088785886764526, 0.20316088199615479, 0.19855858385562897, 0.19673176109790802, 0.19725677371025085, 0.1999993771314621, 0.20040537416934967, 0.20241941511631012, 0.19843876361846924, 0.19455356895923615, 0.1957399696111679, 0.193560391664505, 0.194626122713089, 0.1933758407831192, 0.20246939361095428, 0.193494975566864, 0.19178074598312378, 0.1929394006729126, 0.20070572197437286, 0.19441118836402893, 0.19437390565872192, 0.19542787969112396, 0.1967816799879074, 0.20088768005371094, 0.19609248638153076, 0.19067534804344177, 0.19964653253555298, 0.19002299010753632, 0.19453071057796478, 0.19011066854000092, 0.2006789743900299, 0.1904878169298172, 0.18696950376033783, 0.18757867813110352, 0.19296258687973022, 0.19232290983200073, 0.1903953105211258, 0.1968226432800293, 0.1867256611585617, 0.19433046877384186, 0.1873125582933426, 0.19907496869564056, 0.1860639899969101, 0.19253532588481903, 0.19218710064888, 0.18950770795345306, 0.1906999796628952, 0.1847967654466629, 0.18736472725868225, 0.18680612742900848, 0.1857302039861679, 0.19041819870471954, 0.19157633185386658, 0.1845402717590332, 0.18640653789043427, 0.18676194548606873, 0.18854746222496033, 0.18912726640701294, 0.18185368180274963, 0.1868014931678772, 0.1839979887008667, 0.18362610042095184, 0.18324951827526093, 0.1845109611749649, 0.1855049580335617, 0.19368793070316315, 0.182524636387825, 0.1840820163488388, 0.18050512671470642, 0.18560032546520233, 0.1916743516921997, 0.18227611482143402, 0.18044669926166534, 0.18477942049503326, 0.18042127788066864, 0.18301448225975037, 0.1836816966533661, 0.18682964146137238, 0.18475772440433502, 0.17888563871383667, 0.17872337996959686, 0.1821729689836502, 0.1816752403974533, 0.18333977460861206, 0.18352589011192322, 0.18471509218215942, 0.18569594621658325, 0.1832525134086609, 0.19019350409507751, 0.18760894238948822, 0.18678981065750122, 0.1805586814880371, 0.18378248810768127, 0.18298885226249695, 0.18066978454589844, 0.183589369058609, 0.18463650345802307, 0.18234694004058838, 0.17998799681663513, 0.1795443892478943, 0.1911800056695938, 0.17708280682563782, 0.18509773910045624, 0.1778566986322403, 0.18395523726940155, 0.18014879524707794, 0.17705653607845306, 0.17785587906837463, 0.1792738288640976, 0.18662768602371216, 0.17836624383926392, 0.17433635890483856, 0.1759323626756668, 0.18088260293006897, 0.1763421893119812, 0.1810910999774933, 0.1765800416469574, 0.17947985231876373, 0.18585439026355743, 0.18327195942401886, 0.18223625421524048, 0.1823320835828781, 0.17559437453746796, 0.179044708609581, 0.17534556984901428, 0.17920026183128357, 0.1840990036725998, 0.17692768573760986, 0.18440179526805878, 0.17964765429496765, 0.175812765955925, 0.17571519315242767, 0.17716412246227264, 0.17769737541675568, 0.1739148199558258, 0.17538519203662872, 0.17525078356266022, 0.1785600781440735, 0.17859892547130585, 0.18093881011009216, 0.178529754281044, 0.17673465609550476, 0.177128404378891, 0.17514190077781677, 0.1755591779947281, 0.1779601275920868, 0.17506025731563568, 0.17716245353221893, 0.17840072512626648, 0.1773899495601654, 0.19289535284042358, 0.18054507672786713, 0.18022175133228302, 0.18015573918819427, 0.18018366396427155, 0.18042898178100586, 0.1803341656923294, 0.17854668200016022, 0.17567452788352966, 0.17600801587104797, 0.1763930767774582, 0.17784172296524048, 0.17949408292770386, 0.175757497549057, 0.17534488439559937, 0.1743844449520111, 0.17693310976028442, 0.17747348546981812, 0.1745067536830902, 0.17995959520339966, 0.17707161605358124, 0.17993754148483276, 0.18648120760917664, 0.18057072162628174, 0.18575868010520935, 0.18763460218906403, 0.1772102564573288, 0.1781928390264511, 0.188648521900177, 0.17995502054691315, 0.1811295449733734, 0.17476168274879456, 0.17350730299949646, 0.17186090350151062, 0.17982059717178345, 0.17880119383335114, 0.18142597377300262, 0.17401248216629028, 0.17641675472259521, 0.17880751192569733, 0.17845915257930756, 0.18964649736881256, 0.17913489043712616, 0.17708609998226166, 0.17636065185070038, 0.17773814499378204, 0.17693786323070526, 0.17597393691539764, 0.17313970625400543, 0.16972042620182037, 0.17585495114326477, 0.17772097885608673, 0.17875009775161743, 0.17707915604114532, 0.17375507950782776, 0.1735793948173523, 0.18408818542957306, 0.18058040738105774, 0.17679275572299957, 0.18001139163970947, 0.18201003968715668, 0.17672447860240936, 0.18367767333984375, 0.1810329258441925, 0.18381744623184204, 0.1781885027885437, 0.18080416321754456, 0.18303242325782776, 0.1735852062702179, 0.17688773572444916, 0.17977991700172424, 0.1837785691022873, 0.1850900501012802, 0.1774490475654602, 0.1826660931110382, 0.1801714301109314, 0.18539761006832123, 0.1776222288608551, 0.18158996105194092, 0.1812114268541336, 0.17969587445259094, 0.17482797801494598, 0.18242284655570984, 0.17657972872257233, 0.17912209033966064, 0.17794300615787506, 0.18001145124435425, 0.18902674317359924, 0.17831112444400787, 0.18100228905677795, 0.17691022157669067, 0.17536039650440216, 0.17491427063941956, 0.18071989715099335, 0.1847069412469864, 0.1813219040632248, 0.17682093381881714, 0.17900657653808594, 0.17515340447425842, 0.17531388998031616, 0.17325007915496826, 0.17794986069202423, 0.1804679036140442, 0.18268531560897827, 0.18421787023544312, 0.17990346252918243, 0.18237537145614624, 0.18177799880504608, 0.1804487556219101, 0.1828881800174713, 0.18093065917491913, 0.18118612468242645, 0.17926889657974243, 0.1806621104478836, 0.18275326490402222, 0.17981544137001038, 0.18288838863372803, 0.18178115785121918, 0.18117114901542664, 0.18555936217308044, 0.1815710812807083, 0.1859893649816513, 0.18067491054534912, 0.1799047887325287, 0.17774134874343872, 0.17874965071678162, 0.18423646688461304, 0.17986725270748138, 0.19092421233654022, 0.1912478655576706, 0.18418225646018982, 0.18970035016536713, 0.19606050848960876, 0.18291133642196655, 0.18097075819969177, 0.18211646378040314, 0.18258307874202728, 0.18702372908592224, 0.1833791881799698, 0.18264679610729218, 0.18479520082473755, 0.17852196097373962, 0.1826752871274948, 0.1796778291463852, 0.18900233507156372, 0.1876436024904251, 0.18354493379592896, 0.18929710984230042, 0.18759436905384064, 0.1840987354516983, 0.1894720047712326, 0.1850588172674179, 0.18371883034706116, 0.18829675018787384, 0.18661566078662872, 0.1932631880044937, 0.18255402147769928, 0.18206673860549927, 0.1878093183040619, 0.1849672943353653, 0.1866900473833084, 0.185910955071449