,number,value,datetime_start,datetime_complete,duration,params_batch_size_scaler,params_constant_learning_rate,params_depth,params_epochs,params_kernel_l2,params_num_trees,params_temperature,user_attrs_accuracy_test,user_attrs_accuracy_valid,user_attrs_approximate_feature_sparsity,user_attrs_approximate_feature_sparsity_history,user_attrs_approximate_weight_sparsity,user_attrs_approximate_weight_sparsity_history,user_attrs_auc_test,user_attrs_auc_valid,user_attrs_feature_sparsity,user_attrs_feature_sparsity_history,user_attrs_num_epochs,user_attrs_val_loss_history,user_attrs_weight_sparsity,user_attrs_weight_sparsity_history,state
96,96,0.7827929564220478,2024-08-31 04:41:30.811255,2024-08-31 04:43:28.633128,0 days 00:01:57.821873,16,0.024423618705049367,4,440,0.0011832940110612649,74,0.004221046372290984,0.878,0.8725,33,"[33, 33, 33, 33, 33, 33, 33, 33, 33, 33, 33, 33, 33, 33, 33, 33, 33, 33, 33, 33, 33, 33, 33, 33, 33, 33, 33, 33, 33, 33, 33, 33, 33, 33, 33, 33, 33, 33, 33, 33, 33, 33, 33, 33, 33, 33, 33, 33, 33, 33, 33, 33, 33, 33, 33, 33, 33, 33, 33, 33, 33, 33, 33, 33, 33, 33, 33, 33, 33, 33, 33, 33, 33, 33, 33, 33, 33, 33, 33, 33, 33, 33, 33, 33, 33, 33, 33, 33, 33, 33, 33, 33, 33, 33, 33, 33, 33, 33, 33, 33, 33, 33, 33, 33, 33, 33, 33, 33, 33, 33, 33, 33, 33, 33, 33, 33, 33, 33, 33, 33, 33, 33, 33, 33, 33, 33, 33, 33, 33, 33, 33, 33, 33, 33, 33, 33, 33, 33, 33, 33, 33, 33, 33, 33, 33, 33, 33, 33, 33, 33, 33, 33, 33, 33, 33, 33, 33, 33, 33, 33, 33, 33, 33, 33, 33, 33, 33, 33, 33, 33, 33, 33, 33, 33, 33, 33, 33, 33, 33, 33, 33, 33, 33, 33, 33, 33, 33, 33, 33, 33, 33, 33, 33, 33, 33, 33, 33, 33, 33, 33, 33, 33, 33, 33, 33, 33, 33, 33, 33, 33, 33, 33, 33, 33, 33, 33, 33, 33, 33, 33, 33, 33, 33, 33, 33, 33, 33, 33, 33, 33, 33, 33, 33, 33, 33, 33, 33, 33, 33, 33, 33, 33, 33, 33, 33, 33, 33, 33, 33, 33, 33, 33, 33, 33, 33, 33, 33, 33, 33, 33, 33, 33, 33, 33, 33, 33, 33, 33, 33, 33, 33, 33, 33, 33, 33, 33, 33, 33, 33, 33, 33, 33, 33, 33, 33, 33, 33, 33, 33, 33, 33, 33, 33, 33, 33, 33, 33, 33, 33, 33, 33, 33, 33, 33, 33, 33, 33, 33, 33, 33, 33, 33, 33, 33, 33, 33, 33, 33, 33, 33, 33, 33, 33, 33, 33, 33, 33, 33, 33, 33, 33, 33, 33, 33, 33, 33, 33, 33, 33, 33, 33, 33, 33, 33, 33, 33, 33, 33, 33, 33, 33, 33, 33, 33, 33, 33, 33, 33, 33, 33, 33, 33, 33, 33, 33, 33, 33, 33, 33, 33, 33, 33, 33, 33, 33, 33, 33, 33, 33, 33, 33, 33, 33, 33, 33, 33, 33, 33, 33, 33, 33, 33, 33, 33, 33, 33, 33, 33, 33, 33, 33, 33, 33, 33, 33, 33, 33, 33, 33, 33, 33, 33, 33, 33, 33, 33, 33, 33, 33, 33, 33, 33, 33, 33, 33, 33, 33, 33, 33, 33, 33, 33, 33, 33, 33, 33, 33, 33, 33, 33]",32.95495495495496,"[32.946846846846846, 32.957657657657656, 32.960360360360355, 32.956756756756754, 32.94414414414414, 32.94774774774775, 32.94504504504504, 32.94234234234234, 32.94234234234234, 32.94054054054054, 32.94774774774775, 32.94414414414415, 32.94774774774775, 32.94504504504504, 32.943243243243245, 32.94774774774775, 32.94234234234234, 32.94504504504504, 32.945945945945944, 32.946846846846846, 32.94504504504505, 32.94414414414415, 32.94864864864865, 32.94774774774775, 32.95135135135135, 32.95225225225225, 32.95315315315315, 32.95495495495496, 32.94864864864865, 32.94774774774775, 32.946846846846846, 32.93963963963964, 32.943243243243245, 32.94054054054054, 32.94144144144144, 32.94234234234234, 32.94054054054054, 32.943243243243245, 32.94144144144144, 32.94144144144144, 32.94774774774775, 32.945945945945944, 32.94774774774775, 32.954054054054055, 32.95225225225225, 32.95855855855856, 32.95585585585585, 32.95855855855856, 32.956756756756754, 32.961261261261264, 32.96126126126126, 32.956756756756754, 32.95225225225225, 32.94774774774775, 32.95045045045045, 32.954054054054055, 32.95315315315315, 32.95225225225225, 32.95495495495496, 32.956756756756754, 32.957657657657656, 32.957657657657656, 32.95585585585585, 32.95315315315315, 32.94774774774775, 32.95225225225225, 32.954054054054055, 32.95585585585586, 32.954054054054055, 32.95315315315315, 32.95315315315315, 32.95585585585585, 32.956756756756754, 32.95315315315315, 32.95315315315315, 32.95945945945946, 32.957657657657656, 32.95765765765766, 32.95585585585586, 32.95585585585586, 32.95225225225225, 32.94504504504505, 32.943243243243245, 32.94234234234234, 32.94144144144144, 32.93693693693694, 32.935135135135134, 32.94234234234234, 32.94144144144144, 32.94414414414415, 32.946846846846846, 32.95135135135135, 32.95135135135135, 32.95135135135135, 32.94954954954955, 32.946846846846846, 32.94954954954955, 32.94864864864865, 32.950450450450454, 32.95135135135135, 32.94954954954955, 32.95315315315315, 32.95585585585586, 32.950450450450454, 32.94774774774775, 32.945945945945944, 32.94774774774775, 32.94414414414415, 32.946846846846846, 32.943243243243245, 32.94144144144144, 32.94234234234234, 32.94774774774775, 32.94954954954955, 32.94414414414415, 32.94594594594595, 32.94864864864865, 32.946846846846846, 32.94774774774775, 32.946846846846846, 32.946846846846846, 32.94054054054054, 32.93783783783783, 32.93873873873874, 32.939639639639644, 32.939639639639644, 32.93963963963964, 32.93963963963964, 32.94054054054054, 32.94144144144144, 32.95045045045045, 32.94864864864865, 32.95315315315315, 32.95045045045045, 32.94954954954955, 32.950450450450454, 32.95135135135135, 32.95225225225225, 32.95585585585586, 32.950450450450454, 32.950450450450454, 32.95495495495496, 32.95225225225225, 32.95495495495495, 32.95495495495496, 32.95495495495495, 32.95495495495495, 32.95315315315315, 32.95045045045045, 32.949549549549545, 32.950450450450454, 32.951351351351356, 32.95315315315316, 32.954054054054055, 32.95585585585585, 32.954054054054055, 32.95135135135135, 32.95315315315315, 32.95315315315315, 32.95945945945946, 32.957657657657656, 32.956756756756754, 32.95675675675676, 32.95855855855856, 32.95675675675676, 32.95855855855856, 32.960360360360355, 32.956756756756754, 32.95855855855856, 32.95135135135135, 32.95315315315315, 32.95135135135135, 32.95675675675676, 32.95855855855856, 32.96126126126126, 32.95585585585586, 32.95945945945946, 32.96126126126126, 32.95855855855856, 32.95855855855856, 32.961261261261264, 32.96126126126126, 32.96216216216216, 32.96396396396396, 32.96216216216216, 32.96216216216216, 32.96396396396396, 32.96306306306306, 32.96666666666667, 32.96036036036036, 32.95945945945946, 32.95585585585586, 32.95855855855856, 32.95675675675676, 32.95315315315315, 32.95495495495496, 32.95495495495496, 32.954054054054055, 32.95495495495496, 32.956756756756754, 32.95765765765766, 32.95585585585586, 32.954054054054055, 32.94864864864865, 32.94774774774775, 32.94774774774775, 32.94864864864865, 32.94954954954955, 32.95045045045045, 32.94864864864865, 32.95225225225225, 32.95135135135135, 32.94864864864865, 32.94414414414415, 32.943243243243245, 32.94504504504505, 32.94414414414415, 32.94864864864865, 32.95135135135135, 32.94864864864865, 32.95315315315315, 32.954054054054055, 32.95585585585586, 32.95495495495496, 32.95315315315315, 32.95675675675676, 32.954054054054055, 32.956756756756754, 32.95855855855856, 32.95585585585586, 32.95135135135135, 32.95225225225225, 32.949549549549545, 32.95135135135135, 32.95315315315315, 32.95315315315315, 32.94864864864865, 32.94864864864865, 32.94774774774775, 32.945945945945944, 32.94504504504505, 32.946846846846846, 32.94864864864865, 32.94954954954955, 32.95495495495495, 32.95225225225225, 32.95225225225225, 32.95495495495496, 32.95585585585586, 32.95585585585585, 32.95315315315315, 32.95225225225225, 32.950450450450454, 32.95135135135135, 32.954054054054055, 32.95945945945946, 32.95945945945946, 32.956756756756754, 32.95945945945946, 32.957657657657656, 32.95855855855856, 32.96216216216216, 32.96306306306306, 32.96216216216216, 32.96216216216216, 32.96036036036036, 32.95945945945946, 32.96216216216216, 32.96126126126126, 32.96306306306306, 32.96396396396396, 32.96396396396396, 32.960360360360355, 32.956756756756754, 32.96126126126126, 32.957657657657656, 32.956756756756754, 32.95855855855856, 32.95855855855856, 32.954054054054055, 32.95135135135135, 32.949549549549545, 32.94774774774775, 32.949549549549545, 32.954054054054055, 32.95855855855856, 32.957657657657656, 32.957657657657656, 32.956756756756754, 32.954054054054055, 32.95495495495495, 32.95585585585585, 32.957657657657656, 32.954054054054055, 32.957657657657656, 32.954054054054055, 32.954054054054055, 32.95225225225225, 32.95315315315315, 32.95315315315315, 32.954054054054055, 32.95495495495496, 32.954054054054055, 32.95495495495496, 32.956756756756754, 32.956756756756754, 32.95945945945946, 32.95945945945946, 32.961261261261264, 32.96216216216216, 32.95945945945946, 32.96036036036036, 32.96036036036036, 32.96396396396396, 32.96036036036036, 32.961261261261264, 32.95945945945946, 32.96036036036036, 32.96216216216216, 32.96216216216216, 32.96666666666667, 32.96846846846847, 32.96396396396396, 32.96396396396396, 32.96756756756757, 32.96666666666667, 32.96666666666667, 32.964864864864865, 32.964864864864865, 32.96576576576577, 32.96396396396396, 32.964864864864865, 32.96396396396396, 32.96576576576577, 32.96666666666667, 32.96936936936937, 32.96756756756757, 32.96576576576577, 32.96216216216216, 32.96306306306306, 32.961261261261264, 32.96216216216216, 32.96036036036036, 32.96216216216216, 32.96576576576577, 32.96666666666667, 32.96666666666667, 32.96666666666667, 32.96666666666667, 32.96936936936937, 32.96756756756757, 32.96666666666667, 32.964864864864865, 32.96396396396396, 32.96216216216216, 32.96306306306306, 32.968468468468465, 32.96936936936937, 32.968468468468465, 32.964864864864865, 32.964864864864865, 32.964864864864865, 32.96756756756756, 32.96936936936937, 32.96756756756756, 32.96666666666666, 32.968468468468465, 32.968468468468465, 32.96576576576576, 32.964864864864865, 32.96666666666667, 32.964864864864865, 32.96396396396396, 32.964864864864865, 32.964864864864865, 32.96666666666666, 32.964864864864865, 32.964864864864865, 32.95945945945946, 32.96306306306306, 32.96306306306306, 32.96306306306306, 32.96126126126126, 32.96306306306306, 32.961261261261264, 32.962162162162166, 32.961261261261264, 32.95945945945946, 32.957657657657656, 32.962162162162166, 32.96216216216216, 32.96306306306306, 32.96396396396396, 32.964864864864865, 32.964864864864865, 32.96666666666667, 32.96576576576577, 32.96576576576577, 32.964864864864865, 32.96666666666667, 32.96846846846847, 32.969369369369375, 32.96846846846847, 32.968468468468465, 32.96576576576577, 32.96846846846847, 32.96666666666667, 32.964864864864865, 32.96396396396396, 32.96036036036036, 32.96396396396396, 32.96576576576577, 32.964864864864865, 32.96306306306306, 32.964864864864865, 32.96666666666667, 32.96846846846847, 32.96846846846847, 32.96666666666667, 32.96396396396396, 32.96306306306306, 32.96036036036036, 32.96306306306306, 32.95945945945946, 32.96036036036036, 32.96036036036036, 32.96216216216216, 32.961261261261264, 32.961261261261264, 32.95765765765766, 32.95585585585586, 32.95855855855856, 32.961261261261264, 32.95945945945946, 32.961261261261264, 32.961261261261264, 32.95675675675676, 32.96036036036036, 32.95585585585586, 32.95495495495496]",0.8102609830001899,0.7827929564220478,33,"[33, 33, 33, 33, 33, 33, 33, 33, 33, 33, 33, 33, 33, 33, 33, 33, 33, 33, 33, 33, 33, 33, 33, 33, 33, 33, 33, 33, 33, 33, 33, 33, 33, 33, 33, 33, 33, 33, 33, 33, 33, 33, 33, 33, 33, 33, 33, 33, 33, 33, 33, 33, 33, 33, 33, 33, 33, 33, 33, 33, 33, 33, 33, 33, 33, 33, 33, 33, 33, 33, 33, 33, 33, 33, 33, 33, 33, 33, 33, 33, 33, 33, 33, 33, 33, 33, 33, 33, 33, 33, 33, 33, 33, 33, 33, 33, 33, 33, 33, 33, 33, 33, 33, 33, 33, 33, 33, 33, 33, 33, 33, 33, 33, 33, 33, 33, 33, 33, 33, 33, 33, 33, 33, 33, 33, 33, 33, 33, 33, 33, 33, 33, 33, 33, 33, 33, 33, 33, 33, 33, 33, 33, 33, 33, 33, 33, 33, 33, 33, 33, 33, 33, 33, 33, 33, 33, 33, 33, 33, 33, 33, 33, 33, 33, 33, 33, 33, 33, 33, 33, 33, 33, 33, 33, 33, 33, 33, 33, 33, 33, 33, 33, 33, 33, 33, 33, 33, 33, 33, 33, 33, 33, 33, 33, 33, 33, 33, 33, 33, 33, 33, 33, 33, 33, 33, 33, 33, 33, 33, 33, 33, 33, 33, 33, 33, 33, 33, 33, 33, 33, 33, 33, 33, 33, 33, 33, 33, 33, 33, 33, 33, 33, 33, 33, 33, 33, 33, 33, 33, 33, 33, 33, 33, 33, 33, 33, 33, 33, 33, 33, 33, 33, 33, 33, 33, 33, 33, 33, 33, 33, 33, 33, 33, 33, 33, 33, 33, 33, 33, 33, 33, 33, 33, 33, 33, 33, 33, 33, 33, 33, 33, 33, 33, 33, 33, 33, 33, 33, 33, 33, 33, 33, 33, 33, 33, 33, 33, 33, 33, 33, 33, 33, 33, 33, 33, 33, 33, 33, 33, 33, 33, 33, 33, 33, 33, 33, 33, 33, 33, 33, 33, 33, 33, 33, 33, 33, 33, 33, 33, 33, 33, 33, 33, 33, 33, 33, 33, 33, 33, 33, 33, 33, 33, 33, 33, 33, 33, 33, 33, 33, 33, 33, 33, 33, 33, 33, 33, 33, 33, 33, 33, 33, 33, 33, 33, 33, 33, 33, 33, 33, 33, 33, 33, 33, 33, 33, 33, 33, 33, 33, 33, 33, 33, 33, 33, 33, 33, 33, 33, 33, 33, 33, 33, 33, 33, 33, 33, 33, 33, 33, 33, 33, 33, 33, 33, 33, 33, 33, 33, 33, 33, 33, 33, 33, 33, 33, 33, 33, 33, 33, 33, 33, 33, 33, 33, 33, 33, 33, 33, 33, 33, 33, 33, 33, 33, 33, 33, 33, 33, 33]",440,"[0.4680742025375366, 0.425751656293869, 0.41145947575569153, 0.40569305419921875, 0.4026416540145874, 0.40081852674484253, 0.3994230031967163, 0.3982364535331726, 0.3971746563911438, 0.3961730897426605, 0.395263135433197, 0.3943665325641632, 0.3935176432132721, 0.392726868391037, 0.3919318914413452, 0.3911937475204468, 0.39041802287101746, 0.38969048857688904, 0.3889838755130768, 0.3883151710033417, 0.38768070936203003, 0.38705119490623474, 0.38642990589141846, 0.38584667444229126, 0.38527777791023254, 0.38472065329551697, 0.3841789960861206, 0.3836444914340973, 0.3831202983856201, 0.3826197385787964, 0.38214051723480225, 0.38168445229530334, 0.3812379539012909, 0.38079550862312317, 0.38037222623825073, 0.37996944785118103, 0.37957778573036194, 0.3791990578174591, 0.3787894546985626, 0.3784145712852478, 0.3780575692653656, 0.37770530581474304, 0.37737151980400085, 0.37705957889556885, 0.3766980469226837, 0.37639063596725464, 0.3760615587234497, 0.3757625222206116, 0.375473290681839, 0.3751968741416931, 0.37489399313926697, 0.37463197112083435, 0.37436211109161377, 0.3741075098514557, 0.3738066852092743, 0.37353697419166565, 0.3732845187187195, 0.3730323910713196, 0.37279778718948364, 0.3725641667842865, 0.37232330441474915, 0.3721008002758026, 0.37190890312194824, 0.37169718742370605, 0.3714945316314697, 0.3712712526321411, 0.37107357382774353, 0.37087565660476685, 0.37066176533699036, 0.3704983592033386, 0.37029969692230225, 0.37015917897224426, 0.36994171142578125, 0.3697526156902313, 0.3695688247680664, 0.36936673521995544, 0.3691943883895874, 0.3690204620361328, 0.36884835362434387, 0.36867663264274597, 0.36850646138191223, 0.368333637714386, 0.3681929409503937, 0.3680274486541748, 0.3678557276725769, 0.36770570278167725, 0.36756977438926697, 0.36738336086273193, 0.3672519028186798, 0.36711281538009644, 0.36694231629371643, 0.36677536368370056, 0.3666459619998932, 0.3664977550506592, 0.3663248121738434, 0.3661787807941437, 0.3660348653793335, 0.36593177914619446, 0.3657968044281006, 0.3656482398509979, 0.3654916286468506, 0.36535826325416565, 0.36521151661872864, 0.365088552236557, 0.36499595642089844, 0.3648339509963989, 0.3646717071533203, 0.3645222783088684, 0.3643907308578491, 0.3642846643924713, 0.36414870619773865, 0.3640068471431732, 0.3638738989830017, 0.36376485228538513, 0.3636784851551056, 0.3635464608669281, 0.36338645219802856, 0.3632538318634033, 0.3631839454174042, 0.3630593419075012, 0.3629126250743866, 0.3627886474132538, 0.3626534640789032, 0.36252060532569885, 0.36238330602645874, 0.3622627258300781, 0.36218738555908203, 0.3620802164077759, 0.3620043992996216, 0.3618544340133667, 0.36172619462013245, 0.36160704493522644, 0.361469030380249, 0.36139437556266785, 0.3612557649612427, 0.36116424202919006, 0.3610559403896332, 0.36091819405555725, 0.3608154356479645, 0.3607252538204193, 0.3606298565864563, 0.3605059087276459, 0.3603416681289673, 0.36020347476005554, 0.3600733280181885, 0.35997286438941956, 0.359872967004776, 0.35976114869117737, 0.35965609550476074, 0.3595898449420929, 0.35948821902275085, 0.35936543345451355, 0.35923877358436584, 0.35913121700286865, 0.359045147895813, 0.35896557569503784, 0.35885146260261536, 0.358744353055954, 0.35863810777664185, 0.3585622012615204, 0.35840094089508057, 0.35824692249298096, 0.35814234614372253, 0.35802143812179565, 0.3579195737838745, 0.3578370213508606, 0.35772883892059326, 0.357605516910553, 0.3574892282485962, 0.3573721647262573, 0.357272744178772, 0.3571512997150421, 0.3570191562175751, 0.3569394052028656, 0.35683074593544006, 0.35674840211868286, 0.356627881526947, 0.35649651288986206, 0.3563893139362335, 0.356282114982605, 0.35613954067230225, 0.35607588291168213, 0.35595688223838806, 0.3558140695095062, 0.3557218909263611, 0.35559505224227905, 0.3555035889148712, 0.35539618134498596, 0.35530009865760803, 0.3551790714263916, 0.3550797700881958, 0.3549603223800659, 0.35482165217399597, 0.3547360301017761, 0.35463854670524597, 0.3545178174972534, 0.3543950915336609, 0.35431206226348877, 0.35421672463417053, 0.35409510135650635, 0.3539830446243286, 0.35387641191482544, 0.353755921125412, 0.3536432981491089, 0.3535518944263458, 0.3534835875034332, 0.3534029722213745, 0.3532809019088745, 0.3531716465950012, 0.353058397769928, 0.35298141837120056, 0.3528858423233032, 0.3528498113155365, 0.3527461588382721, 0.3526758849620819, 0.3525789976119995, 0.35244736075401306, 0.35232049226760864, 0.3522004187107086, 0.3520415127277374, 0.35187962651252747, 0.3517773747444153, 0.3516327142715454, 0.35153883695602417, 0.35142433643341064, 0.3513432443141937, 0.3512507677078247, 0.3511769473552704, 0.3510919213294983, 0.3509935140609741, 0.3509047329425812, 0.3507719039916992, 0.3506675958633423, 0.3505719304084778, 0.3504830300807953, 0.35035815834999084, 0.3502595126628876, 0.35016509890556335, 0.35010460019111633, 0.3500075042247772, 0.34989264607429504, 0.3497881293296814, 0.3496597707271576, 0.34956347942352295, 0.3494645655155182, 0.34933197498321533, 0.3492431342601776, 0.3491150140762329, 0.3490302264690399, 0.34893208742141724, 0.3488071858882904, 0.34871023893356323, 0.34863388538360596, 0.34851983189582825, 0.3484014570713043, 0.34830620884895325, 0.3481927812099457, 0.3481060862541199, 0.34799039363861084, 0.3478851616382599, 0.34783512353897095, 0.34773582220077515, 0.34761956334114075, 0.3475039303302765, 0.347392737865448, 0.3472784459590912, 0.3472386598587036, 0.3471359312534332, 0.3469944894313812, 0.3468839228153229, 0.34678173065185547, 0.34663352370262146, 0.3465569019317627, 0.34643810987472534, 0.34630995988845825, 0.34620678424835205, 0.3461080491542816, 0.3460177183151245, 0.345950722694397, 0.3458290100097656, 0.3457125723361969, 0.3456166982650757, 0.3454854488372803, 0.34538784623146057, 0.3453264534473419, 0.3452344536781311, 0.34511786699295044, 0.34501728415489197, 0.3449210226535797, 0.3447742164134979, 0.3446981906890869, 0.34457162022590637, 0.3445099890232086, 0.34436991810798645, 0.3442414104938507, 0.3441305458545685, 0.34405016899108887, 0.34397682547569275, 0.3438768684864044, 0.3437711000442505, 0.3436731696128845, 0.3435976505279541, 0.3435406982898712, 0.34341809153556824, 0.34330084919929504, 0.3432351052761078, 0.3431437015533447, 0.3430542051792145, 0.34294673800468445, 0.34283000230789185, 0.34276172518730164, 0.3426414430141449, 0.34252238273620605, 0.34241145849227905, 0.3422795832157135, 0.34220245480537415, 0.34212416410446167, 0.3420215845108032, 0.3419260084629059, 0.3418360650539398, 0.3417649567127228, 0.34163612127304077, 0.3415582776069641, 0.34145668148994446, 0.3413776755332947, 0.3413104712963104, 0.3412148356437683, 0.3411063849925995, 0.34100601077079773, 0.3409028649330139, 0.34081119298934937, 0.34073054790496826, 0.3406326174736023, 0.340535432100296, 0.34041011333465576, 0.34031379222869873, 0.3402394950389862, 0.34014222025871277, 0.3400295674800873, 0.33992695808410645, 0.3398393988609314, 0.33973896503448486, 0.3396470546722412, 0.33954864740371704, 0.3394572138786316, 0.3393414616584778, 0.33924105763435364, 0.33916175365448, 0.3390531837940216, 0.3389033377170563, 0.33881667256355286, 0.3387210965156555, 0.33859989047050476, 0.3385199308395386, 0.3384285867214203, 0.33834442496299744, 0.33825674653053284, 0.338120698928833, 0.3380526006221771, 0.3379603922367096, 0.33786895871162415, 0.33776408433914185, 0.33765891194343567, 0.33757492899894714, 0.33749255537986755, 0.3374266028404236, 0.33733227849006653, 0.3372249901294708, 0.33712881803512573, 0.33700352907180786, 0.33689773082733154, 0.3367937505245209, 0.3367197811603546, 0.3366243839263916, 0.3365171551704407, 0.33642369508743286, 0.3363170623779297, 0.3362124562263489, 0.33612099289894104, 0.33600232005119324, 0.33593615889549255, 0.3358248770236969, 0.33570727705955505, 0.3356299102306366, 0.33552560210227966, 0.3354468047618866, 0.3353639543056488, 0.33526936173439026, 0.335193932056427, 0.33509117364883423, 0.3349781036376953, 0.33491581678390503, 0.3348500728607178, 0.3348113000392914, 0.33471930027008057, 0.3346027135848999, 0.3344835638999939, 0.33437249064445496, 0.33425384759902954, 0.33412712812423706, 0.3339987099170685, 0.33392414450645447, 0.33384716510772705, 0.3337755501270294, 0.3336682915687561, 0.33354857563972473, 0.3334830403327942, 0.33339178562164307, 0.33329471945762634, 0.3331488072872162, 0.3330514132976532, 0.3329504430294037, 0.3328598439693451, 0.33277902007102966, 0.33266308903694153, 0.3325859308242798, 0.3324603736400604, 0.33239489793777466, 0.3323209285736084, 0.33219748735427856, 0.33208876848220825, 0.3319941759109497, 0.3318905234336853, 0.3317979872226715, 0.33170950412750244, 0.3315800130367279, 0.33148425817489624, 0.33140724897384644, 0.33130472898483276, 0.331196665763855, 0.3310835361480713, 0.33097413182258606, 0.330867201089859, 0.3307812511920929, 0.3307143449783325, 0.330595999956131, 0.33049532771110535, 0.3304075598716736, 0.3303039073944092, 0.3302139937877655]",33.0,"[33.0, 33.0, 33.0, 33.0, 33.0, 33.0, 33.0, 33.0, 33.0, 33.0, 33.0, 33.0, 33.0, 33.0, 33.0, 33.0, 33.0, 33.0, 33.0, 33.0, 3