,number,value,datetime_start,datetime_complete,duration,params_batch_size_scaler,params_constant_learning_rate,params_depth,params_epochs,params_kernel_l2,params_num_trees,params_temperature,user_attrs_accuracy_test,user_attrs_accuracy_valid,user_attrs_approximate_feature_sparsity,user_attrs_approximate_feature_sparsity_history,user_attrs_approximate_weight_sparsity,user_attrs_approximate_weight_sparsity_history,user_attrs_auc_test,user_attrs_auc_valid,user_attrs_feature_sparsity,user_attrs_feature_sparsity_history,user_attrs_num_epochs,user_attrs_val_loss_history,user_attrs_weight_sparsity,user_attrs_weight_sparsity_history,state
88,88,0.9580064664889026,2024-08-31 04:20:08.141848,2024-08-31 04:21:58.615381,0 days 00:01:50.473533,4,0.34784538732182874,3,405,0.054169557917389435,80,0.001711138725745406,0.967,0.96875,20,"[33, 33, 33, 33, 33, 33, 33, 33, 33, 33, 33, 33, 33, 33, 33, 33, 32, 30, 26, 26, 23, 23, 23, 23, 21, 21, 21, 21, 21, 21, 21, 21, 21, 21, 21, 21, 21, 21, 21, 21, 21, 21, 21, 21, 21, 21, 21, 21, 21, 21, 21, 21, 21, 21, 21, 21, 21, 21, 21, 21, 21, 21, 21, 21, 21, 21, 21, 21, 21, 21, 21, 21, 21, 21, 20, 20, 20, 20, 20, 20, 20, 20, 20, 20, 20, 20, 20, 20, 20, 20, 20, 20, 20, 20, 20, 20, 20, 20, 20, 20, 20, 20, 20, 20, 20, 20, 20, 20, 20, 20, 20, 20, 20, 20, 20, 20, 20, 20, 20, 20, 20, 20, 20, 20, 20, 20, 20, 20, 20, 20, 20, 20, 20, 20, 20, 20, 20, 20, 20, 20, 20, 20, 20, 20, 20, 20, 20, 20, 20, 20, 20, 20, 20, 20, 20, 20, 20, 20, 20, 20, 20, 20, 20, 20, 20, 20, 20, 20, 20, 20, 20, 20, 20, 20, 20, 20, 20, 20, 20, 20, 20, 20, 20, 20, 20, 20, 20, 20, 20, 20, 20, 20, 20, 20, 20, 20, 20, 20, 20, 20, 20, 20, 20, 20, 20, 20, 20, 20, 20, 20, 20, 20, 20, 20, 20, 20, 20, 20, 20, 20, 20, 20, 20, 20, 20, 20, 20, 20, 20, 20, 20, 20, 20, 20, 20, 20, 20, 20, 20, 20, 20, 20, 20, 20, 20, 20, 20, 20, 20, 20, 20, 20, 20, 20, 20, 20, 20, 20, 20, 20, 20, 20, 20, 20, 20, 20, 20, 20, 20, 20, 20, 20, 20, 20, 20, 20, 20, 20, 20, 20, 20, 20, 20, 20, 20, 20, 20, 20, 20, 20, 20, 20, 20, 20, 20, 20, 20, 20, 20, 20, 20, 20, 20, 20, 20, 20, 20, 20, 20, 20, 20, 20, 20, 20, 20, 20, 20, 20, 20, 20, 20, 20, 20, 20, 20, 20, 20, 20, 20, 20, 20, 20, 20, 20, 20, 20, 20, 20, 20, 20, 20, 20, 20, 20, 20, 20, 20, 20, 20, 20, 20, 20, 20, 20, 20, 20, 20, 20, 20, 20, 20, 20, 20, 20, 20, 20, 20, 20, 20, 20, 20, 20, 20, 20, 20, 20, 20, 20, 20, 20, 20, 20, 20, 20, 20, 20, 20, 20, 20, 20, 20, 20, 20, 20, 20, 20, 20, 20, 20, 20, 20, 20, 20, 20, 20]",19.9625,"[32.964285714285715, 32.97857142857143, 32.96964285714286, 32.973214285714285, 32.96785714285714, 32.966071428571425, 32.957142857142856, 32.97678571428571, 32.96964285714286, 32.971428571428575, 32.97678571428571, 32.97857142857143, 32.96785714285714, 32.966071428571425, 32.95357142857143, 32.980357142857144, 31.976785714285715, 29.980357142857144, 25.982142857142858, 25.97857142857143, 22.978571428571428, 22.978571428571428, 22.976785714285715, 22.980357142857144, 20.985714285714288, 20.975, 20.978571428571428, 20.983928571428574, 20.980357142857144, 20.97142857142857, 20.978571428571428, 20.975, 20.975, 20.976785714285715, 20.98392857142857, 20.980357142857144, 20.976785714285715, 20.96607142857143, 20.97142857142857, 20.975, 20.983928571428574, 20.97321428571429, 20.976785714285715, 20.985714285714288, 20.973214285714285, 20.98392857142857, 20.978571428571428, 20.98392857142857, 20.97142857142857, 20.9875, 20.982142857142858, 20.976785714285715, 20.985714285714288, 20.985714285714288, 20.978571428571428, 20.980357142857144, 20.982142857142858, 20.978571428571428, 20.975, 20.978571428571428, 20.975000000000005, 20.978571428571428, 20.978571428571428, 20.985714285714288, 20.982142857142858, 20.975, 20.98392857142857, 20.96964285714286, 20.96607142857143, 20.989285714285714, 20.982142857142858, 20.976785714285718, 20.982142857142858, 20.982142857142858, 19.98392857142857, 19.974999999999998, 19.982142857142858, 19.983928571428574, 19.985714285714288, 19.982142857142858, 19.992857142857144, 19.97857142857143, 19.983928571428574, 19.982142857142858, 19.985714285714288, 19.98392857142857, 19.980357142857144, 19.978571428571428, 19.97142857142857, 19.980357142857144, 19.980357142857144, 19.980357142857144, 19.98392857142857, 19.980357142857144, 19.982142857142858, 19.982142857142858, 19.97857142857143, 19.975, 19.989285714285714, 19.97857142857143, 19.985714285714288, 19.980357142857144, 19.9875, 19.97142857142857, 19.985714285714288, 19.97857142857143, 19.975, 19.975, 19.980357142857144, 19.976785714285715, 19.96785714285714, 19.975, 19.976785714285715, 19.9875, 19.989285714285714, 19.982142857142858, 19.982142857142858, 19.989285714285717, 19.980357142857144, 19.985714285714288, 19.97857142857143, 19.9875, 19.982142857142858, 19.978571428571428, 19.97857142857143, 19.980357142857144, 19.98392857142857, 19.98392857142857, 19.973214285714285, 19.98392857142857, 19.976785714285715, 19.96964285714286, 19.9875, 19.975, 19.9875, 19.985714285714288, 19.983928571428574, 19.985714285714288, 19.989285714285714, 19.982142857142858, 19.989285714285714, 19.98392857142857, 19.97142857142857, 19.976785714285715, 19.966071428571432, 19.985714285714288, 19.975, 19.980357142857144, 19.985714285714288, 19.96785714285714, 19.975, 19.982142857142858, 19.982142857142858, 19.96964285714286, 19.987500000000004, 19.982142857142858, 19.978571428571428, 19.967857142857145, 19.976785714285715, 19.975, 19.96964285714286, 19.982142857142858, 19.98571428571429, 19.982142857142858, 19.985714285714288, 19.985714285714288, 19.978571428571428, 19.980357142857144, 19.982142857142858, 19.980357142857144, 19.969642857142855, 19.98392857142857, 19.975, 19.978571428571428, 19.97857142857143, 19.969642857142855, 19.97857142857143, 19.975, 19.975, 19.964285714285715, 19.973214285714285, 19.97142857142857, 19.985714285714288, 19.975, 19.9625, 19.971428571428575, 19.96607142857143, 19.96785714285714, 19.96964285714286, 19.951785714285712, 19.964285714285715, 19.962500000000002, 19.97142857142857, 19.95714285714286, 19.97142857142857, 19.962500000000002, 19.955357142857142, 19.96607142857143, 19.967857142857145, 19.960714285714285, 19.973214285714285, 19.975, 19.96607142857143, 19.967857142857145, 19.96607142857143, 19.960714285714285, 19.96964285714286, 19.976785714285715, 19.962500000000002, 19.976785714285715, 19.96964285714286, 19.96607142857143, 19.95714285714286, 19.980357142857144, 19.969642857142855, 19.958928571428572, 19.967857142857145, 19.960714285714285, 19.9625, 19.95714285714286, 19.96607142857143, 19.97857142857143, 19.967857142857145, 19.95714285714286, 19.974999999999998, 19.974999999999998, 19.964285714285715, 19.958928571428576, 19.96607142857143, 19.964285714285715, 19.96607142857143, 19.976785714285715, 19.962500000000002, 19.95892857142857, 19.96785714285714, 19.960714285714285, 19.95357142857143, 19.95714285714286, 19.96785714285714, 19.96964285714286, 19.962500000000002, 19.96785714285714, 19.97142857142857, 19.980357142857144, 19.96607142857143, 19.96607142857143, 19.96785714285714, 19.96964285714286, 19.971428571428575, 19.980357142857144, 19.97321428571429, 19.96607142857143, 19.96607142857143, 19.962500000000002, 19.955357142857146, 19.95357142857143, 19.96428571428571, 19.958928571428572, 19.976785714285715, 19.96428571428571, 19.96785714285714, 19.958928571428572, 19.95892857142857, 19.967857142857145, 19.964285714285715, 19.966071428571432, 19.966071428571432, 19.96964285714286, 19.95714285714286, 19.96607142857143, 19.958928571428576, 19.967857142857145, 19.97321428571429, 19.960714285714285, 19.964285714285715, 19.964285714285715, 19.958928571428572, 19.955357142857142, 19.962500000000002, 19.96607142857143, 19.967857142857145, 19.962500000000002, 19.955357142857142, 19.958928571428572, 19.96428571428572, 19.958928571428572, 19.95357142857143, 19.94285714285714, 19.960714285714285, 19.957142857142856, 19.95714285714286, 19.95357142857143, 19.95, 19.95714285714286, 19.96964285714286, 19.960714285714285, 19.9625, 19.96607142857143, 19.957142857142856, 19.957142857142856, 19.960714285714285, 19.955357142857146, 19.95714285714286, 19.955357142857142, 19.951785714285712, 19.962500000000002, 19.951785714285716, 19.966071428571432, 19.960714285714285, 19.96607142857143, 19.9625, 19.960714285714285, 19.964285714285715, 19.96607142857143, 19.962500000000002, 19.97142857142857, 19.97142857142857, 19.964285714285715, 19.953571428571426, 19.964285714285715, 19.95357142857143, 19.96964285714286, 19.975, 19.946428571428573, 19.958928571428572, 19.957142857142856, 19.95714285714286, 19.960714285714285, 19.94107142857143, 19.964285714285715, 19.962500000000002, 19.948214285714286, 19.944642857142856, 19.946428571428573, 19.939285714285713, 19.95, 19.955357142857146, 19.951785714285716, 19.964285714285715, 19.9625, 19.935714285714287, 19.95714285714286, 19.955357142857146, 19.97142857142857, 19.942857142857143, 19.964285714285715, 19.960714285714285, 19.950000000000003, 19.951785714285716, 19.955357142857146, 19.951785714285716, 19.955357142857142, 19.951785714285712, 19.941071428571426, 19.957142857142856, 19.955357142857146, 19.95, 19.960714285714285, 19.96071428571429, 19.960714285714285, 19.964285714285715, 19.964285714285715, 19.975, 19.960714285714285, 19.97142857142857, 19.976785714285715, 19.976785714285715, 19.97142857142857, 19.978571428571428, 19.962500000000002, 19.964285714285715, 19.975, 19.96785714285714, 19.957142857142856, 19.978571428571428, 19.975, 19.962500000000002, 19.96785714285714, 19.94464285714286, 19.967857142857145, 19.964285714285715, 19.97321428571429, 19.96964285714286, 19.96964285714286, 19.958928571428572, 19.96607142857143, 19.96428571428571, 19.964285714285715, 19.955357142857142, 19.960714285714285, 19.953571428571426, 19.96785714285714, 19.96607142857143, 19.964285714285715, 19.957142857142856, 19.96607142857143, 19.95, 19.964285714285715, 19.948214285714286, 19.957142857142856, 19.958928571428572, 19.967857142857145, 19.957142857142856, 19.9625, 19.9625]",0.9333878251967073,0.9580064664889026,20,"[33, 33, 33, 33, 33, 33, 33, 33, 33, 33, 33, 33, 33, 33, 33, 33, 32, 30, 26, 26, 23, 23, 23, 23, 21, 21, 21, 21, 21, 21, 21, 21, 21, 21, 21, 21, 21, 21, 21, 21, 21, 21, 21, 21, 21, 21, 21, 21, 21, 21, 21, 21, 21, 21, 21, 21, 21, 21, 21, 21, 21, 21, 21, 21, 21, 21, 21, 21, 21, 21, 21, 21, 21, 21, 20, 20, 20, 20, 20, 20, 20, 20, 20, 20, 20, 20, 20, 20, 20, 20, 20, 20, 20, 20, 20, 20, 20, 20, 20, 20, 20, 20, 20, 20, 20, 20, 20, 20, 20, 20, 20, 20, 20, 20, 20, 20, 20, 20, 20, 20, 20, 20, 20, 20, 20, 20, 20, 20, 20, 20, 20, 20, 20, 20, 20, 20, 20, 20, 20, 20, 20, 20, 20, 20, 20, 20, 20, 20, 20, 20, 20, 20, 20, 20, 20, 20, 20, 20, 20, 20, 20, 20, 20, 20, 20, 20, 20, 20, 20, 20, 20, 20, 20, 20, 20, 20, 20, 20, 20, 20, 20, 20, 20, 20, 20, 20, 20, 20, 20, 20, 20, 20, 20, 20, 20, 20, 20, 20, 20, 20, 20, 20, 20, 20, 20, 20, 20, 20, 20, 20, 20, 20, 20, 20, 20, 20, 20, 20, 20, 20, 20, 20, 20, 20, 20, 20, 20, 20, 20, 20, 20, 20, 20, 20, 20, 20, 20, 20, 20, 20, 20, 20, 20, 20, 20, 20, 20, 20, 20, 20, 20, 20, 20, 20, 20, 20, 20, 20, 20, 20, 20, 20, 20, 20, 20, 20, 20, 20, 20, 20, 20, 20, 20, 20, 20, 20, 20, 20, 20, 20, 20, 20, 20, 20, 20, 20, 20, 20, 20, 20, 20, 20, 20, 20, 20, 20, 20, 20, 20, 20, 20, 20, 20, 20, 20, 20, 20, 20, 20, 20, 20, 20, 20, 20, 20, 20, 20, 20, 20, 20, 20, 20, 20, 20, 20, 20, 20, 20, 20, 20, 20, 20, 20, 20, 20, 20, 20, 20, 20, 20, 20, 20, 20, 20, 20, 20, 20, 20, 20, 20, 20, 20, 20, 20, 20, 20, 20, 20, 20, 20, 20, 20, 20, 20, 20, 20, 20, 20, 20, 20, 20, 20, 20, 20, 20, 20, 20, 20, 20, 20, 20, 20, 20, 20, 20, 20, 20, 20, 20, 20, 20, 20, 20, 20, 20, 20, 20, 20, 20, 20, 20, 20, 20, 20, 20]",405,"[0.4636266231536865, 0.36475592851638794, 0.35247841477394104, 0.36188042163848877, 0.34985625743865967, 0.3320973515510559, 0.3283764123916626, 0.31480342149734497, 0.3081130087375641, 0.32553455233573914, 0.2896091341972351, 0.2766783833503723, 0.270110547542572, 0.2732382118701935, 0.2644490599632263, 0.2676871716976166, 0.2501160800457001, 0.24342931807041168, 0.24014072120189667, 0.23895324766635895, 0.23407144844532013, 0.22970779240131378, 0.22652223706245422, 0.22536307573318481, 0.2212720811367035, 0.21421393752098083, 0.21455734968185425, 0.2148437649011612, 0.21322442591190338, 0.211516335606575, 0.2063334584236145, 0.20773281157016754, 0.2040562480688095, 0.2053401619195938, 0.22225654125213623, 0.20242610573768616, 0.20191913843154907, 0.20438583195209503, 0.1994684636592865, 0.19787633419036865, 0.204908087849617, 0.21697676181793213, 0.20624935626983643, 0.20373396575450897, 0.21124660968780518, 0.19611617922782898, 0.19570499658584595, 0.19699205458164215, 0.19750656187534332, 0.19674554467201233, 0.196055069565773, 0.2038644403219223, 0.19848066568374634, 0.1946462243795395, 0.198428675532341, 0.1912759393453598, 0.2003592997789383, 0.19317448139190674, 0.19336897134780884, 0.18958711624145508, 0.19652505218982697, 0.19316495954990387, 0.19272162020206451, 0.18967807292938232, 0.18804019689559937, 0.18572843074798584, 0.1914311647415161, 0.18596281111240387, 0.18853618204593658, 0.196049302816391, 0.19182123243808746, 0.18535110354423523, 0.18534617125988007, 0.18900884687900543, 0.18723724782466888, 0.1852443516254425, 0.18344512581825256, 0.1813148707151413, 0.1854209303855896, 0.17979919910430908, 0.18525010347366333, 0.19055664539337158, 0.18070948123931885, 0.1859678328037262, 0.18387985229492188, 0.1775772124528885, 0.176653653383255, 0.18648883700370789, 0.1758287400007248, 0.1765512228012085, 0.17587001621723175, 0.17458593845367432, 0.17226244509220123, 0.1788216382265091, 0.18119409680366516, 0.17399701476097107, 0.17911426723003387, 0.1762339472770691, 0.17544057965278625, 0.17583036422729492, 0.18802869319915771, 0.17821654677391052, 0.17586122453212738, 0.17339663207530975, 0.17509298026561737, 0.17354579269886017, 0.17825815081596375, 0.17255324125289917, 0.17367009818553925, 0.17228291928768158, 0.19010762870311737, 0.17049020528793335, 0.17048734426498413, 0.1686560958623886, 0.16577623784542084, 0.16714997589588165, 0.16977663338184357, 0.1709941029548645, 0.16769611835479736, 0.1806524097919464, 0.17143115401268005, 0.17188146710395813, 0.1771325320005417, 0.16596874594688416, 0.1785699874162674, 0.17616647481918335, 0.1681930422782898, 0.1699211150407791, 0.17066721618175507, 0.16916552186012268, 0.1661653369665146, 0.16778366267681122, 0.16612134873867035, 0.17117924988269806, 0.16531485319137573, 0.16821695864200592, 0.17029543220996857, 0.16224795579910278, 0.16393186151981354, 0.1699579954147339, 0.1687885820865631, 0.1643049418926239, 0.1668962687253952, 0.16893815994262695, 0.16411302983760834, 0.16787727177143097, 0.16500286757946014, 0.16589969396591187, 0.16166946291923523, 0.1665056198835373, 0.17771293222904205, 0.17263032495975494, 0.1660308986902237, 0.17185266315937042, 0.16146165132522583, 0.16414278745651245, 0.16154009103775024, 0.16488130390644073, 0.16066409647464752, 0.164403036236763, 0.1573444902896881, 0.16208210587501526, 0.164622962474823, 0.1643240600824356, 0.15986786782741547, 0.1598285585641861, 0.17601163685321808, 0.15864737331867218, 0.16335833072662354, 0.16018785536289215, 0.15627235174179077, 0.16102080047130585, 0.15778785943984985, 0.1587837040424347, 0.16312353312969208, 0.1639958918094635, 0.16157406568527222, 0.16069427132606506, 0.16441912949085236, 0.15973277390003204, 0.15948162972927094, 0.15900780260562897, 0.15845297276973724, 0.16256168484687805, 0.15983285009860992, 0.16112905740737915, 0.1756652444601059, 0.16029268503189087, 0.16237781941890717, 0.15868739783763885, 0.1610323190689087, 0.15882980823516846, 0.15587449073791504, 0.15303939580917358, 0.15672358870506287, 0.15674179792404175, 0.16079849004745483, 0.1568407267332077, 0.15370586514472961, 0.16160744428634644, 0.1548975706100464, 0.1585482805967331, 0.15548649430274963, 0.1551520973443985, 0.1591174453496933, 0.15145982801914215, 0.1505734771490097, 0.15574964880943298, 0.15216979384422302, 0.15465854108333588, 0.1633305549621582, 0.15230302512645721, 0.15461160242557526, 0.1545550674200058, 0.1533719301223755, 0.1559893637895584, 0.16123123466968536, 0.1518581360578537, 0.1586720049381256, 0.15167896449565887, 0.15334972739219666, 0.16919204592704773, 0.15026594698429108, 0.1534748524427414, 0.15019045770168304, 0.15140169858932495, 0.1516837179660797, 0.15746843814849854, 0.15230916440486908, 0.15912796556949615, 0.14980773627758026, 0.1468372941017151, 0.14841704070568085, 0.14725010097026825, 0.15398399531841278, 0.15755559504032135, 0.15005047619342804, 0.14855042099952698, 0.15063433349132538, 0.1501161754131317, 0.1511213332414627, 0.15099458396434784, 0.1534223109483719, 0.14748667180538177, 0.14251241087913513, 0.14673037827014923, 0.15547583997249603, 0.1519988477230072, 0.16742759943008423, 0.15791316330432892, 0.1509672999382019, 0.14647628366947174, 0.15051525831222534, 0.1638597697019577, 0.1551864743232727, 0.14628729224205017, 0.14586810767650604, 0.14841260015964508, 0.15232010185718536, 0.1500920057296753, 0.15289586782455444, 0.14448624849319458, 0.14638853073120117, 0.14706330001354218, 0.14633023738861084, 0.1478714495897293, 0.15137305855751038, 0.15226992964744568, 0.14694005250930786, 0.14398857951164246, 0.15038621425628662, 0.15048357844352722, 0.14558276534080505, 0.14664968848228455, 0.14050954580307007, 0.14310570061206818, 0.154809832572937, 0.14728933572769165, 0.14600566029548645, 0.1450302004814148, 0.14356014132499695, 0.14540903270244598, 0.14768151938915253, 0.14362135529518127, 0.14476335048675537, 0.14375273883342743, 0.14650891721248627, 0.14875449240207672, 0.14580190181732178, 0.14438173174858093, 0.14797358214855194, 0.14549744129180908, 0.14535044133663177, 0.14028936624526978, 0.14985086023807526, 0.141114741563797, 0.15804050862789154, 0.14658492803573608, 0.1420811265707016, 0.14236806333065033, 0.15218304097652435, 0.1480008065700531, 0.14530037343502045, 0.14394831657409668, 0.14284276962280273, 0.14713793992996216, 0.14232181012630463, 0.15094581246376038, 0.1486278921365738, 0.16013512015342712, 0.15135931968688965, 0.14781954884529114, 0.14802007377147675, 0.1484144777059555, 0.1413993388414383, 0.14242085814476013, 0.14755085110664368, 0.14667606353759766, 0.14190131425857544, 0.14755867421627045, 0.14379756152629852, 0.14015959203243256, 0.1470128893852234, 0.14364033937454224, 0.1443347930908203, 0.1466195434331894, 0.14552201330661774, 0.1426856517791748, 0.14222384989261627, 0.14425714313983917, 0.15081597864627838, 0.14404402673244476, 0.14493346214294434, 0.14873506128787994, 0.14473652839660645, 0.14654222130775452, 0.14807458221912384, 0.14801397919654846, 0.1501806229352951, 0.14446227252483368, 0.14196264743804932, 0.14471115171909332, 0.14991474151611328, 0.1501864492893219, 0.1414414942264557, 0.14360441267490387, 0.14408068358898163, 0.14084085822105408, 0.15029771625995636, 0.14362069964408875, 0.14685778319835663, 0.14633433520793915, 0.1475670486688614, 0.14059515297412872, 0.14468234777450562, 0.1474817842245102, 0.1417483240365982, 0.14668433368206024, 0.14753401279449463, 0.14522786438465118, 0.14117516577243805, 0.1457073837518692, 0.143801748752594, 0.14979657530784607, 0.14975498616695404, 0.14623939990997314, 0.1443299949169159, 0.1489306539297104, 0.14384104311466217, 0.14421658217906952, 0.15101633965969086, 0.14853595197200775, 0.15402573347091675, 0.14019031822681427, 0.14526262879371643, 0.1427803486585617, 0.14088481664657593, 0.14271096885204315, 0.14234554767608643, 0.1457516849040985, 0.1461516171693802, 0.14400096237659454, 0.14189839363098145, 0.14189819991588593, 0.142683744430542, 0.14367860555648804, 0.14355753362178802, 0.14955192804336548, 0.14901793003082275, 0.14454011619091034, 0.14415594935417175, 0.14755918085575104, 0.14824265241622925, 0.14676672220230103, 0.14997334778308868, 0.15018713474273682, 0.14474791288375854, 0.14474250376224518, 0.1419905424118042, 0.14625339210033417, 0.14668451249599457, 0.14793473482131958, 0.14448882639408112, 0.14723919332027435, 0.14884436130523682]",20.0,"[33.0, 33.0, 33.0, 33.0, 33.0, 33.0, 33.0, 33.0, 33.0, 33.0, 33.0, 33.0, 33.0, 33.0, 33.0, 33.0, 32.0, 30.0, 26.0, 26.0, 23.0, 23.0, 23.0, 23.0, 21.0, 21.0, 21.0, 21.0, 21.0, 21.0, 21.0, 21.0, 21.0, 21.0, 21.0, 21.0, 21.0, 21.0, 21.0, 21.0, 21.0, 21.0, 21.0, 21.0, 21.0, 21.0, 21.0, 21.0, 21.0, 21.0, 21.0, 21.0, 21.0, 21.0, 21.0, 21.0, 21.0, 21.0, 21.0, 21.0, 21.0, 21.0, 21.0, 21.0, 21.0, 21.0, 21.0, 21.0, 21.0, 21.0, 21.0, 21.0, 21.0, 21.0, 20.0, 20.0, 20.0, 20.0, 20.0, 20.0, 20.0, 20.0, 20.0, 20.0, 20.0, 20.0, 20.0, 20.0, 20.0, 20.0, 20.0, 20.0, 20.0, 20.0, 20.0, 20.0, 20.0, 20.0, 20.0, 20.0, 20.0, 20.0, 20.0, 20.0, 20.0, 20.0, 20.0, 20.0, 20.0, 20.0, 20.0, 20.0, 20.0, 20.0, 20.0, 20.0, 20.0, 20.0, 20.0, 20.0, 20.0, 20.0, 20.0, 20.0, 20.0, 20.0, 20.0, 20.0, 20.0, 20.0, 20.0, 20.0, 20.0, 20.0, 20.0, 20.0, 20.0, 20.0, 20.0, 20.0, 20.0, 20.0, 20.0, 20.0, 20.0, 20.0, 20.0, 20.0, 20.0, 20.0, 20.0, 20.0, 20.0, 20.0, 20.0, 20.0, 20.0, 20.0, 20.0, 20.0, 20.0, 20.0, 20.0, 20.0, 20.0, 20.0, 20.0, 20.0, 20.0, 20.0, 20.0, 20.0, 20.0, 20.0, 20.0, 20.0, 20.0, 20.0, 20.0, 20.0, 20.0, 20.0, 20.0, 20.0, 20.0, 20.0, 20.0, 20.0, 20.0, 20.0, 20.0, 20.0, 20.0, 20.0, 20.0, 20.0, 20.0, 20.0, 20.0, 20.0, 20.0, 20.0, 20.0, 20.0, 20.0, 20.0, 20.0, 20.0, 20.0, 20.0, 20.0, 20.0, 20.0, 20.0, 20.0, 20.0, 20.0, 20.0, 20.0, 20.0, 20.0, 20.0, 20.0, 20.0, 20.0, 20.0, 20.0, 20.0, 20.0, 20.0, 20.0, 20.0, 20.0, 20.0, 20.0, 20.0, 20.0, 20.0, 20.0, 20.0, 20.0, 20.0, 20.0, 20.0, 20.0, 20.0, 20.0, 20.0, 20.0, 20.0, 20.0, 20.0, 20.0, 20.0, 20.0, 20.0, 20.0, 20.0, 20.0, 20.0, 20.0, 20.0, 20.0, 20.0, 20.0, 20.0, 20.0, 20.0, 20.0, 20.0, 20.0, 20.0, 20.0, 20.0, 20.0, 20.0, 20.0, 20.0, 20.0, 20.0, 20.0, 20.0, 20.0, 20.0, 20.0, 20.0, 20.0, 20.0, 20.0, 20.0, 20.0, 20.0, 20.0, 20.0, 20.0, 20.0, 20.0, 20.0, 20.0, 20.0, 20.0, 20.0, 20.0, 20.0, 20.0, 20.0, 20.0, 20.0, 20.0, 20.0, 20.0, 20.0, 20.0, 20.0, 20.0, 20.0, 20.0, 20.0, 20.0, 20.0, 20.0, 20.0, 20.0, 20.0, 20.0, 20.0, 20.0, 20.0, 20.