,number,value,datetime_start,datetime_complete,duration,params_batch_size_scaler,params_constant_learning_rate,params_depth,params_epochs,params_kernel_l2,params_num_trees,params_temperature,user_attrs_accuracy_test,user_attrs_accuracy_valid,user_attrs_approximate_feature_sparsity,user_attrs_approximate_feature_sparsity_history,user_attrs_approximate_weight_sparsity,user_attrs_approximate_weight_sparsity_history,user_attrs_auc_test,user_attrs_auc_valid,user_attrs_feature_sparsity,user_attrs_feature_sparsity_history,user_attrs_num_epochs,user_attrs_val_loss_history,user_attrs_weight_sparsity,user_attrs_weight_sparsity_history,state
14,14,0.6088418286509255,2024-08-31 01:16:26.986259,2024-08-31 01:17:58.557308,0 days 00:01:31.571049,4,0.40519560167982094,2,445,0.001740606016912021,39,0.025749330479406134,0.859,0.85875,1,"[4, 1, 1, 1, 1, 1, 1, 1, 1, 1, 1, 1, 1, 1, 1, 1, 1, 1, 1, 1, 1, 1, 1, 1, 1, 1, 1, 1, 1, 1, 1, 1, 1, 1, 1, 1, 1, 1, 1, 1, 1, 1, 1, 1, 1, 1, 1, 1, 1, 1, 1, 1, 1, 1, 1, 1, 1, 1, 1, 1, 1, 1, 1, 1, 1, 1, 1, 1, 1, 1, 1, 1, 1, 1, 1, 1, 1, 1, 1, 1, 1, 1, 1, 1, 1, 1, 1, 1, 1, 1, 1, 1, 1, 1, 1, 1, 1, 1, 1, 1, 1, 1, 1, 1, 1, 1, 1, 1, 1, 1, 1, 1, 1, 1, 1, 1, 1, 1, 1, 1, 1, 1, 1, 1, 1, 1, 1, 1, 1, 1, 1, 1, 1, 1, 1, 1, 1, 1, 1, 1, 1, 1, 1, 1, 1, 1, 1, 1, 1, 1, 1, 1, 1, 1, 1, 1, 1, 1, 1, 1, 1, 1, 1, 1, 1, 1, 1, 1, 1, 1, 1, 1, 1, 1, 1, 1, 1, 1, 1, 1, 1, 1, 1, 1, 1, 1, 1, 1, 1, 1, 1, 1, 1, 1, 1, 1, 1, 1, 1, 1, 1, 1, 1, 1, 1, 1, 1, 1, 1, 1, 1, 1, 1, 1, 1, 1, 1, 1, 1, 1, 1, 1, 1, 1, 1, 1, 1, 1, 1, 1, 1, 1, 1, 1, 1, 1, 1, 1, 1, 1, 1, 1, 1, 1, 1, 1, 1, 1, 1, 1, 1, 1, 1, 1, 1, 1, 1, 1, 1, 1, 1, 1, 1, 1, 1, 1, 1, 1, 1, 1, 1, 1, 1, 1, 1, 1, 1, 1, 1, 1, 1, 1, 1, 1, 1, 1, 1, 1, 1, 1, 1, 1, 1, 1, 1, 1, 1, 1, 1, 1, 1, 1, 1, 1, 1, 1, 1, 1, 1, 1, 1, 1, 1, 1, 1, 1, 1, 1, 1, 1, 1, 1, 1, 1, 1, 1, 1, 1, 1, 1, 1, 1, 1, 1, 1, 1, 1, 1, 1, 1, 1, 1, 1, 1, 1, 1, 1, 1, 1, 1, 1, 1, 1, 1, 1, 1, 1, 1, 1, 1, 1, 1, 1, 1, 1, 1, 1, 1, 1, 1, 1, 1, 1, 1, 1, 1, 1, 1, 1, 1, 1, 1, 1, 1, 1, 1, 1, 1, 1, 1, 1, 1, 1, 1, 1, 1, 1, 1, 1, 1, 1, 1, 1, 1, 1, 1, 1, 1, 1, 1, 1, 1, 1, 1, 1, 1, 1, 1, 1, 1, 1, 1, 1, 1, 1, 1, 1, 1, 1, 1, 1, 1, 1, 1, 1, 1, 1, 1, 1, 1, 1, 1, 1, 1, 1]",1.0,"[4.0, 1.0, 1.0, 1.0, 1.0, 1.0, 1.0, 1.0, 1.0, 0.9914529914529915, 1.0, 1.0, 1.0, 0.9914529914529915, 1.0, 1.0, 1.0, 1.0, 1.0, 1.0, 1.0, 1.0, 1.0, 1.0, 1.0, 1.0, 1.0, 1.0, 1.0, 1.0, 1.0, 1.0, 1.0, 1.0, 1.0, 1.0, 1.0, 1.0, 1.0, 1.0, 1.0, 1.0, 1.0, 1.0, 1.0, 1.0, 1.0, 1.0, 1.0, 1.0, 1.0, 1.0, 1.0, 1.0, 1.0, 1.0, 1.0, 1.0, 1.0, 1.0, 1.0, 1.0, 0.9914529914529915, 1.0, 0.9914529914529915, 1.0, 1.0, 1.0, 1.0, 1.0, 1.0, 1.0, 1.0, 1.0, 1.0, 1.0, 1.0, 1.0, 1.0, 1.0, 1.0, 1.0, 1.0, 1.0, 1.0, 1.0, 1.0, 1.0, 1.0, 1.0, 1.0, 1.0, 1.0, 1.0, 1.0, 1.0, 0.9914529914529915, 1.0, 1.0, 1.0, 1.0, 1.0, 1.0, 1.0, 1.0, 1.0, 1.0, 1.0, 1.0, 1.0, 1.0, 1.0, 1.0, 1.0, 1.0, 1.0, 1.0, 1.0, 1.0, 1.0, 1.0, 1.0, 1.0, 1.0, 1.0, 1.0, 1.0, 1.0, 1.0, 1.0, 1.0, 1.0, 1.0, 1.0, 1.0, 1.0, 1.0, 1.0, 1.0, 1.0, 1.0, 1.0, 1.0, 1.0, 1.0, 1.0, 1.0, 1.0, 1.0, 1.0, 1.0, 0.9914529914529915, 1.0, 1.0, 1.0, 1.0, 1.0, 1.0, 1.0, 1.0, 1.0, 1.0, 1.0, 1.0, 1.0, 1.0, 1.0, 1.0, 1.0, 1.0, 1.0, 1.0, 1.0, 1.0, 1.0, 1.0, 1.0, 1.0, 1.0, 1.0, 1.0, 0.9914529914529915, 1.0, 1.0, 1.0, 1.0, 1.0, 1.0, 1.0, 1.0, 1.0, 1.0, 1.0, 1.0, 1.0, 1.0, 1.0, 1.0, 1.0, 1.0, 1.0, 1.0, 1.0, 1.0, 1.0, 1.0, 1.0, 1.0, 1.0, 1.0, 1.0, 1.0, 1.0, 1.0, 1.0, 1.0, 1.0, 1.0, 1.0, 1.0, 1.0, 1.0, 1.0, 1.0, 1.0, 1.0, 1.0, 0.9914529914529915, 0.9914529914529915, 1.0, 1.0, 1.0, 1.0, 1.0, 1.0, 1.0, 1.0, 1.0, 1.0, 1.0, 1.0, 1.0, 1.0, 1.0, 1.0, 1.0, 1.0, 1.0, 1.0, 1.0, 1.0, 1.0, 1.0, 1.0, 1.0, 1.0, 1.0, 1.0, 1.0, 1.0, 1.0, 0.9914529914529915, 1.0, 0.9914529914529915, 0.9914529914529915, 1.0, 1.0, 1.0, 1.0, 1.0, 1.0, 1.0, 1.0, 0.9914529914529915, 1.0, 1.0, 1.0, 1.0, 1.0, 1.0, 1.0, 1.0, 1.0, 1.0, 1.0, 1.0, 1.0, 1.0, 1.0, 1.0, 1.0, 1.0, 1.0, 0.9914529914529915, 0.9914529914529915, 0.9914529914529915, 1.0, 1.0, 1.0, 1.0, 0.9914529914529915, 1.0, 1.0, 1.0, 1.0, 1.0, 1.0, 1.0, 1.0, 1.0, 1.0, 1.0, 1.0, 1.0, 1.0, 1.0, 1.0, 1.0, 1.0, 1.0, 1.0, 1.0, 1.0, 1.0, 1.0, 1.0, 1.0, 1.0, 1.0, 1.0, 1.0, 1.0, 1.0, 1.0, 1.0, 1.0, 1.0, 1.0, 1.0, 1.0, 1.0, 1.0, 1.0, 1.0, 1.0, 1.0, 1.0, 1.0, 1.0, 1.0, 1.0, 1.0, 1.0, 1.0, 1.0, 1.0, 1.0, 1.0, 1.0, 1.0, 1.0, 1.0, 1.0, 1.0, 1.0, 1.0, 1.0, 1.0, 1.0, 1.0, 1.0, 1.0, 1.0, 1.0, 1.0, 1.0, 1.0, 1.0, 1.0, 1.0, 1.0, 1.0, 1.0, 1.0, 1.0, 1.0, 1.0, 1.0, 1.0, 1.0, 1.0, 1.0, 1.0, 1.0, 1.0, 1.0, 1.0, 1.0, 1.0, 1.0, 1.0, 1.0, 1.0, 1.0, 1.0, 1.0, 0.9914529914529915, 0.9914529914529915, 0.9914529914529915, 0.9914529914529915, 0.9914529914529915, 1.0, 1.0, 1.0, 1.0, 1.0, 1.0, 1.0, 1.0, 1.0, 1.0, 1.0, 1.0, 1.0, 1.0, 1.0, 1.0, 1.0, 1.0, 1.0, 1.0, 1.0, 1.0, 1.0, 1.0, 1.0, 1.0, 1.0, 1.0, 1.0, 1.0, 1.0, 1.0, 1.0, 1.0]",0.6144865793145584,0.6088418286509255,1,"[4, 1, 1, 1, 1, 1, 1, 1, 1, 1, 1, 1, 1, 1, 1, 1, 1, 1, 1, 1, 1, 1, 1, 1, 1, 1, 1, 1, 1, 1, 1, 1, 1, 1, 1, 1, 1, 1, 1, 1, 1, 1, 1, 1, 1, 1, 1, 1, 1, 1, 1, 1, 1, 1, 1, 1, 1, 1, 1, 1, 1, 1, 1, 1, 1, 1, 1, 1, 1, 1, 1, 1, 1, 1, 1, 1, 1, 1, 1, 1, 1, 1, 1, 1, 1, 1, 1, 1, 1, 1, 1, 1, 1, 1, 1, 1, 1, 1, 1, 1, 1, 1, 1, 1, 1, 1, 1, 1, 1, 1, 1, 1, 1, 1, 1, 1, 1, 1, 1, 1, 1, 1, 1, 1, 1, 1, 1, 1, 1, 1, 1, 1, 1, 1, 1, 1, 1, 1, 1, 1, 1, 1, 1, 1, 1, 1, 1, 1, 1, 1, 1, 1, 1, 1, 1, 1, 1, 1, 1, 1, 1, 1, 1, 1, 1, 1, 1, 1, 1, 1, 1, 1, 1, 1, 1, 1, 1, 1, 1, 1, 1, 1, 1, 1, 1, 1, 1, 1, 1, 1, 1, 1, 1, 1, 1, 1, 1, 1, 1, 1, 1, 1, 1, 1, 1, 1, 1, 1, 1, 1, 1, 1, 1, 1, 1, 1, 1, 1, 1, 1, 1, 1, 1, 1, 1, 1, 1, 1, 1, 1, 1, 1, 1, 1, 1, 1, 1, 1, 1, 1, 1, 1, 1, 1, 1, 1, 1, 1, 1, 1, 1, 1, 1, 1, 1, 1, 1, 1, 1, 1, 1, 1, 1, 1, 1, 1, 1, 1, 1, 1, 1, 1, 1, 1, 1, 1, 1, 1, 1, 1, 1, 1, 1, 1, 1, 1, 1, 1, 1, 1, 1, 1, 1, 1, 1, 1, 1, 1, 1, 1, 1, 1, 1, 1, 1, 1, 1, 1, 1, 1, 1, 1, 1, 1, 1, 1, 1, 1, 1, 1, 1, 1, 1, 1, 1, 1, 1, 1, 1, 1, 1, 1, 1, 1, 1, 1, 1, 1, 1, 1, 1, 1, 1, 1, 1, 1, 1, 1, 1, 1, 1, 1, 1, 1, 1, 1, 1, 1, 1, 1, 1, 1, 1, 1, 1, 1, 1, 1, 1, 1, 1, 1, 1, 1, 1, 1, 1, 1, 1, 1, 1, 1, 1, 1, 1, 1, 1, 1, 1, 1, 1, 1, 1, 1, 1, 1, 1, 1, 1, 1, 1, 1, 1, 1, 1, 1, 1, 1, 1, 1, 1, 1, 1, 1, 1, 1, 1, 1, 1, 1, 1, 1, 1, 1, 1, 1, 1, 1, 1, 1, 1, 1, 1, 1, 1, 1, 1, 1, 1, 1, 1, 1, 1, 1, 1]",445,"[0.3953483998775482, 0.3924669027328491, 0.3948580026626587, 0.39337795972824097, 0.3839529752731323, 0.3851456046104431, 0.38917896151542664, 0.3826374113559723, 0.38270312547683716, 0.3870813846588135, 0.3828037679195404, 0.3850369155406952, 0.38671794533729553, 0.3824058771133423, 0.3894422650337219, 0.39349308609962463, 0.38487502932548523, 0.3909054100513458, 0.388351172208786, 0.3841513395309448, 0.40077441930770874, 0.3850611746311188, 0.3825059235095978, 0.3845750391483307, 0.39190277457237244, 0.3905757665634155, 0.39245617389678955, 0.38274288177490234, 0.38513413071632385, 0.40343037247657776, 0.39311397075653076, 0.38240039348602295, 0.3841668367385864, 0.39079439640045166, 0.3824348449707031, 0.38782528042793274, 0.4009075462818146, 0.40976932644844055, 0.39523327350616455, 0.38464677333831787, 0.387344092130661, 0.39833423495292664, 0.40353813767433167, 0.38799336552619934, 0.3895270526409149, 0.38297393918037415, 0.38374432921409607, 0.3828943967819214, 0.3834708333015442, 0.3907766342163086, 0.3825441598892212, 0.38245540857315063, 0.39147499203681946, 0.39889296889305115, 0.3869240880012512, 0.3823989927768707, 0.4019554555416107, 0.3862871825695038, 0.39664414525032043, 0.387297660112381, 0.38819628953933716, 0.38308924436569214, 0.3829818367958069, 0.44465675950050354, 0.3961240351200104, 0.3884240686893463, 0.3886076807975769, 0.38519930839538574, 0.38459932804107666, 0.3923828601837158, 0.39593154191970825, 0.3967781066894531, 0.39143267273902893, 0.3903087377548218, 0.3824894428253174, 0.42840224504470825, 0.38543617725372314, 0.38855159282684326, 0.3874339759349823, 0.3824051320552826, 0.38504454493522644, 0.3859114944934845, 0.3825671076774597, 0.3904344439506531, 0.3824102282524109, 0.3949897885322571, 0.4198078513145447, 0.3825882375240326, 0.3890460133552551, 0.397439569234848, 0.38286077976226807, 0.4117242097854614, 0.395079106092453, 0.388721227645874, 0.3828939199447632, 0.3827848732471466, 0.3954378068447113, 0.39524441957473755, 0.38256314396858215, 0.3841680884361267, 0.3840862214565277, 0.3824089467525482, 0.38245922327041626, 0.3911636471748352, 0.38491928577423096, 0.3835650384426117, 0.3834695518016815, 0.39573681354522705, 0.4073585867881775, 0.4198577105998993, 0.3824795186519623, 0.3886287808418274, 0.38444510102272034, 0.38331523537635803, 0.38653451204299927, 0.3833141326904297, 0.3827783465385437, 0.384124755859375, 0.47531014680862427, 0.40186169743537903, 0.4082028567790985, 0.3825269341468811, 0.391363263130188, 0.39974522590637207, 0.38391658663749695, 0.3833014667034149, 0.38425981998443604, 0.38852155208587646, 0.3988158404827118, 0.39094406366348267, 0.3824917674064636, 0.38505885004997253, 0.38890036940574646, 0.3844650983810425, 0.383136510848999, 0.38265103101730347, 0.3883979022502899, 0.3871971070766449, 0.3827756941318512, 0.3827933967113495, 0.3866928219795227, 0.3824325501918793, 0.3831314742565155, 0.38302361965179443, 0.3829619288444519, 0.389832079410553, 0.38408374786376953, 0.3837395906448364, 0.38405606150627136, 0.38251549005508423, 0.39071738719940186, 0.3985275626182556, 0.3976820111274719, 0.38384193181991577, 0.38240736722946167, 0.3837733864784241, 0.3926653563976288, 0.3824089467525482, 0.3869185149669647, 0.38523486256599426, 0.3865582346916199, 0.3966972827911377, 0.3923588693141937, 0.3946390450000763, 0.39008522033691406, 0.38248908519744873, 0.3935713469982147, 0.3867116868495941, 0.3829534649848938, 0.38627225160598755, 0.3907172679901123, 0.383108526468277, 0.38978421688079834, 0.39478790760040283, 0.3839673697948456, 0.38246431946754456, 0.38282567262649536, 0.3832070827484131, 0.38256844878196716, 0.38542377948760986, 0.392049103975296, 0.39443641901016235, 0.389628529548645, 0.3827688694000244, 0.38277897238731384, 0.40914881229400635, 0.38529831171035767, 0.3983490765094757, 0.3827947974205017, 0.3829934597015381, 0.3882286548614502, 0.38865038752555847, 0.3919522762298584, 0.38699713349342346, 0.38876569271087646, 0.3824922442436218, 0.38650283217430115, 0.44244384765625, 0.38241511583328247, 0.38275447487831116, 0.3988749384880066, 0.39461907744407654, 0.383392870426178, 0.41024312376976013, 0.3852253258228302, 0.40585431456565857, 0.4004423916339874, 0.38625141978263855, 0.38304343819618225, 0.39324110746383667, 0.38291412591934204, 0.3852231502532959, 0.3824765086174011, 0.38241493701934814, 0.38347354531288147, 0.3826406002044678, 0.38257208466529846, 0.38558265566825867, 0.3824240565299988, 0.3828359842300415, 0.3828975558280945, 0.3834114968776703, 0.38450974225997925, 0.40005847811698914, 0.3830298185348511, 0.39108145236968994, 0.38499748706817627, 0.3825000524520874, 0.38548970222473145, 0.39152318239212036, 0.39120009541511536, 0.3921685814857483, 0.3829597532749176, 0.38892239332199097, 0.3828577399253845, 0.39430737495422363, 0.3885798156261444, 0.3829119801521301, 0.38932815194129944, 0.3862328827381134, 0.38521212339401245, 0.410821795463562, 0.38263633847236633, 0.3893665075302124, 0.38469046354293823, 0.3838457465171814, 0.3851981461048126, 0.38429972529411316, 0.4064844250679016, 0.38243961334228516, 0.3851443827152252, 0.39491569995880127, 0.38468682765960693, 0.3900018036365509, 0.393264502286911, 0.3829660415649414, 0.38392239809036255, 0.3828853964805603, 0.40240180492401123, 0.38258135318756104, 0.3858878016471863, 0.38242200016975403, 0.39482367038726807, 0.3841279149055481, 0.38259223103523254, 0.3913561999797821, 0.38289815187454224, 0.3833516836166382, 0.38837388157844543, 0.4106122553348541, 0.42778733372688293, 0.3840183615684509, 0.3833261728286743, 0.47390350699424744, 0.38291823863983154, 0.38519978523254395, 0.38246768712997437, 0.38362571597099304, 0.39700525999069214, 0.38741111755371094, 0.3824821710586548, 0.3975142240524292, 0.3981158137321472, 0.3990984261035919, 0.3833695352077484, 0.38356563448905945, 0.38557174801826477, 0.3956688940525055, 0.403779000043869, 0.3892834484577179, 0.4055456221103668, 0.38622885942459106, 0.38278767466545105, 0.3843443989753723, 0.385774701833725, 0.3843074440956116, 0.3840821385383606, 0.3873918950557709, 0.38904234766960144, 0.3826409876346588, 0.3860355019569397, 0.408700168132782, 0.3835834264755249, 0.3993307054042816, 0.38395074009895325, 0.39165398478507996, 0.38596993684768677, 0.39085590839385986, 0.38526612520217896, 0.38623514771461487, 0.3848249316215515, 0.3872699737548828, 0.38384026288986206, 0.4115643799304962, 0.3825359344482422, 0.3875756561756134, 0.39557257294654846, 0.3833756148815155, 0.4043518006801605, 0.38258659839630127, 0.39549705386161804, 0.3876383900642395, 0.3850068151950836, 0.38341009616851807, 0.39544135332107544, 0.3836492896080017, 0.3836936056613922, 0.42077311873435974, 0.38242068886756897, 0.3824235796928406, 0.43903687596321106, 0.41534945368766785, 0.3945711553096771, 0.395404577255249, 0.38660213351249695, 0.3995510935783386, 0.3847253918647766, 0.3840080499649048, 0.412333607673645, 0.39384183287620544, 0.3885311186313629, 0.40538841485977173, 0.3847464323043823, 0.38243335485458374, 0.38263779878616333, 0.3835562467575073, 0.3853697180747986, 0.38250988721847534, 0.38412418961524963, 0.3878127634525299, 0.38962122797966003, 0.3840092718601227, 0.3872221112251282, 0.38355448842048645, 0.383980929851532, 0.3847742974758148, 0.38864678144454956, 0.3939000070095062, 0.38511359691619873, 0.38532009720802307, 0.38396793603897095, 0.38588839769363403, 0.38750919699668884, 0.38438189029693604, 0.38251233100891113, 0.39583659172058105, 0.3856847882270813, 0.38495907187461853, 0.3861566185951233, 0.3831067383289337, 0.3862917423248291, 0.38644808530807495, 0.38621243834495544, 0.392628014087677, 0.3825397491455078, 0.38379746675491333, 0.3957820236682892, 0.3850286602973938, 0.3897194266319275, 0.3844672441482544, 0.3958471417427063, 0.38521313667297363, 0.3841599225997925, 0.3915574252605438, 0.3834446370601654, 0.383394330739975, 0.38643085956573486, 0.39372798800468445, 0.38652798533439636, 0.3991040885448456, 0.3839268386363983, 0.4186132848262787, 0.39212730526924133, 0.3891897201538086, 0.385257750749588, 0.40213340520858765, 0.38242390751838684, 0.3824215829372406, 0.3824930191040039, 0.3846800923347473, 0.38584622740745544, 0.3825538158416748, 0.38774603605270386, 0.3961442708969116, 0.4007684588432312, 0.4055415689945221, 0.383605033159256, 0.40376442670822144, 0.3825216293334961, 0.3867564797401428, 0.41295352578163147, 0.3949560821056366, 0.3828689157962799, 0.4293128550052643, 0.3859221339225769, 0.38315334916114807, 0.3834032416343689, 0.3843197226524353, 0.3846900165081024, 0.3824993073940277, 0.3973195254802704, 0.3858710825443268, 0.3848884701728821, 0.38253840804100037, 0.3902522623538971, 0.38894984126091003, 0.3834460973739624, 0.3868781328201294, 0.3891206383705139, 0.3933960795402527, 0.38497015833854675, 0.4080568552017212, 0.388579398393631, 0.4044193923473358, 0.3876357674598694, 0.4230579435825348, 0.3873315155506134, 0.38273030519485474, 0.3965403437614441, 0.38253501057624817, 0.3893338739871979, 0.38244137167930603, 0.3859916627407074, 0.39423251152038574, 0.3882838785648346]",1.0,"[4.0, 1.0, 1.0, 1.0, 1.0, 1.0, 1.0, 1.0, 1.0, 1.0, 1.0, 1.0, 1.0, 1.0, 1.0, 1.0, 1.0, 1.0, 1.0, 1.0, 1.0, 1.0, 1.0, 1.0, 1.0, 1.0, 1.0, 1.0, 1.0, 1.0, 1.0, 1.0, 1.0, 1.0, 1.0, 1.0, 1.0, 1.0, 1.0, 1.0, 1.0, 1.0, 1.0, 1.0, 1.0, 1.0, 1.0, 1.0, 1.0, 1.0, 1.0, 1.0, 1.0, 1.0, 1.0, 1.0, 1.0, 1.0, 1.0, 1.0, 1.0, 1.0, 1.0, 1.0, 1.0, 1.0, 1.0, 1.0, 1.0, 1.0, 1.0, 1.0, 1.0, 1.0, 1.0, 1.0, 1.0, 1.0, 1.0, 1.0, 1.0, 1.0, 1.0, 1.0, 1.0, 1.0, 1.0, 1.0, 1.0, 1.0, 1.0, 1.0, 1.0, 1.0, 1.0, 1.0, 1.0, 1.0, 1.0, 1.0, 1.0, 1.0, 1.0, 1.0, 1.0, 1.0, 1.0, 1.0, 1.0, 1.0, 1.0, 1.0, 1.0, 1.0, 1.0, 1.0, 1.0, 1.0, 1.0, 1.0, 1.0, 1.0, 1.0, 1.0, 1.0, 1.0, 1.0, 1.0, 1.0, 1.0, 1.0, 1.0, 1.0, 1.0, 1.0, 1.0, 1.0, 1.0, 1.0, 1.0, 1.0, 1.0, 1.0, 1.0, 1.0, 1.0, 1.0, 1.0, 1.0, 1.0, 1.0, 1.0, 1.0, 1.0, 1.0, 1.0, 1.0, 1.0, 1.0, 1.0, 1.0, 1.0, 1.0, 1.0, 1.0, 1.0, 1.0, 1.0, 1.0, 1.0, 1.0, 1.0, 1.0, 1.0, 1.0, 1.0, 1.0, 1.0, 1.0, 1.0, 1.0, 1.0, 1.0, 1.0, 1.0, 1.0, 1.0, 1.0, 1.0, 1.0, 1.0, 1.0, 1.0, 1.0, 1.0, 1.0, 1.0, 1.0, 1.0, 1.0, 1.0, 1.0, 1.0, 1.0, 1.0, 1.0, 1.0, 1.0, 1.0, 1.0, 1.0, 1.0, 1.0, 1.0, 1.0, 1.0, 1.0, 1.0, 1.0, 1.0, 1.0, 1.0, 1.0, 1.0, 1.0, 1.0, 1.0, 1.0, 1.0, 1.0, 1.0, 1.0, 1.0, 1.0, 1.0, 1.0, 1.0, 1.0, 1.0, 1.0, 1.0, 1.0, 1.0, 1.0, 1.0, 1.0, 1.0, 1.0, 1.0, 1.0, 1.0, 1.0, 1.0, 1.0, 1.0, 1.0, 1.0, 1.0, 1.0, 1.0, 1.0, 1.0, 1.0, 1.0, 1.0, 1.0, 1.0, 1.0, 1.0, 1.0, 1.0, 1.0, 1.0, 1.0, 1.0, 1.0, 1.0, 1.0, 1.0, 1.0, 1.0, 1.0, 1.0, 1.0, 1.0, 1.0, 1.0, 1.0, 1.0, 1.0, 1.0, 1.0, 1.0, 1.0, 1.0, 1.0, 1.0, 1.0, 1.0, 1.0, 1.0, 1.0, 1.0, 1.0, 1.0, 1.0, 1.0, 1.0, 1.0, 1.0, 1.0, 1.0, 1.0, 1.0, 1.0, 1.0, 1.0, 1.0, 1.0, 1.0, 1.0, 1.0, 1.0, 1.0, 1.0, 1.0, 1.0, 1.0, 1.0, 1.0, 1.0, 1.0, 1.0, 1.0, 1.0, 1.0, 1.0, 1.0, 1.0, 1.0, 1.0, 1.0, 1.0, 1.0, 1.0, 1.0, 1.0, 1.0, 1.0, 1.0, 1.0, 1.0, 1.0, 1.0, 1.0, 1.0, 1.0, 1.0, 1.0, 1.0, 1.0, 1.0, 1.0, 1.0, 1.0, 1.0, 1.0, 1.0, 1.0, 1.0, 1.0, 1.0, 1.0, 1.0, 1.0, 1.0, 1.0, 1.0, 1.0, 1.0, 1.0, 1.0, 1.0, 1.0, 1.0, 1.0, 1.0, 1.0, 1.0, 1.0, 1.0, 1.0, 1.0, 1.0, 1.0, 1.0, 1.0, 1.0, 1.0, 1.0, 1.0, 1.0, 1.0, 1.0, 1.0, 1.0, 1.0, 1.0, 1.0, 1.0, 1.0, 1.0, 1.0, 1.0, 1.0, 1.0, 1.0, 1.0, 1.0, 1.0, 1.0, 1.0, 1.0, 1.0, 1.0, 1.0, 1.0, 1.0, 1.0, 1.0, 1.0, 1.0, 1.0, 1.0, 1.0, 1.0, 1.0, 1.0, 1.0, 1.0, 1.0, 1.0, 1.0, 1.0, 1.0]",COMPLETE
