,number,value,datetime_start,datetime_complete,duration,params_batch_size_scaler,params_constant_learning_rate,params_depth,params_epochs,params_kernel_l2,params_num_trees,params_temperature,user_attrs_accuracy_test,user_attrs_accuracy_valid,user_attrs_approximate_feature_sparsity,user_attrs_approximate_feature_sparsity_history,user_attrs_approximate_weight_sparsity,user_attrs_approximate_weight_sparsity_history,user_attrs_auc_test,user_attrs_auc_valid,user_attrs_feature_sparsity,user_attrs_feature_sparsity_history,user_attrs_num_epochs,user_attrs_val_loss_history,user_attrs_weight_sparsity,user_attrs_weight_sparsity_history,state
153,153,0.7544151176720639,2024-08-31 07:41:39.367187,2024-08-31 07:43:54.620797,0 days 00:02:15.253610,16,0.027240896800819068,5,440,0.1579647366015188,58,0.006194566262057569,0.882,0.875,33,"[33, 33, 33, 33, 33, 33, 33, 33, 33, 33, 33, 33, 33, 33, 33, 33, 33, 33, 33, 33, 33, 33, 33, 33, 33, 33, 33, 33, 33, 33, 33, 33, 33, 33, 33, 33, 33, 33, 33, 33, 33, 33, 33, 33, 33, 33, 33, 33, 33, 33, 33, 33, 33, 33, 33, 33, 33, 33, 33, 33, 33, 33, 33, 33, 33, 33, 33, 33, 33, 33, 33, 33, 33, 33, 33, 33, 33, 33, 33, 33, 33, 33, 33, 33, 33, 33, 33, 33, 33, 33, 33, 33, 33, 33, 33, 33, 33, 33, 33, 33, 33, 33, 33, 33, 33, 33, 33, 33, 33, 33, 33, 33, 33, 33, 33, 33, 33, 33, 33, 33, 33, 33, 33, 33, 33, 33, 33, 33, 33, 33, 33, 33, 33, 33, 33, 33, 33, 33, 33, 33, 33, 33, 33, 33, 33, 33, 33, 33, 33, 33, 33, 33, 33, 33, 33, 33, 33, 33, 33, 33, 33, 33, 33, 33, 33, 33, 33, 33, 33, 33, 33, 33, 33, 33, 33, 33, 33, 33, 33, 33, 33, 33, 33, 33, 33, 33, 33, 33, 33, 33, 33, 33, 33, 33, 33, 33, 33, 33, 33, 33, 33, 33, 33, 33, 33, 33, 33, 33, 33, 33, 33, 33, 33, 33, 33, 33, 33, 33, 33, 33, 33, 33, 33, 33, 33, 33, 33, 33, 33, 33, 33, 33, 33, 33, 33, 33, 33, 33, 33, 33, 33, 33, 33, 33, 33, 33, 33, 33, 33, 33, 33, 33, 33, 33, 33, 33, 33, 33, 33, 33, 33, 33, 33, 33, 33, 33, 33, 33, 33, 33, 33, 33, 33, 33, 33, 33, 33, 33, 33, 33, 33, 33, 33, 33, 33, 33, 33, 33, 33, 33, 33, 33, 33, 33, 33, 33, 33, 33, 33, 33, 33, 33, 33, 33, 33, 33, 33, 33, 33, 33, 33, 33, 33, 33, 33, 33, 33, 33, 33, 33, 33, 33, 33, 33, 33, 33, 33, 33, 33, 33, 33, 33, 33, 33, 33, 33, 33, 33, 33, 33, 33, 33, 33, 33, 33, 33, 33, 33, 33, 33, 33, 33, 33, 33, 33, 33, 33, 33, 33, 33, 33, 33, 33, 33, 33, 33, 33, 33, 33, 33, 33, 33, 33, 33, 33, 33, 33, 33, 33, 33, 33, 33, 33, 33, 33, 33, 33, 33, 33, 33, 33, 33, 33, 33, 33, 33, 33, 33, 33, 33, 33, 33, 33, 33, 33, 33, 33, 33, 33, 33, 33, 33, 33, 33, 33, 33, 33, 33, 33, 33, 33, 33, 33, 33, 33, 33, 33, 33, 33, 33, 33, 33, 33, 33, 33, 33, 33, 33, 33, 33]",32.93826473859844,"[32.94660734149055, 32.94493882091213, 32.93826473859844, 32.93993325917686, 32.93993325917686, 32.95050055617353, 32.94382647385984, 32.942714126807566, 32.93993325917686, 32.94327030033371, 32.94048943270301, 32.94215795328142, 32.94382647385984, 32.94160177975528, 32.94493882091213, 32.94493882091213, 32.94716351501669, 32.949388209121246, 32.94382647385984, 32.93993325917686, 32.93826473859844, 32.939377085650726, 32.9349276974416, 32.933815350389324, 32.940489432703004, 32.94160177975528, 32.941045606229146, 32.94160177975528, 32.9377085650723, 32.935483870967744, 32.93270300333704, 32.937708565072306, 32.941045606229146, 32.939377085650726, 32.939377085650726, 32.938820912124584, 32.936040044493886, 32.935483870967744, 32.9321468298109, 32.932146829810904, 32.936040044493886, 32.93937708565072, 32.940489432703004, 32.93937708565072, 32.94160177975529, 32.938820912124584, 32.942714126807566, 32.93826473859845, 32.94160177975528, 32.9349276974416, 32.937708565072306, 32.94215795328142, 32.94382647385984, 32.93993325917686, 32.941045606229146, 32.942714126807566, 32.94716351501668, 32.94493882091212, 32.940489432703004, 32.94160177975528, 32.9432703003337, 32.94382647385984, 32.94827586206897, 32.94716351501668, 32.94660734149054, 32.940489432703004, 32.940489432703004, 32.941045606229146, 32.94160177975529, 32.944382647385986, 32.94549499443827, 32.947719688542826, 32.94994438264739, 32.94549499443826, 32.94493882091212, 32.94716351501668, 32.94549499443826, 32.94160177975529, 32.94382647385984, 32.94549499443826, 32.94327030033371, 32.94215795328143, 32.942714126807566, 32.94660734149055, 32.94827586206897, 32.946051167964406, 32.94382647385984, 32.94549499443826, 32.94827586206897, 32.94215795328142, 32.94493882091213, 32.94549499443826, 32.94549499443826, 32.94382647385984, 32.94493882091213, 32.942714126807566, 32.94382647385984, 32.94215795328143, 32.94160177975528, 32.94160177975528, 32.93659621802002, 32.935483870967744, 32.933815350389324, 32.93437152391546, 32.92992213570634, 32.928809788654064, 32.932146829810904, 32.932146829810904, 32.935483870967744, 32.937708565072306, 32.938820912124584, 32.937152391546164, 32.94215795328142, 32.941045606229146, 32.940489432703004, 32.93659621802002, 32.93325917686318, 32.932146829810904, 32.930478309232484, 32.928809788654064, 32.92436040044494, 32.92769744160178, 32.93270300333704, 32.935483870967744, 32.935483870967744, 32.9349276974416, 32.934371523915466, 32.93159065628476, 32.933815350389324, 32.935483870967744, 32.934371523915466, 32.933815350389324, 32.93492769744161, 32.935483870967744, 32.93826473859845, 32.940489432703004, 32.94160177975529, 32.9377085650723, 32.93826473859844, 32.93604004449388, 32.935483870967744, 32.93604004449388, 32.939377085650726, 32.940489432703004, 32.94160177975528, 32.941045606229146, 32.938820912124584, 32.937708565072306, 32.9377085650723, 32.9377085650723, 32.937152391546164, 32.937708565072306, 32.938820912124584, 32.93604004449388, 32.937152391546164, 32.935483870967744, 32.936040044493886, 32.9377085650723, 32.936040044493886, 32.9349276974416, 32.933815350389324, 32.93659621802002, 32.93659621802002, 32.935483870967744, 32.93604004449388, 32.937152391546164, 32.938820912124584, 32.93826473859845, 32.93325917686319, 32.934371523915466, 32.933815350389324, 32.936040044493886, 32.933815350389324, 32.93604004449388, 32.936040044493886, 32.93604004449388, 32.936040044493886, 32.93437152391546, 32.9349276974416, 32.9349276974416, 32.933815350389324, 32.93659621802002, 32.93381535038932, 32.93159065628476, 32.9349276974416, 32.936040044493886, 32.93659621802003, 32.9349276974416, 32.937152391546164, 32.939377085650726, 32.940489432703004, 32.94215795328142, 32.940489432703004, 32.939377085650726, 32.93993325917686, 32.940489432703004, 32.937152391546164, 32.93659621802002, 32.936040044493886, 32.9349276974416, 32.93659621802002, 32.93826473859844, 32.93659621802002, 32.937708565072306, 32.938820912124584, 32.93659621802002, 32.932703003337046, 32.933815350389324, 32.93826473859844, 32.9349276974416, 32.937152391546164, 32.9377085650723, 32.9377085650723, 32.941045606229146, 32.94215795328142, 32.94215795328142, 32.9432703003337, 32.93993325917687, 32.939377085650726, 32.93826473859845, 32.93826473859844, 32.93826473859844, 32.937152391546164, 32.93826473859844, 32.93826473859844, 32.937152391546164, 32.93659621802002, 32.940489432703004, 32.937708565072306, 32.93826473859844, 32.93993325917687, 32.93604004449388, 32.9349276974416, 32.93325917686318, 32.932703003337046, 32.93159065628476, 32.9349276974416, 32.938820912124584, 32.93993325917686, 32.93826473859844, 32.93993325917686, 32.938820912124584, 32.940489432703004, 32.93937708565072, 32.937152391546164, 32.937708565072306, 32.93993325917687, 32.939377085650726, 32.93826473859845, 32.938820912124584, 32.937152391546164, 32.93659621802002, 32.935483870967744, 32.93659621802002, 32.93437152391546, 32.93325917686318, 32.935483870967744, 32.93826473859844, 32.93437152391546, 32.933815350389324, 32.932146829810904, 32.933815350389324, 32.937152391546164, 32.937152391546164, 32.9377085650723, 32.937708565072306, 32.93826473859844, 32.938820912124584, 32.937152391546164, 32.936040044493886, 32.938820912124584, 32.93826473859844, 32.93437152391546, 32.93381535038932, 32.93270300333704, 32.93437152391546, 32.937708565072306, 32.939377085650726, 32.939377085650726, 32.941045606229146, 32.93826473859844, 32.935483870967744, 32.937152391546164, 32.93826473859844, 32.93993325917687, 32.940489432703004, 32.938820912124584, 32.939377085650726, 32.94160177975528, 32.941045606229146, 32.942714126807566, 32.94549499443826, 32.94382647385984, 32.94215795328142, 32.941045606229146, 32.940489432703004, 32.940489432703004, 32.9377085650723, 32.937152391546164, 32.93659621802002, 32.93659621802002, 32.93659621802002, 32.938820912124584, 32.94160177975528, 32.93993325917686, 32.941045606229146, 32.938820912124584, 32.940489432703004, 32.944382647385986, 32.94382647385985, 32.940489432703004, 32.940489432703004, 32.93826473859845, 32.939377085650726, 32.9377085650723, 32.937708565072306, 32.937152391546164, 32.937152391546164, 32.937708565072306, 32.937152391546164, 32.93826473859845, 32.93659621802003, 32.937708565072306, 32.938820912124584, 32.937708565072306, 32.9349276974416, 32.934371523915466, 32.9349276974416, 32.936040044493886, 32.937152391546164, 32.935483870967744, 32.939377085650726, 32.937152391546164, 32.9349276974416, 32.935483870967744, 32.93437152391546, 32.93270300333704, 32.9321468298109, 32.933815350389324, 32.935483870967744, 32.937152391546164, 32.93604004449388, 32.93826473859844, 32.93659621802002, 32.937708565072306, 32.94160177975528, 32.93993325917686, 32.940489432703004, 32.941045606229146, 32.9432703003337, 32.940489432703004, 32.94160177975528, 32.93993325917686, 32.941045606229146, 32.942714126807566, 32.9432703003337, 32.94160177975528, 32.94382647385984, 32.94493882091213, 32.94382647385984, 32.941045606229146, 32.93826473859844, 32.9377085650723, 32.935483870967744, 32.937708565072306, 32.937708565072306, 32.937708565072306, 32.938820912124584, 32.939377085650726, 32.939377085650726, 32.93826473859844, 32.93659621802002, 32.93826473859844, 32.937152391546164, 32.93993325917687, 32.93826473859845, 32.940489432703004, 32.94104560622914, 32.94215795328142, 32.94382647385984, 32.9432703003337, 32.94160177975528, 32.939377085650726, 32.938820912124584, 32.939377085650726, 32.93826473859844, 32.938820912124584, 32.93937708565072, 32.9349276974416, 32.93993325917686, 32.939377085650726, 32.941045606229146, 32.944382647385986, 32.942714126807566, 32.94382647385984, 32.94493882091213, 32.94382647385984, 32.94493882091213, 32.94493882091212, 32.94493882091213, 32.944382647385986, 32.94382647385984, 32.944382647385986, 32.94382647385984, 32.946051167964406, 32.94549499443826, 32.946051167964406, 32.94493882091213, 32.94549499443826, 32.946051167964406, 32.94716351501669, 32.946051167964406, 32.942714126807566, 32.9432703003337, 32.94382647385984, 32.944382647385986, 32.94160177975528, 32.941045606229146, 32.941045606229146, 32.936040044493886, 32.938820912124584, 32.94215795328143, 32.940489432703004, 32.942714126807566, 32.94215795328143, 32.941045606229146, 32.94215795328142, 32.94160177975529, 32.940489432703004, 32.937708565072306, 32.93604004449388, 32.93437152391546, 32.936040044493886, 32.93826473859844, 32.93659621802003, 32.938820912124584, 32.93826473859844, 32.938820912124584, 32.938820912124584, 32.93826473859844]",0.7866808675765158,0.7544151176720639,33,"[33, 33, 33, 33, 33, 33, 33, 33, 33, 33, 33, 33, 33, 33, 33, 33, 33, 33, 33, 33, 33, 33, 33, 33, 33, 33, 33, 33, 33, 33, 33, 33, 33, 33, 33, 33, 33, 33, 33, 33, 33, 33, 33, 33, 33, 33, 33, 33, 33, 33, 33, 33, 33, 33, 33, 33, 33, 33, 33, 33, 33, 33, 33, 33, 33, 33, 33, 33, 33, 33, 33, 33, 33, 33, 33, 33, 33, 33, 33, 33, 33, 33, 33, 33, 33, 33, 33, 33, 33, 33, 33, 33, 33, 33, 33, 33, 33, 33, 33, 33, 33, 33, 33, 33, 33, 33, 33, 33, 33, 33, 33, 33, 33, 33, 33, 33, 33, 33, 33, 33, 33, 33, 33, 33, 33, 33, 33, 33, 33, 33, 33, 33, 33, 33, 33, 33, 33, 33, 33, 33, 33, 33, 33, 33, 33, 33, 33, 33, 33, 33, 33, 33, 33, 33, 33, 33, 33, 33, 33, 33, 33, 33, 33, 33, 33, 33, 33, 33, 33, 33, 33, 33, 33, 33, 33, 33, 33, 33, 33, 33, 33, 33, 33, 33, 33, 33, 33, 33, 33, 33, 33, 33, 33, 33, 33, 33, 33, 33, 33, 33, 33, 33, 33, 33, 33, 33, 33, 33, 33, 33, 33, 33, 33, 33, 33, 33, 33, 33, 33, 33, 33, 33, 33, 33, 33, 33, 33, 33, 33, 33, 33, 33, 33, 33, 33, 33, 33, 33, 33, 33, 33, 33, 33, 33, 33, 33, 33, 33, 33, 33, 33, 33, 33, 33, 33, 33, 33, 33, 33, 33, 33, 33, 33, 33, 33, 33, 33, 33, 33, 33, 33, 33, 33, 33, 33, 33, 33, 33, 33, 33, 33, 33, 33, 33, 33, 33, 33, 33, 33, 33, 33, 33, 33, 33, 33, 33, 33, 33, 33, 33, 33, 33, 33, 33, 33, 33, 33, 33, 33, 33, 33, 33, 33, 33, 33, 33, 33, 33, 33, 33, 33, 33, 33, 33, 33, 33, 33, 33, 33, 33, 33, 33, 33, 33, 33, 33, 33, 33, 33, 33, 33, 33, 33, 33, 33, 33, 33, 33, 33, 33, 33, 33, 33, 33, 33, 33, 33, 33, 33, 33, 33, 33, 33, 33, 33, 33, 33, 33, 33, 33, 33, 33, 33, 33, 33, 33, 33, 33, 33, 33, 33, 33, 33, 33, 33, 33, 33, 33, 33, 33, 33, 33, 33, 33, 33, 33, 33, 33, 33, 33, 33, 33, 33, 33, 33, 33, 33, 33, 33, 33, 33, 33, 33, 33, 33, 33, 33, 33, 33, 33, 33, 33, 33, 33, 33, 33, 33, 33, 33, 33, 33, 33, 33, 33, 33, 33, 33, 33, 33, 33]",440,"[0.5354012250900269, 0.48087814450263977, 0.45167437195777893, 0.4348401129245758, 0.4245097041130066, 0.41808411478996277, 0.41358181834220886, 0.4105135202407837, 0.4082280993461609, 0.406494140625, 0.40513816475868225, 0.4039909243583679, 0.4030643701553345, 0.4022443890571594, 0.40147602558135986, 0.40079256892204285, 0.4001580476760864, 0.3995257616043091, 0.39893099665641785, 0.3983815908432007, 0.39783477783203125, 0.39732807874679565, 0.3968353271484375, 0.3963446021080017, 0.39585980772972107, 0.3953898251056671, 0.3949338495731354, 0.39448630809783936, 0.39407166838645935, 0.3936556279659271, 0.39322611689567566, 0.3928329050540924, 0.3924316465854645, 0.39203736186027527, 0.39165064692497253, 0.39128348231315613, 0.39093565940856934, 0.3905932605266571, 0.39024773240089417, 0.38992080092430115, 0.38959696888923645, 0.38927173614501953, 0.3889559209346771, 0.3886431157588959, 0.38833239674568176, 0.3880102038383484, 0.38770467042922974, 0.3874063193798065, 0.38712239265441895, 0.38684383034706116, 0.3865666091442108, 0.38629046082496643, 0.3860137462615967, 0.38573282957077026, 0.38547614216804504, 0.385204017162323, 0.3849552273750305, 0.3847159445285797, 0.3844716548919678, 0.3842465579509735, 0.3840060532093048, 0.3837788701057434, 0.38355717062950134, 0.3833421766757965, 0.3831135928630829, 0.3828907310962677, 0.38267266750335693, 0.3824840784072876, 0.38227424025535583, 0.38208863139152527, 0.38188645243644714, 0.38166576623916626, 0.38145872950553894, 0.38126686215400696, 0.38107556104660034, 0.3808979094028473, 0.3807196021080017, 0.38054370880126953, 0.3803820312023163, 0.3802070617675781, 0.3800489008426666, 0.3798780143260956, 0.3797192871570587, 0.37954890727996826, 0.37938210368156433, 0.37921637296676636, 0.37904685735702515, 0.37887805700302124, 0.3787336051464081, 0.3785755932331085, 0.37840816378593445, 0.3782554268836975, 0.3780953288078308, 0.3779350519180298, 0.3777860999107361, 0.3776499629020691, 0.3775193393230438, 0.3773672580718994, 0.3772289752960205, 0.37707439064979553, 0.3769347667694092, 0.37678658962249756, 0.3766549229621887, 0.37653663754463196, 0.37641674280166626, 0.37627869844436646, 0.3761485815048218, 0.37602823972702026, 0.37591174244880676, 0.37578341364860535, 0.37567460536956787, 0.3755490183830261, 0.37542399764060974, 0.37530317902565, 0.3751557171344757, 0.3750247061252594, 0.3749014735221863, 0.37477850914001465, 0.3746621310710907, 0.3745461702346802, 0.3744513690471649, 0.37434887886047363, 0.3742333650588989, 0.3741132616996765, 0.3739902377128601, 0.3738826811313629, 0.37376511096954346, 0.3736504316329956, 0.3735302686691284, 0.3734360933303833, 0.3733154535293579, 0.3731965720653534, 0.37308818101882935, 0.37297701835632324, 0.37285202741622925, 0.37273910641670227, 0.3726491928100586, 0.3725646734237671, 0.37244856357574463, 0.3723653554916382, 0.37225356698036194, 0.3721432387828827, 0.37204548716545105, 0.371934711933136, 0.3718448579311371, 0.3717331290245056, 0.3716471493244171, 0.37153542041778564, 0.3714374899864197, 0.37135204672813416, 0.37122735381126404, 0.3711249828338623, 0.37102165818214417, 0.37093231081962585, 0.37084460258483887, 0.370733380317688, 0.37063068151474, 0.37052300572395325, 0.3704267144203186, 0.3703177273273468, 0.37023234367370605, 0.3701635003089905, 0.37008270621299744, 0.3700014352798462, 0.3699101507663727, 0.3698016107082367, 0.36969780921936035, 0.3695913255214691, 0.36951103806495667, 0.36940789222717285, 0.36930233240127563, 0.3692241311073303, 0.36913079023361206, 0.3690405786037445, 0.36894920468330383, 0.3688395321369171, 0.36875370144844055, 0.3686562776565552, 0.36855238676071167, 0.368448942899704, 0.3683632016181946, 0.36828625202178955, 0.3681997060775757, 0.36810988187789917, 0.36803367733955383, 0.36795103549957275, 0.36787864565849304, 0.3677724003791809, 0.3676842153072357, 0.36759474873542786, 0.3675122857093811, 0.36742591857910156, 0.3673593997955322, 0.36726272106170654, 0.3671663999557495, 0.3670778274536133, 0.36696547269821167, 0.3668806850910187, 0.36681652069091797, 0.3667305111885071, 0.3666536808013916, 0.36657342314720154, 0.3664742410182953, 0.3663787841796875, 0.3663069009780884, 0.36623284220695496, 0.36613860726356506, 0.36603328585624695, 0.3659321069717407, 0.36584413051605225, 0.3657724857330322, 0.36568722128868103, 0.3656039535999298, 0.36551034450531006, 0.3654019832611084, 0.3653293251991272, 0.3652666211128235, 0.3651820421218872, 0.36510565876960754, 0.36503422260284424, 0.3649284839630127, 0.3648340702056885, 0.3647476136684418, 0.36466655135154724, 0.36458247900009155, 0.36449041962623596, 0.36441630125045776, 0.3643319308757782, 0.36423856019973755, 0.3641531467437744, 0.3640711307525635, 0.3639792203903198, 0.36389654874801636, 0.3638073801994324, 0.36372411251068115, 0.3636471629142761, 0.3635803163051605, 0.3635021150112152, 0.36341172456741333, 0.36332446336746216, 0.3632314205169678, 0.3631632626056671, 0.36308833956718445, 0.3630113899707794, 0.3629390597343445, 0.3628479838371277, 0.3627733886241913, 0.36268824338912964, 0.3625914752483368, 0.3625043034553528, 0.3624130189418793, 0.36233094334602356, 0.36224886775016785, 0.36218613386154175, 0.3621033728122711, 0.362021803855896, 0.3619396686553955, 0.36186936497688293, 0.36179524660110474, 0.3617166578769684, 0.3616398274898529, 0.3615524172782898, 0.361458420753479, 0.36138278245925903, 0.36129841208457947, 0.3612186908721924, 0.36115890741348267, 0.3610837161540985, 0.3609999716281891, 0.36091506481170654, 0.36083850264549255, 0.36078062653541565, 0.3607160151004791, 0.3606364130973816, 0.36056241393089294, 0.36047065258026123, 0.36037150025367737, 0.3602963387966156, 0.3602096438407898, 0.36013317108154297, 0.3600606918334961, 0.35999706387519836, 0.35991981625556946, 0.35985493659973145, 0.35978463292121887, 0.35970738530158997, 0.35963088274002075, 0.3595488667488098, 0.35947945713996887, 0.3594086766242981, 0.3593345582485199, 0.3592543303966522, 0.35918253660202026, 0.35910671949386597, 0.35900431871414185, 0.3589218556880951, 0.3588331639766693, 0.35877954959869385, 0.3587051033973694, 0.35860365629196167, 0.35852891206741333, 0.35845839977264404, 0.3583664000034332, 0.35828396677970886, 0.35821953415870667, 0.35813117027282715, 0.3580484688282013, 0.3579768240451813, 0.357911080121994, 0.35782891511917114, 0.3577519357204437, 0.3576735258102417, 0.3575909733772278, 0.3575127422809601, 0.3574523627758026, 0.3573492467403412, 0.3572651147842407, 0.3571770191192627, 0.3571113348007202, 0.35705170035362244, 0.35695964097976685, 0.356879323720932, 0.3567810356616974, 0.356719434261322, 0.3566427230834961, 0.3565802276134491, 0.3565141260623932, 0.35642728209495544, 0.3563602864742279, 0.3562752902507782, 0.35619232058525085, 0.3561135232448578, 0.35602232813835144, 0.3559630513191223, 0.35588908195495605, 0.35582447052001953, 0.3557358682155609, 0.3556845784187317, 0.3556067943572998, 0.3555196523666382, 0.35545217990875244, 0.3553752601146698, 0.3553084433078766, 0.35523369908332825, 0.35515186190605164, 0.3550938665866852, 0.3550082743167877, 0.35492825508117676, 0.35483235120773315, 0.3547518253326416, 0.3546692728996277, 0.35460686683654785, 0.35454991459846497, 0.3544893264770508, 0.3544253408908844, 0.3543386459350586, 0.35425007343292236, 0.354183554649353, 0.35410645604133606, 0.35403546690940857, 0.3539639413356781, 0.3538772463798523, 0.3537868559360504, 0.35371068120002747, 0.35365191102027893, 0.3535754382610321, 0.3535069525241852, 0.35343649983406067, 0.35335078835487366, 0.3532755374908447, 0.3531903028488159, 0.35311293601989746, 0.3530513644218445, 0.3529635965824127, 0.35290905833244324, 0.3528383672237396, 0.3527655303478241, 0.3526732921600342, 0.35261592268943787, 0.352542906999588, 0.3524312674999237, 0.35236048698425293, 0.3522946834564209, 0.3522287607192993, 0.35214024782180786, 0.352100133895874, 0.352024644613266, 0.3519464433193207, 0.35186415910720825, 0.35178741812705994, 0.3517150580883026, 0.35164913535118103, 0.35158616304397583, 0.3515213131904602, 0.35143887996673584, 0.35136574506759644, 0.35130059719085693, 0.3512347340583801, 0.35117465257644653, 0.35109829902648926, 0.35101544857025146, 0.35095229744911194, 0.35087090730667114, 0.35080012679100037, 0.3507460653781891, 0.3506776690483093, 0.35060063004493713, 0.35049739480018616, 0.3504079580307007, 0.35033008456230164, 0.3502686619758606, 0.35018390417099, 0.35010743141174316, 0.35003772377967834, 0.3499789535999298, 0.3499033749103546, 0.3498309850692749, 0.349760502576828, 0.3496815860271454, 0.3496219515800476, 0.3495498597621918, 0.34945443272590637, 0.34937217831611633, 0.34931179881095886, 0.3492373526096344, 0.3491613268852234, 0.3490827977657318, 0.34902098774909973, 0.3489544689655304, 0.34890392422676086, 0.3488238453865051, 0.3487595021724701, 0.3486943542957306, 0.3486346900463104, 0.3485614061355591, 0.34849002957344055, 0.34841322898864746, 0.34833672642707825, 0.3482699990272522, 0.3481921851634979]",33.0,"[33.0, 33.0, 33.0, 33.0, 33.0, 33.0, 33.0, 33.0, 33.0, 33.0, 33.0