,number,value,datetime_start,datetime_complete,duration,params_batch_size_scaler,params_constant_learning_rate,params_depth,params_epochs,params_kernel_l2,params_num_trees,params_temperature,user_attrs_accuracy_test,user_attrs_accuracy_valid,user_attrs_approximate_feature_sparsity,user_attrs_approximate_feature_sparsity_history,user_attrs_approximate_weight_sparsity,user_attrs_approximate_weight_sparsity_history,user_attrs_auc_test,user_attrs_auc_valid,user_attrs_feature_sparsity,user_attrs_feature_sparsity_history,user_attrs_num_epochs,user_attrs_val_loss_history,user_attrs_weight_sparsity,user_attrs_weight_sparsity_history,state
64,64,0.9268848784635003,2024-08-31 02:48:50.455155,2024-08-31 03:02:12.995964,0 days 00:13:22.540809,1,0.014894871302967122,5,470,0.0010864480977103767,27,0.00011240419012590344,0.94,0.9475,33,"[33, 33, 33, 33, 33, 33, 33, 33, 33, 33, 33, 33, 33, 33, 33, 33, 33, 33, 33, 33, 33, 33, 33, 33, 33, 33, 33, 33, 33, 33, 33, 33, 33, 33, 33, 33, 33, 33, 33, 33, 33, 33, 33, 33, 33, 33, 33, 33, 33, 33, 33, 33, 33, 33, 33, 33, 33, 33, 33, 33, 33, 33, 33, 33, 33, 33, 33, 33, 33, 33, 33, 33, 33, 33, 33, 33, 33, 33, 33, 33, 33, 33, 33, 33, 33, 33, 33, 33, 33, 33, 33, 33, 33, 33, 33, 33, 33, 33, 33, 33, 33, 33, 33, 33, 33, 33, 33, 33, 33, 33, 33, 33, 33, 33, 33, 33, 33, 33, 33, 33, 33, 33, 33, 33, 33, 33, 33, 33, 33, 33, 33, 33, 33, 33, 33, 33, 33, 33, 33, 33, 33, 33, 33, 33, 33, 33, 33, 33, 33, 33, 33, 33, 33, 33, 33, 33, 33, 33, 33, 33, 33, 33, 33, 33, 33, 33, 33, 33, 33, 33, 33, 33, 33, 33, 33, 33, 33, 33, 33, 33, 33, 33, 33, 33, 33, 33, 33, 33, 33, 33, 33, 33, 33, 33, 33, 33, 33, 33, 33, 33, 33, 33, 33, 33, 33, 33, 33, 33, 33, 33, 33, 33, 33, 33, 33, 33, 33, 33, 33, 33, 33, 33, 33, 33, 33, 33, 33, 33, 33, 33, 33, 33, 33, 33, 33, 33, 33, 33, 33, 33, 33, 33, 33, 33, 33, 33, 33, 33, 33, 33, 33, 33, 33, 33, 33, 33, 33, 33, 33, 33, 33, 33, 33, 33, 33, 33, 33, 33, 33, 33, 33, 33, 33, 33, 33, 33, 33, 33, 33, 33, 33, 33, 33, 33, 33, 33, 33, 33, 33, 33, 33, 33, 33, 33, 33, 33, 33, 33, 33, 33, 33, 33, 33, 33, 33, 33, 33, 33, 33, 33, 33, 33, 33, 33, 33, 33, 33, 33, 33, 33, 33, 33, 33, 33, 33, 33, 33, 33, 33, 33, 33, 33, 33, 33, 33, 33, 33, 33, 33, 33, 33, 33, 33, 33, 33, 33, 33, 33, 33, 33, 33, 33, 33, 33, 33, 33, 33, 33, 33, 33, 33, 33, 33, 33, 33, 33, 33, 33, 33, 33, 33, 33, 33, 33, 33, 33, 33, 33, 33, 33, 33, 33, 33, 33, 33, 33, 33, 33, 33, 33, 33, 33, 33, 33, 33, 33, 33, 33, 33, 33, 33, 33, 33, 33, 33, 33, 33, 33, 33, 33, 33, 33, 33, 33, 33, 33, 33, 33, 33, 33, 33, 33, 33, 33, 33, 33, 33, 33, 33, 33, 33, 33, 33, 33, 33, 33, 33, 33, 33, 33, 33, 33, 33, 33, 33, 33, 33, 33, 33, 33, 33, 33, 33, 33, 33, 33, 33, 33, 33, 33, 33, 33, 33, 33, 33, 33, 33, 33, 33, 33]",32.96535244922342,"[32.956989247311824, 32.966547192353644, 32.9689366786141, 32.96535244922342, 32.966547192353644, 32.96415770609319, 32.95818399044205, 32.95937873357228, 32.95818399044206, 32.94982078853047, 32.95818399044205, 32.956989247311824, 32.95818399044206, 32.94982078853047, 32.94504181600956, 32.952210274790914, 32.96296296296296, 32.95937873357228, 32.951015531660694, 32.96296296296296, 32.96415770609319, 32.9557945041816, 32.95459976105138, 32.95818399044205, 32.955794504181604, 32.95459976105137, 32.951015531660694, 32.9557945041816, 32.94743130227001, 32.95818399044206, 32.956989247311824, 32.94982078853047, 32.952210274790914, 32.951015531660694, 32.95221027479092, 32.95937873357228, 32.96057347670251, 32.95818399044205, 32.966547192353644, 32.96296296296296, 32.97013142174432, 32.967741935483865, 32.96296296296296, 32.96774193548387, 32.961768219832734, 32.961768219832734, 32.956989247311824, 32.96057347670251, 32.96535244922342, 32.95459976105137, 32.96774193548387, 32.9689366786141, 32.95937873357228, 32.95459976105137, 32.95818399044205, 32.966547192353644, 32.96296296296296, 32.97491039426523, 32.96535244922342, 32.9689366786141, 32.96296296296296, 32.96774193548387, 32.95101553166069, 32.95221027479092, 32.96774193548387, 32.97132616487455, 32.966547192353644, 32.97013142174432, 32.967741935483865, 32.972520908004775, 32.961768219832734, 32.96535244922342, 32.96774193548387, 32.96774193548387, 32.9689366786141, 32.97013142174433, 32.97610513739546, 32.97013142174432, 32.96774193548387, 32.96774193548387, 32.9689366786141, 32.973715651135, 32.971326164874554, 32.973715651135, 32.96535244922342, 32.95698924731183, 32.966547192353644, 32.966547192353644, 32.961768219832734, 32.966547192353644, 32.97132616487455, 32.96415770609319, 32.96774193548387, 32.96296296296296, 32.96535244922342, 32.96296296296296, 32.955794504181604, 32.96057347670251, 32.96774193548387, 32.96774193548387, 32.973715651135, 32.96535244922342, 32.97013142174432, 32.97132616487455, 32.96535244922342, 32.96057347670251, 32.966547192353644, 32.966547192353644, 32.95937873357228, 32.96057347670251, 32.961768219832734, 32.9689366786141, 32.966547192353644, 32.97013142174433, 32.96415770609319, 32.966547192353644, 32.96535244922342, 32.961768219832734, 32.956989247311824, 32.95818399044205, 32.96057347670251, 32.9557945041816, 32.9557945041816, 32.94504181600956, 32.95340501792114, 32.95459976105137, 32.95818399044205, 32.95818399044205, 32.966547192353644, 32.961768219832734, 32.9557945041816, 32.96415770609319, 32.97013142174433, 32.96535244922342, 32.96057347670251, 32.961768219832734, 32.96057347670251, 32.95937873357228, 32.95937873357228, 32.96057347670251, 32.95221027479092, 32.961768219832734, 32.961768219832734, 32.9557945041816, 32.96057347670251, 32.961768219832734, 32.96296296296296, 32.971326164874554, 32.97013142174433, 32.97013142174433, 32.96774193548387, 32.95340501792114, 32.971326164874554, 32.977299880525685, 32.971326164874554, 32.9689366786141, 32.972520908004775, 32.96296296296296, 32.95459976105137, 32.956989247311824, 32.96296296296296, 32.961768219832734, 32.94743130227001, 32.95937873357228, 32.96774193548387, 32.97491039426523, 32.97013142174433, 32.97968936678614, 32.972520908004775, 32.9689366786141, 32.96535244922342, 32.96057347670251, 32.9689366786141, 32.96535244922342, 32.961768219832734, 32.96535244922342, 32.94743130227001, 32.95340501792115, 32.95459976105137, 32.96535244922342, 32.9689366786141, 32.966547192353644, 32.95340501792114, 32.961768219832734, 32.9689366786141, 32.966547192353644, 32.95937873357228, 32.9557945041816, 32.961768219832734, 32.966547192353644, 32.961768219832734, 32.96057347670251, 32.96057347670251, 32.966547192353644, 32.966547192353644, 32.96296296296296, 32.961768219832734, 32.96774193548387, 32.96296296296296, 32.96535244922342, 32.96057347670251, 32.9689366786141, 32.97013142174432, 32.96415770609319, 32.956989247311824, 32.95221027479092, 32.95459976105138, 32.95459976105138, 32.94743130227001, 32.95698924731183, 32.95340501792115, 32.95698924731183, 32.96057347670251, 32.96535244922342, 32.97252090800478, 32.97371565113501, 32.97252090800478, 32.961768219832734, 32.97013142174433, 32.97132616487455, 32.971326164874554, 32.972520908004775, 32.97252090800478, 32.97610513739546, 32.9689366786141, 32.9689366786141, 32.97252090800478, 32.97610513739546, 32.971326164874554, 32.97252090800478, 32.97968936678614, 32.971326164874554, 32.97491039426523, 32.97132616487455, 32.96774193548387, 32.966547192353644, 32.96774193548387, 32.971326164874554, 32.96774193548387, 32.96535244922342, 32.96535244922342, 32.96296296296296, 32.96535244922342, 32.961768219832734, 32.97013142174432, 32.9689366786141, 32.96415770609319, 32.96296296296296, 32.956989247311824, 32.96415770609319, 32.96535244922342, 32.9689366786141, 32.97013142174433, 32.97013142174433, 32.9689366786141, 32.96415770609319, 32.96535244922342, 32.96057347670251, 32.956989247311824, 32.961768219832734, 32.96296296296296, 32.961768219832734, 32.9689366786141, 32.973715651135, 32.97252090800478, 32.96535244922342, 32.96535244922342, 32.961768219832734, 32.96296296296296, 32.96535244922342, 32.96415770609319, 32.96535244922342, 32.973715651135, 32.973715651135, 32.97491039426524, 32.97849462365591, 32.973715651135, 32.97132616487455, 32.95937873357228, 32.96535244922342, 32.96415770609319, 32.96415770609319, 32.96296296296296, 32.96415770609319, 32.96535244922342, 32.966547192353644, 32.96415770609319, 32.96296296296296, 32.96415770609319, 32.96296296296296, 32.966547192353644, 32.971326164874554, 32.96774193548387, 32.96535244922342, 32.961768219832734, 32.966547192353644, 32.972520908004775, 32.97491039426523, 32.971326164874554, 32.966547192353644, 32.973715651135, 32.97013142174433, 32.96535244922342, 32.97013142174433, 32.97252090800478, 32.966547192353644, 32.96296296296296, 32.96415770609319, 32.96535244922342, 32.96535244922342, 32.96535244922342, 32.96415770609319, 32.96535244922342, 32.97610513739546, 32.97491039426524, 32.98088410991637, 32.97491039426524, 32.97252090800478, 32.97371565113501, 32.9689366786141, 32.971326164874554, 32.971326164874554, 32.97013142174433, 32.96296296296296, 32.96057347670251, 32.966547192353644, 32.96535244922342, 32.96296296296296, 32.961768219832734, 32.9689366786141, 32.97013142174433, 32.96774193548387, 32.9689366786141, 32.96415770609319, 32.96296296296296, 32.961768219832734, 32.956989247311824, 32.9557945041816, 32.95818399044205, 32.96296296296296, 32.961768219832734, 32.95937873357228, 32.96535244922342, 32.97013142174433, 32.9689366786141, 32.97013142174433, 32.9689366786141, 32.97371565113501, 32.966547192353644, 32.961768219832734, 32.95937873357228, 32.95937873357228, 32.96057347670251, 32.96057347670251, 32.961768219832734, 32.961768219832734, 32.96535244922342, 32.96415770609319, 32.95818399044205, 32.95937873357228, 32.95340501792115, 32.95101553166069, 32.961768219832734, 32.96057347670251, 32.96057347670251, 32.95459976105138, 32.956989247311824, 32.95937873357228, 32.96057347670251, 32.96296296296296, 32.96774193548387, 32.9689366786141, 32.95937873357228, 32.961768219832734, 32.96535244922342, 32.961768219832734, 32.96296296296296, 32.96057347670251, 32.96296296296296, 32.961768219832734, 32.96296296296296, 32.9557945041816, 32.9557945041816, 32.95221027479092, 32.951015531660694, 32.95937873357228, 32.96296296296296, 32.96774193548387, 32.97013142174433, 32.97252090800478, 32.97013142174433, 32.966547192353644, 32.96535244922342, 32.96296296296296, 32.96296296296296, 32.96535244922342, 32.966547192353644, 32.97013142174433, 32.96296296296296, 32.95937873357228, 32.95937873357228, 32.95937873357228, 32.956989247311824, 32.9557945041816, 32.95937873357228, 32.96057347670251, 32.96535244922342, 32.96774193548387, 32.9689366786141, 32.9689366786141, 32.97013142174433, 32.97371565113501, 32.97132616487455, 32.97252090800478, 32.97371565113501, 32.97013142174433, 32.9689366786141, 32.966547192353644, 32.97013142174433, 32.97252090800478, 32.97371565113501, 32.971326164874554, 32.97013142174433, 32.97252090800478, 32.97371565113501, 32.966547192353644, 32.96535244922342, 32.97252090800478, 32.97013142174433, 32.96774193548387, 32.97013142174433, 32.966547192353644, 32.96296296296296, 32.96535244922342, 32.96415770609319, 32.96057347670251, 32.96415770609319, 32.96415770609319, 32.9689366786141, 32.97252090800478, 32.96415770609319, 32.966547192353644, 32.97371565113501, 32.966547192353644, 32.9689366786141, 32.971326164874554, 32.971326164874554, 32.97371565113501, 32.97252090800478, 32.9689366786141, 32.97013142174433, 32.96535244922342, 32.966547192353644, 32.96774193548387, 32.96415770609319, 32.961768219832734, 32.96296296296296, 32.97013142174433, 32.96415770609319, 32.96296296296296, 32.96296296296296, 32.9689366786141, 32.97013142174433, 32.96774193548387, 32.96535244922342, 32.966547192353644, 32.96415770609319, 32.96774193548387, 32.96296296296296, 32.96535244922342]",0.9139606502695696,0.9268848784635003,33,"[33, 33, 33, 33, 33, 33, 33, 33, 33, 33, 33, 33, 33, 33, 33, 33, 33, 33, 33, 33, 33, 33, 33, 33, 33, 33, 33, 33, 33, 33, 33, 33, 33, 33, 33, 33, 33, 33, 33, 33, 33, 33, 33, 33, 33, 33, 33, 33, 33, 33, 33, 33, 33, 33, 33, 33, 33, 33, 33, 33, 33, 33, 33, 33, 33, 33, 33, 33, 33, 33, 33, 33, 33, 33, 33, 33, 33, 33, 33, 33, 33, 33, 33, 33, 33, 33, 33, 33, 33, 33, 33, 33, 33, 33, 33, 33, 33, 33, 33, 33, 33, 33, 33, 33, 33, 33, 33, 33, 33, 33, 33, 33, 33, 33, 33, 33, 33, 33, 33, 33, 33, 33, 33, 33, 33, 33, 33, 33, 33, 33, 33, 33, 33, 33, 33, 33, 33, 33, 33, 33, 33, 33, 33, 33, 33, 33, 33, 33, 33, 33, 33, 33, 33, 33, 33, 33, 33, 33, 33, 33, 33, 33, 33, 33, 33, 33, 33, 33, 33, 33, 33, 33, 33, 33, 33, 33, 33, 33, 33, 33, 33, 33, 33, 33, 33, 33, 33, 33, 33, 33, 33, 33, 33, 33, 33, 33, 33, 33, 33, 33, 33, 33, 33, 33, 33, 33, 33, 33, 33, 33, 33, 33, 33, 33, 33, 33, 33, 33, 33, 33, 33, 33, 33, 33, 33, 33, 33, 33, 33, 33, 33, 33, 33, 33, 33, 33, 33, 33, 33, 33, 33, 33, 33, 33, 33, 33, 33, 33, 33, 33, 33, 33, 33, 33, 33, 33, 33, 33, 33, 33, 33, 33, 33, 33, 33, 33, 33, 33, 33, 33, 33, 33, 33, 33, 33, 33, 33, 33, 33, 33, 33, 33, 33, 33, 33, 33, 33, 33, 33, 33, 33, 33, 33, 33, 33, 33, 33, 33, 33, 33, 33, 33, 33, 33, 33, 33, 33, 33, 33, 33, 33, 33, 33, 33, 33, 33, 33, 33, 33, 33, 33, 33, 33, 33, 33, 33, 33, 33, 33, 33, 33, 33, 33, 33, 33, 33, 33, 33, 33, 33, 33, 33, 33, 33, 33, 33, 33, 33, 33, 33, 33, 33, 33, 33, 33, 33, 33, 33, 33, 33, 33, 33, 33, 33, 33, 33, 33, 33, 33, 33, 33, 33, 33, 33, 33, 33, 33, 33, 33, 33, 33, 33, 33, 33, 33, 33, 33, 33, 33, 33, 33, 33, 33, 33, 33, 33, 33, 33, 33, 33, 33, 33, 33, 33, 33, 33, 33, 33, 33, 33, 33, 33, 33, 33, 33, 33, 33, 33, 33, 33, 33, 33, 33, 33, 33, 33, 33, 33, 33, 33, 33, 33, 33, 33, 33, 33, 33, 33, 33, 33, 33, 33, 33, 33, 33, 33, 33, 33, 33, 33, 33, 33, 33, 33, 33, 33, 33, 33, 33, 33, 33, 33, 33, 33, 33, 33, 33, 33, 33, 33]",470,"[0.42291364073753357, 0.39786288142204285, 0.39019975066185, 0.3861224055290222, 0.3828679323196411, 0.3802092373371124, 0.3779866695404053, 0.37604382634162903, 0.37431687116622925, 0.37278103828430176, 0.3713638186454773, 0.37008118629455566, 0.36892169713974, 0.36784377694129944, 0.3668026030063629, 0.3657652735710144, 0.36483070254325867, 0.36388206481933594, 0.36308085918426514, 0.3622080981731415, 0.36133870482444763, 0.36052554845809937, 0.35968726873397827, 0.3589487075805664, 0.3580781817436218, 0.3572619557380676, 0.3563593626022339, 0.35556161403656006, 0.35479384660720825, 0.3539549708366394, 0.35311681032180786, 0.3523482382297516, 0.35151854157447815, 0.3506489098072052, 0.3498691916465759, 0.3490264415740967, 0.34820935130119324, 0.3473871648311615, 0.3465254306793213, 0.34566596150398254, 0.34482917189598083, 0.3439858555793762, 0.3431389331817627, 0.34226593375205994, 0.3413757085800171, 0.34046053886413574, 0.3395936191082001, 0.3386121094226837, 0.33769962191581726, 0.3367250859737396, 0.33581870794296265, 0.3348589837551117, 0.33390480279922485, 0.33291539549827576, 0.33193957805633545, 0.3308868110179901, 0.3299328088760376, 0.3288639485836029, 0.3277868628501892, 0.3267797529697418, 0.32573041319847107, 0.32470786571502686, 0.32358208298683167, 0.3225240707397461, 0.32138901948928833, 0.3202988803386688, 0.31917595863342285, 0.3180340528488159, 0.3169494867324829, 0.31578272581100464, 0.3145686089992523, 0.3133937418460846, 0.31219416856765747, 0.31106022000312805, 0.3098551630973816, 0.3087664842605591, 0.30753397941589355, 0.30640730261802673, 0.3051350712776184, 0.30387353897094727, 0.3027413785457611, 0.3015551269054413, 0.3003963530063629, 0.2992308735847473, 0.29795733094215393, 0.2967519462108612, 0.2956070005893707, 0.2944406569004059, 0.2933230400085449, 0.29217708110809326, 0.29108402132987976, 0.28996366262435913, 0.2888799011707306, 0.28776347637176514, 0.28669729828834534, 0.2856215834617615, 0.28455880284309387, 0.2835374176502228, 0.2826089859008789, 0.2815582752227783, 0.2805754542350769, 0.27962055802345276, 0.2786721885204315, 0.2777229845523834, 0.2768269181251526, 0.27590516209602356, 0.2750037610530853, 0.2741100490093231, 0.2733166217803955, 0.272442102432251, 0.2717009484767914, 0.2709307372570038, 0.27002450823783875, 0.2691894471645355, 0.2684375047683716, 0.2677311301231384, 0.26692208647727966, 0.26620951294898987, 0.26553457975387573, 0.26477718353271484, 0.2640811502933502, 0.2633698880672455, 0.26275649666786194, 0.26203328371047974, 0.2613983452320099, 0.26074519753456116, 0.26009058952331543, 0.2595093250274658, 0.25873881578445435, 0.25812360644340515, 0.2575698792934418, 0.2570008337497711, 0.25635042786598206, 0.25577935576438904, 0.25513917207717896, 0.2545901834964752, 0.25397929549217224, 0.2533362805843353, 0.2528078854084015, 0.2521785497665405, 0.2516231834888458, 0.2511107921600342, 0.250544011592865, 0.25004613399505615, 0.24952895939350128, 0.24895313382148743, 0.24843619763851166, 0.2479027360677719, 0.2474122792482376, 0.24695482850074768, 0.2463844269514084, 0.24582892656326294, 0.24533973634243011, 0.24485832452774048, 0.24428537487983704, 0.24367013573646545, 0.24322174489498138, 0.24278666079044342, 0.24225030839443207, 0.24177181720733643, 0.24135561287403107, 0.24088844656944275, 0.24032682180404663, 0.23994186520576477, 0.2393774837255478, 0.23887482285499573, 0.23840749263763428, 0.23792146146297455, 0.2374497652053833, 0.23709487915039062, 0.23658017814159393, 0.23613975942134857, 0.2357749044895172, 0.23531204462051392, 0.23477771878242493, 0.23441335558891296, 0.23400810360908508, 0.23351535201072693, 0.2331532984972, 0.23267516493797302, 0.2323039174079895, 0.23185032606124878, 0.23141984641551971, 0.2309618592262268, 0.23061877489089966, 0.23015956580638885, 0.22974728047847748, 0.22930306196212769, 0.22885967791080475, 0.2284400761127472, 0.2281123548746109, 0.22766916453838348, 0.22733375430107117, 0.22683852910995483, 0.22649449110031128, 0.22612613439559937, 0.22587746381759644, 0.22544370591640472, 0.22503115236759186, 0.22465917468070984, 0.2242470383644104, 0.22390848398208618, 0.22360779345035553, 0.22323526442050934, 0.2228502333164215, 0.22251470386981964, 0.22205500304698944, 0.22166484594345093, 0.22140106558799744, 0.22110193967819214, 0.22066158056259155, 0.2203434705734253, 0.22002075612545013, 0.21955446898937225, 0.2192247211933136, 0.21886008977890015, 0.21848782896995544, 0.21814189851284027, 0.21780391037464142, 0.21740543842315674, 0.2172842174768448, 0.21695907413959503, 0.21665486693382263, 0.21635322272777557, 0.21607154607772827, 0.21577611565589905, 0.2153785675764084, 0.2151714265346527, 0.21479986608028412, 0.21452367305755615, 0.21409830451011658, 0.21386216580867767, 0.21362626552581787, 0.2133186012506485, 0.21300984919071198, 0.21268104016780853, 0.21243484318256378, 0.21214525401592255, 0.21189402043819427, 0.21162249147891998, 0.21126078069210052, 0.21083945035934448, 0.21052709221839905, 0.21030046045780182, 0.21006275713443756, 0.2097061723470688, 0.20944498479366302, 0.209190234541893, 0.20879364013671875, 0.2085442692041397, 0.2082981914281845, 0.20809240639209747, 0.20778074860572815, 0.20749731361865997, 0.2072954624891281, 0.2070925533771515, 0.20685891807079315, 0.2065371572971344, 0.20628148317337036, 0.20617885887622833, 0.20582088828086853, 0.20559264719486237, 0.20536236464977264, 0.20522606372833252, 0.20488356053829193, 0.20456574857234955, 0.20447587966918945, 0.20432722568511963, 0.2041236162185669, 0.20374684035778046, 0.20360304415225983, 0.20346888899803162, 0.20320287346839905, 0.202966570854187, 0.20267175137996674, 0.20251521468162537, 0.20231544971466064, 0.20208150148391724, 0.20174658298492432, 0.2016811966896057, 0.20153331756591797, 0.20124183595180511, 0.20120346546173096, 0.20101326704025269, 0.2008679360151291, 0.20078398287296295, 0.20061078667640686, 0.20046710968017578, 0.20004945993423462, 0.19987262785434723, 0.19961409270763397, 0.1994631439447403, 0.199379101395607, 0.19917237758636475, 0.19889552891254425, 0.19870764017105103, 0.19862568378448486, 0.1985289454460144, 0.1981915682554245, 0.19799204170703888, 0.1977767050266266, 0.1976701319217682, 0.19743205606937408, 0.19733764231204987, 0.1972188949584961, 0.1969546675682068, 0.1967589259147644, 0.1967424750328064, 0.19654834270477295, 0.1963663548231125, 0.1961582899093628, 0.1960248351097107, 0.19591708481311798, 0.1958296000957489, 0.19564029574394226, 0.195405974984169, 0.19529008865356445, 0.19516892731189728, 0.19504113495349884, 0.194818913936615, 0.19471319019794464, 0.19457454979419708, 0.1944551318883896, 0.19427435100078583, 0.19420680403709412, 0.19406291842460632, 0.19392600655555725, 0.19380120933055878, 0.19379651546478271, 0.19365662336349487, 0.1935509890317917, 0.19337935745716095, 0.19330281019210815, 0.19311878085136414, 0.19281341135501862, 0.19281795620918274, 0.1927497237920761, 0.19238458573818207, 0.19239459931850433, 0.1921779215335846, 0.19214855134487152, 0.19187285006046295, 0.1921970546245575, 0.1918296217918396, 0.19198273122310638, 0.19184166193008423, 0.19146665930747986, 0.19158555567264557, 0.19128495454788208, 0.1912260204553604, 0.19100311398506165, 0.19109761714935303, 0.19092831015586853, 0.1907968670129776, 0.1905534863471985, 0.1904645562171936, 0.19024509191513062, 0.1902681291103363, 0.19027452170848846, 0.19006164371967316, 0.18993166089057922, 0.18970805406570435, 0.18975430727005005, 0.18953613936901093, 0.1895938515663147, 0.1894555240869522, 0.18978507816791534, 0.18951377272605896, 0.1892959624528885, 0.18924520909786224, 0.18912160396575928, 0.18891680240631104, 0.18886132538318634, 0.18882034718990326, 0.18848133087158203, 0.1885373741388321, 0.18854589760303497, 0.18828774988651276, 0.18819761276245117, 0.187942236661911, 0.18804427981376648, 0.1879151165485382, 0.18780985474586487, 0.18760046362876892, 0.18762853741645813, 0.18732570111751556, 0.18737071752548218, 0.18725168704986572, 0.1873461902141571, 0.18722456693649292, 0.18715320527553558, 0.18717260658740997, 0.18687452375888824, 0.18687689304351807, 0.18687982857227325, 0.18691575527191162, 0.18693070113658905, 0.18647001683712006, 0.18639200925827026, 0.18639980256557465, 0.1859646588563919, 0.18610158562660217, 0.18605466187000275, 0.1859283298254013, 0.1860630214214325, 0.18590