,number,value,datetime_start,datetime_complete,duration,params_batch_size_scaler,params_constant_learning_rate,params_depth,params_epochs,params_kernel_l2,params_num_trees,params_temperature,user_attrs_accuracy_test,user_attrs_accuracy_valid,user_attrs_approximate_feature_sparsity,user_attrs_approximate_feature_sparsity_history,user_attrs_approximate_weight_sparsity,user_attrs_approximate_weight_sparsity_history,user_attrs_auc_test,user_attrs_auc_valid,user_attrs_feature_sparsity,user_attrs_feature_sparsity_history,user_attrs_num_epochs,user_attrs_val_loss_history,user_attrs_weight_sparsity,user_attrs_weight_sparsity_history,state
52,52,0.8738519405907433,2024-08-31 02:39:20.288058,2024-08-31 02:39:55.323418,0 days 00:00:35.035360,16,0.07795347182633221,2,125,0.0015317291084546067,53,0.0011484975511624393,0.879,0.87875,33,"[33, 33, 33, 33, 33, 33, 33, 33, 33, 33, 33, 33, 33, 33, 33, 33, 33, 33, 33, 33, 33, 33, 33, 33, 33, 33, 33, 33, 33, 33, 33, 33, 33, 33, 33, 33, 33, 33, 33, 33, 33, 33, 33, 33, 33, 33, 33, 33, 33, 33, 33, 33, 33, 33, 33, 33, 33, 33, 33, 33, 33, 33, 33, 33, 33, 33, 33, 33, 33, 33, 33, 33, 33, 33, 33, 33, 33, 33, 33, 33, 33, 33, 33, 33, 33, 33, 33, 33, 33, 33, 33, 33, 33, 33, 33, 33, 33, 33, 33, 33, 33, 33, 33, 33, 33, 33, 33, 33, 33, 33, 33, 33, 33, 33, 33, 33, 33, 33, 33, 33, 33, 33, 33, 33, 33]",32.9748427672956,"[32.9874213836478, 32.9748427672956, 32.9874213836478, 33.0, 32.9748427672956, 32.9811320754717, 32.9937106918239, 32.9874213836478, 32.9874213836478, 32.9937106918239, 33.0, 32.9874213836478, 32.9874213836478, 33.0, 32.9874213836478, 32.9874213836478, 32.9874213836478, 32.9811320754717, 32.9937106918239, 32.9937106918239, 33.0, 32.9937106918239, 33.0, 32.9937106918239, 32.9811320754717, 32.9874213836478, 32.9811320754717, 32.9811320754717, 32.9748427672956, 32.9874213836478, 32.9874213836478, 32.9937106918239, 32.9811320754717, 32.9685534591195, 32.9622641509434, 32.9748427672956, 32.9622641509434, 32.9748427672956, 32.9622641509434, 32.9748427672956, 32.9748427672956, 32.9748427672956, 32.9622641509434, 32.9622641509434, 32.9496855345912, 32.9685534591195, 32.9685534591195, 32.9685534591195, 32.9622641509434, 32.9685534591195, 32.9811320754717, 32.9685534591195, 32.9685534591195, 32.9748427672956, 32.9748427672956, 32.9748427672956, 32.9748427672956, 32.9811320754717, 32.9811320754717, 32.9874213836478, 32.9937106918239, 32.9874213836478, 32.9937106918239, 32.9874213836478, 32.9811320754717, 32.9811320754717, 32.9937106918239, 32.9937106918239, 32.9937106918239, 32.9937106918239, 32.9937106918239, 32.9937106918239, 32.9685534591195, 32.9811320754717, 32.9685534591195, 32.9748427672956, 32.9559748427673, 32.9622641509434, 32.9748427672956, 32.9748427672956, 32.9685534591195, 32.9811320754717, 32.9811320754717, 32.9811320754717, 32.9811320754717, 32.9748427672956, 32.9748427672956, 32.9811320754717, 32.9874213836478, 32.9685534591195, 32.9748427672956, 32.9811320754717, 32.9748427672956, 32.9811320754717, 32.9748427672956, 32.9811320754717, 32.9811320754717, 32.9748427672956, 32.9748427672956, 32.9874213836478, 32.9811320754717, 32.9811320754717, 32.9811320754717, 32.9748427672956, 32.9685534591195, 32.9811320754717, 32.9685534591195, 32.9748427672956, 32.9748427672956, 32.9748427672956, 32.9748427672956, 32.9496855345912, 32.9685534591195, 32.9748427672956, 32.9622641509434, 32.9811320754717, 32.9748427672956, 32.9748427672956, 32.9685534591195, 32.9811320754717, 32.9748427672956, 32.9748427672956, 32.9685534591195, 32.9748427672956, 32.9748427672956]",0.8694672181903749,0.8738519405907433,33,"[33, 33, 33, 33, 33, 33, 33, 33, 33, 33, 33, 33, 33, 33, 33, 33, 33, 33, 33, 33, 33, 33, 33, 33, 33, 33, 33, 33, 33, 33, 33, 33, 33, 33, 33, 33, 33, 33, 33, 33, 33, 33, 33, 33, 33, 33, 33, 33, 33, 33, 33, 33, 33, 33, 33, 33, 33, 33, 33, 33, 33, 33, 33, 33, 33, 33, 33, 33, 33, 33, 33, 33, 33, 33, 33, 33, 33, 33, 33, 33, 33, 33, 33, 33, 33, 33, 33, 33, 33, 33, 33, 33, 33, 33, 33, 33, 33, 33, 33, 33, 33, 33, 33, 33, 33, 33, 33, 33, 33, 33, 33, 33, 33, 33, 33, 33, 33, 33, 33, 33, 33, 33, 33, 33, 33]",125,"[0.41655606031417847, 0.40720245242118835, 0.4010842442512512, 0.39630767703056335, 0.39216166734695435, 0.38807252049446106, 0.3858792781829834, 0.38230517506599426, 0.38026154041290283, 0.3777652978897095, 0.3758578896522522, 0.3742966055870056, 0.37233805656433105, 0.3713871240615845, 0.3694149851799011, 0.3681721091270447, 0.36749812960624695, 0.3658755123615265, 0.36457568407058716, 0.363536536693573, 0.362809956073761, 0.3618963360786438, 0.36046645045280457, 0.3601074516773224, 0.3608100116252899, 0.3576830327510834, 0.3566542863845825, 0.3557116687297821, 0.3549492657184601, 0.35396820306777954, 0.3537401854991913, 0.3525823652744293, 0.3513501286506653, 0.35061028599739075, 0.34995967149734497, 0.34910231828689575, 0.34861207008361816, 0.34772059321403503, 0.34710296988487244, 0.34629371762275696, 0.34539690613746643, 0.34466415643692017, 0.34421008825302124, 0.343619704246521, 0.3425593674182892, 0.3415950536727905, 0.34092438220977783, 0.34089651703834534, 0.33977067470550537, 0.339264452457428, 0.3381023705005646, 0.33754441142082214, 0.3366987705230713, 0.3358837068080902, 0.33516624569892883, 0.3349974751472473, 0.3336697816848755, 0.33307603001594543, 0.3323587477207184, 0.3324548602104187, 0.33107930421829224, 0.33049190044403076, 0.3299291133880615, 0.32891181111335754, 0.32914939522743225, 0.32746121287345886, 0.32684969902038574, 0.3260376453399658, 0.3253301680088043, 0.32483360171318054, 0.3241964280605316, 0.32450419664382935, 0.32282865047454834, 0.3222638666629791, 0.32145559787750244, 0.32084333896636963, 0.32021602988243103, 0.3217984437942505, 0.3187781572341919, 0.31795546412467957, 0.31756818294525146, 0.3169979453086853, 0.3157879412174225, 0.3147205710411072, 0.3139443099498749, 0.31345632672309875, 0.3144223093986511, 0.3120013475418091, 0.3110444247722626, 0.3103710412979126, 0.3097170889377594, 0.3090745508670807, 0.308278888463974, 0.3074612319469452, 0.3065866529941559, 0.30589696764945984, 0.30475178360939026, 0.3041197955608368, 0.3033769130706787, 0.30255624651908875, 0.3018985390663147, 0.30119994282722473, 0.3000618815422058, 0.2996757924556732, 0.29856741428375244, 0.29762035608291626, 0.2969602942466736, 0.2960807979106903, 0.29672449827194214, 0.29428547620773315, 0.2934260666370392, 0.292664110660553, 0.2918621897697449, 0.29103848338127136, 0.2903752624988556, 0.2888769507408142, 0.28816744685173035, 0.2874906063079834, 0.28689873218536377, 0.28567972779273987, 0.2852247655391693, 0.2842656373977661, 0.28331315517425537, 0.28241270780563354, 0.2825685441493988]",33.0,"[33.0, 33.0, 33.0, 33.0, 33.0, 33.0, 33.0, 33.0, 33.0, 33.0, 33.0, 33.0, 33.0, 33.0, 33.0, 33.0, 33.0, 33.0, 33.0, 33.0, 33.0, 33.0, 33.0, 33.0, 33.0, 33.0, 33.0, 33.0, 33.0, 33.0, 33.0, 33.0, 33.0, 33.0, 33.0, 33.0, 33.0, 33.0, 33.0, 33.0, 33.0, 33.0, 33.0, 33.0, 33.0, 33.0, 33.0, 33.0, 33.0, 33.0, 33.0, 33.0, 33.0, 33.0, 33.0, 33.0, 33.0, 33.0, 33.0, 33.0, 33.0, 33.0, 33.0, 33.0, 33.0, 33.0, 33.0, 33.0, 33.0, 33.0, 33.0, 33.0, 33.0, 33.0, 33.0, 33.0, 33.0, 33.0, 33.0, 33.0, 33.0, 33.0, 33.0, 33.0, 33.0, 33.0, 33.0, 33.0, 33.0, 33.0, 33.0, 33.0, 33.0, 33.0, 33.0, 33.0, 33.0, 33.0, 33.0, 33.0, 33.0, 33.0, 33.0, 33.0, 33.0, 33.0, 33.0, 33.0, 33.0, 33.0, 33.0, 33.0, 33.0, 33.0, 33.0, 33.0, 33.0, 33.0, 33.0, 33.0, 33.0, 33.0, 33.0, 33.0, 33.0]",COMPLETE
53,53,0.7393180559312647,2024-08-31 02:39:57.114557,2024-08-31 02:40:58.596618,0 days 00:01:01.482061,64,0.27214768163362646,5,100,0.014080331110757674,25,0.007384845984341412,0.879,0.8725,33,"[33, 33, 33, 33, 33, 33, 33, 33, 33, 33, 33, 33, 33, 33, 33, 33, 33, 33, 33, 33, 33, 33, 33, 33, 33, 33, 33, 33, 33, 33, 33, 33, 33, 33, 33, 33, 33, 33, 33, 33, 33, 33, 33, 33, 33, 33, 33, 33, 33, 33, 33, 33, 33, 33, 33, 33, 33, 33, 33, 33, 33, 33, 33, 33, 33, 33, 33, 33, 33, 33, 33, 33, 33, 33, 33, 33, 33, 33, 33, 33, 33, 33, 33, 33, 33, 33, 33, 33, 33, 33, 33, 33, 33, 33, 33, 33, 33, 33, 33, 33]",32.961290322580645,"[32.961290322580645, 32.949677419354835, 32.953548387096774, 32.95612903225806, 32.95483870967742, 32.971612903225804, 32.97032258064516, 32.96774193548387, 32.96516129032258, 32.969032258064516, 32.96, 32.96774193548387, 32.97032258064516, 32.96387096774193, 32.950967741935486, 32.96387096774193, 32.95870967741935, 32.95483870967742, 32.95612903225806, 32.96387096774193, 32.96129032258064, 32.96516129032258, 32.96516129032258, 32.96, 32.96516129032258, 32.961290322580645, 32.96, 32.96, 32.97290322580645, 32.96516129032258, 32.97290322580645, 32.97677419354839, 32.96774193548387, 32.961290322580645, 32.965161290322584, 32.96774193548387, 32.96, 32.971612903225804, 32.965161290322584, 32.96258064516129, 32.97677419354839, 32.97806451612903, 32.971612903225804, 32.97677419354839, 32.96645161290323, 32.96, 32.96645161290323, 32.96516129032258, 32.96387096774194, 32.971612903225804, 32.97290322580645, 32.97290322580645, 32.969032258064516, 32.96387096774193, 32.96516129032258, 32.96387096774193, 32.969032258064516, 32.961290322580645, 32.96516129032258, 32.96645161290323, 32.965161290322584, 32.96645161290323, 32.97290322580645, 32.96774193548387, 32.96774193548387, 32.97032258064516, 32.96645161290323, 32.969032258064516, 32.96774193548387, 32.965161290322584, 32.96645161290323, 32.969032258064516, 32.97161290322581, 32.971612903225804, 32.969032258064516, 32.96645161290323, 32.96258064516129, 32.96387096774193, 32.971612903225804, 32.97032258064516, 32.96387096774193, 32.969032258064516, 32.97290322580645, 32.961290322580645, 32.95225806451613, 32.957419354838706, 32.969032258064516, 32.96645161290322, 32.96516129032258, 32.96645161290322, 32.969032258064516, 32.96774193548387, 32.96387096774193, 32.96387096774193, 32.961290322580645, 32.957419354838706, 32.96, 32.950967741935486, 32.96, 32.961290322580645]",0.7707791510828196,0.7393180559312647,33,"[33, 33, 33, 33, 33, 33, 33, 33, 33, 33, 33, 33, 33, 33, 33, 33, 33, 33, 33, 33, 33, 33, 33, 33, 33, 33, 33, 33, 33, 33, 33, 33, 33, 33, 33, 33, 33, 33, 33, 33, 33, 33, 33, 33, 33, 33, 33, 33, 33, 33, 33, 33, 33, 33, 33, 33, 33, 33, 33, 33, 33, 33, 33, 33, 33, 33, 33, 33, 33, 33, 33, 33, 33, 33, 33, 33, 33, 33, 33, 33, 33, 33, 33, 33, 33, 33, 33, 33, 33, 33, 33, 33, 33, 33, 33, 33, 33, 33, 33, 33]",100,"[0.5809761881828308, 0.4741772711277008, 0.4345056116580963, 0.4156315326690674, 0.405673623085022, 0.39877793192863464, 0.39518746733665466, 0.39232349395751953, 0.39036309719085693, 0.38881808519363403, 0.38740530610084534, 0.3859924077987671, 0.38473835587501526, 0.38337215781211853, 0.38218075037002563, 0.38136252760887146, 0.38046038150787354, 0.3796832263469696, 0.37898704409599304, 0.3781643807888031, 0.37720435857772827, 0.37668082118034363, 0.3758242428302765, 0.3751167953014374, 0.3743910491466522, 0.37391188740730286, 0.37321585416793823, 0.37278956174850464, 0.3723505735397339, 0.37182626128196716, 0.37132054567337036, 0.37090054154396057, 0.37045183777809143, 0.370059609413147, 0.36973217129707336, 0.3692053258419037, 0.36883339285850525, 0.36841288208961487, 0.3679104745388031, 0.3676337003707886, 0.3673369288444519, 0.3668277859687805, 0.3663155436515808, 0.3660082519054413, 0.3657018542289734, 0.36526229977607727, 0.3647763133049011, 0.364513635635376, 0.364145427942276, 0.363801509141922, 0.3634979724884033, 0.3632660210132599, 0.362723708152771, 0.36228621006011963, 0.3619222939014435, 0.3616192638874054, 0.3612581491470337, 0.36099907755851746, 0.36066359281539917, 0.36030617356300354, 0.3602045178413391, 0.3597887456417084, 0.35938096046447754, 0.359099805355072, 0.358866810798645, 0.3582700788974762, 0.35791483521461487, 0.3575214147567749, 0.3572729825973511, 0.35709068179130554, 0.3567415475845337, 0.35642096400260925, 0.3562532663345337, 0.35552719235420227, 0.35508260130882263, 0.3547419309616089, 0.3544400930404663, 0.3540089726448059, 0.35387516021728516, 0.3535189926624298, 0.3533322215080261, 0.353059321641922, 0.3524678945541382, 0.352014422416687, 0.3515780568122864, 0.35113784670829773, 0.3509953022003174, 0.3506273925304413, 0.35042446851730347, 0.3501569628715515, 0.34987419843673706, 0.34940269589424133, 0.34909939765930176, 0.34887269139289856, 0.3486892580986023, 0.3483180105686188, 0.3478699028491974, 0.34756961464881897, 0.3473763167858124, 0.34721606969833374]",33.0,"[33.0, 33.0, 33.0, 33.0, 33.0, 33.0, 33.0, 33.0, 33.0, 33.0, 33.0, 33.0, 33.0, 33.0, 33.0, 33.0, 33.0, 33.0, 33.0, 33.0, 33.0, 33.0, 33.0, 33.0, 33.0, 33.0, 33.0, 33.0, 33.0, 33.0, 33.0, 33.0, 33.0, 33.0, 33.0, 33.0, 33.0, 33.0, 33.0, 33.0, 33.0, 33.0, 33.0, 33.0, 33.0, 33.0, 33.0, 33.0, 33.0, 33.0, 33.0, 33.0, 33.0, 33.0, 33.0, 33.0, 33.0, 33.0, 33.0, 33.0, 33.0, 33.0, 33.0, 33.0, 33.0, 33.0, 33.0, 33.0, 33.0, 33.0, 33.0, 33.0, 33.0, 33.0, 33.0, 33.0, 33.0, 33.0, 33.0, 33.0, 33.0, 33.0, 33.0, 33.0, 33.0, 33.0, 33.0, 33.0, 33.0, 33.0, 33.0, 33.0, 33.0, 33.0, 33.0, 33.0, 33.0, 33.0, 33.0, 33.0]",COMPLETE
54,54,0.8875964498718295,2024-08-31 02:41:00.394784,2024-08-31 02:41:15.907691,0 days 00:00:15.512907,16,0.2773187811434726,2,35,0.004055768862921055,32,0.001663154666268537,0.892,0.89125,33,"[33, 33, 33, 33, 33, 33, 33, 33, 33, 33, 33, 33, 33, 33, 33, 33, 33, 33, 33, 33, 33, 33, 33, 33, 33, 33, 33, 33, 33, 33, 33, 33, 33, 33, 33]",32.989583333333336,"[33.0, 32.989583333333336, 32.989583333333336, 33.0, 32.97916666666667, 32.989583333333336, 33.0, 33.0, 33.0, 32.989583333333336, 33.0, 33.0, 33.0, 32.97916666666667, 32.96875, 32.989583333333336, 32.989583333333336, 32.989583333333336, 33.0, 32.989583333333336, 32.979166666666664, 32.97916666666667, 32.97916666666667, 32.989583333333336, 32.989583333333336, 32.96875, 33.0, 32.989583333333336, 32.989583333333336, 32.97916666666667, 32.989583333333336, 32.96875, 33.0, 32.958333333333336, 32.989583333333336]",0.8746604578967792,0.8875964498718295,33,"[33, 33, 33, 33, 33, 33, 33, 33, 33, 33, 33, 33, 33, 33, 33, 33, 33, 33, 33, 33, 33, 33, 33, 33, 33, 33, 33, 33, 33, 33, 33, 33, 33, 33, 33]",35,"[0.3754836320877075, 0.37608838081359863, 0.36329564452171326, 0.36023736000061035, 0.3566019535064697, 0.35343778133392334, 0.34970512986183167, 0.3479520380496979, 0.34310418367385864, 0.3443683683872223, 0.3374182879924774, 0.33368203043937683, 0.33243054151535034, 0.32822367548942566, 0.3268601894378662, 0.32717934250831604, 0.32261770963668823, 0.31582894921302795, 0.31357938051223755, 0.310437947511673, 0.3102080821990967, 0.3063817322254181, 0.30142199993133545, 0.30591294169425964, 0.29437023401260376, 0.2920036315917969, 0.28805655241012573, 0.2852014899253845, 0.2859468162059784, 0.2800236940383911, 0.2761504650115967, 0.2741561233997345, 0.27242350578308105, 0.2718590497970581, 0.270974725484848]",33.0,"[33.0, 33.0, 33.0, 33.0, 33.0, 33.0, 33.0, 33.0, 33.0, 33.0, 33.0, 33.0, 33.0, 33.0, 33.0, 33.0, 33.0, 33.0, 33.0, 33.0, 33.0, 33.0, 33.0, 33.0, 33.0, 33.0, 33.0, 33.0, 33.0, 33.0, 33.0, 33.0, 33.0, 33.0, 33.0]",COMPLETE
55,55,0.6088418286509255,2024-08-31 02:41:15.924547,2024-08-31 02:41:26.341211,0 days 00:00:10.416664,16,2.5689501999473534,2,75,0.0615426073034132,47,0.005133191602013547,0.859,0.85875,1,"[33, 6, 2, 2, 2, 2, 2, 2, 2, 2, 2, 2, 2, 1, 1, 1, 1, 1, 1, 1, 1, 1, 1, 1, 1, 1, 1, 1, 1, 1, 1, 1, 1, 1, 1, 1, 1, 1, 1, 1, 1, 1, 1, 1, 1, 1, 1, 1, 1, 1, 1, 1, 1, 1, 1, 1, 1, 1, 1, 1, 1, 1, 1, 1, 1, 1, 1, 1, 1, 1, 1, 1, 1, 1, 1]",1.0,"[33.0, 5.99290780141844, 2.0, 2.0, 2.0, 1.9929078014184398, 2.0, 2.0, 2.0, 1.9929078014184398, 1.9929078014184398, 2.0, 2.0, 1.0, 1.0, 1.0, 1.0, 1.0, 1.0, 1.0, 1.0, 1.0, 1.0, 1.0, 1.0, 1.0, 1.0, 1.0, 1.0, 1.0, 1.0, 1.0, 1.0, 1.0, 1.0, 1.0, 1.0, 1.0, 1.0, 1.0, 1.0, 1.0, 1.0, 1.0, 1.0, 1.0, 1.0, 1.0, 1.0, 1.0, 1.0, 1.0, 1.0, 1.0, 1.0, 1.0, 1.0, 0.9929078014184397, 1.0, 1.0, 1.0, 0.9929078014184397, 1.0, 1.0, 1.0, 1.0, 1.0, 1.0, 1.0, 1.0, 1.0, 1.0, 1.0, 1.0, 1.0]",0.6144865793145584,0.6088418286509255,1,"[33, 6, 2, 2, 2, 2, 2, 2, 2, 2, 2, 2, 2, 1, 1, 1, 1, 1, 1, 1, 1, 1, 1, 1, 1, 1, 1, 1, 1, 1, 1, 1, 1, 1, 1, 1, 1, 1, 1, 1, 1, 1, 1, 1, 1, 1, 1, 1, 1, 1, 1, 1, 1, 1, 1, 1, 1, 1, 1, 1, 1, 1, 1, 1, 1, 1, 1, 1, 1, 1, 1, 1, 1, 1, 1]",75,"[2.6391942501068115, 0.9416765570640564, 3.9742324352264404, 3.8938894271850586, 1.3387882709503174, 2.064199924468994, 1.4635040760040283, 0.4914553463459015, 0.4173819422721863, 0.4864270091056824, 1.3259212970733643, 1.3963890075683594, 1.3513356447219849, 5.316730976104736, 2.9133236408233643, 1.3886604309082031, 0.8234845995903015, 2.1003055572509766, 5.77620792388916, 0.6878225803375244, 2.1752195358276367, 3.1722946166992188, 1.0920348167419434, 4.003683567047119, 1.9145654439926147, 1.2824500799179077, 5.71588134765625, 2.598191022872925, 5.600823879241943, 1.1381701231002808, 3.1264724731445312, 1.4315751791000366, 2.117441415786743, 1.0764126777648926, 1.5432848930358887, 0.7227178812026978, 0.4965931177139282, 0.9949888586997986, 3.5835187435150146, 3.3918981552124023, 1.983030080795288, 0.5991098284721375, 2.706073522567749, 2.366950035095215, 1.3320575952529907, 1.736905574798584, 4.833009243011475, 2.7171735763549805, 3.200868844985962, 4.237938404083252, 0.6039022207260132, 0.6717275977134705, 0.5631293654441833, 2.689957857131958, 2.5563313961029053, 1.1825885772705078, 1.5519863367080688, 1.578635573387146, 3.3819522857666016, 0.4684624969959259, 2.019261121749878, 0.4854513108730316, 0.6171811819076538, 0.6417863368988037, 2.7420177459716797, 4.037809371948242, 0.5701531767845154, 1.5381407737731934, 1.2268444299697876, 4.352436065673828, 0.5565577149391174, 1.137534260749817, 5.257967472076416, 3.385584831237793, 3.133910894393921]",1.0,"[33.0, 6.0, 2.0, 2.0, 2.0, 2.0, 2.0, 2.0, 2.0, 2.0, 2.0, 2.0, 2.0, 1.0, 1.0, 1.0, 1.0, 1.0, 1.0, 1.0, 1.0, 1.0, 1.0, 1.0, 1.0, 1.0, 1.0, 1.0, 1.0, 1.0, 1.0, 1.0, 1.0, 1.0, 1.0, 1.0, 1.0, 1.0, 1.0, 1.0, 1.0, 1.0, 1.0, 1.0, 1.0, 1.0, 1.0, 1.0, 1.0, 1.0, 1.0, 1.0, 1.0, 1.0, 1.0, 1.0, 1.0, 1.0, 1.0, 1.0, 1.0, 1.0, 1.0, 1.0, 1.0, 1.0, 1.0, 1.0, 1.0, 1.0, 1.0, 1.0, 1.0, 1.0, 1.0]",COMPLETE
