,number,value,datetime_start,datetime_complete,duration,params_batch_size_scaler,params_constant_learning_rate,params_depth,params_epochs,params_kernel_l2,params_num_trees,params_temperature,user_attrs_accuracy_test,user_attrs_accuracy_valid,user_attrs_approximate_feature_sparsity,user_attrs_approximate_feature_sparsity_history,user_attrs_approximate_weight_sparsity,user_attrs_approximate_weight_sparsity_history,user_attrs_auc_test,user_attrs_auc_valid,user_attrs_feature_sparsity,user_attrs_feature_sparsity_history,user_attrs_num_epochs,user_attrs_val_loss_history,user_attrs_weight_sparsity,user_attrs_weight_sparsity_history,state
91,91,0.7241308240264843,2024-08-31 04:26:25.867054,2024-08-31 04:26:29.704887,0 days 00:00:03.837833,64,0.8811110239873146,1,15,0.07590158526704716,28,0.0015852276497338306,0.865,0.865,24,"[33, 33, 33, 33, 33, 33, 33, 33, 33, 33, 33, 32, 31, 28, 24]",24.0,"[33.0, 33.0, 32.964285714285715, 32.964285714285715, 33.0, 32.964285714285715, 32.964285714285715, 32.964285714285715, 32.92857142857143, 32.92857142857143, 32.964285714285715, 32.0, 31.0, 28.0, 24.0]",0.7596826261775609,0.7241308240264843,24,"[33, 33, 33, 33, 33, 33, 33, 33, 33, 33, 33, 32, 31, 28, 24]",15,"[0.5933689475059509, 0.5263187289237976, 0.5813823938369751, 1.115425944328308, 0.5663483142852783, 0.5881097912788391, 0.505435585975647, 0.46250277757644653, 0.43170809745788574, 0.503319263458252, 0.6340858340263367, 0.8351781964302063, 0.5524314641952515, 0.4051603078842163, 0.4582086205482483]",24.0,"[33.0, 33.0, 33.0, 33.0, 33.0, 33.0, 33.0, 33.0, 33.0, 33.0, 33.0, 32.0, 31.0, 28.0, 24.0]",COMPLETE
92,92,0.9122257860906081,2024-08-31 04:26:31.937652,2024-08-31 04:26:55.096253,0 days 00:00:23.158601,64,1.1496524293461479,4,95,0.003234410264649049,46,0.00015534284623102248,0.913,0.91375,33,"[33, 33, 33, 33, 33, 33, 33, 33, 33, 33, 33, 33, 33, 33, 33, 33, 33, 33, 33, 33, 33, 33, 33, 33, 33, 33, 33, 33, 33, 33, 33, 33, 33, 33, 33, 33, 33, 33, 33, 33, 33, 33, 33, 33, 33, 33, 33, 33, 33, 33, 33, 33, 33, 33, 33, 33, 33, 33, 33, 33, 33, 33, 33, 33, 33, 33, 33, 33, 33, 33, 33, 33, 33, 33, 33, 33, 33, 33, 33, 33, 33, 33, 33, 33, 33, 33, 33, 33, 33, 33, 33, 33, 33, 33, 33]",32.96521739130435,"[32.972463768115944, 32.96086956521739, 32.96086956521739, 32.95652173913044, 32.95507246376812, 32.9536231884058, 32.957971014492756, 32.959420289855075, 32.959420289855075, 32.96811594202899, 32.95652173913044, 32.94927536231884, 32.96376811594203, 32.94927536231884, 32.93768115942029, 32.957971014492756, 32.93333333333333, 32.959420289855075, 32.957971014492756, 32.946376811594206, 32.972463768115944, 32.97536231884058, 32.972463768115944, 32.972463768115944, 32.97391304347826, 32.97826086956522, 32.97391304347826, 32.9536231884058, 32.971014492753625, 32.96811594202899, 32.96231884057971, 32.95652173913044, 32.94492753623189, 32.96086956521739, 32.95507246376811, 32.94927536231884, 32.96521739130435, 32.959420289855075, 32.96231884057971, 32.97826086956522, 32.96376811594203, 32.96231884057971, 32.96231884057971, 32.96521739130435, 32.95652173913044, 32.959420289855075, 32.969565217391306, 32.96086956521739, 32.96231884057971, 32.971014492753625, 32.97536231884058, 32.96666666666667, 32.96376811594203, 32.96231884057971, 32.969565217391306, 32.95652173913044, 32.96376811594203, 32.972463768115944, 32.96086956521739, 32.96376811594203, 32.96521739130435, 32.96231884057971, 32.96521739130435, 32.96666666666667, 32.96231884057971, 32.972463768115944, 32.96231884057971, 32.95507246376812, 32.95507246376812, 32.95652173913044, 32.969565217391306, 32.957971014492756, 32.969565217391306, 32.96811594202899, 32.959420289855075, 32.96376811594203, 32.957971014492756, 32.96086956521739, 32.96376811594203, 32.971014492753625, 32.96521739130435, 32.96811594202899, 32.9536231884058, 32.96231884057971, 32.96231884057971, 32.957971014492756, 32.969565217391306, 32.96521739130435, 32.96231884057971, 32.95652173913044, 32.96376811594203, 32.96231884057971, 32.95652173913044, 32.959420289855075, 32.96521739130435]",0.8924528769226958,0.9122257860906081,33,"[33, 33, 33, 33, 33, 33, 33, 33, 33, 33, 33, 33, 33, 33, 33, 33, 33, 33, 33, 33, 33, 33, 33, 33, 33, 33, 33, 33, 33, 33, 33, 33, 33, 33, 33, 33, 33, 33, 33, 33, 33, 33, 33, 33, 33, 33, 33, 33, 33, 33, 33, 33, 33, 33, 33, 33, 33, 33, 33, 33, 33, 33, 33, 33, 33, 33, 33, 33, 33, 33, 33, 33, 33, 33, 33, 33, 33, 33, 33, 33, 33, 33, 33, 33, 33, 33, 33, 33, 33, 33, 33, 33, 33, 33, 33]",95,"[0.39250069856643677, 0.38304251432418823, 0.38172924518585205, 0.3788760006427765, 0.37235283851623535, 0.36756280064582825, 0.36929264664649963, 0.36352530121803284, 0.36151018738746643, 0.35808250308036804, 0.35637855529785156, 0.35588932037353516, 0.3542443513870239, 0.3567637503147125, 0.35014018416404724, 0.348385214805603, 0.3475956618785858, 0.34482133388519287, 0.3437081277370453, 0.3414783477783203, 0.34136366844177246, 0.34077563881874084, 0.3355221450328827, 0.3380063772201538, 0.33412522077560425, 0.33160847425460815, 0.33215224742889404, 0.3265765905380249, 0.3264482915401459, 0.32276615500450134, 0.32243502140045166, 0.31716787815093994, 0.31560784578323364, 0.31624695658683777, 0.31344401836395264, 0.30982494354248047, 0.30772748589515686, 0.30636167526245117, 0.30383697152137756, 0.3037266731262207, 0.29921454191207886, 0.29554224014282227, 0.2952479422092438, 0.2979266345500946, 0.290296733379364, 0.28927022218704224, 0.28425630927085876, 0.2854367792606354, 0.2808864116668701, 0.2781829237937927, 0.2808363437652588, 0.27825382351875305, 0.28330108523368835, 0.27493882179260254, 0.2719886004924774, 0.2708785831928253, 0.269077330827713, 0.2710949778556824, 0.2678639590740204, 0.262177050113678, 0.26168790459632874, 0.26861366629600525, 0.2618653178215027, 0.25714948773384094, 0.25874680280685425, 0.2804270386695862, 0.2532680034637451, 0.2537626028060913, 0.25449469685554504, 0.25263768434524536, 0.252661794424057, 0.25776076316833496, 0.24829979240894318, 0.24801725149154663, 0.24797049164772034, 0.24325969815254211, 0.2466558963060379, 0.2432170808315277, 0.24090929329395294, 0.24168966710567474, 0.2503702640533447, 0.23789821565151215, 0.23801036179065704, 0.237808495759964, 0.2367178201675415, 0.24478967487812042, 0.2366204857826233, 0.2403026819229126, 0.23545914888381958, 0.23623883724212646, 0.2360377460718155, 0.2318795770406723, 0.2309236079454422, 0.23118741810321808, 0.23241081833839417]",33.0,"[33.0, 33.0, 33.0, 33.0, 33.0, 33.0, 33.0, 33.0, 33.0, 33.0, 33.0, 33.0, 33.0, 33.0, 33.0, 33.0, 33.0, 33.0, 33.0, 33.0, 33.0, 33.0, 33.0, 33.0, 33.0, 33.0, 33.0, 33.0, 33.0, 33.0, 33.0, 33.0, 33.0, 33.0, 33.0, 33.0, 33.0, 33.0, 33.0, 33.0, 33.0, 33.0, 33.0, 33.0, 33.0, 33.0, 33.0, 33.0, 33.0, 33.0, 33.0, 33.0, 33.0, 33.0, 33.0, 33.0, 33.0, 33.0, 33.0, 33.0, 33.0, 33.0, 33.0, 33.0, 33.0, 33.0, 33.0, 33.0, 33.0, 33.0, 33.0, 33.0, 33.0, 33.0, 33.0, 33.0, 33.0, 33.0, 33.0, 33.0, 33.0, 33.0, 33.0, 33.0, 33.0, 33.0, 33.0, 33.0, 33.0, 33.0, 33.0, 33.0, 33.0, 33.0, 33.0]",COMPLETE
93,93,0.5,2024-08-31 04:26:58.341985,2024-08-31 04:27:26.080429,0 days 00:00:27.738444,16,1.0727784383851355,4,60,0.776845487567061,67,0.003793684931418687,0.859,0.85875,0,"[33, 33, 33, 33, 33, 7, 4, 2, 1, 1, 0, 0, 0, 0, 0, 0, 0, 0, 0, 0, 0, 0, 0, 0, 0, 0, 0, 0, 0, 0, 0, 0, 0, 0, 0, 0, 0, 0, 0, 0, 0, 0, 0, 0, 0, 0, 0, 0, 0, 0, 0, 0, 0, 0, 0, 0, 0, 0, 0, 0]",0.0,"[32.95721393034826, 32.962189054726366, 32.94825870646766, 32.94825870646766, 32.932338308457716, 6.982089552238806, 3.993034825870647, 1.9990049751243781, 0.9980099502487563, 1.0, 0.0, 0.0, 0.0, 0.0, 0.0, 0.0, 0.0, 0.0, 0.0, 0.0, 0.0, 0.0, 0.0, 0.0, 0.0, 0.0, 0.0, 0.0, 0.0, 0.0, 0.0, 0.0, 0.0, 0.0, 0.0, 0.0, 0.0, 0.0, 0.0, 0.0, 0.0, 0.0, 0.0, 0.0, 0.0, 0.0, 0.0, 0.0, 0.0, 0.0, 0.0, 0.0, 0.0, 0.0, 0.0, 0.0, 0.0, 0.0, 0.0, 0.0]",0.5,0.5,0,"[33, 33, 33, 33, 33, 7, 4, 2, 1, 1, 0, 0, 0, 0, 0, 0, 0, 0, 0, 0, 0, 0, 0, 0, 0, 0, 0, 0, 0, 0, 0, 0, 0, 0, 0, 0, 0, 0, 0, 0, 0, 0, 0, 0, 0, 0, 0, 0, 0, 0, 0, 0, 0, 0, 0, 0, 0, 0, 0, 0]",60,"[0.42527472972869873, 0.4148297607898712, 0.4113423824310303, 0.4015145003795624, 0.40419426560401917, 0.37189242243766785, 0.37615448236465454, 0.4114930331707001, 0.39768654108047485, 0.3961648643016815, 0.40736034512519836, 0.40724486112594604, 0.40722715854644775, 0.40838897228240967, 0.40742436051368713, 0.40722742676734924, 0.4380185008049011, 0.41035640239715576, 0.40854156017303467, 0.40985307097435, 0.41079017519950867, 0.4074719548225403, 0.4075016379356384, 0.41001760959625244, 0.408345490694046, 0.40860071778297424, 0.40722617506980896, 0.4127151072025299, 0.4072667956352234, 0.40764275193214417, 0.41611307859420776, 0.4085174798965454, 0.40755146741867065, 0.40750235319137573, 0.4154645502567291, 0.41450145840644836, 0.4075964093208313, 0.4124724864959717, 0.40722760558128357, 0.407541424036026, 0.4085824489593506, 0.419986754655838, 0.4085637629032135, 0.40863022208213806, 0.40830159187316895, 0.407327264547348, 0.40754395723342896, 0.4104057252407074, 0.4086644649505615, 0.40755221247673035, 0.41000381112098694, 0.40745899081230164, 0.41500937938690186, 0.41205158829689026, 0.4118434488773346, 0.4118386507034302, 0.4072262644767761, 0.43096163868904114, 0.4217500388622284, 0.42310255765914917]",0.0,"[33.0, 33.0, 33.0, 33.0, 33.0, 7.0, 4.0, 2.0, 1.0, 1.0, 0.0, 0.0, 0.0, 0.0, 0.0, 0.0, 0.0, 0.0, 0.0, 0.0, 0.0, 0.0, 0.0, 0.0, 0.0, 0.0, 0.0, 0.0, 0.0, 0.0, 0.0, 0.0, 0.0, 0.0, 0.0, 0.0, 0.0, 0.0, 0.0, 0.0, 0.0, 0.0, 0.0, 0.0, 0.0, 0.0, 0.0, 0.0, 0.0, 0.0, 0.0, 0.0, 0.0, 0.0, 0.0, 0.0, 0.0, 0.0, 0.0, 0.0]",COMPLETE
