,number,value,datetime_start,datetime_complete,duration,params_batch_size_scaler,params_constant_learning_rate,params_depth,params_epochs,params_kernel_l2,params_num_trees,params_temperature,user_attrs_accuracy_test,user_attrs_accuracy_valid,user_attrs_approximate_feature_sparsity,user_attrs_approximate_feature_sparsity_history,user_attrs_approximate_weight_sparsity,user_attrs_approximate_weight_sparsity_history,user_attrs_auc_test,user_attrs_auc_valid,user_attrs_feature_sparsity,user_attrs_feature_sparsity_history,user_attrs_num_epochs,user_attrs_val_loss_history,user_attrs_weight_sparsity,user_attrs_weight_sparsity_history,state
161,161,0.8730275276629182,2024-08-31 08:01:48.358208,2024-08-31 08:07:18.659136,0 days 00:05:30.300928,16,0.4475593909776721,6,480,0.024501817388086006,12,0.0038490741332800277,0.922,0.91875,8,"[33, 33, 33, 33, 33, 33, 33, 33, 33, 33, 33, 33, 33, 33, 33, 33, 33, 33, 33, 33, 31, 31, 27, 23, 21, 19, 18, 16, 15, 14, 12, 12, 11, 11, 11, 11, 11, 10, 9, 9, 9, 8, 8, 8, 8, 8, 8, 8, 8, 8, 8, 8, 8, 8, 8, 8, 8, 8, 8, 8, 8, 8, 8, 8, 8, 8, 8, 8, 8, 8, 8, 8, 8, 8, 8, 8, 8, 8, 8, 8, 8, 8, 8, 8, 8, 8, 8, 8, 8, 8, 8, 8, 8, 8, 8, 8, 8, 8, 8, 8, 8, 8, 8, 8, 8, 8, 8, 8, 8, 8, 8, 8, 8, 8, 8, 8, 8, 8, 8, 8, 8, 8, 8, 8, 8, 8, 8, 8, 8, 8, 8, 8, 8, 8, 8, 8, 8, 8, 8, 8, 8, 8, 8, 8, 8, 8, 8, 8, 8, 8, 8, 8, 8, 8, 8, 8, 8, 8, 8, 8, 8, 8, 8, 8, 8, 8, 8, 8, 8, 8, 8, 8, 8, 8, 8, 8, 8, 8, 8, 8, 8, 8, 8, 8, 8, 8, 8, 8, 8, 8, 8, 8, 8, 8, 8, 8, 8, 8, 8, 8, 8, 8, 8, 8, 8, 8, 8, 8, 8, 8, 8, 8, 8, 8, 8, 8, 8, 8, 8, 8, 8, 8, 8, 8, 8, 8, 8, 8, 8, 8, 8, 8, 8, 8, 8, 8, 8, 8, 8, 8, 8, 8, 8, 8, 8, 8, 8, 8, 8, 8, 8, 8, 8, 8, 8, 8, 8, 8, 8, 8, 8, 8, 8, 8, 8, 8, 8, 8, 8, 8, 8, 8, 8, 8, 8, 8, 8, 8, 8, 8, 8, 8, 8, 8, 8, 8, 8, 8, 8, 8, 8, 8, 8, 8, 8, 8, 8, 8, 8, 8, 8, 8, 8, 8, 8, 8, 8, 8, 8, 8, 8, 8, 8, 8, 8, 8, 8, 8, 8, 8, 8, 8, 8, 8, 8, 8, 8, 8, 8, 8, 8, 8, 8, 8, 8, 8, 8, 8, 8, 8, 8, 8, 8, 8, 8, 8, 8, 8, 8, 8, 8, 8, 8, 8, 8, 8, 8, 8, 8, 8, 8, 8, 8, 8, 8, 8, 8, 8, 8, 8, 8, 8, 8, 8, 8, 8, 8, 8, 8, 8, 8, 8, 8, 8, 8, 8, 8, 8, 8, 8, 8, 8, 8, 8, 8, 8, 8, 8, 8, 8, 8, 8, 8, 8, 8, 8, 8, 8, 8, 8, 8, 8, 8, 8, 8, 8, 8, 8, 8, 8, 8, 8, 8, 8, 8, 8, 8, 8, 8, 8, 8, 8, 8, 8, 8, 8, 8, 8, 8, 8, 8, 8, 8, 8, 8, 8, 8, 8, 8, 8, 8, 8, 8, 8, 8, 8, 8, 8, 8, 8, 8, 8, 8, 8, 8, 8, 8, 8, 8, 8, 8, 8, 8, 8, 8, 8, 8, 8, 8, 8]",7.989417989417989,"[32.966931216931215, 32.957671957671955, 32.94708994708995, 32.94973544973545, 32.948412698412696, 32.94179894179894, 32.95899470899471, 32.949735449735456, 32.964285714285715, 32.9537037037037, 32.95634920634921, 32.94973544973545, 32.9510582010582, 32.95899470899471, 32.95899470899471, 32.95767195767196, 32.96031746031746, 32.955026455026456, 32.9563492063492, 32.95634920634921, 30.96031746031746, 30.958994708994712, 26.972222222222225, 22.973544973544975, 20.981481481481485, 18.97751322751323, 17.982804232804238, 15.982804232804233, 14.985449735449736, 13.981481481481483, 11.988095238095237, 11.989417989417989, 10.989417989417989, 10.985449735449736, 10.988095238095237, 10.988095238095239, 10.99074074074074, 9.984126984126984, 8.986772486772487, 8.988095238095239, 8.984126984126984, 7.992063492063492, 7.989417989417991, 7.988095238095239, 7.993386243386244, 7.982804232804233, 7.984126984126984, 7.9867724867724865, 7.9867724867724865, 7.98941798941799, 7.992063492063493, 7.9907407407407405, 7.98941798941799, 7.992063492063493, 7.988095238095238, 7.993386243386244, 7.990740740740741, 7.990740740740741, 7.990740740740741, 7.989417989417991, 7.992063492063493, 7.992063492063492, 7.993386243386244, 7.992063492063492, 7.994708994708995, 7.993386243386245, 7.997354497354498, 7.994708994708994, 7.997354497354497, 7.993386243386245, 7.992063492063492, 7.9907407407407405, 7.98941798941799, 7.989417989417991, 7.992063492063492, 7.994708994708995, 7.992063492063493, 7.994708994708995, 7.988095238095238, 7.990740740740741, 7.9907407407407405, 7.993386243386244, 7.993386243386244, 7.9907407407407405, 7.992063492063492, 7.994708994708995, 7.989417989417989, 7.992063492063492, 7.989417989417989, 7.988095238095238, 7.985449735449736, 7.98941798941799, 7.98941798941799, 7.993386243386244, 7.994708994708995, 7.989417989417991, 7.992063492063493, 7.993386243386244, 7.992063492063492, 7.992063492063492, 7.9907407407407405, 7.990740740740741, 7.993386243386244, 7.992063492063493, 7.990740740740741, 7.98941798941799, 7.989417989417989, 7.989417989417989, 7.992063492063492, 7.988095238095238, 7.993386243386244, 7.993386243386245, 7.992063492063493, 7.996031746031745, 7.992063492063492, 7.993386243386244, 7.992063492063493, 7.992063492063493, 7.993386243386245, 7.986772486772487, 7.990740740740741, 7.98941798941799, 7.992063492063492, 7.986772486772487, 7.985449735449736, 7.982804232804233, 7.990740740740741, 7.9907407407407405, 7.9907407407407405, 7.996031746031747, 7.994708994708995, 7.993386243386245, 7.993386243386245, 7.992063492063493, 7.98941798941799, 7.98941798941799, 7.993386243386244, 7.992063492063492, 7.996031746031747, 7.9907407407407405, 7.993386243386244, 7.993386243386244, 7.9907407407407405, 7.996031746031747, 7.992063492063492, 7.992063492063492, 7.996031746031745, 7.996031746031747, 7.993386243386244, 7.9907407407407405, 7.989417989417989, 7.989417989417989, 7.992063492063492, 7.992063492063492, 7.992063492063492, 7.992063492063493, 7.992063492063493, 7.993386243386244, 7.9907407407407405, 7.989417989417989, 7.9907407407407405, 7.996031746031746, 7.997354497354498, 7.996031746031746, 7.996031746031747, 7.997354497354497, 7.996031746031747, 7.996031746031745, 7.997354497354497, 7.996031746031747, 7.993386243386244, 7.996031746031746, 7.996031746031746, 7.994708994708995, 7.993386243386244, 7.993386243386244, 7.997354497354498, 7.997354497354497, 7.993386243386244, 7.993386243386244, 7.9907407407407405, 7.9867724867724865, 7.989417989417989, 7.992063492063492, 7.989417989417989, 7.9907407407407405, 7.992063492063492, 7.9907407407407405, 7.992063492063492, 7.9907407407407405, 7.996031746031747, 7.994708994708995, 7.989417989417989, 7.994708994708995, 7.992063492063492, 7.994708994708995, 7.996031746031747, 7.9947089947089935, 7.994708994708995, 7.993386243386244, 7.994708994708995, 7.9867724867724865, 7.988095238095238, 7.988095238095238, 7.986772486772487, 7.985449735449735, 7.9867724867724865, 7.988095238095238, 7.990740740740741, 7.98941798941799, 7.988095238095238, 7.990740740740741, 7.988095238095238, 7.98941798941799, 7.98941798941799, 7.98941798941799, 7.986772486772487, 7.9867724867724865, 7.988095238095238, 7.990740740740741, 7.9907407407407405, 7.98941798941799, 7.990740740740741, 7.98941798941799, 7.990740740740741, 7.994708994708995, 7.992063492063492, 7.992063492063492, 7.994708994708995, 7.993386243386244, 7.993386243386244, 7.9907407407407405, 7.992063492063492, 7.992063492063493, 7.9907407407407405, 7.988095238095238, 7.98941798941799, 7.985449735449735, 7.988095238095238, 7.988095238095238, 7.988095238095238, 7.98941798941799, 7.989417989417989, 7.98941798941799, 7.993386243386243, 7.992063492063493, 7.993386243386244, 7.992063492063493, 7.994708994708994, 7.992063492063492, 7.98941798941799, 7.98941798941799, 7.993386243386244, 7.993386243386244, 7.988095238095237, 7.9907407407407405, 7.993386243386245, 7.996031746031745, 7.994708994708995, 7.996031746031747, 7.997354497354497, 7.996031746031745, 7.997354497354497, 7.998677248677248, 7.997354497354498, 7.997354497354497, 7.997354497354497, 7.998677248677248, 7.992063492063492, 7.993386243386244, 7.993386243386244, 7.989417989417989, 7.988095238095237, 7.989417989417989, 7.989417989417989, 7.9907407407407405, 7.989417989417989, 7.993386243386244, 7.994708994708995, 7.997354497354498, 7.997354497354498, 7.994708994708995, 7.993386243386244, 7.992063492063493, 7.992063492063493, 7.993386243386244, 7.98941798941799, 7.992063492063493, 7.994708994708995, 7.993386243386244, 7.997354497354498, 7.996031746031747, 7.994708994708995, 7.996031746031747, 7.996031746031747, 7.998677248677248, 7.996031746031746, 7.998677248677248, 7.992063492063492, 7.993386243386244, 7.994708994708995, 7.994708994708995, 7.994708994708995, 7.994708994708995, 7.994708994708995, 7.996031746031747, 7.996031746031747, 7.994708994708995, 7.994708994708995, 7.996031746031747, 7.994708994708995, 7.996031746031745, 7.994708994708995, 7.994708994708995, 7.992063492063492, 7.990740740740741, 7.988095238095237, 7.9907407407407405, 7.984126984126984, 7.989417989417989, 7.986772486772486, 7.988095238095238, 7.989417989417989, 7.989417989417989, 7.9867724867724865, 7.988095238095238, 7.989417989417989, 7.986772486772486, 7.988095238095238, 7.9867724867724865, 7.986772486772487, 7.98941798941799, 7.990740740740741, 7.993386243386244, 7.992063492063493, 7.994708994708995, 7.993386243386244, 7.990740740740741, 7.989417989417991, 7.992063492063493, 7.993386243386244, 7.993386243386244, 7.992063492063492, 7.989417989417991, 7.993386243386244, 7.994708994708995, 7.994708994708995, 7.992063492063492, 7.988095238095239, 7.992063492063492, 7.993386243386244, 7.9867724867724865, 7.98941798941799, 7.9907407407407405, 7.992063492063492, 7.990740740740741, 7.992063492063493, 7.993386243386244, 7.992063492063492, 7.992063492063493, 7.990740740740741, 7.992063492063493, 7.992063492063493, 7.993386243386245, 7.990740740740741, 7.990740740740741, 7.98941798941799, 7.993386243386245, 7.993386243386245, 7.992063492063493, 7.996031746031747, 7.996031746031747, 7.993386243386244, 7.990740740740741, 7.996031746031747, 7.994708994708995, 7.990740740740741, 7.989417989417989, 7.993386243386244, 7.994708994708995, 7.993386243386244, 7.992063492063493, 7.993386243386245, 7.993386243386245, 7.992063492063493, 7.988095238095238, 7.98941798941799, 7.988095238095238, 7.988095238095238, 7.9907407407407405, 7.9907407407407405, 7.98941798941799, 7.988095238095238, 7.990740740740741, 7.990740740740741, 7.994708994708995, 7.997354497354497, 7.994708994708995, 7.996031746031747, 7.996031746031747, 7.993386243386244, 7.993386243386244, 7.996031746031747, 7.996031746031746, 7.996031746031747, 7.998677248677248, 7.997354497354498, 7.994708994708995, 7.993386243386244, 7.993386243386244, 7.996031746031747, 7.996031746031745, 7.994708994708995, 7.996031746031747, 7.996031746031747, 7.994708994708995, 7.992063492063492, 7.993386243386244, 7.993386243386244, 7.990740740740741, 7.993386243386244, 7.993386243386244, 7.992063492063492, 7.992063492063492, 7.992063492063492, 7.994708994708995, 7.996031746031747, 7.994708994708995, 7.993386243386244, 7.993386243386243, 7.992063492063492, 7.993386243386245, 7.993386243386245, 7.990740740740741, 7.993386243386244, 7.98941798941799, 7.992063492063492, 7.992063492063492, 7.990740740740741, 7.992063492063492, 7.993386243386244, 7.992063492063493, 7.993386243386244, 7.994708994708995, 7.993386243386244, 7.993386243386245, 7.994708994708995, 7.993386243386245, 7.992063492063492, 7.990740740740741, 7.993386243386244, 7.9907407407407405, 7.992063492063492, 7.992063492063492, 7.994708994708995, 7.990740740740741, 7.9907407407407405, 7.992063492063492, 7.992063492063492, 7.993386243386244, 7.988095238095239, 7.9907407407407405, 7.9907407407407405, 7.989417989417989, 7.988095238095237, 7.98941798941799, 7.990740740740742, 7.993386243386244, 7.989417989417991, 7.9907407407407405, 7.994708994708995, 7.992063492063493, 7.9867724867724865, 7.98941798941799, 7.989417989417991, 7.984126984126983, 7.985449735449736, 7.9867724867724865, 7.982804232804233, 7.989417989417989]",0.8796225200009908,0.8730275276629182,8,"[33, 33, 33, 33, 33, 33, 33, 33, 33, 33, 33, 33, 33, 33, 33, 33, 33, 33, 33, 33, 31, 31, 27, 23, 21, 19, 18, 16, 15, 14, 12, 12, 11, 11, 11, 11, 11, 10, 9, 9, 9, 8, 8, 8, 8, 8, 8, 8, 8, 8, 8, 8, 8, 8, 8, 8, 8, 8, 8, 8, 8, 8, 8, 8, 8, 8, 8, 8, 8, 8, 8, 8, 8, 8, 8, 8, 8, 8, 8, 8, 8, 8, 8, 8, 8, 8, 8, 8, 8, 8, 8, 8, 8, 8, 8, 8, 8, 8, 8, 8, 8, 8, 8, 8, 8, 8, 8, 8, 8, 8, 8, 8, 8, 8, 8, 8, 8, 8, 8, 8, 8, 8, 8, 8, 8, 8, 8, 8, 8, 8, 8, 8, 8, 8, 8, 8, 8, 8, 8, 8, 8, 8, 8, 8, 8, 8, 8, 8, 8, 8, 8, 8, 8, 8, 8, 8, 8, 8, 8, 8, 8, 8, 8, 8, 8, 8, 8, 8, 8, 8, 8, 8, 8, 8, 8, 8, 8, 8, 8, 8, 8, 8, 8, 8, 8, 8, 8, 8, 8, 8, 8, 8, 8, 8, 8, 8, 8, 8, 8, 8, 8, 8, 8, 8, 8, 8, 8, 8, 8, 8, 8, 8, 8, 8, 8, 8, 8, 8, 8, 8, 8, 8, 8, 8, 8, 8, 8, 8, 8, 8, 8, 8, 8, 8, 8, 8, 8, 8, 8, 8, 8, 8, 8, 8, 8, 8, 8, 8, 8, 8, 8, 8, 8, 8, 8, 8, 8, 8, 8, 8, 8, 8, 8, 8, 8, 8, 8, 8, 8, 8, 8, 8, 8, 8, 8, 8, 8, 8, 8, 8, 8, 8, 8, 8, 8, 8, 8, 8, 8, 8, 8, 8, 8, 8, 8, 8, 8, 8, 8, 8, 8, 8, 8, 8, 8, 8, 8, 8, 8, 8, 8, 8, 8, 8, 8, 8, 8, 8, 8, 8, 8, 8, 8, 8, 8, 8, 8, 8, 8, 8, 8, 8, 8, 8, 8, 8, 8, 8, 8, 8, 8, 8, 8, 8, 8, 8, 8, 8, 8, 8, 8, 8, 8, 8, 8, 8, 8, 8, 8, 8, 8, 8, 8, 8, 8, 8, 8, 8, 8, 8, 8, 8, 8, 8, 8, 8, 8, 8, 8, 8, 8, 8, 8, 8, 8, 8, 8, 8, 8, 8, 8, 8, 8, 8, 8, 8, 8, 8, 8, 8, 8, 8, 8, 8, 8, 8, 8, 8, 8, 8, 8, 8, 8, 8, 8, 8, 8, 8, 8, 8, 8, 8, 8, 8, 8, 8, 8, 8, 8, 8, 8, 8, 8, 8, 8, 8, 8, 8, 8, 8, 8, 8, 8, 8, 8, 8, 8, 8, 8, 8, 8, 8, 8, 8, 8, 8, 8, 8, 8, 8, 8, 8, 8, 8, 8, 8, 8, 8, 8, 8, 8, 8, 8, 8, 8, 8, 8, 8, 8, 8]",480,"[0.45523735880851746, 0.4117128849029541, 0.39588427543640137, 0.3880167007446289, 0.3830634653568268, 0.37944066524505615, 0.3765076696872711, 0.3741195797920227, 0.37188178300857544, 0.3699501156806946, 0.36817508935928345, 0.3665613830089569, 0.3650091588497162, 0.36339259147644043, 0.36177676916122437, 0.3602379560470581, 0.3586682081222534, 0.35714226961135864, 0.35564425587654114, 0.35407981276512146, 0.352397620677948, 0.35079166293144226, 0.35010090470314026, 0.347807377576828, 0.34776076674461365, 0.34534138441085815, 0.34336918592453003, 0.3398425281047821, 0.3397064208984375, 0.3393367826938629, 0.3385866582393646, 0.3370056450366974, 0.3413199484348297, 0.3394894301891327, 0.3377453684806824, 0.33599188923835754, 0.33419525623321533, 0.3325079679489136, 0.3320404291152954, 0.3302015960216522, 0.32836073637008667, 0.32429686188697815, 0.322664350271225, 0.3211308717727661, 0.3194955587387085, 0.3179030418395996, 0.3164161443710327, 0.3149263262748718, 0.31340494751930237, 0.3120344877243042, 0.3106071949005127, 0.30921638011932373, 0.30778077244758606, 0.30647188425064087, 0.30517256259918213, 0.3039439916610718, 0.30270490050315857, 0.301476389169693, 0.3003593385219574, 0.29919135570526123, 0.29800060391426086, 0.2969791889190674, 0.2959555387496948, 0.29493361711502075, 0.2939707338809967, 0.29295435547828674, 0.292126327753067, 0.29118412733078003, 0.29025349020957947, 0.28943419456481934, 0.2886148691177368, 0.28790995478630066, 0.28721511363983154, 0.2865280210971832, 0.28585973381996155, 0.2851684093475342, 0.2844681441783905, 0.2839066982269287, 0.28325581550598145, 0.28268200159072876, 0.2821270823478699, 0.281556636095047, 0.28098171949386597, 0.2803613543510437, 0.27988937497138977, 0.27941998839378357, 0.27894073724746704, 0.27844202518463135, 0.2779395580291748, 0.27756524085998535, 0.27715882658958435, 0.2767256200313568, 0.27621933817863464, 0.2757812738418579, 0.27538010478019714, 0.2748852074146271, 0.27450478076934814, 0.2740992307662964, 0.27368155121803284, 0.2733077108860016, 0.27292871475219727, 0.27255719900131226, 0.27222174406051636, 0.2718586027622223, 0.2714819014072418, 0.27112191915512085, 0.2707379460334778, 0.2704342007637024, 0.2701529264450073, 0.26982516050338745, 0.2695041596889496, 0.26915600895881653, 0.2688917815685272, 0.26853278279304504, 0.2682865560054779, 0.2680289149284363, 0.2677387297153473, 0.2674710154533386, 0.2671883702278137, 0.26696163415908813, 0.2666917145252228, 0.2663671672344208, 0.26609984040260315, 0.2658851146697998, 0.2656654119491577, 0.2653875946998596, 0.26511502265930176, 0.26492464542388916, 0.2646702826023102, 0.26444002985954285, 0.26411423087120056, 0.26394063234329224, 0.26362136006355286, 0.2633127272129059, 0.26310956478118896, 0.26290085911750793, 0.2625810205936432, 0.2622535228729248, 0.2620681822299957, 0.2617955505847931, 0.2615405023097992, 0.26140573620796204, 0.26111122965812683, 0.2608691453933716, 0.26067736744880676, 0.2604806125164032, 0.26025551557540894, 0.26003071665763855, 0.2599056363105774, 0.2596812844276428, 0.2594397962093353, 0.25924918055534363, 0.2590497136116028, 0.2589486241340637, 0.25874781608581543, 0.258533239364624, 0.25839829444885254, 0.2582367956638336, 0.2579857110977173, 0.2578926384449005, 0.2576979398727417, 0.2575562596321106, 0.25733330845832825, 0.25725817680358887, 0.2570682764053345, 0.25694236159324646, 0.25668367743492126, 0.256536602973938, 0.25641125440597534, 0.25638318061828613, 0.25623759627342224, 0.2560670077800751, 0.25590780377388, 0.2557465434074402, 0.2556126117706299, 0.2554346024990082, 0.25526759028434753, 0.25508785247802734, 0.25495249032974243, 0.2547469437122345, 0.2546185255050659, 0.25450950860977173, 0.2543521225452423, 0.2541826665401459, 0.2540304958820343, 0.2539399564266205, 0.25374770164489746, 0.25366219878196716, 0.2534000277519226, 0.25338754057884216, 0.2532699406147003, 0.25323495268821716, 0.2531009316444397, 0.2529487907886505, 0.25285595655441284, 0.2527359127998352, 0.25265225768089294, 0.2525412440299988, 0.25243258476257324, 0.25229349732398987, 0.2522015869617462, 0.2521844208240509, 0.2519876956939697, 0.2518627643585205, 0.25170406699180603, 0.2516736090183258, 0.2515358328819275, 0.25148171186447144, 0.25137078762054443, 0.25124630331993103, 0.25109851360321045, 0.25093281269073486, 0.250974178314209, 0.25087177753448486, 0.25081855058670044, 0.25077760219573975, 0.2506530284881592, 0.25058531761169434, 0.25053325295448303, 0.25038567185401917, 0.2504238784313202, 0.2503737211227417, 0.2502319812774658, 0.250085711479187, 0.25001007318496704, 0.2500187158584595, 0.24993950128555298, 0.24981003999710083, 0.24975639581680298, 0.24979053437709808, 0.24975401163101196, 0.2496476024389267, 0.2497532069683075, 0.24955719709396362, 0.2494703084230423, 0.24934767186641693, 0.2493765652179718, 0.24929605424404144, 0.24918758869171143, 0.24909448623657227, 0.24920086562633514, 0.24922175705432892, 0.2491651028394699, 0.24906377494335175, 0.24901388585567474, 0.24904268980026245, 0.2488906979560852, 0.2487284243106842, 0.2487218677997589, 0.24857434630393982, 0.2485261708498001, 0.24860921502113342, 0.2485809177160263, 0.24851307272911072, 0.24842630326747894, 0.248265340924263, 0.24818535149097443, 0.2481749951839447, 0.2482227385044098, 0.24822646379470825, 0.24819278717041016, 0.24808944761753082, 0.2480848878622055, 0.2481188029050827, 0.24811987578868866, 0.24803414940834045, 0.24790900945663452, 0.24777060747146606, 0.2477380782365799, 0.24767856299877167, 0.24745415151119232, 0.2473960816860199, 0.24737468361854553, 0.24740856885910034, 0.2473466992378235, 0.247207909822464, 0.2472062110900879, 0.24716338515281677, 0.2472044974565506, 0.2470872700214386, 0.2471722960472107, 0.24720709025859833, 0.24723584949970245, 0.2471662163734436, 0.24704353511333466, 0.24694883823394775, 0.2469426542520523, 0.24681812524795532, 0.24675564467906952, 0.24663113057613373, 0.2466263622045517, 0.2467111200094223, 0.2465960681438446, 0.2465192675590515, 0.24650773406028748, 0.24639801681041718, 0.24641375243663788, 0.24642343819141388, 0.24635279178619385, 0.24629241228103638, 0.24621959030628204, 0.24619945883750916, 0.24629367887973785, 0.24613939225673676, 0.24605615437030792, 0.2460980862379074, 0.246075838804245, 0.24611859023571014, 0.24603627622127533, 0.2459741234779358, 0.24608725309371948, 0.24597017467021942, 0.2458905577659607, 0.2459028959274292, 0.24587510526180267, 0.24586017429828644, 0.2457829713821411, 0.24583552777767181, 0.2456873655319214, 0.24553237855434418, 0.2454696148633957, 0.245478093624115, 0.24549856781959534, 0.24543480575084686, 0.2455284148454666, 0.2454378455877304, 0.24539318680763245, 0.24521030485630035, 0.24525678157806396, 0.2452620267868042, 0.2451850175857544, 0.24517780542373657, 0.2451406866312027, 0.2450905293226242, 0.24499554932117462, 0.24505746364593506, 0.2450290322303772, 0.2450098991394043, 0.2449711412191391, 0.24519792199134827, 0.24505876004695892, 0.24497993290424347, 0.2447039932012558, 0.24478892982006073, 0.244636669754982, 0.24460072815418243, 0.24463045597076416, 0.24465957283973694, 0.24464577436447144, 0.2445366084575653, 0.24448001384735107, 0.2444107085466385, 0.24439768493175507, 0.24438469111919403, 0.24437245726585388, 0.2442229986190796, 0.24416868388652802, 0.24414122104644775, 0.24397386610507965, 0.24392709136009216, 0.24382372200489044, 0.24378828704357147, 0.2438245266675949, 0.244002565741539, 0.24391141533851624, 0.2438906729221344, 0.24389293789863586, 0.24379517138004303, 0.24374137818813324, 0.24376003444194794, 0.24385231733322144, 0.2438497543334961, 0.24378857016563416, 0.24362581968307495, 0.24371400475502014, 0.24364016950130463, 0.24343185126781464, 0.24352863430976868, 0.24355164170265198, 0.2434832751750946, 0.2434108555316925, 0.2433658093214035, 0.24321399629116058, 0.24334397912025452, 0.243327334523201, 0.2432100474834442, 0.2433808445930481, 0.24330389499664307, 0.2433674931526184, 0.24328145384788513, 0.24335640668869019, 0.2432631105184555, 0.24315348267555237, 0.2430044710636139, 0.24294158816337585, 0.24284668266773224, 0.24288375675678253, 0.24264806509017944, 0.24265748262405396, 0.2427554577589035, 0.24290215969085693, 0.2429075986146927, 0.24285580217838287, 0.24262107908725739, 0.24247059226036072, 0.2427593618631363, 0.24262185394763947, 0.24258404970169067, 0.24257256090641022, 0.24256058037281036, 0.24247846007347107, 0.24239176511764526, 0.24232584238052368, 0.24233217537403107, 0.24233707785606384, 0.2422345131635666, 0.24223516881465912, 0.24216976761817932, 0.24220888316631317, 0.24229677021503448, 0.24235916137695312, 0.2421042025089264, 0.2421112060546875, 0.242096945643425, 0.24220363795757294, 0.24206487834453583, 0.24215108156204224, 0.24204547703266144, 0.2419738918542862, 0.24190257489681244, 0.24189215898513794, 0.24179546535015106, 0.24174153804779053, 0.24162660539150238, 0.24180127680301666, 0.24191714823246002, 0.24166972935199738, 0.2416743040084839, 0.241