,number,value,datetime_start,datetime_complete,duration,params_batch_size_scaler,params_constant_learning_rate,params_depth,params_epochs,params_kernel_l2,params_num_trees,params_temperature,user_attrs_accuracy_test,user_attrs_accuracy_valid,user_attrs_approximate_feature_sparsity,user_attrs_approximate_feature_sparsity_history,user_attrs_approximate_weight_sparsity,user_attrs_approximate_weight_sparsity_history,user_attrs_auc_test,user_attrs_auc_valid,user_attrs_feature_sparsity,user_attrs_feature_sparsity_history,user_attrs_num_epochs,user_attrs_val_loss_history,user_attrs_weight_sparsity,user_attrs_weight_sparsity_history,state
115,115,0.912174260282619,2024-08-31 05:31:06.149707,2024-08-31 05:31:56.265448,0 days 00:00:50.115741,4,1.3093834158301747,1,345,0.04242807444165787,94,0.00033169496900748504,0.91,0.90125,11,"[33, 33, 33, 33, 33, 30, 25, 23, 20, 17, 17, 17, 15, 15, 15, 15, 15, 15, 15, 15, 15, 15, 15, 15, 15, 15, 15, 15, 15, 14, 14, 14, 14, 14, 14, 14, 14, 14, 14, 14, 14, 14, 14, 14, 14, 14, 14, 14, 14, 14, 14, 14, 14, 14, 14, 14, 14, 14, 14, 14, 14, 14, 14, 14, 14, 14, 14, 14, 14, 14, 14, 14, 14, 14, 14, 14, 14, 14, 14, 14, 14, 14, 14, 14, 14, 14, 14, 14, 14, 14, 14, 13, 13, 13, 13, 13, 13, 13, 13, 13, 13, 13, 13, 13, 13, 13, 13, 13, 13, 13, 13, 13, 13, 13, 13, 13, 13, 13, 13, 13, 13, 13, 13, 13, 13, 13, 13, 13, 13, 13, 13, 13, 13, 13, 13, 13, 13, 13, 13, 13, 13, 13, 13, 13, 13, 13, 13, 13, 13, 13, 13, 13, 13, 13, 13, 13, 13, 13, 13, 13, 13, 13, 13, 13, 13, 13, 13, 13, 13, 13, 13, 13, 13, 13, 13, 12, 12, 12, 12, 12, 12, 12, 12, 12, 12, 12, 11, 11, 11, 11, 11, 11, 11, 11, 11, 11, 11, 11, 11, 11, 11, 11, 11, 11, 11, 11, 11, 11, 11, 11, 11, 11, 11, 11, 11, 11, 11, 11, 11, 11, 11, 11, 11, 11, 11, 11, 11, 11, 11, 11, 11, 11, 11, 11, 11, 11, 11, 11, 11, 11, 11, 11, 11, 11, 11, 11, 11, 11, 11, 11, 11, 11, 11, 11, 11, 11, 11, 11, 11, 11, 11, 11, 11, 11, 11, 11, 11, 11, 11, 11, 11, 11, 11, 11, 11, 11, 11, 11, 11, 11, 11, 11, 11, 11, 11, 11, 11, 11, 11, 11, 11, 11, 11, 11, 11, 11, 11, 11, 11, 11, 11, 11, 11, 11, 11, 11, 11, 11, 11, 11, 11, 11, 11, 11, 11, 11, 11, 11, 11, 11, 11, 11, 11, 11, 11, 11, 11, 11, 11, 11, 11, 11, 11, 11, 11, 11, 11, 11, 11, 11, 11, 11, 11, 11, 11]",10.308510638297872,"[32.96808510638298, 32.98936170212766, 32.96808510638298, 33.0, 32.98936170212766, 30.0, 24.98936170212766, 22.98936170212766, 20.0, 17.0, 17.0, 16.97872340425532, 15.0, 14.97872340425532, 14.98936170212766, 15.0, 14.98936170212766, 15.0, 14.98936170212766, 14.98936170212766, 15.0, 14.98936170212766, 14.96808510638298, 14.98936170212766, 14.98936170212766, 15.0, 14.97872340425532, 15.0, 14.98936170212766, 14.0, 13.98936170212766, 14.0, 14.0, 13.98936170212766, 14.0, 13.97872340425532, 13.98936170212766, 13.96808510638298, 13.97872340425532, 13.98936170212766, 13.96808510638298, 13.96808510638298, 14.0, 13.98936170212766, 13.98936170212766, 13.98936170212766, 14.0, 14.0, 13.96808510638298, 13.97872340425532, 14.0, 13.97872340425532, 13.957446808510639, 13.98936170212766, 13.97872340425532, 13.97872340425532, 13.96808510638298, 13.946808510638299, 13.96808510638298, 13.957446808510639, 13.957446808510639, 13.957446808510639, 13.96808510638298, 13.957446808510639, 13.97872340425532, 13.97872340425532, 13.936170212765958, 13.946808510638299, 13.936170212765957, 13.872340425531915, 13.96808510638298, 13.957446808510639, 13.914893617021278, 13.946808510638299, 14.0, 13.914893617021278, 13.96808510638298, 13.957446808510639, 13.96808510638298, 13.851063829787233, 13.829787234042554, 13.893617021276597, 13.904255319148938, 13.893617021276597, 13.872340425531915, 13.914893617021278, 13.893617021276597, 13.925531914893618, 13.936170212765958, 13.914893617021278, 13.946808510638299, 12.904255319148938, 12.904255319148936, 12.882978723404255, 12.861702127659575, 12.861702127659575, 12.904255319148936, 12.914893617021278, 12.893617021276595, 12.904255319148936, 12.882978723404255, 12.861702127659575, 12.893617021276597, 12.893617021276597, 12.882978723404257, 12.808510638297873, 12.851063829787234, 12.553191489361703, 12.882978723404257, 12.882978723404257, 12.808510638297873, 12.893617021276597, 12.872340425531917, 12.893617021276597, 12.893617021276597, 12.882978723404257, 12.872340425531917, 12.893617021276597, 12.851063829787236, 12.787234042553191, 12.840425531914894, 12.829787234042554, 12.829787234042552, 12.819148936170212, 12.819148936170215, 12.851063829787236, 12.819148936170215, 12.808510638297875, 12.829787234042556, 12.840425531914896, 12.76595744680851, 12.75531914893617, 12.73404255319149, 12.712765957446809, 12.691489361702128, 12.72340425531915, 12.73404255319149, 12.72340425531915, 12.670212765957448, 11.936170212765958, 12.627659574468085, 11.914893617021278, 12.542553191489365, 12.372340425531917, 12.617021276595747, 12.138297872340425, 12.553191489361705, 12.319148936170215, 12.542553191489363, 12.414893617021276, 12.45744680851064, 12.414893617021276, 12.47872340425532, 12.521276595744682, 12.648936170212767, 12.638297872340425, 12.648936170212766, 12.287234042553191, 12.553191489361703, 12.521276595744682, 11.93617021276596, 11.893617021276597, 11.46808510638298, 11.978723404255321, 12.553191489361703, 12.276595744680852, 12.542553191489363, 12.436170212765957, 12.627659574468085, 12.606382978723405, 12.680851063829788, 12.680851063829788, 12.659574468085106, 12.553191489361701, 12.414893617021278, 11.042553191489361, 11.063829787234042, 11.606382978723406, 11.53191489361702, 11.627659574468087, 10.957446808510639, 11.159574468085108, 11.638297872340427, 11.648936170212767, 11.595744680851064, 11.595744680851066, 10.659574468085108, 10.648936170212767, 10.670212765957448, 10.648936170212766, 10.659574468085108, 10.648936170212767, 10.691489361702128, 10.680851063829788, 10.702127659574469, 10.617021276595745, 10.595744680851064, 10.574468085106384, 10.648936170212766, 10.680851063829788, 10.553191489361703, 10.51063829787234, 10.521276595744682, 10.425531914893618, 10.574468085106384, 10.48936170212766, 10.563829787234043, 10.574468085106384, 10.585106382978724, 10.563829787234043, 10.553191489361703, 10.617021276595745, 10.638297872340427, 10.627659574468085, 10.627659574468085, 10.627659574468085, 10.574468085106384, 10.574468085106384, 10.617021276595747, 10.585106382978726, 10.595744680851066, 10.47872340425532, 10.47872340425532, 10.563829787234043, 10.553191489361703, 10.510638297872342, 10.372340425531915, 10.47872340425532, 10.46808510638298, 10.436170212765958, 10.542553191489363, 10.52127659574468, 10.47872340425532, 10.574468085106384, 10.52127659574468, 10.5, 10.53191489361702, 10.521276595744682, 10.52127659574468, 10.436170212765958, 10.521276595744682, 10.361702127659576, 10.5, 10.48936170212766, 10.457446808510639, 10.627659574468085, 10.563829787234043, 10.638297872340427, 10.553191489361703, 10.617021276595747, 10.404255319148938, 10.606382978723406, 10.691489361702128, 10.648936170212767, 10.691489361702128, 10.691489361702128, 10.691489361702128, 10.702127659574469, 10.75531914893617, 10.72340425531915, 10.75531914893617, 10.73404255319149, 10.72340425531915, 10.691489361702128, 10.75531914893617, 10.702127659574469, 10.75531914893617, 10.72340425531915, 10.74468085106383, 10.73404255319149, 10.74468085106383, 10.712765957446809, 10.72340425531915, 10.72340425531915, 10.74468085106383, 10.76595744680851, 10.74468085106383, 10.73404255319149, 10.73404255319149, 10.73404255319149, 10.73404255319149, 10.702127659574469, 10.712765957446809, 10.702127659574469, 10.670212765957448, 10.680851063829788, 10.680851063829788, 10.659574468085108, 10.638297872340425, 10.617021276595745, 10.627659574468087, 10.617021276595745, 10.595744680851064, 10.627659574468085, 10.680851063829788, 10.680851063829788, 10.648936170212767, 10.638297872340427, 10.563829787234043, 10.542553191489363, 10.595744680851064, 10.574468085106384, 10.585106382978724, 10.585106382978724, 10.574468085106384, 10.574468085106384, 10.585106382978724, 10.553191489361703, 10.542553191489363, 10.542553191489363, 10.531914893617023, 10.563829787234043, 10.542553191489363, 10.542553191489363, 10.531914893617023, 10.521276595744682, 10.531914893617023, 10.521276595744682, 10.521276595744682, 10.500000000000002, 10.468085106382981, 10.500000000000002, 10.468085106382981, 10.468085106382981, 10.446808510638299, 10.436170212765958, 10.414893617021278, 10.351063829787236, 10.340425531914894, 10.372340425531917, 10.319148936170212, 10.276595744680852, 10.393617021276597, 10.297872340425533, 10.308510638297873, 10.382978723404257, 10.351063829787236, 10.351063829787236, 10.404255319148938, 10.351063829787233, 10.287234042553191, 10.319148936170212, 10.351063829787233, 10.308510638297872, 10.308510638297872]",0.9087013598196815,0.912174260282619,11,"[33, 33, 33, 33, 33, 30, 25, 23, 20, 17, 17, 17, 15, 15, 15, 15, 15, 15, 15, 15, 15, 15, 15, 15, 15, 15, 15, 15, 15, 14, 14, 14, 14, 14, 14, 14, 14, 14, 14, 14, 14, 14, 14, 14, 14, 14, 14, 14, 14, 14, 14, 14, 14, 14, 14, 14, 14, 14, 14, 14, 14, 14, 14, 14, 14, 14, 14, 14, 14, 14, 14, 14, 14, 14, 14, 14, 14, 14, 14, 14, 14, 14, 14, 14, 14, 14, 14, 14, 14, 14, 14, 13, 13, 13, 13, 13, 13, 13, 13, 13, 13, 13, 13, 13, 13, 13, 13, 13, 13, 13, 13, 13, 13, 13, 13, 13, 13, 13, 13, 13, 13, 13, 13, 13, 13, 13, 13, 13, 13, 13, 13, 13, 13, 13, 13, 13, 13, 13, 13, 13, 13, 13, 13, 13, 13, 13, 13, 13, 13, 13, 13, 13, 13, 13, 13, 13, 13, 13, 13, 13, 13, 13, 13, 13, 13, 13, 13, 13, 13, 13, 13, 13, 13, 13, 13, 12, 12, 12, 12, 12, 12, 12, 12, 12, 12, 12, 11, 11, 11, 11, 11, 11, 11, 11, 11, 11, 11, 11, 11, 11, 11, 11, 11, 11, 11, 11, 11, 11, 11, 11, 11, 11, 11, 11, 11, 11, 11, 11, 11, 11, 11, 11, 11, 11, 11, 11, 11, 11, 11, 11, 11, 11, 11, 11, 11, 11, 11, 11, 11, 11, 11, 11, 11, 11, 11, 11, 11, 11, 11, 11, 11, 11, 11, 11, 11, 11, 11, 11, 11, 11, 11, 11, 11, 11, 11, 11, 11, 11, 11, 11, 11, 11, 11, 11, 11, 11, 11, 11, 11, 11, 11, 11, 11, 11, 11, 11, 11, 11, 11, 11, 11, 11, 11, 11, 11, 11, 11, 11, 11, 11, 11, 11, 11, 11, 11, 11, 11, 11, 11, 11, 11, 11, 11, 11, 11, 11, 11, 11, 11, 11, 11, 11, 11, 11, 11, 11, 11, 11, 11, 11, 11, 11, 11, 11, 11, 11, 11, 11, 11, 11, 11, 11, 11, 11, 11]",345,"[8.640948295593262, 8.285494804382324, 3.2981438636779785, 0.9886084794998169, 1.0585086345672607, 2.243586778640747, 0.6450664401054382, 0.7209534645080566, 0.7840515971183777, 1.8231592178344727, 11.307596206665039, 1.0382802486419678, 0.8277929425239563, 0.7290810942649841, 8.315939903259277, 8.946734428405762, 5.535916805267334, 3.170361280441284, 1.640297532081604, 6.417035102844238, 0.8477551937103271, 1.8722124099731445, 0.8587384819984436, 0.8625854253768921, 0.7968237400054932, 1.0351542234420776, 0.5780691504478455, 0.6026723384857178, 3.0701305866241455, 4.964266777038574, 1.4872077703475952, 2.0910539627075195, 1.116714358329773, 9.387377738952637, 2.5568501949310303, 0.813823401927948, 0.8217340111732483, 1.4587751626968384, 1.4170969724655151, 0.7053358554840088, 0.639421284198761, 0.681159496307373, 0.5010862946510315, 0.8831380605697632, 0.5546252131462097, 0.5298020243644714, 1.4959088563919067, 2.3916008472442627, 0.8458617925643921, 3.6259801387786865, 1.9232127666473389, 1.3007076978683472, 1.9672729969024658, 2.7547607421875, 1.410557508468628, 2.1370530128479004, 7.604476451873779, 2.205164909362793, 0.623749852180481, 0.6819643378257751, 0.631639301776886, 1.0447324514389038, 13.018167495727539, 0.6345236897468567, 0.8901021480560303, 0.7129277586936951, 0.5374072194099426, 2.2011873722076416, 0.8012428283691406, 0.9201253652572632, 6.5430908203125, 2.6405508518218994, 1.139427661895752, 0.9422141909599304, 0.7793400287628174, 0.6007503867149353, 0.8334560990333557, 3.9260079860687256, 1.223134160041809, 4.883301258087158, 1.1140904426574707, 0.7327232360839844, 0.7023001313209534, 0.7307701110839844, 0.4968060255050659, 1.6870331764221191, 0.6081538200378418, 0.9565887451171875, 10.378188133239746, 2.4528326988220215, 0.629947304725647, 2.1099605560302734, 4.5134477615356445, 0.6826133131980896, 2.251009941101074, 1.8638603687286377, 0.885628879070282, 7.359060287475586, 0.47953423857688904, 0.46524468064308167, 0.6035085320472717, 1.8863096237182617, 2.045384407043457, 0.7613222599029541, 0.5706526041030884, 0.6035234332084656, 0.44949233531951904, 0.5638567805290222, 4.366485118865967, 0.9575483202934265, 0.8845994472503662, 1.6377276182174683, 0.46987026929855347, 0.6305043697357178, 1.9404407739639282, 0.5510534048080444, 0.6627633571624756, 0.4883044362068176, 0.8882925510406494, 0.900412917137146, 0.647096574306488, 1.1137628555297852, 4.551661491394043, 1.2793793678283691, 0.7021727561950684, 4.287219047546387, 0.9081862568855286, 0.674724817276001, 2.6700549125671387, 7.652899742126465, 0.6791977882385254, 0.6831870079040527, 0.6999250054359436, 0.9447804093360901, 0.7831715941429138, 0.778738260269165, 1.2923588752746582, 0.7336164116859436, 0.996966540813446, 0.7874518632888794, 8.242149353027344, 0.522428035736084, 0.9146260619163513, 10.273479461669922, 6.681410312652588, 0.5250699520111084, 0.7951433658599854, 1.592421531677246, 0.880107581615448, 0.46307286620140076, 0.636073648929596, 0.5536596775054932, 1.2365721464157104, 1.6221122741699219, 6.564256191253662, 0.5848285555839539, 0.7060538530349731, 0.9802393317222595, 0.5452549457550049, 0.6132051348686218, 0.7065064311027527, 0.8212568759918213, 0.8103874325752258, 0.5389871597290039, 4.420943737030029, 0.639934241771698, 2.1328725814819336, 0.4246823191642761, 2.1498241424560547, 1.698471188545227, 1.007034420967102, 0.870527446269989, 1.1723251342773438, 2.6319048404693604, 4.892579555511475, 1.2590638399124146, 1.6416876316070557, 0.713060736656189, 1.284725308418274, 0.6092908978462219, 0.6719162464141846, 0.5865159630775452, 1.0638540983200073, 1.888418436050415, 0.6877769231796265, 2.7915408611297607, 0.7181805372238159, 0.7357068061828613, 0.8831659555435181, 2.992377281188965, 2.1586334705352783, 1.469067096710205, 3.1461358070373535, 0.5846731066703796, 2.261910915374756, 1.3005348443984985, 0.5721451640129089, 0.6915556192398071, 0.5298913717269897, 1.5154632329940796, 6.317183017730713, 2.237509250640869, 0.85297691822052, 0.9101742506027222, 0.626511812210083, 0.618556559085846, 0.4998305141925812, 7.390885829925537, 0.8549142479896545, 0.5967622995376587, 8.746384620666504, 0.45834702253341675, 5.395228862762451, 0.8589491844177246, 0.6176405549049377, 2.5660367012023926, 1.202039361000061, 1.2604458332061768, 1.8192553520202637, 1.1067503690719604, 0.7523092031478882, 0.6327906250953674, 1.6076579093933105, 0.8167276978492737, 1.4807833433151245, 1.3990607261657715, 0.6014511585235596, 0.5324458479881287, 0.9328798651695251, 0.547285795211792, 1.1471728086471558, 10.167191505432129, 0.5447083115577698, 6.818063259124756, 1.775205135345459, 2.3506996631622314, 0.5449540615081787, 1.3648674488067627, 2.950935125350952, 5.529224395751953, 3.119595527648926, 0.5760740637779236, 0.7071794867515564, 0.7871668338775635, 2.2685532569885254, 5.688291072845459, 0.5495882630348206, 3.730761766433716, 0.510251522064209, 1.8403010368347168, 0.9601296186447144, 0.962379515171051, 1.460269570350647, 0.5778257846832275, 5.092778205871582, 3.1103219985961914, 0.6847125291824341, 0.936937153339386, 0.5781571865081787, 0.7548874616622925, 0.7683230638504028, 1.5101405382156372, 0.7852299213409424, 0.5457305908203125, 0.6287484169006348, 8.500574111938477, 1.41646146774292, 1.2363163232803345, 1.2983922958374023, 0.4788737893104553, 0.715709924697876, 0.4700634479522705, 0.7044601440429688, 0.9090235829353333, 1.756118655204773, 0.885110080242157, 0.6359169483184814, 0.6868130564689636, 7.633164882659912, 0.805084228515625, 2.8365650177001953, 0.7721608877182007, 0.9326896071434021, 2.1991772651672363, 0.6084535121917725, 1.0035896301269531, 1.4718005657196045, 1.2614425420761108, 0.5203359723091125, 0.5599592924118042, 0.7857834696769714, 1.3642393350601196, 0.9663498401641846, 3.2655999660491943, 2.0633199214935303, 0.8728286623954773, 7.0057525634765625, 0.6070703268051147, 0.7090394496917725, 0.4919779300689697, 0.6584851741790771, 1.9876435995101929, 2.1259725093841553, 0.8137725591659546, 1.072333574295044, 3.6062047481536865, 4.499951362609863, 4.158002853393555, 0.907284140586853, 1.1678352355957031, 0.5843040347099304, 0.6702622771263123, 1.1349583864212036, 1.1419992446899414, 0.8882424235343933, 0.6693107485771179, 0.7490023970603943, 9.617988586425781, 1.2171175479888916, 0.6539420485496521, 1.5909892320632935, 1.0183802843093872, 0.7935178875923157, 2.204409122467041, 0.7010470628738403, 1.0933470726013184, 0.6582121253013611, 0.6592862606048584, 0.5278828144073486, 0.5403255820274353, 1.7194944620132446, 1.1592183113098145, 1.846390724182129, 1.1645478010177612, 0.9502421021461487, 0.6708583831787109, 7.80858039855957, 0.6800240874290466, 0.839566171169281, 1.2167688608169556, 0.7256568074226379, 0.5186077952384949, 0.9422798752784729, 0.5321225523948669, 0.5501596331596375]",11.0,"[33.0, 33.0, 33.0, 33.0, 33.0, 30.0, 25.0, 23.0, 20.0, 17.0, 17.0, 17.0, 15.0, 15.0, 15.0, 15.0, 15.0, 15.0, 15.0, 15.0, 15.0, 15.0, 15.0, 15.0, 15.0, 15.0, 15.0, 15.0, 15.0, 14.0, 14.0, 14.0, 14.0, 14.0, 14.0, 14.0, 14.0, 14.0, 14.0, 14.0, 14.0, 14.0, 14.0, 14.0, 14.0, 14.0, 14.0, 14.0, 14.0, 14.0, 14.0, 14.0, 14.0, 14.0, 14.0, 14.0, 14.0, 14.0, 14.0, 14.0, 14.0, 14.0, 14.0, 14.0, 14.0, 14.0, 14.0, 14.0, 14.0, 14.0, 14.0, 14.0, 14.0, 14.0, 14.0, 14.0, 14.0, 14.0, 14.0, 14.0, 14.0, 14.0, 14.0, 14.0, 14.0, 14.0, 14.0, 14.0, 14.0, 14.0, 14.0, 13.0, 13.0, 13.0, 13.0, 13.0, 13.0, 13.0, 13.0, 13.0, 13.0, 13.0, 13.0, 13.0, 13.0, 13.0, 13.0, 13.0, 13.0, 13.0, 13.0, 13.0, 13.0, 13.0, 13.0, 13.0, 13.0, 13.0, 13.0, 13.0, 13.0, 13.0, 13.0, 13.0, 13.0, 13.0, 13.0, 13.0, 13.0, 13.0, 13.0, 13.0, 13.0, 13.0, 13.0, 13.0, 13.0, 13.0, 13.0, 13.0, 13.0, 13.0, 13.0, 13.0, 13.0, 13.0, 13.0, 13.0, 13.0, 13.0, 13.0, 13.0, 13.0, 13.0, 13.0, 13.0, 13.0, 13.0, 13.0, 13.0, 13.0, 13.0, 13.0, 13.0, 13.0, 13.0, 13.0, 13.0, 13.0, 13.0, 13.0, 13.0, 13.0, 13.0, 13.0, 12.0, 12.0, 12.0, 12.0, 12.0, 12.0, 12.0, 12.0, 12.0, 12.0, 12.0, 11.0, 11.0, 11.0, 11.0, 11.0, 11.0, 11.0, 11.0, 11.0, 11.0, 11.0, 11.0, 11.0, 11.0, 11.0, 11.0, 11.0, 11.0, 11.0, 11.0, 11.0, 11.0, 11.0, 11.0, 11.0, 11.0, 11.0, 11.0, 11.0, 11.0, 11.0, 11.0, 11.0, 11.0, 11.0, 11.0, 11.0, 11.0, 11.0, 11.0, 11.0, 11.0, 11.0, 11.0, 11.0, 11.0, 11.0, 11.0, 11.0, 11.0, 11.0, 11.0, 11.0, 11.0, 11.0, 11.0, 11.0, 11.0, 11.0, 11.0, 11.0, 11.0, 11.0, 11.0, 11.0, 11.0, 11.0, 11.0, 11.0, 11.0, 11.0, 11.0, 11.0, 11.0, 11.0, 11.0, 11.0, 11.0, 11.0, 11.0, 11.0, 11.0, 11.0, 11.0, 11.0, 11.0, 11.0, 11.0, 11.0, 11.0, 11.0, 11.0, 11.0, 11.0, 11.0, 11.0, 11.0, 11.0, 11.0, 11.0, 11.0, 11.0, 11.0, 11.0, 11.0, 11.0, 11.0, 11.0, 11.0, 11.0, 11.0, 11.0, 11.0, 11.0, 11.0, 11.0, 11.0, 11.0, 11.0, 11.0, 11.0, 11.0, 11.0, 11.0, 11.0, 11.0, 11.0, 11.0, 11.0, 11.0, 11.0, 11.0, 11.0, 11.0, 11.0, 11.0, 11.0, 11.0, 11.0, 11.0, 11.0, 11.0, 11.0, 11.0, 11.0, 11.0, 11.0, 11.0, 11.0, 11.0, 11.0, 11.0, 11.0, 11.0, 11.0, 11.0, 11.0, 11.0, 11.0]",COMPLETE
