,number,value,datetime_start,datetime_complete,duration,params_batch_size_scaler,params_constant_learning_rate,params_depth,params_epochs,params_kernel_l2,params_num_trees,params_temperature,user_attrs_accuracy_test,user_attrs_accuracy_valid,user_attrs_approximate_feature_sparsity,user_attrs_approximate_feature_sparsity_history,user_attrs_approximate_weight_sparsity,user_attrs_approximate_weight_sparsity_history,user_attrs_auc_test,user_attrs_auc_valid,user_attrs_feature_sparsity,user_attrs_feature_sparsity_history,user_attrs_num_epochs,user_attrs_val_loss_history,user_attrs_weight_sparsity,user_attrs_weight_sparsity_history,state
47,47,0.7148948229444423,2024-08-31 02:31:30.433048,2024-08-31 02:34:28.834222,0 days 00:02:58.401174,64,0.2019837917333323,6,175,0.012665910505813619,85,0.0027191673199310333,0.869,0.86625,33,"[33, 33, 33, 33, 33, 33, 33, 33, 33, 33, 33, 33, 33, 33, 33, 33, 33, 33, 33, 33, 33, 33, 33, 33, 33, 33, 33, 33, 33, 33, 33, 33, 33, 33, 33, 33, 33, 33, 33, 33, 33, 33, 33, 33, 33, 33, 33, 33, 33, 33, 33, 33, 33, 33, 33, 33, 33, 33, 33, 33, 33, 33, 33, 33, 33, 33, 33, 33, 33, 33, 33, 33, 33, 33, 33, 33, 33, 33, 33, 33, 33, 33, 33, 33, 33, 33, 33, 33, 33, 33, 33, 33, 33, 33, 33, 33, 33, 33, 33, 33, 33, 33, 33, 33, 33, 33, 33, 33, 33, 33, 33, 33, 33, 33, 33, 33, 33, 33, 33, 33, 33, 33, 33, 33, 33, 33, 33, 33, 33, 33, 33, 33, 33, 33, 33, 33, 33, 33, 33, 33, 33, 33, 33, 33, 33, 33, 33, 33, 33, 33, 33, 33, 33, 33, 33, 33, 33, 33, 33, 33, 33, 33, 33, 33, 33, 33, 33, 33, 33, 33, 33, 33, 33, 33, 33]",32.89897292250234,"[32.89486461251167, 32.899719887955186, 32.892623716153125, 32.89598506069095, 32.89915966386555, 32.896171802054155, 32.894304388422036, 32.89467787114846, 32.89411764705882, 32.89710550887021, 32.895051353874884, 32.896171802054155, 32.896358543417364, 32.90084033613445, 32.90084033613445, 32.89785247432306, 32.893744164332404, 32.89542483660131, 32.89449112978525, 32.894304388422036, 32.891316526610645, 32.892623716153125, 32.892436974789916, 32.89225023342671, 32.89467787114846, 32.89411764705882, 32.89654528478058, 32.89747899159664, 32.895611577964516, 32.89729225023343, 32.89747899159664, 32.896918767507, 32.8952380952381, 32.894304388422036, 32.899906629318394, 32.901774042950514, 32.90252100840336, 32.901027077497666, 32.899719887955186, 32.9000933706816, 32.899719887955186, 32.90065359477124, 32.90214752567694, 32.90196078431373, 32.899346405228755, 32.90065359477124, 32.90270774976658, 32.90793650793651, 32.908496732026144, 32.90924369747899, 32.90532212885154, 32.90326797385621, 32.90065359477124, 32.90140056022409, 32.89747899159664, 32.8952380952381, 32.896732026143795, 32.89766573295985, 32.901027077497666, 32.899719887955186, 32.901027077497666, 32.902334267040146, 32.90326797385621, 32.90084033613445, 32.90252100840336, 32.89785247432306, 32.898039215686275, 32.899346405228755, 32.90028011204482, 32.90364145658263, 32.90196078431373, 32.902334267040146, 32.90028011204482, 32.9000933706816, 32.902894491129786, 32.90196078431373, 32.903454715219425, 32.90252100840336, 32.9000933706816, 32.90084033613445, 32.896732026143795, 32.89915966386555, 32.9000933706816, 32.89598506069095, 32.900466853408034, 32.899906629318394, 32.90121381886088, 32.90214752567694, 32.901774042950514, 32.901774042950514, 32.89710550887021, 32.89542483660131, 32.895611577964516, 32.89486461251167, 32.89467787114846, 32.898039215686275, 32.89859943977591, 32.901027077497666, 32.898039215686275, 32.901027077497666, 32.900466853408034, 32.898039215686275, 32.89654528478058, 32.89897292250234, 32.89878618113912, 32.90457516339869, 32.90382819794584, 32.90364145658263, 32.90494864612512, 32.904761904761905, 32.90457516339869, 32.90420168067227, 32.90326797385621, 32.90532212885154, 32.90550887021475, 32.90438842203548, 32.90382819794584, 32.901774042950514, 32.903081232492994, 32.901774042950514, 32.902334267040146, 32.90326797385621, 32.899346405228755, 32.90028011204482, 32.89747899159664, 32.89598506069095, 32.8952380952381, 32.89355742296919, 32.892997198879556, 32.89467787114846, 32.896918767507, 32.899346405228755, 32.9000933706816, 32.89897292250234, 32.89915966386555, 32.8984126984127, 32.901027077497666, 32.8984126984127, 32.89897292250234, 32.90028011204482, 32.89953314659197, 32.90065359477124, 32.90121381886088, 32.9015873015873, 32.90196078431373, 32.90196078431373, 32.90084033613445, 32.900466853408034, 32.899719887955186, 32.900466853408034, 32.9000933706816, 32.90028011204482, 32.901774042950514, 32.90196078431373, 32.9015873015873, 32.899906629318394, 32.90065359477124, 32.900466853408034, 32.89953314659197, 32.9015873015873, 32.89953314659197, 32.901027077497666, 32.90084033613445, 32.90121381886088, 32.9000933706816, 32.899906629318394, 32.90196078431373, 32.90140056022409, 32.90214752567694, 32.90270774976658, 32.90401493930906, 32.90065359477124, 32.90028011204482, 32.899719887955186, 32.89897292250234]",0.7504190094039745,0.7148948229444423,33,"[33, 33, 33, 33, 33, 33, 33, 33, 33, 33, 33, 33, 33, 33, 33, 33, 33, 33, 33, 33, 33, 33, 33, 33, 33, 33, 33, 33, 33, 33, 33, 33, 33, 33, 33, 33, 33, 33, 33, 33, 33, 33, 33, 33, 33, 33, 33, 33, 33, 33, 33, 33, 33, 33, 33, 33, 33, 33, 33, 33, 33, 33, 33, 33, 33, 33, 33, 33, 33, 33, 33, 33, 33, 33, 33, 33, 33, 33, 33, 33, 33, 33, 33, 33, 33, 33, 33, 33, 33, 33, 33, 33, 33, 33, 33, 33, 33, 33, 33, 33, 33, 33, 33, 33, 33, 33, 33, 33, 33, 33, 33, 33, 33, 33, 33, 33, 33, 33, 33, 33, 33, 33, 33, 33, 33, 33, 33, 33, 33, 33, 33, 33, 33, 33, 33, 33, 33, 33, 33, 33, 33, 33, 33, 33, 33, 33, 33, 33, 33, 33, 33, 33, 33, 33, 33, 33, 33, 33, 33, 33, 33, 33, 33, 33, 33, 33, 33, 33, 33, 33, 33, 33, 33, 33, 33]",175,"[0.5410181283950806, 0.45942145586013794, 0.4272971451282501, 0.4139927625656128, 0.40597179532051086, 0.4026423394680023, 0.4005589187145233, 0.39949217438697815, 0.397850900888443, 0.39702391624450684, 0.3962685763835907, 0.3958595395088196, 0.3950151205062866, 0.394270122051239, 0.39364150166511536, 0.39307940006256104, 0.39237844944000244, 0.39178380370140076, 0.39120498299598694, 0.3905530571937561, 0.38998907804489136, 0.38945215940475464, 0.3889412581920624, 0.38834676146507263, 0.38795414566993713, 0.38756874203681946, 0.3871077001094818, 0.3864917457103729, 0.3860207796096802, 0.38552847504615784, 0.38502371311187744, 0.3846217095851898, 0.38419637084007263, 0.38375768065452576, 0.38341328501701355, 0.38302773237228394, 0.38265150785446167, 0.3822630047798157, 0.38181427121162415, 0.381490021944046, 0.38117218017578125, 0.3808431625366211, 0.3806389272212982, 0.3802662193775177, 0.37999507784843445, 0.37974920868873596, 0.37934163212776184, 0.3790420591831207, 0.37866929173469543, 0.37837228178977966, 0.37808218598365784, 0.37772706151008606, 0.37740370631217957, 0.3770540654659271, 0.3768148124217987, 0.37649840116500854, 0.37631508708000183, 0.37606921792030334, 0.3758532702922821, 0.37564390897750854, 0.37535950541496277, 0.37507641315460205, 0.37489354610443115, 0.3746284246444702, 0.37439173460006714, 0.3742889165878296, 0.37407198548316956, 0.37381061911582947, 0.3736628592014313, 0.3734757900238037, 0.3732184171676636, 0.37304604053497314, 0.37284010648727417, 0.37268680334091187, 0.3725256323814392, 0.3722800314426422, 0.3720781207084656, 0.37190011143684387, 0.37179023027420044, 0.3716696500778198, 0.3715428411960602, 0.3713997006416321, 0.37122097611427307, 0.37113747000694275, 0.3710216283798218, 0.37095728516578674, 0.37078675627708435, 0.37057140469551086, 0.37040066719055176, 0.3702291250228882, 0.3700689971446991, 0.3698424994945526, 0.37006130814552307, 0.3697427809238434, 0.36955851316452026, 0.36953580379486084, 0.3693801462650299, 0.3692116439342499, 0.36928704380989075, 0.36914145946502686, 0.36905401945114136, 0.36886852979660034, 0.3687664270401001, 0.368651807308197, 0.3684028387069702, 0.3683026134967804, 0.368264764547348, 0.36815401911735535, 0.3679015040397644, 0.3677688539028168, 0.367582768201828, 0.36750197410583496, 0.3673725128173828, 0.3671099841594696, 0.3670589029788971, 0.36691439151763916, 0.36691275238990784, 0.36680763959884644, 0.36655062437057495, 0.36652660369873047, 0.3662143051624298, 0.3659617602825165, 0.36583489179611206, 0.36573249101638794, 0.36558637022972107, 0.3654554784297943, 0.36537718772888184, 0.3652641773223877, 0.3650842308998108, 0.36491888761520386, 0.36479610204696655, 0.3646644651889801, 0.3645663857460022, 0.36448583006858826, 0.36437487602233887, 0.3643074929714203, 0.36416614055633545, 0.3640429377555847, 0.3638704717159271, 0.3637683391571045, 0.36375123262405396, 0.3636225759983063, 0.36349859833717346, 0.36347857117652893, 0.36337828636169434, 0.36323481798171997, 0.36308765411376953, 0.3629191517829895, 0.3628547787666321, 0.3625907897949219, 0.362504780292511, 0.3623964190483093, 0.3622276186943054, 0.36219605803489685, 0.36203721165657043, 0.3619147539138794, 0.36182650923728943, 0.361748605966568, 0.36170777678489685, 0.3616805970668793, 0.3614576458930969, 0.36131078004837036, 0.36126622557640076, 0.36115020513534546, 0.3611014485359192, 0.36100319027900696, 0.36095020174980164, 0.3607501685619354, 0.360603928565979, 0.3603741526603699, 0.36020079255104065, 0.36000746488571167, 0.359909325838089, 0.35972821712493896, 0.3595610558986664]",33.0,"[33.0, 33.0, 33.0, 33.0, 33.0, 33.0, 33.0, 33.0, 33.0, 33.0, 33.0, 33.0, 33.0, 33.0, 33.0, 33.0, 33.0, 33.0, 33.0, 33.0, 33.0, 33.0, 33.0, 33.0, 33.0, 33.0, 33.0, 33.0, 33.0, 33.0, 33.0, 33.0, 33.0, 33.0, 33.0, 33.0, 33.0, 33.0, 33.0, 33.0, 33.0, 33.0, 33.0, 33.0, 33.0, 33.0, 33.0, 33.0, 33.0, 33.0, 33.0, 33.0, 33.0, 33.0, 33.0, 33.0, 33.0, 33.0, 33.0, 33.0, 33.0, 33.0, 33.0, 33.0, 33.0, 33.0, 33.0, 33.0, 33.0, 33.0, 33.0, 33.0, 33.0, 33.0, 33.0, 33.0, 33.0, 33.0, 33.0, 33.0, 33.0, 33.0, 33.0, 33.0, 33.0, 33.0, 33.0, 33.0, 33.0, 33.0, 33.0, 33.0, 33.0, 33.0, 33.0, 33.0, 33.0, 33.0, 33.0, 33.0, 33.0, 33.0, 33.0, 33.0, 33.0, 33.0, 33.0, 33.0, 33.0, 33.0, 33.0, 33.0, 33.0, 33.0, 33.0, 33.0, 33.0, 33.0, 33.0, 33.0, 33.0, 33.0, 33.0, 33.0, 33.0, 33.0, 33.0, 33.0, 33.0, 33.0, 33.0, 33.0, 33.0, 33.0, 33.0, 33.0, 33.0, 33.0, 33.0, 33.0, 33.0, 33.0, 33.0, 33.0, 33.0, 33.0, 33.0, 33.0, 33.0, 33.0, 33.0, 33.0, 33.0, 33.0, 33.0, 33.0, 33.0, 33.0, 33.0, 33.0, 33.0, 33.0, 33.0, 33.0, 33.0, 33.0, 33.0, 33.0, 33.0, 33.0, 33.0, 33.0, 33.0, 33.0, 33.0]",COMPLETE
48,48,0.652084863005758,2024-08-31 02:34:30.050052,2024-08-31 02:34:37.053768,0 days 00:00:07.003716,64,0.027814399918330943,3,25,0.14909837674283855,76,0.0374036922291857,0.859,0.85875,33,"[33, 33, 33, 33, 33, 33, 33, 33, 33, 33, 33, 33, 33, 33, 33, 33, 33, 33, 33, 33, 33, 33, 33, 33, 33]",32.964285714285715,"[32.94360902255639, 32.95864661654135, 32.96616541353383, 32.964285714285715, 32.964285714285715, 32.971804511278194, 32.975563909774436, 32.975563909774436, 32.973684210526315, 32.975563909774436, 32.96804511278195, 32.975563909774436, 32.97932330827068, 32.962406015037594, 32.964285714285715, 32.96616541353383, 32.964285714285715, 32.96616541353384, 32.962406015037594, 32.95864661654135, 32.96052631578947, 32.96052631578947, 32.96052631578948, 32.962406015037594, 32.964285714285715]",0.6765990472180252,0.652084863005758,33,"[33, 33, 33, 33, 33, 33, 33, 33, 33, 33, 33, 33, 33, 33, 33, 33, 33, 33, 33, 33, 33, 33, 33, 33, 33]",25,"[0.4989839494228363, 0.4606330096721649, 0.445048063993454, 0.43800705671310425, 0.4331674873828888, 0.4303676187992096, 0.42870989441871643, 0.42764174938201904, 0.42656055092811584, 0.42550262808799744, 0.42468520998954773, 0.4239560663700104, 0.42328616976737976, 0.4226747155189514, 0.42208194732666016, 0.42150577902793884, 0.4209476411342621, 0.4203047454357147, 0.41981494426727295, 0.41933056712150574, 0.41861656308174133, 0.4180494248867035, 0.4174861013889313, 0.41710108518600464, 0.4165130853652954]",33.0,"[33.0, 33.0, 33.0, 33.0, 33.0, 33.0, 33.0, 33.0, 33.0, 33.0, 33.0, 33.0, 33.0, 33.0, 33.0, 33.0, 33.0, 33.0, 33.0, 33.0, 33.0, 33.0, 33.0, 33.0, 33.0]",COMPLETE
49,49,0.5,2024-08-31 02:34:37.949604,2024-08-31 02:34:54.280404,0 days 00:00:16.330800,1,4.48094965117094,2,40,0.007752149054821515,10,0.07227756602507593,0.859,0.85875,0,"[0, 0, 0, 0, 0, 0, 0, 0, 0, 0, 0, 0, 0, 0, 0, 0, 0, 0, 0, 0, 0, 0, 0, 0, 0, 0, 0, 0, 0, 0, 0, 0, 0, 0, 0, 0, 0, 0, 0, 0]",0.0,"[0.0, 0.0, 0.0, 0.0, 0.0, 0.0, 0.0, 0.0, 0.0, 0.0, 0.0, 0.0, 0.0, 0.0, 0.0, 0.0, 0.0, 0.0, 0.0, 0.0, 0.0, 0.0, 0.0, 0.0, 0.0, 0.0, 0.0, 0.0, 0.0, 0.0, 0.0, 0.0, 0.0, 0.0, 0.0, 0.0, 0.0, 0.0, 0.0, 0.0]",0.5,0.5,0,"[0, 0, 0, 0, 0, 0, 0, 0, 0, 0, 0, 0, 0, 0, 0, 0, 0, 0, 0, 0, 0, 0, 0, 0, 0, 0, 0, 0, 0, 0, 0, 0, 0, 0, 0, 0, 0, 0, 0, 0]",40,"[0.4078530967235565, 0.9609852433204651, 0.4967027008533478, 1.0474594831466675, 0.4860241413116455, 0.6636316180229187, 0.431277871131897, 1.4474810361862183, 0.4685709476470947, 0.49819228053092957, 0.9508665204048157, 0.5139739513397217, 0.40921324491500854, 0.743116557598114, 0.4095178544521332, 0.9001352787017822, 1.092250943183899, 1.0046359300613403, 0.4127415716648102, 1.9924728870391846, 0.42523911595344543, 1.776401400566101, 0.43528610467910767, 0.5387909412384033, 1.472023606300354, 0.8787618279457092, 0.5184099078178406, 1.3947218656539917, 0.6677281856536865, 0.8595965504646301, 0.5675907731056213, 1.4284913539886475, 0.5033590197563171, 0.9985488653182983, 0.649067223072052, 0.6262538433074951, 1.243291974067688, 1.2502999305725098, 0.4072413146495819, 0.4492191672325134]",0.0,"[0.0, 0.0, 0.0, 0.0, 0.0, 0.0, 0.0, 0.0, 0.0, 0.0, 0.0, 0.0, 0.0, 0.0, 0.0, 0.0, 0.0, 0.0, 0.0, 0.0, 0.0, 0.0, 0.0, 0.0, 0.0, 0.0, 0.0, 0.0, 0.0, 0.0, 0.0, 0.0, 0.0, 0.0, 0.0, 0.0, 0.0, 0.0, 0.0, 0.0]",COMPLETE
