,number,value,datetime_start,datetime_complete,duration,params_batch_size_scaler,params_constant_learning_rate,params_depth,params_epochs,params_kernel_l2,params_num_trees,params_temperature,user_attrs_accuracy_test,user_attrs_accuracy_valid,user_attrs_approximate_feature_sparsity,user_attrs_approximate_feature_sparsity_history,user_attrs_approximate_weight_sparsity,user_attrs_approximate_weight_sparsity_history,user_attrs_auc_test,user_attrs_auc_valid,user_attrs_feature_sparsity,user_attrs_feature_sparsity_history,user_attrs_num_epochs,user_attrs_val_loss_history,user_attrs_weight_sparsity,user_attrs_weight_sparsity_history,state
145,145,0.9215648387886283,2024-08-31 07:13:45.010766,2024-08-31 07:18:11.102741,0 days 00:04:26.091975,16,0.31087959133329496,5,305,0.016744456357336165,38,0.017566750713530276,0.937,0.9375,28,"[33, 33, 33, 33, 33, 33, 33, 33, 33, 33, 33, 33, 33, 33, 33, 33, 33, 33, 33, 32, 31, 31, 31, 31, 30, 30, 30, 30, 30, 30, 30, 30, 30, 30, 29, 29, 29, 29, 29, 29, 29, 29, 29, 29, 29, 29, 29, 29, 29, 29, 29, 29, 29, 29, 29, 29, 29, 29, 29, 29, 29, 29, 29, 29, 29, 29, 29, 29, 29, 29, 29, 29, 29, 29, 29, 29, 29, 29, 29, 29, 29, 29, 29, 29, 29, 29, 29, 29, 29, 29, 29, 29, 29, 29, 29, 29, 29, 29, 29, 29, 29, 29, 29, 29, 29, 29, 29, 29, 29, 29, 29, 29, 29, 29, 29, 29, 29, 29, 29, 29, 29, 29, 29, 29, 29, 29, 29, 29, 29, 29, 29, 29, 29, 29, 29, 29, 29, 29, 29, 29, 29, 29, 29, 29, 29, 29, 29, 29, 29, 29, 29, 29, 29, 29, 29, 29, 29, 29, 29, 29, 29, 29, 29, 29, 29, 29, 29, 29, 29, 29, 29, 29, 29, 29, 29, 29, 29, 29, 29, 29, 29, 29, 29, 29, 29, 29, 29, 29, 29, 29, 29, 29, 29, 29, 29, 29, 29, 29, 29, 29, 29, 29, 29, 29, 29, 29, 29, 29, 29, 29, 29, 29, 29, 29, 29, 29, 29, 29, 29, 29, 29, 29, 29, 29, 29, 29, 29, 29, 29, 29, 29, 29, 29, 29, 29, 29, 29, 29, 29, 29, 29, 29, 29, 29, 28, 28, 28, 28, 28, 28, 28, 28, 28, 28, 28, 28, 28, 28, 28, 28, 28, 28, 28, 28, 28, 28, 28, 28, 28, 28, 28, 28, 28, 28, 28, 28, 28, 28, 28, 28, 28, 28, 28, 28, 28, 28, 28, 28, 28, 28, 28, 28, 28, 28, 28, 28, 28, 28, 28, 28, 28, 28, 28, 28, 28]",27.968590831918508,"[32.95585738539898, 32.95670628183362, 32.95840407470289, 32.9490662139219, 32.94397283531409, 32.94312393887946, 32.95925297113752, 32.944821731748725, 32.95755517826825, 32.95076400679117, 32.9490662139219, 32.95415959252971, 32.95246179966044, 32.949915110356535, 32.94312393887946, 32.95246179966044, 32.94736842105263, 32.94736842105264, 32.950764006791175, 31.95415959252971, 30.949066213921903, 30.949066213921903, 30.949915110356535, 30.95755517826825, 29.949915110356535, 29.95076400679117, 29.95500848896435, 29.95076400679117, 29.952461799660444, 29.950764006791175, 29.95500848896435, 29.96010186757216, 29.959252971137524, 29.956706281833622, 28.955008488964346, 28.96179966044143, 28.960101867572156, 28.962648556876058, 28.963497453310698, 28.96264855687606, 28.96179966044143, 28.960101867572156, 28.95500848896435, 28.960101867572156, 28.95755517826825, 28.963497453310694, 28.965195246179967, 28.965195246179967, 28.95925297113752, 28.960950764006792, 28.95585738539898, 28.95925297113752, 28.94991511035654, 28.954159592529717, 28.95415959252971, 28.95755517826825, 28.95925297113752, 28.967741935483875, 28.954159592529713, 28.963497453310698, 28.956706281833615, 28.958404074702887, 28.957555178268255, 28.96264855687606, 28.95670628183362, 28.959252971137524, 28.952461799660444, 28.953310696095077, 28.963497453310698, 28.960950764006792, 28.957555178268255, 28.953310696095077, 28.953310696095077, 28.95500848896435, 28.94482173174873, 28.956706281833615, 28.953310696095077, 28.958404074702887, 28.96179966044143, 28.960101867572156, 28.961799660441432, 28.959252971137524, 28.96095076400679, 28.958404074702887, 28.95415959252971, 28.955857385398982, 28.96179966044143, 28.96095076400679, 28.965195246179967, 28.965195246179967, 28.96179966044143, 28.95925297113752, 28.95670628183362, 28.96434634974533, 28.963497453310698, 28.965195246179967, 28.966044142614603, 28.977928692699493, 28.966893039049236, 28.968590831918508, 28.968590831918508, 28.968590831918508, 28.960950764006792, 28.96434634974533, 28.968590831918508, 28.961799660441425, 28.97198641765705, 28.96434634974533, 28.968590831918508, 28.97368421052632, 28.970288624787777, 28.975382003395588, 28.96943972835314, 28.968590831918508, 28.971137521222413, 28.965195246179967, 28.961799660441425, 28.960101867572153, 28.961799660441425, 28.96179966044143, 28.967741935483872, 28.964346349745334, 28.96264855687606, 28.96434634974533, 28.96179966044143, 28.964346349745334, 28.966893039049236, 28.96095076400679, 28.960950764006792, 28.963497453310698, 28.960950764006792, 28.960950764006792, 28.957555178268247, 28.96434634974533, 28.966044142614603, 28.966893039049236, 28.967741935483872, 28.958404074702887, 28.962648556876058, 28.960950764006792, 28.96943972835314, 28.968590831918505, 28.9660441426146, 28.966893039049236, 28.966893039049236, 28.959252971137524, 28.960950764006792, 28.96264855687606, 28.96010186757216, 28.96689303904924, 28.966044142614603, 28.97028862478778, 28.97368421052632, 28.966893039049236, 28.97368421052632, 28.971986417657046, 28.96943972835314, 28.977079796264857, 28.97453310696095, 28.98471986417657, 28.97707979626486, 28.972835314091682, 28.971137521222413, 28.970288624787777, 28.966044142614603, 28.964346349745334, 28.963497453310698, 28.958404074702884, 28.96264855687606, 28.96434634974533, 28.960101867572156, 28.96434634974533, 28.951612903225804, 28.95500848896435, 28.959252971137524, 28.955857385398982, 28.955008488964346, 28.958404074702887, 28.958404074702887, 28.966893039049236, 28.96179966044143, 28.966044142614603, 28.965195246179963, 28.962648556876058, 28.96095076400679, 28.964346349745334, 28.959252971137524, 28.960101867572156, 28.961799660441425, 28.960950764006792, 28.962648556876065, 28.959252971137524, 28.958404074702887, 28.96264855687606, 28.95925297113752, 28.968590831918508, 28.96264855687606, 28.964346349745334, 28.961799660441425, 28.970288624787774, 28.967741935483872, 28.963497453310698, 28.960950764006792, 28.963497453310698, 28.961799660441425, 28.96264855687606, 28.965195246179967, 28.962648556876065, 28.970288624787774, 28.958404074702887, 28.95925297113752, 28.958404074702887, 28.95076400679117, 28.95670628183362, 28.951612903225808, 28.954159592529713, 28.953310696095077, 28.953310696095077, 28.95925297113752, 28.955857385398982, 28.957555178268255, 28.95246179966044, 28.94991511035654, 28.951612903225808, 28.954159592529713, 28.957555178268255, 28.95670628183362, 28.958404074702887, 28.959252971137524, 28.957555178268255, 28.96010186757216, 28.955857385398982, 28.958404074702887, 28.949915110356535, 28.948217317487266, 28.962648556876065, 28.96264855687606, 28.96010186757216, 28.96010186757216, 28.95670628183362, 28.955857385398982, 28.956706281833615, 28.95670628183362, 28.96095076400679, 27.966044142614603, 27.96264855687606, 27.958404074702887, 27.959252971137524, 27.962648556876065, 27.966893039049236, 27.964346349745334, 27.96264855687606, 27.96519524617997, 27.968590831918505, 27.966044142614603, 27.971137521222413, 27.970288624787774, 27.968590831918505, 27.963497453310698, 27.968590831918508, 27.96179966044143, 27.957555178268255, 27.96519524617997, 27.967741935483875, 27.95925297113752, 27.963497453310698, 27.964346349745334, 27.967741935483875, 27.96689303904924, 27.965195246179967, 27.956706281833615, 27.954159592529713, 27.966044142614603, 27.966044142614603, 27.9660441426146, 27.96689303904924, 27.96519524617997, 27.96943972835314, 27.973684210526315, 27.971986417657046, 27.96774193548387, 27.967741935483872, 27.96264855687606, 27.963497453310698, 27.96519524617997, 27.963497453310698, 27.960950764006792, 27.963497453310698, 27.965195246179967, 27.963497453310698, 27.95925297113752, 27.96434634974533, 27.961799660441425, 27.961799660441425, 27.964346349745334, 27.970288624787774, 27.967741935483872, 27.96774193548387, 27.966044142614603, 27.9660441426146, 27.96434634974533, 27.968590831918508, 27.965195246179967, 27.96689303904924, 27.968590831918508]",0.9101131944616452,0.9215648387886283,28,"[33, 33, 33, 33, 33, 33, 33, 33, 33, 33, 33, 33, 33, 33, 33, 33, 33, 33, 33, 32, 31, 31, 31, 31, 30, 30, 30, 30, 30, 30, 30, 30, 30, 30, 29, 29, 29, 29, 29, 29, 29, 29, 29, 29, 29, 29, 29, 29, 29, 29, 29, 29, 29, 29, 29, 29, 29, 29, 29, 29, 29, 29, 29, 29, 29, 29, 29, 29, 29, 29, 29, 29, 29, 29, 29, 29, 29, 29, 29, 29, 29, 29, 29, 29, 29, 29, 29, 29, 29, 29, 29, 29, 29, 29, 29, 29, 29, 29, 29, 29, 29, 29, 29, 29, 29, 29, 29, 29, 29, 29, 29, 29, 29, 29, 29, 29, 29, 29, 29, 29, 29, 29, 29, 29, 29, 29, 29, 29, 29, 29, 29, 29, 29, 29, 29, 29, 29, 29, 29, 29, 29, 29, 29, 29, 29, 29, 29, 29, 29, 29, 29, 29, 29, 29, 29, 29, 29, 29, 29, 29, 29, 29, 29, 29, 29, 29, 29, 29, 29, 29, 29, 29, 29, 29, 29, 29, 29, 29, 29, 29, 29, 29, 29, 29, 29, 29, 29, 29, 29, 29, 29, 29, 29, 29, 29, 29, 29, 29, 29, 29, 29, 29, 29, 29, 29, 29, 29, 29, 29, 29, 29, 29, 29, 29, 29, 29, 29, 29, 29, 29, 29, 29, 29, 29, 29, 29, 29, 29, 29, 29, 29, 29, 29, 29, 29, 29, 29, 29, 29, 29, 29, 29, 29, 29, 28, 28, 28, 28, 28, 28, 28, 28, 28, 28, 28, 28, 28, 28, 28, 28, 28, 28, 28, 28, 28, 28, 28, 28, 28, 28, 28, 28, 28, 28, 28, 28, 28, 28, 28, 28, 28, 28, 28, 28, 28, 28, 28, 28, 28, 28, 28, 28, 28, 28, 28, 28, 28, 28, 28, 28, 28, 28, 28, 28, 28]",305,"[0.3999845087528229, 0.39218807220458984, 0.3874516785144806, 0.3834848701953888, 0.3806003928184509, 0.3779458701610565, 0.37587207555770874, 0.37381649017333984, 0.3721840977668762, 0.37066271901130676, 0.36927855014801025, 0.3680143356323242, 0.36692550778388977, 0.365953266620636, 0.3649192750453949, 0.363506555557251, 0.3624788522720337, 0.36144641041755676, 0.36050236225128174, 0.3601330816745758, 0.3585144877433777, 0.35754480957984924, 0.3566221296787262, 0.3554617762565613, 0.3555808663368225, 0.35450679063796997, 0.35333555936813354, 0.35230332612991333, 0.3512274920940399, 0.3501216173171997, 0.3493797779083252, 0.34857386350631714, 0.3473919928073883, 0.34626278281211853, 0.34449294209480286, 0.34352147579193115, 0.34318023920059204, 0.34205561876296997, 0.3410581350326538, 0.33991938829421997, 0.3388235867023468, 0.33794453740119934, 0.33707869052886963, 0.3360303044319153, 0.33502689003944397, 0.3340950310230255, 0.33315667510032654, 0.33216622471809387, 0.3308227062225342, 0.3300512433052063, 0.3288196921348572, 0.3280366063117981, 0.32672354578971863, 0.32599323987960815, 0.32451286911964417, 0.32346436381340027, 0.322265088558197, 0.3212612569332123, 0.32009732723236084, 0.3189094364643097, 0.31801146268844604, 0.31678837537765503, 0.31541723012924194, 0.31479358673095703, 0.31328457593917847, 0.3119892179965973, 0.310613751411438, 0.3092174828052521, 0.30789050459861755, 0.306742399930954, 0.3052055239677429, 0.3038937449455261, 0.3024325668811798, 0.3016023635864258, 0.3001585602760315, 0.2990381717681885, 0.2977014482021332, 0.2961437404155731, 0.2951313257217407, 0.29380276799201965, 0.2925487756729126, 0.29113471508026123, 0.2897900938987732, 0.2884739637374878, 0.2871318757534027, 0.2860262393951416, 0.28498801589012146, 0.28387343883514404, 0.28241151571273804, 0.28115880489349365, 0.28026458621025085, 0.2793498933315277, 0.2779847979545593, 0.27702921628952026, 0.27598342299461365, 0.27498313784599304, 0.2742888927459717, 0.2739437222480774, 0.2725297212600708, 0.27162131667137146, 0.2706502676010132, 0.2697924077510834, 0.2691439390182495, 0.26814553141593933, 0.2674930691719055, 0.2666754424571991, 0.2660195827484131, 0.2653605043888092, 0.26474177837371826, 0.2639765441417694, 0.2631084620952606, 0.26223859190940857, 0.2616019546985626, 0.26072797179222107, 0.2599254548549652, 0.25928446650505066, 0.25893092155456543, 0.25841790437698364, 0.2576601207256317, 0.25697335600852966, 0.2563738524913788, 0.25587713718414307, 0.255216509103775, 0.25477930903434753, 0.2540612816810608, 0.25384795665740967, 0.25336170196533203, 0.25268080830574036, 0.25208088755607605, 0.2513321042060852, 0.2511415481567383, 0.25034013390541077, 0.25002321600914, 0.2493605762720108, 0.24866491556167603, 0.24832724034786224, 0.2480136901140213, 0.24759604036808014, 0.2475001960992813, 0.24754676222801208, 0.24648098647594452, 0.2461124062538147, 0.24519672989845276, 0.2446417659521103, 0.24429824948310852, 0.24387316405773163, 0.24376602470874786, 0.24292385578155518, 0.24275894463062286, 0.24213455617427826, 0.24149495363235474, 0.2407054901123047, 0.24052149057388306, 0.24039733409881592, 0.2400747835636139, 0.23926176130771637, 0.23896819353103638, 0.2383725494146347, 0.23796482384204865, 0.23739632964134216, 0.23732446134090424, 0.23726320266723633, 0.23675952851772308, 0.23655244708061218, 0.2360587865114212, 0.23532447218894958, 0.23488059639930725, 0.23518222570419312, 0.23429173231124878, 0.23411507904529572, 0.23358817398548126, 0.23290620744228363, 0.23270340263843536, 0.23233911395072937, 0.23166927695274353, 0.23178797960281372, 0.23120054602622986, 0.2303009033203125, 0.23031814396381378, 0.22988909482955933, 0.22947503626346588, 0.22934891283512115, 0.22973108291625977, 0.2286875694990158, 0.22842910885810852, 0.22766883671283722, 0.2274147868156433, 0.22711282968521118, 0.22656624019145966, 0.22638246417045593, 0.22624392807483673, 0.2259168028831482, 0.22565291821956635, 0.22554375231266022, 0.22512537240982056, 0.22442960739135742, 0.22424037754535675, 0.22391188144683838, 0.22369801998138428, 0.22295436263084412, 0.2226015031337738, 0.2222275584936142, 0.22184602916240692, 0.22166471183300018, 0.2212292104959488, 0.22018644213676453, 0.21996520459651947, 0.21960029006004333, 0.21934249997138977, 0.21936607360839844, 0.2190065234899521, 0.2185765653848648, 0.2185414433479309, 0.21804286539554596, 0.21791644394397736, 0.21743299067020416, 0.21729488670825958, 0.2172987163066864, 0.21636039018630981, 0.21579667925834656, 0.21607902646064758, 0.21535275876522064, 0.215326726436615, 0.2149910032749176, 0.2152799367904663, 0.2146228402853012, 0.21413807570934296, 0.2135816216468811, 0.21334414184093475, 0.21345168352127075, 0.21315570175647736, 0.21254882216453552, 0.2126520574092865, 0.21198947727680206, 0.21180246770381927, 0.21120896935462952, 0.21097177267074585, 0.21106398105621338, 0.21088533103466034, 0.2106095850467682, 0.209823340177536, 0.20985528826713562, 0.2091219127178192, 0.20912204682826996, 0.20897036790847778, 0.20876885950565338, 0.20848551392555237, 0.2083469182252884, 0.20837067067623138, 0.20793083310127258, 0.20723897218704224, 0.20714588463306427, 0.20702405273914337, 0.2064804583787918, 0.20674562454223633, 0.20625415444374084, 0.20590075850486755, 0.20506158471107483, 0.20515361428260803, 0.20464988052845, 0.20444799959659576, 0.20477671921253204, 0.20480456948280334, 0.20406240224838257, 0.20380763709545135, 0.20366014540195465, 0.20450669527053833, 0.20427055656909943, 0.20325693488121033, 0.20368461310863495, 0.20355646312236786, 0.20349115133285522, 0.2031712532043457, 0.20284245908260345, 0.20195838809013367, 0.20195749402046204, 0.20117130875587463, 0.20131096243858337, 0.2017383724451065, 0.20132610201835632, 0.20069937407970428, 0.20074529945850372, 0.20008091628551483, 0.20061057806015015, 0.1997942477464676, 0.1996970921754837, 0.20019102096557617, 0.2005796581506729, 0.19977344572544098, 0.19940967857837677, 0.1990596204996109, 0.19925548136234283, 0.1992431879043579, 0.19889110326766968, 0.19868451356887817, 0.19852009415626526, 0.1984020173549652, 0.1980774700641632, 0.19784143567085266, 0.19775868952274323, 0.19754938781261444, 0.1974411904811859, 0.1974068135023117, 0.19632075726985931, 0.1963692158460617]",28.0,"[33.0, 33.0, 33.0, 33.0, 33.0, 33.0, 33.0, 33.0, 33.0, 33.0, 33.0, 33.0, 33.0, 33.0, 33.0, 33.0, 33.0, 33.0, 33.0, 32.0, 31.0, 31.0, 31.0, 31.0, 30.0, 30.0, 30.0, 30.0, 30.0, 30.0, 30.0, 30.0, 30.0, 30.0, 29.0, 29.0, 29.0, 29.0, 29.0, 29.0, 29.0, 29.0, 29.0, 29.0, 29.0, 29.0, 29.0, 29.0, 29.0, 29.0, 29.0, 29.0, 29.0, 29.0, 29.0, 29.0, 29.0, 29.0, 29.0, 29.0, 29.0, 29.0, 29.0, 29.0, 29.0, 29.0, 29.0, 29.0, 29.0, 29.0, 29.0, 29.0, 29.0, 29.0, 29.0, 29.0, 29.0, 29.0, 29.0, 29.0, 29.0, 29.0, 29.0, 29.0, 29.0, 29.0, 29.0, 29.0, 29.0, 29.0, 29.0, 29.0, 29.0, 29.0, 29.0, 29.0, 29.0, 29.0, 29.0, 29.0, 29.0, 29.0, 29.0, 29.0, 29.0, 29.0, 29.0, 29.0, 29.0, 29.0, 29.0, 29.0, 29.0, 29.0, 29.0, 29.0, 29.0, 29.0, 29.0, 29.0, 29.0, 29.0, 29.0, 29.0, 29.0, 29.0, 29.0, 29.0, 29.0, 29.0, 29.0, 29.0, 29.0, 29.0, 29.0, 29.0, 29.0, 29.0, 29.0, 29.0, 29.0, 29.0, 29.0, 29.0, 29.0, 29.0, 29.0, 29.0, 29.0, 29.0, 29.0, 29.0, 29.0, 29.0, 29.0, 29.0, 29.0, 29.0, 29.0, 29.0, 29.0, 29.0, 29.0, 29.0, 29.0, 29.0, 29.0, 29.0, 29.0, 29.0, 29.0, 29.0, 29.0, 29.0, 29.0, 29.0, 29.0, 29.0, 29.0, 29.0, 29.0, 29.0, 29.0, 29.0, 29.0, 29.0, 29.0, 29.0, 29.0, 29.0, 29.0, 29.0, 29.0, 29.0, 29.0, 29.0, 29.0, 29.0, 29.0, 29.0, 29.0, 29.0, 29.0, 29.0, 29.0, 29.0, 29.0, 29.0, 29.0, 29.0, 29.0, 29.0, 29.0, 29.0, 29.0, 29.0, 29.0, 29.0, 29.0, 29.0, 29.0, 29.0, 29.0, 29.0, 29.0, 29.0, 29.0, 29.0, 29.0, 29.0, 29.0, 29.0, 29.0, 29.0, 29.0, 29.0, 29.0, 29.0, 29.0, 29.0, 29.0, 29.0, 29.0, 29.0, 28.0, 28.0, 28.0, 28.0, 28.0, 28.0, 28.0, 28.0, 28.0, 28.0, 28.0, 28.0, 28.0, 28.0, 28.0, 28.0, 28.0, 28.0, 28.0, 28.0, 28.0, 28.0, 28.0, 28.0, 28.0, 28.0, 28.0, 28.0, 28.0, 28.0, 28.0, 28.0, 28.0, 28.0, 28.0, 28.0, 28.0, 28.0, 28.0, 28.0, 28.0, 28.0, 28.0, 28.0, 28.0, 28.0, 28.0, 28.0, 28.0, 28.0, 28.0, 28.0, 28.0, 28.0, 28.0, 28.0, 28.0, 28.0, 28.0, 28.0, 28.0]",COMPLETE
