,number,value,datetime_start,datetime_complete,duration,params_batch_size_scaler,params_constant_learning_rate,params_depth,params_epochs,params_kernel_l2,params_num_trees,params_temperature,user_attrs_accuracy_test,user_attrs_accuracy_valid,user_attrs_approximate_feature_sparsity,user_attrs_approximate_feature_sparsity_history,user_attrs_approximate_weight_sparsity,user_attrs_approximate_weight_sparsity_history,user_attrs_auc_test,user_attrs_auc_valid,user_attrs_feature_sparsity,user_attrs_feature_sparsity_history,user_attrs_num_epochs,user_attrs_val_loss_history,user_attrs_weight_sparsity,user_attrs_weight_sparsity_history,state
107,107,0.7624531437183599,2024-08-31 05:01:57.202755,2024-08-31 05:17:58.987152,0 days 00:16:01.784397,4,0.010823084275678638,6,485,0.04112587683144056,45,0.03950748754623967,0.884,0.8825,33,"[33, 33, 33, 33, 33, 33, 33, 33, 33, 33, 33, 33, 33, 33, 33, 33, 33, 33, 33, 33, 33, 33, 33, 33, 33, 33, 33, 33, 33, 33, 33, 33, 33, 33, 33, 33, 33, 33, 33, 33, 33, 33, 33, 33, 33, 33, 33, 33, 33, 33, 33, 33, 33, 33, 33, 33, 33, 33, 33, 33, 33, 33, 33, 33, 33, 33, 33, 33, 33, 33, 33, 33, 33, 33, 33, 33, 33, 33, 33, 33, 33, 33, 33, 33, 33, 33, 33, 33, 33, 33, 33, 33, 33, 33, 33, 33, 33, 33, 33, 33, 33, 33, 33, 33, 33, 33, 33, 33, 33, 33, 33, 33, 33, 33, 33, 33, 33, 33, 33, 33, 33, 33, 33, 33, 33, 33, 33, 33, 33, 33, 33, 33, 33, 33, 33, 33, 33, 33, 33, 33, 33, 33, 33, 33, 33, 33, 33, 33, 33, 33, 33, 33, 33, 33, 33, 33, 33, 33, 33, 33, 33, 33, 33, 33, 33, 33, 33, 33, 33, 33, 33, 33, 33, 33, 33, 33, 33, 33, 33, 33, 33, 33, 33, 33, 33, 33, 33, 33, 33, 33, 33, 33, 33, 33, 33, 33, 33, 33, 33, 33, 33, 33, 33, 33, 33, 33, 33, 33, 33, 33, 33, 33, 33, 33, 33, 33, 33, 33, 33, 33, 33, 33, 33, 33, 33, 33, 33, 33, 33, 33, 33, 33, 33, 33, 33, 33, 33, 33, 33, 33, 33, 33, 33, 33, 33, 33, 33, 33, 33, 33, 33, 33, 33, 33, 33, 33, 33, 33, 33, 33, 33, 33, 33, 33, 33, 33, 33, 33, 33, 33, 33, 33, 33, 33, 33, 33, 33, 33, 33, 33, 33, 33, 33, 33, 33, 33, 33, 33, 33, 33, 33, 33, 33, 33, 33, 33, 33, 33, 33, 33, 33, 33, 33, 33, 33, 33, 33, 33, 33, 33, 33, 33, 33, 33, 33, 33, 33, 33, 33, 33, 33, 33, 33, 33, 33, 33, 33, 33, 33, 33, 33, 33, 33, 33, 33, 33, 33, 33, 33, 33, 33, 33, 33, 33, 33, 33, 33, 33, 33, 33, 33, 33, 33, 33, 33, 33, 33, 33, 33, 33, 33, 33, 33, 33, 33, 33, 33, 33, 33, 33, 33, 33, 33, 33, 33, 33, 33, 33, 33, 33, 33, 33, 33, 33, 33, 33, 33, 33, 33, 33, 33, 33, 33, 33, 33, 33, 33, 33, 33, 33, 33, 33, 33, 33, 33, 33, 33, 33, 33, 33, 33, 33, 33, 33, 33, 33, 33, 33, 33, 33, 33, 33, 33, 33, 33, 33, 33, 33, 33, 33, 33, 33, 33, 33, 33, 33, 33, 33, 33, 33, 33, 33, 33, 33, 33, 33, 33, 33, 33, 33, 33, 33, 33, 33, 33, 33, 33, 33, 33, 33, 33, 33, 33, 33, 33, 33, 33, 33, 33, 33, 33, 33, 33, 33, 33, 33, 33, 33, 33, 33, 33, 33, 33, 33, 33]",32.925220458553795,"[32.926278659611995, 32.92204585537919, 32.92874779541446, 32.927336860670195, 32.931569664902995, 32.92980599647266, 32.928395061728395, 32.92768959435626, 32.928395061728395, 32.92768959435626, 32.927336860670195, 32.92910052910053, 32.925925925925924, 32.925220458553795, 32.92663139329806, 32.93015873015873, 32.92627865961199, 32.92345679012345, 32.92874779541446, 32.9294532627866, 32.92768959435626, 32.927336860670195, 32.926278659611995, 32.92768959435626, 32.92663139329806, 32.92698412698413, 32.925925925925924, 32.92239858906526, 32.92451499118166, 32.92698412698413, 32.92627865961199, 32.926278659611995, 32.928395061728395, 32.926984126984124, 32.92239858906525, 32.92239858906525, 32.91922398589065, 32.92557319223986, 32.924162257495595, 32.921693121693124, 32.92239858906525, 32.92451499118165, 32.92416225749559, 32.92345679012345, 32.925925925925924, 32.92451499118166, 32.92592592592593, 32.925925925925924, 32.93015873015873, 32.92451499118166, 32.92134038800706, 32.922751322751324, 32.92592592592593, 32.92557319223986, 32.92663139329807, 32.926278659611995, 32.92663139329806, 32.92557319223986, 32.929453262786595, 32.92592592592593, 32.928395061728395, 32.922045855379196, 32.925220458553795, 32.928042328042324, 32.93015873015873, 32.930511463844795, 32.93015873015873, 32.929453262786595, 32.931922398589066, 32.93615520282187, 32.93756613756614, 32.93932980599647, 32.93650793650794, 32.9347442680776, 32.929805996472666, 32.92910052910053, 32.928395061728395, 32.93015873015873, 32.931569664902995, 32.9336860670194, 32.930864197530866, 32.92910052910053, 32.92698412698413, 32.92698412698413, 32.927336860670195, 32.928042328042324, 32.931922398589066, 32.931922398589066, 32.9336860670194, 32.932980599647266, 32.932980599647266, 32.932980599647266, 32.931569664902995, 32.93121693121693, 32.9326278659612, 32.9305114638448, 32.929453262786595, 32.927336860670195, 32.92804232804233, 32.92557319223986, 32.92804232804233, 32.92804232804233, 32.93227513227513, 32.92874779541446, 32.928747795414466, 32.931569664902995, 32.9347442680776, 32.93439153439153, 32.930864197530866, 32.934038800705466, 32.932980599647266, 32.931922398589066, 32.932980599647266, 32.93227513227513, 32.930864197530866, 32.934038800705466, 32.930511463844795, 32.929805996472666, 32.929453262786595, 32.93227513227513, 32.93439153439154, 32.9358024691358, 32.934038800705466, 32.93121693121693, 32.93121693121693, 32.9336860670194, 32.931922398589066, 32.93439153439154, 32.93439153439154, 32.93615520282187, 32.935097001763666, 32.93439153439154, 32.9326278659612, 32.93439153439154, 32.93439153439154, 32.93439153439154, 32.93439153439154, 32.936860670194, 32.936860670194, 32.9358024691358, 32.934038800705466, 32.93333333333333, 32.93227513227513, 32.931569664902995, 32.930864197530866, 32.92980599647266, 32.931569664903, 32.93439153439154, 32.9336860670194, 32.9347442680776, 32.935097001763666, 32.9326278659612, 32.931569664902995, 32.92980599647266, 32.931922398589066, 32.93086419753086, 32.92910052910053, 32.92768959435626, 32.92768959435626, 32.92698412698413, 32.92874779541446, 32.925925925925924, 32.924867724867724, 32.926984126984124, 32.925925925925924, 32.925925925925924, 32.92592592592593, 32.92768959435626, 32.928395061728395, 32.930864197530866, 32.929805996472666, 32.928395061728395, 32.928747795414466, 32.929453262786595, 32.92910052910052, 32.92768959435626, 32.92874779541446, 32.92874779541446, 32.92804232804233, 32.92910052910052, 32.928042328042324, 32.92768959435626, 32.926984126984124, 32.92451499118166, 32.92451499118166, 32.92204585537919, 32.92345679012345, 32.92451499118166, 32.928042328042324, 32.92663139329806, 32.92874779541446, 32.92768959435626, 32.92768959435626, 32.925925925925924, 32.92804232804233, 32.93121693121693, 32.92980599647266, 32.931922398589066, 32.931569664903, 32.930864197530866, 32.93086419753086, 32.931922398589066, 32.931922398589066, 32.93333333333333, 32.9326278659612, 32.932980599647266, 32.9336860670194, 32.931922398589066, 32.93333333333334, 32.93403880070547, 32.9358024691358, 32.934038800705466, 32.93227513227513, 32.931569664902995, 32.93439153439153, 32.9347442680776, 32.9347442680776, 32.93439153439154, 32.93439153439154, 32.93403880070547, 32.9305114638448, 32.9326278659612, 32.93227513227513, 32.9326278659612, 32.93544973544973, 32.9358024691358, 32.93227513227513, 32.932980599647266, 32.9358024691358, 32.93827160493827, 32.93897707231041, 32.93968253968254, 32.93932980599647, 32.94074074074074, 32.938624338624344, 32.9358024691358, 32.934038800705466, 32.93227513227513, 32.9358024691358, 32.935097001763666, 32.935097001763666, 32.93333333333333, 32.931569664902995, 32.93227513227513, 32.932627865961194, 32.93227513227513, 32.93227513227513, 32.932980599647266, 32.931569664902995, 32.930864197530866, 32.930511463844795, 32.93121693121693, 32.9326278659612, 32.936860670194, 32.937566137566144, 32.93615520282187, 32.93615520282187, 32.93509700176367, 32.935097001763666, 32.935097001763666, 32.935097001763666, 32.93615520282187, 32.93544973544974, 32.93615520282187, 32.935097001763666, 32.9336860670194, 32.9326278659612, 32.93439153439154, 32.934038800705466, 32.9358024691358, 32.93615520282187, 32.9358024691358, 32.93439153439153, 32.93544973544973, 32.93615520282187, 32.93439153439154, 32.93227513227513, 32.9305114638448, 32.930864197530866, 32.93121693121693, 32.9326278659612, 32.935097001763666, 32.93544973544974, 32.93721340388007, 32.93721340388007, 32.9347442680776, 32.932980599647266, 32.93121693121693, 32.930511463844795, 32.9336860670194, 32.93227513227514, 32.935097001763666, 32.93544973544974, 32.931922398589066, 32.93333333333334, 32.931569664903, 32.931569664902995, 32.9347442680776, 32.93439153439154, 32.934038800705466, 32.93439153439154, 32.931922398589066, 32.93086419753086, 32.929453262786595, 32.929453262786595, 32.93015873015873, 32.92874779541446, 32.93015873015873, 32.931922398589066, 32.931569664903, 32.934038800705466, 32.931922398589066, 32.931922398589066, 32.9326278659612, 32.9305114638448, 32.9305114638448, 32.931922398589066, 32.93121693121693, 32.930864197530866, 32.93121693121693, 32.931922398589066, 32.931922398589066, 32.9336860670194, 32.936860670194, 32.93932980599647, 32.93897707231041, 32.93827160493827, 32.93721340388007, 32.93544973544973, 32.9358024691358, 32.9336860670194, 32.932627865961194, 32.93439153439153, 32.935097001763666, 32.9358024691358, 32.93439153439154, 32.93121693121693, 32.9326278659612, 32.93403880070547, 32.93615520282187, 32.9336860670194, 32.93509700176367, 32.93650793650794, 32.937213403880065, 32.93721340388007, 32.93756613756614, 32.93509700176367, 32.935097001763666, 32.936155202821865, 32.935097001763666, 32.932980599647266, 32.93544973544974, 32.936860670194, 32.9358024691358, 32.93544973544974, 32.93544973544974, 32.93650793650794, 32.93333333333333, 32.9358024691358, 32.93650793650794, 32.936155202821865, 32.93756613756614, 32.93827160493827, 32.936860670194, 32.936860670194, 32.93615520282187, 32.93333333333333, 32.932980599647266, 32.930511463844795, 32.93227513227513, 32.930511463844795, 32.93227513227513, 32.9326278659612, 32.9336860670194, 32.9326278659612, 32.93227513227513, 32.932980599647266, 32.93121693121693, 32.93192239858906, 32.93121693121693, 32.93333333333333, 32.93439153439154, 32.935097001763666, 32.93615520282187, 32.93544973544974, 32.936155202821865, 32.93615520282187, 32.935097001763666, 32.93544973544974, 32.93615520282187, 32.936155202821865, 32.9358024691358, 32.93333333333333, 32.933686067019394, 32.93756613756614, 32.93756613756614, 32.93862433862434, 32.936155202821865, 32.93544973544974, 32.935097001763666, 32.93439153439153, 32.93333333333333, 32.934038800705466, 32.933686067019394, 32.93333333333333, 32.932980599647266, 32.933686067019394, 32.93333333333333, 32.93227513227513, 32.93439153439154, 32.9358024691358, 32.936860670194, 32.93756613756614, 32.9389770723104, 32.9389770723104, 32.936860670194, 32.93862433862434, 32.93721340388007, 32.93862433862434, 32.936155202821865, 32.936155202821865, 32.93650793650794, 32.936860670194, 32.93650793650794, 32.936155202821865, 32.93650793650794, 32.936860670194, 32.9379188712522, 32.93897707231041, 32.94038800705467, 32.94003527336861, 32.94144620811288, 32.94250440917108, 32.94285714285714, 32.94109347442681, 32.93932980599647, 32.93862433862434, 32.9379188712522, 32.94003527336861, 32.939682539682536, 32.93968253968254, 32.93544973544974, 32.9336860670194, 32.931569664902995, 32.930511463844795, 32.926984126984124, 32.927336860670195, 32.92627865961199, 32.92627865961199, 32.92768959435626, 32.92768959435626, 32.928395061728395, 32.93121693121693, 32.929453262786595, 32.931569664902995, 32.930864197530866, 32.92698412698413, 32.928395061728395, 32.93015873015873, 32.929805996472666, 32.929453262786595, 32.92804232804233, 32.929453262786595, 32.93121693121693, 32.934038800705466, 32.93333333333334, 32.93192239858906, 32.93015873015872, 32.92910052910052, 32.925925925925924, 32.92663139329806, 32.92663139329806, 32.929453262786595, 32.92522045855379, 32.924162257495595, 32.92416225749559, 32.92451499118166, 32.92698412698413, 32.92663139329806, 32.928395061728395, 32.93015873015873, 32.927336860670195, 32.927336860670195, 32.92557319223986, 32.925220458553795]",0.7931868658096584,0.7624531437183599,33,"[33, 33, 33, 33, 33, 33, 33, 33, 33, 33, 33, 33, 33, 33, 33, 33, 33, 33, 33, 33, 33, 33, 33, 33, 33, 33, 33, 33, 33, 33, 33, 33, 33, 33, 33, 33, 33, 33, 33, 33, 33, 33, 33, 33, 33, 33, 33, 33, 33, 33, 33, 33, 33, 33, 33, 33, 33, 33, 33, 33, 33, 33, 33, 33, 33, 33, 33, 33, 33, 33, 33, 33, 33, 33, 33, 33, 33, 33, 33, 33, 33, 33, 33, 33, 33, 33, 33, 33, 33, 33, 33, 33, 33, 33, 33, 33, 33, 33, 33, 33, 33, 33, 33, 33, 33, 33, 33, 33, 33, 33, 33, 33, 33, 33, 33, 33, 33, 33, 33, 33, 33, 33, 33, 33, 33, 33, 33, 33, 33, 33, 33, 33, 33, 33, 33, 33, 33, 33, 33, 33, 33, 33, 33, 33, 33, 33, 33, 33, 33, 33, 33, 33, 33, 33, 33, 33, 33, 33, 33, 33, 33, 33, 33, 33, 33, 33, 33, 33, 33, 33, 33, 33, 33, 33, 33, 33, 33, 33, 33, 33, 33, 33, 33, 33, 33, 33, 33, 33, 33, 33, 33, 33, 33, 33, 33, 33, 33, 33, 33, 33, 33, 33, 33, 33, 33, 33, 33, 33, 33, 33, 33, 33, 33, 33, 33, 33, 33, 33, 33, 33, 33, 33, 33, 33, 33, 33, 33, 33, 33, 33, 33, 33, 33, 33, 33, 33, 33, 33, 33, 33, 33, 33, 33, 33, 33, 33, 33, 33, 33, 33, 33, 33, 33, 33, 33, 33, 33, 33, 33, 33, 33, 33, 33, 33, 33, 33, 33, 33, 33, 33, 33, 33, 33, 33, 33, 33, 33, 33, 33, 33, 33, 33, 33, 33, 33, 33, 33, 33, 33, 33, 33, 33, 33, 33, 33, 33, 33, 33, 33, 33, 33, 33, 33, 33, 33, 33, 33, 33, 33, 33, 33, 33, 33, 33, 33, 33, 33, 33, 33, 33, 33, 33, 33, 33, 33, 33, 33, 33, 33, 33, 33, 33, 33, 33, 33, 33, 33, 33, 33, 33, 33, 33, 33, 33, 33, 33, 33, 33, 33, 33, 33, 33, 33, 33, 33, 33, 33, 33, 33, 33, 33, 33, 33, 33, 33, 33, 33, 33, 33, 33, 33, 33, 33, 33, 33, 33, 33, 33, 33, 33, 33, 33, 33, 33, 33, 33, 33, 33, 33, 33, 33, 33, 33, 33, 33, 33, 33, 33, 33, 33, 33, 33, 33, 33, 33, 33, 33, 33, 33, 33, 33, 33, 33, 33, 33, 33, 33, 33, 33, 33, 33, 33, 33, 33, 33, 33, 33, 33, 33, 33, 33, 33, 33, 33, 33, 33, 33, 33, 33, 33, 33, 33, 33, 33, 33, 33, 33, 33, 33, 33, 33, 33, 33, 33, 33, 33, 33, 33, 33, 33, 33, 33, 33, 33, 33, 33, 33, 33, 33, 33, 33, 33, 33, 33, 33, 33, 33, 33, 33, 33, 33, 33, 33, 33, 33]",485,"[0.627275288105011, 0.5555800199508667, 0.5089877843856812, 0.47799232602119446, 0.4567209482192993, 0.44173407554626465, 0.43100330233573914, 0.42317134141921997, 0.41725394129753113, 0.4127345383167267, 0.40920203924179077, 0.4064021706581116, 0.4041561782360077, 0.40231674909591675, 0.4007742404937744, 0.39946162700653076, 0.39832714200019836, 0.3973274230957031, 0.39644283056259155, 0.39564406871795654, 0.3949202299118042, 0.3942544162273407, 0.39362579584121704, 0.39303919672966003, 0.39248397946357727, 0.39195701479911804, 0.39145317673683167, 0.3909672498703003, 0.39050111174583435, 0.3900492489337921, 0.38961097598075867, 0.38918495178222656, 0.3887684643268585, 0.38836508989334106, 0.3879711627960205, 0.38758668303489685, 0.38721176981925964, 0.38684454560279846, 0.3864833116531372, 0.3861309289932251, 0.3857859671115875, 0.3854466676712036, 0.3851137161254883, 0.38478773832321167, 0.3844684362411499, 0.3841544985771179, 0.3838469982147217, 0.3835451602935791, 0.3832480311393738, 0.38295605778694153, 0.38267117738723755, 0.38238880038261414, 0.3821108639240265, 0.38183754682540894, 0.38157036900520325, 0.38130736351013184, 0.3810487687587738, 0.3807941675186157, 0.3805442452430725, 0.38029706478118896, 0.38005390763282776, 0.37981510162353516, 0.37958014011383057, 0.37934863567352295, 0.3791200518608093, 0.3788946568965912, 0.37867385149002075, 0.37845638394355774, 0.378241628408432, 0.3780287206172943, 0.3778197765350342, 0.37761402130126953, 0.377412348985672, 0.37721186876296997, 0.3770144581794739, 0.37681877613067627, 0.37662631273269653, 0.37643691897392273, 0.3762480914592743, 0.3760649561882019, 0.37588268518447876, 0.3757023513317108, 0.3755249083042145, 0.37535008788108826, 0.3751765191555023, 0.3750052750110626, 0.37483668327331543, 0.3746700584888458, 0.37450331449508667, 0.3743399381637573, 0.37417903542518616, 0.3740190863609314, 0.37386253476142883, 0.373706579208374, 0.3735518753528595, 0.37339866161346436, 0.37324759364128113, 0.3730986714363098, 0.3729495108127594, 0.37280410528182983, 0.372659832239151, 0.37251582741737366, 0.37237247824668884, 0.37223225831985474, 0.37209224700927734, 0.3719530999660492, 0.37181487679481506, 0.3716784715652466, 0.37154167890548706, 0.3714078962802887, 0.37127387523651123, 0.37114158272743225, 0.37101197242736816, 0.3708837032318115, 0.3707541525363922, 0.3706273138523102, 0.3705018162727356, 0.3703753650188446, 0.37024936079978943, 0.37012574076652527, 0.37000420689582825, 0.36988258361816406, 0.36976107954978943, 0.36964115500450134, 0.3695225119590759, 0.3694040775299072, 0.3692876696586609, 0.3691708743572235, 0.36905547976493835, 0.3689386248588562, 0.3688238263130188, 0.36871060729026794, 0.36859744787216187, 0.36848509311676025, 0.36837291717529297, 0.3682600259780884, 0.3681482970714569, 0.3680402636528015, 0.3679313361644745, 0.3678230345249176, 0.3677137792110443, 0.3676062524318695, 0.36750033497810364, 0.36739295721054077, 0.3672870695590973, 0.3671809732913971, 0.36707547307014465, 0.366969496011734, 0.36686551570892334, 0.3667614758014679, 0.36665812134742737, 0.3665541410446167, 0.36645224690437317, 0.3663499057292938, 0.3662474751472473, 0.3661467432975769, 0.3660452663898468, 0.3659436106681824, 0.36584290862083435, 0.3657423257827759, 0.3656420409679413, 0.3655431866645813, 0.36544299125671387, 0.3653451204299927, 0.36524784564971924, 0.3651511073112488, 0.3650542199611664, 0.36495670676231384, 0.36485999822616577, 0.3647640347480774, 0.36466842889785767, 0.36457154154777527, 0.3644743859767914, 0.36437755823135376, 0.3642806112766266, 0.36418333649635315, 0.36408892273902893, 0.36399346590042114, 0.3638981580734253, 0.36380401253700256, 0.36370953917503357, 0.3636143207550049, 0.36352139711380005, 0.3634288012981415, 0.36333781480789185, 0.3632456064224243, 0.3631512522697449, 0.36305928230285645, 0.3629663586616516, 0.3628745973110199, 0.36278149485588074, 0.3626888394355774, 0.36259564757347107, 0.36250314116477966, 0.3624109625816345, 0.36231857538223267, 0.3622265160083771, 0.3621346652507782, 0.36204245686531067, 0.3619523346424103, 0.36186081171035767, 0.36177244782447815, 0.36167827248573303, 0.36158743500709534, 0.36149731278419495, 0.36140674352645874, 0.3613165020942688, 0.3612257242202759, 0.36113548278808594, 0.36104637384414673, 0.3609570264816284, 0.36086827516555786, 0.3607789874076843, 0.3606877624988556, 0.3605976402759552, 0.36050811409950256, 0.3604186177253723, 0.36032822728157043, 0.3602393865585327, 0.3601503074169159, 0.36006152629852295, 0.3599734604358673, 0.3598845601081848, 0.3597959578037262, 0.3597082495689392, 0.35961776971817017, 0.359529584646225, 0.35944077372550964, 0.35935214161872864, 0.35926395654678345, 0.3591746389865875, 0.35908612608909607, 0.35899829864501953, 0.3589097857475281, 0.35882264375686646, 0.35873648524284363, 0.3586482107639313, 0.3585599958896637, 0.35847118496894836, 0.35838261246681213, 0.3582947254180908, 0.35820648074150085, 0.35811901092529297, 0.35803237557411194, 0.35794368386268616, 0.35785630345344543, 0.3577702045440674, 0.3576837480068207, 0.35759615898132324, 0.35751011967658997, 0.35742443799972534, 0.35733574628829956, 0.35724830627441406, 0.3571593761444092, 0.3570704758167267, 0.35698404908180237, 0.3568972051143646, 0.3568105697631836, 0.35672450065612793, 0.35663798451423645, 0.35655322670936584, 0.3564649820327759, 0.3563780188560486, 0.3562923073768616, 0.3562045395374298, 0.3561181128025055, 0.3560306429862976, 0.3559439182281494, 0.35585692524909973, 0.35577133297920227, 0.35568609833717346, 0.35559985041618347, 0.35551220178604126, 0.3554256558418274, 0.35533764958381653, 0.3552505075931549, 0.3551620841026306, 0.3550751805305481, 0.35499027371406555, 0.35490408539772034, 0.35481590032577515, 0.354730486869812, 0.3546418845653534, 0.35455405712127686, 0.35446566343307495, 0.3543797731399536, 0.35429295897483826, 0.3542066514492035, 0.3541186451911926, 0.354032963514328, 0.3539469838142395, 0.3538609743118286, 0.35377371311187744, 0.3536859452724457, 0.3536016047000885, 0.3535137474536896, 0.35342806577682495, 0.3533419668674469, 0.35325419902801514, 0.3531671464443207, 0.3530787527561188, 0.3529917001724243, 0.35290515422821045, 0.3528177738189697, 0.3527315855026245, 0.35264691710472107, 0.3525591790676117, 0.35247403383255005, 0.35238713026046753, 0.3523004949092865, 0.35221531987190247, 0.3521292507648468, 0.35204043984413147, 0.35195377469062805, 0.351866751909256, 0.3517804741859436, 0.35169270634651184, 0.35160720348358154, 0.3515206277370453, 0.3514341115951538, 0.35134682059288025, 0.3512600362300873, 0.35117316246032715, 0.3510861098766327, 0.3509991765022278, 0.3509117066860199, 0.3508266508579254, 0.3507397174835205, 0.3506516218185425, 0.35056453943252563, 0.3504751920700073, 0.35038813948631287, 0.3503010869026184, 0.35021546483039856, 0.35012802481651306, 0.35004135966300964, 0.3499554395675659, 0.3498706519603729, 0.34978431463241577, 0.3496978282928467, 0.3496098816394806, 0.34952154755592346, 0.3494342565536499, 0.34934714436531067, 0.34926047921180725, 0.34917303919792175, 0.3490862250328064, 0.3489992916584015, 0.3489127457141876, 0.3488261103630066, 0.348739892244339, 0.3486522436141968, 0.3485651910305023, 0.34847739338874817, 0.3483886420726776, 0.3483015298843384, 0.34821292757987976, 0.3481227159500122, 0.3480350077152252, 0.3479474186897278, 0.3478594720363617, 0.3477709889411926, 0.3476843535900116, 0.34759795665740967, 0.34751155972480774, 0.3474246859550476, 0.3473367393016815, 0.34724903106689453, 0.3471605181694031, 0.3470720648765564, 0.3469840884208679, 0.346894770860672, 0.346805602312088, 0.34671908617019653, 0.34663090109825134, 0.34654250741004944, 0.34645435214042664, 0.34636616706848145, 0.34627974033355713, 0.34619227051734924, 0.34610581398010254, 0.34601813554763794, 0.34592971205711365, 0.34584158658981323, 0.3457535207271576, 0.3456645607948303, 0.34557679295539856, 0.3