,number,value,datetime_start,datetime_complete,duration,params_batch_size_scaler,params_constant_learning_rate,params_depth,params_epochs,params_kernel_l2,params_num_trees,params_temperature,user_attrs_accuracy_test,user_attrs_accuracy_valid,user_attrs_approximate_feature_sparsity,user_attrs_approximate_feature_sparsity_history,user_attrs_approximate_weight_sparsity,user_attrs_approximate_weight_sparsity_history,user_attrs_auc_test,user_attrs_auc_valid,user_attrs_feature_sparsity,user_attrs_feature_sparsity_history,user_attrs_num_epochs,user_attrs_val_loss_history,user_attrs_weight_sparsity,user_attrs_weight_sparsity_history,state
166,166,0.5,2024-08-31 08:14:18.215584,2024-08-31 08:14:55.194953,0 days 00:00:36.979369,16,0.3256033374525541,1,380,0.0013502384345812997,72,0.06999193418321785,0.141,0.14125,0,"[28, 1, 0, 0, 0, 0, 0, 0, 0, 0, 0, 0, 0, 0, 0, 0, 0, 0, 0, 0, 0, 0, 0, 0, 0, 0, 0, 0, 0, 0, 0, 0, 0, 0, 0, 0, 0, 0, 0, 0, 0, 0, 0, 0, 0, 0, 0, 0, 0, 0, 0, 0, 0, 0, 0, 0, 0, 0, 0, 0, 0, 0, 0, 0, 0, 0, 0, 0, 0, 0, 0, 0, 0, 0, 0, 0, 0, 0, 0, 0, 0, 0, 0, 0, 0, 0, 0, 0, 0, 0, 0, 0, 0, 0, 0, 0, 0, 0, 0, 0, 0, 0, 0, 0, 0, 0, 0, 0, 0, 0, 0, 0, 0, 0, 0, 0, 0, 0, 0, 0, 0, 0, 0, 0, 0, 0, 0, 0, 0, 0, 0, 0, 0, 0, 0, 0, 0, 0, 0, 0, 0, 0, 0, 0, 0, 0, 0, 0, 0, 0, 0, 0, 0, 0, 0, 0, 0, 0, 0, 0, 0, 0, 0, 0, 0, 0, 0, 0, 0, 0, 0, 0, 0, 0, 0, 0, 0, 0, 0, 0, 0, 0, 0, 0, 0, 0, 0, 0, 0, 0, 0, 0, 0, 0, 0, 0, 0, 0, 0, 0, 0, 0, 0, 0, 0, 0, 0, 0, 0, 0, 0, 0, 0, 0, 0, 0, 0, 0, 0, 0, 0, 0, 0, 0, 0, 0, 0, 0, 0, 0, 0, 0, 0, 0, 0, 0, 0, 0, 0, 0, 0, 0, 0, 0, 0, 0, 0, 0, 0, 0, 0, 0, 0, 0, 0, 0, 0, 0, 0, 0, 0, 0, 0, 0, 0, 0, 0, 0, 0, 0, 0, 0, 0, 0, 0, 0, 0, 0, 0, 0, 0, 0, 0, 0, 0, 0, 0, 0, 0, 0, 0, 0, 0, 0, 0, 0, 0, 0, 0, 0, 0, 0, 0, 0, 0, 0, 0, 0, 0, 0, 0, 0, 0, 0, 0, 0, 0, 0, 0, 0, 0, 0, 0, 0, 0, 0, 0, 0, 0, 0, 0, 0, 0, 0, 0, 0, 0, 0, 0, 0, 0, 0, 0, 0, 0, 0, 0, 0, 0, 0, 0, 0, 0, 0, 0, 0, 0, 0, 0, 0, 0, 0, 0, 0, 0, 0, 0, 0, 0, 0, 0, 0, 0, 0, 0, 0, 0, 0, 0, 0]",0.0,"[27.97222222222222, 1.0, 0.0, 0.0, 0.0, 0.0, 0.0, 0.0, 0.0, 0.0, 0.0, 0.0, 0.0, 0.0, 0.0, 0.0, 0.0, 0.0, 0.0, 0.0, 0.0, 0.0, 0.0, 0.0, 0.0, 0.0, 0.0, 0.0, 0.0, 0.0, 0.0, 0.0, 0.0, 0.0, 0.0, 0.0, 0.0, 0.0, 0.0, 0.0, 0.0, 0.0, 0.0, 0.0, 0.0, 0.0, 0.0, 0.0, 0.0, 0.0, 0.0, 0.0, 0.0, 0.0, 0.0, 0.0, 0.0, 0.0, 0.0, 0.0, 0.0, 0.0, 0.0, 0.0, 0.0, 0.0, 0.0, 0.0, 0.0, 0.0, 0.0, 0.0, 0.0, 0.0, 0.0, 0.0, 0.0, 0.0, 0.0, 0.0, 0.0, 0.0, 0.0, 0.0, 0.0, 0.0, 0.0, 0.0, 0.0, 0.0, 0.0, 0.0, 0.0, 0.0, 0.0, 0.0, 0.0, 0.0, 0.0, 0.0, 0.0, 0.0, 0.0, 0.0, 0.0, 0.0, 0.0, 0.0, 0.0, 0.0, 0.0, 0.0, 0.0, 0.0, 0.0, 0.0, 0.0, 0.0, 0.0, 0.0, 0.0, 0.0, 0.0, 0.0, 0.0, 0.0, 0.0, 0.0, 0.0, 0.0, 0.0, 0.0, 0.0, 0.0, 0.0, 0.0, 0.0, 0.0, 0.0, 0.0, 0.0, 0.0, 0.0, 0.0, 0.0, 0.0, 0.0, 0.0, 0.0, 0.0, 0.0, 0.0, 0.0, 0.0, 0.0, 0.0, 0.0, 0.0, 0.0, 0.0, 0.0, 0.0, 0.0, 0.0, 0.0, 0.0, 0.0, 0.0, 0.0, 0.0, 0.0, 0.0, 0.0, 0.0, 0.0, 0.0, 0.0, 0.0, 0.0, 0.0, 0.0, 0.0, 0.0, 0.0, 0.0, 0.0, 0.0, 0.0, 0.0, 0.0, 0.0, 0.0, 0.0, 0.0, 0.0, 0.0, 0.0, 0.0, 0.0, 0.0, 0.0, 0.0, 0.0, 0.0, 0.0, 0.0, 0.0, 0.0, 0.0, 0.0, 0.0, 0.0, 0.0, 0.0, 0.0, 0.0, 0.0, 0.0, 0.0, 0.0, 0.0, 0.0, 0.0, 0.0, 0.0, 0.0, 0.0, 0.0, 0.0, 0.0, 0.0, 0.0, 0.0, 0.0, 0.0, 0.0, 0.0, 0.0, 0.0, 0.0, 0.0, 0.0, 0.0, 0.0, 0.0, 0.0, 0.0, 0.0, 0.0, 0.0, 0.0, 0.0, 0.0, 0.0, 0.0, 0.0, 0.0, 0.0, 0.0, 0.0, 0.0, 0.0, 0.0, 0.0, 0.0, 0.0, 0.0, 0.0, 0.0, 0.0, 0.0, 0.0, 0.0, 0.0, 0.0, 0.0, 0.0, 0.0, 0.0, 0.0, 0.0, 0.0, 0.0, 0.0, 0.0, 0.0, 0.0, 0.0, 0.0, 0.0, 0.0, 0.0, 0.0, 0.0, 0.0, 0.0, 0.0, 0.0, 0.0, 0.0, 0.0, 0.0, 0.0, 0.0, 0.0, 0.0, 0.0, 0.0, 0.0, 0.0, 0.0, 0.0, 0.0, 0.0, 0.0, 0.0, 0.0, 0.0, 0.0, 0.0, 0.0, 0.0, 0.0, 0.0, 0.0, 0.0, 0.0, 0.0, 0.0, 0.0, 0.0, 0.0, 0.0, 0.0, 0.0, 0.0, 0.0, 0.0, 0.0, 0.0, 0.0, 0.0, 0.0, 0.0, 0.0, 0.0, 0.0, 0.0, 0.0, 0.0, 0.0, 0.0, 0.0, 0.0, 0.0, 0.0, 0.0, 0.0, 0.0, 0.0, 0.0, 0.0, 0.0, 0.0, 0.0, 0.0, 0.0, 0.0, 0.0, 0.0, 0.0, 0.0, 0.0, 0.0, 0.0, 0.0, 0.0, 0.0, 0.0, 0.0]",0.5,0.5,0,"[28, 1, 0, 0, 0, 0, 0, 0, 0, 0, 0, 0, 0, 0, 0, 0, 0, 0, 0, 0, 0, 0, 0, 0, 0, 0, 0, 0, 0, 0, 0, 0, 0, 0, 0, 0, 0, 0, 0, 0, 0, 0, 0, 0, 0, 0, 0, 0, 0, 0, 0, 0, 0, 0, 0, 0, 0, 0, 0, 0, 0, 0, 0, 0, 0, 0, 0, 0, 0, 0, 0, 0, 0, 0, 0, 0, 0, 0, 0, 0, 0, 0, 0, 0, 0, 0, 0, 0, 0, 0, 0, 0, 0, 0, 0, 0, 0, 0, 0, 0, 0, 0, 0, 0, 0, 0, 0, 0, 0, 0, 0, 0, 0, 0, 0, 0, 0, 0, 0, 0, 0, 0, 0, 0, 0, 0, 0, 0, 0, 0, 0, 0, 0, 0, 0, 0, 0, 0, 0, 0, 0, 0, 0, 0, 0, 0, 0, 0, 0, 0, 0, 0, 0, 0, 0, 0, 0, 0, 0, 0, 0, 0, 0, 0, 0, 0, 0, 0, 0, 0, 0, 0, 0, 0, 0, 0, 0, 0, 0, 0, 0, 0, 0, 0, 0, 0, 0, 0, 0, 0, 0, 0, 0, 0, 0, 0, 0, 0, 0, 0, 0, 0, 0, 0, 0, 0, 0, 0, 0, 0, 0, 0, 0, 0, 0, 0, 0, 0, 0, 0, 0, 0, 0, 0, 0, 0, 0, 0, 0, 0, 0, 0, 0, 0, 0, 0, 0, 0, 0, 0, 0, 0, 0, 0, 0, 0, 0, 0, 0, 0, 0, 0, 0, 0, 0, 0, 0, 0, 0, 0, 0, 0, 0, 0, 0, 0, 0, 0, 0, 0, 0, 0, 0, 0, 0, 0, 0, 0, 0, 0, 0, 0, 0, 0, 0, 0, 0, 0, 0, 0, 0, 0, 0, 0, 0, 0, 0, 0, 0, 0, 0, 0, 0, 0, 0, 0, 0, 0, 0, 0, 0, 0, 0, 0, 0, 0, 0, 0, 0, 0, 0, 0, 0, 0, 0, 0, 0, 0, 0, 0, 0, 0, 0, 0, 0, 0, 0, 0, 0, 0, 0, 0, 0, 0, 0, 0, 0, 0, 0, 0, 0, 0, 0, 0, 0, 0, 0, 0, 0, 0, 0, 0, 0, 0, 0, 0, 0, 0, 0, 0, 0, 0, 0, 0, 0, 0, 0, 0, 0, 0]",380,"[0.4408876299858093, 0.42207691073417664, 1.2183849811553955, 0.7378028035163879, 0.5000635385513306, 0.4279448390007019, 0.4756467938423157, 0.4081360697746277, 1.263051152229309, 0.6486362218856812, 0.41534149646759033, 0.4189503788948059, 0.40738537907600403, 0.8927111029624939, 0.8398054242134094, 1.5982475280761719, 0.893313467502594, 0.4182279706001282, 0.8474083542823792, 0.4158344566822052, 0.4072763919830322, 0.43302831053733826, 0.43254807591438293, 0.5338447690010071, 0.5553644299507141, 0.5487145781517029, 0.414825975894928, 0.6695632934570312, 0.7097327709197998, 0.7087031602859497, 0.5083402395248413, 0.6107012033462524, 0.40915289521217346, 1.0176482200622559, 0.4079188108444214, 0.4076841473579407, 0.4516642391681671, 0.7218605875968933, 0.41985732316970825, 0.48676976561546326, 0.9742723107337952, 0.8326795697212219, 0.5185694694519043, 0.41378533840179443, 0.40868937969207764, 1.221480131149292, 0.4092499613761902, 0.5486130714416504, 1.1152901649475098, 0.6898062229156494, 0.4240371286869049, 1.1626800298690796, 0.4514312744140625, 0.6110575199127197, 1.087735891342163, 0.4119604825973511, 0.6904436349868774, 0.43319687247276306, 0.4985496997833252, 0.4619388282299042, 0.48400482535362244, 0.407557874917984, 0.531525194644928, 0.4542422890663147, 0.6124987602233887, 0.4397856891155243, 0.4529750943183899, 0.4133945107460022, 0.4097314178943634, 0.4174255132675171, 0.517490804195404, 0.45305579900741577, 0.49394652247428894, 0.5911605358123779, 0.8112090229988098, 0.8097207546234131, 0.4140905439853668, 0.4380739629268646, 0.417802095413208, 0.5582683086395264, 0.47918862104415894, 0.42761552333831787, 0.6976719498634338, 0.44129249453544617, 0.441493958234787, 0.45151475071907043, 0.5106552243232727, 0.8541629314422607, 0.5426452159881592, 0.44658827781677246, 0.7355174422264099, 0.4506690204143524, 0.8443264961242676, 0.4084552526473999, 0.6661732196807861, 0.6102088689804077, 0.41121745109558105, 0.7760888934135437, 0.5112062096595764, 0.4591681659221649, 0.4632602035999298, 0.4558441638946533, 0.4118189215660095, 1.271498441696167, 0.434377521276474, 0.47249796986579895, 0.4514683485031128, 0.4809865951538086, 0.45676353573799133, 1.1020106077194214, 0.4719582498073578, 0.4094161093235016, 0.5862277746200562, 0.4302452802658081, 0.9577900171279907, 0.4773646891117096, 0.6600519418716431, 0.4073892831802368, 0.43114030361175537, 0.6056132316589355, 0.43344151973724365, 0.408395379781723, 0.46042609214782715, 0.44335758686065674, 0.4919576346874237, 0.43326354026794434, 0.4105289578437805, 0.7021583318710327, 0.4112536311149597, 0.5833348631858826, 0.43683552742004395, 0.5203882455825806, 0.6745461225509644, 0.9582749009132385, 0.4357094168663025, 0.7512099742889404, 0.5905507206916809, 0.4106469452381134, 0.860068142414093, 1.3496406078338623, 0.43653130531311035, 0.41063088178634644, 0.47106897830963135, 0.4560229480266571, 0.5295913219451904, 0.42717018723487854, 0.7327547669410706, 0.43720972537994385, 0.4360230565071106, 0.41856324672698975, 0.5876667499542236, 0.5355132818222046, 1.0260673761367798, 0.6145235300064087, 0.5156946778297424, 0.6545287370681763, 0.4398003816604614, 0.6329572796821594, 0.4170916676521301, 0.4126371145248413, 0.47308048605918884, 0.4471549093723297, 0.40904781222343445, 0.5205817222595215, 0.4278678894042969, 0.5824049115180969, 0.42243775725364685, 0.4398617446422577, 0.4101469814777374, 0.6275098919868469, 0.407755047082901, 0.5402066707611084, 0.45296236872673035, 0.4425978362560272, 0.48189234733581543, 0.4330415725708008, 0.6637733578681946, 0.41002070903778076, 0.5230780243873596, 0.5359145998954773, 0.6485814452171326, 0.5550147294998169, 1.0721385478973389, 0.704670786857605, 0.4757097363471985, 0.6535604000091553, 0.4911632537841797, 1.087905764579773, 0.43072032928466797, 0.7093778848648071, 0.49252849817276, 0.41341519355773926, 0.4218657612800598, 0.5270701050758362, 0.6721280813217163, 0.5196076035499573, 0.4749639928340912, 0.4850351810455322, 0.5204668045043945, 1.0120474100112915, 1.108088493347168, 0.5565104484558105, 0.8310500979423523, 0.6933454275131226, 0.7273727655410767, 0.48205986618995667, 0.4686415195465088, 0.5939072370529175, 0.6380118727684021, 0.4074070453643799, 0.5708447098731995, 0.7061807513237, 1.1021276712417603, 0.6472423672676086, 0.5021950006484985, 0.4072730243206024, 0.41043734550476074, 0.4695494771003723, 0.40739068388938904, 0.4448220133781433, 0.41348692774772644, 0.4616968631744385, 0.4146045744419098, 0.4625007212162018, 0.49372565746307373, 0.5269728899002075, 0.51983243227005, 0.4100899398326874, 0.5561419725418091, 0.40723204612731934, 1.0465236902236938, 0.627341628074646, 0.4967724084854126, 0.46004658937454224, 0.6306371092796326, 0.4550311267375946, 0.8928198218345642, 0.6196652054786682, 0.7901508212089539, 0.40860283374786377, 0.7399147748947144, 0.49394312500953674, 0.4761309027671814, 1.199716329574585, 0.6826690435409546, 0.5586357712745667, 0.4797590970993042, 0.46299684047698975, 0.44860759377479553, 0.8318509459495544, 0.7050167918205261, 0.8838032484054565, 0.736186146736145, 0.40729451179504395, 0.7149465680122375, 1.0464210510253906, 0.4527938961982727, 0.5481283068656921, 0.4720247983932495, 0.5299479961395264, 0.5880900621414185, 0.41646987199783325, 0.7035707235336304, 0.6190203428268433, 0.8799253702163696, 0.40772122144699097, 1.042686104774475, 0.43142613768577576, 0.438994437456131, 0.8083789348602295, 0.49849894642829895, 0.7143346667289734, 0.4122590124607086, 0.4259398579597473, 0.4077790379524231, 0.4963655173778534, 0.4454636871814728, 0.7109461426734924, 0.8480361104011536, 0.5701743364334106, 0.5316168069839478, 0.4088193476200104, 0.5408534407615662, 0.5988777279853821, 0.4829745590686798, 0.6814458966255188, 0.7834526896476746, 0.4411220848560333, 0.5996018052101135, 0.4303884506225586, 0.44016575813293457, 0.42080169916152954, 0.41543295979499817, 0.41635024547576904, 0.642372190952301, 0.47144654393196106, 0.8172858357429504, 0.4702146053314209, 0.42450255155563354, 0.6683164238929749, 1.0611240863800049, 0.4209696054458618, 0.4393259882926941, 0.42366790771484375, 0.4646671414375305, 0.5017262101173401, 0.6138759851455688, 1.0986415147781372, 0.5021064281463623, 0.5227208733558655, 0.5161721706390381, 0.49311092495918274, 0.6568255424499512, 0.4181220531463623, 0.6414430141448975, 1.2370315790176392, 0.6492917537689209, 0.4327929615974426, 0.6242748498916626, 0.42434993386268616, 0.7887129783630371, 0.41059163212776184, 0.41980352997779846, 0.5475837588310242, 1.091998815536499, 0.597954511642456, 0.4122391641139984, 0.41374897956848145, 0.4742763936519623, 0.4554978609085083, 0.5563031435012817, 0.7915880680084229, 0.5142148733139038, 0.7652726173400879, 0.5520007610321045, 0.5064446926116943, 1.0226589441299438, 0.451232373714447, 0.5711830258369446, 0.4170769155025482, 0.43368834257125854, 0.7238184213638306, 0.42701035737991333, 0.5529749393463135, 0.559991717338562, 0.48483040928840637, 0.6067091226577759, 0.4501717686653137, 0.4080904722213745, 0.4075445234775543, 0.6317332983016968, 0.8768675327301025, 0.6038257479667664, 1.0477957725524902, 0.6170507669448853, 0.44716888666152954, 0.5057937502861023, 0.45338061451911926, 0.4330121874809265, 0.5492252707481384, 0.5232698917388916, 0.8503543138504028, 0.4125156104564667, 0.5412642955780029, 0.4226516783237457, 0.4081990122795105, 0.5534759759902954, 0.6651551723480225, 0.4125235676765442, 0.7923352718353271, 0.6713024973869324, 1.1471668481826782, 0.43234360218048096, 0.44119006395339966, 0.43078291416168213, 0.4094250500202179, 1.0753295421600342, 0.4513136148452759, 0.42628687620162964, 0.8714385032653809]",0.0,"[28.0, 1.0, 0.0, 0.0, 0.0, 0.0, 0.0, 0.0, 0.0, 0.0, 0.0, 0.0, 0.0, 0.0, 0.0, 0.0, 0.0, 0.0, 0.0, 0.0, 0.0, 0.0, 0.0, 0.0, 0.0, 0.0, 0.0, 0.0, 0.0, 0.0, 0.0, 0.0, 0.0, 0.0, 0.0, 0.0, 0.0, 0.0, 0.0, 0.0, 0.0, 0.0, 0.0, 0.0, 0.0, 0.0, 0.0, 0.0, 0.0, 0.0, 0.0, 0.0, 0.0, 0.0, 0.0, 0.0, 0.0, 0.0, 0.0, 0.0, 0.0, 0.0, 0.0, 0.0, 0.0, 0.0, 0.0, 0.0, 0.0, 0.0, 0.0, 0.0, 0.0, 0.0, 0.0, 0.0, 0.0, 0.0, 0.0, 0.0, 0.0, 0.0, 0.0, 0.0, 0.0, 0.0, 0.0, 0.0, 0.0, 0.0, 0.0, 0.0, 0.0, 0.0, 0.0, 0.0, 0.0, 0.0, 0.0, 0.0, 0.0, 0.0, 0.0, 0.0, 0.0, 0.0, 0.0, 0.0, 0.0, 0.0, 0.0, 0.0, 0.0, 0.0, 0.0, 0.0, 0.0, 0.0, 0.0, 0.0, 0.0, 0.0, 0.0, 0.0, 0.0, 0.0, 0.0, 0.0, 0.0, 0.0, 0.0, 0.0, 0.0, 0.0, 0.0, 0.0, 0.0, 0.0, 0.0, 0.0, 0.0, 0.0, 0.0, 0.0, 0.0, 0.0, 0.0, 0.0, 0.0, 0.0, 0.0, 0.0, 0.0, 0.0, 0.0, 0.0, 0.0, 0.0, 0.0, 0.0, 0.0, 0.0, 0.0, 0.0, 0.0, 0.0, 0.0, 0.0, 0.0, 0.0, 0.0, 0.0, 0.0, 0.0, 0.0, 0.0, 0.0, 0.0, 0.0, 0.0, 0.0, 0.0, 0.0, 0.0, 0.0, 0.0, 0.0, 0.0, 0.0, 0.0, 0.0, 0.0, 0.0, 0.0, 0.0, 0.0, 0.0, 0.0, 0.0, 0.0, 0.0, 0.0, 0.0, 0.0, 0.0, 0.0, 0.0, 0.0, 0.0, 0.0, 0.0, 0.0, 0.0, 0.0, 0.0, 0.0, 0.0, 0.0, 0.0, 0.0, 0.0, 0.0, 0.0, 0.0, 0.0, 0.0, 0.0, 0.0, 0.0, 0.0, 0.0, 0.0, 0.0, 0.0, 0.0, 0.0, 0.0, 0.0, 0.0, 0.0, 0.0, 0.0, 0.0, 0.0, 0.0, 0.0, 0.0, 0.0, 0.0, 0.0, 0.0, 0.0, 0.0, 0.0, 0.0, 0.0, 0.0, 0.0, 0.0, 0.0, 0.0, 0.0, 0.0, 0.0, 0.0, 0.0, 0.0, 0.0, 0.0, 0.0, 0.0, 0.0, 0.0, 0.0, 0.0, 0.0, 0.0, 0.0, 0.0, 0.0, 0.0, 0.0, 0.0, 0.0, 0.0, 0.0, 0.0, 0.0, 0.0, 0.0, 0.0, 0.0, 0.0, 0.0, 0.0, 0.0, 0.0, 0.0, 0.0, 0.0, 0.0, 0.0, 0.0, 0.0, 0.0, 0.0, 0.0, 0.0, 0.0, 0.0, 0.0, 0.0, 0.0, 0.0, 0.0, 0.0, 0.0, 0.0, 0.0, 0.0, 0.0, 0.0, 0.0, 0.0, 0.0, 0.0, 0.0, 0.0, 0.0, 0.0, 0.0, 0.0, 0.0, 0.0, 0.0, 0.0, 0.0, 0.0, 0.0, 0.0, 0.0, 0.0, 0.0, 0.0, 0.0, 0.0, 0.0, 0.0, 0.0, 0.0, 0.0, 0.0, 0.0, 0.0, 0.0, 0.0, 0.0, 0.0, 0.0, 0.0, 0.0, 0.0, 0.0, 0.0, 0.0, 0.0, 0.0, 0.0, 0.0, 0.0, 0.0, 0.0, 0.0, 0.0, 0.0, 0.0, 0.0, 0.0, 0.0, 0.0]",COMPLETE
