,number,value,datetime_start,datetime_complete,duration,params_batch_size_scaler,params_constant_learning_rate,params_depth,params_epochs,params_kernel_l2,params_num_trees,params_temperature,user_attrs_accuracy_test,user_attrs_accuracy_valid,user_attrs_approximate_feature_sparsity,user_attrs_approximate_feature_sparsity_history,user_attrs_approximate_weight_sparsity,user_attrs_approximate_weight_sparsity_history,user_attrs_auc_test,user_attrs_auc_valid,user_attrs_feature_sparsity,user_attrs_feature_sparsity_history,user_attrs_num_epochs,user_attrs_val_loss_history,user_attrs_weight_sparsity,user_attrs_weight_sparsity_history,state
140,140,0.8520178794553721,2024-08-31 06:57:57.730276,2024-08-31 07:00:19.044813,0 days 00:02:21.314537,16,0.06718611486606978,5,390,0.009889218589993996,53,0.0031169742890511543,0.88,0.8825,33,"[33, 33, 33, 33, 33, 33, 33, 33, 33, 33, 33, 33, 33, 33, 33, 33, 33, 33, 33, 33, 33, 33, 33, 33, 33, 33, 33, 33, 33, 33, 33, 33, 33, 33, 33, 33, 33, 33, 33, 33, 33, 33, 33, 33, 33, 33, 33, 33, 33, 33, 33, 33, 33, 33, 33, 33, 33, 33, 33, 33, 33, 33, 33, 33, 33, 33, 33, 33, 33, 33, 33, 33, 33, 33, 33, 33, 33, 33, 33, 33, 33, 33, 33, 33, 33, 33, 33, 33, 33, 33, 33, 33, 33, 33, 33, 33, 33, 33, 33, 33, 33, 33, 33, 33, 33, 33, 33, 33, 33, 33, 33, 33, 33, 33, 33, 33, 33, 33, 33, 33, 33, 33, 33, 33, 33, 33, 33, 33, 33, 33, 33, 33, 33, 33, 33, 33, 33, 33, 33, 33, 33, 33, 33, 33, 33, 33, 33, 33, 33, 33, 33, 33, 33, 33, 33, 33, 33, 33, 33, 33, 33, 33, 33, 33, 33, 33, 33, 33, 33, 33, 33, 33, 33, 33, 33, 33, 33, 33, 33, 33, 33, 33, 33, 33, 33, 33, 33, 33, 33, 33, 33, 33, 33, 33, 33, 33, 33, 33, 33, 33, 33, 33, 33, 33, 33, 33, 33, 33, 33, 33, 33, 33, 33, 33, 33, 33, 33, 33, 33, 33, 33, 33, 33, 33, 33, 33, 33, 33, 33, 33, 33, 33, 33, 33, 33, 33, 33, 33, 33, 33, 33, 33, 33, 33, 33, 33, 33, 33, 33, 33, 33, 33, 33, 33, 33, 33, 33, 33, 33, 33, 33, 33, 33, 33, 33, 33, 33, 33, 33, 33, 33, 33, 33, 33, 33, 33, 33, 33, 33, 33, 33, 33, 33, 33, 33, 33, 33, 33, 33, 33, 33, 33, 33, 33, 33, 33, 33, 33, 33, 33, 33, 33, 33, 33, 33, 33, 33, 33, 33, 33, 33, 33, 33, 33, 33, 33, 33, 33, 33, 33, 33, 33, 33, 33, 33, 33, 33, 33, 33, 33, 33, 33, 33, 33, 33, 33, 33, 33, 33, 33, 33, 33, 33, 33, 33, 33, 33, 33, 33, 33, 33, 33, 33, 33, 33, 33, 33, 33, 33, 33, 33, 33, 33, 33, 33, 33, 33, 33, 33, 33, 33, 33, 33, 33, 33, 33, 33, 33, 33, 33, 33, 33, 33, 33, 33, 33, 33, 33, 33, 33]",32.94522215459525,"[32.94704808277541, 32.94278758368837, 32.941570298234936, 32.94704808277541, 32.939744370054775, 32.929397443700545, 32.939744370054775, 32.94887401095557, 32.94765672550213, 32.94461351186853, 32.94643944004869, 32.94522215459526, 32.941570298234936, 32.944004869141814, 32.94096165550822, 32.93913572732806, 32.94522215459525, 32.939744370054775, 32.944004869141814, 32.948265368228846, 32.94826536822885, 32.9403530127815, 32.942178940961654, 32.9373097991479, 32.93487522824102, 32.93365794278758, 32.9342665855143, 32.943396226415096, 32.94461351186853, 32.94948265368229, 32.94704808277541, 32.94948265368229, 32.94278758368838, 32.94522215459525, 32.9403530127815, 32.933049300060866, 32.941570298234936, 32.9373097991479, 32.939744370054775, 32.94096165550822, 32.9403530127815, 32.94096165550822, 32.94887401095557, 32.95678636640292, 32.9592209373098, 32.959220937309794, 32.94887401095557, 32.94887401095557, 32.94461351186853, 32.941570298234936, 32.943396226415096, 32.944004869141814, 32.94643944004869, 32.950091296409006, 32.954351795496045, 32.95556908094948, 32.96165550821667, 32.9561777236762, 32.958612294583084, 32.95496043822276, 32.94826536822885, 32.945830797321975, 32.943396226415096, 32.93670115642119, 32.9403530127815, 32.94278758368837, 32.950091296409006, 32.95130858186245, 32.95374315276933, 32.9531345100426, 32.950699939135724, 32.950091296409006, 32.95130858186245, 32.956177723676205, 32.95130858186245, 32.94278758368837, 32.94278758368837, 32.941570298234936, 32.94765672550213, 32.94643944004869, 32.94704808277541, 32.94704808277541, 32.9531345100426, 32.95374315276933, 32.954351795496045, 32.95130858186245, 32.952525867315885, 32.952525867315885, 32.95374315276933, 32.952525867315885, 32.956177723676205, 32.954351795496045, 32.954351795496045, 32.952525867315885, 32.94887401095557, 32.947656725502135, 32.94948265368229, 32.95191722458917, 32.950699939135724, 32.94887401095557, 32.95496043822276, 32.95374315276933, 32.950091296409006, 32.94948265368229, 32.948874010955564, 32.94948265368229, 32.950699939135724, 32.95130858186245, 32.94948265368229, 32.94704808277541, 32.944004869141814, 32.94217894096166, 32.939135727328065, 32.941570298234936, 32.94704808277541, 32.944004869141814, 32.943396226415096, 32.94217894096166, 32.94096165550822, 32.93791844187462, 32.939744370054775, 32.94461351186853, 32.94522215459526, 32.94643944004869, 32.94643944004869, 32.94461351186853, 32.94704808277541, 32.945830797321975, 32.94643944004869, 32.94643944004869, 32.94643944004869, 32.947656725502135, 32.94765672550213, 32.94887401095557, 32.95130858186245, 32.94826536822885, 32.95130858186245, 32.94643944004869, 32.94643944004869, 32.950699939135724, 32.94887401095557, 32.950091296409006, 32.954351795496045, 32.952525867315885, 32.954351795496045, 32.952525867315885, 32.94826536822885, 32.94826536822885, 32.94643944004869, 32.94643944004869, 32.94643944004869, 32.94704808277541, 32.952525867315885, 32.94826536822885, 32.94826536822885, 32.94704808277542, 32.94461351186854, 32.943396226415096, 32.9403530127815, 32.93852708460134, 32.9403530127815, 32.94643944004869, 32.945830797321975, 32.945830797321975, 32.94643944004869, 32.94643944004869, 32.944004869141814, 32.941570298234936, 32.942178940961654, 32.94522215459526, 32.94887401095557, 32.95069993913573, 32.950091296409006, 32.94643944004869, 32.94948265368229, 32.94948265368229, 32.95009129640901, 32.94765672550213, 32.945830797321975, 32.950091296409006, 32.95130858186245, 32.952525867315885, 32.94704808277541, 32.94643944004869, 32.95191722458917, 32.94948265368229, 32.95130858186245, 32.95678636640292, 32.95191722458917, 32.95191722458917, 32.94948265368229, 32.9531345100426, 32.95435179549604, 32.95496043822276, 32.9531345100426, 32.95496043822276, 32.954351795496045, 32.95130858186245, 32.95191722458917, 32.95191722458917, 32.95678636640292, 32.95374315276932, 32.95130858186244, 32.956786366402916, 32.9561777236762, 32.956177723676205, 32.94948265368229, 32.94826536822885, 32.94887401095557, 32.94704808277541, 32.94583079732197, 32.94461351186853, 32.94704808277541, 32.94826536822885, 32.94948265368229, 32.95191722458917, 32.948265368228846, 32.94765672550213, 32.94704808277541, 32.94643944004869, 32.94522215459526, 32.945830797321975, 32.94583079732197, 32.94887401095557, 32.94887401095557, 32.94887401095557, 32.95069993913573, 32.95069993913573, 32.94826536822885, 32.95191722458917, 32.95800365185636, 32.95861229458308, 32.95678636640292, 32.958003651856366, 32.954351795496045, 32.95556908094948, 32.95435179549604, 32.95130858186245, 32.952525867315885, 32.94887401095557, 32.94643944004869, 32.94887401095557, 32.944004869141814, 32.94643944004869, 32.94278758368837, 32.944004869141814, 32.944004869141814, 32.94826536822885, 32.94522215459525, 32.94826536822885, 32.94522215459525, 32.94643944004869, 32.948265368228846, 32.95191722458917, 32.948265368228846, 32.952525867315885, 32.95130858186244, 32.948874010955564, 32.9531345100426, 32.9531345100426, 32.94948265368229, 32.94826536822885, 32.9531345100426, 32.954351795496045, 32.95130858186245, 32.95130858186244, 32.9531345100426, 32.95130858186244, 32.94948265368229, 32.94704808277541, 32.942178940961654, 32.941570298234936, 32.94704808277542, 32.94643944004869, 32.94887401095557, 32.950091296409006, 32.94826536822885, 32.94887401095557, 32.94461351186853, 32.944004869141814, 32.944004869141814, 32.94765672550213, 32.945830797321975, 32.94461351186854, 32.94461351186854, 32.94278758368838, 32.945830797321975, 32.94765672550213, 32.94948265368229, 32.94643944004869, 32.94948265368229, 32.95191722458917, 32.94887401095557, 32.947656725502135, 32.950091296409006, 32.94887401095557, 32.947656725502135, 32.947656725502135, 32.950091296409006, 32.94948265368229, 32.9561777236762, 32.9592209373098, 32.95739500912964, 32.95556908094948, 32.954351795496045, 32.9561777236762, 32.95556908094948, 32.95556908094948, 32.952525867315885, 32.94826536822885, 32.94826536822885, 32.94522215459526, 32.94704808277541, 32.94704808277541, 32.94704808277542, 32.94643944004869, 32.94522215459526, 32.947656725502135, 32.95130858186245, 32.94704808277541, 32.95130858186245, 32.952525867315885, 32.95191722458917, 32.94704808277541, 32.94704808277541, 32.945830797321975, 32.94948265368229, 32.95374315276932, 32.9531345100426, 32.952525867315885, 32.95191722458917, 32.95130858186244, 32.952525867315885, 32.948265368228846, 32.950699939135724, 32.948265368228846, 32.9531345100426, 32.95374315276932, 32.950699939135724, 32.94887401095557, 32.94765672550213, 32.950091296409006, 32.94887401095557, 32.95191722458917, 32.9531345100426, 32.9561777236762, 32.95496043822276, 32.9531345100426, 32.95130858186245, 32.95191722458916, 32.948874010955564, 32.950091296409006, 32.946439440048685, 32.94461351186853, 32.945830797321975, 32.94278758368837, 32.94583079732197, 32.94826536822885, 32.95191722458917, 32.95130858186245, 32.95374315276933, 32.952525867315885, 32.95496043822276, 32.9531345100426, 32.954351795496045, 32.95556908094948, 32.95496043822276, 32.954351795496045, 32.95191722458917, 32.94643944004869, 32.94826536822885, 32.94704808277541, 32.94948265368229, 32.94765672550213, 32.94887401095557, 32.94765672550213, 32.947656725502135, 32.94704808277541, 32.95069993913573, 32.948265368228846, 32.950699939135724, 32.950699939135724, 32.95069993913573, 32.94704808277541, 32.948265368228846, 32.950091296409006, 32.94765672550213, 32.94826536822885, 32.948265368228846, 32.94522215459525]",0.8557286635457689,0.8520178794553721,33,"[33, 33, 33, 33, 33, 33, 33, 33, 33, 33, 33, 33, 33, 33, 33, 33, 33, 33, 33, 33, 33, 33, 33, 33, 33, 33, 33, 33, 33, 33, 33, 33, 33, 33, 33, 33, 33, 33, 33, 33, 33, 33, 33, 33, 33, 33, 33, 33, 33, 33, 33, 33, 33, 33, 33, 33, 33, 33, 33, 33, 33, 33, 33, 33, 33, 33, 33, 33, 33, 33, 33, 33, 33, 33, 33, 33, 33, 33, 33, 33, 33, 33, 33, 33, 33, 33, 33, 33, 33, 33, 33, 33, 33, 33, 33, 33, 33, 33, 33, 33, 33, 33, 33, 33, 33, 33, 33, 33, 33, 33, 33, 33, 33, 33, 33, 33, 33, 33, 33, 33, 33, 33, 33, 33, 33, 33, 33, 33, 33, 33, 33, 33, 33, 33, 33, 33, 33, 33, 33, 33, 33, 33, 33, 33, 33, 33, 33, 33, 33, 33, 33, 33, 33, 33, 33, 33, 33, 33, 33, 33, 33, 33, 33, 33, 33, 33, 33, 33, 33, 33, 33, 33, 33, 33, 33, 33, 33, 33, 33, 33, 33, 33, 33, 33, 33, 33, 33, 33, 33, 33, 33, 33, 33, 33, 33, 33, 33, 33, 33, 33, 33, 33, 33, 33, 33, 33, 33, 33, 33, 33, 33, 33, 33, 33, 33, 33, 33, 33, 33, 33, 33, 33, 33, 33, 33, 33, 33, 33, 33, 33, 33, 33, 33, 33, 33, 33, 33, 33, 33, 33, 33, 33, 33, 33, 33, 33, 33, 33, 33, 33, 33, 33, 33, 33, 33, 33, 33, 33, 33, 33, 33, 33, 33, 33, 33, 33, 33, 33, 33, 33, 33, 33, 33, 33, 33, 33, 33, 33, 33, 33, 33, 33, 33, 33, 33, 33, 33, 33, 33, 33, 33, 33, 33, 33, 33, 33, 33, 33, 33, 33, 33, 33, 33, 33, 33, 33, 33, 33, 33, 33, 33, 33, 33, 33, 33, 33, 33, 33, 33, 33, 33, 33, 33, 33, 33, 33, 33, 33, 33, 33, 33, 33, 33, 33, 33, 33, 33, 33, 33, 33, 33, 33, 33, 33, 33, 33, 33, 33, 33, 33, 33, 33, 33, 33, 33, 33, 33, 33, 33, 33, 33, 33, 33, 33, 33, 33, 33, 33, 33, 33, 33, 33, 33, 33, 33, 33, 33, 33, 33, 33, 33, 33, 33, 33, 33, 33, 33, 33, 33, 33]",390,"[0.4631105363368988, 0.4236080050468445, 0.41034266352653503, 0.40435856580734253, 0.4011272192001343, 0.39896926283836365, 0.3972843289375305, 0.3957255184650421, 0.3943861126899719, 0.39311808347702026, 0.39194172620773315, 0.39086979627609253, 0.3898233473300934, 0.38883277773857117, 0.3878222703933716, 0.3869352638721466, 0.3860396444797516, 0.385199636220932, 0.38437139987945557, 0.38364672660827637, 0.38294339179992676, 0.3822541832923889, 0.38157522678375244, 0.38097283244132996, 0.3803826868534088, 0.379794716835022, 0.379196435213089, 0.37865760922431946, 0.37814316153526306, 0.3776715397834778, 0.3771681487560272, 0.3767014443874359, 0.37628382444381714, 0.3758954703807831, 0.37544769048690796, 0.3750614523887634, 0.37467044591903687, 0.3742855489253998, 0.3739532232284546, 0.3735668957233429, 0.373190701007843, 0.3728457987308502, 0.3724941611289978, 0.3721778988838196, 0.37188994884490967, 0.3715914487838745, 0.37132522463798523, 0.3709681034088135, 0.37063637375831604, 0.37034720182418823, 0.3700261414051056, 0.36976173520088196, 0.369413286447525, 0.36913391947746277, 0.36883410811424255, 0.368545800447464, 0.36833274364471436, 0.36811718344688416, 0.3678573668003082, 0.3676256835460663, 0.3673754036426544, 0.36711668968200684, 0.366881787776947, 0.3666805922985077, 0.3664064109325409, 0.36615145206451416, 0.36592990159988403, 0.36570778489112854, 0.3654786944389343, 0.3652586340904236, 0.36502140760421753, 0.3647509813308716, 0.3645302951335907, 0.3642790615558624, 0.3640792965888977, 0.3638266623020172, 0.3635648488998413, 0.3633462190628052, 0.36313000321388245, 0.3629119098186493, 0.3626970648765564, 0.36249133944511414, 0.3622960150241852, 0.36209967732429504, 0.361844927072525, 0.3616824448108673, 0.36144328117370605, 0.361250102519989, 0.3610341250896454, 0.3608418405056, 0.3605954647064209, 0.3603971600532532, 0.3601447641849518, 0.3599390685558319, 0.35970526933670044, 0.35949718952178955, 0.35930126905441284, 0.3591007888317108, 0.3588804602622986, 0.35866478085517883, 0.358438640832901, 0.35828399658203125, 0.3580377697944641, 0.3578486144542694, 0.3576478958129883, 0.3574552536010742, 0.3572409749031067, 0.35699141025543213, 0.3568011224269867, 0.3565872609615326, 0.35634270310401917, 0.35614004731178284, 0.35596874356269836, 0.3557365834712982, 0.35551926493644714, 0.35534390807151794, 0.35515621304512024, 0.35491716861724854, 0.3547205626964569, 0.3544856309890747, 0.35427504777908325, 0.35409870743751526, 0.35390719771385193, 0.35377171635627747, 0.3535490930080414, 0.35339218378067017, 0.3531014621257782, 0.3529180884361267, 0.3527175486087799, 0.35246559977531433, 0.35226404666900635, 0.35204407572746277, 0.35191240906715393, 0.35170891880989075, 0.3514927327632904, 0.3513449728488922, 0.35114017128944397, 0.35089603066444397, 0.35073399543762207, 0.35058319568634033, 0.3503390848636627, 0.35021427273750305, 0.3499812185764313, 0.3497704267501831, 0.34952759742736816, 0.3493300676345825, 0.3491438925266266, 0.3488997519016266, 0.34868815541267395, 0.3484571874141693, 0.34829485416412354, 0.348097562789917, 0.34789371490478516, 0.3477172553539276, 0.34746846556663513, 0.3472549319267273, 0.34710893034935, 0.3468972146511078, 0.3466998338699341, 0.34652477502822876, 0.346280962228775, 0.3461313247680664, 0.34591472148895264, 0.3457106351852417, 0.3454867899417877, 0.34527382254600525, 0.34513354301452637, 0.3449547290802002, 0.344768226146698, 0.34462985396385193, 0.3444466292858124, 0.3442348837852478, 0.34406548738479614, 0.343849778175354, 0.3436400294303894, 0.3435108959674835, 0.343283087015152, 0.3430672883987427, 0.3428860604763031, 0.3427351117134094, 0.3425619900226593, 0.3423742949962616, 0.3421270251274109, 0.34194183349609375, 0.34175410866737366, 0.34159332513809204, 0.3413985073566437, 0.3412223756313324, 0.34104278683662415, 0.3408483564853668, 0.340684711933136, 0.3405005633831024, 0.34027212858200073, 0.3400819003582001, 0.3398735821247101, 0.33963704109191895, 0.3394480049610138, 0.33926090598106384, 0.339104562997818, 0.33889201283454895, 0.3387354016304016, 0.33850204944610596, 0.338312029838562, 0.33812591433525085, 0.33791887760162354, 0.33776378631591797, 0.3375842273235321, 0.3373916745185852, 0.33721402287483215, 0.33693045377731323, 0.3367123007774353, 0.33651337027549744, 0.33632564544677734, 0.33616361021995544, 0.3360115885734558, 0.33581119775772095, 0.33557233214378357, 0.3353787362575531, 0.33521613478660583, 0.33502936363220215, 0.3348177373409271, 0.334574818611145, 0.33445441722869873, 0.3342525064945221, 0.3340824842453003, 0.3338854908943176, 0.3336263597011566, 0.33342820405960083, 0.3331930637359619, 0.3330497443675995, 0.33285823464393616, 0.3326713442802429, 0.3324751555919647, 0.3322775959968567, 0.33214640617370605, 0.33193469047546387, 0.3317333161830902, 0.33151090145111084, 0.33134979009628296, 0.3311590254306793, 0.331022709608078, 0.3308139443397522, 0.3306628167629242, 0.3304237425327301, 0.33023521304130554, 0.3300510048866272, 0.32979851961135864, 0.32956328988075256, 0.3294060230255127, 0.3291991949081421, 0.32897379994392395, 0.32876530289649963, 0.3285585641860962, 0.32840317487716675, 0.3281876742839813, 0.32796651124954224, 0.327792763710022, 0.32756519317626953, 0.32731205224990845, 0.3271661102771759, 0.32693442702293396, 0.3266959488391876, 0.3264785706996918, 0.3262326717376709, 0.3260418176651001, 0.32587528228759766, 0.3256842792034149, 0.3254907727241516, 0.32526537775993347, 0.32507675886154175, 0.3248418867588043, 0.32467007637023926, 0.3244593143463135, 0.32426878809928894, 0.3240729868412018, 0.3238799571990967, 0.32366493344306946, 0.32338592410087585, 0.3231700658798218, 0.3229629397392273, 0.3227881193161011, 0.32256823778152466, 0.32231539487838745, 0.3221147954463959, 0.3219115138053894, 0.32165101170539856, 0.3214355409145355, 0.3211899697780609, 0.3209947645664215, 0.3207695484161377, 0.3205731511116028, 0.3203924596309662, 0.3201042115688324, 0.31979796290397644, 0.319576621055603, 0.3193143606185913, 0.3191222548484802, 0.31892526149749756, 0.3187128007411957, 0.31849807500839233, 0.31828638911247253, 0.31810709834098816, 0.3179093599319458, 0.31767597794532776, 0.3174099028110504, 0.3171183466911316, 0.3169136941432953, 0.3166714906692505, 0.31645119190216064, 0.3162727355957031, 0.31606602668762207, 0.31582146883010864, 0.3155762553215027, 0.3153320848941803, 0.31508877873420715, 0.3148472011089325, 0.31460273265838623, 0.31440648436546326, 0.3141864538192749, 0.314018189907074, 0.3137754499912262, 0.31346529722213745, 0.3131846487522125, 0.31297579407691956, 0.3127875030040741, 0.31252211332321167, 0.31228339672088623, 0.31200554966926575, 0.31165796518325806, 0.31143608689308167, 0.3111611604690552, 0.31091973185539246, 0.31066232919692993, 0.31040817499160767, 0.3101390302181244, 0.30985599756240845, 0.30962279438972473, 0.3093855381011963, 0.3091789186000824, 0.3088967800140381, 0.3086758852005005, 0.30837300419807434, 0.30802956223487854, 0.30778253078460693, 0.30749011039733887, 0.30724892020225525, 0.3069595992565155, 0.3067469596862793, 0.306445837020874, 0.30616486072540283, 0.30588603019714355, 0.30562132596969604, 0.30533769726753235, 0.30508363246917725, 0.30479228496551514, 0.3045456111431122, 0.30424678325653076, 0.30395177006721497, 0.30366888642311096, 0.30344682931900024, 0.303153932094574, 0.3028475046157837, 0.3025379180908203, 0.30230477452278137, 0.30208033323287964, 0.3018536865711212, 0.3016049265861511, 0.3013405501842499, 0.30109092593193054, 0.3008185029029846, 0.30053746700286865, 0.300232857465744, 0.29992255568504333, 0.2996620833873749, 0.2994188070297241, 0.2990584075450897, 0.29884207248687744, 0.298526793718338, 0.2982293665409088, 0.2979702055454254, 0.29766619205474854, 0.2973363399505615, 0.2970479726791382, 0.29674550890922546, 0.2964503765106201, 0.2961413264274597, 0.29584580659866333, 0.29555651545524597, 0.2952807545661926, 0.29495078325271606]",33.0,"[33.0, 33.0, 33.0, 33.0, 33.0, 33.0, 33.0, 33.0, 33.0, 33.0, 33.0, 33.0, 33.0, 33.0, 33.0, 33.0, 33.0, 33.0, 33.0, 33.0, 33.0, 33.0, 33.0, 33.0, 33.0, 33.0, 33.0, 33.0, 33.0, 33.0, 33.0, 33.0, 33.0, 33.0, 33.0, 33.0, 33.0, 33.0, 33.0, 33.0, 33.0, 33.0, 33.0, 33.0, 33.0, 33.0, 33.0, 33.0, 33.0, 33.0, 33.0, 33.0, 33.0, 33.0, 33.0, 33.0, 33.0, 33.0, 33.0, 33.0, 33.0, 33.0, 33.0, 33.0, 33.0, 33.0, 33.0, 33.0, 33.0, 33.0, 33.0, 33.0, 33.0, 33.0, 33.0, 33.0, 33.0, 33.0, 33.0, 33.0, 33.0, 33.0, 33.0, 33.0, 33.0, 33.0, 33.0, 33.0, 33.0, 33.0, 33.0, 33.0, 33.0, 33.0, 33.0, 33.0, 33.0, 33.0, 33.0, 33.0, 33.0, 33.0, 33.0, 33.0, 33.0, 33.0, 33.0, 33.0, 33.0, 33.0, 33.0, 33.0, 33.0, 33.0, 33.0, 33.0, 33.0, 33.0, 33.0, 33.0, 33.0, 33.0, 33.0, 33.0, 33.0, 33.0, 33.0, 33.0, 33.0, 33.0, 33.0, 33.0, 33.0, 33.0, 33.0, 33.0, 33.0, 33.0, 33.0, 33.0, 33.0, 33.0, 33.0, 33.0, 33.0, 33.0, 33.0, 33.0, 33.0, 33.0, 33.0, 33.0, 33.0, 33.0, 33.0, 33.0, 33.0, 33.0, 33.0, 33.0, 33.0, 33.0, 33.0, 33.0, 33.0, 33.0, 33.0, 33.0, 33.0, 33.0, 33.0, 33.0, 33.0, 33.0, 33.0, 33.0, 33.0, 33.0, 33.0, 33.0, 33.0, 33.0, 33.0, 33.0, 33.0, 33.0, 33.0, 33.0, 33.0, 33.0, 33.0, 33.0, 33.0, 33.0, 33.0, 33.0, 33.0, 33.0, 33.0, 33.0, 33.0, 33.0, 33.0, 33.0, 33.0, 33.0, 33.0, 33.0, 33.0, 33.0, 33.0, 33.0, 33.0, 33.0, 33.0, 33.0, 33.0, 33.0, 33.0, 33.0, 33.0, 33.0, 33.0, 33.0, 33.0, 33.0, 33.0, 33.0, 33.0, 33.0, 33.0, 33.0, 33.0, 33.0, 33.0, 33.0, 33.0, 33.0, 33.0, 33.0, 33.0, 33.0, 33.0, 33.0, 33.0, 33.0, 33.0, 33.0, 33.0, 33.0, 33.0, 33.0, 33.0, 33.0, 33.0, 33.0, 33.0, 33.0, 33.0, 33.0, 33.0, 33.0, 33.0, 33.0, 33.0, 33.0, 33.0, 33.0, 33.0, 33.0, 33.0, 33.0, 33.0, 33.0, 33.0, 33.0, 33.0, 33.0, 33.0, 33.0, 33.0, 33.0, 33.0, 33.0, 33.0, 33.0, 33.0, 33.0, 33.0, 33.0, 33.0, 33.0, 33.0, 33.0, 33.0, 33.0, 33.0, 33.0, 33.0, 33.0, 33.0, 33.0, 33.0, 33.0, 33.0, 33.0, 33.0, 33.0, 33.0, 33.0, 33.0, 33.0, 33.0, 33.0, 33.0, 33.0, 33.0, 33.0, 33.0, 33.0, 33.0, 33.0, 33.0, 33.0, 33.0, 33.0, 33.0, 33.0, 33.0, 33.0, 33.0, 33.0, 33.0, 33.0, 33.0, 33.0, 33.0, 33.0, 33.0, 33.0, 33.0, 33.0, 33.0, 33.0, 33.0, 33.0, 33.0, 33.0, 33.0, 33.0, 33.0, 33.0, 33.0, 33.0, 33.0, 33.0, 33.0, 33.0, 33.0, 33.0, 33.0, 33.0, 33.0, 33.0, 33.0, 33.0, 33.0, 33.0, 33.0, 33.0, 33.0, 33.0, 33.0, 33.0, 33.0, 33.0, 33.0, 33.0, 33.0, 33.0, 33.0, 33.0, 33.0, 33.0, 33.0, 33.0, 33.0, 33.0, 33.0, 33.0]",COMPLETE
