,number,value,datetime_start,datetime_complete,duration,params_batch_size_scaler,params_constant_learning_rate,params_depth,params_epochs,params_kernel_l2,params_num_trees,params_temperature,user_attrs_accuracy_test,user_attrs_accuracy_valid,user_attrs_approximate_feature_sparsity,user_attrs_approximate_feature_sparsity_history,user_attrs_approximate_weight_sparsity,user_attrs_approximate_weight_sparsity_history,user_attrs_auc_test,user_attrs_auc_valid,user_attrs_feature_sparsity,user_attrs_feature_sparsity_history,user_attrs_num_epochs,user_attrs_val_loss_history,user_attrs_weight_sparsity,user_attrs_weight_sparsity_history,state
75,75,0.7331736033285672,2024-08-31 03:44:42.229303,2024-08-31 03:48:33.785852,0 days 00:03:51.556549,4,0.017664447315912924,6,175,0.14685103308706987,21,0.0027164823343597522,0.878,0.8725,33,"[33, 33, 33, 33, 33, 33, 33, 33, 33, 33, 33, 33, 33, 33, 33, 33, 33, 33, 33, 33, 33, 33, 33, 33, 33, 33, 33, 33, 33, 33, 33, 33, 33, 33, 33, 33, 33, 33, 33, 33, 33, 33, 33, 33, 33, 33, 33, 33, 33, 33, 33, 33, 33, 33, 33, 33, 33, 33, 33, 33, 33, 33, 33, 33, 33, 33, 33, 33, 33, 33, 33, 33, 33, 33, 33, 33, 33, 33, 33, 33, 33, 33, 33, 33, 33, 33, 33, 33, 33, 33, 33, 33, 33, 33, 33, 33, 33, 33, 33, 33, 33, 33, 33, 33, 33, 33, 33, 33, 33, 33, 33, 33, 33, 33, 33, 33, 33, 33, 33, 33, 33, 33, 33, 33, 33, 33, 33, 33, 33, 33, 33, 33, 33, 33, 33, 33, 33, 33, 33, 33, 33, 33, 33, 33, 33, 33, 33, 33, 33, 33, 33, 33, 33, 33, 33, 33, 33, 33, 33, 33, 33, 33, 33, 33, 33, 33, 33, 33, 33, 33, 33, 33, 33, 33, 33]",32.949357520786094,"[32.94331065759638, 32.94406651549509, 32.93877551020408, 32.936507936507944, 32.9349962207105, 32.94255479969766, 32.93801965230537, 32.94179894179894, 32.93348450491308, 32.93650793650794, 32.94784580498866, 32.94708994708995, 32.94784580498867, 32.949357520786094, 32.94860166288738, 32.94708994708995, 32.95086923658352, 32.94708994708995, 32.94331065759637, 32.945578231292515, 32.94860166288738, 32.953136810279666, 32.945578231292515, 32.94860166288738, 32.94331065759637, 32.9546485260771, 32.95389266817838, 32.95162509448224, 32.94784580498867, 32.9546485260771, 32.95616024187453, 32.95616024187453, 32.95842781557068, 32.953136810279666, 32.95389266817838, 32.952380952380956, 32.95162509448224, 32.95918367346939, 32.95842781557067, 32.956916099773245, 32.949357520786094, 32.941043083900226, 32.94860166288738, 32.950113378684804, 32.952380952380956, 32.95086923658352, 32.945578231292515, 32.95389266817838, 32.95086923658353, 32.94331065759638, 32.94784580498867, 32.945578231292515, 32.950113378684804, 32.945578231292515, 32.94633408919124, 32.94708994708995, 32.94784580498867, 32.94633408919124, 32.94633408919123, 32.94633408919123, 32.94331065759637, 32.949357520786094, 32.94708994708995, 32.94406651549509, 32.944822373393805, 32.94633408919123, 32.95238095238095, 32.95011337868481, 32.94708994708995, 32.949357520786094, 32.95162509448224, 32.95616024187453, 32.95842781557067, 32.95389266817838, 32.949357520786094, 32.95011337868481, 32.950113378684804, 32.95086923658352, 32.952380952380956, 32.94860166288738, 32.94784580498866, 32.95086923658352, 32.95011337868481, 32.95238095238095, 32.94860166288738, 32.95011337868481, 32.94633408919123, 32.944822373393805, 32.94633408919123, 32.949357520786094, 32.94406651549509, 32.941043083900226, 32.9395313681028, 32.941043083900226, 32.93801965230537, 32.94331065759637, 32.94179894179894, 32.94179894179894, 32.94331065759637, 32.944822373393805, 32.941043083900226, 32.940287226001516, 32.945578231292515, 32.944822373393805, 32.94406651549509, 32.94255479969766, 32.94255479969766, 32.94179894179894, 32.94104308390023, 32.94331065759638, 32.949357520786094, 32.950113378684804, 32.95011337868481, 32.95389266817838, 32.95011337868481, 32.94784580498866, 32.95011337868481, 32.94633408919123, 32.949357520786094, 32.95086923658352, 32.95389266817838, 32.9546485260771, 32.95767195767196, 32.956916099773245, 32.95313681027967, 32.95540438397581, 32.95767195767196, 32.95993953136811, 32.95616024187453, 32.95918367346939, 32.96296296296296, 32.96523053665911, 32.96523053665911, 32.96523053665911, 32.964474678760396, 32.964474678760396, 32.96296296296296, 32.96220710506425, 32.96220710506425, 32.957671957671955, 32.95767195767196, 32.95918367346939, 32.961451247165535, 32.956916099773245, 32.95842781557067, 32.964474678760396, 32.95842781557067, 32.95993953136811, 32.95918367346939, 32.956916099773245, 32.95313681027967, 32.95086923658353, 32.949357520786094, 32.95011337868481, 32.95011337868481, 32.95162509448224, 32.95389266817838, 32.95389266817838, 32.95540438397581, 32.953136810279666, 32.952380952380956, 32.95162509448224, 32.9546485260771, 32.952380952380956, 32.95616024187453, 32.95540438397581, 32.95842781557067, 32.95918367346939, 32.95162509448224, 32.95238095238095, 32.95540438397581, 32.95389266817838, 32.94784580498866, 32.949357520786094, 32.949357520786094]",0.7689875246658247,0.7331736033285672,33,"[33, 33, 33, 33, 33, 33, 33, 33, 33, 33, 33, 33, 33, 33, 33, 33, 33, 33, 33, 33, 33, 33, 33, 33, 33, 33, 33, 33, 33, 33, 33, 33, 33, 33, 33, 33, 33, 33, 33, 33, 33, 33, 33, 33, 33, 33, 33, 33, 33, 33, 33, 33, 33, 33, 33, 33, 33, 33, 33, 33, 33, 33, 33, 33, 33, 33, 33, 33, 33, 33, 33, 33, 33, 33, 33, 33, 33, 33, 33, 33, 33, 33, 33, 33, 33, 33, 33, 33, 33, 33, 33, 33, 33, 33, 33, 33, 33, 33, 33, 33, 33, 33, 33, 33, 33, 33, 33, 33, 33, 33, 33, 33, 33, 33, 33, 33, 33, 33, 33, 33, 33, 33, 33, 33, 33, 33, 33, 33, 33, 33, 33, 33, 33, 33, 33, 33, 33, 33, 33, 33, 33, 33, 33, 33, 33, 33, 33, 33, 33, 33, 33, 33, 33, 33, 33, 33, 33, 33, 33, 33, 33, 33, 33, 33, 33, 33, 33, 33, 33, 33, 33, 33, 33, 33, 33]",175,"[0.7034691572189331, 0.6138354539871216, 0.5534205436706543, 0.5120667219161987, 0.4831829369068146, 0.4625268876552582, 0.44741562008857727, 0.4361698627471924, 0.42766717076301575, 0.4211193025112152, 0.41598254442214966, 0.41188040375709534, 0.4085214138031006, 0.4057925343513489, 0.40350642800331116, 0.4015776813030243, 0.39991796016693115, 0.3984698951244354, 0.39719927310943604, 0.39606788754463196, 0.3950577974319458, 0.39413443207740784, 0.3932889997959137, 0.3925098180770874, 0.39178267121315, 0.3911023736000061, 0.3904624879360199, 0.3898581564426422, 0.38928404450416565, 0.38873445987701416, 0.38820821046829224, 0.38770556449890137, 0.3872213363647461, 0.3867564797401428, 0.3863047659397125, 0.3858666718006134, 0.3854462504386902, 0.3850356936454773, 0.3846401274204254, 0.3842523992061615, 0.3838753402233124, 0.38350918889045715, 0.38315218687057495, 0.38280364871025085, 0.3824644982814789, 0.38213053345680237, 0.38180625438690186, 0.38148820400238037, 0.3811783194541931, 0.38087448477745056, 0.38057711720466614, 0.38028469681739807, 0.3799975514411926, 0.3797166049480438, 0.3794406056404114, 0.37916886806488037, 0.3789019286632538, 0.37863993644714355, 0.3783818185329437, 0.3781295418739319, 0.37787967920303345, 0.377633661031723, 0.3773919343948364, 0.37715330719947815, 0.3769185543060303, 0.37668660283088684, 0.3764568269252777, 0.3762310743331909, 0.3760078549385071, 0.37578800320625305, 0.3755686581134796, 0.3753541111946106, 0.3751401901245117, 0.3749295771121979, 0.3747199773788452, 0.37451332807540894, 0.37430721521377563, 0.37410521507263184, 0.3739049434661865, 0.3737037777900696, 0.3735058605670929, 0.3733075261116028, 0.37311336398124695, 0.37292012572288513, 0.37272900342941284, 0.37253937125205994, 0.37234997749328613, 0.37215983867645264, 0.37197181582450867, 0.3717844784259796, 0.3715999126434326, 0.3714154362678528, 0.3712317943572998, 0.37104877829551697, 0.3708682358264923, 0.3706870675086975, 0.37050577998161316, 0.3703274428844452, 0.370148628950119, 0.3699696362018585, 0.3697909414768219, 0.3696131408214569, 0.36943504214286804, 0.3692578375339508, 0.36908257007598877, 0.36890578269958496, 0.36873188614845276, 0.3685579299926758, 0.36838385462760925, 0.368209570646286, 0.36803609132766724, 0.3678625226020813, 0.36768871545791626, 0.36751511693000793, 0.36734145879745483, 0.3671688139438629, 0.366994172334671, 0.3668207824230194, 0.36664730310440063, 0.3664734959602356, 0.366301029920578, 0.3661290109157562, 0.36595749855041504, 0.3657852113246918, 0.3656141757965088, 0.3654399812221527, 0.36526715755462646, 0.36509382724761963, 0.3649211823940277, 0.3647462725639343, 0.3645744025707245, 0.36439988017082214, 0.36422622203826904, 0.3640533685684204, 0.36387893557548523, 0.3637060523033142, 0.36352992057800293, 0.3633556365966797, 0.3631809949874878, 0.3630062937736511, 0.36283040046691895, 0.36265477538108826, 0.3624798655509949, 0.36230430006980896, 0.36212584376335144, 0.36195045709609985, 0.3617726266384125, 0.36159539222717285, 0.3614175021648407, 0.36123961210250854, 0.3610597848892212, 0.3608795404434204, 0.36070042848587036, 0.3605218529701233, 0.3603415787220001, 0.3601635694503784, 0.35998353362083435, 0.3598022758960724, 0.35962018370628357, 0.3594368100166321, 0.3592543303966522, 0.35907018184661865, 0.35888388752937317, 0.3587004840373993, 0.35851413011550903, 0.35832974314689636, 0.35814303159713745, 0.35795459151268005, 0.3577684164047241, 0.35758069157600403, 0.35739269852638245, 0.3572034537792206, 0.3570128381252289, 0.35682213306427, 0.35662949085235596]",33.0,"[33.0, 33.0, 33.0, 33.0, 33.0, 33.0, 33.0, 33.0, 33.0, 33.0, 33.0, 33.0, 33.0, 33.0, 33.0, 33.0, 33.0, 33.0, 33.0, 33.0, 33.0, 33.0, 33.0, 33.0, 33.0, 33.0, 33.0, 33.0, 33.0, 33.0, 33.0, 33.0, 33.0, 33.0, 33.0, 33.0, 33.0, 33.0, 33.0, 33.0, 33.0, 33.0, 33.0, 33.0, 33.0, 33.0, 33.0, 33.0, 33.0, 33.0, 33.0, 33.0, 33.0, 33.0, 33.0, 33.0, 33.0, 33.0, 33.0, 33.0, 33.0, 33.0, 33.0, 33.0, 33.0, 33.0, 33.0, 33.0, 33.0, 33.0, 33.0, 33.0, 33.0, 33.0, 33.0, 33.0, 33.0, 33.0, 33.0, 33.0, 33.0, 33.0, 33.0, 33.0, 33.0, 33.0, 33.0, 33.0, 33.0, 33.0, 33.0, 33.0, 33.0, 33.0, 33.0, 33.0, 33.0, 33.0, 33.0, 33.0, 33.0, 33.0, 33.0, 33.0, 33.0, 33.0, 33.0, 33.0, 33.0, 33.0, 33.0, 33.0, 33.0, 33.0, 33.0, 33.0, 33.0, 33.0, 33.0, 33.0, 33.0, 33.0, 33.0, 33.0, 33.0, 33.0, 33.0, 33.0, 33.0, 33.0, 33.0, 33.0, 33.0, 33.0, 33.0, 33.0, 33.0, 33.0, 33.0, 33.0, 33.0, 33.0, 33.0, 33.0, 33.0, 33.0, 33.0, 33.0, 33.0, 33.0, 33.0, 33.0, 33.0, 33.0, 33.0, 33.0, 33.0, 33.0, 33.0, 33.0, 33.0, 33.0, 33.0, 33.0, 33.0, 33.0, 33.0, 33.0, 33.0, 33.0, 33.0, 33.0, 33.0, 33.0, 33.0]",COMPLETE
76,76,0.5,2024-08-31 03:48:36.542444,2024-08-31 03:56:10.595950,0 days 00:07:34.053506,16,0.8383995524328003,6,300,0.00267454000383855,87,0.034461899357066075,0.859,0.85875,0,"[33, 0, 0, 0, 0, 0, 0, 0, 0, 0, 0, 0, 0, 0, 0, 0, 0, 0, 0, 0, 0, 0, 0, 0, 0, 0, 0, 0, 0, 0, 0, 0, 0, 0, 0, 0, 0, 0, 0, 0, 0, 0, 0, 0, 0, 0, 0, 0, 0, 0, 0, 0, 0, 0, 0, 0, 0, 0, 0, 0, 0, 0, 0, 0, 0, 0, 0, 0, 0, 0, 0, 0, 0, 0, 0, 0, 0, 0, 0, 0, 0, 0, 0, 0, 0, 0, 0, 0, 0, 0, 0, 0, 0, 0, 0, 0, 0, 0, 0, 0, 0, 0, 0, 0, 0, 0, 0, 0, 0, 0, 0, 0, 0, 0, 0, 0, 0, 0, 0, 0, 0, 0, 0, 0, 0, 0, 0, 0, 0, 0, 0, 0, 0, 0, 0, 0, 0, 0, 0, 0, 0, 0, 0, 0, 0, 0, 0, 0, 0, 0, 0, 0, 0, 0, 0, 0, 0, 0, 0, 0, 0, 0, 0, 0, 0, 0, 0, 0, 0, 0, 0, 0, 0, 0, 0, 0, 0, 0, 0, 0, 0, 0, 0, 0, 0, 0, 0, 0, 0, 0, 0, 0, 0, 0, 0, 0, 0, 0, 0, 0, 0, 0, 0, 0, 0, 0, 0, 0, 0, 0, 0, 0, 0, 0, 0, 0, 0, 0, 0, 0, 0, 0, 0, 0, 0, 0, 0, 0, 0, 0, 0, 0, 0, 0, 0, 0, 0, 0, 0, 0, 0, 0, 0, 0, 0, 0, 0, 0, 0, 0, 0, 0, 0, 0, 0, 0, 0, 0, 0, 0, 0, 0, 0, 0, 0, 0, 0, 0, 0, 0, 0, 0, 0, 0, 0, 0, 0, 0, 0, 0, 0, 0, 0, 0, 0, 0, 0, 0, 0, 0, 0, 0, 0, 0, 0, 0, 0, 0, 0, 0]",0.0,"[32.90713373471994, 0.0, 0.0, 0.0, 0.0, 0.0, 0.0, 0.0, 0.0, 0.0, 0.0, 0.0, 0.0, 0.0, 0.0, 0.0, 0.0, 0.0, 0.0, 0.0, 0.0, 0.0, 0.0, 0.0, 0.0, 0.0, 0.0, 0.0, 0.0, 0.0, 0.0, 0.0, 0.0, 0.0, 0.0, 0.0, 0.0, 0.0, 0.0, 0.0, 0.0, 0.0, 0.0, 0.0, 0.0, 0.0, 0.0, 0.0, 0.0, 0.0, 0.0, 0.0, 0.0, 0.0, 0.0, 0.0, 0.0, 0.0, 0.0, 0.0, 0.0, 0.0, 0.0, 0.0, 0.0, 0.0, 0.0, 0.0, 0.0, 0.0, 0.0, 0.0, 0.0, 0.0, 0.0, 0.0, 0.0, 0.0, 0.0, 0.0, 0.0, 0.0, 0.0, 0.0, 0.0, 0.0, 0.0, 0.0, 0.0, 0.0, 0.0, 0.0, 0.0, 0.0, 0.0, 0.0, 0.0, 0.0, 0.0, 0.0, 0.0, 0.0, 0.0, 0.0, 0.0, 0.0, 0.0, 0.0, 0.0, 0.0, 0.0, 0.0, 0.0, 0.0, 0.0, 0.0, 0.0, 0.0, 0.0, 0.0, 0.0, 0.0, 0.0, 0.0, 0.0, 0.0, 0.0, 0.0, 0.0, 0.0, 0.0, 0.0, 0.0, 0.0, 0.0, 0.0, 0.0, 0.0, 0.0, 0.0, 0.0, 0.0, 0.0, 0.0, 0.0, 0.0, 0.0, 0.0, 0.0, 0.0, 0.0, 0.0, 0.0, 0.0, 0.0, 0.0, 0.0, 0.0, 0.0, 0.0, 0.0, 0.0, 0.0, 0.0, 0.0, 0.0, 0.0, 0.0, 0.0, 0.0, 0.0, 0.0, 0.0, 0.0, 0.0, 0.0, 0.0, 0.0, 0.0, 0.0, 0.0, 0.0, 0.0, 0.0, 0.0, 0.0, 0.0, 0.0, 0.0, 0.0, 0.0, 0.0, 0.0, 0.0, 0.0, 0.0, 0.0, 0.0, 0.0, 0.0, 0.0, 0.0, 0.0, 0.0, 0.0, 0.0, 0.0, 0.0, 0.0, 0.0, 0.0, 0.0, 0.0, 0.0, 0.0, 0.0, 0.0, 0.0, 0.0, 0.0, 0.0, 0.0, 0.0, 0.0, 0.0, 0.0, 0.0, 0.0, 0.0, 0.0, 0.0, 0.0, 0.0, 0.0, 0.0, 0.0, 0.0, 0.0, 0.0, 0.0, 0.0, 0.0, 0.0, 0.0, 0.0, 0.0, 0.0, 0.0, 0.0, 0.0, 0.0, 0.0, 0.0, 0.0, 0.0, 0.0, 0.0, 0.0, 0.0, 0.0, 0.0, 0.0, 0.0, 0.0, 0.0, 0.0, 0.0, 0.0, 0.0, 0.0, 0.0, 0.0, 0.0, 0.0, 0.0, 0.0, 0.0, 0.0, 0.0, 0.0, 0.0, 0.0, 0.0, 0.0, 0.0, 0.0, 0.0, 0.0, 0.0, 0.0, 0.0, 0.0, 0.0, 0.0, 0.0, 0.0, 0.0, 0.0, 0.0, 0.0]",0.5,0.5,0,"[33, 0, 0, 0, 0, 0, 0, 0, 0, 0, 0, 0, 0, 0, 0, 0, 0, 0, 0, 0, 0, 0, 0, 0, 0, 0, 0, 0, 0, 0, 0, 0, 0, 0, 0, 0, 0, 0, 0, 0, 0, 0, 0, 0, 0, 0, 0, 0, 0, 0, 0, 0, 0, 0, 0, 0, 0, 0, 0, 0, 0, 0, 0, 0, 0, 0, 0, 0, 0, 0, 0, 0, 0, 0, 0, 0, 0, 0, 0, 0, 0, 0, 0, 0, 0, 0, 0, 0, 0, 0, 0, 0, 0, 0, 0, 0, 0, 0, 0, 0, 0, 0, 0, 0, 0, 0, 0, 0, 0, 0, 0, 0, 0, 0, 0, 0, 0, 0, 0, 0, 0, 0, 0, 0, 0, 0, 0, 0, 0, 0, 0, 0, 0, 0, 0, 0, 0, 0, 0, 0, 0, 0, 0, 0, 0, 0, 0, 0, 0, 0, 0, 0, 0, 0, 0, 0, 0, 0, 0, 0, 0, 0, 0, 0, 0, 0, 0, 0, 0, 0, 0, 0, 0, 0, 0, 0, 0, 0, 0, 0, 0, 0, 0, 0, 0, 0, 0, 0, 0, 0, 0, 0, 0, 0, 0, 0, 0, 0, 0, 0, 0, 0, 0, 0, 0, 0, 0, 0, 0, 0, 0, 0, 0, 0, 0, 0, 0, 0, 0, 0, 0, 0, 0, 0, 0, 0, 0, 0, 0, 0, 0, 0, 0, 0, 0, 0, 0, 0, 0, 0, 0, 0, 0, 0, 0, 0, 0, 0, 0, 0, 0, 0, 0, 0, 0, 0, 0, 0, 0, 0, 0, 0, 0, 0, 0, 0, 0, 0, 0, 0, 0, 0, 0, 0, 0, 0, 0, 0, 0, 0, 0, 0, 0, 0, 0, 0, 0, 0, 0, 0, 0, 0, 0, 0, 0, 0, 0, 0, 0, 0]",300,"[0.39413344860076904, 0.40725788474082947, 0.40722620487213135, 0.40722835063934326, 0.4078759253025055, 0.4072797894477844, 0.40740200877189636, 0.407279372215271, 0.407245934009552, 0.40781673789024353, 0.4073261618614197, 0.40743938088417053, 0.4072682857513428, 0.40724000334739685, 0.4072307348251343, 0.40722641348838806, 0.40741604566574097, 0.40723007917404175, 0.4078509509563446, 0.4075276553630829, 0.40859153866767883, 0.4076550602912903, 0.4081473648548126, 0.4090830087661743, 0.40723955631256104, 0.4072279632091522, 0.40722790360450745, 0.40813401341438293, 0.4072325527667999, 0.4076097905635834, 0.40726447105407715, 0.40725433826446533, 0.4073532819747925, 0.4079151153564453, 0.4074558913707733, 0.4073220491409302, 0.4075569808483124, 0.40726619958877563, 0.4077959358692169, 0.4072837829589844, 0.407333105802536, 0.40731295943260193, 0.4077422022819519, 0.4072544574737549, 0.40722981095314026, 0.407306432723999, 0.40725377202033997, 0.40871962904930115, 0.4073945879936218, 0.40723755955696106, 0.40722817182540894, 0.40728119015693665, 0.4080589711666107, 0.4073801040649414, 0.407469779253006, 0.4073660969734192, 0.407228022813797, 0.40743568539619446, 0.4074019491672516, 0.4072342813014984, 0.4072798490524292, 0.4084491729736328, 0.40727555751800537, 0.4072701930999756, 0.4078540802001953, 0.4078291952610016, 0.40763846039772034, 0.40722641348838806, 0.4072505235671997, 0.4078490436077118, 0.40725067257881165, 0.40726760029792786, 0.4078945219516754, 0.4078753590583801, 0.4076884388923645, 0.4077650308609009, 0.4073799252510071, 0.4072609841823578, 0.4072321951389313, 0.40888911485671997, 0.407247930765152, 0.4078174829483032, 0.4072411358356476, 0.40730559825897217, 0.4073416590690613, 0.4087603688240051, 0.40730050206184387, 0.4077162444591522, 0.40741097927093506, 0.4083009958267212, 0.40722885727882385, 0.4072554409503937, 0.40830814838409424, 0.4078594446182251, 0.4075898230075836, 0.40744876861572266, 0.40909820795059204, 0.4072391986846924, 0.40752270817756653, 0.4081069231033325, 0.4072875678539276, 0.4073524475097656, 0.4074572026729584, 0.4073026776313782, 0.4072261154651642, 0.4072716534137726, 0.4072764217853546, 0.40796536207199097, 0.4072374999523163, 0.40722617506980896, 0.40746524930000305, 0.40727728605270386, 0.4074207544326782, 0.4073133170604706, 0.407699853181839, 0.4073837399482727, 0.40743404626846313, 0.40724700689315796, 0.40725037455558777, 0.4075765609741211, 0.40724408626556396, 0.40737542510032654, 0.40748459100723267, 0.4075137972831726, 0.4072324335575104, 0.4072726368904114, 0.4087833762168884, 0.40816542506217957, 0.40753376483917236, 0.4076075255870819, 0.4072524905204773, 0.40724122524261475, 0.4079824686050415, 0.407431960105896, 0.4072272777557373, 0.40726006031036377, 0.4076230227947235, 0.40735000371932983, 0.40723365545272827, 0.40730205178260803, 0.40770527720451355, 0.4073511064052582, 0.4076136350631714, 0.4074743986129761, 0.4072294235229492, 0.4072604477405548, 0.40810003876686096, 0.4073355793952942, 0.40724432468414307, 0.407235711812973, 0.40864649415016174, 0.40722891688346863, 0.40871119499206543, 0.4072415232658386, 0.40725016593933105, 0.4080272614955902, 0.4079459011554718, 0.4088315963745117, 0.40724074840545654, 0.4073423743247986, 0.4073931872844696, 0.4072328507900238, 0.40725842118263245, 0.4072486460208893, 0.4072349965572357, 0.40734899044036865, 0.40769675374031067, 0.40725943446159363, 0.40733233094215393, 0.40724608302116394, 0.4074464440345764, 0.4073353111743927, 0.4073971211910248, 0.4072262644767761, 0.40903177857398987, 0.4082306921482086, 0.40727248787879944, 0.4073091149330139, 0.4074774980545044, 0.4079779088497162, 0.4083292484283447, 0.4098242521286011, 0.40770867466926575, 0.40738192200660706, 0.40737462043762207, 0.407257616519928, 0.4073667526245117, 0.4072989225387573, 0.40739190578460693, 0.4073083996772766, 0.4073654115200043, 0.40735939145088196, 0.4072474241256714, 0.40749791264533997, 0.40728503465652466, 0.40746617317199707, 0.4091342091560364, 0.4074956476688385, 0.4072751998901367, 0.4077117145061493, 0.407235711812973, 0.4086376428604126, 0.4072335362434387, 0.407767117023468, 0.4073749780654907, 0.40744054317474365, 0.40740200877189636, 0.40742596983909607, 0.4072331488132477, 0.40778976678848267, 0.40750545263290405, 0.4074375629425049, 0.40760746598243713, 0.407279372215271, 0.40746456384658813, 0.40735581517219543, 0.4072282910346985, 0.407240092754364, 0.40733376145362854, 0.4074321389198303, 0.40741807222366333, 0.4090113043785095, 0.4076821804046631, 0.4072977304458618, 0.407405823469162, 0.4087739586830139, 0.40748831629753113, 0.4074985086917877, 0.4072563648223877, 0.4074418544769287, 0.40722721815109253, 0.4074176549911499, 0.4074018597602844, 0.40723374485969543, 0.40723717212677, 0.40728524327278137, 0.40724319219589233, 0.4073842167854309, 0.4072272777557373, 0.4075257480144501, 0.40735745429992676, 0.40727660059928894, 0.4082772731781006, 0.40727344155311584, 0.40782830119132996, 0.40759602189064026, 0.40736502408981323, 0.4073658883571625, 0.4072858393192291, 0.4074039161205292, 0.40763360261917114, 0.4072825610637665, 0.4072284400463104, 0.40759533643722534, 0.4072728455066681, 0.4072868824005127, 0.40731319785118103, 0.40742000937461853, 0.40747466683387756, 0.4072800576686859, 0.4074481725692749, 0.4081381559371948, 0.40737056732177734, 0.40722930431365967, 0.40791794657707214, 0.40723681449890137, 0.40914976596832275, 0.4072962999343872, 0.4084247946739197, 0.4072267413139343, 0.407248318195343, 0.40724363923072815, 0.4072273373603821, 0.40734267234802246, 0.4072420597076416, 0.40749591588974, 0.4072285592556, 0.40723568201065063, 0.4080362319946289, 0.4072261452674866, 0.4072282314300537, 0.40765297412872314, 0.40728721022605896, 0.40725111961364746, 0.4077059030532837, 0.4072454571723938, 0.4072464108467102, 0.40726903080940247, 0.4072365462779999, 0.4073311984539032, 0.4072425961494446, 0.41162148118019104, 0.40732112526893616, 0.4072520434856415, 0.40724414587020874, 0.4072924852371216, 0.4080248773097992, 0.4073359966278076, 0.40756943821907043, 0.40781405568122864]",0.0,"[33.0, 0.0, 0.0, 0.0, 0.0, 0.0, 0.0, 0.0, 0.0, 0.0, 0.0, 0.0, 0.0, 0.0, 0.0, 0.0, 0.0, 0.0, 0.0, 0.0, 0.0, 0.0, 0.0, 0.0, 0.0, 0.0, 0.0, 0.0, 0.0, 0.0, 0.0, 0.0, 0.0, 0.0, 0.0, 0.0, 0.0, 0.0, 0.0, 0.0, 0.0, 0.0, 0.0, 0.0, 0.0, 0.0, 0.0, 0.0, 0.0, 0.0, 0.0, 0.0, 0.0, 0.0, 0.0, 0.0, 0.0, 0.0, 0.0, 0.0, 0.0, 0.0, 0.0, 0.0, 0.0, 0.0, 0.0, 0.0, 0.0, 0.0, 0.0, 0.0, 0.0, 0.0, 0.0, 0.0, 0.0, 0.0, 0.0, 0.0, 0.0, 0.0, 0.0, 0.0, 0.0, 0.0, 0.0, 0.0, 0.0, 0.0, 0.0, 0.0, 0.0, 0.0, 0.0, 0.0, 0.0, 0.0, 0.0, 0.0, 0.0, 0.0, 0.0, 0.0, 0.0, 0.0, 0.0, 0.0, 0.0, 0.0, 0.0, 0.0, 0.0, 0.0, 0.0, 0.0, 0.0, 0.0, 0.0, 0.0, 0.0, 0.0, 0.0, 0.0, 0.0, 0.0, 0.0, 0.0, 0.0, 0.0, 0.0, 0.0, 0.0, 0.0, 0.0, 0.0, 0.0, 0.0, 0.0, 0.0, 0.0, 0.0, 0.0, 0.0, 0.0, 0.0, 0.0, 0.0, 0.0, 0.0, 0.0, 0.0, 0.0, 0.0, 0.0, 0.0, 0.0, 0.0, 0.0, 0.0, 0.0, 0.0, 0.0, 0.0, 0.0, 0.0, 0.0, 0.0, 0.0, 0.0, 0.0, 0.0, 0.0, 0.0, 0.0, 0.0, 0.0, 0.0, 0.0, 0.0, 0.0, 0.0, 0.0, 0.0, 0.0, 0.0, 0.0, 0.0, 0.0, 0.0, 0.0, 0.0, 0.0, 0.0, 0.0, 0.0, 0.0, 0.0, 0.0, 0.0, 0.0, 0.0, 0.0, 0.0, 0.0, 0.0, 0.0, 0.0, 0.0, 0.0, 0.0, 0.0, 0.0, 0.0, 0.0, 0.0, 0.0, 0.0, 0.0, 0.0, 0.0, 0.0, 0.0, 0.0, 0.0, 0.0, 0.0, 0.0, 0.0, 0.0, 0.0, 0.0, 0.0, 0.0, 0.0, 0.0, 0.0, 0.0, 0.0, 0.0, 0.0, 0.0, 0.0, 0.0, 0.0, 0.0, 0.0, 0.0, 0.0, 0.0, 0.0, 0.0, 0.0, 0.0, 0.0, 0.0, 0.0, 0.0, 0.0, 0.0, 0.0, 0.0, 0.0, 0.0, 0.0, 0.0, 0.0, 0.0, 0.0, 0.0, 0.0, 0.0, 0.0, 0.0, 0.0, 0.0, 0.0, 0.0, 0.0, 0.0, 0.0, 0.0, 0.0, 0.0, 0.0, 0.0, 0.0, 0.0, 0.0, 0.0, 0.0, 0.0, 0.0, 0.0, 0.0, 0.0, 0.0, 0.0, 0.0, 0.0]",COMPLETE
