,number,value,datetime_start,datetime_complete,duration,params_batch_size_scaler,params_constant_learning_rate,params_depth,params_epochs,params_kernel_l2,params_num_trees,params_temperature,user_attrs_accuracy_test,user_attrs_accuracy_valid,user_attrs_approximate_feature_sparsity,user_attrs_approximate_feature_sparsity_history,user_attrs_approximate_weight_sparsity,user_attrs_approximate_weight_sparsity_history,user_attrs_auc_test,user_attrs_auc_valid,user_attrs_feature_sparsity,user_attrs_feature_sparsity_history,user_attrs_num_epochs,user_attrs_val_loss_history,user_attrs_weight_sparsity,user_attrs_weight_sparsity_history,state
108,108,0.5,2024-08-31 05:18:01.867233,2024-08-31 05:20:28.983147,0 days 00:02:27.115914,16,0.7087547682182985,2,490,0.09333121918882775,97,0.03144972159279887,0.859,0.85875,0,"[33, 0, 0, 0, 0, 0, 0, 0, 0, 0, 0, 0, 0, 0, 0, 0, 0, 0, 0, 0, 0, 0, 0, 0, 0, 0, 0, 0, 0, 0, 0, 0, 0, 0, 0, 0, 0, 0, 0, 0, 0, 0, 0, 0, 0, 0, 0, 0, 0, 0, 0, 0, 0, 0, 0, 0, 0, 0, 0, 0, 0, 0, 0, 0, 0, 0, 0, 0, 0, 0, 0, 0, 0, 0, 0, 0, 0, 0, 0, 0, 0, 0, 0, 0, 0, 0, 0, 0, 0, 0, 0, 0, 0, 0, 0, 0, 0, 0, 0, 0, 0, 0, 0, 0, 0, 0, 0, 0, 0, 0, 0, 0, 0, 0, 0, 0, 0, 0, 0, 0, 0, 0, 0, 0, 0, 0, 0, 0, 0, 0, 0, 0, 0, 0, 0, 0, 0, 0, 0, 0, 0, 0, 0, 0, 0, 0, 0, 0, 0, 0, 0, 0, 0, 0, 0, 0, 0, 0, 0, 0, 0, 0, 0, 0, 0, 0, 0, 0, 0, 0, 0, 0, 0, 0, 0, 0, 0, 0, 0, 0, 0, 0, 0, 0, 0, 0, 0, 0, 0, 0, 0, 0, 0, 0, 0, 0, 0, 0, 0, 0, 0, 0, 0, 0, 0, 0, 0, 0, 0, 0, 0, 0, 0, 0, 0, 0, 0, 0, 0, 0, 0, 0, 0, 0, 0, 0, 0, 0, 0, 0, 0, 0, 0, 0, 0, 0, 0, 0, 0, 0, 0, 0, 0, 0, 0, 0, 0, 0, 0, 0, 0, 0, 0, 0, 0, 0, 0, 0, 0, 0, 0, 0, 0, 0, 0, 0, 0, 0, 0, 0, 0, 0, 0, 0, 0, 0, 0, 0, 0, 0, 0, 0, 0, 0, 0, 0, 0, 0, 0, 0, 0, 0, 0, 0, 0, 0, 0, 0, 0, 0, 0, 0, 0, 0, 0, 0, 0, 0, 0, 0, 0, 0, 0, 0, 0, 0, 0, 0, 0, 0, 0, 0, 0, 0, 0, 0, 0, 0, 0, 0, 0, 0, 0, 0, 0, 0, 0, 0, 0, 0, 0, 0, 0, 0, 0, 0, 0, 0, 0, 0, 0, 0, 0, 0, 0, 0, 0, 0, 0, 0, 0, 0, 0, 0, 0, 0, 0, 0, 0, 0, 0, 0, 0, 0, 0, 0, 0, 0, 0, 0, 0, 0, 0, 0, 0, 0, 0, 0, 0, 0, 0, 0, 0, 0, 0, 0, 0, 0, 0, 0, 0, 0, 0, 0, 0, 0, 0, 0, 0, 0, 0, 0, 0, 0, 0, 0, 0, 0, 0, 0, 0, 0, 0, 0, 0, 0, 0, 0, 0, 0, 0, 0, 0, 0, 0, 0, 0, 0, 0, 0, 0, 0, 0, 0, 0, 0, 0, 0, 0, 0, 0, 0, 0, 0, 0, 0, 0, 0, 0, 0, 0, 0, 0, 0, 0, 0, 0, 0, 0, 0, 0, 0, 0, 0, 0, 0, 0, 0, 0, 0, 0, 0, 0, 0, 0, 0, 0, 0, 0, 0]",0.0,"[32.97250859106529, 0.0, 0.0, 0.0, 0.0, 0.0, 0.0, 0.0, 0.0, 0.0, 0.0, 0.0, 0.0, 0.0, 0.0, 0.0, 0.0, 0.0, 0.0, 0.0, 0.0, 0.0, 0.0, 0.0, 0.0, 0.0, 0.0, 0.0, 0.0, 0.0, 0.0, 0.0, 0.0, 0.0, 0.0, 0.0, 0.0, 0.0, 0.0, 0.0, 0.0, 0.0, 0.0, 0.0, 0.0, 0.0, 0.0, 0.0, 0.0, 0.0, 0.0, 0.0, 0.0, 0.0, 0.0, 0.0, 0.0, 0.0, 0.0, 0.0, 0.0, 0.0, 0.0, 0.0, 0.0, 0.0, 0.0, 0.0, 0.0, 0.0, 0.0, 0.0, 0.0, 0.0, 0.0, 0.0, 0.0, 0.0, 0.0, 0.0, 0.0, 0.0, 0.0, 0.0, 0.0, 0.0, 0.0, 0.0, 0.0, 0.0, 0.0, 0.0, 0.0, 0.0, 0.0, 0.0, 0.0, 0.0, 0.0, 0.0, 0.0, 0.0, 0.0, 0.0, 0.0, 0.0, 0.0, 0.0, 0.0, 0.0, 0.0, 0.0, 0.0, 0.0, 0.0, 0.0, 0.0, 0.0, 0.0, 0.0, 0.0, 0.0, 0.0, 0.0, 0.0, 0.0, 0.0, 0.0, 0.0, 0.0, 0.0, 0.0, 0.0, 0.0, 0.0, 0.0, 0.0, 0.0, 0.0, 0.0, 0.0, 0.0, 0.0, 0.0, 0.0, 0.0, 0.0, 0.0, 0.0, 0.0, 0.0, 0.0, 0.0, 0.0, 0.0, 0.0, 0.0, 0.0, 0.0, 0.0, 0.0, 0.0, 0.0, 0.0, 0.0, 0.0, 0.0, 0.0, 0.0, 0.0, 0.0, 0.0, 0.0, 0.0, 0.0, 0.0, 0.0, 0.0, 0.0, 0.0, 0.0, 0.0, 0.0, 0.0, 0.0, 0.0, 0.0, 0.0, 0.0, 0.0, 0.0, 0.0, 0.0, 0.0, 0.0, 0.0, 0.0, 0.0, 0.0, 0.0, 0.0, 0.0, 0.0, 0.0, 0.0, 0.0, 0.0, 0.0, 0.0, 0.0, 0.0, 0.0, 0.0, 0.0, 0.0, 0.0, 0.0, 0.0, 0.0, 0.0, 0.0, 0.0, 0.0, 0.0, 0.0, 0.0, 0.0, 0.0, 0.0, 0.0, 0.0, 0.0, 0.0, 0.0, 0.0, 0.0, 0.0, 0.0, 0.0, 0.0, 0.0, 0.0, 0.0, 0.0, 0.0, 0.0, 0.0, 0.0, 0.0, 0.0, 0.0, 0.0, 0.0, 0.0, 0.0, 0.0, 0.0, 0.0, 0.0, 0.0, 0.0, 0.0, 0.0, 0.0, 0.0, 0.0, 0.0, 0.0, 0.0, 0.0, 0.0, 0.0, 0.0, 0.0, 0.0, 0.0, 0.0, 0.0, 0.0, 0.0, 0.0, 0.0, 0.0, 0.0, 0.0, 0.0, 0.0, 0.0, 0.0, 0.0, 0.0, 0.0, 0.0, 0.0, 0.0, 0.0, 0.0, 0.0, 0.0, 0.0, 0.0, 0.0, 0.0, 0.0, 0.0, 0.0, 0.0, 0.0, 0.0, 0.0, 0.0, 0.0, 0.0, 0.0, 0.0, 0.0, 0.0, 0.0, 0.0, 0.0, 0.0, 0.0, 0.0, 0.0, 0.0, 0.0, 0.0, 0.0, 0.0, 0.0, 0.0, 0.0, 0.0, 0.0, 0.0, 0.0, 0.0, 0.0, 0.0, 0.0, 0.0, 0.0, 0.0, 0.0, 0.0, 0.0, 0.0, 0.0, 0.0, 0.0, 0.0, 0.0, 0.0, 0.0, 0.0, 0.0, 0.0, 0.0, 0.0, 0.0, 0.0, 0.0, 0.0, 0.0, 0.0, 0.0, 0.0, 0.0, 0.0, 0.0, 0.0, 0.0, 0.0, 0.0, 0.0, 0.0, 0.0, 0.0, 0.0, 0.0, 0.0, 0.0, 0.0, 0.0, 0.0, 0.0, 0.0, 0.0, 0.0, 0.0, 0.0, 0.0, 0.0, 0.0, 0.0, 0.0, 0.0, 0.0, 0.0, 0.0, 0.0, 0.0, 0.0, 0.0, 0.0, 0.0, 0.0, 0.0, 0.0, 0.0, 0.0, 0.0, 0.0, 0.0, 0.0, 0.0, 0.0, 0.0, 0.0, 0.0, 0.0, 0.0, 0.0, 0.0, 0.0, 0.0, 0.0, 0.0, 0.0, 0.0, 0.0, 0.0, 0.0, 0.0, 0.0, 0.0, 0.0, 0.0, 0.0, 0.0, 0.0, 0.0, 0.0, 0.0, 0.0, 0.0, 0.0, 0.0, 0.0, 0.0, 0.0, 0.0, 0.0, 0.0, 0.0, 0.0, 0.0, 0.0, 0.0, 0.0, 0.0, 0.0, 0.0, 0.0, 0.0, 0.0, 0.0, 0.0, 0.0, 0.0, 0.0, 0.0, 0.0, 0.0, 0.0, 0.0, 0.0, 0.0, 0.0, 0.0, 0.0, 0.0, 0.0, 0.0, 0.0, 0.0, 0.0, 0.0, 0.0, 0.0]",0.5,0.5,0,"[33, 0, 0, 0, 0, 0, 0, 0, 0, 0, 0, 0, 0, 0, 0, 0, 0, 0, 0, 0, 0, 0, 0, 0, 0, 0, 0, 0, 0, 0, 0, 0, 0, 0, 0, 0, 0, 0, 0, 0, 0, 0, 0, 0, 0, 0, 0, 0, 0, 0, 0, 0, 0, 0, 0, 0, 0, 0, 0, 0, 0, 0, 0, 0, 0, 0, 0, 0, 0, 0, 0, 0, 0, 0, 0, 0, 0, 0, 0, 0, 0, 0, 0, 0, 0, 0, 0, 0, 0, 0, 0, 0, 0, 0, 0, 0, 0, 0, 0, 0, 0, 0, 0, 0, 0, 0, 0, 0, 0, 0, 0, 0, 0, 0, 0, 0, 0, 0, 0, 0, 0, 0, 0, 0, 0, 0, 0, 0, 0, 0, 0, 0, 0, 0, 0, 0, 0, 0, 0, 0, 0, 0, 0, 0, 0, 0, 0, 0, 0, 0, 0, 0, 0, 0, 0, 0, 0, 0, 0, 0, 0, 0, 0, 0, 0, 0, 0, 0, 0, 0, 0, 0, 0, 0, 0, 0, 0, 0, 0, 0, 0, 0, 0, 0, 0, 0, 0, 0, 0, 0, 0, 0, 0, 0, 0, 0, 0, 0, 0, 0, 0, 0, 0, 0, 0, 0, 0, 0, 0, 0, 0, 0, 0, 0, 0, 0, 0, 0, 0, 0, 0, 0, 0, 0, 0, 0, 0, 0, 0, 0, 0, 0, 0, 0, 0, 0, 0, 0, 0, 0, 0, 0, 0, 0, 0, 0, 0, 0, 0, 0, 0, 0, 0, 0, 0, 0, 0, 0, 0, 0, 0, 0, 0, 0, 0, 0, 0, 0, 0, 0, 0, 0, 0, 0, 0, 0, 0, 0, 0, 0, 0, 0, 0, 0, 0, 0, 0, 0, 0, 0, 0, 0, 0, 0, 0, 0, 0, 0, 0, 0, 0, 0, 0, 0, 0, 0, 0, 0, 0, 0, 0, 0, 0, 0, 0, 0, 0, 0, 0, 0, 0, 0, 0, 0, 0, 0, 0, 0, 0, 0, 0, 0, 0, 0, 0, 0, 0, 0, 0, 0, 0, 0, 0, 0, 0, 0, 0, 0, 0, 0, 0, 0, 0, 0, 0, 0, 0, 0, 0, 0, 0, 0, 0, 0, 0, 0, 0, 0, 0, 0, 0, 0, 0, 0, 0, 0, 0, 0, 0, 0, 0, 0, 0, 0, 0, 0, 0, 0, 0, 0, 0, 0, 0, 0, 0, 0, 0, 0, 0, 0, 0, 0, 0, 0, 0, 0, 0, 0, 0, 0, 0, 0, 0, 0, 0, 0, 0, 0, 0, 0, 0, 0, 0, 0, 0, 0, 0, 0, 0, 0, 0, 0, 0, 0, 0, 0, 0, 0, 0, 0, 0, 0, 0, 0, 0, 0, 0, 0, 0, 0, 0, 0, 0, 0, 0, 0, 0, 0, 0, 0, 0, 0, 0, 0, 0, 0, 0, 0, 0, 0, 0, 0, 0, 0, 0, 0, 0, 0, 0, 0, 0, 0, 0, 0, 0, 0, 0, 0, 0, 0]",490,"[0.7024084329605103, 2.1759727001190186, 0.5731321573257446, 0.4213540256023407, 0.9263014793395996, 0.5324712991714478, 0.5306806564331055, 0.5550941824913025, 0.55657559633255, 1.8266801834106445, 1.6514430046081543, 2.148789405822754, 0.7587101459503174, 2.334451913833618, 1.259408712387085, 0.7688942551612854, 1.9497947692871094, 2.1365244388580322, 0.5945665240287781, 1.0459603071212769, 1.6385018825531006, 2.4299890995025635, 0.45899736881256104, 1.304490089416504, 0.9223423004150391, 0.80649733543396, 0.6260083913803101, 0.7129029631614685, 0.551510751247406, 1.4649640321731567, 1.2048901319503784, 1.284871220588684, 0.4537288546562195, 1.7931740283966064, 0.45645609498023987, 0.4140254557132721, 0.5980658531188965, 0.48400700092315674, 1.5257611274719238, 1.2181637287139893, 0.6099367141723633, 0.7021307349205017, 0.8776277303695679, 2.020958185195923, 1.5030317306518555, 0.9201909899711609, 0.43520480394363403, 1.0578700304031372, 0.44236138463020325, 0.4728843569755554, 0.6084983348846436, 0.40800800919532776, 0.42460906505584717, 0.4496631324291229, 1.2866805791854858, 0.41842254996299744, 0.40961194038391113, 0.5246782898902893, 1.7329944372177124, 0.8350545763969421, 1.406453251838684, 1.3181970119476318, 0.8291096687316895, 0.42916789650917053, 2.4827473163604736, 0.7959375977516174, 1.8045507669448853, 0.6337226629257202, 0.44975224137306213, 0.7536609172821045, 3.2912650108337402, 1.8319091796875, 2.1849732398986816, 0.8087637424468994, 1.6491897106170654, 1.6619787216186523, 0.4240598678588867, 2.2330586910247803, 0.46008849143981934, 0.433556467294693, 1.5522898435592651, 0.5506830811500549, 1.8255374431610107, 0.4369238615036011, 0.4122083783149719, 1.4188235998153687, 2.2212975025177, 0.7309463024139404, 0.4287944436073303, 0.6774309277534485, 1.6666640043258667, 2.6708824634552, 0.8651354908943176, 1.2430263757705688, 0.4417019188404083, 2.580132246017456, 0.9976204037666321, 1.4520126581192017, 0.41081658005714417, 1.3820254802703857, 0.9059221744537354, 2.542044162750244, 0.4133259057998657, 1.460370659828186, 2.778719902038574, 2.000842571258545, 0.40780574083328247, 0.411306232213974, 1.012947678565979, 0.9619039297103882, 0.5490464568138123, 0.5273913145065308, 0.7069423198699951, 1.421175241470337, 0.9506614804267883, 2.6734225749969482, 2.2861886024475098, 0.7563846111297607, 1.6219391822814941, 2.536937713623047, 0.5902611613273621, 1.2150269746780396, 0.42691993713378906, 1.3306044340133667, 1.6984399557113647, 0.624281108379364, 0.7279238700866699, 1.335898756980896, 0.7250298261642456, 3.2290310859680176, 0.7894963622093201, 0.41595590114593506, 1.6014046669006348, 1.0513699054718018, 0.41540995240211487, 0.6672684550285339, 2.453922986984253, 0.5593410730361938, 0.4206382632255554, 0.7706938982009888, 0.4798126518726349, 1.1753417253494263, 0.9784545302391052, 1.1437629461288452, 1.9347355365753174, 1.2053477764129639, 1.7899866104125977, 1.0035814046859741, 2.0416338443756104, 1.2896168231964111, 0.5498068928718567, 0.7095156311988831, 0.6879128813743591, 1.3867104053497314, 0.8078482151031494, 0.5030074715614319, 1.4387332201004028, 1.1364245414733887, 0.8516058325767517, 1.7296104431152344, 1.0480091571807861, 2.128277540206909, 0.8095612525939941, 0.5973339676856995, 0.8578469753265381, 0.41193926334381104, 0.8449684977531433, 0.4602135717868805, 0.6193300485610962, 1.334326148033142, 0.4426078796386719, 0.7122096419334412, 1.0761054754257202, 1.5461910963058472, 0.4094485938549042, 0.46900105476379395, 1.0642940998077393, 0.5298935174942017, 0.5757390260696411, 1.655585527420044, 0.6252884268760681, 1.0741782188415527, 0.45759323239326477, 0.7788267731666565, 0.5909121632575989, 2.0423460006713867, 3.040390968322754, 1.0724538564682007, 1.2441869974136353, 0.44710633158683777, 0.5957586765289307, 1.3406682014465332, 0.836315929889679, 0.47429898381233215, 0.6491712927818298, 2.373746395111084, 0.43259719014167786, 0.42393141984939575, 1.38437819480896, 0.5626401305198669, 0.7636094689369202, 0.497926265001297, 1.3720793724060059, 0.473296582698822, 0.7917142510414124, 1.5195192098617554, 0.6425201296806335, 0.4073113203048706, 0.4072479009628296, 1.7280250787734985, 0.8206268548965454, 3.124680280685425, 0.8937802910804749, 0.7507739067077637, 3.2012877464294434, 0.5298894047737122, 1.706946849822998, 0.4084499776363373, 0.4235576391220093, 1.516364574432373, 1.4226102828979492, 1.4864331483840942, 1.3287863731384277, 0.7036535739898682, 0.4084295332431793, 0.5610858798027039, 1.5682456493377686, 1.0437004566192627, 1.2378407716751099, 0.40773841738700867, 0.9024268984794617, 0.6592251658439636, 0.5625617504119873, 0.40759697556495667, 2.7092885971069336, 0.6848370432853699, 0.8497477769851685, 0.5007784962654114, 0.6622527241706848, 0.4679363965988159, 0.6178452968597412, 0.5323378443717957, 2.810830593109131, 1.3248426914215088, 2.023465156555176, 0.9668257236480713, 0.4839739501476288, 1.401222586631775, 0.9408206343650818, 0.6035826206207275, 1.6511383056640625, 2.295003652572632, 1.527187705039978, 0.40738898515701294, 1.63285231590271, 0.612998902797699, 1.7675672769546509, 1.3303371667861938, 2.116834878921509, 1.6807091236114502, 1.3493220806121826, 2.7290799617767334, 1.0451446771621704, 0.4523960053920746, 0.6868568658828735, 1.7974364757537842, 2.2825138568878174, 2.099942684173584, 1.5228781700134277, 1.2957934141159058, 0.6940560340881348, 1.2132176160812378, 2.461059331893921, 0.5100823044776917, 0.4176957607269287, 0.7138922214508057, 0.5245382189750671, 0.933331310749054, 0.9193341732025146, 1.6050734519958496, 1.5704525709152222, 1.7446080446243286, 0.45040270686149597, 1.471683382987976, 1.3765106201171875, 1.8069405555725098, 1.1779320240020752, 2.5879263877868652, 0.6322199106216431, 0.41209566593170166, 2.2820208072662354, 1.5088467597961426, 0.8520845174789429, 0.43703389167785645, 2.0216214656829834, 0.7834237813949585, 1.008254885673523, 2.1844096183776855, 1.7696936130523682, 2.6077098846435547, 0.44499796628952026, 0.628134548664093, 0.91498202085495, 0.4629020690917969, 1.2660032510757446, 0.8602554798126221, 0.5342822074890137, 0.6254812479019165, 0.6616414785385132, 0.6963335275650024, 0.9662672281265259, 1.1774522066116333, 0.5835834741592407, 0.43815696239471436, 1.1155318021774292, 1.495986819267273, 0.43447986245155334, 0.4127776324748993, 1.6989068984985352, 1.8940284252166748, 0.42938297986984253, 0.7002495527267456, 2.058698892593384, 2.5207931995391846, 1.281308889389038, 1.2203892469406128, 0.42538225650787354, 0.9305024147033691, 0.681446373462677, 0.5860869884490967, 0.8234946727752686, 1.2341463565826416, 0.736246645450592, 1.926181674003601, 0.41407856345176697, 1.0052006244659424, 0.7298051714897156, 0.5964698791503906, 1.103484034538269, 3.0210187435150146, 0.5594119429588318, 1.1297714710235596, 1.2206100225448608, 2.759675979614258, 0.5777813792228699, 0.4078306555747986, 1.383177638053894, 1.1087435483932495, 1.283719539642334, 1.8850681781768799, 1.1941956281661987, 2.575486660003662, 1.6230236291885376, 3.1098549365997314, 1.5146853923797607, 1.171139121055603, 2.003528594970703, 1.5889713764190674, 0.5955168008804321, 1.4933923482894897, 0.964957058429718, 1.4090937376022339, 0.807625949382782, 1.5052976608276367, 1.0815290212631226, 2.4841861724853516, 0.4123259484767914, 0.40954408049583435, 0.9503270983695984, 1.198110580444336, 1.3396387100219727, 2.4952847957611084, 2.3715627193450928, 1.1981496810913086, 0.6881346702575684, 0.4085492789745331, 1.0406711101531982, 0.755913257598877, 0.5422360897064209, 0.6965506672859192, 1.7173782587051392, 1.6672940254211426, 1.5188888311386108, 0.4366993010044098, 2.102931261062622, 2.438800096511841, 0.9331413507461548, 0.44847407937049866, 0.7303225994110107, 0.4091259837150574, 0.9249852895736694, 1.0806924104690552, 0.40821579098701477, 0.8739275932312012, 0.5142148733139038, 1.1545330286026, 1.2309151887893677, 2.9007012844085693, 0.4610489010810852, 1.1750584840774536, 1.3562417030334473, 0.6660416126251221, 0.41936808824539185, 2.8277671337127686, 0.8572980761528015, 0.45496422052383423, 2.347097873687744, 1.7291470766067505, 2.418391466140747, 1.3940447568893433, 1.0209856033325195, 0.6615191698074341, 1.063239336013794, 0.42359021306037903, 2.600433111190796, 1.5714224576950073, 1.3320164680480957, 0.45372259616851807, 1.3080053329467773, 1.9410759210586548, 1.1424424648284912, 1.0443155765533447, 0.4087309241294861, 3.152012586593628, 0.5068337321281433, 1.4164959192276, 1.604385495185852, 0.5445693731307983, 0.7204292416572571, 0.46142759919166565, 0.5453005433082581, 1.5072845220565796, 1.8254770040512085, 1.9051556587219238, 2.3331315517425537, 1.916562795639038, 0.5283495783805847, 0.9455744028091431, 2.1521949768066406, 3.0150673389434814, 3.0270001888275146, 1.2421905994415283, 1.5246227979660034, 0.5695106387138367, 0.6270395517349243, 0.9154475331306458, 0.5567650198936462, 0.5264447927474976, 0.46287819743156433, 0.6798630356788635, 1.972995400428772, 0.818885326385498, 0.8705246448516846, 1.4943989515304565, 0.40740200877189636, 2.310495376586914, 0.6940851807594299, 0.7661411166191101, 2.3749427795410156, 0.9409147500991821, 1.4317803382873535, 0.8430925607681274, 0.5538463592529297, 2.536839723587036, 0.4087938964366913, 1.0777641534805298, 0.40915948152542114, 1.7850338220596313, 1.1485445499420166, 0.4208080768585205, 0.8971701860427856, 2.0631532669067383, 0.6762539744377136, 0.7394096255302429, 0.9265182018280029, 1.8041378259658813, 1.1707795858383179, 0.6525987386703491, 1.0145076513290405, 1.2672290802001953, 1.2401795387268066, 0.8892505764961243, 0.5193641185760498, 0.9355607032775879, 0.678103506565094, 0.5466130971908569, 2.7388880252838135, 0.8187639713287354, 0.8078356385231018, 1.2014151811599731]",0.0,"[33.0, 0.0, 0.0, 0.0, 0.0, 0.0, 0.0, 0.0, 0.0, 0.0, 0.0, 0.0, 0.0, 0.0, 0.0, 0.0, 0.0, 0.0, 0.0, 0.0, 0.0, 0.0, 0.0, 0.0, 0.0, 0.0, 0.0, 0.0, 0.0, 0.0, 0.0, 0.0, 0.0, 0.0, 0.0, 0.0, 0.0, 0.0, 0.0, 0.0, 0.0, 0.0, 0.0, 0.0, 0.0, 0.0, 0.0, 0.0, 0.0, 0.0, 0.0, 0.0, 0.0, 0.0, 0.0, 0.0, 0.0, 0.0, 0.0, 0.0, 0.0, 0.0, 0.0, 0.0, 0.0, 0.0, 0.0, 0.0, 0.0, 0.0, 0.0, 0.0, 0.0, 0.0, 0.0, 0.0, 0.0, 0.0, 0.0, 0.0, 0.0, 0.0, 0.0, 0.0, 0.0, 0.0, 0.0, 0.0, 0.0, 0.0, 0.0, 0.0, 0.0, 0.0, 0.0, 0.0, 0.0, 0.0, 0.0, 0.0, 0.0, 0.0, 0.0, 0.0, 0.0, 0.0, 0.0, 0.0, 0.0, 0.0, 0.0, 0.0, 0.0, 0.0, 0.0, 0.0, 0.0, 0.0, 0.0, 0.0, 0.0, 0.0, 0.0, 0.0, 0.0, 0.0, 0.0, 0.0, 0.0, 0.0, 0.0, 0.0, 0.0, 0.0, 0.0, 0.0, 0.0, 0.0, 0.0, 0.0, 0.0, 0.0, 0.0, 0.0, 0.0, 0.0, 0.0, 0.0, 0.0, 0.0, 0.0, 0.0, 0.0, 0.0, 0.0, 0.0, 0.0, 0.0, 0.0, 0.0, 0.0, 0.0, 0.0, 0.0, 0.0, 0.0, 0.0, 0.0, 0.0, 0.0, 0.0, 0.0, 0.0, 0.0, 0.0, 0.0, 0.0, 0.0, 0.0, 0.0, 0.0, 0.0, 0.0, 0.0, 0.0, 0.0, 0.0, 0.0, 0.0, 0.0, 0.0, 0.0, 0.0, 0.0, 0.0, 0.0, 0.0, 0.0, 0.0, 0.0, 0.0, 0.0, 0.0, 0.0, 0.0, 0.0, 0.0, 0.0, 0.0, 0.0, 0.0, 0.0, 0.0, 0.0, 0.0, 0.0, 0.0, 0.0, 0.0, 0.0, 0.0, 0.0, 0.0, 0.0, 0.0, 0.0, 0.0, 0.0, 0.0, 0.0, 0.0, 0.0, 0.0, 0.0, 0.0, 0.0, 0.0, 0.0, 0.0, 0.0, 0.0, 0.0, 0.0, 0.0, 0.0, 0.0, 0.0, 0.0, 0.0, 0.0, 0.0, 0.0, 0.0, 0.0, 0.0, 0.0, 0.0, 0.0, 0.0, 0.0, 0.0, 0.0, 0.0, 0.0, 0.0, 0.0, 0.0, 0.0, 0.0, 0.0, 0.0, 0.0, 0.0, 0.0, 0.0, 0.0, 0.0, 0.0, 0.0, 0.0, 0.0, 0.0, 0.0, 0.0, 0.0, 0.0, 0.0, 0.0, 0.0, 0.0, 0.0, 0.0, 0.0, 0.0, 0.0, 0.0, 0.0, 0.0, 0.0, 0.0, 0.0, 0.0, 0.0, 0.0, 0.0, 0.0, 0.0, 0.0, 0.0, 0.0, 0.0, 0.0, 0.0, 0.0, 0.0, 0.0, 0.0, 0.0, 0.0, 0.0, 0.0, 0.0, 0.0, 0.0, 0.0, 0.0, 0.0, 0.0, 0.0, 0.0, 0.0, 0.0, 0.0, 0.0, 0.0, 0.0, 0.0, 0.0, 0.0, 0.0, 0.0, 0.0, 0.0, 0.0, 0.0, 0.0, 0.0, 0.0, 0.0, 0.0, 0.0, 0.0, 0.0, 0.0, 0.0, 0.0, 0.0, 0.0, 0.0, 0.0, 0.0, 0.0, 0.0, 0.0, 0.0, 0.0, 0.0, 0.0, 0.0, 0.0, 0.0, 0.0, 0.0, 0.0, 0.0, 0.0, 0.0, 0.0, 0.0, 0.0, 0.0, 0.0, 0.0, 0.0, 0.0, 0.0, 0.0, 0.0, 0.0, 0.0, 0.0, 0.0, 0.0, 0.0, 0.0, 0.0, 0.0, 0.0, 0.0, 0.0, 0.0, 0.0, 0.0, 0.0, 0.0, 0.0, 0.0, 0.0, 0.0, 0.0, 0.0, 0.0, 0.0, 0.0, 0.0, 0.0, 0.0, 0.0, 0.0, 0.0, 0.0, 0.0, 0.0, 0.0, 0.0, 0.0, 0.0, 0.0, 0.0, 0.0, 0.0, 0.0, 0.0, 0.0, 0.0, 0.0, 0.0, 0.0, 0.0, 0.0, 0.0, 0.0, 0.0, 0.0, 0.0, 0.0, 0.0, 0.0, 0.0, 0.0, 0.0, 0.0, 0.0, 0.0, 0.0, 0.0, 0.0, 0.0, 0.0, 0.0, 0.0, 0.0, 0.0, 0.0, 0.0, 0.0, 0.0, 0.0, 0.0, 0.0, 0.0, 0.0, 0.0, 0.0, 0.0, 0.0, 0.0, 0.0, 0.0, 0.0, 0.0, 0.0, 0.0, 0.0, 0.0, 0.0, 0.0, 0.0, 0.0, 0.0]",COMPLETE
