,number,value,datetime_start,datetime_complete,duration,params_batch_size_scaler,params_constant_learning_rate,params_depth,params_epochs,params_kernel_l2,params_num_trees,params_temperature,user_attrs_accuracy_test,user_attrs_accuracy_valid,user_attrs_approximate_feature_sparsity,user_attrs_approximate_feature_sparsity_history,user_attrs_approximate_weight_sparsity,user_attrs_approximate_weight_sparsity_history,user_attrs_auc_test,user_attrs_auc_valid,user_attrs_feature_sparsity,user_attrs_feature_sparsity_history,user_attrs_num_epochs,user_attrs_val_loss_history,user_attrs_weight_sparsity,user_attrs_weight_sparsity_history,state
149,149,0.9199675387409669,2024-08-31 07:23:30.751617,2024-08-31 07:26:16.796096,0 days 00:02:46.044479,4,1.5845557085287882,5,495,0.002526408465403235,12,0.00013474966226965378,0.931,0.9325,29,"[33, 33, 33, 33, 33, 33, 33, 33, 33, 33, 33, 33, 33, 33, 33, 33, 33, 33, 33, 33, 33, 33, 33, 33, 33, 33, 33, 33, 32, 32, 32, 32, 32, 32, 32, 32, 32, 32, 32, 32, 32, 32, 32, 32, 32, 32, 32, 32, 32, 32, 32, 32, 32, 32, 32, 32, 32, 32, 32, 32, 32, 32, 32, 32, 31, 31, 31, 31, 31, 31, 31, 31, 31, 31, 31, 31, 31, 31, 31, 31, 31, 31, 31, 31, 31, 31, 31, 31, 31, 31, 31, 31, 31, 31, 31, 31, 31, 31, 31, 31, 31, 31, 31, 31, 31, 31, 31, 30, 30, 30, 30, 30, 30, 30, 30, 30, 30, 30, 30, 30, 30, 30, 30, 30, 30, 30, 30, 30, 30, 30, 30, 30, 30, 30, 30, 30, 30, 30, 30, 30, 30, 30, 30, 30, 30, 30, 30, 30, 30, 30, 30, 30, 30, 30, 30, 30, 30, 30, 30, 30, 30, 30, 30, 30, 30, 30, 30, 30, 30, 30, 30, 30, 30, 30, 30, 30, 30, 30, 30, 30, 30, 30, 30, 30, 30, 30, 30, 30, 30, 30, 30, 30, 30, 30, 30, 30, 30, 30, 30, 30, 30, 30, 30, 30, 30, 30, 30, 30, 30, 29, 29, 29, 29, 29, 29, 29, 29, 29, 29, 29, 29, 29, 29, 29, 29, 29, 29, 29, 29, 29, 29, 29, 29, 29, 29, 29, 29, 29, 29, 29, 29, 29, 29, 29, 29, 29, 29, 29, 29, 29, 29, 29, 29, 29, 29, 29, 29, 29, 29, 29, 29, 29, 29, 29, 29, 29, 29, 29, 29, 29, 29, 29, 29, 29, 29, 29, 29, 29, 29, 29, 29, 29, 29, 29, 29, 29, 29, 29, 29, 29, 29, 29, 29, 29, 29, 29, 29, 29, 29, 29, 29, 29, 29, 29, 29, 29, 29, 29, 29, 29, 29, 29, 29, 29, 29, 29, 29, 29, 29, 29, 29, 29, 29, 29, 29, 29, 29, 29, 29, 29, 29, 29, 29, 29, 29, 29, 29, 29, 29, 29, 29, 29, 29, 29, 29, 29, 29, 29, 29, 29, 29, 29, 29, 29, 29, 29, 29, 29, 29, 29, 29, 29, 29, 29, 29, 29, 29, 29, 29, 29, 29, 29, 29, 29, 29, 29, 29, 29, 29, 29, 29, 29, 29, 29, 29, 29, 29, 29, 29, 29, 29, 29, 29, 29, 29, 29, 29, 29, 29, 29, 29, 29, 29, 29, 29, 29, 29, 29, 29, 29, 29, 29, 29, 29, 29, 29, 29, 29, 29, 29, 29, 29, 29, 29, 29, 29, 29, 29, 29, 29, 29, 29, 29, 29, 29, 29, 29, 29, 29, 29, 29, 29, 29, 29, 29, 29, 29, 29, 29, 29, 29, 29, 29, 29, 29, 29, 29, 29, 29, 29, 29, 29, 29, 29, 29, 29, 29, 29, 29, 29, 29, 29, 29, 29, 29, 29, 29, 29, 29, 29, 29, 29, 29, 29, 29, 29, 29, 29, 29, 29, 29, 29, 29, 29, 29]",28.983870967741936,"[32.96505376344086, 32.96505376344086, 32.975806451612904, 32.97311827956989, 32.986559139784944, 32.98118279569893, 32.97043010752688, 32.96774193548387, 32.97849462365591, 32.95967741935484, 32.97849462365591, 32.97849462365591, 32.983870967741936, 32.983870967741936, 32.97311827956989, 32.97311827956989, 32.97849462365591, 32.994623655913976, 32.97849462365591, 32.986559139784944, 32.97311827956989, 32.98118279569892, 32.98118279569893, 32.975806451612904, 32.99193548387097, 32.975806451612904, 32.983870967741936, 32.98118279569893, 31.973118279569892, 31.973118279569892, 31.973118279569892, 31.983870967741936, 31.96505376344086, 31.962365591397848, 31.978494623655912, 31.975806451612904, 31.973118279569892, 31.981182795698924, 31.965053763440856, 31.981182795698924, 31.981182795698924, 31.973118279569892, 31.983870967741936, 31.981182795698924, 31.978494623655912, 31.96505376344086, 31.981182795698924, 31.981182795698924, 31.973118279569892, 31.975806451612904, 31.97043010752688, 31.973118279569892, 31.975806451612904, 31.986559139784944, 31.97311827956989, 31.973118279569892, 31.986559139784944, 31.978494623655912, 31.991935483870968, 31.983870967741936, 31.981182795698924, 31.978494623655912, 31.981182795698924, 31.986559139784944, 30.983870967741932, 30.991935483870968, 30.997311827956988, 30.986559139784944, 30.997311827956988, 30.986559139784944, 30.981182795698924, 30.983870967741932, 30.981182795698924, 30.991935483870968, 30.989247311827956, 30.989247311827956, 30.986559139784944, 30.978494623655912, 30.989247311827956, 30.994623655913976, 30.989247311827956, 30.9758064516129, 30.97043010752688, 30.978494623655912, 30.978494623655912, 30.981182795698924, 30.983870967741936, 30.975806451612904, 30.981182795698924, 30.96774193548387, 30.97043010752688, 30.973118279569892, 30.975806451612904, 30.978494623655912, 30.975806451612904, 30.986559139784944, 30.981182795698924, 30.978494623655916, 30.991935483870964, 30.986559139784944, 30.994623655913976, 30.991935483870968, 30.991935483870968, 30.991935483870968, 30.994623655913976, 30.981182795698924, 30.975806451612904, 29.983870967741936, 29.978494623655912, 29.973118279569892, 29.981182795698924, 29.981182795698924, 29.983870967741936, 29.986559139784944, 29.994623655913976, 29.981182795698924, 29.989247311827956, 29.975806451612904, 29.983870967741936, 29.989247311827956, 29.994623655913976, 29.989247311827956, 29.986559139784944, 29.983870967741932, 29.986559139784944, 29.981182795698924, 29.978494623655912, 29.978494623655912, 29.973118279569892, 29.978494623655916, 29.986559139784944, 29.973118279569892, 29.973118279569892, 29.967741935483872, 29.975806451612904, 29.978494623655912, 29.978494623655912, 29.983870967741932, 29.986559139784944, 29.989247311827956, 29.986559139784944, 29.978494623655912, 29.983870967741932, 29.981182795698924, 29.981182795698924, 29.983870967741932, 29.989247311827956, 29.983870967741932, 29.981182795698924, 29.989247311827956, 29.983870967741932, 29.989247311827956, 29.981182795698924, 29.986559139784944, 29.986559139784944, 29.991935483870964, 29.986559139784944, 29.986559139784948, 29.983870967741932, 29.986559139784944, 29.991935483870968, 29.986559139784944, 29.986559139784944, 29.989247311827956, 29.978494623655912, 29.991935483870968, 29.983870967741936, 29.989247311827956, 29.991935483870968, 29.983870967741936, 29.981182795698924, 29.981182795698924, 29.986559139784944, 29.983870967741932, 29.981182795698924, 29.983870967741936, 29.981182795698924, 29.989247311827956, 29.983870967741936, 29.981182795698924, 29.983870967741936, 29.983870967741936, 29.994623655913976, 29.991935483870968, 29.986559139784944, 29.991935483870968, 29.989247311827956, 29.986559139784944, 29.978494623655912, 29.986559139784944, 29.986559139784944, 29.981182795698924, 29.981182795698924, 29.981182795698924, 29.986559139784944, 29.989247311827956, 29.986559139784944, 29.975806451612904, 29.975806451612904, 29.986559139784944, 29.986559139784944, 29.981182795698924, 29.983870967741932, 29.978494623655916, 29.975806451612904, 29.978494623655912, 29.978494623655912, 29.983870967741936, 29.986559139784944, 28.991935483870968, 28.981182795698924, 28.983870967741936, 28.9758064516129, 28.978494623655912, 28.981182795698924, 28.975806451612904, 28.981182795698924, 28.975806451612904, 28.975806451612904, 28.975806451612904, 28.975806451612904, 28.97043010752688, 28.975806451612904, 28.973118279569892, 28.967741935483872, 28.973118279569892, 28.97043010752688, 28.96505376344086, 28.96505376344086, 28.96505376344086, 28.97043010752688, 28.96505376344086, 28.97043010752688, 28.97043010752688, 28.975806451612904, 28.975806451612904, 28.97043010752688, 28.973118279569892, 28.967741935483872, 28.967741935483872, 28.973118279569892, 28.973118279569892, 28.973118279569892, 28.975806451612904, 28.981182795698924, 28.983870967741936, 28.981182795698924, 28.975806451612904, 28.9758064516129, 28.981182795698924, 28.97043010752688, 28.967741935483872, 28.97043010752688, 28.973118279569892, 28.978494623655912, 28.975806451612904, 28.981182795698924, 28.981182795698924, 28.981182795698924, 28.978494623655912, 28.981182795698924, 28.986559139784944, 28.989247311827956, 28.981182795698924, 28.978494623655912, 28.983870967741932, 28.981182795698924, 28.983870967741936, 28.986559139784944, 28.983870967741936, 28.983870967741936, 28.981182795698924, 28.9758064516129, 28.981182795698924, 28.973118279569892, 28.975806451612904, 28.978494623655912, 28.983870967741936, 28.978494623655912, 28.978494623655912, 28.978494623655912, 28.978494623655912, 28.97311827956989, 28.981182795698924, 28.97043010752688, 28.975806451612904, 28.973118279569892, 28.970430107526884, 28.96505376344086, 28.962365591397848, 28.962365591397848, 28.95430107526882, 28.96505376344086, 28.970430107526884, 28.967741935483872, 28.96505376344086, 28.965053763440856, 28.967741935483872, 28.973118279569892, 28.9758064516129, 28.9758064516129, 28.981182795698924, 28.981182795698924, 28.981182795698924, 28.9758064516129, 28.978494623655912, 28.981182795698924, 28.978494623655912, 28.978494623655912, 28.9758064516129, 28.983870967741932, 28.986559139784944, 28.981182795698924, 28.978494623655912, 28.978494623655912, 28.978494623655912, 28.9758064516129, 28.96774193548387, 28.96505376344086, 28.96774193548387, 28.96774193548387, 28.97043010752688, 28.97043010752688, 28.97043010752688, 28.983870967741936, 28.981182795698924, 28.981182795698924, 28.981182795698924, 28.9758064516129, 28.970430107526884, 28.970430107526884, 28.978494623655912, 28.978494623655912, 28.975806451612904, 28.983870967741936, 28.978494623655912, 28.975806451612904, 28.978494623655912, 28.978494623655912, 28.973118279569892, 28.973118279569892, 28.975806451612904, 28.978494623655912, 28.986559139784944, 28.983870967741936, 28.978494623655912, 28.978494623655912, 28.983870967741936, 28.983870967741936, 28.983870967741936, 28.983870967741936, 28.981182795698924, 28.981182795698924, 28.978494623655912, 28.96774193548387, 28.97311827956989, 28.97043010752688, 28.975806451612904, 28.975806451612904, 28.981182795698924, 28.973118279569892, 28.973118279569892, 28.975806451612904, 28.978494623655912, 28.975806451612904, 28.975806451612904, 28.981182795698924, 28.983870967741936, 28.991935483870968, 28.991935483870968, 28.986559139784944, 28.978494623655912, 28.978494623655912, 28.983870967741936, 28.986559139784944, 28.986559139784944, 28.989247311827956, 28.986559139784944, 28.978494623655912, 28.981182795698924, 28.983870967741932, 28.981182795698924, 28.981182795698924, 28.986559139784944, 28.986559139784944, 28.989247311827956, 28.989247311827956, 28.989247311827956, 28.989247311827956, 28.986559139784944, 28.983870967741936, 28.983870967741936, 28.986559139784944, 28.983870967741936, 28.983870967741936, 28.986559139784944, 28.981182795698924, 28.981182795698924, 28.981182795698924, 28.983870967741936, 28.983870967741936, 28.989247311827956, 28.986559139784944, 28.981182795698924, 28.983870967741936, 28.986559139784944, 28.981182795698924, 28.981182795698924, 28.983870967741936, 28.986559139784944, 28.983870967741936, 28.994623655913976, 28.991935483870968, 28.997311827956988, 28.997311827956988, 28.994623655913976, 28.991935483870968, 28.983870967741936, 28.983870967741936, 28.983870967741936, 28.983870967741936, 28.986559139784944, 28.989247311827956, 28.986559139784944, 28.986559139784944, 28.981182795698924, 28.973118279569892, 28.973118279569892, 28.973118279569892, 28.975806451612904, 28.973118279569892, 28.975806451612904, 28.97043010752688, 28.981182795698924, 28.983870967741936, 28.978494623655912, 28.975806451612904, 28.975806451612904, 28.978494623655912, 28.981182795698924, 28.981182795698924, 28.981182795698924, 28.981182795698924, 28.978494623655912, 28.97849462365591, 28.975806451612904, 28.975806451612904, 28.973118279569892, 28.986559139784944, 28.975806451612904, 28.981182795698924, 28.978494623655912, 28.983870967741932, 28.986559139784944, 28.98118279569892, 28.983870967741936, 28.981182795698924, 28.978494623655912, 28.973118279569892, 28.975806451612904, 28.975806451612904, 28.97311827956989, 28.975806451612904, 28.97043010752688, 28.973118279569892, 28.975806451612904, 28.973118279569892, 28.98118279569892, 28.986559139784944, 28.978494623655912, 28.981182795698924, 28.981182795698924, 28.986559139784944, 28.981182795698924, 28.981182795698924, 28.983870967741936, 28.975806451612904, 28.973118279569892, 28.973118279569892, 28.978494623655912, 28.975806451612904, 28.978494623655912, 28.973118279569892, 28.9758064516129, 28.975806451612904, 28.973118279569892, 28.97043010752688, 28.9758064516129, 28.97043010752688, 28.97043010752688, 28.96774193548387, 28.97043010752688, 28.973118279569892, 28.978494623655912, 28.983870967741936]",0.902286181358829,0.9199675387409669,29,"[33, 33, 33, 33, 33, 33, 33, 33, 33, 33, 33, 33, 33, 33, 33, 33, 33, 33, 33, 33, 33, 33, 33, 33, 33, 33, 33, 33, 32, 32, 32, 32, 32, 32, 32, 32, 32, 32, 32, 32, 32, 32, 32, 32, 32, 32, 32, 32, 32, 32, 32, 32, 32, 32, 32, 32, 32, 32, 32, 32, 32, 32, 32, 32, 31, 31, 31, 31, 31, 31, 31, 31, 31, 31, 31, 31, 31, 31, 31, 31, 31, 31, 31, 31, 31, 31, 31, 31, 31, 31, 31, 31, 31, 31, 31, 31, 31, 31, 31, 31, 31, 31, 31, 31, 31, 31, 31, 30, 30, 30, 30, 30, 30, 30, 30, 30, 30, 30, 30, 30, 30, 30, 30, 30, 30, 30, 30, 30, 30, 30, 30, 30, 30, 30, 30, 30, 30, 30, 30, 30, 30, 30, 30, 30, 30, 30, 30, 30, 30, 30, 30, 30, 30, 30, 30, 30, 30, 30, 30, 30, 30, 30, 30, 30, 30, 30, 30, 30, 30, 30, 30, 30, 30, 30, 30, 30, 30, 30, 30, 30, 30, 30, 30, 30, 30, 30, 30, 30, 30, 30, 30, 30, 30, 30, 30, 30, 30, 30, 30, 30, 30, 30, 30, 30, 30, 30, 30, 30, 30, 29, 29, 29, 29, 29, 29, 29, 29, 29, 29, 29, 29, 29, 29, 29, 29, 29, 29, 29, 29, 29, 29, 29, 29, 29, 29, 29, 29, 29, 29, 29, 29, 29, 29, 29, 29, 29, 29, 29, 29, 29, 29, 29, 29, 29, 29, 29, 29, 29, 29, 29, 29, 29, 29, 29, 29, 29, 29, 29, 29, 29, 29, 29, 29, 29, 29, 29, 29, 29, 29, 29, 29, 29, 29, 29, 29, 29, 29, 29, 29, 29, 29, 29, 29, 29, 29, 29, 29, 29, 29, 29, 29, 29, 29, 29, 29, 29, 29, 29, 29, 29, 29, 29, 29, 29, 29, 29, 29, 29, 29, 29, 29, 29, 29, 29, 29, 29, 29, 29, 29, 29, 29, 29, 29, 29, 29, 29, 29, 29, 29, 29, 29, 29, 29, 29, 29, 29, 29, 29, 29, 29, 29, 29, 29, 29, 29, 29, 29, 29, 29, 29, 29, 29, 29, 29, 29, 29, 29, 29, 29, 29, 29, 29, 29, 29, 29, 29, 29, 29, 29, 29, 29, 29, 29, 29, 29, 29, 29, 29, 29, 29, 29, 29, 29, 29, 29, 29, 29, 29, 29, 29, 29, 29, 29, 29, 29, 29, 29, 29, 29, 29, 29, 29, 29, 29, 29, 29, 29, 29, 29, 29, 29, 29, 29, 29, 29, 29, 29, 29, 29, 29, 29, 29, 29, 29, 29, 29, 29, 29, 29, 29, 29, 29, 29, 29, 29, 29, 29, 29, 29, 29, 29, 29, 29, 29, 29, 29, 29, 29, 29, 29, 29, 29, 29, 29, 29, 29, 29, 29, 29, 29, 29, 29, 29, 29, 29, 29, 29, 29, 29, 29, 29, 29, 29, 29, 29, 29, 29, 29, 29, 29, 29, 29, 29, 29, 29]",495,"[0.35197001695632935, 0.3112757205963135, 0.2775530517101288, 0.25593262910842896, 0.24039560556411743, 0.23315688967704773, 0.2142702043056488, 0.2083583027124405, 0.20222024619579315, 0.20201319456100464, 0.1955399513244629, 0.19470196962356567, 0.1885884702205658, 0.18976090848445892, 0.17778600752353668, 0.18109235167503357, 0.1783483326435089, 0.17395049333572388, 0.17088113725185394, 0.16963329911231995, 0.1770840883255005, 0.17416782677173615, 0.1757972538471222, 0.17425209283828735, 0.17060327529907227, 0.1716044396162033, 0.17928478121757507, 0.17718955874443054, 0.173436239361763, 0.17027385532855988, 0.1665588766336441, 0.17276450991630554, 0.1746816486120224, 0.17788362503051758, 0.17020006477832794, 0.17724266648292542, 0.18086126446723938, 0.16918204724788666, 0.18479211628437042, 0.1767074465751648, 0.19379404187202454, 0.1874675750732422, 0.18349897861480713, 0.18886186182498932, 0.19052156805992126, 0.18073567748069763, 0.19154120981693268, 0.1907804310321808, 0.18996702134609222, 0.18925298750400543, 0.2010611593723297, 0.19986917078495026, 0.19472628831863403, 0.19936317205429077, 0.22050416469573975, 0.21268728375434875, 0.20449714362621307, 0.20899651944637299, 0.21934476494789124, 0.2125953882932663, 0.21503980457782745, 0.21369145810604095, 0.21189415454864502, 0.22971771657466888, 0.21560673415660858, 0.22089719772338867, 0.22171086072921753, 0.22003573179244995, 0.2324528843164444, 0.2373272329568863, 0.23373691737651825, 0.23196908831596375, 0.23282566666603088, 0.23151302337646484, 0.23705999553203583, 0.23557472229003906, 0.2373943328857422, 0.23885972797870636, 0.24708908796310425, 0.25285080075263977, 0.24796456098556519, 0.2506064772605896, 0.25249820947647095, 0.25158512592315674, 0.26686835289001465, 0.2567625939846039, 0.2588500678539276, 0.2594067454338074, 0.26237407326698303, 0.27232304215431213, 0.26399359107017517, 0.2652331292629242, 0.26870405673980713, 0.27202001214027405, 0.2764088809490204, 0.27893853187561035, 0.2746887505054474, 0.2793845236301422, 0.2780578136444092, 0.28133559226989746, 0.2792063057422638, 0.2861999571323395, 0.28442731499671936, 0.2859571874141693, 0.2868174612522125, 0.29008328914642334, 0.29100632667541504, 0.29641857743263245, 0.29551926255226135, 0.29799067974090576, 0.29781150817871094, 0.29767298698425293, 0.30170485377311707, 0.304157555103302, 0.30085399746894836, 0.3022238612174988, 0.30404427647590637, 0.30234768986701965, 0.30454978346824646, 0.30502036213874817, 0.3075370490550995, 0.31124433875083923, 0.3144210875034332, 0.3102654218673706, 0.31367596983909607, 0.3155940771102905, 0.3166281580924988, 0.316312700510025, 0.3207992911338806, 0.31936389207839966, 0.3207862377166748, 0.32135048508644104, 0.32164910435676575, 0.32317742705345154, 0.32399043440818787, 0.3247709572315216, 0.32449042797088623, 0.32717421650886536, 0.32736271619796753, 0.3267379701137543, 0.32859545946121216, 0.3299272954463959, 0.3289642333984375, 0.33041778206825256, 0.3320428133010864, 0.33296725153923035, 0.3341388404369354, 0.3351621627807617, 0.33687055110931396, 0.33694908022880554, 0.3372519016265869, 0.33759158849716187, 0.33766502141952515, 0.3388637602329254, 0.33974194526672363, 0.3383888900279999, 0.3422209918498993, 0.34107068181037903, 0.34260666370391846, 0.3423091471195221, 0.34449172019958496, 0.3434869647026062, 0.3441871702671051, 0.34532052278518677, 0.34751152992248535, 0.34737154841423035, 0.34708771109580994, 0.3482986390590668, 0.3494969606399536, 0.34867310523986816, 0.34935539960861206, 0.35059183835983276, 0.3502642810344696, 0.3511442542076111, 0.35001736879348755, 0.35248345136642456, 0.35240691900253296, 0.3523866534233093, 0.3527551591396332, 0.35476306080818176, 0.3545277416706085, 0.35534191131591797, 0.35528668761253357, 0.35691574215888977, 0.35552531480789185, 0.356608122587204, 0.3570871353149414, 0.3590489327907562, 0.35783880949020386, 0.3587944805622101, 0.3585142195224762, 0.35878124833106995, 0.35892829298973083, 0.3619745373725891, 0.3607744872570038, 0.36227649450302124, 0.3621751666069031, 0.3630935251712799, 0.3632155656814575, 0.3626149296760559, 0.36425232887268066, 0.364098459482193, 0.36417970061302185, 0.36521288752555847, 0.3650258183479309, 0.36658626794815063, 0.36556532979011536, 0.3659796416759491, 0.3664204776287079, 0.37046268582344055, 0.3585027754306793, 0.3590874969959259, 0.3605838716030121, 0.35849353671073914, 0.35974976420402527, 0.3609447777271271, 0.36100518703460693, 0.3620147705078125, 0.3616320788860321, 0.3613371253013611, 0.36210864782333374, 0.362525075674057, 0.36288169026374817, 0.3629213273525238, 0.36479946970939636, 0.36348262429237366, 0.36487501859664917, 0.3647899925708771, 0.3647458255290985, 0.36428260803222656, 0.364127516746521, 0.36573052406311035, 0.3653922379016876, 0.36598876118659973, 0.36672443151474, 0.3666350543498993, 0.36639076471328735, 0.3657422959804535, 0.36741527915000916, 0.36673450469970703, 0.3680129647254944, 0.3675318956375122, 0.36822688579559326, 0.368507981300354, 0.36869820952415466, 0.36774158477783203, 0.3689331114292145, 0.3699745833873749, 0.3699856698513031, 0.3699257969856262, 0.3707648515701294, 0.3706556558609009, 0.37064358592033386, 0.37116286158561707, 0.3709072172641754, 0.3708645701408386, 0.3712472915649414, 0.37196359038352966, 0.3728405833244324, 0.37224021553993225, 0.37221795320510864, 0.3727872967720032, 0.3732331395149231, 0.37380850315093994, 0.3742033839225769, 0.3749465048313141, 0.37376126646995544, 0.37479472160339355, 0.37438464164733887, 0.3749271631240845, 0.37559372186660767, 0.37513646483421326, 0.37591516971588135, 0.3757747411727905, 0.37541061639785767, 0.37547579407691956, 0.37688741087913513, 0.3771508038043976, 0.37647685408592224, 0.37694698572158813, 0.37645119428634644, 0.3764308989048004, 0.377539724111557, 0.3771212697029114, 0.3775560259819031, 0.3780435621738434, 0.3785688281059265, 0.3780564069747925, 0.37901771068573, 0.3798498809337616, 0.3794146776199341, 0.37949618697166443, 0.37910470366477966, 0.3779822289943695, 0.3794785737991333, 0.37988877296447754, 0.3798651099205017, 0.38026726245880127, 0.38056647777557373, 0.3811095058917999, 0.3808504045009613, 0.3815101385116577, 0.3820258677005768, 0.3813682794570923, 0.38197943568229675, 0.3813178539276123, 0.3821169137954712, 0.3818618357181549, 0.38288891315460205, 0.38257935643196106, 0.38206246495246887, 0.38226091861724854, 0.38269510865211487, 0.3828316926956177, 0.3825146555900574, 0.38326823711395264, 0.38348090648651123, 0.38311922550201416, 0.38413703441619873, 0.384525328874588, 0.3839135766029358, 0.3844525218009949, 0.38498061895370483, 0.38482147455215454, 0.38461410999298096, 0.38415005803108215, 0.3845404386520386, 0.385097473859787, 0.38512179255485535, 0.3854336440563202, 0.3860091269016266, 0.38622981309890747, 0.38653963804244995, 0.3867114186286926, 0.38577353954315186, 0.3861563205718994, 0.3858686089515686, 0.3856581747531891, 0.38662993907928467, 0.3867051601409912, 0.3863251805305481, 0.3867572546005249, 0.3874712884426117, 0.38769397139549255, 0.3876153826713562, 0.3886920213699341, 0.38725361227989197, 0.38710400462150574, 0.3876657783985138, 0.3870431184768677, 0.3877600133419037, 0.388122022151947, 0.3879322111606598, 0.3882642090320587, 0.38848409056663513, 0.3882281184196472, 0.38839539885520935, 0.38