,number,value,datetime_start,datetime_complete,duration,params_batch_size_scaler,params_constant_learning_rate,params_depth,params_epochs,params_kernel_l2,params_num_trees,params_temperature,user_attrs_accuracy_test,user_attrs_accuracy_valid,user_attrs_approximate_feature_sparsity,user_attrs_approximate_feature_sparsity_history,user_attrs_approximate_weight_sparsity,user_attrs_approximate_weight_sparsity_history,user_attrs_auc_test,user_attrs_auc_valid,user_attrs_feature_sparsity,user_attrs_feature_sparsity_history,user_attrs_num_epochs,user_attrs_val_loss_history,user_attrs_weight_sparsity,user_attrs_weight_sparsity_history,state
36,36,0.7710965980085276,2024-08-31 02:05:19.830207,2024-08-31 02:08:59.803995,0 days 00:03:39.973788,16,0.046592145582012995,5,285,0.04238161308840455,29,0.0002809839440987236,0.885,0.88375,33,"[33, 33, 33, 33, 33, 33, 33, 33, 33, 33, 33, 33, 33, 33, 33, 33, 33, 33, 33, 33, 33, 33, 33, 33, 33, 33, 33, 33, 33, 33, 33, 33, 33, 33, 33, 33, 33, 33, 33, 33, 33, 33, 33, 33, 33, 33, 33, 33, 33, 33, 33, 33, 33, 33, 33, 33, 33, 33, 33, 33, 33, 33, 33, 33, 33, 33, 33, 33, 33, 33, 33, 33, 33, 33, 33, 33, 33, 33, 33, 33, 33, 33, 33, 33, 33, 33, 33, 33, 33, 33, 33, 33, 33, 33, 33, 33, 33, 33, 33, 33, 33, 33, 33, 33, 33, 33, 33, 33, 33, 33, 33, 33, 33, 33, 33, 33, 33, 33, 33, 33, 33, 33, 33, 33, 33, 33, 33, 33, 33, 33, 33, 33, 33, 33, 33, 33, 33, 33, 33, 33, 33, 33, 33, 33, 33, 33, 33, 33, 33, 33, 33, 33, 33, 33, 33, 33, 33, 33, 33, 33, 33, 33, 33, 33, 33, 33, 33, 33, 33, 33, 33, 33, 33, 33, 33, 33, 33, 33, 33, 33, 33, 33, 33, 33, 33, 33, 33, 33, 33, 33, 33, 33, 33, 33, 33, 33, 33, 33, 33, 33, 33, 33, 33, 33, 33, 33, 33, 33, 33, 33, 33, 33, 33, 33, 33, 33, 33, 33, 33, 33, 33, 33, 33, 33, 33, 33, 33, 33, 33, 33, 33, 33, 33, 33, 33, 33, 33, 33, 33, 33, 33, 33, 33, 33, 33, 33, 33, 33, 33, 33, 33, 33, 33, 33, 33, 33, 33, 33, 33, 33, 33, 33, 33, 33, 33, 33, 33, 33, 33, 33, 33, 33, 33, 33, 33, 33, 33, 33, 33, 33, 33, 33, 33, 33, 33]",32.9488320355951,"[32.96440489432703, 32.95995550611791, 32.96218020022247, 32.966629588431594, 32.95884315906563, 32.954393770856505, 32.96218020022247, 32.95884315906563, 32.95328142380423, 32.95995550611791, 32.95884315906563, 32.96440489432703, 32.96106785317019, 32.96774193548387, 32.966629588431594, 32.95439377085651, 32.95884315906563, 32.95995550611791, 32.95328142380423, 32.95773081201335, 32.95995550611791, 32.95773081201335, 32.95995550611791, 32.95884315906563, 32.95995550611791, 32.96218020022247, 32.95995550611791, 32.97219132369299, 32.975528364849836, 32.969966629588434, 32.966629588431594, 32.96440489432703, 32.95550611790879, 32.95661846496107, 32.95328142380423, 32.95773081201335, 32.95550611790879, 32.95328142380423, 32.954393770856505, 32.954393770856505, 32.96440489432703, 32.95995550611791, 32.95773081201335, 32.94660734149055, 32.95550611790879, 32.95661846496107, 32.96218020022247, 32.963292547274754, 32.95884315906563, 32.95661846496107, 32.963292547274754, 32.96106785317019, 32.95773081201335, 32.95550611790879, 32.95995550611791, 32.951056729699665, 32.95105672969967, 32.95216907675195, 32.947719688542826, 32.94883203559511, 32.951056729699665, 32.95773081201335, 32.95439377085651, 32.95328142380423, 32.95550611790879, 32.96106785317019, 32.95995550611791, 32.957730812013345, 32.95661846496107, 32.95995550611791, 32.95884315906563, 32.95661846496107, 32.95328142380423, 32.95661846496107, 32.95884315906562, 32.95550611790878, 32.95550611790879, 32.951056729699665, 32.94549499443827, 32.94883203559511, 32.947719688542826, 32.95328142380423, 32.94994438264739, 32.94215795328142, 32.944382647385986, 32.94327030033371, 32.94660734149054, 32.94660734149055, 32.95328142380423, 32.95884315906563, 32.95439377085651, 32.95328142380423, 32.95550611790879, 32.95328142380423, 32.95661846496107, 32.95884315906563, 32.96551724137931, 32.96774193548387, 32.96329254727475, 32.95995550611791, 32.957730812013345, 32.96218020022247, 32.95661846496107, 32.95550611790879, 32.95661846496107, 32.95884315906563, 32.96440489432703, 32.96774193548387, 32.96885428253615, 32.96440489432703, 32.96551724137931, 32.96885428253616, 32.97107897664071, 32.96774193548387, 32.966629588431594, 32.966629588431594, 32.96218020022247, 32.963292547274754, 32.966629588431594, 32.96662958843159, 32.96885428253616, 32.96551724137932, 32.96662958843159, 32.97107897664071, 32.969966629588434, 32.96440489432703, 32.96218020022247, 32.966629588431594, 32.96106785317019, 32.96440489432703, 32.963292547274754, 32.97107897664071, 32.972191323692996, 32.97107897664071, 32.96774193548387, 32.969966629588434, 32.972191323692996, 32.96774193548387, 32.96662958843159, 32.957730812013345, 32.96106785317019, 32.96551724137931, 32.96106785317019, 32.963292547274754, 32.96662958843159, 32.96774193548387, 32.963292547274754, 32.96440489432703, 32.959955506117915, 32.95884315906563, 32.95773081201335, 32.95773081201335, 32.95550611790879, 32.95884315906563, 32.95884315906563, 32.95328142380423, 32.96106785317019, 32.96551724137931, 32.957730812013345, 32.95550611790878, 32.954393770856505, 32.951056729699665, 32.95773081201335, 32.96106785317019, 32.96106785317019, 32.95884315906563, 32.95439377085651, 32.954393770856505, 32.957730812013345, 32.95884315906563, 32.95550611790879, 32.951056729699665, 32.95328142380423, 32.95328142380423, 32.954393770856505, 32.95661846496107, 32.95661846496107, 32.94549499443826, 32.94883203559511, 32.95661846496107, 32.95884315906563, 32.95773081201335, 32.95216907675195, 32.95105672969967, 32.94660734149055, 32.94994438264739, 32.94883203559511, 32.94994438264739, 32.94994438264739, 32.9488320355951, 32.944382647385986, 32.94883203559511, 32.94660734149055, 32.944382647385986, 32.94549499443826, 32.94549499443826, 32.94660734149055, 32.93993325917687, 32.944382647385986, 32.94994438264739, 32.954393770856505, 32.94549499443826, 32.947719688542826, 32.94660734149055, 32.94215795328142, 32.94327030033371, 32.94660734149055, 32.94994438264738, 32.94994438264739, 32.94994438264739, 32.947719688542826, 32.95439377085651, 32.95439377085651, 32.95550611790879, 32.95773081201335, 32.95661846496107, 32.96106785317019, 32.95550611790879, 32.95773081201335, 32.95884315906563, 32.95884315906563, 32.95995550611791, 32.95884315906563, 32.95661846496107, 32.95328142380423, 32.95216907675194, 32.95661846496107, 32.95661846496107, 32.95773081201335, 32.95995550611791, 32.95216907675194, 32.95328142380423, 32.944382647385986, 32.94994438264739, 32.9488320355951, 32.947719688542826, 32.951056729699665, 32.94660734149055, 32.94994438264739, 32.94994438264739, 32.947719688542826, 32.94994438264739, 32.95328142380423, 32.95328142380423, 32.95328142380423, 32.94994438264739, 32.954393770856505, 32.95550611790878, 32.954393770856505, 32.954393770856505, 32.95328142380423, 32.95328142380423, 32.95216907675194, 32.947719688542826, 32.94660734149055, 32.95216907675194, 32.95216907675194, 32.951056729699665, 32.95216907675194, 32.954393770856505, 32.95439377085651, 32.95661846496107, 32.95328142380423, 32.951056729699665, 32.947719688542826, 32.94549499443826, 32.947719688542826, 32.94549499443827, 32.9488320355951, 32.9488320355951, 32.94994438264739, 32.951056729699665, 32.95550611790879, 32.956618464961075, 32.956618464961075, 32.95773081201335, 32.959955506117915, 32.95884315906563, 32.95328142380423, 32.951056729699665, 32.94994438264739, 32.954393770856505, 32.95216907675195, 32.95328142380423, 32.9488320355951]",0.7986608211758683,0.7710965980085276,33,"[33, 33, 33, 33, 33, 33, 33, 33, 33, 33, 33, 33, 33, 33, 33, 33, 33, 33, 33, 33, 33, 33, 33, 33, 33, 33, 33, 33, 33, 33, 33, 33, 33, 33, 33, 33, 33, 33, 33, 33, 33, 33, 33, 33, 33, 33, 33, 33, 33, 33, 33, 33, 33, 33, 33, 33, 33, 33, 33, 33, 33, 33, 33, 33, 33, 33, 33, 33, 33, 33, 33, 33, 33, 33, 33, 33, 33, 33, 33, 33, 33, 33, 33, 33, 33, 33, 33, 33, 33, 33, 33, 33, 33, 33, 33, 33, 33, 33, 33, 33, 33, 33, 33, 33, 33, 33, 33, 33, 33, 33, 33, 33, 33, 33, 33, 33, 33, 33, 33, 33, 33, 33, 33, 33, 33, 33, 33, 33, 33, 33, 33, 33, 33, 33, 33, 33, 33, 33, 33, 33, 33, 33, 33, 33, 33, 33, 33, 33, 33, 33, 33, 33, 33, 33, 33, 33, 33, 33, 33, 33, 33, 33, 33, 33, 33, 33, 33, 33, 33, 33, 33, 33, 33, 33, 33, 33, 33, 33, 33, 33, 33, 33, 33, 33, 33, 33, 33, 33, 33, 33, 33, 33, 33, 33, 33, 33, 33, 33, 33, 33, 33, 33, 33, 33, 33, 33, 33, 33, 33, 33, 33, 33, 33, 33, 33, 33, 33, 33, 33, 33, 33, 33, 33, 33, 33, 33, 33, 33, 33, 33, 33, 33, 33, 33, 33, 33, 33, 33, 33, 33, 33, 33, 33, 33, 33, 33, 33, 33, 33, 33, 33, 33, 33, 33, 33, 33, 33, 33, 33, 33, 33, 33, 33, 33, 33, 33, 33, 33, 33, 33, 33, 33, 33, 33, 33, 33, 33, 33, 33, 33, 33, 33, 33, 33, 33]",285,"[0.6028540134429932, 0.5165479183197021, 0.46978774666786194, 0.4433000683784485, 0.42704787850379944, 0.41642042994499207, 0.40949293971061707, 0.4050455391407013, 0.4016168713569641, 0.39913368225097656, 0.39719298481941223, 0.39560768008232117, 0.39431241154670715, 0.3932151794433594, 0.39227187633514404, 0.3913971781730652, 0.3905959725379944, 0.3898733854293823, 0.38915130496025085, 0.388475239276886, 0.38785529136657715, 0.3872789740562439, 0.3866938650608063, 0.3861369788646698, 0.38559189438819885, 0.38508373498916626, 0.38457560539245605, 0.38407719135284424, 0.3836171627044678, 0.3831538259983063, 0.38270285725593567, 0.3822591006755829, 0.38184285163879395, 0.3814292848110199, 0.38102707266807556, 0.3806508183479309, 0.3802884817123413, 0.379901647567749, 0.37952983379364014, 0.3791779577732086, 0.3788372278213501, 0.378501296043396, 0.3781592845916748, 0.3778286874294281, 0.3775011897087097, 0.377198725938797, 0.37689876556396484, 0.37659478187561035, 0.3762890696525574, 0.3759952485561371, 0.3757080137729645, 0.3754340410232544, 0.37514618039131165, 0.3748883306980133, 0.3746103048324585, 0.3743574917316437, 0.37411507964134216, 0.3738671541213989, 0.3736105263233185, 0.3733828067779541, 0.3731708228588104, 0.3729379177093506, 0.3727046549320221, 0.37247440218925476, 0.3722520172595978, 0.3720186650753021, 0.3718162178993225, 0.37160345911979675, 0.3714013695716858, 0.3711688220500946, 0.3709632158279419, 0.3707418143749237, 0.3705422878265381, 0.37033116817474365, 0.3701501786708832, 0.3699650168418884, 0.369765043258667, 0.3695788085460663, 0.36937087774276733, 0.36919161677360535, 0.36900606751441956, 0.36882713437080383, 0.3686458468437195, 0.36845314502716064, 0.3682609796524048, 0.36809003353118896, 0.36791396141052246, 0.36773481965065, 0.36754700541496277, 0.36738502979278564, 0.36723092198371887, 0.36703601479530334, 0.3668622672557831, 0.3666931390762329, 0.3665127456188202, 0.36635953187942505, 0.36618855595588684, 0.36600953340530396, 0.3658269941806793, 0.36564141511917114, 0.36548078060150146, 0.3653131127357483, 0.3651442229747772, 0.36497387290000916, 0.3648054897785187, 0.3646215498447418, 0.364460825920105, 0.36430102586746216, 0.36414122581481934, 0.3639647662639618, 0.3638148903846741, 0.363638699054718, 0.3634839355945587, 0.363305926322937, 0.3631359040737152, 0.36298203468322754, 0.36279597878456116, 0.3626311421394348, 0.36249402165412903, 0.36232680082321167, 0.3621746897697449, 0.3620196580886841, 0.3618563115596771, 0.36171141266822815, 0.36153465509414673, 0.3613845705986023, 0.3612343668937683, 0.36105820536613464, 0.36089229583740234, 0.3607517182826996, 0.3605903387069702, 0.3604317605495453, 0.36027881503105164, 0.3601090610027313, 0.359939843416214, 0.35978347063064575, 0.3596457540988922, 0.35949647426605225, 0.3593447506427765, 0.35920241475105286, 0.3590545356273651, 0.3588828146457672, 0.3587355315685272, 0.3585919141769409, 0.3584425747394562, 0.35827162861824036, 0.35811156034469604, 0.35795414447784424, 0.35780414938926697, 0.3576321303844452, 0.3574957251548767, 0.35735243558883667, 0.3571820557117462, 0.35700321197509766, 0.35684725642204285, 0.3566741645336151, 0.3565406799316406, 0.3563686013221741, 0.35617387294769287, 0.3560149669647217, 0.3558715879917145, 0.35572174191474915, 0.35556545853614807, 0.3554215133190155, 0.35526928305625916, 0.355109304189682, 0.3549596667289734, 0.35478833317756653, 0.35461294651031494, 0.3544367849826813, 0.35429105162620544, 0.35413187742233276, 0.353966623544693, 0.35380619764328003, 0.3536377251148224, 0.35349833965301514, 0.3533289432525635, 0.3531721830368042, 0.3529927730560303, 0.3528366982936859, 0.3526924252510071, 0.3525225520133972, 0.3523576259613037, 0.3521912693977356, 0.3520374596118927, 0.3518952429294586, 0.35174092650413513, 0.3515835106372833, 0.3513956069946289, 0.3512432873249054, 0.3510875403881073, 0.3509158790111542, 0.3507572412490845, 0.35059863328933716, 0.35043004155158997, 0.35026681423187256, 0.3500998020172119, 0.34996262192726135, 0.3498227596282959, 0.349651575088501, 0.34947970509529114, 0.3493242561817169, 0.3491784632205963, 0.34900718927383423, 0.34886300563812256, 0.3487031161785126, 0.3485409915447235, 0.3483673930168152, 0.3482069671154022, 0.3480195105075836, 0.3478592336177826, 0.3476780652999878, 0.34748589992523193, 0.34732142090797424, 0.34713518619537354, 0.34695667028427124, 0.3467731177806854, 0.3466019332408905, 0.3464150130748749, 0.3462543487548828, 0.346064954996109, 0.3459012508392334, 0.3457199037075043, 0.34555184841156006, 0.3453831970691681, 0.34519341588020325, 0.34499454498291016, 0.3447960317134857, 0.34462466835975647, 0.3444652855396271, 0.3442735970020294, 0.3441005051136017, 0.3439313471317291, 0.34376904368400574, 0.34358733892440796, 0.34341591596603394, 0.34324103593826294, 0.3430706858634949, 0.342888742685318, 0.34270888566970825, 0.3425323963165283, 0.3423802852630615, 0.34221115708351135, 0.3420374393463135, 0.34186121821403503, 0.3416847288608551, 0.341506689786911, 0.3413172662258148, 0.3411391079425812, 0.34094536304473877, 0.3407557010650635, 0.34056976437568665, 0.34039896726608276, 0.3402259349822998, 0.34005850553512573, 0.33989036083221436, 0.3397024869918823, 0.33953186869621277, 0.3393445312976837, 0.33917176723480225, 0.33898410201072693, 0.33878597617149353, 0.3385981619358063, 0.33841174840927124, 0.33822208642959595, 0.33802786469459534, 0.33783242106437683, 0.3376568853855133, 0.33746203780174255, 0.3372581899166107, 0.3370857238769531, 0.3368765711784363, 0.33669939637184143, 0.3365216553211212, 0.33633625507354736, 0.3361285924911499, 0.33592814207077026, 0.3357429504394531, 0.3355307877063751, 0.3353278636932373, 0.3351377248764038, 0.3349305987358093, 0.33473387360572815, 0.3345416784286499, 0.33433791995048523]",33.0,"[33.0, 33.0, 33.0, 33.0, 33.0, 33.0, 33.0, 33.0, 33.0, 33.0, 33.0, 33.0, 33.0, 33.0, 33.0, 33.0, 33.0, 33.0, 33.0, 33.0, 33.0, 33.0, 33.0, 33.0, 33.0, 33.0, 33.0, 33.0, 33.0, 33.0, 33.0, 33.0, 33.0, 33.0, 33.0, 33.0, 33.0, 33.0, 33.0, 33.0, 33.0, 33.0, 33.0, 33.0, 33.0, 33.0, 33.0, 33.0, 33.0, 33.0, 33.0, 33.0, 33.0, 33.0, 33.0, 33.0, 33.0, 33.0, 33.0, 33.0, 33.0, 33.0, 33.0, 33.0, 33.0, 33.0, 33.0, 33.0, 33.0, 33.0, 33.0, 33.0, 33.0, 33.0, 33.0, 33.0, 33.0, 33.0, 33.0, 33.0, 33.0, 33.0, 33.0, 33.0, 33.0, 33.0, 33.0, 33.0, 33.0, 33.0, 33.0, 33.0, 33.0, 33.0, 33.0, 33.0, 33.0, 33.0, 33.0, 33.0, 33.0, 33.0, 33.0, 33.0, 33.0, 33.0, 33.0, 33.0, 33.0, 33.0, 33.0, 33.0, 33.0, 33.0, 33.0, 33.0, 33.0, 33.0, 33.0, 33.0, 33.0, 33.0, 33.0, 33.0, 33.0, 33.0, 33.0, 33.0, 33.0, 33.0, 33.0, 33.0, 33.0, 33.0, 33.0, 33.0, 33.0, 33.0, 33.0, 33.0, 33.0, 33.0, 33.0, 33.0, 33.0, 33.0, 33.0, 33.0, 33.0, 33.0, 33.0, 33.0, 33.0, 33.0, 33.0, 33.0, 33.0, 33.0, 33.0, 33.0, 33.0, 33.0, 33.0, 33.0, 33.0, 33.0, 33.0, 33.0, 33.0, 33.0, 33.0, 33.0, 33.0, 33.0, 33.0, 33.0, 33.0, 33.0, 33.0, 33.0, 33.0, 33.0, 33.0, 33.0, 33.0, 33.0, 33.0, 33.0, 33.0, 33.0, 33.0, 33.0, 33.0, 33.0, 33.0, 33.0, 33.0, 33.0, 33.0, 33.0, 33.0, 33.0, 33.0, 33.0, 33.0, 33.0, 33.0, 33.0, 33.0, 33.0, 33.0, 33.0, 33.0, 33.0, 33.0, 33.0, 33.0, 33.0, 33.0, 33.0, 33.0, 33.0, 33.0, 33.0, 33.0, 33.0, 33.0, 33.0, 33.0, 33.0, 33.0, 33.0, 33.0, 33.0, 33.0, 33.0, 33.0, 33.0, 33.0, 33.0, 33.0, 33.0, 33.0, 33.0, 33.0, 33.0, 33.0, 33.0, 33.0, 33.0, 33.0, 33.0, 33.0, 33.0, 33.0, 33.0, 33.0, 33.0, 33.0, 33.0, 33.0, 33.0, 33.0, 33.0, 33.0, 33.0, 33.0, 33.0, 33.0, 33.0, 33.0, 33.0, 33.0, 33.0, 33.0, 33.0, 33.0, 33.0, 33.0, 33.0, 33.0, 33.0, 33.0, 33.0, 33.0]",COMPLETE
