,number,value,datetime_start,datetime_complete,duration,params_batch_size_scaler,params_constant_learning_rate,params_depth,params_epochs,params_kernel_l2,params_num_trees,params_temperature,user_attrs_accuracy_test,user_attrs_accuracy_valid,user_attrs_approximate_feature_sparsity,user_attrs_approximate_feature_sparsity_history,user_attrs_approximate_weight_sparsity,user_attrs_approximate_weight_sparsity_history,user_attrs_auc_test,user_attrs_auc_valid,user_attrs_feature_sparsity,user_attrs_feature_sparsity_history,user_attrs_num_epochs,user_attrs_val_loss_history,user_attrs_weight_sparsity,user_attrs_weight_sparsity_history,state
121,121,0.9223892517164535,2024-08-31 06:01:08.531855,2024-08-31 06:04:21.628442,0 days 00:03:13.096587,1,0.16481027342931118,5,50,0.0012170361689014528,88,0.0072685265314232595,0.939,0.93875,33,"[33, 33, 33, 33, 33, 33, 33, 33, 33, 33, 33, 33, 33, 33, 33, 33, 33, 33, 33, 33, 33, 33, 33, 33, 33, 33, 33, 33, 33, 33, 33, 33, 33, 33, 33, 33, 33, 33, 33, 33, 33, 33, 33, 33, 33, 33, 33, 33, 33, 33]",32.946114369501466,"[32.93401759530792, 32.931451612903224, 32.93218475073314, 32.9358504398827, 32.92815249266862, 32.92925219941349, 32.93768328445748, 32.93181818181818, 32.93218475073314, 32.9299853372434, 32.92741935483871, 32.92558651026393, 32.933651026392965, 32.93035190615836, 32.93071847507331, 32.932184750733136, 32.93511730205278, 32.927052785923756, 32.92851906158358, 32.92778592375367, 32.929618768328446, 32.93255131964809, 32.929618768328446, 32.93035190615836, 32.93841642228739, 32.9391495601173, 32.93291788856305, 32.93768328445748, 32.9325513196481, 32.93511730205278, 32.93511730205279, 32.926319648093845, 32.934017595307914, 32.92558651026393, 32.93438416422288, 32.93181818181819, 32.93438416422288, 32.9299853372434, 32.940982404692086, 32.93841642228739, 32.939516129032256, 32.94318181818182, 32.938782991202345, 32.94721407624633, 32.94024926686217, 32.94391495601173, 32.938782991202345, 32.93804985337243, 32.93841642228739, 32.946114369501466]",0.9121359984808328,0.9223892517164535,33,"[33, 33, 33, 33, 33, 33, 33, 33, 33, 33, 33, 33, 33, 33, 33, 33, 33, 33, 33, 33, 33, 33, 33, 33, 33, 33, 33, 33, 33, 33, 33, 33, 33, 33, 33, 33, 33, 33, 33, 33, 33, 33, 33, 33, 33, 33, 33, 33, 33, 33]",50,"[0.3753034174442291, 0.3665692210197449, 0.3593907952308655, 0.3522818684577942, 0.3438483476638794, 0.3416346311569214, 0.33434826135635376, 0.3281221389770508, 0.32412347197532654, 0.31744757294654846, 0.30956873297691345, 0.30049213767051697, 0.2907666265964508, 0.28212058544158936, 0.27097105979919434, 0.26326897740364075, 0.25841042399406433, 0.2513124346733093, 0.2465488314628601, 0.24293074011802673, 0.2373608648777008, 0.2363996058702469, 0.23003141582012177, 0.2322385162115097, 0.22447918355464935, 0.22439275681972504, 0.2178204506635666, 0.22013598680496216, 0.21505838632583618, 0.21430090069770813, 0.21304906904697418, 0.21126459538936615, 0.2064959555864334, 0.20510487258434296, 0.21165186166763306, 0.20364686846733093, 0.20087160170078278, 0.2012731432914734, 0.2016313374042511, 0.19962236285209656, 0.19978468120098114, 0.19547946751117706, 0.20082205533981323, 0.19527433812618256, 0.19597946107387543, 0.1918434202671051, 0.1915035992860794, 0.19377721846103668, 0.19460539519786835, 0.19265305995941162]",33.0,"[33.0, 33.0, 33.0, 33.0, 33.0, 33.0, 33.0, 33.0, 33.0, 33.0, 33.0, 33.0, 33.0, 33.0, 33.0, 33.0, 33.0, 33.0, 33.0, 33.0, 33.0, 33.0, 33.0, 33.0, 33.0, 33.0, 33.0, 33.0, 33.0, 33.0, 33.0, 33.0, 33.0, 33.0, 33.0, 33.0, 33.0, 33.0, 33.0, 33.0, 33.0, 33.0, 33.0, 33.0, 33.0, 33.0, 33.0, 33.0, 33.0, 33.0]",COMPLETE
122,122,0.8777421390939187,2024-08-31 06:04:23.770080,2024-08-31 06:06:13.808851,0 days 00:01:50.038771,16,0.1214512396857969,5,265,0.00633794967321305,64,0.07297797787671628,0.888,0.885,33,"[33, 33, 33, 33, 33, 33, 33, 33, 33, 33, 33, 33, 33, 33, 33, 33, 33, 33, 33, 33, 33, 33, 33, 33, 33, 33, 33, 33, 33, 33, 33, 33, 33, 33, 33, 33, 33, 33, 33, 33, 33, 33, 33, 33, 33, 33, 33, 33, 33, 33, 33, 33, 33, 33, 33, 33, 33, 33, 33, 33, 33, 33, 33, 33, 33, 33, 33, 33, 33, 33, 33, 33, 33, 33, 33, 33, 33, 33, 33, 33, 33, 33, 33, 33, 33, 33, 33, 33, 33, 33, 33, 33, 33, 33, 33, 33, 33, 33, 33, 33, 33, 33, 33, 33, 33, 33, 33, 33, 33, 33, 33, 33, 33, 33, 33, 33, 33, 33, 33, 33, 33, 33, 33, 33, 33, 33, 33, 33, 33, 33, 33, 33, 33, 33, 33, 33, 33, 33, 33, 33, 33, 33, 33, 33, 33, 33, 33, 33, 33, 33, 33, 33, 33, 33, 33, 33, 33, 33, 33, 33, 33, 33, 33, 33, 33, 33, 33, 33, 33, 33, 33, 33, 33, 33, 33, 33, 33, 33, 33, 33, 33, 33, 33, 33, 33, 33, 33, 33, 33, 33, 33, 33, 33, 33, 33, 33, 33, 33, 33, 33, 33, 33, 33, 33, 33, 33, 33, 33, 33, 33, 33, 33, 33, 33, 33, 33, 33, 33, 33, 33, 33, 33, 33, 33, 33, 33, 33, 33, 33, 33, 33, 33, 33, 33, 33, 33, 33, 33, 33, 33, 33, 33, 33, 33, 33, 33, 33, 33, 33, 33, 33, 33, 33, 33, 33, 33, 33, 33, 33, 33, 33, 33, 33, 33, 33]",32.94405241935484,"[32.928931451612904, 32.93296370967742, 32.93649193548387, 32.94002016129033, 32.9375, 32.94153225806452, 32.93346774193549, 32.94153225806452, 32.936995967741936, 32.939516129032256, 32.946068548387096, 32.95463709677419, 32.94707661290323, 32.94254032258065, 32.94506048387097, 32.943548387096776, 32.942036290322584, 32.93850806451613, 32.93497983870968, 32.93296370967742, 32.927923387096776, 32.93497983870968, 32.938004032258064, 32.940524193548384, 32.93649193548387, 32.940524193548384, 32.93397177419355, 32.94254032258065, 32.93245967741936, 32.92993951612903, 32.931451612903224, 32.935483870967744, 32.941028225806456, 32.940524193548384, 32.94657258064516, 32.94002016129032, 32.94254032258065, 32.94556451612903, 32.94052419354839, 32.93850806451613, 32.938508064516135, 32.941028225806456, 32.94707661290323, 32.952620967741936, 32.94405241935484, 32.94909274193549, 32.9460685483871, 32.94506048387097, 32.936995967741936, 32.93649193548387, 32.93397177419355, 32.93598790322581, 32.93346774193548, 32.9375, 32.93497983870968, 32.934475806451616, 32.93598790322581, 32.936995967741936, 32.934475806451616, 32.9375, 32.94002016129032, 32.94153225806452, 32.934475806451616, 32.94153225806452, 32.938004032258064, 32.93094758064516, 32.93346774193549, 32.93346774193549, 32.93397177419355, 32.9375, 32.94254032258065, 32.944556451612904, 32.94808467741936, 32.94506048387097, 32.94556451612903, 32.943548387096776, 32.943548387096776, 32.94002016129033, 32.93850806451613, 32.9375, 32.94304435483871, 32.94405241935484, 32.94506048387097, 32.950100806451616, 32.94405241935484, 32.94304435483871, 32.943548387096776, 32.947076612903224, 32.94052419354839, 32.94304435483871, 32.943548387096776, 32.942036290322584, 32.94304435483871, 32.943548387096776, 32.944556451612904, 32.94153225806452, 32.939516129032256, 32.938004032258064, 32.93901209677419, 32.94304435483871, 32.942036290322584, 32.94304435483871, 32.94657258064516, 32.94959677419355, 32.94506048387097, 32.94556451612903, 32.94556451612903, 32.94254032258065, 32.94254032258065, 32.94254032258065, 32.94758064516129, 32.95161290322581, 32.94304435483871, 32.93901209677419, 32.941028225806456, 32.94858870967742, 32.953629032258064, 32.950100806451616, 32.94405241935484, 32.94556451612903, 32.942036290322584, 32.938004032258064, 32.93951612903226, 32.94153225806452, 32.95161290322581, 32.951108870967744, 32.94556451612903, 32.94304435483871, 32.943548387096776, 32.944556451612904, 32.94506048387097, 32.943548387096776, 32.942036290322584, 32.94002016129033, 32.93951612903226, 32.94304435483871, 32.938004032258064, 32.94556451612903, 32.94556451612903, 32.94556451612903, 32.94707661290323, 32.943548387096776, 32.94405241935484, 32.94808467741935, 32.94153225806452, 32.94556451612903, 32.94153225806452, 32.94506048387097, 32.94304435483871, 32.9375, 32.942036290322584, 32.94556451612903, 32.94304435483871, 32.94405241935484, 32.94556451612903, 32.94758064516129, 32.943548387096776, 32.94405241935484, 32.94002016129033, 32.93850806451613, 32.93850806451613, 32.9375, 32.93850806451613, 32.9375, 32.93850806451613, 32.93497983870968, 32.936995967741936, 32.936995967741936, 32.93397177419355, 32.93850806451613, 32.93598790322581, 32.94153225806452, 32.94304435483871, 32.94254032258065, 32.94506048387097, 32.94304435483871, 32.944556451612904, 32.94405241935484, 32.94808467741935, 32.94657258064516, 32.94657258064516, 32.94254032258065, 32.9390120967742, 32.93901209677419, 32.93901209677419, 32.94254032258065, 32.944556451612904, 32.94002016129032, 32.93598790322581, 32.939516129032256, 32.93598790322581, 32.94254032258065, 32.93901209677419, 32.93901209677419, 32.938004032258064, 32.94052419354839, 32.94304435483871, 32.941028225806456, 32.943548387096776, 32.94254032258065, 32.94506048387097, 32.94405241935484, 32.94304435483871, 32.94254032258065, 32.94153225806452, 32.941028225806456, 32.936995967741936, 32.935483870967744, 32.93397177419355, 32.93245967741936, 32.93245967741936, 32.92842741935484, 32.93497983870968, 32.93649193548387, 32.938004032258064, 32.936995967741936, 32.93296370967742, 32.93649193548387, 32.93497983870968, 32.934475806451616, 32.936995967741936, 32.94254032258065, 32.94707661290323, 32.942036290322584, 32.941028225806456, 32.938508064516135, 32.9390120967742, 32.93951612903226, 32.941028225806456, 32.93850806451613, 32.94002016129033, 32.938508064516135, 32.93649193548387, 32.93649193548387, 32.93649193548387, 32.93850806451613, 32.94304435483871, 32.941028225806456, 32.936995967741936, 32.94153225806452, 32.94153225806452, 32.93951612903226, 32.93800403225807, 32.939516129032256, 32.943548387096776, 32.947580645161295, 32.94304435483871, 32.94304435483871, 32.944556451612904, 32.94405241935484, 32.94506048387097, 32.94556451612903, 32.94506048387097, 32.9460685483871, 32.94909274193549, 32.94909274193549, 32.94304435483871, 32.94304435483871, 32.942036290322584, 32.94405241935484, 32.94304435483871, 32.94002016129032, 32.936995967741936, 32.94304435483871, 32.94405241935484]",0.8677829242315408,0.8777421390939187,33,"[33, 33, 33, 33, 33, 33, 33, 33, 33, 33, 33, 33, 33, 33, 33, 33, 33, 33, 33, 33, 33, 33, 33, 33, 33, 33, 33, 33, 33, 33, 33, 33, 33, 33, 33, 33, 33, 33, 33, 33, 33, 33, 33, 33, 33, 33, 33, 33, 33, 33, 33, 33, 33, 33, 33, 33, 33, 33, 33, 33, 33, 33, 33, 33, 33, 33, 33, 33, 33, 33, 33, 33, 33, 33, 33, 33, 33, 33, 33, 33, 33, 33, 33, 33, 33, 33, 33, 33, 33, 33, 33, 33, 33, 33, 33, 33, 33, 33, 33, 33, 33, 33, 33, 33, 33, 33, 33, 33, 33, 33, 33, 33, 33, 33, 33, 33, 33, 33, 33, 33, 33, 33, 33, 33, 33, 33, 33, 33, 33, 33, 33, 33, 33, 33, 33, 33, 33, 33, 33, 33, 33, 33, 33, 33, 33, 33, 33, 33, 33, 33, 33, 33, 33, 33, 33, 33, 33, 33, 33, 33, 33, 33, 33, 33, 33, 33, 33, 33, 33, 33, 33, 33, 33, 33, 33, 33, 33, 33, 33, 33, 33, 33, 33, 33, 33, 33, 33, 33, 33, 33, 33, 33, 33, 33, 33, 33, 33, 33, 33, 33, 33, 33, 33, 33, 33, 33, 33, 33, 33, 33, 33, 33, 33, 33, 33, 33, 33, 33, 33, 33, 33, 33, 33, 33, 33, 33, 33, 33, 33, 33, 33, 33, 33, 33, 33, 33, 33, 33, 33, 33, 33, 33, 33, 33, 33, 33, 33, 33, 33, 33, 33, 33, 33, 33, 33, 33, 33, 33, 33, 33, 33, 33, 33, 33, 33]",265,"[0.417307585477829, 0.40195420384407043, 0.39740127325057983, 0.3946585953235626, 0.39233508706092834, 0.39021968841552734, 0.3883844017982483, 0.38672107458114624, 0.3850867748260498, 0.3836144208908081, 0.3822634816169739, 0.38105273246765137, 0.3800064027309418, 0.3789216876029968, 0.3779635727405548, 0.376985639333725, 0.37614232301712036, 0.37542715668678284, 0.37474697828292847, 0.3740481436252594, 0.37328067421913147, 0.3726712465286255, 0.3720945119857788, 0.3713669180870056, 0.3708956241607666, 0.3703044652938843, 0.3698151409626007, 0.3692203462123871, 0.3686668872833252, 0.3682176172733307, 0.36777961254119873, 0.36732494831085205, 0.36685848236083984, 0.3664250075817108, 0.36601191759109497, 0.36553284525871277, 0.3652368187904358, 0.36486220359802246, 0.36448347568511963, 0.36410853266716003, 0.3636256754398346, 0.3632478415966034, 0.3628924489021301, 0.36250224709510803, 0.3621293902397156, 0.3618345558643341, 0.3613704741001129, 0.3611104488372803, 0.36059510707855225, 0.3601682186126709, 0.3597751259803772, 0.3594212234020233, 0.359182745218277, 0.3588109314441681, 0.35838043689727783, 0.35801494121551514, 0.35770270228385925, 0.3572916090488434, 0.3568449318408966, 0.35657626390457153, 0.3561283051967621, 0.3557031750679016, 0.35534772276878357, 0.3548945188522339, 0.3546699583530426, 0.35431790351867676, 0.35404953360557556, 0.353746235370636, 0.35329073667526245, 0.35289767384529114, 0.3524908423423767, 0.3522486090660095, 0.3517996072769165, 0.3515644967556, 0.3511733114719391, 0.3507375717163086, 0.3504296839237213, 0.35007792711257935, 0.3497806787490845, 0.34935128688812256, 0.3491175174713135, 0.3486694097518921, 0.3482910096645355, 0.34792956709861755, 0.3476181924343109, 0.34722110629081726, 0.34690961241722107, 0.3466024398803711, 0.3463731110095978, 0.3459773361682892, 0.34561416506767273, 0.34535807371139526, 0.34496787190437317, 0.34474727511405945, 0.3443721532821655, 0.3440019488334656, 0.3436323404312134, 0.34335827827453613, 0.34297943115234375, 0.3427160382270813, 0.342329204082489, 0.3419463634490967, 0.3416234254837036, 0.3412858843803406, 0.3409445881843567, 0.34066522121429443, 0.3402617573738098, 0.3400479555130005, 0.3397798240184784, 0.3394603729248047, 0.3389580249786377, 0.33880794048309326, 0.3382798135280609, 0.3380131423473358, 0.3376929759979248, 0.3374845087528229, 0.3371557891368866, 0.3368434011936188, 0.33646538853645325, 0.33603692054748535, 0.3357621729373932, 0.3355613648891449, 0.335163414478302, 0.33490073680877686, 0.33448317646980286, 0.3340838551521301, 0.33368006348609924, 0.3333665132522583, 0.3329726755619049, 0.3326650559902191, 0.3323744535446167, 0.3319733142852783, 0.3316696882247925, 0.33129554986953735, 0.3308698236942291, 0.33053311705589294, 0.33022186160087585, 0.32989802956581116, 0.3295479714870453, 0.3293040990829468, 0.32882729172706604, 0.3284969627857208, 0.3281165659427643, 0.32776013016700745, 0.32720252871513367, 0.32696911692619324, 0.3266184628009796, 0.32633817195892334, 0.3259899616241455, 0.32574042677879333, 0.32525086402893066, 0.32482650876045227, 0.32450976967811584, 0.32410773634910583, 0.3237711787223816, 0.3234797716140747, 0.32311224937438965, 0.3227785527706146, 0.32237309217453003, 0.3218446373939514, 0.3215538263320923, 0.32112839818000793, 0.3207096755504608, 0.3203674256801605, 0.3199869394302368, 0.3197040855884552, 0.31926074624061584, 0.3188372254371643, 0.31861412525177, 0.31839293241500854, 0.3177928626537323, 0.3175325095653534, 0.31716328859329224, 0.3167526125907898, 0.3164088726043701, 0.3158818185329437, 0.3155806064605713, 0.3150895833969116, 0.3145715296268463, 0.3141278922557831, 0.31383922696113586, 0.3132840096950531, 0.3128998279571533, 0.3124271333217621, 0.31203871965408325, 0.31176379323005676, 0.3111594617366791, 0.3106870949268341, 0.3101620376110077, 0.3097578287124634, 0.3093714416027069, 0.30883726477622986, 0.30845046043395996, 0.308106929063797, 0.3075965642929077, 0.3071076273918152, 0.3065962493419647, 0.3061738908290863, 0.305681049823761, 0.30527639389038086, 0.30474022030830383, 0.3041817843914032, 0.3037590980529785, 0.3033626973628998, 0.3029061257839203, 0.3024522662162781, 0.30202603340148926, 0.3015771806240082, 0.30120426416397095, 0.300640344619751, 0.3001895844936371, 0.2996756434440613, 0.2992364466190338, 0.2987411916255951, 0.2982414662837982, 0.297843337059021, 0.2972724437713623, 0.2967818081378937, 0.2963309586048126, 0.29582348465919495, 0.29525816440582275, 0.2947900593280792, 0.29427996277809143, 0.29378998279571533, 0.293352872133255, 0.2928558588027954, 0.2923218607902527, 0.29181012511253357, 0.29126060009002686, 0.290836900472641, 0.2904122769832611, 0.28993624448776245, 0.289524108171463, 0.28900688886642456, 0.2885952293872833, 0.2881736159324646, 0.28749769926071167, 0.2870858311653137, 0.28657469153404236, 0.28608283400535583, 0.2854864001274109, 0.28499993681907654, 0.2845335304737091, 0.28409087657928467, 0.28368014097213745, 0.28320202231407166, 0.28275611996650696, 0.2823546528816223, 0.2819291353225708, 0.28143081068992615, 0.28095319867134094, 0.2805122137069702, 0.280139297246933, 0.2797625660896301, 0.27932029962539673, 0.2787471115589142, 0.27837592363357544, 0.27795886993408203, 0.2774699926376343, 0.27691471576690674, 0.27653229236602783, 0.2761712968349457, 0.2757958173751831, 0.2753218114376068, 0.27477386593818665]",33.0,"[33.0, 33.0, 33.0, 33.0, 33.0, 33.0, 33.0, 33.0, 33.0, 33.0, 33.0, 33.0, 33.0, 33.0, 33.0, 33.0, 33.0, 33.0, 33.0, 33.0, 33.0, 33.0, 33.0, 33.0, 33.0, 33.0, 33.0, 33.0, 33.0, 33.0, 33.0, 33.0, 33.0, 33.0, 33.0, 33.0, 33.0, 33.0, 33.0, 33.0, 33.0, 33.0, 33.0, 33.0, 33.0, 33.0, 33.0, 33.0, 33.0, 33.0, 33.0, 33.0, 33.0, 33.0, 33.0, 33.0, 33.0, 33.0, 33.0, 33.0, 33.0, 33.0, 33.0, 33.0, 33.0, 33.0, 33.0, 33.0, 33.0, 33.0, 33.0, 33.0, 33.0, 33.0, 33.0, 33.0, 33.0, 33.0, 33.0, 33.0, 33.0, 33.0, 33.0, 33.0, 33.0, 33.0, 33.0, 33.0, 33.0, 33.0, 33.0, 33.0, 33.0, 33.0, 33.0, 33.0, 33.0, 33.0, 33.0, 33.0, 33.0, 33.0, 33.0, 33.0, 33.0, 33.0, 33.0, 33.0, 33.0, 33.0, 33.0, 33.0, 33.0, 33.0, 33.0, 33.0, 33.0, 33.0, 33.0, 33.0, 33.0, 33.0, 33.0, 33.0, 33.0, 33.0, 33.0, 33.0, 33.0, 33.0, 33.0, 33.0, 33.0, 33.0, 33.0, 33.0, 33.0, 33.0, 33.0, 33.0, 33.0, 33.0, 33.0, 33.0, 33.0, 33.0, 33.0, 33.0, 33.0, 33.0, 33.0, 33.0, 33.0, 33.0, 33.0, 33.0, 33.0, 33.0, 33.0, 33.0, 33.0, 33.0, 33.0, 33.0, 33.0, 33.0, 33.0, 33.0, 33.0, 33.0, 33.0, 33.0, 33.0, 33.0, 33.0, 33.0, 33.0, 33.0, 33.0, 33.0, 33.0, 33.0, 33.0, 33.0, 33.0, 33.0, 33.0, 33.0, 33.0, 33.0, 33.0, 33.0, 33.0, 33.0, 33.0, 33.0, 33.0, 33.0, 33.0, 33.0, 33.0, 33.0, 33.0, 33.0, 33.0, 33.0, 33.0, 33.0, 33.0, 33.0, 33.0, 33.0, 33.0, 33.0, 33.0, 33.0, 33.0, 33.0, 33.0, 33.0, 33.0, 33.0, 33.0, 33.0, 33.0, 33.0, 33.0, 33.0, 33.0, 33.0, 33.0, 33.0, 33.0, 33.0, 33.0, 33.0, 33.0, 33.0, 33.0, 33.0, 33.0, 33.0, 33.0, 33.0, 33.0, 33.0, 33.0, 33.0, 33.0, 33.0, 33.0, 33.0, 33.0, 33.0, 33.0, 33.0, 33.0, 33.0, 33.0, 33.0, 33.0, 33.0, 33.0, 33.0, 33.0]",COMPLETE
123,123,0.5,2024-08-31 06:06:16.393467,2024-08-31 06:06:50.630947,0 days 00:00:34.237480,16,1.081464351319623,5,70,0.6368236509543665,19,0.009470062856194231,0.859,0.85875,0,"[33, 33, 1, 0, 0, 0, 0, 0, 0, 0, 0, 0, 0, 0, 0, 0, 0, 0, 0, 0, 0, 0, 0, 0, 0, 0, 0, 0, 0, 0, 0, 0, 0, 0, 0, 0, 0, 0, 0, 0, 0, 0, 0, 0, 0, 0, 0, 0, 0, 0, 0, 0, 0, 0, 0, 0, 0, 0, 0, 0, 0, 0, 0, 0, 0, 0, 0, 0, 0, 0]",0.0,"[32.97283531409168, 32.964346349745334, 1.0, 0.0, 0.0, 0.0, 0.0, 0.0, 0.0, 0.0, 0.0, 0.0, 0.0, 0.0, 0.0, 0.0, 0.0, 0.0, 0.0, 0.0, 0.0, 0.0, 0.0, 0.0, 0.0, 0.0, 0.0, 0.0, 0.0, 0.0, 0.0, 0.0, 0.0, 0.0, 0.0, 0.0, 0.0, 0.0, 0.0, 0.0, 0.0, 0.0, 0.0, 0.0, 0.0, 0.0, 0.0, 0.0, 0.0, 0.0, 0.0, 0.0, 0.0, 0.0, 0.0, 0.0, 0.0, 0.0, 0.0, 0.0, 0.0, 0.0, 0.0, 0.0, 0.0, 0.0, 0.0, 0.0, 0.0, 0.0]",0.5,0.5,0,"[33, 33, 1, 0, 0, 0, 0, 0, 0, 0, 0, 0, 0, 0, 0, 0, 0, 0, 0, 0, 0, 0, 0, 0, 0, 0, 0, 0, 0, 0, 0, 0, 0, 0, 0, 0, 0, 0, 0, 0, 0, 0, 0, 0, 0, 0, 0, 0, 0, 0, 0, 0, 0, 0, 0, 0, 0, 0, 0, 0, 0, 0, 0, 0, 0, 0, 0, 0, 0, 0]",70,"[0.4460725784301758, 0.4326317608356476, 0.4011639654636383, 0.40768131613731384, 0.407234787940979, 0.4072887897491455, 0.4072404205799103, 0.4075329303741455, 0.4072396755218506, 0.4072798490524292, 0.4073556959629059, 0.40768489241600037, 0.4073024392127991, 0.40722620487213135, 0.4074362814426422, 0.407243549823761, 0.40741363167762756, 0.407270610332489, 0.40725094079971313, 0.40730148553848267, 0.40723177790641785, 0.4072358310222626, 0.40733715891838074, 0.4073087275028229, 0.407284140586853, 0.40722620487213135, 0.4072731137275696, 0.40747761726379395, 0.4072492718696594, 0.4072344899177551, 0.4072492718696594, 0.4072854518890381, 0.40728655457496643, 0.4074879586696625, 0.40723124146461487, 0.4077130854129791, 0.40727466344833374, 0.40723469853401184, 0.4079160690307617, 0.4074058532714844, 0.4072534143924713, 0.4072716534137726, 0.40724819898605347, 0.40729740262031555, 0.40726238489151, 0.40742945671081543, 0.40741634368896484, 0.4074077904224396, 0.40745389461517334, 0.4072704017162323, 0.40751543641090393, 0.40723717212677, 0.40734171867370605, 0.4073590934276581, 0.40722885727882385, 0.4075334966182709, 0.40734657645225525, 0.40724050998687744, 0.40734899044036865, 0.40730977058410645, 0.4073902368545532, 0.4072263240814209, 0.4072451889514923, 0.40750131011009216, 0.40747547149658203, 0.4074351489543915, 0.40722760558128357, 0.4076598882675171, 0.40736567974090576, 0.40723907947540283]",0.0,"[33.0, 33.0, 1.0, 0.0, 0.0, 0.0, 0.0, 0.0, 0.0, 0.0, 0.0, 0.0, 0.0, 0.0, 0.0, 0.0, 0.0, 0.0, 0.0, 0.0, 0.0, 0.0, 0.0, 0.0, 0.0, 0.0, 0.0, 0.0, 0.0, 0.0, 0.0, 0.0, 0.0, 0.0, 0.0, 0.0, 0.0, 0.0, 0.0, 0.0, 0.0, 0.0, 0.0, 0.0, 0.0, 0.0, 0.0, 0.0, 0.0, 0.0, 0.0, 0.0, 0.0, 0.0, 0.0, 0.0, 0.0, 0.0, 0.0, 0.0, 0.0, 0.0, 0.0, 0.0, 0.0, 0.0, 0.0, 0.0, 0.0, 0.0]",COMPLETE
