,number,value,datetime_start,datetime_complete,duration,params_batch_size_scaler,params_constant_learning_rate,params_depth,params_epochs,params_kernel_l2,params_num_trees,params_temperature,user_attrs_accuracy_test,user_attrs_accuracy_valid,user_attrs_approximate_feature_sparsity,user_attrs_approximate_feature_sparsity_history,user_attrs_approximate_weight_sparsity,user_attrs_approximate_weight_sparsity_history,user_attrs_auc_test,user_attrs_auc_valid,user_attrs_feature_sparsity,user_attrs_feature_sparsity_history,user_attrs_num_epochs,user_attrs_val_loss_history,user_attrs_weight_sparsity,user_attrs_weight_sparsity_history,state
18,18,0.5,2024-08-31 01:30:17.024794,2024-08-31 01:30:29.974647,0 days 00:00:12.949853,16,5.176378532337808,3,70,0.2649029487545046,48,0.056374963336854114,0.859,0.85875,0,"[0, 0, 0, 0, 0, 0, 0, 0, 0, 0, 0, 0, 0, 0, 0, 0, 0, 0, 0, 0, 0, 0, 0, 0, 0, 0, 0, 0, 0, 0, 0, 0, 0, 0, 0, 0, 0, 0, 0, 0, 0, 0, 0, 0, 0, 0, 0, 0, 0, 0, 0, 0, 0, 0, 0, 0, 0, 0, 0, 0, 0, 0, 0, 0, 0, 0, 0, 0, 0, 0]",0.0,"[0.0, 0.0, 0.0, 0.0, 0.0, 0.0, 0.0, 0.0, 0.0, 0.0, 0.0, 0.0, 0.0, 0.0, 0.0, 0.0, 0.0, 0.0, 0.0, 0.0, 0.0, 0.0, 0.0, 0.0, 0.0, 0.0, 0.0, 0.0, 0.0, 0.0, 0.0, 0.0, 0.0, 0.0, 0.0, 0.0, 0.0, 0.0, 0.0, 0.0, 0.0, 0.0, 0.0, 0.0, 0.0, 0.0, 0.0, 0.0, 0.0, 0.0, 0.0, 0.0, 0.0, 0.0, 0.0, 0.0, 0.0, 0.0, 0.0, 0.0, 0.0, 0.0, 0.0, 0.0, 0.0, 0.0, 0.0, 0.0, 0.0, 0.0]",0.5,0.5,0,"[0, 0, 0, 0, 0, 0, 0, 0, 0, 0, 0, 0, 0, 0, 0, 0, 0, 0, 0, 0, 0, 0, 0, 0, 0, 0, 0, 0, 0, 0, 0, 0, 0, 0, 0, 0, 0, 0, 0, 0, 0, 0, 0, 0, 0, 0, 0, 0, 0, 0, 0, 0, 0, 0, 0, 0, 0, 0, 0, 0, 0, 0, 0, 0, 0, 0, 0, 0, 0, 0]",70,"[2.9841701984405518, 3.2664928436279297, 4.561200141906738, 5.7815961837768555, 6.2759222984313965, 1.0292915105819702, 1.6669317483901978, 2.743757724761963, 5.735248565673828, 6.505070209503174, 0.6176436543464661, 2.167840003967285, 0.4851526618003845, 6.552248477935791, 4.757455825805664, 1.0462886095046997, 3.1048591136932373, 1.673153281211853, 4.4846954345703125, 5.889966011047363, 2.034978151321411, 1.7580877542495728, 6.284366607666016, 3.0980277061462402, 5.053810119628906, 0.8518351912498474, 1.7345798015594482, 2.4670157432556152, 3.351982831954956, 3.397462844848633, 0.4087582528591156, 0.42117756605148315, 2.2120745182037354, 3.535648822784424, 3.790952682495117, 0.8467311263084412, 1.677466630935669, 0.9988892078399658, 0.7474285960197449, 2.0105957984924316, 3.3065590858459473, 2.2523419857025146, 3.092200517654419, 2.679974317550659, 3.9661359786987305, 3.893355369567871, 6.0780720710754395, 6.247537612915039, 3.4822657108306885, 0.9020594954490662, 1.275317668914795, 5.100792407989502, 4.156500816345215, 6.325578212738037, 0.6575895547866821, 1.4867054224014282, 0.6519824266433716, 2.2608158588409424, 1.7749342918395996, 1.8445312976837158, 4.887295246124268, 4.020747184753418, 0.775117814540863, 1.6421785354614258, 2.2388319969177246, 1.5996278524398804, 0.5344039797782898, 2.7796730995178223, 0.6839091777801514, 2.920428514480591]",0.0,"[0.0, 0.0, 0.0, 0.0, 0.0, 0.0, 0.0, 0.0, 0.0, 0.0, 0.0, 0.0, 0.0, 0.0, 0.0, 0.0, 0.0, 0.0, 0.0, 0.0, 0.0, 0.0, 0.0, 0.0, 0.0, 0.0, 0.0, 0.0, 0.0, 0.0, 0.0, 0.0, 0.0, 0.0, 0.0, 0.0, 0.0, 0.0, 0.0, 0.0, 0.0, 0.0, 0.0, 0.0, 0.0, 0.0, 0.0, 0.0, 0.0, 0.0, 0.0, 0.0, 0.0, 0.0, 0.0, 0.0, 0.0, 0.0, 0.0, 0.0, 0.0, 0.0, 0.0, 0.0, 0.0, 0.0, 0.0, 0.0, 0.0, 0.0]",COMPLETE
