,number,value,datetime_start,datetime_complete,duration,params_batch_size_scaler,params_constant_learning_rate,params_depth,params_epochs,params_kernel_l2,params_num_trees,params_temperature,user_attrs_accuracy_test,user_attrs_accuracy_valid,user_attrs_approximate_feature_sparsity,user_attrs_approximate_feature_sparsity_history,user_attrs_approximate_weight_sparsity,user_attrs_approximate_weight_sparsity_history,user_attrs_auc_test,user_attrs_auc_valid,user_attrs_feature_sparsity,user_attrs_feature_sparsity_history,user_attrs_num_epochs,user_attrs_val_loss_history,user_attrs_weight_sparsity,user_attrs_weight_sparsity_history,state
26,26,0.5,2024-08-31 01:34:56.728031,2024-08-31 01:41:05.462635,0 days 00:06:08.734604,1,2.118887664703271,5,340,0.0448333699696528,27,0.011176841148972135,0.859,0.85875,0,"[0, 0, 0, 0, 0, 0, 0, 0, 0, 0, 0, 0, 0, 0, 0, 0, 0, 0, 0, 0, 0, 0, 0, 0, 0, 0, 0, 0, 0, 0, 0, 0, 0, 0, 0, 0, 0, 0, 0, 0, 0, 0, 0, 0, 0, 0, 0, 0, 0, 0, 0, 0, 0, 0, 0, 0, 0, 0, 0, 0, 0, 0, 0, 0, 0, 0, 0, 0, 0, 0, 0, 0, 0, 0, 0, 0, 0, 0, 0, 0, 0, 0, 0, 0, 0, 0, 0, 0, 0, 0, 0, 0, 0, 0, 0, 0, 0, 0, 0, 0, 0, 0, 0, 0, 0, 0, 0, 0, 0, 0, 0, 0, 0, 0, 0, 0, 0, 0, 0, 0, 0, 0, 0, 0, 0, 0, 0, 0, 0, 0, 0, 0, 0, 0, 0, 0, 0, 0, 0, 0, 0, 0, 0, 0, 0, 0, 0, 0, 0, 0, 0, 0, 0, 0, 0, 0, 0, 0, 0, 0, 0, 0, 0, 0, 0, 0, 0, 0, 0, 0, 0, 0, 0, 0, 0, 0, 0, 0, 0, 0, 0, 0, 0, 0, 0, 0, 0, 0, 0, 0, 0, 0, 0, 0, 0, 0, 0, 0, 0, 0, 0, 0, 0, 0, 0, 0, 0, 0, 0, 0, 0, 0, 0, 0, 0, 0, 0, 0, 0, 0, 0, 0, 0, 0, 0, 0, 0, 0, 0, 0, 0, 0, 0, 0, 0, 0, 0, 0, 0, 0, 0, 0, 0, 0, 0, 0, 0, 0, 0, 0, 0, 0, 0, 0, 0, 0, 0, 0, 0, 0, 0, 0, 0, 0, 0, 0, 0, 0, 0, 0, 0, 0, 0, 0, 0, 0, 0, 0, 0, 0, 0, 0, 0, 0, 0, 0, 0, 0, 0, 0, 0, 0, 0, 0, 0, 0, 0, 0, 0, 0, 0, 0, 0, 0, 0, 0, 0, 0, 0, 0, 0, 0, 0, 0, 0, 0, 0, 0, 0, 0, 0, 0, 0, 0, 0, 0, 0, 0, 0, 0, 0, 0, 0, 0, 0, 0, 0, 0, 0, 0]",0.0,"[0.0, 0.0, 0.0, 0.0, 0.0, 0.0, 0.0, 0.0, 0.0, 0.0, 0.0, 0.0, 0.0, 0.0, 0.0, 0.0, 0.0, 0.0, 0.0, 0.0, 0.0, 0.0, 0.0, 0.0, 0.0, 0.0, 0.0, 0.0, 0.0, 0.0, 0.0, 0.0, 0.0, 0.0, 0.0, 0.0, 0.0, 0.0, 0.0, 0.0, 0.0, 0.0, 0.0, 0.0, 0.0, 0.0, 0.0, 0.0, 0.0, 0.0, 0.0, 0.0, 0.0, 0.0, 0.0, 0.0, 0.0, 0.0, 0.0, 0.0, 0.0, 0.0, 0.0, 0.0, 0.0, 0.0, 0.0, 0.0, 0.0, 0.0, 0.0, 0.0, 0.0, 0.0, 0.0, 0.0, 0.0, 0.0, 0.0, 0.0, 0.0, 0.0, 0.0, 0.0, 0.0, 0.0, 0.0, 0.0, 0.0, 0.0, 0.0, 0.0, 0.0, 0.0, 0.0, 0.0, 0.0, 0.0, 0.0, 0.0, 0.0, 0.0, 0.0, 0.0, 0.0, 0.0, 0.0, 0.0, 0.0, 0.0, 0.0, 0.0, 0.0, 0.0, 0.0, 0.0, 0.0, 0.0, 0.0, 0.0, 0.0, 0.0, 0.0, 0.0, 0.0, 0.0, 0.0, 0.0, 0.0, 0.0, 0.0, 0.0, 0.0, 0.0, 0.0, 0.0, 0.0, 0.0, 0.0, 0.0, 0.0, 0.0, 0.0, 0.0, 0.0, 0.0, 0.0, 0.0, 0.0, 0.0, 0.0, 0.0, 0.0, 0.0, 0.0, 0.0, 0.0, 0.0, 0.0, 0.0, 0.0, 0.0, 0.0, 0.0, 0.0, 0.0, 0.0, 0.0, 0.0, 0.0, 0.0, 0.0, 0.0, 0.0, 0.0, 0.0, 0.0, 0.0, 0.0, 0.0, 0.0, 0.0, 0.0, 0.0, 0.0, 0.0, 0.0, 0.0, 0.0, 0.0, 0.0, 0.0, 0.0, 0.0, 0.0, 0.0, 0.0, 0.0, 0.0, 0.0, 0.0, 0.0, 0.0, 0.0, 0.0, 0.0, 0.0, 0.0, 0.0, 0.0, 0.0, 0.0, 0.0, 0.0, 0.0, 0.0, 0.0, 0.0, 0.0, 0.0, 0.0, 0.0, 0.0, 0.0, 0.0, 0.0, 0.0, 0.0, 0.0, 0.0, 0.0, 0.0, 0.0, 0.0, 0.0, 0.0, 0.0, 0.0, 0.0, 0.0, 0.0, 0.0, 0.0, 0.0, 0.0, 0.0, 0.0, 0.0, 0.0, 0.0, 0.0, 0.0, 0.0, 0.0, 0.0, 0.0, 0.0, 0.0, 0.0, 0.0, 0.0, 0.0, 0.0, 0.0, 0.0, 0.0, 0.0, 0.0, 0.0, 0.0, 0.0, 0.0, 0.0, 0.0, 0.0, 0.0, 0.0, 0.0, 0.0, 0.0, 0.0, 0.0, 0.0, 0.0, 0.0, 0.0, 0.0, 0.0, 0.0, 0.0, 0.0, 0.0, 0.0, 0.0, 0.0, 0.0, 0.0, 0.0, 0.0, 0.0, 0.0, 0.0, 0.0, 0.0, 0.0, 0.0, 0.0, 0.0, 0.0, 0.0, 0.0, 0.0, 0.0, 0.0, 0.0, 0.0, 0.0, 0.0, 0.0, 0.0, 0.0, 0.0, 0.0, 0.0, 0.0, 0.0, 0.0, 0.0, 0.0, 0.0, 0.0, 0.0, 0.0, 0.0, 0.0, 0.0, 0.0, 0.0, 0.0, 0.0]",0.5,0.5,0,"[0, 0, 0, 0, 0, 0, 0, 0, 0, 0, 0, 0, 0, 0, 0, 0, 0, 0, 0, 0, 0, 0, 0, 0, 0, 0, 0, 0, 0, 0, 0, 0, 0, 0, 0, 0, 0, 0, 0, 0, 0, 0, 0, 0, 0, 0, 0, 0, 0, 0, 0, 0, 0, 0, 0, 0, 0, 0, 0, 0, 0, 0, 0, 0, 0, 0, 0, 0, 0, 0, 0, 0, 0, 0, 0, 0, 0, 0, 0, 0, 0, 0, 0, 0, 0, 0, 0, 0, 0, 0, 0, 0, 0, 0, 0, 0, 0, 0, 0, 0, 0, 0, 0, 0, 0, 0, 0, 0, 0, 0, 0, 0, 0, 0, 0, 0, 0, 0, 0, 0, 0, 0, 0, 0, 0, 0, 0, 0, 0, 0, 0, 0, 0, 0, 0, 0, 0, 0, 0, 0, 0, 0, 0, 0, 0, 0, 0, 0, 0, 0, 0, 0, 0, 0, 0, 0, 0, 0, 0, 0, 0, 0, 0, 0, 0, 0, 0, 0, 0, 0, 0, 0, 0, 0, 0, 0, 0, 0, 0, 0, 0, 0, 0, 0, 0, 0, 0, 0, 0, 0, 0, 0, 0, 0, 0, 0, 0, 0, 0, 0, 0, 0, 0, 0, 0, 0, 0, 0, 0, 0, 0, 0, 0, 0, 0, 0, 0, 0, 0, 0, 0, 0, 0, 0, 0, 0, 0, 0, 0, 0, 0, 0, 0, 0, 0, 0, 0, 0, 0, 0, 0, 0, 0, 0, 0, 0, 0, 0, 0, 0, 0, 0, 0, 0, 0, 0, 0, 0, 0, 0, 0, 0, 0, 0, 0, 0, 0, 0, 0, 0, 0, 0, 0, 0, 0, 0, 0, 0, 0, 0, 0, 0, 0, 0, 0, 0, 0, 0, 0, 0, 0, 0, 0, 0, 0, 0, 0, 0, 0, 0, 0, 0, 0, 0, 0, 0, 0, 0, 0, 0, 0, 0, 0, 0, 0, 0, 0, 0, 0, 0, 0, 0, 0, 0, 0, 0, 0, 0, 0, 0, 0, 0, 0, 0, 0, 0, 0, 0, 0, 0]",340,"[0.41718417406082153, 0.4144292175769806, 0.4076036810874939, 0.4183672368526459, 0.4086771309375763, 0.4147840738296509, 0.40947818756103516, 0.41580185294151306, 0.40778812766075134, 0.40764081478118896, 0.4138365685939789, 0.4072268605232239, 0.4074340760707855, 0.40838542580604553, 0.41052016615867615, 0.41098499298095703, 0.40927478671073914, 0.42644134163856506, 0.4077642560005188, 0.4096086919307709, 0.4305838644504547, 0.4079171121120453, 0.4086901843547821, 0.4084584414958954, 0.4152112603187561, 0.4087097942829132, 0.41145843267440796, 0.4078132212162018, 0.4216356575489044, 0.4099433124065399, 0.4233883023262024, 0.40764477849006653, 0.43126559257507324, 0.42627525329589844, 0.4163071811199188, 0.4113672971725464, 0.43487122654914856, 0.41990479826927185, 0.4149892032146454, 0.42814797163009644, 0.4326309859752655, 0.40799564123153687, 0.41640326380729675, 0.4163450598716736, 0.40724438428878784, 0.4075550138950348, 0.40761223435401917, 0.42654961347579956, 0.4073546230792999, 0.422769159078598, 0.40806153416633606, 0.4089116156101227, 0.40882545709609985, 0.41254723072052, 0.4179733991622925, 0.41087254881858826, 0.4160090386867523, 0.4144883453845978, 0.409106969833374, 0.4089182913303375, 0.40951526165008545, 0.4078487455844879, 0.41228049993515015, 0.40727469325065613, 0.40738973021507263, 0.40861743688583374, 0.40723830461502075, 0.4217832684516907, 0.4113368093967438, 0.4224056005477905, 0.40750786662101746, 0.4073546230792999, 0.4120059609413147, 0.41462457180023193, 0.4081169068813324, 0.4271348714828491, 0.41331779956817627, 0.407577782869339, 0.4199639558792114, 0.4075974225997925, 0.4146197438240051, 0.42570507526397705, 0.4087790548801422, 0.408405601978302, 0.42403465509414673, 0.410288542509079, 0.4113893210887909, 0.4075063467025757, 0.40942513942718506, 0.408473402261734, 0.40759536623954773, 0.4113524258136749, 0.4132924973964691, 0.4072303771972656, 0.4082975387573242, 0.4185773730278015, 0.41262152791023254, 0.4085487425327301, 0.4453122019767761, 0.4184780418872833, 0.40795519948005676, 0.4075196087360382, 0.40723922848701477, 0.4086752235889435, 0.4073580801486969, 0.41378211975097656, 0.4093833267688751, 0.4103311598300934, 0.4175772964954376, 0.4089938998222351, 0.40723446011543274, 0.4098110496997833, 0.4106203317642212, 0.42178696393966675, 0.4329027533531189, 0.4227685034275055, 0.407765656709671, 0.41374653577804565, 0.4074838161468506, 0.4087671637535095, 0.41057923436164856, 0.40733081102371216, 0.40926891565322876, 0.433628648519516, 0.43335819244384766, 0.4203777015209198, 0.4213930368423462, 0.4203622043132782, 0.41084563732147217, 0.4138565957546234, 0.4087754189968109, 0.4096592962741852, 0.41033080220222473, 0.407724529504776, 0.4152867794036865, 0.41128310561180115, 0.40744200348854065, 0.4106840193271637, 0.4072584807872772, 0.4072296619415283, 0.4080745279788971, 0.40725260972976685, 0.41030341386795044, 0.40929508209228516, 0.4530409872531891, 0.4448325037956238, 0.41384395956993103, 0.4130900204181671, 0.4084220826625824, 0.40730515122413635, 0.41417747735977173, 0.4193631410598755, 0.40724512934684753, 0.4073418378829956, 0.4128879904747009, 0.407662570476532, 0.4072539210319519, 0.40900054574012756, 0.41404563188552856, 0.43022334575653076, 0.4109383523464203, 0.410207599401474, 0.4075630307197571, 0.4072631001472473, 0.4206700623035431, 0.4072457253932953, 0.4139936566352844, 0.434204638004303, 0.40768009424209595, 0.4174942076206207, 0.43543121218681335, 0.4359157979488373, 0.41088414192199707, 0.4073032736778259, 0.4176713228225708, 0.4278199076652527, 0.4153670072555542, 0.407540887594223, 0.41822898387908936, 0.4202321767807007, 0.4075549244880676, 0.40801018476486206, 0.4116862416267395, 0.41977033019065857, 0.4339391589164734, 0.4102115333080292, 0.4082481265068054, 0.40798747539520264, 0.41086411476135254, 0.4075073301792145, 0.4078069031238556, 0.4146374464035034, 0.437980055809021, 0.45782434940338135, 0.409407377243042, 0.4113219380378723, 0.4153575003147125, 0.40778598189353943, 0.41557443141937256, 0.42207595705986023, 0.4120035469532013, 0.41957390308380127, 0.4956338405609131, 0.4111458659172058, 0.4220522940158844, 0.4343538284301758, 0.4073835015296936, 0.40898600220680237, 0.4072808027267456, 0.40759968757629395, 0.4115605056285858, 0.4217623770236969, 0.4082711935043335, 0.4153735637664795, 0.40755146741867065, 0.41166412830352783, 0.41661888360977173, 0.4072432219982147, 0.4125421941280365, 0.40797874331474304, 0.40733420848846436, 0.41467297077178955, 0.40722930431365967, 0.4202195107936859, 0.4075756072998047, 0.41934773325920105, 0.40738216042518616, 0.4073514938354492, 0.4113502502441406, 0.4094341993331909, 0.41162967681884766, 0.40808814764022827, 0.4121536910533905, 0.4096943140029907, 0.4163230061531067, 0.41145339608192444, 0.4183935821056366, 0.408151775598526, 0.41508734226226807, 0.4181705713272095, 0.4090338945388794, 0.4072887897491455, 0.40722644329071045, 0.4097295105457306, 0.4080437421798706, 0.4098878502845764, 0.4099810719490051, 0.4558616280555725, 0.4074603319168091, 0.44571295380592346, 0.43605345487594604, 0.40735775232315063, 0.41555774211883545, 0.4218233823776245, 0.4145141839981079, 0.4127645194530487, 0.42631980776786804, 0.4228931665420532, 0.42847344279289246, 0.4133185148239136, 0.4098442792892456, 0.4163626730442047, 0.40873008966445923, 0.4082237184047699, 0.40723708271980286, 0.46435487270355225, 0.40790942311286926, 0.4212500751018524, 0.4104480743408203, 0.4410172402858734, 0.4109671413898468, 0.40812066197395325, 0.4073001742362976, 0.40959176421165466, 0.4143114387989044, 0.40790805220603943, 0.41228997707366943, 0.4125021696090698, 0.40896427631378174, 0.4101337194442749, 0.42321398854255676, 0.41365182399749756, 0.4364462196826935, 0.4351784884929657, 0.40867599844932556, 0.4224330186843872, 0.40913277864456177, 0.489378958940506, 0.4077189564704895, 0.4128846228122711, 0.4374724328517914, 0.40783149003982544, 0.40822991728782654, 0.4146786034107208, 0.43063026666641235, 0.4148176908493042, 0.41821756958961487, 0.4360651671886444, 0.40816494822502136, 0.47423461079597473, 0.40727561712265015, 0.40813690423965454, 0.41111382842063904, 0.40772324800491333, 0.4163818359375, 0.41022342443466187, 0.40741389989852905, 0.41748347878456116, 0.42421627044677734, 0.4177379310131073, 0.40789151191711426, 0.4073215425014496, 0.40878626704216003, 0.4074701964855194, 0.40804195404052734, 0.43151625990867615, 0.4126299023628235, 0.42103561758995056, 0.4233372211456299, 0.418634295463562, 0.41118815541267395, 0.41667720675468445, 0.4078496992588043, 0.41485464572906494, 0.43779078125953674, 0.4143698513507843, 0.4079265594482422, 0.4080207943916321, 0.4192807674407959, 0.4408314824104309, 0.4102993905544281, 0.41369742155075073, 0.40802469849586487, 0.41255107522010803, 0.4328348934650421, 0.41215240955352783, 0.40734273195266724, 0.4098879098892212, 0.40856510400772095, 0.41739121079444885]",0.0,"[0.0, 0.0, 0.0, 0.0, 0.0, 0.0, 0.0, 0.0, 0.0, 0.0, 0.0, 0.0, 0.0, 0.0, 0.0, 0.0, 0.0, 0.0, 0.0, 0.0, 0.0, 0.0, 0.0, 0.0, 0.0, 0.0, 0.0, 0.0, 0.0, 0.0, 0.0, 0.0, 0.0, 0.0, 0.0, 0.0, 0.0, 0.0, 0.0, 0.0, 0.0, 0.0, 0.0, 0.0, 0.0, 0.0, 0.0, 0.0, 0.0, 0.0, 0.0, 0.0, 0.0, 0.0, 0.0, 0.0, 0.0, 0.0, 0.0, 0.0, 0.0, 0.0, 0.0, 0.0, 0.0, 0.0, 0.0, 0.0, 0.0, 0.0, 0.0, 0.0, 0.0, 0.0, 0.0, 0.0, 0.0, 0.0, 0.0, 0.0, 0.0, 0.0, 0.0, 0.0, 0.0, 0.0, 0.0, 0.0, 0.0, 0.0, 0.0, 0.0, 0.0, 0.0, 0.0, 0.0, 0.0, 0.0, 0.0, 0.0, 0.0, 0.0, 0.0, 0.0, 0.0, 0.0, 0.0, 0.0, 0.0, 0.0, 0.0, 0.0, 0.0, 0.0, 0.0, 0.0, 0.0, 0.0, 0.0, 0.0, 0.0, 0.0, 0.0, 0.0, 0.0, 0.0, 0.0, 0.0, 0.0, 0.0, 0.0, 0.0, 0.0, 0.0, 0.0, 0.0, 0.0, 0.0, 0.0, 0.0, 0.0, 0.0, 0.0, 0.0, 0.0, 0.0, 0.0, 0.0, 0.0, 0.0, 0.0, 0.0, 0.0, 0.0, 0.0, 0.0, 0.0, 0.0, 0.0, 0.0, 0.0, 0.0, 0.0, 0.0, 0.0, 0.0, 0.0, 0.0, 0.0, 0.0, 0.0, 0.0, 0.0, 0.0, 0.0, 0.0, 0.0, 0.0, 0.0, 0.0, 0.0, 0.0, 0.0, 0.0, 0.0, 0.0, 0.0, 0.0, 0.0, 0.0, 0.0, 0.0, 0.0, 0.0, 0.0, 0.0, 0.0, 0.0, 0.0, 0.0, 0.0, 0.0, 0.0, 0.0, 0.0, 0.0, 0.0, 0.0, 0.0, 0.0, 0.0, 0.0, 0.0, 0.0, 0.0, 0.0, 0.0, 0.0, 0.0, 0.0, 0.0, 0.0, 0.0, 0.0, 0.0, 0.0, 0.0, 0.0, 0.0, 0.0, 0.0, 0.0, 0.0, 0.0, 0.0, 0.0, 0.0, 0.0, 0.0, 0.0, 0.0, 0.0, 0.0, 0.0, 0.0, 0.0, 0.0, 0.0, 0.0, 0.0, 0.0, 0.0, 0.0, 0.0, 0.0, 0.0, 0.0, 0.0, 0.0, 0.0, 0.0, 0.0, 0.0, 0.0, 0.0, 0.0, 0.0, 0.0, 0.0, 0.0, 0.0, 0.0, 0.0, 0.0, 0.0, 0.0, 0.0, 0.0, 0.0, 0.0, 0.0, 0.0, 0.0, 0.0, 0.0, 0.0, 0.0, 0.0, 0.0, 0.0, 0.0, 0.0, 0.0, 0.0, 0.0, 0.0, 0.0, 0.0, 0.0, 0.0, 0.0, 0.0, 0.0, 0.0, 0.0, 0.0, 0.0, 0.0, 0.0, 0.0, 0.0, 0.0, 0.0, 0.0, 0.0, 0.0, 0.0, 0.0, 0.0, 0.0, 0.0, 0.0, 0.0, 0.0, 0.0, 0.0, 0.0, 0.0, 0.0, 0.0, 0.0, 0.0, 0.0, 0.0, 0.0, 0.0, 0.0, 0.0, 0.0, 0.0]",COMPLETE
