,number,value,datetime_start,datetime_complete,duration,params_batch_size_scaler,params_constant_learning_rate,params_depth,params_epochs,params_kernel_l2,params_num_trees,params_temperature,user_attrs_accuracy_test,user_attrs_accuracy_valid,user_attrs_approximate_feature_sparsity,user_attrs_approximate_feature_sparsity_history,user_attrs_approximate_weight_sparsity,user_attrs_approximate_weight_sparsity_history,user_attrs_auc_test,user_attrs_auc_valid,user_attrs_feature_sparsity,user_attrs_feature_sparsity_history,user_attrs_num_epochs,user_attrs_val_loss_history,user_attrs_weight_sparsity,user_attrs_weight_sparsity_history,state
57,57,0.5,2024-08-31 02:42:05.069577,2024-08-31 02:42:48.886776,0 days 00:00:43.817199,64,0.5751662720217154,1,335,0.20379527950862644,3,0.00010661911371983414,0.859,0.85875,0,"[33, 32, 31, 27, 13, 0, 0, 0, 0, 0, 0, 0, 0, 0, 0, 0, 0, 0, 0, 0, 0, 0, 0, 0, 0, 0, 0, 0, 0, 0, 0, 0, 0, 0, 0, 0, 0, 0, 0, 0, 0, 0, 0, 0, 0, 0, 0, 0, 0, 0, 0, 0, 0, 0, 0, 0, 0, 0, 0, 0, 0, 0, 0, 0, 0, 0, 0, 0, 0, 0, 0, 0, 0, 0, 0, 0, 0, 0, 0, 0, 0, 0, 0, 0, 0, 0, 0, 0, 0, 0, 0, 0, 0, 0, 0, 0, 0, 0, 0, 0, 0, 0, 0, 0, 0, 0, 0, 0, 0, 0, 0, 0, 0, 0, 0, 0, 0, 0, 0, 0, 0, 0, 0, 0, 0, 0, 0, 0, 0, 0, 0, 0, 0, 0, 0, 0, 0, 0, 0, 0, 0, 0, 0, 0, 0, 0, 0, 0, 0, 0, 0, 0, 0, 0, 0, 0, 0, 0, 0, 0, 0, 0, 0, 0, 0, 0, 0, 0, 0, 0, 0, 0, 0, 0, 0, 0, 0, 0, 0, 0, 0, 0, 0, 0, 0, 0, 0, 0, 0, 0, 0, 0, 0, 0, 0, 0, 0, 0, 0, 0, 0, 0, 0, 0, 0, 0, 0, 0, 0, 0, 0, 0, 0, 0, 0, 0, 0, 0, 0, 0, 0, 0, 0, 0, 0, 0, 0, 0, 0, 0, 0, 0, 0, 0, 0, 0, 0, 0, 0, 0, 0, 0, 0, 0, 0, 0, 0, 0, 0, 0, 0, 0, 0, 0, 0, 0, 0, 0, 0, 0, 0, 0, 0, 0, 0, 0, 0, 0, 0, 0, 0, 0, 0, 0, 0, 0, 0, 0, 0, 0, 0, 0, 0, 0, 0, 0, 0, 0, 0, 0, 0, 0, 0, 0, 0, 0, 0, 0, 0, 0, 0, 0, 0, 0, 0, 0, 0, 0, 0, 0, 0, 0, 0, 0, 0, 0, 0, 0, 0, 0, 0, 0, 0, 0, 0, 0, 0, 0, 0, 0, 0, 0, 0, 0, 0]",0.0,"[33.0, 32.0, 31.0, 27.0, 13.0, 0.0, 0.0, 0.0, 0.0, 0.0, 0.0, 0.0, 0.0, 0.0, 0.0, 0.0, 0.0, 0.0, 0.0, 0.0, 0.0, 0.0, 0.0, 0.0, 0.0, 0.0, 0.0, 0.0, 0.0, 0.0, 0.0, 0.0, 0.0, 0.0, 0.0, 0.0, 0.0, 0.0, 0.0, 0.0, 0.0, 0.0, 0.0, 0.0, 0.0, 0.0, 0.0, 0.0, 0.0, 0.0, 0.0, 0.0, 0.0, 0.0, 0.0, 0.0, 0.0, 0.0, 0.0, 0.0, 0.0, 0.0, 0.0, 0.0, 0.0, 0.0, 0.0, 0.0, 0.0, 0.0, 0.0, 0.0, 0.0, 0.0, 0.0, 0.0, 0.0, 0.0, 0.0, 0.0, 0.0, 0.0, 0.0, 0.0, 0.0, 0.0, 0.0, 0.0, 0.0, 0.0, 0.0, 0.0, 0.0, 0.0, 0.0, 0.0, 0.0, 0.0, 0.0, 0.0, 0.0, 0.0, 0.0, 0.0, 0.0, 0.0, 0.0, 0.0, 0.0, 0.0, 0.0, 0.0, 0.0, 0.0, 0.0, 0.0, 0.0, 0.0, 0.0, 0.0, 0.0, 0.0, 0.0, 0.0, 0.0, 0.0, 0.0, 0.0, 0.0, 0.0, 0.0, 0.0, 0.0, 0.0, 0.0, 0.0, 0.0, 0.0, 0.0, 0.0, 0.0, 0.0, 0.0, 0.0, 0.0, 0.0, 0.0, 0.0, 0.0, 0.0, 0.0, 0.0, 0.0, 0.0, 0.0, 0.0, 0.0, 0.0, 0.0, 0.0, 0.0, 0.0, 0.0, 0.0, 0.0, 0.0, 0.0, 0.0, 0.0, 0.0, 0.0, 0.0, 0.0, 0.0, 0.0, 0.0, 0.0, 0.0, 0.0, 0.0, 0.0, 0.0, 0.0, 0.0, 0.0, 0.0, 0.0, 0.0, 0.0, 0.0, 0.0, 0.0, 0.0, 0.0, 0.0, 0.0, 0.0, 0.0, 0.0, 0.0, 0.0, 0.0, 0.0, 0.0, 0.0, 0.0, 0.0, 0.0, 0.0, 0.0, 0.0, 0.0, 0.0, 0.0, 0.0, 0.0, 0.0, 0.0, 0.0, 0.0, 0.0, 0.0, 0.0, 0.0, 0.0, 0.0, 0.0, 0.0, 0.0, 0.0, 0.0, 0.0, 0.0, 0.0, 0.0, 0.0, 0.0, 0.0, 0.0, 0.0, 0.0, 0.0, 0.0, 0.0, 0.0, 0.0, 0.0, 0.0, 0.0, 0.0, 0.0, 0.0, 0.0, 0.0, 0.0, 0.0, 0.0, 0.0, 0.0, 0.0, 0.0, 0.0, 0.0, 0.0, 0.0, 0.0, 0.0, 0.0, 0.0, 0.0, 0.0, 0.0, 0.0, 0.0, 0.0, 0.0, 0.0, 0.0, 0.0, 0.0, 0.0, 0.0, 0.0, 0.0, 0.0, 0.0, 0.0, 0.0, 0.0, 0.0, 0.0, 0.0, 0.0, 0.0, 0.0, 0.0, 0.0, 0.0, 0.0, 0.0, 0.0, 0.0, 0.0, 0.0, 0.0, 0.0, 0.0, 0.0, 0.0, 0.0, 0.0, 0.0, 0.0, 0.0, 0.0, 0.0, 0.0, 0.0, 0.0, 0.0, 0.0, 0.0, 0.0, 0.0, 0.0, 0.0, 0.0, 0.0, 0.0, 0.0, 0.0, 0.0, 0.0, 0.0, 0.0]",0.5,0.5,0,"[33, 32, 31, 27, 13, 0, 0, 0, 0, 0, 0, 0, 0, 0, 0, 0, 0, 0, 0, 0, 0, 0, 0, 0, 0, 0, 0, 0, 0, 0, 0, 0, 0, 0, 0, 0, 0, 0, 0, 0, 0, 0, 0, 0, 0, 0, 0, 0, 0, 0, 0, 0, 0, 0, 0, 0, 0, 0, 0, 0, 0, 0, 0, 0, 0, 0, 0, 0, 0, 0, 0, 0, 0, 0, 0, 0, 0, 0, 0, 0, 0, 0, 0, 0, 0, 0, 0, 0, 0, 0, 0, 0, 0, 0, 0, 0, 0, 0, 0, 0, 0, 0, 0, 0, 0, 0, 0, 0, 0, 0, 0, 0, 0, 0, 0, 0, 0, 0, 0, 0, 0, 0, 0, 0, 0, 0, 0, 0, 0, 0, 0, 0, 0, 0, 0, 0, 0, 0, 0, 0, 0, 0, 0, 0, 0, 0, 0, 0, 0, 0, 0, 0, 0, 0, 0, 0, 0, 0, 0, 0, 0, 0, 0, 0, 0, 0, 0, 0, 0, 0, 0, 0, 0, 0, 0, 0, 0, 0, 0, 0, 0, 0, 0, 0, 0, 0, 0, 0, 0, 0, 0, 0, 0, 0, 0, 0, 0, 0, 0, 0, 0, 0, 0, 0, 0, 0, 0, 0, 0, 0, 0, 0, 0, 0, 0, 0, 0, 0, 0, 0, 0, 0, 0, 0, 0, 0, 0, 0, 0, 0, 0, 0, 0, 0, 0, 0, 0, 0, 0, 0, 0, 0, 0, 0, 0, 0, 0, 0, 0, 0, 0, 0, 0, 0, 0, 0, 0, 0, 0, 0, 0, 0, 0, 0, 0, 0, 0, 0, 0, 0, 0, 0, 0, 0, 0, 0, 0, 0, 0, 0, 0, 0, 0, 0, 0, 0, 0, 0, 0, 0, 0, 0, 0, 0, 0, 0, 0, 0, 0, 0, 0, 0, 0, 0, 0, 0, 0, 0, 0, 0, 0, 0, 0, 0, 0, 0, 0, 0, 0, 0, 0, 0, 0, 0, 0, 0, 0, 0, 0, 0, 0, 0, 0, 0, 0]",335,"[0.6317790746688843, 0.5131935477256775, 0.4612726867198944, 0.43390679359436035, 0.41625699400901794, 0.40747109055519104, 0.407246470451355, 0.40771484375, 0.40734824538230896, 0.4077076017856598, 0.4073539674282074, 0.4073351323604584, 0.4073479473590851, 0.40723320841789246, 0.40726280212402344, 0.4074016511440277, 0.4073302447795868, 0.40740081667900085, 0.4075146019458771, 0.4072457253932953, 0.4072306752204895, 0.4072442650794983, 0.4072526693344116, 0.4074392020702362, 0.4073844254016876, 0.40810829401016235, 0.4074033498764038, 0.40722647309303284, 0.4074535667896271, 0.4072549045085907, 0.40734511613845825, 0.40741997957229614, 0.407227486371994, 0.4072917103767395, 0.407644659280777, 0.40724125504493713, 0.4072518050670624, 0.4072451889514923, 0.4072462320327759, 0.40722957253456116, 0.4073284864425659, 0.407236248254776, 0.407248318195343, 0.4074081778526306, 0.40726086497306824, 0.4073173999786377, 0.4073162376880646, 0.40729010105133057, 0.40732550621032715, 0.4072333574295044, 0.4078022837638855, 0.40742379426956177, 0.4074380397796631, 0.4072577953338623, 0.40722793340682983, 0.40722954273223877, 0.4073053002357483, 0.4075726270675659, 0.407230019569397, 0.40729764103889465, 0.4072261452674866, 0.4075581431388855, 0.40747544169425964, 0.4074479937553406, 0.40725526213645935, 0.407319575548172, 0.4073624312877655, 0.40788882970809937, 0.4073600769042969, 0.4072747826576233, 0.40724068880081177, 0.40732571482658386, 0.4072410464286804, 0.40738463401794434, 0.4075047969818115, 0.4072718918323517, 0.40783050656318665, 0.407370924949646, 0.40750178694725037, 0.4072408676147461, 0.407354474067688, 0.40754377841949463, 0.40727707743644714, 0.40725386142730713, 0.4073660969734192, 0.40726250410079956, 0.40797874331474304, 0.407479852437973, 0.4072578549385071, 0.40722760558128357, 0.4074327349662781, 0.4072316884994507, 0.4072805345058441, 0.4078638553619385, 0.40798476338386536, 0.40864190459251404, 0.40723109245300293, 0.4072524309158325, 0.407443642616272, 0.40722739696502686, 0.4073733389377594, 0.40736305713653564, 0.40724438428878784, 0.40722739696502686, 0.4072891175746918, 0.4072265923023224, 0.40723076462745667, 0.4072647988796234, 0.40722665190696716, 0.407272607088089, 0.40741363167762756, 0.40723592042922974, 0.40723326802253723, 0.4075743854045868, 0.4075179398059845, 0.4072290062904358, 0.4072287082672119, 0.4072325825691223, 0.40746334195137024, 0.4072856903076172, 0.4073806703090668, 0.4074486494064331, 0.40722787380218506, 0.4073163568973541, 0.4072263240814209, 0.4074181020259857, 0.4072269797325134, 0.4074436128139496, 0.4072920083999634, 0.4073065221309662, 0.4077117145061493, 0.40723374485969543, 0.4076109826564789, 0.40777871012687683, 0.40753212571144104, 0.4072365462779999, 0.4072275161743164, 0.4073129892349243, 0.40760567784309387, 0.4072313606739044, 0.4073569178581238, 0.40730583667755127, 0.40749236941337585, 0.40727469325065613, 0.40741977095603943, 0.40724891424179077, 0.40729036927223206, 0.40726372599601746, 0.4073370397090912, 0.4075479805469513, 0.4073778986930847, 0.40725240111351013, 0.4079454839229584, 0.4073186218738556, 0.40799063444137573, 0.40747129917144775, 0.4072263836860657, 0.4072608947753906, 0.4074302613735199, 0.40730640292167664, 0.407562792301178, 0.4072262942790985, 0.4074162244796753, 0.407230943441391, 0.407237708568573, 0.40725982189178467, 0.40731674432754517, 0.4072536528110504, 0.4072261154651642, 0.4074307382106781, 0.4072563052177429, 0.40753990411758423, 0.40724456310272217, 0.40743201971054077, 0.40728437900543213, 0.4073830544948578, 0.4073766767978668, 0.4082410931587219, 0.4079554080963135, 0.40752047300338745, 0.4072495400905609, 0.40724048018455505, 0.4072505235671997, 0.407347708940506, 0.4073130488395691, 0.4073401689529419, 0.40722915530204773, 0.40724220871925354, 0.4073311686515808, 0.407227098941803, 0.40769892930984497, 0.40748709440231323, 0.4072263240814209, 0.4075814485549927, 0.40725481510162354, 0.4072766602039337, 0.40754470229148865, 0.40726834535598755, 0.40722861886024475, 0.4081944525241852, 0.40725716948509216, 0.40728074312210083, 0.4074023365974426, 0.407318115234375, 0.4072265923023224, 0.4073103964328766, 0.40722763538360596, 0.4072340130805969, 0.4073953628540039, 0.40751010179519653, 0.4072616696357727, 0.40736106038093567, 0.4075356423854828, 0.4075993299484253, 0.4076448678970337, 0.4075871407985687, 0.40723010897636414, 0.40786755084991455, 0.4079783260822296, 0.4072641134262085, 0.4076419174671173, 0.40727943181991577, 0.4072283208370209, 0.40727293491363525, 0.40772712230682373, 0.4072309732437134, 0.4073564410209656, 0.40761154890060425, 0.4073978364467621, 0.40737679600715637, 0.4074031412601471, 0.4073220193386078, 0.407227486371994, 0.4073444604873657, 0.40731334686279297, 0.40726250410079956, 0.407248318195343, 0.40728461742401123, 0.4072272479534149, 0.4077090322971344, 0.40728163719177246, 0.4072543978691101, 0.4087364971637726, 0.40723028779029846, 0.40740978717803955, 0.4072302281856537, 0.40730834007263184, 0.4074704051017761, 0.40729546546936035, 0.40725943446159363, 0.40726563334465027, 0.40722739696502686, 0.40723949670791626, 0.407228022813797, 0.4072505831718445, 0.40726974606513977, 0.40748000144958496, 0.40726035833358765, 0.4073992967605591, 0.4073692560195923, 0.4072849750518799, 0.4074617624282837, 0.4072261452674866, 0.40754103660583496, 0.40809136629104614, 0.40734967589378357, 0.40732598304748535, 0.40799030661582947, 0.407443642616272, 0.40734630823135376, 0.4072904884815216, 0.4073007106781006, 0.4072306156158447, 0.407451331615448, 0.4072316884994507, 0.4073915183544159, 0.4076155722141266, 0.40762612223625183, 0.40742385387420654, 0.4072403013706207, 0.4074404835700989, 0.4072706699371338, 0.40749382972717285, 0.40768203139305115, 0.4072459936141968, 0.40826377272605896, 0.40743541717529297, 0.4072462320327759, 0.40741780400276184, 0.40732383728027344, 0.40755730867385864, 0.40735533833503723, 0.4074273705482483, 0.40724050998687744, 0.40723246335983276, 0.40734612941741943, 0.4072408974170685, 0.4074227511882782, 0.40778648853302, 0.40724536776542664, 0.4080778956413269, 0.4072905480861664, 0.4074665307998657, 0.407475084066391, 0.40740105509757996, 0.4081151485443115, 0.40874290466308594, 0.40723487734794617, 0.40722671151161194, 0.4072261452674866, 0.4072303771972656, 0.40723130106925964, 0.407306969165802, 0.407456636428833, 0.40725600719451904, 0.40722712874412537, 0.4072338938713074, 0.40735915303230286, 0.40722930431365967, 0.4072565734386444, 0.4072438180446625, 0.4072284400463104, 0.4072388708591461, 0.40743857622146606, 0.40744125843048096, 0.40756577253341675, 0.4073850214481354, 0.4072328209877014, 0.407307505607605, 0.4073401689529419, 0.40753117203712463, 0.407349556684494, 0.4073125123977661, 0.40738165378570557, 0.4072268009185791]",0.0,"[33.0, 32.0, 31.0, 27.0, 13.0, 0.0, 0.0, 0.0, 0.0, 0.0, 0.0, 0.0, 0.0, 0.0, 0.0, 0.0, 0.0, 0.0, 0.0, 0.0, 0.0, 0.0, 0.0, 0.0, 0.0, 0.0, 0.0, 0.0, 0.0, 0.0, 0.0, 0.0, 0.0, 0.0, 0.0, 0.0, 0.0, 0.0, 0.0, 0.0, 0.0, 0.0, 0.0, 0.0, 0.0, 0.0, 0.0, 0.0, 0.0, 0.0, 0.0, 0.0, 0.0, 0.0, 0.0, 0.0, 0.0, 0.0, 0.0, 0.0, 0.0, 0.0, 0.0, 0.0, 0.0, 0.0, 0.0, 0.0, 0.0, 0.0, 0.0, 0.0, 0.0, 0.0, 0.0, 0.0, 0.0, 0.0, 0.0, 0.0, 0.0, 0.0, 0.0, 0.0, 0.0, 0.0, 0.0, 0.0, 0.0, 0.0, 0.0, 0.0, 0.0, 0.0, 0.0, 0.0, 0.0, 0.0, 0.0, 0.0, 0.0, 0.0, 0.0, 0.0, 0.0, 0.0, 0.0, 0.0, 0.0, 0.0, 0.0, 0.0, 0.0, 0.0, 0.0, 0.0, 0.0, 0.0, 0.0, 0.0, 0.0, 0.0, 0.0, 0.0, 0.0, 0.0, 0.0, 0.0, 0.0, 0.0, 0.0, 0.0, 0.0, 0.0, 0.0, 0.0, 0.0, 0.0, 0.0, 0.0, 0.0, 0.0, 0.0, 0.0, 0.0, 0.0, 0.0, 0.0, 0.0, 0.0, 0.0, 0.0, 0.0, 0.0, 0.0, 0.0, 0.0, 0.0, 0.0, 0.0, 0.0, 0.0, 0.0, 0.0, 0.0, 0.0, 0.0, 0.0, 0.0, 0.0, 0.0, 0.0, 0.0, 0.0, 0.0, 0.0, 0.0, 0.0, 0.0, 0.0, 0.0, 0.0, 0.0, 0.0, 0.0, 0.0, 0.0, 0.0, 0.0, 0.0, 0.0, 0.0, 0.0, 0.0, 0.0, 0.0, 0.0, 0.0, 0.0, 0.0, 0.0, 0.0, 0.0, 0.0, 0.0, 0.0, 0.0, 0.0, 0.0, 0.0, 0.0, 0.0, 0.0, 0.0, 0.0, 0.0, 0.0, 0.0, 0.0, 0.0, 0.0, 0.0, 0.0, 0.0, 0.0, 0.0, 0.0, 0.0, 0.0, 0.0, 0.0, 0.0, 0.0, 0.0, 0.0, 0.0, 0.0, 0.0, 0.0, 0.0, 0.0, 0.0, 0.0, 0.0, 0.0, 0.0, 0.0, 0.0, 0.0, 0.0, 0.0, 0.0, 0.0, 0.0, 0.0, 0.0, 0.0, 0.0, 0.0, 0.0, 0.0, 0.0, 0.0, 0.0, 0.0, 0.0, 0.0, 0.0, 0.0, 0.0, 0.0, 0.0, 0.0, 0.0, 0.0, 0.0, 0.0, 0.0, 0.0, 0.0, 0.0, 0.0, 0.0, 0.0, 0.0, 0.0, 0.0, 0.0, 0.0, 0.0, 0.0, 0.0, 0.0, 0.0, 0.0, 0.0, 0.0, 0.0, 0.0, 0.0, 0.0, 0.0, 0.0, 0.0, 0.0, 0.0, 0.0, 0.0, 0.0, 0.0, 0.0, 0.0, 0.0, 0.0, 0.0, 0.0, 0.0, 0.0, 0.0, 0.0, 0.0, 0.0, 0.0, 0.0, 0.0, 0.0, 0.0, 0.0, 0.0, 0.0, 0.0, 0.0, 0.0, 0.0, 0.0]",COMPLETE
