,number,value,datetime_start,datetime_complete,duration,params_batch_size_scaler,params_constant_learning_rate,params_depth,params_epochs,params_kernel_l2,params_num_trees,params_temperature,user_attrs_accuracy_test,user_attrs_accuracy_valid,user_attrs_approximate_feature_sparsity,user_attrs_approximate_feature_sparsity_history,user_attrs_approximate_weight_sparsity,user_attrs_approximate_weight_sparsity_history,user_attrs_auc_test,user_attrs_auc_valid,user_attrs_feature_sparsity,user_attrs_feature_sparsity_history,user_attrs_num_epochs,user_attrs_val_loss_history,user_attrs_weight_sparsity,user_attrs_weight_sparsity_history,state
118,118,0.8352719918589224,2024-08-31 05:49:54.519109,2024-08-31 05:53:17.415934,0 days 00:03:22.896825,64,4.017923164045938,6,300,0.0012425430805181987,66,0.0015120240327470178,0.886,0.8825,4,"[33, 33, 33, 33, 33, 33, 33, 33, 33, 33, 33, 33, 33, 32, 18, 12, 10, 8, 8, 6, 6, 6, 5, 5, 5, 5, 5, 5, 5, 5, 5, 5, 5, 5, 5, 5, 5, 5, 5, 5, 5, 5, 5, 5, 5, 5, 4, 4, 4, 4, 4, 4, 4, 4, 4, 4, 4, 4, 4, 4, 4, 4, 4, 4, 4, 4, 4, 4, 4, 4, 4, 4, 4, 4, 4, 4, 4, 4, 4, 4, 4, 4, 4, 4, 4, 4, 4, 4, 4, 4, 4, 4, 4, 4, 4, 4, 4, 4, 4, 4, 4, 4, 4, 4, 4, 4, 4, 4, 4, 4, 4, 4, 4, 4, 4, 4, 4, 4, 4, 4, 4, 4, 4, 4, 4, 4, 4, 4, 4, 4, 4, 4, 4, 4, 4, 4, 4, 4, 4, 4, 4, 4, 4, 4, 4, 4, 4, 4, 4, 4, 4, 4, 4, 4, 4, 4, 4, 4, 4, 4, 4, 4, 4, 4, 4, 4, 4, 4, 4, 4, 4, 4, 4, 4, 4, 4, 4, 4, 4, 4, 4, 4, 4, 4, 4, 4, 4, 4, 4, 4, 4, 4, 4, 4, 4, 4, 4, 4, 4, 4, 4, 4, 4, 4, 4, 4, 4, 4, 4, 4, 4, 4, 4, 4, 4, 4, 4, 4, 4, 4, 4, 4, 4, 4, 4, 4, 4, 4, 4, 4, 4, 4, 4, 4, 4, 4, 4, 4, 4, 4, 4, 4, 4, 4, 4, 4, 4, 4, 4, 4, 4, 4, 4, 4, 4, 4, 4, 4, 4, 4, 4, 4, 4, 4, 4, 4, 4, 4, 4, 4, 4, 4, 4, 4, 4, 4, 4, 4, 4, 4, 4, 4, 4, 4, 4, 4, 4, 4, 4, 4, 4, 4, 4, 4, 4, 4, 4, 4, 4, 4]",3.9927849927849928,"[32.90548340548341, 32.910293410293406, 32.912217412217416, 32.90860990860991, 32.9057239057239, 32.91221741221741, 32.91510341510342, 32.91510341510342, 32.913419913419915, 32.918710918710914, 32.92135642135642, 32.91053391053391, 32.914862914862915, 31.911014911014913, 17.950937950937952, 11.973063973063972, 9.975709475709476, 7.981000481000481, 7.977873977873978, 5.986050986050985, 5.986291486291486, 5.987253487253487, 4.988455988455988, 4.988215488215488, 4.99037999037999, 4.988455988455989, 4.987253487253487, 4.988696488696489, 4.988455988455989, 4.990620490620491, 4.9911014911014915, 4.988455988455988, 4.9855699855699855, 4.985810485810486, 4.988215488215488, 4.988455988455988, 4.987253487253487, 4.989177489177489, 4.990620490620491, 4.989177489177489, 4.98989898989899, 4.988696488696489, 4.9867724867724865, 4.989417989417989, 4.987493987493988, 4.987974987974988, 3.9915824915824913, 3.991101491101491, 3.9927849927849928, 3.9927849927849928, 3.9906204906204907, 3.9927849927849928, 3.9923039923039925, 3.993987493987494, 3.9927849927849928, 3.992544492544493, 3.9923039923039925, 3.994949494949495, 3.9930254930254927, 3.9930254930254927, 3.9911014911014915, 3.990860990860991, 3.9935064935064934, 3.9908609908609907, 3.9947089947089944, 3.993025493025493, 3.9906204906204907, 3.993265993265993, 3.992063492063492, 3.992063492063492, 3.9918229918229917, 3.9918229918229917, 3.9911014911014915, 3.993025493025493, 3.992784992784993, 3.9915824915824913, 3.990860990860991, 3.9930254930254927, 3.9915824915824913, 3.992063492063492, 3.990860990860991, 3.993987493987494, 3.9918229918229917, 3.9915824915824913, 3.992544492544493, 3.992063492063492, 3.9927849927849928, 3.9925444925444924, 3.993265993265993, 3.9923039923039925, 3.992544492544493, 3.9935064935064934, 3.993265993265993, 3.9927849927849928, 3.9935064935064934, 3.993265993265993, 3.992063492063492, 3.9927849927849928, 3.9935064935064934, 3.9923039923039925, 3.9925444925444924, 3.9930254930254927, 3.993025493025493, 3.992544492544493, 3.9925444925444924, 3.9925444925444924, 3.992784992784993, 3.9935064935064934, 3.9927849927849928, 3.9918229918229917, 3.9925444925444924, 3.9925444925444924, 3.9930254930254927, 3.9923039923039925, 3.9915824915824913, 3.9927849927849928, 3.99013949013949, 3.993746993746994, 3.9913419913419914, 3.993987493987494, 3.993746993746994, 3.9918229918229917, 3.9915824915824913, 3.9901394901394904, 3.993265993265993, 3.9903799903799904, 3.991101491101491, 3.99013949013949, 3.9908609908609907, 3.992063492063492, 3.9894179894179898, 3.9915824915824913, 3.9896584896584897, 3.9908609908609907, 3.992544492544493, 3.992063492063492, 3.9925444925444924, 3.990860990860991, 3.992544492544493, 3.9908609908609907, 3.9935064935064934, 3.9915824915824913, 3.993265993265993, 3.994949494949495, 3.9927849927849928, 3.9930254930254927, 3.994227994227994, 3.991582491582492, 3.9930254930254927, 3.9930254930254927, 3.990860990860991, 3.9918229918229917, 3.994227994227994, 3.993746993746994, 3.9923039923039925, 3.9923039923039925, 3.9915824915824913, 3.993987493987494, 3.9930254930254927, 3.9939874939874938, 3.992063492063492, 3.9903799903799904, 3.98989898989899, 3.9915824915824913, 3.9935064935064934, 3.9927849927849928, 3.994227994227994, 3.9935064935064934, 3.9923039923039925, 3.991101491101491, 3.9903799903799904, 3.9915824915824913, 3.9915824915824913, 3.9918229918229917, 3.992063492063492, 3.9925444925444924, 3.9918229918229917, 3.9915824915824913, 3.992063492063492, 3.9927849927849923, 3.9918229918229917, 3.993265993265993, 3.992544492544493, 3.9930254930254927, 3.9906204906204907, 3.992063492063492, 3.992063492063492, 3.9918229918229917, 3.9911014911014915, 3.993987493987494, 3.993265993265993, 3.993265993265993, 3.992544492544493, 3.993746993746994, 3.9918229918229917, 3.990860990860991, 3.992063492063492, 3.993746993746994, 3.9923039923039925, 3.9923039923039925, 3.9927849927849928, 3.992063492063492, 3.994227994227994, 3.9930254930254927, 3.992544492544493, 3.9923039923039925, 3.9930254930254927, 3.9927849927849928, 3.9906204906204907, 3.9927849927849928, 3.992063492063492, 3.993265993265993, 3.9932659932659935, 3.992544492544493, 3.9927849927849928, 3.994708994708995, 3.9944684944684945, 3.994949494949495, 3.9954304954304956, 3.993265993265993, 3.993265993265993, 3.9942279942279946, 3.9961519961519962, 3.993746993746994, 3.9947089947089944, 3.9935064935064934, 3.9927849927849928, 3.994708994708995, 3.994468494468494, 3.9947089947089944, 3.9942279942279946, 3.9927849927849928, 3.9944684944684945, 3.994949494949495, 3.993746993746994, 3.993746993746994, 3.9935064935064934, 3.994708994708995, 3.993987493987494, 3.994949494949495, 3.994949494949495, 3.994949494949495, 3.993025493025493, 3.994468494468494, 3.995670995670996, 3.992544492544493, 3.993025493025493, 3.994708994708995, 3.992544492544493, 3.9930254930254927, 3.9930254930254927, 3.9939874939874938, 3.9935064935064934, 3.993265993265993, 3.9925444925444924, 3.992063492063492, 3.992063492063492, 3.992063492063492, 3.991582491582492, 3.993987493987494, 3.993265993265993, 3.9927849927849923, 3.993265993265993, 3.9935064935064934, 3.9915824915824913, 3.993025493025493, 3.993987493987494, 3.9927849927849928, 3.9927849927849928, 3.9918229918229917, 3.9935064935064934, 3.9923039923039925, 3.9923039923039925, 3.9927849927849928, 3.9927849927849928, 3.992063492063492, 3.9908609908609907, 3.992063492063492, 3.9944684944684945, 3.993265993265993, 3.9918229918229917, 3.9935064935064934, 3.995189995189995, 3.992063492063492, 3.9925444925444924, 3.9925444925444924, 3.991101491101491, 3.9918229918229917, 3.9927849927849928, 3.9927849927849928, 3.991101491101491, 3.992063492063492, 3.9927849927849928, 3.992063492063492, 3.9913419913419914, 3.99013949013949, 3.993746993746994, 3.992544492544493, 3.992544492544493, 3.9927849927849928]",0.835847389757181,0.8352719918589224,4,"[33, 33, 33, 33, 33, 33, 33, 33, 33, 33, 33, 33, 33, 32, 18, 12, 10, 8, 8, 6, 6, 6, 5, 5, 5, 5, 5, 5, 5, 5, 5, 5, 5, 5, 5, 5, 5, 5, 5, 5, 5, 5, 5, 5, 5, 5, 4, 4, 4, 4, 4, 4, 4, 4, 4, 4, 4, 4, 4, 4, 4, 4, 4, 4, 4, 4, 4, 4, 4, 4, 4, 4, 4, 4, 4, 4, 4, 4, 4, 4, 4, 4, 4, 4, 4, 4, 4, 4, 4, 4, 4, 4, 4, 4, 4, 4, 4, 4, 4, 4, 4, 4, 4, 4, 4, 4, 4, 4, 4, 4, 4, 4, 4, 4, 4, 4, 4, 4, 4, 4, 4, 4, 4, 4, 4, 4, 4, 4, 4, 4, 4, 4, 4, 4, 4, 4, 4, 4, 4, 4, 4, 4, 4, 4, 4, 4, 4, 4, 4, 4, 4, 4, 4, 4, 4, 4, 4, 4, 4, 4, 4, 4, 4, 4, 4, 4, 4, 4, 4, 4, 4, 4, 4, 4, 4, 4, 4, 4, 4, 4, 4, 4, 4, 4, 4, 4, 4, 4, 4, 4, 4, 4, 4, 4, 4, 4, 4, 4, 4, 4, 4, 4, 4, 4, 4, 4, 4, 4, 4, 4, 4, 4, 4, 4, 4, 4, 4, 4, 4, 4, 4, 4, 4, 4, 4, 4, 4, 4, 4, 4, 4, 4, 4, 4, 4, 4, 4, 4, 4, 4, 4, 4, 4, 4, 4, 4, 4, 4, 4, 4, 4, 4, 4, 4, 4, 4, 4, 4, 4, 4, 4, 4, 4, 4, 4, 4, 4, 4, 4, 4, 4, 4, 4, 4, 4, 4, 4, 4, 4, 4, 4, 4, 4, 4, 4, 4, 4, 4, 4, 4, 4, 4, 4, 4, 4, 4, 4, 4, 4, 4]",300,"[0.413092702627182, 0.39291462302207947, 0.37795770168304443, 0.3747566342353821, 0.36641982197761536, 0.3673633933067322, 0.36697158217430115, 0.35928499698638916, 0.36211004853248596, 0.35600221157073975, 0.3591710031032562, 0.3536839783191681, 0.35037901997566223, 0.34604567289352417, 0.3404805660247803, 0.3469022810459137, 0.35090336203575134, 0.35111260414123535, 0.3498340845108032, 0.35614392161369324, 0.35480502247810364, 0.3552829325199127, 0.3553897738456726, 0.35198974609375, 0.3511245846748352, 0.35919561982154846, 0.35590651631355286, 0.349092572927475, 0.36463913321495056, 0.37690848112106323, 0.3532477617263794, 0.3517778515815735, 0.3470157980918884, 0.3528843820095062, 0.3447872996330261, 0.3405798077583313, 0.3415299654006958, 0.3449960947036743, 0.34064310789108276, 0.3416004478931427, 0.3362428545951843, 0.3396570682525635, 0.3415128290653229, 0.33734235167503357, 0.34183022379875183, 0.32963821291923523, 0.3388766050338745, 0.3395625054836273, 0.33424291014671326, 0.3298600912094116, 0.33158451318740845, 0.3391842246055603, 0.3288968801498413, 0.3263859450817108, 0.3285876214504242, 0.32730329036712646, 0.3249666094779968, 0.33568114042282104, 0.3236815333366394, 0.32128679752349854, 0.32299667596817017, 0.32027140259742737, 0.3343718349933624, 0.3204030692577362, 0.3192591965198517, 0.31737852096557617, 0.31704723834991455, 0.32906681299209595, 0.31684571504592896, 0.3215993642807007, 0.3194016218185425, 0.327027827501297, 0.3191866874694824, 0.31515559554100037, 0.31735900044441223, 0.31410691142082214, 0.3229100704193115, 0.32992514967918396, 0.314767986536026, 0.32098084688186646, 0.31472715735435486, 0.3126451075077057, 0.31263992190361023, 0.3160429298877716, 0.31202465295791626, 0.3119859993457794, 0.31628501415252686, 0.3146389126777649, 0.312722384929657, 0.31329888105392456, 0.3133765161037445, 0.3105383515357971, 0.3118404448032379, 0.315311461687088, 0.31389883160591125, 0.30927786231040955, 0.3170740008354187, 0.3097173273563385, 0.3097766041755676, 0.31676316261291504, 0.3117215037345886, 0.3088405728340149, 0.30820462107658386, 0.3079674541950226, 0.3192419707775116, 0.30930766463279724, 0.31216323375701904, 0.3084646761417389, 0.3094567656517029, 0.3071487247943878, 0.30769893527030945, 0.31031402945518494, 0.3061089813709259, 0.31206682324409485, 0.30840104818344116, 0.32579514384269714, 0.3149450719356537, 0.30676916241645813, 0.3047134280204773, 0.31491851806640625, 0.3054465055465698, 0.3137941062450409, 0.3040204346179962, 0.30397236347198486, 0.3139401972293854, 0.3048543632030487, 0.30644989013671875, 0.30401381850242615, 0.30448275804519653, 0.31343507766723633, 0.30437135696411133, 0.3041066527366638, 0.3039054274559021, 0.3037068843841553, 0.3073713481426239, 0.3030548691749573, 0.3031098544597626, 0.3067225515842438, 0.3030800521373749, 0.30547475814819336, 0.30237480998039246, 0.31357935070991516, 0.30159372091293335, 0.3032168447971344, 0.3060931861400604, 0.3028520941734314, 0.3016059994697571, 0.3008657991886139, 0.3053683936595917, 0.3163456916809082, 0.3155682384967804, 0.3042265772819519, 0.3100292980670929, 0.3018142282962799, 0.3029884696006775, 0.3093501329421997, 0.3099149763584137, 0.30581578612327576, 0.30259695649147034, 0.3035014867782593, 0.3033779561519623, 0.30155816674232483, 0.31607505679130554, 0.3149464428424835, 0.2999283969402313, 0.30447548627853394, 0.30152007937431335, 0.3031034767627716, 0.3077457845211029, 0.2992580533027649, 0.30502545833587646, 0.2989497780799866, 0.30591604113578796, 0.29936665296554565, 0.2975867688655853, 0.30925804376602173, 0.3002704381942749, 0.29983359575271606, 0.30067548155784607, 0.29721781611442566, 0.3038668930530548, 0.3025985360145569, 0.2971436679363251, 0.29772859811782837, 0.3000744581222534, 0.301266610622406, 0.30023929476737976, 0.2969668209552765, 0.3145208954811096, 0.2991114854812622, 0.30474936962127686, 0.298739492893219, 0.2997662425041199, 0.3001860976219177, 0.2982594072818756, 0.29919689893722534, 0.30147719383239746, 0.30269357562065125, 0.2982977330684662, 0.2959423363208771, 0.30334779620170593, 0.2958241403102875, 0.3062392473220825, 0.2973053753376007, 0.29482656717300415, 0.29463765025138855, 0.30766546726226807, 0.2972652018070221, 0.2981359362602234, 0.2961004972457886, 0.29755711555480957, 0.30960384011268616, 0.2956773042678833, 0.3071014881134033, 0.3160964846611023, 0.30045968294143677, 0.2950432598590851, 0.3014865219593048, 0.29811298847198486, 0.3014639914035797, 0.3068091571331024, 0.29704976081848145, 0.29722869396209717, 0.2999183237552643, 0.2976987361907959, 0.3225555419921875, 0.29345938563346863, 0.29455190896987915, 0.2949400544166565, 0.3329843580722809, 0.2974714934825897, 0.2927337884902954, 0.2950746417045593, 0.29574811458587646, 0.2953341603279114, 0.29345133900642395, 0.2940268814563751, 0.3005698621273041, 0.29603585600852966, 0.29393771290779114, 0.2921111285686493, 0.2949512302875519, 0.29905086755752563, 0.2935734689235687, 0.2922026813030243, 0.3004395365715027, 0.29643329977989197, 0.2925775647163391, 0.29539644718170166, 0.2925351560115814, 0.29863178730010986, 0.3068709373474121, 0.2969626784324646, 0.2992812991142273, 0.2926389276981354, 0.2916353642940521, 0.2949604392051697, 0.29262104630470276, 0.2966807186603546, 0.2934786081314087, 0.29437685012817383, 0.2940409183502197, 0.2941502332687378, 0.2962331473827362, 0.29779258370399475, 0.29740267992019653, 0.29289647936820984, 0.2913859188556671, 0.2932966649532318, 0.29847660660743713, 0.29121658205986023, 0.3061310052871704, 0.2963496446609497, 0.29164013266563416, 0.2938803434371948, 0.2924324870109558, 0.3014536201953888, 0.29262521862983704, 0.29435408115386963, 0.29218238592147827, 0.2946823835372925, 0.29124972224235535, 0.2910461723804474, 0.2955860197544098, 0.29444485902786255, 0.29332828521728516, 0.29265618324279785, 0.293519526720047, 0.2987590730190277, 0.2958361506462097, 0.2955999970436096, 0.292510449886322, 0.2925722002983093, 0.30709072947502136, 0.2935851812362671, 0.2945590615272522, 0.2936631143093109, 0.2945421636104584, 0.2903318405151367, 0.29509347677230835]",4.0,"[33.0, 33.0, 33.0, 33.0, 33.0, 33.0, 33.0, 33.0, 33.0, 33.0, 33.0, 33.0, 33.0, 32.0, 18.0, 12.0, 10.0, 8.0, 8.0, 6.0, 6.0, 6.0, 5.0, 5.0, 5.0, 5.0, 5.0, 5.0, 5.0, 5.0, 5.0, 5.0, 5.0, 5.0, 5.0, 5.0, 5.0, 5.0, 5.0, 5.0, 5.0, 5.0, 5.0, 5.0, 5.0, 5.0, 4.0, 4.0, 4.0, 4.0, 4.0, 4.0, 4.0, 4.0, 4.0, 4.0, 4.0, 4.0, 4.0, 4.0, 4.0, 4.0, 4.0, 4.0, 4.0, 4.0, 4.0, 4.0, 4.0, 4.0, 4.0, 4.0, 4.0, 4.0, 4.0, 4.0, 4.0, 4.0, 4.0, 4.0, 4.0, 4.0, 4.0, 4.0, 4.0, 4.0, 4.0, 4.0, 4.0, 4.0, 4.0, 4.0, 4.0, 4.0, 4.0, 4.0, 4.0, 4.0, 4.0, 4.0, 4.0, 4.0, 4.0, 4.0, 4.0, 4.0, 4.0, 4.0, 4.0, 4.0, 4.0, 4.0, 4.0, 4.0, 4.0, 4.0, 4.0, 4.0, 4.0, 4.0, 4.0, 4.0, 4.0, 4.0, 4.0, 4.0, 4.0, 4.0, 4.0, 4.0, 4.0, 4.0, 4.0, 4.0, 4.0, 4.0, 4.0, 4.0, 4.0, 4.0, 4.0, 4.0, 4.0, 4.0, 4.0, 4.0, 4.0, 4.0, 4.0, 4.0, 4.0, 4.0, 4.0, 4.0, 4.0, 4.0, 4.0, 4.0, 4.0, 4.0, 4.0, 4.0, 4.0, 4.0, 4.0, 4.0, 4.0, 4.0, 4.0, 4.0, 4.0, 4.0, 4.0, 4.0, 4.0, 4.0, 4.0, 4.0, 4.0, 4.0, 4.0, 4.0, 4.0, 4.0, 4.0, 4.0, 4.0, 4.0, 4.0, 4.0, 4.0, 4.0, 4.0, 4.0, 4.0, 4.0, 4.0, 4.0, 4.0, 4.0, 4.0, 4.0, 4.0, 4.0, 4.0, 4.0, 4.0, 4.0, 4.0, 4.0, 4.0, 4.0, 4.0, 4.0, 4.0, 4.0, 4.0, 4.0, 4.0, 4.0, 4.0, 4.0, 4.0, 4.0, 4.0, 4.0, 4.0, 4.0, 4.0, 4.0, 4.0, 4.0, 4.0, 4.0, 4.0, 4.0, 4.0, 4.0, 4.0, 4.0, 4.0, 4.0, 4.0, 4.0, 4.0, 4.0, 4.0, 4.0, 4.0, 4.0, 4.0, 4.0, 4.0, 4.0, 4.0, 4.0, 4.0, 4.0, 4.0, 4.0, 4.0, 4.0, 4.0, 4.0, 4.0, 4.0, 4.0, 4.0, 4.0, 4.0, 4.0, 4.0, 4.0, 4.0, 4.0, 4.0, 4.0, 4.0, 4.0, 4.0, 4.0, 4.0, 4.0, 4.0, 4.0, 4.0, 4.0, 4.0, 4.0, 4.0, 4.0, 4.0, 4.0, 4.0, 4.0, 4.0, 4.0, 4.0, 4.0, 4.0]",COMPLETE
