,number,value,datetime_start,datetime_complete,duration,params_batch_size_scaler,params_constant_learning_rate,params_depth,params_epochs,params_kernel_l2,params_num_trees,params_temperature,user_attrs_accuracy_test,user_attrs_accuracy_valid,user_attrs_approximate_feature_sparsity,user_attrs_approximate_feature_sparsity_history,user_attrs_approximate_weight_sparsity,user_attrs_approximate_weight_sparsity_history,user_attrs_auc_test,user_attrs_auc_valid,user_attrs_feature_sparsity,user_attrs_feature_sparsity_history,user_attrs_num_epochs,user_attrs_val_loss_history,user_attrs_weight_sparsity,user_attrs_weight_sparsity_history,state
15,15,0.5,2024-08-31 01:17:58.566401,2024-08-31 01:21:27.045636,0 days 00:03:28.479235,1,3.8434773388304833,4,235,0.10463222969466617,18,0.0026814725978295886,0.859,0.85875,0,"[0, 0, 0, 0, 0, 0, 0, 0, 0, 0, 0, 0, 0, 0, 0, 0, 0, 0, 0, 0, 0, 0, 0, 0, 0, 0, 0, 0, 0, 0, 0, 0, 0, 0, 0, 0, 0, 0, 0, 0, 0, 0, 0, 0, 0, 0, 0, 0, 0, 0, 0, 0, 0, 0, 0, 0, 0, 0, 0, 0, 0, 0, 0, 0, 0, 0, 0, 0, 0, 0, 0, 0, 0, 0, 0, 0, 0, 0, 0, 0, 0, 0, 0, 0, 0, 0, 0, 0, 0, 0, 0, 0, 0, 0, 0, 0, 0, 0, 0, 0, 0, 0, 0, 0, 0, 0, 0, 0, 0, 0, 0, 0, 0, 0, 0, 0, 0, 0, 0, 0, 0, 0, 0, 0, 0, 0, 0, 0, 0, 0, 0, 0, 0, 0, 0, 0, 0, 0, 0, 0, 0, 0, 0, 0, 0, 0, 0, 0, 0, 0, 0, 0, 0, 0, 0, 0, 0, 0, 0, 0, 0, 0, 0, 0, 0, 0, 0, 0, 0, 0, 0, 0, 0, 0, 0, 0, 0, 0, 0, 0, 0, 0, 0, 0, 0, 0, 0, 0, 0, 0, 0, 0, 0, 0, 0, 0, 0, 0, 0, 0, 0, 0, 0, 0, 0, 0, 0, 0, 0, 0, 0, 0, 0, 0, 0, 0, 0, 0, 0, 0, 0, 0, 0, 0, 0, 0, 0, 0, 0, 0, 0, 0, 0, 0, 0]",0.0,"[0.0, 0.0, 0.0, 0.0, 0.0, 0.0, 0.0, 0.0, 0.0, 0.0, 0.0, 0.0, 0.0, 0.0, 0.0, 0.0, 0.0, 0.0, 0.0, 0.0, 0.0, 0.0, 0.0, 0.0, 0.0, 0.0, 0.0, 0.0, 0.0, 0.0, 0.0, 0.0, 0.0, 0.0, 0.0, 0.0, 0.0, 0.0, 0.0, 0.0, 0.0, 0.0, 0.0, 0.0, 0.0, 0.0, 0.0, 0.0, 0.0, 0.0, 0.0, 0.0, 0.0, 0.0, 0.0, 0.0, 0.0, 0.0, 0.0, 0.0, 0.0, 0.0, 0.0, 0.0, 0.0, 0.0, 0.0, 0.0, 0.0, 0.0, 0.0, 0.0, 0.0, 0.0, 0.0, 0.0, 0.0, 0.0, 0.0, 0.0, 0.0, 0.0, 0.0, 0.0, 0.0, 0.0, 0.0, 0.0, 0.0, 0.0, 0.0, 0.0, 0.0, 0.0, 0.0, 0.0, 0.0, 0.0, 0.0, 0.0, 0.0, 0.0, 0.0, 0.0, 0.0, 0.0, 0.0, 0.0, 0.0, 0.0, 0.0, 0.0, 0.0, 0.0, 0.0, 0.0, 0.0, 0.0, 0.0, 0.0, 0.0, 0.0, 0.0, 0.0, 0.0, 0.0, 0.0, 0.0, 0.0, 0.0, 0.0, 0.0, 0.0, 0.0, 0.0, 0.0, 0.0, 0.0, 0.0, 0.0, 0.0, 0.0, 0.0, 0.0, 0.0, 0.0, 0.0, 0.0, 0.0, 0.0, 0.0, 0.0, 0.0, 0.0, 0.0, 0.0, 0.0, 0.0, 0.0, 0.0, 0.0, 0.0, 0.0, 0.0, 0.0, 0.0, 0.0, 0.0, 0.0, 0.0, 0.0, 0.0, 0.0, 0.0, 0.0, 0.0, 0.0, 0.0, 0.0, 0.0, 0.0, 0.0, 0.0, 0.0, 0.0, 0.0, 0.0, 0.0, 0.0, 0.0, 0.0, 0.0, 0.0, 0.0, 0.0, 0.0, 0.0, 0.0, 0.0, 0.0, 0.0, 0.0, 0.0, 0.0, 0.0, 0.0, 0.0, 0.0, 0.0, 0.0, 0.0, 0.0, 0.0, 0.0, 0.0, 0.0, 0.0, 0.0, 0.0, 0.0, 0.0, 0.0, 0.0, 0.0, 0.0, 0.0, 0.0, 0.0, 0.0, 0.0, 0.0, 0.0, 0.0, 0.0, 0.0]",0.5,0.5,0,"[0, 0, 0, 0, 0, 0, 0, 0, 0, 0, 0, 0, 0, 0, 0, 0, 0, 0, 0, 0, 0, 0, 0, 0, 0, 0, 0, 0, 0, 0, 0, 0, 0, 0, 0, 0, 0, 0, 0, 0, 0, 0, 0, 0, 0, 0, 0, 0, 0, 0, 0, 0, 0, 0, 0, 0, 0, 0, 0, 0, 0, 0, 0, 0, 0, 0, 0, 0, 0, 0, 0, 0, 0, 0, 0, 0, 0, 0, 0, 0, 0, 0, 0, 0, 0, 0, 0, 0, 0, 0, 0, 0, 0, 0, 0, 0, 0, 0, 0, 0, 0, 0, 0, 0, 0, 0, 0, 0, 0, 0, 0, 0, 0, 0, 0, 0, 0, 0, 0, 0, 0, 0, 0, 0, 0, 0, 0, 0, 0, 0, 0, 0, 0, 0, 0, 0, 0, 0, 0, 0, 0, 0, 0, 0, 0, 0, 0, 0, 0, 0, 0, 0, 0, 0, 0, 0, 0, 0, 0, 0, 0, 0, 0, 0, 0, 0, 0, 0, 0, 0, 0, 0, 0, 0, 0, 0, 0, 0, 0, 0, 0, 0, 0, 0, 0, 0, 0, 0, 0, 0, 0, 0, 0, 0, 0, 0, 0, 0, 0, 0, 0, 0, 0, 0, 0, 0, 0, 0, 0, 0, 0, 0, 0, 0, 0, 0, 0, 0, 0, 0, 0, 0, 0, 0, 0, 0, 0, 0, 0, 0, 0, 0, 0, 0, 0]",235,"[0.5533888339996338, 0.4591214656829834, 0.4413122534751892, 0.4632991552352905, 0.4765717387199402, 0.40839454531669617, 0.43134087324142456, 0.46436285972595215, 0.4079255759716034, 0.41781970858573914, 0.40838539600372314, 0.419040709733963, 0.4121294319629669, 0.4918349087238312, 0.5884000658988953, 0.4207615554332733, 0.4652210474014282, 0.4165436029434204, 0.4171278476715088, 0.43194201588630676, 0.4093799293041229, 0.4084944427013397, 0.4073711037635803, 0.4803465008735657, 0.4311510920524597, 0.4603090286254883, 0.4138649106025696, 0.4386133551597595, 0.4973655343055725, 0.40840327739715576, 0.562324047088623, 0.4736672639846802, 0.4119459390640259, 0.4161278009414673, 0.4351153075695038, 0.40847378969192505, 0.4178589880466461, 0.4750586450099945, 0.40782588720321655, 0.41790542006492615, 0.4112655520439148, 0.48247459530830383, 0.4116098880767822, 0.4178519546985626, 0.4366334080696106, 0.43233031034469604, 0.43922150135040283, 0.40925711393356323, 0.469127893447876, 0.4178646504878998, 0.4112299084663391, 0.42233043909072876, 0.4936949610710144, 0.4531747102737427, 0.40903767943382263, 0.4076845049858093, 0.4113781750202179, 0.4159203767776489, 0.47356510162353516, 0.40845760703086853, 0.41737717390060425, 0.45265865325927734, 0.4708634316921234, 0.4734339118003845, 0.6074264645576477, 0.4325152337551117, 0.4654488265514374, 0.4086710214614868, 0.5893470644950867, 0.43917232751846313, 0.4421089291572571, 0.5292493104934692, 0.4728836119174957, 0.4178025424480438, 0.41637957096099854, 0.4212735891342163, 0.41788989305496216, 0.4311496317386627, 0.5240018963813782, 0.4080617129802704, 0.47366154193878174, 0.4097832441329956, 0.697916567325592, 0.48697108030319214, 0.4140171706676483, 0.43473875522613525, 0.40846920013427734, 0.4121457636356354, 0.5365242958068848, 0.5293951630592346, 0.4170689284801483, 0.40945544838905334, 0.4178566336631775, 0.4734799861907959, 0.4735826849937439, 0.4313935935497284, 0.5021756291389465, 0.4709065556526184, 0.4171803593635559, 0.5059225559234619, 0.4118710458278656, 0.46223530173301697, 0.7190254330635071, 0.44991734623908997, 0.43963009119033813, 0.44583216309547424, 0.46082603931427, 0.4133249521255493, 0.436013787984848, 0.4088062047958374, 0.4098187983036041, 0.5823872089385986, 0.4507266581058502, 0.40724071860313416, 1.7238526344299316, 0.557006299495697, 0.4178095757961273, 0.4399626851081848, 0.5947545766830444, 0.40839099884033203, 0.427135169506073, 0.4510704278945923, 0.4173830449581146, 0.41524508595466614, 0.4366334080696106, 0.5975167155265808, 0.4142787456512451, 0.4616865813732147, 0.4394926130771637, 0.4180784523487091, 0.4084170460700989, 0.4315331280231476, 0.41505932807922363, 0.4819248914718628, 0.4145357012748718, 0.41784316301345825, 0.41292667388916016, 0.4172053933143616, 0.48523369431495667, 0.41007447242736816, 0.45505356788635254, 0.409984827041626, 0.4223100244998932, 0.40874725580215454, 0.4077026844024658, 0.43110111355781555, 0.5160716772079468, 0.47506263852119446, 0.44875332713127136, 0.4084247648715973, 0.4084177017211914, 0.4624388515949249, 0.43282580375671387, 0.4135979115962982, 0.43707767128944397, 0.4177100360393524, 0.41048651933670044, 1.0328186750411987, 0.4112929105758667, 0.4961148202419281, 0.4100389778614044, 0.4084111452102661, 0.4072262644767761, 0.5109869837760925, 0.4454021453857422, 0.42912155389785767, 0.41100355982780457, 0.41213667392730713, 0.41382887959480286, 0.4083617329597473, 0.4226821959018707, 0.415790319442749, 0.41494765877723694, 0.4558364450931549, 0.4128265082836151, 0.4749607443809509, 0.43755868077278137, 0.4147171676158905, 0.4094752371311188, 0.4174436628818512, 0.4116777777671814, 0.5010790824890137, 0.4648740887641907, 0.41381949186325073, 0.6200128197669983, 0.4735366404056549, 0.417863130569458, 0.44128647446632385, 0.4650089740753174, 0.42112910747528076, 0.7556701898574829, 0.4921693503856659, 0.4314301609992981, 0.5495065450668335, 0.5560272336006165, 0.40859660506248474, 0.4167589843273163, 0.4312547445297241, 0.458450049161911, 0.46987688541412354, 0.487140417098999, 0.4319227933883667, 0.42617732286453247, 0.433674693107605, 0.40866875648498535, 0.40943634510040283, 0.4330574870109558, 0.4726175367832184, 0.46597281098365784, 0.41200074553489685, 0.44180628657341003, 0.4734055995941162, 0.4121062457561493, 0.4072347581386566, 0.46180856227874756, 0.43290460109710693, 0.43119826912879944, 0.5137839317321777, 0.4186009168624878, 0.4974977970123291, 0.724885106086731, 0.4673839211463928, 0.40863922238349915, 0.41784340143203735, 0.43139156699180603, 0.40901726484298706, 0.4179602861404419, 0.4098781645298004, 0.4298383593559265, 0.4691116213798523, 0.4083592891693115, 0.43285834789276123, 0.43805167078971863, 0.5004589557647705, 0.43478429317474365]",0.0,"[0.0, 0.0, 0.0, 0.0, 0.0, 0.0, 0.0, 0.0, 0.0, 0.0, 0.0, 0.0, 0.0, 0.0, 0.0, 0.0, 0.0, 0.0, 0.0, 0.0, 0.0, 0.0, 0.0, 0.0, 0.0, 0.0, 0.0, 0.0, 0.0, 0.0, 0.0, 0.0, 0.0, 0.0, 0.0, 0.0, 0.0, 0.0, 0.0, 0.0, 0.0, 0.0, 0.0, 0.0, 0.0, 0.0, 0.0, 0.0, 0.0, 0.0, 0.0, 0.0, 0.0, 0.0, 0.0, 0.0, 0.0, 0.0, 0.0, 0.0, 0.0, 0.0, 0.0, 0.0, 0.0, 0.0, 0.0, 0.0, 0.0, 0.0, 0.0, 0.0, 0.0, 0.0, 0.0, 0.0, 0.0, 0.0, 0.0, 0.0, 0.0, 0.0, 0.0, 0.0, 0.0, 0.0, 0.0, 0.0, 0.0, 0.0, 0.0, 0.0, 0.0, 0.0, 0.0, 0.0, 0.0, 0.0, 0.0, 0.0, 0.0, 0.0, 0.0, 0.0, 0.0, 0.0, 0.0, 0.0, 0.0, 0.0, 0.0, 0.0, 0.0, 0.0, 0.0, 0.0, 0.0, 0.0, 0.0, 0.0, 0.0, 0.0, 0.0, 0.0, 0.0, 0.0, 0.0, 0.0, 0.0, 0.0, 0.0, 0.0, 0.0, 0.0, 0.0, 0.0, 0.0, 0.0, 0.0, 0.0, 0.0, 0.0, 0.0, 0.0, 0.0, 0.0, 0.0, 0.0, 0.0, 0.0, 0.0, 0.0, 0.0, 0.0, 0.0, 0.0, 0.0, 0.0, 0.0, 0.0, 0.0, 0.0, 0.0, 0.0, 0.0, 0.0, 0.0, 0.0, 0.0, 0.0, 0.0, 0.0, 0.0, 0.0, 0.0, 0.0, 0.0, 0.0, 0.0, 0.0, 0.0, 0.0, 0.0, 0.0, 0.0, 0.0, 0.0, 0.0, 0.0, 0.0, 0.0, 0.0, 0.0, 0.0, 0.0, 0.0, 0.0, 0.0, 0.0, 0.0, 0.0, 0.0, 0.0, 0.0, 0.0, 0.0, 0.0, 0.0, 0.0, 0.0, 0.0, 0.0, 0.0, 0.0, 0.0, 0.0, 0.0, 0.0, 0.0, 0.0, 0.0, 0.0, 0.0, 0.0, 0.0, 0.0, 0.0, 0.0, 0.0, 0.0, 0.0, 0.0, 0.0, 0.0, 0.0]",COMPLETE
16,16,0.9213587355566719,2024-08-31 01:21:27.556508,2024-08-31 01:26:43.867585,0 days 00:05:16.311077,1,0.0294624396905771,5,180,0.04935838009413721,48,0.00013690159073134888,0.937,0.93625,33,"[33, 33, 33, 33, 33, 33, 33, 33, 33, 33, 33, 33, 33, 33, 33, 33, 33, 33, 33, 33, 33, 33, 33, 33, 33, 33, 33, 33, 33, 33, 33, 33, 33, 33, 33, 33, 33, 33, 33, 33, 33, 33, 33, 33, 33, 33, 33, 33, 33, 33, 33, 33, 33, 33, 33, 33, 33, 33, 33, 33, 33, 33, 33, 33, 33, 33, 33, 33, 33, 33, 33, 33, 33, 33, 33, 33, 33, 33, 33, 33, 33, 33, 33, 33, 33, 33, 33, 33, 33, 33, 33, 33, 33, 33, 33, 33, 33, 33, 33, 33, 33, 33, 33, 33, 33, 33, 33, 33, 33, 33, 33, 33, 33, 33, 33, 33, 33, 33, 33, 33, 33, 33, 33, 33, 33, 33, 33, 33, 33, 33, 33, 33, 33, 33, 33, 33, 33, 33, 33, 33, 33, 33, 33, 33, 33, 33, 33, 33, 33, 33, 33, 33, 33, 33, 33, 33, 33, 33, 33, 33, 33, 33, 33, 33, 33, 33, 33, 33, 33, 33, 33, 33, 33, 33, 33, 33, 33, 33, 33, 33]",32.94758064516129,"[32.942876344086024, 32.94556451612903, 32.942876344086024, 32.943548387096776, 32.9375, 32.9375, 32.9375, 32.94556451612903, 32.94018817204301, 32.946908602150536, 32.949596774193544, 32.94018817204301, 32.94287634408602, 32.93817204301075, 32.9375, 32.93682795698924, 32.93548387096774, 32.942204301075265, 32.943548387096776, 32.94892473118279, 32.946236559139784, 32.942204301075265, 32.942204301075265, 32.95228494623656, 32.95766129032258, 32.950940860215056, 32.94892473118279, 32.938844086021504, 32.94422043010753, 32.94758064516129, 32.9489247311828, 32.95564516129032, 32.954301075268816, 32.9516129032258, 32.943548387096776, 32.946908602150536, 32.94220430107527, 32.938844086021504, 32.94422043010753, 32.93481182795699, 32.94422043010753, 32.92943548387097, 32.93413978494623, 32.94287634408602, 32.94018817204301, 32.943548387096776, 32.950940860215056, 32.94556451612903, 32.95161290322581, 32.950268817204304, 32.95766129032258, 32.953629032258064, 32.949596774193544, 32.94018817204301, 32.946236559139784, 32.940188172043015, 32.942204301075265, 32.93346774193548, 32.935483870967744, 32.93682795698925, 32.938844086021504, 32.93548387096774, 32.943548387096776, 32.946236559139784, 32.94422043010753, 32.94758064516129, 32.9502688172043, 32.946236559139784, 32.94489247311828, 32.954301075268816, 32.961021505376344, 32.946236559139784, 32.954301075268816, 32.957661290322584, 32.95564516129032, 32.95161290322581, 32.94556451612903, 32.94556451612903, 32.94959677419355, 32.950268817204304, 32.9502688172043, 32.950940860215056, 32.94422043010752, 32.94153225806451, 32.94556451612903, 32.94354838709677, 32.94758064516129, 32.94153225806451, 32.94153225806451, 32.94758064516129, 32.942204301075265, 32.94825268817204, 32.946236559139784, 32.946236559139784, 32.93682795698925, 32.94220430107527, 32.94556451612903, 32.93682795698925, 32.94422043010753, 32.93481182795699, 32.93077956989247, 32.932123655913976, 32.934811827956985, 32.94018817204301, 32.93346774193549, 32.93682795698925, 32.93481182795699, 32.936155913978496, 32.935483870967744, 32.93682795698925, 32.93749999999999, 32.94086021505376, 32.94422043010752, 32.942204301075265, 32.938844086021504, 32.94018817204301, 32.94086021505376, 32.94825268817204, 32.94825268817204, 32.942876344086024, 32.94220430107527, 32.939516129032256, 32.93682795698925, 32.94086021505376, 32.942876344086024, 32.94556451612903, 32.95228494623656, 32.95295698924731, 32.94825268817204, 32.94892473118279, 32.94825268817204, 32.94758064516129, 32.94489247311828, 32.94086021505376, 32.938844086021504, 32.94758064516129, 32.946908602150536, 32.94758064516129, 32.94825268817204, 32.94153225806451, 32.94153225806451, 32.94153225806452, 32.942204301075265, 32.94018817204301, 32.942204301075265, 32.942876344086024, 32.94422043010753, 32.94422043010753, 32.946236559139784, 32.94489247311828, 32.94422043010753, 32.93413978494623, 32.93615591397849, 32.93413978494623, 32.935483870967744, 32.935483870967744, 32.935483870967744, 32.93279569892473, 32.93212365591398, 32.93010752688172, 32.93346774193548, 32.93682795698924, 32.93413978494623, 32.94220430107527, 32.936155913978496, 32.939516129032256, 32.93481182795699, 32.928763440860216, 32.936155913978496, 32.939516129032256, 32.94018817204301, 32.93682795698925, 32.939516129032256, 32.939516129032256, 32.942876344086024, 32.946908602150536, 32.94489247311828, 32.94086021505376, 32.94959677419355, 32.94758064516129]",0.9081234158141992,0.9213587355566719,33,"[33, 33, 33, 33, 33, 33, 33, 33, 33, 33, 33, 33, 33, 33, 33, 33, 33, 33, 33, 33, 33, 33, 33, 33, 33, 33, 33, 33, 33, 33, 33, 33, 33, 33, 33, 33, 33, 33, 33, 33, 33, 33, 33, 33, 33, 33, 33, 33, 33, 33, 33, 33, 33, 33, 33, 33, 33, 33, 33, 33, 33, 33, 33, 33, 33, 33, 33, 33, 33, 33, 33, 33, 33, 33, 33, 33, 33, 33, 33, 33, 33, 33, 33, 33, 33, 33, 33, 33, 33, 33, 33, 33, 33, 33, 33, 33, 33, 33, 33, 33, 33, 33, 33, 33, 33, 33, 33, 33, 33, 33, 33, 33, 33, 33, 33, 33, 33, 33, 33, 33, 33, 33, 33, 33, 33, 33, 33, 33, 33, 33, 33, 33, 33, 33, 33, 33, 33, 33, 33, 33, 33, 33, 33, 33, 33, 33, 33, 33, 33, 33, 33, 33, 33, 33, 33, 33, 33, 33, 33, 33, 33, 33, 33, 33, 33, 33, 33, 33, 33, 33, 33, 33, 33, 33, 33, 33, 33, 33, 33, 33]",180,"[0.39826661348342896, 0.39008471369743347, 0.3847992718219757, 0.3805558681488037, 0.3774518668651581, 0.37469151616096497, 0.37238121032714844, 0.37037330865859985, 0.3685799539089203, 0.3669264316558838, 0.36533355712890625, 0.36383384466171265, 0.3621732294559479, 0.3606155812740326, 0.35932376980781555, 0.3577120900154114, 0.35675349831581116, 0.3548358678817749, 0.35339996218681335, 0.35180625319480896, 0.3507431149482727, 0.3492034673690796, 0.3476163446903229, 0.3465501666069031, 0.3445662260055542, 0.342935711145401, 0.34141072630882263, 0.33989250659942627, 0.3382929861545563, 0.33664625883102417, 0.33523446321487427, 0.3342094123363495, 0.3321164846420288, 0.3306015431880951, 0.3287791311740875, 0.3271729648113251, 0.3254280388355255, 0.3237276077270508, 0.322208970785141, 0.32001861929893494, 0.3185751438140869, 0.31631743907928467, 0.31436267495155334, 0.3123955726623535, 0.3104666471481323, 0.3090112805366516, 0.3065251410007477, 0.3045564889907837, 0.30300819873809814, 0.30059218406677246, 0.29860958456993103, 0.29648932814598083, 0.2946282625198364, 0.29252326488494873, 0.2907278835773468, 0.2889817953109741, 0.28750160336494446, 0.28524279594421387, 0.28364014625549316, 0.28205209970474243, 0.2802000641822815, 0.27800413966178894, 0.2765187919139862, 0.27507278323173523, 0.27337589859962463, 0.2719702124595642, 0.27064573764801025, 0.26931795477867126, 0.2680772840976715, 0.266788512468338, 0.265634149312973, 0.2647351026535034, 0.2633207440376282, 0.26195600628852844, 0.2609044909477234, 0.25994694232940674, 0.25861799716949463, 0.2578662931919098, 0.2569696009159088, 0.25565779209136963, 0.2549298107624054, 0.2546100914478302, 0.25294968485832214, 0.252523273229599, 0.2511592507362366, 0.2502897083759308, 0.24949795007705688, 0.2485966682434082, 0.247934952378273, 0.2471945881843567, 0.2463870495557785, 0.24606141448020935, 0.2451688051223755, 0.24457181990146637, 0.24345827102661133, 0.24242940545082092, 0.24168182909488678, 0.24111080169677734, 0.2402213215827942, 0.2396356165409088, 0.23918333649635315, 0.2379416674375534, 0.23741015791893005, 0.23689819872379303, 0.23615728318691254, 0.23565176129341125, 0.23484347760677338, 0.23409461975097656, 0.233546644449234, 0.232879638671875, 0.23221731185913086, 0.2312748283147812, 0.23090006411075592, 0.23045235872268677, 0.23021842539310455, 0.22923748195171356, 0.22842086851596832, 0.22810563445091248, 0.22760498523712158, 0.22684477269649506, 0.2262757271528244, 0.22564534842967987, 0.22517383098602295, 0.2247484177350998, 0.2240813821554184, 0.22368599474430084, 0.22279015183448792, 0.2227623164653778, 0.22172792255878448, 0.22181986272335052, 0.2210175096988678, 0.22080126404762268, 0.22005873918533325, 0.21967317163944244, 0.21923740208148956, 0.21904122829437256, 0.21831169724464417, 0.21745947003364563, 0.2170434594154358, 0.21783165633678436, 0.216598778963089, 0.21560323238372803, 0.21551990509033203, 0.214909166097641, 0.21436409652233124, 0.21424639225006104, 0.21338298916816711, 0.21346642076969147, 0.21318624913692474, 0.21285907924175262, 0.21245497465133667, 0.21167811751365662, 0.2118125557899475, 0.21130427718162537, 0.21036528050899506, 0.20997674763202667, 0.2101883888244629, 0.20907095074653625, 0.20941802859306335, 0.20934773981571198, 0.2086704969406128, 0.20851197838783264, 0.20859937369823456, 0.2077520340681076, 0.20778101682662964, 0.20712810754776, 0.2064685970544815, 0.20636887848377228, 0.20626090466976166, 0.20632170140743256, 0.20507527887821198, 0.20555272698402405, 0.20523269474506378, 0.2046879231929779, 0.20460256934165955, 0.2039594054222107, 0.20405986905097961, 0.20337563753128052, 0.2028561234474182, 0.20339080691337585]",33.0,"[33.0, 33.0, 33.0, 33.0, 33.0, 33.0, 33.0, 33.0, 33.0, 33.0, 33.0, 33.0, 33.0, 33.0, 33.0, 33.0, 33.0, 33.0, 33.0, 33.0, 33.0, 33.0, 33.0, 33.0, 33.0, 33.0, 33.0, 33.0, 33.0, 33.0, 33.0, 33.0, 33.0, 33.0, 33.0, 33.0, 33.0, 33.0, 33.0, 33.0, 33.0, 33.0, 33.0, 33.0, 33.0, 33.0, 33.0, 33.0, 33.0, 33.0, 33.0, 33.0, 33.0, 33.0, 33.0, 33.0, 33.0, 33.0, 33.0, 33.0, 33.0, 33.0, 33.0, 33.0, 33.0, 33.0, 33.0, 33.0, 33.0, 33.0, 33.0, 33.0, 33.0, 33.0, 33.0, 33.0, 33.0, 33.0, 33.0, 33.0, 33.0, 33.0, 33.0, 33.0, 33.0, 33.0, 33.0, 33.0, 33.0, 33.0, 33.0, 33.0, 33.0, 33.0, 33.0, 33.0, 33.0, 33.0, 33.0, 33.0, 33.0, 33.0, 33.0, 33.0, 33.0, 33.0, 33.0, 33.0, 33.0, 33.0, 33.0, 33.0, 33.0, 33.0, 33.0, 33.0, 33.0, 33.0, 33.0, 33.0, 33.0, 33.0, 33.0, 33.0, 33.0, 33.0, 33.0, 33.0, 33.0, 33.0, 33.0, 33.0, 33.0, 33.0, 33.0, 33.0, 33.0, 33.0, 33.0, 33.0, 33.0, 33.0, 33.0, 33.0, 33.0, 33.0, 33.0, 33.0, 33.0, 33.0, 33.0, 33.0, 33.0, 33.0, 33.0, 33.0, 33.0, 33.0, 33.0, 33.0, 33.0, 33.0, 33.0, 33.0, 33.0, 33.0, 33.0, 33.0, 33.0, 33.0, 33.0, 33.0, 33.0, 33.0, 33.0, 33.0, 33.0, 33.0, 33.0, 33.0]",COMPLETE
