,number,value,datetime_start,datetime_complete,duration,params_batch_size_scaler,params_constant_learning_rate,params_depth,params_epochs,params_kernel_l2,params_num_trees,params_temperature,user_attrs_accuracy_test,user_attrs_accuracy_valid,user_attrs_approximate_feature_sparsity,user_attrs_approximate_feature_sparsity_history,user_attrs_approximate_weight_sparsity,user_attrs_approximate_weight_sparsity_history,user_attrs_auc_test,user_attrs_auc_valid,user_attrs_feature_sparsity,user_attrs_feature_sparsity_history,user_attrs_num_epochs,user_attrs_val_loss_history,user_attrs_weight_sparsity,user_attrs_weight_sparsity_history,state
146,146,0.9269750486274814,2024-08-31 07:18:14.983736,2024-08-31 07:22:04.369484,0 days 00:03:49.385748,4,0.0744725718125197,5,395,0.02193249040939923,40,0.0024331700103118335,0.94,0.945,33,"[33, 33, 33, 33, 33, 33, 33, 33, 33, 33, 33, 33, 33, 33, 33, 33, 33, 33, 33, 33, 33, 33, 33, 33, 33, 33, 33, 33, 33, 33, 33, 33, 33, 33, 33, 33, 33, 33, 33, 33, 33, 33, 33, 33, 33, 33, 33, 33, 33, 33, 33, 33, 33, 33, 33, 33, 33, 33, 33, 33, 33, 33, 33, 33, 33, 33, 33, 33, 33, 33, 33, 33, 33, 33, 33, 33, 33, 33, 33, 33, 33, 33, 33, 33, 33, 33, 33, 33, 33, 33, 33, 33, 33, 33, 33, 33, 33, 33, 33, 33, 33, 33, 33, 33, 33, 33, 33, 33, 33, 33, 33, 33, 33, 33, 33, 33, 33, 33, 33, 33, 33, 33, 33, 33, 33, 33, 33, 33, 33, 33, 33, 33, 33, 33, 33, 33, 33, 33, 33, 33, 33, 33, 33, 33, 33, 33, 33, 33, 33, 33, 33, 33, 33, 33, 33, 33, 33, 33, 33, 33, 33, 33, 33, 33, 33, 33, 33, 33, 33, 33, 33, 33, 33, 33, 33, 33, 33, 33, 33, 33, 33, 33, 33, 33, 33, 33, 33, 33, 33, 33, 33, 33, 33, 33, 33, 33, 33, 33, 33, 33, 33, 33, 33, 33, 33, 33, 33, 33, 33, 33, 33, 33, 33, 33, 33, 33, 33, 33, 33, 33, 33, 33, 33, 33, 33, 33, 33, 33, 33, 33, 33, 33, 33, 33, 33, 33, 33, 33, 33, 33, 33, 33, 33, 33, 33, 33, 33, 33, 33, 33, 33, 33, 33, 33, 33, 33, 33, 33, 33, 33, 33, 33, 33, 33, 33, 33, 33, 33, 33, 33, 33, 33, 33, 33, 33, 33, 33, 33, 33, 33, 33, 33, 33, 33, 33, 33, 33, 33, 33, 33, 33, 33, 33, 33, 33, 33, 33, 33, 33, 33, 33, 33, 33, 33, 33, 33, 33, 33, 33, 33, 33, 33, 33, 33, 33, 33, 33, 33, 33, 33, 33, 33, 33, 33, 33, 33, 33, 33, 33, 33, 33, 33, 33, 33, 33, 33, 33, 33, 33, 33, 33, 33, 33, 33, 33, 33, 33, 33, 33, 33, 33, 33, 33, 33, 33, 33, 33, 33, 33, 33, 33, 33, 33, 33, 33, 33, 33, 33, 33, 33, 33, 33, 33, 33, 33, 33, 33, 33, 33, 33, 33, 33, 33, 33, 33, 33, 33, 33, 33, 33, 33, 33, 33, 33, 33]",32.95887096774194,"[32.95967741935484, 32.95887096774194, 32.95806451612903, 32.9516129032258, 32.954032258064515, 32.939516129032256, 32.94516129032258, 32.94838709677419, 32.9483870967742, 32.9483870967742, 32.95564516129032, 32.961290322580645, 32.94596774193548, 32.95322580645161, 32.95887096774194, 32.961290322580645, 32.95322580645161, 32.949999999999996, 32.932258064516134, 32.946774193548386, 32.95, 32.9483870967742, 32.94919354838709, 32.94516129032258, 32.95161290322581, 32.95564516129032, 32.95564516129032, 32.94435483870968, 32.946774193548386, 32.95161290322581, 32.94919354838709, 32.95322580645161, 32.95887096774194, 32.950806451612905, 32.95322580645161, 32.94838709677419, 32.94838709677419, 32.950806451612905, 32.94758064516129, 32.95161290322581, 32.95241935483871, 32.95322580645161, 32.95645161290322, 32.957258064516125, 32.95806451612903, 32.95322580645161, 32.95887096774194, 32.958064516129035, 32.95887096774194, 32.95, 32.946774193548386, 32.95322580645161, 32.94032258064516, 32.946774193548386, 32.946774193548386, 32.943548387096776, 32.943548387096776, 32.939516129032256, 32.94112903225806, 32.94838709677419, 32.93709677419355, 32.94435483870968, 32.950806451612905, 32.94516129032258, 32.950806451612905, 32.954032258064515, 32.950806451612905, 32.95, 32.94596774193548, 32.9491935483871, 32.950806451612905, 32.94596774193548, 32.954032258064515, 32.961290322580645, 32.964516129032255, 32.96290322580645, 32.95483870967742, 32.95564516129032, 32.957258064516125, 32.958064516129035, 32.957258064516125, 32.94758064516129, 32.95322580645161, 32.938709677419354, 32.94193548387097, 32.94435483870968, 32.94516129032258, 32.94032258064516, 32.939516129032256, 32.940322580645166, 32.94274193548387, 32.9491935483871, 32.95241935483871, 32.941935483870964, 32.95, 32.94838709677419, 32.9491935483871, 32.9491935483871, 32.94032258064516, 32.936290322580646, 32.9491935483871, 32.950806451612905, 32.9491935483871, 32.94596774193548, 32.94596774193548, 32.954032258064515, 32.95645161290322, 32.961290322580645, 32.95322580645161, 32.95483870967742, 32.94758064516129, 32.94596774193548, 32.94435483870968, 32.94758064516129, 32.94516129032258, 32.94758064516129, 32.94758064516129, 32.94838709677419, 32.94274193548387, 32.94758064516129, 32.94758064516129, 32.94758064516129, 32.94758064516129, 32.95725806451613, 32.954032258064515, 32.9491935483871, 32.949999999999996, 32.95, 32.95483870967742, 32.95483870967742, 32.95887096774194, 32.95887096774194, 32.95322580645161, 32.95322580645161, 32.95967741935484, 32.95967741935484, 32.95887096774194, 32.95725806451613, 32.95483870967742, 32.95564516129032, 32.95564516129032, 32.95483870967742, 32.95322580645161, 32.95564516129032, 32.95645161290322, 32.95967741935484, 32.95564516129033, 32.95241935483871, 32.94112903225807, 32.94596774193548, 32.94596774193548, 32.946774193548386, 32.95161290322581, 32.95241935483871, 32.949999999999996, 32.95483870967742, 32.95483870967742, 32.954032258064515, 32.949999999999996, 32.957258064516125, 32.950806451612905, 32.95161290322581, 32.95322580645161, 32.95161290322581, 32.9491935483871, 32.94758064516129, 32.95241935483871, 32.95483870967742, 32.96048387096774, 32.95887096774193, 32.95564516129032, 32.95322580645161, 32.94919354838709, 32.95564516129032, 32.95645161290322, 32.964516129032255, 32.95725806451613, 32.95483870967742, 32.95322580645161, 32.95, 32.95322580645161, 32.95241935483871, 32.95322580645161, 32.95483870967742, 32.949999999999996, 32.95887096774194, 32.95645161290322, 32.9491935483871, 32.95564516129032, 32.94758064516129, 32.95241935483871, 32.94274193548387, 32.95161290322581, 32.950806451612905, 32.9483870967742, 32.95806451612903, 32.95322580645161, 32.94838709677419, 32.94193548387097, 32.94596774193548, 32.95322580645161, 32.95645161290322, 32.957258064516125, 32.961290322580645, 32.96290322580645, 32.96048387096774, 32.95887096774193, 32.95322580645161, 32.95322580645161, 32.954032258064515, 32.95, 32.94677419354839, 32.94516129032258, 32.946774193548386, 32.943548387096776, 32.95, 32.95241935483871, 32.95483870967742, 32.95725806451613, 32.95887096774194, 32.957258064516125, 32.95322580645161, 32.95564516129033, 32.964516129032255, 32.95645161290322, 32.95564516129032, 32.961290322580645, 32.957258064516125, 32.96370967741935, 32.95967741935484, 32.961290322580645, 32.96048387096774, 32.96774193548387, 32.96290322580645, 32.965322580645164, 32.96532258064516, 32.95887096774194, 32.95645161290322, 32.96209677419355, 32.957258064516125, 32.95645161290322, 32.95241935483871, 32.95161290322581, 32.95161290322581, 32.94838709677419, 32.9508064516129, 32.958064516129035, 32.954032258064515, 32.95887096774193, 32.957258064516125, 32.950806451612905, 32.95967741935484, 32.95564516129032, 32.95725806451613, 32.95483870967742, 32.95322580645161, 32.95887096774194, 32.96209677419355, 32.96370967741935, 32.96048387096774, 32.964516129032255, 32.96290322580645, 32.96370967741935, 32.96048387096774, 32.957258064516125, 32.95322580645161, 32.954032258064515, 32.954032258064515, 32.95645161290322, 32.95887096774194, 32.95725806451613, 32.95645161290322, 32.954032258064515, 32.95483870967742, 32.95483870967742, 32.954032258064515, 32.94919354838709, 32.9491935483871, 32.95161290322581, 32.95, 32.95564516129033, 32.958064516129035, 32.96048387096774, 32.961290322580645, 32.96209677419355, 32.95967741935484, 32.96048387096774, 32.95967741935484, 32.95967741935484, 32.958064516129035, 32.95483870967742, 32.95564516129032, 32.954838709677425, 32.95161290322581, 32.950806451612905, 32.94919354838709, 32.954032258064515, 32.95887096774194, 32.94919354838709, 32.94596774193548, 32.95322580645161, 32.95322580645161, 32.950806451612905, 32.95161290322581, 32.95483870967742, 32.95887096774194, 32.95645161290322, 32.95887096774194, 32.95887096774194, 32.95887096774194, 32.95725806451613, 32.95887096774194, 32.958064516129035, 32.95645161290322, 32.954032258064515, 32.95645161290322, 32.95806451612903, 32.95725806451613, 32.95, 32.95322580645161, 32.954032258064515, 32.95241935483871, 32.95483870967742, 32.94838709677419, 32.94838709677419, 32.95322580645161, 32.95241935483871, 32.95645161290323, 32.95564516129032, 32.958064516129035, 32.95564516129032, 32.95483870967742, 32.95645161290323, 32.95322580645161, 32.95322580645161, 32.95645161290322, 32.958064516129035, 32.95483870967742, 32.950806451612905, 32.95241935483871, 32.95483870967742, 32.95322580645161, 32.954032258064515, 32.954838709677425, 32.95564516129033, 32.954032258064515, 32.95322580645161, 32.958064516129035, 32.958064516129035, 32.95887096774193, 32.95241935483871, 32.95241935483871, 32.94435483870968, 32.9491935483871, 32.95564516129032, 32.95645161290322, 32.95645161290323, 32.95645161290322, 32.95967741935484, 32.96209677419355, 32.95564516129032, 32.96209677419355, 32.96209677419355, 32.96290322580645, 32.96209677419355, 32.964516129032255, 32.96290322580645, 32.961290322580645, 32.95967741935484, 32.95967741935484, 32.95645161290322, 32.95645161290322, 32.95967741935484, 32.96209677419355, 32.96290322580645, 32.96290322580645, 32.968548387096774, 32.96774193548387, 32.965322580645164, 32.96612903225807, 32.96290322580645, 32.96370967741935, 32.96290322580645, 32.96209677419355, 32.96693548387096, 32.96532258064516, 32.96532258064516, 32.96048387096774, 32.958064516129035, 32.95967741935484, 32.961290322580645, 32.961290322580645, 32.95887096774194, 32.957258064516125, 32.95887096774194]",0.9150339748511794,0.9269750486274814,33,"[33, 33, 33, 33, 33, 33, 33, 33, 33, 33, 33, 33, 33, 33, 33, 33, 33, 33, 33, 33, 33, 33, 33, 33, 33, 33, 33, 33, 33, 33, 33, 33, 33, 33, 33, 33, 33, 33, 33, 33, 33, 33, 33, 33, 33, 33, 33, 33, 33, 33, 33, 33, 33, 33, 33, 33, 33, 33, 33, 33, 33, 33, 33, 33, 33, 33, 33, 33, 33, 33, 33, 33, 33, 33, 33, 33, 33, 33, 33, 33, 33, 33, 33, 33, 33, 33, 33, 33, 33, 33, 33, 33, 33, 33, 33, 33, 33, 33, 33, 33, 33, 33, 33, 33, 33, 33, 33, 33, 33, 33, 33, 33, 33, 33, 33, 33, 33, 33, 33, 33, 33, 33, 33, 33, 33, 33, 33, 33, 33, 33, 33, 33, 33, 33, 33, 33, 33, 33, 33, 33, 33, 33, 33, 33, 33, 33, 33, 33, 33, 33, 33, 33, 33, 33, 33, 33, 33, 33, 33, 33, 33, 33, 33, 33, 33, 33, 33, 33, 33, 33, 33, 33, 33, 33, 33, 33, 33, 33, 33, 33, 33, 33, 33, 33, 33, 33, 33, 33, 33, 33, 33, 33, 33, 33, 33, 33, 33, 33, 33, 33, 33, 33, 33, 33, 33, 33, 33, 33, 33, 33, 33, 33, 33, 33, 33, 33, 33, 33, 33, 33, 33, 33, 33, 33, 33, 33, 33, 33, 33, 33, 33, 33, 33, 33, 33, 33, 33, 33, 33, 33, 33, 33, 33, 33, 33, 33, 33, 33, 33, 33, 33, 33, 33, 33, 33, 33, 33, 33, 33, 33, 33, 33, 33, 33, 33, 33, 33, 33, 33, 33, 33, 33, 33, 33, 33, 33, 33, 33, 33, 33, 33, 33, 33, 33, 33, 33, 33, 33, 33, 33, 33, 33, 33, 33, 33, 33, 33, 33, 33, 33, 33, 33, 33, 33, 33, 33, 33, 33, 33, 33, 33, 33, 33, 33, 33, 33, 33, 33, 33, 33, 33, 33, 33, 33, 33, 33, 33, 33, 33, 33, 33, 33, 33, 33, 33, 33, 33, 33, 33, 33, 33, 33, 33, 33, 33, 33, 33, 33, 33, 33, 33, 33, 33, 33, 33, 33, 33, 33, 33, 33, 33, 33, 33, 33, 33, 33, 33, 33, 33, 33, 33, 33, 33, 33, 33, 33, 33, 33, 33, 33, 33, 33, 33, 33, 33, 33, 33, 33, 33, 33, 33, 33, 33, 33, 33]",395,"[0.4075823724269867, 0.3954368233680725, 0.3899701237678528, 0.3860141336917877, 0.3826448321342468, 0.37994974851608276, 0.3776119649410248, 0.37561771273612976, 0.3738665282726288, 0.3722292184829712, 0.37086910009384155, 0.36943885684013367, 0.36839959025382996, 0.36718764901161194, 0.36612647771835327, 0.36505240201950073, 0.364073783159256, 0.363164484500885, 0.3620750308036804, 0.361251562833786, 0.36027196049690247, 0.35924872756004333, 0.35850974917411804, 0.3574720621109009, 0.35662367939949036, 0.3557073175907135, 0.35470449924468994, 0.35389959812164307, 0.3529599905014038, 0.35206204652786255, 0.351272851228714, 0.35032638907432556, 0.34941020607948303, 0.348514586687088, 0.3477933406829834, 0.3467599153518677, 0.3458712697029114, 0.3449406325817108, 0.3439434766769409, 0.34299907088279724, 0.34222960472106934, 0.3413051664829254, 0.34034064412117004, 0.3393228054046631, 0.33834370970726013, 0.3375110328197479, 0.33639204502105713, 0.33538591861724854, 0.33438926935195923, 0.3333745300769806, 0.33243802189826965, 0.33148565888404846, 0.33047112822532654, 0.3293265402317047, 0.32825031876564026, 0.3271477520465851, 0.32616108655929565, 0.32506686449050903, 0.3237819969654083, 0.3227067291736603, 0.32148808240890503, 0.3203337490558624, 0.31918779015541077, 0.3178984522819519, 0.31668633222579956, 0.3153696358203888, 0.3141494691371918, 0.31292811036109924, 0.31162166595458984, 0.3101761043071747, 0.30890417098999023, 0.3075302839279175, 0.3062313199043274, 0.3049260973930359, 0.3034251928329468, 0.30213889479637146, 0.30065760016441345, 0.29927510023117065, 0.29793187975883484, 0.29656824469566345, 0.2953292727470398, 0.2939292788505554, 0.2926434576511383, 0.29122382402420044, 0.2900826930999756, 0.28882360458374023, 0.2874203324317932, 0.2861076295375824, 0.28486335277557373, 0.2836039066314697, 0.2824367582798004, 0.2812049090862274, 0.2801288664340973, 0.27915245294570923, 0.27793845534324646, 0.2767412066459656, 0.2756645381450653, 0.27467983961105347, 0.27365750074386597, 0.2726738750934601, 0.2716250419616699, 0.2707013487815857, 0.26986584067344666, 0.2688857614994049, 0.2682325839996338, 0.26734209060668945, 0.266378253698349, 0.2655831277370453, 0.2647790312767029, 0.26408863067626953, 0.26315486431121826, 0.262492835521698, 0.26172560453414917, 0.26099085807800293, 0.2602557837963104, 0.25960400700569153, 0.25887906551361084, 0.258161723613739, 0.2575327455997467, 0.2571951746940613, 0.25645211338996887, 0.2557455003261566, 0.2551732361316681, 0.25465792417526245, 0.25384318828582764, 0.2532796263694763, 0.252839595079422, 0.2522116005420685, 0.251497358083725, 0.2510323226451874, 0.2503686249256134, 0.24986888468265533, 0.24931471049785614, 0.24862203001976013, 0.24832311272621155, 0.24766750633716583, 0.24704942107200623, 0.2465589940547943, 0.2460850328207016, 0.24554778635501862, 0.2449790984392166, 0.2444259226322174, 0.24395805597305298, 0.24345849454402924, 0.24297210574150085, 0.24255071580410004, 0.24218763411045074, 0.24143414199352264, 0.24096272885799408, 0.2404537945985794, 0.2400369644165039, 0.23949110507965088, 0.23895537853240967, 0.23851659893989563, 0.2381528913974762, 0.23769181966781616, 0.23724880814552307, 0.2367430180311203, 0.23645693063735962, 0.2358914017677307, 0.2354525625705719, 0.2351350039243698, 0.23443973064422607, 0.23405006527900696, 0.23371456563472748, 0.23325656354427338, 0.2327503263950348, 0.2322908192873001, 0.23196008801460266, 0.231678307056427, 0.23120082914829254, 0.23061777651309967, 0.23029227554798126, 0.22993427515029907, 0.22938542068004608, 0.22908176481723785, 0.22872357070446014, 0.22831548750400543, 0.22791901230812073, 0.22748325765132904, 0.22716236114501953, 0.22688797116279602, 0.22619490325450897, 0.22603170573711395, 0.22544477880001068, 0.2251048982143402, 0.22474120557308197, 0.2242734283208847, 0.22394125163555145, 0.2234891951084137, 0.22310870885849, 0.2227333039045334, 0.2223338633775711, 0.22188593447208405, 0.22172394394874573, 0.2213425636291504, 0.22105666995048523, 0.22078849375247955, 0.22038307785987854, 0.2199552208185196, 0.2198992371559143, 0.21965292096138, 0.21910810470581055, 0.21899345517158508, 0.2183035910129547, 0.21783143281936646, 0.2176671028137207, 0.21716170012950897, 0.21683834493160248, 0.21678045392036438, 0.2164164036512375, 0.21602052450180054, 0.21554049849510193, 0.21548952162265778, 0.2149791121482849, 0.2148233950138092, 0.21466073393821716, 0.2142876386642456, 0.21373149752616882, 0.2134673297405243, 0.21345718204975128, 0.21310719847679138, 0.21265822649002075, 0.21242986619472504, 0.21181362867355347, 0.2117009162902832, 0.21147485077381134, 0.21121762692928314, 0.21063770353794098, 0.2103654444217682, 0.21018806099891663, 0.20992140471935272, 0.20960350334644318, 0.20960594713687897, 0.209042027592659, 0.2092326134443283, 0.20879246294498444, 0.20911549031734467, 0.2089158296585083, 0.20814315974712372, 0.20766489207744598, 0.20745086669921875, 0.20747046172618866, 0.20704983174800873, 0.20673327147960663, 0.20640252530574799, 0.2065255343914032, 0.20614442229270935, 0.20574453473091125, 0.20558702945709229, 0.20510460436344147, 0.2049189954996109, 0.20482835173606873, 0.20474013686180115, 0.20448942482471466, 0.2039613574743271, 0.2040092796087265, 0.2036391794681549, 0.20375318825244904, 0.20305036008358002, 0.20280346274375916, 0.20293369889259338, 0.2030840814113617, 0.20236219465732574, 0.2025679349899292, 0.202043816447258, 0.20182397961616516, 0.201603963971138, 0.20150414109230042, 0.20128916203975677, 0.20091137290000916, 0.20069009065628052, 0.20089209079742432, 0.2006431221961975, 0.20025266706943512, 0.2004319429397583, 0.19981883466243744, 0.199880450963974, 0.20002855360507965, 0.19956247508525848, 0.1995731145143509, 0.19892047345638275, 0.1988915055990219, 0.19867874681949615, 0.19864940643310547, 0.19818319380283356, 0.19840990006923676, 0.19845330715179443, 0.19784782826900482, 0.1977938860654831, 0.19747263193130493, 0.1970938891172409, 0.197616308927536, 0.1970725804567337, 0.19690623879432678, 0.1971120834350586, 0.1970233917236328, 0.19667255878448486, 0.19657427072525024, 0.19650064408779144, 0.1966315507888794, 0.19599981606006622, 0.19565127789974213, 0.19580243527889252, 0.19579657912254333, 0.1951068490743637, 0.19536803662776947, 0.19495835900306702, 0.19477422535419464, 0.19487884640693665, 0.19460439682006836, 0.19470569491386414, 0.19489532709121704, 0.19510118663311005, 0.1941121518611908, 0.19424763321876526, 0.19421374797821045, 0.19418352842330933, 0.1935759335756302, 0.19431394338607788, 0.19344881176948547, 0.1933128535747528, 0.19334854185581207, 0.19326430559158325, 0.19300039112567902, 0.19315548241138458, 0.19245107471942902, 0.19259130954742432, 0.1921236664056778, 0.1919965296983719, 0.19227643311023712, 0.19242553412914276, 0.19244126975536346, 0.19209977984428406, 0.19230392575263977, 0.1917417347431183, 0.19162142276763916, 0.19166624546051025, 0.1912039816379547, 0.19164533913135529, 0.19104398787021637, 0.19109077751636505, 0.19103994965553284, 0.1906963586807251, 0.1907440721988678, 0.19117769598960876, 0.19071681797504425, 0.19068878889083862, 0.19063091278076172, 0.19070367515087128, 0.1902804970741272, 0.19006381928920746, 0.18979810178279877, 0.19019252061843872, 0.19042816758155823, 0.1905430257320404, 0.1897260993719101, 0.18917270004749298, 0.19000494480133057, 0.1896842122077942, 0.1893024444580078, 0.18956530094146729, 0.18955577909946442, 0.189133420586586, 0.1891636699438095, 0.18913264572620392, 0.18946656584739685, 0.18930916488170624, 0.18856287002563477, 0.18851035833358765, 0.18947361409664154, 0.18893931806087494, 0.18880011141300201, 0.18887804448604584, 0.1887478232383728, 0.18824177980422974, 0.18800514936447144, 0.18835897743701935, 0.1880696415901184, 0.18759991228580475, 0.18810921907424927, 0.1878383308649063, 0.18718405067920685, 0.1875562220811844, 0.1877661645412445, 0.18722553551197052, 0.18774987757205963, 0.187242791056633, 0.18744155764579773, 0.18726661801338196, 0.1873808354139328, 0.1868731826543808, 0.18669357895851135, 0.1863919049501419, 0.18669460713863373]",33.0,"[33.0, 33.0, 33.0, 33.0, 33.0, 33.0, 33.0, 33.0, 33.0, 33.0, 33.0, 33.0, 33.0, 33.0, 33.0, 33.0, 33.0, 33.0, 33.0, 33.0, 33.0, 33.0, 33.0, 33.0, 33.0, 33.0, 33.0, 33.0, 33.0, 33.0, 33.0, 33.0, 33.0, 33.0, 33.0, 33.0, 33.0, 33.0, 33.0, 33.0, 33.0, 33.0, 33.0, 33.0, 33.0, 33.0, 33.0, 33.0, 33.0, 33.0, 33.0, 33.0, 33.0, 33.0, 33.0, 33.0, 33.0, 33.0, 33.0, 33.0, 33.0, 33.0, 33.0, 33.0, 33.0, 33.0, 33.0, 33.0, 33.0, 33.0, 33.0, 33.0, 33.0, 33.0, 33.0, 33.0, 33.0, 33.0, 33.0, 33.0, 33.0, 33.0, 33.0, 33.0, 33.0, 33.0, 33.0, 33.0, 33.0, 33.0, 33.0, 33.0, 33.0, 33.0, 33.0, 33.0, 33.0, 33.0, 33.0, 33.0, 33.0, 33.0, 33.0, 33.0, 33.0, 33.0, 33.0, 33.0, 33.0, 33.0, 33.0, 33.0, 33.0, 33.0, 33.0, 33.0, 33.0, 33.0, 33.0, 33.0, 33.0, 33.0, 33.0, 33.0, 33.0, 33.0, 33.0, 33.0, 33.0, 33.0, 33.0, 33.0, 33.0, 33.0, 33.0, 33.0, 33.0, 33.0, 33.0, 33.0, 33.0, 33.0, 33.0, 33.0, 33.0, 33.0, 33.0, 33.0, 33.0, 33.0, 33.0, 33.0, 33.0, 33.0, 33.0, 33.0, 33.0, 33.0, 33.0, 33.0, 33.0, 33.0, 33.0, 33.0, 33.0, 33.0, 33.0, 33.0, 33.0, 33.0, 33.0, 33.0, 33.0, 33.0, 33.0, 33.0, 33.0, 33.0, 33.0, 33.0, 33.0, 33.0, 33.0, 33.0, 33.0, 33.0, 33.0, 33.0, 33.0, 33.0, 33.0, 33.0, 33.0, 33.0, 33.0, 33.0, 33.0, 33.0, 33.0, 33.0, 33.0, 33.0, 33.0, 33.0, 33.0, 33.0, 33.0, 33.0, 33.0, 33.0, 33.0, 33.0, 33.0, 33.0, 33.0, 33.0, 33.0, 33.0, 33.0, 33.0, 33.0, 33.0, 33.0, 33.0, 33.0, 33.0, 33.0, 33.0, 33.0, 33.0, 33.0, 33.0, 33.0, 33.0, 33.0, 33.0, 33.0, 33.0, 33.0, 33.0, 33.0, 33.0, 33.0, 33.0, 33.0, 33.0, 33.0, 33.0, 33.0, 33.0, 33.0, 33.0, 33.0, 33.0, 33.0, 33.0, 33.0, 33.0, 33.0, 33.0, 33.0, 33.0, 33.0, 33.0, 33.0, 33.0, 33.0, 33.0, 33.0, 33.0, 33.0, 33.0, 33.0, 33.0, 33.0, 33.0, 33.0, 33.0, 33.0, 33.0, 33.0, 33.0, 33.0, 33.0, 33.0, 33.0, 33.0, 33.0, 33.0, 33.0, 33.0, 33.0, 33.0, 33.0, 33.0, 33.0, 33.0, 33.0, 33.0, 33.0, 33.0, 33.0, 33.0, 33.0, 33.0, 33.0, 33.0, 33.0, 33.0, 33.0, 33.0, 33.0, 33.0, 33.0, 33.0, 33.0, 33.0, 33.0, 33.0, 33.0, 33.0, 33.0, 33.0, 33.0, 33.0, 33.0, 33.0, 33.0, 33.0, 33.0, 33.0, 33.0, 33.0, 33.0, 33.0, 33.0, 33.0, 33.0, 33.0, 33.0, 33.0, 33.0, 33.0, 33.0, 33.0, 33.0, 33.0, 33.0, 33.0, 33.0, 33.0, 33.0, 33.0, 33.0, 33.0, 33.0, 33.0, 33.0, 33.0, 33.0, 33.0, 33.0, 33.0, 33.0, 33.0, 33.0, 33.0, 33.0, 33.0, 33.0, 33.0, 33.0, 33.0, 33.0, 33.0, 33.0, 33.0, 33.0, 33.0, 33.0, 33.0, 33.0, 33.0, 33.0, 33.0, 33.0, 33.0, 33.0, 33.0, 33.0, 33.0, 3