,number,value,datetime_start,datetime_complete,duration,params_batch_size_scaler,params_constant_learning_rate,params_depth,params_epochs,params_kernel_l2,params_num_trees,params_temperature,user_attrs_accuracy_test,user_attrs_accuracy_valid,user_attrs_approximate_feature_sparsity,user_attrs_approximate_feature_sparsity_history,user_attrs_approximate_weight_sparsity,user_attrs_approximate_weight_sparsity_history,user_attrs_auc_test,user_attrs_auc_valid,user_attrs_feature_sparsity,user_attrs_feature_sparsity_history,user_attrs_num_epochs,user_attrs_val_loss_history,user_attrs_weight_sparsity,user_attrs_weight_sparsity_history,state
42,42,0.9289330293310661,2024-08-31 02:22:52.643687,2024-08-31 02:24:58.361029,0 days 00:02:05.717342,1,0.019944825223853043,2,255,0.2795130177018223,68,0.012115126940757334,0.949,0.945,22,"[33, 33, 33, 33, 33, 33, 33, 33, 33, 33, 33, 33, 33, 33, 33, 33, 33, 33, 33, 33, 33, 33, 33, 33, 33, 33, 33, 33, 33, 33, 33, 33, 33, 33, 33, 33, 33, 33, 33, 33, 33, 33, 33, 33, 33, 33, 33, 33, 33, 33, 33, 33, 33, 33, 33, 33, 33, 33, 33, 33, 33, 33, 33, 33, 33, 33, 33, 33, 33, 33, 33, 33, 33, 33, 33, 33, 33, 33, 33, 33, 33, 33, 33, 33, 33, 33, 33, 33, 33, 33, 33, 33, 33, 33, 33, 33, 33, 33, 33, 33, 33, 33, 33, 33, 33, 33, 33, 33, 33, 33, 33, 33, 33, 33, 33, 33, 32, 32, 32, 32, 32, 32, 32, 32, 32, 32, 31, 31, 31, 31, 30, 30, 30, 30, 30, 30, 30, 29, 28, 28, 28, 28, 26, 26, 26, 26, 26, 26, 26, 26, 26, 25, 25, 25, 25, 25, 25, 25, 25, 25, 25, 25, 25, 25, 24, 23, 23, 23, 23, 23, 23, 23, 23, 23, 23, 23, 23, 23, 23, 23, 23, 23, 23, 23, 23, 22, 22, 22, 22, 22, 22, 22, 22, 22, 22, 22, 22, 22, 22, 22, 22, 22, 22, 22, 22, 22, 22, 22, 22, 22, 22, 22, 22, 22, 22, 22, 22, 22, 22, 22, 22, 22, 22, 22, 22, 22, 22, 22, 22, 22, 22, 22, 22, 22, 22, 22, 22, 22, 22, 22, 22, 22, 22, 22, 22, 22, 22, 22, 22, 22, 22, 22, 22, 22, 22]",21.8921568627451,"[32.98529411764706, 32.96568627450981, 32.955882352941174, 32.96568627450981, 32.970588235294116, 32.955882352941174, 32.96078431372549, 32.98039215686275, 32.98039215686275, 32.990196078431374, 32.99509803921569, 32.990196078431374, 32.97549019607843, 32.990196078431374, 32.990196078431374, 32.990196078431374, 32.97549019607843, 32.98039215686275, 32.99509803921569, 32.990196078431374, 32.97549019607843, 32.98039215686275, 32.970588235294116, 32.97549019607843, 32.96568627450981, 32.990196078431374, 32.96568627450981, 32.990196078431374, 32.970588235294116, 32.96078431372549, 32.95098039215686, 32.97549019607843, 32.98039215686275, 32.9656862745098, 32.970588235294116, 32.98529411764706, 32.94607843137255, 32.9656862745098, 32.9656862745098, 32.96078431372549, 32.9656862745098, 32.96568627450981, 32.970588235294116, 32.97549019607843, 32.970588235294116, 32.98039215686275, 32.98039215686275, 32.94607843137255, 32.950980392156865, 32.96078431372549, 32.94607843137255, 32.95588235294118, 32.96078431372549, 32.96078431372549, 32.96078431372549, 32.96078431372549, 32.970588235294116, 32.955882352941174, 32.98039215686275, 32.950980392156865, 32.955882352941174, 32.94607843137255, 32.94117647058823, 32.94117647058823, 32.94607843137255, 32.96568627450981, 32.950980392156865, 32.950980392156865, 32.950980392156865, 32.94117647058823, 32.93137254901961, 32.950980392156865, 32.950980392156865, 32.93627450980392, 32.94607843137255, 32.96078431372549, 32.950980392156865, 32.950980392156865, 32.955882352941174, 32.955882352941174, 32.96078431372549, 32.93627450980392, 32.96078431372549, 32.955882352941174, 32.94607843137255, 32.94607843137255, 32.950980392156865, 32.98039215686275, 32.970588235294116, 32.96078431372549, 32.970588235294116, 32.955882352941174, 32.970588235294116, 32.98039215686275, 32.970588235294116, 32.955882352941174, 32.96078431372549, 32.96078431372549, 32.970588235294116, 32.96568627450981, 32.96078431372549, 32.94117647058823, 32.931372549019606, 32.92156862745098, 32.931372549019606, 32.950980392156865, 32.94607843137255, 32.97549019607843, 32.911764705882355, 32.931372549019606, 32.97549019607843, 32.93627450980392, 32.94607843137255, 32.931372549019606, 32.92156862745098, 32.92647058823529, 31.926470588235297, 31.941176470588236, 31.941176470588236, 31.955882352941174, 31.96078431372549, 31.955882352941174, 31.931372549019606, 31.931372549019606, 31.926470588235293, 31.92156862745098, 30.941176470588236, 30.931372549019606, 30.916666666666668, 30.941176470588236, 29.95098039215686, 29.95098039215686, 29.941176470588236, 29.926470588235293, 29.926470588235293, 29.936274509803923, 29.92156862745098, 28.901960784313726, 27.91176470588235, 27.887254901960784, 27.90686274509804, 27.90686274509804, 25.936274509803923, 25.955882352941178, 25.95098039215686, 25.941176470588236, 25.941176470588236, 25.955882352941178, 25.92156862745098, 25.965686274509803, 25.93137254901961, 24.975490196078432, 24.965686274509807, 24.95098039215686, 24.92156862745098, 24.94607843137255, 24.94607843137255, 24.941176470588236, 24.90686274509804, 24.90686274509804, 24.90686274509804, 24.926470588235293, 24.950980392156865, 24.95098039215686, 23.941176470588236, 22.931372549019606, 22.950980392156865, 22.94607843137255, 22.94607843137255, 22.955882352941178, 22.94607843137255, 22.941176470588236, 22.955882352941174, 22.96078431372549, 22.94607843137255, 22.941176470588236, 22.94607843137255, 22.93137254901961, 22.93137254901961, 22.931372549019606, 22.91176470588235, 22.897058823529413, 22.911764705882355, 22.94607843137255, 22.955882352941178, 21.97058823529412, 21.950980392156865, 21.96078431372549, 21.955882352941178, 21.96078431372549, 21.941176470588236, 21.950980392156865, 21.936274509803923, 21.93137254901961, 21.955882352941178, 21.950980392156865, 21.936274509803923, 21.90196078431373, 21.92156862745098, 21.916666666666668, 21.92156862745098, 21.946078431372552, 21.955882352941174, 21.94607843137255, 21.94607843137255, 21.926470588235293, 21.94117647058824, 21.901960784313726, 21.96078431372549, 21.950980392156865, 21.926470588235293, 21.911764705882355, 21.901960784313726, 21.897058823529413, 21.906862745098042, 21.897058823529413, 21.92156862745098, 21.901960784313726, 21.916666666666668, 21.877450980392158, 21.91176470588235, 21.911764705882355, 21.936274509803923, 21.936274509803923, 21.926470588235293, 21.91176470588235, 21.92156862745098, 21.950980392156865, 21.931372549019606, 21.911764705882355, 21.926470588235293, 21.916666666666668, 21.92156862745098, 21.911764705882355, 21.936274509803923, 21.911764705882355, 21.93137254901961, 21.936274509803923, 21.892156862745097, 21.916666666666668, 21.911764705882355, 21.916666666666668, 21.93137254901961, 21.92156862745098, 21.916666666666668, 21.916666666666668, 21.921568627450984, 21.911764705882355, 21.90196078431373, 21.901960784313726, 21.92156862745098, 21.877450980392158, 21.94607843137255, 21.91176470588235, 21.8921568627451]",0.9172466747578828,0.9289330293310661,22,"[33, 33, 33, 33, 33, 33, 33, 33, 33, 33, 33, 33, 33, 33, 33, 33, 33, 33, 33, 33, 33, 33, 33, 33, 33, 33, 33, 33, 33, 33, 33, 33, 33, 33, 33, 33, 33, 33, 33, 33, 33, 33, 33, 33, 33, 33, 33, 33, 33, 33, 33, 33, 33, 33, 33, 33, 33, 33, 33, 33, 33, 33, 33, 33, 33, 33, 33, 33, 33, 33, 33, 33, 33, 33, 33, 33, 33, 33, 33, 33, 33, 33, 33, 33, 33, 33, 33, 33, 33, 33, 33, 33, 33, 33, 33, 33, 33, 33, 33, 33, 33, 33, 33, 33, 33, 33, 33, 33, 33, 33, 33, 33, 33, 33, 33, 33, 32, 32, 32, 32, 32, 32, 32, 32, 32, 32, 31, 31, 31, 31, 30, 30, 30, 30, 30, 30, 30, 29, 28, 28, 28, 28, 26, 26, 26, 26, 26, 26, 26, 26, 26, 25, 25, 25, 25, 25, 25, 25, 25, 25, 25, 25, 25, 25, 24, 23, 23, 23, 23, 23, 23, 23, 23, 23, 23, 23, 23, 23, 23, 23, 23, 23, 23, 23, 23, 22, 22, 22, 22, 22, 22, 22, 22, 22, 22, 22, 22, 22, 22, 22, 22, 22, 22, 22, 22, 22, 22, 22, 22, 22, 22, 22, 22, 22, 22, 22, 22, 22, 22, 22, 22, 22, 22, 22, 22, 22, 22, 22, 22, 22, 22, 22, 22, 22, 22, 22, 22, 22, 22, 22, 22, 22, 22, 22, 22, 22, 22, 22, 22, 22, 22, 22, 22, 22, 22]",255,"[0.460877001285553, 0.4494973123073578, 0.44285887479782104, 0.43894097208976746, 0.4330596923828125, 0.42836621403694153, 0.425993412733078, 0.41993606090545654, 0.4160560667514801, 0.4123050272464752, 0.4082292914390564, 0.4073012173175812, 0.4018663465976715, 0.40073615312576294, 0.39587417244911194, 0.39901483058929443, 0.39024993777275085, 0.3876204192638397, 0.38452205061912537, 0.38220229744911194, 0.378989040851593, 0.37677302956581116, 0.37525418400764465, 0.37207090854644775, 0.37062472105026245, 0.3682737350463867, 0.36525797843933105, 0.3630211651325226, 0.36096665263175964, 0.3590118885040283, 0.3564515709877014, 0.35385239124298096, 0.3517865240573883, 0.35216695070266724, 0.34797564148902893, 0.34507453441619873, 0.34455862641334534, 0.3406238257884979, 0.3385677635669708, 0.3373745083808899, 0.3355259597301483, 0.3322461247444153, 0.3305976390838623, 0.32737186551094055, 0.3264349400997162, 0.3225705027580261, 0.32062971591949463, 0.3180196285247803, 0.31665265560150146, 0.3155673146247864, 0.31338199973106384, 0.3124251961708069, 0.3100079596042633, 0.30748215317726135, 0.3044251799583435, 0.3034103512763977, 0.3015657365322113, 0.29928791522979736, 0.2984796464443207, 0.2968093156814575, 0.2974132299423218, 0.2968888580799103, 0.290651798248291, 0.28964436054229736, 0.2882925570011139, 0.2881993055343628, 0.2851734757423401, 0.28540462255477905, 0.2840154767036438, 0.2838306128978729, 0.28518038988113403, 0.2810899317264557, 0.2840868830680847, 0.27974823117256165, 0.27902287244796753, 0.2770969867706299, 0.27651259303092957, 0.27519142627716064, 0.2732941508293152, 0.27336663007736206, 0.2711273431777954, 0.27104249596595764, 0.26946935057640076, 0.27010878920555115, 0.2698974311351776, 0.26723647117614746, 0.2662840485572815, 0.2658590078353882, 0.2656155526638031, 0.26392441987991333, 0.26302316784858704, 0.263151615858078, 0.2609073519706726, 0.2621416449546814, 0.2609832286834717, 0.25881099700927734, 0.25773105025291443, 0.2575501501560211, 0.2579117715358734, 0.25834381580352783, 0.25484368205070496, 0.25475212931632996, 0.25485408306121826, 0.26225998997688293, 0.25305455923080444, 0.2530987560749054, 0.25227120518684387, 0.25260308384895325, 0.25163936614990234, 0.2519296407699585, 0.25272080302238464, 0.24864543974399567, 0.2493957132101059, 0.24863030016422272, 0.24778440594673157, 0.24672329425811768, 0.25034579634666443, 0.24760796129703522, 0.2453833520412445, 0.24769245088100433, 0.2452380210161209, 0.2447323054075241, 0.24576079845428467, 0.24388200044631958, 0.24391183257102966, 0.24405445158481598, 0.2446669042110443, 0.24638579785823822, 0.2430763989686966, 0.24162550270557404, 0.2404775619506836, 0.24463222920894623, 0.2398112267255783, 0.24787330627441406, 0.23794883489608765, 0.2391316443681717, 0.2400805652141571, 0.2384999841451645, 0.23888716101646423, 0.237052321434021, 0.24154235422611237, 0.2389814406633377, 0.2370731234550476, 0.23883968591690063, 0.23710212111473083, 0.23828645050525665, 0.2362413853406906, 0.2348436564207077, 0.2347002476453781, 0.23598629236221313, 0.23933719098567963, 0.23395517468452454, 0.2340366691350937, 0.23748525977134705, 0.23419849574565887, 0.23626573383808136, 0.23471149802207947, 0.23283231258392334, 0.23294803500175476, 0.231691375374794, 0.23469530045986176, 0.23183795809745789, 0.23121342062950134, 0.23216472566127777, 0.23173044621944427, 0.2308744192123413, 0.229373037815094, 0.22814252972602844, 0.2272791713476181, 0.2301875352859497, 0.22746588289737701, 0.22951632738113403, 0.2272593379020691, 0.22780023515224457, 0.2274651676416397, 0.2284872829914093, 0.23086610436439514, 0.23394086956977844, 0.22836019098758698, 0.22788286209106445, 0.22688202559947968, 0.22890926897525787, 0.2320512980222702, 0.22593189775943756, 0.22793935239315033, 0.22355401515960693, 0.22410434484481812, 0.22402368485927582, 0.22485420107841492, 0.2246677726507187, 0.22597332298755646, 0.22579970955848694, 0.2246614247560501, 0.2235424667596817, 0.2234095185995102, 0.22147487103939056, 0.22531725466251373, 0.22062595188617706, 0.22071772813796997, 0.22137707471847534, 0.22101090848445892, 0.22362911701202393, 0.22143976390361786, 0.21966703236103058, 0.2234172821044922, 0.22569236159324646, 0.22217659652233124, 0.22314521670341492, 0.22058182954788208, 0.2189803272485733, 0.21809925138950348, 0.2205788642168045, 0.2209646850824356, 0.2194657176733017, 0.21744583547115326, 0.21786293387413025, 0.21863408386707306, 0.2193995863199234, 0.2179897278547287, 0.21616831421852112, 0.2162829339504242, 0.21801097691059113, 0.22096878290176392, 0.21832887828350067, 0.21772965788841248, 0.21706455945968628, 0.21821047365665436, 0.21915864944458008, 0.21633917093276978, 0.21484273672103882, 0.2201906144618988, 0.2197890430688858, 0.22042858600616455, 0.21749375760555267, 0.21770642697811127, 0.21353502571582794, 0.21617837250232697, 0.22217804193496704, 0.2166961431503296, 0.2159705013036728, 0.21561983227729797, 0.21718721091747284, 0.21909722685813904, 0.22043700516223907, 0.21490779519081116, 0.21658024191856384, 0.21550221741199493, 0.2149934023618698, 0.21481111645698547, 0.21582356095314026, 0.21197332441806793, 0.21351617574691772, 0.2108224630355835, 0.21305440366268158, 0.21535032987594604]",22.0,"[33.0, 33.0, 33.0, 33.0, 33.0, 33.0, 33.0, 33.0, 33.0, 33.0, 33.0, 33.0, 33.0, 33.0, 33.0, 33.0, 33.0, 33.0, 33.0, 33.0, 33.0, 33.0, 33.0, 33.0, 33.0, 33.0, 33.0, 33.0, 33.0, 33.0, 33.0, 33.0, 33.0, 33.0, 33.0, 33.0, 33.0, 33.0, 33.0, 33.0, 33.0, 33.0, 33.0, 33.0, 33.0, 33.0, 33.0, 33.0, 33.0, 33.0, 33.0, 33.0, 33.0, 33.0, 33.0, 33.0, 33.0, 33.0, 33.0, 33.0, 33.0, 33.0, 33.0, 33.0, 33.0, 33.0, 33.0, 33.0, 33.0, 33.0, 33.0, 33.0, 33.0, 33.0, 33.0, 33.0, 33.0, 33.0, 33.0, 33.0, 33.0, 33.0, 33.0, 33.0, 33.0, 33.0, 33.0, 33.0, 33.0, 33.0, 33.0, 33.0, 33.0, 33.0, 33.0, 33.0, 33.0, 33.0, 33.0, 33.0, 33.0, 33.0, 33.0, 33.0, 33.0, 33.0, 33.0, 33.0, 33.0, 33.0, 33.0, 33.0, 33.0, 33.0, 33.0, 33.0, 32.0, 32.0, 32.0, 32.0, 32.0, 32.0, 32.0, 32.0, 32.0, 32.0, 31.0, 31.0, 31.0, 31.0, 30.0, 30.0, 30.0, 30.0, 30.0, 30.0, 30.0, 29.0, 28.0, 28.0, 28.0, 28.0, 26.0, 26.0, 26.0, 26.0, 26.0, 26.0, 26.0, 26.0, 26.0, 25.0, 25.0, 25.0, 25.0, 25.0, 25.0, 25.0, 25.0, 25.0, 25.0, 25.0, 25.0, 25.0, 24.0, 23.0, 23.0, 23.0, 23.0, 23.0, 23.0, 23.0, 23.0, 23.0, 23.0, 23.0, 23.0, 23.0, 23.0, 23.0, 23.0, 23.0, 23.0, 23.0, 23.0, 22.0, 22.0, 22.0, 22.0, 22.0, 22.0, 22.0, 22.0, 22.0, 22.0, 22.0, 22.0, 22.0, 22.0, 22.0, 22.0, 22.0, 22.0, 22.0, 22.0, 22.0, 22.0, 22.0, 22.0, 22.0, 22.0, 22.0, 22.0, 22.0, 22.0, 22.0, 22.0, 22.0, 22.0, 22.0, 22.0, 22.0, 22.0, 22.0, 22.0, 22.0, 22.0, 22.0, 22.0, 22.0, 22.0, 22.0, 22.0, 22.0, 22.0, 22.0, 22.0, 22.0, 22.0, 22.0, 22.0, 22.0, 22.0, 22.0, 22.0, 22.0, 22.0, 22.0, 22.0, 22.0, 22.0, 22.0, 22.0, 22.0, 22.0]",COMPLETE
43,43,0.6885007278020379,2024-08-31 02:24:59.164265,2024-08-31 02:25:05.005518,0 days 00:00:05.841253,64,0.08514878662169463,3,30,0.016475194887274197,62,0.005864107583975396,0.859,0.85875,33,"[33, 33, 33, 33, 33, 33, 33, 33, 33, 33, 33, 33, 33, 33, 33, 33, 33, 33, 33, 33, 33, 33, 33, 33, 33, 33, 33, 33, 33, 33]",32.963133640552996,"[32.9815668202765, 32.974654377880185, 32.97695852534562, 32.97695852534562, 32.96774193548387, 32.97235023041475, 32.96774193548387, 32.965437788018434, 32.97926267281106, 32.974654377880185, 32.953917050691246, 32.95622119815668, 32.97004608294931, 32.97004608294931, 32.963133640552996, 32.97004608294931, 32.96774193548387, 32.963133640552996, 32.974654377880185, 32.97004608294931, 32.96774193548387, 32.965437788018434, 32.965437788018434, 32.95622119815668, 32.953917050691246, 32.974654377880185, 32.965437788018434, 32.96774193548387, 32.95622119815668, 32.963133640552996]",0.7158909832478801,0.6885007278020379,33,"[33, 33, 33, 33, 33, 33, 33, 33, 33, 33, 33, 33, 33, 33, 33, 33, 33, 33, 33, 33, 33, 33, 33, 33, 33, 33, 33, 33, 33, 33]",30,"[0.4398864507675171, 0.40719830989837646, 0.40319398045539856, 0.40118253231048584, 0.39924755692481995, 0.3979863226413727, 0.3964640498161316, 0.3951815664768219, 0.3941691219806671, 0.3926581144332886, 0.3917216956615448, 0.3908002972602844, 0.38972675800323486, 0.38868388533592224, 0.3879724144935608, 0.38684529066085815, 0.38588055968284607, 0.3852122128009796, 0.3843546211719513, 0.38361436128616333, 0.38276225328445435, 0.3821292519569397, 0.3816482424736023, 0.38114088773727417, 0.3808174431324005, 0.3801417946815491, 0.3792358636856079, 0.37917640805244446, 0.3789058029651642, 0.37764209508895874]",33.0,"[33.0, 33.0, 33.0, 33.0, 33.0, 33.0, 33.0, 33.0, 33.0, 33.0, 33.0, 33.0, 33.0, 33.0, 33.0, 33.0, 33.0, 33.0, 33.0, 33.0, 33.0, 33.0, 33.0, 33.0, 33.0, 33.0, 33.0, 33.0, 33.0, 33.0]",COMPLETE
44,44,0.9290876067550335,2024-08-31 02:25:05.827884,2024-08-31 02:25:30.698956,0 days 00:00:24.871072,4,0.7387139583410834,4,65,0.060179571931485674,36,0.0002586278113653076,0.95,0.95,26,"[33, 33, 33, 33, 33, 33, 33, 33, 33, 33, 33, 33, 33, 33, 33, 33, 33, 33, 33, 33, 33, 33, 33, 33, 33, 31, 30, 29, 29, 29, 29, 29, 29, 27, 26, 26, 26, 26, 26, 26, 26, 26, 26, 26, 26, 26, 26, 26, 26, 26, 26, 26, 26, 26, 26, 26, 26, 26, 26, 26, 26, 26, 26, 26, 26]",25.95185185185185,"[32.97037037037037, 32.959259259259255, 32.97407407407407, 32.97037037037037, 32.96111111111111, 32.97592592592592, 32.97037037037037, 32.96666666666667, 32.968518518518515, 32.96296296296296, 32.959259259259255, 32.97222222222222, 32.97222222222222, 32.974074074074075, 32.96296296296296, 32.97592592592593, 32.977777777777774, 32.968518518518515, 32.964814814814815, 32.964814814814815, 32.959259259259255, 32.955555555555556, 32.959259259259255, 32.964814814814815, 32.94814814814815, 30.953703703703702, 29.968518518518515, 28.957407407407405, 28.97222222222222, 28.961111111111112, 28.979629629629628, 28.974074074074075, 28.95925925925926, 26.97222222222222, 25.96111111111111, 25.97222222222222, 25.95925925925926, 25.966666666666665, 25.968518518518515, 25.95740740740741, 25.964814814814815, 25.966666666666665, 25.962962962962962, 25.96851851851852, 25.970370370370368, 25.97407407407407, 25.97037037037037, 25.97222222222222, 25.970370370370368, 25.955555555555556, 25.959259259259255, 25.953703703703702, 25.96851851851852, 25.95925925925926, 25.970370370370368, 25.964814814814815, 25.962962962962965, 25.966666666666665, 25.964814814814815, 25.957407407407405, 25.96111111111111, 25.962962962962962, 25.959259259259255, 25.97407407407407, 25.95185185185185]",0.9147284901625673,0.9290876067550335,26,"[33, 33, 33, 33, 33, 33, 33, 33, 33, 33, 33, 33, 33, 33, 33, 33, 33, 33, 33, 33, 33, 33, 33, 33, 33, 31, 30, 29, 29, 29, 29, 29, 29, 27, 26, 26, 26, 26, 26, 26, 26, 26, 26, 26, 26, 26, 26, 26, 26, 26, 26, 26, 26, 26, 26, 26, 26, 26, 26, 26, 26, 26, 26, 26, 26]",65,"[0.3699491024017334, 0.3669356405735016, 0.3439253270626068, 0.3248642385005951, 0.3073802590370178, 0.29925787448883057, 0.27755796909332275, 0.26637378334999084, 0.26298853754997253, 0.25589409470558167, 0.24871450662612915, 0.2480792999267578, 0.24602290987968445, 0.23844029009342194, 0.23213297128677368, 0.22752536833286285, 0.22222021222114563, 0.22048774361610413, 0.22063018381595612, 0.21143339574337006, 0.21500156819820404, 0.22459693253040314, 0.21506446599960327, 0.20784209668636322, 0.20824281871318817, 0.20869028568267822, 0.2074812948703766, 0.207569882273674, 0.20696230232715607, 0.20100796222686768, 0.20650851726531982, 0.2048688381910324, 0.19987846910953522, 0.1968279331922531, 0.19288063049316406, 0.1929423213005066, 0.1949230134487152, 0.1924012303352356, 0.1905539333820343, 0.19039037823677063, 0.1973176747560501, 0.1934572011232376, 0.1914578378200531, 0.1934630423784256, 0.19228319823741913, 0.1909838616847992, 0.19064994156360626, 0.19400645792484283, 0.19298286736011505, 0.18844729661941528, 0.19843216240406036, 0.19988058507442474, 0.20003123581409454, 0.19269080460071564, 0.18582725524902344, 0.18764373660087585, 0.18288131058216095, 0.19812220335006714, 0.18600395321846008, 0.19127240777015686, 0.19928334653377533, 0.1867772489786148, 0.1914362758398056, 0.18473951518535614, 0.18922626972198486]",26.0,"[33.0, 33.0, 33.0, 33.0, 33.0, 33.0, 33.0, 33.0, 33.0, 33.0, 33.0, 33.0, 33.0, 33.0, 33.0, 33.0, 33.0, 33.0, 33.0, 33.0, 33.0, 33.0, 33.0, 33.0, 33.0, 31.0, 30.0, 29.0, 29.0, 29.0, 29.0, 29.0, 29.0, 27.0, 26.0, 26.0, 26.0, 26.0, 26.0, 26.0, 26.0, 26.0, 26.0, 26.0, 26.0, 26.0, 26.0, 26.0, 26.0, 26.0, 26.0, 26.0, 26.0, 26.0, 26.0, 26.0, 26.0, 26.0, 26.0, 26.0, 26.0, 26.0, 26.0, 26.0, 26.0]",COMPLETE
