,number,value,datetime_start,datetime_complete,duration,params_batch_size_scaler,params_constant_learning_rate,params_depth,params_epochs,params_kernel_l2,params_num_trees,params_temperature,user_attrs_accuracy_test,user_attrs_accuracy_valid,user_attrs_approximate_feature_sparsity,user_attrs_approximate_feature_sparsity_history,user_attrs_approximate_weight_sparsity,user_attrs_approximate_weight_sparsity_history,user_attrs_auc_test,user_attrs_auc_valid,user_attrs_feature_sparsity,user_attrs_feature_sparsity_history,user_attrs_num_epochs,user_attrs_val_loss_history,user_attrs_weight_sparsity,user_attrs_weight_sparsity_history,state
135,135,0.6151537401295875,2024-08-31 06:39:22.013165,2024-08-31 06:44:18.623027,0 days 00:04:56.609862,1,8.714738444764803,3,485,0.014920472660353158,46,0.00028118321301039546,0.87,0.87625,30,"[32, 32, 32, 32, 31, 31, 31, 31, 31, 31, 31, 31, 31, 31, 31, 31, 31, 31, 31, 31, 31, 31, 31, 31, 31, 31, 31, 31, 30, 30, 30, 30, 30, 30, 30, 30, 30, 30, 30, 30, 30, 30, 30, 30, 30, 30, 30, 30, 30, 30, 30, 30, 30, 30, 30, 30, 30, 30, 30, 30, 30, 30, 30, 30, 30, 30, 30, 30, 30, 30, 30, 30, 30, 30, 30, 30, 30, 30, 30, 30, 30, 30, 30, 30, 30, 30, 30, 30, 30, 30, 30, 30, 30, 30, 30, 30, 30, 30, 30, 30, 30, 30, 30, 30, 30, 30, 30, 30, 30, 30, 30, 30, 30, 30, 30, 30, 30, 30, 30, 30, 30, 30, 30, 30, 30, 30, 30, 30, 30, 30, 30, 30, 30, 30, 30, 30, 30, 30, 30, 30, 30, 30, 30, 30, 30, 30, 30, 30, 30, 30, 30, 30, 30, 30, 30, 30, 30, 30, 30, 30, 30, 30, 30, 30, 30, 30, 30, 30, 30, 30, 30, 30, 30, 30, 30, 30, 30, 30, 30, 30, 30, 30, 30, 30, 30, 30, 30, 30, 30, 30, 30, 30, 30, 30, 30, 30, 30, 30, 30, 30, 30, 30, 30, 30, 30, 30, 30, 30, 30, 30, 30, 30, 30, 30, 30, 30, 30, 30, 30, 30, 30, 30, 30, 30, 30, 30, 30, 30, 30, 30, 30, 30, 30, 30, 30, 30, 30, 30, 30, 30, 30, 30, 30, 30, 30, 30, 30, 30, 30, 30, 30, 30, 30, 30, 30, 30, 30, 30, 30, 30, 30, 30, 30, 30, 30, 30, 30, 30, 30, 30, 30, 30, 30, 30, 30, 30, 30, 30, 30, 30, 30, 30, 30, 30, 30, 30, 30, 30, 30, 30, 30, 30, 30, 30, 30, 30, 30, 30, 31, 30, 30, 30, 30, 30, 30, 30, 30, 30, 30, 30, 30, 30, 30, 30, 30, 30, 30, 30, 30, 30, 30, 30, 30, 30, 30, 30, 30, 30, 30, 30, 30, 30, 30, 30, 30, 30, 30, 30, 30, 30, 30, 30, 30, 30, 30, 30, 30, 30, 30, 30, 30, 29, 29, 29, 29, 29, 29, 29, 29, 29, 29, 29, 29, 29, 29, 30, 30, 30, 30, 30, 30, 30, 30, 30, 30, 30, 30, 31, 31, 30, 30, 30, 30, 31, 30, 30, 30, 30, 30, 30, 30, 30, 30, 30, 30, 30, 30, 31, 31, 30, 30, 30, 30, 30, 30, 30, 30, 30, 29, 29, 29, 29, 29, 29, 29, 29, 30, 30, 31, 31, 30, 30, 30, 30, 29, 29, 29, 29, 29, 29, 29, 29, 29, 29, 29, 29, 29, 29, 29, 29, 29, 29, 29, 29, 29, 29, 29, 29, 29, 29, 29, 29, 29, 29, 29, 29, 29, 29, 29, 29, 29, 29, 29, 29, 29, 29, 29, 29, 29, 29, 28, 27, 28, 28, 29, 29, 30, 30, 30, 28, 28, 29, 29, 30, 30]",1.2701863354037268,"[31.993788819875775, 31.549689440993788, 31.70807453416149, 31.736024844720497, 30.782608695652172, 30.82298136645963, 30.841614906832298, 30.860248447204967, 30.869565217391305, 30.869565217391305, 30.87888198757764, 30.888198757763973, 30.8944099378882, 30.8944099378882, 30.891304347826086, 30.891304347826086, 30.88509316770186, 30.88198757763975, 30.885093167701864, 30.888198757763973, 30.888198757763973, 30.888198757763973, 30.88198757763975, 30.875776397515526, 30.89751552795031, 30.903726708074533, 30.903726708074533, 30.90062111801242, 29.993788819875775, 29.996894409937887, 29.996894409937887, 29.993788819875775, 29.987577639751553, 29.98136645962733, 29.98136645962733, 29.96894409937888, 29.968944099378884, 29.968944099378884, 29.96273291925466, 29.95962732919255, 29.950310559006212, 29.940993788819878, 29.937888198757765, 29.91304347826087, 29.89751552795031, 29.866459627329192, 29.84472049689441, 29.835403726708073, 29.782608695652172, 29.74534161490683, 29.695652173913047, 29.63664596273292, 29.608695652173914, 29.562111801242235, 29.48447204968944, 29.450310559006212, 29.38198757763975, 29.316770186335404, 29.23913043478261, 29.161490683229815, 29.006211180124225, 28.847826086956527, 28.698757763975156, 28.571428571428573, 28.369565217391305, 28.2360248447205, 27.990683229813662, 27.791925465838506, 27.565217391304348, 27.38198757763975, 27.19254658385093, 26.903726708074537, 26.68944099378882, 26.38198757763975, 26.204968944099377, 25.97826086956522, 25.69565217391304, 25.48447204968944, 25.27950310559006, 24.962732919254655, 24.70807453416149, 24.388198757763977, 24.07142857142857, 23.819875776397513, 23.559006211180126, 23.27639751552795, 22.940993788819878, 22.661490683229815, 22.403726708074537, 22.183229813664596, 21.869565217391305, 21.645962732919255, 21.40683229813665, 21.093167701863358, 20.822981366459622, 20.52173913043478, 20.236024844720497, 19.866459627329196, 19.599378881987576, 19.33229813664596, 19.03105590062112, 18.67391304347826, 18.434782608695652, 18.08695652173913, 17.782608695652176, 17.56521739130435, 17.304347826086957, 17.043478260869566, 16.81055900621118, 16.57142857142857, 16.475155279503106, 16.295031055900623, 16.071428571428573, 15.89751552795031, 15.720496894409937, 15.506211180124222, 15.270186335403727, 15.167701863354036, 14.96583850931677, 14.854037267080743, 14.695652173913043, 14.596273291925465, 14.478260869565217, 14.338509316770187, 14.189440993788821, 14.03416149068323, 13.93167701863354, 13.785714285714286, 13.683229813664596, 13.546583850931679, 13.434782608695652, 13.32919254658385, 13.186335403726709, 13.012422360248445, 12.891304347826086, 12.76086956521739, 12.636645962732919, 12.509316770186336, 12.41304347826087, 12.232919254658384, 12.071428571428571, 11.999999999999998, 11.847826086956523, 11.748447204968944, 11.658385093167702, 11.56832298136646, 11.462732919254659, 11.354037267080745, 11.257763975155282, 11.164596273291925, 11.080745341614907, 11.040372670807454, 10.87888198757764, 10.84472049689441, 10.807453416149068, 10.698757763975156, 10.649068322981366, 10.540372670807454, 10.46583850931677, 10.319875776397517, 10.195652173913045, 10.071428571428571, 10.04968944099379, 9.903726708074533, 9.757763975155278, 9.630434782608695, 9.521739130434781, 9.372670807453417, 9.276397515527949, 9.22360248447205, 9.142857142857144, 8.965838509316772, 8.850931677018632, 8.754658385093169, 8.680124223602485, 8.633540372670808, 8.596273291925467, 8.5527950310559, 8.478260869565217, 8.400621118012422, 8.332298136645964, 8.298136645962732, 8.20807453416149, 8.170807453416149, 8.071428571428571, 8.021739130434783, 7.962732919254658, 7.888198757763976, 7.847826086956522, 7.826086956521738, 7.757763975155279, 7.714285714285714, 7.711180124223602, 7.658385093167702, 7.596273291925466, 7.500000000000001, 7.437888198757764, 7.375776397515528, 7.298136645962732, 7.236024844720497, 7.223602484472049, 7.152173913043478, 7.102484472049689, 7.034161490683229, 6.9937888198757765, 6.975155279503106, 6.860248447204969, 6.841614906832298, 6.767080745341614, 6.7142857142857135, 6.642857142857142, 6.62111801242236, 6.596273291925465, 6.512422360248448, 6.5062111801242235, 6.437888198757764, 6.416149068322982, 6.3105590062111805, 6.2732919254658395, 6.254658385093168, 6.201863354037267, 6.124223602484472, 6.06832298136646, 6.024844720496895, 5.996894409937888, 5.91304347826087, 5.89751552795031, 5.832298136645962, 5.75776397515528, 5.698757763975155, 5.698757763975155, 5.639751552795031, 5.614906832298136, 5.555900621118012, 5.527950310559006, 5.53416149068323, 5.518633540372671, 5.462732919254658, 5.369565217391304, 5.369565217391304, 5.338509316770186, 5.301242236024844, 5.263975155279503, 5.22360248447205, 5.211180124223602, 5.195652173913043, 5.186335403726709, 5.1894409937888195, 5.149068322981366, 5.083850931677018, 5.040372670807454, 5.015527950310559, 4.953416149068323, 4.916149068322982, 4.866459627329193, 4.807453416149068, 4.770186335403727, 4.732919254658386, 4.698757763975155, 4.664596273291926, 4.67080745341615, 4.645962732919255, 4.618012422360249, 4.583850931677018, 4.555900621118012, 4.543478260869565, 4.4937888198757765, 4.472049689440994, 4.403726708074534, 4.37888198757764, 4.3602484472049685, 4.338509316770186, 4.332298136645963, 4.313664596273292, 4.3105590062111805, 4.307453416149069, 4.413043478260869, 4.385093167701863, 4.332298136645963, 4.3105590062111805, 4.263975155279503, 4.229813664596274, 4.2111801242236035, 4.195652173913044, 4.167701863354037, 4.133540372670808, 4.093167701863354, 4.068322981366459, 4.059006211180124, 4.0062111801242235, 4.0, 3.9596273291925463, 3.956521739130435, 3.9503105590062115, 3.9037267080745344, 3.909937888198758, 3.891304347826087, 3.8913043478260865, 3.9006211180124226, 3.835403726708075, 3.798136645962733, 3.7857142857142856, 3.7732919254658386, 3.7360248447204967, 3.7236024844720497, 3.7329192546583845, 3.68944099378882, 3.6459627329192545, 3.6335403726708075, 3.5900621118012417, 3.5900621118012417, 3.562111801242236, 3.5217391304347823, 3.481366459627329, 3.4720496894409933, 3.4565217391304346, 3.4316770186335406, 3.3850931677018634, 3.3695652173913047, 3.3726708074534164, 3.3540372670807455, 3.341614906832298, 3.329192546583851, 3.291925465838509, 3.295031055900621, 3.279503105590062, 3.248447204968944, 3.217391304347826, 3.2267080745341614, 3.195652173913044, 3.1490683229813667, 3.1739130434782608, 3.1863354037267078, 3.15527950310559, 3.1149068322981366, 3.12111801242236, 3.096273291925466, 3.0776397515527956, 3.059006211180124, 3.03416149068323, 3.0124223602484475, 3.0031055900621118, 2.9782608695652177, 2.9720496894409942, 2.9782608695652177, 2.9440993788819876, 2.9565217391304346, 2.919254658385093, 2.91304347826087, 2.925465838509317, 2.903726708074534, 2.8074534161490683, 2.7950310559006213, 2.798136645962733, 2.7981366459627335, 2.7763975155279508, 2.7639751552795033, 2.732919254658385, 2.7204968944099375, 2.7080745341614905, 2.664596273291925, 2.6583850931677016, 2.6459627329192545, 2.6366459627329193, 2.639751552795031, 2.642857142857143, 2.6583850931677016, 2.65527950310559, 2.642857142857143, 2.6397515527950306, 2.639751552795031, 2.645962732919254, 2.624223602484472, 2.636645962732919, 2.6366459627329193, 2.624223602484472, 2.605590062111801, 2.6086956521739126, 2.605590062111801, 2.577639751552795, 2.555900621118012, 2.531055900621118, 2.5217391304347827, 2.543478260869565, 2.506211180124223, 2.481366459627329, 2.496894409937888, 2.472049689440994, 2.428571428571429, 2.4130434782608696, 2.3788819875776395, 2.4378881987577636, 2.4161490683229814, 2.388198757763975, 2.388198757763975, 2.3788819875776395, 2.3633540372670807, 2.360248447204969, 2.372670807453416, 2.369565217391304, 2.357142857142857, 2.3043478260869565, 2.3198757763975153, 2.2950310559006213, 2.2670807453416146, 2.217391304347826, 2.2018633540372674, 2.1490683229813663, 2.1024844720496896, 2.0900621118012426, 2.062111801242236, 2.0621118012422364, 2.0652173913043477, 2.024844720496894, 2.024844720496894, 1.9875776397515528, 1.968944099378882, 1.9720496894409938, 1.96583850931677, 1.9720496894409938, 1.9440993788819876, 1.9316770186335404, 1.9503105590062113, 1.9503105590062113, 1.906832298136646, 1.8975155279503106, 1.8850931677018634, 1.891304347826087, 1.8788819875776397, 1.8726708074534162, 1.8695652173913042, 1.8416149068322982, 1.8043478260869565, 1.8291925465838512, 1.8322981366459627, 1.8229813664596273, 1.8198757763975155, 1.8167701863354038, 1.8043478260869565, 1.779503105590062, 1.8043478260869565, 1.829192546583851, 1.8540372670807455, 1.8633540372670807, 1.8695652173913042, 1.872670807453416, 1.8664596273291925, 1.8695652173913042, 1.8602484472049687, 1.857142857142857, 1.872670807453416, 1.8819875776397514, 1.8788819875776395, 1.8819875776397514, 1.8850931677018632, 1.888198757763975, 1.8571428571428572, 1.829192546583851, 1.8012422360248446, 1.8074534161490683, 1.7826086956521738, 1.7670807453416146, 1.798136645962733, 1.7670807453416149, 1.7732919254658386, 1.7329192546583851, 1.7049689440993787, 1.6925465838509317, 1.6645962732919255, 1.6118012422360248, 1.5652173913043477, 1.5, 1.5217391304347827, 1.4844720496894408, 1.4782608695652173, 1.4627329192546583, 1.4751552795031055, 1.450310559006211, 1.437888198757764, 1.3509316770186337, 1.3260869565217392, 1.34472049689441, 1.3074534161490683, 1.3043478260869565, 1.2701863354037268]",0.6273664742938763,0.6151537401295875,30,"[32, 32, 32, 32, 31, 31, 31, 31, 31, 31, 31, 31, 31, 31, 31, 31, 31, 31, 31, 31, 31, 31, 31, 31, 31, 31, 31, 31, 30, 30, 30, 30, 30, 30, 30, 30, 30, 30, 30, 30, 30, 30, 30, 30, 30, 30, 30, 30, 30, 30, 30, 30, 30, 30, 30, 30, 30, 30, 30, 30, 30, 30, 30, 30, 30, 30, 30, 30, 30, 30, 30, 30, 30, 30, 30, 30, 30, 30, 30, 30, 30, 30, 30, 30, 30, 30, 30, 30, 30, 30, 30, 30, 30, 30, 30, 30, 30, 30, 30, 30, 30, 30, 30, 30, 30, 30, 30, 30, 30, 30, 30, 30, 30, 30, 30, 30, 30, 30, 30, 30, 30, 30, 30, 30, 30, 30, 30, 30, 30, 30, 30, 30, 30, 30, 30, 30, 30, 30, 30, 30, 30, 30, 30, 30, 30, 30, 30, 30, 30, 30, 30, 30, 30, 30, 30, 30, 30, 30, 30, 30, 30, 30, 30, 30, 30, 30, 30, 30, 30, 30, 30, 30, 30, 30, 30, 30, 30, 30, 30, 30, 30, 30, 30, 30, 30, 30, 30, 30, 30, 30, 30, 30, 30, 30, 30, 30, 30, 30, 30, 30, 30, 30, 30, 30, 30, 30, 30, 30, 30, 30, 30, 30, 30, 30, 30, 30, 30, 30, 30, 30, 30, 30, 30, 30, 30, 30, 30, 30, 30, 30, 30, 30, 30, 30, 30, 30, 30, 30, 30, 30, 30, 30, 30, 30, 30, 30, 30, 30, 30, 30, 30, 30, 30, 30, 30, 30, 30, 30, 30, 30, 30, 30, 30, 30, 30, 30, 30, 30, 30, 30, 30, 30, 30, 30, 30, 30, 30, 30, 30, 30, 30, 30, 30, 30, 30, 30, 30, 30, 30, 30, 30, 30, 30, 30, 30, 30, 30, 30, 31, 30, 30, 30, 30, 30, 30, 30, 30, 30, 30, 30, 30, 30, 30, 30, 30, 30, 30, 30, 30, 30, 30, 30, 30, 30, 30, 30, 30, 30, 30, 30, 30, 30, 30, 30, 30, 30, 30, 30, 30, 30, 30, 30, 30, 30, 30, 30, 30, 30, 30, 30, 30, 29, 29, 29, 29, 29, 29, 29, 29, 29, 29, 29, 29, 29, 29, 30, 30, 30, 30, 30, 30, 30, 30, 30, 30, 30, 30, 31, 31, 30, 30, 30, 30, 31, 30, 30, 30, 30, 30, 30, 30, 30, 30, 30, 30, 30, 30, 31, 31, 30, 30, 30, 30, 30, 30, 30, 30, 30, 29, 29, 29, 29, 29, 29, 29, 29, 30, 30, 31, 31, 30, 30, 30, 30, 29, 29, 29, 29, 29, 29, 29, 29, 29, 29, 29, 29, 29, 29, 29, 29, 29, 29, 29, 29, 29, 29, 29, 29, 29, 29, 29, 29, 29, 29, 29, 29, 29, 29, 29, 29, 29, 29, 29, 29, 29, 29, 29, 29, 29, 29, 28, 27, 28, 28, 29, 29, 30, 30, 30, 28, 28, 29, 29, 30, 30]",485,"[6.123292922973633, 9.123230934143066, 7.9221320152282715, 6.526801109313965, 7.243825912475586, 9.378523826599121, 11.12579345703125, 14.411511421203613, 8.996493339538574, 10.296822547912598, 8.547597885131836, 11.737024307250977, 10.444397926330566, 11.109967231750488, 10.342428207397461, 10.306319236755371, 12.685033798217773, 11.137774467468262, 12.294936180114746, 10.716789245605469, 10.957968711853027, 10.884716987609863, 14.534637451171875, 16.186614990234375, 11.546819686889648, 12.219918251037598, 14.150084495544434, 12.510359764099121, 13.931984901428223, 10.374032020568848, 11.085643768310547, 12.114666938781738, 9.921184539794922, 11.456631660461426, 13.494492530822754, 10.57073974609375, 26.900129318237305, 17.850383758544922, 13.832615852355957, 12.260319709777832, 12.432184219360352, 12.472537994384766, 15.142704010009766, 12.803483963012695, 13.385566711425781, 13.078604698181152, 12.59478759765625, 15.838338851928711, 12.177081108093262, 11.808923721313477, 19.249608993530273, 13.752120018005371, 12.299549102783203, 13.70483684539795, 17.532751083374023, 11.086858749389648, 13.465082168579102, 13.054464340209961, 20.36846351623535, 19.843679428100586, 12.217179298400879, 12.32214069366455, 20.1811580657959, 17.95712661743164, 14.072707176208496, 11.243134498596191, 12.639992713928223, 17.50787925720215, 11.629327774047852, 10.671350479125977, 12.884193420410156, 19.439294815063477, 16.10328483581543, 12.328286170959473, 21.4659481048584, 12.459681510925293, 12.202108383178711, 13.171283721923828, 16.122669219970703, 12.495230674743652, 18.755517959594727, 18.075170516967773, 11.693865776062012, 13.252280235290527, 12.849296569824219, 11.738966941833496, 17.06993865966797, 11.732094764709473, 11.986833572387695, 11.747119903564453, 27.934181213378906, 20.95313262939453, 15.035152435302734, 12.587608337402344, 13.708992004394531, 15.329063415527344, 11.156890869140625, 12.823266983032227, 14.858320236206055, 20.821271896362305, 13.104002952575684, 11.860857963562012, 13.294879913330078, 13.06336784362793, 11.661020278930664, 14.452766418457031, 11.270953178405762, 14.229508399963379, 39.19667053222656, 11.411523818969727, 18.773897171020508, 13.49110221862793, 13.217926979064941, 11.340807914733887, 20.242656707763672, 19.796001434326172, 37.43864822387695, 15.763553619384766, 28.366548538208008, 11.582018852233887, 10.815080642700195, 13.66433334350586, 31.14487075805664, 14.873371124267578, 19.925281524658203, 17.1369571685791, 12.572563171386719, 12.879312515258789, 14.57684326171875, 17.143648147583008, 12.543282508850098, 11.557577133178711, 21.32986068725586, 15.720702171325684, 18.44017791748047, 23.759035110473633, 14.514145851135254, 31.375436782836914, 23.266433715820312, 14.088850975036621, 11.997257232666016, 17.235876083374023, 30.685407638549805, 18.08193588256836, 19.257644653320312, 24.198162078857422, 13.552696228027344, 12.148468017578125, 13.126483917236328, 12.977291107177734, 36.00987243652344, 11.937457084655762, 18.36366081237793, 12.631491661071777, 18.424806594848633, 39.7880973815918, 19.08794593811035, 12.351866722106934, 16.12704849243164, 30.767221450805664, 16.284896850585938, 21.38556671142578, 12.205089569091797, 12.148411750793457, 35.716339111328125, 24.044904708862305, 21.820470809936523, 28.950490951538086, 41.56715774536133, 15.499780654907227, 12.183345794677734, 16.501436233520508, 35.73801803588867, 16.39566993713379, 25.691856384277344, 12.446061134338379, 11.336758613586426, 13.623315811157227, 11.949875831604004, 12.291940689086914, 13.813624382019043, 36.1782112121582, 17.757307052612305, 15.362663269042969, 23.989274978637695, 17.83087730407715, 13.688416481018066, 24.79602813720703, 22.37667465209961, 25.494190216064453, 13.006863594055176, 22.208080291748047, 17.340801239013672, 16.206281661987305, 13.969487190246582, 11.287219047546387, 17.182415008544922, 25.0959415435791, 14.082632064819336, 33.876487731933594, 13.145196914672852, 23.941810607910156, 46.43580627441406, 12.87588882446289, 26.267057418823242, 15.521221160888672, 12.165766716003418, 26.527599334716797, 23.1079158782959, 50.445716857910156, 15.141454696655273, 19.141931533813477, 22.6738338470459, 21.605112075805664, 20.953901290893555, 15.205877304077148, 12.827223777770996, 59.75774002075195, 15.626330375671387, 11.240034103393555, 11.826574325561523, 17.046939849853516, 12.180136680603027, 14.781206130981445, 96.47994995117188, 12.537842750549316, 15.301953315734863, 22.592714309692383, 14.300006866455078, 13.734073638916016, 18.995115280151367, 13.590733528137207, 14.901309967041016, 17.249971389770508, 14.319610595703125, 32.89194869995117, 16.85065269470215, 19.069007873535156, 42.80620193481445, 30.12311363220215, 24.280488967895508, 16.75658416748047, 57.5985221862793, 33.8985710144043, 14.786211967468262, 11.08459758758545, 32.467411041259766, 16.669801712036133, 14.075570106506348, 26.764480590820312, 13.452441215515137, 16.254413604736328, 43.06023025512695, 37.787044525146484, 24.07860565185547, 12.481925964355469, 25.735797882080078, 16.694063186645508, 41.93064880371094, 18.356698989868164, 14.452692985534668, 16.845962524414062, 42.656639099121094, 14.210789680480957, 52.195491790771484, 16.9078426361084, 19.125686645507812, 36.2067985534668, 14.425942420959473, 14.433902740478516, 35.832855224609375, 20.59418487548828, 22.285911560058594, 16.559232711791992, 43.78059387207031, 25.632165908813477, 16.836313247680664, 16.25542449951172, 13.977189064025879, 16.403350830078125, 98.70858764648438, 13.358077049255371, 12.856324195861816, 17.434364318847656, 17.738309860229492, 44.457908630371094, 14.036357879638672, 57.077796936035156, 65.73068237304688, 28.883930206298828, 14.442605972290039, 30.45071792602539, 21.684494018554688, 15.850421905517578, 14.031898498535156, 13.554845809936523, 15.51059341430664, 15.645949363708496, 15.052679061889648, 16.580787658691406, 13.061929702758789, 21.55963706970215, 53.028289794921875, 21.860944747924805, 16.850000381469727, 21.502525329589844, 66.37716674804688, 16.870328903198242, 40.243587493896484, 21.494253158569336, 14.235172271728516, 33.962928771972656, 19.254213333129883, 13.238368034362793, 49.16728591918945, 14.730630874633789, 14.250557899475098, 37.822383880615234, 59.601890563964844, 13.387211799621582, 24.959054946899414, 14.821043968200684, 48.81569290161133, 13.3206148147583, 16.11734962463379, 18.115585327148438, 27.63018035888672, 13.145099639892578, 62.249393463134766, 14.15822982788086, 13.6546630859375, 12.430656433105469, 18.00476837158203, 58.538944244384766, 22.780899047851562, 12.449703216552734, 16.41457176208496, 12.160540580749512, 52.89700698852539, 51.71126937866211, 69.0128173828125, 51.53752517700195, 22.508100509643555, 22.139965057373047, 17.643888473510742, 31.675514221191406, 18.266918182373047, 34.41133499145508, 32.602420806884766, 21.0752010345459, 25.792085647583008, 35.69257354736328, 16.157764434814453, 68.36579895019531, 31.231666564941406, 14.769753456115723, 14.496551513671875, 44.297080993652344, 38.780029296875, 33.74615478515625, 24.271421432495117, 19.873470306396484, 16.87510108947754, 12.548513412475586, 16.758676528930664, 66.6866226196289, 111.92745208740234, 21.38935089111328, 15.052698135375977, 46.95950698852539, 45.51377487182617, 52.55293273925781, 38.78128433227539, 19.965669631958008, 66.05928039550781, 35.879539489746094, 81.87896728515625, 28.56295394897461, 67.88199615478516, 36.53041458129883, 11.742091178894043, 14.782504081726074, 29.048900604248047, 29.820783615112305, 14.594313621520996, 35.54511260986328, 13.429003715515137, 19.617202758789062, 13.594513893127441, 19.280380249023438, 40.62846374511719, 34.38267135620117, 17.60315704345703, 29.976551055908203, 59.045265197753906, 15.367698669433594, 12.386521339416504,