,number,value,datetime_start,datetime_complete,duration,params_batch_size_scaler,params_constant_learning_rate,params_depth,params_epochs,params_kernel_l2,params_num_trees,params_temperature,user_attrs_accuracy_test,user_attrs_accuracy_valid,user_attrs_approximate_feature_sparsity,user_attrs_approximate_feature_sparsity_history,user_attrs_approximate_weight_sparsity,user_attrs_approximate_weight_sparsity_history,user_attrs_auc_test,user_attrs_auc_valid,user_attrs_feature_sparsity,user_attrs_feature_sparsity_history,user_attrs_num_epochs,user_attrs_val_loss_history,user_attrs_weight_sparsity,user_attrs_weight_sparsity_history,state
28,28,0.7675928430652703,2024-08-31 01:43:22.488829,2024-08-31 01:43:50.919583,0 days 00:00:28.430754,4,0.016473564129865646,3,100,0.013307347585917182,51,0.003795073298760544,0.879,0.875,33,"[33, 33, 33, 33, 33, 33, 33, 33, 33, 33, 33, 33, 33, 33, 33, 33, 33, 33, 33, 33, 33, 33, 33, 33, 33, 33, 33, 33, 33, 33, 33, 33, 33, 33, 33, 33, 33, 33, 33, 33, 33, 33, 33, 33, 33, 33, 33, 33, 33, 33, 33, 33, 33, 33, 33, 33, 33, 33, 33, 33, 33, 33, 33, 33, 33, 33, 33, 33, 33, 33, 33, 33, 33, 33, 33, 33, 33, 33, 33, 33, 33, 33, 33, 33, 33, 33, 33, 33, 33, 33, 33, 33, 33, 33, 33, 33, 33, 33, 33, 33]",32.97478991596638,"[32.96918767507003, 32.96638655462185, 32.97478991596638, 32.97478991596638, 32.97478991596638, 32.97198879551821, 32.983193277310924, 32.97478991596638, 32.9859943977591, 32.96638655462185, 32.977591036414566, 32.991596638655466, 32.977591036414566, 32.96918767507003, 32.983193277310924, 32.98039215686275, 32.983193277310924, 32.98879551820728, 32.9859943977591, 32.977591036414566, 32.98039215686275, 32.96638655462185, 32.95518207282913, 32.963585434173666, 32.95518207282913, 32.96638655462185, 32.97478991596638, 32.96918767507003, 32.983193277310924, 32.97478991596638, 32.98039215686275, 32.96918767507003, 32.97198879551821, 32.977591036414566, 32.96918767507003, 32.983193277310924, 32.97478991596638, 32.97478991596638, 32.98039215686275, 32.97198879551821, 32.96918767507003, 32.97198879551821, 32.96918767507003, 32.97478991596638, 32.96918767507003, 32.977591036414566, 32.97478991596638, 32.96918767507003, 32.9859943977591, 32.977591036414566, 32.97478991596638, 32.983193277310924, 32.96638655462185, 32.96638655462185, 32.97478991596638, 32.97478991596638, 32.96918767507003, 32.983193277310924, 32.9859943977591, 32.98039215686275, 32.98039215686275, 32.98039215686275, 32.96918767507003, 32.977591036414566, 32.977591036414566, 32.97198879551821, 32.983193277310924, 32.97198879551821, 32.96918767507003, 32.97198879551821, 32.983193277310924, 32.977591036414566, 32.97478991596638, 32.977591036414566, 32.991596638655466, 32.983193277310924, 32.98879551820728, 32.97198879551821, 32.977591036414566, 32.977591036414566, 32.98879551820728, 32.98879551820728, 32.977591036414566, 32.98039215686275, 32.97198879551821, 32.96918767507003, 32.963585434173666, 32.94957983193277, 32.977591036414566, 32.98039215686275, 32.98879551820728, 32.98039215686275, 32.983193277310924, 32.991596638655466, 32.983193277310924, 32.98879551820728, 32.991596638655466, 32.983193277310924, 32.98039215686275, 32.97478991596638]",0.7970838596751955,0.7675928430652703,33,"[33, 33, 33, 33, 33, 33, 33, 33, 33, 33, 33, 33, 33, 33, 33, 33, 33, 33, 33, 33, 33, 33, 33, 33, 33, 33, 33, 33, 33, 33, 33, 33, 33, 33, 33, 33, 33, 33, 33, 33, 33, 33, 33, 33, 33, 33, 33, 33, 33, 33, 33, 33, 33, 33, 33, 33, 33, 33, 33, 33, 33, 33, 33, 33, 33, 33, 33, 33, 33, 33, 33, 33, 33, 33, 33, 33, 33, 33, 33, 33, 33, 33, 33, 33, 33, 33, 33, 33, 33, 33, 33, 33, 33, 33, 33, 33, 33, 33, 33, 33]",100,"[0.4119679629802704, 0.4047490060329437, 0.4012990891933441, 0.39831751585006714, 0.39561915397644043, 0.3931814134120941, 0.39107850193977356, 0.3890495002269745, 0.3873606026172638, 0.38562020659446716, 0.3841513693332672, 0.3829439580440521, 0.38151443004608154, 0.38045939803123474, 0.3793064057826996, 0.3783610463142395, 0.3773725628852844, 0.37642577290534973, 0.37559226155281067, 0.3748193681240082, 0.3741040825843811, 0.37340351939201355, 0.37278151512145996, 0.3722917139530182, 0.37151458859443665, 0.37091264128685, 0.3704049587249756, 0.36978134512901306, 0.3692980110645294, 0.36873528361320496, 0.36822253465652466, 0.36773329973220825, 0.3672126829624176, 0.3667151927947998, 0.3662489354610443, 0.3661157190799713, 0.3654681146144867, 0.3649407625198364, 0.36439815163612366, 0.36410385370254517, 0.36349308490753174, 0.3631657660007477, 0.36274418234825134, 0.36223721504211426, 0.3618185520172119, 0.3613690435886383, 0.36094990372657776, 0.3605288565158844, 0.36010003089904785, 0.3597562909126282, 0.35929927229881287, 0.35888463258743286, 0.35845524072647095, 0.35812827944755554, 0.3577260673046112, 0.35743531584739685, 0.3569221794605255, 0.3564205467700958, 0.35606643557548523, 0.35568615794181824, 0.3552435338497162, 0.3548281788825989, 0.35449349880218506, 0.35404685139656067, 0.35372233390808105, 0.35329174995422363, 0.35280776023864746, 0.3524818420410156, 0.352239727973938, 0.351744145154953, 0.351309597492218, 0.35097670555114746, 0.3506840765476227, 0.3502052426338196, 0.34982040524482727, 0.34943997859954834, 0.3489660918712616, 0.34860777854919434, 0.34818875789642334, 0.3479090929031372, 0.3475487232208252, 0.34716030955314636, 0.3467481732368469, 0.3462767004966736, 0.34585002064704895, 0.34548890590667725, 0.3451979458332062, 0.3447244167327881, 0.34438565373420715, 0.3439919352531433, 0.34370750188827515, 0.3433974087238312, 0.34291398525238037, 0.3425157070159912, 0.34214672446250916, 0.34177103638648987, 0.34138602018356323, 0.3410051763057709, 0.3406417965888977, 0.3402966260910034]",33.0,"[33.0, 33.0, 33.0, 33.0, 33.0, 33.0, 33.0, 33.0, 33.0, 33.0, 33.0, 33.0, 33.0, 33.0, 33.0, 33.0, 33.0, 33.0, 33.0, 33.0, 33.0, 33.0, 33.0, 33.0, 33.0, 33.0, 33.0, 33.0, 33.0, 33.0, 33.0, 33.0, 33.0, 33.0, 33.0, 33.0, 33.0, 33.0, 33.0, 33.0, 33.0, 33.0, 33.0, 33.0, 33.0, 33.0, 33.0, 33.0, 33.0, 33.0, 33.0, 33.0, 33.0, 33.0, 33.0, 33.0, 33.0, 33.0, 33.0, 33.0, 33.0, 33.0, 33.0, 33.0, 33.0, 33.0, 33.0, 33.0, 33.0, 33.0, 33.0, 33.0, 33.0, 33.0, 33.0, 33.0, 33.0, 33.0, 33.0, 33.0, 33.0, 33.0, 33.0, 33.0, 33.0, 33.0, 33.0, 33.0, 33.0, 33.0, 33.0, 33.0, 33.0, 33.0, 33.0, 33.0, 33.0, 33.0, 33.0, 33.0]",COMPLETE
