,number,value,datetime_start,datetime_complete,duration,params_batch_size_scaler,params_constant_learning_rate,params_depth,params_epochs,params_kernel_l2,params_num_trees,params_temperature,user_attrs_accuracy_test,user_attrs_accuracy_valid,user_attrs_approximate_feature_sparsity,user_attrs_approximate_feature_sparsity_history,user_attrs_approximate_weight_sparsity,user_attrs_approximate_weight_sparsity_history,user_attrs_auc_test,user_attrs_auc_valid,user_attrs_feature_sparsity,user_attrs_feature_sparsity_history,user_attrs_num_epochs,user_attrs_val_loss_history,user_attrs_weight_sparsity,user_attrs_weight_sparsity_history,state
147,147,0.5,2024-08-31 07:22:06.925055,2024-08-31 07:22:51.778118,0 days 00:00:44.853063,1,4.490556997238454,2,115,0.5728059215991284,23,0.0006644825491055783,0.859,0.85875,0,"[8, 0, 0, 0, 0, 0, 0, 0, 0, 0, 0, 0, 0, 0, 0, 0, 0, 0, 0, 0, 0, 0, 0, 0, 0, 0, 0, 0, 0, 0, 0, 0, 0, 0, 0, 0, 0, 0, 0, 0, 0, 0, 0, 0, 0, 0, 0, 0, 0, 0, 0, 0, 0, 0, 0, 0, 0, 0, 0, 0, 0, 0, 0, 0, 0, 0, 0, 0, 0, 0, 0, 0, 0, 0, 0, 0, 0, 0, 0, 0, 0, 0, 0, 0, 0, 0, 0, 0, 0, 0, 0, 0, 0, 0, 0, 0, 0, 0, 0, 0, 0, 0, 0, 0, 0, 0, 0, 0, 0, 0, 0, 0, 0, 0, 0]",0.0,"[8.0, 0.0, 0.0, 0.0, 0.0, 0.0, 0.0, 0.0, 0.0, 0.0, 0.0, 0.0, 0.0, 0.0, 0.0, 0.0, 0.0, 0.0, 0.0, 0.0, 0.0, 0.0, 0.0, 0.0, 0.0, 0.0, 0.0, 0.0, 0.0, 0.0, 0.0, 0.0, 0.0, 0.0, 0.0, 0.0, 0.0, 0.0, 0.0, 0.0, 0.0, 0.0, 0.0, 0.0, 0.0, 0.0, 0.0, 0.0, 0.0, 0.0, 0.0, 0.0, 0.0, 0.0, 0.0, 0.0, 0.0, 0.0, 0.0, 0.0, 0.0, 0.0, 0.0, 0.0, 0.0, 0.0, 0.0, 0.0, 0.0, 0.0, 0.0, 0.0, 0.0, 0.0, 0.0, 0.0, 0.0, 0.0, 0.0, 0.0, 0.0, 0.0, 0.0, 0.0, 0.0, 0.0, 0.0, 0.0, 0.0, 0.0, 0.0, 0.0, 0.0, 0.0, 0.0, 0.0, 0.0, 0.0, 0.0, 0.0, 0.0, 0.0, 0.0, 0.0, 0.0, 0.0, 0.0, 0.0, 0.0, 0.0, 0.0, 0.0, 0.0, 0.0, 0.0]",0.5,0.5,0,"[8, 0, 0, 0, 0, 0, 0, 0, 0, 0, 0, 0, 0, 0, 0, 0, 0, 0, 0, 0, 0, 0, 0, 0, 0, 0, 0, 0, 0, 0, 0, 0, 0, 0, 0, 0, 0, 0, 0, 0, 0, 0, 0, 0, 0, 0, 0, 0, 0, 0, 0, 0, 0, 0, 0, 0, 0, 0, 0, 0, 0, 0, 0, 0, 0, 0, 0, 0, 0, 0, 0, 0, 0, 0, 0, 0, 0, 0, 0, 0, 0, 0, 0, 0, 0, 0, 0, 0, 0, 0, 0, 0, 0, 0, 0, 0, 0, 0, 0, 0, 0, 0, 0, 0, 0, 0, 0, 0, 0, 0, 0, 0, 0, 0, 0]",115,"[8.338787078857422, 5.147371292114258, 5.736595630645752, 0.5371962785720825, 2.132200241088867, 1.4936859607696533, 1.9022718667984009, 2.150698184967041, 4.185915470123291, 4.425487041473389, 2.8515965938568115, 4.7601094245910645, 0.410002201795578, 3.3420708179473877, 0.41193196177482605, 3.4479587078094482, 5.289863109588623, 1.3575630187988281, 1.3088089227676392, 6.0125203132629395, 2.97463321685791, 1.0656509399414062, 4.2951250076293945, 2.489652633666992, 1.0508311986923218, 6.30349588394165, 0.45137348771095276, 2.3302924633026123, 3.98583984375, 1.4672130346298218, 1.5819412469863892, 0.675971269607544, 2.1359055042266846, 4.748908996582031, 2.3626270294189453, 4.774428367614746, 1.4202874898910522, 0.8371344804763794, 2.159064769744873, 0.5019093155860901, 4.033777236938477, 4.264691352844238, 3.0534517765045166, 2.0441503524780273, 0.7952507734298706, 6.121782302856445, 0.9423248171806335, 2.7339096069335938, 0.44461119174957275, 0.4075899124145508, 5.311130523681641, 1.0753283500671387, 1.0512604713439941, 1.6226032972335815, 5.215704441070557, 1.3837227821350098, 1.0715415477752686, 4.6262431144714355, 0.5463619828224182, 2.9095842838287354, 1.6479251384735107, 1.2468509674072266, 1.1124006509780884, 3.6632421016693115, 2.3698346614837646, 3.8251101970672607, 0.6681494116783142, 2.341729164123535, 6.753817081451416, 1.8471195697784424, 2.587503433227539, 5.650186538696289, 1.8603415489196777, 1.1628525257110596, 5.906251907348633, 0.41561031341552734, 1.5160752534866333, 4.42940092086792, 5.372735500335693, 4.934982776641846, 0.4072436988353729, 5.412482738494873, 0.41020187735557556, 3.782316207885742, 2.8441665172576904, 1.7614874839782715, 0.7498997449874878, 3.2273473739624023, 1.5123627185821533, 1.9294074773788452, 0.46591323614120483, 6.696275234222412, 0.45686379075050354, 4.300082683563232, 3.2228968143463135, 5.7080817222595215, 2.3539743423461914, 4.805220603942871, 5.209545135498047, 6.81850528717041, 1.4587346315383911, 3.5050604343414307, 3.6732430458068848, 4.118727684020996, 1.583452582359314, 4.247949123382568, 3.717323064804077, 2.3408823013305664, 0.47966158390045166, 4.12889289855957, 2.0160419940948486, 2.9732749462127686, 0.719715416431427, 4.675326824188232, 1.611711859703064]",0.0,"[8.0, 0.0, 0.0, 0.0, 0.0, 0.0, 0.0, 0.0, 0.0, 0.0, 0.0, 0.0, 0.0, 0.0, 0.0, 0.0, 0.0, 0.0, 0.0, 0.0, 0.0, 0.0, 0.0, 0.0, 0.0, 0.0, 0.0, 0.0, 0.0, 0.0, 0.0, 0.0, 0.0, 0.0, 0.0, 0.0, 0.0, 0.0, 0.0, 0.0, 0.0, 0.0, 0.0, 0.0, 0.0, 0.0, 0.0, 0.0, 0.0, 0.0, 0.0, 0.0, 0.0, 0.0, 0.0, 0.0, 0.0, 0.0, 0.0, 0.0, 0.0, 0.0, 0.0, 0.0, 0.0, 0.0, 0.0, 0.0, 0.0, 0.0, 0.0, 0.0, 0.0, 0.0, 0.0, 0.0, 0.0, 0.0, 0.0, 0.0, 0.0, 0.0, 0.0, 0.0, 0.0, 0.0, 0.0, 0.0, 0.0, 0.0, 0.0, 0.0, 0.0, 0.0, 0.0, 0.0, 0.0, 0.0, 0.0, 0.0, 0.0, 0.0, 0.0, 0.0, 0.0, 0.0, 0.0, 0.0, 0.0, 0.0, 0.0, 0.0, 0.0, 0.0, 0.0]",COMPLETE
148,148,0.9267303010395331,2024-08-31 07:22:54.335142,2024-08-31 07:23:28.029602,0 days 00:00:33.694460,4,0.22921878892610925,3,175,0.023890767558955715,22,0.0008334208829672746,0.947,0.9475,28,"[33, 33, 33, 33, 33, 33, 33, 33, 33, 33, 33, 33, 33, 33, 33, 33, 33, 33, 33, 33, 33, 33, 33, 33, 33, 33, 33, 33, 33, 33, 33, 33, 33, 33, 33, 33, 33, 33, 33, 32, 32, 32, 32, 32, 32, 32, 32, 32, 32, 30, 30, 30, 29, 29, 29, 29, 29, 29, 29, 29, 29, 29, 29, 29, 29, 29, 29, 29, 29, 29, 29, 29, 29, 29, 29, 29, 29, 29, 29, 29, 29, 29, 29, 29, 29, 29, 28, 28, 28, 28, 28, 28, 28, 28, 28, 28, 28, 28, 28, 28, 28, 28, 28, 28, 28, 28, 28, 28, 28, 28, 28, 28, 28, 28, 28, 28, 28, 28, 28, 28, 28, 28, 28, 28, 28, 28, 28, 28, 28, 28, 28, 28, 28, 28, 28, 28, 28, 28, 28, 28, 28, 28, 28, 28, 28, 28, 28, 28, 28, 28, 28, 28, 28, 28, 28, 28, 28, 28, 28, 28, 28, 28, 28, 28, 28, 28, 28, 28, 28, 28, 28, 28, 28, 28, 28]",27.993506493506494,"[32.98701298701299, 32.98051948051948, 32.993506493506494, 33.0, 32.961038961038966, 32.993506493506494, 32.980519480519476, 32.967532467532465, 32.967532467532465, 32.980519480519476, 32.96103896103896, 32.98051948051948, 32.98701298701299, 32.967532467532465, 32.98701298701299, 32.967532467532465, 32.96103896103896, 32.98051948051948, 32.97402597402598, 32.97402597402598, 32.98051948051948, 32.97402597402598, 32.98701298701299, 32.98051948051948, 32.980519480519476, 32.993506493506494, 32.98051948051948, 32.967532467532465, 32.993506493506494, 32.98701298701299, 32.98051948051948, 32.98051948051948, 32.97402597402598, 32.98051948051948, 32.98701298701299, 32.98701298701299, 32.97402597402598, 32.98701298701299, 32.98701298701299, 31.98701298701299, 32.0, 31.967532467532465, 31.980519480519483, 31.974025974025974, 31.980519480519483, 31.974025974025974, 31.98701298701299, 32.0, 31.993506493506494, 29.993506493506494, 29.96103896103896, 29.974025974025977, 28.993506493506494, 29.0, 28.98701298701299, 28.974025974025974, 29.0, 28.98701298701299, 28.98701298701299, 28.98701298701299, 28.993506493506494, 28.993506493506494, 28.967532467532465, 29.0, 28.993506493506494, 28.98701298701299, 28.967532467532468, 28.954545454545453, 28.980519480519483, 28.980519480519483, 28.98051948051948, 28.98701298701299, 28.98051948051948, 28.974025974025974, 28.974025974025974, 28.974025974025974, 29.0, 28.98701298701299, 28.967532467532465, 28.96103896103896, 28.96103896103896, 28.980519480519483, 28.974025974025974, 28.98701298701299, 28.98701298701299, 28.980519480519483, 27.993506493506494, 27.993506493506494, 27.974025974025977, 27.980519480519483, 27.98701298701299, 27.98701298701299, 27.993506493506494, 27.974025974025977, 27.974025974025974, 27.980519480519483, 27.98051948051948, 27.961038961038962, 27.993506493506494, 27.980519480519483, 27.98051948051948, 27.967532467532465, 27.98051948051948, 27.967532467532465, 27.980519480519483, 27.974025974025974, 27.954545454545453, 27.948051948051948, 27.967532467532468, 27.974025974025974, 27.974025974025974, 27.967532467532468, 27.954545454545453, 27.941558441558442, 27.980519480519483, 27.96753246753247, 27.974025974025974, 27.98701298701299, 27.98701298701299, 27.993506493506494, 27.974025974025974, 27.980519480519483, 27.974025974025974, 27.974025974025974, 27.98701298701299, 27.980519480519483, 27.961038961038962, 27.948051948051948, 27.974025974025974, 27.967532467532468, 27.974025974025974, 27.98701298701299, 27.993506493506494, 27.993506493506494, 27.98701298701299, 27.967532467532468, 27.980519480519483, 27.98051948051948, 27.98051948051948, 27.980519480519483, 27.974025974025974, 27.98701298701299, 27.967532467532468, 27.974025974025974, 27.96103896103896, 27.993506493506494, 27.993506493506494, 27.980519480519483, 27.993506493506494, 27.993506493506494, 27.98701298701299, 27.980519480519483, 28.0, 27.98701298701299, 27.98051948051948, 27.98701298701299, 27.948051948051948, 27.980519480519483, 27.98051948051948, 27.974025974025974, 27.98701298701299, 28.0, 28.0, 27.98051948051948, 27.980519480519483, 27.98701298701299, 28.0, 27.98701298701299, 28.0, 27.98701298701299, 27.967532467532468, 27.98701298701299, 27.980519480519483, 27.980519480519483, 27.993506493506494]",0.9194841436933924,0.9267303010395331,28,"[33, 33, 33, 33, 33, 33, 33, 33, 33, 33, 33, 33, 33, 33, 33, 33, 33, 33, 33, 33, 33, 33, 33, 33, 33, 33, 33, 33, 33, 33, 33, 33, 33, 33, 33, 33, 33, 33, 33, 32, 32, 32, 32, 32, 32, 32, 32, 32, 32, 30, 30, 30, 29, 29, 29, 29, 29, 29, 29, 29, 29, 29, 29, 29, 29, 29, 29, 29, 29, 29, 29, 29, 29, 29, 29, 29, 29, 29, 29, 29, 29, 29, 29, 29, 29, 29, 28, 28, 28, 28, 28, 28, 28, 28, 28, 28, 28, 28, 28, 28, 28, 28, 28, 28, 28, 28, 28, 28, 28, 28, 28, 28, 28, 28, 28, 28, 28, 28, 28, 28, 28, 28, 28, 28, 28, 28, 28, 28, 28, 28, 28, 28, 28, 28, 28, 28, 28, 28, 28, 28, 28, 28, 28, 28, 28, 28, 28, 28, 28, 28, 28, 28, 28, 28, 28, 28, 28, 28, 28, 28, 28, 28, 28, 28, 28, 28, 28, 28, 28, 28, 28, 28, 28, 28, 28]",175,"[0.389375776052475, 0.3767872154712677, 0.36884257197380066, 0.36061665415763855, 0.3524737060070038, 0.34546470642089844, 0.3373270034790039, 0.33131009340286255, 0.32134392857551575, 0.3147866427898407, 0.30781030654907227, 0.29801884293556213, 0.2927665412425995, 0.286586731672287, 0.2809242308139801, 0.2751189172267914, 0.2716198265552521, 0.2678905427455902, 0.2636382281780243, 0.2613793611526489, 0.25741201639175415, 0.2543860375881195, 0.2511661648750305, 0.2494751513004303, 0.24526266753673553, 0.2429109513759613, 0.2394818663597107, 0.23773960769176483, 0.23610666394233704, 0.2365691363811493, 0.2277490794658661, 0.22893978655338287, 0.2273135930299759, 0.2242918610572815, 0.22607828676700592, 0.22453635931015015, 0.21950720250606537, 0.2192753255367279, 0.21796758472919464, 0.21507807075977325, 0.21603456139564514, 0.21523341536521912, 0.212445467710495, 0.21285177767276764, 0.20992271602153778, 0.21025913953781128, 0.20882803201675415, 0.20995959639549255, 0.2071453034877777, 0.2085791528224945, 0.20512054860591888, 0.2095482051372528, 0.20558422803878784, 0.20613999664783478, 0.20419026911258698, 0.20386169850826263, 0.20669466257095337, 0.20384837687015533, 0.20488213002681732, 0.20460304617881775, 0.20382186770439148, 0.20386600494384766, 0.201241135597229, 0.20451566576957703, 0.1980578750371933, 0.2018444985151291, 0.20459043979644775, 0.20633429288864136, 0.19896502792835236, 0.2036849558353424, 0.19928878545761108, 0.199365496635437, 0.1987585574388504, 0.19980990886688232, 0.19943855702877045, 0.1983320116996765, 0.19983957707881927, 0.2000627964735031, 0.19664102792739868, 0.20220617949962616, 0.20032605528831482, 0.2033448964357376, 0.19671446084976196, 0.19852793216705322, 0.1953941136598587, 0.19654817879199982, 0.1973864734172821, 0.19866573810577393, 0.19418275356292725, 0.19491149485111237, 0.19789129495620728, 0.1966162472963333, 0.1941007673740387, 0.1938229352235794, 0.1937406212091446, 0.19479471445083618, 0.19659096002578735, 0.19539539515972137, 0.20015157759189606, 0.1987803429365158, 0.19325488805770874, 0.1907307654619217, 0.1911962926387787, 0.19658830761909485, 0.19272249937057495, 0.19252876937389374, 0.19433152675628662, 0.19313009083271027, 0.19024918973445892, 0.1934434175491333, 0.19588987529277802, 0.1937483549118042, 0.19607184827327728, 0.19226188957691193, 0.19676202535629272, 0.19033637642860413, 0.19043472409248352, 0.1932169497013092, 0.19754666090011597, 0.19264763593673706, 0.19174499809741974, 0.19358541071414948, 0.1891675591468811, 0.19048188626766205, 0.19086267054080963, 0.19834525883197784, 0.1940876990556717, 0.19170404970645905, 0.1934351772069931, 0.1871316134929657, 0.194109708070755, 0.19027705490589142, 0.18944622576236725, 0.19091001152992249, 0.1899418830871582, 0.19841425120830536, 0.19626930356025696, 0.18941918015480042, 0.19872240722179413, 0.19313755631446838, 0.19232524931430817, 0.19562886655330658, 0.19115468859672546, 0.19164909422397614, 0.19500930607318878, 0.19332952797412872, 0.19749507308006287, 0.19458475708961487, 0.18916913866996765, 0.1951148957014084, 0.19687841832637787, 0.19462932646274567, 0.19161289930343628, 0.19431817531585693, 0.19648070633411407, 0.1918281763792038, 0.1942627727985382, 0.19934646785259247, 0.19709408283233643, 0.19369351863861084, 0.19381263852119446, 0.1949928104877472, 0.18946273624897003, 0.19309017062187195, 0.1931247115135193, 0.19669848680496216, 0.1917857974767685, 0.19649513065814972, 0.19063739478588104, 0.19376178085803986, 0.1928969919681549, 0.19333527982234955, 0.19735655188560486, 0.1945892721414566, 0.19927093386650085]",28.0,"[33.0, 33.0, 33.0, 33.0, 33.0, 33.0, 33.0, 33.0, 33.0, 33.0, 33.0, 33.0, 33.0, 33.0, 33.0, 33.0, 33.0, 33.0, 33.0, 33.0, 33.0, 33.0, 33.0, 33.0, 33.0, 33.0, 33.0, 33.0, 33.0, 33.0, 33.0, 33.0, 33.0, 33.0, 33.0, 33.0, 33.0, 33.0, 33.0, 32.0, 32.0, 32.0, 32.0, 32.0, 32.0, 32.0, 32.0, 32.0, 32.0, 30.0, 30.0, 30.0, 29.0, 29.0, 29.0, 29.0, 29.0, 29.0, 29.0, 29.0, 29.0, 29.0, 29.0, 29.0, 29.0, 29.0, 29.0, 29.0, 29.0, 29.0, 29.0, 29.0, 29.0, 29.0, 29.0, 29.0, 29.0, 29.0, 29.0, 29.0, 29.0, 29.0, 29.0, 29.0, 29.0, 29.0, 28.0, 28.0, 28.0, 28.0, 28.0, 28.0, 28.0, 28.0, 28.0, 28.0, 28.0, 28.0, 28.0, 28.0, 28.0, 28.0, 28.0, 28.0, 28.0, 28.0, 28.0, 28.0, 28.0, 28.0, 28.0, 28.0, 28.0, 28.0, 28.0, 28.0, 28.0, 28.0, 28.0, 28.0, 28.0, 28.0, 28.0, 28.0, 28.0, 28.0, 28.0, 28.0, 28.0, 28.0, 28.0, 28.0, 28.0, 28.0, 28.0, 28.0, 28.0, 28.0, 28.0, 28.0, 28.0, 28.0, 28.0, 28.0, 28.0, 28.0, 28.0, 28.0, 28.0, 28.0, 28.0, 28.0, 28.0, 28.0, 28.0, 28.0, 28.0, 28.0, 28.0, 28.0, 28.0, 28.0, 28.0, 28.0, 28.0, 28.0, 28.0, 28.0, 28.0, 28.0, 28.0, 28.0, 28.0, 28.0, 28.0]",COMPLETE
