,number,value,datetime_start,datetime_complete,duration,params_batch_size_scaler,params_constant_learning_rate,params_depth,params_epochs,params_kernel_l2,params_num_trees,params_temperature,user_attrs_accuracy_test,user_attrs_accuracy_valid,user_attrs_approximate_feature_sparsity,user_attrs_approximate_feature_sparsity_history,user_attrs_approximate_weight_sparsity,user_attrs_approximate_weight_sparsity_history,user_attrs_auc_test,user_attrs_auc_valid,user_attrs_feature_sparsity,user_attrs_feature_sparsity_history,user_attrs_num_epochs,user_attrs_val_loss_history,user_attrs_weight_sparsity,user_attrs_weight_sparsity_history,state
130,130,0.8219783333977406,2024-08-31 06:31:35.399766,2024-08-31 06:32:59.315408,0 days 00:01:23.915642,1,6.591365908115076,2,95,0.004160028459318768,95,0.009172287735455028,0.89,0.895,29,"[26, 26, 26, 26, 26, 26, 26, 26, 26, 26, 26, 26, 27, 27, 27, 27, 27, 27, 27, 27, 27, 27, 28, 28, 28, 28, 28, 28, 28, 28, 28, 28, 28, 28, 28, 28, 28, 28, 28, 28, 28, 28, 28, 28, 28, 28, 28, 28, 28, 28, 28, 28, 28, 28, 28, 28, 28, 28, 28, 28, 28, 28, 28, 28, 28, 28, 28, 28, 28, 28, 28, 28, 28, 28, 28, 29, 29, 29, 29, 29, 29, 29, 29, 29, 29, 29, 29, 29, 29, 29, 29, 29, 29, 29, 29]",28.782456140350877,"[25.996491228070177, 26.0, 26.0, 26.0, 25.996491228070177, 26.0, 26.0, 26.0, 26.0, 26.0, 26.0, 26.0, 26.824561403508774, 26.94736842105263, 26.964912280701753, 26.968421052631577, 26.968421052631577, 26.971929824561403, 26.97543859649123, 26.978947368421053, 26.978947368421053, 26.982456140350877, 27.83859649122807, 27.92280701754386, 27.943859649122807, 27.957894736842107, 27.96140350877193, 27.964912280701753, 27.964912280701753, 27.964912280701753, 27.964912280701753, 27.968421052631577, 27.971929824561403, 27.971929824561403, 27.97543859649123, 27.97543859649123, 27.97543859649123, 27.97543859649123, 27.97543859649123, 27.971929824561403, 27.97543859649123, 27.97543859649123, 27.97543859649123, 27.97543859649123, 27.97543859649123, 27.97543859649123, 27.97543859649123, 27.97543859649123, 27.97543859649123, 27.97543859649123, 27.971929824561403, 27.97543859649123, 27.971929824561403, 27.97543859649123, 27.97543859649123, 27.97543859649123, 27.97543859649123, 27.97543859649123, 27.97543859649123, 27.97543859649123, 27.97543859649123, 27.97543859649123, 27.97543859649123, 27.97543859649123, 27.97543859649123, 27.97543859649123, 27.97543859649123, 27.97543859649123, 27.97543859649123, 27.97543859649123, 27.97543859649123, 27.97543859649123, 27.97543859649123, 27.97543859649123, 27.97543859649123, 28.550877192982455, 28.66315789473684, 28.722807017543857, 28.72982456140351, 28.747368421052634, 28.75438596491228, 28.75438596491228, 28.75438596491228, 28.761403508771927, 28.764912280701758, 28.757894736842104, 28.76842105263158, 28.76842105263158, 28.775438596491227, 28.77894736842105, 28.775438596491227, 28.77894736842105, 28.782456140350877, 28.782456140350877, 28.782456140350877]",0.775832032959321,0.8219783333977406,29,"[26, 26, 26, 26, 26, 26, 26, 26, 26, 26, 26, 26, 27, 27, 27, 27, 27, 27, 27, 27, 27, 27, 28, 28, 28, 28, 28, 28, 28, 28, 28, 28, 28, 28, 28, 28, 28, 28, 28, 28, 28, 28, 28, 28, 28, 28, 28, 28, 28, 28, 28, 28, 28, 28, 28, 28, 28, 28, 28, 28, 28, 28, 28, 28, 28, 28, 28, 28, 28, 28, 28, 28, 28, 28, 28, 29, 29, 29, 29, 29, 29, 29, 29, 29, 29, 29, 29, 29, 29, 29, 29, 29, 29, 29, 29]",95,"[22.676986694335938, 8.673893928527832, 12.362325668334961, 8.615732192993164, 9.042405128479004, 10.751862525939941, 19.951234817504883, 14.042682647705078, 10.140382766723633, 11.345947265625, 12.973196983337402, 11.932877540588379, 13.282570838928223, 12.436079978942871, 15.180240631103516, 20.591392517089844, 13.949329376220703, 15.051915168762207, 17.972034454345703, 15.671104431152344, 17.349323272705078, 15.349386215209961, 14.404654502868652, 21.652742385864258, 14.963713645935059, 13.77145004272461, 14.248398780822754, 26.266279220581055, 14.493212699890137, 15.338604927062988, 18.252666473388672, 22.740310668945312, 25.8922176361084, 22.015151977539062, 16.50182342529297, 16.604602813720703, 14.178261756896973, 15.80038070678711, 13.86666488647461, 18.1566219329834, 25.915910720825195, 18.88510513305664, 18.42816925048828, 17.5044002532959, 17.099939346313477, 14.494131088256836, 20.355741500854492, 18.351778030395508, 14.754281997680664, 21.58611488342285, 25.745935440063477, 15.349312782287598, 17.331941604614258, 18.669296264648438, 15.572667121887207, 25.004899978637695, 14.996055603027344, 16.587425231933594, 15.594307899475098, 15.640111923217773, 16.765422821044922, 18.90612030029297, 15.370351791381836, 19.135417938232422, 40.387794494628906, 17.898897171020508, 15.856728553771973, 20.267210006713867, 15.848555564880371, 18.328824996948242, 20.779722213745117, 17.09370231628418, 21.309467315673828, 16.835569381713867, 16.97754669189453, 15.393467903137207, 17.39182472229004, 25.555561065673828, 18.552473068237305, 22.617202758789062, 21.62115478515625, 15.490470886230469, 25.634719848632812, 21.233604431152344, 17.327943801879883, 17.428184509277344, 15.937796592712402, 16.322402954101562, 18.88140869140625, 16.188596725463867, 15.398289680480957, 17.461105346679688, 18.295284271240234, 16.768386840820312, 18.286855697631836]",28.90877192982456,"[26.0, 26.0, 26.0, 26.0, 26.0, 26.0, 26.0, 26.0, 26.0, 26.0, 26.0, 26.0, 26.989473684210527, 27.0, 27.0, 27.0, 27.0, 27.0, 27.0, 27.0, 27.0, 27.0, 27.99298245614035, 28.0, 28.0, 28.0, 28.0, 28.0, 28.0, 28.0, 28.0, 28.0, 28.0, 28.0, 28.0, 28.0, 28.0, 28.0, 28.0, 28.0, 28.0, 28.0, 28.0, 28.0, 28.0, 28.0, 28.0, 28.0, 28.0, 28.0, 28.0, 28.0, 28.0, 28.0, 28.0, 28.0, 28.0, 28.0, 28.0, 28.0, 28.0, 28.0, 28.0, 28.0, 28.0, 28.0, 28.0, 28.0, 28.0, 28.0, 28.0, 28.0, 28.0, 28.0, 28.0, 28.873684210526314, 28.898245614035087, 28.898245614035087, 28.898245614035087, 28.898245614035087, 28.898245614035087, 28.898245614035087, 28.901754385964914, 28.905263157894737, 28.905263157894737, 28.905263157894737, 28.905263157894737, 28.905263157894737, 28.905263157894737, 28.905263157894737, 28.905263157894737, 28.905263157894737, 28.905263157894737, 28.905263157894737, 28.90877192982456]",COMPLETE
