,number,value,datetime_start,datetime_complete,duration,params_batch_size_scaler,params_constant_learning_rate,params_depth,params_epochs,params_kernel_l2,params_num_trees,params_temperature,user_attrs_accuracy_test,user_attrs_accuracy_valid,user_attrs_approximate_feature_sparsity,user_attrs_approximate_feature_sparsity_history,user_attrs_approximate_weight_sparsity,user_attrs_approximate_weight_sparsity_history,user_attrs_auc_test,user_attrs_auc_valid,user_attrs_feature_sparsity,user_attrs_feature_sparsity_history,user_attrs_num_epochs,user_attrs_val_loss_history,user_attrs_weight_sparsity,user_attrs_weight_sparsity_history,state
157,157,0.5,2024-08-31 07:54:40.644681,2024-08-31 07:55:32.428741,0 days 00:00:51.784060,16,0.9228174655386067,3,475,0.026034703408809087,11,0.0008745152010784648,0.859,0.85875,0,"[33, 33, 33, 33, 33, 33, 33, 33, 33, 33, 33, 33, 33, 33, 31, 29, 27, 23, 21, 19, 17, 17, 17, 17, 17, 16, 16, 14, 13, 13, 13, 12, 9, 8, 8, 8, 8, 8, 8, 8, 8, 8, 8, 8, 8, 8, 8, 7, 7, 7, 7, 7, 7, 7, 7, 7, 7, 7, 7, 7, 7, 7, 7, 7, 7, 7, 7, 7, 7, 7, 7, 7, 7, 7, 7, 7, 7, 7, 7, 7, 7, 7, 7, 7, 7, 7, 7, 7, 7, 7, 7, 7, 7, 7, 7, 7, 7, 7, 6, 6, 6, 6, 6, 6, 5, 5, 5, 5, 5, 5, 5, 5, 5, 4, 4, 4, 4, 4, 4, 4, 3, 3, 3, 3, 3, 3, 3, 3, 3, 3, 3, 3, 3, 3, 3, 3, 3, 3, 3, 3, 3, 3, 3, 3, 3, 3, 3, 3, 3, 3, 3, 3, 3, 3, 3, 3, 3, 3, 3, 3, 3, 3, 3, 3, 3, 2, 2, 2, 2, 2, 2, 2, 2, 2, 2, 2, 2, 2, 2, 2, 2, 2, 2, 2, 2, 2, 2, 2, 2, 2, 2, 2, 2, 2, 2, 2, 2, 2, 2, 2, 2, 2, 2, 2, 2, 2, 2, 2, 2, 2, 2, 2, 2, 2, 2, 2, 2, 2, 2, 2, 2, 2, 2, 2, 2, 2, 2, 2, 2, 2, 2, 2, 2, 2, 2, 2, 2, 2, 2, 2, 2, 2, 2, 2, 2, 2, 2, 2, 2, 2, 2, 2, 2, 2, 2, 2, 2, 1, 1, 1, 1, 1, 1, 1, 1, 1, 1, 1, 1, 1, 1, 1, 1, 1, 1, 1, 1, 1, 1, 1, 1, 1, 1, 1, 1, 1, 1, 1, 1, 1, 1, 1, 1, 1, 1, 1, 1, 1, 1, 1, 1, 1, 1, 1, 1, 1, 1, 1, 1, 1, 1, 1, 1, 1, 1, 1, 1, 1, 1, 1, 1, 1, 1, 1, 1, 1, 1, 1, 1, 1, 1, 1, 1, 1, 1, 1, 1, 1, 1, 1, 1, 1, 1, 1, 1, 1, 1, 1, 1, 1, 1, 1, 1, 1, 1, 1, 1, 1, 1, 1, 1, 1, 1, 1, 1, 1, 1, 1, 1, 1, 1, 1, 1, 1, 1, 1, 1, 1, 1, 1, 1, 1, 1, 1, 1, 1, 1, 1, 1, 1, 1, 1, 1, 0, 0, 0, 0, 0, 0, 0, 0, 0, 0, 0, 0, 0, 0, 0, 0, 0, 0, 0, 0, 0, 0, 0, 0, 0, 0, 0, 0, 0, 0, 0, 0, 0, 0, 0, 0, 0, 0, 0, 0, 0, 0, 0, 0, 0, 0, 0, 0, 0, 0, 0, 0, 0, 0, 0, 0, 0, 0, 0, 0, 0, 0, 0, 0, 0, 0, 0, 0, 0, 0, 0, 0, 0, 0, 0, 0, 0, 0, 0, 0, 0, 0]",0.0,"[32.97402597402598, 33.0, 33.0, 32.97402597402598, 33.0, 32.98701298701299, 33.0, 32.98701298701299, 32.98701298701299, 33.0, 32.96103896103896, 32.94805194805195, 32.98701298701299, 32.98701298701299, 30.96103896103896, 29.0, 26.98701298701299, 23.0, 20.98701298701299, 19.0, 16.98701298701299, 16.98701298701299, 17.0, 17.0, 17.0, 16.0, 15.987012987012987, 13.987012987012987, 13.0, 13.0, 13.0, 11.987012987012987, 9.0, 8.0, 8.0, 8.0, 8.0, 7.987012987012987, 8.0, 7.987012987012987, 7.974025974025974, 7.987012987012987, 8.0, 8.0, 8.0, 8.0, 8.0, 6.974025974025974, 7.0, 7.0, 7.0, 7.0, 7.0, 6.987012987012987, 6.987012987012987, 7.0, 6.987012987012987, 7.0, 7.0, 7.0, 7.0, 7.0, 7.0, 6.987012987012987, 7.0, 7.0, 7.0, 7.0, 7.0, 7.0, 6.987012987012987, 7.0, 7.0, 7.0, 7.0, 7.0, 7.0, 7.0, 7.0, 7.0, 7.0, 7.0, 7.0, 7.0, 7.0, 7.0, 7.0, 7.0, 7.0, 7.0, 7.0, 7.0, 7.0, 6.987012987012987, 7.0, 6.987012987012987, 7.0, 7.0, 6.0, 5.987012987012987, 5.987012987012987, 5.987012987012987, 6.0, 6.0, 5.0, 5.0, 5.0, 5.0, 4.987012987012987, 5.0, 4.987012987012987, 5.0, 5.0, 4.0, 4.0, 4.0, 4.0, 4.0, 3.987012987012987, 4.0, 3.0, 3.0, 3.0, 3.0, 3.0, 3.0, 3.0, 3.0, 3.0, 3.0, 3.0, 3.0, 3.0, 3.0, 3.0, 3.0, 3.0, 3.0, 2.987012987012987, 3.0, 3.0, 3.0, 3.0, 3.0, 2.987012987012987, 3.0, 3.0, 3.0, 3.0, 3.0, 3.0, 3.0, 3.0, 3.0, 3.0, 3.0, 3.0, 3.0, 3.0, 3.0, 3.0, 3.0, 3.0, 3.0, 3.0, 2.0, 2.0, 2.0, 1.987012987012987, 2.0, 1.987012987012987, 2.0, 1.987012987012987, 1.987012987012987, 1.987012987012987, 2.0, 1.987012987012987, 2.0, 1.987012987012987, 1.987012987012987, 2.0, 2.0, 2.0, 1.987012987012987, 1.987012987012987, 2.0, 1.974025974025974, 2.0, 2.0, 1.987012987012987, 2.0, 2.0, 2.0, 2.0, 2.0, 2.0, 1.987012987012987, 1.987012987012987, 2.0, 2.0, 2.0, 2.0, 2.0, 2.0, 1.974025974025974, 2.0, 2.0, 1.987012987012987, 2.0, 1.987012987012987, 2.0, 2.0, 2.0, 2.0, 2.0, 1.987012987012987, 2.0, 2.0, 1.987012987012987, 2.0, 2.0, 2.0, 2.0, 2.0, 2.0, 2.0, 2.0, 2.0, 2.0, 2.0, 2.0, 2.0, 2.0, 2.0, 2.0, 2.0, 2.0, 2.0, 2.0, 1.987012987012987, 2.0, 2.0, 2.0, 1.974025974025974, 1.974025974025974, 2.0, 1.987012987012987, 2.0, 2.0, 1.987012987012987, 2.0, 1.987012987012987, 2.0, 2.0, 1.987012987012987, 2.0, 2.0, 1.0, 1.0, 1.0, 1.0, 0.987012987012987, 1.0, 1.0, 1.0, 1.0, 1.0, 0.987012987012987, 1.0, 1.0, 1.0, 1.0, 1.0, 1.0, 1.0, 1.0, 1.0, 1.0, 1.0, 0.987012987012987, 0.987012987012987, 0.987012987012987, 0.987012987012987, 1.0, 0.974025974025974, 1.0, 0.987012987012987, 1.0, 1.0, 1.0, 1.0, 0.974025974025974, 1.0, 1.0, 1.0, 1.0, 1.0, 1.0, 1.0, 1.0, 1.0, 1.0, 1.0, 0.987012987012987, 1.0, 1.0, 1.0, 1.0, 1.0, 0.987012987012987, 1.0, 1.0, 1.0, 1.0, 1.0, 1.0, 1.0, 1.0, 1.0, 1.0, 1.0, 1.0, 0.987012987012987, 1.0, 1.0, 0.987012987012987, 0.987012987012987, 0.987012987012987, 1.0, 1.0, 0.987012987012987, 1.0, 0.987012987012987, 0.987012987012987, 0.987012987012987, 1.0, 1.0, 0.987012987012987, 1.0, 1.0, 1.0, 1.0, 1.0, 1.0, 1.0, 0.987012987012987, 1.0, 0.987012987012987, 1.0, 1.0, 1.0, 1.0, 1.0, 1.0, 1.0, 1.0, 1.0, 1.0, 1.0, 1.0, 1.0, 1.0, 1.0, 1.0, 1.0, 1.0, 1.0, 0.987012987012987, 1.0, 1.0, 1.0, 1.0, 1.0, 1.0, 1.0, 1.0, 0.987012987012987, 1.0, 1.0, 1.0, 0.974025974025974, 1.0, 1.0, 1.0, 1.0, 1.0, 1.0, 1.0, 1.0, 1.0, 1.0, 1.0, 1.0, 0.0, 0.0, 0.0, 0.0, 0.0, 0.0, 0.0, 0.0, 0.0, 0.0, 0.0, 0.0, 0.0, 0.0, 0.0, 0.0, 0.0, 0.0, 0.0, 0.0, 0.0, 0.0, 0.0, 0.0, 0.0, 0.0, 0.0, 0.0, 0.0, 0.0, 0.0, 0.0, 0.0, 0.0, 0.0, 0.0, 0.0, 0.0, 0.0, 0.0, 0.0, 0.0, 0.0, 0.0, 0.0, 0.0, 0.0, 0.0, 0.0, 0.0, 0.0, 0.0, 0.0, 0.0, 0.0, 0.0, 0.0, 0.0, 0.0, 0.0, 0.0, 0.0, 0.0, 0.0, 0.0, 0.0, 0.0, 0.0, 0.0, 0.0, 0.0, 0.0, 0.0, 0.0, 0.0, 0.0, 0.0, 0.0, 0.0, 0.0, 0.0, 0.0]",0.5,0.5,0,"[33, 33, 33, 33, 33, 33, 33, 33, 33, 33, 33, 33, 33, 33, 31, 29, 27, 23, 21, 19, 17, 17, 17, 17, 17, 16, 16, 14, 13, 13, 13, 12, 9, 8, 8, 8, 8, 8, 8, 8, 8, 8, 8, 8, 8, 8, 8, 7, 7, 7, 7, 7, 7, 7, 7, 7, 7, 7, 7, 7, 7, 7, 7, 7, 7, 7, 7, 7, 7, 7, 7, 7, 7, 7, 7, 7, 7, 7, 7, 7, 7, 7, 7, 7, 7, 7, 7, 7, 7, 7, 7, 7, 7, 7, 7, 7, 7, 7, 6, 6, 6, 6, 6, 6, 5, 5, 5, 5, 5, 5, 5, 5, 5, 4, 4, 4, 4, 4, 4, 4, 3, 3, 3, 3, 3, 3, 3, 3, 3, 3, 3, 3, 3, 3, 3, 3, 3, 3, 3, 3, 3, 3, 3, 3, 3, 3, 3, 3, 3, 3, 3, 3, 3, 3, 3, 3, 3, 3, 3, 3, 3, 3, 3, 3, 3, 2, 2, 2, 2, 2, 2, 2, 2, 2, 2, 2, 2, 2, 2, 2, 2, 2, 2, 2, 2, 2, 2, 2, 2, 2, 2, 2, 2, 2, 2, 2, 2, 2, 2, 2, 2, 2, 2, 2, 2, 2, 2, 2, 2, 2, 2, 2, 2, 2, 2, 2, 2, 2, 2, 2, 2, 2, 2, 2, 2, 2, 2, 2, 2, 2, 2, 2, 2, 2, 2, 2, 2, 2, 2, 2, 2, 2, 2, 2, 2, 2, 2, 2, 2, 2, 2, 2, 2, 2, 2, 2, 2, 1, 1, 1, 1, 1, 1, 1, 1, 1, 1, 1, 1, 1, 1, 1, 1, 1, 1, 1, 1, 1, 1, 1, 1, 1, 1, 1, 1, 1, 1, 1, 1, 1, 1, 1, 1, 1, 1, 1, 1, 1, 1, 1, 1, 1, 1, 1, 1, 1, 1, 1, 1, 1, 1, 1, 1, 1, 1, 1, 1, 1, 1, 1, 1, 1, 1, 1, 1, 1, 1, 1, 1, 1, 1, 1, 1, 1, 1, 1, 1, 1, 1, 1, 1, 1, 1, 1, 1, 1, 1, 1, 1, 1, 1, 1, 1, 1, 1, 1, 1, 1, 1, 1, 1, 1, 1, 1, 1, 1, 1, 1, 1, 1, 1, 1, 1, 1, 1, 1, 1, 1, 1, 1, 1, 1, 1, 1, 1, 1, 1, 1, 1, 1, 1, 1, 1, 0, 0, 0, 0, 0, 0, 0, 0, 0, 0, 0, 0, 0, 0, 0, 0, 0, 0, 0, 0, 0, 0, 0, 0, 0, 0, 0, 0, 0, 0, 0, 0, 0, 0, 0, 0, 0, 0, 0, 0, 0, 0, 0, 0, 0, 0, 0, 0, 0, 0, 0, 0, 0, 0, 0, 0, 0, 0, 0, 0, 0, 0, 0, 0, 0, 0, 0, 0, 0, 0, 0, 0, 0, 0, 0, 0, 0, 0, 0, 0, 0, 0]",475,"[0.3936370015144348, 0.37657055258750916, 0.3685774505138397, 0.3587968349456787, 0.35185229778289795, 0.34481704235076904, 0.3378640413284302, 0.3260849118232727, 0.31944671273231506, 0.3110916316509247, 0.3042917549610138, 0.2982657551765442, 0.2936222553253174, 0.2844093441963196, 0.2834368050098419, 0.27515679597854614, 0.26759836077690125, 0.263520210981369, 0.2621181905269623, 0.2566628158092499, 0.2519581615924835, 0.2502235770225525, 0.24841436743736267, 0.24416297674179077, 0.24287265539169312, 0.24061495065689087, 0.24181018769741058, 0.24678564071655273, 0.24959461390972137, 0.25326281785964966, 0.24350972473621368, 0.2497350573539734, 0.25390592217445374, 0.25499337911605835, 0.25196924805641174, 0.24961286783218384, 0.2494231015443802, 0.2484893947839737, 0.24728837609291077, 0.2476535439491272, 0.24523435533046722, 0.24349381029605865, 0.24542486667633057, 0.2421056032180786, 0.24214553833007812, 0.24715520441532135, 0.24215199053287506, 0.2492622435092926, 0.24275831878185272, 0.24136102199554443, 0.24094322323799133, 0.2383967787027359, 0.23948626220226288, 0.2363685667514801, 0.23790481686592102, 0.2371358424425125, 0.2367931306362152, 0.23568525910377502, 0.2374512106180191, 0.2360236942768097, 0.2362249344587326, 0.23351609706878662, 0.235353484749794, 0.23378367722034454, 0.23611754179000854, 0.2333049327135086, 0.2336394190788269, 0.23595741391181946, 0.23173204064369202, 0.23304693400859833, 0.23318646848201752, 0.2324707955121994, 0.23282499611377716, 0.23241272568702698, 0.23305507004261017, 0.2309795767068863, 0.23264333605766296, 0.23328767716884613, 0.23258517682552338, 0.2316095232963562, 0.23182223737239838, 0.23172737658023834, 0.2309029996395111, 0.23418880999088287, 0.23336593806743622, 0.23251619935035706, 0.23142008483409882, 0.23184512555599213, 0.23268236219882965, 0.2311968058347702, 0.22965846955776215, 0.23237404227256775, 0.23283830285072327, 0.23223643004894257, 0.23276954889297485, 0.23207758367061615, 0.2306414544582367, 0.23274362087249756, 0.27063265442848206, 0.27391818165779114, 0.2777976095676422, 0.26986822485923767, 0.2821265757083893, 0.270865261554718, 0.30329373478889465, 0.3018973767757416, 0.29761654138565063, 0.2977721095085144, 0.2961544096469879, 0.2972048819065094, 0.2978707253932953, 0.29606854915618896, 0.2942073941230774, 0.30648139119148254, 0.3030691146850586, 0.3024429976940155, 0.3038990795612335, 0.3014686405658722, 0.3022652566432953, 0.30068203806877136, 0.3586476445198059, 0.31448227167129517, 0.310199499130249, 0.30798715353012085, 0.3151726722717285, 0.3099598288536072, 0.30494555830955505, 0.3068503141403198, 0.30542734265327454, 0.303944855928421, 0.303857684135437, 0.30491316318511963, 0.30346548557281494, 0.30336901545524597, 0.30771404504776, 0.3021290898323059, 0.3108682334423065, 0.30259770154953003, 0.3022683262825012, 0.3026600778102875, 0.30434876680374146, 0.30140626430511475, 0.3043723404407501, 0.3030107617378235, 0.30131712555885315, 0.30203378200531006, 0.3014257848262787, 0.3027711510658264, 0.3014305531978607, 0.30140990018844604, 0.30181124806404114, 0.3013067841529846, 0.3013179302215576, 0.30236274003982544, 0.3017658293247223, 0.3086625039577484, 0.30208027362823486, 0.3007287085056305, 0.300212025642395, 0.3008118271827698, 0.3000001013278961, 0.30073282122612, 0.3002983033657074, 0.30118173360824585, 0.3010696470737457, 0.32461878657341003, 0.32501429319381714, 0.32884320616722107, 0.3243688642978668, 0.32558831572532654, 0.32454243302345276, 0.32494598627090454, 0.3251507580280304, 0.32470452785491943, 0.3262714147567749, 0.32569462060928345, 0.3248978555202484, 0.32483750581741333, 0.3276151716709137, 0.327994704246521, 0.32439637184143066, 0.32442042231559753, 0.32555997371673584, 0.32781437039375305, 0.3252917230129242, 0.3257300853729248, 0.324893981218338, 0.32613426446914673, 0.3252760171890259, 0.32485440373420715, 0.3314049243927002, 0.3244785964488983, 0.32520678639411926, 0.32424938678741455, 0.32505714893341064, 0.3239969313144684, 0.3242132067680359, 0.32633545994758606, 0.3285289406776428, 0.32496178150177, 0.32591712474823, 0.3242996633052826, 0.3242054879665375, 0.325827956199646, 0.3242706060409546, 0.3258618116378784, 0.3310500383377075, 0.3247447907924652, 0.3245055675506592, 0.3246355950832367, 0.32658806443214417, 0.32405686378479004, 0.3252861797809601, 0.3247588872909546, 0.3297302722930908, 0.3276578485965729, 0.32458168268203735, 0.32489508390426636, 0.32508522272109985, 0.3248136043548584, 0.32826292514801025, 0.32533538341522217, 0.32732266187667847, 0.3240330219268799, 0.32713794708251953, 0.3273569941520691, 0.3235405683517456, 0.3264695405960083, 0.3239992558956146, 0.3257864713668823, 0.32407763600349426, 0.3236345648765564, 0.324500173330307, 0.32363757491111755, 0.3266856074333191, 0.32808372378349304, 0.3244602084159851, 0.3251483142375946, 0.3255762457847595, 0.32339799404144287, 0.32743674516677856, 0.3309413492679596, 0.3252115547657013, 0.329240083694458, 0.3241584897041321, 0.32492300868034363, 0.32360008358955383, 0.32540416717529297, 0.3233339190483093, 0.3239019513130188, 0.32508495450019836, 0.3238006830215454, 0.3235953450202942, 0.32331231236457825, 0.32476112246513367, 0.3264157474040985, 0.3247228264808655, 0.35857632756233215, 0.35939207673072815, 0.36296576261520386, 0.36032921075820923, 0.3612278997898102, 0.36167263984680176, 0.35906025767326355, 0.36055874824523926, 0.3600800633430481, 0.3618883788585663, 0.3606489896774292, 0.36131441593170166, 0.36632686853408813, 0.37463974952697754, 0.3617289662361145, 0.36377856135368347, 0.36053621768951416, 0.36154764890670776, 0.359529048204422, 0.3593987226486206, 0.3609618842601776, 0.3627108633518219, 0.36948084831237793, 0.35900458693504333, 0.362033486366272, 0.36052408814430237, 0.3639751672744751, 0.3609509766101837, 0.3588779866695404, 0.3594282865524292, 0.35857564210891724, 0.3624902069568634, 0.3609924018383026, 0.36472976207733154, 0.3631865680217743, 0.359989732503891, 0.359630286693573, 0.36218538880348206, 0.35888203978538513, 0.3589823544025421, 0.3604324758052826, 0.36175382137298584, 0.3606598675251007, 0.35891687870025635, 0.36049798130989075, 0.3620612621307373, 0.3605726659297943, 0.3657873272895813, 0.36472269892692566, 0.3619186282157898, 0.3606105446815491, 0.36098620295524597, 0.35957199335098267, 0.36143630743026733, 0.35878661274909973, 0.3603552579879761, 0.36771681904792786, 0.3605847954750061, 0.35890963673591614, 0.35990116000175476, 0.3606148660182953, 0.3612608313560486, 0.36117568612098694, 0.36109253764152527, 0.35882866382598877, 0.36046841740608215, 0.36067521572113037, 0.35861387848854065, 0.360421746969223, 0.36410003900527954, 0.363016813993454, 0.3633817732334137, 0.36221322417259216, 0.3601396083831787, 0.3586390018463135, 0.3590814471244812, 0.35919907689094543, 0.35959914326667786, 0.3599274456501007, 0.3600929379463196, 0.358361154794693, 0.35910263657569885, 0.3608173727989197, 0.36019036173820496, 0.36491188406944275, 0.3602122962474823, 0.362382173538208, 0.359192818403244, 0.35886088013648987, 0.35917648673057556, 0.35852959752082825, 0.35845935344696045, 0.3654857277870178, 0.3616084158420563, 0.3614163100719452, 0.3599577248096466, 0.36155226826667786, 0.3608196973800659, 0.35837695002555847, 0.3636125922203064, 0.3642069101333618, 0.36240988969802856, 0.3596448004245758, 0.36329707503318787, 0.36060988903045654, 0.35862433910369873, 0.36093825101852417, 0.36274775862693787, 0.36258843541145325, 0.3604707717895508, 0.3582246005535126, 0.3614228069782257, 0.3597146272659302, 0.35918697714805603, 0.3591618835926056, 0.36191996932029724, 0.3597680926322937, 0.36189818382263184, 0.36597228050231934, 0.35898494720458984, 0.3588217496871948, 0.36454617977142334, 0.35930752754211426, 0.36037373542785645, 0.36457738280296326, 0.3635755181312561, 0.359283447265625, 0.3611642122268677, 0.35921984910964966, 0.3594213128089905, 0.3596552014350891, 0.3591099977493286, 0.3592768609523773, 0.3606940507888794, 0.35883307456970215, 0.36240577697753906, 0.40950649976730347, 0.40735992789268494, 0.4076715409755707, 0.4072343409061432, 0.40787380933761597, 0.4075523018836975, 0.40986669063568115, 0.41446149349212646, 0.40842923521995544, 0.4091746211051941, 0.40840664505958557, 0.40821024775505066, 0.4113579988479614, 0.40848201513290405, 0.40801459550857544, 0.410164475440979, 0.41273966431617737, 0.41057515144348145, 0.4074622392654419, 0.410281777381897, 0.40722790360450745, 0.40734124183654785, 0.4083156883716583, 0.40953829884529114, 0.4076370596885681, 0.40726935863494873, 0.4082985818386078, 0.4080524146556854, 0.40985459089279175, 0.4122868478298187, 0.4072473645210266, 0.40793782472610474, 0.4072262644767761, 0.40945613384246826, 0.4072688817977905, 0.40799590945243835, 0.4072486460208893, 0.4079245328903198, 0.4098700284957886, 0.4072261154651642, 0.40723124146461487, 0.4096480906009674, 0.413810133934021, 0.4082047939300537, 0.41388726234436035, 0.4072543680667877, 0.4083750247955322, 0.4086134433746338, 0.4072279632091522, 0.40725699067115784, 0.40728065371513367, 0.4086654782295227, 0.4114924371242523, 0.4072566628456116, 0.40887534618377686, 0.40833646059036255, 0.4103364050388336, 0.40940287709236145, 0.40728020668029785, 0.4084989130496979, 0.409830242395401, 0.4126400649547577, 0.408600777387619, 0.40876686573028564, 0.4090466797351837, 0.4076460599899292, 0.40722739696502686, 0.40870416164398193, 0.40877071022987366, 0.4074360728263855, 0.4086827039718628, 0.40804973244667053, 0.41039058566093445, 0.40744566917419434, 0.40949898958206177, 0.4093495309352875, 0.41307175159454346, 0.41014328598976135, 0.4072262942790985, 0.40727218985557556, 0.4114983081817627, 0.410312682390213]",0.0,"[33.0, 33.0, 33.0, 33.0, 33.0, 33.0, 33.0, 33.0, 33.0, 33.0, 33.0, 33.0, 33.0, 33.0, 31.0, 29.0, 27.0, 23.0, 21.0, 19.0, 17.0, 17.0, 17.0, 17.0, 17.0, 16.0, 16.0, 14.0, 13.0, 13.0, 13.0, 12.0, 9.0, 8.0, 8.0, 8.0, 8.0, 8.0, 8.0, 8.0, 8.0, 8.0, 8.0, 8.0, 8.0, 8.0, 8.0, 7.0, 7.0, 7.0, 7.0, 7.0, 7.0, 7.0, 7.0, 7.0, 7.0, 7.0, 7.0, 7.0, 7.0, 7.0, 7.0, 7.0, 7.0, 7.0, 7.0, 7.0, 7.0, 7.0, 7.0, 7.0, 7.0, 7.0, 7.0, 7.0, 7.0, 7.0, 7.0, 7.0, 7.0, 7.0, 7.0, 7.0, 7.0, 7.0, 7.0, 7.0, 7.0, 7.0, 7.0, 7.0, 7.0, 7.0, 7.0, 7.0, 7.0, 7.0, 6.0, 6.0, 6.0, 6.0, 6.0, 6.0, 5.0, 5.0, 5.0, 5.0, 5.0, 5.0, 5.0, 5.0, 5.0, 4.0, 4.0, 4.0, 4.0, 4.0, 4.0, 4.0, 3.0, 3.0, 3.0, 3.0, 3.0, 3.0, 3.0, 3.0, 3.0, 3.0, 3.0, 3.0, 3.0, 3.0, 3.0, 3.0, 3.0, 3.0, 3.0, 3.0, 3.0, 3.0, 3.0, 3.0, 3.0, 3.0, 3.0, 3.0, 3.0, 3.0, 3.0, 3.0, 3.0, 3.0, 3.0, 3.0, 3.0, 3.0, 3.0, 3.0, 3.0, 3.0, 3.0, 3.0, 3.0, 2.0, 2.0, 2.0, 2.0, 2.0, 2.0, 2.0, 2.0, 2.0, 2.0, 2.0, 2.0, 2.0, 2.0, 2.0, 2.0, 2.0, 2.0, 2.0, 2.0, 2.0, 2.0, 2.0, 2.0, 2.0, 2.0, 2.0, 2.0, 2.0, 2.0, 2.0, 2.0, 2.0, 2.0, 2.0, 2.0, 2.0, 2.0, 2.0, 2.0, 2.0, 2.0, 2.0, 2.0, 2.0, 2.0, 2.0, 2.0, 2.0, 2.0, 2.0, 2.0, 2.0, 2.0, 2.0, 2.0, 2.0, 2.0, 2.0, 2.0, 2.0, 2.0, 2.0, 2.0, 2.0, 2.0, 2.0, 2.0, 2.0, 2.0, 2.0, 2.0, 2.0, 2.0, 2.0, 2.0, 2.0, 2.0, 2.0, 2.0, 2.0, 2.0, 2.0, 2.0, 2.0, 2.0, 2.0, 2.0, 2.0, 2.0, 2.0, 2.0, 1.0, 1.0, 1.0, 1.0, 1.0, 1.0, 1.0, 1.0, 1.0, 1.0, 1.0, 1.0, 1.0, 1.0, 1.0, 1.0, 1.0, 1.0, 1.0, 1.0, 1.0, 1.0, 1.0, 1.0, 1.0, 1.0, 1.0, 1.0, 1.0, 1.0, 1.0, 1.0, 1.0, 1.0, 1.0, 1.0, 1.0, 1.0, 1.0, 1.0, 1.0, 1.0, 1.0, 1.0, 1.0, 1.0, 1.0, 1.0, 1.0, 1.0, 1.0, 1.0, 1.0, 1.0, 1.0, 1.0, 1.0, 1.0, 1.0, 1.0, 1.0, 1.0, 1.0, 1.0, 1.0, 1.0, 1.0, 1.0, 1.0, 1.0, 1.0, 1.0, 1.0, 1.0, 1.0, 1.0, 1.0, 1.0, 1.0, 1.0, 1.0, 1.0, 1.0, 1.0, 1.0, 1.0, 1.0, 1.0, 1.0, 1.0, 1.0, 1.0, 1.0, 1.0, 1.0, 1.0, 1.0, 1.0, 1.0, 1.0, 1.0, 1.0, 1.0, 1.0, 1.0, 1.0, 1.0, 1.0, 1.0, 1.0, 1.0, 1.0, 1.0, 1.0, 1.0, 1.0, 1.0, 1.0, 1.0, 1.0, 1.0, 1.0, 1.0, 1.0, 1.0, 1.0, 1.0, 1.0, 1.0, 1.0, 1.0, 1.0, 1.0, 1.0, 1.0, 1.0, 0.0, 0.0, 0.0, 0.0, 0.0, 0.0, 0.0, 0.0, 0.0, 0.0, 0.0, 0.0, 0.0, 0.0, 0.0, 0.0, 0.0, 0.0, 0.0, 0.0, 0.0, 0.0, 0.0, 0.0, 0.0, 0.0, 0.0, 0.0, 0.0, 0.0, 0.0, 0.0, 0.0, 0.0, 0.0, 0.0, 0.0, 0.0, 0.0, 0.0, 0.0, 0.0, 0.0, 0.0, 0.0, 0.0, 0.0, 0.0, 0.0, 0.0, 0.0, 0.0, 0.0, 0.0, 0.0, 0.0, 0.0, 0.0, 0.0, 0.0, 0.0, 0.0, 0.0, 0.0, 0.0, 0.0, 0.0, 0.0, 0.0, 0.0, 0.0, 0.0, 0.0, 0.0, 0.0, 0.0, 0.0, 0.0, 0.0, 0.0, 0.0, 0.0]",COMPLETE
