,number,value,datetime_start,datetime_complete,duration,params_batch_size_scaler,params_constant_learning_rate,params_depth,params_epochs,params_kernel_l2,params_num_trees,params_temperature,user_attrs_accuracy_test,user_attrs_accuracy_valid,user_attrs_approximate_feature_sparsity,user_attrs_approximate_feature_sparsity_history,user_attrs_approximate_weight_sparsity,user_attrs_approximate_weight_sparsity_history,user_attrs_auc_test,user_attrs_auc_valid,user_attrs_feature_sparsity,user_attrs_feature_sparsity_history,user_attrs_num_epochs,user_attrs_val_loss_history,user_attrs_weight_sparsity,user_attrs_weight_sparsity_history,state
111,111,0.5650899769422009,2024-08-31 05:24:19.878513,2024-08-31 05:25:07.733159,0 days 00:00:47.854646,16,3.86491411810205,5,65,0.03242927387110387,88,0.002056336553515358,0.859,0.85875,1,"[33, 33, 33, 6, 5, 4, 4, 4, 4, 4, 3, 1, 1, 1, 1, 1, 1, 1, 1, 1, 1, 1, 1, 1, 1, 1, 1, 1, 1, 1, 1, 1, 1, 1, 1, 1, 1, 1, 1, 1, 1, 1, 1, 1, 1, 1, 1, 1, 1, 1, 1, 1, 1, 1, 1, 1, 1, 1, 1, 1, 1, 1, 1, 1, 1]",0.998900293255132,"[32.926319648093845, 32.92192082111437, 32.916422287390034, 5.984970674486804, 4.9864369501466275, 3.994134897360704, 3.990102639296188, 3.990102639296188, 3.993035190615836, 3.991935483870968, 2.994868035190616, 0.999266862170088, 0.998900293255132, 0.999633431085044, 0.9981671554252199, 0.998900293255132, 0.9974340175953079, 0.9981671554252199, 0.998533724340176, 0.998900293255132, 0.999266862170088, 0.9981671554252199, 0.9981671554252199, 0.998900293255132, 0.998900293255132, 0.999266862170088, 0.999266862170088, 0.999266862170088, 0.9981671554252199, 0.999266862170088, 0.998533724340176, 0.9981671554252199, 0.999266862170088, 0.998900293255132, 0.998900293255132, 0.999266862170088, 0.999266862170088, 0.999633431085044, 0.999266862170088, 0.9963343108504399, 0.998533724340176, 0.998533724340176, 0.999633431085044, 0.999633431085044, 0.999633431085044, 0.999633431085044, 0.998900293255132, 0.999633431085044, 0.999633431085044, 0.999633431085044, 0.999633431085044, 0.999633431085044, 0.999633431085044, 0.998900293255132, 0.999633431085044, 0.999633431085044, 1.0, 0.999633431085044, 0.998533724340176, 0.998900293255132, 0.999633431085044, 0.999266862170088, 0.999633431085044, 0.999266862170088, 0.998900293255132]",0.5511851980283853,0.5650899769422009,1,"[33, 33, 33, 6, 5, 4, 4, 4, 4, 4, 3, 1, 1, 1, 1, 1, 1, 1, 1, 1, 1, 1, 1, 1, 1, 1, 1, 1, 1, 1, 1, 1, 1, 1, 1, 1, 1, 1, 1, 1, 1, 1, 1, 1, 1, 1, 1, 1, 1, 1, 1, 1, 1, 1, 1, 1, 1, 1, 1, 1, 1, 1, 1, 1, 1]",65,"[0.4454289376735687, 0.5113470554351807, 0.3632681667804718, 0.5819228887557983, 0.39828982949256897, 0.3827589750289917, 0.358456015586853, 0.360601544380188, 0.3695943355560303, 0.3497998118400574, 0.37346526980400085, 0.5768898129463196, 0.3934634327888489, 0.47214874625205994, 0.39169156551361084, 0.5094311237335205, 0.39661338925361633, 0.3953462541103363, 0.4584524631500244, 0.8728705644607544, 0.41676566004753113, 0.39490047097206116, 0.520791232585907, 0.4617187976837158, 0.39174309372901917, 0.4023374915122986, 0.6373111009597778, 0.39810001850128174, 0.4378437399864197, 0.5205428600311279, 0.42953750491142273, 0.4620625376701355, 0.45711004734039307, 0.7462730407714844, 0.4119536578655243, 0.3973557651042938, 0.39165976643562317, 0.5982528924942017, 0.902669370174408, 0.39155519008636475, 0.4779777526855469, 0.4523576498031616, 0.5827199816703796, 0.44441089034080505, 0.3932397961616516, 0.4047645926475525, 0.46364647150039673, 0.3921835720539093, 0.43036240339279175, 0.4518410563468933, 0.45509228110313416, 0.40594732761383057, 0.47432461380958557, 0.48421230912208557, 0.4049384593963623, 0.40162068605422974, 0.39251095056533813, 0.4814112186431885, 0.41115128993988037, 0.8796943426132202, 0.39749109745025635, 0.4333028495311737, 0.46675440669059753, 0.43499842286109924, 0.7381690740585327]",1.0,"[33.0, 33.0, 33.0, 6.0, 5.0, 4.0, 4.0, 4.0, 4.0, 4.0, 3.0, 1.0, 1.0, 1.0, 1.0, 1.0, 1.0, 1.0, 1.0, 1.0, 1.0, 1.0, 1.0, 1.0, 1.0, 1.0, 1.0, 1.0, 1.0, 1.0, 1.0, 1.0, 1.0, 1.0, 1.0, 1.0, 1.0, 1.0, 1.0, 1.0, 1.0, 1.0, 1.0, 1.0, 1.0, 1.0, 1.0, 1.0, 1.0, 1.0, 1.0, 1.0, 1.0, 1.0, 1.0, 1.0, 1.0, 1.0, 1.0, 1.0, 1.0, 1.0, 1.0, 1.0, 1.0]",COMPLETE
112,112,0.5,2024-08-31 05:25:10.083803,2024-08-31 05:26:24.142768,0 days 00:01:14.058965,16,6.010917544354138,4,225,0.0037407807803653244,91,0.01426530087440284,0.859,0.85875,0,"[0, 0, 0, 0, 0, 0, 0, 0, 0, 0, 0, 0, 0, 0, 0, 0, 0, 0, 0, 0, 0, 0, 0, 0, 0, 0, 0, 0, 0, 0, 0, 0, 0, 0, 0, 0, 0, 0, 0, 0, 0, 0, 0, 0, 0, 0, 0, 0, 0, 0, 0, 0, 0, 0, 0, 0, 0, 0, 0, 0, 0, 0, 0, 0, 0, 0, 0, 0, 0, 0, 0, 0, 0, 0, 0, 0, 0, 0, 0, 0, 0, 0, 0, 0, 0, 0, 0, 0, 0, 0, 0, 0, 0, 0, 0, 0, 0, 0, 0, 0, 0, 0, 0, 0, 0, 0, 0, 0, 0, 0, 0, 0, 0, 0, 0, 0, 0, 0, 0, 0, 0, 0, 0, 0, 0, 0, 0, 0, 0, 0, 0, 0, 0, 0, 0, 0, 0, 0, 0, 0, 0, 0, 0, 0, 0, 0, 0, 0, 0, 0, 0, 0, 0, 0, 0, 0, 0, 0, 0, 0, 0, 0, 0, 0, 0, 0, 0, 0, 0, 0, 0, 0, 0, 0, 0, 0, 0, 0, 0, 0, 0, 0, 0, 0, 0, 0, 0, 0, 0, 0, 0, 0, 0, 0, 0, 0, 0, 0, 0, 0, 0, 0, 0, 0, 0, 0, 0, 0, 0, 0, 0, 0, 0, 0, 0, 0, 0, 0, 0, 0, 0, 0, 0, 0, 0]",0.0,"[0.0, 0.0, 0.0, 0.0, 0.0, 0.0, 0.0, 0.0, 0.0, 0.0, 0.0, 0.0, 0.0, 0.0, 0.0, 0.0, 0.0, 0.0, 0.0, 0.0, 0.0, 0.0, 0.0, 0.0, 0.0, 0.0, 0.0, 0.0, 0.0, 0.0, 0.0, 0.0, 0.0, 0.0, 0.0, 0.0, 0.0, 0.0, 0.0, 0.0, 0.0, 0.0, 0.0, 0.0, 0.0, 0.0, 0.0, 0.0, 0.0, 0.0, 0.0, 0.0, 0.0, 0.0, 0.0, 0.0, 0.0, 0.0, 0.0, 0.0, 0.0, 0.0, 0.0, 0.0, 0.0, 0.0, 0.0, 0.0, 0.0, 0.0, 0.0, 0.0, 0.0, 0.0, 0.0, 0.0, 0.0, 0.0, 0.0, 0.0, 0.0, 0.0, 0.0, 0.0, 0.0, 0.0, 0.0, 0.0, 0.0, 0.0, 0.0, 0.0, 0.0, 0.0, 0.0, 0.0, 0.0, 0.0, 0.0, 0.0, 0.0, 0.0, 0.0, 0.0, 0.0, 0.0, 0.0, 0.0, 0.0, 0.0, 0.0, 0.0, 0.0, 0.0, 0.0, 0.0, 0.0, 0.0, 0.0, 0.0, 0.0, 0.0, 0.0, 0.0, 0.0, 0.0, 0.0, 0.0, 0.0, 0.0, 0.0, 0.0, 0.0, 0.0, 0.0, 0.0, 0.0, 0.0, 0.0, 0.0, 0.0, 0.0, 0.0, 0.0, 0.0, 0.0, 0.0, 0.0, 0.0, 0.0, 0.0, 0.0, 0.0, 0.0, 0.0, 0.0, 0.0, 0.0, 0.0, 0.0, 0.0, 0.0, 0.0, 0.0, 0.0, 0.0, 0.0, 0.0, 0.0, 0.0, 0.0, 0.0, 0.0, 0.0, 0.0, 0.0, 0.0, 0.0, 0.0, 0.0, 0.0, 0.0, 0.0, 0.0, 0.0, 0.0, 0.0, 0.0, 0.0, 0.0, 0.0, 0.0, 0.0, 0.0, 0.0, 0.0, 0.0, 0.0, 0.0, 0.0, 0.0, 0.0, 0.0, 0.0, 0.0, 0.0, 0.0, 0.0, 0.0, 0.0, 0.0, 0.0, 0.0, 0.0, 0.0, 0.0, 0.0, 0.0, 0.0, 0.0, 0.0, 0.0, 0.0, 0.0, 0.0]",0.5,0.5,0,"[0, 0, 0, 0, 0, 0, 0, 0, 0, 0, 0, 0, 0, 0, 0, 0, 0, 0, 0, 0, 0, 0, 0, 0, 0, 0, 0, 0, 0, 0, 0, 0, 0, 0, 0, 0, 0, 0, 0, 0, 0, 0, 0, 0, 0, 0, 0, 0, 0, 0, 0, 0, 0, 0, 0, 0, 0, 0, 0, 0, 0, 0, 0, 0, 0, 0, 0, 0, 0, 0, 0, 0, 0, 0, 0, 0, 0, 0, 0, 0, 0, 0, 0, 0, 0, 0, 0, 0, 0, 0, 0, 0, 0, 0, 0, 0, 0, 0, 0, 0, 0, 0, 0, 0, 0, 0, 0, 0, 0, 0, 0, 0, 0, 0, 0, 0, 0, 0, 0, 0, 0, 0, 0, 0, 0, 0, 0, 0, 0, 0, 0, 0, 0, 0, 0, 0, 0, 0, 0, 0, 0, 0, 0, 0, 0, 0, 0, 0, 0, 0, 0, 0, 0, 0, 0, 0, 0, 0, 0, 0, 0, 0, 0, 0, 0, 0, 0, 0, 0, 0, 0, 0, 0, 0, 0, 0, 0, 0, 0, 0, 0, 0, 0, 0, 0, 0, 0, 0, 0, 0, 0, 0, 0, 0, 0, 0, 0, 0, 0, 0, 0, 0, 0, 0, 0, 0, 0, 0, 0, 0, 0, 0, 0, 0, 0, 0, 0, 0, 0, 0, 0, 0, 0, 0, 0]",225,"[2.3762941360473633, 3.7943427562713623, 2.6773314476013184, 0.6614048480987549, 4.194131851196289, 6.217211723327637, 7.443638324737549, 2.223404884338379, 2.5899789333343506, 0.4114169180393219, 1.7227544784545898, 4.959937572479248, 1.9749945402145386, 2.8585205078125, 0.4265579581260681, 4.788439750671387, 1.1839540004730225, 7.338027477264404, 4.67624568939209, 7.7080464363098145, 5.455502510070801, 0.6494987607002258, 6.524716377258301, 3.1232147216796875, 2.4022302627563477, 3.2014145851135254, 4.725528717041016, 7.708558559417725, 4.3156633377075195, 0.9461089372634888, 0.4641832709312439, 0.6551448702812195, 2.295330047607422, 2.646463394165039, 2.261854410171509, 1.0331921577453613, 1.0665392875671387, 1.997877836227417, 2.0655946731567383, 3.168963670730591, 4.323049068450928, 7.483635902404785, 6.260236740112305, 5.337906360626221, 1.0728614330291748, 5.752714157104492, 1.9396480321884155, 3.5796096324920654, 5.031452178955078, 0.42381054162979126, 2.058208465576172, 6.801746368408203, 3.2339160442352295, 0.5294012427330017, 5.40908670425415, 1.0117839574813843, 2.288770914077759, 4.067999362945557, 3.116727828979492, 7.407863140106201, 1.9464176893234253, 4.251017093658447, 7.789614677429199, 5.511025428771973, 6.159364700317383, 7.8450422286987305, 3.8833563327789307, 2.7321834564208984, 4.805424690246582, 0.4214705228805542, 0.7444100379943848, 1.172489047050476, 1.9646896123886108, 0.5508862137794495, 7.430213451385498, 0.7329644560813904, 0.6444380879402161, 2.2327208518981934, 5.341909408569336, 2.8842198848724365, 1.1464735269546509, 0.6324651837348938, 2.33181095123291, 5.2629804611206055, 0.4088537096977234, 2.4551022052764893, 1.0959324836730957, 6.842574596405029, 0.43882304430007935, 2.092888116836548, 0.5294973254203796, 1.7644150257110596, 3.049564838409424, 4.784219741821289, 1.2043187618255615, 2.1689188480377197, 0.43931153416633606, 1.939437985420227, 2.4360666275024414, 1.3917052745819092, 6.846793174743652, 1.7514821290969849, 1.276308298110962, 3.2097578048706055, 4.896107196807861, 5.108581066131592, 3.072176456451416, 4.626918315887451, 0.4091324210166931, 4.285200119018555, 7.134951591491699, 1.3153910636901855, 2.3906824588775635, 1.8938474655151367, 2.714874029159546, 3.530998945236206, 5.024219512939453, 5.383309364318848, 4.401012897491455, 0.5153186917304993, 2.1500556468963623, 2.8205721378326416, 3.5665698051452637, 0.6525652408599854, 6.0923333168029785, 7.714073657989502, 2.1679718494415283, 3.4099011421203613, 4.460659980773926, 5.883230686187744, 3.7247543334960938, 4.332176208496094, 2.3440489768981934, 6.582329750061035, 2.193915367126465, 3.507373094558716, 4.811542510986328, 2.674619197845459, 2.3140969276428223, 2.187082290649414, 0.7329216599464417, 5.006914138793945, 5.168845176696777, 3.376190185546875, 1.1898422241210938, 2.2341620922088623, 0.47888174653053284, 3.62477970123291, 4.199547290802002, 4.776037693023682, 0.6252449154853821, 2.0531468391418457, 2.9034478664398193, 4.059903144836426, 3.869450569152832, 0.9199842810630798, 0.40909603238105774, 4.6145124435424805, 4.809734344482422, 3.034282922744751, 3.3458521366119385, 3.0397636890411377, 6.3143134117126465, 6.222647666931152, 0.4482158422470093, 4.101773738861084, 0.42111384868621826, 5.267725944519043, 5.310603141784668, 5.805877685546875, 2.6658377647399902, 7.2287397384643555, 3.7940423488616943, 0.5336505770683289, 2.4970388412475586, 1.1291559934616089, 1.5441378355026245, 0.5743952393531799, 1.0992636680603027, 1.3551439046859741, 3.413923978805542, 4.87231969833374, 6.017013072967529, 6.6918439865112305, 3.2095224857330322, 3.1118814945220947, 4.7938313484191895, 5.879400730133057, 6.363458156585693, 6.304202079772949, 1.1838372945785522, 1.981207013130188, 1.959243655204773, 3.5266356468200684, 7.5910115242004395, 0.7638004422187805, 5.561969757080078, 7.044636249542236, 3.262691020965576, 4.882730007171631, 5.382235527038574, 3.5012054443359375, 4.883305549621582, 5.961510181427002, 7.426069736480713, 4.110491752624512, 0.6031661033630371, 1.9222731590270996, 4.1568803787231445, 2.08463191986084, 3.0650548934936523, 3.0632500648498535, 0.40727850794792175, 0.6192810535430908, 2.042396306991577, 0.9612679481506348, 3.3350515365600586, 0.4296051859855652, 2.31709885597229, 1.7782635688781738, 2.347954034805298, 4.201295375823975, 4.742606163024902, 2.693953037261963, 0.5334682464599609]",0.0,"[0.0, 0.0, 0.0, 0.0, 0.0, 0.0, 0.0, 0.0, 0.0, 0.0, 0.0, 0.0, 0.0, 0.0, 0.0, 0.0, 0.0, 0.0, 0.0, 0.0, 0.0, 0.0, 0.0, 0.0, 0.0, 0.0, 0.0, 0.0, 0.0, 0.0, 0.0, 0.0, 0.0, 0.0, 0.0, 0.0, 0.0, 0.0, 0.0, 0.0, 0.0, 0.0, 0.0, 0.0, 0.0, 0.0, 0.0, 0.0, 0.0, 0.0, 0.0, 0.0, 0.0, 0.0, 0.0, 0.0, 0.0, 0.0, 0.0, 0.0, 0.0, 0.0, 0.0, 0.0, 0.0, 0.0, 0.0, 0.0, 0.0, 0.0, 0.0, 0.0, 0.0, 0.0, 0.0, 0.0, 0.0, 0.0, 0.0, 0.0, 0.0, 0.0, 0.0, 0.0, 0.0, 0.0, 0.0, 0.0, 0.0, 0.0, 0.0, 0.0, 0.0, 0.0, 0.0, 0.0, 0.0, 0.0, 0.0, 0.0, 0.0, 0.0, 0.0, 0.0, 0.0, 0.0, 0.0, 0.0, 0.0, 0.0, 0.0, 0.0, 0.0, 0.0, 0.0, 0.0, 0.0, 0.0, 0.0, 0.0, 0.0, 0.0, 0.0, 0.0, 0.0, 0.0, 0.0, 0.0, 0.0, 0.0, 0.0, 0.0, 0.0, 0.0, 0.0, 0.0, 0.0, 0.0, 0.0, 0.0, 0.0, 0.0, 0.0, 0.0, 0.0, 0.0, 0.0, 0.0, 0.0, 0.0, 0.0, 0.0, 0.0, 0.0, 0.0, 0.0, 0.0, 0.0, 0.0, 0.0, 0.0, 0.0, 0.0, 0.0, 0.0, 0.0, 0.0, 0.0, 0.0, 0.0, 0.0, 0.0, 0.0, 0.0, 0.0, 0.0, 0.0, 0.0, 0.0, 0.0, 0.0, 0.0, 0.0, 0.0, 0.0, 0.0, 0.0, 0.0, 0.0, 0.0, 0.0, 0.0, 0.0, 0.0, 0.0, 0.0, 0.0, 0.0, 0.0, 0.0, 0.0, 0.0, 0.0, 0.0, 0.0, 0.0, 0.0, 0.0, 0.0, 0.0, 0.0, 0.0, 0.0, 0.0, 0.0, 0.0, 0.0, 0.0, 0.0, 0.0, 0.0, 0.0, 0.0, 0.0, 0.0]",COMPLETE
113,113,0.5,2024-08-31 05:26:27.171310,2024-08-31 05:27:31.170834,0 days 00:01:03.999524,64,1.829896033441591,4,195,0.8795492655145289,87,0.054810384648951764,0.859,0.85875,0,"[0, 0, 0, 0, 0, 0, 0, 0, 0, 0, 0, 0, 0, 0, 0, 0, 0, 0, 0, 0, 0, 0, 0, 0, 0, 0, 0, 0, 0, 0, 0, 0, 0, 0, 0, 0, 0, 0, 0, 0, 0, 0, 0, 0, 0, 0, 0, 0, 0, 0, 0, 0, 0, 0, 0, 0, 0, 0, 0, 0, 0, 0, 0, 0, 0, 0, 0, 0, 0, 0, 0, 0, 0, 0, 0, 0, 0, 0, 0, 0, 0, 0, 0, 0, 0, 0, 0, 0, 0, 0, 0, 0, 0, 0, 0, 0, 0, 0, 0, 0, 0, 0, 0, 0, 0, 0, 0, 0, 0, 0, 0, 0, 0, 0, 0, 0, 0, 0, 0, 0, 0, 0, 0, 0, 0, 0, 0, 0, 0, 0, 0, 0, 0, 0, 0, 0, 0, 0, 0, 0, 0, 0, 0, 0, 0, 0, 0, 0, 0, 0, 0, 0, 0, 0, 0, 0, 0, 0, 0, 0, 0, 0, 0, 0, 0, 0, 0, 0, 0, 0, 0, 0, 0, 0, 0, 0, 0, 0, 0, 0, 0, 0, 0, 0, 0, 0, 0, 0, 0, 0, 0, 0, 0, 0, 0]",0.0,"[0.0, 0.0, 0.0, 0.0, 0.0, 0.0, 0.0, 0.0, 0.0, 0.0, 0.0, 0.0, 0.0, 0.0, 0.0, 0.0, 0.0, 0.0, 0.0, 0.0, 0.0, 0.0, 0.0, 0.0, 0.0, 0.0, 0.0, 0.0, 0.0, 0.0, 0.0, 0.0, 0.0, 0.0, 0.0, 0.0, 0.0, 0.0, 0.0, 0.0, 0.0, 0.0, 0.0, 0.0, 0.0, 0.0, 0.0, 0.0, 0.0, 0.0, 0.0, 0.0, 0.0, 0.0, 0.0, 0.0, 0.0, 0.0, 0.0, 0.0, 0.0, 0.0, 0.0, 0.0, 0.0, 0.0, 0.0, 0.0, 0.0, 0.0, 0.0, 0.0, 0.0, 0.0, 0.0, 0.0, 0.0, 0.0, 0.0, 0.0, 0.0, 0.0, 0.0, 0.0, 0.0, 0.0, 0.0, 0.0, 0.0, 0.0, 0.0, 0.0, 0.0, 0.0, 0.0, 0.0, 0.0, 0.0, 0.0, 0.0, 0.0, 0.0, 0.0, 0.0, 0.0, 0.0, 0.0, 0.0, 0.0, 0.0, 0.0, 0.0, 0.0, 0.0, 0.0, 0.0, 0.0, 0.0, 0.0, 0.0, 0.0, 0.0, 0.0, 0.0, 0.0, 0.0, 0.0, 0.0, 0.0, 0.0, 0.0, 0.0, 0.0, 0.0, 0.0, 0.0, 0.0, 0.0, 0.0, 0.0, 0.0, 0.0, 0.0, 0.0, 0.0, 0.0, 0.0, 0.0, 0.0, 0.0, 0.0, 0.0, 0.0, 0.0, 0.0, 0.0, 0.0, 0.0, 0.0, 0.0, 0.0, 0.0, 0.0, 0.0, 0.0, 0.0, 0.0, 0.0, 0.0, 0.0, 0.0, 0.0, 0.0, 0.0, 0.0, 0.0, 0.0, 0.0, 0.0, 0.0, 0.0, 0.0, 0.0, 0.0, 0.0, 0.0, 0.0, 0.0, 0.0, 0.0, 0.0, 0.0, 0.0, 0.0, 0.0]",0.5,0.5,0,"[0, 0, 0, 0, 0, 0, 0, 0, 0, 0, 0, 0, 0, 0, 0, 0, 0, 0, 0, 0, 0, 0, 0, 0, 0, 0, 0, 0, 0, 0, 0, 0, 0, 0, 0, 0, 0, 0, 0, 0, 0, 0, 0, 0, 0, 0, 0, 0, 0, 0, 0, 0, 0, 0, 0, 0, 0, 0, 0, 0, 0, 0, 0, 0, 0, 0, 0, 0, 0, 0, 0, 0, 0, 0, 0, 0, 0, 0, 0, 0, 0, 0, 0, 0, 0, 0, 0, 0, 0, 0, 0, 0, 0, 0, 0, 0, 0, 0, 0, 0, 0, 0, 0, 0, 0, 0, 0, 0, 0, 0, 0, 0, 0, 0, 0, 0, 0, 0, 0, 0, 0, 0, 0, 0, 0, 0, 0, 0, 0, 0, 0, 0, 0, 0, 0, 0, 0, 0, 0, 0, 0, 0, 0, 0, 0, 0, 0, 0, 0, 0, 0, 0, 0, 0, 0, 0, 0, 0, 0, 0, 0, 0, 0, 0, 0, 0, 0, 0, 0, 0, 0, 0, 0, 0, 0, 0, 0, 0, 0, 0, 0, 0, 0, 0, 0, 0, 0, 0, 0, 0, 0, 0, 0, 0, 0]",195,"[0.412752240896225, 0.40787044167518616, 0.42931702733039856, 0.4078519344329834, 0.5496305823326111, 0.46159571409225464, 0.472611665725708, 0.4322749674320221, 0.41972360014915466, 0.5163110494613647, 0.41347479820251465, 0.5180337429046631, 0.6523227691650391, 0.46002447605133057, 0.7215050458908081, 0.4554770588874817, 0.42431288957595825, 0.4232584238052368, 0.42597731947898865, 0.537850558757782, 0.4899868071079254, 0.5602110028266907, 0.5047222971916199, 0.4652760326862335, 0.46614739298820496, 0.6410467624664307, 0.4124354422092438, 0.4492899775505066, 0.48608362674713135, 0.4089423418045044, 0.4885639250278473, 0.40823185443878174, 0.47647950053215027, 0.5278472304344177, 0.4098454713821411, 0.4928797483444214, 0.4934135377407074, 0.4086323082447052, 0.46305763721466064, 0.40729308128356934, 0.41457298398017883, 0.4113243520259857, 0.9304969906806946, 0.46543702483177185, 0.41231316328048706, 0.4099631607532501, 0.5449240803718567, 0.4669031798839569, 0.464751660823822, 0.4252886474132538, 0.489877313375473, 0.4107305407524109, 0.46240928769111633, 0.41525718569755554, 0.42723631858825684, 0.42627444863319397, 0.4072721600532532, 0.5915579795837402, 0.5526177883148193, 0.4572782814502716, 0.470540314912796, 0.41443121433258057, 0.424675852060318, 0.4126971364021301, 0.40995392203330994, 0.6224274635314941, 0.41111433506011963, 0.42295441031455994, 0.41907161474227905, 0.4180583953857422, 0.4109048843383789, 0.474607914686203, 0.4097902774810791, 0.4589936435222626, 0.407866507768631, 0.41448915004730225, 0.4194573163986206, 0.4389013648033142, 0.4612071216106415, 0.4125599265098572, 0.5498038530349731, 0.40872901678085327, 0.4226721227169037, 0.42034393548965454, 0.4193653166294098, 0.47539782524108887, 0.5783184766769409, 0.42687302827835083, 0.4796859622001648, 0.6958958506584167, 0.43909987807273865, 0.5902621746063232, 0.5337817072868347, 0.524320662021637, 0.42646297812461853, 0.5469656586647034, 0.4118727445602417, 0.5316696166992188, 0.4449164569377899, 0.4738997220993042, 0.409981906414032, 0.4327862560749054, 0.5831242203712463, 0.6020406484603882, 0.49368441104888916, 0.5945513248443604, 0.48055514693260193, 0.4704611897468567, 0.41997337341308594, 0.41274121403694153, 0.4566762447357178, 0.4157871901988983, 0.42514029145240784, 0.6726510524749756, 0.41791683435440063, 0.6381709575653076, 0.43726807832717896, 0.4096689522266388, 0.47799667716026306, 0.4120359718799591, 0.4129427671432495, 0.5650430917739868, 0.4779402017593384, 0.4691407382488251, 0.4090031385421753, 0.4395633041858673, 0.4205614924430847, 0.40961846709251404, 0.5696346759796143, 0.5502070784568787, 0.44129127264022827, 0.42445141077041626, 0.47683897614479065, 0.40751031041145325, 0.4924459755420685, 0.5518869757652283, 0.4997940957546234, 0.4416089653968811, 0.46609410643577576, 0.4649452865123749, 0.42292556166648865, 0.4446410834789276, 0.4934525191783905, 0.5129574537277222, 0.4958212375640869, 0.5467149615287781, 0.4073752164840698, 0.42534369230270386, 0.45344433188438416, 0.5214561223983765, 0.46655428409576416, 0.4475615322589874, 0.4134891629219055, 0.4867936968803406, 0.442463755607605, 0.4072829782962799, 0.410299152135849, 0.4174576699733734, 0.6294618844985962, 0.4353727102279663, 0.5852111577987671, 0.49247682094573975, 0.42241600155830383, 0.42251646518707275, 0.4765537977218628, 0.4410845935344696, 0.40852823853492737, 0.4202456772327423, 0.4126129150390625, 0.4170483648777008, 0.5959464907646179, 0.4192517101764679, 0.5139435529708862, 0.4362892806529999, 0.45189759135246277, 0.5217743515968323, 0.43030455708503723, 0.4282199740409851, 0.5878975987434387, 0.4178707003593445, 0.5262101292610168, 0.4147453308105469, 0.4171821177005768, 0.6367682814598083, 0.5568885803222656, 0.4140986204147339, 0.5686435103416443, 0.4171716272830963, 0.43592217564582825, 0.43042322993278503, 0.6043224930763245, 0.4291105270385742, 0.4325227737426758, 0.47971054911613464, 0.4507921636104584]",0.0,"[0.0, 0.0, 0.0, 0.0, 0.0, 0.0, 0.0, 0.0, 0.0, 0.0, 0.0, 0.0, 0.0, 0.0, 0.0, 0.0, 0.0, 0.0, 0.0, 0.0, 0.0, 0.0, 0.0, 0.0, 0.0, 0.0, 0.0, 0.0, 0.0, 0.0, 0.0, 0.0, 0.0, 0.0, 0.0, 0.0, 0.0, 0.0, 0.0, 0.0, 0.0, 0.0, 0.0, 0.0, 0.0, 0.0, 0.0, 0.0, 0.0, 0.0, 0.0, 0.0, 0.0, 0.0, 0.0, 0.0, 0.0, 0.0, 0.0, 0.0, 0.0, 0.0, 0.0, 0.0, 0.0, 0.0, 0.0, 0.0, 0.0, 0.0, 0.0, 0.0, 0.0, 0.0, 0.0, 0.0, 0.0, 0.0, 0.0, 0.0, 0.0, 0.0, 0.0, 0.0, 0.0, 0.0, 0.0, 0.0, 0.0, 0.0, 0.0, 0.0, 0.0, 0.0, 0.0, 0.0, 0.0, 0.0, 0.0, 0.0, 0.0, 0.0, 0.0, 0.0, 0.0, 0.0, 0.0, 0.0, 0.0, 0.0, 0.0, 0.0, 0.0, 0.0, 0.0, 0.0, 0.0, 0.0, 0.0, 0.0, 0.0, 0.0, 0.0, 0.0, 0.0, 0.0, 0.0, 0.0, 0.0, 0.0, 0.0, 0.0, 0.0, 0.0, 0.0, 0.0, 0.0, 0.0, 0.0, 0.0, 0.0, 0.0, 0.0, 0.0, 0.0, 0.0, 0.0, 0.0, 0.0, 0.0, 0.0, 0.0, 0.0, 0.0, 0.0, 0.0, 0.0, 0.0, 0.0, 0.0, 0.0, 0.0, 0.0, 0.0, 0.0, 0.0, 0.0, 0.0, 0.0, 0.0, 0.0, 0.0, 0.0, 0.0, 0.0, 0.0, 0.0, 0.0, 0.0, 0.0, 0.0, 0.0, 0.0, 0.0, 0.0, 0.0, 0.0, 0.0, 0.0, 0.0, 0.0, 0.0, 0.0, 0.0, 0.0]",COMPLETE
