,number,value,datetime_start,datetime_complete,duration,params_batch_size_scaler,params_constant_learning_rate,params_depth,params_epochs,params_kernel_l2,params_num_trees,params_temperature,user_attrs_accuracy_test,user_attrs_accuracy_valid,user_attrs_approximate_feature_sparsity,user_attrs_approximate_feature_sparsity_history,user_attrs_approximate_weight_sparsity,user_attrs_approximate_weight_sparsity_history,user_attrs_auc_test,user_attrs_auc_valid,user_attrs_feature_sparsity,user_attrs_feature_sparsity_history,user_attrs_num_epochs,user_attrs_val_loss_history,user_attrs_weight_sparsity,user_attrs_weight_sparsity_history,state
120,120,0.9244889283920084,2024-08-31 05:59:38.553704,2024-08-31 06:01:04.090173,0 days 00:01:25.536469,64,0.26600083411758524,2,440,0.05829935967244828,45,0.00013476278049010098,0.934,0.9375,33,"[33, 33, 33, 33, 33, 33, 33, 33, 33, 33, 33, 33, 33, 33, 33, 33, 33, 33, 33, 33, 33, 33, 33, 33, 33, 33, 33, 33, 33, 33, 33, 33, 33, 33, 33, 33, 33, 33, 33, 33, 33, 33, 33, 33, 33, 33, 33, 33, 33, 33, 33, 33, 33, 33, 33, 33, 33, 33, 33, 33, 33, 33, 33, 33, 33, 33, 33, 33, 33, 33, 33, 33, 33, 33, 33, 33, 33, 33, 33, 33, 33, 33, 33, 33, 33, 33, 33, 33, 33, 33, 33, 33, 33, 33, 33, 33, 33, 33, 33, 33, 33, 33, 33, 33, 33, 33, 33, 33, 33, 33, 33, 33, 33, 33, 33, 33, 33, 33, 33, 33, 33, 33, 33, 33, 33, 33, 33, 33, 33, 33, 33, 33, 33, 33, 33, 33, 33, 33, 33, 33, 33, 33, 33, 33, 33, 33, 33, 33, 33, 33, 33, 33, 33, 33, 33, 33, 33, 33, 33, 33, 33, 33, 33, 33, 33, 33, 33, 33, 33, 33, 33, 33, 33, 33, 33, 33, 33, 33, 33, 33, 33, 33, 33, 33, 33, 33, 33, 33, 33, 33, 33, 33, 33, 33, 33, 33, 33, 33, 33, 33, 33, 33, 33, 33, 33, 33, 33, 33, 33, 33, 33, 33, 33, 33, 33, 33, 33, 33, 33, 33, 33, 33, 33, 33, 33, 33, 33, 33, 33, 33, 33, 33, 33, 33, 33, 33, 33, 33, 33, 33, 33, 33, 33, 33, 33, 33, 33, 33, 33, 33, 33, 33, 33, 33, 33, 33, 33, 33, 33, 33, 33, 33, 33, 33, 33, 33, 33, 33, 33, 33, 33, 33, 33, 33, 33, 33, 33, 33, 33, 33, 33, 33, 33, 33, 33, 33, 33, 33, 33, 33, 33, 33, 33, 33, 33, 33, 33, 33, 33, 33, 33, 33, 33, 33, 33, 33, 33, 33, 33, 33, 33, 33, 33, 33, 33, 33, 33, 33, 33, 33, 33, 33, 33, 33, 33, 33, 33, 33, 33, 33, 33, 33, 33, 33, 33, 33, 33, 33, 33, 33, 33, 33, 33, 33, 33, 33, 33, 33, 33, 33, 33, 33, 33, 33, 33, 33, 33, 33, 33, 33, 33, 33, 33, 33, 33, 33, 33, 33, 33, 33, 33, 33, 33, 33, 33, 33, 33, 33, 33, 33, 33, 33, 33, 33, 33, 33, 33, 33, 33, 33, 33, 33, 33, 33, 33, 33, 33, 33, 33, 33, 33, 33, 33, 33, 33, 33, 33, 33, 33, 33, 33, 33, 33, 33, 33, 33, 33, 33, 33, 33, 33, 33, 33, 33, 33, 33, 33, 33, 33, 33, 33, 33, 33, 33, 33, 33, 33, 33, 33, 33]",32.98518518518519,"[32.992592592592594, 33.0, 32.977777777777774, 33.0, 32.94814814814815, 32.96296296296296, 32.97037037037037, 32.98518518518519, 32.98518518518519, 32.992592592592594, 32.977777777777774, 32.97037037037037, 32.97037037037037, 32.97037037037037, 32.96296296296296, 32.96296296296296, 32.98518518518519, 32.94814814814815, 32.955555555555556, 32.977777777777774, 32.98518518518519, 32.98518518518519, 32.977777777777774, 32.977777777777774, 32.96296296296296, 32.97037037037037, 32.992592592592594, 32.98518518518519, 32.98518518518519, 33.0, 32.977777777777774, 32.992592592592594, 32.98518518518519, 32.992592592592594, 32.977777777777774, 32.97037037037037, 32.992592592592594, 32.98518518518519, 32.977777777777774, 32.97037037037037, 32.992592592592594, 32.977777777777774, 32.977777777777774, 32.992592592592594, 32.977777777777774, 32.98518518518519, 32.98518518518519, 32.96296296296296, 32.940740740740736, 32.97037037037037, 32.93333333333333, 32.94814814814815, 32.977777777777774, 32.97037037037037, 32.955555555555556, 32.992592592592594, 32.977777777777774, 32.98518518518519, 32.992592592592594, 32.98518518518519, 32.98518518518519, 32.97037037037037, 32.96296296296296, 32.98518518518519, 32.97037037037037, 32.977777777777774, 32.96296296296296, 32.955555555555556, 32.977777777777774, 32.96296296296296, 32.96296296296296, 32.94814814814815, 32.94814814814815, 32.98518518518519, 32.97037037037037, 32.94814814814815, 32.977777777777774, 32.97037037037037, 32.977777777777774, 32.955555555555556, 32.977777777777774, 32.977777777777774, 32.992592592592594, 32.98518518518519, 32.96296296296296, 32.97037037037037, 32.97037037037037, 32.96296296296296, 32.977777777777774, 32.97037037037037, 32.98518518518519, 32.98518518518519, 32.97037037037037, 32.96296296296296, 32.98518518518519, 32.977777777777774, 32.94814814814815, 32.97037037037037, 32.93333333333333, 32.955555555555556, 32.97037037037037, 32.977777777777774, 32.98518518518519, 32.98518518518519, 32.955555555555556, 32.98518518518519, 32.977777777777774, 32.977777777777774, 32.98518518518519, 32.977777777777774, 32.977777777777774, 32.97037037037037, 32.977777777777774, 32.96296296296296, 32.97037037037037, 32.94814814814815, 32.96296296296296, 32.97037037037037, 32.96296296296296, 32.97037037037037, 32.96296296296296, 32.94074074074074, 32.98518518518519, 32.96296296296296, 32.97037037037037, 32.977777777777774, 32.955555555555556, 32.98518518518519, 32.977777777777774, 32.992592592592594, 32.977777777777774, 32.977777777777774, 32.96296296296296, 32.977777777777774, 32.97037037037037, 32.955555555555556, 32.955555555555556, 32.97037037037037, 32.96296296296296, 32.98518518518519, 32.97037037037037, 32.955555555555556, 32.955555555555556, 32.94814814814815, 32.96296296296296, 32.955555555555556, 32.96296296296296, 32.97037037037037, 32.94814814814815, 32.94814814814815, 32.977777777777774, 32.97037037037037, 32.97037037037037, 32.96296296296296, 32.955555555555556, 32.97037037037037, 32.96296296296296, 32.955555555555556, 32.97037037037037, 32.96296296296296, 32.97037037037037, 32.977777777777774, 32.98518518518519, 32.977777777777774, 32.977777777777774, 32.977777777777774, 32.97037037037037, 32.977777777777774, 32.992592592592594, 32.977777777777774, 32.977777777777774, 32.96296296296296, 32.96296296296296, 32.94814814814815, 32.977777777777774, 32.96296296296296, 32.977777777777774, 32.977777777777774, 32.977777777777774, 32.94814814814815, 32.96296296296296, 32.98518518518519, 32.955555555555556, 32.97037037037037, 32.96296296296296, 32.977777777777774, 32.96296296296296, 32.97037037037037, 32.96296296296296, 32.96296296296296, 32.977777777777774, 32.97037037037037, 32.94814814814815, 32.96296296296296, 32.98518518518519, 32.97037037037037, 32.992592592592594, 32.940740740740736, 32.977777777777774, 32.977777777777774, 32.96296296296296, 32.955555555555556, 32.96296296296296, 32.955555555555556, 32.94814814814815, 32.96296296296296, 32.93333333333333, 32.96296296296296, 32.98518518518519, 32.955555555555556, 32.97037037037037, 32.977777777777774, 32.98518518518519, 32.96296296296296, 32.96296296296296, 32.97037037037037, 32.955555555555556, 32.97037037037037, 32.977777777777774, 32.96296296296296, 32.97037037037037, 32.96296296296296, 32.98518518518519, 32.977777777777774, 32.97037037037037, 32.955555555555556, 32.97037037037037, 32.94814814814815, 32.93333333333333, 32.96296296296296, 32.97037037037037, 32.977777777777774, 32.97037037037037, 32.96296296296296, 32.955555555555556, 32.96296296296296, 32.977777777777774, 32.96296296296296, 32.977777777777774, 32.98518518518519, 32.977777777777774, 32.97037037037037, 32.96296296296296, 32.94814814814815, 32.96296296296296, 32.96296296296296, 32.98518518518519, 32.96296296296296, 32.96296296296296, 32.97037037037037, 32.992592592592594, 32.97037037037037, 32.977777777777774, 32.992592592592594, 32.98518518518519, 32.97037037037037, 32.977777777777774, 32.97037037037037, 32.97037037037037, 32.98518518518519, 32.96296296296296, 32.96296296296296, 32.94814814814815, 32.925925925925924, 32.94814814814815, 32.955555555555556, 32.97037037037037, 32.94814814814815, 32.940740740740736, 32.96296296296296, 32.977777777777774, 32.97037037037037, 32.977777777777774, 32.977777777777774, 32.96296296296296, 33.0, 32.955555555555556, 32.98518518518519, 32.97037037037037, 32.98518518518519, 32.96296296296296, 32.97037037037037, 32.97037037037037, 32.98518518518519, 32.98518518518519, 32.977777777777774, 32.992592592592594, 32.96296296296296, 32.992592592592594, 32.977777777777774, 33.0, 32.992592592592594, 32.98518518518519, 32.955555555555556, 32.96296296296296, 32.97037037037037, 32.97037037037037, 32.98518518518519, 32.97037037037037, 32.977777777777774, 32.98518518518519, 32.97037037037037, 32.977777777777774, 32.992592592592594, 32.97037037037037, 32.96296296296296, 32.98518518518519, 32.992592592592594, 32.977777777777774, 32.992592592592594, 32.992592592592594, 32.98518518518519, 32.977777777777774, 32.98518518518519, 33.0, 32.992592592592594, 33.0, 32.977777777777774, 32.977777777777774, 32.96296296296296, 32.955555555555556, 32.96296296296296, 32.977777777777774, 32.98518518518519, 32.98518518518519, 32.955555555555556, 32.98518518518519, 32.98518518518519, 32.98518518518519, 32.977777777777774, 32.977777777777774, 32.98518518518519, 32.98518518518519, 32.97037037037037, 32.977777777777774, 32.977777777777774, 33.0, 32.977777777777774, 33.0, 32.98518518518519, 32.98518518518519, 32.977777777777774, 32.97037037037037, 32.955555555555556, 32.97037037037037, 32.940740740740736, 32.97037037037037, 32.955555555555556, 32.97037037037037, 32.96296296296296, 32.97037037037037, 32.97037037037037, 32.96296296296296, 32.98518518518519, 32.96296296296296, 32.97037037037037, 32.96296296296296, 32.94814814814815, 32.96296296296296, 32.96296296296296, 32.977777777777774, 32.977777777777774, 32.96296296296296, 32.96296296296296, 32.94814814814815, 32.97037037037037, 32.98518518518519, 32.955555555555556, 32.97037037037037, 32.96296296296296, 32.97037037037037, 32.992592592592594, 32.992592592592594, 32.97037037037037, 32.96296296296296, 32.96296296296296, 32.955555555555556, 32.97037037037037, 32.955555555555556, 32.955555555555556, 32.97037037037037, 32.98518518518519, 32.98518518518519, 32.94814814814815, 32.96296296296296, 32.97037037037037, 32.96296296296296, 32.96296296296296, 32.97037037037037, 32.98518518518519, 32.98518518518519, 32.992592592592594, 32.98518518518519, 32.98518518518519, 32.977777777777774, 32.97037037037037, 32.97037037037037, 32.977777777777774, 32.97037037037037, 32.955555555555556, 32.98518518518519, 32.992592592592594, 32.977777777777774, 32.98518518518519, 32.977777777777774, 32.97037037037037, 32.98518518518519, 32.977777777777774, 32.977777777777774, 32.98518518518519, 32.94814814814815, 32.940740740740736, 32.94814814814815, 32.955555555555556, 32.96296296296296, 32.96296296296296, 32.96296296296296, 32.97037037037037, 32.96296296296296, 32.955555555555556, 32.977777777777774, 32.977777777777774, 32.96296296296296, 32.955555555555556, 32.97037037037037, 32.96296296296296, 32.977777777777774, 32.977777777777774, 32.955555555555556, 32.98518518518519, 32.98518518518519, 32.98518518518519, 33.0, 32.97037037037037, 32.992592592592594, 32.98518518518519, 32.98518518518519, 32.992592592592594, 32.98518518518519, 32.98518518518519]",0.9077271113532971,0.9244889283920084,33,"[33, 33, 33, 33, 33, 33, 33, 33, 33, 33, 33, 33, 33, 33, 33, 33, 33, 33, 33, 33, 33, 33, 33, 33, 33, 33, 33, 33, 33, 33, 33, 33, 33, 33, 33, 33, 33, 33, 33, 33, 33, 33, 33, 33, 33, 33, 33, 33, 33, 33, 33, 33, 33, 33, 33, 33, 33, 33, 33, 33, 33, 33, 33, 33, 33, 33, 33, 33, 33, 33, 33, 33, 33, 33, 33, 33, 33, 33, 33, 33, 33, 33, 33, 33, 33, 33, 33, 33, 33, 33, 33, 33, 33, 33, 33, 33, 33, 33, 33, 33, 33, 33, 33, 33, 33, 33, 33, 33, 33, 33, 33, 33, 33, 33, 33, 33, 33, 33, 33, 33, 33, 33, 33, 33, 33, 33, 33, 33, 33, 33, 33, 33, 33, 33, 33, 33, 33, 33, 33, 33, 33, 33, 33, 33, 33, 33, 33, 33, 33, 33, 33, 33, 33, 33, 33, 33, 33, 33, 33, 33, 33, 33, 33, 33, 33, 33, 33, 33, 33, 33, 33, 33, 33, 33, 33, 33, 33, 33, 33, 33, 33, 33, 33, 33, 33, 33, 33, 33, 33, 33, 33, 33, 33, 33, 33, 33, 33, 33, 33, 33, 33, 33, 33, 33, 33, 33, 33, 33, 33, 33, 33, 33, 33, 33, 33, 33, 33, 33, 33, 33, 33, 33, 33, 33, 33, 33, 33, 33, 33, 33, 33, 33, 33, 33, 33, 33, 33, 33, 33, 33, 33, 33, 33, 33, 33, 33, 33, 33, 33, 33, 33, 33, 33, 33, 33, 33, 33, 33, 33, 33, 33, 33, 33, 33, 33, 33, 33, 33, 33, 33, 33, 33, 33, 33, 33, 33, 33, 33, 33, 33, 33, 33, 33, 33, 33, 33, 33, 33, 33, 33, 33, 33, 33, 33, 33, 33, 33, 33, 33, 33, 33, 33, 33, 33, 33, 33, 33, 33, 33, 33, 33, 33, 33, 33, 33, 33, 33, 33, 33, 33, 33, 33, 33, 33, 33, 33, 33, 33, 33, 33, 33, 33, 33, 33, 33, 33, 33, 33, 33, 33, 33, 33, 33, 33, 33, 33, 33, 33, 33, 33, 33, 33, 33, 33, 33, 33, 33, 33, 33, 33, 33, 33, 33, 33, 33, 33, 33, 33, 33, 33, 33, 33, 33, 33, 33, 33, 33, 33, 33, 33, 33, 33, 33, 33, 33, 33, 33, 33, 33, 33, 33, 33, 33, 33, 33, 33, 33, 33, 33, 33, 33, 33, 33, 33, 33, 33, 33, 33, 33, 33, 33, 33, 33, 33, 33, 33, 33, 33, 33, 33, 33, 33, 33, 33, 33, 33, 33, 33, 33, 33, 33, 33, 33, 33, 33, 33, 33, 33, 33, 33]",440,"[0.4267171025276184, 0.4186919927597046, 0.41023677587509155, 0.4055550694465637, 0.4016663730144501, 0.40014031529426575, 0.3977479934692383, 0.396828293800354, 0.3956652879714966, 0.39546167850494385, 0.39632949233055115, 0.3954983949661255, 0.39244815707206726, 0.39207008481025696, 0.39364176988601685, 0.3880142867565155, 0.3914346396923065, 0.3867964446544647, 0.386433482170105, 0.3850671648979187, 0.38470208644866943, 0.38545358180999756, 0.384433388710022, 0.3836967349052429, 0.3821972906589508, 0.38085705041885376, 0.37960129976272583, 0.3806086480617523, 0.39142894744873047, 0.3762032389640808, 0.37576666474342346, 0.37820112705230713, 0.37490054965019226, 0.3749321699142456, 0.37417829036712646, 0.3739703893661499, 0.37241995334625244, 0.37623482942581177, 0.3752642571926117, 0.3704650402069092, 0.3686550557613373, 0.36951586604118347, 0.36819949746131897, 0.3678927719593048, 0.36655980348587036, 0.3659592568874359, 0.3712534010410309, 0.3669143319129944, 0.36324816942214966, 0.3637811243534088, 0.3643767833709717, 0.3613188862800598, 0.36206236481666565, 0.3626357316970825, 0.3640201687812805, 0.3586827516555786, 0.3616986572742462, 0.35975727438926697, 0.363361656665802, 0.358153760433197, 0.35918837785720825, 0.35493043065071106, 0.3553454577922821, 0.35428276658058167, 0.3544059693813324, 0.35345402359962463, 0.35396915674209595, 0.3519710302352905, 0.3504451811313629, 0.3514446020126343, 0.34959620237350464, 0.34901559352874756, 0.3483414351940155, 0.3479437530040741, 0.34744277596473694, 0.3497488796710968, 0.34641924500465393, 0.34510868787765503, 0.3466907739639282, 0.3439299464225769, 0.34367093443870544, 0.34368517994880676, 0.34301674365997314, 0.34392407536506653, 0.34311145544052124, 0.341493159532547, 0.34157493710517883, 0.34098875522613525, 0.34046950936317444, 0.34391212463378906, 0.33895066380500793, 0.33633577823638916, 0.33782756328582764, 0.33517226576805115, 0.3351174294948578, 0.33866816759109497, 0.355491042137146, 0.34572532773017883, 0.3358314633369446, 0.3366890847682953, 0.33462750911712646, 0.3311316967010498, 0.33443373441696167, 0.3339175879955292, 0.32942885160446167, 0.32862645387649536, 0.3289223611354828, 0.32926926016807556, 0.32783326506614685, 0.32788607478141785, 0.3271166682243347, 0.3257952630519867, 0.3259377181529999, 0.32525625824928284, 0.3238449990749359, 0.3247171640396118, 0.3209291696548462, 0.3213282823562622, 0.32092875242233276, 0.31733566522598267, 0.3173993229866028, 0.31787237524986267, 0.31946077942848206, 0.3160620331764221, 0.31966522336006165, 0.3145122528076172, 0.312710702419281, 0.3138088583946228, 0.3115333318710327, 0.3104243576526642, 0.3171585202217102, 0.30954018235206604, 0.3086671829223633, 0.31027817726135254, 0.31146371364593506, 0.3086201250553131, 0.3056524395942688, 0.3055587410926819, 0.30579674243927, 0.30598098039627075, 0.30188724398612976, 0.30234670639038086, 0.30103009939193726, 0.3012310862541199, 0.30049076676368713, 0.30112674832344055, 0.29926884174346924, 0.3004242479801178, 0.3085216283798218, 0.2977735102176666, 0.29561755061149597, 0.2957107424736023, 0.2953891158103943, 0.2947409749031067, 0.2985267639160156, 0.29408201575279236, 0.291809618473053, 0.2940467298030853, 0.2906193137168884, 0.2919062674045563, 0.2884821593761444, 0.2880689203739166, 0.2897396981716156, 0.2919735312461853, 0.2860124111175537, 0.2860875129699707, 0.28543993830680847, 0.2844770848751068, 0.28389543294906616, 0.285285085439682, 0.28202006220817566, 0.2803564667701721, 0.28106194734573364, 0.27886030077934265, 0.28108805418014526, 0.27730321884155273, 0.2773749530315399, 0.27691560983657837, 0.2792458236217499, 0.2758476734161377, 0.28019654750823975, 0.27618148922920227, 0.2747052311897278, 0.2764303982257843, 0.27409741282463074, 0.2752790153026581, 0.2731320858001709, 0.27316781878471375, 0.2733857333660126, 0.27198123931884766, 0.27181634306907654, 0.2710109055042267, 0.27104422450065613, 0.2698865532875061, 0.2688275873661041, 0.26919132471084595, 0.27073848247528076, 0.2715454697608948, 0.2693672478199005, 0.2709929049015045, 0.26966598629951477, 0.26945915818214417, 0.2671915590763092, 0.26892414689064026, 0.26916584372520447, 0.2672068476676941, 0.2680528461933136, 0.265620619058609, 0.2655022144317627, 0.26512476801872253, 0.265243798494339, 0.2675642967224121, 0.26475393772125244, 0.2650822401046753, 0.2640792429447174, 0.2647484540939331, 0.2609991729259491, 0.2600286900997162, 0.2603866457939148, 0.25994887948036194, 0.25987982749938965, 0.2587668001651764, 0.25901371240615845, 0.2571077346801758, 0.2624184489250183, 0.25835487246513367, 0.2579778730869293, 0.2635795474052429, 0.25899916887283325, 0.25697335600852966, 0.26203328371047974, 0.2594587206840515, 0.255165159702301, 0.2608667016029358, 0.2560368776321411, 0.2554945945739746, 0.2560775578022003, 0.2566165626049042, 0.255016565322876, 0.25652217864990234, 0.2530200481414795, 0.25245970487594604, 0.25919660925865173, 0.25631949305534363, 0.25297877192497253, 0.2526809871196747, 0.2572409212589264, 0.2522079348564148, 0.25254032015800476, 0.2534942328929901, 0.2517378628253937, 0.25189390778541565, 0.2514730989933014, 0.25152093172073364, 0.2533521354198456, 0.25098201632499695, 0.2500573694705963, 0.2526903748512268, 0.24908824265003204, 0.25043243169784546, 0.2494991272687912, 0.25029200315475464, 0.2506084144115448, 0.2484019696712494, 0.2469617873430252, 0.2477976232767105, 0.24670511484146118, 0.249944269657135, 0.24759185314178467, 0.2459089159965515, 0.24518530070781708, 0.24573597311973572, 0.24571332335472107, 0.244595468044281, 0.24437054991722107, 0.24804235994815826, 0.24536246061325073, 0.2464013546705246, 0.24521441757678986, 0.24590419232845306, 0.24670623242855072, 0.2451503425836563, 0.25268399715423584, 0.24676372110843658, 0.25022995471954346, 0.24373644590377808, 0.24504943192005157, 0.2432423084974289, 0.24465812742710114, 0.2419450581073761, 0.24253271520137787, 0.24261197447776794, 0.24179194867610931, 0.24109554290771484, 0.24041058123111725, 0.23996701836585999, 0.24101522564888, 0.24011000990867615, 0.24058693647384644, 0.24155697226524353, 0.23954983055591583, 0.2491634041070938, 0.24076634645462036, 0.24043650925159454, 0.2415677011013031, 0.23997241258621216, 0.23951297998428345, 0.2396349012851715, 0.23910759389400482, 0.23818521201610565, 0.24464571475982666, 0.24149703979492188, 0.2433651089668274, 0.24190062284469604, 0.23926380276679993, 0.24039439857006073, 0.24121704697608948, 0.24156330525875092, 0.2383333146572113, 0.23824410140514374, 0.23970943689346313, 0.24028608202934265, 0.24296049773693085, 0.23695872724056244, 0.2354026734828949, 0.23636670410633087, 0.23849111795425415, 0.2357712984085083, 0.2366722822189331, 0.24244028329849243, 0.24028721451759338, 0.23652544617652893, 0.23559050261974335, 0.23628181219100952, 0.23596198856830597, 0.236660435795784, 0.23841485381126404, 0.2357383519411087, 0.23872101306915283, 0.23537874221801758, 0.2356642782688141, 0.23776757717132568, 0.24641059339046478, 0.23751921951770782, 0.23476415872573853, 0.23418857157230377, 0.23304887115955353, 0.23938556015491486, 0.23364239931106567, 0.23330914974212646, 0.2346474528312683, 0.233434796333313, 0.23335599899291992, 0.2358284443616867, 0.23423264920711517, 0.23445318639278412, 0.23530317842960358, 0.23434501886367798, 0.2329244762659073, 0.2336423546075821, 0.2332708239555359, 0.2339317351579666, 0.2354142814874649, 0.2321275770664215, 0.2332128882408142, 0.23250705003738403, 0.2330748438835144, 0.23134130239486694, 0.23803168535232544, 0.23309195041656494, 0.2346200793981552, 0.2315863072872162, 0.23123493790626526, 0.239692822098732, 0.23271426558494568, 0.2301376461982727, 0.22947938740253448, 0.23291397094726562, 0.23489028215408325, 0.22960320115089417, 0.22905878722667694, 0.23234985768795013, 0.23178702592849731, 0.2291213423013687, 0.23330511152744293, 0.2297314703464508, 0.22890979051589966, 0.23138168454170227, 0.22925642132759094, 0.22930088639259338, 0.22973310947418213, 0.2289818525314331, 0.22969597578048706, 0.23172682523727417, 0.22999387979507446, 0.2298155277967453, 0.22821243107318878, 0.23140288889408112, 0.23180443048477173, 0.23247094452381134, 0.2302042543888092, 0.23015184700489044, 0.23111344873905182, 0.22962193191051483, 0.22822627425193787, 0.23915408551692963, 0.22727085649967194, 0.2267046868801117, 0.22957542538642883, 0.2281942367553711, 0.22870038449764252, 0.23188282549381256, 0.22849947214126587, 0.22886081039905548, 0.22902891039848328, 0.2269795536994934, 0.2289087474346161, 0.22776399552822113, 0.22987565398216248, 0.2291165143251419, 0.23590900003910065, 0.22815822064876556, 0.2286938726902008, 0.2275996059179306, 0.22791685163974762, 0.22623473405838013, 0.22703023254871368, 0.22515220940113068, 0.22573623061180115, 0.2267293781042099, 0.226078599691391, 0.2266797572374344, 0.2341260462999344, 0.2265194058418274, 0.22634272277355194, 0.2256980687379837, 0.2261607050895691, 0.22787600755691528, 0.22626979649066925, 0.2244817316532135]",33.0,"[33.0, 33.0, 33.0, 33.0, 33.0, 33.0, 33.0, 33.0, 33.0, 33.0, 33.0, 33.0, 33.0, 33.0, 33.0, 33.0, 33.0, 33.0, 33.0, 33.0, 33.0, 33.0, 33.0, 33.0, 33.0, 33.0, 33.0, 