,number,value,datetime_start,datetime_complete,duration,params_batch_size_scaler,params_constant_learning_rate,params_depth,params_epochs,params_kernel_l2,params_num_trees,params_temperature,user_attrs_accuracy_test,user_attrs_accuracy_valid,user_attrs_approximate_feature_sparsity,user_attrs_approximate_feature_sparsity_history,user_attrs_approximate_weight_sparsity,user_attrs_approximate_weight_sparsity_history,user_attrs_auc_test,user_attrs_auc_valid,user_attrs_feature_sparsity,user_attrs_feature_sparsity_history,user_attrs_num_epochs,user_attrs_val_loss_history,user_attrs_weight_sparsity,user_attrs_weight_sparsity_history,state
68,68,0.8275817650165527,2024-08-31 03:09:53.439610,2024-08-31 03:12:48.329528,0 days 00:02:54.889918,64,0.4160167376395382,6,225,0.11369124021861261,35,0.0005151128212829726,0.89,0.88625,33,"[33, 33, 33, 33, 33, 33, 33, 33, 33, 33, 33, 33, 33, 33, 33, 33, 33, 33, 33, 33, 33, 33, 33, 33, 33, 33, 33, 33, 33, 33, 33, 33, 33, 33, 33, 33, 33, 33, 33, 33, 33, 33, 33, 33, 33, 33, 33, 33, 33, 33, 33, 33, 33, 33, 33, 33, 33, 33, 33, 33, 33, 33, 33, 33, 33, 33, 33, 33, 33, 33, 33, 33, 33, 33, 33, 33, 33, 33, 33, 33, 33, 33, 33, 33, 33, 33, 33, 33, 33, 33, 33, 33, 33, 33, 33, 33, 33, 33, 33, 33, 33, 33, 33, 33, 33, 33, 33, 33, 33, 33, 33, 33, 33, 33, 33, 33, 33, 33, 33, 33, 33, 33, 33, 33, 33, 33, 33, 33, 33, 33, 33, 33, 33, 33, 33, 33, 33, 33, 33, 33, 33, 33, 33, 33, 33, 33, 33, 33, 33, 33, 33, 33, 33, 33, 33, 33, 33, 33, 33, 33, 33, 33, 33, 33, 33, 33, 33, 33, 33, 33, 33, 33, 33, 33, 33, 33, 33, 33, 33, 33, 33, 33, 33, 33, 33, 33, 33, 33, 33, 33, 33, 33, 33, 33, 33, 33, 33, 33, 33, 33, 33, 33, 33, 33, 33, 33, 33, 33, 33, 33, 33, 33, 33, 33, 33, 33, 33, 33, 33, 33, 33, 33, 33, 33, 33]",32.941043083900226,"[32.93877551020408, 32.9328798185941, 32.93061224489796, 32.93514739229025, 32.926984126984124, 32.93333333333334, 32.92562358276644, 32.93877551020408, 32.932426303854875, 32.93605442176871, 32.93469387755102, 32.94013605442177, 32.94195011337868, 32.941043083900226, 32.94149659863945, 32.93877551020408, 32.93741496598639, 32.941043083900226, 32.940589569161, 32.94149659863945, 32.94013605442177, 32.93469387755102, 32.936961451247164, 32.92290249433106, 32.93015873015872, 32.932426303854875, 32.93741496598639, 32.93151927437642, 32.93650793650794, 32.93333333333333, 32.938321995464854, 32.92743764172336, 32.93877551020408, 32.93650793650794, 32.93151927437641, 32.93650793650794, 32.93605442176871, 32.93514739229025, 32.938321995464854, 32.933786848072565, 32.933786848072565, 32.93741496598639, 32.941043083900226, 32.93650793650794, 32.94331065759637, 32.93922902494331, 32.940589569161, 32.94195011337868, 32.93922902494331, 32.94331065759637, 32.942403628117916, 32.93560090702948, 32.93469387755102, 32.93741496598639, 32.933786848072565, 32.93650793650794, 32.936961451247164, 32.936961451247164, 32.93333333333333, 32.93333333333333, 32.92879818594104, 32.929251700680275, 32.9328798185941, 32.929251700680275, 32.92834467120181, 32.92471655328798, 32.927891156462586, 32.922448979591834, 32.926984126984124, 32.9265306122449, 32.922448979591834, 32.92562358276644, 32.92426303854875, 32.92834467120181, 32.932426303854875, 32.9328798185941, 32.93015873015873, 32.92471655328798, 32.922448979591834, 32.923809523809524, 32.926530612244896, 32.93469387755102, 32.938321995464854, 32.93922902494331, 32.93922902494331, 32.93741496598639, 32.93605442176871, 32.93650793650794, 32.93560090702948, 32.927891156462586, 32.93333333333333, 32.93469387755102, 32.93741496598639, 32.93741496598639, 32.93786848072562, 32.93333333333333, 32.931065759637185, 32.9297052154195, 32.93333333333333, 32.93061224489796, 32.932426303854875, 32.93106575963719, 32.93151927437642, 32.93514739229025, 32.93514739229025, 32.938321995464854, 32.9328798185941, 32.93650793650794, 32.935600907029475, 32.93469387755103, 32.93786848072562, 32.93197278911565, 32.93469387755102, 32.937868480725626, 32.938321995464854, 32.93605442176871, 32.940589569161, 32.93650793650794, 32.93514739229025, 32.93151927437641, 32.93514739229025, 32.93514739229025, 32.93741496598639, 32.93877551020408, 32.93650793650794, 32.92879818594104, 32.93424036281179, 32.933786848072565, 32.94195011337869, 32.937868480725626, 32.94195011337868, 32.944217687074826, 32.93514739229025, 32.93650793650794, 32.938321995464854, 32.93605442176871, 32.93741496598639, 32.94285714285714, 32.9437641723356, 32.94013605442177, 32.940589569161, 32.93968253968254, 32.93741496598639, 32.937868480725626, 32.936961451247164, 32.932426303854875, 32.93469387755102, 32.93605442176871, 32.93424036281179, 32.93469387755102, 32.93197278911565, 32.927891156462586, 32.93197278911565, 32.93514739229025, 32.93469387755102, 32.93469387755102, 32.93514739229025, 32.936961451247164, 32.93650793650794, 32.93650793650794, 32.93741496598639, 32.93922902494331, 32.93922902494331, 32.94149659863945, 32.9374149659864, 32.93741496598639, 32.941043083900226, 32.940589569161, 32.942403628117916, 32.94512471655329, 32.94331065759637, 32.94421768707483, 32.943764172335605, 32.94467120181406, 32.94648526077098, 32.94648526077098, 32.93877551020408, 32.939682539682536, 32.93514739229025, 32.932426303854875, 32.935147392290254, 32.93741496598639, 32.938321995464854, 32.939682539682536, 32.93151927437642, 32.93424036281179, 32.93197278911565, 32.93333333333333, 32.93877551020408, 32.940136054421764, 32.93741496598639, 32.93469387755102, 32.93378684807256, 32.935600907029475, 32.93560090702948, 32.93514739229025, 32.93015873015873, 32.93741496598639, 32.93786848072562, 32.933786848072565, 32.93197278911565, 32.938321995464854, 32.941043083900226, 32.94512471655329, 32.94013605442177, 32.940589569161, 32.943764172335605, 32.94331065759637, 32.94421768707483, 32.94331065759637, 32.94512471655329, 32.94013605442177, 32.94331065759637, 32.94195011337868, 32.939229024943316, 32.94013605442177, 32.93605442176871, 32.940589569161, 32.93650793650794, 32.938321995464854, 32.938321995464854, 32.940589569161, 32.942403628117916, 32.94195011337869, 32.941043083900226]",0.83852244486827,0.8275817650165527,33,"[33, 33, 33, 33, 33, 33, 33, 33, 33, 33, 33, 33, 33, 33, 33, 33, 33, 33, 33, 33, 33, 33, 33, 33, 33, 33, 33, 33, 33, 33, 33, 33, 33, 33, 33, 33, 33, 33, 33, 33, 33, 33, 33, 33, 33, 33, 33, 33, 33, 33, 33, 33, 33, 33, 33, 33, 33, 33, 33, 33, 33, 33, 33, 33, 33, 33, 33, 33, 33, 33, 33, 33, 33, 33, 33, 33, 33, 33, 33, 33, 33, 33, 33, 33, 33, 33, 33, 33, 33, 33, 33, 33, 33, 33, 33, 33, 33, 33, 33, 33, 33, 33, 33, 33, 33, 33, 33, 33, 33, 33, 33, 33, 33, 33, 33, 33, 33, 33, 33, 33, 33, 33, 33, 33, 33, 33, 33, 33, 33, 33, 33, 33, 33, 33, 33, 33, 33, 33, 33, 33, 33, 33, 33, 33, 33, 33, 33, 33, 33, 33, 33, 33, 33, 33, 33, 33, 33, 33, 33, 33, 33, 33, 33, 33, 33, 33, 33, 33, 33, 33, 33, 33, 33, 33, 33, 33, 33, 33, 33, 33, 33, 33, 33, 33, 33, 33, 33, 33, 33, 33, 33, 33, 33, 33, 33, 33, 33, 33, 33, 33, 33, 33, 33, 33, 33, 33, 33, 33, 33, 33, 33, 33, 33, 33, 33, 33, 33, 33, 33, 33, 33, 33, 33, 33, 33]",225,"[0.5069823861122131, 0.4458443820476532, 0.4201773703098297, 0.4096791744232178, 0.4024519622325897, 0.39899522066116333, 0.3963231146335602, 0.3942141830921173, 0.3921762704849243, 0.3904878497123718, 0.38942188024520874, 0.3880597651004791, 0.3869529664516449, 0.38575735688209534, 0.3847879469394684, 0.3840097188949585, 0.3833361566066742, 0.38254863023757935, 0.38153666257858276, 0.38078299164772034, 0.38021668791770935, 0.37978535890579224, 0.37925633788108826, 0.3787696361541748, 0.3781961500644684, 0.37752383947372437, 0.37689152359962463, 0.37639784812927246, 0.37584391236305237, 0.37529632449150085, 0.3748481273651123, 0.37458157539367676, 0.3739398717880249, 0.37360337376594543, 0.373201459646225, 0.3729225993156433, 0.37245193123817444, 0.37181946635246277, 0.37158238887786865, 0.3711482882499695, 0.3708670735359192, 0.3706273138523102, 0.37037745118141174, 0.3701767325401306, 0.36999180912971497, 0.3696970045566559, 0.3692565858364105, 0.3688516914844513, 0.3684121072292328, 0.3678334355354309, 0.3674257695674896, 0.3672054409980774, 0.36694201827049255, 0.3666757345199585, 0.36645370721817017, 0.3663215637207031, 0.3657776713371277, 0.3654945492744446, 0.3653066158294678, 0.36512863636016846, 0.36503010988235474, 0.36480996012687683, 0.3645533621311188, 0.3643670678138733, 0.36412549018859863, 0.36366820335388184, 0.3633806109428406, 0.3631805181503296, 0.362705260515213, 0.3623996078968048, 0.36213696002960205, 0.3618111312389374, 0.3614465296268463, 0.3612591624259949, 0.3606549799442291, 0.36058613657951355, 0.3600768744945526, 0.3597809076309204, 0.3594037890434265, 0.3590814471244812, 0.3589387536048889, 0.35859453678131104, 0.3582562506198883, 0.35803526639938354, 0.357753187417984, 0.3575344383716583, 0.3573022186756134, 0.3570658564567566, 0.3567434549331665, 0.3566969037055969, 0.35623008012771606, 0.3561975359916687, 0.3559260666370392, 0.35548099875450134, 0.35508978366851807, 0.35468795895576477, 0.3543180525302887, 0.3540634512901306, 0.354017436504364, 0.3537568151950836, 0.35347098112106323, 0.35313931107521057, 0.35286375880241394, 0.35258662700653076, 0.352334201335907, 0.3523830771446228, 0.3520517349243164, 0.3516415059566498, 0.35130980610847473, 0.35096320509910583, 0.3505929708480835, 0.3500848710536957, 0.3497520685195923, 0.34937503933906555, 0.34897398948669434, 0.34852731227874756, 0.34845831990242004, 0.34835320711135864, 0.34769004583358765, 0.34736713767051697, 0.347204327583313, 0.3469691872596741, 0.3465358316898346, 0.3460994064807892, 0.34569472074508667, 0.3456193804740906, 0.34514132142066956, 0.3447873294353485, 0.3446963429450989, 0.3442186415195465, 0.34400299191474915, 0.34380972385406494, 0.343051940202713, 0.34271231293678284, 0.34253954887390137, 0.34233006834983826, 0.34207114577293396, 0.3416823446750641, 0.34149888157844543, 0.3410859704017639, 0.34088021516799927, 0.34052231907844543, 0.34010523557662964, 0.33975720405578613, 0.3392997682094574, 0.338833212852478, 0.338589072227478, 0.3384418189525604, 0.3380989730358124, 0.3377071022987366, 0.33734047412872314, 0.3368845283985138, 0.3368169665336609, 0.3362749218940735, 0.33561980724334717, 0.3353225588798523, 0.33500516414642334, 0.33459895849227905, 0.3344448208808899, 0.33416271209716797, 0.33369213342666626, 0.3333626687526703, 0.3332624137401581, 0.33264586329460144, 0.3322538137435913, 0.3317810297012329, 0.3314002752304077, 0.3311127722263336, 0.3305676281452179, 0.3300129175186157, 0.3296109735965729, 0.3293665051460266, 0.32862013578414917, 0.32827502489089966, 0.32788336277008057, 0.3278500735759735, 0.32702475786209106, 0.326559841632843, 0.3261314630508423, 0.3257721960544586, 0.32540470361709595, 0.32511937618255615, 0.324506938457489, 0.3239905536174774, 0.3234246075153351, 0.32290753722190857, 0.32243889570236206, 0.3220584988594055, 0.3217219412326813, 0.3211831748485565, 0.32080304622650146, 0.3203984498977661, 0.3198293447494507, 0.31956106424331665, 0.3192731440067291, 0.3186574876308441, 0.31829479336738586, 0.3179114758968353, 0.31741246581077576, 0.3170740604400635, 0.31642451882362366, 0.31605416536331177, 0.3155239224433899, 0.31526973843574524, 0.314866304397583, 0.31439438462257385, 0.3138234615325928, 0.3133697807788849, 0.31294164061546326, 0.31253528594970703, 0.3123248517513275, 0.31191593408584595, 0.31151139736175537, 0.3111269474029541, 0.3105699121952057, 0.31016305088996887, 0.30954283475875854, 0.3091049790382385, 0.3085140585899353, 0.30814874172210693, 0.3075953423976898, 0.3070526123046875, 0.30677130818367004, 0.3063850998878479, 0.30628615617752075]",33.0,"[33.0, 33.0, 33.0, 33.0, 33.0, 33.0, 33.0, 33.0, 33.0, 33.0, 33.0, 33.0, 33.0, 33.0, 33.0, 33.0, 33.0, 33.0, 33.0, 33.0, 33.0, 33.0, 33.0, 33.0, 33.0, 33.0, 33.0, 33.0, 33.0, 33.0, 33.0, 33.0, 33.0, 33.0, 33.0, 33.0, 33.0, 33.0, 33.0, 33.0, 33.0, 33.0, 33.0, 33.0, 33.0, 33.0, 33.0, 33.0, 33.0, 33.0, 33.0, 33.0, 33.0, 33.0, 33.0, 33.0, 33.0, 33.0, 33.0, 33.0, 33.0, 33.0, 33.0, 33.0, 33.0, 33.0, 33.0, 33.0, 33.0, 33.0, 33.0, 33.0, 33.0, 33.0, 33.0, 33.0, 33.0, 33.0, 33.0, 33.0, 33.0, 33.0, 33.0, 33.0, 33.0, 33.0, 33.0, 33.0, 33.0, 33.0, 33.0, 33.0, 33.0, 33.0, 33.0, 33.0, 33.0, 33.0, 33.0, 33.0, 33.0, 33.0, 33.0, 33.0, 33.0, 33.0, 33.0, 33.0, 33.0, 33.0, 33.0, 33.0, 33.0, 33.0, 33.0, 33.0, 33.0, 33.0, 33.0, 33.0, 33.0, 33.0, 33.0, 33.0, 33.0, 33.0, 33.0, 33.0, 33.0, 33.0, 33.0, 33.0, 33.0, 33.0, 33.0, 33.0, 33.0, 33.0, 33.0, 33.0, 33.0, 33.0, 33.0, 33.0, 33.0, 33.0, 33.0, 33.0, 33.0, 33.0, 33.0, 33.0, 33.0, 33.0, 33.0, 33.0, 33.0, 33.0, 33.0, 33.0, 33.0, 33.0, 33.0, 33.0, 33.0, 33.0, 33.0, 33.0, 33.0, 33.0, 33.0, 33.0, 33.0, 33.0, 33.0, 33.0, 33.0, 33.0, 33.0, 33.0, 33.0, 33.0, 33.0, 33.0, 33.0, 33.0, 33.0, 33.0, 33.0, 33.0, 33.0, 33.0, 33.0, 33.0, 33.0, 33.0, 33.0, 33.0, 33.0, 33.0, 33.0, 33.0, 33.0, 33.0, 33.0, 33.0, 33.0, 33.0, 33.0, 33.0, 33.0, 33.0, 33.0, 33.0, 33.0, 33.0, 33.0, 33.0, 33.0, 33.0, 33.0, 33.0, 33.0, 33.0, 33.0]",COMPLETE
69,69,0.9234326493282323,2024-08-31 03:12:50.070504,2024-08-31 03:13:26.592460,0 days 00:00:36.521956,4,0.07794905057602006,3,130,0.20769806068817642,33,0.0033506451196379647,0.927,0.91375,21,"[33, 33, 33, 33, 33, 33, 33, 33, 33, 33, 33, 33, 33, 33, 33, 33, 33, 33, 33, 33, 33, 33, 33, 33, 33, 33, 33, 33, 33, 33, 33, 33, 33, 33, 33, 33, 33, 33, 33, 33, 33, 33, 33, 33, 33, 33, 33, 33, 33, 33, 33, 33, 33, 33, 33, 33, 33, 33, 33, 33, 33, 33, 33, 33, 33, 33, 33, 33, 33, 33, 33, 33, 33, 33, 33, 33, 33, 33, 33, 33, 33, 33, 33, 33, 33, 33, 33, 33, 33, 32, 32, 31, 30, 28, 28, 28, 28, 28, 27, 27, 27, 27, 26, 25, 24, 23, 23, 23, 23, 23, 23, 23, 22, 22, 22, 22, 22, 22, 21, 21, 21, 21, 21, 21, 21, 21, 21, 21, 21, 21]",20.96969696969697,"[32.97835497835498, 32.97402597402598, 32.98268398268398, 32.969696969696976, 32.961038961038966, 32.97835497835498, 32.98701298701299, 32.99134199134199, 32.96969696969697, 32.98701298701299, 32.99567099567099, 32.97835497835498, 32.99134199134199, 32.961038961038966, 32.97402597402598, 32.99567099567099, 32.98268398268399, 32.97835497835498, 32.98268398268399, 32.96969696969697, 32.961038961038966, 32.97402597402598, 32.97402597402598, 32.96969696969697, 32.98268398268398, 32.97402597402598, 32.98701298701299, 32.99567099567099, 32.97402597402598, 32.97402597402598, 32.97402597402598, 32.98701298701299, 32.97835497835498, 32.97835497835498, 32.97402597402598, 32.97402597402598, 32.96969696969697, 32.97402597402598, 32.97835497835498, 32.96969696969697, 32.97835497835498, 32.97835497835498, 32.97402597402598, 32.97402597402598, 32.96536796536797, 32.961038961038966, 32.97835497835498, 32.97402597402598, 32.97402597402598, 32.961038961038966, 32.96536796536797, 32.97402597402598, 32.97835497835498, 32.97402597402598, 32.99134199134199, 32.96969696969697, 32.98268398268398, 32.99134199134199, 32.97402597402598, 32.97402597402598, 32.98268398268398, 32.98701298701299, 32.961038961038966, 32.97835497835498, 32.97835497835498, 32.97402597402598, 32.97835497835498, 32.97402597402598, 32.96969696969697, 32.97402597402598, 32.99134199134199, 32.96536796536797, 32.97835497835498, 32.96536796536797, 32.96536796536797, 32.969696969696976, 32.96536796536797, 32.98268398268398, 32.96969696969697, 32.94805194805195, 32.961038961038966, 32.97402597402598, 32.96536796536797, 32.96969696969697, 32.97402597402598, 32.97402597402598, 32.961038961038966, 32.97835497835498, 32.96969696969697, 31.961038961038962, 31.97835497835498, 30.97835497835498, 29.982683982683984, 27.982683982683984, 27.98701298701299, 27.961038961038962, 27.965367965367967, 27.974025974025977, 26.965367965367967, 26.974025974025977, 26.961038961038962, 26.965367965367964, 25.965367965367967, 24.974025974025977, 23.974025974025974, 22.974025974025974, 22.956709956709958, 22.965367965367964, 22.974025974025977, 22.96969696969697, 22.97835497835498, 22.965367965367967, 21.974025974025974, 21.99134199134199, 21.974025974025974, 21.96969696969697, 21.982683982683984, 21.956709956709958, 20.961038961038962, 20.982683982683984, 20.982683982683984, 20.965367965367964, 20.974025974025974, 20.956709956709958, 20.956709956709958, 20.965367965367967, 20.961038961038962, 20.96969696969697, 20.974025974025977, 20.96969696969697]",0.9050190308704662,0.9234326493282323,21,"[33, 33, 33, 33, 33, 33, 33, 33, 33, 33, 33, 33, 33, 33, 33, 33, 33, 33, 33, 33, 33, 33, 33, 33, 33, 33, 33, 33, 33, 33, 33, 33, 33, 33, 33, 33, 33, 33, 33, 33, 33, 33, 33, 33, 33, 33, 33, 33, 33, 33, 33, 33, 33, 33, 33, 33, 33, 33, 33, 33, 33, 33, 33, 33, 33, 33, 33, 33, 33, 33, 33, 33, 33, 33, 33, 33, 33, 33, 33, 33, 33, 33, 33, 33, 33, 33, 33, 33, 33, 32, 32, 31, 30, 28, 28, 28, 28, 28, 27, 27, 27, 27, 26, 25, 24, 23, 23, 23, 23, 23, 23, 23, 22, 22, 22, 22, 22, 22, 21, 21, 21, 21, 21, 21, 21, 21, 21, 21, 21, 21]",130,"[0.4414513111114502, 0.43048134446144104, 0.4236226975917816, 0.4186771810054779, 0.4161149263381958, 0.411943256855011, 0.4086035192012787, 0.4060903787612915, 0.40407469868659973, 0.40100279450416565, 0.3977528512477875, 0.39539483189582825, 0.3937793970108032, 0.390142560005188, 0.3878065049648285, 0.3852921724319458, 0.38251689076423645, 0.38015109300613403, 0.3781340718269348, 0.3751905858516693, 0.372682124376297, 0.37032565474510193, 0.3677828907966614, 0.36522746086120605, 0.3627868592739105, 0.36109375953674316, 0.35811999440193176, 0.35551244020462036, 0.35288113355636597, 0.35088127851486206, 0.3478177785873413, 0.3454553186893463, 0.3428170680999756, 0.3421199321746826, 0.3383239507675171, 0.3356749415397644, 0.33346012234687805, 0.33142101764678955, 0.3293136954307556, 0.32735270261764526, 0.324606716632843, 0.32253631949424744, 0.32061150670051575, 0.31889647245407104, 0.317536860704422, 0.3151479661464691, 0.3136557936668396, 0.3119032382965088, 0.31142178177833557, 0.3083288073539734, 0.3071567118167877, 0.3059212565422058, 0.30411505699157715, 0.30390769243240356, 0.3022904694080353, 0.3003174364566803, 0.2992289662361145, 0.29792770743370056, 0.2968348562717438, 0.2957048714160919, 0.29467204213142395, 0.2932533025741577, 0.2921401262283325, 0.291866272687912, 0.2903854548931122, 0.2892802953720093, 0.28791671991348267, 0.28693845868110657, 0.2862098813056946, 0.28501588106155396, 0.28443118929862976, 0.28397244215011597, 0.2826419770717621, 0.28129008412361145, 0.28097108006477356, 0.2797330319881439, 0.2779097557067871, 0.2770312428474426, 0.27593204379081726, 0.2758348286151886, 0.27433308959007263, 0.27372631430625916, 0.2732492685317993, 0.2719018757343292, 0.2708105444908142, 0.27019256353378296, 0.2693172097206116, 0.26802903413772583, 0.26794615387916565, 0.2663019597530365, 0.266273558139801, 0.2641681134700775, 0.26390543580055237, 0.2633848488330841, 0.26162540912628174, 0.26107388734817505, 0.2602953016757965, 0.25963273644447327, 0.25789645314216614, 0.2576218843460083, 0.2564978003501892, 0.25646695494651794, 0.2535855770111084, 0.25290656089782715, 0.2516767680644989, 0.250090092420578, 0.24883459508419037, 0.24954161047935486, 0.2475578486919403, 0.2471691071987152, 0.2467150092124939, 0.24727173149585724, 0.24572718143463135, 0.24507734179496765, 0.2445504367351532, 0.24479931592941284, 0.24366721510887146, 0.2432447075843811, 0.24163877964019775, 0.24117235839366913, 0.24095690250396729, 0.2393476665019989, 0.23924654722213745, 0.23939472436904907, 0.23884999752044678, 0.23871123790740967, 0.23784147202968597, 0.23853744566440582, 0.23732437193393707, 0.23670487105846405]",21.0,"[33.0, 33.0, 33.0, 33.0, 33.0, 33.0, 33.0, 33.0, 33.0, 33.0, 33.0, 33.0, 33.0, 33.0, 33.0, 33.0, 33.0, 33.0, 33.0, 33.0, 33.0, 33.0, 33.0, 33.0, 33.0, 33.0, 33.0, 33.0, 33.0, 33.0, 33.0, 33.0, 33.0, 33.0, 33.0, 33.0, 33.0, 33.0, 33.0, 33.0, 33.0, 33.0, 33.0, 33.0, 33.0, 33.0, 33.0, 33.0, 33.0, 33.0, 33.0, 33.0, 33.0, 33.0, 33.0, 33.0, 33.0, 33.0, 33.0, 33.0, 33.0, 33.0, 33.0, 33.0, 33.0, 33.0, 33.0, 33.0, 33.0, 33.0, 33.0, 33.0, 33.0, 33.0, 33.0, 33.0, 33.0, 33.0, 33.0, 33.0, 33.0, 33.0, 33.0, 33.0, 33.0, 33.0, 33.0, 33.0, 33.0, 32.0, 32.0, 31.0, 30.0, 28.0, 28.0, 28.0, 28.0, 28.0, 27.0, 27.0, 27.0, 27.0, 26.0, 25.0, 24.0, 23.0, 23.0, 23.0, 23.0, 23.0, 23.0, 23.0, 22.0, 22.0, 22.0, 22.0, 22.0, 22.0, 21.0, 21.0, 21.0, 21.0, 21.0, 21.0, 21.0, 21.0, 21.0, 21.0, 21.0, 21.0]",COMPLETE
