,number,value,datetime_start,datetime_complete,duration,params_batch_size_scaler,params_constant_learning_rate,params_depth,params_epochs,params_kernel_l2,params_num_trees,params_temperature,user_attrs_accuracy_test,user_attrs_accuracy_valid,user_attrs_approximate_feature_sparsity,user_attrs_approximate_feature_sparsity_history,user_attrs_approximate_weight_sparsity,user_attrs_approximate_weight_sparsity_history,user_attrs_auc_test,user_attrs_auc_valid,user_attrs_feature_sparsity,user_attrs_feature_sparsity_history,user_attrs_num_epochs,user_attrs_val_loss_history,user_attrs_weight_sparsity,user_attrs_weight_sparsity_history,state
119,119,0.9349357859617935,2024-08-31 05:53:22.981201,2024-08-31 05:59:38.543359,0 days 00:06:15.562158,1,0.06186035360663352,3,415,0.0047627740770465445,92,0.002694827495711585,0.931,0.94875,33,"[33, 33, 33, 33, 33, 33, 33, 33, 33, 33, 33, 33, 33, 33, 33, 33, 33, 33, 33, 33, 33, 33, 33, 33, 33, 33, 33, 33, 33, 33, 33, 33, 33, 33, 33, 33, 33, 33, 33, 33, 33, 33, 33, 33, 33, 33, 33, 33, 33, 33, 33, 33, 33, 33, 33, 33, 33, 33, 33, 33, 33, 33, 33, 33, 33, 33, 33, 33, 33, 33, 33, 33, 33, 33, 33, 33, 33, 33, 33, 33, 33, 33, 33, 33, 33, 33, 33, 33, 33, 33, 33, 33, 33, 33, 33, 33, 33, 33, 33, 33, 33, 33, 33, 33, 33, 33, 33, 33, 33, 33, 33, 33, 33, 33, 33, 33, 33, 33, 33, 33, 33, 33, 33, 33, 33, 33, 33, 33, 33, 33, 33, 33, 33, 33, 33, 33, 33, 33, 33, 33, 33, 33, 33, 33, 33, 33, 33, 33, 33, 33, 33, 33, 33, 33, 33, 33, 33, 33, 33, 33, 33, 33, 33, 33, 33, 33, 33, 33, 33, 33, 33, 33, 33, 33, 33, 33, 33, 33, 33, 33, 33, 33, 33, 33, 33, 33, 33, 33, 33, 33, 33, 33, 33, 33, 33, 33, 33, 33, 33, 33, 33, 33, 33, 33, 33, 33, 33, 33, 33, 33, 33, 33, 33, 33, 33, 33, 33, 33, 33, 33, 33, 33, 33, 33, 33, 33, 33, 33, 33, 33, 33, 33, 33, 33, 33, 33, 33, 33, 33, 33, 33, 33, 33, 33, 33, 33, 33, 33, 33, 33, 33, 33, 33, 33, 33, 33, 33, 33, 33, 33, 33, 33, 33, 33, 33, 33, 33, 33, 33, 33, 33, 33, 33, 33, 33, 33, 33, 33, 33, 33, 33, 33, 33, 33, 33, 33, 33, 33, 33, 33, 33, 33, 33, 33, 33, 33, 33, 33, 33, 33, 33, 33, 33, 33, 33, 33, 33, 33, 33, 33, 33, 33, 33, 33, 33, 33, 33, 33, 33, 33, 33, 33, 33, 33, 33, 33, 33, 33, 33, 33, 33, 33, 33, 33, 33, 33, 33, 33, 33, 33, 33, 33, 33, 33, 33, 33, 33, 33, 33, 33, 33, 33, 33, 33, 33, 33, 33, 33, 33, 33, 33, 33, 33, 33, 33, 33, 33, 33, 33, 33, 33, 33, 33, 33, 33, 33, 33, 33, 33, 33, 33, 33, 33, 33, 33, 33, 33, 33, 33, 33, 33, 33, 33, 33, 33, 33, 33, 33, 33, 33, 33, 33, 33, 33, 33, 33, 33, 33, 33, 33, 33, 33, 33, 33, 33]",32.97360248447205,"[32.96273291925466, 32.96583850931677, 32.96739130434783, 32.97360248447205, 32.964285714285715, 32.95031055900621, 32.953416149068325, 32.96739130434783, 32.97360248447205, 32.97049689440994, 32.975155279503106, 32.97049689440994, 32.97826086956522, 32.97204968944099, 32.95962732919255, 32.953416149068325, 32.97204968944099, 32.95807453416149, 32.97670807453416, 32.96273291925466, 32.95962732919255, 32.96739130434783, 32.95652173913044, 32.964285714285715, 32.96739130434783, 32.96739130434783, 32.96739130434783, 32.96894409937888, 32.96583850931677, 32.97670807453416, 32.96894409937888, 32.96273291925466, 32.95962732919255, 32.96273291925466, 32.95962732919255, 32.96583850931677, 32.9611801242236, 32.964285714285715, 32.975155279503106, 32.97360248447205, 32.97360248447205, 32.95652173913044, 32.97204968944099, 32.96894409937888, 32.96739130434783, 32.96273291925466, 32.96894409937888, 32.95496894409938, 32.96894409937889, 32.975155279503106, 32.97670807453416, 32.96583850931677, 32.97049689440994, 32.97360248447205, 32.96894409937888, 32.97204968944099, 32.97981366459627, 32.97360248447205, 32.965838509316775, 32.975155279503106, 32.975155279503106, 32.97049689440994, 32.97670807453416, 32.976708074534166, 32.964285714285715, 32.975155279503106, 32.965838509316775, 32.96739130434783, 32.95652173913044, 32.953416149068325, 32.95186335403727, 32.94565217391305, 32.95962732919255, 32.97360248447205, 32.96894409937888, 32.96739130434783, 32.96739130434783, 32.97204968944099, 32.954968944099384, 32.96583850931677, 32.95652173913044, 32.95652173913044, 32.975155279503106, 32.95807453416149, 32.964285714285715, 32.9580745341615, 32.96894409937888, 32.97360248447205, 32.96894409937888, 32.97204968944099, 32.9611801242236, 32.9611801242236, 32.96739130434783, 32.96739130434783, 32.9611801242236, 32.9611801242236, 32.95807453416149, 32.95652173913044, 32.97360248447205, 32.954968944099384, 32.964285714285715, 32.964285714285715, 32.95652173913044, 32.96583850931677, 32.965838509316775, 32.96273291925466, 32.975155279503106, 32.96894409937888, 32.96739130434783, 32.97049689440994, 32.964285714285715, 32.97204968944099, 32.97360248447205, 32.976708074534166, 32.97204968944099, 32.96739130434783, 32.96583850931677, 32.96894409937889, 32.97049689440994, 32.975155279503106, 32.975155279503106, 32.97670807453416, 32.97204968944099, 32.975155279503106, 32.97360248447205, 32.97049689440994, 32.97204968944099, 32.975155279503106, 32.97826086956522, 32.97670807453416, 32.96739130434783, 32.97049689440993, 32.96273291925466, 32.96583850931677, 32.96894409937889, 32.97360248447205, 32.965838509316775, 32.97204968944099, 32.96273291925466, 32.964285714285715, 32.95962732919255, 32.96273291925466, 32.972049689441, 32.96273291925466, 32.96894409937888, 32.96894409937888, 32.964285714285715, 32.95652173913044, 32.97360248447205, 32.97360248447205, 32.96273291925466, 32.97049689440994, 32.96894409937889, 32.965838509316775, 32.97360248447205, 32.9611801242236, 32.95962732919255, 32.975155279503106, 32.98136645962733, 32.97204968944099, 32.96894409937889, 32.97049689440994, 32.97360248447205, 32.96894409937888, 32.96583850931677, 32.96894409937888, 32.96894409937888, 32.96739130434783, 32.97204968944099, 32.97360248447205, 32.96583850931677, 32.95962732919254, 32.964285714285715, 32.96894409937888, 32.96739130434783, 32.95807453416149, 32.9611801242236, 32.96894409937889, 32.95962732919255, 32.95807453416149, 32.9611801242236, 32.965838509316775, 32.964285714285715, 32.9611801242236, 32.96894409937889, 32.96739130434783, 32.97049689440994, 32.96273291925466, 32.97049689440994, 32.965838509316775, 32.9580745341615, 32.95652173913044, 32.965838509316775, 32.96739130434783, 32.975155279503106, 32.97049689440994, 32.973602484472046, 32.96273291925466, 32.97360248447205, 32.964285714285715, 32.975155279503106, 32.96739130434783, 32.964285714285715, 32.97360248447205, 32.964285714285715, 32.976708074534166, 32.96739130434783, 32.965838509316775, 32.97204968944099, 32.96273291925466, 32.95962732919255, 32.97049689440994, 32.95807453416149, 32.95496894409938, 32.97049689440994, 32.96894409937888, 32.964285714285715, 32.9611801242236, 32.95652173913044, 32.953416149068325, 32.97049689440994, 32.96273291925466, 32.965838509316775, 32.965838509316775, 32.95652173913044, 32.96894409937888, 32.97049689440993, 32.965838509316775, 32.96894409937888, 32.96739130434783, 32.97204968944099, 32.964285714285715, 32.962732919254655, 32.9611801242236, 32.96583850931677, 32.964285714285715, 32.96739130434783, 32.975155279503106, 32.976708074534166, 32.96894409937889, 32.98136645962733, 32.97049689440994, 32.95962732919255, 32.97204968944099, 32.975155279503106, 32.975155279503106, 32.96583850931677, 32.97204968944099, 32.97204968944099, 32.96739130434783, 32.964285714285715, 32.96894409937888, 32.964285714285715, 32.96894409937888, 32.97204968944099, 32.97670807453416, 32.975155279503106, 32.975155279503106, 32.964285714285715, 32.97204968944099, 32.95962732919255, 32.96273291925466, 32.96583850931677, 32.97049689440994, 32.97049689440993, 32.97670807453416, 32.976708074534166, 32.96894409937889, 32.97826086956522, 32.97204968944099, 32.96894409937888, 32.97360248447205, 32.964285714285715, 32.97049689440994, 32.96583850931677, 32.96739130434783, 32.96273291925466, 32.97049689440994, 32.972049689441, 32.976708074534166, 32.97981366459628, 32.97204968944099, 32.975155279503106, 32.976708074534166, 32.97981366459628, 32.97049689440993, 32.96894409937888, 32.975155279503106, 32.97826086956522, 32.982919254658384, 32.982919254658384, 32.97981366459628, 32.975155279503106, 32.96739130434783, 32.96583850931677, 32.96894409937889, 32.97049689440994, 32.97204968944099, 32.97981366459627, 32.97826086956522, 32.97826086956522, 32.96273291925466, 32.97204968944099, 32.97360248447205, 32.97360248447205, 32.96739130434783, 32.97360248447205, 32.96273291925466, 32.97360248447205, 32.975155279503106, 32.97670807453416, 32.96583850931677, 32.96739130434783, 32.96273291925466, 32.96739130434783, 32.97049689440994, 32.96739130434783, 32.976708074534166, 32.97204968944099, 32.97826086956522, 32.97049689440993, 32.976708074534166, 32.97360248447205, 32.97826086956522, 32.97826086956522, 32.97360248447205, 32.976708074534166, 32.976708074534166, 32.96739130434783, 32.97826086956522, 32.97826086956522, 32.975155279503106, 32.97360248447205, 32.96739130434783, 32.975155279503106, 32.975155279503106, 32.96739130434783, 32.97204968944099, 32.975155279503106, 32.976708074534166, 32.975155279503106, 32.965838509316775, 32.96739130434783, 32.96273291925466, 32.965838509316775, 32.97360248447205, 32.97981366459628, 32.97049689440994, 32.97826086956522, 32.97670807453416, 32.97981366459627, 32.975155279503106, 32.97204968944099, 32.97049689440994, 32.975155279503106, 32.97670807453416, 32.975155279503106, 32.97049689440993, 32.97826086956522, 32.97670807453416, 32.97670807453416, 32.97204968944099, 32.964285714285715, 32.964285714285715, 32.964285714285715, 32.96583850931677, 32.96739130434783, 32.96739130434783, 32.96894409937888, 32.9611801242236, 32.964285714285715, 32.96273291925466, 32.96583850931677, 32.9611801242236, 32.97204968944099, 32.96273291925466, 32.97204968944099, 32.97049689440994, 32.97204968944099, 32.97204968944099, 32.9611801242236, 32.97204968944099, 32.96894409937888, 32.96739130434783, 32.96739130434783, 32.96739130434783, 32.97981366459627, 32.97670807453416, 32.97049689440994, 32.97049689440994, 32.97049689440994, 32.975155279503106, 32.97360248447205, 32.97360248447205, 32.97204968944099, 32.97204968944099, 32.972049689441, 32.96894409937889, 32.97360248447205, 32.975155279503106, 32.976708074534166, 32.97049689440994, 32.96894409937889, 32.97049689440994, 32.97204968944099, 32.96583850931677, 32.975155279503106, 32.97049689440994, 32.972049689441, 32.975155279503106, 32.97670807453416, 32.97360248447205, 32.975155279503106, 32.97360248447205, 32.97360248447205]",0.9070996292902022,0.9349357859617935,33,"[33, 33, 33, 33, 33, 33, 33, 33, 33, 33, 33, 33, 33, 33, 33, 33, 33, 33, 33, 33, 33, 33, 33, 33, 33, 33, 33, 33, 33, 33, 33, 33, 33, 33, 33, 33, 33, 33, 33, 33, 33, 33, 33, 33, 33, 33, 33, 33, 33, 33, 33, 33, 33, 33, 33, 33, 33, 33, 33, 33, 33, 33, 33, 33, 33, 33, 33, 33, 33, 33, 33, 33, 33, 33, 33, 33, 33, 33, 33, 33, 33, 33, 33, 33, 33, 33, 33, 33, 33, 33, 33, 33, 33, 33, 33, 33, 33, 33, 33, 33, 33, 33, 33, 33, 33, 33, 33, 33, 33, 33, 33, 33, 33, 33, 33, 33, 33, 33, 33, 33, 33, 33, 33, 33, 33, 33, 33, 33, 33, 33, 33, 33, 33, 33, 33, 33, 33, 33, 33, 33, 33, 33, 33, 33, 33, 33, 33, 33, 33, 33, 33, 33, 33, 33, 33, 33, 33, 33, 33, 33, 33, 33, 33, 33, 33, 33, 33, 33, 33, 33, 33, 33, 33, 33, 33, 33, 33, 33, 33, 33, 33, 33, 33, 33, 33, 33, 33, 33, 33, 33, 33, 33, 33, 33, 33, 33, 33, 33, 33, 33, 33, 33, 33, 33, 33, 33, 33, 33, 33, 33, 33, 33, 33, 33, 33, 33, 33, 33, 33, 33, 33, 33, 33, 33, 33, 33, 33, 33, 33, 33, 33, 33, 33, 33, 33, 33, 33, 33, 33, 33, 33, 33, 33, 33, 33, 33, 33, 33, 33, 33, 33, 33, 33, 33, 33, 33, 33, 33, 33, 33, 33, 33, 33, 33, 33, 33, 33, 33, 33, 33, 33, 33, 33, 33, 33, 33, 33, 33, 33, 33, 33, 33, 33, 33, 33, 33, 33, 33, 33, 33, 33, 33, 33, 33, 33, 33, 33, 33, 33, 33, 33, 33, 33, 33, 33, 33, 33, 33, 33, 33, 33, 33, 33, 33, 33, 33, 33, 33, 33, 33, 33, 33, 33, 33, 33, 33, 33, 33, 33, 33, 33, 33, 33, 33, 33, 33, 33, 33, 33, 33, 33, 33, 33, 33, 33, 33, 33, 33, 33, 33, 33, 33, 33, 33, 33, 33, 33, 33, 33, 33, 33, 33, 33, 33, 33, 33, 33, 33, 33, 33, 33, 33, 33, 33, 33, 33, 33, 33, 33, 33, 33, 33, 33, 33, 33, 33, 33, 33, 33, 33, 33, 33, 33, 33, 33, 33, 33, 33, 33, 33, 33, 33, 33, 33, 33, 33, 33, 33, 33, 33, 33, 33, 33, 33, 33]",415,"[0.3788943588733673, 0.36836478114128113, 0.36319729685783386, 0.35683321952819824, 0.3453024625778198, 0.3412104845046997, 0.3376960754394531, 0.3305289149284363, 0.32904326915740967, 0.32081592082977295, 0.32077232003211975, 0.3111557066440582, 0.31009337306022644, 0.30247262120246887, 0.2952180504798889, 0.28859224915504456, 0.29166075587272644, 0.2797858417034149, 0.2786422669887543, 0.2670440673828125, 0.26332956552505493, 0.260149210691452, 0.25785231590270996, 0.2608293294906616, 0.25190266966819763, 0.2486029416322708, 0.24621424078941345, 0.2450631707906723, 0.24124379456043243, 0.24050557613372803, 0.23555955290794373, 0.24038176238536835, 0.2323947548866272, 0.23061875998973846, 0.23057419061660767, 0.22794486582279205, 0.22775235772132874, 0.22314241528511047, 0.22473596036434174, 0.21933966875076294, 0.2185455709695816, 0.2211838662624359, 0.21495546400547028, 0.22147518396377563, 0.2122545838356018, 0.21443770825862885, 0.20994222164154053, 0.2082856148481369, 0.2054116576910019, 0.20513683557510376, 0.2090711146593094, 0.2003110945224762, 0.20850254595279694, 0.19991141557693481, 0.20037923753261566, 0.19929265975952148, 0.1959863156080246, 0.20250511169433594, 0.19551633298397064, 0.19543075561523438, 0.20166432857513428, 0.19372032582759857, 0.19289745390415192, 0.1938084214925766, 0.19355474412441254, 0.19275951385498047, 0.1902443915605545, 0.19068507850170135, 0.19039206206798553, 0.1886036992073059, 0.19452667236328125, 0.1908862441778183, 0.18957827985286713, 0.18914704024791718, 0.19354109466075897, 0.18917520344257355, 0.18789681792259216, 0.19082850217819214, 0.18734468519687653, 0.193003848195076, 0.18471629917621613, 0.1838015615940094, 0.18656283617019653, 0.1837361454963684, 0.18388667702674866, 0.1829328089952469, 0.18845324218273163, 0.18989461660385132, 0.18831074237823486, 0.18541650474071503, 0.1927686631679535, 0.1845516413450241, 0.1841341257095337, 0.1867630034685135, 0.18705900013446808, 0.18030838668346405, 0.1878299117088318, 0.18156345188617706, 0.17967374622821808, 0.18053284287452698, 0.19005386531352997, 0.1840333193540573, 0.18462887406349182, 0.1942586749792099, 0.18694162368774414, 0.196861132979393, 0.18267598748207092, 0.18513774871826172, 0.18028689920902252, 0.1809217482805252, 0.1817712038755417, 0.1869630068540573, 0.17968904972076416, 0.18308870494365692, 0.1803925484418869, 0.1892503947019577, 0.18011033535003662, 0.17954613268375397, 0.17582730948925018, 0.1803581565618515, 0.18037530779838562, 0.1811584085226059, 0.17631353437900543, 0.17713268101215363, 0.18207429349422455, 0.17811468243598938, 0.17813526093959808, 0.18299587070941925, 0.17939212918281555, 0.1747814565896988, 0.17694908380508423, 0.18419885635375977, 0.1845504194498062, 0.18318675458431244, 0.17736075818538666, 0.17779488861560822, 0.18407326936721802, 0.18371444940567017, 0.18005342781543732, 0.17749004065990448, 0.17855267226696014, 0.17455963790416718, 0.17955201864242554, 0.17865319550037384, 0.18377256393432617, 0.18069228529930115, 0.1734408438205719, 0.17382274568080902, 0.18313871324062347, 0.18150916695594788, 0.17406901717185974, 0.17798744142055511, 0.1782243400812149, 0.17545944452285767, 0.17527683079242706, 0.1818208545446396, 0.17547675967216492, 0.17591844499111176, 0.174375519156456, 0.17207567393779755, 0.17720970511436462, 0.1725023239850998, 0.17379605770111084, 0.177208811044693, 0.17769093811511993, 0.1752723902463913, 0.18551240861415863, 0.17679212987422943, 0.17492905259132385, 0.17538663744926453, 0.18096564710140228, 0.18417800962924957, 0.17578063905239105, 0.17903579771518707, 0.17495445907115936, 0.17416423559188843, 0.17941179871559143, 0.17583008110523224, 0.17744512856006622, 0.17587707936763763, 0.18073776364326477, 0.17255955934524536, 0.17692360281944275, 0.17363972961902618, 0.1774178445339203, 0.1795148104429245, 0.17262466251850128, 0.18403790891170502, 0.17397500574588776, 0.1734994500875473, 0.1717570424079895, 0.18051421642303467, 0.18157048523426056, 0.17386837303638458, 0.18025195598602295, 0.1834520399570465, 0.1775674670934677, 0.17684732377529144, 0.1732403039932251, 0.1730995774269104, 0.1754523664712906, 0.17723208665847778, 0.17424793541431427, 0.1827058345079422, 0.1742888242006302, 0.17455750703811646, 0.18214082717895508, 0.1827380359172821, 0.17402701079845428, 0.18078197538852692, 0.17879579961299896, 0.1777021288871765, 0.18113400042057037, 0.1858331561088562, 0.18090444803237915, 0.17800447344779968, 0.18249402940273285, 0.17458295822143555, 0.17692407965660095, 0.17588256299495697, 0.17630557715892792, 0.1751958429813385, 0.1766083687543869, 0.18815013766288757, 0.17559760808944702, 0.17850564420223236, 0.18985609710216522, 0.1756531000137329, 0.18338347971439362, 0.17537589371204376, 0.1799408197402954, 0.1766902208328247, 0.18317998945713043, 0.17874424159526825, 0.17614246904850006, 0.17741777002811432, 0.17939609289169312, 0.19407285749912262, 0.1800769865512848, 0.1752055138349533, 0.1917576938867569, 0.1809038519859314, 0.1790897697210312, 0.1790161281824112, 0.17970134317874908, 0.1826489418745041, 0.18274042010307312, 0.1790962964296341, 0.18595731258392334, 0.18992984294891357, 0.1756775826215744, 0.1814558357000351, 0.18031013011932373, 0.17909976840019226, 0.18010368943214417, 0.17902053892612457, 0.18031515181064606, 0.17947328090667725, 0.17852845788002014, 0.18109138309955597, 0.1853305846452713, 0.18635287880897522, 0.1831042468547821, 0.18636280298233032, 0.18451443314552307, 0.18325825035572052, 0.18468838930130005, 0.1832970231771469, 0.1889813095331192, 0.18881914019584656, 0.18872995674610138, 0.18639428913593292, 0.18113872408866882, 0.18297933042049408, 0.18577097356319427, 0.19313348829746246, 0.18624310195446014, 0.18707072734832764, 0.1870369166135788, 0.1865989863872528, 0.1853483021259308, 0.18528097867965698, 0.18884120881557465, 0.18978801369667053, 0.18750566244125366, 0.1923939734697342, 0.1893416792154312, 0.1877613067626953, 0.18839389085769653, 0.18946266174316406, 0.18715019524097443, 0.1876259446144104, 0.19221492111682892, 0.19629164040088654, 0.1898631453514099, 0.19016587734222412, 0.19355636835098267, 0.1914130002260208, 0.18973690271377563, 0.19475147128105164, 0.19421663880348206, 0.1956249475479126, 0.19320444762706757, 0.19299185276031494, 0.19218383729457855, 0.20122703909873962, 0.1921330839395523, 0.19968344271183014, 0.19297625124454498, 0.19613906741142273, 0.19635334610939026, 0.1977308839559555, 0.19668109714984894, 0.1944812834262848, 0.20108261704444885, 0.19730699062347412, 0.19738465547561646, 0.19776737689971924, 0.20081163942813873, 0.19964005053043365, 0.19875779747962952, 0.20353609323501587, 0.20375777781009674, 0.20181556046009064, 0.20201443135738373, 0.20128576457500458, 0.20343215763568878, 0.2031053602695465, 0.2017417699098587, 0.20519298315048218, 0.20280592143535614, 0.20458753407001495, 0.207626074552536, 0.20859843492507935, 0.20551641285419464, 0.20814481377601624, 0.2062925547361374, 0.21044227480888367, 0.20670479536056519, 0.20884938538074493, 0.21116316318511963, 0.20787271857261658, 0.21298320591449738, 0.21084964275360107, 0.21467998623847961, 0.21285009384155273, 0.2127251774072647, 0.21080772578716278, 0.21218737959861755, 0.2156543880701065, 0.22516468167304993, 0.2156882882118225, 0.2143138349056244, 0.21686390042304993, 0.21424856781959534, 0.21613527834415436, 0.21529747545719147, 0.21874848008155823, 0.21892061829566956, 0.217595636844635, 0.21811576187610626, 0.21968881785869598, 0.21871335804462433, 0.22068043053150177, 0.21970225870609283, 0.21937812864780426, 0.22076743841171265, 0.2233375906944275, 0.22374309599399567, 0.22371569275856018, 0.223324254155159, 0.22257350385189056, 0.22330135107040405, 0.22600342333316803, 0.2267734855413437, 0.2265489399433136, 0.2275601625442505, 0.22746223211288452, 0.22516664862632751, 0.22913454473018646, 0.22835159301757812, 0.23145130276679993, 0.2290915548801422, 0.22958879172801971, 0.23096023499965668, 0.22967618703842163, 0.231012225151062, 0.22938203811645508, 0.23208263516426086, 0.23192353546619415, 0.2340751439332962, 0.23883070051670074, 0.23423676192760468, 0.23637790977954865, 0.23330801725387573, 0.23490051925182343, 0.23610788583755493, 0.23685511946678162, 0.23668915033340454, 0.23804925382137299, 0.23816850781440735, 0.239471435546875, 0.23806923627853394, 0.23840054869651794, 0.24124838411808014, 0.24410824477672577, 0.24122917652130127, 0.24205632507801056, 0.2453092634677887, 0.24446479976177216, 0.24469661712646484, 0.2439299076795578, 0.24347259104251862, 0.246852308511734, 0.2461422085762024]",33.0,"[33.0, 33.0, 33.0, 33.0, 33.0, 33.0, 33.0, 33.0, 33.0, 33.0, 33.0, 33.0, 33.0, 33.0, 33.0, 33.0, 33.0, 33.0, 33.0, 33.0, 33.0, 33.0, 33.0, 33.0, 33.0, 33.0, 33.0, 33.0, 33.0, 33.0, 33.0, 33.0, 33.0, 33.0, 33.0, 33.0, 33.0, 33.0, 33.0, 33.0, 33.0, 33.0, 33.0, 33.0, 33.0, 33.0, 33.0, 33.0, 33.0, 33.0, 33.0, 33.0, 33.0, 33.0, 33.0, 33.0, 33.0, 33.0, 33.0, 33.0, 33.0, 33.0, 33.0, 33.0, 33.0, 33.0, 33.0, 33.0, 33.0, 33.0, 33.0, 33.0, 33.0, 33.0, 33.0, 33.0, 33.0, 33.0, 33.0, 33.0, 33.0, 33.0, 33.0, 33.0, 33.0, 33.0, 33.0, 33.0, 33.0, 33.0, 33.0, 33.0, 33.0, 33.0, 33.0, 33.0, 33.0, 33.0, 33.0, 33.0, 33.0, 33.0, 33.0, 33.0, 33.0, 33.0, 33.0, 33.0, 33.0, 33.0, 33.0, 33.0, 33.0, 33.0, 33.0, 33.0, 33.0, 33.0, 33.0, 33.0, 33.0, 33.0, 33.0, 33.0, 33.0, 33.0, 33.0, 33.0, 33.0, 33.0, 33.0, 33.0, 33.0, 33.0, 33.0, 33.0, 33.0, 33.0, 33.0, 33.0, 33.0, 33.0, 33.0, 33.0, 33.0, 33.0, 33.0, 33.0, 33.0, 33.0, 33.0, 33.0, 33.0, 33.0, 33.0, 33.0, 33.0, 33.0, 33.0, 33.0, 33.0, 33.0, 33.0, 33.0, 33.0, 33.0, 33.0, 33.0, 33.0, 33.0, 33.0, 33.0, 33.0, 33.0, 33.0, 33.0, 33.0, 33.0, 33.0, 33.0, 33.0, 33.0, 33.0, 33.0, 33.0, 33.0, 33.0, 33.0, 33.0, 33.0, 33.0, 33.0, 33.0, 33.0, 33.0, 33.0, 33.0, 33.0, 33.0, 33.0, 33.0, 33.0, 33.0, 33.0