,number,value,datetime_start,datetime_complete,duration,params_batch_size_scaler,params_constant_learning_rate,params_depth,params_epochs,params_kernel_l2,params_num_trees,params_temperature,user_attrs_accuracy_test,user_attrs_accuracy_valid,user_attrs_approximate_feature_sparsity,user_attrs_approximate_feature_sparsity_history,user_attrs_approximate_weight_sparsity,user_attrs_approximate_weight_sparsity_history,user_attrs_auc_test,user_attrs_auc_valid,user_attrs_feature_sparsity,user_attrs_feature_sparsity_history,user_attrs_num_epochs,user_attrs_val_loss_history,user_attrs_weight_sparsity,user_attrs_weight_sparsity_history,state
154,154,0.9307557547886798,2024-08-31 07:43:57.260282,2024-08-31 07:53:02.459707,0 days 00:09:05.199425,1,0.30193759772630757,5,270,0.0072417965142440735,87,0.00018261274980607662,0.936,0.93625,32,"[33, 33, 33, 33, 33, 33, 33, 33, 33, 33, 33, 33, 33, 33, 33, 33, 33, 33, 33, 33, 33, 33, 33, 33, 33, 33, 33, 33, 33, 33, 33, 33, 33, 33, 33, 33, 33, 33, 33, 33, 33, 33, 33, 33, 33, 33, 33, 33, 33, 33, 33, 33, 33, 33, 33, 33, 33, 33, 33, 33, 33, 33, 33, 33, 33, 33, 33, 33, 33, 33, 33, 33, 33, 33, 33, 33, 33, 33, 33, 33, 33, 33, 33, 33, 33, 33, 33, 33, 33, 33, 33, 33, 33, 33, 33, 33, 33, 33, 33, 33, 33, 33, 33, 33, 33, 33, 33, 33, 33, 33, 33, 33, 33, 33, 33, 33, 33, 33, 33, 33, 33, 33, 33, 33, 33, 33, 33, 33, 33, 33, 32, 32, 32, 32, 32, 32, 32, 32, 32, 32, 32, 32, 32, 32, 32, 32, 32, 32, 32, 32, 32, 32, 32, 32, 32, 32, 32, 32, 32, 32, 32, 32, 32, 32, 32, 32, 32, 32, 32, 32, 32, 32, 32, 32, 32, 32, 32, 32, 32, 32, 32, 32, 32, 32, 32, 32, 32, 32, 32, 32, 32, 32, 32, 32, 32, 32, 32, 32, 32, 32, 32, 32, 32, 32, 32, 32, 32, 32, 32, 32, 32, 32, 32, 32, 32, 32, 32, 32, 32, 32, 32, 32, 32, 32, 32, 32, 32, 32, 32, 32, 32, 32, 32, 32, 32, 32, 32, 32, 32, 32, 32, 32, 32, 32, 32, 32, 32, 32, 32, 32, 32, 32, 32, 32, 32, 32, 32, 32, 32, 32, 32, 32, 32, 32, 32, 32, 32, 32, 32, 32]",31.938450129773823,"[32.929922135706335, 32.93325917686318, 32.93066370040786, 32.923989618094176, 32.929551353355585, 32.9321468298109, 32.93437152391546, 32.93251761216166, 32.92880978865406, 32.9358546533185, 32.938820912124584, 32.93288839451242, 32.939562476826104, 32.938820912124584, 32.938820912124584, 32.93511308861698, 32.93362995921394, 32.92806822395254, 32.936225435669265, 32.93474230626622, 32.92955135335558, 32.941045606229146, 32.92918057100482, 32.938820912124584, 32.94178717093067, 32.937708565072306, 32.93845012977383, 32.936225435669265, 32.936967000370785, 32.9340007415647, 32.932888394512425, 32.9358546533185, 32.92880978865406, 32.92361883574342, 32.92806822395254, 32.92992213570634, 32.93807934742306, 32.94512421208751, 32.9377085650723, 32.9414163885799, 32.93807934742306, 32.93807934742306, 32.94067482387838, 32.943641082684465, 32.94215795328142, 32.93807934742306, 32.9358546533185, 32.93733778272154, 32.93362995921394, 32.934371523915466, 32.938820912124584, 32.946236559139784, 32.93288839451242, 32.94067482387838, 32.937708565072306, 32.948461253244346, 32.94549499443826, 32.936225435669265, 32.93733778272154, 32.941045606229146, 32.94252873563219, 32.943641082684465, 32.944382647385986, 32.94883203559511, 32.94327030033371, 32.94660734149055, 32.948461253244346, 32.943641082684465, 32.93807934742306, 32.94512421208751, 32.939562476826104, 32.93251761216166, 32.93511308861698, 32.939562476826104, 32.93474230626622, 32.939562476826104, 32.94252873563219, 32.93993325917686, 32.943641082684465, 32.94067482387838, 32.935483870967744, 32.94178717093067, 32.948461253244346, 32.94883203559511, 32.94178717093066, 32.93993325917686, 32.946236559139784, 32.943641082684465, 32.93696700037078, 32.94883203559511, 32.9432703003337, 32.9488320355951, 32.9414163885799, 32.938820912124584, 32.942899517982944, 32.94734890619206, 32.944382647385986, 32.947719688542826, 32.94920281794587, 32.946236559139784, 32.93919169447534, 32.94401186503522, 32.94438264738598, 32.939562476826104, 32.93807934742306, 32.934371523915466, 32.934371523915466, 32.9340007415647, 32.93288839451242, 32.93474230626622, 32.9321468298109, 32.9302929180571, 32.93177604746014, 32.93066370040786, 32.92880978865406, 32.92992213570634, 32.93325917686318, 32.92955135335558, 32.9340007415647, 32.931405265109376, 32.940304041527625, 32.93659621802002, 32.93807934742306, 32.93919169447534, 32.93622543566926, 32.93993325917686, 32.93511308861698, 32.935483870967744, 32.93919169447534, 32.93177604746014, 31.940304041527618, 31.942899517982944, 31.941045606229142, 31.945494994438263, 31.944382647385986, 31.939191694475344, 31.941416388579903, 31.942157953281423, 31.942899517982944, 31.946236559139784, 31.946978123841305, 31.944011865035225, 31.944382647385982, 31.946607341490544, 31.94438264738598, 31.946607341490544, 31.946607341490544, 31.946607341490544, 31.948090470893582, 31.940674823878386, 31.948461253244343, 31.945124212087503, 31.945865776789024, 31.939562476826104, 31.937337782721546, 31.945494994438267, 31.945494994438267, 31.941416388579903, 31.943270300333705, 31.9451242120875, 31.94549499443826, 31.944382647385986, 31.944382647385986, 31.945865776789024, 31.944011865035222, 31.945124212087503, 31.941045606229142, 31.93993325917686, 31.945494994438263, 31.944011865035222, 31.942157953281423, 31.940674823878382, 31.941416388579903, 31.93993325917686, 31.94252873563218, 31.942528735632184, 31.938450129773823, 31.93845012977382, 31.939562476826104, 31.936967000370785, 31.936225435669265, 31.944382647385986, 31.94030404152762, 31.937337782721542, 31.9414163885799, 31.9395624768261, 31.93919169447534, 31.936225435669257, 31.936225435669265, 31.939562476826104, 31.941045606229146, 31.93919169447534, 31.94104560622914, 31.94364108268446, 31.941787170930663, 31.94030404152762, 31.940304041527618, 31.93659621802002, 31.932888394512418, 31.93659621802002, 31.938450129773823, 31.93511308861698, 31.93696700037078, 31.934000741564702, 31.93362995921394, 31.935483870967744, 31.937708565072302, 31.940304041527618, 31.94178717093066, 31.940674823878382, 31.940674823878382, 31.941045606229146, 31.944011865035225, 31.945124212087507, 31.944753429736746, 31.944011865035225, 31.945494994438267, 31.946236559139788, 31.944382647385982, 31.942899517982944, 31.94734890619207, 31.945494994438267, 31.942899517982944, 31.945865776789024, 31.942157953281423, 31.941787170930663, 31.941787170930663, 31.941787170930663, 31.941045606229142, 31.942157953281423, 31.941787170930667, 31.941045606229146, 31.939191694475344, 31.938450129773827, 31.937708565072306, 31.941045606229146, 31.940674823878382, 31.937708565072302, 31.9358546533185, 31.93659621802002, 31.93993325917686, 31.9395624768261, 31.93993325917686, 31.93807934742306, 31.937708565072302, 31.936596218020018, 31.93696700037078, 31.93845012977382, 31.937337782721542, 31.936596218020018, 31.93474230626622, 31.93659621802002, 31.93733778272154, 31.93919169447534, 31.93548387096774, 31.93882091212458, 31.94030404152762, 31.941045606229142, 31.941045606229142, 31.941045606229142, 31.941787170930663, 31.94067482387838, 31.940674823878382, 31.93993325917686, 31.938820912124584, 31.941045606229146, 31.937708565072306, 31.938820912124584, 31.938079347423063, 31.938450129773823]",0.9086765907908751,0.9307557547886798,32,"[33, 33, 33, 33, 33, 33, 33, 33, 33, 33, 33, 33, 33, 33, 33, 33, 33, 33, 33, 33, 33, 33, 33, 33, 33, 33, 33, 33, 33, 33, 33, 33, 33, 33, 33, 33, 33, 33, 33, 33, 33, 33, 33, 33, 33, 33, 33, 33, 33, 33, 33, 33, 33, 33, 33, 33, 33, 33, 33, 33, 33, 33, 33, 33, 33, 33, 33, 33, 33, 33, 33, 33, 33, 33, 33, 33, 33, 33, 33, 33, 33, 33, 33, 33, 33, 33, 33, 33, 33, 33, 33, 33, 33, 33, 33, 33, 33, 33, 33, 33, 33, 33, 33, 33, 33, 33, 33, 33, 33, 33, 33, 33, 33, 33, 33, 33, 33, 33, 33, 33, 33, 33, 33, 33, 33, 33, 33, 33, 33, 33, 32, 32, 32, 32, 32, 32, 32, 32, 32, 32, 32, 32, 32, 32, 32, 32, 32, 32, 32, 32, 32, 32, 32, 32, 32, 32, 32, 32, 32, 32, 32, 32, 32, 32, 32, 32, 32, 32, 32, 32, 32, 32, 32, 32, 32, 32, 32, 32, 32, 32, 32, 32, 32, 32, 32, 32, 32, 32, 32, 32, 32, 32, 32, 32, 32, 32, 32, 32, 32, 32, 32, 32, 32, 32, 32, 32, 32, 32, 32, 32, 32, 32, 32, 32, 32, 32, 32, 32, 32, 32, 32, 32, 32, 32, 32, 32, 32, 32, 32, 32, 32, 32, 32, 32, 32, 32, 32, 32, 32, 32, 32, 32, 32, 32, 32, 32, 32, 32, 32, 32, 32, 32, 32, 32, 32, 32, 32, 32, 32, 32, 32, 32, 32, 32, 32, 32, 32, 32, 32, 32]",270,"[0.3702712953090668, 0.34968531131744385, 0.3442193865776062, 0.34149378538131714, 0.32177966833114624, 0.3032117784023285, 0.2805291712284088, 0.2610754668712616, 0.25036609172821045, 0.24470272660255432, 0.23668017983436584, 0.23421162366867065, 0.22552631795406342, 0.22107920050621033, 0.2138236165046692, 0.21331283450126648, 0.21094051003456116, 0.20535537600517273, 0.2077077031135559, 0.2035299688577652, 0.19807006418704987, 0.19712448120117188, 0.2064201533794403, 0.19743825495243073, 0.1933649778366089, 0.19719980657100677, 0.19047655165195465, 0.19207161664962769, 0.18835094571113586, 0.18581528961658478, 0.1890426129102707, 0.2026970535516739, 0.19540570676326752, 0.18393586575984955, 0.18348175287246704, 0.18946050107479095, 0.17844811081886292, 0.17932899296283722, 0.19075630605220795, 0.17740459740161896, 0.1750125139951706, 0.17183181643486023, 0.17291928827762604, 0.17493405938148499, 0.17586156725883484, 0.17928673326969147, 0.17968089878559113, 0.1733349859714508, 0.1742827296257019, 0.17513921856880188, 0.16904331743717194, 0.1773187518119812, 0.18584488332271576, 0.17537778615951538, 0.17819127440452576, 0.178171306848526, 0.17696155607700348, 0.17892199754714966, 0.17253610491752625, 0.19888053834438324, 0.18260644376277924, 0.1889788657426834, 0.18053464591503143, 0.19506800174713135, 0.18289673328399658, 0.19008411467075348, 0.18602198362350464, 0.19655269384384155, 0.18190424144268036, 0.19008630514144897, 0.18981894850730896, 0.19826741516590118, 0.19303832948207855, 0.19380468130111694, 0.20069386065006256, 0.20608961582183838, 0.2004399448633194, 0.19915065169334412, 0.1972835510969162, 0.19438178837299347, 0.20090150833129883, 0.20007717609405518, 0.19808217883110046, 0.19927667081356049, 0.1973566859960556, 0.20782843232154846, 0.21407364308834076, 0.21626609563827515, 0.21335050463676453, 0.20441967248916626, 0.22356171905994415, 0.2129341959953308, 0.2081238031387329, 0.20973758399486542, 0.21217605471611023, 0.2107769250869751, 0.2114214450120926, 0.20823164284229279, 0.21449299156665802, 0.21426501870155334, 0.20900243520736694, 0.22079208493232727, 0.21703973412513733, 0.2211887389421463, 0.2250097244977951, 0.2225448042154312, 0.23059280216693878, 0.2208428829908371, 0.21159636974334717, 0.21624048054218292, 0.21931928396224976, 0.2174573540687561, 0.245219886302948, 0.22515182197093964, 0.22321824729442596, 0.23845840990543365, 0.22482158243656158, 0.22165831923484802, 0.23144420981407166, 0.2439529001712799, 0.23419441282749176, 0.23867200314998627, 0.25180208683013916, 0.2359430491924286, 0.23892217874526978, 0.23809948563575745, 0.23686100542545319, 0.2539016902446747, 0.24425195157527924, 0.24310514330863953, 0.2486596256494522, 0.25090304017066956, 0.24797281622886658, 0.2527531087398529, 0.24707479774951935, 0.25891798734664917, 0.24696624279022217, 0.25954410433769226, 0.2508155107498169, 0.2502216100692749, 0.2636133134365082, 0.2681262493133545, 0.26872870326042175, 0.2755380868911743, 0.259235680103302, 0.2689638137817383, 0.26064446568489075, 0.2691938579082489, 0.2679969370365143, 0.26303139328956604, 0.2688869833946228, 0.27427786588668823, 0.27386239171028137, 0.2711154818534851, 0.27030548453330994, 0.27461767196655273, 0.28026658296585083, 0.2825985252857208, 0.27980270981788635, 0.28572791814804077, 0.2790963649749756, 0.2787803113460541, 0.28183579444885254, 0.2825067639350891, 0.28238022327423096, 0.28589919209480286, 0.2895987629890442, 0.28812921047210693, 0.28642186522483826, 0.28766798973083496, 0.2893264889717102, 0.2941291332244873, 0.2913631200790405, 0.29119426012039185, 0.2953428328037262, 0.29020634293556213, 0.29454758763313293, 0.29707327485084534, 0.2972050905227661, 0.2987387180328369, 0.3014968931674957, 0.2995806932449341, 0.3002251088619232, 0.30324670672416687, 0.30328911542892456, 0.30276963114738464, 0.3055030405521393, 0.30601146817207336, 0.30523887276649475, 0.30267050862312317, 0.30427086353302, 0.3056735396385193, 0.30770304799079895, 0.30792826414108276, 0.3070375919342041, 0.3055996596813202, 0.3105769753456116, 0.313498318195343, 0.30816450715065, 0.31360283493995667, 0.3111323416233063, 0.3114747107028961, 0.3152908384799957, 0.3151109218597412, 0.31288960576057434, 0.31444016098976135, 0.3139401972293854, 0.3167230784893036, 0.31537190079689026, 0.31758368015289307, 0.3158200979232788, 0.3203231394290924, 0.3186285197734833, 0.3188416063785553, 0.3194621801376343, 0.32070571184158325, 0.32098662853240967, 0.319954514503479, 0.32243064045906067, 0.3239492177963257, 0.32229822874069214, 0.32230475544929504, 0.32616615295410156, 0.32506421208381653, 0.3237746059894562, 0.32585838437080383, 0.3266657292842865, 0.3262424170970917, 0.32863280177116394, 0.328169047832489, 0.32783713936805725, 0.3285866677761078, 0.3285922110080719, 0.33022961020469666, 0.3308776021003723, 0.3314295709133148, 0.33006441593170166, 0.331386536359787, 0.3297334313392639, 0.33257362246513367, 0.3337157964706421, 0.33206281065940857, 0.33354273438453674, 0.3343207836151123, 0.3333386480808258, 0.33382996916770935, 0.3343127369880676, 0.3339306712150574, 0.333914190530777, 0.33625108003616333, 0.3363586664199829, 0.3360801041126251, 0.3376035690307617, 0.3379114866256714, 0.3381669223308563, 0.33839380741119385, 0.3386000096797943, 0.33939802646636963, 0.34015408158302307, 0.3404432535171509, 0.34037670493125916, 0.341669499874115, 0.34048160910606384, 0.34077557921409607, 0.34170830249786377, 0.3409091830253601, 0.34292101860046387, 0.34292906522750854, 0.3428787589073181, 0.3430779278278351]",32.0,"[33.0, 33.0, 33.0, 33.0, 33.0, 33.0, 33.0, 33.0, 33.0, 33.0, 33.0, 33.0, 33.0, 33.0, 33.0, 33.0, 33.0, 33.0, 33.0, 33.0, 33.0, 33.0, 33.0, 33.0, 33.0, 33.0, 33.0, 33.0, 33.0, 33.0, 33.0, 33.0, 33.0, 33.0, 33.0, 33.0, 33.0, 33.0, 33.0, 33.0, 33.0, 33.0, 33.0, 33.0, 33.0, 33.0, 33.0, 33.0, 33.0, 33.0, 33.0, 33.0, 33.0, 33.0, 33.0, 33.0, 33.0, 33.0, 33.0, 33.0, 33.0, 33.0, 33.0, 33.0, 33.0, 33.0, 33.0, 33.0, 33.0, 33.0, 33.0, 33.0, 33.0, 33.0, 33.0, 33.0, 33.0, 33.0, 33.0, 33.0, 33.0, 33.0, 33.0, 33.0, 33.0, 33.0, 33.0, 33.0, 33.0, 33.0, 33.0, 33.0, 33.0, 33.0, 33.0, 33.0, 33.0, 33.0, 33.0, 33.0, 33.0, 33.0, 33.0, 33.0, 33.0, 33.0, 33.0, 33.0, 33.0, 33.0, 33.0, 33.0, 33.0, 33.0, 33.0, 33.0, 33.0, 33.0, 33.0, 33.0, 33.0, 33.0, 33.0, 33.0, 33.0, 33.0, 33.0, 33.0, 33.0, 33.0, 32.0, 32.0, 32.0, 32.0, 32.0, 32.0, 32.0, 32.0, 32.0, 32.0, 32.0, 32.0, 32.0, 32.0, 32.0, 32.0, 32.0, 32.0, 32.0, 32.0, 32.0, 32.0, 32.0, 32.0, 32.0, 32.0, 32.0, 32.0, 32.0, 32.0, 32.0, 32.0, 32.0, 32.0, 32.0, 32.0, 32.0, 32.0, 32.0, 32.0, 32.0, 32.0, 32.0, 32.0, 32.0, 32.0, 32.0, 32.0, 32.0, 32.0, 32.0, 32.0, 32.0, 32.0, 32.0, 32.0, 32.0, 32.0, 32.0, 32.0, 32.0, 32.0, 32.0, 32.0, 32.0, 32.0, 32.0, 32.0, 32.0, 32.0, 32.0, 32.0, 32.0, 32.0, 32.0, 32.0, 32.0, 32.0, 32.0, 32.0, 32.0, 32.0, 32.0, 32.0, 32.0, 32.0, 32.0, 32.0, 32.0, 32.0, 32.0, 32.0, 32.0, 32.0, 32.0, 32.0, 32.0, 32.0, 32.0, 32.0, 32.0, 32.0, 32.0, 32.0, 32.0, 32.0, 32.0, 32.0, 32.0, 32.0, 32.0, 32.0, 32.0, 32.0, 32.0, 32.0, 32.0, 32.0, 32.0, 32.0, 32.0, 32.0, 32.0, 32.0, 32.0, 32.0, 32.0, 32.0, 32.0, 32.0, 32.0, 32.0, 32.0, 32.0, 32.0, 32.0, 32.0, 32.0, 32.0, 32.0]",COMPLETE
