,number,value,datetime_start,datetime_complete,duration,params_batch_size_scaler,params_constant_learning_rate,params_depth,params_epochs,params_kernel_l2,params_num_trees,params_temperature,user_attrs_accuracy_test,user_attrs_accuracy_valid,user_attrs_approximate_feature_sparsity,user_attrs_approximate_feature_sparsity_history,user_attrs_approximate_weight_sparsity,user_attrs_approximate_weight_sparsity_history,user_attrs_auc_test,user_attrs_auc_valid,user_attrs_feature_sparsity,user_attrs_feature_sparsity_history,user_attrs_num_epochs,user_attrs_val_loss_history,user_attrs_weight_sparsity,user_attrs_weight_sparsity_history,state
50,50,0.5,2024-08-31 02:34:54.285561,2024-08-31 02:35:22.580960,0 days 00:00:28.295399,64,1.3996391890717825,1,470,0.006661374662830029,85,0.011555652145713042,0.859,0.85875,0,"[33, 33, 33, 21, 5, 3, 3, 3, 3, 3, 3, 2, 1, 0, 0, 0, 0, 0, 0, 0, 0, 0, 0, 0, 0, 0, 0, 0, 0, 0, 0, 0, 0, 0, 0, 0, 0, 0, 0, 0, 0, 0, 0, 0, 0, 0, 0, 0, 0, 0, 0, 0, 0, 0, 0, 0, 0, 0, 0, 0, 0, 0, 0, 0, 0, 0, 0, 0, 0, 0, 0, 0, 0, 0, 0, 0, 0, 0, 0, 0, 0, 0, 0, 0, 0, 0, 0, 0, 0, 0, 0, 0, 0, 0, 0, 0, 0, 0, 0, 0, 0, 0, 0, 0, 0, 0, 0, 0, 0, 0, 0, 0, 0, 0, 0, 0, 0, 0, 0, 0, 0, 0, 0, 0, 0, 0, 0, 0, 0, 0, 0, 0, 0, 0, 0, 0, 0, 0, 0, 0, 0, 0, 0, 0, 0, 0, 0, 0, 0, 0, 0, 0, 0, 0, 0, 0, 0, 0, 0, 0, 0, 0, 0, 0, 0, 0, 0, 0, 0, 0, 0, 0, 0, 0, 0, 0, 0, 0, 0, 0, 0, 0, 0, 0, 0, 0, 0, 0, 0, 0, 0, 0, 0, 0, 0, 0, 0, 0, 0, 0, 0, 0, 0, 0, 0, 0, 0, 0, 0, 0, 0, 0, 0, 0, 0, 0, 0, 0, 0, 0, 0, 0, 0, 0, 0, 0, 0, 0, 0, 0, 0, 0, 0, 0, 0, 0, 0, 0, 0, 0, 0, 0, 0, 0, 0, 0, 0, 0, 0, 0, 0, 0, 0, 0, 0, 0, 0, 0, 0, 0, 0, 0, 0, 0, 0, 0, 0, 0, 0, 0, 0, 0, 0, 0, 0, 0, 0, 0, 0, 0, 0, 0, 0, 0, 0, 0, 0, 0, 0, 0, 0, 0, 0, 0, 0, 0, 0, 0, 0, 0, 0, 0, 0, 0, 0, 0, 0, 0, 0, 0, 0, 0, 0, 0, 0, 0, 0, 0, 0, 0, 0, 0, 0, 0, 0, 0, 0, 0, 0, 0, 0, 0, 0, 0, 0, 0, 0, 0, 0, 0, 0, 0, 0, 0, 0, 0, 0, 0, 0, 0, 0, 0, 0, 0, 0, 0, 0, 0, 0, 0, 0, 0, 0, 0, 0, 0, 0, 0, 0, 0, 0, 0, 0, 0, 0, 0, 0, 0, 0, 0, 0, 0, 0, 0, 0, 0, 0, 0, 0, 0, 0, 0, 0, 0, 0, 0, 0, 0, 0, 0, 0, 0, 0, 0, 0, 0, 0, 0, 0, 0, 0, 0, 0, 0, 0, 0, 0, 0, 0, 0, 0, 0, 0, 0, 0, 0, 0, 0, 0, 0, 0, 0, 0, 0, 0, 0, 0, 0, 0, 0, 0, 0, 0, 0, 0, 0, 0, 0, 0, 0, 0, 0, 0, 0, 0, 0, 0, 0, 0, 0, 0, 0, 0, 0, 0, 0, 0, 0, 0, 0]",0.0,"[32.98823529411764, 32.98823529411764, 32.98823529411764, 20.941176470588236, 5.0, 2.988235294117647, 3.0, 3.0, 3.0, 3.0, 3.0, 2.0, 1.0, 0.0, 0.0, 0.0, 0.0, 0.0, 0.0, 0.0, 0.0, 0.0, 0.0, 0.0, 0.0, 0.0, 0.0, 0.0, 0.0, 0.0, 0.0, 0.0, 0.0, 0.0, 0.0, 0.0, 0.0, 0.0, 0.0, 0.0, 0.0, 0.0, 0.0, 0.0, 0.0, 0.0, 0.0, 0.0, 0.0, 0.0, 0.0, 0.0, 0.0, 0.0, 0.0, 0.0, 0.0, 0.0, 0.0, 0.0, 0.0, 0.0, 0.0, 0.0, 0.0, 0.0, 0.0, 0.0, 0.0, 0.0, 0.0, 0.0, 0.0, 0.0, 0.0, 0.0, 0.0, 0.0, 0.0, 0.0, 0.0, 0.0, 0.0, 0.0, 0.0, 0.0, 0.0, 0.0, 0.0, 0.0, 0.0, 0.0, 0.0, 0.0, 0.0, 0.0, 0.0, 0.0, 0.0, 0.0, 0.0, 0.0, 0.0, 0.0, 0.0, 0.0, 0.0, 0.0, 0.0, 0.0, 0.0, 0.0, 0.0, 0.0, 0.0, 0.0, 0.0, 0.0, 0.0, 0.0, 0.0, 0.0, 0.0, 0.0, 0.0, 0.0, 0.0, 0.0, 0.0, 0.0, 0.0, 0.0, 0.0, 0.0, 0.0, 0.0, 0.0, 0.0, 0.0, 0.0, 0.0, 0.0, 0.0, 0.0, 0.0, 0.0, 0.0, 0.0, 0.0, 0.0, 0.0, 0.0, 0.0, 0.0, 0.0, 0.0, 0.0, 0.0, 0.0, 0.0, 0.0, 0.0, 0.0, 0.0, 0.0, 0.0, 0.0, 0.0, 0.0, 0.0, 0.0, 0.0, 0.0, 0.0, 0.0, 0.0, 0.0, 0.0, 0.0, 0.0, 0.0, 0.0, 0.0, 0.0, 0.0, 0.0, 0.0, 0.0, 0.0, 0.0, 0.0, 0.0, 0.0, 0.0, 0.0, 0.0, 0.0, 0.0, 0.0, 0.0, 0.0, 0.0, 0.0, 0.0, 0.0, 0.0, 0.0, 0.0, 0.0, 0.0, 0.0, 0.0, 0.0, 0.0, 0.0, 0.0, 0.0, 0.0, 0.0, 0.0, 0.0, 0.0, 0.0, 0.0, 0.0, 0.0, 0.0, 0.0, 0.0, 0.0, 0.0, 0.0, 0.0, 0.0, 0.0, 0.0, 0.0, 0.0, 0.0, 0.0, 0.0, 0.0, 0.0, 0.0, 0.0, 0.0, 0.0, 0.0, 0.0, 0.0, 0.0, 0.0, 0.0, 0.0, 0.0, 0.0, 0.0, 0.0, 0.0, 0.0, 0.0, 0.0, 0.0, 0.0, 0.0, 0.0, 0.0, 0.0, 0.0, 0.0, 0.0, 0.0, 0.0, 0.0, 0.0, 0.0, 0.0, 0.0, 0.0, 0.0, 0.0, 0.0, 0.0, 0.0, 0.0, 0.0, 0.0, 0.0, 0.0, 0.0, 0.0, 0.0, 0.0, 0.0, 0.0, 0.0, 0.0, 0.0, 0.0, 0.0, 0.0, 0.0, 0.0, 0.0, 0.0, 0.0, 0.0, 0.0, 0.0, 0.0, 0.0, 0.0, 0.0, 0.0, 0.0, 0.0, 0.0, 0.0, 0.0, 0.0, 0.0, 0.0, 0.0, 0.0, 0.0, 0.0, 0.0, 0.0, 0.0, 0.0, 0.0, 0.0, 0.0, 0.0, 0.0, 0.0, 0.0, 0.0, 0.0, 0.0, 0.0, 0.0, 0.0, 0.0, 0.0, 0.0, 0.0, 0.0, 0.0, 0.0, 0.0, 0.0, 0.0, 0.0, 0.0, 0.0, 0.0, 0.0, 0.0, 0.0, 0.0, 0.0, 0.0, 0.0, 0.0, 0.0, 0.0, 0.0, 0.0, 0.0, 0.0, 0.0, 0.0, 0.0, 0.0, 0.0, 0.0, 0.0, 0.0, 0.0, 0.0, 0.0, 0.0, 0.0, 0.0, 0.0, 0.0, 0.0, 0.0, 0.0, 0.0, 0.0, 0.0, 0.0, 0.0, 0.0, 0.0, 0.0, 0.0, 0.0, 0.0, 0.0, 0.0, 0.0, 0.0, 0.0, 0.0, 0.0, 0.0, 0.0, 0.0, 0.0, 0.0, 0.0, 0.0, 0.0, 0.0, 0.0, 0.0, 0.0, 0.0, 0.0, 0.0, 0.0, 0.0, 0.0, 0.0, 0.0, 0.0, 0.0, 0.0, 0.0, 0.0, 0.0, 0.0, 0.0, 0.0, 0.0, 0.0, 0.0, 0.0, 0.0, 0.0, 0.0, 0.0, 0.0, 0.0, 0.0, 0.0, 0.0, 0.0, 0.0, 0.0, 0.0, 0.0, 0.0, 0.0, 0.0, 0.0, 0.0, 0.0, 0.0, 0.0, 0.0, 0.0, 0.0, 0.0, 0.0, 0.0, 0.0]",0.5,0.5,0,"[33, 33, 33, 21, 5, 3, 3, 3, 3, 3, 3, 2, 1, 0, 0, 0, 0, 0, 0, 0, 0, 0, 0, 0, 0, 0, 0, 0, 0, 0, 0, 0, 0, 0, 0, 0, 0, 0, 0, 0, 0, 0, 0, 0, 0, 0, 0, 0, 0, 0, 0, 0, 0, 0, 0, 0, 0, 0, 0, 0, 0, 0, 0, 0, 0, 0, 0, 0, 0, 0, 0, 0, 0, 0, 0, 0, 0, 0, 0, 0, 0, 0, 0, 0, 0, 0, 0, 0, 0, 0, 0, 0, 0, 0, 0, 0, 0, 0, 0, 0, 0, 0, 0, 0, 0, 0, 0, 0, 0, 0, 0, 0, 0, 0, 0, 0, 0, 0, 0, 0, 0, 0, 0, 0, 0, 0, 0, 0, 0, 0, 0, 0, 0, 0, 0, 0, 0, 0, 0, 0, 0, 0, 0, 0, 0, 0, 0, 0, 0, 0, 0, 0, 0, 0, 0, 0, 0, 0, 0, 0, 0, 0, 0, 0, 0, 0, 0, 0, 0, 0, 0, 0, 0, 0, 0, 0, 0, 0, 0, 0, 0, 0, 0, 0, 0, 0, 0, 0, 0, 0, 0, 0, 0, 0, 0, 0, 0, 0, 0, 0, 0, 0, 0, 0, 0, 0, 0, 0, 0, 0, 0, 0, 0, 0, 0, 0, 0, 0, 0, 0, 0, 0, 0, 0, 0, 0, 0, 0, 0, 0, 0, 0, 0, 0, 0, 0, 0, 0, 0, 0, 0, 0, 0, 0, 0, 0, 0, 0, 0, 0, 0, 0, 0, 0, 0, 0, 0, 0, 0, 0, 0, 0, 0, 0, 0, 0, 0, 0, 0, 0, 0, 0, 0, 0, 0, 0, 0, 0, 0, 0, 0, 0, 0, 0, 0, 0, 0, 0, 0, 0, 0, 0, 0, 0, 0, 0, 0, 0, 0, 0, 0, 0, 0, 0, 0, 0, 0, 0, 0, 0, 0, 0, 0, 0, 0, 0, 0, 0, 0, 0, 0, 0, 0, 0, 0, 0, 0, 0, 0, 0, 0, 0, 0, 0, 0, 0, 0, 0, 0, 0, 0, 0, 0, 0, 0, 0, 0, 0, 0, 0, 0, 0, 0, 0, 0, 0, 0, 0, 0, 0, 0, 0, 0, 0, 0, 0, 0, 0, 0, 0, 0, 0, 0, 0, 0, 0, 0, 0, 0, 0, 0, 0, 0, 0, 0, 0, 0, 0, 0, 0, 0, 0, 0, 0, 0, 0, 0, 0, 0, 0, 0, 0, 0, 0, 0, 0, 0, 0, 0, 0, 0, 0, 0, 0, 0, 0, 0, 0, 0, 0, 0, 0, 0, 0, 0, 0, 0, 0, 0, 0, 0, 0, 0, 0, 0, 0, 0, 0, 0, 0, 0, 0, 0, 0, 0, 0, 0, 0, 0, 0, 0, 0, 0, 0, 0, 0, 0, 0, 0, 0, 0, 0, 0, 0, 0, 0, 0, 0, 0, 0]",470,"[13.906399726867676, 3.8041014671325684, 10.07695198059082, 0.7776342630386353, 12.60022258758545, 2.8250133991241455, 11.222955703735352, 1.4736123085021973, 8.899760246276855, 4.042830467224121, 1.7462058067321777, 2.252671003341675, 0.7364560961723328, 13.477869033813477, 4.651716709136963, 2.3579208850860596, 0.608065128326416, 2.7911505699157715, 5.730106830596924, 12.725732803344727, 3.6313164234161377, 10.952402114868164, 1.1869162321090698, 8.155060768127441, 6.797784805297852, 5.954103946685791, 13.284162521362305, 4.111738204956055, 10.610124588012695, 1.4440243244171143, 8.794281959533691, 2.9696855545043945, 5.484477519989014, 12.428802490234375, 2.3483169078826904, 1.245926856994629, 8.3567533493042, 6.954441547393799, 5.924510478973389, 12.99856185913086, 3.4953198432922363, 11.141755104064941, 1.5242342948913574, 8.593404769897461, 3.443704843521118, 6.204080581665039, 13.485481262207031, 3.6386919021606445, 11.280623435974121, 2.123272180557251, 8.612190246582031, 3.3304903507232666, 5.950067043304443, 13.134466171264648, 3.6326231956481934, 11.282502174377441, 1.436124324798584, 8.959800720214844, 6.089187145233154, 7.091405868530273, 3.212973117828369, 10.88279914855957, 1.0370835065841675, 8.455232620239258, 9.15019416809082, 5.7972517013549805, 12.641096115112305, 3.02449369430542, 9.632122039794922, 0.9358555674552917, 8.717384338378906, 9.656620025634766, 5.02488374710083, 0.8867970108985901, 0.46317002177238464, 8.802163124084473, 1.626310110092163, 4.348060131072998, 10.331404685974121, 0.9691217541694641, 0.9241986870765686, 8.019905090332031, 7.361433506011963, 5.858974456787109, 12.816191673278809, 3.1995999813079834, 10.628793716430664, 0.4819095730781555, 9.152234077453613, 1.084449052810669, 1.912900686264038, 7.334318161010742, 0.7827233672142029, 8.493256568908691, 11.016729354858398, 5.490591049194336, 14.224331855773926, 5.182111740112305, 12.005828857421875, 2.848733425140381, 10.15758991241455, 1.0013341903686523, 7.857122898101807, 9.371365547180176, 5.990719795227051, 13.636421203613281, 3.445460319519043, 10.644518852233887, 1.487451195716858, 8.828612327575684, 2.0894742012023926, 5.132192611694336, 13.603662490844727, 4.216818809509277, 10.971440315246582, 1.2401295900344849, 8.542255401611328, 8.623685836791992, 6.572756290435791, 13.722238540649414, 4.335395336151123, 11.888215065002441, 2.0418779850006104, 7.489123344421387, 7.282950401306152, 5.412074089050293, 13.00619888305664, 3.8491039276123047, 11.128242492675781, 1.282019019126892, 8.466564178466797, 10.479523658752441, 5.464056968688965, 12.535224914550781, 2.2293899059295654, 3.346423387527466, 10.534772872924805, 1.0337251424789429, 9.262609481811523, 4.948785781860352, 6.436399936676025, 13.877062797546387, 4.375347137451172, 7.766199111938477, 8.521319389343262, 7.049036979675293, 6.7962141036987305, 12.985002517700195, 3.598159074783325, 11.595976829528809, 1.6347739696502686, 8.266873359680176, 10.979975700378418, 5.266915321350098, 12.543928146362305, 2.812464714050293, 11.173598289489746, 1.2125736474990845, 7.135827541351318, 2.6049411296844482, 12.705174446105957, 3.088583469390869, 10.468806266784668, 0.6345884799957275, 8.586864471435547, 2.8019680976867676, 5.7413482666015625, 12.930192947387695, 3.428478956222534, 11.095499038696289, 1.9384058713912964, 8.255483627319336, 4.026761531829834, 6.142464637756348, 13.6640043258667, 4.621784210205078, 7.460301399230957, 1.5168113708496094, 8.892692565917969, 1.2064498662948608, 2.9372832775115967, 10.523065567016602, 1.366033673286438, 8.98518180847168, 5.237622261047363, 6.633606433868408, 14.394287109375, 5.0074462890625, 2.2287790775299072, 6.138270378112793, 13.195116996765137, 4.152895927429199, 11.210915565490723, 1.9389500617980957, 9.065966606140137, 2.048841953277588, 5.525391101837158, 13.140281677246094, 3.408817768096924, 10.011627197265625, 2.5408356189727783, 6.588407039642334, 14.27639389038086, 3.740812301635742, 11.488154411315918, 2.101311445236206, 1.0665853023529053, 8.146578788757324, 6.029393196105957, 6.066308498382568, 14.17047119140625, 4.668755531311035, 4.684424877166748, 12.73659896850586, 3.0051352977752686, 10.218340873718262, 0.947601318359375, 8.269023895263672, 7.46034049987793, 5.7281813621521, 13.043970108032227, 4.1166229248046875, 11.844012260437012, 1.7679306268692017, 9.17025375366211, 5.508747577667236, 6.369377613067627, 13.965807914733887, 4.349217414855957, 10.218056678771973, 0.6289194226264954, 10.292562484741211, 5.3799285888671875, 12.649038314819336, 3.377070903778076, 10.692448616027832, 1.6502354145050049, 8.024262428283691, 7.342548847198486, 5.632242202758789, 13.213314056396484, 2.9074807167053223, 11.094027519226074, 1.707189679145813, 9.138694763183594, 4.308823108673096, 5.794473648071289, 12.86968994140625, 2.563857078552246, 9.945662498474121, 2.2649080753326416, 5.955071449279785, 13.024662971496582, 2.9485771656036377, 9.674717903137207, 0.8573126196861267, 0.9697101712226868, 8.977245330810547, 5.285747528076172, 7.087217807769775, 8.08090591430664, 8.508816719055176, 6.476695537567139, 13.217939376831055, 3.6013476848602295, 10.918220520019531, 1.7611297369003296, 8.884988784790039, 1.7897591590881348, 5.237324237823486, 8.004993438720703, 5.754757881164551, 12.978092193603516, 2.672257661819458, 10.187137603759766, 0.4099147915840149, 10.440740585327148, 1.0544729232788086, 8.707035064697266, 6.925799369812012, 6.158261775970459, 12.739145278930664, 3.811798334121704, 11.43407917022705, 1.5877550840377808, 9.085843086242676, 1.3687214851379395, 3.7967967987060547, 10.277161598205566, 1.349886417388916, 8.965505599975586, 6.05426025390625, 6.177545070648193, 13.695691108703613, 4.538597583770752, 7.317256927490234, 0.40739303827285767, 12.741718292236328, 3.240002393722534, 10.839871406555176, 1.4530636072158813, 8.628093719482422, 6.7063727378845215, 5.733331203460693, 12.70361328125, 3.316770315170288, 10.8587646484375, 0.8992906808853149, 8.34376335144043, 1.5803613662719727, 5.013859748840332, 3.4562342166900635, 11.000463485717773, 1.9582446813583374, 8.661969184875488, 3.0368847846984863, 5.741969108581543, 13.519519805908203, 3.788055419921875, 11.197961807250977, 1.696251630783081, 9.250094413757324, 0.676216721534729, 8.232248306274414, 8.376913070678711, 5.808966636657715, 13.14981460571289, 4.22246789932251, 11.837175369262695, 1.9908369779586792, 8.62915325164795, 5.304290294647217, 5.706445217132568, 13.864706039428711, 4.47786283493042, 10.105414390563965, 0.9495337009429932, 8.386092185974121, 9.566814422607422, 5.613996505737305, 11.797856330871582, 1.9515178203582764, 8.522168159484863, 5.950589656829834, 6.192790508270264, 13.827343940734863, 3.9810051918029785, 11.344880104064941, 1.8431670665740967, 8.087915420532227, 7.043756008148193, 5.909806728363037, 12.981098175048828, 4.053750991821289, 11.081628799438477, 1.0063518285751343, 8.205880165100098, 10.63824462890625, 5.093337535858154, 13.162885665893555, 3.431422710418701, 10.75121784210205, 1.1349530220031738, 9.01612377166748, 4.355182647705078, 7.171057224273682, 6.914322376251221, 8.110823631286621, 13.298466682434082, 5.1153244972229, 14.071956634521484, 4.455367565155029, 11.114990234375, 1.3835821151733398, 8.650164604187012, 3.106050968170166, 5.998164176940918, 13.413908958435059, 4.027066707611084, 11.079394340515137, 1.3480024337768555, 8.396434783935547, 6.706275463104248, 6.192845344543457, 13.825634956359863, 3.9792957305908203, 11.699470520019531, 3.1167449951171875, 11.084067344665527, 1.3526718616485596, 8.173359870910645, 6.59483528137207, 5.980535984039307, 13.279875755310059, 4.237655162811279, 11.079362869262695, 1.4628052711486816, 8.051178932189941, 12.22143840789795, 5.062729835510254, 3.307528495788574, 10.983745574951172, 1.9415249824523926, 7.5464606285095215, 2.381956100463867, 5.401793003082275, 11.732444763183594, 2.115854263305664, 7.621107578277588, 7.100579738616943, 6.245351791381836, 13.16104507446289, 3.5444552898406982, 10.728714942932129, 0.8843126893043518, 7.757564544677734, 10.998329162597656, 6.297762393951416, 12.57159423828125, 2.955003261566162, 10.858007431030273, 1.7009186744689941, 8.57465648651123, 8.427353858947754, 5.3412275314331055, 12.742107391357422, 2.6660192012786865, 13.952134132385254, 4.335543155670166, 8.697776794433594, 2.8282310962677, 6.560612678527832, 14.413888931274414, 3.878304958343506, 11.703422546386719, 1.9719605445861816, 9.164667129516602, 6.240174770355225, 6.494386196136475, 13.348562240600586, 3.7319724559783936, 11.144453048706055, 1.1834698915481567, 9.292974472045898, 0.9857580661773682, 1.2703640460968018, 8.457846641540527, 3.55461049079895, 6.452206611633301, 12.807905197143555, 2.961566209793091, 10.502645492553711, 1.116173267364502, 8.074974060058594, 7.107558727264404, 5.899621486663818, 13.105112075805664, 3.948018789291382, 12.032710075378418, 2.4161176681518555, 9.646780014038086, 0.9525051712989807, 1.4914953708648682, 8.774923324584961, 3.732250452041626, 6.243001937866211, 13.397927284240723, 3.3218417167663574, 10.986812591552734, 1.599981665611267]",0.0,"[33.0, 33.0, 33.0, 21.0, 5.0, 3.0, 3.0, 3.0, 3.0, 3.0, 3.0, 2.0, 1.0, 0.0, 0.0, 0.0, 0.0, 0.0, 0.0, 0.0, 0.0, 0.0, 0.0, 0.0, 0.0, 0.0, 0.0, 0.0, 0.0, 0.0, 0.0, 0.0, 0.0, 0.0, 0.0, 0.0, 0.0, 0.0, 0.0, 0.0, 0.0, 0.0, 0.0, 0.0, 0.0, 0.0, 0.0, 0.0, 0.0, 0.0, 0.0, 0.0, 0.0, 0.0, 0.0, 0.0, 0.0, 0.0, 0.0, 0.0, 0.0, 0.0, 0.0, 0.0, 0.0, 0.0, 0.0, 0.0, 0.0, 0.0, 0.0, 0.0, 0.0, 0.0, 0.0, 0.0, 0.0, 0.0, 0.0, 0.0, 0.0, 0.0, 0.0, 0.0, 0.0, 0.0, 0.0, 0.0, 0.0, 0.0, 0.0, 0.0, 0.0, 0.0, 0.0, 0.0, 0.0, 0.0, 0.0, 0.0, 0.0, 0.0, 0.0, 0.0, 0.0, 0.0, 0.0, 0.0, 0.0, 0.0, 0.0, 0.0, 0.0, 0.0, 0.0, 0.0, 0.0, 0.0, 0.0, 0.0, 0.0, 0.0, 0.0, 0.0, 0.0, 0.0, 0.0, 0.0, 0.0, 0.0, 0.0, 0.0, 0.0, 0.0, 0.0, 0.0, 0.0, 0.0, 0.0, 0.0, 0.0, 0.0, 0.0, 0.0, 0.0, 0.0, 0.0, 0.0, 0.0, 0.0, 0.0, 0.0, 0.0, 0.0, 0.0, 0.0, 0.0, 0.0, 0.0, 0.0, 0.0, 0.0, 0.0, 0.0, 0.0, 0.0, 0.0, 0.0, 0.0, 0.0, 0.0, 0.0, 0.0, 0.0, 0.0, 0.0, 0.0, 0.0, 0.0, 0.0, 0.0, 0.0, 0.0, 0.0, 0.0, 0.0, 0.0, 0.0, 0.0, 0.0, 0.0, 0.0, 0.0, 0.0, 0.0, 0.0, 0.0, 0.0, 0.0, 0.0, 0.0, 0.0, 0.0, 0.0, 0.0, 0.0, 0.0, 0.0, 0.0, 0.0, 0.0, 0.0, 0.0, 0.0, 0.0, 0.0, 0.0, 0.0, 0.0, 0.0, 0.0, 0.0, 0.0, 0.0, 0.0, 0.0, 0.0, 0.0, 0.0, 0.0, 0.0, 0.0, 0.0, 0.0, 0.0, 0.0, 0.0, 0.0, 0.0, 0.0, 0.0, 0.0, 0.0, 0.0, 0.0, 0.0, 0.0, 0.0, 0.0, 0.0, 0.0, 0.0, 0.0, 0.0, 0.0, 0.0, 0.0, 0.0, 0.0, 0.0, 0.0, 0.0, 0.0, 0.0, 0.0, 0.0, 0.0, 0.0, 0.0, 0.0, 0.0, 0.0, 0.0, 0.0, 0.0, 0.0, 0.0, 0.0, 0.0, 0.0, 0.0, 0.0, 0.0, 0.0, 0.0, 0.0, 0.0, 0.0, 0.0, 0.0, 0.0, 0.0, 0.0, 0.0, 0.0, 0.0, 0.0, 0.0, 0.0, 0.0, 0.0, 0.0, 0.0, 0.0, 0.0, 0.0, 0.0, 0.0, 0.0, 0.0, 0.0, 0.0, 0.0, 0.0, 0.0, 0.0, 0.0, 0.0, 0.0, 0.0, 0.0, 0.0, 0.0, 0.0, 0.0, 0.0, 0.0, 0.0, 0.0, 0.0, 0.0, 0.0, 0.0, 0.0, 0.0, 0.0, 0.0, 0.0, 0.0, 0.0, 0.0, 0.0, 0.0, 0.0, 0.0, 0.0, 0.0, 0.0, 0.0, 0.0, 0.0, 0.0, 0.0, 0.0, 0.0, 0.0, 0.0, 0.0, 0.0, 0.0, 0.0, 0.0, 0.0, 0.0, 0.0, 0.0, 0.0, 0.0, 0.0, 0.0, 0.0, 0.0, 0.0, 0.0, 0.0, 0.0, 0.0, 0.0, 0.0, 0.0, 0.0, 0.0, 0.0, 0.0, 0.0, 0.0, 0.0, 0.0, 0.0, 0.0, 0.0, 0.0, 0.0, 0.0, 0.0, 0.0, 0.0, 0.0, 0.0, 0.0, 0.0, 0.0, 0.0, 0.0, 0.0, 0.0, 0.0, 0.0, 0.0, 0.0, 0.0, 0.0, 0.0, 0.0, 0.0, 0.0, 0.0, 0.0, 0.0, 0.0, 0.0, 0.0, 0.0, 0.0, 0.0, 0.0, 0.0, 0.0, 0.0, 0.0, 0.0, 0.0, 0.0, 0.0, 0.0, 0.0, 0.0, 0.0, 0.0, 0.0, 0.0, 0.0, 0.0, 0.0, 0.0, 0.0, 0.0, 0.0, 0.0, 0.0, 0.0, 0.0, 0.0, 0.0, 0.0, 0.0, 0.0, 0.0, 0.0, 0.0, 0.0, 0.0, 0.0, 0.0, 0.0, 0.0, 0.0, 0.0, 0.0, 0.0]",COMPLETE
