,number,value,datetime_start,datetime_complete,duration,params_batch_size_scaler,params_constant_learning_rate,params_depth,params_epochs,params_kernel_l2,params_num_trees,params_temperature,user_attrs_accuracy_test,user_attrs_accuracy_valid,user_attrs_approximate_feature_sparsity,user_attrs_approximate_feature_sparsity_history,user_attrs_approximate_weight_sparsity,user_attrs_approximate_weight_sparsity_history,user_attrs_auc_test,user_attrs_auc_valid,user_attrs_feature_sparsity,user_attrs_feature_sparsity_history,user_attrs_num_epochs,user_attrs_val_loss_history,user_attrs_weight_sparsity,user_attrs_weight_sparsity_history,state
81,81,0.8848398191444139,2024-08-31 04:08:04.826800,2024-08-31 04:09:38.384404,0 days 00:01:33.557604,4,0.01078270068521495,3,365,0.0032456223546618343,38,0.0017312954073945067,0.892,0.88625,33,"[33, 33, 33, 33, 33, 33, 33, 33, 33, 33, 33, 33, 33, 33, 33, 33, 33, 33, 33, 33, 33, 33, 33, 33, 33, 33, 33, 33, 33, 33, 33, 33, 33, 33, 33, 33, 33, 33, 33, 33, 33, 33, 33, 33, 33, 33, 33, 33, 33, 33, 33, 33, 33, 33, 33, 33, 33, 33, 33, 33, 33, 33, 33, 33, 33, 33, 33, 33, 33, 33, 33, 33, 33, 33, 33, 33, 33, 33, 33, 33, 33, 33, 33, 33, 33, 33, 33, 33, 33, 33, 33, 33, 33, 33, 33, 33, 33, 33, 33, 33, 33, 33, 33, 33, 33, 33, 33, 33, 33, 33, 33, 33, 33, 33, 33, 33, 33, 33, 33, 33, 33, 33, 33, 33, 33, 33, 33, 33, 33, 33, 33, 33, 33, 33, 33, 33, 33, 33, 33, 33, 33, 33, 33, 33, 33, 33, 33, 33, 33, 33, 33, 33, 33, 33, 33, 33, 33, 33, 33, 33, 33, 33, 33, 33, 33, 33, 33, 33, 33, 33, 33, 33, 33, 33, 33, 33, 33, 33, 33, 33, 33, 33, 33, 33, 33, 33, 33, 33, 33, 33, 33, 33, 33, 33, 33, 33, 33, 33, 33, 33, 33, 33, 33, 33, 33, 33, 33, 33, 33, 33, 33, 33, 33, 33, 33, 33, 33, 33, 33, 33, 33, 33, 33, 33, 33, 33, 33, 33, 33, 33, 33, 33, 33, 33, 33, 33, 33, 33, 33, 33, 33, 33, 33, 33, 33, 33, 33, 33, 33, 33, 33, 33, 33, 33, 33, 33, 33, 33, 33, 33, 33, 33, 33, 33, 33, 33, 33, 33, 33, 33, 33, 33, 33, 33, 33, 33, 33, 33, 33, 33, 33, 33, 33, 33, 33, 33, 33, 33, 33, 33, 33, 33, 33, 33, 33, 33, 33, 33, 33, 33, 33, 33, 33, 33, 33, 33, 33, 33, 33, 33, 33, 33, 33, 33, 33, 33, 33, 33, 33, 33, 33, 33, 33, 33, 33, 33, 33, 33, 33, 33, 33, 33, 33, 33, 33, 33, 33, 33, 33, 33, 33, 33, 33, 33, 33, 33, 33, 33, 33, 33, 33, 33, 33, 33, 33, 33, 33, 33, 33, 33, 33, 33, 33, 33, 33]",32.98872180451128,"[32.97744360902256, 32.962406015037594, 32.96616541353384, 32.97744360902256, 32.973684210526315, 32.962406015037594, 32.96992481203007, 32.97744360902256, 32.962406015037594, 32.98872180451128, 32.98872180451128, 32.98872180451128, 32.973684210526315, 32.984962406015036, 32.98120300751879, 32.97744360902256, 32.97744360902256, 32.96616541353384, 32.973684210526315, 32.973684210526315, 32.96616541353384, 32.96992481203007, 32.95864661654135, 32.962406015037594, 32.96616541353384, 32.96992481203007, 32.96992481203007, 32.962406015037594, 32.95864661654136, 32.962406015037594, 32.962406015037594, 32.962406015037594, 32.943609022556394, 32.95112781954887, 32.95864661654136, 32.95864661654135, 32.962406015037594, 32.95864661654136, 32.95112781954887, 32.94360902255639, 32.95864661654135, 32.96616541353384, 32.97744360902256, 32.973684210526315, 32.962406015037594, 32.95864661654135, 32.95864661654135, 32.973684210526315, 32.973684210526315, 32.96992481203007, 32.97744360902256, 32.973684210526315, 32.973684210526315, 32.98872180451128, 32.98872180451128, 32.97744360902256, 32.992481203007515, 32.984962406015036, 32.9812030075188, 32.984962406015036, 32.9812030075188, 32.992481203007515, 32.992481203007515, 32.984962406015036, 32.992481203007515, 32.984962406015036, 32.984962406015036, 32.98872180451128, 32.9812030075188, 32.9812030075188, 32.9812030075188, 32.98872180451128, 32.984962406015036, 32.984962406015036, 32.984962406015036, 32.973684210526315, 32.9812030075188, 32.97744360902256, 32.973684210526315, 32.96992481203007, 32.96992481203007, 32.973684210526315, 32.962406015037594, 32.962406015037594, 32.96616541353383, 32.96992481203007, 32.96616541353383, 32.962406015037594, 32.973684210526315, 32.96992481203007, 32.962406015037594, 32.97744360902256, 32.973684210526315, 32.96616541353384, 32.984962406015036, 32.9812030075188, 32.984962406015036, 32.98872180451128, 32.9812030075188, 32.9812030075188, 32.984962406015036, 32.973684210526315, 32.96992481203007, 32.973684210526315, 32.973684210526315, 32.973684210526315, 32.973684210526315, 32.97744360902256, 32.97744360902256, 32.984962406015036, 32.97744360902256, 32.97744360902256, 32.97744360902256, 32.962406015037594, 32.95864661654136, 32.94736842105263, 32.954887218045116, 32.962406015037594, 32.96992481203007, 32.97744360902256, 32.96616541353384, 32.962406015037594, 32.962406015037594, 32.96992481203007, 32.95864661654136, 32.973684210526315, 32.96616541353383, 32.98120300751879, 32.9812030075188, 32.97744360902256, 32.98120300751879, 32.98120300751879, 32.97744360902256, 32.96616541353384, 32.954887218045116, 32.962406015037594, 32.95864661654136, 32.96616541353384, 32.97744360902256, 32.97744360902256, 32.9812030075188, 32.9812030075188, 32.9812030075188, 32.97744360902256, 32.96992481203007, 32.96992481203007, 32.973684210526315, 32.973684210526315, 32.973684210526315, 32.962406015037594, 32.96616541353384, 32.973684210526315, 32.97744360902256, 32.96616541353384, 32.96616541353384, 32.96992481203007, 32.97744360902256, 32.9812030075188, 32.97744360902256, 32.973684210526315, 32.9812030075188, 32.973684210526315, 32.973684210526315, 32.973684210526315, 32.973684210526315, 32.96616541353384, 32.96616541353384, 32.9812030075188, 32.9812030075188, 32.984962406015036, 32.984962406015036, 32.984962406015036, 32.9812030075188, 32.96616541353383, 32.96992481203007, 32.9812030075188, 32.984962406015036, 32.984962406015036, 32.98872180451128, 32.9812030075188, 32.984962406015036, 32.98872180451128, 32.992481203007515, 32.992481203007515, 32.992481203007515, 32.98872180451128, 32.984962406015036, 32.98872180451128, 32.984962406015036, 32.98872180451128, 32.992481203007515, 32.992481203007515, 32.98872180451128, 32.98872180451128, 32.9812030075188, 32.9812030075188, 32.984962406015036, 32.97744360902256, 32.984962406015036, 32.984962406015036, 32.973684210526315, 32.973684210526315, 32.973684210526315, 32.96616541353383, 32.96992481203007, 32.96616541353384, 32.962406015037594, 32.943609022556394, 32.96616541353383, 32.96616541353384, 32.9812030075188, 32.98872180451128, 32.98872180451128, 32.992481203007515, 32.98872180451128, 32.984962406015036, 32.984962406015036, 32.98872180451128, 32.973684210526315, 32.973684210526315, 32.9812030075188, 32.98872180451128, 32.9812030075188, 32.96992481203007, 32.973684210526315, 32.984962406015036, 32.98872180451128, 32.992481203007515, 32.992481203007515, 32.99624060150376, 32.992481203007515, 32.98872180451128, 32.98872180451128, 32.98120300751879, 32.98872180451128, 32.984962406015036, 32.9812030075188, 32.9812030075188, 32.97744360902256, 32.984962406015036, 32.97744360902256, 32.98872180451128, 32.984962406015036, 32.992481203007515, 32.96992481203007, 32.973684210526315, 32.97744360902256, 32.98120300751879, 32.96616541353384, 32.96992481203007, 32.96616541353384, 32.96616541353384, 32.954887218045116, 32.962406015037594, 32.962406015037594, 32.962406015037594, 32.96992481203007, 32.96616541353384, 32.97744360902256, 32.973684210526315, 32.96616541353383, 32.973684210526315, 32.96616541353384, 32.96992481203007, 32.9812030075188, 32.984962406015036, 32.984962406015036, 32.984962406015036, 32.9812030075188, 32.97744360902256, 32.9812030075188, 32.9812030075188, 32.97744360902256, 32.973684210526315, 32.96992481203007, 32.9812030075188, 32.97744360902256, 32.984962406015036, 32.9812030075188, 32.984962406015036, 32.9812030075188, 32.984962406015036, 32.98120300751879, 32.984962406015036, 32.97744360902256, 32.97744360902256, 32.96616541353384, 32.96992481203007, 32.9812030075188, 32.992481203007515, 32.992481203007515, 32.992481203007515, 32.98872180451128, 32.9812030075188, 32.96992481203007, 32.984962406015036, 32.9812030075188, 32.98872180451128, 32.98872180451128, 32.984962406015036, 32.984962406015036, 32.984962406015036, 32.992481203007515, 32.99624060150376, 32.99624060150376, 32.992481203007515, 32.98872180451128, 32.98120300751879, 32.992481203007515, 32.9812030075188, 32.9812030075188, 32.984962406015036, 32.984962406015036, 32.98872180451128, 32.98872180451128, 32.984962406015036, 32.992481203007515, 32.992481203007515, 32.992481203007515, 32.98872180451128, 32.973684210526315, 32.9812030075188, 32.98120300751879, 32.98872180451128, 32.984962406015036, 32.9812030075188, 32.973684210526315, 32.97744360902256, 32.973684210526315, 32.973684210526315, 32.97744360902256, 32.984962406015036, 32.98120300751879, 32.984962406015036, 32.98120300751879, 32.984962406015036, 32.97744360902256, 32.97744360902256, 32.97744360902256, 32.97744360902256, 32.973684210526315, 32.96616541353384, 32.9812030075188, 32.97744360902256, 32.96992481203007, 32.96992481203007, 32.97744360902256, 32.97744360902256, 32.96616541353384, 32.96616541353384, 32.9812030075188, 32.97744360902256, 32.984962406015036, 32.97744360902256, 32.984962406015036, 32.99624060150376, 32.992481203007515, 32.992481203007515, 32.98872180451128, 32.98872180451128, 32.984962406015036, 32.98872180451128, 32.99624060150376, 32.99624060150376, 32.98872180451128]",0.8708130020888548,0.8848398191444139,33,"[33, 33, 33, 33, 33, 33, 33, 33, 33, 33, 33, 33, 33, 33, 33, 33, 33, 33, 33, 33, 33, 33, 33, 33, 33, 33, 33, 33, 33, 33, 33, 33, 33, 33, 33, 33, 33, 33, 33, 33, 33, 33, 33, 33, 33, 33, 33, 33, 33, 33, 33, 33, 33, 33, 33, 33, 33, 33, 33, 33, 33, 33, 33, 33, 33, 33, 33, 33, 33, 33, 33, 33, 33, 33, 33, 33, 33, 33, 33, 33, 33, 33, 33, 33, 33, 33, 33, 33, 33, 33, 33, 33, 33, 33, 33, 33, 33, 33, 33, 33, 33, 33, 33, 33, 33, 33, 33, 33, 33, 33, 33, 33, 33, 33, 33, 33, 33, 33, 33, 33, 33, 33, 33, 33, 33, 33, 33, 33, 33, 33, 33, 33, 33, 33, 33, 33, 33, 33, 33, 33, 33, 33, 33, 33, 33, 33, 33, 33, 33, 33, 33, 33, 33, 33, 33, 33, 33, 33, 33, 33, 33, 33, 33, 33, 33, 33, 33, 33, 33, 33, 33, 33, 33, 33, 33, 33, 33, 33, 33, 33, 33, 33, 33, 33, 33, 33, 33, 33, 33, 33, 33, 33, 33, 33, 33, 33, 33, 33, 33, 33, 33, 33, 33, 33, 33, 33, 33, 33, 33, 33, 33, 33, 33, 33, 33, 33, 33, 33, 33, 33, 33, 33, 33, 33, 33, 33, 33, 33, 33, 33, 33, 33, 33, 33, 33, 33, 33, 33, 33, 33, 33, 33, 33, 33, 33, 33, 33, 33, 33, 33, 33, 33, 33, 33, 33, 33, 33, 33, 33, 33, 33, 33, 33, 33, 33, 33, 33, 33, 33, 33, 33, 33, 33, 33, 33, 33, 33, 33, 33, 33, 33, 33, 33, 33, 33, 33, 33, 33, 33, 33, 33, 33, 33, 33, 33, 33, 33, 33, 33, 33, 33, 33, 33, 33, 33, 33, 33, 33, 33, 33, 33, 33, 33, 33, 33, 33, 33, 33, 33, 33, 33, 33, 33, 33, 33, 33, 33, 33, 33, 33, 33, 33, 33, 33, 33, 33, 33, 33, 33, 33, 33, 33, 33, 33, 33, 33, 33, 33, 33, 33, 33, 33, 33, 33, 33, 33, 33, 33, 33, 33, 33, 33, 33, 33, 33]",365,"[0.4325701892375946, 0.4078480899333954, 0.40159836411476135, 0.398396760225296, 0.3960780203342438, 0.39408671855926514, 0.39226001501083374, 0.39058253169059753, 0.38902202248573303, 0.3875843286514282, 0.3862280249595642, 0.3849809169769287, 0.3838129937648773, 0.38273006677627563, 0.3817123472690582, 0.3807561993598938, 0.37985679507255554, 0.3789958655834198, 0.37819671630859375, 0.3774494528770447, 0.3767380118370056, 0.3760543465614319, 0.3754035532474518, 0.3748200535774231, 0.37421196699142456, 0.3736543357372284, 0.3731617331504822, 0.3726198673248291, 0.37210774421691895, 0.3716433644294739, 0.37119701504707336, 0.37074634432792664, 0.37032589316368103, 0.36988526582717896, 0.3695133626461029, 0.36909252405166626, 0.3687168061733246, 0.36832740902900696, 0.3679150342941284, 0.36757636070251465, 0.3672049641609192, 0.3668676018714905, 0.3665085732936859, 0.3661414086818695, 0.3658408224582672, 0.36548179388046265, 0.36517134308815, 0.36486226320266724, 0.3645283877849579, 0.3641975522041321, 0.363863080739975, 0.3635598421096802, 0.36327746510505676, 0.36295440793037415, 0.36265885829925537, 0.36231568455696106, 0.36199063062667847, 0.3616862893104553, 0.3613641858100891, 0.3610864281654358, 0.3607715368270874, 0.36047399044036865, 0.36019811034202576, 0.35989758372306824, 0.3595910668373108, 0.3592804968357086, 0.3590058386325836, 0.35871973633766174, 0.358390212059021, 0.358081579208374, 0.3578033447265625, 0.3574789762496948, 0.3571823835372925, 0.35690248012542725, 0.35660186409950256, 0.35631507635116577, 0.3559902310371399, 0.35568714141845703, 0.3553958833217621, 0.3550914525985718, 0.3548072874546051, 0.35450348258018494, 0.35420292615890503, 0.3539099097251892, 0.35361993312835693, 0.35333195328712463, 0.3530223071575165, 0.3527677059173584, 0.3524390459060669, 0.3521430194377899, 0.3518628776073456, 0.35155490040779114, 0.3512663245201111, 0.3509773015975952, 0.3506712317466736, 0.35039272904396057, 0.3501320779323578, 0.3498340845108032, 0.3495097756385803, 0.349257230758667, 0.3489200472831726, 0.34861084818840027, 0.34831228852272034, 0.3480426073074341, 0.3477301001548767, 0.3474259674549103, 0.34712353348731995, 0.34684714674949646, 0.3465665876865387, 0.34628093242645264, 0.3459915816783905, 0.34567791223526, 0.34540069103240967, 0.345112144947052, 0.3448304831981659, 0.34457796812057495, 0.34425318241119385, 0.3439564108848572, 0.34365421533584595, 0.3433733284473419, 0.34308570623397827, 0.342783123254776, 0.3424875736236572, 0.3422047793865204, 0.3418770730495453, 0.3416140079498291, 0.34129855036735535, 0.34101176261901855, 0.34072163701057434, 0.34040406346321106, 0.3401462435722351, 0.33988338708877563, 0.3395526111125946, 0.3392728567123413, 0.33899521827697754, 0.33873480558395386, 0.3383979797363281, 0.33807429671287537, 0.33776047825813293, 0.33748167753219604, 0.3371850848197937, 0.3368963599205017, 0.3365754783153534, 0.33627521991729736, 0.33601680397987366, 0.33573803305625916, 0.3354756832122803, 0.3351665139198303, 0.3348064720630646, 0.334502249956131, 0.3341955542564392, 0.33391204476356506, 0.3336552083492279, 0.3333469033241272, 0.33305996656417847, 0.33273017406463623, 0.3324447572231293, 0.3321361243724823, 0.33182963728904724, 0.331547349691391, 0.3312259912490845, 0.330952525138855, 0.3306776285171509, 0.3303578495979309, 0.330059289932251, 0.3297824561595917, 0.3294997811317444, 0.3292064666748047, 0.3288936913013458, 0.3285762667655945, 0.3282770812511444, 0.32796627283096313, 0.32764601707458496, 0.3273516893386841, 0.3270793855190277, 0.32673728466033936, 0.3264461159706116, 0.3261246085166931, 0.32582980394363403, 0.3254944086074829, 0.32518279552459717, 0.3248973488807678, 0.3245936334133148, 0.32425782084465027, 0.32397136092185974, 0.3236304521560669, 0.32330310344696045, 0.32301318645477295, 0.322681188583374, 0.32240134477615356, 0.3220665454864502, 0.32176142930984497, 0.3214190602302551, 0.32109305262565613, 0.3207840323448181, 0.32047411799430847, 0.3201312720775604, 0.3198111057281494, 0.3194892704486847, 0.31917956471443176, 0.31888434290885925, 0.31861159205436707, 0.3182438611984253, 0.3178901970386505, 0.3175540864467621, 0.3172469139099121, 0.31692245602607727, 0.31659042835235596, 0.3162376284599304, 0.3159058392047882, 0.31558358669281006, 0.3152786195278168, 0.31493744254112244, 0.3146151304244995, 0.31432029604911804, 0.31397318840026855, 0.31363463401794434, 0.3132823407649994, 0.31295767426490784, 0.31258857250213623, 0.3122802972793579, 0.31194964051246643, 0.3116089701652527, 0.3112649619579315, 0.310935914516449, 0.31058594584465027, 0.3102755844593048, 0.3099329173564911, 0.30956849455833435, 0.30923759937286377, 0.30891913175582886, 0.30856040120124817, 0.30823713541030884, 0.3079014718532562, 0.3075393736362457, 0.30720531940460205, 0.30686894059181213, 0.3065342307090759, 0.3061806559562683, 0.3059106171131134, 0.3055665194988251, 0.30519235134124756, 0.30491867661476135, 0.3045070767402649, 0.30412906408309937, 0.30378174781799316, 0.3034430742263794, 0.3031444847583771, 0.3027602732181549, 0.30239808559417725, 0.3020702004432678, 0.3017119765281677, 0.3013764023780823, 0.30104655027389526, 0.30072590708732605, 0.3003588914871216, 0.3000223934650421, 0.29968634247779846, 0.29931318759918213, 0.29896268248558044, 0.2986134886741638, 0.29830461740493774, 0.29795193672180176, 0.2976028025150299, 0.2972637116909027, 0.2969224452972412, 0.2965877056121826, 0.2962538003921509, 0.2959195375442505, 0.2955610454082489, 0.2952273488044739, 0.29487600922584534, 0.2945517599582672, 0.2942049503326416, 0.2938462197780609, 0.2935241460800171, 0.293175607919693, 0.292851060628891, 0.2924960255622864, 0.2921595573425293, 0.2918686270713806, 0.29153698682785034, 0.2911842167377472, 0.29086077213287354, 0.2905287742614746, 0.29019808769226074, 0.28990793228149414, 0.2895336151123047, 0.2891867160797119, 0.2888603210449219, 0.2885564863681793, 0.2882328927516937, 0.2878880798816681, 0.28760525584220886, 0.28732314705848694, 0.2869751453399658, 0.28663861751556396, 0.28633999824523926, 0.2860276401042938, 0.2857087254524231, 0.28540921211242676, 0.2850901782512665, 0.28475069999694824, 0.28443917632102966, 0.28411349654197693, 0.28381747007369995, 0.28352272510528564, 0.2832152247428894, 0.28293099999427795, 0.2826412618160248, 0.2823130488395691, 0.28200358152389526, 0.28170523047447205, 0.28142476081848145, 0.2811165750026703, 0.280834823846817, 0.28056591749191284, 0.28021660447120667, 0.27993980050086975, 0.2796386182308197, 0.27936261892318726, 0.2791055738925934, 0.27877089381217957, 0.2785164713859558, 0.27823153138160706, 0.27796339988708496, 0.27767419815063477, 0.2773880064487457, 0.2771146595478058, 0.27688950300216675, 0.2765555679798126, 0.27628740668296814, 0.2760297358036041, 0.2757294178009033, 0.2754491865634918, 0.2751873731613159, 0.2749129831790924, 0.27464529871940613, 0.27441170811653137, 0.2741728127002716, 0.27390700578689575, 0.2736221253871918, 0.27341362833976746, 0.2731262445449829, 0.2728654742240906, 0.27261823415756226, 0.2723320722579956, 0.2720976769924164, 0.2718502879142761, 0.27160972356796265, 0.2713509798049927, 0.27110302448272705, 0.27086687088012695, 0.27063602209091187, 0.27035558223724365, 0.2701094448566437, 0.2699011564254761, 0.26965150237083435, 0.26940077543258667, 0.26915639638900757, 0.2689319849014282, 0.26871970295906067, 0.2684571146965027, 0.26824823021888733, 0.26802051067352295]",33.0,"[33.0, 33.0, 33.0, 33.0, 33.0, 33.0, 33.0, 33.0, 33.0, 33.0, 33.0, 33.0, 33.0, 33.0, 33.0, 33.0, 33.0, 33.0, 33.0, 33.0, 33.0, 33.0, 33.0, 33.0, 33.0, 33.0, 33.0, 33.0, 33.0, 33.0, 33.0, 33.0, 33.0, 33.0, 33.0, 33.0, 33.0, 33.0, 33.0, 33.0, 33.0, 33.0, 33.0, 33.0, 33.0, 33.0, 33.0, 33.0, 33.0, 33.0, 33.0, 33.0, 33.0, 33.0, 33.0, 33.0, 33.0, 33.0, 33.0, 33.0, 33.0, 33.0, 33.0, 33.0, 33.0, 33.0, 33.0, 33.0, 33.0, 33.0, 33.0, 33.0, 33.0, 33.0, 33.0, 33.0, 33.0, 33.0, 33.0, 33.0, 33.0, 33.0, 33.0, 33.0, 33.0, 33.0, 33.0, 33.0, 33.0, 33.0, 33.0, 33.0, 33.0, 33.0, 33.0, 33.0, 33.0, 33.0, 33.0, 33.0, 33.0, 33.0, 33.0, 33.0, 33.0, 33.0, 33.0, 33.0, 33.0, 33.0, 33.0, 33.0, 33.0, 33.0, 33.0, 33.0, 33.0, 33.0, 33.0, 33.0, 33.0, 33.0, 33.0, 33.0, 33.0, 33.0, 33.0, 33.0, 33.0, 33.0, 33.0, 33.0, 33.0, 33.0, 33.0, 33.0, 33.0, 33.0, 33.0, 33.0, 33.0, 33.0, 33.0, 33.0, 33.0, 33.0, 33.0, 33.0, 33.0, 33.0, 33.0, 33.0, 33.0, 33.0, 33.0, 33.0, 33.0, 33.0, 33.0, 33.0, 33.0, 33.0, 33.0, 33.0, 33.0, 33.0, 33.0, 33.0, 33.0, 33.0, 33.0, 33.0, 33.0, 33.0, 33.0, 33.0, 33.0, 33.0, 33.0, 33.0, 33.0, 33.0, 33.0, 33.0, 33.0, 33.0, 33.0, 33.0, 33.0, 33.0, 33.0, 33.0, 33.0, 33.0, 33.0, 33.0, 33.0, 33.0, 33.0, 33.0, 33.0, 33.0, 33.0, 33.0, 33.0, 33.0, 33.0, 33.0, 33.0, 33.0, 33.0, 33.0, 33.0, 33.0, 33.0, 33.0, 33.0, 33.0, 33.0, 33.0, 33.0, 33.0, 33.0, 33.0, 33.0, 33.0, 33.0, 33.0, 33.0, 33.0, 33.0, 33.0, 33.0, 33.0, 33.0, 33.0, 33.0, 33.0, 33.0, 33.0, 33.0, 33.0, 33.0, 33.0, 33.0, 33.0, 33.0, 33.0, 33.0, 33.0, 33.0, 33.0, 33.0, 33.0, 33.0, 33.0, 33.0, 33.0, 33.0, 33.0, 33.0, 33.0, 33.0, 33.0, 33.0, 33.0, 33.0, 33.0, 33.0, 33.0, 33.0, 33.0, 33.0, 33.0, 33.0, 33.0, 33.0, 33.0, 33.0, 33.0, 33.0, 33.0, 33.0, 33.0, 33.0, 33.0, 33.0, 33.0, 33.0, 33.0, 33.0, 33.0, 33.0, 33.0, 33.0, 33.0, 33.0, 33.0, 33.0, 33.0, 33.0, 33.0, 33.0, 33.0, 33.0, 33.0, 33.0, 33.0, 33.0, 33.0, 33.0, 33.0, 33.0, 33.0, 33.0, 33.0, 33.0, 33.0, 33.0, 33.0, 33.0, 33.0, 33.0, 33.0, 33.0, 33.0, 33.0, 33.0, 33.0, 33.0, 33.0, 33.0, 33.0, 33.0, 33.0, 33.0, 33.0, 33.0, 33.0, 33.0, 33.0, 33.0, 33.0, 33.0, 33.0, 33.0, 33.0, 33.0, 33.0, 33.0, 33.0, 33.0, 33.0, 33.0, 33.0, 33.0, 33.0, 33.0, 33.0, 33.0, 33.0, 33.0, 33.0, 33.0, 33.0]",COMPLETE
