,number,value,datetime_start,datetime_complete,duration,params_batch_size_scaler,params_constant_learning_rate,params_depth,params_epochs,params_kernel_l2,params_num_trees,params_temperature,user_attrs_accuracy_test,user_attrs_accuracy_valid,user_attrs_approximate_feature_sparsity,user_attrs_approximate_feature_sparsity_history,user_attrs_approximate_weight_sparsity,user_attrs_approximate_weight_sparsity_history,user_attrs_auc_test,user_attrs_auc_valid,user_attrs_feature_sparsity,user_attrs_feature_sparsity_history,user_attrs_num_epochs,user_attrs_val_loss_history,user_attrs_weight_sparsity,user_attrs_weight_sparsity_history,state
3,3,0.7535391789362497,2024-08-31 00:39:44.214498,2024-08-31 00:46:43.628019,0 days 00:06:59.413521,16,0.05362249605492515,6,380,0.01098261757503803,88,0.0024581260086103548,0.881,0.875,33,"[33, 33, 33, 33, 33, 33, 33, 33, 33, 33, 33, 33, 33, 33, 33, 33, 33, 33, 33, 33, 33, 33, 33, 33, 33, 33, 33, 33, 33, 33, 33, 33, 33, 33, 33, 33, 33, 33, 33, 33, 33, 33, 33, 33, 33, 33, 33, 33, 33, 33, 33, 33, 33, 33, 33, 33, 33, 33, 33, 33, 33, 33, 33, 33, 33, 33, 33, 33, 33, 33, 33, 33, 33, 33, 33, 33, 33, 33, 33, 33, 33, 33, 33, 33, 33, 33, 33, 33, 33, 33, 33, 33, 33, 33, 33, 33, 33, 33, 33, 33, 33, 33, 33, 33, 33, 33, 33, 33, 33, 33, 33, 33, 33, 33, 33, 33, 33, 33, 33, 33, 33, 33, 33, 33, 33, 33, 33, 33, 33, 33, 33, 33, 33, 33, 33, 33, 33, 33, 33, 33, 33, 33, 33, 33, 33, 33, 33, 33, 33, 33, 33, 33, 33, 33, 33, 33, 33, 33, 33, 33, 33, 33, 33, 33, 33, 33, 33, 33, 33, 33, 33, 33, 33, 33, 33, 33, 33, 33, 33, 33, 33, 33, 33, 33, 33, 33, 33, 33, 33, 33, 33, 33, 33, 33, 33, 33, 33, 33, 33, 33, 33, 33, 33, 33, 33, 33, 33, 33, 33, 33, 33, 33, 33, 33, 33, 33, 33, 33, 33, 33, 33, 33, 33, 33, 33, 33, 33, 33, 33, 33, 33, 33, 33, 33, 33, 33, 33, 33, 33, 33, 33, 33, 33, 33, 33, 33, 33, 33, 33, 33, 33, 33, 33, 33, 33, 33, 33, 33, 33, 33, 33, 33, 33, 33, 33, 33, 33, 33, 33, 33, 33, 33, 33, 33, 33, 33, 33, 33, 33, 33, 33, 33, 33, 33, 33, 33, 33, 33, 33, 33, 33, 33, 33, 33, 33, 33, 33, 33, 33, 33, 33, 33, 33, 33, 33, 33, 33, 33, 33, 33, 33, 33, 33, 33, 33, 33, 33, 33, 33, 33, 33, 33, 33, 33, 33, 33, 33, 33, 33, 33, 33, 33, 33, 33, 33, 33, 33, 33, 33, 33, 33, 33, 33, 33, 33, 33, 33, 33, 33, 33, 33, 33, 33, 33, 33, 33, 33, 33, 33, 33, 33, 33, 33, 33, 33, 33, 33, 33, 33, 33, 33, 33, 33, 33, 33, 33, 33, 33, 33, 33]",32.90079365079365,"[32.897907647907644, 32.90530303030303, 32.9011544011544, 32.902056277056275, 32.90097402597403, 32.897546897546896, 32.89393939393939, 32.892857142857146, 32.901875901875904, 32.90674603174603, 32.90386002886003, 32.90205627705628, 32.899350649350644, 32.8982683982684, 32.89718614718615, 32.9025974025974, 32.90277777777777, 32.90313852813853, 32.90458152958153, 32.90458152958153, 32.90602453102453, 32.90313852813853, 32.901695526695526, 32.897546897546896, 32.89790764790765, 32.89935064935065, 32.90277777777778, 32.900252525252526, 32.89844877344877, 32.89989177489178, 32.89989177489178, 32.8997113997114, 32.900613275613274, 32.9033189033189, 32.904761904761905, 32.903318903318905, 32.9025974025974, 32.902056277056275, 32.90422077922078, 32.90656565656566, 32.90818903318903, 32.9054834054834, 32.90223665223665, 32.898809523809526, 32.90367965367965, 32.90656565656566, 32.90656565656566, 32.907647907647906, 32.907467532467535, 32.9054834054834, 32.906204906204906, 32.90440115440116, 32.90349927849928, 32.9040404040404, 32.90367965367965, 32.90313852813853, 32.9040404040404, 32.902958152958156, 32.902056277056275, 32.90422077922078, 32.903499278499275, 32.9040404040404, 32.9025974025974, 32.90656565656566, 32.906565656565654, 32.90710678210678, 32.907828282828284, 32.9069264069264, 32.90710678210678, 32.90566378066378, 32.90728715728716, 32.90638528138528, 32.90530303030303, 32.90800865800866, 32.90638528138528, 32.90692640692641, 32.9054834054834, 32.90512265512266, 32.90548340548341, 32.9040404040404, 32.90097402597402, 32.90241702741703, 32.90097402597403, 32.89808802308802, 32.898809523809526, 32.9011544011544, 32.90151515151515, 32.90097402597403, 32.90205627705628, 32.9025974025974, 32.90133477633477, 32.901875901875904, 32.90422077922078, 32.90440115440116, 32.90710678210678, 32.9054834054834, 32.90386002886003, 32.90512265512265, 32.903318903318905, 32.90422077922078, 32.90602453102453, 32.90386002886003, 32.90349927849928, 32.90566378066378, 32.90873015873016, 32.90909090909091, 32.907828282828284, 32.90710678210678, 32.903318903318905, 32.90277777777778, 32.903499278499275, 32.9011544011544, 32.90241702741703, 32.9040404040404, 32.90367965367965, 32.903499278499275, 32.904942279942276, 32.90422077922078, 32.90512265512265, 32.9033189033189, 32.90223665223665, 32.90061327561328, 32.90440115440116, 32.904761904761905, 32.904581529581534, 32.902056277056275, 32.902056277056275, 32.90313852813853, 32.90205627705628, 32.90367965367965, 32.90241702741703, 32.90133477633478, 32.90277777777778, 32.89935064935065, 32.90133477633478, 32.90241702741702, 32.902958152958156, 32.901515151515156, 32.900252525252526, 32.901695526695526, 32.90241702741703, 32.902056277056275, 32.90241702741703, 32.90367965367965, 32.900613275613274, 32.9004329004329, 32.90079365079365, 32.899170274170274, 32.89844877344878, 32.898809523809526, 32.89862914862915, 32.8982683982684, 32.89989177489178, 32.9011544011544, 32.90079365079365, 32.90097402597402, 32.900252525252526, 32.901695526695526, 32.90223665223665, 32.90079365079365, 32.903318903318905, 32.9040404040404, 32.90512265512265, 32.9040404040404, 32.90313852813853, 32.90440115440115, 32.903499278499275, 32.90313852813853, 32.9025974025974, 32.90241702741702, 32.903318903318905, 32.89989177489177, 32.900432900432904, 32.9025974025974, 32.90313852813853, 32.906204906204906, 32.90566378066378, 32.907647907647906, 32.90692640692641, 32.90836940836941, 32.906565656565654, 32.90584415584416, 32.9054834054834, 32.90241702741703, 32.90367965367965, 32.90367965367965, 32.902958152958156, 32.903318903318905, 32.90367965367965, 32.90386002886003, 32.903499278499275, 32.90422077922078, 32.90367965367965, 32.90097402597402, 32.902056277056275, 32.900613275613274, 32.902056277056275, 32.900252525252526, 32.90097402597402, 32.90097402597402, 32.901695526695526, 32.901515151515156, 32.90223665223665, 32.90440115440115, 32.90945165945166, 32.910353535353536, 32.91017316017316, 32.90963203463203, 32.910353535353536, 32.90836940836941, 32.90836940836941, 32.90674603174603, 32.90584415584415, 32.90512265512265, 32.90313852813853, 32.904942279942276, 32.90494227994228, 32.90458152958153, 32.90566378066378, 32.90367965367965, 32.90277777777778, 32.90386002886003, 32.90313852813853, 32.90241702741703, 32.903318903318905, 32.90512265512265, 32.90367965367965, 32.903499278499275, 32.90241702741702, 32.902056277056275, 32.902056277056275, 32.900613275613274, 32.901695526695526, 32.90241702741702, 32.903318903318905, 32.90241702741702, 32.90313852813853, 32.902958152958156, 32.9025974025974, 32.90259740259741, 32.903318903318905, 32.90584415584416, 32.904581529581534, 32.90548340548341, 32.90386002886003, 32.9040404040404, 32.90530303030303, 32.90367965367965, 32.90277777777778, 32.90440115440116, 32.90638528138528, 32.906204906204906, 32.90674603174603, 32.90512265512265, 32.904761904761905, 32.90458152958153, 32.90494227994228, 32.906204906204906, 32.90530303030303, 32.906204906204906, 32.906204906204906, 32.90512265512265, 32.90602453102453, 32.906565656565654, 32.90818903318903, 32.907828282828284, 32.907647907647906, 32.90674603174603, 32.90746753246753, 32.908008658008654, 32.908008658008654, 32.90836940836941, 32.910353535353536, 32.91197691197691, 32.91179653679654, 32.91341991341991, 32.91323953823954, 32.91179653679654, 32.91089466089466, 32.91125541125541, 32.90909090909091, 32.91089466089466, 32.91107503607503, 32.91089466089466, 32.91089466089466, 32.90945165945166, 32.909271284271284, 32.90818903318904, 32.90800865800866, 32.90909090909091, 32.90963203463204, 32.90981240981241, 32.907828282828284, 32.90692640692641, 32.90710678210678, 32.907467532467535, 32.907647907647906, 32.907828282828284, 32.909271284271284, 32.90818903318903, 32.90584415584416, 32.90584415584416, 32.90710678210679, 32.908008658008654, 32.90854978354978, 32.90854978354978, 32.909271284271284, 32.90909090909091, 32.90981240981241, 32.91089466089466, 32.90963203463203, 32.90836940836941, 32.90728715728716, 32.90566378066378, 32.90458152958153, 32.90349927849928, 32.9011544011544, 32.90259740259741, 32.90097402597402, 32.8997113997114, 32.90079365079365, 32.90097402597403, 32.9011544011544, 32.901515151515156, 32.90079365079365, 32.90079365079365, 32.9004329004329, 32.90133477633478, 32.90133477633478, 32.90422077922078, 32.90458152958153, 32.904761904761905, 32.90566378066379, 32.90386002886003, 32.90494227994228, 32.90422077922078, 32.9040404040404, 32.90584415584416, 32.90512265512266, 32.90313852813853, 32.90458152958153, 32.90494227994228, 32.90440115440116, 32.903318903318905, 32.90313852813853, 32.90151515151515, 32.90241702741702, 32.90313852813853, 32.90277777777778, 32.901515151515156, 32.901515151515156, 32.90241702741703, 32.901515151515156, 32.90079365079365, 32.900252525252526, 32.90277777777778, 32.90241702741703, 32.9011544011544, 32.901515151515156, 32.898989898989896, 32.900432900432904, 32.898989898989896, 32.8989898989899, 32.899170274170274, 32.89844877344877, 32.89989177489178, 32.898809523809526, 32.90061327561328, 32.902056277056275, 32.901515151515156, 32.89989177489178, 32.901515151515156, 32.90133477633478, 32.90386002886003, 32.90367965367965, 32.90295815295815, 32.902958152958156, 32.90313852813853, 32.90349927849928, 32.90079365079365]",0.7867345338055961,0.7535391789362497,33,"[33, 33, 33, 33, 33, 33, 33, 33, 33, 33, 33, 33, 33, 33, 33, 33, 33, 33, 33, 33, 33, 33, 33, 33, 33, 33, 33, 33, 33, 33, 33, 33, 33, 33, 33, 33, 33, 33, 33, 33, 33, 33, 33, 33, 33, 33, 33, 33, 33, 33, 33, 33, 33, 33, 33, 33, 33, 33, 33, 33, 33, 33, 33, 33, 33, 33, 33, 33, 33, 33, 33, 33, 33, 33, 33, 33, 33, 33, 33, 33, 33, 33, 33, 33, 33, 33, 33, 33, 33, 33, 33, 33, 33, 33, 33, 33, 33, 33, 33, 33, 33, 33, 33, 33, 33, 33, 33, 33, 33, 33, 33, 33, 33, 33, 33, 33, 33, 33, 33, 33, 33, 33, 33, 33, 33, 33, 33, 33, 33, 33, 33, 33, 33, 33, 33, 33, 33, 33, 33, 33, 33, 33, 33, 33, 33, 33, 33, 33, 33, 33, 33, 33, 33, 33, 33, 33, 33, 33, 33, 33, 33, 33, 33, 33, 33, 33, 33, 33, 33, 33, 33, 33, 33, 33, 33, 33, 33, 33, 33, 33, 33, 33, 33, 33, 33, 33, 33, 33, 33, 33, 33, 33, 33, 33, 33, 33, 33, 33, 33, 33, 33, 33, 33, 33, 33, 33, 33, 33, 33, 33, 33, 33, 33, 33, 33, 33, 33, 33, 33, 33, 33, 33, 33, 33, 33, 33, 33, 33, 33, 33, 33, 33, 33, 33, 33, 33, 33, 33, 33, 33, 33, 33, 33, 33, 33, 33, 33, 33, 33, 33, 33, 33, 33, 33, 33, 33, 33, 33, 33, 33, 33, 33, 33, 33, 33, 33, 33, 33, 33, 33, 33, 33, 33, 33, 33, 33, 33, 33, 33, 33, 33, 33, 33, 33, 33, 33, 33, 33, 33, 33, 33, 33, 33, 33, 33, 33, 33, 33, 33, 33, 33, 33, 33, 33, 33, 33, 33, 33, 33, 33, 33, 33, 33, 33, 33, 33, 33, 33, 33, 33, 33, 33, 33, 33, 33, 33, 33, 33, 33, 33, 33, 33, 33, 33, 33, 33, 33, 33, 33, 33, 33, 33, 33, 33, 33, 33, 33, 33, 33, 33, 33, 33, 33, 33, 33, 33, 33, 33, 33, 33, 33, 33, 33, 33, 33, 33, 33, 33, 33, 33, 33, 33, 33, 33, 33, 33, 33, 33, 33, 33]",380,"[0.4878029227256775, 0.4432351589202881, 0.42307332158088684, 0.41317418217658997, 0.40778517723083496, 0.4044176936149597, 0.4021812379360199, 0.40070879459381104, 0.3995276987552643, 0.3985469937324524, 0.3976316750049591, 0.39686036109924316, 0.39610904455184937, 0.39540767669677734, 0.39476704597473145, 0.3941531777381897, 0.3935224115848541, 0.3929150104522705, 0.39234715700149536, 0.39177829027175903, 0.3912191092967987, 0.39065319299697876, 0.3901391327381134, 0.38964009284973145, 0.38913676142692566, 0.3886350393295288, 0.38816559314727783, 0.3876897394657135, 0.3872433006763458, 0.3868043124675751, 0.38635918498039246, 0.3859345614910126, 0.38553810119628906, 0.3851358890533447, 0.3847370445728302, 0.38435137271881104, 0.3839978873729706, 0.38366085290908813, 0.38329944014549255, 0.38296273350715637, 0.38263267278671265, 0.38229191303253174, 0.3819611668586731, 0.3816419243812561, 0.38133004307746887, 0.3810250163078308, 0.38070395588874817, 0.38041526079177856, 0.3801274597644806, 0.3798547685146332, 0.3795756995677948, 0.3793070912361145, 0.37905144691467285, 0.3787960410118103, 0.3785495460033417, 0.3783038258552551, 0.3780522644519806, 0.3777921795845032, 0.37755200266838074, 0.37731802463531494, 0.37708649039268494, 0.3768647015094757, 0.376632958650589, 0.3764117956161499, 0.3762095272541046, 0.375977098941803, 0.37577325105667114, 0.37556201219558716, 0.3753715753555298, 0.37517982721328735, 0.37498265504837036, 0.3747889995574951, 0.37459808588027954, 0.3744223415851593, 0.3742540776729584, 0.3740778863430023, 0.3738790452480316, 0.3737020790576935, 0.37352150678634644, 0.3733466863632202, 0.37319016456604004, 0.3730276823043823, 0.372869610786438, 0.37271326780319214, 0.3725542724132538, 0.37237393856048584, 0.3722308874130249, 0.37205734848976135, 0.3719140291213989, 0.37175482511520386, 0.3716285228729248, 0.3714679479598999, 0.37132346630096436, 0.3711725175380707, 0.37102794647216797, 0.37088558077812195, 0.37075573205947876, 0.3706030547618866, 0.3704834282398224, 0.3703651428222656, 0.3702358305454254, 0.37006232142448425, 0.3699372410774231, 0.36980101466178894, 0.36966994404792786, 0.36953461170196533, 0.3693956434726715, 0.36924636363983154, 0.3691190779209137, 0.3689877688884735, 0.3688402473926544, 0.3687150478363037, 0.3686002790927887, 0.3684713840484619, 0.3683520555496216, 0.36820662021636963, 0.3681139647960663, 0.36796319484710693, 0.36782413721084595, 0.3677017092704773, 0.36760973930358887, 0.3675230145454407, 0.3673969507217407, 0.3672772943973541, 0.3671618402004242, 0.3670230805873871, 0.3669063448905945, 0.36679065227508545, 0.36667466163635254, 0.3665787875652313, 0.366475909948349, 0.36635342240333557, 0.3662112057209015, 0.3661091923713684, 0.3659835457801819, 0.36587944626808167, 0.36577603220939636, 0.3656792938709259, 0.3655799627304077, 0.36547037959098816, 0.36533573269844055, 0.36527198553085327, 0.3651629686355591, 0.3650430738925934, 0.3649566173553467, 0.3648429811000824, 0.3647296130657196, 0.36461541056632996, 0.364491730928421, 0.36437153816223145, 0.3642497956752777, 0.36415114998817444, 0.3640381693840027, 0.3639313876628876, 0.3638302981853485, 0.36370736360549927, 0.36362555623054504, 0.3635140657424927, 0.36338987946510315, 0.3632735013961792, 0.3631824553012848, 0.3630943298339844, 0.362992525100708, 0.3628782629966736, 0.36280083656311035, 0.3626844882965088, 0.3626270592212677, 0.36253422498703003, 0.36241772770881653, 0.36231717467308044, 0.3622366786003113, 0.36213815212249756, 0.3620035946369171, 0.3618944585323334, 0.36178305745124817, 0.3616752624511719, 0.36157554388046265, 0.36148601770401, 0.3613942265510559, 0.3613058924674988, 0.3612186908721924, 0.36111992597579956, 0.3610216975212097, 0.3608861565589905, 0.360795795917511, 0.36069491505622864, 0.36057713627815247, 0.36049675941467285, 0.3604026734828949, 0.3602703809738159, 0.36017584800720215, 0.36007681488990784, 0.3599681556224823, 0.35987427830696106, 0.35976642370224, 0.35967978835105896, 0.35961583256721497, 0.3595410883426666, 0.3594251573085785, 0.35931381583213806, 0.35921478271484375, 0.35911568999290466, 0.35901597142219543, 0.35892027616500854, 0.3588406443595886, 0.3587475121021271, 0.3586408197879791, 0.35853737592697144, 0.35844504833221436, 0.3583642244338989, 0.3582632839679718, 0.3581922948360443, 0.35807934403419495, 0.35799330472946167, 0.35790783166885376, 0.3578099012374878, 0.3577205240726471, 0.35762718319892883, 0.35753104090690613, 0.3574402630329132, 0.3573775887489319, 0.3572749197483063, 0.35717764496803284, 0.35704031586647034, 0.3569485545158386, 0.3568348288536072, 0.3567769229412079, 0.35666054487228394, 0.35658207535743713, 0.35645702481269836, 0.3563902974128723, 0.3562682271003723, 0.35616955161094666, 0.3560667335987091, 0.3559846580028534, 0.355851411819458, 0.355744868516922, 0.3556482791900635, 0.3555453419685364, 0.3554455041885376, 0.35535290837287903, 0.35525262355804443, 0.35518935322761536, 0.35509222745895386, 0.35498741269111633, 0.35489505529403687, 0.3548131287097931, 0.35470160841941833, 0.354600727558136, 0.354513019323349, 0.35441529750823975, 0.3543057143688202, 0.35422784090042114, 0.3541511297225952, 0.354068785905838, 0.35397157073020935, 0.3538782596588135, 0.35378772020339966, 0.35370272397994995, 0.3536016345024109, 0.3534758388996124, 0.35336247086524963, 0.35327833890914917, 0.3531767725944519, 0.3530977666378021, 0.35301244258880615, 0.3529289960861206, 0.3528125286102295, 0.35270851850509644, 0.35262131690979004, 0.35251808166503906, 0.3524210751056671, 0.3523494601249695, 0.35224589705467224, 0.35217392444610596, 0.35208719968795776, 0.35198166966438293, 0.35189181566238403, 0.351785808801651, 0.3516788184642792, 0.351563960313797, 0.3514634668827057, 0.3513900339603424, 0.3513208329677582, 0.3512197732925415, 0.3511354923248291, 0.35102519392967224, 0.35092970728874207, 0.3508460223674774, 0.35075217485427856, 0.350670725107193, 0.35059452056884766, 0.350492924451828, 0.3504299819469452, 0.3503436744213104, 0.35023120045661926, 0.3501212000846863, 0.35003918409347534, 0.34994247555732727, 0.3498522937297821, 0.34978801012039185, 0.34967726469039917, 0.3496215343475342, 0.34951332211494446, 0.3494078516960144, 0.3493121862411499, 0.3492303788661957, 0.3491426408290863, 0.3490585684776306, 0.3489501476287842, 0.3488551080226898, 0.3487628102302551, 0.3486955761909485, 0.3486114740371704, 0.34852373600006104, 0.34842923283576965, 0.3483373522758484, 0.34826382994651794, 0.34820565581321716, 0.34813088178634644, 0.34804075956344604, 0.3479461669921875, 0.3478612005710602, 0.34775352478027344, 0.3476656973361969, 0.34756433963775635, 0.3474932610988617, 0.3473878800868988, 0.34730851650238037, 0.34722083806991577, 0.34713447093963623, 0.3470425009727478, 0.3469562530517578, 0.34683647751808167, 0.3467476963996887, 0.34664198756217957, 0.3465656638145447, 0.3464813530445099, 0.3464013934135437, 0.346312552690506, 0.34620586037635803, 0.34612274169921875, 0.3460153639316559, 0.34594395756721497, 0.3458573520183563, 0.34578937292099, 0.3456713557243347, 0.3455618917942047, 0.3454596698284149, 0.3453674614429474, 0.3452792465686798, 0.34515511989593506, 0.34504765272140503, 0.34495940804481506, 0.3448706567287445, 0.34478700160980225, 0.34470808506011963, 0.3446091413497925, 0.34453287720680237, 0.3444540500640869, 0.34434378147125244, 0.3442423343658447, 0.3441372811794281, 0.344068706035614, 0.3439680337905884, 0.34388092160224915, 0.34377944469451904, 0.343697726726532, 0.34360271692276, 0.3435315787792206, 0.3434220552444458, 0.34331807494163513, 0.34321659803390503, 0.3431016504764557, 0.3430045247077942, 0.342902272939682, 0.34280925989151, 0.34274959564208984, 0.3426629900932312, 0.34256553649902344]",33.0,"[33.0, 33.0, 33.0, 33.0, 33.0, 33.0, 33.0, 33.0, 33.0, 33.0, 33.0, 33.0, 33.0, 33.0, 33.0, 33.0, 33.0, 33.0, 33.0, 33.0, 33.0, 33.0, 33.0, 33.0, 33.0, 33.0, 33.0, 33.0, 33.0, 33.0, 33.0, 33.0, 33.0, 33.0, 33.0, 33.0, 33.0, 33.0, 33.0, 33.0, 33.0, 33.0, 33.0, 33.0, 33.0, 33.0, 33.0, 33.0, 33.0, 33.0, 33.0, 33.0, 33.0, 33.0, 33.0, 33.0, 33.0, 33.0, 33.0, 33.0, 33.0, 33.0, 33.0, 33.0, 33.0, 33.0, 33.0, 33.0, 33.0, 33.0, 33.0, 33.0, 33.0, 33.0, 33.0, 33.0, 33.0, 33.0, 33.0, 33.0, 33.0, 33.0, 33.0, 33.0, 33.0, 33.0, 33.0, 33.0, 33.0, 33.0, 33.0, 33.0, 33.0, 33.0, 33.0, 33.0, 33.0, 33.0, 33.0, 33.0, 33.0, 33.0, 33.0, 33.0, 33.0, 33.0, 33.0, 33.0, 33.0, 33.0, 33.0, 33.0, 33.0, 33.0, 33.0, 33.0, 33.0, 33.0, 33.0, 33.0, 33.0, 33.0, 33.0, 33.0, 33.0, 33.0, 33.0, 33.0, 33.0, 33.0, 33.0, 33.0, 33.0, 33.0, 33.0, 33.0, 33.0, 33.0, 33.0, 33.0, 33.0, 33.0, 33.0, 33.0, 33.0, 33.0, 33.0, 33.0, 33.0, 33.0, 33.0, 33.0, 33.0, 33.0, 33.0, 33.0, 33.0, 33.0, 33.0, 33.0, 33.0, 33.0, 33.0, 33.0, 33.0, 33.0, 33.0, 33.0, 33.0, 33.0, 33.0, 33.0, 33.0, 33.0, 33.0, 33.0, 33.0, 33.0, 33.0, 33.0, 33.0, 33.0, 33.0, 33.0, 33.0, 33.0, 33.0, 33.0, 33.0, 33.0, 33.0, 33.0, 33.0, 33.0, 33.0, 33.0, 33.0, 33.0, 33.0, 33.0, 33.0, 33.0, 33.0, 33.0, 33.0, 33.0, 33.0, 33.0, 33.0, 33.0, 33.0, 33.0, 33.0, 33.0, 33.0, 33.0, 33.0, 33.0, 33.0, 33.0, 33.0, 33.0, 33.0, 33.0, 33.0, 33.0, 33.0, 33.0, 33.0, 33.0, 33.0, 33.0, 33.0, 33.0, 33.0, 33.0, 33.0, 33.0, 33.0, 33.0, 33.0, 33.0, 33.0, 33.0, 33.0, 33.0, 33.0, 33.0, 33.0, 33.0, 33.0, 33.0, 33.0, 33.0, 33.0, 33.0, 33.0, 33.0, 33.0, 33.0, 33.0, 33.0, 33.0, 33.0, 33.0, 33.0, 33.0, 33.0, 33.0, 33.0, 33.0, 33.0, 33.0, 33.0, 33.0, 33.0, 33.0, 33.0, 33.0, 33.0, 33.0, 33.0, 33.0, 33.0, 33.0, 33.0, 33.0, 33.0, 33.0, 33.0, 33.0, 33.0, 33.0, 33.0, 33.0, 33.0, 33.0, 33.0, 33.0, 33.0, 33.0, 33.0, 33.0, 33.0, 33.0, 33.0, 33.0, 33.0, 33.0, 33.0, 33.0, 33.0, 33.0, 33.0, 33.0, 33.0, 33.0, 33.0, 33.0, 33.0, 33.0, 33.0, 33.0, 33.0, 33.0, 33.0, 33.0, 33.0, 33.0, 33.0, 33.0, 33.0, 33.0, 33.0, 33.0, 33.0, 33.0, 33.0, 33.0, 33.0, 33.0, 33.0, 33.0, 33.0, 33.0, 33.0, 33.0, 33.0, 33.0, 33.0, 33.0, 33.0, 33.0, 33.0, 33.0, 33.0, 33.0, 33.0, 33.0, 33.0, 33.0, 33.0, 33.0, 33.0, 33.0, 33.0, 33.0, 33.0, 33.0, 33.0, 33.0, 33.0, 33.0, 33.0, 33.0, 33.0, 33.0, 33.0, 33.0, 33.0]",COMPLETE
