,number,value,datetime_start,datetime_complete,duration,params_batch_size_scaler,params_constant_learning_rate,params_depth,params_epochs,params_kernel_l2,params_num_trees,params_temperature,user_attrs_accuracy_test,user_attrs_accuracy_valid,user_attrs_approximate_feature_sparsity,user_attrs_approximate_feature_sparsity_history,user_attrs_approximate_weight_sparsity,user_attrs_approximate_weight_sparsity_history,user_attrs_auc_test,user_attrs_auc_valid,user_attrs_feature_sparsity,user_attrs_feature_sparsity_history,user_attrs_num_epochs,user_attrs_val_loss_history,user_attrs_weight_sparsity,user_attrs_weight_sparsity_history,state
12,12,0.815589133207095,2024-08-31 01:02:29.531407,2024-08-31 01:13:37.461553,0 days 00:11:07.930146,4,0.012863339882515515,5,460,0.04792442014624333,77,0.08001232294488807,0.874,0.87375,33,"[33, 33, 33, 33, 33, 33, 33, 33, 33, 33, 33, 33, 33, 33, 33, 33, 33, 33, 33, 33, 33, 33, 33, 33, 33, 33, 33, 33, 33, 33, 33, 33, 33, 33, 33, 33, 33, 33, 33, 33, 33, 33, 33, 33, 33, 33, 33, 33, 33, 33, 33, 33, 33, 33, 33, 33, 33, 33, 33, 33, 33, 33, 33, 33, 33, 33, 33, 33, 33, 33, 33, 33, 33, 33, 33, 33, 33, 33, 33, 33, 33, 33, 33, 33, 33, 33, 33, 33, 33, 33, 33, 33, 33, 33, 33, 33, 33, 33, 33, 33, 33, 33, 33, 33, 33, 33, 33, 33, 33, 33, 33, 33, 33, 33, 33, 33, 33, 33, 33, 33, 33, 33, 33, 33, 33, 33, 33, 33, 33, 33, 33, 33, 33, 33, 33, 33, 33, 33, 33, 33, 33, 33, 33, 33, 33, 33, 33, 33, 33, 33, 33, 33, 33, 33, 33, 33, 33, 33, 33, 33, 33, 33, 33, 33, 33, 33, 33, 33, 33, 33, 33, 33, 33, 33, 33, 33, 33, 33, 33, 33, 33, 33, 33, 33, 33, 33, 33, 33, 33, 33, 33, 33, 33, 33, 33, 33, 33, 33, 33, 33, 33, 33, 33, 33, 33, 33, 33, 33, 33, 33, 33, 33, 33, 33, 33, 33, 33, 33, 33, 33, 33, 33, 33, 33, 33, 33, 33, 33, 33, 33, 33, 33, 33, 33, 33, 33, 33, 33, 33, 33, 33, 33, 33, 33, 33, 33, 33, 33, 33, 33, 33, 33, 33, 33, 33, 33, 33, 33, 33, 33, 33, 33, 33, 33, 33, 33, 33, 33, 33, 33, 33, 33, 33, 33, 33, 33, 33, 33, 33, 33, 33, 33, 33, 33, 33, 33, 33, 33, 33, 33, 33, 33, 33, 33, 33, 33, 33, 33, 33, 33, 33, 33, 33, 33, 33, 33, 33, 33, 33, 33, 33, 33, 33, 33, 33, 33, 33, 33, 33, 33, 33, 33, 33, 33, 33, 33, 33, 33, 33, 33, 33, 33, 33, 33, 33, 33, 33, 33, 33, 33, 33, 33, 33, 33, 33, 33, 33, 33, 33, 33, 33, 33, 33, 33, 33, 33, 33, 33, 33, 33, 33, 33, 33, 33, 33, 33, 33, 33, 33, 33, 33, 33, 33, 33, 33, 33, 33, 33, 33, 33, 33, 33, 33, 33, 33, 33, 33, 33, 33, 33, 33, 33, 33, 33, 33, 33, 33, 33, 33, 33, 33, 33, 33, 33, 33, 33, 33, 33, 33, 33, 33, 33, 33, 33, 33, 33, 33, 33, 33, 33, 33, 33, 33, 33, 33, 33, 33, 33, 33, 33, 33, 33, 33, 33, 33, 33, 33, 33, 33, 33, 33, 33, 33, 33, 33, 33, 33, 33, 33, 33, 33, 33, 33, 33, 33, 33, 33, 33, 33, 33]",32.94260578131546,"[32.93255131964809, 32.933389191453706, 32.93632174277335, 32.93590280687055, 32.93464599916213, 32.9388353581902, 32.937578550481774, 32.939254294093, 32.93799748638458, 32.94009216589861, 32.93841642228739, 32.940930037704234, 32.93799748638458, 32.93799748638458, 32.937578550481774, 32.932132383745284, 32.93967322999581, 32.937578550481774, 32.93674067867616, 32.93799748638458, 32.93841642228739, 32.935483870967744, 32.933389191453706, 32.935483870967744, 32.94218684541266, 32.94428152492669, 32.94051110180143, 32.93590280687055, 32.935064935064936, 32.932132383745284, 32.93674067867616, 32.93715961457897, 32.937578550481774, 32.93590280687055, 32.935902806870544, 32.93757855048178, 32.939254294093004, 32.935902806870544, 32.94051110180143, 32.94093003770423, 32.940930037704234, 32.939254294093004, 32.93422706325932, 32.93715961457897, 32.93632174277336, 32.93757855048178, 32.939254294093004, 32.94051110180143, 32.93841642228739, 32.939254294093004, 32.94051110180143, 32.93757855048178, 32.93967322999581, 32.93464599916213, 32.934227063259314, 32.9325513196481, 32.935064935064936, 32.933808127356514, 32.93338919145371, 32.933389191453706, 32.93087557603686, 32.93003770423125, 32.93087557603686, 32.933389191453706, 32.93464599916213, 32.93715961457897, 32.93548387096774, 32.93255131964809, 32.92919983242564, 32.933389191453706, 32.93255131964809, 32.93087557603686, 32.935902806870544, 32.93255131964809, 32.93464599916213, 32.935483870967744, 32.93590280687055, 32.93841642228739, 32.94051110180142, 32.93799748638458, 32.93632174277335, 32.93715961457897, 32.937578550481774, 32.93422706325932, 32.93674067867616, 32.93674067867616, 32.935902806870544, 32.935902806870544, 32.937578550481774, 32.93715961457897, 32.93799748638459, 32.93632174277335, 32.93632174277335, 32.937578550481774, 32.93799748638458, 32.93715961457897, 32.94051110180142, 32.93799748638458, 32.93632174277336, 32.93715961457897, 32.93674067867616, 32.93715961457897, 32.93715961457897, 32.93590280687055, 32.93799748638458, 32.937159614578974, 32.93632174277336, 32.93464599916213, 32.93632174277336, 32.935483870967744, 32.935064935064936, 32.93255131964809, 32.9325513196481, 32.93464599916213, 32.93422706325932, 32.932132383745284, 32.93255131964809, 32.93045664013406, 32.93045664013406, 32.93632174277335, 32.935064935064936, 32.93967322999581, 32.93799748638458, 32.93632174277335, 32.93967322999581, 32.94218684541265, 32.94051110180142, 32.939254294093004, 32.936740678676166, 32.93422706325932, 32.9329702555509, 32.935902806870544, 32.93464599916213, 32.93422706325932, 32.93632174277335, 32.93715961457897, 32.93422706325932, 32.929618768328446, 32.932132383745284, 32.93506493506493, 32.935064935064936, 32.936740678676166, 32.94051110180143, 32.93841642228739, 32.937159614578974, 32.935064935064936, 32.93590280687055, 32.937578550481774, 32.936740678676166, 32.94009216589862, 32.94176790950984, 32.939254294093004, 32.9388353581902, 32.93799748638458, 32.94134897360704, 32.93799748638458, 32.935064935064936, 32.932132383745284, 32.933389191453706, 32.931294511939676, 32.92878089652283, 32.92878089652283, 32.929618768328446, 32.92794302471722, 32.92584834520318, 32.92291579388353, 32.9271051529116, 32.92919983242564, 32.92626728110599, 32.92375366568915, 32.92333472978635, 32.92333472978635, 32.927524088814415, 32.92794302471722, 32.92710515291161, 32.93003770423125, 32.93045664013406, 32.93380812735652, 32.93213238374529, 32.935064935064936, 32.933808127356514, 32.929618768328446, 32.92836196062002, 32.9325513196481, 32.93045664013406, 32.93338919145371, 32.932970255550906, 32.932970255550906, 32.93003770423125, 32.929618768328446, 32.93003770423125, 32.93003770423125, 32.93045664013406, 32.92794302471722, 32.93087557603686, 32.933808127356514, 32.93422706325932, 32.933389191453706, 32.931713447842476, 32.93045664013406, 32.93422706325932, 32.933389191453706, 32.93255131964809, 32.93045664013406, 32.93003770423125, 32.930456640134054, 32.932132383745284, 32.930456640134054, 32.9329702555509, 32.9329702555509, 32.927943024717216, 32.926267281105986, 32.92919983242564, 32.92501047339757, 32.925848345203185, 32.92752408881441, 32.93045664013406, 32.933389191453706, 32.933808127356514, 32.933389191453706, 32.935483870967744, 32.93674067867616, 32.93841642228739, 32.935064935064936, 32.932132383745284, 32.932132383745284, 32.931713447842476, 32.931713447842476, 32.931713447842476, 32.9329702555509, 32.933808127356514, 32.93422706325932, 32.93087557603686, 32.933389191453706, 32.933389191453706, 32.93548387096774, 32.93715961457897, 32.9388353581902, 32.93841642228739, 32.94009216589862, 32.94218684541265, 32.941348973607035, 32.940930037704234, 32.939254294093004, 32.94218684541266, 32.94553833263511, 32.94344365312107, 32.94134897360704, 32.94009216589862, 32.939254294093004, 32.93799748638458, 32.9388353581902, 32.93841642228739, 32.93674067867616, 32.93674067867616, 32.93841642228739, 32.93674067867616, 32.933808127356514, 32.9329702555509, 32.93422706325932, 32.93590280687055, 32.93548387096774, 32.932132383745284, 32.933389191453706, 32.9325513196481, 32.93464599916213, 32.933808127356514, 32.933808127356514, 32.933808127356514, 32.935483870967744, 32.93422706325932, 32.93674067867616, 32.94051110180142, 32.937578550481774, 32.93632174277335, 32.933808127356514, 32.9325513196481, 32.933808127356514, 32.933389191453706, 32.9329702555509, 32.937578550481774, 32.93841642228739, 32.93967322999581, 32.941348973607035, 32.941348973607035, 32.94386258902388, 32.94218684541265, 32.93967322999581, 32.94051110180143, 32.93799748638458, 32.93841642228739, 32.94009216589862, 32.93967322999581, 32.940930037704234, 32.940930037704234, 32.94386258902388, 32.94386258902388, 32.9388353581902, 32.94051110180143, 32.938416422287396, 32.939254294093004, 32.940930037704234, 32.942605781315464, 32.94302471721827, 32.94386258902388, 32.94218684541266, 32.94176790950985, 32.94344365312107, 32.94344365312107, 32.944700460829495, 32.944700460829495, 32.948470883954755, 32.945119396732295, 32.94344365312107, 32.94344365312107, 32.94428152492669, 32.94386258902388, 32.9455383326351, 32.94721407624633, 32.945119396732295, 32.946795140343525, 32.94428152492669, 32.94763301214914, 32.94721407624633, 32.94595726853791, 32.946376204440725, 32.9451193967323, 32.94595726853792, 32.94386258902388, 32.9451193967323, 32.94386258902388, 32.943024717218265, 32.94595726853791, 32.94218684541265, 32.93799748638458, 32.93548387096774, 32.93464599916213, 32.93464599916213, 32.933808127356514, 32.93632174277335, 32.93632174277335, 32.935902806870544, 32.935483870967744, 32.93715961457897, 32.93841642228739, 32.93967322999581, 32.94051110180143, 32.94051110180142, 32.94051110180142, 32.93799748638458, 32.937578550481774, 32.939254294093004, 32.93799748638458, 32.93674067867616, 32.93715961457897, 32.935483870967744, 32.936740678676166, 32.940930037704234, 32.94051110180143, 32.937578550481774, 32.937578550481774, 32.94009216589862, 32.93632174277336, 32.93338919145371, 32.9329702555509, 32.932970255550906, 32.932970255550906, 32.9325513196481, 32.937159614578974, 32.93464599916213, 32.937159614578974, 32.9388353581902, 32.94260578131546, 32.94386258902388, 32.94721407624633, 32.944700460829495, 32.94428152492669, 32.9451193967323, 32.94428152492669, 32.942605781315464, 32.94218684541266, 32.93967322999581, 32.93967322999581, 32.9388353581902, 32.9388353581902, 32.93799748638458, 32.93590280687055, 32.93799748638458, 32.93799748638458, 32.93841642228739, 32.940930037704234, 32.94134897360704, 32.939254294093004, 32.94051110180143, 32.93799748638459, 32.93632174277336, 32.936740678676166, 32.93632174277336, 32.93799748638458, 32.93590280687055, 32.93715961457897, 32.93632174277336, 32.935483870967744, 32.93590280687055, 32.935064935064936, 32.93422706325932, 32.93841642228739, 32.93967322999581, 32.9388353581902, 32.939254294093004, 32.94051110180143, 32.93799748638458, 32.937578550481774, 32.93799748638458, 32.93757855048178, 32.939254294093004, 32.937578550481774, 32.936740678676166, 32.935064935064936, 32.93464599916213, 32.9329702555509, 32.9325513196481, 32.932970255550906, 32.935064935064936, 32.935064935064936, 32.93674067867616, 32.935483870967744, 32.93632174277335, 32.93548387096774, 32.935064935064936, 32.933808127356514, 32.93422706325932, 32.93422706325932, 32.933808127356514, 32.937159614578974, 32.939254294093004, 32.93799748638458, 32.936740678676166, 32.93841642228739, 32.937578550481774, 32.936740678676166, 32.93757855048178, 32.93632174277336, 32.93715961457897, 32.937578550481774, 32.9388353581902, 32.9388353581902, 32.93674067867616, 32.93715961457897, 32.937578550481774, 32.93967322999581, 32.939673229995805, 32.9388353581902, 32.94009216589862, 32.940930037704234, 32.94009216589862, 32.939254294093004, 32.93883535819019, 32.93967322999581, 32.94260578131546]",0.8309926601111304,0.815589133207095,33,"[33, 33, 33, 33, 33, 33, 33, 33, 33, 33, 33, 33, 33, 33, 33, 33, 33, 33, 33, 33, 33, 33, 33, 33, 33, 33, 33, 33, 33, 33, 33, 33, 33, 33, 33, 33, 33, 33, 33, 33, 33, 33, 33, 33, 33, 33, 33, 33, 33, 33, 33, 33, 33, 33, 33, 33, 33, 33, 33, 33, 33, 33, 33, 33, 33, 33, 33, 33, 33, 33, 33, 33, 33, 33, 33, 33, 33, 33, 33, 33, 33, 33, 33, 33, 33, 33, 33, 33, 33, 33, 33, 33, 33, 33, 33, 33, 33, 33, 33, 33, 33, 33, 33, 33, 33, 33, 33, 33, 33, 33, 33, 33, 33, 33, 33, 33, 33, 33, 33, 33, 33, 33, 33, 33, 33, 33, 33, 33, 33, 33, 33, 33, 33, 33, 33, 33, 33, 33, 33, 33, 33, 33, 33, 33, 33, 33, 33, 33, 33, 33, 33, 33, 33, 33, 33, 33, 33, 33, 33, 33, 33, 33, 33, 33, 33, 33, 33, 33, 33, 33, 33, 33, 33, 33, 33, 33, 33, 33, 33, 33, 33, 33, 33, 33, 33, 33, 33, 33, 33, 33, 33, 33, 33, 33, 33, 33, 33, 33, 33, 33, 33, 33, 33, 33, 33, 33, 33, 33, 33, 33, 33, 33, 33, 33, 33, 33, 33, 33, 33, 33, 33, 33, 33, 33, 33, 33, 33, 33, 33, 33, 33, 33, 33, 33, 33, 33, 33, 33, 33, 33, 33, 33, 33, 33, 33, 33, 33, 33, 33, 33, 33, 33, 33, 33, 33, 33, 33, 33, 33, 33, 33, 33, 33, 33, 33, 33, 33, 33, 33, 33, 33, 33, 33, 33, 33, 33, 33, 33, 33, 33, 33, 33, 33, 33, 33, 33, 33, 33, 33, 33, 33, 33, 33, 33, 33, 33, 33, 33, 33, 33, 33, 33, 33, 33, 33, 33, 33, 33, 33, 33, 33, 33, 33, 33, 33, 33, 33, 33, 33, 33, 33, 33, 33, 33, 33, 33, 33, 33, 33, 33, 33, 33, 33, 33, 33, 33, 33, 33, 33, 33, 33, 33, 33, 33, 33, 33, 33, 33, 33, 33, 33, 33, 33, 33, 33, 33, 33, 33, 33, 33, 33, 33, 33, 33, 33, 33, 33, 33, 33, 33, 33, 33, 33, 33, 33, 33, 33, 33, 33, 33, 33, 33, 33, 33, 33, 33, 33, 33, 33, 33, 33, 33, 33, 33, 33, 33, 33, 33, 33, 33, 33, 33, 33, 33, 33, 33, 33, 33, 33, 33, 33, 33, 33, 33, 33, 33, 33, 33, 33, 33, 33, 33, 33, 33, 33, 33, 33, 33, 33, 33, 33, 33, 33, 33, 33, 33, 33, 33, 33, 33, 33, 33, 33, 33, 33, 33, 33, 33, 33, 33, 33, 33, 33, 33, 33, 33, 33, 33, 33, 33]",460,"[0.4526733458042145, 0.418931245803833, 0.40768715739250183, 0.4028564691543579, 0.40024489164352417, 0.3985153138637543, 0.39716818928718567, 0.39596712589263916, 0.39488208293914795, 0.39387017488479614, 0.3929172158241272, 0.3919967710971832, 0.3911368250846863, 0.3902958333492279, 0.38950610160827637, 0.3887369930744171, 0.38800185918807983, 0.38728001713752747, 0.3866080343723297, 0.3859572112560272, 0.38534823060035706, 0.3847277760505676, 0.3841514587402344, 0.3835914731025696, 0.38305172324180603, 0.3825293481349945, 0.38202857971191406, 0.3815430700778961, 0.3810623288154602, 0.3806111514568329, 0.38017597794532776, 0.3797433078289032, 0.37933236360549927, 0.3789293169975281, 0.3785478472709656, 0.3781704306602478, 0.37779635190963745, 0.37743502855300903, 0.37708163261413574, 0.37675294280052185, 0.3764243423938751, 0.37611937522888184, 0.37580910325050354, 0.3755047917366028, 0.3751971423625946, 0.37491416931152344, 0.3746395409107208, 0.37437716126441956, 0.3740903437137604, 0.373818576335907, 0.3735552132129669, 0.37331339716911316, 0.3730420768260956, 0.3728131353855133, 0.37256085872650146, 0.3723227381706238, 0.3720913827419281, 0.3718816637992859, 0.3716406226158142, 0.3714147210121155, 0.3711865246295929, 0.37097716331481934, 0.37076762318611145, 0.3705454170703888, 0.37033650279045105, 0.3701353967189789, 0.3699500560760498, 0.3697555959224701, 0.3695697486400604, 0.3693579137325287, 0.36916351318359375, 0.3689759075641632, 0.3687928318977356, 0.3685978949069977, 0.3684133291244507, 0.36822405457496643, 0.3680359125137329, 0.3678640127182007, 0.36770007014274597, 0.36749839782714844, 0.3673124611377716, 0.3671380579471588, 0.36695992946624756, 0.366794615983963, 0.3666258752346039, 0.36644986271858215, 0.3662940561771393, 0.3661206066608429, 0.36595967411994934, 0.365797221660614, 0.3656405508518219, 0.3654622733592987, 0.36530154943466187, 0.36514103412628174, 0.3649667501449585, 0.3648201823234558, 0.3646414577960968, 0.36449307203292847, 0.36432990431785583, 0.3641650378704071, 0.3640042543411255, 0.3638404607772827, 0.3636683523654938, 0.36350998282432556, 0.36336567997932434, 0.36321690678596497, 0.36306077241897583, 0.3628946542739868, 0.36273297667503357, 0.3625817894935608, 0.36241504549980164, 0.36226895451545715, 0.36211004853248596, 0.36195746064186096, 0.361817330121994, 0.3616604506969452, 0.36149561405181885, 0.3613526523113251, 0.3612062931060791, 0.36105242371559143, 0.36089417338371277, 0.360746294260025, 0.3606118857860565, 0.36045196652412415, 0.3603179454803467, 0.36017265915870667, 0.3600093126296997, 0.3598717153072357, 0.3597307503223419, 0.35957059264183044, 0.3594200909137726, 0.3592548370361328, 0.3591090440750122, 0.3589458167552948, 0.3588073253631592, 0.3586597144603729, 0.3585236072540283, 0.3583623766899109, 0.35821303725242615, 0.35807400941848755, 0.3579179346561432, 0.3577849268913269, 0.3576461374759674, 0.3575088381767273, 0.3573468327522278, 0.3572053611278534, 0.3570496439933777, 0.356908917427063, 0.3567608892917633, 0.35662105679512024, 0.3564673960208893, 0.3563289940357208, 0.3561982810497284, 0.3560623824596405, 0.35594630241394043, 0.35578131675720215, 0.3556411862373352, 0.3555067479610443, 0.35536471009254456, 0.35520875453948975, 0.3550499975681305, 0.35492783784866333, 0.35479384660720825, 0.3546507656574249, 0.3545134365558624, 0.35437092185020447, 0.35422226786613464, 0.35407692193984985, 0.35395389795303345, 0.3538120687007904, 0.35365617275238037, 0.35351452231407166, 0.35339027643203735, 0.35324299335479736, 0.3531138598918915, 0.3529606759548187, 0.3528255522251129, 0.35269296169281006, 0.35255908966064453, 0.352425217628479, 0.3522847294807434, 0.3521549105644226, 0.3520127534866333, 0.3518679440021515, 0.35173892974853516, 0.3516079783439636, 0.3514794409275055, 0.35135090351104736, 0.35120487213134766, 0.3510778546333313, 0.35092833638191223, 0.3507867753505707, 0.3506408929824829, 0.3505198359489441, 0.35039740800857544, 0.35025787353515625, 0.350147008895874, 0.3499995768070221, 0.3498637080192566, 0.3497415781021118, 0.34962132573127747, 0.3494912087917328, 0.3493511974811554, 0.3491983115673065, 0.34906524419784546, 0.34893208742141724, 0.34879833459854126, 0.3486692011356354, 0.34855690598487854, 0.34842658042907715, 0.3482983410358429, 0.3481549024581909, 0.34801924228668213, 0.34789425134658813, 0.3477593660354614, 0.3476387858390808, 0.34750568866729736, 0.3473743498325348, 0.34724265336990356, 0.34710294008255005, 0.3469852805137634, 0.34684768319129944, 0.3467146158218384, 0.34657058119773865, 0.34645745158195496, 0.34634655714035034, 0.34621697664260864, 0.346078485250473, 0.3459412455558777, 0.3458203375339508, 0.3457060754299164, 0.3455716371536255, 0.3454299867153168, 0.34531351923942566, 0.34519731998443604, 0.34505656361579895, 0.3449196517467499, 0.3447819948196411, 0.34466758370399475, 0.3445558547973633, 0.3444243371486664, 0.34431004524230957, 0.3441846966743469, 0.34405943751335144, 0.34394070506095886, 0.3438003659248352, 0.34367862343788147, 0.34356266260147095, 0.34343525767326355, 0.3432873785495758, 0.3431750237941742, 0.3430575132369995, 0.3429359495639801, 0.3428134620189667, 0.3426896035671234, 0.3425554931163788, 0.342437207698822, 0.34231552481651306, 0.34219497442245483, 0.34206917881965637, 0.34193554520606995, 0.3418128490447998, 0.3417055010795593, 0.34158575534820557, 0.341467022895813, 0.34136226773262024, 0.34124165773391724, 0.34112492203712463, 0.3410015404224396, 0.34088560938835144, 0.34075215458869934, 0.34062445163726807, 0.34049633145332336, 0.3403899371623993, 0.34028002619743347, 0.3401542901992798, 0.3400382697582245, 0.3399088680744171, 0.3397982716560364, 0.33968812227249146, 0.339546799659729, 0.3394320607185364, 0.3393133282661438, 0.33919239044189453, 0.33906880021095276, 0.3389497697353363, 0.33882614970207214, 0.3387010991573334, 0.3385821580886841, 0.338466078042984, 0.3383512496948242, 0.33824047446250916, 0.3381146192550659, 0.337988942861557, 0.3378748595714569, 0.33777913451194763, 0.3376329839229584, 0.3375314772129059, 0.33739185333251953, 0.33728209137916565, 0.33717554807662964, 0.3370583653450012, 0.3369360864162445, 0.3368132710456848, 0.33670490980148315, 0.33658599853515625, 0.3364678919315338, 0.3363436758518219, 0.3362247049808502, 0.33609652519226074, 0.33598563075065613, 0.3358767628669739, 0.3357505798339844, 0.33563318848609924, 0.3355391323566437, 0.33541083335876465, 0.33529767394065857, 0.3351908028125763, 0.33507487177848816, 0.33495643734931946, 0.3348418176174164, 0.3347376883029938, 0.3346309959888458, 0.33450552821159363, 0.33438992500305176, 0.3342790901660919, 0.3341674506664276, 0.3340303897857666, 0.3339096009731293, 0.3337939977645874, 0.3336711823940277, 0.3335593044757843, 0.33345144987106323, 0.33332502841949463, 0.333195298910141, 0.33308735489845276, 0.3329828381538391, 0.33287444710731506, 0.3327609598636627, 0.3326316177845001, 0.33251485228538513, 0.3324047923088074, 0.33228862285614014, 0.3321646749973297, 0.3320557773113251, 0.33192312717437744, 0.33181336522102356, 0.3317182660102844, 0.33160170912742615, 0.33147993683815, 0.33137357234954834, 0.3312641978263855, 0.3311389088630676, 0.33102118968963623, 0.330912321805954, 0.33079391717910767, 0.3306705057621002, 0.33056530356407166, 0.3304736614227295, 0.330343097448349, 0.3302229344844818, 0.3301078677177429, 0.3299765884876251, 0.32987040281295776, 0.32974573969841003, 0.32963958382606506, 0.3295161724090576, 0.3294088840484619, 0.3292905390262604, 0.32917141914367676, 0.32906678318977356, 0.328953355550766, 0.32880619168281555, 0.32869091629981995, 0.32858312129974365, 0.3284679055213928, 0.3283708989620209, 0.3282542824745178, 0.32813170552253723, 0.32800552248954773, 0.32788220047950745, 0.3277551233768463, 0.32765403389930725, 0.3275292217731476, 0.3274326026439667, 0.32730647921562195, 0.3271748423576355, 0.32706084847450256, 0.3269399404525757, 0.3268473744392395, 0.32671287655830383, 0.3265840411186218, 0.32644200325012207, 0.32633182406425476, 0.3262207806110382, 0.32609543204307556, 0.32599082589149475, 0.3258841335773468, 0.3257869780063629, 0.32565227150917053, 0.3255365788936615, 0.32541507482528687, 0.3252839148044586, 0.32516810297966003, 0.3250272870063782, 0.32490912079811096, 0.32480400800704956, 0.32467854022979736, 0.32456332445144653, 0.32442429661750793, 0.3243083655834198, 0.324184387922287, 0.3240578770637512, 0.32393455505371094, 0.3238269090652466, 0.3237071633338928, 0.32361236214637756, 0.3235063850879669, 0.3233729898929596, 0.3232421576976