,number,value,datetime_start,datetime_complete,duration,params_batch_size_scaler,params_constant_learning_rate,params_depth,params_epochs,params_kernel_l2,params_num_trees,params_temperature,user_attrs_accuracy_test,user_attrs_accuracy_valid,user_attrs_approximate_feature_sparsity,user_attrs_approximate_feature_sparsity_history,user_attrs_approximate_weight_sparsity,user_attrs_approximate_weight_sparsity_history,user_attrs_auc_test,user_attrs_auc_valid,user_attrs_feature_sparsity,user_attrs_feature_sparsity_history,user_attrs_num_epochs,user_attrs_val_loss_history,user_attrs_weight_sparsity,user_attrs_weight_sparsity_history,state
116,116,0.9320245778104108,2024-08-31 05:31:58.640989,2024-08-31 05:49:33.077242,0 days 00:17:34.436253,1,0.024550811091404365,5,460,0.0109679574566828,82,0.005449141924870048,0.942,0.94875,33,"[33, 33, 33, 33, 33, 33, 33, 33, 33, 33, 33, 33, 33, 33, 33, 33, 33, 33, 33, 33, 33, 33, 33, 33, 33, 33, 33, 33, 33, 33, 33, 33, 33, 33, 33, 33, 33, 33, 33, 33, 33, 33, 33, 33, 33, 33, 33, 33, 33, 33, 33, 33, 33, 33, 33, 33, 33, 33, 33, 33, 33, 33, 33, 33, 33, 33, 33, 33, 33, 33, 33, 33, 33, 33, 33, 33, 33, 33, 33, 33, 33, 33, 33, 33, 33, 33, 33, 33, 33, 33, 33, 33, 33, 33, 33, 33, 33, 33, 33, 33, 33, 33, 33, 33, 33, 33, 33, 33, 33, 33, 33, 33, 33, 33, 33, 33, 33, 33, 33, 33, 33, 33, 33, 33, 33, 33, 33, 33, 33, 33, 33, 33, 33, 33, 33, 33, 33, 33, 33, 33, 33, 33, 33, 33, 33, 33, 33, 33, 33, 33, 33, 33, 33, 33, 33, 33, 33, 33, 33, 33, 33, 33, 33, 33, 33, 33, 33, 33, 33, 33, 33, 33, 33, 33, 33, 33, 33, 33, 33, 33, 33, 33, 33, 33, 33, 33, 33, 33, 33, 33, 33, 33, 33, 33, 33, 33, 33, 33, 33, 33, 33, 33, 33, 33, 33, 33, 33, 33, 33, 33, 33, 33, 33, 33, 33, 33, 33, 33, 33, 33, 33, 33, 33, 33, 33, 33, 33, 33, 33, 33, 33, 33, 33, 33, 33, 33, 33, 33, 33, 33, 33, 33, 33, 33, 33, 33, 33, 33, 33, 33, 33, 33, 33, 33, 33, 33, 33, 33, 33, 33, 33, 33, 33, 33, 33, 33, 33, 33, 33, 33, 33, 33, 33, 33, 33, 33, 33, 33, 33, 33, 33, 33, 33, 33, 33, 33, 33, 33, 33, 33, 33, 33, 33, 33, 33, 33, 33, 33, 33, 33, 33, 33, 33, 33, 33, 33, 33, 33, 33, 33, 33, 33, 33, 33, 33, 33, 33, 33, 33, 33, 33, 33, 33, 33, 33, 33, 33, 33, 33, 33, 33, 33, 33, 33, 33, 33, 33, 33, 33, 33, 33, 33, 33, 33, 33, 33, 33, 33, 33, 33, 33, 33, 33, 33, 33, 33, 33, 33, 33, 33, 33, 33, 33, 33, 33, 33, 33, 33, 33, 33, 33, 33, 33, 33, 33, 33, 33, 33, 33, 33, 33, 33, 33, 33, 33, 33, 33, 33, 33, 33, 33, 33, 33, 33, 33, 33, 33, 33, 33, 33, 33, 33, 33, 33, 33, 33, 33, 33, 33, 33, 33, 33, 33, 33, 33, 33, 33, 33, 33, 33, 33, 33, 33, 33, 33, 33, 33, 33, 33, 33, 33, 33, 33, 33, 33, 33, 33, 33, 33, 33, 33, 33, 33, 33, 33, 33, 33, 33, 33, 33, 33, 33, 33, 33, 33, 33, 33, 33, 33, 33]",32.94138473642801,"[32.93115656963021, 32.92997639653816, 32.933516915814316, 32.93627065302911, 32.93705743509048, 32.93784421715185, 32.93863099921322, 32.934303697875684, 32.93351691581432, 32.93233674272227, 32.928796223446106, 32.937450826121164, 32.935483870967744, 32.94059795436664, 32.92918961447679, 32.935483870967744, 32.94217151848938, 32.936664044059796, 32.934697088906375, 32.937450826121164, 32.93509047993706, 32.92840283241542, 32.926829268292686, 32.936664044059796, 32.93823760818253, 32.943351691581434, 32.9441384736428, 32.945318646734854, 32.945318646734854, 32.945318646734854, 32.936664044059796, 32.93627065302911, 32.94217151848938, 32.9390243902439, 32.934697088906375, 32.93784421715185, 32.933910306845, 32.93233674272226, 32.92997639653816, 32.93115656963021, 32.930763178599534, 32.93312352478364, 32.92250196695515, 32.926435877262, 32.921715184893785, 32.926829268292686, 32.927616050354054, 32.92486231313926, 32.92564909520063, 32.92564909520063, 32.92328874901653, 32.9213217938631, 32.92525570416995, 32.92289535798584, 32.92446892210858, 32.92840283241542, 32.92840283241542, 32.9240755310779, 32.931549960660895, 32.93351691581432, 32.93509047993706, 32.92918961447679, 32.92840283241542, 32.93784421715185, 32.93784421715185, 32.93823760818253, 32.93863099921322, 32.93036978756884, 32.933516915814316, 32.93587726199843, 32.93351691581432, 32.93587726199843, 32.93587726199843, 32.935483870967744, 32.93194335169158, 32.93312352478363, 32.93076317859953, 32.93430369787569, 32.92604248623132, 32.926829268292686, 32.92997639653816, 32.92840283241542, 32.93391030684501, 32.93273013375295, 32.93391030684501, 32.93115656963021, 32.929583005507475, 32.93036978756884, 32.93587726199843, 32.93587726199843, 32.934697088906375, 32.93036978756884, 32.93627065302911, 32.93312352478364, 32.93233674272227, 32.92997639653816, 32.93430369787569, 32.93115656963021, 32.929583005507475, 32.929583005507475, 32.92053501180173, 32.927616050354054, 32.92525570416994, 32.92722265932337, 32.93036978756884, 32.93312352478364, 32.933516915814316, 32.93233674272226, 32.934697088906375, 32.93351691581432, 32.93233674272226, 32.93705743509048, 32.931549960660895, 32.93430369787569, 32.9390243902439, 32.93705743509048, 32.93863099921322, 32.94020456333595, 32.944531864673486, 32.943351691581434, 32.9390243902439, 32.93194335169158, 32.935483870967744, 32.92997639653816, 32.92918961447679, 32.93391030684501, 32.934697088906375, 32.93981117230527, 32.93430369787569, 32.937450826121164, 32.937450826121164, 32.93784421715185, 32.93627065302911, 32.937450826121164, 32.93981117230527, 32.93430369787569, 32.934303697875684, 32.939417781274585, 32.93705743509048, 32.93509047993706, 32.931549960660895, 32.933516915814316, 32.93076317859953, 32.93076317859953, 32.93548387096774, 32.93823760818253, 32.93823760818253, 32.934303697875684, 32.936664044059796, 32.942564909520065, 32.93705743509048, 32.93705743509048, 32.93509047993706, 32.93469708890637, 32.93391030684501, 32.93509047993706, 32.934303697875684, 32.929583005507475, 32.93312352478364, 32.93705743509048, 32.939417781274585, 32.94020456333595, 32.93705743509048, 32.935483870967744, 32.935483870967744, 32.93705743509048, 32.94177812745869, 32.940597954366645, 32.93548387096774, 32.93627065302911, 32.93430369787569, 32.93509047993706, 32.93784421715185, 32.93430369787569, 32.935483870967744, 32.93981117230527, 32.936664044059796, 32.93981117230527, 32.93627065302911, 32.937450826121164, 32.934697088906375, 32.939417781274585, 32.94059795436664, 32.93705743509048, 32.93863099921322, 32.94217151848938, 32.939417781274585, 32.934697088906375, 32.937450826121164, 32.94020456333595, 32.93863099921322, 32.93784421715185, 32.93784421715185, 32.93784421715185, 32.93784421715185, 32.94099134539733, 32.93627065302911, 32.931549960660895, 32.92997639653816, 32.92368214004721, 32.92564909520063, 32.92407553107789, 32.926435877262, 32.92564909520063, 32.92722265932337, 32.93115656963022, 32.93705743509048, 32.93863099921322, 32.93823760818253, 32.93705743509048, 32.933516915814316, 32.93430369787569, 32.931549960660895, 32.935483870967744, 32.93509047993706, 32.935483870967744, 32.93509047993706, 32.93036978756884, 32.93194335169159, 32.92918961447679, 32.926435877262, 32.93233674272226, 32.93233674272226, 32.93391030684501, 32.93627065302911, 32.93469708890637, 32.929583005507475, 32.93391030684501, 32.934303697875684, 32.934697088906375, 32.93784421715185, 32.93509047993706, 32.94020456333595, 32.94217151848938, 32.939417781274585, 32.94099134539733, 32.937450826121164, 32.936664044059796, 32.94020456333595, 32.93981117230527, 32.94374508261212, 32.939811172305276, 32.93981117230527, 32.93627065302911, 32.93587726199843, 32.93627065302911, 32.93509047993706, 32.93509047993706, 32.93902439024391, 32.93509047993706, 32.9315499606609, 32.92997639653816, 32.92800944138473, 32.93076317859953, 32.93273013375295, 32.93430369787569, 32.9390243902439, 32.93627065302911, 32.93823760818253, 32.93509047993706, 32.937450826121164, 32.93784421715185, 32.93823760818253, 32.93863099921322, 32.93627065302911, 32.936664044059796, 32.94020456333595, 32.94217151848938, 32.942171518489374, 32.94099134539732, 32.94374508261212, 32.945318646734854, 32.94374508261212, 32.94374508261212, 32.943351691581434, 32.943351691581434, 32.942171518489374, 32.94217151848938, 32.945318646734854, 32.945318646734854, 32.947285601888275, 32.94885916601102, 32.94374508261212, 32.944531864673486, 32.94689221085759, 32.94610542879622, 32.94885916601102, 32.95003933910307, 32.94846577498033, 32.9468922108576, 32.94689221085759, 32.9441384736428, 32.94217151848938, 32.941384736428006, 32.93981117230527, 32.94217151848938, 32.93981117230527, 32.94138473642801, 32.942564909520065, 32.93981117230527, 32.936664044059796, 32.93981117230527, 32.9390243902439, 32.93587726199843, 32.93312352478364, 32.937450826121164, 32.9390243902439, 32.937450826121164, 32.93587726199843, 32.932730133752955, 32.93312352478363, 32.931549960660895, 32.92800944138474, 32.927616050354054, 32.927616050354054, 32.93115656963021, 32.93036978756884, 32.931549960660895, 32.93233674272226, 32.92997639653816, 32.93194335169159, 32.929583005507475, 32.927616050354054, 32.93351691581432, 32.93312352478364, 32.93627065302911, 32.93391030684501, 32.935483870967744, 32.934697088906375, 32.93430369787569, 32.939417781274585, 32.939417781274585, 32.93509047993706, 32.93784421715185, 32.93784421715185, 32.93705743509048, 32.93823760818253, 32.94020456333596, 32.939811172305276, 32.942564909520065, 32.94492525570417, 32.939811172305276, 32.94217151848938, 32.94217151848938, 32.9417781274587, 32.94295830055075, 32.9417781274587, 32.939417781274585, 32.93784421715185, 32.934303697875684, 32.93509047993706, 32.93587726199843, 32.93509047993706, 32.93194335169159, 32.93194335169159, 32.93312352478364, 32.93784421715185, 32.93823760818254, 32.93941778127459, 32.93587726199843, 32.93509047993706, 32.93981117230527, 32.93784421715185, 32.939811172305276, 32.93981117230527, 32.94217151848938, 32.94099134539733, 32.942171518489374, 32.93981117230527, 32.9417781274587, 32.94059795436664, 32.93823760818253, 32.93705743509048, 32.937450826121164, 32.937450826121164, 32.936664044059796, 32.93705743509048, 32.94020456333595, 32.94020456333595, 32.941384736428006, 32.94295830055075, 32.942564909520065, 32.939417781274585, 32.943351691581434, 32.9417781274587, 32.94177812745869, 32.943351691581434, 32.94374508261212, 32.94295830055075, 32.94610542879622, 32.94374508261212, 32.9441384736428, 32.945318646734854, 32.94807238394964, 32.947678992918966, 32.94492525570417, 32.94767899291896, 32.94767899291896, 32.9441384736428, 32.944531864673486, 32.94689221085759, 32.94492525570417, 32.943351691581434, 32.94099134539732, 32.9441384736428, 32.943351691581434, 32.939417781274585, 32.940597954366645, 32.93981117230527, 32.94020456333595, 32.94020456333595, 32.93587726199843, 32.93823760818253, 32.93784421715185, 32.9390243902439, 32.93823760818253, 32.93705743509048, 32.93627065302911, 32.93430369787569, 32.93509047993706, 32.935483870967744, 32.93351691581432, 32.93823760818253, 32.93981117230527, 32.93705743509048, 32.937450826121164, 32.936664044059796, 32.933516915814316, 32.933910306845, 32.93705743509048, 32.93823760818253, 32.9441384736428, 32.94138473642801, 32.9417781274587, 32.94177812745869, 32.94217151848938, 32.94177812745869, 32.9417781274587, 32.940597954366645, 32.944531864673486, 32.944531864673486, 32.94649881982691, 32.942564909520065, 32.94138473642801, 32.942564909520065, 32.94020456333596, 32.93823760818253, 32.93941778127459, 32.93784421715185, 32.93863099921322, 32.93863099921322, 32.94059795436664, 32.94020456333595, 32.94059795436664, 32.94138473642801, 32.94099134539733, 32.93863099921322, 32.94059795436664, 32.94059795436664, 32.94138473642801]",0.914811053591922,0.9320245778104108,33,"[33, 33, 33, 33, 33, 33, 33, 33, 33, 33, 33, 33, 33, 33, 33, 33, 33, 33, 33, 33, 33, 33, 33, 33, 33, 33, 33, 33, 33, 33, 33, 33, 33, 33, 33, 33, 33, 33, 33, 33, 33, 33, 33, 33, 33, 33, 33, 33, 33, 33, 33, 33, 33, 33, 33, 33, 33, 33, 33, 33, 33, 33, 33, 33, 33, 33, 33, 33, 33, 33, 33, 33, 33, 33, 33, 33, 33, 33, 33, 33, 33, 33, 33, 33, 33, 33, 33, 33, 33, 33, 33, 33, 33, 33, 33, 33, 33, 33, 33, 33, 33, 33, 33, 33, 33, 33, 33, 33, 33, 33, 33, 33, 33, 33, 33, 33, 33, 33, 33, 33, 33, 33, 33, 33, 33, 33, 33, 33, 33, 33, 33, 33, 33, 33, 33, 33, 33, 33, 33, 33, 33, 33, 33, 33, 33, 33, 33, 33, 33, 33, 33, 33, 33, 33, 33, 33, 33, 33, 33, 33, 33, 33, 33, 33, 33, 33, 33, 33, 33, 33, 33, 33, 33, 33, 33, 33, 33, 33, 33, 33, 33, 33, 33, 33, 33, 33, 33, 33, 33, 33, 33, 33, 33, 33, 33, 33, 33, 33, 33, 33, 33, 33, 33, 33, 33, 33, 33, 33, 33, 33, 33, 33, 33, 33, 33, 33, 33, 33, 33, 33, 33, 33, 33, 33, 33, 33, 33, 33, 33, 33, 33, 33, 33, 33, 33, 33, 33, 33, 33, 33, 33, 33, 33, 33, 33, 33, 33, 33, 33, 33, 33, 33, 33, 33, 33, 33, 33, 33, 33, 33, 33, 33, 33, 33, 33, 33, 33, 33, 33, 33, 33, 33, 33, 33, 33, 33, 33, 33, 33, 33, 33, 33, 33, 33, 33, 33, 33, 33, 33, 33, 33, 33, 33, 33, 33, 33, 33, 33, 33, 33, 33, 33, 33, 33, 33, 33, 33, 33, 33, 33, 33, 33, 33, 33, 33, 33, 33, 33, 33, 33, 33, 33, 33, 33, 33, 33, 33, 33, 33, 33, 33, 33, 33, 33, 33, 33, 33, 33, 33, 33, 33, 33, 33, 33, 33, 33, 33, 33, 33, 33, 33, 33, 33, 33, 33, 33, 33, 33, 33, 33, 33, 33, 33, 33, 33, 33, 33, 33, 33, 33, 33, 33, 33, 33, 33, 33, 33, 33, 33, 33, 33, 33, 33, 33, 33, 33, 33, 33, 33, 33, 33, 33, 33, 33, 33, 33, 33, 33, 33, 33, 33, 33, 33, 33, 33, 33, 33, 33, 33, 33, 33, 33, 33, 33, 33, 33, 33, 33, 33, 33, 33, 33, 33, 33, 33, 33, 33, 33, 33, 33, 33, 33, 33, 33, 33, 33, 33, 33, 33, 33, 33, 33, 33, 33, 33, 33, 33, 33, 33, 33, 33, 33, 33, 33, 33, 33, 33, 33, 33, 33]",460,"[0.3973665237426758, 0.38985270261764526, 0.38430923223495483, 0.38011404871940613, 0.376862496137619, 0.3745664656162262, 0.37389808893203735, 0.3704836666584015, 0.3686879277229309, 0.3673645853996277, 0.36636272072792053, 0.36487752199172974, 0.3634420335292816, 0.3622288107872009, 0.3615869879722595, 0.35992440581321716, 0.3591373562812805, 0.3591552972793579, 0.3570180833339691, 0.3557252883911133, 0.3544479012489319, 0.35340744256973267, 0.3523384928703308, 0.3512617349624634, 0.35019344091415405, 0.3491086959838867, 0.34870341420173645, 0.34750041365623474, 0.3462085723876953, 0.34519463777542114, 0.3449283838272095, 0.34322136640548706, 0.34232741594314575, 0.3416595757007599, 0.34039387106895447, 0.3399292230606079, 0.33867278695106506, 0.33761298656463623, 0.3367387652397156, 0.33587074279785156, 0.3348592519760132, 0.3339179754257202, 0.33312252163887024, 0.3322274386882782, 0.3315613865852356, 0.3303433358669281, 0.3300834000110626, 0.32861432433128357, 0.3277757167816162, 0.32699882984161377, 0.32587164640426636, 0.32479193806648254, 0.323868989944458, 0.32301533222198486, 0.3220222592353821, 0.32103481888771057, 0.32009685039520264, 0.3191043734550476, 0.31807661056518555, 0.3170526623725891, 0.3161100149154663, 0.3151381313800812, 0.3138902187347412, 0.31313320994377136, 0.31173044443130493, 0.3107430040836334, 0.30955982208251953, 0.3085104525089264, 0.3070833086967468, 0.30583715438842773, 0.30472710728645325, 0.30339106917381287, 0.3027881383895874, 0.3012077808380127, 0.29957637190818787, 0.2983795702457428, 0.2973906397819519, 0.29636889696121216, 0.29430773854255676, 0.2932246923446655, 0.29178306460380554, 0.2905946671962738, 0.2901984453201294, 0.28789910674095154, 0.28618183732032776, 0.285039484500885, 0.28382158279418945, 0.2821432054042816, 0.2808060944080353, 0.2794409990310669, 0.2782212793827057, 0.27693599462509155, 0.2756907343864441, 0.27453064918518066, 0.2732137143611908, 0.27220621705055237, 0.27088093757629395, 0.26999592781066895, 0.26853853464126587, 0.26754865050315857, 0.2664805054664612, 0.2654745578765869, 0.26457086205482483, 0.2633800804615021, 0.2623665928840637, 0.26178234815597534, 0.260504812002182, 0.25972071290016174, 0.2592206299304962, 0.2579284906387329, 0.2570982277393341, 0.2564610540866852, 0.25541868805885315, 0.25462305545806885, 0.2539263665676117, 0.25323420763015747, 0.2524774372577667, 0.25207412242889404, 0.25154879689216614, 0.2505595088005066, 0.2499750256538391, 0.24914386868476868, 0.24846021831035614, 0.24777039885520935, 0.24721406400203705, 0.24663658440113068, 0.24610833823680878, 0.24524568021297455, 0.24506594240665436, 0.24429555237293243, 0.2434902787208557, 0.24285978078842163, 0.2422872930765152, 0.24173511564731598, 0.24152164161205292, 0.24079136550426483, 0.24017642438411713, 0.23989689350128174, 0.23960374295711517, 0.23889480531215668, 0.2380198836326599, 0.23759043216705322, 0.23738928139209747, 0.23702000081539154, 0.23669414222240448, 0.2355155199766159, 0.23484353721141815, 0.2345799207687378, 0.23451833426952362, 0.23336362838745117, 0.2327982485294342, 0.23268552124500275, 0.23194986581802368, 0.23149754106998444, 0.23116084933280945, 0.23062792420387268, 0.23030692338943481, 0.22962959110736847, 0.22907930612564087, 0.2286360114812851, 0.22886896133422852, 0.2281704843044281, 0.22791510820388794, 0.2270737886428833, 0.2268090844154358, 0.22662048041820526, 0.22602374851703644, 0.2263079434633255, 0.22506704926490784, 0.2245616912841797, 0.22434334456920624, 0.22376477718353271, 0.22317537665367126, 0.22327710688114166, 0.22350971400737762, 0.22222492098808289, 0.2220587581396103, 0.22128623723983765, 0.22071518003940582, 0.2202133685350418, 0.22030578553676605, 0.21959224343299866, 0.21926267445087433, 0.21895158290863037, 0.21872921288013458, 0.2184465378522873, 0.21827949583530426, 0.21753421425819397, 0.2177382856607437, 0.21670866012573242, 0.21651287376880646, 0.21671688556671143, 0.2167077511548996, 0.21520119905471802, 0.21534958481788635, 0.21505476534366608, 0.21447831392288208, 0.21388383209705353, 0.21354545652866364, 0.2133977860212326, 0.2128365933895111, 0.2127743512392044, 0.21292848885059357, 0.21221871674060822, 0.21150290966033936, 0.21157817542552948, 0.21132975816726685, 0.21038752794265747, 0.21052825450897217, 0.21018122136592865, 0.209833025932312, 0.2094159573316574, 0.20912109315395355, 0.20898935198783875, 0.2082509547472, 0.2082757204771042, 0.20777730643749237, 0.20770245790481567, 0.20747852325439453, 0.20712551474571228, 0.20706579089164734, 0.20675960183143616, 0.2064095288515091, 0.2061445415019989, 0.20614808797836304, 0.2055269032716751, 0.2063932865858078, 0.2060534656047821, 0.20556168258190155, 0.20513956248760223, 0.2045857459306717, 0.20425374805927277, 0.2038847804069519, 0.20347049832344055, 0.2034563273191452, 0.20328788459300995, 0.20300990343093872, 0.20291250944137573, 0.2022927701473236, 0.20226185023784637, 0.20212359726428986, 0.20198211073875427, 0.2011936902999878, 0.2008681297302246, 0.2015698105096817, 0.20151714980602264, 0.2006542831659317, 0.20086324214935303, 0.20002642273902893, 0.199816033244133, 0.20064647495746613, 0.19938693940639496, 0.19991198182106018, 0.19903482496738434, 0.19885492324829102, 0.19897249341011047, 0.19983705878257751, 0.198334202170372, 0.19902998208999634, 0.1985933929681778, 0.19839748740196228, 0.19828824698925018, 0.19799450039863586, 0.19945210218429565, 0.19769683480262756, 0.19753409922122955, 0.19722521305084229, 0.19744566082954407, 0.1976412832736969, 0.19692672789096832, 0.19650277495384216, 0.19683925807476044, 0.19670133292675018, 0.19686372578144073, 0.19668106734752655, 0.19558696448802948, 0.1968984156847, 0.19636836647987366, 0.19574062526226044, 0.1956537663936615, 0.19546937942504883, 0.19517694413661957, 0.19487875699996948, 0.19506046175956726, 0.19488205015659332, 0.19451197981834412, 0.194681316614151, 0.1943122148513794, 0.19487644731998444, 0.19400887191295624, 0.1957262009382248, 0.19370509684085846, 0.1950559765100479, 0.1946636587381363, 0.19529855251312256, 0.19430392980575562, 0.19359908998012543, 0.1935948133468628, 0.19389627873897552, 0.19360487163066864, 0.19357407093048096, 0.19308532774448395, 0.19323240220546722, 0.19366781413555145, 0.19320793449878693, 0.19338203966617584, 0.19256579875946045, 0.19222544133663177, 0.19228437542915344, 0.19217723608016968, 0.191912442445755, 0.19147007167339325, 0.19152574241161346, 0.19159793853759766, 0.1918012946844101, 0.19265303015708923, 0.1923922598361969, 0.19249112904071808, 0.19213004410266876, 0.19116218388080597, 0.1910824328660965, 0.19225142896175385, 0.19085244834423065, 0.1908324807882309, 0.1906215250492096, 0.1911945790052414, 0.19049739837646484, 0.19099658727645874, 0.19111427664756775, 0.19082950055599213, 0.1911233514547348, 0.19060885906219482, 0.18969665467739105, 0.1893126368522644, 0.19063608348369598, 0.1901991069316864, 0.19136783480644226, 0.19025681912899017, 0.1905856877565384, 0.1902826428413391, 0.18993936479091644, 0.18919599056243896, 0.19031639397144318, 0.19108064472675323, 0.18939070403575897, 0.1902884542942047, 0.18964749574661255, 0.1894460916519165, 0.18832558393478394, 0.1884138286113739, 0.18853984773159027, 0.1879270374774933, 0.1887614130973816, 0.18841634690761566, 0.18949075043201447, 0.18915700912475586, 0.1886022984981537, 0.18777696788311005, 0.1872391551733017, 0.18880720436573029, 0.1888471394777298, 0.18800093233585358, 0.18745754659175873, 0.18795901536941528, 0.1872081160545349, 0.18690012395381927, 0.18661963939666748, 0.1866803616285324, 0.1875361055135727, 0.18755564093589783, 0.18715885281562805, 0.18671253323554993, 0.18574832379817963, 0.1871362328529358, 0.18576322495937347, 0.18746444582939148, 0.18621015548706055, 0.18676602840423584, 0.18565823137760162, 0.1851794272661209, 0.1853826493024826, 0.18606813251972198, 0.18530979752540588, 0.1853698343038559, 0.18512636423110962, 0.18639080226421356, 0.18534481525421143, 0.1861913651227951, 0.18493066728115082, 0.1854332983493805, 0.18426133692264557, 0.18494516611099243, 0.18524788320064545, 0.18505136668682098, 0.1855200231075287, 0.1860368847846985, 0.18380632996559143, 0.1840447634458542, 0.1847437620162964, 0.1844402551651001, 0.1859034299850464, 0.1835164874792099, 0.18441028892993927, 0.18338598310947418, 0.18476910889148712, 0.18406204879283905, 0.18407674133777618, 0.18256761133670807, 0.18365289270877838, 0.18343563377857208, 0.1828831136226654, 0.18258146941661835, 0.1834494024515152, 0.18244625627994537, 0.1837983876466751, 0.18349190056324005, 0.18360473