,number,value,datetime_start,datetime_complete,duration,params_batch_size_scaler,params_constant_learning_rate,params_depth,params_epochs,params_kernel_l2,params_num_trees,params_temperature,user_attrs_accuracy_test,user_attrs_accuracy_valid,user_attrs_approximate_feature_sparsity,user_attrs_approximate_feature_sparsity_history,user_attrs_approximate_weight_sparsity,user_attrs_approximate_weight_sparsity_history,user_attrs_auc_test,user_attrs_auc_valid,user_attrs_feature_sparsity,user_attrs_feature_sparsity_history,user_attrs_num_epochs,user_attrs_val_loss_history,user_attrs_weight_sparsity,user_attrs_weight_sparsity_history,state
141,141,0.5,2024-08-31 07:00:24.345612,2024-08-31 07:05:17.538554,0 days 00:04:53.192942,16,2.521598695768989,6,300,0.3414831817533474,59,0.00044895609179935347,0.859,0.85875,0,"[33, 33, 33, 33, 33, 33, 33, 33, 33, 33, 33, 33, 33, 33, 33, 33, 33, 33, 26, 21, 21, 19, 18, 16, 16, 15, 15, 15, 15, 15, 15, 15, 15, 15, 15, 15, 15, 15, 15, 15, 15, 15, 15, 15, 15, 15, 15, 15, 15, 15, 15, 15, 15, 12, 12, 12, 12, 12, 12, 12, 12, 12, 12, 12, 12, 12, 12, 12, 12, 12, 12, 12, 12, 12, 11, 11, 11, 11, 11, 11, 11, 11, 11, 11, 11, 11, 11, 11, 11, 11, 11, 11, 11, 11, 11, 11, 10, 10, 9, 8, 6, 6, 6, 6, 6, 6, 6, 6, 6, 6, 6, 6, 6, 6, 6, 6, 6, 6, 6, 6, 6, 6, 6, 6, 6, 6, 5, 5, 5, 5, 5, 5, 5, 5, 5, 5, 5, 5, 5, 5, 5, 5, 5, 5, 5, 5, 5, 5, 5, 5, 5, 5, 5, 5, 5, 5, 5, 5, 5, 5, 5, 5, 5, 5, 5, 5, 5, 5, 5, 5, 5, 5, 5, 5, 5, 5, 5, 5, 5, 5, 5, 5, 5, 5, 5, 5, 5, 5, 5, 5, 5, 5, 5, 5, 5, 5, 5, 5, 5, 5, 5, 5, 5, 5, 5, 5, 5, 5, 5, 5, 5, 5, 5, 5, 5, 5, 5, 5, 5, 5, 5, 5, 5, 5, 5, 5, 5, 5, 5, 5, 4, 4, 4, 4, 4, 4, 4, 4, 4, 4, 4, 4, 2, 2, 2, 2, 2, 2, 2, 2, 2, 2, 1, 1, 1, 1, 1, 1, 1, 1, 1, 1, 1, 1, 1, 1, 1, 1, 1, 1, 1, 0, 0, 0, 0, 0, 0, 0, 0, 0, 0, 0, 0, 0, 0, 0, 0, 0, 0, 0, 0, 0, 0, 0, 0, 0, 0, 0, 0, 0]",0.0,"[32.91525423728814, 32.92171105730428, 32.92332526230832, 32.92386333064299, 32.92493946731235, 32.92332526230831, 32.911487758945384, 32.91955878396556, 32.91337099811676, 32.91041162227603, 32.91041162227603, 32.91390906645144, 32.9198278181329, 32.91713747645951, 32.91202582728006, 32.90906645143933, 32.90772128060263, 32.917944578961524, 25.935969868173256, 20.94081248318536, 20.949959644874898, 18.951573849878933, 17.951304815711595, 15.953457089050309, 15.963142319074523, 14.958837772397093, 14.962335216572503, 14.960721011568472, 14.962604250739842, 14.965294592413235, 14.962873284907184, 14.961528114070486, 14.965563626580575, 14.964756524078558, 14.962335216572505, 14.962066182405163, 14.959644874899114, 14.96394942157654, 14.96771589991929, 14.969330104923323, 14.968523002421307, 14.961797148237826, 14.95991390906645, 14.960721011568468, 14.970137207425342, 14.96421845574388, 14.966101694915256, 14.96448748991122, 14.963949421576539, 14.965294592413237, 14.962873284907182, 14.959644874899112, 14.962873284907184, 11.969868173258005, 11.968792036588646, 11.972558514931396, 11.96717783158461, 11.968792036588647, 11.964756524078556, 11.96341135324186, 11.966101694915253, 11.96448748991122, 11.963142319074523, 11.962066182405167, 11.966639763249933, 11.968792036588647, 11.969061070755986, 11.968253968253968, 11.965563626580575, 11.96798493408663, 11.964487489911217, 11.969599139090663, 11.96690879741727, 11.96798493408663, 10.969599139090665, 10.965025558245898, 10.966639763249933, 10.968792036588647, 10.968253968253968, 10.968792036588646, 10.966101694915254, 10.96798493408663, 10.969868173258003, 10.965294592413237, 10.969599139090665, 10.965294592413237, 10.96448748991122, 10.962604250739844, 10.965294592413237, 10.95991390906645, 10.959644874899112, 10.95641646489104, 10.963142319074523, 10.959106806564433, 10.962604250739844, 10.965563626580575, 9.965832660747914, 9.969061070755984, 8.972020446596717, 7.9741727199354315, 5.979015334947538, 5.980629539951574, 5.980091471616896, 5.979284369114877, 5.981705676620931, 5.981705676620931, 5.978208232445521, 5.981436642453591, 5.980091471616895, 5.981436642453591, 5.982512779122948, 5.979553403282217, 5.98224374495561, 5.980629539951574, 5.977132095776163, 5.9752488566047885, 5.979822437449556, 5.979015334947539, 5.979822437449556, 5.98197471078827, 5.980898574118912, 5.981705676620931, 5.981705676620931, 5.981436642453591, 5.976594027441484, 5.979015334947538, 4.985741189131019, 4.984396018294323, 4.983319881624966, 4.980091471616896, 4.983050847457627, 4.981705676620931, 4.981705676620931, 4.980360505784235, 4.979284369114877, 4.980360505784235, 4.982781813290288, 4.979284369114877, 4.982781813290288, 4.984396018294324, 4.982512779122949, 4.980360505784235, 4.985472154963681, 4.984126984126984, 4.980360505784234, 4.978746300780199, 4.980091471616895, 4.980091471616896, 4.982781813290288, 4.980360505784234, 4.978746300780199, 4.981167608286253, 4.980091471616895, 4.978746300780199, 4.980629539951574, 4.977132095776164, 4.977670164110842, 4.979822437449556, 4.9774011299435035, 4.9768630616088245, 4.976324993274146, 4.975248856604789, 4.9747107882701105, 4.977939198278181, 4.978208232445521, 4.980360505784234, 4.979284369114877, 4.981167608286252, 4.97847726661286, 4.980629539951574, 4.981167608286253, 4.980898574118913, 4.979284369114877, 4.9768630616088245, 4.974441754102771, 4.975517890772128, 4.981167608286253, 4.980629539951574, 4.9768630616088245, 4.9752488566047885, 4.976594027441485, 4.977132095776163, 4.978208232445521, 4.976594027441485, 4.975517890772128, 4.976055959106806, 4.977670164110842, 4.975517890772128, 4.9768630616088245, 4.982781813290288, 4.9768630616088245, 4.9757869249394675, 4.976324993274146, 4.977132095776163, 4.977670164110842, 4.97847726661286, 4.9774011299435035, 4.977939198278181, 4.9768630616088245, 4.978746300780199, 4.977132095776163, 4.977670164110842, 4.976324993274146, 4.977670164110842, 4.977939198278181, 4.9747107882701105, 4.979284369114877, 4.974979822437449, 4.977670164110842, 4.977670164110842, 4.9768630616088245, 4.977670164110842, 4.97847726661286, 4.977132095776163, 4.9768630616088245, 4.977670164110842, 4.9779391982781815, 4.979553403282217, 4.978746300780199, 4.97847726661286, 4.977939198278181, 4.977939198278181, 4.9757869249394675, 4.9736346516007535, 4.972827549098736, 4.973903685768093, 4.9720204465967175, 4.973634651600753, 4.9712133440947, 4.970944309927361, 3.9739036857680925, 3.9725585149313964, 3.9763249932741456, 3.9725585149313964, 3.9749798224374495, 3.9757869249394675, 3.9752488566047885, 3.9760559591068065, 3.976324993274146, 3.975517890772128, 3.9779391982781815, 3.974441754102771, 1.9889695991390908, 1.9887005649717513, 1.9884315308044123, 1.9876244283023943, 1.9900457358084478, 1.9887005649717513, 1.9865482916330373, 1.9870863599677158, 1.9862792574656982, 1.9881624966370728, 0.9903147699757869, 0.9919289749798225, 0.9897767016411084, 0.992467043314501, 0.9921980091471617, 0.9930051116491795, 0.9908528383104654, 0.9892386333064299, 0.9908528383104654, 0.9897767016411084, 0.9908528383104654, 0.9911218724778047, 0.9911218724778047, 0.9908528383104654, 0.9905838041431262, 0.9905838041431262, 0.9892386333064299, 0.9905838041431262, 0.9905838041431262, 0.0, 0.0, 0.0, 0.0, 0.0, 0.0, 0.0, 0.0, 0.0, 0.0, 0.0, 0.0, 0.0, 0.0, 0.0, 0.0, 0.0, 0.0, 0.0, 0.0, 0.0, 0.0, 0.0, 0.0, 0.0, 0.0, 0.0, 0.0, 0.0]",0.5,0.5,0,"[33, 33, 33, 33, 33, 33, 33, 33, 33, 33, 33, 33, 33, 33, 33, 33, 33, 33, 26, 21, 21, 19, 18, 16, 16, 15, 15, 15, 15, 15, 15, 15, 15, 15, 15, 15, 15, 15, 15, 15, 15, 15, 15, 15, 15, 15, 15, 15, 15, 15, 15, 15, 15, 12, 12, 12, 12, 12, 12, 12, 12, 12, 12, 12, 12, 12, 12, 12, 12, 12, 12, 12, 12, 12, 11, 11, 11, 11, 11, 11, 11, 11, 11, 11, 11, 11, 11, 11, 11, 11, 11, 11, 11, 11, 11, 11, 10, 10, 9, 8, 6, 6, 6, 6, 6, 6, 6, 6, 6, 6, 6, 6, 6, 6, 6, 6, 6, 6, 6, 6, 6, 6, 6, 6, 6, 6, 5, 5, 5, 5, 5, 5, 5, 5, 5, 5, 5, 5, 5, 5, 5, 5, 5, 5, 5, 5, 5, 5, 5, 5, 5, 5, 5, 5, 5, 5, 5, 5, 5, 5, 5, 5, 5, 5, 5, 5, 5, 5, 5, 5, 5, 5, 5, 5, 5, 5, 5, 5, 5, 5, 5, 5, 5, 5, 5, 5, 5, 5, 5, 5, 5, 5, 5, 5, 5, 5, 5, 5, 5, 5, 5, 5, 5, 5, 5, 5, 5, 5, 5, 5, 5, 5, 5, 5, 5, 5, 5, 5, 5, 5, 5, 5, 5, 5, 5, 5, 5, 5, 5, 5, 4, 4, 4, 4, 4, 4, 4, 4, 4, 4, 4, 4, 2, 2, 2, 2, 2, 2, 2, 2, 2, 2, 1, 1, 1, 1, 1, 1, 1, 1, 1, 1, 1, 1, 1, 1, 1, 1, 1, 1, 1, 0, 0, 0, 0, 0, 0, 0, 0, 0, 0, 0, 0, 0, 0, 0, 0, 0, 0, 0, 0, 0, 0, 0, 0, 0, 0, 0, 0, 0]",300,"[0.38656315207481384, 0.3756074011325836, 0.36921200156211853, 0.3691030442714691, 0.35970431566238403, 0.3555105924606323, 0.35042813420295715, 0.34738919138908386, 0.341106653213501, 0.33583998680114746, 0.3313361704349518, 0.32642418146133423, 0.317753404378891, 0.3120241165161133, 0.30473005771636963, 0.29949435591697693, 0.2935870289802551, 0.2845364212989807, 0.2787954807281494, 0.27267739176750183, 0.2667362093925476, 0.2627760171890259, 0.26026034355163574, 0.2583719789981842, 0.25539714097976685, 0.2528086006641388, 0.252827912569046, 0.2497367262840271, 0.24701642990112305, 0.24477598071098328, 0.24218247830867767, 0.23947162926197052, 0.23827236890792847, 0.2349623292684555, 0.2344570904970169, 0.2354147732257843, 0.2303161770105362, 0.230494886636734, 0.22896233201026917, 0.22815382480621338, 0.22456037998199463, 0.2263428121805191, 0.2221023589372635, 0.22218137979507446, 0.2261160910129547, 0.2211487889289856, 0.2192571759223938, 0.21682848036289215, 0.22153368592262268, 0.21819467842578888, 0.21684308350086212, 0.22380807995796204, 0.21553754806518555, 0.27526816725730896, 0.27372533082962036, 0.2710637152194977, 0.27128973603248596, 0.26970621943473816, 0.27058321237564087, 0.26929226517677307, 0.26868313550949097, 0.2682720422744751, 0.2743995785713196, 0.2687000334262848, 0.2683539092540741, 0.2666628062725067, 0.2675681412220001, 0.26624050736427307, 0.2761346697807312, 0.2643967866897583, 0.26488497853279114, 0.26314425468444824, 0.26401036977767944, 0.26537296175956726, 0.26547032594680786, 0.264783650636673, 0.26267489790916443, 0.2672346830368042, 0.2654673457145691, 0.2645493149757385, 0.2634020149707794, 0.2631669342517853, 0.2611640691757202, 0.2669937312602997, 0.2649160623550415, 0.2666442394256592, 0.2600138187408447, 0.2653146982192993, 0.25876396894454956, 0.2610466182231903, 0.2594291567802429, 0.2634841203689575, 0.2600580155849457, 0.26092320680618286, 0.25906533002853394, 0.2615206837654114, 0.2648746073246002, 0.27138543128967285, 0.30642783641815186, 0.28068962693214417, 0.3018130660057068, 0.28184735774993896, 0.27850958704948425, 0.27460533380508423, 0.27992311120033264, 0.2716745138168335, 0.27102041244506836, 0.27260622382164, 0.269904226064682, 0.2688647210597992, 0.26991188526153564, 0.27851277589797974, 0.26806625723838806, 0.2720654606819153, 0.26940518617630005, 0.2702898681163788, 0.2744342088699341, 0.26969531178474426, 0.26910650730133057, 0.27148211002349854, 0.26713621616363525, 0.26816895604133606, 0.2670556306838989, 0.2687933146953583, 0.26697665452957153, 0.267854779958725, 0.2928977906703949, 0.2852035462856293, 0.29194438457489014, 0.28165772557258606, 0.27791377902030945, 0.28004854917526245, 0.27676868438720703, 0.2763192057609558, 0.2773398756980896, 0.2848508358001709, 0.28120413422584534, 0.2770559787750244, 0.28357747197151184, 0.3041040897369385, 0.2813049554824829, 0.2758149206638336, 0.27669399976730347, 0.2756637632846832, 0.28082939982414246, 0.27629798650741577, 0.27851274609565735, 0.2745820879936218, 0.2778373956680298, 0.2740944027900696, 0.27533143758773804, 0.27405864000320435, 0.27422255277633667, 0.2762948274612427, 0.2860330641269684, 0.27458441257476807, 0.2744642198085785, 0.27436915040016174, 0.2804098129272461, 0.29112762212753296, 0.2768658697605133, 0.27440816164016724, 0.2734222710132599, 0.2738337814807892, 0.2784057855606079, 0.2729095220565796, 0.2738035321235657, 0.2736099660396576, 0.273140549659729, 0.2756802439689636, 0.27289655804634094, 0.27339258790016174, 0.2745174467563629, 0.27396923303604126, 0.27447426319122314, 0.27344051003456116, 0.2850087881088257, 0.27263984084129333, 0.27773645520210266, 0.2751009166240692, 0.27376237511634827, 0.2745864987373352, 0.27379655838012695, 0.27236223220825195, 0.2748942971229553, 0.27237433195114136, 0.27459049224853516, 0.27641797065734863, 0.2737800180912018, 0.27353107929229736, 0.27261608839035034, 0.2746008634567261, 0.28199446201324463, 0.2755194902420044, 0.2726544737815857, 0.27211615443229675, 0.2723628282546997, 0.2729456424713135, 0.2721432149410248, 0.2775702178478241, 0.27334505319595337, 0.2720911204814911, 0.2735086679458618, 0.27118146419525146, 0.2745323181152344, 0.2767520248889923, 0.2757488191127777, 0.27421075105667114, 0.2714786231517792, 0.2715919315814972, 0.27206626534461975, 0.27241429686546326, 0.27905747294425964, 0.27167758345603943, 0.2837885916233063, 0.28274640440940857, 0.2734738290309906, 0.27086085081100464, 0.2730461359024048, 0.27441585063934326, 0.27585938572883606, 0.27242255210876465, 0.27108845114707947, 0.27422279119491577, 0.27127912640571594, 0.2709786891937256, 0.2736589312553406, 0.27257493138313293, 0.27318671345710754, 0.28163522481918335, 0.3057495057582855, 0.2984999716281891, 0.29668527841567993, 0.29806336760520935, 0.29600995779037476, 0.3022824227809906, 0.2982265055179596, 0.2958499491214752, 0.2970469892024994, 0.2958543002605438, 0.2965013384819031, 0.2957589328289032, 0.39424121379852295, 0.3767493963241577, 0.37618488073349, 0.3752017915248871, 0.3751905560493469, 0.3774598240852356, 0.3764278292655945, 0.37573662400245667, 0.37608233094215393, 0.3772033751010895, 0.39252525568008423, 0.3924697935581207, 0.39856651425361633, 0.3960585296154022, 0.3924607038497925, 0.3930329382419586, 0.39240601658821106, 0.3956388533115387, 0.39494046568870544, 0.3993065655231476, 0.3961953818798065, 0.3930186927318573, 0.39254844188690186, 0.3950628340244293, 0.3990124762058258, 0.3924769163131714, 0.394209086894989, 0.39471185207366943, 0.39242514967918396, 0.41053566336631775, 0.408436119556427, 0.4084325432777405, 0.4117167592048645, 0.40897464752197266, 0.4160366356372833, 0.4117860794067383, 0.4134899377822876, 0.40811407566070557, 0.41076895594596863, 0.4118518531322479, 0.4079521596431732, 0.4073370397090912, 0.4104660153388977, 0.4080679714679718, 0.41674259305000305, 0.4074203372001648, 0.40759989619255066, 0.4203544557094574, 0.4082801938056946, 0.4080817401409149, 0.40756580233573914, 0.4072414040565491, 0.407464861869812, 0.4088186025619507, 0.4084223806858063, 0.41079169511795044, 0.4151626527309418, 0.40789997577667236]",0.0,"[33.0, 33.0, 33.0, 33.0, 33.0, 33.0, 33.0, 33.0, 33.0, 33.0, 33.0, 33.0, 33.0, 33.0, 33.0, 33.0, 33.0, 33.0, 26.0, 21.0, 21.0, 19.0, 18.0, 16.0, 16.0, 15.0, 15.0, 15.0, 15.0, 15.0, 15.0, 15.0, 15.0, 15.0, 15.0, 15.0, 15.0, 15.0, 15.0, 15.0, 15.0, 15.0, 15.0, 15.0, 15.0, 15.0, 15.0, 15.0, 15.0, 15.0, 15.0, 15.0, 15.0, 12.0, 12.0, 12.0, 12.0, 12.0, 12.0, 12.0, 12.0, 12.0, 12.0, 12.0, 12.0, 12.0, 12.0, 12.0, 12.0, 12.0, 12.0, 12.0, 12.0, 12.0, 11.0, 11.0, 11.0, 11.0, 11.0, 11.0, 11.0, 11.0, 11.0, 11.0, 11.0, 11.0, 11.0, 11.0, 11.0, 11.0, 11.0, 11.0, 11.0, 11.0, 11.0, 11.0, 10.0, 10.0, 9.0, 8.0, 6.0, 6.0, 6.0, 6.0, 6.0, 6.0, 6.0, 6.0, 6.0, 6.0, 6.0, 6.0, 6.0, 6.0, 6.0, 6.0, 6.0, 6.0, 6.0, 6.0, 6.0, 6.0, 6.0, 6.0, 6.0, 6.0, 5.0, 5.0, 5.0, 5.0, 5.0, 5.0, 5.0, 5.0, 5.0, 5.0, 5.0, 5.0, 5.0, 5.0, 5.0, 5.0, 5.0, 5.0, 5.0, 5.0, 5.0, 5.0, 5.0, 5.0, 5.0, 5.0, 5.0, 5.0, 5.0, 5.0, 5.0, 5.0, 5.0, 5.0, 5.0, 5.0, 5.0, 5.0, 5.0, 5.0, 5.0, 5.0, 5.0, 5.0, 5.0, 5.0, 5.0, 5.0, 5.0, 5.0, 5.0, 5.0, 5.0, 5.0, 5.0, 5.0, 5.0, 5.0, 5.0, 5.0, 5.0, 5.0, 5.0, 5.0, 5.0, 5.0, 5.0, 5.0, 5.0, 5.0, 5.0, 5.0, 5.0, 5.0, 5.0, 5.0, 5.0, 5.0, 5.0, 5.0, 5.0, 5.0, 5.0, 5.0, 5.0, 5.0, 5.0, 5.0, 5.0, 5.0, 5.0, 5.0, 5.0, 5.0, 5.0, 5.0, 5.0, 5.0, 5.0, 5.0, 5.0, 5.0, 5.0, 5.0, 4.0, 4.0, 4.0, 4.0, 4.0, 4.0, 4.0, 4.0, 4.0, 4.0, 4.0, 4.0, 2.0, 2.0, 2.0, 2.0, 2.0, 2.0, 2.0, 2.0, 2.0, 2.0, 1.0, 1.0, 1.0, 1.0, 1.0, 1.0, 1.0, 1.0, 1.0, 1.0, 1.0, 1.0, 1.0, 1.0, 1.0, 1.0, 1.0, 1.0, 1.0, 0.0, 0.0, 0.0, 0.0, 0.0, 0.0, 0.0, 0.0, 0.0, 0.0, 0.0, 0.0, 0.0, 0.0, 0.0, 0.0, 0.0, 0.0, 0.0, 0.0, 0.0, 0.0, 0.0, 0.0, 0.0, 0.0, 0.0, 0.0, 0.0]",COMPLETE
142,142,0.8451391840888305,2024-08-31 07:05:22.716814,2024-08-31 07:07:27.749859,0 days 00:02:05.033045,1,0.8873392448177261,6,45,0.29702771997788285,25,0.001361760546550477,0.9,0.8925,5,"[33, 9, 7, 7, 7, 7, 7, 7, 7, 7, 7, 7, 7, 7, 7, 5, 5, 5, 5, 5, 5, 5, 5, 5, 5, 5, 5, 5, 5, 5, 5, 5, 5, 5, 5, 5, 5, 5, 5, 5, 5, 5, 5, 5, 5]",4.956825396825397,"[32.94539682539682, 8.984761904761905, 6.983492063492063, 6.985396825396825, 6.983492063492064, 6.9885714285714275, 6.984761904761904, 6.983492063492064, 6.984126984126983, 6.983492063492064, 6.986031746031746, 6.977777777777778, 6.983492063492063, 6.97904761904762, 6.983492063492064, 4.984761904761904, 4.983492063492063, 4.980952380952381, 4.986031746031746, 4.986031746031746, 4.9879365079365074, 4.982857142857143, 4.977142857142857, 4.977142857142857, 4.987301587301587, 4.973968253968255, 4.979047619047619, 4.974603174603175, 4.970793650793651, 4.972063492063492, 4.975238095238096, 4.967619047619047, 4.9688888888888885, 4.966984126984127, 4.965714285714286, 4.96, 4.963809523809523, 4.956825396825397, 4.9523809523809526, 4.958730158730159, 4.964444444444444, 4.954920634920635, 4.954285714285714, 4.955555555555556, 4.956825396825397]",0.855179616740561,0.8451391840888305,5,"[33, 9, 7, 7, 7, 7, 7, 7, 7, 7, 7, 7, 7, 7, 7, 5, 5, 5, 5, 5, 5, 5, 5, 5, 5, 5, 5, 5, 5, 5, 5, 5, 5, 5, 5, 5, 5, 5, 5, 5, 5, 5, 5, 5, 5]",45,"[0.37356531620025635, 0.3222637474536896, 0.3052138686180115, 0.29435643553733826, 0.28265509009361267, 0.2804652154445648, 0.2712964713573456, 0.27228862047195435, 0.2692175805568695, 0.268915057182312, 0.26640358567237854, 0.2637629210948944, 0.27132514119148254, 0.26340875029563904, 0.2647286653518677, 0.3157506287097931, 0.3191272020339966, 0.30349695682525635, 0.3004310131072998, 0.3047717809677124, 0.298429399728775, 0.2993737757205963, 0.3062446117401123, 0.3002455532550812, 0.29441049695014954, 0.295238733291626, 0.2952097952365875, 0.29621973633766174, 0.29150038957595825, 0.29676562547683716, 0.295412540435791, 0.2938971221446991, 0.29376932978630066, 0.2970915734767914, 0.2912500500679016, 0.2910992503166199, 0.29247668385505676, 0.30781224370002747, 0.2955169975757599, 0.3018333315849304, 0.296136736869812, 0.2884826958179474, 0.2920222580432892, 0.30288010835647583, 0.2895103991031647]",5.0,"[33.0, 9.0, 7.0, 7.0, 7.0, 7.0, 7.0, 7.0, 7.0, 7.0, 7.0, 7.0, 7.0, 7.0, 7.0, 5.0, 5.0, 5.0, 5.0, 5.0, 5.0, 5.0, 5.0, 5.0, 5.0, 5.0, 5.0, 5.0, 5.0, 5.0, 5.0, 5.0, 5.0, 5.0, 5.0, 5.0, 5.0, 5.0, 5.0, 5.0, 5.0, 5.0, 5.0, 5.0, 5.0]",COMPLETE
