,number,value,datetime_start,datetime_complete,duration,params_batch_size_scaler,params_constant_learning_rate,params_depth,params_epochs,params_kernel_l2,params_num_trees,params_temperature,user_attrs_accuracy_test,user_attrs_accuracy_valid,user_attrs_approximate_feature_sparsity,user_attrs_approximate_feature_sparsity_history,user_attrs_approximate_weight_sparsity,user_attrs_approximate_weight_sparsity_history,user_attrs_auc_test,user_attrs_auc_valid,user_attrs_feature_sparsity,user_attrs_feature_sparsity_history,user_attrs_num_epochs,user_attrs_val_loss_history,user_attrs_weight_sparsity,user_attrs_weight_sparsity_history,state
106,106,0.5,2024-08-31 05:00:30.156302,2024-08-31 05:01:54.194593,0 days 00:01:24.038291,1,5.659353327779375,1,195,0.01096028085927037,63,0.0002004737232679343,0.859,0.85875,0,"[32, 30, 31, 30, 30, 30, 31, 30, 30, 30, 30, 30, 30, 30, 30, 30, 30, 30, 30, 30, 30, 30, 30, 30, 30, 30, 30, 30, 30, 30, 30, 30, 30, 30, 30, 30, 30, 30, 30, 30, 30, 30, 30, 30, 30, 30, 30, 29, 29, 29, 29, 29, 29, 29, 29, 29, 29, 29, 29, 29, 29, 29, 29, 29, 29, 29, 29, 29, 29, 29, 29, 29, 29, 29, 29, 29, 29, 29, 29, 29, 29, 29, 29, 29, 29, 29, 29, 29, 29, 29, 29, 29, 29, 29, 29, 29, 29, 29, 29, 29, 29, 29, 29, 29, 29, 29, 29, 29, 28, 28, 29, 29, 28, 28, 29, 29, 28, 28, 27, 25, 26, 25, 22, 26, 24, 26, 25, 24, 25, 23, 26, 26, 23, 24, 20, 24, 25, 22, 25, 24, 17, 11, 6, 1, 1, 0, 0, 0, 0, 0, 0, 0, 0, 0, 0, 0, 0, 0, 0, 0, 0, 0, 0, 0, 0, 0, 0, 0, 0, 0, 0, 0, 0, 0, 0, 0, 0, 0, 0, 0, 0, 0, 0, 0, 0, 0, 0, 0, 0, 0, 0, 0, 0, 0, 0]",0.0,"[31.984126984126984, 30.0, 30.492063492063494, 30.0, 30.0, 30.0, 30.746031746031747, 30.0, 30.0, 30.0, 30.0, 30.0, 30.0, 30.0, 30.0, 30.0, 30.0, 30.0, 29.984126984126984, 29.96825396825397, 29.96825396825397, 29.96825396825397, 29.96825396825397, 29.96825396825397, 29.96825396825397, 29.96825396825397, 29.96825396825397, 29.96825396825397, 29.952380952380953, 29.873015873015873, 29.825396825396826, 29.746031746031747, 29.73015873015873, 29.634920634920636, 29.492063492063494, 29.206349206349202, 28.87301587301587, 28.619047619047617, 28.365079365079364, 28.11111111111111, 27.793650793650794, 27.31746031746032, 26.888888888888886, 26.333333333333332, 25.80952380952381, 25.349206349206348, 24.952380952380953, 23.77777777777778, 23.26984126984127, 22.857142857142858, 22.3015873015873, 21.777777777777782, 21.365079365079364, 20.936507936507937, 20.650793650793652, 20.444444444444443, 20.285714285714285, 19.999999999999996, 19.857142857142858, 19.523809523809522, 19.142857142857142, 18.761904761904763, 18.3968253968254, 17.968253968253972, 17.634920634920636, 17.22222222222222, 16.650793650793652, 16.20634920634921, 15.857142857142858, 15.587301587301587, 15.380952380952381, 14.92063492063492, 14.619047619047619, 14.158730158730158, 13.825396825396824, 13.571428571428571, 13.269841269841269, 12.809523809523808, 12.396825396825397, 12.07936507936508, 11.936507936507935, 11.634920634920634, 11.46031746031746, 11.126984126984127, 10.825396825396824, 10.761904761904761, 10.571428571428571, 10.444444444444445, 10.301587301587302, 10.031746031746032, 9.793650793650793, 9.73015873015873, 9.634920634920634, 9.634920634920634, 9.555555555555555, 9.476190476190476, 9.238095238095239, 9.095238095238097, 8.952380952380953, 8.857142857142858, 8.571428571428571, 8.507936507936508, 8.095238095238095, 7.825396825396824, 7.5555555555555545, 7.206349206349206, 7.031746031746032, 6.682539682539683, 6.126984126984127, 5.873015873015873, 5.666666666666666, 5.619047619047619, 5.365079365079365, 5.476190476190475, 5.476190476190476, 5.523809523809524, 5.428571428571429, 5.476190476190475, 5.253968253968254, 4.634920634920635, 4.492063492063491, 4.253968253968254, 3.7301587301587293, 3.7936507936507935, 3.492063492063492, 3.317460317460317, 3.2698412698412693, 3.142857142857143, 3.1746031746031744, 2.6507936507936507, 2.4126984126984126, 2.4285714285714284, 1.7777777777777777, 1.6666666666666665, 1.5555555555555554, 1.4920634920634919, 1.7301587301587298, 1.587301587301587, 1.73015873015873, 1.7619047619047619, 1.3492063492063493, 1.0317460317460316, 0.6666666666666667, 0.15873015873015872, 0.14285714285714285, 0.0, 0.0, 0.0, 0.0, 0.0, 0.0, 0.0, 0.0, 0.0, 0.0, 0.0, 0.0, 0.0, 0.0, 0.0, 0.0, 0.0, 0.0, 0.0, 0.0, 0.0, 0.0, 0.0, 0.0, 0.0, 0.0, 0.0, 0.0, 0.0, 0.0, 0.0, 0.0, 0.0, 0.0, 0.0, 0.0, 0.0, 0.0, 0.0, 0.0, 0.0, 0.0, 0.0, 0.0, 0.0, 0.0, 0.0, 0.0, 0.0, 0.0]",0.5,0.5,0,"[32, 30, 31, 30, 30, 30, 31, 30, 30, 30, 30, 30, 30, 30, 30, 30, 30, 30, 30, 30, 30, 30, 30, 30, 30, 30, 30, 30, 30, 30, 30, 30, 30, 30, 30, 30, 30, 30, 30, 30, 30, 30, 30, 30, 30, 30, 30, 29, 29, 29, 29, 29, 29, 29, 29, 29, 29, 29, 29, 29, 29, 29, 29, 29, 29, 29, 29, 29, 29, 29, 29, 29, 29, 29, 29, 29, 29, 29, 29, 29, 29, 29, 29, 29, 29, 29, 29, 29, 29, 29, 29, 29, 29, 29, 29, 29, 29, 29, 29, 29, 29, 29, 29, 29, 29, 29, 29, 29, 28, 28, 29, 29, 28, 28, 29, 29, 28, 28, 27, 25, 26, 25, 22, 26, 24, 26, 25, 24, 25, 23, 26, 26, 23, 24, 20, 24, 25, 22, 25, 24, 17, 11, 6, 1, 1, 0, 0, 0, 0, 0, 0, 0, 0, 0, 0, 0, 0, 0, 0, 0, 0, 0, 0, 0, 0, 0, 0, 0, 0, 0, 0, 0, 0, 0, 0, 0, 0, 0, 0, 0, 0, 0, 0, 0, 0, 0, 0, 0, 0, 0, 0, 0, 0, 0, 0]",195,"[12.302298545837402, 24.225934982299805, 42.522377014160156, 9.920308113098145, 11.10177993774414, 9.852921485900879, 11.830495834350586, 16.86126136779785, 10.692573547363281, 13.612584114074707, 18.1759033203125, 8.971488952636719, 19.787721633911133, 12.484350204467773, 10.462435722351074, 12.742066383361816, 11.988816261291504, 14.181258201599121, 18.316038131713867, 17.66889762878418, 47.49973678588867, 12.394739151000977, 11.7177152633667, 46.115318298339844, 11.163741111755371, 18.933652877807617, 22.423158645629883, 9.437829971313477, 16.8513126373291, 38.54423522949219, 35.871673583984375, 15.327688217163086, 10.542627334594727, 16.716398239135742, 17.063499450683594, 62.983394622802734, 14.054363250732422, 58.558021545410156, 27.291675567626953, 23.724294662475586, 28.384801864624023, 29.103656768798828, 12.302273750305176, 14.916691780090332, 22.3169002532959, 33.234954833984375, 21.70022201538086, 16.869056701660156, 32.5579719543457, 23.921598434448242, 13.292222023010254, 11.231346130371094, 51.26087951660156, 24.532785415649414, 48.0817985534668, 10.3678560256958, 30.283645629882812, 51.87051773071289, 39.727874755859375, 29.117534637451172, 18.609651565551758, 71.47798919677734, 20.38298797607422, 16.056913375854492, 25.507383346557617, 18.925020217895508, 17.53327178955078, 15.849111557006836, 10.913227081298828, 21.06891632080078, 10.772375106811523, 45.52992630004883, 48.153526306152344, 12.186941146850586, 38.65849304199219, 137.3465576171875, 17.37603759765625, 24.9891357421875, 8.77442741394043, 10.7330322265625, 13.379016876220703, 63.821533203125, 21.669111251831055, 12.985751152038574, 45.95927810668945, 16.311994552612305, 42.040523529052734, 11.926037788391113, 10.289815902709961, 43.296974182128906, 19.754846572875977, 70.7016830444336, 62.380531311035156, 22.847801208496094, 12.772407531738281, 73.00997161865234, 36.665321350097656, 36.49272537231445, 17.534656524658203, 21.089921951293945, 13.29852294921875, 24.176513671875, 12.991726875305176, 15.072198867797852, 12.247650146484375, 69.52970886230469, 14.887798309326172, 40.529422760009766, 13.43142318725586, 24.063032150268555, 15.591053009033203, 21.902976989746094, 38.642974853515625, 14.781749725341797, 48.58387756347656, 55.56568908691406, 25.459190368652344, 55.278438568115234, 16.445898056030273, 9.58926773071289, 28.141271591186523, 24.76409339904785, 32.05485153198242, 19.959165573120117, 52.122161865234375, 41.846405029296875, 47.16315460205078, 11.17065715789795, 36.04179382324219, 76.2401351928711, 63.273624420166016, 19.31945037841797, 70.2354507446289, 26.64529800415039, 8.607136726379395, 45.35194396972656, 22.535470962524414, 20.782756805419922, 53.441123962402344, 30.0302677154541, 16.44888687133789, 66.83434295654297, 35.22490310668945, 3.6884396076202393, 72.92694091796875, 41.44449234008789, 9.968700408935547, 79.21530151367188, 47.73952102661133, 16.263769149780273, 92.48335266113281, 54.034584045410156, 22.558839797973633, 54.2117919921875, 60.32963562011719, 28.8538875579834, 15.940033912658691, 66.6247329711914, 35.148963928222656, 3.673189401626587, 72.91976928710938, 41.44402313232422, 9.968262672424316, 79.21479797363281, 47.739070892333984, 16.26329231262207, 92.48645782470703, 54.034122467041016, 22.558347702026367, 91.804931640625, 60.32917785644531, 28.853418350219727, 15.94301986694336, 66.62419891357422, 35.14842987060547, 3.6726386547088623, 72.9192123413086, 41.44343185424805, 9.967662811279297, 79.21422576904297, 47.7385139465332, 16.262737274169922, 85.50924682617188, 54.03348159790039, 22.55776596069336, 54.21824264526367, 60.32859802246094, 28.852800369262695, 15.94675064086914, 66.62358093261719, 35.1478157043457, 3.672067642211914, 169.03684997558594, 41.44279861450195, 9.967044830322266]",0.0,"[32.0, 30.0, 30.841269841269842, 30.0, 30.0, 30.0, 30.96825396825397, 30.0, 30.0, 30.0, 30.0, 30.0, 30.0, 30.0, 30.0, 30.0, 30.0, 30.0, 30.0, 30.0, 30.0, 30.0, 30.0, 30.0, 30.0, 30.0, 30.0, 30.0, 30.0, 30.0, 30.0, 30.0, 30.0, 30.0, 30.0, 30.0, 30.0, 30.0, 30.0, 30.0, 30.0, 30.0, 30.0, 30.0, 30.0, 30.0, 30.0, 29.0, 29.0, 29.0, 29.0, 29.0, 29.0, 29.0, 29.0, 29.0, 29.0, 29.0, 29.0, 29.0, 29.0, 29.0, 29.0, 29.0, 29.0, 29.0, 29.0, 29.0, 29.0, 29.0, 29.0, 29.0, 29.0, 29.0, 29.0, 29.0, 29.0, 29.0, 29.0, 29.0, 29.0, 29.0, 29.0, 29.0, 29.0, 29.0, 29.0, 29.0, 29.0, 29.0, 29.0, 29.0, 29.0, 29.0, 29.0, 29.0, 29.0, 29.0, 29.0, 29.0, 29.0, 29.0, 29.0, 29.0, 29.0, 29.0, 29.0, 29.0, 28.0, 27.634920634920633, 28.26984126984127, 28.26984126984127, 27.26984126984127, 27.26984126984127, 27.888888888888886, 27.888888888888886, 27.26984126984127, 27.26984126984127, 26.26984126984127, 23.88888888888889, 24.49206349206349, 23.49206349206349, 20.49206349206349, 22.58730158730159, 21.333333333333336, 21.80952380952381, 21.19047619047619, 20.57142857142857, 21.19047619047619, 18.380952380952383, 19.746031746031747, 19.730158730158728, 15.936507936507935, 16.539682539682538, 14.11111111111111, 16.492063492063494, 17.095238095238095, 15.269841269841269, 17.063492063492063, 16.460317460317462, 11.841269841269842, 8.222222222222223, 5.2063492063492065, 1.0, 1.0, 0.0, 0.0, 0.0, 0.0, 0.0, 0.0, 0.0, 0.0, 0.0, 0.0, 0.0, 0.0, 0.0, 0.0, 0.0, 0.0, 0.0, 0.0, 0.0, 0.0, 0.0, 0.0, 0.0, 0.0, 0.0, 0.0, 0.0, 0.0, 0.0, 0.0, 0.0, 0.0, 0.0, 0.0, 0.0, 0.0, 0.0, 0.0, 0.0, 0.0, 0.0, 0.0, 0.0, 0.0, 0.0, 0.0, 0.0, 0.0, 0.0, 0.0]",COMPLETE
