,number,value,datetime_start,datetime_complete,duration,params_batch_size_scaler,params_constant_learning_rate,params_depth,params_epochs,params_kernel_l2,params_num_trees,params_temperature,user_attrs_accuracy_test,user_attrs_accuracy_valid,user_attrs_approximate_feature_sparsity,user_attrs_approximate_feature_sparsity_history,user_attrs_approximate_weight_sparsity,user_attrs_approximate_weight_sparsity_history,user_attrs_auc_test,user_attrs_auc_valid,user_attrs_feature_sparsity,user_attrs_feature_sparsity_history,user_attrs_num_epochs,user_attrs_val_loss_history,user_attrs_weight_sparsity,user_attrs_weight_sparsity_history,state
13,13,0.5,2024-08-31 01:13:37.747176,2024-08-31 01:16:26.617261,0 days 00:02:48.870085,16,1.4998463329157496,5,345,0.3383378039900678,90,0.00861701790765279,0.859,0.85875,0,"[33, 33, 0, 0, 0, 0, 0, 0, 0, 0, 0, 0, 0, 0, 0, 0, 0, 0, 0, 0, 0, 0, 0, 0, 0, 0, 0, 0, 0, 0, 0, 0, 0, 0, 0, 0, 0, 0, 0, 0, 0, 0, 0, 0, 0, 0, 0, 0, 0, 0, 0, 0, 0, 0, 0, 0, 0, 0, 0, 0, 0, 0, 0, 0, 0, 0, 0, 0, 0, 0, 0, 0, 0, 0, 0, 0, 0, 0, 0, 0, 0, 0, 0, 0, 0, 0, 0, 0, 0, 0, 0, 0, 0, 0, 0, 0, 0, 0, 0, 0, 0, 0, 0, 0, 0, 0, 0, 0, 0, 0, 0, 0, 0, 0, 0, 0, 0, 0, 0, 0, 0, 0, 0, 0, 0, 0, 0, 0, 0, 0, 0, 0, 0, 0, 0, 0, 0, 0, 0, 0, 0, 0, 0, 0, 0, 0, 0, 0, 0, 0, 0, 0, 0, 0, 0, 0, 0, 0, 0, 0, 0, 0, 0, 0, 0, 0, 0, 0, 0, 0, 0, 0, 0, 0, 0, 0, 0, 0, 0, 0, 0, 0, 0, 0, 0, 0, 0, 0, 0, 0, 0, 0, 0, 0, 0, 0, 0, 0, 0, 0, 0, 0, 0, 0, 0, 0, 0, 0, 0, 0, 0, 0, 0, 0, 0, 0, 0, 0, 0, 0, 0, 0, 0, 0, 0, 0, 0, 0, 0, 0, 0, 0, 0, 0, 0, 0, 0, 0, 0, 0, 0, 0, 0, 0, 0, 0, 0, 0, 0, 0, 0, 0, 0, 0, 0, 0, 0, 0, 0, 0, 0, 0, 0, 0, 0, 0, 0, 0, 0, 0, 0, 0, 0, 0, 0, 0, 0, 0, 0, 0, 0, 0, 0, 0, 0, 0, 0, 0, 0, 0, 0, 0, 0, 0, 0, 0, 0, 0, 0, 0, 0, 0, 0, 0, 0, 0, 0, 0, 0, 0, 0, 0, 0, 0, 0, 0, 0, 0, 0, 0, 0, 0, 0, 0, 0, 0, 0, 0, 0, 0, 0, 0, 0, 0, 0, 0, 0, 0, 0, 0, 0, 0, 0, 0, 0]",0.0,"[32.921505376344086, 32.9326164874552, 0.0, 0.0, 0.0, 0.0, 0.0, 0.0, 0.0, 0.0, 0.0, 0.0, 0.0, 0.0, 0.0, 0.0, 0.0, 0.0, 0.0, 0.0, 0.0, 0.0, 0.0, 0.0, 0.0, 0.0, 0.0, 0.0, 0.0, 0.0, 0.0, 0.0, 0.0, 0.0, 0.0, 0.0, 0.0, 0.0, 0.0, 0.0, 0.0, 0.0, 0.0, 0.0, 0.0, 0.0, 0.0, 0.0, 0.0, 0.0, 0.0, 0.0, 0.0, 0.0, 0.0, 0.0, 0.0, 0.0, 0.0, 0.0, 0.0, 0.0, 0.0, 0.0, 0.0, 0.0, 0.0, 0.0, 0.0, 0.0, 0.0, 0.0, 0.0, 0.0, 0.0, 0.0, 0.0, 0.0, 0.0, 0.0, 0.0, 0.0, 0.0, 0.0, 0.0, 0.0, 0.0, 0.0, 0.0, 0.0, 0.0, 0.0, 0.0, 0.0, 0.0, 0.0, 0.0, 0.0, 0.0, 0.0, 0.0, 0.0, 0.0, 0.0, 0.0, 0.0, 0.0, 0.0, 0.0, 0.0, 0.0, 0.0, 0.0, 0.0, 0.0, 0.0, 0.0, 0.0, 0.0, 0.0, 0.0, 0.0, 0.0, 0.0, 0.0, 0.0, 0.0, 0.0, 0.0, 0.0, 0.0, 0.0, 0.0, 0.0, 0.0, 0.0, 0.0, 0.0, 0.0, 0.0, 0.0, 0.0, 0.0, 0.0, 0.0, 0.0, 0.0, 0.0, 0.0, 0.0, 0.0, 0.0, 0.0, 0.0, 0.0, 0.0, 0.0, 0.0, 0.0, 0.0, 0.0, 0.0, 0.0, 0.0, 0.0, 0.0, 0.0, 0.0, 0.0, 0.0, 0.0, 0.0, 0.0, 0.0, 0.0, 0.0, 0.0, 0.0, 0.0, 0.0, 0.0, 0.0, 0.0, 0.0, 0.0, 0.0, 0.0, 0.0, 0.0, 0.0, 0.0, 0.0, 0.0, 0.0, 0.0, 0.0, 0.0, 0.0, 0.0, 0.0, 0.0, 0.0, 0.0, 0.0, 0.0, 0.0, 0.0, 0.0, 0.0, 0.0, 0.0, 0.0, 0.0, 0.0, 0.0, 0.0, 0.0, 0.0, 0.0, 0.0, 0.0, 0.0, 0.0, 0.0, 0.0, 0.0, 0.0, 0.0, 0.0, 0.0, 0.0, 0.0, 0.0, 0.0, 0.0, 0.0, 0.0, 0.0, 0.0, 0.0, 0.0, 0.0, 0.0, 0.0, 0.0, 0.0, 0.0, 0.0, 0.0, 0.0, 0.0, 0.0, 0.0, 0.0, 0.0, 0.0, 0.0, 0.0, 0.0, 0.0, 0.0, 0.0, 0.0, 0.0, 0.0, 0.0, 0.0, 0.0, 0.0, 0.0, 0.0, 0.0, 0.0, 0.0, 0.0, 0.0, 0.0, 0.0, 0.0, 0.0, 0.0, 0.0, 0.0, 0.0, 0.0, 0.0, 0.0, 0.0, 0.0, 0.0, 0.0, 0.0, 0.0, 0.0, 0.0, 0.0, 0.0, 0.0, 0.0, 0.0, 0.0, 0.0, 0.0, 0.0, 0.0, 0.0, 0.0, 0.0, 0.0, 0.0, 0.0, 0.0, 0.0, 0.0, 0.0, 0.0, 0.0, 0.0, 0.0, 0.0, 0.0, 0.0, 0.0, 0.0, 0.0, 0.0, 0.0, 0.0, 0.0, 0.0, 0.0, 0.0, 0.0, 0.0, 0.0, 0.0, 0.0, 0.0, 0.0, 0.0, 0.0, 0.0, 0.0, 0.0, 0.0]",0.5,0.5,0,"[33, 33, 0, 0, 0, 0, 0, 0, 0, 0, 0, 0, 0, 0, 0, 0, 0, 0, 0, 0, 0, 0, 0, 0, 0, 0, 0, 0, 0, 0, 0, 0, 0, 0, 0, 0, 0, 0, 0, 0, 0, 0, 0, 0, 0, 0, 0, 0, 0, 0, 0, 0, 0, 0, 0, 0, 0, 0, 0, 0, 0, 0, 0, 0, 0, 0, 0, 0, 0, 0, 0, 0, 0, 0, 0, 0, 0, 0, 0, 0, 0, 0, 0, 0, 0, 0, 0, 0, 0, 0, 0, 0, 0, 0, 0, 0, 0, 0, 0, 0, 0, 0, 0, 0, 0, 0, 0, 0, 0, 0, 0, 0, 0, 0, 0, 0, 0, 0, 0, 0, 0, 0, 0, 0, 0, 0, 0, 0, 0, 0, 0, 0, 0, 0, 0, 0, 0, 0, 0, 0, 0, 0, 0, 0, 0, 0, 0, 0, 0, 0, 0, 0, 0, 0, 0, 0, 0, 0, 0, 0, 0, 0, 0, 0, 0, 0, 0, 0, 0, 0, 0, 0, 0, 0, 0, 0, 0, 0, 0, 0, 0, 0, 0, 0, 0, 0, 0, 0, 0, 0, 0, 0, 0, 0, 0, 0, 0, 0, 0, 0, 0, 0, 0, 0, 0, 0, 0, 0, 0, 0, 0, 0, 0, 0, 0, 0, 0, 0, 0, 0, 0, 0, 0, 0, 0, 0, 0, 0, 0, 0, 0, 0, 0, 0, 0, 0, 0, 0, 0, 0, 0, 0, 0, 0, 0, 0, 0, 0, 0, 0, 0, 0, 0, 0, 0, 0, 0, 0, 0, 0, 0, 0, 0, 0, 0, 0, 0, 0, 0, 0, 0, 0, 0, 0, 0, 0, 0, 0, 0, 0, 0, 0, 0, 0, 0, 0, 0, 0, 0, 0, 0, 0, 0, 0, 0, 0, 0, 0, 0, 0, 0, 0, 0, 0, 0, 0, 0, 0, 0, 0, 0, 0, 0, 0, 0, 0, 0, 0, 0, 0, 0, 0, 0, 0, 0, 0, 0, 0, 0, 0, 0, 0, 0, 0, 0, 0, 0, 0, 0, 0, 0, 0, 0, 0, 0]",345,"[0.39613863825798035, 0.39479634165763855, 0.4080278277397156, 0.4082483947277069, 0.4074428081512451, 0.4155029058456421, 0.407735675573349, 0.4087650179862976, 0.40825703740119934, 0.4074109196662903, 0.41157108545303345, 0.407227486371994, 0.40899041295051575, 0.41162869334220886, 0.4072292447090149, 0.4096848964691162, 0.41027507185935974, 0.4167814254760742, 0.41353827714920044, 0.407258540391922, 0.4085392653942108, 0.40808621048927307, 0.4272070825099945, 0.4097013473510742, 0.4100053310394287, 0.4097598195075989, 0.42731574177742004, 0.40728476643562317, 0.4113259017467499, 0.40733960270881653, 0.40746766328811646, 0.40836289525032043, 0.4095929265022278, 0.41655638813972473, 0.40973031520843506, 0.407456636428833, 0.4072347581386566, 0.4212424159049988, 0.40860557556152344, 0.40766605734825134, 0.40990975499153137, 0.4097591042518616, 0.41509246826171875, 0.41139066219329834, 0.40781930088996887, 0.4112134277820587, 0.40792611241340637, 0.4096022844314575, 0.4145977795124054, 0.42121589183807373, 0.4074782431125641, 0.42721298336982727, 0.4146133363246918, 0.408233106136322, 0.40741920471191406, 0.42214831709861755, 0.4105799198150635, 0.409383088350296, 0.408151239156723, 0.40740644931793213, 0.41381287574768066, 0.4073098301887512, 0.40746650099754333, 0.4097242057323456, 0.40930330753326416, 0.40759387612342834, 0.4115637242794037, 0.4072284400463104, 0.40767037868499756, 0.4118383526802063, 0.4076765179634094, 0.4278298616409302, 0.4164814054965973, 0.409763365983963, 0.4119858145713806, 0.4075354337692261, 0.41416099667549133, 0.4097382426261902, 0.41397160291671753, 0.40828487277030945, 0.41214245557785034, 0.408311128616333, 0.4073585867881775, 0.411856472492218, 0.40772274136543274, 0.408148854970932, 0.4074515402317047, 0.40724655985832214, 0.40972208976745605, 0.41183456778526306, 0.427173912525177, 0.4075298309326172, 0.4085378646850586, 0.4094459116458893, 0.40867188572883606, 0.40722694993019104, 0.4270147681236267, 0.4169071614742279, 0.409709632396698, 0.40800827741622925, 0.407270610332489, 0.4095919728279114, 0.40722933411598206, 0.4199804961681366, 0.40766775608062744, 0.4075298309326172, 0.40894097089767456, 0.4323213994503021, 0.41155990958213806, 0.4097062349319458, 0.407435804605484, 0.40829792618751526, 0.41180479526519775, 0.40743157267570496, 0.40975773334503174, 0.41162800788879395, 0.4125575125217438, 0.40820589661598206, 0.4085090756416321, 0.4119560718536377, 0.40740540623664856, 0.4200940430164337, 0.4178527593612671, 0.40734103322029114, 0.4072272777557373, 0.4082878828048706, 0.4142126142978668, 0.40722954273223877, 0.4075317680835724, 0.42695504426956177, 0.4072629511356354, 0.4085114300251007, 0.41501525044441223, 0.4084000289440155, 0.41113266348838806, 0.40825462341308594, 0.412741094827652, 0.40741482377052307, 0.40722861886024475, 0.4073484539985657, 0.4081137180328369, 0.4086349606513977, 0.407479852437973, 0.41788768768310547, 0.4086097776889801, 0.4165692925453186, 0.4084603190422058, 0.4082556664943695, 0.409763902425766, 0.4081650674343109, 0.41032466292381287, 0.4072520136833191, 0.40959346294403076, 0.4072295129299164, 0.420465886592865, 0.4082062244415283, 0.40753450989723206, 0.4209204912185669, 0.4075911343097687, 0.4121685028076172, 0.4075497090816498, 0.4073176085948944, 0.4139198958873749, 0.42512571811676025, 0.41006678342819214, 0.4097575843334198, 0.40972578525543213, 0.4232669770717621, 0.4137985110282898, 0.407543420791626, 0.4176313281059265, 0.40987899899482727, 0.40993908047676086, 0.4097557067871094, 0.41798168420791626, 0.40727388858795166, 0.4116922616958618, 0.40825802087783813, 0.4072292447090149, 0.40727946162223816, 0.40766066312789917, 0.4072478413581848, 0.410042405128479, 0.40723469853401184, 0.40722766518592834, 0.4094955325126648, 0.41741448640823364, 0.41984474658966064, 0.40939033031463623, 0.4097624123096466, 0.4072294533252716, 0.40867939591407776, 0.41171368956565857, 0.40739724040031433, 0.40950679779052734, 0.4081457555294037, 0.4072289764881134, 0.4084714651107788, 0.4075327217578888, 0.40753546357154846, 0.40747660398483276, 0.4115101099014282, 0.40722763538360596, 0.4097021520137787, 0.40722763538360596, 0.41152432560920715, 0.40970540046691895, 0.40882039070129395, 0.44892051815986633, 0.4088327884674072, 0.40914198756217957, 0.40836429595947266, 0.4115258753299713, 0.4097096920013428, 0.41415825486183167, 0.407283753156662, 0.41460198163986206, 0.4093751609325409, 0.407455176115036, 0.4098502993583679, 0.4083086848258972, 0.41132548451423645, 0.4074690639972687, 0.407237708568573, 0.40868908166885376, 0.4085220992565155, 0.4177875518798828, 0.40839019417762756, 0.40935200452804565, 0.40745458006858826, 0.40826717019081116, 0.41392117738723755, 0.4072280824184418, 0.40740498900413513, 0.42044249176979065, 0.41457968950271606, 0.40722692012786865, 0.40991637110710144, 0.4117773175239563, 0.40751948952674866, 0.4082082509994507, 0.40799227356910706, 0.4074189066886902, 0.41444095969200134, 0.41151919960975647, 0.4075965881347656, 0.41386017203330994, 0.4102039635181427, 0.40836140513420105, 0.41459888219833374, 0.4139068126678467, 0.4220030605792999, 0.41076239943504333, 0.4084281623363495, 0.4087132513523102, 0.4072299897670746, 0.4412396252155304, 0.4145391881465912, 0.407577246427536, 0.4074667990207672, 0.4099265933036804, 0.4075460731983185, 0.408613920211792, 0.4180198907852173, 0.4114852845668793, 0.4074399471282959, 0.4072280824184418, 0.4116247594356537, 0.40755459666252136, 0.4104769825935364, 0.41783085465431213, 0.4074785113334656, 0.40735748410224915, 0.4079073667526245, 0.40894898772239685, 0.4073157012462616, 0.40752974152565, 0.41150811314582825, 0.4121638834476471, 0.407245397567749, 0.40847843885421753, 0.4322636127471924, 0.4113295078277588, 0.40754199028015137, 0.407627671957016, 0.4084194600582123, 0.40730059146881104, 0.40830883383750916, 0.41779863834381104, 0.4072277545928955, 0.40722760558128357, 0.410544216632843, 0.40756863355636597, 0.4075537919998169, 0.4072684049606323, 0.4072338938713074, 0.40725207328796387, 0.4171254336833954, 0.40975484251976013, 0.4075494408607483, 0.4118391275405884, 0.4097816050052643, 0.40827250480651855, 0.40743350982666016, 0.4076247811317444, 0.42052632570266724, 0.40722793340682983, 0.4126768112182617, 0.4083135724067688, 0.419709175825119, 0.40818485617637634, 0.4370223581790924, 0.4072290062904358, 0.4116245210170746, 0.4084126949310303, 0.40726375579833984, 0.4072455167770386, 0.40915173292160034, 0.40879127383232117, 0.40837371349334717, 0.40747666358947754, 0.4265725612640381, 0.4074781835079193, 0.40766093134880066, 0.41171717643737793, 0.40988436341285706, 0.40974974632263184, 0.40747490525245667, 0.4079979658126831, 0.4102807939052582, 0.407719224691391, 0.41151970624923706, 0.4218112826347351, 0.4080190658569336, 0.409709632396698, 0.4082645773887634, 0.4125556945800781, 0.4074026346206665, 0.436877965927124, 0.4072277545928955, 0.40722838044166565, 0.43273282051086426, 0.4072999656200409, 0.40722694993019104, 0.4116159677505493]",0.0,"[33.0, 33.0, 0.0, 0.0, 0.0, 0.0, 0.0, 0.0, 0.0, 0.0, 0.0, 0.0, 0.0, 0.0, 0.0, 0.0, 0.0, 0.0, 0.0, 0.0, 0.0, 0.0, 0.0, 0.0, 0.0, 0.0, 0.0, 0.0, 0.0, 0.0, 0.0, 0.0, 0.0, 0.0, 0.0, 0.0, 0.0, 0.0, 0.0, 0.0, 0.0, 0.0, 0.0, 0.0, 0.0, 0.0, 0.0, 0.0, 0.0, 0.0, 0.0, 0.0, 0.0, 0.0, 0.0, 0.0, 0.0, 0.0, 0.0, 0.0, 0.0, 0.0, 0.0, 0.0, 0.0, 0.0, 0.0, 0.0, 0.0, 0.0, 0.0, 0.0, 0.0, 0.0, 0.0, 0.0, 0.0, 0.0, 0.0, 0.0, 0.0, 0.0, 0.0, 0.0, 0.0, 0.0, 0.0, 0.0, 0.0, 0.0, 0.0, 0.0, 0.0, 0.0, 0.0, 0.0, 0.0, 0.0, 0.0, 0.0, 0.0, 0.0, 0.0, 0.0, 0.0, 0.0, 0.0, 0.0, 0.0, 0.0, 0.0, 0.0, 0.0, 0.0, 0.0, 0.0, 0.0, 0.0, 0.0, 0.0, 0.0, 0.0, 0.0, 0.0, 0.0, 0.0, 0.0, 0.0, 0.0, 0.0, 0.0, 0.0, 0.0, 0.0, 0.0, 0.0, 0.0, 0.0, 0.0, 0.0, 0.0, 0.0, 0.0, 0.0, 0.0, 0.0, 0.0, 0.0, 0.0, 0.0, 0.0, 0.0, 0.0, 0.0, 0.0, 0.0, 0.0, 0.0, 0.0, 0.0, 0.0, 0.0, 0.0, 0.0, 0.0, 0.0, 0.0, 0.0, 0.0, 0.0, 0.0, 0.0, 0.0, 0.0, 0.0, 0.0, 0.0, 0.0, 0.0, 0.0, 0.0, 0.0, 0.0, 0.0, 0.0, 0.0, 0.0, 0.0, 0.0, 0.0, 0.0, 0.0, 0.0, 0.0, 0.0, 0.0, 0.0, 0.0, 0.0, 0.0, 0.0, 0.0, 0.0, 0.0, 0.0, 0.0, 0.0, 0.0, 0.0, 0.0, 0.0, 0.0, 0.0, 0.0, 0.0, 0.0, 0.0, 0.0, 0.0, 0.0, 0.0, 0.0, 0.0, 0.0, 0.0, 0.0, 0.0, 0.0, 0.0, 0.0, 0.0, 0.0, 0.0, 0.0, 0.0, 0.0, 0.0, 0.0, 0.0, 0.0, 0.0, 0.0, 0.0, 0.0, 0.0, 0.0, 0.0, 0.0, 0.0, 0.0, 0.0, 0.0, 0.0, 0.0, 0.0, 0.0, 0.0, 0.0, 0.0, 0.0, 0.0, 0.0, 0.0, 0.0, 0.0, 0.0, 0.0, 0.0, 0.0, 0.0, 0.0, 0.0, 0.0, 0.0, 0.0, 0.0, 0.0, 0.0, 0.0, 0.0, 0.0, 0.0, 0.0, 0.0, 0.0, 0.0, 0.0, 0.0, 0.0, 0.0, 0.0, 0.0, 0.0, 0.0, 0.0, 0.0, 0.0, 0.0, 0.0, 0.0, 0.0, 0.0, 0.0, 0.0, 0.0, 0.0, 0.0, 0.0, 0.0, 0.0, 0.0, 0.0, 0.0, 0.0, 0.0, 0.0, 0.0, 0.0, 0.0, 0.0, 0.0, 0.0, 0.0, 0.0, 0.0, 0.0, 0.0, 0.0, 0.0, 0.0, 0.0, 0.0, 0.0, 0.0, 0.0, 0.0, 0.0, 0.0, 0.0, 0.0, 0.0, 0.0, 0.0, 0.0, 0.0]",COMPLETE
