,number,value,datetime_start,datetime_complete,duration,params_batch_size_scaler,params_constant_learning_rate,params_depth,params_epochs,params_kernel_l2,params_num_trees,params_temperature,user_attrs_accuracy_test,user_attrs_accuracy_valid,user_attrs_approximate_feature_sparsity,user_attrs_approximate_feature_sparsity_history,user_attrs_approximate_weight_sparsity,user_attrs_approximate_weight_sparsity_history,user_attrs_auc_test,user_attrs_auc_valid,user_attrs_feature_sparsity,user_attrs_feature_sparsity_history,user_attrs_num_epochs,user_attrs_val_loss_history,user_attrs_weight_sparsity,user_attrs_weight_sparsity_history,state
4,4,0.5,2024-08-31 00:46:43.752688,2024-08-31 00:52:45.624915,0 days 00:06:01.872227,1,4.085308797679402,5,355,0.5964859683055489,19,0.0001313301538481578,0.859,0.85875,0,"[10, 6, 5, 2, 0, 0, 0, 0, 0, 0, 0, 0, 0, 0, 0, 0, 0, 0, 0, 0, 0, 0, 0, 0, 0, 0, 0, 0, 0, 0, 0, 0, 0, 0, 0, 0, 0, 0, 0, 0, 0, 0, 0, 0, 0, 0, 0, 0, 0, 0, 0, 0, 0, 0, 0, 0, 0, 0, 0, 0, 0, 0, 0, 0, 0, 0, 0, 0, 0, 0, 0, 0, 0, 0, 0, 0, 0, 0, 0, 0, 0, 0, 0, 0, 0, 0, 0, 0, 0, 0, 0, 0, 0, 0, 0, 0, 0, 0, 0, 0, 0, 0, 0, 0, 0, 0, 0, 0, 0, 0, 0, 0, 0, 0, 0, 0, 0, 0, 0, 0, 0, 0, 0, 0, 0, 0, 0, 0, 0, 0, 0, 0, 0, 0, 0, 0, 0, 0, 0, 0, 0, 0, 0, 0, 0, 0, 0, 0, 0, 0, 0, 0, 0, 0, 0, 0, 0, 0, 0, 0, 0, 0, 0, 0, 0, 0, 0, 0, 0, 0, 0, 0, 0, 0, 0, 0, 0, 0, 0, 0, 0, 0, 0, 0, 0, 0, 0, 0, 0, 0, 0, 0, 0, 0, 0, 0, 0, 0, 0, 0, 0, 0, 0, 0, 0, 0, 0, 0, 0, 0, 0, 0, 0, 0, 0, 0, 0, 0, 0, 0, 0, 0, 0, 0, 0, 0, 0, 0, 0, 0, 0, 0, 0, 0, 0, 0, 0, 0, 0, 0, 0, 0, 0, 0, 0, 0, 0, 0, 0, 0, 0, 0, 0, 0, 0, 0, 0, 0, 0, 0, 0, 0, 0, 0, 0, 0, 0, 0, 0, 0, 0, 0, 0, 0, 0, 0, 0, 0, 0, 0, 0, 0, 0, 0, 0, 0, 0, 0, 0, 0, 0, 0, 0, 0, 0, 0, 0, 0, 0, 0, 0, 0, 0, 0, 0, 0, 0, 0, 0, 0, 0, 0, 0, 0, 0, 0, 0, 0, 0, 0, 0, 0, 0, 0, 0, 0, 0, 0, 0, 0, 0, 0, 0, 0, 0, 0, 0, 0, 0, 0, 0, 0, 0, 0, 0, 0, 0, 0, 0, 0, 0, 0, 0, 0, 0]",0.0,"[9.977928692699491, 5.97962648556876, 4.98471986417657, 1.9847198641765704, 0.0, 0.0, 0.0, 0.0, 0.0, 0.0, 0.0, 0.0, 0.0, 0.0, 0.0, 0.0, 0.0, 0.0, 0.0, 0.0, 0.0, 0.0, 0.0, 0.0, 0.0, 0.0, 0.0, 0.0, 0.0, 0.0, 0.0, 0.0, 0.0, 0.0, 0.0, 0.0, 0.0, 0.0, 0.0, 0.0, 0.0, 0.0, 0.0, 0.0, 0.0, 0.0, 0.0, 0.0, 0.0, 0.0, 0.0, 0.0, 0.0, 0.0, 0.0, 0.0, 0.0, 0.0, 0.0, 0.0, 0.0, 0.0, 0.0, 0.0, 0.0, 0.0, 0.0, 0.0, 0.0, 0.0, 0.0, 0.0, 0.0, 0.0, 0.0, 0.0, 0.0, 0.0, 0.0, 0.0, 0.0, 0.0, 0.0, 0.0, 0.0, 0.0, 0.0, 0.0, 0.0, 0.0, 0.0, 0.0, 0.0, 0.0, 0.0, 0.0, 0.0, 0.0, 0.0, 0.0, 0.0, 0.0, 0.0, 0.0, 0.0, 0.0, 0.0, 0.0, 0.0, 0.0, 0.0, 0.0, 0.0, 0.0, 0.0, 0.0, 0.0, 0.0, 0.0, 0.0, 0.0, 0.0, 0.0, 0.0, 0.0, 0.0, 0.0, 0.0, 0.0, 0.0, 0.0, 0.0, 0.0, 0.0, 0.0, 0.0, 0.0, 0.0, 0.0, 0.0, 0.0, 0.0, 0.0, 0.0, 0.0, 0.0, 0.0, 0.0, 0.0, 0.0, 0.0, 0.0, 0.0, 0.0, 0.0, 0.0, 0.0, 0.0, 0.0, 0.0, 0.0, 0.0, 0.0, 0.0, 0.0, 0.0, 0.0, 0.0, 0.0, 0.0, 0.0, 0.0, 0.0, 0.0, 0.0, 0.0, 0.0, 0.0, 0.0, 0.0, 0.0, 0.0, 0.0, 0.0, 0.0, 0.0, 0.0, 0.0, 0.0, 0.0, 0.0, 0.0, 0.0, 0.0, 0.0, 0.0, 0.0, 0.0, 0.0, 0.0, 0.0, 0.0, 0.0, 0.0, 0.0, 0.0, 0.0, 0.0, 0.0, 0.0, 0.0, 0.0, 0.0, 0.0, 0.0, 0.0, 0.0, 0.0, 0.0, 0.0, 0.0, 0.0, 0.0, 0.0, 0.0, 0.0, 0.0, 0.0, 0.0, 0.0, 0.0, 0.0, 0.0, 0.0, 0.0, 0.0, 0.0, 0.0, 0.0, 0.0, 0.0, 0.0, 0.0, 0.0, 0.0, 0.0, 0.0, 0.0, 0.0, 0.0, 0.0, 0.0, 0.0, 0.0, 0.0, 0.0, 0.0, 0.0, 0.0, 0.0, 0.0, 0.0, 0.0, 0.0, 0.0, 0.0, 0.0, 0.0, 0.0, 0.0, 0.0, 0.0, 0.0, 0.0, 0.0, 0.0, 0.0, 0.0, 0.0, 0.0, 0.0, 0.0, 0.0, 0.0, 0.0, 0.0, 0.0, 0.0, 0.0, 0.0, 0.0, 0.0, 0.0, 0.0, 0.0, 0.0, 0.0, 0.0, 0.0, 0.0, 0.0, 0.0, 0.0, 0.0, 0.0, 0.0, 0.0, 0.0, 0.0, 0.0, 0.0, 0.0, 0.0, 0.0, 0.0, 0.0, 0.0, 0.0, 0.0, 0.0, 0.0, 0.0, 0.0, 0.0, 0.0, 0.0, 0.0, 0.0, 0.0, 0.0, 0.0, 0.0, 0.0, 0.0, 0.0, 0.0, 0.0, 0.0, 0.0, 0.0, 0.0, 0.0, 0.0, 0.0, 0.0, 0.0, 0.0, 0.0, 0.0, 0.0, 0.0, 0.0, 0.0, 0.0, 0.0]",0.5,0.5,0,"[10, 6, 5, 2, 0, 0, 0, 0, 0, 0, 0, 0, 0, 0, 0, 0, 0, 0, 0, 0, 0, 0, 0, 0, 0, 0, 0, 0, 0, 0, 0, 0, 0, 0, 0, 0, 0, 0, 0, 0, 0, 0, 0, 0, 0, 0, 0, 0, 0, 0, 0, 0, 0, 0, 0, 0, 0, 0, 0, 0, 0, 0, 0, 0, 0, 0, 0, 0, 0, 0, 0, 0, 0, 0, 0, 0, 0, 0, 0, 0, 0, 0, 0, 0, 0, 0, 0, 0, 0, 0, 0, 0, 0, 0, 0, 0, 0, 0, 0, 0, 0, 0, 0, 0, 0, 0, 0, 0, 0, 0, 0, 0, 0, 0, 0, 0, 0, 0, 0, 0, 0, 0, 0, 0, 0, 0, 0, 0, 0, 0, 0, 0, 0, 0, 0, 0, 0, 0, 0, 0, 0, 0, 0, 0, 0, 0, 0, 0, 0, 0, 0, 0, 0, 0, 0, 0, 0, 0, 0, 0, 0, 0, 0, 0, 0, 0, 0, 0, 0, 0, 0, 0, 0, 0, 0, 0, 0, 0, 0, 0, 0, 0, 0, 0, 0, 0, 0, 0, 0, 0, 0, 0, 0, 0, 0, 0, 0, 0, 0, 0, 0, 0, 0, 0, 0, 0, 0, 0, 0, 0, 0, 0, 0, 0, 0, 0, 0, 0, 0, 0, 0, 0, 0, 0, 0, 0, 0, 0, 0, 0, 0, 0, 0, 0, 0, 0, 0, 0, 0, 0, 0, 0, 0, 0, 0, 0, 0, 0, 0, 0, 0, 0, 0, 0, 0, 0, 0, 0, 0, 0, 0, 0, 0, 0, 0, 0, 0, 0, 0, 0, 0, 0, 0, 0, 0, 0, 0, 0, 0, 0, 0, 0, 0, 0, 0, 0, 0, 0, 0, 0, 0, 0, 0, 0, 0, 0, 0, 0, 0, 0, 0, 0, 0, 0, 0, 0, 0, 0, 0, 0, 0, 0, 0, 0, 0, 0, 0, 0, 0, 0, 0, 0, 0, 0, 0, 0, 0, 0, 0, 0, 0, 0, 0, 0, 0, 0, 0, 0, 0, 0, 0, 0, 0, 0, 0, 0, 0, 0, 0, 0, 0, 0, 0, 0, 0]",355,"[0.37687933444976807, 0.310072660446167, 0.3451329171657562, 0.4144791066646576, 0.42324498295783997, 0.4354005455970764, 0.4072325527667999, 0.41425246000289917, 0.4164227545261383, 0.4121071994304657, 0.4073799252510071, 0.40737998485565186, 0.4165315330028534, 0.41618433594703674, 0.416530579328537, 0.4088742136955261, 0.40945544838905334, 0.41308310627937317, 0.41610386967658997, 0.41882428526878357, 0.4352239668369293, 0.41279709339141846, 0.4122563898563385, 0.41679248213768005, 0.41648590564727783, 0.4211568832397461, 0.40723735094070435, 0.4072882831096649, 0.4074220657348633, 0.410787433385849, 0.4079389274120331, 0.44715654850006104, 0.40737926959991455, 0.45684242248535156, 0.4415206015110016, 0.4148811101913452, 0.40778255462646484, 0.4139387011528015, 0.40763962268829346, 0.4104423224925995, 0.4317065179347992, 0.40841972827911377, 0.4286746680736542, 0.43268901109695435, 0.4130227565765381, 0.407967209815979, 0.4268140494823456, 0.4174726903438568, 0.41109752655029297, 0.4376215636730194, 0.4327956736087799, 0.4077780246734619, 0.4199088215827942, 0.4072555601596832, 0.4077175259590149, 0.4089474081993103, 0.4074886441230774, 0.5201943516731262, 0.42168331146240234, 0.4110344648361206, 0.4254118800163269, 0.4424683451652527, 0.41711509227752686, 0.43406346440315247, 0.40734708309173584, 0.40722882747650146, 0.4098338186740875, 0.4072830080986023, 0.4077449142932892, 0.409425288438797, 0.4207249879837036, 0.4351755976676941, 0.41546276211738586, 0.4109303653240204, 0.4073337912559509, 0.4078921973705292, 0.4852008521556854, 0.45014259219169617, 0.4106415808200836, 0.4072458744049072, 0.4097326695919037, 0.42048245668411255, 0.4299265742301941, 0.44556891918182373, 0.4100632965564728, 0.4104686975479126, 0.4231683313846588, 0.409327894449234, 0.4178750216960907, 0.4302402138710022, 0.4096994400024414, 0.4073622524738312, 0.4073764383792877, 0.407227098941803, 0.4299739599227905, 0.40741193294525146, 0.4243759512901306, 0.4095340669155121, 0.4096449613571167, 0.4075111448764801, 0.4164157807826996, 0.4094528555870056, 0.41107451915740967, 0.41073834896087646, 0.5434325933456421, 0.41431736946105957, 0.4109240472316742, 0.4081738293170929, 0.4113268256187439, 0.40777477622032166, 0.4327305257320404, 0.40993890166282654, 0.41273537278175354, 0.43656203150749207, 0.4559759199619293, 0.4106467366218567, 0.4077824652194977, 0.4072384536266327, 0.42720234394073486, 0.41066280007362366, 0.4169290065765381, 0.41601258516311646, 0.41802144050598145, 0.44178304076194763, 0.4073684811592102, 0.40734031796455383, 0.41511210799217224, 0.40726837515830994, 0.45624566078186035, 0.41507843136787415, 0.4133319556713104, 0.4099831283092499, 0.41031429171562195, 0.4353504478931427, 0.41186806559562683, 0.43048423528671265, 0.4128797948360443, 0.4133886694908142, 0.41847097873687744, 0.4207824468612671, 0.4388333559036255, 0.43918105959892273, 0.4315587878227234, 0.4072396159172058, 0.4117153286933899, 0.4129382371902466, 0.40920794010162354, 0.42972704768180847, 0.4207012951374054, 0.41023313999176025, 0.4269089102745056, 0.4096079170703888, 0.41946128010749817, 0.4083625376224518, 0.4102632403373718, 0.414795845746994, 0.4163694679737091, 0.41189584136009216, 0.4445732831954956, 0.420805960893631, 0.4093599021434784, 0.4074304699897766, 0.40790635347366333, 0.45303094387054443, 0.42346999049186707, 0.41856393218040466, 0.40998420119285583, 0.4507821202278137, 0.4081724286079407, 0.40798720717430115, 0.4072405695915222, 0.4255741536617279, 0.46345147490501404, 0.4202060401439667, 0.409979909658432, 0.41143810749053955, 0.4137556850910187, 0.40929535031318665, 0.4171574115753174, 0.4150698781013489, 0.4274490475654602, 0.41399821639060974, 0.423412561416626, 0.4109441041946411, 0.4184567928314209, 0.40761634707450867, 0.41853591799736023, 0.40928569436073303, 0.41699832677841187, 0.4122809171676636, 0.4170207679271698, 0.41088661551475525, 0.4073249101638794, 0.44246119260787964, 0.4123625159263611, 0.42430824041366577, 0.43965888023376465, 0.4113849401473999, 0.42025160789489746, 0.4077538549900055, 0.43199867010116577, 0.4098682403564453, 0.4082145690917969, 0.4762895703315735, 0.4438299536705017, 0.40768715739250183, 0.4078378677368164, 0.49527114629745483, 0.40779948234558105, 0.42608964443206787, 0.420706182718277, 0.41167330741882324, 0.420553594827652, 0.4366585612297058, 0.4078553318977356, 0.4082288444042206, 0.4194853603839874, 0.4096113443374634, 0.4174514412879944, 0.40831097960472107, 0.418568879365921, 0.41346126794815063, 0.48194488883018494, 0.41775473952293396, 0.44270023703575134, 0.40739864110946655, 0.4108980596065521, 0.40733417868614197, 0.4415915012359619, 0.4184616804122925, 0.4096742570400238, 0.4111385643482208, 0.41551443934440613, 0.4504150450229645, 0.40750765800476074, 0.45216864347457886, 0.4156115651130676, 0.4097740054130554, 0.4122650921344757, 0.41550689935684204, 0.4072889983654022, 0.4075372815132141, 0.41663143038749695, 0.42460450530052185, 0.4084220826625824, 0.41012147068977356, 0.43938079476356506, 0.4104306697845459, 0.4077412486076355, 0.42593058943748474, 0.4080062508583069, 0.40740805864334106, 0.41135990619659424, 0.42246896028518677, 0.42444518208503723, 0.45297950506210327, 0.4357629120349884, 0.40759360790252686, 0.4072940945625305, 0.40974006056785583, 0.41775721311569214, 0.4313369691371918, 0.4121265411376953, 0.40725991129875183, 0.4235538840293884, 0.41455042362213135, 0.43411266803741455, 0.47019997239112854, 0.41082873940467834, 0.408150851726532, 0.44379857182502747, 0.41941434144973755, 0.4104389250278473, 0.40796688199043274, 0.40723347663879395, 0.40817511081695557, 0.42125022411346436, 0.42538297176361084, 0.4129047393798828, 0.4163627624511719, 0.4110122621059418, 0.4632337987422943, 0.42067959904670715, 0.4123789966106415, 0.4348770081996918, 0.42893487215042114, 0.40723133087158203, 0.42823660373687744, 0.41737598180770874, 0.42760998010635376, 0.4094502627849579, 0.40722939372062683, 0.461079865694046, 0.41551777720451355, 0.4125431478023529, 0.4318752586841583, 0.43270671367645264, 0.48129943013191223, 0.4113544225692749, 0.42056503891944885, 0.423472136259079, 0.4074915647506714, 0.4292459785938263, 0.44033801555633545, 0.407307505607605, 0.4140896201133728, 0.4072267413139343, 0.40965408086776733, 0.40735310316085815, 0.4082431495189667, 0.4181064963340759, 0.4073856472969055, 0.40727660059928894, 0.40731820464134216, 0.4462863504886627, 0.40811216831207275, 0.40885505080223083, 0.42023006081581116, 0.4442715048789978, 0.4496777355670929, 0.4166657328605652, 0.43606728315353394, 0.4077172875404358, 0.4173091948032379, 0.4079607427120209, 0.4072953760623932, 0.4081645905971527, 0.4079042077064514, 0.4373210668563843, 0.41089367866516113, 0.4489739239215851, 0.43441352248191833, 0.4072936773300171, 0.4366981089115143, 0.42109963297843933, 0.4156571328639984, 0.43646517395973206, 0.41072213649749756, 0.4110671281814575, 0.40722835063934326, 0.415242075920105, 0.4127059876918793, 0.41119441390037537, 0.44580093026161194, 0.4133293926715851, 0.4072296917438507, 0.46165892481803894, 0.40975451469421387, 0.4075557589530945, 0.42282599210739136, 0.41496917605400085, 0.41305065155029297, 0.4193776845932007, 0.4074918031692505, 0.4211037755012512]",0.0,"[10.0, 6.0, 5.0, 2.0, 0.0, 0.0, 0.0, 0.0, 0.0, 0.0, 0.0, 0.0, 0.0, 0.0, 0.0, 0.0, 0.0, 0.0, 0.0, 0.0, 0.0, 0.0, 0.0, 0.0, 0.0, 0.0, 0.0, 0.0, 0.0, 0.0, 0.0, 0.0, 0.0, 0.0, 0.0, 0.0, 0.0, 0.0, 0.0, 0.0, 0.0, 0.0, 0.0, 0.0, 0.0, 0.0, 0.0, 0.0, 0.0, 0.0, 0.0, 0.0, 0.0, 0.0, 0.0, 0.0, 0.0, 0.0, 0.0, 0.0, 0.0, 0.0, 0.0, 0.0, 0.0, 0.0, 0.0, 0.0, 0.0, 0.0, 0.0, 0.0, 0.0, 0.0, 0.0, 0.0, 0.0, 0.0, 0.0, 0.0, 0.0, 0.0, 0.0, 0.0, 0.0, 0.0, 0.0, 0.0, 0.0, 0.0, 0.0, 0.0, 0.0, 0.0, 0.0, 0.0, 0.0, 0.0, 0.0, 0.0, 0.0, 0.0, 0.0, 0.0, 0.0, 0.0, 0.0, 0.0, 0.0, 0.0, 0.0, 0.0, 0.0, 0.0, 0.0, 0.0, 0.0, 0.0, 0.0, 0.0, 0.0, 0.0, 0.0, 0.0, 0.0, 0.0, 0.0, 0.0, 0.0, 0.0, 0.0, 0.0, 0.0, 0.0, 0.0, 0.0, 0.0, 0.0, 0.0, 0.0, 0.0, 0.0, 0.0, 0.0, 0.0, 0.0, 0.0, 0.0, 0.0, 0.0, 0.0, 0.0, 0.0, 0.0, 0.0, 0.0, 0.0, 0.0, 0.0, 0.0, 0.0, 0.0, 0.0, 0.0, 0.0, 0.0, 0.0, 0.0, 0.0, 0.0, 0.0, 0.0, 0.0, 0.0, 0.0, 0.0, 0.0, 0.0, 0.0, 0.0, 0.0, 0.0, 0.0, 0.0, 0.0, 0.0, 0.0, 0.0, 0.0, 0.0, 0.0, 0.0, 0.0, 0.0, 0.0, 0.0, 0.0, 0.0, 0.0, 0.0, 0.0, 0.0, 0.0, 0.0, 0.0, 0.0, 0.0, 0.0, 0.0, 0.0, 0.0, 0.0, 0.0, 0.0, 0.0, 0.0, 0.0, 0.0, 0.0, 0.0, 0.0, 0.0, 0.0, 0.0, 0.0, 0.0, 0.0, 0.0, 0.0, 0.0, 0.0, 0.0, 0.0, 0.0, 0.0, 0.0, 0.0, 0.0, 0.0, 0.0, 0.0, 0.0, 0.0, 0.0, 0.0, 0.0, 0.0, 0.0, 0.0, 0.0, 0.0, 0.0, 0.0, 0.0, 0.0, 0.0, 0.0, 0.0, 0.0, 0.0, 0.0, 0.0, 0.0, 0.0, 0.0, 0.0, 0.0, 0.0, 0.0, 0.0, 0.0, 0.0, 0.0, 0.0, 0.0, 0.0, 0.0, 0.0, 0.0, 0.0, 0.0, 0.0, 0.0, 0.0, 0.0, 0.0, 0.0, 0.0, 0.0, 0.0, 0.0, 0.0, 0.0, 0.0, 0.0, 0.0, 0.0, 0.0, 0.0, 0.0, 0.0, 0.0, 0.0, 0.0, 0.0, 0.0, 0.0, 0.0, 0.0, 0.0, 0.0, 0.0, 0.0, 0.0, 0.0, 0.0, 0.0, 0.0, 0.0, 0.0, 0.0, 0.0, 0.0, 0.0, 0.0, 0.0, 0.0, 0.0, 0.0, 0.0, 0.0, 0.0, 0.0, 0.0, 0.0, 0.0, 0.0, 0.0, 0.0, 0.0, 0.0, 0.0, 0.0, 0.0, 0.0, 0.0, 0.0, 0.0, 0.0, 0.0, 0.0, 0.0, 0.0, 0.0, 0.0]",COMPLETE
5,5,0.84070796460177,2024-08-31 00:52:45.632785,2024-08-31 00:54:24.679290,0 days 00:01:39.046505,1,0.013053073079740525,5,85,0.002607450661113284,17,0.0011448559872190805,0.889,0.88625,33,"[33, 33, 33, 33, 33, 33, 33, 33, 33, 33, 33, 33, 33, 33, 33, 33, 33, 33, 33, 33, 33, 33, 33, 33, 33, 33, 33, 33, 33, 33, 33, 33, 33, 33, 33, 33, 33, 33, 33, 33, 33, 33, 33, 33, 33, 33, 33, 33, 33, 33, 33, 33, 33, 33, 33, 33, 33, 33, 33, 33, 33, 33, 33, 33, 33, 33, 33, 33, 33, 33, 33, 33, 33, 33, 33, 33, 33, 33, 33, 33, 33, 33, 33, 33, 33]",32.97153700189753,"[32.96584440227704, 32.96204933586338, 32.96204933586338, 32.95825426944971, 32.94686907020873, 32.96015180265655, 32.9753320683112, 32.96584440227704, 32.96774193548387, 32.98102466793169, 32.963946869070206, 32.979127134724855, 32.963946869070206, 32.9696394686907, 32.97343453510437, 32.977229601518026, 32.96584440227704, 32.96015180265655, 32.97343453510437, 32.97343453510437, 32.96584440227704, 32.97343453510437, 32.96774193548387, 32.9753320683112, 32.96774193548387, 32.96774193548387, 32.96204933586338, 32.979127134724855, 32.96584440227704, 32.96394686907021, 32.9753320683112, 32.977229601518026, 32.96774193548387, 32.97343453510436, 32.9696394686907, 32.96774193548387, 32.96774193548387, 32.97153700189753, 32.9753320683112, 32.97153700189753, 32.97343453510436, 32.96584440227704, 32.96584440227704, 32.96774193548387, 32.9696394686907, 32.979127134724855, 32.9696394686907, 32.97343453510436, 32.9696394686907, 32.979127134724855, 32.977229601518026, 32.96774193548387, 32.96015180265655, 32.96774193548387, 32.95825426944971, 32.95256166982922, 32.96774193548387, 32.9696394686907, 32.977229601518026, 32.97153700189753, 32.96774193548387, 32.965844402277035, 32.96774193548387, 32.9753320683112, 32.979127134724855, 32.98292220113852, 32.96584440227704, 32.97343453510436, 32.979127134724855, 32.97343453510436, 32.97153700189753, 32.97343453510436, 32.977229601518026, 32.98671726755218, 32.97153700189753, 32.9696394686907, 32.96774193548387, 32.97153700189753, 32.97153700189753, 32.97343453510437, 32.97343453510437, 32.977229601518026, 32.97153700189753, 32.9696394686907, 32.97153700189753]",0.8471668359216967,0.84070796460177,33,"[33, 33, 33, 33, 33, 33, 33, 33, 33, 33, 33, 33, 33, 33, 33, 33, 33, 33, 33, 33, 33, 33, 33, 33, 33, 33, 33, 33, 33, 33, 33, 33, 33, 33, 33, 33, 33, 33, 33, 33, 33, 33, 33, 33, 33, 33, 33, 33, 33, 33, 33, 33, 33, 33, 33, 33, 33, 33, 33, 33, 33, 33, 33, 33, 33, 33, 33, 33, 33, 33, 33, 33, 33, 33, 33, 33, 33, 33, 33, 33, 33, 33, 33, 33, 33]",85,"[0.45214423537254333, 0.4073234796524048, 0.3931739032268524, 0.386546790599823, 0.38238921761512756, 0.3793273866176605, 0.3768921196460724, 0.374772310256958, 0.3729223906993866, 0.37127017974853516, 0.3697878122329712, 0.36848193407058716, 0.3672336935997009, 0.3660910129547119, 0.36503031849861145, 0.36398980021476746, 0.3629817068576813, 0.3620489835739136, 0.36107850074768066, 0.3601733446121216, 0.3592831790447235, 0.35841378569602966, 0.35756340622901917, 0.35670006275177, 0.35583481192588806, 0.35501641035079956, 0.35421013832092285, 0.35335004329681396, 0.3524901270866394, 0.3516586720943451, 0.35081127285957336, 0.3499419391155243, 0.3491094708442688, 0.3482569456100464, 0.3473905324935913, 0.34651902318000793, 0.34562647342681885, 0.3448025584220886, 0.3439038395881653, 0.34300410747528076, 0.34212860465049744, 0.34123268723487854, 0.34030210971832275, 0.33937394618988037, 0.33845314383506775, 0.33752158284187317, 0.3365810811519623, 0.335676372051239, 0.3347316384315491, 0.3337349593639374, 0.33276790380477905, 0.33177855610847473, 0.3307577073574066, 0.3297617435455322, 0.3287571668624878, 0.327737420797348, 0.32672423124313354, 0.3257044851779938, 0.32462403178215027, 0.32354840636253357, 0.32248982787132263, 0.3213930130004883, 0.3203350305557251, 0.3192552626132965, 0.3181594908237457, 0.31702739000320435, 0.315879225730896, 0.31480127573013306, 0.3135957717895508, 0.3124943673610687, 0.3113595247268677, 0.31021952629089355, 0.30899712443351746, 0.30784621834754944, 0.3067379891872406, 0.3055563271045685, 0.30440863966941833, 0.3032876253128052, 0.30210813879966736, 0.30091437697410583, 0.29975074529647827, 0.29860004782676697, 0.2974604666233063, 0.2963556945323944, 0.29522705078125]",33.0,"[33.0, 33.0, 33.0, 33.0, 33.0, 33.0, 33.0, 33.0, 33.0, 33.0, 33.0, 33.0, 33.0, 33.0, 33.0, 33.0, 33.0, 33.0, 33.0, 33.0, 33.0, 33.0, 33.0, 33.0, 33.0, 33.0, 33.0, 33.0, 33.0, 33.0, 33.0, 33.0, 33.0, 33.0, 33.0, 33.0, 33.0, 33.0, 33.0, 33.0, 33.0, 33.0, 33.0, 33.0, 33.0, 33.0, 33.0, 33.0, 33.0, 33.0, 33.0, 33.0, 33.0, 33.0, 33.0, 33.0, 33.0, 33.0, 33.0, 33.0, 33.0, 33.0, 33.0, 33.0, 33.0, 33.0, 33.0, 33.0, 33.0, 33.0, 33.0, 33.0, 33.0, 33.0, 33.0, 33.0, 33.0, 33.0, 33.0, 33.0, 33.0, 33.0, 33.0, 33.0, 33.0]",COMPLETE
