,number,value,datetime_start,datetime_complete,duration,params_batch_size_scaler,params_constant_learning_rate,params_depth,params_epochs,params_kernel_l2,params_num_trees,params_temperature,user_attrs_accuracy_test,user_attrs_accuracy_valid,user_attrs_approximate_feature_sparsity,user_attrs_approximate_feature_sparsity_history,user_attrs_approximate_weight_sparsity,user_attrs_approximate_weight_sparsity_history,user_attrs_auc_test,user_attrs_auc_valid,user_attrs_feature_sparsity,user_attrs_feature_sparsity_history,user_attrs_num_epochs,user_attrs_val_loss_history,user_attrs_weight_sparsity,user_attrs_weight_sparsity_history,state
39,39,0.5,2024-08-31 02:21:22.702694,2024-08-31 02:21:35.655684,0 days 00:00:12.952990,64,2.8264934294357107,3,200,0.5023158645758989,3,0.00012806132257874722,0.859,0.85875,0,"[33, 33, 23, 7, 4, 4, 4, 3, 3, 2, 0, 0, 0, 0, 0, 0, 0, 0, 0, 0, 0, 0, 0, 0, 0, 0, 0, 0, 0, 0, 0, 0, 0, 0, 0, 0, 0, 0, 0, 0, 0, 0, 0, 0, 0, 0, 0, 0, 0, 0, 0, 0, 0, 0, 0, 0, 0, 0, 0, 0, 0, 0, 0, 0, 0, 0, 0, 0, 0, 0, 0, 0, 0, 0, 0, 0, 0, 0, 0, 0, 0, 0, 0, 0, 0, 0, 0, 0, 0, 0, 0, 0, 0, 0, 0, 0, 0, 0, 0, 0, 0, 0, 0, 0, 0, 0, 0, 0, 0, 0, 0, 0, 0, 0, 0, 0, 0, 0, 0, 0, 0, 0, 0, 0, 0, 0, 0, 0, 0, 0, 0, 0, 0, 0, 0, 0, 0, 0, 0, 0, 0, 0, 0, 0, 0, 0, 0, 0, 0, 0, 0, 0, 0, 0, 0, 0, 0, 0, 0, 0, 0, 0, 0, 0, 0, 0, 0, 0, 0, 0, 0, 0, 0, 0, 0, 0, 0, 0, 0, 0, 0, 0, 0, 0, 0, 0, 0, 0, 0, 0, 0, 0, 0, 0, 0, 0, 0, 0, 0, 0]",0.0,"[33.0, 32.85714285714286, 22.952380952380953, 7.0, 3.9523809523809526, 4.0, 4.0, 3.0, 3.0, 2.0, 0.0, 0.0, 0.0, 0.0, 0.0, 0.0, 0.0, 0.0, 0.0, 0.0, 0.0, 0.0, 0.0, 0.0, 0.0, 0.0, 0.0, 0.0, 0.0, 0.0, 0.0, 0.0, 0.0, 0.0, 0.0, 0.0, 0.0, 0.0, 0.0, 0.0, 0.0, 0.0, 0.0, 0.0, 0.0, 0.0, 0.0, 0.0, 0.0, 0.0, 0.0, 0.0, 0.0, 0.0, 0.0, 0.0, 0.0, 0.0, 0.0, 0.0, 0.0, 0.0, 0.0, 0.0, 0.0, 0.0, 0.0, 0.0, 0.0, 0.0, 0.0, 0.0, 0.0, 0.0, 0.0, 0.0, 0.0, 0.0, 0.0, 0.0, 0.0, 0.0, 0.0, 0.0, 0.0, 0.0, 0.0, 0.0, 0.0, 0.0, 0.0, 0.0, 0.0, 0.0, 0.0, 0.0, 0.0, 0.0, 0.0, 0.0, 0.0, 0.0, 0.0, 0.0, 0.0, 0.0, 0.0, 0.0, 0.0, 0.0, 0.0, 0.0, 0.0, 0.0, 0.0, 0.0, 0.0, 0.0, 0.0, 0.0, 0.0, 0.0, 0.0, 0.0, 0.0, 0.0, 0.0, 0.0, 0.0, 0.0, 0.0, 0.0, 0.0, 0.0, 0.0, 0.0, 0.0, 0.0, 0.0, 0.0, 0.0, 0.0, 0.0, 0.0, 0.0, 0.0, 0.0, 0.0, 0.0, 0.0, 0.0, 0.0, 0.0, 0.0, 0.0, 0.0, 0.0, 0.0, 0.0, 0.0, 0.0, 0.0, 0.0, 0.0, 0.0, 0.0, 0.0, 0.0, 0.0, 0.0, 0.0, 0.0, 0.0, 0.0, 0.0, 0.0, 0.0, 0.0, 0.0, 0.0, 0.0, 0.0, 0.0, 0.0, 0.0, 0.0, 0.0, 0.0, 0.0, 0.0, 0.0, 0.0, 0.0, 0.0, 0.0, 0.0, 0.0, 0.0, 0.0, 0.0]",0.5,0.5,0,"[33, 33, 23, 7, 4, 4, 4, 3, 3, 2, 0, 0, 0, 0, 0, 0, 0, 0, 0, 0, 0, 0, 0, 0, 0, 0, 0, 0, 0, 0, 0, 0, 0, 0, 0, 0, 0, 0, 0, 0, 0, 0, 0, 0, 0, 0, 0, 0, 0, 0, 0, 0, 0, 0, 0, 0, 0, 0, 0, 0, 0, 0, 0, 0, 0, 0, 0, 0, 0, 0, 0, 0, 0, 0, 0, 0, 0, 0, 0, 0, 0, 0, 0, 0, 0, 0, 0, 0, 0, 0, 0, 0, 0, 0, 0, 0, 0, 0, 0, 0, 0, 0, 0, 0, 0, 0, 0, 0, 0, 0, 0, 0, 0, 0, 0, 0, 0, 0, 0, 0, 0, 0, 0, 0, 0, 0, 0, 0, 0, 0, 0, 0, 0, 0, 0, 0, 0, 0, 0, 0, 0, 0, 0, 0, 0, 0, 0, 0, 0, 0, 0, 0, 0, 0, 0, 0, 0, 0, 0, 0, 0, 0, 0, 0, 0, 0, 0, 0, 0, 0, 0, 0, 0, 0, 0, 0, 0, 0, 0, 0, 0, 0, 0, 0, 0, 0, 0, 0, 0, 0, 0, 0, 0, 0, 0, 0, 0, 0, 0, 0]",200,"[0.6075361967086792, 0.4629358947277069, 0.40669840574264526, 0.3887435793876648, 0.39316031336784363, 0.3902837634086609, 0.3895355463027954, 0.39227938652038574, 0.39045897126197815, 0.42702624201774597, 0.41010650992393494, 0.40896034240722656, 0.4073992967605591, 0.409885436296463, 0.40725764632225037, 0.4077048599720001, 0.407828688621521, 0.4079301059246063, 0.40732356905937195, 0.4089776873588562, 0.40723979473114014, 0.40765345096588135, 0.4101871848106384, 0.40744549036026, 0.40724894404411316, 0.40763068199157715, 0.40768271684646606, 0.40724876523017883, 0.4075660705566406, 0.40794485807418823, 0.4072692096233368, 0.4081100523471832, 0.4075600504875183, 0.40771064162254333, 0.4072819650173187, 0.40728825330734253, 0.40735089778900146, 0.40890243649482727, 0.407309353351593, 0.4075790047645569, 0.40724971890449524, 0.40722694993019104, 0.4143587052822113, 0.40741005539894104, 0.40751248598098755, 0.4076300859451294, 0.4092986285686493, 0.4073184132575989, 0.4104483425617218, 0.41098782420158386, 0.4086954891681671, 0.4073033928871155, 0.4103807806968689, 0.407381147146225, 0.4079337418079376, 0.4091021716594696, 0.40723732113838196, 0.40729963779449463, 0.4076344966888428, 0.4081140160560608, 0.4074513912200928, 0.4076476991176605, 0.4073447287082672, 0.4072960615158081, 0.40723782777786255, 0.4072384536266327, 0.4073515236377716, 0.4082828462123871, 0.40739524364471436, 0.40739449858665466, 0.4080013632774353, 0.4073653519153595, 0.40778863430023193, 0.4125489890575409, 0.4128122627735138, 0.4076927602291107, 0.4072616696357727, 0.4074147939682007, 0.4073987603187561, 0.4074380397796631, 0.4086195230484009, 0.4075024724006653, 0.40760958194732666, 0.40789711475372314, 0.4072478413581848, 0.40722793340682983, 0.4090920388698578, 0.4076825976371765, 0.40726470947265625, 0.40724191069602966, 0.4079708755016327, 0.4080371558666229, 0.4072323739528656, 0.40722668170928955, 0.4074946641921997, 0.4072277843952179, 0.408111035823822, 0.40745753049850464, 0.40836212038993835, 0.40754660964012146, 0.4073001444339752, 0.40734824538230896, 0.407634437084198, 0.4072609841823578, 0.4077959358692169, 0.4075811505317688, 0.40762633085250854, 0.4072263240814209, 0.40728941559791565, 0.4076416790485382, 0.4074287712574005, 0.40894410014152527, 0.4079667031764984, 0.4075047969818115, 0.4077293872833252, 0.4073106050491333, 0.4072754383087158, 0.4082415699958801, 0.40819647908210754, 0.4090311825275421, 0.4097510576248169, 0.4076879024505615, 0.40750283002853394, 0.4072282016277313, 0.40722617506980896, 0.40775761008262634, 0.40756523609161377, 0.4076509475708008, 0.40809744596481323, 0.4072285592556, 0.40733087062835693, 0.4082033634185791, 0.40889886021614075, 0.4072263240814209, 0.4075702428817749, 0.4073808193206787, 0.4072262644767761, 0.40878623723983765, 0.40724456310272217, 0.407389372587204, 0.40736252069473267, 0.40746214985847473, 0.4072315990924835, 0.40778011083602905, 0.4073486328125, 0.4075326919555664, 0.4092872738838196, 0.4091295599937439, 0.4076446294784546, 0.4075918197631836, 0.4074821472167969, 0.407349556684494, 0.41048529744148254, 0.4074093997478485, 0.40915992856025696, 0.40726417303085327, 0.4073156416416168, 0.407957524061203, 0.40742331743240356, 0.4074990153312683, 0.408620148897171, 0.40776684880256653, 0.40788543224334717, 0.4073924720287323, 0.40785840153694153, 0.40795356035232544, 0.4073648154735565, 0.40726637840270996, 0.40786510705947876, 0.407230019569397, 0.40740206837654114, 0.4072844684123993, 0.4077466130256653, 0.40748465061187744, 0.40908804535865784, 0.4079244136810303, 0.40722617506980896, 0.407275915145874, 0.40722617506980896, 0.4072965681552887, 0.40734750032424927, 0.407227098941803, 0.4074981212615967, 0.4072352647781372, 0.40736380219459534, 0.4074223041534424, 0.40722641348838806, 0.4077940285205841, 0.4077851474285126, 0.4092288315296173, 0.4077686071395874, 0.4072309732437134, 0.40745794773101807, 0.40748557448387146, 0.4076060354709625, 0.4072399437427521, 0.41154858469963074, 0.4078707993030548, 0.4072464108467102, 0.40845704078674316]",0.0,"[33.0, 33.0, 23.0, 7.0, 4.0, 4.0, 4.0, 3.0, 3.0, 2.0, 0.0, 0.0, 0.0, 0.0, 0.0, 0.0, 0.0, 0.0, 0.0, 0.0, 0.0, 0.0, 0.0, 0.0, 0.0, 0.0, 0.0, 0.0, 0.0, 0.0, 0.0, 0.0, 0.0, 0.0, 0.0, 0.0, 0.0, 0.0, 0.0, 0.0, 0.0, 0.0, 0.0, 0.0, 0.0, 0.0, 0.0, 0.0, 0.0, 0.0, 0.0, 0.0, 0.0, 0.0, 0.0, 0.0, 0.0, 0.0, 0.0, 0.0, 0.0, 0.0, 0.0, 0.0, 0.0, 0.0, 0.0, 0.0, 0.0, 0.0, 0.0, 0.0, 0.0, 0.0, 0.0, 0.0, 0.0, 0.0, 0.0, 0.0, 0.0, 0.0, 0.0, 0.0, 0.0, 0.0, 0.0, 0.0, 0.0, 0.0, 0.0, 0.0, 0.0, 0.0, 0.0, 0.0, 0.0, 0.0, 0.0, 0.0, 0.0, 0.0, 0.0, 0.0, 0.0, 0.0, 0.0, 0.0, 0.0, 0.0, 0.0, 0.0, 0.0, 0.0, 0.0, 0.0, 0.0, 0.0, 0.0, 0.0, 0.0, 0.0, 0.0, 0.0, 0.0, 0.0, 0.0, 0.0, 0.0, 0.0, 0.0, 0.0, 0.0, 0.0, 0.0, 0.0, 0.0, 0.0, 0.0, 0.0, 0.0, 0.0, 0.0, 0.0, 0.0, 0.0, 0.0, 0.0, 0.0, 0.0, 0.0, 0.0, 0.0, 0.0, 0.0, 0.0, 0.0, 0.0, 0.0, 0.0, 0.0, 0.0, 0.0, 0.0, 0.0, 0.0, 0.0, 0.0, 0.0, 0.0, 0.0, 0.0, 0.0, 0.0, 0.0, 0.0, 0.0, 0.0, 0.0, 0.0, 0.0, 0.0, 0.0, 0.0, 0.0, 0.0, 0.0, 0.0, 0.0, 0.0, 0.0, 0.0, 0.0, 0.0, 0.0, 0.0, 0.0, 0.0, 0.0, 0.0]",COMPLETE
40,40,0.5,2024-08-31 02:21:35.661920,2024-08-31 02:22:12.400138,0 days 00:00:36.738218,4,1.600106622591863,2,240,0.0040113007580054,11,0.06281292414417826,0.859,0.85875,0,"[0, 0, 0, 0, 0, 0, 0, 0, 0, 0, 0, 0, 0, 0, 0, 0, 0, 0, 0, 0, 0, 0, 0, 0, 0, 0, 0, 0, 0, 0, 0, 0, 0, 0, 0, 0, 0, 0, 0, 0, 0, 0, 0, 0, 0, 0, 0, 0, 0, 0, 0, 0, 0, 0, 0, 0, 0, 0, 0, 0, 0, 0, 0, 0, 0, 0, 0, 0, 0, 0, 0, 0, 0, 0, 0, 0, 0, 0, 0, 0, 0, 0, 0, 0, 0, 0, 0, 0, 0, 0, 0, 0, 0, 0, 0, 0, 0, 0, 0, 0, 0, 0, 0, 0, 0, 0, 0, 0, 0, 0, 0, 0, 0, 0, 0, 0, 0, 0, 0, 0, 0, 0, 0, 0, 0, 0, 0, 0, 0, 0, 0, 0, 0, 0, 0, 0, 0, 0, 0, 0, 0, 0, 0, 0, 0, 0, 0, 0, 0, 0, 0, 0, 0, 0, 0, 0, 0, 0, 0, 0, 0, 0, 0, 0, 0, 0, 0, 0, 0, 0, 0, 0, 0, 0, 0, 0, 0, 0, 0, 0, 0, 0, 0, 0, 0, 0, 0, 0, 0, 0, 0, 0, 0, 0, 0, 0, 0, 0, 0, 0, 0, 0, 0, 0, 0, 0, 0, 0, 0, 0, 0, 0, 0, 0, 0, 0, 0, 0, 0, 0, 0, 0, 0, 0, 0, 0, 0, 0, 0, 0, 0, 0, 0, 0, 0, 0, 0, 0, 0, 0]",0.0,"[0.0, 0.0, 0.0, 0.0, 0.0, 0.0, 0.0, 0.0, 0.0, 0.0, 0.0, 0.0, 0.0, 0.0, 0.0, 0.0, 0.0, 0.0, 0.0, 0.0, 0.0, 0.0, 0.0, 0.0, 0.0, 0.0, 0.0, 0.0, 0.0, 0.0, 0.0, 0.0, 0.0, 0.0, 0.0, 0.0, 0.0, 0.0, 0.0, 0.0, 0.0, 0.0, 0.0, 0.0, 0.0, 0.0, 0.0, 0.0, 0.0, 0.0, 0.0, 0.0, 0.0, 0.0, 0.0, 0.0, 0.0, 0.0, 0.0, 0.0, 0.0, 0.0, 0.0, 0.0, 0.0, 0.0, 0.0, 0.0, 0.0, 0.0, 0.0, 0.0, 0.0, 0.0, 0.0, 0.0, 0.0, 0.0, 0.0, 0.0, 0.0, 0.0, 0.0, 0.0, 0.0, 0.0, 0.0, 0.0, 0.0, 0.0, 0.0, 0.0, 0.0, 0.0, 0.0, 0.0, 0.0, 0.0, 0.0, 0.0, 0.0, 0.0, 0.0, 0.0, 0.0, 0.0, 0.0, 0.0, 0.0, 0.0, 0.0, 0.0, 0.0, 0.0, 0.0, 0.0, 0.0, 0.0, 0.0, 0.0, 0.0, 0.0, 0.0, 0.0, 0.0, 0.0, 0.0, 0.0, 0.0, 0.0, 0.0, 0.0, 0.0, 0.0, 0.0, 0.0, 0.0, 0.0, 0.0, 0.0, 0.0, 0.0, 0.0, 0.0, 0.0, 0.0, 0.0, 0.0, 0.0, 0.0, 0.0, 0.0, 0.0, 0.0, 0.0, 0.0, 0.0, 0.0, 0.0, 0.0, 0.0, 0.0, 0.0, 0.0, 0.0, 0.0, 0.0, 0.0, 0.0, 0.0, 0.0, 0.0, 0.0, 0.0, 0.0, 0.0, 0.0, 0.0, 0.0, 0.0, 0.0, 0.0, 0.0, 0.0, 0.0, 0.0, 0.0, 0.0, 0.0, 0.0, 0.0, 0.0, 0.0, 0.0, 0.0, 0.0, 0.0, 0.0, 0.0, 0.0, 0.0, 0.0, 0.0, 0.0, 0.0, 0.0, 0.0, 0.0, 0.0, 0.0, 0.0, 0.0, 0.0, 0.0, 0.0, 0.0, 0.0, 0.0, 0.0, 0.0, 0.0, 0.0, 0.0, 0.0, 0.0, 0.0, 0.0, 0.0, 0.0, 0.0, 0.0, 0.0, 0.0, 0.0, 0.0, 0.0, 0.0, 0.0, 0.0, 0.0]",0.5,0.5,0,"[0, 0, 0, 0, 0, 0, 0, 0, 0, 0, 0, 0, 0, 0, 0, 0, 0, 0, 0, 0, 0, 0, 0, 0, 0, 0, 0, 0, 0, 0, 0, 0, 0, 0, 0, 0, 0, 0, 0, 0, 0, 0, 0, 0, 0, 0, 0, 0, 0, 0, 0, 0, 0, 0, 0, 0, 0, 0, 0, 0, 0, 0, 0, 0, 0, 0, 0, 0, 0, 0, 0, 0, 0, 0, 0, 0, 0, 0, 0, 0, 0, 0, 0, 0, 0, 0, 0, 0, 0, 0, 0, 0, 0, 0, 0, 0, 0, 0, 0, 0, 0, 0, 0, 0, 0, 0, 0, 0, 0, 0, 0, 0, 0, 0, 0, 0, 0, 0, 0, 0, 0, 0, 0, 0, 0, 0, 0, 0, 0, 0, 0, 0, 0, 0, 0, 0, 0, 0, 0, 0, 0, 0, 0, 0, 0, 0, 0, 0, 0, 0, 0, 0, 0, 0, 0, 0, 0, 0, 0, 0, 0, 0, 0, 0, 0, 0, 0, 0, 0, 0, 0, 0, 0, 0, 0, 0, 0, 0, 0, 0, 0, 0, 0, 0, 0, 0, 0, 0, 0, 0, 0, 0, 0, 0, 0, 0, 0, 0, 0, 0, 0, 0, 0, 0, 0, 0, 0, 0, 0, 0, 0, 0, 0, 0, 0, 0, 0, 0, 0, 0, 0, 0, 0, 0, 0, 0, 0, 0, 0, 0, 0, 0, 0, 0, 0, 0, 0, 0, 0, 0]",240,"[0.41097453236579895, 0.41045597195625305, 0.4653589725494385, 0.40813419222831726, 0.42488572001457214, 0.40851056575775146, 0.4826834797859192, 0.44246605038642883, 0.4144884943962097, 0.41321536898612976, 0.42503035068511963, 0.4072319269180298, 0.4087393879890442, 0.408443421125412, 0.40761661529541016, 0.41156941652297974, 0.40885648131370544, 0.4176134765148163, 0.40805119276046753, 0.42572829127311707, 0.4600255489349365, 0.4188632071018219, 0.4280662536621094, 0.407662957906723, 0.4114464521408081, 0.4119794964790344, 0.40843668580055237, 0.41080203652381897, 0.4178318381309509, 0.40933462977409363, 0.4084260165691376, 0.41951194405555725, 0.4073232412338257, 0.4085867404937744, 0.4072265625, 0.4284111261367798, 0.455398291349411, 0.40753689408302307, 0.4231815040111542, 0.4173309803009033, 0.40857166051864624, 0.415383905172348, 0.4079885482788086, 0.4093788266181946, 0.40738236904144287, 0.4083629548549652, 0.4281809329986572, 0.40984880924224854, 0.42811453342437744, 0.4186224639415741, 0.40842536091804504, 0.4115145206451416, 0.4081647992134094, 0.42375287413597107, 0.42695143818855286, 0.4120737910270691, 0.4120215177536011, 0.40759918093681335, 0.40959349274635315, 0.40731605887413025, 0.41683104634284973, 0.40818607807159424, 0.41492515802383423, 0.4072268605232239, 0.4080100655555725, 0.4184216558933258, 0.45333462953567505, 0.41168013215065, 0.4086310565471649, 0.4115790128707886, 0.40767937898635864, 0.40722760558128357, 0.41394516825675964, 0.4083695113658905, 0.40730902552604675, 0.40737736225128174, 0.41178208589553833, 0.4072481393814087, 0.4401739835739136, 0.44052380323410034, 0.4083545207977295, 0.4084010720252991, 0.4072585999965668, 0.408166766166687, 0.41440314054489136, 0.41843491792678833, 0.43521299958229065, 0.4183957576751709, 0.42784184217453003, 0.4183327555656433, 0.4104938507080078, 0.4115941524505615, 0.454500287771225, 0.41707107424736023, 0.40725475549697876, 0.4132849872112274, 0.4083775281906128, 0.4237894117832184, 0.4080970883369446, 0.43889954686164856, 0.40842998027801514, 0.41829630732536316, 0.40778324007987976, 0.4184175133705139, 0.41162991523742676, 0.40767139196395874, 0.40814220905303955, 0.4083442986011505, 0.412800133228302, 0.4235527813434601, 0.42088940739631653, 0.41148024797439575, 0.4080648422241211, 0.4569973051548004, 0.40878865122795105, 0.41719821095466614, 0.4093352258205414, 0.41740140318870544, 0.4083828032016754, 0.41831696033477783, 0.408975750207901, 0.4364422857761383, 0.41162681579589844, 0.40774810314178467, 0.41146886348724365, 0.40871644020080566, 0.42410197854042053, 0.4175448715686798, 0.40865558385849, 0.4120212197303772, 0.4072849154472351, 0.42360222339630127, 0.4101087152957916, 0.42349791526794434, 0.43275052309036255, 0.4083760976791382, 0.49144691228866577, 0.40838396549224854, 0.41722217202186584, 0.41134870052337646, 0.4072270691394806, 0.4131680428981781, 0.41228926181793213, 0.410335510969162, 0.4164210259914398, 0.4257385730743408, 0.4169754385948181, 0.4183047413825989, 0.4174234867095947, 0.431698203086853, 0.4092999994754791, 0.410692036151886, 0.4531508982181549, 0.4262877404689789, 0.40875765681266785, 0.4276822805404663, 0.4084194302558899, 0.40807026624679565, 0.4074558913707733, 0.42133164405822754, 0.4120125472545624, 0.40724387764930725, 0.4083682894706726, 0.4072278141975403, 0.4072268307209015, 0.4076296091079712, 0.40791985392570496, 0.40722647309303284, 0.4549371600151062, 0.40726086497306824, 0.4099409580230713, 0.41194504499435425, 0.42760154604911804, 0.4264712929725647, 0.416494220495224, 0.40983816981315613, 0.41830992698669434, 0.4143137037754059, 0.44948920607566833, 0.40781840682029724, 0.43161532282829285, 0.42350518703460693, 0.40859565138816833, 0.40729033946990967, 0.4264657497406006, 0.40859854221343994, 0.4280361831188202, 0.42087027430534363, 0.4212736487388611, 0.4072338342666626, 0.4243467450141907, 0.4148375988006592, 0.4167299270629883, 0.40722811222076416, 0.42131179571151733, 0.4098517894744873, 0.4084192216396332, 0.46410030126571655, 0.40722736716270447, 0.40786492824554443, 0.40725377202033997, 0.4092956483364105, 0.40732353925704956, 0.40755629539489746, 0.4100648760795593, 0.41200950741767883, 0.41599950194358826, 0.40742719173431396, 0.4081273376941681, 0.43851807713508606, 0.4240950047969818, 0.44024163484573364, 0.4648292660713196, 0.4278119206428528, 0.4445754885673523, 0.44171202182769775, 0.42781996726989746, 0.4080672562122345, 0.4119821786880493, 0.4072307348251343, 0.4086560308933258, 0.40724116563796997, 0.42642173171043396, 0.4083552658557892, 0.40841415524482727, 0.40910857915878296, 0.40765058994293213, 0.41705283522605896, 0.40840625762939453, 0.40779513120651245, 0.4073337912559509, 0.40777847170829773, 0.41672179102897644, 0.423844575881958, 0.41216468811035156, 0.40766650438308716, 0.4085908532142639, 0.4212553799152374, 0.40865790843963623, 0.4167865514755249]",0.0,"[0.0, 0.0, 0.0, 0.0, 0.0, 0.0, 0.0, 0.0, 0.0, 0.0, 0.0, 0.0, 0.0, 0.0, 0.0, 0.0, 0.0, 0.0, 0.0, 0.0, 0.0, 0.0, 0.0, 0.0, 0.0, 0.0, 0.0, 0.0, 0.0, 0.0, 0.0, 0.0, 0.0, 0.0, 0.0, 0.0, 0.0, 0.0, 0.0, 0.0, 0.0, 0.0, 0.0, 0.0, 0.0, 0.0, 0.0, 0.0, 0.0, 0.0, 0.0, 0.0, 0.0, 0.0, 0.0, 0.0, 0.0, 0.0, 0.0, 0.0, 0.0, 0.0, 0.0, 0.0, 0.0, 0.0, 0.0, 0.0, 0.0, 0.0, 0.0, 0.0, 0.0, 0.0, 0.0, 0.0, 0.0, 0.0, 0.0, 0.0, 0.0, 0.0, 0.0, 0.0, 0.0, 0.0, 0.0, 0.0, 0.0, 0.0, 0.0, 0.0, 0.0, 0.0, 0.0, 0.0, 0.0, 0.0, 0.0, 0.0, 0.0, 0.0, 0.0, 0.0, 0.0, 0.0, 0.0, 0.0, 0.0, 0.0, 0.0, 0.0, 0.0, 0.0, 0.0, 0.0, 0.0, 0.0, 0.0, 0.0, 0.0, 0.0, 0.0, 0.0, 0.0, 0.0, 0.0, 0.0, 0.0, 0.0, 0.0, 0.0, 0.0, 0.0, 0.0, 0.0, 0.0, 0.0, 0.0, 0.0, 0.0, 0.0, 0.0, 0.0, 0.0, 0.0, 0.0, 0.0, 0.0, 0.0, 0.0, 0.0, 0.0, 0.0, 0.0, 0.0, 0.0, 0.0, 0.0, 0.0, 0.0, 0.0, 0.0, 0.0, 0.0, 0.0, 0.0, 0.0, 0.0, 0.0, 0.0, 0.0, 0.0, 0.0, 0.0, 0.0, 0.0, 0.0, 0.0, 0.0, 0.0, 0.0, 0.0, 0.0, 0.0, 0.0, 0.0, 0.0, 0.0, 0.0, 0.0, 0.0, 0.0, 0.0, 0.0, 0.0, 0.0, 0.0, 0.0, 0.0, 0.0, 0.0, 0.0, 0.0, 0.0, 0.0, 0.0, 0.0, 0.0, 0.0, 0.0, 0.0, 0.0, 0.0, 0.0, 0.0, 0.0, 0.0, 0.0, 0.0, 0.0, 0.0, 0.0, 0.0, 0.0, 0.0, 0.0, 0.0, 0.0, 0.0, 0.0, 0.0, 0.0, 0.0, 0.0, 0.0, 0.0, 0.0, 0.0, 0.0]",COMPLETE
