,number,value,datetime_start,datetime_complete,duration,params_batch_size_scaler,params_constant_learning_rate,params_depth,params_epochs,params_kernel_l2,params_num_trees,params_temperature,user_attrs_accuracy_test,user_attrs_accuracy_valid,user_attrs_approximate_feature_sparsity,user_attrs_approximate_feature_sparsity_history,user_attrs_approximate_weight_sparsity,user_attrs_approximate_weight_sparsity_history,user_attrs_auc_test,user_attrs_auc_valid,user_attrs_feature_sparsity,user_attrs_feature_sparsity_history,user_attrs_num_epochs,user_attrs_val_loss_history,user_attrs_weight_sparsity,user_attrs_weight_sparsity_history,state
155,155,0.9264469090955931,2024-08-31 07:53:02.471096,2024-08-31 07:53:29.390110,0 days 00:00:26.919014,4,0.196443171331636,2,120,0.0014385357295588752,79,0.03376803489514332,0.94,0.95125,33,"[33, 33, 33, 33, 33, 33, 33, 33, 33, 33, 33, 33, 33, 33, 33, 33, 33, 33, 33, 33, 33, 33, 33, 33, 33, 33, 33, 33, 33, 33, 33, 33, 33, 33, 33, 33, 33, 33, 33, 33, 33, 33, 33, 33, 33, 33, 33, 33, 33, 33, 33, 33, 33, 33, 33, 33, 33, 33, 33, 33, 33, 33, 33, 33, 33, 33, 33, 33, 33, 33, 33, 33, 33, 33, 33, 33, 33, 33, 33, 33, 33, 33, 33, 33, 33, 33, 33, 33, 33, 33, 33, 33, 33, 33, 33, 33, 33, 33, 33, 33, 33, 33, 33, 33, 33, 33, 33, 33, 33, 33, 33, 33, 33, 33, 33, 33, 33, 33, 33, 33]",32.970464135021096,"[32.9662447257384, 32.9451476793249, 32.983122362869196, 32.9789029535865, 32.9746835443038, 32.9746835443038, 32.9873417721519, 32.983122362869196, 32.957805907173, 32.9746835443038, 32.9789029535865, 32.9789029535865, 32.970464135021096, 32.9746835443038, 32.983122362869196, 32.9873417721519, 32.9789029535865, 32.9831223628692, 32.9789029535865, 32.9915611814346, 32.983122362869196, 32.983122362869196, 32.9789029535865, 32.9915611814346, 32.9915611814346, 32.9915611814346, 32.9746835443038, 32.9789029535865, 32.9789029535865, 32.9746835443038, 32.9873417721519, 32.9704641350211, 32.9704641350211, 32.983122362869196, 32.9746835443038, 32.9662447257384, 32.9873417721519, 32.9746835443038, 32.9789029535865, 32.983122362869196, 32.9789029535865, 32.983122362869196, 32.9789029535865, 32.9789029535865, 32.9873417721519, 32.9873417721519, 32.9789029535865, 32.970464135021096, 32.9662447257384, 32.9957805907173, 32.9915611814346, 32.9789029535865, 33.0, 32.9873417721519, 32.9873417721519, 32.9873417721519, 32.9957805907173, 32.9957805907173, 32.9915611814346, 32.9746835443038, 32.9789029535865, 32.9789029535865, 32.9873417721519, 32.9873417721519, 32.9746835443038, 32.9789029535865, 32.983122362869196, 32.983122362869196, 32.9957805907173, 32.983122362869196, 32.9746835443038, 32.983122362869196, 32.9662447257384, 32.9915611814346, 32.983122362869196, 32.9915611814346, 32.9873417721519, 32.9789029535865, 32.983122362869196, 32.9873417721519, 32.9873417721519, 32.9915611814346, 32.983122362869196, 32.9789029535865, 32.9915611814346, 32.9789029535865, 32.9873417721519, 32.9746835443038, 32.9662447257384, 32.9746835443038, 32.9662447257384, 32.9789029535865, 32.9831223628692, 32.9873417721519, 32.9873417721519, 32.9789029535865, 32.9789029535865, 32.9789029535865, 32.9746835443038, 32.983122362869196, 32.9789029535865, 32.983122362869196, 32.9873417721519, 32.9831223628692, 32.983122362869196, 32.9873417721519, 32.9746835443038, 32.9746835443038, 32.9915611814346, 32.9873417721519, 32.9915611814346, 32.9789029535865, 32.9746835443038, 32.9620253164557, 32.9915611814346, 32.9789029535865, 32.9957805907173, 32.970464135021096, 32.9662447257384, 32.970464135021096]",0.912945120088508,0.9264469090955931,33,"[33, 33, 33, 33, 33, 33, 33, 33, 33, 33, 33, 33, 33, 33, 33, 33, 33, 33, 33, 33, 33, 33, 33, 33, 33, 33, 33, 33, 33, 33, 33, 33, 33, 33, 33, 33, 33, 33, 33, 33, 33, 33, 33, 33, 33, 33, 33, 33, 33, 33, 33, 33, 33, 33, 33, 33, 33, 33, 33, 33, 33, 33, 33, 33, 33, 33, 33, 33, 33, 33, 33, 33, 33, 33, 33, 33, 33, 33, 33, 33, 33, 33, 33, 33, 33, 33, 33, 33, 33, 33, 33, 33, 33, 33, 33, 33, 33, 33, 33, 33, 33, 33, 33, 33, 33, 33, 33, 33, 33, 33, 33, 33, 33, 33, 33, 33, 33, 33, 33, 33]",120,"[0.3741063177585602, 0.3688740134239197, 0.3542982041835785, 0.3522677719593048, 0.34120678901672363, 0.3487182855606079, 0.3347485363483429, 0.32324478030204773, 0.35061198472976685, 0.3418644666671753, 0.31186631321907043, 0.31395506858825684, 0.3002019226551056, 0.3018619418144226, 0.2993922531604767, 0.28414878249168396, 0.2769657075405121, 0.27148547768592834, 0.2670007646083832, 0.26572251319885254, 0.2591606378555298, 0.2555399239063263, 0.24925953149795532, 0.24354718625545502, 0.24458502233028412, 0.23955848813056946, 0.2450890988111496, 0.25163477659225464, 0.23546724021434784, 0.23048335313796997, 0.22844214737415314, 0.23322010040283203, 0.23258095979690552, 0.22528675198554993, 0.2203320860862732, 0.22353777289390564, 0.21800680458545685, 0.21381904184818268, 0.2339346706867218, 0.21608991920948029, 0.20797547698020935, 0.21594901382923126, 0.20830440521240234, 0.20464040338993073, 0.20617982745170593, 0.20805440843105316, 0.20497997105121613, 0.20267485082149506, 0.20235209167003632, 0.2004358172416687, 0.20225173234939575, 0.20424549281597137, 0.20322538912296295, 0.20057345926761627, 0.19945503771305084, 0.20618349313735962, 0.19872312247753143, 0.19647271931171417, 0.19550275802612305, 0.1946365386247635, 0.20193034410476685, 0.19679994881153107, 0.19540037214756012, 0.19470439851284027, 0.19566528499126434, 0.19489438831806183, 0.19620048999786377, 0.1957048773765564, 0.19578149914741516, 0.20067155361175537, 0.19907605648040771, 0.18912214040756226, 0.19066913425922394, 0.18975132703781128, 0.1909293234348297, 0.1904064416885376, 0.18664607405662537, 0.18871784210205078, 0.26370969414711, 0.18473657965660095, 0.1899978667497635, 0.19472089409828186, 0.19170625507831573, 0.1925717294216156, 0.19455690681934357, 0.18444281816482544, 0.19215916097164154, 0.19135743379592896, 0.19097980856895447, 0.18795286118984222, 0.19113560020923615, 0.18288087844848633, 0.1846478134393692, 0.18282842636108398, 0.1884884238243103, 0.18482547998428345, 0.18785865604877472, 0.20377252995967865, 0.19093626737594604, 0.1852024793624878, 0.18753160536289215, 0.18395105004310608, 0.18797987699508667, 0.18584470450878143, 0.2104799896478653, 0.1864885836839676, 0.18430498242378235, 0.1879447102546692, 0.21640320122241974, 0.207616925239563, 0.1810392141342163, 0.18501247465610504, 0.18135280907154083, 0.18556150794029236, 0.1906764954328537, 0.1828310340642929, 0.1887001395225525, 0.18535947799682617, 0.18769606947898865, 0.18193379044532776]",33.0,"[33.0, 33.0, 33.0, 33.0, 33.0, 33.0, 33.0, 33.0, 33.0, 33.0, 33.0, 33.0, 33.0, 33.0, 33.0, 33.0, 33.0, 33.0, 33.0, 33.0, 33.0, 33.0, 33.0, 33.0, 33.0, 33.0, 33.0, 33.0, 33.0, 33.0, 33.0, 33.0, 33.0, 33.0, 33.0, 33.0, 33.0, 33.0, 33.0, 33.0, 33.0, 33.0, 33.0, 33.0, 33.0, 33.0, 33.0, 33.0, 33.0, 33.0, 33.0, 33.0, 33.0, 33.0, 33.0, 33.0, 33.0, 33.0, 33.0, 33.0, 33.0, 33.0, 33.0, 33.0, 33.0, 33.0, 33.0, 33.0, 33.0, 33.0, 33.0, 33.0, 33.0, 33.0, 33.0, 33.0, 33.0, 33.0, 33.0, 33.0, 33.0, 33.0, 33.0, 33.0, 33.0, 33.0, 33.0, 33.0, 33.0, 33.0, 33.0, 33.0, 33.0, 33.0, 33.0, 33.0, 33.0, 33.0, 33.0, 33.0, 33.0, 33.0, 33.0, 33.0, 33.0, 33.0, 33.0, 33.0, 33.0, 33.0, 33.0, 33.0, 33.0, 33.0, 33.0, 33.0, 33.0, 33.0, 33.0, 33.0]",COMPLETE
156,156,0.914415632930144,2024-08-31 07:53:32.580381,2024-08-31 07:54:37.100259,0 days 00:01:04.519878,1,0.7903989816915536,1,140,0.0012794570302504529,12,0.00015461877451504146,0.918,0.92,10,"[33, 28, 22, 18, 17, 17, 16, 16, 16, 16, 16, 16, 16, 16, 16, 16, 16, 16, 16, 16, 16, 15, 15, 14, 14, 14, 14, 14, 14, 14, 14, 14, 14, 14, 14, 14, 14, 14, 14, 14, 14, 14, 14, 14, 14, 14, 14, 14, 14, 14, 14, 14, 14, 14, 14, 14, 14, 14, 13, 10, 10, 10, 10, 10, 10, 10, 10, 10, 10, 10, 10, 10, 10, 10, 10, 10, 10, 10, 10, 10, 10, 10, 10, 10, 10, 10, 10, 10, 10, 10, 10, 10, 10, 10, 10, 10, 10, 10, 10, 10, 10, 10, 10, 10, 10, 10, 10, 10, 10, 10, 10, 10, 10, 10, 10, 10, 10, 10, 10, 10, 10, 10, 10, 10, 10, 10, 10, 10, 10, 10, 10, 10, 10, 10, 10, 10, 10, 10, 10, 10]",10.0,"[33.0, 28.0, 22.0, 18.0, 17.0, 17.0, 16.0, 16.0, 16.0, 16.0, 16.0, 16.0, 16.0, 16.0, 16.0, 16.0, 16.0, 16.0, 16.0, 16.0, 16.0, 15.0, 15.0, 14.0, 14.0, 14.0, 14.0, 14.0, 14.0, 14.0, 14.0, 14.0, 14.0, 14.0, 14.0, 14.0, 14.0, 14.0, 14.0, 14.0, 14.0, 14.0, 14.0, 14.0, 14.0, 14.0, 14.0, 14.0, 14.0, 14.0, 14.0, 14.0, 14.0, 14.0, 13.916666666666666, 14.0, 14.0, 14.0, 13.0, 10.0, 10.0, 10.0, 10.0, 10.0, 10.0, 10.0, 10.0, 10.0, 10.0, 10.0, 10.0, 10.0, 10.0, 10.0, 10.0, 10.0, 9.916666666666666, 10.0, 9.916666666666666, 10.0, 10.0, 9.916666666666666, 10.0, 10.0, 10.0, 10.0, 10.0, 10.0, 10.0, 10.0, 10.0, 10.0, 10.0, 10.0, 10.0, 10.0, 10.0, 10.0, 10.0, 10.0, 9.916666666666666, 10.0, 10.0, 10.0, 10.0, 10.0, 10.0, 9.916666666666666, 10.0, 10.0, 9.916666666666666, 10.0, 10.0, 9.916666666666666, 9.833333333333334, 10.0, 10.0, 10.0, 10.0, 10.0, 10.0, 10.0, 10.0, 10.0, 10.0, 10.0, 10.0, 10.0, 10.0, 10.0, 10.0, 10.0, 10.0, 10.0, 10.0, 10.0, 10.0, 10.0, 10.0, 10.0]",0.9033595059404389,0.914415632930144,10,"[33, 28, 22, 18, 17, 17, 16, 16, 16, 16, 16, 16, 16, 16, 16, 16, 16, 16, 16, 16, 16, 15, 15, 14, 14, 14, 14, 14, 14, 14, 14, 14, 14, 14, 14, 14, 14, 14, 14, 14, 14, 14, 14, 14, 14, 14, 14, 14, 14, 14, 14, 14, 14, 14, 14, 14, 14, 14, 13, 10, 10, 10, 10, 10, 10, 10, 10, 10, 10, 10, 10, 10, 10, 10, 10, 10, 10, 10, 10, 10, 10, 10, 10, 10, 10, 10, 10, 10, 10, 10, 10, 10, 10, 10, 10, 10, 10, 10, 10, 10, 10, 10, 10, 10, 10, 10, 10, 10, 10, 10, 10, 10, 10, 10, 10, 10, 10, 10, 10, 10, 10, 10, 10, 10, 10, 10, 10, 10, 10, 10, 10, 10, 10, 10, 10, 10, 10, 10, 10, 10]",140,"[0.35982659459114075, 0.2688635587692261, 0.37153756618499756, 0.2286347895860672, 0.2667652368545532, 0.32206904888153076, 0.21688605844974518, 0.2071990966796875, 0.294712632894516, 0.20014888048171997, 0.23654747009277344, 0.21538496017456055, 0.2553531527519226, 0.21906445920467377, 0.20981080830097198, 0.19039210677146912, 0.1949475258588791, 0.20451727509498596, 0.2154751420021057, 0.19804693758487701, 0.20535287261009216, 0.21094956994056702, 0.23359060287475586, 0.2154812216758728, 0.21726268529891968, 0.2133011370897293, 0.22999250888824463, 0.24466319382190704, 0.2071642428636551, 0.21329385042190552, 0.21219047904014587, 0.22012630105018616, 0.20477958023548126, 0.2385973036289215, 0.27724772691726685, 0.21084505319595337, 0.2067401260137558, 0.22360943257808685, 0.22332559525966644, 0.21636754274368286, 0.24802522361278534, 0.2173565924167633, 0.22990186512470245, 0.29502490162849426, 0.20368961989879608, 0.23627185821533203, 0.20481020212173462, 0.2360014021396637, 0.3334627151489258, 0.20777438580989838, 0.29484787583351135, 0.20742732286453247, 0.21231384575366974, 0.30882009863853455, 0.21661178767681122, 0.2109396755695343, 0.23876938223838806, 0.21727712452411652, 0.25884386897087097, 0.24154499173164368, 0.2329079806804657, 0.21989646553993225, 0.2136669158935547, 0.21431118249893188, 0.2143564373254776, 0.20151430368423462, 0.21351268887519836, 0.22761814296245575, 0.2285553514957428, 0.20868511497974396, 0.306173175573349, 0.213374063372612, 0.2277308851480484, 0.2295011729001999, 0.29000139236450195, 0.3757448196411133, 0.20251961052417755, 0.20241935551166534, 0.20881031453609467, 0.20548969507217407, 0.210519939661026, 0.2122938334941864, 0.20799799263477325, 0.20815181732177734, 0.2005205601453781, 0.20339012145996094, 0.20009982585906982, 0.21636267006397247, 0.23433203995227814, 0.20365191996097565, 0.2261863648891449, 0.20124167203903198, 0.24094487726688385, 0.2230215072631836, 0.20548193156719208, 0.2170155644416809, 0.2309960573911667, 0.28431135416030884, 0.22650958597660065, 0.21461255848407745, 0.19862385094165802, 0.20438234508037567, 0.278436541557312, 0.22020764648914337, 0.2261652797460556, 0.27017658948898315, 0.19760392606258392, 0.19467736780643463, 0.21376676857471466, 0.2536064088344574, 0.1959635615348816, 0.22211073338985443, 0.2141966074705124, 0.19951777160167694, 0.20127151906490326, 0.2336871474981308, 0.21123312413692474, 0.20705440640449524, 0.19983123242855072, 0.2133084535598755, 0.2171441614627838, 0.21588987112045288, 0.20657341182231903, 0.20767587423324585, 0.22642545402050018, 0.2191120684146881, 0.23199564218521118, 0.20102877914905548, 0.3144601881504059, 0.20639795064926147, 0.31064683198928833, 0.2067725509405136, 0.2858023941516876, 0.2232978641986847, 0.21716542541980743, 0.19561482965946198, 0.263172447681427, 0.19871816039085388, 0.21656370162963867, 0.22583578526973724]",10.0,"[33.0, 28.0, 22.0, 18.0, 17.0, 17.0, 16.0, 16.0, 16.0, 16.0, 16.0, 16.0, 16.0, 16.0, 16.0, 16.0, 16.0, 16.0, 16.0, 16.0, 16.0, 15.0, 15.0, 14.0, 14.0, 14.0, 14.0, 14.0, 14.0, 14.0, 14.0, 14.0, 14.0, 14.0, 14.0, 14.0, 14.0, 14.0, 14.0, 14.0, 14.0, 14.0, 14.0, 14.0, 14.0, 14.0, 14.0, 14.0, 14.0, 14.0, 14.0, 14.0, 14.0, 14.0, 14.0, 14.0, 14.0, 14.0, 13.0, 10.0, 10.0, 10.0, 10.0, 10.0, 10.0, 10.0, 10.0, 10.0, 10.0, 10.0, 10.0, 10.0, 10.0, 10.0, 10.0, 10.0, 10.0, 10.0, 10.0, 10.0, 10.0, 10.0, 10.0, 10.0, 10.0, 10.0, 10.0, 10.0, 10.0, 10.0, 10.0, 10.0, 10.0, 10.0, 10.0, 10.0, 10.0, 10.0, 10.0, 10.0, 10.0, 10.0, 10.0, 10.0, 10.0, 10.0, 10.0, 10.0, 10.0, 10.0, 10.0, 10.0, 10.0, 10.0, 10.0, 10.0, 10.0, 10.0, 10.0, 10.0, 10.0, 10.0, 10.0, 10.0, 10.0, 10.0, 10.0, 10.0, 10.0, 10.0, 10.0, 10.0, 10.0, 10.0, 10.0, 10.0, 10.0, 10.0, 10.0, 10.0]",COMPLETE
