,number,value,datetime_start,datetime_complete,duration,params_batch_size_scaler,params_constant_learning_rate,params_depth,params_epochs,params_kernel_l2,params_num_trees,params_temperature,user_attrs_accuracy_test,user_attrs_accuracy_valid,user_attrs_approximate_feature_sparsity,user_attrs_approximate_feature_sparsity_history,user_attrs_approximate_weight_sparsity,user_attrs_approximate_weight_sparsity_history,user_attrs_auc_test,user_attrs_auc_valid,user_attrs_feature_sparsity,user_attrs_feature_sparsity_history,user_attrs_num_epochs,user_attrs_val_loss_history,user_attrs_weight_sparsity,user_attrs_weight_sparsity_history,state
129,129,0.92160348314462,2024-08-31 06:17:57.165907,2024-08-31 06:31:35.383581,0 days 00:13:38.217674,4,0.09794054250743632,6,345,0.7798312308618938,98,0.051808983398130344,0.931,0.93625,33,"[33, 33, 33, 33, 33, 33, 33, 33, 33, 33, 33, 33, 33, 33, 33, 33, 33, 33, 33, 33, 33, 33, 33, 33, 33, 33, 33, 33, 33, 33, 33, 33, 33, 33, 33, 33, 33, 33, 33, 33, 33, 33, 33, 33, 33, 33, 33, 33, 33, 33, 33, 33, 33, 33, 33, 33, 33, 33, 33, 33, 33, 33, 33, 33, 33, 33, 33, 33, 33, 33, 33, 33, 33, 33, 33, 33, 33, 33, 33, 33, 33, 33, 33, 33, 33, 33, 33, 33, 33, 33, 33, 33, 33, 33, 33, 33, 33, 33, 33, 33, 33, 33, 33, 33, 33, 33, 33, 33, 33, 33, 33, 33, 33, 33, 33, 33, 33, 33, 33, 33, 33, 33, 33, 33, 33, 33, 33, 33, 33, 33, 33, 33, 33, 33, 33, 33, 33, 33, 33, 33, 33, 33, 33, 33, 33, 33, 33, 33, 33, 33, 33, 33, 33, 33, 33, 33, 33, 33, 33, 33, 33, 33, 33, 33, 33, 33, 33, 33, 33, 33, 33, 33, 33, 33, 33, 33, 33, 33, 33, 33, 33, 33, 33, 33, 33, 33, 33, 33, 33, 33, 33, 33, 33, 33, 33, 33, 33, 33, 33, 33, 33, 33, 33, 33, 33, 33, 33, 33, 33, 33, 33, 33, 33, 33, 33, 33, 33, 33, 33, 33, 33, 33, 33, 33, 33, 33, 33, 33, 33, 33, 33, 33, 33, 33, 33, 33, 33, 33, 33, 33, 33, 33, 33, 33, 33, 33, 33, 33, 33, 33, 33, 33, 33, 33, 33, 33, 33, 33, 33, 33, 33, 33, 33, 33, 33, 33, 33, 33, 33, 33, 33, 33, 33, 33, 33, 33, 33, 33, 33, 33, 33, 33, 33, 33, 33, 33, 33, 33, 33, 33, 33, 33, 33, 33, 33, 33, 33, 33, 33, 33, 33, 33, 33, 33, 33, 33, 33, 33, 33, 33, 33, 33, 33, 33, 33, 33, 33, 33, 33, 33, 33, 33, 33, 33, 33, 33, 33, 33, 33, 33, 33, 33, 33, 33, 33, 33, 33, 33, 33, 33, 33, 33, 33, 33, 33]",32.85390346614837,"[32.88743116294137, 32.89148040168448, 32.884353741496604, 32.88678328474247, 32.890832523485585, 32.89277615808228, 32.88645934564302, 32.88289601554908, 32.89099449303531, 32.893586005830905, 32.885325558794946, 32.88192419825073, 32.89148040168448, 32.89180434078393, 32.89212827988338, 32.89115646258504, 32.89131843213476, 32.89180434078393, 32.8955296404276, 32.89520570132815, 32.887917071590536, 32.88775510204082, 32.88856494978944, 32.895367670877874, 32.8922902494331, 32.893586005830905, 32.88872691933916, 32.8948817622287, 32.89277615808228, 32.88969873663751, 32.88872691933916, 32.88840298023972, 32.88743116294137, 32.885163589245224, 32.888888888888886, 32.88969873663751, 32.886297376093296, 32.88581146744412, 32.887917071590536, 32.88581146744412, 32.885325558794946, 32.8837058632977, 32.88014253320375, 32.884191771946874, 32.88759313249109, 32.88743116294137, 32.8856494978944, 32.88467768059605, 32.88386783284743, 32.888079041140266, 32.8856494978944, 32.88467768059605, 32.8837058632977, 32.885163589245224, 32.88386783284742, 32.88483965014577, 32.88208616780045, 32.88451571104632, 32.88257207644963, 32.88483965014577, 32.88192419825073, 32.882410106899904, 32.88451571104632, 32.88564949789439, 32.88564949789439, 32.88467768059605, 32.88289601554908, 32.88694525429219, 32.884515711046326, 32.880628441852934, 32.87755102040816, 32.87706511175899, 32.87933268545513, 32.8811143505021, 32.88224813735018, 32.8830579850988, 32.88046647230321, 32.885973436993844, 32.87998056365404, 32.88257207644963, 32.88079041140266, 32.87981859410431, 32.88192419825073, 32.87900874635569, 32.87917071590541, 32.87917071590541, 32.87933268545514, 32.87949465500486, 32.881276320051825, 32.885163589245224, 32.8843537414966, 32.888079041140266, 32.885973436993844, 32.88467768059605, 32.8843537414966, 32.88419177194688, 32.88402980239715, 32.88597343699385, 32.88791707159054, 32.887107223841916, 32.88694525429219, 32.88581146744412, 32.8837058632977, 32.885325558794946, 32.885325558794946, 32.885163589245224, 32.88467768059605, 32.8843537414966, 32.88856494978944, 32.88208616780045, 32.879494655004855, 32.87738905085844, 32.87787495950761, 32.884515711046326, 32.87836086815679, 32.873339812115326, 32.87641723356009, 32.87803692905734, 32.87933268545513, 32.87787495950761, 32.875121477162295, 32.87609329446064, 32.87884677680596, 32.878846776805965, 32.876903142209265, 32.879656624554585, 32.88386783284742, 32.88160025915128, 32.87852283770651, 32.87625526401037, 32.87609329446064, 32.87803692905734, 32.877712989957885, 32.87722708130872, 32.87852283770651, 32.876903142209265, 32.87576935536119, 32.87560738581146, 32.87560738581146, 32.87625526401037, 32.873177842565596, 32.87447359896339, 32.87495950761257, 32.87366375121477, 32.87576935536119, 32.87657920310981, 32.872853903466144, 32.87625526401037, 32.87366375121477, 32.87107223841918, 32.87172011661807, 32.87236799481697, 32.87447359896339, 32.87463556851312, 32.874959507612566, 32.879656624554585, 32.87722708130872, 32.875931324910916, 32.875121477162295, 32.875121477162295, 32.872367994816976, 32.87091026886945, 32.874149659863946, 32.87738905085844, 32.87852283770651, 32.876903142209265, 32.87852283770651, 32.87819889860706, 32.875121477162295, 32.872367994816976, 32.87155814706835, 32.872367994816976, 32.87155814706835, 32.86912860382248, 32.87010042112083, 32.871072238419174, 32.875931324910916, 32.87933268545513, 32.87738905085844, 32.87512147716229, 32.87609329446064, 32.87333981211532, 32.87301587301587, 32.87010042112083, 32.8699384515711, 32.8718820861678, 32.87333981211532, 32.87301587301587, 32.87431162941367, 32.87463556851312, 32.87350178166505, 32.874149659863946, 32.87641723356009, 32.87609329446064, 32.87560738581147, 32.87350178166505, 32.876903142209265, 32.87609329446064, 32.87301587301587, 32.87155814706835, 32.87091026886945, 32.86993845157111, 32.87010042112083, 32.871234207968904, 32.87495950761257, 32.873987690314216, 32.871396177518626, 32.87285390346615, 32.872044055717524, 32.871396177518626, 32.87350178166505, 32.873177842565596, 32.87366375121477, 32.875121477162295, 32.87609329446064, 32.87738905085844, 32.87479753806284, 32.87576935536119, 32.87544541626174, 32.87074829931972, 32.8699384515711, 32.86718496922578, 32.86718496922578, 32.86831875607386, 32.8679948169744, 32.872853903466144, 32.8718820861678, 32.87398769031422, 32.873177842565596, 32.87593132491092, 32.87544541626175, 32.87463556851312, 32.87447359896339, 32.871234207968904, 32.87042436022028, 32.87091026886945, 32.87269193391642, 32.87301587301587, 32.870424360220284, 32.8725299643667, 32.86799481697441, 32.86767087787496, 32.86669906057661, 32.86702299967606, 32.86799481697441, 32.86880466472303, 32.86702299967607, 32.86896663427276, 32.86783284742469, 32.86621315192744, 32.86507936507937, 32.86426951733074, 32.862001943634596, 32.863945578231295, 32.863945578231295, 32.864755425979915, 32.86443148688046, 32.86426951733074, 32.8607061872368, 32.862973760932945, 32.86426951733075, 32.86345966958212, 32.86151603498542, 32.86151603498543, 32.86264982183349, 32.85860058309038, 32.857142857142854, 32.857142857142854, 32.85957240038873, 32.86167800453515, 32.862973760932945, 32.862811791383216, 32.86232588273404, 32.86459345643019, 32.860058309037896, 32.860220278587626, 32.85892452218983, 32.85568513119534, 32.858276643990926, 32.85698088759313, 32.858438613540656, 32.85665694849368, 32.858276643990926, 32.857304826692584, 32.85892452218983, 32.858438613540656, 32.858276643990926, 32.858114674441204, 32.858114674441204, 32.85714285714286, 32.85779073534175, 32.85714285714286, 32.85584710074506, 32.85714285714286, 32.857142857142854, 32.86038224813735, 32.86086815678652, 32.86167800453515, 32.86264982183349, 32.86329770003239, 32.86394557823129, 32.86410754778102, 32.86313573048267, 32.86313573048267, 32.862001943634596, 32.86183997408487, 32.859086491739546, 32.859410430839006, 32.85730482669258, 32.85519922254616, 32.85503725299644, 32.85973436993845, 32.86054421768707, 32.863945578231295, 32.862973760932945, 32.8607061872368, 32.86362163913184, 32.86151603498542, 32.858114674441204, 32.85698088759313, 32.856333009394234, 32.857142857142854, 32.858114674441204, 32.85860058309038, 32.858114674441204, 32.85908649173955, 32.857466796242306, 32.8587625526401, 32.856333009394234, 32.85779073534175, 32.85730482669258, 32.856656948493686, 32.85552316164561, 32.85827664399093, 32.858924522189824, 32.86103012633625, 32.85957240038873, 32.85908649173955, 32.857466796242306, 32.858114674441204, 32.85617103984451, 32.85487528344671, 32.85568513119533, 32.85438937479754, 32.85390346614837]",0.9059685103080443,0.92160348314462,33,"[33, 33, 33, 33, 33, 33, 33, 33, 33, 33, 33, 33, 33, 33, 33, 33, 33, 33, 33, 33, 33, 33, 33, 33, 33, 33, 33, 33, 33, 33, 33, 33, 33, 33, 33, 33, 33, 33, 33, 33, 33, 33, 33, 33, 33, 33, 33, 33, 33, 33, 33, 33, 33, 33, 33, 33, 33, 33, 33, 33, 33, 33, 33, 33, 33, 33, 33, 33, 33, 33, 33, 33, 33, 33, 33, 33, 33, 33, 33, 33, 33, 33, 33, 33, 33, 33, 33, 33, 33, 33, 33, 33, 33, 33, 33, 33, 33, 33, 33, 33, 33, 33, 33, 33, 33, 33, 33, 33, 33, 33, 33, 33, 33, 33, 33, 33, 33, 33, 33, 33, 33, 33, 33, 33, 33, 33, 33, 33, 33, 33, 33, 33, 33, 33, 33, 33, 33, 33, 33, 33, 33, 33, 33, 33, 33, 33, 33, 33, 33, 33, 33, 33, 33, 33, 33, 33, 33, 33, 33, 33, 33, 33, 33, 33, 33, 33, 33, 33, 33, 33, 33, 33, 33, 33, 33, 33, 33, 33, 33, 33, 33, 33, 33, 33, 33, 33, 33, 33, 33, 33, 33, 33, 33, 33, 33, 33, 33, 33, 33, 33, 33, 33, 33, 33, 33, 33, 33, 33, 33, 33, 33, 33, 33, 33, 33, 33, 33, 33, 33, 33, 33, 33, 33, 33, 33, 33, 33, 33, 33, 33, 33, 33, 33, 33, 33, 33, 33, 33, 33, 33, 33, 33, 33, 33, 33, 33, 33, 33, 33, 33, 33, 33, 33, 33, 33, 33, 33, 33, 33, 33, 33, 33, 33, 33, 33, 33, 33, 33, 33, 33, 33, 33, 33, 33, 33, 33, 33, 33, 33, 33, 33, 33, 33, 33, 33, 33, 33, 33, 33, 33, 33, 33, 33, 33, 33, 33, 33, 33, 33, 33, 33, 33, 33, 33, 33, 33, 33, 33, 33, 33, 33, 33, 33, 33, 33, 33, 33, 33, 33, 33, 33, 33, 33, 33, 33, 33, 33, 33, 33, 33, 33, 33, 33, 33, 33, 33, 33, 33, 33, 33, 33, 33, 33, 33, 33]",345,"[0.4099772274494171, 0.4031051993370056, 0.39885205030441284, 0.39534008502960205, 0.39270347356796265, 0.39011311531066895, 0.38795357942581177, 0.3859419524669647, 0.3843417763710022, 0.3828856348991394, 0.38159453868865967, 0.3803829550743103, 0.37927737832069397, 0.37830880284309387, 0.3775712549686432, 0.3764321506023407, 0.3756730258464813, 0.37483081221580505, 0.37410983443260193, 0.373294472694397, 0.3724727928638458, 0.37189018726348877, 0.3711415231227875, 0.3704192340373993, 0.3696737289428711, 0.3690027594566345, 0.3686751425266266, 0.3678275942802429, 0.36692172288894653, 0.36629176139831543, 0.36565348505973816, 0.3649144470691681, 0.36435049772262573, 0.3637407422065735, 0.36313149333000183, 0.3624589443206787, 0.36183321475982666, 0.3611973822116852, 0.36068370938301086, 0.36002999544143677, 0.35925978422164917, 0.35854026675224304, 0.35794612765312195, 0.35741302371025085, 0.35664206743240356, 0.356009304523468, 0.35547173023223877, 0.3553966283798218, 0.35421884059906006, 0.353479266166687, 0.35290658473968506, 0.3523455560207367, 0.3517674505710602, 0.35150566697120667, 0.3505987524986267, 0.3498190939426422, 0.3492000102996826, 0.34857288002967834, 0.3479478359222412, 0.34725865721702576, 0.34688472747802734, 0.34644371271133423, 0.3456645905971527, 0.34484872221946716, 0.34432801604270935, 0.3436509072780609, 0.34310534596443176, 0.34234514832496643, 0.3417840301990509, 0.341253399848938, 0.34045302867889404, 0.3400224447250366, 0.3392147123813629, 0.33859992027282715, 0.33805006742477417, 0.33716392517089844, 0.3365197479724884, 0.3360380530357361, 0.33538517355918884, 0.33450642228126526, 0.33377209305763245, 0.3332766592502594, 0.33247825503349304, 0.33187195658683777, 0.3311057686805725, 0.330445796251297, 0.3296167850494385, 0.3291695713996887, 0.3281589448451996, 0.32724615931510925, 0.3264804184436798, 0.32571589946746826, 0.3251552879810333, 0.3243963122367859, 0.323408842086792, 0.32265231013298035, 0.32213643193244934, 0.32168063521385193, 0.32035237550735474, 0.3192988634109497, 0.31846845149993896, 0.3178539574146271, 0.31689420342445374, 0.31624141335487366, 0.31558892130851746, 0.3143385648727417, 0.31351274251937866, 0.31258150935173035, 0.3114902377128601, 0.31062251329421997, 0.3097958564758301, 0.30910032987594604, 0.30789661407470703, 0.307163804769516, 0.3063679039478302, 0.3052852153778076, 0.30418556928634644, 0.30358007550239563, 0.30242621898651123, 0.3013758957386017, 0.300419420003891, 0.29972749948501587, 0.2986389696598053, 0.29769575595855713, 0.29692545533180237, 0.2959095239639282, 0.2949160039424896, 0.2939620018005371, 0.29303085803985596, 0.2919237017631531, 0.29111436009407043, 0.29021865129470825, 0.2891985774040222, 0.28820618987083435, 0.2871858477592468, 0.28624197840690613, 0.2852872610092163, 0.28434887528419495, 0.28373393416404724, 0.28269535303115845, 0.2821374237537384, 0.28089380264282227, 0.2804492712020874, 0.2793838381767273, 0.27886924147605896, 0.2775108516216278, 0.27679678797721863, 0.27583181858062744, 0.27551889419555664, 0.2741957902908325, 0.2734425663948059, 0.2728293538093567, 0.2718692123889923, 0.2711384892463684, 0.2702665627002716, 0.2698465883731842, 0.2689596712589264, 0.26834213733673096, 0.26762375235557556, 0.2669210135936737, 0.26606518030166626, 0.2653489410877228, 0.26476508378982544, 0.2642833888530731, 0.26365014910697937, 0.2627480626106262, 0.26220548152923584, 0.26179760694503784, 0.2611595392227173, 0.26031041145324707, 0.25983232259750366, 0.2591838240623474, 0.2589515745639801, 0.25822913646698, 0.2576301693916321, 0.25737881660461426, 0.2566281259059906, 0.2561119496822357, 0.2555118799209595, 0.2549551725387573, 0.2543991208076477, 0.2541472315788269, 0.25378257036209106, 0.25291985273361206, 0.25263115763664246, 0.2521171569824219, 0.25149786472320557, 0.2513992190361023, 0.250764936208725, 0.2501107156276703, 0.2502070665359497, 0.2497038096189499, 0.2489812672138214, 0.24874082207679749, 0.24826975166797638, 0.24766097962856293, 0.24708963930606842, 0.24682186543941498, 0.24650993943214417, 0.2459225207567215, 0.24575944244861603, 0.24540232121944427, 0.24479623138904572, 0.24442817270755768, 0.2440507858991623, 0.2440236657857895, 0.24335812032222748, 0.24276188015937805, 0.2426760047674179, 0.2421707957983017, 0.24177047610282898, 0.24156111478805542, 0.24112975597381592, 0.2408907115459442, 0.24072878062725067, 0.24032463133335114, 0.23955747485160828, 0.2395167350769043, 0.2393776774406433, 0.2391950786113739, 0.23846042156219482, 0.23818457126617432, 0.23829220235347748, 0.2376200258731842, 0.2372319996356964, 0.23700113594532013, 0.23637306690216064, 0.2361983358860016, 0.236013263463974, 0.23564720153808594, 0.235534206032753, 0.2348576933145523, 0.2351885735988617, 0.23496191203594208, 0.23468588292598724, 0.23426401615142822, 0.23404783010482788, 0.23364408314228058, 0.23312996327877045, 0.2334175556898117, 0.23289862275123596, 0.23241688311100006, 0.232325941324234, 0.23217743635177612, 0.2319524735212326, 0.23159272968769073, 0.23128783702850342, 0.2307358682155609, 0.23034170269966125, 0.23039914667606354, 0.2299419343471527, 0.22948746383190155, 0.22938406467437744, 0.2292649894952774, 0.2289850413799286, 0.22955913841724396, 0.22889049351215363, 0.22870132327079773, 0.2282143086194992, 0.22800606489181519, 0.22763317823410034, 0.22783918678760529, 0.22761057317256927, 0.22662389278411865, 0.22679315507411957, 0.22690530121326447, 0.2263163924217224, 0.22640922665596008, 0.2261657565832138, 0.22609882056713104, 0.22584274411201477, 0.2255641371011734, 0.2253515124320984, 0.22590702772140503, 0.22469118237495422, 0.22471994161605835, 0.22416871786117554, 0.22420081496238708, 0.22445079684257507, 0.22384515404701233, 0.22397245466709137, 0.22312381863594055, 0.22327657043933868, 0.22317838668823242, 0.22295674681663513, 0.22303029894828796, 0.22270217537879944, 0.22242902219295502, 0.2221505045890808, 0.2220480889081955, 0.22145551443099976, 0.222063809633255, 0.22177888453006744, 0.2217598408460617, 0.22174963355064392, 0.22127185761928558, 0.2210542857646942, 0.220696359872818, 0.2202283889055252, 0.22060373425483704, 0.2200424075126648, 0.22013694047927856, 0.21965880692005157, 0.219668447971344, 0.21870535612106323, 0.21928128600120544, 0.21978281438350677, 0.21903276443481445, 0.21876829862594604, 0.2194487601518631, 0.21896503865718842, 0.2187185436487198, 0.21810588240623474, 0.21834291517734528, 0.21811622381210327, 0.2182500958442688, 0.2178283929824829, 0.21784237027168274, 0.2177799940109253, 0.21780794858932495, 0.2175956517457962, 0.21780523657798767, 0.21705523133277893, 0.21736779808998108, 0.21706083416938782, 0.2171269655227661, 0.21673333644866943, 0.2167365998029709, 0.21644535660743713, 0.21633125841617584, 0.21631614863872528, 0.21657542884349823, 0.21570461988449097, 0.2156708687543869, 0.2164636254310608, 0.2154330313205719, 0.21609680354595184, 0.2162625938653946, 0.21576383709907532, 0.21520084142684937, 0.21522678434848785, 0.21524369716644287, 0.21502338349819183, 0.21535436809062958, 0.2150953710079193]",33.0,"[33.0, 33.0, 33.0, 33.0, 33.0, 33.0, 33.0, 33.0, 33.0, 33.0, 33.0, 33.0, 33.0, 33.0, 33.0, 33.0, 33.0, 33.0, 33.0, 33.0, 33.0, 33.0, 33.0, 33.0, 33.0, 33.0, 33.0, 33.0, 33.0, 33.0, 33.0, 33.0, 33.0, 33.0, 33.0, 33.0, 33.0, 33.0, 33.0, 33.0, 33.0, 33.0, 33.0, 33.0, 33.0, 33.0, 33.0, 33.0, 33.0, 33.0, 33.0, 33.0, 33.0, 33.0, 33.0, 33.0, 33.0, 33.0, 33.0, 33.0, 33.0, 33.0, 33.0, 33.0, 33.0, 33.0, 33.0, 33.0, 33.0, 33.0, 33.0, 33.0, 33.0, 33.0, 33.0, 33.0, 33.0, 33.0, 33.0, 33.0, 33.0, 33.0, 33.0, 33.0, 33.0, 33.0, 33.0, 33.0, 33.0, 33.0, 33.0, 33.0, 33.0, 33.0, 33.0, 33.0, 33.0, 33.0, 33.0, 33.0, 33.0, 33.0, 33.0, 33.0, 33.0, 33.0, 33.0, 33.0, 33.0, 33.0, 33.0, 33.0, 33.0, 33.0, 33.0, 33.0, 33.0, 33.0, 33.0, 33.0, 33.0, 33.0, 33.0, 33.0, 33.0, 33.0, 33.0, 33.0, 33.0, 33.0, 33.0, 33.0, 33.0, 33.0, 33.0, 33.0, 33.0, 33.0, 33.0, 33.0, 33.0, 33.0, 33.0, 33.0, 33.0, 33.0, 33.0, 33.0, 33.0, 33.0, 33.0, 33.0, 33.0, 33.0, 33.0, 33.0, 33.0, 33.0, 33.0, 33.0, 33.0, 33.0, 33.0, 33.0, 33.0, 33.0, 33.0, 33.0, 33.0, 33.0, 33.0, 33.0, 33.0, 33.0, 33.0, 33.0, 33.0, 33.0, 33.0, 33.0, 33.0, 33.0, 33.0, 33.0, 33.0, 33.0, 33.0, 33.0, 33.0, 33.0, 33.0, 33.0, 33.0, 33.0, 33.0, 33.0, 33.0, 33.0, 33.0, 33.0, 33.0, 33.0, 33.0, 33.0, 33.0, 33.0, 33.0, 33.0, 33.0, 33.0, 33.0, 33.0, 33.0, 33.0, 33.0, 33.0, 33.0, 33.0, 33.0, 33.0, 33.0, 33.0, 33.0, 33.0, 33.0, 33.0, 33.0, 33.0, 33.0, 33.0, 33.0, 33.0, 33.0, 33.0, 33.0, 33.0, 33.0, 33.0, 33.0, 33.0, 33.0, 33.0, 33.0, 33.0, 33.0, 33.0, 33.0, 33.0, 33.0, 33.0, 33.0, 33.0, 33.0, 33.0, 33.0, 33.0, 33.0, 33.0, 33.0, 33.0, 33.0, 33.0, 33.0, 33.0, 33.0, 33.0, 33.0, 33.0, 33.0, 33.0, 33.0, 33.0, 33.0, 33.0, 33.0, 33.0, 33.0, 33.0, 33.0, 33.0, 33.0, 33.0, 33.0, 33.0, 33.0, 33.0, 33.0, 33.0, 33.0, 33.0, 33.0, 33.0, 33.0, 33.0, 33.0, 33.0, 33.0, 33.0, 33.0, 33.0, 33.0, 33.0, 33.0, 33.0, 33.0, 33.0, 33.0, 33.0, 33.0, 33.0, 33.0, 33.0, 33.0, 33.0, 33.0, 33.0, 33.0, 33.0, 33.0, 33.0, 33.0, 33.0, 33.0, 33.0, 33.0, 33.0, 33.0, 33.0, 33.0, 33.0, 33.0, 33.0, 33.0, 33.0, 33.0, 33.0, 33.0, 33.0, 33.0, 33.0, 33.0, 33.0, 33.0, 33.0, 33.0]",COMPLETE
