,number,value,datetime_start,datetime_complete,duration,params_batch_size_scaler,params_constant_learning_rate,params_depth,params_epochs,params_kernel_l2,params_num_trees,params_temperature,user_attrs_accuracy_test,user_attrs_accuracy_valid,user_attrs_approximate_feature_sparsity,user_attrs_approximate_feature_sparsity_history,user_attrs_approximate_weight_sparsity,user_attrs_approximate_weight_sparsity_history,user_attrs_auc_test,user_attrs_auc_valid,user_attrs_feature_sparsity,user_attrs_feature_sparsity_history,user_attrs_num_epochs,user_attrs_val_loss_history,user_attrs_weight_sparsity,user_attrs_weight_sparsity_history,state
126,126,0.9292808285349925,2024-08-31 06:08:19.092914,2024-08-31 06:14:03.535546,0 days 00:05:44.442632,1,0.13651001419804282,4,430,0.010558287457225316,58,0.009490077800377326,0.933,0.93375,33,"[33, 33, 33, 33, 33, 33, 33, 33, 33, 33, 33, 33, 33, 33, 33, 33, 33, 33, 33, 33, 33, 33, 33, 33, 33, 33, 33, 33, 33, 33, 33, 33, 33, 33, 33, 33, 33, 33, 33, 33, 33, 33, 33, 33, 33, 33, 33, 33, 33, 33, 33, 33, 33, 33, 33, 33, 33, 33, 33, 33, 33, 33, 33, 33, 33, 33, 33, 33, 33, 33, 33, 33, 33, 33, 33, 33, 33, 33, 33, 33, 33, 33, 33, 33, 33, 33, 33, 33, 33, 33, 33, 33, 33, 33, 33, 33, 33, 33, 33, 33, 33, 33, 33, 33, 33, 33, 33, 33, 33, 33, 33, 33, 33, 33, 33, 33, 33, 33, 33, 33, 33, 33, 33, 33, 33, 33, 33, 33, 33, 33, 33, 33, 33, 33, 33, 33, 33, 33, 33, 33, 33, 33, 33, 33, 33, 33, 33, 33, 33, 33, 33, 33, 33, 33, 33, 33, 33, 33, 33, 33, 33, 33, 33, 33, 33, 33, 33, 33, 33, 33, 33, 33, 33, 33, 33, 33, 33, 33, 33, 33, 33, 33, 33, 33, 33, 33, 33, 33, 33, 33, 33, 33, 33, 33, 33, 33, 33, 33, 33, 33, 33, 33, 33, 33, 33, 33, 33, 33, 33, 33, 33, 33, 33, 33, 33, 33, 33, 33, 33, 33, 33, 33, 33, 33, 33, 33, 33, 33, 33, 33, 33, 33, 33, 33, 33, 33, 33, 33, 33, 33, 33, 33, 33, 33, 33, 33, 33, 33, 33, 33, 33, 33, 33, 33, 33, 33, 33, 33, 33, 33, 33, 33, 33, 33, 33, 33, 33, 33, 33, 33, 33, 33, 33, 33, 33, 33, 33, 33, 33, 33, 33, 33, 33, 33, 33, 33, 33, 33, 33, 33, 33, 33, 33, 33, 33, 33, 33, 33, 33, 33, 33, 33, 33, 33, 33, 33, 33, 33, 33, 33, 33, 33, 33, 33, 33, 33, 33, 33, 33, 33, 33, 33, 33, 33, 33, 33, 33, 33, 33, 33, 33, 33, 33, 33, 33, 33, 33, 33, 33, 33, 33, 33, 33, 33, 33, 33, 33, 33, 33, 33, 33, 33, 33, 33, 33, 33, 33, 33, 33, 33, 33, 33, 33, 33, 33, 33, 33, 33, 33, 33, 33, 33, 33, 33, 33, 33, 33, 33, 33, 33, 33, 33, 33, 33, 33, 33, 33, 33, 33, 33, 33, 33, 33, 33, 33, 33, 33, 33, 33, 33, 33, 33, 33, 33, 33, 33, 33, 33, 33, 33, 33, 33, 33, 33, 33, 33, 33, 33, 33, 33, 33, 33, 33, 33, 33, 33, 33, 33, 33, 33]",32.94942528735633,"[32.96091954022989, 32.9632183908046, 32.9632183908046, 32.97126436781609, 32.96436781609196, 32.96781609195402, 32.95287356321839, 32.95632183908046, 32.95977011494253, 32.95057471264368, 32.95747126436782, 32.95517241379311, 32.95977011494253, 32.94942528735632, 32.96666666666667, 32.96091954022989, 32.95402298850575, 32.96206896551724, 32.96091954022989, 32.9632183908046, 32.94942528735632, 32.9632183908046, 32.95287356321839, 32.94712643678161, 32.95172413793104, 32.95172413793103, 32.95057471264368, 32.9448275862069, 32.95977011494253, 32.95057471264368, 32.96896551724138, 32.95862068965518, 32.95747126436782, 32.95057471264368, 32.94942528735633, 32.95517241379311, 32.9632183908046, 32.94827586206897, 32.96551724137932, 32.95862068965518, 32.9551724137931, 32.9632183908046, 32.97126436781609, 32.94597701149425, 32.95862068965517, 32.95402298850575, 32.97241379310345, 32.95977011494253, 32.95862068965518, 32.95977011494253, 32.95632183908046, 32.96091954022988, 32.96091954022989, 32.96206896551725, 32.95747126436782, 32.95287356321839, 32.95977011494253, 32.95747126436782, 32.96551724137931, 32.95862068965518, 32.96091954022989, 32.9551724137931, 32.9632183908046, 32.95747126436782, 32.96551724137931, 32.96896551724138, 32.96781609195402, 32.9551724137931, 32.96436781609195, 32.95977011494253, 32.97011494252874, 32.95977011494253, 32.96896551724138, 32.97126436781609, 32.96551724137931, 32.96206896551724, 32.97241379310345, 32.95862068965518, 32.97126436781609, 32.97356321839081, 32.96896551724138, 32.97471264367816, 32.97586206896552, 32.96896551724138, 32.97126436781609, 32.96551724137931, 32.96896551724138, 32.96206896551724, 32.97126436781609, 32.96091954022989, 32.97011494252874, 32.9632183908046, 32.9632183908046, 32.96091954022989, 32.96551724137931, 32.95747126436782, 32.96206896551724, 32.94712643678161, 32.96091954022989, 32.95747126436782, 32.95977011494253, 32.96666666666667, 32.96781609195402, 32.96091954022989, 32.95977011494253, 32.95402298850575, 32.95517241379311, 32.95862068965517, 32.95632183908046, 32.95862068965518, 32.95977011494253, 32.94827586206897, 32.96206896551724, 32.95747126436782, 32.96666666666667, 32.9632183908046, 32.97011494252874, 32.96091954022988, 32.95747126436782, 32.96091954022989, 32.95057471264368, 32.95287356321839, 32.96206896551724, 32.95287356321839, 32.95977011494253, 32.96896551724138, 32.96781609195402, 32.96436781609196, 32.97011494252874, 32.96091954022989, 32.97126436781609, 32.95862068965518, 32.96781609195403, 32.96091954022989, 32.96781609195402, 32.96436781609195, 32.96206896551724, 32.96206896551724, 32.96091954022989, 32.96551724137931, 32.9551724137931, 32.95747126436782, 32.95977011494253, 32.95057471264368, 32.95402298850575, 32.95517241379311, 32.95747126436782, 32.95402298850575, 32.95517241379311, 32.95287356321839, 32.96091954022989, 32.95977011494253, 32.96781609195403, 32.96206896551725, 32.96436781609195, 32.96091954022988, 32.96206896551724, 32.96091954022988, 32.95862068965518, 32.95287356321839, 32.95172413793104, 32.9551724137931, 32.95747126436782, 32.95977011494253, 32.96206896551725, 32.95517241379311, 32.96206896551725, 32.95747126436782, 32.95977011494253, 32.9448275862069, 32.95632183908046, 32.95402298850575, 32.95977011494253, 32.96436781609195, 32.95747126436782, 32.95747126436782, 32.95977011494253, 32.97011494252874, 32.96206896551725, 32.96666666666667, 32.95747126436782, 32.95172413793104, 32.95402298850575, 32.95977011494253, 32.95632183908046, 32.95862068965518, 32.95977011494253, 32.95402298850575, 32.95517241379311, 32.95862068965518, 32.95172413793104, 32.95977011494253, 32.94827586206897, 32.94597701149425, 32.95057471264368, 32.95402298850575, 32.9551724137931, 32.95747126436782, 32.95747126436781, 32.9632183908046, 32.95172413793103, 32.95402298850575, 32.95632183908046, 32.95287356321839, 32.95057471264368, 32.95402298850575, 32.95632183908046, 32.94712643678161, 32.95517241379311, 32.95517241379311, 32.95517241379311, 32.95747126436782, 32.95632183908046, 32.95402298850575, 32.95517241379311, 32.95172413793104, 32.95632183908046, 32.94597701149426, 32.94367816091954, 32.9448275862069, 32.94827586206897, 32.95287356321839, 32.95172413793104, 32.95402298850575, 32.94712643678161, 32.95632183908046, 32.94942528735633, 32.95632183908046, 32.94942528735632, 32.94137931034483, 32.94712643678161, 32.947126436781616, 32.94712643678161, 32.9448275862069, 32.94827586206897, 32.94712643678161, 32.94942528735632, 32.94942528735632, 32.94597701149426, 32.95057471264368, 32.94597701149425, 32.94712643678161, 32.94712643678161, 32.95172413793103, 32.94942528735632, 32.96206896551724, 32.95632183908046, 32.95632183908046, 32.9551724137931, 32.95287356321839, 32.95402298850575, 32.95632183908046, 32.95977011494253, 32.95747126436782, 32.95057471264368, 32.95862068965518, 32.95402298850575, 32.9528735632184, 32.95402298850575, 32.95747126436782, 32.94942528735633, 32.95517241379311, 32.96091954022989, 32.96206896551724, 32.96666666666667, 32.9632183908046, 32.95517241379311, 32.95517241379311, 32.95517241379311, 32.9551724137931, 32.95632183908046, 32.97011494252873, 32.96781609195402, 32.96666666666667, 32.9632183908046, 32.95977011494253, 32.96551724137931, 32.96551724137931, 32.96551724137931, 32.96781609195402, 32.96896551724138, 32.96436781609195, 32.96436781609195, 32.9632183908046, 32.95402298850575, 32.95172413793104, 32.95862068965517, 32.95402298850575, 32.95057471264368, 32.95747126436782, 32.9551724137931, 32.96206896551724, 32.9551724137931, 32.9632183908046, 32.96436781609195, 32.96551724137932, 32.9632183908046, 32.96206896551724, 32.96436781609196, 32.9632183908046, 32.96551724137931, 32.95632183908046, 32.95977011494253, 32.9632183908046, 32.96091954022989, 32.95747126436782, 32.95402298850575, 32.95747126436782, 32.96436781609195, 32.95747126436782, 32.9632183908046, 32.95862068965518, 32.9632183908046, 32.95862068965518, 32.95862068965518, 32.95977011494253, 32.95862068965518, 32.95862068965518, 32.96206896551724, 32.95517241379311, 32.9632183908046, 32.97011494252874, 32.96666666666667, 32.96781609195402, 32.96436781609196, 32.96551724137931, 32.9632183908046, 32.96206896551725, 32.96091954022989, 32.95977011494253, 32.9632183908046, 32.95402298850575, 32.9632183908046, 32.95632183908046, 32.95862068965518, 32.96091954022989, 32.96091954022989, 32.9632183908046, 32.96091954022989, 32.96206896551724, 32.95977011494253, 32.95862068965518, 32.95862068965518, 32.96436781609195, 32.96551724137931, 32.95862068965518, 32.95172413793104, 32.96206896551724, 32.96091954022988, 32.96091954022988, 32.95747126436782, 32.96436781609196, 32.95862068965517, 32.9632183908046, 32.96436781609195, 32.96091954022988, 32.96206896551724, 32.96091954022989, 32.96781609195402, 32.96666666666667, 32.96551724137931, 32.96551724137931, 32.97011494252874, 32.97011494252873, 32.95862068965518, 32.96551724137931, 32.96666666666667, 32.95632183908046, 32.96551724137931, 32.96436781609196, 32.97011494252874, 32.96206896551724, 32.96436781609196, 32.96091954022989, 32.96091954022989, 32.96206896551724, 32.95977011494253, 32.95632183908046, 32.95402298850575, 32.95517241379311, 32.95057471264368, 32.95172413793104, 32.94827586206896, 32.95287356321839, 32.95517241379311, 32.95977011494253, 32.94827586206897, 32.95747126436782, 32.9528735632184, 32.95517241379311, 32.95747126436782, 32.95632183908046, 32.95517241379311, 32.94942528735633, 32.95172413793104, 32.94942528735632, 32.95517241379311, 32.95287356321839, 32.95517241379311, 32.95632183908046, 32.95862068965518, 32.95287356321839, 32.95632183908046, 32.95172413793104, 32.95172413793104, 32.95057471264368, 32.95632183908046, 32.95402298850575, 32.9551724137931, 32.9551724137931, 32.95747126436782, 32.95862068965517, 32.95287356321839, 32.94712643678161, 32.94827586206897, 32.95517241379311, 32.95632183908046, 32.95402298850575, 32.95747126436782, 32.95172413793103, 32.95057471264368, 32.94712643678161, 32.94712643678161, 32.95057471264368, 32.94712643678161, 32.94827586206897, 32.95057471264368, 32.94942528735633, 32.94597701149426, 32.94942528735633]",0.900618400085866,0.9292808285349925,33,"[33, 33, 33, 33, 33, 33, 33, 33, 33, 33, 33, 33, 33, 33, 33, 33, 33, 33, 33, 33, 33, 33, 33, 33, 33, 33, 33, 33, 33, 33, 33, 33, 33, 33, 33, 33, 33, 33, 33, 33, 33, 33, 33, 33, 33, 33, 33, 33, 33, 33, 33, 33, 33, 33, 33, 33, 33, 33, 33, 33, 33, 33, 33, 33, 33, 33, 33, 33, 33, 33, 33, 33, 33, 33, 33, 33, 33, 33, 33, 33, 33, 33, 33, 33, 33, 33, 33, 33, 33, 33, 33, 33, 33, 33, 33, 33, 33, 33, 33, 33, 33, 33, 33, 33, 33, 33, 33, 33, 33, 33, 33, 33, 33, 33, 33, 33, 33, 33, 33, 33, 33, 33, 33, 33, 33, 33, 33, 33, 33, 33, 33, 33, 33, 33, 33, 33, 33, 33, 33, 33, 33, 33, 33, 33, 33, 33, 33, 33, 33, 33, 33, 33, 33, 33, 33, 33, 33, 33, 33, 33, 33, 33, 33, 33, 33, 33, 33, 33, 33, 33, 33, 33, 33, 33, 33, 33, 33, 33, 33, 33, 33, 33, 33, 33, 33, 33, 33, 33, 33, 33, 33, 33, 33, 33, 33, 33, 33, 33, 33, 33, 33, 33, 33, 33, 33, 33, 33, 33, 33, 33, 33, 33, 33, 33, 33, 33, 33, 33, 33, 33, 33, 33, 33, 33, 33, 33, 33, 33, 33, 33, 33, 33, 33, 33, 33, 33, 33, 33, 33, 33, 33, 33, 33, 33, 33, 33, 33, 33, 33, 33, 33, 33, 33, 33, 33, 33, 33, 33, 33, 33, 33, 33, 33, 33, 33, 33, 33, 33, 33, 33, 33, 33, 33, 33, 33, 33, 33, 33, 33, 33, 33, 33, 33, 33, 33, 33, 33, 33, 33, 33, 33, 33, 33, 33, 33, 33, 33, 33, 33, 33, 33, 33, 33, 33, 33, 33, 33, 33, 33, 33, 33, 33, 33, 33, 33, 33, 33, 33, 33, 33, 33, 33, 33, 33, 33, 33, 33, 33, 33, 33, 33, 33, 33, 33, 33, 33, 33, 33, 33, 33, 33, 33, 33, 33, 33, 33, 33, 33, 33, 33, 33, 33, 33, 33, 33, 33, 33, 33, 33, 33, 33, 33, 33, 33, 33, 33, 33, 33, 33, 33, 33, 33, 33, 33, 33, 33, 33, 33, 33, 33, 33, 33, 33, 33, 33, 33, 33, 33, 33, 33, 33, 33, 33, 33, 33, 33, 33, 33, 33, 33, 33, 33, 33, 33, 33, 33, 33, 33, 33, 33, 33, 33, 33, 33, 33, 33, 33, 33, 33, 33, 33, 33, 33, 33, 33, 33, 33, 33, 33, 33]",430,"[0.37119752168655396, 0.36482131481170654, 0.3529064655303955, 0.3421522378921509, 0.33736854791641235, 0.3330564498901367, 0.31593701243400574, 0.30269575119018555, 0.2933461666107178, 0.27883607149124146, 0.27219951152801514, 0.2618858814239502, 0.2531313896179199, 0.24652190506458282, 0.24782942235469818, 0.24181091785430908, 0.23567207157611847, 0.2333631068468094, 0.2280004918575287, 0.22869741916656494, 0.2222658395767212, 0.21735751628875732, 0.21438510715961456, 0.21299397945404053, 0.2114206850528717, 0.2107819765806198, 0.2132636308670044, 0.20494671165943146, 0.2012707144021988, 0.20303285121917725, 0.20719780027866364, 0.20248554646968842, 0.20219919085502625, 0.1966978907585144, 0.20416715741157532, 0.19365651905536652, 0.19555895030498505, 0.19282402098178864, 0.1964179277420044, 0.19441059231758118, 0.19428354501724243, 0.19390909373760223, 0.18960033357143402, 0.1865820437669754, 0.1920086145401001, 0.19013692438602448, 0.1942751556634903, 0.19524626433849335, 0.18644094467163086, 0.18713711202144623, 0.1839885264635086, 0.1808578073978424, 0.18633265793323517, 0.18563216924667358, 0.18848492205142975, 0.18437699973583221, 0.18078778684139252, 0.18154846131801605, 0.1790665239095688, 0.18335425853729248, 0.18554484844207764, 0.1881435215473175, 0.18570223450660706, 0.1882568895816803, 0.18447047472000122, 0.17940104007720947, 0.1841478794813156, 0.19144508242607117, 0.18195433914661407, 0.1906917691230774, 0.18027549982070923, 0.17800834774971008, 0.18479736149311066, 0.18327340483665466, 0.17441220581531525, 0.17803026735782623, 0.17870564758777618, 0.1828037053346634, 0.18421296775341034, 0.1811933070421219, 0.18276916444301605, 0.18051476776599884, 0.17464633285999298, 0.17724914848804474, 0.17342303693294525, 0.17509694397449493, 0.17797845602035522, 0.18892253935337067, 0.17531415820121765, 0.18169265985488892, 0.17862024903297424, 0.18521000444889069, 0.1793544441461563, 0.18121902644634247, 0.1723966747522354, 0.18518264591693878, 0.17632482945919037, 0.17644575238227844, 0.17865870893001556, 0.18530942499637604, 0.18330322206020355, 0.18129976093769073, 0.18328434228897095, 0.18349416553974152, 0.1772921234369278, 0.1763373762369156, 0.17257164418697357, 0.1742568165063858, 0.18654941022396088, 0.1762816458940506, 0.18249328434467316, 0.18884673714637756, 0.18212680518627167, 0.17581863701343536, 0.19265270233154297, 0.17755310237407684, 0.1809474229812622, 0.17606180906295776, 0.17746053636074066, 0.17830099165439606, 0.1750687062740326, 0.17561735212802887, 0.17684277892112732, 0.17561054229736328, 0.18667937815189362, 0.18638017773628235, 0.18710584938526154, 0.19065627455711365, 0.17858973145484924, 0.1814042329788208, 0.18054282665252686, 0.1889287829399109, 0.19019542634487152, 0.18506726622581482, 0.18400949239730835, 0.18339475989341736, 0.18250282108783722, 0.18940669298171997, 0.18065829575061798, 0.18243451416492462, 0.19132336974143982, 0.18275941908359528, 0.19420692324638367, 0.1909940540790558, 0.1885472536087036, 0.1891787350177765, 0.18660345673561096, 0.187679722905159, 0.20930004119873047, 0.18815065920352936, 0.1880153864622116, 0.1861598789691925, 0.1886037439107895, 0.19699491560459137, 0.19332952797412872, 0.19485412538051605, 0.1962672472000122, 0.19145448505878448, 0.19393953680992126, 0.19109663367271423, 0.19768674671649933, 0.1997072547674179, 0.20246033370494843, 0.2086007297039032, 0.20028603076934814, 0.20147158205509186, 0.19833606481552124, 0.2043953686952591, 0.19787360727787018, 0.195998877286911, 0.20204778015613556, 0.2052968442440033, 0.2054385244846344, 0.20864413678646088, 0.20564179122447968, 0.20696787536144257, 0.2083796262741089, 0.2028602659702301, 0.20585720241069794, 0.20923852920532227, 0.20993423461914062, 0.20692066848278046, 0.2111276239156723, 0.2124505192041397, 0.2068992406129837, 0.20868591964244843, 0.20862218737602234, 0.20751167833805084, 0.2184479832649231, 0.2137165665626526, 0.2139683961868286, 0.2242661714553833, 0.21994751691818237, 0.21558119356632233, 0.21826565265655518, 0.22682809829711914, 0.22145219147205353, 0.21871381998062134, 0.22724351286888123, 0.22147729992866516, 0.22788260877132416, 0.2298087626695633, 0.22075293958187103, 0.22465653717517853, 0.24312162399291992, 0.22412632405757904, 0.22577306628227234, 0.23045417666435242, 0.23202216625213623, 0.24185973405838013, 0.2284351885318756, 0.23111125826835632, 0.23910489678382874, 0.23280777037143707, 0.23770493268966675, 0.23582369089126587, 0.2483985275030136, 0.24027934670448303, 0.23651307821273804, 0.23850513994693756, 0.24268390238285065, 0.23819780349731445, 0.24752016365528107, 0.24516962468624115, 0.245987668633461, 0.2441062033176422, 0.24746985733509064, 0.24851471185684204, 0.24549829959869385, 0.25367215275764465, 0.25929999351501465, 0.2537536919116974, 0.24717475473880768, 0.24948909878730774, 0.2522432804107666, 0.25541794300079346, 0.2554962635040283, 0.25358331203460693, 0.25736117362976074, 0.25520047545433044, 0.2523694932460785, 0.2539026439189911, 0.2555572986602783, 0.2617736756801605, 0.25575459003448486, 0.25681447982788086, 0.2628243565559387, 0.2610393166542053, 0.26151007413864136, 0.2641667127609253, 0.25848624110221863, 0.26440978050231934, 0.2630939185619354, 0.26457932591438293, 0.26137495040893555, 0.26861825585365295, 0.26405972242355347, 0.27075737714767456, 0.2670072317123413, 0.26584646105766296, 0.2687048614025116, 0.26899388432502747, 0.26858630776405334, 0.27183905243873596, 0.2704671025276184, 0.27406126260757446, 0.2763599455356598, 0.2746407687664032, 0.2760986089706421, 0.2754564881324768, 0.27187711000442505, 0.2733592092990875, 0.27893027663230896, 0.2761746644973755, 0.2755386233329773, 0.2788790762424469, 0.2790517508983612, 0.27902692556381226, 0.2804020643234253, 0.28105029463768005, 0.28327032923698425, 0.2861827611923218, 0.28085124492645264, 0.28780537843704224, 0.28256839513778687, 0.2905104458332062, 0.2859109938144684, 0.28645601868629456, 0.286996454000473, 0.2900906503200531, 0.28756436705589294, 0.2894824147224426, 0.2905636429786682, 0.2881879508495331, 0.2909865081310272, 0.2906607389450073, 0.2933167815208435, 0.2910158038139343, 0.29286983609199524, 0.29492831230163574, 0.29437369108200073, 0.29081594944000244, 0.29332518577575684, 0.2954985499382019, 0.29271769523620605, 0.29702138900756836, 0.2928863763809204, 0.29874080419540405, 0.2978570759296417, 0.2965853810310364, 0.2995325028896332, 0.2974853217601776, 0.2973549962043762, 0.29765892028808594, 0.29901936650276184, 0.30183085799217224, 0.301479309797287, 0.30296316742897034, 0.30058592557907104, 0.3006899356842041, 0.3016725778579712, 0.3048160672187805, 0.30427417159080505, 0.3056037127971649, 0.30474579334259033, 0.3034408688545227, 0.3062986135482788, 0.30437707901000977, 0.30659741163253784, 0.30756375193595886, 0.3073815107345581, 0.30514657497406006, 0.312407523393631, 0.30797651410102844, 0.3105277121067047, 0.3085491955280304, 0.3119935393333435, 0.3094550371170044, 0.3121778964996338, 0.30981114506721497, 0.3105904459953308, 0.3110688030719757, 0.311661034822464, 0.309480756521225, 0.31233498454093933, 0.31144246459007263, 0.31400179862976074, 0.3150641918182373, 0.31478846073150635, 0.31369781494140625, 0.31500735878944397, 0.31544533371925354, 0.31598252058029175, 0.3162739872932434, 0.31708040833473206, 0.31652262806892395, 0.3193325102329254, 0.31620877981185913, 0.31984031200408936, 0.3178558945655823, 0.3170299828052521, 0.31859034299850464, 0.32015320658683777, 0.32059386372566223, 0.3181456923484802, 0.31879639625549316, 0.3186212480068207, 0.3202308416366577, 0.31996285915374756, 0.32197630405426025, 0.32002174854278564, 0.32107898592948914, 0.32328087091445923, 0.32197171449661255, 0.3248385488986969, 0.32380223274230957, 0.3227698802947998, 0.32414519786834717, 0.32440412044525146, 0.32413169741630554, 0.32563716173171997, 0.3254565894603729, 0.3287893533706665, 0.32633060216903687, 0.3247123658657074, 0.3256060481071472, 0.3280959725379944, 0.3264462351799011, 0.3278088867664337, 0.32731953263282776, 0.3278715908527374, 0.3274202048778534, 0.3272162973880768, 0.32768455147743225, 0.32879042625427246, 0.32819437980651855, 0.3292839527130127, 0.3286293148994446, 0.32999148964881897, 0.3298826217651367, 0.329890638589859, 0.33044013381004333, 0.3287641406059265, 0.3310958445072174, 0.3314644694328308, 0.33182117342948914, 0.3307735025882721, 0.3332560360431671, 0.3320275843143463, 0.3305734694004059, 0.33319664001464844, 0.33162060379981995, 0.3326236307621002, 0.3347660005092621, 0.33495453000068665, 0.33471453189849854, 0.33472752571105957, 0.33399903774261475, 0.3334372341632843, 0.33374568819999695, 0.334410697221756, 0.33626267313957214, 0.3354475498199463, 0.3375285863876343, 0.3367273807525635, 0.3352363705635071, 0.3356698751449585, 0.3364458382129669, 0.3372727334499359, 0.3361692726612091]",33.0,"[33.0, 33.0, 33.0, 33.0, 33.0, 33.0, 33.0, 33.0, 33.0, 33.0, 33.0, 33.0, 33.0, 33.0, 33.0, 33.0, 33.0, 33.0, 33.0, 33.0, 33.0, 33.0, 33.0, 33.0, 33.0, 33.0, 33.0, 33.0, 33.0, 33.0, 33.0, 33.0, 33.0, 33.0, 33.0, 33.0, 33.0, 33.0, 33.0, 33.0, 33.0, 33.0, 33.0, 33.0, 33.0, 33.0, 33.0, 33.0, 33.0, 33.0, 33.0, 33.0, 33.0, 33.0, 33.0, 33.0, 33.0, 33.0, 33.0, 33.0, 33.0, 33.0, 33.0, 33.0, 33.0, 33.0, 33.0, 33.0, 33.0, 33.0, 33.0, 33.0, 33.0, 33.0, 33.0, 33.0, 33.0, 33.0, 33.0, 33.0, 33.0, 33.0, 33.0, 33.0, 33.0, 33.0, 33.0, 33.0, 33.0, 33.0, 33.0, 33.0, 33.0, 33.0, 33.0, 33.0, 33.0, 33.0, 33.0, 33.0, 33.0, 33.0, 33.0, 33.0, 33.0, 33.0, 33.0, 33.0, 33.0, 33.0, 33.0, 33