,number,value,datetime_start,datetime_complete,duration,params_batch_size_scaler,params_constant_learning_rate,params_depth,params_epochs,params_kernel_l2,params_num_trees,params_temperature,user_attrs_accuracy_test,user_attrs_accuracy_valid,user_attrs_approximate_feature_sparsity,user_attrs_approximate_feature_sparsity_history,user_attrs_approximate_weight_sparsity,user_attrs_approximate_weight_sparsity_history,user_attrs_auc_test,user_attrs_auc_valid,user_attrs_feature_sparsity,user_attrs_feature_sparsity_history,user_attrs_num_epochs,user_attrs_val_loss_history,user_attrs_weight_sparsity,user_attrs_weight_sparsity_history,state
74,74,0.9319215261944326,2024-08-31 03:18:51.229608,2024-08-31 03:44:42.213374,0 days 00:25:50.983766,1,0.053399304993121254,6,405,0.14132704096919343,82,0.006358736384971355,0.944,0.9475,33,"[33, 33, 33, 33, 33, 33, 33, 33, 33, 33, 33, 33, 33, 33, 33, 33, 33, 33, 33, 33, 33, 33, 33, 33, 33, 33, 33, 33, 33, 33, 33, 33, 33, 33, 33, 33, 33, 33, 33, 33, 33, 33, 33, 33, 33, 33, 33, 33, 33, 33, 33, 33, 33, 33, 33, 33, 33, 33, 33, 33, 33, 33, 33, 33, 33, 33, 33, 33, 33, 33, 33, 33, 33, 33, 33, 33, 33, 33, 33, 33, 33, 33, 33, 33, 33, 33, 33, 33, 33, 33, 33, 33, 33, 33, 33, 33, 33, 33, 33, 33, 33, 33, 33, 33, 33, 33, 33, 33, 33, 33, 33, 33, 33, 33, 33, 33, 33, 33, 33, 33, 33, 33, 33, 33, 33, 33, 33, 33, 33, 33, 33, 33, 33, 33, 33, 33, 33, 33, 33, 33, 33, 33, 33, 33, 33, 33, 33, 33, 33, 33, 33, 33, 33, 33, 33, 33, 33, 33, 33, 33, 33, 33, 33, 33, 33, 33, 33, 33, 33, 33, 33, 33, 33, 33, 33, 33, 33, 33, 33, 33, 33, 33, 33, 33, 33, 33, 33, 33, 33, 33, 33, 33, 33, 33, 33, 33, 33, 33, 33, 33, 33, 33, 33, 33, 33, 33, 33, 33, 33, 33, 33, 33, 33, 33, 33, 33, 33, 33, 33, 33, 33, 33, 33, 33, 33, 33, 33, 33, 33, 33, 33, 33, 33, 33, 33, 33, 33, 33, 33, 33, 33, 33, 33, 33, 33, 33, 33, 33, 33, 33, 33, 33, 33, 33, 33, 33, 33, 33, 33, 33, 33, 33, 33, 33, 33, 33, 33, 33, 33, 33, 33, 33, 33, 33, 33, 33, 33, 33, 33, 33, 33, 33, 33, 33, 33, 33, 33, 33, 33, 33, 33, 33, 33, 33, 33, 33, 33, 33, 33, 33, 33, 33, 33, 33, 33, 33, 33, 33, 33, 33, 33, 33, 33, 33, 33, 33, 33, 33, 33, 33, 33, 33, 33, 33, 33, 33, 33, 33, 33, 33, 33, 33, 33, 33, 33, 33, 33, 33, 33, 33, 33, 33, 33, 33, 33, 33, 33, 33, 33, 33, 33, 33, 33, 33, 33, 33, 33, 33, 33, 33, 33, 33, 33, 33, 33, 33, 33, 33, 33, 33, 33, 33, 33, 33, 33, 33, 33, 33, 33, 33, 33, 33, 33, 33, 33, 33, 33, 33, 33, 33, 33, 33, 33, 33, 33, 33, 33, 33, 33, 33, 33, 33, 33, 33, 33]",32.89527680991095,"[32.90998838559814, 32.90572977158343, 32.90495547812621, 32.90166473093302, 32.90263259775455, 32.90708478513356, 32.90534262485482, 32.90108401084011, 32.89972899728997, 32.89779326364692, 32.89934185056136, 32.89914827719706, 32.897212543554005, 32.90166473093302, 32.89818041037553, 32.89585753000387, 32.898567557104144, 32.89740611691831, 32.89914827719706, 32.90108401084011, 32.89740611691831, 32.89217963608207, 32.900503290747196, 32.90689121176926, 32.903406891211766, 32.901471157568714, 32.89895470383275, 32.90282617111885, 32.901277584204415, 32.89876113046845, 32.90514905149051, 32.90379403794038, 32.90263259775455, 32.90534262485482, 32.90360046457607, 32.908826945412315, 32.90882694541231, 32.907471931862176, 32.90572977158343, 32.90727835849787, 32.906310491676344, 32.9006968641115, 32.89876113046845, 32.89934185056136, 32.902051877661634, 32.89953542392566, 32.90050329074719, 32.9084397986837, 32.90592334494774, 32.90360046457607, 32.905729771583424, 32.904761904761905, 32.907471931862176, 32.90495547812621, 32.90572977158343, 32.90882694541231, 32.907471931862176, 32.90379403794038, 32.90940766550523, 32.90863337204801, 32.906310491676344, 32.90379403794038, 32.90572977158343, 32.904761904761905, 32.902051877661634, 32.90572977158343, 32.9084397986837, 32.90708478513356, 32.90766550522648, 32.90998838559814, 32.90495547812621, 32.904761904761905, 32.90108401084011, 32.90166473093302, 32.905536198219124, 32.907471931862176, 32.9008904374758, 32.90108401084011, 32.90321331784747, 32.906116918312044, 32.90514905149051, 32.904955478126205, 32.90379403794038, 32.90611691831204, 32.90611691831204, 32.91018195896245, 32.908826945412315, 32.90998838559814, 32.91114982578397, 32.90650406504065, 32.906310491676344, 32.90863337204801, 32.91076267905536, 32.91037553232675, 32.909020518776614, 32.91114982578397, 32.90785907859078, 32.913085559427024, 32.91424699961285, 32.91250483933411, 32.907471931862176, 32.908826945412315, 32.90592334494774, 32.90224545102594, 32.90263259775455, 32.90495547812621, 32.90650406504065, 32.90534262485482, 32.9084397986837, 32.90979481223384, 32.910956252419666, 32.91076267905537, 32.90940766550523, 32.90805265195509, 32.910956252419666, 32.90805265195509, 32.907471931862176, 32.903987611304686, 32.90379403794038, 32.90689121176926, 32.90669763840496, 32.909794812233834, 32.91463414634146, 32.91269841269842, 32.912504839334105, 32.91018195896245, 32.90708478513357, 32.90611691831204, 32.90960123886953, 32.91192411924119, 32.90611691831204, 32.90592334494773, 32.904181184668985, 32.90669763840495, 32.90572977158343, 32.90514905149051, 32.89895470383275, 32.89759969028262, 32.90205187766163, 32.90011614401858, 32.90224545102594, 32.90534262485482, 32.903406891211766, 32.90185830429733, 32.90243902439025, 32.89895470383275, 32.9008904374758, 32.90282617111885, 32.90030971738289, 32.90360046457607, 32.90495547812621, 32.90030971738289, 32.90418118466899, 32.90108401084011, 32.90224545102594, 32.90379403794038, 32.90282617111885, 32.90224545102594, 32.90360046457607, 32.906310491676344, 32.90301974448315, 32.907471931862176, 32.90689121176926, 32.90669763840496, 32.903987611304686, 32.90243902439025, 32.901277584204415, 32.90379403794038, 32.90495547812621, 32.90572977158343, 32.909020518776614, 32.90379403794038, 32.901471157568714, 32.9045683313976, 32.905536198219124, 32.90321331784746, 32.90689121176926, 32.90437475803329, 32.90437475803329, 32.90224545102594, 32.90243902439024, 32.902051877661634, 32.89953542392567, 32.90011614401858, 32.90166473093302, 32.90108401084011, 32.900503290747196, 32.901277584204415, 32.90263259775455, 32.89837398373984, 32.89895470383276, 32.89876113046844, 32.89914827719706, 32.897212543554005, 32.89759969028262, 32.9006968641115, 32.89934185056136, 32.89895470383275, 32.899922570654276, 32.90243902439024, 32.897793263646925, 32.897212543554005, 32.898567557104144, 32.89934185056136, 32.89972899728998, 32.90224545102594, 32.9008904374758, 32.90166473093302, 32.90282617111885, 32.90301974448316, 32.90321331784747, 32.90263259775455, 32.90263259775455, 32.90360046457607, 32.90301974448316, 32.903406891211766, 32.90301974448315, 32.90418118466899, 32.9008904374758, 32.90108401084011, 32.89566395663957, 32.897018970189706, 32.902051877661634, 32.902051877661634, 32.902051877661634, 32.90166473093302, 32.90185830429733, 32.89914827719706, 32.90011614401858, 32.89759969028262, 32.8968253968254, 32.897212543554005, 32.89934185056136, 32.90030971738289, 32.89547038327526, 32.89488966318234, 32.89469608981804, 32.89663182346109, 32.90050329074719, 32.89740611691831, 32.89972899728997, 32.89547038327526, 32.895857530003866, 32.89353464963221, 32.89624467673248, 32.8968253968254, 32.89527680991095, 32.897793263646925, 32.898567557104144, 32.89759969028262, 32.89566395663957, 32.897793263646925, 32.89914827719706, 32.89837398373984, 32.89914827719706, 32.900696864111495, 32.90030971738289, 32.897986837011224, 32.89972899728997, 32.897793263646925, 32.898567557104144, 32.897212543554005, 32.89605110336817, 32.89566395663957, 32.89527680991096, 32.89663182346109, 32.89759969028262, 32.89914827719706, 32.90011614401858, 32.89876113046844, 32.90282617111885, 32.904761904761905, 32.901277584204415, 32.902632597754554, 32.900503290747196, 32.89953542392567, 32.899922570654276, 32.89759969028262, 32.89740611691831, 32.896438250096786, 32.89488966318235, 32.893728222996515, 32.894502516453734, 32.89488966318235, 32.89488966318235, 32.89740611691831, 32.901471157568714, 32.900503290747196, 32.89624467673248, 32.89740611691831, 32.89934185056136, 32.901277584204415, 32.89876113046845, 32.90011614401858, 32.89972899728997, 32.89953542392567, 32.90185830429733, 32.90321331784746, 32.901277584204415, 32.90360046457607, 32.90301974448316, 32.904181184668985, 32.9045683313976, 32.90514905149052, 32.90243902439024, 32.90437475803329, 32.90495547812621, 32.90669763840496, 32.90921409214092, 32.90263259775455, 32.90108401084011, 32.90185830429733, 32.90224545102594, 32.90185830429733, 32.90147115756872, 32.90282617111885, 32.90185830429732, 32.90321331784747, 32.90379403794038, 32.90030971738289, 32.89876113046845, 32.90224545102594, 32.90127758420441, 32.900503290747196, 32.90030971738289, 32.90147115756872, 32.90108401084011, 32.902051877661634, 32.900696864111495, 32.90263259775455, 32.90243902439024, 32.902632597754554, 32.90379403794038, 32.90301974448316, 32.89972899728997, 32.900696864111495, 32.8970189701897, 32.89624467673248, 32.900696864111495, 32.90011614401858, 32.90050329074719, 32.9006968641115, 32.89934185056136, 32.89972899728998, 32.89934185056136, 32.89837398373984, 32.897986837011224, 32.89837398373984, 32.896438250096786, 32.89411536972513, 32.89527680991095, 32.896244676732486, 32.89624467673248, 32.89798683701123, 32.89895470383275, 32.89624467673248, 32.896438250096786, 32.898567557104144, 32.89740611691831, 32.901277584204415, 32.90224545102594, 32.901277584204415, 32.90011614401858, 32.90166473093303, 32.89876113046845, 32.89972899728997, 32.901277584204415, 32.902051877661634, 32.90185830429733, 32.89837398373984, 32.89914827719706, 32.89895470383276, 32.89876113046844, 32.89876113046844, 32.900503290747196, 32.89934185056136, 32.898567557104144, 32.9008904374758, 32.90147115756872, 32.90185830429733, 32.90263259775455, 32.90340689121177, 32.90166473093302, 32.903406891211766, 32.90321331784747, 32.90301974448316, 32.90108401084011, 32.89837398373984, 32.898567557104144, 32.897793263646925, 32.899922570654276, 32.89798683701123, 32.89488966318235, 32.895083236546654, 32.894308943089435, 32.89411536972513, 32.895083236546654, 32.896438250096786, 32.89469608981804, 32.897212543554005, 32.897212543554005, 32.89663182346109, 32.89837398373984, 32.898567557104144, 32.89527680991095]",0.9167430378388196,0.9319215261944326,33,"[33, 33, 33, 33, 33, 33, 33, 33, 33, 33, 33, 33, 33, 33, 33, 33, 33, 33, 33, 33, 33, 33, 33, 33, 33, 33, 33, 33, 33, 33, 33, 33, 33, 33, 33, 33, 33, 33, 33, 33, 33, 33, 33, 33, 33, 33, 33, 33, 33, 33, 33, 33, 33, 33, 33, 33, 33, 33, 33, 33, 33, 33, 33, 33, 33, 33, 33, 33, 33, 33, 33, 33, 33, 33, 33, 33, 33, 33, 33, 33, 33, 33, 33, 33, 33, 33, 33, 33, 33, 33, 33, 33, 33, 33, 33, 33, 33, 33, 33, 33, 33, 33, 33, 33, 33, 33, 33, 33, 33, 33, 33, 33, 33, 33, 33, 33, 33, 33, 33, 33, 33, 33, 33, 33, 33, 33, 33, 33, 33, 33, 33, 33, 33, 33, 33, 33, 33, 33, 33, 33, 33, 33, 33, 33, 33, 33, 33, 33, 33, 33, 33, 33, 33, 33, 33, 33, 33, 33, 33, 33, 33, 33, 33, 33, 33, 33, 33, 33, 33, 33, 33, 33, 33, 33, 33, 33, 33, 33, 33, 33, 33, 33, 33, 33, 33, 33, 33, 33, 33, 33, 33, 33, 33, 33, 33, 33, 33, 33, 33, 33, 33, 33, 33, 33, 33, 33, 33, 33, 33, 33, 33, 33, 33, 33, 33, 33, 33, 33, 33, 33, 33, 33, 33, 33, 33, 33, 33, 33, 33, 33, 33, 33, 33, 33, 33, 33, 33, 33, 33, 33, 33, 33, 33, 33, 33, 33, 33, 33, 33, 33, 33, 33, 33, 33, 33, 33, 33, 33, 33, 33, 33, 33, 33, 33, 33, 33, 33, 33, 33, 33, 33, 33, 33, 33, 33, 33, 33, 33, 33, 33, 33, 33, 33, 33, 33, 33, 33, 33, 33, 33, 33, 33, 33, 33, 33, 33, 33, 33, 33, 33, 33, 33, 33, 33, 33, 33, 33, 33, 33, 33, 33, 33, 33, 33, 33, 33, 33, 33, 33, 33, 33, 33, 33, 33, 33, 33, 33, 33, 33, 33, 33, 33, 33, 33, 33, 33, 33, 33, 33, 33, 33, 33, 33, 33, 33, 33, 33, 33, 33, 33, 33, 33, 33, 33, 33, 33, 33, 33, 33, 33, 33, 33, 33, 33, 33, 33, 33, 33, 33, 33, 33, 33, 33, 33, 33, 33, 33, 33, 33, 33, 33, 33, 33, 33, 33, 33, 33, 33, 33, 33, 33, 33, 33, 33, 33, 33, 33, 33, 33, 33, 33, 33, 33, 33, 33]",405,"[0.39470821619033813, 0.38688790798187256, 0.381419837474823, 0.3774256110191345, 0.37436482310295105, 0.3719421327114105, 0.37060877680778503, 0.3686594069004059, 0.3666316866874695, 0.3648311197757721, 0.3629589378833771, 0.3616286814212799, 0.35977938771247864, 0.35854390263557434, 0.35691726207733154, 0.35534071922302246, 0.35409045219421387, 0.3523698151111603, 0.35173141956329346, 0.34974396228790283, 0.3481377363204956, 0.34673595428466797, 0.3452872335910797, 0.3443118929862976, 0.34262993931770325, 0.3412322998046875, 0.34055984020233154, 0.3387525677680969, 0.33784979581832886, 0.3359832465648651, 0.33455532789230347, 0.3334669768810272, 0.33172595500946045, 0.3306441605091095, 0.3288832902908325, 0.32759082317352295, 0.32590386271476746, 0.3247752785682678, 0.32246503233909607, 0.3211965262889862, 0.31988823413848877, 0.31740522384643555, 0.31561028957366943, 0.31439387798309326, 0.31182584166526794, 0.30967772006988525, 0.3076147139072418, 0.3061569929122925, 0.3033126890659332, 0.3013317584991455, 0.2994765341281891, 0.29702523350715637, 0.29534679651260376, 0.2923193871974945, 0.2899625897407532, 0.28784528374671936, 0.28535088896751404, 0.28366583585739136, 0.2813315689563751, 0.2790960669517517, 0.27714842557907104, 0.27516084909439087, 0.27352192997932434, 0.27141129970550537, 0.26937246322631836, 0.2676180601119995, 0.2663763761520386, 0.2647216320037842, 0.26367658376693726, 0.2615157961845398, 0.26036763191223145, 0.25866854190826416, 0.2578396201133728, 0.2568567395210266, 0.25525185465812683, 0.2537725269794464, 0.2528572976589203, 0.25160470604896545, 0.2501417398452759, 0.24952158331871033, 0.24822784960269928, 0.2469266951084137, 0.2458249032497406, 0.24451737105846405, 0.24559955298900604, 0.24280057847499847, 0.24174505472183228, 0.24077150225639343, 0.2407781183719635, 0.2396109700202942, 0.2383909672498703, 0.23745708167552948, 0.23690730333328247, 0.23580904304981232, 0.23577085137367249, 0.23463864624500275, 0.23367443680763245, 0.2326991856098175, 0.23171751201152802, 0.23135371506214142, 0.2299690693616867, 0.2302052527666092, 0.2289402335882187, 0.22816991806030273, 0.22823995351791382, 0.22804227471351624, 0.22586126625537872, 0.2263391613960266, 0.2250349074602127, 0.22514554858207703, 0.2238609343767166, 0.22289645671844482, 0.2225838601589203, 0.22186726331710815, 0.22130265831947327, 0.2203764021396637, 0.2201862931251526, 0.2209150493144989, 0.21938049793243408, 0.21868979930877686, 0.2185627520084381, 0.21769708395004272, 0.21631596982479095, 0.2167990505695343, 0.215857595205307, 0.2158607691526413, 0.21528388559818268, 0.21467740833759308, 0.21468719840049744, 0.2136659175157547, 0.2128419131040573, 0.21312235295772552, 0.2124161571264267, 0.21269050240516663, 0.2116144895553589, 0.2107580602169037, 0.21134090423583984, 0.21096402406692505, 0.20987480878829956, 0.21038784086704254, 0.21029014885425568, 0.20979805290699005, 0.2086499035358429, 0.20953205227851868, 0.20813846588134766, 0.2078322172164917, 0.2076081782579422, 0.20797865092754364, 0.2076210379600525, 0.20602062344551086, 0.2064940333366394, 0.20704278349876404, 0.20562857389450073, 0.2049415409564972, 0.20594441890716553, 0.20593327283859253, 0.2066432535648346, 0.20409494638442993, 0.2052212655544281, 0.2042241245508194, 0.2036897987127304, 0.20465613901615143, 0.2032032608985901, 0.20361633598804474, 0.20316825807094574, 0.203944131731987, 0.20300747454166412, 0.2019512951374054, 0.20261257886886597, 0.2017323076725006, 0.2013956904411316, 0.20220881700515747, 0.20205268263816833, 0.20125286281108856, 0.20102804899215698, 0.2019224315881729, 0.20026430487632751, 0.20027321577072144, 0.20173023641109467, 0.20084914565086365, 0.20152074098587036, 0.19913525879383087, 0.1985556036233902, 0.20023232698440552, 0.19968868792057037, 0.19854389131069183, 0.19800670444965363, 0.1995813548564911, 0.19835935533046722, 0.19860859215259552, 0.1969059705734253, 0.19754761457443237, 0.19797207415103912, 0.1976194530725479, 0.19787196815013885, 0.1972166895866394, 0.19690662622451782, 0.19769254326820374, 0.19760675728321075, 0.195373997092247, 0.19627423584461212, 0.19608740508556366, 0.19714437425136566, 0.19678236544132233, 0.19616161286830902, 0.19490812718868256, 0.1957441121339798, 0.19437460601329803, 0.1957307606935501, 0.19564837217330933, 0.19346532225608826, 0.19634859263896942, 0.19425998628139496, 0.19444377720355988, 0.19399549067020416, 0.1933155655860901, 0.19316715002059937, 0.1941671371459961, 0.1929917335510254, 0.19206596910953522, 0.19131068885326385, 0.19230467081069946, 0.19317509233951569, 0.19155925512313843, 0.19208365678787231, 0.19188719987869263, 0.19469217956066132, 0.1932089626789093, 0.19386108219623566, 0.1924883872270584, 0.1928020864725113, 0.19210843741893768, 0.19193285703659058, 0.18984323740005493, 0.1931711733341217, 0.1905975341796875, 0.19013608992099762, 0.19107471406459808, 0.19157640635967255, 0.19207802414894104, 0.19193445146083832, 0.1930050253868103, 0.18911245465278625, 0.19280172884464264, 0.1911298632621765, 0.19288721680641174, 0.1902577430009842, 0.1917000412940979, 0.1901799589395523, 0.19054067134857178, 0.1894749402999878, 0.19007642567157745, 0.18973492085933685, 0.18910753726959229, 0.1890614926815033, 0.1904972493648529, 0.1874110847711563, 0.1878809928894043, 0.18711015582084656, 0.18821300566196442, 0.18836091458797455, 0.1877421885728836, 0.19285698235034943, 0.18799634277820587, 0.18918995559215546, 0.1893811672925949, 0.18921159207820892, 0.18894223868846893, 0.1887664943933487, 0.19064898788928986, 0.18745951354503632, 0.18794487416744232, 0.1877194195985794, 0.18648891150951385, 0.18815109133720398, 0.18767337501049042, 0.18837662041187286, 0.1867883801460266, 0.18617911636829376, 0.18552909791469574, 0.1869792938232422, 0.18831616640090942, 0.18601281940937042, 0.18691831827163696, 0.18702378869056702, 0.18529373407363892, 0.18495191633701324, 0.1906697303056717, 0.18803434073925018, 0.1860610991716385, 0.18861940503120422, 0.18783631920814514, 0.18626898527145386, 0.1868378072977066, 0.1856897920370102, 0.18621620535850525, 0.1865748018026352, 0.18767009675502777, 0.18581075966358185, 0.18780110776424408, 0.18725572526454926, 0.18573562800884247, 0.18815934658050537, 0.1894931048154831, 0.18864881992340088, 0.18745921552181244, 0.1857735961675644, 0.1873038113117218, 0.18875838816165924, 0.18540187180042267, 0.18517053127288818, 0.1855146586894989, 0.18673190474510193, 0.18401341140270233, 0.18701080977916718, 0.18534719944000244, 0.185140460729599, 0.18590694665908813, 0.18300274014472961, 0.1852439045906067, 0.187346413731575, 0.18543541431427002, 0.1848146617412567, 0.18413324654102325, 0.1868451088666916, 0.18205559253692627, 0.18604563176631927, 0.18531648814678192, 0.18858222663402557, 0.1838812381029129, 0.18411952257156372, 0.1839139759540558, 0.18537098169326782, 0.1854311227798462, 0.1849057376384735, 0.18387407064437866, 0.18565502762794495, 0.18562227487564087, 0.18571485579013824, 0.18590094149112701, 0.18461757898330688, 0.18636585772037506, 0.18606731295585632, 0.18570278584957123, 0.18762025237083435, 0.18543262779712677, 0.18635091185569763, 0.18362358212471008, 0.18500234186649323, 0.18465769290924072, 0.18506444990634918, 0.18597325682640076, 0.18518516421318054, 0.1844252049922943, 0.1863541156053543, 0.1847846806049347, 0.18521681427955627, 0.186732679605484, 0.18558095395565033, 0.1857227087020874, 0.18706126511096954, 0.1869344860315323, 0.18469662964344025, 0.18447208404541016, 0.18564964830875397, 0.18480530381202698, 0.18673352897167206, 0.1863238662481308, 0.1853790283203125, 0.18436303734779358, 0.18673692643642426, 0.18661651015281677, 0.1874128133058548, 0.1878989040851593, 0.1856701821088791, 0.187385693192482, 0.18623726069927216, 0.18700604140758514, 0.18414553999900818, 0.18876636028289795, 0.18805144727230072, 0.18612685799598694, 0.18552972376346588, 0.18865226209163666, 0.18618181347846985, 0.18552757799625397, 0.18747560679912567, 0.18474727869033813, 0.1855837106704712, 0.1866571456193924, 0.1882372498512268, 0.18780823051929474, 0.18854452669620514, 0.18851789832115173, 0.1871897280216217, 0.1888914555311203, 0.1869984269142151, 0.18523161113262177, 0.19047671556472778, 0.18568949401378632, 0.1880057454109192, 0.1857510209083557, 0.18793337047100067, 0.18649640679359436, 0.1855626106262207]",33.0,"[33.0, 33.0, 33.0, 33.0, 33.0, 33.0, 33.0, 33.0, 33.0, 33.0, 33.0, 33.0, 33.0, 33.0, 33.0, 33.0, 33.0, 33.0, 33.0, 33.0, 33.0, 33.0, 33.0, 33.0, 33.0, 33.0, 33.0, 33.0, 33.0, 33.0, 33.0, 33.0, 33.0, 33.0, 33.0, 33.0, 33.0, 33.0, 33.0, 33.0, 33.0, 33.0, 33.0, 33.0, 33.0, 33.0, 33.0, 33.0, 33.0, 33.0, 33.0, 33.0, 33.0, 33.0, 33.0, 33.0, 33.0, 33.0, 33.0, 33.0, 33.0, 33.0, 33.0, 33.0, 33.0, 33.0, 33.0, 33.0, 33.0, 33.0, 33.0, 33.0, 33.0, 33.0, 33.0, 33.0, 33.0, 33.0, 33.0, 33.0, 33.0, 33.0, 33.0, 33.0, 33.0, 33.0, 33.0, 33.0, 33.0, 33.0, 33.0, 33.0, 33.0, 33.0, 33.0, 33.0, 33.0, 33.0, 33.0, 33.0, 33.0, 33.0, 33.0, 33.0, 33.0, 33.0, 33.0, 33.0, 33.0, 33.0, 33.0, 33.0, 33.0, 33.0, 33.0, 33.0, 33.0, 33.0, 33.0, 33.0, 33.0, 33.0, 33.0, 33.0, 33.0, 33.0, 33.0, 33.0, 33.0, 33.0, 33.0, 33.0, 33.0, 33.0, 33.0, 33.0, 33.0, 33.0, 33.0, 33.0, 33.0, 33.0, 33.0, 33.0, 33.0, 33.0, 33.0, 33.0, 33.0, 33.0, 33.0, 33.0, 33.0, 33.0, 33.0, 33.0, 33.0, 33.0, 33.0, 33.0, 33.0, 33.0, 33.0, 33.0, 33.0, 33.0, 33.0, 33.0, 33.0, 33.0, 33.0, 33.0, 33.0, 33.0, 33.0, 33.0, 33.0, 33.0, 33.0, 33.0, 33.0, 33.0, 33.0, 33.0, 33.0, 33.0, 33.0, 33.0, 33.0, 33.0, 33.0, 33.0, 33.0, 33.0, 33.0, 33.0, 33.0, 33.0, 33.0, 33.0, 33.0, 33.0, 33.0, 33.0, 33.0, 33.0, 33.0, 33.0, 33.0, 33.0, 33.0, 33.0, 33.0, 33.0, 33.0, 33.0, 33.0, 33.0, 33.0, 33.0, 33.0, 33.0, 33.0, 33.0, 33.0, 33.0, 33.0, 33.0, 33.0, 33.0, 33.0, 33.0, 33.0, 33.0, 33.0, 33.0, 33.0, 33.0, 33.0, 33.0, 33.0, 33.0, 33.0, 33.0, 33.0, 33.0, 33.0, 33.0, 33.0, 33.0, 33.0, 33.0, 33.0, 33.0, 33.0, 33.0, 33.0, 33.0, 33.0, 33.0, 33.0, 33.0, 33.0, 33.0, 33.0, 33.0, 33.0, 33.0, 33.0, 33.0, 33.0, 33.0, 33.0, 33.0, 33.0, 33.0, 33.0, 33.0, 33.0, 33.0, 33.0, 33.0, 33.0, 33.0, 33.0, 33.0,