,number,value,datetime_start,datetime_complete,duration,params_batch_size_scaler,params_constant_learning_rate,params_depth,params_epochs,params_kernel_l2,params_num_trees,params_temperature,user_attrs_accuracy_test,user_attrs_accuracy_valid,user_attrs_approximate_feature_sparsity,user_attrs_approximate_feature_sparsity_history,user_attrs_approximate_weight_sparsity,user_attrs_approximate_weight_sparsity_history,user_attrs_auc_test,user_attrs_auc_valid,user_attrs_feature_sparsity,user_attrs_feature_sparsity_history,user_attrs_num_epochs,user_attrs_val_loss_history,user_attrs_weight_sparsity,user_attrs_weight_sparsity_history,state
132,132,0.927915394623282,2024-08-31 06:34:26.434229,2024-08-31 06:38:02.919385,0 days 00:03:36.485156,1,0.01069792627236466,2,385,0.002231096976162544,81,0.002629857370838081,0.945,0.95375,33,"[33, 33, 33, 33, 33, 33, 33, 33, 33, 33, 33, 33, 33, 33, 33, 33, 33, 33, 33, 33, 33, 33, 33, 33, 33, 33, 33, 33, 33, 33, 33, 33, 33, 33, 33, 33, 33, 33, 33, 33, 33, 33, 33, 33, 33, 33, 33, 33, 33, 33, 33, 33, 33, 33, 33, 33, 33, 33, 33, 33, 33, 33, 33, 33, 33, 33, 33, 33, 33, 33, 33, 33, 33, 33, 33, 33, 33, 33, 33, 33, 33, 33, 33, 33, 33, 33, 33, 33, 33, 33, 33, 33, 33, 33, 33, 33, 33, 33, 33, 33, 33, 33, 33, 33, 33, 33, 33, 33, 33, 33, 33, 33, 33, 33, 33, 33, 33, 33, 33, 33, 33, 33, 33, 33, 33, 33, 33, 33, 33, 33, 33, 33, 33, 33, 33, 33, 33, 33, 33, 33, 33, 33, 33, 33, 33, 33, 33, 33, 33, 33, 33, 33, 33, 33, 33, 33, 33, 33, 33, 33, 33, 33, 33, 33, 33, 33, 33, 33, 33, 33, 33, 33, 33, 33, 33, 33, 33, 33, 33, 33, 33, 33, 33, 33, 33, 33, 33, 33, 33, 33, 33, 33, 33, 33, 33, 33, 33, 33, 33, 33, 33, 33, 33, 33, 33, 33, 33, 33, 33, 33, 33, 33, 33, 33, 33, 33, 33, 33, 33, 33, 33, 33, 33, 33, 33, 33, 33, 33, 33, 33, 33, 33, 33, 33, 33, 33, 33, 33, 33, 33, 33, 33, 33, 33, 33, 33, 33, 33, 33, 33, 33, 33, 33, 33, 33, 33, 33, 33, 33, 33, 33, 33, 33, 33, 33, 33, 33, 33, 33, 33, 33, 33, 33, 33, 33, 33, 33, 33, 33, 33, 33, 33, 33, 33, 33, 33, 33, 33, 33, 33, 33, 33, 33, 33, 33, 33, 33, 33, 33, 33, 33, 33, 33, 33, 33, 33, 33, 33, 33, 33, 33, 33, 33, 33, 33, 33, 33, 33, 33, 33, 33, 33, 33, 33, 33, 33, 33, 33, 33, 33, 33, 33, 33, 33, 33, 33, 33, 33, 33, 33, 33, 33, 33, 33, 33, 33, 33, 33, 33, 33, 33, 33, 33, 33, 33, 33, 33, 33, 33, 33, 33, 33, 33, 33, 33, 33, 33, 33, 33, 33, 33, 33, 33, 33, 33, 33, 33, 33, 33, 33, 33, 33, 33, 33, 33]",32.97530864197531,"[32.983539094650205, 32.97942386831276, 32.983539094650205, 32.971193415637856, 32.97530864197531, 32.983539094650205, 32.95473251028807, 32.97530864197531, 32.97942386831276, 32.96707818930041, 32.983539094650205, 32.96707818930041, 32.96707818930041, 32.96707818930041, 32.96296296296296, 32.97942386831276, 32.983539094650205, 32.97530864197531, 32.991769547325106, 32.983539094650205, 32.983539094650205, 32.98765432098766, 32.98765432098766, 32.97530864197531, 32.97530864197531, 32.96707818930041, 32.96296296296296, 32.97119341563786, 32.958847736625515, 32.97942386831276, 32.96296296296296, 32.97119341563786, 32.96707818930041, 32.95061728395062, 32.958847736625515, 32.96707818930041, 32.96707818930041, 32.97119341563786, 32.96296296296296, 32.97942386831276, 32.96296296296296, 32.958847736625515, 32.96707818930041, 32.96296296296296, 32.97530864197531, 32.983539094650205, 32.97942386831276, 32.97942386831276, 32.97942386831276, 32.99588477366255, 32.98765432098765, 32.971193415637856, 32.971193415637856, 32.95473251028807, 32.97530864197531, 32.97942386831276, 32.967078189300416, 32.983539094650205, 32.971193415637856, 32.97530864197531, 32.97530864197531, 32.98765432098766, 32.97530864197531, 32.98765432098766, 32.97530864197531, 32.97942386831276, 32.98765432098766, 32.983539094650205, 32.97530864197531, 32.97119341563786, 32.971193415637856, 32.971193415637856, 32.97530864197531, 32.96707818930041, 32.96707818930041, 32.97942386831276, 32.98765432098765, 32.97942386831276, 32.97119341563786, 32.96707818930041, 32.97119341563786, 32.96707818930041, 32.96707818930041, 32.98765432098765, 32.983539094650205, 32.97530864197531, 32.971193415637856, 32.97942386831276, 32.96296296296296, 32.97119341563786, 32.971193415637856, 32.96296296296296, 32.96296296296296, 32.96707818930041, 32.97530864197531, 32.97119341563786, 32.97119341563786, 32.967078189300416, 32.97530864197531, 32.97119341563786, 32.983539094650205, 32.99588477366255, 32.983539094650205, 32.98765432098765, 32.99588477366255, 32.98765432098765, 32.991769547325106, 32.991769547325106, 32.983539094650205, 32.971193415637856, 32.97942386831276, 32.97119341563786, 32.97119341563786, 32.97942386831276, 32.97119341563786, 32.971193415637856, 32.971193415637856, 32.97942386831276, 32.98765432098765, 32.97530864197531, 32.97942386831276, 32.97942386831276, 32.958847736625515, 32.97942386831276, 32.97530864197531, 32.97530864197531, 32.96707818930041, 32.97119341563786, 32.97530864197531, 32.97942386831276, 32.983539094650205, 32.97119341563786, 32.983539094650205, 32.97942386831276, 32.97942386831276, 32.97942386831276, 32.97942386831276, 32.983539094650205, 32.983539094650205, 32.97530864197531, 32.971193415637856, 32.971193415637856, 32.96707818930041, 32.971193415637856, 32.96707818930041, 32.96707818930041, 32.96707818930041, 32.96707818930041, 32.983539094650205, 32.97119341563786, 32.98765432098766, 32.97942386831276, 32.97942386831276, 32.96707818930041, 32.96296296296296, 32.96707818930041, 32.983539094650205, 32.97942386831276, 32.97530864197531, 32.958847736625515, 32.97119341563786, 32.991769547325106, 32.97119341563786, 32.983539094650205, 32.97530864197531, 32.96707818930041, 32.97530864197531, 32.96296296296296, 32.96296296296296, 32.97119341563786, 32.97530864197531, 32.97530864197531, 32.97530864197531, 32.97530864197531, 32.983539094650205, 32.983539094650205, 32.97942386831276, 32.983539094650205, 32.983539094650205, 32.96707818930041, 32.971193415637856, 32.96707818930041, 32.983539094650205, 32.97942386831276, 32.97530864197531, 32.958847736625515, 32.97119341563786, 32.96707818930041, 32.958847736625515, 32.97530864197531, 32.97119341563786, 32.96707818930041, 32.96296296296296, 32.95473251028807, 32.96296296296296, 32.96707818930041, 32.97530864197531, 32.97942386831276, 32.983539094650205, 32.96707818930041, 32.98765432098765, 32.97942386831276, 32.97530864197531, 32.97530864197531, 32.98765432098765, 32.983539094650205, 32.98765432098765, 32.98765432098765, 32.98765432098765, 32.983539094650205, 32.97942386831276, 32.98765432098765, 32.971193415637856, 32.96296296296296, 32.958847736625515, 32.95473251028807, 32.971193415637856, 32.97530864197531, 32.97530864197531, 32.97119341563786, 32.96296296296296, 32.96707818930041, 32.96707818930041, 32.97530864197531, 32.983539094650205, 32.983539094650205, 32.97119341563786, 32.97942386831276, 32.983539094650205, 32.983539094650205, 32.97119341563786, 32.98765432098765, 32.97942386831276, 32.97942386831276, 32.97530864197531, 32.97530864197531, 32.97530864197531, 32.97119341563786, 32.96707818930041, 32.97530864197531, 32.983539094650205, 32.97530864197531, 32.97942386831276, 32.96707818930041, 32.97119341563786, 32.97119341563786, 32.96296296296296, 32.958847736625515, 32.96707818930041, 32.95061728395062, 32.97942386831276, 32.967078189300416, 32.96296296296296, 32.971193415637856, 32.96707818930041, 32.97119341563786, 32.97530864197531, 32.97530864197531, 32.96707818930041, 32.97942386831276, 32.97530864197531, 32.9753086419753, 32.9753086419753, 32.983539094650205, 32.96707818930041, 32.97119341563786, 32.967078189300416, 32.983539094650205, 32.983539094650205, 32.98765432098765, 32.97942386831276, 32.97942386831276, 32.983539094650205, 32.97942386831276, 32.97530864197531, 32.96707818930041, 32.96707818930041, 32.97119341563786, 32.97530864197531, 32.983539094650205, 32.983539094650205, 32.983539094650205, 32.98765432098766, 32.97942386831276, 32.9753086419753, 32.97530864197531, 32.97530864197531, 32.983539094650205, 32.983539094650205, 32.991769547325106, 32.98765432098765, 32.991769547325106, 32.983539094650205, 32.983539094650205, 32.97942386831276, 32.97530864197531, 32.96707818930041, 32.97530864197531, 32.98765432098765, 32.98765432098765, 32.98765432098765, 32.98765432098765, 32.991769547325106, 32.983539094650205, 32.991769547325106, 32.98765432098765, 32.98765432098765, 32.99588477366255, 32.98765432098766, 32.98765432098765, 32.983539094650205, 32.991769547325106, 32.98765432098765, 32.97530864197531, 32.97530864197531, 32.96707818930041, 32.97530864197531, 32.96707818930041, 32.983539094650205, 32.97942386831276, 32.98765432098766, 32.97530864197531, 32.991769547325106, 32.97530864197531, 32.98765432098765, 32.98765432098765, 32.983539094650205, 32.97119341563786, 32.983539094650205, 32.97530864197531, 32.97942386831276, 32.98765432098765, 32.983539094650205, 32.991769547325106, 32.97942386831276, 32.97942386831276, 32.983539094650205, 32.97942386831276, 32.97530864197531, 32.97942386831276, 32.97942386831276, 32.983539094650205, 32.98765432098765, 32.971193415637856, 32.991769547325106, 32.991769547325106, 32.99588477366255, 32.983539094650205, 32.983539094650205, 32.98765432098765, 32.991769547325106, 32.98765432098765, 32.98765432098766, 32.98765432098765, 32.97530864197531, 32.97530864197531, 32.96707818930041, 32.97942386831276, 32.97119341563786, 32.97942386831276, 32.983539094650205, 32.991769547325106, 32.97942386831276, 32.97942386831276, 32.98765432098765, 32.97942386831276, 32.97942386831276, 32.97530864197531, 32.97119341563786, 32.97530864197531, 32.967078189300416, 32.967078189300416, 32.96707818930041, 32.96296296296296, 32.958847736625515, 32.958847736625515, 32.96296296296296, 32.97119341563786, 32.991769547325106, 32.98765432098765, 32.983539094650205, 32.97942386831276, 32.97942386831276, 32.98765432098765, 32.97530864197531]",0.9129616327743789,0.927915394623282,33,"[33, 33, 33, 33, 33, 33, 33, 33, 33, 33, 33, 33, 33, 33, 33, 33, 33, 33, 33, 33, 33, 33, 33, 33, 33, 33, 33, 33, 33, 33, 33, 33, 33, 33, 33, 33, 33, 33, 33, 33, 33, 33, 33, 33, 33, 33, 33, 33, 33, 33, 33, 33, 33, 33, 33, 33, 33, 33, 33, 33, 33, 33, 33, 33, 33, 33, 33, 33, 33, 33, 33, 33, 33, 33, 33, 33, 33, 33, 33, 33, 33, 33, 33, 33, 33, 33, 33, 33, 33, 33, 33, 33, 33, 33, 33, 33, 33, 33, 33, 33, 33, 33, 33, 33, 33, 33, 33, 33, 33, 33, 33, 33, 33, 33, 33, 33, 33, 33, 33, 33, 33, 33, 33, 33, 33, 33, 33, 33, 33, 33, 33, 33, 33, 33, 33, 33, 33, 33, 33, 33, 33, 33, 33, 33, 33, 33, 33, 33, 33, 33, 33, 33, 33, 33, 33, 33, 33, 33, 33, 33, 33, 33, 33, 33, 33, 33, 33, 33, 33, 33, 33, 33, 33, 33, 33, 33, 33, 33, 33, 33, 33, 33, 33, 33, 33, 33, 33, 33, 33, 33, 33, 33, 33, 33, 33, 33, 33, 33, 33, 33, 33, 33, 33, 33, 33, 33, 33, 33, 33, 33, 33, 33, 33, 33, 33, 33, 33, 33, 33, 33, 33, 33, 33, 33, 33, 33, 33, 33, 33, 33, 33, 33, 33, 33, 33, 33, 33, 33, 33, 33, 33, 33, 33, 33, 33, 33, 33, 33, 33, 33, 33, 33, 33, 33, 33, 33, 33, 33, 33, 33, 33, 33, 33, 33, 33, 33, 33, 33, 33, 33, 33, 33, 33, 33, 33, 33, 33, 33, 33, 33, 33, 33, 33, 33, 33, 33, 33, 33, 33, 33, 33, 33, 33, 33, 33, 33, 33, 33, 33, 33, 33, 33, 33, 33, 33, 33, 33, 33, 33, 33, 33, 33, 33, 33, 33, 33, 33, 33, 33, 33, 33, 33, 33, 33, 33, 33, 33, 33, 33, 33, 33, 33, 33, 33, 33, 33, 33, 33, 33, 33, 33, 33, 33, 33, 33, 33, 33, 33, 33, 33, 33, 33, 33, 33, 33, 33, 33, 33, 33, 33, 33, 33, 33, 33, 33, 33, 33, 33, 33, 33, 33, 33, 33, 33, 33, 33, 33, 33, 33, 33, 33, 33, 33, 33, 33]",385,"[0.39676159620285034, 0.38883498311042786, 0.38301342725753784, 0.37865889072418213, 0.37710800766944885, 0.37272366881370544, 0.37169593572616577, 0.36792561411857605, 0.36575743556022644, 0.3638922870159149, 0.3617558181285858, 0.3598620593547821, 0.3578509986400604, 0.35761019587516785, 0.3546898365020752, 0.35249099135398865, 0.3506477475166321, 0.34922799468040466, 0.3472706973552704, 0.3456328213214874, 0.3450838029384613, 0.34287014603614807, 0.3412678837776184, 0.3395615518093109, 0.33857354521751404, 0.338623970746994, 0.3362830877304077, 0.3343067169189453, 0.33421790599823, 0.3319244086742401, 0.330809623003006, 0.3296124339103699, 0.32876303791999817, 0.32720017433166504, 0.32596808671951294, 0.3255249857902527, 0.32346805930137634, 0.3253251910209656, 0.32121944427490234, 0.3200856149196625, 0.31999319791793823, 0.3199010193347931, 0.3167819082736969, 0.3157567083835602, 0.3146358132362366, 0.3147778809070587, 0.3121729791164398, 0.3113502264022827, 0.31004250049591064, 0.3089561462402344, 0.30798277258872986, 0.30712202191352844, 0.3049081861972809, 0.30527541041374207, 0.30379730463027954, 0.302010178565979, 0.29998093843460083, 0.29914581775665283, 0.2971908748149872, 0.2957685589790344, 0.2942209243774414, 0.29507216811180115, 0.2929435968399048, 0.2904512882232666, 0.2890304923057556, 0.2878040075302124, 0.2860921621322632, 0.28496605157852173, 0.28347644209861755, 0.284400999546051, 0.28226929903030396, 0.2793539762496948, 0.27873873710632324, 0.2763107419013977, 0.2746350169181824, 0.27335667610168457, 0.2719041705131531, 0.2709069550037384, 0.2708728015422821, 0.2681533694267273, 0.267182856798172, 0.26542264223098755, 0.2674406170845032, 0.2630577087402344, 0.2637253403663635, 0.2606590986251831, 0.2629600167274475, 0.25954821705818176, 0.25748011469841003, 0.2562943398952484, 0.2555730640888214, 0.2543547749519348, 0.25341930985450745, 0.2533983290195465, 0.25182926654815674, 0.2510445713996887, 0.24988265335559845, 0.24915727972984314, 0.249934583902359, 0.2480926513671875, 0.247044637799263, 0.2461852878332138, 0.24572619795799255, 0.2482258379459381, 0.2437700480222702, 0.24366642534732819, 0.24251306056976318, 0.24260061979293823, 0.24241454899311066, 0.24062757194042206, 0.2396731972694397, 0.23917827010154724, 0.23890067636966705, 0.2397255301475525, 0.23828893899917603, 0.23767784237861633, 0.23640884459018707, 0.2363339364528656, 0.2355281114578247, 0.23513591289520264, 0.23494946956634521, 0.23393505811691284, 0.2340802401304245, 0.2326948493719101, 0.2321964055299759, 0.231683611869812, 0.2311823070049286, 0.2313438057899475, 0.2322588711977005, 0.22943469882011414, 0.22906754910945892, 0.22904714941978455, 0.2283308058977127, 0.22774003446102142, 0.2270028293132782, 0.22699996829032898, 0.2268485128879547, 0.22642163932323456, 0.22535990178585052, 0.2246425300836563, 0.22675684094429016, 0.22429008781909943, 0.22369028627872467, 0.22378912568092346, 0.22419780492782593, 0.22221805155277252, 0.22329318523406982, 0.22132089734077454, 0.22090378403663635, 0.22132252156734467, 0.22060364484786987, 0.2199614942073822, 0.21968533098697662, 0.21892490983009338, 0.21931180357933044, 0.21827808022499084, 0.22160816192626953, 0.21723228693008423, 0.21803787350654602, 0.2165297120809555, 0.21630023419857025, 0.21557730436325073, 0.21581704914569855, 0.21792472898960114, 0.21510660648345947, 0.21476787328720093, 0.21685431897640228, 0.2139142006635666, 0.21377871930599213, 0.21319498121738434, 0.21566368639469147, 0.21346738934516907, 0.21263334155082703, 0.21211697161197662, 0.21153594553470612, 0.21447324752807617, 0.21279308199882507, 0.21101486682891846, 0.21101419627666473, 0.21242807805538177, 0.21181605756282806, 0.2098270058631897, 0.21001994609832764, 0.20920602977275848, 0.20891624689102173, 0.20948585867881775, 0.20874641835689545, 0.20769807696342468, 0.20849379897117615, 0.2073078751564026, 0.21008391678333282, 0.20798709988594055, 0.20737920701503754, 0.20788374543190002, 0.20647898316383362, 0.20620504021644592, 0.2069297581911087, 0.2060476541519165, 0.20592626929283142, 0.20533372461795807, 0.20690540969371796, 0.20551879703998566, 0.2046196162700653, 0.20406454801559448, 0.20460183918476105, 0.2039673626422882, 0.20425406098365784, 0.2061200886964798, 0.20335066318511963, 0.20408019423484802, 0.203816756606102, 0.20411062240600586, 0.20854192972183228, 0.2029198855161667, 0.2037399411201477, 0.20279933512210846, 0.20233245193958282, 0.2024858444929123, 0.20207782089710236, 0.20199134945869446, 0.2047993689775467, 0.20174822211265564, 0.201931893825531, 0.20218217372894287, 0.20075373351573944, 0.20147086679935455, 0.20056308805942535, 0.2004883736371994, 0.20087970793247223, 0.20002469420433044, 0.19948191940784454, 0.20085743069648743, 0.2007182240486145, 0.2032414972782135, 0.20422111451625824, 0.20072519779205322, 0.1994539052248001, 0.20063066482543945, 0.2012229710817337, 0.19981622695922852, 0.2000085413455963, 0.19933634996414185, 0.19796642661094666, 0.19912943243980408, 0.20029467344284058, 0.19875942170619965, 0.19931073486804962, 0.19817155599594116, 0.197698712348938, 0.19737617671489716, 0.19990527629852295, 0.19757510721683502, 0.19948060810565948, 0.198953777551651, 0.1965353935956955, 0.19749516248703003, 0.19626769423484802, 0.19712449610233307, 0.19697518646717072, 0.19627216458320618, 0.19655437767505646, 0.1963014155626297, 0.19717715680599213, 0.19576510787010193, 0.19712099432945251, 0.19630150496959686, 0.19551120698451996, 0.19471542537212372, 0.19797919690608978, 0.19481058418750763, 0.19501808285713196, 0.19461850821971893, 0.19547340273857117, 0.19762632250785828, 0.1961924135684967, 0.19404920935630798, 0.19591516256332397, 0.19389450550079346, 0.19397321343421936, 0.19337151944637299, 0.19312073290348053, 0.19379453361034393, 0.19352079927921295, 0.19627800583839417, 0.19458307325839996, 0.1940687894821167, 0.1931089162826538, 0.19390596449375153, 0.19269229471683502, 0.19432613253593445, 0.19344164431095123, 0.19590485095977783, 0.19493618607521057, 0.1949918121099472, 0.1928883194923401, 0.19322635233402252, 0.19232627749443054, 0.19203607738018036, 0.192217156291008, 0.19206148386001587, 0.1919497847557068, 0.19172683358192444, 0.19231542944908142, 0.19134590029716492, 0.19221815466880798, 0.19128479063510895, 0.19225172698497772, 0.19145484268665314, 0.19142837822437286, 0.19320747256278992, 0.1914096623659134, 0.19471827149391174, 0.19247198104858398, 0.19078227877616882, 0.19180351495742798, 0.19211825728416443, 0.19154192507266998, 0.19501790404319763, 0.1916865110397339, 0.1910662204027176, 0.1898653358221054, 0.1907099336385727, 0.19144012033939362, 0.19169679284095764, 0.19028529524803162, 0.1920611411333084, 0.19081485271453857, 0.19176502525806427, 0.18969129025936127, 0.19084542989730835, 0.19032756984233856, 0.19052694737911224, 0.1887669563293457, 0.19072727859020233, 0.19113487005233765, 0.1894533783197403, 0.1884024292230606, 0.18937204778194427, 0.18858982622623444, 0.18864788115024567, 0.18874795734882355, 0.1888333112001419, 0.18778067827224731, 0.18991313874721527, 0.18755000829696655, 0.18843474984169006, 0.1879982054233551, 0.1881738156080246, 0.18806543946266174, 0.18752531707286835, 0.18876110017299652, 0.18751110136508942, 0.18691003322601318, 0.1887805163860321, 0.18809373676776886, 0.18804094195365906, 0.19057296216487885, 0.18775498867034912, 0.1890166997909546, 0.18735569715499878, 0.18676415085792542, 0.18754690885543823, 0.18696704506874084, 0.18705099821090698, 0.18817466497421265, 0.18830542266368866, 0.18586647510528564, 0.18635420501232147, 0.18669933080673218, 0.18761010468006134, 0.18774929642677307, 0.18783243000507355, 0.18698984384536743, 0.1861390620470047, 0.18666715919971466, 0.18665935099124908, 0.18687725067138672, 0.18623517453670502, 0.18576888740062714, 0.18710942566394806, 0.1866258680820465, 0.18699117004871368, 0.18517473340034485, 0.18567800521850586, 0.1853610873222351]",33.0,"[33.0, 33.0, 33.0, 33.0, 33.0, 33.0, 33.0, 33.0, 33.0, 33.0, 33.0, 33.0, 33.0, 33.0, 33.0, 33.0, 33.0, 33.0, 33.0, 33.0, 33.0, 33.0, 33.0, 33.0, 33.0, 33.0, 33.0, 33.0, 33.0, 33.0, 33.0, 33.0, 33.0, 33.0, 33.0, 33.0, 33.0, 33.0, 33.0, 33.0, 33.0, 33.0, 33.0, 33.0, 33.0, 33.0, 33.0, 33.0, 33.0, 33.0, 33.0, 33.0, 33.0, 33.0, 33.0, 33.0, 33.0, 33.0, 33.0, 33.0, 33.0, 33.0, 33.0, 33.0, 33.0, 33.0, 33.0, 33.0, 33.0, 33.0, 33.0, 33.0, 33.0, 33.0, 33.0, 33.0, 33.0, 33.0, 33.0, 33.0, 33.0, 33.0, 33.0, 33.0, 33.0, 33.0, 33.0, 33.0, 33.0, 33.0, 33.0, 33.0, 33.0, 33.0, 33.0, 33.0, 33.0, 33.0, 33.0, 33.0, 33.0, 33.0, 33.0, 33.0, 33.0, 33.0, 33.0, 33.0, 33.0, 33.0, 33.0, 33.0, 33.0, 33.0, 33.0, 33.0, 33.0, 33.0, 33.0, 33.0, 33.0, 33.0, 33.0, 33.0, 33.0, 33.0, 33.0, 33.0, 33.0, 33.0, 33.0, 33.0, 33.0, 33.0, 33.0, 33.0, 33.0, 33.0, 33.0, 33.0, 33.0, 33.0, 33.0, 33.0, 33.0, 33.0, 33.0, 33.0, 33.0, 33.0, 33.0, 33.0, 33.0, 33.0, 33.0, 33.0, 33.0, 33.0, 33.0, 33.0, 33.0, 33.0, 33.0, 33.0, 33.0, 33.0, 33.0, 33.0, 33.0, 33.0, 33.0, 33.0, 33.0, 33.0, 33.0, 33.0, 33.0, 33.0, 33.0, 33.0, 33.0, 33.0, 33.0, 33.0, 33.0, 33.0, 33.0, 33.0, 33.0, 33.0, 33.0, 33.0, 33.0, 33.0, 33.0, 33.0, 33.0, 33.0, 33.0, 33.0, 33.0, 33.0, 33.0, 33.0, 33.0, 33.0, 33.0, 33.0, 33.0, 33.0, 33.0, 33.0, 33.0, 33.0, 33.0, 33.0, 33.0, 33.0, 33.0, 33.0, 33.0, 33.0, 33.0, 33.0, 33.0, 33.0, 33.0, 33.0, 33.0, 33.0, 33.0, 33.0, 33.0, 33.0, 33.0, 33.0, 33.0, 33.0, 33.0, 33.0, 33.0, 33.0, 33.0, 33.0, 33.0, 33.0, 33.0, 33.0, 33.0, 33.0, 33.0, 33.0, 33.0, 33.0, 33.0, 33.0, 33.0, 33.0, 33.0, 33.0, 33.0, 33.0, 33.0, 33.0, 33.0, 33.0, 33.0, 33.0, 33.0, 33.0, 33.0, 33.0, 33.0, 33.0, 33.0, 33.0, 33.0, 33.0, 33.0, 33.0, 33.0, 33.0, 33.0, 33.0, 33.0, 33.0, 33.0, 33.0, 33.0, 33.0, 33.0, 33.0, 33.0, 33.0, 33.0, 33.0, 33.0, 33.0, 33.0, 33.0, 33.0, 33.0, 33.0, 33.0, 33.0, 33.0, 33.0, 33.0, 33.0, 33.0, 33.0, 33.0, 33.0, 33.0, 33.0, 33.0, 33.0, 33.0, 33.0, 33.0, 33.0, 33.0, 33.0, 33.0, 33.0, 33.0, 33.0, 33.0, 33.0, 33.0, 33.0, 33.0, 33.0, 33.0, 33.0, 33.0, 33.0, 33.0, 33.0, 33.0, 33.0, 33.0, 33.0, 33.0, 33.0, 33.0, 33.0, 33.0, 33.0, 33.0, 33.0, 33.0, 33.0, 33.0, 33.0, 33.0, 33.0, 33.0, 33.0, 33.0, 33.0, 33.0, 33.0, 33.0, 33.0, 33.0, 33.0, 33.0, 33.0, 33.0, 33.0, 33.0, 33.0, 33.0, 33.0, 33.0, 33.0, 33.0, 33.0, 33.0, 33.0, 33.0, 33.0, 33.0, 33.0]",COMPLETE
