,number,value,datetime_start,datetime_complete,duration,params_batch_size_scaler,params_constant_learning_rate,params_depth,params_epochs,params_kernel_l2,params_num_trees,params_temperature,user_attrs_accuracy_test,user_attrs_accuracy_valid,user_attrs_approximate_feature_sparsity,user_attrs_approximate_feature_sparsity_history,user_attrs_approximate_weight_sparsity,user_attrs_approximate_weight_sparsity_history,user_attrs_auc_test,user_attrs_auc_valid,user_attrs_feature_sparsity,user_attrs_feature_sparsity_history,user_attrs_num_epochs,user_attrs_val_loss_history,user_attrs_weight_sparsity,user_attrs_weight_sparsity_history,state
11,11,0.6214592108822508,2024-08-31 01:02:05.707122,2024-08-31 01:02:29.301950,0 days 00:00:23.594828,64,0.3638612720724515,2,265,0.032903117636174296,91,0.02749251319622422,0.868,0.865,1,"[33, 33, 33, 33, 33, 33, 33, 33, 33, 33, 33, 33, 28, 26, 15, 10, 9, 7, 5, 4, 1, 1, 1, 1, 1, 1, 1, 1, 1, 1, 1, 1, 1, 1, 1, 1, 1, 1, 1, 1, 1, 1, 1, 1, 1, 1, 1, 1, 1, 1, 1, 1, 1, 1, 1, 1, 1, 1, 1, 1, 1, 1, 1, 1, 1, 1, 1, 1, 1, 1, 1, 1, 1, 1, 1, 1, 1, 1, 1, 1, 1, 1, 1, 1, 1, 1, 1, 1, 1, 1, 1, 1, 1, 1, 1, 1, 1, 1, 1, 1, 1, 1, 1, 1, 1, 1, 1, 1, 1, 1, 1, 1, 1, 1, 1, 1, 1, 1, 1, 1, 1, 1, 1, 1, 1, 1, 1, 1, 1, 1, 1, 1, 1, 1, 1, 1, 1, 1, 1, 1, 1, 1, 1, 1, 1, 1, 1, 1, 1, 1, 1, 1, 1, 1, 1, 1, 1, 1, 1, 1, 1, 1, 1, 1, 1, 1, 1, 1, 1, 1, 1, 1, 1, 1, 1, 1, 1, 1, 1, 1, 1, 1, 1, 1, 1, 1, 1, 1, 1, 1, 1, 1, 1, 1, 1, 1, 1, 1, 1, 1, 1, 1, 1, 1, 1, 1, 1, 1, 1, 1, 1, 1, 1, 1, 1, 1, 1, 1, 1, 1, 1, 1, 1, 1, 1, 1, 1, 1, 1, 1, 1, 1, 1, 1, 1, 1, 1, 1, 1, 1, 1, 1, 1, 1, 1, 1, 1, 1, 1, 1, 1, 1, 1, 1, 1, 1, 1, 1, 1, 1, 1, 1, 1, 1, 1]",0.9963369963369964,"[32.97802197802198, 32.97802197802198, 32.985347985347985, 32.99267399267399, 32.98168498168498, 32.99267399267399, 32.98168498168498, 32.98168498168498, 32.98168498168498, 32.985347985347985, 32.985347985347985, 32.97069597069597, 27.978021978021978, 25.985347985347985, 14.989010989010989, 10.0, 9.0, 6.989010989010989, 4.989010989010989, 3.989010989010989, 1.0, 1.0, 1.0, 1.0, 1.0, 1.0, 0.9963369963369964, 1.0, 1.0, 1.0, 1.0, 1.0, 1.0, 1.0, 1.0, 1.0, 1.0, 1.0, 1.0, 1.0, 1.0, 1.0, 1.0, 1.0, 1.0, 1.0, 1.0, 1.0, 1.0, 1.0, 1.0, 1.0, 1.0, 1.0, 0.9963369963369964, 1.0, 1.0, 1.0, 1.0, 1.0, 1.0, 1.0, 1.0, 1.0, 1.0, 1.0, 1.0, 1.0, 1.0, 1.0, 1.0, 1.0, 1.0, 1.0, 1.0, 1.0, 1.0, 1.0, 1.0, 0.9963369963369964, 1.0, 1.0, 0.9963369963369964, 0.9963369963369964, 0.9963369963369964, 0.9963369963369964, 0.9963369963369964, 0.9963369963369964, 0.9963369963369964, 0.9963369963369964, 1.0, 1.0, 0.9963369963369964, 1.0, 1.0, 1.0, 1.0, 1.0, 0.9963369963369964, 1.0, 1.0, 1.0, 0.9963369963369964, 1.0, 1.0, 0.9963369963369964, 1.0, 1.0, 1.0, 1.0, 1.0, 1.0, 1.0, 1.0, 1.0, 0.9963369963369964, 1.0, 1.0, 1.0, 1.0, 1.0, 1.0, 1.0, 1.0, 1.0, 1.0, 1.0, 1.0, 1.0, 1.0, 1.0, 1.0, 1.0, 1.0, 1.0, 1.0, 1.0, 1.0, 1.0, 1.0, 1.0, 1.0, 1.0, 1.0, 1.0, 1.0, 1.0, 1.0, 0.9963369963369964, 1.0, 1.0, 1.0, 1.0, 1.0, 1.0, 1.0, 0.9963369963369964, 0.9963369963369964, 1.0, 1.0, 1.0, 1.0, 1.0, 1.0, 1.0, 1.0, 1.0, 1.0, 1.0, 1.0, 0.9963369963369964, 0.9963369963369964, 1.0, 1.0, 1.0, 1.0, 1.0, 1.0, 1.0, 1.0, 1.0, 1.0, 1.0, 1.0, 1.0, 1.0, 1.0, 1.0, 1.0, 1.0, 1.0, 1.0, 0.9963369963369964, 1.0, 1.0, 1.0, 1.0, 1.0, 1.0, 1.0, 1.0, 1.0, 1.0, 1.0, 1.0, 1.0, 1.0, 1.0, 1.0, 1.0, 1.0, 1.0, 1.0, 1.0, 1.0, 1.0, 1.0, 1.0, 1.0, 1.0, 1.0, 1.0, 1.0, 1.0, 1.0, 1.0, 1.0, 1.0, 1.0, 1.0, 1.0, 1.0, 1.0, 1.0, 1.0, 0.9963369963369964, 1.0, 1.0, 1.0, 1.0, 1.0, 1.0, 1.0, 1.0, 1.0, 1.0, 1.0, 1.0, 1.0, 1.0, 0.9963369963369964, 1.0, 1.0, 1.0, 0.9963369963369964, 1.0, 0.9963369963369964, 1.0, 0.9963369963369964, 0.9963369963369964, 0.9963369963369964, 0.9963369963369964, 0.9963369963369964, 0.9963369963369964, 0.9963369963369964]",0.6604991784938778,0.6214592108822508,1,"[33, 33, 33, 33, 33, 33, 33, 33, 33, 33, 33, 33, 28, 26, 15, 10, 9, 7, 5, 4, 1, 1, 1, 1, 1, 1, 1, 1, 1, 1, 1, 1, 1, 1, 1, 1, 1, 1, 1, 1, 1, 1, 1, 1, 1, 1, 1, 1, 1, 1, 1, 1, 1, 1, 1, 1, 1, 1, 1, 1, 1, 1, 1, 1, 1, 1, 1, 1, 1, 1, 1, 1, 1, 1, 1, 1, 1, 1, 1, 1, 1, 1, 1, 1, 1, 1, 1, 1, 1, 1, 1, 1, 1, 1, 1, 1, 1, 1, 1, 1, 1, 1, 1, 1, 1, 1, 1, 1, 1, 1, 1, 1, 1, 1, 1, 1, 1, 1, 1, 1, 1, 1, 1, 1, 1, 1, 1, 1, 1, 1, 1, 1, 1, 1, 1, 1, 1, 1, 1, 1, 1, 1, 1, 1, 1, 1, 1, 1, 1, 1, 1, 1, 1, 1, 1, 1, 1, 1, 1, 1, 1, 1, 1, 1, 1, 1, 1, 1, 1, 1, 1, 1, 1, 1, 1, 1, 1, 1, 1, 1, 1, 1, 1, 1, 1, 1, 1, 1, 1, 1, 1, 1, 1, 1, 1, 1, 1, 1, 1, 1, 1, 1, 1, 1, 1, 1, 1, 1, 1, 1, 1, 1, 1, 1, 1, 1, 1, 1, 1, 1, 1, 1, 1, 1, 1, 1, 1, 1, 1, 1, 1, 1, 1, 1, 1, 1, 1, 1, 1, 1, 1, 1, 1, 1, 1, 1, 1, 1, 1, 1, 1, 1, 1, 1, 1, 1, 1, 1, 1, 1, 1, 1, 1, 1, 1]",265,"[0.4379938840866089, 0.47271454334259033, 0.4302639663219452, 0.5078989863395691, 0.420169472694397, 0.3883262276649475, 0.3945716917514801, 0.4477798044681549, 0.3864961862564087, 0.5264451503753662, 0.38752102851867676, 0.37784865498542786, 0.3810100555419922, 0.3804047703742981, 0.3789915442466736, 0.42447447776794434, 0.4012090265750885, 0.40886130928993225, 0.41031333804130554, 0.38928499817848206, 0.4303407371044159, 0.4022456109523773, 0.4055018723011017, 0.4202814996242523, 0.4582373797893524, 0.47343766689300537, 0.3922394812107086, 0.39294078946113586, 0.40171679854393005, 0.43496453762054443, 0.4258691668510437, 0.39112159609794617, 0.4021102786064148, 0.45035502314567566, 0.39476943016052246, 0.39194756746292114, 0.39809027314186096, 0.4069238603115082, 0.4640089273452759, 0.3933885991573334, 0.390130877494812, 0.39361801743507385, 0.4311162233352661, 0.40286868810653687, 0.4159010946750641, 0.4217029809951782, 0.5022755265235901, 0.4038788080215454, 0.3901216983795166, 0.40183907747268677, 0.4067467153072357, 0.40582960844039917, 0.4161854684352875, 0.39349088072776794, 0.4271579086780548, 0.39002564549446106, 0.4048496186733246, 0.40343090891838074, 0.389868825674057, 0.3996656835079193, 0.39032280445098877, 0.5019194483757019, 0.4079303443431854, 0.39764490723609924, 0.4209536015987396, 0.5180371403694153, 0.39100971817970276, 0.45185911655426025, 0.6583043932914734, 0.3951352834701538, 0.39730843901634216, 0.4185994267463684, 0.41397327184677124, 0.4080498218536377, 0.4948912560939789, 0.4108240008354187, 0.3994678556919098, 0.3998914957046509, 0.3900212347507477, 0.422261506319046, 0.39184272289276123, 0.42306533455848694, 0.4356541335582733, 0.3974495828151703, 0.3903924524784088, 0.39320945739746094, 0.399337500333786, 0.40015408396720886, 0.38928717374801636, 0.4312971234321594, 0.40266892313957214, 0.39143121242523193, 0.39934563636779785, 0.43448084592819214, 0.4667952060699463, 0.4363228976726532, 0.3898565173149109, 0.5686198472976685, 0.43873727321624756, 0.3891236484050751, 0.4676814377307892, 0.38906311988830566, 0.38942059874534607, 0.4067610800266266, 0.4211196005344391, 0.3946227729320526, 0.535922646522522, 0.39040565490722656, 0.4126373529434204, 0.4395587146282196, 0.3894900381565094, 0.45166996121406555, 0.39200207591056824, 0.4050748348236084, 0.39306849241256714, 0.38897669315338135, 0.40141695737838745, 0.39548537135124207, 0.4060439169406891, 0.39904800057411194, 0.402047723531723, 0.536543071269989, 0.3931041657924652, 0.40872830152511597, 0.3884243667125702, 0.38836669921875, 0.4479353427886963, 0.39217808842658997, 0.3882705271244049, 0.3903532922267914, 0.38827088475227356, 0.38917654752731323, 0.3904116153717041, 0.38813287019729614, 0.49130764603614807, 0.403219610452652, 0.4009092450141907, 0.38783514499664307, 0.38808926939964294, 0.388950914144516, 0.4316200613975525, 0.4260769188404083, 0.3888140916824341, 0.40461719036102295, 0.3933144807815552, 0.3919498324394226, 0.388355553150177, 0.41439682245254517, 0.3895297646522522, 0.42286360263824463, 0.3972633481025696, 0.40384188294410706, 0.4127233028411865, 0.42556989192962646, 0.3940564692020416, 0.398642361164093, 0.39132508635520935, 0.4337121844291687, 0.4184192419052124, 0.4501737952232361, 0.4073086678981781, 0.400980681180954, 0.40683823823928833, 0.4029935896396637, 0.43520790338516235, 0.3941600024700165, 0.4093491733074188, 0.3875627815723419, 0.3878423571586609, 0.40467995405197144, 0.4058152437210083, 0.39164501428604126, 0.5184885859489441, 0.3873661160469055, 0.3866652250289917, 0.3896971642971039, 0.3889513909816742, 0.3875063359737396, 0.4041702151298523, 0.39453446865081787, 0.38791266083717346, 0.41344889998435974, 0.45732706785202026, 0.38691169023513794, 0.42197319865226746, 0.42632657289505005, 0.549951434135437, 0.3951970934867859, 0.39105165004730225, 0.3885398805141449, 0.3886965811252594, 0.39283302426338196, 0.38605576753616333, 0.3862839639186859, 0.4237205386161804, 0.3882715702056885, 0.3946399390697479, 0.3858044743537903, 0.3896258473396301, 0.40674227476119995, 0.3858415484428406, 0.39724597334861755, 0.4215736389160156, 0.4241694509983063, 0.41612860560417175, 0.4134068191051483, 0.38654735684394836, 0.3894912004470825, 0.3893548250198364, 0.3933139145374298, 0.3895784616470337, 0.4115535020828247, 0.38708868622779846, 0.3859010636806488, 0.4034252464771271, 0.39356863498687744, 0.3861638903617859, 0.44281691312789917, 0.39516595005989075, 0.3911193609237671, 0.3947588801383972, 0.3881235122680664, 0.39214229583740234, 0.3847435414791107, 0.4249519109725952, 0.3917030990123749, 0.4083194434642792, 0.45826685428619385, 0.40951815247535706, 0.383762925863266, 0.38669803738594055, 0.43306824564933777, 0.3864288032054901, 0.38863199949264526, 0.3861256539821625, 0.44611090421676636, 0.4292518198490143, 0.4034484028816223, 0.4066351354122162, 0.398258775472641, 0.38340258598327637, 0.3862057626247406, 0.3833194673061371, 0.4125625491142273, 0.41604694724082947, 0.38699474930763245, 0.39430922269821167, 0.40052300691604614, 0.39434733986854553, 0.38275182247161865, 0.4467521905899048, 0.3908931016921997, 0.4008428454399109, 0.3925494849681854, 0.3819877505302429, 0.41324979066848755, 0.3843648135662079, 0.4003477096557617, 0.39823150634765625, 0.38216865062713623, 0.4068042039871216, 0.3893682062625885, 0.44735249876976013, 0.42812785506248474, 0.3845270276069641]",1.0,"[33.0, 33.0, 33.0, 33.0, 33.0, 33.0, 33.0, 33.0, 33.0, 33.0, 33.0, 33.0, 28.0, 26.0, 15.0, 10.0, 9.0, 7.0, 5.0, 4.0, 1.0, 1.0, 1.0, 1.0, 1.0, 1.0, 1.0, 1.0, 1.0, 1.0, 1.0, 1.0, 1.0, 1.0, 1.0, 1.0, 1.0, 1.0, 1.0, 1.0, 1.0, 1.0, 1.0, 1.0, 1.0, 1.0, 1.0, 1.0, 1.0, 1.0, 1.0, 1.0, 1.0, 1.0, 1.0, 1.0, 1.0, 1.0, 1.0, 1.0, 1.0, 1.0, 1.0, 1.0, 1.0, 1.0, 1.0, 1.0, 1.0, 1.0, 1.0, 1.0, 1.0, 1.0, 1.0, 1.0, 1.0, 1.0, 1.0, 1.0, 1.0, 1.0, 1.0, 1.0, 1.0, 1.0, 1.0, 1.0, 1.0, 1.0, 1.0, 1.0, 1.0, 1.0, 1.0, 1.0, 1.0, 1.0, 1.0, 1.0, 1.0, 1.0, 1.0, 1.0, 1.0, 1.0, 1.0, 1.0, 1.0, 1.0, 1.0, 1.0, 1.0, 1.0, 1.0, 1.0, 1.0, 1.0, 1.0, 1.0, 1.0, 1.0, 1.0, 1.0, 1.0, 1.0, 1.0, 1.0, 1.0, 1.0, 1.0, 1.0, 1.0, 1.0, 1.0, 1.0, 1.0, 1.0, 1.0, 1.0, 1.0, 1.0, 1.0, 1.0, 1.0, 1.0, 1.0, 1.0, 1.0, 1.0, 1.0, 1.0, 1.0, 1.0, 1.0, 1.0, 1.0, 1.0, 1.0, 1.0, 1.0, 1.0, 1.0, 1.0, 1.0, 1.0, 1.0, 1.0, 1.0, 1.0, 1.0, 1.0, 1.0, 1.0, 1.0, 1.0, 1.0, 1.0, 1.0, 1.0, 1.0, 1.0, 1.0, 1.0, 1.0, 1.0, 1.0, 1.0, 1.0, 1.0, 1.0, 1.0, 1.0, 1.0, 1.0, 1.0, 1.0, 1.0, 1.0, 1.0, 1.0, 1.0, 1.0, 1.0, 1.0, 1.0, 1.0, 1.0, 1.0, 1.0, 1.0, 1.0, 1.0, 1.0, 1.0, 1.0, 1.0, 1.0, 1.0, 1.0, 1.0, 1.0, 1.0, 1.0, 1.0, 1.0, 1.0, 1.0, 1.0, 1.0, 1.0, 1.0, 1.0, 1.0, 1.0, 1.0, 1.0, 1.0, 1.0, 1.0, 1.0, 1.0, 1.0, 1.0, 1.0, 1.0, 1.0, 1.0, 1.0, 1.0, 1.0, 1.0, 1.0, 1.0, 1.0, 1.0, 1.0, 1.0, 1.0, 1.0, 1.0, 1.0, 1.0, 1.0, 1.0]",COMPLETE
