,number,value,datetime_start,datetime_complete,duration,params_batch_size_scaler,params_constant_learning_rate,params_depth,params_epochs,params_kernel_l2,params_num_trees,params_temperature,user_attrs_accuracy_test,user_attrs_accuracy_valid,user_attrs_approximate_feature_sparsity,user_attrs_approximate_feature_sparsity_history,user_attrs_approximate_weight_sparsity,user_attrs_approximate_weight_sparsity_history,user_attrs_auc_test,user_attrs_auc_valid,user_attrs_feature_sparsity,user_attrs_feature_sparsity_history,user_attrs_num_epochs,user_attrs_val_loss_history,user_attrs_weight_sparsity,user_attrs_weight_sparsity_history,state
17,17,0.9295642204789324,2024-08-31 01:26:44.297826,2024-08-31 01:30:16.658185,0 days 00:03:32.360359,4,0.17757149720138468,4,445,0.054481472122192426,74,0.0003419096676762072,0.944,0.93875,32,"[33, 33, 33, 33, 33, 33, 33, 33, 33, 33, 33, 33, 33, 33, 33, 33, 33, 33, 33, 33, 33, 33, 33, 33, 33, 33, 33, 33, 33, 33, 33, 33, 33, 33, 33, 33, 33, 33, 33, 33, 33, 33, 33, 33, 33, 33, 33, 33, 33, 33, 33, 33, 33, 33, 33, 33, 33, 33, 33, 33, 33, 33, 33, 33, 33, 33, 33, 33, 33, 33, 33, 33, 33, 33, 33, 33, 33, 33, 33, 33, 33, 33, 33, 33, 33, 33, 33, 33, 33, 33, 33, 33, 33, 33, 33, 33, 33, 33, 33, 33, 33, 33, 33, 33, 33, 33, 33, 33, 33, 33, 33, 33, 33, 33, 33, 33, 33, 33, 33, 33, 33, 33, 33, 33, 33, 33, 33, 33, 33, 33, 33, 33, 33, 33, 33, 33, 33, 33, 33, 33, 33, 33, 33, 33, 33, 33, 33, 33, 33, 33, 33, 33, 33, 33, 33, 33, 33, 33, 33, 33, 33, 33, 33, 33, 33, 33, 33, 33, 33, 33, 33, 33, 33, 33, 33, 33, 33, 33, 33, 33, 33, 33, 33, 33, 33, 33, 33, 33, 33, 33, 33, 33, 33, 33, 33, 33, 33, 33, 33, 33, 33, 33, 33, 33, 33, 33, 33, 33, 33, 33, 33, 33, 33, 33, 33, 33, 33, 33, 33, 33, 33, 33, 33, 33, 33, 33, 33, 33, 33, 33, 33, 33, 33, 33, 33, 33, 33, 33, 33, 33, 33, 33, 33, 33, 33, 33, 33, 33, 33, 33, 33, 33, 33, 33, 33, 33, 33, 33, 33, 33, 33, 33, 33, 33, 33, 33, 33, 33, 33, 33, 33, 33, 33, 33, 33, 33, 33, 33, 33, 33, 33, 33, 33, 33, 33, 33, 33, 33, 33, 33, 33, 33, 33, 33, 33, 33, 33, 33, 33, 33, 33, 33, 33, 33, 33, 33, 33, 33, 33, 33, 33, 33, 33, 33, 33, 33, 33, 33, 33, 33, 33, 33, 33, 33, 33, 33, 33, 33, 33, 33, 33, 33, 33, 33, 33, 33, 33, 33, 33, 33, 33, 33, 33, 33, 33, 33, 33, 33, 33, 33, 33, 33, 33, 33, 33, 33, 33, 33, 33, 33, 33, 33, 33, 32, 32, 32, 32, 32, 32, 32, 32, 32, 32, 32, 32, 32, 32, 32, 32, 32, 32, 32, 32, 32, 32, 32, 32, 32, 32, 32, 32, 32, 32, 32, 32, 32, 32, 32, 32, 32, 32, 32, 32, 32, 32, 32, 32, 32, 32, 32, 32, 32, 32, 32, 32, 32, 32, 32, 32, 32, 32, 32, 32, 32, 32, 32, 32, 32, 32, 32, 32, 32, 32, 32, 32, 32, 32, 32, 32, 32, 32, 32, 32, 32, 32]",31.953153153153153,"[32.95855855855856, 32.96126126126126, 32.964864864864865, 32.96036036036036, 32.95855855855856, 32.956756756756754, 32.95315315315315, 32.94774774774775, 32.95315315315315, 32.96126126126126, 32.95675675675676, 32.94864864864865, 32.95585585585586, 32.95315315315315, 32.94954954954955, 32.95495495495496, 32.94954954954955, 32.95225225225225, 32.96036036036036, 32.95945945945946, 32.954054054054055, 32.96396396396396, 32.949549549549545, 32.962162162162166, 32.961261261261264, 32.961261261261264, 32.96396396396396, 32.95855855855856, 32.957657657657656, 32.954054054054055, 32.95675675675676, 32.95225225225225, 32.95945945945946, 32.96036036036036, 32.94954954954955, 32.95855855855856, 32.954054054054055, 32.960360360360355, 32.956756756756754, 32.962162162162166, 32.96936936936937, 32.956756756756754, 32.95225225225225, 32.94954954954955, 32.956756756756754, 32.95585585585586, 32.95495495495496, 32.95135135135135, 32.95135135135135, 32.95855855855856, 32.94774774774775, 32.95945945945946, 32.95495495495496, 32.957657657657656, 32.964864864864865, 32.95585585585585, 32.95585585585585, 32.95585585585586, 32.962162162162166, 32.96396396396397, 32.95315315315315, 32.95585585585585, 32.954054054054055, 32.97207207207207, 32.95855855855856, 32.95045045045045, 32.957657657657656, 32.957657657657656, 32.94504504504505, 32.95135135135135, 32.96126126126126, 32.954054054054055, 32.95585585585586, 32.96396396396396, 32.964864864864865, 32.961261261261264, 32.94954954954955, 32.95945945945946, 32.954054054054055, 32.954054054054055, 32.95225225225225, 32.950450450450454, 32.95135135135135, 32.957657657657656, 32.956756756756754, 32.96036036036036, 32.96666666666667, 32.961261261261264, 32.96306306306306, 32.956756756756754, 32.95135135135135, 32.954054054054055, 32.95945945945946, 32.95585585585585, 32.96216216216216, 32.95045045045045, 32.95945945945945, 32.95495495495495, 32.94774774774775, 32.95045045045045, 32.94864864864865, 32.946846846846846, 32.95045045045045, 32.94864864864865, 32.943243243243245, 32.94774774774775, 32.95495495495496, 32.94144144144144, 32.95495495495496, 32.95495495495496, 32.95225225225225, 32.95315315315315, 32.95135135135135, 32.95225225225225, 32.943243243243245, 32.94864864864865, 32.95495495495496, 32.943243243243245, 32.95135135135135, 32.94774774774775, 32.95495495495496, 32.956756756756754, 32.957657657657656, 32.95855855855856, 32.954054054054055, 32.95585585585586, 32.945945945945944, 32.95135135135135, 32.95495495495496, 32.950450450450454, 32.946846846846846, 32.954054054054055, 32.95495495495496, 32.96306306306306, 32.96036036036036, 32.95225225225225, 32.957657657657656, 32.957657657657656, 32.96036036036036, 32.957657657657656, 32.961261261261264, 32.95945945945946, 32.96216216216216, 32.96036036036036, 32.95585585585585, 32.951351351351356, 32.949549549549545, 32.95225225225225, 32.94864864864865, 32.95585585585586, 32.956756756756754, 32.961261261261264, 32.95585585585585, 32.95225225225226, 32.954054054054055, 32.95585585585585, 32.95135135135135, 32.95045045045045, 32.94864864864865, 32.94864864864865, 32.95225225225225, 32.95315315315315, 32.95945945945946, 32.96036036036036, 32.95855855855856, 32.960360360360355, 32.95675675675676, 32.95585585585586, 32.95225225225225, 32.95495495495496, 32.94954954954955, 32.95315315315315, 32.95135135135135, 32.96036036036036, 32.95585585585586, 32.94954954954955, 32.954054054054055, 32.94954954954955, 32.94954954954955, 32.95135135135135, 32.94954954954955, 32.95225225225225, 32.95855855855856, 32.957657657657656, 32.956756756756754, 32.95855855855856, 32.95855855855856, 32.957657657657656, 32.94954954954955, 32.95945945945946, 32.957657657657656, 32.95945945945946, 32.964864864864865, 32.956756756756754, 32.95675675675676, 32.96216216216216, 32.95855855855856, 32.95765765765766, 32.956756756756754, 32.957657657657656, 32.954054054054055, 32.945945945945944, 32.95225225225225, 32.95675675675676, 32.96396396396396, 32.96306306306306, 32.954054054054055, 32.954054054054055, 32.95315315315315, 32.94774774774775, 32.94414414414415, 32.94324324324324, 32.94774774774775, 32.94954954954955, 32.94234234234234, 32.94234234234234, 32.94144144144144, 32.94414414414415, 32.945945945945944, 32.95045045045045, 32.946846846846846, 32.950450450450454, 32.945945945945944, 32.94954954954955, 32.945945945945944, 32.94234234234234, 32.950450450450454, 32.95225225225225, 32.95225225225225, 32.946846846846846, 32.94864864864865, 32.945945945945944, 32.95045045045045, 32.956756756756754, 32.956756756756754, 32.95585585585586, 32.961261261261264, 32.954054054054055, 32.961261261261264, 32.95675675675676, 32.95315315315315, 32.958558558558565, 32.960360360360355, 32.957657657657656, 32.95585585585586, 32.94864864864865, 32.96036036036036, 32.96126126126126, 32.950450450450454, 32.95495495495496, 32.94324324324324, 32.95315315315315, 32.95315315315315, 32.95225225225225, 32.954054054054055, 32.95585585585585, 32.95315315315315, 32.954054054054055, 32.95045045045045, 32.95495495495496, 32.957657657657656, 32.949549549549545, 32.95585585585585, 32.95585585585585, 32.961261261261264, 32.956756756756754, 32.95945945945946, 32.954054054054055, 32.95225225225225, 32.95045045045045, 32.95225225225225, 32.95315315315315, 32.950450450450454, 32.95315315315315, 32.95675675675676, 32.95945945945946, 32.95135135135135, 32.95225225225225, 32.95315315315315, 32.95315315315315, 32.95495495495496, 32.954054054054055, 32.95225225225225, 32.954054054054055, 32.94864864864865, 32.95135135135135, 32.95135135135135, 32.945945945945944, 32.946846846846846, 32.94774774774775, 32.96036036036036, 32.96306306306306, 32.95225225225225, 32.95675675675676, 32.954054054054055, 32.957657657657656, 32.95585585585586, 32.95045045045045, 32.957657657657656, 32.95135135135135, 32.95225225225225, 32.95225225225225, 32.95045045045045, 32.946846846846846, 32.95585585585586, 32.96036036036036, 32.962162162162166, 32.954054054054055, 32.956756756756754, 32.954054054054055, 32.95135135135135, 32.95045045045045, 32.950450450450454, 32.95135135135135, 32.95225225225225, 32.95225225225225, 32.94774774774775, 32.95315315315315, 32.94504504504504, 32.95225225225225, 32.94954954954955, 32.94954954954955, 32.94504504504505, 32.954054054054055, 32.95225225225225, 32.94504504504504, 32.945945945945944, 32.95855855855856, 32.954054054054055, 32.945945945945944, 32.95045045045045, 32.94774774774775, 32.95315315315315, 32.94954954954955, 32.954054054054055, 32.95045045045045, 32.94864864864865, 32.95225225225225, 32.94504504504504, 32.95315315315315, 32.95045045045045, 32.95495495495496, 32.95225225225225, 32.94234234234234, 32.936036036036036, 32.94414414414414, 32.946846846846846, 32.94954954954955, 32.954054054054055, 32.950450450450454, 32.95495495495495, 32.957657657657656, 32.95135135135135, 32.95135135135135, 32.945945945945944, 32.94774774774775, 32.94504504504504, 32.946846846846846, 32.94504504504504, 32.956756756756754, 32.95495495495495, 32.950450450450454, 32.946846846846846, 31.943243243243245, 31.945045045045045, 31.950450450450454, 31.950450450450454, 31.945945945945944, 31.94684684684685, 31.947747747747744, 31.94054054054054, 31.94054054054054, 31.944144144144143, 31.949549549549552, 31.949549549549552, 31.950450450450454, 31.944144144144147, 31.949549549549552, 31.94684684684685, 31.947747747747748, 31.955855855855855, 31.95765765765766, 31.956756756756757, 31.94864864864865, 31.951351351351352, 31.945045045045042, 31.949549549549552, 31.951351351351352, 31.947747747747748, 31.954054054054055, 31.949549549549552, 31.951351351351352, 31.954954954954953, 31.95585585585586, 31.954954954954957, 31.954954954954957, 31.955855855855855, 31.953153153153156, 31.954954954954953, 31.95945945945946, 31.962162162162162, 31.962162162162162, 31.96036036036036, 31.96036036036036, 31.957657657657656, 31.96126126126126, 31.96306306306306, 31.96306306306306, 31.956756756756757, 31.953153153153153, 31.957657657657656, 31.953153153153153, 31.947747747747748, 31.95945945945946, 31.956756756756757, 31.96036036036036, 31.957657657657656, 31.954054054054055, 31.95225225225225, 31.94954954954955, 31.954054054054055, 31.95315315315315, 31.945945945945947, 31.94864864864865, 31.95405405405406, 31.94684684684685, 31.95225225225225, 31.945045045045042, 31.949549549549552, 31.953153153153153, 31.948648648648646, 31.952252252252254, 31.949549549549552, 31.95045045045045, 31.953153153153153, 31.95675675675676, 31.949549549549552, 31.95225225225225, 31.954054054054055, 31.950450450450454, 31.946846846846846, 31.947747747747748, 31.954954954954957, 31.943243243243245, 31.953153153153153]",0.9123258943683484,0.9295642204789324,32,"[33, 33, 33, 33, 33, 33, 33, 33, 33, 33, 33, 33, 33, 33, 33, 33, 33, 33, 33, 33, 33, 33, 33, 33, 33, 33, 33, 33, 33, 33, 33, 33, 33, 33, 33, 33, 33, 33, 33, 33, 33, 33, 33, 33, 33, 33, 33, 33, 33, 33, 33, 33, 33, 33, 33, 33, 33, 33, 33, 33, 33, 33, 33, 33, 33, 33, 33, 33, 33, 33, 33, 33, 33, 33, 33, 33, 33, 33, 33, 33, 33, 33, 33, 33, 33, 33, 33, 33, 33, 33, 33, 33, 33, 33, 33, 33, 33, 33, 33, 33, 33, 33, 33, 33, 33, 33, 33, 33, 33, 33, 33, 33, 33, 33, 33, 33, 33, 33, 33, 33, 33, 33, 33, 33, 33, 33, 33, 33, 33, 33, 33, 33, 33, 33, 33, 33, 33, 33, 33, 33, 33, 33, 33, 33, 33, 33, 33, 33, 33, 33, 33, 33, 33, 33, 33, 33, 33, 33, 33, 33, 33, 33, 33, 33, 33, 33, 33, 33, 33, 33, 33, 33, 33, 33, 33, 33, 33, 33, 33, 33, 33, 33, 33, 33, 33, 33, 33, 33, 33, 33, 33, 33, 33, 33, 33, 33, 33, 33, 33, 33, 33, 33, 33, 33, 33, 33, 33, 33, 33, 33, 33, 33, 33, 33, 33, 33, 33, 33, 33, 33, 33, 33, 33, 33, 33, 33, 33, 33, 33, 33, 33, 33, 33, 33, 33, 33, 33, 33, 33, 33, 33, 33, 33, 33, 33, 33, 33, 33, 33, 33, 33, 33, 33, 33, 33, 33, 33, 33, 33, 33, 33, 33, 33, 33, 33, 33, 33, 33, 33, 33, 33, 33, 33, 33, 33, 33, 33, 33, 33, 33, 33, 33, 33, 33, 33, 33, 33, 33, 33, 33, 33, 33, 33, 33, 33, 33, 33, 33, 33, 33, 33, 33, 33, 33, 33, 33, 33, 33, 33, 33, 33, 33, 33, 33, 33, 33, 33, 33, 33, 33, 33, 33, 33, 33, 33, 33, 33, 33, 33, 33, 33, 33, 33, 33, 33, 33, 33, 33, 33, 33, 33, 33, 33, 33, 33, 33, 33, 33, 33, 33, 33, 33, 33, 33, 33, 33, 33, 33, 33, 33, 33, 33, 33, 32, 32, 32, 32, 32, 32, 32, 32, 32, 32, 32, 32, 32, 32, 32, 32, 32, 32, 32, 32, 32, 32, 32, 32, 32, 32, 32, 32, 32, 32, 32, 32, 32, 32, 32, 32, 32, 32, 32, 32, 32, 32, 32, 32, 32, 32, 32, 32, 32, 32, 32, 32, 32, 32, 32, 32, 32, 32, 32, 32, 32, 32, 32, 32, 32, 32, 32, 32, 32, 32, 32, 32, 32, 32, 32, 32, 32, 32, 32, 32, 32, 32]",445,"[0.3882184326648712, 0.37818431854248047, 0.37263694405555725, 0.3699135482311249, 0.3657079339027405, 0.3618982434272766, 0.3597300052642822, 0.35627976059913635, 0.35344597697257996, 0.3509957790374756, 0.34730109572410583, 0.34664544463157654, 0.34228068590164185, 0.34084397554397583, 0.3364473283290863, 0.33430445194244385, 0.3311343789100647, 0.3281289041042328, 0.32574692368507385, 0.3225758671760559, 0.31977522373199463, 0.3170529007911682, 0.3135807514190674, 0.31528353691101074, 0.3090049624443054, 0.3034000098705292, 0.30034416913986206, 0.2955937087535858, 0.29189586639404297, 0.288337767124176, 0.2846892178058624, 0.28089672327041626, 0.27777597308158875, 0.27479028701782227, 0.2716766595840454, 0.26841723918914795, 0.26617708802223206, 0.2640962600708008, 0.2628469169139862, 0.25948283076286316, 0.26048922538757324, 0.25671154260635376, 0.25446516275405884, 0.2539084553718567, 0.25191861391067505, 0.24970176815986633, 0.24878427386283875, 0.24738633632659912, 0.24888043105602264, 0.24441713094711304, 0.24301323294639587, 0.24207712709903717, 0.24012379348278046, 0.23866651952266693, 0.24141111969947815, 0.2381245642900467, 0.23638716340065002, 0.23537443578243256, 0.23450319468975067, 0.2344846874475479, 0.23392166197299957, 0.235183447599411, 0.22940471768379211, 0.23048721253871918, 0.22774675488471985, 0.2265620231628418, 0.22597044706344604, 0.2256746143102646, 0.22437046468257904, 0.22299669682979584, 0.22221435606479645, 0.2217317372560501, 0.22089079022407532, 0.21948575973510742, 0.21953356266021729, 0.21870176494121552, 0.2166662961244583, 0.21644040942192078, 0.21519960463047028, 0.21518920361995697, 0.21531212329864502, 0.2183026820421219, 0.21357925236225128, 0.21281026303768158, 0.21187323331832886, 0.21162299811840057, 0.2156940996646881, 0.20996128022670746, 0.20923084020614624, 0.20989790558815002, 0.21004599332809448, 0.20698390901088715, 0.20670248568058014, 0.20812761783599854, 0.20934082567691803, 0.20577482879161835, 0.20522278547286987, 0.20699462294578552, 0.20532791316509247, 0.20637370645999908, 0.20270387828350067, 0.20475777983665466, 0.20407341420650482, 0.20365621149539948, 0.20615854859352112, 0.20137269794940948, 0.20089517533779144, 0.20319341123104095, 0.200860857963562, 0.20118381083011627, 0.2028510421514511, 0.20202651619911194, 0.20191016793251038, 0.20118743181228638, 0.19870397448539734, 0.1987808793783188, 0.19928428530693054, 0.19931520521640778, 0.19832557439804077, 0.19920013844966888, 0.19732534885406494, 0.1973467469215393, 0.2015329748392105, 0.19762074947357178, 0.1985665112733841, 0.20290979743003845, 0.1964377909898758, 0.19703955948352814, 0.19604335725307465, 0.1963290423154831, 0.1997372806072235, 0.19598999619483948, 0.19704505801200867, 0.1958354413509369, 0.19610589742660522, 0.19604043662548065, 0.1966060847043991, 0.19585895538330078, 0.19626475870609283, 0.19625736773014069, 0.19682031869888306, 0.19430285692214966, 0.19348040223121643, 0.19390501081943512, 0.1952451914548874, 0.19696754217147827, 0.19616298377513885, 0.19388513267040253, 0.19615758955478668, 0.19553667306900024, 0.19969363510608673, 0.1921883225440979, 0.19180752336978912, 0.19203124940395355, 0.19125843048095703, 0.19338057935237885, 0.19204048812389374, 0.19594676792621613, 0.1952708661556244, 0.19199146330356598, 0.19213834404945374, 0.19013477861881256, 0.19193865358829498, 0.19116045534610748, 0.1914861500263214, 0.19314271211624146, 0.192978635430336, 0.1904653012752533, 0.18999390304088593, 0.19314780831336975, 0.19567443430423737, 0.1900765746831894, 0.19214561581611633, 0.1898992657661438, 0.19014891982078552, 0.19134421646595, 0.19515733420848846, 0.1934189796447754, 0.18860258162021637, 0.19079329073429108, 0.19023200869560242, 0.18840208649635315, 0.18805177509784698, 0.18854616582393646, 0.1889709085226059, 0.1883656084537506, 0.19365805387496948, 0.1882702261209488, 0.1899854689836502, 0.1879613697528839, 0.18930543959140778, 0.1883051097393036, 0.18663038313388824, 0.18855392932891846, 0.18669284880161285, 0.18664699792861938, 0.19179411232471466, 0.18742848932743073, 0.18839238584041595, 0.1874808371067047, 0.1874101758003235, 0.18906252086162567, 0.18880052864551544, 0.1895238161087036, 0.18989208340644836, 0.18830430507659912, 0.18711459636688232, 0.18769842386245728, 0.18656499683856964, 0.1869579255580902, 0.1868661493062973, 0.18732327222824097, 0.18633100390434265, 0.1892889142036438, 0.1903727650642395, 0.18881046772003174, 0.18842552602291107, 0.18539147078990936, 0.18896551430225372, 0.19176942110061646, 0.18558908998966217, 0.19191910326480865, 0.18594354391098022, 0.1880292147397995, 0.18398796021938324, 0.19050489366054535, 0.19057436287403107, 0.18558937311172485, 0.18537357449531555, 0.18599021434783936, 0.1876097172498703, 0.18515336513519287, 0.18762899935245514, 0.18761833012104034, 0.18476764857769012, 0.18943029642105103, 0.18913555145263672, 0.18826301395893097, 0.18654216825962067, 0.18954160809516907, 0.18640223145484924, 0.1872326135635376, 0.18774183094501495, 0.18363244831562042, 0.18585121631622314, 0.18749982118606567, 0.18899208307266235, 0.1907319575548172, 0.18457956612110138, 0.18996621668338776, 0.18850785493850708, 0.1859658807516098, 0.1923481971025467, 0.18580575287342072, 0.18881580233573914, 0.18599845468997955, 0.1882391721010208, 0.18558964133262634, 0.190553680062294, 0.1855446696281433, 0.18598538637161255, 0.1875695437192917, 0.18668468296527863, 0.18418903648853302, 0.18720299005508423, 0.1875198483467102, 0.18703868985176086, 0.1860557347536087, 0.1879758983850479, 0.18828311562538147, 0.1857031285762787, 0.18550840020179749, 0.18770486116409302, 0.18774861097335815, 0.189895898103714, 0.18804337084293365, 0.18632349371910095, 0.18612168729305267, 0.18983078002929688, 0.1905800998210907, 0.18655604124069214, 0.18687842786312103, 0.18920226395130157, 0.18593011796474457, 0.18660899996757507, 0.18681402504444122, 0.18674732744693756, 0.18882329761981964, 0.19202716648578644, 0.1905418038368225, 0.18838472664356232, 0.18794679641723633, 0.19245165586471558, 0.19076687097549438, 0.18772052228450775, 0.18998050689697266, 0.18890827894210815, 0.1975482702255249, 0.18847207725048065, 0.18830059468746185, 0.19093899428844452, 0.19483083486557007, 0.18748022615909576, 0.19220991432666779, 0.18996155261993408, 0.19479015469551086, 0.1918686330318451, 0.19293926656246185, 0.18920069932937622, 0.1901240199804306, 0.18984782695770264, 0.18819129467010498, 0.19442376494407654, 0.19203060865402222, 0.1908917874097824, 0.18913999199867249, 0.19139063358306885, 0.19221769273281097, 0.19079884886741638, 0.1951039880514145, 0.19123004376888275, 0.1908339262008667, 0.19311757385730743, 0.19099928438663483, 0.18985553085803986, 0.19357284903526306, 0.19060802459716797, 0.19114384055137634, 0.1939629316329956, 0.1964349001646042, 0.19246093928813934, 0.19125528633594513, 0.19527600705623627, 0.19264689087867737, 0.19053392112255096, 0.1971897929906845, 0.19481506943702698, 0.19368824362754822, 0.19253009557724, 0.19144417345523834, 0.19200584292411804, 0.19578346610069275, 0.19248314201831818, 0.1918400377035141, 0.19312594830989838, 0.1954030841588974, 0.1949034184217453, 0.19514699280261993, 0.19791299104690552, 0.19536563754081726, 0.1936020702123642, 0.19334676861763, 0.1921088546514511, 0.19405561685562134, 0.1946646124124527, 0.19541122019290924, 0.19495826959609985, 0.19282567501068115, 0.19364911317825317, 0.19344645738601685, 0.19325432181358337, 0.19474361836910248, 0.19481147825717926, 0.1962592750787735, 0.19499683380126953, 0.19571971893310547, 0.19643999636173248, 0.19733232259750366, 0.20043039321899414, 0.1979874223470688, 0.19791294634342194, 0.19602026045322418, 0.19713109731674194, 0.19768774509429932, 0.1991012543439865, 0.19645777344703674, 0.19672733545303345, 0.20000003278255463, 0.19602283835411072, 0.19807922840118408, 0.19901172816753387, 0.19933202862739563, 0.2023431360721588, 0.20074144005775452, 0.20411472022533417, 0.19922848045825958, 0.19949905574321747, 0.19739411771297455, 0.19805215299129486, 0.1999778300523758, 0.19812431931495667, 0.20007680356502533, 0.20078645646572113, 0.20003844797611237, 0.199998676776886, 0.20084623992443085, 0.20342479646205902, 0.20226871967315674, 0.20827703177928925, 0.20600534975528717, 0.20185257494449615, 0.2011309117078781, 0.20465373992919922, 0.20481006801128387, 0.205081045627594, 0.20289449393749237, 0.20062649250030518, 0.20070962607860565, 0.20428505539894104, 0.20300792157649994, 0.20259982347488403, 0.20503051578998566, 0.20480531454086304, 0.21093325316905975, 0.20625314116477966, 0.20488491654396057, 0.20751838386058807, 0.2055666744709015, 0.20926636457443237, 0.20822246372699738, 0.20795521140098572, 0.2126922458410263, 0.21129900217056274, 0.20424918830394745, 0.20583778619766235, 0.20598407089710236, 0.2090035080909729, 0.20845121145248413, 0.20828132331371307, 0.20782585442066