,number,value,datetime_start,datetime_complete,duration,params_batch_size_scaler,params_constant_learning_rate,params_depth,params_epochs,params_kernel_l2,params_num_trees,params_temperature,user_attrs_accuracy_test,user_attrs_accuracy_valid,user_attrs_approximate_feature_sparsity,user_attrs_approximate_feature_sparsity_history,user_attrs_approximate_weight_sparsity,user_attrs_approximate_weight_sparsity_history,user_attrs_auc_test,user_attrs_auc_valid,user_attrs_feature_sparsity,user_attrs_feature_sparsity_history,user_attrs_num_epochs,user_attrs_val_loss_history,user_attrs_weight_sparsity,user_attrs_weight_sparsity_history,state
109,109,0.5,2024-08-31 05:20:32.207702,2024-08-31 05:23:01.539363,0 days 00:02:29.331661,1,0.2461285913714901,2,185,0.46792120615580146,16,0.0001931846829752219,0.859,0.85875,0,"[33, 5, 3, 3, 2, 2, 1, 1, 1, 1, 0, 0, 0, 0, 0, 0, 0, 0, 0, 0, 0, 0, 0, 0, 0, 0, 0, 0, 0, 0, 0, 0, 0, 0, 0, 0, 0, 0, 0, 0, 0, 0, 0, 0, 0, 0, 0, 0, 0, 0, 0, 0, 0, 0, 0, 0, 0, 0, 0, 0, 0, 0, 0, 0, 0, 0, 0, 0, 0, 0, 0, 0, 0, 0, 0, 0, 0, 0, 0, 0, 0, 0, 0, 0, 0, 0, 0, 0, 0, 0, 0, 0, 0, 0, 0, 0, 0, 0, 0, 0, 0, 0, 0, 0, 0, 0, 0, 0, 0, 0, 0, 0, 0, 0, 0, 0, 0, 0, 0, 0, 0, 0, 0, 0, 0, 0, 0, 0, 0, 0, 0, 0, 0, 0, 0, 0, 0, 0, 0, 0, 0, 0, 0, 0, 0, 0, 0, 0, 0, 0, 0, 0, 0, 0, 0, 0, 0, 0, 0, 0, 0, 0, 0, 0, 0, 0, 0, 0, 0, 0, 0, 0, 0, 0, 0, 0, 0, 0, 0, 0, 0, 0, 0, 0, 0]",0.0,"[32.979166666666664, 5.0, 3.0, 3.0, 2.0, 2.0, 1.0, 1.0, 1.0, 1.0, 0.0, 0.0, 0.0, 0.0, 0.0, 0.0, 0.0, 0.0, 0.0, 0.0, 0.0, 0.0, 0.0, 0.0, 0.0, 0.0, 0.0, 0.0, 0.0, 0.0, 0.0, 0.0, 0.0, 0.0, 0.0, 0.0, 0.0, 0.0, 0.0, 0.0, 0.0, 0.0, 0.0, 0.0, 0.0, 0.0, 0.0, 0.0, 0.0, 0.0, 0.0, 0.0, 0.0, 0.0, 0.0, 0.0, 0.0, 0.0, 0.0, 0.0, 0.0, 0.0, 0.0, 0.0, 0.0, 0.0, 0.0, 0.0, 0.0, 0.0, 0.0, 0.0, 0.0, 0.0, 0.0, 0.0, 0.0, 0.0, 0.0, 0.0, 0.0, 0.0, 0.0, 0.0, 0.0, 0.0, 0.0, 0.0, 0.0, 0.0, 0.0, 0.0, 0.0, 0.0, 0.0, 0.0, 0.0, 0.0, 0.0, 0.0, 0.0, 0.0, 0.0, 0.0, 0.0, 0.0, 0.0, 0.0, 0.0, 0.0, 0.0, 0.0, 0.0, 0.0, 0.0, 0.0, 0.0, 0.0, 0.0, 0.0, 0.0, 0.0, 0.0, 0.0, 0.0, 0.0, 0.0, 0.0, 0.0, 0.0, 0.0, 0.0, 0.0, 0.0, 0.0, 0.0, 0.0, 0.0, 0.0, 0.0, 0.0, 0.0, 0.0, 0.0, 0.0, 0.0, 0.0, 0.0, 0.0, 0.0, 0.0, 0.0, 0.0, 0.0, 0.0, 0.0, 0.0, 0.0, 0.0, 0.0, 0.0, 0.0, 0.0, 0.0, 0.0, 0.0, 0.0, 0.0, 0.0, 0.0, 0.0, 0.0, 0.0, 0.0, 0.0, 0.0, 0.0, 0.0, 0.0, 0.0, 0.0, 0.0, 0.0, 0.0, 0.0]",0.5,0.5,0,"[33, 5, 3, 3, 2, 2, 1, 1, 1, 1, 0, 0, 0, 0, 0, 0, 0, 0, 0, 0, 0, 0, 0, 0, 0, 0, 0, 0, 0, 0, 0, 0, 0, 0, 0, 0, 0, 0, 0, 0, 0, 0, 0, 0, 0, 0, 0, 0, 0, 0, 0, 0, 0, 0, 0, 0, 0, 0, 0, 0, 0, 0, 0, 0, 0, 0, 0, 0, 0, 0, 0, 0, 0, 0, 0, 0, 0, 0, 0, 0, 0, 0, 0, 0, 0, 0, 0, 0, 0, 0, 0, 0, 0, 0, 0, 0, 0, 0, 0, 0, 0, 0, 0, 0, 0, 0, 0, 0, 0, 0, 0, 0, 0, 0, 0, 0, 0, 0, 0, 0, 0, 0, 0, 0, 0, 0, 0, 0, 0, 0, 0, 0, 0, 0, 0, 0, 0, 0, 0, 0, 0, 0, 0, 0, 0, 0, 0, 0, 0, 0, 0, 0, 0, 0, 0, 0, 0, 0, 0, 0, 0, 0, 0, 0, 0, 0, 0, 0, 0, 0, 0, 0, 0, 0, 0, 0, 0, 0, 0, 0, 0, 0, 0, 0, 0]",185,"[0.42313700914382935, 0.3868926167488098, 0.38785916566848755, 0.3860115706920624, 0.3888579308986664, 0.39014896750450134, 0.40680253505706787, 0.3945334553718567, 0.40434619784355164, 0.39275020360946655, 0.40883898735046387, 0.41062167286872864, 0.4072679281234741, 0.4161735773086548, 0.4089532494544983, 0.4187410771846771, 0.4132041037082672, 0.4072292447090149, 0.4099629521369934, 0.4083317220211029, 0.40737244486808777, 0.4130280315876007, 0.412336528301239, 0.4204714894294739, 0.41029590368270874, 0.40731754899024963, 0.40968114137649536, 0.4346018135547638, 0.4072260558605194, 0.40917596220970154, 0.41012781858444214, 0.4136360287666321, 0.41549625992774963, 0.40850722789764404, 0.40798836946487427, 0.4073280096054077, 0.4118177890777588, 0.4113994836807251, 0.40726664662361145, 0.4073962867259979, 0.40798187255859375, 0.4073488116264343, 0.4141327738761902, 0.40736091136932373, 0.4126049280166626, 0.407657653093338, 0.41043853759765625, 0.41294872760772705, 0.4075583517551422, 0.4142870306968689, 0.4073513150215149, 0.40777215361595154, 0.40900421142578125, 0.41059574484825134, 0.40747249126434326, 0.4074271321296692, 0.41606175899505615, 0.4075075387954712, 0.40932804346084595, 0.4081404209136963, 0.41016438603401184, 0.4082501232624054, 0.4097665846347809, 0.41002029180526733, 0.4095657467842102, 0.4073217809200287, 0.40898215770721436, 0.4096480906009674, 0.41202840209007263, 0.4113238453865051, 0.4112783670425415, 0.40931418538093567, 0.41372233629226685, 0.4089373052120209, 0.4074181318283081, 0.4108453691005707, 0.4083259701728821, 0.4077925384044647, 0.41440704464912415, 0.40726718306541443, 0.4075881242752075, 0.4086051285266876, 0.4072260558605194, 0.4078608751296997, 0.40922272205352783, 0.4148147702217102, 0.40857261419296265, 0.4106917977333069, 0.40990206599235535, 0.4279959201812744, 0.4074370861053467, 0.407887727022171, 0.40764889121055603, 0.4073266088962555, 0.4078027606010437, 0.4086260497570038, 0.4097175598144531, 0.40747353434562683, 0.424963116645813, 0.40733349323272705, 0.4213172197341919, 0.411113440990448, 0.42171981930732727, 0.4180445075035095, 0.4082271456718445, 0.40843886137008667, 0.40894266963005066, 0.41595590114593506, 0.4127807915210724, 0.407719224691391, 0.4079118072986603, 0.40729260444641113, 0.4103093445301056, 0.4095067083835602, 0.4417787492275238, 0.40952789783477783, 0.4228653609752655, 0.40736931562423706, 0.4148545563220978, 0.40728387236595154, 0.40986114740371704, 0.4099789559841156, 0.41060760617256165, 0.4132269322872162, 0.41290348768234253, 0.4203454852104187, 0.4072272777557373, 0.4072292447090149, 0.4077652096748352, 0.407853901386261, 0.41691598296165466, 0.42102324962615967, 0.40778055787086487, 0.4087488055229187, 0.40762078762054443, 0.4081084132194519, 0.40778106451034546, 0.41064196825027466, 0.4073011875152588, 0.41067761182785034, 0.40732261538505554, 0.4209699332714081, 0.41038185358047485, 0.4128414988517761, 0.40744972229003906, 0.4072285592556, 0.40753620862960815, 0.4084120988845825, 0.4099089503288269, 0.41000840067863464, 0.4076715409755707, 0.4129057228565216, 0.4072370231151581, 0.41167372465133667, 0.4088805317878723, 0.40737301111221313, 0.41034194827079773, 0.40723147988319397, 0.43036743998527527, 0.4076048731803894, 0.4137516915798187, 0.42221710085868835, 0.439767450094223, 0.4163948893547058, 0.4079399108886719, 0.4075879156589508, 0.40898269414901733, 0.4096607267856598, 0.40723541378974915, 0.41650718450546265, 0.40918564796447754, 0.4125015139579773, 0.41812294721603394, 0.42279061675071716, 0.4123184084892273, 0.4076842963695526, 0.4124489724636078, 0.4085249602794647, 0.4076668918132782, 0.40736156702041626, 0.4243273138999939, 0.4081621468067169, 0.40804484486579895, 0.4072645902633667, 0.40980151295661926]",0.0,"[33.0, 5.0, 3.0, 3.0, 2.0, 2.0, 1.0, 1.0, 1.0, 1.0, 0.0, 0.0, 0.0, 0.0, 0.0, 0.0, 0.0, 0.0, 0.0, 0.0, 0.0, 0.0, 0.0, 0.0, 0.0, 0.0, 0.0, 0.0, 0.0, 0.0, 0.0, 0.0, 0.0, 0.0, 0.0, 0.0, 0.0, 0.0, 0.0, 0.0, 0.0, 0.0, 0.0, 0.0, 0.0, 0.0, 0.0, 0.0, 0.0, 0.0, 0.0, 0.0, 0.0, 0.0, 0.0, 0.0, 0.0, 0.0, 0.0, 0.0, 0.0, 0.0, 0.0, 0.0, 0.0, 0.0, 0.0, 0.0, 0.0, 0.0, 0.0, 0.0, 0.0, 0.0, 0.0, 0.0, 0.0, 0.0, 0.0, 0.0, 0.0, 0.0, 0.0, 0.0, 0.0, 0.0, 0.0, 0.0, 0.0, 0.0, 0.0, 0.0, 0.0, 0.0, 0.0, 0.0, 0.0, 0.0, 0.0, 0.0, 0.0, 0.0, 0.0, 0.0, 0.0, 0.0, 0.0, 0.0, 0.0, 0.0, 0.0, 0.0, 0.0, 0.0, 0.0, 0.0, 0.0, 0.0, 0.0, 0.0, 0.0, 0.0, 0.0, 0.0, 0.0, 0.0, 0.0, 0.0, 0.0, 0.0, 0.0, 0.0, 0.0, 0.0, 0.0, 0.0, 0.0, 0.0, 0.0, 0.0, 0.0, 0.0, 0.0, 0.0, 0.0, 0.0, 0.0, 0.0, 0.0, 0.0, 0.0, 0.0, 0.0, 0.0, 0.0, 0.0, 0.0, 0.0, 0.0, 0.0, 0.0, 0.0, 0.0, 0.0, 0.0, 0.0, 0.0, 0.0, 0.0, 0.0, 0.0, 0.0, 0.0, 0.0, 0.0, 0.0, 0.0, 0.0, 0.0, 0.0, 0.0, 0.0, 0.0, 0.0, 0.0]",COMPLETE
110,110,0.8912419007870568,2024-08-31 05:23:01.552904,2024-08-31 05:24:17.136829,0 days 00:01:15.583925,16,0.13198848254516618,4,220,0.5990640794516883,78,0.00014978287461320117,0.889,0.88875,33,"[33, 33, 33, 33, 33, 33, 33, 33, 33, 33, 33, 33, 33, 33, 33, 33, 33, 33, 33, 33, 33, 33, 33, 33, 33, 33, 33, 33, 33, 33, 33, 33, 33, 33, 33, 33, 33, 33, 33, 33, 33, 33, 33, 33, 33, 33, 33, 33, 33, 33, 33, 33, 33, 33, 33, 33, 33, 33, 33, 33, 33, 33, 33, 33, 33, 33, 33, 33, 33, 33, 33, 33, 33, 33, 33, 33, 33, 33, 33, 33, 33, 33, 33, 33, 33, 33, 33, 33, 33, 33, 33, 33, 33, 33, 33, 33, 33, 33, 33, 33, 33, 33, 33, 33, 33, 33, 33, 33, 33, 33, 33, 33, 33, 33, 33, 33, 33, 33, 33, 33, 33, 33, 33, 33, 33, 33, 33, 33, 33, 33, 33, 33, 33, 33, 33, 33, 33, 33, 33, 33, 33, 33, 33, 33, 33, 33, 33, 33, 33, 33, 33, 33, 33, 33, 33, 33, 33, 33, 33, 33, 33, 33, 33, 33, 33, 33, 33, 33, 33, 33, 33, 33, 33, 33, 33, 33, 33, 33, 33, 33, 33, 33, 33, 33, 33, 33, 33, 33, 33, 33, 33, 33, 33, 33, 33, 33, 33, 33, 33, 33, 33, 33, 33, 33, 33, 33, 33, 33, 33, 33, 33, 33, 33, 33, 33, 33, 33, 33, 33, 33]",32.93333333333333,"[32.95811965811966, 32.95811965811966, 32.952991452991455, 32.94871794871795, 32.96153846153846, 32.957264957264954, 32.95213675213675, 32.95470085470085, 32.95811965811966, 32.955555555555556, 32.960683760683764, 32.95128205128205, 32.95213675213675, 32.94444444444444, 32.947863247863246, 32.95470085470086, 32.95982905982906, 32.95470085470086, 32.957264957264954, 32.94786324786325, 32.94871794871795, 32.95641025641026, 32.95811965811966, 32.96324786324786, 32.96153846153846, 32.95982905982906, 32.95042735042735, 32.95897435897436, 32.94700854700855, 32.955555555555556, 32.947008547008544, 32.94957264957265, 32.952991452991455, 32.95042735042735, 32.94700854700855, 32.94700854700855, 32.94615384615385, 32.94615384615385, 32.94188034188034, 32.94188034188034, 32.94358974358974, 32.94358974358974, 32.95384615384616, 32.95128205128205, 32.95213675213675, 32.947008547008544, 32.94358974358974, 32.94188034188034, 32.93846153846154, 32.94444444444444, 32.950427350427354, 32.950427350427354, 32.945299145299145, 32.950427350427354, 32.949572649572644, 32.94786324786325, 32.94444444444444, 32.94700854700855, 32.947863247863246, 32.952991452991455, 32.95811965811966, 32.95213675213675, 32.95384615384616, 32.95384615384616, 32.95213675213675, 32.949572649572644, 32.94444444444444, 32.94188034188034, 32.94444444444444, 32.93675213675214, 32.94017094017094, 32.93931623931624, 32.93931623931624, 32.94444444444444, 32.947008547008544, 32.94188034188034, 32.942735042735045, 32.93589743589744, 32.95042735042735, 32.94358974358975, 32.94444444444444, 32.93846153846154, 32.94615384615385, 32.94102564102564, 32.947863247863246, 32.94273504273504, 32.942735042735045, 32.93846153846154, 32.940170940170944, 32.93589743589744, 32.93931623931624, 32.942735042735045, 32.94102564102564, 32.945299145299145, 32.94102564102564, 32.94444444444444, 32.95213675213675, 32.95128205128205, 32.95470085470085, 32.95384615384615, 32.95470085470085, 32.94188034188034, 32.94700854700855, 32.940170940170944, 32.937606837606836, 32.93846153846154, 32.94957264957265, 32.93931623931624, 32.93333333333334, 32.93333333333334, 32.93675213675213, 32.942735042735045, 32.95042735042735, 32.94102564102564, 32.94444444444444, 32.942735042735045, 32.94444444444444, 32.945299145299145, 32.93931623931624, 32.94102564102565, 32.94871794871795, 32.95042735042735, 32.94273504273504, 32.94188034188034, 32.937606837606836, 32.93589743589743, 32.937606837606836, 32.94615384615385, 32.94273504273504, 32.94615384615385, 32.94957264957265, 32.94358974358974, 32.945299145299145, 32.94273504273504, 32.945299145299145, 32.94188034188034, 32.93931623931624, 32.93675213675213, 32.940170940170944, 32.93931623931624, 32.937606837606836, 32.93589743589744, 32.94615384615385, 32.937606837606836, 32.945299145299145, 32.94615384615385, 32.94358974358974, 32.94188034188034, 32.94444444444444, 32.94786324786325, 32.95213675213675, 32.94700854700855, 32.940170940170944, 32.93418803418804, 32.929059829059824, 32.92820512820513, 32.92820512820513, 32.93675213675213, 32.92991452991453, 32.93162393162393, 32.93589743589744, 32.93418803418804, 32.93675213675213, 32.942735042735045, 32.94444444444444, 32.94700854700855, 32.947863247863246, 32.95042735042735, 32.94871794871795, 32.94358974358974, 32.94444444444444, 32.94444444444444, 32.947863247863246, 32.945299145299145, 32.94102564102564, 32.94188034188034, 32.95128205128205, 32.95384615384615, 32.95128205128205, 32.95213675213675, 32.952991452991455, 32.94444444444444, 32.94358974358974, 32.937606837606836, 32.93846153846154, 32.942735042735045, 32.945299145299145, 32.93931623931624, 32.937606837606836, 32.945299145299145, 32.940170940170944, 32.93675213675213, 32.940170940170944, 32.94358974358975, 32.94615384615385, 32.95128205128205, 32.947863247863246, 32.94188034188034, 32.93589743589744, 32.93675213675213, 32.92820512820513, 32.92735042735043, 32.932478632478634, 32.93076923076923, 32.93589743589743, 32.93589743589744, 32.93418803418804, 32.93162393162393, 32.932478632478634, 32.93333333333334, 32.93589743589743, 32.93589743589743, 32.93846153846154, 32.935042735042735, 32.93418803418804, 32.929059829059824, 32.93162393162393, 32.927350427350426, 32.93162393162393, 32.93333333333333]",0.8773520256937393,0.8912419007870568,33,"[33, 33, 33, 33, 33, 33, 33, 33, 33, 33, 33, 33, 33, 33, 33, 33, 33, 33, 33, 33, 33, 33, 33, 33, 33, 33, 33, 33, 33, 33, 33, 33, 33, 33, 33, 33, 33, 33, 33, 33, 33, 33, 33, 33, 33, 33, 33, 33, 33, 33, 33, 33, 33, 33, 33, 33, 33, 33, 33, 33, 33, 33, 33, 33, 33, 33, 33, 33, 33, 33, 33, 33, 33, 33, 33, 33, 33, 33, 33, 33, 33, 33, 33, 33, 33, 33, 33, 33, 33, 33, 33, 33, 33, 33, 33, 33, 33, 33, 33, 33, 33, 33, 33, 33, 33, 33, 33, 33, 33, 33, 33, 33, 33, 33, 33, 33, 33, 33, 33, 33, 33, 33, 33, 33, 33, 33, 33, 33, 33, 33, 33, 33, 33, 33, 33, 33, 33, 33, 33, 33, 33, 33, 33, 33, 33, 33, 33, 33, 33, 33, 33, 33, 33, 33, 33, 33, 33, 33, 33, 33, 33, 33, 33, 33, 33, 33, 33, 33, 33, 33, 33, 33, 33, 33, 33, 33, 33, 33, 33, 33, 33, 33, 33, 33, 33, 33, 33, 33, 33, 33, 33, 33, 33, 33, 33, 33, 33, 33, 33, 33, 33, 33, 33, 33, 33, 33, 33, 33, 33, 33, 33, 33, 33, 33, 33, 33, 33, 33, 33, 33]",220,"[0.4276496171951294, 0.42205241322517395, 0.4179166853427887, 0.41456472873687744, 0.4117472469806671, 0.40942642092704773, 0.40763095021247864, 0.40574416518211365, 0.4043293297290802, 0.40298786759376526, 0.40174373984336853, 0.4007291793823242, 0.3996323347091675, 0.3988153040409088, 0.39775124192237854, 0.3967365026473999, 0.3958524465560913, 0.39513641595840454, 0.39440178871154785, 0.39416444301605225, 0.3929084539413452, 0.3921947479248047, 0.3917093575000763, 0.39094051718711853, 0.3903203308582306, 0.3897229731082916, 0.3891599774360657, 0.38837364315986633, 0.3876732885837555, 0.38708627223968506, 0.3866516947746277, 0.38607463240623474, 0.38531047105789185, 0.38466453552246094, 0.38386455178260803, 0.3832783102989197, 0.38271552324295044, 0.38206902146339417, 0.3815686106681824, 0.3810489773750305, 0.38025516271591187, 0.37997663021087646, 0.3790792226791382, 0.3787803649902344, 0.37793415784835815, 0.37743353843688965, 0.3770103454589844, 0.3761725127696991, 0.37589940428733826, 0.3751380145549774, 0.37458565831184387, 0.3740190267562866, 0.3737042546272278, 0.3729328513145447, 0.3725035786628723, 0.37197190523147583, 0.37142810225486755, 0.3710514307022095, 0.37075871229171753, 0.3699019253253937, 0.37009522318840027, 0.3688186705112457, 0.36862102150917053, 0.36787688732147217, 0.36736029386520386, 0.3668314218521118, 0.36640509963035583, 0.3662002980709076, 0.3655053377151489, 0.3650898039340973, 0.36458060145378113, 0.36413493752479553, 0.36361342668533325, 0.36300158500671387, 0.36262932419776917, 0.362040638923645, 0.3616775572299957, 0.3612620532512665, 0.3607161045074463, 0.36071065068244934, 0.3599299490451813, 0.35937368869781494, 0.35863226652145386, 0.35833069682121277, 0.35794106125831604, 0.3573741614818573, 0.35684043169021606, 0.3567879796028137, 0.35631343722343445, 0.35614338517189026, 0.35519012808799744, 0.35473009943962097, 0.3543090522289276, 0.3538697361946106, 0.35324588418006897, 0.35291457176208496, 0.3524446487426758, 0.35191649198532104, 0.351708322763443, 0.35107868909835815, 0.35084325075149536, 0.3501531183719635, 0.34968888759613037, 0.3493094742298126, 0.3488510251045227, 0.34855473041534424, 0.34805798530578613, 0.3475273549556732, 0.3475099503993988, 0.34686416387557983, 0.3461231589317322, 0.34555062651634216, 0.3450036942958832, 0.34470808506011963, 0.3439024090766907, 0.34352943301200867, 0.3431262671947479, 0.34259170293807983, 0.3423649072647095, 0.342210054397583, 0.3411281108856201, 0.3407648503780365, 0.34052836894989014, 0.3397265374660492, 0.33924174308776855, 0.3389192223548889, 0.33828869462013245, 0.338165819644928, 0.3372233211994171, 0.33680734038352966, 0.33651506900787354, 0.33575108647346497, 0.3352355659008026, 0.3346194922924042, 0.33408474922180176, 0.33386868238449097, 0.3328886330127716, 0.33276352286338806, 0.33179008960723877, 0.33167439699172974, 0.3309778869152069, 0.3305354714393616, 0.32984283566474915, 0.33031681180000305, 0.32875365018844604, 0.3284299373626709, 0.3276921808719635, 0.3270479142665863, 0.32630816102027893, 0.32584771513938904, 0.32542169094085693, 0.3246253728866577, 0.32535263895988464, 0.32342982292175293, 0.323098748922348, 0.3220665752887726, 0.3216157555580139, 0.3209661841392517, 0.3206060528755188, 0.32112541794776917, 0.31926992535591125, 0.3185056447982788, 0.3180537819862366, 0.3175775706768036, 0.3169984519481659, 0.31677180528640747, 0.315729558467865, 0.3155267536640167, 0.3147951364517212, 0.3139742314815521, 0.3132919371128082, 0.31271952390670776, 0.3120651841163635, 0.312050998210907, 0.3109862208366394, 0.31067007780075073, 0.3099448084831238, 0.3094539940357208, 0.3086484670639038, 0.30825984477996826, 0.3075714111328125, 0.307218998670578, 0.30639010667800903, 0.3064102232456207, 0.306196004152298, 0.3050993084907532, 0.30466514825820923, 0.30425265431404114, 0.30351364612579346, 0.30292388796806335, 0.30272209644317627, 0.30184701085090637, 0.30129900574684143, 0.30084919929504395, 0.30022531747817993, 0.2998185455799103, 0.2993442416191101, 0.29909372329711914, 0.2982569634914398, 0.2974463999271393, 0.2969400882720947, 0.2966257929801941, 0.2961641550064087, 0.2956390976905823, 0.29566076397895813, 0.294677197933197, 0.2942982614040375, 0.2941504120826721, 0.2935403287410736, 0.29302290081977844, 0.2928043603897095, 0.2921633720397949, 0.29172298312187195, 0.29140225052833557, 0.2909877300262451, 0.29068899154663086, 0.29007211327552795, 0.2896881401538849, 0.28921765089035034, 0.2892259359359741]",33.0,"[33.0, 33.0, 33.0, 33.0, 33.0, 33.0, 33.0, 33.0, 33.0, 33.0, 33.0, 33.0, 33.0, 33.0, 33.0, 33.0, 33.0, 33.0, 33.0, 33.0, 33.0, 33.0, 33.0, 33.0, 33.0, 33.0, 33.0, 33.0, 33.0, 33.0, 33.0, 33.0, 33.0, 33.0, 33.0, 33.0, 33.0, 33.0, 33.0, 33.0, 33.0, 33.0, 33.0, 33.0, 33.0, 33.0, 33.0, 33.0, 33.0, 33.0, 33.0, 33.0, 33.0, 33.0, 33.0, 33.0, 33.0, 33.0, 33.0, 33.0, 33.0, 33.0, 33.0, 33.0, 33.0, 33.0, 33.0, 33.0, 33.0, 33.0, 33.0, 33.0, 33.0, 33.0, 33.0, 33.0, 33.0, 33.0, 33.0, 33.0, 33.0, 33.0, 33.0, 33.0, 33.0, 33.0, 33.0, 33.0, 33.0, 33.0, 33.0, 33.0, 33.0, 33.0, 33.0, 33.0, 33.0, 33.0, 33.0, 33.0, 33.0, 33.0, 33.0, 33.0, 33.0, 33.0, 33.0, 33.0, 33.0, 33.0, 33.0, 33.0, 33.0, 33.0, 33.0, 33.0, 33.0, 33.0, 33.0, 33.0, 33.0, 33.0, 33.0, 33.0, 33.0, 33.0, 33.0, 33.0, 33.0, 33.0, 33.0, 33.0, 33.0, 33.0, 33.0, 33.0, 33.0, 33.0, 33.0, 33.0, 33.0, 33.0, 33.0, 33.0, 33.0, 33.0, 33.0, 33.0, 33.0, 33.0, 33.0, 33.0, 33.0, 33.0, 33.0, 33.0, 33.0, 33.0, 33.0, 33.0, 33.0, 33.0, 33.0, 33.0, 33.0, 33.0, 33.0, 33.0, 33.0, 33.0, 33.0, 33.0, 33.0, 33.0, 33.0, 33.0, 33.0, 33.0, 33.0, 33.0, 33.0, 33.0, 33.0, 33.0, 33.0, 33.0, 33.0, 33.0, 33.0, 33.0, 33.0, 33.0, 33.0, 33.0, 33.0, 33.0, 33.0, 33.0, 33.0, 33.0, 33.0, 33.0, 33.0, 33.0, 33.0, 33.0, 33.0, 33.0, 33.0, 33.0, 33.0, 33.0, 33.0, 33.0, 33.0, 33.0, 33.0, 33.0, 33.0, 33.0]",COMPLETE
