,number,value,datetime_start,datetime_complete,duration,params_batch_size_scaler,params_constant_learning_rate,params_depth,params_epochs,params_kernel_l2,params_num_trees,params_temperature,user_attrs_accuracy_test,user_attrs_accuracy_valid,user_attrs_approximate_feature_sparsity,user_attrs_approximate_feature_sparsity_history,user_attrs_approximate_weight_sparsity,user_attrs_approximate_weight_sparsity_history,user_attrs_auc_test,user_attrs_auc_valid,user_attrs_feature_sparsity,user_attrs_feature_sparsity_history,user_attrs_num_epochs,user_attrs_val_loss_history,user_attrs_weight_sparsity,user_attrs_weight_sparsity_history,state
33,33,0.8778387499838982,2024-08-31 01:55:34.566507,2024-08-31 01:55:44.412434,0 days 00:00:09.845927,16,1.3779369597587299,1,95,0.020005864616986994,29,0.0003602691858057533,0.859,0.85875,6,"[33, 33, 33, 33, 33, 33, 33, 33, 33, 33, 32, 28, 25, 22, 19, 16, 15, 14, 13, 12, 11, 11, 11, 11, 11, 11, 11, 11, 11, 11, 11, 11, 11, 11, 11, 11, 11, 11, 11, 11, 11, 11, 11, 11, 11, 11, 11, 10, 7, 7, 7, 6, 6, 6, 6, 6, 6, 6, 6, 6, 6, 6, 6, 6, 6, 6, 6, 6, 6, 6, 6, 6, 6, 6, 6, 6, 6, 6, 6, 6, 6, 6, 6, 6, 6, 6, 6, 6, 6, 6, 6, 6, 6, 6, 6]",6.0,"[33.0, 33.0, 32.96551724137931, 32.96551724137931, 32.96551724137931, 33.0, 33.0, 33.0, 32.96551724137931, 33.0, 32.0, 28.0, 24.96551724137931, 22.0, 19.0, 16.0, 15.0, 14.0, 13.0, 12.0, 11.0, 11.0, 11.0, 11.0, 11.0, 11.0, 11.0, 10.96551724137931, 10.96551724137931, 11.0, 11.0, 10.96551724137931, 11.0, 11.0, 11.0, 11.0, 11.0, 11.0, 10.96551724137931, 11.0, 11.0, 10.96551724137931, 11.0, 11.0, 11.0, 11.0, 11.0, 10.0, 7.0, 7.0, 7.0, 6.0, 6.0, 6.0, 6.0, 6.0, 6.0, 6.0, 6.0, 6.0, 6.0, 6.0, 6.0, 6.0, 6.0, 5.9655172413793105, 6.0, 6.0, 6.0, 6.0, 6.0, 6.0, 6.0, 6.0, 6.0, 5.9655172413793105, 6.0, 6.0, 6.0, 6.0, 6.0, 6.0, 6.0, 6.0, 6.0, 6.0, 6.0, 6.0, 6.0, 6.0, 6.0, 6.0, 6.0, 6.0, 6.0]",0.8617640502315904,0.8778387499838982,6,"[33, 33, 33, 33, 33, 33, 33, 33, 33, 33, 32, 28, 25, 22, 19, 16, 15, 14, 13, 12, 11, 11, 11, 11, 11, 11, 11, 11, 11, 11, 11, 11, 11, 11, 11, 11, 11, 11, 11, 11, 11, 11, 11, 11, 11, 11, 11, 10, 7, 7, 7, 6, 6, 6, 6, 6, 6, 6, 6, 6, 6, 6, 6, 6, 6, 6, 6, 6, 6, 6, 6, 6, 6, 6, 6, 6, 6, 6, 6, 6, 6, 6, 6, 6, 6, 6, 6, 6, 6, 6, 6, 6, 6, 6, 6]",95,"[1.2656292915344238, 0.4415604770183563, 1.3590192794799805, 0.4573896527290344, 0.8965516686439514, 0.3794739544391632, 0.41284114122390747, 0.45261460542678833, 0.9695909023284912, 1.0427526235580444, 0.6438403129577637, 0.38841530680656433, 1.0537610054016113, 0.6721385717391968, 0.38621455430984497, 0.4144558608531952, 0.38388878107070923, 0.49123895168304443, 0.39027100801467896, 1.6340997219085693, 0.4078693389892578, 0.6544820666313171, 0.3674626052379608, 0.3827686309814453, 0.3924071490764618, 2.030524492263794, 1.833713173866272, 0.36810073256492615, 1.2459652423858643, 1.0936870574951172, 0.3479851186275482, 0.3592016100883484, 0.4808551073074341, 0.7664715647697449, 0.3855479061603546, 0.3777468800544739, 0.3608856201171875, 0.3648768961429596, 0.3335341513156891, 0.3236389458179474, 0.5490411520004272, 0.3071059286594391, 0.3962510824203491, 0.3448084592819214, 0.673596978187561, 0.4858797490596771, 0.36892327666282654, 0.32958048582077026, 0.34787043929100037, 1.565161108970642, 0.3578006625175476, 1.4545223712921143, 0.4327721893787384, 2.7957537174224854, 2.4863102436065674, 0.4137296974658966, 0.37690162658691406, 0.5528073310852051, 0.36351653933525085, 0.7418510913848877, 0.330040842294693, 0.48451969027519226, 2.829568386077881, 0.618755578994751, 0.3195255994796753, 0.36026787757873535, 1.7197009325027466, 0.44159257411956787, 0.4895308315753937, 0.34639817476272583, 0.4396358132362366, 0.9950811266899109, 0.31532713770866394, 0.6688603162765503, 0.34087109565734863, 0.4705551862716675, 0.4379144608974457, 0.3302799165248871, 0.37490975856781006, 0.421061247587204, 0.8999506235122681, 1.1617835760116577, 0.47108033299446106, 0.4654569625854492, 0.9145137071609497, 0.37684300541877747, 0.3716374933719635, 0.3953271210193634, 0.4147074818611145, 0.41086214780807495, 0.40189826488494873, 0.8801062107086182, 0.37126731872558594, 0.8229959011077881, 0.9407634139060974]",6.0,"[33.0, 33.0, 33.0, 33.0, 33.0, 33.0, 33.0, 33.0, 33.0, 33.0, 32.0, 28.0, 25.0, 22.0, 19.0, 16.0, 15.0, 14.0, 13.0, 12.0, 11.0, 11.0, 11.0, 11.0, 11.0, 11.0, 11.0, 11.0, 11.0, 11.0, 11.0, 11.0, 11.0, 11.0, 11.0, 11.0, 11.0, 11.0, 11.0, 11.0, 11.0, 11.0, 11.0, 11.0, 11.0, 11.0, 11.0, 10.0, 7.0, 7.0, 7.0, 6.0, 6.0, 6.0, 6.0, 6.0, 6.0, 6.0, 6.0, 6.0, 6.0, 6.0, 6.0, 6.0, 6.0, 6.0, 6.0, 6.0, 6.0, 6.0, 6.0, 6.0, 6.0, 6.0, 6.0, 6.0, 6.0, 6.0, 6.0, 6.0, 6.0, 6.0, 6.0, 6.0, 6.0, 6.0, 6.0, 6.0, 6.0, 6.0, 6.0, 6.0, 6.0, 6.0, 6.0]",COMPLETE
