,number,value,datetime_start,datetime_complete,duration,params_batch_size_scaler,params_constant_learning_rate,params_depth,params_epochs,params_kernel_l2,params_num_trees,params_temperature,user_attrs_accuracy_test,user_attrs_accuracy_valid,user_attrs_approximate_feature_sparsity,user_attrs_approximate_feature_sparsity_history,user_attrs_approximate_weight_sparsity,user_attrs_approximate_weight_sparsity_history,user_attrs_auc_test,user_attrs_auc_valid,user_attrs_feature_sparsity,user_attrs_feature_sparsity_history,user_attrs_num_epochs,user_attrs_val_loss_history,user_attrs_weight_sparsity,user_attrs_weight_sparsity_history,state
143,143,0.5,2024-08-31 07:07:31.222366,2024-08-31 07:11:08.412647,0 days 00:03:37.190281,1,0.2554017505173916,5,215,0.019260640698546175,1,0.006864403708289127,0.859,0.85875,0,"[5, 2, 2, 2, 2, 2, 2, 2, 2, 2, 1, 1, 1, 1, 1, 1, 1, 1, 1, 1, 1, 1, 1, 1, 1, 1, 1, 1, 1, 1, 1, 1, 1, 1, 1, 1, 1, 1, 1, 1, 1, 1, 1, 1, 1, 1, 1, 1, 1, 1, 1, 1, 1, 1, 1, 1, 1, 1, 1, 1, 1, 1, 1, 1, 1, 1, 1, 1, 1, 1, 1, 1, 1, 1, 1, 1, 1, 1, 1, 1, 1, 1, 1, 1, 1, 1, 1, 1, 1, 1, 1, 1, 1, 1, 1, 1, 1, 1, 1, 1, 1, 1, 1, 1, 1, 1, 1, 1, 1, 1, 1, 1, 1, 1, 1, 1, 1, 1, 1, 1, 1, 1, 1, 1, 1, 1, 1, 1, 1, 1, 1, 1, 1, 1, 1, 1, 1, 1, 1, 1, 1, 1, 1, 1, 1, 1, 1, 1, 1, 1, 1, 1, 1, 0, 0, 0, 0, 0, 0, 0, 0, 0, 0, 0, 0, 0, 0, 0, 0, 0, 0, 0, 0, 0, 0, 0, 0, 0, 0, 0, 0, 0, 0, 0, 0, 0, 0, 0, 0, 0, 0, 0, 0, 0, 0, 0, 0, 0, 0, 0, 0, 0, 0, 0, 0, 0, 0, 0, 0, 0, 0, 0, 0, 0, 0]",0.0,"[5.0, 2.0, 2.0, 2.0, 2.0, 2.0, 2.0, 2.0, 2.0, 2.0, 1.0, 1.0, 1.0, 1.0, 1.0, 1.0, 1.0, 1.0, 1.0, 1.0, 1.0, 1.0, 1.0, 1.0, 1.0, 1.0, 1.0, 1.0, 1.0, 1.0, 1.0, 1.0, 1.0, 1.0, 1.0, 1.0, 1.0, 1.0, 1.0, 1.0, 1.0, 1.0, 1.0, 1.0, 1.0, 1.0, 1.0, 1.0, 1.0, 1.0, 1.0, 1.0, 1.0, 1.0, 1.0, 1.0, 1.0, 1.0, 1.0, 1.0, 1.0, 1.0, 1.0, 1.0, 1.0, 1.0, 1.0, 1.0, 1.0, 1.0, 1.0, 1.0, 0.967741935483871, 0.967741935483871, 1.0, 1.0, 1.0, 1.0, 1.0, 1.0, 1.0, 1.0, 1.0, 1.0, 1.0, 1.0, 1.0, 1.0, 1.0, 1.0, 1.0, 1.0, 1.0, 1.0, 1.0, 1.0, 1.0, 1.0, 1.0, 1.0, 1.0, 1.0, 1.0, 1.0, 1.0, 1.0, 1.0, 1.0, 1.0, 1.0, 1.0, 1.0, 1.0, 1.0, 1.0, 1.0, 1.0, 1.0, 1.0, 1.0, 1.0, 1.0, 1.0, 1.0, 1.0, 1.0, 1.0, 1.0, 1.0, 1.0, 1.0, 1.0, 1.0, 1.0, 1.0, 1.0, 1.0, 1.0, 1.0, 1.0, 1.0, 1.0, 1.0, 1.0, 1.0, 1.0, 1.0, 1.0, 1.0, 1.0, 1.0, 1.0, 1.0, 0.0, 0.0, 0.0, 0.0, 0.0, 0.0, 0.0, 0.0, 0.0, 0.0, 0.0, 0.0, 0.0, 0.0, 0.0, 0.0, 0.0, 0.0, 0.0, 0.0, 0.0, 0.0, 0.0, 0.0, 0.0, 0.0, 0.0, 0.0, 0.0, 0.0, 0.0, 0.0, 0.0, 0.0, 0.0, 0.0, 0.0, 0.0, 0.0, 0.0, 0.0, 0.0, 0.0, 0.0, 0.0, 0.0, 0.0, 0.0, 0.0, 0.0, 0.0, 0.0, 0.0, 0.0, 0.0, 0.0, 0.0, 0.0, 0.0, 0.0, 0.0, 0.0]",0.5,0.5,0,"[5, 2, 2, 2, 2, 2, 2, 2, 2, 2, 1, 1, 1, 1, 1, 1, 1, 1, 1, 1, 1, 1, 1, 1, 1, 1, 1, 1, 1, 1, 1, 1, 1, 1, 1, 1, 1, 1, 1, 1, 1, 1, 1, 1, 1, 1, 1, 1, 1, 1, 1, 1, 1, 1, 1, 1, 1, 1, 1, 1, 1, 1, 1, 1, 1, 1, 1, 1, 1, 1, 1, 1, 1, 1, 1, 1, 1, 1, 1, 1, 1, 1, 1, 1, 1, 1, 1, 1, 1, 1, 1, 1, 1, 1, 1, 1, 1, 1, 1, 1, 1, 1, 1, 1, 1, 1, 1, 1, 1, 1, 1, 1, 1, 1, 1, 1, 1, 1, 1, 1, 1, 1, 1, 1, 1, 1, 1, 1, 1, 1, 1, 1, 1, 1, 1, 1, 1, 1, 1, 1, 1, 1, 1, 1, 1, 1, 1, 1, 1, 1, 1, 1, 1, 0, 0, 0, 0, 0, 0, 0, 0, 0, 0, 0, 0, 0, 0, 0, 0, 0, 0, 0, 0, 0, 0, 0, 0, 0, 0, 0, 0, 0, 0, 0, 0, 0, 0, 0, 0, 0, 0, 0, 0, 0, 0, 0, 0, 0, 0, 0, 0, 0, 0, 0, 0, 0, 0, 0, 0, 0, 0, 0, 0, 0, 0]",215,"[0.39716842770576477, 0.38880306482315063, 0.3873034417629242, 0.38654574751853943, 0.3858983516693115, 0.3851529657840729, 0.38493406772613525, 0.38353294134140015, 0.38383567333221436, 0.38285645842552185, 0.3864830732345581, 0.386311799287796, 0.38633084297180176, 0.3859655261039734, 0.38661885261535645, 0.3856811821460724, 0.3858107328414917, 0.38620540499687195, 0.3855911195278168, 0.3854055404663086, 0.3853447735309601, 0.3852900266647339, 0.38568055629730225, 0.3853720426559448, 0.3858140707015991, 0.38510408997535706, 0.38545021414756775, 0.3860616683959961, 0.3911251723766327, 0.38506561517715454, 0.38498756289482117, 0.38605090975761414, 0.38534900546073914, 0.38481369614601135, 0.3886043429374695, 0.3847849369049072, 0.3848596513271332, 0.3875514268875122, 0.3855995237827301, 0.38472980260849, 0.3853849172592163, 0.38498160243034363, 0.3866954445838928, 0.38487088680267334, 0.3846965730190277, 0.38481685519218445, 0.3855073153972626, 0.38465365767478943, 0.38460293412208557, 0.38591888546943665, 0.3848726749420166, 0.38574492931365967, 0.38434532284736633, 0.38522693514823914, 0.3843221664428711, 0.38541626930236816, 0.3845756947994232, 0.3843806982040405, 0.38534289598464966, 0.3844299614429474, 0.3851017355918884, 0.3845396339893341, 0.38419514894485474, 0.3863697946071625, 0.38603895902633667, 0.3841605484485626, 0.3841787576675415, 0.38439762592315674, 0.3842572271823883, 0.3842953145503998, 0.38724207878112793, 0.3850124478340149, 0.386344313621521, 0.38413214683532715, 0.3841186463832855, 0.3840891718864441, 0.38456860184669495, 0.3840782046318054, 0.38477131724357605, 0.38473284244537354, 0.38492485880851746, 0.3840295374393463, 0.38564690947532654, 0.38398241996765137, 0.38397538661956787, 0.38407203555107117, 0.38413920998573303, 0.3849959969520569, 0.3878048062324524, 0.3843488395214081, 0.38392174243927, 0.38401472568511963, 0.38711869716644287, 0.38618117570877075, 0.38445672392845154, 0.3841611444950104, 0.3838927745819092, 0.38460591435432434, 0.38406136631965637, 0.3838893175125122, 0.3850689232349396, 0.3845939338207245, 0.38421180844306946, 0.3854849636554718, 0.3844643533229828, 0.3846389055252075, 0.3841565251350403, 0.38401076197624207, 0.3850732147693634, 0.38385647535324097, 0.3854517340660095, 0.38380753993988037, 0.3880182206630707, 0.38459399342536926, 0.3848320245742798, 0.3897443115711212, 0.3838619887828827, 0.3863063156604767, 0.3841516077518463, 0.38459712266921997, 0.38385245203971863, 0.38467133045196533, 0.38389551639556885, 0.3842613101005554, 0.3838329017162323, 0.38573262095451355, 0.3857981860637665, 0.3837432861328125, 0.3856145143508911, 0.38384971022605896, 0.3841399848461151, 0.38393425941467285, 0.38383010029792786, 0.3837326765060425, 0.3851594626903534, 0.3843390643596649, 0.3837255835533142, 0.38381969928741455, 0.3838198184967041, 0.384049654006958, 0.3838071823120117, 0.3852006494998932, 0.38435477018356323, 0.3846597373485565, 0.38408973813056946, 0.3848467171192169, 0.38371601700782776, 0.3839877247810364, 0.38481903076171875, 0.383703351020813, 0.38386645913124084, 0.383758544921875, 0.38377246260643005, 0.40727055072784424, 0.40878018736839294, 0.40914368629455566, 0.4074611961841583, 0.4072265625, 0.41036704182624817, 0.4072270095348358, 0.40787550806999207, 0.40754684805870056, 0.40733858942985535, 0.4075700640678406, 0.40728721022605896, 0.4081796705722809, 0.40723639726638794, 0.40723803639411926, 0.4074016511440277, 0.4072892367839813, 0.4072328507900238, 0.40728768706321716, 0.4072352945804596, 0.4074133038520813, 0.408600777387619, 0.40754592418670654, 0.4075210988521576, 0.4072340130805969, 0.4089066684246063, 0.4072369337081909, 0.4079805314540863, 0.40765899419784546, 0.4076177477836609, 0.4075201451778412, 0.4104255735874176, 0.407713919878006, 0.407596617937088, 0.4077625274658203, 0.40735459327697754, 0.4076330065727234, 0.40780940651893616, 0.40727242827415466, 0.40752971172332764, 0.4073377847671509, 0.4076381325721741, 0.4072604477405548, 0.40723955631256104, 0.40722668170928955, 0.4091258943080902, 0.40848422050476074, 0.40739330649375916, 0.40756461024284363, 0.40744322538375854, 0.4076806306838989, 0.4072282910346985, 0.4073769748210907, 0.4072740972042084, 0.40731197595596313, 0.4072551727294922, 0.4072268605232239, 0.4072475731372833, 0.40797966718673706, 0.40755629539489746, 0.40729817748069763, 0.40744590759277344]",0.0,"[5.0, 2.0, 2.0, 2.0, 2.0, 2.0, 2.0, 2.0, 2.0, 2.0, 1.0, 1.0, 1.0, 1.0, 1.0, 1.0, 1.0, 1.0, 1.0, 1.0, 1.0, 1.0, 1.0, 1.0, 1.0, 1.0, 1.0, 1.0, 1.0, 1.0, 1.0, 1.0, 1.0, 1.0, 1.0, 1.0, 1.0, 1.0, 1.0, 1.0, 1.0, 1.0, 1.0, 1.0, 1.0, 1.0, 1.0, 1.0, 1.0, 1.0, 1.0, 1.0, 1.0, 1.0, 1.0, 1.0, 1.0, 1.0, 1.0, 1.0, 1.0, 1.0, 1.0, 1.0, 1.0, 1.0, 1.0, 1.0, 1.0, 1.0, 1.0, 1.0, 1.0, 1.0, 1.0, 1.0, 1.0, 1.0, 1.0, 1.0, 1.0, 1.0, 1.0, 1.0, 1.0, 1.0, 1.0, 1.0, 1.0, 1.0, 1.0, 1.0, 1.0, 1.0, 1.0, 1.0, 1.0, 1.0, 1.0, 1.0, 1.0, 1.0, 1.0, 1.0, 1.0, 1.0, 1.0, 1.0, 1.0, 1.0, 1.0, 1.0, 1.0, 1.0, 1.0, 1.0, 1.0, 1.0, 1.0, 1.0, 1.0, 1.0, 1.0, 1.0, 1.0, 1.0, 1.0, 1.0, 1.0, 1.0, 1.0, 1.0, 1.0, 1.0, 1.0, 1.0, 1.0, 1.0, 1.0, 1.0, 1.0, 1.0, 1.0, 1.0, 1.0, 1.0, 1.0, 1.0, 1.0, 1.0, 1.0, 1.0, 1.0, 0.0, 0.0, 0.0, 0.0, 0.0, 0.0, 0.0, 0.0, 0.0, 0.0, 0.0, 0.0, 0.0, 0.0, 0.0, 0.0, 0.0, 0.0, 0.0, 0.0, 0.0, 0.0, 0.0, 0.0, 0.0, 0.0, 0.0, 0.0, 0.0, 0.0, 0.0, 0.0, 0.0, 0.0, 0.0, 0.0, 0.0, 0.0, 0.0, 0.0, 0.0, 0.0, 0.0, 0.0, 0.0, 0.0, 0.0, 0.0, 0.0, 0.0, 0.0, 0.0, 0.0, 0.0, 0.0, 0.0, 0.0, 0.0, 0.0, 0.0, 0.0, 0.0]",COMPLETE
