,number,value,datetime_start,datetime_complete,duration,params_batch_size_scaler,params_constant_learning_rate,params_depth,params_epochs,params_kernel_l2,params_num_trees,params_temperature,user_attrs_accuracy_test,user_attrs_accuracy_valid,user_attrs_approximate_feature_sparsity,user_attrs_approximate_feature_sparsity_history,user_attrs_approximate_weight_sparsity,user_attrs_approximate_weight_sparsity_history,user_attrs_auc_test,user_attrs_auc_valid,user_attrs_feature_sparsity,user_attrs_feature_sparsity_history,user_attrs_num_epochs,user_attrs_val_loss_history,user_attrs_weight_sparsity,user_attrs_weight_sparsity_history,state
133,133,0.9138230861382696,2024-08-31 06:38:06.228569,2024-08-31 06:38:19.771517,0 days 00:00:13.542948,16,2.3537249084865466,4,20,0.005416243697151913,62,0.000473306715658833,0.91,0.9125,33,"[33, 33, 33, 33, 33, 33, 33, 33, 33, 33, 33, 33, 33, 33, 33, 33, 33, 33, 33, 33]",32.97204301075269,"[32.958064516129035, 32.96021505376344, 32.953763440860214, 32.96344086021506, 32.965591397849465, 32.953763440860214, 32.96989247311828, 32.96451612903226, 32.958064516129035, 32.956989247311824, 32.972043010752685, 32.96021505376344, 32.96451612903226, 32.962365591397855, 32.95913978494624, 32.965591397849465, 32.95913978494624, 32.961290322580645, 32.953763440860214, 32.97204301075269]",0.8933693309885319,0.9138230861382696,33,"[33, 33, 33, 33, 33, 33, 33, 33, 33, 33, 33, 33, 33, 33, 33, 33, 33, 33, 33, 33]",20,"[0.4066145420074463, 0.38491153717041016, 0.3472308814525604, 0.3536511957645416, 0.3271407186985016, 0.3337460458278656, 0.3122328519821167, 0.45028144121170044, 0.5044322609901428, 0.2775743007659912, 0.2665872275829315, 0.3175109326839447, 0.2761342525482178, 0.24706777930259705, 0.23773691058158875, 0.25561201572418213, 0.22902309894561768, 0.22612477838993073, 0.29447484016418457, 0.22365905344486237]",33.0,"[33.0, 33.0, 33.0, 33.0, 33.0, 33.0, 33.0, 33.0, 33.0, 33.0, 33.0, 33.0, 33.0, 33.0, 33.0, 33.0, 33.0, 33.0, 33.0, 33.0]",COMPLETE
134,134,0.9248753719519265,2024-08-31 06:38:23.821535,2024-08-31 06:39:21.999354,0 days 00:00:58.177819,1,1.5234386169702856,2,85,0.017378245850911172,73,0.0005009293686949924,0.937,0.94,19,"[33, 31, 28, 28, 26, 24, 22, 22, 22, 22, 21, 20, 20, 20, 20, 20, 20, 19, 19, 19, 19, 19, 19, 19, 19, 19, 19, 19, 19, 19, 19, 19, 19, 19, 19, 19, 19, 19, 19, 19, 19, 19, 19, 19, 19, 19, 19, 19, 19, 19, 19, 19, 19, 19, 19, 19, 19, 19, 19, 19, 19, 19, 19, 19, 19, 19, 19, 19, 19, 19, 19, 19, 19, 19, 19, 19, 19, 19, 19, 19, 19, 19, 19, 19, 19]",18.684931506849317,"[32.99543378995433, 30.972602739726028, 27.972602739726025, 27.972602739726028, 25.995433789954337, 23.977168949771688, 21.990867579908674, 21.990867579908674, 21.977168949771688, 21.972602739726028, 20.98630136986301, 19.972602739726028, 19.977168949771688, 19.986301369863014, 19.98173515981735, 19.95433789954338, 19.977168949771688, 18.972602739726028, 18.972602739726028, 18.98173515981735, 18.95890410958904, 18.968036529680365, 18.986301369863014, 18.977168949771688, 18.990867579908674, 18.968036529680365, 18.972602739726025, 18.95890410958904, 18.963470319634702, 18.958904109589042, 18.95433789954338, 18.95433789954338, 18.977168949771688, 18.908675799086758, 18.958904109589042, 18.945205479452053, 18.926940639269404, 18.95433789954338, 18.922374429223744, 18.95433789954338, 18.93607305936073, 18.93607305936073, 18.894977168949772, 18.908675799086758, 18.908675799086758, 18.926940639269407, 18.92237442922374, 18.940639269406393, 18.926940639269404, 18.89041095890411, 18.904109589041095, 18.917808219178085, 18.8675799086758, 18.899543378995435, 18.82648401826484, 18.89041095890411, 18.84931506849315, 18.840182648401825, 18.876712328767123, 18.858447488584474, 18.853881278538815, 18.840182648401825, 18.853881278538815, 18.863013698630137, 18.826484018264843, 18.84018264840183, 18.817351598173516, 18.80821917808219, 18.82191780821918, 18.849315068493148, 18.803652968036527, 18.821917808219176, 18.812785388127853, 18.844748858447492, 18.840182648401825, 18.753424657534243, 18.817351598173516, 18.78538812785388, 18.799086757990867, 18.78082191780822, 18.757990867579906, 18.735159817351597, 18.7945205479452, 18.80821917808219, 18.684931506849317]",0.915620175199597,0.9248753719519265,19,"[33, 31, 28, 28, 26, 24, 22, 22, 22, 22, 21, 20, 20, 20, 20, 20, 20, 19, 19, 19, 19, 19, 19, 19, 19, 19, 19, 19, 19, 19, 19, 19, 19, 19, 19, 19, 19, 19, 19, 19, 19, 19, 19, 19, 19, 19, 19, 19, 19, 19, 19, 19, 19, 19, 19, 19, 19, 19, 19, 19, 19, 19, 19, 19, 19, 19, 19, 19, 19, 19, 19, 19, 19, 19, 19, 19, 19, 19, 19, 19, 19, 19, 19, 19, 19]",85,"[1.8956120014190674, 1.7273869514465332, 2.0239529609680176, 0.5846126675605774, 0.509779155254364, 1.2574135065078735, 0.6532744765281677, 0.4038507342338562, 2.6185379028320312, 0.4362742602825165, 0.3248594403266907, 0.5810668468475342, 0.4952593743801117, 0.4659610688686371, 0.5137897729873657, 0.6282335519790649, 0.43235355615615845, 0.30548083782196045, 0.5031395554542542, 0.4708184003829956, 1.242612600326538, 0.35591933131217957, 0.4826788306236267, 0.38122645020484924, 0.3617071211338043, 0.694601833820343, 0.5019345283508301, 0.5514127612113953, 1.0005320310592651, 0.37978774309158325, 0.4306095540523529, 0.5013782978057861, 0.40897396206855774, 0.46322929859161377, 0.38673245906829834, 0.3767332136631012, 0.3611259460449219, 0.8734749555587769, 0.40290963649749756, 0.7517282366752625, 0.3771641254425049, 1.7935911417007446, 1.7853931188583374, 0.3558356761932373, 1.1981841325759888, 0.45570141077041626, 0.5793095827102661, 0.5742752552032471, 0.4508352279663086, 0.5292878150939941, 0.33743882179260254, 0.43289506435394287, 0.4956113398075104, 0.46615105867385864, 0.40650174021720886, 1.1321465969085693, 0.37216994166374207, 0.4024289846420288, 0.4159016013145447, 0.4360615015029907, 0.7631216645240784, 0.5288439393043518, 0.5058128833770752, 0.9349104166030884, 0.3778092563152313, 1.165634036064148, 0.5532664656639099, 0.6685343384742737, 0.45689108967781067, 0.5014618039131165, 0.3598409593105316, 0.413345068693161, 0.577334463596344, 0.5997900366783142, 0.4764108657836914, 0.5742455124855042, 0.4359365701675415, 0.40704110264778137, 0.41570210456848145, 0.45399630069732666, 0.4776434302330017, 0.7612415552139282, 0.5023452639579773, 0.4545217454433441, 0.793631374835968]",19.0,"[33.0, 31.0, 28.0, 28.0, 26.0, 24.0, 22.0, 22.0, 22.0, 22.0, 21.0, 20.0, 20.0, 20.0, 20.0, 20.0, 20.0, 19.0, 19.0, 19.0, 19.0, 19.0, 19.0, 19.0, 19.0, 19.0, 19.0, 19.0, 19.0, 19.0, 19.0, 19.0, 19.0, 19.0, 19.0, 19.0, 19.0, 19.0, 19.0, 19.0, 19.0, 19.0, 19.0, 19.0, 19.0, 19.0, 19.0, 19.0, 19.0, 19.0, 19.0, 19.0, 19.0, 19.0, 19.0, 19.0, 19.0, 19.0, 19.0, 19.0, 19.0, 19.0, 19.0, 19.0, 19.0, 19.0, 19.0, 19.0, 19.0, 19.0, 19.0, 19.0, 19.0, 19.0, 19.0, 19.0, 19.0, 19.0, 19.0, 19.0, 19.0, 19.0, 19.0, 19.0, 19.0]",COMPLETE
