,number,value,datetime_start,datetime_complete,duration,params_batch_size_scaler,params_constant_learning_rate,params_depth,params_epochs,params_kernel_l2,params_num_trees,params_temperature,user_attrs_accuracy_test,user_attrs_accuracy_valid,user_attrs_approximate_feature_sparsity,user_attrs_approximate_feature_sparsity_history,user_attrs_approximate_weight_sparsity,user_attrs_approximate_weight_sparsity_history,user_attrs_auc_test,user_attrs_auc_valid,user_attrs_feature_sparsity,user_attrs_feature_sparsity_history,user_attrs_num_epochs,user_attrs_val_loss_history,user_attrs_weight_sparsity,user_attrs_weight_sparsity_history,state
85,85,0.9077688036995529,2024-08-31 04:15:54.600952,2024-08-31 04:16:45.885612,0 days 00:00:51.284660,16,0.15073544114845025,4,235,0.2659348443346648,39,0.019481038107029402,0.906,0.8975,23,"[33, 33, 33, 33, 33, 33, 33, 33, 33, 33, 33, 33, 33, 33, 33, 33, 33, 33, 33, 33, 33, 33, 33, 33, 33, 33, 33, 33, 33, 33, 33, 33, 33, 33, 33, 33, 33, 33, 33, 33, 33, 33, 33, 33, 33, 33, 33, 33, 33, 33, 33, 33, 33, 33, 33, 33, 33, 33, 33, 33, 33, 33, 33, 33, 33, 33, 33, 33, 33, 33, 33, 33, 33, 33, 33, 33, 33, 33, 33, 33, 33, 33, 33, 33, 33, 33, 33, 33, 33, 33, 33, 33, 33, 33, 33, 33, 33, 33, 33, 33, 33, 33, 33, 33, 33, 33, 33, 33, 33, 33, 33, 33, 33, 33, 33, 33, 33, 33, 33, 33, 33, 33, 33, 33, 33, 33, 33, 33, 33, 33, 33, 33, 33, 33, 33, 33, 33, 33, 33, 33, 33, 33, 33, 33, 33, 33, 33, 33, 33, 33, 33, 33, 33, 33, 33, 33, 33, 33, 33, 33, 33, 33, 33, 33, 33, 33, 33, 33, 33, 33, 33, 33, 33, 33, 33, 33, 33, 33, 33, 33, 33, 33, 33, 33, 33, 33, 33, 33, 33, 33, 33, 33, 33, 33, 33, 33, 31, 31, 31, 31, 31, 31, 31, 31, 31, 31, 31, 30, 30, 30, 29, 29, 29, 29, 29, 27, 26, 25, 24, 24, 23, 23, 23, 23, 23, 23, 23, 23, 23, 23, 23, 23, 23, 23, 23]",22.972649572649573,"[32.955555555555556, 32.965811965811966, 32.97264957264957, 32.965811965811966, 32.96923076923077, 32.96923076923077, 32.95897435897436, 32.955555555555556, 32.96239316239316, 32.97264957264957, 32.95042735042735, 32.97094017094017, 32.965811965811966, 32.96239316239316, 32.96410256410256, 32.976068376068376, 32.96752136752137, 32.95213675213675, 32.94871794871795, 32.94871794871795, 32.955555555555556, 32.94871794871795, 32.96410256410256, 32.96410256410256, 32.96410256410256, 32.97094017094017, 32.96923076923077, 32.96923076923077, 32.965811965811966, 32.960683760683764, 32.965811965811966, 32.960683760683764, 32.955555555555556, 32.97094017094017, 32.96410256410256, 32.955555555555556, 32.977777777777774, 32.955555555555556, 32.965811965811966, 32.96923076923077, 32.96923076923077, 32.96752136752137, 32.96923076923077, 32.976068376068376, 32.981196581196585, 32.976068376068376, 32.97264957264957, 32.96923076923077, 32.95897435897436, 32.97264957264957, 32.96923076923077, 32.960683760683764, 32.96239316239316, 32.957264957264954, 32.96239316239316, 32.95384615384616, 32.957264957264954, 32.965811965811966, 32.96923076923077, 32.97094017094017, 32.96752136752137, 32.965811965811966, 32.96239316239316, 32.960683760683764, 32.96410256410256, 32.96752136752137, 32.96410256410256, 32.96752136752137, 32.96752136752137, 32.96923076923077, 32.96923076923077, 32.97435897435898, 32.97948717948718, 32.97264957264957, 32.98461538461538, 32.981196581196585, 32.96752136752137, 32.96410256410256, 32.96923076923077, 32.960683760683764, 32.965811965811966, 32.96923076923077, 32.96410256410256, 32.97435897435898, 32.97435897435898, 32.97094017094017, 32.965811965811966, 32.977777777777774, 32.976068376068376, 32.981196581196585, 32.977777777777774, 32.976068376068376, 32.976068376068376, 32.96923076923077, 32.97435897435898, 32.97094017094017, 32.97094017094017, 32.96410256410256, 32.96239316239316, 32.977777777777774, 32.97264957264957, 32.965811965811966, 32.96239316239316, 32.97094017094017, 32.965811965811966, 32.965811965811966, 32.96239316239316, 32.96410256410256, 32.94700854700855, 32.96752136752137, 32.96239316239316, 32.95897435897436, 32.957264957264954, 32.96410256410256, 32.95897435897436, 32.960683760683764, 32.960683760683764, 32.955555555555556, 32.96239316239316, 32.976068376068376, 32.97264957264957, 32.96239316239316, 32.96752136752137, 32.95897435897436, 32.95897435897436, 32.965811965811966, 32.955555555555556, 32.96752136752137, 32.97094017094017, 32.96752136752137, 32.95213675213675, 32.957264957264954, 32.95897435897436, 32.95897435897436, 32.96239316239316, 32.965811965811966, 32.96752136752137, 32.96410256410256, 32.965811965811966, 32.95897435897436, 32.95213675213675, 32.97094017094017, 32.96752136752137, 32.95897435897436, 32.96923076923077, 32.960683760683764, 32.955555555555556, 32.955555555555556, 32.94871794871795, 32.95042735042735, 32.95042735042735, 32.94871794871795, 32.95384615384616, 32.96239316239316, 32.957264957264954, 32.957264957264954, 32.95042735042735, 32.957264957264954, 32.95384615384616, 32.95897435897436, 32.955555555555556, 32.955555555555556, 32.96239316239316, 32.965811965811966, 32.965811965811966, 32.96752136752137, 32.95897435897436, 32.96239316239316, 32.95384615384616, 32.955555555555556, 32.955555555555556, 32.95897435897436, 32.96410256410256, 32.955555555555556, 32.95384615384616, 32.957264957264954, 32.955555555555556, 32.955555555555556, 32.96410256410256, 32.96923076923077, 32.96410256410256, 32.960683760683764, 32.95897435897436, 32.95897435897436, 32.965811965811966, 32.957264957264954, 32.95384615384616, 32.95213675213675, 32.96239316239316, 32.96752136752137, 32.97094017094017, 32.96923076923077, 32.96410256410256, 32.965811965811966, 32.960683760683764, 32.957264957264954, 30.95042735042735, 30.95897435897436, 30.94871794871795, 30.947008547008547, 30.95042735042735, 30.95897435897436, 30.953846153846154, 30.953846153846154, 30.947008547008547, 30.947008547008547, 30.952136752136752, 29.95897435897436, 29.955555555555556, 29.955555555555556, 28.955555555555556, 28.947008547008547, 28.953846153846154, 28.955555555555556, 28.947008547008547, 26.943589743589744, 25.953846153846154, 24.955555555555556, 23.96068376068376, 23.96068376068376, 22.964102564102564, 22.96068376068376, 22.964102564102564, 22.965811965811966, 22.955555555555556, 22.947008547008547, 22.943589743589744, 22.953846153846154, 22.95897435897436, 22.96068376068376, 22.964102564102564, 22.957264957264957, 22.955555555555556, 22.96068376068376, 22.972649572649573]",0.8874660457896779,0.9077688036995529,23,"[33, 33, 33, 33, 33, 33, 33, 33, 33, 33, 33, 33, 33, 33, 33, 33, 33, 33, 33, 33, 33, 33, 33, 33, 33, 33, 33, 33, 33, 33, 33, 33, 33, 33, 33, 33, 33, 33, 33, 33, 33, 33, 33, 33, 33, 33, 33, 33, 33, 33, 33, 33, 33, 33, 33, 33, 33, 33, 33, 33, 33, 33, 33, 33, 33, 33, 33, 33, 33, 33, 33, 33, 33, 33, 33, 33, 33, 33, 33, 33, 33, 33, 33, 33, 33, 33, 33, 33, 33, 33, 33, 33, 33, 33, 33, 33, 33, 33, 33, 33, 33, 33, 33, 33, 33, 33, 33, 33, 33, 33, 33, 33, 33, 33, 33, 33, 33, 33, 33, 33, 33, 33, 33, 33, 33, 33, 33, 33, 33, 33, 33, 33, 33, 33, 33, 33, 33, 33, 33, 33, 33, 33, 33, 33, 33, 33, 33, 33, 33, 33, 33, 33, 33, 33, 33, 33, 33, 33, 33, 33, 33, 33, 33, 33, 33, 33, 33, 33, 33, 33, 33, 33, 33, 33, 33, 33, 33, 33, 33, 33, 33, 33, 33, 33, 33, 33, 33, 33, 33, 33, 33, 33, 33, 33, 33, 33, 31, 31, 31, 31, 31, 31, 31, 31, 31, 31, 31, 30, 30, 30, 29, 29, 29, 29, 29, 27, 26, 25, 24, 24, 23, 23, 23, 23, 23, 23, 23, 23, 23, 23, 23, 23, 23, 23, 23]",235,"[0.43168962001800537, 0.4242318868637085, 0.4201796352863312, 0.41657260060310364, 0.4134953022003174, 0.4109902083873749, 0.40863651037216187, 0.40669986605644226, 0.4046259820461273, 0.40304702520370483, 0.4016156494617462, 0.40017595887184143, 0.3990185856819153, 0.3979242742061615, 0.3966478407382965, 0.395659476518631, 0.39464402198791504, 0.3936038911342621, 0.39270493388175964, 0.3918469250202179, 0.39097949862480164, 0.39014124870300293, 0.3892672657966614, 0.38841530680656433, 0.3875551223754883, 0.38685229420661926, 0.3861924409866333, 0.38529732823371887, 0.38436204195022583, 0.38346627354621887, 0.3827238380908966, 0.3819020986557007, 0.3811577558517456, 0.3804106116294861, 0.37962132692337036, 0.3789032995700836, 0.3783681392669678, 0.37754273414611816, 0.3769112527370453, 0.37622055411338806, 0.3752971291542053, 0.37485602498054504, 0.3740900754928589, 0.3732415437698364, 0.3727513551712036, 0.3718593716621399, 0.37112659215927124, 0.37036263942718506, 0.36975523829460144, 0.3689715564250946, 0.3683101534843445, 0.3678601086139679, 0.36722618341445923, 0.36648300290107727, 0.36580029129981995, 0.3650493621826172, 0.36439770460128784, 0.3637063205242157, 0.36312127113342285, 0.36233407258987427, 0.3616299331188202, 0.3607146739959717, 0.36009928584098816, 0.3594268560409546, 0.35892951488494873, 0.35821953415870667, 0.3573482036590576, 0.3565700650215149, 0.35595184564590454, 0.3552311956882477, 0.35486510396003723, 0.3544270694255829, 0.35339751839637756, 0.3527520000934601, 0.352059543132782, 0.35127580165863037, 0.35056498646736145, 0.34999924898147583, 0.3491808772087097, 0.3484466075897217, 0.34805357456207275, 0.3470838963985443, 0.34634536504745483, 0.3457256555557251, 0.3448752164840698, 0.3440663814544678, 0.34314191341400146, 0.34250858426094055, 0.3420795202255249, 0.34130626916885376, 0.3402884006500244, 0.3394027352333069, 0.3386104702949524, 0.3379531502723694, 0.337159126996994, 0.336631178855896, 0.33575278520584106, 0.33524563908576965, 0.3343052268028259, 0.33347809314727783, 0.3325387239456177, 0.33179527521133423, 0.3310123383998871, 0.3303740322589874, 0.32936379313468933, 0.32852041721343994, 0.3278789222240448, 0.3267512917518616, 0.3259846866130829, 0.3249022960662842, 0.3240351974964142, 0.32318779826164246, 0.32266876101493835, 0.321780800819397, 0.3207147717475891, 0.31971919536590576, 0.31888148188591003, 0.31808584928512573, 0.3173300623893738, 0.316531777381897, 0.31557697057724, 0.3148065507411957, 0.3138616383075714, 0.31324076652526855, 0.3122706711292267, 0.3117262125015259, 0.3108530342578888, 0.3099893629550934, 0.30932655930519104, 0.3087193965911865, 0.30787721276283264, 0.3071201741695404, 0.30614063143730164, 0.30578282475471497, 0.3049595355987549, 0.3041052520275116, 0.30347853899002075, 0.30262303352355957, 0.30169183015823364, 0.30102813243865967, 0.30026790499687195, 0.29970449209213257, 0.2991475462913513, 0.2985776960849762, 0.29786184430122375, 0.2972961664199829, 0.29672354459762573, 0.29617616534233093, 0.29541170597076416, 0.29504936933517456, 0.29440855979919434, 0.2936572730541229, 0.29311463236808777, 0.29243409633636475, 0.29196643829345703, 0.2912672162055969, 0.2909749448299408, 0.290360689163208, 0.2898273169994354, 0.2893907129764557, 0.28898653388023376, 0.28849419951438904, 0.28806301951408386, 0.2875395119190216, 0.28703421354293823, 0.28655192255973816, 0.28615644574165344, 0.2858560085296631, 0.2852354049682617, 0.284786194562912, 0.2841867208480835, 0.2837410271167755, 0.2835013270378113, 0.28320780396461487, 0.2829858660697937, 0.28223860263824463, 0.28186702728271484, 0.28129199147224426, 0.2809831202030182, 0.2806265652179718, 0.28011420369148254, 0.2798325717449188, 0.27952393889427185, 0.2791469693183899, 0.2786181569099426, 0.2781410217285156, 0.27772700786590576, 0.27769985795021057, 0.27753064036369324, 0.2768084406852722, 0.2763616442680359, 0.27605175971984863, 0.2756621539592743, 0.2752191424369812, 0.27501723170280457, 0.2744216024875641, 0.2732470631599426, 0.2735060751438141, 0.2727597951889038, 0.2721549868583679, 0.2719803750514984, 0.27186664938926697, 0.2714325785636902, 0.27113792300224304, 0.2706727087497711, 0.27024218440055847, 0.26984837651252747, 0.2692759037017822, 0.26891598105430603, 0.26844656467437744, 0.26768940687179565, 0.26733148097991943, 0.26715847849845886, 0.26657694578170776, 0.266355961561203, 0.26573270559310913, 0.2638099193572998, 0.263901948928833, 0.2628014087677002, 0.2624564468860626, 0.26120197772979736, 0.2606316804885864, 0.26037144660949707, 0.26047343015670776, 0.2601921558380127, 0.2602487802505493, 0.2595938742160797, 0.25948238372802734, 0.2593129873275757, 0.25871095061302185, 0.2585344612598419, 0.258089154958725, 0.25807636976242065, 0.2577648460865021, 0.2576185464859009]",23.0,"[33.0, 33.0, 33.0, 33.0, 33.0, 33.0, 33.0, 33.0, 33.0, 33.0, 33.0, 33.0, 33.0, 33.0, 33.0, 33.0, 33.0, 33.0, 33.0, 33.0, 33.0, 33.0, 33.0, 33.0, 33.0, 33.0, 33.0, 33.0, 33.0, 33.0, 33.0, 33.0, 33.0, 33.0, 33.0, 33.0, 33.0, 33.0, 33.0, 33.0, 33.0, 33.0, 33.0, 33.0, 33.0, 33.0, 33.0, 33.0, 33.0, 33.0, 33.0, 33.0, 33.0, 33.0, 33.0, 33.0, 33.0, 33.0, 33.0, 33.0, 33.0, 33.0, 33.0, 33.0, 33.0, 33.0, 33.0, 33.0, 33.0, 33.0, 33.0, 33.0, 33.0, 33.0, 33.0, 33.0, 33.0, 33.0, 33.0, 33.0, 33.0, 33.0, 33.0, 33.0, 33.0, 33.0, 33.0, 33.0, 33.0, 33.0, 33.0, 33.0, 33.0, 33.0, 33.0, 33.0, 33.0, 33.0, 33.0, 33.0, 33.0, 33.0, 33.0, 33.0, 33.0, 33.0, 33.0, 33.0, 33.0, 33.0, 33.0, 33.0, 33.0, 33.0, 33.0, 33.0, 33.0, 33.0, 33.0, 33.0, 33.0, 33.0, 33.0, 33.0, 33.0, 33.0, 33.0, 33.0, 33.0, 33.0, 33.0, 33.0, 33.0, 33.0, 33.0, 33.0, 33.0, 33.0, 33.0, 33.0, 33.0, 33.0, 33.0, 33.0, 33.0, 33.0, 33.0, 33.0, 33.0, 33.0, 33.0, 33.0, 33.0, 33.0, 33.0, 33.0, 33.0, 33.0, 33.0, 33.0, 33.0, 33.0, 33.0, 33.0, 33.0, 33.0, 33.0, 33.0, 33.0, 33.0, 33.0, 33.0, 33.0, 33.0, 33.0, 33.0, 33.0, 33.0, 33.0, 33.0, 33.0, 33.0, 33.0, 33.0, 33.0, 33.0, 33.0, 33.0, 33.0, 33.0, 33.0, 33.0, 33.0, 33.0, 33.0, 33.0, 31.0, 31.0, 31.0, 31.0, 31.0, 31.0, 31.0, 31.0, 31.0, 31.0, 31.0, 30.0, 30.0, 30.0, 29.0, 29.0, 29.0, 29.0, 29.0, 27.0, 26.0, 25.0, 24.0, 24.0, 23.0, 23.0, 23.0, 23.0, 23.0, 23.0, 23.0, 23.0, 23.0, 23.0, 23.0, 23.0, 23.0, 23.0, 23.0]",COMPLETE
86,86,0.9305689737347194,2024-08-31 04:16:47.505054,2024-08-31 04:17:03.307220,0 days 00:00:15.802166,4,0.222126109065986,1,110,0.026522794067400275,97,0.00017560574894181502,0.92,0.91375,28,"[33, 33, 33, 33, 33, 33, 33, 33, 33, 33, 33, 33, 33, 33, 33, 33, 33, 33, 33, 33, 33, 33, 33, 33, 33, 33, 33, 33, 33, 33, 33, 33, 33, 33, 33, 33, 33, 33, 33, 33, 33, 33, 33, 33, 33, 33, 33, 33, 33, 33, 33, 33, 33, 33, 33, 33, 33, 33, 33, 33, 33, 33, 33, 32, 32, 32, 32, 32, 32, 32, 32, 31, 31, 31, 30, 30, 30, 30, 30, 30, 29, 29, 29, 29, 29, 29, 29, 29, 29, 29, 29, 29, 29, 29, 29, 29, 29, 29, 29, 29, 28, 28, 28, 28, 28, 28, 28, 28, 28, 28]",27.97938144329897,"[32.95876288659794, 32.98969072164948, 33.0, 32.98969072164948, 32.95876288659794, 32.95876288659794, 32.98969072164948, 32.97938144329897, 32.98969072164948, 32.97938144329897, 32.98969072164948, 32.97938144329897, 32.97938144329897, 32.98969072164948, 32.96907216494846, 32.96907216494846, 32.98969072164948, 32.98969072164948, 32.97938144329897, 32.96907216494846, 32.95876288659794, 32.97938144329897, 33.0, 32.97938144329897, 32.95876288659794, 32.98969072164948, 32.96907216494846, 33.0, 32.98969072164948, 32.97938144329897, 32.98969072164948, 32.97938144329897, 32.97938144329897, 32.97938144329897, 32.98969072164948, 32.96907216494846, 32.98969072164948, 32.98969072164948, 33.0, 32.98969072164948, 32.97938144329897, 32.96907216494846, 32.97938144329897, 32.96907216494846, 32.98969072164948, 33.0, 33.0, 32.98969072164948, 32.98969072164948, 32.98969072164948, 32.97938144329897, 32.98969072164948, 33.0, 32.98969072164948, 33.0, 32.98969072164948, 32.98969072164948, 32.97938144329897, 32.95876288659794, 32.98969072164948, 32.98969072164948, 33.0, 32.97938144329897, 31.989690721649485, 31.989690721649485, 32.0, 31.95876288659794, 31.969072164948454, 31.969072164948454, 31.989690721649485, 31.97938144329897, 31.0, 30.97938144329897, 30.989690721649485, 29.97938144329897, 29.969072164948454, 29.95876288659794, 29.989690721649485, 30.0, 29.969072164948454, 28.989690721649485, 28.989690721649485, 28.989690721649485, 28.969072164948454, 28.95876288659794, 28.969072164948454, 28.969072164948454, 28.948453608247423, 28.969072164948454, 28.97938144329897, 28.97938144329897, 28.989690721649485, 28.97938144329897, 28.97938144329897, 28.969072164948454, 29.0, 28.969072164948454, 28.948453608247423, 28.95876288659794, 28.969072164948454, 27.989690721649485, 27.989690721649485, 27.948453608247423, 27.989690721649485, 28.0, 27.969072164948454, 27.97938144329897, 27.989690721649485, 27.97938144329897, 27.97938144329897]",0.9104021664643862,0.9305689737347194,28,"[33, 33, 33, 33, 33, 33, 33, 33, 33, 33, 33, 33, 33, 33, 33, 33, 33, 33, 33, 33, 33, 33, 33, 33, 33, 33, 33, 33, 33, 33, 33, 33, 33, 33, 33, 33, 33, 33, 33, 33, 33, 33, 33, 33, 33, 33, 33, 33, 33, 33, 33, 33, 33, 33, 33, 33, 33, 33, 33, 33, 33, 33, 33, 32, 32, 32, 32, 32, 32, 32, 32, 31, 31, 31, 30, 30, 30, 30, 30, 30, 29, 29, 29, 29, 29, 29, 29, 29, 29, 29, 29, 29, 29, 29, 29, 29, 29, 29, 29, 29, 28, 28, 28, 28, 28, 28, 28, 28, 28, 28]",110,"[0.3974393606185913, 0.5174741744995117, 0.3706640899181366, 0.5897505879402161, 0.36763978004455566, 0.3485146760940552, 0.7984325885772705, 0.38432076573371887, 0.43305468559265137, 0.491658478975296, 0.33058470487594604, 0.33758544921875, 0.4985833764076233, 0.3270069360733032, 0.33522650599479675, 0.48867762088775635, 0.32859736680984497, 0.32814690470695496, 0.4193183481693268, 0.32387301325798035, 0.46165981888771057, 0.4471716284751892, 0.31302401423454285, 0.32453832030296326, 0.29908376932144165, 0.3829972445964813, 0.32819512486457825, 0.30620333552360535, 0.2954002618789673, 0.3012789487838745, 0.29221010208129883, 0.34631478786468506, 0.2574821412563324, 0.27806538343429565, 0.27068814635276794, 0.24822165071964264, 0.3135296106338501, 0.26624831557273865, 0.24328990280628204, 0.2889804542064667, 0.2771562337875366, 0.3250461220741272, 0.25689223408699036, 0.2362835705280304, 0.2359083592891693, 0.2409057468175888, 0.3132861256599426, 0.24221891164779663, 0.2399529665708542, 0.22747460007667542, 0.2640276253223419, 0.24616432189941406, 0.23541326820850372, 0.2812221050262451, 0.23496510088443756, 0.26403436064720154, 0.2775439918041229, 0.23537828028202057, 0.2576344609260559, 0.23374314606189728, 0.24375282227993011, 0.22321727871894836, 0.4288257360458374, 0.3262857496738434, 0.22041553258895874, 0.23374556005001068, 0.21869292855262756, 0.387119323015213, 0.22110876441001892, 0.22006498277187347, 0.22449709475040436, 0.22147899866104126, 0.23432643711566925, 0.26633840799331665, 0.21666821837425232, 0.23190069198608398, 0.2176906168460846, 0.2389594316482544, 0.22513273358345032, 0.24993278086185455, 0.22395263612270355, 0.2143917828798294, 0.22351579368114471, 0.419401079416275, 0.21087568998336792, 0.2495497167110443, 0.30312445759773254, 0.21079935133457184, 0.2184968888759613, 0.20977747440338135, 0.22702749073505402, 0.24558719992637634, 0.26263678073883057, 0.21653057634830475, 0.2138206660747528, 0.2114390879869461, 0.23572808504104614, 0.23529857397079468, 0.21290072798728943, 0.21123580634593964, 0.2071467936038971, 0.2157607078552246, 0.22497184574604034, 0.20945005118846893, 0.22177796065807343, 0.2125750184059143, 0.21340002119541168, 0.23873762786388397, 0.24259696900844574, 0.2499476671218872]",28.0,"[33.0, 33.0, 33.0, 33.0, 33.0, 33.0, 33.0, 33.0, 33.0, 33.0, 33.0, 33.0, 33.0, 33.0, 33.0, 33.0, 33.0, 33.0, 33.0, 33.0, 33.0, 33.0, 33.0, 33.0, 33.0, 33.0, 33.0, 33.0, 33.0, 33.0, 33.0, 33.0, 33.0, 33.0, 33.0, 33.0, 33.0, 33.0, 33.0, 33.0, 33.0, 33.0, 33.0, 33.0, 33.0, 33.0, 33.0, 33.0, 33.0, 33.0, 33.0, 33.0, 33.0, 33.0, 33.0, 33.0, 33.0, 33.0, 33.0, 33.0, 33.0, 33.0, 33.0, 32.0, 32.0, 32.0, 32.0, 32.0, 32.0, 32.0, 32.0, 31.0, 31.0, 31.0, 30.0, 30.0, 30.0, 30.0, 30.0, 30.0, 29.0, 29.0, 29.0, 29.0, 29.0, 29.0, 29.0, 29.0, 29.0, 29.0, 29.0, 29.0, 29.0, 29.0, 29.0, 29.0, 29.0, 29.0, 29.0, 29.0, 28.0, 28.0, 28.0, 28.0, 28.0, 28.0, 28.0, 28.0, 28.0, 28.0]",COMPLETE
