,number,value,datetime_start,datetime_complete,duration,params_batch_size_scaler,params_constant_learning_rate,params_depth,params_epochs,params_kernel_l2,params_num_trees,params_temperature,user_attrs_accuracy_test,user_attrs_accuracy_valid,user_attrs_approximate_feature_sparsity,user_attrs_approximate_feature_sparsity_history,user_attrs_approximate_weight_sparsity,user_attrs_approximate_weight_sparsity_history,user_attrs_auc_test,user_attrs_auc_valid,user_attrs_feature_sparsity,user_attrs_feature_sparsity_history,user_attrs_num_epochs,user_attrs_val_loss_history,user_attrs_weight_sparsity,user_attrs_weight_sparsity_history,state
131,131,0.6635171516533344,2024-08-31 06:33:02.421921,2024-08-31 06:34:23.503516,0 days 00:01:21.081595,4,0.03709335508034284,1,455,0.3767353956047198,43,0.03695241289026519,0.863,0.86,2,"[33, 33, 33, 33, 33, 33, 33, 33, 33, 33, 33, 33, 33, 33, 33, 33, 33, 33, 33, 33, 33, 31, 29, 23, 19, 14, 12, 11, 9, 8, 6, 5, 5, 5, 4, 4, 4, 4, 4, 4, 4, 4, 4, 4, 4, 4, 4, 4, 4, 4, 4, 4, 4, 4, 4, 3, 3, 3, 3, 3, 3, 3, 3, 3, 3, 3, 3, 3, 3, 3, 3, 3, 3, 3, 3, 3, 3, 3, 3, 3, 3, 3, 3, 3, 3, 3, 3, 3, 3, 3, 3, 3, 3, 3, 3, 3, 3, 3, 3, 3, 3, 2, 2, 2, 2, 2, 2, 2, 2, 2, 2, 2, 2, 2, 2, 2, 2, 2, 2, 2, 2, 2, 2, 2, 2, 2, 2, 2, 2, 2, 2, 2, 2, 2, 2, 2, 2, 2, 2, 2, 2, 2, 2, 2, 2, 2, 2, 2, 2, 2, 2, 2, 2, 2, 2, 2, 2, 2, 2, 2, 2, 2, 2, 2, 2, 2, 2, 2, 2, 2, 2, 2, 2, 2, 2, 2, 2, 2, 2, 2, 2, 2, 2, 2, 2, 2, 2, 2, 2, 2, 2, 2, 2, 2, 2, 2, 2, 2, 2, 2, 2, 2, 2, 2, 2, 2, 2, 2, 2, 2, 2, 2, 2, 2, 2, 2, 2, 2, 2, 2, 2, 2, 2, 2, 2, 2, 2, 2, 2, 2, 2, 2, 2, 2, 2, 2, 2, 2, 2, 2, 2, 2, 2, 2, 2, 2, 2, 2, 2, 2, 2, 2, 2, 2, 2, 2, 2, 2, 2, 2, 2, 2, 2, 2, 2, 2, 2, 2, 2, 2, 2, 2, 2, 2, 2, 2, 2, 2, 2, 2, 2, 2, 2, 2, 2, 2, 2, 2, 2, 2, 2, 2, 2, 2, 2, 2, 2, 2, 2, 2, 2, 2, 2, 2, 2, 2, 2, 2, 2, 2, 2, 2, 2, 2, 2, 2, 2, 2, 2, 2, 2, 2, 2, 2, 2, 2, 2, 2, 2, 2, 2, 2, 2, 2, 2, 2, 2, 2, 2, 2, 2, 2, 2, 2, 2, 2, 2, 2, 2, 2, 2, 2, 2, 2, 2, 2, 2, 2, 2, 2, 2, 2, 2, 2, 2, 2, 2, 2, 2, 2, 2, 2, 2, 2, 2, 2, 2, 2, 2, 2, 2, 2, 2, 2, 2, 2, 2, 2, 2, 2, 2, 2, 2, 2, 2, 2, 2, 2, 2, 2, 2, 2, 2, 2, 2, 2, 2, 2, 2, 2, 2, 2, 2, 2, 2, 2, 2, 2, 2, 2, 2, 2, 2, 2, 2, 2, 2, 2, 2, 2, 2, 2, 2, 2, 2, 2, 2, 2, 2, 2, 2, 2, 2, 2, 2, 2, 2, 2, 2, 2, 2, 2, 2, 2, 2]",2.0,"[33.0, 32.97674418604651, 32.906976744186046, 32.97674418604651, 32.906976744186046, 32.97674418604651, 32.95348837209302, 32.97674418604651, 32.95348837209302, 32.95348837209302, 32.95348837209302, 33.0, 33.0, 32.97674418604651, 33.0, 33.0, 33.0, 33.0, 33.0, 32.97674418604651, 32.95348837209302, 30.953488372093023, 29.0, 22.97674418604651, 18.953488372093023, 14.0, 12.0, 11.0, 9.0, 8.0, 6.0, 5.0, 5.0, 5.0, 3.9767441860465116, 4.0, 4.0, 4.0, 3.9767441860465116, 4.0, 4.0, 4.0, 4.0, 4.0, 4.0, 4.0, 4.0, 4.0, 4.0, 4.0, 4.0, 4.0, 4.0, 4.0, 4.0, 3.0, 3.0, 2.9767441860465116, 3.0, 3.0, 3.0, 3.0, 3.0, 3.0, 3.0, 3.0, 3.0, 3.0, 3.0, 3.0, 3.0, 2.9767441860465116, 3.0, 3.0, 3.0, 3.0, 3.0, 3.0, 3.0, 3.0, 2.9767441860465116, 3.0, 3.0, 2.9767441860465116, 3.0, 3.0, 3.0, 3.0, 3.0, 3.0, 3.0, 3.0, 2.9767441860465116, 3.0, 3.0, 3.0, 3.0, 3.0, 3.0, 2.953488372093023, 3.0, 2.0, 2.0, 2.0, 2.0, 2.0, 2.0, 2.0, 2.0, 2.0, 2.0, 2.0, 2.0, 2.0, 2.0, 1.9767441860465116, 2.0, 2.0, 2.0, 2.0, 2.0, 2.0, 2.0, 2.0, 2.0, 2.0, 2.0, 2.0, 2.0, 2.0, 2.0, 2.0, 2.0, 2.0, 2.0, 2.0, 2.0, 2.0, 2.0, 2.0, 2.0, 2.0, 2.0, 2.0, 2.0, 2.0, 2.0, 2.0, 2.0, 2.0, 2.0, 2.0, 2.0, 2.0, 2.0, 2.0, 2.0, 2.0, 2.0, 2.0, 2.0, 2.0, 2.0, 2.0, 2.0, 2.0, 2.0, 2.0, 2.0, 2.0, 2.0, 2.0, 2.0, 2.0, 2.0, 2.0, 2.0, 2.0, 2.0, 2.0, 2.0, 2.0, 2.0, 2.0, 2.0, 2.0, 2.0, 2.0, 2.0, 2.0, 2.0, 2.0, 2.0, 2.0, 2.0, 2.0, 2.0, 2.0, 2.0, 2.0, 2.0, 2.0, 2.0, 2.0, 2.0, 2.0, 2.0, 2.0, 2.0, 2.0, 2.0, 2.0, 2.0, 2.0, 2.0, 2.0, 2.0, 2.0, 2.0, 2.0, 2.0, 2.0, 2.0, 2.0, 2.0, 2.0, 2.0, 2.0, 2.0, 2.0, 2.0, 2.0, 2.0, 2.0, 2.0, 2.0, 2.0, 2.0, 2.0, 2.0, 2.0, 2.0, 2.0, 2.0, 2.0, 2.0, 2.0, 2.0, 2.0, 2.0, 2.0, 2.0, 2.0, 2.0, 2.0, 2.0, 2.0, 2.0, 2.0, 2.0, 2.0, 2.0, 2.0, 2.0, 2.0, 2.0, 2.0, 2.0, 2.0, 2.0, 2.0, 2.0, 2.0, 2.0, 2.0, 2.0, 2.0, 2.0, 2.0, 2.0, 2.0, 2.0, 2.0, 2.0, 2.0, 2.0, 2.0, 2.0, 2.0, 2.0, 2.0, 2.0, 2.0, 2.0, 2.0, 2.0, 2.0, 2.0, 2.0, 2.0, 2.0, 2.0, 2.0, 2.0, 2.0, 2.0, 2.0, 2.0, 2.0, 2.0, 2.0, 2.0, 2.0, 2.0, 2.0, 2.0, 2.0, 2.0, 2.0, 2.0, 2.0, 2.0, 2.0, 2.0, 2.0, 2.0, 2.0, 2.0, 2.0, 2.0, 2.0, 2.0, 2.0, 2.0, 2.0, 2.0, 2.0, 2.0, 2.0, 2.0, 2.0, 2.0, 2.0, 2.0, 2.0, 2.0, 2.0, 2.0, 2.0, 2.0, 2.0, 2.0, 2.0, 2.0, 2.0, 2.0, 2.0, 2.0, 2.0, 2.0, 2.0, 2.0, 2.0, 2.0, 2.0, 2.0, 2.0, 2.0, 2.0, 2.0, 2.0, 2.0, 2.0, 2.0, 2.0, 2.0, 2.0, 2.0, 2.0, 2.0, 2.0, 2.0, 2.0, 2.0, 2.0, 2.0, 2.0, 2.0, 2.0, 2.0, 2.0, 2.0, 2.0, 2.0, 2.0, 2.0, 2.0, 2.0, 2.0, 2.0, 2.0, 2.0, 2.0, 2.0, 2.0, 2.0, 2.0, 2.0, 2.0, 2.0, 2.0, 2.0, 2.0, 2.0, 2.0, 2.0, 2.0, 2.0, 2.0, 2.0, 2.0, 2.0, 2.0, 2.0, 2.0, 2.0, 2.0, 2.0, 2.0, 2.0, 2.0, 2.0, 2.0, 2.0, 2.0, 2.0, 2.0, 2.0, 2.0, 2.0, 2.0, 2.0, 2.0, 2.0, 2.0, 2.0, 2.0, 2.0, 2.0, 2.0, 2.0, 2.0, 2.0, 2.0, 2.0]",0.6446635127436653,0.6635171516533344,2,"[33, 33, 33, 33, 33, 33, 33, 33, 33, 33, 33, 33, 33, 33, 33, 33, 33, 33, 33, 33, 33, 31, 29, 23, 19, 14, 12, 11, 9, 8, 6, 5, 5, 5, 4, 4, 4, 4, 4, 4, 4, 4, 4, 4, 4, 4, 4, 4, 4, 4, 4, 4, 4, 4, 4, 3, 3, 3, 3, 3, 3, 3, 3, 3, 3, 3, 3, 3, 3, 3, 3, 3, 3, 3, 3, 3, 3, 3, 3, 3, 3, 3, 3, 3, 3, 3, 3, 3, 3, 3, 3, 3, 3, 3, 3, 3, 3, 3, 3, 3, 3, 2, 2, 2, 2, 2, 2, 2, 2, 2, 2, 2, 2, 2, 2, 2, 2, 2, 2, 2, 2, 2, 2, 2, 2, 2, 2, 2, 2, 2, 2, 2, 2, 2, 2, 2, 2, 2, 2, 2, 2, 2, 2, 2, 2, 2, 2, 2, 2, 2, 2, 2, 2, 2, 2, 2, 2, 2, 2, 2, 2, 2, 2, 2, 2, 2, 2, 2, 2, 2, 2, 2, 2, 2, 2, 2, 2, 2, 2, 2, 2, 2, 2, 2, 2, 2, 2, 2, 2, 2, 2, 2, 2, 2, 2, 2, 2, 2, 2, 2, 2, 2, 2, 2, 2, 2, 2, 2, 2, 2, 2, 2, 2, 2, 2, 2, 2, 2, 2, 2, 2, 2, 2, 2, 2, 2, 2, 2, 2, 2, 2, 2, 2, 2, 2, 2, 2, 2, 2, 2, 2, 2, 2, 2, 2, 2, 2, 2, 2, 2, 2, 2, 2, 2, 2, 2, 2, 2, 2, 2, 2, 2, 2, 2, 2, 2, 2, 2, 2, 2, 2, 2, 2, 2, 2, 2, 2, 2, 2, 2, 2, 2, 2, 2, 2, 2, 2, 2, 2, 2, 2, 2, 2, 2, 2, 2, 2, 2, 2, 2, 2, 2, 2, 2, 2, 2, 2, 2, 2, 2, 2, 2, 2, 2, 2, 2, 2, 2, 2, 2, 2, 2, 2, 2, 2, 2, 2, 2, 2, 2, 2, 2, 2, 2, 2, 2, 2, 2, 2, 2, 2, 2, 2, 2, 2, 2, 2, 2, 2, 2, 2, 2, 2, 2, 2, 2, 2, 2, 2, 2, 2, 2, 2, 2, 2, 2, 2, 2, 2, 2, 2, 2, 2, 2, 2, 2, 2, 2, 2, 2, 2, 2, 2, 2, 2, 2, 2, 2, 2, 2, 2, 2, 2, 2, 2, 2, 2, 2, 2, 2, 2, 2, 2, 2, 2, 2, 2, 2, 2, 2, 2, 2, 2, 2, 2, 2, 2, 2, 2, 2, 2, 2, 2, 2, 2, 2, 2, 2, 2, 2, 2, 2, 2, 2, 2, 2, 2, 2, 2, 2, 2, 2, 2, 2, 2, 2, 2, 2, 2, 2, 2, 2, 2, 2, 2]",455,"[0.7143017053604126, 0.6850634813308716, 0.6590014100074768, 0.6374565362930298, 0.6181728839874268, 0.6009088158607483, 0.5851839780807495, 0.5744476914405823, 0.5575034022331238, 0.5446884632110596, 0.5330185890197754, 0.5221014618873596, 0.5138351917266846, 0.5022837519645691, 0.49397313594818115, 0.48503464460372925, 0.477654367685318, 0.46906399726867676, 0.4620726406574249, 0.45675772428512573, 0.4517303705215454, 0.43906116485595703, 0.4319775700569153, 0.4148871600627899, 0.40232834219932556, 0.3941097557544708, 0.38632363080978394, 0.3821650445461273, 0.37611865997314453, 0.38183456659317017, 0.38001975417137146, 0.378839910030365, 0.3779655694961548, 0.37709176540374756, 0.37619397044181824, 0.3748199939727783, 0.37455520033836365, 0.3743346333503723, 0.3731166422367096, 0.375148206949234, 0.3723399043083191, 0.37217265367507935, 0.3723256587982178, 0.37328001856803894, 0.370993971824646, 0.37131693959236145, 0.3709156811237335, 0.3704130947589874, 0.36983466148376465, 0.3695807158946991, 0.36942726373672485, 0.36914706230163574, 0.3689459562301636, 0.36867088079452515, 0.3684329688549042, 0.38340190052986145, 0.38321346044540405, 0.38284724950790405, 0.3831528127193451, 0.38276657462120056, 0.38395455479621887, 0.38284435868263245, 0.38241255283355713, 0.3824547827243805, 0.3839867413043976, 0.3818988502025604, 0.3820398449897766, 0.3844742178916931, 0.38168129324913025, 0.3821064233779907, 0.38319751620292664, 0.3812132179737091, 0.383445143699646, 0.3817620575428009, 0.38155364990234375, 0.3808555603027344, 0.3814984858036041, 0.3806789815425873, 0.38060295581817627, 0.3805953562259674, 0.3806305229663849, 0.3810133635997772, 0.38120919466018677, 0.38131386041641235, 0.3806000053882599, 0.3812408447265625, 0.3808807134628296, 0.38024699687957764, 0.38006532192230225, 0.3803998529911041, 0.379721075296402, 0.3809938132762909, 0.37987786531448364, 0.383040189743042, 0.38084620237350464, 0.37957581877708435, 0.3797760307788849, 0.38033565878868103, 0.37920185923576355, 0.37945425510406494, 0.37915968894958496, 0.38625985383987427, 0.38883912563323975, 0.3840166926383972, 0.3839021325111389, 0.3833218514919281, 0.3838242292404175, 0.38265135884284973, 0.38244110345840454, 0.38234803080558777, 0.3844064474105835, 0.3821028769016266, 0.38196247816085815, 0.3817513585090637, 0.38163071870803833, 0.3814290761947632, 0.3826473653316498, 0.3813287019729614, 0.3825148046016693, 0.38141730427742004, 0.38108566403388977, 0.3845504820346832, 0.3811071515083313, 0.38079237937927246, 0.38157719373703003, 0.3807130455970764, 0.38128992915153503, 0.3825242519378662, 0.38109511137008667, 0.38048264384269714, 0.3822952210903168, 0.38030287623405457, 0.3802177309989929, 0.3807818293571472, 0.38083386421203613, 0.3800434470176697, 0.3801027536392212, 0.3799363374710083, 0.3799878656864166, 0.38049641251564026, 0.38100674748420715, 0.38157761096954346, 0.3806774616241455, 0.38021957874298096, 0.38046732544898987, 0.3817625045776367, 0.38079598546028137, 0.37958788871765137, 0.38068971037864685, 0.3794008493423462, 0.37932881712913513, 0.38079601526260376, 0.3810822665691376, 0.37915778160095215, 0.37928375601768494, 0.37931180000305176, 0.3798410892486572, 0.3794443607330322, 0.3799266517162323, 0.37930333614349365, 0.37966519594192505, 0.3788882791996002, 0.3803349733352661, 0.3803887665271759, 0.3793994188308716, 0.3786175847053528, 0.3788132071495056, 0.37966808676719666, 0.37849995493888855, 0.37881001830101013, 0.3784283697605133, 0.38155123591423035, 0.37844905257225037, 0.38012486696243286, 0.3792761564254761, 0.3783424496650696, 0.3781869113445282, 0.3781556189060211, 0.3781174421310425, 0.37813419103622437, 0.38045573234558105, 0.381937712430954, 0.37889397144317627, 0.37826061248779297, 0.37892845273017883, 0.37791725993156433, 0.38000592589378357, 0.3782240152359009, 0.378312349319458, 0.3791280686855316, 0.3777565360069275, 0.3777344822883606, 0.37766849994659424, 0.3775878846645355, 0.3775540292263031, 0.37771591544151306, 0.37807953357696533, 0.3778116703033447, 0.3777681589126587, 0.377991646528244, 0.3777800500392914, 0.38024094700813293, 0.3774663805961609, 0.38129493594169617, 0.37759360671043396, 0.37806376814842224, 0.37885525822639465, 0.378041535615921, 0.3799917995929718, 0.3772282302379608, 0.37752971053123474, 0.3771025538444519, 0.37775975465774536, 0.37706413865089417, 0.3785799443721771, 0.3769982159137726, 0.377027690410614, 0.3773760199546814, 0.3769049346446991, 0.3773806691169739, 0.3767975866794586, 0.3794124126434326, 0.37913626432418823, 0.37698572874069214, 0.3792789578437805, 0.3766700327396393, 0.37678730487823486, 0.37933647632598877, 0.3767029643058777, 0.3765504062175751, 0.3765227496623993, 0.37711822986602783, 0.3769327998161316, 0.37662291526794434, 0.37734413146972656, 0.37714073061943054, 0.37666237354278564, 0.37860703468322754, 0.3787040710449219, 0.3786471486091614, 0.37656620144844055, 0.37666812539100647, 0.3766266107559204, 0.3763154149055481, 0.3761889338493347, 0.37617674469947815, 0.3849688768386841, 0.3769654929637909, 0.3787999451160431, 0.376531183719635, 0.3775818943977356, 0.37699639797210693, 0.37637901306152344, 0.3762291371822357, 0.37608033418655396, 0.37594354152679443, 0.3759790062904358, 0.37593701481819153, 0.37588828802108765, 0.37586677074432373, 0.3760387897491455, 0.3758445084095001, 0.3763529658317566, 0.37678149342536926, 0.37596428394317627, 0.37651965022087097, 0.3758540451526642, 0.3758188486099243, 0.3776308000087738, 0.3756661117076874, 0.376253217458725, 0.3761889636516571, 0.3774315118789673, 0.37614649534225464, 0.3767370283603668, 0.37599995732307434, 0.3757023513317108, 0.37557175755500793, 0.3759464919567108, 0.37546855211257935, 0.3765278160572052, 0.3758857846260071, 0.37543055415153503, 0.3754381537437439, 0.37577056884765625, 0.37545889616012573, 0.375507652759552, 0.38012072443962097, 0.3791479766368866, 0.37535780668258667, 0.3753471076488495, 0.3752385079860687, 0.3758434057235718, 0.3753373622894287, 0.37521252036094666, 0.37535378336906433, 0.37526360154151917, 0.37537682056427, 0.3754517436027527, 0.37534070014953613, 0.37509316205978394, 0.3752513825893402, 0.37536147236824036, 0.3754393756389618, 0.3761650025844574, 0.37532368302345276, 0.375011146068573, 0.3757869303226471, 0.3791651129722595, 0.37524551153182983, 0.3750464916229248, 0.3752405047416687, 0.37521857023239136, 0.3751232624053955, 0.376062273979187, 0.37503695487976074, 0.37511175870895386, 0.37648728489875793, 0.37481990456581116, 0.3756137788295746, 0.37521103024482727, 0.3780936002731323, 0.37663936614990234, 0.3754939138889313, 0.37598904967308044, 0.3746909201145172, 0.3752763271331787, 0.3748340308666229, 0.37466898560523987, 0.3749479651451111, 0.3751390874385834, 0.3746073842048645, 0.3749406039714813, 0.37832537293434143, 0.3745715618133545, 0.375270277261734, 0.3777613341808319, 0.3748913109302521, 0.3745458722114563, 0.37492913007736206, 0.37459781765937805, 0.37461304664611816, 0.3746899366378784, 0.37445759773254395, 0.3750114142894745, 0.3750871419906616, 0.3753727674484253, 0.3772052824497223, 0.374435693025589, 0.37479832768440247, 0.37447068095207214, 0.374336838722229, 0.37527215480804443, 0.3744123876094818, 0.37431204319000244, 0.37441739439964294, 0.3748653829097748, 0.37425699830055237, 0.3744610846042633, 0.3745543360710144, 0.3742246925830841, 0.3743650019168854, 0.3747529685497284, 0.3779398798942566, 0.3741682469844818, 0.37441855669021606, 0.37419411540031433, 0.3741341829299927, 0.37489718198776245, 0.3791014850139618, 0.37535256147384644, 0.3742744028568268, 0.3742119073867798, 0.3741292953491211, 0.37414321303367615, 0.3746650815010071, 0.3750912845134735, 0.3749944269657135, 0.3773251473903656, 0.3741089701652527, 0.3745095729827881, 0.3739738166332245, 0.37416595220565796, 0.37566956877708435, 0.37397003173828125, 0.3800167739391327, 0.37400299310684204, 0.3739186227321625, 0.3743759095668793, 0.37405386567115784, 0.37395617365837097, 0.37385958433151245, 0.37506401538848877, 0.3751682639122009, 0.38036102056503296, 0.37461817264556885, 0.3750580847263336, 0.3746853768825531, 0.3738993704319, 0.3753472864627838, 0.3737749457359314, 0.37394973635673523, 0.3755796551704407, 0.373836487531662, 0.3771167993545532, 0.37370970845222473, 0.37370067834854126, 0.37498748302459717, 0.37383514642715454, 0.3738918602466583, 0.3740116059780121, 0.3740760087966919, 0.3736329972743988, 0.37375199794769287, 0.37386974692344666, 0.37369728088378906, 0.3741443157196045, 0.3758576214313507, 0.3740982413291931, 0.37444743514060974, 0.37471726536750793, 0.3736085891723633, 0.3736070394515991, 0.3741361200809479, 0.3741798400878906, 0.37724533677101135, 0.37383973598480225, 0.37458187341690063, 0.3743535280227661, 0.3750101923942566, 0.3735944628715515, 0.3754025995731354, 0.37361010909080505, 0.3755471706390381, 0.3742170035839081, 0.3766690492630005, 0.373439222574234, 0.3739984631538391, 0.3734065592288971, 0.3737982213497162, 0.37376129627227783, 0.37523701786994934, 0.37455955147743225, 0.3837762475013733, 0.3750988245010376, 0.37593963742256165, 0.37332096695899963, 0.37349990010261536, 0.3752117455005646, 0.37521159648895264, 0.37348246574401855, 0.3732731342315674, 0.3734665811061859, 0.3732735812664032, 0.3735332787036896]",2.0,"[33.0, 33.0, 33.0, 33.0, 33.0, 33.0, 33.0, 33.0, 33.0, 33.0, 33.0, 33.0, 33.0, 33.0, 33.0, 33.0, 33.0, 33.0, 33.0, 33.0, 33.0, 31.0, 29.0, 23.0, 19.0, 14.0, 12.0, 11.0, 9.0, 8.0, 6.0, 5.0, 5.0, 5.0, 4.0, 4.0, 4.0, 4.0, 4.0, 4.0, 4.0, 4.0, 4.0, 4.0, 4.0, 4.0, 4.0, 4.0, 4.0, 4.0, 4.0, 4.0, 4.0, 4.0, 4.0, 3.0, 3.0, 3.0, 3.0, 3.0, 3.0, 3.0, 3.0, 3.0, 3.0, 3.0, 3.0, 3.0, 3.0, 3.0, 3.0, 3.0, 3.0, 3.0, 3.0, 3.0, 3.0, 3.0, 3.0, 3.0, 3.0, 3.0, 3.0, 3.0, 3.0, 3.0, 3.0, 3.0, 3.0, 3.0, 3.0, 3.0, 3.0, 3.0, 3.0, 3.0, 3.0, 3.0, 3.0, 3.0, 3.0, 2.0, 2.0, 2.0, 2.0, 2.0, 2.0, 2.0, 2.0, 2.0, 2.0, 2.0, 2.0, 2.0, 2.0, 2.0, 2.0, 2.0, 2.0, 2.0, 2.0, 2.0, 2.0, 2.0, 2.0, 2.0, 2.0, 2.0, 2.0, 2.0, 2.0, 2.0, 2.0, 2.0, 2.0, 2.0, 2.0, 2.0, 2.0, 2.0, 2.0, 2.0, 2.0, 2.0, 2.0, 2.0, 2.0, 2.0, 2.0, 2.0, 2.0, 2.0, 2.0, 2.0, 2.0, 2.0, 2.0, 2.0, 2.0, 2.0, 2.0, 2.0, 2.0, 2.0, 2.0, 2.0, 2.0, 2.0, 2.0, 2.0, 2.0, 2.0, 2.0, 2.0, 2.0, 2.0, 2.0, 2.0, 2.0, 2.0, 2.0, 2.0, 2.0, 2.0, 2.0, 2.0, 2.0, 2.0, 2.0, 2.0, 2.0, 2.0, 2.0, 2.0, 2.0, 2.0, 2.0, 2.0, 2.0, 2.0, 2.0, 2.0, 2.0, 2.0, 2.0, 2.0, 2.0, 2.0, 2.0, 2.0, 2.0, 2.0, 2.0, 2.0, 2.0, 2.0, 2.0, 2.0, 2.0, 2.0, 2.0, 2.0, 2.0, 2.0, 2.0, 2.0, 2.0, 2.0, 2.0, 2.0, 2.0, 2.0, 2.0, 2.0, 2.0, 2.0, 2.0, 2.0, 2.0, 2.0, 2.0, 2.0, 2.0, 2.0, 2.0, 2.0, 2.0, 2.0, 2.0, 2.0, 2.0, 2.0, 2.0, 2.0, 2.0, 2.0, 2.0, 2.0, 2.0, 2.0, 2.0, 2.0, 2.0, 2.0, 2.0, 2.0, 2.0, 2.0, 2.0, 2.0, 2.0, 2.0, 2.0, 2.0, 2.0, 2.0, 2.0, 2.0, 2.0, 2.0, 2.0, 2.0, 2.0, 2.0, 2.0, 2.0, 2.0, 2.0, 2.0, 2.0, 2.0, 2.0, 2.0, 2.0, 2.0, 2.0, 2.0, 2.0, 2.0, 2.0, 2.0, 2.0, 2.0, 2.0, 2.0, 2.0, 2.0, 2.0, 2.0, 2.0, 2.0, 2.0, 2.0, 2.0, 2.0, 2.0, 2.0, 2.0, 2.0, 2.0, 2.0, 2.0, 2.0, 2.0, 2.0, 2.0, 2.0, 2.0, 2.0, 2.0, 2.0, 2.0, 2.0, 2.0, 2.0, 2.0, 2.0, 2.0, 2.0, 2.0, 2.0, 2.0, 2.0, 2.0, 2.0, 2.0, 2.0, 2.0, 2.0, 2.0, 2.0, 2.0, 2.0, 2.0, 2.0, 2.0, 2.0, 2.0, 2.0, 2.0, 2.0, 2.0, 2.0, 2.0, 2.0, 2.0, 2.0, 2.0, 2.0, 2.0, 2.0, 2.0, 2.0, 2.0, 2.0, 2.0, 2.0, 2.0, 2.0, 2.0, 2.0, 2.0, 2.0, 2.0, 2.0, 2.0, 2.0, 2.0, 2.0, 2.0, 2.0, 2.0, 2.0, 2.0, 2.0, 2.0, 2.0, 2.0, 2.0, 2.0, 2.0, 2.0, 2.0, 2.0, 2.0, 2.0, 2.0, 2.0, 2.0, 2.0, 2.0, 2.0, 2.0, 2.0, 2.0, 2.0, 2.0, 2.0, 2.0, 2.0, 2.0, 2.0, 2.0, 2.0, 2.0, 2.0, 2.0, 2.0, 2.0, 2.0, 2.0, 2.0, 2.0, 2.0, 2.0, 2.0, 2.0, 2.0, 2.0, 2.0, 2.0, 2.0, 2.0, 2.0, 2.0, 2.0, 2.0, 2.0, 2.0, 2.0, 2.0, 2.0, 2.0, 2.0, 2.0]",COMPLETE
