,number,value,datetime_start,datetime_complete,duration,params_batch_size_scaler,params_constant_learning_rate,params_depth,params_epochs,params_kernel_l2,params_num_trees,params_temperature,user_attrs_accuracy_test,user_attrs_accuracy_valid,user_attrs_approximate_feature_sparsity,user_attrs_approximate_feature_sparsity_history,user_attrs_approximate_weight_sparsity,user_attrs_approximate_weight_sparsity_history,user_attrs_auc_test,user_attrs_auc_valid,user_attrs_feature_sparsity,user_attrs_feature_sparsity_history,user_attrs_num_epochs,user_attrs_val_loss_history,user_attrs_weight_sparsity,user_attrs_weight_sparsity_history,state
128,128,0.8651956048485786,2024-08-31 06:17:30.455431,2024-08-31 06:17:51.491985,0 days 00:00:21.036554,64,0.27640152249574035,2,115,0.00646036914577544,97,0.04045954960556826,0.876,0.87,30,"[33, 33, 33, 33, 33, 33, 33, 33, 33, 33, 33, 33, 33, 33, 33, 33, 33, 33, 33, 33, 33, 33, 33, 33, 33, 33, 33, 32, 32, 32, 32, 32, 32, 32, 32, 32, 32, 32, 32, 32, 32, 32, 31, 31, 31, 31, 31, 31, 31, 31, 31, 31, 31, 31, 31, 31, 31, 31, 31, 31, 31, 31, 31, 31, 31, 31, 31, 31, 31, 31, 31, 31, 31, 31, 31, 31, 31, 31, 31, 31, 31, 31, 31, 31, 31, 31, 31, 31, 31, 31, 31, 31, 31, 31, 31, 31, 30, 30, 30, 30, 30, 30, 30, 30, 30, 30, 30, 30, 30, 30, 30, 30, 30, 30, 30]",29.97594501718213,"[32.97250859106529, 32.965635738831615, 32.96907216494846, 32.97250859106529, 32.96907216494846, 32.97250859106529, 32.95876288659794, 32.965635738831615, 32.97594501718213, 32.97938144329897, 32.97250859106529, 32.986254295532646, 32.98281786941581, 32.97938144329897, 32.98281786941581, 32.98281786941581, 32.97594501718213, 32.97250859106529, 32.95876288659794, 32.98281786941581, 32.96907216494846, 32.96907216494846, 32.95876288659794, 32.97594501718213, 32.97250859106529, 32.97594501718213, 32.97250859106529, 31.986254295532646, 31.982817869415808, 31.972508591065292, 31.982817869415808, 31.986254295532646, 31.97594501718213, 31.97594501718213, 31.982817869415808, 31.986254295532646, 31.986254295532646, 31.97938144329897, 31.97938144329897, 31.989690721649485, 31.986254295532646, 31.97594501718213, 30.97938144329897, 30.972508591065292, 30.986254295532646, 30.97938144329897, 30.972508591065292, 30.962199312714777, 30.97594501718213, 30.972508591065292, 30.97938144329897, 30.972508591065292, 30.989690721649485, 30.97938144329897, 30.989690721649485, 30.989690721649485, 31.0, 30.989690721649485, 30.993127147766323, 30.982817869415808, 30.986254295532646, 30.97594501718213, 30.97594501718213, 30.97938144329897, 30.97594501718213, 30.986254295532646, 30.986254295532646, 30.972508591065292, 30.989690721649485, 30.986254295532646, 30.989690721649485, 30.989690721649485, 30.986254295532646, 30.989690721649485, 30.982817869415808, 30.989690721649485, 30.969072164948454, 30.986254295532646, 30.97594501718213, 30.97594501718213, 30.97938144329897, 30.972508591065292, 30.993127147766323, 30.97938144329897, 30.982817869415808, 30.97938144329897, 30.982817869415808, 30.982817869415808, 30.97594501718213, 30.989690721649485, 30.972508591065292, 30.986254295532646, 30.97938144329897, 30.989690721649485, 30.97938144329897, 30.989690721649485, 29.982817869415808, 29.97938144329897, 29.97594501718213, 29.97594501718213, 29.982817869415808, 29.993127147766323, 29.986254295532646, 29.97938144329897, 29.982817869415808, 29.993127147766323, 29.989690721649485, 29.986254295532646, 29.986254295532646, 29.982817869415808, 29.986254295532646, 29.97594501718213, 29.97594501718213, 29.972508591065292, 29.97594501718213]",0.864967511290549,0.8651956048485786,30,"[33, 33, 33, 33, 33, 33, 33, 33, 33, 33, 33, 33, 33, 33, 33, 33, 33, 33, 33, 33, 33, 33, 33, 33, 33, 33, 33, 32, 32, 32, 32, 32, 32, 32, 32, 32, 32, 32, 32, 32, 32, 32, 31, 31, 31, 31, 31, 31, 31, 31, 31, 31, 31, 31, 31, 31, 31, 31, 31, 31, 31, 31, 31, 31, 31, 31, 31, 31, 31, 31, 31, 31, 31, 31, 31, 31, 31, 31, 31, 31, 31, 31, 31, 31, 31, 31, 31, 31, 31, 31, 31, 31, 31, 31, 31, 31, 30, 30, 30, 30, 30, 30, 30, 30, 30, 30, 30, 30, 30, 30, 30, 30, 30, 30, 30]",115,"[0.39850059151649475, 0.3919869363307953, 0.4067986309528351, 0.38858240842819214, 0.3933146297931671, 0.39593055844306946, 0.38119083642959595, 0.4208930730819702, 0.3722781240940094, 0.380222350358963, 0.36906665563583374, 0.4041745066642761, 0.3687455356121063, 0.3840333819389343, 0.3651573061943054, 0.3673964738845825, 0.3637677729129791, 0.3662378787994385, 0.36245644092559814, 0.3717394173145294, 0.38472357392311096, 0.3655787408351898, 0.3646540939807892, 0.35710078477859497, 0.3576011657714844, 0.3625060021877289, 0.3566940426826477, 0.3577251136302948, 0.35826337337493896, 0.35415875911712646, 0.35638922452926636, 0.3663094639778137, 0.3592548072338104, 0.3575289249420166, 0.3541569113731384, 0.35475262999534607, 0.3451058566570282, 0.3529512286186218, 0.3573046624660492, 0.3519202470779419, 0.3453482687473297, 0.3429374694824219, 0.3411901593208313, 0.3404824137687683, 0.3385034203529358, 0.34292829036712646, 0.3412236273288727, 0.39114436507225037, 0.33660128712654114, 0.3434717059135437, 0.3410320281982422, 0.3366323411464691, 0.3390144109725952, 0.33703526854515076, 0.34190550446510315, 0.332253634929657, 0.3363659977912903, 0.3313329219818115, 0.34460267424583435, 0.32924139499664307, 0.32986316084861755, 0.3326261639595032, 0.3380051553249359, 0.3324715793132782, 0.32543709874153137, 0.32670047879219055, 0.3253544867038727, 0.32632529735565186, 0.3365204632282257, 0.32417288422584534, 0.33392882347106934, 0.3486989140510559, 0.3397393822669983, 0.3219670057296753, 0.32294222712516785, 0.32187220454216003, 0.3204237222671509, 0.32150012254714966, 0.32835692167282104, 0.32634976506233215, 0.3291090130805969, 0.3206053674221039, 0.3186694085597992, 0.3228461742401123, 0.324258029460907, 0.3321286737918854, 0.31397396326065063, 0.345058411359787, 0.31127116084098816, 0.31873247027397156, 0.3148486018180847, 0.32729867100715637, 0.31255456805229187, 0.32045745849609375, 0.3146027624607086, 0.3077101409435272, 0.306441068649292, 0.3060173988342285, 0.3089431822299957, 0.3074866831302643, 0.31874051690101624, 0.3021867275238037, 0.31377023458480835, 0.3147251307964325, 0.3097926080226898, 0.315613329410553, 0.29922541975975037, 0.3034312427043915, 0.3022060990333557, 0.3069898784160614, 0.29577305912971497, 0.2957836985588074, 0.35061565041542053, 0.2961961328983307, 0.2921307384967804]",30.0,"[33.0, 33.0, 33.0, 33.0, 33.0, 33.0, 33.0, 33.0, 33.0, 33.0, 33.0, 33.0, 33.0, 33.0, 33.0, 33.0, 33.0, 33.0, 33.0, 33.0, 33.0, 33.0, 33.0, 33.0, 33.0, 33.0, 33.0, 32.0, 32.0, 32.0, 32.0, 32.0, 32.0, 32.0, 32.0, 32.0, 32.0, 32.0, 32.0, 32.0, 32.0, 32.0, 31.0, 31.0, 31.0, 31.0, 31.0, 31.0, 31.0, 31.0, 31.0, 31.0, 31.0, 31.0, 31.0, 31.0, 31.0, 31.0, 31.0, 31.0, 31.0, 31.0, 31.0, 31.0, 31.0, 31.0, 31.0, 31.0, 31.0, 31.0, 31.0, 31.0, 31.0, 31.0, 31.0, 31.0, 31.0, 31.0, 31.0, 31.0, 31.0, 31.0, 31.0, 31.0, 31.0, 31.0, 31.0, 31.0, 31.0, 31.0, 31.0, 31.0, 31.0, 31.0, 31.0, 31.0, 30.0, 30.0, 30.0, 30.0, 30.0, 30.0, 30.0, 30.0, 30.0, 30.0, 30.0, 30.0, 30.0, 30.0, 30.0, 30.0, 30.0, 30.0, 30.0]",COMPLETE
