,number,value,datetime_start,datetime_complete,duration,params_batch_size_scaler,params_constant_learning_rate,params_depth,params_epochs,params_kernel_l2,params_num_trees,params_temperature,user_attrs_accuracy_test,user_attrs_accuracy_valid,user_attrs_approximate_feature_sparsity,user_attrs_approximate_feature_sparsity_history,user_attrs_approximate_weight_sparsity,user_attrs_approximate_weight_sparsity_history,user_attrs_auc_test,user_attrs_auc_valid,user_attrs_feature_sparsity,user_attrs_feature_sparsity_history,user_attrs_num_epochs,user_attrs_val_loss_history,user_attrs_weight_sparsity,user_attrs_weight_sparsity_history,state
32,32,0.9037755535803996,2024-08-31 01:53:42.261500,2024-08-31 01:55:33.831175,0 days 00:01:51.569675,16,0.0782547127694397,4,425,0.016357009940695107,72,0.002291311050927,0.9,0.89125,33,"[33, 33, 33, 33, 33, 33, 33, 33, 33, 33, 33, 33, 33, 33, 33, 33, 33, 33, 33, 33, 33, 33, 33, 33, 33, 33, 33, 33, 33, 33, 33, 33, 33, 33, 33, 33, 33, 33, 33, 33, 33, 33, 33, 33, 33, 33, 33, 33, 33, 33, 33, 33, 33, 33, 33, 33, 33, 33, 33, 33, 33, 33, 33, 33, 33, 33, 33, 33, 33, 33, 33, 33, 33, 33, 33, 33, 33, 33, 33, 33, 33, 33, 33, 33, 33, 33, 33, 33, 33, 33, 33, 33, 33, 33, 33, 33, 33, 33, 33, 33, 33, 33, 33, 33, 33, 33, 33, 33, 33, 33, 33, 33, 33, 33, 33, 33, 33, 33, 33, 33, 33, 33, 33, 33, 33, 33, 33, 33, 33, 33, 33, 33, 33, 33, 33, 33, 33, 33, 33, 33, 33, 33, 33, 33, 33, 33, 33, 33, 33, 33, 33, 33, 33, 33, 33, 33, 33, 33, 33, 33, 33, 33, 33, 33, 33, 33, 33, 33, 33, 33, 33, 33, 33, 33, 33, 33, 33, 33, 33, 33, 33, 33, 33, 33, 33, 33, 33, 33, 33, 33, 33, 33, 33, 33, 33, 33, 33, 33, 33, 33, 33, 33, 33, 33, 33, 33, 33, 33, 33, 33, 33, 33, 33, 33, 33, 33, 33, 33, 33, 33, 33, 33, 33, 33, 33, 33, 33, 33, 33, 33, 33, 33, 33, 33, 33, 33, 33, 33, 33, 33, 33, 33, 33, 33, 33, 33, 33, 33, 33, 33, 33, 33, 33, 33, 33, 33, 33, 33, 33, 33, 33, 33, 33, 33, 33, 33, 33, 33, 33, 33, 33, 33, 33, 33, 33, 33, 33, 33, 33, 33, 33, 33, 33, 33, 33, 33, 33, 33, 33, 33, 33, 33, 33, 33, 33, 33, 33, 33, 33, 33, 33, 33, 33, 33, 33, 33, 33, 33, 33, 33, 33, 33, 33, 33, 33, 33, 33, 33, 33, 33, 33, 33, 33, 33, 33, 33, 33, 33, 33, 33, 33, 33, 33, 33, 33, 33, 33, 33, 33, 33, 33, 33, 33, 33, 33, 33, 33, 33, 33, 33, 33, 33, 33, 33, 33, 33, 33, 33, 33, 33, 33, 33, 33, 33, 33, 33, 33, 33, 33, 33, 33, 33, 33, 33, 33, 33, 33, 33, 33, 33, 33, 33, 33, 33, 33, 33, 33, 33, 33, 33, 33, 33, 33, 33, 33, 33, 33, 33, 33, 33, 33, 33, 33, 33, 33, 33, 33, 33, 33, 33, 33, 33, 33, 33, 33, 33, 33, 33, 33, 33, 33, 33, 33, 33, 33]",32.955555555555556,"[32.96018518518519, 32.95740740740741, 32.958333333333336, 32.95925925925926, 32.955555555555556, 32.95740740740741, 32.949074074074076, 32.95648148148148, 32.96388888888889, 32.955555555555556, 32.95092592592592, 32.95648148148148, 32.94259259259259, 32.951851851851856, 32.95092592592593, 32.95740740740741, 32.9537037037037, 32.95925925925926, 32.95092592592592, 32.95648148148148, 32.95462962962963, 32.961111111111116, 32.95648148148148, 32.94814814814815, 32.96111111111111, 32.96111111111111, 32.95740740740741, 32.958333333333336, 32.95740740740741, 32.955555555555556, 32.96018518518519, 32.958333333333336, 32.95740740740741, 32.96018518518519, 32.96388888888889, 32.96666666666667, 32.95648148148148, 32.94814814814815, 32.955555555555556, 32.96018518518519, 32.9537037037037, 32.95092592592593, 32.95462962962963, 32.96296296296296, 32.962037037037035, 32.964814814814815, 32.962037037037035, 32.962037037037035, 32.96296296296296, 32.958333333333336, 32.95462962962963, 32.958333333333336, 32.9537037037037, 32.96018518518518, 32.96388888888889, 32.96111111111111, 32.954629629629636, 32.964814814814815, 32.96111111111111, 32.95925925925926, 32.96018518518518, 32.961111111111116, 32.95740740740741, 32.958333333333336, 32.96018518518518, 32.958333333333336, 32.962037037037035, 32.96018518518518, 32.96296296296296, 32.958333333333336, 32.96388888888889, 32.96018518518519, 32.961111111111116, 32.96388888888889, 32.96296296296296, 32.962037037037035, 32.964814814814815, 32.964814814814815, 32.96388888888889, 32.96018518518518, 32.95925925925926, 32.9537037037037, 32.95925925925926, 32.967592592592595, 32.962037037037035, 32.96388888888889, 32.95740740740741, 32.961111111111116, 32.961111111111116, 32.96018518518519, 32.9537037037037, 32.951851851851856, 32.955555555555556, 32.95462962962963, 32.95648148148148, 32.955555555555556, 32.95462962962963, 32.955555555555556, 32.952777777777776, 32.952777777777776, 32.95092592592592, 32.949999999999996, 32.943518518518516, 32.94444444444444, 32.94537037037037, 32.94814814814815, 32.94537037037037, 32.94814814814815, 32.94722222222222, 32.94537037037037, 32.95, 32.949074074074076, 32.95092592592593, 32.949074074074076, 32.94444444444444, 32.94722222222222, 32.93703703703704, 32.93981481481482, 32.94537037037037, 32.949074074074076, 32.94722222222222, 32.94537037037037, 32.951851851851856, 32.94722222222222, 32.94814814814815, 32.952777777777776, 32.951851851851856, 32.952777777777776, 32.9537037037037, 32.9537037037037, 32.95648148148148, 32.95648148148148, 32.959259259259255, 32.95462962962963, 32.95740740740741, 32.95925925925926, 32.95925925925926, 32.96388888888889, 32.96574074074074, 32.96666666666667, 32.964814814814815, 32.96388888888889, 32.96574074074074, 32.967592592592595, 32.96296296296296, 32.96296296296296, 32.962037037037035, 32.967592592592595, 32.96666666666667, 32.96574074074074, 32.96666666666667, 32.96388888888889, 32.9537037037037, 32.9537037037037, 32.949074074074076, 32.946296296296296, 32.94444444444444, 32.94444444444444, 32.94444444444444, 32.94537037037037, 32.94259259259259, 32.94722222222222, 32.946296296296296, 32.949074074074076, 32.95092592592593, 32.94814814814815, 32.95092592592593, 32.94814814814815, 32.949074074074076, 32.95833333333333, 32.951851851851856, 32.949074074074076, 32.94814814814815, 32.949074074074076, 32.946296296296296, 32.94814814814815, 32.95, 32.95277777777778, 32.9537037037037, 32.952777777777776, 32.9537037037037, 32.95092592592593, 32.94722222222222, 32.95, 32.94814814814815, 32.94814814814815, 32.94444444444444, 32.94444444444444, 32.94907407407407, 32.95648148148148, 32.95092592592593, 32.94814814814815, 32.94166666666666, 32.94537037037037, 32.94537037037037, 32.93796296296296, 32.943518518518516, 32.93888888888889, 32.93981481481481, 32.93981481481482, 32.94444444444444, 32.94444444444444, 32.943518518518516, 32.93888888888889, 32.94444444444444, 32.943518518518516, 32.94259259259259, 32.94537037037037, 32.94537037037037, 32.95092592592592, 32.949074074074076, 32.95, 32.94722222222222, 32.94537037037037, 32.95092592592593, 32.9537037037037, 32.95185185185185, 32.95, 32.94814814814815, 32.952777777777776, 32.96018518518519, 32.952777777777776, 32.96111111111111, 32.96111111111111, 32.95092592592593, 32.95185185185185, 32.9537037037037, 32.95277777777778, 32.95925925925926, 32.958333333333336, 32.96018518518519, 32.95925925925926, 32.95740740740741, 32.95462962962963, 32.9537037037037, 32.952777777777776, 32.955555555555556, 32.959259259259255, 32.96296296296296, 32.95740740740741, 32.95740740740741, 32.955555555555556, 32.958333333333336, 32.961111111111116, 32.955555555555556, 32.955555555555556, 32.959259259259255, 32.952777777777776, 32.95740740740741, 32.96203703703704, 32.959259259259255, 32.958333333333336, 32.95648148148148, 32.96111111111111, 32.958333333333336, 32.958333333333336, 32.959259259259255, 32.95462962962963, 32.952777777777776, 32.95092592592592, 32.94814814814815, 32.951851851851856, 32.9537037037037, 32.95185185185185, 32.95185185185185, 32.952777777777776, 32.94814814814815, 32.95092592592592, 32.95092592592592, 32.95092592592592, 32.94814814814815, 32.95092592592593, 32.962037037037035, 32.962037037037035, 32.95925925925926, 32.95462962962963, 32.95648148148148, 32.96111111111111, 32.964814814814815, 32.958333333333336, 32.951851851851856, 32.955555555555556, 32.964814814814815, 32.964814814814815, 32.95925925925926, 32.95740740740741, 32.96018518518518, 32.95925925925926, 32.949074074074076, 32.95185185185185, 32.952777777777776, 32.952777777777776, 32.958333333333336, 32.96296296296296, 32.95925925925926, 32.95740740740741, 32.962037037037035, 32.96388888888889, 32.96203703703704, 32.95925925925926, 32.96018518518518, 32.95740740740741, 32.96111111111111, 32.96296296296296, 32.958333333333336, 32.95462962962963, 32.949074074074076, 32.95092592592592, 32.952777777777776, 32.949074074074076, 32.949999999999996, 32.952777777777776, 32.958333333333336, 32.958333333333336, 32.958333333333336, 32.958333333333336, 32.95462962962963, 32.96203703703704, 32.96388888888889, 32.959259259259255, 32.958333333333336, 32.95925925925926, 32.95925925925926, 32.95925925925926, 32.95648148148148, 32.95740740740741, 32.95648148148148, 32.9537037037037, 32.952777777777776, 32.95648148148148, 32.95740740740741, 32.95277777777778, 32.95185185185185, 32.95092592592592, 32.95092592592592, 32.949074074074076, 32.946296296296296, 32.94814814814815, 32.94444444444444, 32.94074074074074, 32.93981481481482, 32.93611111111111, 32.93981481481482, 32.94537037037037, 32.95092592592593, 32.952777777777776, 32.95092592592592, 32.952777777777776, 32.94907407407407, 32.949074074074076, 32.94907407407407, 32.9537037037037, 32.9537037037037, 32.95462962962963, 32.95, 32.949074074074076, 32.94722222222222, 32.9537037037037, 32.95092592592592, 32.952777777777776, 32.949074074074076, 32.95648148148148, 32.955555555555556, 32.955555555555556, 32.958333333333336, 32.958333333333336, 32.955555555555556, 32.955555555555556, 32.94722222222222, 32.94722222222222, 32.946296296296296, 32.94537037037037, 32.94722222222222, 32.94537037037037, 32.94444444444444, 32.94722222222222, 32.94537037037037, 32.94074074074074, 32.946296296296296, 32.946296296296296, 32.95092592592592, 32.95092592592593, 32.95092592592592, 32.94444444444444, 32.94537037037037, 32.94814814814815, 32.95185185185185, 32.94907407407407, 32.949999999999996, 32.95092592592592, 32.952777777777776, 32.95925925925926, 32.96018518518518, 32.962037037037035, 32.96574074074074, 32.96018518518519, 32.95648148148148, 32.9537037037037, 32.95092592592592, 32.95092592592593, 32.95092592592592, 32.95462962962963, 32.95462962962963, 32.95185185185185, 32.958333333333336, 32.95648148148148, 32.9537037037037, 32.95740740740741, 32.9537037037037, 32.951851851851856, 32.94814814814815, 32.95, 32.95185185185185, 32.952777777777776, 32.95925925925926, 32.958333333333336, 32.96018518518518, 32.95740740740741, 32.95925925925926, 32.96018518518519, 32.962037037037035, 32.96018518518518, 32.958333333333336, 32.958333333333336, 32.955555555555556]",0.8840809451861393,0.9037755535803996,33,"[33, 33, 33, 33, 33, 33, 33, 33, 33, 33, 33, 33, 33, 33, 33, 33, 33, 33, 33, 33, 33, 33, 33, 33, 33, 33, 33, 33, 33, 33, 33, 33, 33, 33, 33, 33, 33, 33, 33, 33, 33, 33, 33, 33, 33, 33, 33, 33, 33, 33, 33, 33, 33, 33, 33, 33, 33, 33, 33, 33, 33, 33, 33, 33, 33, 33, 33, 33, 33, 33, 33, 33, 33, 33, 33, 33, 33, 33, 33, 33, 33, 33, 33, 33, 33, 33, 33, 33, 33, 33, 33, 33, 33, 33, 33, 33, 33, 33, 33, 33, 33, 33, 33, 33, 33, 33, 33, 33, 33, 33, 33, 33, 33, 33, 33, 33, 33, 33, 33, 33, 33, 33, 33, 33, 33, 33, 33, 33, 33, 33, 33, 33, 33, 33, 33, 33, 33, 33, 33, 33, 33, 33, 33, 33, 33, 33, 33, 33, 33, 33, 33, 33, 33, 33, 33, 33, 33, 33, 33, 33, 33, 33, 33, 33, 33, 33, 33, 33, 33, 33, 33, 33, 33, 33, 33, 33, 33, 33, 33, 33, 33, 33, 33, 33, 33, 33, 33, 33, 33, 33, 33, 33, 33, 33, 33, 33, 33, 33, 33, 33, 33, 33, 33, 33, 33, 33, 33, 33, 33, 33, 33, 33, 33, 33, 33, 33, 33, 33, 33, 33, 33, 33, 33, 33, 33, 33, 33, 33, 33, 33, 33, 33, 33, 33, 33, 33, 33, 33, 33, 33, 33, 33, 33, 33, 33, 33, 33, 33, 33, 33, 33, 33, 33, 33, 33, 33, 33, 33, 33, 33, 33, 33, 33, 33, 33, 33, 33, 33, 33, 33, 33, 33, 33, 33, 33, 33, 33, 33, 33, 33, 33, 33, 33, 33, 33, 33, 33, 33, 33, 33, 33, 33, 33, 33, 33, 33, 33, 33, 33, 33, 33, 33, 33, 33, 33, 33, 33, 33, 33, 33, 33, 33, 33, 33, 33, 33, 33, 33, 33, 33, 33, 33, 33, 33, 33, 33, 33, 33, 33, 33, 33, 33, 33, 33, 33, 33, 33, 33, 33, 33, 33, 33, 33, 33, 33, 33, 33, 33, 33, 33, 33, 33, 33, 33, 33, 33, 33, 33, 33, 33, 33, 33, 33, 33, 33, 33, 33, 33, 33, 33, 33, 33, 33, 33, 33, 33, 33, 33, 33, 33, 33, 33, 33, 33, 33, 33, 33, 33, 33, 33, 33, 33, 33, 33, 33, 33, 33, 33, 33, 33, 33, 33, 33, 33, 33, 33, 33, 33, 33, 33, 33, 33, 33, 33, 33, 33, 33, 33, 33, 33, 33, 33, 33, 33, 33]",425,"[0.41045942902565, 0.39961859583854675, 0.3962181508541107, 0.393842875957489, 0.3914097845554352, 0.38928213715553284, 0.3874019384384155, 0.385667085647583, 0.38410621881484985, 0.3826761245727539, 0.38139137625694275, 0.3803355395793915, 0.3791729211807251, 0.3782382309436798, 0.3772940933704376, 0.37644803524017334, 0.3755795657634735, 0.37482205033302307, 0.3741510808467865, 0.3735150098800659, 0.37278252840042114, 0.372275173664093, 0.3716069459915161, 0.3711582124233246, 0.37058818340301514, 0.37026864290237427, 0.36963072419166565, 0.36916691064834595, 0.3686288893222809, 0.3684510886669159, 0.36793965101242065, 0.36749884486198425, 0.3670318126678467, 0.3665870428085327, 0.3662872016429901, 0.3657744228839874, 0.3654443323612213, 0.3649078607559204, 0.3645559251308441, 0.3641117513179779, 0.3638157248497009, 0.363353431224823, 0.36299845576286316, 0.362571120262146, 0.3622357249259949, 0.36183857917785645, 0.3615192770957947, 0.3611246347427368, 0.36069029569625854, 0.3603147864341736, 0.36013802886009216, 0.35978975892066956, 0.3593120872974396, 0.35896846652030945, 0.3585502505302429, 0.35830020904541016, 0.3582170009613037, 0.35745060443878174, 0.3571283221244812, 0.35682886838912964, 0.3565026521682739, 0.35629698634147644, 0.35570114850997925, 0.35542094707489014, 0.3550806939601898, 0.3546223044395447, 0.35427674651145935, 0.3539970815181732, 0.3536657392978668, 0.3531947731971741, 0.3527877926826477, 0.352488249540329, 0.3521428406238556, 0.3521171808242798, 0.35152146220207214, 0.3513332009315491, 0.3508947789669037, 0.3506721556186676, 0.35028156638145447, 0.35002970695495605, 0.34972381591796875, 0.34968459606170654, 0.34929317235946655, 0.34906283020973206, 0.3486834764480591, 0.3482266664505005, 0.34795382618904114, 0.34762072563171387, 0.3472288250923157, 0.3469390869140625, 0.34662356972694397, 0.3463524281978607, 0.34617242217063904, 0.345845103263855, 0.3454445004463196, 0.34526893496513367, 0.34495148062705994, 0.3445919156074524, 0.3443467319011688, 0.3439676761627197, 0.34375423192977905, 0.34337911009788513, 0.3430366516113281, 0.34266337752342224, 0.34243905544281006, 0.34209921956062317, 0.3418387472629547, 0.3415370583534241, 0.34146204590797424, 0.34093281626701355, 0.3408079445362091, 0.3403792977333069, 0.34000808000564575, 0.3397502899169922, 0.33965954184532166, 0.3392903506755829, 0.3389991521835327, 0.3387089669704437, 0.33869946002960205, 0.3380223214626312, 0.33791449666023254, 0.33764228224754333, 0.3372596800327301, 0.33689385652542114, 0.33668914437294006, 0.3362976014614105, 0.3359658420085907, 0.33566734194755554, 0.33549776673316956, 0.3352639377117157, 0.33488452434539795, 0.3346308767795563, 0.3343437910079956, 0.3342515528202057, 0.3337427079677582, 0.33354508876800537, 0.3332519829273224, 0.33279961347579956, 0.33270400762557983, 0.33233124017715454, 0.3320414423942566, 0.33173197507858276, 0.3315448760986328, 0.3311975598335266, 0.3309926688671112, 0.33062416315078735, 0.3302537500858307, 0.3299376666545868, 0.32964110374450684, 0.3293474316596985, 0.3292250335216522, 0.3288729786872864, 0.32856568694114685, 0.32825160026550293, 0.32805484533309937, 0.3278040587902069, 0.32748621702194214, 0.32710960507392883, 0.3268800377845764, 0.32657429575920105, 0.32630690932273865, 0.32613471150398254, 0.3257503807544708, 0.3255390524864197, 0.32521355152130127, 0.32505276799201965, 0.32471024990081787, 0.3244243562221527, 0.3242504596710205, 0.3237602114677429, 0.3235870599746704, 0.32319119572639465, 0.32295364141464233, 0.3225841224193573, 0.3222505450248718, 0.32196417450904846, 0.3216148316860199, 0.32144737243652344, 0.3212215304374695, 0.32077914476394653, 0.32048743963241577, 0.3201567828655243, 0.3197762370109558, 0.319545716047287, 0.319257527589798, 0.3188021779060364, 0.3185604512691498, 0.318354070186615, 0.31795787811279297, 0.3175707161426544, 0.31742364168167114, 0.3171578347682953, 0.3167884647846222, 0.31649917364120483, 0.31611862778663635, 0.31571292877197266, 0.3153260350227356, 0.3151053488254547, 0.31509456038475037, 0.31452304124832153, 0.3141340911388397, 0.31378620862960815, 0.3133256137371063, 0.3130575120449066, 0.31265777349472046, 0.31230831146240234, 0.3119722604751587, 0.31166741251945496, 0.31169813871383667, 0.31099119782447815, 0.3105827271938324, 0.3103567659854889, 0.31004825234413147, 0.3094780445098877, 0.3090803623199463, 0.3087599277496338, 0.3084585666656494, 0.30819469690322876, 0.3077944219112396, 0.3073420822620392, 0.30688008666038513, 0.3064974546432495, 0.3062029778957367, 0.3061518967151642, 0.30541619658470154, 0.30516183376312256, 0.3045922815799713, 0.3042563199996948, 0.30390244722366333, 0.30350178480148315, 0.3032837212085724, 0.3027021586894989, 0.3022887706756592, 0.30185601115226746, 0.30156099796295166, 0.3012680411338806, 0.30074378848075867, 0.3003199100494385, 0.2997473180294037, 0.29938146471977234, 0.2991011142730713, 0.29855117201805115, 0.2981017827987671, 0.2976829409599304, 0.297273188829422, 0.2968340814113617, 0.2964577376842499, 0.29604649543762207, 0.2955321967601776, 0.29513904452323914, 0.2947425842285156, 0.294474720954895, 0.29391616582870483, 0.29356497526168823, 0.2930707633495331, 0.29255211353302, 0.2922535836696625, 0.29188480973243713, 0.2913949489593506, 0.2910015881061554, 0.29055485129356384, 0.290144145488739, 0.2896256148815155, 0.28925633430480957, 0.28876975178718567, 0.2885114550590515, 0.28802281618118286, 0.28751254081726074, 0.2870630621910095, 0.2865138053894043, 0.286149263381958, 0.28570374846458435, 0.28525176644325256, 0.2849179208278656, 0.2845289409160614, 0.2841149568557739, 0.28356462717056274, 0.28305113315582275, 0.2826650142669678, 0.2822895050048828, 0.2818928062915802, 0.2815735340118408, 0.2812909781932831, 0.2808495759963989, 0.28019362688064575, 0.279814213514328, 0.2792208194732666, 0.2788665294647217, 0.2783821225166321, 0.27804914116859436, 0.27756422758102417, 0.27708882093429565, 0.2769352197647095, 0.27652299404144287, 0.27601975202560425, 0.2755510210990906, 0.27531898021698, 0.2749115526676178, 0.2743953764438629, 0.27396315336227417, 0.27363336086273193, 0.27332228422164917, 0.27310097217559814, 0.2727793753147125, 0.2723754048347473, 0.2720312178134918, 0.2717166543006897, 0.2712211310863495, 0.27091893553733826, 0.2708107829093933, 0.2705203890800476, 0.26986950635910034, 0.26962754130363464, 0.26929667592048645, 0.26872357726097107, 0.2683505415916443, 0.2680865526199341, 0.26781561970710754, 0.2675199806690216, 0.2671070098876953, 0.26664915680885315, 0.26639750599861145, 0.2660967707633972, 0.265728622674942, 0.2654482126235962, 0.2651108205318451, 0.26479852199554443, 0.2645440101623535, 0.26423102617263794, 0.26390284299850464, 0.2635558247566223, 0.26323288679122925, 0.2631153166294098, 0.2626934349536896, 0.2623257339000702, 0.26226410269737244, 0.2618284523487091, 0.2614443004131317, 0.2612062394618988, 0.2608605623245239, 0.26060476899147034, 0.26032185554504395, 0.2599668800830841, 0.2597252130508423, 0.2595442533493042, 0.2593788206577301, 0.2591744661331177, 0.2589602768421173, 0.25860196352005005, 0.2583357095718384, 0.25818535685539246, 0.25796595215797424, 0.25783678889274597, 0.2576359808444977, 0.2572491765022278, 0.25699383020401, 0.256577730178833, 0.2563267946243286, 0.25618690252304077, 0.2559613883495331, 0.2557629346847534, 0.2554878294467926, 0.2552756369113922, 0.2551683187484741, 0.25489428639411926, 0.2547149062156677, 0.254493772983551, 0.2542697489261627, 0.25403347611427307, 0.2538164258003235, 0.25369492173194885, 0.25344955921173096, 0.25318464636802673, 0.25298064947128296, 0.2526841461658478, 0.2524695098400116, 0.2522786259651184, 0.2521164119243622, 0.2518901526927948, 0.25174418091773987, 0.2518686354160309, 0.2514840066432953, 0.25124499201774597, 0.25111275911331177, 0.2508223354816437, 0.2506600022315979, 0.25049030780792236, 0.25033682584762573, 0.25019872188568115, 0.2500389814376831, 0.2498660832643509, 0.24979013204574585, 0.24953699111938477, 0.24927528202533722, 0.24931976199150085, 0.2490042746067047, 0.24864168465137482, 0.24846740067005157, 0.24834373593330383, 0.2481406331062317, 0.24796061217784882, 0.24778923392295837, 0.24771341681480408, 0.24753643572330475, 0.24731221795082092, 0.24717064201831818, 0.24711795151233673, 0.2467869371175766, 0.24669396877288818, 0.2465735226869583, 0.24648773670196533, 0.24629448354244232, 0.24609369039535522, 0.24589428305625916, 0.24574919044971466, 0.24553732573986053, 0.24540762603282928, 0.24513918161392212, 0.24497617781162262, 0.24474240839481354, 0.24465541541576385, 0.24451574683189392, 0.24428890645503998, 0.24414484202861786, 0.24390508234500885]",33.0,"[33.0, 33.0, 33.0, 33.0, 33.0, 33.0, 33.0, 33.0, 33.0, 33.0, 33.0, 33.0, 33.0, 33.0, 33.0, 33.0, 33.0, 33.0, 33.0, 33.0, 33.0, 33.0, 33.0, 33.0, 33.0, 33.0, 33.0, 33.0, 33.0, 33.0, 33.0, 33.0, 33.0, 33.0, 33.0, 33.0, 33.0, 33.0, 33.0, 33.0, 33.0, 33.0, 33.0, 33.0, 33.0, 33.0, 33.0, 33.0, 33.0, 33.0, 33.0, 33.0, 33.0, 33.0, 33.0, 33.0, 33.0, 33.0, 33.0, 33.0, 33.0, 33.0, 33.0, 33.0, 33.0, 33.0, 33.0, 33.0, 33.0, 33.0, 33.0, 33.0, 33.0, 33.0, 33.0, 33.0, 33.0, 33.0, 33.0, 33.0, 33.0, 33.0, 33.0, 33.0, 33.0, 33.0, 33.0, 33.0, 33.0, 33.0, 33.0, 33.0, 33.0, 33.0, 33.0, 33.0, 33.0, 33.0, 33.0, 33.0, 33.0, 33.0, 33.0, 33.0, 33.0, 33.0, 33.0, 33.0, 33.0, 33.0, 33.0, 33.0, 33.0, 33.0, 33.0, 33.0, 33.0, 33.0, 33.0, 33.0, 33.0, 33.0, 33.0, 33.0, 33.0, 33.0, 33.0, 33.0, 33.0, 33.0, 33.0, 33.0, 33.0, 33.0, 33.0, 33.0, 33.0, 33.0, 33.0, 33.0, 33.0, 33.0, 33.0, 33.0, 33.0, 33.0, 33.0, 33.0, 33.0, 33.0, 33.0, 33.0, 33.0,