,number,value,datetime_start,datetime_complete,duration,params_batch_size_scaler,params_constant_learning_rate,params_depth,params_epochs,params_kernel_l2,params_num_trees,params_temperature,user_attrs_accuracy_test,user_attrs_accuracy_valid,user_attrs_approximate_feature_sparsity,user_attrs_approximate_feature_sparsity_history,user_attrs_approximate_weight_sparsity,user_attrs_approximate_weight_sparsity_history,user_attrs_auc_test,user_attrs_auc_valid,user_attrs_feature_sparsity,user_attrs_feature_sparsity_history,user_attrs_num_epochs,user_attrs_val_loss_history,user_attrs_weight_sparsity,user_attrs_weight_sparsity_history,state
124,124,0.5,2024-08-31 06:06:53.233310,2024-08-31 06:07:30.675586,0 days 00:00:37.442276,16,3.654334681678932,1,360,0.06301377504817988,45,0.0042482253014792005,0.859,0.85875,1,"[17, 10, 9, 9, 8, 7, 6, 6, 6, 5, 5, 3, 4, 4, 3, 3, 3, 4, 2, 2, 2, 3, 3, 2, 2, 3, 2, 2, 1, 2, 1, 1, 2, 1, 3, 2, 2, 2, 2, 2, 2, 1, 1, 1, 1, 2, 1, 1, 2, 2, 2, 2, 2, 1, 3, 3, 2, 2, 2, 2, 2, 1, 1, 2, 1, 2, 2, 2, 2, 2, 1, 1, 2, 2, 1, 1, 2, 2, 2, 1, 1, 1, 2, 1, 1, 2, 1, 2, 1, 5, 4, 3, 3, 3, 3, 3, 3, 2, 2, 2, 3, 3, 3, 3, 3, 5, 5, 4, 4, 3, 2, 2, 2, 2, 2, 2, 2, 2, 2, 2, 2, 2, 2, 2, 1, 2, 1, 1, 1, 2, 2, 1, 1, 1, 2, 1, 2, 2, 1, 1, 2, 1, 1, 2, 2, 1, 1, 2, 1, 2, 1, 2, 1, 2, 2, 1, 1, 1, 1, 2, 1, 1, 1, 9, 9, 6, 5, 5, 5, 3, 3, 3, 3, 3, 2, 2, 2, 2, 2, 2, 2, 2, 2, 2, 2, 2, 2, 2, 1, 1, 2, 1, 0, 2, 3, 2, 2, 0, 1, 2, 2, 2, 2, 2, 0, 2, 1, 1, 1, 3, 0, 2, 2, 2, 2, 2, 1, 0, 1, 0, 2, 2, 0, 2, 0, 2, 3, 0, 2, 0, 1, 1, 2, 2, 2, 2, 2, 0, 0, 1, 3, 0, 0, 1, 1, 0, 0, 2, 2, 0, 2, 2, 0, 2, 2, 0, 2, 2, 1, 1, 2, 0, 2, 2, 0, 0, 2, 2, 2, 1, 0, 2, 2, 0, 2, 2, 0, 2, 2, 1, 1, 0, 0, 2, 3, 0, 2, 2, 2, 1, 2, 2, 2, 2, 2, 2, 2, 2, 1, 2, 2, 1, 2, 1, 2, 1, 2, 2, 1, 2, 2, 1, 1, 0, 2, 2, 0, 1, 2, 0, 0, 2, 0, 1, 2, 2, 2, 1, 0, 3, 0, 2, 2, 0, 1, 1, 2, 0, 2, 1, 0, 2, 2, 2, 1, 2, 0, 2, 0, 2, 2, 1, 0, 2, 3, 2, 0, 2, 2, 1]",0.9555555555555556,"[17.0, 10.0, 9.0, 9.0, 8.0, 7.0, 6.0, 6.0, 6.0, 4.977777777777778, 5.0, 3.0, 3.977777777777778, 4.0, 3.0, 3.0, 3.0, 4.0, 2.0, 2.0, 2.0, 3.0, 3.0, 2.0, 2.0, 3.0, 2.0, 2.0, 1.0, 2.0, 1.0, 1.0, 2.0, 1.0, 3.0, 2.0, 1.9777777777777779, 2.0, 2.0, 2.0, 2.0, 1.0, 1.0, 1.0, 1.0, 2.0, 1.0, 1.0, 2.0, 2.0, 2.0, 2.0, 2.0, 1.0, 3.0, 3.0, 2.0, 2.0, 2.0, 2.0, 2.0, 1.0, 1.0, 2.0, 1.0, 2.0, 2.0, 2.0, 2.0, 2.0, 1.0, 1.0, 2.0, 2.0, 1.0, 1.0, 2.0, 2.0, 2.0, 1.0, 1.0, 1.0, 2.0, 1.0, 1.0, 2.0, 1.0, 2.0, 1.0, 5.0, 4.0, 3.0, 3.0, 3.0, 3.0, 3.0, 3.0, 2.0, 2.0, 2.0, 3.0, 3.0, 3.0, 3.0, 3.0, 5.0, 5.0, 4.0, 4.0, 2.977777777777778, 2.0, 2.0, 2.0, 2.0, 2.0, 2.0, 2.0, 2.0, 2.0, 2.0, 2.0, 2.0, 2.0, 2.0, 1.0, 1.9777777777777779, 1.0, 1.0, 1.0, 1.9777777777777779, 1.9777777777777779, 1.0, 1.0, 1.0, 1.9777777777777779, 1.0, 1.9777777777777779, 1.9777777777777779, 1.0, 1.0, 1.9777777777777779, 1.0, 1.0, 1.9777777777777779, 1.9777777777777779, 1.0, 1.0, 1.9777777777777779, 1.0, 1.9777777777777779, 1.0, 1.9777777777777779, 1.0, 1.9777777777777779, 1.9777777777777779, 1.0, 1.0, 1.0, 1.0, 1.9777777777777779, 1.0, 1.0, 1.0, 8.822222222222223, 8.822222222222223, 5.888888888888889, 4.911111111111111, 4.911111111111111, 4.911111111111111, 2.9555555555555557, 2.9555555555555557, 2.9555555555555557, 2.9555555555555557, 2.9555555555555557, 1.9777777777777779, 1.9777777777777779, 1.9777777777777779, 1.9777777777777779, 1.9777777777777779, 1.9777777777777779, 1.9777777777777779, 1.9777777777777779, 1.9777777777777779, 1.9777777777777779, 1.9777777777777779, 1.9777777777777779, 1.9777777777777779, 1.9777777777777779, 0.9777777777777777, 0.9777777777777777, 1.9333333333333333, 0.9777777777777777, 0.0, 1.9111111111111112, 2.8666666666666667, 1.9111111111111112, 1.9111111111111112, 0.0, 0.9555555555555556, 1.9111111111111112, 1.9111111111111112, 1.9111111111111112, 1.9111111111111112, 1.9111111111111112, 0.0, 1.9111111111111112, 0.9555555555555556, 0.9555555555555556, 0.9555555555555556, 2.8666666666666667, 0.0, 1.9111111111111112, 1.9111111111111112, 1.9111111111111112, 1.9111111111111112, 1.9111111111111112, 0.9555555555555556, 0.0, 0.9555555555555556, 0.0, 1.9111111111111112, 1.9111111111111112, 0.0, 1.9111111111111112, 0.0, 1.9111111111111112, 2.8666666666666667, 0.0, 1.9111111111111112, 0.0, 0.9555555555555556, 0.9555555555555556, 1.9111111111111112, 1.9111111111111112, 1.9111111111111112, 1.9111111111111112, 1.9111111111111112, 0.0, 0.0, 0.9555555555555556, 2.8666666666666667, 0.0, 0.0, 0.9555555555555556, 0.9555555555555556, 0.0, 0.0, 1.9111111111111112, 1.9111111111111112, 0.0, 1.9111111111111112, 1.9111111111111112, 0.0, 1.9111111111111112, 1.9111111111111112, 0.0, 1.9111111111111112, 1.9111111111111112, 0.9555555555555556, 0.9555555555555556, 1.9111111111111112, 0.0, 1.9111111111111112, 1.9111111111111112, 0.0, 0.0, 1.9111111111111112, 1.9111111111111112, 1.9111111111111112, 0.9555555555555556, 0.0, 1.9111111111111112, 1.9111111111111112, 0.0, 1.9111111111111112, 1.9111111111111112, 0.0, 1.9111111111111112, 1.9111111111111112, 0.9555555555555556, 0.9555555555555556, 0.0, 0.0, 1.9111111111111112, 2.8666666666666667, 0.0, 1.9111111111111112, 1.9111111111111112, 1.9111111111111112, 0.9555555555555556, 1.9111111111111112, 1.9111111111111112, 1.9111111111111112, 1.9111111111111112, 1.9111111111111112, 1.9111111111111112, 1.9111111111111112, 1.9111111111111112, 0.9555555555555556, 1.9111111111111112, 1.9111111111111112, 0.9555555555555556, 1.9111111111111112, 0.9555555555555556, 1.9111111111111112, 0.9555555555555556, 1.9111111111111112, 1.9111111111111112, 0.9555555555555556, 1.9111111111111112, 1.9111111111111112, 0.9555555555555556, 0.9555555555555556, 0.0, 1.9111111111111112, 1.9111111111111112, 0.0, 0.9555555555555556, 1.9111111111111112, 0.0, 0.0, 1.9111111111111112, 0.0, 0.9555555555555556, 1.9111111111111112, 1.9111111111111112, 1.9111111111111112, 0.9555555555555556, 0.0, 2.8666666666666667, 0.0, 1.9111111111111112, 1.9111111111111112, 0.0, 0.9555555555555556, 0.9555555555555556, 1.9111111111111112, 0.0, 1.9111111111111112, 0.9555555555555556, 0.0, 1.9111111111111112, 1.9111111111111112, 1.9111111111111112, 0.9555555555555556, 1.9111111111111112, 0.0, 1.9111111111111112, 0.0, 1.9111111111111112, 1.9111111111111112, 0.9555555555555556, 0.0, 1.9111111111111112, 2.8666666666666667, 1.9111111111111112, 0.0, 1.9111111111111112, 1.9111111111111112, 0.9555555555555556]",0.5,0.5,1,"[17, 10, 9, 9, 8, 7, 6, 6, 6, 5, 5, 3, 4, 4, 3, 3, 3, 4, 2, 2, 2, 3, 3, 2, 2, 3, 2, 2, 1, 2, 1, 1, 2, 1, 3, 2, 2, 2, 2, 2, 2, 1, 1, 1, 1, 2, 1, 1, 2, 2, 2, 2, 2, 1, 3, 3, 2, 2, 2, 2, 2, 1, 1, 2, 1, 2, 2, 2, 2, 2, 1, 1, 2, 2, 1, 1, 2, 2, 2, 1, 1, 1, 2, 1, 1, 2, 1, 2, 1, 5, 4, 3, 3, 3, 3, 3, 3, 2, 2, 2, 3, 3, 3, 3, 3, 5, 5, 4, 4, 3, 2, 2, 2, 2, 2, 2, 2, 2, 2, 2, 2, 2, 2, 2, 1, 2, 1, 1, 1, 2, 2, 1, 1, 1, 2, 1, 2, 2, 1, 1, 2, 1, 1, 2, 2, 1, 1, 2, 1, 2, 1, 2, 1, 2, 2, 1, 1, 1, 1, 2, 1, 1, 1, 9, 9, 6, 5, 5, 5, 3, 3, 3, 3, 3, 2, 2, 2, 2, 2, 2, 2, 2, 2, 2, 2, 2, 2, 2, 1, 1, 2, 1, 0, 2, 3, 2, 2, 0, 1, 2, 2, 2, 2, 2, 0, 2, 1, 1, 1, 3, 0, 2, 2, 2, 2, 2, 1, 0, 1, 0, 2, 2, 0, 2, 0, 2, 3, 0, 2, 0, 1, 1, 2, 2, 2, 2, 2, 0, 0, 1, 3, 0, 0, 1, 1, 0, 0, 2, 2, 0, 2, 2, 0, 2, 2, 0, 2, 2, 1, 1, 2, 0, 2, 2, 0, 0, 2, 2, 2, 1, 0, 2, 2, 0, 2, 2, 0, 2, 2, 1, 1, 0, 0, 2, 3, 0, 2, 2, 2, 1, 2, 2, 2, 2, 2, 2, 2, 2, 1, 2, 2, 1, 2, 1, 2, 1, 2, 2, 1, 2, 2, 1, 1, 0, 2, 2, 0, 1, 2, 0, 0, 2, 0, 1, 2, 2, 2, 1, 0, 3, 0, 2, 2, 0, 1, 1, 2, 0, 2, 1, 0, 2, 2, 2, 1, 2, 0, 2, 0, 2, 2, 1, 0, 2, 3, 2, 0, 2, 2, 1]",360,"[15.18726921081543, 10.849248886108398, 11.434610366821289, 1.1831246614456177, 13.436144828796387, 6.836148262023926, 2.158841133117676, 4.204875469207764, 1.9779162406921387, 3.2520322799682617, 11.2091646194458, 15.411323547363281, 19.319578170776367, 19.683984756469727, 20.622879028320312, 16.276403427124023, 12.834918022155762, 16.377582550048828, 2.1564345359802246, 12.166172981262207, 17.449119567871094, 16.958660125732422, 19.227157592773438, 8.798707008361816, 2.8736886978149414, 9.991686820983887, 16.25293731689453, 19.396255493164062, 20.53913116455078, 20.288633346557617, 2.927776575088501, 3.835129737854004, 2.6448240280151367, 10.806326866149902, 28.117332458496094, 27.94037628173828, 25.564594268798828, 16.4395809173584, 3.5090131759643555, 4.8069844245910645, 12.802948951721191, 16.884645462036133, 1.7279621362686157, 12.744462013244629, 1.4421660900115967, 4.940264701843262, 2.0197174549102783, 1.7419151067733765, 8.668853759765625, 7.596449375152588, 12.063940048217773, 5.443073749542236, 3.167146682739258, 1.1830015182495117, 8.924739837646484, 11.675524711608887, 17.24085807800293, 8.43295955657959, 6.27170467376709, 2.3679163455963135, 7.012945652008057, 8.436083793640137, 21.217676162719727, 5.585708141326904, 17.276325225830078, 20.05245590209961, 23.603532791137695, 2.058610200881958, 8.889425277709961, 10.152297973632812, 13.428291320800781, 5.057616710662842, 7.277812480926514, 9.856367111206055, 11.289741516113281, 5.697951793670654, 1.814671516418457, 25.307493209838867, 4.926772594451904, 4.481716156005859, 16.84684181213379, 2.150050401687622, 4.442182540893555, 17.02135467529297, 18.685073852539062, 21.71894073486328, 13.641351699829102, 22.145801544189453, 2.4487721920013428, 9.454327583312988, 11.471673965454102, 3.2348413467407227, 15.154638290405273, 2.801523447036743, 20.779497146606445, 19.663917541503906, 0.7224907875061035, 7.034700870513916, 6.0804057121276855, 17.692420959472656, 3.690187931060791, 7.4907426834106445, 26.046064376831055, 22.78615951538086, 21.893173217773438, 16.471765518188477, 20.271923065185547, 22.36646270751953, 21.616222381591797, 25.461902618408203, 25.255390167236328, 21.215585708618164, 16.708324432373047, 20.587158203125, 24.90753173828125, 20.07786750793457, 16.850616455078125, 12.881643295288086, 17.927425384521484, 16.051145553588867, 19.552387237548828, 10.5604829788208, 7.250006675720215, 0.9145510792732239, 15.836487770080566, 10.382240295410156, 7.9347734451293945, 16.2047061920166, 15.331159591674805, 12.5569429397583, 19.119291305541992, 9.353754997253418, 19.60803985595703, 7.699160575866699, 2.512667179107666, 4.176573276519775, 2.1059176921844482, 11.852538108825684, 15.101157188415527, 20.725181579589844, 5.4953999519348145, 8.448236465454102, 20.380083084106445, 3.8738608360290527, 10.311718940734863, 2.617506742477417, 3.7506003379821777, 18.081707000732422, 9.911920547485352, 14.749250411987305, 4.035443305969238, 2.887260675430298, 15.238077163696289, 8.591833114624023, 3.120274066925049, 5.8392815589904785, 11.478336334228516, 10.751617431640625, 2.8777756690979004, 5.423315048217773, 14.376213073730469, 2.616344928741455, 9.70703411102295, 16.503541946411133, 8.163516998291016, 10.845726013183594, 9.057058334350586, 21.264787673950195, 20.363094329833984, 16.031572341918945, 9.212828636169434, 4.271328926086426, 5.032073497772217, 11.5613431930542, 22.135395050048828, 26.07003402709961, 5.876100063323975, 16.370014190673828, 11.768509864807129, 12.189190864562988, 11.312265396118164, 15.4378662109375, 21.56881332397461, 19.224201202392578, 13.141280174255371, 10.806707382202148, 12.29528522491455, 5.895241737365723, 21.415550231933594, 5.400801181793213, 17.742084503173828, 10.062159538269043, 10.295393943786621, 4.620021820068359, 2.2681074142456055, 8.025712013244629, 5.62885856628418, 20.92096519470215, 21.67022705078125, 23.875242233276367, 12.719934463500977, 16.46581268310547, 7.797292709350586, 9.473987579345703, 15.948332786560059, 10.201852798461914, 2.183073043823242, 8.913640975952148, 9.450961112976074, 5.29911994934082, 10.961947441101074, 11.324285507202148, 3.1948189735412598, 8.325445175170898, 14.310969352722168, 12.346236228942871, 15.979601860046387, 17.927936553955078, 20.52773666381836, 23.393163681030273, 27.818470001220703, 25.5364933013916, 21.6767520904541, 9.968515396118164, 7.764394760131836, 8.20833683013916, 17.478944778442383, 18.362939834594727, 24.5726375579834, 1.6536691188812256, 16.811382293701172, 23.87509536743164, 30.22982406616211, 2.2584521770477295, 6.9499592781066895, 21.042892456054688, 5.16678524017334, 18.923572540283203, 1.6993379592895508, 1.6129539012908936, 1.8687422275543213, 13.630964279174805, 17.965852737426758, 1.5210518836975098, 24.297956466674805, 24.750804901123047, 6.0777482986450195, 22.230276107788086, 24.162992477416992, 18.182350158691406, 15.67504596710205, 17.494808197021484, 20.208219528198242, 25.111614227294922, 4.402396202087402, 6.990206241607666, 11.457388877868652, 18.988849639892578, 24.292909622192383, 16.02057647705078, 3.795475482940674, 4.620426177978516, 1.1861200332641602, 5.2077813148498535, 1.3085860013961792, 4.235950946807861, 1.2889922857284546, 11.017596244812012, 14.988395690917969, 18.36368179321289, 21.250722885131836, 26.305280685424805, 21.269113540649414, 6.997493743896484, 9.47839641571045, 13.459697723388672, 12.328142166137695, 14.252449989318848, 16.821741104125977, 14.607102394104004, 21.4814453125, 3.3501553535461426, 5.411196708679199, 3.3203330039978027, 4.700051307678223, 26.16501235961914, 22.66656494140625, 13.188372611999512, 5.006345748901367, 4.690262317657471, 9.20473861694336, 5.142014980316162, 24.07217025756836, 27.088380813598633, 7.730116367340088, 4.2771711349487305, 8.771758079528809, 12.746590614318848, 10.781394958496094, 21.031578063964844, 9.086073875427246, 1.7946977615356445, 1.9519037008285522, 17.260107040405273, 10.144817352294922, 9.392086029052734, 11.424338340759277, 15.495523452758789, 23.85306167602539, 16.97772979736328, 21.48657989501953, 14.226532936096191, 4.9877824783325195, 7.799805164337158, 10.022491455078125, 14.839888572692871, 19.117416381835938, 17.907669067382812, 17.368669509887695, 6.354182720184326, 9.252037048339844, 25.434206008911133, 11.217987060546875, 14.701360702514648, 13.009682655334473, 17.52320671081543, 21.39825439453125, 17.6968936920166, 22.02777671813965, 20.77472496032715, 19.569469451904297, 23.153188705444336, 10.976104736328125, 7.2041544914245605, 10.537423133850098, 12.85500717163086, 18.04901885986328, 19.94440269470215, 26.04241943359375, 38.528865814208984, 5.1398491859436035, 6.429318904876709, 22.649154663085938, 15.507896423339844, 3.798060655593872, 2.6103289127349854, 20.992958068847656, 22.504932403564453, 1.5102554559707642, 3.5968310832977295, 6.015805721282959, 12.073631286621094, 18.901153564453125, 21.816564559936523, 27.477426528930664, 6.661110877990723, 6.280583381652832, 12.592660903930664, 15.576289176940918, 20.042638778686523]",0.9777777777777777,"[17.0, 10.0, 9.0, 9.0, 8.0, 7.0, 6.0, 6.0, 6.0, 5.0, 5.0, 3.0, 4.0, 4.0, 3.0, 3.0, 3.0, 4.0, 2.0, 2.0, 2.0, 3.0, 3.0, 2.0, 2.0, 3.0, 2.0, 2.0, 1.0, 2.0, 1.0, 1.0, 2.0, 1.0, 3.0, 2.0, 2.0, 2.0, 2.0, 2.0, 2.0, 1.0, 1.0, 1.0, 1.0, 2.0, 1.0, 1.0, 2.0, 2.0, 2.0, 2.0, 2.0, 1.0, 3.0, 3.0, 2.0, 2.0, 2.0, 2.0, 2.0, 1.0, 1.0, 2.0, 1.0, 2.0, 2.0, 2.0, 2.0, 2.0, 1.0, 1.0, 2.0, 2.0, 1.0, 1.0, 2.0, 2.0, 2.0, 1.0, 1.0, 1.0, 2.0, 1.0, 1.0, 2.0, 1.0, 2.0, 1.0, 5.0, 4.0, 3.0, 3.0, 3.0, 3.0, 3.0, 3.0, 2.0, 2.0, 2.0, 3.0, 3.0, 3.0, 3.0, 3.0, 5.0, 5.0, 4.0, 4.0, 3.0, 2.0, 2.0, 2.0, 2.0, 2.0, 2.0, 2.0, 2.0, 2.0, 2.0, 2.0, 2.0, 2.0, 2.0, 1.0, 2.0, 1.0, 1.0, 1.0, 2.0, 2.0, 1.0, 1.0, 1.0, 2.0, 1.0, 2.0, 2.0, 1.0, 1.0, 2.0, 1.0, 1.0, 2.0, 2.0, 1.0, 1.0, 2.0, 1.0, 2.0, 1.0, 2.0, 1.0, 2.0, 2.0, 1.0, 1.0, 1.0, 1.0, 2.0, 1.0, 1.0, 1.0, 9.0, 9.0, 6.0, 5.0, 5.0, 5.0, 3.0, 3.0, 3.0, 3.0, 3.0, 2.0, 2.0, 2.0, 2.0, 2.0, 2.0, 2.0, 2.0, 2.0, 2.0, 2.0, 2.0, 2.0, 2.0, 1.0, 1.0, 1.9777777777777779, 1.0, 0.0, 1.9555555555555555, 2.933333333333333, 1.9555555555555555, 1.9555555555555555, 0.0, 0.9777777777777777, 1.9555555555555555, 1.9555555555555555, 1.9555555555555555, 1.9555555555555555, 1.9555555555555555, 0.0, 1.9555555555555555, 0.9777777777777777, 0.9777777777777777, 0.9777777777777777, 2.933333333333333, 0.0, 1.9555555555555555, 1.9555555555555555, 1.9555555555555555, 1.9555555555555555, 1.9555555555555555, 0.9777777777777777, 0.0, 0.9777777777777777, 0.0, 1.9555555555555555, 1.9555555555555555, 0.0, 1.9555555555555555, 0.0, 1.9555555555555555, 2.933333333333333, 0.0, 1.9555555555555555, 0.0, 0.9777777777777777, 0.9777777777777777, 1.9555555555555555, 1.9555555555555555, 1.9555555555555555, 1.9555555555555555, 1.9555555555555555, 0.0, 0.0, 0.9777777777777777, 2.933333333333333, 0.0, 0.0, 0.9777777777777777, 0.9777777777777777, 0.0, 0.0, 1.9555555555555555, 1.9555555555555555, 0.0, 1.9555555555555555, 1.9555555555555555, 0.0, 1.9555555555555555, 1.9555555555555555, 0.0, 1.9555555555555555, 1.9555555555555555, 0.9777777777777777, 0.9777777777777777, 1.9555555555555555, 0.0, 1.9555555555555555, 1.9555555555555555, 0.0, 0.0, 1.9555555555555555, 1.9555555555555555, 1.9555555555555555, 0.9777777777777777, 0.0, 1.9555555555555555, 1.9555555555555555, 0.0, 1.9555555555555555, 1.9555555555555555, 0.0, 1.9555555555555555, 1.9555555555555555, 0.9777777777777777, 0.9777777777777777, 0.0, 0.0, 1.9555555555555555, 2.933333333333333, 0.0, 1.9555555555555555, 1.9555555555555555, 1.9555555555555555, 0.9777777777777777, 1.9555555555555555, 1.9555555555555555, 1.9555555555555555, 1.9555555555555555, 1.9555555555555555, 1.9555555555555555, 1.9555555555555555, 1.9555555555555555, 0.9777777777777777, 1.9555555555555555, 1.9555555555555555, 0.9777777777777777, 1.9555555555555555, 0.9777777777777777, 1.9555555555555555, 0.9777777777777777, 1.9555555555555555, 1.9555555555555555, 0.9777777777777777, 1.9555555555555555, 1.9555555555555555, 0.9777777777777777, 0.9777777777777777, 0.0, 1.9555555555555555, 1.9555555555555555, 0.0, 0.9777777777777777, 1.9555555555555555, 0.0, 0.0, 1.9555555555555555, 0.0, 0.9777777777777777, 1.9555555555555555, 1.9555555555555555, 1.9555555555555555, 0.9777777777777777, 0.0, 2.933333333333333, 0.0, 1.9555555555555555, 1.9555555555555555, 0.0, 0.9777777777777777, 0.9777777777777777, 1.9555555555555555, 0.0, 1.9555555555555555, 0.9777777777777777, 0.0, 1.9555555555555555, 1.9555555555555555, 1.9555555555555555, 0.9777777777777777, 1.9555555555555555, 0.0, 1.9555555555555555, 0.0, 1.9555555555555555, 1.9555555555555555, 0.9777777777777777, 0.0, 1.9555555555555555, 2.933333333333333, 1.9555555555555555, 0.0, 1.9555555555555555, 1.9555555555555555, 0.9777777777777777]",COMPLETE
