,number,value,datetime_start,datetime_complete,duration,params_batch_size_scaler,params_constant_learning_rate,params_depth,params_epochs,params_kernel_l2,params_num_trees,params_temperature,user_attrs_accuracy_test,user_attrs_accuracy_valid,user_attrs_approximate_feature_sparsity,user_attrs_approximate_feature_sparsity_history,user_attrs_approximate_weight_sparsity,user_attrs_approximate_weight_sparsity_history,user_attrs_auc_test,user_attrs_auc_valid,user_attrs_feature_sparsity,user_attrs_feature_sparsity_history,user_attrs_num_epochs,user_attrs_val_loss_history,user_attrs_weight_sparsity,user_attrs_weight_sparsity_history,state
125,125,0.5,2024-08-31 06:07:30.692796,2024-08-31 06:08:16.552409,0 days 00:00:45.859613,16,1.7292609168771302,2,365,0.8992747365903878,68,0.003220691540516407,0.859,0.85875,0,"[33, 16, 2, 0, 0, 0, 0, 0, 0, 0, 0, 0, 0, 0, 0, 0, 0, 0, 0, 0, 0, 0, 0, 0, 0, 0, 0, 0, 0, 0, 0, 0, 0, 0, 0, 0, 0, 0, 0, 0, 0, 0, 0, 0, 0, 0, 0, 0, 0, 0, 0, 0, 0, 0, 0, 0, 0, 0, 0, 0, 0, 0, 0, 0, 0, 0, 0, 0, 0, 0, 0, 0, 0, 0, 0, 0, 0, 0, 0, 0, 0, 0, 0, 0, 0, 0, 0, 0, 0, 0, 0, 0, 0, 0, 0, 0, 0, 0, 0, 0, 0, 0, 0, 0, 0, 0, 0, 0, 0, 0, 0, 0, 0, 0, 0, 0, 0, 0, 0, 0, 0, 0, 0, 0, 0, 0, 0, 0, 0, 0, 0, 0, 0, 0, 0, 0, 0, 0, 0, 0, 0, 0, 0, 0, 0, 0, 0, 0, 0, 0, 0, 0, 0, 0, 0, 0, 0, 0, 0, 0, 0, 0, 0, 0, 0, 0, 0, 0, 0, 0, 0, 0, 0, 0, 0, 0, 0, 0, 0, 0, 0, 0, 0, 0, 0, 0, 0, 0, 0, 0, 0, 0, 0, 0, 0, 0, 0, 0, 0, 0, 0, 0, 0, 0, 0, 0, 0, 0, 0, 0, 0, 0, 0, 0, 0, 0, 0, 0, 0, 0, 0, 0, 0, 0, 0, 0, 0, 0, 0, 0, 0, 0, 0, 0, 0, 0, 0, 0, 0, 0, 0, 0, 0, 0, 0, 0, 0, 0, 0, 0, 0, 0, 0, 0, 0, 0, 0, 0, 0, 0, 0, 0, 0, 0, 0, 0, 0, 0, 0, 0, 0, 0, 0, 0, 0, 0, 0, 0, 0, 0, 0, 0, 0, 0, 0, 0, 0, 0, 0, 0, 0, 0, 0, 0, 0, 0, 0, 0, 0, 0, 0, 0, 0, 0, 0, 0, 0, 0, 0, 0, 0, 0, 0, 0, 0, 0, 0, 0, 0, 0, 0, 0, 0, 0, 0, 0, 0, 0, 0, 0, 0, 0, 0, 0, 0, 0, 0, 0, 0, 0, 0, 0, 0, 0, 0, 0, 0, 0, 0, 0, 0, 0, 0, 0, 0, 0, 0, 0, 0, 0, 0, 0, 0, 0, 0]",0.0,"[32.990196078431374, 15.985294117647062, 2.0, 0.0, 0.0, 0.0, 0.0, 0.0, 0.0, 0.0, 0.0, 0.0, 0.0, 0.0, 0.0, 0.0, 0.0, 0.0, 0.0, 0.0, 0.0, 0.0, 0.0, 0.0, 0.0, 0.0, 0.0, 0.0, 0.0, 0.0, 0.0, 0.0, 0.0, 0.0, 0.0, 0.0, 0.0, 0.0, 0.0, 0.0, 0.0, 0.0, 0.0, 0.0, 0.0, 0.0, 0.0, 0.0, 0.0, 0.0, 0.0, 0.0, 0.0, 0.0, 0.0, 0.0, 0.0, 0.0, 0.0, 0.0, 0.0, 0.0, 0.0, 0.0, 0.0, 0.0, 0.0, 0.0, 0.0, 0.0, 0.0, 0.0, 0.0, 0.0, 0.0, 0.0, 0.0, 0.0, 0.0, 0.0, 0.0, 0.0, 0.0, 0.0, 0.0, 0.0, 0.0, 0.0, 0.0, 0.0, 0.0, 0.0, 0.0, 0.0, 0.0, 0.0, 0.0, 0.0, 0.0, 0.0, 0.0, 0.0, 0.0, 0.0, 0.0, 0.0, 0.0, 0.0, 0.0, 0.0, 0.0, 0.0, 0.0, 0.0, 0.0, 0.0, 0.0, 0.0, 0.0, 0.0, 0.0, 0.0, 0.0, 0.0, 0.0, 0.0, 0.0, 0.0, 0.0, 0.0, 0.0, 0.0, 0.0, 0.0, 0.0, 0.0, 0.0, 0.0, 0.0, 0.0, 0.0, 0.0, 0.0, 0.0, 0.0, 0.0, 0.0, 0.0, 0.0, 0.0, 0.0, 0.0, 0.0, 0.0, 0.0, 0.0, 0.0, 0.0, 0.0, 0.0, 0.0, 0.0, 0.0, 0.0, 0.0, 0.0, 0.0, 0.0, 0.0, 0.0, 0.0, 0.0, 0.0, 0.0, 0.0, 0.0, 0.0, 0.0, 0.0, 0.0, 0.0, 0.0, 0.0, 0.0, 0.0, 0.0, 0.0, 0.0, 0.0, 0.0, 0.0, 0.0, 0.0, 0.0, 0.0, 0.0, 0.0, 0.0, 0.0, 0.0, 0.0, 0.0, 0.0, 0.0, 0.0, 0.0, 0.0, 0.0, 0.0, 0.0, 0.0, 0.0, 0.0, 0.0, 0.0, 0.0, 0.0, 0.0, 0.0, 0.0, 0.0, 0.0, 0.0, 0.0, 0.0, 0.0, 0.0, 0.0, 0.0, 0.0, 0.0, 0.0, 0.0, 0.0, 0.0, 0.0, 0.0, 0.0, 0.0, 0.0, 0.0, 0.0, 0.0, 0.0, 0.0, 0.0, 0.0, 0.0, 0.0, 0.0, 0.0, 0.0, 0.0, 0.0, 0.0, 0.0, 0.0, 0.0, 0.0, 0.0, 0.0, 0.0, 0.0, 0.0, 0.0, 0.0, 0.0, 0.0, 0.0, 0.0, 0.0, 0.0, 0.0, 0.0, 0.0, 0.0, 0.0, 0.0, 0.0, 0.0, 0.0, 0.0, 0.0, 0.0, 0.0, 0.0, 0.0, 0.0, 0.0, 0.0, 0.0, 0.0, 0.0, 0.0, 0.0, 0.0, 0.0, 0.0, 0.0, 0.0, 0.0, 0.0, 0.0, 0.0, 0.0, 0.0, 0.0, 0.0, 0.0, 0.0, 0.0, 0.0, 0.0, 0.0, 0.0, 0.0, 0.0, 0.0, 0.0, 0.0, 0.0, 0.0, 0.0, 0.0, 0.0, 0.0, 0.0, 0.0, 0.0, 0.0, 0.0, 0.0, 0.0, 0.0, 0.0, 0.0, 0.0, 0.0, 0.0, 0.0, 0.0, 0.0, 0.0, 0.0, 0.0, 0.0, 0.0, 0.0, 0.0, 0.0, 0.0, 0.0, 0.0, 0.0, 0.0, 0.0, 0.0, 0.0, 0.0, 0.0, 0.0, 0.0, 0.0, 0.0, 0.0]",0.5,0.5,0,"[33, 16, 2, 0, 0, 0, 0, 0, 0, 0, 0, 0, 0, 0, 0, 0, 0, 0, 0, 0, 0, 0, 0, 0, 0, 0, 0, 0, 0, 0, 0, 0, 0, 0, 0, 0, 0, 0, 0, 0, 0, 0, 0, 0, 0, 0, 0, 0, 0, 0, 0, 0, 0, 0, 0, 0, 0, 0, 0, 0, 0, 0, 0, 0, 0, 0, 0, 0, 0, 0, 0, 0, 0, 0, 0, 0, 0, 0, 0, 0, 0, 0, 0, 0, 0, 0, 0, 0, 0, 0, 0, 0, 0, 0, 0, 0, 0, 0, 0, 0, 0, 0, 0, 0, 0, 0, 0, 0, 0, 0, 0, 0, 0, 0, 0, 0, 0, 0, 0, 0, 0, 0, 0, 0, 0, 0, 0, 0, 0, 0, 0, 0, 0, 0, 0, 0, 0, 0, 0, 0, 0, 0, 0, 0, 0, 0, 0, 0, 0, 0, 0, 0, 0, 0, 0, 0, 0, 0, 0, 0, 0, 0, 0, 0, 0, 0, 0, 0, 0, 0, 0, 0, 0, 0, 0, 0, 0, 0, 0, 0, 0, 0, 0, 0, 0, 0, 0, 0, 0, 0, 0, 0, 0, 0, 0, 0, 0, 0, 0, 0, 0, 0, 0, 0, 0, 0, 0, 0, 0, 0, 0, 0, 0, 0, 0, 0, 0, 0, 0, 0, 0, 0, 0, 0, 0, 0, 0, 0, 0, 0, 0, 0, 0, 0, 0, 0, 0, 0, 0, 0, 0, 0, 0, 0, 0, 0, 0, 0, 0, 0, 0, 0, 0, 0, 0, 0, 0, 0, 0, 0, 0, 0, 0, 0, 0, 0, 0, 0, 0, 0, 0, 0, 0, 0, 0, 0, 0, 0, 0, 0, 0, 0, 0, 0, 0, 0, 0, 0, 0, 0, 0, 0, 0, 0, 0, 0, 0, 0, 0, 0, 0, 0, 0, 0, 0, 0, 0, 0, 0, 0, 0, 0, 0, 0, 0, 0, 0, 0, 0, 0, 0, 0, 0, 0, 0, 0, 0, 0, 0, 0, 0, 0, 0, 0, 0, 0, 0, 0, 0, 0, 0, 0, 0, 0, 0, 0, 0, 0, 0, 0, 0, 0, 0, 0, 0, 0, 0, 0, 0, 0, 0, 0, 0, 0, 0]",365,"[1.0864609479904175, 2.465247631072998, 3.913210391998291, 1.5919175148010254, 4.51194953918457, 3.7606542110443115, 2.5329155921936035, 4.3250932693481445, 4.652276039123535, 2.2850637435913086, 3.510209321975708, 2.9465601444244385, 4.05849552154541, 0.724020779132843, 0.7832310199737549, 1.0150904655456543, 4.161200046539307, 4.692883491516113, 4.119403839111328, 2.5898778438568115, 2.133476972579956, 4.300789833068848, 2.8581762313842773, 0.4740196466445923, 0.5690334439277649, 3.9171788692474365, 4.948252201080322, 3.934962511062622, 0.5629647970199585, 0.4628935754299164, 0.41947129368782043, 3.016491174697876, 4.046207427978516, 3.6236190795898438, 6.454459190368652, 6.705261707305908, 0.45268261432647705, 0.852195143699646, 2.5813231468200684, 2.623680353164673, 2.862489938735962, 6.2733001708984375, 6.544287204742432, 2.5825624465942383, 4.862462997436523, 0.4614965319633484, 1.5592761039733887, 6.099127292633057, 1.5530023574829102, 5.733404159545898, 5.8747382164001465, 5.152977466583252, 4.122941970825195, 0.43441808223724365, 0.7307142019271851, 1.3119734525680542, 3.1035759449005127, 0.4273379147052765, 1.99261474609375, 5.576869487762451, 6.381864070892334, 4.479983806610107, 1.4484913349151611, 4.585079193115234, 2.895409345626831, 1.3540253639221191, 5.595003128051758, 3.5231614112854004, 4.8058576583862305, 0.47408127784729004, 5.659482479095459, 5.328976631164551, 5.852778911590576, 5.432529449462891, 6.3347907066345215, 2.4083805084228516, 1.0011941194534302, 1.6392697095870972, 3.067269802093506, 3.7280380725860596, 3.1047985553741455, 0.6568723320960999, 1.8016510009765625, 0.9850640296936035, 4.410131454467773, 6.314306735992432, 0.4521735906600952, 2.739043951034546, 0.4344978332519531, 2.3346951007843018, 3.5678699016571045, 6.1562347412109375, 4.1922607421875, 4.860279083251953, 1.2954967021942139, 4.002954483032227, 4.7940874099731445, 5.447860240936279, 3.900860548019409, 6.216630458831787, 0.41855254769325256, 3.1328728199005127, 1.9670133590698242, 0.8839192390441895, 2.8251092433929443, 4.145568370819092, 2.980018377304077, 4.27299690246582, 0.48415130376815796, 4.1531548500061035, 4.745490550994873, 0.6182211637496948, 2.1574602127075195, 0.4846568703651428, 3.733227014541626, 4.786629676818848, 3.964773654937744, 3.9797191619873047, 5.138189315795898, 1.9668389558792114, 6.183059215545654, 2.0842995643615723, 0.48567715287208557, 1.3772797584533691, 1.5332406759262085, 3.7552411556243896, 1.8932479619979858, 1.750206708908081, 4.73455286026001, 2.013031482696533, 4.717101573944092, 3.9356212615966797, 1.5273962020874023, 5.60079288482666, 5.350814342498779, 3.177095413208008, 0.4084196090698242, 2.078004837036133, 0.46711212396621704, 0.6105482578277588, 2.0431764125823975, 3.1448974609375, 1.8444390296936035, 2.1379733085632324, 0.8428008556365967, 0.6574781537055969, 0.9082184433937073, 2.040107488632202, 5.6129913330078125, 4.672321796417236, 1.1739037036895752, 6.545383930206299, 0.6296018362045288, 1.7874313592910767, 4.541637420654297, 6.7281317710876465, 3.3236606121063232, 0.6030769944190979, 3.409273624420166, 3.498927354812622, 5.155520439147949, 0.5038761496543884, 3.0118296146392822, 4.857541084289551, 0.5272608995437622, 1.1758841276168823, 4.248810291290283, 4.951920986175537, 3.9803507328033447, 3.834643602371216, 5.5699052810668945, 1.6736416816711426, 0.9307318329811096, 1.461374044418335, 5.552254676818848, 1.0219447612762451, 2.047978162765503, 0.8821347951889038, 1.9412699937820435, 1.1839381456375122, 6.214515209197998, 3.942847490310669, 3.4243361949920654, 6.445248603820801, 2.080617904663086, 0.8438683152198792, 3.463942766189575, 3.501896381378174, 1.8316057920455933, 0.6667750477790833, 3.0319907665252686, 0.4809933602809906, 4.9204607009887695, 2.4503448009490967, 0.957923173904419, 6.629022121429443, 1.8437286615371704, 5.2502031326293945, 0.855751097202301, 5.793648719787598, 5.420212268829346, 0.8812116980552673, 1.833112359046936, 3.288085699081421, 2.6556551456451416, 3.8711049556732178, 0.7170876264572144, 1.777866244316101, 5.831386566162109, 5.158126354217529, 4.931495666503906, 1.8607726097106934, 3.35223388671875, 3.3865323066711426, 1.9409306049346924, 3.3005623817443848, 3.2106926441192627, 3.4550561904907227, 0.8483256697654724, 4.3371901512146, 0.4389439523220062, 4.559044361114502, 5.999749660491943, 1.1080384254455566, 1.5348891019821167, 1.0883853435516357, 1.8302574157714844, 0.4663291573524475, 0.41133224964141846, 4.850726127624512, 4.189979076385498, 1.5529136657714844, 2.3721652030944824, 1.8927245140075684, 2.8576605319976807, 2.1044859886169434, 0.8982135653495789, 1.8168584108352661, 4.598154544830322, 6.045985698699951, 4.435439586639404, 1.4773194789886475, 1.1006231307983398, 5.448710918426514, 6.1892547607421875, 6.734857082366943, 2.0444083213806152, 1.7822118997573853, 6.689156532287598, 4.733977794647217, 2.03106427192688, 3.7875242233276367, 1.6369268894195557, 2.800187110900879, 4.750915050506592, 3.0261950492858887, 3.3259060382843018, 4.5042195320129395, 2.41314959526062, 1.0566778182983398, 1.7080971002578735, 3.1176369190216064, 2.9642279148101807, 3.420095443725586, 2.950148820877075, 6.029921054840088, 0.9346937537193298, 1.0907129049301147, 3.6636340618133545, 5.386973857879639, 1.398958444595337, 2.9529831409454346, 6.184112548828125, 3.572767972946167, 1.1950184106826782, 1.108724594116211, 0.6138248443603516, 0.9815798401832581, 0.9747661352157593, 3.337672472000122, 2.4057886600494385, 5.698480129241943, 3.4547853469848633, 3.7337779998779297, 3.9877986907958984, 4.961449146270752, 5.272542953491211, 5.145843029022217, 2.116661787033081, 1.1259313821792603, 5.22451639175415, 5.233590602874756, 6.147365093231201, 2.3192169666290283, 1.4021061658859253, 3.0391924381256104, 3.848738193511963, 1.4371085166931152, 2.2727291584014893, 0.4696393609046936, 3.5902960300445557, 3.9384119510650635, 2.3705132007598877, 2.7892141342163086, 1.1572080850601196, 5.138393402099609, 1.8244198560714722, 2.622746229171753, 3.0564324855804443, 2.6595253944396973, 1.3188107013702393, 4.716400623321533, 1.9084721803665161, 2.7874069213867188, 0.4279365539550781, 1.5079644918441772, 5.330150604248047, 4.296053409576416, 1.1714931726455688, 2.4466452598571777, 0.5616090893745422, 1.421849250793457, 6.106914043426514, 1.0054564476013184, 1.7170820236206055, 2.7607834339141846, 5.209483623504639, 6.132412910461426, 3.385695695877075, 0.40913116931915283, 4.1746110916137695, 2.2496182918548584, 3.2090842723846436, 2.6654531955718994, 0.5562650561332703, 1.1002517938613892, 6.209813117980957, 2.310310125350952, 3.099628210067749, 1.5796359777450562, 1.6319323778152466, 4.5006103515625, 1.8694424629211426, 0.4075404703617096, 5.32729959487915, 5.585028648376465, 4.403687000274658, 3.3929193019866943, 0.4860929548740387, 1.7451220750808716, 2.349733829498291, 1.156263828277588, 1.5649455785751343, 1.3859031200408936, 4.37668514251709, 0.9768525958061218, 5.927567958831787, 2.459416389465332, 0.905271053314209, 0.4184330701828003, 4.642481803894043, 5.406790256500244, 6.405485153198242, 5.819460391998291, 2.4220240116119385]",0.0,"[33.0, 16.0, 2.0, 0.0, 0.0, 0.0, 0.0, 0.0, 0.0, 0.0, 0.0, 0.0, 0.0, 0.0, 0.0, 0.0, 0.0, 0.0, 0.0, 0.0, 0.0, 0.0, 0.0, 0.0, 0.0, 0.0, 0.0, 0.0, 0.0, 0.0, 0.0, 0.0, 0.0, 0.0, 0.0, 0.0, 0.0, 0.0, 0.0, 0.0, 0.0, 0.0, 0.0, 0.0, 0.0, 0.0, 0.0, 0.0, 0.0, 0.0, 0.0, 0.0, 0.0, 0.0, 0.0, 0.0, 0.0, 0.0, 0.0, 0.0, 0.0, 0.0, 0.0, 0.0, 0.0, 0.0, 0.0, 0.0, 0.0, 0.0, 0.0, 0.0, 0.0, 0.0, 0.0, 0.0, 0.0, 0.0, 0.0, 0.0, 0.0, 0.0, 0.0, 0.0, 0.0, 0.0, 0.0, 0.0, 0.0, 0.0, 0.0, 0.0, 0.0, 0.0, 0.0, 0.0, 0.0, 0.0, 0.0, 0.0, 0.0, 0.0, 0.0, 0.0, 0.0, 0.0, 0.0, 0.0, 0.0, 0.0, 0.0, 0.0, 0.0, 0.0, 0.0, 0.0, 0.0, 0.0, 0.0, 0.0, 0.0, 0.0, 0.0, 0.0, 0.0, 0.0, 0.0, 0.0, 0.0, 0.0, 0.0, 0.0, 0.0, 0.0, 0.0, 0.0, 0.0, 0.0, 0.0, 0.0, 0.0, 0.0, 0.0, 0.0, 0.0, 0.0, 0.0, 0.0, 0.0, 0.0, 0.0, 0.0, 0.0, 0.0, 0.0, 0.0, 0.0, 0.0, 0.0, 0.0, 0.0, 0.0, 0.0, 0.0, 0.0, 0.0, 0.0, 0.0, 0.0, 0.0, 0.0, 0.0, 0.0, 0.0, 0.0, 0.0, 0.0, 0.0, 0.0, 0.0, 0.0, 0.0, 0.0, 0.0, 0.0, 0.0, 0.0, 0.0, 0.0, 0.0, 0.0, 0.0, 0.0, 0.0, 0.0, 0.0, 0.0, 0.0, 0.0, 0.0, 0.0, 0.0, 0.0, 0.0, 0.0, 0.0, 0.0, 0.0, 0.0, 0.0, 0.0, 0.0, 0.0, 0.0, 0.0, 0.0, 0.0, 0.0, 0.0, 0.0, 0.0, 0.0, 0.0, 0.0, 0.0, 0.0, 0.0, 0.0, 0.0, 0.0, 0.0, 0.0, 0.0, 0.0, 0.0, 0.0, 0.0, 0.0, 0.0, 0.0, 0.0, 0.0, 0.0, 0.0, 0.0, 0.0, 0.0, 0.0, 0.0, 0.0, 0.0, 0.0, 0.0, 0.0, 0.0, 0.0, 0.0, 0.0, 0.0, 0.0, 0.0, 0.0, 0.0, 0.0, 0.0, 0.0, 0.0, 0.0, 0.0, 0.0, 0.0, 0.0, 0.0, 0.0, 0.0, 0.0, 0.0, 0.0, 0.0, 0.0, 0.0, 0.0, 0.0, 0.0, 0.0, 0.0, 0.0, 0.0, 0.0, 0.0, 0.0, 0.0, 0.0, 0.0, 0.0, 0.0, 0.0, 0.0, 0.0, 0.0, 0.0, 0.0, 0.0, 0.0, 0.0, 0.0, 0.0, 0.0, 0.0, 0.0, 0.0, 0.0, 0.0, 0.0, 0.0, 0.0, 0.0, 0.0, 0.0, 0.0, 0.0, 0.0, 0.0, 0.0, 0.0, 0.0, 0.0, 0.0, 0.0, 0.0, 0.0, 0.0, 0.0, 0.0, 0.0, 0.0, 0.0, 0.0, 0.0, 0.0, 0.0, 0.0, 0.0, 0.0, 0.0, 0.0, 0.0, 0.0, 0.0, 0.0, 0.0, 0.0, 0.0, 0.0, 0.0, 0.0, 0.0, 0.0, 0.0, 0.0, 0.0, 0.0, 0.0, 0.0, 0.0]",COMPLETE
