,number,value,datetime_start,datetime_complete,duration,params_batch_size_scaler,params_constant_learning_rate,params_depth,params_epochs,params_kernel_l2,params_num_trees,params_temperature,user_attrs_accuracy_test,user_attrs_accuracy_valid,user_attrs_approximate_feature_sparsity,user_attrs_approximate_feature_sparsity_history,user_attrs_approximate_weight_sparsity,user_attrs_approximate_weight_sparsity_history,user_attrs_auc_test,user_attrs_auc_valid,user_attrs_feature_sparsity,user_attrs_feature_sparsity_history,user_attrs_num_epochs,user_attrs_val_loss_history,user_attrs_weight_sparsity,user_attrs_weight_sparsity_history,state
58,58,0.820876969251974,2024-08-31 02:42:50.939271,2024-08-31 02:45:13.235893,0 days 00:02:22.296622,1,7.249034661769158,2,200,0.002154148616919292,96,0.00055769993570992,0.808,0.805,32,"[32, 32, 32, 32, 32, 32, 32, 32, 32, 32, 32, 32, 32, 32, 32, 32, 32, 32, 32, 32, 32, 32, 32, 32, 32, 32, 32, 32, 32, 32, 32, 32, 32, 32, 32, 32, 32, 32, 32, 32, 32, 32, 32, 32, 32, 32, 32, 32, 32, 32, 32, 32, 32, 32, 32, 32, 32, 32, 32, 32, 32, 32, 32, 32, 32, 32, 32, 32, 32, 32, 32, 32, 32, 32, 32, 32, 32, 32, 32, 32, 32, 32, 32, 32, 32, 32, 32, 32, 32, 32, 32, 32, 32, 32, 32, 32, 32, 32, 32, 32, 32, 32, 32, 32, 32, 32, 32, 32, 32, 32, 32, 32, 32, 32, 32, 32, 32, 32, 32, 32, 32, 32, 32, 32, 32, 32, 32, 32, 32, 32, 32, 32, 32, 32, 32, 32, 32, 32, 32, 32, 32, 32, 32, 32, 32, 32, 32, 32, 32, 32, 32, 32, 32, 32, 32, 32, 32, 32, 32, 32, 32, 32, 32, 32, 32, 32, 32, 32, 32, 32, 32, 32, 32, 32, 32, 32, 32, 32, 32, 32, 32, 32, 32, 32, 32, 32, 32, 32, 32, 32, 32, 32, 32, 32, 32, 32, 32, 32, 32, 32]",31.9375,"[31.395833333333336, 31.479166666666668, 31.59027777777778, 31.677083333333336, 31.697916666666664, 31.75347222222222, 31.788194444444443, 31.79861111111111, 31.819444444444443, 31.81597222222222, 31.822916666666664, 31.82986111111111, 31.833333333333336, 31.84027777777778, 31.84722222222222, 31.84722222222222, 31.84722222222222, 31.854166666666668, 31.854166666666668, 31.85763888888889, 31.861111111111114, 31.85763888888889, 31.861111111111114, 31.861111111111114, 31.864583333333336, 31.868055555555557, 31.87152777777778, 31.87847222222222, 31.87847222222222, 31.87847222222222, 31.885416666666664, 31.89236111111111, 31.89236111111111, 31.899305555555557, 31.90277777777778, 31.90972222222222, 31.90972222222222, 31.90972222222222, 31.90972222222222, 31.90277777777778, 31.90625, 31.913194444444443, 31.90972222222222, 31.90972222222222, 31.916666666666664, 31.916666666666664, 31.916666666666664, 31.916666666666664, 31.92013888888889, 31.92013888888889, 31.92013888888889, 31.92013888888889, 31.92013888888889, 31.92361111111111, 31.92361111111111, 31.92361111111111, 31.92361111111111, 31.92013888888889, 31.92361111111111, 31.92361111111111, 31.92361111111111, 31.92361111111111, 31.923611111111114, 31.930555555555557, 31.927083333333336, 31.927083333333336, 31.927083333333336, 31.93402777777778, 31.93402777777778, 31.930555555555557, 31.93402777777778, 31.93402777777778, 31.93402777777778, 31.93402777777778, 31.93402777777778, 31.93402777777778, 31.9375, 31.9375, 31.9375, 31.9375, 31.9375, 31.9375, 31.94097222222222, 31.94097222222222, 31.9375, 31.93402777777778, 31.93402777777778, 31.93402777777778, 31.93402777777778, 31.930555555555557, 31.93402777777778, 31.93402777777778, 31.9375, 31.93402777777778, 31.9375, 31.9375, 31.9375, 31.9375, 31.93402777777778, 31.9375, 31.9375, 31.9375, 31.9375, 31.9375, 31.94097222222222, 31.94097222222222, 31.94097222222222, 31.9375, 31.9375, 31.9375, 31.9375, 31.9375, 31.9375, 31.9375, 31.944444444444443, 31.944444444444443, 31.944444444444443, 31.944444444444443, 31.94097222222222, 31.93402777777778, 31.93402777777778, 31.930555555555557, 31.930555555555557, 31.93402777777778, 31.93402777777778, 31.93402777777778, 31.93402777777778, 31.93402777777778, 31.9375, 31.9375, 31.9375, 31.9375, 31.9375, 31.9375, 31.93402777777778, 31.93402777777778, 31.9375, 31.9375, 31.9375, 31.9375, 31.9375, 31.9375, 31.9375, 31.94097222222222, 31.94097222222222, 31.94097222222222, 31.94097222222222, 31.9375, 31.9375, 31.9375, 31.93402777777778, 31.93402777777778, 31.93402777777778, 31.93402777777778, 31.9375, 31.9375, 31.9375, 31.9375, 31.94097222222222, 31.94097222222222, 31.944444444444443, 31.944444444444443, 31.944444444444443, 31.944444444444443, 31.944444444444443, 31.944444444444443, 31.944444444444443, 31.944444444444443, 31.944444444444443, 31.944444444444443, 31.944444444444443, 31.944444444444443, 31.944444444444443, 31.944444444444443, 31.944444444444443, 31.944444444444443, 31.944444444444443, 31.947916666666664, 31.947916666666664, 31.947916666666664, 31.95138888888889, 31.95138888888889, 31.95138888888889, 31.947916666666664, 31.944444444444443, 31.944444444444443, 31.944444444444443, 31.944444444444443, 31.944444444444443, 31.944444444444443, 31.944444444444443, 31.944444444444443, 31.944444444444443, 31.944444444444443, 31.944444444444443, 31.944444444444443, 31.94097222222222, 31.944444444444443, 31.944444444444443, 31.9375]",0.821440071334803,0.820876969251974,32,"[32, 32, 32, 32, 32, 32, 32, 32, 32, 32, 32, 32, 32, 32, 32, 32, 32, 32, 32, 32, 32, 32, 32, 32, 32, 32, 32, 32, 32, 32, 32, 32, 32, 32, 32, 32, 32, 32, 32, 32, 32, 32, 32, 32, 32, 32, 32, 32, 32, 32, 32, 32, 32, 32, 32, 32, 32, 32, 32, 32, 32, 32, 32, 32, 32, 32, 32, 32, 32, 32, 32, 32, 32, 32, 32, 32, 32, 32, 32, 32, 32, 32, 32, 32, 32, 32, 32, 32, 32, 32, 32, 32, 32, 32, 32, 32, 32, 32, 32, 32, 32, 32, 32, 32, 32, 32, 32, 32, 32, 32, 32, 32, 32, 32, 32, 32, 32, 32, 32, 32, 32, 32, 32, 32, 32, 32, 32, 32, 32, 32, 32, 32, 32, 32, 32, 32, 32, 32, 32, 32, 32, 32, 32, 32, 32, 32, 32, 32, 32, 32, 32, 32, 32, 32, 32, 32, 32, 32, 32, 32, 32, 32, 32, 32, 32, 32, 32, 32, 32, 32, 32, 32, 32, 32, 32, 32, 32, 32, 32, 32, 32, 32, 32, 32, 32, 32, 32, 32, 32, 32, 32, 32, 32, 32, 32, 32, 32, 32, 32, 32]",200,"[32.55583953857422, 7.913437366485596, 8.961130142211914, 10.648080825805664, 14.769845008850098, 14.857316970825195, 12.94879150390625, 13.262158393859863, 9.672516822814941, 13.108738899230957, 10.189983367919922, 11.721083641052246, 10.210803985595703, 11.471596717834473, 16.205251693725586, 15.063364028930664, 11.647082328796387, 12.797674179077148, 13.268152236938477, 13.273153305053711, 13.155572891235352, 16.983484268188477, 13.947667121887207, 16.3479061126709, 12.897835731506348, 13.444901466369629, 19.819433212280273, 16.0826358795166, 15.065110206604004, 15.23320198059082, 17.73448944091797, 16.885560989379883, 14.809662818908691, 18.314237594604492, 21.34587860107422, 14.272844314575195, 13.912910461425781, 17.310033798217773, 15.727062225341797, 17.131057739257812, 13.809139251708984, 17.659517288208008, 16.77082633972168, 14.278861045837402, 18.29475975036621, 15.502111434936523, 14.568885803222656, 17.52181625366211, 19.820411682128906, 15.082902908325195, 15.00912857055664, 21.409561157226562, 15.934615135192871, 16.286542892456055, 15.141803741455078, 15.076813697814941, 28.48969078063965, 15.578332901000977, 25.02783966064453, 17.199363708496094, 20.46343231201172, 38.11268615722656, 22.676164627075195, 20.609474182128906, 15.985992431640625, 14.952794075012207, 14.706456184387207, 14.815408706665039, 15.163593292236328, 16.1120548248291, 20.641878128051758, 14.7493257522583, 30.195802688598633, 16.767990112304688, 19.73668098449707, 18.18761444091797, 18.862079620361328, 16.031055450439453, 16.969581604003906, 16.24428939819336, 16.902803421020508, 23.169279098510742, 18.867372512817383, 17.274578094482422, 17.913589477539062, 17.179033279418945, 20.670673370361328, 17.252164840698242, 32.96525573730469, 18.31824493408203, 18.36142349243164, 19.68900489807129, 20.654817581176758, 19.02399253845215, 17.917213439941406, 20.62718963623047, 19.81194305419922, 16.7283935546875, 17.57252311706543, 17.39311408996582, 16.1178035736084, 15.544303894042969, 17.758268356323242, 15.440346717834473, 21.717191696166992, 18.860671997070312, 19.539958953857422, 17.080364227294922, 20.732473373413086, 16.046846389770508, 16.975875854492188, 14.878968238830566, 16.978078842163086, 22.558738708496094, 24.413557052612305, 25.96728515625, 17.29353141784668, 18.698501586914062, 16.944028854370117, 16.427494049072266, 22.17940902709961, 19.242094039916992, 21.719018936157227, 19.115232467651367, 18.741390228271484, 58.420650482177734, 21.481515884399414, 17.005884170532227, 16.787797927856445, 17.886686325073242, 18.54753875732422, 18.644611358642578, 17.494863510131836, 16.896154403686523, 19.008459091186523, 15.530430793762207, 20.573081970214844, 19.465089797973633, 25.680709838867188, 21.747343063354492, 17.968463897705078, 19.743183135986328, 18.148433685302734, 18.234973907470703, 16.477577209472656, 18.908252716064453, 30.12830352783203, 16.453197479248047, 16.980005264282227, 17.619789123535156, 15.843709945678711, 18.5624942779541, 18.635955810546875, 20.30165672302246, 17.485013961791992, 18.33453941345215, 25.831995010375977, 33.42845916748047, 21.157949447631836, 19.57733726501465, 16.637470245361328, 17.49022674560547, 17.29054069519043, 18.148086547851562, 20.222858428955078, 17.424198150634766, 17.16033172607422, 18.112478256225586, 25.512489318847656, 14.777905464172363, 16.198850631713867, 27.916296005249023, 15.642943382263184, 24.261280059814453, 16.982988357543945, 15.822972297668457, 17.24579429626465, 16.15007209777832, 16.89103126525879, 20.844907760620117, 18.6458797454834, 35.01374816894531, 15.771492958068848, 23.410097122192383, 18.098651885986328, 18.694995880126953, 18.02404022216797, 17.279800415039062, 17.049165725708008, 16.80229949951172, 25.83618927001953, 20.584938049316406, 17.958894729614258, 20.639802932739258, 19.18707275390625, 19.046100616455078, 20.810300827026367, 17.18651580810547, 21.3322811126709, 21.993938446044922]",31.99652777777778,"[31.93402777777778, 31.94097222222222, 31.96527777777778, 31.96527777777778, 31.96875, 31.979166666666664, 31.98263888888889, 31.98263888888889, 31.989583333333336, 31.989583333333336, 31.989583333333336, 31.989583333333336, 31.989583333333336, 31.989583333333336, 31.993055555555557, 31.993055555555557, 31.993055555555557, 31.993055555555557, 31.993055555555557, 31.993055555555557, 31.993055555555557, 31.993055555555557, 31.993055555555557, 31.993055555555557, 31.993055555555557, 31.993055555555557, 31.993055555555557, 31.993055555555557, 31.993055555555557, 31.993055555555557, 31.993055555555557, 31.993055555555557, 31.993055555555557, 31.993055555555557, 31.993055555555557, 31.993055555555557, 31.993055555555557, 31.993055555555557, 31.993055555555557, 31.993055555555557, 31.993055555555557, 31.993055555555557, 31.993055555555557, 31.993055555555557, 31.993055555555557, 31.993055555555557, 31.993055555555557, 31.993055555555557, 31.993055555555557, 31.993055555555557, 31.993055555555557, 31.993055555555557, 31.993055555555557, 31.993055555555557, 31.993055555555557, 31.993055555555557, 31.993055555555557, 31.993055555555557, 31.993055555555557, 31.993055555555557, 31.993055555555557, 31.993055555555557, 31.993055555555557, 31.993055555555557, 31.993055555555557, 31.993055555555557, 31.993055555555557, 31.993055555555557, 31.993055555555557, 31.993055555555557, 31.993055555555557, 31.993055555555557, 31.993055555555557, 31.993055555555557, 31.993055555555557, 31.993055555555557, 31.993055555555557, 31.993055555555557, 31.993055555555557, 31.993055555555557, 31.993055555555557, 31.993055555555557, 31.993055555555557, 31.993055555555557, 31.993055555555557, 31.99652777777778, 31.99652777777778, 31.99652777777778, 31.99652777777778, 31.99652777777778, 31.99652777777778, 31.99652777777778, 31.99652777777778, 31.99652777777778, 31.99652777777778, 31.99652777777778, 31.99652777777778, 31.99652777777778, 31.99652777777778, 31.99652777777778, 31.99652777777778, 31.99652777777778, 31.99652777777778, 31.99652777777778, 31.99652777777778, 31.99652777777778, 31.99652777777778, 31.99652777777778, 31.99652777777778, 31.99652777777778, 31.99652777777778, 31.99652777777778, 31.99652777777778, 31.99652777777778, 31.99652777777778, 31.99652777777778, 31.99652777777778, 31.99652777777778, 31.99652777777778, 31.99652777777778, 31.99652777777778, 31.99652777777778, 31.99652777777778, 31.99652777777778, 31.99652777777778, 31.99652777777778, 31.99652777777778, 31.99652777777778, 31.99652777777778, 31.99652777777778, 31.99652777777778, 31.99652777777778, 31.99652777777778, 31.99652777777778, 31.99652777777778, 31.99652777777778, 31.99652777777778, 31.99652777777778, 31.99652777777778, 31.99652777777778, 31.99652777777778, 31.99652777777778, 31.99652777777778, 31.99652777777778, 31.99652777777778, 31.99652777777778, 31.99652777777778, 31.99652777777778, 31.99652777777778, 31.99652777777778, 31.99652777777778, 31.99652777777778, 31.99652777777778, 31.99652777777778, 31.99652777777778, 31.99652777777778, 31.99652777777778, 31.99652777777778, 31.99652777777778, 31.99652777777778, 31.99652777777778, 31.99652777777778, 31.99652777777778, 31.99652777777778, 31.99652777777778, 31.99652777777778, 31.99652777777778, 31.99652777777778, 31.99652777777778, 31.99652777777778, 31.99652777777778, 31.99652777777778, 31.99652777777778, 31.99652777777778, 31.99652777777778, 31.99652777777778, 31.99652777777778, 31.99652777777778, 31.99652777777778, 31.99652777777778, 31.99652777777778, 31.99652777777778, 31.99652777777778, 31.99652777777778, 31.99652777777778, 31.99652777777778, 31.99652777777778, 31.99652777777778, 31.99652777777778, 31.99652777777778, 31.99652777777778, 31.99652777777778, 31.99652777777778, 31.99652777777778, 31.99652777777778, 31.99652777777778, 31.99652777777778, 31.99652777777778, 31.99652777777778, 31.99652777777778]",COMPLETE
59,59,0.5,2024-08-31 02:45:14.249688,2024-08-31 02:45:19.844626,0 days 00:00:05.594938,4,0.911007227379423,4,5,0.08016237891989676,54,0.011819650384709238,0.859,0.85875,0,"[0, 0, 0, 0, 0]",0.0,"[0.0, 0.0, 0.0, 0.0, 0.0]",0.5,0.5,0,"[0, 0, 0, 0, 0]",5,"[0.4072558879852295, 0.4075990319252014, 0.4088711440563202, 0.409313440322876, 0.4220029413700104]",0.0,"[0.0, 0.0, 0.0, 0.0, 0.0]",COMPLETE
60,60,0.9305174479267303,2024-08-31 02:45:19.849985,2024-08-31 02:45:57.694368,0 days 00:00:37.844383,1,0.043224148462521456,1,115,0.017629961562558822,15,0.0001458689029420927,0.94,0.94125,17,"[33, 33, 33, 33, 33, 33, 33, 33, 33, 33, 33, 33, 33, 33, 33, 33, 33, 33, 33, 33, 33, 33, 33, 33, 33, 32, 31, 31, 30, 30, 29, 29, 27, 27, 26, 26, 26, 25, 24, 24, 24, 24, 24, 23, 23, 23, 23, 23, 23, 23, 23, 23, 22, 21, 21, 20, 20, 19, 18, 18, 18, 18, 18, 18, 17, 17, 17, 17, 17, 17, 17, 17, 17, 17, 17, 17, 17, 17, 17, 17, 17, 17, 17, 17, 17, 17, 17, 17, 17, 17, 17, 17, 17, 17, 17, 17, 17, 17, 17, 17, 17, 17, 17, 17, 17, 17, 17, 17, 17, 17, 17, 17, 17, 17, 17]",17.0,"[33.0, 33.0, 33.0, 33.0, 32.93333333333334, 33.0, 33.0, 33.0, 33.0, 33.0, 33.0, 33.0, 33.0, 33.0, 33.0, 33.0, 33.0, 33.0, 33.0, 33.0, 33.0, 33.0, 33.0, 33.0, 33.0, 32.0, 31.0, 31.0, 30.0, 30.0, 29.0, 28.933333333333334, 26.933333333333334, 27.0, 26.0, 25.933333333333334, 26.0, 25.0, 24.0, 24.0, 24.0, 24.0, 24.0, 23.0, 23.0, 23.0, 23.0, 23.0, 23.0, 23.0, 22.933333333333334, 23.0, 22.0, 20.933333333333334, 21.0, 20.0, 20.0, 19.0, 18.0, 17.933333333333334, 18.0, 18.0, 18.0, 18.0, 16.933333333333334, 17.0, 17.0, 17.0, 16.933333333333334, 16.933333333333334, 17.0, 17.0, 17.0, 17.0, 17.0, 17.0, 17.0, 17.0, 16.933333333333334, 16.8, 17.0, 17.0, 17.0, 16.933333333333334, 17.0, 16.933333333333334, 17.0, 16.933333333333334, 17.0, 17.0, 16.933333333333334, 17.0, 17.0, 17.0, 16.933333333333334, 17.0, 16.933333333333334, 17.0, 17.0, 17.0, 17.0, 17.0, 17.0, 16.933333333333334, 17.0, 17.0, 16.933333333333334, 17.0, 17.0, 17.0, 17.0, 17.0, 17.0, 16.933333333333334, 17.0]",0.9122268182531229,0.9305174479267303,17,"[33, 33, 33, 33, 33, 33, 33, 33, 33, 33, 33, 33, 33, 33, 33, 33, 33, 33, 33, 33, 33, 33, 33, 33, 33, 32, 31, 31, 30, 30, 29, 29, 27, 27, 26, 26, 26, 25, 24, 24, 24, 24, 24, 23, 23, 23, 23, 23, 23, 23, 23, 23, 22, 21, 21, 20, 20, 19, 18, 18, 18, 18, 18, 18, 17, 17, 17, 17, 17, 17, 17, 17, 17, 17, 17, 17, 17, 17, 17, 17, 17, 17, 17, 17, 17, 17, 17, 17, 17, 17, 17, 17, 17, 17, 17, 17, 17, 17, 17, 17, 17, 17, 17, 17, 17, 17, 17, 17, 17, 17, 17, 17, 17, 17, 17]",115,"[0.40835002064704895, 0.39574959874153137, 0.3875924050807953, 0.38075119256973267, 0.3748239576816559, 0.3676251173019409, 0.36316338181495667, 0.3574243187904358, 0.3543853759765625, 0.350007563829422, 0.34456607699394226, 0.3403673470020294, 0.33546584844589233, 0.3301708698272705, 0.32484379410743713, 0.3268747627735138, 0.31236720085144043, 0.3087799847126007, 0.30370989441871643, 0.2967158257961273, 0.2920360565185547, 0.28609171509742737, 0.2823590040206909, 0.27816224098205566, 0.27526992559432983, 0.27237406373023987, 0.2724699079990387, 0.2679247558116913, 0.2650142014026642, 0.26562386751174927, 0.25963473320007324, 0.2601899802684784, 0.258518785238266, 0.2545722424983978, 0.25235432386398315, 0.2530198395252228, 0.2531452178955078, 0.2462206333875656, 0.2478480488061905, 0.24547624588012695, 0.25539639592170715, 0.2493400126695633, 0.24370118975639343, 0.24730683863162994, 0.24163594841957092, 0.2496597170829773, 0.24327659606933594, 0.242889404296875, 0.236660435795784, 0.2390996217727661, 0.23510006070137024, 0.23705893754959106, 0.23377037048339844, 0.2311655879020691, 0.2279701977968216, 0.23676945269107819, 0.22931332886219025, 0.23219162225723267, 0.2318428009748459, 0.22959639132022858, 0.23096266388893127, 0.23359280824661255, 0.22727060317993164, 0.22930608689785004, 0.22933174669742584, 0.22626154124736786, 0.22501793503761292, 0.2219220995903015, 0.22604146599769592, 0.22167858481407166, 0.2230031043291092, 0.22105877101421356, 0.23027794063091278, 0.21981926262378693, 0.22340813279151917, 0.22084444761276245, 0.219510018825531, 0.22266723215579987, 0.22288712859153748, 0.2179693579673767, 0.21792663633823395, 0.2174055129289627, 0.2151479870080948, 0.2194206565618515, 0.2162427455186844, 0.21790513396263123, 0.22112135589122772, 0.21556521952152252, 0.2114301174879074, 0.21667759120464325, 0.21438975632190704, 0.21970729529857635, 0.21468590199947357, 0.21986444294452667, 0.2126595824956894, 0.2146587371826172, 0.21773260831832886, 0.2105795443058014, 0.21237142384052277, 0.2095704823732376, 0.2112390547990799, 0.21523408591747284, 0.2114759087562561, 0.22085773944854736, 0.21281619369983673, 0.21263104677200317, 0.21422570943832397, 0.21806253492832184, 0.2096465826034546, 0.21894609928131104, 0.20901630818843842, 0.21309727430343628, 0.21563337743282318, 0.21967965364456177, 0.21212530136108398]",17.0,"[33.0, 33.0, 33.0, 33.0, 33.0, 33.0, 33.0, 33.0, 33.0, 33.0, 33.0, 33.0, 33.0, 33.0, 33.0, 33.0, 33.0, 33.0, 33.0, 33.0, 33.0, 33.0, 33.0, 33.0, 33.0, 32.0, 31.0, 31.0, 30.0, 30.0, 29.0, 29.0, 27.0, 27.0, 26.0, 26.0, 26.0, 25.0, 24.0, 24.0, 24.0, 24.0, 24.0, 23.0, 23.0, 23.0, 23.0, 23.0, 23.0, 23.0, 23.0, 23.0, 22.0, 21.0, 21.0, 20.0, 20.0, 19.0, 18.0, 18.0, 18.0, 18.0, 18.0, 18.0, 17.0, 17.0, 17.0, 17.0, 17.0, 17.0, 17.0, 17.0, 17.0, 17.0, 17.0, 17.0, 17.0, 17.0, 17.0, 17.0, 17.0, 17.0, 17.0, 17.0, 17.0, 17.0, 17.0, 17.0, 17.0, 17.0, 17.0, 17.0, 17.0, 17.0, 17.0, 17.0, 17.0, 17.0, 17.0, 17.0, 17.0, 17.0, 17.0, 17.0, 17.0, 17.0, 17.0, 17.0, 17.0, 17.0, 17.0, 17.0, 17.0, 17.0, 17.0]",COMPLETE
