,number,value,datetime_start,datetime_complete,duration,params_batch_size_scaler,params_constant_learning_rate,params_depth,params_epochs,params_kernel_l2,params_num_trees,params_temperature,user_attrs_accuracy_test,user_attrs_accuracy_valid,user_attrs_approximate_feature_sparsity,user_attrs_approximate_feature_sparsity_history,user_attrs_approximate_weight_sparsity,user_attrs_approximate_weight_sparsity_history,user_attrs_auc_test,user_attrs_auc_valid,user_attrs_feature_sparsity,user_attrs_feature_sparsity_history,user_attrs_num_epochs,user_attrs_val_loss_history,user_attrs_weight_sparsity,user_attrs_weight_sparsity_history,state
168,168,0.9248624904999291,2024-08-31 08:15:55.811118,2024-08-31 08:21:25.985211,0 days 00:05:30.174093,4,0.08131745860203167,5,320,0.004421747320907432,61,0.0014180044120912136,0.936,0.9425,33,"[33, 33, 33, 33, 33, 33, 33, 33, 33, 33, 33, 33, 33, 33, 33, 33, 33, 33, 33, 33, 33, 33, 33, 33, 33, 33, 33, 33, 33, 33, 33, 33, 33, 33, 33, 33, 33, 33, 33, 33, 33, 33, 33, 33, 33, 33, 33, 33, 33, 33, 33, 33, 33, 33, 33, 33, 33, 33, 33, 33, 33, 33, 33, 33, 33, 33, 33, 33, 33, 33, 33, 33, 33, 33, 33, 33, 33, 33, 33, 33, 33, 33, 33, 33, 33, 33, 33, 33, 33, 33, 33, 33, 33, 33, 33, 33, 33, 33, 33, 33, 33, 33, 33, 33, 33, 33, 33, 33, 33, 33, 33, 33, 33, 33, 33, 33, 33, 33, 33, 33, 33, 33, 33, 33, 33, 33, 33, 33, 33, 33, 33, 33, 33, 33, 33, 33, 33, 33, 33, 33, 33, 33, 33, 33, 33, 33, 33, 33, 33, 33, 33, 33, 33, 33, 33, 33, 33, 33, 33, 33, 33, 33, 33, 33, 33, 33, 33, 33, 33, 33, 33, 33, 33, 33, 33, 33, 33, 33, 33, 33, 33, 33, 33, 33, 33, 33, 33, 33, 33, 33, 33, 33, 33, 33, 33, 33, 33, 33, 33, 33, 33, 33, 33, 33, 33, 33, 33, 33, 33, 33, 33, 33, 33, 33, 33, 33, 33, 33, 33, 33, 33, 33, 33, 33, 33, 33, 33, 33, 33, 33, 33, 33, 33, 33, 33, 33, 33, 33, 33, 33, 33, 33, 33, 33, 33, 33, 33, 33, 33, 33, 33, 33, 33, 33, 33, 33, 33, 33, 33, 33, 33, 33, 33, 33, 33, 33, 33, 33, 33, 33, 33, 33, 33, 33, 33, 33, 33, 33, 33, 33, 33, 33, 33, 33, 33, 33, 33, 33, 33, 33, 33, 33, 33, 33, 33, 33, 33, 33, 33, 33, 33, 33, 33, 33, 33, 33, 33, 33, 33, 33, 33, 33, 33, 33, 33, 33, 33, 33, 33, 33]",32.938127974616606,"[32.94711792702274, 32.941829719725014, 32.935483870967744, 32.93759915388683, 32.94394500264411, 32.93601269169751, 32.941300898995244, 32.93601269169751, 32.94288736118456, 32.944473823373876, 32.94235854045479, 32.94923320994183, 32.944473823373876, 32.947646747752515, 32.945002644103646, 32.95134849286092, 32.94394500264411, 32.94394500264411, 32.93389740877843, 32.93601269169751, 32.93495505023797, 32.93654151242728, 32.93707033315706, 32.93918561607615, 32.93918561607615, 32.9402432575357, 32.938127974616606, 32.93654151242729, 32.93918561607615, 32.93759915388683, 32.944473823373876, 32.94341618191433, 32.938656795346375, 32.941829719725014, 32.9402432575357, 32.942358540454784, 32.93654151242728, 32.93971443680592, 32.94130089899524, 32.93548387096774, 32.93495505023797, 32.932839767318875, 32.9344262295082, 32.93601269169751, 32.94288736118456, 32.944473823373876, 32.94553146483342, 32.94130089899524, 32.94764674775251, 32.9555790586991, 32.95240613432047, 32.9497620306716, 32.94288736118456, 32.93707033315706, 32.94394500264411, 32.93918561607615, 32.932310946589105, 32.942358540454784, 32.94077207826547, 32.935483870967744, 32.94077207826547, 32.93654151242728, 32.9344262295082, 32.94077207826547, 32.938127974616606, 32.944473823373876, 32.93759915388683, 32.93971443680592, 32.94288736118456, 32.941829719725014, 32.94553146483342, 32.938127974616606, 32.93918561607615, 32.944473823373876, 32.94658910629297, 32.9402432575357, 32.938656795346375, 32.93601269169751, 32.94658910629297, 32.942358540454784, 32.94077207826547, 32.93918561607615, 32.938656795346375, 32.934955050237974, 32.94235854045479, 32.93971443680592, 32.938127974616606, 32.93283976731888, 32.931253305129566, 32.938127974616606, 32.938127974616606, 32.935483870967744, 32.9402432575357, 32.9344262295082, 32.93389740877843, 32.932310946589105, 32.938127974616606, 32.9402432575357, 32.94077207826547, 32.94870438921206, 32.9402432575357, 32.941300898995244, 32.941300898995244, 32.94288736118456, 32.94341618191434, 32.938127974616606, 32.937599153886836, 32.93389740877843, 32.93548387096774, 32.94288736118456, 32.94130089899524, 32.9344262295082, 32.941829719725014, 32.941300898995244, 32.94500264410365, 32.94711792702274, 32.948704389212054, 32.947646747752515, 32.95187731359069, 32.95187731359069, 32.94553146483342, 32.941300898995244, 32.942358540454784, 32.94130089899524, 32.94288736118456, 32.93918561607615, 32.94288736118456, 32.938127974616606, 32.94235854045479, 32.944473823373876, 32.93654151242729, 32.93654151242729, 32.94341618191433, 32.942358540454784, 32.941300898995244, 32.94553146483342, 32.94658910629297, 32.948704389212054, 32.94923320994183, 32.950819672131146, 32.95346377578001, 32.948704389212054, 32.941300898995244, 32.94500264410365, 32.94500264410365, 32.94288736118456, 32.95240613432047, 32.94341618191433, 32.938656795346375, 32.94130089899524, 32.944473823373876, 32.94711792702274, 32.94711792702274, 32.94658910629297, 32.94658910629297, 32.95029085140138, 32.94923320994183, 32.94923320994183, 32.95134849286092, 32.94817556848229, 32.94711792702274, 32.94341618191433, 32.94500264410365, 32.9402432575357, 32.93654151242729, 32.94077207826547, 32.9402432575357, 32.94288736118456, 32.942358540454784, 32.9344262295082, 32.93389740877842, 32.93971443680592, 32.93971443680592, 32.93971443680592, 32.94711792702274, 32.948175568482284, 32.948175568482284, 32.9497620306716, 32.94711792702274, 32.94077207826547, 32.944473823373876, 32.94288736118456, 32.94553146483342, 32.948175568482284, 32.94553146483342, 32.9439450026441, 32.94341618191433, 32.94711792702274, 32.945002644103646, 32.94711792702274, 32.94711792702274, 32.94077207826547, 32.948175568482284, 32.945531464833415, 32.94288736118456, 32.94711792702274, 32.947646747752515, 32.94394500264411, 32.941300898995244, 32.935483870967744, 32.94130089899524, 32.938656795346375, 32.94077207826547, 32.93918561607615, 32.941829719725014, 32.94553146483342, 32.94553146483342, 32.948175568482284, 32.944473823373876, 32.94606028556319, 32.94658910629297, 32.941829719725014, 32.94288736118456, 32.938656795346375, 32.94024325753569, 32.93654151242729, 32.93495505023797, 32.932310946589105, 32.935483870967744, 32.93601269169751, 32.93918561607615, 32.93918561607615, 32.93918561607615, 32.94500264410365, 32.945002644103646, 32.94553146483342, 32.948175568482284, 32.94658910629297, 32.942358540454784, 32.94341618191433, 32.94077207826547, 32.9402432575357, 32.945002644103646, 32.945531464833415, 32.9439450026441, 32.94658910629297, 32.948175568482284, 32.94341618191433, 32.94553146483342, 32.94182971972501, 32.94394500264411, 32.94711792702274, 32.94923320994183, 32.950819672131146, 32.94500264410365, 32.94341618191433, 32.94024325753569, 32.9402432575357, 32.94447382337388, 32.944473823373876, 32.94500264410365, 32.94658910629297, 32.95029085140138, 32.94870438921206, 32.94553146483342, 32.94658910629297, 32.94553146483342, 32.94288736118456, 32.93971443680592, 32.94077207826547, 32.94341618191433, 32.93918561607615, 32.93759915388683, 32.94130089899524, 32.94553146483342, 32.9497620306716, 32.95293495505024, 32.95134849286092, 32.94923320994183, 32.9497620306716, 32.947646747752515, 32.947646747752515, 32.94711792702274, 32.94394500264411, 32.94606028556319, 32.948175568482284, 32.947646747752515, 32.941829719725014, 32.94077207826547, 32.94077207826547, 32.94288736118456, 32.93918561607615, 32.941300898995244, 32.93971443680593, 32.93971443680592, 32.937599153886836, 32.93971443680592, 32.9402432575357, 32.941829719725014, 32.94394500264411, 32.94500264410365, 32.93918561607615, 32.93971443680592, 32.93918561607615, 32.93971443680592, 32.93707033315706, 32.93971443680592, 32.93654151242729, 32.934955050237974, 32.93865679534638, 32.94077207826547, 32.935483870967744, 32.93654151242729, 32.93865679534638, 32.935483870967744, 32.93865679534638, 32.938127974616606, 32.938127974616606, 32.938127974616606, 32.93918561607615, 32.93707033315706, 32.93495505023797, 32.93654151242729, 32.93495505023797, 32.934955050237974, 32.938127974616606, 32.9402432575357, 32.937599153886836, 32.938127974616606, 32.938127974616606]",0.9094526870268085,0.9248624904999291,33,"[33, 33, 33, 33, 33, 33, 33, 33, 33, 33, 33, 33, 33, 33, 33, 33, 33, 33, 33, 33, 33, 33, 33, 33, 33, 33, 33, 33, 33, 33, 33, 33, 33, 33, 33, 33, 33, 33, 33, 33, 33, 33, 33, 33, 33, 33, 33, 33, 33, 33, 33, 33, 33, 33, 33, 33, 33, 33, 33, 33, 33, 33, 33, 33, 33, 33, 33, 33, 33, 33, 33, 33, 33, 33, 33, 33, 33, 33, 33, 33, 33, 33, 33, 33, 33, 33, 33, 33, 33, 33, 33, 33, 33, 33, 33, 33, 33, 33, 33, 33, 33, 33, 33, 33, 33, 33, 33, 33, 33, 33, 33, 33, 33, 33, 33, 33, 33, 33, 33, 33, 33, 33, 33, 33, 33, 33, 33, 33, 33, 33, 33, 33, 33, 33, 33, 33, 33, 33, 33, 33, 33, 33, 33, 33, 33, 33, 33, 33, 33, 33, 33, 33, 33, 33, 33, 33, 33, 33, 33, 33, 33, 33, 33, 33, 33, 33, 33, 33, 33, 33, 33, 33, 33, 33, 33, 33, 33, 33, 33, 33, 33, 33, 33, 33, 33, 33, 33, 33, 33, 33, 33, 33, 33, 33, 33, 33, 33, 33, 33, 33, 33, 33, 33, 33, 33, 33, 33, 33, 33, 33, 33, 33, 33, 33, 33, 33, 33, 33, 33, 33, 33, 33, 33, 33, 33, 33, 33, 33, 33, 33, 33, 33, 33, 33, 33, 33, 33, 33, 33, 33, 33, 33, 33, 33, 33, 33, 33, 33, 33, 33, 33, 33, 33, 33, 33, 33, 33, 33, 33, 33, 33, 33, 33, 33, 33, 33, 33, 33, 33, 33, 33, 33, 33, 33, 33, 33, 33, 33, 33, 33, 33, 33, 33, 33, 33, 33, 33, 33, 33, 33, 33, 33, 33, 33, 33, 33, 33, 33, 33, 33, 33, 33, 33, 33, 33, 33, 33, 33, 33, 33, 33, 33, 33, 33, 33, 33, 33, 33, 33, 33]",320,"[0.39803460240364075, 0.3902725279331207, 0.3853589594364166, 0.38114333152770996, 0.3783607482910156, 0.37545955181121826, 0.3733927011489868, 0.3715406656265259, 0.3700171411037445, 0.3685527741909027, 0.367400199174881, 0.36610743403434753, 0.36489295959472656, 0.3641747534275055, 0.362824022769928, 0.36219149827957153, 0.36070916056632996, 0.3599453866481781, 0.35871121287345886, 0.3577401638031006, 0.3568102717399597, 0.35627421736717224, 0.3551618158817291, 0.35405582189559937, 0.35309815406799316, 0.3520455062389374, 0.3512354791164398, 0.35074520111083984, 0.34937557578086853, 0.34841859340667725, 0.3475612699985504, 0.34677615761756897, 0.3463965654373169, 0.3454493284225464, 0.344449907541275, 0.3431786000728607, 0.3422914743423462, 0.3411756157875061, 0.3403913378715515, 0.33956557512283325, 0.3385666012763977, 0.33764228224754333, 0.3367769122123718, 0.33593395352363586, 0.3349779546260834, 0.33407869935035706, 0.3332693874835968, 0.3322468101978302, 0.3313833177089691, 0.3303973078727722, 0.3294398784637451, 0.3287685513496399, 0.32756316661834717, 0.3264991343021393, 0.3257008492946625, 0.32461291551589966, 0.3236798048019409, 0.32282134890556335, 0.3219492435455322, 0.3205714523792267, 0.31941384077072144, 0.3184417486190796, 0.317247211933136, 0.31644299626350403, 0.3150530159473419, 0.31388700008392334, 0.31266939640045166, 0.31155797839164734, 0.3103766143321991, 0.3096427023410797, 0.30847445130348206, 0.3066770136356354, 0.3053811192512512, 0.30402424931526184, 0.30297747254371643, 0.3016430139541626, 0.3002604842185974, 0.2988615930080414, 0.297821968793869, 0.29650408029556274, 0.2949792742729187, 0.29349786043167114, 0.2922407388687134, 0.29100683331489563, 0.2894926369190216, 0.2883297801017761, 0.28689807653427124, 0.2857654094696045, 0.2846173048019409, 0.2831200063228607, 0.2816539704799652, 0.2803846001625061, 0.27930518984794617, 0.2779649794101715, 0.27687034010887146, 0.2757515609264374, 0.2744520902633667, 0.2732143700122833, 0.2721019685268402, 0.2711348533630371, 0.26988503336906433, 0.2687828540802002, 0.26774919033050537, 0.26694241166114807, 0.2658272981643677, 0.2651534974575043, 0.26400065422058105, 0.26311320066452026, 0.26236316561698914, 0.26166945695877075, 0.26043206453323364, 0.259593665599823, 0.2588558495044708, 0.25801944732666016, 0.2570192515850067, 0.2562931180000305, 0.25546061992645264, 0.2547679841518402, 0.25408032536506653, 0.2533169090747833, 0.25287970900535583, 0.25222933292388916, 0.2513313293457031, 0.25044137239456177, 0.2496803104877472, 0.2490054965019226, 0.24834591150283813, 0.24775464832782745, 0.2470606565475464, 0.24647024273872375, 0.24603407084941864, 0.24549856781959534, 0.24491804838180542, 0.24412937462329865, 0.2435183972120285, 0.2431623488664627, 0.24284881353378296, 0.24191007018089294, 0.24138090014457703, 0.24076543748378754, 0.24029229581356049, 0.23961371183395386, 0.23934420943260193, 0.2388315349817276, 0.23797707259655, 0.2375328093767166, 0.2370554506778717, 0.23716892302036285, 0.23639006912708282, 0.2359643578529358, 0.23568321764469147, 0.23479504883289337, 0.23419040441513062, 0.23362629115581512, 0.23333916068077087, 0.23254086077213287, 0.23209501802921295, 0.23170751333236694, 0.23115575313568115, 0.23076967895030975, 0.23065674304962158, 0.23016546666622162, 0.2294013351202011, 0.22913004457950592, 0.22855308651924133, 0.22843191027641296, 0.2281349152326584, 0.22748005390167236, 0.2267531454563141, 0.2264823019504547, 0.22623367607593536, 0.22593632340431213, 0.22520753741264343, 0.2248603105545044, 0.22459691762924194, 0.2239568531513214, 0.2238420695066452, 0.223372682929039, 0.22284406423568726, 0.2224099189043045, 0.2219349443912506, 0.22145865857601166, 0.22206634283065796, 0.22097183763980865, 0.22106587886810303, 0.22016040980815887, 0.21989604830741882, 0.21975430846214294, 0.2199997752904892, 0.21924005448818207, 0.21805021166801453, 0.21793685853481293, 0.21781396865844727, 0.21774108707904816, 0.21709468960762024, 0.21663691103458405, 0.21633517742156982, 0.2161671668291092, 0.21553024649620056, 0.2151428610086441, 0.21535077691078186, 0.21529096364974976, 0.21443815529346466, 0.21417507529258728, 0.2138323187828064, 0.21333608031272888, 0.2131003439426422, 0.2133607119321823, 0.21280300617218018, 0.21224062144756317, 0.2121829390525818, 0.21205158531665802, 0.2118825763463974, 0.21132396161556244, 0.21108925342559814, 0.21074096858501434, 0.21034586429595947, 0.20971421897411346, 0.20997676253318787, 0.20998616516590118, 0.20892831683158875, 0.20870891213417053, 0.20884110033512115, 0.20835262537002563, 0.20904922485351562, 0.20829829573631287, 0.20804181694984436, 0.207702174782753, 0.20724716782569885, 0.20671392977237701, 0.20641836524009705, 0.20630663633346558, 0.20586833357810974, 0.20577527582645416, 0.2056378573179245, 0.20587152242660522, 0.2054443359375, 0.204755961894989, 0.2044667750597, 0.20490694046020508, 0.2044348567724228, 0.20430845022201538, 0.20396211743354797, 0.20320533215999603, 0.20352378487586975, 0.20315061509609222, 0.20319019258022308, 0.2029394656419754, 0.2027512937784195, 0.2031072974205017, 0.20224739611148834, 0.20199312269687653, 0.2014589160680771, 0.2015056014060974, 0.20134972035884857, 0.20081113278865814, 0.20106491446495056, 0.20098932087421417, 0.2003476768732071, 0.20036308467388153, 0.20006173849105835, 0.19960814714431763, 0.19966308772563934, 0.1998501718044281, 0.19973863661289215, 0.19928760826587677, 0.1993822455406189, 0.19925709068775177, 0.198992058634758, 0.1991075873374939, 0.19923144578933716, 0.19899477064609528, 0.19863834977149963, 0.19776907563209534, 0.19778954982757568, 0.19769138097763062, 0.19741275906562805, 0.19767756760120392, 0.19782932102680206, 0.19697262346744537, 0.1966787725687027, 0.19653715193271637, 0.19675497710704803, 0.19675025343894958, 0.1968187838792801, 0.1964128464460373, 0.19688348472118378, 0.19648563861846924, 0.1967546045780182, 0.19584771990776062, 0.19500501453876495, 0.19604521989822388, 0.1962439864873886, 0.1954892873764038, 0.19531458616256714, 0.19454649090766907, 0.194869726896286, 0.19458313286304474, 0.19449493288993835, 0.19418518245220184, 0.19438008964061737, 0.19425979256629944, 0.19414418935775757, 0.1946762055158615, 0.19376932084560394, 0.19365249574184418, 0.19337747991085052, 0.19295354187488556, 0.19324976205825806, 0.1936049610376358, 0.19336150586605072, 0.19253145158290863, 0.19285351037979126, 0.19285820424556732, 0.19253820180892944, 0.19245530664920807, 0.19279691576957703, 0.19344836473464966, 0.19299815595149994, 0.19278497993946075]",33.0,"[33.0, 33.0, 33.0, 33.0, 33.0, 33.0, 33.0, 33.0, 33.0, 33.0, 33.0, 33.0, 33.0, 33.0, 33.0, 33.0, 33.0, 33.0, 33.0, 33.0, 33.0, 33.0, 33.0, 33.0, 33.0, 33.0, 33.0, 33.0, 33.0, 33.0, 33.0, 33.0, 33.0, 33.0, 33.0, 33.0, 33.0, 33.0, 33.0, 33.0, 33.0, 33.0, 33.0, 33.0, 33.0, 33.0, 33.0, 33.0, 33.0, 33.0, 33.0, 33.0, 33.0, 33.0, 33.0, 33.0, 33.0, 33.0, 33.0, 33.0, 33.0, 33.0, 33.0, 33.0, 33.0, 33.0, 33.0, 33.0, 33.0, 33.0, 33.0, 33.0, 33.0, 33.0, 33.0, 33.0, 33.0, 33.0, 33.0, 33.0, 33.0, 33.0, 33.0, 33.0, 33.0, 33.0, 33.0, 33.0, 33.0, 33.0, 33.0, 33.0, 33.0, 33.0, 33.0, 33.0, 33.0, 33.0, 33.0, 33.0, 33.0, 33.0, 33.0, 33.0, 33.0, 33.0, 33.0, 33.0, 33.0, 33.0, 33.0, 33.0, 33.0, 33.0, 33.0, 33.0, 33.0, 33.0, 33.0, 33.0, 33.0, 33.0, 33.0, 33.0, 33.0, 33.0, 33.0, 33.0, 33.0, 33.0, 33.0, 33.0, 33.0, 33.0, 33.0, 33.0, 33.0, 33.0, 33.0, 33.0, 33.0, 33.0, 33.0, 33.0, 33.0, 33.0, 33.0, 33.0, 33.0, 33.0, 33.0, 33.0, 33.0, 33.0, 33.0, 33.0, 33.0, 33.0, 33.0, 33.0, 33.0, 33.0, 33.0, 33.0, 33.0, 33.0, 33.0, 33.0, 33.0, 33.0, 33.0, 33.0, 33.0, 33.0, 33.0, 33.0, 33.0, 33.0, 33.0, 33.0, 33.0, 33.0, 33.0, 33.0, 33.0, 33.0, 33.0, 33.0, 33.0, 33.0, 33.0, 33.0, 33.0, 33.0, 33.0, 33.0, 33.0, 33.0, 33.0, 33.0, 33.0, 33.0, 33.0, 33.0, 33.0, 33.0, 33.0, 33.0, 33.0, 33.0, 33.0, 33.0, 33.0, 33.0, 33.0, 33.0, 33.0, 33.0, 33.0, 33.0, 33.0, 33.0, 33.0, 33.0, 33.0, 33.0, 33.0, 33.0, 33.0, 33.0, 33.0, 33.0, 33.0, 33.0, 33.0, 33.0, 33.0, 33.0, 33.0, 33.0, 33.0, 33.0, 33.0, 33.0, 33.0, 33.0, 33.0, 33.0, 33.0, 33.0, 33.0, 33.0, 33.0, 33.0, 33.0, 33.0, 33.0, 33.0, 33.0, 33.0, 33.0, 33.0, 33.0, 33.0, 33.0, 33.0, 33.0, 33.0, 33.0, 33.0, 33.0, 33.0, 33.0, 33.0, 33.0, 33.0, 33.0, 33.0, 33.0, 33.0, 33.0, 33.0, 33.0, 33.0, 33.0, 33.0, 33.0, 33.0, 33.0, 33.0, 33.0, 33.0, 33.0, 33.0, 33.0, 33.0, 33.0, 33.0, 33.0, 33.0, 33.0, 33.0, 33.0, 33.0, 33.0, 33.0, 33.0, 33.0, 33.0, 33.0, 33.0, 33.0, 33.0, 33.0, 33.0, 33.0, 33.0, 33.0, 33.0, 33.0]",COMPLETE
