,number,value,datetime_start,datetime_complete,duration,params_batch_size_scaler,params_constant_learning_rate,params_depth,params_epochs,params_kernel_l2,params_num_trees,params_temperature,user_attrs_accuracy_test,user_attrs_accuracy_valid,user_attrs_approximate_feature_sparsity,user_attrs_approximate_feature_sparsity_history,user_attrs_approximate_weight_sparsity,user_attrs_approximate_weight_sparsity_history,user_attrs_auc_test,user_attrs_auc_valid,user_attrs_feature_sparsity,user_attrs_feature_sparsity_history,user_attrs_num_epochs,user_attrs_val_loss_history,user_attrs_weight_sparsity,user_attrs_weight_sparsity_history,state
66,66,0.5,2024-08-31 03:04:43.984901,2024-08-31 03:09:00.206209,0 days 00:04:16.221308,1,0.16700313909220318,2,340,0.69665949056796,51,0.03675921580052929,0.859,0.85875,0,"[5, 0, 0, 0, 0, 0, 0, 0, 0, 0, 0, 0, 0, 0, 0, 0, 0, 0, 0, 0, 0, 0, 0, 0, 0, 0, 0, 0, 0, 0, 0, 0, 0, 0, 0, 0, 0, 0, 0, 0, 0, 0, 0, 0, 0, 0, 0, 0, 0, 0, 0, 0, 0, 0, 0, 0, 0, 0, 0, 0, 0, 0, 0, 0, 0, 0, 0, 0, 0, 0, 0, 0, 0, 0, 0, 0, 0, 0, 0, 0, 0, 0, 0, 0, 0, 0, 0, 0, 0, 0, 0, 0, 0, 0, 0, 0, 0, 0, 0, 0, 0, 0, 0, 0, 0, 0, 0, 0, 0, 0, 0, 0, 0, 0, 0, 0, 0, 0, 0, 0, 0, 0, 0, 0, 0, 0, 0, 0, 0, 0, 0, 0, 0, 0, 0, 0, 0, 0, 0, 0, 0, 0, 0, 0, 0, 0, 0, 0, 0, 0, 0, 0, 0, 0, 0, 0, 0, 0, 0, 0, 0, 0, 0, 0, 0, 0, 0, 0, 0, 0, 0, 0, 0, 0, 0, 0, 0, 0, 0, 0, 0, 0, 0, 0, 0, 0, 0, 0, 0, 0, 0, 0, 0, 0, 0, 0, 0, 0, 0, 0, 0, 0, 0, 0, 0, 0, 0, 0, 0, 0, 0, 0, 0, 0, 0, 0, 0, 0, 0, 0, 0, 0, 0, 0, 0, 0, 0, 0, 0, 0, 0, 0, 0, 0, 0, 0, 0, 0, 0, 0, 0, 0, 0, 0, 0, 0, 0, 0, 0, 0, 0, 0, 0, 0, 0, 0, 0, 0, 0, 0, 0, 0, 0, 0, 0, 0, 0, 0, 0, 0, 0, 0, 0, 0, 0, 0, 0, 0, 0, 0, 0, 0, 0, 0, 0, 0, 0, 0, 0, 0, 0, 0, 0, 0, 0, 0, 0, 0, 0, 0, 0, 0, 0, 0, 0, 0, 0, 0, 0, 0, 0, 0, 0, 0, 0, 0, 0, 0, 0, 0, 0, 0, 0, 0, 0, 0, 0, 0, 0, 0, 0, 0, 0, 0, 0, 0, 0, 0, 0, 0]",0.0,"[5.0, 0.0, 0.0, 0.0, 0.0, 0.0, 0.0, 0.0, 0.0, 0.0, 0.0, 0.0, 0.0, 0.0, 0.0, 0.0, 0.0, 0.0, 0.0, 0.0, 0.0, 0.0, 0.0, 0.0, 0.0, 0.0, 0.0, 0.0, 0.0, 0.0, 0.0, 0.0, 0.0, 0.0, 0.0, 0.0, 0.0, 0.0, 0.0, 0.0, 0.0, 0.0, 0.0, 0.0, 0.0, 0.0, 0.0, 0.0, 0.0, 0.0, 0.0, 0.0, 0.0, 0.0, 0.0, 0.0, 0.0, 0.0, 0.0, 0.0, 0.0, 0.0, 0.0, 0.0, 0.0, 0.0, 0.0, 0.0, 0.0, 0.0, 0.0, 0.0, 0.0, 0.0, 0.0, 0.0, 0.0, 0.0, 0.0, 0.0, 0.0, 0.0, 0.0, 0.0, 0.0, 0.0, 0.0, 0.0, 0.0, 0.0, 0.0, 0.0, 0.0, 0.0, 0.0, 0.0, 0.0, 0.0, 0.0, 0.0, 0.0, 0.0, 0.0, 0.0, 0.0, 0.0, 0.0, 0.0, 0.0, 0.0, 0.0, 0.0, 0.0, 0.0, 0.0, 0.0, 0.0, 0.0, 0.0, 0.0, 0.0, 0.0, 0.0, 0.0, 0.0, 0.0, 0.0, 0.0, 0.0, 0.0, 0.0, 0.0, 0.0, 0.0, 0.0, 0.0, 0.0, 0.0, 0.0, 0.0, 0.0, 0.0, 0.0, 0.0, 0.0, 0.0, 0.0, 0.0, 0.0, 0.0, 0.0, 0.0, 0.0, 0.0, 0.0, 0.0, 0.0, 0.0, 0.0, 0.0, 0.0, 0.0, 0.0, 0.0, 0.0, 0.0, 0.0, 0.0, 0.0, 0.0, 0.0, 0.0, 0.0, 0.0, 0.0, 0.0, 0.0, 0.0, 0.0, 0.0, 0.0, 0.0, 0.0, 0.0, 0.0, 0.0, 0.0, 0.0, 0.0, 0.0, 0.0, 0.0, 0.0, 0.0, 0.0, 0.0, 0.0, 0.0, 0.0, 0.0, 0.0, 0.0, 0.0, 0.0, 0.0, 0.0, 0.0, 0.0, 0.0, 0.0, 0.0, 0.0, 0.0, 0.0, 0.0, 0.0, 0.0, 0.0, 0.0, 0.0, 0.0, 0.0, 0.0, 0.0, 0.0, 0.0, 0.0, 0.0, 0.0, 0.0, 0.0, 0.0, 0.0, 0.0, 0.0, 0.0, 0.0, 0.0, 0.0, 0.0, 0.0, 0.0, 0.0, 0.0, 0.0, 0.0, 0.0, 0.0, 0.0, 0.0, 0.0, 0.0, 0.0, 0.0, 0.0, 0.0, 0.0, 0.0, 0.0, 0.0, 0.0, 0.0, 0.0, 0.0, 0.0, 0.0, 0.0, 0.0, 0.0, 0.0, 0.0, 0.0, 0.0, 0.0, 0.0, 0.0, 0.0, 0.0, 0.0, 0.0, 0.0, 0.0, 0.0, 0.0, 0.0, 0.0, 0.0, 0.0, 0.0, 0.0, 0.0, 0.0, 0.0, 0.0, 0.0, 0.0, 0.0, 0.0, 0.0, 0.0, 0.0, 0.0, 0.0, 0.0, 0.0, 0.0, 0.0, 0.0, 0.0, 0.0, 0.0, 0.0, 0.0, 0.0, 0.0, 0.0, 0.0, 0.0, 0.0, 0.0, 0.0, 0.0, 0.0, 0.0, 0.0, 0.0, 0.0, 0.0, 0.0, 0.0, 0.0, 0.0, 0.0, 0.0, 0.0, 0.0, 0.0, 0.0, 0.0, 0.0]",0.5,0.5,0,"[5, 0, 0, 0, 0, 0, 0, 0, 0, 0, 0, 0, 0, 0, 0, 0, 0, 0, 0, 0, 0, 0, 0, 0, 0, 0, 0, 0, 0, 0, 0, 0, 0, 0, 0, 0, 0, 0, 0, 0, 0, 0, 0, 0, 0, 0, 0, 0, 0, 0, 0, 0, 0, 0, 0, 0, 0, 0, 0, 0, 0, 0, 0, 0, 0, 0, 0, 0, 0, 0, 0, 0, 0, 0, 0, 0, 0, 0, 0, 0, 0, 0, 0, 0, 0, 0, 0, 0, 0, 0, 0, 0, 0, 0, 0, 0, 0, 0, 0, 0, 0, 0, 0, 0, 0, 0, 0, 0, 0, 0, 0, 0, 0, 0, 0, 0, 0, 0, 0, 0, 0, 0, 0, 0, 0, 0, 0, 0, 0, 0, 0, 0, 0, 0, 0, 0, 0, 0, 0, 0, 0, 0, 0, 0, 0, 0, 0, 0, 0, 0, 0, 0, 0, 0, 0, 0, 0, 0, 0, 0, 0, 0, 0, 0, 0, 0, 0, 0, 0, 0, 0, 0, 0, 0, 0, 0, 0, 0, 0, 0, 0, 0, 0, 0, 0, 0, 0, 0, 0, 0, 0, 0, 0, 0, 0, 0, 0, 0, 0, 0, 0, 0, 0, 0, 0, 0, 0, 0, 0, 0, 0, 0, 0, 0, 0, 0, 0, 0, 0, 0, 0, 0, 0, 0, 0, 0, 0, 0, 0, 0, 0, 0, 0, 0, 0, 0, 0, 0, 0, 0, 0, 0, 0, 0, 0, 0, 0, 0, 0, 0, 0, 0, 0, 0, 0, 0, 0, 0, 0, 0, 0, 0, 0, 0, 0, 0, 0, 0, 0, 0, 0, 0, 0, 0, 0, 0, 0, 0, 0, 0, 0, 0, 0, 0, 0, 0, 0, 0, 0, 0, 0, 0, 0, 0, 0, 0, 0, 0, 0, 0, 0, 0, 0, 0, 0, 0, 0, 0, 0, 0, 0, 0, 0, 0, 0, 0, 0, 0, 0, 0, 0, 0, 0, 0, 0, 0, 0, 0, 0, 0, 0, 0, 0, 0, 0, 0, 0, 0, 0, 0]",340,"[0.4231795370578766, 0.4076139032840729, 0.4072343111038208, 0.4172617793083191, 0.41403692960739136, 0.44306594133377075, 0.4099239706993103, 0.4091167151927948, 0.4093543589115143, 0.4678487777709961, 0.4072291851043701, 0.411474347114563, 0.41227105259895325, 0.40735042095184326, 0.4157921075820923, 0.42082473635673523, 0.4402889311313629, 0.4539586305618286, 0.40745654702186584, 0.4072304666042328, 0.41049420833587646, 0.41067779064178467, 0.5411058664321899, 0.40864694118499756, 0.4087987542152405, 0.41868916153907776, 0.4162960946559906, 0.40864792466163635, 0.40842413902282715, 0.4072449207305908, 0.4100067913532257, 0.42775002121925354, 0.4127664566040039, 0.4080507755279541, 0.40865203738212585, 0.4072294533252716, 0.42217522859573364, 0.4425303637981415, 0.4078295826911926, 0.422189861536026, 0.42294034361839294, 0.4192170798778534, 0.4072926640510559, 0.4191936254501343, 0.4184860289096832, 0.4118070900440216, 0.42936649918556213, 0.40954136848449707, 0.4224839508533478, 0.40738528966903687, 0.40726521611213684, 0.4128481149673462, 0.4075893759727478, 0.40951287746429443, 0.40810227394104004, 0.40722891688346863, 0.4141927659511566, 0.42383506894111633, 0.4223788380622864, 0.41311949491500854, 0.4202335476875305, 0.49257686734199524, 0.413585364818573, 0.4082414507865906, 0.40775954723358154, 0.4195559322834015, 0.4075124263763428, 0.40722671151161194, 0.5141430497169495, 0.41002577543258667, 0.4088948369026184, 0.40727850794792175, 0.46492236852645874, 0.411772221326828, 0.4163002371788025, 0.4205368757247925, 0.4296601414680481, 0.40997669100761414, 0.4261574447154999, 0.40772831439971924, 0.4077131748199463, 0.40790465474128723, 0.4072362184524536, 0.4095061421394348, 0.4088442325592041, 0.4072360694408417, 0.42501547932624817, 0.4118589758872986, 0.4072672128677368, 0.4201638400554657, 0.41353386640548706, 0.4457111358642578, 0.40843045711517334, 0.41018858551979065, 0.40748831629753113, 0.4306586980819702, 0.4134158790111542, 0.40814724564552307, 0.4162077009677887, 0.407600998878479, 0.41365310549736023, 0.41121283173561096, 0.408197820186615, 0.420847624540329, 0.42687201499938965, 0.40910202264785767, 0.41275501251220703, 0.43452197313308716, 0.44852280616760254, 0.42374178767204285, 0.41831886768341064, 0.4369010627269745, 0.42884400486946106, 0.40725013613700867, 0.4307500422000885, 0.4072997272014618, 0.4171658754348755, 0.4229954779148102, 0.4072599709033966, 0.40737101435661316, 0.40832027792930603, 0.4188830256462097, 0.4086160361766815, 0.4090105891227722, 0.4144649803638458, 0.4788186550140381, 0.4366762936115265, 0.40786513686180115, 0.4195092022418976, 0.4134690761566162, 0.40770629048347473, 0.5060701966285706, 0.4300382733345032, 0.4342482388019562, 0.42139971256256104, 0.4072868824005127, 0.41074422001838684, 0.41006651520729065, 0.41755229234695435, 0.40769559144973755, 0.4399040639400482, 0.4456835687160492, 0.41456690430641174, 0.4193849563598633, 0.4138057231903076, 0.40726330876350403, 0.40737971663475037, 0.4076367914676666, 0.40857410430908203, 0.4239090085029602, 0.4104498028755188, 0.407990038394928, 0.4077361226081848, 0.4076067805290222, 0.4145032465457916, 0.41152724623680115, 0.4091280400753021, 0.42745906114578247, 0.40773728489875793, 0.40752243995666504, 0.42908424139022827, 0.4109205901622772, 0.41244032979011536, 0.41081950068473816, 0.41694018244743347, 0.4457055628299713, 0.41558223962783813, 0.43040668964385986, 0.45811688899993896, 0.4083813726902008, 0.40792664885520935, 0.41966599225997925, 0.4101707935333252, 0.4113183617591858, 0.41324669122695923, 0.4106028378009796, 0.43599334359169006, 0.40765079855918884, 0.43864190578460693, 0.4079890549182892, 0.4232417047023773, 0.4096784293651581, 0.4101957082748413, 0.40881624817848206, 0.40737709403038025, 0.5275939702987671, 0.40841808915138245, 0.4150848686695099, 0.41597670316696167, 0.4131600260734558, 0.40828391909599304, 0.4160839319229126, 0.41483333706855774, 0.42371779680252075, 0.40743258595466614, 0.4073622524738312, 0.4073016047477722, 0.4267999529838562, 0.41240257024765015, 0.4153878390789032, 0.40770968794822693, 0.4137425720691681, 0.4224824011325836, 0.4383116662502289, 0.41726014018058777, 0.41290852427482605, 0.4082355201244354, 0.41466468572616577, 0.41238075494766235, 0.4073536992073059, 0.44594496488571167, 0.41924330592155457, 0.4083681106567383, 0.40797409415245056, 0.40749797224998474, 0.41676872968673706, 0.4074569642543793, 0.42403948307037354, 0.40771302580833435, 0.4733508229255676, 0.4072396457195282, 0.40868908166885376, 0.4138299822807312, 0.41425621509552, 0.4109484553337097, 0.40875348448753357, 0.40781959891319275, 0.4170841872692108, 0.4212265908718109, 0.44959983229637146, 0.4401046335697174, 0.41098716855049133, 0.40736305713653564, 0.42028945684432983, 0.4075324237346649, 0.414437860250473, 0.41493403911590576, 0.422246515750885, 0.46016982197761536, 0.4443032443523407, 0.4184867739677429, 0.4220494031906128, 0.40723079442977905, 0.4145317077636719, 0.40809059143066406, 0.41663074493408203, 0.4237618148326874, 0.4096411168575287, 0.410631000995636, 0.40723028779029846, 0.4156135320663452, 0.4091290533542633, 0.4078115224838257, 0.41711777448654175, 0.4212513267993927, 0.4075280725955963, 0.4082825183868408, 0.41915228962898254, 0.40745362639427185, 0.466135174036026, 0.416208416223526, 0.40745070576667786, 0.4489743709564209, 0.4313046634197235, 0.41617947816848755, 0.4115506410598755, 0.433491587638855, 0.5053687691688538, 0.4077802002429962, 0.42397916316986084, 0.4243278205394745, 0.4072263836860657, 0.4076661169528961, 0.420461505651474, 0.4077664315700531, 0.41594114899635315, 0.4207290709018707, 0.4072396159172058, 0.40737950801849365, 0.4132753610610962, 0.4129123389720917, 0.41396331787109375, 0.4080199897289276, 0.4075486660003662, 0.41562968492507935, 0.41828453540802, 0.4079587459564209, 0.40754932165145874, 0.4299689829349518, 0.408345490694046, 0.41574805974960327, 0.4463450312614441, 0.43909087777137756, 0.40729081630706787, 0.40936100482940674, 0.4572068452835083, 0.4083937704563141, 0.4086552560329437, 0.4086407423019409, 0.41351523995399475, 0.4111212193965912, 0.4072844386100769, 0.4269549250602722, 0.4155828058719635, 0.43049657344818115, 0.40755119919776917, 0.41735419631004333, 0.4259835183620453, 0.44721588492393494, 0.40730011463165283, 0.4072413146495819, 0.409256249666214, 0.424441933631897, 0.4132227599620819, 0.40770405530929565, 0.40779465436935425, 0.4575648605823517, 0.40917038917541504, 0.4365590214729309, 0.41239407658576965, 0.41662144660949707, 0.4135984182357788, 0.40745803713798523, 0.4072713851928711, 0.40790581703186035, 0.4114830493927002, 0.4082430899143219, 0.45209839940071106, 0.4165867865085602, 0.4151763916015625, 0.4132925868034363, 0.42521747946739197, 0.40774214267730713, 0.4147503674030304, 0.4123631417751312, 0.4109530746936798, 0.41724541783332825, 0.40817055106163025, 0.411404013633728, 0.4102260172367096]",0.0,"[5.0, 0.0, 0.0, 0.0, 0.0, 0.0, 0.0, 0.0, 0.0, 0.0, 0.0, 0.0, 0.0, 0.0, 0.0, 0.0, 0.0, 0.0, 0.0, 0.0, 0.0, 0.0, 0.0, 0.0, 0.0, 0.0, 0.0, 0.0, 0.0, 0.0, 0.0, 0.0, 0.0, 0.0, 0.0, 0.0, 0.0, 0.0, 0.0, 0.0, 0.0, 0.0, 0.0, 0.0, 0.0, 0.0, 0.0, 0.0, 0.0, 0.0, 0.0, 0.0, 0.0, 0.0, 0.0, 0.0, 0.0, 0.0, 0.0, 0.0, 0.0, 0.0, 0.0, 0.0, 0.0, 0.0, 0.0, 0.0, 0.0, 0.0, 0.0, 0.0, 0.0, 0.0, 0.0, 0.0, 0.0, 0.0, 0.0, 0.0, 0.0, 0.0, 0.0, 0.0, 0.0, 0.0, 0.0, 0.0, 0.0, 0.0, 0.0, 0.0, 0.0, 0.0, 0.0, 0.0, 0.0, 0.0, 0.0, 0.0, 0.0, 0.0, 0.0, 0.0, 0.0, 0.0, 0.0, 0.0, 0.0, 0.0, 0.0, 0.0, 0.0, 0.0, 0.0, 0.0, 0.0, 0.0, 0.0, 0.0, 0.0, 0.0, 0.0, 0.0, 0.0, 0.0, 0.0, 0.0, 0.0, 0.0, 0.0, 0.0, 0.0, 0.0, 0.0, 0.0, 0.0, 0.0, 0.0, 0.0, 0.0, 0.0, 0.0, 0.0, 0.0, 0.0, 0.0, 0.0, 0.0, 0.0, 0.0, 0.0, 0.0, 0.0, 0.0, 0.0, 0.0, 0.0, 0.0, 0.0, 0.0, 0.0, 0.0, 0.0, 0.0, 0.0, 0.0, 0.0, 0.0, 0.0, 0.0, 0.0, 0.0, 0.0, 0.0, 0.0, 0.0, 0.0, 0.0, 0.0, 0.0, 0.0, 0.0, 0.0, 0.0, 0.0, 0.0, 0.0, 0.0, 0.0, 0.0, 0.0, 0.0, 0.0, 0.0, 0.0, 0.0, 0.0, 0.0, 0.0, 0.0, 0.0, 0.0, 0.0, 0.0, 0.0, 0.0, 0.0, 0.0, 0.0, 0.0, 0.0, 0.0, 0.0, 0.0, 0.0, 0.0, 0.0, 0.0, 0.0, 0.0, 0.0, 0.0, 0.0, 0.0, 0.0, 0.0, 0.0, 0.0, 0.0, 0.0, 0.0, 0.0, 0.0, 0.0, 0.0, 0.0, 0.0, 0.0, 0.0, 0.0, 0.0, 0.0, 0.0, 0.0, 0.0, 0.0, 0.0, 0.0, 0.0, 0.0, 0.0, 0.0, 0.0, 0.0, 0.0, 0.0, 0.0, 0.0, 0.0, 0.0, 0.0, 0.0, 0.0, 0.0, 0.0, 0.0, 0.0, 0.0, 0.0, 0.0, 0.0, 0.0, 0.0, 0.0, 0.0, 0.0, 0.0, 0.0, 0.0, 0.0, 0.0, 0.0, 0.0, 0.0, 0.0, 0.0, 0.0, 0.0, 0.0, 0.0, 0.0, 0.0, 0.0, 0.0, 0.0, 0.0, 0.0, 0.0, 0.0, 0.0, 0.0, 0.0, 0.0, 0.0, 0.0, 0.0, 0.0, 0.0, 0.0, 0.0, 0.0, 0.0, 0.0, 0.0, 0.0, 0.0, 0.0, 0.0, 0.0, 0.0, 0.0, 0.0, 0.0, 0.0, 0.0, 0.0, 0.0, 0.0, 0.0, 0.0, 0.0, 0.0, 0.0, 0.0, 0.0, 0.0, 0.0, 0.0, 0.0]",COMPLETE
67,67,0.5,2024-08-31 03:09:03.779788,2024-08-31 03:09:51.728790,0 days 00:00:47.949002,16,3.9626207017441297,5,80,0.5697945743642168,9,0.001594197279051416,0.859,0.85875,0,"[33, 7, 2, 2, 0, 0, 0, 0, 0, 0, 0, 0, 0, 0, 0, 0, 0, 0, 0, 0, 0, 0, 0, 0, 0, 0, 0, 0, 0, 0, 0, 0, 0, 0, 0, 0, 0, 0, 0, 0, 0, 0, 0, 0, 0, 0, 0, 0, 0, 0, 0, 0, 0, 0, 0, 0, 0, 0, 0, 0, 0, 0, 0, 0, 0, 0, 0, 0, 0, 0, 0, 0, 0, 0, 0, 0, 0, 0, 0, 0]",0.0,"[32.982078853046595, 6.992831541218639, 2.0, 1.9964157706093189, 0.0, 0.0, 0.0, 0.0, 0.0, 0.0, 0.0, 0.0, 0.0, 0.0, 0.0, 0.0, 0.0, 0.0, 0.0, 0.0, 0.0, 0.0, 0.0, 0.0, 0.0, 0.0, 0.0, 0.0, 0.0, 0.0, 0.0, 0.0, 0.0, 0.0, 0.0, 0.0, 0.0, 0.0, 0.0, 0.0, 0.0, 0.0, 0.0, 0.0, 0.0, 0.0, 0.0, 0.0, 0.0, 0.0, 0.0, 0.0, 0.0, 0.0, 0.0, 0.0, 0.0, 0.0, 0.0, 0.0, 0.0, 0.0, 0.0, 0.0, 0.0, 0.0, 0.0, 0.0, 0.0, 0.0, 0.0, 0.0, 0.0, 0.0, 0.0, 0.0, 0.0, 0.0, 0.0, 0.0]",0.5,0.5,0,"[33, 7, 2, 2, 0, 0, 0, 0, 0, 0, 0, 0, 0, 0, 0, 0, 0, 0, 0, 0, 0, 0, 0, 0, 0, 0, 0, 0, 0, 0, 0, 0, 0, 0, 0, 0, 0, 0, 0, 0, 0, 0, 0, 0, 0, 0, 0, 0, 0, 0, 0, 0, 0, 0, 0, 0, 0, 0, 0, 0, 0, 0, 0, 0, 0, 0, 0, 0, 0, 0, 0, 0, 0, 0, 0, 0, 0, 0, 0, 0]",80,"[0.4514075517654419, 0.38367530703544617, 0.3837851285934448, 0.381203830242157, 0.43124523758888245, 0.4082629084587097, 0.40822669863700867, 0.40759190917015076, 0.4072381854057312, 0.40732821822166443, 0.40764138102531433, 0.40767642855644226, 0.4073493480682373, 0.4081394672393799, 0.40763387084007263, 0.40753284096717834, 0.40872490406036377, 0.4083995819091797, 0.4073774814605713, 0.407965749502182, 0.40722787380218506, 0.40832197666168213, 0.4078758955001831, 0.40966010093688965, 0.4072527587413788, 0.40727928280830383, 0.4072312116622925, 0.4072485864162445, 0.4082682430744171, 0.40724387764930725, 0.40774521231651306, 0.4080798327922821, 0.4077509343624115, 0.4074406027793884, 0.40723717212677, 0.4072655737400055, 0.40929898619651794, 0.40749505162239075, 0.40732496976852417, 0.4077650010585785, 0.4076690673828125, 0.4076916575431824, 0.40885689854621887, 0.4072578549385071, 0.4073505401611328, 0.40723881125450134, 0.4084819555282593, 0.4083143472671509, 0.4073208272457123, 0.40722694993019104, 0.4074094891548157, 0.40738600492477417, 0.40924739837646484, 0.4076250195503235, 0.4075556993484497, 0.4073215126991272, 0.40792572498321533, 0.40763145685195923, 0.40754127502441406, 0.40748801827430725, 0.4076124429702759, 0.408407986164093, 0.4072336256504059, 0.4073020815849304, 0.40748634934425354, 0.4076080620288849, 0.4081609845161438, 0.4080129563808441, 0.40783455967903137, 0.40880098938941956, 0.4072369635105133, 0.4073965847492218, 0.4073978066444397, 0.40722864866256714, 0.4072958827018738, 0.40741977095603943, 0.40791675448417664, 0.407235324382782, 0.4086558520793915, 0.4075910151004791]",0.0,"[33.0, 7.0, 2.0, 2.0, 0.0, 0.0, 0.0, 0.0, 0.0, 0.0, 0.0, 0.0, 0.0, 0.0, 0.0, 0.0, 0.0, 0.0, 0.0, 0.0, 0.0, 0.0, 0.0, 0.0, 0.0, 0.0, 0.0, 0.0, 0.0, 0.0, 0.0, 0.0, 0.0, 0.0, 0.0, 0.0, 0.0, 0.0, 0.0, 0.0, 0.0, 0.0, 0.0, 0.0, 0.0, 0.0, 0.0, 0.0, 0.0, 0.0, 0.0, 0.0, 0.0, 0.0, 0.0, 0.0, 0.0, 0.0, 0.0, 0.0, 0.0, 0.0, 0.0, 0.0, 0.0, 0.0, 0.0, 0.0, 0.0, 0.0, 0.0, 0.0, 0.0, 0.0, 0.0, 0.0, 0.0, 0.0, 0.0, 0.0]",COMPLETE
