,number,value,datetime_start,datetime_complete,duration,params_batch_size_scaler,params_constant_learning_rate,params_depth,params_epochs,params_kernel_l2,params_num_trees,params_temperature,user_attrs_accuracy_test,user_attrs_accuracy_valid,user_attrs_approximate_feature_sparsity,user_attrs_approximate_feature_sparsity_history,user_attrs_approximate_weight_sparsity,user_attrs_approximate_weight_sparsity_history,user_attrs_auc_test,user_attrs_auc_valid,user_attrs_feature_sparsity,user_attrs_feature_sparsity_history,user_attrs_num_epochs,user_attrs_val_loss_history,user_attrs_weight_sparsity,user_attrs_weight_sparsity_history,state
2,2,0.5,2024-08-31 00:37:23.042918,2024-08-31 00:39:44.099085,0 days 00:02:21.056167,16,6.63091145382774,6,85,0.03658087878728047,81,0.068636045098655,0.859,0.85875,0,"[0, 0, 0, 0, 0, 0, 0, 0, 0, 0, 0, 0, 0, 0, 0, 0, 0, 0, 0, 0, 0, 0, 0, 0, 0, 0, 0, 0, 0, 0, 0, 0, 0, 0, 0, 0, 0, 0, 0, 0, 0, 0, 0, 0, 0, 0, 0, 0, 0, 0, 0, 0, 0, 0, 0, 0, 0, 0, 0, 0, 0, 0, 0, 0, 0, 0, 0, 0, 0, 0, 0, 0, 0, 0, 0, 0, 0, 0, 0, 0, 0, 0, 0, 0, 0]",0.0,"[0.0, 0.0, 0.0, 0.0, 0.0, 0.0, 0.0, 0.0, 0.0, 0.0, 0.0, 0.0, 0.0, 0.0, 0.0, 0.0, 0.0, 0.0, 0.0, 0.0, 0.0, 0.0, 0.0, 0.0, 0.0, 0.0, 0.0, 0.0, 0.0, 0.0, 0.0, 0.0, 0.0, 0.0, 0.0, 0.0, 0.0, 0.0, 0.0, 0.0, 0.0, 0.0, 0.0, 0.0, 0.0, 0.0, 0.0, 0.0, 0.0, 0.0, 0.0, 0.0, 0.0, 0.0, 0.0, 0.0, 0.0, 0.0, 0.0, 0.0, 0.0, 0.0, 0.0, 0.0, 0.0, 0.0, 0.0, 0.0, 0.0, 0.0, 0.0, 0.0, 0.0, 0.0, 0.0, 0.0, 0.0, 0.0, 0.0, 0.0, 0.0, 0.0, 0.0, 0.0, 0.0]",0.5,0.5,0,"[0, 0, 0, 0, 0, 0, 0, 0, 0, 0, 0, 0, 0, 0, 0, 0, 0, 0, 0, 0, 0, 0, 0, 0, 0, 0, 0, 0, 0, 0, 0, 0, 0, 0, 0, 0, 0, 0, 0, 0, 0, 0, 0, 0, 0, 0, 0, 0, 0, 0, 0, 0, 0, 0, 0, 0, 0, 0, 0, 0, 0, 0, 0, 0, 0, 0, 0, 0, 0, 0, 0, 0, 0, 0, 0, 0, 0, 0, 0, 0, 0, 0, 0, 0, 0]",85,"[0.40990880131721497, 0.6376234889030457, 0.41086092591285706, 0.4487638473510742, 0.41080784797668457, 0.41080987453460693, 0.4549020528793335, 0.4083126187324524, 0.42018622159957886, 0.4291599690914154, 0.4132770299911499, 0.47360825538635254, 0.4730490446090698, 0.637692928314209, 0.626512348651886, 0.42593538761138916, 0.40733322501182556, 0.41074007749557495, 0.4144769310951233, 0.4086868166923523, 0.42054447531700134, 0.4208664000034332, 0.42810049653053284, 0.4236365258693695, 0.4230446219444275, 0.4662226140499115, 0.46504175662994385, 0.41446423530578613, 0.412090003490448, 0.4779258370399475, 0.4072492718696594, 0.40767017006874084, 0.4166262745857239, 0.45867815613746643, 0.4072260558605194, 0.4100225567817688, 0.408050000667572, 0.4124663174152374, 0.4734369218349457, 0.478520929813385, 0.5181799530982971, 0.5750542879104614, 0.42239615321159363, 0.4073648154735565, 0.4072284400463104, 0.4147372841835022, 0.4295446276664734, 0.42696690559387207, 0.43901240825653076, 0.5406336784362793, 0.4072823226451874, 0.4181536138057709, 0.4955156743526459, 0.40722715854644775, 0.40947312116622925, 0.4728369116783142, 0.40779468417167664, 0.4343535900115967, 0.41340047121047974, 0.4595634341239929, 0.6392849683761597, 0.4365721046924591, 0.4267135262489319, 0.4072391390800476, 0.48455268144607544, 0.46090736985206604, 0.4073251783847809, 0.6507088541984558, 0.4373363256454468, 0.5022353529930115, 0.4212031662464142, 0.4072810411453247, 0.4139847457408905, 0.6036570072174072, 0.4409749209880829, 0.41179248690605164, 0.5722727179527283, 0.4087195098400116, 0.40818092226982117, 0.43928200006484985, 0.4509732127189636, 0.5014955401420593, 0.40724268555641174, 0.44024819135665894, 0.40960434079170227]",0.0,"[0.0, 0.0, 0.0, 0.0, 0.0, 0.0, 0.0, 0.0, 0.0, 0.0, 0.0, 0.0, 0.0, 0.0, 0.0, 0.0, 0.0, 0.0, 0.0, 0.0, 0.0, 0.0, 0.0, 0.0, 0.0, 0.0, 0.0, 0.0, 0.0, 0.0, 0.0, 0.0, 0.0, 0.0, 0.0, 0.0, 0.0, 0.0, 0.0, 0.0, 0.0, 0.0, 0.0, 0.0, 0.0, 0.0, 0.0, 0.0, 0.0, 0.0, 0.0, 0.0, 0.0, 0.0, 0.0, 0.0, 0.0, 0.0, 0.0, 0.0, 0.0, 0.0, 0.0, 0.0, 0.0, 0.0, 0.0, 0.0, 0.0, 0.0, 0.0, 0.0, 0.0, 0.0, 0.0, 0.0, 0.0, 0.0, 0.0, 0.0, 0.0, 0.0, 0.0, 0.0, 0.0]",COMPLETE
