,number,value,datetime_start,datetime_complete,duration,params_batch_size_scaler,params_constant_learning_rate,params_depth,params_epochs,params_kernel_l2,params_num_trees,params_temperature,user_attrs_accuracy_test,user_attrs_accuracy_valid,user_attrs_approximate_feature_sparsity,user_attrs_approximate_feature_sparsity_history,user_attrs_approximate_weight_sparsity,user_attrs_approximate_weight_sparsity_history,user_attrs_auc_test,user_attrs_auc_valid,user_attrs_feature_sparsity,user_attrs_feature_sparsity_history,user_attrs_num_epochs,user_attrs_val_loss_history,user_attrs_weight_sparsity,user_attrs_weight_sparsity_history,state
82,82,0.8899666370393271,2024-08-31 04:09:39.948829,2024-08-31 04:10:22.812920,0 days 00:00:42.864091,4,0.01757160210921313,2,190,0.1745010551886309,22,0.0037326969112958055,0.895,0.88875,33,"[33, 33, 33, 33, 33, 33, 33, 33, 33, 33, 33, 33, 33, 33, 33, 33, 33, 33, 33, 33, 33, 33, 33, 33, 33, 33, 33, 33, 33, 33, 33, 33, 33, 33, 33, 33, 33, 33, 33, 33, 33, 33, 33, 33, 33, 33, 33, 33, 33, 33, 33, 33, 33, 33, 33, 33, 33, 33, 33, 33, 33, 33, 33, 33, 33, 33, 33, 33, 33, 33, 33, 33, 33, 33, 33, 33, 33, 33, 33, 33, 33, 33, 33, 33, 33, 33, 33, 33, 33, 33, 33, 33, 33, 33, 33, 33, 33, 33, 33, 33, 33, 33, 33, 33, 33, 33, 33, 33, 33, 33, 33, 33, 33, 33, 33, 33, 33, 33, 33, 33, 33, 33, 33, 33, 33, 33, 33, 33, 33, 33, 33, 33, 33, 33, 33, 33, 33, 33, 33, 33, 33, 33, 33, 33, 33, 33, 33, 33, 33, 33, 33, 33, 33, 33, 33, 33, 33, 33, 33, 33, 33, 33, 33, 33, 33, 33, 33, 33, 33, 33, 33, 33, 33, 33, 33, 33, 33, 33, 33, 33, 33, 33, 33, 33, 33, 33, 33, 33, 33, 33]",32.89393939393939,"[33.0, 33.0, 32.984848484848484, 33.0, 33.0, 33.0, 33.0, 32.984848484848484, 32.96969696969697, 32.96969696969697, 33.0, 32.984848484848484, 33.0, 33.0, 32.96969696969697, 32.984848484848484, 33.0, 32.96969696969697, 32.984848484848484, 32.984848484848484, 32.96969696969697, 32.96969696969697, 32.96969696969697, 32.96969696969697, 32.96969696969697, 32.96969696969697, 32.984848484848484, 32.96969696969697, 32.95454545454545, 32.984848484848484, 32.984848484848484, 32.95454545454545, 32.96969696969697, 32.984848484848484, 32.96969696969697, 32.95454545454545, 32.95454545454545, 32.984848484848484, 32.95454545454545, 32.96969696969697, 32.984848484848484, 32.984848484848484, 32.984848484848484, 32.984848484848484, 32.96969696969697, 32.96969696969697, 32.95454545454545, 32.984848484848484, 32.984848484848484, 32.96969696969697, 32.96969696969697, 32.984848484848484, 32.984848484848484, 32.984848484848484, 32.96969696969697, 32.984848484848484, 32.96969696969697, 32.984848484848484, 32.984848484848484, 32.95454545454545, 32.984848484848484, 32.984848484848484, 32.984848484848484, 32.96969696969697, 32.96969696969697, 32.95454545454545, 32.95454545454545, 32.95454545454545, 32.96969696969697, 32.96969696969697, 32.95454545454545, 32.96969696969697, 32.96969696969697, 32.96969696969697, 32.984848484848484, 32.984848484848484, 32.984848484848484, 32.984848484848484, 32.96969696969697, 32.96969696969697, 32.95454545454545, 32.95454545454545, 32.95454545454545, 32.95454545454545, 32.984848484848484, 32.984848484848484, 32.95454545454545, 32.93939393939394, 32.95454545454545, 32.96969696969697, 32.96969696969697, 32.96969696969697, 32.96969696969697, 32.92424242424242, 32.95454545454545, 32.95454545454545, 32.93939393939394, 32.93939393939394, 32.95454545454545, 32.984848484848484, 32.984848484848484, 32.984848484848484, 32.984848484848484, 32.984848484848484, 32.96969696969697, 32.984848484848484, 32.96969696969697, 32.93939393939394, 32.984848484848484, 32.984848484848484, 32.984848484848484, 32.984848484848484, 32.984848484848484, 32.984848484848484, 32.984848484848484, 32.984848484848484, 32.95454545454545, 32.96969696969697, 32.984848484848484, 32.984848484848484, 32.96969696969697, 32.96969696969697, 32.95454545454545, 32.95454545454545, 32.95454545454545, 32.95454545454545, 32.96969696969697, 32.96969696969697, 32.96969696969697, 32.984848484848484, 32.984848484848484, 32.984848484848484, 32.984848484848484, 32.984848484848484, 32.984848484848484, 32.96969696969697, 32.984848484848484, 32.96969696969697, 32.96969696969697, 32.984848484848484, 32.95454545454545, 32.95454545454545, 32.984848484848484, 32.984848484848484, 32.984848484848484, 32.984848484848484, 32.96969696969697, 32.95454545454545, 32.96969696969697, 32.92424242424242, 32.95454545454545, 32.96969696969697, 32.96969696969697, 32.95454545454545, 32.92424242424242, 32.92424242424242, 32.92424242424242, 32.95454545454545, 32.96969696969697, 32.96969696969697, 32.96969696969697, 32.96969696969697, 32.96969696969697, 32.96969696969697, 32.95454545454545, 32.96969696969697, 32.96969696969697, 32.92424242424242, 32.96969696969697, 32.96969696969697, 32.95454545454545, 32.96969696969697, 32.95454545454545, 32.96969696969697, 32.95454545454545, 32.93939393939394, 32.96969696969697, 32.90909090909091, 32.95454545454545, 32.93939393939394, 32.96969696969697, 32.95454545454545, 32.93939393939394, 32.92424242424242, 32.96969696969697, 32.96969696969697, 32.96969696969697, 32.95454545454545, 32.93939393939394, 32.89393939393939]",0.8789207308514766,0.8899666370393271,33,"[33, 33, 33, 33, 33, 33, 33, 33, 33, 33, 33, 33, 33, 33, 33, 33, 33, 33, 33, 33, 33, 33, 33, 33, 33, 33, 33, 33, 33, 33, 33, 33, 33, 33, 33, 33, 33, 33, 33, 33, 33, 33, 33, 33, 33, 33, 33, 33, 33, 33, 33, 33, 33, 33, 33, 33, 33, 33, 33, 33, 33, 33, 33, 33, 33, 33, 33, 33, 33, 33, 33, 33, 33, 33, 33, 33, 33, 33, 33, 33, 33, 33, 33, 33, 33, 33, 33, 33, 33, 33, 33, 33, 33, 33, 33, 33, 33, 33, 33, 33, 33, 33, 33, 33, 33, 33, 33, 33, 33, 33, 33, 33, 33, 33, 33, 33, 33, 33, 33, 33, 33, 33, 33, 33, 33, 33, 33, 33, 33, 33, 33, 33, 33, 33, 33, 33, 33, 33, 33, 33, 33, 33, 33, 33, 33, 33, 33, 33, 33, 33, 33, 33, 33, 33, 33, 33, 33, 33, 33, 33, 33, 33, 33, 33, 33, 33, 33, 33, 33, 33, 33, 33, 33, 33, 33, 33, 33, 33, 33, 33, 33, 33, 33, 33, 33, 33, 33, 33, 33, 33]",190,"[0.5281165838241577, 0.5129674673080444, 0.5071362853050232, 0.502387285232544, 0.49820271134376526, 0.4944872260093689, 0.49112528562545776, 0.48811301589012146, 0.48530787229537964, 0.4826914966106415, 0.48028209805488586, 0.4780482053756714, 0.4758014678955078, 0.4737181067466736, 0.4717317223548889, 0.4698058068752289, 0.4680493175983429, 0.4662654399871826, 0.4644472599029541, 0.46275344491004944, 0.46107304096221924, 0.45940127968788147, 0.45777904987335205, 0.45624566078186035, 0.45462557673454285, 0.4530624449253082, 0.4515824615955353, 0.45012035965919495, 0.44857048988342285, 0.4471606910228729, 0.4456499516963959, 0.44421908259391785, 0.4427788555622101, 0.44143691658973694, 0.44007015228271484, 0.4385420083999634, 0.43717291951179504, 0.4358068108558655, 0.43445885181427, 0.4330885410308838, 0.4317701756954193, 0.43047165870666504, 0.429123193025589, 0.42790886759757996, 0.4266401529312134, 0.42527157068252563, 0.42397040128707886, 0.42269545793533325, 0.42157089710235596, 0.4202379584312439, 0.4189032018184662, 0.41766029596328735, 0.4164861738681793, 0.4153847098350525, 0.414078950881958, 0.4128526747226715, 0.41163963079452515, 0.4104292690753937, 0.40930110216140747, 0.40808483958244324, 0.40696924924850464, 0.4058331549167633, 0.4046153128147125, 0.403571218252182, 0.4024360775947571, 0.40124499797821045, 0.4002324938774109, 0.39904776215553284, 0.39789414405822754, 0.39686310291290283, 0.39567863941192627, 0.3945859968662262, 0.393551230430603, 0.39250048995018005, 0.3913956880569458, 0.39028820395469666, 0.3892380893230438, 0.38812628388404846, 0.38710957765579224, 0.38604357838630676, 0.3850978910923004, 0.38398677110671997, 0.38306668400764465, 0.38196220993995667, 0.3809284269809723, 0.37986990809440613, 0.37887340784072876, 0.3778246343135834, 0.3767542243003845, 0.3758169412612915, 0.37486159801483154, 0.373987078666687, 0.372877836227417, 0.37177619338035583, 0.3708280920982361, 0.36991414427757263, 0.36889195442199707, 0.36794596910476685, 0.3670852780342102, 0.36609604954719543, 0.36516907811164856, 0.3642793595790863, 0.36326512694358826, 0.36244040727615356, 0.3614353835582733, 0.36061739921569824, 0.3596092462539673, 0.35873642563819885, 0.3579469323158264, 0.35695958137512207, 0.3561479449272156, 0.35523486137390137, 0.35436341166496277, 0.35357797145843506, 0.35265347361564636, 0.3518582880496979, 0.3509308099746704, 0.3500911295413971, 0.3493756949901581, 0.348512202501297, 0.34761324524879456, 0.34682223200798035, 0.3459700047969818, 0.34522849321365356, 0.3443937599658966, 0.34369000792503357, 0.34291115403175354, 0.34209445118904114, 0.3412722051143646, 0.3405332565307617, 0.33982738852500916, 0.33896803855895996, 0.33827465772628784, 0.3374967873096466, 0.33683979511260986, 0.33611878752708435, 0.33542025089263916, 0.33472275733947754, 0.33404579758644104, 0.3333812654018402, 0.3326491415500641, 0.3320358991622925, 0.33128654956817627, 0.33069783449172974, 0.3299381732940674, 0.3291969299316406, 0.32866325974464417, 0.32800835371017456, 0.3273907005786896, 0.3267388641834259, 0.3261578381061554, 0.3255328834056854, 0.32487422227859497, 0.3241947591304779, 0.32356658577919006, 0.32293251156806946, 0.3223531246185303, 0.3218754529953003, 0.3212081491947174, 0.32059574127197266, 0.3200637698173523, 0.31940722465515137, 0.31911149621009827, 0.31841158866882324, 0.31771597266197205, 0.3171180784702301, 0.31657421588897705, 0.3161308765411377, 0.3155486583709717, 0.3151332437992096, 0.31452733278274536, 0.3140319585800171, 0.3134920001029968, 0.3129521310329437, 0.312440425157547, 0.31197836995124817, 0.3115573823451996, 0.31100010871887207, 0.31081879138946533, 0.31024232506752014, 0.3095895051956177, 0.3091091215610504, 0.3086043894290924, 0.30804458260536194, 0.30758097767829895, 0.3071485459804535, 0.306626558303833, 0.3062635660171509, 0.305698961019516, 0.3052424490451813]",33.0,"[33.0, 33.0, 33.0, 33.0, 33.0, 33.0, 33.0, 33.0, 33.0, 33.0, 33.0, 33.0, 33.0, 33.0, 33.0, 33.0, 33.0, 33.0, 33.0, 33.0, 33.0, 33.0, 33.0, 33.0, 33.0, 33.0, 33.0, 33.0, 33.0, 33.0, 33.0, 33.0, 33.0, 33.0, 33.0, 33.0, 33.0, 33.0, 33.0, 33.0, 33.0, 33.0, 33.0, 33.0, 33.0, 33.0, 33.0, 33.0, 33.0, 33.0, 33.0, 33.0, 33.0, 33.0, 33.0, 33.0, 33.0, 33.0, 33.0, 33.0, 33.0, 33.0, 33.0, 33.0, 33.0, 33.0, 33.0, 33.0, 33.0, 33.0, 33.0, 33.0, 33.0, 33.0, 33.0, 33.0, 33.0, 33.0, 33.0, 33.0, 33.0, 33.0, 33.0, 33.0, 33.0, 33.0, 33.0, 33.0, 33.0, 33.0, 33.0, 33.0, 33.0, 33.0, 33.0, 33.0, 33.0, 33.0, 33.0, 33.0, 33.0, 33.0, 33.0, 33.0, 33.0, 33.0, 33.0, 33.0, 33.0, 33.0, 33.0, 33.0, 33.0, 33.0, 33.0, 33.0, 33.0, 33.0, 33.0, 33.0, 33.0, 33.0, 33.0, 33.0, 33.0, 33.0, 33.0, 33.0, 33.0, 33.0, 33.0, 33.0, 33.0, 33.0, 33.0, 33.0, 33.0, 33.0, 33.0, 33.0, 33.0, 33.0, 33.0, 33.0, 33.0, 33.0, 33.0, 33.0, 33.0, 33.0, 33.0, 33.0, 33.0, 33.0, 33.0, 33.0, 33.0, 33.0, 33.0, 33.0, 33.0, 33.0, 33.0, 33.0, 33.0, 33.0, 33.0, 33.0, 33.0, 33.0, 33.0, 33.0, 33.0, 33.0, 33.0, 33.0, 33.0, 33.0, 33.0, 33.0, 33.0, 33.0, 33.0, 33.0, 33.0, 33.0, 33.0, 33.0, 33.0, 33.0]",COMPLETE
83,83,0.7056330589584059,2024-08-31 04:10:24.395051,2024-08-31 04:10:49.391992,0 days 00:00:24.996941,16,0.04936302234496647,5,45,0.005476348209454198,15,0.05779395127168726,0.859,0.85875,33,"[33, 33, 33, 33, 33, 33, 33, 33, 33, 33, 33, 33, 33, 33, 33, 33, 33, 33, 33, 33, 33, 33, 33, 33, 33, 33, 33, 33, 33, 33, 33, 33, 33, 33, 33, 33, 33, 33, 33, 33, 33, 33, 33, 33, 33]",32.961290322580645,"[32.961290322580645, 32.96344086021505, 32.97204301075269, 32.96989247311828, 32.965591397849465, 32.961290322580645, 32.976344086021506, 32.9741935483871, 32.97849462365592, 32.95913978494624, 32.97849462365591, 32.96344086021505, 32.96774193548387, 32.965591397849465, 32.97419354838709, 32.98064516129032, 32.96989247311828, 32.972043010752685, 32.98279569892473, 32.97204301075269, 32.97849462365592, 32.9741935483871, 32.976344086021506, 32.980645161290326, 32.980645161290326, 32.97849462365592, 32.98494623655914, 32.97849462365592, 32.97849462365592, 32.96774193548387, 32.96989247311828, 32.96774193548387, 32.9741935483871, 32.97849462365592, 32.976344086021506, 32.976344086021506, 32.9741935483871, 32.9741935483871, 32.9741935483871, 32.96774193548387, 32.96344086021506, 32.9741935483871, 32.95913978494624, 32.965591397849465, 32.961290322580645]",0.7428727119609639,0.7056330589584059,33,"[33, 33, 33, 33, 33, 33, 33, 33, 33, 33, 33, 33, 33, 33, 33, 33, 33, 33, 33, 33, 33, 33, 33, 33, 33, 33, 33, 33, 33, 33, 33, 33, 33, 33, 33, 33, 33, 33, 33, 33, 33, 33, 33, 33, 33]",45,"[0.5834162831306458, 0.5282807350158691, 0.49092918634414673, 0.4649222493171692, 0.4467122554779053, 0.43345868587493896, 0.4236123561859131, 0.41601142287254333, 0.41022467613220215, 0.4057731330394745, 0.40212586522102356, 0.39918527007102966, 0.3967958390712738, 0.39465245604515076, 0.3929133713245392, 0.3914099633693695, 0.39003002643585205, 0.38883745670318604, 0.38776257634162903, 0.3867335617542267, 0.385842502117157, 0.38498470187187195, 0.38419264554977417, 0.3834110498428345, 0.38268139958381653, 0.38197195529937744, 0.3813195526599884, 0.3807317018508911, 0.38012704253196716, 0.3795466721057892, 0.37898898124694824, 0.37846675515174866, 0.3779659569263458, 0.37745288014411926, 0.37696120142936707, 0.37650513648986816, 0.3760699927806854, 0.375627338886261, 0.3752032518386841, 0.37480610609054565, 0.37437671422958374, 0.3739771246910095, 0.3735882043838501, 0.3731948733329773, 0.3728213906288147]",33.0,"[33.0, 33.0, 33.0, 33.0, 33.0, 33.0, 33.0, 33.0, 33.0, 33.0, 33.0, 33.0, 33.0, 33.0, 33.0, 33.0, 33.0, 33.0, 33.0, 33.0, 33.0, 33.0, 33.0, 33.0, 33.0, 33.0, 33.0, 33.0, 33.0, 33.0, 33.0, 33.0, 33.0, 33.0, 33.0, 33.0, 33.0, 33.0, 33.0, 33.0, 33.0, 33.0, 33.0, 33.0, 33.0]",COMPLETE
84,84,0.9348971416058018,2024-08-31 04:10:51.379310,2024-08-31 04:15:54.592483,0 days 00:05:03.213173,4,1.261769645002897,6,115,0.015159963852879548,83,0.00018255984994331698,0.931,0.94125,30,"[33, 33, 33, 33, 33, 33, 33, 33, 33, 33, 33, 33, 33, 33, 33, 33, 33, 33, 33, 33, 33, 33, 33, 33, 33, 33, 33, 33, 33, 33, 33, 33, 32, 32, 32, 31, 31, 31, 30, 30, 30, 30, 30, 30, 30, 30, 30, 30, 30, 30, 30, 30, 30, 30, 30, 30, 30, 30, 30, 30, 30, 30, 30, 30, 30, 30, 30, 30, 30, 30, 30, 30, 30, 30, 30, 30, 30, 30, 30, 30, 30, 30, 30, 30, 30, 30, 30, 30, 30, 30, 30, 30, 30, 30, 30, 30, 30, 30, 30, 30, 30, 30, 30, 30, 30, 30, 30, 30, 30, 30, 30, 30, 30, 30, 30]",29.92006119716963,"[32.90342321667623, 32.90935169248422, 32.904953145917, 32.90418818129661, 32.904570663606805, 32.905909351692486, 32.902849493210944, 32.90801300439855, 32.90304073436604, 32.903614457831324, 32.90265825205584, 32.908586727863835, 32.907630522088354, 32.904570663606805, 32.89921591126411, 32.90342321667623, 32.901893287435456, 32.90323197552113, 32.90724803977816, 32.90935169248422, 32.90935169248422, 32.90036335819468, 32.905909351692486, 32.903614457831324, 32.90610059284758, 32.90418818129662, 32.90437942245171, 32.90533562822719, 32.903805698986424, 32.907630522088354, 32.90801300439855, 32.90839548670874, 31.91183782750048, 31.911837827500477, 31.91394148020654, 30.916618856377895, 30.91279403327596, 30.914706444826926, 29.917192579843185, 29.92006119716963, 29.921591126410405, 29.916810097532988, 29.918148785618666, 29.9160451329126, 29.912602792120865, 29.91413272136164, 29.911837827500477, 29.915853891757507, 29.9162363740677, 29.91795754446357, 29.914706444826926, 29.919869956014534, 29.91738382099828, 29.92120864410021, 29.91222030981067, 29.91298527443106, 29.914323962516733, 29.91834002677376, 29.921782367565502, 29.920252438324727, 29.919104991394146, 29.923121055651176, 29.91738382099828, 29.91508892713712, 29.913367756741252, 29.913750239051442, 29.915280168292213, 29.916427615222794, 29.91910499139415, 29.915280168292217, 29.91719257984318, 29.91566265060241, 29.921973608720595, 29.914897685982023, 29.916427615222798, 29.912602792120865, 29.91719257984318, 29.918148785618666, 29.921591126410405, 29.915853891757504, 29.918340026773762, 29.9160451329126, 29.91853126792886, 29.916236374067697, 29.91853126792886, 29.919869956014534, 29.922164849875692, 29.923121055651176, 29.923121055651176, 29.922547332185886, 29.92063492063492, 29.92407726142666, 29.923121055651173, 29.92006119716963, 29.913941480206542, 29.917192579843178, 29.91700133868808, 29.919869956014534, 29.918722509083956, 29.919678714859437, 29.925224708357238, 29.91910499139415, 29.921973608720595, 29.920826161790018, 29.92006119716963, 29.920252438324727, 29.919869956014534, 29.922929814496076, 29.919678714859433, 29.921017402945115, 29.922164849875696, 29.917957544463565, 29.920443679479824, 29.920252438324727, 29.92006119716963]",0.9076280352380717,0.9348971416058018,30,"[33, 33, 33, 33, 33, 33, 33, 33, 33, 33, 33, 33, 33, 33, 33, 33, 33, 33, 33, 33, 33, 33, 33, 33, 33, 33, 33, 33, 33, 33, 33, 33, 32, 32, 32, 31, 31, 31, 30, 30, 30, 30, 30, 30, 30, 30, 30, 30, 30, 30, 30, 30, 30, 30, 30, 30, 30, 30, 30, 30, 30, 30, 30, 30, 30, 30, 30, 30, 30, 30, 30, 30, 30, 30, 30, 30, 30, 30, 30, 30, 30, 30, 30, 30, 30, 30, 30, 30, 30, 30, 30, 30, 30, 30, 30, 30, 30, 30, 30, 30, 30, 30, 30, 30, 30, 30, 30, 30, 30, 30, 30, 30, 30, 30, 30]",115,"[0.3725442886352539, 0.3611064851284027, 0.35205674171447754, 0.3474329113960266, 0.33530697226524353, 0.329438716173172, 0.32056429982185364, 0.3090066611766815, 0.2943500876426697, 0.28462281823158264, 0.2698861360549927, 0.2598947584629059, 0.252040833234787, 0.2460157424211502, 0.24428068101406097, 0.2356170415878296, 0.23005828261375427, 0.22540228068828583, 0.22828620672225952, 0.21968971192836761, 0.2222674936056137, 0.21721917390823364, 0.21230548620224, 0.20921647548675537, 0.2057393193244934, 0.2077890932559967, 0.20363399386405945, 0.19716830551624298, 0.20005205273628235, 0.20325082540512085, 0.19646680355072021, 0.19393882155418396, 0.20051419734954834, 0.19245551526546478, 0.1911863088607788, 0.20235203206539154, 0.19060420989990234, 0.19390840828418732, 0.19521915912628174, 0.20741279423236847, 0.19121113419532776, 0.20370672643184662, 0.185834601521492, 0.18536090850830078, 0.19614070653915405, 0.19330009818077087, 0.18331420421600342, 0.17954395711421967, 0.18710565567016602, 0.18655794858932495, 0.17753076553344727, 0.1769818514585495, 0.1775093674659729, 0.1835508793592453, 0.1776246428489685, 0.18665829300880432, 0.18652358651161194, 0.18181544542312622, 0.18198442459106445, 0.17811328172683716, 0.18180787563323975, 0.17802837491035461, 0.1778171956539154, 0.17786237597465515, 0.1791200041770935, 0.17020827531814575, 0.1750120222568512, 0.1784929484128952, 0.18258115649223328, 0.17229487001895905, 0.172259122133255, 0.18285322189331055, 0.16807040572166443, 0.17886775732040405, 0.16882745921611786, 0.17837239801883698, 0.17854425311088562, 0.17892195284366608, 0.16879165172576904, 0.1727561354637146, 0.17187196016311646, 0.17555613815784454, 0.18279969692230225, 0.17672628164291382, 0.17712028324604034, 0.17497655749320984, 0.17890897393226624, 0.17276939749717712, 0.1781264692544937, 0.17872852087020874, 0.17234660685062408, 0.1706867218017578, 0.176677405834198, 0.1761143058538437, 0.17250972986221313, 0.17280332744121552, 0.18031220138072968, 0.17787279188632965, 0.17188087105751038, 0.1842050552368164, 0.17606347799301147, 0.1801525354385376, 0.1728057712316513, 0.17641088366508484, 0.18039266765117645, 0.17932625114917755, 0.1780502200126648, 0.18111051619052887, 0.17879106104373932, 0.17927104234695435, 0.18556880950927734, 0.1818123459815979, 0.1783984899520874, 0.1872185468673706, 0.19862812757492065]",30.0,"[33.0, 33.0, 33.0, 33.0, 33.0, 33.0, 33.0, 33.0, 33.0, 33.0, 33.0, 33.0, 33.0, 33.0, 33.0, 33.0, 33.0, 33.0, 33.0, 33.0, 33.0, 33.0, 33.0, 33.0, 33.0, 33.0, 33.0, 33.0, 33.0, 33.0, 33.0, 33.0, 32.0, 32.0, 32.0, 31.0, 31.0, 31.0, 30.0, 30.0, 30.0, 30.0, 30.0, 30.0, 30.0, 30.0, 30.0, 30.0, 30.0, 30.0, 30.0, 30.0, 30.0, 30.0, 30.0, 30.0, 30.0, 30.0, 30.0, 30.0, 30.0, 30.0, 30.0, 30.0, 30.0, 30.0, 30.0, 30.0, 30.0, 30.0, 30.0, 30.0, 30.0, 30.0, 30.0, 30.0, 30.0, 30.0, 30.0, 30.0, 30.0, 30.0, 30.0, 30.0, 30.0, 30.0, 30.0, 30.0, 30.0, 30.0, 30.0, 30.0, 30.0, 30.0, 30.0, 30.0, 30.0, 30.0, 30.0, 30.0, 30.0, 30.0, 30.0, 30.0, 30.0, 30.0, 30.0, 30.0, 30.0, 30.0, 30.0, 30.0, 30.0, 30.0, 30.0]",COMPLETE
