,number,value,datetime_start,datetime_complete,duration,params_batch_size_scaler,params_constant_learning_rate,params_depth,params_epochs,params_kernel_l2,params_num_trees,params_temperature,user_attrs_accuracy_test,user_attrs_accuracy_valid,user_attrs_approximate_feature_sparsity,user_attrs_approximate_feature_sparsity_history,user_attrs_approximate_weight_sparsity,user_attrs_approximate_weight_sparsity_history,user_attrs_auc_test,user_attrs_auc_valid,user_attrs_feature_sparsity,user_attrs_feature_sparsity_history,user_attrs_num_epochs,user_attrs_val_loss_history,user_attrs_weight_sparsity,user_attrs_weight_sparsity_history,state
95,95,0.9216034831446202,2024-08-31 04:31:58.376161,2024-08-31 04:41:28.826990,0 days 00:09:30.450829,4,0.05320962036939856,5,445,0.0017173793725640543,85,0.004509401790134962,0.93,0.9325,33,"[33, 33, 33, 33, 33, 33, 33, 33, 33, 33, 33, 33, 33, 33, 33, 33, 33, 33, 33, 33, 33, 33, 33, 33, 33, 33, 33, 33, 33, 33, 33, 33, 33, 33, 33, 33, 33, 33, 33, 33, 33, 33, 33, 33, 33, 33, 33, 33, 33, 33, 33, 33, 33, 33, 33, 33, 33, 33, 33, 33, 33, 33, 33, 33, 33, 33, 33, 33, 33, 33, 33, 33, 33, 33, 33, 33, 33, 33, 33, 33, 33, 33, 33, 33, 33, 33, 33, 33, 33, 33, 33, 33, 33, 33, 33, 33, 33, 33, 33, 33, 33, 33, 33, 33, 33, 33, 33, 33, 33, 33, 33, 33, 33, 33, 33, 33, 33, 33, 33, 33, 33, 33, 33, 33, 33, 33, 33, 33, 33, 33, 33, 33, 33, 33, 33, 33, 33, 33, 33, 33, 33, 33, 33, 33, 33, 33, 33, 33, 33, 33, 33, 33, 33, 33, 33, 33, 33, 33, 33, 33, 33, 33, 33, 33, 33, 33, 33, 33, 33, 33, 33, 33, 33, 33, 33, 33, 33, 33, 33, 33, 33, 33, 33, 33, 33, 33, 33, 33, 33, 33, 33, 33, 33, 33, 33, 33, 33, 33, 33, 33, 33, 33, 33, 33, 33, 33, 33, 33, 33, 33, 33, 33, 33, 33, 33, 33, 33, 33, 33, 33, 33, 33, 33, 33, 33, 33, 33, 33, 33, 33, 33, 33, 33, 33, 33, 33, 33, 33, 33, 33, 33, 33, 33, 33, 33, 33, 33, 33, 33, 33, 33, 33, 33, 33, 33, 33, 33, 33, 33, 33, 33, 33, 33, 33, 33, 33, 33, 33, 33, 33, 33, 33, 33, 33, 33, 33, 33, 33, 33, 33, 33, 33, 33, 33, 33, 33, 33, 33, 33, 33, 33, 33, 33, 33, 33, 33, 33, 33, 33, 33, 33, 33, 33, 33, 33, 33, 33, 33, 33, 33, 33, 33, 33, 33, 33, 33, 33, 33, 33, 33, 33, 33, 33, 33, 33, 33, 33, 33, 33, 33, 33, 33, 33, 33, 33, 33, 33, 33, 33, 33, 33, 33, 33, 33, 33, 33, 33, 33, 33, 33, 33, 33, 33, 33, 33, 33, 33, 33, 33, 33, 33, 33, 33, 33, 33, 33, 33, 33, 33, 33, 33, 33, 33, 33, 33, 33, 33, 33, 33, 33, 33, 33, 33, 33, 33, 33, 33, 33, 33, 33, 33, 33, 33, 33, 33, 33, 33, 33, 33, 33, 33, 33, 33, 33, 33, 33, 33, 33, 33, 33, 33, 33, 33, 33, 33, 33, 33, 33, 33, 33, 33, 33, 33, 33, 33, 33, 33, 33, 33, 33, 33, 33, 33, 33, 33, 33, 33, 33, 33, 33, 33, 33, 33, 33, 33]",32.9404174573055,"[32.92713472485769, 32.93055028462998, 32.922201138519924, 32.91954459203036, 32.91726755218216, 32.919165085389, 32.92068311195446, 32.92409867172676, 32.92675521821632, 32.92903225806452, 32.93130929791271, 32.922960151802656, 32.92751423149905, 32.93244781783682, 32.92903225806452, 32.925616698292224, 32.92713472485769, 32.92599620493359, 32.92371916508539, 32.92333965844402, 32.923719165085394, 32.92296015180266, 32.92333965844402, 32.92447817836812, 32.93130929791271, 32.93130929791272, 32.92865275142315, 32.92599620493359, 32.925616698292224, 32.930170777988614, 32.933586337760914, 32.932827324478176, 32.931688804554085, 32.92713472485769, 32.92979127134725, 32.93320683111954, 32.92979127134725, 32.92789373814042, 32.92713472485769, 32.928273244781785, 32.932827324478176, 32.93472485768501, 32.932068311195444, 32.93168880455408, 32.932827324478176, 32.935483870967744, 32.93662239089184, 32.93965844402277, 32.93700189753321, 32.93776091081594, 32.93472485768501, 32.930929791271346, 32.932827324478176, 32.93662239089184, 32.93396584440228, 32.93358633776091, 32.93055028462998, 32.93320683111954, 32.930929791271346, 32.93244781783681, 32.926375711574956, 32.92409867172675, 32.92903225806452, 32.92599620493358, 32.92068311195446, 32.92182163187856, 32.92941176470588, 32.92979127134725, 32.92523719165086, 32.92409867172675, 32.92371916508539, 32.92903225806452, 32.93320683111954, 32.934345351043646, 32.93320683111954, 32.93396584440228, 32.93168880455408, 32.93130929791271, 32.92865275142315, 32.92713472485769, 32.92751423149905, 32.924478178368126, 32.92561669829222, 32.926375711574956, 32.922960151802656, 32.92485768500949, 32.91992409867173, 32.92371916508539, 32.930929791271346, 32.92903225806452, 32.92979127134725, 32.926375711574956, 32.932068311195444, 32.93396584440228, 32.93776091081594, 32.938140417457305, 32.93358633776091, 32.93244781783681, 32.92941176470588, 32.91954459203036, 32.92333965844402, 32.92903225806452, 32.930929791271346, 32.92979127134725, 32.92713472485769, 32.92675521821632, 32.92789373814042, 32.930170777988614, 32.93472485768501, 32.93130929791271, 32.930929791271346, 32.93130929791271, 32.930170777988614, 32.92941176470588, 32.934345351043646, 32.935483870967744, 32.93206831119545, 32.933586337760914, 32.92599620493358, 32.92447817836812, 32.920303605313094, 32.92561669829222, 32.930929791271346, 32.93168880455408, 32.927514231499046, 32.92258064516129, 32.92865275142315, 32.93320683111954, 32.92865275142315, 32.930929791271346, 32.926375711574956, 32.92789373814042, 32.93168880455408, 32.930170777988614, 32.932068311195444, 32.92675521821632, 32.93055028462998, 32.93168880455408, 32.93472485768501, 32.92979127134725, 32.92941176470588, 32.930170777988614, 32.928273244781785, 32.928652751423144, 32.93320683111954, 32.93396584440228, 32.93168880455408, 32.93776091081594, 32.93510436432638, 32.93700189753321, 32.93510436432638, 32.934724857685005, 32.935483870967744, 32.93396584440227, 32.930170777988614, 32.932827324478176, 32.93320683111955, 32.92865275142315, 32.926755218216314, 32.92485768500949, 32.92182163187856, 32.920303605313094, 32.91992409867173, 32.91954459203036, 32.920303605313094, 32.92296015180266, 32.92865275142315, 32.92789373814042, 32.92789373814042, 32.92789373814042, 32.92182163187856, 32.921062618595826, 32.91726755218217, 32.918406072106265, 32.925616698292224, 32.93055028462998, 32.93282732447818, 32.930929791271346, 32.932827324478176, 32.93320683111954, 32.92713472485769, 32.92523719165085, 32.92789373814042, 32.92789373814042, 32.938140417457305, 32.93965844402277, 32.93700189753321, 32.936242884250476, 32.93889943074004, 32.938140417457305, 32.938140417457305, 32.93851992409867, 32.933586337760914, 32.93776091081594, 32.93851992409867, 32.935483870967744, 32.93586337760911, 32.936242884250476, 32.93851992409867, 32.94117647058824, 32.94117647058824, 32.94003795066414, 32.93851992409867, 32.93738140417457, 32.93662239089184, 32.93320683111955, 32.936242884250476, 32.940796963946866, 32.94003795066414, 32.94117647058823, 32.938140417457305, 32.93851992409867, 32.932827324478176, 32.93244781783682, 32.92979127134725, 32.92903225806452, 32.927514231499046, 32.92523719165085, 32.92675521821632, 32.928273244781785, 32.93130929791271, 32.93396584440228, 32.93358633776091, 32.93738140417457, 32.93738140417457, 32.93396584440228, 32.932827324478176, 32.93055028462998, 32.92903225806452, 32.92713472485768, 32.93244781783681, 32.93738140417457, 32.93510436432638, 32.93244781783681, 32.930929791271346, 32.93168880455408, 32.934345351043646, 32.932827324478176, 32.928273244781785, 32.928273244781785, 32.92599620493359, 32.922201138519924, 32.92599620493359, 32.92447817836812, 32.92144212523719, 32.922960151802656, 32.921062618595826, 32.91992409867173, 32.922960151802656, 32.92447817836812, 32.924478178368126, 32.92485768500949, 32.92409867172675, 32.925616698292224, 32.924857685009485, 32.926375711574956, 32.92903225806452, 32.92789373814042, 32.92561669829222, 32.928273244781785, 32.926375711574956, 32.926375711574956, 32.92865275142315, 32.92713472485769, 32.92751423149905, 32.92675521821632, 32.92561669829222, 32.925616698292224, 32.92637571157495, 32.92447817836812, 32.92523719165086, 32.92713472485768, 32.92865275142315, 32.93055028462998, 32.92865275142315, 32.92751423149905, 32.92789373814042, 32.92675521821632, 32.922201138519924, 32.92713472485769, 32.92561669829222, 32.924857685009485, 32.92941176470588, 32.92675521821632, 32.92599620493359, 32.92713472485769, 32.92599620493358, 32.92713472485769, 32.92523719165086, 32.92523719165085, 32.92523719165085, 32.92561669829222, 32.92144212523719, 32.92409867172675, 32.926375711574956, 32.927514231499046, 32.92713472485768, 32.92751423149905, 32.92523719165085, 32.92675521821632, 32.92713472485769, 32.92561669829222, 32.92258064516129, 32.92371916508539, 32.93055028462998, 32.93396584440228, 32.932827324478176, 32.93055028462998, 32.932068311195444, 32.93320683111954, 32.93510436432638, 32.93889943074004, 32.93851992409867, 32.93586337760911, 32.930929791271346, 32.93320683111955, 32.93320683111955, 32.93510436432638, 32.933586337760914, 32.934345351043646, 32.93055028462998, 32.93168880455408, 32.933586337760914, 32.933586337760914, 32.92941176470588, 32.932068311195444, 32.930929791271346, 32.93130929791271, 32.92751423149905, 32.92637571157495, 32.92751423149905, 32.928273244781785, 32.92789373814042, 32.92675521821632, 32.928273244781785, 32.92865275142315, 32.92713472485769, 32.92865275142315, 32.92903225806452, 32.93168880455408, 32.932068311195444, 32.93130929791271, 32.93168880455408, 32.93168880455408, 32.932068311195444, 32.932068311195444, 32.92979127134725, 32.930929791271346, 32.92979127134725, 32.92903225806452, 32.926375711574956, 32.92675521821632, 32.92675521821632, 32.92523719165086, 32.92523719165085, 32.92599620493358, 32.92941176470588, 32.92979127134725, 32.93130929791272, 32.932827324478176, 32.932827324478176, 32.93168880455408, 32.93168880455408, 32.938140417457305, 32.93472485768501, 32.93776091081594, 32.94079696394687, 32.9426944971537, 32.94459203036053, 32.9438330170778, 32.9426944971537, 32.94307400379507, 32.9426944971537, 32.9404174573055, 32.93662239089184, 32.93662239089184, 32.93244781783681, 32.93244781783681, 32.93168880455408, 32.92979127134725, 32.93358633776091, 32.936242884250476, 32.93700189753321, 32.93662239089184, 32.93472485768501, 32.93510436432638, 32.93168880455408, 32.929791271347256, 32.926375711574956, 32.926375711574956, 32.92979127134725, 32.92941176470588, 32.92903225806452, 32.92599620493358, 32.92371916508539, 32.92371916508539, 32.925616698292224, 32.922960151802656, 32.92599620493358, 32.92713472485769, 32.93244781783681, 32.93396584440228, 32.93472485768501, 32.932068311195444, 32.93168880455408, 32.92789373814042, 32.93130929791271, 32.930929791271346, 32.93055028462998, 32.932068311195444, 32.932827324478176, 32.93396584440228, 32.932827324478176, 32.93472485768501, 32.93244781783681, 32.93510436432638, 32.932068311195444, 32.93130929791271, 32.92979127134725, 32.92979127134725, 32.932068311195444, 32.930929791271346, 32.93168880455408, 32.936242884250476, 32.93472485768501, 32.93472485768501, 32.935483870967744, 32.934345351043646, 32.93586337760911, 32.938140417457305, 32.93965844402277, 32.940037950664134, 32.93889943074004, 32.93662239089184, 32.93965844402277, 32.938140417457305, 32.935483870967744, 32.936242884250476, 32.936242884250476, 32.93851992409867, 32.935483870967744, 32.93396584440228, 32.93662239089184, 32.94041745730551, 32.9404174573055]",0.9060097920227216,0.9216034831446202,33,"[33, 33, 33, 33, 33, 33, 33, 33, 33, 33, 33, 33, 33, 33, 33, 33, 33, 33, 33, 33, 33, 33, 33, 33, 33, 33, 33, 33, 33, 33, 33, 33, 33, 33, 33, 33, 33, 33, 33, 33, 33, 33, 33, 33, 33, 33, 33, 33, 33, 33, 33, 33, 33, 33, 33, 33, 33, 33, 33, 33, 33, 33, 33, 33, 33, 33, 33, 33, 33, 33, 33, 33, 33, 33, 33, 33, 33, 33, 33, 33, 33, 33, 33, 33, 33, 33, 33, 33, 33, 33, 33, 33, 33, 33, 33, 33, 33, 33, 33, 33, 33, 33, 33, 33, 33, 33, 33, 33, 33, 33, 33, 33, 33, 33, 33, 33, 33, 33, 33, 33, 33, 33, 33, 33, 33, 33, 33, 33, 33, 33, 33, 33, 33, 33, 33, 33, 33, 33, 33, 33, 33, 33, 33, 33, 33, 33, 33, 33, 33, 33, 33, 33, 33, 33, 33, 33, 33, 33, 33, 33, 33, 33, 33, 33, 33, 33, 33, 33, 33, 33, 33, 33, 33, 33, 33, 33, 33, 33, 33, 33, 33, 33, 33, 33, 33, 33, 33, 33, 33, 33, 33, 33, 33, 33, 33, 33, 33, 33, 33, 33, 33, 33, 33, 33, 33, 33, 33, 33, 33, 33, 33, 33, 33, 33, 33, 33, 33, 33, 33, 33, 33, 33, 33, 33, 33, 33, 33, 33, 33, 33, 33, 33, 33, 33, 33, 33, 33, 33, 33, 33, 33, 33, 33, 33, 33, 33, 33, 33, 33, 33, 33, 33, 33, 33, 33, 33, 33, 33, 33, 33, 33, 33, 33, 33, 33, 33, 33, 33, 33, 33, 33, 33, 33, 33, 33, 33, 33, 33, 33, 33, 33, 33, 33, 33, 33, 33, 33, 33, 33, 33, 33, 33, 33, 33, 33, 33, 33, 33, 33, 33, 33, 33, 33, 33, 33, 33, 33, 33, 33, 33, 33, 33, 33, 33, 33, 33, 33, 33, 33, 33, 33, 33, 33, 33, 33, 33, 33, 33, 33, 33, 33, 33, 33, 33, 33, 33, 33, 33, 33, 33, 33, 33, 33, 33, 33, 33, 33, 33, 33, 33, 33, 33, 33, 33, 33, 33, 33, 33, 33, 33, 33, 33, 33, 33, 33, 33, 33, 33, 33, 33, 33, 33, 33, 33, 33, 33, 33, 33, 33, 33, 33, 33, 33, 33, 33, 33, 33, 33, 33, 33, 33, 33, 33, 33, 33, 33, 33, 33, 33, 33, 33, 33, 33, 33, 33, 33, 33, 33, 33, 33, 33, 33, 33, 33, 33, 33, 33, 33, 33, 33, 33, 33, 33, 33, 33, 33, 33, 33, 33, 33, 33, 33, 33, 33, 33, 33, 33, 33, 33, 33, 33, 33, 33, 33, 33]",445,"[0.4015311300754547, 0.39609014987945557, 0.39200690388679504, 0.388670951128006, 0.385748028755188, 0.3832619786262512, 0.3811444938182831, 0.3792710602283478, 0.3776147961616516, 0.376191109418869, 0.37488460540771484, 0.3736916482448578, 0.37260758876800537, 0.3716598153114319, 0.37093570828437805, 0.370121031999588, 0.3690812289714813, 0.36830276250839233, 0.36763671040534973, 0.3668772578239441, 0.3660973608493805, 0.3656398057937622, 0.36501431465148926, 0.36430633068084717, 0.36376407742500305, 0.3630618751049042, 0.36229121685028076, 0.36190328001976013, 0.3611027002334595, 0.3607909381389618, 0.35998985171318054, 0.35933342576026917, 0.35878467559814453, 0.358232319355011, 0.3575933873653412, 0.357088178396225, 0.35659411549568176, 0.3560492992401123, 0.35541999340057373, 0.3548433184623718, 0.35436585545539856, 0.35373514890670776, 0.35316821932792664, 0.3525902032852173, 0.3520854115486145, 0.3515387773513794, 0.3510253429412842, 0.35062241554260254, 0.34996500611305237, 0.34934476017951965, 0.3489832580089569, 0.3482457995414734, 0.3479019105434418, 0.3472164273262024, 0.34670814871788025, 0.34632256627082825, 0.3457675874233246, 0.3451961278915405, 0.3447680175304413, 0.34418705105781555, 0.3437364995479584, 0.34345194697380066, 0.34303444623947144, 0.3424030542373657, 0.34165364503860474, 0.3412426710128784, 0.3410165309906006, 0.3401790261268616, 0.3396328091621399, 0.33928677439689636, 0.33878135681152344, 0.3382134735584259, 0.33779585361480713, 0.3372388780117035, 0.3367186486721039, 0.3363041579723358, 0.3358125388622284, 0.33513814210891724, 0.3347262144088745, 0.3344147205352783, 0.33410099148750305, 0.3332942724227905, 0.3330022692680359, 0.33228203654289246, 0.3320751190185547, 0.331249475479126, 0.3307158648967743, 0.330292284488678, 0.3297455608844757, 0.3292185664176941, 0.32871779799461365, 0.32831132411956787, 0.32767927646636963, 0.32723942399024963, 0.32663387060165405, 0.32637229561805725, 0.3256033957004547, 0.325163871049881, 0.324601411819458, 0.32420051097869873, 0.32382261753082275, 0.32311776280403137, 0.3226550221443176, 0.3222130239009857, 0.3213900625705719, 0.3208054304122925, 0.3202247619628906, 0.31977131962776184, 0.31922632455825806, 0.31863319873809814, 0.31797027587890625, 0.31750601530075073, 0.3167630732059479, 0.31618887186050415, 0.3156239986419678, 0.3152180314064026, 0.31444332003593445, 0.3138652741909027, 0.3130762577056885, 0.31234392523765564, 0.31168264150619507, 0.3110642731189728, 0.31038424372673035, 0.309865266084671, 0.30913451313972473, 0.3086141347885132, 0.30781060457229614, 0.3073453903198242, 0.30632466077804565, 0.3058880567550659, 0.3048825263977051, 0.30430060625076294, 0.30337759852409363, 0.3026769757270813, 0.3019596338272095, 0.30118462443351746, 0.3003767728805542, 0.2996754050254822, 0.2990202307701111, 0.2983334958553314, 0.29737260937690735, 0.29692795872688293, 0.2957776188850403, 0.29513251781463623, 0.2940865755081177, 0.29332706332206726, 0.29247841238975525, 0.2916409969329834, 0.2908398509025574, 0.2900874614715576, 0.289346307516098, 0.28844764828681946, 0.28772085905075073, 0.2868470847606659, 0.28598669171333313, 0.2851827144622803, 0.2844812273979187, 0.28375110030174255, 0.2827674150466919, 0.2820498049259186, 0.2812590003013611, 0.2804626524448395, 0.2798768877983093, 0.27891066670417786, 0.27813053131103516, 0.2773182988166809, 0.27662983536720276, 0.2758301794528961, 0.27505117654800415, 0.2744104564189911, 0.273767352104187, 0.27290451526641846, 0.2720300257205963, 0.27145373821258545, 0.27064400911331177, 0.2699570953845978, 0.26952725648880005, 0.26860612630844116, 0.26806533336639404, 0.26734495162963867, 0.26683855056762695, 0.26617324352264404, 0.2655557692050934, 0.26484808325767517, 0.2642890512943268, 0.26367321610450745, 0.2630368173122406, 0.2627221941947937, 0.2619566023349762, 0.2613489329814911, 0.2608224153518677, 0.2605087459087372, 0.2598637342453003, 0.2593977749347687, 0.2588115632534027, 0.25839099287986755, 0.25803419947624207, 0.25743767619132996, 0.2569696009159088, 0.2564350664615631, 0.2559100389480591, 0.25536057353019714, 0.25500792264938354, 0.2546352744102478, 0.25404396653175354, 0.25363484025001526, 0.2535068690776825, 0.25282469391822815, 0.25234416127204895, 0.251907080411911, 0.25164780020713806, 0.2513621151447296, 0.25082340836524963, 0.25035637617111206, 0.24998390674591064, 0.24967747926712036, 0.24919788539409637, 0.2488907277584076, 0.248491108417511, 0.24817141890525818, 0.24777646362781525, 0.24761100113391876, 0.2471570521593094, 0.24673062562942505, 0.2463347315788269, 0.24609015882015228, 0.24592602252960205, 0.2454526275396347, 0.2450607270002365, 0.244720458984375, 0.2444540560245514, 0.24431112408638, 0.24382837116718292, 0.24348688125610352, 0.24333122372627258, 0.24291767179965973, 0.24258926510810852, 0.24218721687793732, 0.24196603894233704, 0.24169033765792847, 0.2413775622844696, 0.2411058247089386, 0.24078014492988586, 0.24047110974788666, 0.2403363287448883, 0.24000701308250427, 0.23959554731845856, 0.23936015367507935, 0.2389618158340454, 0.23876047134399414, 0.23854976892471313, 0.23830176889896393, 0.23808109760284424, 0.23765923082828522, 0.23748233914375305, 0.23713389039039612, 0.2368726283311844, 0.23678888380527496, 0.2365577667951584, 0.2361462414264679, 0.2361871898174286, 0.2355087697505951, 0.2355756014585495, 0.2350292205810547, 0.23474636673927307, 0.23447638750076294, 0.2343772053718567, 0.23399502038955688, 0.2337859570980072, 0.23358146846294403, 0.23313455283641815, 0.2329942137002945, 0.2327755093574524, 0.2325422465801239, 0.2324034869670868, 0.23214586079120636, 0.2318096160888672, 0.23174762725830078, 0.23124925792217255, 0.23101308941841125, 0.23077721893787384, 0.23061396181583405, 0.2306557148694992, 0.23034347593784332, 0.23003442585468292, 0.2296547293663025, 0.22933347523212433, 0.22910895943641663, 0.2290046364068985, 0.22871148586273193, 0.2285432368516922, 0.22820192575454712, 0.2282962203025818, 0.22781936824321747, 0.22748608887195587, 0.22734585404396057, 0.22703763842582703, 0.22689828276634216, 0.226884663105011, 0.22655612230300903, 0.22665750980377197, 0.226562038064003, 0.22597794234752655, 0.22580648958683014, 0.2254391610622406, 0.22539718449115753, 0.22526885569095612, 0.22474007308483124, 0.22458003461360931, 0.22424690425395966, 0.22403794527053833, 0.22404460608959198, 0.2236882746219635, 0.2234705090522766, 0.2233620136976242, 0.2229626327753067, 0.22284984588623047, 0.2225438356399536, 0.22236663103103638, 0.2224694788455963, 0.22226805984973907, 0.22198590636253357, 0.2219642996788025, 0.22152116894721985, 0.22122789919376373, 0.22134235501289368, 0.22108322381973267, 0.22076456248760223, 0.22057831287384033, 0.22035498917102814, 0.2203523963689804, 0.22005079686641693, 0.21964876353740692, 0.21942172944545746, 0.21946755051612854, 0.21924862265586853, 0.21927785873413086, 0.21895967423915863, 0.218740314245224, 0.21854741871356964, 0.21852117776870728, 0.2181900143623352, 0.21801888942718506, 0.2176809459924698, 0.21755672991275787, 0.21719564497470856, 0.21733270585536957, 0.21719619631767273, 0.21705509722232819, 0.2166273295879364, 0.2165149748325348, 0.21634556353092194, 0.21607309579849243, 0.21620117127895355, 0.21579399704933167, 0.21579906344413757, 0.21561284363269806, 0.21526317298412323, 0.2153317630290985, 0.21494942903518677, 0.21470628678798676, 0.21465322375297546, 0.21457833051681519, 0.2143254429101944, 0.2141660898923874, 0.21411097049713135, 0.21383406221866608, 0.21401523053646088, 0.2135542333126068, 0.21329516172409058, 0.21310126781463623, 0.21303217113018036, 0.21280968189239502, 0.21282760798931122, 0.2127651572227478, 0.21258462965488434, 0.2121766060590744, 0.21225716173648834, 0.21212436258792877, 0.21175390481948853, 0.21172212064266205, 0.211379736661911, 0.21133117377758026, 0.21103417873382568, 0.21094879508018494, 0.21090076863765717, 0.21066440641880035, 0.21058157086372375, 0.2103354036808014, 0.210129514336586, 0.2100333571434021, 0.20978492498397827, 0.20958060026168823, 0.2095368355512619, 0.20941200852394104, 0.20952850580215454, 0.20901654660701752, 0.20880378782749176, 0.20916876196861267, 0.2090422809123993, 0.20893432199954987, 0.2085341513156891, 0.2085411101579666, 0.20859958231449127, 0.2082650512456894, 0.2081737071275711, 0.2079281359910965, 0.20775867998600006, 0.2076595425605774, 0.20747211575508118, 0.20725193619728088, 0.20722757279872894, 0.207500159740448, 0.20707598328590393, 0.20665407180786133, 0.20697279274463654, 0.20667003095149994, 0.20658649504184723, 0.2063920795917511, 0.2061501145362854, 0.20621538162231445, 0.20600657165050507, 0.20568756759166718, 0.20552772283554077, 0.20549915730953217, 0.20566700398921967, 0.20522521436214447, 0.20520232617855072, 0.20532634854316711, 0.20525459945201874, 0.20491331815719604, 0.20501869916915894, 0.20514041185379028, 0.20444190502166748, 0.2043306976556778, 0.20429542660713196, 0.20401138067