,number,value,datetime_start,datetime_complete,duration,params_batch_size_scaler,params_constant_learning_rate,params_depth,params_epochs,params_kernel_l2,params_num_trees,params_temperature,user_attrs_accuracy_test,user_attrs_accuracy_valid,user_attrs_approximate_feature_sparsity,user_attrs_approximate_feature_sparsity_history,user_attrs_approximate_weight_sparsity,user_attrs_approximate_weight_sparsity_history,user_attrs_auc_test,user_attrs_auc_valid,user_attrs_feature_sparsity,user_attrs_feature_sparsity_history,user_attrs_num_epochs,user_attrs_val_loss_history,user_attrs_weight_sparsity,user_attrs_weight_sparsity_history,state
6,6,0.5,2024-08-31 00:54:24.787399,2024-08-31 00:54:37.493943,0 days 00:00:12.706544,16,5.350922091586146,3,100,0.010676175086342504,3,0.002149497206948265,0.859,0.85875,0,"[11, 2, 2, 2, 2, 2, 0, 0, 0, 0, 0, 0, 0, 0, 0, 0, 0, 0, 0, 0, 0, 0, 0, 0, 0, 0, 0, 0, 0, 0, 0, 0, 0, 0, 0, 0, 0, 0, 0, 0, 0, 0, 0, 0, 0, 0, 0, 0, 0, 0, 0, 0, 0, 0, 0, 0, 0, 0, 0, 0, 0, 0, 0, 0, 0, 0, 0, 0, 0, 0, 0, 0, 0, 0, 0, 0, 0, 0, 0, 0, 0, 0, 0, 0, 0, 0, 0, 0, 0, 0, 0, 0, 0, 0, 0, 0, 0, 0, 0, 0]",0.0,"[11.0, 2.0, 2.0, 2.0, 2.0, 2.0, 0.0, 0.0, 0.0, 0.0, 0.0, 0.0, 0.0, 0.0, 0.0, 0.0, 0.0, 0.0, 0.0, 0.0, 0.0, 0.0, 0.0, 0.0, 0.0, 0.0, 0.0, 0.0, 0.0, 0.0, 0.0, 0.0, 0.0, 0.0, 0.0, 0.0, 0.0, 0.0, 0.0, 0.0, 0.0, 0.0, 0.0, 0.0, 0.0, 0.0, 0.0, 0.0, 0.0, 0.0, 0.0, 0.0, 0.0, 0.0, 0.0, 0.0, 0.0, 0.0, 0.0, 0.0, 0.0, 0.0, 0.0, 0.0, 0.0, 0.0, 0.0, 0.0, 0.0, 0.0, 0.0, 0.0, 0.0, 0.0, 0.0, 0.0, 0.0, 0.0, 0.0, 0.0, 0.0, 0.0, 0.0, 0.0, 0.0, 0.0, 0.0, 0.0, 0.0, 0.0, 0.0, 0.0, 0.0, 0.0, 0.0, 0.0, 0.0, 0.0, 0.0, 0.0]",0.5,0.5,0,"[11, 2, 2, 2, 2, 2, 0, 0, 0, 0, 0, 0, 0, 0, 0, 0, 0, 0, 0, 0, 0, 0, 0, 0, 0, 0, 0, 0, 0, 0, 0, 0, 0, 0, 0, 0, 0, 0, 0, 0, 0, 0, 0, 0, 0, 0, 0, 0, 0, 0, 0, 0, 0, 0, 0, 0, 0, 0, 0, 0, 0, 0, 0, 0, 0, 0, 0, 0, 0, 0, 0, 0, 0, 0, 0, 0, 0, 0, 0, 0, 0, 0, 0, 0, 0, 0, 0, 0, 0, 0, 0, 0, 0, 0, 0, 0, 0, 0, 0, 0]",100,"[0.34890279173851013, 0.3609203100204468, 0.36221304535865784, 0.34789401292800903, 0.35351768136024475, 0.35041478276252747, 0.40921521186828613, 0.410226970911026, 0.4091965854167938, 0.4072414040565491, 0.4078093469142914, 0.40908557176589966, 0.40796130895614624, 0.41002970933914185, 0.4075741469860077, 0.41299551725387573, 0.4072849750518799, 0.409506618976593, 0.40815284848213196, 0.4086310863494873, 0.40762901306152344, 0.4162047505378723, 0.413850873708725, 0.40732258558273315, 0.40752550959587097, 0.40759164094924927, 0.4087384343147278, 0.40889158844947815, 0.41638919711112976, 0.40724074840545654, 0.40854695439338684, 0.4077998697757721, 0.4072311520576477, 0.40732041001319885, 0.41051018238067627, 0.40772801637649536, 0.40723082423210144, 0.4074466824531555, 0.41993772983551025, 0.40823987126350403, 0.40722915530204773, 0.4092293977737427, 0.4093778133392334, 0.4072277843952179, 0.4089182913303375, 0.4072509706020355, 0.4072941541671753, 0.40859493613243103, 0.40752243995666504, 0.4079703092575073, 0.41139647364616394, 0.40735024213790894, 0.40877196192741394, 0.4073270857334137, 0.4109044671058655, 0.40728843212127686, 0.4083162248134613, 0.40858709812164307, 0.41165900230407715, 0.41939231753349304, 0.4134362041950226, 0.4072742462158203, 0.407288134098053, 0.40765872597694397, 0.4136311709880829, 0.4074644446372986, 0.40722641348838806, 0.4081990718841553, 0.4072708189487457, 0.4086844325065613, 0.40744370222091675, 0.41338834166526794, 0.4088846445083618, 0.4093179702758789, 0.4108513593673706, 0.40874865651130676, 0.40736785531044006, 0.40785354375839233, 0.4079449474811554, 0.4094092845916748, 0.4079867899417877, 0.4077003598213196, 0.4092637002468109, 0.40827828645706177, 0.4073111414909363, 0.4105931222438812, 0.4081358313560486, 0.4080931842327118, 0.409164696931839, 0.4077110290527344, 0.4073227643966675, 0.40732741355895996, 0.4075549840927124, 0.4072273373603821, 0.4094383120536804, 0.4075389802455902, 0.4085506200790405, 0.41836097836494446, 0.4137447476387024, 0.40763309597969055]",0.0,"[11.0, 2.0, 2.0, 2.0, 2.0, 2.0, 0.0, 0.0, 0.0, 0.0, 0.0, 0.0, 0.0, 0.0, 0.0, 0.0, 0.0, 0.0, 0.0, 0.0, 0.0, 0.0, 0.0, 0.0, 0.0, 0.0, 0.0, 0.0, 0.0, 0.0, 0.0, 0.0, 0.0, 0.0, 0.0, 0.0, 0.0, 0.0, 0.0, 0.0, 0.0, 0.0, 0.0, 0.0, 0.0, 0.0, 0.0, 0.0, 0.0, 0.0, 0.0, 0.0, 0.0, 0.0, 0.0, 0.0, 0.0, 0.0, 0.0, 0.0, 0.0, 0.0, 0.0, 0.0, 0.0, 0.0, 0.0, 0.0, 0.0, 0.0, 0.0, 0.0, 0.0, 0.0, 0.0, 0.0, 0.0, 0.0, 0.0, 0.0, 0.0, 0.0, 0.0, 0.0, 0.0, 0.0, 0.0, 0.0, 0.0, 0.0, 0.0, 0.0, 0.0, 0.0, 0.0, 0.0, 0.0, 0.0, 0.0, 0.0]",COMPLETE
7,7,0.9366490190774304,2024-08-31 00:54:37.636112,2024-08-31 00:58:15.737567,0 days 00:03:38.101455,1,0.04976469901612856,3,295,0.03040953752854956,73,0.0019504752446415587,0.945,0.94625,33,"[33, 33, 33, 33, 33, 33, 33, 33, 33, 33, 33, 33, 33, 33, 33, 33, 33, 33, 33, 33, 33, 33, 33, 33, 33, 33, 33, 33, 33, 33, 33, 33, 33, 33, 33, 33, 33, 33, 33, 33, 33, 33, 33, 33, 33, 33, 33, 33, 33, 33, 33, 33, 33, 33, 33, 33, 33, 33, 33, 33, 33, 33, 33, 33, 33, 33, 33, 33, 33, 33, 33, 33, 33, 33, 33, 33, 33, 33, 33, 33, 33, 33, 33, 33, 33, 33, 33, 33, 33, 33, 33, 33, 33, 33, 33, 33, 33, 33, 33, 33, 33, 33, 33, 33, 33, 33, 33, 33, 33, 33, 33, 33, 33, 33, 33, 33, 33, 33, 33, 33, 33, 33, 33, 33, 33, 33, 33, 33, 33, 33, 33, 33, 33, 33, 33, 33, 33, 33, 33, 33, 33, 33, 33, 33, 33, 33, 33, 33, 33, 33, 33, 33, 33, 33, 33, 33, 33, 33, 33, 33, 33, 33, 33, 33, 33, 33, 33, 33, 33, 33, 33, 33, 33, 33, 33, 33, 33, 33, 33, 33, 33, 33, 33, 33, 33, 33, 33, 33, 33, 33, 33, 33, 33, 33, 33, 33, 33, 33, 33, 33, 33, 33, 33, 33, 33, 33, 33, 33, 33, 33, 33, 33, 33, 33, 33, 33, 33, 33, 33, 33, 33, 33, 33, 33, 33, 33, 33, 33, 33, 33, 33, 33, 33, 33, 33, 33, 33, 33, 33, 33, 33, 33, 33, 33, 33, 33, 33, 33, 33, 33, 33, 33, 33, 33, 33, 33, 33, 33, 33, 33, 33, 33, 33, 33, 33, 33, 33, 33, 33, 33, 33, 33, 33, 33, 33, 33, 33, 33, 33, 33, 33, 33, 33, 33, 33, 33, 33, 33, 33, 33, 33, 33, 33, 33, 33]",32.974559686888455,"[32.974559686888455, 32.97847358121331, 32.9706457925636, 32.974559686888455, 32.97847358121331, 32.97260273972603, 32.97260273972603, 32.962818003913895, 32.962818003913895, 32.962818003913895, 32.962818003913895, 32.97847358121331, 32.974559686888455, 32.97847358121331, 32.97260273972603, 32.97651663405088, 32.956947162426616, 32.96477495107632, 32.96673189823875, 32.951076320939336, 32.96086105675147, 32.9706457925636, 32.97651663405088, 32.962818003913895, 32.96477495107632, 32.962818003913895, 32.968688845401175, 32.962818003913895, 32.97847358121331, 32.96477495107632, 32.98238747553816, 32.97260273972603, 32.97260273972603, 32.9706457925636, 32.974559686888455, 32.968688845401175, 32.98434442270059, 32.97260273972603, 32.97651663405088, 32.962818003913895, 32.96673189823875, 32.96086105675147, 32.96086105675147, 32.9412915851272, 32.94716242661448, 32.96477495107632, 32.956947162426616, 32.962818003913895, 32.94716242661448, 32.94911937377691, 32.96086105675147, 32.94716242661448, 32.962818003913895, 32.95303326810176, 32.96086105675147, 32.96673189823875, 32.96477495107632, 32.96477495107632, 32.95890410958904, 32.95890410958904, 32.956947162426616, 32.96086105675147, 32.962818003913895, 32.956947162426616, 32.968688845401175, 32.95499021526419, 32.96086105675147, 32.968688845401175, 32.96477495107632, 32.962818003913895, 32.968688845401175, 32.9706457925636, 32.96673189823875, 32.96673189823875, 32.96477495107632, 32.956947162426616, 32.97260273972603, 32.962818003913895, 32.95499021526419, 32.95499021526419, 32.96086105675147, 32.951076320939336, 32.94911937377691, 32.962818003913895, 32.96086105675147, 32.94911937377691, 32.956947162426616, 32.95499021526419, 32.95499021526419, 32.95303326810176, 32.94716242661448, 32.962818003913895, 32.9706457925636, 32.962818003913895, 32.96086105675147, 32.956947162426616, 32.96673189823875, 32.96086105675147, 32.9706457925636, 32.96673189823875, 32.96477495107632, 32.95890410958904, 32.968688845401175, 32.96673189823875, 32.962818003913895, 32.968688845401175, 32.96673189823875, 32.95890410958904, 32.95499021526419, 32.95303326810176, 32.96673189823875, 32.96086105675147, 32.96673189823875, 32.96086105675147, 32.968688845401175, 32.968688845401175, 32.956947162426616, 32.962818003913895, 32.93933463796478, 32.96086105675147, 32.968688845401175, 32.96673189823875, 32.962818003913895, 32.98238747553816, 32.974559686888455, 32.96477495107632, 32.9706457925636, 32.95499021526419, 32.945205479452056, 32.968688845401175, 32.962818003913895, 32.94716242661448, 32.968688845401175, 32.96673189823875, 32.96477495107632, 32.97260273972603, 32.9706457925636, 32.956947162426616, 32.96673189823875, 32.97260273972603, 32.974559686888455, 32.97260273972603, 32.97260273972603, 32.956947162426616, 32.96477495107632, 32.974559686888455, 32.96477495107632, 32.96477495107632, 32.974559686888455, 32.96477495107632, 32.97260273972603, 32.980430528375734, 32.97847358121331, 32.97260273972603, 32.97260273972603, 32.97847358121331, 32.9706457925636, 32.9706457925636, 32.974559686888455, 32.96673189823875, 32.96673189823875, 32.97260273972603, 32.968688845401175, 32.9706457925636, 32.96477495107632, 32.95499021526419, 32.96673189823875, 32.974559686888455, 32.97260273972603, 32.97847358121331, 32.968688845401175, 32.962818003913895, 32.97260273972603, 32.97260273972603, 32.974559686888455, 32.96477495107632, 32.97260273972603, 32.97847358121331, 32.97847358121331, 32.980430528375734, 32.96477495107632, 32.96477495107632, 32.951076320939336, 32.96673189823875, 32.96477495107632, 32.96673189823875, 32.9706457925636, 32.968688845401175, 32.968688845401175, 32.962818003913895, 32.951076320939336, 32.97260273972603, 32.97260273972603, 32.96673189823875, 32.95303326810176, 32.951076320939336, 32.96086105675147, 32.95303326810176, 32.956947162426616, 32.968688845401175, 32.974559686888455, 32.97651663405088, 32.968688845401175, 32.97651663405088, 32.968688845401175, 32.968688845401175, 32.95890410958904, 32.96673189823875, 32.96477495107632, 32.9706457925636, 32.97847358121331, 32.96477495107632, 32.962818003913895, 32.95890410958904, 32.962818003913895, 32.96086105675147, 32.95499021526419, 32.96477495107632, 32.98434442270059, 32.9706457925636, 32.962818003913895, 32.9706457925636, 32.98434442270059, 32.96673189823875, 32.974559686888455, 32.96477495107632, 32.97260273972603, 32.95890410958904, 32.97651663405088, 32.974559686888455, 32.98238747553816, 32.980430528375734, 32.980430528375734, 32.98238747553816, 32.97651663405088, 32.974559686888455, 32.97651663405088, 32.96673189823875, 32.95890410958904, 32.968688845401175, 32.956947162426616, 32.974559686888455, 32.97847358121331, 32.968688845401175, 32.951076320939336, 32.96086105675147, 32.96673189823875, 32.96086105675147, 32.9706457925636, 32.96673189823875, 32.9706457925636, 32.96673189823875, 32.9706457925636, 32.974559686888455, 32.968688845401175, 32.974559686888455, 32.974559686888455, 32.97651663405088, 32.9706457925636, 32.98238747553816, 32.97260273972603, 32.968688845401175, 32.97847358121331, 32.96477495107632, 32.97260273972603, 32.97260273972603, 32.9706457925636, 32.97260273972603, 32.96673189823875, 32.97260273972603, 32.97260273972603, 32.968688845401175, 32.980430528375734, 32.962818003913895, 32.980430528375734, 32.968688845401175, 32.9706457925636, 32.974559686888455, 32.97651663405088, 32.974559686888455, 32.974559686888455, 32.97651663405088, 32.97651663405088, 32.96086105675147, 32.97260273972603, 32.97260273972603, 32.97651663405088, 32.97847358121331, 32.980430528375734, 32.97847358121331, 32.97651663405088, 32.968688845401175, 32.968688845401175, 32.98238747553816, 32.974559686888455]",0.9144064927880845,0.9366490190774304,33,"[33, 33, 33, 33, 33, 33, 33, 33, 33, 33, 33, 33, 33, 33, 33, 33, 33, 33, 33, 33, 33, 33, 33, 33, 33, 33, 33, 33, 33, 33, 33, 33, 33, 33, 33, 33, 33, 33, 33, 33, 33, 33, 33, 33, 33, 33, 33, 33, 33, 33, 33, 33, 33, 33, 33, 33, 33, 33, 33, 33, 33, 33, 33, 33, 33, 33, 33, 33, 33, 33, 33, 33, 33, 33, 33, 33, 33, 33, 33, 33, 33, 33, 33, 33, 33, 33, 33, 33, 33, 33, 33, 33, 33, 33, 33, 33, 33, 33, 33, 33, 33, 33, 33, 33, 33, 33, 33, 33, 33, 33, 33, 33, 33, 33, 33, 33, 33, 33, 33, 33, 33, 33, 33, 33, 33, 33, 33, 33, 33, 33, 33, 33, 33, 33, 33, 33, 33, 33, 33, 33, 33, 33, 33, 33, 33, 33, 33, 33, 33, 33, 33, 33, 33, 33, 33, 33, 33, 33, 33, 33, 33, 33, 33, 33, 33, 33, 33, 33, 33, 33, 33, 33, 33, 33, 33, 33, 33, 33, 33, 33, 33, 33, 33, 33, 33, 33, 33, 33, 33, 33, 33, 33, 33, 33, 33, 33, 33, 33, 33, 33, 33, 33, 33, 33, 33, 33, 33, 33, 33, 33, 33, 33, 33, 33, 33, 33, 33, 33, 33, 33, 33, 33, 33, 33, 33, 33, 33, 33, 33, 33, 33, 33, 33, 33, 33, 33, 33, 33, 33, 33, 33, 33, 33, 33, 33, 33, 33, 33, 33, 33, 33, 33, 33, 33, 33, 33, 33, 33, 33, 33, 33, 33, 33, 33, 33, 33, 33, 33, 33, 33, 33, 33, 33, 33, 33, 33, 33, 33, 33, 33, 33, 33, 33, 33, 33, 33, 33, 33, 33, 33, 33, 33, 33, 33, 33]",295,"[0.3901689648628235, 0.37129297852516174, 0.36670562624931335, 0.3604249656200409, 0.3530474901199341, 0.35005295276641846, 0.3425261676311493, 0.33610785007476807, 0.3322867453098297, 0.32828962802886963, 0.3226107358932495, 0.3175700604915619, 0.3126656413078308, 0.3072141706943512, 0.30251017212867737, 0.2955886125564575, 0.2998550236225128, 0.289465069770813, 0.2838943898677826, 0.27559801936149597, 0.27175793051719666, 0.2696799337863922, 0.26502203941345215, 0.262007474899292, 0.25894755125045776, 0.25504767894744873, 0.2564626634120941, 0.2507416605949402, 0.24880018830299377, 0.24905894696712494, 0.24571114778518677, 0.2443132847547531, 0.2476978898048401, 0.2457326501607895, 0.24085624516010284, 0.23597975075244904, 0.2352461814880371, 0.2359810620546341, 0.23552024364471436, 0.23093631863594055, 0.23032863438129425, 0.23011131584644318, 0.22826990485191345, 0.2256620228290558, 0.2244405299425125, 0.22573594748973846, 0.22167032957077026, 0.22041913866996765, 0.2211216688156128, 0.21719259023666382, 0.21841655671596527, 0.21347184479236603, 0.21224647760391235, 0.2123301923274994, 0.21118345856666565, 0.21030673384666443, 0.21027392148971558, 0.20912788808345795, 0.21024636924266815, 0.20810535550117493, 0.20871278643608093, 0.2056298404932022, 0.21139268577098846, 0.20333591103553772, 0.20492663979530334, 0.20500190556049347, 0.20513182878494263, 0.2043823003768921, 0.20133556425571442, 0.2032577395439148, 0.20240601897239685, 0.20195768773555756, 0.20075231790542603, 0.2042199671268463, 0.19972297549247742, 0.19885623455047607, 0.20185011625289917, 0.19764356315135956, 0.1977584809064865, 0.19677428901195526, 0.19937863945960999, 0.1969018131494522, 0.19816039502620697, 0.19672662019729614, 0.19732046127319336, 0.19800417125225067, 0.20214040577411652, 0.20074144005775452, 0.1959146112203598, 0.1957038938999176, 0.20338302850723267, 0.19338569045066833, 0.19900695979595184, 0.19443410634994507, 0.1938491016626358, 0.19526711106300354, 0.2024151235818863, 0.19648534059524536, 0.1966724991798401, 0.19293907284736633, 0.19671887159347534, 0.19672974944114685, 0.19704477488994598, 0.19577555358409882, 0.19251318275928497, 0.19636882841587067, 0.1994074583053589, 0.19495117664337158, 0.1907336562871933, 0.19066660106182098, 0.19433926045894623, 0.19530221819877625, 0.1947007030248642, 0.19771291315555573, 0.18973775207996368, 0.19107848405838013, 0.19334936141967773, 0.19574102759361267, 0.18928636610507965, 0.1926465481519699, 0.1913321167230606, 0.1940808743238449, 0.19251739978790283, 0.19180217385292053, 0.19162486493587494, 0.18922117352485657, 0.18883417546749115, 0.18883055448532104, 0.1884748488664627, 0.19013985991477966, 0.1902766078710556, 0.1917741447687149, 0.1886170208454132, 0.18830901384353638, 0.19795022904872894, 0.18895728886127472, 0.1867094486951828, 0.19612422585487366, 0.18719829618930817, 0.18953414261341095, 0.19123944640159607, 0.18880267441272736, 0.1893874555826187, 0.19179724156856537, 0.18933098018169403, 0.19254308938980103, 0.1930936574935913, 0.19096331298351288, 0.1895366609096527, 0.18536819517612457, 0.19055761396884918, 0.18973253667354584, 0.18925432860851288, 0.1900784820318222, 0.18926073610782623, 0.19012612104415894, 0.185997873544693, 0.19009393453598022, 0.20610857009887695, 0.1871035397052765, 0.18699342012405396, 0.18632860481739044, 0.18655982613563538, 0.19258825480937958, 0.18945558369159698, 0.19658924639225006, 0.18791557848453522, 0.18846362829208374, 0.19155840575695038, 0.18642862141132355, 0.18736033141613007, 0.186049684882164, 0.1897684633731842, 0.1871756613254547, 0.19105283915996552, 0.1911846548318863, 0.18678873777389526, 0.19182758033275604, 0.1912473887205124, 0.19388975203037262, 0.18964289128780365, 0.1937803477048874, 0.1884683072566986, 0.19128555059432983, 0.19034342467784882, 0.1926025003194809, 0.1917823851108551, 0.19183290004730225, 0.18826162815093994, 0.1872248500585556, 0.19084210693836212, 0.19291014969348907, 0.18991748988628387, 0.18857242166996002, 0.18723738193511963, 0.1903790980577469, 0.18718086183071136, 0.18734516203403473, 0.1858919858932495, 0.1884540617465973, 0.1860402226448059, 0.18847383558750153, 0.19431348145008087, 0.185145303606987, 0.18639522790908813, 0.1888784021139145, 0.19015932083129883, 0.19178572297096252, 0.1937333643436432, 0.1887633353471756, 0.19017714262008667, 0.18894053995609283, 0.1887294203042984, 0.18926125764846802, 0.1884331852197647, 0.1913241446018219, 0.18827123939990997, 0.1906035840511322, 0.18906041979789734, 0.18946629762649536, 0.19140544533729553, 0.19072294235229492, 0.19326217472553253, 0.18742209672927856, 0.18966926634311676, 0.1899317353963852, 0.18738406896591187, 0.18813888728618622, 0.19255180656909943, 0.19086942076683044, 0.19419315457344055, 0.18885841965675354, 0.19005456566810608, 0.1945830136537552, 0.18975205719470978, 0.19078800082206726, 0.19684210419654846, 0.1886875480413437, 0.19761444628238678, 0.19417737424373627, 0.19197125732898712, 0.19111919403076172, 0.1887422800064087, 0.19025546312332153, 0.18813924491405487, 0.20626775920391083, 0.1891777068376541, 0.1889941245317459, 0.19982139766216278, 0.19067564606666565, 0.19011564552783966, 0.18805110454559326, 0.19019058346748352, 0.18868301808834076, 0.1948196291923523, 0.18953657150268555, 0.18739084899425507, 0.19368800520896912, 0.18969547748565674, 0.18860462307929993, 0.19289818406105042, 0.19047857820987701, 0.1913033127784729, 0.1915719360113144, 0.19811922311782837, 0.194593608379364, 0.19277161359786987, 0.19043609499931335, 0.19389256834983826, 0.19356435537338257, 0.19201582670211792, 0.19110576808452606, 0.1919783353805542, 0.19423171877861023, 0.1917676031589508, 0.19293847680091858, 0.20323926210403442, 0.19607096910476685, 0.18865032494068146, 0.1935349702835083, 0.19380830228328705, 0.19582979381084442, 0.19258226454257965, 0.19300487637519836, 0.19771844148635864, 0.19241000711917877, 0.20070423185825348, 0.19807864725589752, 0.1990737020969391, 0.1965291053056717, 0.19955193996429443, 0.20393210649490356, 0.19628304243087769, 0.19934087991714478, 0.20075350999832153]",33.0,"[33.0, 33.0, 33.0, 33.0, 33.0, 33.0, 33.0, 33.0, 33.0, 33.0, 33.0, 33.0, 33.0, 33.0, 33.0, 33.0, 33.0, 33.0, 33.0, 33.0, 33.0, 33.0, 33.0, 33.0, 33.0, 33.0, 33.0, 33.0, 33.0, 33.0, 33.0, 33.0, 33.0, 33.0, 33.0, 33.0, 33.0, 33.0, 33.0, 33.0, 33.0, 33.0, 33.0, 33.0, 33.0, 33.0, 33.0, 33.0, 33.0, 33.0, 33.0, 33.0, 33.0, 33.0, 33.0, 33.0, 33.0, 33.0, 33.0, 33.0, 33.0, 33.0, 33.0, 33.0, 33.0, 33.0, 33.0, 33.0, 33.0, 33.0, 33.0, 33.0, 33.0, 33.0, 33.0, 33.0, 33.0, 33.0, 33.0, 33.0, 33.0, 33.0, 33.0, 33.0, 33.0, 33.0, 33.0, 33.0, 33.0, 33.0, 33.0, 33.0, 33.0, 33.0, 33.0, 33.0, 33.0, 33.0, 33.0, 33.0, 33.0, 33.0, 33.0, 33.0, 33.0, 33.0, 33.0, 33.0, 33.0, 33.0, 33.0, 33.0, 33.0, 33.0, 33.0, 33.0, 33.0, 33.0, 33.0, 33.0, 33.0, 33.0, 33.0, 33.0, 33.0, 33.0, 33.0, 33.0, 33.0, 33.0, 33.0, 33.0, 33.0, 33.0, 33.0, 33.0, 33.0, 33.0, 33.0, 33.0, 33.0, 33.0, 33.0, 33.0, 33.0, 33.0, 33.0, 33.0, 33.0, 33.0, 33.0, 33.0, 33.0, 33.0, 33.0, 33.0, 33.0, 33.0, 33.0, 33.0, 33.0, 33.0, 33.0, 33.0, 33.0, 33.0, 33.0, 33.0, 33.0, 33.0, 33.0, 33.0, 33.0, 33.0, 33.0, 33.0, 33.0, 33.0, 33.0, 33.0, 33.0, 33.0, 33.0, 33.0, 33.0, 33.0, 33.0, 33.0, 33.0, 33.0, 33.0, 33.0, 33.0, 33.0, 33.0, 33.0, 33.0, 33.0, 33.0, 33.0, 33.0, 33.0, 33.0, 33.0, 33.0, 33.0, 33.0, 33.0, 33.0, 33.0, 33.0, 33.0, 33.0, 33.0, 33.0, 33.0, 33.0, 33.0, 33.0, 33.0, 33.0, 33.0, 33.0, 33.0, 33.0, 33.0, 33.0, 33.0, 33.0, 33.0, 33.0, 33.0, 33.0, 33.0, 33.0, 33.0, 33.0, 33.0, 33.0, 33.0, 33.0, 33.0, 33.0, 33.0, 33.0, 33.0, 33.0, 33.0, 33.0, 33.0, 33.0, 33.0, 33.0, 33.0, 33.0, 33.0, 33.0, 33.0, 33.0, 33.0, 33.0, 33.0, 33.0, 33.0, 33.0, 33.0, 33.0, 33.0, 33.0, 33.0, 33.0, 33.0, 33.0, 33.0, 33.0, 33.0, 33.0, 33.0, 33.0, 33.0, 33.0, 33.0, 33.0, 33.0, 33.0, 33.0, 33.0, 33.0, 33.0, 33.0, 33.0, 33.0, 33.0, 33.0, 33.0]",COMPLETE
