,number,value,datetime_start,datetime_complete,duration,params_batch_size_scaler,params_constant_learning_rate,params_depth,params_epochs,params_kernel_l2,params_num_trees,params_temperature,user_attrs_accuracy_test,user_attrs_accuracy_valid,user_attrs_approximate_feature_sparsity,user_attrs_approximate_feature_sparsity_history,user_attrs_approximate_weight_sparsity,user_attrs_approximate_weight_sparsity_history,user_attrs_auc_test,user_attrs_auc_valid,user_attrs_feature_sparsity,user_attrs_feature_sparsity_history,user_attrs_num_epochs,user_attrs_val_loss_history,user_attrs_weight_sparsity,user_attrs_weight_sparsity_history,state
79,79,0.8916025814429802,2024-08-31 04:01:46.876089,2024-08-31 04:06:04.861271,0 days 00:04:17.985182,1,0.7541540442696415,4,280,0.0076955730457697385,35,0.0012477741155167968,0.923,0.92,14,"[33, 31, 14, 14, 14, 14, 14, 14, 14, 14, 14, 14, 14, 14, 14, 14, 14, 14, 14, 14, 14, 14, 14, 14, 14, 14, 14, 14, 14, 14, 14, 14, 14, 14, 14, 14, 14, 14, 14, 14, 14, 14, 14, 14, 14, 14, 14, 14, 14, 14, 14, 14, 14, 14, 14, 14, 14, 14, 14, 14, 14, 14, 14, 14, 14, 14, 14, 14, 14, 14, 14, 14, 14, 14, 14, 14, 14, 14, 14, 14, 14, 14, 14, 14, 14, 14, 14, 14, 14, 14, 14, 14, 14, 14, 14, 14, 14, 14, 14, 14, 14, 14, 14, 14, 14, 14, 14, 14, 14, 14, 14, 14, 14, 14, 14, 14, 14, 14, 14, 14, 14, 14, 14, 14, 14, 14, 14, 14, 14, 14, 14, 14, 14, 14, 14, 14, 14, 14, 14, 14, 14, 14, 14, 14, 14, 14, 14, 14, 14, 14, 14, 14, 14, 14, 14, 14, 14, 14, 14, 14, 14, 14, 14, 14, 14, 14, 14, 14, 14, 14, 14, 14, 14, 14, 14, 14, 14, 14, 14, 14, 14, 14, 14, 14, 14, 14, 14, 14, 14, 14, 14, 14, 14, 14, 14, 14, 14, 14, 14, 14, 14, 14, 14, 14, 14, 14, 14, 14, 14, 14, 14, 14, 14, 14, 14, 14, 14, 14, 14, 14, 14, 14, 14, 14, 14, 14, 14, 14, 14, 14, 14, 14, 14, 14, 14, 14, 14, 14, 14, 14, 14, 14, 14, 14, 14, 14, 14, 14, 14, 14, 14, 14, 14, 14, 14, 14, 14, 14, 14, 14, 14, 14, 14, 14, 14, 14, 14, 14, 14, 14, 14, 14, 14, 14, 14, 14, 14, 14, 14, 14]",13.96952380952381,"[32.965714285714284, 30.96952380952381, 13.994285714285715, 13.988571428571428, 13.982857142857144, 13.98857142857143, 13.992380952380952, 13.98857142857143, 13.982857142857144, 13.996190476190476, 13.97904761904762, 13.98857142857143, 13.99047619047619, 13.986666666666668, 13.992380952380952, 13.986666666666668, 13.986666666666666, 13.98857142857143, 13.98857142857143, 13.99047619047619, 13.986666666666666, 13.99047619047619, 13.99047619047619, 13.996190476190476, 13.992380952380952, 13.98857142857143, 13.988571428571428, 13.984761904761905, 13.98857142857143, 13.98857142857143, 13.99047619047619, 13.990476190476192, 13.984761904761905, 13.986666666666666, 13.980952380952381, 13.986666666666665, 13.98857142857143, 13.990476190476189, 13.980952380952381, 13.992380952380952, 13.98095238095238, 13.980952380952381, 13.988571428571428, 13.988571428571428, 13.992380952380952, 13.99047619047619, 13.98857142857143, 13.994285714285713, 13.99047619047619, 13.986666666666666, 13.99047619047619, 13.992380952380953, 13.99047619047619, 13.99047619047619, 13.994285714285715, 13.986666666666666, 13.992380952380952, 13.98857142857143, 13.984761904761905, 13.973333333333334, 13.99047619047619, 13.97904761904762, 13.988571428571428, 13.986666666666668, 13.986666666666666, 13.994285714285715, 13.994285714285716, 13.992380952380952, 13.99047619047619, 13.996190476190476, 13.986666666666666, 13.992380952380952, 13.986666666666666, 13.992380952380952, 13.986666666666668, 13.984761904761905, 13.996190476190476, 13.992380952380952, 13.99047619047619, 13.984761904761903, 13.984761904761903, 13.986666666666668, 13.994285714285713, 13.994285714285715, 13.973333333333333, 13.99047619047619, 13.96952380952381, 13.99047619047619, 13.99047619047619, 13.986666666666666, 13.982857142857144, 13.99047619047619, 13.984761904761905, 13.986666666666668, 13.984761904761903, 13.988571428571428, 13.982857142857142, 13.988571428571428, 13.980952380952383, 13.984761904761905, 13.98857142857143, 13.97904761904762, 13.984761904761903, 13.984761904761905, 13.982857142857144, 13.982857142857142, 13.98857142857143, 13.97904761904762, 13.980952380952381, 13.982857142857142, 13.99047619047619, 13.984761904761905, 13.986666666666668, 13.980952380952383, 13.98285714285714, 13.97904761904762, 13.992380952380952, 13.984761904761905, 13.980952380952381, 13.980952380952383, 13.975238095238096, 13.988571428571428, 13.982857142857142, 13.986666666666665, 13.984761904761905, 13.990476190476189, 13.98857142857143, 13.984761904761905, 13.99047619047619, 13.975238095238094, 13.992380952380952, 13.977142857142859, 13.98095238095238, 13.97904761904762, 13.977142857142857, 13.988571428571428, 13.982857142857142, 13.980952380952381, 13.97904761904762, 13.982857142857144, 13.994285714285715, 13.97904761904762, 13.984761904761905, 13.984761904761905, 13.996190476190476, 13.982857142857142, 13.986666666666666, 13.982857142857144, 13.99047619047619, 13.98857142857143, 13.97904761904762, 13.986666666666666, 13.963809523809523, 13.984761904761905, 13.97904761904762, 13.984761904761905, 13.986666666666668, 13.982857142857146, 13.98857142857143, 13.98857142857143, 13.98857142857143, 13.982857142857142, 13.96761904761905, 13.982857142857142, 13.973333333333333, 13.986666666666668, 13.977142857142859, 13.980952380952381, 13.973333333333333, 13.96952380952381, 13.980952380952381, 13.973333333333334, 13.980952380952381, 13.980952380952381, 13.992380952380952, 13.982857142857142, 13.975238095238096, 13.984761904761907, 13.97904761904762, 13.994285714285715, 13.984761904761903, 13.980952380952383, 13.990476190476189, 13.980952380952381, 13.980952380952381, 13.99047619047619, 13.992380952380952, 13.97904761904762, 13.975238095238094, 13.986666666666666, 13.986666666666666, 13.973333333333333, 13.971428571428572, 13.984761904761905, 13.980952380952381, 13.996190476190478, 13.982857142857144, 13.975238095238097, 13.984761904761907, 13.97904761904762, 13.97142857142857, 13.975238095238097, 13.975238095238096, 13.96761904761905, 13.980952380952381, 13.97904761904762, 13.971428571428572, 13.975238095238096, 13.971428571428572, 13.975238095238096, 13.97142857142857, 13.980952380952383, 13.967619047619047, 13.967619047619047, 13.96952380952381, 13.982857142857144, 13.973333333333333, 13.988571428571428, 13.986666666666666, 13.99047619047619, 13.988571428571428, 13.99047619047619, 13.986666666666668, 13.97904761904762, 13.97904761904762, 13.988571428571428, 13.971428571428572, 13.97904761904762, 13.984761904761905, 13.971428571428572, 13.971428571428572, 13.971428571428572, 13.971428571428572, 13.96952380952381, 13.973333333333334, 13.977142857142857, 13.984761904761905, 13.975238095238096, 13.986666666666666, 13.97904761904762, 13.979047619047618, 13.96761904761905, 13.982857142857142, 13.984761904761905, 13.980952380952383, 13.980952380952381, 13.973333333333334, 13.969523809523809, 13.973333333333334, 13.975238095238096, 13.973333333333333, 13.986666666666668, 13.965714285714286, 13.977142857142859, 13.973333333333334, 13.967619047619047, 13.980952380952383, 13.977142857142857, 13.971428571428573, 13.977142857142859, 13.977142857142859, 13.975238095238096, 13.973333333333333, 13.96761904761905, 13.977142857142859, 13.96952380952381, 13.982857142857144, 13.971428571428573, 13.977142857142859, 13.97904761904762, 13.982857142857142, 13.979047619047622, 13.984761904761905, 13.971428571428572, 13.977142857142859, 13.96761904761905, 13.97904761904762, 13.984761904761905, 13.977142857142859, 13.96952380952381]",0.8807536389831487,0.8916025814429802,14,"[33, 31, 14, 14, 14, 14, 14, 14, 14, 14, 14, 14, 14, 14, 14, 14, 14, 14, 14, 14, 14, 14, 14, 14, 14, 14, 14, 14, 14, 14, 14, 14, 14, 14, 14, 14, 14, 14, 14, 14, 14, 14, 14, 14, 14, 14, 14, 14, 14, 14, 14, 14, 14, 14, 14, 14, 14, 14, 14, 14, 14, 14, 14, 14, 14, 14, 14, 14, 14, 14, 14, 14, 14, 14, 14, 14, 14, 14, 14, 14, 14, 14, 14, 14, 14, 14, 14, 14, 14, 14, 14, 14, 14, 14, 14, 14, 14, 14, 14, 14, 14, 14, 14, 14, 14, 14, 14, 14, 14, 14, 14, 14, 14, 14, 14, 14, 14, 14, 14, 14, 14, 14, 14, 14, 14, 14, 14, 14, 14, 14, 14, 14, 14, 14, 14, 14, 14, 14, 14, 14, 14, 14, 14, 14, 14, 14, 14, 14, 14, 14, 14, 14, 14, 14, 14, 14, 14, 14, 14, 14, 14, 14, 14, 14, 14, 14, 14, 14, 14, 14, 14, 14, 14, 14, 14, 14, 14, 14, 14, 14, 14, 14, 14, 14, 14, 14, 14, 14, 14, 14, 14, 14, 14, 14, 14, 14, 14, 14, 14, 14, 14, 14, 14, 14, 14, 14, 14, 14, 14, 14, 14, 14, 14, 14, 14, 14, 14, 14, 14, 14, 14, 14, 14, 14, 14, 14, 14, 14, 14, 14, 14, 14, 14, 14, 14, 14, 14, 14, 14, 14, 14, 14, 14, 14, 14, 14, 14, 14, 14, 14, 14, 14, 14, 14, 14, 14, 14, 14, 14, 14, 14, 14, 14, 14, 14, 14, 14, 14, 14, 14, 14, 14, 14, 14, 14, 14, 14, 14, 14, 14]",280,"[0.3601454794406891, 0.29613053798675537, 0.24472595751285553, 0.2475091516971588, 0.2357398420572281, 0.21921458840370178, 0.2208133190870285, 0.2304103970527649, 0.20982471108436584, 0.20721860229969025, 0.2136457860469818, 0.2126821130514145, 0.23965631425380707, 0.20536260306835175, 0.19806508719921112, 0.20422208309173584, 0.21765552461147308, 0.19682112336158752, 0.2024049609899521, 0.197286456823349, 0.19474396109580994, 0.19244998693466187, 0.19290465116500854, 0.1939726024866104, 0.2002735584974289, 0.20775192975997925, 0.19939690828323364, 0.1962776631116867, 0.19267284870147705, 0.227897047996521, 0.19410410523414612, 0.19607532024383545, 0.19254827499389648, 0.19406214356422424, 0.19834885001182556, 0.21147094666957855, 0.19436731934547424, 0.19545936584472656, 0.1960543394088745, 0.2333766371011734, 0.19722700119018555, 0.19470682740211487, 0.1970634013414383, 0.19311508536338806, 0.19619691371917725, 0.20034919679164886, 0.19409872591495514, 0.19638663530349731, 0.19648781418800354, 0.21011190116405487, 0.1964847892522812, 0.19583424925804138, 0.19955049455165863, 0.21512557566165924, 0.20374146103858948, 0.1969224363565445, 0.20063014328479767, 0.19604486227035522, 0.19739483296871185, 0.23339705169200897, 0.20898579061031342, 0.1995570808649063, 0.20811191201210022, 0.1990526020526886, 0.20307764410972595, 0.19855192303657532, 0.20373351871967316, 0.19970765709877014, 0.20127692818641663, 0.2003604918718338, 0.20577149093151093, 0.20569686591625214, 0.2091999650001526, 0.2083020806312561, 0.2099764496088028, 0.21209003031253815, 0.20442363619804382, 0.20538386702537537, 0.20882172882556915, 0.21200166642665863, 0.22270160913467407, 0.2070390284061432, 0.2106875628232956, 0.2189520001411438, 0.21004445850849152, 0.2137739360332489, 0.2104424238204956, 0.21587547659873962, 0.2108031064271927, 0.21681232750415802, 0.21064144372940063, 0.20910726487636566, 0.21398580074310303, 0.2135324627161026, 0.21984130144119263, 0.21639931201934814, 0.22140038013458252, 0.2188130021095276, 0.23650960624217987, 0.21895109117031097, 0.21451954543590546, 0.2210843414068222, 0.22020791471004486, 0.2183724045753479, 0.2234087437391281, 0.21995669603347778, 0.226653054356575, 0.23166491091251373, 0.22385400533676147, 0.2128424197435379, 0.21741126477718353, 0.23267078399658203, 0.23962919414043427, 0.22655300796031952, 0.2195242941379547, 0.21989086270332336, 0.23379576206207275, 0.22257912158966064, 0.21831852197647095, 0.22278356552124023, 0.2240714132785797, 0.23815645277500153, 0.2241966277360916, 0.2224060297012329, 0.22528301179409027, 0.22250550985336304, 0.2341119647026062, 0.23021845519542694, 0.2524110674858093, 0.23143388330936432, 0.22610758244991302, 0.23685285449028015, 0.2302238494157791, 0.2264609932899475, 0.23136915266513824, 0.22664402425289154, 0.24552428722381592, 0.2308253049850464, 0.23746126890182495, 0.24084609746932983, 0.2279132604598999, 0.23025470972061157, 0.2319709211587906, 0.23407310247421265, 0.23240961134433746, 0.23704595863819122, 0.2368432879447937, 0.23540985584259033, 0.2394571751356125, 0.24504360556602478, 0.23546655476093292, 0.2383337765932083, 0.2291768491268158, 0.242312952876091, 0.2332538664340973, 0.24135740101337433, 0.24113775789737701, 0.23776975274085999, 0.23802347481250763, 0.23946332931518555, 0.24531781673431396, 0.2608243525028229, 0.2387685328722, 0.24321003258228302, 0.2400892972946167, 0.2346540093421936, 0.2597002387046814, 0.23786669969558716, 0.24253354966640472, 0.2432750165462494, 0.23832271993160248, 0.24361561238765717, 0.2438000738620758, 0.24022990465164185, 0.24789831042289734, 0.24191617965698242, 0.246491476893425, 0.24601227045059204, 0.24301250278949738, 0.24712581932544708, 0.24342647194862366, 0.2462693154811859, 0.2500336170196533, 0.261802077293396, 0.2526875436306, 0.2439357340335846, 0.24453240633010864, 0.25080984830856323, 0.2504100203514099, 0.24619260430335999, 0.24222420156002045, 0.24917684495449066, 0.250907301902771, 0.2606029808521271, 0.24917542934417725, 0.24304769933223724, 0.2535979151725769, 0.24402302503585815, 0.2448367476463318, 0.25033265352249146, 0.258022278547287, 0.25516465306282043, 0.2539568841457367, 0.2531206011772156, 0.25737300515174866, 0.25437450408935547, 0.25762635469436646, 0.2566518187522888, 0.25623610615730286, 0.2524976432323456, 0.25348666310310364, 0.2591511607170105, 0.25009509921073914, 0.2623886466026306, 0.25351017713546753, 0.25128647685050964, 0.2615290880203247, 0.25209325551986694, 0.26621896028518677, 0.2572958469390869, 0.24999020993709564, 0.26013249158859253, 0.2575247585773468, 0.2636093199253082, 0.25508585572242737, 0.25986629724502563, 0.24968376755714417, 0.2606976628303528, 0.2571104168891907, 0.2553548514842987, 0.2644194960594177, 0.26221925020217896, 0.25823843479156494, 0.2519892454147339, 0.26200705766677856, 0.26331254839897156, 0.2554270625114441, 0.2575433850288391, 0.26731550693511963, 0.2583078145980835, 0.26502442359924316, 0.2606404721736908, 0.26219233870506287, 0.2870010435581207, 0.26412591338157654, 0.27032342553138733, 0.2541823983192444, 0.27053484320640564, 0.26066553592681885, 0.26092493534088135, 0.2614905834197998, 0.2569049298763275, 0.2606603503227234, 0.2890676259994507, 0.26439327001571655, 0.25567296147346497, 0.26837658882141113, 0.2649971842765808, 0.26380273699760437, 0.2678927481174469, 0.26599690318107605, 0.2828134298324585, 0.2638319134712219, 0.2615550756454468, 0.27923956513404846, 0.2684928774833679, 0.2620050311088562, 0.2649443447589874, 0.26267310976982117, 0.26065966486930847, 0.2632957696914673, 0.2627202868461609, 0.2772272825241089, 0.26356279850006104, 0.279941201210022, 0.2736189067363739, 0.27238011360168457, 0.27202245593070984, 0.2671195864677429, 0.2944018244743347]",14.0,"[33.0, 31.0, 14.0, 14.0, 14.0, 14.0, 14.0, 14.0, 14.0, 14.0, 14.0, 14.0, 14.0, 14.0, 14.0, 14.0, 14.0, 14.0, 14.0, 14.0, 14.0, 14.0, 14.0, 14.0, 14.0, 14.0, 14.0, 14.0, 14.0, 14.0, 14.0, 14.0, 14.0, 14.0, 14.0, 14.0, 14.0, 14.0, 14.0, 14.0, 14.0, 14.0, 14.0, 14.0, 14.0, 14.0, 14.0, 14.0, 14.0, 14.0, 14.0, 14.0, 14.0, 14.0, 14.0, 14.0, 14.0, 14.0, 14.0, 14.0, 14.0, 14.0, 14.0, 14.0, 14.0, 14.0, 14.0, 14.0, 14.0, 14.0, 14.0, 14.0, 14.0, 14.0, 14.0, 14.0, 14.0, 14.0, 14.0, 14.0, 14.0, 14.0, 14.0, 14.0, 14.0, 14.0, 14.0, 14.0, 14.0, 14.0, 14.0, 14.0, 14.0, 14.0, 14.0, 14.0, 14.0, 14.0, 14.0, 14.0, 14.0, 14.0, 14.0, 14.0, 14.0, 14.0, 14.0, 14.0, 14.0, 14.0, 14.0, 14.0, 14.0, 14.0, 14.0, 14.0, 14.0, 14.0, 14.0, 14.0, 14.0, 14.0, 14.0, 14.0, 14.0, 14.0, 14.0, 14.0, 14.0, 14.0, 14.0, 14.0, 14.0, 14.0, 14.0, 14.0, 14.0, 14.0, 14.0, 14.0, 14.0, 14.0, 14.0, 14.0, 14.0, 14.0, 14.0, 14.0, 14.0, 14.0, 14.0, 14.0, 14.0, 14.0, 14.0, 14.0, 14.0, 14.0, 14.0, 14.0, 14.0, 14.0, 14.0, 14.0, 14.0, 14.0, 14.0, 14.0, 14.0, 14.0, 14.0, 14.0, 14.0, 14.0, 14.0, 14.0, 14.0, 14.0, 14.0, 14.0, 14.0, 14.0, 14.0, 14.0, 14.0, 14.0, 14.0, 14.0, 14.0, 14.0, 14.0, 14.0, 14.0, 14.0, 14.0, 14.0, 14.0, 14.0, 14.0, 14.0, 14.0, 14.0, 14.0, 14.0, 14.0, 14.0, 14.0, 14.0, 14.0, 14.0, 14.0, 14.0, 14.0, 14.0, 14.0, 14.0, 14.0, 14.0, 14.0, 14.0, 14.0, 14.0, 14.0, 14.0, 14.0, 14.0, 14.0, 14.0, 14.0, 14.0, 14.0, 14.0, 14.0, 14.0, 14.0, 14.0, 14.0, 14.0, 14.0, 14.0, 14.0, 14.0, 14.0, 14.0, 14.0, 14.0, 14.0, 14.0, 14.0, 14.0, 14.0, 14.0, 14.0, 14.0, 14.0, 14.0, 14.0, 14.0, 14.0, 14.0, 14.0, 14.0, 14.0, 14.0, 14.0, 14.0, 14.0, 14.0, 14.0, 14.0, 14.0, 14.0, 14.0, 14.0, 14.0, 14.0, 14.0, 14.0, 14.0, 14.0]",COMPLETE
80,80,0.5,2024-08-31 04:06:04.877947,2024-08-31 04:08:02.674433,0 days 00:01:57.796486,64,2.059157874702615,6,110,0.5985342711420998,46,0.022514370108409093,0.859,0.85875,0,"[33, 1, 0, 0, 0, 0, 0, 0, 0, 0, 0, 0, 0, 0, 0, 0, 0, 0, 0, 0, 0, 0, 0, 0, 0, 0, 0, 0, 0, 0, 0, 0, 0, 0, 0, 0, 0, 0, 0, 0, 0, 0, 0, 0, 0, 0, 0, 0, 0, 0, 0, 0, 0, 0, 0, 0, 0, 0, 0, 0, 0, 0, 0, 0, 0, 0, 0, 0, 0, 0, 0, 0, 0, 0, 0, 0, 0, 0, 0, 0, 0, 0, 0, 0, 0, 0, 0, 0, 0, 0, 0, 0, 0, 0, 0, 0, 0, 0, 0, 0, 0, 0, 0, 0, 0, 0, 0, 0, 0, 0]",0.0,"[32.93064182194617, 0.9986197377501725, 0.0, 0.0, 0.0, 0.0, 0.0, 0.0, 0.0, 0.0, 0.0, 0.0, 0.0, 0.0, 0.0, 0.0, 0.0, 0.0, 0.0, 0.0, 0.0, 0.0, 0.0, 0.0, 0.0, 0.0, 0.0, 0.0, 0.0, 0.0, 0.0, 0.0, 0.0, 0.0, 0.0, 0.0, 0.0, 0.0, 0.0, 0.0, 0.0, 0.0, 0.0, 0.0, 0.0, 0.0, 0.0, 0.0, 0.0, 0.0, 0.0, 0.0, 0.0, 0.0, 0.0, 0.0, 0.0, 0.0, 0.0, 0.0, 0.0, 0.0, 0.0, 0.0, 0.0, 0.0, 0.0, 0.0, 0.0, 0.0, 0.0, 0.0, 0.0, 0.0, 0.0, 0.0, 0.0, 0.0, 0.0, 0.0, 0.0, 0.0, 0.0, 0.0, 0.0, 0.0, 0.0, 0.0, 0.0, 0.0, 0.0, 0.0, 0.0, 0.0, 0.0, 0.0, 0.0, 0.0, 0.0, 0.0, 0.0, 0.0, 0.0, 0.0, 0.0, 0.0, 0.0, 0.0, 0.0, 0.0]",0.5,0.5,0,"[33, 1, 0, 0, 0, 0, 0, 0, 0, 0, 0, 0, 0, 0, 0, 0, 0, 0, 0, 0, 0, 0, 0, 0, 0, 0, 0, 0, 0, 0, 0, 0, 0, 0, 0, 0, 0, 0, 0, 0, 0, 0, 0, 0, 0, 0, 0, 0, 0, 0, 0, 0, 0, 0, 0, 0, 0, 0, 0, 0, 0, 0, 0, 0, 0, 0, 0, 0, 0, 0, 0, 0, 0, 0, 0, 0, 0, 0, 0, 0, 0, 0, 0, 0, 0, 0, 0, 0, 0, 0, 0, 0, 0, 0, 0, 0, 0, 0, 0, 0, 0, 0, 0, 0, 0, 0, 0, 0, 0, 0]",110,"[0.4103779196739197, 0.4052906036376953, 0.4072278141975403, 0.40723541378974915, 0.4072292447090149, 0.40775230526924133, 0.4076254367828369, 0.4073059558868408, 0.40801894664764404, 0.40822359919548035, 0.4079940915107727, 0.4072386920452118, 0.40948495268821716, 0.407296359539032, 0.4073798358440399, 0.4072279632091522, 0.40739697217941284, 0.40755847096443176, 0.4082182049751282, 0.40906333923339844, 0.4074404239654541, 0.4081383943557739, 0.4072520434856415, 0.407253623008728, 0.4078173041343689, 0.4072280526161194, 0.40832746028900146, 0.4075574576854706, 0.4072358012199402, 0.4075722098350525, 0.407292902469635, 0.40737587213516235, 0.4072345793247223, 0.4072909951210022, 0.4090821146965027, 0.4074990749359131, 0.4080076515674591, 0.4096517264842987, 0.4097573459148407, 0.4073594808578491, 0.40789833664894104, 0.40755683183670044, 0.4072542190551758, 0.40752747654914856, 0.40761619806289673, 0.4077104330062866, 0.4072606563568115, 0.40723147988319397, 0.4075765907764435, 0.4076298177242279, 0.40801358222961426, 0.40725329518318176, 0.407267689704895, 0.4087506830692291, 0.40728041529655457, 0.40722939372062683, 0.40736907720565796, 0.40724247694015503, 0.40789276361465454, 0.4072333574295044, 0.4075983464717865, 0.4076499938964844, 0.4072872996330261, 0.4075672924518585, 0.40725821256637573, 0.4072261154651642, 0.4073168933391571, 0.4086756408214569, 0.4077216386795044, 0.40904974937438965, 0.40736979246139526, 0.40727928280830383, 0.40722617506980896, 0.40725716948509216, 0.4073270857334137, 0.4087733328342438, 0.4074137806892395, 0.4075232744216919, 0.40731894969940186, 0.40733298659324646, 0.4076590836048126, 0.40872687101364136, 0.4085211455821991, 0.40722694993019104, 0.4072667062282562, 0.4072527289390564, 0.40759122371673584, 0.4082397520542145, 0.40722960233688354, 0.4111173152923584, 0.408041387796402, 0.4072261452674866, 0.4072979688644409, 0.40755730867385864, 0.4072679877281189, 0.4072261154651642, 0.40729451179504395, 0.40779954195022583, 0.40723130106925964, 0.4072997272014618, 0.4074459373950958, 0.40778011083602905, 0.407248318195343, 0.40783339738845825, 0.40782424807548523, 0.40735381841659546, 0.4080316424369812, 0.4104846119880676, 0.4072333574295044, 0.4072268605232239]",0.0,"[33.0, 1.0, 0.0, 0.0, 0.0, 0.0, 0.0, 0.0, 0.0, 0.0, 0.0, 0.0, 0.0, 0.0, 0.0, 0.0, 0.0, 0.0, 0.0, 0.0, 0.0, 0.0, 0.0, 0.0, 0.0, 0.0, 0.0, 0.0, 0.0, 0.0, 0.0, 0.0, 0.0, 0.0, 0.0, 0.0, 0.0, 0.0, 0.0, 0.0, 0.0, 0.0, 0.0, 0.0, 0.0, 0.0, 0.0, 0.0, 0.0, 0.0, 0.0, 0.0, 0.0, 0.0, 0.0, 0.0, 0.0, 0.0, 0.0, 0.0, 0.0, 0.0, 0.0, 0.0, 0.0, 0.0, 0.0, 0.0, 0.0, 0.0, 0.0, 0.0, 0.0, 0.0, 0.0, 0.0, 0.0, 0.0, 0.0, 0.0, 0.0, 0.0, 0.0, 0.0, 0.0, 0.0, 0.0, 0.0, 0.0, 0.0, 0.0, 0.0, 0.0, 0.0, 0.0, 0.0, 0.0, 0.0, 0.0, 0.0, 0.0, 0.0, 0.0, 0.0, 0.0, 0.0, 0.0, 0.0, 0.0, 0.0]",COMPLETE
