,number,value,datetime_start,datetime_complete,duration,params_batch_size_scaler,params_constant_learning_rate,params_depth,params_epochs,params_kernel_l2,params_num_trees,params_temperature,user_attrs_accuracy_test,user_attrs_accuracy_valid,user_attrs_approximate_feature_sparsity,user_attrs_approximate_feature_sparsity_history,user_attrs_approximate_weight_sparsity,user_attrs_approximate_weight_sparsity_history,user_attrs_auc_test,user_attrs_auc_valid,user_attrs_feature_sparsity,user_attrs_feature_sparsity_history,user_attrs_num_epochs,user_attrs_val_loss_history,user_attrs_weight_sparsity,user_attrs_weight_sparsity_history,state
45,45,0.9292293027270033,2024-08-31 02:25:30.705303,2024-08-31 02:30:18.273037,0 days 00:04:47.567734,4,0.04698165378101194,4,475,0.49310631483792494,57,0.0007475347133187527,0.941,0.94125,28,"[33, 33, 33, 33, 33, 33, 33, 33, 33, 33, 33, 33, 33, 33, 33, 33, 33, 33, 33, 33, 33, 33, 33, 33, 33, 33, 33, 33, 33, 33, 33, 33, 33, 33, 33, 33, 33, 33, 33, 33, 33, 33, 33, 33, 33, 33, 33, 33, 33, 33, 33, 33, 33, 33, 33, 33, 33, 33, 33, 33, 33, 33, 33, 33, 33, 33, 33, 33, 33, 33, 33, 33, 33, 33, 33, 33, 33, 33, 33, 33, 33, 33, 33, 33, 33, 33, 33, 33, 33, 33, 33, 33, 33, 33, 33, 33, 33, 33, 33, 33, 33, 33, 33, 33, 33, 33, 33, 33, 33, 33, 33, 33, 33, 33, 33, 33, 33, 33, 33, 33, 33, 33, 33, 33, 33, 33, 33, 33, 33, 33, 33, 33, 33, 33, 33, 33, 33, 33, 33, 33, 33, 33, 33, 33, 33, 33, 33, 33, 33, 33, 33, 33, 33, 33, 33, 33, 33, 33, 33, 33, 33, 33, 33, 33, 33, 33, 33, 33, 33, 33, 33, 33, 33, 33, 33, 33, 33, 33, 33, 33, 33, 33, 33, 33, 33, 33, 33, 33, 33, 33, 33, 33, 33, 33, 33, 33, 33, 33, 33, 33, 33, 33, 33, 33, 33, 33, 33, 33, 33, 33, 33, 33, 33, 33, 33, 33, 33, 33, 33, 33, 33, 33, 33, 33, 33, 33, 33, 33, 33, 33, 33, 33, 33, 33, 33, 33, 33, 33, 33, 33, 33, 33, 33, 33, 33, 33, 33, 33, 33, 33, 33, 33, 33, 33, 33, 33, 33, 33, 33, 33, 33, 33, 33, 33, 33, 33, 33, 33, 33, 33, 33, 33, 33, 33, 33, 33, 33, 33, 33, 33, 33, 33, 33, 33, 33, 33, 33, 33, 33, 33, 33, 33, 33, 33, 33, 33, 33, 33, 33, 33, 33, 33, 33, 33, 33, 33, 33, 33, 33, 33, 33, 33, 33, 33, 33, 33, 33, 33, 33, 33, 33, 33, 33, 33, 33, 33, 33, 33, 33, 33, 33, 33, 33, 33, 33, 33, 33, 33, 33, 33, 33, 33, 33, 33, 33, 33, 33, 33, 33, 33, 33, 33, 33, 33, 33, 32, 32, 32, 32, 32, 32, 32, 32, 32, 32, 32, 32, 32, 32, 31, 31, 31, 31, 31, 31, 31, 31, 31, 31, 31, 30, 30, 30, 30, 30, 30, 30, 30, 30, 30, 30, 30, 30, 30, 30, 30, 30, 30, 30, 30, 30, 30, 30, 30, 30, 30, 30, 30, 30, 30, 30, 30, 30, 30, 30, 30, 30, 30, 30, 30, 30, 30, 29, 29, 29, 29, 29, 29, 29, 29, 29, 29, 29, 29, 29, 29, 29, 29, 29, 29, 29, 29, 29, 29, 29, 29, 29, 29, 29, 29, 28, 28, 28, 28, 28, 28, 28, 28, 28, 28, 28, 28, 28, 28, 28, 28, 28, 28, 28, 28, 28, 28, 28, 28, 28]",27.89590643274854,"[32.95087719298246, 32.96257309941521, 32.967251461988305, 32.95789473684211, 32.96257309941521, 32.96491228070175, 32.967251461988305, 32.96374269005848, 32.956725146198835, 32.969590643274856, 32.96374269005848, 32.96023391812866, 32.95087719298245, 32.96140350877193, 32.955555555555556, 32.967251461988305, 32.96023391812866, 32.94970760233918, 32.96374269005848, 32.969590643274856, 32.96257309941521, 32.95906432748538, 32.96023391812866, 32.968421052631584, 32.969590643274856, 32.96257309941521, 32.96374269005848, 32.967251461988305, 32.969590643274856, 32.96374269005848, 32.96374269005848, 32.95087719298245, 32.95321637426901, 32.955555555555556, 32.96374269005848, 32.96257309941521, 32.96257309941521, 32.95087719298246, 32.955555555555556, 32.954385964912284, 32.954385964912284, 32.94970760233918, 32.9485380116959, 32.95204678362573, 32.95087719298246, 32.95321637426901, 32.95789473684211, 32.96608187134503, 32.954385964912284, 32.95906432748538, 32.96491228070175, 32.95906432748538, 32.9485380116959, 32.95906432748538, 32.95906432748538, 32.96257309941521, 32.95906432748538, 32.96023391812866, 32.96023391812866, 32.95087719298245, 32.94619883040936, 32.959064327485386, 32.953216374269005, 32.96491228070175, 32.953216374269005, 32.955555555555556, 32.9485380116959, 32.94970760233918, 32.95789473684211, 32.954385964912284, 32.95204678362573, 32.95087719298245, 32.96140350877193, 32.953216374269005, 32.94970760233918, 32.94502923976608, 32.93450292397661, 32.94269005847953, 32.942690058479535, 32.940350877192984, 32.93801169590644, 32.93801169590643, 32.941520467836256, 32.92631578947369, 32.945029239766086, 32.93684210526316, 32.93450292397661, 32.92748538011696, 32.93918128654971, 32.92982456140351, 32.94385964912281, 32.93918128654971, 32.94502923976608, 32.940350877192984, 32.93567251461988, 32.93216374269006, 32.93684210526316, 32.940350877192984, 32.94269005847953, 32.93684210526316, 32.93801169590643, 32.93801169590643, 32.941520467836256, 32.945029239766086, 32.939181286549704, 32.93216374269006, 32.941520467836256, 32.942690058479535, 32.928654970760235, 32.93801169590643, 32.941520467836256, 32.94853801169591, 32.95087719298246, 32.94385964912281, 32.943859649122814, 32.939181286549704, 32.93567251461988, 32.927485380116956, 32.942690058479535, 32.95204678362573, 32.955555555555556, 32.95204678362573, 32.94736842105264, 32.94853801169591, 32.93333333333333, 32.94269005847953, 32.94853801169591, 32.953216374269005, 32.94853801169591, 32.955555555555556, 32.94502923976608, 32.955555555555556, 32.95204678362573, 32.956725146198835, 32.9485380116959, 32.95672514619883, 32.94853801169591, 32.94970760233918, 32.94619883040936, 32.94853801169591, 32.941520467836256, 32.945029239766086, 32.954385964912284, 32.94853801169591, 32.94736842105263, 32.954385964912284, 32.96257309941521, 32.95672514619883, 32.96374269005848, 32.96608187134503, 32.96257309941521, 32.96491228070175, 32.954385964912284, 32.94736842105263, 32.955555555555556, 32.95204678362573, 32.94385964912281, 32.942690058479535, 32.93801169590644, 32.93450292397661, 32.93450292397661, 32.954385964912284, 32.94385964912281, 32.94619883040936, 32.95204678362573, 32.955555555555556, 32.956725146198835, 32.956725146198835, 32.9485380116959, 32.95087719298246, 32.942690058479535, 32.93450292397661, 32.92514619883041, 32.930994152046786, 32.93567251461988, 32.9345029239766, 32.93684210526316, 32.93801169590643, 32.92982456140351, 32.930994152046786, 32.92397660818713, 32.92397660818713, 32.927485380116956, 32.925146198830404, 32.92631578947368, 32.92631578947368, 32.92280701754386, 32.92280701754386, 32.92163742690058, 32.92280701754386, 32.928654970760235, 32.93333333333334, 32.93450292397661, 32.941520467836256, 32.94385964912281, 32.940350877192984, 32.941520467836256, 32.93333333333334, 32.940350877192984, 32.94152046783626, 32.941520467836256, 32.939181286549704, 32.93333333333334, 32.92397660818714, 32.92631578947368, 32.92280701754386, 32.92163742690059, 32.920467836257316, 32.90877192982456, 32.91228070175438, 32.927485380116956, 32.928654970760235, 32.92631578947368, 32.92046783625731, 32.92631578947368, 32.92046783625731, 32.92397660818713, 32.925146198830404, 32.91812865497076, 32.916959064327486, 32.92163742690058, 32.91929824561404, 32.92163742690059, 32.92397660818714, 32.928654970760235, 32.92631578947368, 32.929824561403514, 32.92982456140351, 32.92982456140351, 32.930994152046786, 32.92280701754386, 32.91929824561404, 32.92046783625731, 32.916959064327486, 32.92631578947368, 32.93333333333334, 32.93216374269006, 32.930994152046786, 32.932163742690065, 32.93918128654971, 32.93567251461988, 32.93216374269006, 32.941520467836256, 32.93918128654971, 32.93801169590643, 32.93450292397661, 32.942690058479535, 32.940350877192984, 32.93918128654971, 32.940350877192984, 32.942690058479535, 32.94619883040936, 32.941520467836256, 32.92982456140351, 32.925146198830404, 32.930994152046786, 32.93216374269006, 32.93450292397661, 32.928654970760235, 32.928654970760235, 32.92163742690059, 32.92748538011696, 32.93567251461988, 32.93450292397661, 32.940350877192984, 32.92982456140351, 32.927485380116956, 32.93684210526316, 32.941520467836256, 32.942690058479535, 32.94385964912281, 32.939181286549704, 32.927485380116956, 32.92631578947368, 32.92748538011696, 32.93333333333333, 32.928654970760235, 32.930994152046786, 32.9345029239766, 32.93684210526316, 32.93450292397661, 32.93216374269006, 32.93333333333334, 32.92748538011696, 32.930994152046786, 32.92280701754386, 32.92280701754386, 32.92163742690059, 32.92046783625731, 32.92631578947368, 32.925146198830404, 32.92748538011696, 32.92631578947368, 32.92280701754386, 32.92046783625731, 32.916959064327486, 32.92397660818713, 32.92163742690058, 32.92280701754386, 32.92280701754386, 32.91812865497076, 32.91812865497076, 32.91929824561404, 32.90994152046784, 32.916959064327486, 32.91812865497076, 32.91929824561403, 32.92046783625731, 32.92397660818714, 32.914619883040935, 32.92046783625731, 32.918128654970765, 32.916959064327486, 32.91111111111111, 32.91345029239766, 32.91111111111111, 32.91228070175438, 32.913450292397656, 32.91345029239766, 32.92046783625731, 32.914619883040935, 32.90760233918129, 32.90526315789474, 32.906432748538016, 32.90643274853801, 32.91111111111111, 32.91929824561403, 32.92280701754386, 32.928654970760235, 32.92397660818713, 32.92514619883041, 32.91111111111111, 32.91812865497076, 32.92046783625731, 32.91929824561404, 32.92631578947368, 32.928654970760235, 32.92631578947368, 32.92163742690059, 32.92163742690059, 32.914619883040935, 32.90877192982456, 32.904093567251465, 32.90643274853801, 32.904093567251465, 32.90994152046784, 32.90760233918129, 32.90643274853801, 32.89473684210526, 32.89590643274854, 32.892397660818716, 32.887719298245614, 32.89941520467836, 32.91111111111111, 32.90643274853801, 31.907602339181285, 31.91578947368421, 31.916959064327486, 31.914619883040935, 31.915789473684207, 31.915789473684207, 31.914619883040935, 31.91345029239766, 31.90409356725146, 31.907602339181285, 31.907602339181285, 31.904093567251458, 31.909941520467836, 31.913450292397663, 30.913450292397663, 30.91111111111111, 30.91345029239766, 30.91345029239766, 30.913450292397663, 30.913450292397663, 30.921637426900585, 30.92748538011696, 30.92046783625731, 30.916959064327486, 30.91111111111111, 29.919298245614037, 29.925146198830408, 29.92163742690058, 29.91345029239766, 29.907602339181285, 29.90409356725146, 29.909941520467836, 29.91578947368421, 29.918128654970758, 29.918128654970758, 29.912280701754383, 29.91345029239766, 29.90994152046784, 29.91111111111111, 29.907602339181285, 29.907602339181285, 29.909941520467836, 29.906432748538013, 29.898245614035087, 29.900584795321635, 29.894736842105264, 29.898245614035087, 29.897076023391815, 29.899415204678363, 29.905263157894737, 29.909941520467836, 29.901754385964914, 29.90292397660819, 29.89590643274854, 29.899415204678363, 29.899415204678363, 29.90292397660819, 29.894736842105264, 29.904093567251458, 29.909941520467836, 29.90877192982456, 29.916959064327486, 29.909941520467836, 29.904093567251458, 29.905263157894737, 29.907602339181285, 29.916959064327486, 28.914619883040935, 28.90877192982456, 28.91111111111111, 28.914619883040935, 28.91111111111111, 28.915789473684207, 28.909941520467836, 28.904093567251465, 28.90409356725146, 28.907602339181288, 28.902923976608186, 28.912280701754383, 28.90409356725146, 28.904093567251465, 28.905263157894737, 28.91111111111111, 28.91578947368421, 28.913450292397663, 28.912280701754387, 28.91111111111111, 28.909941520467832, 28.91461988304093, 28.90643274853801, 28.907602339181285, 28.899415204678363, 28.90409356725146, 28.904093567251458, 28.907602339181285, 27.905263157894737, 27.912280701754383, 27.914619883040938, 27.914619883040935, 27.914619883040935, 27.91578947368421, 27.914619883040935, 27.913450292397663, 27.913450292397663, 27.912280701754383, 27.90994152046784, 27.908771929824567, 27.91111111111111, 27.893567251461988, 27.892397660818716, 27.902923976608186, 27.905263157894733, 27.898245614035083, 27.906432748538013, 27.90877192982456, 27.909941520467836, 27.907602339181285, 27.911111111111108, 27.904093567251458, 27.89590643274854]",0.9120038969938654,0.9292293027270033,28,"[33, 33, 33, 33, 33, 33, 33, 33, 33, 33, 33, 33, 33, 33, 33, 33, 33, 33, 33, 33, 33, 33, 33, 33, 33, 33, 33, 33, 33, 33, 33, 33, 33, 33, 33, 33, 33, 33, 33, 33, 33, 33, 33, 33, 33, 33, 33, 33, 33, 33, 33, 33, 33, 33, 33, 33, 33, 33, 33, 33, 33, 33, 33, 33, 33, 33, 33, 33, 33, 33, 33, 33, 33, 33, 33, 33, 33, 33, 33, 33, 33, 33, 33, 33, 33, 33, 33, 33, 33, 33, 33, 33, 33, 33, 33, 33, 33, 33, 33, 33, 33, 33, 33, 33, 33, 33, 33, 33, 33, 33, 33, 33, 33, 33, 33, 33, 33, 33, 33, 33, 33, 33, 33, 33, 33, 33, 33, 33, 33, 33, 33, 33, 33, 33, 33, 33, 33, 33, 33, 33, 33, 33, 33, 33, 33, 33, 33, 33, 33, 33, 33, 33, 33, 33, 33, 33, 33, 33, 33, 33, 33, 33, 33, 33, 33, 33, 33, 33, 33, 33, 33, 33, 33, 33, 33, 33, 33, 33, 33, 33, 33, 33, 33, 33, 33, 33, 33, 33, 33, 33, 33, 33, 33, 33, 33, 33, 33, 33, 33, 33, 33, 33, 33, 33, 33, 33, 33, 33, 33, 33, 33, 33, 33, 33, 33, 33, 33, 33, 33, 33, 33, 33, 33, 33, 33, 33, 33, 33, 33, 33, 33, 33, 33, 33, 33, 33, 33, 33, 33, 33, 33, 33, 33, 33, 33, 33, 33, 33, 33, 33, 33, 33, 33, 33, 33, 33, 33, 33, 33, 33, 33, 33, 33, 33, 33, 33, 33, 33, 33, 33, 33, 33, 33, 33, 33, 33, 33, 33, 33, 33, 33, 33, 33, 33, 33, 33, 33, 33, 33, 33, 33, 33, 33, 33, 33, 33, 33, 33, 33, 33, 33, 33, 33, 33, 33, 33, 33, 33, 33, 33, 33, 33, 33, 33, 33, 33, 33, 33, 33, 33, 33, 33, 33, 33, 33, 33, 33, 33, 33, 33, 33, 33, 33, 33, 33, 33, 33, 33, 33, 33, 33, 33, 33, 33, 33, 33, 33, 33, 33, 33, 33, 33, 33, 33, 33, 32, 32, 32, 32, 32, 32, 32, 32, 32, 32, 32, 32, 32, 32, 31, 31, 31, 31, 31, 31, 31, 31, 31, 31, 31, 30, 30, 30, 30, 30, 30, 30, 30, 30, 30, 30, 30, 30, 30, 30, 30, 30, 30, 30, 30, 30, 30, 30, 30, 30, 30, 30, 30, 30, 30, 30, 30, 30, 30, 30, 30, 30, 30, 30, 30, 30, 30, 29, 29, 29, 29, 29, 29, 29, 29, 29, 29, 29, 29, 29, 29, 29, 29, 29, 29, 29, 29, 29, 29, 29, 29, 29, 29, 29, 29, 28, 28, 28, 28, 28, 28, 28, 28, 28, 28, 28, 28, 28, 28, 28, 28, 28, 28, 28, 28, 28, 28, 28, 28, 28]",475,"[0.43574124574661255, 0.42831042408943176, 0.42322462797164917, 0.4191822409629822, 0.415951132774353, 0.4132283926010132, 0.4110657870769501, 0.40902945399284363, 0.4073525667190552, 0.4057725965976715, 0.4044126570224762, 0.4031655788421631, 0.4019327461719513, 0.4006027281284332, 0.39958512783050537, 0.39843297004699707, 0.39737656712532043, 0.39636465907096863, 0.3952399790287018, 0.39451393485069275, 0.39339789748191833, 0.39229637384414673, 0.39142757654190063, 0.3904620110988617, 0.38951176404953003, 0.3885561227798462, 0.3877069354057312, 0.38686642050743103, 0.3859025537967682, 0.3850249946117401, 0.3840440809726715, 0.3831702172756195, 0.38237234950065613, 0.38165199756622314, 0.38091641664505005, 0.37992626428604126, 0.3793703019618988, 0.3782150149345398, 0.3775082528591156, 0.37662482261657715, 0.37567174434661865, 0.374825656414032, 0.3740520477294922, 0.37337520718574524, 0.37252020835876465, 0.3716965913772583, 0.3709929287433624, 0.3701678216457367, 0.36941298842430115, 0.3689225912094116, 0.36793556809425354, 0.3670541048049927, 0.36647701263427734, 0.36549869179725647, 0.36488407850265503, 0.36411434412002563, 0.36326998472213745, 0.3624190390110016, 0.361761212348938, 0.3610273003578186, 0.36016836762428284, 0.35944294929504395, 0.3587549924850464, 0.35785266757011414, 0.35709017515182495, 0.3567107021808624, 0.3556022644042969, 0.35481059551239014, 0.3540128767490387, 0.35336199402809143, 0.3527012765407562, 0.3516717255115509, 0.3509449362754822, 0.35012245178222656, 0.3493541479110718, 0.3485773205757141, 0.3477717936038971, 0.34700608253479004, 0.3463640511035919, 0.3455204367637634, 0.3445819020271301, 0.34401509165763855, 0.3429522216320038, 0.34230658411979675, 0.3411746919155121, 0.3403906226158142, 0.3395264446735382, 0.3387051522731781, 0.33780646324157715, 0.3372039794921875, 0.33613795042037964, 0.3352314233779907, 0.33446770906448364, 0.33374351263046265, 0.33272460103034973, 0.3315773010253906, 0.3306924104690552, 0.3299144506454468, 0.3291783630847931, 0.32794326543807983, 0.3271995484828949, 0.32614314556121826, 0.32519686222076416, 0.3243245780467987, 0.3235040605068207, 0.3228091299533844, 0.3215980529785156, 0.3208865225315094, 0.3198748528957367, 0.31912660598754883, 0.31824880838394165, 0.31715071201324463, 0.3163694143295288, 0.3154367506504059, 0.3145723044872284, 0.3137374818325043, 0.31292009353637695, 0.3119603395462036, 0.31109076738357544, 0.3102516531944275, 0.30944931507110596, 0.3087920844554901, 0.30792129039764404, 0.30708688497543335, 0.3062628507614136, 0.30553722381591797, 0.30484044551849365, 0.30399417877197266, 0.30360278487205505, 0.3025883436203003, 0.302211195230484, 0.30108708143234253, 0.300406277179718, 0.29965704679489136, 0.2990908622741699, 0.29836827516555786, 0.29763859510421753, 0.2969905734062195, 0.29633551836013794, 0.29573261737823486, 0.29517170786857605, 0.29444336891174316, 0.2938534617424011, 0.2933414578437805, 0.29278913140296936, 0.2921781539916992, 0.2915633022785187, 0.2911926507949829, 0.29032593965530396, 0.28975915908813477, 0.2892856001853943, 0.2888648509979248, 0.2884024381637573, 0.28769823908805847, 0.28710415959358215, 0.28675153851509094, 0.28638896346092224, 0.2856760025024414, 0.2850137948989868, 0.2845027446746826, 0.2840740978717804, 0.2838045656681061, 0.2830837070941925, 0.28253552317619324, 0.28215473890304565, 0.28169766068458557, 0.28121417760849, 0.2809269428253174, 0.2802208662033081, 0.27973049879074097, 0.27939701080322266, 0.27890515327453613, 0.27842479944229126, 0.27784493565559387, 0.2773652970790863, 0.27712881565093994, 0.2766142189502716, 0.2762114405632019, 0.2754807472229004, 0.2753097712993622, 0.27478155493736267, 0.274425745010376, 0.2739386260509491, 0.27353140711784363, 0.2731727361679077, 0.27260881662368774, 0.27223992347717285, 0.27159959077835083, 0.27128514647483826, 0.27088749408721924, 0.27039635181427, 0.27011358737945557, 0.2698027193546295, 0.26949450373649597, 0.2689867317676544, 0.2684763967990875, 0.2681545317173004, 0.2677238881587982, 0.26764267683029175, 0.267158567905426, 0.26658427715301514, 0.26625925302505493, 0.26580825448036194, 0.2654755413532257, 0.26489636301994324, 0.264982134103775, 0.2644519507884979, 0.26388388872146606, 0.26358315348625183, 0.2631973922252655, 0.2631537616252899, 0.26284274458885193, 0.2623264491558075, 0.26190775632858276, 0.2617715001106262, 0.2612197995185852, 0.2608966529369354, 0.2607496976852417, 0.2601720988750458, 0.26023098826408386, 0.2594698965549469, 0.2589874565601349, 0.25869590044021606, 0.25842249393463135, 0.2582463026046753, 0.2578763961791992, 0.25748053193092346, 0.2567679286003113, 0.2566850781440735, 0.25629252195358276, 0.25603851675987244, 0.2560485303401947, 0.25550350546836853, 0.255113810300827, 0.2550314664840698, 0.25464004278182983, 0.25434574484825134, 0.25397467613220215, 0.2535453736782074, 0.2531048059463501, 0.25303947925567627, 0.2528528869152069, 0.2528059184551239, 0.2521458566188812, 0.25189098715782166, 0.2524661719799042, 0.2515707015991211, 0.2508118152618408, 0.25074517726898193, 0.2504272162914276, 0.2502763867378235, 0.2501721680164337, 0.24983547627925873, 0.24954262375831604, 0.2495843917131424, 0.249089777469635, 0.24884818494319916, 0.24832171201705933, 0.24813897907733917, 0.24789324402809143, 0.2474249303340912, 0.24726901948451996, 0.24711671471595764, 0.2471274435520172, 0.24714504182338715, 0.2465088665485382, 0.24605049192905426, 0.24609804153442383, 0.24552203714847565, 0.24570028483867645, 0.2450251579284668, 0.2452416568994522, 0.24474479258060455, 0.24492572247982025, 0.24456314742565155, 0.24408647418022156, 0.24409805238246918, 0.24413272738456726, 0.2440057396888733, 0.24361568689346313, 0.24300549924373627, 0.24293731153011322, 0.24303853511810303, 0.24286121129989624, 0.242856964468956, 0.2421467900276184, 0.24183523654937744, 0.24176394939422607, 0.241635262966156, 0.2416631281375885, 0.24145793914794922, 0.24088741838932037, 0.2405901551246643, 0.24029725790023804, 0.24039432406425476, 0.24035142362117767, 0.23979738354682922, 0.23986591398715973, 0.23959815502166748, 0.2401258498430252, 0.2392205446958542, 0.23899854719638824, 0.2386326789855957, 0.23911640048027039, 0.2387794703245163, 0.23848728835582733, 0.23822061717510223, 0.23822523653507233, 0.2380559742450714, 0.23802559077739716, 0.23736101388931274, 0.23761016130447388, 0.23743309080600739, 0.23704104125499725, 0.2367459535598755, 0.2371860146522522, 0.23626236617565155, 0.23630943894386292, 0.23621349036693573, 0.23641441762447357, 0.23638927936553955, 0.23542381823062897, 0.2353530079126358, 0.23545272648334503, 0.23527014255523682, 0.2354239821434021, 0.23508112132549286, 0.23547497391700745, 0.23479078710079193, 0.23570480942726135, 0.23457561433315277, 0.23469938337802887, 0.23440714180469513, 0.23410825431346893, 0.23481230437755585, 0.23406212031841278, 0.2340461164712906, 0.23349516093730927, 0.23364967107772827, 0.23304347693920135, 0.23315387964248657, 0.2335348129272461, 0.23308950662612915, 0.23312152922153473, 0.23284444212913513, 0.23276714980602264, 0.23220929503440857, 0.2329457402229309, 0.23248012363910675, 0.2323381006717682, 0.2319800704717636, 0.23191078007221222, 0.23148749768733978, 0.23132044076919556, 0.231256365776062, 0.23136888444423676, 0.23088747262954712, 0.23106509447097778, 0.2306678742170334, 0.2304399609565735, 0.23041976988315582, 0.23045718669891357, 0.2299438714981079, 0.23088203370571136, 0.23038946092128754, 0.23013383150100708, 0.22956889867782593, 0.22963380813598633, 0.22955361008644104, 0.2296219766139984, 0.2294987142086029, 0.22938135266304016, 0.2290772944688797, 0.23031683266162872, 0.2287752479314804, 0.22897136211395264, 0.22918196022510529, 0.2288110852241516, 0.2282128483057022, 0.22808611392974854, 0.22881728410720825, 0.22747358679771423, 0.22791428864002228, 0.22808921337127686, 0.22774098813533783, 0.22766336798667908, 0.22696270048618317, 0.22749409079551697, 0.22745400667190552, 0.22729948163032532, 0.22716020047664642, 0.22724200785160065, 0.22691044211387634, 0.22791214287281036