,number,value,datetime_start,datetime_complete,duration,params_batch_size_scaler,params_constant_learning_rate,params_depth,params_epochs,params_kernel_l2,params_num_trees,params_temperature,user_attrs_accuracy_test,user_attrs_accuracy_valid,user_attrs_approximate_feature_sparsity,user_attrs_approximate_feature_sparsity_history,user_attrs_approximate_weight_sparsity,user_attrs_approximate_weight_sparsity_history,user_attrs_auc_test,user_attrs_auc_valid,user_attrs_feature_sparsity,user_attrs_feature_sparsity_history,user_attrs_num_epochs,user_attrs_val_loss_history,user_attrs_weight_sparsity,user_attrs_weight_sparsity_history,state
61,61,0.9187566822532236,2024-08-31 02:45:59.192278,2024-08-31 02:46:33.049882,0 days 00:00:33.857604,16,0.15849266794914443,3,250,0.0015934701608420491,93,0.0033197035732095257,0.914,0.91625,33,"[33, 33, 33, 33, 33, 33, 33, 33, 33, 33, 33, 33, 33, 33, 33, 33, 33, 33, 33, 33, 33, 33, 33, 33, 33, 33, 33, 33, 33, 33, 33, 33, 33, 33, 33, 33, 33, 33, 33, 33, 33, 33, 33, 33, 33, 33, 33, 33, 33, 33, 33, 33, 33, 33, 33, 33, 33, 33, 33, 33, 33, 33, 33, 33, 33, 33, 33, 33, 33, 33, 33, 33, 33, 33, 33, 33, 33, 33, 33, 33, 33, 33, 33, 33, 33, 33, 33, 33, 33, 33, 33, 33, 33, 33, 33, 33, 33, 33, 33, 33, 33, 33, 33, 33, 33, 33, 33, 33, 33, 33, 33, 33, 33, 33, 33, 33, 33, 33, 33, 33, 33, 33, 33, 33, 33, 33, 33, 33, 33, 33, 33, 33, 33, 33, 33, 33, 33, 33, 33, 33, 33, 33, 33, 33, 33, 33, 33, 33, 33, 33, 33, 33, 33, 33, 33, 33, 33, 33, 33, 33, 33, 33, 33, 33, 33, 33, 33, 33, 33, 33, 33, 33, 33, 33, 33, 33, 33, 33, 33, 33, 33, 33, 33, 33, 33, 33, 33, 33, 33, 33, 33, 33, 33, 33, 33, 33, 33, 33, 33, 33, 33, 33, 33, 33, 33, 33, 33, 33, 33, 33, 33, 33, 33, 33, 33, 33, 33, 33, 33, 33, 33, 33, 33, 33, 33, 33, 33, 33, 33, 33, 33, 33, 33, 33, 33, 33, 33, 33, 33, 33, 33, 33, 33, 33, 33, 33, 33, 33, 33, 33]",32.9615975422427,"[32.97081413210446, 32.964669738863286, 32.964669738863286, 32.95698924731183, 32.96006144393241, 32.953917050691246, 32.953917050691246, 32.94777265745007, 32.94930875576037, 32.944700460829495, 32.958525345622114, 32.956989247311824, 32.964669738863286, 32.953917050691246, 32.97081413210445, 32.955453149001535, 32.95852534562212, 32.956989247311824, 32.96006144393241, 32.963133640552996, 32.96927803379416, 32.966205837173575, 32.96159754224271, 32.966205837173575, 32.955453149001535, 32.97081413210445, 32.953917050691246, 32.95084485407066, 32.95852534562212, 32.96006144393241, 32.97081413210445, 32.966205837173575, 32.97849462365591, 32.97081413210445, 32.963133640552996, 32.95852534562212, 32.95852534562212, 32.95084485407066, 32.9431643625192, 32.946236559139784, 32.95084485407066, 32.94777265745007, 32.953917050691246, 32.956989247311824, 32.95852534562212, 32.966205837173575, 32.96006144393241, 32.96006144393241, 32.952380952380956, 32.9615975422427, 32.963133640552996, 32.966205837173575, 32.963133640552996, 32.963133640552996, 32.955453149001535, 32.953917050691246, 32.95852534562212, 32.96006144393241, 32.94777265745007, 32.94930875576037, 32.96774193548387, 32.95852534562212, 32.953917050691246, 32.96774193548387, 32.96927803379416, 32.96927803379416, 32.955453149001535, 32.96927803379416, 32.963133640552996, 32.95852534562212, 32.96006144393241, 32.95698924731183, 32.953917050691246, 32.963133640552996, 32.9615975422427, 32.96006144393241, 32.96774193548387, 32.963133640552996, 32.964669738863286, 32.964669738863286, 32.964669738863286, 32.96159754224271, 32.963133640552996, 32.97235023041475, 32.96159754224271, 32.955453149001535, 32.953917050691246, 32.95698924731183, 32.96006144393241, 32.96927803379416, 32.964669738863286, 32.95698924731183, 32.956989247311824, 32.97235023041475, 32.97081413210446, 32.964669738863286, 32.964669738863286, 32.97081413210445, 32.966205837173575, 32.963133640552996, 32.96927803379416, 32.97235023041475, 32.96927803379416, 32.97388632872504, 32.975422427035326, 32.97388632872504, 32.966205837173575, 32.964669738863286, 32.97081413210445, 32.96927803379416, 32.975422427035326, 32.97695852534562, 32.97388632872504, 32.97695852534562, 32.966205837173575, 32.97388632872504, 32.96927803379416, 32.964669738863286, 32.966205837173575, 32.95698924731183, 32.96159754224271, 32.963133640552996, 32.96159754224271, 32.963133640552996, 32.96927803379416, 32.96006144393241, 32.95698924731183, 32.9615975422427, 32.955453149001535, 32.95084485407066, 32.956989247311824, 32.94162826420891, 32.95084485407066, 32.96774193548387, 32.966205837173575, 32.96159754224271, 32.953917050691246, 32.953917050691246, 32.9615975422427, 32.964669738863286, 32.964669738863286, 32.96927803379416, 32.97388632872504, 32.97235023041475, 32.963133640552996, 32.9615975422427, 32.963133640552996, 32.9615975422427, 32.96006144393241, 32.956989247311824, 32.953917050691246, 32.9615975422427, 32.963133640552996, 32.9615975422427, 32.964669738863286, 32.964669738863286, 32.96927803379416, 32.96620583717358, 32.96774193548387, 32.96774193548387, 32.966205837173575, 32.964669738863286, 32.96774193548387, 32.964669738863286, 32.97388632872504, 32.96774193548387, 32.96006144393241, 32.956989247311824, 32.964669738863286, 32.9615975422427, 32.96006144393241, 32.96620583717358, 32.966205837173575, 32.963133640552996, 32.9615975422427, 32.963133640552996, 32.964669738863286, 32.96774193548387, 32.963133640552996, 32.9615975422427, 32.96159754224271, 32.96927803379416, 32.964669738863286, 32.963133640552996, 32.97081413210445, 32.96927803379416, 32.96927803379416, 32.97695852534562, 32.975422427035326, 32.97235023041475, 32.96006144393241, 32.964669738863286, 32.96774193548387, 32.9615975422427, 32.95852534562212, 32.964669738863286, 32.96774193548387, 32.966205837173575, 32.97388632872504, 32.9815668202765, 32.975422427035326, 32.9815668202765, 32.97695852534562, 32.97081413210446, 32.97388632872504, 32.96774193548387, 32.9800307219662, 32.97695852534562, 32.97235023041475, 32.963133640552996, 32.96774193548387, 32.96774193548387, 32.966205837173575, 32.97081413210445, 32.963133640552996, 32.963133640552996, 32.96927803379416, 32.96620583717358, 32.97081413210446, 32.96006144393241, 32.94930875576037, 32.9431643625192, 32.95238095238095, 32.9615975422427, 32.953917050691246, 32.96159754224271, 32.966205837173575, 32.95852534562212, 32.958525345622114, 32.94930875576037, 32.956989247311824, 32.955453149001535, 32.9615975422427, 32.956989247311824, 32.96006144393241, 32.95852534562212, 32.966205837173575, 32.963133640552996, 32.966205837173575, 32.96006144393241, 32.95852534562212, 32.96006144393241, 32.95852534562212, 32.95084485407066, 32.94930875576037, 32.955453149001535, 32.963133640552996, 32.96774193548387, 32.96774193548387, 32.9615975422427]",0.900923884774478,0.9187566822532236,33,"[33, 33, 33, 33, 33, 33, 33, 33, 33, 33, 33, 33, 33, 33, 33, 33, 33, 33, 33, 33, 33, 33, 33, 33, 33, 33, 33, 33, 33, 33, 33, 33, 33, 33, 33, 33, 33, 33, 33, 33, 33, 33, 33, 33, 33, 33, 33, 33, 33, 33, 33, 33, 33, 33, 33, 33, 33, 33, 33, 33, 33, 33, 33, 33, 33, 33, 33, 33, 33, 33, 33, 33, 33, 33, 33, 33, 33, 33, 33, 33, 33, 33, 33, 33, 33, 33, 33, 33, 33, 33, 33, 33, 33, 33, 33, 33, 33, 33, 33, 33, 33, 33, 33, 33, 33, 33, 33, 33, 33, 33, 33, 33, 33, 33, 33, 33, 33, 33, 33, 33, 33, 33, 33, 33, 33, 33, 33, 33, 33, 33, 33, 33, 33, 33, 33, 33, 33, 33, 33, 33, 33, 33, 33, 33, 33, 33, 33, 33, 33, 33, 33, 33, 33, 33, 33, 33, 33, 33, 33, 33, 33, 33, 33, 33, 33, 33, 33, 33, 33, 33, 33, 33, 33, 33, 33, 33, 33, 33, 33, 33, 33, 33, 33, 33, 33, 33, 33, 33, 33, 33, 33, 33, 33, 33, 33, 33, 33, 33, 33, 33, 33, 33, 33, 33, 33, 33, 33, 33, 33, 33, 33, 33, 33, 33, 33, 33, 33, 33, 33, 33, 33, 33, 33, 33, 33, 33, 33, 33, 33, 33, 33, 33, 33, 33, 33, 33, 33, 33, 33, 33, 33, 33, 33, 33, 33, 33, 33, 33, 33, 33]",250,"[0.3978733718395233, 0.39032965898513794, 0.3832823634147644, 0.37947848439216614, 0.38099905848503113, 0.37365666031837463, 0.37150660157203674, 0.37080106139183044, 0.3704918920993805, 0.36653339862823486, 0.365266889333725, 0.3639160990715027, 0.3628358840942383, 0.36167606711387634, 0.3603026568889618, 0.35928288102149963, 0.3580366373062134, 0.3569180965423584, 0.3563826084136963, 0.35479485988616943, 0.353525847196579, 0.35254544019699097, 0.3524247705936432, 0.3502807319164276, 0.3495110273361206, 0.348759263753891, 0.3478739261627197, 0.34853771328926086, 0.34610098600387573, 0.34637221693992615, 0.3437614142894745, 0.3452528417110443, 0.3424329459667206, 0.3409440517425537, 0.34014520049095154, 0.339376300573349, 0.3380873501300812, 0.3381405770778656, 0.3377988934516907, 0.3365131616592407, 0.3353586196899414, 0.33566007018089294, 0.3338771164417267, 0.3325214385986328, 0.3318038582801819, 0.3312278091907501, 0.33033686876296997, 0.3328445851802826, 0.3287287652492523, 0.3280220925807953, 0.3272588849067688, 0.32696399092674255, 0.3253380060195923, 0.32473480701446533, 0.3237517178058624, 0.32330992817878723, 0.32496559619903564, 0.3238934278488159, 0.3204692602157593, 0.3204095959663391, 0.3196929693222046, 0.31842970848083496, 0.31743553280830383, 0.31659871339797974, 0.31598126888275146, 0.31622159481048584, 0.31551867723464966, 0.3148197829723358, 0.312992662191391, 0.31416192650794983, 0.3107976019382477, 0.309914231300354, 0.3095551133155823, 0.30893760919570923, 0.3074624538421631, 0.30735474824905396, 0.3072410225868225, 0.3050519824028015, 0.3037160038948059, 0.3034074306488037, 0.3019663393497467, 0.3023035526275635, 0.3012838661670685, 0.30035561323165894, 0.2981373071670532, 0.2969512939453125, 0.2962281107902527, 0.29775160551071167, 0.2936782240867615, 0.2929093837738037, 0.29194945096969604, 0.2904801666736603, 0.29021155834198, 0.28891152143478394, 0.2875945568084717, 0.2868874669075012, 0.28564828634262085, 0.2848426103591919, 0.2833889126777649, 0.2824305593967438, 0.28180062770843506, 0.2810972332954407, 0.2817741334438324, 0.27909958362579346, 0.278232604265213, 0.27687641978263855, 0.27537989616394043, 0.27465131878852844, 0.2733706533908844, 0.2723444998264313, 0.2714415490627289, 0.2706536054611206, 0.26979687809944153, 0.2691701650619507, 0.26827433705329895, 0.2686030864715576, 0.2672479748725891, 0.2656395137310028, 0.2650904357433319, 0.2650403678417206, 0.26399439573287964, 0.26388639211654663, 0.2623274028301239, 0.26287841796875, 0.2618451416492462, 0.26086199283599854, 0.25951749086380005, 0.2587358057498932, 0.25828760862350464, 0.2608727216720581, 0.2568378150463104, 0.2567364573478699, 0.2556283473968506, 0.2557149827480316, 0.2547358572483063, 0.2539295256137848, 0.25477445125579834, 0.2536095380783081, 0.25336018204689026, 0.2514955401420593, 0.252492219209671, 0.2508728504180908, 0.2513199746608734, 0.2499878853559494, 0.2501043975353241, 0.2500801384449005, 0.24862052500247955, 0.24799461662769318, 0.24769620597362518, 0.24752597510814667, 0.2479117214679718, 0.24661226570606232, 0.24650561809539795, 0.2462451010942459, 0.24550963938236237, 0.245354562997818, 0.2465500682592392, 0.24492715299129486, 0.24451608955860138, 0.24415750801563263, 0.24355272948741913, 0.2445429414510727, 0.24289722740650177, 0.24248988926410675, 0.24215207993984222, 0.24320140480995178, 0.24173974990844727, 0.24231857061386108, 0.24065618216991425, 0.24097715318202972, 0.24016182124614716, 0.24072952568531036, 0.23918624222278595, 0.2387101948261261, 0.23861171305179596, 0.23861099779605865, 0.2387339025735855, 0.23796503245830536, 0.23823657631874084, 0.23740093410015106, 0.2367531806230545, 0.23655304312705994, 0.23600545525550842, 0.2356998324394226, 0.23541928827762604, 0.2356785535812378, 0.23492687940597534, 0.23449228703975677, 0.23421286046504974, 0.23410075902938843, 0.23345798254013062, 0.23411279916763306, 0.23265551030635834, 0.23256921768188477, 0.2322448492050171, 0.2317802608013153, 0.23164694011211395, 0.2313225418329239, 0.2308507114648819, 0.23098257184028625, 0.23044542968273163, 0.2307167798280716, 0.2304200679063797, 0.22957058250904083, 0.23383799195289612, 0.2313540279865265, 0.22844459116458893, 0.22817447781562805, 0.228800967335701, 0.22801806032657623, 0.2274838089942932, 0.22685059905052185, 0.2274261862039566, 0.2260894924402237, 0.22581762075424194, 0.22574010491371155, 0.2261330783367157, 0.22524935007095337, 0.22528943419456482, 0.22466380894184113, 0.22491790354251862, 0.224653422832489, 0.22378790378570557, 0.22364655137062073, 0.2229805439710617, 0.222531259059906, 0.22328224778175354, 0.22190648317337036, 0.2217707633972168, 0.22182703018188477, 0.2217124104499817, 0.22144223749637604, 0.22161231935024261, 0.22116601467132568, 0.2208905667066574, 0.21997863054275513, 0.2203952968120575, 0.21896491944789886, 0.21867376565933228, 0.21885894238948822, 0.21830114722251892, 0.2175544798374176, 0.21919739246368408, 0.2173888385295868, 0.21698158979415894, 0.2166449874639511, 0.21653425693511963, 0.21751312911510468, 0.2158796340227127, 0.21621957421302795]",33.0,"[33.0, 33.0, 33.0, 33.0, 33.0, 33.0, 33.0, 33.0, 33.0, 33.0, 33.0, 33.0, 33.0, 33.0, 33.0, 33.0, 33.0, 33.0, 33.0, 33.0, 33.0, 33.0, 33.0, 33.0, 33.0, 33.0, 33.0, 33.0, 33.0, 33.0, 33.0, 33.0, 33.0, 33.0, 33.0, 33.0, 33.0, 33.0, 33.0, 33.0, 33.0, 33.0, 33.0, 33.0, 33.0, 33.0, 33.0, 33.0, 33.0, 33.0, 33.0, 33.0, 33.0, 33.0, 33.0, 33.0, 33.0, 33.0, 33.0, 33.0, 33.0, 33.0, 33.0, 33.0, 33.0, 33.0, 33.0, 33.0, 33.0, 33.0, 33.0, 33.0, 33.0, 33.0, 33.0, 33.0, 33.0, 33.0, 33.0, 33.0, 33.0, 33.0, 33.0, 33.0, 33.0, 33.0, 33.0, 33.0, 33.0, 33.0, 33.0, 33.0, 33.0, 33.0, 33.0, 33.0, 33.0, 33.0, 33.0, 33.0, 33.0, 33.0, 33.0, 33.0, 33.0, 33.0, 33.0, 33.0, 33.0, 33.0, 33.0, 33.0, 33.0, 33.0, 33.0, 33.0, 33.0, 33.0, 33.0, 33.0, 33.0, 33.0, 33.0, 33.0, 33.0, 33.0, 33.0, 33.0, 33.0, 33.0, 33.0, 33.0, 33.0, 33.0, 33.0, 33.0, 33.0, 33.0, 33.0, 33.0, 33.0, 33.0, 33.0, 33.0, 33.0, 33.0, 33.0, 33.0, 33.0, 33.0, 33.0, 33.0, 33.0, 33.0, 33.0, 33.0, 33.0, 33.0, 33.0, 33.0, 33.0, 33.0, 33.0, 33.0, 33.0, 33.0, 33.0, 33.0, 33.0, 33.0, 33.0, 33.0, 33.0, 33.0, 33.0, 33.0, 33.0, 33.0, 33.0, 33.0, 33.0, 33.0, 33.0, 33.0, 33.0, 33.0, 33.0, 33.0, 33.0, 33.0, 33.0, 33.0, 33.0, 33.0, 33.0, 33.0, 33.0, 33.0, 33.0, 33.0, 33.0, 33.0, 33.0, 33.0, 33.0, 33.0, 33.0, 33.0, 33.0, 33.0, 33.0, 33.0, 33.0, 33.0, 33.0, 33.0, 33.0, 33.0, 33.0, 33.0, 33.0, 33.0, 33.0, 33.0, 33.0, 33.0, 33.0, 33.0, 33.0, 33.0, 33.0, 33.0, 33.0, 33.0, 33.0, 33.0, 33.0, 33.0, 33.0, 33.0, 33.0, 33.0, 33.0, 33.0, 33.0, 33.0, 33.0, 33.0, 33.0, 33.0]",COMPLETE
