,number,value,datetime_start,datetime_complete,duration,params_batch_size_scaler,params_constant_learning_rate,params_depth,params_epochs,params_kernel_l2,params_num_trees,params_temperature,user_attrs_accuracy_test,user_attrs_accuracy_valid,user_attrs_approximate_feature_sparsity,user_attrs_approximate_feature_sparsity_history,user_attrs_approximate_weight_sparsity,user_attrs_approximate_weight_sparsity_history,user_attrs_auc_test,user_attrs_auc_valid,user_attrs_feature_sparsity,user_attrs_feature_sparsity_history,user_attrs_num_epochs,user_attrs_val_loss_history,user_attrs_weight_sparsity,user_attrs_weight_sparsity_history,state
77,77,0.5,2024-08-31 03:56:12.613670,2024-08-31 03:59:19.338396,0 days 00:03:06.724726,16,3.057753641732242,6,130,0.07667594157180325,67,0.006815902706196889,0.859,0.85875,0,"[33, 0, 0, 0, 0, 0, 0, 0, 0, 0, 0, 0, 0, 0, 0, 0, 0, 0, 0, 0, 0, 0, 0, 0, 0, 0, 0, 0, 0, 0, 0, 0, 0, 0, 0, 0, 0, 0, 0, 0, 0, 0, 0, 0, 0, 0, 0, 0, 0, 0, 0, 0, 0, 0, 0, 0, 0, 0, 0, 0, 0, 0, 0, 0, 0, 0, 0, 0, 0, 0, 0, 0, 0, 0, 0, 0, 0, 0, 0, 0, 0, 0, 0, 0, 0, 0, 0, 0, 0, 0, 0, 0, 0, 0, 0, 0, 0, 0, 0, 0, 0, 0, 0, 0, 0, 0, 0, 0, 0, 0, 0, 0, 0, 0, 0, 0, 0, 0, 0, 0, 0, 0, 0, 0, 0, 0, 0, 0, 0, 0]",0.0,"[32.90594645818527, 0.0, 0.0, 0.0, 0.0, 0.0, 0.0, 0.0, 0.0, 0.0, 0.0, 0.0, 0.0, 0.0, 0.0, 0.0, 0.0, 0.0, 0.0, 0.0, 0.0, 0.0, 0.0, 0.0, 0.0, 0.0, 0.0, 0.0, 0.0, 0.0, 0.0, 0.0, 0.0, 0.0, 0.0, 0.0, 0.0, 0.0, 0.0, 0.0, 0.0, 0.0, 0.0, 0.0, 0.0, 0.0, 0.0, 0.0, 0.0, 0.0, 0.0, 0.0, 0.0, 0.0, 0.0, 0.0, 0.0, 0.0, 0.0, 0.0, 0.0, 0.0, 0.0, 0.0, 0.0, 0.0, 0.0, 0.0, 0.0, 0.0, 0.0, 0.0, 0.0, 0.0, 0.0, 0.0, 0.0, 0.0, 0.0, 0.0, 0.0, 0.0, 0.0, 0.0, 0.0, 0.0, 0.0, 0.0, 0.0, 0.0, 0.0, 0.0, 0.0, 0.0, 0.0, 0.0, 0.0, 0.0, 0.0, 0.0, 0.0, 0.0, 0.0, 0.0, 0.0, 0.0, 0.0, 0.0, 0.0, 0.0, 0.0, 0.0, 0.0, 0.0, 0.0, 0.0, 0.0, 0.0, 0.0, 0.0, 0.0, 0.0, 0.0, 0.0, 0.0, 0.0, 0.0, 0.0, 0.0, 0.0]",0.5,0.5,0,"[33, 0, 0, 0, 0, 0, 0, 0, 0, 0, 0, 0, 0, 0, 0, 0, 0, 0, 0, 0, 0, 0, 0, 0, 0, 0, 0, 0, 0, 0, 0, 0, 0, 0, 0, 0, 0, 0, 0, 0, 0, 0, 0, 0, 0, 0, 0, 0, 0, 0, 0, 0, 0, 0, 0, 0, 0, 0, 0, 0, 0, 0, 0, 0, 0, 0, 0, 0, 0, 0, 0, 0, 0, 0, 0, 0, 0, 0, 0, 0, 0, 0, 0, 0, 0, 0, 0, 0, 0, 0, 0, 0, 0, 0, 0, 0, 0, 0, 0, 0, 0, 0, 0, 0, 0, 0, 0, 0, 0, 0, 0, 0, 0, 0, 0, 0, 0, 0, 0, 0, 0, 0, 0, 0, 0, 0, 0, 0, 0, 0]",130,"[0.3816572427749634, 0.41111546754837036, 0.40799641609191895, 0.4072553515434265, 0.40773966908454895, 0.4140612483024597, 0.4074115753173828, 0.4075695276260376, 0.4099448025226593, 0.41786810755729675, 0.410725861787796, 0.40744534134864807, 0.4096926748752594, 0.40740132331848145, 0.4120195806026459, 0.407893568277359, 0.4080371856689453, 0.408830463886261, 0.4106557369232178, 0.40926989912986755, 0.4083576202392578, 0.4074573814868927, 0.4076823890209198, 0.40731680393218994, 0.4180739223957062, 0.40733352303504944, 0.4085078537464142, 0.4072438180446625, 0.4072261452674866, 0.40802597999572754, 0.40997210144996643, 0.40807780623435974, 0.4081825613975525, 0.41414692997932434, 0.41197699308395386, 0.407368540763855, 0.4084020256996155, 0.4073363244533539, 0.4076126515865326, 0.40737831592559814, 0.4167255461215973, 0.40772491693496704, 0.41074225306510925, 0.40891602635383606, 0.4106737971305847, 0.4074012041091919, 0.40828314423561096, 0.417349249124527, 0.40726470947265625, 0.4096361994743347, 0.4079899489879608, 0.4104906916618347, 0.4072379767894745, 0.40827205777168274, 0.40851807594299316, 0.4218415915966034, 0.40934211015701294, 0.4072303771972656, 0.40988004207611084, 0.4072840213775635, 0.408059686422348, 0.40828749537467957, 0.4108506441116333, 0.40752461552619934, 0.40740612149238586, 0.4084295630455017, 0.42389798164367676, 0.41158637404441833, 0.4079611599445343, 0.4072408676147461, 0.40724191069602966, 0.40755072236061096, 0.40768730640411377, 0.4078115224838257, 0.40887507796287537, 0.4078070819377899, 0.40723079442977905, 0.4091544449329376, 0.4088757038116455, 0.40826210379600525, 0.407256543636322, 0.4103330969810486, 0.40725022554397583, 0.4073834717273712, 0.40728959441185, 0.40724116563796997, 0.41113176941871643, 0.4181652069091797, 0.4137943983078003, 0.408471018075943, 0.40893611311912537, 0.4102403521537781, 0.4144662916660309, 0.4072423279285431, 0.4092586040496826, 0.4208180606365204, 0.4228234589099884, 0.4086209535598755, 0.4130219519138336, 0.40786248445510864, 0.40748992562294006, 0.41119450330734253, 0.40967848896980286, 0.40733376145362854, 0.42063573002815247, 0.4076639413833618, 0.4077645540237427, 0.4156742990016937, 0.40826892852783203, 0.4108269214630127, 0.40890610218048096, 0.4093170464038849, 0.4072391986846924, 0.4091619849205017, 0.4081186056137085, 0.4181614816188812, 0.4082607924938202, 0.4073719382286072, 0.40785902738571167, 0.4119163155555725, 0.41742098331451416, 0.4077703058719635, 0.4082406163215637, 0.40932023525238037, 0.40958160161972046, 0.4101405441761017, 0.40731188654899597, 0.4094299376010895, 0.4072694778442383, 0.41146114468574524]",0.0,"[33.0, 0.0, 0.0, 0.0, 0.0, 0.0, 0.0, 0.0, 0.0, 0.0, 0.0, 0.0, 0.0, 0.0, 0.0, 0.0, 0.0, 0.0, 0.0, 0.0, 0.0, 0.0, 0.0, 0.0, 0.0, 0.0, 0.0, 0.0, 0.0, 0.0, 0.0, 0.0, 0.0, 0.0, 0.0, 0.0, 0.0, 0.0, 0.0, 0.0, 0.0, 0.0, 0.0, 0.0, 0.0, 0.0, 0.0, 0.0, 0.0, 0.0, 0.0, 0.0, 0.0, 0.0, 0.0, 0.0, 0.0, 0.0, 0.0, 0.0, 0.0, 0.0, 0.0, 0.0, 0.0, 0.0, 0.0, 0.0, 0.0, 0.0, 0.0, 0.0, 0.0, 0.0, 0.0, 0.0, 0.0, 0.0, 0.0, 0.0, 0.0, 0.0, 0.0, 0.0, 0.0, 0.0, 0.0, 0.0, 0.0, 0.0, 0.0, 0.0, 0.0, 0.0, 0.0, 0.0, 0.0, 0.0, 0.0, 0.0, 0.0, 0.0, 0.0, 0.0, 0.0, 0.0, 0.0, 0.0, 0.0, 0.0, 0.0, 0.0, 0.0, 0.0, 0.0, 0.0, 0.0, 0.0, 0.0, 0.0, 0.0, 0.0, 0.0, 0.0, 0.0, 0.0, 0.0, 0.0, 0.0, 0.0]",COMPLETE
78,78,0.7999059654004199,2024-08-31 03:59:20.822861,2024-08-31 04:01:44.877302,0 days 00:02:24.054441,1,0.2502097045489335,1,270,0.05512679645227904,59,0.000162501826004197,0.89,0.89375,4,"[33, 33, 33, 33, 33, 33, 31, 23, 21, 19, 17, 17, 17, 14, 14, 14, 14, 12, 10, 8, 8, 8, 8, 8, 7, 7, 7, 7, 7, 7, 7, 7, 7, 7, 7, 7, 7, 7, 7, 7, 7, 7, 7, 7, 7, 7, 7, 7, 7, 7, 7, 7, 7, 7, 7, 7, 7, 7, 7, 7, 7, 7, 7, 7, 7, 7, 7, 7, 7, 7, 7, 7, 7, 7, 7, 7, 7, 7, 7, 7, 7, 7, 7, 7, 7, 7, 7, 7, 7, 7, 7, 7, 7, 7, 7, 7, 7, 7, 7, 7, 7, 7, 7, 7, 7, 7, 7, 7, 7, 7, 7, 7, 7, 7, 7, 7, 7, 7, 7, 7, 7, 7, 7, 7, 7, 7, 7, 7, 7, 7, 7, 7, 7, 7, 7, 7, 7, 7, 6, 6, 6, 6, 6, 6, 6, 6, 6, 6, 6, 6, 6, 6, 6, 6, 6, 6, 6, 6, 5, 5, 5, 5, 5, 5, 5, 5, 5, 5, 5, 5, 5, 5, 5, 5, 5, 5, 5, 5, 5, 5, 5, 5, 5, 5, 5, 5, 5, 5, 5, 5, 5, 5, 5, 5, 4, 4, 4, 4, 4, 4, 4, 4, 4, 4, 4, 4, 4, 4, 4, 4, 4, 4, 4, 4, 4, 4, 4, 4, 4, 4, 4, 4, 4, 4, 4, 4, 4, 4, 4, 4, 4, 4, 4, 4, 4, 4, 4, 4, 4, 4, 4, 4, 4, 4, 4, 4, 4, 4, 4, 4, 4, 4, 4, 4, 4, 4, 4, 4, 4, 4, 4, 4, 4, 4, 4, 4, 4, 4, 4, 4]",3.7627118644067794,"[32.983050847457626, 33.0, 33.0, 33.0, 32.983050847457626, 32.983050847457626, 30.983050847457626, 22.983050847457626, 21.0, 19.0, 16.983050847457626, 16.983050847457626, 16.983050847457626, 14.0, 13.983050847457626, 14.0, 14.0, 12.0, 9.966101694915254, 7.966101694915254, 8.0, 8.0, 7.983050847457627, 8.0, 6.983050847457627, 7.0, 6.983050847457627, 6.983050847457627, 7.0, 6.983050847457627, 6.966101694915254, 7.0, 7.0, 7.0, 7.0, 7.0, 7.0, 7.0, 7.0, 6.966101694915254, 6.966101694915254, 6.983050847457627, 7.0, 6.983050847457627, 6.966101694915254, 6.983050847457627, 6.966101694915254, 6.983050847457627, 6.932203389830509, 6.915254237288136, 6.966101694915254, 6.966101694915254, 6.9491525423728815, 6.966101694915254, 6.983050847457627, 6.966101694915254, 6.983050847457627, 7.0, 6.983050847457627, 7.0, 7.0, 7.0, 6.983050847457627, 6.983050847457627, 6.983050847457627, 6.983050847457627, 6.983050847457627, 6.983050847457627, 6.983050847457627, 6.983050847457627, 6.983050847457627, 6.983050847457627, 6.983050847457627, 6.983050847457627, 6.983050847457627, 7.0, 6.983050847457627, 6.983050847457627, 6.983050847457627, 6.983050847457627, 6.966101694915254, 6.966101694915254, 6.966101694915254, 6.9491525423728815, 6.9491525423728815, 6.9491525423728815, 6.9491525423728815, 6.9491525423728815, 6.9491525423728815, 6.932203389830509, 6.9491525423728815, 6.9491525423728815, 6.9491525423728815, 6.9491525423728815, 6.9491525423728815, 6.9491525423728815, 6.9491525423728815, 6.9491525423728815, 6.9491525423728815, 6.9491525423728815, 6.9491525423728815, 6.9491525423728815, 6.9491525423728815, 6.9491525423728815, 6.9491525423728815, 6.9491525423728815, 6.9491525423728815, 6.9491525423728815, 6.932203389830509, 6.932203389830509, 6.9491525423728815, 6.9491525423728815, 6.932203389830509, 6.898305084745763, 6.745762711864407, 6.9491525423728815, 6.9491525423728815, 6.915254237288136, 6.915254237288136, 6.932203389830509, 6.932203389830509, 6.932203389830509, 6.88135593220339, 6.88135593220339, 6.88135593220339, 6.898305084745763, 6.915254237288136, 6.898305084745763, 6.898305084745763, 6.864406779661017, 6.88135593220339, 6.813559322033899, 6.88135593220339, 6.813559322033899, 6.779661016949152, 6.271186440677966, 6.88135593220339, 6.830508474576272, 5.898305084745763, 5.830508474576272, 5.8474576271186445, 5.864406779661017, 5.88135593220339, 5.8474576271186445, 5.898305084745763, 5.898305084745763, 5.898305084745763, 5.898305084745763, 5.898305084745763, 5.864406779661017, 5.813559322033899, 5.88135593220339, 5.813559322033899, 5.8474576271186445, 5.813559322033899, 5.813559322033899, 5.88135593220339, 5.813559322033899, 4.8474576271186445, 4.8474576271186445, 4.915254237288136, 4.915254237288136, 4.915254237288136, 4.915254237288136, 4.915254237288136, 4.915254237288136, 4.915254237288136, 4.915254237288136, 4.915254237288136, 4.915254237288136, 4.915254237288136, 4.915254237288136, 4.915254237288136, 4.915254237288136, 4.915254237288136, 4.915254237288136, 4.915254237288136, 4.915254237288136, 4.915254237288136, 4.88135593220339, 4.915254237288136, 4.915254237288136, 4.915254237288136, 4.915254237288136, 4.915254237288136, 4.915254237288136, 4.915254237288136, 4.915254237288136, 4.915254237288136, 4.915254237288136, 4.915254237288136, 4.915254237288136, 4.915254237288136, 4.915254237288136, 3.9322033898305087, 3.9322033898305087, 3.9322033898305087, 3.9322033898305087, 3.9322033898305087, 3.9322033898305087, 3.9322033898305087, 3.9322033898305087, 3.9322033898305087, 3.9322033898305087, 3.9322033898305087, 3.9322033898305087, 3.9322033898305087, 3.915254237288136, 3.915254237288136, 3.915254237288136, 3.9322033898305087, 3.9322033898305087, 3.9322033898305087, 3.9322033898305087, 3.9322033898305087, 3.9322033898305087, 3.9322033898305087, 3.9322033898305087, 3.9322033898305087, 3.898305084745763, 3.898305084745763, 3.898305084745763, 3.898305084745763, 3.88135593220339, 3.88135593220339, 3.88135593220339, 3.88135593220339, 3.88135593220339, 3.88135593220339, 3.8474576271186445, 3.8474576271186445, 3.8474576271186445, 3.8474576271186445, 3.8474576271186445, 3.8474576271186445, 3.8474576271186445, 3.8474576271186445, 3.8474576271186445, 3.8474576271186445, 3.8474576271186445, 3.8474576271186445, 3.8474576271186445, 3.8474576271186445, 3.8644067796610173, 3.88135593220339, 3.8474576271186445, 3.8474576271186445, 3.8474576271186445, 3.8474576271186445, 3.8305084745762716, 3.8305084745762716, 3.8305084745762716, 3.8305084745762716, 3.8305084745762716, 3.8474576271186445, 3.8305084745762716, 3.8305084745762716, 3.8305084745762716, 3.8305084745762716, 3.7966101694915255, 3.8305084745762716, 3.813559322033899, 3.813559322033899, 3.7796610169491527, 3.813559322033899, 3.813559322033899, 3.813559322033899, 3.7627118644067794, 3.7627118644067794, 3.7627118644067794]",0.7701227718194502,0.7999059654004199,4,"[33, 33, 33, 33, 33, 33, 31, 23, 21, 19, 17, 17, 17, 14, 14, 14, 14, 12, 10, 8, 8, 8, 8, 8, 7, 7, 7, 7, 7, 7, 7, 7, 7, 7, 7, 7, 7, 7, 7, 7, 7, 7, 7, 7, 7, 7, 7, 7, 7, 7, 7, 7, 7, 7, 7, 7, 7, 7, 7, 7, 7, 7, 7, 7, 7, 7, 7, 7, 7, 7, 7, 7, 7, 7, 7, 7, 7, 7, 7, 7, 7, 7, 7, 7, 7, 7, 7, 7, 7, 7, 7, 7, 7, 7, 7, 7, 7, 7, 7, 7, 7, 7, 7, 7, 7, 7, 7, 7, 7, 7, 7, 7, 7, 7, 7, 7, 7, 7, 7, 7, 7, 7, 7, 7, 7, 7, 7, 7, 7, 7, 7, 7, 7, 7, 7, 7, 7, 7, 6, 6, 6, 6, 6, 6, 6, 6, 6, 6, 6, 6, 6, 6, 6, 6, 6, 6, 6, 6, 5, 5, 5, 5, 5, 5, 5, 5, 5, 5, 5, 5, 5, 5, 5, 5, 5, 5, 5, 5, 5, 5, 5, 5, 5, 5, 5, 5, 5, 5, 5, 5, 5, 5, 5, 5, 4, 4, 4, 4, 4, 4, 4, 4, 4, 4, 4, 4, 4, 4, 4, 4, 4, 4, 4, 4, 4, 4, 4, 4, 4, 4, 4, 4, 4, 4, 4, 4, 4, 4, 4, 4, 4, 4, 4, 4, 4, 4, 4, 4, 4, 4, 4, 4, 4, 4, 4, 4, 4, 4, 4, 4, 4, 4, 4, 4, 4, 4, 4, 4, 4, 4, 4, 4, 4, 4, 4, 4, 4, 4, 4, 4]",270,"[0.455241858959198, 0.7182376384735107, 1.2951306104660034, 0.36225274205207825, 0.3408427834510803, 0.4187846779823303, 0.2817455530166626, 0.2619442641735077, 0.31049200892448425, 0.2938947081565857, 0.2585185766220093, 0.25724008679389954, 0.23587551712989807, 0.3049476444721222, 0.30620530247688293, 0.5034508109092712, 0.3201104998588562, 0.2868662476539612, 0.554831326007843, 0.2978990972042084, 0.3534083068370819, 0.39660367369651794, 0.3049505352973938, 0.33595770597457886, 0.2826329171657562, 0.30699941515922546, 0.3488820791244507, 0.30991941690444946, 0.3233698904514313, 0.2909376919269562, 0.32345399260520935, 0.3716711699962616, 0.2856246531009674, 0.27700334787368774, 0.286896288394928, 0.4822251796722412, 0.5886728763580322, 0.28647133708000183, 0.3223332464694977, 0.3336319327354431, 0.2990570366382599, 0.35766297578811646, 0.37747105956077576, 0.27166837453842163, 0.27619510889053345, 0.28246113657951355, 0.2991977334022522, 0.29626041650772095, 0.2781095802783966, 0.28303542733192444, 0.36325713992118835, 0.3762389123439789, 0.26907044649124146, 0.29529261589050293, 0.27151983976364136, 0.29570528864860535, 0.28532037138938904, 0.31688258051872253, 0.2689414620399475, 0.30092209577560425, 0.2936992943286896, 0.2957390546798706, 0.2760578393936157, 0.4973040521144867, 0.26357871294021606, 0.2858078181743622, 0.3221793472766876, 0.28488993644714355, 0.4720302224159241, 0.4751335084438324, 0.3281160295009613, 0.2911943197250366, 0.2761673033237457, 0.385503888130188, 0.3868984580039978, 0.2636511027812958, 0.2707253396511078, 0.3200090527534485, 0.27843907475471497, 0.40642109513282776, 0.2809682786464691, 0.38718459010124207, 0.3208214044570923, 0.26877692341804504, 0.2612788677215576, 0.2740185260772705, 0.4744470715522766, 0.6109298467636108, 0.2710583508014679, 0.26057198643684387, 0.2780623137950897, 0.7130465507507324, 0.35324737429618835, 0.27452322840690613, 0.26915547251701355, 0.4948997497558594, 0.2593812644481659, 0.7637715339660645, 0.55100017786026, 0.40963906049728394, 0.2639903724193573, 0.30595824122428894, 0.4411882162094116, 0.26663315296173096, 0.2623140811920166, 0.3248544931411743, 0.3303617238998413, 0.2689395546913147, 0.4591544270515442, 0.2654743492603302, 0.3229435086250305, 0.26349371671676636, 0.31259864568710327, 0.4143396317958832, 0.2788572609424591, 0.2729291021823883, 0.2837269902229309, 0.49538516998291016, 0.28023284673690796, 0.28366759419441223, 0.40757301449775696, 0.29591137170791626, 0.26192373037338257, 0.29486730694770813, 0.3792417049407959, 0.27148741483688354, 0.2776296138763428, 0.4265557825565338, 0.27067360281944275, 0.25955554842948914, 0.2612784504890442, 0.6452890038490295, 0.26307132840156555, 0.26760101318359375, 0.3477306663990021, 0.2844264507293701, 0.28267189860343933, 0.3751400411128998, 0.5780023336410522, 0.39062508940696716, 0.4436177909374237, 0.4089641571044922, 0.2761770784854889, 0.26812735199928284, 0.3503676950931549, 0.4033926725387573, 0.2731904089450836, 0.2868470847606659, 0.3073878586292267, 0.2959488034248352, 0.2679041922092438, 0.2849060893058777, 0.28491276502609253, 0.3097745180130005, 0.37030139565467834, 0.3524056375026703, 0.29292532801628113, 0.2659165859222412, 0.5813808441162109, 0.2950149178504944, 0.34505897760391235, 0.3546760082244873, 0.3181694447994232, 0.4424925148487091, 0.39505535364151, 0.29681655764579773, 0.29469555616378784, 0.3662679195404053, 0.406149685382843, 0.9266254901885986, 0.3396933674812317, 0.3444179594516754, 0.5673662424087524, 0.2984987795352936, 0.3595629930496216, 0.3407948613166809, 0.42968982458114624, 0.3519468307495117, 0.45222774147987366, 0.33830857276916504, 0.5105245113372803, 0.4759202301502228, 0.5119836926460266, 0.4257950186729431, 0.3448566794395447, 0.6500335931777954, 0.6779130697250366, 0.30989202857017517, 0.47878292202949524, 0.3030518591403961, 0.29864302277565, 0.4663737416267395, 0.3135518729686737, 0.3636447787284851, 0.3364086449146271, 0.35993021726608276, 0.31200480461120605, 0.3478003740310669, 0.3140954077243805, 0.3745580315589905, 0.3110414743423462, 0.32440394163131714, 0.4027361273765564, 0.5895651578903198, 0.5289979577064514, 0.32559263706207275, 0.3152817487716675, 0.35687050223350525, 0.4641740918159485, 0.3337007462978363, 0.3983527421951294, 0.35582053661346436, 0.35062140226364136, 0.30849766731262207, 0.39667293429374695, 0.30594345927238464, 0.33224934339523315, 0.34449031949043274, 0.3142625689506531, 0.3170603811740875, 0.4539576768875122, 0.386447548866272, 0.45349568128585815, 0.3357953131198883, 0.30811673402786255, 0.5171574950218201, 0.33088135719299316, 0.3213675320148468, 0.3095894753932953, 0.488705039024353, 0.30224958062171936, 0.30387499928474426, 0.3456999957561493, 0.5255879759788513, 0.3439455032348633, 0.3089805543422699, 0.3104797601699829, 0.32245469093322754, 0.3246691823005676, 0.3121785819530487, 0.31250032782554626, 0.39296668767929077, 0.3530226945877075, 0.3419760763645172, 0.32281753420829773, 0.35343554615974426, 0.4086850881576538, 0.3096921443939209, 0.32604485750198364, 0.36383891105651855, 0.7977116107940674, 0.389790415763855, 0.3185896873474121, 0.3913828730583191, 0.3596611022949219, 0.3161807358264923, 0.31111031770706177, 0.4030367136001587, 0.32543236017227173, 0.32155296206474304, 0.314856618642807, 0.5755959749221802, 0.543760359287262, 0.38927802443504333, 0.3228286802768707, 0.3161970376968384, 0.32509881258010864, 0.4181036353111267, 0.4210253655910492, 0.3399629592895508]",4.0,"[33.0, 33.0, 33.0, 33.0, 33.0, 33.0, 31.0, 23.0, 21.0, 19.0, 17.0, 17.0, 17.0, 14.0, 14.0, 14.0, 14.0, 12.0, 10.0, 8.0, 8.0, 8.0, 8.0, 8.0, 7.0, 7.0, 7.0, 7.0, 7.0, 7.0, 7.0, 7.0, 7.0, 7.0, 7.0, 7.0, 7.0, 7.0, 7.0, 7.0, 7.0, 7.0, 7.0, 7.0, 7.0, 7.0, 7.0, 7.0, 7.0, 7.0, 7.0, 7.0, 7.0, 7.0, 7.0, 7.0, 7.0, 7.0, 7.0, 7.0, 7.0, 7.0, 7.0, 7.0, 7.0, 7.0, 7.0, 7.0, 7.0, 7.0, 7.0, 7.0, 7.0, 7.0, 7.0, 7.0, 7.0, 7.0, 7.0, 7.0, 7.0, 7.0, 7.0, 7.0, 7.0, 7.0, 7.0, 7.0, 7.0, 7.0, 7.0, 7.0, 7.0, 7.0, 7.0, 7.0, 7.0, 7.0, 7.0, 7.0, 7.0, 7.0, 7.0, 7.0, 7.0, 7.0, 7.0, 7.0, 7.0, 7.0, 7.0, 7.0, 7.0, 7.0, 7.0, 7.0, 7.0, 7.0, 7.0, 7.0, 7.0, 7.0, 7.0, 7.0, 7.0, 7.0, 7.0, 7.0, 7.0, 7.0, 7.0, 7.0, 7.0, 7.0, 7.0, 7.0, 7.0, 7.0, 6.0, 6.0, 6.0, 6.0, 6.0, 6.0, 6.0, 6.0, 6.0, 6.0, 6.0, 6.0, 6.0, 6.0, 6.0, 6.0, 6.0, 6.0, 6.0, 6.0, 5.0, 5.0, 5.0, 5.0, 5.0, 5.0, 5.0, 5.0, 5.0, 5.0, 5.0, 5.0, 5.0, 5.0, 5.0, 5.0, 5.0, 5.0, 5.0, 5.0, 5.0, 5.0, 5.0, 5.0, 5.0, 5.0, 5.0, 5.0, 5.0, 5.0, 5.0, 5.0, 5.0, 5.0, 5.0, 5.0, 4.0, 4.0, 4.0, 4.0, 4.0, 4.0, 4.0, 4.0, 4.0, 4.0, 4.0, 4.0, 4.0, 4.0, 4.0, 4.0, 4.0, 4.0, 4.0, 4.0, 4.0, 4.0, 4.0, 4.0, 4.0, 4.0, 4.0, 4.0, 4.0, 4.0, 4.0, 4.0, 4.0, 4.0, 4.0, 4.0, 4.0, 4.0, 4.0, 4.0, 4.0, 4.0, 4.0, 4.0, 4.0, 4.0, 4.0, 4.0, 4.0, 4.0, 4.0, 4.0, 4.0, 4.0, 4.0, 4.0, 4.0, 4.0, 4.0, 4.0, 4.0, 4.0, 4.0, 4.0, 4.0, 4.0, 4.0, 4.0, 4.0, 4.0, 4.0, 4.0, 4.0, 4.0, 4.0, 4.0]",COMPLETE
