,number,value,datetime_start,datetime_complete,duration,params_batch_size_scaler,params_constant_learning_rate,params_depth,params_epochs,params_kernel_l2,params_num_trees,params_temperature,user_attrs_accuracy_test,user_attrs_accuracy_valid,user_attrs_approximate_feature_sparsity,user_attrs_approximate_feature_sparsity_history,user_attrs_approximate_weight_sparsity,user_attrs_approximate_weight_sparsity_history,user_attrs_auc_test,user_attrs_auc_valid,user_attrs_feature_sparsity,user_attrs_feature_sparsity_history,user_attrs_num_epochs,user_attrs_val_loss_history,user_attrs_weight_sparsity,user_attrs_weight_sparsity_history,state
72,72,0.5,2024-08-31 03:14:44.366638,2024-08-31 03:16:18.773663,0 days 00:01:34.407025,16,2.136003407214735,3,460,0.04625021737233522,50,0.009298714010188282,0.859,0.85875,0,"[33, 0, 0, 0, 0, 0, 0, 0, 0, 0, 0, 0, 0, 0, 0, 0, 0, 0, 0, 0, 0, 0, 0, 0, 0, 0, 0, 0, 0, 0, 0, 0, 0, 0, 0, 0, 0, 0, 0, 0, 0, 0, 0, 0, 0, 0, 0, 0, 0, 0, 0, 0, 0, 0, 0, 0, 0, 0, 0, 0, 0, 0, 0, 0, 0, 0, 0, 0, 0, 0, 0, 0, 0, 0, 0, 0, 0, 0, 0, 0, 0, 0, 0, 0, 0, 0, 0, 0, 0, 0, 0, 0, 0, 0, 0, 0, 0, 0, 0, 0, 0, 0, 0, 0, 0, 0, 0, 0, 0, 0, 0, 0, 0, 0, 0, 0, 0, 0, 0, 0, 0, 0, 0, 0, 0, 0, 0, 0, 0, 0, 0, 0, 0, 0, 0, 0, 0, 0, 0, 0, 0, 0, 0, 0, 0, 0, 0, 0, 0, 0, 0, 0, 0, 0, 0, 0, 0, 0, 0, 0, 0, 0, 0, 0, 0, 0, 0, 0, 0, 0, 0, 0, 0, 0, 0, 0, 0, 0, 0, 0, 0, 0, 0, 0, 0, 0, 0, 0, 0, 0, 0, 0, 0, 0, 0, 0, 0, 0, 0, 0, 0, 0, 0, 0, 0, 0, 0, 0, 0, 0, 0, 0, 0, 0, 0, 0, 0, 0, 0, 0, 0, 0, 0, 0, 0, 0, 0, 0, 0, 0, 0, 0, 0, 0, 0, 0, 0, 0, 0, 0, 0, 0, 0, 0, 0, 0, 0, 0, 0, 0, 0, 0, 0, 0, 0, 0, 0, 0, 0, 0, 0, 0, 0, 0, 0, 0, 0, 0, 0, 0, 0, 0, 0, 0, 0, 0, 0, 0, 0, 0, 0, 0, 0, 0, 0, 0, 0, 0, 0, 0, 0, 0, 0, 0, 0, 0, 0, 0, 0, 0, 0, 0, 0, 0, 0, 0, 0, 0, 0, 0, 0, 0, 0, 0, 0, 0, 0, 0, 0, 0, 0, 0, 0, 0, 0, 0, 0, 0, 0, 0, 0, 0, 0, 0, 0, 0, 0, 0, 0, 0, 0, 0, 0, 0, 0, 0, 0, 0, 0, 0, 0, 0, 0, 0, 0, 0, 0, 0, 0, 0, 0, 0, 0, 0, 0, 0, 0, 0, 0, 0, 0, 0, 0, 0, 0, 0, 0, 0, 0, 0, 0, 0, 0, 0, 0, 0, 0, 0, 0, 0, 0, 0, 0, 0, 0, 0, 0, 0, 0, 0, 0, 0, 0, 0, 0, 0, 0, 0, 0, 0, 0, 0, 0, 0, 0, 0, 0, 0, 0, 0, 0, 0, 0, 0, 0, 0, 0, 0, 0, 0, 0, 0, 0, 0, 0, 0, 0, 0, 0, 0, 0, 0, 0, 0, 0, 0, 0, 0, 0, 0, 0, 0, 0, 0, 0, 0, 0, 0, 0, 0]",0.0,"[32.97142857142857, 0.0, 0.0, 0.0, 0.0, 0.0, 0.0, 0.0, 0.0, 0.0, 0.0, 0.0, 0.0, 0.0, 0.0, 0.0, 0.0, 0.0, 0.0, 0.0, 0.0, 0.0, 0.0, 0.0, 0.0, 0.0, 0.0, 0.0, 0.0, 0.0, 0.0, 0.0, 0.0, 0.0, 0.0, 0.0, 0.0, 0.0, 0.0, 0.0, 0.0, 0.0, 0.0, 0.0, 0.0, 0.0, 0.0, 0.0, 0.0, 0.0, 0.0, 0.0, 0.0, 0.0, 0.0, 0.0, 0.0, 0.0, 0.0, 0.0, 0.0, 0.0, 0.0, 0.0, 0.0, 0.0, 0.0, 0.0, 0.0, 0.0, 0.0, 0.0, 0.0, 0.0, 0.0, 0.0, 0.0, 0.0, 0.0, 0.0, 0.0, 0.0, 0.0, 0.0, 0.0, 0.0, 0.0, 0.0, 0.0, 0.0, 0.0, 0.0, 0.0, 0.0, 0.0, 0.0, 0.0, 0.0, 0.0, 0.0, 0.0, 0.0, 0.0, 0.0, 0.0, 0.0, 0.0, 0.0, 0.0, 0.0, 0.0, 0.0, 0.0, 0.0, 0.0, 0.0, 0.0, 0.0, 0.0, 0.0, 0.0, 0.0, 0.0, 0.0, 0.0, 0.0, 0.0, 0.0, 0.0, 0.0, 0.0, 0.0, 0.0, 0.0, 0.0, 0.0, 0.0, 0.0, 0.0, 0.0, 0.0, 0.0, 0.0, 0.0, 0.0, 0.0, 0.0, 0.0, 0.0, 0.0, 0.0, 0.0, 0.0, 0.0, 0.0, 0.0, 0.0, 0.0, 0.0, 0.0, 0.0, 0.0, 0.0, 0.0, 0.0, 0.0, 0.0, 0.0, 0.0, 0.0, 0.0, 0.0, 0.0, 0.0, 0.0, 0.0, 0.0, 0.0, 0.0, 0.0, 0.0, 0.0, 0.0, 0.0, 0.0, 0.0, 0.0, 0.0, 0.0, 0.0, 0.0, 0.0, 0.0, 0.0, 0.0, 0.0, 0.0, 0.0, 0.0, 0.0, 0.0, 0.0, 0.0, 0.0, 0.0, 0.0, 0.0, 0.0, 0.0, 0.0, 0.0, 0.0, 0.0, 0.0, 0.0, 0.0, 0.0, 0.0, 0.0, 0.0, 0.0, 0.0, 0.0, 0.0, 0.0, 0.0, 0.0, 0.0, 0.0, 0.0, 0.0, 0.0, 0.0, 0.0, 0.0, 0.0, 0.0, 0.0, 0.0, 0.0, 0.0, 0.0, 0.0, 0.0, 0.0, 0.0, 0.0, 0.0, 0.0, 0.0, 0.0, 0.0, 0.0, 0.0, 0.0, 0.0, 0.0, 0.0, 0.0, 0.0, 0.0, 0.0, 0.0, 0.0, 0.0, 0.0, 0.0, 0.0, 0.0, 0.0, 0.0, 0.0, 0.0, 0.0, 0.0, 0.0, 0.0, 0.0, 0.0, 0.0, 0.0, 0.0, 0.0, 0.0, 0.0, 0.0, 0.0, 0.0, 0.0, 0.0, 0.0, 0.0, 0.0, 0.0, 0.0, 0.0, 0.0, 0.0, 0.0, 0.0, 0.0, 0.0, 0.0, 0.0, 0.0, 0.0, 0.0, 0.0, 0.0, 0.0, 0.0, 0.0, 0.0, 0.0, 0.0, 0.0, 0.0, 0.0, 0.0, 0.0, 0.0, 0.0, 0.0, 0.0, 0.0, 0.0, 0.0, 0.0, 0.0, 0.0, 0.0, 0.0, 0.0, 0.0, 0.0, 0.0, 0.0, 0.0, 0.0, 0.0, 0.0, 0.0, 0.0, 0.0, 0.0, 0.0, 0.0, 0.0, 0.0, 0.0, 0.0, 0.0, 0.0, 0.0, 0.0, 0.0, 0.0, 0.0, 0.0, 0.0, 0.0, 0.0, 0.0, 0.0, 0.0, 0.0, 0.0, 0.0, 0.0, 0.0, 0.0, 0.0, 0.0, 0.0, 0.0, 0.0, 0.0, 0.0, 0.0, 0.0, 0.0, 0.0, 0.0, 0.0, 0.0, 0.0, 0.0, 0.0, 0.0, 0.0, 0.0, 0.0, 0.0, 0.0, 0.0, 0.0, 0.0, 0.0, 0.0, 0.0, 0.0, 0.0, 0.0, 0.0, 0.0, 0.0, 0.0, 0.0, 0.0, 0.0, 0.0, 0.0, 0.0, 0.0, 0.0, 0.0, 0.0, 0.0, 0.0, 0.0, 0.0, 0.0, 0.0, 0.0, 0.0, 0.0, 0.0, 0.0, 0.0, 0.0, 0.0, 0.0, 0.0, 0.0, 0.0, 0.0, 0.0, 0.0, 0.0, 0.0, 0.0, 0.0, 0.0, 0.0, 0.0, 0.0, 0.0, 0.0, 0.0, 0.0, 0.0, 0.0, 0.0, 0.0, 0.0, 0.0, 0.0, 0.0, 0.0, 0.0]",0.5,0.5,0,"[33, 0, 0, 0, 0, 0, 0, 0, 0, 0, 0, 0, 0, 0, 0, 0, 0, 0, 0, 0, 0, 0, 0, 0, 0, 0, 0, 0, 0, 0, 0, 0, 0, 0, 0, 0, 0, 0, 0, 0, 0, 0, 0, 0, 0, 0, 0, 0, 0, 0, 0, 0, 0, 0, 0, 0, 0, 0, 0, 0, 0, 0, 0, 0, 0, 0, 0, 0, 0, 0, 0, 0, 0, 0, 0, 0, 0, 0, 0, 0, 0, 0, 0, 0, 0, 0, 0, 0, 0, 0, 0, 0, 0, 0, 0, 0, 0, 0, 0, 0, 0, 0, 0, 0, 0, 0, 0, 0, 0, 0, 0, 0, 0, 0, 0, 0, 0, 0, 0, 0, 0, 0, 0, 0, 0, 0, 0, 0, 0, 0, 0, 0, 0, 0, 0, 0, 0, 0, 0, 0, 0, 0, 0, 0, 0, 0, 0, 0, 0, 0, 0, 0, 0, 0, 0, 0, 0, 0, 0, 0, 0, 0, 0, 0, 0, 0, 0, 0, 0, 0, 0, 0, 0, 0, 0, 0, 0, 0, 0, 0, 0, 0, 0, 0, 0, 0, 0, 0, 0, 0, 0, 0, 0, 0, 0, 0, 0, 0, 0, 0, 0, 0, 0, 0, 0, 0, 0, 0, 0, 0, 0, 0, 0, 0, 0, 0, 0, 0, 0, 0, 0, 0, 0, 0, 0, 0, 0, 0, 0, 0, 0, 0, 0, 0, 0, 0, 0, 0, 0, 0, 0, 0, 0, 0, 0, 0, 0, 0, 0, 0, 0, 0, 0, 0, 0, 0, 0, 0, 0, 0, 0, 0, 0, 0, 0, 0, 0, 0, 0, 0, 0, 0, 0, 0, 0, 0, 0, 0, 0, 0, 0, 0, 0, 0, 0, 0, 0, 0, 0, 0, 0, 0, 0, 0, 0, 0, 0, 0, 0, 0, 0, 0, 0, 0, 0, 0, 0, 0, 0, 0, 0, 0, 0, 0, 0, 0, 0, 0, 0, 0, 0, 0, 0, 0, 0, 0, 0, 0, 0, 0, 0, 0, 0, 0, 0, 0, 0, 0, 0, 0, 0, 0, 0, 0, 0, 0, 0, 0, 0, 0, 0, 0, 0, 0, 0, 0, 0, 0, 0, 0, 0, 0, 0, 0, 0, 0, 0, 0, 0, 0, 0, 0, 0, 0, 0, 0, 0, 0, 0, 0, 0, 0, 0, 0, 0, 0, 0, 0, 0, 0, 0, 0, 0, 0, 0, 0, 0, 0, 0, 0, 0, 0, 0, 0, 0, 0, 0, 0, 0, 0, 0, 0, 0, 0, 0, 0, 0, 0, 0, 0, 0, 0, 0, 0, 0, 0, 0, 0, 0, 0, 0, 0, 0, 0, 0, 0, 0, 0, 0, 0, 0, 0, 0, 0, 0, 0, 0, 0, 0, 0, 0, 0, 0, 0, 0, 0, 0, 0, 0, 0]",460,"[0.40620163083076477, 0.6245232224464417, 0.4402083158493042, 0.6123757362365723, 0.9955927133560181, 1.553961992263794, 0.4738893210887909, 0.4969920217990875, 0.5826463103294373, 0.46354809403419495, 0.4145551323890686, 0.776378333568573, 0.49838975071907043, 0.4098115563392639, 0.4072674512863159, 0.4914936125278473, 0.5052646398544312, 0.6892430186271667, 0.43790286779403687, 0.7789074778556824, 0.4802323579788208, 0.43386924266815186, 0.40897515416145325, 0.47971680760383606, 0.4085366427898407, 0.5516724586486816, 0.4083099663257599, 0.4407070577144623, 1.1502748727798462, 0.4689832925796509, 0.512604296207428, 0.41160592436790466, 0.41600489616394043, 0.4838937520980835, 0.8388628959655762, 1.2840629816055298, 0.589886486530304, 0.589231550693512, 0.4553285837173462, 0.5561293959617615, 0.4093729853630066, 0.41076672077178955, 0.6260812282562256, 0.908021867275238, 0.5058738589286804, 0.4109211266040802, 1.206381916999817, 0.6341872215270996, 0.504760205745697, 1.2353663444519043, 0.6407800316810608, 0.41573038697242737, 0.8350769281387329, 0.7640125155448914, 1.0586342811584473, 0.49574756622314453, 0.6230621933937073, 0.5987691283226013, 0.4151393473148346, 0.40775662660598755, 0.5003395676612854, 0.8359419107437134, 0.4175005257129669, 0.8907473683357239, 0.4974762201309204, 0.6128867864608765, 0.6003292202949524, 0.5396173596382141, 0.43578341603279114, 0.6019512414932251, 0.4076005816459656, 0.4131660759449005, 0.5978161096572876, 0.4172474145889282, 1.3364830017089844, 0.5623956918716431, 0.5685760378837585, 0.4296320378780365, 0.44579002261161804, 0.9911906719207764, 0.40941867232322693, 1.0390911102294922, 0.47612228989601135, 0.9305275082588196, 1.0067293643951416, 0.9006440043449402, 1.020683765411377, 1.2718091011047363, 0.784659743309021, 0.4152218997478485, 0.4958004653453827, 0.6895771026611328, 0.43318870663642883, 0.6237391829490662, 0.42923304438591003, 1.2529003620147705, 0.45210060477256775, 0.6720870137214661, 1.0881013870239258, 0.5274376273155212, 0.4933594763278961, 0.4080932140350342, 0.40819647908210754, 1.1682307720184326, 0.7815521359443665, 0.5882275104522705, 0.48656749725341797, 0.5961167812347412, 1.2654780149459839, 0.5408342480659485, 0.9724399447441101, 0.45023807883262634, 0.5018365979194641, 0.44300660490989685, 0.9466230273246765, 0.41264548897743225, 0.42372530698776245, 0.44676312804222107, 0.9263595342636108, 1.2782926559448242, 0.4186270833015442, 0.8232030272483826, 0.5097661018371582, 0.4777979254722595, 0.5562282800674438, 0.5457494854927063, 1.3470633029937744, 1.0896872282028198, 0.7744775414466858, 0.4075150787830353, 0.7952343821525574, 0.42248767614364624, 0.44001686573028564, 0.4267195165157318, 0.7758891582489014, 0.7798968553543091, 0.8497905731201172, 0.7610881328582764, 0.4937610328197479, 0.5974084734916687, 0.47758522629737854, 0.4079863727092743, 0.40755027532577515, 0.5010520815849304, 0.44947388768196106, 1.5686192512512207, 0.5418305993080139, 0.6163079738616943, 0.41152694821357727, 0.43552231788635254, 0.6878421306610107, 0.6670001149177551, 0.42222946882247925, 0.42908450961112976, 0.45710617303848267, 1.1600189208984375, 0.4253579378128052, 0.9918639659881592, 0.41844412684440613, 1.003003478050232, 0.8473410606384277, 1.3239953517913818, 0.47758638858795166, 0.6609644293785095, 0.41887977719306946, 0.5980485677719116, 0.6353784799575806, 0.4073352813720703, 1.2925057411193848, 0.4332529306411743, 1.5604252815246582, 0.8637837767601013, 0.4148683249950409, 0.4272753894329071, 0.40939080715179443, 0.7269623279571533, 0.4341636598110199, 0.6409858465194702, 0.6024225354194641, 0.744243323802948, 0.49628880620002747, 0.47505638003349304, 0.6088043451309204, 0.44414249062538147, 0.7500638365745544, 1.7580978870391846, 1.301855206489563, 0.4189453423023224, 0.6222697496414185, 0.7727551460266113, 1.139212727546692, 0.6581400036811829, 0.4273171126842499, 0.48522263765335083, 0.5463387966156006, 0.4073614478111267, 0.8133756518363953, 0.4075965881347656, 0.5222039222717285, 0.470958948135376, 0.7601664066314697, 0.40726029872894287, 1.5144898891448975, 0.9161064028739929, 0.8632999658584595, 0.637039840221405, 1.0305320024490356, 0.43191763758659363, 0.4921407997608185, 1.2774112224578857, 1.0151896476745605, 0.8224372267723083, 1.574447751045227, 0.9281815886497498, 0.5026189684867859, 0.6920508742332458, 0.5039311051368713, 0.4354232847690582, 0.4678959250450134, 1.3409838676452637, 0.8532118797302246, 0.6207534670829773, 0.9724434018135071, 1.0064473152160645, 0.4072262644767761, 1.161299705505371, 0.45473602414131165, 0.4223135709762573, 1.0669608116149902, 0.44205981492996216, 0.6165106296539307, 0.8816347718238831, 0.6762336492538452, 0.40912652015686035, 1.2314592599868774, 0.41221868991851807, 0.5425865054130554, 0.4962102174758911, 1.4622524976730347, 0.44917401671409607, 0.7832146286964417, 1.0478097200393677, 0.420221745967865, 1.1623144149780273, 1.5073257684707642, 0.6358212232589722, 0.5567421913146973, 0.9036945104598999, 0.4933992028236389, 0.4099189341068268, 0.4224599003791809, 0.41754063963890076, 1.4164299964904785, 1.1772184371948242, 0.41608431935310364, 0.4116203784942627, 0.40738236904144287, 0.6565131545066833, 0.8168457746505737, 1.3313043117523193, 0.43365901708602905, 1.603309988975525, 0.7453975677490234, 0.537391722202301, 0.906267523765564, 0.4290127456188202, 0.46426922082901, 0.49978622794151306, 0.5686396956443787, 1.0626367330551147, 0.8728939890861511, 0.8447293639183044, 0.40918391942977905, 1.5317027568817139, 0.476803183555603, 0.4133521318435669, 0.6319219470024109, 0.5228028297424316, 0.4250389337539673, 0.4280913472175598, 0.4078911542892456, 0.5519262552261353, 0.7988414168357849, 0.4136376976966858, 1.2494603395462036, 1.9315540790557861, 0.5352834463119507, 0.796528160572052, 1.079108476638794, 0.5858871340751648, 1.1365090608596802, 0.9098475575447083, 1.223681926727295, 1.7732058763504028, 0.9577140212059021, 0.5687707662582397, 0.6749700903892517, 0.629559338092804, 1.073083758354187, 0.48850327730178833, 0.4379979074001312, 0.40724655985832214, 0.8306190371513367, 0.4097352921962738, 1.0784215927124023, 0.4184376001358032, 0.5466452836990356, 0.776811957359314, 1.1468513011932373, 0.8097740411758423, 1.450526237487793, 0.5608278512954712, 0.7039244174957275, 0.8835816979408264, 0.5526607632637024, 0.8655457496643066, 0.4153914749622345, 0.7990953326225281, 0.4115133285522461, 0.9376585483551025, 0.6235755085945129, 0.4271898567676544, 0.8102220892906189, 0.5311077237129211, 0.5859828591346741, 1.5376163721084595, 0.48493722081184387, 0.5796825289726257, 0.41381722688674927, 0.4982791543006897, 0.647804856300354, 0.790031909942627, 1.2164437770843506, 0.7741191387176514, 1.3989508152008057, 0.41131097078323364, 0.42080166935920715, 1.8900103569030762, 0.40983399748802185, 0.4074554145336151, 0.4080984890460968, 0.7678356170654297, 0.5709902048110962, 1.3990516662597656, 0.4101131856441498, 1.8496503829956055, 0.4141043722629547, 0.43600204586982727, 0.49626103043556213, 0.5854951739311218, 0.8139085173606873, 1.266901969909668, 0.46470072865486145, 0.41883984208106995, 0.4306797385215759, 0.652252733707428, 1.011997938156128, 1.2082678079605103, 0.40750476717948914, 1.297511339187622, 0.7161363363265991, 0.43348297476768494, 0.4702572524547577, 0.4822440445423126, 1.0332825183868408, 1.5718213319778442, 0.42068490386009216, 0.47688525915145874, 0.44569024443626404, 1.408728003501892, 0.5413224697113037, 1.2152389287948608, 0.4274836778640747, 0.6320970058441162, 0.997632622718811, 0.41506636142730713, 0.4996911585330963, 0.4356726408004761, 0.7251136302947998, 0.5860071778297424, 0.43922218680381775, 0.8093480467796326, 0.4567320942878723, 0.40865886211395264, 0.4243569076061249, 0.4851444363594055, 0.40779295563697815, 0.4073420464992523, 0.6920259594917297, 1.1951379776000977, 0.4093691110610962, 1.3957760334014893, 0.4223402440547943, 0.810743510723114, 0.9884844422340393, 0.4420028030872345, 0.4129810631275177, 0.8240922689437866, 0.5771110653877258, 0.4251370131969452, 0.5692623257637024, 0.4592735767364502, 0.6704126000404358, 0.7968780398368835, 0.47711822390556335, 0.526766836643219, 0.5086274147033691, 0.6185563802719116, 0.543398380279541, 0.6034991145133972, 0.41403403878211975, 0.5949074625968933, 0.4446985125541687, 0.49875617027282715, 0.6821990013122559, 0.563392698764801, 0.594359815120697, 0.8715552687644958, 0.48642998933792114, 1.1710734367370605, 0.6284356117248535, 0.4180314242839813, 0.636914074420929, 0.41964733600616455, 0.40848150849342346, 0.5252131223678589, 0.702511727809906, 1.011620044708252, 0.4266475439071655, 0.4098769426345825, 0.6722291707992554, 0.7112007737159729, 0.4773373007774353, 0.4414866268634796, 1.0869978666305542, 0.4670967161655426, 0.41208499670028687, 0.8694025278091431, 1.530908226966858, 0.4317033290863037, 0.42178866267204285, 0.5088321566581726, 0.596030592918396, 0.4632371962070465, 0.7437613606452942, 0.4073776304721832, 0.4340246319770813, 0.4085546135902405, 0.4866868853569031, 0.934058666229248, 0.4660712480545044, 0.6480137705802917, 0.5853112936019897, 0.4901162087917328, 1.1575706005096436, 0.5144475698471069, 0.40965306758880615, 0.46904894709587097, 0.8997185230255127, 0.4975579082965851]",0.0,"[33.0, 0.0, 0.0, 0.0, 0.0, 0.0, 0.0, 0.0, 0.0, 0.0, 0.0, 0.0, 0.0, 0.0, 0.0, 0.0, 0.0, 0.0, 0.0, 0.0, 0.0, 0.0, 0.0, 0.0, 0.0, 0.0, 0.0, 0.0, 0.0, 0.0, 0.0, 0.0, 0.0, 0.0, 0.0, 0.0, 0.0, 0.0, 0.0, 0.0, 0.0, 0.0, 0.0, 0.0, 0.0, 0.0, 0.0, 0.0, 0.0, 0.0, 0.0, 0.0, 0.0, 0.0, 0.0, 0.0, 0.0, 0.0, 0.0, 0.0, 0.0, 0.0, 0.0, 0.0, 0.0, 0.0, 0.0, 0.0, 0.0, 0.0, 0.0, 0.0, 0.0, 0.0, 0.0, 0.0, 0.0, 0.0, 0.0, 0.0, 0.0, 0.0, 0.0, 0.0, 0.0, 0.0, 0.0, 0.0, 0.0, 0.0, 0.0, 0.0, 0.0, 0.0, 0.0, 0.0, 0.0, 0.0, 0.0, 0.0, 0.0, 0.0, 0.0, 0.0, 0.0, 0.0, 0.0, 0.0, 0.0, 0.0, 0.0, 0.0, 0.0, 0.0, 0.0, 0.0, 0.0, 0.0, 0.0, 0.0, 0.0, 0.0, 0.0, 0.0, 0.0, 0.0, 0.0, 0.0, 0.0, 0.0, 0.0, 0.0, 0.0, 0.0, 0.0, 0.0, 0.0, 0.0, 0.0, 0.0, 0.0, 0.0, 0.0, 0.0, 0.0, 0.0, 0.0, 0.0, 0.0, 0.0, 0.0, 0.0, 0.0, 0.0, 0.0, 0.0, 0.0, 0.0, 0.0, 0.0, 0.0, 0.0, 0.0, 0.0, 0.0, 0.0, 0.0, 0.0, 0.0, 0.0, 0.0, 0.0, 0.0, 0.0, 0.0, 0.0, 0.0, 0.0, 0.0, 0.0, 0.0, 0.0, 0.0, 0.0, 0.0, 0.0, 0.0, 0.0, 0.0, 0.0, 0.0, 0.0, 0.0, 0.0, 0.0, 0.0, 0.0, 0.0, 0.0, 0.0, 0.0, 0.0, 0.0, 0.0, 0.0, 0.0, 0.0, 0.0, 0.0, 0.0, 0.0, 0.0, 0.0, 0.0, 0.0, 0.0, 0.0, 0.0, 0.0, 0.0, 0.0, 0.0, 0.0, 0.0, 0.0, 0.0, 0.0, 0.0, 0.0, 0.0, 0.0, 0.0, 0.0, 0.0, 0.0, 0.0, 0.0, 0.0, 0.0, 0.0, 0.0, 0.0, 0.0, 0.0, 0.0, 0.0, 0.0, 0.0, 0.0, 0.0, 0.0, 0.0, 0.0, 0.0, 0.0, 0.0, 0.0, 0.0, 0.0, 0.0, 0.0, 0.0, 0.0, 0.0, 0.0, 0.0, 0.0, 0.0, 0.0, 0.0, 0.0, 0.0, 0.0, 0.0, 0.0, 0.0, 0.0, 0.0, 0.0, 0.0, 0.0, 0.0, 0.0, 0.0, 0.0, 0.0, 0.0, 0.0, 0.0, 0.0, 0.0, 0.0, 0.0, 0.0, 0.0, 0.0, 0.0, 0.0, 0.0, 0.0, 0.0, 0.0, 0.0, 0.0, 0.0, 0.0, 0.0, 0.0, 0.0, 0.0, 0.0, 0.0, 0.0, 0.0, 0.0, 0.0, 0.0, 0.0, 0.0, 0.0, 0.0, 0.0, 0.0, 0.0, 0.0, 0.0, 0.0, 0.0, 0.0, 0.0, 0.0, 0.0, 0.0, 0.0, 0.0, 0.0, 0.0, 0.0, 0.0, 0.0, 0.0, 0.0, 0.0, 0.0, 0.0, 0.0, 0.0, 0.0, 0.0, 0.0, 0.0, 0.0, 0.0, 0.0, 0.0, 0.0, 0.0, 0.0, 0.0, 0.0, 0.0, 0.0, 0.0, 0.0, 0.0, 0.0, 0.0, 0.0, 0.0, 0.0, 0.0, 0.0, 0.0, 0.0, 0.0, 0.0, 0.0, 0.0, 0.0, 0.0, 0.0, 0.0, 0.0, 0.0, 0.0, 0.0, 0.0, 0.0, 0.0, 0.0, 0.0, 0.0, 0.0, 0.0, 0.0, 0.0, 0.0, 0.0, 0.0, 0.0, 0.0, 0.0, 0.0, 0.0, 0.0, 0.0, 0.0, 0.0, 0.0, 0.0, 0.0, 0.0, 0.0, 0.0, 0.0, 0.0, 0.0, 0.0, 0.0, 0.0, 0.0, 0.0, 0.0, 0.0, 0.0, 0.0, 0.0, 0.0, 0.0, 0.0, 0.0, 0.0, 0.0, 0.0, 0.0, 0.0, 0.0, 0.0, 0.0, 0.0, 0.0, 0.0, 0.0, 0.0, 0.0, 0.0, 0.0, 0.0, 0.0, 0.0, 0.0, 0.0, 0.0, 0.0, 0.0, 0.0, 0.0, 0.0, 0.0, 0.0]",COMPLETE
