,number,value,datetime_start,datetime_complete,duration,params_batch_size_scaler,params_constant_learning_rate,params_depth,params_epochs,params_kernel_l2,params_num_trees,params_temperature,user_attrs_accuracy_test,user_attrs_accuracy_valid,user_attrs_approximate_feature_sparsity,user_attrs_approximate_feature_sparsity_history,user_attrs_approximate_weight_sparsity,user_attrs_approximate_weight_sparsity_history,user_attrs_auc_test,user_attrs_auc_valid,user_attrs_feature_sparsity,user_attrs_feature_sparsity_history,user_attrs_num_epochs,user_attrs_val_loss_history,user_attrs_weight_sparsity,user_attrs_weight_sparsity_history,state
70,70,0.9167729386456442,2024-08-31 03:13:26.605725,2024-08-31 03:13:53.754075,0 days 00:00:27.148350,1,0.058921458743166566,2,35,0.12973197302132397,32,0.0036790718358081995,0.929,0.91875,19,"[33, 33, 33, 33, 33, 33, 33, 33, 33, 33, 33, 33, 33, 33, 33, 32, 32, 31, 31, 30, 29, 27, 25, 24, 23, 22, 21, 21, 21, 20, 20, 20, 20, 20, 19]",18.989583333333336,"[32.96875, 32.97916666666667, 32.958333333333336, 33.0, 32.958333333333336, 32.96875, 32.97916666666667, 33.0, 33.0, 32.989583333333336, 32.989583333333336, 32.97916666666667, 32.96875, 32.96875, 32.989583333333336, 32.0, 31.979166666666668, 30.96875, 30.958333333333332, 29.979166666666668, 28.979166666666668, 27.0, 24.989583333333336, 23.9375, 22.947916666666668, 21.979166666666668, 20.979166666666668, 20.979166666666668, 20.979166666666668, 19.979166666666668, 19.989583333333336, 20.0, 19.958333333333336, 19.979166666666668, 18.989583333333336]",0.9016917246674757,0.9167729386456442,19,"[33, 33, 33, 33, 33, 33, 33, 33, 33, 33, 33, 33, 33, 33, 33, 32, 32, 31, 31, 30, 29, 27, 25, 24, 23, 22, 21, 21, 21, 20, 20, 20, 20, 20, 19]",35,"[0.4330579340457916, 0.41947609186172485, 0.4101754426956177, 0.3933677673339844, 0.3883458971977234, 0.3761654198169708, 0.36456984281539917, 0.35581979155540466, 0.3458904027938843, 0.337463915348053, 0.3282879889011383, 0.3194142282009125, 0.3146662414073944, 0.3063868582248688, 0.3047884404659271, 0.29647865891456604, 0.29259711503982544, 0.2882263660430908, 0.2808035612106323, 0.27964064478874207, 0.2771054208278656, 0.27448028326034546, 0.2689953148365021, 0.2653765082359314, 0.26277822256088257, 0.2566344141960144, 0.2572118639945984, 0.256727397441864, 0.2524760961532593, 0.24631287157535553, 0.2471523880958557, 0.24927473068237305, 0.24497249722480774, 0.24295097589492798, 0.24623824656009674]",19.0,"[33.0, 33.0, 33.0, 33.0, 33.0, 33.0, 33.0, 33.0, 33.0, 33.0, 33.0, 33.0, 33.0, 33.0, 33.0, 32.0, 32.0, 31.0, 31.0, 30.0, 29.0, 27.0, 25.0, 24.0, 23.0, 22.0, 21.0, 21.0, 21.0, 20.0, 20.0, 20.0, 20.0, 20.0, 19.0]",COMPLETE
71,71,0.7841455088817613,2024-08-31 03:13:55.463703,2024-08-31 03:14:42.227101,0 days 00:00:46.763398,64,0.10515182729705888,3,220,0.01806007642878868,42,0.0013526633890177597,0.881,0.87625,33,"[33, 33, 33, 33, 33, 33, 33, 33, 33, 33, 33, 33, 33, 33, 33, 33, 33, 33, 33, 33, 33, 33, 33, 33, 33, 33, 33, 33, 33, 33, 33, 33, 33, 33, 33, 33, 33, 33, 33, 33, 33, 33, 33, 33, 33, 33, 33, 33, 33, 33, 33, 33, 33, 33, 33, 33, 33, 33, 33, 33, 33, 33, 33, 33, 33, 33, 33, 33, 33, 33, 33, 33, 33, 33, 33, 33, 33, 33, 33, 33, 33, 33, 33, 33, 33, 33, 33, 33, 33, 33, 33, 33, 33, 33, 33, 33, 33, 33, 33, 33, 33, 33, 33, 33, 33, 33, 33, 33, 33, 33, 33, 33, 33, 33, 33, 33, 33, 33, 33, 33, 33, 33, 33, 33, 33, 33, 33, 33, 33, 33, 33, 33, 33, 33, 33, 33, 33, 33, 33, 33, 33, 33, 33, 33, 33, 33, 33, 33, 33, 33, 33, 33, 33, 33, 33, 33, 33, 33, 33, 33, 33, 33, 33, 33, 33, 33, 33, 33, 33, 33, 33, 33, 33, 33, 33, 33, 33, 33, 33, 33, 33, 33, 33, 33, 33, 33, 33, 33, 33, 33, 33, 33, 33, 33, 33, 33, 33, 33, 33, 33, 33, 33, 33, 33, 33, 33, 33, 33, 33, 33, 33, 33, 33, 33, 33, 33, 33, 33, 33, 33]",32.982993197278915,"[32.97959183673469, 32.96938775510204, 32.96938775510204, 32.97959183673469, 32.97959183673469, 32.976190476190474, 32.96938775510204, 32.976190476190474, 32.97278911564626, 32.982993197278915, 32.96938775510204, 32.965986394557824, 32.97959183673469, 32.976190476190474, 32.98299319727891, 32.97278911564626, 32.96938775510204, 32.97959183673469, 32.976190476190474, 32.97959183673469, 32.982993197278915, 32.98639455782313, 32.976190476190474, 32.976190476190474, 32.97278911564626, 32.98299319727891, 32.993197278911566, 32.98979591836735, 32.96598639455782, 32.97278911564626, 32.97278911564626, 32.9795918367347, 32.98639455782313, 32.976190476190474, 32.97959183673469, 32.965986394557824, 32.98639455782313, 32.97959183673469, 32.976190476190474, 32.97278911564626, 32.98299319727891, 32.98979591836735, 32.98299319727891, 32.98979591836735, 32.976190476190474, 32.98639455782313, 32.97278911564626, 32.98299319727891, 32.97278911564626, 32.976190476190474, 32.976190476190474, 32.97278911564626, 32.96938775510204, 32.97278911564626, 32.96938775510204, 32.96938775510204, 32.976190476190474, 32.95918367346938, 32.96938775510204, 32.97278911564626, 32.976190476190474, 32.96938775510204, 32.97278911564626, 32.976190476190474, 32.96258503401361, 32.976190476190474, 32.976190476190474, 32.98639455782313, 32.98639455782313, 32.97959183673469, 32.97959183673469, 32.98299319727891, 32.993197278911566, 32.993197278911566, 32.97959183673469, 32.976190476190474, 32.97278911564626, 32.976190476190474, 32.98639455782313, 32.98979591836735, 32.98639455782313, 32.982993197278915, 32.97959183673469, 32.976190476190474, 32.9795918367347, 32.982993197278915, 32.98639455782313, 32.98639455782313, 32.99659863945578, 32.99659863945578, 32.98979591836735, 32.98639455782313, 32.98639455782313, 32.97278911564626, 32.96938775510204, 32.96938775510204, 32.97278911564626, 32.97959183673469, 32.97278911564626, 32.976190476190474, 32.95918367346939, 32.965986394557824, 32.976190476190474, 32.976190476190474, 32.98299319727891, 32.97278911564626, 32.97959183673469, 32.97959183673469, 32.98639455782313, 32.97959183673469, 32.976190476190474, 32.976190476190474, 32.97959183673469, 32.98299319727891, 32.97959183673469, 32.976190476190474, 32.97959183673469, 32.976190476190474, 32.976190476190474, 32.98299319727891, 32.97959183673469, 32.976190476190474, 32.98979591836735, 32.993197278911566, 32.9795918367347, 32.98979591836735, 32.98639455782313, 32.976190476190474, 32.976190476190474, 32.976190476190474, 32.976190476190474, 32.98979591836735, 32.976190476190474, 32.98639455782313, 32.98299319727891, 32.98299319727891, 32.97959183673469, 32.98299319727891, 32.976190476190474, 32.976190476190474, 32.976190476190474, 32.97959183673469, 32.976190476190474, 32.96938775510204, 32.98639455782313, 32.97959183673469, 32.98639455782313, 32.98299319727891, 32.98979591836735, 32.98639455782313, 32.976190476190474, 32.97959183673469, 32.97959183673469, 32.98299319727891, 32.98979591836735, 32.98979591836735, 32.986394557823125, 32.98299319727891, 32.98299319727891, 32.98299319727891, 32.98979591836735, 32.98639455782313, 32.97959183673469, 32.98639455782313, 32.98979591836735, 32.98639455782313, 32.98299319727891, 32.98979591836735, 32.97959183673469, 32.97278911564626, 32.993197278911566, 32.97959183673469, 32.98979591836735, 32.98639455782313, 32.98299319727891, 32.98299319727891, 32.98639455782313, 32.97959183673469, 32.976190476190474, 32.98639455782313, 32.9795918367347, 32.976190476190474, 32.97959183673469, 32.97959183673469, 32.965986394557824, 32.98979591836735, 32.98639455782313, 32.97959183673469, 32.98639455782313, 32.98299319727891, 32.976190476190474, 32.982993197278915, 32.965986394557824, 32.97278911564626, 32.9625850340136, 32.95918367346938, 32.9625850340136, 32.965986394557824, 32.982993197278915, 32.97959183673469, 32.97278911564626, 32.97959183673469, 32.97959183673469, 32.96938775510204, 32.97959183673469, 32.97959183673469, 32.96938775510204, 32.97278911564626, 32.95918367346938, 32.98299319727891, 32.976190476190474, 32.97959183673469, 32.97278911564626, 32.98639455782313, 32.97278911564626, 32.96938775510204, 32.976190476190474, 32.96938775510204, 32.96938775510204, 32.982993197278915]",0.8129442944542145,0.7841455088817613,33,"[33, 33, 33, 33, 33, 33, 33, 33, 33, 33, 33, 33, 33, 33, 33, 33, 33, 33, 33, 33, 33, 33, 33, 33, 33, 33, 33, 33, 33, 33, 33, 33, 33, 33, 33, 33, 33, 33, 33, 33, 33, 33, 33, 33, 33, 33, 33, 33, 33, 33, 33, 33, 33, 33, 33, 33, 33, 33, 33, 33, 33, 33, 33, 33, 33, 33, 33, 33, 33, 33, 33, 33, 33, 33, 33, 33, 33, 33, 33, 33, 33, 33, 33, 33, 33, 33, 33, 33, 33, 33, 33, 33, 33, 33, 33, 33, 33, 33, 33, 33, 33, 33, 33, 33, 33, 33, 33, 33, 33, 33, 33, 33, 33, 33, 33, 33, 33, 33, 33, 33, 33, 33, 33, 33, 33, 33, 33, 33, 33, 33, 33, 33, 33, 33, 33, 33, 33, 33, 33, 33, 33, 33, 33, 33, 33, 33, 33, 33, 33, 33, 33, 33, 33, 33, 33, 33, 33, 33, 33, 33, 33, 33, 33, 33, 33, 33, 33, 33, 33, 33, 33, 33, 33, 33, 33, 33, 33, 33, 33, 33, 33, 33, 33, 33, 33, 33, 33, 33, 33, 33, 33, 33, 33, 33, 33, 33, 33, 33, 33, 33, 33, 33, 33, 33, 33, 33, 33, 33, 33, 33, 33, 33, 33, 33, 33, 33, 33, 33, 33, 33]",220,"[0.4159625768661499, 0.4117479622364044, 0.4092198610305786, 0.40719354152679443, 0.40512344241142273, 0.4033154547214508, 0.40150123834609985, 0.40022727847099304, 0.39865872263908386, 0.39680370688438416, 0.3955332934856415, 0.3947466015815735, 0.3933001458644867, 0.3922310173511505, 0.3909919261932373, 0.3902580738067627, 0.3892659842967987, 0.3883441090583801, 0.38760530948638916, 0.3869669735431671, 0.3865220546722412, 0.38536280393600464, 0.384292870759964, 0.3833543658256531, 0.3827615976333618, 0.38193240761756897, 0.3811505436897278, 0.3808959722518921, 0.38009387254714966, 0.379586786031723, 0.37897270917892456, 0.3786371350288391, 0.3780360817909241, 0.37749946117401123, 0.3771049380302429, 0.3768106698989868, 0.3764083981513977, 0.3760475218296051, 0.3754919171333313, 0.3751193881034851, 0.37476086616516113, 0.37440168857574463, 0.37391892075538635, 0.3734240233898163, 0.3731335401535034, 0.3729380667209625, 0.37246161699295044, 0.3719089925289154, 0.3716071844100952, 0.3712961673736572, 0.37104833126068115, 0.3707595467567444, 0.3704042136669159, 0.37012267112731934, 0.3700818121433258, 0.37020343542099, 0.3697879910469055, 0.3694034814834595, 0.36949825286865234, 0.36881884932518005, 0.36844730377197266, 0.3682502806186676, 0.3678916096687317, 0.36791715025901794, 0.36730048060417175, 0.36713147163391113, 0.3668368458747864, 0.36660388112068176, 0.36638569831848145, 0.36606913805007935, 0.3659827411174774, 0.36579740047454834, 0.36576566100120544, 0.3651885688304901, 0.3649260401725769, 0.3647818863391876, 0.36456549167633057, 0.36466285586357117, 0.3640598654747009, 0.36381882429122925, 0.36384376883506775, 0.3635484278202057, 0.3632235825061798, 0.3628885746002197, 0.36272135376930237, 0.3622969686985016, 0.36217978596687317, 0.36211520433425903, 0.36176684498786926, 0.3615594208240509, 0.36107033491134644, 0.3609420657157898, 0.3608046770095825, 0.3605920374393463, 0.360519140958786, 0.3603258430957794, 0.36000099778175354, 0.35975828766822815, 0.3596446216106415, 0.36060088872909546, 0.3605947494506836, 0.35978710651397705, 0.3589850664138794, 0.35906898975372314, 0.35873207449913025, 0.35827600955963135, 0.3579044044017792, 0.3576582968235016, 0.357466459274292, 0.3571527600288391, 0.35698163509368896, 0.35674554109573364, 0.35658904910087585, 0.35619691014289856, 0.3558341860771179, 0.3556821942329407, 0.355729341506958, 0.3554528057575226, 0.355157732963562, 0.35490089654922485, 0.35457390546798706, 0.3542604148387909, 0.3541560471057892, 0.3536742329597473, 0.35368043184280396, 0.35350897908210754, 0.35350292921066284, 0.35329505801200867, 0.3526110351085663, 0.3524467349052429, 0.35241204500198364, 0.35207268595695496, 0.3518066704273224, 0.3514450192451477, 0.3513809144496918, 0.35109564661979675, 0.350808709859848, 0.3508850336074829, 0.35053616762161255, 0.35036700963974, 0.3499121367931366, 0.3496410846710205, 0.3493271768093109, 0.3491366505622864, 0.34901127219200134, 0.3485976755619049, 0.3485954999923706, 0.3483422100543976, 0.3484419882297516, 0.3483453691005707, 0.34817713499069214, 0.34773245453834534, 0.34736329317092896, 0.34724655747413635, 0.34732598066329956, 0.34681224822998047, 0.34648972749710083, 0.3461010456085205, 0.3459724187850952, 0.3455810248851776, 0.3453727066516876, 0.3452647924423218, 0.34584179520606995, 0.34570246934890747, 0.34545138478279114, 0.34503018856048584, 0.34506499767303467, 0.34602251648902893, 0.3448115587234497, 0.3442628085613251, 0.3434816300868988, 0.34360161423683167, 0.3431791365146637, 0.34311458468437195, 0.3430967628955841, 0.34318870306015015, 0.3425363600254059, 0.34246718883514404, 0.3417077660560608, 0.3412601351737976, 0.3410707116127014, 0.3409048020839691, 0.34075793623924255, 0.3404305577278137, 0.340194433927536, 0.339875191450119, 0.3397313952445984, 0.33952632546424866, 0.3393276333808899, 0.3390732705593109, 0.3388983905315399, 0.33914780616760254, 0.3384389579296112, 0.3383888006210327, 0.33773818612098694, 0.3375210165977478, 0.3372531235218048, 0.3369653820991516, 0.3366178274154663, 0.3364371359348297, 0.33616021275520325, 0.3360176384449005, 0.33545511960983276, 0.335511714220047, 0.3350643217563629, 0.334952175617218, 0.33471783995628357, 0.33455517888069153, 0.3342764377593994, 0.3341294229030609, 0.33382320404052734, 0.33352038264274597, 0.3333774507045746, 0.33303093910217285, 0.33314159512519836, 0.332911878824234, 0.33285921812057495, 0.3327939510345459, 0.3320976495742798, 0.33180487155914307]",33.0,"[33.0, 33.0, 33.0, 33.0, 33.0, 33.0, 33.0, 33.0, 33.0, 33.0, 33.0, 33.0, 33.0, 33.0, 33.0, 33.0, 33.0, 33.0, 33.0, 33.0, 33.0, 33.0, 33.0, 33.0, 33.0, 33.0, 33.0, 33.0, 33.0, 33.0, 33.0, 33.0, 33.0, 33.0, 33.0, 33.0, 33.0, 33.0, 33.0, 33.0, 33.0, 33.0, 33.0, 33.0, 33.0, 33.0, 33.0, 33.0, 33.0, 33.0, 33.0, 33.0, 33.0, 33.0, 33.0, 33.0, 33.0, 33.0, 33.0, 33.0, 33.0, 33.0, 33.0, 33.0, 33.0, 33.0, 33.0, 33.0, 33.0, 33.0, 33.0, 33.0, 33.0, 33.0, 33.0, 33.0, 33.0, 33.0, 33.0, 33.0, 33.0, 33.0, 33.0, 33.0, 33.0, 33.0, 33.0, 33.0, 33.0, 33.0, 33.0, 33.0, 33.0, 33.0, 33.0, 33.0, 33.0, 33.0, 33.0, 33.0, 33.0, 33.0, 33.0, 33.0, 33.0, 33.0, 33.0, 33.0, 33.0, 33.0, 33.0, 33.0, 33.0, 33.0, 33.0, 33.0, 33.0, 33.0, 33.0, 33.0, 33.0, 33.0, 33.0, 33.0, 33.0, 33.0, 33.0, 33.0, 33.0, 33.0, 33.0, 33.0, 33.0, 33.0, 33.0, 33.0, 33.0, 33.0, 33.0, 33.0, 33.0, 33.0, 33.0, 33.0, 33.0, 33.0, 33.0, 33.0, 33.0, 33.0, 33.0, 33.0, 33.0, 33.0, 33.0, 33.0, 33.0, 33.0, 33.0, 33.0, 33.0, 33.0, 33.0, 33.0, 33.0, 33.0, 33.0, 33.0, 33.0, 33.0, 33.0, 33.0, 33.0, 33.0, 33.0, 33.0, 33.0, 33.0, 33.0, 33.0, 33.0, 33.0, 33.0, 33.0, 33.0, 33.0, 33.0, 33.0, 33.0, 33.0, 33.0, 33.0, 33.0, 33.0, 33.0, 33.0, 33.0, 33.0, 33.0, 33.0, 33.0, 33.0, 33.0, 33.0, 33.0, 33.0, 33.0, 33.0, 33.0, 33.0, 33.0, 33.0, 33.0, 33.0, 33.0, 33.0, 33.0, 33.0, 33.0, 33.0]",COMPLETE
