,number,value,datetime_start,datetime_complete,duration,params_batch_size_scaler,params_constant_learning_rate,params_depth,params_epochs,params_kernel_l2,params_num_trees,params_temperature,user_attrs_accuracy_test,user_attrs_accuracy_valid,user_attrs_approximate_feature_sparsity,user_attrs_approximate_feature_sparsity_history,user_attrs_approximate_weight_sparsity,user_attrs_approximate_weight_sparsity_history,user_attrs_auc_test,user_attrs_auc_valid,user_attrs_feature_sparsity,user_attrs_feature_sparsity_history,user_attrs_num_epochs,user_attrs_val_loss_history,user_attrs_weight_sparsity,user_attrs_weight_sparsity_history,state
150,150,0.9225695920444152,2024-08-31 07:26:16.808895,2024-08-31 07:28:03.054167,0 days 00:01:46.245272,1,0.159909112709794,2,185,0.0027851391023494443,98,0.050927449176120694,0.933,0.9325,33,"[33, 33, 33, 33, 33, 33, 33, 33, 33, 33, 33, 33, 33, 33, 33, 33, 33, 33, 33, 33, 33, 33, 33, 33, 33, 33, 33, 33, 33, 33, 33, 33, 33, 33, 33, 33, 33, 33, 33, 33, 33, 33, 33, 33, 33, 33, 33, 33, 33, 33, 33, 33, 33, 33, 33, 33, 33, 33, 33, 33, 33, 33, 33, 33, 33, 33, 33, 33, 33, 33, 33, 33, 33, 33, 33, 33, 33, 33, 33, 33, 33, 33, 33, 33, 33, 33, 33, 33, 33, 33, 33, 33, 33, 33, 33, 33, 33, 33, 33, 33, 33, 33, 33, 33, 33, 33, 33, 33, 33, 33, 33, 33, 33, 33, 33, 33, 33, 33, 33, 33, 33, 33, 33, 33, 33, 33, 33, 33, 33, 33, 33, 33, 33, 33, 33, 33, 33, 33, 33, 33, 33, 33, 33, 33, 33, 33, 33, 33, 33, 33, 33, 33, 33, 33, 33, 33, 33, 33, 33, 33, 33, 33, 33, 33, 33, 33, 33, 33, 33, 33, 33, 33, 33, 33, 33, 33, 33, 33, 33, 33, 33, 33, 33, 33, 33]",32.96598639455782,"[32.96938775510204, 32.98639455782313, 32.96938775510204, 32.965986394557824, 32.976190476190474, 32.98299319727891, 32.97959183673469, 32.97959183673469, 32.96258503401361, 32.97278911564626, 32.98299319727891, 32.98639455782313, 32.97959183673469, 32.96598639455782, 32.97959183673469, 32.993197278911566, 32.982993197278915, 32.965986394557824, 32.98639455782313, 32.9795918367347, 32.96938775510204, 32.965986394557824, 32.96938775510204, 32.976190476190474, 32.98299319727891, 32.965986394557824, 32.96938775510204, 32.97278911564626, 32.97278911564626, 32.976190476190474, 32.976190476190474, 32.965986394557824, 32.97959183673469, 32.982993197278915, 32.976190476190474, 32.97278911564626, 32.96938775510204, 32.9795918367347, 32.96938775510204, 32.97959183673469, 32.96258503401361, 32.97278911564626, 32.96938775510204, 32.98299319727891, 32.97959183673469, 32.97278911564626, 32.97278911564626, 32.97959183673469, 32.982993197278915, 32.97959183673469, 32.97959183673469, 32.98979591836735, 32.99659863945578, 32.97278911564626, 32.982993197278915, 32.96938775510204, 32.96938775510204, 32.98299319727891, 32.97278911564626, 32.97278911564626, 32.97959183673469, 32.976190476190474, 32.97278911564626, 32.976190476190474, 32.982993197278915, 32.98299319727891, 32.98979591836735, 32.976190476190474, 32.96938775510204, 32.96938775510204, 32.976190476190474, 32.96258503401361, 32.982993197278915, 32.98639455782313, 32.98299319727891, 32.96938775510204, 32.96938775510204, 32.976190476190474, 32.98979591836735, 32.98299319727891, 32.97278911564626, 32.976190476190474, 32.97619047619048, 32.98299319727891, 32.97959183673469, 32.97959183673469, 32.96938775510204, 32.97959183673469, 32.98639455782313, 32.98639455782313, 32.97278911564626, 32.982993197278915, 32.9625850340136, 32.98979591836735, 32.97959183673469, 32.96938775510204, 32.982993197278915, 32.976190476190474, 32.98639455782313, 32.976190476190474, 32.97278911564626, 32.98299319727891, 32.98299319727891, 32.97278911564626, 32.976190476190474, 32.965986394557824, 32.98299319727891, 32.98639455782313, 32.97959183673469, 32.98979591836735, 32.96258503401361, 32.976190476190474, 32.98979591836735, 32.98639455782313, 32.97278911564626, 32.9795918367347, 32.976190476190474, 32.97278911564626, 32.976190476190474, 32.9795918367347, 32.976190476190474, 32.98299319727891, 32.97959183673469, 32.97278911564626, 32.98639455782313, 32.98639455782313, 32.976190476190474, 32.976190476190474, 32.97278911564626, 32.98639455782313, 32.976190476190474, 32.97959183673469, 32.96938775510204, 32.98639455782313, 32.98979591836735, 32.98979591836735, 32.98639455782313, 32.982993197278915, 32.98979591836735, 32.982993197278915, 32.9795918367347, 32.976190476190474, 32.982993197278915, 32.98299319727891, 32.97959183673469, 32.98299319727891, 32.95918367346938, 32.97278911564626, 32.965986394557824, 32.982993197278915, 32.97278911564626, 32.97959183673469, 32.965986394557824, 32.96938775510204, 32.976190476190474, 32.976190476190474, 32.97959183673469, 32.96938775510204, 32.97959183673469, 32.97959183673469, 32.97959183673469, 32.97959183673469, 32.98639455782313, 32.97278911564626, 32.96938775510204, 32.96938775510204, 32.98979591836735, 32.97278911564626, 32.976190476190474, 32.98639455782313, 32.97959183673469, 32.98299319727891, 32.976190476190474, 32.982993197278915, 32.965986394557824, 32.97959183673469, 32.976190476190474, 32.98639455782313, 32.993197278911566, 32.976190476190474, 32.982993197278915, 32.982993197278915, 32.965986394557824, 32.96938775510204, 32.96598639455782]",0.8949050107745276,0.9225695920444152,33,"[33, 33, 33, 33, 33, 33, 33, 33, 33, 33, 33, 33, 33, 33, 33, 33, 33, 33, 33, 33, 33, 33, 33, 33, 33, 33, 33, 33, 33, 33, 33, 33, 33, 33, 33, 33, 33, 33, 33, 33, 33, 33, 33, 33, 33, 33, 33, 33, 33, 33, 33, 33, 33, 33, 33, 33, 33, 33, 33, 33, 33, 33, 33, 33, 33, 33, 33, 33, 33, 33, 33, 33, 33, 33, 33, 33, 33, 33, 33, 33, 33, 33, 33, 33, 33, 33, 33, 33, 33, 33, 33, 33, 33, 33, 33, 33, 33, 33, 33, 33, 33, 33, 33, 33, 33, 33, 33, 33, 33, 33, 33, 33, 33, 33, 33, 33, 33, 33, 33, 33, 33, 33, 33, 33, 33, 33, 33, 33, 33, 33, 33, 33, 33, 33, 33, 33, 33, 33, 33, 33, 33, 33, 33, 33, 33, 33, 33, 33, 33, 33, 33, 33, 33, 33, 33, 33, 33, 33, 33, 33, 33, 33, 33, 33, 33, 33, 33, 33, 33, 33, 33, 33, 33, 33, 33, 33, 33, 33, 33, 33, 33, 33, 33, 33, 33]",185,"[0.35669976472854614, 0.37340259552001953, 0.3262833058834076, 0.30745619535446167, 0.2787611186504364, 0.33990195393562317, 0.3326781988143921, 0.24132230877876282, 0.23513229191303253, 0.21807029843330383, 0.21152088046073914, 0.21068568527698517, 0.2054736316204071, 0.2001304179430008, 0.22899186611175537, 0.23477642238140106, 0.20817512273788452, 0.2052190601825714, 0.21467964351177216, 0.20925331115722656, 0.26010721921920776, 0.19874410331249237, 0.19091865420341492, 0.227005273103714, 0.1986118108034134, 0.18975986540317535, 0.21204449236392975, 0.20020422339439392, 0.1872071474790573, 0.19526711106300354, 0.18889087438583374, 0.19368097186088562, 0.23907332122325897, 0.18278616666793823, 0.18426494300365448, 0.20457588136196136, 0.19131338596343994, 0.2031812220811844, 0.18218183517456055, 0.17750969529151917, 0.19081301987171173, 0.1803537905216217, 0.18206779658794403, 0.17753265798091888, 0.19844572246074677, 0.19555765390396118, 0.2117002308368683, 0.1767839640378952, 0.20251451432704926, 0.19517600536346436, 0.1833069622516632, 0.18636395037174225, 0.18187695741653442, 0.19026370346546173, 0.29037293791770935, 0.18520398437976837, 0.18510499596595764, 0.21436288952827454, 0.22053931653499603, 0.1875319629907608, 0.19048845767974854, 0.18671190738677979, 0.18050631880760193, 0.18870042264461517, 0.19468116760253906, 0.17755277454853058, 0.19872333109378815, 0.1871490478515625, 0.21737484633922577, 0.20399203896522522, 0.20065370202064514, 0.23986652493476868, 0.19531531631946564, 0.19296523928642273, 0.19628536701202393, 0.24083705246448517, 0.20672926306724548, 0.21616725623607635, 0.1965097188949585, 0.2006368488073349, 0.1980656385421753, 0.22542844712734222, 0.20246249437332153, 0.19806507229804993, 0.224851593375206, 0.2025962471961975, 0.20847947895526886, 0.21147777140140533, 0.20202425122261047, 0.20708145201206207, 0.20544132590293884, 0.22309564054012299, 0.21922247111797333, 0.20624752342700958, 0.2179792821407318, 0.21999336779117584, 0.21612414717674255, 0.23924489319324493, 0.22529220581054688, 0.22521863877773285, 0.22633449733257294, 0.23737066984176636, 0.22320044040679932, 0.23711852729320526, 0.23337890207767487, 0.24247978627681732, 0.23037800192832947, 0.2372116893529892, 0.2422400712966919, 0.238447368144989, 0.2388053834438324, 0.24492840468883514, 0.24254560470581055, 0.24943672120571136, 0.2520415484905243, 0.23883771896362305, 0.25412583351135254, 0.27517449855804443, 0.25999367237091064, 0.25954270362854004, 0.2623421847820282, 0.256487637758255, 0.26904746890068054, 0.26686713099479675, 0.259587824344635, 0.26709482073783875, 0.2774900496006012, 0.27505189180374146, 0.280994713306427, 0.26619017124176025, 0.2684297561645508, 0.2734256088733673, 0.2824153006076813, 0.28419455885887146, 0.27807649970054626, 0.2782594859600067, 0.2780618965625763, 0.2782116234302521, 0.28391188383102417, 0.29512709379196167, 0.2861635982990265, 0.28352296352386475, 0.294145792722702, 0.29288366436958313, 0.2942591905593872, 0.2872363030910492, 0.30092093348503113, 0.2942665219306946, 0.2940117120742798, 0.29531097412109375, 0.29852229356765747, 0.29935988783836365, 0.2980688214302063, 0.30254366993904114, 0.30677953362464905, 0.2975015640258789, 0.3110133707523346, 0.3100639581680298, 0.3069523572921753, 0.3066330850124359, 0.3108217716217041, 0.3096674680709839, 0.3086601793766022, 0.31288498640060425, 0.3152801990509033, 0.3225443959236145, 0.31841740012168884, 0.3168363571166992, 0.3198380172252655, 0.31326183676719666, 0.3269226551055908, 0.3147036135196686, 0.3202328383922577, 0.31583359837532043, 0.3385778069496155, 0.32204359769821167, 0.32600998878479004, 0.3284078538417816, 0.32636937499046326, 0.3349171578884125, 0.3360369801521301, 0.32660380005836487, 0.33194342255592346, 0.33120712637901306, 0.336490273475647]",33.0,"[33.0, 33.0, 33.0, 33.0, 33.0, 33.0, 33.0, 33.0, 33.0, 33.0, 33.0, 33.0, 33.0, 33.0, 33.0, 33.0, 33.0, 33.0, 33.0, 33.0, 33.0, 33.0, 33.0, 33.0, 33.0, 33.0, 33.0, 33.0, 33.0, 33.0, 33.0, 33.0, 33.0, 33.0, 33.0, 33.0, 33.0, 33.0, 33.0, 33.0, 33.0, 33.0, 33.0, 33.0, 33.0, 33.0, 33.0, 33.0, 33.0, 33.0, 33.0, 33.0, 33.0, 33.0, 33.0, 33.0, 33.0, 33.0, 33.0, 33.0, 33.0, 33.0, 33.0, 33.0, 33.0, 33.0, 33.0, 33.0, 33.0, 33.0, 33.0, 33.0, 33.0, 33.0, 33.0, 33.0, 33.0, 33.0, 33.0, 33.0, 33.0, 33.0, 33.0, 33.0, 33.0, 33.0, 33.0, 33.0, 33.0, 33.0, 33.0, 33.0, 33.0, 33.0, 33.0, 33.0, 33.0, 33.0, 33.0, 33.0, 33.0, 33.0, 33.0, 33.0, 33.0, 33.0, 33.0, 33.0, 33.0, 33.0, 33.0, 33.0, 33.0, 33.0, 33.0, 33.0, 33.0, 33.0, 33.0, 33.0, 33.0, 33.0, 33.0, 33.0, 33.0, 33.0, 33.0, 33.0, 33.0, 33.0, 33.0, 33.0, 33.0, 33.0, 33.0, 33.0, 33.0, 33.0, 33.0, 33.0, 33.0, 33.0, 33.0, 33.0, 33.0, 33.0, 33.0, 33.0, 33.0, 33.0, 33.0, 33.0, 33.0, 33.0, 33.0, 33.0, 33.0, 33.0, 33.0, 33.0, 33.0, 33.0, 33.0, 33.0, 33.0, 33.0, 33.0, 33.0, 33.0, 33.0, 33.0, 33.0, 33.0, 33.0, 33.0, 33.0, 33.0, 33.0, 33.0, 33.0, 33.0, 33.0, 33.0, 33.0, 33.0]",COMPLETE
151,151,0.5,2024-08-31 07:28:07.440577,2024-08-31 07:29:51.711981,0 days 00:01:44.271404,16,3.753193418665725,6,115,0.002826653500723734,24,0.05586790821446139,0.859,0.85875,0,"[0, 0, 0, 0, 0, 0, 0, 0, 0, 0, 0, 0, 0, 0, 0, 0, 0, 0, 0, 0, 0, 0, 0, 0, 0, 0, 0, 0, 0, 0, 0, 0, 0, 0, 0, 0, 0, 0, 0, 0, 0, 0, 0, 0, 0, 0, 0, 0, 0, 0, 0, 0, 0, 0, 0, 0, 0, 0, 0, 0, 0, 0, 0, 0, 0, 0, 0, 0, 0, 0, 0, 0, 0, 0, 0, 0, 0, 0, 0, 0, 0, 0, 0, 0, 0, 0, 0, 0, 0, 0, 0, 0, 0, 0, 0, 0, 0, 0, 0, 0, 0, 0, 0, 0, 0, 0, 0, 0, 0, 0, 0, 0, 0, 0, 0]",0.0,"[0.0, 0.0, 0.0, 0.0, 0.0, 0.0, 0.0, 0.0, 0.0, 0.0, 0.0, 0.0, 0.0, 0.0, 0.0, 0.0, 0.0, 0.0, 0.0, 0.0, 0.0, 0.0, 0.0, 0.0, 0.0, 0.0, 0.0, 0.0, 0.0, 0.0, 0.0, 0.0, 0.0, 0.0, 0.0, 0.0, 0.0, 0.0, 0.0, 0.0, 0.0, 0.0, 0.0, 0.0, 0.0, 0.0, 0.0, 0.0, 0.0, 0.0, 0.0, 0.0, 0.0, 0.0, 0.0, 0.0, 0.0, 0.0, 0.0, 0.0, 0.0, 0.0, 0.0, 0.0, 0.0, 0.0, 0.0, 0.0, 0.0, 0.0, 0.0, 0.0, 0.0, 0.0, 0.0, 0.0, 0.0, 0.0, 0.0, 0.0, 0.0, 0.0, 0.0, 0.0, 0.0, 0.0, 0.0, 0.0, 0.0, 0.0, 0.0, 0.0, 0.0, 0.0, 0.0, 0.0, 0.0, 0.0, 0.0, 0.0, 0.0, 0.0, 0.0, 0.0, 0.0, 0.0, 0.0, 0.0, 0.0, 0.0, 0.0, 0.0, 0.0, 0.0, 0.0]",0.5,0.5,0,"[0, 0, 0, 0, 0, 0, 0, 0, 0, 0, 0, 0, 0, 0, 0, 0, 0, 0, 0, 0, 0, 0, 0, 0, 0, 0, 0, 0, 0, 0, 0, 0, 0, 0, 0, 0, 0, 0, 0, 0, 0, 0, 0, 0, 0, 0, 0, 0, 0, 0, 0, 0, 0, 0, 0, 0, 0, 0, 0, 0, 0, 0, 0, 0, 0, 0, 0, 0, 0, 0, 0, 0, 0, 0, 0, 0, 0, 0, 0, 0, 0, 0, 0, 0, 0, 0, 0, 0, 0, 0, 0, 0, 0, 0, 0, 0, 0, 0, 0, 0, 0, 0, 0, 0, 0, 0, 0, 0, 0, 0, 0, 0, 0, 0, 0]",115,"[0.40770095586776733, 0.4074050486087799, 0.4076346457004547, 0.40818968415260315, 0.4072691798210144, 0.40773335099220276, 0.40960612893104553, 0.40722891688346863, 0.4087611734867096, 0.40807440876960754, 0.40723416209220886, 0.4072391986846924, 0.40741023421287537, 0.4072903096675873, 0.40758079290390015, 0.4105159342288971, 0.4074595272541046, 0.40967822074890137, 0.4080032706260681, 0.40769755840301514, 0.4077548682689667, 0.4077446460723877, 0.4074539542198181, 0.4074675738811493, 0.4075838327407837, 0.4072647988796234, 0.40725719928741455, 0.40765008330345154, 0.4078442454338074, 0.40762946009635925, 0.40724021196365356, 0.4072268605232239, 0.40798091888427734, 0.4073619544506073, 0.40789034962654114, 0.40726882219314575, 0.40870800614356995, 0.40809786319732666, 0.4075310230255127, 0.4072428047657013, 0.4076192080974579, 0.40825778245925903, 0.40724486112594604, 0.40733328461647034, 0.40723007917404175, 0.4072915017604828, 0.40735185146331787, 0.40724262595176697, 0.40801215171813965, 0.407598614692688, 0.4072306752204895, 0.40727370977401733, 0.4078652858734131, 0.40810757875442505, 0.4073246419429779, 0.4075939953327179, 0.4080561399459839, 0.4075196087360382, 0.40758436918258667, 0.4072261154651642, 0.4073683023452759, 0.40747055411338806, 0.40756550431251526, 0.4082704484462738, 0.4073813557624817, 0.4074205160140991, 0.4091588854789734, 0.4072963297367096, 0.4077415466308594, 0.4072285592556, 0.4093482196331024, 0.40722692012786865, 0.4079325497150421, 0.4072561264038086, 0.40724819898605347, 0.4073448181152344, 0.4074164628982544, 0.4074855446815491, 0.4072362780570984, 0.4072267413139343, 0.4076874554157257, 0.4073490798473358, 0.4072296619415283, 0.4072577953338623, 0.40730562806129456, 0.40774932503700256, 0.4072272479534149, 0.40722617506980896, 0.4072517156600952, 0.40729111433029175, 0.40744131803512573, 0.40813136100769043, 0.40738341212272644, 0.40740302205085754, 0.4072261452674866, 0.4072355329990387, 0.4076818525791168, 0.40902209281921387, 0.4072688817977905, 0.4072396457195282, 0.4075927734375, 0.4088784158229828, 0.407260537147522, 0.4076300859451294, 0.4084104299545288, 0.4073980748653412, 0.40875256061553955, 0.4072398245334625, 0.40724262595176697, 0.4072595536708832, 0.4073461890220642, 0.40723690390586853, 0.40724948048591614, 0.40880119800567627, 0.40764763951301575]",0.0,"[0.0, 0.0, 0.0, 0.0, 0.0, 0.0, 0.0, 0.0, 0.0, 0.0, 0.0, 0.0, 0.0, 0.0, 0.0, 0.0, 0.0, 0.0, 0.0, 0.0, 0.0, 0.0, 0.0, 0.0, 0.0, 0.0, 0.0, 0.0, 0.0, 0.0, 0.0, 0.0, 0.0, 0.0, 0.0, 0.0, 0.0, 0.0, 0.0, 0.0, 0.0, 0.0, 0.0, 0.0, 0.0, 0.0, 0.0, 0.0, 0.0, 0.0, 0.0, 0.0, 0.0, 0.0, 0.0, 0.0, 0.0, 0.0, 0.0, 0.0, 0.0, 0.0, 0.0, 0.0, 0.0, 0.0, 0.0, 0.0, 0.0, 0.0, 0.0, 0.0, 0.0, 0.0, 0.0, 0.0, 0.0, 0.0, 0.0, 0.0, 0.0, 0.0, 0.0, 0.0, 0.0, 0.0, 0.0, 0.0, 0.0, 0.0, 0.0, 0.0, 0.0, 0.0, 0.0, 0.0, 0.0, 0.0, 0.0, 0.0, 0.0, 0.0, 0.0, 0.0, 0.0, 0.0, 0.0, 0.0, 0.0, 0.0, 0.0, 0.0, 0.0, 0.0, 0.0]",COMPLETE
