,number,value,datetime_start,datetime_complete,duration,params_batch_size_scaler,params_constant_learning_rate,params_depth,params_epochs,params_kernel_l2,params_num_trees,params_temperature,user_attrs_accuracy_test,user_attrs_accuracy_valid,user_attrs_approximate_feature_sparsity,user_attrs_approximate_feature_sparsity_history,user_attrs_approximate_weight_sparsity,user_attrs_approximate_weight_sparsity_history,user_attrs_auc_test,user_attrs_auc_valid,user_attrs_feature_sparsity,user_attrs_feature_sparsity_history,user_attrs_num_epochs,user_attrs_val_loss_history,user_attrs_weight_sparsity,user_attrs_weight_sparsity_history,state
94,94,0.5,2024-08-31 04:27:28.393188,2024-08-31 04:31:58.363063,0 days 00:04:29.969875,1,0.6573048108573692,3,355,0.00255083154927675,71,0.013260588966046974,0.859,0.85875,0,"[0, 0, 0, 0, 0, 0, 0, 0, 0, 0, 0, 0, 0, 0, 0, 0, 0, 0, 0, 0, 0, 0, 0, 0, 0, 0, 0, 0, 0, 0, 0, 0, 0, 0, 0, 0, 0, 0, 0, 0, 0, 0, 0, 0, 0, 0, 0, 0, 0, 0, 0, 0, 0, 0, 0, 0, 0, 0, 0, 0, 0, 0, 0, 0, 0, 0, 0, 0, 0, 0, 0, 0, 0, 0, 0, 0, 0, 0, 0, 0, 0, 0, 0, 0, 0, 0, 0, 0, 0, 0, 0, 0, 0, 0, 0, 0, 0, 0, 0, 0, 0, 0, 0, 0, 0, 0, 0, 0, 0, 0, 0, 0, 0, 0, 0, 0, 0, 0, 0, 0, 0, 0, 0, 0, 0, 0, 0, 0, 0, 0, 0, 0, 0, 0, 0, 0, 0, 0, 0, 0, 0, 0, 0, 0, 0, 0, 0, 0, 0, 0, 0, 0, 0, 0, 0, 0, 0, 0, 0, 0, 0, 0, 0, 0, 0, 0, 0, 0, 0, 0, 0, 0, 0, 0, 0, 0, 0, 0, 0, 0, 0, 0, 0, 0, 0, 0, 0, 0, 0, 0, 0, 0, 0, 0, 0, 0, 0, 0, 0, 0, 0, 0, 0, 0, 0, 0, 0, 0, 0, 0, 0, 0, 0, 0, 0, 0, 0, 0, 0, 0, 0, 0, 0, 0, 0, 0, 0, 0, 0, 0, 0, 0, 0, 0, 0, 0, 0, 0, 0, 0, 0, 0, 0, 0, 0, 0, 0, 0, 0, 0, 0, 0, 0, 0, 0, 0, 0, 0, 0, 0, 0, 0, 0, 0, 0, 0, 0, 0, 0, 0, 0, 0, 0, 0, 0, 0, 0, 0, 0, 0, 0, 0, 0, 0, 0, 0, 0, 0, 0, 0, 0, 0, 0, 0, 0, 0, 0, 0, 0, 0, 0, 0, 0, 0, 0, 0, 0, 0, 0, 0, 0, 0, 0, 0, 0, 0, 0, 0, 0, 0, 0, 0, 0, 0, 0, 0, 0, 0, 0, 0, 0, 0, 0, 0, 0, 0, 0, 0, 0, 0, 0, 0, 0, 0, 0, 0, 0, 0, 0, 0, 0, 0, 0, 0, 0]",0.0,"[0.0, 0.0, 0.0, 0.0, 0.0, 0.0, 0.0, 0.0, 0.0, 0.0, 0.0, 0.0, 0.0, 0.0, 0.0, 0.0, 0.0, 0.0, 0.0, 0.0, 0.0, 0.0, 0.0, 0.0, 0.0, 0.0, 0.0, 0.0, 0.0, 0.0, 0.0, 0.0, 0.0, 0.0, 0.0, 0.0, 0.0, 0.0, 0.0, 0.0, 0.0, 0.0, 0.0, 0.0, 0.0, 0.0, 0.0, 0.0, 0.0, 0.0, 0.0, 0.0, 0.0, 0.0, 0.0, 0.0, 0.0, 0.0, 0.0, 0.0, 0.0, 0.0, 0.0, 0.0, 0.0, 0.0, 0.0, 0.0, 0.0, 0.0, 0.0, 0.0, 0.0, 0.0, 0.0, 0.0, 0.0, 0.0, 0.0, 0.0, 0.0, 0.0, 0.0, 0.0, 0.0, 0.0, 0.0, 0.0, 0.0, 0.0, 0.0, 0.0, 0.0, 0.0, 0.0, 0.0, 0.0, 0.0, 0.0, 0.0, 0.0, 0.0, 0.0, 0.0, 0.0, 0.0, 0.0, 0.0, 0.0, 0.0, 0.0, 0.0, 0.0, 0.0, 0.0, 0.0, 0.0, 0.0, 0.0, 0.0, 0.0, 0.0, 0.0, 0.0, 0.0, 0.0, 0.0, 0.0, 0.0, 0.0, 0.0, 0.0, 0.0, 0.0, 0.0, 0.0, 0.0, 0.0, 0.0, 0.0, 0.0, 0.0, 0.0, 0.0, 0.0, 0.0, 0.0, 0.0, 0.0, 0.0, 0.0, 0.0, 0.0, 0.0, 0.0, 0.0, 0.0, 0.0, 0.0, 0.0, 0.0, 0.0, 0.0, 0.0, 0.0, 0.0, 0.0, 0.0, 0.0, 0.0, 0.0, 0.0, 0.0, 0.0, 0.0, 0.0, 0.0, 0.0, 0.0, 0.0, 0.0, 0.0, 0.0, 0.0, 0.0, 0.0, 0.0, 0.0, 0.0, 0.0, 0.0, 0.0, 0.0, 0.0, 0.0, 0.0, 0.0, 0.0, 0.0, 0.0, 0.0, 0.0, 0.0, 0.0, 0.0, 0.0, 0.0, 0.0, 0.0, 0.0, 0.0, 0.0, 0.0, 0.0, 0.0, 0.0, 0.0, 0.0, 0.0, 0.0, 0.0, 0.0, 0.0, 0.0, 0.0, 0.0, 0.0, 0.0, 0.0, 0.0, 0.0, 0.0, 0.0, 0.0, 0.0, 0.0, 0.0, 0.0, 0.0, 0.0, 0.0, 0.0, 0.0, 0.0, 0.0, 0.0, 0.0, 0.0, 0.0, 0.0, 0.0, 0.0, 0.0, 0.0, 0.0, 0.0, 0.0, 0.0, 0.0, 0.0, 0.0, 0.0, 0.0, 0.0, 0.0, 0.0, 0.0, 0.0, 0.0, 0.0, 0.0, 0.0, 0.0, 0.0, 0.0, 0.0, 0.0, 0.0, 0.0, 0.0, 0.0, 0.0, 0.0, 0.0, 0.0, 0.0, 0.0, 0.0, 0.0, 0.0, 0.0, 0.0, 0.0, 0.0, 0.0, 0.0, 0.0, 0.0, 0.0, 0.0, 0.0, 0.0, 0.0, 0.0, 0.0, 0.0, 0.0, 0.0, 0.0, 0.0, 0.0, 0.0, 0.0, 0.0, 0.0, 0.0, 0.0, 0.0, 0.0, 0.0, 0.0, 0.0, 0.0, 0.0, 0.0, 0.0, 0.0, 0.0, 0.0, 0.0, 0.0, 0.0, 0.0, 0.0, 0.0, 0.0, 0.0, 0.0, 0.0, 0.0, 0.0, 0.0, 0.0, 0.0, 0.0, 0.0, 0.0, 0.0, 0.0, 0.0, 0.0, 0.0, 0.0, 0.0, 0.0]",0.5,0.5,0,"[0, 0, 0, 0, 0, 0, 0, 0, 0, 0, 0, 0, 0, 0, 0, 0, 0, 0, 0, 0, 0, 0, 0, 0, 0, 0, 0, 0, 0, 0, 0, 0, 0, 0, 0, 0, 0, 0, 0, 0, 0, 0, 0, 0, 0, 0, 0, 0, 0, 0, 0, 0, 0, 0, 0, 0, 0, 0, 0, 0, 0, 0, 0, 0, 0, 0, 0, 0, 0, 0, 0, 0, 0, 0, 0, 0, 0, 0, 0, 0, 0, 0, 0, 0, 0, 0, 0, 0, 0, 0, 0, 0, 0, 0, 0, 0, 0, 0, 0, 0, 0, 0, 0, 0, 0, 0, 0, 0, 0, 0, 0, 0, 0, 0, 0, 0, 0, 0, 0, 0, 0, 0, 0, 0, 0, 0, 0, 0, 0, 0, 0, 0, 0, 0, 0, 0, 0, 0, 0, 0, 0, 0, 0, 0, 0, 0, 0, 0, 0, 0, 0, 0, 0, 0, 0, 0, 0, 0, 0, 0, 0, 0, 0, 0, 0, 0, 0, 0, 0, 0, 0, 0, 0, 0, 0, 0, 0, 0, 0, 0, 0, 0, 0, 0, 0, 0, 0, 0, 0, 0, 0, 0, 0, 0, 0, 0, 0, 0, 0, 0, 0, 0, 0, 0, 0, 0, 0, 0, 0, 0, 0, 0, 0, 0, 0, 0, 0, 0, 0, 0, 0, 0, 0, 0, 0, 0, 0, 0, 0, 0, 0, 0, 0, 0, 0, 0, 0, 0, 0, 0, 0, 0, 0, 0, 0, 0, 0, 0, 0, 0, 0, 0, 0, 0, 0, 0, 0, 0, 0, 0, 0, 0, 0, 0, 0, 0, 0, 0, 0, 0, 0, 0, 0, 0, 0, 0, 0, 0, 0, 0, 0, 0, 0, 0, 0, 0, 0, 0, 0, 0, 0, 0, 0, 0, 0, 0, 0, 0, 0, 0, 0, 0, 0, 0, 0, 0, 0, 0, 0, 0, 0, 0, 0, 0, 0, 0, 0, 0, 0, 0, 0, 0, 0, 0, 0, 0, 0, 0, 0, 0, 0, 0, 0, 0, 0, 0, 0, 0, 0, 0, 0, 0, 0, 0, 0, 0, 0, 0, 0, 0, 0, 0, 0, 0, 0]",355,"[0.7722480893135071, 0.6089114546775818, 0.4262242913246155, 0.41224369406700134, 0.4103196859359741, 0.5172842144966125, 0.7258189916610718, 0.4103592038154602, 0.5113946795463562, 0.4083908498287201, 0.4097164273262024, 0.5376455783843994, 0.41018417477607727, 0.43492013216018677, 0.40838390588760376, 0.9509492516517639, 0.5152460336685181, 0.905556321144104, 1.1492595672607422, 0.45084500312805176, 0.8064866065979004, 0.44147875905036926, 0.6508641242980957, 0.42934945225715637, 0.965176522731781, 0.47766339778900146, 0.6395426392555237, 0.509102463722229, 0.44526195526123047, 0.4459208548069, 0.524933934211731, 0.6937816739082336, 0.44639846682548523, 0.574192464351654, 0.41773417592048645, 0.49793267250061035, 0.4075685143470764, 0.421366810798645, 0.5096497535705566, 0.4417480528354645, 0.4125465750694275, 0.4430563449859619, 0.4878503084182739, 0.42353519797325134, 0.6279686689376831, 0.4284202456474304, 0.4088270664215088, 0.40837135910987854, 0.4076322317123413, 0.41398414969444275, 0.6599977016448975, 0.5317949056625366, 0.5564281344413757, 0.545922040939331, 0.42817386984825134, 0.40956294536590576, 0.408827543258667, 0.42557990550994873, 0.4713946282863617, 0.5320701599121094, 0.5763655304908752, 0.40783169865608215, 0.428818017244339, 0.4366527497768402, 0.4533657729625702, 0.5150644779205322, 0.41956600546836853, 0.6465796828269958, 0.718474268913269, 0.556265115737915, 0.40859195590019226, 0.42379230260849, 0.8038569092750549, 0.40783682465553284, 0.4866068661212921, 0.5448507070541382, 0.4137261211872101, 0.6150891780853271, 0.4252721667289734, 0.4262666404247284, 0.44142791628837585, 0.41329899430274963, 0.4215306043624878, 0.40845078229904175, 0.42582541704177856, 0.43030470609664917, 0.6164262890815735, 0.513777494430542, 0.42730358242988586, 0.529889702796936, 0.4233971834182739, 0.5191488265991211, 0.5289544463157654, 0.45224854350090027, 0.4416162073612213, 0.5332433581352234, 0.40781551599502563, 0.4083395302295685, 0.4284032881259918, 0.5663567781448364, 0.5250776410102844, 0.4348026514053345, 0.4078497588634491, 0.4196901023387909, 0.40844082832336426, 0.4081762731075287, 1.1562907695770264, 0.4106418490409851, 0.42883944511413574, 0.41575101017951965, 0.4193931519985199, 0.5087573528289795, 0.4462541341781616, 0.4483334422111511, 0.4089754521846771, 0.4467680752277374, 0.5014328956604004, 0.4085862338542938, 0.41949722170829773, 0.5469167232513428, 0.4243409037590027, 0.4085175395011902, 0.7679491639137268, 0.407495379447937, 0.5550093054771423, 0.5148787498474121, 0.43158209323883057, 0.40816542506217957, 0.6127943992614746, 0.4134598970413208, 0.6950749158859253, 0.5110272169113159, 0.7560209035873413, 0.4323015511035919, 0.4265742897987366, 0.7885851263999939, 0.5391762256622314, 0.4750095009803772, 0.42838767170906067, 0.5447878837585449, 0.47079700231552124, 0.44145166873931885, 0.44426754117012024, 0.6056987643241882, 0.4944218397140503, 0.46089911460876465, 0.4575747549533844, 0.9417133331298828, 0.4084991216659546, 0.5133286118507385, 0.4171333611011505, 0.46899375319480896, 0.6667505502700806, 0.43429213762283325, 0.4511646032333374, 0.45696160197257996, 0.40888267755508423, 0.6436081528663635, 0.45848411321640015, 0.4259674847126007, 0.4424363076686859, 0.5632438659667969, 0.41175416111946106, 0.4484681785106659, 0.4089078903198242, 0.4290737807750702, 0.444448322057724, 0.44571900367736816, 0.5772926807403564, 0.49145233631134033, 0.4302941560745239, 0.5285374522209167, 0.44824540615081787, 0.40895235538482666, 0.43113064765930176, 0.5423578023910522, 0.44173482060432434, 0.45041966438293457, 0.40972450375556946, 0.4885624647140503, 0.5222983360290527, 0.4448568820953369, 0.4082527458667755, 0.4840714633464813, 0.4261777400970459, 1.139699935913086, 0.4395406246185303, 0.40930765867233276, 0.43738609552383423, 0.5124279260635376, 0.4095686376094818, 0.4084150195121765, 0.44137462973594666, 0.4314042031764984, 0.4095782935619354, 0.510844349861145, 0.5418134331703186, 0.40884220600128174, 0.4534136950969696, 0.4572502374649048, 0.5457937717437744, 0.40784239768981934, 0.43792885541915894, 0.4848951995372772, 0.40788155794143677, 0.4947894215583801, 0.5559992790222168, 0.5245590209960938, 0.5313549041748047, 0.4081159830093384, 0.4209579825401306, 0.4097866714000702, 0.4313565790653229, 0.4087895452976227, 0.40795964002609253, 0.5258069634437561, 0.4294417202472687, 0.7108007073402405, 0.5094563364982605, 0.40834060311317444, 0.5147070288658142, 0.4594036042690277, 0.45338594913482666, 0.42058563232421875, 0.4126847982406616, 0.407340407371521, 0.4077964425086975, 0.7829286456108093, 0.44139811396598816, 0.44159385561943054, 0.44250354170799255, 0.43492481112480164, 0.6048617362976074, 0.4450341463088989, 0.4078983664512634, 0.5148144364356995, 0.5164600610733032, 0.4169354736804962, 0.4419817626476288, 0.41373780369758606, 0.4106055796146393, 0.5578234195709229, 0.4875233471393585, 0.47499045729637146, 0.43011969327926636, 0.40788429975509644, 0.5183327198028564, 0.5366784334182739, 0.40829047560691833, 0.4728177785873413, 0.4501517415046692, 0.4454272389411926, 0.41372597217559814, 0.4420464038848877, 0.4303177297115326, 0.43132317066192627, 0.6065877676010132, 0.4268086552619934, 0.5118266344070435, 0.4303301274776459, 0.7847950458526611, 0.8048555850982666, 0.4096774160861969, 0.4349905848503113, 0.42907431721687317, 0.5519320964813232, 0.49468666315078735, 0.7121152281761169, 0.4105760157108307, 0.4214877784252167, 0.44369012117385864, 0.42996370792388916, 0.42643406987190247, 0.41094210743904114, 0.5299838781356812, 0.5148310661315918, 0.5875054001808167, 0.40893036127090454, 0.4300260841846466, 0.42064234614372253, 0.40863052010536194, 0.48598021268844604, 0.45073702931404114, 0.9664979577064514, 0.4780401885509491, 0.4440107047557831, 0.5043652057647705, 1.8206775188446045, 0.4878979027271271, 0.41432029008865356, 0.48346176743507385, 0.4338260591030121, 0.4098491966724396, 0.5427452921867371, 0.4158626198768616, 0.4780063331127167, 0.5179667472839355, 0.4086228907108307, 0.5254707336425781, 0.44306042790412903, 0.4080352485179901, 0.5161927342414856, 0.5286842584609985, 0.42449527978897095, 0.41878068447113037, 0.4089064300060272, 0.7830685377120972, 0.4468851089477539, 0.4085836708545685, 0.4828530251979828, 0.5423223376274109, 0.4254031479358673, 0.8993685245513916, 0.43030616641044617, 0.5135082006454468, 0.41479068994522095, 0.5766544342041016, 0.40824374556541443, 0.41561752557754517, 0.420858770608902, 0.4432741105556488, 0.4078173041343689, 0.47660940885543823, 0.4079313576221466, 0.4460683763027191, 0.4538763761520386, 0.7191383242607117, 0.4419081211090088, 0.7090353965759277, 0.4088537096977234, 0.5093181729316711, 0.8119372725486755, 0.4103776216506958, 0.4161754250526428, 0.4143647849559784, 0.5420981645584106, 0.4100920855998993, 0.4413423240184784, 0.5273867249488831, 0.4097568392753601, 0.5234509110450745, 0.4742370545864105, 0.41954106092453003, 0.5177792310714722, 0.44690337777137756, 0.4084237813949585, 0.4079064130783081, 1.1601686477661133, 0.42117103934288025, 0.4189927279949188, 0.4414386451244354, 0.4258130192756653, 0.4488867521286011, 0.4644666612148285, 0.5452693700790405]",0.0,"[0.0, 0.0, 0.0, 0.0, 0.0, 0.0, 0.0, 0.0, 0.0, 0.0, 0.0, 0.0, 0.0, 0.0, 0.0, 0.0, 0.0, 0.0, 0.0, 0.0, 0.0, 0.0, 0.0, 0.0, 0.0, 0.0, 0.0, 0.0, 0.0, 0.0, 0.0, 0.0, 0.0, 0.0, 0.0, 0.0, 0.0, 0.0, 0.0, 0.0, 0.0, 0.0, 0.0, 0.0, 0.0, 0.0, 0.0, 0.0, 0.0, 0.0, 0.0, 0.0, 0.0, 0.0, 0.0, 0.0, 0.0, 0.0, 0.0, 0.0, 0.0, 0.0, 0.0, 0.0, 0.0, 0.0, 0.0, 0.0, 0.0, 0.0, 0.0, 0.0, 0.0, 0.0, 0.0, 0.0, 0.0, 0.0, 0.0, 0.0, 0.0, 0.0, 0.0, 0.0, 0.0, 0.0, 0.0, 0.0, 0.0, 0.0, 0.0, 0.0, 0.0, 0.0, 0.0, 0.0, 0.0, 0.0, 0.0, 0.0, 0.0, 0.0, 0.0, 0.0, 0.0, 0.0, 0.0, 0.0, 0.0, 0.0, 0.0, 0.0, 0.0, 0.0, 0.0, 0.0, 0.0, 0.0, 0.0, 0.0, 0.0, 0.0, 0.0, 0.0, 0.0, 0.0, 0.0, 0.0, 0.0, 0.0, 0.0, 0.0, 0.0, 0.0, 0.0, 0.0, 0.0, 0.0, 0.0, 0.0, 0.0, 0.0, 0.0, 0.0, 0.0, 0.0, 0.0, 0.0, 0.0, 0.0, 0.0, 0.0, 0.0, 0.0, 0.0, 0.0, 0.0, 0.0, 0.0, 0.0, 0.0, 0.0, 0.0, 0.0, 0.0, 0.0, 0.0, 0.0, 0.0, 0.0, 0.0, 0.0, 0.0, 0.0, 0.0, 0.0, 0.0, 0.0, 0.0, 0.0, 0.0, 0.0, 0.0, 0.0, 0.0, 0.0, 0.0, 0.0, 0.0, 0.0, 0.0, 0.0, 0.0, 0.0, 0.0, 0.0, 0.0, 0.0, 0.0, 0.0, 0.0, 0.0, 0.0, 0.0, 0.0, 0.0, 0.0, 0.0, 0.0, 0.0, 0.0, 0.0, 0.0, 0.0, 0.0, 0.0, 0.0, 0.0, 0.0, 0.0, 0.0, 0.0, 0.0, 0.0, 0.0, 0.0, 0.0, 0.0, 0.0, 0.0, 0.0, 0.0, 0.0, 0.0, 0.0, 0.0, 0.0, 0.0, 0.0, 0.0, 0.0, 0.0, 0.0, 0.0, 0.0, 0.0, 0.0, 0.0, 0.0, 0.0, 0.0, 0.0, 0.0, 0.0, 0.0, 0.0, 0.0, 0.0, 0.0, 0.0, 0.0, 0.0, 0.0, 0.0, 0.0, 0.0, 0.0, 0.0, 0.0, 0.0, 0.0, 0.0, 0.0, 0.0, 0.0, 0.0, 0.0, 0.0, 0.0, 0.0, 0.0, 0.0, 0.0, 0.0, 0.0, 0.0, 0.0, 0.0, 0.0, 0.0, 0.0, 0.0, 0.0, 0.0, 0.0, 0.0, 0.0, 0.0, 0.0, 0.0, 0.0, 0.0, 0.0, 0.0, 0.0, 0.0, 0.0, 0.0, 0.0, 0.0, 0.0, 0.0, 0.0, 0.0, 0.0, 0.0, 0.0, 0.0, 0.0, 0.0, 0.0, 0.0, 0.0, 0.0, 0.0, 0.0, 0.0, 0.0, 0.0, 0.0, 0.0, 0.0, 0.0, 0.0, 0.0, 0.0, 0.0, 0.0, 0.0, 0.0, 0.0, 0.0, 0.0, 0.0, 0.0, 0.0, 0.0, 0.0, 0.0, 0.0, 0.0, 0.0, 0.0, 0.0, 0.0]",COMPLETE
