,number,value,datetime_start,datetime_complete,duration,params_batch_size_scaler,params_constant_learning_rate,params_depth,params_epochs,params_kernel_l2,params_num_trees,params_temperature,user_attrs_accuracy_test,user_attrs_accuracy_valid,user_attrs_approximate_feature_sparsity,user_attrs_approximate_feature_sparsity_history,user_attrs_approximate_weight_sparsity,user_attrs_approximate_weight_sparsity_history,user_attrs_auc_test,user_attrs_auc_valid,user_attrs_feature_sparsity,user_attrs_feature_sparsity_history,user_attrs_num_epochs,user_attrs_val_loss_history,user_attrs_weight_sparsity,user_attrs_weight_sparsity_history,state
152,152,0.5,2024-08-31 07:29:56.696221,2024-08-31 07:41:36.391703,0 days 00:11:39.695482,4,0.8916072829021313,6,355,0.08214987750597706,85,0.01256994399970882,0.859,0.85875,0,"[0, 0, 0, 0, 0, 0, 0, 0, 0, 0, 0, 0, 0, 0, 0, 0, 0, 0, 0, 0, 0, 0, 0, 0, 0, 0, 0, 0, 0, 0, 0, 0, 0, 0, 0, 0, 0, 0, 0, 0, 0, 0, 0, 0, 0, 0, 0, 0, 0, 0, 0, 0, 0, 0, 0, 0, 0, 0, 0, 0, 0, 0, 0, 0, 0, 0, 0, 0, 0, 0, 0, 0, 0, 0, 0, 0, 0, 0, 0, 0, 0, 0, 0, 0, 0, 0, 0, 0, 0, 0, 0, 0, 0, 0, 0, 0, 0, 0, 0, 0, 0, 0, 0, 0, 0, 0, 0, 0, 0, 0, 0, 0, 0, 0, 0, 0, 0, 0, 0, 0, 0, 0, 0, 0, 0, 0, 0, 0, 0, 0, 0, 0, 0, 0, 0, 0, 0, 0, 0, 0, 0, 0, 0, 0, 0, 0, 0, 0, 0, 0, 0, 0, 0, 0, 0, 0, 0, 0, 0, 0, 0, 0, 0, 0, 0, 0, 0, 0, 0, 0, 0, 0, 0, 0, 0, 0, 0, 0, 0, 0, 0, 0, 0, 0, 0, 0, 0, 0, 0, 0, 0, 0, 0, 0, 0, 0, 0, 0, 0, 0, 0, 0, 0, 0, 0, 0, 0, 0, 0, 0, 0, 0, 0, 0, 0, 0, 0, 0, 0, 0, 0, 0, 0, 0, 0, 0, 0, 0, 0, 0, 0, 0, 0, 0, 0, 0, 0, 0, 0, 0, 0, 0, 0, 0, 0, 0, 0, 0, 0, 0, 0, 0, 0, 0, 0, 0, 0, 0, 0, 0, 0, 0, 0, 0, 0, 0, 0, 0, 0, 0, 0, 0, 0, 0, 0, 0, 0, 0, 0, 0, 0, 0, 0, 0, 0, 0, 0, 0, 0, 0, 0, 0, 0, 0, 0, 0, 0, 0, 0, 0, 0, 0, 0, 0, 0, 0, 0, 0, 0, 0, 0, 0, 0, 0, 0, 0, 0, 0, 0, 0, 0, 0, 0, 0, 0, 0, 0, 0, 0, 0, 0, 0, 0, 0, 0, 0, 0, 0, 0, 0, 0, 0, 0, 0, 0, 0, 0, 0, 0, 0, 0, 0, 0, 0, 0]",0.0,"[0.0, 0.0, 0.0, 0.0, 0.0, 0.0, 0.0, 0.0, 0.0, 0.0, 0.0, 0.0, 0.0, 0.0, 0.0, 0.0, 0.0, 0.0, 0.0, 0.0, 0.0, 0.0, 0.0, 0.0, 0.0, 0.0, 0.0, 0.0, 0.0, 0.0, 0.0, 0.0, 0.0, 0.0, 0.0, 0.0, 0.0, 0.0, 0.0, 0.0, 0.0, 0.0, 0.0, 0.0, 0.0, 0.0, 0.0, 0.0, 0.0, 0.0, 0.0, 0.0, 0.0, 0.0, 0.0, 0.0, 0.0, 0.0, 0.0, 0.0, 0.0, 0.0, 0.0, 0.0, 0.0, 0.0, 0.0, 0.0, 0.0, 0.0, 0.0, 0.0, 0.0, 0.0, 0.0, 0.0, 0.0, 0.0, 0.0, 0.0, 0.0, 0.0, 0.0, 0.0, 0.0, 0.0, 0.0, 0.0, 0.0, 0.0, 0.0, 0.0, 0.0, 0.0, 0.0, 0.0, 0.0, 0.0, 0.0, 0.0, 0.0, 0.0, 0.0, 0.0, 0.0, 0.0, 0.0, 0.0, 0.0, 0.0, 0.0, 0.0, 0.0, 0.0, 0.0, 0.0, 0.0, 0.0, 0.0, 0.0, 0.0, 0.0, 0.0, 0.0, 0.0, 0.0, 0.0, 0.0, 0.0, 0.0, 0.0, 0.0, 0.0, 0.0, 0.0, 0.0, 0.0, 0.0, 0.0, 0.0, 0.0, 0.0, 0.0, 0.0, 0.0, 0.0, 0.0, 0.0, 0.0, 0.0, 0.0, 0.0, 0.0, 0.0, 0.0, 0.0, 0.0, 0.0, 0.0, 0.0, 0.0, 0.0, 0.0, 0.0, 0.0, 0.0, 0.0, 0.0, 0.0, 0.0, 0.0, 0.0, 0.0, 0.0, 0.0, 0.0, 0.0, 0.0, 0.0, 0.0, 0.0, 0.0, 0.0, 0.0, 0.0, 0.0, 0.0, 0.0, 0.0, 0.0, 0.0, 0.0, 0.0, 0.0, 0.0, 0.0, 0.0, 0.0, 0.0, 0.0, 0.0, 0.0, 0.0, 0.0, 0.0, 0.0, 0.0, 0.0, 0.0, 0.0, 0.0, 0.0, 0.0, 0.0, 0.0, 0.0, 0.0, 0.0, 0.0, 0.0, 0.0, 0.0, 0.0, 0.0, 0.0, 0.0, 0.0, 0.0, 0.0, 0.0, 0.0, 0.0, 0.0, 0.0, 0.0, 0.0, 0.0, 0.0, 0.0, 0.0, 0.0, 0.0, 0.0, 0.0, 0.0, 0.0, 0.0, 0.0, 0.0, 0.0, 0.0, 0.0, 0.0, 0.0, 0.0, 0.0, 0.0, 0.0, 0.0, 0.0, 0.0, 0.0, 0.0, 0.0, 0.0, 0.0, 0.0, 0.0, 0.0, 0.0, 0.0, 0.0, 0.0, 0.0, 0.0, 0.0, 0.0, 0.0, 0.0, 0.0, 0.0, 0.0, 0.0, 0.0, 0.0, 0.0, 0.0, 0.0, 0.0, 0.0, 0.0, 0.0, 0.0, 0.0, 0.0, 0.0, 0.0, 0.0, 0.0, 0.0, 0.0, 0.0, 0.0, 0.0, 0.0, 0.0, 0.0, 0.0, 0.0, 0.0, 0.0, 0.0, 0.0, 0.0, 0.0, 0.0, 0.0, 0.0, 0.0, 0.0, 0.0, 0.0, 0.0, 0.0, 0.0, 0.0, 0.0, 0.0, 0.0, 0.0, 0.0, 0.0, 0.0, 0.0, 0.0, 0.0, 0.0, 0.0, 0.0, 0.0, 0.0, 0.0, 0.0, 0.0, 0.0, 0.0, 0.0, 0.0, 0.0, 0.0, 0.0, 0.0, 0.0, 0.0, 0.0]",0.5,0.5,0,"[0, 0, 0, 0, 0, 0, 0, 0, 0, 0, 0, 0, 0, 0, 0, 0, 0, 0, 0, 0, 0, 0, 0, 0, 0, 0, 0, 0, 0, 0, 0, 0, 0, 0, 0, 0, 0, 0, 0, 0, 0, 0, 0, 0, 0, 0, 0, 0, 0, 0, 0, 0, 0, 0, 0, 0, 0, 0, 0, 0, 0, 0, 0, 0, 0, 0, 0, 0, 0, 0, 0, 0, 0, 0, 0, 0, 0, 0, 0, 0, 0, 0, 0, 0, 0, 0, 0, 0, 0, 0, 0, 0, 0, 0, 0, 0, 0, 0, 0, 0, 0, 0, 0, 0, 0, 0, 0, 0, 0, 0, 0, 0, 0, 0, 0, 0, 0, 0, 0, 0, 0, 0, 0, 0, 0, 0, 0, 0, 0, 0, 0, 0, 0, 0, 0, 0, 0, 0, 0, 0, 0, 0, 0, 0, 0, 0, 0, 0, 0, 0, 0, 0, 0, 0, 0, 0, 0, 0, 0, 0, 0, 0, 0, 0, 0, 0, 0, 0, 0, 0, 0, 0, 0, 0, 0, 0, 0, 0, 0, 0, 0, 0, 0, 0, 0, 0, 0, 0, 0, 0, 0, 0, 0, 0, 0, 0, 0, 0, 0, 0, 0, 0, 0, 0, 0, 0, 0, 0, 0, 0, 0, 0, 0, 0, 0, 0, 0, 0, 0, 0, 0, 0, 0, 0, 0, 0, 0, 0, 0, 0, 0, 0, 0, 0, 0, 0, 0, 0, 0, 0, 0, 0, 0, 0, 0, 0, 0, 0, 0, 0, 0, 0, 0, 0, 0, 0, 0, 0, 0, 0, 0, 0, 0, 0, 0, 0, 0, 0, 0, 0, 0, 0, 0, 0, 0, 0, 0, 0, 0, 0, 0, 0, 0, 0, 0, 0, 0, 0, 0, 0, 0, 0, 0, 0, 0, 0, 0, 0, 0, 0, 0, 0, 0, 0, 0, 0, 0, 0, 0, 0, 0, 0, 0, 0, 0, 0, 0, 0, 0, 0, 0, 0, 0, 0, 0, 0, 0, 0, 0, 0, 0, 0, 0, 0, 0, 0, 0, 0, 0, 0, 0, 0, 0, 0, 0, 0, 0, 0, 0, 0, 0, 0, 0, 0, 0]",355,"[0.4077042043209076, 0.4083286225795746, 0.4081197679042816, 0.40887340903282166, 0.408318430185318, 0.40845900774002075, 0.4079221487045288, 0.40727919340133667, 0.4072454571723938, 0.40766921639442444, 0.40814295411109924, 0.40744155645370483, 0.41361144185066223, 0.4074677526950836, 0.40859997272491455, 0.40722736716270447, 0.40951743721961975, 0.40751537680625916, 0.41463276743888855, 0.4072414040565491, 0.407233327627182, 0.4074598252773285, 0.40764251351356506, 0.40733227133750916, 0.4075912535190582, 0.4079023599624634, 0.4082018733024597, 0.4072653651237488, 0.4075094163417816, 0.40724390745162964, 0.4096854031085968, 0.4074467122554779, 0.40743401646614075, 0.40884605050086975, 0.40785083174705505, 0.40813639760017395, 0.4076015055179596, 0.40737274289131165, 0.40723365545272827, 0.40722620487213135, 0.40799063444137573, 0.4091135263442993, 0.40853750705718994, 0.4089275598526001, 0.40762925148010254, 0.4183807075023651, 0.4085060954093933, 0.4072381258010864, 0.41565123200416565, 0.41146206855773926, 0.40808701515197754, 0.4078872799873352, 0.4072262942790985, 0.40733787417411804, 0.40731024742126465, 0.40959465503692627, 0.41028881072998047, 0.40855684876441956, 0.40737438201904297, 0.4125748574733734, 0.4073851406574249, 0.4075910151004791, 0.4087134897708893, 0.40764209628105164, 0.4072279632091522, 0.4084056615829468, 0.40767788887023926, 0.410403847694397, 0.4080196022987366, 0.40775638818740845, 0.40857887268066406, 0.40727803111076355, 0.40734782814979553, 0.4086984694004059, 0.40731972455978394, 0.40759968757629395, 0.40882885456085205, 0.4110265076160431, 0.4073270559310913, 0.4072306156158447, 0.4077216684818268, 0.40722760558128357, 0.40725499391555786, 0.407857209444046, 0.4085652232170105, 0.41084837913513184, 0.40724125504493713, 0.4118396043777466, 0.40790602564811707, 0.4074835181236267, 0.40731802582740784, 0.40722891688346863, 0.4075065851211548, 0.4118548631668091, 0.40728724002838135, 0.40764907002449036, 0.408138632774353, 0.40728312730789185, 0.4115675985813141, 0.40723633766174316, 0.40754783153533936, 0.4081931412220001, 0.4072294235229492, 0.4074482321739197, 0.4078565537929535, 0.40959250926971436, 0.40800991654396057, 0.4079911410808563, 0.4081707000732422, 0.40732133388519287, 0.410753071308136, 0.4086175560951233, 0.4073793292045593, 0.40745896100997925, 0.40774086117744446, 0.4076809585094452, 0.40796753764152527, 0.4074304699897766, 0.4093465507030487, 0.40734949707984924, 0.4132920801639557, 0.4077765941619873, 0.4073900282382965, 0.4072536826133728, 0.4186856150627136, 0.41251349449157715, 0.4092038869857788, 0.4072437584400177, 0.4094175100326538, 0.40948164463043213, 0.4130491018295288, 0.40763065218925476, 0.4072474539279938, 0.4075630307197571, 0.40729549527168274, 0.4086281955242157, 0.40853816270828247, 0.40794628858566284, 0.40992802381515503, 0.40722739696502686, 0.40777215361595154, 0.40921157598495483, 0.4108380973339081, 0.40885600447654724, 0.40968871116638184, 0.40971046686172485, 0.4072924554347992, 0.40954121947288513, 0.4188355505466461, 0.4107695519924164, 0.40931805968284607, 0.4075787365436554, 0.40727028250694275, 0.4078996181488037, 0.4075606167316437, 0.40760695934295654, 0.4072301983833313, 0.40955498814582825, 0.4075256288051605, 0.40724414587020874, 0.40738165378570557, 0.4079369008541107, 0.4108161926269531, 0.4149842858314514, 0.4102177917957306, 0.412063330411911, 0.40796706080436707, 0.4072399437427521, 0.4078757166862488, 0.4072433412075043, 0.40784546732902527, 0.4073225259780884, 0.40862971544265747, 0.4091014564037323, 0.41009262204170227, 0.40737372636795044, 0.4072624146938324, 0.4116652011871338, 0.41107377409935, 0.408245325088501, 0.40724819898605347, 0.40806809067726135, 0.4095194339752197, 0.41787582635879517, 0.407470703125, 0.4100998640060425, 0.41132014989852905, 0.4073314964771271, 0.4076896607875824, 0.4076228439807892, 0.40726009011268616, 0.4080055356025696, 0.4083485007286072, 0.4075969457626343, 0.40775761008262634, 0.41096600890159607, 0.4075245261192322, 0.40743106603622437, 0.41274842619895935, 0.413875937461853, 0.4107690155506134, 0.4094657897949219, 0.4072284400463104, 0.40752121806144714, 0.4072888195514679, 0.4088948369026184, 0.4094480574131012, 0.4073202610015869, 0.40727460384368896, 0.40918251872062683, 0.4073129892349243, 0.4072381854057312, 0.40746670961380005, 0.4083420932292938, 0.4081539511680603, 0.40737900137901306, 0.41462552547454834, 0.4084594249725342, 0.40799251198768616, 0.4099476933479309, 0.4076390564441681, 0.4094545245170593, 0.4102745056152344, 0.4077327251434326, 0.4076552093029022, 0.4079247713088989, 0.4077911376953125, 0.4101513922214508, 0.40968620777130127, 0.4104207158088684, 0.40722694993019104, 0.4155907928943634, 0.4089982509613037, 0.40722644329071045, 0.4072421193122864, 0.40835872292518616, 0.41830193996429443, 0.40731507539749146, 0.4073611795902252, 0.40778976678848267, 0.4072914123535156, 0.40745556354522705, 0.4072267413139343, 0.4073275625705719, 0.41058599948883057, 0.4072302281856537, 0.41597089171409607, 0.40771350264549255, 0.4079958200454712, 0.411917507648468, 0.40774890780448914, 0.40737754106521606, 0.4072383642196655, 0.40723055601119995, 0.40762630105018616, 0.40731826424598694, 0.4072549045085907, 0.4072267413139343, 0.4072445333003998, 0.40799060463905334, 0.4072328507900238, 0.4072302281856537, 0.41223472356796265, 0.4102902114391327, 0.4086892306804657, 0.4074583947658539, 0.40722712874412537, 0.4076336920261383, 0.40728476643562317, 0.40754440426826477, 0.4075196385383606, 0.4078124165534973, 0.4080509543418884, 0.407332181930542, 0.4103029668331146, 0.40733492374420166, 0.4074150323867798, 0.4073611795902252, 0.41278770565986633, 0.4079911410808563, 0.4095284342765808, 0.40839675068855286, 0.40722647309303284, 0.4076381325721741, 0.40837496519088745, 0.4108574688434601, 0.40754464268684387, 0.4113103449344635, 0.4073231816291809, 0.4084322452545166, 0.4072261452674866, 0.40723639726638794, 0.416034460067749, 0.407275915145874, 0.4090263843536377, 0.40832969546318054, 0.4078774154186249, 0.40731731057167053, 0.4082863926887512, 0.40854644775390625, 0.4074140191078186, 0.4116130769252777, 0.4092203974723816, 0.40760117769241333, 0.4090713858604431, 0.4080408811569214, 0.408099889755249, 0.4085518717765808, 0.407760888338089, 0.4079204201698303, 0.40735846757888794, 0.4102628231048584, 0.4072309732437134, 0.4076933264732361, 0.40867623686790466, 0.4077088236808777, 0.40788787603378296, 0.4097946286201477, 0.40874046087265015, 0.4097432792186737, 0.40725111961364746, 0.4076715111732483, 0.4072374403476715, 0.40912577509880066, 0.40816226601600647, 0.4089338779449463, 0.40796494483947754, 0.41100186109542847, 0.40756461024284363, 0.4072663187980652, 0.4123307168483734, 0.4124821722507477, 0.4073702096939087, 0.4074520468711853, 0.40802109241485596, 0.4073699712753296, 0.4074394106864929, 0.4074435532093048, 0.40885084867477417, 0.4115506112575531, 0.4087601602077484, 0.4075573682785034, 0.41167891025543213, 0.4077436923980713, 0.4096258580684662, 0.4076431393623352, 0.40812966227531433, 0.41051560640335083, 0.40876904129981995, 0.4105578660964966, 0.4143838882446289, 0.40933531522750854, 0.4081488847732544, 0.40757831931114197, 0.4078981280326843]",0.0,"[0.0, 0.0, 0.0, 0.0, 0.0, 0.0, 0.0, 0.0, 0.0, 0.0, 0.0, 0.0, 0.0, 0.0, 0.0, 0.0, 0.0, 0.0, 0.0, 0.0, 0.0, 0.0, 0.0, 0.0, 0.0, 0.0, 0.0, 0.0, 0.0, 0.0, 0.0, 0.0, 0.0, 0.0, 0.0, 0.0, 0.0, 0.0, 0.0, 0.0, 0.0, 0.0, 0.0, 0.0, 0.0, 0.0, 0.0, 0.0, 0.0, 0.0, 0.0, 0.0, 0.0, 0.0, 0.0, 0.0, 0.0, 0.0, 0.0, 0.0, 0.0, 0.0, 0.0, 0.0, 0.0, 0.0, 0.0, 0.0, 0.0, 0.0, 0.0, 0.0, 0.0, 0.0, 0.0, 0.0, 0.0, 0.0, 0.0, 0.0, 0.0, 0.0, 0.0, 0.0, 0.0, 0.0, 0.0, 0.0, 0.0, 0.0, 0.0, 0.0, 0.0, 0.0, 0.0, 0.0, 0.0, 0.0, 0.0, 0.0, 0.0, 0.0, 0.0, 0.0, 0.0, 0.0, 0.0, 0.0, 0.0, 0.0, 0.0, 0.0, 0.0, 0.0, 0.0, 0.0, 0.0, 0.0, 0.0, 0.0, 0.0, 0.0, 0.0, 0.0, 0.0, 0.0, 0.0, 0.0, 0.0, 0.0, 0.0, 0.0, 0.0, 0.0, 0.0, 0.0, 0.0, 0.0, 0.0, 0.0, 0.0, 0.0, 0.0, 0.0, 0.0, 0.0, 0.0, 0.0, 0.0, 0.0, 0.0, 0.0, 0.0, 0.0, 0.0, 0.0, 0.0, 0.0, 0.0, 0.0, 0.0, 0.0, 0.0, 0.0, 0.0, 0.0, 0.0, 0.0, 0.0, 0.0, 0.0, 0.0, 0.0, 0.0, 0.0, 0.0, 0.0, 0.0, 0.0, 0.0, 0.0, 0.0, 0.0, 0.0, 0.0, 0.0, 0.0, 0.0, 0.0, 0.0, 0.0, 0.0, 0.0, 0.0, 0.0, 0.0, 0.0, 0.0, 0.0, 0.0, 0.0, 0.0, 0.0, 0.0, 0.0, 0.0, 0.0, 0.0, 0.0, 0.0, 0.0, 0.0, 0.0, 0.0, 0.0, 0.0, 0.0, 0.0, 0.0, 0.0, 0.0, 0.0, 0.0, 0.0, 0.0, 0.0, 0.0, 0.0, 0.0, 0.0, 0.0, 0.0, 0.0, 0.0, 0.0, 0.0, 0.0, 0.0, 0.0, 0.0, 0.0, 0.0, 0.0, 0.0, 0.0, 0.0, 0.0, 0.0, 0.0, 0.0, 0.0, 0.0, 0.0, 0.0, 0.0, 0.0, 0.0, 0.0, 0.0, 0.0, 0.0, 0.0, 0.0, 0.0, 0.0, 0.0, 0.0, 0.0, 0.0, 0.0, 0.0, 0.0, 0.0, 0.0, 0.0, 0.0, 0.0, 0.0, 0.0, 0.0, 0.0, 0.0, 0.0, 0.0, 0.0, 0.0, 0.0, 0.0, 0.0, 0.0, 0.0, 0.0, 0.0, 0.0, 0.0, 0.0, 0.0, 0.0, 0.0, 0.0, 0.0, 0.0, 0.0, 0.0, 0.0, 0.0, 0.0, 0.0, 0.0, 0.0, 0.0, 0.0, 0.0, 0.0, 0.0, 0.0, 0.0, 0.0, 0.0, 0.0, 0.0, 0.0, 0.0, 0.0, 0.0, 0.0, 0.0, 0.0, 0.0, 0.0, 0.0, 0.0, 0.0, 0.0, 0.0, 0.0, 0.0, 0.0, 0.0, 0.0, 0.0, 0.0, 0.0, 0.0, 0.0, 0.0, 0.0, 0.0, 0.0, 0.0, 0.0, 0.0, 0.0, 0.0, 0.0]",COMPLETE
