,number,value,datetime_start,datetime_complete,duration,params_batch_size_scaler,params_constant_learning_rate,params_depth,params_epochs,params_kernel_l2,params_num_trees,params_temperature,user_attrs_accuracy_test,user_attrs_accuracy_valid,user_attrs_approximate_feature_sparsity,user_attrs_approximate_feature_sparsity_history,user_attrs_approximate_weight_sparsity,user_attrs_approximate_weight_sparsity_history,user_attrs_auc_test,user_attrs_auc_valid,user_attrs_feature_sparsity,user_attrs_feature_sparsity_history,user_attrs_num_epochs,user_attrs_val_loss_history,user_attrs_weight_sparsity,user_attrs_weight_sparsity_history,state
10,10,0.7092656284216358,2024-08-31 00:59:19.465297,2024-08-31 01:02:05.483100,0 days 00:02:46.017803,16,0.025154693371585997,6,275,0.006068058366266684,12,0.005339204476834422,0.861,0.86125,33,"[33, 33, 33, 33, 33, 33, 33, 33, 33, 33, 33, 33, 33, 33, 33, 33, 33, 33, 33, 33, 33, 33, 33, 33, 33, 33, 33, 33, 33, 33, 33, 33, 33, 33, 33, 33, 33, 33, 33, 33, 33, 33, 33, 33, 33, 33, 33, 33, 33, 33, 33, 33, 33, 33, 33, 33, 33, 33, 33, 33, 33, 33, 33, 33, 33, 33, 33, 33, 33, 33, 33, 33, 33, 33, 33, 33, 33, 33, 33, 33, 33, 33, 33, 33, 33, 33, 33, 33, 33, 33, 33, 33, 33, 33, 33, 33, 33, 33, 33, 33, 33, 33, 33, 33, 33, 33, 33, 33, 33, 33, 33, 33, 33, 33, 33, 33, 33, 33, 33, 33, 33, 33, 33, 33, 33, 33, 33, 33, 33, 33, 33, 33, 33, 33, 33, 33, 33, 33, 33, 33, 33, 33, 33, 33, 33, 33, 33, 33, 33, 33, 33, 33, 33, 33, 33, 33, 33, 33, 33, 33, 33, 33, 33, 33, 33, 33, 33, 33, 33, 33, 33, 33, 33, 33, 33, 33, 33, 33, 33, 33, 33, 33, 33, 33, 33, 33, 33, 33, 33, 33, 33, 33, 33, 33, 33, 33, 33, 33, 33, 33, 33, 33, 33, 33, 33, 33, 33, 33, 33, 33, 33, 33, 33, 33, 33, 33, 33, 33, 33, 33, 33, 33, 33, 33, 33, 33, 33, 33, 33, 33, 33, 33, 33, 33, 33, 33, 33, 33, 33, 33, 33, 33, 33, 33, 33, 33, 33, 33, 33, 33, 33, 33, 33, 33, 33, 33, 33, 33, 33, 33, 33, 33, 33, 33, 33, 33, 33, 33, 33, 33, 33, 33, 33, 33, 33]",32.95634920634921,"[32.964285714285715, 32.961640211640216, 32.96031746031746, 32.95899470899471, 32.95899470899471, 32.96296296296296, 32.96031746031746, 32.95238095238095, 32.961640211640216, 32.96296296296296, 32.96825396825397, 32.96296296296296, 32.966931216931215, 32.96957671957672, 32.961640211640216, 32.96560846560847, 32.97089947089947, 32.96957671957672, 32.97486772486772, 32.973544973544975, 32.96825396825397, 32.96560846560847, 32.96164021164021, 32.96825396825397, 32.961640211640216, 32.95634920634921, 32.9484126984127, 32.94444444444445, 32.952380952380956, 32.955026455026456, 32.95238095238095, 32.94973544973545, 32.9510582010582, 32.9510582010582, 32.94973544973545, 32.94708994708995, 32.9510582010582, 32.95370370370371, 32.95634920634921, 32.96825396825397, 32.95899470899471, 32.96296296296296, 32.964285714285715, 32.96031746031746, 32.955026455026456, 32.9510582010582, 32.94973544973545, 32.95238095238095, 32.94708994708995, 32.95634920634921, 32.95899470899471, 32.96296296296296, 32.95899470899471, 32.957671957671955, 32.95238095238095, 32.9537037037037, 32.95634920634921, 32.96296296296296, 32.96560846560847, 32.96296296296296, 32.96693121693122, 32.964285714285715, 32.96693121693122, 32.96296296296296, 32.96164021164021, 32.96296296296296, 32.95899470899471, 32.96296296296296, 32.96957671957672, 32.96957671957672, 32.96031746031746, 32.966931216931215, 32.96560846560847, 32.964285714285715, 32.96560846560847, 32.973544973544975, 32.973544973544975, 32.96957671957672, 32.97222222222222, 32.964285714285715, 32.96296296296296, 32.96825396825397, 32.96560846560847, 32.95634920634921, 32.957671957671955, 32.957671957671955, 32.96296296296296, 32.966931216931215, 32.960317460317455, 32.957671957671955, 32.955026455026456, 32.955026455026456, 32.955026455026456, 32.94973544973545, 32.9510582010582, 32.95238095238095, 32.94973544973545, 32.948412698412696, 32.95238095238095, 32.957671957671955, 32.955026455026456, 32.948412698412696, 32.94312169312169, 32.945767195767196, 32.945767195767196, 32.94444444444444, 32.93783068783069, 32.9431216931217, 32.93650793650794, 32.93915343915344, 32.939153439153436, 32.94047619047619, 32.94444444444444, 32.94444444444445, 32.94708994708995, 32.9563492063492, 32.95634920634921, 32.95899470899471, 32.957671957671955, 32.95899470899471, 32.955026455026456, 32.952380952380956, 32.9537037037037, 32.957671957671955, 32.95899470899471, 32.961640211640216, 32.961640211640216, 32.96031746031746, 32.95634920634921, 32.95634920634921, 32.95767195767196, 32.9537037037037, 32.94973544973545, 32.94973544973545, 32.952380952380956, 32.961640211640216, 32.96296296296296, 32.96031746031746, 32.95767195767196, 32.95634920634921, 32.961640211640216, 32.95767195767196, 32.95634920634921, 32.9537037037037, 32.95899470899471, 32.96164021164021, 32.957671957671955, 32.95899470899471, 32.95634920634921, 32.95634920634921, 32.95634920634921, 32.957671957671955, 32.96031746031746, 32.952380952380956, 32.952380952380956, 32.948412698412696, 32.9510582010582, 32.949735449735456, 32.949735449735456, 32.94708994708995, 32.94708994708995, 32.9484126984127, 32.9484126984127, 32.952380952380956, 32.955026455026456, 32.9537037037037, 32.955026455026456, 32.9484126984127, 32.948412698412696, 32.952380952380956, 32.955026455026456, 32.95634920634921, 32.9563492063492, 32.955026455026456, 32.961640211640216, 32.95899470899471, 32.957671957671955, 32.96296296296296, 32.96031746031746, 32.95634920634921, 32.9510582010582, 32.952380952380956, 32.955026455026456, 32.95634920634921, 32.95634920634921, 32.95238095238095, 32.95370370370371, 32.9510582010582, 32.952380952380956, 32.95767195767196, 32.95767195767196, 32.95767195767196, 32.96031746031746, 32.95767195767196, 32.95634920634921, 32.9563492063492, 32.9537037037037, 32.95899470899471, 32.95238095238095, 32.945767195767196, 32.94973544973545, 32.94708994708995, 32.9510582010582, 32.9563492063492, 32.957671957671955, 32.957671957671955, 32.95238095238095, 32.9563492063492, 32.95238095238095, 32.9563492063492, 32.955026455026456, 32.9537037037037, 32.955026455026456, 32.9537037037037, 32.952380952380956, 32.94973544973545, 32.957671957671955, 32.955026455026456, 32.9563492063492, 32.9563492063492, 32.95899470899471, 32.9537037037037, 32.9563492063492, 32.955026455026456, 32.95238095238095, 32.95238095238095, 32.9537037037037, 32.9537037037037, 32.9510582010582, 32.94973544973545, 32.9510582010582, 32.948412698412696, 32.9510582010582, 32.9537037037037, 32.9510582010582, 32.9484126984127, 32.9510582010582, 32.95767195767196, 32.952380952380956, 32.9510582010582, 32.9510582010582, 32.95370370370371, 32.952380952380956, 32.9537037037037, 32.95238095238095, 32.95238095238095, 32.95238095238095, 32.9510582010582, 32.95238095238095, 32.955026455026456, 32.9537037037037, 32.94973544973545, 32.9537037037037, 32.955026455026456, 32.955026455026456, 32.9510582010582, 32.945767195767196, 32.94708994708995, 32.9510582010582, 32.952380952380956, 32.9510582010582, 32.952380952380956, 32.952380952380956, 32.95370370370371, 32.95634920634921, 32.95899470899471, 32.95634920634921, 32.95767195767196, 32.952380952380956, 32.95238095238095, 32.955026455026456, 32.957671957671955, 32.9563492063492, 32.9510582010582, 32.95634920634921]",0.7424351257853847,0.7092656284216358,33,"[33, 33, 33, 33, 33, 33, 33, 33, 33, 33, 33, 33, 33, 33, 33, 33, 33, 33, 33, 33, 33, 33, 33, 33, 33, 33, 33, 33, 33, 33, 33, 33, 33, 33, 33, 33, 33, 33, 33, 33, 33, 33, 33, 33, 33, 33, 33, 33, 33, 33, 33, 33, 33, 33, 33, 33, 33, 33, 33, 33, 33, 33, 33, 33, 33, 33, 33, 33, 33, 33, 33, 33, 33, 33, 33, 33, 33, 33, 33, 33, 33, 33, 33, 33, 33, 33, 33, 33, 33, 33, 33, 33, 33, 33, 33, 33, 33, 33, 33, 33, 33, 33, 33, 33, 33, 33, 33, 33, 33, 33, 33, 33, 33, 33, 33, 33, 33, 33, 33, 33, 33, 33, 33, 33, 33, 33, 33, 33, 33, 33, 33, 33, 33, 33, 33, 33, 33, 33, 33, 33, 33, 33, 33, 33, 33, 33, 33, 33, 33, 33, 33, 33, 33, 33, 33, 33, 33, 33, 33, 33, 33, 33, 33, 33, 33, 33, 33, 33, 33, 33, 33, 33, 33, 33, 33, 33, 33, 33, 33, 33, 33, 33, 33, 33, 33, 33, 33, 33, 33, 33, 33, 33, 33, 33, 33, 33, 33, 33, 33, 33, 33, 33, 33, 33, 33, 33, 33, 33, 33, 33, 33, 33, 33, 33, 33, 33, 33, 33, 33, 33, 33, 33, 33, 33, 33, 33, 33, 33, 33, 33, 33, 33, 33, 33, 33, 33, 33, 33, 33, 33, 33, 33, 33, 33, 33, 33, 33, 33, 33, 33, 33, 33, 33, 33, 33, 33, 33, 33, 33, 33, 33, 33, 33, 33, 33, 33, 33, 33, 33, 33, 33, 33, 33, 33, 33]",275,"[0.5987308025360107, 0.5835067629814148, 0.5697402358055115, 0.556994616985321, 0.5454294681549072, 0.5348480939865112, 0.5250909924507141, 0.5161139965057373, 0.5078911781311035, 0.5002624988555908, 0.493123859167099, 0.4866445064544678, 0.48064562678337097, 0.47510746121406555, 0.4700002670288086, 0.46525973081588745, 0.4608030319213867, 0.4567168354988098, 0.45290279388427734, 0.4492873251438141, 0.4459150731563568, 0.4427490234375, 0.4398275315761566, 0.4370752274990082, 0.43449538946151733, 0.43208014965057373, 0.4297952353954315, 0.4276565909385681, 0.4256335496902466, 0.4237436056137085, 0.4219609797000885, 0.4203168451786041, 0.418740451335907, 0.41724398732185364, 0.4158504009246826, 0.41449806094169617, 0.413240522146225, 0.4120144546031952, 0.4108392298221588, 0.4097362756729126, 0.4086857736110687, 0.40767645835876465, 0.4067489504814148, 0.4058569669723511, 0.40497860312461853, 0.4041557312011719, 0.4033816456794739, 0.4026113748550415, 0.40189865231513977, 0.40119263529777527, 0.40053045749664307, 0.3999145030975342, 0.3992968499660492, 0.39869773387908936, 0.39811936020851135, 0.39755725860595703, 0.39701443910598755, 0.39650997519493103, 0.3960041105747223, 0.39553025364875793, 0.3950851857662201, 0.3946321904659271, 0.39419594407081604, 0.39377129077911377, 0.3933534324169159, 0.392947793006897, 0.39255523681640625, 0.3921806812286377, 0.3918216824531555, 0.3914588987827301, 0.39110705256462097, 0.39077338576316833, 0.3904491364955902, 0.39012715220451355, 0.38981395959854126, 0.38950321078300476, 0.38921108841896057, 0.38892892003059387, 0.3886320888996124, 0.3883451819419861, 0.38806578516960144, 0.38779738545417786, 0.38753852248191833, 0.38727760314941406, 0.3870214521884918, 0.38677269220352173, 0.3865275979042053, 0.38628700375556946, 0.38605788350105286, 0.38582634925842285, 0.38559433817863464, 0.38537269830703735, 0.3851553201675415, 0.3849460482597351, 0.38473182916641235, 0.3845222592353821, 0.3843151032924652, 0.3841114938259125, 0.38390791416168213, 0.3837071359157562, 0.383504718542099, 0.38330894708633423, 0.38311031460762024, 0.38292253017425537, 0.38273170590400696, 0.38254034519195557, 0.3823587894439697, 0.38218048214912415, 0.3820025622844696, 0.3818223476409912, 0.3816419243812561, 0.3814643621444702, 0.38128596544265747, 0.3811129033565521, 0.380947470664978, 0.3807758092880249, 0.3806074261665344, 0.3804475665092468, 0.38028839230537415, 0.38012200593948364, 0.3799605965614319, 0.3798049986362457, 0.3796452581882477, 0.37948673963546753, 0.37933647632598877, 0.3791758418083191, 0.37902337312698364, 0.37886959314346313, 0.37871676683425903, 0.3785724937915802, 0.3784211277961731, 0.3782738149166107, 0.3781284987926483, 0.37798789143562317, 0.3778461813926697, 0.37770622968673706, 0.3775627613067627, 0.3774215281009674, 0.37728676199913025, 0.37714916467666626, 0.37700948119163513, 0.37687501311302185, 0.376743882894516, 0.3766104578971863, 0.3764795660972595, 0.37634509801864624, 0.3762120306491852, 0.3760848641395569, 0.37595561146736145, 0.3758278787136078, 0.3757028579711914, 0.37556755542755127, 0.3754403293132782, 0.375310480594635, 0.37518611550331116, 0.37505748867988586, 0.37493300437927246, 0.3748072683811188, 0.37468352913856506, 0.37455815076828003, 0.3744334280490875, 0.37431058287620544, 0.3741888701915741, 0.37406429648399353, 0.3739435076713562, 0.3738311529159546, 0.3737140893936157, 0.3735990822315216, 0.37348273396492004, 0.3733665943145752, 0.3732508420944214, 0.37313488125801086, 0.37301909923553467, 0.37289923429489136, 0.37278375029563904, 0.372671514749527, 0.37256014347076416, 0.372444748878479, 0.37232890725135803, 0.3722168803215027, 0.37210074067115784, 0.37199077010154724, 0.37187913060188293, 0.37176913022994995, 0.3716609477996826, 0.3715493083000183, 0.37143853306770325, 0.3713296949863434, 0.37122711539268494, 0.37111836671829224, 0.37100860476493835, 0.37090060114860535, 0.37078723311424255, 0.3706740140914917, 0.37056756019592285, 0.37046319246292114, 0.37036505341529846, 0.37026387453079224, 0.3701517879962921, 0.3700452446937561, 0.36993613839149475, 0.3698290288448334, 0.36972376704216003, 0.36962252855300903, 0.369516521692276, 0.369413822889328, 0.3693058490753174, 0.36920633912086487, 0.36910003423690796, 0.3689952492713928, 0.3688890039920807, 0.3687869608402252, 0.36868467926979065, 0.3685798645019531, 0.3684804141521454, 0.36838051676750183, 0.3682779371738434, 0.36818182468414307, 0.3680798411369324, 0.3679797649383545, 0.36788275837898254, 0.3677769601345062, 0.3676818609237671, 0.36757948994636536, 0.3674760162830353, 0.36737602949142456, 0.36727479100227356, 0.36717474460601807, 0.36707568168640137, 0.3669764995574951, 0.3668740391731262, 0.366770476102829, 0.3666771650314331, 0.3665802478790283, 0.36648550629615784, 0.3663825988769531, 0.36628562211990356, 0.36618536710739136, 0.36609184741973877, 0.3659951686859131, 0.36590251326560974, 0.36580410599708557, 0.36570411920547485, 0.3656056523323059, 0.3655114471912384, 0.36541643738746643, 0.3653177320957184, 0.36521852016448975, 0.3651224374771118, 0.36503323912620544, 0.36493217945098877, 0.36483561992645264, 0.36473941802978516, 0.36464256048202515, 0.3645462095737457, 0.36445027589797974, 0.3643556535243988, 0.3642590343952179, 0.36416587233543396, 0.36407479643821716, 0.3639838397502899, 0.3638899326324463, 0.3637966811656952, 0.3636963367462158, 0.36360037326812744, 0.3635038435459137, 0.3634089231491089, 0.36331629753112793, 0.3632211685180664, 0.36312347650527954, 0.36302828788757324, 0.3629346787929535, 0.36283838748931885, 0.36274492740631104, 0.3626493811607361]",33.0,"[33.0, 33.0, 33.0, 33.0, 33.0, 33.0, 33.0, 33.0, 33.0, 33.0, 33.0, 33.0, 33.0, 33.0, 33.0, 33.0, 33.0, 33.0, 33.0, 33.0, 33.0, 33.0, 33.0, 33.0, 33.0, 33.0, 33.0, 33.0, 33.0, 33.0, 33.0, 33.0, 33.0, 33.0, 33.0, 33.0, 33.0, 33.0, 33.0, 33.0, 33.0, 33.0, 33.0, 33.0, 33.0, 33.0, 33.0, 33.0, 33.0, 33.0, 33.0, 33.0, 33.0, 33.0, 33.0, 33.0, 33.0, 33.0, 33.0, 33.0, 33.0, 33.0, 33.0, 33.0, 33.0, 33.0, 33.0, 33.0, 33.0, 33.0, 33.0, 33.0, 33.0, 33.0, 33.0, 33.0, 33.0, 33.0, 33.0, 33.0, 33.0, 33.0, 33.0, 33.0, 33.0, 33.0, 33.0, 33.0, 33.0, 33.0, 33.0, 33.0, 33.0, 33.0, 33.0, 33.0, 33.0, 33.0, 33.0, 33.0, 33.0, 33.0, 33.0, 33.0, 33.0, 33.0, 33.0, 33.0, 33.0, 33.0, 33.0, 33.0, 33.0, 33.0, 33.0, 33.0, 33.0, 33.0, 33.0, 33.0, 33.0, 33.0, 33.0, 33.0, 33.0, 33.0, 33.0, 33.0, 33.0, 33.0, 33.0, 33.0, 33.0, 33.0, 33.0, 33.0, 33.0, 33.0, 33.0, 33.0, 33.0, 33.0, 33.0, 33.0, 33.0, 33.0, 33.0, 33.0, 33.0, 33.0, 33.0, 33.0, 33.0, 33.0, 33.0, 33.0, 33.0, 33.0, 33.0, 33.0, 33.0, 33.0, 33.0, 33.0, 33.0, 33.0, 33.0, 33.0, 33.0, 33.0, 33.0, 33.0, 33.0, 33.0, 33.0, 33.0, 33.0, 33.0, 33.0, 33.0, 33.0, 33.0, 33.0, 33.0, 33.0, 33.0, 33.0, 33.0, 33.0, 33.0, 33.0, 33.0, 33.0, 33.0, 33.0, 33.0, 33.0, 33.0, 33.0, 33.0, 33.0, 33.0, 33.0, 33.0, 33.0, 33.0, 33.0, 33.0, 33.0, 33.0, 33.0, 33.0, 33.0, 33.0, 33.0, 33.0, 33.0, 33.0, 33.0, 33.0, 33.0, 33.0, 33.0, 33.0, 33.0, 33.0, 33.0, 33.0, 33.0, 33.0, 33.0, 33.0, 33.0, 33.0, 33.0, 33.0, 33.0, 33.0, 33.0, 33.0, 33.0, 33.0, 33.0, 33.0, 33.0, 33.0, 33.0, 33.0, 33.0, 33.0, 33.0, 33.0, 33.0, 33.0, 33.0, 33.0, 33.0, 33.0, 33.0, 33.0, 33.0, 33.0, 33.0, 33.0, 33.0, 33.0, 33.0, 33.0, 33.0, 33.0, 33.0, 33.0, 33.0, 33.0, 33.0]",COMPLETE
