,number,value,datetime_start,datetime_complete,duration,params_batch_size_scaler,params_constant_learning_rate,params_depth,params_epochs,params_kernel_l2,params_num_trees,params_temperature,user_attrs_accuracy_test,user_attrs_accuracy_valid,user_attrs_approximate_feature_sparsity,user_attrs_approximate_feature_sparsity_history,user_attrs_approximate_weight_sparsity,user_attrs_approximate_weight_sparsity_history,user_attrs_auc_test,user_attrs_auc_valid,user_attrs_feature_sparsity,user_attrs_feature_sparsity_history,user_attrs_num_epochs,user_attrs_val_loss_history,user_attrs_weight_sparsity,user_attrs_weight_sparsity_history,state
102,102,0.8958663420540764,2024-08-31 04:56:14.492011,2024-08-31 04:59:07.612964,0 days 00:02:53.120953,1,0.011091964004051366,3,120,0.002654173999977321,90,0.09787025467273652,0.888,0.8925,33,"[33, 33, 33, 33, 33, 33, 33, 33, 33, 33, 33, 33, 33, 33, 33, 33, 33, 33, 33, 33, 33, 33, 33, 33, 33, 33, 33, 33, 33, 33, 33, 33, 33, 33, 33, 33, 33, 33, 33, 33, 33, 33, 33, 33, 33, 33, 33, 33, 33, 33, 33, 33, 33, 33, 33, 33, 33, 33, 33, 33, 33, 33, 33, 33, 33, 33, 33, 33, 33, 33, 33, 33, 33, 33, 33, 33, 33, 33, 33, 33, 33, 33, 33, 33, 33, 33, 33, 33, 33, 33, 33, 33, 33, 33, 33, 33, 33, 33, 33, 33, 33, 33, 33, 33, 33, 33, 33, 33, 33, 33, 33, 33, 33, 33, 33, 33, 33, 33, 33, 33]",32.98095238095238,"[32.96666666666667, 32.96349206349206, 32.953968253968256, 32.96031746031746, 32.957142857142856, 32.96031746031746, 32.96190476190476, 32.95873015873016, 32.96666666666667, 32.96349206349206, 32.974603174603175, 32.957142857142856, 32.96349206349206, 32.96031746031746, 32.973015873015875, 32.974603174603175, 32.96666666666667, 32.96190476190476, 32.96190476190476, 32.96984126984127, 32.971428571428575, 32.96666666666667, 32.96984126984127, 32.96984126984127, 32.96984126984127, 32.96666666666667, 32.973015873015875, 32.96825396825397, 32.96349206349206, 32.96825396825397, 32.96349206349206, 32.96349206349206, 32.974603174603175, 32.94920634920635, 32.953968253968256, 32.96031746031746, 32.96507936507936, 32.96666666666667, 32.953968253968256, 32.96190476190476, 32.96349206349206, 32.96190476190476, 32.971428571428575, 32.96349206349206, 32.97936507936508, 32.98253968253968, 32.98253968253968, 32.98412698412699, 32.977777777777774, 32.976190476190474, 32.976190476190474, 32.976190476190474, 32.977777777777774, 32.96031746031746, 32.96190476190476, 32.973015873015875, 32.96507936507937, 32.977777777777774, 32.96507936507936, 32.96031746031746, 32.96349206349207, 32.976190476190474, 32.96666666666667, 32.96984126984127, 32.973015873015875, 32.96984126984127, 32.973015873015875, 32.97936507936508, 32.977777777777774, 32.971428571428575, 32.96507936507936, 32.96190476190476, 32.974603174603175, 32.96349206349206, 32.974603174603175, 32.96507936507936, 32.96031746031746, 32.96031746031746, 32.96507936507937, 32.96031746031746, 32.96190476190476, 32.955555555555556, 32.955555555555556, 32.96031746031746, 32.96190476190476, 32.96031746031746, 32.96825396825397, 32.96349206349206, 32.96190476190476, 32.96666666666667, 32.96984126984127, 32.96984126984127, 32.97777777777778, 32.971428571428575, 32.97619047619048, 32.96031746031746, 32.96666666666667, 32.973015873015875, 32.98412698412699, 32.96984126984127, 32.97936507936508, 32.97936507936508, 32.96825396825397, 32.96349206349206, 32.95873015873016, 32.96190476190476, 32.96984126984127, 32.96984126984127, 32.97936507936508, 32.971428571428575, 32.971428571428575, 32.98095238095238, 32.97619047619048, 32.97777777777778, 32.97619047619048, 32.973015873015875, 32.974603174603175, 32.974603174603175, 32.97936507936508, 32.98095238095238]",0.8784996573617683,0.8958663420540764,33,"[33, 33, 33, 33, 33, 33, 33, 33, 33, 33, 33, 33, 33, 33, 33, 33, 33, 33, 33, 33, 33, 33, 33, 33, 33, 33, 33, 33, 33, 33, 33, 33, 33, 33, 33, 33, 33, 33, 33, 33, 33, 33, 33, 33, 33, 33, 33, 33, 33, 33, 33, 33, 33, 33, 33, 33, 33, 33, 33, 33, 33, 33, 33, 33, 33, 33, 33, 33, 33, 33, 33, 33, 33, 33, 33, 33, 33, 33, 33, 33, 33, 33, 33, 33, 33, 33, 33, 33, 33, 33, 33, 33, 33, 33, 33, 33, 33, 33, 33, 33, 33, 33, 33, 33, 33, 33, 33, 33, 33, 33, 33, 33, 33, 33, 33, 33, 33, 33, 33, 33]",120,"[0.3985958993434906, 0.3898380398750305, 0.383698970079422, 0.3792511820793152, 0.3760612905025482, 0.37333810329437256, 0.37223613262176514, 0.36944854259490967, 0.3677006661891937, 0.366210013628006, 0.36657267808914185, 0.3632766008377075, 0.36199063062667847, 0.3608183264732361, 0.3597480058670044, 0.3582645058631897, 0.35758131742477417, 0.35694679617881775, 0.3552290201187134, 0.35371097922325134, 0.352382630109787, 0.35128533840179443, 0.35084933042526245, 0.34902259707450867, 0.3481476306915283, 0.3467746078968048, 0.3464529514312744, 0.3456438183784485, 0.3436874449253082, 0.343204528093338, 0.3417212963104248, 0.3408243656158447, 0.3399219512939453, 0.33920231461524963, 0.33782264590263367, 0.3375909924507141, 0.33742156624794006, 0.3359554708003998, 0.3344306945800781, 0.33374810218811035, 0.33229556679725647, 0.3314422369003296, 0.3302619457244873, 0.3294363021850586, 0.3285976052284241, 0.3285984396934509, 0.3268311321735382, 0.3274296224117279, 0.32507050037384033, 0.3241962492465973, 0.32370099425315857, 0.3226284384727478, 0.32148075103759766, 0.32071852684020996, 0.3200645446777344, 0.31900355219841003, 0.3181493282318115, 0.31714844703674316, 0.3163934051990509, 0.3156992197036743, 0.3149084448814392, 0.31434816122055054, 0.3128717541694641, 0.3117615580558777, 0.31076735258102417, 0.30988675355911255, 0.30893343687057495, 0.3081437945365906, 0.3071770966053009, 0.3067162036895752, 0.30489012598991394, 0.30385056138038635, 0.3031902611255646, 0.3020128011703491, 0.30187392234802246, 0.2997767925262451, 0.3001661002635956, 0.29774001240730286, 0.29663553833961487, 0.2954782247543335, 0.2944331467151642, 0.2935236096382141, 0.29251518845558167, 0.2913006842136383, 0.2902638614177704, 0.2895810306072235, 0.2883966565132141, 0.28728970885276794, 0.28571438789367676, 0.2847413122653961, 0.2835526168346405, 0.2823370397090912, 0.2813282310962677, 0.2802374064922333, 0.27977439761161804, 0.2780560553073883, 0.2778671383857727, 0.2759671211242676, 0.27498960494995117, 0.27379414439201355, 0.27313071489334106, 0.27170470356941223, 0.27082154154777527, 0.2702774405479431, 0.2688572406768799, 0.26812034845352173, 0.26730814576148987, 0.26659008860588074, 0.26563939452171326, 0.26443472504615784, 0.2638047933578491, 0.2628081440925598, 0.26188915967941284, 0.26116204261779785, 0.2600897550582886, 0.259419322013855, 0.2587692141532898, 0.2580099403858185, 0.2576318681240082, 0.2591065466403961]",33.0,"[33.0, 33.0, 33.0, 33.0, 33.0, 33.0, 33.0, 33.0, 33.0, 33.0, 33.0, 33.0, 33.0, 33.0, 33.0, 33.0, 33.0, 33.0, 33.0, 33.0, 33.0, 33.0, 33.0, 33.0, 33.0, 33.0, 33.0, 33.0, 33.0, 33.0, 33.0, 33.0, 33.0, 33.0, 33.0, 33.0, 33.0, 33.0, 33.0, 33.0, 33.0, 33.0, 33.0, 33.0, 33.0, 33.0, 33.0, 33.0, 33.0, 33.0, 33.0, 33.0, 33.0, 33.0, 33.0, 33.0, 33.0, 33.0, 33.0, 33.0, 33.0, 33.0, 33.0, 33.0, 33.0, 33.0, 33.0, 33.0, 33.0, 33.0, 33.0, 33.0, 33.0, 33.0, 33.0, 33.0, 33.0, 33.0, 33.0, 33.0, 33.0, 33.0, 33.0, 33.0, 33.0, 33.0, 33.0, 33.0, 33.0, 33.0, 33.0, 33.0, 33.0, 33.0, 33.0, 33.0, 33.0, 33.0, 33.0, 33.0, 33.0, 33.0, 33.0, 33.0, 33.0, 33.0, 33.0, 33.0, 33.0, 33.0, 33.0, 33.0, 33.0, 33.0, 33.0, 33.0, 33.0, 33.0, 33.0, 33.0]",COMPLETE
103,103,0.6994886063557083,2024-08-31 04:59:10.512707,2024-08-31 04:59:31.314966,0 days 00:00:20.802259,4,0.08724460451144607,5,10,0.6099002234974219,37,0.007448848843608576,0.861,0.85875,33,"[33, 33, 33, 33, 33, 33, 33, 33, 33, 33]",32.94943330427201,"[32.94158674803836, 32.935483870967744, 32.93984306887533, 32.94245858761988, 32.95553618134263, 32.953792502179596, 32.953792502179596, 32.95292066259808, 32.95989537925021, 32.94943330427201]",0.7345420619390846,0.6994886063557083,33,"[33, 33, 33, 33, 33, 33, 33, 33, 33, 33]",10,"[0.43486183881759644, 0.42331191897392273, 0.41790059208869934, 0.41361984610557556, 0.4103175699710846, 0.40755802392959595, 0.405213862657547, 0.4031370282173157, 0.401449590921402, 0.39983105659484863]",33.0,"[33.0, 33.0, 33.0, 33.0, 33.0, 33.0, 33.0, 33.0, 33.0, 33.0]",COMPLETE
104,104,0.8403021988638559,2024-08-31 04:59:33.574499,2024-08-31 05:00:15.143009,0 days 00:00:41.568510,4,3.0857721767357016,2,170,0.0019544771907162406,70,0.003752984855126389,0.749,0.74875,5,"[11, 6, 5, 5, 5, 5, 5, 5, 5, 5, 5, 5, 5, 5, 5, 5, 5, 5, 5, 5, 5, 5, 5, 5, 5, 5, 5, 5, 5, 5, 5, 5, 5, 5, 5, 5, 5, 5, 5, 5, 5, 5, 5, 5, 5, 5, 5, 5, 5, 5, 5, 5, 5, 5, 5, 5, 5, 5, 5, 5, 5, 5, 5, 5, 5, 5, 5, 5, 5, 5, 5, 5, 5, 5, 5, 5, 5, 5, 5, 5, 5, 5, 5, 5, 5, 5, 5, 5, 5, 5, 5, 5, 5, 5, 5, 5, 5, 5, 5, 5, 5, 5, 5, 5, 5, 5, 5, 5, 5, 5, 5, 5, 5, 5, 5, 5, 5, 5, 5, 5, 5, 5, 5, 5, 5, 5, 5, 5, 5, 5, 5, 5, 5, 5, 5, 5, 5, 5, 5, 5, 5, 5, 5, 5, 5, 5, 5, 5, 5, 5, 5, 5, 5, 5, 5, 5, 5, 5, 5, 5, 5, 5, 5, 5, 5, 5, 5, 5, 5, 5]",4.995238095238095,"[11.0, 5.995238095238095, 5.0, 5.0, 5.0, 4.995238095238095, 5.0, 5.0, 5.0, 4.995238095238095, 5.0, 4.995238095238095, 4.995238095238095, 5.0, 4.995238095238095, 5.0, 5.0, 4.995238095238095, 5.0, 5.0, 4.995238095238095, 4.995238095238095, 5.0, 5.0, 4.995238095238095, 4.995238095238095, 5.0, 4.995238095238095, 5.0, 5.0, 5.0, 5.0, 4.995238095238095, 5.0, 4.995238095238095, 5.0, 4.995238095238095, 4.995238095238095, 4.9904761904761905, 5.0, 4.995238095238095, 4.985714285714286, 4.995238095238095, 5.0, 4.995238095238095, 5.0, 4.995238095238095, 4.985714285714286, 4.995238095238095, 4.995238095238095, 4.995238095238095, 5.0, 4.995238095238095, 5.0, 4.995238095238095, 4.9904761904761905, 4.9904761904761905, 5.0, 5.0, 4.995238095238095, 4.995238095238095, 4.995238095238095, 4.995238095238095, 4.9904761904761905, 4.9904761904761905, 5.0, 4.995238095238095, 5.0, 5.0, 5.0, 5.0, 4.995238095238095, 5.0, 5.0, 4.995238095238095, 4.995238095238095, 4.9904761904761905, 4.995238095238095, 5.0, 5.0, 4.995238095238095, 4.995238095238095, 5.0, 5.0, 4.995238095238095, 5.0, 5.0, 4.9904761904761905, 5.0, 4.995238095238095, 4.995238095238095, 5.0, 5.0, 4.980952380952381, 4.995238095238095, 4.995238095238095, 5.0, 5.0, 4.985714285714286, 5.0, 5.0, 5.0, 4.985714285714286, 4.9904761904761905, 4.995238095238095, 4.995238095238095, 5.0, 5.0, 5.0, 4.9904761904761905, 5.0, 4.995238095238095, 4.995238095238095, 4.995238095238095, 5.0, 5.0, 4.995238095238095, 4.995238095238095, 5.0, 5.0, 4.995238095238095, 4.9904761904761905, 4.995238095238095, 4.995238095238095, 4.995238095238095, 4.995238095238095, 4.995238095238095, 4.995238095238095, 5.0, 5.0, 4.995238095238095, 4.995238095238095, 5.0, 4.995238095238095, 4.9904761904761905, 5.0, 4.995238095238095, 5.0, 4.995238095238095, 5.0, 5.0, 5.0, 4.9904761904761905, 5.0, 4.995238095238095, 4.9904761904761905, 4.995238095238095, 4.995238095238095, 4.995238095238095, 5.0, 5.0, 4.995238095238095, 5.0, 5.0, 5.0, 4.995238095238095, 5.0, 5.0, 4.995238095238095, 5.0, 5.0, 5.0, 4.995238095238095, 5.0, 4.995238095238095, 5.0, 4.9904761904761905, 4.995238095238095, 4.9904761904761905, 4.995238095238095]",0.8342456592277019,0.8403021988638559,5,"[11, 6, 5, 5, 5, 5, 5, 5, 5, 5, 5, 5, 5, 5, 5, 5, 5, 5, 5, 5, 5, 5, 5, 5, 5, 5, 5, 5, 5, 5, 5, 5, 5, 5, 5, 5, 5, 5, 5, 5, 5, 5, 5, 5, 5, 5, 5, 5, 5, 5, 5, 5, 5, 5, 5, 5, 5, 5, 5, 5, 5, 5, 5, 5, 5, 5, 5, 5, 5, 5, 5, 5, 5, 5, 5, 5, 5, 5, 5, 5, 5, 5, 5, 5, 5, 5, 5, 5, 5, 5, 5, 5, 5, 5, 5, 5, 5, 5, 5, 5, 5, 5, 5, 5, 5, 5, 5, 5, 5, 5, 5, 5, 5, 5, 5, 5, 5, 5, 5, 5, 5, 5, 5, 5, 5, 5, 5, 5, 5, 5, 5, 5, 5, 5, 5, 5, 5, 5, 5, 5, 5, 5, 5, 5, 5, 5, 5, 5, 5, 5, 5, 5, 5, 5, 5, 5, 5, 5, 5, 5, 5, 5, 5, 5, 5, 5, 5, 5, 5, 5]",170,"[3.446345567703247, 0.8452510833740234, 3.048644781112671, 0.8416327834129333, 3.4347124099731445, 0.7693654894828796, 3.798239231109619, 3.0933475494384766, 2.2035136222839355, 0.8783378005027771, 5.555881977081299, 3.1002509593963623, 1.5241813659667969, 2.3508777618408203, 9.8403902053833, 0.6875468492507935, 1.5670499801635742, 2.800450086593628, 1.1912903785705566, 1.0773121118545532, 10.641705513000488, 0.9564301371574402, 5.4263482093811035, 0.7161898612976074, 0.8422710299491882, 0.9135963320732117, 1.21122407913208, 0.9405258893966675, 3.9867944717407227, 5.219496250152588, 3.9288220405578613, 0.8106576800346375, 5.297829627990723, 4.8349385261535645, 0.661389946937561, 0.8348296880722046, 0.7882908582687378, 1.4599019289016724, 0.6931312680244446, 3.9781622886657715, 0.7268516421318054, 0.949198305606842, 1.6451475620269775, 0.7139661312103271, 1.4345577955245972, 2.137392282485962, 1.7806228399276733, 0.9819783568382263, 2.9847466945648193, 1.0502190589904785, 9.992012977600098, 1.903814673423767, 1.1598141193389893, 3.299825429916382, 2.100370407104492, 0.6464920043945312, 0.869026780128479, 0.5925347805023193, 5.258764743804932, 7.252493858337402, 0.8209866881370544, 5.64007568359375, 0.7516832947731018, 0.8748552799224854, 8.455940246582031, 0.9601374864578247, 0.6951888799667358, 0.8356407284736633, 1.575874924659729, 6.999518871307373, 3.759718656539917, 0.940022349357605, 0.910769522190094, 3.718982219696045, 7.292642593383789, 0.7661435008049011, 1.225823998451233, 0.8210375905036926, 0.7432823181152344, 0.6466253399848938, 0.7107723951339722, 1.825978398323059, 1.0701937675476074, 0.7037918567657471, 2.0919229984283447, 0.8053049445152283, 1.0207678079605103, 1.256838321685791, 8.930102348327637, 1.014349102973938, 0.8344364166259766, 0.7793851494789124, 1.2582221031188965, 0.9864476919174194, 1.394029974937439, 10.104256629943848, 2.5457239151000977, 1.3373610973358154, 1.1637349128723145, 0.6406557559967041, 3.573845624923706, 0.5746302604675293, 9.291457176208496, 1.170840859413147, 3.0792434215545654, 4.212650775909424, 0.8098335862159729, 1.1022918224334717, 4.6901469230651855, 0.8338339924812317, 0.5634618401527405, 8.614005088806152, 1.819728970527649, 6.105784893035889, 0.9190818071365356, 1.2409312725067139, 6.979156494140625, 2.7812623977661133, 0.6303781867027283, 1.1617751121520996, 0.669270396232605, 0.9228569865226746, 1.4164968729019165, 1.071248173713684, 0.768372118473053, 1.0800398588180542, 1.4541277885437012, 2.3187146186828613, 1.6083488464355469, 0.7168562412261963, 0.7801690697669983, 0.7346839904785156, 1.867506980895996, 0.9247887134552002, 0.9158535599708557, 1.244170904159546, 1.1295056343078613, 0.6195371747016907, 0.7593749761581421, 0.8621914386749268, 1.2466922998428345, 0.8763970136642456, 1.6219797134399414, 0.8428086042404175, 0.9521151781082153, 0.9061042070388794, 0.7042984962463379, 0.8290174603462219, 0.9828267097473145, 1.0502036809921265, 0.6936159729957581, 0.8955852389335632, 5.387851715087891, 1.263924241065979, 6.372714042663574, 3.0323541164398193, 1.023284912109375, 1.6117476224899292, 1.0132657289505005, 8.488665580749512, 0.9085605144500732, 0.7128610014915466, 0.5038065910339355, 8.379820823669434, 1.0646134614944458, 0.9413211941719055, 1.1361267566680908, 0.8883653879165649, 0.8604893684387207, 1.5923112630844116]",5.0,"[11.0, 6.0, 5.0, 5.0, 5.0, 5.0, 5.0, 5.0, 5.0, 5.0, 5.0, 5.0, 5.0, 5.0, 5.0, 5.0, 5.0, 5.0, 5.0, 5.0, 5.0, 5.0, 5.0, 5.0, 5.0, 5.0, 5.0, 5.0, 5.0, 5.0, 5.0, 5.0, 5.0, 5.0, 5.0, 5.0, 5.0, 5.0, 5.0, 5.0, 5.0, 5.0, 5.0, 5.0, 5.0, 5.0, 5.0, 5.0, 5.0, 5.0, 5.0, 5.0, 5.0, 5.0, 5.0, 5.0, 5.0, 5.0, 5.0, 5.0, 5.0, 5.0, 5.0, 5.0, 5.0, 5.0, 5.0, 5.0, 5.0, 5.0, 5.0, 5.0, 5.0, 5.0, 5.0, 5.0, 5.0, 5.0, 5.0, 5.0, 5.0, 5.0, 5.0, 5.0, 5.0, 5.0, 5.0, 5.0, 5.0, 5.0, 5.0, 5.0, 5.0, 5.0, 5.0, 5.0, 5.0, 5.0, 5.0, 5.0, 5.0, 5.0, 5.0, 5.0, 5.0, 5.0, 5.0, 5.0, 5.0, 5.0, 5.0, 5.0, 5.0, 5.0, 5.0, 5.0, 5.0, 5.0, 5.0, 5.0, 5.0, 5.0, 5.0, 5.0, 5.0, 5.0, 5.0, 5.0, 5.0, 5.0, 5.0, 5.0, 5.0, 5.0, 5.0, 5.0, 5.0, 5.0, 5.0, 5.0, 5.0, 5.0, 5.0, 5.0, 5.0, 5.0, 5.0, 5.0, 5.0, 5.0, 5.0, 5.0, 5.0, 5.0, 5.0, 5.0, 5.0, 5.0, 5.0, 5.0, 5.0, 5.0, 5.0, 5.0, 5.0, 5.0, 5.0, 5.0, 5.0, 5.0]",COMPLETE
105,105,0.8540917932269325,2024-08-31 05:00:15.155277,2024-08-31 05:00:28.156473,0 days 00:00:13.001196,4,0.04797151741319342,1,85,0.0011785445035537878,21,0.001403361582469818,0.846,0.855,33,"[33, 33, 33, 33, 33, 33, 33, 33, 33, 33, 33, 33, 33, 33, 33, 33, 33, 33, 33, 33, 33, 33, 33, 33, 33, 33, 33, 33, 33, 33, 33, 33, 33, 33, 33, 33, 33, 33, 33, 33, 33, 33, 33, 33, 33, 33, 33, 33, 33, 33, 33, 33, 33, 33, 33, 33, 33, 33, 33, 33, 33, 33, 33, 33, 33, 33, 33, 33, 33, 33, 33, 33, 33, 33, 33, 33, 33, 33, 33, 33, 33, 33, 33, 33, 33]",33.0,"[33.0, 33.0, 33.0, 33.0, 33.0, 33.0, 33.0, 33.0, 33.0, 33.0, 32.95238095238095, 33.0, 33.0, 32.95238095238095, 33.0, 33.0, 33.0, 33.0, 33.0, 33.0, 33.0, 33.0, 33.0, 33.0, 33.0, 33.0, 32.95238095238095, 32.95238095238095, 33.0, 33.0, 32.95238095238095, 33.0, 33.0, 33.0, 33.0, 32.95238095238095, 33.0, 33.0, 33.0, 32.904761904761905, 32.95238095238095, 32.95238095238095, 33.0, 33.0, 33.0, 32.95238095238095, 33.0, 33.0, 33.0, 33.0, 32.95238095238095, 33.0, 33.0, 33.0, 33.0, 33.0, 33.0, 33.0, 33.0, 33.0, 33.0, 33.0, 33.0, 33.0, 33.0, 32.95238095238095, 33.0, 33.0, 33.0, 33.0, 33.0, 33.0, 33.0, 33.0, 33.0, 32.95238095238095, 32.95238095238095, 32.95238095238095, 32.904761904761905, 32.95238095238095, 32.95238095238095, 33.0, 33.0, 33.0, 33.0]",0.8529875576911962,0.8540917932269325,33,"[33, 33, 33, 33, 33, 33, 33, 33, 33, 33, 33, 33, 33, 33, 33, 33, 33, 33, 33, 33, 33, 33, 33, 33, 33, 33, 33, 33, 33, 33, 33, 33, 33, 33, 33, 33, 33, 33, 33, 33, 33, 33, 33, 33, 33, 33, 33, 33, 33, 33, 33, 33, 33, 33, 33, 33, 33, 33, 33, 33, 33, 33, 33, 33, 33, 33, 33, 33, 33, 33, 33, 33, 33, 33, 33, 33, 33, 33, 33, 33, 33, 33, 33, 33, 33]",85,"[0.40436604619026184, 0.39500921964645386, 0.3871397078037262, 0.38233235478401184, 0.3793792724609375, 0.37620970606803894, 0.37461814284324646, 0.37077319622039795, 0.36948856711387634, 0.36656907200813293, 0.3645284175872803, 0.3630369305610657, 0.36061570048332214, 0.35884273052215576, 0.3569560647010803, 0.3549889028072357, 0.35445636510849, 0.35158663988113403, 0.35048481822013855, 0.3497470021247864, 0.3467937409877777, 0.345703661441803, 0.34419482946395874, 0.34243717789649963, 0.3413352966308594, 0.3402729332447052, 0.3389463424682617, 0.3378881812095642, 0.3364376723766327, 0.33544105291366577, 0.33428487181663513, 0.33375388383865356, 0.3323751389980316, 0.33110684156417847, 0.3303266763687134, 0.3296167254447937, 0.3303970396518707, 0.32795971632003784, 0.3271327316761017, 0.3265112340450287, 0.326488733291626, 0.3262569010257721, 0.3257398307323456, 0.32449841499328613, 0.3229318857192993, 0.3226197361946106, 0.32201138138771057, 0.3216645121574402, 0.32102149724960327, 0.3207446336746216, 0.31973159313201904, 0.31976431608200073, 0.31893402338027954, 0.3193713128566742, 0.31838738918304443, 0.31787586212158203, 0.31691133975982666, 0.3166128098964691, 0.3162449300289154, 0.3155229687690735, 0.3165687024593353, 0.3154091536998749, 0.3160010874271393, 0.31633248925209045, 0.3166137933731079, 0.31410396099090576, 0.31428587436676025, 0.3125326931476593, 0.3123399615287781, 0.3125813603401184, 0.31227898597717285, 0.3115190863609314, 0.3107171058654785, 0.3115370273590088, 0.31049269437789917, 0.3108927011489868, 0.3105578124523163, 0.30961257219314575, 0.3092317283153534, 0.3121492862701416, 0.30880382657051086, 0.3087364137172699, 0.30790823698043823, 0.30760636925697327, 0.3090934455394745]",33.0,"[33.0, 33.0, 33.0, 33.0, 33.0, 33.0, 33.0, 33.0, 33.0, 33.0, 33.0, 33.0, 33.0, 33.0, 33.0, 33.0, 33.0, 33.0, 33.0, 33.0, 33.0, 33.0, 33.0, 33.0, 33.0, 33.0, 33.0, 33.0, 33.0, 33.0, 33.0, 33.0, 33.0, 33.0, 33.0, 33.0, 33.0, 33.0, 33.0, 33.0, 33.0, 33.0, 33.0, 33.0, 33.0, 33.0, 33.0, 33.0, 33.0, 33.0, 33.0, 33.0, 33.0, 33.0, 33.0, 33.0, 33.0, 33.0, 33.0, 33.0, 33.0, 33.0, 33.0, 33.0, 33.0, 33.0, 33.0, 33.0, 33.0, 33.0, 33.0, 33.0, 33.0, 33.0, 33.0, 33.0, 33.0, 33.0, 33.0, 33.0, 33.0, 33.0, 33.0, 33.0, 33.0]",COMPLETE
