,number,value,datetime_start,datetime_complete,duration,params_batch_size_scaler,params_constant_learning_rate,params_depth,params_epochs,params_kernel_l2,params_num_trees,params_temperature,user_attrs_accuracy_test,user_attrs_accuracy_valid,user_attrs_approximate_feature_sparsity,user_attrs_approximate_feature_sparsity_history,user_attrs_approximate_weight_sparsity,user_attrs_approximate_weight_sparsity_history,user_attrs_auc_test,user_attrs_auc_valid,user_attrs_feature_sparsity,user_attrs_feature_sparsity_history,user_attrs_num_epochs,user_attrs_val_loss_history,user_attrs_weight_sparsity,user_attrs_weight_sparsity_history,state
89,89,0.9203797452048795,2024-08-31 04:22:00.733506,2024-08-31 04:25:52.092435,0 days 00:03:51.358929,4,0.06515186126129416,5,315,0.066531564798821,54,0.019767400261163984,0.924,0.92375,33,"[33, 33, 33, 33, 33, 33, 33, 33, 33, 33, 33, 33, 33, 33, 33, 33, 33, 33, 33, 33, 33, 33, 33, 33, 33, 33, 33, 33, 33, 33, 33, 33, 33, 33, 33, 33, 33, 33, 33, 33, 33, 33, 33, 33, 33, 33, 33, 33, 33, 33, 33, 33, 33, 33, 33, 33, 33, 33, 33, 33, 33, 33, 33, 33, 33, 33, 33, 33, 33, 33, 33, 33, 33, 33, 33, 33, 33, 33, 33, 33, 33, 33, 33, 33, 33, 33, 33, 33, 33, 33, 33, 33, 33, 33, 33, 33, 33, 33, 33, 33, 33, 33, 33, 33, 33, 33, 33, 33, 33, 33, 33, 33, 33, 33, 33, 33, 33, 33, 33, 33, 33, 33, 33, 33, 33, 33, 33, 33, 33, 33, 33, 33, 33, 33, 33, 33, 33, 33, 33, 33, 33, 33, 33, 33, 33, 33, 33, 33, 33, 33, 33, 33, 33, 33, 33, 33, 33, 33, 33, 33, 33, 33, 33, 33, 33, 33, 33, 33, 33, 33, 33, 33, 33, 33, 33, 33, 33, 33, 33, 33, 33, 33, 33, 33, 33, 33, 33, 33, 33, 33, 33, 33, 33, 33, 33, 33, 33, 33, 33, 33, 33, 33, 33, 33, 33, 33, 33, 33, 33, 33, 33, 33, 33, 33, 33, 33, 33, 33, 33, 33, 33, 33, 33, 33, 33, 33, 33, 33, 33, 33, 33, 33, 33, 33, 33, 33, 33, 33, 33, 33, 33, 33, 33, 33, 33, 33, 33, 33, 33, 33, 33, 33, 33, 33, 33, 33, 33, 33, 33, 33, 33, 33, 33, 33, 33, 33, 33, 33, 33, 33, 33, 33, 33, 33, 33, 33, 33, 33, 33, 33, 33, 33, 33, 33, 33, 33, 33, 33, 33, 33, 33, 33, 33, 33, 33, 33, 33, 33, 33, 33, 33, 33, 33, 33, 33, 33, 33, 33, 33, 33, 33, 33, 33, 33, 33]",32.94444444444444,"[32.939068100358426, 32.94205495818399, 32.93608124253286, 32.94205495818399, 32.94384707287933, 32.9378733572282, 32.93608124253286, 32.94563918757467, 32.9426523297491, 32.937275985663085, 32.948028673835125, 32.94444444444444, 32.94086021505377, 32.93966547192353, 32.9336917562724, 32.946236559139784, 32.93847072879331, 32.937275985663085, 32.9468339307049, 32.94862604540024, 32.94743130227001, 32.941457586618874, 32.9468339307049, 32.946236559139784, 32.94444444444444, 32.94384707287933, 32.93488649940263, 32.9378733572282, 32.9426523297491, 32.943249701314215, 32.94922341696535, 32.95161290322581, 32.94504181600956, 32.9468339307049, 32.95161290322581, 32.951015531660694, 32.95519713261649, 32.95221027479092, 32.94384707287933, 32.941457586618874, 32.94922341696535, 32.94504181600956, 32.94743130227001, 32.93966547192353, 32.948028673835125, 32.94205495818399, 32.946236559139784, 32.9468339307049, 32.94563918757467, 32.94922341696535, 32.948028673835125, 32.95340501792115, 32.948028673835125, 32.94563918757467, 32.94563918757467, 32.9426523297491, 32.94026284348865, 32.94862604540024, 32.94265232974911, 32.9468339307049, 32.94922341696535, 32.94862604540024, 32.94324970131422, 32.93488649940263, 32.937275985663085, 32.94145758661888, 32.9378733572282, 32.934289127837516, 32.941457586618874, 32.94504181600956, 32.94982078853047, 32.94504181600956, 32.94384707287933, 32.94504181600956, 32.946236559139784, 32.941457586618874, 32.93966547192353, 32.94922341696535, 32.948028673835125, 32.948028673835125, 32.94384707287933, 32.94563918757467, 32.948028673835125, 32.9426523297491, 32.93847072879331, 32.94922341696535, 32.939068100358426, 32.93966547192353, 32.9426523297491, 32.94384707287933, 32.94504181600956, 32.94743130227001, 32.94862604540024, 32.94563918757467, 32.94743130227001, 32.94862604540024, 32.94384707287933, 32.94862604540024, 32.948028673835125, 32.94862604540024, 32.948028673835125, 32.94504181600956, 32.946236559139784, 32.95161290322581, 32.95459976105138, 32.952807646356035, 32.95878136200717, 32.95161290322581, 32.94026284348865, 32.93966547192353, 32.941457586618874, 32.94026284348865, 32.940262843488654, 32.94384707287933, 32.94743130227001, 32.94563918757467, 32.94504181600956, 32.94504181600956, 32.95221027479092, 32.94922341696535, 32.952807646356035, 32.948028673835125, 32.95221027479092, 32.948028673835125, 32.948028673835125, 32.9426523297491, 32.94384707287933, 32.941457586618874, 32.94504181600956, 32.95041816009558, 32.946236559139784, 32.94982078853047, 32.95221027479092, 32.94862604540024, 32.951015531660694, 32.94982078853047, 32.9468339307049, 32.948028673835125, 32.95400238948626, 32.94982078853047, 32.9468339307049, 32.94026284348865, 32.9426523297491, 32.946236559139784, 32.939068100358426, 32.93309438470729, 32.930704898446834, 32.934289127837516, 32.94026284348865, 32.94086021505376, 32.94563918757467, 32.946236559139784, 32.942054958183995, 32.93906810035842, 32.94205495818399, 32.94324970131422, 32.94265232974911, 32.94145758661888, 32.94563918757467, 32.946236559139784, 32.94862604540024, 32.94743130227001, 32.95161290322581, 32.951015531660694, 32.948028673835125, 32.948028673835125, 32.94504181600956, 32.94444444444444, 32.938470728793305, 32.946236559139784, 32.946236559139784, 32.94982078853047, 32.95519713261649, 32.952807646356035, 32.95340501792115, 32.95400238948626, 32.95459976105137, 32.95221027479092, 32.94922341696535, 32.9468339307049, 32.9468339307049, 32.9468339307049, 32.94504181600956, 32.94982078853046, 32.951015531660694, 32.946236559139784, 32.95041816009558, 32.948028673835125, 32.94743130227001, 32.94922341696535, 32.94743130227001, 32.94444444444444, 32.94504181600956, 32.943249701314215, 32.94026284348865, 32.938470728793305, 32.94145758661888, 32.94743130227001, 32.94743130227001, 32.95221027479092, 32.952807646356035, 32.95161290322581, 32.946236559139784, 32.94205495818399, 32.9426523297491, 32.940262843488654, 32.93966547192353, 32.94504181600956, 32.952807646356035, 32.95400238948626, 32.95161290322581, 32.94563918757467, 32.94205495818399, 32.94743130227001, 32.946236559139784, 32.95041816009558, 32.94444444444444, 32.94384707287933, 32.946236559139784, 32.94384707287933, 32.94205495818399, 32.94862604540024, 32.95041816009558, 32.951015531660694, 32.94504181600956, 32.94504181600956, 32.941457586618874, 32.94086021505376, 32.94504181600956, 32.94384707287933, 32.9426523297491, 32.94504181600956, 32.9468339307049, 32.952807646356035, 32.95340501792115, 32.95639187574671, 32.95280764635603, 32.94862604540024, 32.946236559139784, 32.94922341696535, 32.94563918757467, 32.946236559139784, 32.94026284348865, 32.943249701314215, 32.94145758661888, 32.94563918757467, 32.94444444444444, 32.94862604540024, 32.94982078853047, 32.94444444444444, 32.9468339307049, 32.94922341696535, 32.95221027479092, 32.94982078853047, 32.95041816009558, 32.952210274790914, 32.952807646356035, 32.952807646356035, 32.94982078853047, 32.95161290322581, 32.94743130227001, 32.94563918757467, 32.94922341696535, 32.94504181600956, 32.94743130227001, 32.946236559139784, 32.943249701314215, 32.94743130227001, 32.94982078853047, 32.9468339307049, 32.946236559139784, 32.94324970131422, 32.9426523297491, 32.9426523297491, 32.94086021505376, 32.94384707287933, 32.94384707287933, 32.94324970131422, 32.94444444444444, 32.9378733572282, 32.94086021505376, 32.943249701314215, 32.94205495818399, 32.9468339307049, 32.94743130227001, 32.942054958183995, 32.93667861409797, 32.93966547192354, 32.9378733572282, 32.93966547192354, 32.939068100358426, 32.937275985663085, 32.94086021505376, 32.94444444444444, 32.937275985663085, 32.93189964157706, 32.93130227001195, 32.9378733572282, 32.937275985663085, 32.93608124253285, 32.9378733572282, 32.9336917562724, 32.93966547192353, 32.935483870967744, 32.93010752688172, 32.93189964157706, 32.932497013142175, 32.93488649940263, 32.93608124253286, 32.93608124253286, 32.94145758661888, 32.943249701314215, 32.9378733572282, 32.94086021505377, 32.94444444444444]",0.9042181656057267,0.9203797452048795,33,"[33, 33, 33, 33, 33, 33, 33, 33, 33, 33, 33, 33, 33, 33, 33, 33, 33, 33, 33, 33, 33, 33, 33, 33, 33, 33, 33, 33, 33, 33, 33, 33, 33, 33, 33, 33, 33, 33, 33, 33, 33, 33, 33, 33, 33, 33, 33, 33, 33, 33, 33, 33, 33, 33, 33, 33, 33, 33, 33, 33, 33, 33, 33, 33, 33, 33, 33, 33, 33, 33, 33, 33, 33, 33, 33, 33, 33, 33, 33, 33, 33, 33, 33, 33, 33, 33, 33, 33, 33, 33, 33, 33, 33, 33, 33, 33, 33, 33, 33, 33, 33, 33, 33, 33, 33, 33, 33, 33, 33, 33, 33, 33, 33, 33, 33, 33, 33, 33, 33, 33, 33, 33, 33, 33, 33, 33, 33, 33, 33, 33, 33, 33, 33, 33, 33, 33, 33, 33, 33, 33, 33, 33, 33, 33, 33, 33, 33, 33, 33, 33, 33, 33, 33, 33, 33, 33, 33, 33, 33, 33, 33, 33, 33, 33, 33, 33, 33, 33, 33, 33, 33, 33, 33, 33, 33, 33, 33, 33, 33, 33, 33, 33, 33, 33, 33, 33, 33, 33, 33, 33, 33, 33, 33, 33, 33, 33, 33, 33, 33, 33, 33, 33, 33, 33, 33, 33, 33, 33, 33, 33, 33, 33, 33, 33, 33, 33, 33, 33, 33, 33, 33, 33, 33, 33, 33, 33, 33, 33, 33, 33, 33, 33, 33, 33, 33, 33, 33, 33, 33, 33, 33, 33, 33, 33, 33, 33, 33, 33, 33, 33, 33, 33, 33, 33, 33, 33, 33, 33, 33, 33, 33, 33, 33, 33, 33, 33, 33, 33, 33, 33, 33, 33, 33, 33, 33, 33, 33, 33, 33, 33, 33, 33, 33, 33, 33, 33, 33, 33, 33, 33, 33, 33, 33, 33, 33, 33, 33, 33, 33, 33, 33, 33, 33, 33, 33, 33, 33, 33, 33, 33, 33, 33, 33, 33, 33]",315,"[0.4088941812515259, 0.39806434512138367, 0.3930670917034149, 0.3894272744655609, 0.38638854026794434, 0.38383278250694275, 0.38159796595573425, 0.3797455132007599, 0.3780243992805481, 0.37654948234558105, 0.37532755732536316, 0.3741000294685364, 0.37290728092193604, 0.372107595205307, 0.37076136469841003, 0.3698469400405884, 0.36888232827186584, 0.3679991662502289, 0.3671787977218628, 0.36639365553855896, 0.3655616343021393, 0.36491501331329346, 0.36401447653770447, 0.36339032649993896, 0.36255839467048645, 0.36170852184295654, 0.36099907755851746, 0.360249787569046, 0.35943523049354553, 0.358785480260849, 0.3580076992511749, 0.3573524057865143, 0.35661572217941284, 0.3558616638183594, 0.3551713526248932, 0.35448357462882996, 0.35366368293762207, 0.3529174029827118, 0.3522261679172516, 0.35138604044914246, 0.3507351577281952, 0.3500641882419586, 0.3492382764816284, 0.34856629371643066, 0.3478359580039978, 0.3471483588218689, 0.3465171754360199, 0.3457786440849304, 0.34509986639022827, 0.344326376914978, 0.3435286581516266, 0.34290775656700134, 0.34211114048957825, 0.3415084183216095, 0.3407468795776367, 0.33993902802467346, 0.339295893907547, 0.3387376070022583, 0.3376845419406891, 0.3372052311897278, 0.3362972140312195, 0.3356906473636627, 0.33481132984161377, 0.333906888961792, 0.3331819176673889, 0.3324700593948364, 0.3318029046058655, 0.33100974559783936, 0.3300395905971527, 0.3292328119277954, 0.32835957407951355, 0.32770678400993347, 0.32684996724128723, 0.32594501972198486, 0.32525262236595154, 0.3243345320224762, 0.3234153687953949, 0.3225053548812866, 0.3216645121574402, 0.3207564651966095, 0.3198418915271759, 0.31898728013038635, 0.31805628538131714, 0.31730034947395325, 0.3164590895175934, 0.31533944606781006, 0.3143705427646637, 0.31346386671066284, 0.31243324279785156, 0.3115465044975281, 0.3106488287448883, 0.30959683656692505, 0.3085893988609314, 0.3076021671295166, 0.30671921372413635, 0.3057017922401428, 0.30466529726982117, 0.30366402864456177, 0.30272623896598816, 0.3016468286514282, 0.30093899369239807, 0.2998546361923218, 0.2987120449542999, 0.2975761592388153, 0.2966548502445221, 0.2958012521266937, 0.29465895891189575, 0.29359933733940125, 0.2927205562591553, 0.29163146018981934, 0.29063424468040466, 0.28965914249420166, 0.2887851595878601, 0.2878186106681824, 0.2868560552597046, 0.2859840989112854, 0.28499704599380493, 0.28414061665534973, 0.28322651982307434, 0.2824819087982178, 0.28172022104263306, 0.2807859182357788, 0.2798335552215576, 0.27893197536468506, 0.278227299451828, 0.27752143144607544, 0.27663421630859375, 0.275798499584198, 0.2751936614513397, 0.27439260482788086, 0.2738494575023651, 0.2729009687900543, 0.2721652090549469, 0.2715643346309662, 0.2708209753036499, 0.27014249563217163, 0.26945844292640686, 0.26885950565338135, 0.2682303488254547, 0.26761141419410706, 0.2669633626937866, 0.26652681827545166, 0.26578494906425476, 0.26519447565078735, 0.26462462544441223, 0.2641538679599762, 0.2636011242866516, 0.2630857527256012, 0.2623821198940277, 0.26183220744132996, 0.2613377571105957, 0.26085448265075684, 0.26027554273605347, 0.2598748803138733, 0.2592652440071106, 0.2588116526603699, 0.25833630561828613, 0.25785231590270996, 0.2574728727340698, 0.2569258213043213, 0.2565011978149414, 0.25614145398139954, 0.25560837984085083, 0.2551369369029999, 0.2547815442085266, 0.25432485342025757, 0.2537935972213745, 0.2535982131958008, 0.2530672550201416, 0.25280267000198364, 0.25229841470718384, 0.25181519985198975, 0.25154438614845276, 0.25096946954727173, 0.2506588101387024, 0.2502456307411194, 0.2498042732477188, 0.24929700791835785, 0.24896690249443054, 0.2485070824623108, 0.24802857637405396, 0.2477191686630249, 0.24735714495182037, 0.24706949293613434, 0.24665521085262299, 0.24612310528755188, 0.24583958089351654, 0.2455945760011673, 0.24526123702526093, 0.24481071531772614, 0.2444208264350891, 0.2439109832048416, 0.24377085268497467, 0.2433077096939087, 0.2431964874267578, 0.2426263839006424, 0.24238410592079163, 0.24208469688892365, 0.24166561663150787, 0.24128055572509766, 0.24092811346054077, 0.24065923690795898, 0.2403363287448883, 0.23994304239749908, 0.23971858620643616, 0.239535853266716, 0.23901613056659698, 0.23868294060230255, 0.2383222132921219, 0.23783984780311584, 0.2376573383808136, 0.23743808269500732, 0.23704349994659424, 0.23695902526378632, 0.23672540485858917, 0.23640671372413635, 0.2359643578529358, 0.23538842797279358, 0.23511292040348053, 0.23496150970458984, 0.23485027253627777, 0.23446685075759888, 0.2340911626815796, 0.2337035983800888, 0.23344053328037262, 0.23312297463417053, 0.23275062441825867, 0.23244348168373108, 0.23233619332313538, 0.23186670243740082, 0.2316226363182068, 0.23149242997169495, 0.23112958669662476, 0.23079966008663177, 0.23057202994823456, 0.23007629811763763, 0.22989368438720703, 0.2296162098646164, 0.22936446964740753, 0.22909653186798096, 0.2287590652704239, 0.22864428162574768, 0.22853292524814606, 0.22805793583393097, 0.2276737242937088, 0.22759060561656952, 0.22729869186878204, 0.2273256927728653, 0.22705034911632538, 0.2264947146177292, 0.22611118853092194, 0.22601589560508728, 0.22590087354183197, 0.2258071005344391, 0.225386843085289, 0.22500935196876526, 0.22467556595802307, 0.2245849221944809, 0.22427338361740112, 0.22401545941829681, 0.22369107604026794, 0.2238592952489853, 0.22349822521209717, 0.22314971685409546, 0.22303515672683716, 0.2226693034172058, 0.22221945226192474, 0.22223876416683197, 0.22207947075366974, 0.22176320850849152, 0.22132286429405212, 0.22110885381698608, 0.22092293202877045, 0.22067368030548096, 0.22054529190063477, 0.22046321630477905, 0.220311239361763, 0.2199709266424179, 0.2195405215024948, 0.21924221515655518, 0.21916088461875916, 0.21891145408153534, 0.2186487317085266, 0.21857105195522308, 0.2180904597043991, 0.21818462014198303, 0.21822847425937653, 0.21757112443447113, 0.2174142301082611, 0.21722526848316193, 0.21710675954818726, 0.2167918086051941, 0.21667003631591797, 0.21638087928295135, 0.21607282757759094, 0.21591049432754517, 0.21579018235206604, 0.21575330197811127, 0.21522730588912964, 0.214996799826622, 0.2148313969373703, 0.21476134657859802, 0.214350625872612, 0.2145460844039917, 0.21423421800136566, 0.21408388018608093, 0.2140205353498459, 0.2137225717306137, 0.21333330869674683, 0.21350187063217163, 0.21347467601299286, 0.21310211718082428, 0.21288886666297913, 0.21266710758209229, 0.21255314350128174]",33.0,"[33.0, 33.0, 33.0, 33.0, 33.0, 33.0, 33.0, 33.0, 33.0, 33.0, 33.0, 33.0, 33.0, 33.0, 33.0, 33.0, 33.0, 33.0, 33.0, 33.0, 33.0, 33.0, 33.0, 33.0, 33.0, 33.0, 33.0, 33.0, 33.0, 33.0, 33.0, 33.0, 33.0, 33.0, 33.0, 33.0, 33.0, 33.0, 33.0, 33.0, 33.0, 33.0, 33.0, 33.0, 33.0, 33.0, 33.0, 33.0, 33.0, 33.0, 33.0, 33.0, 33.0, 33.0, 33.0, 33.0, 33.0, 33.0, 33.0, 33.0, 33.0, 33.0, 33.0, 33.0, 33.0, 33.0, 33.0, 33.0, 33.0, 33.0, 33.0, 33.0, 33.0, 33.0, 33.0, 33.0, 33.0, 33.0, 33.0, 33.0, 33.0, 33.0, 33.0, 33.0, 33.0, 33.0, 33.0, 33.0, 33.0, 33.0, 33.0, 33.0, 33.0, 33.0, 33.0, 33.0, 33.0, 33.0, 33.0, 33.0, 33.0, 33.0, 33.0, 33.0, 33.0, 33.0, 33.0, 33.0, 33.0, 33.0, 33.0, 33.0, 33.0, 33.0, 33.0, 33.0, 33.0, 33.0, 33.0, 33.0, 33.0, 33.0, 33.0, 33.0, 33.0, 33.0, 33.0, 33.0, 33.0, 33.0, 33.0, 33.0, 33.0, 33.0, 33.0, 33.0, 33.0, 33.0, 33.0, 33.0, 33.0, 33.0, 33.0, 33.0, 33.0, 33.0, 33.0, 33.0, 33.0, 33.0, 33.0, 33.0, 33.0, 33.0, 33.0, 33.0, 33.0, 33.0, 33.0, 33.0, 33.0, 33.0, 33.0, 33.0, 33.0, 33.0, 33.0, 33.0, 33.0, 33.0, 33.0, 33.0, 33.0, 33.0, 33.0, 33.0, 33.0, 33.0, 33.0, 33.0, 33.0, 33.0, 33.0, 33.0, 33.0, 33.0, 33.0, 33.0, 33.0, 33.0, 33.0, 33.0, 33.0, 33.0, 33.0, 33.0, 33.0, 33.0, 33.0, 33.0, 33.0, 33.0, 33.0, 33.0, 33.0, 33.0, 33.0, 33.0, 33.0, 33.0, 33.0, 33.0, 33.0, 33.0, 33.0, 33.0, 33.0, 33.0, 33.0, 33.0, 33.0, 33.0, 33.0, 33.0, 33.0, 33.0, 33.0, 33.0, 33.0, 33.0, 33.0, 33.0, 33.0, 33.0, 33.0, 33.0, 33.0, 33.0, 33.0, 33.0, 33.0, 33.0, 33.0, 33.0, 33.0, 33.0, 33.0, 33.0, 33.0, 33.0, 33.0, 33.0, 33.0, 33.0, 33.0, 33.0, 33.0, 33.0, 33.0, 33.0, 33.0, 33.0, 33.0, 33.0, 33.0, 33.0, 33.0, 33.0, 33.0, 33.0, 33.0, 33.0, 33.0, 33.0, 33.0, 33.0, 33.0, 33.0, 33.0, 33.0, 33.0, 33.0, 33.0, 33.0, 33.0, 33.0, 33.0, 33.0, 33.0, 33.0, 33.0, 33.0, 33.0, 33.0, 33.0, 33.0, 33.0, 33.0, 33.0, 33.0, 33.0, 33.0, 33.0, 33.0, 33.0, 33.0, 33.0, 33.0, 33.0, 33.0, 33.0, 33.0, 33.0, 33.0, 33.0]",COMPLETE
90,90,0.6903556568896446,2024-08-31 04:25:52.102764,2024-08-31 04:26:22.251717,0 days 00:00:30.148953,64,0.0962694220917307,5,60,0.18815706251004413,25,0.003696672610776225,0.859,0.85875,33,"[33, 33, 33, 33, 33, 33, 33, 33, 33, 33, 33, 33, 33, 33, 33, 33, 33, 33, 33, 33, 33, 33, 33, 33, 33, 33, 33, 33, 33, 33, 33, 33, 33, 33, 33, 33, 33, 33, 33, 33, 33, 33, 33, 33, 33, 33, 33, 33, 33, 33, 33, 33, 33, 33, 33, 33, 33, 33, 33, 33]",32.95870967741936,"[32.95612903225806, 32.953548387096774, 32.95483870967742, 32.95612903225806, 32.961290322580645, 32.96645161290323, 32.96387096774193, 32.961290322580645, 32.96774193548387, 32.96516129032258, 32.96387096774193, 32.965161290322584, 32.961290322580645, 32.95870967741935, 32.96258064516129, 32.961290322580645, 32.96387096774194, 32.95225806451613, 32.950967741935486, 32.957419354838706, 32.957419354838706, 32.96387096774193, 32.961290322580645, 32.96258064516129, 32.953548387096774, 32.95483870967742, 32.961290322580645, 32.961290322580645, 32.96774193548387, 32.95870967741936, 32.95870967741935, 32.961290322580645, 32.95741935483871, 32.953548387096774, 32.95483870967742, 32.95483870967742, 32.957419354838706, 32.96, 32.959999999999994, 32.95225806451613, 32.949677419354835, 32.95612903225806, 32.95612903225806, 32.953548387096774, 32.957419354838706, 32.957419354838706, 32.96258064516129, 32.96645161290322, 32.96387096774193, 32.961290322580645, 32.957419354838706, 32.96, 32.95612903225806, 32.95483870967742, 32.95870967741936, 32.95870967741936, 32.96258064516129, 32.957419354838706, 32.95483870967742, 32.95870967741936]",0.7233547172615362,0.6903556568896446,33,"[33, 33, 33, 33, 33, 33, 33, 33, 33, 33, 33, 33, 33, 33, 33, 33, 33, 33, 33, 33, 33, 33, 33, 33, 33, 33, 33, 33, 33, 33, 33, 33, 33, 33, 33, 33, 33, 33, 33, 33, 33, 33, 33, 33, 33, 33, 33, 33, 33, 33, 33, 33, 33, 33, 33, 33, 33, 33, 33, 33]",60,"[0.5639570355415344, 0.5259390473365784, 0.49898824095726013, 0.4794848561286926, 0.4648607671260834, 0.4535498321056366, 0.44456949830055237, 0.4384494721889496, 0.4328465759754181, 0.4284333884716034, 0.4249909222126007, 0.4229320287704468, 0.4206881821155548, 0.41848111152648926, 0.41672253608703613, 0.4148035943508148, 0.41339343786239624, 0.41249483823776245, 0.41152364015579224, 0.4106246531009674, 0.40981823205947876, 0.40901172161102295, 0.4079916477203369, 0.4071089029312134, 0.4063882827758789, 0.4058002233505249, 0.4051785171031952, 0.4045918583869934, 0.4040588140487671, 0.4036718010902405, 0.403169721364975, 0.4026760756969452, 0.4022381603717804, 0.4019426107406616, 0.40158870816230774, 0.4011000692844391, 0.4006994962692261, 0.40025782585144043, 0.39984017610549927, 0.3994387686252594, 0.3990306556224823, 0.39868590235710144, 0.3983652591705322, 0.39804041385650635, 0.3976801931858063, 0.3973521888256073, 0.3970097601413727, 0.3966650366783142, 0.39633774757385254, 0.3959618806838989, 0.3956778645515442, 0.3954728841781616, 0.3951669931411743, 0.39489564299583435, 0.39465636014938354, 0.3943712115287781, 0.3941371440887451, 0.39389243721961975, 0.3935924768447876, 0.39327472448349]",33.0,"[33.0, 33.0, 33.0, 33.0, 33.0, 33.0, 33.0, 33.0, 33.0, 33.0, 33.0, 33.0, 33.0, 33.0, 33.0, 33.0, 33.0, 33.0, 33.0, 33.0, 33.0, 33.0, 33.0, 33.0, 33.0, 33.0, 33.0, 33.0, 33.0, 33.0, 33.0, 33.0, 33.0, 33.0, 33.0, 33.0, 33.0, 33.0, 33.0, 33.0, 33.0, 33.0, 33.0, 33.0, 33.0, 33.0, 33.0, 33.0, 33.0, 33.0, 33.0, 33.0, 33.0, 33.0, 33.0, 33.0, 33.0, 33.0, 33.0, 33.0]",COMPLETE
