,number,value,datetime_start,datetime_complete,duration,params_batch_size_scaler,params_constant_learning_rate,params_depth,params_epochs,params_kernel_l2,params_num_trees,params_temperature,user_attrs_accuracy_test,user_attrs_accuracy_valid,user_attrs_approximate_feature_sparsity,user_attrs_approximate_feature_sparsity_history,user_attrs_approximate_weight_sparsity,user_attrs_approximate_weight_sparsity_history,user_attrs_auc_test,user_attrs_auc_valid,user_attrs_feature_sparsity,user_attrs_feature_sparsity_history,user_attrs_num_epochs,user_attrs_val_loss_history,user_attrs_weight_sparsity,user_attrs_weight_sparsity_history,state
35,35,0.5,2024-08-31 01:58:26.743987,2024-08-31 02:05:18.846879,0 days 00:06:52.102892,4,2.927645509555927,6,200,0.04606283240980229,27,0.008776929877610836,0.859,0.85875,0,"[0, 0, 0, 0, 0, 0, 0, 0, 0, 0, 0, 0, 0, 0, 0, 0, 0, 0, 0, 0, 0, 0, 0, 0, 0, 0, 0, 0, 0, 0, 0, 0, 0, 0, 0, 0, 0, 0, 0, 0, 0, 0, 0, 0, 0, 0, 0, 0, 0, 0, 0, 0, 0, 0, 0, 0, 0, 0, 0, 0, 0, 0, 0, 0, 0, 0, 0, 0, 0, 0, 0, 0, 0, 0, 0, 0, 0, 0, 0, 0, 0, 0, 0, 0, 0, 0, 0, 0, 0, 0, 0, 0, 0, 0, 0, 0, 0, 0, 0, 0, 0, 0, 0, 0, 0, 0, 0, 0, 0, 0, 0, 0, 0, 0, 0, 0, 0, 0, 0, 0, 0, 0, 0, 0, 0, 0, 0, 0, 0, 0, 0, 0, 0, 0, 0, 0, 0, 0, 0, 0, 0, 0, 0, 0, 0, 0, 0, 0, 0, 0, 0, 0, 0, 0, 0, 0, 0, 0, 0, 0, 0, 0, 0, 0, 0, 0, 0, 0, 0, 0, 0, 0, 0, 0, 0, 0, 0, 0, 0, 0, 0, 0, 0, 0, 0, 0, 0, 0, 0, 0, 0, 0, 0, 0, 0, 0, 0, 0, 0, 0]",0.0,"[0.0, 0.0, 0.0, 0.0, 0.0, 0.0, 0.0, 0.0, 0.0, 0.0, 0.0, 0.0, 0.0, 0.0, 0.0, 0.0, 0.0, 0.0, 0.0, 0.0, 0.0, 0.0, 0.0, 0.0, 0.0, 0.0, 0.0, 0.0, 0.0, 0.0, 0.0, 0.0, 0.0, 0.0, 0.0, 0.0, 0.0, 0.0, 0.0, 0.0, 0.0, 0.0, 0.0, 0.0, 0.0, 0.0, 0.0, 0.0, 0.0, 0.0, 0.0, 0.0, 0.0, 0.0, 0.0, 0.0, 0.0, 0.0, 0.0, 0.0, 0.0, 0.0, 0.0, 0.0, 0.0, 0.0, 0.0, 0.0, 0.0, 0.0, 0.0, 0.0, 0.0, 0.0, 0.0, 0.0, 0.0, 0.0, 0.0, 0.0, 0.0, 0.0, 0.0, 0.0, 0.0, 0.0, 0.0, 0.0, 0.0, 0.0, 0.0, 0.0, 0.0, 0.0, 0.0, 0.0, 0.0, 0.0, 0.0, 0.0, 0.0, 0.0, 0.0, 0.0, 0.0, 0.0, 0.0, 0.0, 0.0, 0.0, 0.0, 0.0, 0.0, 0.0, 0.0, 0.0, 0.0, 0.0, 0.0, 0.0, 0.0, 0.0, 0.0, 0.0, 0.0, 0.0, 0.0, 0.0, 0.0, 0.0, 0.0, 0.0, 0.0, 0.0, 0.0, 0.0, 0.0, 0.0, 0.0, 0.0, 0.0, 0.0, 0.0, 0.0, 0.0, 0.0, 0.0, 0.0, 0.0, 0.0, 0.0, 0.0, 0.0, 0.0, 0.0, 0.0, 0.0, 0.0, 0.0, 0.0, 0.0, 0.0, 0.0, 0.0, 0.0, 0.0, 0.0, 0.0, 0.0, 0.0, 0.0, 0.0, 0.0, 0.0, 0.0, 0.0, 0.0, 0.0, 0.0, 0.0, 0.0, 0.0, 0.0, 0.0, 0.0, 0.0, 0.0, 0.0, 0.0, 0.0, 0.0, 0.0, 0.0, 0.0, 0.0, 0.0, 0.0, 0.0, 0.0, 0.0]",0.5,0.5,0,"[0, 0, 0, 0, 0, 0, 0, 0, 0, 0, 0, 0, 0, 0, 0, 0, 0, 0, 0, 0, 0, 0, 0, 0, 0, 0, 0, 0, 0, 0, 0, 0, 0, 0, 0, 0, 0, 0, 0, 0, 0, 0, 0, 0, 0, 0, 0, 0, 0, 0, 0, 0, 0, 0, 0, 0, 0, 0, 0, 0, 0, 0, 0, 0, 0, 0, 0, 0, 0, 0, 0, 0, 0, 0, 0, 0, 0, 0, 0, 0, 0, 0, 0, 0, 0, 0, 0, 0, 0, 0, 0, 0, 0, 0, 0, 0, 0, 0, 0, 0, 0, 0, 0, 0, 0, 0, 0, 0, 0, 0, 0, 0, 0, 0, 0, 0, 0, 0, 0, 0, 0, 0, 0, 0, 0, 0, 0, 0, 0, 0, 0, 0, 0, 0, 0, 0, 0, 0, 0, 0, 0, 0, 0, 0, 0, 0, 0, 0, 0, 0, 0, 0, 0, 0, 0, 0, 0, 0, 0, 0, 0, 0, 0, 0, 0, 0, 0, 0, 0, 0, 0, 0, 0, 0, 0, 0, 0, 0, 0, 0, 0, 0, 0, 0, 0, 0, 0, 0, 0, 0, 0, 0, 0, 0, 0, 0, 0, 0, 0, 0]",200,"[0.40935027599334717, 0.40735653042793274, 0.40734222531318665, 0.4072844386100769, 0.4082256257534027, 0.4074057638645172, 0.4095950722694397, 0.4079325199127197, 0.40772175788879395, 0.40821540355682373, 0.40790313482284546, 0.40741878747940063, 0.410429984331131, 0.4073428809642792, 0.4072708785533905, 0.40758755803108215, 0.40742069482803345, 0.407550573348999, 0.4101652204990387, 0.40849021077156067, 0.4078156650066376, 0.4102753698825836, 0.4072718322277069, 0.40839776396751404, 0.4091731011867523, 0.41127875447273254, 0.40798747539520264, 0.41022613644599915, 0.4097583293914795, 0.4077088236808777, 0.40830275416374207, 0.4079277515411377, 0.408901572227478, 0.407277911901474, 0.4080052971839905, 0.4112287759780884, 0.4074081778526306, 0.4073439836502075, 0.4086577594280243, 0.4073329567909241, 0.4109070599079132, 0.4072452187538147, 0.4074263870716095, 0.4073611795902252, 0.40750327706336975, 0.40856850147247314, 0.4073730409145355, 0.40784427523612976, 0.4077868163585663, 0.40780502557754517, 0.40921005606651306, 0.40778759121894836, 0.41322556138038635, 0.4082324504852295, 0.4072342813014984, 0.40939539670944214, 0.4072909951210022, 0.40723586082458496, 0.407650351524353, 0.40997108817100525, 0.41700324416160583, 0.40905457735061646, 0.40723103284835815, 0.4085572063922882, 0.4075779616832733, 0.4075915217399597, 0.4102274775505066, 0.4072307348251343, 0.4141964018344879, 0.40729212760925293, 0.40880653262138367, 0.4072267413139343, 0.4072614014148712, 0.40723761916160583, 0.4082143008708954, 0.40793830156326294, 0.41142338514328003, 0.41095244884490967, 0.407246857881546, 0.4082282781600952, 0.40726378560066223, 0.4076480567455292, 0.4082479476928711, 0.4077690839767456, 0.40722787380218506, 0.4082857072353363, 0.40745091438293457, 0.4072275459766388, 0.4085022211074829, 0.40736114978790283, 0.40877196192741394, 0.41487351059913635, 0.40871769189834595, 0.4116188883781433, 0.4086166322231293, 0.4072543978691101, 0.40727803111076355, 0.40722742676734924, 0.4073706865310669, 0.4086850881576538, 0.4074193835258484, 0.4075223505496979, 0.40724503993988037, 0.4147878885269165, 0.40808069705963135, 0.40768828988075256, 0.4074556827545166, 0.407348096370697, 0.40967637300491333, 0.4074682891368866, 0.40943053364753723, 0.4072270691394806, 0.40743350982666016, 0.40811237692832947, 0.4148143529891968, 0.4090680778026581, 0.4073043763637543, 0.40736085176467896, 0.41166403889656067, 0.40834370255470276, 0.4084092080593109, 0.4073467254638672, 0.40851253271102905, 0.4150658845901489, 0.4085545837879181, 0.4077714681625366, 0.41251614689826965, 0.4073827266693115, 0.41269972920417786, 0.4072607755661011, 0.40913620591163635, 0.41015419363975525, 0.41327422857284546, 0.40723320841789246, 0.4141540229320526, 0.40975669026374817, 0.40753573179244995, 0.40826624631881714, 0.4074903726577759, 0.40756064653396606, 0.4088376760482788, 0.40855759382247925, 0.40769341588020325, 0.4126472473144531, 0.4083734452724457, 0.4072263836860657, 0.4073347747325897, 0.40727564692497253, 0.40736767649650574, 0.4093427360057831, 0.4102873206138611, 0.4102165699005127, 0.4116940200328827, 0.41107040643692017, 0.4072267413139343, 0.41774386167526245, 0.4083755612373352, 0.4106380045413971, 0.40768104791641235, 0.4072454571723938, 0.408115029335022, 0.4076700508594513, 0.4072294533252716, 0.40768852829933167, 0.4080127477645874, 0.4081917107105255, 0.40836697816848755, 0.409076988697052, 0.41078707575798035, 0.4080054461956024, 0.4091706871986389, 0.40749073028564453, 0.4084073007106781, 0.40971383452415466, 0.40755772590637207, 0.40849268436431885, 0.40848323702812195, 0.41070663928985596, 0.4075198471546173, 0.4072283208370209, 0.4073186218738556, 0.4072295129299164, 0.4082407057285309, 0.40749141573905945, 0.4078894555568695, 0.4072985053062439, 0.41222721338272095, 0.4085162281990051, 0.40722617506980896, 0.407429963350296, 0.4077405035495758, 0.4089511036872864, 0.4077663719654083, 0.4079834222793579, 0.4079280197620392, 0.409922331571579, 0.41032615303993225, 0.4087541699409485, 0.4076594412326813, 0.40725383162498474]",0.0,"[0.0, 0.0, 0.0, 0.0, 0.0, 0.0, 0.0, 0.0, 0.0, 0.0, 0.0, 0.0, 0.0, 0.0, 0.0, 0.0, 0.0, 0.0, 0.0, 0.0, 0.0, 0.0, 0.0, 0.0, 0.0, 0.0, 0.0, 0.0, 0.0, 0.0, 0.0, 0.0, 0.0, 0.0, 0.0, 0.0, 0.0, 0.0, 0.0, 0.0, 0.0, 0.0, 0.0, 0.0, 0.0, 0.0, 0.0, 0.0, 0.0, 0.0, 0.0, 0.0, 0.0, 0.0, 0.0, 0.0, 0.0, 0.0, 0.0, 0.0, 0.0, 0.0, 0.0, 0.0, 0.0, 0.0, 0.0, 0.0, 0.0, 0.0, 0.0, 0.0, 0.0, 0.0, 0.0, 0.0, 0.0, 0.0, 0.0, 0.0, 0.0, 0.0, 0.0, 0.0, 0.0, 0.0, 0.0, 0.0, 0.0, 0.0, 0.0, 0.0, 0.0, 0.0, 0.0, 0.0, 0.0, 0.0, 0.0, 0.0, 0.0, 0.0, 0.0, 0.0, 0.0, 0.0, 0.0, 0.0, 0.0, 0.0, 0.0, 0.0, 0.0, 0.0, 0.0, 0.0, 0.0, 0.0, 0.0, 0.0, 0.0, 0.0, 0.0, 0.0, 0.0, 0.0, 0.0, 0.0, 0.0, 0.0, 0.0, 0.0, 0.0, 0.0, 0.0, 0.0, 0.0, 0.0, 0.0, 0.0, 0.0, 0.0, 0.0, 0.0, 0.0, 0.0, 0.0, 0.0, 0.0, 0.0, 0.0, 0.0, 0.0, 0.0, 0.0, 0.0, 0.0, 0.0, 0.0, 0.0, 0.0, 0.0, 0.0, 0.0, 0.0, 0.0, 0.0, 0.0, 0.0, 0.0, 0.0, 0.0, 0.0, 0.0, 0.0, 0.0, 0.0, 0.0, 0.0, 0.0, 0.0, 0.0, 0.0, 0.0, 0.0, 0.0, 0.0, 0.0, 0.0, 0.0, 0.0, 0.0, 0.0, 0.0, 0.0, 0.0, 0.0, 0.0, 0.0, 0.0]",COMPLETE
