,number,value,datetime_start,datetime_complete,duration,params_batch_size_scaler,params_constant_learning_rate,params_depth,params_epochs,params_kernel_l2,params_num_trees,params_temperature,user_attrs_accuracy_test,user_attrs_accuracy_valid,user_attrs_approximate_feature_sparsity,user_attrs_approximate_feature_sparsity_history,user_attrs_approximate_weight_sparsity,user_attrs_approximate_weight_sparsity_history,user_attrs_auc_test,user_attrs_auc_valid,user_attrs_feature_sparsity,user_attrs_feature_sparsity_history,user_attrs_num_epochs,user_attrs_val_loss_history,user_attrs_weight_sparsity,user_attrs_weight_sparsity_history,state
51,51,0.5,2024-08-31 02:35:23.444588,2024-08-31 02:39:18.540801,0 days 00:03:55.096213,4,7.1362705434295295,3,470,0.001059791242516844,15,0.032785432484238035,0.859,0.85875,0,"[0, 0, 0, 0, 0, 0, 0, 0, 0, 0, 0, 0, 0, 0, 0, 0, 0, 0, 0, 0, 0, 0, 0, 0, 0, 0, 0, 0, 0, 0, 0, 0, 0, 0, 0, 0, 0, 0, 0, 0, 0, 0, 0, 0, 0, 0, 0, 0, 0, 0, 0, 0, 0, 0, 0, 0, 0, 0, 0, 0, 0, 0, 0, 0, 0, 0, 0, 0, 0, 0, 0, 0, 0, 0, 0, 0, 0, 0, 0, 0, 0, 0, 0, 0, 0, 0, 0, 0, 0, 0, 0, 0, 0, 0, 0, 0, 0, 0, 0, 0, 0, 0, 0, 0, 0, 0, 0, 0, 0, 0, 0, 0, 0, 0, 0, 0, 0, 0, 0, 0, 0, 0, 0, 0, 0, 0, 0, 0, 0, 0, 0, 0, 0, 0, 0, 0, 0, 0, 0, 0, 0, 0, 0, 0, 0, 0, 0, 0, 0, 0, 0, 0, 0, 0, 0, 0, 0, 0, 0, 0, 0, 0, 0, 0, 0, 0, 0, 0, 0, 0, 0, 0, 0, 0, 0, 0, 0, 0, 0, 0, 0, 0, 0, 0, 0, 0, 0, 0, 0, 0, 0, 0, 0, 0, 0, 0, 0, 0, 0, 0, 0, 0, 0, 0, 0, 0, 0, 0, 0, 0, 0, 0, 0, 0, 0, 0, 0, 0, 0, 0, 0, 0, 0, 0, 0, 0, 0, 0, 0, 0, 0, 0, 0, 0, 0, 0, 0, 0, 0, 0, 0, 0, 0, 0, 0, 0, 0, 0, 0, 0, 0, 0, 0, 0, 0, 0, 0, 0, 0, 0, 0, 0, 0, 0, 0, 0, 0, 0, 0, 0, 0, 0, 0, 0, 0, 0, 0, 0, 0, 0, 0, 0, 0, 0, 0, 0, 0, 0, 0, 0, 0, 0, 0, 0, 0, 0, 0, 0, 0, 0, 0, 0, 0, 0, 0, 0, 0, 0, 0, 0, 0, 0, 0, 0, 0, 0, 0, 0, 0, 0, 0, 0, 0, 0, 0, 0, 0, 0, 0, 0, 0, 0, 0, 0, 0, 0, 0, 0, 0, 0, 0, 0, 0, 0, 0, 0, 0, 0, 0, 0, 0, 0, 0, 0, 0, 0, 0, 0, 0, 0, 0, 0, 0, 0, 0, 0, 0, 0, 0, 0, 0, 0, 0, 0, 0, 0, 0, 0, 0, 0, 0, 0, 0, 0, 0, 0, 0, 0, 0, 0, 0, 0, 0, 0, 0, 0, 0, 0, 0, 0, 0, 0, 0, 0, 0, 0, 0, 0, 0, 0, 0, 0, 0, 0, 0, 0, 0, 0, 0, 0, 0, 0, 0, 0, 0, 0, 0, 0, 0, 0, 0, 0, 0, 0, 0, 0, 0, 0, 0, 0, 0, 0, 0, 0, 0, 0, 0, 0, 0, 0, 0, 0, 0, 0, 0, 0, 0, 0, 0, 0, 0, 0, 0, 0, 0, 0, 0, 0, 0, 0]",0.0,"[0.0, 0.0, 0.0, 0.0, 0.0, 0.0, 0.0, 0.0, 0.0, 0.0, 0.0, 0.0, 0.0, 0.0, 0.0, 0.0, 0.0, 0.0, 0.0, 0.0, 0.0, 0.0, 0.0, 0.0, 0.0, 0.0, 0.0, 0.0, 0.0, 0.0, 0.0, 0.0, 0.0, 0.0, 0.0, 0.0, 0.0, 0.0, 0.0, 0.0, 0.0, 0.0, 0.0, 0.0, 0.0, 0.0, 0.0, 0.0, 0.0, 0.0, 0.0, 0.0, 0.0, 0.0, 0.0, 0.0, 0.0, 0.0, 0.0, 0.0, 0.0, 0.0, 0.0, 0.0, 0.0, 0.0, 0.0, 0.0, 0.0, 0.0, 0.0, 0.0, 0.0, 0.0, 0.0, 0.0, 0.0, 0.0, 0.0, 0.0, 0.0, 0.0, 0.0, 0.0, 0.0, 0.0, 0.0, 0.0, 0.0, 0.0, 0.0, 0.0, 0.0, 0.0, 0.0, 0.0, 0.0, 0.0, 0.0, 0.0, 0.0, 0.0, 0.0, 0.0, 0.0, 0.0, 0.0, 0.0, 0.0, 0.0, 0.0, 0.0, 0.0, 0.0, 0.0, 0.0, 0.0, 0.0, 0.0, 0.0, 0.0, 0.0, 0.0, 0.0, 0.0, 0.0, 0.0, 0.0, 0.0, 0.0, 0.0, 0.0, 0.0, 0.0, 0.0, 0.0, 0.0, 0.0, 0.0, 0.0, 0.0, 0.0, 0.0, 0.0, 0.0, 0.0, 0.0, 0.0, 0.0, 0.0, 0.0, 0.0, 0.0, 0.0, 0.0, 0.0, 0.0, 0.0, 0.0, 0.0, 0.0, 0.0, 0.0, 0.0, 0.0, 0.0, 0.0, 0.0, 0.0, 0.0, 0.0, 0.0, 0.0, 0.0, 0.0, 0.0, 0.0, 0.0, 0.0, 0.0, 0.0, 0.0, 0.0, 0.0, 0.0, 0.0, 0.0, 0.0, 0.0, 0.0, 0.0, 0.0, 0.0, 0.0, 0.0, 0.0, 0.0, 0.0, 0.0, 0.0, 0.0, 0.0, 0.0, 0.0, 0.0, 0.0, 0.0, 0.0, 0.0, 0.0, 0.0, 0.0, 0.0, 0.0, 0.0, 0.0, 0.0, 0.0, 0.0, 0.0, 0.0, 0.0, 0.0, 0.0, 0.0, 0.0, 0.0, 0.0, 0.0, 0.0, 0.0, 0.0, 0.0, 0.0, 0.0, 0.0, 0.0, 0.0, 0.0, 0.0, 0.0, 0.0, 0.0, 0.0, 0.0, 0.0, 0.0, 0.0, 0.0, 0.0, 0.0, 0.0, 0.0, 0.0, 0.0, 0.0, 0.0, 0.0, 0.0, 0.0, 0.0, 0.0, 0.0, 0.0, 0.0, 0.0, 0.0, 0.0, 0.0, 0.0, 0.0, 0.0, 0.0, 0.0, 0.0, 0.0, 0.0, 0.0, 0.0, 0.0, 0.0, 0.0, 0.0, 0.0, 0.0, 0.0, 0.0, 0.0, 0.0, 0.0, 0.0, 0.0, 0.0, 0.0, 0.0, 0.0, 0.0, 0.0, 0.0, 0.0, 0.0, 0.0, 0.0, 0.0, 0.0, 0.0, 0.0, 0.0, 0.0, 0.0, 0.0, 0.0, 0.0, 0.0, 0.0, 0.0, 0.0, 0.0, 0.0, 0.0, 0.0, 0.0, 0.0, 0.0, 0.0, 0.0, 0.0, 0.0, 0.0, 0.0, 0.0, 0.0, 0.0, 0.0, 0.0, 0.0, 0.0, 0.0, 0.0, 0.0, 0.0, 0.0, 0.0, 0.0, 0.0, 0.0, 0.0, 0.0, 0.0, 0.0, 0.0, 0.0, 0.0, 0.0, 0.0, 0.0, 0.0, 0.0, 0.0, 0.0, 0.0, 0.0, 0.0, 0.0, 0.0, 0.0, 0.0, 0.0, 0.0, 0.0, 0.0, 0.0, 0.0, 0.0, 0.0, 0.0, 0.0, 0.0, 0.0, 0.0, 0.0, 0.0, 0.0, 0.0, 0.0, 0.0, 0.0, 0.0, 0.0, 0.0, 0.0, 0.0, 0.0, 0.0, 0.0, 0.0, 0.0, 0.0, 0.0, 0.0, 0.0, 0.0, 0.0, 0.0, 0.0, 0.0, 0.0, 0.0, 0.0, 0.0, 0.0, 0.0, 0.0, 0.0, 0.0, 0.0, 0.0, 0.0, 0.0, 0.0, 0.0, 0.0, 0.0, 0.0, 0.0, 0.0, 0.0, 0.0, 0.0, 0.0, 0.0, 0.0, 0.0, 0.0, 0.0, 0.0, 0.0, 0.0, 0.0, 0.0, 0.0, 0.0, 0.0, 0.0, 0.0, 0.0, 0.0, 0.0, 0.0, 0.0, 0.0, 0.0, 0.0, 0.0, 0.0, 0.0, 0.0, 0.0, 0.0, 0.0, 0.0, 0.0, 0.0, 0.0, 0.0, 0.0, 0.0, 0.0, 0.0, 0.0]",0.5,0.5,0,"[0, 0, 0, 0, 0, 0, 0, 0, 0, 0, 0, 0, 0, 0, 0, 0, 0, 0, 0, 0, 0, 0, 0, 0, 0, 0, 0, 0, 0, 0, 0, 0, 0, 0, 0, 0, 0, 0, 0, 0, 0, 0, 0, 0, 0, 0, 0, 0, 0, 0, 0, 0, 0, 0, 0, 0, 0, 0, 0, 0, 0, 0, 0, 0, 0, 0, 0, 0, 0, 0, 0, 0, 0, 0, 0, 0, 0, 0, 0, 0, 0, 0, 0, 0, 0, 0, 0, 0, 0, 0, 0, 0, 0, 0, 0, 0, 0, 0, 0, 0, 0, 0, 0, 0, 0, 0, 0, 0, 0, 0, 0, 0, 0, 0, 0, 0, 0, 0, 0, 0, 0, 0, 0, 0, 0, 0, 0, 0, 0, 0, 0, 0, 0, 0, 0, 0, 0, 0, 0, 0, 0, 0, 0, 0, 0, 0, 0, 0, 0, 0, 0, 0, 0, 0, 0, 0, 0, 0, 0, 0, 0, 0, 0, 0, 0, 0, 0, 0, 0, 0, 0, 0, 0, 0, 0, 0, 0, 0, 0, 0, 0, 0, 0, 0, 0, 0, 0, 0, 0, 0, 0, 0, 0, 0, 0, 0, 0, 0, 0, 0, 0, 0, 0, 0, 0, 0, 0, 0, 0, 0, 0, 0, 0, 0, 0, 0, 0, 0, 0, 0, 0, 0, 0, 0, 0, 0, 0, 0, 0, 0, 0, 0, 0, 0, 0, 0, 0, 0, 0, 0, 0, 0, 0, 0, 0, 0, 0, 0, 0, 0, 0, 0, 0, 0, 0, 0, 0, 0, 0, 0, 0, 0, 0, 0, 0, 0, 0, 0, 0, 0, 0, 0, 0, 0, 0, 0, 0, 0, 0, 0, 0, 0, 0, 0, 0, 0, 0, 0, 0, 0, 0, 0, 0, 0, 0, 0, 0, 0, 0, 0, 0, 0, 0, 0, 0, 0, 0, 0, 0, 0, 0, 0, 0, 0, 0, 0, 0, 0, 0, 0, 0, 0, 0, 0, 0, 0, 0, 0, 0, 0, 0, 0, 0, 0, 0, 0, 0, 0, 0, 0, 0, 0, 0, 0, 0, 0, 0, 0, 0, 0, 0, 0, 0, 0, 0, 0, 0, 0, 0, 0, 0, 0, 0, 0, 0, 0, 0, 0, 0, 0, 0, 0, 0, 0, 0, 0, 0, 0, 0, 0, 0, 0, 0, 0, 0, 0, 0, 0, 0, 0, 0, 0, 0, 0, 0, 0, 0, 0, 0, 0, 0, 0, 0, 0, 0, 0, 0, 0, 0, 0, 0, 0, 0, 0, 0, 0, 0, 0, 0, 0, 0, 0, 0, 0, 0, 0, 0, 0, 0, 0, 0, 0, 0, 0, 0, 0, 0, 0, 0, 0, 0, 0, 0, 0, 0, 0, 0, 0, 0, 0, 0, 0, 0, 0, 0, 0, 0, 0, 0, 0, 0, 0, 0, 0, 0, 0, 0, 0, 0, 0]",470,"[0.5378271341323853, 0.417848140001297, 0.4127187430858612, 2.1133947372436523, 0.537634551525116, 0.5371655225753784, 1.2872194051742554, 1.0195711851119995, 1.760004997253418, 0.642289936542511, 0.4177030324935913, 0.8323566913604736, 1.5948739051818848, 1.6307374238967896, 1.215464472770691, 1.9917008876800537, 0.45724838972091675, 2.2549691200256348, 0.737529993057251, 1.491341233253479, 1.0363200902938843, 0.5451376438140869, 0.513094961643219, 0.44527357816696167, 2.054342269897461, 0.5988487601280212, 0.7759499549865723, 0.5009459853172302, 0.4562150239944458, 1.3147344589233398, 0.41974326968193054, 0.5152761936187744, 0.6021764278411865, 0.5062680244445801, 0.4912669360637665, 0.9955348968505859, 0.855771005153656, 0.40971943736076355, 0.49503248929977417, 0.6311617493629456, 1.445671796798706, 1.223280668258667, 1.6649584770202637, 1.2770404815673828, 1.5737301111221313, 0.5482147336006165, 0.6384068131446838, 0.4552622139453888, 0.5545404553413391, 0.7049246430397034, 1.9330084323883057, 0.7371886968612671, 0.6256288290023804, 2.057264804840088, 0.4138046205043793, 0.40768542885780334, 0.5722730159759521, 0.6408013105392456, 0.6675344109535217, 0.5527593493461609, 0.5433416962623596, 0.4259360134601593, 0.922789990901947, 1.1534868478775024, 0.4935697317123413, 1.8319036960601807, 1.9974216222763062, 2.129166603088379, 0.4224793314933777, 2.0161292552948, 0.9466876983642578, 0.45780935883522034, 0.751006007194519, 0.4865957498550415, 2.001042127609253, 0.5847051739692688, 0.5044593214988708, 0.4073125720024109, 0.875458300113678, 0.5228209495544434, 1.08735191822052, 1.6658662557601929, 0.5350863933563232, 0.6180452108383179, 0.4212612807750702, 1.0136686563491821, 2.0366508960723877, 1.7392685413360596, 1.1059825420379639, 0.5449524521827698, 1.1455926895141602, 1.081861972808838, 0.6865569353103638, 0.6003579497337341, 1.9562143087387085, 0.5035772323608398, 0.4143393337726593, 2.069746971130371, 0.4783894717693329, 0.6997085809707642, 0.4073141813278198, 0.5204343199729919, 0.41671818494796753, 0.40792006254196167, 1.1924127340316772, 0.7242660522460938, 1.1975843906402588, 1.8073055744171143, 0.6807019114494324, 1.1730059385299683, 1.3645045757293701, 2.393186569213867, 0.5185012221336365, 1.3525607585906982, 0.9739552140235901, 0.43274742364883423, 1.5543828010559082, 0.8073118329048157, 0.4675486385822296, 0.4717375934123993, 1.151572346687317, 0.692379355430603, 0.7137620449066162, 0.7684683203697205, 0.5377377271652222, 0.4203333258628845, 1.191023826599121, 2.519488573074341, 0.7076734304428101, 0.4665796160697937, 1.1411025524139404, 0.4520413875579834, 0.4723672866821289, 1.0341405868530273, 0.408909410238266, 0.41010624170303345, 0.8518432378768921, 0.6669174432754517, 0.5287179350852966, 0.44817230105400085, 1.1810742616653442, 0.4552702307701111, 0.8279111981391907, 0.47264230251312256, 0.4640291631221771, 0.6151790022850037, 1.1851134300231934, 1.9005622863769531, 0.489450067281723, 0.7896257638931274, 0.47743797302246094, 0.5444347858428955, 0.45220768451690674, 1.6306300163269043, 0.6302425861358643, 0.7009506225585938, 0.568340003490448, 0.8454260230064392, 1.5965925455093384, 1.906752586364746, 0.49282073974609375, 0.42400091886520386, 0.5471903085708618, 0.8809660077095032, 0.8586891293525696, 0.45619457960128784, 0.5684798955917358, 1.1007311344146729, 0.8025305271148682, 0.4655399024486542, 0.40738755464553833, 1.04019033908844, 1.085098385810852, 1.0423728227615356, 0.42069026827812195, 0.8283500671386719, 0.4749320149421692, 0.4381842017173767, 0.40778905153274536, 0.507903516292572, 0.41551026701927185, 1.5440917015075684, 0.4911527633666992, 1.2687665224075317, 0.4073176681995392, 0.7836586833000183, 0.8936904668807983, 0.4265871047973633, 0.49299851059913635, 1.505700945854187, 0.7114099860191345, 0.8170427083969116, 0.5622758865356445, 0.6951637268066406, 1.540818691253662, 2.7663800716400146, 0.4088772237300873, 1.6720671653747559, 0.5118056535720825, 2.05985164642334, 0.5348345041275024, 0.45123758912086487, 1.0701557397842407, 0.44687896966934204, 1.855360984802246, 0.7502138614654541, 1.0414295196533203, 1.1747169494628906, 1.048556923866272, 0.4198511242866516, 0.5289726853370667, 0.5106232166290283, 0.4396745562553406, 0.4677709937095642, 0.9862338900566101, 0.40855270624160767, 0.40795841813087463, 0.6372848749160767, 0.6297901272773743, 0.7746137976646423, 1.029126524925232, 0.5478041768074036, 0.4160981774330139, 1.2447282075881958, 0.9408791065216064, 0.4073249399662018, 0.44324108958244324, 0.412800133228302, 1.2471444606781006, 0.6183496117591858, 0.4675682783126831, 0.6402176022529602, 0.9336787462234497, 1.4160157442092896, 1.8735988140106201, 0.9071774482727051, 1.1704007387161255, 0.4099782109260559, 0.44239941239356995, 1.5091699361801147, 1.6341174840927124, 0.40929490327835083, 0.4231247007846832, 0.4088592529296875, 0.5105623006820679, 0.6822875738143921, 1.1954938173294067, 0.42912015318870544, 1.468495488166809, 0.40993401408195496, 0.84742271900177, 0.4206617772579193, 0.4206843674182892, 0.4668520987033844, 1.2830172777175903, 2.788381576538086, 2.321254253387451, 1.4449876546859741, 2.1146717071533203, 0.4386243522167206, 0.41825801134109497, 0.5411603450775146, 0.41553208231925964, 0.617895245552063, 0.5416110754013062, 1.2267358303070068, 0.7373821139335632, 1.0423904657363892, 0.7399070858955383, 0.41657283902168274, 1.943000316619873, 1.4464482069015503, 0.45477095246315, 0.6431858539581299, 0.598243236541748, 0.8173295855522156, 0.5307056307792664, 0.4114181101322174, 0.8073903918266296, 0.4077363610267639, 0.41159114241600037, 0.5384483933448792, 0.5380688309669495, 0.5691651701927185, 2.4621689319610596, 0.41490018367767334, 1.1825666427612305, 1.156783938407898, 2.362320899963379, 1.0413596630096436, 0.7202072739601135, 1.0122952461242676, 0.41835203766822815, 0.574871838092804, 1.0681320428848267, 0.5264827609062195, 0.7194241285324097, 1.8494035005569458, 0.6510214805603027, 0.41052570939064026, 0.4536115229129791, 2.270857810974121, 0.48542606830596924, 0.99397873878479, 0.9139758348464966, 0.44363006949424744, 0.8803842663764954, 0.6018035411834717, 1.4373576641082764, 0.5835995674133301, 0.5760343670845032, 1.9904440641403198, 1.098558783531189, 0.7969812154769897, 0.662595272064209, 0.5270580053329468, 1.2378871440887451, 1.0374563932418823, 1.0682426691055298, 0.4101210832595825, 1.2137882709503174, 0.61710524559021, 0.4084320366382599, 0.7996466159820557, 0.40739715099334717, 0.4903324544429779, 1.6632179021835327, 0.6317623853683472, 0.7529013156890869, 0.44628772139549255, 1.3069952726364136, 0.5134656429290771, 1.324262261390686, 1.1552927494049072, 0.4074808955192566, 0.806783139705658, 0.9530550241470337, 1.6460325717926025, 0.8481982946395874, 0.5290022492408752, 1.5122289657592773, 0.4147129952907562, 0.4091924726963043, 0.7212921977043152, 0.4080381393432617, 0.4958632290363312, 0.9064064025878906, 1.6008738279342651, 0.6265413761138916, 1.4548225402832031, 0.9506606459617615, 0.451987087726593, 0.4208529591560364, 0.9319393634796143, 1.7306629419326782, 1.4854120016098022, 0.5471037030220032, 2.2485740184783936, 0.7602653503417969, 0.6445400714874268, 0.7925472259521484, 0.6171084046363831, 0.5748021602630615, 1.6520191431045532, 0.48307475447654724, 0.6473304629325867, 1.4809635877609253, 0.5671644806861877, 0.5282381176948547, 0.4812606871128082, 0.6055431962013245, 0.9381370544433594, 1.0467060804367065, 0.7285717725753784, 0.8423405289649963, 0.8971569538116455, 0.6148076057434082, 0.5065099596977234, 0.5460864305496216, 1.4994815587997437, 0.883408784866333, 0.640444278717041, 0.4075366258621216, 0.41212791204452515, 0.4088389575481415, 0.6697288751602173, 0.41177794337272644, 1.4173954725265503, 1.5381317138671875, 0.6446227431297302, 0.7192915081977844, 0.5228917598724365, 0.461920827627182, 1.0771564245224, 0.43073371052742004, 1.0492557287216187, 0.4194049537181854, 1.2875511646270752, 0.7311131358146667, 0.43559834361076355, 0.4351484775543213, 0.828366756439209, 1.4984303712844849, 1.133266806602478, 1.3577100038528442, 1.2771670818328857, 0.46703097224235535, 0.5009050965309143, 0.8895146250724792, 1.165615439414978, 0.4155539572238922, 0.5045666098594666, 0.6797337532043457, 0.7925512194633484, 0.42311903834342957, 0.4162124991416931, 0.9722126722335815, 0.4090220630168915, 0.9005494713783264, 2.3305954933166504, 0.828101396560669, 0.40744590759277344, 0.5417145490646362, 0.40724998712539673, 0.5047920346260071, 0.4074435532093048, 0.40733373165130615, 0.4229933023452759, 0.7281685471534729, 0.4253140389919281, 0.4115740954875946, 0.4911043643951416, 1.849725604057312, 0.7427546977996826, 0.9372718334197998, 1.4505542516708374, 0.862822949886322, 1.5233781337738037, 0.4180111289024353, 0.9650299549102783, 0.43966782093048096, 0.5495947003364563, 0.4392542243003845, 0.5060474276542664, 0.4392601251602173, 0.9834164381027222, 0.42871227860450745, 0.4405473470687866, 0.41253525018692017, 0.5550191402435303, 0.5640654563903809, 2.0632107257843018, 0.6691539883613586, 0.4186207056045532, 0.7112154364585876, 0.40972110629081726, 0.49065136909484863, 0.9871231317520142, 0.4438389539718628, 0.5851694345474243, 0.45139434933662415, 0.465470552444458, 1.1969345808029175, 0.8700082302093506, 2.800691843032837, 0.7581903338432312, 1.5297116041183472, 0.8845838308334351, 1.7990132570266724, 1.008941411972046]",0.0,"[0.0, 0.0, 0.0, 0.0, 0.0, 0.0, 0.0, 0.0, 0.0, 0.0, 0.0, 0.0, 0.0, 0.0, 0.0, 0.0, 0.0, 0.0, 0.0, 0.0, 0.0, 0.0, 0.0, 0.0, 0.0, 0.0, 0.0, 0.0, 0.0, 0.0, 0.0, 0.0, 0.0, 0.0, 0.0, 0.0, 0.0, 0.0, 0.0, 0.0, 0.0, 0.0, 0.0, 0.0, 0.0, 0.0, 0.0, 0.0, 0.0, 0.0, 0.0, 0.0, 0.0, 0.0, 0.0, 0.0, 0.0, 0.0, 0.0, 0.0, 0.0, 0.0, 0.0, 0.0, 0.0, 0.0, 0.0, 0.0, 0.0, 0.0, 0.0, 0.0, 0.0, 0.0, 0.0, 0.0, 0.0, 0.0, 0.0, 0.0, 0.0, 0.0, 0.0, 0.0, 0.0, 0.0, 0.0, 0.0, 0.0, 0.0, 0.0, 0.0, 0.0, 0.0, 0.0, 0.0, 0.0, 0.0, 0.0, 0.0, 0.0, 0.0, 0.0, 0.0, 0.0, 0.0, 0.0, 0.0, 0.0, 0.0, 0.0, 0.0, 0.0, 0.0, 0.0, 0.0, 0.0, 0.0, 0.0, 0.0, 0.0, 0.0, 0.0, 0.0, 0.0, 0.0, 0.0, 0.0, 0.0, 0.0, 0.0, 0.0, 0.0, 0.0, 0.0, 0.0, 0.0, 0.0, 0.0, 0.0, 0.0, 0.0, 0.0, 0.0, 0.0, 0.0, 0.0, 0.0, 0.0, 0.0, 0.0, 0.0, 0.0, 0.0, 0.0, 0.0, 0.0, 0.0, 0.0, 0.0, 0.0, 0.0, 0.0, 0.0, 0.0, 0.0, 0.0, 0.0, 0.0, 0.0, 0.0, 0.0, 0.0, 0.0, 0.0, 0.0, 0.0, 0.0, 0.0, 0.0, 0.0, 0.0, 0.0, 0.0, 0.0, 0.0, 0.0, 0.0, 0.0, 0.0, 0.0, 0.0, 0.0, 0.0, 0.0, 0.0, 0.0, 0.0, 0.0, 0.0, 0.0, 0.0, 0.0, 0.0, 0.0, 0.0, 0.0, 0.0, 0.0, 0.0, 0.0, 0.0, 0.0, 0.0, 0.0, 0.0, 0.0, 0.0, 0.0, 0.0, 0.0, 0.0, 0.0, 0.0, 0.0, 0.0, 0.0, 0.0, 0.0, 0.0, 0.0, 0.0, 0.0, 0.0, 0.0, 0.0, 0.0, 0.0, 0.0, 0.0, 0.0, 0.0, 0.0, 0.0, 0.0, 0.0, 0.0, 0.0, 0.0, 0.0, 0.0, 0.0, 0.0, 0.0, 0.0, 0.0, 0.0, 0.0, 0.0, 0.0, 0.0, 0.0, 0.0, 0.0, 0.0, 0.0, 0.0, 0.0, 0.0, 0.0, 0.0, 0.0, 0.0, 0.0, 0.0, 0.0, 0.0, 0.0, 0.0, 0.0, 0.0, 0.0, 0.0, 0.0, 0.0, 0.0, 0.0, 0.0, 0.0, 0.0, 0.0, 0.0, 0.0, 0.0, 0.0, 0.0, 0.0, 0.0, 0.0, 0.0, 0.0, 0.0, 0.0, 0.0, 0.0, 0.0, 0.0, 0.0, 0.0, 0.0, 0.0, 0.0, 0.0, 0.0, 0.0, 0.0, 0.0, 0.0, 0.0, 0.0, 0.0, 0.0, 0.0, 0.0, 0.0, 0.0, 0.0, 0.0, 0.0, 0.0, 0.0, 0.0, 0.0, 0.0, 0.0, 0.0, 0.0, 0.0, 0.0, 0.0, 0.0, 0.0, 0.0, 0.0, 0.0, 0.0, 0.0, 0.0, 0.0, 0.0, 0.0, 0.0, 0.0, 0.0, 0.0, 0.0, 0.0, 0.0, 0.0, 0.0, 0.0, 0.0, 0.0, 0.0, 0.0, 0.0, 0.0, 0.0, 0.0, 0.0, 0.0, 0.0, 0.0, 0.0, 0.0, 0.0, 0.0, 0.0, 0.0, 0.0, 0.0, 0.0, 0.0, 0.0, 0.0, 0.0, 0.0, 0.0, 0.0, 0.0, 0.0, 0.0, 0.0, 0.0, 0.0, 0.0, 0.0, 0.0, 0.0, 0.0, 0.0, 0.0, 0.0, 0.0, 0.0, 0.0, 0.0, 0.0, 0.0, 0.0, 0.0, 0.0, 0.0, 0.0, 0.0, 0.0, 0.0, 0.0, 0.0, 0.0, 0.0, 0.0, 0.0, 0.0, 0.0, 0.0, 0.0, 0.0, 0.0, 0.0, 0.0, 0.0, 0.0, 0.0, 0.0, 0.0, 0.0, 0.0, 0.0, 0.0, 0.0, 0.0, 0.0, 0.0, 0.0, 0.0, 0.0, 0.0, 0.0, 0.0, 0.0, 0.0, 0.0, 0.0, 0.0, 0.0, 0.0, 0.0, 0.0, 0.0, 0.0, 0.0, 0.0, 0.0, 0.0, 0.0, 0.0, 0.0, 0.0, 0.0]",COMPLETE
