,number,value,datetime_start,datetime_complete,duration,params_batch_size_scaler,params_constant_learning_rate,params_depth,params_epochs,params_kernel_l2,params_num_trees,params_temperature,user_attrs_accuracy_test,user_attrs_accuracy_valid,user_attrs_approximate_feature_sparsity,user_attrs_approximate_feature_sparsity_history,user_attrs_approximate_weight_sparsity,user_attrs_approximate_weight_sparsity_history,user_attrs_auc_test,user_attrs_auc_valid,user_attrs_feature_sparsity,user_attrs_feature_sparsity_history,user_attrs_num_epochs,user_attrs_val_loss_history,user_attrs_weight_sparsity,user_attrs_weight_sparsity_history,state
99,99,0.5,2024-08-31 04:47:39.132042,2024-08-31 04:55:15.351158,0 days 00:07:36.219116,1,0.4205113196161776,4,345,0.07119096209324931,99,0.09610930775456511,0.859,0.85875,0,"[0, 0, 0, 0, 0, 0, 0, 0, 0, 0, 0, 0, 0, 0, 0, 0, 0, 0, 0, 0, 0, 0, 0, 0, 0, 0, 0, 0, 0, 0, 0, 0, 0, 0, 0, 0, 0, 0, 0, 0, 0, 0, 0, 0, 0, 0, 0, 0, 0, 0, 0, 0, 0, 0, 0, 0, 0, 0, 0, 0, 0, 0, 0, 0, 0, 0, 0, 0, 0, 0, 0, 0, 0, 0, 0, 0, 0, 0, 0, 0, 0, 0, 0, 0, 0, 0, 0, 0, 0, 0, 0, 0, 0, 0, 0, 0, 0, 0, 0, 0, 0, 0, 0, 0, 0, 0, 0, 0, 0, 0, 0, 0, 0, 0, 0, 0, 0, 0, 0, 0, 0, 0, 0, 0, 0, 0, 0, 0, 0, 0, 0, 0, 0, 0, 0, 0, 0, 0, 0, 0, 0, 0, 0, 0, 0, 0, 0, 0, 0, 0, 0, 0, 0, 0, 0, 0, 0, 0, 0, 0, 0, 0, 0, 0, 0, 0, 0, 0, 0, 0, 0, 0, 0, 0, 0, 0, 0, 0, 0, 0, 0, 0, 0, 0, 0, 0, 0, 0, 0, 0, 0, 0, 0, 0, 0, 0, 0, 0, 0, 0, 0, 0, 0, 0, 0, 0, 0, 0, 0, 0, 0, 0, 0, 0, 0, 0, 0, 0, 0, 0, 0, 0, 0, 0, 0, 0, 0, 0, 0, 0, 0, 0, 0, 0, 0, 0, 0, 0, 0, 0, 0, 0, 0, 0, 0, 0, 0, 0, 0, 0, 0, 0, 0, 0, 0, 0, 0, 0, 0, 0, 0, 0, 0, 0, 0, 0, 0, 0, 0, 0, 0, 0, 0, 0, 0, 0, 0, 0, 0, 0, 0, 0, 0, 0, 0, 0, 0, 0, 0, 0, 0, 0, 0, 0, 0, 0, 0, 0, 0, 0, 0, 0, 0, 0, 0, 0, 0, 0, 0, 0, 0, 0, 0, 0, 0, 0, 0, 0, 0, 0, 0, 0, 0, 0, 0, 0, 0, 0, 0, 0, 0, 0, 0, 0, 0, 0, 0, 0, 0, 0, 0, 0, 0, 0, 0]",0.0,"[0.0, 0.0, 0.0, 0.0, 0.0, 0.0, 0.0, 0.0, 0.0, 0.0, 0.0, 0.0, 0.0, 0.0, 0.0, 0.0, 0.0, 0.0, 0.0, 0.0, 0.0, 0.0, 0.0, 0.0, 0.0, 0.0, 0.0, 0.0, 0.0, 0.0, 0.0, 0.0, 0.0, 0.0, 0.0, 0.0, 0.0, 0.0, 0.0, 0.0, 0.0, 0.0, 0.0, 0.0, 0.0, 0.0, 0.0, 0.0, 0.0, 0.0, 0.0, 0.0, 0.0, 0.0, 0.0, 0.0, 0.0, 0.0, 0.0, 0.0, 0.0, 0.0, 0.0, 0.0, 0.0, 0.0, 0.0, 0.0, 0.0, 0.0, 0.0, 0.0, 0.0, 0.0, 0.0, 0.0, 0.0, 0.0, 0.0, 0.0, 0.0, 0.0, 0.0, 0.0, 0.0, 0.0, 0.0, 0.0, 0.0, 0.0, 0.0, 0.0, 0.0, 0.0, 0.0, 0.0, 0.0, 0.0, 0.0, 0.0, 0.0, 0.0, 0.0, 0.0, 0.0, 0.0, 0.0, 0.0, 0.0, 0.0, 0.0, 0.0, 0.0, 0.0, 0.0, 0.0, 0.0, 0.0, 0.0, 0.0, 0.0, 0.0, 0.0, 0.0, 0.0, 0.0, 0.0, 0.0, 0.0, 0.0, 0.0, 0.0, 0.0, 0.0, 0.0, 0.0, 0.0, 0.0, 0.0, 0.0, 0.0, 0.0, 0.0, 0.0, 0.0, 0.0, 0.0, 0.0, 0.0, 0.0, 0.0, 0.0, 0.0, 0.0, 0.0, 0.0, 0.0, 0.0, 0.0, 0.0, 0.0, 0.0, 0.0, 0.0, 0.0, 0.0, 0.0, 0.0, 0.0, 0.0, 0.0, 0.0, 0.0, 0.0, 0.0, 0.0, 0.0, 0.0, 0.0, 0.0, 0.0, 0.0, 0.0, 0.0, 0.0, 0.0, 0.0, 0.0, 0.0, 0.0, 0.0, 0.0, 0.0, 0.0, 0.0, 0.0, 0.0, 0.0, 0.0, 0.0, 0.0, 0.0, 0.0, 0.0, 0.0, 0.0, 0.0, 0.0, 0.0, 0.0, 0.0, 0.0, 0.0, 0.0, 0.0, 0.0, 0.0, 0.0, 0.0, 0.0, 0.0, 0.0, 0.0, 0.0, 0.0, 0.0, 0.0, 0.0, 0.0, 0.0, 0.0, 0.0, 0.0, 0.0, 0.0, 0.0, 0.0, 0.0, 0.0, 0.0, 0.0, 0.0, 0.0, 0.0, 0.0, 0.0, 0.0, 0.0, 0.0, 0.0, 0.0, 0.0, 0.0, 0.0, 0.0, 0.0, 0.0, 0.0, 0.0, 0.0, 0.0, 0.0, 0.0, 0.0, 0.0, 0.0, 0.0, 0.0, 0.0, 0.0, 0.0, 0.0, 0.0, 0.0, 0.0, 0.0, 0.0, 0.0, 0.0, 0.0, 0.0, 0.0, 0.0, 0.0, 0.0, 0.0, 0.0, 0.0, 0.0, 0.0, 0.0, 0.0, 0.0, 0.0, 0.0, 0.0, 0.0, 0.0, 0.0, 0.0, 0.0, 0.0, 0.0, 0.0, 0.0, 0.0, 0.0, 0.0, 0.0, 0.0, 0.0, 0.0, 0.0, 0.0, 0.0, 0.0, 0.0, 0.0, 0.0, 0.0, 0.0, 0.0, 0.0, 0.0, 0.0, 0.0, 0.0, 0.0, 0.0, 0.0, 0.0, 0.0, 0.0, 0.0, 0.0, 0.0, 0.0, 0.0, 0.0, 0.0, 0.0, 0.0, 0.0, 0.0, 0.0]",0.5,0.5,0,"[0, 0, 0, 0, 0, 0, 0, 0, 0, 0, 0, 0, 0, 0, 0, 0, 0, 0, 0, 0, 0, 0, 0, 0, 0, 0, 0, 0, 0, 0, 0, 0, 0, 0, 0, 0, 0, 0, 0, 0, 0, 0, 0, 0, 0, 0, 0, 0, 0, 0, 0, 0, 0, 0, 0, 0, 0, 0, 0, 0, 0, 0, 0, 0, 0, 0, 0, 0, 0, 0, 0, 0, 0, 0, 0, 0, 0, 0, 0, 0, 0, 0, 0, 0, 0, 0, 0, 0, 0, 0, 0, 0, 0, 0, 0, 0, 0, 0, 0, 0, 0, 0, 0, 0, 0, 0, 0, 0, 0, 0, 0, 0, 0, 0, 0, 0, 0, 0, 0, 0, 0, 0, 0, 0, 0, 0, 0, 0, 0, 0, 0, 0, 0, 0, 0, 0, 0, 0, 0, 0, 0, 0, 0, 0, 0, 0, 0, 0, 0, 0, 0, 0, 0, 0, 0, 0, 0, 0, 0, 0, 0, 0, 0, 0, 0, 0, 0, 0, 0, 0, 0, 0, 0, 0, 0, 0, 0, 0, 0, 0, 0, 0, 0, 0, 0, 0, 0, 0, 0, 0, 0, 0, 0, 0, 0, 0, 0, 0, 0, 0, 0, 0, 0, 0, 0, 0, 0, 0, 0, 0, 0, 0, 0, 0, 0, 0, 0, 0, 0, 0, 0, 0, 0, 0, 0, 0, 0, 0, 0, 0, 0, 0, 0, 0, 0, 0, 0, 0, 0, 0, 0, 0, 0, 0, 0, 0, 0, 0, 0, 0, 0, 0, 0, 0, 0, 0, 0, 0, 0, 0, 0, 0, 0, 0, 0, 0, 0, 0, 0, 0, 0, 0, 0, 0, 0, 0, 0, 0, 0, 0, 0, 0, 0, 0, 0, 0, 0, 0, 0, 0, 0, 0, 0, 0, 0, 0, 0, 0, 0, 0, 0, 0, 0, 0, 0, 0, 0, 0, 0, 0, 0, 0, 0, 0, 0, 0, 0, 0, 0, 0, 0, 0, 0, 0, 0, 0, 0, 0, 0, 0, 0, 0, 0, 0, 0, 0, 0, 0, 0, 0, 0, 0, 0, 0, 0]",345,"[0.4316387474536896, 0.4072268009185791, 0.4180116653442383, 0.43626564741134644, 0.41203004121780396, 0.41561758518218994, 0.4949311912059784, 0.42264384031295776, 0.41053304076194763, 0.430174320936203, 0.4713934063911438, 0.4118783175945282, 0.40916281938552856, 0.42073559761047363, 0.40722939372062683, 0.41187262535095215, 0.4294990599155426, 0.4126318097114563, 0.4072299301624298, 0.4160401225090027, 0.4283003509044647, 0.42259231209754944, 0.4115976095199585, 0.41645801067352295, 0.4331144094467163, 0.5283755660057068, 0.41357266902923584, 0.4130796492099762, 0.40817004442214966, 0.41036903858184814, 0.41217589378356934, 0.4140393137931824, 0.4097418487071991, 0.4642004370689392, 0.4155191481113434, 0.4102010428905487, 0.4512917399406433, 0.4468367397785187, 0.42305290699005127, 0.4086589515209198, 0.4154641628265381, 0.4305485188961029, 0.42978763580322266, 0.4327941834926605, 0.41754940152168274, 0.40841278433799744, 0.41849738359451294, 0.4256465435028076, 0.536332368850708, 0.4101252853870392, 0.40729451179504395, 0.44877398014068604, 0.41276493668556213, 0.41128644347190857, 0.4076465964317322, 0.43839192390441895, 0.4894012212753296, 0.4096800684928894, 0.41516974568367004, 0.4291583001613617, 0.40735846757888794, 0.40723851323127747, 0.410437673330307, 0.41663432121276855, 0.4255322515964508, 0.4073711037635803, 0.4624806344509125, 0.4072524309158325, 0.41598811745643616, 0.4148423671722412, 0.40965738892555237, 0.41636157035827637, 0.40864062309265137, 0.40769314765930176, 0.40722742676734924, 0.41074836254119873, 0.40724509954452515, 0.4340832233428955, 0.4235299825668335, 0.4371384382247925, 0.40729185938835144, 0.4123235046863556, 0.4118878245353699, 0.41559749841690063, 0.4159717261791229, 0.4072677493095398, 0.41042301058769226, 0.42014867067337036, 0.41476961970329285, 0.4079420864582062, 0.4072263836860657, 0.41223108768463135, 0.40727347135543823, 0.4199220538139343, 0.4156913459300995, 0.4311465919017792, 0.45850276947021484, 0.4346392750740051, 0.41549229621887207, 0.41627487540245056, 0.4102948009967804, 0.4112565517425537, 0.4077221155166626, 0.426706999540329, 0.4263576567173004, 0.41195282340049744, 0.4290340542793274, 0.4138569235801697, 0.4079032242298126, 0.4076562523841858, 0.40756747126579285, 0.41184085607528687, 0.4077388644218445, 0.46607765555381775, 0.42513081431388855, 0.41635483503341675, 0.4285663962364197, 0.4072774052619934, 0.40737420320510864, 0.43823280930519104, 0.4388973116874695, 0.40932998061180115, 0.4088806211948395, 0.4269286096096039, 0.4225207269191742, 0.41060057282447815, 0.4073759913444519, 0.4116731286048889, 0.4100145101547241, 0.4187367260456085, 0.4355084300041199, 0.4427267014980316, 0.41799628734588623, 0.4076889753341675, 0.41164231300354004, 0.410756915807724, 0.40846335887908936, 0.4081735908985138, 0.4351825714111328, 0.41183266043663025, 0.4240150451660156, 0.42160752415657043, 0.4315160810947418, 0.4224551320075989, 0.40730246901512146, 0.4075451195240021, 0.45921093225479126, 0.4686735272407532, 0.40771687030792236, 0.41448742151260376, 0.4163624942302704, 0.40736842155456543, 0.4185713827610016, 0.4152972400188446, 0.4214690327644348, 0.4074045419692993, 0.4079872965812683, 0.410439670085907, 0.43025845289230347, 0.41568049788475037, 0.41660767793655396, 0.4129103720188141, 0.40902942419052124, 0.4077329933643341, 0.40788185596466064, 0.4103446304798126, 0.4185420274734497, 0.41895565390586853, 0.4116438031196594, 0.40759581327438354, 0.4128936529159546, 0.40946105122566223, 0.40782222151756287, 0.4159572124481201, 0.4139644503593445, 0.4340900480747223, 0.40778204798698425, 0.4128658175468445, 0.4522240459918976, 0.4076460897922516, 0.4309144914150238, 0.41044875979423523, 0.41864174604415894, 0.40722617506980896, 0.4194125831127167, 0.40728628635406494, 0.4255087971687317, 0.42649805545806885, 0.40775543451309204, 0.41598397493362427, 0.40724050998687744, 0.4167018234729767, 0.4072701632976532, 0.4188914895057678, 0.4270307421684265, 0.42430686950683594, 0.42016682028770447, 0.4190016984939575, 0.41180136799812317, 0.42183560132980347, 0.40736448764801025, 0.46960917115211487, 0.43340861797332764, 0.43269672989845276, 0.4291016459465027, 0.43857476115226746, 0.4124400019645691, 0.4097210168838501, 0.41137370467185974, 0.4600296914577484, 0.40820252895355225, 0.4140435755252838, 0.42003265023231506, 0.42883551120758057, 0.41079723834991455, 0.40867507457733154, 0.407438188791275, 0.4097808599472046, 0.4223797917366028, 0.43471062183380127, 0.4128985106945038, 0.41133540868759155, 0.40736711025238037, 0.415118932723999, 0.4161951541900635, 0.40735331177711487, 0.40747952461242676, 0.4072321355342865, 0.40795227885246277, 0.4280453026294708, 0.4076565206050873, 0.4114780128002167, 0.41051921248435974, 0.42641520500183105, 0.4191533327102661, 0.4157273471355438, 0.4302719533443451, 0.409541517496109, 0.41116082668304443, 0.4072294235229492, 0.426418274641037, 0.421219140291214, 0.4073614776134491, 0.43208035826683044, 0.4118618369102478, 0.40744397044181824, 0.41134271025657654, 0.4074302017688751, 0.41832980513572693, 0.4324039816856384, 0.41809409856796265, 0.4222176671028137, 0.4162317216396332, 0.4114675223827362, 0.4136596620082855, 0.4426344633102417, 0.5443041920661926, 0.4072738587856293, 0.4125956594944, 0.4375959634780884, 0.41384997963905334, 0.41620776057243347, 0.44183850288391113, 0.41477397084236145, 0.4075483977794647, 0.41119584441185, 0.44269832968711853, 0.4085226058959961, 0.40861213207244873, 0.40881097316741943, 0.41149768233299255, 0.4286244213581085, 0.4114564061164856, 0.44871386885643005, 0.40916985273361206, 0.40739327669143677, 0.4116021990776062, 0.4072379171848297, 0.4180818498134613, 0.4073842763900757, 0.4074617326259613, 0.4622577726840973, 0.4117247462272644, 0.408598929643631, 0.4439917802810669, 0.4261016845703125, 0.41174548864364624, 0.43686893582344055, 0.4222216308116913, 0.4095827341079712, 0.42000922560691833, 0.42412975430488586, 0.41670340299606323, 0.40760013461112976, 0.42659109830856323, 0.4489280581474304, 0.4115370512008667, 0.4115096926689148, 0.4316214621067047, 0.4072951376438141, 0.4342287480831146, 0.46771714091300964, 0.40959876775741577, 0.41187405586242676, 0.42237523198127747, 0.46308791637420654, 0.407230406999588, 0.41258758306503296, 0.41667354106903076, 0.4391605854034424, 0.40840357542037964, 0.4072543978691101, 0.41151291131973267, 0.40739575028419495, 0.4296717345714569, 0.4072277843952179, 0.4096851646900177, 0.41927990317344666, 0.4081381857395172, 0.407369464635849, 0.4190608561038971, 0.4141397476196289, 0.4164353907108307, 0.40959247946739197, 0.4879440665245056, 0.40723538398742676, 0.4072291851043701, 0.41250839829444885, 0.45765507221221924, 0.41298919916152954, 0.4158093333244324, 0.43852096796035767, 0.4445660412311554, 0.44288256764411926, 0.4379940927028656, 0.41677191853523254, 0.4338420033454895, 0.41833117604255676, 0.48834311962127686, 0.4072284698486328, 0.42760735750198364, 0.42107832431793213, 0.4074472486972809, 0.4086736738681793, 0.42953285574913025]",0.0,"[0.0, 0.0, 0.0, 0.0, 0.0, 0.0, 0.0, 0.0, 0.0, 0.0, 0.0, 0.0, 0.0, 0.0, 0.0, 0.0, 0.0, 0.0, 0.0, 0.0, 0.0, 0.0, 0.0, 0.0, 0.0, 0.0, 0.0, 0.0, 0.0, 0.0, 0.0, 0.0, 0.0, 0.0, 0.0, 0.0, 0.0, 0.0, 0.0, 0.0, 0.0, 0.0, 0.0, 0.0, 0.0, 0.0, 0.0, 0.0, 0.0, 0.0, 0.0, 0.0, 0.0, 0.0, 0.0, 0.0, 0.0, 0.0, 0.0, 0.0, 0.0, 0.0, 0.0, 0.0, 0.0, 0.0, 0.0, 0.0, 0.0, 0.0, 0.0, 0.0, 0.0, 0.0, 0.0, 0.0, 0.0, 0.0, 0.0, 0.0, 0.0, 0.0, 0.0, 0.0, 0.0, 0.0, 0.0, 0.0, 0.0, 0.0, 0.0, 0.0, 0.0, 0.0, 0.0, 0.0, 0.0, 0.0, 0.0, 0.0, 0.0, 0.0, 0.0, 0.0, 0.0, 0.0, 0.0, 0.0, 0.0, 0.0, 0.0, 0.0, 0.0, 0.0, 0.0, 0.0, 0.0, 0.0, 0.0, 0.0, 0.0, 0.0, 0.0, 0.0, 0.0, 0.0, 0.0, 0.0, 0.0, 0.0, 0.0, 0.0, 0.0, 0.0, 0.0, 0.0, 0.0, 0.0, 0.0, 0.0, 0.0, 0.0, 0.0, 0.0, 0.0, 0.0, 0.0, 0.0, 0.0, 0.0, 0.0, 0.0, 0.0, 0.0, 0.0, 0.0, 0.0, 0.0, 0.0, 0.0, 0.0, 0.0, 0.0, 0.0, 0.0, 0.0, 0.0, 0.0, 0.0, 0.0, 0.0, 0.0, 0.0, 0.0, 0.0, 0.0, 0.0, 0.0, 0.0, 0.0, 0.0, 0.0, 0.0, 0.0, 0.0, 0.0, 0.0, 0.0, 0.0, 0.0, 0.0, 0.0, 0.0, 0.0, 0.0, 0.0, 0.0, 0.0, 0.0, 0.0, 0.0, 0.0, 0.0, 0.0, 0.0, 0.0, 0.0, 0.0, 0.0, 0.0, 0.0, 0.0, 0.0, 0.0, 0.0, 0.0, 0.0, 0.0, 0.0, 0.0, 0.0, 0.0, 0.0, 0.0, 0.0, 0.0, 0.0, 0.0, 0.0, 0.0, 0.0, 0.0, 0.0, 0.0, 0.0, 0.0, 0.0, 0.0, 0.0, 0.0, 0.0, 0.0, 0.0, 0.0, 0.0, 0.0, 0.0, 0.0, 0.0, 0.0, 0.0, 0.0, 0.0, 0.0, 0.0, 0.0, 0.0, 0.0, 0.0, 0.0, 0.0, 0.0, 0.0, 0.0, 0.0, 0.0, 0.0, 0.0, 0.0, 0.0, 0.0, 0.0, 0.0, 0.0, 0.0, 0.0, 0.0, 0.0, 0.0, 0.0, 0.0, 0.0, 0.0, 0.0, 0.0, 0.0, 0.0, 0.0, 0.0, 0.0, 0.0, 0.0, 0.0, 0.0, 0.0, 0.0, 0.0, 0.0, 0.0, 0.0, 0.0, 0.0, 0.0, 0.0, 0.0, 0.0, 0.0, 0.0, 0.0, 0.0, 0.0, 0.0, 0.0, 0.0, 0.0, 0.0, 0.0, 0.0, 0.0, 0.0, 0.0, 0.0, 0.0, 0.0, 0.0, 0.0, 0.0, 0.0, 0.0, 0.0, 0.0, 0.0, 0.0, 0.0, 0.0, 0.0, 0.0, 0.0, 0.0, 0.0, 0.0, 0.0, 0.0, 0.0, 0.0]",COMPLETE
100,100,0.9382205562210973,2024-08-31 04:55:15.387187,2024-08-31 04:55:59.177460,0 days 00:00:43.790273,4,2.2144644295809854,3,125,0.06733025661038564,59,0.00021237199156195227,0.95,0.95875,12,"[33, 33, 33, 33, 33, 33, 33, 30, 30, 27, 25, 24, 23, 23, 23, 23, 23, 23, 23, 23, 22, 22, 21, 21, 20, 20, 20, 20, 20, 20, 20, 20, 20, 19, 19, 19, 19, 19, 19, 19, 19, 19, 19, 19, 19, 19, 19, 19, 18, 18, 18, 18, 18, 17, 14, 14, 14, 14, 14, 14, 14, 14, 14, 14, 14, 14, 14, 14, 14, 14, 14, 14, 14, 14, 14, 14, 14, 14, 14, 14, 14, 14, 14, 14, 14, 14, 14, 14, 14, 13, 13, 13, 13, 13, 13, 13, 13, 12, 12, 12, 12, 12, 12, 12, 12, 12, 12, 12, 12, 12, 12, 12, 12, 12, 12, 12, 12, 12, 12, 12, 12, 12, 12, 12, 12]",11.811138014527845,"[32.978208232445525, 32.95157384987893, 32.97094430992736, 32.9636803874092, 32.961259079903144, 32.97578692493947, 32.97094430992736, 29.968523002421307, 29.966101694915253, 26.966101694915253, 24.983050847457626, 23.98547215496368, 22.980629539951572, 22.968523002421307, 22.975786924939467, 22.983050847457626, 22.966101694915253, 22.973365617433412, 22.980629539951572, 22.966101694915253, 21.978208232445517, 21.966101694915253, 20.98547215496368, 20.983050847457626, 19.98547215496368, 19.980629539951572, 19.983050847457626, 19.966101694915253, 19.97094430992736, 19.973365617433412, 19.983050847457626, 19.968523002421307, 19.975786924939467, 18.987893462469735, 18.98547215496368, 18.963680387409198, 18.973365617433412, 18.96852300242131, 18.968523002421307, 18.968523002421307, 18.963680387409198, 18.975786924939463, 18.968523002421307, 18.966101694915253, 18.9636803874092, 18.951573849878933, 18.939467312348672, 18.956416464891042, 17.97094430992736, 17.951573849878937, 17.939467312348672, 17.958837772397096, 17.951573849878933, 16.968523002421307, 13.973365617433414, 13.980629539951572, 13.966101694915254, 13.975786924939467, 13.980629539951574, 13.966101694915254, 13.966101694915253, 13.973365617433414, 13.9636803874092, 13.970944309927361, 13.953995157384988, 13.9636803874092, 13.937046004842614, 13.934624697336561, 13.937046004842614, 13.929782082324456, 13.953995157384988, 13.94915254237288, 13.934624697336563, 13.941888619854723, 13.93462469733656, 13.958837772397095, 13.944309927360775, 13.905569007263923, 13.920096852300242, 13.939467312348668, 13.934624697336563, 13.934624697336563, 13.932203389830509, 13.92009685230024, 13.937046004842614, 13.91767554479419, 13.903147699757868, 13.91041162227603, 13.878934624697335, 12.924939467312347, 12.944309927360774, 12.924939467312349, 12.907990314769977, 12.91041162227603, 12.920096852300244, 12.924939467312347, 12.90314769975787, 11.900726392251816, 11.93462469733656, 11.922518159806295, 11.907990314769975, 11.912832929782082, 11.898305084745763, 11.878934624697337, 11.89588377723971, 11.907990314769975, 11.91041162227603, 11.886198547215496, 11.87409200968523, 11.883777239709442, 11.87409200968523, 11.878934624697337, 11.871670702179177, 11.869249394673124, 11.854721549636803, 11.857142857142858, 11.85956416464891, 11.845036319612593, 11.842615012106535, 11.857142857142856, 11.876513317191284, 11.823244552058112, 11.857142857142858, 11.811138014527845, 11.811138014527845]",0.9247764595150224,0.9382205562210973,12,"[33, 33, 33, 33, 33, 33, 33, 30, 30, 27, 25, 24, 23, 23, 23, 23, 23, 23, 23, 23, 22, 22, 21, 21, 20, 20, 20, 20, 20, 20, 20, 20, 20, 19, 19, 19, 19, 19, 19, 19, 19, 19, 19, 19, 19, 19, 19, 19, 18, 18, 18, 18, 18, 17, 14, 14, 14, 14, 14, 14, 14, 14, 14, 14, 14, 14, 14, 14, 14, 14, 14, 14, 14, 14, 14, 14, 14, 14, 14, 14, 14, 14, 14, 14, 14, 14, 14, 14, 14, 13, 13, 13, 13, 13, 13, 13, 13, 12, 12, 12, 12, 12, 12, 12, 12, 12, 12, 12, 12, 12, 12, 12, 12, 12, 12, 12, 12, 12, 12, 12, 12, 12, 12, 12, 12]",125,"[1.7984565496444702, 0.31193703413009644, 0.5154487490653992, 1.8270325660705566, 0.921799898147583, 0.33573397994041443, 0.23953217267990112, 0.3744560480117798, 0.21913748979568481, 0.3488951027393341, 0.22224834561347961, 0.4340786039829254, 0.21065083146095276, 0.23839062452316284, 0.24297654628753662, 0.2273561656475067, 0.2088717669248581, 0.1956152319908142, 0.2574254274368286, 0.20728710293769836, 0.20428332686424255, 0.1937996745109558, 0.18856988847255707, 0.3610161542892456, 0.19339220225811005, 0.22960132360458374, 0.19211675226688385, 0.24676266312599182, 0.20058292150497437, 0.18143576383590698, 0.17201527953147888, 0.2450581192970276, 0.21080707013607025, 0.2733566164970398, 0.1820380538702011, 0.31262803077697754, 0.18000343441963196, 0.17191313207149506, 0.17029640078544617, 0.20319627225399017, 0.18412718176841736, 0.24638283252716064, 0.21394136548042297, 0.16485635936260223, 0.15761609375476837, 0.17057861387729645, 0.22770962119102478, 0.18525366485118866, 0.19709131121635437, 0.1700109839439392, 0.2101309448480606, 0.1697346717119217, 0.1786845177412033, 0.16593244671821594, 0.19656166434288025, 0.20135068893432617, 0.3184833526611328, 0.18507975339889526, 0.19069215655326843, 0.19902019202709198, 0.2052055150270462, 0.1956457495689392, 0.18919576704502106, 0.19128607213497162, 0.21583782136440277, 0.23425300419330597, 0.18954776227474213, 0.1839752346277237, 0.2459183931350708, 0.18053509294986725, 0.18508455157279968, 0.19813305139541626, 0.20670312643051147, 0.22130316495895386, 0.2906588613986969, 0.3413577675819397, 0.22533443570137024, 0.1989521086215973, 0.24460211396217346, 0.17540079355239868, 0.1823543757200241, 0.19316963851451874, 0.18168511986732483, 0.18945616483688354, 0.3159228563308716, 0.26742541790008545, 0.1798258274793625, 0.19066160917282104, 0.1946023553609848, 0.21263103187084198, 0.19855010509490967, 0.2066906988620758, 0.18867479264736176, 0.19994999468326569, 0.2210625857114792, 0.21034681797027588, 0.17572735249996185, 0.21147611737251282, 0.19180215895175934, 0.18441082537174225, 0.4935467541217804, 0.1877385675907135, 0.2431446611881256, 0.18674176931381226, 0.25921308994293213, 0.19411461055278778, 0.19136939942836761, 0.22674594819545746, 0.25162655115127563, 0.20108114182949066, 0.5219936966896057, 0.29196250438690186, 0.18906909227371216, 0.23049046099185944, 0.23989835381507874, 0.2650477886199951, 0.20371633768081665, 0.19217076897621155, 0.21121767163276672, 0.20658466219902039, 0.3212250769138336, 0.18931518495082855, 0.18622323870658875, 0.19548553228378296, 0.18248935043811798]",12.0,"[33.0, 33.0, 33.0, 33.0, 33.0, 33.0, 33.0, 30.0, 30.0, 27.0, 25.0, 24.0, 23.0, 23.0, 23.0, 23.0, 23.0, 23.0, 23.0, 23.0, 22.0, 22.0, 21.0, 21.0, 20.0, 20.0, 20.0, 20.0, 20.0, 20.0, 20.0, 20.0, 20.0, 19.0, 19.0, 19.0, 19.0, 19.0, 19.0, 19.0, 19.0, 19.0, 19.0, 19.0, 19.0, 19.0, 19.0, 19.0, 18.0, 18.0, 18.0, 18.0, 18.0, 17.0, 14.0, 14.0, 14.0, 14.0, 14.0, 14.0, 14.0, 14.0, 14.0, 14.0, 14.0, 14.0, 14.0, 14.0, 14.0, 14.0, 14.0, 14.0, 14.0, 14.0, 14.0, 14.0, 14.0, 14.0, 14.0, 14.0, 14.0, 14.0, 14.0, 14.0, 14.0, 14.0, 14.0, 14.0, 14.0, 13.0, 13.0, 13.0, 13.0, 13.0, 13.0, 13.0, 13.0, 12.0, 12.0, 12.0, 12.0, 12.0, 12.0, 12.0, 12.0, 12.0, 12.0, 12.0, 12.0, 12.0, 12.0, 12.0, 12.0, 12.0, 12.0, 12.0, 12.0, 12.0, 12.0, 12.0, 12.0, 12.0, 12.0, 12.0, 12.0]",COMPLETE
101,101,0.7068503561721479,2024-08-31 04:56:02.047541,2024-08-31 04:56:11.927883,0 days 00:00:09.880342,16,3.413194252743748,2,25,0.009905718260979246,73,0.022210511116379172,0.867,0.8525,1,"[1, 1, 1, 1, 1, 1, 1, 1, 1, 1, 1, 1, 1, 1, 1, 1, 1, 1, 1, 1, 1, 1, 1, 1, 1]",1.0,"[1.0, 1.0, 1.0, 1.0, 1.0, 1.0, 1.0, 1.0, 1.0, 1.0, 1.0, 1.0, 1.0, 1.0, 1.0, 1.0, 1.0, 1.0, 1.0, 1.0, 1.0, 0.9954337899543378, 0.9954337899543378, 0.9954337899543378, 1.0]",0.6894376604826659,0.7068503561721479,1,"[1, 1, 1, 1, 1, 1, 1, 1, 1, 1, 1, 1, 1, 1, 1, 1, 1, 1, 1, 1, 1, 1, 1, 1, 1]",25,"[10.151074409484863, 11.617257118225098, 11.65045166015625, 2.533332347869873, 1.1565877199172974, 12.574673652648926, 1.7076338529586792, 5.967492580413818, 3.7185471057891846, 12.995311737060547, 14.550385475158691, 0.6427478790283203, 8.310702323913574, 9.526250839233398, 3.7432057857513428, 1.2285798788070679, 0.8072010278701782, 4.824299335479736, 8.285553932189941, 1.1985396146774292, 0.6230993866920471, 3.1084702014923096, 12.212306022644043, 1.3545550107955933, 0.8520147204399109]",1.0,"[1.0, 1.0, 1.0, 1.0, 1.0, 1.0, 1.0, 1.0, 1.0, 1.0, 1.0, 1.0, 1.0, 1.0, 1.0, 1.0, 1.0, 1.0, 1.0, 1.0, 1.0, 1.0, 1.0, 1.0, 1.0]",COMPLETE
