,number,value,datetime_start,datetime_complete,duration,params_batch_size_scaler,params_constant_learning_rate,params_depth,params_epochs,params_kernel_l2,params_num_trees,params_temperature,user_attrs_accuracy_test,user_attrs_accuracy_valid,user_attrs_approximate_feature_sparsity,user_attrs_approximate_feature_sparsity_history,user_attrs_approximate_weight_sparsity,user_attrs_approximate_weight_sparsity_history,user_attrs_auc_test,user_attrs_auc_valid,user_attrs_feature_sparsity,user_attrs_feature_sparsity_history,user_attrs_num_epochs,user_attrs_val_loss_history,user_attrs_weight_sparsity,user_attrs_weight_sparsity_history,state
136,136,0.5,2024-08-31 06:44:21.329839,2024-08-31 06:53:56.536007,0 days 00:09:35.206168,4,0.4236312214753172,5,480,0.005553761639316736,91,0.09416716507816737,0.859,0.85875,0,"[0, 0, 0, 0, 0, 0, 0, 0, 0, 0, 0, 0, 0, 0, 0, 0, 0, 0, 0, 0, 0, 0, 0, 0, 0, 0, 0, 0, 0, 0, 0, 0, 0, 0, 0, 0, 0, 0, 0, 0, 0, 0, 0, 0, 0, 0, 0, 0, 0, 0, 0, 0, 0, 0, 0, 0, 0, 0, 0, 0, 0, 0, 0, 0, 0, 0, 0, 0, 0, 0, 0, 0, 0, 0, 0, 0, 0, 0, 0, 0, 0, 0, 0, 0, 0, 0, 0, 0, 0, 0, 0, 0, 0, 0, 0, 0, 0, 0, 0, 0, 0, 0, 0, 0, 0, 0, 0, 0, 0, 0, 0, 0, 0, 0, 0, 0, 0, 0, 0, 0, 0, 0, 0, 0, 0, 0, 0, 0, 0, 0, 0, 0, 0, 0, 0, 0, 0, 0, 0, 0, 0, 0, 0, 0, 0, 0, 0, 0, 0, 0, 0, 0, 0, 0, 0, 0, 0, 0, 0, 0, 0, 0, 0, 0, 0, 0, 0, 0, 0, 0, 0, 0, 0, 0, 0, 0, 0, 0, 0, 0, 0, 0, 0, 0, 0, 0, 0, 0, 0, 0, 0, 0, 0, 0, 0, 0, 0, 0, 0, 0, 0, 0, 0, 0, 0, 0, 0, 0, 0, 0, 0, 0, 0, 0, 0, 0, 0, 0, 0, 0, 0, 0, 0, 0, 0, 0, 0, 0, 0, 0, 0, 0, 0, 0, 0, 0, 0, 0, 0, 0, 0, 0, 0, 0, 0, 0, 0, 0, 0, 0, 0, 0, 0, 0, 0, 0, 0, 0, 0, 0, 0, 0, 0, 0, 0, 0, 0, 0, 0, 0, 0, 0, 0, 0, 0, 0, 0, 0, 0, 0, 0, 0, 0, 0, 0, 0, 0, 0, 0, 0, 0, 0, 0, 0, 0, 0, 0, 0, 0, 0, 0, 0, 0, 0, 0, 0, 0, 0, 0, 0, 0, 0, 0, 0, 0, 0, 0, 0, 0, 0, 0, 0, 0, 0, 0, 0, 0, 0, 0, 0, 0, 0, 0, 0, 0, 0, 0, 0, 0, 0, 0, 0, 0, 0, 0, 0, 0, 0, 0, 0, 0, 0, 0, 0, 0, 0, 0, 0, 0, 0, 0, 0, 0, 0, 0, 0, 0, 0, 0, 0, 0, 0, 0, 0, 0, 0, 0, 0, 0, 0, 0, 0, 0, 0, 0, 0, 0, 0, 0, 0, 0, 0, 0, 0, 0, 0, 0, 0, 0, 0, 0, 0, 0, 0, 0, 0, 0, 0, 0, 0, 0, 0, 0, 0, 0, 0, 0, 0, 0, 0, 0, 0, 0, 0, 0, 0, 0, 0, 0, 0, 0, 0, 0, 0, 0, 0, 0, 0, 0, 0, 0, 0, 0, 0, 0, 0, 0, 0, 0, 0, 0, 0, 0, 0, 0, 0, 0, 0, 0, 0, 0, 0, 0, 0, 0, 0, 0, 0, 0, 0, 0, 0, 0, 0, 0, 0, 0, 0, 0, 0]",0.0,"[0.0, 0.0, 0.0, 0.0, 0.0, 0.0, 0.0, 0.0, 0.0, 0.0, 0.0, 0.0, 0.0, 0.0, 0.0, 0.0, 0.0, 0.0, 0.0, 0.0, 0.0, 0.0, 0.0, 0.0, 0.0, 0.0, 0.0, 0.0, 0.0, 0.0, 0.0, 0.0, 0.0, 0.0, 0.0, 0.0, 0.0, 0.0, 0.0, 0.0, 0.0, 0.0, 0.0, 0.0, 0.0, 0.0, 0.0, 0.0, 0.0, 0.0, 0.0, 0.0, 0.0, 0.0, 0.0, 0.0, 0.0, 0.0, 0.0, 0.0, 0.0, 0.0, 0.0, 0.0, 0.0, 0.0, 0.0, 0.0, 0.0, 0.0, 0.0, 0.0, 0.0, 0.0, 0.0, 0.0, 0.0, 0.0, 0.0, 0.0, 0.0, 0.0, 0.0, 0.0, 0.0, 0.0, 0.0, 0.0, 0.0, 0.0, 0.0, 0.0, 0.0, 0.0, 0.0, 0.0, 0.0, 0.0, 0.0, 0.0, 0.0, 0.0, 0.0, 0.0, 0.0, 0.0, 0.0, 0.0, 0.0, 0.0, 0.0, 0.0, 0.0, 0.0, 0.0, 0.0, 0.0, 0.0, 0.0, 0.0, 0.0, 0.0, 0.0, 0.0, 0.0, 0.0, 0.0, 0.0, 0.0, 0.0, 0.0, 0.0, 0.0, 0.0, 0.0, 0.0, 0.0, 0.0, 0.0, 0.0, 0.0, 0.0, 0.0, 0.0, 0.0, 0.0, 0.0, 0.0, 0.0, 0.0, 0.0, 0.0, 0.0, 0.0, 0.0, 0.0, 0.0, 0.0, 0.0, 0.0, 0.0, 0.0, 0.0, 0.0, 0.0, 0.0, 0.0, 0.0, 0.0, 0.0, 0.0, 0.0, 0.0, 0.0, 0.0, 0.0, 0.0, 0.0, 0.0, 0.0, 0.0, 0.0, 0.0, 0.0, 0.0, 0.0, 0.0, 0.0, 0.0, 0.0, 0.0, 0.0, 0.0, 0.0, 0.0, 0.0, 0.0, 0.0, 0.0, 0.0, 0.0, 0.0, 0.0, 0.0, 0.0, 0.0, 0.0, 0.0, 0.0, 0.0, 0.0, 0.0, 0.0, 0.0, 0.0, 0.0, 0.0, 0.0, 0.0, 0.0, 0.0, 0.0, 0.0, 0.0, 0.0, 0.0, 0.0, 0.0, 0.0, 0.0, 0.0, 0.0, 0.0, 0.0, 0.0, 0.0, 0.0, 0.0, 0.0, 0.0, 0.0, 0.0, 0.0, 0.0, 0.0, 0.0, 0.0, 0.0, 0.0, 0.0, 0.0, 0.0, 0.0, 0.0, 0.0, 0.0, 0.0, 0.0, 0.0, 0.0, 0.0, 0.0, 0.0, 0.0, 0.0, 0.0, 0.0, 0.0, 0.0, 0.0, 0.0, 0.0, 0.0, 0.0, 0.0, 0.0, 0.0, 0.0, 0.0, 0.0, 0.0, 0.0, 0.0, 0.0, 0.0, 0.0, 0.0, 0.0, 0.0, 0.0, 0.0, 0.0, 0.0, 0.0, 0.0, 0.0, 0.0, 0.0, 0.0, 0.0, 0.0, 0.0, 0.0, 0.0, 0.0, 0.0, 0.0, 0.0, 0.0, 0.0, 0.0, 0.0, 0.0, 0.0, 0.0, 0.0, 0.0, 0.0, 0.0, 0.0, 0.0, 0.0, 0.0, 0.0, 0.0, 0.0, 0.0, 0.0, 0.0, 0.0, 0.0, 0.0, 0.0, 0.0, 0.0, 0.0, 0.0, 0.0, 0.0, 0.0, 0.0, 0.0, 0.0, 0.0, 0.0, 0.0, 0.0, 0.0, 0.0, 0.0, 0.0, 0.0, 0.0, 0.0, 0.0, 0.0, 0.0, 0.0, 0.0, 0.0, 0.0, 0.0, 0.0, 0.0, 0.0, 0.0, 0.0, 0.0, 0.0, 0.0, 0.0, 0.0, 0.0, 0.0, 0.0, 0.0, 0.0, 0.0, 0.0, 0.0, 0.0, 0.0, 0.0, 0.0, 0.0, 0.0, 0.0, 0.0, 0.0, 0.0, 0.0, 0.0, 0.0, 0.0, 0.0, 0.0, 0.0, 0.0, 0.0, 0.0, 0.0, 0.0, 0.0, 0.0, 0.0, 0.0, 0.0, 0.0, 0.0, 0.0, 0.0, 0.0, 0.0, 0.0, 0.0, 0.0, 0.0, 0.0, 0.0, 0.0, 0.0, 0.0, 0.0, 0.0, 0.0, 0.0, 0.0, 0.0, 0.0, 0.0, 0.0, 0.0, 0.0, 0.0, 0.0, 0.0, 0.0, 0.0, 0.0, 0.0, 0.0, 0.0, 0.0, 0.0, 0.0, 0.0, 0.0, 0.0, 0.0, 0.0, 0.0, 0.0, 0.0, 0.0, 0.0, 0.0, 0.0, 0.0, 0.0, 0.0, 0.0, 0.0, 0.0, 0.0, 0.0, 0.0, 0.0, 0.0, 0.0, 0.0, 0.0, 0.0, 0.0, 0.0, 0.0, 0.0, 0.0, 0.0, 0.0, 0.0]",0.5,0.5,0,"[0, 0, 0, 0, 0, 0, 0, 0, 0, 0, 0, 0, 0, 0, 0, 0, 0, 0, 0, 0, 0, 0, 0, 0, 0, 0, 0, 0, 0, 0, 0, 0, 0, 0, 0, 0, 0, 0, 0, 0, 0, 0, 0, 0, 0, 0, 0, 0, 0, 0, 0, 0, 0, 0, 0, 0, 0, 0, 0, 0, 0, 0, 0, 0, 0, 0, 0, 0, 0, 0, 0, 0, 0, 0, 0, 0, 0, 0, 0, 0, 0, 0, 0, 0, 0, 0, 0, 0, 0, 0, 0, 0, 0, 0, 0, 0, 0, 0, 0, 0, 0, 0, 0, 0, 0, 0, 0, 0, 0, 0, 0, 0, 0, 0, 0, 0, 0, 0, 0, 0, 0, 0, 0, 0, 0, 0, 0, 0, 0, 0, 0, 0, 0, 0, 0, 0, 0, 0, 0, 0, 0, 0, 0, 0, 0, 0, 0, 0, 0, 0, 0, 0, 0, 0, 0, 0, 0, 0, 0, 0, 0, 0, 0, 0, 0, 0, 0, 0, 0, 0, 0, 0, 0, 0, 0, 0, 0, 0, 0, 0, 0, 0, 0, 0, 0, 0, 0, 0, 0, 0, 0, 0, 0, 0, 0, 0, 0, 0, 0, 0, 0, 0, 0, 0, 0, 0, 0, 0, 0, 0, 0, 0, 0, 0, 0, 0, 0, 0, 0, 0, 0, 0, 0, 0, 0, 0, 0, 0, 0, 0, 0, 0, 0, 0, 0, 0, 0, 0, 0, 0, 0, 0, 0, 0, 0, 0, 0, 0, 0, 0, 0, 0, 0, 0, 0, 0, 0, 0, 0, 0, 0, 0, 0, 0, 0, 0, 0, 0, 0, 0, 0, 0, 0, 0, 0, 0, 0, 0, 0, 0, 0, 0, 0, 0, 0, 0, 0, 0, 0, 0, 0, 0, 0, 0, 0, 0, 0, 0, 0, 0, 0, 0, 0, 0, 0, 0, 0, 0, 0, 0, 0, 0, 0, 0, 0, 0, 0, 0, 0, 0, 0, 0, 0, 0, 0, 0, 0, 0, 0, 0, 0, 0, 0, 0, 0, 0, 0, 0, 0, 0, 0, 0, 0, 0, 0, 0, 0, 0, 0, 0, 0, 0, 0, 0, 0, 0, 0, 0, 0, 0, 0, 0, 0, 0, 0, 0, 0, 0, 0, 0, 0, 0, 0, 0, 0, 0, 0, 0, 0, 0, 0, 0, 0, 0, 0, 0, 0, 0, 0, 0, 0, 0, 0, 0, 0, 0, 0, 0, 0, 0, 0, 0, 0, 0, 0, 0, 0, 0, 0, 0, 0, 0, 0, 0, 0, 0, 0, 0, 0, 0, 0, 0, 0, 0, 0, 0, 0, 0, 0, 0, 0, 0, 0, 0, 0, 0, 0, 0, 0, 0, 0, 0, 0, 0, 0, 0, 0, 0, 0, 0, 0, 0, 0, 0, 0, 0, 0, 0, 0, 0, 0, 0, 0, 0, 0, 0, 0, 0, 0, 0, 0, 0, 0, 0, 0, 0, 0, 0, 0, 0]",480,"[0.4110773801803589, 0.4089341461658478, 0.40754634141921997, 0.40780243277549744, 0.41289398074150085, 0.4082409739494324, 0.4072660207748413, 0.4093082547187805, 0.40769124031066895, 0.41123250126838684, 0.4077516198158264, 0.41091808676719666, 0.40815651416778564, 0.4089474081993103, 0.4081285893917084, 0.4079585671424866, 0.40726906061172485, 0.40722858905792236, 0.4092208743095398, 0.40952223539352417, 0.4081750214099884, 0.4072814881801605, 0.40726733207702637, 0.4082009792327881, 0.407332181930542, 0.4085712730884552, 0.40722987055778503, 0.40728405117988586, 0.41030824184417725, 0.40758955478668213, 0.414566308259964, 0.4072757959365845, 0.4079667627811432, 0.4124631881713867, 0.40859875082969666, 0.4119875431060791, 0.4072635769844055, 0.40738314390182495, 0.40772879123687744, 0.4074205756187439, 0.4172814190387726, 0.4078052043914795, 0.40728217363357544, 0.4107641577720642, 0.4074263870716095, 0.40724533796310425, 0.40899983048439026, 0.4083637297153473, 0.4073925018310547, 0.4086543619632721, 0.4072323739528656, 0.4074662923812866, 0.4123419523239136, 0.40822967886924744, 0.41638171672821045, 0.40790998935699463, 0.40722739696502686, 0.4107072949409485, 0.40722978115081787, 0.40728020668029785, 0.40926533937454224, 0.4080987572669983, 0.40742242336273193, 0.40858104825019836, 0.40731358528137207, 0.40726718306541443, 0.40843579173088074, 0.4072771370410919, 0.407552570104599, 0.4086048901081085, 0.40728050470352173, 0.40737879276275635, 0.40741366147994995, 0.4073367416858673, 0.4072825312614441, 0.4090135097503662, 0.4078569710254669, 0.4075556993484497, 0.40741822123527527, 0.40739718079566956, 0.40871143341064453, 0.4121183156967163, 0.40762531757354736, 0.4075920879840851, 0.40813490748405457, 0.40924620628356934, 0.40963536500930786, 0.4085676074028015, 0.40725594758987427, 0.4085198640823364, 0.40922287106513977, 0.40723443031311035, 0.40751004219055176, 0.40724506974220276, 0.4074573516845703, 0.40746909379959106, 0.4164651036262512, 0.40722760558128357, 0.4099443554878235, 0.40753883123397827, 0.4073854684829712, 0.4072626531124115, 0.4095505475997925, 0.4100881814956665, 0.4118613302707672, 0.4092293977737427, 0.40744149684906006, 0.4073799252510071, 0.40744033455848694, 0.4073881208896637, 0.40937769412994385, 0.4075523316860199, 0.4078640341758728, 0.4073432981967926, 0.4103344976902008, 0.4081343710422516, 0.40723878145217896, 0.40726035833358765, 0.4090500771999359, 0.40837037563323975, 0.4079253375530243, 0.4074360728263855, 0.4073406159877777, 0.4073728621006012, 0.4078471064567566, 0.408243328332901, 0.40859320759773254, 0.4120166003704071, 0.4081304669380188, 0.4115254282951355, 0.4099087119102478, 0.4072269797325134, 0.4084300100803375, 0.40814009308815, 0.40758010745048523, 0.4073491394519806, 0.4072692096233368, 0.4072290062904358, 0.40751853585243225, 0.4075203239917755, 0.4080703854560852, 0.4081355631351471, 0.4080764353275299, 0.4072752892971039, 0.4105018675327301, 0.40725812315940857, 0.40969252586364746, 0.4072372019290924, 0.40725356340408325, 0.41262608766555786, 0.40783271193504333, 0.4086380898952484, 0.4072303771972656, 0.4085141718387604, 0.40804973244667053, 0.4075959026813507, 0.4072897434234619, 0.40903544425964355, 0.41025394201278687, 0.4073489010334015, 0.40769436955451965, 0.40948477387428284, 0.41183704137802124, 0.40757519006729126, 0.4081059694290161, 0.4077015221118927, 0.40728795528411865, 0.40945956110954285, 0.40770789980888367, 0.4073602259159088, 0.4084799885749817, 0.4073735177516937, 0.40803804993629456, 0.4072261154651642, 0.40736687183380127, 0.40898939967155457, 0.40851399302482605, 0.4082688093185425, 0.40879300236701965, 0.4075670540332794, 0.4074248969554901, 0.40841034054756165, 0.41144534945487976, 0.4096311628818512, 0.40925246477127075, 0.4090021252632141, 0.4073001742362976, 0.407246470451355, 0.4090169668197632, 0.40947577357292175, 0.40788745880126953, 0.4089208245277405, 0.4087425172328949, 0.4072261154651642, 0.4073343276977539, 0.4072706699371338, 0.41004711389541626, 0.4079146087169647, 0.4072261452674866, 0.4078054428100586, 0.40739575028419495, 0.4073124825954437, 0.4075213372707367, 0.4073028266429901, 0.4073871970176697, 0.4077165722846985, 0.4116258919239044, 0.4075984060764313, 0.40867674350738525, 0.4123059809207916, 0.4103948175907135, 0.40729525685310364, 0.40724799036979675, 0.4075920879840851, 0.4075610041618347, 0.4072892367839813, 0.4073154032230377, 0.4131906032562256, 0.4088479280471802, 0.40742576122283936, 0.4075280427932739, 0.40732088685035706, 0.4072725176811218, 0.4075288474559784, 0.4117361307144165, 0.40792372822761536, 0.40855488181114197, 0.4091114103794098, 0.4078287184238434, 0.4072885513305664, 0.4072383940219879, 0.40816181898117065, 0.4095815420150757, 0.41079533100128174, 0.40723422169685364, 0.40810737013816833, 0.40832507610321045, 0.4082605838775635, 0.4074181616306305, 0.4082115888595581, 0.4072302579879761, 0.4080020487308502, 0.4077536463737488, 0.40726029872894287, 0.4072267413139343, 0.4081577956676483, 0.4101731479167938, 0.4083099365234375, 0.4085668623447418, 0.41180258989334106, 0.40725845098495483, 0.4072732925415039, 0.4096163809299469, 0.4074084758758545, 0.4084223210811615, 0.4072425365447998, 0.4072607159614563, 0.41047951579093933, 0.4072289764881134, 0.4073174297809601, 0.40741896629333496, 0.4093545079231262, 0.407234787940979, 0.4095477759838104, 0.4079892039299011, 0.4074607193470001, 0.4143931567668915, 0.40725186467170715, 0.40735313296318054, 0.41009199619293213, 0.4073866605758667, 0.4072630703449249, 0.40777820348739624, 0.41328853368759155, 0.40723463892936707, 0.40785980224609375, 0.4074662923812866, 0.4146401882171631, 0.4142504036426544, 0.4083380103111267, 0.4085521697998047, 0.40750065445899963, 0.40771007537841797, 0.40727198123931885, 0.40763336420059204, 0.4126679301261902, 0.4075753390789032, 0.4108160138130188, 0.41159823536872864, 0.4085453450679779, 0.40859177708625793, 0.40784838795661926, 0.40741580724716187, 0.4091235101222992, 0.40897950530052185, 0.4100695848464966, 0.4095596969127655, 0.41156205534935, 0.40730229020118713, 0.4095125198364258, 0.4090512990951538, 0.4080013334751129, 0.4081243574619293, 0.40821945667266846, 0.40756407380104065, 0.40884459018707275, 0.4088810682296753, 0.40722641348838806, 0.40723541378974915, 0.4080837368965149, 0.40929466485977173, 0.40725433826446533, 0.4109466075897217, 0.4099339544773102, 0.40723296999931335, 0.40865322947502136, 0.40859562158584595, 0.40988102555274963, 0.4083896577358246, 0.4077092409133911, 0.4096865952014923, 0.41106116771698, 0.4076749086380005, 0.40976661443710327, 0.41069942712783813, 0.411032110452652, 0.4072628915309906, 0.4080824553966522, 0.4077881872653961, 0.40874552726745605, 0.40726903080940247, 0.4085284173488617, 0.4084562361240387, 0.4072774052619934, 0.40827304124832153, 0.4072387218475342, 0.40750062465667725, 0.40886184573173523, 0.407293438911438, 0.40728023648262024, 0.4089813530445099, 0.4106309115886688, 0.41131532192230225, 0.40815794467926025, 0.4072439670562744, 0.4083581864833832, 0.4091314673423767, 0.4072355628013611, 0.40745389461517334, 0.407383531332016, 0.40991297364234924, 0.41057059168815613, 0.4080393612384796, 0.40742653608322144, 0.40732818841934204, 0.40738609433174133, 0.4075395464897156, 0.41207829117774963, 0.4074649512767792, 0.40843379497528076, 0.4097309410572052, 0.4076935946941376, 0.40752679109573364, 0.40724825859069824, 0.4072306156158447, 0.40773266553878784, 0.40737488865852356, 0.40724635124206543, 0.40817713737487793, 0.407573938369751, 0.4084606170654297, 0.4082059860229492, 0.40750443935394287, 0.40809836983680725, 0.4085770547389984, 0.40760576725006104, 0.40830910205841064, 0.4101773202419281, 0.4073389172554016, 0.4073745012283325, 0.40725308656692505, 0.40736690163612366, 0.4111541509628296, 0.4080296456813812, 0.4072307348251343, 0.4076874256134033, 0.4084013104438782, 0.4072817862033844, 0.4115059971809387, 0.40832680463790894, 0.4074806869029999, 0.4108867943286896, 0.4089643061161041, 0.4077926576137543, 0.4076487720012665, 0.4109266400337219, 0.4077768325805664, 0.40723559260368347, 0.4072639048099518, 0.40790799260139465, 0.40981602668762207, 0.4072277545928955, 0.4072314202785492, 0.40747135877609253, 0.40723931789398193, 0.4095381498336792, 0.4072318375110626, 0.4082399010658264, 0.4081059992313385, 0.4072979688644409, 0.4085339307785034, 0.4074854254722595, 0.40957504510879517, 0.40774595737457275, 0.40738144516944885, 0.4074512720108032, 0.4076947867870331, 0.40848836302757263, 0.4081561267375946, 0.409336119890213, 0.40723925828933716, 0.40781131386756897, 0.40722620487213135, 0.4082581698894501, 0.4072292745113373, 0.40747079253196716, 0.4091317653656006, 0.4083772301673889, 0.40729042887687683, 0.407911479473114, 0.40727901458740234, 0.40806880593299866, 0.41011759638786316, 0.4075046479701996, 0.40804803371429443, 0.4072778820991516, 0.4125957787036896, 0.40743693709373474, 0.41049328446388245, 0.41253426671028137, 0.40830233693122864, 0.4077187478542328, 0.4073360860347748, 0.40813717246055603, 0.4102173149585724, 0.40747806429862976, 0.40786412358283997, 0.4086157977581024, 0.4077095091342926, 0.40864479541778564, 0.4076903164386749, 0.4072566330432892, 0.4088905453681946, 0.40726712346076965, 0.4073464870452881, 0.40735894441604614, 0.40818455815315247, 0.4072575271129608, 0.40739715099334717, 0.4093209505081177, 0.4072282314300537, 0.410165399312973, 0.41180503368377686, 0.40727946162223816, 0.4098248779773712, 0.40796634554862976, 0.40825027227401733, 0.40731188654899597, 0.4072763919830322, 0.40884360671043396, 0.4100876748561859, 0.4090031683444977, 0.4091067612171173, 0.4100237786769867, 0.4073379933834076, 0.40779930353164673, 0.40725839138031006, 0.4089966118335724, 0.4076880216598511, 0.40746670961380005]",0.0,"[0.0, 0.0, 0.0, 0.0, 0.0, 0.0, 0.0, 0.0, 0.0, 0.0, 0.0, 0.0, 0.0, 0.0, 0.0, 0.0, 0.0, 0.0, 0.0, 0.0, 0.0, 0.0, 0.0, 0.0, 0.0, 0.0, 0.0, 0.0, 0.0, 0.0, 0.0, 0.0, 0.0, 0.0, 0.0, 0.0, 0.0, 0.0, 0.0, 0.0, 0.0, 0.0, 0.0, 0.0, 0.0, 0.0, 0.0, 0.0, 0.0, 0.0, 0.0, 0.0, 0.0, 0.0, 0.0, 0.0, 0.0, 0.0, 0.0, 0.0, 0.0, 0.0, 0.0, 0.0, 0.0, 0.0, 0.0, 0.0, 0.0, 0.0, 0.0, 0.0, 0.0, 0.0, 0.0, 0.0, 0.0, 0.0, 0.0, 0.0, 0.0, 0.0, 0.0, 0.0, 0.0, 0.0, 0.0, 0.0, 0.0, 0.0, 0.0, 0.0, 0.0, 0.0, 0.0, 0.0, 0.0, 0.0, 0.0, 0.0, 0.0, 0.0, 0.0, 0.0, 0.0, 0.0, 0.0, 0.0, 0.0, 0.0, 0.0, 0.0, 0.0, 0.0, 0.0, 0.0, 0.0, 0.0, 0.0, 0.0, 0.0, 0.0, 0.0, 0.0, 0.0, 0.0, 0.0, 0.0, 0.0, 0.0, 0.0, 0.0, 0.0, 0.0, 0.0, 0.0, 0.0, 0.0, 0.0, 0.0, 0.0, 0.0, 0.0, 0.0, 0.0, 0.0, 0.0, 0.0, 0.0, 0.0, 0.0, 0.0, 0.0, 0.0, 0.0, 0.0, 0.0, 0.0, 0.0, 0.0, 0.0, 0.0, 0.0, 0.0, 0.0, 0.0, 0.0, 0.0, 0.0, 0.0, 0.0, 0.0, 0.0, 0.0, 0.0, 0.0, 0.0, 0.0, 0.0, 0.0, 0.0, 0.0, 0.0, 0.0, 0.0, 0.0, 0.0, 0.0, 0.0, 0.0, 0.0, 0.0, 0.0, 0.0, 0.0, 0.0, 0.0, 0.0, 0.0, 0.0, 0.0, 0.0, 0.0, 0.0, 0.0, 0.0, 0.0, 0.0, 0.0, 0.0, 0.0, 0.0, 0.0, 0.0, 0.0, 0.0, 0.0, 0.0, 0.0, 0.0, 0.0, 0.0, 0.0, 0.0, 0.0, 0.0, 0.0, 0.0, 0.0, 0.0, 0.0, 0.0, 0.0, 0.0, 0.0, 0.0, 0.0, 0.0, 0.0, 0.0, 0.0, 0.0, 0.0, 0.0, 0.0, 0.0, 0.0, 0.0, 0.0, 0.0, 0.0, 0.0, 0.0, 0.0, 0.0, 0.0, 0.0, 0.0, 0.0, 0.0, 0.0, 0.0, 0.0, 0.0, 0.0, 0.0, 0.0, 0.0, 0.0, 0.0, 0.0, 0.0, 0.0, 0.0, 0.0, 0.0, 0.0, 0.0, 0.0, 0.0, 0.0, 0.0, 0.0, 0.0, 0.0, 0.0, 0.0, 0.0, 0.0, 0.0, 0.0, 0.0, 0.0, 0.0, 0.0, 0.0, 0.0, 0.0, 0.0, 0.0, 0.0, 0.0, 0.0, 0.0, 0.0, 0.0, 0.0, 0.0, 0.0, 0.0, 0.0, 0.0, 0.0, 0.0, 0.0, 0.0, 0.0, 0.0, 0.0, 0.0, 0.0, 0.0, 0.0, 0.0, 0.0, 0.0, 0.0, 0.0, 0.0, 0.0, 0.0, 0.0, 0.0, 0.0, 0.0, 0.0, 0.0, 0.0, 0.0, 0.0, 0.0, 0.0, 0.0, 0.0, 0.0, 0.0, 0.0, 0.0, 0.0, 0.0, 0.0, 0.0, 0.0, 0.0, 0.0, 0.0, 0.0, 0.0, 0.0, 0.0, 0.0, 0.0, 0.0, 0.0, 0.0, 0.0, 0.0, 0.0, 0.0, 0.0, 0.0, 0.0, 0.0, 0.0, 0.0, 0.0, 0.0, 0.0, 0.0, 0.0, 0.0, 0.0, 0.0, 0.0, 0.0, 0.0, 0.0, 0.0, 0.0, 0.0, 0.0, 0.0, 0.0, 0.0, 0.0, 0.0, 0.0, 0.0, 0.0, 0.0, 0.0, 0.0, 0.0, 0.0, 0.0, 0.0, 0.0, 0.0, 0.0, 0.0, 0.0, 0.0, 0.0, 0.0, 0.0, 0.0, 0.0, 0.0, 0.0, 0.0, 0.0, 0.0, 0.0, 0.0, 0.0, 0.0, 0.0, 0.0, 0.0, 0.0, 0.0, 0.0, 0.0, 0.0, 0.0, 0.0, 0.0, 0.0, 0.0, 0.0, 0.0, 0.0, 0.0, 0.0, 0.0, 0.0, 0.0, 0.0, 0.0, 0.0, 0.0, 0.0, 0.0, 0.0, 0.0, 0.0, 0.0, 0.0, 0.0, 0.0, 0.0, 0.0, 0.0, 0.0, 0.0, 0.0, 0.0, 0.0, 0.0, 0.0, 0.0, 0.0, 0.0, 0.0, 0.0, 0.0, 0.0, 0.0, 0.0, 0.0]",COMPLETE
137,137,0.5776815962695315,2024-08-31 06:54:00.830547,2024-08-31 06:54:30.577998,0 days 00:00:29.747451,64,0.011063762373063751,5,20,0.0028065565614599306,39,0.0006477248132728334,0.859,0.85875,33,"[33, 33, 33, 33, 33, 33, 33, 33, 33, 33, 33, 33, 33, 33, 33, 33, 33, 33, 33, 33]",32.94789081885856,"[32.94954507857734, 32.94954507857734, 32.950372208436725, 32.94954507857734, 32.94954507857734, 32.94871794871795, 32.94706368899917, 32.94458229942101, 32.94292803970223, 32.94458229942101, 32.94292803970224, 32.94210090984285, 32.944582299421015, 32.945409429280396, 32.94292803970223, 32.9454094292804, 32.950372208436725, 32.951199338296114, 32.94789081885856, 32.94789081885856]",0.6311974174159298,0.5776815962695315,33,"[33, 33, 33, 33, 33, 33, 33, 33, 33, 33, 33, 33, 33, 33, 33, 33, 33, 33, 33, 33]",20,"[0.6191996335983276, 0.6073610782623291, 0.59635329246521, 0.5863857269287109, 0.576299250125885, 0.5670506358146667, 0.5583087205886841, 0.5502452254295349, 0.5424740314483643, 0.5357579588890076, 0.529026985168457, 0.5227472186088562, 0.5167866349220276, 0.5114303827285767, 0.5062340497970581, 0.5012722611427307, 0.49645209312438965, 0.4919782280921936, 0.48790061473846436, 0.48421916365623474]",33.0,"[33.0, 33.0, 33.0, 33.0, 33.0, 33.0, 33.0, 33.0, 33.0, 33.0, 33.0, 33.0, 33.0, 33.0, 33.0, 33.0, 33.0, 33.0, 33.0, 33.0]",COMPLETE
