,number,value,datetime_start,datetime_complete,duration,params_batch_size_scaler,params_constant_learning_rate,params_depth,params_epochs,params_kernel_l2,params_num_trees,params_temperature,user_attrs_accuracy_test,user_attrs_accuracy_valid,user_attrs_approximate_feature_sparsity,user_attrs_approximate_feature_sparsity_history,user_attrs_approximate_weight_sparsity,user_attrs_approximate_weight_sparsity_history,user_attrs_auc_test,user_attrs_auc_valid,user_attrs_feature_sparsity,user_attrs_feature_sparsity_history,user_attrs_num_epochs,user_attrs_val_loss_history,user_attrs_weight_sparsity,user_attrs_weight_sparsity_history,state
22,22,0.5,2024-08-31 01:32:51.947339,2024-08-31 01:33:07.201317,0 days 00:00:15.253978,4,2.1506836781661605,3,65,0.2810979669267882,14,0.03392108899727186,0.859,0.85875,0,"[0, 0, 0, 0, 0, 0, 0, 0, 0, 0, 0, 0, 0, 0, 0, 0, 0, 0, 0, 0, 0, 0, 0, 0, 0, 0, 0, 0, 0, 0, 0, 0, 0, 0, 0, 0, 0, 0, 0, 0, 0, 0, 0, 0, 0, 0, 0, 0, 0, 0, 0, 0, 0, 0, 0, 0, 0, 0, 0, 0, 0, 0, 0, 0, 0]",0.0,"[0.0, 0.0, 0.0, 0.0, 0.0, 0.0, 0.0, 0.0, 0.0, 0.0, 0.0, 0.0, 0.0, 0.0, 0.0, 0.0, 0.0, 0.0, 0.0, 0.0, 0.0, 0.0, 0.0, 0.0, 0.0, 0.0, 0.0, 0.0, 0.0, 0.0, 0.0, 0.0, 0.0, 0.0, 0.0, 0.0, 0.0, 0.0, 0.0, 0.0, 0.0, 0.0, 0.0, 0.0, 0.0, 0.0, 0.0, 0.0, 0.0, 0.0, 0.0, 0.0, 0.0, 0.0, 0.0, 0.0, 0.0, 0.0, 0.0, 0.0, 0.0, 0.0, 0.0, 0.0, 0.0]",0.5,0.5,0,"[0, 0, 0, 0, 0, 0, 0, 0, 0, 0, 0, 0, 0, 0, 0, 0, 0, 0, 0, 0, 0, 0, 0, 0, 0, 0, 0, 0, 0, 0, 0, 0, 0, 0, 0, 0, 0, 0, 0, 0, 0, 0, 0, 0, 0, 0, 0, 0, 0, 0, 0, 0, 0, 0, 0, 0, 0, 0, 0, 0, 0, 0, 0, 0, 0]",65,"[0.41881096363067627, 0.4076327383518219, 0.4114261567592621, 0.4084364175796509, 0.4072704017162323, 0.41312775015830994, 0.4072417914867401, 0.4163573980331421, 0.4106447994709015, 0.40799519419670105, 0.40754440426826477, 0.4128684103488922, 0.4081079065799713, 0.40731924772262573, 0.4072277545928955, 0.43939369916915894, 0.42363083362579346, 0.40819287300109863, 0.4332108795642853, 0.41096895933151245, 0.41313931345939636, 0.41628241539001465, 0.40803730487823486, 0.41025081276893616, 0.40727224946022034, 0.41056549549102783, 0.41092318296432495, 0.4072267413139343, 0.4076648950576782, 0.4077470004558563, 0.4072268009185791, 0.40884503722190857, 0.41571491956710815, 0.4161909520626068, 0.4090365469455719, 0.407255619764328, 0.4082425832748413, 0.40827691555023193, 0.41042953729629517, 0.4149113893508911, 0.41534754633903503, 0.41103842854499817, 0.412181556224823, 0.43248650431632996, 0.40831252932548523, 0.4080759882926941, 0.4106083810329437, 0.4154914915561676, 0.42006954550743103, 0.40722888708114624, 0.40815573930740356, 0.4072294235229492, 0.4082077443599701, 0.41469115018844604, 0.40804699063301086, 0.4081994593143463, 0.40883541107177734, 0.4078550338745117, 0.415720134973526, 0.4146887958049774, 0.4180198609828949, 0.4199473559856415, 0.4438125193119049, 0.41068950295448303, 0.4080914258956909]",0.0,"[0.0, 0.0, 0.0, 0.0, 0.0, 0.0, 0.0, 0.0, 0.0, 0.0, 0.0, 0.0, 0.0, 0.0, 0.0, 0.0, 0.0, 0.0, 0.0, 0.0, 0.0, 0.0, 0.0, 0.0, 0.0, 0.0, 0.0, 0.0, 0.0, 0.0, 0.0, 0.0, 0.0, 0.0, 0.0, 0.0, 0.0, 0.0, 0.0, 0.0, 0.0, 0.0, 0.0, 0.0, 0.0, 0.0, 0.0, 0.0, 0.0, 0.0, 0.0, 0.0, 0.0, 0.0, 0.0, 0.0, 0.0, 0.0, 0.0, 0.0, 0.0, 0.0, 0.0, 0.0, 0.0]",COMPLETE
23,23,0.9311228761706021,2024-08-31 01:33:07.694145,2024-08-31 01:33:21.213345,0 days 00:00:13.519200,16,2.1445610665088126,1,140,0.00128693723996725,93,0.0003958906680174194,0.777,0.805,31,"[33, 33, 33, 33, 33, 33, 33, 33, 33, 33, 33, 33, 33, 33, 33, 33, 33, 33, 33, 32, 32, 32, 32, 31, 31, 31, 31, 31, 31, 31, 31, 31, 31, 31, 31, 31, 31, 31, 31, 31, 31, 31, 31, 31, 31, 31, 31, 31, 31, 31, 31, 31, 31, 31, 31, 31, 31, 31, 31, 31, 31, 31, 31, 31, 31, 31, 31, 31, 31, 31, 31, 31, 31, 31, 31, 31, 31, 31, 31, 31, 31, 31, 31, 31, 31, 31, 31, 31, 31, 31, 31, 31, 31, 31, 31, 31, 31, 31, 31, 31, 31, 31, 31, 31, 31, 31, 31, 31, 31, 31, 31, 31, 31, 31, 31, 31, 31, 31, 31, 31, 31, 31, 31, 31, 31, 31, 31, 31, 31, 31, 31, 31, 31, 31, 31, 31, 31, 31, 31, 31]",31.0,"[32.96774193548387, 32.96774193548387, 32.98924731182795, 32.98924731182795, 32.98924731182795, 32.98924731182795, 33.0, 33.0, 33.0, 32.98924731182795, 33.0, 32.98924731182795, 32.98924731182795, 32.98924731182795, 32.98924731182795, 32.97849462365591, 32.98924731182795, 32.98924731182795, 33.0, 32.0, 31.989247311827956, 31.978494623655912, 31.989247311827956, 31.0, 30.967741935483872, 31.0, 30.989247311827956, 30.989247311827956, 30.989247311827956, 31.0, 31.0, 31.0, 31.0, 30.989247311827956, 31.0, 31.0, 31.0, 30.989247311827956, 30.989247311827956, 30.978494623655912, 30.978494623655912, 31.0, 30.978494623655912, 31.0, 31.0, 30.989247311827956, 30.989247311827956, 31.0, 31.0, 31.0, 31.0, 30.989247311827956, 31.0, 31.0, 31.0, 30.989247311827956, 30.989247311827956, 31.0, 30.989247311827956, 31.0, 31.0, 31.0, 31.0, 31.0, 31.0, 31.0, 31.0, 30.989247311827956, 30.989247311827956, 31.0, 30.989247311827956, 31.0, 30.978494623655912, 30.989247311827956, 30.989247311827956, 30.989247311827956, 30.989247311827956, 31.0, 30.978494623655912, 30.989247311827956, 31.0, 31.0, 30.989247311827956, 30.989247311827956, 31.0, 30.989247311827956, 31.0, 31.0, 31.0, 31.0, 31.0, 30.989247311827956, 30.989247311827956, 30.989247311827956, 30.967741935483872, 30.989247311827956, 30.978494623655912, 31.0, 30.978494623655912, 31.0, 30.978494623655912, 30.978494623655912, 31.0, 30.989247311827956, 30.989247311827956, 30.989247311827956, 30.978494623655912, 30.989247311827956, 30.978494623655912, 31.0, 30.967741935483872, 30.978494623655912, 31.0, 30.967741935483872, 30.989247311827956, 31.0, 30.978494623655912, 30.978494623655912, 31.0, 31.0, 30.989247311827956, 31.0, 31.0, 31.0, 31.0, 30.978494623655912, 30.989247311827956, 30.989247311827956, 30.978494623655912, 30.967741935483872, 30.978494623655912, 30.978494623655912, 30.978494623655912, 30.989247311827956, 30.989247311827956, 30.989247311827956, 30.989247311827956, 30.989247311827956, 31.0, 31.0]",0.8993593077882083,0.9311228761706021,31,"[33, 33, 33, 33, 33, 33, 33, 33, 33, 33, 33, 33, 33, 33, 33, 33, 33, 33, 33, 32, 32, 32, 32, 31, 31, 31, 31, 31, 31, 31, 31, 31, 31, 31, 31, 31, 31, 31, 31, 31, 31, 31, 31, 31, 31, 31, 31, 31, 31, 31, 31, 31, 31, 31, 31, 31, 31, 31, 31, 31, 31, 31, 31, 31, 31, 31, 31, 31, 31, 31, 31, 31, 31, 31, 31, 31, 31, 31, 31, 31, 31, 31, 31, 31, 31, 31, 31, 31, 31, 31, 31, 31, 31, 31, 31, 31, 31, 31, 31, 31, 31, 31, 31, 31, 31, 31, 31, 31, 31, 31, 31, 31, 31, 31, 31, 31, 31, 31, 31, 31, 31, 31, 31, 31, 31, 31, 31, 31, 31, 31, 31, 31, 31, 31, 31, 31, 31, 31, 31, 31]",140,"[11.402229309082031, 22.547935485839844, 1.9901405572891235, 8.606270790100098, 4.892483234405518, 8.703163146972656, 1.4183392524719238, 11.495733261108398, 0.9467509388923645, 2.7910594940185547, 9.745814323425293, 2.136512041091919, 1.1345775127410889, 14.581586837768555, 2.4268617630004883, 3.706390142440796, 1.9723036289215088, 4.11149787902832, 17.43401527404785, 1.3078908920288086, 2.040022611618042, 15.378040313720703, 1.6132278442382812, 1.0380505323410034, 0.7765041589736938, 2.580261468887329, 1.800726056098938, 3.27927303314209, 0.6811475157737732, 1.5473383665084839, 3.9122402667999268, 0.7096832990646362, 0.8521936535835266, 3.0641815662384033, 1.0300453901290894, 0.8010561466217041, 1.0579522848129272, 0.8921711444854736, 1.0823744535446167, 0.5491234064102173, 0.5933881998062134, 1.6963309049606323, 0.8761593699455261, 3.136359453201294, 0.5339618921279907, 0.5225182175636292, 15.105496406555176, 1.1876920461654663, 4.368227005004883, 0.9906436204910278, 0.6249334812164307, 0.507710874080658, 1.0718495845794678, 1.3000895977020264, 0.7111195921897888, 0.6083777546882629, 1.9034850597381592, 0.5032558441162109, 0.9305607676506042, 1.3387583494186401, 0.8175305128097534, 0.5125212669372559, 0.5811087489128113, 0.6434388160705566, 0.4397302567958832, 2.781402349472046, 0.8138165473937988, 0.4398791491985321, 0.48272791504859924, 0.6773558259010315, 3.3005363941192627, 2.3111486434936523, 0.8793007135391235, 0.3997485041618347, 2.2323660850524902, 0.36236459016799927, 0.5914318561553955, 0.3685232996940613, 0.6866204738616943, 0.9266191124916077, 0.6582908034324646, 0.5742068290710449, 0.5798422694206238, 0.5028673410415649, 0.7937297224998474, 0.5665495991706848, 4.771933078765869, 0.45267799496650696, 0.4924203157424927, 0.4658950865268707, 0.9090948700904846, 0.5054953694343567, 0.6934045553207397, 0.6417675018310547, 1.1831134557724, 1.088558316230774, 1.096347451210022, 0.44697967171669006, 0.45071619749069214, 1.3473020792007446, 0.4208206832408905, 0.515237033367157, 0.806730329990387, 0.6958577632904053, 0.3970893919467926, 0.6939716339111328, 0.9750149250030518, 2.3199198246002197, 0.82378751039505, 0.45645391941070557, 0.48720648884773254, 0.6226489543914795, 0.5538719892501831, 0.5660257935523987, 1.0696306228637695, 0.4600040316581726, 2.433633327484131, 0.4556211233139038, 1.2576740980148315, 0.5451644062995911, 0.7512332797050476, 1.0319185256958008, 1.1664294004440308, 0.49437129497528076, 0.8863625526428223, 0.7160364389419556, 0.4805977940559387, 2.234586715698242, 0.5396420955657959, 0.48399817943573, 0.6084344983100891, 0.6463808417320251, 0.5844295024871826, 0.6320359706878662, 0.49197250604629517, 0.6200218796730042, 0.5739223957061768, 0.4909510016441345, 2.7980639934539795, 1.269799828529358]",31.0,"[33.0, 33.0, 33.0, 33.0, 33.0, 33.0, 33.0, 33.0, 33.0, 33.0, 33.0, 33.0, 33.0, 33.0, 33.0, 33.0, 33.0, 33.0, 33.0, 32.0, 32.0, 32.0, 32.0, 31.0, 31.0, 31.0, 31.0, 31.0, 31.0, 31.0, 31.0, 31.0, 31.0, 31.0, 31.0, 31.0, 31.0, 31.0, 31.0, 31.0, 31.0, 31.0, 31.0, 31.0, 31.0, 31.0, 31.0, 31.0, 31.0, 31.0, 31.0, 31.0, 31.0, 31.0, 31.0, 31.0, 31.0, 31.0, 31.0, 31.0, 31.0, 31.0, 31.0, 31.0, 31.0, 31.0, 31.0, 31.0, 31.0, 31.0, 31.0, 31.0, 31.0, 31.0, 31.0, 31.0, 31.0, 31.0, 31.0, 31.0, 31.0, 31.0, 31.0, 31.0, 31.0, 31.0, 31.0, 31.0, 31.0, 31.0, 31.0, 31.0, 31.0, 31.0, 31.0, 31.0, 31.0, 31.0, 31.0, 31.0, 31.0, 31.0, 31.0, 31.0, 31.0, 31.0, 31.0, 31.0, 31.0, 31.0, 31.0, 31.0, 31.0, 31.0, 31.0, 31.0, 31.0, 31.0, 31.0, 31.0, 31.0, 31.0, 31.0, 31.0, 31.0, 31.0, 31.0, 31.0, 31.0, 31.0, 31.0, 31.0, 31.0, 31.0, 31.0, 31.0, 31.0, 31.0, 31.0, 31.0]",COMPLETE
24,24,0.8939470057064833,2024-08-31 01:33:21.706958,2024-08-31 01:34:26.476393,0 days 00:01:04.769435,16,3.41374204266669,6,70,0.04436239299409386,34,0.0007643697722426128,0.923,0.9225,7,"[33, 33, 33, 33, 33, 33, 33, 33, 33, 25, 19, 17, 15, 15, 15, 15, 15, 15, 15, 14, 13, 13, 13, 13, 13, 13, 13, 13, 13, 13, 13, 13, 13, 13, 13, 13, 13, 13, 13, 13, 13, 13, 13, 12, 11, 9, 9, 9, 9, 9, 9, 9, 9, 9, 9, 9, 8, 8, 8, 7, 7, 7, 7, 7, 7, 7, 7, 7, 7, 7]",6.988328664799253,"[32.94304388422035, 32.94304388422036, 32.940709617180204, 32.93650793650794, 32.945378151260506, 32.95004668534081, 32.940709617180204, 32.94444444444444, 32.95051353874884, 24.955648926237163, 18.96171802054155, 16.96171802054155, 14.979458450046685, 14.970588235294118, 14.968253968253968, 14.975723622782446, 14.972455648926237, 14.974323062558357, 14.965919701213819, 13.972922502334267, 12.974323062558357, 12.973856209150327, 12.975256769374417, 12.977591036414566, 12.976657329598506, 12.973389355742297, 12.975723622782446, 12.977124183006536, 12.969654528478058, 12.973389355742297, 12.975256769374417, 12.974789915966387, 12.974789915966387, 12.973856209150327, 12.973856209150327, 12.970588235294118, 12.973856209150327, 12.973856209150327, 12.973389355742297, 12.966853408029879, 12.973389355742297, 12.970121381886088, 12.967787114845938, 11.976190476190476, 10.975256769374417, 8.983193277310924, 8.982726423902895, 8.980859010270775, 8.980859010270775, 8.977591036414566, 8.979458450046685, 8.981792717086835, 8.983660130718954, 8.976657329598506, 8.981792717086835, 8.979458450046685, 7.9827264239028946, 7.985527544351074, 7.984126984126984, 6.987394957983193, 6.9869281045751634, 6.986461251167134, 6.987394957983193, 6.988328664799253, 6.9869281045751634, 6.988328664799253, 6.991129785247432, 6.985994397759104, 6.9869281045751634, 6.988328664799253]",0.8868055383548411,0.8939470057064833,7,"[33, 33, 33, 33, 33, 33, 33, 33, 33, 25, 19, 17, 15, 15, 15, 15, 15, 15, 15, 14, 13, 13, 13, 13, 13, 13, 13, 13, 13, 13, 13, 13, 13, 13, 13, 13, 13, 13, 13, 13, 13, 13, 13, 12, 11, 9, 9, 9, 9, 9, 9, 9, 9, 9, 9, 9, 8, 8, 8, 7, 7, 7, 7, 7, 7, 7, 7, 7, 7, 7]",70,"[0.37396419048309326, 0.3644978702068329, 0.3546839654445648, 0.3471308946609497, 0.33817464113235474, 0.32925310730934143, 0.3181663453578949, 0.3062690794467926, 0.29218485951423645, 0.28288331627845764, 0.2719835937023163, 0.2651944160461426, 0.25801587104797363, 0.2543947696685791, 0.2478579878807068, 0.24437347054481506, 0.2382708042860031, 0.2335233837366104, 0.23108890652656555, 0.2380559891462326, 0.2520878314971924, 0.24256987869739532, 0.23243480920791626, 0.23229730129241943, 0.2306366115808487, 0.22949348390102386, 0.22579222917556763, 0.22765780985355377, 0.2254652976989746, 0.22441110014915466, 0.22134022414684296, 0.22380787134170532, 0.22196325659751892, 0.2201157808303833, 0.22115755081176758, 0.21871034801006317, 0.21908771991729736, 0.2200840413570404, 0.21575550734996796, 0.21880628168582916, 0.21441631019115448, 0.21596623957157135, 0.21381214261054993, 0.22696660459041595, 0.2301693558692932, 0.23356056213378906, 0.22922834753990173, 0.22739160060882568, 0.2241688370704651, 0.22404266893863678, 0.22340460121631622, 0.22521156072616577, 0.22052955627441406, 0.2209090292453766, 0.218431755900383, 0.22055496275424957, 0.2162117063999176, 0.2322750985622406, 0.21884146332740784, 0.2267339825630188, 0.2193516343832016, 0.2227706015110016, 0.21812161803245544, 0.2157706469297409, 0.2159377932548523, 0.2165139764547348, 0.21793100237846375, 0.21895769238471985, 0.22040317952632904, 0.218328058719635]",7.0,"[33.0, 33.0, 33.0, 33.0, 33.0, 33.0, 33.0, 33.0, 33.0, 25.0, 19.0, 17.0, 15.0, 15.0, 15.0, 15.0, 15.0, 15.0, 15.0, 14.0, 13.0, 13.0, 13.0, 13.0, 13.0, 13.0, 13.0, 13.0, 13.0, 13.0, 13.0, 13.0, 13.0, 13.0, 13.0, 13.0, 13.0, 13.0, 13.0, 13.0, 13.0, 13.0, 13.0, 12.0, 11.0, 9.0, 9.0, 9.0, 9.0, 9.0, 9.0, 9.0, 9.0, 9.0, 9.0, 9.0, 8.0, 8.0, 8.0, 7.0, 7.0, 7.0, 7.0, 7.0, 7.0, 7.0, 7.0, 7.0, 7.0, 7.0]",COMPLETE
25,25,0.7287939096494955,2024-08-31 01:34:26.483977,2024-08-31 01:34:56.212254,0 days 00:00:29.728277,1,0.056188184439904386,5,10,0.001020882851352603,75,0.056756976636322315,0.879,0.87625,33,"[33, 33, 33, 33, 33, 33, 33, 33, 33, 33]",32.936344086021506,"[32.93849462365591, 32.93419354838709, 32.93720430107527, 32.93462365591398, 32.93720430107527, 32.94064516129033, 32.93763440860215, 32.93806451612903, 32.93763440860215, 32.936344086021506]",0.7642071021061931,0.7287939096494955,33,"[33, 33, 33, 33, 33, 33, 33, 33, 33, 33]",10,"[0.3888399600982666, 0.37946128845214844, 0.37417811155319214, 0.3720144033432007, 0.36658531427383423, 0.36366763710975647, 0.3611224293708801, 0.3586518168449402, 0.3563070595264435, 0.35495325922966003]",33.0,"[33.0, 33.0, 33.0, 33.0, 33.0, 33.0, 33.0, 33.0, 33.0, 33.0]",COMPLETE
