,number,value,datetime_start,datetime_complete,duration,params_batch_size_scaler,params_constant_learning_rate,params_depth,params_epochs,params_kernel_l2,params_num_trees,params_temperature,user_attrs_accuracy_test,user_attrs_accuracy_valid,user_attrs_approximate_feature_sparsity,user_attrs_approximate_feature_sparsity_history,user_attrs_approximate_weight_sparsity,user_attrs_approximate_weight_sparsity_history,user_attrs_auc_test,user_attrs_auc_valid,user_attrs_feature_sparsity,user_attrs_feature_sparsity_history,user_attrs_num_epochs,user_attrs_val_loss_history,user_attrs_weight_sparsity,user_attrs_weight_sparsity_history,state
160,160,0.5,2024-08-31 07:57:39.992490,2024-08-31 08:01:44.445810,0 days 00:04:04.453320,4,3.821134747100593,5,290,0.03309700229102117,30,0.011758331937623049,0.859,0.85875,0,"[0, 0, 0, 0, 0, 0, 0, 0, 0, 0, 0, 0, 0, 0, 0, 0, 0, 0, 0, 0, 0, 0, 0, 0, 0, 0, 0, 0, 0, 0, 0, 0, 0, 0, 0, 0, 0, 0, 0, 0, 0, 0, 0, 0, 0, 0, 0, 0, 0, 0, 0, 0, 0, 0, 0, 0, 0, 0, 0, 0, 0, 0, 0, 0, 0, 0, 0, 0, 0, 0, 0, 0, 0, 0, 0, 0, 0, 0, 0, 0, 0, 0, 0, 0, 0, 0, 0, 0, 0, 0, 0, 0, 0, 0, 0, 0, 0, 0, 0, 0, 0, 0, 0, 0, 0, 0, 0, 0, 0, 0, 0, 0, 0, 0, 0, 0, 0, 0, 0, 0, 0, 0, 0, 0, 0, 0, 0, 0, 0, 0, 0, 0, 0, 0, 0, 0, 0, 0, 0, 0, 0, 0, 0, 0, 0, 0, 0, 0, 0, 0, 0, 0, 0, 0, 0, 0, 0, 0, 0, 0, 0, 0, 0, 0, 0, 0, 0, 0, 0, 0, 0, 0, 0, 0, 0, 0, 0, 0, 0, 0, 0, 0, 0, 0, 0, 0, 0, 0, 0, 0, 0, 0, 0, 0, 0, 0, 0, 0, 0, 0, 0, 0, 0, 0, 0, 0, 0, 0, 0, 0, 0, 0, 0, 0, 0, 0, 0, 0, 0, 0, 0, 0, 0, 0, 0, 0, 0, 0, 0, 0, 0, 0, 0, 0, 0, 0, 0, 0, 0, 0, 0, 0, 0, 0, 0, 0, 0, 0, 0, 0, 0, 0, 0, 0, 0, 0, 0, 0, 0, 0, 0, 0, 0, 0, 0, 0, 0, 0, 0, 0, 0, 0, 0, 0, 0, 0, 0, 0, 0, 0, 0, 0, 0, 0, 0, 0, 0, 0, 0, 0]",0.0,"[0.0, 0.0, 0.0, 0.0, 0.0, 0.0, 0.0, 0.0, 0.0, 0.0, 0.0, 0.0, 0.0, 0.0, 0.0, 0.0, 0.0, 0.0, 0.0, 0.0, 0.0, 0.0, 0.0, 0.0, 0.0, 0.0, 0.0, 0.0, 0.0, 0.0, 0.0, 0.0, 0.0, 0.0, 0.0, 0.0, 0.0, 0.0, 0.0, 0.0, 0.0, 0.0, 0.0, 0.0, 0.0, 0.0, 0.0, 0.0, 0.0, 0.0, 0.0, 0.0, 0.0, 0.0, 0.0, 0.0, 0.0, 0.0, 0.0, 0.0, 0.0, 0.0, 0.0, 0.0, 0.0, 0.0, 0.0, 0.0, 0.0, 0.0, 0.0, 0.0, 0.0, 0.0, 0.0, 0.0, 0.0, 0.0, 0.0, 0.0, 0.0, 0.0, 0.0, 0.0, 0.0, 0.0, 0.0, 0.0, 0.0, 0.0, 0.0, 0.0, 0.0, 0.0, 0.0, 0.0, 0.0, 0.0, 0.0, 0.0, 0.0, 0.0, 0.0, 0.0, 0.0, 0.0, 0.0, 0.0, 0.0, 0.0, 0.0, 0.0, 0.0, 0.0, 0.0, 0.0, 0.0, 0.0, 0.0, 0.0, 0.0, 0.0, 0.0, 0.0, 0.0, 0.0, 0.0, 0.0, 0.0, 0.0, 0.0, 0.0, 0.0, 0.0, 0.0, 0.0, 0.0, 0.0, 0.0, 0.0, 0.0, 0.0, 0.0, 0.0, 0.0, 0.0, 0.0, 0.0, 0.0, 0.0, 0.0, 0.0, 0.0, 0.0, 0.0, 0.0, 0.0, 0.0, 0.0, 0.0, 0.0, 0.0, 0.0, 0.0, 0.0, 0.0, 0.0, 0.0, 0.0, 0.0, 0.0, 0.0, 0.0, 0.0, 0.0, 0.0, 0.0, 0.0, 0.0, 0.0, 0.0, 0.0, 0.0, 0.0, 0.0, 0.0, 0.0, 0.0, 0.0, 0.0, 0.0, 0.0, 0.0, 0.0, 0.0, 0.0, 0.0, 0.0, 0.0, 0.0, 0.0, 0.0, 0.0, 0.0, 0.0, 0.0, 0.0, 0.0, 0.0, 0.0, 0.0, 0.0, 0.0, 0.0, 0.0, 0.0, 0.0, 0.0, 0.0, 0.0, 0.0, 0.0, 0.0, 0.0, 0.0, 0.0, 0.0, 0.0, 0.0, 0.0, 0.0, 0.0, 0.0, 0.0, 0.0, 0.0, 0.0, 0.0, 0.0, 0.0, 0.0, 0.0, 0.0, 0.0, 0.0, 0.0, 0.0, 0.0, 0.0, 0.0, 0.0, 0.0, 0.0, 0.0, 0.0, 0.0, 0.0, 0.0, 0.0, 0.0, 0.0, 0.0, 0.0, 0.0, 0.0, 0.0, 0.0, 0.0, 0.0, 0.0, 0.0, 0.0, 0.0, 0.0, 0.0, 0.0, 0.0, 0.0, 0.0, 0.0, 0.0, 0.0, 0.0, 0.0, 0.0, 0.0, 0.0, 0.0, 0.0, 0.0]",0.5,0.5,0,"[0, 0, 0, 0, 0, 0, 0, 0, 0, 0, 0, 0, 0, 0, 0, 0, 0, 0, 0, 0, 0, 0, 0, 0, 0, 0, 0, 0, 0, 0, 0, 0, 0, 0, 0, 0, 0, 0, 0, 0, 0, 0, 0, 0, 0, 0, 0, 0, 0, 0, 0, 0, 0, 0, 0, 0, 0, 0, 0, 0, 0, 0, 0, 0, 0, 0, 0, 0, 0, 0, 0, 0, 0, 0, 0, 0, 0, 0, 0, 0, 0, 0, 0, 0, 0, 0, 0, 0, 0, 0, 0, 0, 0, 0, 0, 0, 0, 0, 0, 0, 0, 0, 0, 0, 0, 0, 0, 0, 0, 0, 0, 0, 0, 0, 0, 0, 0, 0, 0, 0, 0, 0, 0, 0, 0, 0, 0, 0, 0, 0, 0, 0, 0, 0, 0, 0, 0, 0, 0, 0, 0, 0, 0, 0, 0, 0, 0, 0, 0, 0, 0, 0, 0, 0, 0, 0, 0, 0, 0, 0, 0, 0, 0, 0, 0, 0, 0, 0, 0, 0, 0, 0, 0, 0, 0, 0, 0, 0, 0, 0, 0, 0, 0, 0, 0, 0, 0, 0, 0, 0, 0, 0, 0, 0, 0, 0, 0, 0, 0, 0, 0, 0, 0, 0, 0, 0, 0, 0, 0, 0, 0, 0, 0, 0, 0, 0, 0, 0, 0, 0, 0, 0, 0, 0, 0, 0, 0, 0, 0, 0, 0, 0, 0, 0, 0, 0, 0, 0, 0, 0, 0, 0, 0, 0, 0, 0, 0, 0, 0, 0, 0, 0, 0, 0, 0, 0, 0, 0, 0, 0, 0, 0, 0, 0, 0, 0, 0, 0, 0, 0, 0, 0, 0, 0, 0, 0, 0, 0, 0, 0, 0, 0, 0, 0, 0, 0, 0, 0, 0, 0]",290,"[0.41565844416618347, 0.4202859103679657, 0.4155055284500122, 0.40755611658096313, 0.4072312116622925, 0.41111060976982117, 0.42000457644462585, 0.42047977447509766, 0.40722793340682983, 0.4422684907913208, 0.41067877411842346, 0.4072270691394806, 0.41034987568855286, 0.4075455367565155, 0.4106084406375885, 0.4080856740474701, 0.4424542486667633, 0.40900635719299316, 0.4131479561328888, 0.41182419657707214, 0.41061046719551086, 0.4156895875930786, 0.41430094838142395, 0.4114363491535187, 0.4092020094394684, 0.4136076867580414, 0.4203377962112427, 0.43117600679397583, 0.42719680070877075, 0.4075843095779419, 0.45066505670547485, 0.4158235192298889, 0.4107101857662201, 0.41396960616111755, 0.4134952425956726, 0.4072267413139343, 0.4281359910964966, 0.40810081362724304, 0.40979212522506714, 0.41515761613845825, 0.41441401839256287, 0.4081007242202759, 0.41035735607147217, 0.4105953276157379, 0.4080250859260559, 0.4076080322265625, 0.4074443578720093, 0.40973368287086487, 0.4120657444000244, 0.41059982776641846, 0.40875244140625, 0.40804430842399597, 0.4107855260372162, 0.4077182114124298, 0.41187378764152527, 0.4322704076766968, 0.4104692041873932, 0.40763986110687256, 0.40755465626716614, 0.4072847068309784, 0.40822356939315796, 0.4149799644947052, 0.40726983547210693, 0.40972161293029785, 0.4105771780014038, 0.415737509727478, 0.42273223400115967, 0.4074764549732208, 0.41031140089035034, 0.4105914831161499, 0.4107467532157898, 0.41533148288726807, 0.4147995114326477, 0.4079877436161041, 0.40751975774765015, 0.4073442220687866, 0.4161510765552521, 0.4072261452674866, 0.4267168343067169, 0.4115448296070099, 0.4188336133956909, 0.4104735255241394, 0.41030025482177734, 0.4108829200267792, 0.41411763429641724, 0.410427451133728, 0.41508951783180237, 0.41313210129737854, 0.41056764125823975, 0.42627814412117004, 0.4322066903114319, 0.40730640292167664, 0.40725624561309814, 0.4106380045413971, 0.4084555506706238, 0.4109981060028076, 0.41255152225494385, 0.4104272425174713, 0.4083092212677002, 0.4104335904121399, 0.4152868390083313, 0.40941566228866577, 0.40799522399902344, 0.41524842381477356, 0.4079677164554596, 0.4319736063480377, 0.40778011083602905, 0.40780961513519287, 0.41486766934394836, 0.4850744903087616, 0.40807127952575684, 0.4087103009223938, 0.4140135645866394, 0.4104304611682892, 0.41994041204452515, 0.4190225601196289, 0.4176691174507141, 0.4077247679233551, 0.4074597656726837, 0.41190528869628906, 0.40808871388435364, 0.41856062412261963, 0.4073317050933838, 0.41037166118621826, 0.41064712405204773, 0.4075622856616974, 0.40722736716270447, 0.4094187021255493, 0.4074743986129761, 0.4148348569869995, 0.4083016514778137, 0.4535856246948242, 0.40814444422721863, 0.415170282125473, 0.4106557071208954, 0.4143436849117279, 0.4104835093021393, 0.42167213559150696, 0.40872910618782043, 0.4296603500843048, 0.4276871085166931, 0.4202624559402466, 0.4197087585926056, 0.40777328610420227, 0.4188285171985626, 0.4092468321323395, 0.41087040305137634, 0.40778279304504395, 0.4101889729499817, 0.41376322507858276, 0.4152171313762665, 0.41034138202667236, 0.40759986639022827, 0.4081799387931824, 0.4072553217411041, 0.40722760558128357, 0.4156927168369293, 0.4183984100818634, 0.4210725724697113, 0.4409821033477783, 0.4183567464351654, 0.4107942581176758, 0.4106675088405609, 0.4704897701740265, 0.4107815623283386, 0.4079819917678833, 0.41360434889793396, 0.40761813521385193, 0.41837745904922485, 0.4072587192058563, 0.41035473346710205, 0.41498059034347534, 0.4072265326976776, 0.41058358550071716, 0.4072261154651642, 0.40807726979255676, 0.43214115500450134, 0.41034558415412903, 0.41896674036979675, 0.40793702006340027, 0.410489946603775, 0.41017210483551025, 0.40722641348838806, 0.42369383573532104, 0.412587434053421, 0.41416919231414795, 0.40722647309303284, 0.41010037064552307, 0.4140392243862152, 0.41125622391700745, 0.42864280939102173, 0.4137077331542969, 0.417978972196579, 0.4072563052177429, 0.4073072671890259, 0.41364216804504395, 0.40782517194747925, 0.4093347489833832, 0.40883979201316833, 0.4072278141975403, 0.4077375531196594, 0.41415491700172424, 0.41472357511520386, 0.4079810380935669, 0.44241198897361755, 0.4108058512210846, 0.42587971687316895, 0.4192739725112915, 0.41167396306991577, 0.4081110656261444, 0.413533091545105, 0.4196558892726898, 0.430083304643631, 0.4130552411079407, 0.41559910774230957, 0.40793415904045105, 0.4079287052154541, 0.41042786836624146, 0.4149879217147827, 0.4091876745223999, 0.4072316288948059, 0.40811651945114136, 0.41395431756973267, 0.4079769253730774, 0.4080505669116974, 0.40863582491874695, 0.40805721282958984, 0.4182966947555542, 0.4080546498298645, 0.41359269618988037, 0.41059407591819763, 0.40735191106796265, 0.4089309573173523, 0.41509056091308594, 0.4103119373321533, 0.41677695512771606, 0.4082414507865906, 0.40761950612068176, 0.43091070652008057, 0.4073866605758667, 0.4332502484321594, 0.41817107796669006, 0.4102834463119507, 0.42333096265792847, 0.4080582559108734, 0.4083211421966553, 0.42009446024894714, 0.4136463403701782, 0.40732455253601074, 0.41507136821746826, 0.41985294222831726, 0.41026437282562256, 0.4079434275627136, 0.4073927700519562, 0.4189511835575104, 0.40992188453674316, 0.4079160988330841, 0.40802013874053955, 0.4102841913700104, 0.40729445219039917, 0.40989020466804504, 0.41216614842414856, 0.40722885727882385, 0.4072284400463104, 0.4247611165046692, 0.40867674350738525, 0.4338555932044983, 0.40775203704833984, 0.40805572271347046, 0.40722766518592834, 0.40802067518234253, 0.41499483585357666, 0.40735408663749695, 0.42152896523475647, 0.41065627336502075, 0.40989577770233154, 0.42073023319244385, 0.4075045883655548, 0.40792393684387207, 0.41356533765792847, 0.4142592251300812, 0.40803831815719604, 0.4105554223060608, 0.41811415553092957, 0.40749767422676086, 0.41095009446144104, 0.43099308013916016, 0.4098571538925171, 0.40768757462501526, 0.4214308559894562]",0.0,"[0.0, 0.0, 0.0, 0.0, 0.0, 0.0, 0.0, 0.0, 0.0, 0.0, 0.0, 0.0, 0.0, 0.0, 0.0, 0.0, 0.0, 0.0, 0.0, 0.0, 0.0, 0.0, 0.0, 0.0, 0.0, 0.0, 0.0, 0.0, 0.0, 0.0, 0.0, 0.0, 0.0, 0.0, 0.0, 0.0, 0.0, 0.0, 0.0, 0.0, 0.0, 0.0, 0.0, 0.0, 0.0, 0.0, 0.0, 0.0, 0.0, 0.0, 0.0, 0.0, 0.0, 0.0, 0.0, 0.0, 0.0, 0.0, 0.0, 0.0, 0.0, 0.0, 0.0, 0.0, 0.0, 0.0, 0.0, 0.0, 0.0, 0.0, 0.0, 0.0, 0.0, 0.0, 0.0, 0.0, 0.0, 0.0, 0.0, 0.0, 0.0, 0.0, 0.0, 0.0, 0.0, 0.0, 0.0, 0.0, 0.0, 0.0, 0.0, 0.0, 0.0, 0.0, 0.0, 0.0, 0.0, 0.0, 0.0, 0.0, 0.0, 0.0, 0.0, 0.0, 0.0, 0.0, 0.0, 0.0, 0.0, 0.0, 0.0, 0.0, 0.0, 0.0, 0.0, 0.0, 0.0, 0.0, 0.0, 0.0, 0.0, 0.0, 0.0, 0.0, 0.0, 0.0, 0.0, 0.0, 0.0, 0.0, 0.0, 0.0, 0.0, 0.0, 0.0, 0.0, 0.0, 0.0, 0.0, 0.0, 0.0, 0.0, 0.0, 0.0, 0.0, 0.0, 0.0, 0.0, 0.0, 0.0, 0.0, 0.0, 0.0, 0.0, 0.0, 0.0, 0.0, 0.0, 0.0, 0.0, 0.0, 0.0, 0.0, 0.0, 0.0, 0.0, 0.0, 0.0, 0.0, 0.0, 0.0, 0.0, 0.0, 0.0, 0.0, 0.0, 0.0, 0.0, 0.0, 0.0, 0.0, 0.0, 0.0, 0.0, 0.0, 0.0, 0.0, 0.0, 0.0, 0.0, 0.0, 0.0, 0.0, 0.0, 0.0, 0.0, 0.0, 0.0, 0.0, 0.0, 0.0, 0.0, 0.0, 0.0, 0.0, 0.0, 0.0, 0.0, 0.0, 0.0, 0.0, 0.0, 0.0, 0.0, 0.0, 0.0, 0.0, 0.0, 0.0, 0.0, 0.0, 0.0, 0.0, 0.0, 0.0, 0.0, 0.0, 0.0, 0.0, 0.0, 0.0, 0.0, 0.0, 0.0, 0.0, 0.0, 0.0, 0.0, 0.0, 0.0, 0.0, 0.0, 0.0, 0.0, 0.0, 0.0, 0.0, 0.0, 0.0, 0.0, 0.0, 0.0, 0.0, 0.0, 0.0, 0.0, 0.0, 0.0, 0.0, 0.0, 0.0, 0.0, 0.0, 0.0, 0.0, 0.0, 0.0, 0.0, 0.0, 0.0, 0.0, 0.0, 0.0, 0.0, 0.0, 0.0, 0.0, 0.0, 0.0, 0.0, 0.0, 0.0, 0.0, 0.0, 0.0, 0.0, 0.0, 0.0, 0.0, 0.0]",COMPLETE
