,number,value,datetime_start,datetime_complete,duration,params_batch_size_scaler,params_constant_learning_rate,params_depth,params_epochs,params_kernel_l2,params_num_trees,params_temperature,user_attrs_accuracy_test,user_attrs_accuracy_valid,user_attrs_approximate_feature_sparsity,user_attrs_approximate_feature_sparsity_history,user_attrs_approximate_weight_sparsity,user_attrs_approximate_weight_sparsity_history,user_attrs_auc_test,user_attrs_auc_valid,user_attrs_feature_sparsity,user_attrs_feature_sparsity_history,user_attrs_num_epochs,user_attrs_val_loss_history,user_attrs_weight_sparsity,user_attrs_weight_sparsity_history,state
144,144,0.5,2024-08-31 07:11:12.187682,2024-08-31 07:13:44.987423,0 days 00:02:32.799741,64,1.2524947641806579,5,380,0.05794934177214419,16,0.08795080860823937,0.859,0.85875,0,"[0, 0, 0, 0, 0, 0, 0, 0, 0, 0, 0, 0, 0, 0, 0, 0, 0, 0, 0, 0, 0, 0, 0, 0, 0, 0, 0, 0, 0, 0, 0, 0, 0, 0, 0, 0, 0, 0, 0, 0, 0, 0, 0, 0, 0, 0, 0, 0, 0, 0, 0, 0, 0, 0, 0, 0, 0, 0, 0, 0, 0, 0, 0, 0, 0, 0, 0, 0, 0, 0, 0, 0, 0, 0, 0, 0, 0, 0, 0, 0, 0, 0, 0, 0, 0, 0, 0, 0, 0, 0, 0, 0, 0, 0, 0, 0, 0, 0, 0, 0, 0, 0, 0, 0, 0, 0, 0, 0, 0, 0, 0, 0, 0, 0, 0, 0, 0, 0, 0, 0, 0, 0, 0, 0, 0, 0, 0, 0, 0, 0, 0, 0, 0, 0, 0, 0, 0, 0, 0, 0, 0, 0, 0, 0, 0, 0, 0, 0, 0, 0, 0, 0, 0, 0, 0, 0, 0, 0, 0, 0, 0, 0, 0, 0, 0, 0, 0, 0, 0, 0, 0, 0, 0, 0, 0, 0, 0, 0, 0, 0, 0, 0, 0, 0, 0, 0, 0, 0, 0, 0, 0, 0, 0, 0, 0, 0, 0, 0, 0, 0, 0, 0, 0, 0, 0, 0, 0, 0, 0, 0, 0, 0, 0, 0, 0, 0, 0, 0, 0, 0, 0, 0, 0, 0, 0, 0, 0, 0, 0, 0, 0, 0, 0, 0, 0, 0, 0, 0, 0, 0, 0, 0, 0, 0, 0, 0, 0, 0, 0, 0, 0, 0, 0, 0, 0, 0, 0, 0, 0, 0, 0, 0, 0, 0, 0, 0, 0, 0, 0, 0, 0, 0, 0, 0, 0, 0, 0, 0, 0, 0, 0, 0, 0, 0, 0, 0, 0, 0, 0, 0, 0, 0, 0, 0, 0, 0, 0, 0, 0, 0, 0, 0, 0, 0, 0, 0, 0, 0, 0, 0, 0, 0, 0, 0, 0, 0, 0, 0, 0, 0, 0, 0, 0, 0, 0, 0, 0, 0, 0, 0, 0, 0, 0, 0, 0, 0, 0, 0, 0, 0, 0, 0, 0, 0, 0, 0, 0, 0, 0, 0, 0, 0, 0, 0, 0, 0, 0, 0, 0, 0, 0, 0, 0, 0, 0, 0, 0, 0, 0, 0, 0, 0, 0, 0, 0, 0, 0, 0, 0, 0]",0.0,"[0.0, 0.0, 0.0, 0.0, 0.0, 0.0, 0.0, 0.0, 0.0, 0.0, 0.0, 0.0, 0.0, 0.0, 0.0, 0.0, 0.0, 0.0, 0.0, 0.0, 0.0, 0.0, 0.0, 0.0, 0.0, 0.0, 0.0, 0.0, 0.0, 0.0, 0.0, 0.0, 0.0, 0.0, 0.0, 0.0, 0.0, 0.0, 0.0, 0.0, 0.0, 0.0, 0.0, 0.0, 0.0, 0.0, 0.0, 0.0, 0.0, 0.0, 0.0, 0.0, 0.0, 0.0, 0.0, 0.0, 0.0, 0.0, 0.0, 0.0, 0.0, 0.0, 0.0, 0.0, 0.0, 0.0, 0.0, 0.0, 0.0, 0.0, 0.0, 0.0, 0.0, 0.0, 0.0, 0.0, 0.0, 0.0, 0.0, 0.0, 0.0, 0.0, 0.0, 0.0, 0.0, 0.0, 0.0, 0.0, 0.0, 0.0, 0.0, 0.0, 0.0, 0.0, 0.0, 0.0, 0.0, 0.0, 0.0, 0.0, 0.0, 0.0, 0.0, 0.0, 0.0, 0.0, 0.0, 0.0, 0.0, 0.0, 0.0, 0.0, 0.0, 0.0, 0.0, 0.0, 0.0, 0.0, 0.0, 0.0, 0.0, 0.0, 0.0, 0.0, 0.0, 0.0, 0.0, 0.0, 0.0, 0.0, 0.0, 0.0, 0.0, 0.0, 0.0, 0.0, 0.0, 0.0, 0.0, 0.0, 0.0, 0.0, 0.0, 0.0, 0.0, 0.0, 0.0, 0.0, 0.0, 0.0, 0.0, 0.0, 0.0, 0.0, 0.0, 0.0, 0.0, 0.0, 0.0, 0.0, 0.0, 0.0, 0.0, 0.0, 0.0, 0.0, 0.0, 0.0, 0.0, 0.0, 0.0, 0.0, 0.0, 0.0, 0.0, 0.0, 0.0, 0.0, 0.0, 0.0, 0.0, 0.0, 0.0, 0.0, 0.0, 0.0, 0.0, 0.0, 0.0, 0.0, 0.0, 0.0, 0.0, 0.0, 0.0, 0.0, 0.0, 0.0, 0.0, 0.0, 0.0, 0.0, 0.0, 0.0, 0.0, 0.0, 0.0, 0.0, 0.0, 0.0, 0.0, 0.0, 0.0, 0.0, 0.0, 0.0, 0.0, 0.0, 0.0, 0.0, 0.0, 0.0, 0.0, 0.0, 0.0, 0.0, 0.0, 0.0, 0.0, 0.0, 0.0, 0.0, 0.0, 0.0, 0.0, 0.0, 0.0, 0.0, 0.0, 0.0, 0.0, 0.0, 0.0, 0.0, 0.0, 0.0, 0.0, 0.0, 0.0, 0.0, 0.0, 0.0, 0.0, 0.0, 0.0, 0.0, 0.0, 0.0, 0.0, 0.0, 0.0, 0.0, 0.0, 0.0, 0.0, 0.0, 0.0, 0.0, 0.0, 0.0, 0.0, 0.0, 0.0, 0.0, 0.0, 0.0, 0.0, 0.0, 0.0, 0.0, 0.0, 0.0, 0.0, 0.0, 0.0, 0.0, 0.0, 0.0, 0.0, 0.0, 0.0, 0.0, 0.0, 0.0, 0.0, 0.0, 0.0, 0.0, 0.0, 0.0, 0.0, 0.0, 0.0, 0.0, 0.0, 0.0, 0.0, 0.0, 0.0, 0.0, 0.0, 0.0, 0.0, 0.0, 0.0, 0.0, 0.0, 0.0, 0.0, 0.0, 0.0, 0.0, 0.0, 0.0, 0.0, 0.0, 0.0, 0.0, 0.0, 0.0, 0.0, 0.0, 0.0, 0.0, 0.0, 0.0, 0.0, 0.0, 0.0, 0.0, 0.0, 0.0, 0.0, 0.0, 0.0, 0.0, 0.0, 0.0, 0.0, 0.0, 0.0, 0.0, 0.0, 0.0, 0.0, 0.0, 0.0, 0.0, 0.0, 0.0, 0.0, 0.0, 0.0, 0.0, 0.0, 0.0, 0.0, 0.0, 0.0, 0.0, 0.0, 0.0, 0.0, 0.0, 0.0, 0.0, 0.0, 0.0, 0.0, 0.0]",0.5,0.5,0,"[0, 0, 0, 0, 0, 0, 0, 0, 0, 0, 0, 0, 0, 0, 0, 0, 0, 0, 0, 0, 0, 0, 0, 0, 0, 0, 0, 0, 0, 0, 0, 0, 0, 0, 0, 0, 0, 0, 0, 0, 0, 0, 0, 0, 0, 0, 0, 0, 0, 0, 0, 0, 0, 0, 0, 0, 0, 0, 0, 0, 0, 0, 0, 0, 0, 0, 0, 0, 0, 0, 0, 0, 0, 0, 0, 0, 0, 0, 0, 0, 0, 0, 0, 0, 0, 0, 0, 0, 0, 0, 0, 0, 0, 0, 0, 0, 0, 0, 0, 0, 0, 0, 0, 0, 0, 0, 0, 0, 0, 0, 0, 0, 0, 0, 0, 0, 0, 0, 0, 0, 0, 0, 0, 0, 0, 0, 0, 0, 0, 0, 0, 0, 0, 0, 0, 0, 0, 0, 0, 0, 0, 0, 0, 0, 0, 0, 0, 0, 0, 0, 0, 0, 0, 0, 0, 0, 0, 0, 0, 0, 0, 0, 0, 0, 0, 0, 0, 0, 0, 0, 0, 0, 0, 0, 0, 0, 0, 0, 0, 0, 0, 0, 0, 0, 0, 0, 0, 0, 0, 0, 0, 0, 0, 0, 0, 0, 0, 0, 0, 0, 0, 0, 0, 0, 0, 0, 0, 0, 0, 0, 0, 0, 0, 0, 0, 0, 0, 0, 0, 0, 0, 0, 0, 0, 0, 0, 0, 0, 0, 0, 0, 0, 0, 0, 0, 0, 0, 0, 0, 0, 0, 0, 0, 0, 0, 0, 0, 0, 0, 0, 0, 0, 0, 0, 0, 0, 0, 0, 0, 0, 0, 0, 0, 0, 0, 0, 0, 0, 0, 0, 0, 0, 0, 0, 0, 0, 0, 0, 0, 0, 0, 0, 0, 0, 0, 0, 0, 0, 0, 0, 0, 0, 0, 0, 0, 0, 0, 0, 0, 0, 0, 0, 0, 0, 0, 0, 0, 0, 0, 0, 0, 0, 0, 0, 0, 0, 0, 0, 0, 0, 0, 0, 0, 0, 0, 0, 0, 0, 0, 0, 0, 0, 0, 0, 0, 0, 0, 0, 0, 0, 0, 0, 0, 0, 0, 0, 0, 0, 0, 0, 0, 0, 0, 0, 0, 0, 0, 0, 0, 0, 0, 0, 0, 0, 0, 0, 0, 0, 0, 0, 0, 0, 0, 0, 0, 0, 0, 0, 0, 0]",380,"[0.4709671139717102, 0.4162290096282959, 0.40861156582832336, 0.4072670638561249, 0.40722817182540894, 0.40724414587020874, 0.4072304666042328, 0.40728431940078735, 0.4079545736312866, 0.4075757563114166, 0.40730586647987366, 0.4073505401611328, 0.4072456359863281, 0.4072340130805969, 0.407226026058197, 0.4074280261993408, 0.4072316288948059, 0.4074139893054962, 0.4073006510734558, 0.40722665190696716, 0.4073900580406189, 0.407808393239975, 0.40735694766044617, 0.4075961410999298, 0.4075442850589752, 0.40754663944244385, 0.4072364568710327, 0.407368540763855, 0.4074801504611969, 0.4073162376880646, 0.40722930431365967, 0.40724825859069824, 0.4072597920894623, 0.40727874636650085, 0.40729305148124695, 0.40722906589508057, 0.4072415232658386, 0.408095121383667, 0.40782347321510315, 0.40737998485565186, 0.4072391986846924, 0.40728676319122314, 0.40753304958343506, 0.40735939145088196, 0.40725958347320557, 0.4073174297809601, 0.40722617506980896, 0.407421350479126, 0.4073217809200287, 0.4072263240814209, 0.40723976492881775, 0.4073692560195923, 0.40725013613700867, 0.4073024392127991, 0.407622754573822, 0.4072934091091156, 0.4072262644767761, 0.40742892026901245, 0.4074118137359619, 0.40722742676734924, 0.40750381350517273, 0.40724050998687744, 0.4072451889514923, 0.4072325527667999, 0.4072588384151459, 0.4072563946247101, 0.407275915145874, 0.4072433412075043, 0.40723755955696106, 0.40725308656692505, 0.4072844684123993, 0.40728437900543213, 0.4072647988796234, 0.40723365545272827, 0.40738722681999207, 0.40723904967308044, 0.4073311686515808, 0.40740883350372314, 0.40726402401924133, 0.40725311636924744, 0.40730589628219604, 0.4072403013706207, 0.40722930431365967, 0.40742912888526917, 0.4072260558605194, 0.4072425961494446, 0.40726199746131897, 0.40738844871520996, 0.4072461724281311, 0.4072365164756775, 0.4074654281139374, 0.40724876523017883, 0.40722906589508057, 0.40732139348983765, 0.40740805864334106, 0.4076087176799774, 0.40749022364616394, 0.40744301676750183, 0.4074893891811371, 0.4076325595378876, 0.4072328507900238, 0.40723952651023865, 0.4072263836860657, 0.4074469804763794, 0.40726059675216675, 0.4072303771972656, 0.4072599411010742, 0.4072595238685608, 0.40770813822746277, 0.4073020815849304, 0.4073632061481476, 0.4072364568710327, 0.4072306752204895, 0.40722617506980896, 0.4072273373603821, 0.4072261154651642, 0.4072667062282562, 0.40731972455978394, 0.4076768457889557, 0.4076847732067108, 0.4073723256587982, 0.4073926508426666, 0.40729469060897827, 0.4072486460208893, 0.4073924720287323, 0.40730130672454834, 0.4072296917438507, 0.40723296999931335, 0.4072568118572235, 0.4072461724281311, 0.40722647309303284, 0.40722620487213135, 0.40725457668304443, 0.40722715854644775, 0.407308429479599, 0.4072323739528656, 0.40729132294654846, 0.40749412775039673, 0.40724247694015503, 0.40757331252098083, 0.4072684347629547, 0.4072344899177551, 0.40723609924316406, 0.40722739696502686, 0.4074503183364868, 0.4072994291782379, 0.40723174810409546, 0.407233327627182, 0.40722978115081787, 0.4073261022567749, 0.4072771370410919, 0.4072265923023224, 0.40725257992744446, 0.40725159645080566, 0.4081028997898102, 0.40722647309303284, 0.4074956476688385, 0.4077242314815521, 0.407253623008728, 0.40726202726364136, 0.4076366424560547, 0.40723034739494324, 0.40729227662086487, 0.4072914123535156, 0.40722939372062683, 0.4072553217411041, 0.4074373245239258, 0.4072261452674866, 0.40728360414505005, 0.40735378861427307, 0.40737614035606384, 0.40722835063934326, 0.40768197178840637, 0.40736639499664307, 0.40723320841789246, 0.40723633766174316, 0.40741366147994995, 0.40724506974220276, 0.4073117971420288, 0.407232403755188, 0.40724533796310425, 0.40724313259124756, 0.4074175953865051, 0.4073140621185303, 0.40733715891838074, 0.40722617506980896, 0.40725448727607727, 0.4072515070438385, 0.4072355031967163, 0.4072786569595337, 0.4074838161468506, 0.4072262644767761, 0.4074496328830719, 0.40724945068359375, 0.40723463892936707, 0.4072555601596832, 0.40726739168167114, 0.4078538119792938, 0.4074343144893646, 0.4074136018753052, 0.407327800989151, 0.40723225474357605, 0.40723666548728943, 0.40725958347320557, 0.4073580801486969, 0.40722671151161194, 0.4072631001472473, 0.4073019325733185, 0.4072733223438263, 0.40726569294929504, 0.40740108489990234, 0.40727630257606506, 0.4072643220424652, 0.40748855471611023, 0.4072759747505188, 0.4072592854499817, 0.4072398245334625, 0.4074159562587738, 0.40735867619514465, 0.4072321653366089, 0.4073459208011627, 0.4073866009712219, 0.4072515070438385, 0.40739601850509644, 0.40752995014190674, 0.40728721022605896, 0.40723785758018494, 0.4073461890220642, 0.40723174810409546, 0.4072466194629669, 0.40723663568496704, 0.40729302167892456, 0.4072701632976532, 0.40722817182540894, 0.40724003314971924, 0.40734344720840454, 0.407516747713089, 0.40727218985557556, 0.40757742524147034, 0.40743163228034973, 0.40819817781448364, 0.40732672810554504, 0.4074169993400574, 0.407278835773468, 0.4073290526866913, 0.4073781669139862, 0.40724918246269226, 0.4072660803794861, 0.40739890933036804, 0.4072393774986267, 0.4074769914150238, 0.4072262942790985, 0.4072708189487457, 0.4072534143924713, 0.4072323739528656, 0.40723949670791626, 0.4072295129299164, 0.4072421193122864, 0.4072282016277313, 0.4074585735797882, 0.4075615704059601, 0.40722766518592834, 0.4072262942790985, 0.40724313259124756, 0.40760311484336853, 0.4072667062282562, 0.40722671151161194, 0.40725070238113403, 0.4072331190109253, 0.40735962986946106, 0.4072566330432892, 0.40722665190696716, 0.40725940465927124, 0.4073966145515442, 0.40766897797584534, 0.4072265625, 0.4074689447879791, 0.40745222568511963, 0.4072277843952179, 0.40736308693885803, 0.4083407521247864, 0.4074217975139618, 0.40745124220848083, 0.40793532133102417, 0.407327800989151, 0.4072324335575104, 0.40739738941192627, 0.407541960477829, 0.4072273373603821, 0.4073866009712219, 0.4073587656021118, 0.40733352303504944, 0.4072452783584595, 0.40723350644111633, 0.40748146176338196, 0.4072796702384949, 0.40728509426116943, 0.4074922502040863, 0.4078550338745117, 0.407363623380661, 0.4072451889514923, 0.40735548734664917, 0.4073260426521301, 0.4073657989501953, 0.4072572588920593, 0.4072716236114502, 0.40782469511032104, 0.4078558087348938, 0.40727484226226807, 0.407270610332489, 0.4074837863445282, 0.4072611629962921, 0.4075584411621094, 0.40740424394607544, 0.407828688621521, 0.40775343775749207, 0.4073215425014496, 0.4075537919998169, 0.40739724040031433, 0.40722817182540894, 0.40722763538360596, 0.4072262644767761, 0.4076744019985199, 0.40745213627815247, 0.4072261154651642, 0.4072524905204773, 0.40740013122558594, 0.40728867053985596, 0.4073109030723572, 0.4072553515434265, 0.4072302281856537, 0.40729179978370667, 0.4075157046318054, 0.40725037455558777, 0.4072430431842804, 0.4072757959365845, 0.40723279118537903, 0.4073044955730438, 0.40729790925979614, 0.40749144554138184, 0.4073549211025238, 0.40728142857551575, 0.4072713553905487, 0.4073084890842438, 0.4072805643081665, 0.4072350263595581, 0.4075660705566406, 0.40776902437210083, 0.40722915530204773, 0.40731337666511536, 0.40727052092552185, 0.40731483697891235, 0.40733814239501953, 0.4072554111480713, 0.4072348475456238, 0.4072791337966919, 0.40725094079971313, 0.40725067257881165, 0.4072318375110626, 0.4073442816734314, 0.4072573184967041, 0.4072553217411041, 0.40733280777931213, 0.4072521924972534, 0.4072331190109253, 0.4072946608066559, 0.40766507387161255, 0.4074138402938843, 0.40724337100982666, 0.4072279632091522, 0.40722882747650146, 0.40722641348838806, 0.4072265625, 0.40723830461502075, 0.40737929940223694, 0.4072381556034088, 0.4074276089668274, 0.40723568201065063, 0.4077678620815277, 0.40755096077919006]",0.0,"[0.0, 0.0, 0.0, 0.0, 0.0, 0.0, 0.0, 0.0, 0.0, 0.0, 0.0, 0.0, 0.0, 0.0, 0.0, 0.0, 0.0, 0.0, 0.0, 0.0, 0.0, 0.0, 0.0, 0.0, 0.0, 0.0, 0.0, 0.0, 0.0, 0.0, 0.0, 0.0, 0.0, 0.0, 0.0, 0.0, 0.0, 0.0, 0.0, 0.0, 0.0, 0.0, 0.0, 0.0, 0.0, 0.0, 0.0, 0.0, 0.0, 0.0, 0.0, 0.0, 0.0, 0.0, 0.0, 0.0, 0.0, 0.0, 0.0, 0.0, 0.0, 0.0, 0.0, 0.0, 0.0, 0.0, 0.0, 0.0, 0.0, 0.0, 0.0, 0.0, 0.0, 0.0, 0.0, 0.0, 0.0, 0.0, 0.0, 0.0, 0.0, 0.0, 0.0, 0.0, 0.0, 0.0, 0.0, 0.0, 0.0, 0.0, 0.0, 0.0, 0.0, 0.0, 0.0, 0.0, 0.0, 0.0, 0.0, 0.0, 0.0, 0.0, 0.0, 0.0, 0.0, 0.0, 0.0, 0.0, 0.0, 0.0, 0.0, 0.0, 0.0, 0.0, 0.0, 0.0, 0.0, 0.0, 0.0, 0.0, 0.0, 0.0, 0.0, 0.0, 0.0, 0.0, 0.0, 0.0, 0.0, 0.0, 0.0, 0.0, 0.0, 0.0, 0.0, 0.0, 0.0, 0.0, 0.0, 0.0, 0.0, 0.0, 0.0, 0.0, 0.0, 0.0, 0.0, 0.0, 0.0, 0.0, 0.0, 0.0, 0.0, 0.0, 0.0, 0.0, 0.0, 0.0, 0.0, 0.0, 0.0, 0.0, 0.0, 0.0, 0.0, 0.0, 0.0, 0.0, 0.0, 0.0, 0.0, 0.0, 0.0, 0.0, 0.0, 0.0, 0.0, 0.0, 0.0, 0.0, 0.0, 0.0, 0.0, 0.0, 0.0, 0.0, 0.0, 0.0, 0.0, 0.0, 0.0, 0.0, 0.0, 0.0, 0.0, 0.0, 0.0, 0.0, 0.0, 0.0, 0.0, 0.0, 0.0, 0.0, 0.0, 0.0, 0.0, 0.0, 0.0, 0.0, 0.0, 0.0, 0.0, 0.0, 0.0, 0.0, 0.0, 0.0, 0.0, 0.0, 0.0, 0.0, 0.0, 0.0, 0.0, 0.0, 0.0, 0.0, 0.0, 0.0, 0.0, 0.0, 0.0, 0.0, 0.0, 0.0, 0.0, 0.0, 0.0, 0.0, 0.0, 0.0, 0.0, 0.0, 0.0, 0.0, 0.0, 0.0, 0.0, 0.0, 0.0, 0.0, 0.0, 0.0, 0.0, 0.0, 0.0, 0.0, 0.0, 0.0, 0.0, 0.0, 0.0, 0.0, 0.0, 0.0, 0.0, 0.0, 0.0, 0.0, 0.0, 0.0, 0.0, 0.0, 0.0, 0.0, 0.0, 0.0, 0.0, 0.0, 0.0, 0.0, 0.0, 0.0, 0.0, 0.0, 0.0, 0.0, 0.0, 0.0, 0.0, 0.0, 0.0, 0.0, 0.0, 0.0, 0.0, 0.0, 0.0, 0.0, 0.0, 0.0, 0.0, 0.0, 0.0, 0.0, 0.0, 0.0, 0.0, 0.0, 0.0, 0.0, 0.0, 0.0, 0.0, 0.0, 0.0, 0.0, 0.0, 0.0, 0.0, 0.0, 0.0, 0.0, 0.0, 0.0, 0.0, 0.0, 0.0, 0.0, 0.0, 0.0, 0.0, 0.0, 0.0, 0.0, 0.0, 0.0, 0.0, 0.0, 0.0, 0.0, 0.0, 0.0, 0.0, 0.0, 0.0, 0.0, 0.0, 0.0, 0.0, 0.0, 0.0, 0.0, 0.0, 0.0, 0.0, 0.0, 0.0, 0.0, 0.0, 0.0, 0.0, 0.0, 0.0, 0.0, 0.0, 0.0, 0.0, 0.0, 0.0, 0.0, 0.0, 0.0, 0.0, 0.0, 0.0, 0.0, 0.0, 0.0]",COMPLETE
