,number,value,datetime_start,datetime_complete,duration,params_batch_size_scaler,params_constant_learning_rate,params_depth,params_epochs,params_kernel_l2,params_num_trees,params_temperature,user_attrs_accuracy_test,user_attrs_accuracy_valid,user_attrs_approximate_feature_sparsity,user_attrs_approximate_feature_sparsity_history,user_attrs_approximate_weight_sparsity,user_attrs_approximate_weight_sparsity_history,user_attrs_auc_test,user_attrs_auc_valid,user_attrs_feature_sparsity,user_attrs_feature_sparsity_history,user_attrs_num_epochs,user_attrs_val_loss_history,user_attrs_weight_sparsity,user_attrs_weight_sparsity_history,state
163,163,0.8475866599683116,2024-08-31 08:09:28.129784,2024-08-31 08:10:50.967756,0 days 00:01:22.837972,16,5.139244994533183,4,480,0.11580457787081133,99,0.0021197768296595545,0.881,0.89,5,"[33, 32, 12, 6, 6, 6, 6, 6, 6, 6, 6, 6, 6, 6, 6, 6, 6, 6, 6, 6, 6, 6, 6, 6, 6, 6, 6, 6, 6, 6, 6, 6, 6, 6, 6, 6, 6, 6, 6, 6, 6, 6, 6, 6, 6, 6, 6, 6, 6, 6, 6, 6, 6, 6, 6, 6, 5, 5, 5, 5, 5, 5, 5, 5, 5, 5, 5, 5, 5, 5, 5, 5, 5, 5, 5, 5, 5, 5, 5, 5, 5, 5, 5, 5, 5, 5, 5, 5, 5, 5, 5, 5, 5, 5, 5, 5, 5, 5, 5, 5, 5, 5, 5, 5, 5, 5, 5, 5, 5, 5, 5, 5, 5, 5, 5, 5, 5, 5, 5, 5, 5, 5, 5, 5, 5, 5, 5, 5, 5, 5, 5, 5, 5, 5, 5, 5, 5, 5, 5, 5, 5, 5, 5, 5, 5, 5, 5, 5, 5, 5, 5, 5, 5, 5, 5, 5, 5, 5, 5, 5, 5, 5, 5, 5, 5, 5, 5, 5, 5, 5, 5, 5, 5, 5, 5, 5, 5, 5, 5, 5, 5, 5, 5, 5, 5, 5, 5, 5, 5, 5, 5, 5, 5, 5, 5, 5, 5, 5, 5, 5, 5, 5, 5, 5, 5, 5, 5, 5, 5, 5, 5, 5, 5, 5, 5, 5, 5, 5, 5, 5, 5, 5, 5, 5, 5, 5, 5, 5, 5, 5, 5, 5, 5, 5, 5, 5, 5, 5, 5, 5, 5, 5, 5, 5, 5, 5, 5, 5, 5, 5, 5, 5, 5, 5, 5, 5, 5, 5, 5, 5, 5, 5, 5, 5, 5, 5, 5, 5, 5, 5, 5, 5, 5, 5, 5, 5, 5, 5, 5, 5, 5, 5, 5, 5, 5, 5, 5, 5, 5, 5, 5, 5, 5, 5, 5, 5, 5, 5, 5, 5, 5, 5, 5, 5, 5, 5, 5, 5, 5, 5, 5, 5, 5, 5, 5, 5, 5, 5, 5, 5, 5, 5, 5, 5, 5, 5, 5, 5, 5, 5, 5, 5, 5, 5, 5, 5, 5, 5, 5, 5, 5, 5, 5, 5, 5, 5, 5, 5, 5, 5, 5, 5, 5, 5, 5, 5, 5, 5, 5, 5, 5, 5, 5, 5, 5, 5, 5, 5, 5, 5, 5, 5, 5, 5, 5, 5, 5, 5, 5, 5, 5, 5, 5, 5, 5, 5, 5, 5, 5, 5, 5, 5, 5, 5, 5, 5, 5, 5, 5, 5, 5, 5, 5, 5, 5, 5, 5, 5, 5, 5, 5, 5, 5, 5, 5, 5, 5, 5, 5, 5, 5, 5, 5, 5, 5, 5, 5, 5, 5, 5, 5, 5, 5, 5, 5, 5, 5, 5, 5, 5, 5, 5, 5, 5, 5, 5, 5, 5, 5, 5, 5, 5, 5, 5, 5, 5, 5, 5, 5, 5, 5, 5, 5, 5, 5, 5, 5, 5, 5, 5, 5, 5, 5, 5, 5, 5, 5, 5, 5, 5]",4.9185185185185185,"[32.935353535353535, 31.94074074074074, 11.98922558922559, 5.9966329966329965, 5.993265993265993, 5.993939393939393, 5.997979797979799, 5.994612794612794, 5.997306397306398, 5.995286195286195, 5.991245791245791, 5.995286195286195, 5.995959595959596, 5.994612794612794, 5.994612794612795, 5.987205387205387, 5.993265993265993, 5.993939393939393, 5.994612794612794, 5.993265993265993, 5.993939393939393, 5.995286195286195, 5.993939393939394, 5.997306397306398, 5.994612794612794, 5.994612794612795, 5.994612794612794, 5.995959595959596, 5.994612794612794, 5.995959595959596, 5.9966329966329965, 5.995286195286194, 5.992592592592593, 5.993939393939394, 5.993939393939394, 5.991919191919192, 5.993939393939393, 5.993939393939394, 5.991245791245791, 5.992592592592593, 5.994612794612795, 5.993265993265993, 5.995286195286194, 5.99057239057239, 5.994612794612793, 5.994612794612794, 5.991919191919192, 5.992592592592593, 5.995286195286195, 5.995959595959596, 5.995286195286195, 5.995286195286195, 5.994612794612794, 5.995286195286194, 5.993939393939394, 5.992592592592593, 4.995286195286195, 4.9959595959595955, 4.9959595959595955, 4.993265993265993, 4.994612794612794, 4.994612794612794, 4.994612794612794, 4.994612794612794, 4.997306397306398, 4.9959595959595955, 4.994612794612794, 4.993939393939393, 4.9959595959595955, 4.994612794612794, 4.9959595959595955, 4.995959595959596, 4.995286195286195, 4.992592592592592, 4.993939393939394, 4.994612794612794, 4.992592592592592, 4.995959595959596, 4.9959595959595955, 4.993265993265993, 4.993939393939394, 4.997306397306397, 4.993265993265993, 4.998653198653199, 4.995286195286195, 4.9966329966329965, 4.995286195286195, 4.991245791245791, 4.994612794612794, 4.9959595959595955, 4.9966329966329965, 4.991919191919192, 4.995286195286195, 4.995286195286195, 4.995286195286195, 4.9959595959595955, 4.994612794612794, 4.995286195286195, 4.995959595959596, 4.997979797979798, 4.995959595959596, 4.993939393939394, 4.992592592592593, 4.9966329966329965, 4.991919191919192, 4.993265993265993, 4.9959595959595955, 4.993939393939394, 4.9966329966329965, 4.994612794612794, 4.993939393939394, 4.995286195286195, 4.995286195286195, 4.993939393939393, 4.997306397306397, 4.993939393939394, 4.9966329966329965, 4.995286195286195, 4.98989898989899, 4.991919191919192, 4.991919191919192, 4.992592592592592, 4.995286195286195, 4.9959595959595955, 4.992592592592593, 4.988552188552188, 4.991245791245791, 4.993265993265993, 4.993265993265993, 4.992592592592592, 4.98989898989899, 4.991245791245791, 4.994612794612794, 4.995286195286195, 4.993939393939394, 4.993939393939394, 4.993265993265993, 4.9966329966329965, 4.993265993265993, 4.992592592592593, 4.993939393939394, 4.994612794612795, 4.993265993265993, 4.994612794612795, 4.992592592592593, 4.993939393939394, 4.993939393939394, 4.991919191919192, 4.997306397306398, 4.993939393939394, 4.991245791245791, 4.991919191919192, 4.993939393939394, 4.994612794612794, 4.992592592592592, 4.993939393939394, 4.992592592592592, 4.992592592592592, 4.989225589225589, 4.992592592592593, 4.989225589225589, 4.990572390572391, 4.991919191919192, 4.991919191919192, 4.990572390572391, 4.986531986531986, 4.987878787878788, 4.990572390572391, 4.98989898989899, 4.990572390572391, 4.992592592592592, 4.98989898989899, 4.993265993265993, 4.994612794612794, 4.993939393939394, 4.991245791245791, 4.993939393939394, 4.98989898989899, 4.9892255892255895, 4.991919191919192, 4.98989898989899, 4.986531986531987, 4.990572390572391, 4.990572390572391, 4.98989898989899, 4.989225589225589, 4.988552188552188, 4.991919191919192, 4.988552188552188, 4.991245791245791, 4.985858585858585, 4.9892255892255895, 4.987205387205387, 4.984511784511785, 4.988552188552188, 4.985185185185185, 4.985185185185185, 4.98989898989899, 4.988552188552188, 4.991245791245791, 4.988552188552188, 4.987205387205387, 4.988552188552188, 4.98989898989899, 4.9892255892255895, 4.985185185185185, 4.9892255892255895, 4.986531986531987, 4.985858585858586, 4.983838383838384, 4.985185185185185, 4.988552188552188, 4.98989898989899, 4.987878787878788, 4.987878787878787, 4.983838383838384, 4.985185185185186, 4.9892255892255895, 4.985858585858586, 4.98989898989899, 4.986531986531987, 4.985858585858586, 4.9824915824915825, 4.981144781144781, 4.987878787878788, 4.988552188552188, 4.985185185185185, 4.986531986531987, 4.9824915824915825, 4.983838383838384, 4.986531986531986, 4.987205387205387, 4.986531986531987, 4.98047138047138, 4.981144781144781, 4.985858585858586, 4.984511784511785, 4.98047138047138, 4.983164983164983, 4.977777777777778, 4.98047138047138, 4.98047138047138, 4.976430976430976, 4.977104377104377, 4.978451178451178, 4.977104377104377, 4.9818181818181815, 4.977777777777778, 4.977777777777778, 4.9824915824915825, 4.9818181818181815, 4.9824915824915825, 4.974410774410774, 4.981144781144781, 4.979124579124579, 4.9824915824915825, 4.979797979797979, 4.985185185185186, 4.98047138047138, 4.978451178451178, 4.983164983164983, 4.977777777777778, 4.9818181818181815, 4.98047138047138, 4.977104377104377, 4.97979797979798, 4.977777777777778, 4.981144781144781, 4.979124579124579, 4.973063973063973, 4.979124579124579, 4.979124579124579, 4.979797979797979, 4.977777777777778, 4.979124579124579, 4.975757575757576, 4.98047138047138, 4.971043771043771, 4.973737373737373, 4.96969696969697, 4.977777777777778, 4.972390572390573, 4.978451178451179, 4.974410774410774, 4.976430976430976, 4.971717171717171, 4.971043771043771, 4.974410774410774, 4.975084175084175, 4.976430976430977, 4.973063973063973, 4.974410774410774, 4.979124579124579, 4.975757575757576, 4.974410774410774, 4.976430976430976, 4.975757575757576, 4.975757575757576, 4.977777777777778, 4.977104377104377, 4.976430976430977, 4.967003367003367, 4.973737373737373, 4.969023569023569, 4.96969696969697, 4.970370370370371, 4.971717171717172, 4.96969696969697, 4.973063973063973, 4.967003367003366, 4.9683501683501685, 4.970370370370371, 4.973063973063972, 4.9683501683501685, 4.971043771043771, 4.970370370370371, 4.973063973063973, 4.972390572390572, 4.969023569023569, 4.964309764309764, 4.96969696969697, 4.9676767676767675, 4.967676767676768, 4.971717171717171, 4.971717171717171, 4.969023569023569, 4.96969696969697, 4.961616161616162, 4.966329966329966, 4.96026936026936, 4.958249158249158, 4.962289562289563, 4.97037037037037, 4.9609427609427605, 4.965656565656566, 4.96026936026936, 4.96969696969697, 4.96902356902357, 4.967003367003367, 4.9683501683501685, 4.9676767676767675, 4.97037037037037, 4.966329966329966, 4.9676767676767675, 4.966329966329966, 4.964309764309764, 4.96969696969697, 4.9676767676767675, 4.962289562289563, 4.9683501683501685, 4.961616161616162, 4.961616161616162, 4.9683501683501685, 4.9683501683501685, 4.961616161616162, 4.966329966329966, 4.967003367003367, 4.964309764309764, 4.9602693602693595, 4.961616161616162, 4.964309764309764, 4.959595959595959, 4.963636363636364, 4.962289562289563, 4.958249158249158, 4.959595959595959, 4.959595959595959, 4.963636363636364, 4.956902356902357, 4.959595959595959, 4.962289562289563, 4.963636363636363, 4.962289562289563, 4.961616161616162, 4.962289562289562, 4.960942760942761, 4.9609427609427605, 4.962289562289563, 4.962289562289562, 4.963636363636363, 4.9609427609427605, 4.964983164983165, 4.96026936026936, 4.961616161616162, 4.958249158249158, 4.958922558922559, 4.962289562289563, 4.957575757575757, 4.961616161616162, 4.959595959595959, 4.963636363636363, 4.9609427609427605, 4.963636363636364, 4.958922558922559, 4.958922558922558, 4.9535353535353535, 4.956228956228956, 4.956228956228956, 4.956902356902357, 4.948148148148148, 4.9542087542087545, 4.956902356902357, 4.955555555555556, 4.960942760942761, 4.9542087542087545, 4.956228956228956, 4.9535353535353535, 4.955555555555556, 4.951515151515151, 4.958922558922559, 4.956902356902357, 4.950841750841751, 4.9535353535353535, 4.950841750841751, 4.9542087542087545, 4.948821548821549, 4.942087542087542, 4.947474747474748, 4.950841750841751, 4.9468013468013465, 4.943434343434344, 4.944781144781144, 4.952861952861952, 4.9542087542087545, 4.954882154882155, 4.947474747474748, 4.948148148148148, 4.948821548821549, 4.948148148148148, 4.952861952861952, 4.944107744107744, 4.944107744107744, 4.944107744107744, 4.9461279461279455, 4.948821548821549, 4.9542087542087545, 4.9542087542087545, 4.948821548821549, 4.948821548821549, 4.952861952861953, 4.947474747474748, 4.947474747474748, 4.948148148148149, 4.948148148148149, 4.95016835016835, 4.94949494949495, 4.948148148148149, 4.948821548821549, 4.944781144781145, 4.947474747474748, 4.946127946127946, 4.945454545454545, 4.946801346801347, 4.944107744107744, 4.942087542087542, 4.943434343434343, 4.940740740740741, 4.942087542087542, 4.937373737373737, 4.935353535353535, 4.938720538720538, 4.934680134680135, 4.9393939393939394, 4.935353535353535, 4.931313131313131, 4.935353535353535, 4.928619528619529, 4.929292929292929, 4.922558922558923, 4.925252525252525, 4.925252525252525, 4.925925925925926, 4.927272727272727, 4.923905723905724, 4.923905723905724, 4.92053872053872, 4.915824915824916, 4.9185185185185185, 4.921212121212122, 4.9185185185185185]",0.8513651863043782,0.8475866599683116,5,"[33, 32, 12, 6, 6, 6, 6, 6, 6, 6, 6, 6, 6, 6, 6, 6, 6, 6, 6, 6, 6, 6, 6, 6, 6, 6, 6, 6, 6, 6, 6, 6, 6, 6, 6, 6, 6, 6, 6, 6, 6, 6, 6, 6, 6, 6, 6, 6, 6, 6, 6, 6, 6, 6, 6, 6, 5, 5, 5, 5, 5, 5, 5, 5, 5, 5, 5, 5, 5, 5, 5, 5, 5, 5, 5, 5, 5, 5, 5, 5, 5, 5, 5, 5, 5, 5, 5, 5, 5, 5, 5, 5, 5, 5, 5, 5, 5, 5, 5, 5, 5, 5, 5, 5, 5, 5, 5, 5, 5, 5, 5, 5, 5, 5, 5, 5, 5, 5, 5, 5, 5, 5, 5, 5, 5, 5, 5, 5, 5, 5, 5, 5, 5, 5, 5, 5, 5, 5, 5, 5, 5, 5, 5, 5, 5, 5, 5, 5, 5, 5, 5, 5, 5, 5, 5, 5, 5, 5, 5, 5, 5, 5, 5, 5, 5, 5, 5, 5, 5, 5, 5, 5, 5, 5, 5, 5, 5, 5, 5, 5, 5, 5, 5, 5, 5, 5, 5, 5, 5, 5, 5, 5, 5, 5, 5, 5, 5, 5, 5, 5, 5, 5, 5, 5, 5, 5, 5, 5, 5, 5, 5, 5, 5, 5, 5, 5, 5, 5, 5, 5, 5, 5, 5, 5, 5, 5, 5, 5, 5, 5, 5, 5, 5, 5, 5, 5, 5, 5, 5, 5, 5, 5, 5, 5, 5, 5, 5, 5, 5, 5, 5, 5, 5, 5, 5, 5, 5, 5, 5, 5, 5, 5, 5, 5, 5, 5, 5, 5, 5, 5, 5, 5, 5, 5, 5, 5, 5, 5, 5, 5, 5, 5, 5, 5, 5, 5, 5, 5, 5, 5, 5, 5, 5, 5, 5, 5, 5, 5, 5, 5, 5, 5, 5, 5, 5, 5, 5, 5, 5, 5, 5, 5, 5, 5, 5, 5, 5, 5, 5, 5, 5, 5, 5, 5, 5, 5, 5, 5, 5, 5, 5, 5, 5, 5, 5, 5, 5, 5, 5, 5, 5, 5, 5, 5, 5, 5, 5, 5, 5, 5, 5, 5, 5, 5, 5, 5, 5, 5, 5, 5, 5, 5, 5, 5, 5, 5, 5, 5, 5, 5, 5, 5, 5, 5, 5, 5, 5, 5, 5, 5, 5, 5, 5, 5, 5, 5, 5, 5, 5, 5, 5, 5, 5, 5, 5, 5, 5, 5, 5, 5, 5, 5, 5, 5, 5, 5, 5, 5, 5, 5, 5, 5, 5, 5, 5, 5, 5, 5, 5, 5, 5, 5, 5, 5, 5, 5, 5, 5, 5, 5, 5, 5, 5, 5, 5, 5, 5, 5, 5, 5, 5, 5, 5, 5, 5, 5, 5, 5, 5, 5, 5, 5, 5, 5, 5, 5, 5, 5, 5, 5, 5, 5, 5, 5, 5, 5, 5, 5, 5, 5, 5, 5, 5, 5, 5, 5, 5, 5, 5, 5]",480,"[3.479097843170166, 1.4758278131484985, 3.826030969619751, 0.4097723662853241, 3.827894926071167, 3.7190816402435303, 2.6281490325927734, 0.775200605392456, 6.275652885437012, 0.9983856081962585, 0.904930591583252, 0.8792279958724976, 0.4138096868991852, 0.46223679184913635, 0.5560452938079834, 1.5888266563415527, 5.428693771362305, 0.7857649922370911, 0.8825042843818665, 4.190892696380615, 0.49000176787376404, 0.753633975982666, 1.8686059713363647, 2.553497076034546, 0.4681566655635834, 0.996196448802948, 4.248351097106934, 1.0013715028762817, 3.1276636123657227, 0.9553347826004028, 1.749293327331543, 0.5140817165374756, 2.190369129180908, 1.2232015132904053, 6.433777332305908, 1.7935783863067627, 4.387511253356934, 0.5432446599006653, 0.668128490447998, 0.5662987232208252, 1.0325891971588135, 4.5402512550354, 0.908113956451416, 0.4643080532550812, 1.4476197957992554, 0.7240154147148132, 3.6845688819885254, 0.4870756268501282, 0.5740082263946533, 0.7874619960784912, 0.5457155704498291, 0.7271735668182373, 1.0147887468338013, 3.770522117614746, 0.5404407382011414, 0.5511758327484131, 0.4624876379966736, 1.12929105758667, 0.6020008325576782, 0.47328078746795654, 0.7548213005065918, 1.280140995979309, 1.0240570306777954, 0.539935290813446, 0.4187684655189514, 0.494340181350708, 0.9242466688156128, 0.7166668772697449, 0.8981910943984985, 1.397885799407959, 0.45662811398506165, 0.6064286231994629, 0.4020896852016449, 2.6697187423706055, 0.5983303189277649, 0.4682287573814392, 0.3745919466018677, 3.6094610691070557, 0.7542313933372498, 0.45924922823905945, 2.238640069961548, 0.4819043278694153, 1.276998519897461, 0.4866563081741333, 3.744636297225952, 0.6331207752227783, 1.5082550048828125, 0.39133355021476746, 0.7592923045158386, 0.46784675121307373, 3.869131565093994, 0.5834593772888184, 1.571217656135559, 1.5537256002426147, 0.38535118103027344, 0.47901374101638794, 0.943682849407196, 1.6344224214553833, 0.4317702353000641, 0.7488691210746765, 0.5413467884063721, 1.7614554166793823, 0.9431593418121338, 1.2369065284729004, 0.4282224178314209, 0.635127067565918, 0.41792312264442444, 0.4121357202529907, 0.8897882699966431, 1.6862126588821411, 0.7746642231941223, 0.3876061737537384, 1.0886268615722656, 0.5756202936172485, 0.43306219577789307, 2.399146795272827, 2.639889717102051, 0.37859970331192017, 2.0517876148223877, 0.4607148766517639, 2.2268495559692383, 0.35917332768440247, 2.2775652408599854, 2.7224678993225098, 0.42909005284309387, 0.40905389189720154, 0.36055076122283936, 0.47739699482917786, 1.3890341520309448, 0.6290470361709595, 4.318392276763916, 0.549679160118103, 0.48571595549583435, 0.3440994620323181, 0.6261500716209412, 0.5553291440010071, 3.1457860469818115, 0.47558367252349854, 0.9644140601158142, 0.5742930769920349, 0.416925311088562, 0.8225008249282837, 0.40676581859588623, 0.42073512077331543, 0.45926395058631897, 1.682289719581604, 0.6990463137626648, 0.7229545712471008, 0.9519461989402771, 0.5452271103858948, 2.588383436203003, 2.8817336559295654, 4.846129417419434, 4.434463977813721, 0.5464622974395752, 0.5628595948219299, 0.6359047293663025, 1.8927651643753052, 0.44587746262550354, 0.4661647379398346, 0.9152784943580627, 0.3929723799228668, 0.43298736214637756, 0.4801255464553833, 1.6984845399856567, 0.47996169328689575, 0.40634673833847046, 1.5247882604599, 0.6132911443710327, 1.804487705230713, 0.3545166850090027, 2.7772066593170166, 0.591065526008606, 0.7398214936256409, 0.4560765326023102, 2.830940008163452, 0.775411069393158, 0.40532538294792175, 0.4431821405887604, 0.46944403648376465, 0.976673424243927, 2.292800188064575, 0.7123034000396729, 0.4834491014480591, 0.6931419372558594, 0.7396097779273987, 2.6108453273773193, 0.3443283140659332, 2.0714621543884277, 3.2856340408325195, 1.5517759323120117, 0.47027018666267395, 2.49372935295105, 0.4506849944591522, 1.6514074802398682, 0.4272944927215576, 0.9770993590354919, 0.5947750806808472, 0.4407579004764557, 0.6501235365867615, 0.9603472948074341, 1.4188238382339478, 1.9016940593719482, 0.38910189270973206, 0.43207862973213196, 3.186465263366699, 1.153082013130188, 0.8712027668952942, 0.3555891513824463, 0.5800320506095886, 0.6039484143257141, 0.8720762133598328, 2.923567295074463, 1.729825496673584, 0.390862375497818, 0.47124919295310974, 0.6472296118736267, 1.2323236465454102, 0.3767206072807312, 0.6054904460906982, 1.512941837310791, 0.49852943420410156, 0.36620253324508667, 0.9115546941757202, 0.38029250502586365, 0.5140775442123413, 0.6019795536994934, 0.5918993353843689, 1.8259397745132446, 1.3827805519104004, 1.2920961380004883, 0.5611045360565186, 0.4671191871166229, 0.44288408756256104, 0.722830593585968, 2.3530969619750977, 0.44752728939056396, 1.0963144302368164, 0.5213178992271423, 0.5160964727401733, 3.9803061485290527, 0.6189958453178406, 0.37615329027175903, 0.44423067569732666, 0.6792323589324951, 0.7467057704925537, 0.677635133266449, 0.9915343523025513, 5.869576454162598, 0.6274700164794922, 0.6227431297302246, 0.6786258220672607, 0.3796479403972626, 0.5459246635437012, 0.4527173638343811, 0.4516332149505615, 1.3979264497756958, 0.3738808333873749, 2.482482671737671, 0.38203108310699463, 0.6895149350166321, 0.38839393854141235, 0.5869840383529663, 0.7277020812034607, 1.6913323402404785, 0.4118615686893463, 0.6012465953826904, 0.516707181930542, 1.3632380962371826, 0.4416578710079193, 0.6173473596572876, 0.5174382925033569, 0.4040389955043793, 0.7103602886199951, 1.782233476638794, 0.787360429763794, 5.199652194976807, 0.4030989706516266, 2.628983736038208, 0.3943665325641632, 0.4553839862346649, 0.7850217223167419, 0.4878763258457184, 0.4039997458457947, 0.512290358543396, 0.42441681027412415, 0.40881165862083435, 1.1615025997161865, 0.6753167510032654, 0.3702128529548645, 0.9765926599502563, 0.6591424345970154, 0.5314608216285706, 0.9251871705055237, 1.1754143238067627, 0.4857923984527588, 0.7334080338478088, 1.4613866806030273, 0.4023241102695465, 1.3680996894836426, 0.8483391404151917, 0.37588196992874146, 0.7312362194061279, 1.0354984998703003, 0.38656142354011536, 0.5906628966331482, 0.4160374104976654, 0.47069454193115234, 0.4941270053386688, 0.4484209716320038, 0.44154608249664307, 0.4486989676952362, 1.1705392599105835, 0.45758911967277527, 0.3440510928630829, 1.0602540969848633, 0.3653791844844818, 0.7800684571266174, 0.3697746992111206, 0.7191176414489746, 0.33061179518699646, 0.5920028686523438, 0.3621234893798828, 0.38542285561561584, 0.5952710509300232, 0.5816746354103088, 0.42124462127685547, 0.3677508533000946, 0.42611458897590637, 3.657482624053955, 0.3949989676475525, 0.9381808638572693, 0.3874639868736267, 0.45391762256622314, 0.4104323983192444, 0.6153864860534668, 1.2673696279525757, 0.4158574938774109, 0.5661296248435974, 0.46242669224739075, 2.8527305126190186, 0.41536208987236023, 0.8240401744842529, 0.44190487265586853, 0.767709493637085, 0.5050102472305298, 1.4962464570999146, 0.645892322063446, 0.6062535643577576, 1.4162211418151855, 0.8629111647605896, 0.3640800416469574, 1.535111904144287, 0.5363941192626953, 0.9122466444969177, 0.3798712491989136, 0.626185953617096, 0.7027220129966736, 0.6778215169906616, 0.38521498441696167, 0.5819140672683716, 0.9564616680145264, 0.8722248077392578, 0.3809775412082672, 0.4513097107410431, 0.6580026149749756, 1.888680100440979, 0.4414432644844055, 0.6993976831436157, 0.7301685810089111, 0.3702794015407562, 2.147857189178467, 0.7294784784317017, 0.6260767579078674, 0.5776053071022034, 0.587729275226593, 0.42100247740745544, 0.6629437804222107, 0.40218472480773926, 0.7054546475410461, 0.47869712114334106, 2.722282648086548, 0.5656213164329529, 0.5407743453979492, 1.4955313205718994, 0.564918577671051, 0.38701102137565613, 0.4298422634601593, 0.4653373658657074, 0.7477154731750488, 0.3966048061847687, 0.3870092034339905, 5.77449893951416, 1.988059639930725, 0.4449503719806671, 0.5633260607719421, 0.47372475266456604, 1.7884492874145508, 0.4899104833602905, 0.5562611222267151, 1.546905517578125, 0.7675566673278809, 0.6985685229301453, 4.034512042999268, 1.2013856172561646, 1.794823169708252, 0.8576118350028992, 3.1041336059570312, 0.35649317502975464, 0.555412232875824, 0.4984055459499359, 0.5853385329246521, 0.6689902544021606, 0.5021089911460876, 0.967958927154541, 0.3714340627193451, 0.3619382381439209, 0.40005141496658325, 1.3307911157608032, 0.3552205264568329, 2.555917263031006, 0.9640812873840332, 2.1552798748016357, 0.5225010514259338, 0.5948360562324524, 0.4442347586154938, 0.3901454508304596, 0.7407238483428955, 0.5456458330154419, 0.549223005771637, 1.184685468673706, 0.3501795828342438, 0.5460132360458374, 0.36387431621551514, 0.594948947429657, 0.7335350513458252, 0.8106980919837952, 0.841806948184967, 1.1273508071899414, 2.6584317684173584, 0.4120903015136719, 1.593247652053833, 0.45266687870025635, 0.38700225949287415, 0.6195956468582153, 0.5037133097648621, 0.4265241324901581, 0.8526347875595093, 0.4355345070362091, 0.7757010459899902, 0.5883417725563049, 0.39900103211402893, 0.6795763373374939, 0.40409085154533386, 0.39341163635