,number,value,datetime_start,datetime_complete,duration,params_batch_size_scaler,params_constant_learning_rate,params_depth,params_epochs,params_kernel_l2,params_num_trees,params_temperature,user_attrs_accuracy_test,user_attrs_accuracy_valid,user_attrs_approximate_feature_sparsity,user_attrs_approximate_feature_sparsity_history,user_attrs_approximate_weight_sparsity,user_attrs_approximate_weight_sparsity_history,user_attrs_auc_test,user_attrs_auc_valid,user_attrs_feature_sparsity,user_attrs_feature_sparsity_history,user_attrs_num_epochs,user_attrs_val_loss_history,user_attrs_weight_sparsity,user_attrs_weight_sparsity_history,state
164,164,0.5,2024-08-31 08:10:53.824980,2024-08-31 08:12:45.582824,0 days 00:01:51.757844,1,8.051613578298527,4,130,0.03588867585099123,45,0.008788308117351542,0.859,0.85875,0,"[0, 0, 0, 0, 0, 0, 0, 0, 0, 0, 0, 0, 0, 0, 0, 0, 0, 0, 0, 0, 0, 0, 0, 0, 0, 0, 0, 0, 0, 0, 0, 0, 0, 0, 0, 0, 0, 0, 0, 0, 0, 0, 0, 0, 0, 0, 0, 0, 0, 0, 0, 0, 0, 0, 0, 0, 0, 0, 0, 0, 0, 0, 0, 0, 0, 0, 0, 0, 0, 0, 0, 0, 0, 0, 0, 0, 0, 0, 0, 0, 0, 0, 0, 0, 0, 0, 0, 0, 0, 0, 0, 0, 0, 0, 0, 0, 0, 0, 0, 0, 0, 0, 0, 0, 0, 0, 0, 0, 0, 0, 0, 0, 0, 0, 0, 0, 0, 0, 0, 0, 0, 0, 0, 0, 0, 0, 0, 0, 0, 0]",0.0,"[0.0, 0.0, 0.0, 0.0, 0.0, 0.0, 0.0, 0.0, 0.0, 0.0, 0.0, 0.0, 0.0, 0.0, 0.0, 0.0, 0.0, 0.0, 0.0, 0.0, 0.0, 0.0, 0.0, 0.0, 0.0, 0.0, 0.0, 0.0, 0.0, 0.0, 0.0, 0.0, 0.0, 0.0, 0.0, 0.0, 0.0, 0.0, 0.0, 0.0, 0.0, 0.0, 0.0, 0.0, 0.0, 0.0, 0.0, 0.0, 0.0, 0.0, 0.0, 0.0, 0.0, 0.0, 0.0, 0.0, 0.0, 0.0, 0.0, 0.0, 0.0, 0.0, 0.0, 0.0, 0.0, 0.0, 0.0, 0.0, 0.0, 0.0, 0.0, 0.0, 0.0, 0.0, 0.0, 0.0, 0.0, 0.0, 0.0, 0.0, 0.0, 0.0, 0.0, 0.0, 0.0, 0.0, 0.0, 0.0, 0.0, 0.0, 0.0, 0.0, 0.0, 0.0, 0.0, 0.0, 0.0, 0.0, 0.0, 0.0, 0.0, 0.0, 0.0, 0.0, 0.0, 0.0, 0.0, 0.0, 0.0, 0.0, 0.0, 0.0, 0.0, 0.0, 0.0, 0.0, 0.0, 0.0, 0.0, 0.0, 0.0, 0.0, 0.0, 0.0, 0.0, 0.0, 0.0, 0.0, 0.0, 0.0]",0.5,0.5,0,"[0, 0, 0, 0, 0, 0, 0, 0, 0, 0, 0, 0, 0, 0, 0, 0, 0, 0, 0, 0, 0, 0, 0, 0, 0, 0, 0, 0, 0, 0, 0, 0, 0, 0, 0, 0, 0, 0, 0, 0, 0, 0, 0, 0, 0, 0, 0, 0, 0, 0, 0, 0, 0, 0, 0, 0, 0, 0, 0, 0, 0, 0, 0, 0, 0, 0, 0, 0, 0, 0, 0, 0, 0, 0, 0, 0, 0, 0, 0, 0, 0, 0, 0, 0, 0, 0, 0, 0, 0, 0, 0, 0, 0, 0, 0, 0, 0, 0, 0, 0, 0, 0, 0, 0, 0, 0, 0, 0, 0, 0, 0, 0, 0, 0, 0, 0, 0, 0, 0, 0, 0, 0, 0, 0, 0, 0, 0, 0, 0, 0]",130,"[0.6240671277046204, 1.5290216207504272, 0.578656017780304, 4.400176525115967, 1.7489677667617798, 0.6019033193588257, 0.6159343123435974, 4.508234024047852, 4.1304707527160645, 2.254509449005127, 2.1218225955963135, 0.5536304712295532, 0.5561637282371521, 0.892193078994751, 0.9453644752502441, 3.9306728839874268, 1.8021425008773804, 1.884835958480835, 0.9182791709899902, 2.7700982093811035, 3.749124765396118, 0.8599479794502258, 4.837280750274658, 1.7295684814453125, 2.7791378498077393, 1.0838096141815186, 0.9479588270187378, 3.3212709426879883, 4.119534492492676, 0.9654093980789185, 5.9708991050720215, 0.7917479872703552, 4.141046047210693, 0.44077643752098083, 1.1542487144470215, 4.025914192199707, 1.871288776397705, 0.5516546368598938, 3.799954414367676, 0.5630397200584412, 0.6592714786529541, 2.518693447113037, 2.4501962661743164, 5.066281795501709, 4.120985507965088, 2.0125732421875, 4.812880039215088, 2.3403217792510986, 0.40868285298347473, 3.075345516204834, 2.121480941772461, 3.7210965156555176, 2.9209952354431152, 3.5580148696899414, 2.4086198806762695, 1.628139615058899, 2.910383939743042, 1.1093112230300903, 1.2427141666412354, 3.1705307960510254, 2.6690971851348877, 4.617713451385498, 2.2874372005462646, 0.5629168748855591, 5.720003604888916, 2.839348554611206, 3.5194568634033203, 1.271028995513916, 2.505953788757324, 2.3533835411071777, 0.41495388746261597, 2.3024649620056152, 0.4820575714111328, 0.6965320706367493, 5.610405445098877, 0.6793443560600281, 7.787495136260986, 1.720483422279358, 3.169039249420166, 4.515286445617676, 0.9046827554702759, 2.9176158905029297, 0.6874217987060547, 0.7355297803878784, 3.913323163986206, 2.921144723892212, 3.3216161727905273, 1.8446725606918335, 2.8770217895507812, 1.084812879562378, 2.804941415786743, 1.0380449295043945, 5.314910888671875, 1.6857655048370361, 3.3055570125579834, 2.3701584339141846, 0.8676341772079468, 0.4075794517993927, 2.1186060905456543, 3.0067498683929443, 1.016496181488037, 1.2297084331512451, 2.357344627380371, 3.307884931564331, 0.7597326040267944, 2.6442999839782715, 1.4662699699401855, 0.7718440294265747, 4.665849208831787, 2.673942804336548, 0.5767516493797302, 1.1203371286392212, 0.5436625480651855, 0.46551334857940674, 1.000749111175537, 4.586453437805176, 2.292823076248169, 3.2750251293182373, 2.846069574356079, 1.2799838781356812, 3.121021032333374, 3.3674492835998535, 2.801833152770996, 5.282160758972168, 1.6809464693069458, 0.6070239543914795, 2.122129440307617, 2.609837055206299, 2.2960824966430664, 3.3054885864257812]",0.0,"[0.0, 0.0, 0.0, 0.0, 0.0, 0.0, 0.0, 0.0, 0.0, 0.0, 0.0, 0.0, 0.0, 0.0, 0.0, 0.0, 0.0, 0.0, 0.0, 0.0, 0.0, 0.0, 0.0, 0.0, 0.0, 0.0, 0.0, 0.0, 0.0, 0.0, 0.0, 0.0, 0.0, 0.0, 0.0, 0.0, 0.0, 0.0, 0.0, 0.0, 0.0, 0.0, 0.0, 0.0, 0.0, 0.0, 0.0, 0.0, 0.0, 0.0, 0.0, 0.0, 0.0, 0.0, 0.0, 0.0, 0.0, 0.0, 0.0, 0.0, 0.0, 0.0, 0.0, 0.0, 0.0, 0.0, 0.0, 0.0, 0.0, 0.0, 0.0, 0.0, 0.0, 0.0, 0.0, 0.0, 0.0, 0.0, 0.0, 0.0, 0.0, 0.0, 0.0, 0.0, 0.0, 0.0, 0.0, 0.0, 0.0, 0.0, 0.0, 0.0, 0.0, 0.0, 0.0, 0.0, 0.0, 0.0, 0.0, 0.0, 0.0, 0.0, 0.0, 0.0, 0.0, 0.0, 0.0, 0.0, 0.0, 0.0, 0.0, 0.0, 0.0, 0.0, 0.0, 0.0, 0.0, 0.0, 0.0, 0.0, 0.0, 0.0, 0.0, 0.0, 0.0, 0.0, 0.0, 0.0, 0.0, 0.0]",COMPLETE
165,165,0.7419587535907047,2024-08-31 08:12:45.591227,2024-08-31 08:14:14.430718,0 days 00:01:28.839491,64,0.4538400341410801,6,120,0.004547355733680362,57,0.0009817901055786328,0.882,0.88,33,"[33, 33, 33, 33, 33, 33, 33, 33, 33, 33, 33, 33, 33, 33, 33, 33, 33, 33, 33, 33, 33, 33, 33, 33, 33, 33, 33, 33, 33, 33, 33, 33, 33, 33, 33, 33, 33, 33, 33, 33, 33, 33, 33, 33, 33, 33, 33, 33, 33, 33, 33, 33, 33, 33, 33, 33, 33, 33, 33, 33, 33, 33, 33, 33, 33, 33, 33, 33, 33, 33, 33, 33, 33, 33, 33, 33, 33, 33, 33, 33, 33, 33, 33, 33, 33, 33, 33, 33, 33, 33, 33, 33, 33, 33, 33, 33, 33, 33, 33, 33, 33, 33, 33, 33, 33, 33, 33, 33, 33, 33, 33, 33, 33, 33, 33, 33, 33, 33, 33, 33]",32.91812865497076,"[32.92202729044834, 32.91896407685881, 32.92202729044834, 32.92007797270955, 32.92397660818713, 32.92035644667224, 32.92174881648566, 32.918407128933445, 32.92230576441103, 32.92453355611251, 32.925368978000556, 32.92174881648565, 32.923419660261764, 32.92035644667224, 32.9245335561125, 32.92230576441103, 32.92035644667223, 32.921191868560285, 32.92063492063492, 32.92230576441103, 32.93344472291841, 32.93121693121693, 32.92871066555277, 32.92397660818713, 32.93121693121693, 32.92425508214982, 32.925368978000556, 32.925925925925924, 32.92258423837371, 32.923698134224445, 32.9172932330827, 32.918685602896126, 32.916736285157334, 32.91701475912002, 32.91757170704539, 32.91840712893344, 32.920634920634924, 32.9192425508215, 32.91812865497076, 32.91785018100808, 32.920913394597605, 32.923419660261764, 32.923419660261764, 32.92425508214981, 32.92481203007519, 32.922862712336396, 32.925647451963236, 32.92648287385129, 32.92676134781398, 32.92926761347814, 32.930103035366194, 32.93065998329156, 32.92703982177666, 32.92564745196324, 32.92648287385129, 32.92369813422445, 32.91952102478418, 32.925368978000556, 32.92063492063492, 32.92230576441102, 32.92314118629908, 32.92174881648565, 32.92063492063492, 32.92314118629908, 32.920913394597605, 32.918685602896126, 32.91311612364244, 32.91785018100807, 32.91534391534391, 32.918407128933445, 32.91534391534392, 32.911723753829015, 32.9156223893066, 32.91896407685881, 32.91283764967976, 32.914230019493175, 32.91757170704539, 32.91478696741854, 32.91283764967976, 32.909774436090224, 32.911723753829015, 32.91283764967975, 32.91757170704539, 32.91701475912002, 32.915900863269286, 32.916179337231966, 32.915900863269286, 32.91450849345586, 32.91450849345586, 32.91590086326928, 32.9156223893066, 32.917014759120015, 32.918685602896126, 32.91785018100807, 32.91478696741854, 32.91506544138123, 32.915900863269286, 32.916179337231966, 32.92007797270955, 32.9172932330827, 32.920634920634924, 32.92258423837371, 32.91952102478418, 32.9192425508215, 32.915900863269286, 32.916457811194654, 32.91506544138123, 32.91339459760512, 32.92063492063492, 32.91785018100808, 32.91952102478419, 32.91868560289613, 32.9192425508215, 32.92035644667224, 32.91701475912002, 32.92341966026177, 32.92063492063492, 32.922862712336396, 32.91979949874687, 32.91812865497076]",0.7768310504545116,0.7419587535907047,33,"[33, 33, 33, 33, 33, 33, 33, 33, 33, 33, 33, 33, 33, 33, 33, 33, 33, 33, 33, 33, 33, 33, 33, 33, 33, 33, 33, 33, 33, 33, 33, 33, 33, 33, 33, 33, 33, 33, 33, 33, 33, 33, 33, 33, 33, 33, 33, 33, 33, 33, 33, 33, 33, 33, 33, 33, 33, 33, 33, 33, 33, 33, 33, 33, 33, 33, 33, 33, 33, 33, 33, 33, 33, 33, 33, 33, 33, 33, 33, 33, 33, 33, 33, 33, 33, 33, 33, 33, 33, 33, 33, 33, 33, 33, 33, 33, 33, 33, 33, 33, 33, 33, 33, 33, 33, 33, 33, 33, 33, 33, 33, 33, 33, 33, 33, 33, 33, 33, 33, 33]",120,"[0.45576000213623047, 0.4151674509048462, 0.40396273136138916, 0.3998672366142273, 0.3965502679347992, 0.3939090967178345, 0.39206936955451965, 0.3905631899833679, 0.3888589143753052, 0.3877663016319275, 0.38652029633522034, 0.3850845694541931, 0.3841640055179596, 0.38290923833847046, 0.38213127851486206, 0.38077986240386963, 0.37973156571388245, 0.37865692377090454, 0.37800896167755127, 0.3771456778049469, 0.3764074444770813, 0.37588632106781006, 0.3751486837863922, 0.37455976009368896, 0.3740699887275696, 0.3738282322883606, 0.3732626438140869, 0.3726479709148407, 0.37217485904693604, 0.37164050340652466, 0.3711356818675995, 0.37071236968040466, 0.37023136019706726, 0.3698858320713043, 0.3694044351577759, 0.36904728412628174, 0.36861950159072876, 0.3680891692638397, 0.3678359091281891, 0.36753711104393005, 0.3672657907009125, 0.36694085597991943, 0.3666376769542694, 0.36628758907318115, 0.3659011721611023, 0.36558645963668823, 0.3652200996875763, 0.36496245861053467, 0.3653621971607208, 0.36471205949783325, 0.3641180694103241, 0.3643799126148224, 0.36373141407966614, 0.3633456528186798, 0.36302074790000916, 0.3628772497177124, 0.362609326839447, 0.36243972182273865, 0.3620235025882721, 0.3617117404937744, 0.36150699853897095, 0.3614986538887024, 0.36125868558883667, 0.3607518672943115, 0.36045369505882263, 0.35996299982070923, 0.35979002714157104, 0.35964393615722656, 0.35940250754356384, 0.3588724136352539, 0.3587801456451416, 0.35841360688209534, 0.3581034541130066, 0.3577832281589508, 0.35739943385124207, 0.35694998502731323, 0.3567557632923126, 0.3563409447669983, 0.3559170067310333, 0.3558228313922882, 0.35536080598831177, 0.35502150654792786, 0.35488206148147583, 0.35471224784851074, 0.35448211431503296, 0.35459163784980774, 0.35408133268356323, 0.35374221205711365, 0.353718638420105, 0.35344254970550537, 0.35271576046943665, 0.352334201335907, 0.35240229964256287, 0.35198336839675903, 0.35184550285339355, 0.3516123592853546, 0.3507920205593109, 0.35073336958885193, 0.35058584809303284, 0.35023388266563416, 0.3499167263507843, 0.34983187913894653, 0.3495892584323883, 0.34933507442474365, 0.348989337682724, 0.3487182855606079, 0.34809818863868713, 0.348000168800354, 0.3476041853427887, 0.3477672338485718, 0.34734097123146057, 0.34722161293029785, 0.34677910804748535, 0.346518337726593, 0.3459743857383728, 0.34577542543411255, 0.34545376896858215, 0.3451007902622223, 0.34509551525115967, 0.34501659870147705]",33.0,"[33.0, 33.0, 33.0, 33.0, 33.0, 33.0, 33.0, 33.0, 33.0, 33.0, 33.0, 33.0, 33.0, 33.0, 33.0, 33.0, 33.0, 33.0, 33.0, 33.0, 33.0, 33.0, 33.0, 33.0, 33.0, 33.0, 33.0, 33.0, 33.0, 33.0, 33.0, 33.0, 33.0, 33.0, 33.0, 33.0, 33.0, 33.0, 33.0, 33.0, 33.0, 33.0, 33.0, 33.0, 33.0, 33.0, 33.0, 33.0, 33.0, 33.0, 33.0, 33.0, 33.0, 33.0, 33.0, 33.0, 33.0, 33.0, 33.0, 33.0, 33.0, 33.0, 33.0, 33.0, 33.0, 33.0, 33.0, 33.0, 33.0, 33.0, 33.0, 33.0, 33.0, 33.0, 33.0, 33.0, 33.0, 33.0, 33.0, 33.0, 33.0, 33.0, 33.0, 33.0, 33.0, 33.0, 33.0, 33.0, 33.0, 33.0, 33.0, 33.0, 33.0, 33.0, 33.0, 33.0, 33.0, 33.0, 33.0, 33.0, 33.0, 33.0, 33.0, 33.0, 33.0, 33.0, 33.0, 33.0, 33.0, 33.0, 33.0, 33.0, 33.0, 33.0, 33.0, 33.0, 33.0, 33.0, 33.0, 33.0]",COMPLETE
