,number,value,datetime_start,datetime_complete,duration,params_batch_size_scaler,params_constant_learning_rate,params_depth,params_epochs,params_kernel_l2,params_num_trees,params_temperature,user_attrs_accuracy_test,user_attrs_accuracy_valid,user_attrs_approximate_feature_sparsity,user_attrs_approximate_feature_sparsity_history,user_attrs_approximate_weight_sparsity,user_attrs_approximate_weight_sparsity_history,user_attrs_auc_test,user_attrs_auc_valid,user_attrs_feature_sparsity,user_attrs_feature_sparsity_history,user_attrs_num_epochs,user_attrs_val_loss_history,user_attrs_weight_sparsity,user_attrs_weight_sparsity_history,state
30,30,0.8353750434749004,2024-08-31 01:49:21.512495,2024-08-31 01:51:43.980579,0 days 00:02:22.468084,4,0.039670357610159954,5,160,0.015821301633423945,69,0.09052461654780679,0.875,0.87875,33,"[33, 33, 33, 33, 33, 33, 33, 33, 33, 33, 33, 33, 33, 33, 33, 33, 33, 33, 33, 33, 33, 33, 33, 33, 33, 33, 33, 33, 33, 33, 33, 33, 33, 33, 33, 33, 33, 33, 33, 33, 33, 33, 33, 33, 33, 33, 33, 33, 33, 33, 33, 33, 33, 33, 33, 33, 33, 33, 33, 33, 33, 33, 33, 33, 33, 33, 33, 33, 33, 33, 33, 33, 33, 33, 33, 33, 33, 33, 33, 33, 33, 33, 33, 33, 33, 33, 33, 33, 33, 33, 33, 33, 33, 33, 33, 33, 33, 33, 33, 33, 33, 33, 33, 33, 33, 33, 33, 33, 33, 33, 33, 33, 33, 33, 33, 33, 33, 33, 33, 33, 33, 33, 33, 33, 33, 33, 33, 33, 33, 33, 33, 33, 33, 33, 33, 33, 33, 33, 33, 33, 33, 33, 33, 33, 33, 33, 33, 33, 33, 33, 33, 33, 33, 33, 33, 33, 33, 33, 33, 33]",32.94015895278167,"[32.943431510051425, 32.94249649368864, 32.943431510051425, 32.94389901823282, 32.93314633006077, 32.938288920056095, 32.94062646096307, 32.93969144460028, 32.94156147732585, 32.93408134642356, 32.93034128097242, 32.93314633006078, 32.926601215521266, 32.92613370733988, 32.93688639551193, 32.937353903693314, 32.93501636278635, 32.93688639551193, 32.94156147732585, 32.937353903693314, 32.9382889200561, 32.93408134642356, 32.93314633006077, 32.92800374006545, 32.9312762973352, 32.93595137914914, 32.93688639551192, 32.94015895278167, 32.94202898550724, 32.93408134642356, 32.93688639551192, 32.93548387096774, 32.9317438055166, 32.93314633006077, 32.925666199158485, 32.9312762973352, 32.93080878915381, 32.932211313697984, 32.93314633006078, 32.939691444600285, 32.93595137914913, 32.93267882187938, 32.933613838242174, 32.92940626460963, 32.92426367461431, 32.928471248246844, 32.93408134642356, 32.930341280972414, 32.929406264609625, 32.92987377279102, 32.932678821879385, 32.93688639551192, 32.935483870967744, 32.93361383824217, 32.936418887330525, 32.93314633006077, 32.93875642823749, 32.937353903693314, 32.94156147732585, 32.93782141187471, 32.93361383824217, 32.9312762973352, 32.93548387096774, 32.937353903693314, 32.9382889200561, 32.93875642823749, 32.94296400187003, 32.94389901823282, 32.94015895278167, 32.94156147732585, 32.94062646096307, 32.93688639551192, 32.94015895278167, 32.943431510051425, 32.95091164095371, 32.943431510051425, 32.946236559139784, 32.946236559139784, 32.94202898550725, 32.944366526414214, 32.94156147732585, 32.94576905095839, 32.94296400187003, 32.9448340345956, 32.939691444600285, 32.94156147732585, 32.94015895278167, 32.93688639551192, 32.93969144460028, 32.93782141187471, 32.94062646096307, 32.93875642823749, 32.9382889200561, 32.936418887330525, 32.93688639551192, 32.93688639551192, 32.9387564282375, 32.94109396914446, 32.945301542776996, 32.946236559139784, 32.94296400187003, 32.94249649368864, 32.943431510051425, 32.94997662459093, 32.9448340345956, 32.94576905095839, 32.94904160822814, 32.942496493688644, 32.94436652641421, 32.93969144460028, 32.94296400187003, 32.94576905095839, 32.95137914913511, 32.94857410004675, 32.953249181860684, 32.95371669004208, 32.94857410004675, 32.94857410004675, 32.946236559139784, 32.94717157550257, 32.94950911640954, 32.94763908368397, 32.95091164095372, 32.95465170640486, 32.95371669004208, 32.94763908368397, 32.948106591865354, 32.94202898550724, 32.94904160822814, 32.94950911640954, 32.946236559139784, 32.945301542776996, 32.944366526414214, 32.94670406732118, 32.9448340345956, 32.94857410004675, 32.94857410004675, 32.947171575502566, 32.94296400187003, 32.94997662459093, 32.94717157550257, 32.94997662459093, 32.949976624590924, 32.9448340345956, 32.94109396914446, 32.937353903693314, 32.934548854604955, 32.93875642823749, 32.94296400187003, 32.94062646096307, 32.94062646096307, 32.93782141187471, 32.937353903693314, 32.94389901823282, 32.94483403459561, 32.945301542776996, 32.943431510051425, 32.94109396914446, 32.9387564282375, 32.94015895278167]",0.8438230170328355,0.8353750434749004,33,"[33, 33, 33, 33, 33, 33, 33, 33, 33, 33, 33, 33, 33, 33, 33, 33, 33, 33, 33, 33, 33, 33, 33, 33, 33, 33, 33, 33, 33, 33, 33, 33, 33, 33, 33, 33, 33, 33, 33, 33, 33, 33, 33, 33, 33, 33, 33, 33, 33, 33, 33, 33, 33, 33, 33, 33, 33, 33, 33, 33, 33, 33, 33, 33, 33, 33, 33, 33, 33, 33, 33, 33, 33, 33, 33, 33, 33, 33, 33, 33, 33, 33, 33, 33, 33, 33, 33, 33, 33, 33, 33, 33, 33, 33, 33, 33, 33, 33, 33, 33, 33, 33, 33, 33, 33, 33, 33, 33, 33, 33, 33, 33, 33, 33, 33, 33, 33, 33, 33, 33, 33, 33, 33, 33, 33, 33, 33, 33, 33, 33, 33, 33, 33, 33, 33, 33, 33, 33, 33, 33, 33, 33, 33, 33, 33, 33, 33, 33, 33, 33, 33, 33, 33, 33, 33, 33, 33, 33, 33, 33]",160,"[0.41434699296951294, 0.3994174897670746, 0.3951071798801422, 0.3919593095779419, 0.38930511474609375, 0.38705551624298096, 0.38493087887763977, 0.3830907940864563, 0.38141441345214844, 0.37995418906211853, 0.37864819169044495, 0.37730807065963745, 0.3761906921863556, 0.37518829107284546, 0.37416592240333557, 0.373269259929657, 0.37246906757354736, 0.3717707693576813, 0.3709472417831421, 0.3703148663043976, 0.3696163594722748, 0.36898690462112427, 0.3683478832244873, 0.36766690015792847, 0.36712145805358887, 0.36656394600868225, 0.36602920293807983, 0.36539769172668457, 0.3649393916130066, 0.36440640687942505, 0.3638858497142792, 0.36339932680130005, 0.36280113458633423, 0.36227577924728394, 0.3617686927318573, 0.36126407980918884, 0.36080145835876465, 0.360348105430603, 0.35997599363327026, 0.35938534140586853, 0.35892489552497864, 0.3584335744380951, 0.3580284118652344, 0.35758402943611145, 0.357060968875885, 0.35654643177986145, 0.3561427593231201, 0.35560309886932373, 0.3552751839160919, 0.3548492193222046, 0.3543461561203003, 0.35387229919433594, 0.35339468717575073, 0.3529419004917145, 0.3525417447090149, 0.35211890935897827, 0.3516843914985657, 0.35128864645957947, 0.3507692813873291, 0.35030242800712585, 0.34981876611709595, 0.34943830966949463, 0.34900152683258057, 0.3485430181026459, 0.34813931584358215, 0.34763744473457336, 0.34726154804229736, 0.3468860685825348, 0.34636107087135315, 0.3459545373916626, 0.3456026315689087, 0.3451101779937744, 0.34471413493156433, 0.3442694842815399, 0.3438059687614441, 0.34341222047805786, 0.3430057764053345, 0.3425830900669098, 0.34218844771385193, 0.3418102562427521, 0.34145408868789673, 0.3410518765449524, 0.34063515067100525, 0.3402685821056366, 0.3397851586341858, 0.3393268585205078, 0.3389061391353607, 0.33844617009162903, 0.33805546164512634, 0.3376697897911072, 0.33726415038108826, 0.3367733359336853, 0.3364541232585907, 0.33605411648750305, 0.33563271164894104, 0.3351811468601227, 0.33488327264785767, 0.33439531922340393, 0.33407697081565857, 0.33347243070602417, 0.33302605152130127, 0.33271312713623047, 0.3323056697845459, 0.3318612277507782, 0.33141860365867615, 0.3309917151927948, 0.3306015431880951, 0.3301571011543274, 0.32980337738990784, 0.3293515145778656, 0.32884323596954346, 0.328474760055542, 0.32800376415252686, 0.32760077714920044, 0.32724541425704956, 0.32679352164268494, 0.3263237476348877, 0.32597336173057556, 0.325404554605484, 0.3249846398830414, 0.32453832030296326, 0.32407864928245544, 0.32373228669166565, 0.32335999608039856, 0.32271674275398254, 0.322282075881958, 0.3218623399734497, 0.32129156589508057, 0.32081055641174316, 0.32034674286842346, 0.3199251592159271, 0.31954047083854675, 0.319038987159729, 0.31851351261138916, 0.3180583417415619, 0.31750792264938354, 0.3170284330844879, 0.3165709376335144, 0.31600895524024963, 0.31547001004219055, 0.3149789273738861, 0.3145657479763031, 0.3140661120414734, 0.31343960762023926, 0.31305992603302, 0.3125641942024231, 0.3120577931404114, 0.3115215599536896, 0.3109341263771057, 0.3104802966117859, 0.309858500957489, 0.30942556262016296, 0.3088354766368866, 0.30835849046707153, 0.3078034222126007, 0.3072885274887085, 0.3067817986011505, 0.3061051070690155, 0.30557647347450256, 0.3049938678741455]",33.0,"[33.0, 33.0, 33.0, 33.0, 33.0, 33.0, 33.0, 33.0, 33.0, 33.0, 33.0, 33.0, 33.0, 33.0, 33.0, 33.0, 33.0, 33.0, 33.0, 33.0, 33.0, 33.0, 33.0, 33.0, 33.0, 33.0, 33.0, 33.0, 33.0, 33.0, 33.0, 33.0, 33.0, 33.0, 33.0, 33.0, 33.0, 33.0, 33.0, 33.0, 33.0, 33.0, 33.0, 33.0, 33.0, 33.0, 33.0, 33.0, 33.0, 33.0, 33.0, 33.0, 33.0, 33.0, 33.0, 33.0, 33.0, 33.0, 33.0, 33.0, 33.0, 33.0, 33.0, 33.0, 33.0, 33.0, 33.0, 33.0, 33.0, 33.0, 33.0, 33.0, 33.0, 33.0, 33.0, 33.0, 33.0, 33.0, 33.0, 33.0, 33.0, 33.0, 33.0, 33.0, 33.0, 33.0, 33.0, 33.0, 33.0, 33.0, 33.0, 33.0, 33.0, 33.0, 33.0, 33.0, 33.0, 33.0, 33.0, 33.0, 33.0, 33.0, 33.0, 33.0, 33.0, 33.0, 33.0, 33.0, 33.0, 33.0, 33.0, 33.0, 33.0, 33.0, 33.0, 33.0, 33.0, 33.0, 33.0, 33.0, 33.0, 33.0, 33.0, 33.0, 33.0, 33.0, 33.0, 33.0, 33.0, 33.0, 33.0, 33.0, 33.0, 33.0, 33.0, 33.0, 33.0, 33.0, 33.0, 33.0, 33.0, 33.0, 33.0, 33.0, 33.0, 33.0, 33.0, 33.0, 33.0, 33.0, 33.0, 33.0, 33.0, 33.0, 33.0, 33.0, 33.0, 33.0, 33.0, 33.0]",COMPLETE
31,31,0.5,2024-08-31 01:51:44.685657,2024-08-31 01:53:40.945376,0 days 00:01:56.259719,4,2.049027401933568,5,115,0.2961493181275928,45,0.014135863845602442,0.859,0.85875,0,"[0, 0, 0, 0, 0, 0, 0, 0, 0, 0, 0, 0, 0, 0, 0, 0, 0, 0, 0, 0, 0, 0, 0, 0, 0, 0, 0, 0, 0, 0, 0, 0, 0, 0, 0, 0, 0, 0, 0, 0, 0, 0, 0, 0, 0, 0, 0, 0, 0, 0, 0, 0, 0, 0, 0, 0, 0, 0, 0, 0, 0, 0, 0, 0, 0, 0, 0, 0, 0, 0, 0, 0, 0, 0, 0, 0, 0, 0, 0, 0, 0, 0, 0, 0, 0, 0, 0, 0, 0, 0, 0, 0, 0, 0, 0, 0, 0, 0, 0, 0, 0, 0, 0, 0, 0, 0, 0, 0, 0, 0, 0, 0, 0, 0, 0]",0.0,"[0.0, 0.0, 0.0, 0.0, 0.0, 0.0, 0.0, 0.0, 0.0, 0.0, 0.0, 0.0, 0.0, 0.0, 0.0, 0.0, 0.0, 0.0, 0.0, 0.0, 0.0, 0.0, 0.0, 0.0, 0.0, 0.0, 0.0, 0.0, 0.0, 0.0, 0.0, 0.0, 0.0, 0.0, 0.0, 0.0, 0.0, 0.0, 0.0, 0.0, 0.0, 0.0, 0.0, 0.0, 0.0, 0.0, 0.0, 0.0, 0.0, 0.0, 0.0, 0.0, 0.0, 0.0, 0.0, 0.0, 0.0, 0.0, 0.0, 0.0, 0.0, 0.0, 0.0, 0.0, 0.0, 0.0, 0.0, 0.0, 0.0, 0.0, 0.0, 0.0, 0.0, 0.0, 0.0, 0.0, 0.0, 0.0, 0.0, 0.0, 0.0, 0.0, 0.0, 0.0, 0.0, 0.0, 0.0, 0.0, 0.0, 0.0, 0.0, 0.0, 0.0, 0.0, 0.0, 0.0, 0.0, 0.0, 0.0, 0.0, 0.0, 0.0, 0.0, 0.0, 0.0, 0.0, 0.0, 0.0, 0.0, 0.0, 0.0, 0.0, 0.0, 0.0, 0.0]",0.5,0.5,0,"[0, 0, 0, 0, 0, 0, 0, 0, 0, 0, 0, 0, 0, 0, 0, 0, 0, 0, 0, 0, 0, 0, 0, 0, 0, 0, 0, 0, 0, 0, 0, 0, 0, 0, 0, 0, 0, 0, 0, 0, 0, 0, 0, 0, 0, 0, 0, 0, 0, 0, 0, 0, 0, 0, 0, 0, 0, 0, 0, 0, 0, 0, 0, 0, 0, 0, 0, 0, 0, 0, 0, 0, 0, 0, 0, 0, 0, 0, 0, 0, 0, 0, 0, 0, 0, 0, 0, 0, 0, 0, 0, 0, 0, 0, 0, 0, 0, 0, 0, 0, 0, 0, 0, 0, 0, 0, 0, 0, 0, 0, 0, 0, 0, 0, 0]",115,"[0.40754860639572144, 0.40940243005752563, 0.40764349699020386, 0.4083039462566376, 0.40845316648483276, 0.4253929853439331, 0.40722617506980896, 0.4076158106327057, 0.4260574281215668, 0.4111853837966919, 0.4072684049606323, 0.4133864641189575, 0.41718193888664246, 0.4107212722301483, 0.40751659870147705, 0.40748995542526245, 0.4184418022632599, 0.41124531626701355, 0.4089210629463196, 0.408405601978302, 0.4100993871688843, 0.4097074568271637, 0.4196149408817291, 0.40743619203567505, 0.4080411493778229, 0.4074515104293823, 0.4072374999523163, 0.4087400436401367, 0.4201168417930603, 0.4085911810398102, 0.410284161567688, 0.407943993806839, 0.42501917481422424, 0.41166895627975464, 0.4266579747200012, 0.4072387218475342, 0.4072583317756653, 0.4166051745414734, 0.41178277134895325, 0.4074677526950836, 0.4074612557888031, 0.4072326421737671, 0.41303956508636475, 0.41024574637413025, 0.41295674443244934, 0.4072260558605194, 0.4094351828098297, 0.4073747396469116, 0.4150863587856293, 0.40977463126182556, 0.4072270095348358, 0.40764662623405457, 0.40731102228164673, 0.40753209590911865, 0.40816229581832886, 0.4144239127635956, 0.40746456384658813, 0.4106709659099579, 0.4104355573654175, 0.407652348279953, 0.40802401304244995, 0.4813533425331116, 0.40808892250061035, 0.4100082814693451, 0.40722721815109253, 0.4076107442378998, 0.4209500551223755, 0.4099610149860382, 0.41453036665916443, 0.41504135727882385, 0.4081927239894867, 0.4261878728866577, 0.40796542167663574, 0.411507248878479, 0.40759846568107605, 0.40735793113708496, 0.4146176874637604, 0.40877455472946167, 0.41280755400657654, 0.4079238176345825, 0.41656970977783203, 0.4081873297691345, 0.4157067537307739, 0.41928955912590027, 0.4100862741470337, 0.41343146562576294, 0.4179264008998871, 0.40722715854644775, 0.41198456287384033, 0.40997183322906494, 0.40784865617752075, 0.4079066812992096, 0.42768338322639465, 0.40722960233688354, 0.4081078767776489, 0.4143870174884796, 0.413504034280777, 0.40743881464004517, 0.41173285245895386, 0.40763095021247864, 0.40916702151298523, 0.4101855456829071, 0.41332077980041504, 0.4072261154651642, 0.40768447518348694, 0.4176751673221588, 0.40916192531585693, 0.42599785327911377, 0.4118424654006958, 0.41805553436279297, 0.4103434681892395, 0.4615823030471802, 0.40824341773986816, 0.4078821539878845, 0.40748175978660583]",0.0,"[0.0, 0.0, 0.0, 0.0, 0.0, 0.0, 0.0, 0.0, 0.0, 0.0, 0.0, 0.0, 0.0, 0.0, 0.0, 0.0, 0.0, 0.0, 0.0, 0.0, 0.0, 0.0, 0.0, 0.0, 0.0, 0.0, 0.0, 0.0, 0.0, 0.0, 0.0, 0.0, 0.0, 0.0, 0.0, 0.0, 0.0, 0.0, 0.0, 0.0, 0.0, 0.0, 0.0, 0.0, 0.0, 0.0, 0.0, 0.0, 0.0, 0.0, 0.0, 0.0, 0.0, 0.0, 0.0, 0.0, 0.0, 0.0, 0.0, 0.0, 0.0, 0.0, 0.0, 0.0, 0.0, 0.0, 0.0, 0.0, 0.0, 0.0, 0.0, 0.0, 0.0, 0.0, 0.0, 0.0, 0.0, 0.0, 0.0, 0.0, 0.0, 0.0, 0.0, 0.0, 0.0, 0.0, 0.0, 0.0, 0.0, 0.0, 0.0, 0.0, 0.0, 0.0, 0.0, 0.0, 0.0, 0.0, 0.0, 0.0, 0.0, 0.0, 0.0, 0.0, 0.0, 0.0, 0.0, 0.0, 0.0, 0.0, 0.0, 0.0, 0.0, 0.0, 0.0]",COMPLETE
