,number,value,datetime_start,datetime_complete,duration,params_batch_size_scaler,params_constant_learning_rate,params_depth,params_epochs,params_kernel_l2,params_num_trees,params_temperature,user_attrs_accuracy_test,user_attrs_accuracy_valid,user_attrs_approximate_feature_sparsity,user_attrs_approximate_feature_sparsity_history,user_attrs_approximate_weight_sparsity,user_attrs_approximate_weight_sparsity_history,user_attrs_auc_test,user_attrs_auc_valid,user_attrs_feature_sparsity,user_attrs_feature_sparsity_history,user_attrs_num_epochs,user_attrs_val_loss_history,user_attrs_weight_sparsity,user_attrs_weight_sparsity_history,state
167,167,0.5,2024-08-31 08:14:59.158339,2024-08-31 08:15:51.526257,0 days 00:00:52.367918,64,0.9707506665676847,3,430,0.002525448105324997,37,0.0073253902508273235,0.859,0.85875,0,"[33, 33, 33, 33, 33, 33, 33, 33, 33, 33, 32, 28, 16, 9, 5, 3, 3, 3, 2, 2, 2, 2, 2, 2, 2, 2, 2, 2, 1, 1, 1, 1, 1, 1, 1, 1, 1, 1, 1, 1, 1, 1, 1, 1, 1, 1, 1, 1, 1, 1, 1, 1, 1, 1, 1, 1, 1, 1, 1, 1, 1, 1, 1, 1, 1, 1, 1, 1, 1, 1, 1, 1, 1, 1, 1, 1, 1, 1, 1, 1, 1, 1, 1, 1, 1, 1, 1, 1, 1, 1, 1, 1, 1, 1, 1, 1, 1, 1, 1, 1, 1, 1, 1, 1, 1, 1, 1, 1, 1, 1, 1, 1, 1, 1, 1, 1, 1, 1, 1, 1, 1, 1, 1, 1, 1, 1, 1, 1, 1, 1, 1, 1, 1, 1, 1, 1, 1, 1, 1, 1, 1, 1, 1, 1, 1, 1, 1, 1, 1, 1, 1, 1, 1, 1, 1, 1, 1, 1, 1, 1, 1, 1, 1, 1, 1, 1, 1, 1, 1, 1, 1, 1, 1, 1, 1, 1, 1, 1, 1, 1, 1, 1, 1, 1, 1, 1, 1, 1, 1, 1, 1, 1, 1, 1, 1, 1, 1, 1, 1, 1, 1, 1, 1, 1, 1, 1, 1, 1, 1, 1, 1, 1, 1, 1, 1, 1, 1, 1, 1, 1, 1, 1, 1, 1, 1, 1, 1, 1, 1, 1, 1, 1, 1, 1, 1, 1, 1, 1, 1, 1, 1, 1, 1, 1, 1, 1, 1, 1, 1, 1, 1, 1, 1, 1, 1, 1, 1, 1, 1, 1, 1, 1, 1, 1, 1, 1, 1, 1, 1, 1, 1, 1, 1, 1, 1, 1, 1, 1, 1, 1, 1, 1, 1, 1, 1, 1, 1, 1, 1, 1, 1, 1, 1, 1, 1, 1, 1, 1, 1, 1, 1, 1, 1, 1, 1, 1, 1, 1, 1, 1, 1, 1, 1, 1, 1, 1, 1, 1, 1, 1, 1, 1, 1, 1, 1, 1, 1, 1, 1, 1, 1, 1, 1, 1, 1, 1, 1, 1, 1, 1, 1, 1, 1, 1, 1, 1, 1, 1, 1, 1, 1, 1, 1, 1, 1, 1, 1, 1, 1, 1, 1, 1, 1, 1, 1, 1, 1, 1, 1, 1, 1, 1, 1, 1, 1, 1, 1, 1, 1, 1, 1, 1, 1, 1, 1, 1, 1, 1, 1, 1, 1, 1, 1, 1, 1, 1, 1, 1, 1, 1, 1, 1, 1, 1, 1, 1, 1, 1, 1, 1, 1, 1, 1, 1, 1, 1, 1, 1, 1, 1, 1, 1, 1, 0, 0, 0, 0, 0, 0, 0]",0.0,"[32.97683397683397, 32.965250965250966, 32.988416988416986, 32.972972972972975, 32.972972972972975, 32.972972972972975, 32.98455598455598, 32.965250965250966, 32.97683397683398, 32.980694980694985, 31.980694980694985, 27.98069498069498, 15.988416988416988, 8.996138996138995, 4.996138996138996, 3.0, 3.0, 3.0, 2.0, 1.9961389961389961, 1.9961389961389961, 1.9961389961389961, 2.0, 2.0, 2.0, 1.9961389961389961, 2.0, 2.0, 1.0, 1.0, 1.0, 1.0, 1.0, 1.0, 1.0, 1.0, 1.0, 1.0, 1.0, 1.0, 1.0, 1.0, 1.0, 1.0, 1.0, 1.0, 1.0, 1.0, 1.0, 1.0, 1.0, 1.0, 1.0, 1.0, 1.0, 1.0, 1.0, 1.0, 0.9961389961389961, 1.0, 1.0, 1.0, 1.0, 1.0, 1.0, 1.0, 1.0, 1.0, 1.0, 1.0, 1.0, 1.0, 0.9961389961389961, 1.0, 0.9961389961389961, 0.9961389961389961, 0.9961389961389961, 0.9961389961389961, 0.9961389961389961, 0.9961389961389961, 0.9961389961389961, 0.9961389961389961, 0.9961389961389961, 1.0, 1.0, 1.0, 0.9961389961389961, 1.0, 1.0, 0.9961389961389961, 1.0, 1.0, 1.0, 1.0, 1.0, 1.0, 1.0, 1.0, 0.9961389961389961, 0.9961389961389961, 0.9961389961389961, 1.0, 0.9961389961389961, 0.9961389961389961, 1.0, 1.0, 1.0, 1.0, 1.0, 1.0, 1.0, 0.9961389961389961, 1.0, 1.0, 1.0, 1.0, 1.0, 1.0, 0.9961389961389961, 1.0, 0.9961389961389961, 0.9961389961389961, 0.9961389961389961, 1.0, 1.0, 1.0, 1.0, 1.0, 1.0, 1.0, 1.0, 1.0, 1.0, 1.0, 1.0, 1.0, 1.0, 1.0, 1.0, 1.0, 1.0, 1.0, 1.0, 1.0, 1.0, 1.0, 1.0, 1.0, 1.0, 1.0, 1.0, 1.0, 1.0, 1.0, 1.0, 1.0, 1.0, 1.0, 1.0, 1.0, 1.0, 0.9961389961389961, 1.0, 1.0, 1.0, 1.0, 1.0, 1.0, 1.0, 1.0, 1.0, 1.0, 1.0, 1.0, 1.0, 1.0, 1.0, 1.0, 1.0, 1.0, 1.0, 1.0, 1.0, 1.0, 1.0, 1.0, 1.0, 1.0, 1.0, 1.0, 1.0, 1.0, 1.0, 1.0, 1.0, 1.0, 1.0, 1.0, 1.0, 1.0, 1.0, 1.0, 1.0, 1.0, 1.0, 1.0, 1.0, 1.0, 1.0, 1.0, 1.0, 1.0, 1.0, 1.0, 1.0, 1.0, 1.0, 1.0, 1.0, 1.0, 1.0, 1.0, 1.0, 1.0, 1.0, 1.0, 1.0, 1.0, 1.0, 1.0, 1.0, 1.0, 0.9961389961389961, 1.0, 1.0, 1.0, 1.0, 1.0, 1.0, 1.0, 1.0, 1.0, 1.0, 1.0, 1.0, 1.0, 1.0, 1.0, 1.0, 1.0, 1.0, 1.0, 1.0, 1.0, 1.0, 1.0, 1.0, 1.0, 0.9961389961389961, 1.0, 0.9961389961389961, 1.0, 1.0, 1.0, 1.0, 1.0, 1.0, 1.0, 0.9961389961389961, 0.9961389961389961, 1.0, 1.0, 1.0, 1.0, 1.0, 1.0, 0.9961389961389961, 1.0, 1.0, 0.9961389961389961, 1.0, 1.0, 1.0, 1.0, 1.0, 1.0, 1.0, 1.0, 1.0, 1.0, 1.0, 1.0, 1.0, 1.0, 1.0, 1.0, 1.0, 1.0, 1.0, 1.0, 1.0, 1.0, 1.0, 1.0, 1.0, 0.9961389961389961, 1.0, 1.0, 1.0, 1.0, 0.9961389961389961, 1.0, 1.0, 1.0, 1.0, 1.0, 1.0, 1.0, 1.0, 1.0, 1.0, 1.0, 1.0, 1.0, 1.0, 1.0, 1.0, 1.0, 1.0, 1.0, 1.0, 1.0, 1.0, 1.0, 1.0, 1.0, 1.0, 1.0, 1.0, 1.0, 1.0, 1.0, 1.0, 1.0, 1.0, 1.0, 0.9961389961389961, 1.0, 1.0, 1.0, 1.0, 1.0, 1.0, 1.0, 1.0, 0.9961389961389961, 1.0, 0.9961389961389961, 0.9961389961389961, 0.9961389961389961, 1.0, 0.9961389961389961, 1.0, 1.0, 1.0, 1.0, 1.0, 1.0, 1.0, 1.0, 0.9961389961389961, 1.0, 1.0, 1.0, 1.0, 1.0, 1.0, 1.0, 1.0, 1.0, 1.0, 1.0, 1.0, 1.0, 1.0, 1.0, 1.0, 1.0, 1.0, 1.0, 1.0, 1.0, 1.0, 1.0, 1.0, 0.9961389961389961, 1.0, 1.0, 1.0, 1.0, 1.0, 1.0, 1.0, 1.0, 0.9961389961389961, 1.0, 1.0, 1.0, 1.0, 1.0, 1.0, 1.0, 1.0, 1.0, 1.0, 1.0, 1.0, 0.9961389961389961, 0.9961389961389961, 0.9961389961389961, 1.0, 0.9961389961389961, 1.0, 0.0, 0.0, 0.0, 0.0, 0.0, 0.0, 0.0]",0.5,0.5,0,"[33, 33, 33, 33, 33, 33, 33, 33, 33, 33, 32, 28, 16, 9, 5, 3, 3, 3, 2, 2, 2, 2, 2, 2, 2, 2, 2, 2, 1, 1, 1, 1, 1, 1, 1, 1, 1, 1, 1, 1, 1, 1, 1, 1, 1, 1, 1, 1, 1, 1, 1, 1, 1, 1, 1, 1, 1, 1, 1, 1, 1, 1, 1, 1, 1, 1, 1, 1, 1, 1, 1, 1, 1, 1, 1, 1, 1, 1, 1, 1, 1, 1, 1, 1, 1, 1, 1, 1, 1, 1, 1, 1, 1, 1, 1, 1, 1, 1, 1, 1, 1, 1, 1, 1, 1, 1, 1, 1, 1, 1, 1, 1, 1, 1, 1, 1, 1, 1, 1, 1, 1, 1, 1, 1, 1, 1, 1, 1, 1, 1, 1, 1, 1, 1, 1, 1, 1, 1, 1, 1, 1, 1, 1, 1, 1, 1, 1, 1, 1, 1, 1, 1, 1, 1, 1, 1, 1, 1, 1, 1, 1, 1, 1, 1, 1, 1, 1, 1, 1, 1, 1, 1, 1, 1, 1, 1, 1, 1, 1, 1, 1, 1, 1, 1, 1, 1, 1, 1, 1, 1, 1, 1, 1, 1, 1, 1, 1, 1, 1, 1, 1, 1, 1, 1, 1, 1, 1, 1, 1, 1, 1, 1, 1, 1, 1, 1, 1, 1, 1, 1, 1, 1, 1, 1, 1, 1, 1, 1, 1, 1, 1, 1, 1, 1, 1, 1, 1, 1, 1, 1, 1, 1, 1, 1, 1, 1, 1, 1, 1, 1, 1, 1, 1, 1, 1, 1, 1, 1, 1, 1, 1, 1, 1, 1, 1, 1, 1, 1, 1, 1, 1, 1, 1, 1, 1, 1, 1, 1, 1, 1, 1, 1, 1, 1, 1, 1, 1, 1, 1, 1, 1, 1, 1, 1, 1, 1, 1, 1, 1, 1, 1, 1, 1, 1, 1, 1, 1, 1, 1, 1, 1, 1, 1, 1, 1, 1, 1, 1, 1, 1, 1, 1, 1, 1, 1, 1, 1, 1, 1, 1, 1, 1, 1, 1, 1, 1, 1, 1, 1, 1, 1, 1, 1, 1, 1, 1, 1, 1, 1, 1, 1, 1, 1, 1, 1, 1, 1, 1, 1, 1, 1, 1, 1, 1, 1, 1, 1, 1, 1, 1, 1, 1, 1, 1, 1, 1, 1, 1, 1, 1, 1, 1, 1, 1, 1, 1, 1, 1, 1, 1, 1, 1, 1, 1, 1, 1, 1, 1, 1, 1, 1, 1, 1, 1, 1, 1, 1, 1, 1, 1, 1, 1, 1, 1, 1, 1, 1, 1, 1, 1, 1, 1, 1, 0, 0, 0, 0, 0, 0, 0]",430,"[0.3973906636238098, 0.3803962767124176, 0.3939148187637329, 0.3693786859512329, 0.3752652704715729, 0.3646976053714752, 0.358426958322525, 0.3537709712982178, 0.3510281443595886, 0.3643427789211273, 0.3456965386867523, 0.34247130155563354, 0.3532114326953888, 0.35187286138534546, 0.3672339916229248, 0.3818586468696594, 0.3759380578994751, 0.37245357036590576, 0.38364535570144653, 0.37755587697029114, 0.37416255474090576, 0.38410472869873047, 0.3769938349723816, 0.37555426359176636, 0.3682516813278198, 0.3732800781726837, 0.36860406398773193, 0.3684437870979309, 0.39098870754241943, 0.38596203923225403, 0.3897533118724823, 0.38807201385498047, 0.38513126969337463, 0.39002183079719543, 0.3891361355781555, 0.38440144062042236, 0.3898594379425049, 0.3845270276069641, 0.39645281434059143, 0.4098995327949524, 0.3838249444961548, 0.3834720849990845, 0.3909243643283844, 0.38949090242385864, 0.38579684495925903, 0.38543501496315, 0.3831886053085327, 0.39278456568717957, 0.3854127526283264, 0.3831186294555664, 0.3854352533817291, 0.38552218675613403, 0.3923141062259674, 0.3837842047214508, 0.38528668880462646, 0.38397902250289917, 0.39056098461151123, 0.3851653039455414, 0.3876815736293793, 0.3870137929916382, 0.3882334530353546, 0.3832636773586273, 0.3824761211872101, 0.38408419489860535, 0.3857060372829437, 0.39114370942115784, 0.3824686110019684, 0.38249924778938293, 0.3824761211872101, 0.38262706995010376, 0.3917141854763031, 0.40561988949775696, 0.3827478885650635, 0.38471394777297974, 0.38246044516563416, 0.39352598786354065, 0.385651171207428, 0.384566992521286, 0.3826732337474823, 0.39773309230804443, 0.3863031268119812, 0.3890485465526581, 0.38664016127586365, 0.3824368715286255, 0.3850558400154114, 0.3824482858181, 0.38309767842292786, 0.385557621717453, 0.39272013306617737, 0.4001764953136444, 0.38263338804244995, 0.38259801268577576, 0.38286304473876953, 0.38351690769195557, 0.39092549681663513, 0.3834139108657837, 0.3833352029323578, 0.3880824148654938, 0.3844270706176758, 0.38495194911956787, 0.3895852267742157, 0.38504502177238464, 0.39002540707588196, 0.3944471478462219, 0.3824482858181, 0.3906541168689728, 0.382820725440979, 0.38556525111198425, 0.3831208050251007, 0.3834751546382904, 0.38856351375579834, 0.38644349575042725, 0.409555047750473, 0.3846987783908844, 0.3844633996486664, 0.3838375508785248, 0.3942353427410126, 0.38359296321868896, 0.39661189913749695, 0.3887590169906616, 0.38564884662628174, 0.3824111819267273, 0.38874852657318115, 0.38360393047332764, 0.3824020028114319, 0.3911508321762085, 0.3844697177410126, 0.385593980550766, 0.3826431930065155, 0.40301713347435, 0.3854855000972748, 0.3886270225048065, 0.3841041922569275, 0.3972683846950531, 0.3859315514564514, 0.3886260986328125, 0.38611236214637756, 0.38389500975608826, 0.3824308514595032, 0.3862996995449066, 0.40972188115119934, 0.3828991949558258, 0.3896743357181549, 0.38370704650878906, 0.38240504264831543, 0.38281548023223877, 0.3846210837364197, 0.38313543796539307, 0.3851233422756195, 0.3902725875377655, 0.39921313524246216, 0.38963428139686584, 0.38244304060935974, 0.38611674308776855, 0.38377439975738525, 0.3847777247428894, 0.3866804540157318, 0.38858067989349365, 0.38487303256988525, 0.3859255611896515, 0.38496771454811096, 0.38238784670829773, 0.3829537332057953, 0.3851999342441559, 0.38479331135749817, 0.3825588524341583, 0.3842921555042267, 0.38272467255592346, 0.39088916778564453, 0.3915055990219116, 0.38241076469421387, 0.3832511901855469, 0.3824860751628876, 0.38770240545272827, 0.38325417041778564, 0.3827615976333618, 0.40536263585090637, 0.38240405917167664, 0.3929905593395233, 0.3834667205810547, 0.38582777976989746, 0.38705238699913025, 0.38259461522102356, 0.38374751806259155, 0.4048318862915039, 0.38238394260406494, 0.4035063087940216, 0.3849949538707733, 0.38333553075790405, 0.38252371549606323, 0.38377293944358826, 0.3830133080482483, 0.3824223577976227, 0.38389405608177185, 0.42137420177459717, 0.38548409938812256, 0.39473339915275574, 0.38688141107559204, 0.3826880156993866, 0.3827461302280426, 0.3983253240585327, 0.38277626037597656, 0.3848671615123749, 0.3829297125339508, 0.38259515166282654, 0.38961997628211975, 0.3848326802253723, 0.39129629731178284, 0.3825487494468689, 0.382587194442749, 0.38552165031433105, 0.3871816396713257, 0.38246020674705505, 0.3825754225254059, 0.38241302967071533, 0.3835703134536743, 0.38809067010879517, 0.38356104493141174, 0.38254398107528687, 0.39141541719436646, 0.3830902874469757, 0.3826633393764496, 0.398967444896698, 0.38351115584373474, 0.4079097509384155, 0.3837341368198395, 0.38456737995147705, 0.39374762773513794, 0.3830665946006775, 0.3859151601791382, 0.3908218741416931, 0.3831956386566162, 0.38663867115974426, 0.39351147413253784, 0.3835362493991852, 0.3903500437736511, 0.3837693929672241, 0.3829117715358734, 0.39883437752723694, 0.3854741156101227, 0.38292044401168823, 0.40037593245506287, 0.4072151482105255, 0.38298094272613525, 0.3904401659965515, 0.3840137720108032, 0.3854677081108093, 0.382417768239975, 0.4307205080986023, 0.38655126094818115, 0.38258978724479675, 0.3826464116573334, 0.38262662291526794, 0.3831411600112915, 0.3825450539588928, 0.3824053704738617, 0.3832591772079468, 0.3837203085422516, 0.39488017559051514, 0.4020931124687195, 0.39059048891067505, 0.38548019528388977, 0.38315844535827637, 0.38776957988739014, 0.38259461522102356, 0.3872213661670685, 0.38273775577545166, 0.38238704204559326, 0.4117634892463684, 0.4083924889564514, 0.38238775730133057, 0.3853726089000702, 0.40333065390586853, 0.38410431146621704, 0.4083561599254608, 0.38923564553260803, 0.382754921913147, 0.3989183306694031, 0.3876359164714813, 0.3828972578048706, 0.3828621804714203, 0.3824283480644226, 0.3824876844882965, 0.3824222683906555, 0.38703685998916626, 0.3951398730278015, 0.3824569284915924, 0.38294270634651184, 0.39986878633499146, 0.3894648849964142, 0.3824955224990845, 0.38267531991004944, 0.3834657371044159, 0.3826771676540375, 0.3852044939994812, 0.38298431038856506, 0.38369274139404297, 0.3824463188648224, 0.3824706971645355, 0.38279592990875244, 0.38437896966934204, 0.38785019516944885, 0.3846327066421509, 0.3863169550895691, 0.3830358386039734, 0.3842797875404358, 0.3842045068740845, 0.3857928514480591, 0.38250264525413513, 0.3839257061481476, 0.3827466070652008, 0.38312044739723206, 0.3826374113559723, 0.38242894411087036, 0.3841913640499115, 0.3834082782268524, 0.38244301080703735, 0.38346627354621887, 0.3824012875556946, 0.38415953516960144, 0.38324835896492004, 0.3944893777370453, 0.38277667760849, 0.38357990980148315, 0.40623465180397034, 0.382500559091568, 0.3838156759738922, 0.3840613067150116, 0.399581640958786, 0.38322558999061584, 0.3898591101169586, 0.3859517276287079, 0.39467853307724, 0.38264691829681396, 0.401915967464447, 0.38288480043411255, 0.38674554228782654, 0.3860228657722473, 0.4171661138534546, 0.39037376642227173, 0.39876729249954224, 0.38470694422721863, 0.38245734572410583, 0.3927871584892273, 0.38284218311309814, 0.3825860619544983, 0.3979555368423462, 0.3825175166130066, 0.3824600279331207, 0.3833673894405365, 0.3842451572418213, 0.3921363949775696, 0.3834424912929535, 0.38238659501075745, 0.3832673132419586, 0.3875177502632141, 0.38898879289627075, 0.3829127252101898, 0.38249146938323975, 0.3844843804836273, 0.3838285207748413, 0.3891385793685913, 0.3832035958766937, 0.3824464678764343, 0.386318564414978, 0.3829490542411804, 0.3941028118133545, 0.38483792543411255, 0.3847038149833679, 0.38379937410354614, 0.382398784160614, 0.41708600521087646, 0.38239577412605286, 0.38470259308815, 0.3872549831867218, 0.3825717270374298, 0.38247984647750854, 0.382436603307724, 0.384848028421402, 0.4008828103542328, 0.38530218601226807, 0.38238823413848877, 0.3967483937740326, 0.38239747285842896, 0.39317086338996887, 0.3874271512031555, 0.3893328607082367, 0.39390403032302856, 0.38463401794433594, 0.38307589292526245, 0.3824225962162018, 0.38239407539367676, 0.3942139446735382, 0.3902204930782318, 0.3831086754798889, 0.3838734030723572, 0.3927915096282959, 0.38458043336868286, 0.3824388384819031, 0.38300323486328125, 0.38799750804901123, 0.3887678384780884, 0.3826873302459717, 0.3828199505805969, 0.38782036304473877, 0.4036349952220917, 0.3873292803764343, 0.3824905455112457, 0.3867954909801483, 0.3830586373806, 0.39807868003845215, 0.3832608759403229, 0.3830006420612335, 0.38262030482292175, 0.39923182129859924, 0.39257732033729553, 0.3834068179130554, 0.38275203108787537, 0.38254639506340027, 0.3841974139213562, 0.3947831094264984, 0.38319382071495056, 0.3827091455459595, 0.409273236989975, 0.40837234258651733, 0.41065871715545654, 0.4104866087436676, 0.40852072834968567, 0.4150024652481079, 0.4152839183807373]",0.0,"[33.0, 33.0, 33.0, 33.0, 33.0, 33.0, 33.0, 33.0, 33.0, 33.0, 32.0, 28.0, 16.0, 9.0, 5.0, 3.0, 3.0, 3.0, 2.0, 2.0, 2.0, 2.0, 2.0, 2.0, 2.0, 2.0, 2.0, 2.0, 1.0, 1.0, 1.0, 1.0, 1.0, 1.0, 1.0, 1.0, 1.0, 1.0, 1.0, 1.0, 1.0, 1.0, 1.0, 1.0, 1.0, 1.0, 1.0, 1.0, 1.0, 1.0, 1.0, 1.0, 1.0, 1.0, 1.0, 1.0, 1.0, 1.0, 1.0, 1.0, 1.0, 1.0, 1.0, 1.0, 1.0, 1.0, 1.0, 1.0, 1.0, 1.0, 1.0, 1.0, 1.0, 1.0, 1.0, 1.0, 1.0, 1.0, 1.0, 1.0, 1.0, 1.0, 1.0, 1.0, 1.0, 1.0, 1.0, 1.0, 1.0, 1.0, 1.0, 1.0, 1.0, 1.0, 1.0, 1.0, 1.0, 1.0, 1.0, 1.0, 1.0, 1.0, 1.0, 1.0, 1.0, 1.0, 1.0, 1.0, 1.0, 1.0, 1.0, 1.0, 1.0, 1.0, 1.0, 1.0, 1.0, 1.0, 1.0, 1.0, 1.0, 1.0, 1.0, 1.0, 1.0, 1.0, 1.0, 1.0, 1.0, 1.0, 1.0, 1.0, 1.0, 1.0, 1.0, 1.0, 1.0, 1.0, 1.0, 1.0, 1.0, 1.0, 1.0, 1.0, 1.0, 1.0, 1.0, 1.0, 1.0, 1.0, 1.0, 1.0, 1.0, 1.0, 1.0, 1.0, 1.0, 1.0, 1.0, 1.0, 1.0, 1.0, 1.0, 1.0, 1.0, 1.0, 1.0, 1.0, 1.0, 1.0, 1.0, 1.0, 1.0, 1.0, 1.0, 1.0, 1.0, 1.0, 1.0, 1.0, 1.0, 1.0, 1.0, 1.0, 1.0, 1.0, 1.0, 1.0, 1.0, 1.0, 1.0, 1.0, 1.0, 1.0, 1.0, 1.0, 1.0, 1.0, 1.0, 1.0, 1.0, 1.0, 1.0, 1.0, 1.0, 1.0, 1.0, 1.0, 1.0, 1.0, 1.0, 1.0, 1.0, 1.0, 1.0, 1.0, 1.0, 1.0, 1.0, 1.0, 1.0, 1.0, 1.0, 1.0, 1.0, 1.0, 1.0, 1.0, 1.0, 1.0, 1.0, 1.0, 1.0, 1.0, 1.0, 1.0, 1.0, 1.0, 1.0, 1.0, 1.0, 1.0, 1.0, 1.0, 1.0, 1.0, 1.0, 1.0, 1.0, 1.0, 1.0, 1.0, 1.0, 1.0, 1.0, 1.0, 1.0, 1.0, 1.0, 1.0, 1.0, 1.0, 1.0, 1.0, 1.0, 1.0, 1.0, 1.0, 1.0, 1.0, 1.0, 1.0, 1.0, 1.0, 1.0, 1.0, 1.0, 1.0, 1.0, 1.0, 1.0, 1.0, 1.0, 1.0, 1.0, 1.0, 1.0, 1.0, 1.0, 1.0, 1.0, 1.0, 1.0, 1.0, 1.0, 1.0, 1.0, 1.0, 1.0, 1.0, 1.0, 1.0, 1.0, 1.0, 1.0, 1.0, 1.0, 1.0, 1.0, 1.0, 1.0, 1.0, 1.0, 1.0, 1.0, 1.0, 1.0, 1.0, 1.0, 1.0, 1.0, 1.0, 1.0, 1.0, 1.0, 1.0, 1.0, 1.0, 1.0, 1.0, 1.0, 1.0, 1.0, 1.0, 1.0, 1.0, 1.0, 1.0, 1.0, 1.0, 1.0, 1.0, 1.0, 1.0, 1.0, 1.0, 1.0, 1.0, 1.0, 1.0, 1.0, 1.0, 1.0, 1.0, 1.0, 1.0, 1.0, 1.0, 1.0, 1.0, 1.0, 1.0, 1.0, 1.0, 1.0, 1.0, 1.0, 1.0, 1.0, 1.0, 1.0, 1.0, 1.0, 1.0, 1.0, 1.0, 1.0, 1.0, 1.0, 1.0, 1.0, 1.0, 1.0, 1.0, 1.0, 1.0, 1.0, 1.0, 1.0, 1.0, 1.0, 1.0, 1.0, 1.0, 1.0, 1.0, 1.0, 1.0, 1.0, 1.0, 1.0, 1.0, 1.0, 1.0, 1.0, 1.0, 1.0, 1.0, 1.0, 1.0, 1.0, 1.0, 1.0, 1.0, 1.0, 1.0, 1.0, 1.0, 1.0, 1.0, 1.0, 1.0, 1.0, 0.0, 0.0, 0.0, 0.0, 0.0, 0.0, 0.0]",COMPLETE
