,number,value,datetime_start,datetime_complete,duration,params_batch_size_scaler,params_constant_learning_rate,params_depth,params_epochs,params_kernel_l2,params_num_trees,params_temperature,user_attrs_accuracy_test,user_attrs_accuracy_valid,user_attrs_approximate_feature_sparsity,user_attrs_approximate_feature_sparsity_history,user_attrs_approximate_weight_sparsity,user_attrs_approximate_weight_sparsity_history,user_attrs_auc_test,user_attrs_auc_valid,user_attrs_feature_sparsity,user_attrs_feature_sparsity_history,user_attrs_num_epochs,user_attrs_val_loss_history,user_attrs_weight_sparsity,user_attrs_weight_sparsity_history,state
65,65,0.6926227924411641,2024-08-31 03:02:13.007093,2024-08-31 03:04:42.226244,0 days 00:02:29.219151,64,0.05636470354191787,6,170,0.8634428385818222,32,0.000265991509201248,0.859,0.85875,33,"[33, 33, 33, 33, 33, 33, 33, 33, 33, 33, 33, 33, 33, 33, 33, 33, 33, 33, 33, 33, 33, 33, 33, 33, 33, 33, 33, 33, 33, 33, 33, 33, 33, 33, 33, 33, 33, 33, 33, 33, 33, 33, 33, 33, 33, 33, 33, 33, 33, 33, 33, 33, 33, 33, 33, 33, 33, 33, 33, 33, 33, 33, 33, 33, 33, 33, 33, 33, 33, 33, 33, 33, 33, 33, 33, 33, 33, 33, 33, 33, 33, 33, 33, 33, 33, 33, 33, 33, 33, 33, 33, 33, 33, 33, 33, 33, 33, 33, 33, 33, 33, 33, 33, 33, 33, 33, 33, 33, 33, 33, 33, 33, 33, 33, 33, 33, 33, 33, 33, 33, 33, 33, 33, 33, 33, 33, 33, 33, 33, 33, 33, 33, 33, 33, 33, 33, 33, 33, 33, 33, 33, 33, 33, 33, 33, 33, 33, 33, 33, 33, 33, 33, 33, 33, 33, 33, 33, 33, 33, 33, 33, 33, 33, 33, 33, 33, 33, 33, 33, 33]",32.94097222222222,"[32.94890873015873, 32.94394841269841, 32.944940476190474, 32.94593253968254, 32.94642857142857, 32.94642857142857, 32.93998015873016, 32.93650793650794, 32.93452380952381, 32.932539682539684, 32.9375, 32.93799603174603, 32.93849206349206, 32.93353174603175, 32.93353174603175, 32.93204365079365, 32.938988095238095, 32.93998015873016, 32.94394841269841, 32.94047619047619, 32.94097222222222, 32.94345238095238, 32.94444444444444, 32.93799603174603, 32.93849206349206, 32.94295634920635, 32.938988095238095, 32.93799603174603, 32.93799603174603, 32.94047619047619, 32.94444444444444, 32.94394841269841, 32.945436507936506, 32.9469246031746, 32.94295634920635, 32.941964285714285, 32.94593253968254, 32.94742063492063, 32.94890873015873, 32.95039682539682, 32.94742063492063, 32.94642857142857, 32.94742063492063, 32.9469246031746, 32.94444444444444, 32.9469246031746, 32.944940476190474, 32.945436507936506, 32.94047619047619, 32.93849206349206, 32.94394841269841, 32.94394841269841, 32.94295634920635, 32.942460317460316, 32.93998015873016, 32.942460317460316, 32.94097222222222, 32.93948412698413, 32.94295634920635, 32.94642857142858, 32.94394841269841, 32.944940476190474, 32.94394841269841, 32.94295634920635, 32.94146825396825, 32.94345238095238, 32.94394841269841, 32.94642857142858, 32.942460317460316, 32.94394841269841, 32.945436507936506, 32.947916666666664, 32.94742063492063, 32.94593253968254, 32.94394841269841, 32.941964285714285, 32.94345238095238, 32.941964285714285, 32.93948412698413, 32.94345238095238, 32.942460317460316, 32.93849206349206, 32.941964285714285, 32.94345238095238, 32.94047619047619, 32.93998015873016, 32.94295634920635, 32.94295634920635, 32.945436507936506, 32.94642857142857, 32.9469246031746, 32.950892857142854, 32.94940476190476, 32.951388888888886, 32.950892857142854, 32.94642857142857, 32.94394841269841, 32.944940476190474, 32.94642857142857, 32.94593253968254, 32.94394841269841, 32.945436507936506, 32.95039682539683, 32.95386904761905, 32.95486111111111, 32.95287698412698, 32.95238095238095, 32.94990079365079, 32.950892857142854, 32.94990079365079, 32.94940476190476, 32.94890873015873, 32.9469246031746, 32.95436507936508, 32.951884920634924, 32.95138888888889, 32.95138888888889, 32.95436507936508, 32.95386904761905, 32.95138888888889, 32.95287698412699, 32.954861111111114, 32.95337301587302, 32.951388888888886, 32.949404761904766, 32.94890873015873, 32.95039682539682, 32.95188492063492, 32.95486111111111, 32.95337301587301, 32.95337301587301, 32.95486111111111, 32.951388888888886, 32.94940476190476, 32.94890873015873, 32.94642857142857, 32.94444444444444, 32.94146825396825, 32.941964285714285, 32.94097222222222, 32.93948412698413, 32.93799603174603, 32.93948412698413, 32.94047619047619, 32.945436507936506, 32.94295634920635, 32.94444444444444, 32.947916666666664, 32.948412698412696, 32.94642857142857, 32.9469246031746, 32.95039682539682, 32.9469246031746, 32.9469246031746, 32.947916666666664, 32.9469246031746, 32.947916666666664, 32.94940476190476, 32.94940476190476, 32.94890873015873, 32.947916666666664, 32.947916666666664, 32.94990079365079, 32.94990079365079, 32.94890873015873, 32.94642857142857, 32.94394841269841, 32.94146825396825, 32.93849206349206, 32.94097222222222]",0.7297451266935823,0.6926227924411641,33,"[33, 33, 33, 33, 33, 33, 33, 33, 33, 33, 33, 33, 33, 33, 33, 33, 33, 33, 33, 33, 33, 33, 33, 33, 33, 33, 33, 33, 33, 33, 33, 33, 33, 33, 33, 33, 33, 33, 33, 33, 33, 33, 33, 33, 33, 33, 33, 33, 33, 33, 33, 33, 33, 33, 33, 33, 33, 33, 33, 33, 33, 33, 33, 33, 33, 33, 33, 33, 33, 33, 33, 33, 33, 33, 33, 33, 33, 33, 33, 33, 33, 33, 33, 33, 33, 33, 33, 33, 33, 33, 33, 33, 33, 33, 33, 33, 33, 33, 33, 33, 33, 33, 33, 33, 33, 33, 33, 33, 33, 33, 33, 33, 33, 33, 33, 33, 33, 33, 33, 33, 33, 33, 33, 33, 33, 33, 33, 33, 33, 33, 33, 33, 33, 33, 33, 33, 33, 33, 33, 33, 33, 33, 33, 33, 33, 33, 33, 33, 33, 33, 33, 33, 33, 33, 33, 33, 33, 33, 33, 33, 33, 33, 33, 33, 33, 33, 33, 33, 33, 33]",170,"[0.6797354221343994, 0.650973379611969, 0.6253963112831116, 0.6032444834709167, 0.5834605693817139, 0.5666241645812988, 0.5524758696556091, 0.5392422676086426, 0.5272289514541626, 0.5169264078140259, 0.5074629187583923, 0.4992690682411194, 0.49255770444869995, 0.4863239526748657, 0.48071083426475525, 0.475753515958786, 0.471017062664032, 0.4669370651245117, 0.46291205286979675, 0.4596792459487915, 0.4565733075141907, 0.45383885502815247, 0.4513111114501953, 0.4490900933742523, 0.44679978489875793, 0.44489020109176636, 0.44304370880126953, 0.44119128584861755, 0.43975725769996643, 0.4384741187095642, 0.43734145164489746, 0.436127632856369, 0.4350336194038391, 0.4339204430580139, 0.43302401900291443, 0.432364821434021, 0.4315899908542633, 0.430808424949646, 0.43009108304977417, 0.42939266562461853, 0.42871612310409546, 0.42799532413482666, 0.4275936782360077, 0.4270273447036743, 0.4264206290245056, 0.42591309547424316, 0.4254963994026184, 0.4250435531139374, 0.4245970845222473, 0.4241846203804016, 0.42379847168922424, 0.4234519600868225, 0.42308980226516724, 0.4227767586708069, 0.4224259555339813, 0.42220646142959595, 0.42192313075065613, 0.4215781092643738, 0.42120876908302307, 0.4209185540676117, 0.4206201434135437, 0.4203539192676544, 0.42008790373802185, 0.4198428988456726, 0.41963088512420654, 0.4193795919418335, 0.4191170036792755, 0.41887977719306946, 0.4186672866344452, 0.41843846440315247, 0.4181796908378601, 0.41797730326652527, 0.417739599943161, 0.41753360629081726, 0.4173401892185211, 0.4171563982963562, 0.4169679880142212, 0.4167371690273285, 0.41657230257987976, 0.41638678312301636, 0.41618919372558594, 0.4160386025905609, 0.41587281227111816, 0.41569653153419495, 0.415549635887146, 0.4153563380241394, 0.41519051790237427, 0.4150061309337616, 0.41485199332237244, 0.41466328501701355, 0.4145001173019409, 0.4143165349960327, 0.4141605794429779, 0.41397732496261597, 0.4138333797454834, 0.4136863052845001, 0.4135569632053375, 0.41343915462493896, 0.41328510642051697, 0.4131375253200531, 0.4129852056503296, 0.41285082697868347, 0.41270962357521057, 0.4125610589981079, 0.41240397095680237, 0.4122657775878906, 0.4120859205722809, 0.41196969151496887, 0.4118260443210602, 0.41169339418411255, 0.4115346670150757, 0.4114154577255249, 0.41129007935523987, 0.411161869764328, 0.41101565957069397, 0.4108666479587555, 0.4107268452644348, 0.4106190502643585, 0.410485178232193, 0.41036006808280945, 0.410241037607193, 0.4101337194442749, 0.41000843048095703, 0.4098970890045166, 0.4097762405872345, 0.4096643328666687, 0.40951302647590637, 0.40940287709236145, 0.4092831015586853, 0.4091619849205017, 0.40904366970062256, 0.4089163839817047, 0.40879499912261963, 0.408676415681839, 0.4085806906223297, 0.40846431255340576, 0.40834593772888184, 0.4082440435886383, 0.408145934343338, 0.40801507234573364, 0.4078885018825531, 0.40779539942741394, 0.40767204761505127, 0.4075818657875061, 0.40749064087867737, 0.407377690076828, 0.40728914737701416, 0.40715521574020386, 0.4070497751235962, 0.4069163501262665, 0.40681198239326477, 0.4067237973213196, 0.4066166281700134, 0.4064711630344391, 0.4063757658004761, 0.40626204013824463, 0.4061637222766876, 0.40606266260147095, 0.4059460461139679, 0.4058397710323334, 0.4057423770427704, 0.40563708543777466, 0.40552592277526855, 0.4054364264011383, 0.4053649604320526, 0.40528446435928345, 0.4052006006240845, 0.40510091185569763, 0.4049980938434601, 0.4048687219619751]",33.0,"[33.0, 33.0, 33.0, 33.0, 33.0, 33.0, 33.0, 33.0, 33.0, 33.0, 33.0, 33.0, 33.0, 33.0, 33.0, 33.0, 33.0, 33.0, 33.0, 33.0, 33.0, 33.0, 33.0, 33.0, 33.0, 33.0, 33.0, 33.0, 33.0, 33.0, 33.0, 33.0, 33.0, 33.0, 33.0, 33.0, 33.0, 33.0, 33.0, 33.0, 33.0, 33.0, 33.0, 33.0, 33.0, 33.0, 33.0, 33.0, 33.0, 33.0, 33.0, 33.0, 33.0, 33.0, 33.0, 33.0, 33.0, 33.0, 33.0, 33.0, 33.0, 33.0, 33.0, 33.0, 33.0, 33.0, 33.0, 33.0, 33.0, 33.0, 33.0, 33.0, 33.0, 33.0, 33.0, 33.0, 33.0, 33.0, 33.0, 33.0, 33.0, 33.0, 33.0, 33.0, 33.0, 33.0, 33.0, 33.0, 33.0, 33.0, 33.0, 33.0, 33.0, 33.0, 33.0, 33.0, 33.0, 33.0, 33.0, 33.0, 33.0, 33.0, 33.0, 33.0, 33.0, 33.0, 33.0, 33.0, 33.0, 33.0, 33.0, 33.0, 33.0, 33.0, 33.0, 33.0, 33.0, 33.0, 33.0, 33.0, 33.0, 33.0, 33.0, 33.0, 33.0, 33.0, 33.0, 33.0, 33.0, 33.0, 33.0, 33.0, 33.0, 33.0, 33.0, 33.0, 33.0, 33.0, 33.0, 33.0, 33.0, 33.0, 33.0, 33.0, 33.0, 33.0, 33.0, 33.0, 33.0, 33.0, 33.0, 33.0, 33.0, 33.0, 33.0, 33.0, 33.0, 33.0, 33.0, 33.0, 33.0, 33.0, 33.0, 33.0, 33.0, 33.0, 33.0, 33.0, 33.0, 33.0]",COMPLETE
