,number,value,datetime_start,datetime_complete,duration,params_batch_size_scaler,params_constant_learning_rate,params_depth,params_epochs,params_kernel_l2,params_num_trees,params_temperature,user_attrs_accuracy_test,user_attrs_accuracy_valid,user_attrs_approximate_feature_sparsity,user_attrs_approximate_feature_sparsity_history,user_attrs_approximate_weight_sparsity,user_attrs_approximate_weight_sparsity_history,user_attrs_auc_test,user_attrs_auc_valid,user_attrs_feature_sparsity,user_attrs_feature_sparsity_history,user_attrs_num_epochs,user_attrs_val_loss_history,user_attrs_weight_sparsity,user_attrs_weight_sparsity_history,state
158,158,0.5,2024-08-31 07:55:35.630883,2024-08-31 07:57:05.913089,0 days 00:01:30.282206,1,9.30852859681947,1,180,0.027968565979318932,41,0.02962166610027803,0.141,0.14125,0,"[22, 21, 22, 21, 21, 23, 21, 20, 19, 19, 19, 19, 20, 18, 18, 21, 20, 16, 18, 18, 6, 13, 17, 13, 15, 9, 2, 0, 0, 0, 0, 0, 0, 0, 0, 0, 0, 0, 0, 0, 0, 0, 0, 0, 0, 0, 0, 0, 0, 0, 0, 0, 0, 0, 0, 0, 0, 0, 0, 0, 0, 0, 0, 0, 0, 0, 0, 0, 0, 0, 0, 0, 0, 0, 0, 0, 0, 0, 0, 0, 0, 0, 0, 0, 0, 0, 0, 0, 0, 0, 0, 0, 0, 0, 0, 0, 0, 0, 0, 0, 0, 0, 0, 0, 0, 0, 0, 0, 0, 0, 0, 0, 0, 0, 0, 0, 0, 0, 0, 0, 0, 0, 0, 0, 0, 0, 0, 0, 0, 0, 0, 0, 0, 0, 0, 0, 0, 0, 0, 0, 0, 0, 0, 0, 0, 0, 0, 0, 0, 0, 0, 0, 0, 0, 0, 0, 0, 0, 0, 0, 0, 0, 0, 0, 0, 0, 0, 0, 0, 0, 0, 0, 0, 0, 0, 0, 0, 0, 0, 0]",0.0,"[22.0, 20.975609756097562, 21.829268292682926, 20.70731707317073, 20.195121951219512, 21.02439024390244, 18.024390243902438, 15.365853658536587, 13.878048780487806, 13.146341463414636, 12.53658536585366, 11.75609756097561, 11.75609756097561, 10.073170731707318, 9.731707317073171, 10.170731707317074, 9.097560975609754, 6.512195121951219, 6.780487804878049, 5.975609756097562, 1.6829268292682928, 2.3658536585365857, 3.2195121951219514, 2.1951219512195124, 2.439024390243903, 1.268292682926829, 0.21951219512195122, 0.0, 0.0, 0.0, 0.0, 0.0, 0.0, 0.0, 0.0, 0.0, 0.0, 0.0, 0.0, 0.0, 0.0, 0.0, 0.0, 0.0, 0.0, 0.0, 0.0, 0.0, 0.0, 0.0, 0.0, 0.0, 0.0, 0.0, 0.0, 0.0, 0.0, 0.0, 0.0, 0.0, 0.0, 0.0, 0.0, 0.0, 0.0, 0.0, 0.0, 0.0, 0.0, 0.0, 0.0, 0.0, 0.0, 0.0, 0.0, 0.0, 0.0, 0.0, 0.0, 0.0, 0.0, 0.0, 0.0, 0.0, 0.0, 0.0, 0.0, 0.0, 0.0, 0.0, 0.0, 0.0, 0.0, 0.0, 0.0, 0.0, 0.0, 0.0, 0.0, 0.0, 0.0, 0.0, 0.0, 0.0, 0.0, 0.0, 0.0, 0.0, 0.0, 0.0, 0.0, 0.0, 0.0, 0.0, 0.0, 0.0, 0.0, 0.0, 0.0, 0.0, 0.0, 0.0, 0.0, 0.0, 0.0, 0.0, 0.0, 0.0, 0.0, 0.0, 0.0, 0.0, 0.0, 0.0, 0.0, 0.0, 0.0, 0.0, 0.0, 0.0, 0.0, 0.0, 0.0, 0.0, 0.0, 0.0, 0.0, 0.0, 0.0, 0.0, 0.0, 0.0, 0.0, 0.0, 0.0, 0.0, 0.0, 0.0, 0.0, 0.0, 0.0, 0.0, 0.0, 0.0, 0.0, 0.0, 0.0, 0.0, 0.0, 0.0, 0.0, 0.0, 0.0, 0.0, 0.0, 0.0, 0.0, 0.0, 0.0, 0.0]",0.5,0.5,0,"[22, 21, 22, 21, 21, 23, 21, 20, 19, 19, 19, 19, 20, 18, 18, 21, 20, 16, 18, 18, 6, 13, 17, 13, 15, 9, 2, 0, 0, 0, 0, 0, 0, 0, 0, 0, 0, 0, 0, 0, 0, 0, 0, 0, 0, 0, 0, 0, 0, 0, 0, 0, 0, 0, 0, 0, 0, 0, 0, 0, 0, 0, 0, 0, 0, 0, 0, 0, 0, 0, 0, 0, 0, 0, 0, 0, 0, 0, 0, 0, 0, 0, 0, 0, 0, 0, 0, 0, 0, 0, 0, 0, 0, 0, 0, 0, 0, 0, 0, 0, 0, 0, 0, 0, 0, 0, 0, 0, 0, 0, 0, 0, 0, 0, 0, 0, 0, 0, 0, 0, 0, 0, 0, 0, 0, 0, 0, 0, 0, 0, 0, 0, 0, 0, 0, 0, 0, 0, 0, 0, 0, 0, 0, 0, 0, 0, 0, 0, 0, 0, 0, 0, 0, 0, 0, 0, 0, 0, 0, 0, 0, 0, 0, 0, 0, 0, 0, 0, 0, 0, 0, 0, 0, 0, 0, 0, 0, 0, 0, 0]",180,"[33.299129486083984, 20.22356414794922, 18.804189682006836, 34.29169845581055, 18.39971351623535, 10.437860488891602, 24.492631912231445, 26.847322463989258, 22.4006290435791, 47.03681182861328, 18.774999618530273, 60.43680191040039, 33.655906677246094, 24.349714279174805, 14.861281394958496, 52.76797866821289, 16.76911163330078, 73.35202026367188, 33.84963607788086, 76.47067260742188, 65.20169067382812, 70.05931854248047, 61.984596252441406, 19.786287307739258, 69.7770004272461, 3.7991888523101807, 35.61140060424805, 1.4441267251968384, 75.60002899169922, 41.5139045715332, 8.26708698272705, 151.2742156982422, 48.772430419921875, 14.97004508972168, 89.46841430664062, 55.7540168762207, 21.953367233276367, 71.41429901123047, 62.537635803222656, 28.839279174804688, 28.197265625, 67.41650390625, 75.36734008789062, 42.2811164855957, 8.791058540344238, 83.0132827758789, 49.159236907958984, 15.536312103271484, 107.58541870117188, 55.458805084228516, 22.861438751220703, 69.35873413085938, 62.569923400878906, 29.44033432006836, 29.49077606201172, 68.61205291748047, 35.687198638916016, 1.5851380825042725, 76.2126693725586, 42.688751220703125, 9.039244651794434, 147.28643798828125, 49.384788513183594, 16.167682647705078, 90.12859344482422, 56.0340690612793, 23.249910354614258, 71.58045196533203, 63.649375915527344, 29.384422302246094, 28.40311050415039, 69.98165893554688, 36.353721618652344, 1.8293935060501099, 190.0556182861328, 42.753787994384766, 9.164654731750488, 83.17235565185547, 48.92649459838867, 16.54096221923828, 89.69229125976562, 55.77736282348633, 23.227563858032227, 96.26517486572266, 62.856834411621094, 29.568174362182617, 28.214397430419922, 69.07695007324219, 36.287506103515625, 2.0664610862731934, 76.83956146240234, 42.75114822387695, 8.720766067504883, 83.09584045410156, 49.64055252075195, 16.872201919555664, 90.37938690185547, 56.07001876831055, 23.665916442871094, 96.14431762695312, 62.5919075012207, 29.035619735717773, 25.443647384643555, 69.20874786376953, 35.46166229248047, 3.269873857498169, 76.17725372314453, 43.591426849365234, 8.944491386413574, 83.118408203125, 49.93878936767578, 15.444131851196289, 89.74466705322266, 56.21430969238281, 22.589521408081055, 96.24453735351562, 62.75361633300781, 29.95291519165039, 103.26841735839844, 232.09303283691406, 35.392784118652344, 2.238337755203247, 76.55259704589844, 43.13251495361328, 8.778247833251953, 83.86254119873047, 50.077449798583984, 16.648540496826172, 89.7662124633789, 55.9635124206543, 22.989389419555664, 66.61772155761719, 63.62397766113281, 29.05788803100586, 29.51482391357422, 69.32218933105469, 35.70698547363281, 3.000241994857788, 76.1707534790039, 42.36856460571289, 9.579477310180664, 83.15799713134766, 49.70896911621094, 15.682971954345703, 104.99085998535156, 56.01689910888672, 22.946481704711914, 65.2079849243164, 63.43012619018555, 29.503427505493164, 29.477441787719727, 69.5421371459961, 35.977535247802734, 2.7687363624572754, 77.07394409179688, 42.69731903076172, 8.909351348876953, 82.84807586669922, 50.38654327392578, 15.48846435546875, 90.0082015991211, 55.922576904296875, 22.742887496948242, 96.31417846679688, 62.7846565246582, 29.348190307617188, 27.18982696533203, 69.81671142578125, 35.95775604248047, 2.3297934532165527, 76.8429183959961, 42.424800872802734, 8.494012832641602, 83.26945495605469, 49.219791412353516, 15.883728981018066, 110.4328384399414, 56.68259811401367, 22.29686737060547, 71.60580444335938]",0.0,"[22.0, 21.0, 22.0, 21.0, 20.975609756097562, 22.902439024390247, 20.951219512195124, 19.926829268292682, 18.926829268292682, 18.926829268292682, 18.926829268292682, 18.878048780487806, 19.731707317073173, 18.0, 18.0, 20.487804878048777, 19.268292682926827, 15.609756097560975, 16.829268292682926, 16.585365853658537, 5.170731707317073, 10.097560975609756, 13.097560975609756, 9.829268292682928, 11.341463414634147, 6.634146341463415, 1.4390243902439024, 0.0, 0.0, 0.0, 0.0, 0.0, 0.0, 0.0, 0.0, 0.0, 0.0, 0.0, 0.0, 0.0, 0.0, 0.0, 0.0, 0.0, 0.0, 0.0, 0.0, 0.0, 0.0, 0.0, 0.0, 0.0, 0.0, 0.0, 0.0, 0.0, 0.0, 0.0, 0.0, 0.0, 0.0, 0.0, 0.0, 0.0, 0.0, 0.0, 0.0, 0.0, 0.0, 0.0, 0.0, 0.0, 0.0, 0.0, 0.0, 0.0, 0.0, 0.0, 0.0, 0.0, 0.0, 0.0, 0.0, 0.0, 0.0, 0.0, 0.0, 0.0, 0.0, 0.0, 0.0, 0.0, 0.0, 0.0, 0.0, 0.0, 0.0, 0.0, 0.0, 0.0, 0.0, 0.0, 0.0, 0.0, 0.0, 0.0, 0.0, 0.0, 0.0, 0.0, 0.0, 0.0, 0.0, 0.0, 0.0, 0.0, 0.0, 0.0, 0.0, 0.0, 0.0, 0.0, 0.0, 0.0, 0.0, 0.0, 0.0, 0.0, 0.0, 0.0, 0.0, 0.0, 0.0, 0.0, 0.0, 0.0, 0.0, 0.0, 0.0, 0.0, 0.0, 0.0, 0.0, 0.0, 0.0, 0.0, 0.0, 0.0, 0.0, 0.0, 0.0, 0.0, 0.0, 0.0, 0.0, 0.0, 0.0, 0.0, 0.0, 0.0, 0.0, 0.0, 0.0, 0.0, 0.0, 0.0, 0.0, 0.0, 0.0, 0.0, 0.0, 0.0, 0.0, 0.0, 0.0, 0.0, 0.0, 0.0, 0.0, 0.0]",COMPLETE
159,159,0.9128698586904717,2024-08-31 07:57:10.054336,2024-08-31 07:57:39.980724,0 days 00:00:29.926388,4,0.03409353389569872,2,195,0.013841488163749763,2,0.000135882879009628,0.92,0.90625,15,"[33, 33, 33, 33, 33, 33, 33, 33, 33, 33, 33, 33, 33, 33, 33, 33, 33, 33, 33, 33, 33, 33, 33, 33, 33, 33, 33, 33, 33, 33, 33, 33, 33, 33, 33, 33, 33, 33, 33, 33, 33, 33, 33, 33, 33, 33, 32, 32, 32, 32, 31, 31, 31, 31, 31, 31, 31, 30, 30, 29, 28, 28, 28, 28, 28, 27, 27, 25, 25, 25, 25, 24, 24, 24, 24, 24, 24, 23, 22, 22, 22, 22, 22, 22, 22, 22, 22, 22, 22, 21, 21, 19, 19, 19, 19, 19, 19, 19, 19, 19, 18, 18, 18, 18, 18, 18, 18, 18, 18, 18, 18, 18, 18, 18, 18, 18, 18, 18, 18, 18, 18, 18, 18, 18, 17, 17, 17, 17, 17, 17, 17, 17, 17, 16, 16, 16, 16, 16, 16, 16, 16, 16, 16, 16, 16, 16, 16, 16, 16, 16, 16, 16, 16, 16, 16, 16, 16, 16, 16, 15, 15, 15, 15, 15, 15, 15, 15, 15, 15, 15, 15, 15, 15, 15, 15, 15, 15, 15, 15, 15, 15, 15, 15, 15, 15, 15, 15, 15, 15, 15, 15, 15, 15, 15, 15]",15.0,"[33.0, 33.0, 33.0, 33.0, 32.833333333333336, 33.0, 33.0, 33.0, 33.0, 33.0, 33.0, 33.0, 33.0, 33.0, 33.0, 33.0, 33.0, 33.0, 33.0, 33.0, 33.0, 33.0, 33.0, 33.0, 33.0, 33.0, 33.0, 33.0, 33.0, 32.833333333333336, 33.0, 33.0, 33.0, 33.0, 33.0, 33.0, 33.0, 33.0, 33.0, 33.0, 33.0, 33.0, 33.0, 33.0, 33.0, 32.833333333333336, 32.0, 32.0, 32.0, 32.0, 31.0, 31.0, 30.833333333333336, 31.0, 31.0, 31.0, 31.0, 30.0, 30.0, 29.0, 28.0, 28.0, 28.0, 28.0, 28.0, 27.0, 27.0, 25.0, 25.0, 25.0, 25.0, 24.0, 24.0, 23.833333333333336, 23.833333333333336, 23.833333333333336, 24.0, 23.0, 22.0, 22.0, 22.0, 22.0, 22.0, 22.0, 22.0, 22.0, 22.0, 22.0, 22.0, 21.0, 21.0, 19.0, 19.0, 19.0, 19.0, 19.0, 19.0, 19.0, 19.0, 19.0, 18.0, 18.0, 18.0, 18.0, 18.0, 18.0, 18.0, 18.0, 18.0, 18.0, 18.0, 18.0, 18.0, 18.0, 18.0, 18.0, 18.0, 18.0, 18.0, 18.0, 18.0, 18.0, 17.833333333333336, 18.0, 17.0, 17.0, 17.0, 17.0, 17.0, 17.0, 17.0, 17.0, 17.0, 16.0, 16.0, 16.0, 16.0, 16.0, 16.0, 16.0, 16.0, 16.0, 16.0, 16.0, 16.0, 16.0, 16.0, 15.666666666666668, 16.0, 16.0, 15.833333333333334, 16.0, 16.0, 16.0, 16.0, 16.0, 16.0, 16.0, 16.0, 15.0, 15.0, 15.0, 14.833333333333334, 15.0, 15.0, 15.0, 15.0, 14.833333333333334, 15.0, 14.833333333333334, 15.0, 15.0, 15.0, 15.0, 15.0, 15.0, 14.833333333333334, 15.0, 15.0, 15.0, 15.0, 15.0, 15.0, 15.0, 15.0, 15.0, 15.0, 15.0, 15.0, 15.0, 15.0, 15.0, 15.0, 15.0, 15.0]",0.8960278734137501,0.9128698586904717,15,"[33, 33, 33, 33, 33, 33, 33, 33, 33, 33, 33, 33, 33, 33, 33, 33, 33, 33, 33, 33, 33, 33, 33, 33, 33, 33, 33, 33, 33, 33, 33, 33, 33, 33, 33, 33, 33, 33, 33, 33, 33, 33, 33, 33, 33, 33, 32, 32, 32, 32, 31, 31, 31, 31, 31, 31, 31, 30, 30, 29, 28, 28, 28, 28, 28, 27, 27, 25, 25, 25, 25, 24, 24, 24, 24, 24, 24, 23, 22, 22, 22, 22, 22, 22, 22, 22, 22, 22, 22, 21, 21, 19, 19, 19, 19, 19, 19, 19, 19, 19, 18, 18, 18, 18, 18, 18, 18, 18, 18, 18, 18, 18, 18, 18, 18, 18, 18, 18, 18, 18, 18, 18, 18, 18, 17, 17, 17, 17, 17, 17, 17, 17, 17, 16, 16, 16, 16, 16, 16, 16, 16, 16, 16, 16, 16, 16, 16, 16, 16, 16, 16, 16, 16, 16, 16, 16, 16, 16, 16, 15, 15, 15, 15, 15, 15, 15, 15, 15, 15, 15, 15, 15, 15, 15, 15, 15, 15, 15, 15, 15, 15, 15, 15, 15, 15, 15, 15, 15, 15, 15, 15, 15, 15, 15, 15]",195,"[0.544171929359436, 0.46153345704078674, 0.43107056617736816, 0.417186975479126, 0.4097212851047516, 0.4049960970878601, 0.40156593918800354, 0.3985860347747803, 0.39594000577926636, 0.3933619260787964, 0.3908305764198303, 0.38831016421318054, 0.3857574760913849, 0.3831883668899536, 0.38064053654670715, 0.3781028389930725, 0.37562647461891174, 0.37330931425094604, 0.3710143268108368, 0.368834525346756, 0.366751492023468, 0.3647628426551819, 0.3629544973373413, 0.3611622750759125, 0.3594858944416046, 0.35789936780929565, 0.3565273582935333, 0.3551290035247803, 0.35379502177238464, 0.35246437788009644, 0.3512464463710785, 0.3499639630317688, 0.3487846255302429, 0.34769198298454285, 0.3466111123561859, 0.3455878496170044, 0.3445284962654114, 0.34343796968460083, 0.34246811270713806, 0.34152549505233765, 0.34054243564605713, 0.33949634432792664, 0.3384805917739868, 0.3375719487667084, 0.3366127014160156, 0.3357037305831909, 0.33536288142204285, 0.3344240188598633, 0.33351001143455505, 0.3325622081756592, 0.3325251340866089, 0.3316960632801056, 0.33080559968948364, 0.3300374746322632, 0.32907435297966003, 0.3283049762248993, 0.3273896872997284, 0.32624682784080505, 0.3253685235977173, 0.32359445095062256, 0.3225078880786896, 0.3215436041355133, 0.32069388031959534, 0.3198363482952118, 0.3190624713897705, 0.31659606099128723, 0.3160586655139923, 0.31502312421798706, 0.31435734033584595, 0.3136693239212036, 0.3129556179046631, 0.31210705637931824, 0.31140679121017456, 0.31076106429100037, 0.3100030720233917, 0.30927368998527527, 0.30866095423698425, 0.3082044720649719, 0.31086522340774536, 0.3099018931388855, 0.3091467618942261, 0.3084437847137451, 0.30779731273651123, 0.3070696294307709, 0.3063725531101227, 0.3056151866912842, 0.3048396110534668, 0.30414509773254395, 0.3032609820365906, 0.30346420407295227, 0.3028479814529419, 0.30083855986595154, 0.2996416985988617, 0.2987390160560608, 0.2979392409324646, 0.29718485474586487, 0.2965114712715149, 0.29575368762016296, 0.29501286149024963, 0.2943437397480011, 0.29204991459846497, 0.29117271304130554, 0.29037174582481384, 0.28964632749557495, 0.2889631688594818, 0.2882436215877533, 0.28753727674484253, 0.28689953684806824, 0.28623074293136597, 0.2854253649711609, 0.28471651673316956, 0.2841660976409912, 0.28345856070518494, 0.2828872799873352, 0.2822604775428772, 0.28154200315475464, 0.280927836894989, 0.28017786145210266, 0.27942952513694763, 0.27879998087882996, 0.27819669246673584, 0.27765756845474243, 0.2770691514015198, 0.27648261189460754, 0.27632227540016174, 0.27560529112815857, 0.27492257952690125, 0.27440449595451355, 0.2738417387008667, 0.2733328342437744, 0.272775262594223, 0.27218613028526306, 0.27153918147087097, 0.26990342140197754, 0.26947036385536194, 0.26891788840293884, 0.2683768570423126, 0.26777249574661255, 0.26722222566604614, 0.266776442527771, 0.26616963744163513, 0.26574283838272095, 0.26523709297180176, 0.26472020149230957, 0.26424458622932434, 0.2636648416519165, 0.2633143365383148, 0.26293301582336426, 0.262236624956131, 0.2618100345134735, 0.2612588703632355, 0.2608020603656769, 0.26040348410606384, 0.2600179612636566, 0.2597102224826813, 0.2591945230960846, 0.2586509883403778, 0.2583155035972595, 0.25780346989631653, 0.2621525824069977, 0.2606905400753021, 0.25952357053756714, 0.2585301697254181, 0.257793128490448, 0.25711512565612793, 0.25645700097084045, 0.256015807390213, 0.2553742527961731, 0.25509020686149597, 0.2547649145126343, 0.2542443573474884, 0.2539852261543274, 0.25382861495018005, 0.253317266702652, 0.25291135907173157, 0.25275182723999023, 0.25252899527549744, 0.2519260346889496, 0.25189337134361267, 0.25156673789024353, 0.251300573348999, 0.25072354078292847, 0.2505050003528595, 0.2501033544540405, 0.249919593334198, 0.24977146089076996, 0.2494184523820877, 0.24917100369930267, 0.24887359142303467, 0.24877485632896423, 0.24852730333805084, 0.24816034734249115, 0.24796468019485474, 0.24775859713554382, 0.2477221041917801]",15.0,"[33.0, 33.0, 33.0, 33.0, 33.0, 33.0, 33.0, 33.0, 33.0, 33.0, 33.0, 33.0, 33.0, 33.0, 33.0, 33.0, 33.0, 33.0, 33.0, 33.0, 33.0, 33.0, 33.0, 33.0, 33.0, 33.0, 33.0, 33.0, 33.0, 33.0, 33.0, 33.0, 33.0, 33.0, 33.0, 33.0, 33.0, 33.0, 33.0, 33.0, 33.0, 33.0, 33.0, 33.0, 33.0, 33.0, 32.0, 32.0, 32.0, 32.0, 31.0, 31.0, 31.0, 31.0, 31.0, 31.0, 31.0, 30.0, 30.0, 29.0, 28.0, 28.0, 28.0, 28.0, 28.0, 27.0, 27.0, 25.0, 25.0, 25.0, 25.0, 24.0, 24.0, 24.0, 24.0, 24.0, 24.0, 23.0, 22.0, 22.0, 22.0, 22.0, 22.0, 22.0, 22.0, 22.0, 22.0, 22.0, 22.0, 21.0, 21.0, 19.0, 19.0, 19.0, 19.0, 19.0, 19.0, 19.0, 19.0, 19.0, 18.0, 18.0, 18.0, 18.0, 18.0, 18.0, 18.0, 18.0, 18.0, 18.0, 18.0, 18.0, 18.0, 18.0, 18.0, 18.0, 18.0, 18.0, 18.0, 18.0, 18.0, 18.0, 18.0, 18.0, 17.0, 17.0, 17.0, 17.0, 17.0, 17.0, 17.0, 17.0, 17.0, 16.0, 16.0, 16.0, 16.0, 16.0, 16.0, 16.0, 16.0, 16.0, 16.0, 16.0, 16.0, 16.0, 16.0, 16.0, 16.0, 16.0, 16.0, 16.0, 16.0, 16.0, 16.0, 16.0, 16.0, 16.0, 16.0, 15.0, 15.0, 15.0, 15.0, 15.0, 15.0, 15.0, 15.0, 15.0, 15.0, 15.0, 15.0, 15.0, 15.0, 15.0, 15.0, 15.0, 15.0, 15.0, 15.0, 15.0, 15.0, 15.0, 15.0, 15.0, 15.0, 15.0, 15.0, 15.0, 15.0, 15.0, 15.0, 15.0, 15.0, 15.0, 15.0]",COMPLETE
