,number,value,datetime_start,datetime_complete,duration,params_batch_size_scaler,params_constant_learning_rate,params_depth,params_epochs,params_kernel_l2,params_num_trees,params_temperature,user_attrs_accuracy_test,user_attrs_accuracy_valid,user_attrs_approximate_feature_sparsity,user_attrs_approximate_feature_sparsity_history,user_attrs_approximate_weight_sparsity,user_attrs_approximate_weight_sparsity_history,user_attrs_auc_test,user_attrs_auc_valid,user_attrs_feature_sparsity,user_attrs_feature_sparsity_history,user_attrs_num_epochs,user_attrs_val_loss_history,user_attrs_weight_sparsity,user_attrs_weight_sparsity_history,state
114,114,0.931316097950561,2024-08-31 05:27:34.203238,2024-08-31 05:31:06.140826,0 days 00:03:31.937588,1,0.043908236242974866,4,365,0.008585625582775671,4,0.001971403259826918,0.936,0.945,32,"[33, 33, 33, 33, 33, 33, 33, 33, 33, 33, 33, 33, 33, 33, 33, 33, 33, 33, 33, 33, 33, 33, 33, 33, 33, 33, 33, 33, 33, 33, 33, 33, 33, 33, 33, 33, 33, 33, 33, 33, 33, 33, 33, 33, 33, 33, 33, 33, 33, 33, 33, 33, 33, 33, 33, 33, 33, 33, 33, 33, 33, 33, 33, 33, 33, 33, 33, 33, 33, 33, 33, 33, 33, 33, 33, 33, 33, 33, 33, 33, 33, 33, 33, 33, 33, 33, 33, 33, 33, 33, 33, 33, 33, 33, 33, 33, 33, 33, 33, 33, 33, 33, 33, 33, 33, 33, 33, 33, 33, 33, 33, 33, 33, 33, 33, 33, 33, 33, 33, 33, 33, 33, 33, 33, 33, 33, 33, 33, 33, 33, 33, 33, 33, 33, 33, 33, 33, 33, 33, 33, 33, 33, 33, 33, 33, 33, 33, 33, 33, 33, 33, 33, 33, 33, 33, 33, 33, 33, 33, 33, 33, 33, 33, 33, 33, 33, 33, 33, 33, 33, 33, 33, 33, 33, 33, 33, 33, 33, 33, 33, 33, 33, 33, 33, 33, 33, 33, 33, 33, 33, 33, 33, 33, 33, 33, 33, 33, 33, 33, 33, 33, 33, 33, 33, 33, 33, 33, 33, 33, 33, 33, 33, 33, 33, 33, 33, 33, 33, 33, 33, 33, 33, 33, 33, 33, 33, 33, 33, 33, 33, 33, 33, 33, 33, 33, 33, 33, 33, 33, 33, 33, 33, 33, 33, 33, 33, 33, 33, 33, 33, 33, 33, 33, 33, 33, 33, 33, 33, 33, 33, 33, 33, 33, 33, 33, 33, 33, 33, 33, 33, 33, 33, 33, 33, 33, 33, 33, 33, 33, 33, 33, 33, 33, 33, 33, 33, 33, 33, 33, 33, 33, 33, 33, 33, 33, 33, 33, 33, 33, 33, 33, 33, 33, 33, 33, 33, 33, 33, 33, 33, 33, 33, 33, 33, 33, 33, 33, 33, 33, 33, 33, 33, 33, 33, 33, 33, 33, 33, 33, 33, 33, 32, 32, 32, 32, 32, 32, 32, 32, 32, 32, 32, 32, 32, 32, 32, 32, 32, 32, 32, 32, 32, 32, 32, 32, 32, 32, 32, 32, 32, 32, 32, 32, 32, 32]",32.0,"[33.0, 33.0, 32.983333333333334, 32.96666666666667, 32.983333333333334, 32.983333333333334, 32.983333333333334, 33.0, 33.0, 32.983333333333334, 32.96666666666667, 32.96666666666667, 32.983333333333334, 33.0, 32.983333333333334, 33.0, 33.0, 32.983333333333334, 33.0, 32.983333333333334, 32.96666666666667, 33.0, 32.983333333333334, 33.0, 32.983333333333334, 33.0, 32.983333333333334, 33.0, 33.0, 32.983333333333334, 32.983333333333334, 33.0, 33.0, 33.0, 33.0, 32.983333333333334, 33.0, 32.983333333333334, 33.0, 33.0, 32.983333333333334, 32.983333333333334, 32.96666666666667, 32.983333333333334, 32.95, 32.983333333333334, 32.96666666666667, 32.983333333333334, 32.95, 32.983333333333334, 33.0, 33.0, 33.0, 33.0, 32.983333333333334, 33.0, 33.0, 33.0, 33.0, 32.983333333333334, 33.0, 32.983333333333334, 32.983333333333334, 32.983333333333334, 33.0, 32.983333333333334, 32.983333333333334, 33.0, 32.983333333333334, 33.0, 33.0, 33.0, 33.0, 32.983333333333334, 33.0, 32.983333333333334, 32.96666666666667, 33.0, 33.0, 33.0, 33.0, 33.0, 32.983333333333334, 32.983333333333334, 33.0, 32.983333333333334, 33.0, 33.0, 32.96666666666667, 33.0, 32.96666666666667, 33.0, 32.983333333333334, 32.983333333333334, 33.0, 33.0, 32.983333333333334, 32.983333333333334, 33.0, 33.0, 33.0, 33.0, 33.0, 32.96666666666667, 32.983333333333334, 32.96666666666667, 32.983333333333334, 32.95, 32.983333333333334, 32.96666666666667, 33.0, 32.96666666666667, 32.96666666666667, 32.983333333333334, 32.983333333333334, 32.983333333333334, 33.0, 33.0, 32.96666666666667, 33.0, 33.0, 32.983333333333334, 32.983333333333334, 33.0, 33.0, 33.0, 33.0, 33.0, 33.0, 32.983333333333334, 33.0, 33.0, 33.0, 33.0, 33.0, 33.0, 33.0, 33.0, 33.0, 32.983333333333334, 33.0, 32.96666666666667, 33.0, 33.0, 32.983333333333334, 33.0, 33.0, 33.0, 32.96666666666667, 32.983333333333334, 33.0, 33.0, 32.95, 33.0, 33.0, 33.0, 33.0, 33.0, 32.983333333333334, 33.0, 33.0, 32.983333333333334, 32.96666666666667, 33.0, 32.983333333333334, 32.983333333333334, 32.96666666666667, 32.96666666666667, 32.983333333333334, 33.0, 33.0, 33.0, 32.983333333333334, 32.95, 32.983333333333334, 32.95, 32.95, 32.96666666666667, 32.96666666666667, 32.96666666666667, 32.983333333333334, 32.983333333333334, 32.983333333333334, 32.95, 32.983333333333334, 32.96666666666667, 32.983333333333334, 32.96666666666667, 32.96666666666667, 32.96666666666667, 32.95, 32.96666666666667, 32.95, 32.983333333333334, 32.96666666666667, 32.983333333333334, 32.95, 32.96666666666667, 32.95, 32.983333333333334, 32.95, 32.96666666666667, 32.96666666666667, 32.983333333333334, 32.96666666666667, 32.96666666666667, 32.983333333333334, 32.983333333333334, 32.983333333333334, 32.95, 32.96666666666667, 32.95, 32.96666666666667, 32.983333333333334, 32.95, 32.96666666666667, 32.983333333333334, 32.96666666666667, 32.96666666666667, 32.91666666666667, 32.95, 32.96666666666667, 32.93333333333334, 32.93333333333334, 32.95, 32.96666666666667, 32.96666666666667, 32.96666666666667, 32.95, 32.96666666666667, 32.96666666666667, 32.95, 32.96666666666667, 32.96666666666667, 32.95, 32.96666666666667, 32.96666666666667, 32.95, 32.96666666666667, 32.96666666666667, 32.983333333333334, 32.983333333333334, 32.96666666666667, 32.95, 32.983333333333334, 32.96666666666667, 32.983333333333334, 32.96666666666667, 32.983333333333334, 32.983333333333334, 32.95, 32.983333333333334, 32.983333333333334, 32.96666666666667, 32.983333333333334, 32.983333333333334, 32.96666666666667, 32.983333333333334, 32.983333333333334, 32.93333333333334, 32.96666666666667, 32.983333333333334, 32.96666666666667, 32.983333333333334, 32.96666666666667, 32.96666666666667, 32.983333333333334, 32.983333333333334, 32.983333333333334, 32.95, 32.983333333333334, 32.95, 32.95, 32.983333333333334, 32.983333333333334, 32.983333333333334, 32.96666666666667, 32.983333333333334, 32.983333333333334, 32.96666666666667, 32.96666666666667, 32.96666666666667, 32.983333333333334, 32.983333333333334, 32.983333333333334, 32.95, 32.96666666666667, 32.96666666666667, 32.96666666666667, 32.983333333333334, 32.96666666666667, 32.91666666666667, 32.95, 32.96666666666667, 32.96666666666667, 32.96666666666667, 32.96666666666667, 32.983333333333334, 32.983333333333334, 32.96666666666667, 32.983333333333334, 32.983333333333334, 32.983333333333334, 32.95, 32.96666666666667, 32.96666666666667, 32.96666666666667, 32.96666666666667, 32.96666666666667, 32.95, 32.95, 32.96666666666667, 32.96666666666667, 32.96666666666667, 32.95, 32.95, 32.983333333333334, 32.983333333333334, 32.983333333333334, 32.983333333333334, 32.96666666666667, 32.93333333333334, 32.93333333333334, 32.983333333333334, 32.96666666666667, 32.96666666666667, 32.983333333333334, 32.983333333333334, 32.96666666666667, 32.96666666666667, 32.95, 32.0, 32.0, 31.983333333333334, 32.0, 32.0, 32.0, 32.0, 31.96666666666667, 31.983333333333334, 31.96666666666667, 32.0, 32.0, 31.96666666666667, 31.950000000000003, 31.950000000000003, 31.983333333333334, 31.983333333333334, 32.0, 32.0, 32.0, 32.0, 31.96666666666667, 32.0, 32.0, 32.0, 31.983333333333334, 31.950000000000003, 32.0, 31.983333333333334, 32.0, 32.0, 31.96666666666667, 31.983333333333334, 32.0]",0.9024760772463445,0.931316097950561,32,"[33, 33, 33, 33, 33, 33, 33, 33, 33, 33, 33, 33, 33, 33, 33, 33, 33, 33, 33, 33, 33, 33, 33, 33, 33, 33, 33, 33, 33, 33, 33, 33, 33, 33, 33, 33, 33, 33, 33, 33, 33, 33, 33, 33, 33, 33, 33, 33, 33, 33, 33, 33, 33, 33, 33, 33, 33, 33, 33, 33, 33, 33, 33, 33, 33, 33, 33, 33, 33, 33, 33, 33, 33, 33, 33, 33, 33, 33, 33, 33, 33, 33, 33, 33, 33, 33, 33, 33, 33, 33, 33, 33, 33, 33, 33, 33, 33, 33, 33, 33, 33, 33, 33, 33, 33, 33, 33, 33, 33, 33, 33, 33, 33, 33, 33, 33, 33, 33, 33, 33, 33, 33, 33, 33, 33, 33, 33, 33, 33, 33, 33, 33, 33, 33, 33, 33, 33, 33, 33, 33, 33, 33, 33, 33, 33, 33, 33, 33, 33, 33, 33, 33, 33, 33, 33, 33, 33, 33, 33, 33, 33, 33, 33, 33, 33, 33, 33, 33, 33, 33, 33, 33, 33, 33, 33, 33, 33, 33, 33, 33, 33, 33, 33, 33, 33, 33, 33, 33, 33, 33, 33, 33, 33, 33, 33, 33, 33, 33, 33, 33, 33, 33, 33, 33, 33, 33, 33, 33, 33, 33, 33, 33, 33, 33, 33, 33, 33, 33, 33, 33, 33, 33, 33, 33, 33, 33, 33, 33, 33, 33, 33, 33, 33, 33, 33, 33, 33, 33, 33, 33, 33, 33, 33, 33, 33, 33, 33, 33, 33, 33, 33, 33, 33, 33, 33, 33, 33, 33, 33, 33, 33, 33, 33, 33, 33, 33, 33, 33, 33, 33, 33, 33, 33, 33, 33, 33, 33, 33, 33, 33, 33, 33, 33, 33, 33, 33, 33, 33, 33, 33, 33, 33, 33, 33, 33, 33, 33, 33, 33, 33, 33, 33, 33, 33, 33, 33, 33, 33, 33, 33, 33, 33, 33, 33, 33, 33, 33, 33, 33, 33, 33, 33, 33, 33, 33, 33, 33, 33, 33, 33, 33, 32, 32, 32, 32, 32, 32, 32, 32, 32, 32, 32, 32, 32, 32, 32, 32, 32, 32, 32, 32, 32, 32, 32, 32, 32, 32, 32, 32, 32, 32, 32, 32, 32, 32]",365,"[0.4025222063064575, 0.3858681619167328, 0.3755408823490143, 0.3676576316356659, 0.36093205213546753, 0.35521838068962097, 0.34964820742607117, 0.34438320994377136, 0.33921992778778076, 0.33409571647644043, 0.32846108078956604, 0.32335010170936584, 0.3178841471672058, 0.31264054775238037, 0.30747461318969727, 0.30249547958374023, 0.29774579405784607, 0.2930893003940582, 0.28846031427383423, 0.28391119837760925, 0.2799866795539856, 0.27598607540130615, 0.2719838619232178, 0.26865461468696594, 0.2641971707344055, 0.2605266273021698, 0.257025808095932, 0.25369495153427124, 0.2503550052642822, 0.24756671488285065, 0.24396270513534546, 0.24123793840408325, 0.23837679624557495, 0.23618032038211823, 0.23373155295848846, 0.23067814111709595, 0.22887609899044037, 0.22656583786010742, 0.22379828989505768, 0.22269397974014282, 0.2214413285255432, 0.21944770216941833, 0.21786023676395416, 0.21645697951316833, 0.2154211848974228, 0.21416334807872772, 0.21319054067134857, 0.21057794988155365, 0.20916543900966644, 0.20842905342578888, 0.20790858566761017, 0.20741164684295654, 0.20568712055683136, 0.20612534880638123, 0.20528335869312286, 0.2027437388896942, 0.20270277559757233, 0.2012079954147339, 0.20033521950244904, 0.2002762258052826, 0.19866247475147247, 0.19855152070522308, 0.19817544519901276, 0.19932425022125244, 0.19848215579986572, 0.19789962470531464, 0.1969318389892578, 0.1967424601316452, 0.19494934380054474, 0.19492284953594208, 0.19439589977264404, 0.19564199447631836, 0.19487130641937256, 0.1940106898546219, 0.1936899721622467, 0.19331878423690796, 0.1931968331336975, 0.1926434487104416, 0.19317159056663513, 0.19517211616039276, 0.1934249997138977, 0.1919661909341812, 0.19259348511695862, 0.19289642572402954, 0.19135063886642456, 0.19100266695022583, 0.19054120779037476, 0.19232742488384247, 0.19192533195018768, 0.19145794212818146, 0.1920030564069748, 0.19115406274795532, 0.18888042867183685, 0.18998536467552185, 0.1899251490831375, 0.1893082559108734, 0.188196063041687, 0.1902087777853012, 0.18949861824512482, 0.18922960758209229, 0.18915359675884247, 0.18730495870113373, 0.18779712915420532, 0.18821404874324799, 0.18817976117134094, 0.18915624916553497, 0.18762457370758057, 0.18818840384483337, 0.18823131918907166, 0.1888519823551178, 0.18721750378608704, 0.18799467384815216, 0.18673717975616455, 0.1867658644914627, 0.18859075009822845, 0.18722963333129883, 0.18888746201992035, 0.18754766881465912, 0.1865532100200653, 0.18837685883045197, 0.1859949827194214, 0.18763479590415955, 0.18764066696166992, 0.18746978044509888, 0.18657676875591278, 0.18609362840652466, 0.18646614253520966, 0.18686576187610626, 0.1869085729122162, 0.1873406022787094, 0.1877288967370987, 0.1853066384792328, 0.18697723746299744, 0.18691697716712952, 0.18636374175548553, 0.18658502399921417, 0.1869036853313446, 0.1864144653081894, 0.18613827228546143, 0.1859792172908783, 0.18792685866355896, 0.19022680819034576, 0.18979234993457794, 0.1872681975364685, 0.1881980448961258, 0.18956619501113892, 0.18893493711948395, 0.18732628226280212, 0.187788188457489, 0.18877483904361725, 0.1875041127204895, 0.18816633522510529, 0.18827702105045319, 0.1871930956840515, 0.18853659927845, 0.18894174695014954, 0.18861067295074463, 0.18861359357833862, 0.18758802115917206, 0.18697963654994965, 0.18765823543071747, 0.18760685622692108, 0.18967664241790771, 0.18848541378974915, 0.1870465725660324, 0.18788085877895355, 0.18698683381080627, 0.18874821066856384, 0.18793323636054993, 0.18844640254974365, 0.18757948279380798, 0.18751457333564758, 0.18919071555137634, 0.18886016309261322, 0.18966880440711975, 0.19061441719532013, 0.190606951713562, 0.1898663341999054, 0.19106236100196838, 0.18984663486480713, 0.19104383885860443, 0.18984296917915344, 0.19045564532279968, 0.19087953865528107, 0.19186735153198242, 0.19235822558403015, 0.19064243137836456, 0.19076621532440186, 0.191890150308609, 0.1921367198228836, 0.19101744890213013, 0.19285999238491058, 0.19168010354042053, 0.19296178221702576, 0.19083522260189056, 0.192444309592247, 0.19182845950126648, 0.1908077597618103, 0.19092370569705963, 0.19180217385292053, 0.19128327071666718, 0.19061198830604553, 0.19334948062896729, 0.19161805510520935, 0.19150014221668243, 0.19346359372138977, 0.19256994128227234, 0.1935749500989914, 0.19602563977241516, 0.19436389207839966, 0.19185581803321838, 0.19222837686538696, 0.1932428479194641, 0.19318607449531555, 0.19232498109340668, 0.1955830603837967, 0.19640253484249115, 0.19325578212738037, 0.19518257677555084, 0.19490423798561096, 0.1940479427576065, 0.19550058245658875, 0.19412429630756378, 0.19414909183979034, 0.1962558627128601, 0.1930108517408371, 0.19614818692207336, 0.19599124789237976, 0.1962057650089264, 0.19527879357337952, 0.19563783705234528, 0.19808585941791534, 0.19547730684280396, 0.19558893144130707, 0.1964442878961563, 0.1947518289089203, 0.194722980260849, 0.19718599319458008, 0.19709524512290955, 0.19585806131362915, 0.19789327681064606, 0.19923721253871918, 0.19813989102840424, 0.19827595353126526, 0.19945959746837616, 0.197106271982193, 0.19765664637088776, 0.19727788865566254, 0.1971665620803833, 0.19802379608154297, 0.1989702582359314, 0.19689323008060455, 0.197826087474823, 0.19871562719345093, 0.19792544841766357, 0.19756999611854553, 0.19730301201343536, 0.19880445301532745, 0.1976044625043869, 0.19873395562171936, 0.2000337392091751, 0.2002575546503067, 0.1986837387084961, 0.19812500476837158, 0.19942064583301544, 0.19984813034534454, 0.1990676075220108, 0.20032401382923126, 0.20104481279850006, 0.20008312165737152, 0.20015227794647217, 0.20349687337875366, 0.2017572820186615, 0.200945183634758, 0.19935163855552673, 0.200998455286026, 0.20199087262153625, 0.20288725197315216, 0.19983932375907898, 0.19958651065826416, 0.20292732119560242, 0.20324905216693878, 0.20083361864089966, 0.20259830355644226, 0.20296534895896912, 0.20164291560649872, 0.20277288556098938, 0.2020258903503418, 0.20432306826114655, 0.20316848158836365, 0.2025473713874817, 0.2051042765378952, 0.20462337136268616, 0.20423421263694763, 0.20497968792915344, 0.20474031567573547, 0.2038402110338211, 0.20529977977275848, 0.20373710989952087, 0.20492635667324066, 0.2034374624490738, 0.20503541827201843, 0.20712369680404663, 0.20529289543628693, 0.20532310009002686, 0.2066081166267395, 0.20595818758010864, 0.2063286453485489, 0.2048802524805069, 0.20640572905540466, 0.2067956030368805, 0.2083618938922882, 0.20702630281448364, 0.20465399324893951, 0.2066981941461563, 0.2067117542028427, 0.2061879187822342, 0.2060219943523407, 0.20481055974960327, 0.20482681691646576, 0.2083045244216919, 0.20883123576641083, 0.20705646276474, 0.2089398056268692, 0.20892927050590515, 0.20802469551563263, 0.20779351890087128, 0.20856823027133942, 0.21131208539009094, 0.20869240164756775, 0.20684999227523804, 0.21219143271446228, 0.2107006311416626, 0.21049590408802032, 0.2095649391412735, 0.20960193872451782, 0.2092379629611969, 0.20792843401432037, 0.21221503615379333, 0.21079637110233307, 0.21103179454803467, 0.20992253720760345, 0.20961496233940125, 0.2111360877752304, 0.21109165251255035, 0.2097262740135193, 0.20992794632911682, 0.21342964470386505, 0.21160301566123962, 0.21093524992465973, 0.2123945951461792, 0.20949678122997284, 0.21009759604930878, 0.20967751741409302, 0.2117379605770111, 0.2114873081445694, 0.21150696277618408, 0.21095293760299683, 0.2127881646156311, 0.21260324120521545, 0.21294327080249786, 0.2132476568222046, 0.2109387218952179, 0.21080473065376282, 0.21209008991718292]",32.0,"[33.0, 33.0, 33.0, 33.0, 33.0, 33.0, 33.0, 33.0, 33.0, 33.0, 33.0, 33.0, 33.0, 33.0, 33.0, 33.0, 33.0, 33.0, 33.0, 33.0, 33.0, 33.0, 33.0, 33.0, 33.0, 33.0, 33.0, 33.0, 33.0, 33.0, 33.0, 33.0, 33.0, 33.0, 33.0, 33.0, 33.0, 33.0, 33.0, 33.0, 33.0, 33.0, 33.0, 33.0, 33.0, 33.0, 33.0, 33.0, 33.0, 33.0, 33.0, 33.0, 33.0, 33.0, 33.0, 33.0, 33.0, 33.0, 33.0, 33.0, 33.0, 33.0, 33.0, 33.0, 33.0, 33.0, 33.0, 33.0, 33.0, 33.0, 33.0, 33.0, 33.0, 33.0, 33.0, 33.0, 33.0, 33.0, 33.0, 33.0, 33.0, 33.0, 33.0, 33.0, 33.0, 33.0, 33.0, 33.0, 33.0, 33.0, 33.0, 33.0, 33.0, 33.0, 33.0, 33.0, 33.0, 33.0, 33.0, 33.0, 33.0, 33.0, 33.0, 33.0, 33.0, 33.0, 33.0, 33.0, 33.0, 33.0, 33.0, 33.0, 33.0, 33.0, 33.0, 33.0, 33.0, 33.0, 33.0, 33.0, 33.0, 33.0, 33.0, 33.0, 33.0, 33.0, 33.0, 33.0, 33.0, 33.0, 33.0, 33.0, 33.0, 33.0, 33.0, 33.0, 33.0, 33.0, 33.0, 33.0, 33.0, 33.0, 33.0, 33.0, 33.0, 33.0, 33.0, 33.0, 33.0, 33.0, 33.0, 33.0, 33.0, 33.0, 33.0, 33.0, 33.0, 33.0, 33.0, 33.0, 33.0, 33.0, 33.0, 33.0, 33.0, 33.0, 33.0, 33.0, 33.0, 33.0, 33.0, 33.0, 33.0, 33.0, 33.0, 33.0, 33.0, 33.0, 33.0, 33.0, 33.0, 33.0, 33.0, 33.0, 33.0, 33.0, 33.0, 33.0, 33.0, 33.0, 33.0, 33.0, 33.0, 33.0, 33.0, 33.0, 33.0, 33.0, 33.0, 33.0, 33.0, 33.0, 33.0, 33.0, 33.0, 33.0, 33.0, 33.0, 33.0, 33.0, 33.0, 33.0, 33.0, 33.0, 33.0, 33.0, 33.0, 33.0, 33.0, 33.0, 33.0, 33.0, 33.0, 33.0, 33.0, 33.0, 33.0, 33.0, 33.0, 33.0, 33.0, 33.0, 33.0, 33.0, 33.0, 33.0, 33.0, 33.0, 33.0, 33.0, 33.0, 33.0, 33.0, 33.0, 33.0, 33.0, 33.0, 33.0, 33.0, 33.0, 33.0, 33.0, 33.0, 33.0, 33.0, 33.0, 33.0, 33.0, 33.0, 33.0, 33.0, 33.0, 33.0, 33.0, 33.0, 33.0, 33.0, 33.0, 33.0, 33.0, 33.0, 33.0, 33.0, 33.0, 33.0, 33.0, 33.0, 33.0, 33.0, 33.0, 33.0, 33.0, 33.0, 33.0, 33.0, 33.0, 33.0, 33.0, 33.0, 33.0, 33.0, 33.0, 33.0, 33.0, 33.0, 33.0, 33.0, 33.0, 33.0, 33.0, 33.0, 33.0, 33.0, 33.0, 33.0, 33.0, 33.0, 33.0, 33.0, 33.0, 33.0, 33.0, 33.0, 33.0, 33.0, 33.0, 33.0, 33.0, 33.0, 33.0, 33.0, 33.0, 33.0, 33.0, 33.0, 33.0, 33.0, 33.0, 33.0, 33.0, 33.0, 32.0, 32.0, 32.0, 32.0, 32.0, 32.0, 32.0, 32.0, 32.0, 32.0, 32.0, 32.0, 32.0, 32.0, 32.0, 32.0, 32.0, 32.0, 32.0, 32.0, 32.0, 32.0, 32.0, 32.0, 32.0, 32.0, 32.0, 32.0, 32.0, 32.0, 32.0, 32.0, 32.0, 32.0]",COMPLETE
