,number,value,datetime_start,datetime_complete,duration,params_batch_size_scaler,params_constant_learning_rate,params_depth,params_epochs,params_kernel_l2,params_num_trees,params_temperature,user_attrs_accuracy_test,user_attrs_accuracy_valid,user_attrs_approximate_feature_sparsity,user_attrs_approximate_feature_sparsity_history,user_attrs_approximate_weight_sparsity,user_attrs_approximate_weight_sparsity_history,user_attrs_auc_test,user_attrs_auc_valid,user_attrs_feature_sparsity,user_attrs_feature_sparsity_history,user_attrs_num_epochs,user_attrs_val_loss_history,user_attrs_weight_sparsity,user_attrs_weight_sparsity_history,state
37,37,0.5,2024-08-31 02:09:00.883980,2024-08-31 02:20:53.932613,0 days 00:11:53.048633,1,0.7201816946185103,6,355,0.25418474188479107,19,0.021992057822989422,0.859,0.85875,0,"[0, 0, 0, 0, 0, 0, 0, 0, 0, 0, 0, 0, 0, 0, 0, 0, 0, 0, 0, 0, 0, 0, 0, 0, 0, 0, 0, 0, 0, 0, 0, 0, 0, 0, 0, 0, 0, 0, 0, 0, 0, 0, 0, 0, 0, 0, 0, 0, 0, 0, 0, 0, 0, 0, 0, 0, 0, 0, 0, 0, 0, 0, 0, 0, 0, 0, 0, 0, 0, 0, 0, 0, 0, 0, 0, 0, 0, 0, 0, 0, 0, 0, 0, 0, 0, 0, 0, 0, 0, 0, 0, 0, 0, 0, 0, 0, 0, 0, 0, 0, 0, 0, 0, 0, 0, 0, 0, 0, 0, 0, 0, 0, 0, 0, 0, 0, 0, 0, 0, 0, 0, 0, 0, 0, 0, 0, 0, 0, 0, 0, 0, 0, 0, 0, 0, 0, 0, 0, 0, 0, 0, 0, 0, 0, 0, 0, 0, 0, 0, 0, 0, 0, 0, 0, 0, 0, 0, 0, 0, 0, 0, 0, 0, 0, 0, 0, 0, 0, 0, 0, 0, 0, 0, 0, 0, 0, 0, 0, 0, 0, 0, 0, 0, 0, 0, 0, 0, 0, 0, 0, 0, 0, 0, 0, 0, 0, 0, 0, 0, 0, 0, 0, 0, 0, 0, 0, 0, 0, 0, 0, 0, 0, 0, 0, 0, 0, 0, 0, 0, 0, 0, 0, 0, 0, 0, 0, 0, 0, 0, 0, 0, 0, 0, 0, 0, 0, 0, 0, 0, 0, 0, 0, 0, 0, 0, 0, 0, 0, 0, 0, 0, 0, 0, 0, 0, 0, 0, 0, 0, 0, 0, 0, 0, 0, 0, 0, 0, 0, 0, 0, 0, 0, 0, 0, 0, 0, 0, 0, 0, 0, 0, 0, 0, 0, 0, 0, 0, 0, 0, 0, 0, 0, 0, 0, 0, 0, 0, 0, 0, 0, 0, 0, 0, 0, 0, 0, 0, 0, 0, 0, 0, 0, 0, 0, 0, 0, 0, 0, 0, 0, 0, 0, 0, 0, 0, 0, 0, 0, 0, 0, 0, 0, 0, 0, 0, 0, 0, 0, 0, 0, 0, 0, 0, 0, 0, 0, 0, 0, 0, 0, 0, 0, 0, 0, 0]",0.0,"[0.0, 0.0, 0.0, 0.0, 0.0, 0.0, 0.0, 0.0, 0.0, 0.0, 0.0, 0.0, 0.0, 0.0, 0.0, 0.0, 0.0, 0.0, 0.0, 0.0, 0.0, 0.0, 0.0, 0.0, 0.0, 0.0, 0.0, 0.0, 0.0, 0.0, 0.0, 0.0, 0.0, 0.0, 0.0, 0.0, 0.0, 0.0, 0.0, 0.0, 0.0, 0.0, 0.0, 0.0, 0.0, 0.0, 0.0, 0.0, 0.0, 0.0, 0.0, 0.0, 0.0, 0.0, 0.0, 0.0, 0.0, 0.0, 0.0, 0.0, 0.0, 0.0, 0.0, 0.0, 0.0, 0.0, 0.0, 0.0, 0.0, 0.0, 0.0, 0.0, 0.0, 0.0, 0.0, 0.0, 0.0, 0.0, 0.0, 0.0, 0.0, 0.0, 0.0, 0.0, 0.0, 0.0, 0.0, 0.0, 0.0, 0.0, 0.0, 0.0, 0.0, 0.0, 0.0, 0.0, 0.0, 0.0, 0.0, 0.0, 0.0, 0.0, 0.0, 0.0, 0.0, 0.0, 0.0, 0.0, 0.0, 0.0, 0.0, 0.0, 0.0, 0.0, 0.0, 0.0, 0.0, 0.0, 0.0, 0.0, 0.0, 0.0, 0.0, 0.0, 0.0, 0.0, 0.0, 0.0, 0.0, 0.0, 0.0, 0.0, 0.0, 0.0, 0.0, 0.0, 0.0, 0.0, 0.0, 0.0, 0.0, 0.0, 0.0, 0.0, 0.0, 0.0, 0.0, 0.0, 0.0, 0.0, 0.0, 0.0, 0.0, 0.0, 0.0, 0.0, 0.0, 0.0, 0.0, 0.0, 0.0, 0.0, 0.0, 0.0, 0.0, 0.0, 0.0, 0.0, 0.0, 0.0, 0.0, 0.0, 0.0, 0.0, 0.0, 0.0, 0.0, 0.0, 0.0, 0.0, 0.0, 0.0, 0.0, 0.0, 0.0, 0.0, 0.0, 0.0, 0.0, 0.0, 0.0, 0.0, 0.0, 0.0, 0.0, 0.0, 0.0, 0.0, 0.0, 0.0, 0.0, 0.0, 0.0, 0.0, 0.0, 0.0, 0.0, 0.0, 0.0, 0.0, 0.0, 0.0, 0.0, 0.0, 0.0, 0.0, 0.0, 0.0, 0.0, 0.0, 0.0, 0.0, 0.0, 0.0, 0.0, 0.0, 0.0, 0.0, 0.0, 0.0, 0.0, 0.0, 0.0, 0.0, 0.0, 0.0, 0.0, 0.0, 0.0, 0.0, 0.0, 0.0, 0.0, 0.0, 0.0, 0.0, 0.0, 0.0, 0.0, 0.0, 0.0, 0.0, 0.0, 0.0, 0.0, 0.0, 0.0, 0.0, 0.0, 0.0, 0.0, 0.0, 0.0, 0.0, 0.0, 0.0, 0.0, 0.0, 0.0, 0.0, 0.0, 0.0, 0.0, 0.0, 0.0, 0.0, 0.0, 0.0, 0.0, 0.0, 0.0, 0.0, 0.0, 0.0, 0.0, 0.0, 0.0, 0.0, 0.0, 0.0, 0.0, 0.0, 0.0, 0.0, 0.0, 0.0, 0.0, 0.0, 0.0, 0.0, 0.0, 0.0, 0.0, 0.0, 0.0, 0.0, 0.0, 0.0, 0.0, 0.0, 0.0, 0.0, 0.0, 0.0, 0.0, 0.0, 0.0, 0.0, 0.0, 0.0, 0.0, 0.0, 0.0, 0.0, 0.0, 0.0, 0.0, 0.0, 0.0, 0.0, 0.0, 0.0, 0.0, 0.0, 0.0, 0.0, 0.0, 0.0, 0.0, 0.0, 0.0, 0.0, 0.0, 0.0, 0.0, 0.0, 0.0, 0.0, 0.0, 0.0, 0.0, 0.0, 0.0, 0.0, 0.0]",0.5,0.5,0,"[0, 0, 0, 0, 0, 0, 0, 0, 0, 0, 0, 0, 0, 0, 0, 0, 0, 0, 0, 0, 0, 0, 0, 0, 0, 0, 0, 0, 0, 0, 0, 0, 0, 0, 0, 0, 0, 0, 0, 0, 0, 0, 0, 0, 0, 0, 0, 0, 0, 0, 0, 0, 0, 0, 0, 0, 0, 0, 0, 0, 0, 0, 0, 0, 0, 0, 0, 0, 0, 0, 0, 0, 0, 0, 0, 0, 0, 0, 0, 0, 0, 0, 0, 0, 0, 0, 0, 0, 0, 0, 0, 0, 0, 0, 0, 0, 0, 0, 0, 0, 0, 0, 0, 0, 0, 0, 0, 0, 0, 0, 0, 0, 0, 0, 0, 0, 0, 0, 0, 0, 0, 0, 0, 0, 0, 0, 0, 0, 0, 0, 0, 0, 0, 0, 0, 0, 0, 0, 0, 0, 0, 0, 0, 0, 0, 0, 0, 0, 0, 0, 0, 0, 0, 0, 0, 0, 0, 0, 0, 0, 0, 0, 0, 0, 0, 0, 0, 0, 0, 0, 0, 0, 0, 0, 0, 0, 0, 0, 0, 0, 0, 0, 0, 0, 0, 0, 0, 0, 0, 0, 0, 0, 0, 0, 0, 0, 0, 0, 0, 0, 0, 0, 0, 0, 0, 0, 0, 0, 0, 0, 0, 0, 0, 0, 0, 0, 0, 0, 0, 0, 0, 0, 0, 0, 0, 0, 0, 0, 0, 0, 0, 0, 0, 0, 0, 0, 0, 0, 0, 0, 0, 0, 0, 0, 0, 0, 0, 0, 0, 0, 0, 0, 0, 0, 0, 0, 0, 0, 0, 0, 0, 0, 0, 0, 0, 0, 0, 0, 0, 0, 0, 0, 0, 0, 0, 0, 0, 0, 0, 0, 0, 0, 0, 0, 0, 0, 0, 0, 0, 0, 0, 0, 0, 0, 0, 0, 0, 0, 0, 0, 0, 0, 0, 0, 0, 0, 0, 0, 0, 0, 0, 0, 0, 0, 0, 0, 0, 0, 0, 0, 0, 0, 0, 0, 0, 0, 0, 0, 0, 0, 0, 0, 0, 0, 0, 0, 0, 0, 0, 0, 0, 0, 0, 0, 0, 0, 0, 0, 0, 0, 0, 0, 0, 0, 0]",355,"[0.40741634368896484, 0.40737679600715637, 0.40733063220977783, 0.407654345035553, 0.40723538398742676, 0.40788665413856506, 0.40725409984588623, 0.4072260558605194, 0.40857258439064026, 0.4101821482181549, 0.40849635004997253, 0.4096009135246277, 0.40804004669189453, 0.4077743887901306, 0.4072457253932953, 0.40725472569465637, 0.40727898478507996, 0.40722742676734924, 0.4073179364204407, 0.40770041942596436, 0.40732789039611816, 0.410478413105011, 0.40726807713508606, 0.40730467438697815, 0.4081041216850281, 0.4072378873825073, 0.4082963168621063, 0.41178810596466064, 0.4086580276489258, 0.4072267413139343, 0.4072275459766388, 0.40741318464279175, 0.40724894404411316, 0.40807610750198364, 0.40841060876846313, 0.407228022813797, 0.412108838558197, 0.40864357352256775, 0.4073614180088043, 0.40728554129600525, 0.40728771686553955, 0.40731698274612427, 0.4073738157749176, 0.40843838453292847, 0.40940773487091064, 0.4076167941093445, 0.40828436613082886, 0.40856897830963135, 0.40729278326034546, 0.4089585244655609, 0.4074970483779907, 0.4072873592376709, 0.40775322914123535, 0.40722739696502686, 0.4084292948246002, 0.4072607755661011, 0.40762993693351746, 0.40902039408683777, 0.40862220525741577, 0.40788719058036804, 0.40774908661842346, 0.40749630331993103, 0.40878570079803467, 0.40749263763427734, 0.4073249399662018, 0.4102914333343506, 0.40761008858680725, 0.4072684943675995, 0.4072287678718567, 0.40732139348983765, 0.40806907415390015, 0.4077082574367523, 0.4072362780570984, 0.4090801179409027, 0.4079468846321106, 0.4072663486003876, 0.4098115563392639, 0.410232275724411, 0.41218066215515137, 0.40731897950172424, 0.40785160660743713, 0.40945670008659363, 0.4078303575515747, 0.40787947177886963, 0.4088374972343445, 0.40758830308914185, 0.40825706720352173, 0.40729832649230957, 0.4082346260547638, 0.4106668531894684, 0.40845954418182373, 0.40728458762168884, 0.40736329555511475, 0.40786370635032654, 0.40729209780693054, 0.4100280702114105, 0.40722763538360596, 0.40875044465065, 0.4079298675060272, 0.4072897732257843, 0.40948787331581116, 0.4076360762119293, 0.407601922750473, 0.4078083336353302, 0.40722790360450745, 0.40776312351226807, 0.4080377221107483, 0.407348096370697, 0.4081171452999115, 0.40724316239356995, 0.4073277413845062, 0.4076516032218933, 0.40802863240242004, 0.4072321355342865, 0.4072337746620178, 0.407288521528244, 0.40834659337997437, 0.40892860293388367, 0.4091918170452118, 0.4100220799446106, 0.4072430431842804, 0.4073604643344879, 0.40948599576950073, 0.4084538221359253, 0.4074791967868805, 0.40814629197120667, 0.40722891688346863, 0.4077116847038269, 0.40853938460350037, 0.4073483347892761, 0.4089180827140808, 0.4072269797325134, 0.4072607159614563, 0.4075199067592621, 0.407765656709671, 0.4072781503200531, 0.4093326926231384, 0.4072667956352234, 0.4073311984539032, 0.4082950949668884, 0.4072497487068176, 0.4072321653366089, 0.40739917755126953, 0.4080507755279541, 0.4072442948818207, 0.4073282480239868, 0.4085664451122284, 0.4072946310043335, 0.4077780246734619, 0.4093407094478607, 0.40786030888557434, 0.4086611866950989, 0.40722763538360596, 0.4072369337081909, 0.4075983464717865, 0.40761715173721313, 0.4073317348957062, 0.40751418471336365, 0.4077787399291992, 0.4080642759799957, 0.41047123074531555, 0.4078556299209595, 0.4077413082122803, 0.4095291495323181, 0.4072860777378082, 0.40774697065353394, 0.40748730301856995, 0.4077501595020294, 0.40742287039756775, 0.40841221809387207, 0.4075373709201813, 0.41149666905403137, 0.40783238410949707, 0.40797385573387146, 0.40796393156051636, 0.4095452129840851, 0.4099855124950409, 0.41246575117111206, 0.40722787380218506, 0.4073067903518677, 0.4074832797050476, 0.407354474067688, 0.40725356340408325, 0.40812215209007263, 0.4103297293186188, 0.4072359502315521, 0.40785926580429077, 0.407246857881546, 0.40797919034957886, 0.4088343381881714, 0.40729981660842896, 0.4075660705566406, 0.40894171595573425, 0.4083361327648163, 0.407267689704895, 0.4072601795196533, 0.4072263240814209, 0.4074418246746063, 0.4073667824268341, 0.4072648882865906, 0.4077555537223816, 0.4076528549194336, 0.4077318608760834, 0.4073472321033478, 0.40861180424690247, 0.4075460433959961, 0.4072273373603821, 0.4074731469154358, 0.40878018736839294, 0.407358855009079, 0.4079693853855133, 0.40806761384010315, 0.4078960716724396, 0.40916717052459717, 0.40761590003967285, 0.4072262644767761, 0.40814006328582764, 0.4072619378566742, 0.4075474143028259, 0.40723639726638794, 0.40749186277389526, 0.4099464416503906, 0.40723296999931335, 0.4073256254196167, 0.407308965921402, 0.4081120789051056, 0.4079548716545105, 0.4082818925380707, 0.40855664014816284, 0.4073517322540283, 0.40734031796455383, 0.4073088765144348, 0.4075678288936615, 0.4077748954296112, 0.4077599048614502, 0.4078042507171631, 0.40733641386032104, 0.40931689739227295, 0.4116896688938141, 0.4072408378124237, 0.40724000334739685, 0.40747034549713135, 0.4073542356491089, 0.40872910618782043, 0.4074817895889282, 0.40733596682548523, 0.407880961894989, 0.4074588119983673, 0.4072284996509552, 0.4078248143196106, 0.4072665870189667, 0.4077393412590027, 0.4077451229095459, 0.4075101912021637, 0.40734416246414185, 0.40960893034935, 0.40739718079566956, 0.40952789783477783, 0.4074819087982178, 0.4072602093219757, 0.4072261452674866, 0.4073725938796997, 0.40890052914619446, 0.40798744559288025, 0.40809571743011475, 0.40866947174072266, 0.40795984864234924, 0.4096228778362274, 0.4072483777999878, 0.4083556830883026, 0.407401442527771, 0.4076468348503113, 0.4072553217411041, 0.40806901454925537, 0.40760937333106995, 0.4073021411895752, 0.40723586082458496, 0.4096200466156006, 0.407317578792572, 0.40726467967033386, 0.40727272629737854, 0.4077858328819275, 0.4077724814414978, 0.4077730178833008, 0.40876317024230957, 0.40741318464279175, 0.40777823328971863, 0.4074292778968811, 0.4073221981525421, 0.4081510603427887, 0.4075676202774048, 0.40731576085090637, 0.40728509426116943, 0.4072275161743164, 0.40760067105293274, 0.40728798508644104, 0.4074167311191559, 0.4098552465438843, 0.4072999060153961, 0.4072972238063812, 0.4088292419910431, 0.40778592228889465, 0.4072270691394806, 0.40751850605010986, 0.4081058204174042, 0.4100413918495178, 0.4072323739528656, 0.40941324830055237, 0.4075619578361511, 0.40779784321784973, 0.4073866307735443, 0.41142556071281433, 0.40785884857177734, 0.4088231325149536, 0.408067524433136, 0.40821945667266846, 0.40877342224121094, 0.408611536026001, 0.4076260030269623, 0.4072815775871277, 0.4072272777557373, 0.4083280563354492, 0.4083157479763031, 0.40806910395622253, 0.4080255627632141, 0.4084596633911133, 0.41052454710006714, 0.40752488374710083, 0.40819165110588074, 0.4080679416656494, 0.4120402932167053, 0.4087192118167877, 0.40722960233688354, 0.4072958827018738, 0.40726348757743835, 0.40725255012512207, 0.40883177518844604, 0.4079710841178894, 0.40729576349258423, 0.41188880801200867, 0.4106597900390625, 0.41252535581588745, 0.4073748290538788, 0.4139169454574585, 0.4081679582595825, 0.40723076462745667, 0.40777748823165894, 0.4086265563964844, 0.41103240847587585, 0.407227098941803, 0.4072411060333252, 0.4080960154533386, 0.4072782099246979, 0.4072405993938446, 0.40773868560791016]",0.0,"[0.0, 0.0, 0.0, 0.0, 0.0, 0.0, 0.0, 0.0, 0.0, 0.0, 0.0, 0.0, 0.0, 0.0, 0.0, 0.0, 0.0, 0.0, 0.0, 0.0, 0.0, 0.0, 0.0, 0.0, 0.0, 0.0, 0.0, 0.0, 0.0, 0.0, 0.0, 0.0, 0.0, 0.0, 0.0, 0.0, 0.0, 0.0, 0.0, 0.0, 0.0, 0.0, 0.0, 0.0, 0.0, 0.0, 0.0, 0.0, 0.0, 0.0, 0.0, 0.0, 0.0, 0.0, 0.0, 0.0, 0.0, 0.0, 0.0, 0.0, 0.0, 0.0, 0.0, 0.0, 0.0, 0.0, 0.0, 0.0, 0.0, 0.0, 0.0, 0.0, 0.0, 0.0, 0.0, 0.0, 0.0, 0.0, 0.0, 0.0, 0.0, 0.0, 0.0, 0.0, 0.0, 0.0, 0.0, 0.0, 0.0, 0.0, 0.0, 0.0, 0.0, 0.0, 0.0, 0.0, 0.0, 0.0, 0.0, 0.0, 0.0, 0.0, 0.0, 0.0, 0.0, 0.0, 0.0, 0.0, 0.0, 0.0, 0.0, 0.0, 0.0, 0.0, 0.0, 0.0, 0.0, 0.0, 0.0, 0.0, 0.0, 0.0, 0.0, 0.0, 0.0, 0.0, 0.0, 0.0, 0.0, 0.0, 0.0, 0.0, 0.0, 0.0, 0.0, 0.0, 0.0, 0.0, 0.0, 0.0, 0.0, 0.0, 0.0, 0.0, 0.0, 0.0, 0.0, 0.0, 0.0, 0.0, 0.0, 0.0, 0.0, 0.0, 0.0, 0.0, 0.0, 0.0, 0.0, 0.0, 0.0, 0.0, 0.0, 0.0, 0.0, 0.0, 0.0, 0.0, 0.0, 0.0, 0.0, 0.0, 0.0, 0.0, 0.0, 0.0, 0.0, 0.0, 0.0, 0.0, 0.0, 0.0, 0.0, 0.0, 0.0, 0.0, 0.0, 0.0, 0.0, 0.0, 0.0, 0.0, 0.0, 0.0, 0.0, 0.0, 0.0, 0.0, 0.0, 0.0, 0.0, 0.0, 0.0, 0.0, 0.0, 0.0, 0.0, 0.0, 0.0, 0.0, 0.0, 0.0, 0.0, 0.0, 0.0, 0.0, 0.0, 0.0, 0.0, 0.0, 0.0, 0.0, 0.0, 0.0, 0.0, 0.0, 0.0, 0.0, 0.0, 0.0, 0.0, 0.0, 0.0, 0.0, 0.0, 0.0, 0.0, 0.0, 0.0, 0.0, 0.0, 0.0, 0.0, 0.0, 0.0, 0.0, 0.0, 0.0, 0.0, 0.0, 0.0, 0.0, 0.0, 0.0, 0.0, 0.0, 0.0, 0.0, 0.0, 0.0, 0.0, 0.0, 0.0, 0.0, 0.0, 0.0, 0.0, 0.0, 0.0, 0.0, 0.0, 0.0, 0.0, 0.0, 0.0, 0.0, 0.0, 0.0, 0.0, 0.0, 0.0, 0.0, 0.0, 0.0, 0.0, 0.0, 0.0, 0.0, 0.0, 0.0, 0.0, 0.0, 0.0, 0.0, 0.0, 0.0, 0.0, 0.0, 0.0, 0.0, 0.0, 0.0, 0.0, 0.0, 0.0, 0.0, 0.0, 0.0, 0.0, 0.0, 0.0, 0.0, 0.0, 0.0, 0.0, 0.0, 0.0, 0.0, 0.0, 0.0, 0.0, 0.0, 0.0, 0.0, 0.0, 0.0, 0.0, 0.0, 0.0, 0.0, 0.0, 0.0, 0.0, 0.0, 0.0, 0.0, 0.0, 0.0, 0.0, 0.0, 0.0, 0.0, 0.0, 0.0, 0.0, 0.0, 0.0, 0.0, 0.0, 0.0, 0.0, 0.0, 0.0, 0.0, 0.0]",COMPLETE
38,38,0.5,2024-08-31 02:20:54.711699,2024-08-31 02:21:21.987239,0 days 00:00:27.275540,4,0.6748469337605334,2,165,0.8326210359011683,67,0.0006628676210461574,0.859,0.85875,0,"[33, 33, 10, 4, 3, 2, 2, 2, 2, 2, 2, 2, 1, 1, 1, 1, 0, 0, 0, 0, 0, 0, 0, 0, 0, 0, 0, 0, 0, 0, 0, 0, 0, 0, 0, 0, 0, 0, 0, 0, 0, 0, 0, 0, 0, 0, 0, 0, 0, 0, 0, 0, 0, 0, 0, 0, 0, 0, 0, 0, 0, 0, 0, 0, 0, 0, 0, 0, 0, 0, 0, 0, 0, 0, 0, 0, 0, 0, 0, 0, 0, 0, 0, 0, 0, 0, 0, 0, 0, 0, 0, 0, 0, 0, 0, 0, 0, 0, 0, 0, 0, 0, 0, 0, 0, 0, 0, 0, 0, 0, 0, 0, 0, 0, 0, 0, 0, 0, 0, 0, 0, 0, 0, 0, 0, 0, 0, 0, 0, 0, 0, 0, 0, 0, 0, 0, 0, 0, 0, 0, 0, 0, 0, 0, 0, 0, 0, 0, 0, 0, 0, 0, 0, 0, 0, 0, 0, 0, 0, 0, 0, 0, 0, 0, 0]",0.0,"[32.975124378109456, 32.96517412935323, 9.990049751243781, 4.0, 2.990049751243781, 1.9950248756218905, 2.0, 2.0, 1.9950248756218905, 2.0, 2.0, 2.0, 1.0, 1.0, 0.9950248756218906, 1.0, 0.0, 0.0, 0.0, 0.0, 0.0, 0.0, 0.0, 0.0, 0.0, 0.0, 0.0, 0.0, 0.0, 0.0, 0.0, 0.0, 0.0, 0.0, 0.0, 0.0, 0.0, 0.0, 0.0, 0.0, 0.0, 0.0, 0.0, 0.0, 0.0, 0.0, 0.0, 0.0, 0.0, 0.0, 0.0, 0.0, 0.0, 0.0, 0.0, 0.0, 0.0, 0.0, 0.0, 0.0, 0.0, 0.0, 0.0, 0.0, 0.0, 0.0, 0.0, 0.0, 0.0, 0.0, 0.0, 0.0, 0.0, 0.0, 0.0, 0.0, 0.0, 0.0, 0.0, 0.0, 0.0, 0.0, 0.0, 0.0, 0.0, 0.0, 0.0, 0.0, 0.0, 0.0, 0.0, 0.0, 0.0, 0.0, 0.0, 0.0, 0.0, 0.0, 0.0, 0.0, 0.0, 0.0, 0.0, 0.0, 0.0, 0.0, 0.0, 0.0, 0.0, 0.0, 0.0, 0.0, 0.0, 0.0, 0.0, 0.0, 0.0, 0.0, 0.0, 0.0, 0.0, 0.0, 0.0, 0.0, 0.0, 0.0, 0.0, 0.0, 0.0, 0.0, 0.0, 0.0, 0.0, 0.0, 0.0, 0.0, 0.0, 0.0, 0.0, 0.0, 0.0, 0.0, 0.0, 0.0, 0.0, 0.0, 0.0, 0.0, 0.0, 0.0, 0.0, 0.0, 0.0, 0.0, 0.0, 0.0, 0.0, 0.0, 0.0, 0.0, 0.0, 0.0, 0.0, 0.0, 0.0]",0.5,0.5,0,"[33, 33, 10, 4, 3, 2, 2, 2, 2, 2, 2, 2, 1, 1, 1, 1, 0, 0, 0, 0, 0, 0, 0, 0, 0, 0, 0, 0, 0, 0, 0, 0, 0, 0, 0, 0, 0, 0, 0, 0, 0, 0, 0, 0, 0, 0, 0, 0, 0, 0, 0, 0, 0, 0, 0, 0, 0, 0, 0, 0, 0, 0, 0, 0, 0, 0, 0, 0, 0, 0, 0, 0, 0, 0, 0, 0, 0, 0, 0, 0, 0, 0, 0, 0, 0, 0, 0, 0, 0, 0, 0, 0, 0, 0, 0, 0, 0, 0, 0, 0, 0, 0, 0, 0, 0, 0, 0, 0, 0, 0, 0, 0, 0, 0, 0, 0, 0, 0, 0, 0, 0, 0, 0, 0, 0, 0, 0, 0, 0, 0, 0, 0, 0, 0, 0, 0, 0, 0, 0, 0, 0, 0, 0, 0, 0, 0, 0, 0, 0, 0, 0, 0, 0, 0, 0, 0, 0, 0, 0, 0, 0, 0, 0, 0, 0]",165,"[0.8628324270248413, 0.5133550763130188, 0.8856768608093262, 0.659206211566925, 1.407138466835022, 0.7513869404792786, 0.983784019947052, 0.43316784501075745, 0.4103604257106781, 0.38220953941345215, 0.6404887437820435, 0.38516300916671753, 0.9561675786972046, 0.3943481147289276, 0.40786635875701904, 0.4026286005973816, 1.1381878852844238, 0.49009230732917786, 2.322518825531006, 0.4823586940765381, 0.4310069978237152, 0.9917932748794556, 0.5666075348854065, 0.6262191534042358, 0.4255116581916809, 0.8845468759536743, 0.4307118356227875, 0.6616140007972717, 0.5544468760490417, 0.6276922821998596, 0.5640674233436584, 0.47373461723327637, 0.5424204468727112, 0.4084494113922119, 0.5169776678085327, 0.8752800226211548, 0.857707679271698, 0.4112979471683502, 1.1726268529891968, 0.45644456148147583, 0.4098130166530609, 0.40723732113838196, 1.2937684059143066, 0.4410116672515869, 0.42502203583717346, 0.41750359535217285, 0.4593147337436676, 0.4577633738517761, 0.45099589228630066, 0.8432006239891052, 0.5224330425262451, 0.6260707378387451, 0.4615721106529236, 0.40754836797714233, 0.668804407119751, 0.5254921317100525, 0.7522727251052856, 0.8886458873748779, 0.4080573320388794, 0.40774014592170715, 0.4488988518714905, 0.8006856441497803, 1.040644645690918, 0.4074802100658417, 0.4669795334339142, 1.0494205951690674, 0.514427900314331, 0.6318519115447998, 0.4110233187675476, 1.5486100912094116, 0.7629004120826721, 0.8007018566131592, 0.8398495316505432, 0.43182793259620667, 1.5267833471298218, 0.5235440135002136, 0.4420456290245056, 0.5081266164779663, 0.5970751047134399, 1.025516152381897, 0.7655520439147949, 1.5836248397827148, 0.5471996068954468, 0.7542872428894043, 0.4379150867462158, 0.5198389291763306, 0.40787795186042786, 0.40748074650764465, 0.595878541469574, 0.4429703950881958, 1.167590618133545, 0.5156393051147461, 0.7385923862457275, 0.42224204540252686, 0.46540001034736633, 0.6006361246109009, 0.7491695284843445, 0.5203216075897217, 0.9905792474746704, 0.41404709219932556, 0.6264907121658325, 0.4073909819126129, 0.5560857653617859, 0.5343880653381348, 0.4693466126918793, 0.40866243839263916, 0.7356608510017395, 0.6278834342956543, 0.6215434074401855, 0.40766441822052, 0.40958189964294434, 0.427348792552948, 0.407373309135437, 0.6653487682342529, 0.7022310495376587, 0.4162011444568634, 0.8485003709793091, 0.600059449672699, 0.5554720163345337, 0.4650505781173706, 0.7446838617324829, 2.0168232917785645, 0.4643169641494751, 1.2776508331298828, 0.4592462182044983, 0.8992393016815186, 0.4497891962528229, 1.091458797454834, 0.9477249383926392, 0.8598592877388, 0.6003877520561218, 0.4525201916694641, 0.46030980348587036, 0.4266696274280548, 0.500344455242157, 0.9001795053482056, 0.7054168581962585, 0.6236346960067749, 1.6553303003311157, 1.141737461090088, 0.5230643153190613, 0.4689493179321289, 0.5878671407699585, 1.9574577808380127, 0.4653867483139038, 1.2575469017028809, 0.45074889063835144, 0.462341845035553, 0.49389225244522095, 0.4362679719924927, 0.8689254522323608, 0.736931562423706, 0.5816500782966614, 1.3407528400421143, 0.597261905670166, 0.4783362150192261, 0.7250522375106812, 0.45553597807884216, 0.4092862010002136, 0.5892505645751953, 0.6858456134796143, 0.7954208254814148, 0.43237143754959106, 0.6451331973075867, 0.49571001529693604]",0.0,"[33.0, 33.0, 10.0, 4.0, 3.0, 2.0, 2.0, 2.0, 2.0, 2.0, 2.0, 2.0, 1.0, 1.0, 1.0, 1.0, 0.0, 0.0, 0.0, 0.0, 0.0, 0.0, 0.0, 0.0, 0.0, 0.0, 0.0, 0.0, 0.0, 0.0, 0.0, 0.0, 0.0, 0.0, 0.0, 0.0, 0.0, 0.0, 0.0, 0.0, 0.0, 0.0, 0.0, 0.0, 0.0, 0.0, 0.0, 0.0, 0.0, 0.0, 0.0, 0.0, 0.0, 0.0, 0.0, 0.0, 0.0, 0.0, 0.0, 0.0, 0.0, 0.0, 0.0, 0.0, 0.0, 0.0, 0.0, 0.0, 0.0, 0.0, 0.0, 0.0, 0.0, 0.0, 0.0, 0.0, 0.0, 0.0, 0.0, 0.0, 0.0, 0.0, 0.0, 0.0, 0.0, 0.0, 0.0, 0.0, 0.0, 0.0, 0.0, 0.0, 0.0, 0.0, 0.0, 0.0, 0.0, 0.0, 0.0, 0.0, 0.0, 0.0, 0.0, 0.0, 0.0, 0.0, 0.0, 0.0, 0.0, 0.0, 0.0, 0.0, 0.0, 0.0, 0.0, 0.0, 0.0, 0.0, 0.0, 0.0, 0.0, 0.0, 0.0, 0.0, 0.0, 0.0, 0.0, 0.0, 0.0, 0.0, 0.0, 0.0, 0.0, 0.0, 0.0, 0.0, 0.0, 0.0, 0.0, 0.0, 0.0, 0.0, 0.0, 0.0, 0.0, 0.0, 0.0, 0.0, 0.0, 0.0, 0.0, 0.0, 0.0, 0.0, 0.0, 0.0, 0.0, 0.0, 0.0, 0.0, 0.0, 0.0, 0.0, 0.0, 0.0]",COMPLETE
