,number,value,datetime_start,datetime_complete,duration,params_batch_size_scaler,params_constant_learning_rate,params_depth,params_epochs,params_kernel_l2,params_num_trees,params_temperature,user_attrs_accuracy_test,user_attrs_accuracy_valid,user_attrs_approximate_feature_sparsity,user_attrs_approximate_feature_sparsity_history,user_attrs_approximate_weight_sparsity,user_attrs_approximate_weight_sparsity_history,user_attrs_auc_test,user_attrs_auc_valid,user_attrs_feature_sparsity,user_attrs_feature_sparsity_history,user_attrs_num_epochs,user_attrs_val_loss_history,user_attrs_weight_sparsity,user_attrs_weight_sparsity_history,state
27,27,0.8730017647589237,2024-08-31 01:41:06.060376,2024-08-31 01:43:21.853128,0 days 00:02:15.792752,16,0.04515595324797713,4,490,0.012821597096836728,94,0.019371851839729216,0.88,0.875,33,"[33, 33, 33, 33, 33, 33, 33, 33, 33, 33, 33, 33, 33, 33, 33, 33, 33, 33, 33, 33, 33, 33, 33, 33, 33, 33, 33, 33, 33, 33, 33, 33, 33, 33, 33, 33, 33, 33, 33, 33, 33, 33, 33, 33, 33, 33, 33, 33, 33, 33, 33, 33, 33, 33, 33, 33, 33, 33, 33, 33, 33, 33, 33, 33, 33, 33, 33, 33, 33, 33, 33, 33, 33, 33, 33, 33, 33, 33, 33, 33, 33, 33, 33, 33, 33, 33, 33, 33, 33, 33, 33, 33, 33, 33, 33, 33, 33, 33, 33, 33, 33, 33, 33, 33, 33, 33, 33, 33, 33, 33, 33, 33, 33, 33, 33, 33, 33, 33, 33, 33, 33, 33, 33, 33, 33, 33, 33, 33, 33, 33, 33, 33, 33, 33, 33, 33, 33, 33, 33, 33, 33, 33, 33, 33, 33, 33, 33, 33, 33, 33, 33, 33, 33, 33, 33, 33, 33, 33, 33, 33, 33, 33, 33, 33, 33, 33, 33, 33, 33, 33, 33, 33, 33, 33, 33, 33, 33, 33, 33, 33, 33, 33, 33, 33, 33, 33, 33, 33, 33, 33, 33, 33, 33, 33, 33, 33, 33, 33, 33, 33, 33, 33, 33, 33, 33, 33, 33, 33, 33, 33, 33, 33, 33, 33, 33, 33, 33, 33, 33, 33, 33, 33, 33, 33, 33, 33, 33, 33, 33, 33, 33, 33, 33, 33, 33, 33, 33, 33, 33, 33, 33, 33, 33, 33, 33, 33, 33, 33, 33, 33, 33, 33, 33, 33, 33, 33, 33, 33, 33, 33, 33, 33, 33, 33, 33, 33, 33, 33, 33, 33, 33, 33, 33, 33, 33, 33, 33, 33, 33, 33, 33, 33, 33, 33, 33, 33, 33, 33, 33, 33, 33, 33, 33, 33, 33, 33, 33, 33, 33, 33, 33, 33, 33, 33, 33, 33, 33, 33, 33, 33, 33, 33, 33, 33, 33, 33, 33, 33, 33, 33, 33, 33, 33, 33, 33, 33, 33, 33, 33, 33, 33, 33, 33, 33, 33, 33, 33, 33, 33, 33, 33, 33, 33, 33, 33, 33, 33, 33, 33, 33, 33, 33, 33, 33, 33, 33, 33, 33, 33, 33, 33, 33, 33, 33, 33, 33, 33, 33, 33, 33, 33, 33, 33, 33, 33, 33, 33, 33, 33, 33, 33, 33, 33, 33, 33, 33, 33, 33, 33, 33, 33, 33, 33, 33, 33, 33, 33, 33, 33, 33, 33, 33, 33, 33, 33, 33, 33, 33, 33, 33, 33, 33, 33, 33, 33, 33, 33, 33, 33, 33, 33, 33, 33, 33, 33, 33, 33, 33, 33, 33, 33, 33, 33, 33, 33, 33, 33, 33, 33, 33, 33, 33, 33, 33, 33, 33, 33, 33, 33, 33, 33, 33, 33, 33, 33, 33, 33, 33, 33, 33, 33, 33, 33, 33, 33, 33, 33, 33, 33, 33, 33, 33, 33, 33, 33, 33, 33, 33, 33, 33, 33, 33, 33, 33, 33, 33, 33, 33, 33, 33]",32.94397163120567,"[32.95035460992908, 32.95248226950355, 32.95744680851064, 32.94964539007092, 32.9581560283688, 32.96028368794327, 32.95460992907802, 32.94539007092199, 32.94822695035461, 32.9468085106383, 32.96099290780142, 32.95248226950355, 32.95106382978723, 32.94893617021276, 32.94964539007092, 32.9531914893617, 32.95248226950355, 32.95602836879433, 32.95248226950355, 32.94397163120567, 32.94468085106383, 32.94751773049645, 32.93758865248227, 32.93758865248227, 32.93687943262411, 32.94184397163121, 32.9468085106383, 32.94893617021277, 32.94822695035461, 32.95602836879433, 32.951773049645396, 32.95177304964539, 32.95319148936171, 32.95248226950355, 32.95390070921986, 32.95319148936171, 32.94822695035461, 32.95106382978724, 32.95390070921986, 32.95035460992908, 32.94680851063829, 32.95035460992908, 32.95177304964539, 32.95035460992908, 32.95177304964539, 32.95177304964539, 32.95531914893617, 32.94751773049645, 32.94893617021277, 32.95106382978724, 32.95248226950355, 32.95744680851064, 32.95531914893617, 32.95177304964539, 32.95106382978723, 32.95177304964539, 32.95460992907802, 32.95673758865249, 32.95390070921986, 32.95177304964539, 32.95106382978724, 32.95744680851064, 32.95531914893617, 32.95460992907801, 32.9581560283688, 32.95886524822695, 32.95886524822695, 32.96099290780142, 32.96099290780142, 32.95886524822695, 32.95602836879432, 32.95744680851064, 32.95673758865248, 32.95673758865248, 32.95460992907801, 32.95177304964539, 32.95460992907802, 32.95390070921986, 32.95531914893617, 32.95248226950354, 32.95177304964539, 32.95390070921986, 32.95460992907801, 32.95460992907802, 32.95390070921986, 32.95460992907802, 32.94751773049646, 32.9531914893617, 32.95035460992908, 32.94964539007092, 32.94751773049646, 32.94255319148937, 32.93971631205674, 32.93687943262412, 32.93971631205674, 32.93191489361702, 32.93900709219858, 32.93404255319149, 32.93829787234043, 32.94255319148937, 32.941134751773056, 32.93971631205674, 32.94184397163121, 32.9404255319149, 32.93829787234043, 32.9404255319149, 32.9404255319149, 32.94184397163121, 32.93758865248227, 32.93900709219858, 32.94255319148936, 32.9418439716312, 32.93758865248227, 32.93971631205674, 32.93900709219858, 32.93900709219858, 32.93758865248227, 32.94184397163121, 32.93900709219858, 32.94255319148937, 32.93971631205674, 32.93971631205674, 32.9468085106383, 32.94822695035461, 32.94822695035461, 32.95035460992908, 32.95248226950355, 32.94893617021277, 32.94893617021276, 32.95106382978723, 32.94751773049646, 32.94397163120568, 32.94609929078015, 32.9468085106383, 32.94822695035461, 32.94822695035461, 32.94751773049645, 32.94751773049645, 32.9468085106383, 32.94751773049646, 32.94468085106383, 32.94184397163121, 32.94468085106383, 32.95035460992908, 32.95035460992908, 32.95035460992908, 32.94893617021277, 32.94893617021277, 32.95035460992908, 32.95177304964539, 32.94893617021277, 32.94468085106383, 32.9468085106383, 32.94609929078015, 32.94751773049646, 32.95035460992908, 32.94964539007093, 32.94255319148937, 32.94184397163121, 32.95106382978724, 32.95106382978724, 32.948226950354616, 32.94609929078015, 32.94184397163121, 32.9468085106383, 32.94255319148937, 32.93971631205674, 32.93900709219859, 32.93829787234043, 32.93900709219858, 32.9404255319149, 32.941134751773056, 32.94184397163121, 32.94326241134752, 32.941134751773056, 32.94326241134752, 32.9468085106383, 32.94397163120568, 32.94468085106383, 32.94539007092199, 32.94751773049646, 32.94609929078014, 32.94751773049646, 32.94609929078014, 32.9468085106383, 32.94751773049646, 32.94751773049646, 32.94964539007093, 32.94822695035461, 32.94964539007093, 32.94893617021277, 32.9468085106383, 32.94609929078014, 32.94397163120568, 32.94539007092199, 32.94539007092198, 32.94893617021277, 32.95035460992908, 32.95390070921986, 32.95673758865248, 32.95177304964539, 32.95035460992908, 32.94893617021277, 32.94893617021277, 32.95035460992908, 32.9531914893617, 32.95319148936171, 32.95390070921986, 32.95602836879433, 32.95319148936171, 32.95460992907802, 32.95177304964539, 32.95106382978724, 32.94893617021277, 32.9468085106383, 32.94184397163121, 32.94184397163121, 32.94397163120567, 32.94539007092199, 32.94255319148937, 32.94964539007093, 32.95035460992908, 32.95531914893617, 32.95744680851064, 32.95886524822695, 32.95744680851064, 32.96028368794326, 32.95886524822695, 32.95815602836879, 32.96099290780142, 32.95886524822695, 32.9531914893617, 32.95460992907801, 32.95106382978723, 32.9531914893617, 32.95460992907802, 32.95531914893617, 32.9581560283688, 32.95673758865249, 32.95673758865249, 32.95673758865249, 32.95602836879433, 32.95390070921986, 32.9531914893617, 32.9531914893617, 32.95319148936171, 32.94893617021277, 32.95177304964539, 32.9531914893617, 32.95460992907801, 32.9531914893617, 32.95460992907802, 32.95531914893617, 32.9581560283688, 32.95744680851064, 32.96170212765958, 32.95886524822696, 32.95673758865249, 32.95886524822695, 32.95815602836879, 32.95673758865248, 32.95390070921986, 32.95390070921986, 32.95602836879433, 32.95957446808511, 32.9595744680851, 32.95531914893617, 32.95531914893617, 32.95177304964539, 32.95035460992908, 32.94964539007092, 32.94751773049646, 32.95390070921986, 32.95319148936171, 32.95177304964539, 32.95390070921986, 32.9531914893617, 32.95673758865248, 32.95602836879432, 32.95460992907801, 32.95460992907801, 32.95531914893617, 32.95390070921986, 32.95390070921986, 32.9531914893617, 32.95531914893617, 32.95177304964539, 32.95177304964539, 32.95177304964539, 32.95106382978723, 32.95106382978723, 32.948226950354616, 32.9468085106383, 32.94397163120568, 32.94539007092199, 32.948226950354616, 32.95035460992908, 32.95248226950355, 32.94964539007093, 32.94893617021277, 32.95177304964539, 32.95319148936171, 32.95390070921986, 32.95106382978724, 32.95390070921986, 32.95248226950355, 32.95531914893617, 32.95390070921986, 32.95390070921986, 32.95319148936171, 32.95248226950355, 32.95673758865248, 32.95602836879433, 32.95744680851064, 32.95886524822695, 32.95531914893617, 32.95390070921986, 32.95177304964539, 32.94397163120567, 32.94751773049646, 32.94893617021277, 32.94822695035461, 32.94893617021277, 32.95319148936171, 32.95177304964539, 32.95319148936171, 32.95390070921986, 32.95390070921986, 32.95177304964539, 32.9531914893617, 32.95460992907802, 32.95248226950355, 32.9531914893617, 32.95106382978724, 32.95106382978724, 32.95106382978724, 32.95248226950355, 32.95177304964539, 32.94964539007093, 32.94751773049646, 32.95390070921986, 32.95035460992908, 32.95035460992908, 32.94964539007092, 32.95106382978724, 32.95390070921986, 32.95744680851064, 32.95602836879433, 32.95531914893617, 32.95673758865249, 32.95248226950355, 32.95106382978723, 32.95177304964539, 32.94964539007093, 32.95248226950355, 32.95248226950355, 32.951773049645396, 32.94822695035461, 32.94822695035461, 32.94964539007092, 32.94893617021277, 32.95248226950355, 32.95319148936171, 32.9531914893617, 32.94964539007092, 32.95106382978724, 32.95319148936171, 32.95106382978724, 32.95248226950355, 32.95106382978724, 32.95460992907802, 32.95460992907801, 32.9531914893617, 32.94964539007093, 32.95248226950354, 32.95035460992908, 32.95177304964539, 32.95390070921986, 32.95177304964539, 32.95177304964539, 32.95035460992908, 32.94539007092199, 32.9468085106383, 32.94822695035461, 32.94893617021276, 32.95177304964539, 32.9531914893617, 32.95460992907801, 32.95531914893617, 32.95673758865248, 32.95673758865249, 32.95815602836879, 32.95744680851064, 32.95390070921986, 32.95460992907802, 32.95460992907802, 32.951773049645396, 32.95390070921986, 32.95531914893617, 32.95602836879433, 32.96170212765958, 32.95602836879433, 32.95673758865248, 32.95673758865249, 32.96028368794327, 32.96028368794327, 32.95957446808511, 32.95886524822695, 32.95673758865248, 32.95602836879433, 32.95744680851064, 32.96028368794326, 32.95602836879433, 32.95602836879433, 32.95390070921986, 32.95319148936171, 32.95531914893617, 32.95035460992908, 32.95177304964539, 32.95035460992908, 32.94822695035461, 32.94893617021276, 32.9531914893617, 32.95177304964539, 32.94893617021277, 32.9531914893617, 32.94964539007092, 32.94964539007093, 32.95035460992908, 32.94893617021277, 32.94609929078014, 32.94609929078014, 32.944680851063836, 32.94964539007093, 32.95390070921986, 32.95390070921986, 32.9531914893617, 32.95460992907802, 32.95602836879433, 32.95744680851064, 32.95531914893617, 32.95673758865249, 32.95531914893617, 32.9531914893617, 32.95390070921986, 32.95390070921986, 32.95460992907802, 32.95319148936171, 32.95248226950355, 32.95106382978724, 32.9531914893617, 32.94893617021277, 32.94822695035461, 32.94964539007093, 32.94822695035461, 32.95035460992908, 32.94751773049646, 32.94822695035461, 32.94609929078015, 32.94468085106383, 32.94539007092199, 32.94468085106383, 32.94468085106383, 32.94326241134752, 32.94326241134752, 32.94326241134752, 32.94184397163121, 32.94255319148936, 32.94042553191489, 32.93971631205674, 32.93333333333333, 32.93049645390071, 32.93191489361702, 32.93262411347518, 32.93475177304965, 32.93687943262411, 32.93900709219858, 32.93829787234043, 32.93829787234043, 32.9404255319149, 32.9404255319149, 32.93900709219858, 32.93758865248227, 32.93758865248227, 32.94113475177305, 32.94042553191489, 32.94042553191489, 32.94184397163121, 32.94184397163121, 32.94397163120567]",0.8685177387527968,0.8730017647589237,33,"[33, 33, 33, 33, 33, 33, 33, 33, 33, 33, 33, 33, 33, 33, 33, 33, 33, 33, 33, 33, 33, 33, 33, 33, 33, 33, 33, 33, 33, 33, 33, 33, 33, 33, 33, 33, 33, 33, 33, 33, 33, 33, 33, 33, 33, 33, 33, 33, 33, 33, 33, 33, 33, 33, 33, 33, 33, 33, 33, 33, 33, 33, 33, 33, 33, 33, 33, 33, 33, 33, 33, 33, 33, 33, 33, 33, 33, 33, 33, 33, 33, 33, 33, 33, 33, 33, 33, 33, 33, 33, 33, 33, 33, 33, 33, 33, 33, 33, 33, 33, 33, 33, 33, 33, 33, 33, 33, 33, 33, 33, 33, 33, 33, 33, 33, 33, 33, 33, 33, 33, 33, 33, 33, 33, 33, 33, 33, 33, 33, 33, 33, 33, 33, 33, 33, 33, 33, 33, 33, 33, 33, 33, 33, 33, 33, 33, 33, 33, 33, 33, 33, 33, 33, 33, 33, 33, 33, 33, 33, 33, 33, 33, 33, 33, 33, 33, 33, 33, 33, 33, 33, 33, 33, 33, 33, 33, 33, 33, 33, 33, 33, 33, 33, 33, 33, 33, 33, 33, 33, 33, 33, 33, 33, 33, 33, 33, 33, 33, 33, 33, 33, 33, 33, 33, 33, 33, 33, 33, 33, 33, 33, 33, 33, 33, 33, 33, 33, 33, 33, 33, 33, 33, 33, 33, 33, 33, 33, 33, 33, 33, 33, 33, 33, 33, 33, 33, 33, 33, 33, 33, 33, 33, 33, 33, 33, 33, 33, 33, 33, 33, 33, 33, 33, 33, 33, 33, 33, 33, 33, 33, 33, 33, 33, 33, 33, 33, 33, 33, 33, 33, 33, 33, 33, 33, 33, 33, 33, 33, 33, 33, 33, 33, 33, 33, 33, 33, 33, 33, 33, 33, 33, 33, 33, 33, 33, 33, 33, 33, 33, 33, 33, 33, 33, 33, 33, 33, 33, 33, 33, 33, 33, 33, 33, 33, 33, 33, 33, 33, 33, 33, 33, 33, 33, 33, 33, 33, 33, 33, 33, 33, 33, 33, 33, 33, 33, 33, 33, 33, 33, 33, 33, 33, 33, 33, 33, 33, 33, 33, 33, 33, 33, 33, 33, 33, 33, 33, 33, 33, 33, 33, 33, 33, 33, 33, 33, 33, 33, 33, 33, 33, 33, 33, 33, 33, 33, 33, 33, 33, 33, 33, 33, 33, 33, 33, 33, 33, 33, 33, 33, 33, 33, 33, 33, 33, 33, 33, 33, 33, 33, 33, 33, 33, 33, 33, 33, 33, 33, 33, 33, 33, 33, 33, 33, 33, 33, 33, 33, 33, 33, 33, 33, 33, 33, 33, 33, 33, 33, 33, 33, 33, 33, 33, 33, 33, 33, 33, 33, 33, 33, 33, 33, 33, 33, 33, 33, 33, 33, 33, 33, 33, 33, 33, 33, 33, 33, 33, 33, 33, 33, 33, 33, 33, 33, 33, 33, 33, 33, 33, 33, 33, 33, 33, 33, 33, 33, 33, 33, 33, 33, 33, 33, 33, 33, 33, 33, 33, 33, 33, 33, 33]",490,"[0.41885265707969666, 0.4025459289550781, 0.3987264335155487, 0.3969348967075348, 0.3952008783817291, 0.3937068581581116, 0.3924019932746887, 0.39103320240974426, 0.3898096978664398, 0.38867560029029846, 0.3876970410346985, 0.3866187036037445, 0.3856867551803589, 0.3847716152667999, 0.3839224874973297, 0.38314735889434814, 0.38242432475090027, 0.3816382586956024, 0.380935400724411, 0.38021740317344666, 0.3796100914478302, 0.3790261447429657, 0.3784392178058624, 0.3780016601085663, 0.377380907535553, 0.3768618702888489, 0.3764083981513977, 0.3759945034980774, 0.37541458010673523, 0.3749939799308777, 0.3745729327201843, 0.37422654032707214, 0.3737945556640625, 0.37342989444732666, 0.37303704023361206, 0.3727445602416992, 0.3723493814468384, 0.3720523715019226, 0.37164849042892456, 0.37132617831230164, 0.37106266617774963, 0.3707515299320221, 0.37052881717681885, 0.3700884282588959, 0.3697531819343567, 0.36949318647384644, 0.3691888749599457, 0.36901435256004333, 0.36868220567703247, 0.3685463070869446, 0.3682290315628052, 0.3679827153682709, 0.36763080954551697, 0.3674142360687256, 0.3672734797000885, 0.3670561909675598, 0.3666843771934509, 0.3664186894893646, 0.36619269847869873, 0.3659421503543854, 0.36570101976394653, 0.3655681908130646, 0.3652956783771515, 0.365156352519989, 0.36482009291648865, 0.3645334243774414, 0.3643518388271332, 0.3640466034412384, 0.36377406120300293, 0.3635770082473755, 0.36336153745651245, 0.36313143372535706, 0.3630564212799072, 0.3627524971961975, 0.36243197321891785, 0.3621930181980133, 0.3619857132434845, 0.36191749572753906, 0.361652672290802, 0.361397922039032, 0.36119210720062256, 0.36090877652168274, 0.36065375804901123, 0.3605080544948578, 0.36032503843307495, 0.36024293303489685, 0.3599441647529602, 0.3596194088459015, 0.35939568281173706, 0.359156996011734, 0.35895398259162903, 0.35877060890197754, 0.3585665822029114, 0.35845085978507996, 0.3581976592540741, 0.3580532968044281, 0.3577689230442047, 0.35761919617652893, 0.35726016759872437, 0.3572455942630768, 0.35697051882743835, 0.35666781663894653, 0.3564617931842804, 0.35629698634147644, 0.35614868998527527, 0.3558879494667053, 0.35574713349342346, 0.3555542230606079, 0.3552851378917694, 0.3551204800605774, 0.35487815737724304, 0.35469385981559753, 0.35451292991638184, 0.35426074266433716, 0.3541069030761719, 0.3539324700832367, 0.3537021279335022, 0.35346999764442444, 0.3532992899417877, 0.3531874120235443, 0.3529588580131531, 0.35275667905807495, 0.35247135162353516, 0.35230061411857605, 0.3521399199962616, 0.3519762456417084, 0.3518260717391968, 0.35176384449005127, 0.3514176607131958, 0.35127127170562744, 0.3510156571865082, 0.35088616609573364, 0.3507847189903259, 0.3507426381111145, 0.3502536714076996, 0.35009193420410156, 0.3499036431312561, 0.34964442253112793, 0.3494894802570343, 0.3493350148200989, 0.34912794828414917, 0.34890216588974, 0.3488239645957947, 0.3485758602619171, 0.3482731282711029, 0.34812691807746887, 0.3479476571083069, 0.34784820675849915, 0.3476439416408539, 0.34746766090393066, 0.3474174737930298, 0.34702759981155396, 0.3468968868255615, 0.3467240631580353, 0.346619576215744, 0.3464840352535248, 0.34622856974601746, 0.3460042178630829, 0.3458336591720581, 0.3456564247608185, 0.3454696238040924, 0.3452785909175873, 0.3451428711414337, 0.3450353741645813, 0.34486186504364014, 0.3446473181247711, 0.34442219138145447, 0.3443151116371155, 0.3441638946533203, 0.3439277708530426, 0.3438242971897125, 0.34358471632003784, 0.34338968992233276, 0.34331414103507996, 0.34302276372909546, 0.34288352727890015, 0.34270843863487244, 0.342584490776062, 0.3424133360385895, 0.3422287404537201, 0.34200695157051086, 0.3418193757534027, 0.3417019546031952, 0.341585248708725, 0.34143197536468506, 0.3412107825279236, 0.3411240875720978, 0.3409821391105652, 0.3407312333583832, 0.34070250391960144, 0.3404272198677063, 0.34022626280784607, 0.340182900428772, 0.33990558981895447, 0.3397122919559479, 0.3394923508167267, 0.3393154442310333, 0.3391028642654419, 0.33898597955703735, 0.3389129638671875, 0.3388109505176544, 0.33850613236427307, 0.3383782207965851, 0.3381030559539795, 0.3379712700843811, 0.3378240466117859, 0.33768248558044434, 0.3375210165977478, 0.33731716871261597, 0.33713680505752563, 0.3370012640953064, 0.33682936429977417, 0.33670833706855774, 0.3365510106086731, 0.3363414704799652, 0.3363073766231537, 0.33608052134513855, 0.33591416478157043, 0.33577921986579895, 0.33558914065361023, 0.3354507386684418, 0.3352591395378113, 0.33519652485847473, 0.3349970579147339, 0.3348930776119232, 0.3346630930900574, 0.334482878446579, 0.33428919315338135, 0.33409544825553894, 0.334009051322937, 0.33395975828170776, 0.3338316082954407, 0.33365166187286377, 0.33334818482398987, 0.3332229554653168, 0.3330722749233246, 0.3329349756240845, 0.33282271027565, 0.3326233923435211, 0.33244380354881287, 0.33230552077293396, 0.33227598667144775, 0.33202072978019714, 0.3317761719226837, 0.33162903785705566, 0.3314596116542816, 0.3313256800174713, 0.33124446868896484, 0.3311072587966919, 0.33091625571250916, 0.33065900206565857, 0.3304801881313324, 0.3304392099380493, 0.33038127422332764, 0.33010077476501465, 0.3299519717693329, 0.32983285188674927, 0.32960766553878784, 0.3295101225376129, 0.32925495505332947, 0.32910221815109253, 0.3289523720741272, 0.32890546321868896, 0.32882702350616455, 0.3285885155200958, 0.3283662796020508, 0.32820168137550354, 0.3281205892562866, 0.3279053568840027, 0.32772067189216614, 0.3275980055332184, 0.3273966312408447, 0.3272932767868042, 0.3271835446357727, 0.32698431611061096, 0.32664668560028076, 0.32646673917770386, 0.326331228017807, 0.3261800706386566, 0.3259919285774231, 0.3258053958415985, 0.3256986737251282, 0.3255229890346527, 0.325327605009079, 0.32530373334884644, 0.325111985206604, 0.324934720993042, 0.3247499167919159, 0.324502170085907, 0.32440635561943054, 0.3243831694126129, 0.32408806681632996, 0.3239748775959015, 0.32380974292755127, 0.3236420750617981, 0.3234618902206421, 0.32333698868751526, 0.32309097051620483, 0.32308682799339294, 0.32287758588790894, 0.3225768208503723, 0.3223949074745178, 0.32223349809646606, 0.32210245728492737, 0.322063148021698, 0.32187598943710327, 0.32165539264678955, 0.32153692841529846, 0.3214913308620453, 0.32119297981262207, 0.32095611095428467, 0.3207642436027527, 0.3207048177719116, 0.320393443107605, 0.320236474275589, 0.32004374265670776, 0.31979966163635254, 0.3196362853050232, 0.31951817870140076, 0.31939661502838135, 0.31931251287460327, 0.31905844807624817, 0.31885194778442383, 0.31867220997810364, 0.3184780776500702, 0.3182336688041687, 0.3180560767650604, 0.31799423694610596, 0.31780704855918884, 0.3176267147064209, 0.3174411654472351, 0.3173876702785492, 0.31724363565444946, 0.31697455048561096, 0.31670382618904114, 0.31652840971946716, 0.31630030274391174, 0.31615519523620605, 0.3160530924797058, 0.3159116208553314, 0.3157345652580261, 0.3155359923839569, 0.3153349757194519, 0.31515082716941833, 0.3148193955421448, 0.3146512508392334, 0.31451141834259033, 0.31429681181907654, 0.3141232430934906, 0.3139989972114563, 0.31380435824394226, 0.31363362073898315, 0.31357449293136597, 0.3131866157054901, 0.31302186846733093, 0.3128131330013275, 0.312694787979126, 0.3124679625034332, 0.31231334805488586, 0.31214162707328796, 0.31193527579307556, 0.31187254190444946, 0.31176048517227173, 0.3114367723464966, 0.31110090017318726, 0.31083399057388306, 0.31077873706817627, 0.31056272983551025, 0.31032946705818176, 0.3101964294910431, 0.31005051732063293, 0.30976584553718567, 0.309573769569397, 0.3094441890716553, 0.30929186940193176, 0.30906760692596436, 0.30888187885284424, 0.30864813923835754, 0.308399498462677, 0.3081519901752472, 0.30801117420196533, 0.3076932728290558, 0.30755215883255005, 0.30728885531425476, 0.3071473240852356, 0.306941956281662, 0.3065987825393677, 0.30646374821662903, 0