,number,value,datetime_start,datetime_complete,duration,params_batch_size_scaler,params_constant_learning_rate,params_depth,params_epochs,params_kernel_l2,params_num_trees,params_temperature,user_attrs_accuracy_test,user_attrs_accuracy_valid,user_attrs_approximate_feature_sparsity,user_attrs_approximate_feature_sparsity_history,user_attrs_approximate_weight_sparsity,user_attrs_approximate_weight_sparsity_history,user_attrs_auc_test,user_attrs_auc_valid,user_attrs_feature_sparsity,user_attrs_feature_sparsity_history,user_attrs_num_epochs,user_attrs_val_loss_history,user_attrs_weight_sparsity,user_attrs_weight_sparsity_history,state
87,87,0.7147531269724723,2024-08-31 04:17:04.844143,2024-08-31 04:20:06.287186,0 days 00:03:01.443043,16,0.012522234931988598,5,470,0.28113432478620215,66,0.011395820720404858,0.87,0.86625,33,"[33, 33, 33, 33, 33, 33, 33, 33, 33, 33, 33, 33, 33, 33, 33, 33, 33, 33, 33, 33, 33, 33, 33, 33, 33, 33, 33, 33, 33, 33, 33, 33, 33, 33, 33, 33, 33, 33, 33, 33, 33, 33, 33, 33, 33, 33, 33, 33, 33, 33, 33, 33, 33, 33, 33, 33, 33, 33, 33, 33, 33, 33, 33, 33, 33, 33, 33, 33, 33, 33, 33, 33, 33, 33, 33, 33, 33, 33, 33, 33, 33, 33, 33, 33, 33, 33, 33, 33, 33, 33, 33, 33, 33, 33, 33, 33, 33, 33, 33, 33, 33, 33, 33, 33, 33, 33, 33, 33, 33, 33, 33, 33, 33, 33, 33, 33, 33, 33, 33, 33, 33, 33, 33, 33, 33, 33, 33, 33, 33, 33, 33, 33, 33, 33, 33, 33, 33, 33, 33, 33, 33, 33, 33, 33, 33, 33, 33, 33, 33, 33, 33, 33, 33, 33, 33, 33, 33, 33, 33, 33, 33, 33, 33, 33, 33, 33, 33, 33, 33, 33, 33, 33, 33, 33, 33, 33, 33, 33, 33, 33, 33, 33, 33, 33, 33, 33, 33, 33, 33, 33, 33, 33, 33, 33, 33, 33, 33, 33, 33, 33, 33, 33, 33, 33, 33, 33, 33, 33, 33, 33, 33, 33, 33, 33, 33, 33, 33, 33, 33, 33, 33, 33, 33, 33, 33, 33, 33, 33, 33, 33, 33, 33, 33, 33, 33, 33, 33, 33, 33, 33, 33, 33, 33, 33, 33, 33, 33, 33, 33, 33, 33, 33, 33, 33, 33, 33, 33, 33, 33, 33, 33, 33, 33, 33, 33, 33, 33, 33, 33, 33, 33, 33, 33, 33, 33, 33, 33, 33, 33, 33, 33, 33, 33, 33, 33, 33, 33, 33, 33, 33, 33, 33, 33, 33, 33, 33, 33, 33, 33, 33, 33, 33, 33, 33, 33, 33, 33, 33, 33, 33, 33, 33, 33, 33, 33, 33, 33, 33, 33, 33, 33, 33, 33, 33, 33, 33, 33, 33, 33, 33, 33, 33, 33, 33, 33, 33, 33, 33, 33, 33, 33, 33, 33, 33, 33, 33, 33, 33, 33, 33, 33, 33, 33, 33, 33, 33, 33, 33, 33, 33, 33, 33, 33, 33, 33, 33, 33, 33, 33, 33, 33, 33, 33, 33, 33, 33, 33, 33, 33, 33, 33, 33, 33, 33, 33, 33, 33, 33, 33, 33, 33, 33, 33, 33, 33, 33, 33, 33, 33, 33, 33, 33, 33, 33, 33, 33, 33, 33, 33, 33, 33, 33, 33, 33, 33, 33, 33, 33, 33, 33, 33, 33, 33, 33, 33, 33, 33, 33, 33, 33, 33, 33, 33, 33, 33, 33, 33, 33, 33, 33, 33, 33, 33, 33, 33, 33, 33, 33, 33, 33, 33, 33, 33, 33, 33, 33, 33, 33, 33, 33, 33, 33, 33, 33, 33, 33, 33, 33, 33, 33]",32.945259042033236,"[32.93695014662757, 32.93743890518084, 32.9325513196481, 32.935483870967744, 32.93743890518084, 32.93890518084066, 32.941837732160316, 32.946236559139784, 32.94672531769306, 32.94721407624633, 32.942815249266864, 32.940371456500486, 32.93695014662757, 32.93743890518084, 32.94086021505377, 32.941837732160316, 32.94134897360704, 32.94232649071359, 32.941837732160316, 32.94232649071359, 32.94379276637341, 32.942815249266864, 32.941348973607035, 32.94037145650049, 32.941837732160316, 32.941837732160316, 32.93988269794721, 32.93890518084066, 32.93841642228739, 32.94086021505376, 32.94086021505376, 32.945259042033236, 32.94574780058651, 32.94477028347996, 32.94477028347996, 32.94330400782014, 32.939393939393945, 32.939393939393945, 32.942815249266864, 32.942815249266864, 32.94330400782014, 32.941837732160316, 32.93841642228739, 32.93695014662757, 32.93695014662757, 32.934506353861195, 32.93646138807429, 32.93841642228739, 32.93695014662757, 32.93743890518084, 32.937927663734115, 32.93988269794721, 32.94086021505376, 32.94086021505377, 32.94232649071359, 32.94477028347996, 32.94379276637341, 32.942815249266864, 32.94232649071359, 32.94086021505376, 32.93646138807429, 32.93695014662757, 32.937927663734115, 32.93695014662757, 32.93597262952102, 32.935483870967744, 32.935483870967744, 32.93743890518084, 32.93841642228739, 32.93597262952102, 32.93695014662757, 32.93597262952102, 32.93597262952102, 32.93499511241447, 32.93597262952102, 32.93695014662757, 32.940371456500486, 32.93988269794721, 32.940371456500486, 32.93743890518084, 32.93646138807429, 32.93499511241447, 32.93695014662757, 32.93597262952102, 32.93939393939394, 32.940371456500486, 32.94086021505376, 32.937927663734115, 32.93988269794722, 32.93890518084066, 32.93841642228739, 32.941837732160316, 32.941837732160316, 32.94183773216031, 32.93597262952102, 32.93646138807429, 32.93695014662757, 32.93743890518084, 32.940371456500486, 32.93988269794721, 32.940371456500486, 32.941837732160316, 32.93890518084066, 32.93743890518084, 32.93499511241447, 32.934506353861195, 32.934506353861195, 32.93695014662757, 32.93597262952102, 32.93743890518084, 32.93988269794722, 32.941837732160316, 32.94428152492669, 32.94574780058651, 32.945259042033236, 32.945259042033236, 32.945259042033236, 32.94379276637341, 32.93988269794721, 32.93939393939394, 32.94232649071358, 32.941348973607035, 32.94428152492669, 32.94330400782014, 32.94330400782014, 32.93841642228739, 32.93597262952102, 32.93597262952102, 32.93841642228739, 32.93695014662757, 32.93841642228739, 32.93988269794721, 32.93988269794721, 32.94086021505376, 32.940371456500486, 32.94183773216031, 32.94183773216031, 32.94330400782014, 32.940371456500486, 32.93939393939394, 32.941348973607035, 32.94183773216031, 32.94232649071359, 32.945259042033236, 32.94379276637341, 32.94428152492669, 32.94330400782014, 32.942815249266864, 32.94134897360704, 32.94232649071359, 32.940371456500486, 32.93988269794721, 32.94086021505376, 32.941348973607035, 32.942815249266864, 32.94134897360704, 32.941837732160316, 32.93939393939394, 32.93646138807429, 32.93890518084066, 32.93841642228739, 32.94086021505376, 32.94134897360704, 32.94232649071359, 32.94330400782014, 32.94134897360704, 32.93939393939394, 32.94232649071359, 32.94134897360704, 32.940371456500486, 32.937927663734115, 32.93988269794722, 32.93939393939394, 32.93939393939394, 32.93841642228739, 32.937927663734115, 32.93695014662757, 32.94037145650049, 32.94037145650049, 32.939393939393945, 32.93841642228739, 32.934506353861195, 32.935483870967744, 32.93352883675465, 32.93499511241447, 32.93499511241447, 32.93695014662757, 32.93499511241447, 32.934506353861195, 32.93597262952102, 32.93597262952102, 32.93499511241447, 32.93597262952102, 32.93841642228739, 32.93939393939394, 32.93890518084066, 32.93939393939394, 32.94086021505376, 32.940371456500486, 32.94330400782014, 32.942815249266864, 32.940371456500486, 32.93841642228739, 32.93646138807429, 32.937927663734115, 32.93743890518084, 32.93695014662757, 32.935483870967744, 32.93401759530792, 32.934506353861195, 32.934506353861195, 32.93401759530792, 32.93401759530792, 32.93304007820137, 32.9325513196481, 32.93352883675465, 32.93597262952102, 32.93695014662757, 32.93695014662757, 32.93646138807429, 32.93841642228739, 32.93743890518084, 32.937927663734115, 32.93597262952102, 32.93743890518084, 32.93841642228739, 32.93695014662757, 32.93890518084066, 32.93841642228739, 32.93890518084066, 32.93646138807429, 32.935483870967744, 32.93304007820137, 32.932062561094824, 32.932062561094824, 32.93157380254154, 32.93157380254155, 32.92913000977517, 32.930596285434994, 32.932062561094824, 32.9325513196481, 32.93255131964809, 32.930596285434994, 32.93108504398827, 32.934506353861195, 32.93597262952102, 32.93646138807429, 32.937927663734115, 32.93646138807429, 32.93646138807429, 32.93597262952102, 32.935483870967744, 32.934506353861195, 32.93646138807429, 32.93646138807429, 32.937927663734115, 32.93695014662757, 32.93939393939394, 32.94086021505376, 32.94134897360704, 32.94086021505376, 32.937927663734115, 32.937927663734115, 32.937927663734115, 32.93597262952102, 32.935483870967744, 32.934506353861195, 32.93304007820137, 32.9325513196481, 32.932062561094824, 32.93010752688172, 32.93108504398827, 32.929618768328446, 32.93401759530792, 32.9325513196481, 32.93010752688173, 32.9286412512219, 32.92766373411535, 32.9286412512219, 32.92913000977517, 32.9286412512219, 32.92815249266862, 32.92913000977517, 32.927174975562075, 32.92766373411535, 32.92815249266862, 32.927174975562075, 32.93157380254154, 32.93010752688172, 32.929618768328446, 32.92815249266862, 32.93010752688172, 32.93352883675465, 32.935483870967744, 32.935483870967744, 32.935483870967744, 32.937927663734115, 32.93890518084066, 32.93988269794721, 32.937927663734115, 32.938416422287396, 32.94134897360704, 32.941837732160316, 32.941348973607035, 32.941348973607035, 32.93988269794722, 32.93890518084067, 32.94086021505377, 32.94037145650049, 32.94134897360704, 32.94134897360704, 32.94086021505377, 32.93841642228739, 32.93890518084066, 32.93939393939394, 32.93988269794722, 32.93988269794721, 32.939393939393945, 32.93841642228739, 32.93939393939394, 32.93939393939394, 32.93988269794721, 32.93939393939394, 32.93743890518084, 32.93890518084066, 32.93890518084066, 32.93695014662757, 32.93988269794721, 32.93988269794721, 32.93939393939394, 32.93890518084066, 32.940371456500486, 32.94086021505376, 32.93939393939394, 32.93841642228739, 32.93939393939394, 32.941837732160316, 32.941837732160316, 32.942815249266864, 32.94379276637341, 32.94330400782014, 32.94428152492669, 32.94574780058651, 32.946236559139784, 32.945259042033236, 32.945259042033236, 32.94574780058651, 32.946236559139784, 32.94672531769306, 32.94721407624633, 32.94868035190616, 32.94868035190616, 32.95063538611926, 32.94916911045944, 32.94916911045944, 32.94916911045944, 32.951124144672534, 32.94819159335288, 32.94770283479961, 32.94965786901271, 32.95161290322581, 32.950146627565985, 32.95063538611926, 32.951124144672534, 32.95063538611926, 32.95161290322581, 32.95063538611926, 32.94965786901271, 32.94916911045944, 32.94965786901271, 32.948680351906155, 32.94770283479961, 32.94770283479961, 32.946236559139784, 32.945259042033236, 32.94819159335288, 32.948680351906155, 32.94672531769306, 32.94770283479961, 32.948680351906155, 32.94721407624633, 32.94770283479961, 32.94672531769306, 32.94721407624633, 32.94819159335289, 32.94721407624633, 32.94672531769306, 32.94574780058651, 32.94477028347996, 32.94477028347996, 32.94379276637341, 32.94232649071359, 32.942815249266864, 32.94330400782014, 32.94477028347996, 32.942815249266864, 32.94134897360704, 32.94086021505377, 32.94037145650049, 32.93988269794722, 32.94037145650049, 32.94232649071359, 32.94232649071359, 32.94232649071359, 32.94232649071359, 32.94232649071359, 32.94037145650049, 32.94134897360704, 32.93841642228739, 32.93743890518084, 32.93646138807429, 32.93646138807429, 32.93695014662757, 32.937927663734115, 32.93988269794721, 32.93695014662757, 32.93695014662757, 32.93743890518084, 32.937927663734115, 32.93695014662757, 32.93743890518084, 32.93743890518084, 32.937927663734115, 32.93988269794722, 32.940371456500486, 32.93890518084066, 32.93890518084066, 32.93890518084066, 32.93890518084066, 32.93890518084066, 32.93890518084066, 32.93841642228739, 32.93988269794721, 32.940371456500486, 32.940371456500486, 32.93841642228739, 32.93841642228739, 32.937927663734115, 32.93841642228739, 32.93988269794721, 32.94086021505377, 32.942815249266864, 32.94477028347996, 32.946236559139784, 32.94672531769306, 32.94819159335289, 32.946236559139784, 32.94721407624634, 32.94721407624634, 32.94574780058651, 32.94672531769306, 32.94721407624633, 32.94721407624633, 32.946725317693065, 32.94574780058651, 32.945259042033236, 32.94477028347996, 32.94477028347996, 32.94330400782014, 32.94477028347996, 32.94574780058651, 32.94428152492669, 32.94477028347996, 32.94330400782014, 32.94428152492669, 32.94477028347996, 32.94477028347996, 32.94574780058651, 32.94428152492669, 32.945259042033236]",0.7487016900733989,0.7147531269724723,33,"[33, 33, 33, 33, 33, 33, 33, 33, 33, 33, 33, 33, 33, 33, 33, 33, 33, 33, 33, 33, 33, 33, 33, 33, 33, 33, 33, 33, 33, 33, 33, 33, 33, 33, 33, 33, 33, 33, 33, 33, 33, 33, 33, 33, 33, 33, 33, 33, 33, 33, 33, 33, 33, 33, 33, 33, 33, 33, 33, 33, 33, 33, 33, 33, 33, 33, 33, 33, 33, 33, 33, 33, 33, 33, 33, 33, 33, 33, 33, 33, 33, 33, 33, 33, 33, 33, 33, 33, 33, 33, 33, 33, 33, 33, 33, 33, 33, 33, 33, 33, 33, 33, 33, 33, 33, 33, 33, 33, 33, 33, 33, 33, 33, 33, 33, 33, 33, 33, 33, 33, 33, 33, 33, 33, 33, 33, 33, 33, 33, 33, 33, 33, 33, 33, 33, 33, 33, 33, 33, 33, 33, 33, 33, 33, 33, 33, 33, 33, 33, 33, 33, 33, 33, 33, 33, 33, 33, 33, 33, 33, 33, 33, 33, 33, 33, 33, 33, 33, 33, 33, 33, 33, 33, 33, 33, 33, 33, 33, 33, 33, 33, 33, 33, 33, 33, 33, 33, 33, 33, 33, 33, 33, 33, 33, 33, 33, 33, 33, 33, 33, 33, 33, 33, 33, 33, 33, 33, 33, 33, 33, 33, 33, 33, 33, 33, 33, 33, 33, 33, 33, 33, 33, 33, 33, 33, 33, 33, 33, 33, 33, 33, 33, 33, 33, 33, 33, 33, 33, 33, 33, 33, 33, 33, 33, 33, 33, 33, 33, 33, 33, 33, 33, 33, 33, 33, 33, 33, 33, 33, 33, 33, 33, 33, 33, 33, 33, 33, 33, 33, 33, 33, 33, 33, 33, 33, 33, 33, 33, 33, 33, 33, 33, 33, 33, 33, 33, 33, 33, 33, 33, 33, 33, 33, 33, 33, 33, 33, 33, 33, 33, 33, 33, 33, 33, 33, 33, 33, 33, 33, 33, 33, 33, 33, 33, 33, 33, 33, 33, 33, 33, 33, 33, 33, 33, 33, 33, 33, 33, 33, 33, 33, 33, 33, 33, 33, 33, 33, 33, 33, 33, 33, 33, 33, 33, 33, 33, 33, 33, 33, 33, 33, 33, 33, 33, 33, 33, 33, 33, 33, 33, 33, 33, 33, 33, 33, 33, 33, 33, 33, 33, 33, 33, 33, 33, 33, 33, 33, 33, 33, 33, 33, 33, 33, 33, 33, 33, 33, 33, 33, 33, 33, 33, 33, 33, 33, 33, 33, 33, 33, 33, 33, 33, 33, 33, 33, 33, 33, 33, 33, 33, 33, 33, 33, 33, 33, 33, 33, 33, 33, 33, 33, 33, 33, 33, 33, 33, 33, 33, 33, 33, 33, 33, 33, 33, 33, 33, 33, 33, 33, 33, 33, 33, 33, 33, 33, 33, 33, 33, 33, 33, 33, 33, 33, 33, 33, 33, 33, 33, 33, 33, 33, 33, 33, 33, 33, 33, 33, 33, 33, 33]",470,"[0.5652782917022705, 0.5249828696250916, 0.49657368659973145, 0.4760955572128296, 0.46095725893974304, 0.44955581426620483, 0.44098296761512756, 0.43440696597099304, 0.4292190968990326, 0.4251202344894409, 0.42187169194221497, 0.419239342212677, 0.4171179234981537, 0.4153164327144623, 0.41383370757102966, 0.41260650753974915, 0.4115847051143646, 0.4106232523918152, 0.4098112881183624, 0.4090931713581085, 0.4084286391735077, 0.4078408181667328, 0.4073254466056824, 0.4068603813648224, 0.406411349773407, 0.4060339033603668, 0.40565571188926697, 0.40529170632362366, 0.4049221873283386, 0.4045821726322174, 0.40425610542297363, 0.40393778681755066, 0.4036342203617096, 0.40334561467170715, 0.40307149291038513, 0.4027956426143646, 0.4025247097015381, 0.4022597372531891, 0.40199553966522217, 0.40174388885498047, 0.4014933705329895, 0.4012473225593567, 0.40100401639938354, 0.4007750451564789, 0.4005432426929474, 0.4003209173679352, 0.40008750557899475, 0.3998600244522095, 0.3996400535106659, 0.39942291378974915, 0.39921000599861145, 0.3989869952201843, 0.39877766370773315, 0.39857345819473267, 0.39836663007736206, 0.398162305355072, 0.39795875549316406, 0.39776289463043213, 0.39756664633750916, 0.3973741829395294, 0.39717820286750793, 0.39698201417922974, 0.3967937231063843, 0.3966042697429657, 0.3964248597621918, 0.39624249935150146, 0.3960530459880829, 0.39587119221687317, 0.3956959843635559, 0.39551275968551636, 0.39533936977386475, 0.3951640725135803, 0.39499178528785706, 0.39482271671295166, 0.39464882016181946, 0.3944842219352722, 0.3943173885345459, 0.39415663480758667, 0.3939976990222931, 0.3938329815864563, 0.39367958903312683, 0.3935214579105377, 0.3933643698692322, 0.39321181178092957, 0.39305439591407776, 0.3929011821746826, 0.39275291562080383, 0.39259615540504456, 0.3924524784088135, 0.39230892062187195, 0.3921627104282379, 0.3920169472694397, 0.391872376203537, 0.39173465967178345, 0.3916015326976776, 0.3914629817008972, 0.39131978154182434, 0.39118725061416626, 0.39105018973350525, 0.3909097909927368, 0.3907754421234131, 0.39064255356788635, 0.3905073404312134, 0.3903760015964508, 0.3902449309825897, 0.39011096954345703, 0.3899819254875183, 0.3898574411869049, 0.3897342383861542, 0.389602392911911, 0.3894798755645752, 0.3893669545650482, 0.3892427086830139, 0.38912609219551086, 0.3890071213245392, 0.38889172673225403, 0.3887860178947449, 0.3886735439300537, 0.3885619044303894, 0.38844308257102966, 0.3883320987224579, 0.3882194459438324, 0.3881129026412964, 0.38799983263015747, 0.3878965675830841, 0.3877941370010376, 0.3876895010471344, 0.38757607340812683, 0.3874698877334595, 0.3873671591281891, 0.38726407289505005, 0.3871636986732483, 0.38706135749816895, 0.38696208596229553, 0.3868609368801117, 0.38676244020462036, 0.3866633474826813, 0.38656771183013916, 0.38646984100341797, 0.3863782584667206, 0.386281818151474, 0.38619017601013184, 0.3860945403575897, 0.38599908351898193, 0.3859046697616577, 0.385822057723999, 0.38573065400123596, 0.3856406807899475, 0.38555067777633667, 0.38546279072761536, 0.38537144660949707, 0.38528743386268616, 0.3851999342441559, 0.38511067628860474, 0.3850182592868805, 0.38493385910987854, 0.3848516047000885, 0.38476696610450745, 0.38468143343925476, 0.3845999538898468, 0.3845139741897583, 0.38442716002464294, 0.3843429684638977, 0.38425979018211365, 0.3841730058193207, 0.3840905725955963, 0.38401180505752563, 0.38392361998558044, 0.38384610414505005, 0.3837713301181793, 0.3836962580680847, 0.3836178481578827, 0.3835401237010956, 0.3834669589996338, 0.3833867609500885, 0.38332390785217285, 0.3832547664642334, 0.3831818103790283, 0.3831072151660919, 0.38302934169769287, 0.3829529285430908, 0.3828813135623932, 0.382808119058609, 0.3827335834503174, 0.3826636075973511, 0.3825927674770355, 0.3825247585773468, 0.38245853781700134, 0.3823911249637604, 0.3823195695877075, 0.38224324584007263, 0.38216400146484375, 0.3820936679840088, 0.38203179836273193, 0.38196101784706116, 0.3818848431110382, 0.38181304931640625, 0.3817496597766876, 0.3816802203655243, 0.38161173462867737, 0.3815412223339081, 0.3814784288406372, 0.3814126253128052, 0.38135087490081787, 0.3812854290008545, 0.381218820810318, 0.38115206360816956, 0.3810831904411316, 0.3810133635997772, 0.380950003862381, 0.3808838725090027, 0.38081982731819153, 0.3807583749294281, 0.3806946277618408, 0.38063162565231323, 0.3805691599845886, 0.38050946593284607, 0.380449116230011, 0.3803873360157013, 0.380323588848114, 0.38026538491249084, 0.38020461797714233, 0.3801473379135132, 0.38008925318717957, 0.38002848625183105, 0.37996411323547363, 0.3799036145210266, 0.37983939051628113, 0.37977898120880127, 0.37972235679626465, 0.3796633183956146, 0.37960144877433777, 0.3795487880706787, 0.3794926106929779, 0.37943360209465027, 0.37937042117118835, 0.37931087613105774, 0.37925252318382263, 0.3792032301425934, 0.37914958596229553, 0.37909626960754395, 0.37904781103134155, 0.37898990511894226, 0.37893012166023254, 0.3788708746433258, 0.3788202702999115, 0.3787732422351837, 0.37872177362442017, 0.37866514921188354, 0.3786064088344574, 0.378550261259079, 0.3784894049167633, 0.37843406200408936, 0.3783760070800781, 0.378317654132843, 0.37826576828956604, 0.37821316719055176, 0.3781602084636688, 0.37810397148132324, 0.3780456483364105, 0.37799394130706787, 0.3779427707195282, 0.37788620591163635, 0.37783491611480713, 0.3777753412723541, 0.37773242592811584, 0.37767982482910156, 0.37763267755508423, 0.37758418917655945, 0.3775354027748108, 0.3774847686290741, 0.37743428349494934, 0.37739238142967224, 0.37734633684158325, 0.3773098289966583, 0.37725839018821716, 0.3772042989730835, 0.3771609365940094, 0.377111554145813, 0.3770604729652405, 0.3770017623901367, 0.37695616483688354, 0.376902312040329, 0.37684905529022217, 0.3767981231212616, 0.3767520785331726, 0.3767056167125702, 0.3766504228115082, 0.37660542130470276, 0.37653982639312744, 0.3764823079109192, 0.3764396905899048, 0.37639641761779785, 0.3763520121574402, 0.3763020634651184, 0.37624913454055786, 0.37620407342910767, 0.37616005539894104, 0.37611129879951477, 0.37606459856033325, 0.3760119676589966, 0.3759664297103882, 0.375918984413147, 0.37587055563926697, 0.37582284212112427, 0.37578296661376953, 0.37573951482772827, 0.3756939768791199, 0.37565189599990845, 0.3756028115749359, 0.37554872035980225, 0.3754997253417969, 0.3754485249519348, 0.3754013180732727, 0.37534818053245544, 0.37531280517578125, 0.3752729892730713, 0.3752322793006897, 0.3751870095729828, 0.3751489222049713, 0.3751058578491211, 0.3750592768192291, 0.37501204013824463, 0.3749716281890869, 0.37492507696151733, 0.3748801052570343, 0.3748365342617035, 0.374798059463501, 0.37475818395614624, 0.37471142411231995, 0.3746678829193115, 0.3746199309825897, 0.3745851516723633, 0.37453755736351013, 0.37448298931121826, 0.3744356632232666, 0.37439754605293274, 0.37435585260391235, 0.37431252002716064, 0.37425991892814636, 0.3742190897464752, 0.37416788935661316, 0.37412789463996887, 0.37408220767974854, 0.37403273582458496, 0.3739953935146332, 0.37394922971725464, 0.3739122450351715, 0.3738659620285034, 0.37382927536964417, 0.37379124760627747, 0.37373873591423035, 0.37370163202285767, 0.3736545443534851, 0.3736187815666199, 0.37357720732688904, 0.3735339343547821, 0.37348294258117676, 0.37344494462013245, 0.3733978271484375, 0.3733576238155365, 0.3733169436454773, 0.37327471375465393, 0.37323448061943054, 0.3731929659843445, 0.37315109372138977, 0.37310585379600525, 0.3730676770210266, 0.3730190396308899, 0.37297847867012024, 0.37293875217437744, 0.3728969097137451, 0.3728477954864502, 0.37280502915382385, 0.3727582097053528, 0.3727174997329712, 0.37267547845840454, 0.37262967228889465, 0.37258827686309814, 0.3725474178791046, 0.37249675393104553, 0.37245452404022217, 0.37240877747535706, 0.37236472964286804, 0.37231865525245667, 0.37229016423225403, 0.3722537159919739, 0.37221720814704895, 0.37217578291893005, 0.37213048338890076, 0.3720855414867401, 0.3720526397228241, 0.3720070719718933, 0.37196606397628784, 0.3719264566898346, 0.371893972158432, 0.37184739112854004, 0.37180888652801514, 0.37177062034606934, 0.3717232942581177, 0.3716774880886078, 0.37163498997688293, 0.3715975880622864, 0.3715497553348541, 0.3715043365955353, 0.3714596927165985