,number,value,datetime_start,datetime_complete,duration,params_batch_size_scaler,params_constant_learning_rate,params_depth,params_epochs,params_kernel_l2,params_num_trees,params_temperature,user_attrs_accuracy_test,user_attrs_accuracy_valid,user_attrs_approximate_feature_sparsity,user_attrs_approximate_feature_sparsity_history,user_attrs_approximate_weight_sparsity,user_attrs_approximate_weight_sparsity_history,user_attrs_auc_test,user_attrs_auc_valid,user_attrs_feature_sparsity,user_attrs_feature_sparsity_history,user_attrs_num_epochs,user_attrs_val_loss_history,user_attrs_weight_sparsity,user_attrs_weight_sparsity_history,state
73,73,0.8689569888317811,2024-08-31 03:16:20.510832,2024-08-31 03:18:49.497301,0 days 00:02:28.986469,64,1.5837714828090144,5,310,0.028537386576295877,85,0.0017582288848216536,0.893,0.8975,5,"[33, 33, 33, 33, 33, 33, 33, 33, 33, 33, 33, 33, 33, 33, 33, 33, 33, 33, 33, 33, 33, 33, 33, 33, 33, 33, 33, 33, 33, 33, 33, 31, 24, 19, 15, 15, 13, 11, 11, 10, 9, 9, 9, 7, 7, 6, 6, 6, 6, 6, 6, 6, 6, 6, 6, 6, 6, 6, 6, 6, 6, 6, 6, 6, 6, 6, 6, 6, 6, 6, 6, 6, 6, 6, 6, 6, 6, 6, 6, 6, 6, 6, 6, 6, 6, 6, 6, 6, 6, 5, 5, 5, 5, 5, 5, 5, 5, 5, 5, 5, 5, 5, 5, 5, 5, 5, 5, 5, 5, 5, 5, 5, 5, 5, 5, 5, 5, 5, 5, 5, 5, 5, 5, 5, 5, 5, 5, 5, 5, 5, 5, 5, 5, 5, 5, 5, 5, 5, 5, 5, 5, 5, 5, 5, 5, 5, 5, 5, 5, 5, 5, 5, 5, 5, 5, 5, 5, 5, 5, 5, 5, 5, 5, 5, 5, 5, 5, 5, 5, 5, 5, 5, 5, 5, 5, 5, 5, 5, 5, 5, 5, 5, 5, 5, 5, 5, 5, 5, 5, 5, 5, 5, 5, 5, 5, 5, 5, 5, 5, 5, 5, 5, 5, 5, 5, 5, 5, 5, 5, 5, 5, 5, 5, 5, 5, 5, 5, 5, 5, 5, 5, 5, 5, 5, 5, 5, 5, 5, 5, 5, 5, 5, 5, 5, 5, 5, 5, 5, 5, 5, 5, 5, 5, 5, 5, 5, 5, 5, 5, 5, 5, 5, 5, 5, 5, 5, 5, 5, 5, 5, 5, 5, 5, 5, 5, 5, 5, 5, 5, 5, 5, 5, 5, 5, 5, 5, 5, 5, 5, 5, 5, 5, 5, 5, 5, 5, 5, 5, 5, 5, 5, 5, 5, 5, 5, 5, 5, 5, 5, 5, 5, 5, 5, 5, 5, 5, 5, 5, 5, 5]",4.992789373814041,"[32.92409867172676, 32.92865275142315, 32.92941176470588, 32.92675521821632, 32.932827324478176, 32.93168880455408, 32.92865275142315, 32.92675521821632, 32.92258064516129, 32.930929791271346, 32.92789373814042, 32.928273244781785, 32.92941176470588, 32.93244781783681, 32.93130929791271, 32.932827324478176, 32.93055028462998, 32.930929791271346, 32.92485768500949, 32.93168880455408, 32.93055028462998, 32.92068311195446, 32.93472485768501, 32.92865275142315, 32.93168880455408, 32.93320683111955, 32.92068311195446, 32.926375711574956, 32.92865275142315, 32.92713472485769, 32.926375711574956, 30.935863377609106, 23.954838709677418, 18.957874762808352, 14.970018975332069, 14.965464895635675, 12.974193548387097, 10.980265654648957, 10.981404174573056, 9.978368121442125, 8.981783681214422, 8.97988614800759, 8.97798861480076, 6.984440227703985, 6.985578747628083, 5.990132827324478, 5.98899430740038, 5.987476280834915, 5.98292220113852, 5.9870967741935495, 5.984060721062619, 5.989753320683112, 5.991271347248577, 5.985578747628083, 5.988235294117647, 5.988235294117646, 5.986717267552183, 5.988614800759014, 5.987096774193548, 5.987855787476281, 5.989753320683112, 5.992409867172676, 5.988614800759013, 5.99089184060721, 5.989373814041745, 5.991650853889944, 5.99089184060721, 5.988235294117647, 5.984440227703985, 5.99089184060721, 5.990132827324478, 5.992409867172675, 5.98899430740038, 5.990132827324478, 5.99089184060721, 5.991271347248578, 5.988994307400379, 5.988994307400379, 5.990132827324478, 5.991650853889944, 5.990512333965844, 5.988614800759013, 5.991650853889944, 5.987476280834915, 5.9893738140417465, 5.986717267552183, 5.991650853889943, 5.99089184060721, 5.9893738140417465, 4.992789373814041, 4.992030360531309, 4.98899430740038, 4.990512333965844, 4.990132827324478, 4.990512333965844, 4.99089184060721, 4.9874762808349145, 4.990891840607211, 4.988994307400379, 4.9943074003795065, 4.993168880455408, 4.990891840607211, 4.993168880455408, 4.991271347248577, 4.989753320683112, 4.990512333965844, 4.989373814041746, 4.98899430740038, 4.9897533206831115, 4.991650853889944, 4.990891840607211, 4.989753320683112, 4.990512333965844, 4.990132827324478, 4.990132827324478, 4.990132827324478, 4.990512333965844, 4.993927893738141, 4.992030360531309, 4.993548387096775, 4.991650853889944, 4.992789373814041, 4.995066413662239, 4.992030360531309, 4.993927893738141, 4.990132827324478, 4.990891840607211, 4.987855787476281, 4.992030360531309, 4.989373814041746, 4.991271347248577, 4.991271347248577, 4.992030360531309, 4.991650853889944, 4.98899430740038, 4.991650853889943, 4.991650853889944, 4.990512333965845, 4.989373814041746, 4.99089184060721, 4.993168880455408, 4.991650853889944, 4.992030360531309, 4.993927893738141, 4.992789373814042, 4.992789373814041, 4.990512333965844, 4.990891840607211, 4.992409867172675, 4.991650853889944, 4.992030360531309, 4.990891840607211, 4.992409867172675, 4.992409867172675, 4.990512333965844, 4.989373814041746, 4.990512333965844, 4.992030360531309, 4.992030360531309, 4.990512333965844, 4.989373814041746, 4.990891840607211, 4.990512333965844, 4.99089184060721, 4.992030360531309, 4.992409867172675, 4.992030360531309, 4.993548387096774, 4.993927893738141, 4.990512333965844, 4.991650853889944, 4.993168880455408, 4.993927893738141, 4.991650853889943, 4.993548387096775, 4.991271347248577, 4.993168880455408, 4.991650853889944, 4.992030360531309, 4.993168880455408, 4.993168880455408, 4.991650853889944, 4.989753320683112, 4.990512333965844, 4.98899430740038, 4.991271347248577, 4.99089184060721, 4.989753320683112, 4.992030360531309, 4.98899430740038, 4.9897533206831115, 4.989373814041746, 4.990891840607211, 4.988614800759013, 4.990132827324478, 4.993168880455408, 4.993548387096775, 4.99089184060721, 4.992409867172675, 4.992030360531309, 4.992789373814041, 4.991271347248577, 4.992409867172675, 4.991650853889944, 4.988994307400379, 4.992030360531309, 4.991650853889944, 4.992030360531309, 4.990132827324478, 4.991271347248577, 4.990132827324478, 4.992030360531309, 4.989373814041746, 4.990891840607211, 4.992030360531309, 4.991271347248577, 4.990132827324478, 4.992030360531309, 4.990132827324478, 4.988614800759013, 4.990512333965844, 4.989373814041746, 4.990891840607211, 4.990132827324478, 4.990512333965844, 4.993927893738141, 4.993927893738141, 4.990132827324478, 4.991271347248577, 4.992789373814041, 4.992030360531309, 4.991271347248577, 4.993548387096775, 4.993168880455408, 4.992030360531309, 4.992789373814042, 4.991650853889944, 4.992409867172675, 4.993548387096775, 4.993927893738141, 4.9943074003795065, 4.994686907020872, 4.994686907020872, 4.994686907020873, 4.992409867172675, 4.993168880455408, 4.992409867172675, 4.993168880455408, 4.993168880455408, 4.992409867172675, 4.993548387096774, 4.993927893738141, 4.991650853889943, 4.991650853889943, 4.993548387096775, 4.992789373814042, 4.992409867172676, 4.991650853889943, 4.993168880455408, 4.995066413662239, 4.992409867172675, 4.992789373814041, 4.993168880455408, 4.992030360531309, 4.992789373814042, 4.992030360531309, 4.990512333965844, 4.991271347248577, 4.9897533206831115, 4.991271347248577, 4.99089184060721, 4.992409867172675, 4.991271347248577, 4.991650853889943, 4.991650853889944, 4.992789373814042, 4.993927893738141, 4.993168880455408, 4.995066413662239, 4.995066413662239, 4.991650853889944, 4.992409867172675, 4.992409867172675, 4.991650853889944, 4.991650853889944, 4.994307400379507, 4.992409867172675, 4.992789373814042, 4.993927893738141, 4.993548387096775, 4.993927893738141, 4.994686907020873, 4.996204933586338, 4.992409867172675, 4.992030360531309, 4.993168880455408, 4.9943074003795065, 4.995066413662239, 4.991650853889943, 4.992789373814041, 4.993548387096774, 4.992789373814042, 4.990891840607211, 4.991271347248577, 4.992030360531309, 4.992789373814042, 4.991650853889944, 4.992030360531309, 4.992030360531309, 4.992789373814041]",0.8540154723866611,0.8689569888317811,5,"[33, 33, 33, 33, 33, 33, 33, 33, 33, 33, 33, 33, 33, 33, 33, 33, 33, 33, 33, 33, 33, 33, 33, 33, 33, 33, 33, 33, 33, 33, 33, 31, 24, 19, 15, 15, 13, 11, 11, 10, 9, 9, 9, 7, 7, 6, 6, 6, 6, 6, 6, 6, 6, 6, 6, 6, 6, 6, 6, 6, 6, 6, 6, 6, 6, 6, 6, 6, 6, 6, 6, 6, 6, 6, 6, 6, 6, 6, 6, 6, 6, 6, 6, 6, 6, 6, 6, 6, 6, 5, 5, 5, 5, 5, 5, 5, 5, 5, 5, 5, 5, 5, 5, 5, 5, 5, 5, 5, 5, 5, 5, 5, 5, 5, 5, 5, 5, 5, 5, 5, 5, 5, 5, 5, 5, 5, 5, 5, 5, 5, 5, 5, 5, 5, 5, 5, 5, 5, 5, 5, 5, 5, 5, 5, 5, 5, 5, 5, 5, 5, 5, 5, 5, 5, 5, 5, 5, 5, 5, 5, 5, 5, 5, 5, 5, 5, 5, 5, 5, 5, 5, 5, 5, 5, 5, 5, 5, 5, 5, 5, 5, 5, 5, 5, 5, 5, 5, 5, 5, 5, 5, 5, 5, 5, 5, 5, 5, 5, 5, 5, 5, 5, 5, 5, 5, 5, 5, 5, 5, 5, 5, 5, 5, 5, 5, 5, 5, 5, 5, 5, 5, 5, 5, 5, 5, 5, 5, 5, 5, 5, 5, 5, 5, 5, 5, 5, 5, 5, 5, 5, 5, 5, 5, 5, 5, 5, 5, 5, 5, 5, 5, 5, 5, 5, 5, 5, 5, 5, 5, 5, 5, 5, 5, 5, 5, 5, 5, 5, 5, 5, 5, 5, 5, 5, 5, 5, 5, 5, 5, 5, 5, 5, 5, 5, 5, 5, 5, 5, 5, 5, 5, 5, 5, 5, 5, 5, 5, 5, 5, 5, 5, 5, 5, 5, 5, 5, 5, 5, 5, 5]",310,"[0.39422842860221863, 0.3937947452068329, 0.38243821263313293, 0.379369854927063, 0.3800913095474243, 0.37137681245803833, 0.38550376892089844, 0.3732055723667145, 0.3681574761867523, 0.3626973032951355, 0.35995474457740784, 0.3777684271335602, 0.3586549758911133, 0.36092427372932434, 0.3548623025417328, 0.3537490963935852, 0.35334160923957825, 0.3576301336288452, 0.36327916383743286, 0.36276254057884216, 0.3535259962081909, 0.3554227948188782, 0.3456536829471588, 0.345458447933197, 0.3446270227432251, 0.34914740920066833, 0.341615229845047, 0.3405165374279022, 0.34049370884895325, 0.3417738974094391, 0.3372386693954468, 0.34443798661231995, 0.3625400960445404, 0.3348764181137085, 0.3322669267654419, 0.33053407073020935, 0.33844950795173645, 0.3332289159297943, 0.3354957699775696, 0.3424420654773712, 0.34646281599998474, 0.34138524532318115, 0.34512126445770264, 0.34237679839134216, 0.3442109227180481, 0.348318874835968, 0.3443729877471924, 0.3590489625930786, 0.34355127811431885, 0.34216946363449097, 0.3507035970687866, 0.3431893587112427, 0.3408328890800476, 0.34176838397979736, 0.33941516280174255, 0.3382318615913391, 0.33755579590797424, 0.33970582485198975, 0.33653023838996887, 0.33615735173225403, 0.3361702859401703, 0.36529791355133057, 0.33652153611183167, 0.35005074739456177, 0.33293142914772034, 0.33507010340690613, 0.3310028910636902, 0.3305598795413971, 0.3322737514972687, 0.32969191670417786, 0.33483609557151794, 0.32972291111946106, 0.32805317640304565, 0.32594507932662964, 0.3405562937259674, 0.3313312232494354, 0.3240553140640259, 0.3228040039539337, 0.32289132475852966, 0.32176926732063293, 0.3266142010688782, 0.3230336010456085, 0.3473881781101227, 0.32033130526542664, 0.3180958330631256, 0.3189595937728882, 0.31782248616218567, 0.3205009400844574, 0.326175719499588, 0.3208906054496765, 0.31919461488723755, 0.3204948902130127, 0.3174726068973541, 0.31896206736564636, 0.31870949268341064, 0.3161154091358185, 0.3187881112098694, 0.31464725732803345, 0.3253403902053833, 0.3195817768573761, 0.31368955969810486, 0.3107433021068573, 0.3186834156513214, 0.3099123537540436, 0.3167629837989807, 0.3122574985027313, 0.31026187539100647, 0.30731555819511414, 0.3060983717441559, 0.3127874732017517, 0.30596277117729187, 0.3056323230266571, 0.3093734681606293, 0.3090991973876953, 0.30839163064956665, 0.3043941259384155, 0.3066801428794861, 0.3110318183898926, 0.3014495074748993, 0.30131176114082336, 0.3007405996322632, 0.30872437357902527, 0.300646036863327, 0.30045944452285767, 0.2999184727668762, 0.30059492588043213, 0.306340754032135, 0.30087676644325256, 0.30759596824645996, 0.3052709400653839, 0.29881274700164795, 0.3072488605976105, 0.3031595051288605, 0.2973894476890564, 0.3159257471561432, 0.29955363273620605, 0.29956451058387756, 0.2994830310344696, 0.3031514286994934, 0.3003486692905426, 0.29766398668289185, 0.3007194697856903, 0.2984141409397125, 0.30751144886016846, 0.3153151273727417, 0.29513296484947205, 0.2951172888278961, 0.295413076877594, 0.29424211382865906, 0.29857194423675537, 0.2945852279663086, 0.2998392581939697, 0.2948683798313141, 0.2977489233016968, 0.29638171195983887, 0.2932100296020508, 0.2930249869823456, 0.29477885365486145, 0.298258513212204, 0.2952679693698883, 0.29263415932655334, 0.2925092577934265, 0.2929660379886627, 0.3068273365497589, 0.29382559657096863, 0.29295241832733154, 0.29838666319847107, 0.291547954082489, 0.2911396324634552, 0.2922477126121521, 0.30032041668891907, 0.2912978529930115, 0.2911776602268219, 0.2905353903770447, 0.29390984773635864, 0.292978972196579, 0.29316234588623047, 0.3004171848297119, 0.2968308627605438, 0.2944708466529846, 0.29001492261886597, 0.2917497754096985, 0.2898760735988617, 0.2906172573566437, 0.2893913984298706, 0.2925533354282379, 0.291975736618042, 0.28898486495018005, 0.29259955883026123, 0.28932034969329834, 0.2912122309207916, 0.28969699144363403, 0.2886359989643097, 0.2944916784763336, 0.29547837376594543, 0.2920188307762146, 0.2903376519680023, 0.2874191999435425, 0.2943752110004425, 0.2891261577606201, 0.28719139099121094, 0.3100984990596771, 0.28845396637916565, 0.2883974611759186, 0.28762468695640564, 0.2915882468223572, 0.2918272316455841, 0.2869717478752136, 0.28673410415649414, 0.289065957069397, 0.2869221568107605, 0.29482147097587585, 0.28650885820388794, 0.28657209873199463, 0.291255921125412, 0.28765442967414856, 0.28518661856651306, 0.2853355407714844, 0.28838875889778137, 0.2864947021007538, 0.28492316603660583, 0.2856639325618744, 0.28572940826416016, 0.28500452637672424, 0.28442707657814026, 0.2844766676425934, 0.2864888608455658, 0.2858700454235077, 0.28516191244125366, 0.28399404883384705, 0.2854830324649811, 0.2894865870475769, 0.2846977114677429, 0.28647860884666443, 0.28398486971855164, 0.29331284761428833, 0.28316405415534973, 0.28654131293296814, 0.2864648103713989, 0.2828383147716522, 0.28372466564178467, 0.28559207916259766, 0.28847935795783997, 0.2911454141139984, 0.28294017910957336, 0.2825292944908142, 0.30213314294815063, 0.28665685653686523, 0.3105705976486206, 0.2823276221752167, 0.28482791781425476, 0.2817021310329437, 0.2833232283592224, 0.2819030284881592, 0.28604766726493835, 0.28211331367492676, 0.2827319800853729, 0.2834321856498718, 0.2814658582210541, 0.28448256850242615, 0.2812342941761017, 0.281337708234787, 0.28377166390419006, 0.2811526358127594, 0.2831415832042694, 0.2973356544971466, 0.2833239436149597, 0.2877706289291382, 0.3062533140182495, 0.29947629570961, 0.2811359465122223, 0.2854922413825989, 0.2812849283218384, 0.28901463747024536, 0.28290510177612305, 0.28074178099632263, 0.28467532992362976, 0.2810715436935425, 0.2796051502227783, 0.2802739441394806, 0.30491364002227783, 0.2795528471469879, 0.2828948199748993, 0.2800701856613159, 0.27977848052978516, 0.28460079431533813, 0.2794077694416046, 0.27897968888282776, 0.27853044867515564, 0.28380948305130005, 0.27818894386291504, 0.27885305881500244, 0.27905142307281494, 0.28086256980895996, 0.280331552028656, 0.2779596149921417, 0.27936291694641113, 0.2806132137775421, 0.2943764328956604, 0.28016921877861023, 0.28235653042793274, 0.2779986560344696, 0.2805740535259247, 0.278566837310791, 0.2773449122905731, 0.2915824055671692, 0.27772122621536255, 0.281842976808548, 0.2783433198928833, 0.27738386392593384]",5.0,"[33.0, 33.0, 33.0, 33.0, 33.0, 33.0, 33.0, 33.0, 33.0, 33.0, 33.0, 33.0, 33.0, 33.0, 33.0, 33.0, 33.0, 33.0, 33.0, 33.0, 33.0, 33.0, 33.0, 33.0, 33.0, 33.0, 33.0, 33.0, 33.0, 33.0, 33.0, 31.0, 24.0, 19.0, 15.0, 15.0, 13.0, 11.0, 11.0, 10.0, 9.0, 9.0, 9.0, 7.0, 7.0, 6.0, 6.0, 6.0, 6.0, 6.0, 6.0, 6.0, 6.0, 6.0, 6.0, 6.0, 6.0, 6.0, 6.0, 6.0, 6.0, 6.0, 6.0, 6.0, 6.0, 6.0, 6.0, 6.0, 6.0, 6.0, 6.0, 6.0, 6.0, 6.0, 6.0, 6.0, 6.0, 6.0, 6.0, 6.0, 6.0, 6.0, 6.0, 6.0, 6.0, 6.0, 6.0, 6.0, 6.0, 5.0, 5.0, 5.0, 5.0, 5.0, 5.0, 5.0, 5.0, 5.0, 5.0, 5.0, 5.0, 5.0, 5.0, 5.0, 5.0, 5.0, 5.0, 5.0, 5.0, 5.0, 5.0, 5.0, 5.0, 5.0, 5.0, 5.0, 5.0, 5.0, 5.0, 5.0, 5.0, 5.0, 5.0, 5.0, 5.0, 5.0, 5.0, 5.0, 5.0, 5.0, 5.0, 5.0, 5.0, 5.0, 5.0, 5.0, 5.0, 5.0, 5.0, 5.0, 5.0, 5.0, 5.0, 5.0, 5.0, 5.0, 5.0, 5.0, 5.0, 5.0, 5.0, 5.0, 5.0, 5.0, 5.0, 5.0, 5.0, 5.0, 5.0, 5.0, 5.0, 5.0, 5.0, 5.0, 5.0, 5.0, 5.0, 5.0, 5.0, 5.0, 5.0, 5.0, 5.0, 5.0, 5.0, 5.0, 5.0, 5.0, 5.0, 5.0, 5.0, 5.0, 5.0, 5.0, 5.0, 5.0, 5.0, 5.0, 5.0, 5.0, 5.0, 5.0, 5.0, 5.0, 5.0, 5.0, 5.0, 5.0, 5.0, 5.0, 5.0, 5.0, 5.0, 5.0, 5.0, 5.0, 5.0, 5.0, 5.0, 5.0, 5.0, 5.0, 5.0, 5.0, 5.0, 5.0, 5.0, 5.0, 5.0, 5.0, 5.0, 5.0, 5.0, 5.0, 5.0, 5.0, 5.0, 5.0, 5.0, 5.0, 5.0, 5.0, 5.0, 5.0, 5.0, 5.0, 5.0, 5.0, 5.0, 5.0, 5.0, 5.0, 5.0, 5.0, 5.0, 5.0, 5.0, 5.0, 5.0, 5.0, 5.0, 5.0, 5.0, 5.0, 5.0, 5.0, 5.0, 5.0, 5.0, 5.0, 5.0, 5.0, 5.0, 5.0, 5.0, 5.0, 5.0, 5.0, 5.0, 5.0, 5.0, 5.0, 5.0, 5.0, 5.0, 5.0, 5.0, 5.0, 5.0, 5.0, 5.0, 5.0, 5.0, 5.0, 5.0, 5.0, 5.0, 5.0, 5.0, 5.0, 5.0, 5.0, 5.0, 5.0, 5.0, 5.0, 5.0, 5.0, 5.0, 5.0, 5.0, 5.0, 5.0, 5.0, 5.0, 5.0, 5.0, 5.0, 5.0, 5.0]",COMPLETE
