,number,value,datetime_start,datetime_complete,duration,params_batch_size_scaler,params_constant_learning_rate,params_depth,params_epochs,params_kernel_l2,params_num_trees,params_temperature,user_attrs_accuracy_test,user_attrs_accuracy_valid,user_attrs_approximate_feature_sparsity,user_attrs_approximate_feature_sparsity_history,user_attrs_approximate_weight_sparsity,user_attrs_approximate_weight_sparsity_history,user_attrs_auc_test,user_attrs_auc_valid,user_attrs_feature_sparsity,user_attrs_feature_sparsity_history,user_attrs_num_epochs,user_attrs_val_loss_history,user_attrs_weight_sparsity,user_attrs_weight_sparsity_history,state
56,56,0.9209465290927594,2024-08-31 02:41:27.244072,2024-08-31 02:42:03.656158,0 days 00:00:36.412086,64,9.039929388390107,4,300,0.0011086411423296143,12,0.00027690922230020384,0.922,0.935,28,"[33, 33, 33, 33, 33, 33, 33, 33, 33, 33, 33, 33, 33, 33, 33, 33, 33, 33, 33, 33, 33, 33, 33, 33, 33, 33, 31, 31, 31, 31, 31, 31, 31, 31, 31, 31, 31, 31, 30, 30, 30, 30, 30, 30, 30, 30, 30, 30, 30, 30, 30, 30, 30, 30, 30, 30, 30, 30, 30, 30, 30, 30, 30, 30, 30, 30, 30, 30, 30, 30, 30, 30, 30, 30, 30, 30, 30, 30, 30, 30, 30, 29, 29, 29, 29, 29, 29, 29, 29, 29, 29, 29, 29, 29, 29, 29, 29, 29, 29, 29, 29, 29, 29, 29, 29, 29, 29, 29, 29, 29, 29, 29, 29, 29, 29, 29, 29, 29, 29, 29, 29, 29, 29, 29, 29, 29, 29, 29, 29, 29, 29, 29, 29, 29, 29, 29, 29, 29, 29, 29, 29, 29, 29, 29, 29, 29, 29, 29, 29, 29, 29, 29, 29, 29, 29, 29, 29, 28, 28, 28, 28, 28, 28, 28, 28, 28, 28, 28, 28, 28, 28, 28, 28, 28, 28, 28, 28, 28, 28, 28, 28, 28, 28, 28, 28, 28, 28, 28, 28, 28, 28, 28, 28, 28, 28, 28, 28, 28, 28, 28, 28, 28, 28, 28, 28, 28, 28, 28, 28, 28, 28, 28, 28, 28, 28, 28, 28, 28, 28, 28, 28, 28, 28, 28, 28, 28, 28, 28, 28, 28, 28, 28, 28, 28, 28, 28, 28, 28, 28, 28, 28, 28, 28, 28, 28, 28, 28, 28, 28, 28, 28, 28, 28, 28, 28, 28, 28, 28, 28, 28, 28, 28, 28, 28, 28, 28, 28, 28, 28, 28, 28, 28, 28, 28, 28, 28, 28, 28, 28, 28, 28, 28, 28, 28, 28, 28, 28, 28, 28, 28, 28, 28, 28, 28, 28, 28, 28, 28, 28, 28]",27.994444444444444,"[32.96666666666667, 32.983333333333334, 32.97222222222222, 32.96666666666667, 32.97222222222222, 32.98888888888889, 32.99444444444444, 32.977777777777774, 32.99444444444444, 32.983333333333334, 32.97222222222222, 32.97222222222222, 32.977777777777774, 32.98888888888889, 32.983333333333334, 32.98888888888889, 32.983333333333334, 32.983333333333334, 32.983333333333334, 32.97777777777778, 32.99444444444444, 32.983333333333334, 32.98888888888889, 32.99444444444444, 32.99444444444444, 32.977777777777774, 30.977777777777778, 30.988888888888887, 30.96666666666667, 30.97222222222222, 30.994444444444444, 30.983333333333334, 30.994444444444444, 30.988888888888887, 30.988888888888887, 30.955555555555556, 30.988888888888887, 30.994444444444444, 29.988888888888887, 29.994444444444444, 29.988888888888887, 29.977777777777778, 29.994444444444444, 29.977777777777778, 29.977777777777778, 29.994444444444444, 29.97222222222222, 29.983333333333334, 29.988888888888887, 29.983333333333334, 29.983333333333334, 29.988888888888887, 29.977777777777778, 29.994444444444444, 29.994444444444444, 29.97222222222222, 29.955555555555556, 29.97222222222222, 29.983333333333334, 29.988888888888887, 29.994444444444444, 29.994444444444444, 29.988888888888887, 29.994444444444444, 29.994444444444444, 29.994444444444444, 29.98333333333333, 29.988888888888887, 29.988888888888887, 29.994444444444444, 29.983333333333334, 29.983333333333334, 29.994444444444444, 29.983333333333334, 29.994444444444444, 29.988888888888887, 29.98333333333333, 29.994444444444444, 29.994444444444444, 29.97222222222222, 29.994444444444444, 28.983333333333334, 29.0, 28.983333333333334, 28.988888888888887, 28.988888888888887, 28.994444444444444, 28.994444444444444, 28.994444444444444, 28.988888888888887, 28.994444444444444, 28.977777777777778, 28.994444444444444, 29.0, 29.0, 28.988888888888887, 28.994444444444444, 28.983333333333334, 28.994444444444444, 29.0, 28.983333333333334, 28.988888888888887, 28.988888888888887, 28.994444444444444, 28.994444444444444, 28.983333333333334, 28.988888888888887, 28.988888888888887, 29.0, 28.977777777777778, 28.983333333333334, 28.988888888888887, 28.983333333333334, 28.983333333333334, 28.988888888888887, 28.988888888888887, 28.983333333333334, 28.994444444444444, 28.994444444444444, 28.994444444444444, 28.988888888888887, 28.988888888888887, 28.994444444444444, 29.0, 29.0, 28.988888888888887, 28.994444444444444, 28.988888888888887, 28.988888888888887, 28.983333333333334, 28.977777777777778, 28.994444444444444, 28.988888888888887, 28.988888888888887, 28.988888888888887, 29.0, 28.988888888888887, 28.988888888888887, 29.0, 28.977777777777778, 28.988888888888887, 28.988888888888887, 28.988888888888887, 28.983333333333334, 28.977777777777778, 28.983333333333334, 28.994444444444444, 28.977777777777778, 28.983333333333334, 29.0, 28.994444444444444, 28.977777777777778, 28.994444444444444, 28.988888888888887, 28.988888888888887, 28.994444444444444, 28.994444444444444, 28.0, 27.994444444444444, 27.994444444444444, 28.0, 27.983333333333334, 27.988888888888887, 27.983333333333334, 27.994444444444444, 27.994444444444444, 27.988888888888887, 27.977777777777778, 27.983333333333334, 27.983333333333334, 28.0, 27.983333333333334, 28.0, 27.994444444444444, 27.994444444444444, 27.994444444444444, 27.994444444444444, 27.988888888888887, 27.983333333333334, 28.0, 27.977777777777778, 28.0, 27.988888888888887, 27.994444444444444, 28.0, 28.0, 27.994444444444444, 27.994444444444444, 27.994444444444444, 27.994444444444444, 27.994444444444444, 28.0, 27.994444444444444, 28.0, 27.994444444444444, 27.994444444444444, 27.983333333333334, 27.983333333333334, 27.994444444444444, 27.97222222222222, 27.994444444444444, 27.994444444444444, 27.983333333333334, 27.988888888888887, 28.0, 27.994444444444444, 27.983333333333334, 27.983333333333334, 27.977777777777778, 27.983333333333334, 27.983333333333334, 28.0, 27.97222222222222, 27.988888888888887, 27.988888888888887, 27.983333333333334, 27.988888888888887, 27.994444444444444, 27.994444444444444, 27.994444444444444, 27.983333333333334, 27.988888888888887, 28.0, 27.988888888888887, 27.988888888888887, 27.988888888888887, 28.0, 27.994444444444444, 27.988888888888887, 27.994444444444444, 28.0, 27.994444444444444, 27.983333333333334, 27.983333333333334, 27.988888888888887, 28.0, 27.994444444444444, 27.994444444444444, 27.994444444444444, 27.994444444444444, 27.988888888888887, 27.994444444444444, 28.0, 27.994444444444444, 28.0, 28.0, 27.983333333333334, 28.0, 28.0, 28.0, 27.983333333333334, 27.983333333333334, 27.983333333333334, 28.0, 27.994444444444444, 27.988888888888887, 27.988888888888887, 28.0, 27.988888888888887, 28.0, 27.994444444444444, 27.994444444444444, 27.988888888888887, 27.983333333333334, 28.0, 27.994444444444444, 28.0, 27.988888888888887, 27.988888888888887, 27.994444444444444, 28.0, 28.0, 27.994444444444444, 27.983333333333334, 27.988888888888887, 27.977777777777778, 27.988888888888887, 27.988888888888887, 27.994444444444444, 27.988888888888887, 28.0, 27.994444444444444, 27.994444444444444, 28.0, 27.988888888888887, 27.994444444444444, 27.994444444444444, 28.0, 27.994444444444444, 27.994444444444444, 27.983333333333334, 28.0, 28.0, 27.994444444444444, 28.0, 27.983333333333334, 27.988888888888887, 27.994444444444444, 27.994444444444444, 27.994444444444444]",0.8887375226017389,0.9209465290927594,28,"[33, 33, 33, 33, 33, 33, 33, 33, 33, 33, 33, 33, 33, 33, 33, 33, 33, 33, 33, 33, 33, 33, 33, 33, 33, 33, 31, 31, 31, 31, 31, 31, 31, 31, 31, 31, 31, 31, 30, 30, 30, 30, 30, 30, 30, 30, 30, 30, 30, 30, 30, 30, 30, 30, 30, 30, 30, 30, 30, 30, 30, 30, 30, 30, 30, 30, 30, 30, 30, 30, 30, 30, 30, 30, 30, 30, 30, 30, 30, 30, 30, 29, 29, 29, 29, 29, 29, 29, 29, 29, 29, 29, 29, 29, 29, 29, 29, 29, 29, 29, 29, 29, 29, 29, 29, 29, 29, 29, 29, 29, 29, 29, 29, 29, 29, 29, 29, 29, 29, 29, 29, 29, 29, 29, 29, 29, 29, 29, 29, 29, 29, 29, 29, 29, 29, 29, 29, 29, 29, 29, 29, 29, 29, 29, 29, 29, 29, 29, 29, 29, 29, 29, 29, 29, 29, 29, 29, 28, 28, 28, 28, 28, 28, 28, 28, 28, 28, 28, 28, 28, 28, 28, 28, 28, 28, 28, 28, 28, 28, 28, 28, 28, 28, 28, 28, 28, 28, 28, 28, 28, 28, 28, 28, 28, 28, 28, 28, 28, 28, 28, 28, 28, 28, 28, 28, 28, 28, 28, 28, 28, 28, 28, 28, 28, 28, 28, 28, 28, 28, 28, 28, 28, 28, 28, 28, 28, 28, 28, 28, 28, 28, 28, 28, 28, 28, 28, 28, 28, 28, 28, 28, 28, 28, 28, 28, 28, 28, 28, 28, 28, 28, 28, 28, 28, 28, 28, 28, 28, 28, 28, 28, 28, 28, 28, 28, 28, 28, 28, 28, 28, 28, 28, 28, 28, 28, 28, 28, 28, 28, 28, 28, 28, 28, 28, 28, 28, 28, 28, 28, 28, 28, 28, 28, 28, 28, 28, 28, 28, 28, 28]",300,"[0.38049161434173584, 0.37068167328834534, 0.3682807683944702, 0.3507540822029114, 0.3140276074409485, 0.4703860878944397, 0.28614264726638794, 0.26811525225639343, 0.26198628544807434, 0.2631326913833618, 0.25942015647888184, 0.3453768491744995, 0.308622270822525, 0.433897465467453, 0.23470371961593628, 0.23451471328735352, 0.23368780314922333, 0.24259237945079803, 0.22180843353271484, 0.3212025761604309, 0.2123664915561676, 0.21322184801101685, 0.22646431624889374, 0.23660984635353088, 0.21688127517700195, 0.21393051743507385, 0.21568645536899567, 0.24030210077762604, 0.20296239852905273, 0.18232929706573486, 0.19941827654838562, 0.18126554787158966, 0.18245276808738708, 0.17899495363235474, 0.1924103945493698, 0.18306532502174377, 0.3080989718437195, 0.1866861879825592, 0.2415120154619217, 0.17681795358657837, 0.18567141890525818, 0.17455486953258514, 0.2446882128715515, 0.18929289281368256, 0.18092292547225952, 0.16557951271533966, 0.1986607164144516, 0.18110546469688416, 0.20566397905349731, 0.16634581983089447, 0.19122834503650665, 0.1819963902235031, 0.1707952618598938, 0.16719424724578857, 0.20614342391490936, 0.22313238680362701, 0.18506935238838196, 0.1655915081501007, 0.17688323557376862, 0.18480145931243896, 0.19119161367416382, 0.17609257996082306, 0.1847948580980301, 0.1914014220237732, 0.18684041500091553, 0.17501479387283325, 0.21050719916820526, 0.18302015960216522, 0.16489730775356293, 0.1688348650932312, 0.18654493987560272, 0.17692430317401886, 0.18055522441864014, 0.19284175336360931, 0.2091868370771408, 0.1920110583305359, 0.2714737355709076, 0.2661682069301605, 0.1778278946876526, 0.19628316164016724, 0.18016572296619415, 0.1957593411207199, 0.22048832476139069, 0.18967460095882416, 0.2049984335899353, 0.19465932250022888, 0.1994353085756302, 0.18988600373268127, 0.1889576017856598, 0.20292255282402039, 0.20259340107440948, 0.2049020230770111, 0.19203907251358032, 0.19580110907554626, 0.19493618607521057, 0.2056504189968109, 0.19316987693309784, 0.1876126229763031, 0.23392656445503235, 0.19419962167739868, 0.19910474121570587, 0.18953995406627655, 0.21037010848522186, 0.18821682035923004, 0.2070864737033844, 0.2172996550798416, 0.1952546238899231, 0.22359123826026917, 0.1949300915002823, 0.20087529718875885, 0.19747011363506317, 0.2340504676103592, 0.21938282251358032, 0.20669877529144287, 0.21027672290802002, 0.2962597906589508, 0.2556931972503662, 0.2069503366947174, 0.21144095063209534, 0.21895769238471985, 0.20989854633808136, 0.23675978183746338, 0.22153452038764954, 0.22338658571243286, 0.2090512216091156, 0.21239830553531647, 0.22004418075084686, 0.23616524040699005, 0.2252752184867859, 0.21504288911819458, 0.22296243906021118, 0.2141350358724594, 0.22131213545799255, 0.22458437085151672, 0.21822673082351685, 0.22749491035938263, 0.2302701622247696, 0.2443014532327652, 0.2187710702419281, 0.2237074077129364, 0.22628268599510193, 0.2213708460330963, 0.22829896211624146, 0.23637594282627106, 0.2219141125679016, 0.23276302218437195, 0.23402820527553558, 0.23634637892246246, 0.24285463988780975, 0.24536581337451935, 0.23388446867465973, 0.24865040183067322, 0.2487797886133194, 0.2386271357536316, 0.24556046724319458, 0.24148619174957275, 0.22812674939632416, 0.24103455245494843, 0.23888856172561646, 0.3614071011543274, 0.2534253001213074, 0.2447647601366043, 0.24962133169174194, 0.25126487016677856, 0.2642722725868225, 0.24699479341506958, 0.3188732862472534, 0.2564208209514618, 0.25962743163108826, 0.25727859139442444, 0.25426962971687317, 0.25476783514022827, 0.26596787571907043, 0.2611601948738098, 0.2596845030784607, 0.25737258791923523, 0.2565513551235199, 0.2527766823768616, 0.2623254060745239, 0.2642095685005188, 0.25747519731521606, 0.2681795656681061, 0.25631046295166016, 0.27262720465660095, 0.2647750675678253, 0.26382550597190857, 0.2830667197704315, 0.2699812948703766, 0.2761574685573578, 0.2633247971534729, 0.27582883834838867, 0.270594984292984, 0.2726074755191803, 0.27360716462135315, 0.2646518051624298, 0.27475181221961975, 0.27921295166015625, 0.2740274667739868, 0.27354875206947327, 0.2827654480934143, 0.2794778048992157, 0.2803608179092407, 0.28006768226623535, 0.27853959798812866, 0.2828964591026306, 0.2904924154281616, 0.28133636713027954, 0.28715750575065613, 0.2783025801181793, 0.280722439289093, 0.2792814075946808, 0.28024548292160034, 0.28275346755981445, 0.28525030612945557, 0.2917052209377289, 0.2888205647468567, 0.2966492176055908, 0.28620272874832153, 0.2869696319103241, 0.2781749367713928, 0.285483717918396, 0.2950839102268219, 0.2960823178291321, 0.28808918595314026, 0.28937748074531555, 0.2946855127811432, 0.2918596863746643, 0.29582178592681885, 0.297884464263916, 0.29199734330177307, 0.297271728515625, 0.2988101541996002, 0.3011551797389984, 0.2997714579105377, 0.29571738839149475, 0.30050715804100037, 0.29949846863746643, 0.30771180987358093, 0.30168554186820984, 0.3032439947128296, 0.30214160680770874, 0.3065374195575714, 0.30731701850891113, 0.3125394284725189, 0.3043547570705414, 0.3053087890148163, 0.30684694647789, 0.3066652715206146, 0.30649083852767944, 0.3224654495716095, 0.3098084330558777, 0.3123108148574829, 0.3076115548610687, 0.30550137162208557, 0.3203345537185669, 0.3177913725376129, 0.3142688572406769, 0.3142426609992981, 0.3149808645248413, 0.3100709021091461, 0.31152766942977905, 0.3150654435157776, 0.31483033299446106, 0.31726446747779846, 0.31319791078567505, 0.31468135118484497, 0.31347721815109253, 0.3136361539363861, 0.3167468309402466, 0.31309646368026733, 0.31346601247787476, 0.3173760175704956, 0.3209730386734009, 0.3209809958934784, 0.320546954870224, 0.3264688551425934, 0.32196199893951416, 0.32513362169265747, 0.32339146733283997, 0.3220014274120331, 0.3218739628791809, 0.3213498294353485, 0.3179548680782318, 0.31467312574386597, 0.3192872703075409, 0.31975048780441284, 0.3190683424472809, 0.31889206171035767, 0.3214147686958313, 0.32249459624290466, 0.32338377833366394, 0.3258500397205353, 0.3232981562614441, 0.3226454257965088, 0.3263932168483734, 0.328429251909256, 0.32691529393196106, 0.3272181749343872, 0.32730337977409363, 0.33137577772140503]",28.0,"[33.0, 33.0, 33.0, 33.0, 33.0, 33.0, 33.0, 33.0, 33.0, 33.0, 33.0, 33.0, 33.0, 33.0, 33.0, 33.0, 33.0, 33.0, 33.0, 33.0, 33.0, 33.0, 33.0, 33.0, 33.0, 33.0, 31.0, 31.0, 31.0, 31.0, 31.0, 31.0, 31.0, 31.0, 31.0, 31.0, 31.0, 31.0, 30.0, 30.0, 30.0, 30.0, 30.0, 30.0, 30.0, 30.0, 30.0, 30.0, 30.0, 30.0, 30.0, 30.0, 30.0, 30.0, 30.0, 30.0, 30.0, 30.0, 30.0, 30.0, 30.0, 30.0, 30.0, 30.0, 30.0, 30.0, 30.0, 30.0, 30.0, 30.0, 30.0, 30.0, 30.0, 30.0, 30.0, 30.0, 30.0, 30.0, 30.0, 30.0, 30.0, 29.0, 29.0, 29.0, 29.0, 29.0, 29.0, 29.0, 29.0, 29.0, 29.0, 29.0, 29.0, 29.0, 29.0, 29.0, 29.0, 29.0, 29.0, 29.0, 29.0, 29.0, 29.0, 29.0, 29.0, 29.0, 29.0, 29.0, 29.0, 29.0, 29.0, 29.0, 29.0, 29.0, 29.0, 29.0, 29.0, 29.0, 29.0, 29.0, 29.0, 29.0, 29.0, 29.0, 29.0, 29.0, 29.0, 29.0, 29.0, 29.0, 29.0, 29.0, 29.0, 29.0, 29.0, 29.0, 29.0, 29.0, 29.0, 29.0, 29.0, 29.0, 29.0, 29.0, 29.0, 29.0, 29.0, 29.0, 29.0, 29.0, 29.0, 29.0, 29.0, 29.0, 29.0, 29.0, 29.0, 28.0, 28.0, 28.0, 28.0, 28.0, 28.0, 28.0, 28.0, 28.0, 28.0, 28.0, 28.0, 28.0, 28.0, 28.0, 28.0, 28.0, 28.0, 28.0, 28.0, 28.0, 28.0, 28.0, 28.0, 28.0, 28.0, 28.0, 28.0, 28.0, 28.0, 28.0, 28.0, 28.0, 28.0, 28.0, 28.0, 28.0, 28.0, 28.0, 28.0, 28.0, 28.0, 28.0, 28.0, 28.0, 28.0, 28.0, 28.0, 28.0, 28.0, 28.0, 28.0, 28.0, 28.0, 28.0, 28.0, 28.0, 28.0, 28.0, 28.0, 28.0, 28.0, 28.0, 28.0, 28.0, 28.0, 28.0, 28.0, 28.0, 28.0, 28.0, 28.0, 28.0, 28.0, 28.0, 28.0, 28.0, 28.0, 28.0, 28.0, 28.0, 28.0, 28.0, 28.0, 28.0, 28.0, 28.0, 28.0, 28.0, 28.0, 28.0, 28.0, 28.0, 28.0, 28.0, 28.0, 28.0, 28.0, 28.0, 28.0, 28.0, 28.0, 28.0, 28.0, 28.0, 28.0, 28.0, 28.0, 28.0, 28.0, 28.0, 28.0, 28.0, 28.0, 28.0, 28.0, 28.0, 28.0, 28.0, 28.0, 28.0, 28.0, 28.0, 28.0, 28.0, 28.0, 28.0, 28.0, 28.0, 28.0, 28.0, 28.0, 28.0, 28.0, 28.0, 28.0, 28.0, 28.0, 28.0, 28.0, 28.0, 28.0, 28.0]",COMPLETE
