,number,value,datetime_start,datetime_complete,duration,params_batch_size_scaler,params_constant_learning_rate,params_depth,params_epochs,params_kernel_l2,params_num_trees,params_temperature,user_attrs_accuracy_test,user_attrs_accuracy_valid,user_attrs_approximate_feature_sparsity,user_attrs_approximate_feature_sparsity_history,user_attrs_approximate_weight_sparsity,user_attrs_approximate_weight_sparsity_history,user_attrs_auc_test,user_attrs_auc_valid,user_attrs_feature_sparsity,user_attrs_feature_sparsity_history,user_attrs_num_epochs,user_attrs_val_loss_history,user_attrs_weight_sparsity,user_attrs_weight_sparsity_history,state
34,34,0.7608558436706985,2024-08-31 01:55:45.149872,2024-08-31 01:58:26.724890,0 days 00:02:41.575018,16,0.013349754288640365,4,470,0.05559755857254189,29,0.010963551865741255,0.883,0.8775,33,"[33, 33, 33, 33, 33, 33, 33, 33, 33, 33, 33, 33, 33, 33, 33, 33, 33, 33, 33, 33, 33, 33, 33, 33, 33, 33, 33, 33, 33, 33, 33, 33, 33, 33, 33, 33, 33, 33, 33, 33, 33, 33, 33, 33, 33, 33, 33, 33, 33, 33, 33, 33, 33, 33, 33, 33, 33, 33, 33, 33, 33, 33, 33, 33, 33, 33, 33, 33, 33, 33, 33, 33, 33, 33, 33, 33, 33, 33, 33, 33, 33, 33, 33, 33, 33, 33, 33, 33, 33, 33, 33, 33, 33, 33, 33, 33, 33, 33, 33, 33, 33, 33, 33, 33, 33, 33, 33, 33, 33, 33, 33, 33, 33, 33, 33, 33, 33, 33, 33, 33, 33, 33, 33, 33, 33, 33, 33, 33, 33, 33, 33, 33, 33, 33, 33, 33, 33, 33, 33, 33, 33, 33, 33, 33, 33, 33, 33, 33, 33, 33, 33, 33, 33, 33, 33, 33, 33, 33, 33, 33, 33, 33, 33, 33, 33, 33, 33, 33, 33, 33, 33, 33, 33, 33, 33, 33, 33, 33, 33, 33, 33, 33, 33, 33, 33, 33, 33, 33, 33, 33, 33, 33, 33, 33, 33, 33, 33, 33, 33, 33, 33, 33, 33, 33, 33, 33, 33, 33, 33, 33, 33, 33, 33, 33, 33, 33, 33, 33, 33, 33, 33, 33, 33, 33, 33, 33, 33, 33, 33, 33, 33, 33, 33, 33, 33, 33, 33, 33, 33, 33, 33, 33, 33, 33, 33, 33, 33, 33, 33, 33, 33, 33, 33, 33, 33, 33, 33, 33, 33, 33, 33, 33, 33, 33, 33, 33, 33, 33, 33, 33, 33, 33, 33, 33, 33, 33, 33, 33, 33, 33, 33, 33, 33, 33, 33, 33, 33, 33, 33, 33, 33, 33, 33, 33, 33, 33, 33, 33, 33, 33, 33, 33, 33, 33, 33, 33, 33, 33, 33, 33, 33, 33, 33, 33, 33, 33, 33, 33, 33, 33, 33, 33, 33, 33, 33, 33, 33, 33, 33, 33, 33, 33, 33, 33, 33, 33, 33, 33, 33, 33, 33, 33, 33, 33, 33, 33, 33, 33, 33, 33, 33, 33, 33, 33, 33, 33, 33, 33, 33, 33, 33, 33, 33, 33, 33, 33, 33, 33, 33, 33, 33, 33, 33, 33, 33, 33, 33, 33, 33, 33, 33, 33, 33, 33, 33, 33, 33, 33, 33, 33, 33, 33, 33, 33, 33, 33, 33, 33, 33, 33, 33, 33, 33, 33, 33, 33, 33, 33, 33, 33, 33, 33, 33, 33, 33, 33, 33, 33, 33, 33, 33, 33, 33, 33, 33, 33, 33, 33, 33, 33, 33, 33, 33, 33, 33, 33, 33, 33, 33, 33, 33, 33, 33, 33, 33, 33, 33, 33, 33, 33, 33, 33, 33, 33, 33, 33, 33, 33, 33, 33, 33, 33, 33, 33, 33, 33, 33, 33, 33, 33]",32.97241379310345,"[32.97011494252874, 32.96781609195402, 32.95402298850575, 32.96551724137931, 32.9632183908046, 32.96551724137931, 32.96781609195402, 32.96091954022989, 32.96551724137931, 32.95862068965518, 32.9632183908046, 32.96551724137931, 32.97471264367816, 32.97471264367816, 32.97241379310345, 32.96781609195402, 32.97241379310345, 32.97701149425288, 32.97701149425288, 32.96781609195402, 32.97701149425288, 32.97701149425288, 32.97011494252874, 32.96781609195402, 32.96551724137931, 32.96551724137931, 32.96091954022989, 32.96091954022989, 32.95862068965518, 32.95402298850575, 32.9632183908046, 32.96091954022989, 32.95862068965518, 32.96551724137931, 32.96781609195403, 32.97241379310345, 32.96781609195402, 32.97011494252874, 32.9632183908046, 32.9632183908046, 32.96781609195402, 32.97011494252874, 32.98390804597701, 32.97471264367816, 32.97471264367816, 32.97701149425288, 32.97471264367816, 32.97241379310345, 32.97931034482759, 32.97471264367816, 32.97931034482759, 32.97931034482759, 32.9816091954023, 32.97701149425288, 32.9816091954023, 32.97931034482759, 32.97011494252874, 32.97471264367816, 32.98390804597701, 32.98390804597701, 32.97931034482759, 32.97701149425288, 32.97701149425288, 32.97471264367816, 32.97471264367816, 32.97701149425288, 32.97701149425288, 32.97701149425288, 32.97931034482759, 32.97701149425288, 32.97931034482759, 32.97931034482759, 32.97701149425288, 32.97471264367816, 32.97011494252874, 32.97471264367816, 32.97931034482759, 32.97701149425288, 32.97701149425288, 32.97471264367816, 32.97931034482759, 32.9816091954023, 32.98390804597701, 32.97701149425288, 32.97241379310345, 32.96781609195403, 32.97011494252873, 32.97471264367816, 32.97701149425287, 32.97471264367816, 32.97701149425288, 32.97701149425288, 32.97011494252873, 32.97011494252873, 32.97011494252874, 32.97011494252874, 32.97241379310345, 32.97011494252874, 32.96551724137931, 32.97011494252874, 32.97011494252874, 32.97011494252874, 32.97011494252873, 32.97011494252873, 32.97011494252873, 32.97701149425288, 32.97471264367816, 32.97931034482759, 32.97471264367816, 32.97701149425288, 32.97241379310345, 32.97241379310345, 32.97471264367816, 32.97011494252874, 32.97241379310345, 32.97471264367816, 32.97701149425288, 32.97701149425288, 32.97931034482759, 32.97931034482759, 32.9816091954023, 32.9816091954023, 32.97931034482759, 32.97241379310345, 32.97471264367816, 32.97701149425288, 32.97701149425288, 32.97931034482759, 32.97701149425288, 32.97471264367816, 32.97931034482759, 32.97931034482759, 32.9816091954023, 32.9816091954023, 32.97931034482759, 32.97931034482759, 32.97471264367816, 32.97471264367816, 32.9632183908046, 32.97471264367816, 32.97241379310345, 32.9816091954023, 32.98390804597701, 32.98620689655172, 32.9816091954023, 32.98390804597701, 32.97931034482759, 32.97011494252874, 32.97471264367816, 32.97241379310345, 32.97241379310345, 32.97471264367816, 32.97471264367816, 32.97701149425288, 32.97701149425288, 32.97471264367816, 32.97471264367816, 32.97241379310345, 32.97241379310345, 32.97011494252874, 32.97011494252874, 32.96781609195402, 32.97701149425288, 32.97931034482759, 32.97931034482759, 32.97701149425288, 32.9816091954023, 32.9816091954023, 32.9816091954023, 32.97931034482759, 32.9816091954023, 32.97701149425288, 32.97241379310345, 32.96781609195402, 32.97241379310345, 32.97241379310345, 32.97471264367816, 32.97011494252874, 32.97011494252874, 32.97241379310345, 32.97701149425288, 32.98390804597701, 32.98620689655172, 32.98390804597701, 32.98620689655172, 32.98850574712644, 32.98620689655173, 32.98620689655172, 32.9816091954023, 32.97931034482759, 32.97931034482759, 32.97471264367816, 32.97931034482759, 32.97241379310345, 32.97471264367816, 32.97701149425288, 32.97701149425288, 32.97471264367816, 32.9816091954023, 32.9816091954023, 32.97701149425288, 32.9816091954023, 32.97471264367816, 32.97471264367816, 32.97471264367816, 32.97241379310345, 32.97701149425288, 32.97701149425288, 32.9816091954023, 32.9816091954023, 32.98390804597701, 32.98390804597701, 32.9816091954023, 32.97931034482759, 32.98390804597701, 32.98390804597701, 32.98850574712644, 32.98620689655172, 32.98620689655172, 32.98390804597701, 32.98390804597701, 32.98390804597701, 32.97931034482759, 32.97931034482759, 32.97931034482759, 32.97931034482759, 32.98390804597701, 32.98620689655172, 32.98620689655172, 32.98620689655172, 32.98620689655172, 32.99080459770115, 32.98390804597701, 32.98390804597701, 32.9816091954023, 32.97241379310345, 32.97241379310345, 32.97241379310345, 32.97241379310345, 32.97241379310345, 32.97241379310345, 32.97241379310345, 32.97701149425288, 32.97931034482759, 32.97931034482759, 32.97701149425288, 32.97471264367816, 32.97471264367816, 32.9816091954023, 32.97701149425288, 32.97701149425288, 32.97011494252874, 32.97011494252874, 32.97241379310345, 32.97931034482759, 32.97241379310345, 32.97241379310345, 32.97471264367816, 32.97701149425288, 32.97931034482759, 32.97931034482759, 32.97701149425288, 32.97931034482759, 32.97701149425288, 32.97241379310345, 32.97241379310345, 32.96781609195402, 32.97011494252874, 32.96781609195402, 32.96551724137931, 32.96551724137931, 32.96551724137931, 32.97011494252874, 32.97241379310345, 32.97011494252874, 32.97011494252874, 32.97241379310345, 32.97471264367816, 32.97701149425288, 32.97471264367816, 32.97471264367816, 32.97701149425288, 32.9816091954023, 32.97701149425288, 32.97241379310345, 32.96781609195403, 32.97011494252874, 32.96781609195403, 32.97241379310345, 32.97471264367816, 32.97241379310345, 32.97471264367816, 32.97701149425288, 32.97931034482759, 32.98390804597701, 32.98620689655173, 32.98850574712644, 32.98620689655173, 32.98620689655173, 32.98620689655173, 32.98390804597701, 32.98390804597701, 32.98620689655173, 32.98390804597701, 32.98390804597701, 32.97701149425288, 32.97931034482759, 32.98390804597701, 32.97701149425288, 32.97701149425288, 32.97701149425288, 32.98390804597701, 32.9816091954023, 32.98620689655173, 32.98390804597701, 32.9816091954023, 32.97931034482759, 32.9816091954023, 32.97701149425288, 32.97931034482759, 32.97701149425288, 32.9816091954023, 32.9816091954023, 32.97701149425287, 32.97241379310345, 32.97241379310345, 32.97471264367816, 32.97241379310345, 32.96551724137931, 32.96781609195403, 32.97241379310345, 32.97471264367816, 32.97471264367816, 32.97471264367816, 32.9816091954023, 32.97931034482759, 32.97471264367816, 32.97471264367816, 32.97471264367816, 32.97241379310345, 32.97241379310345, 32.97701149425288, 32.97701149425288, 32.97241379310345, 32.96551724137931, 32.9632183908046, 32.96781609195403, 32.97241379310345, 32.97471264367816, 32.97241379310345, 32.96551724137931, 32.96781609195403, 32.97471264367816, 32.97011494252874, 32.97011494252874, 32.97241379310345, 32.97701149425288, 32.97471264367816, 32.97011494252874, 32.97011494252874, 32.97241379310345, 32.97701149425288, 32.97701149425288, 32.98390804597701, 32.9816091954023, 32.9816091954023, 32.9816091954023, 32.98390804597701, 32.98390804597701, 32.98390804597701, 32.9816091954023, 32.9816091954023, 32.97931034482759, 32.97701149425288, 32.97471264367816, 32.97701149425288, 32.97931034482759, 32.97701149425288, 32.97471264367816, 32.96781609195403, 32.97011494252874, 32.97241379310345, 32.97471264367816, 32.97931034482758, 32.97701149425287, 32.97701149425287, 32.97471264367816, 32.96781609195402, 32.97471264367816, 32.97241379310345, 32.97241379310345, 32.96781609195403, 32.97011494252874, 32.97011494252874, 32.97011494252874, 32.96781609195403, 32.96091954022989, 32.96551724137931, 32.96551724137931, 32.96091954022989, 32.95862068965517, 32.96091954022989, 32.95862068965518, 32.9632183908046, 32.96551724137931, 32.96091954022989, 32.94942528735632, 32.94252873563218, 32.94942528735632, 32.95632183908046, 32.94712643678161, 32.95172413793103, 32.94712643678161, 32.95402298850575, 32.96091954022988, 32.9632183908046, 32.95402298850575, 32.95862068965518, 32.95632183908046, 32.95632183908046, 32.95402298850575, 32.95402298850575, 32.95402298850575, 32.96091954022989, 32.96091954022989, 32.95862068965517, 32.95862068965517, 32.96091954022988, 32.96551724137931, 32.96091954022988, 32.95862068965517, 32.95402298850575, 32.95632183908046, 32.95862068965517, 32.95862068965517, 32.95632183908046, 32.95862068965517, 32.95632183908046, 32.95632183908046, 32.96091954022989, 32.9632183908046, 32.95862068965518, 32.95632183908046, 32.9632183908046, 32.96781609195402, 32.9632183908046, 32.9632183908046, 32.96091954022989, 32.96091954022989, 32.9632183908046, 32.9632183908046, 32.96551724137931, 32.96781609195402, 32.96781609195402, 32.96551724137931, 32.96551724137931, 32.97471264367816, 32.97931034482759, 32.97471264367816, 32.97701149425288, 32.97701149425288, 32.97011494252874, 32.96781609195402, 32.96551724137931, 32.96551724137931, 32.97241379310345, 32.97241379310345, 32.96781609195402, 32.97241379310345, 32.97241379310345]",0.7923942568878541,0.7608558436706985,33,"[33, 33, 33, 33, 33, 33, 33, 33, 33, 33, 33, 33, 33, 33, 33, 33, 33, 33, 33, 33, 33, 33, 33, 33, 33, 33, 33, 33, 33, 33, 33, 33, 33, 33, 33, 33, 33, 33, 33, 33, 33, 33, 33, 33, 33, 33, 33, 33, 33, 33, 33, 33, 33, 33, 33, 33, 33, 33, 33, 33, 33, 33, 33, 33, 33, 33, 33, 33, 33, 33, 33, 33, 33, 33, 33, 33, 33, 33, 33, 33, 33, 33, 33, 33, 33, 33, 33, 33, 33, 33, 33, 33, 33, 33, 33, 33, 33, 33, 33, 33, 33, 33, 33, 33, 33, 33, 33, 33, 33, 33, 33, 33, 33, 33, 33, 33, 33, 33, 33, 33, 33, 33, 33, 33, 33, 33, 33, 33, 33, 33, 33, 33, 33, 33, 33, 33, 33, 33, 33, 33, 33, 33, 33, 33, 33, 33, 33, 33, 33, 33, 33, 33, 33, 33, 33, 33, 33, 33, 33, 33, 33, 33, 33, 33, 33, 33, 33, 33, 33, 33, 33, 33, 33, 33, 33, 33, 33, 33, 33, 33, 33, 33, 33, 33, 33, 33, 33, 33, 33, 33, 33, 33, 33, 33, 33, 33, 33, 33, 33, 33, 33, 33, 33, 33, 33, 33, 33, 33, 33, 33, 33, 33, 33, 33, 33, 33, 33, 33, 33, 33, 33, 33, 33, 33, 33, 33, 33, 33, 33, 33, 33, 33, 33, 33, 33, 33, 33, 33, 33, 33, 33, 33, 33, 33, 33, 33, 33, 33, 33, 33, 33, 33, 33, 33, 33, 33, 33, 33, 33, 33, 33, 33, 33, 33, 33, 33, 33, 33, 33, 33, 33, 33, 33, 33, 33, 33, 33, 33, 33, 33, 33, 33, 33, 33, 33, 33, 33, 33, 33, 33, 33, 33, 33, 33, 33, 33, 33, 33, 33, 33, 33, 33, 33, 33, 33, 33, 33, 33, 33, 33, 33, 33, 33, 33, 33, 33, 33, 33, 33, 33, 33, 33, 33, 33, 33, 33, 33, 33, 33, 33, 33, 33, 33, 33, 33, 33, 33, 33, 33, 33, 33, 33, 33, 33, 33, 33, 33, 33, 33, 33, 33, 33, 33, 33, 33, 33, 33, 33, 33, 33, 33, 33, 33, 33, 33, 33, 33, 33, 33, 33, 33, 33, 33, 33, 33, 33, 33, 33, 33, 33, 33, 33, 33, 33, 33, 33, 33, 33, 33, 33, 33, 33, 33, 33, 33, 33, 33, 33, 33, 33, 33, 33, 33, 33, 33, 33, 33, 33, 33, 33, 33, 33, 33, 33, 33, 33, 33, 33, 33, 33, 33, 33, 33, 33, 33, 33, 33, 33, 33, 33, 33, 33, 33, 33, 33, 33, 33, 33, 33, 33, 33, 33, 33, 33, 33, 33, 33, 33, 33, 33, 33, 33, 33, 33, 33, 33, 33, 33, 33, 33, 33, 33, 33, 33, 33, 33, 33, 33, 33, 33]",470,"[0.6018009781837463, 0.5488889217376709, 0.5118634700775146, 0.48569256067276, 0.46668896079063416, 0.4526013433933258, 0.4421309232711792, 0.43405070900917053, 0.4276154041290283, 0.4227486550807953, 0.41873833537101746, 0.4155765771865845, 0.4129977822303772, 0.4108179807662964, 0.408981591463089, 0.4073719084262848, 0.4060339331626892, 0.40485814213752747, 0.4037994146347046, 0.4028579294681549, 0.40194907784461975, 0.4011628329753876, 0.4004408121109009, 0.3997575640678406, 0.39913150668144226, 0.398530513048172, 0.39796343445777893, 0.3974233567714691, 0.396882563829422, 0.3964075446128845, 0.3959164023399353, 0.39546439051628113, 0.3950141966342926, 0.3945818245410919, 0.3941553831100464, 0.39373865723609924, 0.3933337926864624, 0.3929395377635956, 0.39255744218826294, 0.39219722151756287, 0.39182788133621216, 0.39148032665252686, 0.3911239206790924, 0.3907860815525055, 0.39044511318206787, 0.39012473821640015, 0.3898063898086548, 0.38948288559913635, 0.38916176557540894, 0.3888489603996277, 0.3885451555252075, 0.3882501721382141, 0.38797131180763245, 0.38769304752349854, 0.3874160647392273, 0.3871381878852844, 0.3868691921234131, 0.38661471009254456, 0.3863503336906433, 0.3860962390899658, 0.38585010170936584, 0.3856056332588196, 0.385353684425354, 0.3851299583911896, 0.3848956227302551, 0.3846653997898102, 0.38444024324417114, 0.38421329855918884, 0.38399380445480347, 0.38378456234931946, 0.3835809826850891, 0.3833656311035156, 0.3831619620323181, 0.38294732570648193, 0.3827580213546753, 0.3825491964817047, 0.3823515772819519, 0.38215717673301697, 0.38196900486946106, 0.38178133964538574, 0.381592333316803, 0.38140976428985596, 0.38122695684432983, 0.38104742765426636, 0.3808675706386566, 0.3806877136230469, 0.3805186152458191, 0.3803543746471405, 0.3801811933517456, 0.3800163269042969, 0.3798588514328003, 0.379695862531662, 0.37953364849090576, 0.3793739080429077, 0.37922725081443787, 0.3790840804576874, 0.37893128395080566, 0.3787845969200134, 0.3786383867263794, 0.3784770667552948, 0.37833550572395325, 0.3781898021697998, 0.37804099917411804, 0.37789714336395264, 0.3777548670768738, 0.37760916352272034, 0.3774726092815399, 0.3773479461669922, 0.37722495198249817, 0.3770817816257477, 0.3769485354423523, 0.376825749874115, 0.37669768929481506, 0.3765765428543091, 0.37645256519317627, 0.3763203024864197, 0.3761904537677765, 0.37606555223464966, 0.3759322762489319, 0.37580493092536926, 0.37569427490234375, 0.3755732476711273, 0.37545138597488403, 0.37533077597618103, 0.3752175569534302, 0.3750965893268585, 0.3749762773513794, 0.3748612701892853, 0.37473732233047485, 0.37461143732070923, 0.37450656294822693, 0.3743875026702881, 0.37428414821624756, 0.3741678297519684, 0.3740556836128235, 0.3739490509033203, 0.3738437294960022, 0.37373581528663635, 0.3736242949962616, 0.37351444363594055, 0.373407781124115, 0.3733087182044983, 0.37319469451904297, 0.37309199571609497, 0.37300318479537964, 0.3729003965854645, 0.37279212474823, 0.37269288301467896, 0.3725878894329071, 0.37248802185058594, 0.3723926544189453, 0.37229669094085693, 0.37219470739364624, 0.3720880150794983, 0.37198787927627563, 0.37189561128616333, 0.3717961013317108, 0.37170761823654175, 0.37159958481788635, 0.3714997470378876, 0.37141022086143494, 0.37131431698799133, 0.3712255358695984, 0.3711381256580353, 0.3710324764251709, 0.3709445595741272, 0.37084752321243286, 0.3707531690597534, 0.37065795063972473, 0.37058204412460327, 0.3705005943775177, 0.3704090118408203, 0.37032192945480347, 0.37022849917411804, 0.37012946605682373, 0.3700449466705322, 0.36994823813438416, 0.36986538767814636, 0.36976513266563416, 0.3696732223033905, 0.3695890009403229, 0.36950191855430603, 0.36941230297088623, 0.3693147301673889, 0.3692215085029602, 0.36912935972213745, 0.3690394163131714, 0.3689480721950531, 0.3688521683216095, 0.3687705099582672, 0.36869534850120544, 0.368611216545105, 0.36851948499679565, 0.3684350252151489, 0.3683350384235382, 0.36824145913124084, 0.368148535490036, 0.3680559992790222, 0.36797139048576355, 0.3678910434246063, 0.36780592799186707, 0.36771708726882935, 0.36762115359306335, 0.36753880977630615, 0.36745843291282654, 0.3673768639564514, 0.3672982454299927, 0.3672099709510803, 0.36712923645973206, 0.3670504689216614, 0.36697182059288025, 0.3668805658817291, 0.36678799986839294, 0.366699755191803, 0.3666166365146637, 0.3665301501750946, 0.36644577980041504, 0.36636820435523987, 0.36628666520118713, 0.3662068843841553, 0.36612454056739807, 0.3660414516925812, 0.36595767736434937, 0.36586201190948486, 0.36578091979026794, 0.36569392681121826, 0.36561721563339233, 0.36553052067756653, 0.3654554784297943, 0.36537620425224304, 0.3652932643890381, 0.3652089238166809, 0.3651496469974518, 0.36506497859954834, 0.36497965455055237, 0.36490195989608765, 0.3648092746734619, 0.3647257685661316, 0.3646424412727356, 0.3645589351654053, 0.3644806146621704, 0.364394873380661, 0.36432594060897827, 0.36424729228019714, 0.36416417360305786, 0.36408481001853943, 0.364003449678421, 0.36391499638557434, 0.3638291656970978, 0.36375725269317627, 0.3636797368526459, 0.3635939359664917, 0.36351898312568665, 0.3634302020072937, 0.36334410309791565, 0.36326247453689575, 0.3631747364997864, 0.3630918562412262, 0.36301299929618835, 0.3629302978515625, 0.36283889412879944, 0.3627588748931885, 0.3626842498779297, 0.36259546875953674, 0.3625149130821228, 0.36243870854377747, 0.3623476028442383, 0.36225274205207825, 0.3621635437011719, 0.3620901107788086, 0.36200812458992004, 0.36192452907562256, 0.3618532121181488, 0.36177024245262146, 0.3616918623447418, 0.3616068363189697, 0.36152172088623047, 0.3614477217197418, 0.36136603355407715, 0.3612852990627289, 0.3612055480480194, 0.3611246943473816, 0.3610447943210602, 0.3609772026538849, 0.36089804768562317, 0.3608141243457794, 0.360727995634079, 0.360658198595047, 0.36058539152145386, 0.3605058193206787, 0.36041560769081116, 0.36032721400260925, 0.3602500557899475, 0.36016663908958435, 0.3600834012031555, 0.3600013852119446, 0.3599216043949127, 0.3598482608795166, 0.35976168513298035, 0.35969024896621704, 0.3596057593822479, 0.3595222234725952, 0.35944610834121704, 0.3593784272670746, 0.3593079447746277, 0.3592117726802826, 0.3591366112232208, 0.3590635359287262, 0.358986496925354, 0.3589033782482147, 0.3588283658027649, 0.3587464988231659, 0.35865867137908936, 0.3585837483406067, 0.3585105538368225, 0.3584318161010742, 0.35833409428596497, 0.3582499027252197, 0.35817164182662964, 0.3580929934978485, 0.35799485445022583, 0.3579193949699402, 0.3578418791294098, 0.3577727973461151, 0.35769161581993103, 0.3576119542121887, 0.3575388193130493, 0.3574531078338623, 0.35737183690071106, 0.35728082060813904, 0.35720986127853394, 0.35714396834373474, 0.35705921053886414, 0.3569689989089966, 0.3568843603134155, 0.35680729150772095, 0.35672393441200256, 0.35664141178131104, 0.3565550148487091, 0.3564815819263458, 0.3564029335975647, 0.35631290078163147, 0.3562301695346832, 0.35616469383239746, 0.35608384013175964, 0.3560027778148651, 0.3559225797653198, 0.35583892464637756, 0.3557605743408203, 0.3556804358959198, 0.3555993139743805, 0.3555060923099518, 0.35543832182884216, 0.3553648293018341, 0.35528144240379333, 0.3551931083202362, 0.35511040687561035, 0.355016827583313, 0.3549293875694275, 0.35484862327575684, 0.3547742962837219, 0.354680597782135, 0.35459959506988525, 0.3545254170894623, 0.3544398248195648, 0.3543541729450226, 0.3542751669883728, 0.35419899225234985, 0.3541240692138672, 0.35403764247894287, 0.3539685010910034, 0.3538881540298462, 0.3538077175617218, 0.3537270426750183, 0.3536335825920105, 0.35355353355407715, 0.35345855355262756, 0.35337507724761963, 0.35330867767333984, 0.3532223403453827, 0.35314515233039856, 0.3530673682689667, 0.35297757387161255, 0.35288292169570923, 0.3527970612049103, 0.3527146279811859, 0.35263651609420776, 0.3525609076023102, 0.35249820351600647, 0.35241958498954773, 0.35235103964805603, 0.3522740304470062, 0.3521736264228821, 0.3520956337451935, 0.3520152270793915, 0.3519163429737091, 0.3518390357494354, 0.3517601788043976, 0.35167595744132996, 0.35159119963645935, 0.3515133559703827, 0.35143712162971497, 0.35134953260421753, 0.35125887393951416, 0.3511764407157898, 0.3510960340499878, 0.3510304391384125, 0.35095587372779846, 0.35088104009628296, 0.3507908582687378, 0.35070937871932983, 0.3506409525871277, 0.3505723476409912, 0.350496381521225, 0.3504156172275543, 0.3