,number,value,datetime_start,datetime_complete,duration,params_batch_size_scaler,params_constant_learning_rate,params_depth,params_epochs,params_kernel_l2,params_num_trees,params_temperature,user_attrs_accuracy_test,user_attrs_accuracy_valid,user_attrs_approximate_feature_sparsity,user_attrs_approximate_feature_sparsity_history,user_attrs_approximate_weight_sparsity,user_attrs_approximate_weight_sparsity_history,user_attrs_auc_test,user_attrs_auc_valid,user_attrs_feature_sparsity,user_attrs_feature_sparsity_history,user_attrs_num_epochs,user_attrs_val_loss_history,user_attrs_weight_sparsity,user_attrs_weight_sparsity_history,state
62,62,0.5,2024-08-31 02:46:34.234759,2024-08-31 02:48:03.948066,0 days 00:01:29.713307,1,0.6481316794084213,1,240,0.0018097784644305497,71,0.08716920186261191,0.859,0.85875,0,"[0, 0, 0, 0, 0, 0, 0, 0, 0, 0, 0, 0, 0, 0, 0, 0, 0, 0, 0, 0, 0, 0, 0, 0, 0, 0, 0, 0, 0, 0, 0, 0, 0, 0, 0, 0, 0, 0, 0, 0, 0, 0, 0, 0, 0, 0, 0, 0, 0, 0, 0, 0, 0, 0, 0, 0, 0, 0, 0, 0, 0, 0, 0, 0, 0, 0, 0, 0, 0, 0, 0, 0, 0, 0, 0, 0, 0, 0, 0, 0, 0, 0, 0, 0, 0, 0, 0, 0, 0, 0, 0, 0, 0, 0, 0, 0, 0, 0, 0, 0, 0, 0, 0, 0, 0, 0, 0, 0, 0, 0, 0, 0, 0, 0, 0, 0, 0, 0, 0, 0, 0, 0, 0, 0, 0, 0, 0, 0, 0, 0, 0, 0, 0, 0, 0, 0, 0, 0, 0, 0, 0, 0, 0, 0, 0, 0, 0, 0, 0, 0, 0, 0, 0, 0, 0, 0, 0, 0, 0, 0, 0, 0, 0, 0, 0, 0, 0, 0, 0, 0, 0, 0, 0, 0, 0, 0, 0, 0, 0, 0, 0, 0, 0, 0, 0, 0, 0, 0, 0, 0, 0, 0, 0, 0, 0, 0, 0, 0, 0, 0, 0, 0, 0, 0, 0, 0, 0, 0, 0, 0, 0, 0, 0, 0, 0, 0, 0, 0, 0, 0, 0, 0, 0, 0, 0, 0, 0, 0, 0, 0, 0, 0, 0, 0, 0, 0, 0, 0, 0, 0]",0.0,"[0.0, 0.0, 0.0, 0.0, 0.0, 0.0, 0.0, 0.0, 0.0, 0.0, 0.0, 0.0, 0.0, 0.0, 0.0, 0.0, 0.0, 0.0, 0.0, 0.0, 0.0, 0.0, 0.0, 0.0, 0.0, 0.0, 0.0, 0.0, 0.0, 0.0, 0.0, 0.0, 0.0, 0.0, 0.0, 0.0, 0.0, 0.0, 0.0, 0.0, 0.0, 0.0, 0.0, 0.0, 0.0, 0.0, 0.0, 0.0, 0.0, 0.0, 0.0, 0.0, 0.0, 0.0, 0.0, 0.0, 0.0, 0.0, 0.0, 0.0, 0.0, 0.0, 0.0, 0.0, 0.0, 0.0, 0.0, 0.0, 0.0, 0.0, 0.0, 0.0, 0.0, 0.0, 0.0, 0.0, 0.0, 0.0, 0.0, 0.0, 0.0, 0.0, 0.0, 0.0, 0.0, 0.0, 0.0, 0.0, 0.0, 0.0, 0.0, 0.0, 0.0, 0.0, 0.0, 0.0, 0.0, 0.0, 0.0, 0.0, 0.0, 0.0, 0.0, 0.0, 0.0, 0.0, 0.0, 0.0, 0.0, 0.0, 0.0, 0.0, 0.0, 0.0, 0.0, 0.0, 0.0, 0.0, 0.0, 0.0, 0.0, 0.0, 0.0, 0.0, 0.0, 0.0, 0.0, 0.0, 0.0, 0.0, 0.0, 0.0, 0.0, 0.0, 0.0, 0.0, 0.0, 0.0, 0.0, 0.0, 0.0, 0.0, 0.0, 0.0, 0.0, 0.0, 0.0, 0.0, 0.0, 0.0, 0.0, 0.0, 0.0, 0.0, 0.0, 0.0, 0.0, 0.0, 0.0, 0.0, 0.0, 0.0, 0.0, 0.0, 0.0, 0.0, 0.0, 0.0, 0.0, 0.0, 0.0, 0.0, 0.0, 0.0, 0.0, 0.0, 0.0, 0.0, 0.0, 0.0, 0.0, 0.0, 0.0, 0.0, 0.0, 0.0, 0.0, 0.0, 0.0, 0.0, 0.0, 0.0, 0.0, 0.0, 0.0, 0.0, 0.0, 0.0, 0.0, 0.0, 0.0, 0.0, 0.0, 0.0, 0.0, 0.0, 0.0, 0.0, 0.0, 0.0, 0.0, 0.0, 0.0, 0.0, 0.0, 0.0, 0.0, 0.0, 0.0, 0.0, 0.0, 0.0, 0.0, 0.0, 0.0, 0.0, 0.0, 0.0, 0.0, 0.0, 0.0, 0.0, 0.0, 0.0, 0.0, 0.0, 0.0, 0.0, 0.0, 0.0]",0.5,0.5,0,"[0, 0, 0, 0, 0, 0, 0, 0, 0, 0, 0, 0, 0, 0, 0, 0, 0, 0, 0, 0, 0, 0, 0, 0, 0, 0, 0, 0, 0, 0, 0, 0, 0, 0, 0, 0, 0, 0, 0, 0, 0, 0, 0, 0, 0, 0, 0, 0, 0, 0, 0, 0, 0, 0, 0, 0, 0, 0, 0, 0, 0, 0, 0, 0, 0, 0, 0, 0, 0, 0, 0, 0, 0, 0, 0, 0, 0, 0, 0, 0, 0, 0, 0, 0, 0, 0, 0, 0, 0, 0, 0, 0, 0, 0, 0, 0, 0, 0, 0, 0, 0, 0, 0, 0, 0, 0, 0, 0, 0, 0, 0, 0, 0, 0, 0, 0, 0, 0, 0, 0, 0, 0, 0, 0, 0, 0, 0, 0, 0, 0, 0, 0, 0, 0, 0, 0, 0, 0, 0, 0, 0, 0, 0, 0, 0, 0, 0, 0, 0, 0, 0, 0, 0, 0, 0, 0, 0, 0, 0, 0, 0, 0, 0, 0, 0, 0, 0, 0, 0, 0, 0, 0, 0, 0, 0, 0, 0, 0, 0, 0, 0, 0, 0, 0, 0, 0, 0, 0, 0, 0, 0, 0, 0, 0, 0, 0, 0, 0, 0, 0, 0, 0, 0, 0, 0, 0, 0, 0, 0, 0, 0, 0, 0, 0, 0, 0, 0, 0, 0, 0, 0, 0, 0, 0, 0, 0, 0, 0, 0, 0, 0, 0, 0, 0, 0, 0, 0, 0, 0, 0]",240,"[1.9136358499526978, 2.411356210708618, 0.5417255163192749, 4.290074348449707, 5.531232833862305, 0.7519672513008118, 1.5784106254577637, 2.2267966270446777, 4.382761478424072, 3.029226779937744, 0.8319127559661865, 1.2995095252990723, 3.7896604537963867, 0.4157388210296631, 1.140053391456604, 1.8944382667541504, 3.789680242538452, 1.7042165994644165, 2.9771728515625, 4.983381748199463, 0.7362297773361206, 3.2867255210876465, 1.106287956237793, 3.3426175117492676, 3.306326389312744, 1.517222285270691, 3.6606030464172363, 11.53519058227539, 0.6854639649391174, 2.9596495628356934, 1.6678673028945923, 0.8344953060150146, 0.45401862263679504, 2.889608860015869, 2.8639333248138428, 1.7097303867340088, 0.44507545232772827, 4.452234268188477, 0.4270595610141754, 2.1634719371795654, 3.3834164142608643, 1.8846445083618164, 1.3481831550598145, 4.06285285949707, 2.737372636795044, 0.7852927446365356, 0.8891041278839111, 3.3834192752838135, 1.8897192478179932, 2.4605777263641357, 1.2257062196731567, 2.164675235748291, 5.514218330383301, 4.733424663543701, 3.258579730987549, 2.847377061843872, 4.156149864196777, 2.4896576404571533, 5.016361713409424, 4.436309337615967, 1.1089067459106445, 2.332587242126465, 0.7545515298843384, 1.455957293510437, 5.1990742683410645, 0.9411529302597046, 0.8448686003684998, 3.5976037979125977, 3.0079236030578613, 0.8997461795806885, 2.1335577964782715, 2.492629051208496, 2.7989611625671387, 2.5622360706329346, 1.9380993843078613, 2.0564725399017334, 1.6295619010925293, 3.891523838043213, 0.8142547607421875, 1.3035216331481934, 0.454508513212204, 5.405030727386475, 0.40903934836387634, 1.3101801872253418, 2.33015513420105, 4.970150947570801, 0.6926504373550415, 0.460632860660553, 4.408624649047852, 1.870079755783081, 1.200627326965332, 0.8184342980384827, 4.05662727355957, 2.3324403762817383, 2.4269871711730957, 4.907830238342285, 2.8041129112243652, 2.975051164627075, 3.7842886447906494, 8.050440788269043, 1.0204335451126099, 2.002185583114624, 3.545140266418457, 0.45605605840682983, 3.466715097427368, 3.1995742321014404, 2.6346046924591064, 2.374192237854004, 3.572086811065674, 1.6768220663070679, 0.5413925647735596, 0.4130059480667114, 0.8674060702323914, 1.4962701797485352, 3.600585699081421, 4.19594144821167, 3.7720160484313965, 2.1403086185455322, 4.743476390838623, 1.8798441886901855, 3.765188217163086, 1.0968992710113525, 1.2701027393341064, 2.6998770236968994, 2.7661685943603516, 1.1993900537490845, 0.4239668548107147, 2.629716157913208, 3.3221137523651123, 4.14700174331665, 4.3979949951171875, 0.6364516615867615, 0.5845892429351807, 3.1929237842559814, 0.9454081058502197, 0.6875457167625427, 2.313037633895874, 0.41229507327079773, 2.9546213150024414, 3.5459561347961426, 3.16019344329834, 2.0786287784576416, 2.6586685180664062, 2.977259635925293, 3.329559087753296, 0.43341246247291565, 4.559741497039795, 5.349534511566162, 5.796823501586914, 1.1182889938354492, 1.7032716274261475, 2.340564012527466, 1.4754853248596191, 1.8464996814727783, 0.8323849439620972, 2.450131416320801, 0.6904329061508179, 7.2735276222229, 3.785992383956909, 0.4082541763782501, 3.122633695602417, 0.8600666522979736, 3.2912769317626953, 1.9044052362442017, 1.2391715049743652, 0.6263931393623352, 4.861961841583252, 4.552865982055664, 3.575735092163086, 5.007922172546387, 2.574225664138794, 3.6647040843963623, 3.789750099182129, 1.6422505378723145, 4.225682258605957, 4.558279514312744, 4.184372425079346, 0.9171802401542664, 1.7171717882156372, 5.733687877655029, 10.138121604919434, 1.6451398134231567, 0.9352618455886841, 4.338314056396484, 1.0937516689300537, 1.087477684020996, 1.2886745929718018, 5.276825428009033, 5.73551082611084, 2.7175402641296387, 2.973778486251831, 0.8124447464942932, 0.4775809347629547, 3.25492525100708, 0.6871852278709412, 2.969722270965576, 3.302415132522583, 3.9228789806365967, 4.354752540588379, 2.5411603450775146, 4.139703750610352, 4.195922374725342, 1.1179572343826294, 4.949719429016113, 1.4171870946884155, 1.805720567703247, 2.710655450820923, 2.02189302444458, 0.8935449123382568, 0.4157044291496277, 3.0835039615631104, 0.4574926793575287, 1.0524108409881592, 2.5117669105529785, 0.8512028455734253, 2.5709264278411865, 2.0048673152923584, 1.9383227825164795, 1.1577943563461304, 0.4077245593070984, 2.0499727725982666, 1.0186363458633423, 4.905568599700928, 4.766396522521973, 2.976527690887451, 0.4136914014816284, 0.6920111179351807, 4.206766605377197, 2.3265905380249023, 2.322458267211914, 0.4779583811759949, 5.170997142791748, 1.206271767616272, 1.1397117376327515, 2.1292150020599365, 2.766434907913208, 0.9226033091545105, 0.7495315670967102, 4.137803554534912, 0.5534741878509521]",0.0,"[0.0, 0.0, 0.0, 0.0, 0.0, 0.0, 0.0, 0.0, 0.0, 0.0, 0.0, 0.0, 0.0, 0.0, 0.0, 0.0, 0.0, 0.0, 0.0, 0.0, 0.0, 0.0, 0.0, 0.0, 0.0, 0.0, 0.0, 0.0, 0.0, 0.0, 0.0, 0.0, 0.0, 0.0, 0.0, 0.0, 0.0, 0.0, 0.0, 0.0, 0.0, 0.0, 0.0, 0.0, 0.0, 0.0, 0.0, 0.0, 0.0, 0.0, 0.0, 0.0, 0.0, 0.0, 0.0, 0.0, 0.0, 0.0, 0.0, 0.0, 0.0, 0.0, 0.0, 0.0, 0.0, 0.0, 0.0, 0.0, 0.0, 0.0, 0.0, 0.0, 0.0, 0.0, 0.0, 0.0, 0.0, 0.0, 0.0, 0.0, 0.0, 0.0, 0.0, 0.0, 0.0, 0.0, 0.0, 0.0, 0.0, 0.0, 0.0, 0.0, 0.0, 0.0, 0.0, 0.0, 0.0, 0.0, 0.0, 0.0, 0.0, 0.0, 0.0, 0.0, 0.0, 0.0, 0.0, 0.0, 0.0, 0.0, 0.0, 0.0, 0.0, 0.0, 0.0, 0.0, 0.0, 0.0, 0.0, 0.0, 0.0, 0.0, 0.0, 0.0, 0.0, 0.0, 0.0, 0.0, 0.0, 0.0, 0.0, 0.0, 0.0, 0.0, 0.0, 0.0, 0.0, 0.0, 0.0, 0.0, 0.0, 0.0, 0.0, 0.0, 0.0, 0.0, 0.0, 0.0, 0.0, 0.0, 0.0, 0.0, 0.0, 0.0, 0.0, 0.0, 0.0, 0.0, 0.0, 0.0, 0.0, 0.0, 0.0, 0.0, 0.0, 0.0, 0.0, 0.0, 0.0, 0.0, 0.0, 0.0, 0.0, 0.0, 0.0, 0.0, 0.0, 0.0, 0.0, 0.0, 0.0, 0.0, 0.0, 0.0, 0.0, 0.0, 0.0, 0.0, 0.0, 0.0, 0.0, 0.0, 0.0, 0.0, 0.0, 0.0, 0.0, 0.0, 0.0, 0.0, 0.0, 0.0, 0.0, 0.0, 0.0, 0.0, 0.0, 0.0, 0.0, 0.0, 0.0, 0.0, 0.0, 0.0, 0.0, 0.0, 0.0, 0.0, 0.0, 0.0, 0.0, 0.0, 0.0, 0.0, 0.0, 0.0, 0.0, 0.0, 0.0, 0.0, 0.0, 0.0, 0.0, 0.0, 0.0, 0.0, 0.0, 0.0, 0.0, 0.0]",COMPLETE
63,63,0.5,2024-08-31 02:48:05.147558,2024-08-31 02:48:49.295708,0 days 00:00:44.148150,64,0.835590904846606,4,265,0.28769349943409134,73,0.031867730007959255,0.859,0.85875,0,"[33, 33, 33, 4, 0, 0, 0, 0, 0, 0, 0, 0, 0, 0, 0, 0, 0, 0, 0, 0, 0, 0, 0, 0, 0, 0, 0, 0, 0, 0, 0, 0, 0, 0, 0, 0, 0, 0, 0, 0, 0, 0, 0, 0, 0, 0, 0, 0, 0, 0, 0, 0, 0, 0, 0, 0, 0, 0, 0, 0, 0, 0, 0, 0, 0, 0, 0, 0, 0, 0, 0, 0, 0, 0, 0, 0, 0, 0, 0, 0, 0, 0, 0, 0, 0, 0, 0, 0, 0, 0, 0, 0, 0, 0, 0, 0, 0, 0, 0, 0, 0, 0, 0, 0, 0, 0, 0, 0, 0, 0, 0, 0, 0, 0, 0, 0, 0, 0, 0, 0, 0, 0, 0, 0, 0, 0, 0, 0, 0, 0, 0, 0, 0, 0, 0, 0, 0, 0, 0, 0, 0, 0, 0, 0, 0, 0, 0, 0, 0, 0, 0, 0, 0, 0, 0, 0, 0, 0, 0, 0, 0, 0, 0, 0, 0, 0, 0, 0, 0, 0, 0, 0, 0, 0, 0, 0, 0, 0, 0, 0, 0, 0, 0, 0, 0, 0, 0, 0, 0, 0, 0, 0, 0, 0, 0, 0, 0, 0, 0, 0, 0, 0, 0, 0, 0, 0, 0, 0, 0, 0, 0, 0, 0, 0, 0, 0, 0, 0, 0, 0, 0, 0, 0, 0, 0, 0, 0, 0, 0, 0, 0, 0, 0, 0, 0, 0, 0, 0, 0, 0, 0, 0, 0, 0, 0, 0, 0, 0, 0, 0, 0, 0, 0, 0, 0, 0, 0, 0, 0, 0, 0, 0, 0, 0, 0]",0.0,"[32.95890410958904, 32.95342465753424, 32.95251141552511, 3.9926940639269404, 0.0, 0.0, 0.0, 0.0, 0.0, 0.0, 0.0, 0.0, 0.0, 0.0, 0.0, 0.0, 0.0, 0.0, 0.0, 0.0, 0.0, 0.0, 0.0, 0.0, 0.0, 0.0, 0.0, 0.0, 0.0, 0.0, 0.0, 0.0, 0.0, 0.0, 0.0, 0.0, 0.0, 0.0, 0.0, 0.0, 0.0, 0.0, 0.0, 0.0, 0.0, 0.0, 0.0, 0.0, 0.0, 0.0, 0.0, 0.0, 0.0, 0.0, 0.0, 0.0, 0.0, 0.0, 0.0, 0.0, 0.0, 0.0, 0.0, 0.0, 0.0, 0.0, 0.0, 0.0, 0.0, 0.0, 0.0, 0.0, 0.0, 0.0, 0.0, 0.0, 0.0, 0.0, 0.0, 0.0, 0.0, 0.0, 0.0, 0.0, 0.0, 0.0, 0.0, 0.0, 0.0, 0.0, 0.0, 0.0, 0.0, 0.0, 0.0, 0.0, 0.0, 0.0, 0.0, 0.0, 0.0, 0.0, 0.0, 0.0, 0.0, 0.0, 0.0, 0.0, 0.0, 0.0, 0.0, 0.0, 0.0, 0.0, 0.0, 0.0, 0.0, 0.0, 0.0, 0.0, 0.0, 0.0, 0.0, 0.0, 0.0, 0.0, 0.0, 0.0, 0.0, 0.0, 0.0, 0.0, 0.0, 0.0, 0.0, 0.0, 0.0, 0.0, 0.0, 0.0, 0.0, 0.0, 0.0, 0.0, 0.0, 0.0, 0.0, 0.0, 0.0, 0.0, 0.0, 0.0, 0.0, 0.0, 0.0, 0.0, 0.0, 0.0, 0.0, 0.0, 0.0, 0.0, 0.0, 0.0, 0.0, 0.0, 0.0, 0.0, 0.0, 0.0, 0.0, 0.0, 0.0, 0.0, 0.0, 0.0, 0.0, 0.0, 0.0, 0.0, 0.0, 0.0, 0.0, 0.0, 0.0, 0.0, 0.0, 0.0, 0.0, 0.0, 0.0, 0.0, 0.0, 0.0, 0.0, 0.0, 0.0, 0.0, 0.0, 0.0, 0.0, 0.0, 0.0, 0.0, 0.0, 0.0, 0.0, 0.0, 0.0, 0.0, 0.0, 0.0, 0.0, 0.0, 0.0, 0.0, 0.0, 0.0, 0.0, 0.0, 0.0, 0.0, 0.0, 0.0, 0.0, 0.0, 0.0, 0.0, 0.0, 0.0, 0.0, 0.0, 0.0, 0.0, 0.0, 0.0, 0.0, 0.0, 0.0, 0.0, 0.0, 0.0, 0.0, 0.0, 0.0, 0.0, 0.0, 0.0, 0.0, 0.0, 0.0, 0.0, 0.0, 0.0, 0.0, 0.0, 0.0, 0.0, 0.0, 0.0, 0.0, 0.0, 0.0, 0.0, 0.0]",0.5,0.5,0,"[33, 33, 33, 4, 0, 0, 0, 0, 0, 0, 0, 0, 0, 0, 0, 0, 0, 0, 0, 0, 0, 0, 0, 0, 0, 0, 0, 0, 0, 0, 0, 0, 0, 0, 0, 0, 0, 0, 0, 0, 0, 0, 0, 0, 0, 0, 0, 0, 0, 0, 0, 0, 0, 0, 0, 0, 0, 0, 0, 0, 0, 0, 0, 0, 0, 0, 0, 0, 0, 0, 0, 0, 0, 0, 0, 0, 0, 0, 0, 0, 0, 0, 0, 0, 0, 0, 0, 0, 0, 0, 0, 0, 0, 0, 0, 0, 0, 0, 0, 0, 0, 0, 0, 0, 0, 0, 0, 0, 0, 0, 0, 0, 0, 0, 0, 0, 0, 0, 0, 0, 0, 0, 0, 0, 0, 0, 0, 0, 0, 0, 0, 0, 0, 0, 0, 0, 0, 0, 0, 0, 0, 0, 0, 0, 0, 0, 0, 0, 0, 0, 0, 0, 0, 0, 0, 0, 0, 0, 0, 0, 0, 0, 0, 0, 0, 0, 0, 0, 0, 0, 0, 0, 0, 0, 0, 0, 0, 0, 0, 0, 0, 0, 0, 0, 0, 0, 0, 0, 0, 0, 0, 0, 0, 0, 0, 0, 0, 0, 0, 0, 0, 0, 0, 0, 0, 0, 0, 0, 0, 0, 0, 0, 0, 0, 0, 0, 0, 0, 0, 0, 0, 0, 0, 0, 0, 0, 0, 0, 0, 0, 0, 0, 0, 0, 0, 0, 0, 0, 0, 0, 0, 0, 0, 0, 0, 0, 0, 0, 0, 0, 0, 0, 0, 0, 0, 0, 0, 0, 0, 0, 0, 0, 0, 0, 0]",265,"[0.4134141802787781, 0.40466225147247314, 0.40037304162979126, 0.40866297483444214, 0.41311851143836975, 0.40938490629196167, 0.407228022813797, 0.410737007856369, 0.4131908416748047, 0.4084114730358124, 0.4074081778526306, 0.412627249956131, 0.4092535376548767, 0.41558578610420227, 0.41928336024284363, 0.4175088405609131, 0.41310492157936096, 0.40925276279449463, 0.4072301387786865, 0.4107556641101837, 0.4111313223838806, 0.41928085684776306, 0.4074908494949341, 0.4081950783729553, 0.40940406918525696, 0.41934898495674133, 0.4328993856906891, 0.4074101150035858, 0.4077681601047516, 0.4129713177680969, 0.4159368574619293, 0.4157313406467438, 0.4107011556625366, 0.4079745411872864, 0.40740516781806946, 0.42778679728507996, 0.4074319005012512, 0.414851576089859, 0.4109153747558594, 0.4091567099094391, 0.4081878662109375, 0.40805405378341675, 0.40815889835357666, 0.4090873599052429, 0.407431960105896, 0.4072270691394806, 0.40819472074508667, 0.41318461298942566, 0.41073647141456604, 0.4081088900566101, 0.4081038534641266, 0.4092385172843933, 0.4072270095348358, 0.4072309732437134, 0.40926820039749146, 0.40810370445251465, 0.42350655794143677, 0.4109154939651489, 0.4079506993293762, 0.4072284698486328, 0.41284558176994324, 0.4072268009185791, 0.41078078746795654, 0.40925806760787964, 0.41094455122947693, 0.4081709682941437, 0.40747392177581787, 0.40807047486305237, 0.4092975854873657, 0.41496238112449646, 0.409291535615921, 0.4072306752204895, 0.4074735939502716, 0.4092334508895874, 0.407227098941803, 0.41076698899269104, 0.4126547574996948, 0.4082198739051819, 0.4107365310192108, 0.41260477900505066, 0.40924790501594543, 0.41309669613838196, 0.40737923979759216, 0.41264665126800537, 0.40748244524002075, 0.4193062484264374, 0.4091377258300781, 0.40722665190696716, 0.407228022813797, 0.40925267338752747, 0.4074212610721588, 0.41319984197616577, 0.4175126254558563, 0.40747585892677307, 0.40723034739494324, 0.40739449858665466, 0.4131476581096649, 0.4092761278152466, 0.4093075096607208, 0.41594263911247253, 0.40808913111686707, 0.41541123390197754, 0.42323917150497437, 0.4131779074668884, 0.4192645251750946, 0.40817078948020935, 0.4080389440059662, 0.41275906562805176, 0.4148316979408264, 0.40808284282684326, 0.4094945788383484, 0.4155043363571167, 0.4080030918121338, 0.40740641951560974, 0.4081570506095886, 0.41075149178504944, 0.40934258699417114, 0.4081023037433624, 0.4109209477901459, 0.4092565178871155, 0.4131879508495331, 0.42740029096603394, 0.4074883759021759, 0.4075518548488617, 0.41319724917411804, 0.40722793340682983, 0.41094109416007996, 0.40912115573883057, 0.41053909063339233, 0.4126562774181366, 0.40933147072792053, 0.40747779607772827, 0.40740683674812317, 0.41740715503692627, 0.4326328933238983, 0.40742170810699463, 0.40747442841529846, 0.4072318971157074, 0.40748295187950134, 0.408163458108902, 0.4092831313610077, 0.4074331521987915, 0.4132022559642792, 0.4148309826850891, 0.4072269797325134, 0.4080614447593689, 0.4148394465446472, 0.41518470644950867, 0.4193291962146759, 0.40722671151161194, 0.4080713987350464, 0.40722915530204773, 0.40740966796875, 0.4081088602542877, 0.4109371304512024, 0.41089797019958496, 0.40743109583854675, 0.40742242336273193, 0.40806347131729126, 0.4107608497142792, 0.407228022813797, 0.4072272479534149, 0.4074234664440155, 0.4107744097709656, 0.4074328541755676, 0.4081023037433624, 0.407227098941803, 0.4093692898750305, 0.40927183628082275, 0.4091712534427643, 0.4187832772731781, 0.4307941496372223, 0.40756720304489136, 0.4079751968383789, 0.41097569465637207, 0.40735939145088196, 0.41074997186660767, 0.4126366376876831, 0.407532274723053, 0.41076767444610596, 0.41487547755241394, 0.407487690448761, 0.40815743803977966, 0.4072268605232239, 0.4074988067150116, 0.41491279006004333, 0.40809670090675354, 0.4126446843147278, 0.40923264622688293, 0.407227098941803, 0.4080631732940674, 0.4091976284980774, 0.4092799723148346, 0.41485923528671265, 0.41081592440605164, 0.40739357471466064, 0.4232993423938751, 0.41094574332237244, 0.41062605381011963, 0.4074263870716095, 0.4230128526687622, 0.4094177484512329, 0.4092292785644531, 0.40743133425712585, 0.41740715503692627, 0.410965234041214, 0.4090655446052551, 0.40815258026123047, 0.4108145236968994, 0.4236905574798584, 0.4092472195625305, 0.4107365310192108, 0.40817055106163025, 0.40926864743232727, 0.4129788279533386, 0.40928810834884644, 0.40807533264160156, 0.40932923555374146, 0.41074249148368835, 0.4074796438217163, 0.40739426016807556, 0.4081776440143585, 0.41082799434661865, 0.4075149595737457, 0.4083254337310791, 0.4080888628959656, 0.4072269797325134, 0.40739142894744873, 0.408212810754776, 0.4093434810638428, 0.40749138593673706, 0.4074752926826477, 0.40926307439804077, 0.4081040918827057, 0.40821608901023865, 0.4126320779323578, 0.41569387912750244, 0.41316986083984375, 0.4081524908542633, 0.40924766659736633, 0.4189634621143341, 0.40722671151161194, 0.42258918285369873, 0.40916022658348083, 0.41562560200691223, 0.40747272968292236, 0.409506231546402, 0.40748101472854614, 0.40935584902763367, 0.40817466378211975, 0.4091552793979645, 0.41933074593544006, 0.408179372549057, 0.4080853760242462, 0.41076332330703735, 0.40811240673065186, 0.4148416519165039, 0.4081054627895355, 0.4080479145050049, 0.40722668170928955, 0.41100242733955383, 0.40809956192970276, 0.40722912549972534, 0.41593536734580994, 0.40747305750846863]",0.0,"[33.0, 33.0, 33.0, 4.0, 0.0, 0.0, 0.0, 0.0, 0.0, 0.0, 0.0, 0.0, 0.0, 0.0, 0.0, 0.0, 0.0, 0.0, 0.0, 0.0, 0.0, 0.0, 0.0, 0.0, 0.0, 0.0, 0.0, 0.0, 0.0, 0.0, 0.0, 0.0, 0.0, 0.0, 0.0, 0.0, 0.0, 0.0, 0.0, 0.0, 0.0, 0.0, 0.0, 0.0, 0.0, 0.0, 0.0, 0.0, 0.0, 0.0, 0.0, 0.0, 0.0, 0.0, 0.0, 0.0, 0.0, 0.0, 0.0, 0.0, 0.0, 0.0, 0.0, 0.0, 0.0, 0.0, 0.0, 0.0, 0.0, 0.0, 0.0, 0.0, 0.0, 0.0, 0.0, 0.0, 0.0, 0.0, 0.0, 0.0, 0.0, 0.0, 0.0, 0.0, 0.0, 0.0, 0.0, 0.0, 0.0, 0.0, 0.0, 0.0, 0.0, 0.0, 0.0, 0.0, 0.0, 0.0, 0.0, 0.0, 0.0, 0.0, 0.0, 0.0, 0.0, 0.0, 0.0, 0.0, 0.0, 0.0, 0.0, 0.0, 0.0, 0.0, 0.0, 0.0, 0.0, 0.0, 0.0, 0.0, 0.0, 0.0, 0.0, 0.0, 0.0, 0.0, 0.0, 0.0, 0.0, 0.0, 0.0, 0.0, 0.0, 0.0, 0.0, 0.0, 0.0, 0.0, 0.0, 0.0, 0.0, 0.0, 0.0, 0.0, 0.0, 0.0, 0.0, 0.0, 0.0, 0.0, 0.0, 0.0, 0.0, 0.0, 0.0, 0.0, 0.0, 0.0, 0.0, 0.0, 0.0, 0.0, 0.0, 0.0, 0.0, 0.0, 0.0, 0.0, 0.0, 0.0, 0.0, 0.0, 0.0, 0.0, 0.0, 0.0, 0.0, 0.0, 0.0, 0.0, 0.0, 0.0, 0.0, 0.0, 0.0, 0.0, 0.0, 0.0, 0.0, 0.0, 0.0, 0.0, 0.0, 0.0, 0.0, 0.0, 0.0, 0.0, 0.0, 0.0, 0.0, 0.0, 0.0, 0.0, 0.0, 0.0, 0.0, 0.0, 0.0, 0.0, 0.0, 0.0, 0.0, 0.0, 0.0, 0.0, 0.0, 0.0, 0.0, 0.0, 0.0, 0.0, 0.0, 0.0, 0.0, 0.0, 0.0, 0.0, 0.0, 0.0, 0.0, 0.0, 0.0, 0.0, 0.0, 0.0, 0.0, 0.0, 0.0, 0.0, 0.0, 0.0, 0.0, 0.0, 0.0, 0.0, 0.0, 0.0, 0.0, 0.0, 0.0, 0.0, 0.0, 0.0, 0.0, 0.0, 0.0, 0.0, 0.0, 0.0, 0.0, 0.0, 0.0, 0.0, 0.0]",COMPLETE
