,number,value,datetime_start,datetime_complete,duration,params_batch_size_scaler,params_constant_learning_rate,params_depth,params_epochs,params_kernel_l2,params_num_trees,params_temperature,user_attrs_accuracy_test,user_attrs_accuracy_valid,user_attrs_approximate_feature_sparsity,user_attrs_approximate_feature_sparsity_history,user_attrs_approximate_weight_sparsity,user_attrs_approximate_weight_sparsity_history,user_attrs_auc_test,user_attrs_auc_valid,user_attrs_feature_sparsity,user_attrs_feature_sparsity_history,user_attrs_num_epochs,user_attrs_val_loss_history,user_attrs_weight_sparsity,user_attrs_weight_sparsity_history,state
29,29,0.8840154062165887,2024-08-31 01:43:51.530991,2024-08-31 01:49:21.492587,0 days 00:05:29.961596,1,0.13204583641280201,4,375,0.5722324514663125,33,0.030409375180252742,0.924,0.92,7,"[33, 33, 33, 33, 33, 33, 26, 20, 16, 15, 14, 13, 13, 13, 12, 12, 11, 11, 10, 9, 9, 9, 8, 8, 8, 8, 8, 8, 8, 8, 8, 8, 8, 8, 8, 8, 8, 8, 8, 8, 8, 8, 8, 8, 8, 8, 8, 8, 8, 8, 8, 8, 7, 7, 7, 7, 7, 7, 7, 7, 7, 7, 7, 7, 7, 7, 7, 7, 7, 7, 7, 7, 7, 7, 7, 7, 7, 7, 7, 7, 7, 7, 7, 7, 7, 7, 7, 7, 7, 7, 7, 7, 7, 7, 7, 7, 7, 7, 7, 7, 7, 7, 7, 7, 7, 7, 7, 7, 7, 7, 7, 7, 7, 7, 7, 7, 7, 7, 7, 7, 7, 7, 7, 7, 7, 7, 7, 7, 7, 7, 7, 7, 7, 7, 7, 7, 7, 7, 7, 7, 7, 7, 7, 7, 7, 7, 7, 7, 7, 7, 7, 7, 7, 7, 7, 7, 7, 7, 7, 7, 7, 7, 7, 7, 7, 7, 7, 7, 7, 7, 7, 7, 7, 7, 7, 7, 7, 7, 7, 7, 7, 7, 7, 7, 7, 7, 7, 7, 7, 7, 7, 7, 7, 7, 7, 7, 7, 7, 7, 7, 7, 7, 7, 7, 7, 7, 7, 7, 7, 7, 7, 7, 7, 7, 7, 7, 7, 7, 7, 7, 7, 7, 7, 7, 7, 7, 7, 7, 7, 7, 7, 7, 7, 7, 7, 7, 7, 7, 7, 7, 7, 7, 7, 7, 7, 7, 7, 7, 7, 7, 7, 7, 7, 7, 7, 7, 7, 7, 7, 7, 7, 7, 7, 7, 7, 7, 7, 7, 7, 7, 7, 7, 7, 7, 7, 7, 7, 7, 7, 7, 7, 7, 7, 7, 7, 7, 7, 7, 7, 7, 7, 7, 7, 7, 7, 7, 7, 7, 7, 7, 7, 7, 7, 7, 7, 7, 7, 7, 7, 7, 7, 7, 7, 7, 7, 7, 7, 7, 7, 7, 7, 7, 7, 7, 7, 7, 7, 7, 7, 7, 7, 7, 7, 7, 7, 7, 7, 7, 7, 7, 7, 7, 7, 7, 7, 7, 7, 7, 7, 7, 7, 7, 7, 7, 7, 7, 7, 7, 7, 7, 7, 7, 7, 7, 7, 7, 7, 7, 7, 7, 7, 7, 7, 7, 7]",6.8989898989899,"[32.96161616161616, 32.95757575757575, 32.951515151515146, 32.965656565656566, 32.95555555555555, 32.94949494949495, 25.967676767676767, 19.967676767676767, 15.973737373737375, 14.979797979797981, 13.98181818181818, 12.975757575757575, 12.987878787878786, 12.98181818181818, 11.995959595959595, 11.981818181818182, 10.975757575757576, 10.987878787878788, 9.975757575757576, 8.98989898989899, 8.987878787878788, 8.987878787878788, 7.991919191919192, 7.973737373737373, 7.98989898989899, 7.993939393939394, 7.981818181818182, 7.981818181818182, 7.987878787878788, 7.983838383838384, 7.975757575757575, 7.98989898989899, 7.975757575757576, 7.9676767676767675, 7.9676767676767675, 7.973737373737374, 7.961616161616162, 7.955555555555556, 7.975757575757576, 7.9676767676767675, 7.959595959595959, 7.963636363636363, 7.977777777777778, 7.965656565656566, 7.971717171717172, 7.963636363636363, 7.961616161616162, 7.959595959595959, 7.957575757575757, 7.951515151515151, 7.9676767676767675, 7.957575757575758, 6.9595959595959584, 6.961616161616162, 6.9676767676767675, 6.9535353535353535, 6.949494949494949, 6.9676767676767675, 6.947474747474747, 6.95959595959596, 6.955555555555555, 6.945454545454545, 6.953535353535354, 6.963636363636364, 6.965656565656566, 6.9676767676767675, 6.965656565656565, 6.9393939393939394, 6.935353535353535, 6.955555555555555, 6.937373737373737, 6.949494949494949, 6.941414141414141, 6.931313131313131, 6.941414141414141, 6.929292929292929, 6.921212121212122, 6.9252525252525245, 6.921212121212122, 6.917171717171717, 6.917171717171717, 6.911111111111111, 6.917171717171717, 6.921212121212121, 6.933333333333334, 6.929292929292929, 6.9252525252525245, 6.9393939393939394, 6.937373737373738, 6.935353535353535, 6.9252525252525245, 6.913131313131313, 6.913131313131313, 6.913131313131313, 6.901010101010101, 6.8828282828282825, 6.915151515151515, 6.9050505050505055, 6.888888888888888, 6.901010101010101, 6.903030303030303, 6.907070707070707, 6.901010101010101, 6.882828282828283, 6.901010101010101, 6.913131313131313, 6.921212121212121, 6.892929292929293, 6.909090909090909, 6.929292929292929, 6.905050505050505, 6.91919191919192, 6.911111111111111, 6.903030303030302, 6.9050505050505055, 6.93131313131313, 6.890909090909091, 6.917171717171717, 6.903030303030303, 6.921212121212121, 6.925252525252525, 6.927272727272727, 6.929292929292929, 6.921212121212122, 6.913131313131313, 6.921212121212121, 6.935353535353536, 6.913131313131314, 6.927272727272728, 6.923232323232323, 6.913131313131313, 6.921212121212122, 6.923232323232322, 6.915151515151515, 6.903030303030303, 6.929292929292929, 6.901010101010101, 6.921212121212121, 6.923232323232323, 6.927272727272727, 6.945454545454545, 6.94949494949495, 6.9252525252525245, 6.909090909090908, 6.933333333333334, 6.931313131313132, 6.9393939393939394, 6.919191919191919, 6.943434343434344, 6.929292929292929, 6.947474747474747, 6.929292929292929, 6.913131313131313, 6.9393939393939394, 6.921212121212122, 6.937373737373737, 6.921212121212122, 6.941414141414141, 6.937373737373738, 6.93131313131313, 6.929292929292929, 6.935353535353536, 6.9393939393939394, 6.943434343434344, 6.943434343434344, 6.927272727272728, 6.943434343434344, 6.937373737373737, 6.947474747474747, 6.927272727272728, 6.943434343434343, 6.9393939393939394, 6.929292929292929, 6.93939393939394, 6.943434343434344, 6.9393939393939394, 6.933333333333334, 6.9393939393939394, 6.935353535353535, 6.94949494949495, 6.945454545454545, 6.937373737373736, 6.945454545454545, 6.945454545454545, 6.9393939393939394, 6.931313131313131, 6.943434343434342, 6.9393939393939394, 6.943434343434342, 6.9393939393939394, 6.951515151515152, 6.9393939393939394, 6.929292929292929, 6.935353535353535, 6.935353535353535, 6.941414141414141, 6.931313131313131, 6.927272727272727, 6.91919191919192, 6.935353535353535, 6.935353535353535, 6.949494949494949, 6.927272727272728, 6.925252525252525, 6.937373737373737, 6.93131313131313, 6.937373737373737, 6.917171717171717, 6.925252525252526, 6.93131313131313, 6.947474747474747, 6.947474747474747, 6.927272727272727, 6.935353535353535, 6.927272727272728, 6.935353535353535, 6.935353535353535, 6.943434343434344, 6.929292929292929, 6.935353535353535, 6.9474747474747485, 6.931313131313132, 6.931313131313131, 6.9393939393939394, 6.951515151515151, 6.935353535353535, 6.943434343434343, 6.929292929292929, 6.941414141414141, 6.9393939393939394, 6.9393939393939394, 6.935353535353535, 6.943434343434343, 6.9252525252525245, 6.943434343434343, 6.943434343434344, 6.9393939393939394, 6.941414141414141, 6.941414141414141, 6.933333333333334, 6.935353535353535, 6.941414141414142, 6.937373737373736, 6.9393939393939394, 6.933333333333334, 6.931313131313132, 6.931313131313131, 6.917171717171717, 6.941414141414141, 6.907070707070707, 6.917171717171717, 6.935353535353535, 6.935353535353535, 6.937373737373737, 6.937373737373737, 6.925252525252526, 6.9393939393939394, 6.927272727272728, 6.93131313131313, 6.941414141414141, 6.935353535353535, 6.941414141414141, 6.935353535353535, 6.919191919191919, 6.935353535353535, 6.9393939393939394, 6.935353535353535, 6.898989898989899, 6.935353535353535, 6.927272727272727, 6.943434343434344, 6.929292929292929, 6.915151515151515, 6.927272727272727, 6.943434343434343, 6.915151515151515, 6.933333333333334, 6.935353535353535, 6.933333333333334, 6.937373737373736, 6.919191919191919, 6.9393939393939394, 6.927272727272728, 6.931313131313131, 6.941414141414142, 6.933333333333334, 6.931313131313132, 6.911111111111111, 6.929292929292929, 6.923232323232323, 6.941414141414141, 6.935353535353535, 6.9252525252525245, 6.941414141414141, 6.935353535353535, 6.92121212121212, 6.913131313131313, 6.929292929292929, 6.8969696969696965, 6.927272727272727, 6.905050505050505, 6.929292929292929, 6.913131313131313, 6.937373737373737, 6.921212121212121, 6.929292929292929, 6.935353535353535, 6.911111111111111, 6.9252525252525245, 6.923232323232323, 6.9111111111111105, 6.937373737373738, 6.925252525252525, 6.933333333333333, 6.921212121212121, 6.93131313131313, 6.9393939393939394, 6.941414141414141, 6.935353535353535, 6.927272727272727, 6.919191919191919, 6.913131313131313, 6.927272727272728, 6.933333333333334, 6.872727272727273, 6.925252525252525, 6.923232323232323, 6.915151515151515, 6.9393939393939394, 6.923232323232323, 6.931313131313131, 6.941414141414141, 6.931313131313131, 6.9393939393939394, 6.9252525252525245, 6.915151515151514, 6.917171717171717, 6.927272727272728, 6.929292929292929, 6.8686868686868685, 6.937373737373738, 6.917171717171717, 6.90909090909091, 6.929292929292929, 6.917171717171717, 6.931313131313132, 6.925252525252525, 6.907070707070707, 6.93131313131313, 6.945454545454545, 6.921212121212122, 6.9252525252525245, 6.933333333333334, 6.925252525252525, 6.923232323232323, 6.919191919191919, 6.9252525252525245, 6.923232323232323, 6.921212121212122, 6.917171717171717, 6.929292929292929, 6.9050505050505055, 6.903030303030302, 6.919191919191919, 6.927272727272728, 6.933333333333334, 6.917171717171717, 6.903030303030303, 6.917171717171717, 6.901010101010101, 6.933333333333334, 6.909090909090909, 6.888888888888889, 6.927272727272728, 6.8989898989899]",0.8829580825469167,0.8840154062165887,7,"[33, 33, 33, 33, 33, 33, 26, 20, 16, 15, 14, 13, 13, 13, 12, 12, 11, 11, 10, 9, 9, 9, 8, 8, 8, 8, 8, 8, 8, 8, 8, 8, 8, 8, 8, 8, 8, 8, 8, 8, 8, 8, 8, 8, 8, 8, 8, 8, 8, 8, 8, 8, 7, 7, 7, 7, 7, 7, 7, 7, 7, 7, 7, 7, 7, 7, 7, 7, 7, 7, 7, 7, 7, 7, 7, 7, 7, 7, 7, 7, 7, 7, 7, 7, 7, 7, 7, 7, 7, 7, 7, 7, 7, 7, 7, 7, 7, 7, 7, 7, 7, 7, 7, 7, 7, 7, 7, 7, 7, 7, 7, 7, 7, 7, 7, 7, 7, 7, 7, 7, 7, 7, 7, 7, 7, 7, 7, 7, 7, 7, 7, 7, 7, 7, 7, 7, 7, 7, 7, 7, 7, 7, 7, 7, 7, 7, 7, 7, 7, 7, 7, 7, 7, 7, 7, 7, 7, 7, 7, 7, 7, 7, 7, 7, 7, 7, 7, 7, 7, 7, 7, 7, 7, 7, 7, 7, 7, 7, 7, 7, 7, 7, 7, 7, 7, 7, 7, 7, 7, 7, 7, 7, 7, 7, 7, 7, 7, 7, 7, 7, 7, 7, 7, 7, 7, 7, 7, 7, 7, 7, 7, 7, 7, 7, 7, 7, 7, 7, 7, 7, 7, 7, 7, 7, 7, 7, 7, 7, 7, 7, 7, 7, 7, 7, 7, 7, 7, 7, 7, 7, 7, 7, 7, 7, 7, 7, 7, 7, 7, 7, 7, 7, 7, 7, 7, 7, 7, 7, 7, 7, 7, 7, 7, 7, 7, 7, 7, 7, 7, 7, 7, 7, 7, 7, 7, 7, 7, 7, 7, 7, 7, 7, 7, 7, 7, 7, 7, 7, 7, 7, 7, 7, 7, 7, 7, 7, 7, 7, 7, 7, 7, 7, 7, 7, 7, 7, 7, 7, 7, 7, 7, 7, 7, 7, 7, 7, 7, 7, 7, 7, 7, 7, 7, 7, 7, 7, 7, 7, 7, 7, 7, 7, 7, 7, 7, 7, 7, 7, 7, 7, 7, 7, 7, 7, 7, 7, 7, 7, 7, 7, 7, 7, 7, 7, 7, 7, 7, 7, 7, 7, 7, 7, 7, 7, 7, 7, 7, 7, 7, 7, 7, 7, 7, 7, 7]",375,"[0.4335523843765259, 0.419852077960968, 0.4023929238319397, 0.39336803555488586, 0.3809559941291809, 0.3670589029788971, 0.34861862659454346, 0.3319148123264313, 0.31755226850509644, 0.30968645215034485, 0.3026351034641266, 0.2985546290874481, 0.29404109716415405, 0.29009032249450684, 0.28931206464767456, 0.2876047194004059, 0.28867167234420776, 0.2848658859729767, 0.2850581109523773, 0.2863444685935974, 0.2820267379283905, 0.2793010473251343, 0.28440532088279724, 0.2771413326263428, 0.2751399278640747, 0.2735150456428528, 0.27186888456344604, 0.27187636494636536, 0.26955270767211914, 0.2688339054584503, 0.2680276036262512, 0.2663836181163788, 0.26599621772766113, 0.2653443217277527, 0.2710339426994324, 0.26197904348373413, 0.2638327479362488, 0.2620716989040375, 0.2599959671497345, 0.2621690630912781, 0.2605750560760498, 0.25704774260520935, 0.2596975862979889, 0.259744793176651, 0.25799494981765747, 0.25773993134498596, 0.263446182012558, 0.2575923204421997, 0.25483477115631104, 0.2567504644393921, 0.2571912109851837, 0.25899481773376465, 0.25416678190231323, 0.2562791407108307, 0.25135233998298645, 0.25818556547164917, 0.2530261278152466, 0.25152066349983215, 0.2541104257106781, 0.2506498396396637, 0.2491672933101654, 0.2557571828365326, 0.253186970949173, 0.25013014674186707, 0.24759714305400848, 0.24741698801517487, 0.25080642104148865, 0.2531414330005646, 0.24916215240955353, 0.25167185068130493, 0.2482774406671524, 0.24961718916893005, 0.24510623514652252, 0.24688896536827087, 0.25008007884025574, 0.24570971727371216, 0.2459239512681961, 0.24695056676864624, 0.24789680540561676, 0.24951310455799103, 0.2519763112068176, 0.24651895463466644, 0.2506856918334961, 0.24862316250801086, 0.2496008276939392, 0.24715213477611542, 0.24368247389793396, 0.2445225864648819, 0.24548767507076263, 0.24244773387908936, 0.24923104047775269, 0.2460349202156067, 0.2466115802526474, 0.24936899542808533, 0.2466016262769699, 0.250934898853302, 0.2521675229072571, 0.2441214919090271, 0.24977411329746246, 0.24310821294784546, 0.2452383190393448, 0.2467261254787445, 0.23819991946220398, 0.2492181807756424, 0.23918873071670532, 0.23833198845386505, 0.24111562967300415, 0.25022080540657043, 0.25093090534210205, 0.24272632598876953, 0.2422625571489334, 0.24236789345741272, 0.24785538017749786, 0.2370406687259674, 0.24160556495189667, 0.25006598234176636, 0.2395404875278473, 0.24266085028648376, 0.2425685077905655, 0.24257038533687592, 0.23971937596797943, 0.24290522933006287, 0.23787452280521393, 0.23538976907730103, 0.2378416210412979, 0.2346365600824356, 0.23773017525672913, 0.2420588880777359, 0.24050740897655487, 0.2418225258588791, 0.24341067671775818, 0.23608359694480896, 0.24097388982772827, 0.25236597657203674, 0.23972700536251068, 0.2426985502243042, 0.2488928735256195, 0.23460879921913147, 0.23634284734725952, 0.23631136119365692, 0.23705804347991943, 0.24086891114711761, 0.23550058901309967, 0.2450573742389679, 0.24027743935585022, 0.23860527575016022, 0.2341962605714798, 0.24634048342704773, 0.2357751429080963, 0.24781708419322968, 0.23838770389556885, 0.2322794497013092, 0.24539020657539368, 0.24156513810157776, 0.24663333594799042, 0.24844461679458618, 0.23641586303710938, 0.23940326273441315, 0.24456804990768433, 0.24507646262645721, 0.24043132364749908, 0.23513342440128326, 0.23824305832386017, 0.23086053133010864, 0.23714549839496613, 0.25112906098365784, 0.23258714377880096, 0.2381087839603424, 0.2441432774066925, 0.23769059777259827, 0.2362234741449356, 0.23815755546092987, 0.24126607179641724, 0.23478631675243378, 0.24428367614746094, 0.23607423901557922, 0.22807125747203827, 0.23779501020908356, 0.23821578919887543, 0.23092861473560333, 0.2463894635438919, 0.23484331369400024, 0.23028196394443512, 0.23392324149608612, 0.23590777814388275, 0.2390325963497162, 0.2404874563217163, 0.23407047986984253, 0.22987064719200134, 0.24916385114192963, 0.23411424458026886, 0.23921488225460052, 0.23406390845775604, 0.22986924648284912, 0.23549672961235046, 0.23173066973686218, 0.2376011312007904, 0.25060325860977173, 0.24741964042186737, 0.23038171231746674, 0.23636871576309204, 0.2562839388847351, 0.22994999587535858, 0.23858648538589478, 0.2330731600522995, 0.24076823890209198, 0.23306861519813538, 0.2360392063856125, 0.230216845870018, 0.23628459870815277, 0.23148733377456665, 0.23317863047122955, 0.24084025621414185, 0.24363763630390167, 0.2529780864715576, 0.24457378685474396, 0.23412083089351654, 0.23868511617183685, 0.24220724403858185, 0.23491071164608002, 0.2282772958278656, 0.24059996008872986, 0.23646456003189087, 0.23259010910987854, 0.22976641356945038, 0.2363562434911728, 0.23661209642887115, 0.23641926050186157, 0.22989195585250854, 0.2245640605688095, 0.23541511595249176, 0.23519624769687653, 0.23745140433311462, 0.2379300892353058, 0.2306886911392212, 0.2316754162311554, 0.22824159264564514, 0.2336495965719223, 0.22680528461933136, 0.23532283306121826, 0.2294037640094757, 0.228042870759964, 0.23305246233940125, 0.22728441655635834, 0.23478426039218903, 0.2333982288837433, 0.2423114776611328, 0.24061939120292664, 0.2466105967760086, 0.2617214024066925, 0.2373126596212387, 0.22987815737724304, 0.24101361632347107, 0.23277650773525238, 0.2356364130973816, 0.23569439351558685, 0.24462324380874634, 0.24160152673721313, 0.22900304198265076, 0.22750039398670197, 0.23350751399993896, 0.2342546582221985, 0.2337234616279602, 0.2357618361711502, 0.227558895945549, 0.23164035379886627, 0.22844204306602478, 0.24931222200393677, 0.23599229753017426, 0.23285788297653198, 0.23985515534877777, 0.23909378051757812, 0.23661267757415771, 0.23215429484844208, 0.2305786907672882, 0.23404346406459808, 0.23918280005455017, 0.23490414023399353, 0.22904224693775177, 0.23542633652687073, 0.22744382917881012, 0.2356192022562027, 0.22722937166690826, 0.2273695021867752, 0.2308017909526825, 0.24698473513126373, 0.23415717482566833, 0.23438462615013123, 0.23781628906726837, 0.25271186232566833, 0.23534522950649261, 0.2358970195055008, 0.22495964169502258, 0.23765157163143158, 0.22893959283828735, 0.22607767581939697, 0.23131698369979858, 0.23776687681674957, 0.24255268275737762, 0.2300150990486145, 0.24839884042739868, 0.23624056577682495, 0.2585504651069641, 0.22909711301326752, 0.23682478070259094, 0.22825662791728973, 0.23315966129302979, 0.23986965417861938, 0.23405086994171143, 0.22942966222763062, 0.24077004194259644, 0.2252444475889206, 0.22812767326831818, 0.23336146771907806, 0.24246449768543243, 0.2437332719564438, 0.2320704609155655, 0.2309991866350174, 0.23704840242862701, 0.22889430820941925, 0.2353767603635788, 0.2508491575717926, 0.23108214139938354, 0.22330023348331451, 0.26677122712135315, 0.24745872616767883, 0.24721017479896545, 0.24416977167129517, 0.22832433879375458, 0.22774428129196167, 0.23753125965595245, 0.23254810273647308, 0.22405412793159485, 0.23284375667572021, 0.22706955671310425, 0.23058132827281952, 0.2383139580488205, 0.22508512437343597, 0.22416791319847107, 0.2456446886062622, 0.22411440312862396, 0.23637312650680542, 0.22943347692489624, 0.23015205562114716, 0.23637337982654572, 0.2373308688402176, 0.23349347710609436, 0.23799648880958557, 0.22785581648349762, 0.2453603744506836, 0.2273387312889099, 0.22590485215187073, 0.23049241304397583, 0.23163336515426636, 0.22830051183700562, 0.23223629593849182, 0.22442573308944702, 0.2275095134973526, 0.2283492088317871, 0.22478586435317993, 0.2223142683506012, 0.22992801666259766, 0.2590833902359009, 0.23070970177650452, 0.2238551676273346, 0.22606037557125092, 0.23424167931079865, 0.23573465645313263, 0.23070746660232544, 0.23042112588882446, 0.2341068834066391, 0.23664548993110657, 0.2340761125087738, 0.2270783632993698, 0.23649510741233826]",7.0,"[33.0, 33.0, 33.0, 33.0, 33.0, 33.0, 26.0, 20.0, 16.0, 15.0, 14.0, 13.0, 13.0, 13.0, 12.0, 12.0, 11.0, 11.0, 10.0, 9.0, 9.0, 9.0, 8.0, 8.0, 8.0, 8.0, 8.0, 8.0, 8.0, 8.0, 8.0, 8.0, 8.0, 8.0, 8.0, 8.0, 8.0, 8.0, 8.0, 8.0, 8.0, 8.0, 8.0, 8.0, 8.0, 8.0, 8.0, 8.0, 8.0, 8.0, 8.0, 8.0, 7.0, 7.0, 7.0, 7.0, 7.0, 7.0, 7.0, 7.0, 7.0, 7.0, 7.0, 7.0, 7.0, 7.0, 7.0, 7.0, 7.0, 7.0, 7.0, 7.0, 7.0, 7.0, 7.0, 7.0, 7.0, 7.0, 7.0, 7.0, 7.0, 7.0, 7.0, 7.0, 7.0, 7.0, 7.0, 7.0, 7.0, 7.0, 7.0, 7.0, 7.0, 7.0, 7.0, 7.0, 7.0, 7.0, 7.0, 7.0, 7.0, 7.0, 7.0, 7.0, 7.0, 7.0, 7.0, 7.0, 7.0, 7.0, 7.0, 7.0, 7.0, 7.0, 7.0, 7.0, 7.0, 7.0, 7.0, 7.0, 7.0, 7.0, 7.0, 7.0, 7.0, 7.0, 7.0, 7.0, 7.0, 7.0, 7.0, 7.0, 7.0, 7.0, 7.0, 7.0, 7.0, 7.0, 7.0, 7.0, 7.0, 7.0, 7.0, 7.0, 7.0, 7.0, 7.0, 7.0, 7.0, 7.0, 7.0, 7.0, 7.0, 7.0, 7.0, 7.0, 7.0, 7.0, 7.0, 7.0, 7.0, 7.0, 7.0, 7.0, 7.0, 7.0, 7.0, 7.0, 7.0, 7.0, 7.0, 7.0, 7.0, 7.0, 7.0, 7.0, 7.0, 7.0, 7.0, 7.0, 7.0, 7.0, 7.0, 7.0, 7.0, 7.0, 7.0, 7.0, 7.0, 7.0, 7.0, 7.0, 7.0, 7.0, 7.0, 7.0, 7.0, 7.0, 7.0, 7.0, 7.0, 7.0, 7.0, 7.0, 7.0, 7.0, 7.0, 7.0, 7.0, 7.0, 7.0, 7.0, 7.0, 7.0, 7.0, 7.0, 7.0, 7.0, 7.0, 7.0, 7.0, 7.0, 7.0, 7.0, 7.0, 7.0, 7.0, 7.0, 7.0, 7.0, 7.0, 7.0, 7.0, 7.0, 7.0, 7.0, 7.0, 7.0, 7.0, 7.0, 7.0, 7.0, 7.0, 7.0, 7.0, 7.0, 7.0, 7.0, 7.0, 7.0, 7.0, 7.0, 7.0, 7.0, 7.0, 7.0, 7.0, 7.0, 7.0, 7.0, 7.0, 7.0, 7.0, 7.0, 7.0, 7.0, 7.0, 7.0, 7.0, 7.0, 7.0, 7.0, 7.0, 7.0, 7.0, 7.0, 7.0, 7.0, 7.0, 7.0, 7.0, 7.0, 7.0, 7.0, 7.0, 7.0, 7.0, 7.0, 7.0, 7.0, 7.0, 7.0, 7.0, 7.0, 7.0, 7.0, 7.0, 7.0, 7.0, 7.0, 7.0, 7.0, 7.0, 7.0, 7.0, 7.0, 7.0, 7.0, 7.0, 7.0, 7.0, 7.0, 7.0, 7.0, 7.0, 7.0, 7.0, 7.0, 7.0, 7.0, 7.0, 7.0, 7.0, 7.0, 7.0, 7.0, 7.0, 7.0, 7.0, 7.0, 7.0, 7.0, 7.0, 7.0, 7.0, 7.0, 7.0, 7.0, 7.0, 7.0, 7.0, 7.0, 7.0, 7.0, 7.0, 7.0, 7.0, 7.0, 7.0, 7.0, 7.0, 7.0, 7.0, 7.0, 7.0, 7.0, 7.0, 7.0, 7.0, 7.0, 7.0, 7.0, 7.0, 7.0, 7.0, 7.0, 7.0, 7.0, 7.0, 7.0, 7.0, 7.0, 7.0, 7.0, 7.0]",COMPLETE
