,number,value,datetime_start,datetime_complete,duration,params_batch_size_scaler,params_constant_learning_rate,params_depth,params_epochs,params_kernel_l2,params_num_trees,params_temperature,user_attrs_accuracy_test,user_attrs_accuracy_valid,user_attrs_approximate_feature_sparsity,user_attrs_approximate_feature_sparsity_history,user_attrs_approximate_weight_sparsity,user_attrs_approximate_weight_sparsity_history,user_attrs_auc_test,user_attrs_auc_valid,user_attrs_feature_sparsity,user_attrs_feature_sparsity_history,user_attrs_num_epochs,user_attrs_val_loss_history,user_attrs_weight_sparsity,user_attrs_weight_sparsity_history,state
41,41,0.8953382025221883,2024-08-31 02:22:13.256478,2024-08-31 02:22:51.770763,0 days 00:00:38.514285,16,0.1638546339313213,3,270,0.664983206237294,62,0.0014493709373424933,0.9,0.89625,7,"[33, 33, 33, 33, 33, 33, 33, 33, 33, 33, 33, 33, 33, 33, 33, 33, 33, 33, 33, 33, 33, 33, 33, 33, 33, 33, 33, 33, 33, 33, 33, 33, 33, 33, 33, 33, 33, 33, 33, 33, 33, 33, 33, 33, 33, 33, 33, 33, 33, 33, 33, 33, 33, 33, 33, 33, 33, 33, 33, 33, 33, 33, 33, 33, 33, 33, 32, 31, 28, 25, 24, 23, 23, 22, 19, 18, 18, 17, 14, 14, 14, 14, 14, 14, 13, 13, 13, 13, 13, 13, 13, 13, 13, 12, 12, 12, 12, 12, 12, 12, 12, 12, 11, 11, 11, 10, 10, 10, 10, 9, 9, 9, 9, 9, 9, 9, 9, 9, 9, 9, 9, 9, 9, 9, 9, 9, 9, 9, 9, 9, 9, 9, 8, 8, 8, 8, 8, 8, 8, 8, 8, 8, 8, 8, 8, 8, 8, 8, 8, 8, 8, 8, 8, 8, 8, 7, 7, 7, 7, 7, 7, 7, 7, 7, 7, 7, 7, 7, 7, 7, 7, 7, 7, 7, 7, 7, 7, 7, 7, 7, 7, 7, 7, 7, 7, 7, 7, 7, 7, 7, 7, 7, 7, 7, 7, 7, 7, 7, 7, 7, 7, 7, 7, 7, 7, 7, 7, 7, 7, 7, 7, 7, 7, 7, 7, 7, 7, 7, 7, 7, 7, 7, 7, 7, 7, 7, 7, 7, 7, 7, 7, 7, 7, 7, 7, 7, 7, 7, 7, 7, 7, 7, 7, 7, 7, 7, 7, 7, 7, 7, 7, 7, 7, 7, 7, 7, 7, 7, 7, 7, 7, 7, 7, 7, 7, 7, 7, 7, 7, 7]",6.983870967741936,"[32.97235023041475, 32.97695852534562, 32.96774193548387, 32.963133640552996, 32.96082949308756, 32.963133640552996, 32.94930875576037, 32.94930875576037, 32.963133640552996, 32.965437788018434, 32.963133640552996, 32.974654377880185, 32.96774193548387, 32.974654377880185, 32.96774193548387, 32.96774193548387, 32.96774193548387, 32.963133640552996, 32.965437788018434, 32.965437788018434, 32.95852534562212, 32.95622119815668, 32.965437788018434, 32.96774193548387, 32.96082949308756, 32.95852534562212, 32.97235023041475, 32.95161290322581, 32.95622119815668, 32.963133640552996, 32.96082949308756, 32.96774193548387, 32.95852534562212, 32.95852534562212, 32.965437788018434, 32.95622119815668, 32.94700460829493, 32.94700460829493, 32.953917050691246, 32.953917050691246, 32.96774193548387, 32.95622119815668, 32.953917050691246, 32.97004608294931, 32.96082949308756, 32.97235023041475, 32.97004608294931, 32.953917050691246, 32.96082949308756, 32.95161290322581, 32.95852534562212, 32.97695852534562, 32.96082949308756, 32.963133640552996, 32.96082949308756, 32.963133640552996, 32.965437788018434, 32.97004608294931, 32.95852534562212, 32.95622119815668, 32.95622119815668, 32.94930875576037, 32.95852534562212, 32.944700460829495, 32.953917050691246, 32.935483870967744, 31.951612903225808, 30.951612903225808, 27.96082949308756, 24.956221198156683, 23.956221198156683, 22.95852534562212, 22.965437788018434, 21.972350230414747, 18.97926267281106, 17.974654377880185, 17.972350230414747, 16.965437788018434, 13.976958525345623, 13.974654377880185, 13.974654377880185, 13.995391705069125, 13.986175115207374, 13.990783410138249, 12.988479262672811, 12.988479262672811, 12.974654377880185, 12.988479262672811, 12.983870967741936, 12.990783410138249, 12.990783410138249, 12.983870967741936, 12.990783410138249, 11.983870967741936, 11.986175115207374, 11.974654377880185, 11.972350230414747, 11.988479262672811, 11.97926267281106, 11.988479262672811, 11.997695852534562, 11.988479262672811, 10.993087557603687, 10.983870967741936, 10.983870967741936, 9.983870967741936, 9.990783410138249, 10.0, 9.990783410138249, 8.986175115207374, 8.97926267281106, 8.986175115207374, 8.990783410138249, 8.988479262672811, 8.990783410138249, 8.983870967741936, 8.986175115207374, 8.995391705069125, 8.993087557603687, 8.988479262672811, 8.990783410138249, 8.990783410138249, 8.990783410138249, 8.995391705069125, 8.995391705069125, 8.995391705069125, 8.990783410138249, 8.990783410138249, 8.988479262672811, 8.990783410138249, 8.995391705069125, 8.993087557603687, 7.986175115207374, 7.976958525345622, 7.981566820276498, 7.983870967741936, 7.986175115207374, 7.981566820276497, 7.972350230414746, 7.981566820276497, 7.988479262672811, 7.983870967741936, 7.990783410138249, 7.997695852534562, 7.993087557603687, 7.988479262672811, 7.986175115207374, 7.993087557603687, 7.983870967741936, 7.986175115207374, 7.981566820276498, 7.988479262672811, 7.983870967741936, 7.981566820276498, 7.988479262672811, 6.986175115207374, 6.988479262672811, 6.9953917050691246, 7.0, 6.993087557603687, 6.993087557603687, 6.990783410138249, 6.993087557603687, 6.9953917050691246, 6.9953917050691246, 6.986175115207374, 6.983870967741936, 6.974654377880185, 6.983870967741936, 6.965437788018433, 6.972350230414747, 6.9792626728110605, 6.983870967741936, 6.972350230414747, 6.974654377880185, 6.983870967741936, 6.9792626728110605, 6.981566820276498, 6.981566820276498, 6.986175115207374, 6.9792626728110605, 6.990783410138249, 6.986175115207373, 6.990783410138249, 6.983870967741936, 6.981566820276498, 6.976958525345623, 6.986175115207374, 6.986175115207374, 6.988479262672811, 6.983870967741935, 6.986175115207374, 6.981566820276498, 6.990783410138249, 6.988479262672811, 6.988479262672811, 6.990783410138249, 6.993087557603687, 6.990783410138249, 6.981566820276498, 6.983870967741936, 6.9792626728110605, 6.974654377880185, 6.974654377880185, 6.983870967741936, 6.993087557603687, 6.993087557603687, 6.993087557603687, 6.993087557603687, 6.993087557603687, 6.986175115207374, 6.990783410138249, 6.986175115207374, 6.981566820276498, 6.988479262672811, 6.990783410138249, 6.990783410138249, 6.9953917050691246, 6.9953917050691246, 6.988479262672811, 6.981566820276497, 6.97926267281106, 6.983870967741936, 6.986175115207374, 6.986175115207374, 6.986175115207374, 6.986175115207374, 6.981566820276497, 6.97926267281106, 6.983870967741936, 6.990783410138249, 6.986175115207374, 6.9792626728110605, 6.9792626728110605, 6.988479262672811, 6.986175115207373, 6.993087557603687, 6.988479262672811, 6.988479262672811, 6.986175115207374, 6.981566820276498, 6.981566820276498, 6.990783410138249, 6.986175115207374, 6.990783410138249, 6.986175115207374, 6.986175115207374, 6.983870967741936, 6.986175115207374, 6.981566820276498, 6.97926267281106, 6.983870967741936, 6.986175115207374, 6.990783410138249, 6.981566820276498, 6.9792626728110605, 6.9792626728110605, 6.981566820276498, 6.988479262672811, 6.988479262672811, 6.988479262672811, 6.983870967741935, 6.986175115207373, 6.983870967741936, 6.990783410138249, 6.986175115207374, 6.983870967741936, 6.981566820276498, 6.988479262672811, 6.983870967741936]",0.8743302041793608,0.8953382025221883,7,"[33, 33, 33, 33, 33, 33, 33, 33, 33, 33, 33, 33, 33, 33, 33, 33, 33, 33, 33, 33, 33, 33, 33, 33, 33, 33, 33, 33, 33, 33, 33, 33, 33, 33, 33, 33, 33, 33, 33, 33, 33, 33, 33, 33, 33, 33, 33, 33, 33, 33, 33, 33, 33, 33, 33, 33, 33, 33, 33, 33, 33, 33, 33, 33, 33, 33, 32, 31, 28, 25, 24, 23, 23, 22, 19, 18, 18, 17, 14, 14, 14, 14, 14, 14, 13, 13, 13, 13, 13, 13, 13, 13, 13, 12, 12, 12, 12, 12, 12, 12, 12, 12, 11, 11, 11, 10, 10, 10, 10, 9, 9, 9, 9, 9, 9, 9, 9, 9, 9, 9, 9, 9, 9, 9, 9, 9, 9, 9, 9, 9, 9, 9, 8, 8, 8, 8, 8, 8, 8, 8, 8, 8, 8, 8, 8, 8, 8, 8, 8, 8, 8, 8, 8, 8, 8, 7, 7, 7, 7, 7, 7, 7, 7, 7, 7, 7, 7, 7, 7, 7, 7, 7, 7, 7, 7, 7, 7, 7, 7, 7, 7, 7, 7, 7, 7, 7, 7, 7, 7, 7, 7, 7, 7, 7, 7, 7, 7, 7, 7, 7, 7, 7, 7, 7, 7, 7, 7, 7, 7, 7, 7, 7, 7, 7, 7, 7, 7, 7, 7, 7, 7, 7, 7, 7, 7, 7, 7, 7, 7, 7, 7, 7, 7, 7, 7, 7, 7, 7, 7, 7, 7, 7, 7, 7, 7, 7, 7, 7, 7, 7, 7, 7, 7, 7, 7, 7, 7, 7, 7, 7, 7, 7, 7, 7, 7, 7, 7, 7, 7, 7]",270,"[0.48705318570137024, 0.4794620871543884, 0.47349968552589417, 0.46827298402786255, 0.4639855921268463, 0.4615796208381653, 0.4574406147003174, 0.45584192872047424, 0.4528662860393524, 0.44938841462135315, 0.4475528597831726, 0.4448395073413849, 0.44269856810569763, 0.44104477763175964, 0.43868038058280945, 0.4367656707763672, 0.43478694558143616, 0.43269050121307373, 0.4308742880821228, 0.42939892411231995, 0.4272502064704895, 0.4265102446079254, 0.42379993200302124, 0.42184561491012573, 0.42020106315612793, 0.4185144901275635, 0.41919901967048645, 0.4152929186820984, 0.413964182138443, 0.4120664894580841, 0.41048964858055115, 0.4091317355632782, 0.4073255956172943, 0.40665194392204285, 0.4051971137523651, 0.40281668305397034, 0.4013027548789978, 0.39971354603767395, 0.3984206020832062, 0.3978555202484131, 0.3955882787704468, 0.3939293920993805, 0.3924485146999359, 0.39119797945022583, 0.3896934390068054, 0.3886865973472595, 0.38689544796943665, 0.38547801971435547, 0.384366899728775, 0.38270798325538635, 0.38138577342033386, 0.3804219961166382, 0.37884387373924255, 0.3776482343673706, 0.3759351670742035, 0.37522685527801514, 0.37336036562919617, 0.37201130390167236, 0.3708069920539856, 0.3707426190376282, 0.3676738440990448, 0.3672219514846802, 0.36556681990623474, 0.3641701638698578, 0.3624497652053833, 0.3621906638145447, 0.35773909091949463, 0.35569435358047485, 0.3507426381111145, 0.34712040424346924, 0.344626784324646, 0.34299564361572266, 0.3419126272201538, 0.34110787510871887, 0.33558475971221924, 0.33162012696266174, 0.3306354284286499, 0.32803764939308167, 0.3258249759674072, 0.3247798681259155, 0.32380223274230957, 0.3237171471118927, 0.32212042808532715, 0.3218204379081726, 0.31954339146614075, 0.3187566101551056, 0.3180945813655853, 0.317493736743927, 0.3167282044887543, 0.3169170022010803, 0.31548264622688293, 0.3149765133857727, 0.3142988085746765, 0.3161259889602661, 0.31539347767829895, 0.31460875272750854, 0.31410157680511475, 0.3131566047668457, 0.3125968873500824, 0.311555951833725, 0.31108617782592773, 0.3106466233730316, 0.3124793767929077, 0.31125473976135254, 0.3107205629348755, 0.30986079573631287, 0.30925247073173523, 0.30859988927841187, 0.3089714050292969, 0.31084033846855164, 0.3100520670413971, 0.31073248386383057, 0.3089161217212677, 0.30846479535102844, 0.3080619275569916, 0.30753323435783386, 0.3069635331630707, 0.30692124366760254, 0.30575913190841675, 0.30525124073028564, 0.30482834577560425, 0.3054317533969879, 0.3043774366378784, 0.3033372759819031, 0.3029383420944214, 0.3032591938972473, 0.30216947197914124, 0.3014777898788452, 0.3007505536079407, 0.30064141750335693, 0.30033960938453674, 0.2993849515914917, 0.30449429154396057, 0.30401507019996643, 0.30208659172058105, 0.3014720678329468, 0.3004286289215088, 0.2999042272567749, 0.2990166246891022, 0.29861828684806824, 0.29792073369026184, 0.2975109815597534, 0.29730167984962463, 0.29689833521842957, 0.2964775860309601, 0.2958735525608063, 0.2952333688735962, 0.29503706097602844, 0.29437580704689026, 0.29394569993019104, 0.293632447719574, 0.2933322787284851, 0.29274052381515503, 0.292814701795578, 0.2923038899898529, 0.2966171205043793, 0.2963706851005554, 0.294986367225647, 0.2952588200569153, 0.29389166831970215, 0.2933543622493744, 0.29257798194885254, 0.29227858781814575, 0.2915683388710022, 0.2909998297691345, 0.2907041609287262, 0.29010599851608276, 0.2897549867630005, 0.29014384746551514, 0.28885066509246826, 0.28842681646347046, 0.2882133722305298, 0.2876764237880707, 0.287759929895401, 0.2870461344718933, 0.2872058153152466, 0.28647905588150024, 0.2864128649234772, 0.285896897315979, 0.2857532799243927, 0.28612154722213745, 0.28528833389282227, 0.28506794571876526, 0.28543025255203247, 0.2846408486366272, 0.2843227982521057, 0.284947007894516, 0.28346991539001465, 0.2829532325267792, 0.2827991545200348, 0.28243494033813477, 0.2823595702648163, 0.28212738037109375, 0.2816699743270874, 0.28135445713996887, 0.2812276780605316, 0.28133639693260193, 0.28148022294044495, 0.28041979670524597, 0.2805825173854828, 0.280060738325119, 0.28014737367630005, 0.27971524000167847, 0.2800295352935791, 0.2796229124069214, 0.27951619029045105, 0.27898159623146057, 0.2786703109741211, 0.27860942482948303, 0.2784040868282318, 0.2782980501651764, 0.2784741520881653, 0.2775563597679138, 0.2777802646160126, 0.2773588001728058, 0.2777942419052124, 0.2769791781902313, 0.27696478366851807, 0.2768241763114929, 0.2765316069126129, 0.2765108048915863, 0.27722784876823425, 0.27673855423927307, 0.2759459316730499, 0.27583903074264526, 0.2754940390586853, 0.27548947930336, 0.2754872441291809, 0.27642130851745605, 0.27501797676086426, 0.27477389574050903, 0.27576687932014465, 0.27476176619529724, 0.2745036780834198, 0.2755577862262726, 0.27443718910217285, 0.2739417850971222, 0.2737693786621094, 0.2737788259983063, 0.2742993235588074, 0.27406540513038635, 0.2735067903995514, 0.272948294878006, 0.27273616194725037, 0.27286213636398315, 0.2726331055164337, 0.2727046310901642, 0.27223965525627136, 0.27558016777038574, 0.27193501591682434, 0.2733164131641388, 0.2717956304550171, 0.2730722725391388, 0.2720300555229187, 0.27142930030822754, 0.27156850695610046, 0.2711922526359558, 0.271636039018631, 0.2709304094314575, 0.27081191539764404, 0.2706651985645294, 0.2703634798526764, 0.2703385651111603, 0.27090537548065186, 0.27030646800994873, 0.2705543339252472, 0.27001476287841797, 0.2698483169078827, 0.26985254883766174, 0.2696913480758667]",7.0,"[33.0, 33.0, 33.0, 33.0, 33.0, 33.0, 33.0, 33.0, 33.0, 33.0, 33.0, 33.0, 33.0, 33.0, 33.0, 33.0, 33.0, 33.0, 33.0, 33.0, 33.0, 33.0, 33.0, 33.0, 33.0, 33.0, 33.0, 33.0, 33.0, 33.0, 33.0, 33.0, 33.0, 33.0, 33.0, 33.0, 33.0, 33.0, 33.0, 33.0, 33.0, 33.0, 33.0, 33.0, 33.0, 33.0, 33.0, 33.0, 33.0, 33.0, 33.0, 33.0, 33.0, 33.0, 33.0, 33.0, 33.0, 33.0, 33.0, 33.0, 33.0, 33.0, 33.0, 33.0, 33.0, 33.0, 32.0, 31.0, 28.0, 25.0, 24.0, 23.0, 23.0, 22.0, 19.0, 18.0, 18.0, 17.0, 14.0, 14.0, 14.0, 14.0, 14.0, 14.0, 13.0, 13.0, 13.0, 13.0, 13.0, 13.0, 13.0, 13.0, 13.0, 12.0, 12.0, 12.0, 12.0, 12.0, 12.0, 12.0, 12.0, 12.0, 11.0, 11.0, 11.0, 10.0, 10.0, 10.0, 10.0, 9.0, 9.0, 9.0, 9.0, 9.0, 9.0, 9.0, 9.0, 9.0, 9.0, 9.0, 9.0, 9.0, 9.0, 9.0, 9.0, 9.0, 9.0, 9.0, 9.0, 9.0, 9.0, 9.0, 8.0, 8.0, 8.0, 8.0, 8.0, 8.0, 8.0, 8.0, 8.0, 8.0, 8.0, 8.0, 8.0, 8.0, 8.0, 8.0, 8.0, 8.0, 8.0, 8.0, 8.0, 8.0, 8.0, 7.0, 7.0, 7.0, 7.0, 7.0, 7.0, 7.0, 7.0, 7.0, 7.0, 7.0, 7.0, 7.0, 7.0, 7.0, 7.0, 7.0, 7.0, 7.0, 7.0, 7.0, 7.0, 7.0, 7.0, 7.0, 7.0, 7.0, 7.0, 7.0, 7.0, 7.0, 7.0, 7.0, 7.0, 7.0, 7.0, 7.0, 7.0, 7.0, 7.0, 7.0, 7.0, 7.0, 7.0, 7.0, 7.0, 7.0, 7.0, 7.0, 7.0, 7.0, 7.0, 7.0, 7.0, 7.0, 7.0, 7.0, 7.0, 7.0, 7.0, 7.0, 7.0, 7.0, 7.0, 7.0, 7.0, 7.0, 7.0, 7.0, 7.0, 7.0, 7.0, 7.0, 7.0, 7.0, 7.0, 7.0, 7.0, 7.0, 7.0, 7.0, 7.0, 7.0, 7.0, 7.0, 7.0, 7.0, 7.0, 7.0, 7.0, 7.0, 7.0, 7.0, 7.0, 7.0, 7.0, 7.0, 7.0, 7.0, 7.0, 7.0, 7.0, 7.0, 7.0, 7.0, 7.0, 7.0, 7.0, 7.0, 7.0, 7.0, 7.0, 7.0, 7.0, 7.0]",COMPLETE
