,number,value,datetime_start,datetime_complete,duration,params_batch_size_scaler,params_constant_learning_rate,params_depth,params_epochs,params_kernel_l2,params_num_trees,params_temperature,user_attrs_accuracy_test,user_attrs_accuracy_valid,user_attrs_approximate_feature_sparsity,user_attrs_approximate_feature_sparsity_history,user_attrs_approximate_weight_sparsity,user_attrs_approximate_weight_sparsity_history,user_attrs_auc_test,user_attrs_auc_valid,user_attrs_feature_sparsity,user_attrs_feature_sparsity_history,user_attrs_num_epochs,user_attrs_val_loss_history,user_attrs_weight_sparsity,user_attrs_weight_sparsity_history,state
162,162,0.5,2024-08-31 08:07:23.919967,2024-08-31 08:09:25.224961,0 days 00:02:01.304994,1,7.210436483282349,1,330,0.15801904622658508,15,0.0002843607344934844,0.859,0.85875,0,"[22, 9, 0, 19, 3, 1, 0, 0, 0, 1, 1, 0, 0, 0, 1, 0, 0, 1, 0, 0, 0, 0, 1, 1, 0, 1, 0, 0, 0, 0, 0, 0, 0, 0, 0, 0, 0, 0, 0, 0, 0, 0, 0, 0, 0, 0, 0, 0, 1, 0, 0, 0, 0, 1, 0, 0, 0, 0, 0, 0, 0, 0, 0, 0, 0, 0, 0, 0, 0, 0, 0, 0, 0, 0, 0, 0, 0, 0, 1, 0, 0, 0, 0, 0, 0, 0, 0, 0, 0, 0, 0, 0, 0, 1, 0, 1, 0, 1, 0, 0, 0, 0, 0, 2, 0, 0, 0, 0, 0, 0, 0, 0, 0, 0, 0, 0, 0, 0, 0, 0, 0, 0, 0, 0, 0, 0, 0, 0, 0, 0, 0, 0, 0, 0, 0, 0, 0, 0, 0, 0, 0, 0, 0, 0, 0, 0, 0, 0, 0, 0, 0, 0, 0, 1, 0, 0, 0, 0, 0, 0, 0, 0, 1, 0, 0, 0, 0, 0, 2, 0, 0, 0, 0, 0, 0, 0, 0, 0, 0, 0, 0, 0, 0, 0, 0, 0, 0, 0, 0, 0, 0, 0, 0, 0, 0, 0, 0, 0, 0, 0, 0, 0, 0, 0, 0, 0, 0, 0, 0, 0, 0, 0, 0, 0, 2, 1, 0, 0, 0, 0, 1, 0, 0, 0, 0, 0, 0, 0, 0, 0, 0, 0, 0, 0, 0, 0, 0, 0, 0, 0, 0, 0, 0, 0, 1, 0, 0, 0, 0, 0, 0, 0, 0, 0, 0, 0, 0, 0, 0, 0, 1, 0, 0, 0, 0, 0, 1, 0, 0, 0, 0, 0, 0, 0, 0, 0, 0, 0, 0, 0, 0, 0, 0, 0, 0, 0, 0, 0, 0, 0, 0, 0, 0, 0, 0, 0, 0, 0, 0, 0, 1, 0, 0, 0, 0, 0, 0, 0, 0, 0, 0, 0, 0, 0, 0, 0, 1, 2, 0, 0, 0, 0, 1, 0, 0, 0, 0, 0, 0, 0]",0.0,"[21.866666666666667, 8.933333333333334, 0.0, 19.0, 3.0, 1.0, 0.0, 0.0, 0.0, 1.0, 1.0, 0.0, 0.0, 0.0, 1.0, 0.0, 0.0, 1.0, 0.0, 0.0, 0.0, 0.0, 1.0, 1.0, 0.0, 1.0, 0.0, 0.0, 0.0, 0.0, 0.0, 0.0, 0.0, 0.0, 0.0, 0.0, 0.0, 0.0, 0.0, 0.0, 0.0, 0.0, 0.0, 0.0, 0.0, 0.0, 0.0, 0.0, 1.0, 0.0, 0.0, 0.0, 0.0, 1.0, 0.0, 0.0, 0.0, 0.0, 0.0, 0.0, 0.0, 0.0, 0.0, 0.0, 0.0, 0.0, 0.0, 0.0, 0.0, 0.0, 0.0, 0.0, 0.0, 0.0, 0.0, 0.0, 0.0, 0.0, 1.0, 0.0, 0.0, 0.0, 0.0, 0.0, 0.0, 0.0, 0.0, 0.0, 0.0, 0.0, 0.0, 0.0, 0.0, 1.0, 0.0, 1.0, 0.0, 1.0, 0.0, 0.0, 0.0, 0.0, 0.0, 2.0, 0.0, 0.0, 0.0, 0.0, 0.0, 0.0, 0.0, 0.0, 0.0, 0.0, 0.0, 0.0, 0.0, 0.0, 0.0, 0.0, 0.0, 0.0, 0.0, 0.0, 0.0, 0.0, 0.0, 0.0, 0.0, 0.0, 0.0, 0.0, 0.0, 0.0, 0.0, 0.0, 0.0, 0.0, 0.0, 0.0, 0.0, 0.0, 0.0, 0.0, 0.0, 0.0, 0.0, 0.0, 0.0, 0.0, 0.0, 0.0, 0.0, 1.0, 0.0, 0.0, 0.0, 0.0, 0.0, 0.0, 0.0, 0.0, 1.0, 0.0, 0.0, 0.0, 0.0, 0.0, 2.0, 0.0, 0.0, 0.0, 0.0, 0.0, 0.0, 0.0, 0.0, 0.0, 0.0, 0.0, 0.0, 0.0, 0.0, 0.0, 0.0, 0.0, 0.0, 0.0, 0.0, 0.0, 0.0, 0.0, 0.0, 0.0, 0.0, 0.0, 0.0, 0.0, 0.0, 0.0, 0.0, 0.0, 0.0, 0.0, 0.0, 0.0, 0.0, 0.0, 0.0, 0.0, 0.0, 0.0, 0.0, 0.0, 2.0, 1.0, 0.0, 0.0, 0.0, 0.0, 1.0, 0.0, 0.0, 0.0, 0.0, 0.0, 0.0, 0.0, 0.0, 0.0, 0.0, 0.0, 0.0, 0.0, 0.0, 0.0, 0.0, 0.0, 0.0, 0.0, 0.0, 0.0, 0.0, 0.0, 1.0, 0.0, 0.0, 0.0, 0.0, 0.0, 0.0, 0.0, 0.0, 0.0, 0.0, 0.0, 0.0, 0.0, 0.0, 0.0, 1.0, 0.0, 0.0, 0.0, 0.0, 0.0, 1.0, 0.0, 0.0, 0.0, 0.0, 0.0, 0.0, 0.0, 0.0, 0.0, 0.0, 0.0, 0.0, 0.0, 0.0, 0.0, 0.0, 0.0, 0.0, 0.0, 0.0, 0.0, 0.0, 0.0, 0.0, 0.0, 0.0, 0.0, 0.0, 0.0, 0.0, 0.0, 0.0, 0.0, 1.0, 0.0, 0.0, 0.0, 0.0, 0.0, 0.0, 0.0, 0.0, 0.0, 0.0, 0.0, 0.0, 0.0, 0.0, 0.0, 1.0, 2.0, 0.0, 0.0, 0.0, 0.0, 1.0, 0.0, 0.0, 0.0, 0.0, 0.0, 0.0, 0.0]",0.5,0.5,0,"[22, 9, 0, 19, 3, 1, 0, 0, 0, 1, 1, 0, 0, 0, 1, 0, 0, 1, 0, 0, 0, 0, 1, 1, 0, 1, 0, 0, 0, 0, 0, 0, 0, 0, 0, 0, 0, 0, 0, 0, 0, 0, 0, 0, 0, 0, 0, 0, 1, 0, 0, 0, 0, 1, 0, 0, 0, 0, 0, 0, 0, 0, 0, 0, 0, 0, 0, 0, 0, 0, 0, 0, 0, 0, 0, 0, 0, 0, 1, 0, 0, 0, 0, 0, 0, 0, 0, 0, 0, 0, 0, 0, 0, 1, 0, 1, 0, 1, 0, 0, 0, 0, 0, 2, 0, 0, 0, 0, 0, 0, 0, 0, 0, 0, 0, 0, 0, 0, 0, 0, 0, 0, 0, 0, 0, 0, 0, 0, 0, 0, 0, 0, 0, 0, 0, 0, 0, 0, 0, 0, 0, 0, 0, 0, 0, 0, 0, 0, 0, 0, 0, 0, 0, 1, 0, 0, 0, 0, 0, 0, 0, 0, 1, 0, 0, 0, 0, 0, 2, 0, 0, 0, 0, 0, 0, 0, 0, 0, 0, 0, 0, 0, 0, 0, 0, 0, 0, 0, 0, 0, 0, 0, 0, 0, 0, 0, 0, 0, 0, 0, 0, 0, 0, 0, 0, 0, 0, 0, 0, 0, 0, 0, 0, 0, 2, 1, 0, 0, 0, 0, 1, 0, 0, 0, 0, 0, 0, 0, 0, 0, 0, 0, 0, 0, 0, 0, 0, 0, 0, 0, 0, 0, 0, 0, 1, 0, 0, 0, 0, 0, 0, 0, 0, 0, 0, 0, 0, 0, 0, 0, 1, 0, 0, 0, 0, 0, 1, 0, 0, 0, 0, 0, 0, 0, 0, 0, 0, 0, 0, 0, 0, 0, 0, 0, 0, 0, 0, 0, 0, 0, 0, 0, 0, 0, 0, 0, 0, 0, 0, 0, 1, 0, 0, 0, 0, 0, 0, 0, 0, 0, 0, 0, 0, 0, 0, 0, 1, 2, 0, 0, 0, 0, 1, 0, 0, 0, 0, 0, 0, 0]",330,"[10.563206672668457, 13.647032737731934, 17.06861686706543, 28.58819580078125, 20.272523880004883, 24.161344528198242, 0.6253107190132141, 9.223623275756836, 2.4777393341064453, 23.21822738647461, 20.14591407775879, 1.5419840812683105, 36.30398178100586, 19.631624221801758, 21.72006607055664, 1.075854778289795, 0.9652693271636963, 25.48614501953125, 13.559091567993164, 7.924699306488037, 10.896866798400879, 13.514470100402832, 23.333017349243164, 4.234340667724609, 6.052762985229492, 22.53073501586914, 11.181485176086426, 11.88835334777832, 0.7316846251487732, 11.424949645996094, 5.33833122253418, 9.641280174255371, 7.571432113647461, 15.03433609008789, 12.322056770324707, 29.22541046142578, 20.335630416870117, 4.418609619140625, 5.603623867034912, 0.480881005525589, 5.9439496994018555, 8.090276718139648, 9.590744972229004, 0.4138472378253937, 6.28364372253418, 13.795938491821289, 16.965126037597656, 20.95150375366211, 19.580642700195312, 11.74072551727295, 16.656963348388672, 17.604551315307617, 17.332632064819336, 22.35541534423828, 8.754254341125488, 6.697100639343262, 0.9711262583732605, 2.456007957458496, 6.425145149230957, 22.833271026611328, 10.677478790283203, 11.582148551940918, 0.8012495636940002, 10.431876182556152, 3.658661127090454, 8.257333755493164, 7.532299995422363, 17.367076873779297, 24.379823684692383, 15.2520751953125, 3.6131954193115234, 17.327510833740234, 13.022568702697754, 6.32744026184082, 2.016824245452881, 9.655920028686523, 13.555305480957031, 5.3793044090271, 12.852368354797363, 19.23670768737793, 12.89940071105957, 3.3852698802948, 37.21922302246094, 24.2982234954834, 3.593778371810913, 26.031343460083008, 6.672986030578613, 14.371910095214844, 12.76681900024414, 20.421398162841797, 5.808875560760498, 20.65463638305664, 24.059398651123047, 19.771316528320312, 1.0512895584106445, 23.934236526489258, 16.105632781982422, 12.967541694641113, 3.249135732650757, 27.161273956298828, 57.154293060302734, 2.753610134124756, 2.7173044681549072, 22.317493438720703, 12.046669006347656, 25.457643508911133, 19.298917770385742, 10.803689956665039, 6.6132988929748535, 15.584232330322266, 11.131209373474121, 22.954334259033203, 17.643558502197266, 12.395898818969727, 11.992262840270996, 13.57321548461914, 8.267926216125488, 11.505025863647461, 13.76953125, 13.679398536682129, 19.879505157470703, 12.687873840332031, 5.215313911437988, 17.547086715698242, 14.183014869689941, 6.033563137054443, 5.74851131439209, 18.527212142944336, 11.020599365234375, 18.03597640991211, 20.280834197998047, 5.689912796020508, 7.817014217376709, 4.904478073120117, 31.958711624145508, 13.151175498962402, 2.7260854244232178, 6.076876163482666, 14.304315567016602, 18.91315269470215, 11.397564888000488, 1.5711925029754639, 2.4460391998291016, 11.593114852905273, 15.508780479431152, 15.971453666687012, 6.763166427612305, 0.6423200368881226, 9.071693420410156, 10.557494163513184, 14.78066635131836, 5.749768257141113, 3.7833242416381836, 14.382306098937988, 41.09228515625, 9.789709091186523, 16.53407096862793, 18.599538803100586, 22.541845321655273, 17.840444564819336, 20.113359451293945, 19.199542999267578, 23.297748565673828, 3.403172016143799, 5.478316783905029, 14.141010284423828, 15.583479881286621, 14.5770902633667, 22.526620864868164, 1.7739160060882568, 23.08407211303711, 1.861911416053772, 5.982806205749512, 17.877532958984375, 22.794719696044922, 18.125717163085938, 8.508747100830078, 0.789185106754303, 11.304465293884277, 6.173745632171631, 8.510285377502441, 20.35333824157715, 21.490428924560547, 1.0645729303359985, 5.7644548416137695, 20.501935958862305, 5.546233654022217, 1.7182809114456177, 20.224407196044922, 17.167430877685547, 10.475049018859863, 0.41359084844589233, 10.34344482421875, 14.062644004821777, 14.87143325805664, 11.695135116577148, 9.540605545043945, 17.48904800415039, 17.386438369750977, 6.090936183929443, 0.8527195453643799, 5.071125507354736, 16.701801300048828, 8.739864349365234, 21.36254119873047, 2.9490914344787598, 17.044652938842773, 18.677278518676758, 12.895585060119629, 3.640031337738037, 34.227909088134766, 21.914447784423828, 18.64557647705078, 4.052619457244873, 15.337037086486816, 20.636503219604492, 11.533783912658691, 4.7437310218811035, 13.703266143798828, 15.867218017578125, 21.07272720336914, 18.782745361328125, 7.841671943664551, 2.771354913711548, 18.356653213500977, 4.923885822296143, 12.996942520141602, 22.312612533569336, 19.275249481201172, 11.30198860168457, 8.463323593139648, 1.426102876663208, 5.169219493865967, 1.914174199104309, 12.654378890991211, 15.264595031738281, 20.118026733398438, 19.03449058532715, 20.563142776489258, 22.052404403686523, 7.375286102294922, 5.051516056060791, 14.879110336303711, 9.544214248657227, 22.64868927001953, 3.4839038848876953, 10.387262344360352, 0.4218407869338989, 0.8756207227706909, 21.806028366088867, 5.606616020202637, 16.790281295776367, 0.41986098885536194, 5.197545051574707, 3.009443998336792, 1.2563046216964722, 1.9350974559783936, 21.347702026367188, 21.072107315063477, 14.155130386352539, 12.608946800231934, 4.785916805267334, 24.935815811157227, 8.616142272949219, 21.553543090820312, 3.8683886528015137, 23.592565536499023, 2.0808162689208984, 3.3187263011932373, 3.3376309871673584, 2.071390151977539, 14.098837852478027, 5.649381637573242, 8.04601001739502, 5.80130672454834, 3.844559669494629, 8.302520751953125, 19.159610748291016, 9.754817962646484, 7.014942646026611, 15.765088081359863, 4.293766021728516, 2.347646713256836, 23.48834228515625, 24.155595779418945, 6.273544788360596, 13.365365028381348, 11.096641540527344, 10.553596496582031, 20.979110717773438, 12.733354568481445, 25.856786727905273, 0.7559187412261963, 2.5972020626068115, 2.082291841506958, 1.1702533960342407, 22.075820922851562, 2.334740400314331, 14.967828750610352, 0.770041286945343, 17.765151977539062, 18.003217697143555, 11.172843933105469, 0.7013908624649048, 18.30718421936035, 2.1390221118927, 2.194995641708374, 13.904422760009766, 15.388705253601074, 7.558135509490967, 19.28716278076172, 9.776517868041992, 18.23101806640625, 23.796253204345703, 8.617541313171387, 1.061033010482788, 22.90255355834961, 21.93631362915039, 22.09595489501953, 5.626894474029541, 15.658428192138672, 9.924487113952637, 10.397130012512207, 20.40615463256836, 9.680625915527344, 13.162890434265137, 1.9634836912155151, 1.3375625610351562, 8.08968734741211, 4.718957901000977]",0.0,"[22.0, 9.0, 0.0, 19.0, 3.0, 1.0, 0.0, 0.0, 0.0, 1.0, 1.0, 0.0, 0.0, 0.0, 1.0, 0.0, 0.0, 1.0, 0.0, 0.0, 0.0, 0.0, 1.0, 1.0, 0.0, 1.0, 0.0, 0.0, 0.0, 0.0, 0.0, 0.0, 0.0, 0.0, 0.0, 0.0, 0.0, 0.0, 0.0, 0.0, 0.0, 0.0, 0.0, 0.0, 0.0, 0.0, 0.0, 0.0, 1.0, 0.0, 0.0, 0.0, 0.0, 1.0, 0.0, 0.0, 0.0, 0.0, 0.0, 0.0, 0.0, 0.0, 0.0, 0.0, 0.0, 0.0, 0.0, 0.0, 0.0, 0.0, 0.0, 0.0, 0.0, 0.0, 0.0, 0.0, 0.0, 0.0, 1.0, 0.0, 0.0, 0.0, 0.0, 0.0, 0.0, 0.0, 0.0, 0.0, 0.0, 0.0, 0.0, 0.0, 0.0, 1.0, 0.0, 1.0, 0.0, 1.0, 0.0, 0.0, 0.0, 0.0, 0.0, 2.0, 0.0, 0.0, 0.0, 0.0, 0.0, 0.0, 0.0, 0.0, 0.0, 0.0, 0.0, 0.0, 0.0, 0.0, 0.0, 0.0, 0.0, 0.0, 0.0, 0.0, 0.0, 0.0, 0.0, 0.0, 0.0, 0.0, 0.0, 0.0, 0.0, 0.0, 0.0, 0.0, 0.0, 0.0, 0.0, 0.0, 0.0, 0.0, 0.0, 0.0, 0.0, 0.0, 0.0, 0.0, 0.0, 0.0, 0.0, 0.0, 0.0, 1.0, 0.0, 0.0, 0.0, 0.0, 0.0, 0.0, 0.0, 0.0, 1.0, 0.0, 0.0, 0.0, 0.0, 0.0, 2.0, 0.0, 0.0, 0.0, 0.0, 0.0, 0.0, 0.0, 0.0, 0.0, 0.0, 0.0, 0.0, 0.0, 0.0, 0.0, 0.0, 0.0, 0.0, 0.0, 0.0, 0.0, 0.0, 0.0, 0.0, 0.0, 0.0, 0.0, 0.0, 0.0, 0.0, 0.0, 0.0, 0.0, 0.0, 0.0, 0.0, 0.0, 0.0, 0.0, 0.0, 0.0, 0.0, 0.0, 0.0, 0.0, 2.0, 1.0, 0.0, 0.0, 0.0, 0.0, 1.0, 0.0, 0.0, 0.0, 0.0, 0.0, 0.0, 0.0, 0.0, 0.0, 0.0, 0.0, 0.0, 0.0, 0.0, 0.0, 0.0, 0.0, 0.0, 0.0, 0.0, 0.0, 0.0, 0.0, 1.0, 0.0, 0.0, 0.0, 0.0, 0.0, 0.0, 0.0, 0.0, 0.0, 0.0, 0.0, 0.0, 0.0, 0.0, 0.0, 1.0, 0.0, 0.0, 0.0, 0.0, 0.0, 1.0, 0.0, 0.0, 0.0, 0.0, 0.0, 0.0, 0.0, 0.0, 0.0, 0.0, 0.0, 0.0, 0.0, 0.0, 0.0, 0.0, 0.0, 0.0, 0.0, 0.0, 0.0, 0.0, 0.0, 0.0, 0.0, 0.0, 0.0, 0.0, 0.0, 0.0, 0.0, 0.0, 0.0, 1.0, 0.0, 0.0, 0.0, 0.0, 0.0, 0.0, 0.0, 0.0, 0.0, 0.0, 0.0, 0.0, 0.0, 0.0, 0.0, 1.0, 2.0, 0.0, 0.0, 0.0, 0.0, 1.0, 0.0, 0.0, 0.0, 0.0, 0.0, 0.0, 0.0]",COMPLETE
