,number,value,datetime_start,datetime_complete,duration,params_batch_size_scaler,params_constant_learning_rate,params_depth,params_epochs,params_kernel_l2,params_num_trees,params_temperature,user_attrs_accuracy_test,user_attrs_accuracy_valid,user_attrs_approximate_feature_sparsity,user_attrs_approximate_feature_sparsity_history,user_attrs_approximate_weight_sparsity,user_attrs_approximate_weight_sparsity_history,user_attrs_auc_test,user_attrs_auc_valid,user_attrs_feature_sparsity,user_attrs_feature_sparsity_history,user_attrs_num_epochs,user_attrs_val_loss_history,user_attrs_weight_sparsity,user_attrs_weight_sparsity_history,state
97,97,0.6975692700081152,2024-08-31 04:43:30.802620,2024-08-31 04:45:35.506159,0 days 00:02:04.703539,1,1.598288498764993,1,230,0.007932535929946524,81,0.0027325068293523754,0.829,0.8425,3,"[6, 3, 4, 3, 3, 3, 3, 3, 3, 3, 3, 3, 3, 3, 3, 3, 3, 3, 3, 3, 3, 3, 3, 3, 3, 3, 3, 3, 3, 3, 3, 3, 3, 3, 3, 3, 3, 3, 3, 3, 3, 3, 3, 3, 3, 3, 3, 3, 3, 3, 3, 3, 3, 3, 3, 3, 3, 3, 3, 3, 3, 3, 3, 3, 3, 3, 3, 3, 3, 3, 3, 3, 3, 3, 3, 3, 3, 3, 3, 3, 3, 3, 3, 3, 3, 3, 3, 3, 3, 3, 3, 3, 3, 3, 3, 3, 3, 3, 3, 3, 3, 3, 3, 3, 3, 3, 3, 3, 3, 3, 3, 3, 3, 3, 3, 3, 3, 3, 3, 3, 3, 3, 3, 3, 3, 3, 3, 3, 3, 3, 3, 3, 3, 3, 3, 3, 3, 3, 3, 3, 3, 3, 3, 3, 3, 3, 3, 3, 3, 3, 3, 3, 3, 3, 3, 3, 3, 3, 3, 3, 3, 3, 3, 3, 3, 3, 3, 3, 3, 3, 3, 3, 3, 3, 3, 3, 3, 3, 3, 3, 3, 3, 3, 3, 3, 3, 3, 3, 3, 3, 3, 3, 3, 3, 3, 3, 3, 3, 3, 3, 3, 3, 3, 3, 3, 3, 3, 3, 3, 3, 3, 3, 3, 3, 3, 3, 3, 3, 3, 3, 3, 3, 3, 3, 3, 3, 3, 3, 3, 3]",3.0,"[6.0, 3.0, 4.0, 3.0, 3.0, 3.0, 2.9876543209876543, 3.0, 3.0, 3.0, 3.0, 3.0, 3.0, 3.0, 3.0, 3.0, 3.0, 3.0, 3.0, 3.0, 3.0, 3.0, 3.0, 3.0, 3.0, 3.0, 3.0, 3.0, 3.0, 3.0, 3.0, 2.9753086419753085, 3.0, 3.0, 3.0, 3.0, 3.0, 3.0, 3.0, 3.0, 3.0, 3.0, 3.0, 3.0, 3.0, 3.0, 3.0, 3.0, 3.0, 3.0, 3.0, 3.0, 3.0, 3.0, 3.0, 3.0, 3.0, 3.0, 3.0, 3.0, 3.0, 3.0, 3.0, 3.0, 3.0, 3.0, 3.0, 3.0, 3.0, 3.0, 3.0, 3.0, 3.0, 3.0, 3.0, 3.0, 3.0, 3.0, 3.0, 3.0, 3.0, 3.0, 3.0, 3.0, 3.0, 3.0, 3.0, 3.0, 3.0, 3.0, 3.0, 3.0, 3.0, 3.0, 3.0, 3.0, 3.0, 3.0, 3.0, 3.0, 3.0, 3.0, 3.0, 3.0, 3.0, 3.0, 3.0, 3.0, 3.0, 3.0, 3.0, 3.0, 3.0, 3.0, 3.0, 3.0, 3.0, 3.0, 3.0, 3.0, 3.0, 3.0, 3.0, 3.0, 3.0, 3.0, 3.0, 3.0, 3.0, 3.0, 3.0, 3.0, 3.0, 3.0, 3.0, 3.0, 3.0, 3.0, 3.0, 3.0, 3.0, 3.0, 3.0, 3.0, 3.0, 3.0, 3.0, 3.0, 3.0, 3.0, 3.0, 3.0, 3.0, 3.0, 3.0, 3.0, 3.0, 3.0, 3.0, 3.0, 3.0, 3.0, 3.0, 3.0, 3.0, 3.0, 3.0, 3.0, 3.0, 3.0, 3.0, 3.0, 3.0, 3.0, 3.0, 3.0, 3.0, 3.0, 3.0, 3.0, 3.0, 3.0, 3.0, 3.0, 3.0, 3.0, 3.0, 3.0, 3.0, 3.0, 3.0, 3.0, 3.0, 3.0, 3.0, 3.0, 3.0, 3.0, 3.0, 3.0, 3.0, 3.0, 3.0, 3.0, 3.0, 3.0, 3.0, 3.0, 3.0, 3.0, 3.0, 3.0, 3.0, 3.0, 3.0, 3.0, 3.0, 3.0, 3.0, 3.0, 3.0, 3.0, 3.0, 3.0, 3.0, 3.0, 3.0, 3.0, 3.0, 3.0]",0.6722355699766346,0.6975692700081152,3,"[6, 3, 4, 3, 3, 3, 3, 3, 3, 3, 3, 3, 3, 3, 3, 3, 3, 3, 3, 3, 3, 3, 3, 3, 3, 3, 3, 3, 3, 3, 3, 3, 3, 3, 3, 3, 3, 3, 3, 3, 3, 3, 3, 3, 3, 3, 3, 3, 3, 3, 3, 3, 3, 3, 3, 3, 3, 3, 3, 3, 3, 3, 3, 3, 3, 3, 3, 3, 3, 3, 3, 3, 3, 3, 3, 3, 3, 3, 3, 3, 3, 3, 3, 3, 3, 3, 3, 3, 3, 3, 3, 3, 3, 3, 3, 3, 3, 3, 3, 3, 3, 3, 3, 3, 3, 3, 3, 3, 3, 3, 3, 3, 3, 3, 3, 3, 3, 3, 3, 3, 3, 3, 3, 3, 3, 3, 3, 3, 3, 3, 3, 3, 3, 3, 3, 3, 3, 3, 3, 3, 3, 3, 3, 3, 3, 3, 3, 3, 3, 3, 3, 3, 3, 3, 3, 3, 3, 3, 3, 3, 3, 3, 3, 3, 3, 3, 3, 3, 3, 3, 3, 3, 3, 3, 3, 3, 3, 3, 3, 3, 3, 3, 3, 3, 3, 3, 3, 3, 3, 3, 3, 3, 3, 3, 3, 3, 3, 3, 3, 3, 3, 3, 3, 3, 3, 3, 3, 3, 3, 3, 3, 3, 3, 3, 3, 3, 3, 3, 3, 3, 3, 3, 3, 3, 3, 3, 3, 3, 3, 3]",230,"[13.219995498657227, 1.8622736930847168, 9.662498474121094, 1.8374872207641602, 1.6483769416809082, 1.9426804780960083, 3.6992504596710205, 1.1205050945281982, 12.084609031677246, 6.965692520141602, 1.953358769416809, 15.309211730957031, 2.317941665649414, 1.3904783725738525, 2.042860984802246, 2.820211887359619, 2.6560916900634766, 7.996123790740967, 1.8443495035171509, 11.27880573272705, 5.702130317687988, 6.715437412261963, 2.488832950592041, 2.252082109451294, 1.7718714475631714, 3.69614839553833, 4.124034404754639, 1.655582308769226, 3.295786142349243, 6.509181499481201, 8.928423881530762, 13.627691268920898, 1.5113725662231445, 1.6453561782836914, 1.7436069250106812, 7.823254585266113, 1.5719741582870483, 5.279670238494873, 2.2985944747924805, 1.8560420274734497, 1.5333564281463623, 6.301326274871826, 6.0201735496521, 9.048891067504883, 5.4232683181762695, 2.2760939598083496, 2.7686984539031982, 3.222611665725708, 2.1552817821502686, 3.8039820194244385, 1.8762030601501465, 8.83755874633789, 11.68897819519043, 4.521336078643799, 11.601256370544434, 1.6666929721832275, 1.1508041620254517, 1.8032771348953247, 2.844369411468506, 15.232852935791016, 1.9228718280792236, 2.973050832748413, 2.1740715503692627, 13.80105972290039, 1.734426736831665, 1.9095033407211304, 1.9222484827041626, 7.19918155670166, 6.095284461975098, 2.3953473567962646, 5.735536098480225, 7.712402820587158, 2.127342700958252, 5.314174175262451, 1.6903316974639893, 2.0705654621124268, 1.7666836977005005, 3.509721279144287, 1.3066973686218262, 10.658961296081543, 12.382155418395996, 21.001564025878906, 1.7591657638549805, 1.6158804893493652, 2.52510142326355, 2.555216073989868, 1.9651490449905396, 1.561230182647705, 11.528228759765625, 1.9582529067993164, 1.5101474523544312, 1.2873497009277344, 2.2472658157348633, 7.503067493438721, 6.134921073913574, 13.380400657653809, 4.310762405395508, 3.027550458908081, 7.227933406829834, 7.665127754211426, 12.474255561828613, 12.010946273803711, 9.747509002685547, 8.933847427368164, 3.213160514831543, 1.7648568153381348, 2.1029014587402344, 20.287630081176758, 1.8741371631622314, 2.5980703830718994, 2.6812148094177246, 11.412917137145996, 3.3308072090148926, 2.1564176082611084, 2.554957628250122, 1.4852484464645386, 2.060809850692749, 1.9948855638504028, 5.5469841957092285, 2.0638670921325684, 1.352013111114502, 1.715991497039795, 11.255041122436523, 1.9476016759872437, 2.7170658111572266, 2.0367674827575684, 1.53351628780365, 1.6053239107131958, 1.696855902671814, 1.4150090217590332, 13.333800315856934, 1.500457763671875, 7.922780990600586, 10.021559715270996, 9.46914005279541, 3.284621238708496, 1.8910824060440063, 7.1252760887146, 1.8120325803756714, 1.7924015522003174, 1.3371140956878662, 2.0394163131713867, 5.156115531921387, 3.030884027481079, 5.555789947509766, 1.6841325759887695, 8.074277877807617, 1.70843505859375, 1.6164252758026123, 1.4915366172790527, 1.7794067859649658, 8.898560523986816, 2.2821967601776123, 1.6474204063415527, 3.1860573291778564, 1.4336309432983398, 1.7249422073364258, 1.453593134880066, 2.8055171966552734, 2.495223045349121, 8.839106559753418, 9.899288177490234, 1.907088279724121, 6.4366021156311035, 2.026592969894409, 1.998917818069458, 7.059787750244141, 5.303046703338623, 1.3851332664489746, 8.132766723632812, 1.8338490724563599, 9.047728538513184, 14.115256309509277, 4.340177536010742, 2.5492911338806152, 18.121849060058594, 2.1688482761383057, 2.038393497467041, 12.921700477600098, 1.3698245286941528, 2.0176548957824707, 7.765803337097168, 9.160208702087402, 6.719809532165527, 2.145207405090332, 5.755385875701904, 2.35601544380188, 2.262627601623535, 6.497697830200195, 1.5315912961959839, 3.106691360473633, 6.708083629608154, 1.768205165863037, 6.152095794677734, 6.695734977722168, 3.3198885917663574, 8.339103698730469, 1.601335883140564, 1.9444642066955566, 3.553196430206299, 1.8225157260894775, 1.7840423583984375, 2.572293758392334, 6.172522068023682, 7.758582592010498, 2.0550687313079834, 8.97754192352295, 1.5513604879379272, 8.768919944763184, 1.7974411249160767, 1.6441203355789185, 2.132955551147461, 1.3452640771865845, 2.4819443225860596, 2.8135645389556885, 11.999261856079102, 10.671069145202637, 4.360500335693359, 1.571408987045288, 2.5228662490844727, 10.596473693847656, 1.4951786994934082, 12.960994720458984, 1.8367325067520142, 1.5145061016082764, 1.9954783916473389, 1.4302070140838623, 9.624588966369629, 7.987307548522949, 2.2169008255004883]",3.0,"[6.0, 3.0, 4.0, 3.0, 3.0, 3.0, 3.0, 3.0, 3.0, 3.0, 3.0, 3.0, 3.0, 3.0, 3.0, 3.0, 3.0, 3.0, 3.0, 3.0, 3.0, 3.0, 3.0, 3.0, 3.0, 3.0, 3.0, 3.0, 3.0, 3.0, 3.0, 3.0, 3.0, 3.0, 3.0, 3.0, 3.0, 3.0, 3.0, 3.0, 3.0, 3.0, 3.0, 3.0, 3.0, 3.0, 3.0, 3.0, 3.0, 3.0, 3.0, 3.0, 3.0, 3.0, 3.0, 3.0, 3.0, 3.0, 3.0, 3.0, 3.0, 3.0, 3.0, 3.0, 3.0, 3.0, 3.0, 3.0, 3.0, 3.0, 3.0, 3.0, 3.0, 3.0, 3.0, 3.0, 3.0, 3.0, 3.0, 3.0, 3.0, 3.0, 3.0, 3.0, 3.0, 3.0, 3.0, 3.0, 3.0, 3.0, 3.0, 3.0, 3.0, 3.0, 3.0, 3.0, 3.0, 3.0, 3.0, 3.0, 3.0, 3.0, 3.0, 3.0, 3.0, 3.0, 3.0, 3.0, 3.0, 3.0, 3.0, 3.0, 3.0, 3.0, 3.0, 3.0, 3.0, 3.0, 3.0, 3.0, 3.0, 3.0, 3.0, 3.0, 3.0, 3.0, 3.0, 3.0, 3.0, 3.0, 3.0, 3.0, 3.0, 3.0, 3.0, 3.0, 3.0, 3.0, 3.0, 3.0, 3.0, 3.0, 3.0, 3.0, 3.0, 3.0, 3.0, 3.0, 3.0, 3.0, 3.0, 3.0, 3.0, 3.0, 3.0, 3.0, 3.0, 3.0, 3.0, 3.0, 3.0, 3.0, 3.0, 3.0, 3.0, 3.0, 3.0, 3.0, 3.0, 3.0, 3.0, 3.0, 3.0, 3.0, 3.0, 3.0, 3.0, 3.0, 3.0, 3.0, 3.0, 3.0, 3.0, 3.0, 3.0, 3.0, 3.0, 3.0, 3.0, 3.0, 3.0, 3.0, 3.0, 3.0, 3.0, 3.0, 3.0, 3.0, 3.0, 3.0, 3.0, 3.0, 3.0, 3.0, 3.0, 3.0, 3.0, 3.0, 3.0, 3.0, 3.0, 3.0, 3.0, 3.0, 3.0, 3.0, 3.0, 3.0, 3.0, 3.0, 3.0, 3.0, 3.0, 3.0, 3.0, 3.0, 3.0, 3.0, 3.0, 3.0]",COMPLETE
98,98,0.8758034805683297,2024-08-31 04:45:37.787103,2024-08-31 04:47:36.614278,0 days 00:01:58.827175,1,0.6075423370264578,2,230,0.07283801803558902,88,0.001036456430392995,0.904,0.9025,6,"[33, 32, 15, 14, 12, 12, 11, 11, 10, 7, 6, 6, 6, 6, 6, 6, 6, 6, 6, 6, 6, 6, 6, 6, 6, 6, 6, 6, 6, 6, 6, 6, 6, 6, 6, 6, 6, 6, 6, 6, 6, 6, 6, 6, 6, 6, 6, 6, 6, 6, 6, 6, 6, 6, 6, 6, 6, 6, 6, 6, 6, 6, 6, 6, 6, 6, 6, 6, 6, 6, 6, 6, 6, 6, 6, 6, 6, 6, 6, 6, 6, 6, 6, 6, 6, 6, 6, 6, 6, 6, 6, 6, 6, 6, 6, 6, 6, 6, 6, 6, 6, 6, 6, 6, 6, 6, 6, 6, 6, 6, 6, 6, 6, 6, 6, 6, 6, 6, 6, 6, 6, 6, 6, 6, 6, 6, 6, 6, 6, 6, 6, 6, 6, 6, 6, 6, 6, 6, 6, 6, 6, 6, 6, 6, 6, 6, 6, 6, 6, 6, 6, 6, 6, 6, 6, 6, 6, 6, 6, 6, 6, 6, 6, 6, 6, 6, 6, 6, 6, 6, 6, 6, 6, 6, 6, 6, 6, 6, 6, 6, 6, 6, 6, 6, 6, 6, 6, 6, 6, 6, 6, 6, 6, 6, 6, 6, 6, 6, 6, 6, 6, 6, 6, 6, 6, 6, 6, 6, 6, 6, 6, 6, 6, 6, 6, 6, 6, 6, 6, 6, 6, 6, 6, 6, 6, 6, 6, 6, 6, 6]",4.806818181818182,"[32.97727272727273, 31.973484848484848, 14.992424242424242, 13.988636363636363, 11.981060606060606, 11.992424242424242, 11.0, 11.0, 9.984848484848484, 6.992424242424242, 6.0, 5.996212121212121, 5.996212121212121, 6.0, 5.988636363636363, 6.0, 5.996212121212121, 5.992424242424242, 5.996212121212121, 6.0, 5.996212121212121, 5.996212121212121, 6.0, 5.988636363636363, 5.988636363636363, 5.992424242424242, 5.996212121212121, 6.0, 6.0, 6.0, 6.0, 5.996212121212121, 6.0, 5.996212121212121, 5.992424242424242, 6.0, 5.996212121212121, 5.992424242424242, 5.992424242424242, 5.9810606060606055, 5.992424242424242, 5.988636363636363, 5.9810606060606055, 5.9810606060606055, 5.9810606060606055, 5.984848484848484, 5.973484848484849, 5.984848484848484, 5.9810606060606055, 5.984848484848484, 5.988636363636363, 5.984848484848484, 5.9810606060606055, 5.9810606060606055, 5.988636363636363, 5.973484848484849, 5.9772727272727275, 5.9772727272727275, 5.973484848484849, 5.984848484848484, 5.9810606060606055, 5.984848484848484, 5.9810606060606055, 5.984848484848484, 5.984848484848484, 5.988636363636363, 5.973484848484849, 5.992424242424242, 5.992424242424242, 5.981060606060606, 5.992424242424242, 5.984848484848484, 5.9772727272727275, 5.9772727272727275, 5.973484848484849, 5.958333333333334, 5.977272727272727, 5.969696969696969, 5.969696969696971, 5.962121212121213, 5.954545454545455, 5.962121212121212, 5.962121212121212, 5.958333333333334, 5.965909090909091, 5.965909090909091, 5.954545454545455, 5.965909090909091, 5.943181818181818, 5.965909090909091, 5.962121212121212, 5.954545454545455, 5.954545454545455, 5.965909090909091, 5.958333333333333, 5.965909090909091, 5.950757575757576, 5.973484848484849, 5.954545454545455, 5.946969696969697, 5.9356060606060606, 5.9393939393939394, 5.931818181818182, 5.946969696969697, 5.946969696969697, 5.950757575757576, 5.9393939393939394, 5.954545454545455, 5.931818181818182, 5.946969696969697, 5.912878787878788, 5.946969696969697, 5.909090909090909, 5.882575757575758, 5.863636363636363, 5.6477272727272725, 5.848484848484849, 5.916666666666666, 5.867424242424242, 5.901515151515151, 5.8977272727272725, 5.78030303030303, 5.886363636363637, 5.848484848484848, 5.598484848484849, 5.651515151515151, 5.583333333333333, 5.681818181818182, 5.700757575757575, 5.4810606060606055, 5.659090909090909, 5.666666666666667, 5.840909090909091, 5.568181818181818, 5.696969696969697, 5.806818181818182, 5.590909090909091, 5.613636363636364, 5.806818181818182, 5.704545454545454, 5.492424242424242, 5.784090909090908, 5.575757575757576, 5.765151515151516, 5.753787878787879, 5.628787878787879, 5.746212121212121, 5.859848484848484, 5.867424242424242, 5.450757575757575, 5.556818181818182, 5.833333333333333, 5.757575757575758, 5.356060606060606, 5.318181818181818, 5.696969696969697, 5.7272727272727275, 5.5, 5.6439393939393945, 5.7272727272727275, 5.6477272727272725, 5.757575757575758, 5.7689393939393945, 5.772727272727273, 5.8143939393939394, 5.795454545454545, 5.757575757575758, 5.818181818181818, 5.678030303030303, 5.795454545454546, 5.7689393939393945, 5.787878787878788, 5.818181818181818, 5.784090909090909, 5.742424242424242, 5.765151515151515, 5.715909090909091, 5.715909090909091, 5.772727272727273, 5.7272727272727275, 5.708333333333333, 5.791666666666667, 5.75, 5.753787878787879, 5.7272727272727275, 5.693181818181818, 5.598484848484849, 5.515151515151516, 5.446969696969697, 5.375, 5.666666666666667, 5.4393939393939394, 5.541666666666667, 5.458333333333334, 5.390151515151516, 5.272727272727273, 5.526515151515151, 5.420454545454545, 5.295454545454546, 5.234848484848485, 5.083333333333334, 4.984848484848484, 5.268939393939394, 5.140151515151516, 4.96969696969697, 5.272727272727273, 5.121212121212121, 5.409090909090909, 5.181818181818182, 5.140151515151516, 5.140151515151516, 5.34469696969697, 5.1060606060606055, 4.65530303030303, 4.950757575757576, 4.924242424242424, 4.6856060606060606, 4.746212121212121, 5.045454545454545, 4.647727272727273, 4.9810606060606055, 5.151515151515151, 5.0189393939393945, 5.0227272727272725, 5.0606060606060606, 5.045454545454545, 5.007575757575758, 4.587121212121213, 4.852272727272727, 4.806818181818182]",0.8732981613124283,0.8758034805683297,6,"[33, 32, 15, 14, 12, 12, 11, 11, 10, 7, 6, 6, 6, 6, 6, 6, 6, 6, 6, 6, 6, 6, 6, 6, 6, 6, 6, 6, 6, 6, 6, 6, 6, 6, 6, 6, 6, 6, 6, 6, 6, 6, 6, 6, 6, 6, 6, 6, 6, 6, 6, 6, 6, 6, 6, 6, 6, 6, 6, 6, 6, 6, 6, 6, 6, 6, 6, 6, 6, 6, 6, 6, 6, 6, 6, 6, 6, 6, 6, 6, 6, 6, 6, 6, 6, 6, 6, 6, 6, 6, 6, 6, 6, 6, 6, 6, 6, 6, 6, 6, 6, 6, 6, 6, 6, 6, 6, 6, 6, 6, 6, 6, 6, 6, 6, 6, 6, 6, 6, 6, 6, 6, 6, 6, 6, 6, 6, 6, 6, 6, 6, 6, 6, 6, 6, 6, 6, 6, 6, 6, 6, 6, 6, 6, 6, 6, 6, 6, 6, 6, 6, 6, 6, 6, 6, 6, 6, 6, 6, 6, 6, 6, 6, 6, 6, 6, 6, 6, 6, 6, 6, 6, 6, 6, 6, 6, 6, 6, 6, 6, 6, 6, 6, 6, 6, 6, 6, 6, 6, 6, 6, 6, 6, 6, 6, 6, 6, 6, 6, 6, 6, 6, 6, 6, 6, 6, 6, 6, 6, 6, 6, 6, 6, 6, 6, 6, 6, 6, 6, 6, 6, 6, 6, 6, 6, 6, 6, 6, 6, 6]",230,"[1.021763563156128, 0.4826802909374237, 0.2904932200908661, 0.6691186428070068, 0.3958417475223541, 1.629868984222412, 0.6011515259742737, 0.3153240382671356, 0.4762023985385895, 0.3171936273574829, 0.30994802713394165, 0.39411839842796326, 0.3725382685661316, 0.3468094766139984, 0.5674945712089539, 0.863899290561676, 0.3753194510936737, 0.4598158299922943, 0.3162502944469452, 1.247786521911621, 0.342925101518631, 0.3425237536430359, 0.32092615962028503, 1.6954518556594849, 0.3544021248817444, 0.7470839023590088, 0.6165732741355896, 0.31465792655944824, 0.34189677238464355, 0.3514605462551117, 0.33387309312820435, 0.35450148582458496, 1.4030357599258423, 0.7683179974555969, 0.30523309111595154, 0.33095645904541016, 0.33044788241386414, 0.46818220615386963, 0.4063749611377716, 0.35558441281318665, 0.32822149991989136, 0.7997229695320129, 0.3484426438808441, 0.4649926722049713, 0.32090842723846436, 1.9371577501296997, 0.32362210750579834, 0.3477550745010376, 0.3163151144981384, 0.30798378586769104, 0.30317482352256775, 0.3768013119697571, 0.3217112421989441, 0.3810364603996277, 0.3912564516067505, 0.4743880331516266, 1.0910556316375732, 0.3041047155857086, 0.29969632625579834, 0.34914538264274597, 0.4085181951522827, 0.37505847215652466, 0.3190290331840515, 0.4600295126438141, 0.7354262471199036, 0.3803539276123047, 0.3534983694553375, 0.5289162993431091, 0.3522194027900696, 0.3563159108161926, 0.33315837383270264, 0.5082869529724121, 0.3140590488910675, 0.29434701800346375, 0.3699875771999359, 0.49727681279182434, 1.09544038772583, 0.35478660464286804, 0.5230475068092346, 1.7263548374176025, 0.3821221590042114, 0.35491347312927246, 0.31231823563575745, 0.3224310278892517, 0.31819698214530945, 1.8609685897827148, 0.5089777708053589, 0.3431393802165985, 0.6748042106628418, 0.39463987946510315, 0.34766894578933716, 0.31162917613983154, 0.382656455039978, 0.3344886302947998, 0.33175894618034363, 0.3076809048652649, 0.3505437970161438, 0.4898971617221832, 0.31919175386428833, 0.3186469078063965, 0.9568793773651123, 0.7197195291519165, 0.31131210923194885, 0.29522982239723206, 0.42879626154899597, 0.4014524817466736, 0.44199180603027344, 0.3344464898109436, 0.45172610878944397, 0.48690369725227356, 0.7109127044677734, 0.32386845350265503, 0.30327317118644714, 0.3933676779270172, 0.30706146359443665, 0.6667287945747375, 0.40789809823036194, 0.5394372344017029, 0.3378012776374817, 0.5233319997787476, 0.32116955518722534, 0.8190491199493408, 1.1744487285614014, 0.3728894889354706, 1.6273800134658813, 0.3416402041912079, 0.3132254481315613, 0.31225043535232544, 1.0724416971206665, 0.35350796580314636, 0.30608758330345154, 0.41102755069732666, 0.6730051636695862, 0.3148215115070343, 0.30535027384757996, 0.3184773921966553, 0.35151177644729614, 0.4007047414779663, 0.2989274263381958, 0.34202465415000916, 0.6485702991485596, 1.492006540298462, 0.2872363328933716, 0.299308180809021, 0.31612300872802734, 0.3034280240535736, 0.5356957316398621, 0.3135383427143097, 0.7611930966377258, 0.38204365968704224, 0.2904881536960602, 0.829491376876831, 0.4306354820728302, 0.3070797324180603, 0.41915541887283325, 0.5424624681472778, 0.32106491923332214, 0.34779730439186096, 0.31454992294311523, 0.3534507751464844, 0.3883751630783081, 0.3013876676559448, 0.40276899933815, 0.48808303475379944, 0.4683658480644226, 0.3162854015827179, 0.42633211612701416, 0.4695923924446106, 0.3171915113925934, 0.31321704387664795, 0.8871628642082214, 0.9328399896621704, 0.5739657878875732, 0.3372790515422821, 0.37339991331100464, 0.3307165205478668, 0.9152581095695496, 0.42955246567726135, 0.4704344868659973, 0.2908402383327484, 0.34711411595344543, 1.6924917697906494, 0.33012980222702026, 0.6291549801826477, 0.4553365409374237, 0.3762810230255127, 0.663398802280426, 1.2099101543426514, 0.42164307832717896, 0.3006342649459839, 0.5872540473937988, 0.39176949858665466, 0.9129038453102112, 0.5104997158050537, 0.293650358915329, 0.30946508049964905, 0.33891311287879944, 0.30661335587501526, 0.4561091363430023, 0.3085040748119354, 1.198419213294983, 0.4278737008571625, 0.29087984561920166, 0.3959808349609375, 0.3061468005180359, 0.30252882838249207, 0.4267461895942688, 0.4047470986843109, 0.29760387539863586, 0.32794874906539917, 0.4989783465862274, 0.6061542630195618, 0.29645732045173645, 0.7952156066894531, 0.33383914828300476, 0.40131285786628723, 0.38646724820137024, 0.2972942292690277, 1.6002289056777954, 0.4219854772090912, 0.446696937084198, 0.3104950785636902, 0.5282695293426514, 0.29394376277923584, 0.3361196517944336, 0.35427677631378174, 0.4775608777999878, 0.40188246965408325, 0.35600030422210693, 0.37395235896110535]",6.0,"[33.0, 32.0, 15.0, 14.0, 12.0, 12.0, 11.0, 11.0, 10.0, 7.0, 6.0, 6.0, 6.0, 6.0, 6.0, 6.0, 6.0, 6.0, 6.0, 6.0, 6.0, 6.0, 6.0, 6.0, 6.0, 6.0, 6.0, 6.0, 6.0, 6.0, 6.0, 6.0, 6.0, 6.0, 6.0, 6.0, 6.0, 6.0, 6.0, 6.0, 6.0, 6.0, 6.0, 6.0, 6.0, 6.0, 6.0, 6.0, 6.0, 6.0, 6.0, 6.0, 6.0, 6.0, 6.0, 6.0, 6.0, 6.0, 6.0, 6.0, 6.0, 6.0, 6.0, 6.0, 6.0, 6.0, 6.0, 6.0, 6.0, 6.0, 6.0, 6.0, 6.0, 6.0, 6.0, 6.0, 6.0, 6.0, 6.0, 6.0, 6.0, 6.0, 6.0, 6.0, 6.0, 6.0, 6.0, 6.0, 6.0, 6.0, 6.0, 6.0, 6.0, 6.0, 6.0, 6.0, 6.0, 6.0, 6.0, 6.0, 6.0, 6.0, 6.0, 6.0, 6.0, 6.0, 6.0, 6.0, 6.0, 6.0, 6.0, 6.0, 6.0, 6.0, 6.0, 6.0, 6.0, 6.0, 6.0, 6.0, 6.0, 6.0, 6.0, 6.0, 6.0, 6.0, 6.0, 6.0, 6.0, 6.0, 6.0, 6.0, 6.0, 6.0, 6.0, 6.0, 6.0, 6.0, 6.0, 6.0, 6.0, 6.0, 6.0, 6.0, 6.0, 6.0, 6.0, 6.0, 6.0, 6.0, 6.0, 6.0, 6.0, 6.0, 6.0, 6.0, 6.0, 6.0, 6.0, 6.0, 6.0, 6.0, 6.0, 6.0, 6.0, 6.0, 6.0, 6.0, 6.0, 6.0, 6.0, 6.0, 6.0, 6.0, 6.0, 6.0, 6.0, 6.0, 6.0, 6.0, 6.0, 6.0, 6.0, 6.0, 6.0, 6.0, 6.0, 6.0, 6.0, 6.0, 6.0, 6.0, 6.0, 6.0, 6.0, 6.0, 6.0, 6.0, 6.0, 6.0, 6.0, 6.0, 6.0, 6.0, 6.0, 6.0, 6.0, 6.0, 6.0, 6.0, 6.0, 6.0, 6.0, 6.0, 6.0, 6.0, 6.0, 6.0, 6.0, 6.0, 6.0, 6.0, 6.0, 6.0, 6.0, 6.0, 6.0, 6.0, 6.0, 6.0]",COMPLETE
