,number,value,datetime_start,datetime_complete,duration,params_batch_size_scaler,params_constant_learning_rate,params_depth,params_epochs,params_kernel_l2,params_num_trees,params_temperature,user_attrs_accuracy_test,user_attrs_accuracy_valid,user_attrs_approximate_feature_sparsity,user_attrs_approximate_feature_sparsity_history,user_attrs_approximate_weight_sparsity,user_attrs_approximate_weight_sparsity_history,user_attrs_auc_test,user_attrs_auc_valid,user_attrs_feature_sparsity,user_attrs_feature_sparsity_history,user_attrs_num_epochs,user_attrs_val_loss_history,user_attrs_weight_sparsity,user_attrs_weight_sparsity_history,state
61,61,0.7444062294701859,2024-08-31 03:04:48.432849,2024-08-31 03:05:18.862540,0 days 00:00:30.429691,64,0.03280331853383942,1,290,0.1588428866686659,62,0.02453280295601072,0.874,0.8725,33,"[33, 33, 33, 33, 33, 33, 33, 33, 33, 33, 33, 33, 33, 33, 33, 33, 33, 33, 33, 33, 33, 33, 33, 33, 33, 33, 33, 33, 33, 33, 33, 33, 33, 33, 33, 33, 33, 33, 33, 33, 33, 33, 33, 33, 33, 33, 33, 33, 33, 33, 33, 33, 33, 33, 33, 33, 33, 33, 33, 33, 33, 33, 33, 33, 33, 33, 33, 33, 33, 33, 33, 33, 33, 33, 33, 33, 33, 33, 33, 33, 33, 33, 33, 33, 33, 33, 33, 33, 33, 33, 33, 33, 33, 33, 33, 33, 33, 33, 33, 33, 33, 33, 33, 33, 33, 33, 33, 33, 33, 33, 33, 33, 33, 33, 33, 33, 33, 33, 33, 33, 33, 33, 33, 33, 33, 33, 33, 33, 33, 33, 33, 33, 33, 33, 33, 33, 33, 33, 33, 33, 33, 33, 33, 33, 33, 33, 33, 33, 33, 33, 33, 33, 33, 33, 33, 33, 33, 33, 33, 33, 33, 33, 33, 33, 33, 33, 33, 33, 33, 33, 33, 33, 33, 33, 33, 33, 33, 33, 33, 33, 33, 33, 33, 33, 33, 33, 33, 33, 33, 33, 33, 33, 33, 33, 33, 33, 33, 33, 33, 33, 33, 33, 33, 33, 33, 33, 33, 33, 33, 33, 33, 33, 33, 33, 33, 33, 33, 33, 33, 33, 33, 33, 33, 33, 33, 33, 33, 33, 33, 33, 33, 33, 33, 33, 33, 33, 33, 33, 33, 33, 33, 33, 33, 33, 33, 33, 33, 33, 33, 33, 33, 33, 33, 33, 33, 33, 33, 33, 33, 33, 33, 33, 33, 33, 33, 33, 33, 33, 33, 33, 33, 33, 33, 33, 33, 33, 33, 33, 33, 33, 33, 33, 33, 33, 33, 33, 33, 33, 33, 33]",33.0,"[32.96774193548387, 32.983870967741936, 32.96774193548387, 32.983870967741936, 32.983870967741936, 32.96774193548387, 32.983870967741936, 32.96774193548387, 32.96774193548387, 32.983870967741936, 32.983870967741936, 32.96774193548387, 32.983870967741936, 32.95161290322581, 32.96774193548387, 32.983870967741936, 32.983870967741936, 32.983870967741936, 32.983870967741936, 32.96774193548387, 32.983870967741936, 32.983870967741936, 32.95161290322581, 32.96774193548387, 32.96774193548387, 32.983870967741936, 32.983870967741936, 32.96774193548387, 32.983870967741936, 32.96774193548387, 32.96774193548387, 32.96774193548387, 32.96774193548387, 32.96774193548387, 32.96774193548387, 32.983870967741936, 32.935483870967744, 32.95161290322581, 32.95161290322581, 32.95161290322581, 32.983870967741936, 32.983870967741936, 32.96774193548387, 32.96774193548387, 32.96774193548387, 32.96774193548387, 32.95161290322581, 32.96774193548387, 32.983870967741936, 32.983870967741936, 32.983870967741936, 32.983870967741936, 32.983870967741936, 32.983870967741936, 32.983870967741936, 32.983870967741936, 32.983870967741936, 32.983870967741936, 33.0, 33.0, 32.96774193548387, 32.96774193548387, 32.983870967741936, 32.983870967741936, 32.983870967741936, 32.983870967741936, 32.983870967741936, 32.983870967741936, 32.983870967741936, 32.983870967741936, 32.983870967741936, 32.983870967741936, 32.983870967741936, 32.983870967741936, 33.0, 33.0, 32.96774193548387, 32.95161290322581, 33.0, 33.0, 33.0, 33.0, 33.0, 32.983870967741936, 33.0, 33.0, 32.983870967741936, 32.983870967741936, 32.95161290322581, 32.983870967741936, 32.983870967741936, 32.983870967741936, 33.0, 32.983870967741936, 32.983870967741936, 32.983870967741936, 33.0, 32.983870967741936, 33.0, 32.983870967741936, 33.0, 33.0, 32.983870967741936, 33.0, 33.0, 33.0, 33.0, 33.0, 32.983870967741936, 33.0, 33.0, 33.0, 33.0, 33.0, 33.0, 33.0, 32.983870967741936, 33.0, 32.983870967741936, 32.96774193548387, 32.96774193548387, 32.983870967741936, 32.983870967741936, 32.983870967741936, 32.983870967741936, 32.983870967741936, 33.0, 33.0, 33.0, 32.983870967741936, 32.983870967741936, 32.983870967741936, 33.0, 32.983870967741936, 32.983870967741936, 32.983870967741936, 32.983870967741936, 33.0, 33.0, 32.983870967741936, 33.0, 33.0, 33.0, 33.0, 33.0, 33.0, 33.0, 33.0, 33.0, 33.0, 33.0, 33.0, 33.0, 33.0, 33.0, 33.0, 33.0, 33.0, 33.0, 33.0, 32.983870967741936, 32.983870967741936, 33.0, 32.983870967741936, 32.983870967741936, 33.0, 32.983870967741936, 32.983870967741936, 32.983870967741936, 32.983870967741936, 33.0, 33.0, 33.0, 33.0, 33.0, 33.0, 33.0, 33.0, 32.983870967741936, 32.983870967741936, 32.983870967741936, 32.983870967741936, 33.0, 32.983870967741936, 33.0, 33.0, 32.983870967741936, 33.0, 33.0, 33.0, 33.0, 33.0, 33.0, 33.0, 33.0, 33.0, 32.983870967741936, 32.983870967741936, 33.0, 32.983870967741936, 32.983870967741936, 32.983870967741936, 32.983870967741936, 32.983870967741936, 32.96774193548387, 32.96774193548387, 32.983870967741936, 33.0, 33.0, 33.0, 33.0, 33.0, 33.0, 33.0, 32.983870967741936, 33.0, 32.983870967741936, 32.96774193548387, 32.96774193548387, 32.96774193548387, 32.96774193548387, 32.983870967741936, 32.983870967741936, 32.96774193548387, 32.983870967741936, 32.983870967741936, 32.983870967741936, 32.983870967741936, 33.0, 33.0, 33.0, 33.0, 33.0, 33.0, 33.0, 33.0, 33.0, 33.0, 33.0, 32.983870967741936, 33.0, 33.0, 33.0, 33.0, 33.0, 33.0, 33.0, 33.0, 33.0, 33.0, 33.0, 32.983870967741936, 32.983870967741936, 32.983870967741936, 33.0, 32.983870967741936, 32.983870967741936, 32.983870967741936, 33.0, 32.96774193548387, 32.983870967741936, 32.96774193548387, 32.983870967741936, 32.96774193548387, 32.96774193548387, 32.983870967741936, 32.983870967741936, 32.983870967741936, 32.983870967741936, 32.96774193548387, 32.96774193548387, 32.96774193548387, 32.983870967741936, 32.96774193548387, 32.96774193548387, 33.0, 33.0, 33.0, 33.0, 33.0, 33.0, 33.0, 33.0, 33.0, 33.0, 33.0, 33.0, 33.0, 33.0, 33.0]",0.7848479594448434,0.7444062294701859,33,"[33, 33, 33, 33, 33, 33, 33, 33, 33, 33, 33, 33, 33, 33, 33, 33, 33, 33, 33, 33, 33, 33, 33, 33, 33, 33, 33, 33, 33, 33, 33, 33, 33, 33, 33, 33, 33, 33, 33, 33, 33, 33, 33, 33, 33, 33, 33, 33, 33, 33, 33, 33, 33, 33, 33, 33, 33, 33, 33, 33, 33, 33, 33, 33, 33, 33, 33, 33, 33, 33, 33, 33, 33, 33, 33, 33, 33, 33, 33, 33, 33, 33, 33, 33, 33, 33, 33, 33, 33, 33, 33, 33, 33, 33, 33, 33, 33, 33, 33, 33, 33, 33, 33, 33, 33, 33, 33, 33, 33, 33, 33, 33, 33, 33, 33, 33, 33, 33, 33, 33, 33, 33, 33, 33, 33, 33, 33, 33, 33, 33, 33, 33, 33, 33, 33, 33, 33, 33, 33, 33, 33, 33, 33, 33, 33, 33, 33, 33, 33, 33, 33, 33, 33, 33, 33, 33, 33, 33, 33, 33, 33, 33, 33, 33, 33, 33, 33, 33, 33, 33, 33, 33, 33, 33, 33, 33, 33, 33, 33, 33, 33, 33, 33, 33, 33, 33, 33, 33, 33, 33, 33, 33, 33, 33, 33, 33, 33, 33, 33, 33, 33, 33, 33, 33, 33, 33, 33, 33, 33, 33, 33, 33, 33, 33, 33, 33, 33, 33, 33, 33, 33, 33, 33, 33, 33, 33, 33, 33, 33, 33, 33, 33, 33, 33, 33, 33, 33, 33, 33, 33, 33, 33, 33, 33, 33, 33, 33, 33, 33, 33, 33, 33, 33, 33, 33, 33, 33, 33, 33, 33, 33, 33, 33, 33, 33, 33, 33, 33, 33, 33, 33, 33, 33, 33, 33, 33, 33, 33, 33, 33, 33, 33, 33, 33, 33, 33, 33, 33, 33, 33]",290,"[0.5276697874069214, 0.5224168300628662, 0.5217733383178711, 0.5204068422317505, 0.51999831199646, 0.5181723237037659, 0.5172324776649475, 0.5166170597076416, 0.5152568817138672, 0.5142573118209839, 0.5133932828903198, 0.5123245716094971, 0.511544406414032, 0.5105816721916199, 0.5101177096366882, 0.5091639757156372, 0.508991539478302, 0.5081867575645447, 0.5068423748016357, 0.5058677196502686, 0.5050771832466125, 0.5049019455909729, 0.50371253490448, 0.5028963088989258, 0.5022357702255249, 0.5017225742340088, 0.5007041096687317, 0.5002138018608093, 0.4993276596069336, 0.4986950755119324, 0.4980032742023468, 0.4980602264404297, 0.49684494733810425, 0.496347576379776, 0.495841383934021, 0.49522823095321655, 0.4946458041667938, 0.4941178858280182, 0.4936390817165375, 0.49327319860458374, 0.4926176071166992, 0.4921787977218628, 0.4914892911911011, 0.49103060364723206, 0.49039772152900696, 0.49037420749664307, 0.4894004464149475, 0.48919540643692017, 0.4885135591030121, 0.48806697130203247, 0.4874637722969055, 0.4870580732822418, 0.487052321434021, 0.4862173795700073, 0.4862915277481079, 0.4854353070259094, 0.4849517345428467, 0.48490774631500244, 0.48518526554107666, 0.4843845069408417, 0.48511332273483276, 0.4830816984176636, 0.4833948016166687, 0.4822939932346344, 0.48188015818595886, 0.48158586025238037, 0.481513112783432, 0.4809142053127289, 0.4806571304798126, 0.4801965653896332, 0.47987616062164307, 0.47951456904411316, 0.4792102575302124, 0.47890937328338623, 0.478476881980896, 0.47808942198753357, 0.4775468707084656, 0.47724413871765137, 0.47752225399017334, 0.47656792402267456, 0.47628253698349, 0.4759799838066101, 0.4759117364883423, 0.4758809804916382, 0.4761964678764343, 0.4749763011932373, 0.47785109281539917, 0.47766149044036865, 0.4744286835193634, 0.4731694757938385, 0.4728262722492218, 0.4726554751396179, 0.472166508436203, 0.4718379080295563, 0.4717951714992523, 0.47125008702278137, 0.47086796164512634, 0.4710860550403595, 0.4714050590991974, 0.4699935019016266, 0.46956244111061096, 0.469380259513855, 0.46907109022140503, 0.4691280722618103, 0.46856939792633057, 0.46815916895866394, 0.46800556778907776, 0.46772313117980957, 0.46743011474609375, 0.4673052728176117, 0.46732819080352783, 0.4678294360637665, 0.4665023386478424, 0.46575605869293213, 0.46600550413131714, 0.46553534269332886, 0.4650115966796875, 0.46547770500183105, 0.46448811888694763, 0.46423304080963135, 0.46388113498687744, 0.4642331600189209, 0.4643594026565552, 0.4635584354400635, 0.4629110097885132, 0.46277928352355957, 0.46246805787086487, 0.4630342721939087, 0.4621129333972931, 0.46184685826301575, 0.4618762731552124, 0.4611213207244873, 0.46113213896751404, 0.4612269699573517, 0.4605037569999695, 0.46002379059791565, 0.45973753929138184, 0.45947179198265076, 0.45942139625549316, 0.4591115713119507, 0.45879635214805603, 0.45857009291648865, 0.4586024582386017, 0.4580899178981781, 0.45871883630752563, 0.45971575379371643, 0.4574422836303711, 0.45704150199890137, 0.45695772767066956, 0.4566703736782074, 0.45642340183258057, 0.45627307891845703, 0.4564477503299713, 0.4565953016281128, 0.4557032287120819, 0.45523354411125183, 0.45503902435302734, 0.4548179507255554, 0.4546319246292114, 0.45434725284576416, 0.45412731170654297, 0.45415234565734863, 0.45345523953437805, 0.4532405734062195, 0.45317980647087097, 0.45334160327911377, 0.45278313755989075, 0.4523579478263855, 0.45219433307647705, 0.4518877863883972, 0.4522252380847931, 0.45218130946159363, 0.45139241218566895, 0.45181387662887573, 0.4515892267227173, 0.45058900117874146, 0.4503594934940338, 0.450639009475708, 0.4493597447872162, 0.4494445323944092, 0.44896721839904785, 0.44923222064971924, 0.4489394724369049, 0.44824767112731934, 0.4479714334011078, 0.4478309154510498, 0.44757261872291565, 0.4470994472503662, 0.44697847962379456, 0.4479715824127197, 0.44667235016822815, 0.44642189145088196, 0.44626468420028687, 0.446031391620636, 0.4472130239009857, 0.445707768201828, 0.44545048475265503, 0.4452648162841797, 0.44493597745895386, 0.44473350048065186, 0.44448626041412354, 0.44442296028137207, 0.44450706243515015, 0.4437679052352905, 0.44335606694221497, 0.4433094263076782, 0.44359007477760315, 0.44278308749198914, 0.4428001046180725, 0.4429887533187866, 0.4423483908176422, 0.4418281316757202, 0.4418899416923523, 0.44205665588378906, 0.4419289529323578, 0.4414064288139343, 0.4413597881793976, 0.4403051435947418, 0.4403994679450989, 0.44048911333084106, 0.4396188259124756, 0.4396069645881653, 0.44032996892929077, 0.4395325779914856, 0.4389536380767822, 0.43979960680007935, 0.43950554728507996, 0.4382084012031555, 0.437984824180603, 0.438165545463562, 0.43791085481643677, 0.4376075863838196, 0.43793389201164246, 0.43776780366897583, 0.4367789924144745, 0.43679487705230713, 0.4365965723991394, 0.43719708919525146, 0.43594878911972046, 0.43587082624435425, 0.4361214339733124, 0.43524959683418274, 0.43535560369491577, 0.43485695123672485, 0.43452030420303345, 0.43475767970085144, 0.43550050258636475, 0.4349968433380127, 0.4341591000556946, 0.43396541476249695, 0.4337743818759918, 0.43357226252555847, 0.4334374964237213, 0.43306905031204224, 0.43308311700820923, 0.4333130717277527, 0.4324427843093872, 0.43211624026298523, 0.4319452941417694, 0.4318317174911499, 0.4320758581161499, 0.4315667450428009, 0.43154942989349365, 0.431186705827713, 0.43123820424079895, 0.43073931336402893, 0.4307030439376831, 0.430454283952713, 0.43022286891937256, 0.42996326088905334, 0.4297783374786377, 0.42998331785202026, 0.4293896555900574, 0.42911702394485474, 0.4291260242462158, 0.42895111441612244, 0.4287196099758148, 0.42858603596687317, 0.4287480413913727, 0.42989981174468994, 0.4291303753852844, 0.42886805534362793, 0.4282303750514984, 0.42742010951042175, 0.42777910828590393, 0.4272948205471039, 0.42679333686828613, 0.4264828562736511, 0.42642849683761597, 0.4259341061115265]",33.0,"[33.0, 33.0, 33.0, 33.0, 33.0, 33.0, 33.0, 33.0, 33.0, 33.0, 33.0, 33.0, 33.0, 33.0, 33.0, 33.0, 33.0, 33.0, 33.0, 33.0, 33.0, 33.0, 33.0, 33.0, 33.0, 33.0, 33.0, 33.0, 33.0, 33.0, 33.0, 33.0, 33.0, 33.0, 33.0, 33.0, 33.0, 33.0, 33.0, 33.0, 33.0, 33.0, 33.0, 33.0, 33.0, 33.0, 33.0, 33.0, 33.0, 33.0, 33.0, 33.0, 33.0, 33.0, 33.0, 33.0, 33.0, 33.0, 33.0, 33.0, 33.0, 33.0, 33.0, 33.0, 33.0, 33.0, 33.0, 33.0, 33.0, 33.0, 33.0, 33.0, 33.0, 33.0, 33.0, 33.0, 33.0, 33.0, 33.0, 33.0, 33.0, 33.0, 33.0, 33.0, 33.0, 33.0, 33.0, 33.0, 33.0, 33.0, 33.0, 33.0, 33.0, 33.0, 33.0, 33.0, 33.0, 33.0, 33.0, 33.0, 33.0, 33.0, 33.0, 33.0, 33.0, 33.0, 33.0, 33.0, 33.0, 33.0, 33.0, 33.0, 33.0, 33.0, 33.0, 33.0, 33.0, 33.0, 33.0, 33.0, 33.0, 33.0, 33.0, 33.0, 33.0, 33.0, 33.0, 33.0, 33.0, 33.0, 33.0, 33.0, 33.0, 33.0, 33.0, 33.0, 33.0, 33.0, 33.0, 33.0, 33.0, 33.0, 33.0, 33.0, 33.0, 33.0, 33.0, 33.0, 33.0, 33.0, 33.0, 33.0, 33.0, 33.0, 33.0, 33.0, 33.0, 33.0, 33.0, 33.0, 33.0, 33.0, 33.0, 33.0, 33.0, 33.0, 33.0, 33.0, 33.0, 33.0, 33.0, 33.0, 33.0, 33.0, 33.0, 33.0, 33.0, 33.0, 33.0, 33.0, 33.0, 33.0, 33.0, 33.0, 33.0, 33.0, 33.0, 33.0, 33.0, 33.0, 33.0, 33.0, 33.0, 33.0, 33.0, 33.0, 33.0, 33.0, 33.0, 33.0, 33.0, 33.0, 33.0, 33.0, 33.0, 33.0, 33.0, 33.0, 33.0, 33.0, 33.0, 33.0, 33.0, 33.0, 33.0, 33.0, 33.0, 33.0, 33.0, 33.0, 33.0, 33.0, 33.0, 33.0, 33.0, 33.0, 33.0, 33.0, 33.0, 33.0, 33.0, 33.0, 33.0, 33.0, 33.0, 33.0, 33.0, 33.0, 33.0, 33.0, 33.0, 33.0, 33.0, 33.0, 33.0, 33.0, 33.0, 33.0, 33.0, 33.0, 33.0, 33.0, 33.0, 33.0, 33.0, 33.0, 33.0, 33.0, 33.0, 33.0, 33.0, 33.0, 33.0, 33.0, 33.0, 33.0, 33.0, 33.0, 33.0, 33.0, 33.0, 33.0, 33.0, 33.0, 33.0, 33.0, 33.0, 33.0, 33.0, 33.0, 33.0, 33.0, 33.0, 33.0, 33.0, 33.0, 33.0, 33.0, 33.0, 33.0]",COMPLETE
