,number,value,datetime_start,datetime_complete,duration,params_batch_size_scaler,params_constant_learning_rate,params_depth,params_epochs,params_kernel_l2,params_num_trees,params_temperature,user_attrs_accuracy_test,user_attrs_accuracy_valid,user_attrs_approximate_feature_sparsity,user_attrs_approximate_feature_sparsity_history,user_attrs_approximate_weight_sparsity,user_attrs_approximate_weight_sparsity_history,user_attrs_auc_test,user_attrs_auc_valid,user_attrs_feature_sparsity,user_attrs_feature_sparsity_history,user_attrs_num_epochs,user_attrs_val_loss_history,user_attrs_weight_sparsity,user_attrs_weight_sparsity_history,state
123,123,0.5,2024-08-31 05:14:48.779707,2024-08-31 05:18:19.169034,0 days 00:03:30.389327,16,2.596836775386697,6,160,0.1546933444438227,10,0.0032408559983668123,0.859,0.85875,0,"[33, 33, 14, 3, 1, 1, 1, 1, 1, 1, 1, 1, 1, 1, 1, 1, 1, 1, 1, 1, 1, 1, 1, 1, 1, 1, 1, 1, 1, 1, 1, 1, 1, 1, 1, 1, 1, 0, 0, 0, 0, 0, 0, 0, 0, 0, 0, 0, 0, 0, 0, 0, 0, 0, 0, 0, 0, 0, 0, 0, 0, 0, 0, 0, 0, 0, 0, 0, 0, 0, 0, 0, 0, 0, 0, 0, 0, 0, 0, 0, 0, 0, 0, 0, 0, 0, 0, 0, 0, 0, 0, 0, 0, 0, 0, 0, 0, 0, 0, 0, 0, 0, 0, 0, 0, 0, 0, 0, 0, 0, 0, 0, 0, 0, 0, 0, 0, 0, 0, 0, 0, 0, 0, 0, 0, 0, 0, 0, 0, 0, 0, 0, 0, 0, 0, 0, 0, 0, 0, 0, 0, 0, 0, 0, 0, 0, 0, 0, 0, 0, 0, 0, 0, 0, 0, 0, 0, 0, 0, 0]",0.0,"[32.96507936507937, 32.96031746031746, 13.97936507936508, 2.988888888888889, 1.0, 0.9984126984126984, 0.9984126984126984, 1.0, 1.0, 1.0, 1.0, 0.9984126984126984, 1.0, 1.0, 1.0, 0.9984126984126984, 1.0, 0.9984126984126984, 0.9984126984126984, 0.9968253968253968, 1.0, 1.0, 1.0, 0.9968253968253968, 1.0, 1.0, 1.0, 1.0, 1.0, 0.9984126984126984, 0.9984126984126984, 0.9984126984126984, 1.0, 0.9984126984126984, 1.0, 0.9984126984126984, 1.0, 0.0, 0.0, 0.0, 0.0, 0.0, 0.0, 0.0, 0.0, 0.0, 0.0, 0.0, 0.0, 0.0, 0.0, 0.0, 0.0, 0.0, 0.0, 0.0, 0.0, 0.0, 0.0, 0.0, 0.0, 0.0, 0.0, 0.0, 0.0, 0.0, 0.0, 0.0, 0.0, 0.0, 0.0, 0.0, 0.0, 0.0, 0.0, 0.0, 0.0, 0.0, 0.0, 0.0, 0.0, 0.0, 0.0, 0.0, 0.0, 0.0, 0.0, 0.0, 0.0, 0.0, 0.0, 0.0, 0.0, 0.0, 0.0, 0.0, 0.0, 0.0, 0.0, 0.0, 0.0, 0.0, 0.0, 0.0, 0.0, 0.0, 0.0, 0.0, 0.0, 0.0, 0.0, 0.0, 0.0, 0.0, 0.0, 0.0, 0.0, 0.0, 0.0, 0.0, 0.0, 0.0, 0.0, 0.0, 0.0, 0.0, 0.0, 0.0, 0.0, 0.0, 0.0, 0.0, 0.0, 0.0, 0.0, 0.0, 0.0, 0.0, 0.0, 0.0, 0.0, 0.0, 0.0, 0.0, 0.0, 0.0, 0.0, 0.0, 0.0, 0.0, 0.0, 0.0, 0.0, 0.0, 0.0, 0.0, 0.0, 0.0, 0.0, 0.0]",0.5,0.5,0,"[33, 33, 14, 3, 1, 1, 1, 1, 1, 1, 1, 1, 1, 1, 1, 1, 1, 1, 1, 1, 1, 1, 1, 1, 1, 1, 1, 1, 1, 1, 1, 1, 1, 1, 1, 1, 1, 0, 0, 0, 0, 0, 0, 0, 0, 0, 0, 0, 0, 0, 0, 0, 0, 0, 0, 0, 0, 0, 0, 0, 0, 0, 0, 0, 0, 0, 0, 0, 0, 0, 0, 0, 0, 0, 0, 0, 0, 0, 0, 0, 0, 0, 0, 0, 0, 0, 0, 0, 0, 0, 0, 0, 0, 0, 0, 0, 0, 0, 0, 0, 0, 0, 0, 0, 0, 0, 0, 0, 0, 0, 0, 0, 0, 0, 0, 0, 0, 0, 0, 0, 0, 0, 0, 0, 0, 0, 0, 0, 0, 0, 0, 0, 0, 0, 0, 0, 0, 0, 0, 0, 0, 0, 0, 0, 0, 0, 0, 0, 0, 0, 0, 0, 0, 0, 0, 0, 0, 0, 0, 0]",160,"[0.3946751356124878, 0.38146132230758667, 0.3712165951728821, 0.37563827633857727, 0.394972026348114, 0.39417552947998047, 0.393349289894104, 0.3926659822463989, 0.3919985592365265, 0.39134928584098816, 0.39106255769729614, 0.3902987539768219, 0.39016762375831604, 0.38937613368034363, 0.38904640078544617, 0.388762503862381, 0.3885820806026459, 0.38806283473968506, 0.38798725605010986, 0.3875955641269684, 0.3873828947544098, 0.3873034417629242, 0.3870755136013031, 0.3869042694568634, 0.3868747651576996, 0.38672390580177307, 0.3865819275379181, 0.38659214973449707, 0.3866841793060303, 0.38642382621765137, 0.3867083489894867, 0.3862699866294861, 0.3862381875514984, 0.3861602544784546, 0.38619986176490784, 0.3862055242061615, 0.386132150888443, 0.40910443663597107, 0.4075043201446533, 0.40722692012786865, 0.40769314765930176, 0.407399445772171, 0.4074757397174835, 0.4072997272014618, 0.4072452783584595, 0.4072701334953308, 0.40729179978370667, 0.40725380182266235, 0.4073522090911865, 0.40725767612457275, 0.4072791635990143, 0.4072338938713074, 0.40730345249176025, 0.4072270691394806, 0.4072992205619812, 0.4073805510997772, 0.4079053997993469, 0.40722665190696716, 0.4073799252510071, 0.4073053300380707, 0.40742790699005127, 0.4072618782520294, 0.4076758623123169, 0.4072474241256714, 0.40725407004356384, 0.4072618782520294, 0.40726229548454285, 0.40724682807922363, 0.4072393476963043, 0.4072314202785492, 0.40741685032844543, 0.407293438911438, 0.40723586082458496, 0.40725159645080566, 0.4072621166706085, 0.4072318375110626, 0.40751609206199646, 0.40731337666511536, 0.4072493016719818, 0.4072262942790985, 0.4072362184524536, 0.40746989846229553, 0.40730541944503784, 0.40722641348838806, 0.4072621464729309, 0.4072626531124115, 0.407319575548172, 0.40724894404411316, 0.4072261452674866, 0.4072954058647156, 0.4072558581829071, 0.4074578583240509, 0.4072985053062439, 0.4072278141975403, 0.40723130106925964, 0.40723568201065063, 0.407227098941803, 0.40722620487213135, 0.4075736701488495, 0.4075186252593994, 0.40733975172042847, 0.40753209590911865, 0.407308429479599, 0.40730515122413635, 0.4072287678718567, 0.4072558879852295, 0.40757572650909424, 0.40732261538505554, 0.4074420928955078, 0.40723341703414917, 0.4072261154651642, 0.40727484226226807, 0.40724098682403564, 0.40747806429862976, 0.4072878658771515, 0.40746209025382996, 0.4072278141975403, 0.40722760558128357, 0.4072275459766388, 0.40730056166648865, 0.4072430729866028, 0.40732234716415405, 0.40722617506980896, 0.4072446823120117, 0.4072328209877014, 0.40727710723876953, 0.40722739696502686, 0.4072445333003998, 0.40762126445770264, 0.40725672245025635, 0.40730002522468567, 0.4072369337081909, 0.4072261154651642, 0.4072430431842804, 0.40722620487213135, 0.40723490715026855, 0.4072342813014984, 0.40735962986946106, 0.40723010897636414, 0.4072476327419281, 0.40722933411598206, 0.4073975384235382, 0.40732452273368835, 0.40727248787879944, 0.40722715854644775, 0.4072299599647522, 0.4075680673122406, 0.40722858905792236, 0.4072290062904358, 0.4073372185230255, 0.40774887800216675, 0.4072822332382202, 0.40723881125450134, 0.40775763988494873, 0.4072262942790985, 0.40722760558128357, 0.40724417567253113, 0.4074532985687256, 0.40726447105407715, 0.4073125123977661]",0.0,"[33.0, 33.0, 14.0, 3.0, 1.0, 1.0, 1.0, 1.0, 1.0, 1.0, 1.0, 1.0, 1.0, 1.0, 1.0, 1.0, 1.0, 1.0, 1.0, 1.0, 1.0, 1.0, 1.0, 1.0, 1.0, 1.0, 1.0, 1.0, 1.0, 1.0, 1.0, 1.0, 1.0, 1.0, 1.0, 1.0, 1.0, 0.0, 0.0, 0.0, 0.0, 0.0, 0.0, 0.0, 0.0, 0.0, 0.0, 0.0, 0.0, 0.0, 0.0, 0.0, 0.0, 0.0, 0.0, 0.0, 0.0, 0.0, 0.0, 0.0, 0.0, 0.0, 0.0, 0.0, 0.0, 0.0, 0.0, 0.0, 0.0, 0.0, 0.0, 0.0, 0.0, 0.0, 0.0, 0.0, 0.0, 0.0, 0.0, 0.0, 0.0, 0.0, 0.0, 0.0, 0.0, 0.0, 0.0, 0.0, 0.0, 0.0, 0.0, 0.0, 0.0, 0.0, 0.0, 0.0, 0.0, 0.0, 0.0, 0.0, 0.0, 0.0, 0.0, 0.0, 0.0, 0.0, 0.0, 0.0, 0.0, 0.0, 0.0, 0.0, 0.0, 0.0, 0.0, 0.0, 0.0, 0.0, 0.0, 0.0, 0.0, 0.0, 0.0, 0.0, 0.0, 0.0, 0.0, 0.0, 0.0, 0.0, 0.0, 0.0, 0.0, 0.0, 0.0, 0.0, 0.0, 0.0, 0.0, 0.0, 0.0, 0.0, 0.0, 0.0, 0.0, 0.0, 0.0, 0.0, 0.0, 0.0, 0.0, 0.0, 0.0, 0.0, 0.0, 0.0, 0.0, 0.0, 0.0, 0.0]",COMPLETE
