,number,value,datetime_start,datetime_complete,duration,params_batch_size_scaler,params_constant_learning_rate,params_depth,params_epochs,params_kernel_l2,params_num_trees,params_temperature,user_attrs_accuracy_test,user_attrs_accuracy_valid,user_attrs_approximate_feature_sparsity,user_attrs_approximate_feature_sparsity_history,user_attrs_approximate_weight_sparsity,user_attrs_approximate_weight_sparsity_history,user_attrs_auc_test,user_attrs_auc_valid,user_attrs_feature_sparsity,user_attrs_feature_sparsity_history,user_attrs_num_epochs,user_attrs_val_loss_history,user_attrs_weight_sparsity,user_attrs_weight_sparsity_history,state
3,3,0.8986487356854865,2024-08-31 00:43:04.134947,2024-08-31 00:49:16.194283,0 days 00:06:12.059336,4,0.6266394601895456,6,180,0.005766367170514043,72,0.0016121948411013352,0.923,0.9275,12,"[33, 33, 33, 33, 33, 33, 33, 33, 31, 20, 15, 15, 12, 12, 12, 12, 12, 12, 12, 12, 12, 12, 12, 12, 12, 12, 12, 12, 12, 12, 12, 12, 12, 12, 12, 12, 12, 12, 12, 12, 12, 12, 12, 12, 12, 12, 12, 12, 12, 12, 12, 12, 12, 12, 12, 12, 12, 12, 12, 12, 12, 12, 12, 12, 12, 12, 12, 12, 12, 12, 12, 12, 12, 12, 12, 12, 12, 12, 12, 12, 12, 12, 12, 12, 12, 12, 12, 12, 12, 12, 12, 12, 12, 12, 12, 12, 12, 12, 12, 12, 12, 12, 12, 12, 12, 12, 12, 12, 12, 12, 12, 12, 12, 12, 12, 12, 12, 12, 12, 12, 12, 12, 12, 12, 12, 12, 12, 12, 12, 12, 12, 12, 12, 12, 12, 12, 12, 12, 12, 12, 12, 12, 12, 12, 12, 12, 12, 12, 12, 12, 12, 12, 12, 12, 12, 12, 12, 12, 12, 12, 12, 12, 12, 12, 12, 12, 12, 12, 12, 12, 12, 12, 12, 12, 12, 12, 12, 12, 12, 12]",11.972883597883598,"[32.90321869488536, 32.90873015873016, 32.91203703703704, 32.90917107583774, 32.91622574955909, 32.90983245149912, 32.90652557319224, 32.90321869488536, 30.901014109347443, 19.937169312169313, 14.963403880070546, 14.96516754850088, 11.96384479717813, 11.968474426807761, 11.967151675485008, 11.968915343915345, 11.971119929453263, 11.97310405643739, 11.969356261022927, 11.966049382716049, 11.968253968253968, 11.973544973544973, 11.970238095238095, 11.973324514991182, 11.97310405643739, 11.968253968253968, 11.972442680776014, 11.970899470899472, 11.970679012345679, 11.969576719576718, 11.97332451499118, 11.970017636684304, 11.971340388007054, 11.972883597883598, 11.975970017636683, 11.975970017636683, 11.973765432098766, 11.972883597883598, 11.971781305114638, 11.968694885361552, 11.971560846560847, 11.975308641975309, 11.975308641975309, 11.97200176366843, 11.973765432098766, 11.971119929453263, 11.970899470899472, 11.969356261022927, 11.969356261022927, 11.967813051146384, 11.972222222222221, 11.971119929453263, 11.96847442680776, 11.969797178130511, 11.97310405643739, 11.97178130511464, 11.96957671957672, 11.973985890652557, 11.969356261022929, 11.968253968253968, 11.97310405643739, 11.972222222222221, 11.96957671957672, 11.97310405643739, 11.97200176366843, 11.974206349206348, 11.973765432098766, 11.97178130511464, 11.970899470899472, 11.973324514991182, 11.972883597883598, 11.96957671957672, 11.969135802469136, 11.97200176366843, 11.97310405643739, 11.972663139329805, 11.97310405643739, 11.971340388007055, 11.97420634920635, 11.972663139329805, 11.97420634920635, 11.972442680776014, 11.974647266313934, 11.972442680776014, 11.974867724867725, 11.972663139329807, 11.975088183421516, 11.97310405643739, 11.974867724867725, 11.974647266313934, 11.971560846560847, 11.97332451499118, 11.970458553791888, 11.971560846560847, 11.97178130511464, 11.970458553791886, 11.96847442680776, 11.97178130511464, 11.971119929453263, 11.973324514991182, 11.971119929453263, 11.968915343915343, 11.971119929453263, 11.97178130511464, 11.97310405643739, 11.976410934744269, 11.973324514991182, 11.972883597883598, 11.972222222222221, 11.974867724867725, 11.972222222222221, 11.97310405643739, 11.973765432098766, 11.97310405643739, 11.973985890652557, 11.97178130511464, 11.97310405643739, 11.973765432098766, 11.970238095238095, 11.968694885361552, 11.970458553791888, 11.971119929453263, 11.97067901234568, 11.970899470899472, 11.971560846560847, 11.974647266313934, 11.972663139329805, 11.971340388007054, 11.97310405643739, 11.975529100529101, 11.97310405643739, 11.971560846560845, 11.971560846560847, 11.972883597883598, 11.972663139329807, 11.970458553791888, 11.96847442680776, 11.969135802469136, 11.96847442680776, 11.968033509700177, 11.971119929453263, 11.969576719576718, 11.966269841269842, 11.967813051146384, 11.966490299823633, 11.968253968253968, 11.966710758377426, 11.968253968253968, 11.967592592592592, 11.96715167548501, 11.966049382716049, 11.969576719576718, 11.967592592592593, 11.969135802469136, 11.970238095238095, 11.970679012345679, 11.970017636684304, 11.97089947089947, 11.971119929453263, 11.970679012345679, 11.97200176366843, 11.971119929453263, 11.972883597883598, 11.971560846560845, 11.970017636684304, 11.969356261022927, 11.970679012345679, 11.969356261022927, 11.970679012345679, 11.972663139329805, 11.97310405643739, 11.972883597883598, 11.972442680776014, 11.973324514991182, 11.972222222222221, 11.972663139329807, 11.97200176366843, 11.97332451499118, 11.973544973544973, 11.972883597883598]",0.9066290177428811,0.8986487356854865,12,"[33, 33, 33, 33, 33, 33, 33, 33, 31, 20, 15, 15, 12, 12, 12, 12, 12, 12, 12, 12, 12, 12, 12, 12, 12, 12, 12, 12, 12, 12, 12, 12, 12, 12, 12, 12, 12, 12, 12, 12, 12, 12, 12, 12, 12, 12, 12, 12, 12, 12, 12, 12, 12, 12, 12, 12, 12, 12, 12, 12, 12, 12, 12, 12, 12, 12, 12, 12, 12, 12, 12, 12, 12, 12, 12, 12, 12, 12, 12, 12, 12, 12, 12, 12, 12, 12, 12, 12, 12, 12, 12, 12, 12, 12, 12, 12, 12, 12, 12, 12, 12, 12, 12, 12, 12, 12, 12, 12, 12, 12, 12, 12, 12, 12, 12, 12, 12, 12, 12, 12, 12, 12, 12, 12, 12, 12, 12, 12, 12, 12, 12, 12, 12, 12, 12, 12, 12, 12, 12, 12, 12, 12, 12, 12, 12, 12, 12, 12, 12, 12, 12, 12, 12, 12, 12, 12, 12, 12, 12, 12, 12, 12, 12, 12, 12, 12, 12, 12, 12, 12, 12, 12, 12, 12, 12, 12, 12, 12, 12, 12]",180,"[0.38321343064308167, 0.3724430203437805, 0.3662857711315155, 0.3606387972831726, 0.3565678298473358, 0.35192349553108215, 0.34809231758117676, 0.3443371653556824, 0.3416635990142822, 0.33678025007247925, 0.33419814705848694, 0.32835593819618225, 0.3242224156856537, 0.3220948874950409, 0.31839966773986816, 0.3122099041938782, 0.3089492619037628, 0.3021444082260132, 0.2966412305831909, 0.2916639745235443, 0.2873808741569519, 0.28255495429039, 0.2788449227809906, 0.27454644441604614, 0.27322253584861755, 0.26847994327545166, 0.2658458352088928, 0.26362931728363037, 0.26127639412879944, 0.2587377429008484, 0.2560693025588989, 0.25436699390411377, 0.25364580750465393, 0.2507511079311371, 0.24921981990337372, 0.2469375729560852, 0.24619798362255096, 0.24443235993385315, 0.24307966232299805, 0.24153511226177216, 0.24205337464809418, 0.23998436331748962, 0.23832584917545319, 0.23837493360042572, 0.23588362336158752, 0.23440079391002655, 0.2340358942747116, 0.23232612013816833, 0.23150639235973358, 0.23088721930980682, 0.23043031990528107, 0.231150820851326, 0.2289024144411087, 0.2292112112045288, 0.2277284860610962, 0.226348876953125, 0.22626426815986633, 0.22636911273002625, 0.22410748898983002, 0.22423189878463745, 0.22333036363124847, 0.22299277782440186, 0.22222644090652466, 0.2230948656797409, 0.22252915799617767, 0.220514714717865, 0.22033196687698364, 0.22026149928569794, 0.2208082228899002, 0.2185143679380417, 0.21985851228237152, 0.2211216688156128, 0.21872077882289886, 0.21691957116127014, 0.21721644699573517, 0.2170047014951706, 0.21689416468143463, 0.2155505120754242, 0.21642495691776276, 0.21599756181240082, 0.2152417153120041, 0.2163546234369278, 0.21419061720371246, 0.21533073484897614, 0.21419090032577515, 0.21596316993236542, 0.21545009315013885, 0.21572771668434143, 0.2138626128435135, 0.213191419839859, 0.21279647946357727, 0.2129586935043335, 0.21384568512439728, 0.21288156509399414, 0.21725250780582428, 0.21223224699497223, 0.2132984697818756, 0.21471191942691803, 0.2112577110528946, 0.2106904536485672, 0.21033969521522522, 0.2106838822364807, 0.21000120043754578, 0.21109969913959503, 0.2109055370092392, 0.21336083114147186, 0.21315030753612518, 0.20930291712284088, 0.2085321843624115, 0.21314886212348938, 0.2093457728624344, 0.20962505042552948, 0.21006709337234497, 0.20890206098556519, 0.20894335210323334, 0.20963796973228455, 0.2086414098739624, 0.20724105834960938, 0.20783905684947968, 0.20774030685424805, 0.20825377106666565, 0.20929954946041107, 0.20647016167640686, 0.20690488815307617, 0.20671598613262177, 0.20754972100257874, 0.2068326771259308, 0.2055114507675171, 0.2074577510356903, 0.20737117528915405, 0.2079126536846161, 0.2057175636291504, 0.20496812462806702, 0.2053515613079071, 0.2057645171880722, 0.2056693136692047, 0.20654602348804474, 0.20575380325317383, 0.20671388506889343, 0.20537623763084412, 0.20409449934959412, 0.20599210262298584, 0.2045792192220688, 0.2048148214817047, 0.20456013083457947, 0.20584312081336975, 0.20692846179008484, 0.20454983413219452, 0.2061658352613449, 0.20536237955093384, 0.20683430135250092, 0.20539213716983795, 0.2044646292924881, 0.2049618661403656, 0.20432966947555542, 0.207137793302536, 0.20379407703876495, 0.20679669082164764, 0.20383520424365997, 0.20633146166801453, 0.20575325191020966, 0.2044844776391983, 0.20377038419246674, 0.20423324406147003, 0.20394912362098694, 0.20372650027275085, 0.20470476150512695, 0.2049991488456726, 0.20391210913658142, 0.20402926206588745, 0.20357568562030792, 0.2049904316663742, 0.20509561896324158, 0.20651383697986603, 0.2035737782716751, 0.2035280466079712, 0.20309290289878845, 0.20422300696372986, 0.20458699762821198, 0.20772230625152588]",12.0,"[33.0, 33.0, 33.0, 33.0, 33.0, 33.0, 33.0, 33.0, 31.0, 20.0, 15.0, 15.0, 12.0, 12.0, 12.0, 12.0, 12.0, 12.0, 12.0, 12.0, 12.0, 12.0, 12.0, 12.0, 12.0, 12.0, 12.0, 12.0, 12.0, 12.0, 12.0, 12.0, 12.0, 12.0, 12.0, 12.0, 12.0, 12.0, 12.0, 12.0, 12.0, 12.0, 12.0, 12.0, 12.0, 12.0, 12.0, 12.0, 12.0, 12.0, 12.0, 12.0, 12.0, 12.0, 12.0, 12.0, 12.0, 12.0, 12.0, 12.0, 12.0, 12.0, 12.0, 12.0, 12.0, 12.0, 12.0, 12.0, 12.0, 12.0, 12.0, 12.0, 12.0, 12.0, 12.0, 12.0, 12.0, 12.0, 12.0, 12.0, 12.0, 12.0, 12.0, 12.0, 12.0, 12.0, 12.0, 12.0, 12.0, 12.0, 12.0, 12.0, 12.0, 12.0, 12.0, 12.0, 12.0, 12.0, 12.0, 12.0, 12.0, 12.0, 12.0, 12.0, 12.0, 12.0, 12.0, 12.0, 12.0, 12.0, 12.0, 12.0, 12.0, 12.0, 12.0, 12.0, 12.0, 12.0, 12.0, 12.0, 12.0, 12.0, 12.0, 12.0, 12.0, 12.0, 12.0, 12.0, 12.0, 12.0, 12.0, 12.0, 12.0, 12.0, 12.0, 12.0, 12.0, 12.0, 12.0, 12.0, 12.0, 12.0, 12.0, 12.0, 12.0, 12.0, 12.0, 12.0, 12.0, 12.0, 12.0, 12.0, 12.0, 12.0, 12.0, 12.0, 12.0, 12.0, 12.0, 12.0, 12.0, 12.0, 12.0, 12.0, 12.0, 12.0, 12.0, 12.0, 12.0, 12.0, 12.0, 12.0, 12.0, 12.0, 12.0, 12.0, 12.0, 12.0, 12.0, 12.0]",COMPLETE
4,4,0.6911543069134753,2024-08-31 00:49:16.299453,2024-08-31 00:49:35.892351,0 days 00:00:19.592898,64,0.2246455614592344,5,45,0.01567179551746499,38,0.020542008232053044,0.86,0.85875,33,"[33, 33, 33, 33, 33, 33, 33, 33, 33, 33, 33, 33, 33, 33, 33, 33, 33, 33, 33, 33, 33, 33, 33, 33, 33, 33, 33, 33, 33, 33, 33, 33, 33, 33, 33, 33, 33, 33, 33, 33, 33, 33, 33, 33, 33]",32.95415959252971,"[32.95246179966044, 32.955857385398986, 32.95331069609508, 32.946519524618, 32.95246179966044, 32.95755517826825, 32.955008488964346, 32.960101867572156, 32.955857385398986, 32.95670628183362, 32.95246179966045, 32.95925297113752, 32.958404074702884, 32.95585738539898, 32.95670628183362, 32.955008488964346, 32.95161290322581, 32.9490662139219, 32.95161290322581, 32.94227504244482, 32.946519524618, 32.94736842105264, 32.95670628183362, 32.9490662139219, 32.95670628183362, 32.95670628183362, 32.96264855687606, 32.955008488964346, 32.955857385398986, 32.94821731748727, 32.95415959252971, 32.95415959252971, 32.95415959252971, 32.950764006791175, 32.94397283531409, 32.946519524618, 32.95415959252971, 32.95331069609508, 32.945670628183365, 32.94312393887946, 32.94142614601019, 32.94142614601019, 32.94821731748727, 32.95331069609507, 32.95415959252971]",0.7290350812011328,0.6911543069134753,33,"[33, 33, 33, 33, 33, 33, 33, 33, 33, 33, 33, 33, 33, 33, 33, 33, 33, 33, 33, 33, 33, 33, 33, 33, 33, 33, 33, 33, 33, 33, 33, 33, 33, 33, 33, 33, 33, 33, 33, 33, 33, 33, 33, 33, 33]",45,"[0.45933637022972107, 0.42389756441116333, 0.40942806005477905, 0.40425413846969604, 0.40094193816185, 0.39794597029685974, 0.39591383934020996, 0.3945420980453491, 0.39303478598594666, 0.39195889234542847, 0.39057648181915283, 0.3893814980983734, 0.3882777690887451, 0.3872775733470917, 0.38623398542404175, 0.38534411787986755, 0.38438254594802856, 0.38387566804885864, 0.3830939531326294, 0.3822875916957855, 0.38158154487609863, 0.3808749318122864, 0.38023456931114197, 0.3797816336154938, 0.3791142404079437, 0.3784002363681793, 0.3778272867202759, 0.37737753987312317, 0.37682875990867615, 0.3762815594673157, 0.3757581412792206, 0.3753746747970581, 0.37491336464881897, 0.37449973821640015, 0.3743860721588135, 0.3739371597766876, 0.3735343813896179, 0.3731948733329773, 0.37278538942337036, 0.37247025966644287, 0.3721606433391571, 0.37191450595855713, 0.37163180112838745, 0.3713296949863434, 0.37103185057640076]",33.0,"[33.0, 33.0, 33.0, 33.0, 33.0, 33.0, 33.0, 33.0, 33.0, 33.0, 33.0, 33.0, 33.0, 33.0, 33.0, 33.0, 33.0, 33.0, 33.0, 33.0, 33.0, 33.0, 33.0, 33.0, 33.0, 33.0, 33.0, 33.0, 33.0, 33.0, 33.0, 33.0, 33.0, 33.0, 33.0, 33.0, 33.0, 33.0, 33.0, 33.0, 33.0, 33.0, 33.0, 33.0, 33.0]",COMPLETE
