,number,value,datetime_start,datetime_complete,duration,params_batch_size_scaler,params_constant_learning_rate,params_depth,params_epochs,params_kernel_l2,params_num_trees,params_temperature,user_attrs_accuracy_test,user_attrs_accuracy_valid,user_attrs_approximate_feature_sparsity,user_attrs_approximate_feature_sparsity_history,user_attrs_approximate_weight_sparsity,user_attrs_approximate_weight_sparsity_history,user_attrs_auc_test,user_attrs_auc_valid,user_attrs_feature_sparsity,user_attrs_feature_sparsity_history,user_attrs_num_epochs,user_attrs_val_loss_history,user_attrs_weight_sparsity,user_attrs_weight_sparsity_history,state
51,51,0.7122412438330049,2024-08-31 02:42:21.815844,2024-08-31 02:43:13.733993,0 days 00:00:51.918149,64,0.11874031170562797,4,90,0.008018252615011372,69,0.014047790470141095,0.869,0.8675,33,"[33, 33, 33, 33, 33, 33, 33, 33, 33, 33, 33, 33, 33, 33, 33, 33, 33, 33, 33, 33, 33, 33, 33, 33, 33, 33, 33, 33, 33, 33, 33, 33, 33, 33, 33, 33, 33, 33, 33, 33, 33, 33, 33, 33, 33, 33, 33, 33, 33, 33, 33, 33, 33, 33, 33, 33, 33, 33, 33, 33, 33, 33, 33, 33, 33, 33, 33, 33, 33, 33, 33, 33, 33, 33, 33, 33, 33, 33, 33, 33, 33, 33, 33, 33, 33, 33, 33, 33, 33, 33]",32.943961352657006,"[32.954589371980674, 32.95845410628019, 32.95748792270531, 32.95265700483092, 32.95169082125604, 32.94589371980676, 32.96038647342995, 32.96425120772947, 32.95748792270532, 32.947826086956525, 32.94685990338164, 32.9536231884058, 32.954589371980674, 32.95652173913044, 32.959420289855075, 32.9536231884058, 32.954589371980674, 32.955555555555556, 32.9536231884058, 32.95748792270531, 32.96038647342995, 32.95652173913044, 32.95845410628019, 32.96231884057971, 32.96038647342995, 32.95265700483092, 32.95652173913044, 32.955555555555556, 32.96038647342995, 32.95748792270531, 32.96038647342995, 32.959420289855075, 32.95265700483092, 32.96521739130435, 32.95845410628019, 32.954589371980674, 32.955555555555556, 32.95265700483092, 32.9487922705314, 32.95652173913044, 32.95652173913044, 32.954589371980674, 32.95845410628019, 32.95748792270532, 32.955555555555556, 32.955555555555556, 32.95845410628019, 32.95845410628019, 32.95942028985507, 32.960386473429956, 32.955555555555556, 32.959420289855075, 32.95265700483092, 32.947826086956525, 32.954589371980674, 32.96425120772947, 32.96135265700483, 32.96038647342995, 32.959420289855075, 32.96135265700483, 32.96135265700483, 32.95748792270531, 32.95748792270531, 32.95265700483092, 32.947826086956525, 32.955555555555556, 32.95072463768116, 32.948792270531406, 32.948792270531406, 32.947826086956525, 32.942995169082124, 32.948792270531406, 32.95169082125604, 32.94685990338164, 32.95265700483092, 32.95362318840579, 32.942995169082124, 32.95652173913044, 32.95265700483092, 32.94975845410628, 32.95265700483092, 32.95169082125604, 32.95265700483092, 32.95169082125604, 32.948792270531406, 32.95072463768116, 32.94975845410628, 32.94685990338164, 32.943961352657006, 32.943961352657006]",0.7481897968114004,0.7122412438330049,33,"[33, 33, 33, 33, 33, 33, 33, 33, 33, 33, 33, 33, 33, 33, 33, 33, 33, 33, 33, 33, 33, 33, 33, 33, 33, 33, 33, 33, 33, 33, 33, 33, 33, 33, 33, 33, 33, 33, 33, 33, 33, 33, 33, 33, 33, 33, 33, 33, 33, 33, 33, 33, 33, 33, 33, 33, 33, 33, 33, 33, 33, 33, 33, 33, 33, 33, 33, 33, 33, 33, 33, 33, 33, 33, 33, 33, 33, 33, 33, 33, 33, 33, 33, 33, 33, 33, 33, 33, 33, 33]",90,"[0.44350188970565796, 0.4130380153656006, 0.40465229749679565, 0.401450514793396, 0.3997967839241028, 0.3982124328613281, 0.3968413472175598, 0.39539986848831177, 0.39422667026519775, 0.3927532136440277, 0.3919341564178467, 0.39052990078926086, 0.3894287347793579, 0.3882599174976349, 0.3872295618057251, 0.3863934576511383, 0.38563159108161926, 0.3849845230579376, 0.3846856951713562, 0.38336190581321716, 0.38268646597862244, 0.38180121779441833, 0.3810524642467499, 0.3804524540901184, 0.37986287474632263, 0.3792319893836975, 0.3789869546890259, 0.3783715069293976, 0.37774813175201416, 0.3772338926792145, 0.37669602036476135, 0.37639307975769043, 0.3757086992263794, 0.3752809464931488, 0.37492093443870544, 0.37440603971481323, 0.37403273582458496, 0.37371349334716797, 0.37329337000846863, 0.37286052107810974, 0.3724759817123413, 0.3722914755344391, 0.3718000650405884, 0.3713254928588867, 0.37136900424957275, 0.37080317735671997, 0.3703911602497101, 0.3702974319458008, 0.37043440341949463, 0.36984357237815857, 0.3698609471321106, 0.3694031238555908, 0.3691534698009491, 0.36910614371299744, 0.36884936690330505, 0.36894387006759644, 0.36835598945617676, 0.3681269884109497, 0.3676551580429077, 0.3675536811351776, 0.3673763573169708, 0.3673994541168213, 0.36689597368240356, 0.3666525185108185, 0.3662925362586975, 0.3662426769733429, 0.36594489216804504, 0.36603739857673645, 0.3660397231578827, 0.36603373289108276, 0.3658682107925415, 0.3654951751232147, 0.3654322922229767, 0.3650890588760376, 0.36466658115386963, 0.3641405999660492, 0.3638473451137543, 0.3638320863246918, 0.3635760545730591, 0.3636948764324188, 0.3633889853954315, 0.36264169216156006, 0.3625543713569641, 0.36233216524124146, 0.3621605634689331, 0.3620399236679077, 0.3617232143878937, 0.3615473806858063, 0.361685574054718, 0.3615909814834595]",33.0,"[33.0, 33.0, 33.0, 33.0, 33.0, 33.0, 33.0, 33.0, 33.0, 33.0, 33.0, 33.0, 33.0, 33.0, 33.0, 33.0, 33.0, 33.0, 33.0, 33.0, 33.0, 33.0, 33.0, 33.0, 33.0, 33.0, 33.0, 33.0, 33.0, 33.0, 33.0, 33.0, 33.0, 33.0, 33.0, 33.0, 33.0, 33.0, 33.0, 33.0, 33.0, 33.0, 33.0, 33.0, 33.0, 33.0, 33.0, 33.0, 33.0, 33.0, 33.0, 33.0, 33.0, 33.0, 33.0, 33.0, 33.0, 33.0, 33.0, 33.0, 33.0, 33.0, 33.0, 33.0, 33.0, 33.0, 33.0, 33.0, 33.0, 33.0, 33.0, 33.0, 33.0, 33.0, 33.0, 33.0, 33.0, 33.0, 33.0, 33.0, 33.0, 33.0, 33.0, 33.0, 33.0, 33.0, 33.0, 33.0, 33.0, 33.0]",COMPLETE
52,52,0.6088418286509255,2024-08-31 02:43:15.753501,2024-08-31 02:43:46.583712,0 days 00:00:30.830211,64,0.7470626412606786,1,195,0.021737018621166476,56,0.005662951380413104,0.859,0.85875,1,"[33, 33, 33, 33, 33, 33, 33, 33, 33, 32, 32, 30, 25, 15, 8, 6, 4, 4, 4, 2, 2, 2, 2, 2, 2, 2, 2, 2, 2, 2, 2, 2, 2, 2, 2, 2, 2, 2, 2, 2, 2, 2, 2, 2, 2, 2, 2, 2, 2, 2, 2, 2, 2, 2, 2, 1, 1, 1, 1, 1, 1, 1, 1, 1, 1, 1, 1, 1, 1, 1, 1, 1, 1, 1, 1, 1, 1, 1, 1, 1, 1, 1, 1, 1, 1, 1, 1, 1, 1, 1, 1, 1, 1, 1, 1, 1, 1, 1, 1, 1, 1, 1, 1, 1, 1, 1, 1, 1, 1, 1, 1, 1, 1, 1, 1, 1, 1, 1, 1, 1, 1, 1, 1, 1, 1, 1, 1, 1, 1, 1, 1, 1, 1, 1, 1, 1, 1, 1, 1, 1, 1, 1, 1, 1, 1, 1, 1, 1, 1, 1, 1, 1, 1, 1, 1, 1, 1, 1, 1, 1, 1, 1, 1, 1, 1, 1, 1, 1, 1, 1, 1, 1, 1, 1, 1, 1, 1, 1, 1, 1, 1, 1, 1, 1, 1, 1, 1, 1, 1, 1, 1, 1, 1, 1, 1]",1.0,"[33.0, 33.0, 32.98214285714286, 33.0, 33.0, 32.98214285714286, 32.964285714285715, 32.98214285714286, 32.98214285714286, 32.0, 31.946428571428573, 29.964285714285715, 24.982142857142858, 14.982142857142858, 8.0, 6.0, 4.0, 4.0, 4.0, 2.0, 2.0, 2.0, 2.0, 2.0, 2.0, 2.0, 2.0, 2.0, 2.0, 2.0, 2.0, 2.0, 2.0, 1.9642857142857144, 2.0, 2.0, 2.0, 2.0, 2.0, 2.0, 2.0, 2.0, 2.0, 2.0, 1.9821428571428572, 2.0, 2.0, 2.0, 2.0, 2.0, 2.0, 2.0, 2.0, 1.9821428571428572, 2.0, 1.0, 1.0, 1.0, 1.0, 1.0, 1.0, 1.0, 1.0, 1.0, 1.0, 1.0, 1.0, 1.0, 1.0, 1.0, 1.0, 1.0, 1.0, 1.0, 1.0, 1.0, 1.0, 1.0, 1.0, 1.0, 1.0, 1.0, 1.0, 1.0, 1.0, 1.0, 1.0, 1.0, 1.0, 1.0, 1.0, 1.0, 1.0, 1.0, 1.0, 1.0, 1.0, 1.0, 1.0, 1.0, 1.0, 1.0, 1.0, 1.0, 1.0, 1.0, 1.0, 1.0, 1.0, 1.0, 1.0, 1.0, 1.0, 1.0, 1.0, 1.0, 1.0, 1.0, 1.0, 1.0, 1.0, 1.0, 1.0, 1.0, 1.0, 1.0, 1.0, 1.0, 1.0, 1.0, 1.0, 1.0, 1.0, 1.0, 1.0, 1.0, 1.0, 1.0, 1.0, 1.0, 1.0, 1.0, 1.0, 1.0, 1.0, 1.0, 1.0, 1.0, 1.0, 1.0, 1.0, 1.0, 1.0, 1.0, 1.0, 1.0, 1.0, 1.0, 1.0, 1.0, 1.0, 1.0, 1.0, 1.0, 1.0, 1.0, 1.0, 1.0, 1.0, 1.0, 1.0, 1.0, 1.0, 1.0, 1.0, 1.0, 1.0, 1.0, 1.0, 1.0, 1.0, 1.0, 1.0, 1.0, 1.0, 1.0, 1.0, 1.0, 1.0, 1.0, 1.0, 1.0, 1.0, 1.0, 1.0]",0.6144865793145584,0.6088418286509255,1,"[33, 33, 33, 33, 33, 33, 33, 33, 33, 32, 32, 30, 25, 15, 8, 6, 4, 4, 4, 2, 2, 2, 2, 2, 2, 2, 2, 2, 2, 2, 2, 2, 2, 2, 2, 2, 2, 2, 2, 2, 2, 2, 2, 2, 2, 2, 2, 2, 2, 2, 2, 2, 2, 2, 2, 1, 1, 1, 1, 1, 1, 1, 1, 1, 1, 1, 1, 1, 1, 1, 1, 1, 1, 1, 1, 1, 1, 1, 1, 1, 1, 1, 1, 1, 1, 1, 1, 1, 1, 1, 1, 1, 1, 1, 1, 1, 1, 1, 1, 1, 1, 1, 1, 1, 1, 1, 1, 1, 1, 1, 1, 1, 1, 1, 1, 1, 1, 1, 1, 1, 1, 1, 1, 1, 1, 1, 1, 1, 1, 1, 1, 1, 1, 1, 1, 1, 1, 1, 1, 1, 1, 1, 1, 1, 1, 1, 1, 1, 1, 1, 1, 1, 1, 1, 1, 1, 1, 1, 1, 1, 1, 1, 1, 1, 1, 1, 1, 1, 1, 1, 1, 1, 1, 1, 1, 1, 1, 1, 1, 1, 1, 1, 1, 1, 1, 1, 1, 1, 1, 1, 1, 1, 1, 1, 1]",195,"[0.9217043519020081, 0.4145897924900055, 2.242455244064331, 2.2866857051849365, 2.7532224655151367, 0.48066872358322144, 1.0192737579345703, 1.818413257598877, 0.7152426242828369, 0.39507412910461426, 1.301116943359375, 0.859670877456665, 0.3813954293727875, 2.9721174240112305, 1.6713697910308838, 1.3019849061965942, 2.622157335281372, 1.0789095163345337, 1.2630306482315063, 2.0685784816741943, 3.6031060218811035, 0.7315948009490967, 0.6670065522193909, 0.9851680994033813, 0.432010293006897, 0.7528887391090393, 0.4426911473274231, 0.4307684600353241, 0.5507677793502808, 3.542668342590332, 0.3960370123386383, 3.237952470779419, 1.1460015773773193, 0.6028344631195068, 1.0543173551559448, 2.5561442375183105, 1.601601004600525, 1.4148353338241577, 1.6808784008026123, 1.4789879322052002, 1.6772372722625732, 1.039560317993164, 0.42762118577957153, 1.8257373571395874, 0.4467364251613617, 1.6863360404968262, 0.6811475157737732, 0.41111549735069275, 0.5377185940742493, 1.1941816806793213, 2.1594455242156982, 1.9446351528167725, 1.6449153423309326, 0.46838387846946716, 0.4078157842159271, 3.0780029296875, 1.8430672883987427, 1.5525710582733154, 1.6052258014678955, 0.7466408014297485, 0.6276655197143555, 1.4305208921432495, 1.8250329494476318, 0.4728477895259857, 0.9207227826118469, 1.1183844804763794, 2.6558239459991455, 0.783886730670929, 0.4131195843219757, 1.0495764017105103, 0.49922850728034973, 1.8415992259979248, 1.1101442575454712, 0.7413166165351868, 0.7049985527992249, 0.5213213562965393, 3.3095486164093018, 2.5552592277526855, 2.0354249477386475, 0.4339672327041626, 0.46801644563674927, 0.4044497013092041, 1.7284111976623535, 2.4788334369659424, 1.724989891052246, 1.1466002464294434, 0.6774419546127319, 1.084242820739746, 1.4631167650222778, 1.1902804374694824, 0.3993936777114868, 2.778071403503418, 0.3986400365829468, 1.0829780101776123, 0.44326192140579224, 0.39764726161956787, 1.9477334022521973, 0.39889147877693176, 0.6521230340003967, 0.9858915209770203, 0.3953308165073395, 1.1607606410980225, 0.8216013312339783, 0.3947281539440155, 1.0578954219818115, 0.7375766634941101, 0.48768627643585205, 2.199744939804077, 3.0260894298553467, 0.5529456734657288, 2.8417017459869385, 0.493154376745224, 0.9586495757102966, 0.49671581387519836, 1.649165153503418, 1.6323935985565186, 1.200692892074585, 0.8723262548446655, 0.5486760139465332, 0.7724326848983765, 0.5424169301986694, 2.77734375, 0.6341478228569031, 1.6511362791061401, 0.4279676675796509, 1.6396820545196533, 0.4873601794242859, 0.47477617859840393, 2.75223970413208, 1.5223796367645264, 2.444096803665161, 1.1485531330108643, 0.6728515028953552, 1.0086727142333984, 1.9843101501464844, 0.7818318009376526, 0.5270901918411255, 1.0972332954406738, 0.3996027112007141, 1.2659533023834229, 1.2032757997512817, 0.41474682092666626, 0.6054153442382812, 1.3190927505493164, 1.1332913637161255, 1.0457804203033447, 0.6406164765357971, 0.7324468493461609, 0.6080330610275269, 1.8363653421401978, 0.8609405755996704, 1.5040477514266968, 1.4056698083877563, 1.847312569618225, 1.2067327499389648, 0.585167407989502, 1.051316261291504, 3.044015407562256, 1.211143970489502, 0.5069660544395447, 0.5239503979682922, 0.429918110370636, 0.6417407393455505, 0.5957801938056946, 2.1810920238494873, 2.5887503623962402, 0.41985365748405457, 0.6209365129470825, 0.4830470383167267, 0.8859754800796509, 1.5985904932022095, 0.8346557021141052, 1.3484400510787964, 0.8632616996765137, 0.4151526391506195, 0.7795590162277222, 0.41119739413261414, 0.43647611141204834, 1.8621635437011719, 0.930772602558136, 1.0866974592208862, 0.6150262951850891, 0.42620164155960083, 1.556357979774475, 0.8226442933082581, 0.651686429977417, 1.264068365097046, 0.4957527816295624, 0.7041915655136108, 0.8575008511543274, 0.758269727230072, 0.40899857878685, 0.5187549591064453, 1.4555453062057495, 1.4332594871520996]",1.0,"[33.0, 33.0, 33.0, 33.0, 33.0, 33.0, 33.0, 33.0, 33.0, 32.0, 32.0, 30.0, 25.0, 15.0, 8.0, 6.0, 4.0, 4.0, 4.0, 2.0, 2.0, 2.0, 2.0, 2.0, 2.0, 2.0, 2.0, 2.0, 2.0, 2.0, 2.0, 2.0, 2.0, 2.0, 2.0, 2.0, 2.0, 2.0, 2.0, 2.0, 2.0, 2.0, 2.0, 2.0, 2.0, 2.0, 2.0, 2.0, 2.0, 2.0, 2.0, 2.0, 2.0, 2.0, 2.0, 1.0, 1.0, 1.0, 1.0, 1.0, 1.0, 1.0, 1.0, 1.0, 1.0, 1.0, 1.0, 1.0, 1.0, 1.0, 1.0, 1.0, 1.0, 1.0, 1.0, 1.0, 1.0, 1.0, 1.0, 1.0, 1.0, 1.0, 1.0, 1.0, 1.0, 1.0, 1.0, 1.0, 1.0, 1.0, 1.0, 1.0, 1.0, 1.0, 1.0, 1.0, 1.0, 1.0, 1.0, 1.0, 1.0, 1.0, 1.0, 1.0, 1.0, 1.0, 1.0, 1.0, 1.0, 1.0, 1.0, 1.0, 1.0, 1.0, 1.0, 1.0, 1.0, 1.0, 1.0, 1.0, 1.0, 1.0, 1.0, 1.0, 1.0, 1.0, 1.0, 1.0, 1.0, 1.0, 1.0, 1.0, 1.0, 1.0, 1.0, 1.0, 1.0, 1.0, 1.0, 1.0, 1.0, 1.0, 1.0, 1.0, 1.0, 1.0, 1.0, 1.0, 1.0, 1.0, 1.0, 1.0, 1.0, 1.0, 1.0, 1.0, 1.0, 1.0, 1.0, 1.0, 1.0, 1.0, 1.0, 1.0, 1.0, 1.0, 1.0, 1.0, 1.0, 1.0, 1.0, 1.0, 1.0, 1.0, 1.0, 1.0, 1.0, 1.0, 1.0, 1.0, 1.0, 1.0, 1.0, 1.0, 1.0, 1.0, 1.0, 1.0, 1.0, 1.0, 1.0, 1.0, 1.0, 1.0, 1.0]",COMPLETE
