,number,value,datetime_start,datetime_complete,duration,params_batch_size_scaler,params_constant_learning_rate,params_depth,params_epochs,params_kernel_l2,params_num_trees,params_temperature,user_attrs_accuracy_test,user_attrs_accuracy_valid,user_attrs_approximate_feature_sparsity,user_attrs_approximate_feature_sparsity_history,user_attrs_approximate_weight_sparsity,user_attrs_approximate_weight_sparsity_history,user_attrs_auc_test,user_attrs_auc_valid,user_attrs_feature_sparsity,user_attrs_feature_sparsity_history,user_attrs_num_epochs,user_attrs_val_loss_history,user_attrs_weight_sparsity,user_attrs_weight_sparsity_history,state
12,12,0.906467777047829,2024-08-31 01:06:55.521691,2024-08-31 01:07:36.350944,0 days 00:00:40.829253,64,0.2860591193945304,1,320,0.002360516549500386,31,0.00010834716029565609,0.921,0.92,33,"[33, 33, 33, 33, 33, 33, 33, 33, 33, 33, 33, 33, 33, 33, 33, 33, 33, 33, 33, 33, 33, 33, 33, 33, 33, 33, 33, 33, 33, 33, 33, 33, 33, 33, 33, 33, 33, 33, 33, 33, 33, 33, 33, 33, 33, 33, 33, 33, 33, 33, 33, 33, 33, 33, 33, 33, 33, 33, 33, 33, 33, 33, 33, 33, 33, 33, 33, 33, 33, 33, 33, 33, 33, 33, 33, 33, 33, 33, 33, 33, 33, 33, 33, 33, 33, 33, 33, 33, 33, 33, 33, 33, 33, 33, 33, 33, 33, 33, 33, 33, 33, 33, 33, 33, 33, 33, 33, 33, 33, 33, 33, 33, 33, 33, 33, 33, 33, 33, 33, 33, 33, 33, 33, 33, 33, 33, 33, 33, 33, 33, 33, 33, 33, 33, 33, 33, 33, 33, 33, 33, 33, 33, 33, 33, 33, 33, 33, 33, 33, 33, 33, 33, 33, 33, 33, 33, 33, 33, 33, 33, 33, 33, 33, 33, 33, 33, 33, 33, 33, 33, 33, 33, 33, 33, 33, 33, 33, 33, 33, 33, 33, 33, 33, 33, 33, 33, 33, 33, 33, 33, 33, 33, 33, 33, 33, 33, 33, 33, 33, 33, 33, 33, 33, 33, 33, 33, 33, 33, 33, 33, 33, 33, 33, 33, 33, 33, 33, 33, 33, 33, 33, 33, 33, 33, 33, 33, 33, 33, 33, 33, 33, 33, 33, 33, 33, 33, 33, 33, 33, 33, 33, 33, 33, 33, 33, 33, 33, 33, 33, 33, 33, 33, 33, 33, 33, 33, 33, 33, 33, 33, 33, 33, 33, 33, 33, 33, 33, 33, 33, 33, 33, 33, 33, 33, 33, 33, 33, 33, 33, 33, 33, 33, 33, 33, 33, 33, 33, 33, 33, 33, 33, 33, 33, 33, 33, 33, 33, 33, 33, 33, 33, 33, 33, 33, 33, 33, 33, 33, 33, 33, 33, 33, 33, 33, 33, 33, 33, 33, 33, 33]",32.935483870967744,"[33.0, 33.0, 33.0, 33.0, 32.96774193548387, 32.96774193548387, 32.96774193548387, 32.935483870967744, 32.96774193548387, 33.0, 32.96774193548387, 32.935483870967744, 33.0, 32.96774193548387, 33.0, 33.0, 33.0, 33.0, 33.0, 33.0, 33.0, 33.0, 33.0, 32.96774193548387, 32.96774193548387, 33.0, 33.0, 33.0, 33.0, 33.0, 32.96774193548387, 33.0, 33.0, 33.0, 32.96774193548387, 33.0, 33.0, 33.0, 33.0, 33.0, 33.0, 33.0, 33.0, 32.96774193548387, 33.0, 32.96774193548387, 33.0, 32.935483870967744, 33.0, 33.0, 33.0, 32.96774193548387, 32.96774193548387, 32.96774193548387, 33.0, 33.0, 33.0, 33.0, 33.0, 33.0, 33.0, 33.0, 33.0, 33.0, 33.0, 33.0, 32.96774193548387, 33.0, 33.0, 33.0, 33.0, 33.0, 33.0, 33.0, 33.0, 33.0, 33.0, 33.0, 33.0, 33.0, 33.0, 33.0, 33.0, 33.0, 33.0, 33.0, 33.0, 33.0, 33.0, 33.0, 33.0, 33.0, 33.0, 33.0, 33.0, 33.0, 33.0, 33.0, 33.0, 33.0, 33.0, 33.0, 33.0, 32.96774193548387, 33.0, 33.0, 33.0, 32.96774193548387, 33.0, 33.0, 33.0, 33.0, 33.0, 33.0, 33.0, 33.0, 33.0, 32.96774193548387, 32.96774193548387, 33.0, 33.0, 33.0, 33.0, 33.0, 33.0, 33.0, 32.96774193548387, 32.96774193548387, 33.0, 32.96774193548387, 32.96774193548387, 32.96774193548387, 33.0, 33.0, 32.96774193548387, 33.0, 33.0, 33.0, 33.0, 33.0, 32.96774193548387, 33.0, 33.0, 33.0, 33.0, 33.0, 32.96774193548387, 32.96774193548387, 32.96774193548387, 33.0, 33.0, 33.0, 33.0, 33.0, 32.96774193548387, 33.0, 33.0, 33.0, 32.96774193548387, 33.0, 33.0, 33.0, 33.0, 33.0, 33.0, 32.96774193548387, 32.96774193548387, 32.96774193548387, 32.96774193548387, 32.96774193548387, 32.96774193548387, 33.0, 33.0, 32.96774193548387, 32.96774193548387, 33.0, 33.0, 33.0, 33.0, 32.96774193548387, 32.96774193548387, 33.0, 33.0, 33.0, 33.0, 33.0, 33.0, 32.935483870967744, 32.96774193548387, 32.96774193548387, 32.96774193548387, 32.96774193548387, 32.96774193548387, 32.96774193548387, 32.96774193548387, 32.96774193548387, 32.96774193548387, 32.96774193548387, 32.935483870967744, 32.935483870967744, 32.96774193548387, 32.96774193548387, 32.96774193548387, 32.935483870967744, 32.96774193548387, 32.96774193548387, 32.96774193548387, 32.935483870967744, 32.96774193548387, 32.935483870967744, 32.935483870967744, 32.96774193548387, 32.96774193548387, 32.96774193548387, 32.96774193548387, 32.96774193548387, 32.96774193548387, 32.96774193548387, 32.96774193548387, 32.96774193548387, 32.96774193548387, 32.96774193548387, 32.96774193548387, 32.935483870967744, 32.935483870967744, 33.0, 33.0, 33.0, 33.0, 33.0, 33.0, 33.0, 33.0, 32.96774193548387, 32.96774193548387, 33.0, 32.96774193548387, 33.0, 33.0, 33.0, 33.0, 33.0, 33.0, 32.96774193548387, 32.935483870967744, 32.96774193548387, 33.0, 32.935483870967744, 32.96774193548387, 33.0, 33.0, 32.96774193548387, 33.0, 33.0, 33.0, 33.0, 33.0, 33.0, 32.96774193548387, 32.96774193548387, 33.0, 32.96774193548387, 33.0, 32.96774193548387, 33.0, 33.0, 33.0, 33.0, 33.0, 33.0, 33.0, 33.0, 32.96774193548387, 33.0, 33.0, 33.0, 33.0, 32.96774193548387, 33.0, 33.0, 33.0, 32.96774193548387, 33.0, 32.96774193548387, 32.96774193548387, 33.0, 33.0, 32.96774193548387, 32.935483870967744, 32.935483870967744, 32.96774193548387, 32.96774193548387, 32.96774193548387, 32.96774193548387, 33.0, 33.0, 33.0, 33.0, 32.96774193548387, 33.0, 33.0, 32.96774193548387, 33.0, 33.0, 33.0, 32.96774193548387, 33.0, 33.0, 33.0, 32.96774193548387, 33.0, 33.0, 33.0, 33.0, 33.0, 33.0, 32.96774193548387, 33.0, 33.0, 32.935483870967744]",0.8970434035948117,0.906467777047829,33,"[33, 33, 33, 33, 33, 33, 33, 33, 33, 33, 33, 33, 33, 33, 33, 33, 33, 33, 33, 33, 33, 33, 33, 33, 33, 33, 33, 33, 33, 33, 33, 33, 33, 33, 33, 33, 33, 33, 33, 33, 33, 33, 33, 33, 33, 33, 33, 33, 33, 33, 33, 33, 33, 33, 33, 33, 33, 33, 33, 33, 33, 33, 33, 33, 33, 33, 33, 33, 33, 33, 33, 33, 33, 33, 33, 33, 33, 33, 33, 33, 33, 33, 33, 33, 33, 33, 33, 33, 33, 33, 33, 33, 33, 33, 33, 33, 33, 33, 33, 33, 33, 33, 33, 33, 33, 33, 33, 33, 33, 33, 33, 33, 33, 33, 33, 33, 33, 33, 33, 33, 33, 33, 33, 33, 33, 33, 33, 33, 33, 33, 33, 33, 33, 33, 33, 33, 33, 33, 33, 33, 33, 33, 33, 33, 33, 33, 33, 33, 33, 33, 33, 33, 33, 33, 33, 33, 33, 33, 33, 33, 33, 33, 33, 33, 33, 33, 33, 33, 33, 33, 33, 33, 33, 33, 33, 33, 33, 33, 33, 33, 33, 33, 33, 33, 33, 33, 33, 33, 33, 33, 33, 33, 33, 33, 33, 33, 33, 33, 33, 33, 33, 33, 33, 33, 33, 33, 33, 33, 33, 33, 33, 33, 33, 33, 33, 33, 33, 33, 33, 33, 33, 33, 33, 33, 33, 33, 33, 33, 33, 33, 33, 33, 33, 33, 33, 33, 33, 33, 33, 33, 33, 33, 33, 33, 33, 33, 33, 33, 33, 33, 33, 33, 33, 33, 33, 33, 33, 33, 33, 33, 33, 33, 33, 33, 33, 33, 33, 33, 33, 33, 33, 33, 33, 33, 33, 33, 33, 33, 33, 33, 33, 33, 33, 33, 33, 33, 33, 33, 33, 33, 33, 33, 33, 33, 33, 33, 33, 33, 33, 33, 33, 33, 33, 33, 33, 33, 33, 33, 33, 33, 33, 33, 33, 33, 33, 33, 33, 33, 33, 33]",320,"[0.41088828444480896, 0.40228384733200073, 0.3989273011684418, 0.39669856429100037, 0.3842584192752838, 0.38364851474761963, 0.3778699040412903, 0.3745807409286499, 0.3720882833003998, 0.37090155482292175, 0.37523218989372253, 0.3688197433948517, 0.37026381492614746, 0.3647571802139282, 0.36984458565711975, 0.3703117370605469, 0.3642139434814453, 0.3597014546394348, 0.35860297083854675, 0.3599529266357422, 0.362131804227829, 0.35494598746299744, 0.3580552339553833, 0.3560817837715149, 0.35168275237083435, 0.3504888415336609, 0.3543674349784851, 0.34894442558288574, 0.35123348236083984, 0.34848421812057495, 0.3469581604003906, 0.34789717197418213, 0.34406211972236633, 0.34424036741256714, 0.34439510107040405, 0.34373700618743896, 0.3403776288032532, 0.33971524238586426, 0.3389071524143219, 0.3384658098220825, 0.33750298619270325, 0.35007527470588684, 0.33665332198143005, 0.3383808135986328, 0.3415931761264801, 0.33641374111175537, 0.33671674132347107, 0.33568549156188965, 0.34978798031806946, 0.33425748348236084, 0.34328287839889526, 0.3320244252681732, 0.3353637456893921, 0.332856684923172, 0.33209994435310364, 0.3315821886062622, 0.33054259419441223, 0.3307611346244812, 0.3392765522003174, 0.33440929651260376, 0.33103108406066895, 0.3277580738067627, 0.32968389987945557, 0.3276008367538452, 0.3267984688282013, 0.33529162406921387, 0.3242214322090149, 0.3244474530220032, 0.3264041244983673, 0.3236270844936371, 0.3263190984725952, 0.33293306827545166, 0.3258573114871979, 0.33213406801223755, 0.3260257840156555, 0.3243728578090668, 0.3280481994152069, 0.320313036441803, 0.3314795196056366, 0.3357600271701813, 0.3237400949001312, 0.3185409605503082, 0.3196960985660553, 0.31827104091644287, 0.3216612935066223, 0.3210543394088745, 0.32772499322891235, 0.32520827651023865, 0.3165777921676636, 0.31855547428131104, 0.3242511749267578, 0.3231029808521271, 0.3187813460826874, 0.32062140107154846, 0.32141444087028503, 0.3163989186286926, 0.34154078364372253, 0.31502169370651245, 0.3145623505115509, 0.3132851719856262, 0.312628835439682, 0.3197605013847351, 0.3149734139442444, 0.31270936131477356, 0.3125084340572357, 0.31390565633773804, 0.3199865221977234, 0.31214186549186707, 0.3116958439350128, 0.3130781054496765, 0.31998908519744873, 0.3135167062282562, 0.3129396140575409, 0.31441155076026917, 0.3098412752151489, 0.309498131275177, 0.30839306116104126, 0.30979615449905396, 0.3094485104084015, 0.3100951313972473, 0.3141601085662842, 0.31600677967071533, 0.31084123253822327, 0.3120803236961365, 0.3116472065448761, 0.30629685521125793, 0.3059881627559662, 0.30539757013320923, 0.308573454618454, 0.3058077096939087, 0.3041839003562927, 0.3052993714809418, 0.3026435971260071, 0.30242469906806946, 0.3055263161659241, 0.30159029364585876, 0.3215053975582123, 0.30215373635292053, 0.3020480275154114, 0.3017630875110626, 0.299698144197464, 0.2993568480014801, 0.2993093430995941, 0.30046969652175903, 0.29997506737709045, 0.2993561625480652, 0.30499207973480225, 0.29953673481941223, 0.3031810522079468, 0.29953593015670776, 0.2956719398498535, 0.297465443611145, 0.29696783423423767, 0.2916830778121948, 0.2936398386955261, 0.2927381992340088, 0.29548147320747375, 0.2915550768375397, 0.291007936000824, 0.29885193705558777, 0.29119154810905457, 0.28790512681007385, 0.3052016794681549, 0.2907898426055908, 0.2860581576824188, 0.2858786880970001, 0.2877793610095978, 0.28362807631492615, 0.28315287828445435, 0.29142457246780396, 0.28574874997138977, 0.2815414071083069, 0.2847032845020294, 0.2794521152973175, 0.27953749895095825, 0.27904650568962097, 0.2790144979953766, 0.27826935052871704, 0.2847534716129303, 0.28289803862571716, 0.2766888737678528, 0.27712294459342957, 0.2750813364982605, 0.2739308774471283, 0.27522215247154236, 0.27358725666999817, 0.2851639986038208, 0.2752915918827057, 0.2790706753730774, 0.27365195751190186, 0.2815428674221039, 0.26959455013275146, 0.26919904351234436, 0.26873311400413513, 0.2675541937351227, 0.2670583426952362, 0.2691051661968231, 0.26636219024658203, 0.2650538384914398, 0.263787180185318, 0.26883262395858765, 0.2664761245250702, 0.26461929082870483, 0.26561132073402405, 0.2644280791282654, 0.26935720443725586, 0.2610757052898407, 0.2663710415363312, 0.2612561285495758, 0.26456502079963684, 0.25953584909439087, 0.27644094824790955, 0.25849270820617676, 0.2568339407444, 0.26456066966056824, 0.2646605670452118, 0.25728440284729004, 0.26924481987953186, 0.2618965804576874, 0.25557318329811096, 0.2574509382247925, 0.2558763921260834, 0.2593945860862732, 0.25382906198501587, 0.25204136967658997, 0.2518198788166046, 0.2505456805229187, 0.2505958676338196, 0.250067800283432, 0.2534337043762207, 0.25117865204811096, 0.2525057792663574, 0.2696513831615448, 0.2515929341316223, 0.25105956196784973, 0.25023671984672546, 0.2507110834121704, 0.25249502062797546, 0.25180765986442566, 0.2489616572856903, 0.2501979470252991, 0.2512238621711731, 0.24730943143367767, 0.24870282411575317, 0.24598737061023712, 0.24805587530136108, 0.24716754257678986, 0.24589720368385315, 0.2451225072145462, 0.24446971714496613, 0.2453940510749817, 0.2435494363307953, 0.24556580185890198, 0.24350495636463165, 0.24330078065395355, 0.24371837079524994, 0.24779891967773438, 0.24514536559581757, 0.24125583469867706, 0.24664849042892456, 0.24439695477485657, 0.24295943975448608, 0.24525946378707886, 0.24278663098812103, 0.24702966213226318, 0.24141888320446014, 0.24349524080753326, 0.2506832778453827, 0.24150730669498444, 0.23873989284038544, 0.2403409779071808, 0.23934350907802582, 0.23901167511940002, 0.23930761218070984, 0.23734261095523834, 0.2397020310163498, 0.2379758208990097, 0.25048890709877014, 0.2750331461429596, 0.2385157346725464, 0.2394629418849945, 0.23578409850597382, 0.24670439958572388, 0.23902247846126556, 0.23634769022464752, 0.23664335906505585, 0.2355649620294571, 0.2398008108139038, 0.23696959018707275, 0.23516958951950073, 0.24473713338375092, 0.23625873029232025, 0.2369714230298996, 0.23807959258556366, 0.2413439005613327, 0.24508191645145416, 0.2376427799463272, 0.2358548492193222, 0.2370903193950653, 0.2386510968208313, 0.23979069292545319, 0.2344074845314026, 0.23492592573165894, 0.23311859369277954, 0.2385426163673401, 0.23466914892196655, 0.2341667115688324, 0.2340289056301117, 0.2341967076063156, 0.23297461867332458, 0.23765729367733002, 0.24050414562225342, 0.2369242161512375, 0.2326221466064453, 0.23350070416927338, 0.23809339106082916, 0.23282155394554138, 0.23182982206344604, 0.24604353308677673, 0.23726442456245422]",33.0,"[33.0, 33.0, 33.0, 33.0, 33.0, 33.0, 33.0, 33.0, 33.0, 33.0, 33.0, 33.0, 33.0, 33.0, 33.0, 33.0, 33.0, 33.0, 33.0, 33.0, 33.0, 33.0, 33.0, 33.0, 33.0, 33.0, 33.0, 33.0, 33.0, 33.0, 33.0, 33.0, 33.0, 33.0, 33.0, 33.0, 33.0, 33.0, 33.0, 33.0, 33.0, 33.0, 33.0, 33.0, 33.0, 33.0, 33.0, 33.0, 33.0, 33.0, 33.0, 33.0, 33.0, 33.0, 33.0, 33.0, 33.0, 33.0, 33.0, 33.0, 33.0, 33.0, 33.0, 33.0, 33.0, 33.0, 33.0, 33.0, 33.0, 33.0, 33.0, 33.0, 33.0, 33.0, 33.0, 33.0, 33.0, 33.0, 33.0, 33.0, 33.0, 33.0, 33.0, 33.0, 33.0, 33.0, 33.0, 33.0, 33.0, 33.0, 33.0, 33.0, 33.0, 33.0, 33.0, 33.0, 33.0, 33.0, 33.0, 33.0, 33.0, 33.0, 33.0, 33.0, 33.0, 33.0, 33.0, 33.0, 33.0, 33.0, 33.0, 33.0, 33.0, 33.0, 33.0, 33.0, 33.0, 33.0, 33.0, 33.0, 33.0, 33.0, 33.0, 33.0, 33.0, 33.0, 33.0, 33.0, 33.0, 33.0, 33.0, 33.0, 33.0, 33.0, 33.0, 33.0, 33.0, 33.0, 33.0, 33.0, 33.0, 33.0, 33.0, 33.0, 33.0, 33.0, 33.0, 33.0, 33.0, 33.0, 33.0, 33.0, 33.0, 33.0, 33.0, 33.0, 33.0, 33.0, 33.0, 33.0, 33.0, 33.0, 33.0, 33.0, 33.0, 33.0, 33.0, 33.0, 33.0, 33.0, 33.0, 33.0, 33.0, 33.0, 33.0, 33.0, 33.0, 33.0, 33.0, 33.0, 33.0, 33.0, 33.0, 33.0, 33.0, 33.0, 33.0, 33.0, 33.0, 33.0, 33.0, 33.0, 33.0, 33.0, 33.0, 33.0, 33.0, 33.0, 33.0, 33.0, 33.0, 33.0, 33.0, 33.0, 33.0, 33.0, 33.0, 33.0, 33.0, 33.0, 33.0, 33.0, 33.0, 33.0, 33.0, 33.0, 33.0, 33.0, 33.0, 33.0, 33.0, 33.0, 33.0, 33.0, 33.0, 33.0, 33.0, 33.0, 33.0, 33.0, 33.0, 33.0, 33.0, 33.0, 33.0, 33.0, 33.0, 33.0, 33.0, 33.0, 33.0, 33.0, 33.0, 33.0, 33.0, 33.0, 33.0, 33.0, 33.0, 33.0, 33.0, 33.0, 33.0, 33.0, 33.0, 33.0, 33.0, 33.0, 33.0, 33.0, 33.0, 33.0, 33.0, 33.0, 33.0, 33.0, 33.0, 33.0, 33.0, 33.0, 33.0, 33.0, 33.0, 33.0, 33.0, 33.0, 33.0, 33.0, 33.0, 33.0, 33.0, 33.0, 33.0, 33.0, 33.0, 33.0, 33.0, 33.0, 33.0, 33.0, 33.0, 33.0, 33.0, 33.0, 33.0, 33.0, 33.0, 33.0, 33.0, 33.0, 33.0, 33.0, 33.0, 33.0, 33.0, 33.0, 33.0, 33.0, 33.0, 33.0, 33.0, 33.0, 33.0, 33.0, 33.0, 33.0, 33.0, 33.0, 33.0, 33.0]",COMPLETE
