,number,value,datetime_start,datetime_complete,duration,params_batch_size_scaler,params_constant_learning_rate,params_depth,params_epochs,params_kernel_l2,params_num_trees,params_temperature,user_attrs_accuracy_test,user_attrs_accuracy_valid,user_attrs_approximate_feature_sparsity,user_attrs_approximate_feature_sparsity_history,user_attrs_approximate_weight_sparsity,user_attrs_approximate_weight_sparsity_history,user_attrs_auc_test,user_attrs_auc_valid,user_attrs_feature_sparsity,user_attrs_feature_sparsity_history,user_attrs_num_epochs,user_attrs_val_loss_history,user_attrs_weight_sparsity,user_attrs_weight_sparsity_history,state
136,136,0.8787211294457111,2024-08-31 05:42:40.900122,2024-08-31 05:43:00.827910,0 days 00:00:19.927788,16,0.06396143023989807,2,175,0.011146672209920279,60,0.004406670340474956,0.879,0.87375,33,"[33, 33, 33, 33, 33, 33, 33, 33, 33, 33, 33, 33, 33, 33, 33, 33, 33, 33, 33, 33, 33, 33, 33, 33, 33, 33, 33, 33, 33, 33, 33, 33, 33, 33, 33, 33, 33, 33, 33, 33, 33, 33, 33, 33, 33, 33, 33, 33, 33, 33, 33, 33, 33, 33, 33, 33, 33, 33, 33, 33, 33, 33, 33, 33, 33, 33, 33, 33, 33, 33, 33, 33, 33, 33, 33, 33, 33, 33, 33, 33, 33, 33, 33, 33, 33, 33, 33, 33, 33, 33, 33, 33, 33, 33, 33, 33, 33, 33, 33, 33, 33, 33, 33, 33, 33, 33, 33, 33, 33, 33, 33, 33, 33, 33, 33, 33, 33, 33, 33, 33, 33, 33, 33, 33, 33, 33, 33, 33, 33, 33, 33, 33, 33, 33, 33, 33, 33, 33, 33, 33, 33, 33, 33, 33, 33, 33, 33, 33, 33, 33, 33, 33, 33, 33, 33, 33, 33, 33, 33, 33, 33, 33, 33, 33, 33, 33, 33, 33, 33, 33, 33, 33, 33, 33, 33]",32.983333333333334,"[32.98888888888889, 32.96666666666667, 32.98888888888889, 32.99444444444444, 32.977777777777774, 32.96666666666667, 32.977777777777774, 32.983333333333334, 32.98888888888889, 32.977777777777774, 32.98888888888889, 32.99444444444444, 32.977777777777774, 32.983333333333334, 32.97222222222222, 32.96666666666667, 32.983333333333334, 32.98888888888889, 32.98888888888889, 32.98888888888889, 32.98888888888889, 32.983333333333334, 32.977777777777774, 32.98888888888889, 32.983333333333334, 32.96111111111111, 32.97222222222222, 32.96666666666667, 32.955555555555556, 32.97222222222222, 32.983333333333334, 32.98888888888889, 32.98888888888889, 32.983333333333334, 32.98888888888889, 32.977777777777774, 32.98888888888889, 33.0, 32.98888888888889, 32.977777777777774, 32.97222222222222, 32.983333333333334, 32.99444444444444, 32.983333333333334, 32.96666666666667, 32.96666666666667, 32.96666666666667, 32.94444444444444, 32.983333333333334, 32.98888888888889, 32.98888888888889, 32.977777777777774, 32.97222222222222, 32.96666666666667, 32.96666666666667, 32.98888888888889, 32.96666666666667, 32.983333333333334, 32.983333333333334, 32.983333333333334, 32.99444444444444, 32.98888888888889, 32.99444444444444, 32.98888888888889, 32.977777777777774, 32.983333333333334, 32.97222222222222, 32.98888888888889, 32.99444444444444, 32.983333333333334, 32.983333333333334, 32.96666666666667, 32.977777777777774, 32.977777777777774, 32.96666666666667, 32.955555555555556, 32.96666666666667, 32.97222222222222, 32.983333333333334, 32.99444444444444, 32.98888888888889, 32.98888888888889, 32.977777777777774, 32.983333333333334, 32.983333333333334, 32.977777777777774, 32.97222222222222, 32.96666666666667, 32.95, 32.96666666666667, 32.96111111111111, 32.96666666666667, 32.977777777777774, 32.977777777777774, 32.96666666666667, 32.98888888888889, 32.98888888888889, 32.983333333333334, 32.977777777777774, 32.98888888888889, 32.99444444444444, 32.98888888888889, 32.97222222222222, 32.98888888888889, 32.977777777777774, 32.98888888888889, 32.99444444444444, 32.983333333333334, 32.99444444444444, 32.983333333333334, 32.977777777777774, 32.97222222222222, 32.98888888888889, 32.96666666666667, 32.97222222222222, 32.977777777777774, 32.955555555555556, 32.96111111111111, 32.96111111111111, 32.97222222222222, 32.983333333333334, 32.98888888888889, 32.98888888888889, 32.98888888888889, 32.983333333333334, 32.99444444444444, 32.99444444444444, 32.99444444444444, 32.99444444444444, 32.98888888888889, 32.98888888888889, 32.98888888888889, 32.99444444444444, 32.98888888888889, 32.99444444444444, 32.98888888888889, 32.977777777777774, 32.98888888888889, 32.97777777777778, 32.983333333333334, 32.99444444444444, 32.99444444444444, 32.98888888888889, 32.96666666666667, 32.99444444444444, 32.98888888888889, 32.96666666666667, 32.96666666666667, 32.983333333333334, 32.977777777777774, 32.98888888888889, 32.99444444444444, 32.98888888888889, 32.98888888888889, 32.98888888888889, 33.0, 32.99444444444444, 32.98888888888889, 32.99444444444444, 32.983333333333334, 32.983333333333334, 32.983333333333334, 32.97777777777778, 32.98888888888889, 32.977777777777774, 32.97222222222222, 32.977777777777774, 32.983333333333334, 32.983333333333334, 32.99444444444444, 32.98888888888889, 32.977777777777774, 32.97222222222222, 32.983333333333334, 32.983333333333334]",0.868360868237023,0.8787211294457111,33,"[33, 33, 33, 33, 33, 33, 33, 33, 33, 33, 33, 33, 33, 33, 33, 33, 33, 33, 33, 33, 33, 33, 33, 33, 33, 33, 33, 33, 33, 33, 33, 33, 33, 33, 33, 33, 33, 33, 33, 33, 33, 33, 33, 33, 33, 33, 33, 33, 33, 33, 33, 33, 33, 33, 33, 33, 33, 33, 33, 33, 33, 33, 33, 33, 33, 33, 33, 33, 33, 33, 33, 33, 33, 33, 33, 33, 33, 33, 33, 33, 33, 33, 33, 33, 33, 33, 33, 33, 33, 33, 33, 33, 33, 33, 33, 33, 33, 33, 33, 33, 33, 33, 33, 33, 33, 33, 33, 33, 33, 33, 33, 33, 33, 33, 33, 33, 33, 33, 33, 33, 33, 33, 33, 33, 33, 33, 33, 33, 33, 33, 33, 33, 33, 33, 33, 33, 33, 33, 33, 33, 33, 33, 33, 33, 33, 33, 33, 33, 33, 33, 33, 33, 33, 33, 33, 33, 33, 33, 33, 33, 33, 33, 33, 33, 33, 33, 33, 33, 33, 33, 33, 33, 33, 33, 33]",175,"[0.4015772342681885, 0.3977678716182709, 0.39432740211486816, 0.39149779081344604, 0.3891260623931885, 0.3870209753513336, 0.3854639530181885, 0.3843085467815399, 0.38220489025115967, 0.38086119294166565, 0.38065457344055176, 0.3786989450454712, 0.3776749074459076, 0.3767857849597931, 0.37585362792015076, 0.3753160238265991, 0.3741055428981781, 0.37360256910324097, 0.3726821839809418, 0.371862530708313, 0.3712531328201294, 0.3706473112106323, 0.36986422538757324, 0.3690699338912964, 0.36838778853416443, 0.3678170144557953, 0.36704209446907043, 0.3666417598724365, 0.3659467399120331, 0.3650353252887726, 0.3643348813056946, 0.3647971749305725, 0.3628959655761719, 0.3624660074710846, 0.3616054058074951, 0.36131051182746887, 0.3603079915046692, 0.3604147434234619, 0.3592672348022461, 0.35863757133483887, 0.3578779995441437, 0.3573094308376312, 0.35641348361968994, 0.35571157932281494, 0.3551085591316223, 0.35453400015830994, 0.3539080023765564, 0.35457172989845276, 0.35275959968566895, 0.35223281383514404, 0.35168060660362244, 0.3513735830783844, 0.35031813383102417, 0.349751353263855, 0.3492456078529358, 0.34939002990722656, 0.34810444712638855, 0.34832999110221863, 0.34709444642066956, 0.34631630778312683, 0.3456857204437256, 0.3452829420566559, 0.34540119767189026, 0.3439871668815613, 0.34351715445518494, 0.3431776463985443, 0.34270554780960083, 0.341934472322464, 0.34147658944129944, 0.34079331159591675, 0.34032005071640015, 0.3398420214653015, 0.3391716480255127, 0.3386338949203491, 0.3381251394748688, 0.33779293298721313, 0.33729326725006104, 0.336558997631073, 0.33586493134498596, 0.335347443819046, 0.33498942852020264, 0.33432328701019287, 0.3339132070541382, 0.33442583680152893, 0.3328240215778351, 0.33217141032218933, 0.3317142724990845, 0.33129823207855225, 0.3314385712146759, 0.33057066798210144, 0.3296133875846863, 0.329245388507843, 0.3285735845565796, 0.32811954617500305, 0.3274710476398468, 0.3269624710083008, 0.32656577229499817, 0.32588306069374084, 0.3253612518310547, 0.32484710216522217, 0.32440003752708435, 0.3237718939781189, 0.3232532739639282, 0.3227140009403229, 0.3222442865371704, 0.32173895835876465, 0.32123470306396484, 0.32063400745391846, 0.3201252222061157, 0.3196059763431549, 0.31909865140914917, 0.31922468543052673, 0.3186369240283966, 0.3175356686115265, 0.3174887001514435, 0.31635862588882446, 0.3158720135688782, 0.31526678800582886, 0.3156362473964691, 0.31422415375709534, 0.3137185573577881, 0.31313633918762207, 0.31301149725914, 0.3125617802143097, 0.31178051233291626, 0.3106776773929596, 0.30996909737586975, 0.30975276231765747, 0.3091883957386017, 0.3084125220775604, 0.3083735704421997, 0.30835315585136414, 0.30785268545150757, 0.3070855438709259, 0.30560103058815, 0.30488213896751404, 0.30432671308517456, 0.30370426177978516, 0.3030828833580017, 0.30227479338645935, 0.30179548263549805, 0.3010248839855194, 0.30103370547294617, 0.2999039590358734, 0.30013418197631836, 0.2985509932041168, 0.29870840907096863, 0.2977626919746399, 0.29682931303977966, 0.2961746156215668, 0.29567214846611023, 0.29526352882385254, 0.29440516233444214, 0.29379016160964966, 0.2939055263996124, 0.29258692264556885, 0.2920764982700348, 0.29127588868141174, 0.2913095951080322, 0.29033833742141724, 0.28952744603157043, 0.2889738380908966, 0.2881767749786377, 0.2875204384326935, 0.28762948513031006, 0.28637874126434326, 0.28625333309173584, 0.2860705852508545, 0.2842981517314911, 0.2836636006832123, 0.2829819619655609, 0.28260424733161926, 0.28219351172447205, 0.28146347403526306, 0.28076615929603577]",33.0,"[33.0, 33.0, 33.0, 33.0, 33.0, 33.0, 33.0, 33.0, 33.0, 33.0, 33.0, 33.0, 33.0, 33.0, 33.0, 33.0, 33.0, 33.0, 33.0, 33.0, 33.0, 33.0, 33.0, 33.0, 33.0, 33.0, 33.0, 33.0, 33.0, 33.0, 33.0, 33.0, 33.0, 33.0, 33.0, 33.0, 33.0, 33.0, 33.0, 33.0, 33.0, 33.0, 33.0, 33.0, 33.0, 33.0, 33.0, 33.0, 33.0, 33.0, 33.0, 33.0, 33.0, 33.0, 33.0, 33.0, 33.0, 33.0, 33.0, 33.0, 33.0, 33.0, 33.0, 33.0, 33.0, 33.0, 33.0, 33.0, 33.0, 33.0, 33.0, 33.0, 33.0, 33.0, 33.0, 33.0, 33.0, 33.0, 33.0, 33.0, 33.0, 33.0, 33.0, 33.0, 33.0, 33.0, 33.0, 33.0, 33.0, 33.0, 33.0, 33.0, 33.0, 33.0, 33.0, 33.0, 33.0, 33.0, 33.0, 33.0, 33.0, 33.0, 33.0, 33.0, 33.0, 33.0, 33.0, 33.0, 33.0, 33.0, 33.0, 33.0, 33.0, 33.0, 33.0, 33.0, 33.0, 33.0, 33.0, 33.0, 33.0, 33.0, 33.0, 33.0, 33.0, 33.0, 33.0, 33.0, 33.0, 33.0, 33.0, 33.0, 33.0, 33.0, 33.0, 33.0, 33.0, 33.0, 33.0, 33.0, 33.0, 33.0, 33.0, 33.0, 33.0, 33.0, 33.0, 33.0, 33.0, 33.0, 33.0, 33.0, 33.0, 33.0, 33.0, 33.0, 33.0, 33.0, 33.0, 33.0, 33.0, 33.0, 33.0, 33.0, 33.0, 33.0, 33.0, 33.0, 33.0, 33.0, 33.0, 33.0, 33.0, 33.0, 33.0]",COMPLETE
137,137,0.9279282760752793,2024-08-31 05:43:04.392213,2024-08-31 05:43:47.407220,0 days 00:00:43.015007,1,0.07094388504374409,2,85,0.002123646082573693,87,0.011963335077197443,0.939,0.9375,33,"[33, 33, 33, 33, 33, 33, 33, 33, 33, 33, 33, 33, 33, 33, 33, 33, 33, 33, 33, 33, 33, 33, 33, 33, 33, 33, 33, 33, 33, 33, 33, 33, 33, 33, 33, 33, 33, 33, 33, 33, 33, 33, 33, 33, 33, 33, 33, 33, 33, 33, 33, 33, 33, 33, 33, 33, 33, 33, 33, 33, 33, 33, 33, 33, 33, 33, 33, 33, 33, 33, 33, 33, 33, 33, 33, 33, 33, 33, 33, 33, 33, 33, 33, 33, 33]",32.980842911877396,"[32.97701149425287, 32.97318007662835, 32.984674329501914, 32.97318007662835, 32.97701149425287, 32.98084291187739, 32.99233716475096, 32.97701149425288, 32.984674329501914, 32.98084291187739, 32.97701149425287, 32.97318007662835, 32.969348659003835, 32.980842911877396, 32.98850574712644, 32.98850574712644, 32.98850574712644, 32.980842911877396, 32.984674329501914, 32.96934865900383, 32.99233716475096, 32.984674329501914, 32.97701149425287, 32.97701149425287, 32.946360153256705, 32.96551724137931, 32.99233716475096, 32.95019157088123, 32.96934865900383, 32.96934865900383, 32.980842911877396, 32.980842911877396, 32.98084291187739, 32.97701149425288, 32.980842911877396, 32.996168582375475, 33.0, 32.98084291187739, 32.97701149425287, 32.97318007662835, 32.980842911877396, 32.980842911877396, 32.99233716475096, 33.0, 32.97701149425288, 32.96168582375479, 32.97318007662835, 32.98084291187739, 32.96934865900383, 32.984674329501914, 32.996168582375475, 32.98084291187739, 32.96934865900383, 32.97318007662835, 32.99233716475096, 32.980842911877396, 32.984674329501914, 32.984674329501914, 32.996168582375475, 32.980842911877396, 32.996168582375475, 32.97318007662835, 32.98084291187739, 32.97701149425288, 32.97318007662835, 32.98850574712644, 32.97701149425287, 32.96934865900383, 32.984674329501914, 32.984674329501914, 32.96168582375479, 32.98850574712644, 32.98084291187739, 32.98084291187739, 32.97701149425287, 32.97318007662835, 32.97318007662835, 32.980842911877396, 32.984674329501914, 32.97701149425287, 32.996168582375475, 32.97701149425288, 32.980842911877396, 32.980842911877396, 32.980842911877396]",0.9070418348896538,0.9279282760752793,33,"[33, 33, 33, 33, 33, 33, 33, 33, 33, 33, 33, 33, 33, 33, 33, 33, 33, 33, 33, 33, 33, 33, 33, 33, 33, 33, 33, 33, 33, 33, 33, 33, 33, 33, 33, 33, 33, 33, 33, 33, 33, 33, 33, 33, 33, 33, 33, 33, 33, 33, 33, 33, 33, 33, 33, 33, 33, 33, 33, 33, 33, 33, 33, 33, 33, 33, 33, 33, 33, 33, 33, 33, 33, 33, 33, 33, 33, 33, 33, 33, 33, 33, 33, 33, 33]",85,"[0.3767428994178772, 0.37081587314605713, 0.34895244240760803, 0.3395015299320221, 0.33249127864837646, 0.3310778737068176, 0.31516119837760925, 0.309599369764328, 0.2963990271091461, 0.28075888752937317, 0.2814314365386963, 0.2895485460758209, 0.2539979815483093, 0.25115615129470825, 0.24696117639541626, 0.24371404945850372, 0.2315865010023117, 0.23358245193958282, 0.22894825041294098, 0.2251255065202713, 0.21977683901786804, 0.2275119423866272, 0.2157583236694336, 0.21562045812606812, 0.2419067621231079, 0.21986690163612366, 0.21788997948169708, 0.21812549233436584, 0.2091449499130249, 0.20578938722610474, 0.2210008203983307, 0.21028029918670654, 0.203679159283638, 0.2046596109867096, 0.19987928867340088, 0.19730956852436066, 0.20056188106536865, 0.2151481807231903, 0.19917474687099457, 0.21767698228359222, 0.1979810744524002, 0.19788457453250885, 0.19356441497802734, 0.1960345059633255, 0.19500166177749634, 0.1906615048646927, 0.1910647600889206, 0.19335490465164185, 0.19809822738170624, 0.1920916587114334, 0.1911206990480423, 0.20294620096683502, 0.19671861827373505, 0.18526197969913483, 0.19492149353027344, 0.19851432740688324, 0.2041959911584854, 0.2037678360939026, 0.1908445507287979, 0.18684153258800507, 0.18172647058963776, 0.18630151450634003, 0.18448194861412048, 0.18415696918964386, 0.19083596765995026, 0.18391112983226776, 0.18621329963207245, 0.186344712972641, 0.18412235379219055, 0.18491493165493011, 0.18291907012462616, 0.18422719836235046, 0.19318050146102905, 0.18874572217464447, 0.18391962349414825, 0.20099788904190063, 0.183731347322464, 0.18024875223636627, 0.1817561537027359, 0.18214641511440277, 0.1823156774044037, 0.18390756845474243, 0.18917696177959442, 0.20966306328773499, 0.1907716989517212]",33.0,"[33.0, 33.0, 33.0, 33.0, 33.0, 33.0, 33.0, 33.0, 33.0, 33.0, 33.0, 33.0, 33.0, 33.0, 33.0, 33.0, 33.0, 33.0, 33.0, 33.0, 33.0, 33.0, 33.0, 33.0, 33.0, 33.0, 33.0, 33.0, 33.0, 33.0, 33.0, 33.0, 33.0, 33.0, 33.0, 33.0, 33.0, 33.0, 33.0, 33.0, 33.0, 33.0, 33.0, 33.0, 33.0, 33.0, 33.0, 33.0, 33.0, 33.0, 33.0, 33.0, 33.0, 33.0, 33.0, 33.0, 33.0, 33.0, 33.0, 33.0, 33.0, 33.0, 33.0, 33.0, 33.0, 33.0, 33.0, 33.0, 33.0, 33.0, 33.0, 33.0, 33.0, 33.0, 33.0, 33.0, 33.0, 33.0, 33.0, 33.0, 33.0, 33.0, 33.0, 33.0, 33.0]",COMPLETE
