,number,value,datetime_start,datetime_complete,duration,params_batch_size_scaler,params_constant_learning_rate,params_depth,params_epochs,params_kernel_l2,params_num_trees,params_temperature,user_attrs_accuracy_test,user_attrs_accuracy_valid,user_attrs_approximate_feature_sparsity,user_attrs_approximate_feature_sparsity_history,user_attrs_approximate_weight_sparsity,user_attrs_approximate_weight_sparsity_history,user_attrs_auc_test,user_attrs_auc_valid,user_attrs_feature_sparsity,user_attrs_feature_sparsity_history,user_attrs_num_epochs,user_attrs_val_loss_history,user_attrs_weight_sparsity,user_attrs_weight_sparsity_history,state
142,142,0.7631616235782098,2024-08-31 05:58:53.688818,2024-08-31 05:59:25.756865,0 days 00:00:32.068047,16,0.011163051209600408,2,345,0.011599918651086935,68,0.0064097684236756255,0.878,0.8725,33,"[33, 33, 33, 33, 33, 33, 33, 33, 33, 33, 33, 33, 33, 33, 33, 33, 33, 33, 33, 33, 33, 33, 33, 33, 33, 33, 33, 33, 33, 33, 33, 33, 33, 33, 33, 33, 33, 33, 33, 33, 33, 33, 33, 33, 33, 33, 33, 33, 33, 33, 33, 33, 33, 33, 33, 33, 33, 33, 33, 33, 33, 33, 33, 33, 33, 33, 33, 33, 33, 33, 33, 33, 33, 33, 33, 33, 33, 33, 33, 33, 33, 33, 33, 33, 33, 33, 33, 33, 33, 33, 33, 33, 33, 33, 33, 33, 33, 33, 33, 33, 33, 33, 33, 33, 33, 33, 33, 33, 33, 33, 33, 33, 33, 33, 33, 33, 33, 33, 33, 33, 33, 33, 33, 33, 33, 33, 33, 33, 33, 33, 33, 33, 33, 33, 33, 33, 33, 33, 33, 33, 33, 33, 33, 33, 33, 33, 33, 33, 33, 33, 33, 33, 33, 33, 33, 33, 33, 33, 33, 33, 33, 33, 33, 33, 33, 33, 33, 33, 33, 33, 33, 33, 33, 33, 33, 33, 33, 33, 33, 33, 33, 33, 33, 33, 33, 33, 33, 33, 33, 33, 33, 33, 33, 33, 33, 33, 33, 33, 33, 33, 33, 33, 33, 33, 33, 33, 33, 33, 33, 33, 33, 33, 33, 33, 33, 33, 33, 33, 33, 33, 33, 33, 33, 33, 33, 33, 33, 33, 33, 33, 33, 33, 33, 33, 33, 33, 33, 33, 33, 33, 33, 33, 33, 33, 33, 33, 33, 33, 33, 33, 33, 33, 33, 33, 33, 33, 33, 33, 33, 33, 33, 33, 33, 33, 33, 33, 33, 33, 33, 33, 33, 33, 33, 33, 33, 33, 33, 33, 33, 33, 33, 33, 33, 33, 33, 33, 33, 33, 33, 33, 33, 33, 33, 33, 33, 33, 33, 33, 33, 33, 33, 33, 33, 33, 33, 33, 33, 33, 33, 33, 33, 33, 33, 33, 33, 33, 33, 33, 33, 33, 33, 33, 33, 33, 33, 33, 33, 33, 33, 33, 33, 33, 33, 33, 33, 33, 33, 33, 33, 33, 33, 33, 33, 33, 33]",32.96078431372549,"[32.97549019607843, 32.990196078431374, 32.99509803921569, 32.990196078431374, 32.990196078431374, 32.98529411764706, 32.99509803921569, 32.990196078431374, 32.970588235294116, 32.99509803921569, 33.0, 32.990196078431374, 32.98039215686275, 32.97549019607843, 32.970588235294116, 32.98039215686275, 32.970588235294116, 32.96568627450981, 32.98529411764706, 32.97549019607843, 32.970588235294116, 32.98039215686275, 32.97549019607843, 32.98039215686275, 32.970588235294116, 32.970588235294116, 32.98529411764706, 32.98529411764706, 32.98039215686275, 32.98529411764706, 32.98529411764706, 32.98529411764706, 32.97549019607843, 32.98529411764706, 32.98039215686275, 32.970588235294116, 32.970588235294116, 32.96078431372549, 32.9656862745098, 32.970588235294116, 32.970588235294116, 32.98529411764706, 32.98529411764706, 32.98529411764706, 32.970588235294116, 32.98529411764706, 32.98529411764706, 32.97549019607843, 32.97549019607843, 32.970588235294116, 32.970588235294116, 32.97549019607843, 32.97549019607843, 32.96568627450981, 32.955882352941174, 32.96568627450981, 32.96078431372549, 32.94607843137255, 32.955882352941174, 32.955882352941174, 32.96568627450981, 32.950980392156865, 32.955882352941174, 32.96078431372549, 32.970588235294116, 32.96568627450981, 32.96568627450981, 32.970588235294116, 32.970588235294116, 32.970588235294116, 32.970588235294116, 32.97549019607843, 32.970588235294116, 32.970588235294116, 32.970588235294116, 32.970588235294116, 32.970588235294116, 32.970588235294116, 32.96078431372549, 32.9656862745098, 32.96078431372549, 32.96078431372549, 32.955882352941174, 32.970588235294116, 32.970588235294116, 32.970588235294116, 32.970588235294116, 32.970588235294116, 32.97549019607843, 32.96568627450981, 32.970588235294116, 32.98039215686275, 32.98039215686275, 32.97549019607843, 32.98039215686275, 32.98529411764706, 32.97549019607843, 32.98039215686275, 32.970588235294116, 32.98529411764706, 32.98039215686275, 32.990196078431374, 32.97549019607843, 32.98039215686275, 32.97549019607843, 32.97549019607843, 32.970588235294116, 32.970588235294116, 32.970588235294116, 32.970588235294116, 32.98039215686275, 32.98039215686275, 32.98039215686275, 32.97549019607843, 32.97549019607843, 32.96568627450981, 32.970588235294116, 32.97549019607843, 32.97549019607843, 32.97549019607843, 32.96568627450981, 32.96568627450981, 32.970588235294116, 32.97549019607843, 32.97549019607843, 32.97549019607843, 32.97549019607843, 32.96568627450981, 32.96078431372549, 32.970588235294116, 32.97549019607843, 32.97549019607843, 32.96568627450981, 32.97549019607843, 32.97549019607843, 32.970588235294116, 32.97549019607843, 32.97549019607843, 32.970588235294116, 32.97549019607843, 32.97549019607843, 32.97549019607843, 32.97549019607843, 32.97549019607843, 32.98039215686275, 32.98529411764706, 32.98529411764706, 32.98529411764706, 32.970588235294116, 32.96568627450981, 32.96568627450981, 32.96568627450981, 32.96568627450981, 32.970588235294116, 32.970588235294116, 32.970588235294116, 32.97549019607843, 32.98039215686275, 32.98039215686275, 32.970588235294116, 32.970588235294116, 32.97549019607843, 32.97549019607843, 32.96568627450981, 32.96568627450981, 32.970588235294116, 32.970588235294116, 32.97549019607843, 32.97549019607843, 32.97549019607843, 32.98039215686275, 32.98529411764706, 32.98529411764706, 32.98039215686275, 32.98529411764706, 32.98039215686275, 32.98529411764706, 32.98529411764706, 32.990196078431374, 32.97549019607843, 32.98039215686275, 32.97549019607843, 32.970588235294116, 32.970588235294116, 32.98039215686275, 32.97549019607843, 32.96568627450981, 32.96568627450981, 32.96568627450981, 32.98039215686275, 32.98529411764706, 32.98529411764706, 32.98039215686275, 32.97549019607843, 32.970588235294116, 32.97549019607843, 32.98039215686275, 32.970588235294116, 32.97549019607843, 32.98039215686275, 32.98039215686275, 32.98039215686275, 32.970588235294116, 32.970588235294116, 32.970588235294116, 32.97549019607843, 32.98039215686275, 32.98039215686275, 32.98039215686275, 32.97549019607843, 32.96568627450981, 32.96568627450981, 32.970588235294116, 32.96568627450981, 32.970588235294116, 32.98039215686275, 32.98529411764706, 32.98039215686275, 32.98039215686275, 32.98039215686275, 32.97549019607843, 32.970588235294116, 32.970588235294116, 32.97549019607843, 32.97549019607843, 32.97549019607843, 32.97549019607843, 32.970588235294116, 32.970588235294116, 32.96568627450981, 32.96078431372549, 32.96568627450981, 32.96568627450981, 32.96078431372549, 32.96078431372549, 32.96078431372549, 32.96078431372549, 32.96078431372549, 32.970588235294116, 32.970588235294116, 32.970588235294116, 32.970588235294116, 32.970588235294116, 32.970588235294116, 32.97549019607843, 32.970588235294116, 32.97549019607843, 32.970588235294116, 32.970588235294116, 32.97549019607843, 32.98039215686275, 32.98039215686275, 32.98529411764706, 32.98529411764706, 32.98039215686275, 32.98529411764706, 32.98529411764706, 32.970588235294116, 32.970588235294116, 32.970588235294116, 32.97549019607843, 32.97549019607843, 32.970588235294116, 32.970588235294116, 32.98039215686275, 32.98039215686275, 32.97549019607843, 32.97549019607843, 32.97549019607843, 32.97549019607843, 32.97549019607843, 32.98039215686275, 32.98039215686275, 32.98529411764706, 32.98039215686275, 32.98039215686275, 32.98039215686275, 32.98039215686275, 32.97549019607843, 32.97549019607843, 32.97549019607843, 32.97549019607843, 32.97549019607843, 32.97549019607843, 32.97549019607843, 32.98039215686275, 32.98039215686275, 32.97549019607843, 32.97549019607843, 32.970588235294116, 32.98039215686275, 32.98039215686275, 32.970588235294116, 32.97549019607843, 32.98039215686275, 32.98039215686275, 32.98039215686275, 32.98039215686275, 32.98039215686275, 32.98039215686275, 32.98039215686275, 32.98529411764706, 32.98529411764706, 32.97549019607843, 32.970588235294116, 32.970588235294116, 32.970588235294116, 32.970588235294116, 32.97549019607843, 32.97549019607843, 32.98039215686275, 32.98039215686275, 32.970588235294116, 32.96568627450981, 32.970588235294116, 32.96568627450981, 32.97549019607843, 32.970588235294116, 32.97549019607843, 32.97549019607843, 32.970588235294116, 32.97549019607843, 32.97549019607843, 32.97549019607843, 32.97549019607843, 32.97549019607843, 32.97549019607843, 32.97549019607843, 32.97549019607843, 32.97549019607843, 32.97549019607843, 32.97549019607843, 32.97549019607843, 32.96568627450981, 32.96078431372549, 32.950980392156865, 32.950980392156865, 32.955882352941174, 32.96078431372549, 32.96568627450981, 32.96078431372549, 32.96078431372549, 32.96078431372549, 32.96078431372549, 32.96078431372549]",0.7961921746381657,0.7631616235782098,33,"[33, 33, 33, 33, 33, 33, 33, 33, 33, 33, 33, 33, 33, 33, 33, 33, 33, 33, 33, 33, 33, 33, 33, 33, 33, 33, 33, 33, 33, 33, 33, 33, 33, 33, 33, 33, 33, 33, 33, 33, 33, 33, 33, 33, 33, 33, 33, 33, 33, 33, 33, 33, 33, 33, 33, 33, 33, 33, 33, 33, 33, 33, 33, 33, 33, 33, 33, 33, 33, 33, 33, 33, 33, 33, 33, 33, 33, 33, 33, 33, 33, 33, 33, 33, 33, 33, 33, 33, 33, 33, 33, 33, 33, 33, 33, 33, 33, 33, 33, 33, 33, 33, 33, 33, 33, 33, 33, 33, 33, 33, 33, 33, 33, 33, 33, 33, 33, 33, 33, 33, 33, 33, 33, 33, 33, 33, 33, 33, 33, 33, 33, 33, 33, 33, 33, 33, 33, 33, 33, 33, 33, 33, 33, 33, 33, 33, 33, 33, 33, 33, 33, 33, 33, 33, 33, 33, 33, 33, 33, 33, 33, 33, 33, 33, 33, 33, 33, 33, 33, 33, 33, 33, 33, 33, 33, 33, 33, 33, 33, 33, 33, 33, 33, 33, 33, 33, 33, 33, 33, 33, 33, 33, 33, 33, 33, 33, 33, 33, 33, 33, 33, 33, 33, 33, 33, 33, 33, 33, 33, 33, 33, 33, 33, 33, 33, 33, 33, 33, 33, 33, 33, 33, 33, 33, 33, 33, 33, 33, 33, 33, 33, 33, 33, 33, 33, 33, 33, 33, 33, 33, 33, 33, 33, 33, 33, 33, 33, 33, 33, 33, 33, 33, 33, 33, 33, 33, 33, 33, 33, 33, 33, 33, 33, 33, 33, 33, 33, 33, 33, 33, 33, 33, 33, 33, 33, 33, 33, 33, 33, 33, 33, 33, 33, 33, 33, 33, 33, 33, 33, 33, 33, 33, 33, 33, 33, 33, 33, 33, 33, 33, 33, 33, 33, 33, 33, 33, 33, 33, 33, 33, 33, 33, 33, 33, 33, 33, 33, 33, 33, 33, 33, 33, 33, 33, 33, 33, 33, 33, 33, 33, 33, 33, 33, 33, 33, 33, 33, 33, 33, 33, 33, 33, 33, 33, 33]",345,"[0.42357319593429565, 0.41760385036468506, 0.41494250297546387, 0.413116455078125, 0.41183602809906006, 0.4106719195842743, 0.4095805883407593, 0.4085055887699127, 0.4074832797050476, 0.4065123498439789, 0.40552815794944763, 0.40460583567619324, 0.40369388461112976, 0.4028029143810272, 0.4019696116447449, 0.40115565061569214, 0.40036842226982117, 0.39957574009895325, 0.39883577823638916, 0.3981213867664337, 0.3974391222000122, 0.3967554569244385, 0.39610525965690613, 0.3954733610153198, 0.3948917090892792, 0.3942583501338959, 0.39367201924324036, 0.39312729239463806, 0.3925846517086029, 0.39209243655204773, 0.39155521988868713, 0.3910778760910034, 0.39058196544647217, 0.3901239037513733, 0.38967379927635193, 0.38920706510543823, 0.3887404203414917, 0.38828980922698975, 0.38785746693611145, 0.38745608925819397, 0.3870774805545807, 0.3866855204105377, 0.3863057792186737, 0.3859349489212036, 0.3855944573879242, 0.3852660059928894, 0.3849605917930603, 0.3845943212509155, 0.38425204157829285, 0.383926659822464, 0.3836198151111603, 0.38331565260887146, 0.38300544023513794, 0.3827342987060547, 0.3824799060821533, 0.382202684879303, 0.381923645734787, 0.3816048502922058, 0.38139018416404724, 0.3811374306678772, 0.380855917930603, 0.38058704137802124, 0.3803289532661438, 0.3800925314426422, 0.37983182072639465, 0.37959998846054077, 0.3794287145137787, 0.37917160987854004, 0.37891867756843567, 0.378743052482605, 0.3785076141357422, 0.37827780842781067, 0.37809374928474426, 0.37787413597106934, 0.3776874244213104, 0.3774572014808655, 0.37727633118629456, 0.3770541250705719, 0.37692901492118835, 0.3766932189464569, 0.37648555636405945, 0.37627002596855164, 0.376140832901001, 0.37593093514442444, 0.3757276237010956, 0.37551814317703247, 0.3753880560398102, 0.3752175271511078, 0.3750509023666382, 0.37488362193107605, 0.37472546100616455, 0.3745923936367035, 0.37441930174827576, 0.3742891550064087, 0.37410467863082886, 0.37392184138298035, 0.373717337846756, 0.373680979013443, 0.37350723147392273, 0.3732660710811615, 0.3731235861778259, 0.37295180559158325, 0.37282076478004456, 0.37267863750457764, 0.37249547243118286, 0.37236228585243225, 0.3721945881843567, 0.37204769253730774, 0.37193188071250916, 0.3718346655368805, 0.3716371953487396, 0.37150686979293823, 0.37139827013015747, 0.3712093234062195, 0.37105822563171387, 0.3708859980106354, 0.37076273560523987, 0.3706340491771698, 0.3705213665962219, 0.37046992778778076, 0.37034279108047485, 0.37020179629325867, 0.3699851930141449, 0.3698332607746124, 0.36968883872032166, 0.3695509433746338, 0.369385302066803, 0.3692808449268341, 0.3691004812717438, 0.36894556879997253, 0.3688330054283142, 0.3686748743057251, 0.3685376048088074, 0.36843326687812805, 0.368313193321228, 0.3681698739528656, 0.36800020933151245, 0.36786431074142456, 0.36774319410324097, 0.3676139712333679, 0.3675316572189331, 0.3674025237560272, 0.36722442507743835, 0.3671332597732544, 0.3669699728488922, 0.3668265640735626, 0.3667086660861969, 0.36664649844169617, 0.36648762226104736, 0.36639419198036194, 0.3661802411079407, 0.3660629987716675, 0.36593493819236755, 0.3658139407634735, 0.36571982502937317, 0.36565059423446655, 0.3655088543891907, 0.3653216063976288, 0.36519911885261536, 0.3650875985622406, 0.3649590313434601, 0.3648725748062134, 0.36477649211883545, 0.36469826102256775, 0.36449959874153137, 0.3644077777862549, 0.36425063014030457, 0.36411696672439575, 0.3640049397945404, 0.36390194296836853, 0.36376747488975525, 0.36365047097206116, 0.3635566830635071, 0.36350321769714355, 0.36347275972366333, 0.36321112513542175, 0.3630862832069397, 0.36297744512557983, 0.3627912104129791, 0.36266085505485535, 0.3626255691051483, 0.3625524938106537, 0.36239272356033325, 0.36221766471862793, 0.3620792627334595, 0.3619827926158905, 0.3618643581867218, 0.3618525564670563, 0.36164429783821106, 0.36148369312286377, 0.3614060580730438, 0.3613172173500061, 0.3612135052680969, 0.36111536622047424, 0.36095690727233887, 0.36089733242988586, 0.36076053977012634, 0.36063340306282043, 0.3605881631374359, 0.3604468107223511, 0.36026886105537415, 0.36015766859054565, 0.36004623770713806, 0.3599356710910797, 0.3597928583621979, 0.35967791080474854, 0.3596145212650299, 0.35953864455223083, 0.3593582212924957, 0.35920101404190063, 0.3590785562992096, 0.3589770495891571, 0.3588927090167999, 0.3587672710418701, 0.35866251587867737, 0.358576238155365, 0.35847559571266174, 0.35838526487350464, 0.35830166935920715, 0.3581547141075134, 0.3580676317214966, 0.3579537570476532, 0.3577977120876312, 0.35769662261009216, 0.35760992765426636, 0.3574283719062805, 0.357346773147583, 0.35723677277565, 0.3571335971355438, 0.35712212324142456, 0.356912761926651, 0.35684508085250854, 0.3567415177822113, 0.3565651774406433, 0.35646697878837585, 0.35634028911590576, 0.35617896914482117, 0.3560678958892822, 0.35598960518836975, 0.3559208810329437, 0.3557808995246887, 0.35568559169769287, 0.355599045753479, 0.355442613363266, 0.355326384305954, 0.35525810718536377, 0.3552305996417999, 0.3550615608692169, 0.35492581129074097, 0.3547757863998413, 0.3547048568725586, 0.3545283079147339, 0.35443833470344543, 0.3543434143066406, 0.3542422354221344, 0.3541601896286011, 0.35402458906173706, 0.35392963886260986, 0.35378751158714294, 0.3536863625049591, 0.3536456227302551, 0.35360702872276306, 0.3535030484199524, 0.35329383611679077, 0.35320961475372314, 0.35308876633644104, 0.3529518246650696, 0.3528553247451782, 0.35278308391571045, 0.35267186164855957, 0.3525732457637787, 0.35245653986930847, 0.3524322211742401, 0.35232749581336975, 0.3521232604980469, 0.3520030081272125, 0.3519269824028015, 0.3518192172050476, 0.3516582250595093, 0.3515872061252594, 0.35152554512023926, 0.3514145314693451, 0.35131654143333435, 0.3512943685054779, 0.35121241211891174, 0.3510444760322571, 0.3509409427642822, 0.3507506549358368, 0.3507014811038971, 0.3505215346813202, 0.3504101634025574, 0.35030022263526917, 0.35021916031837463, 0.350119024515152, 0.3500105142593384, 0.349976509809494, 0.349853515625, 0.34974148869514465, 0.3496495485305786, 0.3496345281600952, 0.3495649993419647, 0.3494413495063782, 0.34940770268440247, 0.3491787314414978, 0.3491240441799164, 0.34900033473968506, 0.3488510549068451, 0.3487050235271454, 0.348636269569397, 0.3485094904899597, 0.348408043384552, 0.34830954670906067, 0.34824374318122864, 0.34814608097076416, 0.34811484813690186, 0.3479732573032379, 0.3478594720363617, 0.34780001640319824, 0.3477361798286438, 0.34759071469306946, 0.34749430418014526, 0.3473685085773468, 0.34724608063697815, 0.3471359312534332, 0.3470425009727478, 0.3469800651073456, 0.34683284163475037, 0.34673938155174255, 0.3466299772262573, 0.3465806841850281, 0.3465515971183777, 0.34647107124328613, 0.34633392095565796, 0.34623199701309204, 0.3461453318595886, 0.3459651470184326, 0.34585514664649963, 0.3457808196544647, 0.3456614315509796, 0.3455551266670227, 0.34547802805900574, 0.34540295600891113, 0.3452587425708771, 0.3451806902885437, 0.34510254859924316]",33.0,"[33.0, 33.0, 33.0, 33.0, 33.0, 33.0, 33.0, 33.0, 33.0, 33.0, 33.0, 33.0, 33.0, 33.0, 33.0, 33.0, 33.0, 33.0, 33.0, 33.0, 33.0, 33.0, 33.0, 33.0, 33.0, 33.0, 33.0, 33.0, 33.0, 33.0, 33.0, 33.0, 33.0, 33.0, 33.0, 33.0, 33.0, 33.0, 33.0, 33.0, 33.0, 33.0, 33.0, 33.0, 33.0, 33.0, 33.0, 33.0, 33.0, 33.0, 33.0, 33.0, 33.0, 33.0, 33.0, 33.0, 33.0, 33.0, 33.0, 33.0, 33.0, 33.0, 33.0, 33.0, 33.0, 33.0, 33.0, 33.0, 33.0, 33.0, 33.0, 33.0, 33.0, 33.0, 33.0, 33.0, 33.0, 33.0, 33.0, 33.0, 33.0, 33.0, 33.0, 33.0, 33.0, 33.0, 33.0, 33.0, 33.0, 33.0, 33.0, 33.0, 33.0, 33.0, 33.0, 33.0, 33.0, 33.0, 33.0, 33.0, 33.0, 33.0, 33.0, 33.0, 33.0, 33.0, 33.0, 33.0, 33.0, 33.0, 33.0, 33.0, 33.0, 33.0, 33.0, 33.0, 33.0, 33.0, 33.0, 33.0, 33.0, 33.0, 33.0, 33.0, 33.0, 33.0, 33.0, 33.0, 33.0, 33.0, 33.0, 33.0, 33.0, 33.0, 33.0, 33.0, 33.0, 33.0, 33.0, 33.0, 33.0, 33.0, 33.0, 33.0, 33.0, 33.0, 33.0, 33.0, 33.0, 33.0, 33.0, 33.0, 33.0, 33.0, 33.0, 33.0, 33.0, 33.0, 33.0, 33.0, 33.0, 33.0, 33.0, 33.0, 33.0, 33.0, 33.0, 33.0, 33.0, 33.0, 33.0, 33.0, 33.0, 33.0, 33.0, 33.0, 33.0, 33.0, 33.0, 33.0, 33.0, 33.0, 33.0, 33.0, 33.0, 33.0, 33.0, 33.0, 33.0, 33.0, 33.0, 33.0, 33.0, 33.0, 33.0, 33.0, 33.0, 33.0, 33.0, 33.0, 33.0, 33.0, 33.0, 33.0, 33.0, 33.0, 33.0, 33.0, 33.0, 33.0, 33.0, 33.0, 33.0, 33.0, 33.0, 33.0, 33.0, 33.0, 33.0, 33.0, 33.0, 33.0, 33.0, 33.0, 33.0, 33.0, 33.0, 33.0, 33.0, 33.0, 33.0, 33.0, 33.0, 33.0, 33.0, 33.0, 33.0, 33.0, 33.0, 33.0, 33.0, 33.0, 33.0, 33.0, 33.0, 33.0, 33.0, 33.0, 33.0, 33.0, 33.0, 33.0, 33.0, 33.0, 33.0, 33.0, 33.0, 33.0, 33.0, 33.0, 33.0, 33.0, 33.0, 33.0, 33.0, 33.0, 33.0, 33.0, 33.0, 33.0, 33.0, 33.0, 33.0, 33.0, 33.0, 33.0, 33.0, 33.0, 33.0, 33.0, 33.0, 33.0, 33.0, 33.0, 33.0, 33.0, 33.0, 33.0, 33.0, 33.0, 33.0, 33.0, 33.0, 33.0, 33.0, 33.0, 33.0, 33.0, 33.0, 33.0, 33.0, 33.0, 33.0, 33.0, 33.0, 33.0, 33.0, 33.0, 33.0, 33.0, 33.0, 33.0, 33.0, 33.0, 33.0, 33.0, 33.0, 33.0, 33.0, 33.0, 33.0, 33.0, 33.0, 33.0, 33.0, 33.0, 33.0, 33.0, 33.0, 33.0, 33.0, 33.0, 33.0, 33.0, 33.0, 33.0, 33.0, 33.0, 33.0, 33.0, 33.0, 33.0, 33.0, 33.0, 33.0]",COMPLETE
