,number,value,datetime_start,datetime_complete,duration,params_batch_size_scaler,params_constant_learning_rate,params_depth,params_epochs,params_kernel_l2,params_num_trees,params_temperature,user_attrs_accuracy_test,user_attrs_accuracy_valid,user_attrs_approximate_feature_sparsity,user_attrs_approximate_feature_sparsity_history,user_attrs_approximate_weight_sparsity,user_attrs_approximate_weight_sparsity_history,user_attrs_auc_test,user_attrs_auc_valid,user_attrs_feature_sparsity,user_attrs_feature_sparsity_history,user_attrs_num_epochs,user_attrs_val_loss_history,user_attrs_weight_sparsity,user_attrs_weight_sparsity_history,state
153,153,0.6448261648052968,2024-08-31 06:09:57.108289,2024-08-31 06:11:18.953219,0 days 00:01:21.844930,4,5.423398811994596,2,490,0.06567997644969978,65,0.01402129512035137,0.854,0.8475,5,"[7, 7, 7, 7, 7, 7, 7, 7, 7, 7, 7, 7, 7, 7, 7, 7, 7, 7, 7, 7, 10, 12, 12, 12, 12, 11, 11, 11, 11, 11, 11, 11, 11, 10, 10, 10, 9, 9, 9, 7, 7, 7, 8, 8, 8, 8, 7, 7, 8, 8, 8, 8, 8, 8, 8, 8, 7, 7, 7, 7, 8, 8, 8, 8, 8, 8, 8, 8, 8, 8, 8, 8, 7, 7, 7, 7, 7, 7, 8, 7, 8, 8, 8, 7, 7, 8, 6, 5, 7, 7, 7, 7, 8, 7, 7, 7, 7, 7, 7, 7, 7, 7, 7, 7, 7, 7, 6, 6, 6, 6, 7, 7, 7, 7, 7, 7, 7, 7, 7, 7, 7, 7, 7, 6, 6, 6, 7, 7, 7, 7, 7, 7, 7, 7, 7, 6, 6, 7, 7, 7, 7, 7, 7, 7, 7, 7, 7, 7, 6, 6, 7, 7, 7, 7, 7, 7, 7, 7, 7, 7, 7, 7, 7, 6, 6, 6, 7, 7, 7, 7, 7, 7, 7, 7, 7, 7, 7, 6, 6, 7, 7, 7, 7, 7, 7, 7, 7, 6, 6, 6, 7, 7, 7, 7, 7, 7, 7, 7, 7, 7, 6, 6, 6, 14, 12, 12, 12, 11, 11, 11, 11, 11, 11, 10, 10, 10, 10, 10, 10, 10, 7, 7, 7, 6, 7, 7, 8, 8, 8, 7, 7, 7, 7, 7, 6, 6, 6, 6, 6, 5, 6, 6, 6, 6, 8, 5, 5, 6, 5, 6, 5, 7, 7, 7, 7, 7, 7, 7, 6, 6, 6, 6, 6, 6, 6, 5, 5, 6, 6, 5, 6, 6, 6, 5, 5, 6, 7, 7, 7, 7, 6, 7, 7, 7, 7, 8, 8, 8, 8, 8, 8, 8, 8, 8, 8, 8, 8, 8, 8, 8, 8, 8, 8, 8, 6, 7, 7, 7, 6, 6, 7, 6, 6, 6, 7, 7, 7, 6, 6, 6, 7, 6, 6, 6, 6, 6, 7, 6, 6, 6, 6, 6, 4, 5, 7, 7, 7, 7, 7, 7, 7, 7, 7, 7, 7, 7, 6, 6, 5, 6, 6, 6, 6, 6, 6, 6, 6, 6, 6, 6, 6, 6, 6, 6, 6, 6, 7, 7, 7, 6, 6, 6, 6, 6, 6, 6, 6, 6, 6, 7, 6, 6, 6, 6, 5, 5, 6, 6, 6, 6, 6, 6, 6, 7, 7, 7, 7, 7, 7, 7, 7, 7, 7, 7, 7, 6, 6, 6, 7, 7, 7, 7, 7, 6, 6, 7, 7, 7, 7, 8, 8, 7, 7, 7, 7, 7, 7, 6, 6, 6, 7, 8, 8, 7, 9, 9, 9, 9, 9, 9, 8, 8, 7, 7, 7, 7, 7, 8, 8, 8, 8, 8, 8, 7, 7, 7, 7, 5, 5, 5, 5, 6, 5, 5, 5, 5, 6, 7, 5, 5, 5, 5, 6, 6, 6, 5, 6, 5, 6, 7, 9, 9, 8, 7, 7, 5, 5, 6, 6, 5]",4.7846153846153845,"[7.0, 6.98974358974359, 7.0, 7.0, 7.0, 7.0, 7.0, 7.0, 7.0, 7.0, 6.994871794871795, 7.0, 7.0, 7.0, 7.0, 7.0, 6.994871794871795, 6.994871794871795, 7.0, 7.0, 9.994871794871795, 11.984615384615385, 11.984615384615385, 11.994871794871795, 12.0, 11.0, 11.0, 11.0, 10.98974358974359, 10.984615384615385, 10.994871794871795, 10.994871794871795, 10.994871794871795, 9.994871794871795, 10.0, 10.0, 9.0, 8.994871794871795, 9.0, 7.0, 6.994871794871795, 6.994871794871795, 8.0, 8.0, 8.0, 8.0, 7.0, 7.0, 8.0, 8.0, 8.0, 8.0, 7.994871794871795, 8.0, 8.0, 8.0, 7.0, 6.994871794871795, 7.0, 6.994871794871795, 8.0, 8.0, 7.994871794871795, 8.0, 8.0, 8.0, 8.0, 8.0, 8.0, 8.0, 8.0, 8.0, 7.0, 6.994871794871795, 6.994871794871795, 7.0, 6.994871794871795, 7.0, 7.994871794871795, 7.0, 7.984615384615385, 7.994871794871795, 7.994871794871795, 7.0, 7.0, 7.98974358974359, 5.98974358974359, 4.994871794871795, 6.984615384615385, 6.97948717948718, 6.97948717948718, 6.97948717948718, 7.969230769230769, 6.984615384615385, 6.97948717948718, 6.9743589743589745, 6.98974358974359, 6.984615384615385, 6.98974358974359, 6.98974358974359, 6.97948717948718, 6.9743589743589745, 6.9743589743589745, 6.97948717948718, 6.97948717948718, 6.9743589743589745, 5.9743589743589745, 5.969230769230769, 5.964102564102564, 5.969230769230769, 6.933333333333334, 6.943589743589744, 6.958974358974359, 6.953846153846154, 6.953846153846154, 6.953846153846154, 6.958974358974359, 6.953846153846154, 6.948717948717949, 6.953846153846154, 6.953846153846154, 6.943589743589744, 6.943589743589744, 5.948717948717949, 5.953846153846154, 5.953846153846154, 6.938461538461539, 6.943589743589744, 6.948717948717949, 6.948717948717949, 6.948717948717949, 6.948717948717949, 6.948717948717949, 6.948717948717949, 6.948717948717949, 5.953846153846154, 5.958974358974359, 6.948717948717949, 6.948717948717949, 6.943589743589744, 6.948717948717949, 6.943589743589744, 6.948717948717949, 6.933333333333334, 6.953846153846154, 6.948717948717949, 6.943589743589744, 6.943589743589744, 5.964102564102564, 5.953846153846154, 6.938461538461539, 6.948717948717949, 6.943589743589744, 6.943589743589744, 6.948717948717949, 6.948717948717949, 6.948717948717949, 6.948717948717949, 6.948717948717949, 6.938461538461539, 6.933333333333334, 6.9282051282051285, 6.923076923076923, 5.9282051282051285, 5.933333333333334, 5.933333333333334, 6.897435897435898, 6.897435897435898, 6.907692307692308, 6.907692307692308, 6.902564102564103, 6.902564102564103, 6.912820512820513, 6.897435897435898, 6.902564102564103, 6.907692307692308, 6.907692307692308, 5.9282051282051285, 5.902564102564103, 6.892307692307693, 6.902564102564103, 6.902564102564103, 6.892307692307693, 6.907692307692308, 6.907692307692308, 6.912820512820513, 6.907692307692308, 5.9282051282051285, 5.923076923076923, 5.897435897435898, 6.907692307692308, 6.902564102564103, 6.887179487179488, 6.897435897435898, 6.871794871794872, 6.887179487179488, 6.892307692307693, 6.897435897435898, 6.892307692307693, 6.887179487179488, 5.902564102564103, 5.897435897435898, 5.897435897435898, 13.687179487179488, 11.753846153846155, 11.743589743589745, 11.743589743589745, 10.774358974358975, 10.794871794871796, 10.774358974358975, 10.764102564102565, 10.753846153846155, 10.75897435897436, 9.75897435897436, 9.784615384615385, 9.764102564102565, 9.784615384615385, 9.733333333333334, 9.774358974358975, 9.774358974358975, 6.825641025641026, 6.815384615384615, 6.835897435897436, 5.861538461538462, 6.8307692307692305, 6.825641025641025, 7.799999999999999, 7.789743589743589, 7.799999999999999, 6.82051282051282, 6.805128205128205, 6.82051282051282, 6.81025641025641, 6.825641025641025, 5.82051282051282, 5.825641025641025, 5.841025641025641, 5.846153846153846, 5.846153846153846, 4.866666666666666, 5.866666666666666, 5.856410256410256, 5.846153846153846, 5.835897435897436, 7.815384615384614, 4.892307692307692, 4.8769230769230765, 5.856410256410256, 4.871794871794871, 5.856410256410256, 4.871794871794871, 6.8307692307692305, 6.8307692307692305, 6.82051282051282, 6.825641025641025, 6.835897435897436, 6.8307692307692305, 6.835897435897436, 5.861538461538461, 5.851282051282051, 5.861538461538461, 5.856410256410256, 5.866666666666666, 5.851282051282051, 5.851282051282051, 4.8769230769230765, 4.871794871794871, 5.851282051282051, 5.841025641025641, 4.871794871794871, 5.846153846153846, 5.82051282051282, 5.856410256410256, 4.861538461538461, 4.8769230769230765, 5.866666666666666, 6.8307692307692305, 6.835897435897436, 6.841025641025641, 6.841025641025641, 5.856410256410256, 6.851282051282051, 6.825641025641025, 6.8307692307692305, 6.835897435897436, 7.825641025641025, 7.805128205128205, 7.825641025641025, 7.82051282051282, 7.815384615384615, 7.81025641025641, 7.805128205128205, 7.794871794871795, 7.8, 7.805128205128205, 7.7846153846153845, 7.805128205128205, 7.81025641025641, 7.815384615384615, 7.815384615384615, 7.815384615384615, 7.794871794871795, 7.794871794871795, 7.8, 5.856410256410256, 6.815384615384615, 6.82051282051282, 6.835897435897436, 5.8307692307692305, 5.841025641025641, 6.82051282051282, 5.825641025641025, 5.846153846153846, 5.851282051282051, 6.825641025641025, 6.835897435897436, 6.825641025641025, 5.851282051282051, 5.856410256410256, 5.851282051282051, 6.805128205128205, 5.851282051282051, 5.841025641025641, 5.835897435897436, 5.851282051282051, 5.846153846153846, 6.835897435897436, 5.851282051282051, 5.851282051282051, 5.835897435897436, 5.861538461538461, 5.856410256410256, 3.9128205128205127, 4.882051282051282, 6.805128205128205, 6.815384615384615, 6.805128205128205, 6.82051282051282, 6.8307692307692305, 6.841025641025641, 6.8307692307692305, 6.841025641025641, 6.841025641025641, 6.841025641025641, 6.835897435897436, 6.835897435897436, 5.866666666666666, 5.861538461538461, 4.882051282051282, 5.851282051282051, 5.856410256410256, 5.861538461538461, 5.851282051282051, 5.861538461538461, 5.861538461538461, 5.856410256410256, 5.851282051282051, 5.866666666666666, 5.866666666666666, 5.856410256410256, 5.856410256410256, 5.861538461538461, 5.856410256410256, 5.856410256410256, 5.866666666666666, 5.866666666666666, 6.815384615384614, 6.825641025641025, 6.810256410256409, 5.866666666666666, 5.866666666666666, 5.861538461538461, 5.861538461538461, 5.856410256410256, 5.846153846153846, 5.856410256410256, 5.861538461538461, 5.841025641025641, 5.851282051282051, 6.78974358974359, 5.856410256410256, 5.846153846153846, 5.851282051282051, 5.856410256410256, 4.8769230769230765, 4.887179487179487, 5.856410256410256, 5.856410256410256, 5.846153846153846, 5.851282051282051, 5.846153846153846, 5.841025641025641, 5.841025641025641, 6.7794871794871785, 6.789743589743589, 6.78974358974359, 6.7846153846153845, 6.769230769230768, 6.7846153846153845, 6.769230769230768, 6.753846153846153, 6.769230769230769, 6.758974358974359, 6.758974358974359, 6.743589743589744, 5.769230769230769, 5.779487179487179, 5.758974358974359, 6.692307692307692, 6.717948717948717, 6.7333333333333325, 6.748717948717949, 6.743589743589744, 5.764102564102564, 5.769230769230769, 6.717948717948718, 6.723076923076922, 6.728205128205127, 6.7333333333333325, 7.6871794871794865, 7.692307692307692, 6.738461538461538, 6.753846153846154, 6.723076923076922, 6.728205128205127, 6.743589743589743, 6.748717948717949, 5.7846153846153845, 5.753846153846154, 5.774358974358974, 6.712820512820512, 7.671794871794871, 7.661538461538461, 6.733333333333333, 8.65128205128205, 8.64102564102564, 8.63076923076923, 8.61025641025641, 8.615384615384615, 8.625641025641025, 7.666666666666666, 7.671794871794872, 6.712820512820513, 6.712820512820513, 6.697435897435897, 6.6871794871794865, 6.682051282051281, 7.671794871794871, 7.63076923076923, 7.651282051282051, 7.676923076923076, 7.666666666666666, 7.656410256410256, 6.702564102564102, 6.692307692307692, 6.707692307692308, 6.702564102564102, 4.81025641025641, 4.805128205128205, 4.8, 4.81025641025641, 5.758974358974359, 4.815384615384615, 4.78974358974359, 4.794871794871795, 4.794871794871795, 5.743589743589744, 6.682051282051282, 4.815384615384615, 4.7846153846153845, 4.794871794871795, 4.805128205128205, 5.753846153846154, 5.753846153846154, 5.7384615384615385, 4.8, 5.743589743589744, 4.78974358974359, 5.733333333333333, 6.666666666666666, 8.57948717948718, 8.594871794871795, 7.641025641025641, 6.661538461538461, 6.651282051282051, 4.769230769230769, 4.758974358974359, 5.723076923076922, 5.712820512820513, 4.7846153846153845]",0.6153782643515882,0.6448261648052968,5,"[7, 7, 7, 7, 7, 7, 7, 7, 7, 7, 7, 7, 7, 7, 7, 7, 7, 7, 7, 7, 10, 12, 12, 12, 12, 11, 11, 11, 11, 11, 11, 11, 11, 10, 10, 10, 9, 9, 9, 7, 7, 7, 8, 8, 8, 8, 7, 7, 8, 8, 8, 8, 8, 8, 8, 8, 7, 7, 7, 7, 8, 8, 8, 8, 8, 8, 8, 8, 8, 8, 8, 8, 7, 7, 7, 7, 7, 7, 8, 7, 8, 8, 8, 7, 7, 8, 6, 5, 7, 7, 7, 7, 8, 7, 7, 7, 7, 7, 7, 7, 7, 7, 7, 7, 7, 7, 6, 6, 6, 6, 7, 7, 7, 7, 7, 7, 7, 7, 7, 7, 7, 7, 7, 6, 6, 6, 7, 7, 7, 7, 7, 7, 7, 7, 7, 6, 6, 7, 7, 7, 7, 7, 7, 7, 7, 7, 7, 7, 6, 6, 7, 7, 7, 7, 7, 7, 7, 7, 7, 7, 7, 7, 7, 6, 6, 6, 7, 7, 7, 7, 7, 7, 7, 7, 7, 7, 7, 6, 6, 7, 7, 7, 7, 7, 7, 7, 7, 6, 6, 6, 7, 7, 7, 7, 7, 7, 7, 7, 7, 7, 6, 6, 6, 14, 12, 12, 12, 11, 11, 11, 11, 11, 11, 10, 10, 10, 10, 10, 10, 10, 7, 7, 7, 6, 7, 7, 8, 8, 8, 7, 7, 7, 7, 7, 6, 6, 6, 6, 6, 5, 6, 6, 6, 6, 8, 5, 5, 6, 5, 6, 5, 7, 7, 7, 7, 7, 7, 7, 6, 6, 6, 6, 6, 6, 6, 5, 5, 6, 6, 5, 6, 6, 6, 5, 5, 6, 7, 7, 7, 7, 6, 7, 7, 7, 7, 8, 8, 8, 8, 8, 8, 8, 8, 8, 8, 8, 8, 8, 8, 8, 8, 8, 8, 8, 6, 7, 7, 7, 6, 6, 7, 6, 6, 6, 7, 7, 7, 6, 6, 6, 7, 6, 6, 6, 6, 6, 7, 6, 6, 6, 6, 6, 4, 5, 7, 7, 7, 7, 7, 7, 7, 7, 7, 7, 7, 7, 6, 6, 5, 6, 6, 6, 6, 6, 6, 6, 6, 6, 6, 6, 6, 6, 6, 6, 6, 6, 7, 7, 7, 6, 6, 6, 6, 6, 6, 6, 6, 6, 6, 7, 6, 6, 6, 6, 5, 5, 6, 6, 6, 6, 6, 6, 6, 7, 7, 7, 7, 7, 7, 7, 7, 7, 7, 7, 7, 6, 6, 6, 7, 7, 7, 7, 7, 6, 6, 7, 7, 7, 7, 8, 8, 7, 7, 7, 7, 7, 7, 6, 6, 6, 7, 8, 8, 7, 9, 9, 9, 9, 9, 9, 8, 8, 7, 7, 7, 7, 7, 8, 8, 8, 8, 8, 8, 7, 7, 7, 7, 5, 5, 5, 5, 6, 5, 5, 5, 5, 6, 7, 5, 5, 5, 5, 6, 6, 6, 5, 6, 5, 6, 7, 9, 9, 8, 7, 7, 5, 5, 6, 6, 5]",490,"[18.95885467529297, 13.019539833068848, 31.23017120361328, 31.840412139892578, 25.279645919799805, 42.19011306762695, 21.263887405395508, 43.07533264160156, 33.8581657409668, 3.8040077686309814, 8.677191734313965, 10.512977600097656, 25.133562088012695, 10.281150817871094, 15.774560928344727, 9.917084693908691, 9.309943199157715, 35.12108612060547, 29.104490280151367, 22.124492645263672, 4.841917514801025, 10.891457557678223, 4.391673564910889, 20.51053237915039, 4.6111345291137695, 6.44987678527832, 16.46514129638672, 3.24137544631958, 2.892777919769287, 2.3161420822143555, 20.238014221191406, 5.036599159240723, 11.063959121704102, 3.5544676780700684, 5.966371536254883, 3.972820997238159, 16.74831199645996, 2.832529067993164, 4.018609523773193, 16.207605361938477, 8.786314010620117, 11.462244033813477, 3.6211791038513184, 4.5750885009765625, 4.224125385284424, 5.320467948913574, 7.144980430603027, 7.1390180587768555, 18.855165481567383, 2.5247206687927246, 25.278867721557617, 16.876245498657227, 5.372163772583008, 13.978704452514648, 2.4744789600372314, 16.321504592895508, 18.76081085205078, 11.730485916137695, 10.991847038269043, 5.1630682945251465, 12.086874008178711, 5.36129093170166, 6.515578746795654, 27.45508575439453, 13.434660911560059, 2.3266701698303223, 6.418832778930664, 13.832440376281738, 10.784339904785156, 8.755738258361816, 12.123083114624023, 5.712971210479736, 10.937726020812988, 3.190378189086914, 23.332056045532227, 7.767327308654785, 10.400110244750977, 12.662431716918945, 15.786900520324707, 10.897784233093262, 14.527403831481934, 12.04560661315918, 6.180405139923096, 7.342286586761475, 3.690263271331787, 5.542877674102783, 4.462767124176025, 19.460186004638672, 8.926287651062012, 35.1202507019043, 8.3746919631958, 16.085540771484375, 26.59775161743164, 10.764369010925293, 14.168007850646973, 6.512521743774414, 19.67677879333496, 19.16661262512207, 12.285906791687012, 22.182680130004883, 9.735848426818848, 16.081937789916992, 21.03896713256836, 8.269848823547363, 3.259162664413452, 3.2623727321624756, 5.643475532531738, 11.481656074523926, 2.1785597801208496, 11.368315696716309, 15.384696006774902, 11.094171524047852, 5.191946029663086, 5.9576802253723145, 11.073895454406738, 5.569156646728516, 27.134828567504883, 5.668509483337402, 14.430968284606934, 25.876253128051758, 4.784280776977539, 20.03496551513672, 5.329075813293457, 8.607369422912598, 13.1130952835083, 5.635188102722168, 14.108428955078125, 6.596189022064209, 23.61186981201172, 22.077863693237305, 23.278844833374023, 7.031613826751709, 11.451704025268555, 5.912230014801025, 20.032926559448242, 4.3089375495910645, 9.280189514160156, 7.184076309204102, 26.161109924316406, 4.201789379119873, 9.304830551147461, 3.8375320434570312, 10.587288856506348, 4.532322883605957, 12.1464262008667, 8.222001075744629, 6.002535343170166, 9.108144760131836, 3.250990867614746, 2.9608895778656006, 7.8004326820373535, 10.398285865783691, 21.771411895751953, 3.190427780151367, 6.411457538604736, 4.398372650146484, 20.5760440826416, 9.000693321228027, 6.0528035163879395, 9.590206146240234, 12.42741584777832, 15.323136329650879, 9.808038711547852, 7.992292881011963, 6.323237895965576, 8.168569564819336, 10.101720809936523, 13.353572845458984, 3.5449705123901367, 11.338024139404297, 3.100212335586548, 15.817670822143555, 3.627652645111084, 15.988115310668945, 3.4493658542633057, 20.689939498901367, 8.934741973876953, 8.752463340759277, 12.979336738586426, 22.674184799194336, 12.0074462890625, 23.04974937438965, 3.186734199523926, 22.28253746032715, 28.115135192871094, 10.956128120422363, 24.381196975708008, 15.014805793762207, 3.4017839431762695, 25.59808921813965, 6.619684219360352, 13.471160888671875, 3.146042585372925, 4.388253688812256, 6.27241325378418, 8.127364158630371, 6.4786458015441895, 22.598722457885742, 3.062915325164795, 9.975288391113281, 4.148127555847168, 5.099109649658203, 6.154224872589111, 18.50826644897461, 22.134904861450195, 4.975343704223633, 14.127799987792969, 20.256986618041992, 16.96774673461914, 6.029501914978027, 2.838015556335449, 3.690638542175293, 5.610783576965332, 6.488377094268799, 4.9491496086120605, 20.151784896850586, 4.207979202270508, 16.789838790893555, 2.3539040088653564, 2.660449504852295, 2.086500406265259, 11.939449310302734, 3.250290632247925, 2.392652988433838, 23.736900329589844, 27.586484909057617, 12.605552673339844, 8.446125030517578, 5.290480136871338, 23.14487075805664, 11.845244407653809, 16.505584716796875, 7.297460556030273, 6.420115947723389, 10.57859992980957, 2.597790002822876, 2.278378486633301, 12.085820198059082, 5.132749080657959, 4.452264785766602, 4.345302104949951, 4.364100456237793, 3.447833776473999, 24.092979431152344, 5.907076835632324, 6.173364639282227, 2.4997878074645996, 1.9506756067276, 4.854370594024658, 4.006509780883789, 5.528001308441162, 11.725005149841309, 7.156703472137451, 12.473880767822266, 10.979531288146973, 3.3735947608947754, 17.670021057128906, 26.835359573364258, 29.025192260742188, 10.673347473144531, 1.9123808145523071, 14.221652030944824, 6.247334003448486, 12.683235168457031, 3.102667808532715, 10.994248390197754, 4.784466743469238, 30.382883071899414, 11.433721542358398, 5.340148448944092, 20.859607696533203, 4.559610366821289, 3.3937506675720215, 2.5802536010742188, 8.88431453704834, 15.967964172363281, 9.213088035583496, 10.072897911071777, 11.160469055175781, 8.085598945617676, 4.284957408905029, 15.328177452087402, 25.74456024169922, 10.505661964416504, 8.658010482788086, 5.646141529083252, 3.793765068054199, 8.736716270446777, 4.997137069702148, 5.089284420013428, 11.009485244750977, 4.256515979766846, 10.481156349182129, 17.119487762451172, 3.266810655593872, 6.230228900909424, 27.85281753540039, 28.10321807861328, 10.13941478729248, 6.426433563232422, 19.729089736938477, 12.518440246582031, 19.155298233032227, 5.849329948425293, 12.698639869689941, 16.54100227355957, 29.305559158325195, 22.056346893310547, 4.564737319946289, 8.086039543151855, 15.509687423706055, 10.315016746520996, 12.348336219787598, 21.825681686401367, 23.769147872924805, 9.499737739562988, 14.119333267211914, 3.867431402206421, 23.45135498046875, 8.716897964477539, 9.042620658874512, 7.058621406555176, 6.780498504638672, 15.956823348999023, 2.8801379203796387, 19.132827758789062, 17.237857818603516, 10.412012100219727, 13.633103370666504, 10.646930694580078, 2.354055643081665, 4.7480998039245605, 11.466012954711914, 25.662700653076172, 24.73053741455078, 2.6503963470458984, 26.845720291137695, 6.192465305328369, 24.263282775878906, 11.123990058898926, 14.020493507385254, 51.670955657958984, 9.2564058303833, 3.5923593044281006, 17.971290588378906, 12.773279190063477, 16.999073028564453, 11.963565826416016, 4.943814754486084, 3.193011522293091, 7.172760486602783, 13.030896186828613, 10.26347541809082, 10.775616645812988, 17.921724319458008, 13.522943496704102, 11.573075294494629, 14.587845802307129, 9.848989486694336, 17.33636474609375, 1.9988502264022827, 12.825647354125977, 18.781583786010742, 23.473058700561523, 9.662398338317871, 11.507881164550781, 21.09908676147461, 20.541318893432617, 3.839768886566162, 29.19878578186035, 5.377796173095703, 19.277250289916992, 16.883630752563477, 18.73152732849121, 9.06566047668457, 14.311853408813477, 4.154440879821777, 5.374929904937744, 9.45380687713623, 11.799320220947266, 29.06985855102539, 4.210101127624512, 31.331157684326172, 4.209184169769287, 5.098857879638672, 5.606181621551514, 11.916248321533203, 6.4559526443481445, 4.094808578491211, 21.095600128173828, 12.467612266540527, 22.819477081298828, 17.51385498046875, 16.513458251953125, 18.605497360229492, 17.721742630004883, 8.294634819030762, 11.062766075134277, 4.549767017364502, 7.612065315246582, 19.411584854125977, 14.813593864440918, 12.932528495788574, 16.037128448486328, 15.952008247375488, 2.4082372188568115, 10.809893608093262, 9.780956268310547, 19.555200576782227, 28.701696395874023, 30.592859268188477, 33.59922409057617, 13.434273719787598, 26.255056381225586, 3.110398292541504, 3.1778979301452637, 6.382636070251465, 22.878652572631836, 5.226597309112549, 8.43764877319336, 5.385495185852051, 18.055601119995117, 7.933617115020752, 14.696392059326172, 22.926820755004883, 17.728900909423828, 12.307760238647461, 14.629278182983398, 4.146839141845703, 23.97551727294922, 21.826148986816406, 30.386903762817383, 14.343297958374023, 4.634210586547852, 15.477107048034668, 8.624309539794922, 13.625428199768066, 4.516918659210205, 4.915008544921875, 5.276836395263672, 19.95177459716797, 2.6903340816497803, 5.138392925262451, 23.146657943725586, 19.038219451904297, 3.3302695751190186, 2.4548680782318115, 5.548088550567627, 3.7400624752044678, 16.7950382232666, 9.171051025390625, 10.967767715454102, 3.0421884059906006, 3.1278531551361084, 4.132503509521484, 5.856174945831299, 13.509740829467773, 23.048137664794922, 17.367036819458008, 2.1607656478881836, 6.600765228271484, 24.05095672607422, 24.341144561767578, 3.330479621887207, 2.911442279815674, 2.5535788536071777, 3.663327217102051, 4.536770820617676, 9.675829887390137, 9.660860061645508, 2.851832389831543, 5.432600498199463, 13.028653144836426, 4.142153263092041, 14.309845924377441, 5.029900074005127, 24.95919418334961, 14.30501937866211, 18.058012008666992, 12.146214485168457, 11.141097068786621, 19.503467559814453, 3.5178000926971436, 4.035200119018555, 4.4166741371154785, 6.356557846069336, 18.743637084960938, 20.588552474975586, 4.099111557006836, 3.4793834686279297]",5.0,"[7.0, 7.0, 7.0, 7.0, 7.0, 7.0, 7.0, 7.0, 7.0, 7.0, 7.0, 7.0, 7.0, 7.0, 7.0, 