,number,value,datetime_start,datetime_complete,duration,params_batch_size_scaler,params_constant_learning_rate,params_depth,params_epochs,params_kernel_l2,params_num_trees,params_temperature,user_attrs_accuracy_test,user_attrs_accuracy_valid,user_attrs_approximate_feature_sparsity,user_attrs_approximate_feature_sparsity_history,user_attrs_approximate_weight_sparsity,user_attrs_approximate_weight_sparsity_history,user_attrs_auc_test,user_attrs_auc_valid,user_attrs_feature_sparsity,user_attrs_feature_sparsity_history,user_attrs_num_epochs,user_attrs_val_loss_history,user_attrs_weight_sparsity,user_attrs_weight_sparsity_history,state
41,41,0.7043513544846776,2024-08-31 02:15:21.782663,2024-08-31 02:16:37.375832,0 days 00:01:15.593169,64,0.5813941711549266,5,235,0.5560024223210065,95,0.005480059617417872,0.861,0.8625,3,"[33, 33, 33, 33, 33, 33, 33, 33, 33, 33, 33, 33, 33, 33, 33, 33, 33, 33, 33, 33, 33, 33, 33, 33, 33, 33, 33, 33, 33, 33, 33, 33, 32, 28, 21, 15, 11, 6, 6, 6, 6, 6, 6, 5, 5, 5, 5, 4, 4, 3, 3, 3, 3, 3, 3, 3, 3, 3, 3, 3, 3, 3, 3, 3, 3, 3, 3, 3, 3, 3, 3, 3, 3, 3, 3, 3, 3, 3, 3, 3, 3, 3, 3, 3, 3, 3, 3, 3, 3, 3, 3, 3, 3, 3, 3, 3, 3, 3, 3, 3, 3, 3, 3, 3, 3, 3, 3, 3, 3, 3, 3, 3, 3, 3, 3, 3, 3, 3, 3, 3, 3, 3, 3, 3, 3, 3, 3, 3, 3, 3, 3, 3, 3, 3, 3, 3, 3, 3, 3, 3, 3, 3, 3, 3, 3, 3, 3, 3, 3, 3, 3, 3, 3, 3, 3, 3, 3, 3, 3, 3, 3, 3, 3, 3, 3, 3, 3, 3, 3, 3, 3, 3, 3, 3, 3, 3, 3, 3, 3, 3, 3, 3, 3, 3, 3, 3, 3, 3, 3, 3, 3, 3, 3, 3, 3, 3, 3, 3, 3, 3, 3, 3, 3, 3, 3, 3, 3, 3, 3, 3, 3, 3, 3, 3, 3, 3, 3, 3, 3, 3, 3, 3, 3, 3, 3, 3, 3, 3, 3, 3, 3, 3, 3, 3, 3]",2.9935483870967743,"[32.92903225806452, 32.92020373514431, 32.92054329371817, 32.92122241086587, 32.927334465195244, 32.92461799660442, 32.922920203735146, 32.928013582342956, 32.928013582342956, 32.93378607809847, 32.92971137521222, 32.92699490662139, 32.927334465195244, 32.91986417657046, 32.92665534804754, 32.92699490662139, 32.92156196943973, 32.91816638370119, 32.91816638370119, 32.92461799660441, 32.92359932088285, 32.92156196943973, 32.92088285229202, 32.91986417657046, 32.92563667232598, 32.92258064516129, 32.91918505942275, 32.92427843803056, 32.92190152801358, 32.92359932088286, 32.92359932088285, 32.92971137521223, 31.925636672325975, 27.94159592529711, 20.95823429541596, 14.974872665534807, 10.981324278438029, 5.988455008488965, 5.992190152801358, 5.989813242784381, 5.991171477079797, 5.98811544991511, 5.988794567062818, 4.991171477079796, 4.992869269949066, 4.99151103565365, 4.989473684210526, 3.9908319185059424, 3.9911714770797966, 2.995246179966044, 2.9935483870967743, 2.993887945670628, 2.9945670628183363, 2.995925297113752, 2.9949066213921904, 2.995246179966044, 2.99490662139219, 2.99320882852292, 2.994227504244482, 2.9945670628183363, 2.9915110356536503, 2.994227504244482, 2.995246179966044, 2.9928692699490664, 2.993887945670628, 2.99490662139219, 2.9915110356536503, 2.995246179966044, 2.9949066213921904, 2.995925297113752, 2.9932088285229206, 2.993887945670628, 2.993548387096774, 2.9925297113752123, 2.994227504244482, 2.9949066213921904, 2.9945670628183363, 2.993548387096774, 2.9928692699490664, 2.992190152801358, 2.9928692699490664, 2.9935483870967743, 2.9938879456706284, 2.9925297113752123, 2.991850594227504, 2.99151103565365, 2.993887945670628, 2.992869269949066, 2.993887945670628, 2.993887945670628, 2.99320882852292, 2.992190152801358, 2.992190152801358, 2.9925297113752123, 2.992869269949066, 2.9945670628183363, 2.99490662139219, 2.9925297113752123, 2.9932088285229206, 2.995925297113752, 2.995925297113752, 2.9945670628183363, 2.995246179966044, 2.9928692699490664, 2.9945670628183363, 2.9935483870967743, 2.9928692699490664, 2.992190152801358, 2.9918505942275044, 2.9915110356536503, 2.9928692699490664, 2.9935483870967743, 2.9932088285229206, 2.9921901528013586, 2.9918505942275044, 2.9908319185059424, 2.9908319185059424, 2.9928692699490664, 2.99320882852292, 2.993887945670628, 2.9945670628183363, 2.995925297113752, 2.995925297113752, 2.99490662139219, 2.995246179966044, 2.9955857385398983, 2.9935483870967743, 2.994227504244482, 2.9949066213921904, 2.993548387096774, 2.994227504244482, 2.99490662139219, 2.995925297113752, 2.995246179966044, 2.995246179966044, 2.995246179966044, 2.994227504244482, 2.9955857385398983, 2.994227504244482, 2.995246179966044, 2.9945670628183363, 2.9945670628183363, 2.9945670628183363, 2.995246179966044, 2.995246179966044, 2.99490662139219, 2.9949066213921904, 2.9945670628183363, 2.994227504244482, 2.9925297113752123, 2.9938879456706284, 2.995585738539898, 2.994227504244482, 2.9949066213921904, 2.99320882852292, 2.994227504244482, 2.994227504244482, 2.994227504244482, 2.9928692699490664, 2.9935483870967743, 2.9938879456706284, 2.99320882852292, 2.994227504244482, 2.9949066213921904, 2.9945670628183363, 2.995585738539898, 2.996264855687606, 2.996264855687606, 2.9955857385398983, 2.995246179966044, 2.9945670628183363, 2.995585738539898, 2.99320882852292, 2.992869269949066, 2.9935483870967743, 2.9928692699490664, 2.99320882852292, 2.9945670628183363, 2.994227504244482, 2.9935483870967743, 2.993887945670628, 2.993887945670628, 2.993887945670628, 2.9928692699490664, 2.994227504244482, 2.993887945670628, 2.9908319185059424, 2.99320882852292, 2.9928692699490664, 2.994227504244482, 2.994227504244482, 2.99490662139219, 2.9935483870967743, 2.993887945670628, 2.994227504244482, 2.99490662139219, 2.995246179966044, 2.99490662139219, 2.9949066213921904, 2.9945670628183363, 2.993887945670628, 2.9925297113752123, 2.995246179966044, 2.991171477079796, 2.9949066213921904, 2.995246179966044, 2.9945670628183363, 2.9945670628183363, 2.99490662139219, 2.9945670628183363, 2.99320882852292, 2.9928692699490664, 2.99320882852292, 2.99490662139219, 2.99490662139219, 2.996264855687606, 2.99490662139219, 2.993548387096774, 2.99490662139219, 2.9945670628183363, 2.9945670628183363, 2.992869269949066, 2.9908319185059424, 2.9904923599320883, 2.992190152801358, 2.9915110356536503, 2.9911714770797966, 2.9935483870967743, 2.9928692699490664, 2.9928692699490664, 2.9915110356536503, 2.992190152801358, 2.992190152801358, 2.99320882852292, 2.9935483870967743]",0.759467961261239,0.7043513544846776,3,"[33, 33, 33, 33, 33, 33, 33, 33, 33, 33, 33, 33, 33, 33, 33, 33, 33, 33, 33, 33, 33, 33, 33, 33, 33, 33, 33, 33, 33, 33, 33, 33, 32, 28, 21, 15, 11, 6, 6, 6, 6, 6, 6, 5, 5, 5, 5, 4, 4, 3, 3, 3, 3, 3, 3, 3, 3, 3, 3, 3, 3, 3, 3, 3, 3, 3, 3, 3, 3, 3, 3, 3, 3, 3, 3, 3, 3, 3, 3, 3, 3, 3, 3, 3, 3, 3, 3, 3, 3, 3, 3, 3, 3, 3, 3, 3, 3, 3, 3, 3, 3, 3, 3, 3, 3, 3, 3, 3, 3, 3, 3, 3, 3, 3, 3, 3, 3, 3, 3, 3, 3, 3, 3, 3, 3, 3, 3, 3, 3, 3, 3, 3, 3, 3, 3, 3, 3, 3, 3, 3, 3, 3, 3, 3, 3, 3, 3, 3, 3, 3, 3, 3, 3, 3, 3, 3, 3, 3, 3, 3, 3, 3, 3, 3, 3, 3, 3, 3, 3, 3, 3, 3, 3, 3, 3, 3, 3, 3, 3, 3, 3, 3, 3, 3, 3, 3, 3, 3, 3, 3, 3, 3, 3, 3, 3, 3, 3, 3, 3, 3, 3, 3, 3, 3, 3, 3, 3, 3, 3, 3, 3, 3, 3, 3, 3, 3, 3, 3, 3, 3, 3, 3, 3, 3, 3, 3, 3, 3, 3, 3, 3, 3, 3, 3, 3]",235,"[0.4140021502971649, 0.4099365472793579, 0.40716665983200073, 0.40512001514434814, 0.39925938844680786, 0.3971882164478302, 0.3955785036087036, 0.39332374930381775, 0.3919401168823242, 0.3900921940803528, 0.3889411687850952, 0.3905284106731415, 0.38628867268562317, 0.38618019223213196, 0.3848106265068054, 0.38377198576927185, 0.38283199071884155, 0.38213562965393066, 0.3814143240451813, 0.3805915117263794, 0.3799792230129242, 0.3800089955329895, 0.379688560962677, 0.3813899755477905, 0.3774174749851227, 0.3767143487930298, 0.3763658404350281, 0.37537920475006104, 0.37595370411872864, 0.3777671158313751, 0.3738549053668976, 0.37648871541023254, 0.3725734055042267, 0.37462863326072693, 0.37251994013786316, 0.36630362272262573, 0.3710871636867523, 0.3742623031139374, 0.3728834390640259, 0.37304413318634033, 0.37184563279151917, 0.3718639612197876, 0.3713894784450531, 0.37496957182884216, 0.37423470616340637, 0.37404292821884155, 0.37437373399734497, 0.3741503953933716, 0.37432000041007996, 0.3779335021972656, 0.37696731090545654, 0.37719330191612244, 0.3756890594959259, 0.3756437301635742, 0.3761086165904999, 0.37481623888015747, 0.3745177984237671, 0.37532052397727966, 0.373996764421463, 0.37382084131240845, 0.3737605810165405, 0.3746541738510132, 0.3728255331516266, 0.37251046299934387, 0.3724886178970337, 0.37213993072509766, 0.3727702796459198, 0.37185123562812805, 0.37179112434387207, 0.3735712170600891, 0.3712667226791382, 0.3711755871772766, 0.37111949920654297, 0.3709906041622162, 0.37084561586380005, 0.37084755301475525, 0.3706671893596649, 0.3706977367401123, 0.37050318717956543, 0.37246236205101013, 0.37020888924598694, 0.37015095353126526, 0.371187299489975, 0.3699653744697571, 0.3705022931098938, 0.370883584022522, 0.36985933780670166, 0.3734135031700134, 0.36963969469070435, 0.3695501685142517, 0.3694397211074829, 0.36970898509025574, 0.36936718225479126, 0.36927804350852966, 0.3693440556526184, 0.3691410720348358, 0.36909106373786926, 0.3700501322746277, 0.36947593092918396, 0.36894476413726807, 0.36881300806999207, 0.36874857544898987, 0.3687059283256531, 0.36875832080841064, 0.36877545714378357, 0.3685876131057739, 0.36856183409690857, 0.36848369240760803, 0.36891406774520874, 0.3684060275554657, 0.3685298562049866, 0.36898958683013916, 0.36840665340423584, 0.3684818148612976, 0.36846810579299927, 0.36818814277648926, 0.36815816164016724, 0.368124395608902, 0.36869174242019653, 0.3683762848377228, 0.3681056499481201, 0.3702070713043213, 0.36869412660598755, 0.368387907743454, 0.3681919574737549, 0.3688606321811676, 0.36790379881858826, 0.3685406744480133, 0.3684653043746948, 0.37072551250457764, 0.3702682554721832, 0.3701035976409912, 0.3678194284439087, 0.3678027391433716, 0.3692723214626312, 0.36799517273902893, 0.36780238151550293, 0.3686290681362152, 0.3678334057331085, 0.369303822517395, 0.36822596192359924, 0.3677792251110077, 0.36797863245010376, 0.36770716309547424, 0.36762431263923645, 0.3692501187324524, 0.36875924468040466, 0.36821988224983215, 0.3683358132839203, 0.3690095543861389, 0.3676339089870453, 0.3682038486003876, 0.36770904064178467, 0.36748766899108887, 0.36757904291152954, 0.36762183904647827, 0.36738842725753784, 0.36741411685943604, 0.3673640489578247, 0.36777791380882263, 0.36813434958457947, 0.36788666248321533, 0.36732399463653564, 0.36787211894989014, 0.3674027621746063, 0.368051141500473, 0.36725157499313354, 0.3675621747970581, 0.3679245114326477, 0.36732637882232666, 0.3681727647781372, 0.3677641749382019, 0.3672143518924713, 0.367196261882782, 0.36901959776878357, 0.36726853251457214, 0.3675537407398224, 0.3671518564224243, 0.36730095744132996, 0.3711731731891632, 0.3671413064002991, 0.36711275577545166, 0.367655485868454, 0.36703377962112427, 0.36724624037742615, 0.36701592803001404, 0.36891844868659973, 0.3669928312301636, 0.367060124874115, 0.367791086435318, 0.3669607639312744, 0.36820393800735474, 0.36690476536750793, 0.3670690655708313, 0.3676564693450928, 0.3670703172683716, 0.37107110023498535, 0.3668764531612396, 0.3670770525932312, 0.366897851228714, 0.36718112230300903, 0.36745184659957886, 0.36753788590431213, 0.3684684634208679, 0.3667566180229187, 0.366933137178421, 0.36697110533714294, 0.3666224777698517, 0.36664894223213196, 0.3665750026702881, 0.367344468832016, 0.3671939969062805, 0.36673861742019653, 0.3673446774482727, 0.3666241466999054, 0.36715981364250183, 0.36795520782470703, 0.3675287961959839, 0.36711177229881287, 0.3667583465576172, 0.36742010712623596, 0.3664388656616211, 0.3694135248661041, 0.3663848638534546, 0.36667153239250183, 0.366950124502182, 0.36668500304222107, 0.366941899061203, 0.3680059313774109, 0.3689979910850525, 0.3665732443332672, 0.3664448857307434, 0.36679497361183167, 0.37233152985572815, 0.36698704957962036]",3.0,"[33.0, 33.0, 33.0, 33.0, 33.0, 33.0, 33.0, 33.0, 33.0, 33.0, 33.0, 33.0, 33.0, 33.0, 33.0, 33.0, 33.0, 33.0, 33.0, 33.0, 33.0, 33.0, 33.0, 33.0, 33.0, 33.0, 33.0, 33.0, 33.0, 33.0, 33.0, 33.0, 32.0, 28.0, 21.0, 15.0, 11.0, 6.0, 6.0, 6.0, 6.0, 6.0, 6.0, 5.0, 5.0, 5.0, 5.0, 4.0, 4.0, 3.0, 3.0, 3.0, 3.0, 3.0, 3.0, 3.0, 3.0, 3.0, 3.0, 3.0, 3.0, 3.0, 3.0, 3.0, 3.0, 3.0, 3.0, 3.0, 3.0, 3.0, 3.0, 3.0, 3.0, 3.0, 3.0, 3.0, 3.0, 3.0, 3.0, 3.0, 3.0, 3.0, 3.0, 3.0, 3.0, 3.0, 3.0, 3.0, 3.0, 3.0, 3.0, 3.0, 3.0, 3.0, 3.0, 3.0, 3.0, 3.0, 3.0, 3.0, 3.0, 3.0, 3.0, 3.0, 3.0, 3.0, 3.0, 3.0, 3.0, 3.0, 3.0, 3.0, 3.0, 3.0, 3.0, 3.0, 3.0, 3.0, 3.0, 3.0, 3.0, 3.0, 3.0, 3.0, 3.0, 3.0, 3.0, 3.0, 3.0, 3.0, 3.0, 3.0, 3.0, 3.0, 3.0, 3.0, 3.0, 3.0, 3.0, 3.0, 3.0, 3.0, 3.0, 3.0, 3.0, 3.0, 3.0, 3.0, 3.0, 3.0, 3.0, 3.0, 3.0, 3.0, 3.0, 3.0, 3.0, 3.0, 3.0, 3.0, 3.0, 3.0, 3.0, 3.0, 3.0, 3.0, 3.0, 3.0, 3.0, 3.0, 3.0, 3.0, 3.0, 3.0, 3.0, 3.0, 3.0, 3.0, 3.0, 3.0, 3.0, 3.0, 3.0, 3.0, 3.0, 3.0, 3.0, 3.0, 3.0, 3.0, 3.0, 3.0, 3.0, 3.0, 3.0, 3.0, 3.0, 3.0, 3.0, 3.0, 3.0, 3.0, 3.0, 3.0, 3.0, 3.0, 3.0, 3.0, 3.0, 3.0, 3.0, 3.0, 3.0, 3.0, 3.0, 3.0, 3.0, 3.0, 3.0, 3.0, 3.0, 3.0, 3.0, 3.0, 3.0, 3.0, 3.0, 3.0, 3.0, 3.0, 3.0, 3.0, 3.0, 3.0, 3.0]",COMPLETE
42,42,0.7020777782071597,2024-08-31 02:16:38.318413,2024-08-31 02:17:11.123099,0 days 00:00:32.804686,16,0.011885005605187583,5,130,0.0028586759677963302,6,0.0003915156264545048,0.859,0.85875,33,"[33, 33, 33, 33, 33, 33, 33, 33, 33, 33, 33, 33, 33, 33, 33, 33, 33, 33, 33, 33, 33, 33, 33, 33, 33, 33, 33, 33, 33, 33, 33, 33, 33, 33, 33, 33, 33, 33, 33, 33, 33, 33, 33, 33, 33, 33, 33, 33, 33, 33, 33, 33, 33, 33, 33, 33, 33, 33, 33, 33, 33, 33, 33, 33, 33, 33, 33, 33, 33, 33, 33, 33, 33, 33, 33, 33, 33, 33, 33, 33, 33, 33, 33, 33, 33, 33, 33, 33, 33, 33, 33, 33, 33, 33, 33, 33, 33, 33, 33, 33, 33, 33, 33, 33, 33, 33, 33, 33, 33, 33, 33, 33, 33, 33, 33, 33, 33, 33, 33, 33, 33, 33, 33, 33, 33, 33, 33, 33, 33, 33]",32.98924731182795,"[32.994623655913976, 32.983870967741936, 32.98924731182795, 32.98924731182795, 32.97849462365591, 32.97311827956989, 32.97311827956989, 32.98924731182795, 32.98924731182795, 32.97849462365591, 32.98924731182795, 32.97849462365591, 32.97849462365591, 32.994623655913976, 32.98924731182795, 32.983870967741936, 32.97311827956989, 32.97311827956989, 32.983870967741936, 32.983870967741936, 32.97311827956989, 32.983870967741936, 32.98924731182795, 32.98924731182795, 32.98924731182795, 32.98924731182795, 32.983870967741936, 32.983870967741936, 32.98924731182795, 32.994623655913976, 32.983870967741936, 32.98924731182795, 32.983870967741936, 32.98924731182795, 32.97849462365591, 32.97311827956989, 32.97849462365591, 32.983870967741936, 32.97849462365591, 32.98924731182795, 33.0, 32.994623655913976, 32.97849462365591, 32.97849462365591, 32.98924731182795, 32.98924731182795, 32.994623655913976, 33.0, 32.994623655913976, 32.994623655913976, 32.983870967741936, 32.98924731182795, 32.983870967741936, 32.994623655913976, 32.98924731182795, 32.983870967741936, 32.983870967741936, 32.983870967741936, 32.97311827956989, 32.97311827956989, 32.994623655913976, 32.994623655913976, 32.98924731182795, 32.994623655913976, 32.98924731182795, 33.0, 33.0, 32.983870967741936, 32.97849462365591, 32.96774193548387, 32.96774193548387, 32.97849462365591, 32.98924731182795, 32.98924731182795, 32.98924731182795, 32.983870967741936, 32.994623655913976, 32.994623655913976, 32.98924731182795, 32.97849462365591, 32.97311827956989, 32.983870967741936, 32.97311827956989, 32.983870967741936, 32.994623655913976, 32.98924731182795, 32.983870967741936, 32.983870967741936, 32.983870967741936, 32.983870967741936, 32.983870967741936, 32.97849462365591, 32.97849462365591, 32.97311827956989, 32.97849462365591, 32.983870967741936, 32.98924731182795, 32.98924731182795, 32.98924731182795, 32.98924731182795, 32.97849462365591, 32.96774193548387, 32.96774193548387, 32.96774193548387, 32.96236559139785, 32.96236559139785, 32.96236559139785, 32.956989247311824, 32.96236559139785, 32.97311827956989, 32.97311827956989, 32.96774193548387, 32.96774193548387, 32.97849462365591, 32.97311827956989, 32.97311827956989, 32.96774193548387, 32.97311827956989, 32.97849462365591, 32.97311827956989, 32.97849462365591, 32.97849462365591, 32.98924731182795, 32.98924731182795, 32.983870967741936, 32.994623655913976, 32.994623655913976, 32.994623655913976, 32.98924731182795, 32.98924731182795]",0.7262774626606892,0.7020777782071597,33,"[33, 33, 33, 33, 33, 33, 33, 33, 33, 33, 33, 33, 33, 33, 33, 33, 33, 33, 33, 33, 33, 33, 33, 33, 33, 33, 33, 33, 33, 33, 33, 33, 33, 33, 33, 33, 33, 33, 33, 33, 33, 33, 33, 33, 33, 33, 33, 33, 33, 33, 33, 33, 33, 33, 33, 33, 33, 33, 33, 33, 33, 33, 33, 33, 33, 33, 33, 33, 33, 33, 33, 33, 33, 33, 33, 33, 33, 33, 33, 33, 33, 33, 33, 33, 33, 33, 33, 33, 33, 33, 33, 33, 33, 33, 33, 33, 33, 33, 33, 33, 33, 33, 33, 33, 33, 33, 33, 33, 33, 33, 33, 33, 33, 33, 33, 33, 33, 33, 33, 33, 33, 33, 33, 33, 33, 33, 33, 33, 33, 33]",130,"[0.528541624546051, 0.522946834564209, 0.5176154375076294, 0.512590229511261, 0.5077705979347229, 0.5031415820121765, 0.49877482652664185, 0.4946184456348419, 0.4906221032142639, 0.48682406544685364, 0.48321303725242615, 0.4797074496746063, 0.4763656556606293, 0.47319626808166504, 0.47014322876930237, 0.467255175113678, 0.46447932720184326, 0.46180856227874756, 0.45924049615859985, 0.4568021297454834, 0.4544678032398224, 0.452187180519104, 0.45003658533096313, 0.447955846786499, 0.44596853852272034, 0.444039911031723, 0.44219648838043213, 0.4404257535934448, 0.4387214183807373, 0.4370756149291992, 0.4355107843875885, 0.43397772312164307, 0.4324926435947418, 0.4310494661331177, 0.42968910932540894, 0.42835715413093567, 0.4270786941051483, 0.4258614480495453, 0.42467018961906433, 0.4235115349292755, 0.42239800095558167, 0.4213055372238159, 0.4202485978603363, 0.41923806071281433, 0.4182589650154114, 0.41730865836143494, 0.4163723886013031, 0.4154641330242157, 0.4145990014076233, 0.4137623906135559, 0.41293105483055115, 0.4121306240558624, 0.4113669693470001, 0.4106180667877197, 0.4098985195159912, 0.40920329093933105, 0.40852493047714233, 0.4078449308872223, 0.407197505235672, 0.40656131505966187, 0.4059385359287262, 0.40535682439804077, 0.40478095412254333, 0.40421202778816223, 0.403644859790802, 0.40309464931488037, 0.40255987644195557, 0.4020501971244812, 0.40154942870140076, 0.4010535478591919, 0.4005609452724457, 0.40009254217147827, 0.39962533116340637, 0.3991698920726776, 0.39873215556144714, 0.3982986509799957, 0.39787209033966064, 0.3974519968032837, 0.3970464766025543, 0.39665934443473816, 0.39627397060394287, 0.3958818316459656, 0.3955029547214508, 0.39513203501701355, 0.3947763741016388, 0.3944178819656372, 0.3940761089324951, 0.3937344253063202, 0.39340031147003174, 0.3930788040161133, 0.3927512764930725, 0.39242592453956604, 0.392116904258728, 0.3918114900588989, 0.3915019929409027, 0.39119964838027954, 0.3909079432487488, 0.39062994718551636, 0.3903510272502899, 0.39007508754730225, 0.3898041248321533, 0.3895314931869507, 0.3892655670642853, 0.3890085220336914, 0.38874900341033936, 0.3884921371936798, 0.38824477791786194, 0.3879973888397217, 0.387757271528244, 0.3875161111354828, 0.3872740864753723, 0.3870365619659424, 0.3868013620376587, 0.386572003364563, 0.38634932041168213, 0.38613155484199524, 0.38591107726097107, 0.38570189476013184, 0.385484516620636, 0.38527151942253113, 0.38506466150283813, 0.38485753536224365, 0.38465121388435364, 0.38444983959198, 0.3842490315437317, 0.38404667377471924, 0.3838520050048828, 0.3836529552936554, 0.38345879316329956, 0.38327160477638245]",33.0,"[33.0, 33.0, 33.0, 33.0, 33.0, 33.0, 33.0, 33.0, 33.0, 33.0, 33.0, 33.0, 33.0, 33.0, 33.0, 33.0, 33.0, 33.0, 33.0, 33.0, 33.0, 33.0, 33.0, 33.0, 33.0, 33.0, 33.0, 33.0, 33.0, 33.0, 33.0, 33.0, 33.0, 33.0, 33.0, 33.0, 33.0, 33.0, 33.0, 33.0, 33.0, 33.0, 33.0, 33.0, 33.0, 33.0, 33.0, 33.0, 33.0, 33.0, 33.0, 33.0, 33.0, 33.0, 33.0, 33.0, 33.0, 33.0, 33.0, 33.0, 33.0, 33.0, 33.0, 33.0, 33.0, 33.0, 33.0, 33.0, 33.0, 33.0, 33.0, 33.0, 33.0, 33.0, 33.0, 33.0, 33.0, 33.0, 33.0, 33.0, 33.0, 33.0, 33.0, 33.0, 33.0, 33.0, 33.0, 33.0, 33.0, 33.0, 33.0, 33.0, 33.0, 33.0, 33.0, 33.0, 33.0, 33.0, 33.0, 33.0, 33.0, 33.0, 33.0, 33.0, 33.0, 33.0, 33.0, 33.0, 33.0, 33.0, 33.0, 33.0, 33.0, 33.0, 33.0, 33.0, 33.0, 33.0, 33.0, 33.0, 33.0, 33.0, 33.0, 33.0, 33.0, 33.0, 33.0, 33.0, 33.0, 33.0]",COMPLETE
