,number,value,datetime_start,datetime_complete,duration,params_batch_size_scaler,params_constant_learning_rate,params_depth,params_epochs,params_kernel_l2,params_num_trees,params_temperature,user_attrs_accuracy_test,user_attrs_accuracy_valid,user_attrs_approximate_feature_sparsity,user_attrs_approximate_feature_sparsity_history,user_attrs_approximate_weight_sparsity,user_attrs_approximate_weight_sparsity_history,user_attrs_auc_test,user_attrs_auc_valid,user_attrs_feature_sparsity,user_attrs_feature_sparsity_history,user_attrs_num_epochs,user_attrs_val_loss_history,user_attrs_weight_sparsity,user_attrs_weight_sparsity_history,state
119,119,0.5,2024-08-31 05:05:51.886057,2024-08-31 05:07:12.552291,0 days 00:01:20.666234,16,0.9335389426166523,5,480,0.5121876330866223,1,0.07477989800384843,0.859,0.85875,0,"[0, 0, 0, 0, 0, 0, 0, 0, 0, 0, 0, 0, 0, 0, 0, 0, 0, 0, 0, 0, 0, 0, 0, 0, 0, 0, 0, 0, 0, 0, 0, 0, 0, 0, 0, 0, 0, 0, 0, 0, 0, 0, 0, 0, 0, 0, 0, 0, 0, 0, 0, 0, 0, 0, 0, 0, 0, 0, 0, 0, 0, 0, 0, 0, 0, 0, 0, 0, 0, 0, 0, 0, 0, 0, 0, 0, 0, 0, 0, 0, 0, 0, 0, 0, 0, 0, 0, 0, 0, 0, 0, 0, 0, 0, 0, 0, 0, 0, 0, 0, 0, 0, 0, 0, 0, 0, 0, 0, 0, 0, 0, 0, 0, 0, 0, 0, 0, 0, 0, 0, 0, 0, 0, 0, 0, 0, 0, 0, 0, 0, 0, 0, 0, 0, 0, 0, 0, 0, 0, 0, 0, 0, 0, 0, 0, 0, 0, 0, 0, 0, 0, 0, 0, 0, 0, 0, 0, 0, 0, 0, 0, 0, 0, 0, 0, 0, 0, 0, 0, 0, 0, 0, 0, 0, 0, 0, 0, 0, 0, 0, 0, 0, 0, 0, 0, 0, 0, 0, 0, 0, 0, 0, 0, 0, 0, 0, 0, 0, 0, 0, 0, 0, 0, 0, 0, 0, 0, 0, 0, 0, 0, 0, 0, 0, 0, 0, 0, 0, 0, 0, 0, 0, 0, 0, 0, 0, 0, 0, 0, 0, 0, 0, 0, 0, 0, 0, 0, 0, 0, 0, 0, 0, 0, 0, 0, 0, 0, 0, 0, 0, 0, 0, 0, 0, 0, 0, 0, 0, 0, 0, 0, 0, 0, 0, 0, 0, 0, 0, 0, 0, 0, 0, 0, 0, 0, 0, 0, 0, 0, 0, 0, 0, 0, 0, 0, 0, 0, 0, 0, 0, 0, 0, 0, 0, 0, 0, 0, 0, 0, 0, 0, 0, 0, 0, 0, 0, 0, 0, 0, 0, 0, 0, 0, 0, 0, 0, 0, 0, 0, 0, 0, 0, 0, 0, 0, 0, 0, 0, 0, 0, 0, 0, 0, 0, 0, 0, 0, 0, 0, 0, 0, 0, 0, 0, 0, 0, 0, 0, 0, 0, 0, 0, 0, 0, 0, 0, 0, 0, 0, 0, 0, 0, 0, 0, 0, 0, 0, 0, 0, 0, 0, 0, 0, 0, 0, 0, 0, 0, 0, 0, 0, 0, 0, 0, 0, 0, 0, 0, 0, 0, 0, 0, 0, 0, 0, 0, 0, 0, 0, 0, 0, 0, 0, 0, 0, 0, 0, 0, 0, 0, 0, 0, 0, 0, 0, 0, 0, 0, 0, 0, 0, 0, 0, 0, 0, 0, 0, 0, 0, 0, 0, 0, 0, 0, 0, 0, 0, 0, 0, 0, 0, 0, 0, 0, 0, 0, 0, 0, 0, 0, 0, 0, 0, 0, 0, 0, 0, 0, 0, 0, 0, 0, 0, 0, 0, 0, 0, 0, 0, 0, 0, 0, 0, 0, 0, 0, 0, 0, 0, 0]",0.0,"[0.0, 0.0, 0.0, 0.0, 0.0, 0.0, 0.0, 0.0, 0.0, 0.0, 0.0, 0.0, 0.0, 0.0, 0.0, 0.0, 0.0, 0.0, 0.0, 0.0, 0.0, 0.0, 0.0, 0.0, 0.0, 0.0, 0.0, 0.0, 0.0, 0.0, 0.0, 0.0, 0.0, 0.0, 0.0, 0.0, 0.0, 0.0, 0.0, 0.0, 0.0, 0.0, 0.0, 0.0, 0.0, 0.0, 0.0, 0.0, 0.0, 0.0, 0.0, 0.0, 0.0, 0.0, 0.0, 0.0, 0.0, 0.0, 0.0, 0.0, 0.0, 0.0, 0.0, 0.0, 0.0, 0.0, 0.0, 0.0, 0.0, 0.0, 0.0, 0.0, 0.0, 0.0, 0.0, 0.0, 0.0, 0.0, 0.0, 0.0, 0.0, 0.0, 0.0, 0.0, 0.0, 0.0, 0.0, 0.0, 0.0, 0.0, 0.0, 0.0, 0.0, 0.0, 0.0, 0.0, 0.0, 0.0, 0.0, 0.0, 0.0, 0.0, 0.0, 0.0, 0.0, 0.0, 0.0, 0.0, 0.0, 0.0, 0.0, 0.0, 0.0, 0.0, 0.0, 0.0, 0.0, 0.0, 0.0, 0.0, 0.0, 0.0, 0.0, 0.0, 0.0, 0.0, 0.0, 0.0, 0.0, 0.0, 0.0, 0.0, 0.0, 0.0, 0.0, 0.0, 0.0, 0.0, 0.0, 0.0, 0.0, 0.0, 0.0, 0.0, 0.0, 0.0, 0.0, 0.0, 0.0, 0.0, 0.0, 0.0, 0.0, 0.0, 0.0, 0.0, 0.0, 0.0, 0.0, 0.0, 0.0, 0.0, 0.0, 0.0, 0.0, 0.0, 0.0, 0.0, 0.0, 0.0, 0.0, 0.0, 0.0, 0.0, 0.0, 0.0, 0.0, 0.0, 0.0, 0.0, 0.0, 0.0, 0.0, 0.0, 0.0, 0.0, 0.0, 0.0, 0.0, 0.0, 0.0, 0.0, 0.0, 0.0, 0.0, 0.0, 0.0, 0.0, 0.0, 0.0, 0.0, 0.0, 0.0, 0.0, 0.0, 0.0, 0.0, 0.0, 0.0, 0.0, 0.0, 0.0, 0.0, 0.0, 0.0, 0.0, 0.0, 0.0, 0.0, 0.0, 0.0, 0.0, 0.0, 0.0, 0.0, 0.0, 0.0, 0.0, 0.0, 0.0, 0.0, 0.0, 0.0, 0.0, 0.0, 0.0, 0.0, 0.0, 0.0, 0.0, 0.0, 0.0, 0.0, 0.0, 0.0, 0.0, 0.0, 0.0, 0.0, 0.0, 0.0, 0.0, 0.0, 0.0, 0.0, 0.0, 0.0, 0.0, 0.0, 0.0, 0.0, 0.0, 0.0, 0.0, 0.0, 0.0, 0.0, 0.0, 0.0, 0.0, 0.0, 0.0, 0.0, 0.0, 0.0, 0.0, 0.0, 0.0, 0.0, 0.0, 0.0, 0.0, 0.0, 0.0, 0.0, 0.0, 0.0, 0.0, 0.0, 0.0, 0.0, 0.0, 0.0, 0.0, 0.0, 0.0, 0.0, 0.0, 0.0, 0.0, 0.0, 0.0, 0.0, 0.0, 0.0, 0.0, 0.0, 0.0, 0.0, 0.0, 0.0, 0.0, 0.0, 0.0, 0.0, 0.0, 0.0, 0.0, 0.0, 0.0, 0.0, 0.0, 0.0, 0.0, 0.0, 0.0, 0.0, 0.0, 0.0, 0.0, 0.0, 0.0, 0.0, 0.0, 0.0, 0.0, 0.0, 0.0, 0.0, 0.0, 0.0, 0.0, 0.0, 0.0, 0.0, 0.0, 0.0, 0.0, 0.0, 0.0, 0.0, 0.0, 0.0, 0.0, 0.0, 0.0, 0.0, 0.0, 0.0, 0.0, 0.0, 0.0, 0.0, 0.0, 0.0, 0.0, 0.0, 0.0, 0.0, 0.0, 0.0, 0.0, 0.0, 0.0, 0.0, 0.0, 0.0, 0.0, 0.0, 0.0, 0.0, 0.0, 0.0, 0.0, 0.0, 0.0, 0.0, 0.0, 0.0, 0.0, 0.0, 0.0, 0.0, 0.0, 0.0, 0.0, 0.0, 0.0, 0.0, 0.0, 0.0, 0.0, 0.0, 0.0, 0.0, 0.0, 0.0, 0.0, 0.0, 0.0, 0.0, 0.0, 0.0, 0.0, 0.0, 0.0, 0.0, 0.0, 0.0, 0.0, 0.0, 0.0, 0.0, 0.0, 0.0, 0.0, 0.0, 0.0, 0.0, 0.0, 0.0, 0.0, 0.0, 0.0, 0.0, 0.0, 0.0, 0.0, 0.0, 0.0, 0.0, 0.0, 0.0, 0.0, 0.0, 0.0, 0.0, 0.0, 0.0, 0.0, 0.0, 0.0, 0.0, 0.0, 0.0, 0.0, 0.0, 0.0, 0.0, 0.0, 0.0, 0.0, 0.0, 0.0, 0.0, 0.0, 0.0, 0.0, 0.0, 0.0, 0.0, 0.0, 0.0, 0.0, 0.0, 0.0, 0.0, 0.0, 0.0, 0.0]",0.5,0.5,0,"[0, 0, 0, 0, 0, 0, 0, 0, 0, 0, 0, 0, 0, 0, 0, 0, 0, 0, 0, 0, 0, 0, 0, 0, 0, 0, 0, 0, 0, 0, 0, 0, 0, 0, 0, 0, 0, 0, 0, 0, 0, 0, 0, 0, 0, 0, 0, 0, 0, 0, 0, 0, 0, 0, 0, 0, 0, 0, 0, 0, 0, 0, 0, 0, 0, 0, 0, 0, 0, 0, 0, 0, 0, 0, 0, 0, 0, 0, 0, 0, 0, 0, 0, 0, 0, 0, 0, 0, 0, 0, 0, 0, 0, 0, 0, 0, 0, 0, 0, 0, 0, 0, 0, 0, 0, 0, 0, 0, 0, 0, 0, 0, 0, 0, 0, 0, 0, 0, 0, 0, 0, 0, 0, 0, 0, 0, 0, 0, 0, 0, 0, 0, 0, 0, 0, 0, 0, 0, 0, 0, 0, 0, 0, 0, 0, 0, 0, 0, 0, 0, 0, 0, 0, 0, 0, 0, 0, 0, 0, 0, 0, 0, 0, 0, 0, 0, 0, 0, 0, 0, 0, 0, 0, 0, 0, 0, 0, 0, 0, 0, 0, 0, 0, 0, 0, 0, 0, 0, 0, 0, 0, 0, 0, 0, 0, 0, 0, 0, 0, 0, 0, 0, 0, 0, 0, 0, 0, 0, 0, 0, 0, 0, 0, 0, 0, 0, 0, 0, 0, 0, 0, 0, 0, 0, 0, 0, 0, 0, 0, 0, 0, 0, 0, 0, 0, 0, 0, 0, 0, 0, 0, 0, 0, 0, 0, 0, 0, 0, 0, 0, 0, 0, 0, 0, 0, 0, 0, 0, 0, 0, 0, 0, 0, 0, 0, 0, 0, 0, 0, 0, 0, 0, 0, 0, 0, 0, 0, 0, 0, 0, 0, 0, 0, 0, 0, 0, 0, 0, 0, 0, 0, 0, 0, 0, 0, 0, 0, 0, 0, 0, 0, 0, 0, 0, 0, 0, 0, 0, 0, 0, 0, 0, 0, 0, 0, 0, 0, 0, 0, 0, 0, 0, 0, 0, 0, 0, 0, 0, 0, 0, 0, 0, 0, 0, 0, 0, 0, 0, 0, 0, 0, 0, 0, 0, 0, 0, 0, 0, 0, 0, 0, 0, 0, 0, 0, 0, 0, 0, 0, 0, 0, 0, 0, 0, 0, 0, 0, 0, 0, 0, 0, 0, 0, 0, 0, 0, 0, 0, 0, 0, 0, 0, 0, 0, 0, 0, 0, 0, 0, 0, 0, 0, 0, 0, 0, 0, 0, 0, 0, 0, 0, 0, 0, 0, 0, 0, 0, 0, 0, 0, 0, 0, 0, 0, 0, 0, 0, 0, 0, 0, 0, 0, 0, 0, 0, 0, 0, 0, 0, 0, 0, 0, 0, 0, 0, 0, 0, 0, 0, 0, 0, 0, 0, 0, 0, 0, 0, 0, 0, 0, 0, 0, 0, 0, 0, 0, 0, 0, 0, 0, 0, 0, 0, 0, 0, 0, 0, 0, 0, 0, 0, 0, 0, 0, 0, 0, 0, 0, 0, 0]",480,"[0.5657551288604736, 0.48532894253730774, 0.44351446628570557, 0.42339104413986206, 0.41428568959236145, 0.41019055247306824, 0.4085574448108673, 0.4077087640762329, 0.40746045112609863, 0.40733033418655396, 0.40727150440216064, 0.40724512934684753, 0.40725475549697876, 0.407238245010376, 0.40723735094070435, 0.4072355329990387, 0.4072309732437134, 0.4072280526161194, 0.4072292447090149, 0.40722692012786865, 0.40722671151161194, 0.4072309732437134, 0.407227098941803, 0.4072261452674866, 0.4072369635105133, 0.40723034739494324, 0.4072316288948059, 0.40722742676734924, 0.40722742676734924, 0.40722715854644775, 0.40723156929016113, 0.4072268307209015, 0.40722692012786865, 0.40722817182540894, 0.407241553068161, 0.4072309732437134, 0.4072268307209015, 0.4072303771972656, 0.4072287082672119, 0.4072265923023224, 0.4072263240814209, 0.40724247694015503, 0.4072358310222626, 0.4072299301624298, 0.40723228454589844, 0.40722641348838806, 0.4072261154651642, 0.40722760558128357, 0.40722766518592834, 0.4072282314300537, 0.4072372317314148, 0.4072330594062805, 0.4072311520576477, 0.40722644329071045, 0.407228022813797, 0.40722647309303284, 0.4072269797325134, 0.40723028779029846, 0.4072323143482208, 0.4072309732437134, 0.4072279632091522, 0.4072261452674866, 0.4072283208370209, 0.4072313606739044, 0.4072268605232239, 0.40724194049835205, 0.4072267413139343, 0.40722930431365967, 0.4072291851043701, 0.4072309732437134, 0.4072272777557373, 0.40722665190696716, 0.4072270095348358, 0.4072340726852417, 0.40723150968551636, 0.4072270095348358, 0.40722811222076416, 0.407238245010376, 0.4072316884994507, 0.4072268605232239, 0.4072261452674866, 0.4072270095348358, 0.40722793340682983, 0.40722617506980896, 0.40722620487213135, 0.40722766518592834, 0.40722954273223877, 0.40722885727882385, 0.40722692012786865, 0.40722644329071045, 0.40722787380218506, 0.4072299599647522, 0.40722930431365967, 0.4072357416152954, 0.40722769498825073, 0.4072261452674866, 0.40722617506980896, 0.40722715854644775, 0.4072282016277313, 0.4072277843952179, 0.4072338342666626, 0.40722981095314026, 0.40722739696502686, 0.40722793340682983, 0.40722647309303284, 0.40722620487213135, 0.40723279118537903, 0.4072340130805969, 0.4072308838367462, 0.40723147988319397, 0.4072280526161194, 0.4072272777557373, 0.4072260558605194, 0.40722620487213135, 0.4072306752204895, 0.4072341024875641, 0.4072260558605194, 0.40722617506980896, 0.40722620487213135, 0.40722954273223877, 0.4072294235229492, 0.4072261452674866, 0.40723007917404175, 0.4072295129299164, 0.4072285592556, 0.4072269797325134, 0.40722665190696716, 0.40722692012786865, 0.40722617506980896, 0.4072367548942566, 0.4072510898113251, 0.40723106265068054, 0.40722885727882385, 0.4072261154651642, 0.4072277545928955, 0.40722620487213135, 0.4072262942790985, 0.407237708568573, 0.40723103284835815, 0.4072442650794983, 0.40722766518592834, 0.40723273158073425, 0.4072311520576477, 0.40723487734794617, 0.4072321355342865, 0.40723252296447754, 0.4072262942790985, 0.4072272777557373, 0.4072292745113373, 0.4072282016277313, 0.4072299599647522, 0.4072289764881134, 0.4072383642196655, 0.4072374701499939, 0.407235324382782, 0.4072316288948059, 0.4072330594062805, 0.4072269797325134, 0.40722721815109253, 0.4072285592556, 0.40722665190696716, 0.4072261452674866, 0.4072262942790985, 0.4072261452674866, 0.4072263240814209, 0.4072284400463104, 0.4072261452674866, 0.4072318971157074, 0.40723007917404175, 0.4072261452674866, 0.40723055601119995, 0.40722694993019104, 0.4072280526161194, 0.4072269797325134, 0.40722617506980896, 0.40723279118537903, 0.4072280526161194, 0.4072262644767761, 0.40722882747650146, 0.4072285592556, 0.4072273373603821, 0.4072306454181671, 0.40722888708114624, 0.4072292745113373, 0.4072269797325134, 0.4072284698486328, 0.4072270691394806, 0.40723204612731934, 0.40723052620887756, 0.40722787380218506, 0.4072267413139343, 0.4072263836860657, 0.40722644329071045, 0.40722861886024475, 0.4072314202785492, 0.40722739696502686, 0.40722838044166565, 0.40723633766174316, 0.4072367548942566, 0.40722712874412537, 0.4072262644767761, 0.40722641348838806, 0.4072262942790985, 0.40722763538360596, 0.40722665190696716, 0.40722617506980896, 0.40722644329071045, 0.4072262942790985, 0.4072270095348358, 0.40722617506980896, 0.4072267413139343, 0.40722906589508057, 0.40722692012786865, 0.40722617506980896, 0.4072261154651642, 0.4072292447090149, 0.4072287678718567, 0.4072261154651642, 0.4072292447090149, 0.40723204612731934, 0.40723931789398193, 0.4072333872318268, 0.4072261452674866, 0.4072393476963043, 0.40722760558128357, 0.4072270691394806, 0.407227098941803, 0.40722736716270447, 0.4072261452674866, 0.4072261452674866, 0.4072268605232239, 0.40723511576652527, 0.4072308838367462, 0.40723830461502075, 0.40722891688346863, 0.40722760558128357, 0.40723463892936707, 0.4072314202785492, 0.4072358012199402, 0.4072328507900238, 0.40722861886024475, 0.4072447121143341, 0.40722835063934326, 0.4072268307209015, 0.407227098941803, 0.4072263240814209, 0.40722641348838806, 0.4072278141975403, 0.407228022813797, 0.40722647309303284, 0.4072261154651642, 0.40722617506980896, 0.40722712874412537, 0.4072277843952179, 0.40722620487213135, 0.40722861886024475, 0.40722665190696716, 0.40722617506980896, 0.4072261452674866, 0.4072261154651642, 0.4072262644767761, 0.4072289764881134, 0.40724122524261475, 0.4072401523590088, 0.4072292447090149, 0.4072263240814209, 0.4072268605232239, 0.4072285592556, 0.4072265625, 0.407232403755188, 0.40723103284835815, 0.407226026058197, 0.40722641348838806, 0.40722715854644775, 0.40722620487213135, 0.40722620487213135, 0.4072262644767761, 0.40722617506980896, 0.40722617506980896, 0.4072262644767761, 0.40722694993019104, 0.40722617506980896, 0.4072268009185791, 0.4072299599647522, 0.4072260558605194, 0.4072263836860657, 0.40723299980163574, 0.4072262644767761, 0.4072265923023224, 0.407227098941803, 0.407230019569397, 0.40722987055778503, 0.4072437584400177, 0.40723681449890137, 0.40723225474357605, 0.40722641348838806, 0.4072299897670746, 0.4072261154651642, 0.4072284698486328, 0.40722981095314026, 0.4072267413139343, 0.40723171830177307, 0.40722858905792236, 0.4072301387786865, 0.40722984075546265, 0.40722912549972534, 0.40722668170928955, 0.4072270095348358, 0.407228022813797, 0.40723758935928345, 0.40723568201065063, 0.4072290062904358, 0.40722671151161194, 0.4072262942790985, 0.40722721815109253, 0.4072265326976776, 0.40722769498825073, 0.40722647309303284, 0.4072261452674866, 0.4072335362434387, 0.4072352647781372, 0.4072268009185791, 0.40722978115081787, 0.4072352945804596, 0.4072349965572357, 0.40722647309303284, 0.40722787380218506, 0.40722721815109253, 0.40722617506980896, 0.4072272777557373, 0.4072265625, 0.40722981095314026, 0.4072262942790985, 0.4072262644767761, 0.4072265326976776, 0.4072268009185791, 0.4072261154651642, 0.4072262942790985, 0.4072263240814209, 0.4072275161743164, 0.40722787380218506, 0.4072265923023224, 0.40722644329071045, 0.4072282314300537, 0.4072260558605194, 0.4072263240814209, 0.4072262644767761, 0.4072386920452118, 0.40723708271980286, 0.4072284698486328, 0.40723586082458496, 0.4072321355342865, 0.4072335958480835, 0.40723785758018494, 0.40723150968551636, 0.40722692012786865, 0.40722665190696716, 0.4072261154651642, 0.4072272777557373, 0.4072261452674866, 0.4072326421737671, 0.4072343111038208, 0.4072405993938446, 0.4072376489639282, 0.40722671151161194, 0.40722665190696716, 0.40722694993019104, 0.40722620487213135, 0.4072261452674866, 0.40722712874412537, 0.4072262942790985, 0.4072282314300537, 0.40722644329071045, 0.40722739696502686, 0.40722721815109253, 0.4072263836860657, 0.4072263240814209, 0.4072261154651642, 0.40722769498825073, 0.4072295129299164, 0.40722739696502686, 0.40722790360450745, 0.4072269797325134, 0.40722620487213135, 0.4072261154651642, 0.40722617506980896, 0.40722912549972534, 0.4072280526161194, 0.4072275459766388, 0.4072270095348358, 0.40722861886024475, 0.4072269797325134, 0.40723341703414917, 0.40723326802253723, 0.4072267413139343, 0.4072262644767761, 0.4072268009185791, 0.4072262644767761, 0.40722694993019104, 0.40722617506980896, 0.40722888708114624, 0.4072292447090149, 0.40722760558128357, 0.4072265326976776, 0.4072277843952179, 0.4072261452674866, 0.4072267413139343, 0.4072303771972656, 0.4072282016277313, 0.40723922848701477, 0.40722933411598206, 0.4072261154651642, 0.4072291851043701, 0.4072311520576477, 0.4072378873825073, 0.4072493016719818, 0.4072483479976654, 0.4072427451610565, 0.40723228454589844, 0.4072261154651642, 0.40722617506980896, 0.4072261452674866, 0.407227098941803, 0.40722620487213135, 0.4072272479534149, 0.4072316288948059, 0.4072299599647522, 0.40722644329071045, 0.4072280526161194, 0.4072262644767761, 0.4072262644767761, 0.4072262644767761, 0.4072287082672119, 0.40724387764930725, 0.40724068880081177, 0.4072269797325134, 0.4072268605232239, 0.4072275161743164, 0.40722739696502686, 0.40722838044166565, 0.40722769498825073, 0.40722620487213135, 0.40722692012786865, 0.4072265625, 0.4072275459766388, 0.40722617506980896, 0.4072272479534149, 0.40722915530204773, 0.4072270691394806, 0.40722665190696716, 0.4072284400463104, 0.4072270095348358, 0.40722694993019104, 0.40722620487213135, 0.4072299897670746, 0.4072355628013611, 0.4072296619415283, 0.40723124146461487, 0.40722739696502686, 0.40723204612731934, 0.4072370231151581, 0.4072287082672119, 0.40722864866256714, 0.4072308838367462, 0.4072275161743164, 0.40722641348838806, 0.40722620487213135, 0.4072270691394806, 0.4072261154651642, 0.40722766518592834, 0.4072285592556, 0.4072265923023224, 0.40722790360450745, 0.4072280526161194, 0.407227098941803, 0.40723171830177307, 0.40722715854644775, 0.4072269797325134, 0.40723273158073425, 0.4072260558605194]",0.0,"[0.0, 0.0, 0.0, 0.0, 0.0, 0.0, 0.0, 0.0, 0.0, 0.0, 0.0, 0.0, 0.0, 0.0, 0.0, 0.0, 0.0, 0.0, 0.0, 0.0, 0.0, 0.0, 0.0, 0.0, 0.0, 0.0, 0.0, 0.0, 0.0, 0.0, 0.0, 0.0, 0.0, 0.0, 0.0, 0.0, 0.0, 0.0, 0.0, 0.0, 0.0, 0.0, 0.0, 0.0, 0.0, 0.0, 0.0, 0.0, 0.0, 0.0, 0.0, 0.0, 0.0, 0.0, 0.0, 0.0, 0.0, 0.0, 0.0, 0.0, 0.0, 0.0, 0.0, 0.0, 0.0, 0.0, 0.0, 0.0, 0.0, 0.0, 0.0, 0.0, 0.0, 0.0, 0.0, 0.0, 0.0, 0.0, 0.0, 0.0, 0.0, 0.0, 0.0, 0.0, 0.0, 0.0, 0.0, 0.0, 0.0, 0.0, 0.0, 0.0, 0.0, 0.0, 0.0, 0.0, 0.0, 0.0, 0.0, 0.0, 0.0, 0.0, 0.0, 0.0, 0.0, 0.0, 0.0, 0.0, 0.0, 0.0, 0.0, 0.0, 0.0, 0.0, 0.0, 0.0, 0.0, 0.0, 0.0, 0.0, 0.0, 0.0, 0.0, 0.0, 0.0, 0.0, 0.0, 0.0, 0.0, 0.0, 0.0, 0.0, 0.0, 0.0, 0.0, 0.0, 0.0, 0.0, 0.0, 0.0, 0.0, 0.0, 0.0, 0.0, 0.0, 0.0, 0.0, 0.0, 0.0, 0.0, 0.0, 0.0, 0.0, 0.0, 0.0, 0.0, 0.0, 0.0, 0.0, 0.0, 0.0, 0.0, 0.0, 0.0, 0.0, 0.0, 0.0, 0.0, 0.0, 0.0, 0.0, 0.0, 0.0, 0.0, 0.0, 0.0, 0.0, 0.0, 0.0, 0.0, 0.0, 0.0, 0.0, 0.0, 0.0, 0.0, 0.0, 0.0, 0.0, 0.0, 0.0, 0.0, 0.0, 0.0, 0.0, 0.0, 0.0, 0.0, 0.0, 0.0, 0.0, 0.0, 0.0, 0.0, 0.0, 0.0, 0.0, 0.0, 0.0, 0.0, 0.0, 0.0, 0.0, 0.0, 0.0, 0.0, 0.0, 0.0, 0.0, 0.0, 0.0, 0.0, 0.0, 0.0, 0.0, 0.0, 0.0, 0.0, 0.0, 0.0, 0.0, 0.0, 0.0, 0.0, 0.0, 0.0, 0.0, 0.0, 0.0, 0.0, 0.0, 0.0, 0.0, 0.0, 0.0, 0.0, 0.0, 0.0, 0.0, 0.0, 0.0, 0.0, 0.0, 0.0, 0.0, 0.0, 0.0, 0.0, 0.0, 0.0, 0.0, 0.0, 0.0, 0.0, 0.0, 0.0, 0.0, 0.0, 0.0, 0.0, 0.0, 0.0, 0.0, 0.0, 0.0, 0.0, 0.0, 0.0, 0.0, 0.0, 0.0, 0.0, 0.0, 0.0, 0.0, 0.0, 0.0, 0.0, 0.0, 0.0, 0.0, 0.0, 0.0, 0.0, 0.0, 0.0, 0.0, 0.0, 0.0, 0.0, 0.0, 0.0, 0.0, 0.0, 0.0, 0.0, 0.0, 0.0, 0.0, 0.0, 0.0, 0.0, 0.0, 0.0, 0.0, 0.0, 0.0, 0.0, 0.0, 0.0, 0.0, 0.0, 0.0, 0.0, 0.0, 0.0, 0.0, 0.0, 0.0, 0.0, 0.0, 0.0, 0.0, 0.0, 0.0, 0.0, 0.0, 0.0, 0.0, 0.0, 0.0, 0.0, 0.0, 0.0, 0.0, 0.0, 0.0, 0.0, 0.0, 0.0, 0.0, 0.0, 0.0, 0.0, 0.0, 0.0, 0.0, 0.0, 0.0, 0.0, 0.0, 0.0, 0.0, 0.0, 0.0, 0.0, 0.0, 0.0, 0.0, 0.0, 0.0, 0.0, 0.0, 0.0, 0.0, 0.0, 0.0, 0.0, 0.0, 0.0, 0.0, 0.0, 0.0, 0.0, 0.0, 0.0, 0.0, 0.0, 0.0, 0.0, 0.0, 0.0, 0.0, 0.0, 0.0, 0.0, 0.0, 0.0, 0.0, 0.0, 0.0, 0.0, 0.0, 0.0, 0.0, 0.0, 0.0, 0.0, 0.0, 0.0, 0.0, 0.0, 0.0, 0.0, 0.0, 0.0, 0.0, 0.0, 0.0, 0.0, 0.0, 0.0, 0.0, 0.0, 0.0, 0.0, 0.0, 0.0, 0.0, 0.0, 0.0, 0.0, 0.0, 0.0, 0.0, 0.0, 0.0, 0.0, 0.0, 0.0, 0.0, 0.0, 0.0, 0.0, 0.0, 0.0, 0.0, 0.0, 0.0, 0.0, 0.0, 0.0, 0.0, 0.0, 0.0, 0.0, 0.0, 0.0, 0.0, 0.0, 0.0, 0.0, 0.0, 0.0, 0.0, 0.0, 0.0, 0.0, 0.0, 0.0, 0.0, 0.0, 0.0, 0.0, 0.0, 0.0, 0.0, 0.0, 0.0, 0.0]",COMPLETE
