,number,value,datetime_start,datetime_complete,duration,params_batch_size_scaler,params_constant_learning_rate,params_depth,params_epochs,params_kernel_l2,params_num_trees,params_temperature,user_attrs_accuracy_test,user_attrs_accuracy_valid,user_attrs_approximate_feature_sparsity,user_attrs_approximate_feature_sparsity_history,user_attrs_approximate_weight_sparsity,user_attrs_approximate_weight_sparsity_history,user_attrs_auc_test,user_attrs_auc_valid,user_attrs_feature_sparsity,user_attrs_feature_sparsity_history,user_attrs_num_epochs,user_attrs_val_loss_history,user_attrs_weight_sparsity,user_attrs_weight_sparsity_history,state
112,112,0.6635171516533344,2024-08-31 04:59:20.129814,2024-08-31 04:59:42.734610,0 days 00:00:22.604796,16,0.3616032146257413,1,175,0.009476390454569328,77,0.008562327872164925,0.829,0.83875,2,"[33, 33, 33, 33, 33, 33, 32, 25, 15, 10, 6, 5, 5, 5, 4, 4, 4, 3, 3, 3, 3, 3, 3, 3, 3, 3, 3, 3, 3, 3, 3, 3, 3, 3, 3, 2, 2, 2, 2, 2, 2, 2, 2, 2, 2, 2, 2, 2, 2, 2, 2, 2, 2, 2, 2, 2, 2, 2, 2, 2, 2, 2, 2, 2, 2, 2, 2, 2, 2, 2, 2, 2, 2, 2, 2, 2, 2, 2, 2, 2, 2, 2, 2, 2, 2, 2, 2, 2, 2, 2, 2, 2, 2, 2, 2, 2, 2, 2, 2, 2, 2, 2, 2, 2, 2, 2, 2, 2, 2, 2, 2, 2, 2, 2, 2, 2, 2, 2, 2, 2, 2, 2, 2, 2, 2, 2, 2, 2, 2, 2, 2, 2, 2, 2, 2, 2, 2, 2, 2, 2, 2, 2, 2, 2, 2, 2, 2, 2, 2, 2, 2, 2, 2, 2, 2, 2, 2, 2, 2, 2, 2, 2, 2, 2, 2, 2, 2, 2, 2, 2, 2, 2, 2, 2, 2]",2.0,"[33.0, 32.97402597402598, 33.0, 32.98701298701299, 32.97402597402598, 33.0, 31.974025974025974, 24.98701298701299, 14.987012987012987, 10.0, 6.0, 5.0, 5.0, 5.0, 4.0, 4.0, 4.0, 3.0, 3.0, 3.0, 2.987012987012987, 3.0, 3.0, 3.0, 3.0, 2.987012987012987, 3.0, 3.0, 3.0, 3.0, 3.0, 3.0, 3.0, 3.0, 3.0, 2.0, 2.0, 2.0, 2.0, 2.0, 2.0, 2.0, 2.0, 2.0, 2.0, 2.0, 2.0, 2.0, 1.987012987012987, 2.0, 2.0, 2.0, 2.0, 2.0, 2.0, 2.0, 2.0, 1.987012987012987, 2.0, 2.0, 2.0, 2.0, 2.0, 2.0, 2.0, 1.987012987012987, 1.987012987012987, 2.0, 2.0, 2.0, 2.0, 2.0, 2.0, 2.0, 2.0, 2.0, 2.0, 2.0, 2.0, 2.0, 2.0, 2.0, 2.0, 2.0, 2.0, 2.0, 2.0, 2.0, 2.0, 2.0, 2.0, 2.0, 2.0, 2.0, 2.0, 2.0, 2.0, 2.0, 2.0, 2.0, 2.0, 2.0, 2.0, 2.0, 2.0, 2.0, 2.0, 2.0, 2.0, 2.0, 2.0, 2.0, 2.0, 2.0, 2.0, 2.0, 2.0, 2.0, 2.0, 2.0, 2.0, 2.0, 2.0, 2.0, 2.0, 2.0, 2.0, 2.0, 2.0, 2.0, 2.0, 2.0, 2.0, 2.0, 2.0, 2.0, 2.0, 2.0, 2.0, 2.0, 2.0, 2.0, 2.0, 2.0, 2.0, 2.0, 2.0, 2.0, 2.0, 2.0, 2.0, 2.0, 2.0, 2.0, 2.0, 2.0, 2.0, 2.0, 2.0, 2.0, 2.0, 2.0, 2.0, 2.0, 2.0, 2.0, 2.0, 2.0, 2.0, 2.0, 2.0, 2.0, 2.0, 2.0, 2.0]",0.6446635127436653,0.6635171516533344,2,"[33, 33, 33, 33, 33, 33, 32, 25, 15, 10, 6, 5, 5, 5, 4, 4, 4, 3, 3, 3, 3, 3, 3, 3, 3, 3, 3, 3, 3, 3, 3, 3, 3, 3, 3, 2, 2, 2, 2, 2, 2, 2, 2, 2, 2, 2, 2, 2, 2, 2, 2, 2, 2, 2, 2, 2, 2, 2, 2, 2, 2, 2, 2, 2, 2, 2, 2, 2, 2, 2, 2, 2, 2, 2, 2, 2, 2, 2, 2, 2, 2, 2, 2, 2, 2, 2, 2, 2, 2, 2, 2, 2, 2, 2, 2, 2, 2, 2, 2, 2, 2, 2, 2, 2, 2, 2, 2, 2, 2, 2, 2, 2, 2, 2, 2, 2, 2, 2, 2, 2, 2, 2, 2, 2, 2, 2, 2, 2, 2, 2, 2, 2, 2, 2, 2, 2, 2, 2, 2, 2, 2, 2, 2, 2, 2, 2, 2, 2, 2, 2, 2, 2, 2, 2, 2, 2, 2, 2, 2, 2, 2, 2, 2, 2, 2, 2, 2, 2, 2, 2, 2, 2, 2, 2, 2]",175,"[1.1046093702316284, 0.47608932852745056, 0.37932145595550537, 0.47917598485946655, 0.49751052260398865, 0.6749714016914368, 0.3885367214679718, 0.38264480233192444, 0.574323832988739, 0.6314412355422974, 1.636505126953125, 0.553500235080719, 0.5215886831283569, 0.35588589310646057, 0.4498657286167145, 0.3955742120742798, 0.49309930205345154, 1.2859421968460083, 0.635007381439209, 1.161943793296814, 0.8236939907073975, 0.48102015256881714, 0.3912225663661957, 0.6234310865402222, 0.4636307656764984, 0.4571893811225891, 0.655677318572998, 0.3793148100376129, 0.42269518971443176, 0.5242440104484558, 0.38560500741004944, 0.43450120091438293, 0.5537965893745422, 0.47797122597694397, 0.5976108312606812, 0.9414918422698975, 0.42203429341316223, 0.4651595652103424, 0.8627791404724121, 1.3691273927688599, 0.3700197637081146, 0.5385811924934387, 0.43038585782051086, 0.3868331015110016, 0.4391619861125946, 0.4208832085132599, 0.47893768548965454, 0.3843894600868225, 0.4193460941314697, 0.4329542815685272, 1.0710501670837402, 0.8544837832450867, 0.3733997046947479, 0.8136702179908752, 0.7610111832618713, 0.37499186396598816, 0.41406500339508057, 0.46729838848114014, 0.8370159864425659, 0.8763740062713623, 0.7347000241279602, 0.9903883934020996, 0.7810309529304504, 0.9483184814453125, 0.46149078011512756, 0.4372166693210602, 0.37690991163253784, 0.5911800265312195, 0.3724168539047241, 0.5149569511413574, 0.4114169776439667, 0.38808730244636536, 0.4876469075679779, 0.8828694224357605, 0.3757586181163788, 0.6858174800872803, 0.8051958680152893, 0.3730941712856293, 0.7065932750701904, 0.6897946000099182, 0.375990092754364, 0.5511929392814636, 0.5714364051818848, 1.0915123224258423, 1.617164969444275, 0.38796913623809814, 0.3960564136505127, 0.8640766143798828, 0.42217639088630676, 0.37258636951446533, 0.43002426624298096, 0.7632467150688171, 0.5831370949745178, 0.43008363246917725, 0.3723176121711731, 1.113718867301941, 0.47861939668655396, 0.5457847714424133, 0.37150728702545166, 1.158743143081665, 0.40524521470069885, 0.3728239834308624, 0.41946661472320557, 0.3750382363796234, 0.4712890386581421, 0.3716292679309845, 0.38260021805763245, 0.5202968716621399, 0.4518148899078369, 0.5100787878036499, 0.37407660484313965, 1.235777497291565, 0.3722429573535919, 0.9639913439750671, 0.38508179783821106, 0.38557636737823486, 0.4292259216308594, 0.6950272917747498, 0.40365737676620483, 0.37922659516334534, 0.5483015775680542, 0.3836369812488556, 0.39438003301620483, 1.0631996393203735, 0.8932881355285645, 0.5260738134384155, 0.4234693944454193, 0.8741082549095154, 0.41470155119895935, 0.38813096284866333, 1.119846224784851, 0.3959041237831116, 0.373840868473053, 0.40632304549217224, 0.5338950157165527, 0.7474910616874695, 0.37315845489501953, 0.9299660325050354, 0.7685688734054565, 1.132168173789978, 0.5837600231170654, 0.8424898386001587, 0.5338481068611145, 0.38888198137283325, 0.38624468445777893, 0.37421494722366333, 0.3886599838733673, 0.3851720690727234, 0.38401898741722107, 0.8836349248886108, 0.37492257356643677, 0.37456023693084717, 0.4024358093738556, 0.4807584285736084, 0.3810586929321289, 0.6032860279083252, 0.46997126936912537, 0.3890789747238159, 0.4641367197036743, 0.4651678502559662, 0.8547515273094177, 0.4226143956184387, 0.5865323543548584, 0.3913542926311493, 0.38073715567588806, 0.5323633551597595, 1.314933180809021, 1.0656346082687378, 0.3949111998081207, 0.42699265480041504, 0.39616042375564575, 0.38054680824279785, 0.3989627957344055, 1.1154063940048218, 0.3968861699104309]",2.0,"[33.0, 33.0, 33.0, 33.0, 33.0, 33.0, 32.0, 25.0, 15.0, 10.0, 6.0, 5.0, 5.0, 5.0, 4.0, 4.0, 4.0, 3.0, 3.0, 3.0, 3.0, 3.0, 3.0, 3.0, 3.0, 3.0, 3.0, 3.0, 3.0, 3.0, 3.0, 3.0, 3.0, 3.0, 3.0, 2.0, 2.0, 2.0, 2.0, 2.0, 2.0, 2.0, 2.0, 2.0, 2.0, 2.0, 2.0, 2.0, 2.0, 2.0, 2.0, 2.0, 2.0, 2.0, 2.0, 2.0, 2.0, 2.0, 2.0, 2.0, 2.0, 2.0, 2.0, 2.0, 2.0, 2.0, 2.0, 2.0, 2.0, 2.0, 2.0, 2.0, 2.0, 2.0, 2.0, 2.0, 2.0, 2.0, 2.0, 2.0, 2.0, 2.0, 2.0, 2.0, 2.0, 2.0, 2.0, 2.0, 2.0, 2.0, 2.0, 2.0, 2.0, 2.0, 2.0, 2.0, 2.0, 2.0, 2.0, 2.0, 2.0, 2.0, 2.0, 2.0, 2.0, 2.0, 2.0, 2.0, 2.0, 2.0, 2.0, 2.0, 2.0, 2.0, 2.0, 2.0, 2.0, 2.0, 2.0, 2.0, 2.0, 2.0, 2.0, 2.0, 2.0, 2.0, 2.0, 2.0, 2.0, 2.0, 2.0, 2.0, 2.0, 2.0, 2.0, 2.0, 2.0, 2.0, 2.0, 2.0, 2.0, 2.0, 2.0, 2.0, 2.0, 2.0, 2.0, 2.0, 2.0, 2.0, 2.0, 2.0, 2.0, 2.0, 2.0, 2.0, 2.0, 2.0, 2.0, 2.0, 2.0, 2.0, 2.0, 2.0, 2.0, 2.0, 2.0, 2.0, 2.0, 2.0, 2.0, 2.0, 2.0, 2.0, 2.0]",COMPLETE
113,113,0.5478223905398616,2024-08-31 04:59:45.730907,2024-08-31 04:59:54.448512,0 days 00:00:08.717605,16,0.020675538646908184,3,10,0.08187322318626758,6,0.009100374305603464,0.859,0.85875,33,"[33, 33, 33, 33, 33, 33, 33, 33, 33, 33]",32.976190476190474,"[33.0, 32.976190476190474, 32.976190476190474, 33.0, 32.976190476190474, 32.95238095238095, 32.976190476190474, 32.976190476190474, 32.95238095238095, 32.976190476190474]",0.5806273169362363,0.5478223905398616,33,"[33, 33, 33, 33, 33, 33, 33, 33, 33, 33]",10,"[0.5482593774795532, 0.5348861813545227, 0.5242669582366943, 0.5156290531158447, 0.508379340171814, 0.5023610591888428, 0.4973107874393463, 0.4928422272205353, 0.48906612396240234, 0.48581984639167786]",33.0,"[33.0, 33.0, 33.0, 33.0, 33.0, 33.0, 33.0, 33.0, 33.0, 33.0]",COMPLETE
114,114,0.5487305329056691,2024-08-31 04:59:57.436239,2024-08-31 05:01:47.154030,0 days 00:01:49.717791,1,0.07380581064100131,1,265,0.004062426507515761,4,0.000677574579675111,0.86,0.86625,1,"[26, 23, 17, 11, 8, 7, 7, 6, 5, 4, 4, 4, 4, 4, 4, 4, 4, 4, 3, 3, 3, 3, 3, 3, 3, 3, 3, 3, 3, 3, 3, 3, 3, 3, 3, 3, 3, 3, 3, 3, 3, 3, 3, 3, 3, 3, 3, 3, 3, 3, 3, 3, 3, 3, 3, 3, 3, 3, 3, 3, 3, 3, 3, 3, 3, 3, 3, 3, 3, 3, 3, 3, 3, 3, 3, 3, 3, 3, 3, 3, 3, 3, 3, 3, 3, 3, 3, 3, 3, 3, 3, 3, 3, 3, 3, 3, 3, 3, 3, 3, 3, 3, 3, 3, 3, 3, 3, 3, 3, 3, 3, 3, 3, 3, 3, 3, 3, 3, 3, 3, 3, 3, 3, 3, 3, 3, 3, 3, 3, 3, 3, 3, 3, 3, 3, 3, 3, 3, 3, 3, 3, 3, 3, 3, 3, 3, 3, 3, 3, 3, 3, 3, 3, 3, 3, 3, 3, 3, 3, 3, 3, 3, 3, 3, 2, 2, 2, 2, 2, 2, 2, 2, 2, 2, 2, 2, 2, 1, 1, 1, 1, 1, 1, 1, 1, 1, 1, 1, 1, 1, 1, 1, 1, 1, 1, 1, 1, 1, 1, 1, 1, 1, 1, 1, 1, 1, 1, 1, 1, 1, 1, 1, 1, 1, 1, 1, 1, 1, 1, 1, 1, 1, 1, 1, 1, 1, 1, 1, 1, 1, 1, 1, 1, 1, 1, 1, 1, 1, 1, 1, 1, 1, 1, 1, 1, 1, 1, 1, 1, 1, 1, 1, 1, 1, 1, 1, 1, 1, 1, 1, 1, 1, 1, 1, 1]",1.0,"[26.0, 23.0, 17.0, 11.0, 8.0, 7.0, 7.0, 6.0, 5.0, 4.0, 4.0, 4.0, 4.0, 4.0, 4.0, 4.0, 4.0, 4.0, 3.0, 3.0, 3.0, 3.0, 3.0, 3.0, 3.0, 3.0, 3.0, 3.0, 3.0, 3.0, 3.0, 3.0, 3.0, 3.0, 3.0, 3.0, 3.0, 3.0, 3.0, 3.0, 3.0, 3.0, 3.0, 3.0, 3.0, 3.0, 3.0, 3.0, 3.0, 3.0, 3.0, 3.0, 3.0, 3.0, 3.0, 3.0, 3.0, 3.0, 3.0, 3.0, 3.0, 3.0, 3.0, 3.0, 3.0, 3.0, 3.0, 3.0, 3.0, 3.0, 3.0, 3.0, 3.0, 3.0, 3.0, 3.0, 3.0, 3.0, 3.0, 3.0, 3.0, 3.0, 3.0, 3.0, 3.0, 3.0, 3.0, 3.0, 3.0, 3.0, 3.0, 3.0, 3.0, 3.0, 3.0, 3.0, 3.0, 3.0, 3.0, 3.0, 3.0, 3.0, 3.0, 3.0, 3.0, 3.0, 3.0, 3.0, 3.0, 3.0, 3.0, 3.0, 3.0, 3.0, 3.0, 3.0, 3.0, 3.0, 3.0, 3.0, 3.0, 3.0, 3.0, 3.0, 3.0, 3.0, 3.0, 3.0, 3.0, 3.0, 3.0, 3.0, 3.0, 3.0, 3.0, 3.0, 3.0, 3.0, 3.0, 3.0, 3.0, 3.0, 3.0, 3.0, 3.0, 3.0, 3.0, 3.0, 3.0, 3.0, 3.0, 3.0, 3.0, 3.0, 3.0, 3.0, 3.0, 3.0, 3.0, 3.0, 3.0, 3.0, 3.0, 3.0, 2.0, 2.0, 2.0, 2.0, 2.0, 2.0, 2.0, 2.0, 2.0, 2.0, 2.0, 2.0, 2.0, 1.0, 1.0, 1.0, 1.0, 1.0, 1.0, 1.0, 1.0, 1.0, 1.0, 1.0, 1.0, 1.0, 1.0, 1.0, 1.0, 1.0, 1.0, 1.0, 1.0, 1.0, 1.0, 1.0, 1.0, 1.0, 1.0, 1.0, 1.0, 1.0, 1.0, 1.0, 1.0, 1.0, 1.0, 1.0, 1.0, 1.0, 1.0, 1.0, 1.0, 1.0, 1.0, 1.0, 1.0, 1.0, 1.0, 1.0, 1.0, 1.0, 1.0, 1.0, 1.0, 1.0, 1.0, 1.0, 1.0, 1.0, 1.0, 1.0, 1.0, 1.0, 1.0, 1.0, 1.0, 1.0, 1.0, 1.0, 1.0, 1.0, 1.0, 1.0, 1.0, 1.0, 1.0, 1.0, 1.0, 1.0, 1.0, 1.0, 1.0, 1.0, 1.0, 1.0, 1.0, 1.0, 1.0, 1.0, 1.0]",0.530222343315252,0.5487305329056691,1,"[26, 23, 17, 11, 8, 7, 7, 6, 5, 4, 4, 4, 4, 4, 4, 4, 4, 4, 3, 3, 3, 3, 3, 3, 3, 3, 3, 3, 3, 3, 3, 3, 3, 3, 3, 3, 3, 3, 3, 3, 3, 3, 3, 3, 3, 3, 3, 3, 3, 3, 3, 3, 3, 3, 3, 3, 3, 3, 3, 3, 3, 3, 3, 3, 3, 3, 3, 3, 3, 3, 3, 3, 3, 3, 3, 3, 3, 3, 3, 3, 3, 3, 3, 3, 3, 3, 3, 3, 3, 3, 3, 3, 3, 3, 3, 3, 3, 3, 3, 3, 3, 3, 3, 3, 3, 3, 3, 3, 3, 3, 3, 3, 3, 3, 3, 3, 3, 3, 3, 3, 3, 3, 3, 3, 3, 3, 3, 3, 3, 3, 3, 3, 3, 3, 3, 3, 3, 3, 3, 3, 3, 3, 3, 3, 3, 3, 3, 3, 3, 3, 3, 3, 3, 3, 3, 3, 3, 3, 3, 3, 3, 3, 3, 3, 2, 2, 2, 2, 2, 2, 2, 2, 2, 2, 2, 2, 2, 1, 1, 1, 1, 1, 1, 1, 1, 1, 1, 1, 1, 1, 1, 1, 1, 1, 1, 1, 1, 1, 1, 1, 1, 1, 1, 1, 1, 1, 1, 1, 1, 1, 1, 1, 1, 1, 1, 1, 1, 1, 1, 1, 1, 1, 1, 1, 1, 1, 1, 1, 1, 1, 1, 1, 1, 1, 1, 1, 1, 1, 1, 1, 1, 1, 1, 1, 1, 1, 1, 1, 1, 1, 1, 1, 1, 1, 1, 1, 1, 1, 1, 1, 1, 1, 1, 1, 1]",265,"[0.3753809332847595, 0.36226460337638855, 0.35414260625839233, 0.3513074517250061, 0.354844868183136, 0.34905219078063965, 0.3465660512447357, 0.3435923457145691, 0.36003577709198, 0.35850584506988525, 0.3584902882575989, 0.35725533962249756, 0.3562379777431488, 0.35585257411003113, 0.35575470328330994, 0.35484814643859863, 0.3568437099456787, 0.3543749153614044, 0.3617577850818634, 0.35651782155036926, 0.3560345768928528, 0.35583415627479553, 0.355355829000473, 0.35366740822792053, 0.353921115398407, 0.3537612855434418, 0.353407621383667, 0.35327690839767456, 0.3531438708305359, 0.35398274660110474, 0.35319283604621887, 0.35290059447288513, 0.3528406620025635, 0.3527587652206421, 0.3532230854034424, 0.35263389348983765, 0.35285431146621704, 0.3528813123703003, 0.3527585566043854, 0.35242435336112976, 0.3524468243122101, 0.35245347023010254, 0.35228195786476135, 0.3523024618625641, 0.3521638512611389, 0.35295212268829346, 0.35488376021385193, 0.35215985774993896, 0.3536358177661896, 0.35215190052986145, 0.35232269763946533, 0.3519109785556793, 0.352660208940506, 0.35203322768211365, 0.3519894778728485, 0.35314956307411194, 0.3552834689617157, 0.35171592235565186, 0.35170936584472656, 0.35255181789398193, 0.352701872587204, 0.3547738194465637, 0.351691335439682, 0.3516215980052948, 0.35165703296661377, 0.3522413671016693, 0.3542599081993103, 0.35151463747024536, 0.35538697242736816, 0.35143569111824036, 0.3515048623085022, 0.35200920701026917, 0.3520222008228302, 0.352024108171463, 0.3533717691898346, 0.35161328315734863, 0.35148072242736816, 0.35132771730422974, 0.35155239701271057, 0.35363563895225525, 0.35123103857040405, 0.3524557054042816, 0.3532795011997223, 0.35180163383483887, 0.35111483931541443, 0.35251954197883606, 0.3517467975616455, 0.3516494631767273, 0.3519280254840851, 0.351100891828537, 0.35109221935272217, 0.3518006503582001, 0.3512957692146301, 0.35124996304512024, 0.35136735439300537, 0.35680243372917175, 0.3509350121021271, 0.351411908864975, 0.3509867787361145, 0.3509838879108429, 0.3567982614040375, 0.3519517481327057, 0.35360610485076904, 0.35096415877342224, 0.35455816984176636, 0.35261690616607666, 0.3515966534614563, 0.3511521816253662, 0.3508819341659546, 0.350795716047287, 0.35116347670555115, 0.3518213927745819, 0.3534911870956421, 0.35290592908859253, 0.35352081060409546, 0.3524973690509796, 0.3507559299468994, 0.3510178327560425, 0.35096168518066406, 0.35074302554130554, 0.35080069303512573, 0.3512285351753235, 0.35081109404563904, 0.3507111668586731, 0.3517898917198181, 0.35138195753097534, 0.3509232699871063, 0.35748669505119324, 0.35520249605178833, 0.35239318013191223, 0.3511570692062378, 0.35077667236328125, 0.3508366048336029, 0.3508000075817108, 0.35158470273017883, 0.3508334755897522, 0.3507139980792999, 0.351125568151474, 0.350805401802063, 0.3511611819267273, 0.35067689418792725, 0.3515132963657379, 0.3508228659629822, 0.3531268835067749, 0.35056132078170776, 0.35054007172584534, 0.3507300615310669, 0.35082313418388367, 0.3506912589073181, 0.3507944345474243, 0.3506634533405304, 0.3510470986366272, 0.35097262263298035, 0.35157594084739685, 0.3510466516017914, 0.3510288894176483, 0.35116440057754517, 0.35131463408470154, 0.35062164068222046, 0.3505004048347473, 0.35057559609413147, 0.35116860270500183, 0.35346394777297974, 0.35218092799186707, 0.3746218979358673, 0.3779093027114868, 0.37448614835739136, 0.3746655583381653, 0.37723469734191895, 0.37626296281814575, 0.37447094917297363, 0.37589988112449646, 0.37449055910110474, 0.37783920764923096, 0.37673842906951904, 0.37667548656463623, 0.37814590334892273, 0.39305055141448975, 0.3947140872478485, 0.39187896251678467, 0.3919275403022766, 0.39171451330184937, 0.3924235999584198, 0.39173614978790283, 0.3937428295612335, 0.3918439745903015, 0.39173340797424316, 0.39307495951652527, 0.39307141304016113, 0.3940827548503876, 0.3927353024482727, 0.3917425572872162, 0.39182162284851074, 0.3919678032398224, 0.3919297158718109, 0.3932955861091614, 0.3924826681613922, 0.39175087213516235, 0.39372214674949646, 0.40116116404533386, 0.39209404587745667, 0.3917437493801117, 0.39184078574180603, 0.3920118808746338, 0.3922170400619507, 0.39279037714004517, 0.39462974667549133, 0.39231014251708984, 0.3927123248577118, 0.39179396629333496, 0.39323633909225464, 0.39354580640792847, 0.39318040013313293, 0.39222434163093567, 0.39557909965515137, 0.3928487300872803, 0.39291685819625854, 0.392661452293396, 0.391800194978714, 0.3921346366405487, 0.39429131150245667, 0.3920518457889557, 0.39215606451034546, 0.3923613429069519, 0.4015917479991913, 0.3916996419429779, 0.39420804381370544, 0.3920332193374634, 0.39346668124198914, 0.3920643925666809, 0.39240211248397827, 0.39176931977272034, 0.39208072423934937, 0.3919590711593628, 0.39414143562316895, 0.3921276330947876, 0.3923508822917938, 0.39245933294296265, 0.3919507563114166, 0.39240387082099915, 0.3935667872428894, 0.39173299074172974, 0.3927857279777527, 0.39766988158226013, 0.3917211890220642, 0.3918313980102539, 0.3936043977737427, 0.3932966887950897, 0.3941713571548462, 0.39178919792175293, 0.3931196331977844, 0.3923390209674835, 0.39276161789894104, 0.39182066917419434, 0.39202117919921875, 0.39198794960975647, 0.39485523104667664, 0.3922632336616516, 0.39315930008888245, 0.3929915130138397, 0.39170220494270325, 0.39175930619239807, 0.39624089002609253, 0.3920198380947113, 0.3920586407184601]",1.0,"[26.0, 23.0, 17.0, 11.0, 8.0, 7.0, 7.0, 6.0, 5.0, 4.0, 4.0, 4.0, 4.0, 4.0, 4.0, 4.0, 4.0, 4.0, 3.0, 3.0, 3.0, 3.0, 3.0, 3.0, 3.0, 3.0, 3.0, 3.0, 3.0, 3.0, 3.0, 3.0, 3.0, 3.0, 3.0, 3.0, 3.0, 3.0, 3.0, 3.0, 3.0, 3.0, 3.0, 3.0, 3.0, 3.0, 3.0, 3.0, 3.0, 3.0, 3.0, 3.0, 3.0, 3.0, 3.0, 3.0, 3.0, 3.0, 3.0, 3.0, 3.0, 3.0, 3.0, 3.0, 3.0, 3.0, 3.0, 3.0, 3.0, 3.0, 3.0, 3.0, 3.0, 3.0, 3.0, 3.0, 3.0, 3.0, 3.0, 3.0, 3.0, 3.0, 3.0, 3.0, 3.0, 3.0, 3.0, 3.0, 3.0, 3.0, 3.0, 3.0, 3.0, 3.0, 3.0, 3.0, 3.0, 3.0, 3.0, 3.0, 3.0, 3.0, 3.0, 3.0, 3.0, 3.0, 3.0, 3.0, 3.0, 3.0, 3.0, 3.0, 3.0, 3.0, 3.0, 3.0, 3.0, 3.0, 3.0, 3.0, 3.0, 3.0, 3.0, 3.0, 3.0, 3.0, 3.0, 3.0, 3.0, 3.0, 3.0, 3.0, 3.0, 3.0, 3.0, 3.0, 3.0, 3.0, 3.0, 3.0, 3.0, 3.0, 3.0, 3.0, 3.0, 3.0, 3.0, 3.0, 3.0, 3.0, 3.0, 3.0, 3.0, 3.0, 3.0, 3.0, 3.0, 3.0, 3.0, 3.0, 3.0, 3.0, 3.0, 3.0, 2.0, 2.0, 2.0, 2.0, 2.0, 2.0, 2.0, 2.0, 2.0, 2.0, 2.0, 2.0, 2.0, 1.0, 1.0, 1.0, 1.0, 1.0, 1.0, 1.0, 1.0, 1.0, 1.0, 1.0, 1.0, 1.0, 1.0, 1.0, 1.0, 1.0, 1.0, 1.0, 1.0, 1.0, 1.0, 1.0, 1.0, 1.0, 1.0, 1.0, 1.0, 1.0, 1.0, 1.0, 1.0, 1.0, 1.0, 1.0, 1.0, 1.0, 1.0, 1.0, 1.0, 1.0, 1.0, 1.0, 1.0, 1.0, 1.0, 1.0, 1.0, 1.0, 1.0, 1.0, 1.0, 1.0, 1.0, 1.0, 1.0, 1.0, 1.0, 1.0, 1.0, 1.0, 1.0, 1.0, 1.0, 1.0, 1.0, 1.0, 1.0, 1.0, 1.0, 1.0, 1.0, 1.0, 1.0, 1.0, 1.0, 1.0, 1.0, 1.0, 1.0, 1.0, 1.0, 1.0, 1.0, 1.0, 1.0, 1.0, 1.0]",COMPLETE
