,number,value,datetime_start,datetime_complete,duration,params_batch_size_scaler,params_constant_learning_rate,params_depth,params_epochs,params_kernel_l2,params_num_trees,params_temperature,user_attrs_accuracy_test,user_attrs_accuracy_valid,user_attrs_approximate_feature_sparsity,user_attrs_approximate_feature_sparsity_history,user_attrs_approximate_weight_sparsity,user_attrs_approximate_weight_sparsity_history,user_attrs_auc_test,user_attrs_auc_valid,user_attrs_feature_sparsity,user_attrs_feature_sparsity_history,user_attrs_num_epochs,user_attrs_val_loss_history,user_attrs_weight_sparsity,user_attrs_weight_sparsity_history,state
96,96,0.5,2024-08-31 04:21:07.952997,2024-08-31 04:21:23.135984,0 days 00:00:15.182987,4,0.5949978928280866,3,45,0.0033530440605822006,98,0.016729438969910363,0.859,0.85875,0,"[5, 0, 0, 0, 0, 0, 0, 0, 0, 0, 0, 0, 0, 0, 0, 0, 0, 0, 0, 0, 0, 0, 0, 0, 0, 0, 0, 0, 0, 0, 0, 0, 0, 0, 0, 0, 0, 0, 0, 0, 0, 0, 0, 0, 0]",0.0,"[4.99271137026239, 0.0, 0.0, 0.0, 0.0, 0.0, 0.0, 0.0, 0.0, 0.0, 0.0, 0.0, 0.0, 0.0, 0.0, 0.0, 0.0, 0.0, 0.0, 0.0, 0.0, 0.0, 0.0, 0.0, 0.0, 0.0, 0.0, 0.0, 0.0, 0.0, 0.0, 0.0, 0.0, 0.0, 0.0, 0.0, 0.0, 0.0, 0.0, 0.0, 0.0, 0.0, 0.0, 0.0, 0.0]",0.5,0.5,0,"[5, 0, 0, 0, 0, 0, 0, 0, 0, 0, 0, 0, 0, 0, 0, 0, 0, 0, 0, 0, 0, 0, 0, 0, 0, 0, 0, 0, 0, 0, 0, 0, 0, 0, 0, 0, 0, 0, 0, 0, 0, 0, 0, 0, 0]",45,"[0.4245975613594055, 0.40729400515556335, 0.43346714973449707, 0.6846601963043213, 0.5629331469535828, 0.4674950838088989, 0.42389383912086487, 0.4102574586868286, 0.5083667039871216, 0.41768428683280945, 0.41008099913597107, 0.43732574582099915, 0.4096420407295227, 0.4678904712200165, 0.40981513261795044, 0.41055500507354736, 0.4166090786457062, 0.41053828597068787, 0.4298267364501953, 0.4072359502315521, 0.4117073714733124, 0.41892728209495544, 0.5649800300598145, 0.4235721230506897, 0.4075695872306824, 0.4481217861175537, 0.5673044919967651, 0.42087700963020325, 0.44448521733283997, 0.5596495866775513, 0.40747901797294617, 0.43158477544784546, 0.41130515933036804, 0.41586560010910034, 0.4927669167518616, 0.41159382462501526, 0.5469104647636414, 0.4072289764881134, 0.4172706604003906, 0.4781824052333832, 0.4108067750930786, 0.40971148014068604, 0.49315106868743896, 0.43778860569000244, 0.44387489557266235]",0.0,"[5.0, 0.0, 0.0, 0.0, 0.0, 0.0, 0.0, 0.0, 0.0, 0.0, 0.0, 0.0, 0.0, 0.0, 0.0, 0.0, 0.0, 0.0, 0.0, 0.0, 0.0, 0.0, 0.0, 0.0, 0.0, 0.0, 0.0, 0.0, 0.0, 0.0, 0.0, 0.0, 0.0, 0.0, 0.0, 0.0, 0.0, 0.0, 0.0, 0.0, 0.0, 0.0, 0.0, 0.0, 0.0]",COMPLETE
97,97,0.6923909263052132,2024-08-31 04:21:25.343372,2024-08-31 04:22:37.045728,0 days 00:01:11.702356,64,0.014651095446809002,6,240,0.0026372260524427705,4,0.02134550446112524,0.859,0.85875,33,"[33, 33, 33, 33, 33, 33, 33, 33, 33, 33, 33, 33, 33, 33, 33, 33, 33, 33, 33, 33, 33, 33, 33, 33, 33, 33, 33, 33, 33, 33, 33, 33, 33, 33, 33, 33, 33, 33, 33, 33, 33, 33, 33, 33, 33, 33, 33, 33, 33, 33, 33, 33, 33, 33, 33, 33, 33, 33, 33, 33, 33, 33, 33, 33, 33, 33, 33, 33, 33, 33, 33, 33, 33, 33, 33, 33, 33, 33, 33, 33, 33, 33, 33, 33, 33, 33, 33, 33, 33, 33, 33, 33, 33, 33, 33, 33, 33, 33, 33, 33, 33, 33, 33, 33, 33, 33, 33, 33, 33, 33, 33, 33, 33, 33, 33, 33, 33, 33, 33, 33, 33, 33, 33, 33, 33, 33, 33, 33, 33, 33, 33, 33, 33, 33, 33, 33, 33, 33, 33, 33, 33, 33, 33, 33, 33, 33, 33, 33, 33, 33, 33, 33, 33, 33, 33, 33, 33, 33, 33, 33, 33, 33, 33, 33, 33, 33, 33, 33, 33, 33, 33, 33, 33, 33, 33, 33, 33, 33, 33, 33, 33, 33, 33, 33, 33, 33, 33, 33, 33, 33, 33, 33, 33, 33, 33, 33, 33, 33, 33, 33, 33, 33, 33, 33, 33, 33, 33, 33, 33, 33, 33, 33, 33, 33, 33, 33, 33, 33, 33, 33, 33, 33, 33, 33, 33, 33, 33, 33, 33, 33, 33, 33, 33, 33, 33, 33, 33, 33, 33, 33]",32.98412698412699,"[32.976190476190474, 32.976190476190474, 32.98015873015873, 32.97619047619048, 32.964285714285715, 32.97222222222222, 32.976190476190474, 32.976190476190474, 32.97222222222222, 32.97222222222222, 32.964285714285715, 32.964285714285715, 32.964285714285715, 32.952380952380956, 32.960317460317455, 32.9563492063492, 32.948412698412696, 32.964285714285715, 32.964285714285715, 32.964285714285715, 32.96031746031746, 32.96031746031746, 32.964285714285715, 32.97222222222222, 32.97222222222222, 32.96825396825397, 32.96031746031746, 32.948412698412696, 32.96825396825397, 32.97222222222222, 32.98015873015873, 32.98015873015873, 32.98015873015873, 32.98412698412699, 32.98412698412699, 32.98015873015873, 32.976190476190474, 32.97222222222222, 32.97222222222222, 32.97222222222222, 32.976190476190474, 32.976190476190474, 32.976190476190474, 32.976190476190474, 32.97222222222222, 32.96825396825397, 32.97222222222222, 32.964285714285715, 32.96031746031746, 32.96031746031746, 32.948412698412696, 32.95238095238095, 32.9563492063492, 32.960317460317455, 32.96031746031746, 32.964285714285715, 32.96031746031746, 32.96825396825397, 32.964285714285715, 32.97222222222222, 32.96825396825397, 32.97222222222222, 32.976190476190474, 32.976190476190474, 32.96825396825397, 32.976190476190474, 32.97222222222222, 32.97222222222222, 32.976190476190474, 32.97222222222222, 32.97222222222222, 32.976190476190474, 32.97222222222222, 32.97222222222222, 32.97222222222222, 32.98015873015873, 32.98015873015873, 32.98015873015873, 32.98015873015873, 32.98015873015873, 32.98015873015873, 32.98015873015873, 32.976190476190474, 32.976190476190474, 32.980158730158735, 32.980158730158735, 32.97619047619048, 32.980158730158735, 32.97222222222222, 32.976190476190474, 32.976190476190474, 32.97222222222222, 32.96825396825397, 32.97222222222222, 32.976190476190474, 32.976190476190474, 32.976190476190474, 32.976190476190474, 32.980158730158735, 32.980158730158735, 32.980158730158735, 32.97222222222222, 32.97222222222222, 32.97222222222222, 32.97619047619048, 32.97222222222222, 32.97222222222222, 32.97222222222222, 32.97222222222222, 32.97619047619048, 32.97619047619048, 32.980158730158735, 32.976190476190474, 32.976190476190474, 32.97222222222222, 32.97222222222222, 32.96825396825397, 32.97222222222222, 32.96825396825397, 32.97222222222222, 32.97222222222222, 32.97222222222222, 32.97222222222222, 32.97222222222222, 32.97222222222222, 32.96825396825397, 32.964285714285715, 32.964285714285715, 32.964285714285715, 32.96031746031746, 32.97222222222222, 32.98015873015873, 32.98015873015873, 32.98015873015873, 32.98412698412699, 32.98015873015873, 32.98412698412699, 32.98412698412699, 32.98412698412699, 32.98412698412699, 32.98809523809524, 32.98412698412699, 32.98412698412699, 32.98015873015873, 32.98015873015873, 32.98015873015873, 32.98412698412699, 32.992063492063494, 32.992063492063494, 32.992063492063494, 32.992063492063494, 32.98809523809524, 32.98809523809524, 32.98809523809524, 32.98015873015873, 32.98412698412699, 32.98412698412699, 32.98412698412699, 32.99603174603175, 32.98809523809524, 32.98412698412699, 32.98412698412699, 32.98809523809524, 32.98015873015873, 32.98412698412699, 32.98412698412699, 32.98809523809524, 32.99603174603175, 32.992063492063494, 32.99603174603175, 32.992063492063494, 32.98809523809524, 32.992063492063494, 32.98412698412699, 32.98412698412699, 32.98412698412699, 32.980158730158735, 32.98412698412699, 32.98412698412699, 32.98412698412699, 32.98809523809524, 32.98412698412699, 32.98412698412699, 32.992063492063494, 32.992063492063494, 32.98809523809524, 32.98809523809524, 32.992063492063494, 32.99603174603175, 32.99603174603175, 32.992063492063494, 32.99603174603175, 32.992063492063494, 32.98412698412699, 32.976190476190474, 32.980158730158735, 32.97619047619048, 32.97619047619048, 32.98809523809524, 32.980158730158735, 32.980158730158735, 32.98412698412699, 32.98809523809524, 32.98015873015873, 32.976190476190474, 32.98015873015873, 32.98412698412699, 32.98015873015873, 32.98412698412699, 32.992063492063494, 32.992063492063494, 32.992063492063494, 32.98809523809524, 32.98015873015873, 32.98015873015873, 32.98015873015873, 32.98412698412699, 32.98412698412699, 32.98412698412699, 32.98015873015873, 32.98015873015873, 32.98015873015873, 32.976190476190474, 32.976190476190474, 32.980158730158735, 32.97619047619048, 32.980158730158735, 32.98412698412699, 32.98412698412699, 32.992063492063494, 32.992063492063494, 32.992063492063494, 32.992063492063494, 32.992063492063494, 32.98809523809524, 32.98412698412699, 32.98015873015873, 32.98015873015873, 32.98412698412699, 32.98412698412699]",0.7135461818542096,0.6923909263052132,33,"[33, 33, 33, 33, 33, 33, 33, 33, 33, 33, 33, 33, 33, 33, 33, 33, 33, 33, 33, 33, 33, 33, 33, 33, 33, 33, 33, 33, 33, 33, 33, 33, 33, 33, 33, 33, 33, 33, 33, 33, 33, 33, 33, 33, 33, 33, 33, 33, 33, 33, 33, 33, 33, 33, 33, 33, 33, 33, 33, 33, 33, 33, 33, 33, 33, 33, 33, 33, 33, 33, 33, 33, 33, 33, 33, 33, 33, 33, 33, 33, 33, 33, 33, 33, 33, 33, 33, 33, 33, 33, 33, 33, 33, 33, 33, 33, 33, 33, 33, 33, 33, 33, 33, 33, 33, 33, 33, 33, 33, 33, 33, 33, 33, 33, 33, 33, 33, 33, 33, 33, 33, 33, 33, 33, 33, 33, 33, 33, 33, 33, 33, 33, 33, 33, 33, 33, 33, 33, 33, 33, 33, 33, 33, 33, 33, 33, 33, 33, 33, 33, 33, 33, 33, 33, 33, 33, 33, 33, 33, 33, 33, 33, 33, 33, 33, 33, 33, 33, 33, 33, 33, 33, 33, 33, 33, 33, 33, 33, 33, 33, 33, 33, 33, 33, 33, 33, 33, 33, 33, 33, 33, 33, 33, 33, 33, 33, 33, 33, 33, 33, 33, 33, 33, 33, 33, 33, 33, 33, 33, 33, 33, 33, 33, 33, 33, 33, 33, 33, 33, 33, 33, 33, 33, 33, 33, 33, 33, 33, 33, 33, 33, 33, 33, 33, 33, 33, 33, 33, 33, 33]",240,"[0.7187169790267944, 0.7163459658622742, 0.713961660861969, 0.7116342186927795, 0.7093362212181091, 0.7069408893585205, 0.7045615315437317, 0.7022459506988525, 0.6999566555023193, 0.6977320909500122, 0.6954994201660156, 0.6933310031890869, 0.6911432147026062, 0.6889020800590515, 0.6867920160293579, 0.6847092509269714, 0.6825112104415894, 0.6803426146507263, 0.6782259345054626, 0.6760837435722351, 0.6739934682846069, 0.671913206577301, 0.669867753982544, 0.6677978038787842, 0.6657500267028809, 0.663749098777771, 0.6618128418922424, 0.6598573327064514, 0.6578738689422607, 0.6559584140777588, 0.6540184020996094, 0.6522149443626404, 0.650320291519165, 0.648446798324585, 0.6466760039329529, 0.6448273658752441, 0.6429813504219055, 0.6411503553390503, 0.6393532156944275, 0.6375352740287781, 0.6357667446136475, 0.6340263485908508, 0.6322528123855591, 0.6305035948753357, 0.628750741481781, 0.6270228624343872, 0.625320315361023, 0.6236475706100464, 0.6219683289527893, 0.6203005909919739, 0.6186482906341553, 0.6170181035995483, 0.6153469085693359, 0.6137539744377136, 0.6121682524681091, 0.6106225252151489, 0.6090503931045532, 0.6075351238250732, 0.6059836149215698, 0.6044665575027466, 0.6029707193374634, 0.6014490723609924, 0.5999782681465149, 0.5985150337219238, 0.5970470905303955, 0.5956246256828308, 0.594220757484436, 0.5927678942680359, 0.591393232345581, 0.5899390578269958, 0.5885167121887207, 0.5870845317840576, 0.585667073726654, 0.5843588709831238, 0.5830496549606323, 0.5817112326622009, 0.5803720355033875, 0.5790325403213501, 0.5777022242546082, 0.5763807892799377, 0.5751217603683472, 0.5738358497619629, 0.5725621581077576, 0.5713197588920593, 0.5701158046722412, 0.5688614845275879, 0.5676418542861938, 0.5664103627204895, 0.5652147531509399, 0.5639601945877075, 0.5627644658088684, 0.5616187453269958, 0.5604272484779358, 0.5593072772026062, 0.5581464767456055, 0.5570185780525208, 0.5558699369430542, 0.5547295212745667, 0.553557813167572, 0.552448034286499, 0.5513654947280884, 0.5502647161483765, 0.5492001175880432, 0.5481231212615967, 0.5471110939979553, 0.5460137724876404, 0.5449004769325256, 0.5438327789306641, 0.542750358581543, 0.5417113304138184, 0.540625274181366, 0.5396069288253784, 0.5385913848876953, 0.5375797152519226, 0.5365872979164124, 0.535558819770813, 0.5345680117607117, 0.5335562825202942, 0.5325770974159241, 0.5316142439842224, 0.5306482315063477, 0.5296809673309326, 0.5287320017814636, 0.5277804136276245, 0.5268607139587402, 0.525875449180603, 0.5249726176261902, 0.5240803956985474, 0.5231503248214722, 0.5222364068031311, 0.521346390247345, 0.5204535722732544, 0.5195391774177551, 0.518642783164978, 0.5177603363990784, 0.5169053673744202, 0.5160326361656189, 0.5151681900024414, 0.5143510699272156, 0.5134931206703186, 0.5126330256462097, 0.5118436813354492, 0.5110213160514832, 0.510213315486908, 0.5093775391578674, 0.5085608959197998, 0.507716178894043, 0.5068768858909607, 0.5060640573501587, 0.5052890181541443, 0.5045105814933777, 0.5037287473678589, 0.5029622912406921, 0.5021788477897644, 0.5014002323150635, 0.5006340146064758, 0.4998599886894226, 0.4990900158882141, 0.4983474612236023, 0.49760353565216064, 0.49687254428863525, 0.49613988399505615, 0.49537235498428345, 0.4946528375148773, 0.49390116333961487, 0.49318191409111023, 0.4924345910549164, 0.4917408227920532, 0.49101629853248596, 0.4903484582901001, 0.4896318316459656, 0.48893603682518005, 0.4882757067680359, 0.4876028299331665, 0.48692166805267334, 0.4862731695175171, 0.4856114089488983, 0.4849458932876587, 0.4842948019504547, 0.48368600010871887, 0.48303985595703125, 0.4823978841304779, 0.48175597190856934, 0.4811318516731262, 0.4805396795272827, 0.47992655634880066, 0.47929877042770386, 0.47868019342422485, 0.4781060814857483, 0.4775031805038452, 0.47692176699638367, 0.4762997031211853, 0.4757455885410309, 0.47516119480133057, 0.47459375858306885, 0.4740495979785919, 0.4734479784965515, 0.4728677272796631, 0.4722920358181, 0.471716970205307, 0.4711854159832001, 0.47064247727394104, 0.47011807560920715, 0.4695621132850647, 0.4690115451812744, 0.468476802110672, 0.4679093658924103, 0.46738606691360474, 0.4668560326099396, 0.4663326144218445, 0.4658164083957672, 0.4652893543243408, 0.46475401520729065, 0.4642573595046997, 0.46375057101249695, 0.46321749687194824, 0.4627103805541992, 0.46221062541007996, 0.4617128074169159, 0.461200475692749, 0.46073758602142334, 0.4602329134941101, 0.4597231149673462, 0.45924854278564453, 0.4587450921535492, 0.4582691192626953, 0.45779237151145935, 0.45735758543014526, 0.4568932354450226, 0.45643818378448486, 0.45595064759254456, 0.45546889305114746, 0.45497581362724304, 0.4545260965824127, 0.454041987657547, 0.4536329209804535, 0.45318111777305603, 0.4527723789215088, 0.45233309268951416, 0.45189839601516724]",33.0,"[33.0, 33.0, 33.0, 33.0, 33.0, 33.0, 33.0, 33.0, 33.0, 33.0, 33.0, 33.0, 33.0, 33.0, 33.0, 33.0, 33.0, 33.0, 33.0, 33.0, 33.0, 33.0, 33.0, 33.0, 33.0, 33.0, 33.0, 33.0, 33.0, 33.0, 33.0, 33.0, 33.0, 33.0, 33.0, 33.0, 33.0, 33.0, 33.0, 33.0, 33.0, 33.0, 33.0, 33.0, 33.0, 33.0, 33.0, 33.0, 33.0, 33.0, 33.0, 33.0, 33.0, 33.0, 33.0, 33.0, 33.0, 33.0, 33.0, 33.0, 33.0, 33.0, 33.0, 33.0, 33.0, 33.0, 33.0, 33.0, 33.0, 33.0, 33.0, 33.0, 33.0, 33.0, 33.0, 33.0, 33.0, 33.0, 33.0, 33.0, 33.0, 33.0, 33.0, 33.0, 33.0, 33.0, 33.0, 33.0, 33.0, 33.0, 33.0, 33.0, 33.0, 33.0, 33.0, 33.0, 33.0, 33.0, 33.0, 33.0, 33.0, 33.0, 33.0, 33.0, 33.0, 33.0, 33.0, 33.0, 33.0, 33.0, 33.0, 33.0, 33.0, 33.0, 33.0, 33.0, 33.0, 33.0, 33.0, 33.0, 33.0, 33.0, 33.0, 33.0, 33.0, 33.0, 33.0, 33.0, 33.0, 33.0, 33.0, 33.0, 33.0, 33.0, 33.0, 33.0, 33.0, 33.0, 33.0, 33.0, 33.0, 33.0, 33.0, 33.0, 33.0, 33.0, 33.0, 33.0, 33.0, 33.0, 33.0, 33.0, 33.0, 33.0, 33.0, 33.0, 33.0, 33.0, 33.0, 33.0, 33.0, 33.0, 33.0, 33.0, 33.0, 33.0, 33.0, 33.0, 33.0, 33.0, 33.0, 33.0, 33.0, 33.0, 33.0, 33.0, 33.0, 33.0, 33.0, 33.0, 33.0, 33.0, 33.0, 33.0, 33.0, 33.0, 33.0, 33.0, 33.0, 33.0, 33.0, 33.0, 33.0, 33.0, 33.0, 33.0, 33.0, 33.0, 33.0, 33.0, 33.0, 33.0, 33.0, 33.0, 33.0, 33.0, 33.0, 33.0, 33.0, 33.0, 33.0, 33.0, 33.0, 33.0, 33.0, 33.0, 33.0, 33.0, 33.0, 33.0, 33.0, 33.0, 33.0, 33.0, 33.0, 33.0, 33.0, 33.0, 33.0, 33.0, 33.0, 33.0, 33.0, 33.0, 33.0, 33.0, 33.0, 33.0, 33.0, 33.0]",COMPLETE
