,number,value,datetime_start,datetime_complete,duration,params_batch_size_scaler,params_constant_learning_rate,params_depth,params_epochs,params_kernel_l2,params_num_trees,params_temperature,user_attrs_accuracy_test,user_attrs_accuracy_valid,user_attrs_approximate_feature_sparsity,user_attrs_approximate_feature_sparsity_history,user_attrs_approximate_weight_sparsity,user_attrs_approximate_weight_sparsity_history,user_attrs_auc_test,user_attrs_auc_valid,user_attrs_feature_sparsity,user_attrs_feature_sparsity_history,user_attrs_num_epochs,user_attrs_val_loss_history,user_attrs_weight_sparsity,user_attrs_weight_sparsity_history,state
66,66,0.6998492870116318,2024-08-31 03:15:49.400927,2024-08-31 03:18:29.626316,0 days 00:02:40.225389,64,0.02234530495478173,5,395,0.015599386821533629,36,0.016684249109942054,0.86,0.85875,33,"[33, 33, 33, 33, 33, 33, 33, 33, 33, 33, 33, 33, 33, 33, 33, 33, 33, 33, 33, 33, 33, 33, 33, 33, 33, 33, 33, 33, 33, 33, 33, 33, 33, 33, 33, 33, 33, 33, 33, 33, 33, 33, 33, 33, 33, 33, 33, 33, 33, 33, 33, 33, 33, 33, 33, 33, 33, 33, 33, 33, 33, 33, 33, 33, 33, 33, 33, 33, 33, 33, 33, 33, 33, 33, 33, 33, 33, 33, 33, 33, 33, 33, 33, 33, 33, 33, 33, 33, 33, 33, 33, 33, 33, 33, 33, 33, 33, 33, 33, 33, 33, 33, 33, 33, 33, 33, 33, 33, 33, 33, 33, 33, 33, 33, 33, 33, 33, 33, 33, 33, 33, 33, 33, 33, 33, 33, 33, 33, 33, 33, 33, 33, 33, 33, 33, 33, 33, 33, 33, 33, 33, 33, 33, 33, 33, 33, 33, 33, 33, 33, 33, 33, 33, 33, 33, 33, 33, 33, 33, 33, 33, 33, 33, 33, 33, 33, 33, 33, 33, 33, 33, 33, 33, 33, 33, 33, 33, 33, 33, 33, 33, 33, 33, 33, 33, 33, 33, 33, 33, 33, 33, 33, 33, 33, 33, 33, 33, 33, 33, 33, 33, 33, 33, 33, 33, 33, 33, 33, 33, 33, 33, 33, 33, 33, 33, 33, 33, 33, 33, 33, 33, 33, 33, 33, 33, 33, 33, 33, 33, 33, 33, 33, 33, 33, 33, 33, 33, 33, 33, 33, 33, 33, 33, 33, 33, 33, 33, 33, 33, 33, 33, 33, 33, 33, 33, 33, 33, 33, 33, 33, 33, 33, 33, 33, 33, 33, 33, 33, 33, 33, 33, 33, 33, 33, 33, 33, 33, 33, 33, 33, 33, 33, 33, 33, 33, 33, 33, 33, 33, 33, 33, 33, 33, 33, 33, 33, 33, 33, 33, 33, 33, 33, 33, 33, 33, 33, 33, 33, 33, 33, 33, 33, 33, 33, 33, 33, 33, 33, 33, 33, 33, 33, 33, 33, 33, 33, 33, 33, 33, 33, 33, 33, 33, 33, 33, 33, 33, 33, 33, 33, 33, 33, 33, 33, 33, 33, 33, 33, 33, 33, 33, 33, 33, 33, 33, 33, 33, 33, 33, 33, 33, 33, 33, 33, 33, 33, 33, 33, 33, 33, 33, 33, 33, 33, 33, 33, 33, 33, 33, 33, 33, 33, 33, 33, 33, 33, 33, 33, 33, 33, 33, 33, 33, 33, 33]",32.95519713261649,"[32.95071684587814, 32.95519713261649, 32.94892473118279, 32.95161290322581, 32.95340501792114, 32.95609318996416, 32.950716845878134, 32.95609318996416, 32.95071684587814, 32.950716845878134, 32.94982078853047, 32.954301075268816, 32.95340501792115, 32.948028673835125, 32.948028673835125, 32.95609318996416, 32.95698924731183, 32.95519713261649, 32.9489247311828, 32.948028673835125, 32.9489247311828, 32.95071684587814, 32.95519713261649, 32.95161290322581, 32.95161290322581, 32.95250896057348, 32.95161290322581, 32.94982078853047, 32.950716845878134, 32.952508960573475, 32.95340501792115, 32.950716845878134, 32.95340501792115, 32.94982078853047, 32.950716845878134, 32.952508960573475, 32.950716845878134, 32.9489247311828, 32.950716845878134, 32.95519713261649, 32.95161290322581, 32.94982078853047, 32.948028673835125, 32.95161290322581, 32.952508960573475, 32.954301075268816, 32.95519713261649, 32.95878136200717, 32.95609318996416, 32.954301075268816, 32.95519713261649, 32.95519713261649, 32.95609318996416, 32.954301075268816, 32.95609318996416, 32.95519713261649, 32.95519713261649, 32.95878136200717, 32.956989247311824, 32.95609318996416, 32.95878136200717, 32.9578853046595, 32.960573476702514, 32.95967741935485, 32.954301075268816, 32.954301075268816, 32.95967741935484, 32.95609318996416, 32.9578853046595, 32.95609318996416, 32.954301075268816, 32.956989247311824, 32.95609318996416, 32.956093189964164, 32.95698924731183, 32.956093189964164, 32.95609318996416, 32.95519713261649, 32.95519713261649, 32.95609318996416, 32.954301075268816, 32.95340501792115, 32.95430107526882, 32.94713261648746, 32.948028673835125, 32.94982078853047, 32.952508960573475, 32.948028673835125, 32.9489247311828, 32.94534050179212, 32.9489247311828, 32.95161290322581, 32.95519713261649, 32.95250896057348, 32.95161290322581, 32.95340501792115, 32.954301075268816, 32.95161290322581, 32.95161290322581, 32.95071684587814, 32.95340501792115, 32.95340501792115, 32.950716845878134, 32.952508960573475, 32.95340501792115, 32.94982078853047, 32.95161290322581, 32.95161290322581, 32.95161290322581, 32.950716845878134, 32.954301075268816, 32.95519713261649, 32.954301075268816, 32.9578853046595, 32.954301075268816, 32.954301075268816, 32.95519713261649, 32.95609318996416, 32.958781362007166, 32.954301075268816, 32.95519713261649, 32.956989247311824, 32.954301075268816, 32.95698924731183, 32.960573476702514, 32.962365591397855, 32.96326164874552, 32.95698924731183, 32.95340501792115, 32.95519713261649, 32.9578853046595, 32.9578853046595, 32.95967741935484, 32.95878136200717, 32.95967741935484, 32.954301075268816, 32.9578853046595, 32.95878136200717, 32.965053763440864, 32.966845878136205, 32.96594982078853, 32.96594982078853, 32.9668458781362, 32.965053763440864, 32.96326164874552, 32.96146953405018, 32.95967741935484, 32.9578853046595, 32.95967741935484, 32.9578853046595, 32.956989247311824, 32.958781362007166, 32.95967741935484, 32.95967741935484, 32.95967741935484, 32.960573476702514, 32.96057347670251, 32.96057347670251, 32.9578853046595, 32.9578853046595, 32.960573476702514, 32.95878136200717, 32.95878136200717, 32.95609318996416, 32.954301075268816, 32.95698924731183, 32.95967741935484, 32.9578853046595, 32.9578853046595, 32.95609318996416, 32.9578853046595, 32.95967741935484, 32.96057347670251, 32.96146953405018, 32.95967741935484, 32.96057347670251, 32.95698924731183, 32.9578853046595, 32.95967741935484, 32.96594982078853, 32.96326164874552, 32.96415770609319, 32.96415770609319, 32.965053763440864, 32.96594982078853, 32.965053763440864, 32.9641577060932, 32.96146953405018, 32.95967741935484, 32.96146953405018, 32.9578853046595, 32.960573476702514, 32.96146953405018, 32.95878136200717, 32.95967741935484, 32.960573476702514, 32.96146953405018, 32.95967741935484, 32.95967741935484, 32.96326164874552, 32.96236559139785, 32.95878136200717, 32.95967741935484, 32.960573476702514, 32.95878136200717, 32.9578853046595, 32.95430107526882, 32.9578853046595, 32.95698924731183, 32.95609318996416, 32.958781362007166, 32.96057347670251, 32.95967741935484, 32.96057347670251, 32.96236559139785, 32.965053763440864, 32.96594982078853, 32.96415770609319, 32.96236559139785, 32.9578853046595, 32.956989247311824, 32.956989247311824, 32.9578853046595, 32.9578853046595, 32.9578853046595, 32.95609318996416, 32.95609318996416, 32.95161290322581, 32.952508960573475, 32.95430107526882, 32.95250896057348, 32.95430107526882, 32.95609318996416, 32.95698924731183, 32.95609318996416, 32.958781362007166, 32.9578853046595, 32.95609318996416, 32.954301075268816, 32.95519713261649, 32.95519713261649, 32.95609318996416, 32.95609318996416, 32.9578853046595, 32.954301075268816, 32.954301075268816, 32.952508960573475, 32.954301075268816, 32.954301075268816, 32.95609318996416, 32.9578853046595, 32.9578853046595, 32.96057347670251, 32.96057347670251, 32.95967741935484, 32.96146953405018, 32.96146953405018, 32.96236559139785, 32.96415770609319, 32.965053763440864, 32.96415770609319, 32.96594982078853, 32.96594982078853, 32.965053763440864, 32.96594982078853, 32.96953405017921, 32.968637992831546, 32.968637992831546, 32.968637992831546, 32.96953405017921, 32.96774193548387, 32.96774193548387, 32.968637992831546, 32.96774193548387, 32.96774193548387, 32.96774193548387, 32.96953405017921, 32.96594982078853, 32.9641577060932, 32.9641577060932, 32.96146953405018, 32.96326164874552, 32.96594982078854, 32.96326164874552, 32.960573476702514, 32.9578853046595, 32.95698924731183, 32.95698924731183, 32.957885304659506, 32.96146953405018, 32.96326164874552, 32.965053763440864, 32.96326164874552, 32.960573476702514, 32.9578853046595, 32.95609318996416, 32.95609318996416, 32.95698924731183, 32.95609318996416, 32.95519713261649, 32.954301075268816, 32.95519713261649, 32.95698924731183, 32.95878136200717, 32.9578853046595, 32.95519713261649, 32.95519713261649, 32.954301075268816, 32.952508960573475, 32.95340501792115, 32.954301075268816, 32.95519713261649, 32.95340501792115, 32.95340501792115, 32.94982078853047, 32.952508960573475, 32.952508960573475, 32.95340501792115, 32.956989247311824, 32.95609318996416, 32.95519713261649, 32.954301075268816, 32.95430107526882, 32.95519713261649, 32.95250896057348, 32.95161290322581, 32.95340501792115, 32.954301075268816, 32.95161290322581, 32.954301075268816, 32.95698924731183, 32.95609318996416, 32.95609318996416, 32.95609318996416, 32.956093189964164, 32.956093189964164, 32.957885304659506, 32.95878136200717, 32.95967741935484, 32.96146953405018, 32.95878136200717, 32.95878136200717, 32.95878136200717, 32.95698924731183, 32.95519713261649, 32.956989247311824, 32.95161290322581, 32.95161290322581, 32.954301075268816, 32.95430107526882, 32.95340501792115, 32.95340501792115, 32.95250896057348, 32.95071684587814, 32.95340501792115, 32.954301075268816, 32.95340501792115, 32.95340501792115, 32.95340501792115, 32.95519713261649, 32.95519713261649, 32.95519713261649, 32.95340501792115, 32.95250896057348, 32.954301075268816, 32.95340501792115, 32.9489247311828, 32.9489247311828, 32.95161290322581, 32.948028673835125, 32.948028673835125, 32.950716845878134, 32.950716845878134, 32.94982078853047, 32.95071684587814, 32.95071684587814, 32.94982078853047, 32.95340501792115, 32.95161290322581, 32.94982078853047, 32.95161290322581, 32.95340501792115, 32.94982078853047, 32.94982078853047, 32.95250896057348, 32.95161290322581, 32.952508960573475, 32.95340501792115, 32.95340501792115, 32.952508960573475, 32.95161290322581, 32.95161290322581, 32.950716845878134, 32.952508960573475, 32.95519713261649]",0.7360694853821448,0.6998492870116318,33,"[33, 33, 33, 33, 33, 33, 33, 33, 33, 33, 33, 33, 33, 33, 33, 33, 33, 33, 33, 33, 33, 33, 33, 33, 33, 33, 33, 33, 33, 33, 33, 33, 33, 33, 33, 33, 33, 33, 33, 33, 33, 33, 33, 33, 33, 33, 33, 33, 33, 33, 33, 33, 33, 33, 33, 33, 33, 33, 33, 33, 33, 33, 33, 33, 33, 33, 33, 33, 33, 33, 33, 33, 33, 33, 33, 33, 33, 33, 33, 33, 33, 33, 33, 33, 33, 33, 33, 33, 33, 33, 33, 33, 33, 33, 33, 33, 33, 33, 33, 33, 33, 33, 33, 33, 33, 33, 33, 33, 33, 33, 33, 33, 33, 33, 33, 33, 33, 33, 33, 33, 33, 33, 33, 33, 33, 33, 33, 33, 33, 33, 33, 33, 33, 33, 33, 33, 33, 33, 33, 33, 33, 33, 33, 33, 33, 33, 33, 33, 33, 33, 33, 33, 33, 33, 33, 33, 33, 33, 33, 33, 33, 33, 33, 33, 33, 33, 33, 33, 33, 33, 33, 33, 33, 33, 33, 33, 33, 33, 33, 33, 33, 33, 33, 33, 33, 33, 33, 33, 33, 33, 33, 33, 33, 33, 33, 33, 33, 33, 33, 33, 33, 33, 33, 33, 33, 33, 33, 33, 33, 33, 33, 33, 33, 33, 33, 33, 33, 33, 33, 33, 33, 33, 33, 33, 33, 33, 33, 33, 33, 33, 33, 33, 33, 33, 33, 33, 33, 33, 33, 33, 33, 33, 33, 33, 33, 33, 33, 33, 33, 33, 33, 33, 33, 33, 33, 33, 33, 33, 33, 33, 33, 33, 33, 33, 33, 33, 33, 33, 33, 33, 33, 33, 33, 33, 33, 33, 33, 33, 33, 33, 33, 33, 33, 33, 33, 33, 33, 33, 33, 33, 33, 33, 33, 33, 33, 33, 33, 33, 33, 33, 33, 33, 33, 33, 33, 33, 33, 33, 33, 33, 33, 33, 33, 33, 33, 33, 33, 33, 33, 33, 33, 33, 33, 33, 33, 33, 33, 33, 33, 33, 33, 33, 33, 33, 33, 33, 33, 33, 33, 33, 33, 33, 33, 33, 33, 33, 33, 33, 33, 33, 33, 33, 33, 33, 33, 33, 33, 33, 33, 33, 33, 33, 33, 33, 33, 33, 33, 33, 33, 33, 33, 33, 33, 33, 33, 33, 33, 33, 33, 33, 33, 33, 33, 33, 33, 33, 33, 33, 33, 33, 33, 33, 33, 33, 33]",395,"[0.6654212474822998, 0.6378419995307922, 0.6137808561325073, 0.5927837491035461, 0.5730771422386169, 0.5566970705986023, 0.5418440699577332, 0.5285902619361877, 0.5162690281867981, 0.5060656666755676, 0.49625855684280396, 0.4878492057323456, 0.4804900288581848, 0.47360554337501526, 0.46772339940071106, 0.4621976613998413, 0.4566815197467804, 0.4518032968044281, 0.44746434688568115, 0.443384051322937, 0.4400027394294739, 0.43708497285842896, 0.4340631365776062, 0.4313183128833771, 0.4288969933986664, 0.426522433757782, 0.42420849204063416, 0.42229747772216797, 0.42047449946403503, 0.41882455348968506, 0.41746100783348083, 0.41599029302597046, 0.4145323932170868, 0.4134289026260376, 0.4122852683067322, 0.4111354947090149, 0.41005954146385193, 0.40907469391822815, 0.40824806690216064, 0.4074243903160095, 0.406585156917572, 0.40592196583747864, 0.4051881730556488, 0.40454137325286865, 0.40394097566604614, 0.40332621335983276, 0.4026555120944977, 0.4020608067512512, 0.4015275835990906, 0.40097886323928833, 0.40060192346572876, 0.4001882076263428, 0.3997988998889923, 0.39934733510017395, 0.39902403950691223, 0.39858612418174744, 0.3981971740722656, 0.3978670835494995, 0.39750632643699646, 0.39713332056999207, 0.39679187536239624, 0.3964931070804596, 0.39613476395606995, 0.3958428204059601, 0.3955672085285187, 0.39520585536956787, 0.39495545625686646, 0.3946992754936218, 0.3944505453109741, 0.3942483067512512, 0.3940446972846985, 0.3938087224960327, 0.39362919330596924, 0.3934537470340729, 0.3932400941848755, 0.393035888671875, 0.3928777575492859, 0.3926771283149719, 0.39247262477874756, 0.3923240303993225, 0.39217203855514526, 0.39197495579719543, 0.39176708459854126, 0.39159125089645386, 0.3913936913013458, 0.39122331142425537, 0.3910045623779297, 0.39082884788513184, 0.3906436264514923, 0.3905108571052551, 0.3903403580188751, 0.3902131915092468, 0.390023410320282, 0.3898495137691498, 0.3897267282009125, 0.3895672559738159, 0.3894515633583069, 0.3893020749092102, 0.3891631066799164, 0.3890257179737091, 0.38888975977897644, 0.38874492049217224, 0.38859957456588745, 0.38847121596336365, 0.38836291432380676, 0.3882419466972351, 0.38810741901397705, 0.3879786431789398, 0.38786375522613525, 0.3877342641353607, 0.38760289549827576, 0.3875141143798828, 0.38738253712654114, 0.387262761592865, 0.3871401846408844, 0.3869999051094055, 0.3868911862373352, 0.3867585062980652, 0.3866553008556366, 0.38653433322906494, 0.3864198327064514, 0.3863281011581421, 0.3862416446208954, 0.38612300157546997, 0.3860089182853699, 0.38590842485427856, 0.38580024242401123, 0.38567954301834106, 0.3855631649494171, 0.38544338941574097, 0.3853299617767334, 0.3852400481700897, 0.3851274847984314, 0.38505980372428894, 0.3849480450153351, 0.3848453462123871, 0.3847469389438629, 0.3846578299999237, 0.38453856110572815, 0.38444745540618896, 0.3843516409397125, 0.3842512369155884, 0.3841383755207062, 0.38403642177581787, 0.38395529985427856, 0.38388001918792725, 0.3837646245956421, 0.3836645483970642, 0.38355183601379395, 0.38346096873283386, 0.38334766030311584, 0.38324642181396484, 0.38313597440719604, 0.3830515742301941, 0.38297829031944275, 0.3828878104686737, 0.3828025758266449, 0.3827292323112488, 0.38263964653015137, 0.38253262639045715, 0.38244545459747314, 0.3823467195034027, 0.3822590112686157, 0.38217219710350037, 0.3820706307888031, 0.38198456168174744, 0.3818921148777008, 0.38182297348976135, 0.38174688816070557, 0.38163647055625916, 0.38155192136764526, 0.38146331906318665, 0.38137179613113403, 0.3812893033027649, 0.38120824098587036, 0.3811178505420685, 0.3810308873653412, 0.3809374272823334, 0.38085296750068665, 0.3807680010795593, 0.3807041645050049, 0.38063228130340576, 0.3805578649044037, 0.3804727792739868, 0.3803945779800415, 0.380318820476532, 0.3802333474159241, 0.3801622688770294, 0.3800695538520813, 0.3799923062324524, 0.3799072504043579, 0.37979549169540405, 0.3797202408313751, 0.379648894071579, 0.37956568598747253, 0.37949225306510925, 0.3794124126434326, 0.37932583689689636, 0.3792320489883423, 0.37916290760040283, 0.3791086673736572, 0.37903881072998047, 0.37898147106170654, 0.37890520691871643, 0.37883421778678894, 0.3787487745285034, 0.37868645787239075, 0.3786119222640991, 0.3785310983657837, 0.37845852971076965, 0.3783838152885437, 0.37834128737449646, 0.37826991081237793, 0.3782028555870056, 0.3781207203865051, 0.37807151675224304, 0.3780253231525421, 0.3779543936252594, 0.37789466977119446, 0.37781792879104614, 0.37775975465774536, 0.377699077129364, 0.3776262402534485, 0.37756404280662537, 0.3775020241737366, 0.37742167711257935, 0.37735530734062195, 0.37730252742767334, 0.37722647190093994, 0.3771834671497345, 0.3771296441555023, 0.377069354057312, 0.3770137131214142, 0.37693291902542114, 0.3768685460090637, 0.37680667638778687, 0.37672293186187744, 0.376664936542511, 0.37659943103790283, 0.37652596831321716, 0.37645548582077026, 0.37639617919921875, 0.37634649872779846, 0.37629690766334534, 0.3762345016002655, 0.37617161870002747, 0.37610840797424316, 0.3760450482368469, 0.3759957253932953, 0.37594491243362427, 0.3758791983127594, 0.3758123517036438, 0.3757553994655609, 0.3757050335407257, 0.3756564259529114, 0.37561917304992676, 0.3755572438240051, 0.37550637125968933, 0.37546202540397644, 0.3754095137119293, 0.3753410577774048, 0.3752908408641815, 0.37524163722991943, 0.3752046227455139, 0.3751406967639923, 0.3750971257686615, 0.3750530183315277, 0.37500154972076416, 0.37493765354156494, 0.37489232420921326, 0.37484806776046753, 0.3747901916503906, 0.3747401535511017, 0.3746819794178009, 0.37464043498039246, 0.3745828866958618, 0.37454333901405334, 0.3744853734970093, 0.37442973256111145, 0.37438279390335083, 0.37433111667633057, 0.3742617666721344, 0.37420886754989624, 0.3741687536239624, 0.3741206228733063, 0.3740593194961548, 0.37402230501174927, 0.37396934628486633, 0.3739074468612671, 0.37387362122535706, 0.37382590770721436, 0.37377724051475525, 0.37373560667037964, 0.37368065118789673, 0.37362298369407654, 0.3735806941986084, 0.37353551387786865, 0.37347662448883057, 0.37342575192451477, 0.3733772337436676, 0.37334752082824707, 0.373294472694397, 0.3732708990573883, 0.3732174038887024, 0.3731783926486969, 0.3731357455253601, 0.37308529019355774, 0.3730366826057434, 0.3729836344718933, 0.3729352653026581, 0.3728736937046051, 0.37282389402389526, 0.3727773427963257, 0.37272584438323975, 0.37268996238708496, 0.3726496994495392, 0.37260138988494873, 0.3725616931915283, 0.37251126766204834, 0.3724721074104309, 0.3724398910999298, 0.3723907172679901, 0.3723691701889038, 0.3723202049732208, 0.37227579951286316, 0.3722281754016876, 0.3721829950809479, 0.37214377522468567, 0.3721206784248352, 0.37210381031036377, 0.37207525968551636, 0.3720267415046692, 0.37198197841644287, 0.37195098400115967, 0.3719012439250946, 0.3718552887439728, 0.3718187212944031, 0.37177273631095886, 0.37174636125564575, 0.3717118799686432, 0.37166550755500793, 0.37162840366363525, 0.3715755343437195, 0.37154242396354675, 0.3714934289455414, 0.37143608927726746, 0.3713997006416321, 0.37137266993522644, 0.3713323175907135, 0.3712865114212036, 0.37124738097190857, 0.37120693922042847, 0.37116968631744385, 0.37112340331077576, 0.37107694149017334, 0.37105119228363037, 0.3710251748561859, 0.37099316716194153, 0.37093526124954224, 0.3709031045436859, 0.37087318301200867, 0.37081319093704224, 0.37075257301330566, 0.37071600556373596, 0.3706982433795929, 0.37068185210227966, 0.37063658237457275, 0.370612233877182, 0.3705681264400482, 0.37053099274635315, 0.3704923391342163, 0.37046968936920166, 0.3704208433628082, 0.3703707754611969, 0.37033215165138245, 0.37029534578323364, 0.3702636957168579, 0.3702235519886017, 0.37017932534217834, 0.3701484799385071, 0.3701099753379822, 0.3700729012489319, 0.3700180947780609, 0.36997082829475403, 0.36991509795188904, 0.3698652386665344, 0.3698250651359558, 0.369782030582428, 0.36973321437835693, 0.36968985199928284, 0.3696492910385132, 0.369606614112854, 0.3695458471775055, 0.36949652433395386, 0.36946049332618713]",33.0,"[33.0, 33.0, 33.0, 33.0, 33.0, 33.0, 33.0, 33.0, 33.0, 33.0, 33.0, 33.0, 33.0, 33.0, 33.0, 33.0, 33.0, 33.0, 33.0, 33.0, 33.0, 33.0, 33.0, 33.0, 33.0, 33.0, 33.0, 33.0, 33.0, 33.0, 33.0, 33.0, 33.0, 33.0, 33.0, 33.0, 33.0, 33.0, 33.0, 33.0, 33.0, 33.0, 33.0, 33.0, 33.0, 33.0, 33.0, 33.0, 33.0, 33.0, 33.0, 33.0, 33.0, 33.0, 33.0, 33.0, 33.0, 33.0, 33.0, 33.0, 33.0, 33.0, 33.0, 33.0, 33.0, 33.0, 33.0, 33.0, 33.0, 33.0, 33.0, 33.0, 33.0, 33.0, 33.0, 33.0, 33.0, 33.0, 33.0, 33.0, 33.0, 33.0, 33.0, 33.0, 33.0, 33.0, 33.0, 33.0, 33.0, 33.0, 33.0, 33.0, 33.0, 33.0, 33.0, 33.0, 33.0, 33.0, 33.0, 33.0, 33.0, 33.0, 33.0, 33.0, 33.0, 33.0, 33.0, 33.0, 33.0, 33.0, 33.0, 33.0, 33.0, 33.0, 33.0, 33.0, 33.0, 33.0, 33.0, 33.0, 33.0, 33.0, 33.0, 33.0, 33.0, 33.0, 33.0, 33.0, 33.0, 33.0, 33.0, 33.0, 33.0, 33.0, 33.0, 33.0, 33.0, 33.0, 33.0, 33.0, 33.0, 33.0, 33.0, 33.0, 33.0, 33.0, 33.0, 33.0, 33.0, 33.0, 33.0, 33.0, 33.0, 33.0, 33.0, 33.0, 33.0, 33.0, 33.0, 33.0, 33.0, 33.0, 33.0, 33.0, 33.0, 33.0, 33.0, 33.0, 33.0, 33.0, 33.0, 33.0, 33.0, 33.0, 33.0, 33.0, 33.0, 33.0, 33.0, 33.0, 33.0, 33.0, 33.0, 33.0, 33.0, 33.0, 33.0, 33.0, 33.0, 33.0, 33.0, 33.0, 33.0, 33.0, 33.0, 33.0, 33.0, 33.0, 33.0, 33.0, 33.0, 33.0, 33.0, 33.0, 33.0, 33.0, 33.0, 33.0, 33.0, 33.0, 33.0, 33.0, 33.0, 33.0, 33.0, 33.0, 33.0, 33.0, 33.0, 33.0, 33.0, 33.0, 33.0, 33.0, 33.0, 33.0, 33.0, 33.0, 33.0, 33.0, 33.0, 33.0, 33.0, 33.0, 33.0, 33.0, 33.0, 33.0, 33.0, 33.0, 33.0, 33.0, 33.0, 33.0, 33.0, 33.0, 33.0, 33.0, 33.0, 33.0, 33.0, 33.0, 33.0, 33.0, 33.0, 33.0, 33.0, 33.0, 33.0, 33.0, 33.0, 33.0, 33.0, 33.0, 33.0, 33.0, 33.0, 33.0, 33.0, 33.0, 33.0, 33.0, 33.0, 33.0, 33.0, 33.0, 33.0, 33.0, 33.0, 33.0, 33.0, 33.0, 33.0, 33.0, 33.0, 33.0, 33.0, 33.0, 33.0, 33.0, 33.0, 33.0, 33.0, 33.0, 33.0, 33.0, 33.0, 33.0, 33.0, 33.0, 33.0, 33.0, 33.0, 33.0, 33.0, 33.0, 33.0, 33.0, 33.0, 33.0, 33.0, 33.0, 33.0, 33.0, 33.0, 33.0, 33.0, 33.0, 33.0, 33.0, 33.0, 33.0, 33.0, 33.0, 33.0, 33.0, 33.0, 33.0, 33.0, 33.0, 33.0, 33.0, 33.0, 33.0, 33.0, 33.0, 33.0, 33.0, 33.0, 33.0, 33.0, 33.0, 33.0, 33.0, 33.0, 33.0, 33.0, 33.0, 33.0, 33.0, 33.0, 33.0, 33.0, 33.0, 33.0, 33.0, 33.0, 33.0, 33.0, 33.0, 33.0, 33.0, 33.0, 33.0, 33.0, 33.0, 33.0, 33.0, 33.0, 33.0, 33.0, 33.0, 33.0, 33.0, 33.0, 33.0, 33.0, 33.0, 33.0, 33.0, 33.0, 33.