,number,value,datetime_start,datetime_complete,duration,params_batch_size_scaler,params_constant_learning_rate,params_depth,params_epochs,params_kernel_l2,params_num_trees,params_temperature,user_attrs_accuracy_test,user_attrs_accuracy_valid,user_attrs_approximate_feature_sparsity,user_attrs_approximate_feature_sparsity_history,user_attrs_approximate_weight_sparsity,user_attrs_approximate_weight_sparsity_history,user_attrs_auc_test,user_attrs_auc_valid,user_attrs_feature_sparsity,user_attrs_feature_sparsity_history,user_attrs_num_epochs,user_attrs_val_loss_history,user_attrs_weight_sparsity,user_attrs_weight_sparsity_history,state
133,133,0.7145985495485051,2024-08-31 05:34:55.712108,2024-08-31 05:36:04.740546,0 days 00:01:09.028438,64,0.04875156280668731,5,340,0.0035506712735843523,28,0.05889321349399672,0.869,0.86625,33,"[33, 33, 33, 33, 33, 33, 33, 33, 33, 33, 33, 33, 33, 33, 33, 33, 33, 33, 33, 33, 33, 33, 33, 33, 33, 33, 33, 33, 33, 33, 33, 33, 33, 33, 33, 33, 33, 33, 33, 33, 33, 33, 33, 33, 33, 33, 33, 33, 33, 33, 33, 33, 33, 33, 33, 33, 33, 33, 33, 33, 33, 33, 33, 33, 33, 33, 33, 33, 33, 33, 33, 33, 33, 33, 33, 33, 33, 33, 33, 33, 33, 33, 33, 33, 33, 33, 33, 33, 33, 33, 33, 33, 33, 33, 33, 33, 33, 33, 33, 33, 33, 33, 33, 33, 33, 33, 33, 33, 33, 33, 33, 33, 33, 33, 33, 33, 33, 33, 33, 33, 33, 33, 33, 33, 33, 33, 33, 33, 33, 33, 33, 33, 33, 33, 33, 33, 33, 33, 33, 33, 33, 33, 33, 33, 33, 33, 33, 33, 33, 33, 33, 33, 33, 33, 33, 33, 33, 33, 33, 33, 33, 33, 33, 33, 33, 33, 33, 33, 33, 33, 33, 33, 33, 33, 33, 33, 33, 33, 33, 33, 33, 33, 33, 33, 33, 33, 33, 33, 33, 33, 33, 33, 33, 33, 33, 33, 33, 33, 33, 33, 33, 33, 33, 33, 33, 33, 33, 33, 33, 33, 33, 33, 33, 33, 33, 33, 33, 33, 33, 33, 33, 33, 33, 33, 33, 33, 33, 33, 33, 33, 33, 33, 33, 33, 33, 33, 33, 33, 33, 33, 33, 33, 33, 33, 33, 33, 33, 33, 33, 33, 33, 33, 33, 33, 33, 33, 33, 33, 33, 33, 33, 33, 33, 33, 33, 33, 33, 33, 33, 33, 33, 33, 33, 33, 33, 33, 33, 33, 33, 33, 33, 33, 33, 33, 33, 33, 33, 33, 33, 33, 33, 33, 33, 33, 33, 33, 33, 33, 33, 33, 33, 33, 33, 33, 33, 33, 33, 33, 33, 33, 33, 33, 33, 33, 33, 33, 33, 33, 33, 33, 33, 33, 33, 33, 33, 33, 33, 33, 33, 33, 33, 33, 33, 33, 33, 33, 33, 33, 33, 33]",32.953917050691246,"[32.963133640552996, 32.965437788018434, 32.95967741935484, 32.964285714285715, 32.964285714285715, 32.96082949308756, 32.95852534562212, 32.96198156682028, 32.963133640552996, 32.96198156682028, 32.96082949308756, 32.964285714285715, 32.96774193548387, 32.96658986175115, 32.96889400921659, 32.965437788018434, 32.95967741935484, 32.955069124423964, 32.96082949308756, 32.965437788018434, 32.964285714285715, 32.95967741935484, 32.96082949308756, 32.964285714285715, 32.96198156682028, 32.96082949308756, 32.95852534562212, 32.96198156682028, 32.965437788018434, 32.963133640552996, 32.964285714285715, 32.96082949308756, 32.96082949308756, 32.9573732718894, 32.9573732718894, 32.963133640552996, 32.965437788018434, 32.965437788018434, 32.964285714285715, 32.96082949308756, 32.95622119815668, 32.953917050691246, 32.95276497695853, 32.95967741935484, 32.963133640552996, 32.96198156682028, 32.965437788018434, 32.965437788018434, 32.964285714285715, 32.964285714285715, 32.96658986175115, 32.96082949308756, 32.9573732718894, 32.95967741935484, 32.965437788018434, 32.964285714285715, 32.965437788018434, 32.96774193548387, 32.963133640552996, 32.963133640552996, 32.95967741935484, 32.9573732718894, 32.95276497695853, 32.95276497695853, 32.95622119815668, 32.96082949308756, 32.95967741935484, 32.9573732718894, 32.9573732718894, 32.9573732718894, 32.95967741935484, 32.96198156682028, 32.96082949308756, 32.965437788018434, 32.96658986175115, 32.96889400921659, 32.965437788018434, 32.96774193548387, 32.97004608294931, 32.97004608294931, 32.96889400921659, 32.973502304147466, 32.97004608294931, 32.96774193548387, 32.96774193548387, 32.95967741935484, 32.96198156682028, 32.965437788018434, 32.964285714285715, 32.96658986175115, 32.96774193548387, 32.965437788018434, 32.96658986175115, 32.97004608294931, 32.97119815668203, 32.965437788018434, 32.96082949308756, 32.95622119815668, 32.955069124423964, 32.9573732718894, 32.96082949308756, 32.963133640552996, 32.96082949308756, 32.963133640552996, 32.963133640552996, 32.964285714285715, 32.96889400921659, 32.964285714285715, 32.96889400921659, 32.96774193548387, 32.965437788018434, 32.96658986175115, 32.964285714285715, 32.95852534562212, 32.95622119815668, 32.95852534562212, 32.964285714285715, 32.965437788018434, 32.963133640552996, 32.965437788018434, 32.965437788018434, 32.965437788018434, 32.965437788018434, 32.96658986175115, 32.96658986175115, 32.963133640552996, 32.96198156682028, 32.964285714285715, 32.96198156682028, 32.96198156682028, 32.96082949308756, 32.96198156682028, 32.96658986175115, 32.95967741935484, 32.9573732718894, 32.9573732718894, 32.95967741935484, 32.96198156682028, 32.96082949308756, 32.9573732718894, 32.95967741935484, 32.95967741935484, 32.96198156682028, 32.95967741935484, 32.96198156682028, 32.964285714285715, 32.96198156682028, 32.964285714285715, 32.96774193548387, 32.96774193548387, 32.97004608294931, 32.97004608294931, 32.96889400921659, 32.97235023041475, 32.973502304147466, 32.975806451612904, 32.974654377880185, 32.97119815668203, 32.973502304147466, 32.97235023041475, 32.97004608294931, 32.96774193548387, 32.96889400921659, 32.97004608294931, 32.965437788018434, 32.964285714285715, 32.96198156682028, 32.96889400921659, 32.965437788018434, 32.96774193548387, 32.97235023041475, 32.97119815668203, 32.97004608294931, 32.97235023041475, 32.975806451612904, 32.97695852534562, 32.975806451612904, 32.97695852534562, 32.97119815668203, 32.97119815668203, 32.973502304147466, 32.973502304147466, 32.974654377880185, 32.975806451612904, 32.97695852534562, 32.975806451612904, 32.975806451612904, 32.97235023041475, 32.97235023041475, 32.97926267281106, 32.975806451612904, 32.973502304147466, 32.974654377880185, 32.975806451612904, 32.97695852534562, 32.973502304147466, 32.973502304147466, 32.97235023041475, 32.97119815668203, 32.97004608294931, 32.96658986175115, 32.96774193548387, 32.96658986175115, 32.96774193548387, 32.965437788018434, 32.95967741935484, 32.963133640552996, 32.95967741935484, 32.96082949308756, 32.96198156682028, 32.96198156682028, 32.96082949308756, 32.95852534562212, 32.964285714285715, 32.96889400921659, 32.96774193548387, 32.96198156682028, 32.963133640552996, 32.95967741935484, 32.96082949308756, 32.96082949308756, 32.96082949308756, 32.963133640552996, 32.96198156682028, 32.964285714285715, 32.963133640552996, 32.963133640552996, 32.963133640552996, 32.96198156682028, 32.95967741935484, 32.95622119815668, 32.95622119815668, 32.953917050691246, 32.955069124423964, 32.955069124423964, 32.95622119815668, 32.95276497695853, 32.9573732718894, 32.95622119815668, 32.955069124423964, 32.95967741935484, 32.96082949308756, 32.96082949308756, 32.96198156682028, 32.96082949308756, 32.963133640552996, 32.96198156682028, 32.963133640552996, 32.96082949308756, 32.96198156682028, 32.95967741935484, 32.96198156682028, 32.965437788018434, 32.96889400921659, 32.96889400921659, 32.96658986175115, 32.965437788018434, 32.96658986175115, 32.965437788018434, 32.95967741935484, 32.95967741935484, 32.95622119815668, 32.95622119815668, 32.95276497695853, 32.955069124423964, 32.95622119815668, 32.9573732718894, 32.95852534562212, 32.95852534562212, 32.95852534562212, 32.96082949308756, 32.96082949308756, 32.96198156682028, 32.964285714285715, 32.96658986175115, 32.96658986175115, 32.96889400921659, 32.96658986175115, 32.96658986175115, 32.96774193548387, 32.96889400921659, 32.97004608294931, 32.96774193548387, 32.96658986175115, 32.96774193548387, 32.964285714285715, 32.96198156682028, 32.964285714285715, 32.964285714285715, 32.963133640552996, 32.965437788018434, 32.96658986175115, 32.965437788018434, 32.965437788018434, 32.963133640552996, 32.964285714285715, 32.965437788018434, 32.96658986175115, 32.97004608294931, 32.96889400921659, 32.96889400921659, 32.96889400921659, 32.97004608294931, 32.97119815668203, 32.964285714285715, 32.963133640552996, 32.96082949308756, 32.965437788018434, 32.96774193548387, 32.96774193548387, 32.96774193548387, 32.964285714285715, 32.964285714285715, 32.965437788018434, 32.96082949308756, 32.96198156682028, 32.9573732718894, 32.9573732718894, 32.95622119815668, 32.9573732718894, 32.9573732718894, 32.95622119815668, 32.95852534562212, 32.95852534562212, 32.955069124423964, 32.955069124423964, 32.95276497695853, 32.953917050691246, 32.95622119815668, 32.95852534562212, 32.95852534562212, 32.95622119815668, 32.95852534562212, 32.96082949308756, 32.965437788018434, 32.95967741935484, 32.96082949308756, 32.95852534562212, 32.955069124423964, 32.953917050691246]",0.7518225877030028,0.7145985495485051,33,"[33, 33, 33, 33, 33, 33, 33, 33, 33, 33, 33, 33, 33, 33, 33, 33, 33, 33, 33, 33, 33, 33, 33, 33, 33, 33, 33, 33, 33, 33, 33, 33, 33, 33, 33, 33, 33, 33, 33, 33, 33, 33, 33, 33, 33, 33, 33, 33, 33, 33, 33, 33, 33, 33, 33, 33, 33, 33, 33, 33, 33, 33, 33, 33, 33, 33, 33, 33, 33, 33, 33, 33, 33, 33, 33, 33, 33, 33, 33, 33, 33, 33, 33, 33, 33, 33, 33, 33, 33, 33, 33, 33, 33, 33, 33, 33, 33, 33, 33, 33, 33, 33, 33, 33, 33, 33, 33, 33, 33, 33, 33, 33, 33, 33, 33, 33, 33, 33, 33, 33, 33, 33, 33, 33, 33, 33, 33, 33, 33, 33, 33, 33, 33, 33, 33, 33, 33, 33, 33, 33, 33, 33, 33, 33, 33, 33, 33, 33, 33, 33, 33, 33, 33, 33, 33, 33, 33, 33, 33, 33, 33, 33, 33, 33, 33, 33, 33, 33, 33, 33, 33, 33, 33, 33, 33, 33, 33, 33, 33, 33, 33, 33, 33, 33, 33, 33, 33, 33, 33, 33, 33, 33, 33, 33, 33, 33, 33, 33, 33, 33, 33, 33, 33, 33, 33, 33, 33, 33, 33, 33, 33, 33, 33, 33, 33, 33, 33, 33, 33, 33, 33, 33, 33, 33, 33, 33, 33, 33, 33, 33, 33, 33, 33, 33, 33, 33, 33, 33, 33, 33, 33, 33, 33, 33, 33, 33, 33, 33, 33, 33, 33, 33, 33, 33, 33, 33, 33, 33, 33, 33, 33, 33, 33, 33, 33, 33, 33, 33, 33, 33, 33, 33, 33, 33, 33, 33, 33, 33, 33, 33, 33, 33, 33, 33, 33, 33, 33, 33, 33, 33, 33, 33, 33, 33, 33, 33, 33, 33, 33, 33, 33, 33, 33, 33, 33, 33, 33, 33, 33, 33, 33, 33, 33, 33, 33, 33, 33, 33, 33, 33, 33, 33, 33, 33, 33, 33, 33, 33, 33, 33, 33, 33, 33, 33, 33, 33, 33, 33, 33, 33]",340,"[0.5830747485160828, 0.5522622466087341, 0.5276653170585632, 0.5087171792984009, 0.49257591366767883, 0.4796285927295685, 0.46852102875709534, 0.45952561497688293, 0.45187994837760925, 0.44493168592453003, 0.4388245642185211, 0.43394002318382263, 0.42959725856781006, 0.4254116714000702, 0.4221080541610718, 0.4193320870399475, 0.41664358973503113, 0.4146082401275635, 0.41249075531959534, 0.41053417325019836, 0.40888863801956177, 0.40752142667770386, 0.40618184208869934, 0.40499770641326904, 0.40397512912750244, 0.4029296636581421, 0.40187376737594604, 0.4009605646133423, 0.40002375841140747, 0.3992072641849518, 0.3985958993434906, 0.39789435267448425, 0.3973751366138458, 0.3968909978866577, 0.3963232934474945, 0.395801305770874, 0.3953184187412262, 0.3948412835597992, 0.3943416476249695, 0.3938077688217163, 0.3933279514312744, 0.392924964427948, 0.3924109935760498, 0.39205196499824524, 0.39163878560066223, 0.39127257466316223, 0.3909148871898651, 0.3905785381793976, 0.3902207911014557, 0.389914333820343, 0.3896680474281311, 0.38934868574142456, 0.38906562328338623, 0.38881972432136536, 0.3885903060436249, 0.38831204175949097, 0.38804861903190613, 0.3877730965614319, 0.38750824332237244, 0.3872300386428833, 0.386997252702713, 0.386677086353302, 0.38641566038131714, 0.38618195056915283, 0.38595855236053467, 0.38570284843444824, 0.385477751493454, 0.3852543532848358, 0.38510048389434814, 0.38488179445266724, 0.3846065402030945, 0.3843510150909424, 0.3841138780117035, 0.38389578461647034, 0.3837076425552368, 0.3834948241710663, 0.383283793926239, 0.38305026292800903, 0.38287079334259033, 0.3827182650566101, 0.3825167715549469, 0.38229313492774963, 0.3821491599082947, 0.38196301460266113, 0.38179484009742737, 0.38161635398864746, 0.3813968896865845, 0.381246417760849, 0.3810591399669647, 0.38085994124412537, 0.38063931465148926, 0.38045355677604675, 0.3803231418132782, 0.38011252880096436, 0.37992721796035767, 0.37972134351730347, 0.3795563578605652, 0.37940147519111633, 0.3792252242565155, 0.37903305888175964, 0.3788606524467468, 0.378684401512146, 0.3786211907863617, 0.37841975688934326, 0.37826091051101685, 0.3781208097934723, 0.3779696524143219, 0.3778308629989624, 0.3777032494544983, 0.37755176424980164, 0.37739863991737366, 0.3772415816783905, 0.3770609200000763, 0.37691202759742737, 0.3767207860946655, 0.3765714764595032, 0.3764345943927765, 0.37632039189338684, 0.3761536777019501, 0.3760334253311157, 0.3759251534938812, 0.3757795989513397, 0.37565234303474426, 0.37551864981651306, 0.3753930628299713, 0.3752775490283966, 0.375132292509079, 0.3749898672103882, 0.37489622831344604, 0.3747945725917816, 0.3746074438095093, 0.3744868040084839, 0.3743607997894287, 0.37420403957366943, 0.3740640878677368, 0.3739263117313385, 0.3738298714160919, 0.37371912598609924, 0.37363067269325256, 0.37349215149879456, 0.3733619749546051, 0.3732704520225525, 0.37314677238464355, 0.3730568587779999, 0.3729346990585327, 0.3728044629096985, 0.3726859390735626, 0.37256762385368347, 0.3724921941757202, 0.37239161133766174, 0.3722801208496094, 0.3721786439418793, 0.3720449209213257, 0.3719537854194641, 0.3718385696411133, 0.37177684903144836, 0.3716578185558319, 0.3715333640575409, 0.3714098036289215, 0.37134596705436707, 0.37123167514801025, 0.3711475729942322, 0.37108010053634644, 0.3710039556026459, 0.3708801567554474, 0.370824933052063, 0.3707199990749359, 0.3706415295600891, 0.37052714824676514, 0.3704378008842468, 0.37030312418937683, 0.37022095918655396, 0.37011900544166565, 0.3699875771999359, 0.3698723614215851, 0.36977261304855347, 0.3696743845939636, 0.3695722222328186, 0.3694852590560913, 0.3694058954715729, 0.369315505027771, 0.3692241907119751, 0.36913907527923584, 0.36910420656204224, 0.36906594038009644, 0.3689669072628021, 0.3688775897026062, 0.3687918484210968, 0.36868739128112793, 0.3686012029647827, 0.36851775646209717, 0.3684465289115906, 0.3683501183986664, 0.3682589828968048, 0.36817875504493713, 0.3681079149246216, 0.36802321672439575, 0.36791637539863586, 0.3678530752658844, 0.3677513897418976, 0.36765584349632263, 0.36760398745536804, 0.3675293028354645, 0.36747419834136963, 0.36741477251052856, 0.3673839569091797, 0.3673153221607208, 0.36723336577415466, 0.3671194314956665, 0.36702215671539307, 0.3669677972793579, 0.36687201261520386, 0.3668138384819031, 0.36673760414123535, 0.3666623830795288, 0.36659976840019226, 0.36650940775871277, 0.36640775203704834, 0.36636802554130554, 0.366300493478775, 0.36621421575546265, 0.3661433756351471, 0.36607596278190613, 0.3659835159778595, 0.3658602237701416, 0.36575523018836975, 0.3656952679157257, 0.36560511589050293, 0.365529328584671, 0.36541953682899475, 0.36533617973327637, 0.3652855157852173, 0.3652481138706207, 0.36519917845726013, 0.36516448855400085, 0.36508995294570923, 0.36500445008277893, 0.3649640679359436, 0.36490505933761597, 0.36486703157424927, 0.3647996187210083, 0.3647065758705139, 0.36463257670402527, 0.3645576238632202, 0.36447814106941223, 0.36436498165130615, 0.3642956018447876, 0.3642236292362213, 0.3641681671142578, 0.36410200595855713, 0.36402249336242676, 0.36392807960510254, 0.36383360624313354, 0.3637779653072357, 0.3637763261795044, 0.36375513672828674, 0.36373019218444824, 0.3636634945869446, 0.36357226967811584, 0.3635058104991913, 0.3634547293186188, 0.36338797211647034, 0.3633222281932831, 0.3632298409938812, 0.3631669878959656, 0.3630833327770233, 0.36302050948143005, 0.3629428744316101, 0.36287108063697815, 0.3628119230270386, 0.3627479076385498, 0.3627256155014038, 0.3626289665699005, 0.3625401258468628, 0.36251407861709595, 0.36246535181999207, 0.3623960018157959, 0.3623270094394684, 0.3622763156890869, 0.3622117340564728, 0.3621560335159302, 0.3620748519897461, 0.3620050847530365, 0.3619062304496765, 0.3618184030056, 0.36176836490631104, 0.3617064952850342, 0.36163243651390076, 0.3615330159664154, 0.3614735007286072, 0.36142098903656006, 0.3613550066947937, 0.36129170656204224, 0.3612079620361328, 0.36114436388015747, 0.3611036539077759, 0.3610144853591919, 0.3609526753425598, 0.36090999841690063, 0.3608185648918152, 0.360773503780365, 0.360726535320282, 0.3606494963169098, 0.3606123626232147, 0.36056795716285706, 0.36051976680755615, 0.3604740798473358, 0.36044320464134216, 0.36036065220832825, 0.3603402078151703, 0.36028027534484863, 0.3602273464202881, 0.3601529002189636, 0.3600805401802063, 0.35997557640075684, 0.3598982095718384, 0.35983818769454956, 0.35979247093200684, 0.3597358465194702, 0.3596368432044983, 0.3595579266548157, 0.3595086932182312, 0.3594514727592468, 0.3593858480453491, 0.35932931303977966, 0.3592934310436249, 0.3592047393321991, 0.35911324620246887, 0.359061598777771, 0.3590124547481537, 0.3589712977409363, 0.3589116632938385, 0.35887008905410767, 0.35879451036453247, 0.3587377667427063, 0.3586210310459137, 0.3585822582244873, 0.3585306406021118, 0.35846245288848877, 0.35840263962745667]",33.0,"[33.0, 33.0, 33.0, 33.0, 33.0, 33.0, 33.0, 33.0, 33.0, 33.0, 33.0, 33.0, 33.0, 33.0, 33.0, 33.0, 33.0, 33.0, 33.0, 33.0, 33.0, 33.0, 33.0, 33.0, 33.0, 33.0, 33.0, 33.0, 33.0, 33.0, 33.0, 33.0, 33.0, 33.0, 33.0, 33.0, 33.0, 33.0, 33.0, 33.0, 33.0, 33.0, 33.0, 33.0, 33.0, 33.0, 33.0, 33.0, 33.0, 33.0, 33.0, 33.0, 33.0, 33.0, 33.0, 33.0, 33.0, 33.0, 33.0, 33.0, 33.0, 33.0, 33.0, 33.0, 33.0, 33.0, 33.0, 33.0, 33.0, 33.0, 33.0, 33.0, 33.0, 33.0, 33.0, 33.0, 33.0, 33.0, 33.0, 33.0, 33.0, 33.0, 33.0, 33.0, 33.0, 33.0, 33.0, 33.0, 33.0, 33.0, 33.0, 33.0, 33.0, 33.0, 33.0, 33.0, 33.0, 33.0, 33.0, 33.0, 33.0, 33.0, 33.0, 33.0, 33.0, 33.0, 33.0, 33.0, 33.0, 33.0, 33.0, 33.0, 33.0, 33.0, 33.0, 33.0, 33.0, 33.0, 33.0, 33.0, 33.0, 33.0, 33.0, 33.0, 33.0, 33.0, 33.0, 33.0, 33.0, 33.0, 33.0, 33.0, 33.0, 33.0, 33.0, 33.0, 33.0, 33.0, 33.0, 33.0, 33.0, 33.0, 33.0, 33.0, 33.0, 33.0, 33.0, 33.0, 33.0, 33.0, 33.0, 33.0, 33.0, 33.0, 33.0, 33.0, 33.0, 33.0, 33.0, 33.0, 33.0, 33.0, 33.0, 33.0, 33.0, 33.0, 33.0, 33.0, 33.0, 33.0, 33.0, 33.0, 33.0, 33.0, 33.0, 33.0, 33.0, 33.0, 33.0, 33.0, 33.0, 33.0, 33.0, 33.0, 33.0, 33.0, 33.0, 33.0, 33.0, 33.0, 33.0, 33.0, 33.0, 33.0, 33.0, 33.0, 33.0, 33.0, 33.0, 33.0, 33.0, 33.0, 33.0, 33.0, 33.0, 33.0, 33.0, 33.0, 33.0, 33.0, 33.0, 33.0, 33.0, 33.0, 33.0, 33.0, 33.0, 33.0, 33.0, 33.0, 33.0, 33.0, 33.0, 33.0, 33.0, 33.0, 33.0, 33.0, 33.0, 33.0, 33.0, 33.0, 33.0, 33.0, 33.0, 33.0, 33.0, 33.0, 33.0, 33.0, 33.0, 33.0, 33.0, 33.0, 33.0, 33.0, 33.0, 33.0, 33.0, 33.0, 33.0, 33.0, 33.0, 33.0, 33.0, 33.0, 33.0, 33.0, 33.0, 33.0, 33.0, 33.0, 33.0, 33.0, 33.0, 33.0, 33.0, 33.0, 33.0, 33.0, 33.0, 33.0, 33.0, 33.0, 33.0, 33.0, 33.0, 33.0, 33.0, 33.0, 33.0, 33.0, 33.0, 33.0, 33.0, 33.0, 33.0, 33.0, 33.0, 33.0, 33.0, 33.0, 33.0, 33.0, 33.0, 33.0, 33.0, 33.0, 33.0, 33.0, 33.0, 33.0, 33.0, 33.0, 33.0, 33.0, 33.0, 33.0, 33.0, 33.0, 33.0, 33.0, 33.0, 33.0, 33.0, 33.0, 33.0, 33.0, 33.0, 33.0, 33.0, 33.0, 33.0, 33.0, 33.0, 33.0, 33.0, 33.0, 33.0, 33.0, 33.0, 33.0, 33.0, 33.0, 33.0, 33.0, 33.0, 33.0, 33.0, 33.0]",COMPLETE
