,number,value,datetime_start,datetime_complete,duration,params_batch_size_scaler,params_constant_learning_rate,params_depth,params_epochs,params_kernel_l2,params_num_trees,params_temperature,user_attrs_accuracy_test,user_attrs_accuracy_valid,user_attrs_approximate_feature_sparsity,user_attrs_approximate_feature_sparsity_history,user_attrs_approximate_weight_sparsity,user_attrs_approximate_weight_sparsity_history,user_attrs_auc_test,user_attrs_auc_valid,user_attrs_feature_sparsity,user_attrs_feature_sparsity_history,user_attrs_num_epochs,user_attrs_val_loss_history,user_attrs_weight_sparsity,user_attrs_weight_sparsity_history,state
130,130,0.5,2024-08-31 05:31:56.876593,2024-08-31 05:33:26.760465,0 days 00:01:29.883872,1,9.687444831249033,2,180,0.3180936375896047,53,0.010163682049948929,0.859,0.85875,0,"[19, 19, 19, 20, 19, 19, 20, 22, 20, 19, 20, 19, 18, 19, 20, 19, 19, 20, 14, 19, 20, 14, 16, 9, 7, 0, 0, 0, 0, 0, 0, 1, 0, 0, 0, 0, 0, 0, 18, 21, 19, 19, 5, 0, 0, 0, 0, 0, 0, 0, 0, 0, 0, 0, 0, 0, 0, 0, 0, 0, 0, 0, 1, 13, 3, 0, 0, 0, 0, 0, 0, 0, 0, 0, 0, 0, 0, 0, 0, 0, 0, 0, 0, 0, 0, 0, 0, 18, 9, 0, 0, 0, 0, 0, 0, 0, 0, 0, 0, 0, 4, 0, 0, 0, 0, 0, 0, 5, 3, 0, 0, 0, 0, 0, 0, 0, 0, 0, 0, 0, 0, 0, 0, 13, 9, 16, 0, 0, 0, 0, 0, 0, 0, 10, 10, 8, 0, 0, 0, 0, 0, 0, 0, 0, 0, 0, 0, 0, 0, 0, 0, 0, 0, 0, 0, 0, 0, 0, 0, 0, 0, 0, 0, 0, 0, 0, 0, 0, 0, 0, 0, 0, 0, 0, 0, 0, 0, 0, 0, 0]",0.0,"[18.9874213836478, 18.9748427672956, 18.427672955974842, 18.81132075471698, 17.88050314465409, 17.257861635220127, 16.88679245283019, 17.553459119496853, 16.069182389937108, 14.89308176100629, 15.163522012578618, 13.553459119496853, 12.377358490566037, 13.20125786163522, 13.836477987421384, 12.89937106918239, 11.044025157232705, 10.817610062893081, 7.062893081761007, 9.364779874213838, 9.18867924528302, 6.062893081761006, 6.616352201257861, 3.0754716981132075, 2.610062893081761, 0.0, 0.0, 0.0, 0.0, 0.0, 0.0, 0.32075471698113206, 0.0, 0.0, 0.0, 0.0, 0.0, 0.0, 6.452830188679246, 7.49685534591195, 6.2578616352201255, 6.616352201257862, 1.5849056603773586, 0.0, 0.0, 0.0, 0.0, 0.0, 0.0, 0.0, 0.0, 0.0, 0.0, 0.0, 0.0, 0.0, 0.0, 0.0, 0.0, 0.0, 0.0, 0.0, 0.31446540880503143, 3.7987421383647804, 0.8238993710691824, 0.0, 0.0, 0.0, 0.0, 0.0, 0.0, 0.0, 0.0, 0.0, 0.0, 0.0, 0.0, 0.0, 0.0, 0.0, 0.0, 0.0, 0.0, 0.0, 0.0, 0.0, 0.0, 5.716981132075472, 2.6289308176100628, 0.0, 0.0, 0.0, 0.0, 0.0, 0.0, 0.0, 0.0, 0.0, 0.0, 0.0, 1.0, 0.0, 0.0, 0.0, 0.0, 0.0, 0.0, 1.4276729559748427, 0.5534591194968554, 0.0, 0.0, 0.0, 0.0, 0.0, 0.0, 0.0, 0.0, 0.0, 0.0, 0.0, 0.0, 0.0, 0.0, 3.0, 2.4276729559748427, 4.245283018867925, 0.0, 0.0, 0.0, 0.0, 0.0, 0.0, 0.0, 2.559748427672956, 2.534591194968553, 1.748427672955975, 0.0, 0.0, 0.0, 0.0, 0.0, 0.0, 0.0, 0.0, 0.0, 0.0, 0.0, 0.0, 0.0, 0.0, 0.0, 0.0, 0.0, 0.0, 0.0, 0.0, 0.0, 0.0, 0.0, 0.0, 0.0, 0.0, 0.0, 0.0, 0.0, 0.0, 0.0, 0.0, 0.0, 0.0, 0.0, 0.0, 0.0, 0.0, 0.0, 0.0, 0.0, 0.0, 0.0, 0.0]",0.5,0.5,0,"[19, 19, 19, 20, 19, 19, 20, 22, 20, 19, 20, 19, 18, 19, 20, 19, 19, 20, 14, 19, 20, 14, 16, 9, 7, 0, 0, 0, 0, 0, 0, 1, 0, 0, 0, 0, 0, 0, 18, 21, 19, 19, 5, 0, 0, 0, 0, 0, 0, 0, 0, 0, 0, 0, 0, 0, 0, 0, 0, 0, 0, 0, 1, 13, 3, 0, 0, 0, 0, 0, 0, 0, 0, 0, 0, 0, 0, 0, 0, 0, 0, 0, 0, 0, 0, 0, 0, 18, 9, 0, 0, 0, 0, 0, 0, 0, 0, 0, 0, 0, 4, 0, 0, 0, 0, 0, 0, 5, 3, 0, 0, 0, 0, 0, 0, 0, 0, 0, 0, 0, 0, 0, 0, 13, 9, 16, 0, 0, 0, 0, 0, 0, 0, 10, 10, 8, 0, 0, 0, 0, 0, 0, 0, 0, 0, 0, 0, 0, 0, 0, 0, 0, 0, 0, 0, 0, 0, 0, 0, 0, 0, 0, 0, 0, 0, 0, 0, 0, 0, 0, 0, 0, 0, 0, 0, 0, 0, 0, 0, 0]",180,"[39.57283020019531, 29.826318740844727, 15.454161643981934, 32.85381317138672, 28.882314682006836, 39.3748664855957, 32.01552963256836, 25.245141983032227, 57.76008605957031, 23.977943420410156, 60.92619323730469, 24.6015682220459, 84.13876342773438, 51.28215026855469, 19.780118942260742, 26.36151885986328, 50.24739074707031, 22.747224807739258, 89.8351058959961, 23.501571655273438, 20.174718856811523, 53.2290153503418, 18.954557418823242, 86.197021484375, 114.96418762207031, 110.6229476928711, 58.43776321411133, 10.339210510253906, 88.77984619140625, 21.8931941986084, 119.6342544555664, 70.18916320800781, 31.150646209716797, 92.157470703125, 84.23973846435547, 0.5176948308944702, 65.376953125, 21.533676147460938, 94.6259765625, 111.51924133300781, 32.70741271972656, 112.4305648803711, 12.040046691894531, 111.04794311523438, 66.2709732055664, 20.339313507080078, 116.81742095947266, 38.334651947021484, 2.2335121631622314, 82.9082260131836, 47.29059982299805, 1.2796837091445923, 256.6178894042969, 58.199710845947266, 10.877790451049805, 110.12126159667969, 66.19143676757812, 100.7303237915039, 57.16737365722656, 11.696699142456055, 110.35059356689453, 60.79623031616211, 9.979535102844238, 94.60326385498047, 155.37527465820312, 69.6902084350586, 21.00798797607422, 150.6315460205078, 76.89312744140625, 32.165977478027344, 79.03384399414062, 86.40922546386719, 41.66697692871094, 32.10261154174805, 93.54800415039062, 50.418487548828125, 4.461106777191162, 101.67894744873047, 58.816253662109375, 13.688589096069336, 73.62380981445312, 81.80084991455078, 63.816097259521484, 14.924164772033691, 107.31037139892578, 55.64631652832031, 11.767291069030762, 29.161699295043945, 14.7238130569458, 21.336896896362305, 112.29470825195312, 68.11927032470703, 21.57345199584961, 121.15203094482422, 76.54077911376953, 30.278583526611328, 84.36876678466797, 85.4803237915039, 38.05763626098633, 44.538909912109375, 72.19818115234375, 117.0615463256836, 68.10997772216797, 21.321622848510742, 134.17469787597656, 77.39837646484375, 35.31581115722656, 59.282840728759766, 19.679855346679688, 5.090974807739258, 20.0419979095459, 13.238709449768066, 112.97013854980469, 66.53323364257812, 20.517301559448242, 120.61213684082031, 75.4437255859375, 22.719839096069336, 120.94398498535156, 47.17426681518555, 4.000301361083984, 100.61945343017578, 138.55697631835938, 88.94429016113281, 170.4668426513672, 16.353057861328125, 100.92678833007812, 57.11249923706055, 11.044150352478027, 111.90728759765625, 67.65441131591797, 42.42538070678711, 9.025455474853516, 111.51460266113281, 61.92002868652344, 13.484197616577148, 156.56845092773438, 74.51545715332031, 28.237770080566406, 100.31155395507812, 82.59888458251953, 38.47931671142578, 44.83952331542969, 95.82437133789062, 50.7614860534668, 4.298664569854736, 104.5165023803711, 57.86812973022461, 58.686798095703125, 13.629744529724121, 114.34481811523438, 65.8421859741211, 21.544883728027344, 147.95770263671875, 74.24310302734375, 30.918136596679688, 119.94595336914062, 76.19538879394531, 30.9471435546875, 129.55140686035156, 85.40013885498047, 39.06574630737305, 36.805946350097656, 94.86723327636719, 49.028236389160156, 2.688145160675049, 32.364376068115234, 130.13710021972656, 84.31407928466797, 39.728336334228516, 26.57489013671875, 95.068115234375, 47.73845291137695, 3.2496628761291504, 1.4362977743148804, 103.94514465332031, 57.29216003417969, 12.106668472290039, 112.18557739257812, 65.09969329833984]",0.0,"[19.0, 19.0, 19.0, 20.0, 19.0, 19.0, 20.0, 21.9748427672956, 19.9874213836478, 18.9874213836478, 19.962264150943398, 18.91194968553459, 17.92452830188679, 18.87421383647799, 19.82389937106918, 18.82389937106918, 18.82389937106918, 19.79874213836478, 13.823899371069182, 18.559748427672957, 19.22012578616352, 13.327044025157232, 15.050314465408805, 8.427672955974842, 6.427672955974844, 0.0, 0.0, 0.0, 0.0, 0.0, 0.0, 0.89937106918239, 0.0, 0.0, 0.0, 0.0, 0.0, 0.0, 16.18238993710692, 18.867924528301888, 17.08805031446541, 17.08805031446541, 4.471698113207547, 0.0, 0.0, 0.0, 0.0, 0.0, 0.0, 0.0, 0.0, 0.0, 0.0, 0.0, 0.0, 0.0, 0.0, 0.0, 0.0, 0.0, 0.0, 0.0, 0.8930817610062893, 11.61006289308176, 2.6792452830188678, 0.0, 0.0, 0.0, 0.0, 0.0, 0.0, 0.0, 0.0, 0.0, 0.0, 0.0, 0.0, 0.0, 0.0, 0.0, 0.0, 0.0, 0.0, 0.0, 0.0, 0.0, 0.0, 16.075471698113205, 8.037735849056602, 0.0, 0.0, 0.0, 0.0, 0.0, 0.0, 0.0, 0.0, 0.0, 0.0, 0.0, 3.5723270440251573, 0.0, 0.0, 0.0, 0.0, 0.0, 0.0, 4.465408805031446, 2.6792452830188678, 0.0, 0.0, 0.0, 0.0, 0.0, 0.0, 0.0, 0.0, 0.0, 0.0, 0.0, 0.0, 0.0, 0.0, 11.446540880503145, 7.9245283018867925, 14.050314465408807, 0.0, 0.0, 0.0, 0.0, 0.0, 0.0, 0.0, 8.553459119496857, 8.50943396226415, 6.685534591194969, 0.0, 0.0, 0.0, 0.0, 0.0, 0.0, 0.0, 0.0, 0.0, 0.0, 0.0, 0.0, 0.0, 0.0, 0.0, 0.0, 0.0, 0.0, 0.0, 0.0, 0.0, 0.0, 0.0, 0.0, 0.0, 0.0, 0.0, 0.0, 0.0, 0.0, 0.0, 0.0, 0.0, 0.0, 0.0, 0.0, 0.0, 0.0, 0.0, 0.0, 0.0, 0.0, 0.0, 0.0]",COMPLETE
131,131,0.6918241424173333,2024-08-31 05:33:29.412551,2024-08-31 05:33:44.601975,0 days 00:00:15.189424,64,0.09644478792668969,4,50,0.012411358975659943,95,0.00012356525074505153,0.86,0.85875,33,"[33, 33, 33, 33, 33, 33, 33, 33, 33, 33, 33, 33, 33, 33, 33, 33, 33, 33, 33, 33, 33, 33, 33, 33, 33, 33, 33, 33, 33, 33, 33, 33, 33, 33, 33, 33, 33, 33, 33, 33, 33, 33, 33, 33, 33, 33, 33, 33, 33, 33]",32.94245614035088,"[32.94877192982456, 32.949473684210524, 32.95087719298245, 32.94736842105263, 32.95017543859649, 32.95157894736842, 32.94947368421053, 32.948070175438595, 32.945263157894736, 32.94736842105263, 32.94947368421053, 32.94947368421053, 32.95087719298245, 32.949473684210524, 32.94385964912281, 32.94315789473684, 32.949473684210524, 32.94105263157895, 32.945263157894736, 32.9459649122807, 32.9459649122807, 32.9459649122807, 32.94456140350877, 32.94245614035088, 32.94245614035088, 32.93824561403509, 32.9459649122807, 32.94736842105263, 32.94736842105263, 32.94877192982456, 32.94877192982456, 32.94245614035088, 32.93964912280702, 32.94245614035088, 32.94456140350877, 32.946666666666665, 32.946666666666665, 32.94245614035088, 32.94315789473684, 32.938947368421054, 32.94456140350877, 32.94035087719298, 32.93473684210526, 32.94175438596491, 32.94245614035088, 32.94175438596491, 32.94456140350877, 32.94385964912281, 32.9459649122807, 32.94245614035088]",0.7220997531353462,0.6918241424173333,33,"[33, 33, 33, 33, 33, 33, 33, 33, 33, 33, 33, 33, 33, 33, 33, 33, 33, 33, 33, 33, 33, 33, 33, 33, 33, 33, 33, 33, 33, 33, 33, 33, 33, 33, 33, 33, 33, 33, 33, 33, 33, 33, 33, 33, 33, 33, 33, 33, 33, 33]",50,"[0.4180036783218384, 0.4055565595626831, 0.40054789185523987, 0.3989259600639343, 0.3977247178554535, 0.3966255486011505, 0.395730197429657, 0.3945237100124359, 0.3936575949192047, 0.39283695816993713, 0.3915208578109741, 0.39062440395355225, 0.3897562325000763, 0.3889206051826477, 0.3882901072502136, 0.38754963874816895, 0.3866843283176422, 0.3861251175403595, 0.3855315148830414, 0.3849821388721466, 0.38433510065078735, 0.3835051655769348, 0.383034348487854, 0.3824775815010071, 0.38186538219451904, 0.3813808858394623, 0.3811206817626953, 0.38093531131744385, 0.3802028298377991, 0.37983644008636475, 0.37941795587539673, 0.37916800379753113, 0.3793753385543823, 0.3783225119113922, 0.3778872787952423, 0.3775392770767212, 0.37730303406715393, 0.37711742520332336, 0.3765723407268524, 0.3762565851211548, 0.37595757842063904, 0.37562987208366394, 0.37546271085739136, 0.3752600848674774, 0.37508946657180786, 0.37483352422714233, 0.37447166442871094, 0.3739936053752899, 0.37392616271972656, 0.3733574151992798]",33.0,"[33.0, 33.0, 33.0, 33.0, 33.0, 33.0, 33.0, 33.0, 33.0, 33.0, 33.0, 33.0, 33.0, 33.0, 33.0, 33.0, 33.0, 33.0, 33.0, 33.0, 33.0, 33.0, 33.0, 33.0, 33.0, 33.0, 33.0, 33.0, 33.0, 33.0, 33.0, 33.0, 33.0, 33.0, 33.0, 33.0, 33.0, 33.0, 33.0, 33.0, 33.0, 33.0, 33.0, 33.0, 33.0, 33.0, 33.0, 33.0, 33.0, 33.0]",COMPLETE
