,number,value,datetime_start,datetime_complete,duration,params_batch_size_scaler,params_constant_learning_rate,params_depth,params_epochs,params_kernel_l2,params_num_trees,params_temperature,user_attrs_accuracy_test,user_attrs_accuracy_valid,user_attrs_approximate_feature_sparsity,user_attrs_approximate_feature_sparsity_history,user_attrs_approximate_weight_sparsity,user_attrs_approximate_weight_sparsity_history,user_attrs_auc_test,user_attrs_auc_valid,user_attrs_feature_sparsity,user_attrs_feature_sparsity_history,user_attrs_num_epochs,user_attrs_val_loss_history,user_attrs_weight_sparsity,user_attrs_weight_sparsity_history,state
6,6,0.5,2024-08-31 00:51:01.753001,2024-08-31 00:52:24.312617,0 days 00:01:22.559616,4,0.7165252929544765,3,375,0.3004691355384172,48,0.011212165288662384,0.859,0.85875,0,"[4, 0, 0, 0, 0, 0, 0, 0, 0, 0, 0, 0, 0, 0, 0, 0, 0, 0, 0, 0, 0, 0, 0, 0, 0, 0, 0, 0, 0, 0, 0, 0, 0, 0, 0, 0, 0, 0, 0, 0, 0, 0, 0, 0, 0, 0, 0, 0, 0, 0, 0, 0, 0, 0, 0, 0, 0, 0, 0, 0, 0, 0, 0, 0, 0, 0, 0, 0, 0, 0, 0, 0, 0, 0, 0, 0, 0, 0, 0, 0, 0, 0, 0, 0, 0, 0, 0, 0, 0, 0, 0, 0, 0, 0, 0, 0, 0, 0, 0, 0, 0, 0, 0, 0, 0, 0, 0, 0, 0, 0, 0, 0, 0, 0, 0, 0, 0, 0, 0, 0, 0, 0, 0, 0, 0, 0, 0, 0, 0, 0, 0, 0, 0, 0, 0, 0, 0, 0, 0, 0, 0, 0, 0, 0, 0, 0, 0, 0, 0, 0, 0, 0, 0, 0, 0, 0, 0, 0, 0, 0, 0, 0, 0, 0, 0, 0, 0, 0, 0, 0, 0, 0, 0, 0, 0, 0, 0, 0, 0, 0, 0, 0, 0, 0, 0, 0, 0, 0, 0, 0, 0, 0, 0, 0, 0, 0, 0, 0, 0, 0, 0, 0, 0, 0, 0, 0, 0, 0, 0, 0, 0, 0, 0, 0, 0, 0, 0, 0, 0, 0, 0, 0, 0, 0, 0, 0, 0, 0, 0, 0, 0, 0, 0, 0, 0, 0, 0, 0, 0, 0, 0, 0, 0, 0, 0, 0, 0, 0, 0, 0, 0, 0, 0, 0, 0, 0, 0, 0, 0, 0, 0, 0, 0, 0, 0, 0, 0, 0, 0, 0, 0, 0, 0, 0, 0, 0, 0, 0, 0, 0, 0, 0, 0, 0, 0, 0, 0, 0, 0, 0, 0, 0, 0, 0, 0, 0, 0, 0, 0, 0, 0, 0, 0, 0, 0, 0, 0, 0, 0, 0, 0, 0, 0, 0, 0, 0, 0, 0, 0, 0, 0, 0, 0, 0, 0, 0, 0, 0, 0, 0, 0, 0, 0, 0, 0, 0, 0, 0, 0, 0, 0, 0, 0, 0, 0, 0, 0, 0, 0, 0, 0, 0, 0, 0, 0, 0, 0, 0, 0, 0, 0, 0, 0, 0, 0, 0, 0, 0, 0, 0, 0, 0, 0, 0, 0]",0.0,"[4.0, 0.0, 0.0, 0.0, 0.0, 0.0, 0.0, 0.0, 0.0, 0.0, 0.0, 0.0, 0.0, 0.0, 0.0, 0.0, 0.0, 0.0, 0.0, 0.0, 0.0, 0.0, 0.0, 0.0, 0.0, 0.0, 0.0, 0.0, 0.0, 0.0, 0.0, 0.0, 0.0, 0.0, 0.0, 0.0, 0.0, 0.0, 0.0, 0.0, 0.0, 0.0, 0.0, 0.0, 0.0, 0.0, 0.0, 0.0, 0.0, 0.0, 0.0, 0.0, 0.0, 0.0, 0.0, 0.0, 0.0, 0.0, 0.0, 0.0, 0.0, 0.0, 0.0, 0.0, 0.0, 0.0, 0.0, 0.0, 0.0, 0.0, 0.0, 0.0, 0.0, 0.0, 0.0, 0.0, 0.0, 0.0, 0.0, 0.0, 0.0, 0.0, 0.0, 0.0, 0.0, 0.0, 0.0, 0.0, 0.0, 0.0, 0.0, 0.0, 0.0, 0.0, 0.0, 0.0, 0.0, 0.0, 0.0, 0.0, 0.0, 0.0, 0.0, 0.0, 0.0, 0.0, 0.0, 0.0, 0.0, 0.0, 0.0, 0.0, 0.0, 0.0, 0.0, 0.0, 0.0, 0.0, 0.0, 0.0, 0.0, 0.0, 0.0, 0.0, 0.0, 0.0, 0.0, 0.0, 0.0, 0.0, 0.0, 0.0, 0.0, 0.0, 0.0, 0.0, 0.0, 0.0, 0.0, 0.0, 0.0, 0.0, 0.0, 0.0, 0.0, 0.0, 0.0, 0.0, 0.0, 0.0, 0.0, 0.0, 0.0, 0.0, 0.0, 0.0, 0.0, 0.0, 0.0, 0.0, 0.0, 0.0, 0.0, 0.0, 0.0, 0.0, 0.0, 0.0, 0.0, 0.0, 0.0, 0.0, 0.0, 0.0, 0.0, 0.0, 0.0, 0.0, 0.0, 0.0, 0.0, 0.0, 0.0, 0.0, 0.0, 0.0, 0.0, 0.0, 0.0, 0.0, 0.0, 0.0, 0.0, 0.0, 0.0, 0.0, 0.0, 0.0, 0.0, 0.0, 0.0, 0.0, 0.0, 0.0, 0.0, 0.0, 0.0, 0.0, 0.0, 0.0, 0.0, 0.0, 0.0, 0.0, 0.0, 0.0, 0.0, 0.0, 0.0, 0.0, 0.0, 0.0, 0.0, 0.0, 0.0, 0.0, 0.0, 0.0, 0.0, 0.0, 0.0, 0.0, 0.0, 0.0, 0.0, 0.0, 0.0, 0.0, 0.0, 0.0, 0.0, 0.0, 0.0, 0.0, 0.0, 0.0, 0.0, 0.0, 0.0, 0.0, 0.0, 0.0, 0.0, 0.0, 0.0, 0.0, 0.0, 0.0, 0.0, 0.0, 0.0, 0.0, 0.0, 0.0, 0.0, 0.0, 0.0, 0.0, 0.0, 0.0, 0.0, 0.0, 0.0, 0.0, 0.0, 0.0, 0.0, 0.0, 0.0, 0.0, 0.0, 0.0, 0.0, 0.0, 0.0, 0.0, 0.0, 0.0, 0.0, 0.0, 0.0, 0.0, 0.0, 0.0, 0.0, 0.0, 0.0, 0.0, 0.0, 0.0, 0.0, 0.0, 0.0, 0.0, 0.0, 0.0, 0.0, 0.0, 0.0, 0.0, 0.0, 0.0, 0.0, 0.0, 0.0, 0.0, 0.0, 0.0, 0.0, 0.0, 0.0, 0.0, 0.0, 0.0, 0.0, 0.0, 0.0, 0.0, 0.0, 0.0, 0.0, 0.0, 0.0, 0.0, 0.0, 0.0, 0.0, 0.0, 0.0, 0.0, 0.0, 0.0, 0.0, 0.0, 0.0, 0.0, 0.0, 0.0, 0.0, 0.0, 0.0, 0.0, 0.0, 0.0, 0.0, 0.0, 0.0, 0.0, 0.0, 0.0, 0.0, 0.0, 0.0, 0.0, 0.0, 0.0, 0.0, 0.0, 0.0, 0.0, 0.0, 0.0, 0.0, 0.0, 0.0]",0.5,0.5,0,"[4, 0, 0, 0, 0, 0, 0, 0, 0, 0, 0, 0, 0, 0, 0, 0, 0, 0, 0, 0, 0, 0, 0, 0, 0, 0, 0, 0, 0, 0, 0, 0, 0, 0, 0, 0, 0, 0, 0, 0, 0, 0, 0, 0, 0, 0, 0, 0, 0, 0, 0, 0, 0, 0, 0, 0, 0, 0, 0, 0, 0, 0, 0, 0, 0, 0, 0, 0, 0, 0, 0, 0, 0, 0, 0, 0, 0, 0, 0, 0, 0, 0, 0, 0, 0, 0, 0, 0, 0, 0, 0, 0, 0, 0, 0, 0, 0, 0, 0, 0, 0, 0, 0, 0, 0, 0, 0, 0, 0, 0, 0, 0, 0, 0, 0, 0, 0, 0, 0, 0, 0, 0, 0, 0, 0, 0, 0, 0, 0, 0, 0, 0, 0, 0, 0, 0, 0, 0, 0, 0, 0, 0, 0, 0, 0, 0, 0, 0, 0, 0, 0, 0, 0, 0, 0, 0, 0, 0, 0, 0, 0, 0, 0, 0, 0, 0, 0, 0, 0, 0, 0, 0, 0, 0, 0, 0, 0, 0, 0, 0, 0, 0, 0, 0, 0, 0, 0, 0, 0, 0, 0, 0, 0, 0, 0, 0, 0, 0, 0, 0, 0, 0, 0, 0, 0, 0, 0, 0, 0, 0, 0, 0, 0, 0, 0, 0, 0, 0, 0, 0, 0, 0, 0, 0, 0, 0, 0, 0, 0, 0, 0, 0, 0, 0, 0, 0, 0, 0, 0, 0, 0, 0, 0, 0, 0, 0, 0, 0, 0, 0, 0, 0, 0, 0, 0, 0, 0, 0, 0, 0, 0, 0, 0, 0, 0, 0, 0, 0, 0, 0, 0, 0, 0, 0, 0, 0, 0, 0, 0, 0, 0, 0, 0, 0, 0, 0, 0, 0, 0, 0, 0, 0, 0, 0, 0, 0, 0, 0, 0, 0, 0, 0, 0, 0, 0, 0, 0, 0, 0, 0, 0, 0, 0, 0, 0, 0, 0, 0, 0, 0, 0, 0, 0, 0, 0, 0, 0, 0, 0, 0, 0, 0, 0, 0, 0, 0, 0, 0, 0, 0, 0, 0, 0, 0, 0, 0, 0, 0, 0, 0, 0, 0, 0, 0, 0, 0, 0, 0, 0, 0, 0, 0, 0, 0, 0, 0, 0, 0, 0, 0, 0, 0, 0, 0, 0]",375,"[0.4112187922000885, 0.41168412566185, 0.4268503189086914, 0.41086074709892273, 0.5307713747024536, 0.4090321362018585, 0.4186728298664093, 0.4087527394294739, 0.41194239258766174, 0.40724411606788635, 0.4117571711540222, 0.42731407284736633, 0.40727320313453674, 0.40915560722351074, 0.4238468110561371, 0.40725162625312805, 0.4072292745113373, 0.41855040192604065, 0.40727367997169495, 0.41205230355262756, 0.42442426085472107, 0.41171300411224365, 0.40835732221603394, 0.41901683807373047, 0.41382989287376404, 0.41866135597229004, 0.4116661846637726, 0.4074755907058716, 0.4660733938217163, 0.41199639439582825, 0.41761285066604614, 0.4571150243282318, 0.40722736716270447, 0.45069649815559387, 0.4091993570327759, 0.42509326338768005, 0.408692866563797, 0.41288766264915466, 0.44646453857421875, 0.40770068764686584, 0.4172050952911377, 0.40834465622901917, 0.4082990288734436, 0.4247397184371948, 0.4116649329662323, 0.413176953792572, 0.4083370864391327, 0.4188719689846039, 0.40839889645576477, 0.40756064653396606, 0.43726828694343567, 0.4115768074989319, 0.4242161214351654, 0.43373313546180725, 0.42255768179893494, 0.407228022813797, 0.41424378752708435, 0.4191156327724457, 0.4190570116043091, 0.4388306438922882, 0.4073033928871155, 0.4084986746311188, 0.44049549102783203, 0.41782325506210327, 0.4114428758621216, 0.42647868394851685, 0.4126276671886444, 0.4073788821697235, 0.40761828422546387, 0.44057074189186096, 0.440662682056427, 0.407812237739563, 0.43215107917785645, 0.40836256742477417, 0.5007646679878235, 0.4113529622554779, 0.4221944510936737, 0.4899245798587799, 0.44283196330070496, 0.40722692012786865, 0.40771523118019104, 0.40799546241760254, 0.4212925434112549, 0.40841540694236755, 0.41458848118782043, 0.4072268009185791, 0.4099176526069641, 0.40808722376823425, 0.4246589243412018, 0.4168669879436493, 0.40733906626701355, 0.4081227779388428, 0.4129752814769745, 0.40838995575904846, 0.4164474606513977, 0.416411429643631, 0.4270481765270233, 0.5005519390106201, 0.4179926812648773, 0.4086972773075104, 0.43500420451164246, 0.42510855197906494, 0.4547913074493408, 0.41266629099845886, 0.40817591547966003, 0.4091130495071411, 0.4116186201572418, 0.4276730716228485, 0.4707343280315399, 0.43649256229400635, 0.4072268605232239, 0.4628044068813324, 0.4550958573818207, 0.40768423676490784, 0.4074113368988037, 0.4078065752983093, 0.42634060978889465, 0.40871143341064453, 0.41101375222206116, 0.4072398841381073, 0.41370895504951477, 0.45031851530075073, 0.4261195659637451, 0.4255058169364929, 0.41372454166412354, 0.41874009370803833, 0.40758216381073, 0.4104442596435547, 0.4084659814834595, 0.4082586169242859, 0.4080459177494049, 0.40825870633125305, 0.40907755494117737, 0.41197460889816284, 0.41748401522636414, 0.40757378935813904, 0.4412350058555603, 0.4636848568916321, 0.40797728300094604, 0.41883623600006104, 0.4072807729244232, 0.40734872221946716, 0.4390674829483032, 0.4234081506729126, 0.44480663537979126, 0.40724536776542664, 0.41677388548851013, 0.40733978152275085, 0.40832045674324036, 0.41487911343574524, 0.4081152379512787, 0.41192540526390076, 0.41119450330734253, 0.4167754054069519, 0.41675838828086853, 0.4072418510913849, 0.4256410300731659, 0.4078354239463806, 0.4079592227935791, 0.40722739696502686, 0.4074491858482361, 0.4083811938762665, 0.4130118489265442, 0.4110150933265686, 0.4143088459968567, 0.41191643476486206, 0.4161040484905243, 0.4072531461715698, 0.4099675416946411, 0.4114467203617096, 0.4074395000934601, 0.4132310450077057, 0.427101731300354, 0.4104057550430298, 0.40768805146217346, 0.411624938249588, 0.41829636693000793, 0.4083349108695984, 0.4107747972011566, 0.4096980690956116, 0.4118346869945526, 0.40863853693008423, 0.41733431816101074, 0.44379791617393494, 0.4081679880619049, 0.4128049910068512, 0.40856650471687317, 0.44561654329299927, 0.40747395157814026, 0.4072277843952179, 0.41411083936691284, 0.4118995666503906, 0.4161961078643799, 0.4072321951389313, 0.4182284474372864, 0.4424230456352234, 0.41151711344718933, 0.41748374700546265, 0.4181416630744934, 0.409699410200119, 0.4073384404182434, 0.45491111278533936, 0.4260627031326294, 0.4645896852016449, 0.432506263256073, 0.4410267174243927, 0.4345444440841675, 0.41017255187034607, 0.4083385169506073, 0.40843600034713745, 0.42826175689697266, 0.40737271308898926, 0.4459225535392761, 0.4129108488559723, 0.4250165820121765, 0.41165608167648315, 0.41291001439094543, 0.40942487120628357, 0.4120049774646759, 0.4089609980583191, 0.41183024644851685, 0.428497314453125, 0.45578286051750183, 0.40722769498825073, 0.4072275161743164, 0.4105318784713745, 0.4284924566745758, 0.4073452055454254, 0.40727028250694275, 0.4245837330818176, 0.41160982847213745, 0.41590210795402527, 0.4090118408203125, 0.41924965381622314, 0.4121871292591095, 0.444784551858902, 0.471662700176239, 0.4171814024448395, 0.4200984537601471, 0.4166910648345947, 0.45076778531074524, 0.43317124247550964, 0.4073348343372345, 0.40722769498825073, 0.4072493612766266, 0.41831862926483154, 0.4118386507034302, 0.4263310134410858, 0.40723252296447754, 0.4080043137073517, 0.4103129208087921, 0.40775179862976074, 0.40839940309524536, 0.40814635157585144, 0.41028907895088196, 0.42432400584220886, 0.41919708251953125, 0.4086098074913025, 0.4081037938594818, 0.4165419042110443, 0.4149075746536255, 0.4255959391593933, 0.4179784059524536, 0.4076493978500366, 0.4072280526161194, 0.4116927981376648, 0.4080716669559479, 0.4105917811393738, 0.407725989818573, 0.4273715317249298, 0.408234179019928, 0.4072574973106384, 0.41193923354148865, 0.4118582010269165, 0.41831284761428833, 0.4545225501060486, 0.4083915054798126, 0.4072326719760895, 0.42421954870224, 0.40829068422317505, 0.4283643364906311, 0.4174649715423584, 0.4084036946296692, 0.4083922207355499, 0.41154229640960693, 0.4278499186038971, 0.4099935293197632, 0.4552628993988037, 0.40829750895500183, 0.411823034286499, 0.4534034729003906, 0.4083828330039978, 0.40777072310447693, 0.40773284435272217, 0.40939319133758545, 0.4080961346626282, 0.40832751989364624, 0.4072279632091522, 0.440805584192276, 0.40722939372062683, 0.4239243268966675, 0.44071438908576965, 0.40803322196006775, 0.40724900364875793, 0.41022706031799316, 0.4106646478176117, 0.4178439676761627, 0.41298484802246094, 0.43333515524864197, 0.4165884852409363, 0.4238941967487335, 0.4073633849620819, 0.44127434492111206, 0.41375336050987244, 0.4083236753940582, 0.41156065464019775, 0.4180830121040344, 0.4073770046234131, 0.40722694993019104, 0.4121604859828949, 0.44370296597480774, 0.4230104088783264, 0.4075319170951843, 0.4145681858062744, 0.4492214322090149, 0.4077548086643219, 0.40822723507881165, 0.40786492824554443, 0.4082682132720947, 0.4181112051010132, 0.4362213611602783, 0.40804633498191833, 0.4396229684352875, 0.4172769784927368, 0.40838488936424255, 0.41154158115386963, 0.4157770872116089, 0.41283419728279114, 0.4271128475666046, 0.4747297167778015, 0.4183412790298462, 0.4278022050857544, 0.43087247014045715, 0.423600435256958, 0.4117687940597534, 0.4109565019607544, 0.4082607626914978, 0.409356027841568, 0.407928466796875, 0.431309312582016, 0.4083845615386963, 0.4119018614292145, 0.4216611087322235, 0.42720288038253784, 0.40825262665748596, 0.41157039999961853, 0.4118823707103729, 0.4095768332481384, 0.4116497039794922, 0.4316885769367218, 0.4109185039997101, 0.44591236114501953, 0.4232267141342163, 0.4083935618400574, 0.41684916615486145, 0.41657376289367676, 0.43513885140419006, 0.4072277545928955, 0.4159451723098755, 0.4080844223499298, 0.4080120921134949, 0.40840375423431396, 0.41193678975105286, 0.4072278141975403, 0.41193050146102905]",0.0,"[4.0, 0.0, 0.0, 0.0, 0.0, 0.0, 0.0, 0.0, 0.0, 0.0, 0.0, 0.0, 0.0, 0.0, 0.0, 0.0, 0.0, 0.0, 0.0, 0.0, 0.0, 0.0, 0.0, 0.0, 0.0, 0.0, 0.0, 0.0, 0.0, 0.0, 0.0, 0.0, 0.0, 0.0, 0.0, 0.0, 0.0, 0.0, 0.0, 0.0, 0.0, 0.0, 0.0, 0.0, 0.0, 0.0, 0.0, 0.0, 0.0, 0.0, 0.0, 0.0, 0.0, 0.0, 0.0, 0.0, 0.0, 0.0, 0.0, 0.0, 0.0, 0.0, 0.0, 0.0, 0.0, 0.0, 0.0, 0.0, 0.0, 0.0, 0.0, 0.0, 0.0, 0.0, 0.0, 0.0, 0.0, 0.0, 0.0, 0.0, 0.0, 0.0, 0.0, 0.0, 0.0, 0.0, 0.0, 0.0, 0.0, 0.0, 0.0, 0.0, 0.0, 0.0, 0.0, 0.0, 0.0, 0.0, 0.0, 0.0, 0.0, 0.0, 0.0, 0.0, 0.0, 0.0, 0.0, 0.0, 0.0, 0.0, 0.0, 0.0, 0.0, 0.0, 0.0, 0.0, 0.0, 0.0, 0.0, 0.0, 0.0, 0.0, 0.0, 0.0, 0.0, 0.0, 0.0, 0.0, 0.0, 0.0, 0.0, 0.0, 0.0, 0.0, 0.0, 0.0, 0.0, 0.0, 0.0, 0.0, 0.0, 0.0, 0.0, 0.0, 0.0, 0.0, 0.0, 0.0, 0.0, 0.0, 0.0, 0.0, 0.0, 0.0, 0.0, 0.0, 0.0, 0.0, 0.0, 0.0, 0.0, 0.0, 0.0, 0.0, 0.0, 0.0, 0.0, 0.0, 0.0, 0.0, 0.0, 0.0, 0.0, 0.0, 0.0, 0.0, 0.0, 0.0, 0.0, 0.0, 0.0, 0.0, 0.0, 0.0, 0.0, 0.0, 0.0, 0.0, 0.0, 0.0, 0.0, 0.0, 0.0, 0.0, 0.0, 0.0, 0.0, 0.0, 0.0, 0.0, 0.0, 0.0, 0.0, 0.0, 0.0, 0.0, 0.0, 0.0, 0.0, 0.0, 0.0, 0.0, 0.0, 0.0, 0.0, 0.0, 0.0, 0.0, 0.0, 0.0, 0.0, 0.0, 0.0, 0.0, 0.0, 0.0, 0.0, 0.0, 0.0, 0.0, 0.0, 0.0, 0.0, 0.0, 0.0, 0.0, 0.0, 0.0, 0.0, 0.0, 0.0, 0.0, 0.0, 0.0, 0.0, 0.0, 0.0, 0.0, 0.0, 0.0, 0.0, 0.0, 0.0, 0.0, 0.0, 0.0, 0.0, 0.0, 0.0, 0.0, 0.0, 0.0, 0.0, 0.0, 0.0, 0.0, 0.0, 0.0, 0.0, 0.0, 0.0, 0.0, 0.0, 0.0, 0.0, 0.0, 0.0, 0.0, 0.0, 0.0, 0.0, 0.0, 0.0, 0.0, 0.0, 0.0, 0.0, 0.0, 0.0, 0.0, 0.0, 0.0, 0.0, 0.0, 0.0, 0.0, 0.0, 0.0, 0.0, 0.0, 0.0, 0.0, 0.0, 0.0, 0.0, 0.0, 0.0, 0.0, 0.0, 0.0, 0.0, 0.0, 0.0, 0.0, 0.0, 0.0, 0.0, 0.0, 0.0, 0.0, 0.0, 0.0, 0.0, 0.0, 0.0, 0.0, 0.0, 0.0, 0.0, 0.0, 0.0, 0.0, 0.0, 0.0, 0.0, 0.0, 0.0, 0.0, 0.0, 0.0, 0.0, 0.0, 0.0, 0.0, 0.0, 0.0, 0.0, 0.0, 0.0, 0.0, 0.0, 0.0, 0.0, 0.0, 0.0, 0.0, 0.0, 0.0, 0.0, 0.0, 0.0, 0.0, 0.0, 0.0, 0.0, 0.0, 0.0, 0.0, 0.0, 0.0, 0.0, 0.0, 0.0, 0.0, 0.0]",COMPLETE
