,number,value,datetime_start,datetime_complete,duration,params_batch_size_scaler,params_constant_learning_rate,params_depth,params_epochs,params_kernel_l2,params_num_trees,params_temperature,user_attrs_accuracy_test,user_attrs_accuracy_valid,user_attrs_approximate_feature_sparsity,user_attrs_approximate_feature_sparsity_history,user_attrs_approximate_weight_sparsity,user_attrs_approximate_weight_sparsity_history,user_attrs_auc_test,user_attrs_auc_valid,user_attrs_feature_sparsity,user_attrs_feature_sparsity_history,user_attrs_num_epochs,user_attrs_val_loss_history,user_attrs_weight_sparsity,user_attrs_weight_sparsity_history,state
157,157,0.7473496412515619,2024-08-31 06:13:50.795298,2024-08-31 06:16:16.311614,0 days 00:02:25.516316,64,0.69328639946391,6,185,0.001271811350256034,25,0.004296981788890131,0.873,0.86875,4,"[33, 33, 33, 33, 33, 33, 33, 33, 33, 33, 33, 33, 33, 33, 33, 33, 33, 33, 33, 33, 33, 33, 33, 33, 33, 33, 33, 33, 33, 33, 33, 33, 33, 33, 32, 31, 27, 22, 15, 11, 10, 10, 8, 7, 7, 6, 5, 5, 5, 5, 5, 5, 5, 5, 5, 5, 4, 4, 4, 4, 4, 4, 4, 4, 4, 4, 4, 4, 4, 4, 4, 4, 4, 4, 4, 4, 4, 4, 4, 4, 4, 4, 4, 4, 4, 4, 4, 4, 4, 4, 4, 4, 4, 4, 4, 4, 4, 4, 4, 4, 4, 4, 4, 4, 4, 4, 4, 4, 4, 4, 4, 4, 4, 4, 4, 4, 4, 4, 4, 4, 4, 4, 4, 4, 4, 4, 4, 4, 4, 4, 4, 4, 4, 4, 4, 4, 4, 4, 4, 4, 4, 4, 4, 4, 4, 4, 4, 4, 4, 4, 4, 4, 4, 4, 4, 4, 4, 4, 4, 4, 4, 4, 4, 4, 4, 4, 4, 4, 4, 4, 4, 4, 4, 4, 4, 4, 4, 4, 4, 4, 4, 4, 4, 4, 4]",3.9955555555555553,"[32.95111111111111, 32.946666666666665, 32.94984126984127, 32.95174603174603, 32.95047619047619, 32.95301587301587, 32.95047619047619, 32.94730158730159, 32.94984126984127, 32.93523809523809, 32.94349206349206, 32.94920634920635, 32.946666666666665, 32.94603174603175, 32.95428571428572, 32.95428571428572, 32.95111111111111, 32.944761904761904, 32.94857142857143, 32.94920634920635, 32.94285714285714, 32.948571428571434, 32.95238095238095, 32.95809523809524, 32.95619047619047, 32.94857142857143, 32.94539682539683, 32.94031746031746, 32.94222222222222, 32.94539682539683, 32.946666666666665, 32.946666666666665, 32.95301587301587, 32.94857142857143, 31.95619047619048, 30.956825396825398, 26.96063492063492, 21.964444444444442, 14.976507936507936, 10.986666666666666, 9.988571428571428, 9.982857142857144, 7.98984126984127, 6.986031746031746, 6.984761904761904, 5.986666666666666, 4.992380952380953, 4.994285714285714, 4.994285714285715, 4.989206349206349, 4.992380952380953, 4.994920634920635, 4.991746031746032, 4.993015873015873, 4.993650793650794, 4.993650793650794, 3.9936507936507937, 3.9955555555555557, 3.9911111111111115, 3.993015873015873, 3.9949206349206348, 3.9936507936507937, 3.9949206349206348, 3.993015873015873, 3.9917460317460316, 3.994285714285714, 3.9955555555555553, 3.9949206349206348, 3.993015873015873, 3.9949206349206348, 3.9936507936507937, 3.9955555555555553, 3.9923809523809526, 3.9936507936507937, 3.9936507936507937, 3.9923809523809526, 3.9923809523809526, 3.9936507936507937, 3.9955555555555557, 3.9955555555555557, 3.9936507936507937, 3.994285714285714, 3.9949206349206348, 3.9942857142857147, 3.9923809523809526, 3.9911111111111115, 3.9898412698412695, 3.98984126984127, 3.9955555555555553, 3.9936507936507937, 3.996190476190476, 3.994285714285714, 3.994285714285714, 3.998095238095238, 3.9942857142857147, 3.9955555555555553, 3.994285714285714, 3.996190476190476, 3.9949206349206348, 3.9949206349206348, 3.9949206349206348, 3.994285714285714, 3.9936507936507937, 3.9930158730158727, 3.9936507936507937, 3.9936507936507937, 3.98984126984127, 3.992380952380952, 3.9949206349206348, 3.996190476190476, 3.9949206349206348, 3.9949206349206348, 3.9930158730158727, 3.9936507936507937, 3.9936507936507937, 3.996190476190476, 3.9930158730158727, 3.994285714285714, 3.994285714285714, 3.9949206349206348, 3.9955555555555557, 3.9936507936507937, 3.996190476190476, 3.9949206349206348, 3.994285714285714, 3.9917460317460316, 3.994285714285714, 3.9961904761904763, 3.9936507936507937, 3.9923809523809526, 3.9936507936507937, 3.991111111111111, 3.9930158730158727, 3.9949206349206348, 3.996190476190476, 3.996825396825397, 3.9955555555555557, 3.996825396825397, 3.9955555555555553, 3.993015873015873, 3.9942857142857147, 3.9936507936507937, 3.988571428571429, 3.9904761904761905, 3.9923809523809526, 3.9936507936507937, 3.9923809523809526, 3.9949206349206348, 3.9923809523809526, 3.993015873015873, 3.9936507936507937, 3.9949206349206348, 3.9936507936507937, 3.994285714285714, 3.993015873015873, 3.9949206349206348, 3.994285714285714, 3.996825396825397, 3.9955555555555557, 3.998095238095238, 3.996190476190476, 3.9974603174603174, 3.998730158730159, 3.998095238095238, 3.9949206349206348, 3.9955555555555557, 3.996825396825397, 3.9936507936507937, 3.994285714285714, 3.993015873015873, 3.9904761904761905, 3.9930158730158727, 3.994285714285714, 3.9949206349206348, 3.9955555555555557, 3.998730158730159, 3.9955555555555557, 3.9955555555555557, 3.9936507936507937, 3.9949206349206348, 3.9942857142857147, 3.9955555555555553, 3.998095238095238, 3.996190476190476, 3.9955555555555553]",0.7730083636753936,0.7473496412515619,4,"[33, 33, 33, 33, 33, 33, 33, 33, 33, 33, 33, 33, 33, 33, 33, 33, 33, 33, 33, 33, 33, 33, 33, 33, 33, 33, 33, 33, 33, 33, 33, 33, 33, 33, 32, 31, 27, 22, 15, 11, 10, 10, 8, 7, 7, 6, 5, 5, 5, 5, 5, 5, 5, 5, 5, 5, 4, 4, 4, 4, 4, 4, 4, 4, 4, 4, 4, 4, 4, 4, 4, 4, 4, 4, 4, 4, 4, 4, 4, 4, 4, 4, 4, 4, 4, 4, 4, 4, 4, 4, 4, 4, 4, 4, 4, 4, 4, 4, 4, 4, 4, 4, 4, 4, 4, 4, 4, 4, 4, 4, 4, 4, 4, 4, 4, 4, 4, 4, 4, 4, 4, 4, 4, 4, 4, 4, 4, 4, 4, 4, 4, 4, 4, 4, 4, 4, 4, 4, 4, 4, 4, 4, 4, 4, 4, 4, 4, 4, 4, 4, 4, 4, 4, 4, 4, 4, 4, 4, 4, 4, 4, 4, 4, 4, 4, 4, 4, 4, 4, 4, 4, 4, 4, 4, 4, 4, 4, 4, 4, 4, 4, 4, 4, 4, 4]",185,"[0.5043333768844604, 0.4349505603313446, 0.4104759991168976, 0.3999249339103699, 0.39481934905052185, 0.39078468084335327, 0.3886793851852417, 0.38672134280204773, 0.38450348377227783, 0.38270342350006104, 0.3810344636440277, 0.37995636463165283, 0.37865570187568665, 0.37743568420410156, 0.37622374296188354, 0.3749442994594574, 0.3744312524795532, 0.37332579493522644, 0.37263187766075134, 0.3716060221195221, 0.37074601650238037, 0.3698783218860626, 0.369006872177124, 0.36821049451828003, 0.3675942122936249, 0.36691799759864807, 0.36619868874549866, 0.36543387174606323, 0.3649130165576935, 0.3642880320549011, 0.36357948184013367, 0.3630535900592804, 0.36261120438575745, 0.362163245677948, 0.3616180121898651, 0.36088258028030396, 0.3607948422431946, 0.35897645354270935, 0.3608320653438568, 0.36397838592529297, 0.3690876066684723, 0.3687160015106201, 0.3706693947315216, 0.36990585923194885, 0.3692122995853424, 0.37138548493385315, 0.37123817205429077, 0.3709167242050171, 0.3705669045448303, 0.37049004435539246, 0.37024739384651184, 0.36981815099716187, 0.3695082366466522, 0.3692030608654022, 0.3689270317554474, 0.3686966598033905, 0.3700379431247711, 0.36978521943092346, 0.36952319741249084, 0.36942797899246216, 0.36912935972213745, 0.36880695819854736, 0.36851924657821655, 0.3682428300380707, 0.36803504824638367, 0.36789053678512573, 0.3676038980484009, 0.36743372678756714, 0.3675154745578766, 0.3672594726085663, 0.36678028106689453, 0.3663058876991272, 0.36615675687789917, 0.36588597297668457, 0.36558154225349426, 0.3652663826942444, 0.364904522895813, 0.3647909462451935, 0.36443787813186646, 0.36421146988868713, 0.3640357553958893, 0.3636726438999176, 0.3635074496269226, 0.3631665110588074, 0.36303797364234924, 0.3627846837043762, 0.362583190202713, 0.36238738894462585, 0.3620342016220093, 0.3617561459541321, 0.36150139570236206, 0.36128321290016174, 0.36108577251434326, 0.3608270585536957, 0.3604828119277954, 0.3602699935436249, 0.3601282835006714, 0.3598993718624115, 0.35971134901046753, 0.3594368100166321, 0.35923898220062256, 0.35894057154655457, 0.3586242198944092, 0.3585624694824219, 0.35815584659576416, 0.3580862283706665, 0.3576570749282837, 0.35748541355133057, 0.35710471868515015, 0.356902152299881, 0.35670870542526245, 0.35637179017066956, 0.35601723194122314, 0.3557300269603729, 0.3555060923099518, 0.3552459478378296, 0.3550143539905548, 0.3548102080821991, 0.35458847880363464, 0.3543721139431, 0.35401248931884766, 0.35377267003059387, 0.35354188084602356, 0.3532343804836273, 0.3530315160751343, 0.3527066111564636, 0.3524519205093384, 0.3523597717285156, 0.35197174549102783, 0.3518993854522705, 0.35148125886917114, 0.3512534201145172, 0.351103276014328, 0.3508690595626831, 0.35067808628082275, 0.35042160749435425, 0.3503296375274658, 0.34993332624435425, 0.3497157394886017, 0.3495316803455353, 0.3492196798324585, 0.3489733636379242, 0.3487907648086548, 0.34856605529785156, 0.3483611047267914, 0.34812209010124207, 0.34791842103004456, 0.34774401783943176, 0.34752437472343445, 0.34733763337135315, 0.34714949131011963, 0.3469887971878052, 0.3468681573867798, 0.3467397689819336, 0.34657368063926697, 0.3462527394294739, 0.34619948267936707, 0.34589090943336487, 0.34572333097457886, 0.3456500172615051, 0.34555649757385254, 0.34547579288482666, 0.3452935814857483, 0.3453029692173004, 0.34473133087158203, 0.34469282627105713, 0.3445705771446228, 0.34411725401878357, 0.3438241183757782, 0.34367915987968445, 0.3436376452445984, 0.34357020258903503, 0.34335386753082275, 0.3431198000907898, 0.34294259548187256, 0.3427126407623291, 0.3424740731716156, 0.34235894680023193, 0.34215012192726135, 0.3419606387615204, 0.34180518984794617, 0.34158170223236084, 0.3414555490016937, 0.3412255346775055, 0.34117117524147034]",4.0,"[33.0, 33.0, 33.0, 33.0, 33.0, 33.0, 33.0, 33.0, 33.0, 33.0, 33.0, 33.0, 33.0, 33.0, 33.0, 33.0, 33.0, 33.0, 33.0, 33.0, 33.0, 33.0, 33.0, 33.0, 33.0, 33.0, 33.0, 33.0, 33.0, 33.0, 33.0, 33.0, 33.0, 33.0, 32.0, 31.0, 27.0, 22.0, 15.0, 11.0, 10.0, 10.0, 8.0, 7.0, 7.0, 6.0, 5.0, 5.0, 5.0, 5.0, 5.0, 5.0, 5.0, 5.0, 5.0, 5.0, 4.0, 4.0, 4.0, 4.0, 4.0, 4.0, 4.0, 4.0, 4.0, 4.0, 4.0, 4.0, 4.0, 4.0, 4.0, 4.0, 4.0, 4.0, 4.0, 4.0, 4.0, 4.0, 4.0, 4.0, 4.0, 4.0, 4.0, 4.0, 4.0, 4.0, 4.0, 4.0, 4.0, 4.0, 4.0, 4.0, 4.0, 4.0, 4.0, 4.0, 4.0, 4.0, 4.0, 4.0, 4.0, 4.0, 4.0, 4.0, 4.0, 4.0, 4.0, 4.0, 4.0, 4.0, 4.0, 4.0, 4.0, 4.0, 4.0, 4.0, 4.0, 4.0, 4.0, 4.0, 4.0, 4.0, 4.0, 4.0, 4.0, 4.0, 4.0, 4.0, 4.0, 4.0, 4.0, 4.0, 4.0, 4.0, 4.0, 4.0, 4.0, 4.0, 4.0, 4.0, 4.0, 4.0, 4.0, 4.0, 4.0, 4.0, 4.0, 4.0, 4.0, 4.0, 4.0, 4.0, 4.0, 4.0, 4.0, 4.0, 4.0, 4.0, 4.0, 4.0, 4.0, 4.0, 4.0, 4.0, 4.0, 4.0, 4.0, 4.0, 4.0, 4.0, 4.0, 4.0, 4.0, 4.0, 4.0, 4.0, 4.0, 4.0, 4.0, 4.0, 4.0, 4.0, 4.0, 4.0, 4.0]",COMPLETE
158,158,0.8794940165655473,2024-08-31 06:16:21.425140,2024-08-31 06:25:19.324967,0 days 00:08:57.899827,1,0.338296404176633,6,200,0.015433413504331217,12,0.015094386776941044,0.895,0.91,15,"[22, 15, 15, 15, 15, 15, 15, 15, 15, 15, 15, 15, 15, 15, 15, 15, 15, 15, 15, 15, 15, 15, 15, 15, 15, 15, 15, 15, 15, 15, 15, 15, 15, 15, 15, 15, 15, 15, 15, 15, 15, 15, 15, 15, 15, 15, 15, 15, 15, 15, 15, 15, 15, 15, 15, 15, 15, 15, 15, 15, 15, 15, 15, 15, 15, 15, 15, 15, 15, 15, 15, 15, 15, 15, 15, 15, 15, 15, 15, 15, 15, 15, 15, 15, 15, 15, 15, 15, 15, 15, 15, 15, 15, 15, 15, 15, 15, 15, 15, 15, 15, 15, 15, 15, 15, 15, 15, 15, 15, 15, 15, 15, 15, 15, 15, 15, 15, 15, 15, 15, 15, 15, 15, 15, 15, 15, 15, 15, 15, 15, 15, 15, 15, 15, 15, 15, 15, 15, 15, 15, 15, 15, 15, 15, 15, 15, 15, 15, 15, 15, 15, 15, 15, 15, 15, 15, 15, 15, 15, 15, 15, 15, 15, 15, 15, 15, 15, 15, 15, 15, 15, 15, 15, 15, 15, 15, 15, 15, 15, 15, 15, 15, 15, 15, 15, 15, 15, 15, 15, 15, 15, 15, 15, 15, 15, 15, 15, 15, 15, 15]",14.977513227513228,"[21.96825396825397, 14.985449735449734, 14.99074074074074, 14.988095238095237, 14.98941798941799, 14.984126984126986, 14.985449735449738, 14.974867724867723, 14.981481481481483, 14.988095238095239, 14.98941798941799, 14.981481481481481, 14.981481481481483, 14.98941798941799, 14.988095238095237, 14.988095238095239, 14.985449735449734, 14.984126984126984, 14.984126984126984, 14.97883597883598, 14.980158730158731, 14.984126984126984, 14.982804232804234, 14.982804232804234, 14.988095238095237, 14.984126984126982, 14.989417989417989, 14.986772486772487, 14.98941798941799, 14.982804232804234, 14.985449735449736, 14.988095238095237, 14.981481481481483, 14.984126984126986, 14.982804232804234, 14.990740740740742, 14.982804232804234, 14.986772486772487, 14.981481481481483, 14.98941798941799, 14.982804232804233, 14.973544973544975, 14.981481481481481, 14.984126984126984, 14.986772486772486, 14.980158730158731, 14.977513227513226, 14.986772486772487, 14.99074074074074, 14.982804232804234, 14.99074074074074, 14.984126984126986, 14.99074074074074, 14.992063492063494, 14.98941798941799, 14.993386243386244, 14.985449735449734, 14.977513227513228, 14.986772486772487, 14.976190476190478, 14.984126984126986, 14.985449735449736, 14.984126984126984, 14.985449735449734, 14.984126984126984, 14.986772486772487, 14.988095238095237, 14.981481481481481, 14.986772486772487, 14.988095238095237, 14.982804232804233, 14.981481481481481, 14.980158730158731, 14.990740740740742, 14.986772486772486, 14.988095238095239, 14.984126984126984, 14.984126984126986, 14.986772486772486, 14.988095238095239, 14.986772486772487, 14.985449735449736, 14.984126984126984, 14.97883597883598, 14.986772486772487, 14.981481481481483, 14.986772486772486, 14.985449735449736, 14.984126984126984, 14.976190476190476, 14.980158730158731, 14.976190476190478, 14.976190476190476, 14.980158730158731, 14.974867724867725, 14.974867724867725, 14.976190476190474, 14.982804232804233, 14.981481481481481, 14.977513227513228, 14.981481481481481, 14.984126984126984, 14.985449735449738, 14.98941798941799, 14.973544973544973, 14.976190476190478, 14.976190476190476, 14.981481481481483, 14.97883597883598, 14.96957671957672, 14.977513227513228, 14.978835978835978, 14.97883597883598, 14.976190476190476, 14.970899470899472, 14.981481481481483, 14.968253968253968, 14.980158730158731, 14.976190476190476, 14.976190476190478, 14.970899470899472, 14.981481481481481, 14.969576719576718, 14.97883597883598, 14.977513227513226, 14.976190476190478, 14.969576719576718, 14.978835978835978, 14.973544973544973, 14.977513227513228, 14.988095238095239, 14.985449735449734, 14.980158730158731, 14.98941798941799, 14.981481481481481, 14.981481481481485, 14.982804232804234, 14.984126984126986, 14.98148148148148, 14.982804232804233, 14.984126984126984, 14.97883597883598, 14.973544973544975, 14.986772486772487, 14.974867724867725, 14.976190476190478, 14.978835978835978, 14.980158730158731, 14.977513227513228, 14.982804232804233, 14.977513227513228, 14.98015873015873, 14.986772486772486, 14.978835978835978, 14.976190476190476, 14.978835978835981, 14.966931216931217, 14.976190476190478, 14.980158730158731, 14.974867724867725, 14.97089947089947, 14.986772486772487, 14.984126984126984, 14.976190476190476, 14.984126984126984, 14.972222222222221, 14.986772486772486, 14.978835978835978, 14.977513227513228, 14.976190476190476, 14.973544973544971, 14.965608465608465, 14.981481481481483, 14.984126984126984, 14.980158730158731, 14.981481481481481, 14.981481481481481, 14.973544973544973, 14.974867724867726, 14.977513227513226, 14.977513227513228, 14.978835978835981, 14.977513227513228, 14.982804232804233, 14.977513227513228, 14.981481481481481, 14.974867724867726, 14.980158730158731, 14.977513227513228, 14.977513227513226, 14.972222222222223, 14.974867724867725, 14.982804232804233, 14.97883597883598, 14.980158730158731, 14.980158730158731, 14.98015873015873, 14.968253968253968, 14.980158730158731, 14.977513227513228]",0.8891090580338344,0.8794940165655473,15,"[22, 15, 15, 15, 15, 15, 15, 15, 15, 15, 15, 15, 15, 15, 15, 15, 15, 15, 15, 15, 15, 15, 15, 15, 15, 15, 15, 15, 15, 15, 15, 15, 15, 15, 15, 15, 15, 15, 15, 15, 15, 15, 15, 15, 15, 15, 15, 15, 15, 15, 15, 15, 15, 15, 15, 15, 15, 15, 15, 15, 15, 15, 15, 15, 15, 15, 15, 15, 15, 15, 15, 15, 15, 15, 15, 15, 15, 15, 15, 15, 15, 15, 15, 15, 15, 15, 15, 15, 15, 15, 15, 15, 15, 15, 15, 15, 15, 15, 15, 15, 15, 15, 15, 15, 15, 15, 15, 15, 15, 15, 15, 15, 15, 15, 15, 15, 15, 15, 15, 15, 15, 15, 15, 15, 15, 15, 15, 15, 15, 15, 15, 15, 15, 15, 15, 15, 15, 15, 15, 15, 15, 15, 15, 15, 15, 15, 15, 15, 15, 15, 15, 15, 15, 15, 15, 15, 15, 15, 15, 15, 15, 15, 15, 15, 15, 15, 15, 15, 15, 15, 15, 15, 15, 15, 15, 15, 15, 15, 15, 15, 15, 15, 15, 15, 15, 15, 15, 15, 15, 15, 15, 15, 15, 15, 15, 15, 15, 15, 15, 15]",200,"[0.3651583194732666, 0.348908394575119, 0.33022916316986084, 0.3065018951892853, 0.29006341099739075, 0.2799353003501892, 0.2703309953212738, 0.2660454213619232, 0.25811511278152466, 0.25498974323272705, 0.25305643677711487, 0.2541462779045105, 0.24929973483085632, 0.24549679458141327, 0.24285683035850525, 0.24236999452114105, 0.23997920751571655, 0.23744039237499237, 0.23651258647441864, 0.23604384064674377, 0.23882918059825897, 0.23380392789840698, 0.23192280530929565, 0.2309889942407608, 0.22973491251468658, 0.23153230547904968, 0.23184320330619812, 0.22796887159347534, 0.2279294729232788, 0.23136301338672638, 0.23450788855552673, 0.2264176309108734, 0.23506756126880646, 0.2238723635673523, 0.22897577285766602, 0.2224857360124588, 0.22502458095550537, 0.22703039646148682, 0.23156003654003143, 0.2235741764307022, 0.22085940837860107, 0.22302180528640747, 0.2258206009864807, 0.22238998115062714, 0.22214408218860626, 0.2220691293478012, 0.22568881511688232, 0.22312647104263306, 0.2228090614080429, 0.22034521400928497, 0.23330728709697723, 0.2286616861820221, 0.220290869474411, 0.2205997258424759, 0.22365111112594604, 0.2270246297121048, 0.22586175799369812, 0.2168278694152832, 0.2247861623764038, 0.21893425285816193, 0.21656812727451324, 0.2258511483669281, 0.22157840430736542, 0.22347325086593628, 0.2183719128370285, 0.22264043986797333, 0.22062869369983673, 0.21748848259449005, 0.22232989966869354, 0.22517205774784088, 0.2177629917860031, 0.21848344802856445, 0.21918468177318573, 0.2193933129310608, 0.2192123830318451, 0.22030755877494812, 0.2218817174434662, 0.22207239270210266, 0.22155609726905823, 0.22614739835262299, 0.22268126904964447, 0.21888744831085205, 0.2312183827161789, 0.2194139063358307, 0.21882322430610657, 0.2207694947719574, 0.21812254190444946, 0.21979813277721405, 0.22101464867591858, 0.22375459969043732, 0.22232848405838013, 0.2248406857252121, 0.24066978693008423, 0.22169706225395203, 0.22332414984703064, 0.22304023802280426, 0.22559213638305664, 0.22558102011680603, 0.22480909526348114, 0.22288629412651062, 0.2239697277545929, 0.2230202704668045, 0.22412598133087158, 0.22241906821727753, 0.22361218929290771, 0.2247154265642166, 0.22601352632045746, 0.2261296510696411, 0.2321348786354065, 0.23318155109882355, 0.22330965101718903, 0.22964200377464294, 0.2311023771762848, 0.23531116545200348, 0.23234020173549652, 0.23526282608509064, 0.23758140206336975, 0.22639799118041992, 0.23249086737632751, 0.2323899120092392, 0.2372223138809204, 0.2299301028251648, 0.2367333173751831, 0.23891714215278625, 0.2336229383945465, 0.23061104118824005, 0.2371262013912201, 0.23691806197166443, 0.22957488894462585, 0.24008725583553314, 0.22922754287719727, 0.23245473206043243, 0.2325197160243988, 0.23702877759933472, 0.23329828679561615, 0.2324717491865158, 0.2378721833229065, 0.23586934804916382, 0.23539556562900543, 0.2397897094488144, 0.23611000180244446, 0.2372402399778366, 0.24456839263439178, 0.23408761620521545, 0.23681983351707458, 0.2402702271938324, 0.24498991668224335, 0.2426731288433075, 0.24031993746757507, 0.23816263675689697, 0.23952440917491913, 0.23978111147880554, 0.2381337583065033, 0.25014641880989075, 0.23652498424053192, 0.24356691539287567, 0.2448122203350067, 0.24542006850242615, 0.24659961462020874, 0.24587561190128326, 0.24934858083724976, 0.2462088018655777, 0.2518313527107239, 0.25132355093955994, 0.24961623549461365, 0.2538678050041199, 0.25349321961402893, 0.25858622789382935, 0.2548781633377075, 0.25071820616722107, 0.25516852736473083, 0.2505992650985718, 0.25434258580207825, 0.24977092444896698, 0.2568388879299164, 0.2536911964416504, 0.25924864411354065, 0.25653111934661865, 0.2543598413467407, 0.253968209028244, 0.25527963042259216, 0.25967419147491455, 0.2577442228794098, 0.2608838379383087, 0.2571254074573517, 0.25729113817214966, 0.2510814070701599, 0.2588278651237488, 0.2606818974018097, 0.26608142256736755, 0.26422640681266785, 0.25366345047950745, 0.2645000219345093, 0.26766255497932434, 0.26100870966911316, 0.2717922329902649, 0.269478976726532, 0.26393091678619385, 0.27173084020614624, 0.2772178649902344]",15.0,"[22.0, 15.0, 15.0, 15.0, 15.0, 15.0, 15.0, 15.0, 15.0, 15.0, 15.0, 15.0, 15.0, 15.0, 15.0, 15.0, 15.0, 15.0, 15.0, 15.0, 15.0, 15.0, 15.0, 15.0, 15.0, 15.0, 15.0, 15.0, 15.0, 15.0, 15.0, 15.0, 15.0, 15.0, 15.0, 15.0, 15.0, 15.0, 15.0, 15.0, 15.0, 15.0, 15.0, 15.0, 15.0, 15.0, 15.0, 15.0, 15.0, 15.0, 15.0, 15.0, 15.0, 15.0, 15.0, 15.0, 15.0, 15.0, 15.0, 15.0, 15.0, 15.0, 15.0, 15.0, 15.0, 15.0, 15.0, 15.0, 15.0, 15.0, 15.0, 15.0, 15.0, 15.0, 15.0, 15.0, 15.0, 15.0, 15.0, 15.0, 15.0, 15.0, 15.0, 15.0, 15.0, 15.0, 15.0, 15.0, 15.0, 15.0, 15.0, 15.0, 15.0, 15.0, 15.0, 15.0, 15.0, 15.0, 15.0, 15.0, 15.0, 15.0, 15.0, 15.0, 15.0, 15.0, 15.0, 15.0, 15.0, 15.0, 15.0, 15.0, 15.0, 15.0, 15.0, 15.0, 15.0, 15.0, 15.0, 15.0, 15.0, 15.0, 15.0, 15.0, 15.0, 15.0, 15.0, 15.0, 15.0, 15.0, 15.0, 15.0, 15.0, 15.0, 15.0, 15.0, 15.0, 15.0, 15.0, 15.0, 15.0, 15.0, 15.0, 15.0, 15.0, 15.0, 15.0, 15.0, 15.0, 15.0, 15.0, 15.0, 15.0, 15.0, 15.0, 15.0, 15.0, 15.0, 15.0, 15.0, 15.0, 15.0, 15.0, 15.0, 15.0, 15.0, 15.0, 15.0, 15.0, 15.0, 15.0, 15.0, 15.0, 15.0, 15.0, 15.0, 15.0, 15.0, 15.0, 15.0, 15.0, 15.0, 15.0, 15.0, 15.0, 15.0, 15.0, 15.0, 15.0, 15.0, 15.0, 15.0, 15.0, 15.0, 15.0, 15.0, 15.0, 15.0, 15.0, 15.0]",COMPLETE
