,number,value,datetime_start,datetime_complete,duration,params_batch_size_scaler,params_constant_learning_rate,params_depth,params_epochs,params_kernel_l2,params_num_trees,params_temperature,user_attrs_accuracy_test,user_attrs_accuracy_valid,user_attrs_approximate_feature_sparsity,user_attrs_approximate_feature_sparsity_history,user_attrs_approximate_weight_sparsity,user_attrs_approximate_weight_sparsity_history,user_attrs_auc_test,user_attrs_auc_valid,user_attrs_feature_sparsity,user_attrs_feature_sparsity_history,user_attrs_num_epochs,user_attrs_val_loss_history,user_attrs_weight_sparsity,user_attrs_weight_sparsity_history,state
48,48,0.9215583980626295,2024-08-31 02:29:39.358786,2024-08-31 02:35:09.390503,0 days 00:05:30.031717,1,0.4413143774303137,1,500,0.009944013193704825,83,0.00025225432223342233,0.656,0.65875,18,"[33, 33, 33, 33, 33, 33, 31, 29, 27, 27, 26, 26, 26, 25, 23, 23, 23, 23, 23, 23, 22, 22, 22, 22, 22, 22, 22, 22, 22, 22, 22, 22, 22, 22, 22, 21, 21, 21, 21, 21, 21, 21, 21, 21, 21, 21, 21, 21, 21, 21, 21, 21, 21, 21, 21, 21, 20, 20, 20, 19, 18, 18, 18, 18, 18, 18, 18, 18, 18, 18, 18, 18, 18, 18, 18, 18, 18, 18, 18, 18, 18, 18, 18, 18, 18, 18, 18, 18, 18, 18, 18, 18, 18, 18, 18, 18, 18, 18, 18, 18, 18, 18, 18, 18, 18, 18, 18, 18, 18, 18, 18, 18, 18, 18, 18, 18, 18, 18, 18, 18, 18, 18, 18, 18, 18, 18, 18, 18, 18, 18, 18, 18, 18, 18, 18, 18, 18, 18, 18, 18, 18, 18, 18, 18, 18, 18, 18, 18, 18, 18, 18, 18, 18, 18, 18, 18, 18, 18, 18, 18, 18, 18, 18, 18, 18, 18, 18, 18, 18, 18, 18, 18, 18, 18, 18, 18, 18, 18, 18, 18, 18, 18, 18, 18, 18, 18, 18, 18, 18, 18, 18, 18, 18, 18, 18, 18, 18, 18, 18, 18, 18, 18, 18, 18, 18, 18, 18, 18, 18, 18, 18, 18, 18, 18, 18, 18, 18, 18, 18, 18, 18, 18, 18, 18, 18, 18, 18, 18, 18, 18, 18, 18, 18, 18, 18, 18, 18, 18, 18, 18, 18, 18, 18, 18, 18, 18, 18, 18, 18, 18, 18, 18, 18, 18, 18, 18, 18, 18, 18, 18, 18, 18, 18, 18, 18, 18, 18, 18, 18, 18, 18, 18, 18, 18, 18, 18, 18, 18, 18, 18, 18, 18, 18, 18, 18, 18, 18, 18, 18, 18, 18, 18, 18, 18, 18, 18, 18, 18, 18, 18, 18, 18, 18, 18, 18, 18, 18, 18, 18, 18, 18, 18, 18, 18, 18, 18, 18, 18, 18, 18, 18, 18, 18, 18, 18, 18, 18, 18, 18, 18, 18, 18, 18, 18, 18, 18, 18, 18, 18, 18, 18, 18, 18, 18, 18, 18, 18, 18, 18, 18, 18, 18, 18, 18, 18, 18, 18, 18, 18, 18, 18, 18, 18, 18, 18, 18, 18, 18, 18, 18, 18, 18, 18, 18, 18, 18, 18, 18, 18, 18, 18, 18, 18, 18, 18, 18, 18, 18, 18, 18, 18, 18, 18, 18, 18, 18, 18, 18, 18, 18, 18, 18, 18, 18, 18, 18, 18, 18, 18, 18, 18, 18, 18, 18, 18, 18, 18, 18, 18, 18, 18, 18, 18, 18, 18, 18, 18, 18, 18, 18, 18, 18, 18, 18, 18, 18, 18, 18, 18, 18, 18, 18, 18, 18, 18, 18, 18, 18, 18, 18, 18, 18, 18, 18, 18, 18, 18, 18, 18, 18, 18, 18, 18, 18, 18, 18, 18, 18, 18, 18, 18, 18, 18, 18, 18, 18, 18, 18, 18, 18, 18, 18, 18, 18, 18, 18, 18, 18, 18, 18, 18, 18, 18, 18, 18, 18, 18, 18, 18, 18]",17.96385542168675,"[32.963855421686745, 32.98795180722892, 32.98795180722892, 33.0, 33.0, 32.975903614457835, 31.0, 28.97590361445783, 26.97590361445783, 26.963855421686745, 25.987951807228917, 25.987951807228917, 25.963855421686745, 24.97590361445783, 22.97590361445783, 23.0, 22.97590361445783, 22.987951807228917, 22.987951807228917, 22.987951807228917, 21.963855421686745, 21.987951807228917, 21.987951807228917, 21.97590361445783, 22.0, 22.0, 21.987951807228917, 21.97590361445783, 22.0, 21.97590361445783, 21.963855421686745, 21.97590361445783, 21.987951807228917, 22.0, 21.96385542168675, 20.97590361445783, 20.963855421686745, 20.93975903614458, 20.97590361445783, 20.975903614457835, 20.987951807228917, 20.975903614457835, 21.0, 20.963855421686745, 20.951807228915662, 20.987951807228917, 20.963855421686745, 20.987951807228917, 20.987951807228917, 20.975903614457835, 20.963855421686745, 20.963855421686745, 20.97590361445783, 20.987951807228917, 20.963855421686745, 20.96385542168675, 19.987951807228917, 19.987951807228917, 19.987951807228917, 18.987951807228917, 17.97590361445783, 17.97590361445783, 17.97590361445783, 17.987951807228917, 17.97590361445783, 17.987951807228917, 17.987951807228917, 17.963855421686745, 18.0, 17.963855421686745, 17.97590361445783, 17.97590361445783, 18.0, 17.987951807228917, 17.987951807228917, 17.96385542168675, 17.97590361445783, 17.97590361445783, 17.975903614457835, 17.951807228915662, 17.963855421686745, 17.987951807228917, 17.987951807228917, 17.975903614457835, 17.975903614457835, 17.951807228915662, 17.963855421686745, 17.97590361445783, 17.987951807228917, 17.963855421686745, 17.97590361445783, 17.93975903614458, 17.963855421686745, 17.951807228915662, 17.963855421686745, 17.97590361445783, 17.927710843373493, 17.97590361445783, 17.927710843373497, 17.987951807228917, 17.97590361445783, 17.97590361445783, 17.987951807228917, 17.987951807228917, 17.97590361445783, 17.97590361445783, 17.97590361445783, 17.97590361445783, 17.951807228915662, 17.987951807228917, 17.963855421686745, 17.951807228915662, 17.97590361445783, 17.987951807228917, 18.0, 17.987951807228917, 17.903614457831324, 17.963855421686745, 17.97590361445783, 17.97590361445783, 18.0, 17.987951807228917, 17.951807228915662, 17.951807228915662, 17.97590361445783, 17.963855421686745, 17.903614457831324, 17.83132530120482, 17.97590361445783, 17.879518072289155, 17.97590361445783, 17.963855421686745, 17.963855421686745, 17.927710843373497, 17.951807228915662, 17.97590361445783, 17.975903614457835, 17.951807228915662, 17.987951807228917, 17.93975903614458, 17.927710843373497, 17.951807228915662, 17.89156626506024, 17.951807228915662, 17.93975903614458, 17.93975903614458, 17.987951807228917, 17.93975903614458, 17.96385542168675, 17.951807228915662, 17.951807228915662, 17.93975903614458, 17.951807228915662, 17.963855421686745, 17.951807228915662, 17.951807228915662, 17.963855421686745, 17.963855421686745, 17.97590361445783, 17.97590361445783, 17.97590361445783, 17.97590361445783, 17.951807228915662, 17.97590361445783, 17.963855421686745, 17.93975903614458, 17.963855421686745, 17.97590361445783, 17.963855421686745, 17.97590361445783, 17.951807228915662, 17.951807228915662, 17.963855421686745, 17.963855421686745, 17.951807228915662, 17.927710843373493, 17.927710843373493, 17.93975903614458, 17.97590361445783, 17.951807228915662, 17.951807228915662, 17.97590361445783, 17.97590361445783, 17.97590361445783, 17.97590361445783, 17.96385542168675, 17.96385542168675, 17.93975903614458, 17.96385542168675, 17.939759036144576, 17.96385542168675, 17.975903614457835, 17.96385542168675, 17.963855421686745, 17.963855421686745, 17.963855421686745, 17.963855421686745, 17.951807228915662, 17.97590361445783, 17.97590361445783, 17.93975903614458, 17.951807228915662, 17.951807228915662, 17.951807228915662, 17.927710843373493, 17.927710843373493, 17.927710843373493, 17.93975903614458, 17.915662650602407, 17.927710843373493, 17.951807228915662, 17.951807228915662, 17.927710843373493, 17.903614457831324, 17.93975903614458, 17.927710843373493, 17.963855421686745, 17.927710843373493, 17.91566265060241, 17.93975903614458, 17.93975903614458, 17.93975903614458, 17.97590361445783, 17.97590361445783, 17.963855421686745, 17.987951807228917, 17.91566265060241, 17.97590361445783, 17.951807228915662, 17.963855421686745, 17.93975903614458, 17.951807228915662, 17.963855421686745, 17.97590361445783, 18.0, 17.987951807228917, 17.97590361445783, 17.987951807228917, 17.93975903614458, 17.97590361445783, 18.0, 17.963855421686745, 17.951807228915662, 17.987951807228917, 17.987951807228917, 17.951807228915662, 17.97590361445783, 17.963855421686745, 17.93975903614458, 17.915662650602407, 17.951807228915662, 17.97590361445783, 17.97590361445783, 17.951807228915662, 17.97590361445783, 17.97590361445783, 17.93975903614458, 17.927710843373493, 17.91566265060241, 17.927710843373497, 17.903614457831324, 17.85542168674699, 17.91566265060241, 17.89156626506024, 17.855421686746986, 17.843373493975903, 17.951807228915662, 17.93975903614458, 17.927710843373493, 17.951807228915662, 17.951807228915662, 17.927710843373493, 17.951807228915662, 17.951807228915662, 17.927710843373493, 17.879518072289155, 17.89156626506024, 17.86746987951807, 17.915662650602407, 17.903614457831324, 17.915662650602407, 17.879518072289155, 17.915662650602407, 17.915662650602407, 17.89156626506024, 17.915662650602407, 17.927710843373493, 17.915662650602407, 17.927710843373493, 17.927710843373493, 17.951807228915662, 17.927710843373493, 17.903614457831324, 17.951807228915662, 17.903614457831324, 17.87951807228916, 17.93975903614458, 17.93975903614458, 17.915662650602407, 17.927710843373493, 17.927710843373493, 17.93975903614458, 17.89156626506024, 17.91566265060241, 17.915662650602407, 17.951807228915662, 17.93975903614458, 17.903614457831324, 17.89156626506024, 17.927710843373493, 17.89156626506024, 17.93975903614458, 17.97590361445783, 17.97590361445783, 17.987951807228917, 17.97590361445783, 17.96385542168675, 18.0, 18.0, 17.97590361445783, 17.987951807228917, 17.987951807228917, 17.987951807228917, 17.951807228915662, 17.915662650602414, 17.987951807228917, 17.963855421686745, 17.97590361445783, 17.97590361445783, 17.97590361445783, 17.97590361445783, 17.97590361445783, 17.97590361445783, 17.987951807228917, 17.987951807228917, 17.97590361445783, 17.97590361445783, 17.987951807228917, 17.987951807228917, 17.987951807228917, 17.963855421686745, 17.951807228915662, 17.819277108433734, 17.819277108433734, 17.80722891566265, 17.783132530120483, 17.819277108433734, 17.927710843373497, 17.927710843373497, 17.93975903614458, 17.963855421686745, 17.87951807228916, 17.783132530120483, 17.783132530120483, 17.97590361445783, 17.89156626506024, 17.963855421686745, 17.783132530120483, 17.963855421686745, 17.951807228915662, 17.963855421686745, 17.783132530120483, 17.963855421686745, 17.97590361445783, 17.951807228915662, 17.963855421686745, 17.987951807228917, 18.0, 17.97590361445783, 17.97590361445783, 17.97590361445783, 17.987951807228917, 17.97590361445783, 17.963855421686745, 17.97590361445783, 17.97590361445783, 17.97590361445783, 17.987951807228917, 17.963855421686745, 17.97590361445783, 17.97590361445783, 17.963855421686745, 17.951807228915662, 17.963855421686745, 17.97590361445783, 17.963855421686745, 17.963855421686745, 17.963855421686745, 17.97590361445783, 17.97590361445783, 17.963855421686745, 17.97590361445783, 18.0, 17.987951807228917, 17.987951807228917, 17.97590361445783, 17.97590361445783, 17.97590361445783, 17.97590361445783, 17.987951807228917, 17.987951807228917, 17.97590361445783, 17.97590361445783, 17.987951807228917, 17.97590361445783, 17.97590361445783, 17.963855421686745, 17.987951807228917, 18.0, 18.0, 17.987951807228917, 17.96385542168675, 17.97590361445783, 17.987951807228917, 18.0, 18.0, 17.987951807228917, 17.987951807228917, 17.987951807228917, 17.987951807228917, 17.987951807228917, 17.975903614457835, 17.987951807228917, 18.0, 18.0, 17.783132530120483, 17.7710843373494, 17.83132530120482, 17.97590361445783, 17.97590361445783, 17.97590361445783, 17.87951807228916, 17.96385542168675, 17.89156626506024, 17.987951807228917, 17.963855421686745, 17.674698795180724, 17.975903614457835, 18.0, 17.963855421686745, 17.951807228915662, 17.987951807228917, 17.975903614457835, 17.987951807228917, 17.975903614457835, 17.951807228915662, 17.96385542168675, 17.96385542168675, 17.975903614457835, 17.975903614457835, 17.96385542168675, 17.96385542168675, 17.96385542168675, 17.975903614457835, 17.96385542168675, 17.975903614457835, 17.96385542168675, 17.96385542168675, 17.96385542168675, 17.96385542168675, 17.96385542168675, 17.96385542168675, 17.96385542168675, 17.96385542168675, 17.96385542168675, 17.96385542168675, 17.96385542168675, 17.96385542168675, 17.975903614457835, 17.96385542168675, 17.975903614457835, 17.975903614457835, 17.975903614457835, 17.96385542168675, 17.93975903614458, 17.96385542168675, 17.975903614457835, 17.951807228915662, 17.93975903614458, 17.867469879518076, 17.93975903614458, 17.951807228915662, 17.96385542168675, 17.951807228915662, 17.96385542168675, 17.951807228915662, 17.96385542168675, 17.975903614457835, 17.951807228915662, 17.975903614457835, 17.96385542168675, 17.93975903614458, 17.975903614457835, 17.987951807228917, 17.987951807228917, 17.975903614457835, 17.975903614457835, 17.96385542168675, 17.975903614457835, 17.96385542168675]",0.9126066100281541,0.9215583980626295,18,"[33, 33, 33, 33, 33, 33, 31, 29, 27, 27, 26, 26, 26, 25, 23, 23, 23, 23, 23, 23, 22, 22, 22, 22, 22, 22, 22, 22, 22, 22, 22, 22, 22, 22, 22, 21, 21, 21, 21, 21, 21, 21, 21, 21, 21, 21, 21, 21, 21, 21, 21, 21, 21, 21, 21, 21, 20, 20, 20, 19, 18, 18, 18, 18, 18, 18, 18, 18, 18, 18, 18, 18, 18, 18, 18, 18, 18, 18, 18, 18, 18, 18, 18, 18, 18, 18, 18, 18, 18, 18, 18, 18, 18, 18, 18, 18, 18, 18, 18, 18, 18, 18, 18, 18, 18, 18, 18, 18, 18, 18, 18, 18, 18, 18, 18, 18, 18, 18, 18, 18, 18, 18, 18, 18, 18, 18, 18, 18, 18, 18, 18, 18, 18, 18, 18, 18, 18, 18, 18, 18, 18, 18, 18, 18, 18, 18, 18, 18, 18, 18, 18, 18, 18, 18, 18, 18, 18, 18, 18, 18, 18, 18, 18, 18, 18, 18, 18, 18, 18, 18, 18, 18, 18, 18, 18, 18, 18, 18, 18, 18, 18, 18, 18, 18, 18, 18, 18, 18, 18, 18, 18, 18, 18, 18, 18, 18, 18, 18, 18, 18, 18, 18, 18, 18, 18, 18, 18, 18, 18, 18, 18, 18, 18, 18, 18, 18, 18, 18, 18, 18, 18, 18, 18, 18, 18, 18, 18, 18, 18, 18, 18, 18, 18, 18, 18, 18, 18, 18, 18, 18, 18, 18, 18, 18, 18, 18, 18, 18, 18, 18, 18, 18, 18, 18, 18, 18, 18, 18, 18, 18, 18, 18, 18, 18, 18, 18, 18, 18, 18, 18, 18, 18, 18, 18, 18, 18, 18, 18, 18, 18, 18, 18, 18, 18, 18, 18, 18, 18, 18, 18, 18, 18, 18, 18, 18, 18, 18, 18, 18, 18, 18, 18, 18, 18, 18, 18, 18, 18, 18, 18, 18, 18, 18, 18, 18, 18, 18, 18, 18, 18, 18, 18, 18, 18, 18, 18, 18, 18, 18, 18, 18, 18, 18, 18, 18, 18, 18, 18, 18, 18, 18, 18, 18, 18, 18, 18, 18, 18, 18, 18, 18, 18, 18, 18, 18, 18, 18, 18, 18, 18, 18, 18, 18, 18, 18, 18, 18, 18, 18, 18, 18, 18, 18, 18, 18, 18, 18, 18, 18, 18, 18, 18, 18, 18, 18, 18, 18, 18, 18, 18, 18, 18, 18, 18, 18, 18, 18, 18, 18, 18, 18, 18, 18, 18, 18, 18, 18, 18, 18, 18, 18, 18, 18, 18, 18, 18, 18, 18, 18, 18, 18, 18, 18, 18, 18, 18, 18, 18, 18, 18, 18, 18, 18, 18, 18, 18, 18, 18, 18, 18, 18, 18, 18, 18, 18, 18, 18, 18, 18, 18, 18, 18, 18, 18, 18, 18, 18, 18, 18, 18, 18, 18, 18, 18, 18, 18, 18, 18, 18, 18, 18, 18, 18, 18, 18, 18, 18, 18, 18, 18, 18, 18, 18, 18, 18, 18, 18, 18, 18, 18, 18, 18, 18, 18, 18, 18, 18, 18, 18, 18]",500,"[0.7418310046195984, 0.5104932188987732, 0.5160477161407471, 0.4142491817474365, 0.7046470046043396, 0.6817070841789246, 0.28384846448898315, 0.2896670401096344, 0.5917413234710693, 0.3459413945674896, 0.24531419575214386, 0.3251835107803345, 0.3189026415348053, 0.26855507493019104, 0.32558301091194153, 0.4732927083969116, 0.7996630668640137, 0.20994862914085388, 0.27591243386268616, 0.37104538083076477, 0.47945454716682434, 0.24358202517032623, 0.23938797414302826, 0.2969995141029358, 0.32104623317718506, 0.4746679663658142, 0.351924866437912, 0.36469313502311707, 2.695467472076416, 0.42672502994537354, 0.24172326922416687, 0.6124323606491089, 0.3387433588504791, 0.23722831904888153, 0.26998475193977356, 0.3374451696872711, 0.38933265209198, 0.2775324881076813, 0.4942814111709595, 0.2794889509677887, 0.9426389932632446, 0.4449338912963867, 0.26760345697402954, 0.2739783227443695, 0.2717019021511078, 0.7877056002616882, 0.2571536898612976, 0.25908493995666504, 0.31382685899734497, 0.2760099172592163, 0.32795393466949463, 0.2555760443210602, 0.3154432773590088, 0.26323777437210083, 0.2834707200527191, 0.2921588122844696, 0.3992423117160797, 0.375783234834671, 0.3052697479724884, 0.32288891077041626, 0.436728298664093, 0.5383356213569641, 0.5012212991714478, 0.41649937629699707, 0.34241020679473877, 0.2619219422340393, 0.2372996211051941, 0.31741684675216675, 0.28086915612220764, 0.26175227761268616, 0.33106666803359985, 0.26313140988349915, 0.29714471101760864, 0.22063736617565155, 0.6004229187965393, 0.2764940559864044, 0.3583129048347473, 0.24097812175750732, 0.30013877153396606, 0.3462681174278259, 0.3210016191005707, 0.2694205045700073, 0.31696799397468567, 0.31605008244514465, 0.43500033020973206, 0.29592666029930115, 0.27389633655548096, 0.25310567021369934, 0.27651214599609375, 0.2451639175415039, 0.24845455586910248, 0.26750704646110535, 0.3113863468170166, 0.2573479413986206, 0.6107035875320435, 0.3323030471801758, 0.3736487329006195, 0.2513723075389862, 0.28561636805534363, 0.2634328007698059, 0.4299768805503845, 0.24957071244716644, 0.2590170204639435, 0.25265079736709595, 0.564593493938446, 0.4346499741077423, 0.414529412984848, 0.32336485385894775, 0.24401812255382538, 0.2731083929538727, 0.24273912608623505, 0.3099524974822998, 0.3728601932525635, 0.34160494804382324, 0.9549623131752014, 0.3715999722480774, 0.4519868791103363, 0.28957492113113403, 0.3648129403591156, 0.31360024213790894, 0.5352169275283813, 0.7117841243743896, 0.5487301349639893, 0.2572818696498871, 0.29004156589508057, 0.4685942530632019, 0.23349004983901978, 1.5685844421386719, 0.27239784598350525, 0.26395121216773987, 0.3858537971973419, 0.42213812470436096, 0.3776739239692688, 0.35594427585601807, 0.2965719699859619, 0.36390212178230286, 0.2826945185661316, 1.1418145895004272, 0.24521976709365845, 0.2599472105503082, 0.26368436217308044, 0.29022684693336487, 0.7289829254150391, 0.3086729943752289, 0.34298285841941833, 0.28646934032440186, 0.3581007719039917, 0.32240161299705505, 0.5794981122016907, 0.2528332769870758, 0.2374366819858551, 0.7125856876373291, 0.26111429929733276, 0.28657063841819763, 0.2700038552284241, 0.35264331102371216, 0.2585151791572571, 0.31241574883461, 0.7775246500968933, 0.27731800079345703, 0.29830050468444824, 0.5032564401626587, 0.346781849861145, 0.26615580916404724, 0.2867216169834137, 1.0038981437683105, 0.4057004153728485, 0.3072705566883087, 0.3219953179359436, 0.2507968246936798, 0.4908031225204468, 0.2950291335582733, 0.30082085728645325, 0.29356107115745544, 0.2746469974517822, 0.362060010433197, 0.2912273705005646, 0.2554588317871094, 0.35532596707344055, 0.31097427010536194, 0.2752365469932556, 0.3797907531261444, 0.28481531143188477, 0.8089478015899658, 0.2962469756603241, 0.355109304189682, 0.30424264073371887, 0.432920902967453, 0.41779038310050964, 0.2608404755592346, 0.25713759660720825, 0.29993417859077454, 0.38670143485069275, 0.27452000975608826, 0.2748027741909027, 0.285888671875, 0.3441382348537445, 0.3768099248409271, 0.28109484910964966, 0.24485668540000916, 0.24564026296138763, 0.30065929889678955, 0.3273797631263733, 0.3236735165119171, 0.32318198680877686, 0.348122775554657, 0.24034567177295685, 0.25313800573349, 1.044313907623291, 0.2576257586479187, 1.9655147790908813, 0.37608233094215393, 0.3775175213813782, 0.2974289655685425, 0.27848485112190247, 0.48738938570022583, 0.31360483169555664, 0.5801904797554016, 0.5183553099632263, 0.4129466712474823, 0.2507188618183136, 1.5187995433807373, 0.315051406621933, 0.3013544976711273, 0.3448723554611206, 0.37737318873405457, 0.37070658802986145, 0.28883063793182373, 0.26725542545318604, 0.274598091840744, 0.2794075906276703, 0.2605113089084625, 0.6039988994598389, 0.3320419192314148, 0.34841206669807434, 0.2849760949611664, 0.349094033241272, 0.28774183988571167, 0.27786606550216675, 0.306784451007843, 0.33236876130104065, 0.33182457089424133, 0.43988826870918274, 0.25890660285949707, 0.3022052049636841, 0.3174566924571991, 0.29834821820259094, 0.26266413927078247, 0.4261851906776428, 0.369701623916626, 0.29074153304100037, 0.24392366409301758, 0.31043538451194763, 0.25119122862815857, 0.31580182909965515, 0.3108636736869812, 0.2618551254272461, 0.33799663186073303, 0.8457294702529907, 0.2979455590248108, 0.32926666736602783, 0.3291226327419281, 0.25651484727859497, 0.2947276830673218, 0.5747863054275513, 0.2503334581851959, 0.27845895290374756, 0.4353537857532501, 0.28815457224845886, 0.4611765742301941, 0.32415148615837097, 0.2883656919002533, 0.35185790061950684, 0.33413028717041016, 0.23658017814159393, 0.3029291033744812, 0.2895827889442444, 0.3162705898284912, 0.4291776418685913, 0.2967115342617035, 0.2539062798023224, 0.35219302773475647, 0.27008700370788574, 0.25290095806121826, 0.279715895652771, 0.2621947228908539, 0.5784610509872437, 0.718271017074585, 0.43080830574035645, 0.33592137694358826, 0.27383092045783997, 0.32256048917770386, 0.2715083360671997, 0.4200158417224884, 0.36468181014060974, 0.3189910650253296, 0.3015543818473816, 0.25238367915153503, 0.2844519317150116, 0.2749706208705902, 0.5183975100517273, 0.26326945424079895, 0.47415295243263245, 0.27294042706489563, 0.5587130188941956, 0.38613995909690857, 0.6675872802734375, 0.2364741861820221, 0.3703426122665405, 0.29179131984710693, 1.067549228668213, 0.29389113187789917, 0.2643298804759979, 0.28133824467658997, 0.2571679353713989, 0.2834169864654541, 0.32143497467041016, 0.2746903896331787, 0.2711983025074005, 0.35173919796943665, 0.3076096475124359, 0.269354909658432, 0.35985052585601807, 0.3080679178237915, 0.2595791518688202, 0.42566123604774475, 0.41162699460983276, 0.2723999619483948, 0.2752838432788849, 0.26745355129241943, 0.26364773511886597, 0.2414553016424179, 0.2892140746116638, 0.24666443467140198, 0.32373255491256714, 0.3138718008995056, 0.5507239103317261, 0.6345320343971252, 0.33651718497276306, 0.2704381048679352, 0.5586082339286804, 0.47788935899734497, 0.22953766584396362, 0.2578584551811218, 0.7307668924331665, 0.24168577790260315, 0.3051597774028778, 0.2529686987400055, 0.23932716250419617, 0.23353616893291473, 0.34469887614250183, 0.28229981660842896, 0.3442782461643219, 0.29539400339126587, 0.2707398533821106, 0.2771371603012085, 0.276541531085968, 0.2451692521572113, 0.2820163667201996, 0.2654845714569092, 0.3048364818096161, 0.25684845447540283, 0.34302571415901184, 0.45603519678115845, 0.2684602737426758, 0.2672157883644104, 0.26441502571105957, 0.4234859049320221, 0.35064712166786194, 0.29749709367752075, 0.306548535823822, 0.2522116005420685, 0.2804259657859802, 0.2787523567676544, 0.28266069293022156, 0.3207467198371887, 0.2642295