,number,value,datetime_start,datetime_complete,duration,params_batch_size_scaler,params_constant_learning_rate,params_depth,params_epochs,params_kernel_l2,params_num_trees,params_temperature,user_attrs_accuracy_test,user_attrs_accuracy_valid,user_attrs_approximate_feature_sparsity,user_attrs_approximate_feature_sparsity_history,user_attrs_approximate_weight_sparsity,user_attrs_approximate_weight_sparsity_history,user_attrs_auc_test,user_attrs_auc_valid,user_attrs_feature_sparsity,user_attrs_feature_sparsity_history,user_attrs_num_epochs,user_attrs_val_loss_history,user_attrs_weight_sparsity,user_attrs_weight_sparsity_history,state
9,9,0.7352732800041221,2024-08-31 00:55:19.080065,2024-08-31 01:01:34.127280,0 days 00:06:15.047215,4,0.012877323063226863,6,280,0.043663996029032724,32,0.0012690361007280642,0.88,0.87625,33,"[33, 33, 33, 33, 33, 33, 33, 33, 33, 33, 33, 33, 33, 33, 33, 33, 33, 33, 33, 33, 33, 33, 33, 33, 33, 33, 33, 33, 33, 33, 33, 33, 33, 33, 33, 33, 33, 33, 33, 33, 33, 33, 33, 33, 33, 33, 33, 33, 33, 33, 33, 33, 33, 33, 33, 33, 33, 33, 33, 33, 33, 33, 33, 33, 33, 33, 33, 33, 33, 33, 33, 33, 33, 33, 33, 33, 33, 33, 33, 33, 33, 33, 33, 33, 33, 33, 33, 33, 33, 33, 33, 33, 33, 33, 33, 33, 33, 33, 33, 33, 33, 33, 33, 33, 33, 33, 33, 33, 33, 33, 33, 33, 33, 33, 33, 33, 33, 33, 33, 33, 33, 33, 33, 33, 33, 33, 33, 33, 33, 33, 33, 33, 33, 33, 33, 33, 33, 33, 33, 33, 33, 33, 33, 33, 33, 33, 33, 33, 33, 33, 33, 33, 33, 33, 33, 33, 33, 33, 33, 33, 33, 33, 33, 33, 33, 33, 33, 33, 33, 33, 33, 33, 33, 33, 33, 33, 33, 33, 33, 33, 33, 33, 33, 33, 33, 33, 33, 33, 33, 33, 33, 33, 33, 33, 33, 33, 33, 33, 33, 33, 33, 33, 33, 33, 33, 33, 33, 33, 33, 33, 33, 33, 33, 33, 33, 33, 33, 33, 33, 33, 33, 33, 33, 33, 33, 33, 33, 33, 33, 33, 33, 33, 33, 33, 33, 33, 33, 33, 33, 33, 33, 33, 33, 33, 33, 33, 33, 33, 33, 33, 33, 33, 33, 33, 33, 33, 33, 33, 33, 33, 33, 33, 33, 33, 33, 33, 33, 33, 33, 33, 33, 33, 33, 33, 33, 33, 33, 33, 33, 33]",32.94345238095238,"[32.94047619047619, 32.93700396825397, 32.94394841269841, 32.942460317460316, 32.941964285714285, 32.94444444444444, 32.94642857142857, 32.948412698412696, 32.94642857142857, 32.94047619047619, 32.938988095238095, 32.94097222222222, 32.93700396825397, 32.93551587301587, 32.94146825396825, 32.94047619047619, 32.93154761904762, 32.93551587301587, 32.93700396825397, 32.93353174603175, 32.9280753968254, 32.92609126984127, 32.926587301587304, 32.93154761904762, 32.93551587301587, 32.938988095238095, 32.944940476190474, 32.94791666666667, 32.9469246031746, 32.945436507936506, 32.94642857142857, 32.94742063492063, 32.950892857142854, 32.950892857142854, 32.94990079365079, 32.94593253968254, 32.94097222222222, 32.936011904761905, 32.93849206349206, 32.932539682539684, 32.93700396825397, 32.938988095238095, 32.94642857142857, 32.94444444444444, 32.94295634920635, 32.94593253968254, 32.942460317460316, 32.94295634920635, 32.94146825396825, 32.93998015873016, 32.94146825396825, 32.94444444444444, 32.94295634920635, 32.941964285714285, 32.93998015873016, 32.94047619047619, 32.942460317460316, 32.942460317460316, 32.94097222222222, 32.94295634920635, 32.93948412698413, 32.938988095238095, 32.9375, 32.942460317460316, 32.94444444444444, 32.93948412698413, 32.93998015873016, 32.94097222222222, 32.94047619047619, 32.94097222222222, 32.9375, 32.93799603174603, 32.93700396825397, 32.93998015873016, 32.93998015873016, 32.942460317460316, 32.94394841269841, 32.947916666666664, 32.944940476190474, 32.94345238095238, 32.9469246031746, 32.944940476190474, 32.94146825396825, 32.94146825396825, 32.94345238095238, 32.94047619047619, 32.93551587301587, 32.93849206349206, 32.93948412698413, 32.93948412698413, 32.93402777777778, 32.93353174603175, 32.93849206349206, 32.938988095238095, 32.93700396825397, 32.9375, 32.93948412698413, 32.936011904761905, 32.93650793650794, 32.93650793650794, 32.9375, 32.93948412698413, 32.93799603174603, 32.93700396825397, 32.93799603174603, 32.93799603174603, 32.94097222222222, 32.9375, 32.93849206349206, 32.93700396825397, 32.938988095238095, 32.93998015873016, 32.938988095238095, 32.9375, 32.936011904761905, 32.93452380952381, 32.93849206349206, 32.93650793650794, 32.93501984126984, 32.93551587301587, 32.93700396825397, 32.93402777777778, 32.932539682539684, 32.932539682539684, 32.932539682539684, 32.93551587301587, 32.93849206349206, 32.93799603174603, 32.93948412698413, 32.936011904761905, 32.93551587301587, 32.93998015873016, 32.936011904761905, 32.93452380952381, 32.93799603174603, 32.93452380952381, 32.93452380952381, 32.93700396825397, 32.933035714285715, 32.936011904761905, 32.93700396825397, 32.938988095238095, 32.942460317460316, 32.93998015873016, 32.938988095238095, 32.93998015873016, 32.93849206349206, 32.94097222222222, 32.942460317460316, 32.94295634920635, 32.941964285714285, 32.94394841269841, 32.944940476190474, 32.94394841269841, 32.941964285714285, 32.93849206349206, 32.93849206349206, 32.9375, 32.93650793650794, 32.94047619047619, 32.94394841269841, 32.94444444444444, 32.94444444444444, 32.94642857142857, 32.94394841269841, 32.94097222222222, 32.93849206349206, 32.938988095238095, 32.9375, 32.93402777777778, 32.93551587301587, 32.93998015873016, 32.94047619047619, 32.94047619047619, 32.938988095238095, 32.93948412698413, 32.93948412698413, 32.93948412698413, 32.93948412698413, 32.93948412698413, 32.938988095238095, 32.93501984126984, 32.9375, 32.938988095238095, 32.9375, 32.93948412698413, 32.942460317460316, 32.94047619047619, 32.938988095238095, 32.94146825396825, 32.93849206349206, 32.94097222222222, 32.94394841269841, 32.941964285714285, 32.941964285714285, 32.942460317460316, 32.93948412698413, 32.93849206349206, 32.93849206349206, 32.93799603174603, 32.93799603174603, 32.93799603174603, 32.94097222222222, 32.93849206349206, 32.93799603174603, 32.936011904761905, 32.93650793650794, 32.93501984126984, 32.936011904761905, 32.93650793650794, 32.93204365079365, 32.93105158730159, 32.93452380952381, 32.93551587301587, 32.93650793650794, 32.938988095238095, 32.938988095238095, 32.942460317460316, 32.94345238095238, 32.942460317460316, 32.94345238095238, 32.944940476190474, 32.945436507936506, 32.94345238095238, 32.94394841269841, 32.941964285714285, 32.93948412698413, 32.93452380952381, 32.932539682539684, 32.93452380952381, 32.93650793650794, 32.93799603174603, 32.93998015873016, 32.941964285714285, 32.94097222222222, 32.93700396825397, 32.93799603174603, 32.93948412698413, 32.93948412698413, 32.93998015873016, 32.941964285714285, 32.94444444444444, 32.94593253968254, 32.94097222222222, 32.94047619047619, 32.94097222222222, 32.941964285714285, 32.94146825396825, 32.94295634920635, 32.944940476190474, 32.94295634920635, 32.94097222222222, 32.942460317460316, 32.94345238095238, 32.941964285714285, 32.94097222222222, 32.941964285714285, 32.93998015873016, 32.93849206349206, 32.93799603174603, 32.94295634920635, 32.94295634920635, 32.942460317460316, 32.94593253968254, 32.944940476190474, 32.94295634920635, 32.945436507936506, 32.94295634920635, 32.94444444444444, 32.942460317460316, 32.942460317460316, 32.941964285714285, 32.942460317460316, 32.945436507936506, 32.94593253968254, 32.945436507936506, 32.9469246031746, 32.94444444444444, 32.94444444444444, 32.94345238095238]",0.7688389104929864,0.7352732800041221,33,"[33, 33, 33, 33, 33, 33, 33, 33, 33, 33, 33, 33, 33, 33, 33, 33, 33, 33, 33, 33, 33, 33, 33, 33, 33, 33, 33, 33, 33, 33, 33, 33, 33, 33, 33, 33, 33, 33, 33, 33, 33, 33, 33, 33, 33, 33, 33, 33, 33, 33, 33, 33, 33, 33, 33, 33, 33, 33, 33, 33, 33, 33, 33, 33, 33, 33, 33, 33, 33, 33, 33, 33, 33, 33, 33, 33, 33, 33, 33, 33, 33, 33, 33, 33, 33, 33, 33, 33, 33, 33, 33, 33, 33, 33, 33, 33, 33, 33, 33, 33, 33, 33, 33, 33, 33, 33, 33, 33, 33, 33, 33, 33, 33, 33, 33, 33, 33, 33, 33, 33, 33, 33, 33, 33, 33, 33, 33, 33, 33, 33, 33, 33, 33, 33, 33, 33, 33, 33, 33, 33, 33, 33, 33, 33, 33, 33, 33, 33, 33, 33, 33, 33, 33, 33, 33, 33, 33, 33, 33, 33, 33, 33, 33, 33, 33, 33, 33, 33, 33, 33, 33, 33, 33, 33, 33, 33, 33, 33, 33, 33, 33, 33, 33, 33, 33, 33, 33, 33, 33, 33, 33, 33, 33, 33, 33, 33, 33, 33, 33, 33, 33, 33, 33, 33, 33, 33, 33, 33, 33, 33, 33, 33, 33, 33, 33, 33, 33, 33, 33, 33, 33, 33, 33, 33, 33, 33, 33, 33, 33, 33, 33, 33, 33, 33, 33, 33, 33, 33, 33, 33, 33, 33, 33, 33, 33, 33, 33, 33, 33, 33, 33, 33, 33, 33, 33, 33, 33, 33, 33, 33, 33, 33, 33, 33, 33, 33, 33, 33, 33, 33, 33, 33, 33, 33, 33, 33, 33, 33, 33, 33]",280,"[0.5762709975242615, 0.5271615386009216, 0.49326449632644653, 0.4694877862930298, 0.4523515999317169, 0.43978485465049744, 0.4303566813468933, 0.4231626093387604, 0.4175713062286377, 0.41316893696784973, 0.40964674949645996, 0.40679293870925903, 0.4044283926486969, 0.4024641513824463, 0.40077921748161316, 0.39933836460113525, 0.3980749249458313, 0.3969613015651703, 0.39595717191696167, 0.3950560688972473, 0.3942278027534485, 0.3934621512889862, 0.39275282621383667, 0.39209192991256714, 0.3914635181427002, 0.3908739984035492, 0.3903108537197113, 0.38977184891700745, 0.3892548084259033, 0.38875812292099, 0.3882775902748108, 0.3878132700920105, 0.3873620331287384, 0.38692259788513184, 0.3864964246749878, 0.3860819637775421, 0.38567760586738586, 0.38528144359588623, 0.3848957121372223, 0.3845186233520508, 0.38415005803108215, 0.3837892413139343, 0.38343676924705505, 0.3830903172492981, 0.3827518820762634, 0.3824181854724884, 0.3820928633213043, 0.3817741870880127, 0.38146138191223145, 0.38115406036376953, 0.3808528780937195, 0.38055720925331116, 0.3802679777145386, 0.3799823522567749, 0.37970268726348877, 0.3794271945953369, 0.3791555166244507, 0.3788889944553375, 0.3786274790763855, 0.37836945056915283, 0.37811610102653503, 0.3778667747974396, 0.3776220977306366, 0.37738025188446045, 0.3771425187587738, 0.3769078552722931, 0.3766765594482422, 0.3764488995075226, 0.37622496485710144, 0.3760043978691101, 0.37578633427619934, 0.3755713403224945, 0.37535980343818665, 0.37515076994895935, 0.37494540214538574, 0.37474140524864197, 0.37454167008399963, 0.37434303760528564, 0.37414681911468506, 0.3739526867866516, 0.37376248836517334, 0.37357327342033386, 0.3733859360218048, 0.3732012212276459, 0.3730192482471466, 0.3728395700454712, 0.372661292552948, 0.3724854588508606, 0.37231141328811646, 0.37213948369026184, 0.37196972966194153, 0.3718011975288391, 0.37163349986076355, 0.37146782875061035, 0.37130364775657654, 0.3711416721343994, 0.37098056077957153, 0.3708224892616272, 0.3706640601158142, 0.37050890922546387, 0.3703547716140747, 0.3702008128166199, 0.37004852294921875, 0.3698970079421997, 0.36974769830703735, 0.369598388671875, 0.3694504499435425, 0.36930274963378906, 0.36915671825408936, 0.36901146173477173, 0.36886802315711975, 0.36872580647468567, 0.3685843348503113, 0.3684431314468384, 0.3683031499385834, 0.3681644797325134, 0.3680257499217987, 0.367887943983078, 0.36775147914886475, 0.3676151931285858, 0.36748209595680237, 0.36734679341316223, 0.36721348762512207, 0.36708104610443115, 0.36694878339767456, 0.366817831993103, 0.3666878044605255, 0.3665575087070465, 0.3664282262325287, 0.3662983179092407, 0.366170197725296, 0.36604171991348267, 0.3659142255783081, 0.3657887279987335, 0.365662544965744, 0.36553651094436646, 0.3654121160507202, 0.36528658866882324, 0.36516308784484863, 0.3650404214859009, 0.3649170398712158, 0.3647943437099457, 0.3646734356880188, 0.3645511269569397, 0.3644310235977173, 0.3643094003200531, 0.364187628030777, 0.36406704783439636, 0.3639482259750366, 0.36382797360420227, 0.3637087941169739, 0.36358994245529175, 0.3634706735610962, 0.36335131525993347, 0.3632327616214752, 0.363115131855011, 0.3629978895187378, 0.3628791868686676, 0.36276111006736755, 0.36264342069625854, 0.36252713203430176, 0.3624107241630554, 0.36229321360588074, 0.36217716336250305, 0.36206161975860596, 0.36194613575935364, 0.3618309795856476, 0.3617163896560669, 0.3616006076335907, 0.36148589849472046, 0.36137160658836365, 0.36125725507736206, 0.36114513874053955, 0.36103102564811707, 0.3609169125556946, 0.36080411076545715, 0.3606894016265869, 0.3605765104293823, 0.3604631721973419, 0.3603498041629791, 0.36023566126823425, 0.36012211441993713, 0.36000847816467285, 0.35989585518836975, 0.3597829341888428, 0.35967007279396057, 0.3595568537712097, 0.3594447374343872, 0.3593311607837677, 0.3592197299003601, 0.35910648107528687, 0.35899367928504944, 0.3588796555995941, 0.358768105506897, 0.3586556315422058, 0.3585430085659027, 0.35842981934547424, 0.3583158254623413, 0.3582031726837158, 0.3580904006958008, 0.3579789698123932, 0.35786688327789307, 0.35775506496429443, 0.35764315724372864, 0.35753104090690613, 0.35741961002349854, 0.3573066294193268, 0.3571964204311371, 0.35708361864089966, 0.35697075724601746, 0.3568580746650696, 0.3567451536655426, 0.3566308617591858, 0.3565191328525543, 0.35640692710876465, 0.35629546642303467, 0.3561830520629883, 0.3560709059238434, 0.3559592366218567, 0.3558471202850342, 0.3557358682155609, 0.35562339425086975, 0.35551169514656067, 0.3554002344608307, 0.3552874028682709, 0.35517531633377075, 0.35506248474121094, 0.35495075583457947, 0.3548387289047241, 0.3547268807888031, 0.35461390018463135, 0.35450008511543274, 0.35438746213912964, 0.3542730212211609, 0.35416123270988464, 0.35404786467552185, 0.35393404960632324, 0.3538217544555664, 0.3537091016769409, 0.3535970449447632, 0.353484570980072, 0.35337138175964355, 0.3532596528530121, 0.35314494371414185, 0.3530317544937134, 0.35291898250579834, 0.35280632972717285, 0.3526918292045593, 0.3525782525539398, 0.352464497089386, 0.35235148668289185, 0.352237343788147, 0.3521239459514618, 0.35200968384742737, 0.35189804434776306, 0.35178500413894653, 0.35167253017425537, 0.35155707597732544, 0.3514438569545746, 0.35133102536201477, 0.3512175381183624, 0.3511030972003937, 0.35098934173583984, 0.3508743345737457, 0.35076096653938293, 0.35064560174942017, 0.3505295515060425, 0.3504149913787842, 0.35029926896095276, 0.35018429160118103, 0.3500690758228302, 0.3499530851840973, 0.34983909130096436, 0.349723219871521, 0.34960728883743286, 0.34949052333831787, 0.3493739068508148, 0.34925711154937744, 0.3491409718990326, 0.3490246832370758]",33.0,"[33.0, 33.0, 33.0, 33.0, 33.0, 33.0, 33.0, 33.0, 33.0, 33.0, 33.0, 33.0, 33.0, 33.0, 33.0, 33.0, 33.0, 33.0, 33.0, 33.0, 33.0, 33.0, 33.0, 33.0, 33.0, 33.0, 33.0, 33.0, 33.0, 33.0, 33.0, 33.0, 33.0, 33.0, 33.0, 33.0, 33.0, 33.0, 33.0, 33.0, 33.0, 33.0, 33.0, 33.0, 33.0, 33.0, 33.0, 33.0, 33.0, 33.0, 33.0, 33.0, 33.0, 33.0, 33.0, 33.0, 33.0, 33.0, 33.0, 33.0, 33.0, 33.0, 33.0, 33.0, 33.0, 33.0, 33.0, 33.0, 33.0, 33.0, 33.0, 33.0, 33.0, 33.0, 33.0, 33.0, 33.0, 33.0, 33.0, 33.0, 33.0, 33.0, 33.0, 33.0, 33.0, 33.0, 33.0, 33.0, 33.0, 33.0, 33.0, 33.0, 33.0, 33.0, 33.0, 33.0, 33.0, 33.0, 33.0, 33.0, 33.0, 33.0, 33.0, 33.0, 33.0, 33.0, 33.0, 33.0, 33.0, 33.0, 33.0, 33.0, 33.0, 33.0, 33.0, 33.0, 33.0, 33.0, 33.0, 33.0, 33.0, 33.0, 33.0, 33.0, 33.0, 33.0, 33.0, 33.0, 33.0, 33.0, 33.0, 33.0, 33.0, 33.0, 33.0, 33.0, 33.0, 33.0, 33.0, 33.0, 33.0, 33.0, 33.0, 33.0, 33.0, 33.0, 33.0, 33.0, 33.0, 33.0, 33.0, 33.0, 33.0, 33.0, 33.0, 33.0, 33.0, 33.0, 33.0, 33.0, 33.0, 33.0, 33.0, 33.0, 33.0, 33.0, 33.0, 33.0, 33.0, 33.0, 33.0, 33.0, 33.0, 33.0, 33.0, 33.0, 33.0, 33.0, 33.0, 33.0, 33.0, 33.0, 33.0, 33.0, 33.0, 33.0, 33.0, 33.0, 33.0, 33.0, 33.0, 33.0, 33.0, 33.0, 33.0, 33.0, 33.0, 33.0, 33.0, 33.0, 33.0, 33.0, 33.0, 33.0, 33.0, 33.0, 33.0, 33.0, 33.0, 33.0, 33.0, 33.0, 33.0, 33.0, 33.0, 33.0, 33.0, 33.0, 33.0, 33.0, 33.0, 33.0, 33.0, 33.0, 33.0, 33.0, 33.0, 33.0, 33.0, 33.0, 33.0, 33.0, 33.0, 33.0, 33.0, 33.0, 33.0, 33.0, 33.0, 33.0, 33.0, 33.0, 33.0, 33.0, 33.0, 33.0, 33.0, 33.0, 33.0, 33.0, 33.0, 33.0, 33.0, 33.0, 33.0, 33.0, 33.0, 33.0, 33.0, 33.0, 33.0, 33.0, 33.0, 33.0, 33.0, 33.0, 33.0, 33.0, 33.0, 33.0, 33.0, 33.0, 33.0, 33.0, 33.0, 33.0, 33.0, 33.0, 33.0, 33.0]",COMPLETE
