,number,value,datetime_start,datetime_complete,duration,params_batch_size_scaler,params_constant_learning_rate,params_depth,params_epochs,params_kernel_l2,params_num_trees,params_temperature,user_attrs_accuracy_test,user_attrs_accuracy_valid,user_attrs_approximate_feature_sparsity,user_attrs_approximate_feature_sparsity_history,user_attrs_approximate_weight_sparsity,user_attrs_approximate_weight_sparsity_history,user_attrs_auc_test,user_attrs_auc_valid,user_attrs_feature_sparsity,user_attrs_feature_sparsity_history,user_attrs_num_epochs,user_attrs_val_loss_history,user_attrs_weight_sparsity,user_attrs_weight_sparsity_history,state
145,145,0.9185183753912741,2024-08-31 06:04:04.612355,2024-08-31 06:05:59.120121,0 days 00:01:54.507766,1,1.0980849202518632,2,175,0.0024805018588255983,81,0.00010465259999697398,0.921,0.92625,30,"[33, 33, 33, 33, 33, 33, 33, 33, 33, 33, 33, 33, 32, 32, 32, 32, 32, 32, 32, 32, 32, 32, 32, 32, 32, 32, 32, 32, 32, 32, 32, 32, 32, 32, 32, 32, 32, 32, 32, 32, 32, 32, 32, 32, 32, 32, 32, 32, 32, 32, 32, 32, 32, 32, 32, 32, 32, 32, 32, 32, 32, 32, 32, 32, 32, 32, 31, 31, 31, 31, 31, 31, 31, 31, 30, 30, 30, 30, 30, 30, 30, 30, 30, 30, 30, 30, 30, 30, 30, 30, 30, 30, 30, 30, 30, 30, 30, 30, 30, 30, 30, 30, 30, 30, 30, 30, 30, 30, 30, 30, 30, 30, 30, 30, 30, 30, 30, 30, 30, 30, 30, 30, 30, 30, 30, 30, 30, 30, 30, 30, 30, 30, 30, 30, 30, 30, 30, 30, 30, 30, 30, 30, 30, 30, 30, 30, 30, 30, 30, 30, 30, 30, 30, 30, 30, 30, 30, 30, 30, 30, 30, 30, 30, 30, 30, 30, 30, 30, 30, 30, 30, 30, 30, 30, 30]",29.97119341563786,"[32.97942386831276, 33.0, 32.983539094650205, 32.97530864197531, 32.983539094650205, 32.983539094650205, 32.971193415637856, 32.991769547325106, 32.95473251028807, 32.97119341563786, 32.98765432098765, 32.991769547325106, 31.983539094650205, 31.97119341563786, 31.983539094650205, 31.962962962962965, 31.97530864197531, 31.98765432098765, 31.98765432098765, 31.983539094650205, 31.98765432098765, 31.967078189300413, 31.98765432098765, 31.991769547325102, 31.991769547325106, 31.95061728395062, 31.983539094650205, 31.979423868312757, 31.962962962962962, 31.962962962962965, 31.97119341563786, 31.991769547325102, 31.979423868312757, 31.971193415637863, 31.979423868312757, 31.983539094650205, 31.97119341563786, 31.991769547325102, 31.954732510288068, 31.979423868312757, 31.958847736625515, 31.950617283950617, 31.97530864197531, 31.958847736625515, 31.954732510288068, 31.971193415637863, 31.954732510288068, 31.95061728395062, 31.94238683127572, 31.954732510288068, 31.962962962962962, 31.962962962962965, 31.962962962962962, 31.962962962962962, 31.96707818930041, 31.962962962962962, 31.962962962962965, 31.95061728395062, 31.967078189300413, 31.962962962962962, 31.967078189300413, 31.967078189300413, 31.97530864197531, 31.962962962962965, 31.954732510288068, 31.946502057613174, 30.958847736625515, 30.97119341563786, 30.971193415637863, 30.954732510288068, 30.954732510288068, 30.954732510288068, 30.958847736625515, 30.954732510288068, 29.967078189300413, 29.962962962962965, 29.96707818930041, 29.971193415637863, 29.967078189300413, 29.962962962962962, 29.967078189300413, 29.967078189300413, 29.962962962962965, 29.962962962962965, 29.962962962962965, 29.954732510288068, 29.962962962962965, 29.958847736625515, 29.971193415637863, 29.967078189300413, 29.971193415637863, 29.967078189300413, 29.967078189300413, 29.967078189300413, 29.967078189300413, 29.971193415637863, 29.958847736625515, 29.967078189300413, 29.97530864197531, 29.967078189300413, 29.967078189300413, 29.962962962962962, 29.97119341563786, 29.954732510288068, 29.954732510288068, 29.971193415637863, 29.95061728395062, 29.967078189300413, 29.962962962962962, 29.962962962962962, 29.97530864197531, 29.97530864197531, 29.962962962962965, 29.971193415637863, 29.954732510288068, 29.962962962962962, 29.958847736625515, 29.958847736625515, 29.958847736625515, 29.958847736625515, 29.94650205761317, 29.958847736625515, 29.95061728395062, 29.967078189300413, 29.958847736625515, 29.958847736625515, 29.971193415637863, 29.954732510288068, 29.962962962962962, 29.954732510288068, 29.954732510288068, 29.962962962962962, 29.954732510288068, 29.954732510288068, 29.94238683127572, 29.962962962962962, 29.94238683127572, 29.954732510288068, 29.958847736625515, 29.954732510288068, 29.962962962962962, 29.962962962962962, 29.971193415637863, 29.958847736625515, 29.967078189300413, 29.954732510288068, 29.962962962962962, 29.958847736625515, 29.958847736625515, 29.962962962962962, 29.967078189300413, 29.954732510288068, 29.958847736625515, 29.954732510288068, 29.958847736625515, 29.967078189300413, 29.967078189300413, 29.962962962962965, 29.962962962962962, 29.962962962962962, 29.967078189300413, 29.967078189300413, 29.971193415637863, 29.962962962962962, 29.971193415637863, 29.958847736625515, 29.958847736625515, 29.971193415637863, 29.958847736625515, 29.962962962962965, 29.934156378600825, 29.958847736625515, 29.954732510288068, 29.962962962962962, 29.97119341563786]",0.8885063449995458,0.9185183753912741,30,"[33, 33, 33, 33, 33, 33, 33, 33, 33, 33, 33, 33, 32, 32, 32, 32, 32, 32, 32, 32, 32, 32, 32, 32, 32, 32, 32, 32, 32, 32, 32, 32, 32, 32, 32, 32, 32, 32, 32, 32, 32, 32, 32, 32, 32, 32, 32, 32, 32, 32, 32, 32, 32, 32, 32, 32, 32, 32, 32, 32, 32, 32, 32, 32, 32, 32, 31, 31, 31, 31, 31, 31, 31, 31, 30, 30, 30, 30, 30, 30, 30, 30, 30, 30, 30, 30, 30, 30, 30, 30, 30, 30, 30, 30, 30, 30, 30, 30, 30, 30, 30, 30, 30, 30, 30, 30, 30, 30, 30, 30, 30, 30, 30, 30, 30, 30, 30, 30, 30, 30, 30, 30, 30, 30, 30, 30, 30, 30, 30, 30, 30, 30, 30, 30, 30, 30, 30, 30, 30, 30, 30, 30, 30, 30, 30, 30, 30, 30, 30, 30, 30, 30, 30, 30, 30, 30, 30, 30, 30, 30, 30, 30, 30, 30, 30, 30, 30, 30, 30, 30, 30, 30, 30, 30, 30]",175,"[0.7744311690330505, 0.5477110743522644, 0.7545531988143921, 0.41224566102027893, 0.35002440214157104, 0.286499947309494, 0.5765700936317444, 0.3905968964099884, 0.5234097242355347, 0.809765636920929, 0.3793655335903168, 0.5024933815002441, 0.2526344954967499, 0.3041743040084839, 0.4091779291629791, 0.34558966755867004, 0.3278352618217468, 0.3429502248764038, 0.4189244508743286, 0.4506402909755707, 0.37494906783103943, 0.34167030453681946, 0.3446763753890991, 0.3858200013637543, 0.35716426372528076, 0.328831285238266, 0.48664939403533936, 0.49063873291015625, 0.4621158838272095, 0.38338935375213623, 0.4980817437171936, 0.3665113151073456, 0.42599189281463623, 0.3640731871128082, 0.5330905318260193, 0.3782394528388977, 0.40920111536979675, 0.39664679765701294, 0.3909451961517334, 0.4033688008785248, 0.39445847272872925, 0.3936406672000885, 0.40949273109436035, 0.401870995759964, 0.40581414103507996, 0.41006410121917725, 0.41475391387939453, 0.4116722345352173, 0.41247013211250305, 0.41627463698387146, 0.4141172170639038, 0.41920360922813416, 0.41616111993789673, 0.42874249815940857, 0.4211852550506592, 0.4242035746574402, 0.4243164360523224, 0.42428454756736755, 0.4278351664543152, 0.4265908896923065, 0.42791518568992615, 0.43233975768089294, 0.43720877170562744, 0.429411917924881, 0.4315032660961151, 0.43356430530548096, 0.4339841604232788, 0.42884665727615356, 0.4307084381580353, 0.4323595464229584, 0.4334883391857147, 0.4329208731651306, 0.43387290835380554, 0.43359631299972534, 0.43445709347724915, 0.4358607232570648, 0.4363296926021576, 0.43816444277763367, 0.43789517879486084, 0.4390491843223572, 0.4378547668457031, 0.4349867105484009, 0.43658173084259033, 0.4383208155632019, 0.4379209876060486, 0.4361208379268646, 0.44165298342704773, 0.44431552290916443, 0.44209879636764526, 0.43776726722717285, 0.4397743344306946, 0.44309544563293457, 0.4400610029697418, 0.4458587169647217, 0.44296982884407043, 0.43944403529167175, 0.4397529363632202, 0.4421423375606537, 0.4435860812664032, 0.449951171875, 0.4457274377346039, 0.4442998766899109, 0.4450862407684326, 0.4424651265144348, 0.44531846046447754, 0.44355905055999756, 0.44632431864738464, 0.4442936182022095, 0.4451828896999359, 0.4483798146247864, 0.4451028108596802, 0.4475352466106415, 0.450222373008728, 0.4616030156612396, 0.4505760967731476, 0.44559788703918457, 0.45205003023147583, 0.4474879503250122, 0.44581401348114014, 0.4486243426799774, 0.4489169716835022, 0.4487375319004059, 0.4486331641674042, 0.45146915316581726, 0.4477189779281616, 0.4507328271865845, 0.4501081705093384, 0.45052334666252136, 0.44882190227508545, 0.4494117498397827, 0.4528709352016449, 0.45315083861351013, 0.4543989598751068, 0.4483296275138855, 0.4491966664791107, 0.45355167984962463, 0.4507352113723755, 0.4510178864002228, 0.45241546630859375, 0.45363888144493103, 0.45064303278923035, 0.4526713490486145, 0.45064255595207214, 0.4522521495819092, 0.45879459381103516, 0.46065962314605713, 0.45063960552215576, 0.45784109830856323, 0.4593766927719116, 0.45272770524024963, 0.4539322257041931, 0.4550071656703949, 0.4592728316783905, 0.4583331048488617, 0.45456254482269287, 0.4586876928806305, 0.457908034324646, 0.4540649652481079, 0.45601943135261536, 0.453786164522171, 0.4578561782836914, 0.45982712507247925, 0.4571370780467987, 0.4542628228664398, 0.4540284276008606, 0.4602205753326416, 0.45537787675857544, 0.4591456949710846, 0.4588603973388672, 0.4584910273551941, 0.4578041136264801, 0.45841145515441895, 0.4633399546146393, 0.4607039988040924, 0.4605576694011688]",30.0,"[33.0, 33.0, 33.0, 33.0, 33.0, 33.0, 33.0, 33.0, 33.0, 33.0, 33.0, 33.0, 32.0, 32.0, 32.0, 32.0, 32.0, 32.0, 32.0, 32.0, 32.0, 32.0, 32.0, 32.0, 32.0, 32.0, 32.0, 32.0, 32.0, 32.0, 32.0, 32.0, 32.0, 32.0, 32.0, 32.0, 32.0, 32.0, 32.0, 32.0, 32.0, 32.0, 32.0, 32.0, 32.0, 32.0, 32.0, 32.0, 32.0, 32.0, 32.0, 32.0, 32.0, 32.0, 32.0, 32.0, 32.0, 32.0, 32.0, 32.0, 32.0, 32.0, 32.0, 32.0, 32.0, 32.0, 31.0, 31.0, 31.0, 31.0, 31.0, 31.0, 31.0, 31.0, 30.0, 30.0, 30.0, 30.0, 30.0, 30.0, 30.0, 30.0, 30.0, 30.0, 30.0, 30.0, 30.0, 30.0, 30.0, 30.0, 30.0, 30.0, 30.0, 30.0, 30.0, 30.0, 30.0, 30.0, 30.0, 30.0, 30.0, 30.0, 30.0, 30.0, 30.0, 30.0, 30.0, 30.0, 30.0, 30.0, 30.0, 30.0, 30.0, 30.0, 30.0, 30.0, 30.0, 30.0, 30.0, 30.0, 30.0, 30.0, 30.0, 30.0, 30.0, 30.0, 30.0, 30.0, 30.0, 30.0, 30.0, 30.0, 30.0, 30.0, 30.0, 30.0, 30.0, 30.0, 30.0, 30.0, 30.0, 30.0, 30.0, 30.0, 30.0, 30.0, 30.0, 30.0, 30.0, 30.0, 30.0, 30.0, 30.0, 30.0, 30.0, 30.0, 30.0, 30.0, 30.0, 30.0, 30.0, 30.0, 30.0, 30.0, 30.0, 30.0, 30.0, 30.0, 30.0, 30.0, 30.0, 30.0, 30.0, 30.0, 30.0]",COMPLETE
146,146,0.6687148175342325,2024-08-31 06:06:02.903061,2024-08-31 06:06:18.974922,0 days 00:00:16.071861,4,0.019171685311545852,5,5,0.0979656504767218,21,0.00011278442104485929,0.859,0.85875,33,"[33, 33, 33, 33, 33]",32.966205837173575,"[32.966205837173575, 32.96927803379416, 32.975422427035326, 32.964669738863286, 32.966205837173575]",0.7245436306442424,0.6687148175342325,33,"[33, 33, 33, 33, 33]",5,"[0.5338684320449829, 0.4775051772594452, 0.4486386179924011, 0.43239155411720276, 0.42238765954971313]",33.0,"[33.0, 33.0, 33.0, 33.0, 33.0]",COMPLETE
147,147,0.7337275057644498,2024-08-31 06:06:22.273738,2024-08-31 06:06:28.133950,0 days 00:00:05.860212,16,0.08086059012153884,1,30,0.01808408752487488,70,0.00835002172744012,0.868,0.8675,33,"[33, 33, 33, 33, 33, 33, 33, 33, 33, 33, 33, 33, 33, 33, 33, 33, 33, 33, 33, 33, 33, 33, 33, 33, 33, 33, 33, 33, 33, 33]",33.0,"[33.0, 33.0, 32.971428571428575, 32.957142857142856, 33.0, 32.971428571428575, 32.98571428571429, 32.971428571428575, 33.0, 32.98571428571429, 33.0, 33.0, 32.971428571428575, 32.957142857142856, 32.971428571428575, 32.971428571428575, 33.0, 33.0, 32.98571428571429, 32.98571428571429, 33.0, 33.0, 33.0, 33.0, 33.0, 33.0, 33.0, 32.98571428571429, 32.98571428571429, 33.0]",0.7729835946465873,0.7337275057644498,33,"[33, 33, 33, 33, 33, 33, 33, 33, 33, 33, 33, 33, 33, 33, 33, 33, 33, 33, 33, 33, 33, 33, 33, 33, 33, 33, 33, 33, 33, 33]",30,"[0.43590760231018066, 0.420093297958374, 0.4151437282562256, 0.40926438570022583, 0.40391430258750916, 0.3999018967151642, 0.3970407247543335, 0.39549049735069275, 0.3924364447593689, 0.39133670926094055, 0.38818198442459106, 0.3877437114715576, 0.38833940029144287, 0.38721832633018494, 0.38247260451316833, 0.380849689245224, 0.37973299622535706, 0.378525048494339, 0.3810698986053467, 0.3846668601036072, 0.379842072725296, 0.37445107102394104, 0.37345099449157715, 0.37240898609161377, 0.3728344440460205, 0.3785916268825531, 0.372035950422287, 0.3684689402580261, 0.36901360750198364, 0.36755114793777466]",33.0,"[33.0, 33.0, 33.0, 33.0, 33.0, 33.0, 33.0, 33.0, 33.0, 33.0, 33.0, 33.0, 33.0, 33.0, 33.0, 33.0, 33.0, 33.0, 33.0, 33.0, 33.0, 33.0, 33.0, 33.0, 33.0, 33.0, 33.0, 33.0, 33.0, 33.0]",COMPLETE
148,148,0.9266014865195605,2024-08-31 06:06:31.577111,2024-08-31 06:06:50.462599,0 days 00:00:18.885488,4,0.09811146553292646,2,85,0.0011808937286194646,10,0.043996079329706395,0.939,0.94375,33,"[33, 33, 33, 33, 33, 33, 33, 33, 33, 33, 33, 33, 33, 33, 33, 33, 33, 33, 33, 33, 33, 33, 33, 33, 33, 33, 33, 33, 33, 33, 33, 33, 33, 33, 33, 33, 33, 33, 33, 33, 33, 33, 33, 33, 33, 33, 33, 33, 33, 33, 33, 33, 33, 33, 33, 33, 33, 33, 33, 33, 33, 33, 33, 33, 33, 33, 33, 33, 33, 33, 33, 33, 33, 33, 33, 33, 33, 33, 33, 33, 33, 33, 33, 33, 33]",33.0,"[33.0, 33.0, 33.0, 33.0, 33.0, 33.0, 33.0, 33.0, 33.0, 33.0, 33.0, 33.0, 33.0, 33.0, 33.0, 32.9, 33.0, 32.96666666666667, 32.96666666666667, 33.0, 33.0, 33.0, 33.0, 33.0, 32.93333333333334, 32.96666666666667, 32.96666666666667, 33.0, 33.0, 33.0, 33.0, 33.0, 33.0, 33.0, 33.0, 33.0, 33.0, 32.96666666666667, 33.0, 33.0, 33.0, 33.0, 33.0, 33.0, 33.0, 33.0, 33.0, 32.96666666666667, 32.96666666666667, 33.0, 33.0, 33.0, 33.0, 33.0, 33.0, 33.0, 33.0, 33.0, 33.0, 33.0, 32.96666666666667, 33.0, 32.96666666666667, 32.96666666666667, 33.0, 33.0, 33.0, 33.0, 33.0, 33.0, 33.0, 33.0, 33.0, 33.0, 32.96666666666667, 33.0, 33.0, 33.0, 33.0, 33.0, 32.96666666666667, 33.0, 33.0, 33.0, 33.0]",0.9094279179980019,0.9266014865195605,33,"[33, 33, 33, 33, 33, 33, 33, 33, 33, 33, 33, 33, 33, 33, 33, 33, 33, 33, 33, 33, 33, 33, 33, 33, 33, 33, 33, 33, 33, 33, 33, 33, 33, 33, 33, 33, 33, 33, 33, 33, 33, 33, 33, 33, 33, 33, 33, 33, 33, 33, 33, 33, 33, 33, 33, 33, 33, 33, 33, 33, 33, 33, 33, 33, 33, 33, 33, 33, 33, 33, 33, 33, 33, 33, 33, 33, 33, 33, 33, 33, 33, 33, 33, 33, 33]",85,"[0.3873526453971863, 0.37225931882858276, 0.3643029034137726, 0.3576217591762543, 0.3527555465698242, 0.34843650460243225, 0.34453922510147095, 0.3413678705692291, 0.3370174467563629, 0.33304718136787415, 0.3294420540332794, 0.3249627351760864, 0.3205759525299072, 0.31618884205818176, 0.31131109595298767, 0.306636780500412, 0.302120566368103, 0.2976664900779724, 0.2929336428642273, 0.2883802354335785, 0.28421029448509216, 0.2799513041973114, 0.2764139175415039, 0.27268752455711365, 0.2696603238582611, 0.2661799192428589, 0.2630974054336548, 0.2598457336425781, 0.2572745084762573, 0.2557816803455353, 0.25141412019729614, 0.2504243552684784, 0.24726621806621552, 0.2440750151872635, 0.24264070391654968, 0.2406831532716751, 0.2385849803686142, 0.23652006685733795, 0.23461684584617615, 0.23269115388393402, 0.23072542250156403, 0.22868168354034424, 0.22817298769950867, 0.2267095148563385, 0.22380098700523376, 0.2222444862127304, 0.22183160483837128, 0.2202587127685547, 0.21848322451114655, 0.21740196645259857, 0.217678964138031, 0.21567364037036896, 0.21451836824417114, 0.2133316546678543, 0.21220998466014862, 0.2101866751909256, 0.20969395339488983, 0.2087385058403015, 0.20740392804145813, 0.20645257830619812, 0.20539678633213043, 0.20583389699459076, 0.20377185940742493, 0.20332565903663635, 0.20317450165748596, 0.20105497539043427, 0.2009103149175644, 0.20110034942626953, 0.19917041063308716, 0.19831325113773346, 0.19929391145706177, 0.1964179277420044, 0.19648484885692596, 0.19687007367610931, 0.1966298669576645, 0.1965187042951584, 0.1961725801229477, 0.19514396786689758, 0.19406741857528687, 0.19246156513690948, 0.19293326139450073, 0.19296933710575104, 0.19363561272621155, 0.192196786403656, 0.19115738570690155]",33.0,"[33.0, 33.0, 33.0, 33.0, 33.0, 33.0, 33.0, 33.0, 33.0, 33.0, 33.0, 33.0, 33.0, 33.0, 33.0, 33.0, 33.0, 33.0, 33.0, 33.0, 33.0, 33.0, 33.0, 33.0, 33.0, 33.0, 33.0, 33.0, 33.0, 33.0, 33.0, 33.0, 33.0, 33.0, 33.0, 33.0, 33.0, 33.0, 33.0, 33.0, 33.0, 33.0, 33.0, 33.0, 33.0, 33.0, 33.0, 33.0, 33.0, 33.0, 33.0, 33.0, 33.0, 33.0, 33.0, 33.0, 33.0, 33.0, 33.0, 33.0, 33.0, 33.0, 33.0, 33.0, 33.0, 33.0, 33.0, 33.0, 33.0, 33.0, 33.0, 33.0, 33.0, 33.0, 33.0, 33.0, 33.0, 33.0, 33.0, 33.0, 33.0, 33.0, 33.0, 33.0, 33.0]",COMPLETE
