,number,value,datetime_start,datetime_complete,duration,params_batch_size_scaler,params_constant_learning_rate,params_depth,params_epochs,params_kernel_l2,params_num_trees,params_temperature,user_attrs_accuracy_test,user_attrs_accuracy_valid,user_attrs_approximate_feature_sparsity,user_attrs_approximate_feature_sparsity_history,user_attrs_approximate_weight_sparsity,user_attrs_approximate_weight_sparsity_history,user_attrs_auc_test,user_attrs_auc_valid,user_attrs_feature_sparsity,user_attrs_feature_sparsity_history,user_attrs_num_epochs,user_attrs_val_loss_history,user_attrs_weight_sparsity,user_attrs_weight_sparsity_history,state
64,64,0.6982648684159678,2024-08-31 03:13:33.537592,2024-08-31 03:15:13.725092,0 days 00:01:40.187500,64,0.040333764972749334,6,105,0.017427596734372514,45,0.03398014717211728,0.859,0.85875,33,"[33, 33, 33, 33, 33, 33, 33, 33, 33, 33, 33, 33, 33, 33, 33, 33, 33, 33, 33, 33, 33, 33, 33, 33, 33, 33, 33, 33, 33, 33, 33, 33, 33, 33, 33, 33, 33, 33, 33, 33, 33, 33, 33, 33, 33, 33, 33, 33, 33, 33, 33, 33, 33, 33, 33, 33, 33, 33, 33, 33, 33, 33, 33, 33, 33, 33, 33, 33, 33, 33, 33, 33, 33, 33, 33, 33, 33, 33, 33, 33, 33, 33, 33, 33, 33, 33, 33, 33, 33, 33, 33, 33, 33, 33, 33, 33, 33, 33, 33, 33, 33, 33, 33, 33, 33]",32.92804232804233,"[32.93227513227513, 32.9326278659612, 32.93474426807761, 32.9326278659612, 32.9326278659612, 32.93121693121693, 32.927336860670195, 32.93121693121693, 32.93015873015873, 32.930864197530866, 32.928747795414466, 32.931922398589066, 32.931922398589066, 32.931569664903, 32.931569664902995, 32.93227513227513, 32.934038800705466, 32.931922398589066, 32.9336860670194, 32.93333333333333, 32.932627865961194, 32.93439153439154, 32.93333333333333, 32.93227513227513, 32.9336860670194, 32.93333333333334, 32.93439153439154, 32.93686067019401, 32.93686067019401, 32.93650793650794, 32.9358024691358, 32.9347442680776, 32.93721340388007, 32.9358024691358, 32.93650793650794, 32.931922398589066, 32.930864197530866, 32.93121693121693, 32.931569664903, 32.93333333333334, 32.93544973544974, 32.93756613756614, 32.93827160493827, 32.9336860670194, 32.934038800705466, 32.9336860670194, 32.93333333333333, 32.932980599647266, 32.93544973544973, 32.934038800705466, 32.93403880070547, 32.9347442680776, 32.93439153439154, 32.93227513227513, 32.93121693121693, 32.92910052910053, 32.927336860670195, 32.924867724867724, 32.92451499118165, 32.92451499118166, 32.922751322751324, 32.92239858906525, 32.922751322751324, 32.923809523809524, 32.923809523809524, 32.924867724867724, 32.92239858906526, 32.92204585537919, 32.91992945326279, 32.92204585537919, 32.921693121693124, 32.92310405643739, 32.92239858906525, 32.922751322751324, 32.92451499118166, 32.924162257495595, 32.92557319223987, 32.925220458553795, 32.925220458553795, 32.926984126984124, 32.925220458553795, 32.921693121693124, 32.92204585537919, 32.923809523809524, 32.92522045855379, 32.924867724867724, 32.92345679012346, 32.923809523809524, 32.92239858906526, 32.92345679012346, 32.92134038800705, 32.92239858906526, 32.91887125220458, 32.91992945326279, 32.92028218694885, 32.92345679012346, 32.925220458553795, 32.92663139329806, 32.926278659611995, 32.92663139329806, 32.92804232804233, 32.92557319223986, 32.925220458553795, 32.92768959435626, 32.92804232804233]",0.7355823611489527,0.6982648684159678,33,"[33, 33, 33, 33, 33, 33, 33, 33, 33, 33, 33, 33, 33, 33, 33, 33, 33, 33, 33, 33, 33, 33, 33, 33, 33, 33, 33, 33, 33, 33, 33, 33, 33, 33, 33, 33, 33, 33, 33, 33, 33, 33, 33, 33, 33, 33, 33, 33, 33, 33, 33, 33, 33, 33, 33, 33, 33, 33, 33, 33, 33, 33, 33, 33, 33, 33, 33, 33, 33, 33, 33, 33, 33, 33, 33, 33, 33, 33, 33, 33, 33, 33, 33, 33, 33, 33, 33, 33, 33, 33, 33, 33, 33, 33, 33, 33, 33, 33, 33, 33, 33, 33, 33, 33, 33]",105,"[0.6312248706817627, 0.6059139370918274, 0.5826498866081238, 0.5628997683525085, 0.5456989407539368, 0.5310225486755371, 0.5178723931312561, 0.5057904720306396, 0.4953480660915375, 0.48562076687812805, 0.47683143615722656, 0.4698953330516815, 0.4635237753391266, 0.4579285681247711, 0.452361524105072, 0.44742676615715027, 0.44319579005241394, 0.4392012357711792, 0.4356308877468109, 0.432410329580307, 0.429523766040802, 0.42709025740623474, 0.4249342978000641, 0.4227373003959656, 0.4208098351955414, 0.4188429117202759, 0.4170650243759155, 0.415512353181839, 0.4141296148300171, 0.4130243957042694, 0.4119134247303009, 0.4108041524887085, 0.4096483588218689, 0.408601850271225, 0.40762946009635925, 0.40677398443222046, 0.4060066342353821, 0.4052567780017853, 0.40458178520202637, 0.4039590358734131, 0.4033297300338745, 0.4027835726737976, 0.40217095613479614, 0.40169385075569153, 0.4011974036693573, 0.40065956115722656, 0.40017181634902954, 0.3996974527835846, 0.39931273460388184, 0.3989003002643585, 0.398529589176178, 0.39824172854423523, 0.3978709876537323, 0.39757972955703735, 0.3972436785697937, 0.39694881439208984, 0.39661189913749695, 0.39634114503860474, 0.3960421085357666, 0.395700067281723, 0.3954276740550995, 0.39520037174224854, 0.3949625492095947, 0.394795298576355, 0.39451029896736145, 0.3942267596721649, 0.3939950466156006, 0.393766850233078, 0.39356163144111633, 0.393337607383728, 0.39316800236701965, 0.3929201066493988, 0.3926936984062195, 0.39249107241630554, 0.39229267835617065, 0.3921107053756714, 0.3919037878513336, 0.3917398452758789, 0.39155879616737366, 0.39138203859329224, 0.39121875166893005, 0.39106136560440063, 0.3909227252006531, 0.3907637298107147, 0.3906131982803345, 0.39043036103248596, 0.3902963399887085, 0.39013656973838806, 0.38997703790664673, 0.3898230493068695, 0.3896806240081787, 0.3895070254802704, 0.38936787843704224, 0.38924989104270935, 0.3890983462333679, 0.38894638419151306, 0.388746976852417, 0.3886026442050934, 0.38843804597854614, 0.38828620314598083, 0.3881166875362396, 0.38796699047088623, 0.3878146708011627, 0.38769790530204773, 0.3875822126865387]",33.0,"[33.0, 33.0, 33.0, 33.0, 33.0, 33.0, 33.0, 33.0, 33.0, 33.0, 33.0, 33.0, 33.0, 33.0, 33.0, 33.0, 33.0, 33.0, 33.0, 33.0, 33.0, 33.0, 33.0, 33.0, 33.0, 33.0, 33.0, 33.0, 33.0, 33.0, 33.0, 33.0, 33.0, 33.0, 33.0, 33.0, 33.0, 33.0, 33.0, 33.0, 33.0, 33.0, 33.0, 33.0, 33.0, 33.0, 33.0, 33.0, 33.0, 33.0, 33.0, 33.0, 33.0, 33.0, 33.0, 33.0, 33.0, 33.0, 33.0, 33.0, 33.0, 33.0, 33.0, 33.0, 33.0, 33.0, 33.0, 33.0, 33.0, 33.0, 33.0, 33.0, 33.0, 33.0, 33.0, 33.0, 33.0, 33.0, 33.0, 33.0, 33.0, 33.0, 33.0, 33.0, 33.0, 33.0, 33.0, 33.0, 33.0, 33.0, 33.0, 33.0, 33.0, 33.0, 33.0, 33.0, 33.0, 33.0, 33.0, 33.0, 33.0, 33.0, 33.0, 33.0, 33.0]",COMPLETE
65,65,0.8738132962347515,2024-08-31 03:15:13.733500,2024-08-31 03:15:47.494456,0 days 00:00:33.760956,4,0.3161824831549052,4,55,0.011616958671130493,44,0.06160224406837342,0.92,0.92,17,"[28, 19, 19, 19, 18, 18, 18, 18, 18, 18, 18, 18, 18, 18, 17, 17, 17, 17, 17, 17, 17, 17, 17, 17, 17, 17, 17, 17, 17, 17, 17, 17, 17, 17, 17, 17, 17, 17, 17, 17, 17, 17, 17, 17, 17, 17, 17, 17, 17, 17, 17, 17, 17, 17, 17]",16.983333333333334,"[27.972727272727273, 18.984848484848484, 18.984848484848484, 18.990909090909092, 17.98333333333333, 17.97878787878788, 17.98787878787879, 17.987878787878792, 17.987878787878792, 17.984848484848484, 17.996969696969696, 17.98787878787879, 17.986363636363638, 17.974242424242426, 16.981818181818184, 16.984848484848484, 16.98787878787879, 16.97727272727273, 16.984848484848484, 16.97878787878788, 16.98787878787879, 16.984848484848484, 16.986363636363635, 16.983333333333334, 16.989393939393942, 16.984848484848484, 16.983333333333334, 16.981818181818184, 16.97878787878788, 16.986363636363638, 16.983333333333334, 16.975757575757576, 16.97878787878788, 16.980303030303034, 16.97878787878788, 16.984848484848484, 16.992424242424242, 16.98787878787879, 16.98939393939394, 16.986363636363638, 16.984848484848484, 16.990909090909092, 16.98939393939394, 16.98787878787879, 16.992424242424242, 16.992424242424242, 16.986363636363635, 16.98787878787879, 16.98787878787879, 16.986363636363635, 16.992424242424242, 16.98181818181818, 16.981818181818184, 16.977272727272727, 16.983333333333334]",0.8753044526457452,0.8738132962347515,17,"[28, 19, 19, 19, 18, 18, 18, 18, 18, 18, 18, 18, 18, 18, 17, 17, 17, 17, 17, 17, 17, 17, 17, 17, 17, 17, 17, 17, 17, 17, 17, 17, 17, 17, 17, 17, 17, 17, 17, 17, 17, 17, 17, 17, 17, 17, 17, 17, 17, 17, 17, 17, 17, 17, 17]",55,"[0.37601813673973083, 0.3755932152271271, 0.3721436560153961, 0.3695031404495239, 0.3684976100921631, 0.3632963299751282, 0.36077457666397095, 0.35505425930023193, 0.3507446050643921, 0.34660375118255615, 0.34275540709495544, 0.335620641708374, 0.3300350606441498, 0.32882311940193176, 0.3202956020832062, 0.3144252598285675, 0.3081301748752594, 0.30438029766082764, 0.29946190118789673, 0.2953208088874817, 0.29273006319999695, 0.29095256328582764, 0.290112167596817, 0.28322041034698486, 0.2822369337081909, 0.2797992527484894, 0.2777864933013916, 0.27637213468551636, 0.27570945024490356, 0.27186262607574463, 0.26968443393707275, 0.2689180374145508, 0.2694386839866638, 0.2651565968990326, 0.2638479173183441, 0.26328083872795105, 0.26122424006462097, 0.2601896822452545, 0.2595808207988739, 0.25912749767303467, 0.25654366612434387, 0.25495052337646484, 0.2545637786388397, 0.25469771027565, 0.2527028024196625, 0.2524198889732361, 0.24968641996383667, 0.25126421451568604, 0.24962879717350006, 0.2494344711303711, 0.24937386810779572, 0.24896103143692017, 0.2474801391363144, 0.24756214022636414, 0.2487144023180008]",17.0,"[28.0, 19.0, 19.0, 19.0, 18.0, 18.0, 18.0, 18.0, 18.0, 18.0, 18.0, 18.0, 18.0, 18.0, 17.0, 17.0, 17.0, 17.0, 17.0, 17.0, 17.0, 17.0, 17.0, 17.0, 17.0, 17.0, 17.0, 17.0, 17.0, 17.0, 17.0, 17.0, 17.0, 17.0, 17.0, 17.0, 17.0, 17.0, 17.0, 17.0, 17.0, 17.0, 17.0, 17.0, 17.0, 17.0, 17.0, 17.0, 17.0, 17.0, 17.0, 17.0, 17.0, 17.0, 17.0]",COMPLETE
