,number,value,datetime_start,datetime_complete,duration,params_batch_size_scaler,params_constant_learning_rate,params_depth,params_epochs,params_kernel_l2,params_num_trees,params_temperature,user_attrs_accuracy_test,user_attrs_accuracy_valid,user_attrs_approximate_feature_sparsity,user_attrs_approximate_feature_sparsity_history,user_attrs_approximate_weight_sparsity,user_attrs_approximate_weight_sparsity_history,user_attrs_auc_test,user_attrs_auc_valid,user_attrs_feature_sparsity,user_attrs_feature_sparsity_history,user_attrs_num_epochs,user_attrs_val_loss_history,user_attrs_weight_sparsity,user_attrs_weight_sparsity_history,state
15,15,0.9315222011825172,2024-08-31 01:13:01.747573,2024-08-31 01:18:32.958788,0 days 00:05:31.211215,4,0.12554037011971225,5,470,0.0012000716994724834,21,0.0005863957485141131,0.943,0.94875,33,"[33, 33, 33, 33, 33, 33, 33, 33, 33, 33, 33, 33, 33, 33, 33, 33, 33, 33, 33, 33, 33, 33, 33, 33, 33, 33, 33, 33, 33, 33, 33, 33, 33, 33, 33, 33, 33, 33, 33, 33, 33, 33, 33, 33, 33, 33, 33, 33, 33, 33, 33, 33, 33, 33, 33, 33, 33, 33, 33, 33, 33, 33, 33, 33, 33, 33, 33, 33, 33, 33, 33, 33, 33, 33, 33, 33, 33, 33, 33, 33, 33, 33, 33, 33, 33, 33, 33, 33, 33, 33, 33, 33, 33, 33, 33, 33, 33, 33, 33, 33, 33, 33, 33, 33, 33, 33, 33, 33, 33, 33, 33, 33, 33, 33, 33, 33, 33, 33, 33, 33, 33, 33, 33, 33, 33, 33, 33, 33, 33, 33, 33, 33, 33, 33, 33, 33, 33, 33, 33, 33, 33, 33, 33, 33, 33, 33, 33, 33, 33, 33, 33, 33, 33, 33, 33, 33, 33, 33, 33, 33, 33, 33, 33, 33, 33, 33, 33, 33, 33, 33, 33, 33, 33, 33, 33, 33, 33, 33, 33, 33, 33, 33, 33, 33, 33, 33, 33, 33, 33, 33, 33, 33, 33, 33, 33, 33, 33, 33, 33, 33, 33, 33, 33, 33, 33, 33, 33, 33, 33, 33, 33, 33, 33, 33, 33, 33, 33, 33, 33, 33, 33, 33, 33, 33, 33, 33, 33, 33, 33, 33, 33, 33, 33, 33, 33, 33, 33, 33, 33, 33, 33, 33, 33, 33, 33, 33, 33, 33, 33, 33, 33, 33, 33, 33, 33, 33, 33, 33, 33, 33, 33, 33, 33, 33, 33, 33, 33, 33, 33, 33, 33, 33, 33, 33, 33, 33, 33, 33, 33, 33, 33, 33, 33, 33, 33, 33, 33, 33, 33, 33, 33, 33, 33, 33, 33, 33, 33, 33, 33, 33, 33, 33, 33, 33, 33, 33, 33, 33, 33, 33, 33, 33, 33, 33, 33, 33, 33, 33, 33, 33, 33, 33, 33, 33, 33, 33, 33, 33, 33, 33, 33, 33, 33, 33, 33, 33, 33, 33, 33, 33, 33, 33, 33, 33, 33, 33, 33, 33, 33, 33, 33, 33, 33, 33, 33, 33, 33, 33, 33, 33, 33, 33, 33, 33, 33, 33, 33, 33, 33, 33, 33, 33, 33, 33, 33, 33, 33, 33, 33, 33, 33, 33, 33, 33, 33, 33, 33, 33, 33, 33, 33, 33, 33, 33, 33, 33, 33, 33, 33, 33, 33, 33, 33, 33, 33, 33, 33, 33, 33, 33, 33, 33, 33, 33, 33, 33, 33, 33, 33, 33, 33, 33, 33, 33, 33, 33, 33, 33, 33, 33, 33, 33, 33, 33, 33, 33, 33, 33, 33, 33, 33, 33, 33, 33, 33, 33, 33, 33, 33, 33, 33, 33, 33, 33, 33, 33, 33, 33, 33, 33, 33, 33, 33, 33, 33, 33, 33, 33, 33, 33]",32.97388632872504,"[32.97235023041475, 32.964669738863286, 32.963133640552996, 32.94930875576037, 32.97235023041475, 32.964669738863286, 32.96159754224271, 32.956989247311824, 32.955453149001535, 32.9615975422427, 32.966205837173575, 32.95852534562212, 32.964669738863286, 32.97235023041475, 32.96774193548387, 32.955453149001535, 32.96159754224271, 32.97081413210445, 32.964669738863286, 32.96774193548387, 32.96927803379416, 32.975422427035326, 32.966205837173575, 32.96774193548387, 32.955453149001535, 32.96006144393241, 32.963133640552996, 32.963133640552996, 32.966205837173575, 32.9615975422427, 32.97081413210445, 32.97388632872504, 32.97235023041475, 32.96774193548387, 32.9615975422427, 32.963133640552996, 32.96927803379416, 32.95852534562212, 32.97235023041475, 32.96774193548387, 32.964669738863286, 32.95698924731183, 32.96006144393241, 32.9615975422427, 32.967741935483865, 32.96774193548387, 32.97081413210445, 32.97695852534562, 32.9815668202765, 32.97081413210446, 32.966205837173575, 32.97081413210446, 32.97081413210445, 32.97235023041475, 32.964669738863286, 32.9615975422427, 32.96159754224271, 32.96620583717358, 32.963133640552996, 32.96006144393241, 32.96774193548387, 32.955453149001535, 32.95084485407066, 32.95698924731183, 32.963133640552996, 32.94930875576037, 32.955453149001535, 32.952380952380956, 32.946236559139784, 32.946236559139784, 32.96159754224271, 32.95852534562212, 32.964669738863286, 32.96006144393241, 32.96006144393241, 32.9615975422427, 32.96006144393241, 32.97542242703533, 32.967741935483865, 32.97235023041475, 32.97542242703533, 32.97235023041474, 32.97849462365591, 32.97235023041475, 32.97388632872504, 32.97235023041475, 32.96774193548387, 32.96774193548387, 32.964669738863286, 32.966205837173575, 32.955453149001535, 32.96006144393241, 32.95852534562212, 32.966205837173575, 32.96774193548387, 32.96006144393241, 32.964669738863286, 32.97388632872504, 32.97235023041475, 32.96159754224271, 32.953917050691246, 32.946236559139784, 32.94930875576036, 32.96006144393241, 32.964669738863286, 32.97235023041475, 32.9815668202765, 32.975422427035326, 32.97695852534562, 32.964669738863286, 32.97849462365591, 32.97235023041475, 32.97849462365591, 32.975422427035326, 32.97235023041475, 32.96927803379416, 32.97081413210445, 32.97695852534562, 32.96774193548387, 32.975422427035326, 32.96927803379416, 32.97542242703533, 32.97081413210446, 32.96927803379416, 32.975422427035326, 32.96927803379416, 32.975422427035326, 32.97235023041475, 32.96774193548387, 32.966205837173575, 32.966205837173575, 32.963133640552996, 32.96774193548387, 32.953917050691246, 32.955453149001535, 32.96159754224271, 32.97081413210445, 32.9615975422427, 32.963133640552996, 32.96927803379416, 32.963133640552996, 32.96927803379416, 32.96927803379416, 32.97081413210445, 32.964669738863286, 32.96006144393241, 32.97849462365591, 32.97388632872504, 32.97388632872504, 32.97388632872504, 32.96006144393241, 32.97081413210445, 32.97235023041475, 32.96927803379416, 32.964669738863286, 32.964669738863286, 32.963133640552996, 32.95238095238095, 32.95852534562212, 32.964669738863286, 32.96774193548387, 32.97081413210445, 32.96774193548387, 32.966205837173575, 32.96774193548387, 32.9615975422427, 32.96006144393241, 32.96006144393241, 32.96006144393241, 32.964669738863286, 32.963133640552996, 32.96774193548387, 32.96927803379416, 32.96774193548387, 32.963133640552996, 32.96006144393241, 32.96774193548387, 32.963133640552996, 32.97235023041475, 32.97235023041475, 32.97081413210445, 32.96774193548387, 32.97081413210445, 32.96927803379416, 32.97235023041475, 32.97388632872504, 32.97388632872504, 32.966205837173575, 32.96927803379416, 32.95852534562212, 32.95852534562212, 32.95698924731183, 32.95698924731183, 32.953917050691246, 32.96774193548387, 32.975422427035326, 32.96927803379416, 32.9615975422427, 32.96006144393241, 32.955453149001535, 32.95238095238095, 32.96006144393241, 32.97388632872504, 32.97235023041475, 32.975422427035326, 32.97235023041475, 32.96927803379416, 32.97388632872504, 32.96774193548387, 32.97542242703533, 32.96927803379416, 32.97235023041475, 32.97081413210446, 32.97388632872504, 32.97081413210446, 32.96620583717358, 32.953917050691246, 32.94777265745008, 32.955453149001535, 32.96774193548387, 32.966205837173575, 32.964669738863286, 32.97695852534562, 32.97695852534562, 32.97388632872504, 32.96927803379416, 32.97081413210445, 32.97388632872504, 32.97235023041475, 32.97081413210445, 32.97388632872504, 32.9800307219662, 32.97695852534562, 32.975422427035326, 32.96927803379416, 32.96774193548387, 32.97849462365591, 32.97081413210445, 32.97235023041475, 32.97695852534562, 32.964669738863286, 32.96620583717358, 32.96927803379416, 32.97388632872504, 32.975422427035326, 32.97695852534562, 32.97849462365591, 32.97695852534562, 32.97542242703533, 32.97388632872504, 32.97849462365591, 32.97849462365591, 32.97849462365591, 32.975422427035326, 32.97388632872504, 32.97388632872504, 32.97695852534562, 32.97849462365591, 32.97235023041475, 32.9800307219662, 32.975422427035326, 32.97849462365591, 32.975422427035326, 32.96774193548387, 32.966205837173575, 32.96774193548387, 32.96620583717358, 32.96313364055299, 32.963133640552996, 32.966205837173575, 32.964669738863286, 32.966205837173575, 32.97235023041475, 32.964669738863286, 32.964669738863286, 32.96159754224271, 32.966205837173575, 32.964669738863286, 32.964669738863286, 32.96620583717358, 32.97081413210445, 32.97081413210446, 32.97081413210445, 32.964669738863286, 32.964669738863286, 32.97695852534562, 32.96774193548387, 32.97542242703533, 32.97388632872504, 32.97081413210445, 32.97695852534562, 32.975422427035326, 32.97081413210445, 32.97388632872504, 32.96927803379416, 32.966205837173575, 32.963133640552996, 32.96774193548387, 32.97081413210445, 32.97235023041475, 32.97542242703533, 32.97081413210445, 32.96774193548387, 32.96774193548387, 32.97081413210446, 32.97235023041475, 32.96927803379416, 32.964669738863286, 32.964669738863286, 32.97235023041475, 32.96927803379416, 32.963133640552996, 32.9615975422427, 32.97081413210445, 32.97695852534562, 32.97235023041475, 32.97542242703533, 32.96927803379416, 32.96774193548387, 32.96313364055299, 32.97695852534562, 32.97542242703533, 32.97695852534562, 32.97081413210445, 32.96774193548387, 32.96927803379416, 32.975422427035326, 32.97235023041475, 32.97695852534562, 32.96927803379416, 32.97235023041475, 32.97235023041475, 32.97235023041475, 32.97235023041475, 32.97849462365591, 32.975422427035326, 32.97388632872504, 32.97388632872504, 32.98003072196621, 32.96927803379416, 32.97235023041475, 32.97235023041475, 32.97081413210445, 32.97081413210445, 32.97081413210445, 32.97695852534562, 32.975422427035326, 32.975422427035326, 32.96774193548387, 32.964669738863286, 32.96774193548387, 32.97388632872504, 32.9800307219662, 32.97849462365591, 32.97849462365591, 32.97849462365591, 32.97695852534562, 32.98310291858679, 32.98003072196621, 32.98924731182795, 32.98463901689708, 32.98310291858679, 32.9815668202765, 32.97542242703533, 32.97695852534562, 32.9800307219662, 32.97849462365591, 32.97849462365591, 32.9800307219662, 32.98310291858679, 32.97695852534562, 32.975422427035326, 32.97849462365591, 32.97695852534562, 32.97388632872504, 32.97388632872504, 32.97081413210445, 32.96927803379416, 32.96774193548387, 32.96774193548387, 32.97235023041475, 32.966205837173575, 32.97081413210445, 32.97235023041475, 32.975422427035326, 32.96774193548387, 32.97235023041475, 32.97235023041475, 32.96927803379416, 32.97235023041475, 32.97695852534562, 32.97388632872504, 32.97235023041475, 32.96927803379416, 32.96620583717358, 32.963133640552996, 32.96774193548387, 32.96774193548387, 32.97235023041475, 32.98003072196621, 32.986175115207374, 32.9815668202765, 32.98463901689708, 32.97849462365591, 32.9815668202765, 32.97849462365591, 32.98310291858679, 32.98463901689708, 32.98310291858679, 32.9815668202765, 32.98463901689708, 32.98310291858679, 32.9800307219662, 32.9800307219662, 32.98310291858679, 32.97849462365591, 32.98310291858679, 32.97849462365591, 32.97695852534562, 32.97695852534562, 32.9815668202765, 32.97849462365591, 32.97235023041475, 32.975422427035326, 32.97235023041475, 32.96927803379416, 32.97388632872504, 32.96774193548387, 32.96774193548387, 32.963133640552996, 32.956989247311824, 32.944700460829495, 32.955453149001535, 32.95698924731183, 32.966205837173575, 32.964669738863286, 32.96774193548387, 32.964669738863286, 32.96313364055299, 32.96313364055299, 32.966205837173575, 32.97081413210446, 32.97235023041475, 32.97695852534562, 32.97695852534562, 32.97695852534562, 32.98003072196621, 32.9815668202765, 32.9815668202765, 32.97235023041475, 32.98310291858679, 32.98003072196621, 32.97695852534562, 32.9815668202765, 32.97849462365591, 32.9800307219662, 32.9815668202765, 32.97849462365591, 32.97388632872504, 32.9800307219662, 32.97849462365591, 32.98463901689708, 32.97849462365591, 32.986175115207374, 32.984639016897084, 32.98003072196621, 32.9815668202765, 32.9800307219662, 32.97695852534562, 32.97388632872504]",0.915207358052824,0.9315222011825172,33,"[33, 33, 33, 33, 33, 33, 33, 33, 33, 33, 33, 33, 33, 33, 33, 33, 33, 33, 33, 33, 33, 33, 33, 33, 33, 33, 33, 33, 33, 33, 33, 33, 33, 33, 33, 33, 33, 33, 33, 33, 33, 33, 33, 33, 33, 33, 33, 33, 33, 33, 33, 33, 33, 33, 33, 33, 33, 33, 33, 33, 33, 33, 33, 33, 33, 33, 33, 33, 33, 33, 33, 33, 33, 33, 33, 33, 33, 33, 33, 33, 33, 33, 33, 33, 33, 33, 33, 33, 33, 33, 33, 33, 33, 33, 33, 33, 33, 33, 33, 33, 33, 33, 33, 33, 33, 33, 33, 33, 33, 33, 33, 33, 33, 33, 33, 33, 33, 33, 33, 33, 33, 33, 33, 33, 33, 33, 33, 33, 33, 33, 33, 33, 33, 33, 33, 33, 33, 33, 33, 33, 33, 33, 33, 33, 33, 33, 33, 33, 33, 33, 33, 33, 33, 33, 33, 33, 33, 33, 33, 33, 33, 33, 33, 33, 33, 33, 33, 33, 33, 33, 33, 33, 33, 33, 33, 33, 33, 33, 33, 33, 33, 33, 33, 33, 33, 33, 33, 33, 33, 33, 33, 33, 33, 33, 33, 33, 33, 33, 33, 33, 33, 33, 33, 33, 33, 33, 33, 33, 33, 33, 33, 33, 33, 33, 33, 33, 33, 33, 33, 33, 33, 33, 33, 33, 33, 33, 33, 33, 33, 33, 33, 33, 33, 33, 33, 33, 33, 33, 33, 33, 33, 33, 33, 33, 33, 33, 33, 33, 33, 33, 33, 33, 33, 33, 33, 33, 33, 33, 33, 33, 33, 33, 33, 33, 33, 33, 33, 33, 33, 33, 33, 33, 33, 33, 33, 33, 33, 33, 33, 33, 33, 33, 33, 33, 33, 33, 33, 33, 33, 33, 33, 33, 33, 33, 33, 33, 33, 33, 33, 33, 33, 33, 33, 33, 33, 33, 33, 33, 33, 33, 33, 33, 33, 33, 33, 33, 33, 33, 33, 33, 33, 33, 33, 33, 33, 33, 33, 33, 33, 33, 33, 33, 33, 33, 33, 33, 33, 33, 33, 33, 33, 33, 33, 33, 33, 33, 33, 33, 33, 33, 33, 33, 33, 33, 33, 33, 33, 33, 33, 33, 33, 33, 33, 33, 33, 33, 33, 33, 33, 33, 33, 33, 33, 33, 33, 33, 33, 33, 33, 33, 33, 33, 33, 33, 33, 33, 33, 33, 33, 33, 33, 33, 33, 33, 33, 33, 33, 33, 33, 33, 33, 33, 33, 33, 33, 33, 33, 33, 33, 33, 33, 33, 33, 33, 33, 33, 33, 33, 33, 33, 33, 33, 33, 33, 33, 33, 33, 33, 33, 33, 33, 33, 33, 33, 33, 33, 33, 33, 33, 33, 33, 33, 33, 33, 33, 33, 33, 33, 33, 33, 33, 33, 33, 33, 33, 33, 33, 33, 33, 33, 33, 33, 33, 33, 33, 33, 33, 33, 33, 33]",470,"[0.4010218381881714, 0.3849131464958191, 0.37842079997062683, 0.373757004737854, 0.37015965580940247, 0.3673173189163208, 0.36458155512809753, 0.3622286319732666, 0.36009493470191956, 0.3581960201263428, 0.3561793565750122, 0.3544076085090637, 0.3522486984729767, 0.3502877354621887, 0.3483164310455322, 0.34618106484413147, 0.3441951274871826, 0.34224241971969604, 0.3401007354259491, 0.3382026255130768, 0.3357751965522766, 0.33333829045295715, 0.3310810923576355, 0.3287064731121063, 0.3263569176197052, 0.3236878514289856, 0.3212871849536896, 0.3185756206512451, 0.3158268630504608, 0.3132134675979614, 0.31045228242874146, 0.3077775835990906, 0.30489858984947205, 0.30239784717559814, 0.2997807264328003, 0.2969551980495453, 0.2943020462989807, 0.2916114032268524, 0.2892474830150604, 0.2866339385509491, 0.28433793783187866, 0.28203511238098145, 0.2799759805202484, 0.27784544229507446, 0.2757711112499237, 0.27390414476394653, 0.27218931913375854, 0.27031582593917847, 0.26871365308761597, 0.266865074634552, 0.265424907207489, 0.2639964520931244, 0.26250022649765015, 0.2610620856285095, 0.2593274414539337, 0.2580054998397827, 0.25701892375946045, 0.25555527210235596, 0.25418972969055176, 0.2529623508453369, 0.2516544759273529, 0.25070229172706604, 0.2495141625404358, 0.2483765035867691, 0.24720712006092072, 0.2459999918937683, 0.24503619968891144, 0.2441013902425766, 0.24311670660972595, 0.24191196262836456, 0.2407970279455185, 0.2396707683801651, 0.23886354267597198, 0.23775391280651093, 0.23670196533203125, 0.23604629933834076, 0.23488201200962067, 0.2342432737350464, 0.23285768926143646, 0.231983944773674, 0.23139333724975586, 0.23015087842941284, 0.22907888889312744, 0.22855642437934875, 0.22757434844970703, 0.22661325335502625, 0.22570839524269104, 0.2251262217760086, 0.22453910112380981, 0.2230757772922516, 0.22223703563213348, 0.22162854671478271, 0.22103554010391235, 0.2204611450433731, 0.21923425793647766, 0.21829991042613983, 0.21801626682281494, 0.21742087602615356, 0.2166888564825058, 0.2157348245382309, 0.21569348871707916, 0.21482731401920319, 0.2140321284532547, 0.21338573098182678, 0.21288417279720306, 0.21188965439796448, 0.21166881918907166, 0.21050474047660828, 0.21004541218280792, 0.2094501107931137, 0.20909519493579865, 0.2082638144493103, 0.2078273892402649, 0.20787866413593292, 0.20726148784160614, 0.2063942551612854, 0.20581774413585663, 0.20546744763851166, 0.20488978922367096, 0.20481333136558533, 0.204050213098526, 0.20395484566688538, 0.20318660140037537, 0.2026730179786682, 0.2021322399377823, 0.20160579681396484, 0.20177461206912994, 0.20152145624160767, 0.20087909698486328, 0.20075586438179016, 0.20024335384368896, 0.19990505278110504, 0.19879761338233948, 0.19867098331451416, 0.19859257340431213, 0.19809533655643463, 0.19760586321353912, 0.19726070761680603, 0.19730104506015778, 0.19690972566604614, 0.19689057767391205, 0.19601839780807495, 0.19578257203102112, 0.19552256166934967, 0.1955195963382721, 0.1951160877943039, 0.1949056088924408, 0.1947423815727234, 0.19450382888317108, 0.19427461922168732, 0.19392208755016327, 0.19316017627716064, 0.19296962022781372, 0.19303478300571442, 0.19335857033729553, 0.19264249503612518, 0.19262737035751343, 0.19267456233501434, 0.19162102043628693, 0.1919257938861847, 0.19112275540828705, 0.19075214862823486, 0.19110290706157684, 0.19090820848941803, 0.19046324491500854, 0.18986816704273224, 0.1906650960445404, 0.18958204984664917, 0.1897915005683899, 0.18936538696289062, 0.18922895193099976, 0.18893107771873474, 0.18882647156715393, 0.1886696219444275, 0.18834184110164642, 0.18843738734722137, 0.18795104324817657, 0.18826043605804443, 0.18833012878894806, 0.18891040980815887, 0.18785876035690308, 0.18752847611904144, 0.18747521936893463, 0.18808186054229736, 0.1868424266576767, 0.1871567964553833, 0.18674902617931366, 0.18681739270687103, 0.18653175234794617, 0.18603397905826569, 0.18590465188026428, 0.18592433631420135, 0.18608808517456055, 0.18581737577915192, 0.18608060479164124, 0.18609599769115448, 0.1854916512966156, 0.184872105717659, 0.1851571798324585, 0.18535524606704712, 0.18549489974975586, 0.18546481430530548, 0.18489591777324677, 0.18465453386306763, 0.18439464271068573, 0.18387030065059662, 0.18449674546718597, 0.18506470322608948, 0.1841125637292862, 0.18296977877616882, 0.18306119740009308, 0.18286284804344177, 0.18316760659217834, 0.18291781842708588, 0.18309259414672852, 0.18212571740150452, 0.18226808309555054, 0.18259868025779724, 0.18263481557369232, 0.18247945606708527, 0.18176555633544922, 0.1818131059408188, 0.18194375932216644, 0.18204940855503082, 0.18131309747695923, 0.18251869082450867, 0.18147999048233032, 0.18194220960140228, 0.1820906102657318, 0.18159547448158264, 0.1810448318719864, 0.18122577667236328, 0.17992866039276123, 0.1805637776851654, 0.18001531064510345, 0.18035736680030823, 0.18043866753578186, 0.1805795431137085, 0.18025316298007965, 0.18073061108589172, 0.17992916703224182, 0.18043430149555206, 0.17915281653404236, 0.18042877316474915, 0.18008747696876526, 0.1802469789981842, 0.18032331764698029, 0.178892120718956, 0.17897075414657593, 0.17961503565311432, 0.1797063946723938, 0.17902545630931854, 0.17935062944889069, 0.1787491738796234, 0.1793879270553589, 0.1795821189880371, 0.17851442098617554, 0.17918109893798828, 0.17933547496795654, 0.1784646362066269, 0.1784881204366684, 0.17852748930454254, 0.17848770320415497, 0.17837294936180115, 0.17820316553115845, 0.17764940857887268, 0.17809683084487915, 0.17775171995162964, 0.17871391773223877, 0.17812450230121613, 0.17741258442401886, 0.1786337047815323, 0.17811450362205505, 0.1779947280883789, 0.1779199093580246, 0.1779824048280716, 0.17772778868675232, 0.17791441082954407, 0.17702847719192505, 0.17740648984909058, 0.17713451385498047, 0.17781910300254822, 0.1773582100868225, 0.17635132372379303, 0.17761516571044922, 0.17752283811569214, 0.17788013815879822, 0.17725549638271332, 0.1772216260433197, 0.17649546265602112, 0.17699865996837616, 0.17680932581424713, 0.17633159458637238, 0.1773252636194229, 0.17596335709095, 0.1760353147983551, 0.17653962969779968, 0.17558082938194275, 0.1770896315574646, 0.1751084178686142, 0.17562922835350037, 0.17540960013866425, 0.17542080581188202, 0.17628318071365356, 0.1762010157108307, 0.17690514028072357, 0.1766081303358078, 0.17574727535247803, 0.17647232115268707, 0.1751130074262619, 0.17487984895706177, 0.17606280744075775, 0.17684657871723175, 0.17701953649520874, 0.17680855095386505, 0.1758582442998886, 0.1761966347694397, 0.17557169497013092, 0.17568106949329376, 0.1755368858575821, 0.17570647597312927, 0.17643363773822784, 0.17654766142368317, 0.17562371492385864, 0.1748397946357727, 0.1759839504957199, 0.1750710904598236, 0.1748712956905365, 0.17565904557704926, 0.17520545423030853, 0.1752217710018158, 0.17556872963905334, 0.17566293478012085, 0.1767764538526535, 0.17551878094673157, 0.17570984363555908, 0.1756613701581955, 0.1758165955543518, 0.17570582032203674, 0.1754351109266281, 0.175233855843544, 0.17587806284427643, 0.17551365494728088, 0.17529398202896118, 0.17555314302444458, 0.17476333677768707, 0.17543752491474152, 0.17662940919399261, 0.17611652612686157, 0.17584726214408875, 0.17539618909358978, 0.17558366060256958, 0.17589768767356873, 0.17568597197532654, 0.1753416657447815, 0.17550250887870789, 0.17551836371421814, 0.17585612833499908, 0.17592953145503998, 0.17555661499500275, 0.17669853568077087, 0.17667628824710846, 0.1748742312192917, 0.1757982224225998, 0.1763646900653839, 0.17562223970890045, 0.17558923363685608, 0.17539925873279572, 0.1759607493877411, 0.17659589648246765, 0.17537012696266174, 0.1757330298423767, 0.17490345239639282, 0.1753080040216446, 0.17562714219093323, 0.17498300969600677, 0.1751064509153366, 0.17518487572669983, 0.17634209990501404, 0.17600174248218536, 0.17571178078651428, 0.17570917308330536, 0.1762666255235672, 0.17673930525779724, 0.17578136920928955, 0.17621885240077972, 0.17536978423595428, 0.17678968608379364, 0.17597408592700958, 0.17626862227916718, 0.17624273896217346, 0.17622289061546326, 0.17678456008434296, 0.17656126618385315, 0.17712965607643127, 0.17667363584041595, 0.17582698166370392, 0.17651215195655823, 0.17662152647972107, 0.17529216408729553, 0.17568327486515045, 0.17738519608974457, 0.176208212971