,number,value,datetime_start,datetime_complete,duration,params_batch_size_scaler,params_constant_learning_rate,params_depth,params_epochs,params_kernel_l2,params_num_trees,params_temperature,user_attrs_accuracy_test,user_attrs_accuracy_valid,user_attrs_approximate_feature_sparsity,user_attrs_approximate_feature_sparsity_history,user_attrs_approximate_weight_sparsity,user_attrs_approximate_weight_sparsity_history,user_attrs_auc_test,user_attrs_auc_valid,user_attrs_feature_sparsity,user_attrs_feature_sparsity_history,user_attrs_num_epochs,user_attrs_val_loss_history,user_attrs_weight_sparsity,user_attrs_weight_sparsity_history,state
18,18,0.7026445620950392,2024-08-31 01:20:44.687003,2024-08-31 01:20:58.681130,0 days 00:00:13.994127,4,1.0253428056476166,1,50,0.018051492541582552,28,0.00022995596579775726,0.86,0.8625,3,"[33, 33, 33, 33, 32, 25, 19, 16, 15, 15, 14, 14, 14, 14, 14, 14, 14, 14, 14, 13, 13, 12, 9, 9, 9, 8, 8, 7, 7, 7, 7, 7, 7, 6, 6, 6, 6, 4, 4, 4, 4, 4, 4, 4, 4, 4, 4, 3, 3, 3]",3.0,"[32.964285714285715, 33.0, 32.964285714285715, 33.0, 31.964285714285715, 25.0, 19.0, 16.0, 14.964285714285715, 14.964285714285715, 14.0, 14.0, 14.0, 14.0, 14.0, 14.0, 14.0, 14.0, 14.0, 12.964285714285714, 13.0, 12.0, 8.964285714285715, 9.0, 9.0, 8.0, 7.964285714285714, 7.0, 6.964285714285714, 6.964285714285714, 7.0, 7.0, 7.0, 6.0, 5.964285714285714, 5.964285714285714, 5.964285714285714, 4.0, 4.0, 4.0, 4.0, 4.0, 4.0, 4.0, 4.0, 4.0, 4.0, 3.0, 3.0, 3.0]",0.6733419199299863,0.7026445620950392,3,"[33, 33, 33, 33, 32, 25, 19, 16, 15, 15, 14, 14, 14, 14, 14, 14, 14, 14, 14, 13, 13, 12, 9, 9, 9, 8, 8, 7, 7, 7, 7, 7, 7, 6, 6, 6, 6, 4, 4, 4, 4, 4, 4, 4, 4, 4, 4, 3, 3, 3]",50,"[0.39365866780281067, 0.5825904607772827, 0.4333261251449585, 0.37964358925819397, 0.4144611358642578, 0.29705581068992615, 0.33997321128845215, 0.2585907280445099, 1.4593360424041748, 0.2753521203994751, 0.3175690174102783, 0.2728606164455414, 0.2854786813259125, 1.2447450160980225, 0.3464335501194, 0.30391034483909607, 0.4622642397880554, 0.25513073801994324, 0.2972168028354645, 0.25604093074798584, 0.2679659128189087, 0.25370529294013977, 0.38569027185440063, 0.2631852626800537, 0.3405601978302002, 0.32572269439697266, 0.2622097134590149, 0.31335392594337463, 0.5825507044792175, 0.3082903027534485, 0.2987540662288666, 1.0729663372039795, 0.4197531044483185, 0.4744487702846527, 0.3648441731929779, 0.5085433125495911, 0.34248000383377075, 0.4142816960811615, 0.7660614252090454, 0.5572304725646973, 0.7271215319633484, 1.171196460723877, 0.38686448335647583, 0.8969647884368896, 0.3648351728916168, 0.3621259033679962, 0.6345815062522888, 0.46623581647872925, 0.7947021722793579, 0.4838060736656189]",3.0,"[33.0, 33.0, 33.0, 33.0, 32.0, 25.0, 19.0, 16.0, 15.0, 15.0, 14.0, 14.0, 14.0, 14.0, 14.0, 14.0, 14.0, 14.0, 14.0, 13.0, 13.0, 12.0, 9.0, 9.0, 9.0, 8.0, 8.0, 7.0, 7.0, 7.0, 7.0, 7.0, 7.0, 6.0, 6.0, 6.0, 6.0, 4.0, 4.0, 4.0, 4.0, 4.0, 4.0, 4.0, 4.0, 4.0, 4.0, 3.0, 3.0, 3.0]",COMPLETE
19,19,0.9192848217851115,2024-08-31 01:20:59.396469,2024-08-31 01:22:25.645595,0 days 00:01:26.249126,4,0.0442558814343846,1,325,0.08589889614836292,94,0.01098383097508723,0.927,0.91375,19,"[33, 33, 33, 33, 33, 33, 33, 33, 33, 33, 33, 33, 33, 33, 33, 33, 33, 33, 33, 33, 33, 33, 33, 33, 33, 33, 33, 33, 33, 33, 33, 33, 33, 33, 33, 33, 33, 33, 33, 33, 33, 33, 33, 33, 33, 33, 33, 33, 33, 33, 33, 33, 33, 33, 33, 33, 33, 33, 33, 33, 33, 33, 33, 33, 33, 33, 33, 33, 33, 33, 33, 33, 33, 33, 33, 33, 33, 33, 33, 33, 33, 33, 33, 33, 33, 33, 33, 33, 33, 33, 33, 33, 33, 33, 33, 33, 33, 33, 33, 33, 33, 33, 33, 33, 33, 33, 33, 33, 33, 33, 33, 33, 33, 33, 33, 33, 33, 33, 33, 33, 33, 33, 33, 33, 33, 33, 33, 33, 33, 33, 33, 33, 33, 33, 33, 33, 33, 33, 33, 33, 33, 33, 33, 33, 33, 33, 33, 33, 33, 33, 33, 33, 33, 33, 33, 33, 33, 33, 33, 33, 33, 33, 33, 33, 33, 33, 33, 33, 33, 33, 33, 33, 33, 33, 33, 33, 33, 33, 33, 33, 32, 32, 32, 32, 32, 32, 32, 32, 32, 32, 32, 32, 32, 31, 31, 31, 31, 31, 31, 31, 31, 31, 31, 30, 28, 28, 28, 28, 28, 28, 28, 28, 28, 28, 28, 27, 27, 27, 27, 27, 27, 27, 26, 26, 25, 24, 24, 24, 24, 24, 24, 24, 24, 24, 23, 23, 23, 23, 23, 23, 23, 23, 23, 23, 21, 21, 21, 21, 21, 21, 21, 21, 21, 21, 21, 21, 21, 21, 21, 21, 21, 20, 20, 20, 20, 20, 20, 20, 20, 20, 20, 20, 20, 20, 20, 20, 20, 20, 20, 20, 20, 19, 19, 19, 19, 19, 19, 19, 19, 19, 19, 19, 19, 19, 19, 19, 19, 19, 19, 19, 19, 19, 19, 19, 19, 19, 19, 19, 19, 19, 19, 19, 19, 19, 19, 19, 19, 19, 19, 19, 19, 19, 19, 19, 19]",18.95744680851064,"[32.97872340425532, 32.97872340425532, 33.0, 33.0, 32.98936170212766, 32.97872340425532, 33.0, 32.97872340425532, 32.9468085106383, 32.98936170212766, 32.98936170212766, 32.97872340425532, 32.97872340425532, 32.97872340425532, 32.98936170212766, 32.98936170212766, 33.0, 32.97872340425532, 32.97872340425532, 32.98936170212766, 32.98936170212766, 32.97872340425532, 32.98936170212766, 32.98936170212766, 32.98936170212766, 33.0, 33.0, 33.0, 33.0, 32.97872340425532, 33.0, 32.98936170212766, 32.98936170212766, 32.98936170212766, 32.97872340425532, 32.98936170212766, 32.97872340425532, 32.98936170212766, 32.97872340425532, 32.97872340425532, 32.97872340425532, 32.98936170212766, 32.98936170212766, 32.96808510638298, 32.97872340425532, 32.97872340425532, 33.0, 33.0, 33.0, 33.0, 32.98936170212766, 33.0, 33.0, 33.0, 33.0, 32.98936170212766, 33.0, 33.0, 33.0, 32.97872340425532, 32.98936170212766, 32.97872340425532, 32.98936170212766, 33.0, 32.98936170212766, 32.98936170212766, 32.97872340425532, 32.98936170212766, 32.98936170212766, 32.96808510638298, 32.98936170212766, 32.96808510638298, 32.98936170212766, 33.0, 32.97872340425532, 33.0, 33.0, 32.98936170212766, 32.98936170212766, 32.98936170212766, 32.98936170212766, 32.95744680851064, 32.97872340425532, 32.98936170212766, 32.96808510638298, 32.96808510638298, 32.98936170212766, 32.97872340425532, 32.98936170212766, 32.95744680851064, 32.97872340425532, 32.95744680851064, 32.9468085106383, 32.93617021276596, 32.97872340425532, 32.95744680851064, 32.97872340425532, 32.97872340425532, 33.0, 32.98936170212766, 32.95744680851064, 33.0, 32.98936170212766, 32.97872340425532, 32.95744680851064, 32.9468085106383, 32.98936170212766, 32.97872340425532, 32.96808510638298, 32.97872340425532, 33.0, 32.98936170212766, 32.97872340425532, 33.0, 32.97872340425532, 32.97872340425532, 33.0, 32.96808510638298, 32.97872340425532, 32.97872340425532, 32.98936170212766, 32.98936170212766, 32.95744680851064, 32.97872340425532, 32.98936170212766, 32.95744680851064, 32.95744680851064, 32.97872340425532, 32.98936170212766, 32.98936170212766, 32.98936170212766, 32.96808510638298, 32.96808510638298, 32.97872340425532, 32.97872340425532, 32.97872340425532, 32.98936170212766, 32.96808510638298, 32.98936170212766, 32.96808510638298, 32.97872340425532, 32.97872340425532, 32.96808510638298, 32.98936170212766, 33.0, 32.98936170212766, 32.95744680851064, 32.96808510638298, 32.96808510638298, 33.0, 33.0, 32.98936170212766, 32.98936170212766, 32.98936170212766, 33.0, 32.98936170212766, 33.0, 33.0, 32.97872340425532, 33.0, 32.96808510638298, 32.96808510638298, 32.98936170212766, 32.96808510638298, 32.95744680851064, 32.95744680851064, 32.95744680851064, 32.96808510638298, 32.97872340425532, 32.96808510638298, 32.9468085106383, 32.9468085106383, 32.96808510638298, 32.97872340425532, 32.92553191489362, 32.95744680851064, 32.97872340425532, 32.97872340425532, 32.95744680851064, 32.96808510638298, 31.97872340425532, 31.9468085106383, 31.96808510638298, 31.95744680851064, 31.97872340425532, 31.95744680851064, 31.97872340425532, 31.95744680851064, 31.97872340425532, 31.96808510638298, 31.97872340425532, 31.97872340425532, 31.98936170212766, 30.96808510638298, 30.98936170212766, 30.97872340425532, 30.98936170212766, 30.97872340425532, 30.98936170212766, 30.98936170212766, 30.96808510638298, 30.96808510638298, 30.98936170212766, 29.97872340425532, 27.98936170212766, 27.97872340425532, 27.95744680851064, 27.96808510638298, 27.95744680851064, 27.96808510638298, 27.97872340425532, 27.96808510638298, 27.96808510638298, 27.96808510638298, 27.96808510638298, 26.96808510638298, 26.97872340425532, 26.98936170212766, 26.97872340425532, 26.97872340425532, 27.0, 26.97872340425532, 25.96808510638298, 25.97872340425532, 24.97872340425532, 23.97872340425532, 23.95744680851064, 23.97872340425532, 23.96808510638298, 24.0, 23.97872340425532, 23.98936170212766, 24.0, 23.98936170212766, 22.98936170212766, 23.0, 22.97872340425532, 22.98936170212766, 22.96808510638298, 23.0, 22.98936170212766, 22.98936170212766, 22.97872340425532, 22.97872340425532, 20.96808510638298, 20.97872340425532, 20.98936170212766, 20.96808510638298, 20.97872340425532, 20.98936170212766, 20.97872340425532, 20.97872340425532, 20.97872340425532, 20.98936170212766, 20.97872340425532, 20.97872340425532, 20.97872340425532, 20.95744680851064, 20.95744680851064, 20.96808510638298, 20.96808510638298, 19.95744680851064, 19.95744680851064, 19.93617021276596, 19.96808510638298, 19.96808510638298, 19.9468085106383, 19.97872340425532, 19.96808510638298, 19.98936170212766, 19.96808510638298, 19.96808510638298, 19.97872340425532, 19.97872340425532, 19.98936170212766, 20.0, 20.0, 20.0, 19.98936170212766, 19.96808510638298, 19.98936170212766, 18.98936170212766, 18.97872340425532, 18.97872340425532, 18.98936170212766, 18.98936170212766, 18.97872340425532, 18.97872340425532, 18.98936170212766, 18.98936170212766, 18.96808510638298, 19.0, 18.98936170212766, 18.98936170212766, 18.97872340425532, 18.98936170212766, 18.98936170212766, 19.0, 19.0, 18.97872340425532, 19.0, 18.96808510638298, 18.97872340425532, 18.97872340425532, 18.97872340425532, 18.96808510638298, 18.97872340425532, 18.98936170212766, 18.98936170212766, 18.98936170212766, 18.98936170212766, 19.0, 18.96808510638298, 19.0, 18.97872340425532, 18.95744680851064, 18.97872340425532, 18.97872340425532, 18.96808510638298, 18.98936170212766, 18.95744680851064, 18.98936170212766, 18.98936170212766, 18.98936170212766, 18.95744680851064]",0.9080243396989738,0.9192848217851115,19,"[33, 33, 33, 33, 33, 33, 33, 33, 33, 33, 33, 33, 33, 33, 33, 33, 33, 33, 33, 33, 33, 33, 33, 33, 33, 33, 33, 33, 33, 33, 33, 33, 33, 33, 33, 33, 33, 33, 33, 33, 33, 33, 33, 33, 33, 33, 33, 33, 33, 33, 33, 33, 33, 33, 33, 33, 33, 33, 33, 33, 33, 33, 33, 33, 33, 33, 33, 33, 33, 33, 33, 33, 33, 33, 33, 33, 33, 33, 33, 33, 33, 33, 33, 33, 33, 33, 33, 33, 33, 33, 33, 33, 33, 33, 33, 33, 33, 33, 33, 33, 33, 33, 33, 33, 33, 33, 33, 33, 33, 33, 33, 33, 33, 33, 33, 33, 33, 33, 33, 33, 33, 33, 33, 33, 33, 33, 33, 33, 33, 33, 33, 33, 33, 33, 33, 33, 33, 33, 33, 33, 33, 33, 33, 33, 33, 33, 33, 33, 33, 33, 33, 33, 33, 33, 33, 33, 33, 33, 33, 33, 33, 33, 33, 33, 33, 33, 33, 33, 33, 33, 33, 33, 33, 33, 33, 33, 33, 33, 33, 33, 32, 32, 32, 32, 32, 32, 32, 32, 32, 32, 32, 32, 32, 31, 31, 31, 31, 31, 31, 31, 31, 31, 31, 30, 28, 28, 28, 28, 28, 28, 28, 28, 28, 28, 28, 27, 27, 27, 27, 27, 27, 27, 26, 26, 25, 24, 24, 24, 24, 24, 24, 24, 24, 24, 23, 23, 23, 23, 23, 23, 23, 23, 23, 23, 21, 21, 21, 21, 21, 21, 21, 21, 21, 21, 21, 21, 21, 21, 21, 21, 21, 20, 20, 20, 20, 20, 20, 20, 20, 20, 20, 20, 20, 20, 20, 20, 20, 20, 20, 20, 20, 19, 19, 19, 19, 19, 19, 19, 19, 19, 19, 19, 19, 19, 19, 19, 19, 19, 19, 19, 19, 19, 19, 19, 19, 19, 19, 19, 19, 19, 19, 19, 19, 19, 19, 19, 19, 19, 19, 19, 19, 19, 19, 19, 19]",325,"[0.44683343172073364, 0.42940276861190796, 0.4202020764350891, 0.41640594601631165, 0.4105241894721985, 0.40687838196754456, 0.4038811922073364, 0.4013248383998871, 0.4089604318141937, 0.4008679687976837, 0.3963488042354584, 0.39226359128952026, 0.39053505659103394, 0.39597609639167786, 0.3867191672325134, 0.3889246881008148, 0.38384810090065, 0.3844091296195984, 0.3791755735874176, 0.37902775406837463, 0.392683207988739, 0.37485024333000183, 0.3737616240978241, 0.37174153327941895, 0.38228651881217957, 0.3694911599159241, 0.3692137897014618, 0.3706788122653961, 0.36894690990448, 0.3639448881149292, 0.3645910918712616, 0.36206820607185364, 0.36235007643699646, 0.36077120900154114, 0.36029601097106934, 0.3683840036392212, 0.3583352565765381, 0.3568161129951477, 0.35569068789482117, 0.3560435175895691, 0.3550247550010681, 0.3533441424369812, 0.3540138900279999, 0.35205891728401184, 0.3511453866958618, 0.3508957624435425, 0.3519202470779419, 0.35191094875335693, 0.34844815731048584, 0.3508419096469879, 0.3480183482170105, 0.3491537868976593, 0.34878408908843994, 0.3495323061943054, 0.34527793526649475, 0.3450886607170105, 0.3457917273044586, 0.34625425934791565, 0.3433385491371155, 0.34725630283355713, 0.3412832021713257, 0.3456844985485077, 0.34003037214279175, 0.3402368128299713, 0.34056979417800903, 0.3415021002292633, 0.3403054177761078, 0.34009644389152527, 0.338302344083786, 0.3413129448890686, 0.33980491757392883, 0.3352648615837097, 0.33504441380500793, 0.334250271320343, 0.3336004912853241, 0.34362030029296875, 0.3388035297393799, 0.3356706202030182, 0.3324261009693146, 0.3298492431640625, 0.32964271306991577, 0.3284461200237274, 0.32798874378204346, 0.3277248442173004, 0.3233826458454132, 0.3231119215488434, 0.32296261191368103, 0.323147177696228, 0.319202721118927, 0.31880420446395874, 0.3178715407848358, 0.31935518980026245, 0.31811055541038513, 0.3150871992111206, 0.31125155091285706, 0.31014755368232727, 0.308073490858078, 0.30698657035827637, 0.3058115243911743, 0.3039192855358124, 0.3022966980934143, 0.30128857493400574, 0.2993888854980469, 0.29937291145324707, 0.2983427345752716, 0.29630881547927856, 0.2947273850440979, 0.3068183958530426, 0.2919836938381195, 0.29061830043792725, 0.2960739731788635, 0.29019203782081604, 0.2875286340713501, 0.28572583198547363, 0.28386756777763367, 0.2852075695991516, 0.28725969791412354, 0.2828158736228943, 0.28160810470581055, 0.2803514003753662, 0.2789459526538849, 0.27785947918891907, 0.2767278552055359, 0.28256329894065857, 0.2748023271560669, 0.2738899290561676, 0.2731701135635376, 0.2726859450340271, 0.2730010151863098, 0.27354979515075684, 0.27062949538230896, 0.27070319652557373, 0.273077130317688, 0.26887404918670654, 0.2692277133464813, 0.26995787024497986, 0.2668178677558899, 0.26678964495658875, 0.2653386890888214, 0.26703429222106934, 0.2652584910392761, 0.26332616806030273, 0.2639927268028259, 0.2636969983577728, 0.26375526189804077, 0.26348888874053955, 0.2628732919692993, 0.2610618770122528, 0.26134756207466125, 0.2644452750682831, 0.2607305645942688, 0.2595407962799072, 0.26106005907058716, 0.25822117924690247, 0.2585185170173645, 0.2614220678806305, 0.2575168311595917, 0.2563852071762085, 0.2570253908634186, 0.25871145725250244, 0.2572622001171112, 0.2554856240749359, 0.25617530941963196, 0.2559191584587097, 0.25534671545028687, 0.2552322447299957, 0.2550109624862671, 0.2543237805366516, 0.25622084736824036, 0.254601389169693, 0.2540062665939331, 0.253452330827713, 0.2540731728076935, 0.25364792346954346, 0.256699800491333, 0.2527240216732025, 0.2522413730621338, 0.2645103335380554, 0.25267720222473145, 0.25195714831352234, 0.2511867880821228, 0.2507045269012451, 0.24987921118736267, 0.25059762597084045, 0.25217172503471375, 0.2511748969554901, 0.24930034577846527, 0.2507552206516266, 0.25008949637413025, 0.2554086744785309, 0.2514182925224304, 0.24809332191944122, 0.2507392168045044, 0.24994617700576782, 0.2525259852409363, 0.2501360774040222, 0.2537679374217987, 0.24949263036251068, 0.2527603507041931, 0.2551153898239136, 0.2629932165145874, 0.2537364065647125, 0.24927787482738495, 0.254573255777359, 0.24672135710716248, 0.24655050039291382, 0.24638406932353973, 0.24688787758350372, 0.24649633467197418, 0.24577336013317108, 0.24545064568519592, 0.2451678067445755, 0.24876832962036133, 0.24566465616226196, 0.24658407270908356, 0.2440464049577713, 0.2435302734375, 0.2435447722673416, 0.2432386726140976, 0.24262982606887817, 0.24232988059520721, 0.24215805530548096, 0.24346426129341125, 0.24299389123916626, 0.24359582364559174, 0.24456359446048737, 0.24226534366607666, 0.24099507927894592, 0.24458803236484528, 0.23987415432929993, 0.24721725285053253, 0.2395799458026886, 0.2405007928609848, 0.23886898159980774, 0.24433553218841553, 0.2414492666721344, 0.23976846039295197, 0.2438015341758728, 0.24167600274085999, 0.2397262156009674, 0.24304190278053284, 0.24372033774852753, 0.2384764701128006, 0.23853103816509247, 0.2371872514486313, 0.23829753696918488, 0.2373594343662262, 0.23774179816246033, 0.2393309473991394, 0.2368001490831375, 0.23736435174942017, 0.23616665601730347, 0.2384728193283081, 0.23697778582572937, 0.23882244527339935, 0.23686055839061737, 0.2366911917924881, 0.23621505498886108, 0.24237948656082153, 0.23556986451148987, 0.23772704601287842, 0.23689639568328857, 0.2408353090286255, 0.23542219400405884, 0.23691247403621674, 0.23486103117465973, 0.2359679937362671, 0.23466451466083527, 0.2386208474636078, 0.2349959760904312, 0.2343607395887375, 0.23323018848896027, 0.23380331695079803, 0.23681806027889252, 0.23444759845733643, 0.2334100902080536, 0.23359590768814087, 0.23364868760108948, 0.2335461676120758, 0.2323264628648758, 0.23367229104042053, 0.23337072134017944, 0.23656001687049866, 0.2380683869123459, 0.23348984122276306, 0.2339174449443817, 0.23335394263267517, 0.23239219188690186, 0.2333977073431015, 0.2340177595615387, 0.23406480252742767, 0.23332473635673523, 0.23354347050189972, 0.23221248388290405, 0.23515334725379944, 0.23249992728233337, 0.23156218230724335, 0.23184671998023987, 0.2361842393875122, 0.23095542192459106, 0.233327716588974, 0.2354462444782257, 0.23534394800662994, 0.2321939617395401, 0.2317807376384735, 0.22934097051620483, 0.2299310564994812, 0.23073892295360565, 0.2352987825870514, 0.2383834272623062, 0.24049724638462067, 0.2315010130405426, 0.23346003890037537, 0.23121888935565948, 0.230248361825943, 0.23068013787269592, 0.23127993941307068, 0.22844865918159485, 0.2327418327331543, 0.23069028556346893, 0.23399388790130615, 0.229550302028656, 0.22857528924942017, 0.2314099818468094, 0.229214146733284]",19.0,"[33.0, 33.0, 33.0, 33.0, 33.0, 33.0, 33.0, 33.0, 33.0, 33.0, 33.0, 33.0, 33.0, 33.0, 33.0, 33.0, 33.0, 33.0, 33.0, 33.0, 33.0, 33.0, 33.0, 33.0, 33.0, 33.0, 33.0, 33.0, 33.0, 33.0, 33.0, 33.0, 33.0, 33.0, 33.0, 33.0, 33.0, 33.0, 33.0, 33.0, 33.0, 33.0, 33.0, 33.0, 33.0, 33.0, 33.0, 33.0, 33.0, 33.0, 33.0, 33.0, 33.0, 33.0, 33.0, 33.0, 33.0, 33.0, 33.0, 33.0, 33.0, 33.0, 33.0, 33.0, 33.0, 33.0, 33.0, 33.0, 33.0, 33.0, 33.0, 33.0, 33.0, 33.0, 33.0, 33.0, 33.0, 33.0, 33.0, 33.0, 33.0, 33.0, 33.0, 33.0, 33.0, 33.0, 33.0, 33.0, 33.0, 33.0, 33.0, 33.0, 33.0, 33.0, 33.0, 33.0, 33.0, 33.0, 33.0, 33.0, 33.0, 33.0, 33.0, 33.0, 33.0, 33.0, 33.0, 33.0, 33.0, 33.0, 33.0, 33.0, 33.0, 33.0, 33.0, 33.0, 33.0, 33.0, 33.0, 33.0, 33.0, 33.0, 33.0, 33.0, 33.0, 33.0, 33.0, 33.0, 33.0, 33.0, 33.0, 33.0, 33.0, 33.0, 33.0, 33.0, 33.0, 33.0, 33.0, 33.0, 33.0, 33.0, 33.0, 33.0, 33.0, 33.0, 33.0, 33.0, 33.0, 33.0, 33.0, 33.0, 33.0, 33.0, 33.0, 33.0, 33.0, 33.0, 33.0, 33.0, 33.0, 33.0, 33.0, 33.0, 33.0, 33.0, 33.0, 33.0, 33.0, 33.0, 33.0, 33.0, 33.0, 33.0, 33.0, 33.0, 33.0, 33.0, 33.0, 33.0, 32.0, 32.0, 32.0, 32.0, 32.0, 32.0, 32.0, 32.0, 32.0, 32.0, 32.0, 32.0, 32.0, 31.0, 31.0, 31.0, 31.0, 31.0, 31.0, 31.0, 31.0, 31.0, 31.0, 30.0, 28.0, 28.0, 28.0, 28.0, 28.0, 28.0, 28.0, 28.0, 28.0, 28.0, 28.0, 27.0, 27.0, 27.0, 27.0, 27.0, 27.0, 27.0, 26.0, 26.0, 25.0, 24.0, 24.0, 24.0, 24.0, 24.0, 24.0, 24.0, 24.0, 24.0, 23.0, 23.0, 23.0, 23.0, 23.0, 23.0, 23.0, 23.0, 23.0, 23.0, 21.0, 21.0, 21.0, 21.0, 21.0, 21.0, 21.0, 21.0, 21.0, 21.0, 21.0, 21.0, 21.0, 21.0, 21.0, 21.0, 21.0, 20.0, 20.0, 20.0, 20.0, 20.0, 20.0, 20.0, 20.0, 20.0, 20.0, 20.0, 20.0, 20.0, 20.0, 20.0, 20.0, 20.0, 20.0, 20.0, 20.0, 19.0, 19.0, 19.0, 19.0, 19.0, 19.0, 19.0, 19.0, 19.0, 19.0, 19.0, 19.0, 19.0, 19.0, 19.0, 19.0, 19.0, 19.0, 19.0, 19.0, 19.0, 19.0, 19.0, 19.0, 19.0, 19.0, 19.0, 19.0, 19.0, 19.0, 19.0, 19.0, 19.0, 19.0, 19.0, 19.0, 19.0, 19.0, 19.0, 19.0, 19.0, 19.0, 19.0, 19.0]",COMPLETE
