,number,value,datetime_start,datetime_complete,duration,params_batch_size_scaler,params_constant_learning_rate,params_depth,params_epochs,params_kernel_l2,params_num_trees,params_temperature,user_attrs_accuracy_test,user_attrs_accuracy_valid,user_attrs_approximate_feature_sparsity,user_attrs_approximate_feature_sparsity_history,user_attrs_approximate_weight_sparsity,user_attrs_approximate_weight_sparsity_history,user_attrs_auc_test,user_attrs_auc_valid,user_attrs_feature_sparsity,user_attrs_feature_sparsity_history,user_attrs_num_epochs,user_attrs_val_loss_history,user_attrs_weight_sparsity,user_attrs_weight_sparsity_history,state
20,20,0.8993829784493309,2024-08-31 01:22:25.665335,2024-08-31 01:23:34.018431,0 days 00:01:08.353096,16,0.034587477730220834,2,425,0.05134538778084447,73,0.0001802199503060684,0.884,0.89,33,"[33, 33, 33, 33, 33, 33, 33, 33, 33, 33, 33, 33, 33, 33, 33, 33, 33, 33, 33, 33, 33, 33, 33, 33, 33, 33, 33, 33, 33, 33, 33, 33, 33, 33, 33, 33, 33, 33, 33, 33, 33, 33, 33, 33, 33, 33, 33, 33, 33, 33, 33, 33, 33, 33, 33, 33, 33, 33, 33, 33, 33, 33, 33, 33, 33, 33, 33, 33, 33, 33, 33, 33, 33, 33, 33, 33, 33, 33, 33, 33, 33, 33, 33, 33, 33, 33, 33, 33, 33, 33, 33, 33, 33, 33, 33, 33, 33, 33, 33, 33, 33, 33, 33, 33, 33, 33, 33, 33, 33, 33, 33, 33, 33, 33, 33, 33, 33, 33, 33, 33, 33, 33, 33, 33, 33, 33, 33, 33, 33, 33, 33, 33, 33, 33, 33, 33, 33, 33, 33, 33, 33, 33, 33, 33, 33, 33, 33, 33, 33, 33, 33, 33, 33, 33, 33, 33, 33, 33, 33, 33, 33, 33, 33, 33, 33, 33, 33, 33, 33, 33, 33, 33, 33, 33, 33, 33, 33, 33, 33, 33, 33, 33, 33, 33, 33, 33, 33, 33, 33, 33, 33, 33, 33, 33, 33, 33, 33, 33, 33, 33, 33, 33, 33, 33, 33, 33, 33, 33, 33, 33, 33, 33, 33, 33, 33, 33, 33, 33, 33, 33, 33, 33, 33, 33, 33, 33, 33, 33, 33, 33, 33, 33, 33, 33, 33, 33, 33, 33, 33, 33, 33, 33, 33, 33, 33, 33, 33, 33, 33, 33, 33, 33, 33, 33, 33, 33, 33, 33, 33, 33, 33, 33, 33, 33, 33, 33, 33, 33, 33, 33, 33, 33, 33, 33, 33, 33, 33, 33, 33, 33, 33, 33, 33, 33, 33, 33, 33, 33, 33, 33, 33, 33, 33, 33, 33, 33, 33, 33, 33, 33, 33, 33, 33, 33, 33, 33, 33, 33, 33, 33, 33, 33, 33, 33, 33, 33, 33, 33, 33, 33, 33, 33, 33, 33, 33, 33, 33, 33, 33, 33, 33, 33, 33, 33, 33, 33, 33, 33, 33, 33, 33, 33, 33, 33, 33, 33, 33, 33, 33, 33, 33, 33, 33, 33, 33, 33, 33, 33, 33, 33, 33, 33, 33, 33, 33, 33, 33, 33, 33, 33, 33, 33, 33, 33, 33, 33, 33, 33, 33, 33, 33, 33, 33, 33, 33, 33, 33, 33, 33, 33, 33, 33, 33, 33, 33, 33, 33, 33, 33, 33, 33, 33, 33, 33, 33, 33, 33, 33, 33, 33, 33, 33, 33, 33, 33, 33, 33, 33, 33, 33, 33, 33, 33, 33, 33]",32.981735159817354,"[32.97260273972603, 32.95890410958904, 32.97260273972603, 32.97716894977169, 32.96803652968037, 32.97716894977169, 32.97716894977169, 32.96803652968037, 32.981735159817354, 32.97260273972603, 32.97260273972603, 32.97260273972603, 32.97260273972603, 32.981735159817354, 32.97716894977169, 32.97716894977169, 32.96803652968037, 32.97260273972603, 32.95433789954338, 32.97260273972603, 32.9634703196347, 32.986301369863014, 32.990867579908674, 32.986301369863014, 32.986301369863014, 32.97716894977169, 32.99543378995433, 32.990867579908674, 32.990867579908674, 32.986301369863014, 32.98173515981735, 32.986301369863014, 32.990867579908674, 32.990867579908674, 32.986301369863014, 32.96803652968036, 32.97716894977169, 32.96803652968036, 32.9634703196347, 32.97260273972603, 32.986301369863014, 32.986301369863014, 32.986301369863014, 32.986301369863014, 32.97716894977169, 32.986301369863014, 32.97716894977169, 32.990867579908674, 32.98173515981735, 32.97260273972603, 32.97260273972603, 32.97716894977169, 32.96803652968036, 32.96803652968036, 32.98173515981735, 32.986301369863014, 32.98173515981735, 32.97260273972603, 32.97260273972603, 32.97260273972603, 32.97260273972603, 32.97260273972603, 32.96803652968037, 32.97716894977169, 32.981735159817354, 32.986301369863014, 32.986301369863014, 32.97260273972603, 32.986301369863014, 32.981735159817354, 32.981735159817354, 32.986301369863014, 32.981735159817354, 32.981735159817354, 32.986301369863014, 32.96803652968036, 32.95890410958904, 32.95890410958904, 32.95890410958904, 32.95890410958904, 32.981735159817354, 32.96803652968037, 32.97260273972603, 32.96803652968037, 32.97260273972603, 32.97260273972603, 32.96803652968037, 32.981735159817354, 32.986301369863014, 32.986301369863014, 32.986301369863014, 32.97716894977169, 32.97716894977169, 32.97716894977169, 32.986301369863014, 32.981735159817354, 32.986301369863014, 32.981735159817354, 32.97716894977169, 32.986301369863014, 32.97260273972603, 32.96803652968037, 32.97260273972603, 32.97260273972603, 32.97716894977169, 32.986301369863014, 32.981735159817354, 32.97716894977169, 32.981735159817354, 32.981735159817354, 32.97716894977169, 32.97716894977169, 32.981735159817354, 32.97716894977169, 32.97260273972603, 32.96803652968037, 32.954337899543376, 32.95890410958904, 32.97260273972603, 32.981735159817354, 32.990867579908674, 32.986301369863014, 32.986301369863014, 32.986301369863014, 32.986301369863014, 32.990867579908674, 32.986301369863014, 32.986301369863014, 32.97716894977169, 32.981735159817354, 32.981735159817354, 32.990867579908674, 32.986301369863014, 32.97716894977169, 32.97716894977169, 32.96803652968037, 32.97716894977169, 32.981735159817354, 32.981735159817354, 32.97716894977169, 32.97260273972603, 32.981735159817354, 32.97260273972603, 32.96803652968037, 32.9634703196347, 32.9634703196347, 32.97716894977169, 32.97260273972603, 32.981735159817354, 32.986301369863014, 32.97716894977169, 32.981735159817354, 32.981735159817354, 32.981735159817354, 32.981735159817354, 32.981735159817354, 32.986301369863014, 32.986301369863014, 32.981735159817354, 32.97260273972603, 32.97716894977169, 32.97260273972603, 32.97716894977169, 32.97716894977169, 32.96803652968037, 32.97716894977169, 32.97260273972603, 32.97260273972603, 32.96803652968037, 32.97260273972603, 32.97716894977169, 32.97716894977169, 32.981735159817354, 32.97260273972603, 32.97260273972603, 32.97260273972603, 32.96803652968036, 32.96803652968037, 32.9634703196347, 32.95890410958904, 32.95890410958904, 32.97260273972603, 32.97260273972603, 32.96803652968037, 32.95890410958904, 32.95890410958904, 32.97260273972603, 32.9634703196347, 32.9634703196347, 32.95890410958904, 32.9634703196347, 32.96803652968037, 32.97716894977169, 32.97716894977169, 32.981735159817354, 32.986301369863014, 32.986301369863014, 32.981735159817354, 32.97260273972603, 32.97716894977169, 32.981735159817354, 32.97716894977169, 32.9634703196347, 32.96803652968037, 32.981735159817354, 32.981735159817354, 32.96803652968037, 32.97260273972603, 32.97260273972603, 32.986301369863014, 32.97716894977169, 32.97716894977169, 32.96803652968037, 32.97716894977169, 32.9634703196347, 32.96803652968037, 32.9634703196347, 32.95890410958904, 32.95433789954338, 32.97260273972603, 32.96803652968037, 32.97716894977169, 32.97716894977169, 32.97716894977169, 32.97716894977169, 32.98173515981735, 32.97716894977169, 32.97260273972603, 32.981735159817354, 32.981735159817354, 32.97716894977169, 32.96803652968037, 32.97716894977169, 32.981735159817354, 32.981735159817354, 32.96803652968036, 32.97260273972603, 32.9634703196347, 32.9634703196347, 32.96803652968037, 32.95890410958904, 32.97260273972603, 32.96803652968037, 32.96803652968037, 32.986301369863014, 32.990867579908674, 32.99543378995434, 32.990867579908674, 32.986301369863014, 32.981735159817354, 32.986301369863014, 32.986301369863014, 32.990867579908674, 32.986301369863014, 32.986301369863014, 32.981735159817354, 32.990867579908674, 32.990867579908674, 32.981735159817354, 32.97260273972603, 32.97716894977169, 32.97716894977169, 32.97260273972603, 32.98173515981735, 32.986301369863014, 32.981735159817354, 32.990867579908674, 32.97716894977169, 32.97260273972603, 32.97260273972603, 32.97260273972603, 32.95890410958904, 32.97716894977169, 32.98173515981735, 32.97260273972603, 32.96803652968036, 32.97716894977169, 32.97260273972603, 32.990867579908674, 32.990867579908674, 32.986301369863014, 33.0, 32.99543378995433, 32.99543378995433, 32.99543378995433, 33.0, 33.0, 32.99543378995433, 32.99543378995433, 32.99543378995433, 32.990867579908674, 32.99543378995433, 33.0, 33.0, 32.99543378995433, 32.990867579908674, 32.986301369863014, 32.98173515981735, 32.990867579908674, 32.986301369863014, 32.986301369863014, 32.98173515981735, 32.98173515981735, 32.986301369863014, 32.99543378995433, 32.98173515981735, 32.96803652968036, 32.97716894977169, 32.990867579908674, 33.0, 33.0, 32.990867579908674, 32.990867579908674, 32.990867579908674, 32.986301369863014, 32.986301369863014, 32.990867579908674, 32.986301369863014, 32.986301369863014, 32.986301369863014, 32.97716894977169, 32.97716894977169, 32.96803652968036, 32.97716894977169, 32.986301369863014, 32.98173515981735, 32.98173515981735, 32.98173515981735, 32.96803652968036, 32.97716894977169, 32.96803652968036, 32.9634703196347, 32.96803652968036, 32.97260273972603, 32.9634703196347, 32.96803652968036, 32.96803652968036, 32.97716894977169, 32.97260273972603, 32.97260273972603, 32.97260273972603, 32.986301369863014, 32.97716894977169, 32.96803652968036, 32.97260273972603, 32.97716894977169, 32.98173515981735, 32.99543378995433, 32.99543378995433, 32.99543378995433, 32.99543378995433, 32.990867579908674, 32.986301369863014, 32.986301369863014, 32.990867579908674, 32.98173515981735, 32.97716894977169, 32.981735159817354, 32.990867579908674, 32.99543378995433, 33.0, 32.990867579908674, 32.99543378995433, 32.990867579908674, 32.990867579908674, 32.986301369863014, 32.986301369863014, 32.990867579908674, 32.99543378995433, 32.986301369863014, 32.98173515981735, 32.97260273972603, 32.97716894977169, 32.98173515981735, 32.98173515981735, 32.986301369863014, 32.986301369863014, 32.986301369863014, 32.98173515981735, 32.97260273972603, 32.96803652968036, 32.954337899543376, 32.954337899543376, 32.97260273972603, 32.97716894977169, 32.97716894977169, 32.97260273972603, 32.95890410958904, 32.97716894977169, 32.97716894977169, 32.97716894977169, 32.97716894977169, 32.97716894977169, 32.98173515981735, 32.97260273972603, 32.96803652968036, 32.95890410958904, 32.9634703196347, 32.95890410958904, 32.96803652968036, 32.95890410958904, 32.9634703196347, 32.96803652968037, 32.96803652968037, 32.97260273972603, 32.97260273972603, 32.96803652968036, 32.9634703196347, 32.9634703196347, 32.9634703196347, 32.96803652968036, 32.96803652968036, 32.97260273972603, 32.97260273972603, 32.98173515981735, 32.98173515981735, 32.990867579908674, 32.98173515981735, 32.99543378995433, 32.990867579908674, 32.990867579908674, 32.990867579908674, 32.986301369863014, 32.981735159817354, 32.981735159817354]",0.8841800213013647,0.8993829784493309,33,"[33, 33, 33, 33, 33, 33, 33, 33, 33, 33, 33, 33, 33, 33, 33, 33, 33, 33, 33, 33, 33, 33, 33, 33, 33, 33, 33, 33, 33, 33, 33, 33, 33, 33, 33, 33, 33, 33, 33, 33, 33, 33, 33, 33, 33, 33, 33, 33, 33, 33, 33, 33, 33, 33, 33, 33, 33, 33, 33, 33, 33, 33, 33, 33, 33, 33, 33, 33, 33, 33, 33, 33, 33, 33, 33, 33, 33, 33, 33, 33, 33, 33, 33, 33, 33, 33, 33, 33, 33, 33, 33, 33, 33, 33, 33, 33, 33, 33, 33, 33, 33, 33, 33, 33, 33, 33, 33, 33, 33, 33, 33, 33, 33, 33, 33, 33, 33, 33, 33, 33, 33, 33, 33, 33, 33, 33, 33, 33, 33, 33, 33, 33, 33, 33, 33, 33, 33, 33, 33, 33, 33, 33, 33, 33, 33, 33, 33, 33, 33, 33, 33, 33, 33, 33, 33, 33, 33, 33, 33, 33, 33, 33, 33, 33, 33, 33, 33, 33, 33, 33, 33, 33, 33, 33, 33, 33, 33, 33, 33, 33, 33, 33, 33, 33, 33, 33, 33, 33, 33, 33, 33, 33, 33, 33, 33, 33, 33, 33, 33, 33, 33, 33, 33, 33, 33, 33, 33, 33, 33, 33, 33, 33, 33, 33, 33, 33, 33, 33, 33, 33, 33, 33, 33, 33, 33, 33, 33, 33, 33, 33, 33, 33, 33, 33, 33, 33, 33, 33, 33, 33, 33, 33, 33, 33, 33, 33, 33, 33, 33, 33, 33, 33, 33, 33, 33, 33, 33, 33, 33, 33, 33, 33, 33, 33, 33, 33, 33, 33, 33, 33, 33, 33, 33, 33, 33, 33, 33, 33, 33, 33, 33, 33, 33, 33, 33, 33, 33, 33, 33, 33, 33, 33, 33, 33, 33, 33, 33, 33, 33, 33, 33, 33, 33, 33, 33, 33, 33, 33, 33, 33, 33, 33, 33, 33, 33, 33, 33, 33, 33, 33, 33, 33, 33, 33, 33, 33, 33, 33, 33, 33, 33, 33, 33, 33, 33, 33, 33, 33, 33, 33, 33, 33, 33, 33, 33, 33, 33, 33, 33, 33, 33, 33, 33, 33, 33, 33, 33, 33, 33, 33, 33, 33, 33, 33, 33, 33, 33, 33, 33, 33, 33, 33, 33, 33, 33, 33, 33, 33, 33, 33, 33, 33, 33, 33, 33, 33, 33, 33, 33, 33, 33, 33, 33, 33, 33, 33, 33, 33, 33, 33, 33, 33, 33, 33, 33, 33, 33, 33, 33, 33, 33, 33, 33, 33, 33, 33, 33, 33, 33, 33, 33, 33, 33, 33, 33]",425,"[0.42508193850517273, 0.4212757349014282, 0.4174942374229431, 0.4137417674064636, 0.4107363820075989, 0.40816929936408997, 0.40558382868766785, 0.40350693464279175, 0.40134188532829285, 0.3994375467300415, 0.397750586271286, 0.39621812105178833, 0.3947165012359619, 0.39330968260765076, 0.3922275900840759, 0.3908635973930359, 0.38983532786369324, 0.3888354003429413, 0.38812172412872314, 0.3870825171470642, 0.3861039876937866, 0.38533011078834534, 0.3845451772212982, 0.38390877842903137, 0.38323840498924255, 0.3825821578502655, 0.3819259703159332, 0.381358802318573, 0.3807936906814575, 0.38022053241729736, 0.37975525856018066, 0.3791927099227905, 0.3787878453731537, 0.37801501154899597, 0.37747249007225037, 0.37703800201416016, 0.3765769302845001, 0.3762384057044983, 0.3758324086666107, 0.3757452070713043, 0.37484607100486755, 0.3746853172779083, 0.3740261495113373, 0.37384459376335144, 0.3734690546989441, 0.37315186858177185, 0.37238213419914246, 0.37202930450439453, 0.37165340781211853, 0.37134474515914917, 0.370899498462677, 0.37065941095352173, 0.3707170784473419, 0.3699684143066406, 0.36974361538887024, 0.36918941140174866, 0.3689082860946655, 0.36851298809051514, 0.3679576814174652, 0.3675776720046997, 0.3672674596309662, 0.36689919233322144, 0.36668860912323, 0.3663281202316284, 0.36680763959884644, 0.3657640218734741, 0.36536723375320435, 0.3649340569972992, 0.36459240317344666, 0.36431950330734253, 0.3640637993812561, 0.36356788873672485, 0.36319199204444885, 0.36344555020332336, 0.3626025319099426, 0.36231884360313416, 0.3621079623699188, 0.36177223920822144, 0.3613032400608063, 0.36104023456573486, 0.36074352264404297, 0.360416054725647, 0.36026832461357117, 0.359788715839386, 0.35991591215133667, 0.3590399920940399, 0.3587180972099304, 0.3584022521972656, 0.3582060635089874, 0.3577956259250641, 0.35784175992012024, 0.3574413061141968, 0.35692933201789856, 0.35662728548049927, 0.35626453161239624, 0.3560366928577423, 0.3557334840297699, 0.3558683395385742, 0.3552955985069275, 0.355129212141037, 0.3546580970287323, 0.35448551177978516, 0.35430052876472473, 0.3536885976791382, 0.3534480631351471, 0.35323184728622437, 0.35283970832824707, 0.3527847230434418, 0.35353097319602966, 0.35214653611183167, 0.3517858386039734, 0.3515631854534149, 0.3513484299182892, 0.3510640263557434, 0.35081541538238525, 0.3506920635700226, 0.35026195645332336, 0.3500308692455292, 0.3496919870376587, 0.34942546486854553, 0.3491400480270386, 0.3488544225692749, 0.34872502088546753, 0.3483878970146179, 0.3482552766799927, 0.3479290008544922, 0.3476143777370453, 0.34740567207336426, 0.3470740020275116, 0.34760722517967224, 0.34650376439094543, 0.34624233841896057, 0.3463568091392517, 0.3458862006664276, 0.34558409452438354, 0.3454763889312744, 0.3451799750328064, 0.34505951404571533, 0.344745934009552, 0.34444913268089294, 0.34405672550201416, 0.3437974452972412, 0.34349608421325684, 0.3431881368160248, 0.342906653881073, 0.3427005708217621, 0.3424551486968994, 0.34220677614212036, 0.3418954014778137, 0.34168824553489685, 0.3415883779525757, 0.34157130122184753, 0.34158676862716675, 0.3409455120563507, 0.34082484245300293, 0.3405260145664215, 0.3400554358959198, 0.34002694487571716, 0.339651882648468, 0.33933261036872864, 0.33974847197532654, 0.33923718333244324, 0.3387012481689453, 0.33881816267967224, 0.33800140023231506, 0.3378353416919708, 0.3376743793487549, 0.33778855204582214, 0.33745861053466797, 0.3369308412075043, 0.3367096781730652, 0.33650466799736023, 0.33625805377960205, 0.33673232793807983, 0.33621475100517273, 0.3356778621673584, 0.33563023805618286, 0.3351449966430664, 0.3352573812007904, 0.3344968855381012, 0.33426669239997864, 0.33402878046035767, 0.33375757932662964, 0.33357298374176025, 0.33342644572257996, 0.3331391513347626, 0.33285245299339294, 0.3327462077140808, 0.3323764503002167, 0.33217379450798035, 0.3317824900150299, 0.331563264131546, 0.33144471049308777, 0.3311860263347626, 0.3310423195362091, 0.33076903223991394, 0.3306009769439697, 0.3302253782749176, 0.3299681842327118, 0.32981452345848083, 0.32949310541152954, 0.329433411359787, 0.3290281593799591, 0.3287394642829895, 0.3286263644695282, 0.3282788395881653, 0.32803475856781006, 0.32792967557907104, 0.32766732573509216, 0.3279607892036438, 0.3272589445114136, 0.32697781920433044, 0.3265300393104553, 0.3264862895011902, 0.3260844051837921, 0.32611510157585144, 0.32560813426971436, 0.3254532516002655, 0.32512328028678894, 0.3248521685600281, 0.3246041238307953, 0.32456260919570923, 0.32429030537605286, 0.3239409923553467, 0.32343634963035583, 0.32338404655456543, 0.32294490933418274, 0.32275381684303284, 0.3225875198841095, 0.3223266899585724, 0.32209113240242004, 0.32172051072120667, 0.32172682881355286, 0.32167667150497437, 0.32094302773475647, 0.32077109813690186, 0.3205886781215668, 0.3205369710922241, 0.31994059681892395, 0.31985896825790405, 0.3193317651748657, 0.31906530261039734, 0.3189234435558319, 0.3185855746269226, 0.3188258707523346, 0.31835973262786865, 0.3178749978542328, 0.317534476518631, 0.31734395027160645, 0.31704527139663696, 0.31697508692741394, 0.31682148575782776, 0.3160998821258545, 0.3160784840583801, 0.3155039846897125, 0.31555691361427307, 0.31484344601631165, 0.31452175974845886, 0.31437432765960693, 0.3139624297618866, 0.3136650323867798, 0.3135782480239868, 0.31321102380752563, 0.3130892515182495, 0.3126620054244995, 0.312303364276886, 0.3120967745780945, 0.3123861253261566, 0.31205418705940247, 0.31116238236427307, 0.3113998472690582, 0.31062862277030945, 0.3102418780326843, 0.31006893515586853, 0.3098396360874176, 0.30969151854515076, 0.3091861307621002, 0.30898499488830566, 0.3092357814311981, 0.3086612820625305, 0.3083495795726776, 0.3078823685646057, 0.3075842559337616, 0.3073804974555969, 0.3069489896297455, 0.30671051144599915, 0.30645233392715454, 0.3063061237335205, 0.30590322613716125, 0.30547234416007996, 0.30532294511795044, 0.30497968196868896, 0.3046456277370453, 0.30434638261795044, 0.30413633584976196, 0.3041907548904419, 0.3034956455230713, 0.30319511890411377, 0.3027864992618561, 0.30246564745903015, 0.30219581723213196, 0.30194565653800964, 0.3019736409187317, 0.3019072413444519, 0.3016422688961029, 0.3007620871067047, 0.30048272013664246, 0.30023011565208435, 0.2997381091117859, 0.29956188797950745, 0.29910534620285034, 0.29881227016448975, 0.298943430185318, 0.2987191677093506, 0.29819726943969727, 0.2977752387523651, 0.29762008786201477, 0.29694363474845886, 0.29692840576171875, 0.2967592179775238, 0.2961229085922241, 0.29570743441581726, 0.295430988073349, 0.29497402906417847, 0.29473212361335754, 0.2945619821548462, 0.29416024684906006, 0.29403477907180786, 0.29344692826271057, 0.29311123490333557, 0.2929672300815582, 0.29260432720184326, 0.2922741174697876, 0.29204192757606506, 0.29146116971969604, 0.29119691252708435, 0.2909284830093384, 0.29060184955596924, 0.2905256450176239, 0.2902784049510956, 0.28996020555496216, 0.28942999243736267, 0.28913381695747375, 0.28896111249923706, 0.28852349519729614, 0.2883477807044983, 0.28812846541404724, 0.2877120077610016, 0.287578284740448, 0.2871609926223755, 0.28705909848213196, 0.28663313388824463, 0.2864043414592743, 0.28603413701057434, 0.28570568561553955, 0.28554704785346985, 0.2850114703178406, 0.28494423627853394, 0.2849135100841522, 0.28426283597946167, 0.2841701805591583, 0.28353607654571533, 0.28337353467941284, 0.28293994069099426, 0.28315648436546326, 0.28236067295074463, 0.2823399305343628, 0.2820115089416504, 0.2815549969673157, 0.2811741530895233, 0.2809968590736389, 0.2807258665561676, 0.2803853452205658, 0.2804993689060211, 0.2800373136997223, 0.2796388268470764, 0.27934616804122925, 0.27925869822502136, 0.27902504801750183, 0.2785341739654541, 0.27836066484451294, 0.27800285816192627, 0.2778708040714264, 0.2775869071483612, 0.27725669741630554, 0.2771311104297638, 0.2767760455608368, 0.2767317295074463, 0.27664294838905334, 0.27619192004203796, 0.2756863534450531, 0.27569833397865295, 0.27533555030822754, 0.27498573064804077, 0.2748212218284607, 0.27465590834617615, 0.2744854986667633, 0.2742532193660736, 0.27462947368621826, 0.2737961411476135, 0.27361661195755005, 0.27329087257385254, 0.27296754717826843, 0.27274516224861145, 0.27244168519973755, 0.2722535729408264, 0.2718702554702759, 0.27168938517570496, 0.2713187038898468, 0.2711334824562073, 0.27091193199157715, 0.27070215344429016, 0.2707015573978424, 0.2704278826713562, 0.27026569843292236, 0.2698609232902527, 0.26977041363716125, 0.26961952447891235, 0.2690899074077606, 0.2695382237434387, 0.26887959241867065, 0.268520325422287, 0.2684619724750519, 0.26856446266174316, 0.2681734263896942]",33.0,"[33.0, 33.0, 33.0, 33.0, 33.0, 33.0, 33.0, 33.0, 33.0, 33.0, 33.0, 33.0, 33.0, 33.0, 33.0, 33.0, 33.0, 33.0, 33.0, 33.0, 33.0, 33.0, 33.0, 33.0, 33.0, 33.0, 33.0, 33.0, 33.0, 33.0, 33.0, 33.0, 33.0, 33.0, 33.0, 33.0, 33.0, 33.0, 33.0, 33.0, 33.0, 33.0, 33.0, 33.0, 33.0, 33.0, 33.0, 33.0, 33.0, 33.0, 33.0, 33.0, 33.0, 33.0, 33.0, 33.0, 33.0, 33.0, 33.0, 33.0, 33.0, 33.0, 33.0, 33.0, 33.0, 33.0, 33.0, 33.0, 33.0, 33.0, 33.0, 33.0, 33.0, 33.0, 33.0, 33.0, 33.0, 33.0, 33.0, 33.0, 33.0, 33.0, 33.0, 33.0, 33.0, 33.0, 33.0, 33.0, 33.0, 33.0, 33.0, 33.0, 33.0, 33.0, 33.0, 33.0, 33.0, 33.0, 33.0, 33.0, 33.0, 33.0, 33.0, 33.0, 33.0, 33.0, 33.0, 33.0, 33.0, 33.0, 33.0, 33.0, 33.0, 33.0, 33.0, 33.0, 33.0, 33.0, 33.0, 33.0, 33.0, 33.0, 33.0, 33.0, 33.0, 33.0, 33.0, 33.0, 33.0, 33.0, 33.0, 33.0, 33.0, 33.0, 33.0, 33.0, 33.0, 33.0, 33.0, 33.0, 33.0, 33.0, 33.0, 33.0, 33.0, 33.0, 33.0, 33.0, 33.0, 33.