,number,value,datetime_start,datetime_complete,duration,params_batch_size_scaler,params_constant_learning_rate,params_depth,params_epochs,params_kernel_l2,params_num_trees,params_temperature,user_attrs_accuracy_test,user_attrs_accuracy_valid,user_attrs_approximate_feature_sparsity,user_attrs_approximate_feature_sparsity_history,user_attrs_approximate_weight_sparsity,user_attrs_approximate_weight_sparsity_history,user_attrs_auc_test,user_attrs_auc_valid,user_attrs_feature_sparsity,user_attrs_feature_sparsity_history,user_attrs_num_epochs,user_attrs_val_loss_history,user_attrs_weight_sparsity,user_attrs_weight_sparsity_history,state
59,59,0.5,2024-08-31 02:57:15.457533,2024-08-31 02:57:48.161528,0 days 00:00:32.703995,64,0.32777708751916373,1,445,0.7002332297263101,23,0.018366638859422003,0.859,0.85875,0,"[33, 33, 33, 6, 0, 0, 0, 0, 0, 0, 0, 0, 0, 0, 0, 0, 0, 0, 0, 0, 0, 0, 0, 0, 0, 0, 0, 0, 0, 0, 0, 0, 0, 0, 0, 0, 0, 0, 0, 0, 0, 0, 0, 0, 0, 0, 0, 0, 0, 0, 0, 0, 0, 0, 0, 0, 0, 0, 0, 0, 0, 0, 0, 0, 0, 0, 0, 0, 0, 0, 0, 0, 0, 0, 0, 0, 0, 0, 0, 0, 0, 0, 0, 0, 0, 0, 0, 0, 0, 0, 0, 0, 0, 0, 0, 0, 0, 0, 0, 0, 0, 0, 0, 0, 0, 0, 0, 0, 0, 0, 0, 0, 0, 0, 0, 0, 0, 0, 0, 0, 0, 0, 0, 0, 0, 0, 0, 0, 0, 0, 0, 0, 0, 0, 0, 0, 0, 0, 0, 0, 0, 0, 0, 0, 0, 0, 0, 0, 0, 0, 0, 0, 0, 0, 0, 0, 0, 0, 0, 0, 0, 0, 0, 0, 0, 0, 0, 0, 0, 0, 0, 0, 0, 0, 0, 0, 0, 0, 0, 0, 0, 0, 0, 0, 0, 0, 0, 0, 0, 0, 0, 0, 0, 0, 0, 0, 0, 0, 0, 0, 0, 0, 0, 0, 0, 0, 0, 0, 0, 0, 0, 0, 0, 0, 0, 0, 0, 0, 0, 0, 0, 0, 0, 0, 0, 0, 0, 0, 0, 0, 0, 0, 0, 0, 0, 0, 0, 0, 0, 0, 0, 0, 0, 0, 0, 0, 0, 0, 0, 0, 0, 0, 0, 0, 0, 0, 0, 0, 0, 0, 0, 0, 0, 0, 0, 0, 0, 0, 0, 0, 0, 0, 0, 0, 0, 0, 0, 0, 0, 0, 0, 0, 0, 0, 0, 0, 0, 0, 0, 0, 0, 0, 0, 0, 0, 0, 0, 0, 0, 0, 0, 0, 0, 0, 0, 0, 0, 0, 0, 0, 0, 0, 0, 0, 0, 0, 0, 0, 0, 0, 0, 0, 0, 0, 0, 0, 0, 0, 0, 0, 0, 0, 0, 0, 0, 0, 0, 0, 0, 0, 0, 0, 0, 0, 0, 0, 0, 0, 0, 0, 0, 0, 0, 0, 0, 0, 0, 0, 0, 0, 0, 0, 0, 0, 0, 0, 0, 0, 0, 0, 0, 0, 0, 0, 0, 0, 0, 0, 0, 0, 0, 0, 0, 0, 0, 0, 0, 0, 0, 0, 0, 0, 0, 0, 0, 0, 0, 0, 0, 0, 0, 0, 0, 0, 0, 0, 0, 0, 0, 0, 0, 0, 0, 0, 0, 0, 0, 0, 0, 0, 0, 0, 0, 0, 0, 0, 0, 0, 0, 0, 0, 0, 0, 0, 0, 0, 0, 0, 0, 0, 0, 0, 0, 0, 0]",0.0,"[33.0, 32.95652173913044, 33.0, 6.0, 0.0, 0.0, 0.0, 0.0, 0.0, 0.0, 0.0, 0.0, 0.0, 0.0, 0.0, 0.0, 0.0, 0.0, 0.0, 0.0, 0.0, 0.0, 0.0, 0.0, 0.0, 0.0, 0.0, 0.0, 0.0, 0.0, 0.0, 0.0, 0.0, 0.0, 0.0, 0.0, 0.0, 0.0, 0.0, 0.0, 0.0, 0.0, 0.0, 0.0, 0.0, 0.0, 0.0, 0.0, 0.0, 0.0, 0.0, 0.0, 0.0, 0.0, 0.0, 0.0, 0.0, 0.0, 0.0, 0.0, 0.0, 0.0, 0.0, 0.0, 0.0, 0.0, 0.0, 0.0, 0.0, 0.0, 0.0, 0.0, 0.0, 0.0, 0.0, 0.0, 0.0, 0.0, 0.0, 0.0, 0.0, 0.0, 0.0, 0.0, 0.0, 0.0, 0.0, 0.0, 0.0, 0.0, 0.0, 0.0, 0.0, 0.0, 0.0, 0.0, 0.0, 0.0, 0.0, 0.0, 0.0, 0.0, 0.0, 0.0, 0.0, 0.0, 0.0, 0.0, 0.0, 0.0, 0.0, 0.0, 0.0, 0.0, 0.0, 0.0, 0.0, 0.0, 0.0, 0.0, 0.0, 0.0, 0.0, 0.0, 0.0, 0.0, 0.0, 0.0, 0.0, 0.0, 0.0, 0.0, 0.0, 0.0, 0.0, 0.0, 0.0, 0.0, 0.0, 0.0, 0.0, 0.0, 0.0, 0.0, 0.0, 0.0, 0.0, 0.0, 0.0, 0.0, 0.0, 0.0, 0.0, 0.0, 0.0, 0.0, 0.0, 0.0, 0.0, 0.0, 0.0, 0.0, 0.0, 0.0, 0.0, 0.0, 0.0, 0.0, 0.0, 0.0, 0.0, 0.0, 0.0, 0.0, 0.0, 0.0, 0.0, 0.0, 0.0, 0.0, 0.0, 0.0, 0.0, 0.0, 0.0, 0.0, 0.0, 0.0, 0.0, 0.0, 0.0, 0.0, 0.0, 0.0, 0.0, 0.0, 0.0, 0.0, 0.0, 0.0, 0.0, 0.0, 0.0, 0.0, 0.0, 0.0, 0.0, 0.0, 0.0, 0.0, 0.0, 0.0, 0.0, 0.0, 0.0, 0.0, 0.0, 0.0, 0.0, 0.0, 0.0, 0.0, 0.0, 0.0, 0.0, 0.0, 0.0, 0.0, 0.0, 0.0, 0.0, 0.0, 0.0, 0.0, 0.0, 0.0, 0.0, 0.0, 0.0, 0.0, 0.0, 0.0, 0.0, 0.0, 0.0, 0.0, 0.0, 0.0, 0.0, 0.0, 0.0, 0.0, 0.0, 0.0, 0.0, 0.0, 0.0, 0.0, 0.0, 0.0, 0.0, 0.0, 0.0, 0.0, 0.0, 0.0, 0.0, 0.0, 0.0, 0.0, 0.0, 0.0, 0.0, 0.0, 0.0, 0.0, 0.0, 0.0, 0.0, 0.0, 0.0, 0.0, 0.0, 0.0, 0.0, 0.0, 0.0, 0.0, 0.0, 0.0, 0.0, 0.0, 0.0, 0.0, 0.0, 0.0, 0.0, 0.0, 0.0, 0.0, 0.0, 0.0, 0.0, 0.0, 0.0, 0.0, 0.0, 0.0, 0.0, 0.0, 0.0, 0.0, 0.0, 0.0, 0.0, 0.0, 0.0, 0.0, 0.0, 0.0, 0.0, 0.0, 0.0, 0.0, 0.0, 0.0, 0.0, 0.0, 0.0, 0.0, 0.0, 0.0, 0.0, 0.0, 0.0, 0.0, 0.0, 0.0, 0.0, 0.0, 0.0, 0.0, 0.0, 0.0, 0.0, 0.0, 0.0, 0.0, 0.0, 0.0, 0.0, 0.0, 0.0, 0.0, 0.0, 0.0, 0.0, 0.0, 0.0, 0.0, 0.0, 0.0, 0.0, 0.0, 0.0, 0.0, 0.0, 0.0, 0.0, 0.0, 0.0, 0.0, 0.0, 0.0, 0.0, 0.0, 0.0, 0.0, 0.0, 0.0, 0.0, 0.0, 0.0, 0.0, 0.0, 0.0, 0.0, 0.0, 0.0, 0.0, 0.0, 0.0, 0.0, 0.0, 0.0, 0.0, 0.0, 0.0, 0.0, 0.0, 0.0, 0.0, 0.0, 0.0, 0.0, 0.0, 0.0, 0.0, 0.0, 0.0, 0.0, 0.0, 0.0, 0.0, 0.0, 0.0, 0.0, 0.0, 0.0, 0.0, 0.0, 0.0, 0.0, 0.0, 0.0, 0.0, 0.0, 0.0, 0.0, 0.0, 0.0, 0.0, 0.0, 0.0, 0.0, 0.0, 0.0, 0.0, 0.0, 0.0, 0.0, 0.0, 0.0, 0.0, 0.0]",0.5,0.5,0,"[33, 33, 33, 6, 0, 0, 0, 0, 0, 0, 0, 0, 0, 0, 0, 0, 0, 0, 0, 0, 0, 0, 0, 0, 0, 0, 0, 0, 0, 0, 0, 0, 0, 0, 0, 0, 0, 0, 0, 0, 0, 0, 0, 0, 0, 0, 0, 0, 0, 0, 0, 0, 0, 0, 0, 0, 0, 0, 0, 0, 0, 0, 0, 0, 0, 0, 0, 0, 0, 0, 0, 0, 0, 0, 0, 0, 0, 0, 0, 0, 0, 0, 0, 0, 0, 0, 0, 0, 0, 0, 0, 0, 0, 0, 0, 0, 0, 0, 0, 0, 0, 0, 0, 0, 0, 0, 0, 0, 0, 0, 0, 0, 0, 0, 0, 0, 0, 0, 0, 0, 0, 0, 0, 0, 0, 0, 0, 0, 0, 0, 0, 0, 0, 0, 0, 0, 0, 0, 0, 0, 0, 0, 0, 0, 0, 0, 0, 0, 0, 0, 0, 0, 0, 0, 0, 0, 0, 0, 0, 0, 0, 0, 0, 0, 0, 0, 0, 0, 0, 0, 0, 0, 0, 0, 0, 0, 0, 0, 0, 0, 0, 0, 0, 0, 0, 0, 0, 0, 0, 0, 0, 0, 0, 0, 0, 0, 0, 0, 0, 0, 0, 0, 0, 0, 0, 0, 0, 0, 0, 0, 0, 0, 0, 0, 0, 0, 0, 0, 0, 0, 0, 0, 0, 0, 0, 0, 0, 0, 0, 0, 0, 0, 0, 0, 0, 0, 0, 0, 0, 0, 0, 0, 0, 0, 0, 0, 0, 0, 0, 0, 0, 0, 0, 0, 0, 0, 0, 0, 0, 0, 0, 0, 0, 0, 0, 0, 0, 0, 0, 0, 0, 0, 0, 0, 0, 0, 0, 0, 0, 0, 0, 0, 0, 0, 0, 0, 0, 0, 0, 0, 0, 0, 0, 0, 0, 0, 0, 0, 0, 0, 0, 0, 0, 0, 0, 0, 0, 0, 0, 0, 0, 0, 0, 0, 0, 0, 0, 0, 0, 0, 0, 0, 0, 0, 0, 0, 0, 0, 0, 0, 0, 0, 0, 0, 0, 0, 0, 0, 0, 0, 0, 0, 0, 0, 0, 0, 0, 0, 0, 0, 0, 0, 0, 0, 0, 0, 0, 0, 0, 0, 0, 0, 0, 0, 0, 0, 0, 0, 0, 0, 0, 0, 0, 0, 0, 0, 0, 0, 0, 0, 0, 0, 0, 0, 0, 0, 0, 0, 0, 0, 0, 0, 0, 0, 0, 0, 0, 0, 0, 0, 0, 0, 0, 0, 0, 0, 0, 0, 0, 0, 0, 0, 0, 0, 0, 0, 0, 0, 0, 0, 0, 0, 0, 0, 0, 0, 0, 0, 0, 0, 0, 0, 0, 0, 0, 0, 0, 0, 0, 0, 0, 0, 0, 0, 0]",445,"[1.1504071950912476, 1.0379436016082764, 0.9324668645858765, 0.5165635347366333, 0.4091130793094635, 0.40744903683662415, 0.41053807735443115, 0.4080604612827301, 0.40802714228630066, 0.40925133228302, 0.40912535786628723, 0.40921711921691895, 0.4081677198410034, 0.41059020161628723, 0.40822479128837585, 0.41062167286872864, 0.4091239869594574, 0.4074178636074066, 0.4073713719844818, 0.40816056728363037, 0.40722641348838806, 0.4146387577056885, 0.40723487734794617, 0.40928924083709717, 0.40989235043525696, 0.4074537754058838, 0.40810316801071167, 0.4105527400970459, 0.4091776907444, 0.4079967439174652, 0.4123847484588623, 0.4225505590438843, 0.4092117249965668, 0.41252559423446655, 0.41567450761795044, 0.41074928641319275, 0.4081113338470459, 0.4223161041736603, 0.44987747073173523, 0.4091814160346985, 0.4074556827545166, 0.4073929488658905, 0.4074380099773407, 0.410584419965744, 0.40810370445251465, 0.4105677902698517, 0.40829047560691833, 0.4091547131538391, 0.41470882296562195, 0.4072282314300537, 0.4074345827102661, 0.4092653691768646, 0.40750786662101746, 0.40918993949890137, 0.41257163882255554, 0.40810108184814453, 0.41260674595832825, 0.4079991281032562, 0.4072261154651642, 0.40931475162506104, 0.408101886510849, 0.4074254333972931, 0.412833571434021, 0.40743809938430786, 0.40908345580101013, 0.4074224829673767, 0.4072304964065552, 0.4091508984565735, 0.4091205596923828, 0.40810272097587585, 0.4196644723415375, 0.41563624143600464, 0.40818747878074646, 0.410652756690979, 0.40804776549339294, 0.4128699004650116, 0.4144435226917267, 0.4079922139644623, 0.4072262644767761, 0.408091276884079, 0.4080103933811188, 0.40722665190696716, 0.4080883860588074, 0.4091276526451111, 0.40809348225593567, 0.41069352626800537, 0.41058117151260376, 0.40722736716270447, 0.40912550687789917, 0.40722620487213135, 0.4072282314300537, 0.40929779410362244, 0.40722620487213135, 0.4074350595474243, 0.4187719225883484, 0.4072262644767761, 0.40745219588279724, 0.40817809104919434, 0.407968670129776, 0.40812668204307556, 0.4072261154651642, 0.4074780344963074, 0.41059112548828125, 0.40722957253456116, 0.4075201749801636, 0.40748757123947144, 0.41790634393692017, 0.41079071164131165, 0.4079696536064148, 0.40722715854644775, 0.40921348333358765, 0.40746718645095825, 0.4092369079589844, 0.40741240978240967, 0.40822097659111023, 0.4073799252510071, 0.41559433937072754, 0.4074224829673767, 0.40916138887405396, 0.4091697633266449, 0.4072299599647522, 0.4145909249782562, 0.40899553894996643, 0.4128880202770233, 0.41069281101226807, 0.41565337777137756, 0.4074607193470001, 0.4127250015735626, 0.4072272479534149, 0.40919867157936096, 0.40962380170822144, 0.41058868169784546, 0.40918877720832825, 0.40914657711982727, 0.40733224153518677, 0.4091508090496063, 0.41083672642707825, 0.40808624029159546, 0.4073510468006134, 0.40803760290145874, 0.40743857622146606, 0.4316556453704834, 0.4108552634716034, 0.40723296999931335, 0.4074181616306305, 0.4183119833469391, 0.41978132724761963, 0.40941673517227173, 0.4080895483493805, 0.40816032886505127, 0.40740594267845154, 0.4270898401737213, 0.4074949026107788, 0.4074915945529938, 0.40920063853263855, 0.4074699282646179, 0.4127543568611145, 0.40920111536979675, 0.40742015838623047, 0.40723374485969543, 0.4105994403362274, 0.40812453627586365, 0.40915924310684204, 0.41084668040275574, 0.4080786108970642, 0.4072265923023224, 0.4079964756965637, 0.40722647309303284, 0.42707622051239014, 0.40813350677490234, 0.40740829706192017, 0.40753933787345886, 0.41456854343414307, 0.41079825162887573, 0.41086554527282715, 0.40899550914764404, 0.40894728899002075, 0.4074731767177582, 0.4074767827987671, 0.4072358310222626, 0.41444817185401917, 0.4081062376499176, 0.4123980700969696, 0.4074314534664154, 0.40806037187576294, 0.40805473923683167, 0.41237807273864746, 0.4072263240814209, 0.4081096649169922, 0.4106370806694031, 0.4090000092983246, 0.41708824038505554, 0.40745171904563904, 0.40752291679382324, 0.4072272479534149, 0.41084524989128113, 0.40812602639198303, 0.40745484828948975, 0.40752288699150085, 0.4265744090080261, 0.4074722230434418, 0.4261782765388489, 0.41073134541511536, 0.4107675850391388, 0.4106009304523468, 0.41474685072898865, 0.41075021028518677, 0.40898045897483826, 0.40750083327293396, 0.4073253273963928, 0.4082913100719452, 0.41232433915138245, 0.4092324376106262, 0.41692623496055603, 0.4090648591518402, 0.41070663928985596, 0.4081324636936188, 0.43118909001350403, 0.4074050188064575, 0.40806061029434204, 0.4072262644767761, 0.4129658639431, 0.4125741124153137, 0.4073037803173065, 0.4091647267341614, 0.4089807868003845, 0.41055992245674133, 0.4073747396469116, 0.41273003816604614, 0.4075125753879547, 0.41265034675598145, 0.407450407743454, 0.4091235399246216, 0.4170632064342499, 0.40722671151161194, 0.40808790922164917, 0.4073570966720581, 0.4074726104736328, 0.4081963300704956, 0.4169224798679352, 0.42641106247901917, 0.41061165928840637, 0.40752851963043213, 0.40916892886161804, 0.40826132893562317, 0.410664826631546, 0.41849762201309204, 0.410370796918869, 0.40941497683525085, 0.40932345390319824, 0.4074966311454773, 0.4078913927078247, 0.4072326719760895, 0.4108491539955139, 0.4072380065917969, 0.4092172384262085, 0.4129263758659363, 0.40748274326324463, 0.41232845187187195, 0.4074605703353882, 0.41256773471832275, 0.40723007917404175, 0.4123893082141876, 0.4092547595500946, 0.4091259837150574, 0.4106541574001312, 0.4092494547367096, 0.40741080045700073, 0.4080984890460968, 0.4108666181564331, 0.4073683023452759, 0.41085460782051086, 0.4219557046890259, 0.40949180722236633, 0.40920326113700867, 0.40923354029655457, 0.4123477041721344, 0.40722668170928955, 0.4091304838657379, 0.40736502408981323, 0.41472798585891724, 0.41055476665496826, 0.4092159569263458, 0.4081888496875763, 0.40918922424316406, 0.4074825346469879, 0.41231751441955566, 0.40751877427101135, 0.40914276242256165, 0.4080859124660492, 0.40909096598625183, 0.40746673941612244, 0.4072262644767761, 0.40722906589508057, 0.407429039478302, 0.40923577547073364, 0.4104735553264618, 0.4074498116970062, 0.40923529863357544, 0.4073745012283325, 0.40746140480041504, 0.40743187069892883, 0.41259369254112244, 0.4081912934780121, 0.4153206944465637, 0.4154268503189087, 0.4146031141281128, 0.4081774055957794, 0.4090186357498169, 0.41518673300743103, 0.4080551266670227, 0.41811850666999817, 0.4231966435909271, 0.4074476361274719, 0.4105566143989563, 0.41450241208076477, 0.407297819852829, 0.4092123508453369, 0.4082770049571991, 0.4105329215526581, 0.40911865234375, 0.41072341799736023, 0.40746092796325684, 0.4107604920864105, 0.40738046169281006, 0.41295772790908813, 0.41086485981941223, 0.41257983446121216, 0.4074515998363495, 0.40921294689178467, 0.41300567984580994, 0.4072325825691223, 0.41081076860427856, 0.4169340431690216, 0.407418429851532, 0.41057679057121277, 0.40814003348350525, 0.41231057047843933, 0.4074658155441284, 0.40740352869033813, 0.4072342813014984, 0.41688796877861023, 0.4082607924938202, 0.4072262644767761, 0.40723666548728943, 0.412516713142395, 0.41088664531707764, 0.4075429439544678, 0.4154740571975708, 0.4080270528793335, 0.4265097379684448, 0.40919730067253113, 0.4074380397796631, 0.4126010835170746, 0.41978785395622253, 0.40750205516815186, 0.4080469608306885, 0.40935221314430237, 0.4072272777557373, 0.40810683369636536, 0.40744826197624207, 0.40802863240242004, 0.40956932306289673, 0.4074144661426544, 0.41511330008506775, 0.41073036193847656, 0.4149358868598938, 0.4125904440879822, 0.40740227699279785, 0.4074323773384094, 0.4091418385505676, 0.40749576687812805, 0.4123342037200928, 0.4081473648548126, 0.4123287498950958, 0.4074278175830841, 0.4092370271682739, 0.40917718410491943, 0.41719502210617065, 0.4080957770347595, 0.40744873881340027, 0.4101792871952057, 0.40919792652130127, 0.4093029797077179, 0.40754348039627075, 0.40746060013771057, 0.4074535369873047, 0.40912896394729614, 0.4092220366001129, 0.40736350417137146, 0.407514750957489, 0.40818458795547485, 0.4108538031578064, 0.40722665190696716, 0.4072263240814209, 0.42269188165664673, 0.40799957513809204, 0.4075249433517456, 0.426949679851532, 0.4126860797405243, 0.40742120146751404, 0.4072263240814209, 0.41248980164527893, 0.43184104561805725, 0.4105386435985565, 0.41063064336776733, 0.4073949456214905, 0.41061651706695557, 0.40808525681495667, 0.40722712874412537, 0.41557765007019043, 0.412986159324646, 0.41873112320899963, 0.409230500459671, 0.45720967650413513, 0.40935108065605164, 0.4107791483402252, 0.4124220907688141, 0.41514837741851807, 0.40922433137893677, 0.407959908246994, 0.40742331743240356, 0.4169252812862396, 0.4107179641723633, 0.4106442332267761, 0.40738052129745483, 0.4145258963108063, 0.4081580340862274, 0.4127812683582306, 0.40919363498687744, 0.4168913960456848, 0.4073852598667145, 0.40811073780059814, 0.407419890165329, 0.40800201892852783, 0.40918251872062683, 0.4128754436969757, 0.40747788548469543, 0.408102810382843, 0.40722671151161194, 0.40811455249786377, 0.4074019491672516, 0.4149453043937683, 0.4129754602909088, 0.4105963110923767]",0.0,"[33.0, 33.0, 33.0, 6.0, 0.0, 0.0, 0.0, 0.0, 0.0, 0.0, 0.0, 0.0, 0.0, 0.0, 0.0, 0.0, 0.0, 0.0, 0.0, 0.0, 0.0, 0.0, 0.0, 0.0, 0.0, 0.0, 0.0, 0.0, 0.0, 0.0, 0.0, 0.0, 0.0, 0.0, 0.0, 0.0, 0.0, 0.0, 0.0, 0.0, 0.0, 0.0, 0.0, 0.0, 0.0, 0.0, 0.0, 0.0, 0.0, 0.0, 0.0, 0.0, 0.0, 0.0, 0.0, 0.0, 0.0, 0.0, 0.0, 0.0, 0.0, 0.0, 0.0, 0.0, 0.0, 0.0, 0.0, 0.0, 0.0, 0.0, 0.0, 0.0, 0.0, 0.0, 0.0, 0.0, 0.0, 0.0, 0.0, 0.0, 0.0, 0.0, 0.0, 0.0, 0.0, 0.0, 0.0, 0.0, 0.0, 0.0, 0.0, 0.0, 0.0, 0.0, 0.0, 0.0, 0.0, 0.0, 0.0, 0.0, 0.0, 0.0, 0.0, 0.0, 0.0, 0.0, 0.0, 0.0, 0.0, 0.0, 0.0, 0.0, 0.0, 0.0, 0.0, 0.0, 0.0, 0.0, 0.0, 0.0, 0.0, 0.0, 0.0, 0.0, 0.0, 0.0, 0.0, 0.0, 0.0, 0.0, 0.0, 0.0, 0.0, 0.0, 0.0, 0.0, 0.0, 0.0, 0.0, 0.0, 0.0, 0.0, 0.0, 0.0, 0.0, 0.0, 0.0, 0.0, 0.0, 0.0, 0.0, 0.0, 0.0, 0.0, 0.0, 0.0, 0.0, 0.0, 0.0, 0.0, 0.0, 0.0, 0.0, 0.0, 0.0, 0.0, 0.0, 0.0, 0.0, 0.0, 0.0, 0.0, 0.0, 0.0, 0.0, 0.0, 0.0, 0.0, 0.0, 0.0, 0.0, 0.0, 0.0, 0.0, 0.0, 0.0, 0.0, 0.0, 0.0, 0.0, 0.0, 0.0, 0.0, 0.0, 0.0, 0.0, 0.0, 0.0, 0.0, 0.0, 0.0, 0.0, 0.0, 0.0, 0.0, 0.0, 0.0, 0.0, 0.0, 0.0, 0.0, 0.0, 0.0, 0.0, 0.0, 0.0, 0.0, 0.0, 0.0, 0.0, 0.0, 0.0, 0.0, 0.0, 0.0, 0.0, 0.0, 0.0, 0.0, 0.0, 0.0, 0.0, 0.0, 0.0, 0.0, 0.0, 0.0, 0.0, 0.0, 0.0, 0.0, 0.0, 0.0, 0.0, 0.0, 0.0, 0.0, 0.0, 0.0, 0.0, 0.0, 0.0, 0.0, 0.0, 0.0, 0.0, 0.0, 0.0, 0.0, 0.0, 0.0, 0.0, 0.0, 0.0, 0.0, 0.0, 0.0, 0.0, 0.0, 0.0, 0.0, 0.0, 0.0, 0.0, 0.0, 0.0, 0.0, 0.0, 0.0, 0.0, 0.0, 0.0, 0.0, 0.0, 0.0, 0.0, 0.0, 0.0, 0.0, 0.0, 0.0, 0.0, 0.0, 0.0, 0.0, 0.0, 0.0, 0.0, 0.0, 0.0, 0.0, 0.0, 0.0, 0.0, 0.0, 0.0, 0.0, 0.0, 0.0, 0.0, 0.0, 0.0, 0.0, 0.0, 0.0, 0.0, 0.0, 0.0, 0.0, 0.0, 0.0, 0.0, 0.0, 0.0, 0.0, 0.0, 0.0, 0.0, 0.0, 0.0, 0.0, 0.0, 0.0, 0.0, 0.0, 0.0, 0.0, 0.0, 0.0, 0.0, 0.0, 0.0, 0.0, 0.0, 0.0, 0.0, 0.0, 0.0, 0.0, 0.0, 0.0, 0.0, 0.0, 0.0, 0.0, 0.0, 0.0, 0.0, 0.0, 0.0, 0.0, 0.0, 0.0, 0.0, 0.0, 0.0, 0.0, 0.0, 0.0, 0.0, 0.0, 0.0, 0.0, 0.0, 0.0, 0.0, 0.0, 0.0, 0.0, 0.0, 0.0, 0.0, 0.0, 0.0, 0.0, 0.0, 0.0, 0.0, 0.0, 0.0, 0.0, 0.0, 0.0, 0.0, 0.0, 0.0, 0.0, 0.0, 0.0, 0.0, 0.0, 0.0, 0.0, 0.0, 0.0, 0.0, 0.0, 0.0, 0.0, 0.0, 0.0, 0.0, 0.0, 0.0, 0.0, 0.0, 0.0, 0.0, 0.0, 0.0, 0.0, 0.0, 0.0, 0.0, 0.0, 0.0, 0.0, 0.0, 0.0, 0.0, 0.0, 0.0, 0.0, 0.0, 0.0, 0.0, 0.0, 0.0, 0.0, 0.0, 0.0, 0.0, 0.0, 0.0, 0.0]",COMPLETE
60,60,0.5,2024-08-31 02:57:48.175567,2024-08-31 03:04:46.458383,0 days 00:06:58.282816,1,1.0373305205849883,6,125,0.1754673256359743,15,0.0068097140448305955,0.859,0.85875,0,"[0, 0, 0, 0, 0, 0, 0, 0, 0, 0, 0, 0, 0, 0, 0, 0, 0, 0, 0, 0, 0, 0, 0, 0, 0, 0, 0, 0, 0, 0, 0, 0, 0, 0, 0, 0, 0, 0, 0, 0, 0, 0, 0, 0, 0, 0, 0, 0, 0, 0, 0, 0, 0, 0, 0, 0, 0, 0, 0, 0, 0, 0, 0, 0, 0, 0, 0, 0, 0, 0, 0, 0, 0, 0, 0, 0, 0, 0, 0, 0, 0, 0, 0, 0, 0, 0, 0, 0, 0, 0, 0, 0, 0, 0, 0, 0, 0, 0, 0, 0, 0, 0, 0, 0, 0, 0, 0, 0, 0, 0, 0, 0, 0, 0, 0, 0, 0, 0, 0, 0, 0, 0, 0, 0, 0]",0.0,"[0.0, 0.0, 0.0, 0.0, 0.0, 0.0, 0.0, 0.0, 0.0, 0.0, 0.0, 0.0, 0.0, 0.0, 0.0, 0.0, 0.0, 0.0, 0.0, 0.0, 0.0, 0.0, 0.0, 0.0, 0.0, 0.0, 0.0, 0.0, 0.0, 0.0, 0.0, 0.0, 0.0, 0.0, 0.0, 0.0, 0.0, 0.0, 0.0, 0.0, 0.0, 0.0, 0.0, 0.0, 0.0, 0.0, 0.0, 0.0, 0.0, 0.0, 0.0, 0.0, 0.0, 0.0, 0.0, 0.0, 0.0, 0.0, 0.0, 0.0, 0.0, 0.0, 0.0, 0.0, 0.0, 0.0, 0.0, 0.0, 0.0, 0.0, 0.0, 0.0, 0.0, 0.0, 0.0, 0.0, 0.0, 0.0, 0.0, 0.0, 0.0, 0.0, 0.0, 0.0, 0.0, 0.0, 0.0, 0.0, 0.0, 0.0, 0.0, 0.0, 0.0, 0.0, 0.0, 0.0, 0.0, 0.0, 0.0, 0.0, 0.0, 0.0, 0.0, 0.0, 0.0, 0.0, 0.0, 0.0, 0.0, 0.0, 0.0, 0.0, 0.0, 0.0, 0.0, 0.0, 0.0, 0.0, 0.0, 0.0, 0.0, 0.0, 0.0, 0.0, 0.0]",0.5,0.5,0,"[0, 0, 0, 0, 0, 0, 0, 0, 0, 0, 0, 0, 0, 0, 0, 0, 0, 0, 0, 0, 0, 0, 0, 0, 0, 0, 0, 0, 0, 0, 0, 0, 0, 0, 0, 0, 0, 0, 0, 0, 0, 0, 0, 0, 0, 0, 0, 0, 0, 0, 0, 0, 0, 0, 0, 0, 0, 0, 0, 0, 0, 0, 0, 0, 0, 0, 0, 0, 0, 0, 0, 0, 0, 0, 0, 0, 0, 0, 0, 0, 0, 0, 0, 0, 0, 0, 0, 0, 0, 0, 0, 0, 0, 0, 0, 0, 0, 0, 0, 0, 0, 0, 0, 0, 0, 0, 0, 0, 0, 0, 0, 0, 0, 0, 0, 0, 0, 0, 0, 0, 0, 0, 0, 0, 0]",125,"[0.40743306279182434, 0.4073522984981537, 0.4077531397342682, 0.4073420763015747, 0.40769702196121216, 0.4073704183101654, 0.4074344336986542, 0.4072449207305908, 0.4072280824184418, 0.40774476528167725, 0.4072558283805847, 0.40722760558128357, 0.4072378873825073, 0.40724265575408936, 0.40748172998428345, 0.40860655903816223, 0.40729838609695435, 0.4075528681278229, 0.4077020585536957, 0.4072478115558624, 0.41207969188690186, 0.4072338938713074, 0.4074309468269348, 0.4072425961494446, 0.4073713719844818, 0.40846699476242065, 0.40806350111961365, 0.4072294235229492, 0.40738266706466675, 0.40741193294525146, 0.4081132411956787, 0.408488929271698, 0.4072413146495819, 0.40845000743865967, 0.40796321630477905, 0.41059741377830505, 0.4085520803928375, 0.4072604775428772, 0.4072268605232239, 0.4077404737472534, 0.4072664678096771, 0.40877753496170044, 0.4076763987541199, 0.40800535678863525, 0.4079313278198242, 0.4081299602985382, 0.40981438755989075, 0.4076913595199585, 0.40724292397499084, 0.407370001077652, 0.4076249599456787, 0.40805017948150635, 0.4080101251602173, 0.40829014778137207, 0.40732890367507935, 0.407843679189682, 0.40820685029029846, 0.4086100459098816, 0.40726038813591003, 0.4082110524177551, 0.40787678956985474, 0.40880370140075684, 0.40773025155067444, 0.4082980453968048, 0.40754806995391846, 0.4073988199234009, 0.40795406699180603, 0.40738770365715027, 0.40801316499710083, 0.41021594405174255, 0.40732768177986145, 0.4072340428829193, 0.4072471261024475, 0.40738677978515625, 0.4075814187526703, 0.40729138255119324, 0.40736323595046997, 0.407523512840271, 0.408233642578125, 0.40745124220848083, 0.41195887327194214, 0.40777796506881714, 0.4072765111923218, 0.40809231996536255, 0.4073077440261841, 0.4083525836467743, 0.41161641478538513, 0.4095827341079712, 0.4098171293735504, 0.4072262942790985, 0.40846237540245056, 0.41024714708328247, 0.40942877531051636, 0.40726086497306824, 0.4094551205635071, 0.4082564413547516, 0.4094521701335907, 0.41140761971473694, 0.40779006481170654, 0.4072527289390564, 0.40976253151893616, 0.4074757397174835, 0.4073982238769531, 0.4109574854373932, 0.4080126881599426, 0.4073466360569, 0.4078294634819031, 0.40827658772468567, 0.40772107243537903, 0.40729033946990967, 0.40772053599357605, 0.40738892555236816, 0.4087633788585663, 0.4100968539714813, 0.40723201632499695, 0.4124906659126282, 0.408035010099411, 0.4082235097885132, 0.4111761152744293, 0.4079431891441345, 0.4072938561439514, 0.4072345495223999, 0.40948715806007385, 0.408742755651474, 0.4076848328113556]",0.0,"[0.0, 0.0, 0.0, 0.0, 0.0, 0.0, 0.0, 0.0, 0.0, 0.0, 0.0, 0.0, 0.0, 0.0, 0.0, 0.0, 0.0, 0.0, 0.0, 0.0, 0.0, 0.0, 0.0, 0.0, 0.0, 0.0, 0.0, 0.0, 0.0, 0.0, 0.0, 0.0, 0.0, 0.0, 0.0, 0.0, 0.0, 0.0, 0.0, 0.0, 0.0, 0.0, 0.0, 0.0, 0.0, 0.0, 0.0, 0.0, 0.0, 0.0, 0.0, 0.0, 0.0, 0.0, 0.0, 0.0, 0.0, 0.0, 0.0, 0.0, 0.0, 0.0, 0.0, 0.0, 0.0, 0.0, 0.0, 0.0, 0.0, 0.0, 0.0, 0.0, 0.0, 0.0, 0.0, 0.0, 0.0, 0.0, 0.0, 0.0, 0.0, 0.0, 0.0, 0.0, 0.0, 0.0, 0.0, 0.0, 0.0, 0.0, 0.0, 0.0, 0.0, 0.0, 0.0, 0.0, 0.0, 0.0, 0.0, 0.0, 0.0, 0.0, 0.0, 0.0, 0.0, 0.0, 0.0, 0.0, 0.0, 0.0, 0.0, 0.0, 0.0, 0.0, 0.0, 0.0, 0.0, 0.0, 0.0, 0.0, 0.0, 0.0, 0.0, 0.0, 0.0]",COMPLETE
