,number,value,datetime_start,datetime_complete,duration,params_batch_size_scaler,params_constant_learning_rate,params_depth,params_epochs,params_kernel_l2,params_num_trees,params_temperature,user_attrs_accuracy_test,user_attrs_accuracy_valid,user_attrs_approximate_feature_sparsity,user_attrs_approximate_feature_sparsity_history,user_attrs_approximate_weight_sparsity,user_attrs_approximate_weight_sparsity_history,user_attrs_auc_test,user_attrs_auc_valid,user_attrs_feature_sparsity,user_attrs_feature_sparsity_history,user_attrs_num_epochs,user_attrs_val_loss_history,user_attrs_weight_sparsity,user_attrs_weight_sparsity_history,state
25,25,0.8862696603161109,2024-08-31 01:30:12.900338,2024-08-31 01:30:59.034647,0 days 00:00:46.134309,64,1.107293022888303,5,175,0.06996008764384247,76,0.0015086970430275674,0.898,0.89375,7,"[33, 33, 33, 33, 33, 33, 33, 33, 33, 33, 33, 33, 33, 33, 33, 33, 33, 33, 33, 33, 33, 33, 33, 33, 33, 33, 33, 33, 33, 33, 33, 33, 33, 33, 33, 33, 33, 33, 33, 33, 33, 33, 33, 33, 33, 33, 33, 33, 33, 33, 33, 33, 33, 32, 31, 27, 22, 20, 20, 18, 18, 17, 15, 14, 14, 13, 13, 13, 13, 13, 13, 12, 12, 12, 12, 12, 12, 12, 12, 12, 12, 12, 12, 12, 11, 11, 11, 11, 11, 11, 11, 11, 11, 11, 11, 11, 11, 11, 10, 10, 10, 10, 10, 10, 9, 9, 8, 8, 8, 8, 8, 8, 8, 8, 8, 8, 8, 8, 8, 8, 8, 8, 8, 8, 8, 8, 8, 8, 8, 8, 8, 8, 8, 8, 8, 8, 8, 8, 8, 8, 8, 8, 8, 8, 8, 8, 8, 8, 8, 8, 8, 8, 8, 8, 8, 8, 8, 8, 8, 8, 8, 8, 8, 8, 8, 8, 7, 7, 7, 7, 7, 7, 7, 7, 7]",6.98471986417657,"[32.928268251273344, 32.93718166383701, 32.93251273344652, 32.93633276740238, 32.94100169779287, 32.93081494057725, 32.932088285229206, 32.9418505942275, 32.93803056027165, 32.94185059422751, 32.93675721561969, 32.93972835314092, 32.939728353140914, 32.93887945670628, 32.938455008488965, 32.932512733446515, 32.93251273344652, 32.93590831918506, 32.93293718166384, 32.929117147707984, 32.933361629881155, 32.93293718166384, 32.93463497453311, 32.934634974533104, 32.93505942275043, 32.93718166383701, 32.93123938879457, 32.92996604414262, 32.93505942275043, 32.93590831918506, 32.935483870967744, 32.937181663837016, 32.93760611205433, 32.94100169779286, 32.93590831918506, 32.93293718166384, 32.93166383701189, 32.92996604414261, 32.927419354838705, 32.935483870967744, 32.93039049235993, 32.92444821731749, 32.9320882852292, 32.92911714770798, 32.93123938879457, 32.932088285229206, 32.931239388794566, 32.934634974533104, 32.94397283531409, 32.93251273344652, 32.935483870967744, 32.940577249575554, 32.9295415959253, 31.939728353140918, 30.94567062818336, 26.94991511035654, 21.958828522920204, 19.963073005093378, 19.961799660441425, 17.967317487266552, 17.966044142614603, 16.96943972835314, 14.971137521222413, 13.970713073005093, 13.968166383701188, 12.977079796264857, 12.974533106960951, 12.974108658743631, 12.97835314091681, 12.971986417657046, 12.974108658743631, 11.975382003395584, 11.974533106960951, 11.97453310696095, 11.975382003395586, 11.974108658743633, 11.975382003395584, 11.975806451612904, 11.977504244482173, 11.9830220713073, 11.980050933786078, 11.980050933786076, 11.979626485568762, 11.978777589134125, 10.980475382003394, 10.979202037351442, 10.982173174872665, 10.979202037351442, 10.977079796264857, 10.977504244482173, 10.974533106960951, 10.978777589134125, 10.974108658743635, 10.97962648556876, 10.974957555178268, 10.984295415959252, 10.98132427843803, 10.977079796264857, 9.979202037351442, 9.98344651952462, 9.981748726655347, 9.985144312393889, 9.987691001697794, 9.984295415959254, 8.987691001697794, 8.98132427843803, 7.983022071307301, 7.98641765704584, 7.9868421052631575, 7.985568760611205, 7.98641765704584, 7.985568760611205, 7.985144312393888, 7.985568760611206, 7.9830220713073, 7.983870967741936, 7.983870967741936, 7.983870967741936, 7.98471986417657, 7.985568760611206, 7.987691001697793, 7.987266553480476, 7.985993208828523, 7.987691001697792, 7.987691001697794, 7.990237691001698, 7.985993208828523, 7.983022071307301, 7.987691001697793, 7.98471986417657, 7.982597623089983, 7.98471986417657, 7.987691001697793, 7.984295415959254, 7.983870967741936, 7.983870967741936, 7.985568760611206, 7.986842105263158, 7.988539898132428, 7.98811544991511, 7.985993208828523, 7.985144312393888, 7.988539898132428, 7.986417657045841, 7.988539898132427, 7.986417657045839, 7.988539898132427, 7.985993208828523, 7.9889643463497455, 7.988964346349745, 7.986842105263158, 7.988539898132428, 7.985993208828523, 7.987266553480476, 7.984295415959253, 7.988539898132427, 7.987266553480476, 7.98641765704584, 7.989813242784381, 7.985144312393888, 7.986842105263158, 7.982173174872665, 7.98641765704584, 7.9851443123938886, 7.986417657045841, 7.987266553480476, 6.987266553480476, 6.989813242784381, 6.98471986417657, 6.989388794567063, 6.985568760611205, 6.985568760611205, 6.987266553480476, 6.987266553480476, 6.98471986417657]",0.8465476102015372,0.8862696603161109,7,"[33, 33, 33, 33, 33, 33, 33, 33, 33, 33, 33, 33, 33, 33, 33, 33, 33, 33, 33, 33, 33, 33, 33, 33, 33, 33, 33, 33, 33, 33, 33, 33, 33, 33, 33, 33, 33, 33, 33, 33, 33, 33, 33, 33, 33, 33, 33, 33, 33, 33, 33, 33, 33, 32, 31, 27, 22, 20, 20, 18, 18, 17, 15, 14, 14, 13, 13, 13, 13, 13, 13, 12, 12, 12, 12, 12, 12, 12, 12, 12, 12, 12, 12, 12, 11, 11, 11, 11, 11, 11, 11, 11, 11, 11, 11, 11, 11, 11, 10, 10, 10, 10, 10, 10, 9, 9, 8, 8, 8, 8, 8, 8, 8, 8, 8, 8, 8, 8, 8, 8, 8, 8, 8, 8, 8, 8, 8, 8, 8, 8, 8, 8, 8, 8, 8, 8, 8, 8, 8, 8, 8, 8, 8, 8, 8, 8, 8, 8, 8, 8, 8, 8, 8, 8, 8, 8, 8, 8, 8, 8, 8, 8, 8, 8, 8, 8, 7, 7, 7, 7, 7, 7, 7, 7, 7]",175,"[0.3976665437221527, 0.39330238103866577, 0.38714390993118286, 0.38371819257736206, 0.3808063268661499, 0.37764957547187805, 0.3750629723072052, 0.3727123737335205, 0.37469586730003357, 0.36892929673194885, 0.3688892126083374, 0.3661573827266693, 0.3658604323863983, 0.37350699305534363, 0.36332520842552185, 0.3700973391532898, 0.36423221230506897, 0.361145555973053, 0.3593898117542267, 0.3591457009315491, 0.3598608672618866, 0.36085009574890137, 0.3586310148239136, 0.3577212393283844, 0.3567411005496979, 0.3541000783443451, 0.35198819637298584, 0.3523646295070648, 0.3508380651473999, 0.34757351875305176, 0.34878531098365784, 0.34810203313827515, 0.3468030095100403, 0.34550097584724426, 0.34414321184158325, 0.34493163228034973, 0.34620535373687744, 0.34266385436058044, 0.3444540798664093, 0.3428768813610077, 0.33992108702659607, 0.34272509813308716, 0.3390824496746063, 0.33703941106796265, 0.3361850678920746, 0.334954172372818, 0.3344404101371765, 0.3327426016330719, 0.33294352889060974, 0.33261412382125854, 0.3313385248184204, 0.33058640360832214, 0.3320743441581726, 0.33035799860954285, 0.3272961676120758, 0.3272687494754791, 0.3273806869983673, 0.3224775791168213, 0.32148635387420654, 0.3211902976036072, 0.3212299346923828, 0.3276611268520355, 0.31925639510154724, 0.31911057233810425, 0.3160960376262665, 0.31534072756767273, 0.31464606523513794, 0.31984809041023254, 0.31816565990448, 0.31374111771583557, 0.311372846364975, 0.3177717924118042, 0.31581953167915344, 0.314548522233963, 0.31319713592529297, 0.31165453791618347, 0.31477126479148865, 0.30932360887527466, 0.3099968135356903, 0.30741173028945923, 0.3085823655128479, 0.305655300617218, 0.30443263053894043, 0.3031407296657562, 0.30604860186576843, 0.31137946248054504, 0.3051169514656067, 0.3035927414894104, 0.3020956516265869, 0.30095621943473816, 0.30013948678970337, 0.29937854409217834, 0.3003579378128052, 0.2971620559692383, 0.2958942651748657, 0.29493263363838196, 0.296540230512619, 0.29312336444854736, 0.29596343636512756, 0.2945430874824524, 0.2962101995944977, 0.2951818108558655, 0.2922027111053467, 0.2907019853591919, 0.2958018183708191, 0.28967300057411194, 0.29289525747299194, 0.29294297099113464, 0.2925463020801544, 0.2908371388912201, 0.2932621240615845, 0.2907085716724396, 0.28723084926605225, 0.2860852777957916, 0.28676268458366394, 0.2845286726951599, 0.28429633378982544, 0.2843370735645294, 0.2849767506122589, 0.28266140818595886, 0.28344041109085083, 0.2797570824623108, 0.28340432047843933, 0.2785283923149109, 0.2776872515678406, 0.2781674563884735, 0.2790464162826538, 0.2766573131084442, 0.27670058608055115, 0.27402356266975403, 0.27406176924705505, 0.2727186381816864, 0.2730221152305603, 0.27311474084854126, 0.27095428109169006, 0.2728731334209442, 0.27525728940963745, 0.2694509029388428, 0.26878947019577026, 0.26864510774612427, 0.27016523480415344, 0.2683311700820923, 0.26890960335731506, 0.26685643196105957, 0.2669254243373871, 0.2658824324607849, 0.2665455639362335, 0.26530537009239197, 0.26470568776130676, 0.26474496722221375, 0.26932549476623535, 0.26664817333221436, 0.2632042467594147, 0.2627221643924713, 0.2653581500053406, 0.26110196113586426, 0.2624584138393402, 0.26154017448425293, 0.2601374685764313, 0.26019155979156494, 0.26062846183776855, 0.2595181167125702, 0.2591063380241394, 0.25992050766944885, 0.2603786885738373, 0.25921979546546936, 0.2666000425815582, 0.26275309920310974, 0.26241883635520935, 0.2633773386478424, 0.2616540789604187, 0.2614896893501282, 0.26092082262039185, 0.2610090374946594, 0.2622024416923523]",7.0,"[33.0, 33.0, 33.0, 33.0, 33.0, 33.0, 33.0, 33.0, 33.0, 33.0, 33.0, 33.0, 33.0, 33.0, 33.0, 33.0, 33.0, 33.0, 33.0, 33.0, 33.0, 33.0, 33.0, 33.0, 33.0, 33.0, 33.0, 33.0, 33.0, 33.0, 33.0, 33.0, 33.0, 33.0, 33.0, 33.0, 33.0, 33.0, 33.0, 33.0, 33.0, 33.0, 33.0, 33.0, 33.0, 33.0, 33.0, 33.0, 33.0, 33.0, 33.0, 33.0, 33.0, 32.0, 31.0, 27.0, 22.0, 20.0, 20.0, 18.0, 18.0, 17.0, 15.0, 14.0, 14.0, 13.0, 13.0, 13.0, 13.0, 13.0, 13.0, 12.0, 12.0, 12.0, 12.0, 12.0, 12.0, 12.0, 12.0, 12.0, 12.0, 12.0, 12.0, 12.0, 11.0, 11.0, 11.0, 11.0, 11.0, 11.0, 11.0, 11.0, 11.0, 11.0, 11.0, 11.0, 11.0, 11.0, 10.0, 10.0, 10.0, 10.0, 10.0, 10.0, 9.0, 9.0, 8.0, 8.0, 8.0, 8.0, 8.0, 8.0, 8.0, 8.0, 8.0, 8.0, 8.0, 8.0, 8.0, 8.0, 8.0, 8.0, 8.0, 8.0, 8.0, 8.0, 8.0, 8.0, 8.0, 8.0, 8.0, 8.0, 8.0, 8.0, 8.0, 8.0, 8.0, 8.0, 8.0, 8.0, 8.0, 8.0, 8.0, 8.0, 8.0, 8.0, 8.0, 8.0, 8.0, 8.0, 8.0, 8.0, 8.0, 8.0, 8.0, 8.0, 8.0, 8.0, 8.0, 8.0, 8.0, 8.0, 8.0, 8.0, 8.0, 8.0, 7.0, 7.0, 7.0, 7.0, 7.0, 7.0, 7.0, 7.0, 7.0]",COMPLETE
26,26,0.5,2024-08-31 01:30:59.733654,2024-08-31 01:32:12.560955,0 days 00:01:12.827301,1,0.8005362598988847,4,65,0.001845928345644886,87,0.010774549838778756,0.859,0.85875,0,"[0, 0, 0, 0, 0, 0, 0, 0, 0, 0, 0, 0, 0, 0, 0, 0, 0, 0, 0, 0, 0, 0, 0, 0, 0, 0, 0, 0, 0, 0, 0, 0, 0, 0, 0, 0, 0, 0, 0, 0, 0, 0, 0, 0, 0, 0, 0, 0, 0, 0, 0, 0, 0, 0, 0, 0, 0, 0, 0, 0, 0, 0, 0, 0, 0]",0.0,"[0.0, 0.0, 0.0, 0.0, 0.0, 0.0, 0.0, 0.0, 0.0, 0.0, 0.0, 0.0, 0.0, 0.0, 0.0, 0.0, 0.0, 0.0, 0.0, 0.0, 0.0, 0.0, 0.0, 0.0, 0.0, 0.0, 0.0, 0.0, 0.0, 0.0, 0.0, 0.0, 0.0, 0.0, 0.0, 0.0, 0.0, 0.0, 0.0, 0.0, 0.0, 0.0, 0.0, 0.0, 0.0, 0.0, 0.0, 0.0, 0.0, 0.0, 0.0, 0.0, 0.0, 0.0, 0.0, 0.0, 0.0, 0.0, 0.0, 0.0, 0.0, 0.0, 0.0, 0.0, 0.0]",0.5,0.5,0,"[0, 0, 0, 0, 0, 0, 0, 0, 0, 0, 0, 0, 0, 0, 0, 0, 0, 0, 0, 0, 0, 0, 0, 0, 0, 0, 0, 0, 0, 0, 0, 0, 0, 0, 0, 0, 0, 0, 0, 0, 0, 0, 0, 0, 0, 0, 0, 0, 0, 0, 0, 0, 0, 0, 0, 0, 0, 0, 0, 0, 0, 0, 0, 0, 0]",65,"[0.5868538618087769, 0.43265843391418457, 0.408069908618927, 0.41622281074523926, 0.40839114785194397, 0.4874725043773651, 0.4084662199020386, 0.40759792923927307, 0.5568785071372986, 0.4179835021495819, 0.4120798408985138, 0.41723302006721497, 0.4094925820827484, 0.4451851546764374, 0.4094914197921753, 0.4099440276622772, 0.4072297215461731, 0.413239985704422, 0.4274364411830902, 0.5720188021659851, 0.4104309380054474, 0.4383689761161804, 0.43846195936203003, 0.4083958566188812, 0.4100513756275177, 0.46879908442497253, 0.42467716336250305, 0.4072720408439636, 0.4320772886276245, 0.47637107968330383, 0.4121694266796112, 0.4166300892829895, 0.41219863295555115, 0.4115006625652313, 0.4122520387172699, 0.43241041898727417, 0.41628485918045044, 0.4173547029495239, 0.45248591899871826, 0.41112250089645386, 0.4180237948894501, 0.4124238193035126, 0.41828736662864685, 0.40853890776634216, 0.41182491183280945, 0.4483010768890381, 0.4759727716445923, 0.4092105031013489, 0.41802138090133667, 0.4820241928100586, 0.4415941536426544, 0.4124649167060852, 0.41115227341651917, 0.461770623922348, 0.45060229301452637, 0.4340986907482147, 0.4175539016723633, 0.40739309787750244, 0.41933029890060425, 0.5538249015808105, 0.4348571300506592, 0.44580647349357605, 0.40894949436187744, 0.4493293762207031, 0.4652389883995056]",0.0,"[0.0, 0.0, 0.0, 0.0, 0.0, 0.0, 0.0, 0.0, 0.0, 0.0, 0.0, 0.0, 0.0, 0.0, 0.0, 0.0, 0.0, 0.0, 0.0, 0.0, 0.0, 0.0, 0.0, 0.0, 0.0, 0.0, 0.0, 0.0, 0.0, 0.0, 0.0, 0.0, 0.0, 0.0, 0.0, 0.0, 0.0, 0.0, 0.0, 0.0, 0.0, 0.0, 0.0, 0.0, 0.0, 0.0, 0.0, 0.0, 0.0, 0.0, 0.0, 0.0, 0.0, 0.0, 0.0, 0.0, 0.0, 0.0, 0.0, 0.0, 0.0, 0.0, 0.0, 0.0, 0.0]",COMPLETE
