,number,value,datetime_start,datetime_complete,duration,params_batch_size_scaler,params_constant_learning_rate,params_depth,params_epochs,params_kernel_l2,params_num_trees,params_temperature,user_attrs_accuracy_test,user_attrs_accuracy_valid,user_attrs_approximate_feature_sparsity,user_attrs_approximate_feature_sparsity_history,user_attrs_approximate_weight_sparsity,user_attrs_approximate_weight_sparsity_history,user_attrs_auc_test,user_attrs_auc_valid,user_attrs_feature_sparsity,user_attrs_feature_sparsity_history,user_attrs_num_epochs,user_attrs_val_loss_history,user_attrs_weight_sparsity,user_attrs_weight_sparsity_history,state
107,107,0.7026445620950392,2024-08-31 04:47:52.440776,2024-08-31 04:50:21.418667,0 days 00:02:28.977891,1,0.015828060667243817,1,405,0.7299688334497324,75,0.0036487336823582523,0.864,0.86375,3,"[33, 33, 33, 33, 33, 33, 33, 33, 33, 33, 33, 33, 33, 33, 33, 33, 33, 33, 33, 32, 30, 20, 14, 11, 9, 9, 8, 8, 8, 8, 7, 6, 5, 5, 5, 5, 5, 5, 5, 5, 5, 5, 5, 5, 5, 5, 5, 5, 5, 5, 5, 5, 5, 5, 5, 5, 5, 4, 4, 4, 4, 4, 4, 4, 4, 4, 4, 4, 4, 4, 4, 4, 4, 4, 4, 4, 4, 4, 4, 4, 4, 4, 4, 4, 4, 4, 4, 4, 4, 4, 4, 4, 4, 4, 4, 4, 4, 4, 4, 4, 4, 4, 4, 4, 4, 4, 4, 4, 4, 4, 4, 4, 4, 4, 4, 4, 4, 4, 4, 4, 4, 4, 4, 4, 4, 4, 4, 4, 4, 4, 4, 4, 4, 4, 4, 4, 4, 4, 4, 4, 4, 4, 4, 4, 4, 4, 4, 4, 4, 4, 4, 4, 4, 4, 4, 4, 4, 4, 4, 4, 4, 4, 4, 4, 3, 3, 3, 3, 3, 3, 3, 3, 3, 3, 3, 3, 3, 3, 3, 3, 3, 3, 3, 3, 3, 3, 3, 3, 3, 3, 3, 3, 3, 3, 3, 3, 3, 3, 3, 3, 3, 3, 3, 3, 3, 3, 3, 3, 3, 3, 3, 3, 3, 3, 3, 3, 3, 3, 3, 3, 3, 3, 3, 3, 3, 3, 3, 3, 3, 3, 3, 3, 3, 3, 3, 3, 3, 3, 3, 3, 3, 3, 3, 3, 3, 3, 3, 3, 3, 3, 3, 3, 3, 3, 3, 3, 3, 3, 3, 3, 3, 3, 3, 3, 3, 3, 3, 3, 3, 3, 3, 3, 3, 3, 3, 3, 3, 3, 3, 3, 3, 3, 3, 3, 3, 3, 3, 3, 3, 3, 3, 3, 3, 3, 3, 3, 3, 3, 3, 3, 3, 3, 3, 3, 3, 3, 3, 3, 3, 3, 3, 3, 3, 3, 3, 3, 3, 3, 3, 3, 3, 3, 3, 3, 3, 3, 3, 3, 3, 3, 3, 3, 3, 3, 3, 3, 3, 3, 3, 3, 3, 3, 3, 3, 3, 3, 3, 3, 3, 3, 3, 3, 3, 3, 3, 3, 3, 3, 3, 3, 3, 3, 3, 3, 3, 3, 3, 3, 3, 3, 3, 3, 3, 3, 3, 3, 3, 3, 3, 3, 3, 3, 3, 3, 3, 3, 3, 3, 3, 3, 3, 3, 3, 3, 3, 3, 3, 3, 3, 3, 3, 3, 3, 3, 3]",3.0,"[32.986666666666665, 32.97333333333333, 32.97333333333333, 32.97333333333333, 32.96, 32.97333333333333, 32.986666666666665, 32.946666666666665, 32.986666666666665, 32.97333333333333, 32.97333333333333, 32.93333333333334, 32.986666666666665, 32.96, 33.0, 32.986666666666665, 32.96, 32.96, 32.96, 31.96, 29.973333333333333, 19.96, 13.973333333333333, 10.986666666666666, 8.986666666666666, 8.986666666666666, 8.0, 8.0, 7.986666666666666, 7.986666666666666, 6.946666666666667, 5.986666666666666, 4.986666666666666, 5.0, 4.973333333333334, 5.0, 4.986666666666666, 5.0, 5.0, 5.0, 5.0, 4.986666666666666, 4.986666666666666, 5.0, 5.0, 5.0, 5.0, 5.0, 4.986666666666666, 5.0, 5.0, 5.0, 5.0, 5.0, 5.0, 5.0, 5.0, 4.0, 4.0, 4.0, 4.0, 4.0, 4.0, 3.986666666666667, 3.986666666666667, 3.986666666666667, 3.986666666666667, 3.986666666666667, 3.986666666666667, 3.9733333333333336, 3.9733333333333336, 4.0, 4.0, 4.0, 4.0, 4.0, 4.0, 4.0, 4.0, 4.0, 4.0, 4.0, 4.0, 4.0, 4.0, 4.0, 4.0, 4.0, 4.0, 4.0, 4.0, 4.0, 4.0, 4.0, 4.0, 4.0, 4.0, 4.0, 4.0, 4.0, 4.0, 4.0, 4.0, 4.0, 4.0, 4.0, 4.0, 4.0, 4.0, 4.0, 4.0, 4.0, 4.0, 4.0, 4.0, 4.0, 4.0, 4.0, 4.0, 4.0, 4.0, 4.0, 4.0, 4.0, 4.0, 4.0, 4.0, 4.0, 4.0, 4.0, 4.0, 4.0, 4.0, 4.0, 4.0, 4.0, 4.0, 4.0, 4.0, 4.0, 4.0, 4.0, 4.0, 4.0, 4.0, 4.0, 4.0, 4.0, 4.0, 4.0, 4.0, 4.0, 4.0, 4.0, 4.0, 4.0, 4.0, 4.0, 4.0, 4.0, 4.0, 4.0, 4.0, 4.0, 3.0, 3.0, 3.0, 3.0, 3.0, 3.0, 3.0, 3.0, 3.0, 3.0, 3.0, 3.0, 3.0, 3.0, 3.0, 3.0, 3.0, 3.0, 3.0, 3.0, 3.0, 3.0, 3.0, 3.0, 3.0, 3.0, 3.0, 3.0, 3.0, 3.0, 3.0, 3.0, 3.0, 3.0, 3.0, 3.0, 3.0, 3.0, 3.0, 3.0, 3.0, 3.0, 3.0, 3.0, 3.0, 3.0, 3.0, 3.0, 3.0, 3.0, 3.0, 3.0, 3.0, 3.0, 3.0, 3.0, 3.0, 3.0, 3.0, 3.0, 3.0, 3.0, 3.0, 3.0, 3.0, 3.0, 3.0, 3.0, 3.0, 3.0, 3.0, 3.0, 3.0, 3.0, 3.0, 3.0, 3.0, 3.0, 3.0, 3.0, 3.0, 3.0, 3.0, 3.0, 3.0, 3.0, 3.0, 3.0, 3.0, 3.0, 3.0, 3.0, 3.0, 3.0, 3.0, 3.0, 3.0, 3.0, 3.0, 3.0, 3.0, 3.0, 3.0, 3.0, 3.0, 3.0, 3.0, 3.0, 3.0, 3.0, 3.0, 3.0, 3.0, 3.0, 3.0, 3.0, 3.0, 3.0, 3.0, 3.0, 3.0, 3.0, 3.0, 3.0, 3.0, 3.0, 3.0, 3.0, 3.0, 3.0, 3.0, 3.0, 3.0, 3.0, 3.0, 3.0, 3.0, 3.0, 3.0, 3.0, 3.0, 3.0, 3.0, 3.0, 3.0, 3.0, 3.0, 3.0, 3.0, 3.0, 3.0, 3.0, 3.0, 3.0, 3.0, 3.0, 3.0, 3.0, 3.0, 3.0, 3.0, 3.0, 3.0, 3.0, 3.0, 3.0, 3.0, 3.0, 3.0, 3.0, 3.0, 3.0, 3.0, 3.0, 3.0, 3.0, 3.0, 3.0, 3.0, 3.0, 3.0, 3.0, 3.0, 3.0, 3.0, 3.0, 3.0, 3.0, 3.0, 3.0, 3.0, 3.0, 3.0, 3.0, 3.0, 3.0, 3.0, 3.0, 3.0, 3.0, 3.0, 3.0, 3.0, 3.0, 3.0, 3.0, 3.0, 3.0, 3.0, 3.0, 3.0, 3.0, 3.0, 3.0, 3.0, 3.0, 3.0, 3.0, 3.0, 3.0, 3.0, 3.0, 3.0, 3.0, 3.0, 3.0, 3.0, 3.0, 3.0, 3.0, 3.0, 3.0, 3.0, 3.0, 3.0, 3.0, 3.0, 3.0, 3.0, 3.0, 3.0]",0.6733419199299863,0.7026445620950392,3,"[33, 33, 33, 33, 33, 33, 33, 33, 33, 33, 33, 33, 33, 33, 33, 33, 33, 33, 33, 32, 30, 20, 14, 11, 9, 9, 8, 8, 8, 8, 7, 6, 5, 5, 5, 5, 5, 5, 5, 5, 5, 5, 5, 5, 5, 5, 5, 5, 5, 5, 5, 5, 5, 5, 5, 5, 5, 4, 4, 4, 4, 4, 4, 4, 4, 4, 4, 4, 4, 4, 4, 4, 4, 4, 4, 4, 4, 4, 4, 4, 4, 4, 4, 4, 4, 4, 4, 4, 4, 4, 4, 4, 4, 4, 4, 4, 4, 4, 4, 4, 4, 4, 4, 4, 4, 4, 4, 4, 4, 4, 4, 4, 4, 4, 4, 4, 4, 4, 4, 4, 4, 4, 4, 4, 4, 4, 4, 4, 4, 4, 4, 4, 4, 4, 4, 4, 4, 4, 4, 4, 4, 4, 4, 4, 4, 4, 4, 4, 4, 4, 4, 4, 4, 4, 4, 4, 4, 4, 4, 4, 4, 4, 4, 4, 3, 3, 3, 3, 3, 3, 3, 3, 3, 3, 3, 3, 3, 3, 3, 3, 3, 3, 3, 3, 3, 3, 3, 3, 3, 3, 3, 3, 3, 3, 3, 3, 3, 3, 3, 3, 3, 3, 3, 3, 3, 3, 3, 3, 3, 3, 3, 3, 3, 3, 3, 3, 3, 3, 3, 3, 3, 3, 3, 3, 3, 3, 3, 3, 3, 3, 3, 3, 3, 3, 3, 3, 3, 3, 3, 3, 3, 3, 3, 3, 3, 3, 3, 3, 3, 3, 3, 3, 3, 3, 3, 3, 3, 3, 3, 3, 3, 3, 3, 3, 3, 3, 3, 3, 3, 3, 3, 3, 3, 3, 3, 3, 3, 3, 3, 3, 3, 3, 3, 3, 3, 3, 3, 3, 3, 3, 3, 3, 3, 3, 3, 3, 3, 3, 3, 3, 3, 3, 3, 3, 3, 3, 3, 3, 3, 3, 3, 3, 3, 3, 3, 3, 3, 3, 3, 3, 3, 3, 3, 3, 3, 3, 3, 3, 3, 3, 3, 3, 3, 3, 3, 3, 3, 3, 3, 3, 3, 3, 3, 3, 3, 3, 3, 3, 3, 3, 3, 3, 3, 3, 3, 3, 3, 3, 3, 3, 3, 3, 3, 3, 3, 3, 3, 3, 3, 3, 3, 3, 3, 3, 3, 3, 3, 3, 3, 3, 3, 3, 3, 3, 3, 3, 3, 3, 3, 3, 3, 3, 3, 3, 3, 3, 3, 3, 3, 3, 3, 3, 3, 3, 3]",405,"[0.7806365489959717, 0.7245075106620789, 0.6838783025741577, 0.6419827342033386, 0.6080829501152039, 0.5783944129943848, 0.5535451173782349, 0.52936851978302, 0.5137796998023987, 0.4912507236003876, 0.47921693325042725, 0.46030762791633606, 0.44783443212509155, 0.43768492341041565, 0.4275416433811188, 0.42653191089630127, 0.4096212685108185, 0.40587708353996277, 0.3966154158115387, 0.3914634585380554, 0.38766947388648987, 0.3750770688056946, 0.38453376293182373, 0.3701305091381073, 0.3649015724658966, 0.36350390315055847, 0.3654271364212036, 0.36204394698143005, 0.36233779788017273, 0.3612521290779114, 0.3640410900115967, 0.35998961329460144, 0.36631283164024353, 0.36394885182380676, 0.36380574107170105, 0.36111804842948914, 0.3607932925224304, 0.3604854345321655, 0.3614538908004761, 0.36254948377609253, 0.3648609519004822, 0.3634463846683502, 0.3598494231700897, 0.35861337184906006, 0.35793396830558777, 0.35768792033195496, 0.3592037260532379, 0.3577501177787781, 0.3570432662963867, 0.3566756844520569, 0.35635024309158325, 0.35620471835136414, 0.3565184772014618, 0.3558826148509979, 0.3561820983886719, 0.35864949226379395, 0.3557546138763428, 0.3794575035572052, 0.3715110123157501, 0.37279799580574036, 0.3730138838291168, 0.38418808579444885, 0.3712117075920105, 0.3739323019981384, 0.3722088932991028, 0.3731236755847931, 0.3712886869907379, 0.3718174695968628, 0.37029266357421875, 0.36979931592941284, 0.3723437190055847, 0.37343329191207886, 0.3797423839569092, 0.3708611726760864, 0.3691312372684479, 0.3745322525501251, 0.3692854046821594, 0.37378308176994324, 0.37032854557037354, 0.37067097425460815, 0.37717610597610474, 0.3707858622074127, 0.3777385354042053, 0.3702317774295807, 0.3681541085243225, 0.3694259226322174, 0.37635472416877747, 0.3701682686805725, 0.39624226093292236, 0.3675718605518341, 0.3677690923213959, 0.3673734664916992, 0.3683280944824219, 0.3800153434276581, 0.37209978699684143, 0.36738646030426025, 0.3733813166618347, 0.36732950806617737, 0.36916008591651917, 0.37283089756965637, 0.3710685968399048, 0.36691105365753174, 0.36796239018440247, 0.3664565980434418, 0.36628037691116333, 0.3672454357147217, 0.36645618081092834, 0.3661515414714813, 0.3663075566291809, 0.3679305613040924, 0.36622166633605957, 0.36577948927879333, 0.36565151810646057, 0.3657276928424835, 0.36803996562957764, 0.3655744194984436, 0.366059809923172, 0.37021172046661377, 0.3663041591644287, 0.36557820439338684, 0.3655816316604614, 0.36532771587371826, 0.3655741214752197, 0.36544960737228394, 0.3648485541343689, 0.3664194941520691, 0.36514413356781006, 0.36621415615081787, 0.36473900079727173, 0.37019509077072144, 0.36834248900413513, 0.3781040608882904, 0.3655228912830353, 0.365278959274292, 0.36761048436164856, 0.3646726608276367, 0.3660001754760742, 0.3679565191268921, 0.36486947536468506, 0.37405842542648315, 0.3639325201511383, 0.3657163977622986, 0.3658539950847626, 0.3668294847011566, 0.36891067028045654, 0.3636988401412964, 0.37049102783203125, 0.3639034628868103, 0.36362430453300476, 0.36454346776008606, 0.36927881836891174, 0.3652540147304535, 0.36599135398864746, 0.3643607795238495, 0.3655094504356384, 0.36315563321113586, 0.3672390878200531, 0.36750519275665283, 0.37096118927001953, 0.36362624168395996, 0.36738792061805725, 0.36373960971832275, 0.362930566072464, 0.36386752128601074, 0.3839755356311798, 0.3657735586166382, 0.36721619963645935, 0.3717872202396393, 0.36499476432800293, 0.3653106689453125, 0.36636635661125183, 0.3661099374294281, 0.3748578131198883, 0.36752691864967346, 0.36547622084617615, 0.36479872465133667, 0.36383646726608276, 0.36399462819099426, 0.36374610662460327, 0.36474689841270447, 0.3636232018470764, 0.36762523651123047, 0.36351531744003296, 0.3635008633136749, 0.36362987756729126, 0.36927852034568787, 0.36853256821632385, 0.3644825220108032, 0.37205836176872253, 0.36396434903144836, 0.36861878633499146, 0.36750170588493347, 0.36375781893730164, 0.36479300260543823, 0.3632189631462097, 0.36637431383132935, 0.36442938446998596, 0.3628292381763458, 0.363547682762146, 0.3649667799472809, 0.36866286396980286, 0.3632221221923828, 0.3628009855747223, 0.365327924489975, 0.3633946478366852, 0.3626323640346527, 0.36427754163742065, 0.3624046742916107, 0.36726054549217224, 0.36272644996643066, 0.3624042570590973, 0.36274632811546326, 0.36952781677246094, 0.3631131052970886, 0.36213427782058716, 0.3621399700641632, 0.3623364269733429, 0.36200055480003357, 0.3621319830417633, 0.36192813515663147, 0.366180419921875, 0.362549364566803, 0.3656460642814636, 0.36177489161491394, 0.36325931549072266, 0.3684813380241394, 0.3617643713951111, 0.36852672696113586, 0.3624798655509949, 0.36238110065460205, 0.3629937469959259, 0.3629569709300995, 0.3629356324672699, 0.36142608523368835, 0.3618777096271515, 0.36143630743026733, 0.36925530433654785, 0.36151957511901855, 0.3625947833061218, 0.3612872064113617, 0.36267349123954773, 0.36116522550582886, 0.36116915941238403, 0.3619271218776703, 0.367084801197052, 0.36266016960144043, 0.3645215630531311, 0.36561134457588196, 0.3619493246078491, 0.36147502064704895, 0.36323872208595276, 0.37063729763031006, 0.36903807520866394, 0.37024202942848206, 0.3619502782821655, 0.3664269745349884, 0.36187732219696045, 0.364045113325119, 0.3626249432563782, 0.3636338412761688, 0.3623883128166199, 0.3607041835784912, 0.36082011461257935, 0.3616304397583008, 0.36072543263435364, 0.3612658679485321, 0.36877864599227905, 0.3684273958206177, 0.3620794713497162, 0.36071181297302246, 0.3647523820400238, 0.36028996109962463, 0.36084306240081787, 0.3602900207042694, 0.36030519008636475, 0.36045321822166443, 0.3604264557361603, 0.36046627163887024, 0.36565840244293213, 0.37794163823127747, 0.3604870140552521, 0.3600504994392395, 0.36206749081611633, 0.3674970269203186, 0.3636265993118286, 0.36048516631126404, 0.36493590474128723, 0.36375224590301514, 0.3651052415370941, 0.35984882712364197, 0.3712271749973297, 0.36435192823410034, 0.3598470389842987, 0.36048489809036255, 0.36108002066612244, 0.3625362515449524, 0.3618641197681427, 0.35965484380722046, 0.36054736375808716, 0.35956913232803345, 0.3609791696071625, 0.3601943850517273, 0.36139336228370667, 0.3596058189868927, 0.3639129400253296, 0.3641282618045807, 0.36026692390441895, 0.36175671219825745, 0.38038867712020874, 0.3603651523590088, 0.36532360315322876, 0.35936397314071655, 0.35942408442497253, 0.3605354428291321, 0.3592936396598816, 0.3603907823562622, 0.3592594563961029, 0.3595148026943207, 0.3593765199184418, 0.3594783842563629, 0.3598727285861969, 0.3591364622116089, 0.3597906231880188, 0.3627640902996063, 0.36295852065086365, 0.36115700006484985, 0.37879645824432373, 0.35993874073028564, 0.35900309681892395, 0.35896235704421997, 0.35895949602127075, 0.36455729603767395, 0.3589742183685303, 0.3593854606151581, 0.36639535427093506, 0.36164578795433044, 0.36319077014923096, 0.3615010380744934, 0.3592599034309387, 0.3597465753555298, 0.36409810185432434, 0.35877105593681335, 0.3639504313468933, 0.35905706882476807, 0.37131059169769287, 0.36076870560646057, 0.366036593914032, 0.35876309871673584, 0.3596225082874298, 0.3608398735523224, 0.364552766084671, 0.3597206175327301, 0.3617731034755707, 0.36193984746932983, 0.3589533567428589, 0.3606199622154236, 0.3657774329185486, 0.35873278975486755, 0.3596727252006531, 0.3652782440185547, 0.3597760498523712, 0.3594669699668884, 0.36083531379699707, 0.35847729444503784, 0.35852205753326416, 0.35841086506843567, 0.3583586812019348, 0.3585008978843689, 0.3592369556427002, 0.35846421122550964, 0.3590189218521118, 0.36053332686424255, 0.35867205262184143, 0.36932918429374695, 0.3694738447666168, 0.36377933621406555, 0.36586135625839233, 0.36388781666755676, 0.3604144752025604, 0.35869503021240234, 0.35841137170791626, 0.35819733142852783, 0.3610341548919678, 0.3727305233478546, 0.3603353500366211, 0.3582841455936432, 0.3582611382007599, 0.3581421971321106, 0.3583434820175171, 0.35874882340431213, 0.3641428053379059, 0.3601261377334595, 0.3609161674976349, 0.3580116927623749, 0.358002632856369, 0.35813289880752563, 0.3584732115268707, 0.35977762937545776, 0.3590894341468811, 0.3578396737575531, 0.3580605983734131, 0.35826992988586426, 0.36027249693870544, 0.3578519821166992, 0.35834720730781555]",3.0,"[33.0, 33.0, 33.0, 33.0, 33.0, 33.0, 33.0, 33.0, 33.0, 33.0, 33.0, 33.0, 33.0, 33.0, 33.0, 33.0, 33.0, 33.0, 33.0, 32.0, 30.0, 20.0, 14.0, 11.0, 9.0, 9.0, 8.0, 8.0, 8.0, 8.0, 7.0, 6.0, 5.0, 5.0, 5.0, 5.0, 5.0, 5.0, 5.0, 5.0, 5.0, 5.0, 5.0, 5.0, 5.0, 5.0, 5.0, 5.0, 5.0, 5.0, 5.0, 5.0, 5.0, 5.0, 5.0, 5.0, 5.0, 4.0, 4.0, 4.0, 4.0, 4.0, 4.0, 4.0, 4.0, 4.0, 4.0, 4.0, 4.0, 4.0, 4.0, 4.0, 4.0, 4.0, 4.0, 4.0, 4.0, 4.0, 4.0, 4.0, 4.0, 4.0, 4.0, 4.0, 4.0, 4.0, 4.0, 4.0, 4.0, 4.0, 4.0, 4.0, 4.0, 4.0, 4.0, 4.0, 4.0, 4.0, 4.0, 4.0, 4.0, 4.0, 4.0, 4.0, 4.0, 4.0, 4.0, 4.0, 4.0, 4.0, 4.0, 4.0, 4.0, 4.0, 4.0, 4.0, 4.0, 4.0, 4.0, 4.0, 4.0, 4.0, 4.0, 4.0, 4.0, 4.0, 4.0, 4.0, 4.0, 4.0, 4.0, 4.0, 4.0, 4.0, 4.0, 4.0, 4.0, 4.0, 4.0, 4.0, 4.0, 4.0, 4.0, 4.0, 4.0, 4.0, 4.0, 4.0, 4.0, 4.0, 4.0, 4.0, 4.0, 4.0, 4.0, 4.0, 4.0, 4.0, 4.0, 4.0, 4.0, 4.0, 4.0, 4.0, 3.0, 3.0, 3.0, 3.0, 3.0, 3.0, 3.0, 3.0, 3.0, 3.0, 3.0, 3.0, 3.0, 3.0, 3.0, 3.0, 3.0, 3.0, 3.0, 3.0, 3.0, 3.0, 3.0, 3.0, 3.0, 3.0, 3.0, 3.0, 3.0, 3.0, 3.0, 3.0, 3.0, 3.0, 3.0, 3.0, 3.0, 3.0, 3.0, 3.0, 3.0, 3.0, 3.0, 3.0, 3.0, 3.0, 3.0, 3.0, 3.0, 3.0, 3.0, 3.0, 3.0, 3.0, 3.0, 3.0, 3.0, 3.0, 3.0, 3.0, 3.0, 3.0, 3.0, 3.0, 3.0, 3.0, 3.0, 3.0, 3.0, 3.0, 3.0, 3.0, 3.0, 3.0, 3.0, 3.0, 3.0, 3.0, 3.0, 3.0, 3.0, 3.0, 3.0, 3.0, 3.0, 3.0, 3.0, 3.0, 3.0, 3.0, 3.0, 3.0, 3.0, 3.0, 3.0, 3.0, 3.0, 3.0, 3.0, 3.0, 3.0, 3.0, 3.0, 3.0, 3.0, 3.0, 3.0, 3.0, 3.0, 3.0, 3.0, 3.0, 3.0, 3.0, 3.0, 3.0, 3.0, 3.0, 3.0, 3.0, 3.0, 3.0, 3.0, 3.0, 3.0, 3.0, 3.0, 3.0, 3.0, 3.0, 3.0, 3.0, 3.0, 3.0, 3.0, 3.0, 3.0, 3.0, 3.0, 3.0, 3.0, 3.0, 3.0, 3.0, 3.0, 3.0, 3.0, 3.0, 3.0, 3.0, 3.0, 3.0, 3.0, 3.0, 3.0, 3.0, 3.0, 3.0, 3.0, 3.0, 3.0, 3.0, 3.0, 3.0, 3.0, 3.0, 3.0, 3.0, 3.0, 3.0, 3.0, 3.0, 3.0, 3.0, 3.0, 3.0, 3.0, 3.0, 3.0, 3.0, 3.0, 3.0, 3.0, 3.0, 3.0, 3.0, 3.0, 3.0, 3.0, 3.0, 3.0, 3.0, 3.0, 3.0, 3.0, 3.0, 3.0, 3.0, 3.0, 3.0, 3.0, 3.0, 3.0, 3.0, 3.0, 3.0, 3.0, 3.0, 3.0, 3.0, 3.0, 3.0, 3.0, 3.0, 3.0, 3.0, 3.0, 3.0, 3.0, 3.0, 3.0, 3.0, 3.0, 3.0, 3.0, 3.0, 3.0, 3.0, 3.0, 3.0, 3.0, 3.0, 3.0, 3.0, 3.0, 3.0, 3.0, 3.0, 3.0, 3.0, 3.0]",COMPLETE
