,number,value,datetime_start,datetime_complete,duration,params_batch_size_scaler,params_constant_learning_rate,params_depth,params_epochs,params_kernel_l2,params_num_trees,params_temperature,user_attrs_accuracy_test,user_attrs_accuracy_valid,user_attrs_approximate_feature_sparsity,user_attrs_approximate_feature_sparsity_history,user_attrs_approximate_weight_sparsity,user_attrs_approximate_weight_sparsity_history,user_attrs_auc_test,user_attrs_auc_valid,user_attrs_feature_sparsity,user_attrs_feature_sparsity_history,user_attrs_num_epochs,user_attrs_val_loss_history,user_attrs_weight_sparsity,user_attrs_weight_sparsity_history,state
69,69,0.7209619868351562,2024-08-31 03:26:45.271982,2024-08-31 03:26:53.846883,0 days 00:00:08.574901,64,0.14722317586930384,3,60,0.047967890953040083,77,0.013221425406427506,0.869,0.86625,33,"[33, 33, 33, 33, 33, 33, 33, 33, 33, 33, 33, 33, 33, 33, 33, 33, 33, 33, 33, 33, 33, 33, 33, 33, 33, 33, 33, 33, 33, 33, 33, 33, 33, 33, 33, 33, 33, 33, 33, 33, 33, 33, 33, 33, 33, 33, 33, 33, 33, 33, 33, 33, 33, 33, 33, 33, 33, 33, 33, 33]",32.98144712430427,"[32.95361781076067, 32.968460111317256, 32.962894248608535, 32.970315398886825, 32.970315398886825, 32.968460111317256, 32.968460111317256, 32.96103896103896, 32.97402597402598, 32.97402597402598, 32.968460111317256, 32.975881261595546, 32.97402597402598, 32.957328385899814, 32.962894248608535, 32.962894248608535, 32.96660482374768, 32.96846011131725, 32.964749536178104, 32.96103896103896, 32.96660482374768, 32.96660482374768, 32.962894248608535, 32.968460111317256, 32.96103896103896, 32.962894248608535, 32.970315398886825, 32.95918367346938, 32.96103896103896, 32.95918367346939, 32.964749536178104, 32.962894248608535, 32.964749536178104, 32.968460111317256, 32.96660482374768, 32.97959183673469, 32.977736549165115, 32.962894248608535, 32.972170686456394, 32.96660482374768, 32.964749536178104, 32.964749536178104, 32.968460111317256, 32.972170686456394, 32.96660482374768, 32.964749536178104, 32.968460111317256, 32.964749536178104, 32.95918367346938, 32.95361781076066, 32.96660482374768, 32.95918367346938, 32.96660482374768, 32.968460111317256, 32.970315398886825, 32.9721706864564, 32.97402597402598, 32.970315398886825, 32.97402597402598, 32.98144712430427]",0.7539196988086097,0.7209619868351562,33,"[33, 33, 33, 33, 33, 33, 33, 33, 33, 33, 33, 33, 33, 33, 33, 33, 33, 33, 33, 33, 33, 33, 33, 33, 33, 33, 33, 33, 33, 33, 33, 33, 33, 33, 33, 33, 33, 33, 33, 33, 33, 33, 33, 33, 33, 33, 33, 33, 33, 33, 33, 33, 33, 33, 33, 33, 33, 33, 33, 33]",60,"[0.41395503282546997, 0.4079626798629761, 0.4037758708000183, 0.40134698152542114, 0.39892423152923584, 0.3965896964073181, 0.3955148756504059, 0.39343756437301636, 0.3916398882865906, 0.39103472232818604, 0.38883644342422485, 0.3879610002040863, 0.3864603340625763, 0.3855763375759125, 0.3843781352043152, 0.3836357593536377, 0.3823719918727875, 0.3821466565132141, 0.38077038526535034, 0.37996146082878113, 0.37942394614219666, 0.3789614737033844, 0.378324419260025, 0.3774895966053009, 0.37662047147750854, 0.3760474920272827, 0.3753918409347534, 0.3750618100166321, 0.37476009130477905, 0.37467584013938904, 0.37368592619895935, 0.373465359210968, 0.37287479639053345, 0.3727610111236572, 0.37186798453330994, 0.3718389868736267, 0.37140682339668274, 0.3706294596195221, 0.3703840374946594, 0.36995550990104675, 0.37098434567451477, 0.36947935819625854, 0.3697969317436218, 0.3690643608570099, 0.3686499297618866, 0.3679644763469696, 0.36832740902900696, 0.3679281175136566, 0.3678129315376282, 0.3668045401573181, 0.3663519024848938, 0.365572065114975, 0.3653741776943207, 0.36611539125442505, 0.3642735183238983, 0.36353155970573425, 0.36343592405319214, 0.3629869222640991, 0.3627438247203827, 0.3624271750450134]",33.0,"[33.0, 33.0, 33.0, 33.0, 33.0, 33.0, 33.0, 33.0, 33.0, 33.0, 33.0, 33.0, 33.0, 33.0, 33.0, 33.0, 33.0, 33.0, 33.0, 33.0, 33.0, 33.0, 33.0, 33.0, 33.0, 33.0, 33.0, 33.0, 33.0, 33.0, 33.0, 33.0, 33.0, 33.0, 33.0, 33.0, 33.0, 33.0, 33.0, 33.0, 33.0, 33.0, 33.0, 33.0, 33.0, 33.0, 33.0, 33.0, 33.0, 33.0, 33.0, 33.0, 33.0, 33.0, 33.0, 33.0, 33.0, 33.0, 33.0, 33.0]",COMPLETE
70,70,0.8598240393657174,2024-08-31 03:26:53.855433,2024-08-31 03:27:34.568418,0 days 00:00:40.712985,16,0.1577450827889181,5,135,0.006040273315359292,28,0.000636942528207782,0.891,0.88875,33,"[33, 33, 33, 33, 33, 33, 33, 33, 33, 33, 33, 33, 33, 33, 33, 33, 33, 33, 33, 33, 33, 33, 33, 33, 33, 33, 33, 33, 33, 33, 33, 33, 33, 33, 33, 33, 33, 33, 33, 33, 33, 33, 33, 33, 33, 33, 33, 33, 33, 33, 33, 33, 33, 33, 33, 33, 33, 33, 33, 33, 33, 33, 33, 33, 33, 33, 33, 33, 33, 33, 33, 33, 33, 33, 33, 33, 33, 33, 33, 33, 33, 33, 33, 33, 33, 33, 33, 33, 33, 33, 33, 33, 33, 33, 33, 33, 33, 33, 33, 33, 33, 33, 33, 33, 33, 33, 33, 33, 33, 33, 33, 33, 33, 33, 33, 33, 33, 33, 33, 33, 33, 33, 33, 33, 33, 33, 33, 33, 33, 33, 33, 33, 33, 33, 33]",32.97119815668203,"[32.95161290322581, 32.97004608294931, 32.94930875576037, 32.963133640552996, 32.94930875576037, 32.94124423963134, 32.9573732718894, 32.955069124423964, 32.9573732718894, 32.95046082949309, 32.95276497695853, 32.953917050691246, 32.94700460829493, 32.955069124423964, 32.96082949308756, 32.9573732718894, 32.95276497695853, 32.955069124423964, 32.95276497695853, 32.96198156682028, 32.95276497695853, 32.94815668202765, 32.94239631336406, 32.96082949308756, 32.95967741935484, 32.95161290322581, 32.964285714285715, 32.96774193548387, 32.96658986175115, 32.963133640552996, 32.963133640552996, 32.96889400921659, 32.97004608294931, 32.96658986175115, 32.975806451612904, 32.98041474654378, 32.97004608294931, 32.96658986175115, 32.965437788018434, 32.96658986175115, 32.97119815668203, 32.97119815668203, 32.96774193548387, 32.97119815668203, 32.97004608294931, 32.96082949308756, 32.964285714285715, 32.97811059907834, 32.97811059907834, 32.97811059907834, 32.97119815668203, 32.97004608294931, 32.96658986175115, 32.96198156682028, 32.973502304147466, 32.97004608294931, 32.96774193548387, 32.95622119815668, 32.95046082949309, 32.95852534562212, 32.96198156682028, 32.96198156682028, 32.97119815668203, 32.97004608294931, 32.96774193548387, 32.975806451612904, 32.97235023041475, 32.97004608294931, 32.96774193548387, 32.96774193548387, 32.97235023041475, 32.965437788018434, 32.97004608294931, 32.965437788018434, 32.97004608294931, 32.96774193548387, 32.964285714285715, 32.95967741935484, 32.963133640552996, 32.96889400921659, 32.95967741935484, 32.965437788018434, 32.96774193548387, 32.973502304147466, 32.975806451612904, 32.973502304147466, 32.97235023041475, 32.973502304147466, 32.97004608294931, 32.97004608294931, 32.96198156682028, 32.963133640552996, 32.95967741935484, 32.95622119815668, 32.964285714285715, 32.964285714285715, 32.95852534562212, 32.96198156682028, 32.9573732718894, 32.95622119815668, 32.95852534562212, 32.955069124423964, 32.95852534562212, 32.965437788018434, 32.97235023041475, 32.97235023041475, 32.97004608294931, 32.97119815668203, 32.97119815668203, 32.96658986175115, 32.965437788018434, 32.96774193548387, 32.97119815668203, 32.96658986175115, 32.96082949308756, 32.96658986175115, 32.96198156682028, 32.965437788018434, 32.96774193548387, 32.96774193548387, 32.96198156682028, 32.97235023041475, 32.97004608294931, 32.96889400921659, 32.96658986175115, 32.97119815668203, 32.96658986175115, 32.963133640552996, 32.96774193548387, 32.965437788018434, 32.95852534562212, 32.9573732718894, 32.97004608294931, 32.97119815668203, 32.97119815668203]",0.859047713405824,0.8598240393657174,33,"[33, 33, 33, 33, 33, 33, 33, 33, 33, 33, 33, 33, 33, 33, 33, 33, 33, 33, 33, 33, 33, 33, 33, 33, 33, 33, 33, 33, 33, 33, 33, 33, 33, 33, 33, 33, 33, 33, 33, 33, 33, 33, 33, 33, 33, 33, 33, 33, 33, 33, 33, 33, 33, 33, 33, 33, 33, 33, 33, 33, 33, 33, 33, 33, 33, 33, 33, 33, 33, 33, 33, 33, 33, 33, 33, 33, 33, 33, 33, 33, 33, 33, 33, 33, 33, 33, 33, 33, 33, 33, 33, 33, 33, 33, 33, 33, 33, 33, 33, 33, 33, 33, 33, 33, 33, 33, 33, 33, 33, 33, 33, 33, 33, 33, 33, 33, 33, 33, 33, 33, 33, 33, 33, 33, 33, 33, 33, 33, 33, 33, 33, 33, 33, 33, 33]",135,"[0.4646654427051544, 0.4069441556930542, 0.39283668994903564, 0.38727954030036926, 0.383978009223938, 0.38133180141448975, 0.3790586590766907, 0.37719497084617615, 0.37558063864707947, 0.37411102652549744, 0.3728282153606415, 0.37169456481933594, 0.3706943392753601, 0.36961856484413147, 0.36868563294410706, 0.3676997125148773, 0.3668854832649231, 0.3660754859447479, 0.36539292335510254, 0.36455437541007996, 0.3637702167034149, 0.36313995718955994, 0.36245280504226685, 0.3618001937866211, 0.36115676164627075, 0.3604976236820221, 0.3599511384963989, 0.3593442142009735, 0.35867559909820557, 0.35813015699386597, 0.35752198100090027, 0.35686978697776794, 0.35622867941856384, 0.3556772470474243, 0.35509636998176575, 0.35456526279449463, 0.3539261221885681, 0.3533223867416382, 0.3527841866016388, 0.35222500562667847, 0.35173943638801575, 0.3511819541454315, 0.3505460023880005, 0.3500347435474396, 0.34938114881515503, 0.34878185391426086, 0.3482312262058258, 0.34760043025016785, 0.34709632396698, 0.3466266989707947, 0.3459979295730591, 0.3453490436077118, 0.3446919322013855, 0.34407883882522583, 0.3434484899044037, 0.3428269624710083, 0.3421528935432434, 0.3416222333908081, 0.3409377932548523, 0.34024426341056824, 0.3397621214389801, 0.33900612592697144, 0.33837664127349854, 0.3377240002155304, 0.33716410398483276, 0.33657553791999817, 0.3359222412109375, 0.3352285623550415, 0.3345492482185364, 0.33392786979675293, 0.33330264687538147, 0.33269476890563965, 0.3319590091705322, 0.3312654197216034, 0.3305736780166626, 0.32996928691864014, 0.3292251527309418, 0.3285090923309326, 0.3277736306190491, 0.32698649168014526, 0.32630690932273865, 0.3256043493747711, 0.3249744772911072, 0.3242014944553375, 0.32340431213378906, 0.32276755571365356, 0.32201912999153137, 0.32124999165534973, 0.3205051124095917, 0.3196726143360138, 0.3189021944999695, 0.31812357902526855, 0.3174618184566498, 0.3166247010231018, 0.3158852756023407, 0.31506451964378357, 0.31424444913864136, 0.3132869601249695, 0.3125351071357727, 0.31168729066848755, 0.3109149634838104, 0.3102341890335083, 0.30930331349372864, 0.3084426522254944, 0.30764636397361755, 0.3067842721939087, 0.30590590834617615, 0.3050451874732971, 0.30411937832832336, 0.30332449078559875, 0.30256396532058716, 0.30168160796165466, 0.3008129596710205, 0.30009758472442627, 0.2992495596408844, 0.29842475056648254, 0.2975725531578064, 0.2966979146003723, 0.2959306240081787, 0.29516246914863586, 0.2943251132965088, 0.2934800386428833, 0.292775958776474, 0.2919018566608429, 0.29115843772888184, 0.2902352809906006, 0.28962787985801697, 0.28895828127861023, 0.28806817531585693, 0.2873503267765045, 0.2866162359714508, 0.28581130504608154, 0.2850978374481201, 0.2844280004501343, 0.28365567326545715]",33.0,"[33.0, 33.0, 33.0, 33.0, 33.0, 33.0, 33.0, 33.0, 33.0, 33.0, 33.0, 33.0, 33.0, 33.0, 33.0, 33.0, 33.0, 33.0, 33.0, 33.0, 33.0, 33.0, 33.0, 33.0, 33.0, 33.0, 33.0, 33.0, 33.0, 33.0, 33.0, 33.0, 33.0, 33.0, 33.0, 33.0, 33.0, 33.0, 33.0, 33.0, 33.0, 33.0, 33.0, 33.0, 33.0, 33.0, 33.0, 33.0, 33.0, 33.0, 33.0, 33.0, 33.0, 33.0, 33.0, 33.0, 33.0, 33.0, 33.0, 33.0, 33.0, 33.0, 33.0, 33.0, 33.0, 33.0, 33.0, 33.0, 33.0, 33.0, 33.0, 33.0, 33.0, 33.0, 33.0, 33.0, 33.0, 33.0, 33.0, 33.0, 33.0, 33.0, 33.0, 33.0, 33.0, 33.0, 33.0, 33.0, 33.0, 33.0, 33.0, 33.0, 33.0, 33.0, 33.0, 33.0, 33.0, 33.0, 33.0, 33.0, 33.0, 33.0, 33.0, 33.0, 33.0, 33.0, 33.0, 33.0, 33.0, 33.0, 33.0, 33.0, 33.0, 33.0, 33.0, 33.0, 33.0, 33.0, 33.0, 33.0, 33.0, 33.0, 33.0, 33.0, 33.0, 33.0, 33.0, 33.0, 33.0, 33.0, 33.0, 33.0, 33.0, 33.0, 33.0]",COMPLETE
71,71,0.925480800195798,2024-08-31 03:27:36.100515,2024-08-31 03:28:10.202850,0 days 00:00:34.102335,16,6.92872137767557,5,90,0.0033670846623435565,40,0.0006116977173210235,0.929,0.925,9,"[33, 33, 33, 33, 33, 31, 21, 17, 15, 15, 15, 15, 15, 15, 15, 15, 14, 14, 14, 14, 14, 14, 14, 14, 14, 14, 14, 14, 13, 13, 13, 13, 13, 13, 13, 13, 13, 13, 13, 13, 13, 13, 13, 13, 13, 12, 12, 12, 12, 12, 11, 11, 10, 10, 10, 10, 10, 10, 10, 10, 10, 10, 10, 10, 10, 10, 10, 10, 10, 10, 10, 10, 10, 10, 10, 10, 10, 10, 10, 10, 10, 10, 10, 10, 10, 10, 10, 10, 10, 9]",8.990322580645163,"[32.95645161290322, 32.95241935483871, 32.95241935483871, 32.95161290322581, 32.94435483870968, 30.956451612903226, 20.96209677419355, 16.974999999999998, 14.981451612903223, 14.974193548387097, 14.981451612903227, 14.979032258064517, 14.980645161290324, 14.980645161290324, 14.983870967741936, 14.977419354838709, 13.975, 13.979032258064516, 13.978225806451613, 13.982258064516127, 13.983870967741936, 13.981451612903227, 13.979838709677418, 13.979032258064517, 13.986290322580645, 13.97983870967742, 13.97983870967742, 13.987903225806452, 12.985483870967741, 12.983064516129032, 12.985483870967741, 12.98225806451613, 12.984677419354838, 12.979032258064517, 12.979838709677418, 12.983870967741936, 12.98467741935484, 12.979838709677418, 12.983064516129033, 12.98225806451613, 12.983870967741938, 12.988709677419354, 12.980645161290324, 12.979838709677418, 12.983870967741936, 11.983064516129033, 11.984677419354838, 11.991935483870966, 11.985483870967741, 11.985483870967741, 10.989516129032257, 10.983870967741936, 9.990322580645161, 9.990322580645161, 9.990322580645161, 9.98225806451613, 9.98709677419355, 9.987903225806452, 9.989516129032259, 9.986290322580645, 9.983064516129032, 9.979838709677418, 9.987903225806452, 9.986290322580645, 9.987903225806452, 9.991935483870966, 9.984677419354838, 9.98709677419355, 9.987903225806452, 9.988709677419354, 9.988709677419356, 9.988709677419354, 9.988709677419354, 9.991129032258065, 9.98790322580645, 9.987096774193548, 9.99274193548387, 9.994354838709677, 9.988709677419354, 9.986290322580645, 9.985483870967741, 9.983064516129032, 9.990322580645163, 9.986290322580647, 9.984677419354838, 9.986290322580645, 9.98709677419355, 9.986290322580645, 9.990322580645161, 8.990322580645163]",0.919492400036328,0.925480800195798,9,"[33, 33, 33, 33, 33, 31, 21, 17, 15, 15, 15, 15, 15, 15, 15, 15, 14, 14, 14, 14, 14, 14, 14, 14, 14, 14, 14, 14, 13, 13, 13, 13, 13, 13, 13, 13, 13, 13, 13, 13, 13, 13, 13, 13, 13, 12, 12, 12, 12, 12, 11, 11, 10, 10, 10, 10, 10, 10, 10, 10, 10, 10, 10, 10, 10, 10, 10, 10, 10, 10, 10, 10, 10, 10, 10, 10, 10, 10, 10, 10, 10, 10, 10, 10, 10, 10, 10, 10, 10, 9]",90,"[0.3769031763076782, 0.3436787724494934, 0.3472196161746979, 0.36163756251335144, 0.2703544497489929, 0.2567993104457855, 0.2508710026741028, 0.2467826008796692, 0.22562430799007416, 0.2976475656032562, 0.2246287316083908, 0.2228337675333023, 0.21549592912197113, 0.20469075441360474, 0.20137076079845428, 0.21258823573589325, 0.2036900371313095, 0.20586982369422913, 0.19672927260398865, 0.19189445674419403, 0.19247612357139587, 0.18782585859298706, 0.19200283288955688, 0.187872976064682, 0.18724563717842102, 0.19100210070610046, 0.1825491487979889, 0.182181715965271, 0.1980585902929306, 0.20067168772220612, 0.20247913897037506, 0.2075328826904297, 0.20030008256435394, 0.19719360768795013, 0.20117297768592834, 0.19549934566020966, 0.2753617465496063, 0.21405670046806335, 0.19263462722301483, 0.19583362340927124, 0.19752094149589539, 0.19330140948295593, 0.21686376631259918, 0.19927793741226196, 0.19911330938339233, 0.19940033555030823, 0.22167082130908966, 0.21030503511428833, 0.19673272967338562, 0.26219385862350464, 0.21775466203689575, 0.21695493161678314, 0.20376616716384888, 0.20466023683547974, 0.19807244837284088, 0.2059495896100998, 0.20951898396015167, 0.20627574622631073, 0.2069210559129715, 0.20431680977344513, 0.20004865527153015, 0.19263696670532227, 0.20888157188892365, 0.19983701407909393, 0.20576320588588715, 0.19520030915737152, 0.192963644862175, 0.22257013618946075, 0.1944522112607956, 0.19364199042320251, 0.19795137643814087, 0.2114304006099701, 0.19402994215488434, 0.1980985701084137, 0.19762277603149414, 0.20420965552330017, 0.20158295333385468, 0.1987917572259903, 0.19447456300258636, 0.19868870079517365, 0.19562938809394836, 0.19908887147903442, 0.21180975437164307, 0.21075282990932465, 0.20469504594802856, 0.19751010835170746, 0.19915390014648438, 0.23401221632957458, 0.20539270341396332, 0.203323096036911]",9.0,"[33.0, 33.0, 33.0, 33.0, 33.0, 31.0, 21.0, 17.0, 15.0, 15.0, 15.0, 15.0, 15.0, 15.0, 15.0, 15.0, 14.0, 14.0, 14.0, 14.0, 14.0, 14.0, 14.0, 14.0, 14.0, 14.0, 14.0, 14.0, 13.0, 13.0, 13.0, 13.0, 13.0, 13.0, 13.0, 13.0, 13.0, 13.0, 13.0, 13.0, 13.0, 13.0, 13.0, 13.0, 13.0, 12.0, 12.0, 12.0, 12.0, 12.0, 11.0, 11.0, 10.0, 10.0, 10.0, 10.0, 10.0, 10.0, 10.0, 10.0, 10.0, 10.0, 10.0, 10.0, 10.0, 10.0, 10.0, 10.0, 10.0, 10.0, 10.0, 10.0, 10.0, 10.0, 10.0, 10.0, 10.0, 10.0, 10.0, 10.0, 10.0, 10.0, 10.0, 10.0, 10.0, 10.0, 10.0, 10.0, 10.0, 9.0]",COMPLETE
