,number,value,datetime_start,datetime_complete,duration,params_batch_size_scaler,params_constant_learning_rate,params_depth,params_epochs,params_kernel_l2,params_num_trees,params_temperature,user_attrs_accuracy_test,user_attrs_accuracy_valid,user_attrs_approximate_feature_sparsity,user_attrs_approximate_feature_sparsity_history,user_attrs_approximate_weight_sparsity,user_attrs_approximate_weight_sparsity_history,user_attrs_auc_test,user_attrs_auc_valid,user_attrs_feature_sparsity,user_attrs_feature_sparsity_history,user_attrs_num_epochs,user_attrs_val_loss_history,user_attrs_weight_sparsity,user_attrs_weight_sparsity_history,state
10,10,0.9131146062784197,2024-08-31 01:01:34.139902,2024-08-31 01:05:57.161672,0 days 00:04:23.021770,1,0.06338945474360357,2,395,0.06667898226840696,78,0.00013342789314026076,0.948,0.94375,31,"[33, 33, 33, 33, 33, 33, 33, 33, 33, 33, 33, 33, 33, 33, 33, 33, 33, 33, 33, 33, 33, 33, 33, 33, 33, 33, 33, 33, 33, 33, 33, 33, 33, 33, 33, 33, 33, 33, 33, 33, 33, 33, 33, 33, 33, 33, 33, 33, 33, 33, 33, 33, 33, 33, 33, 33, 33, 33, 33, 33, 33, 33, 33, 33, 33, 33, 33, 33, 33, 33, 33, 33, 33, 33, 33, 33, 33, 33, 33, 33, 33, 33, 33, 33, 33, 33, 33, 33, 33, 33, 33, 33, 33, 33, 33, 33, 33, 33, 33, 33, 33, 33, 33, 33, 33, 33, 32, 32, 32, 32, 32, 32, 32, 32, 32, 32, 32, 32, 32, 32, 32, 32, 32, 32, 32, 32, 32, 32, 32, 32, 32, 32, 32, 32, 32, 32, 32, 32, 32, 32, 32, 32, 32, 32, 32, 32, 32, 32, 32, 32, 32, 32, 32, 32, 32, 32, 32, 32, 32, 32, 32, 32, 32, 32, 32, 32, 32, 32, 32, 32, 32, 32, 32, 32, 32, 32, 32, 32, 32, 32, 32, 32, 32, 32, 32, 32, 32, 32, 32, 32, 32, 32, 32, 32, 32, 32, 32, 32, 32, 32, 32, 32, 32, 32, 32, 32, 32, 32, 32, 32, 32, 32, 32, 32, 32, 32, 32, 32, 32, 32, 32, 32, 32, 32, 32, 32, 32, 32, 32, 32, 32, 32, 32, 32, 32, 32, 31, 31, 31, 31, 31, 31, 31, 31, 31, 31, 31, 31, 31, 31, 31, 31, 31, 31, 31, 31, 31, 31, 31, 31, 31, 31, 31, 31, 31, 31, 31, 31, 31, 31, 31, 31, 31, 31, 31, 31, 31, 31, 31, 31, 31, 31, 31, 31, 31, 31, 31, 31, 31, 31, 31, 31, 31, 31, 31, 31, 31, 31, 31, 31, 31, 31, 31, 31, 31, 31, 31, 31, 31, 31, 31, 31, 31, 31, 31, 31, 31, 31, 31, 31, 31, 31, 31, 31, 31, 31, 31, 31, 31, 31, 31, 31, 31, 31, 31, 31, 31, 31, 31, 31, 31, 31, 31, 31, 31, 31, 31, 31, 31, 31, 31, 31, 31, 31, 31, 31, 31, 31, 31, 31, 31, 31, 31, 31, 31, 31, 31, 31, 31, 31, 31, 31, 31, 31, 31, 31, 31, 31, 31, 31, 31, 31, 31, 31, 31, 31, 31, 31, 31, 31, 31, 31, 31, 31, 31]",30.88034188034188,"[32.97008547008547, 32.965811965811966, 32.97863247863248, 32.98290598290598, 32.97435897435898, 32.99145299145299, 32.98290598290598, 32.97008547008547, 32.98717948717949, 32.97008547008547, 32.97863247863248, 32.97435897435898, 32.97863247863248, 32.98290598290598, 32.98717948717949, 32.98290598290598, 32.99145299145299, 32.97435897435897, 32.98290598290598, 32.952991452991455, 32.965811965811966, 32.99145299145299, 32.97863247863248, 32.98717948717949, 32.98717948717949, 32.97435897435897, 32.98290598290598, 32.98717948717949, 32.97435897435898, 32.97435897435898, 32.965811965811966, 32.98717948717949, 32.97435897435898, 32.97008547008547, 32.98290598290598, 32.98290598290598, 32.97435897435898, 32.97863247863248, 32.98290598290598, 32.99145299145299, 32.98290598290598, 32.965811965811966, 32.97435897435898, 32.952991452991455, 32.97008547008547, 32.98290598290598, 32.96153846153846, 32.97008547008547, 32.952991452991455, 32.97863247863248, 32.97863247863248, 32.97008547008547, 32.96153846153846, 32.98717948717949, 32.97435897435898, 32.97435897435898, 32.97863247863248, 32.98290598290598, 32.957264957264954, 32.97435897435898, 32.97863247863248, 32.957264957264954, 32.965811965811966, 32.97008547008547, 32.97008547008547, 32.97435897435897, 32.965811965811966, 32.957264957264954, 32.97435897435898, 32.96153846153846, 32.97008547008547, 32.957264957264954, 32.98290598290598, 32.965811965811966, 32.97008547008547, 32.952991452991455, 32.97435897435897, 32.965811965811966, 32.96153846153846, 32.952991452991455, 32.97435897435898, 32.957264957264954, 32.96153846153846, 32.96153846153846, 32.94871794871795, 32.94871794871795, 32.965811965811966, 32.97008547008547, 32.97435897435898, 32.995726495726494, 32.97435897435898, 32.98290598290598, 32.98717948717949, 32.97863247863248, 32.98290598290598, 32.98717948717949, 32.97863247863248, 32.96153846153846, 32.96153846153846, 32.965811965811966, 32.98290598290598, 32.940170940170944, 32.97008547008547, 32.965811965811966, 32.952991452991455, 32.94871794871795, 31.96153846153846, 31.944444444444443, 31.970085470085472, 31.978632478632477, 31.96153846153846, 31.96153846153846, 31.965811965811966, 31.965811965811966, 31.957264957264954, 31.952991452991455, 31.957264957264954, 31.957264957264957, 31.957264957264957, 31.957264957264957, 31.952991452991455, 31.965811965811966, 31.96153846153846, 31.978632478632477, 31.982905982905983, 31.957264957264954, 31.978632478632477, 31.970085470085472, 31.970085470085472, 31.965811965811966, 31.978632478632477, 31.97435897435897, 31.957264957264954, 31.982905982905983, 31.978632478632477, 31.970085470085472, 31.965811965811966, 31.965811965811966, 31.965811965811966, 31.970085470085472, 31.98717948717949, 31.970085470085472, 31.96153846153846, 31.974358974358974, 31.970085470085472, 31.94871794871795, 31.96153846153846, 31.965811965811966, 31.982905982905983, 31.965811965811966, 31.957264957264954, 31.978632478632477, 31.974358974358974, 31.978632478632477, 31.965811965811966, 31.98717948717949, 31.95299145299145, 31.94017094017094, 31.94871794871795, 31.957264957264957, 31.944444444444443, 31.944444444444443, 31.944444444444443, 31.923076923076923, 31.96153846153846, 31.94871794871795, 31.927350427350426, 31.935897435897438, 31.914529914529915, 31.96153846153846, 31.94871794871795, 31.927350427350426, 31.952991452991455, 31.94871794871795, 31.931623931623932, 31.96153846153846, 31.94017094017094, 31.978632478632477, 31.970085470085472, 31.940170940170937, 31.96153846153846, 31.957264957264954, 31.918803418803417, 31.970085470085472, 31.927350427350426, 31.94017094017094, 31.935897435897438, 31.96153846153846, 31.957264957264957, 31.965811965811966, 31.944444444444443, 31.957264957264954, 31.96153846153846, 31.965811965811966, 31.931623931623932, 31.94871794871795, 31.952991452991455, 31.952991452991455, 31.94017094017094, 31.92307692307692, 31.927350427350426, 31.952991452991455, 31.944444444444443, 31.935897435897438, 31.927350427350426, 31.96153846153846, 31.974358974358974, 31.935897435897438, 31.952991452991455, 31.965811965811966, 31.96153846153846, 31.931623931623932, 31.96153846153846, 31.970085470085472, 31.94017094017094, 31.957264957264957, 31.94017094017094, 31.94017094017094, 31.952991452991455, 31.944444444444443, 31.91880341880342, 31.94017094017094, 31.935897435897438, 31.970085470085472, 31.935897435897438, 31.965811965811966, 31.94017094017094, 31.957264957264954, 31.923076923076923, 31.944444444444443, 31.94871794871795, 31.935897435897438, 31.927350427350426, 31.940170940170937, 31.944444444444443, 31.952991452991455, 30.944444444444443, 30.94017094017094, 30.94871794871795, 30.96153846153846, 30.935897435897438, 30.952991452991455, 30.965811965811966, 30.965811965811966, 30.940170940170937, 30.957264957264957, 30.94871794871795, 30.92307692307692, 30.931623931623932, 30.94871794871795, 30.94871794871795, 30.923076923076923, 30.94871794871795, 30.923076923076923, 30.94017094017094, 30.923076923076923, 30.901709401709404, 30.923076923076923, 30.91880341880342, 30.91880341880342, 30.91880341880342, 30.927350427350426, 30.91880341880342, 30.94871794871795, 30.91880341880342, 30.931623931623932, 30.952991452991455, 30.923076923076923, 30.94017094017094, 30.935897435897438, 30.96153846153846, 30.91025641025641, 30.923076923076923, 30.931623931623932, 30.931623931623932, 30.91880341880342, 30.923076923076923, 30.91880341880342, 30.923076923076923, 30.927350427350426, 30.914529914529915, 30.94871794871795, 30.897435897435898, 30.927350427350426, 30.91880341880342, 30.901709401709404, 30.91025641025641, 30.89316239316239, 30.901709401709404, 30.944444444444443, 30.935897435897438, 30.931623931623932, 30.914529914529915, 30.931623931623932, 30.914529914529915, 30.944444444444443, 30.931623931623932, 30.935897435897438, 30.901709401709404, 30.931623931623932, 30.914529914529915, 30.888888888888886, 30.914529914529915, 30.927350427350426, 30.94017094017094, 30.92307692307692, 30.92307692307692, 30.91880341880342, 30.91880341880342, 30.94017094017094, 30.935897435897438, 30.923076923076923, 30.897435897435898, 30.923076923076923, 30.923076923076923, 30.914529914529915, 30.94871794871795, 30.888888888888893, 30.92307692307692, 30.901709401709404, 30.88034188034188, 30.927350427350426, 30.94871794871795, 30.91025641025641, 30.91025641025641, 30.91025641025641, 30.931623931623932, 30.927350427350426, 30.935897435897438, 30.931623931623932, 30.935897435897438, 30.923076923076923, 30.935897435897438, 30.935897435897438, 30.923076923076923, 30.927350427350426, 30.923076923076923, 30.931623931623932, 30.935897435897438, 30.935897435897438, 30.94871794871795, 30.927350427350426, 30.94017094017094, 30.91880341880342, 30.935897435897438, 30.91880341880342, 30.905982905982903, 30.927350427350426, 30.905982905982903, 30.89316239316239, 30.927350427350426, 30.87179487179487, 30.89316239316239, 30.88034188034188, 30.88034188034188, 30.89316239316239, 30.89316239316239, 30.850427350427353, 30.88888888888889, 30.89316239316239, 30.905982905982906, 30.86752136752137, 30.897435897435898, 30.884615384615387, 30.901709401709404, 30.91025641025641, 30.901709401709404, 30.897435897435898, 30.927350427350426, 30.901709401709404, 30.914529914529915, 30.927350427350426, 30.927350427350426, 30.91880341880342, 30.927350427350426, 30.914529914529915, 30.91025641025641, 30.897435897435898, 30.905982905982906, 30.923076923076923, 30.935897435897438, 30.86752136752137, 30.901709401709404, 30.876068376068375, 30.888888888888886, 30.897435897435898, 30.88034188034188, 30.923076923076923, 30.88034188034188, 30.89316239316239, 30.914529914529915, 30.901709401709404, 30.914529914529915, 30.863247863247864, 30.88034188034188]",0.9093123291969055,0.9131146062784197,31,"[33, 33, 33, 33, 33, 33, 33, 33, 33, 33, 33, 33, 33, 33, 33, 33, 33, 33, 33, 33, 33, 33, 33, 33, 33, 33, 33, 33, 33, 33, 33, 33, 33, 33, 33, 33, 33, 33, 33, 33, 33, 33, 33, 33, 33, 33, 33, 33, 33, 33, 33, 33, 33, 33, 33, 33, 33, 33, 33, 33, 33, 33, 33, 33, 33, 33, 33, 33, 33, 33, 33, 33, 33, 33, 33, 33, 33, 33, 33, 33, 33, 33, 33, 33, 33, 33, 33, 33, 33, 33, 33, 33, 33, 33, 33, 33, 33, 33, 33, 33, 33, 33, 33, 33, 33, 33, 32, 32, 32, 32, 32, 32, 32, 32, 32, 32, 32, 32, 32, 32, 32, 32, 32, 32, 32, 32, 32, 32, 32, 32, 32, 32, 32, 32, 32, 32, 32, 32, 32, 32, 32, 32, 32, 32, 32, 32, 32, 32, 32, 32, 32, 32, 32, 32, 32, 32, 32, 32, 32, 32, 32, 32, 32, 32, 32, 32, 32, 32, 32, 32, 32, 32, 32, 32, 32, 32, 32, 32, 32, 32, 32, 32, 32, 32, 32, 32, 32, 32, 32, 32, 32, 32, 32, 32, 32, 32, 32, 32, 32, 32, 32, 32, 32, 32, 32, 32, 32, 32, 32, 32, 32, 32, 32, 32, 32, 32, 32, 32, 32, 32, 32, 32, 32, 32, 32, 32, 32, 32, 32, 32, 32, 32, 32, 32, 32, 32, 31, 31, 31, 31, 31, 31, 31, 31, 31, 31, 31, 31, 31, 31, 31, 31, 31, 31, 31, 31, 31, 31, 31, 31, 31, 31, 31, 31, 31, 31, 31, 31, 31, 31, 31, 31, 31, 31, 31, 31, 31, 31, 31, 31, 31, 31, 31, 31, 31, 31, 31, 31, 31, 31, 31, 31, 31, 31, 31, 31, 31, 31, 31, 31, 31, 31, 31, 31, 31, 31, 31, 31, 31, 31, 31, 31, 31, 31, 31, 31, 31, 31, 31, 31, 31, 31, 31, 31, 31, 31, 31, 31, 31, 31, 31, 31, 31, 31, 31, 31, 31, 31, 31, 31, 31, 31, 31, 31, 31, 31, 31, 31, 31, 31, 31, 31, 31, 31, 31, 31, 31, 31, 31, 31, 31, 31, 31, 31, 31, 31, 31, 31, 31, 31, 31, 31, 31, 31, 31, 31, 31, 31, 31, 31, 31, 31, 31, 31, 31, 31, 31, 31, 31, 31, 31, 31, 31, 31, 31]",395,"[0.38379397988319397, 0.3729633390903473, 0.3626382052898407, 0.3541909158229828, 0.3548339009284973, 0.3386854827404022, 0.33231380581855774, 0.3239075541496277, 0.31394311785697937, 0.3173271417617798, 0.3051348328590393, 0.28729933500289917, 0.28279924392700195, 0.27497604489326477, 0.266581654548645, 0.2663160562515259, 0.25984594225883484, 0.26278916001319885, 0.26253193616867065, 0.2519654631614685, 0.2576737105846405, 0.24746853113174438, 0.242948517203331, 0.24175035953521729, 0.24343246221542358, 0.23670093715190887, 0.22978752851486206, 0.2289860099554062, 0.2288215458393097, 0.22564679384231567, 0.22697755694389343, 0.22430427372455597, 0.2270236760377884, 0.22219929099082947, 0.22486454248428345, 0.22074928879737854, 0.21882112324237823, 0.2350706309080124, 0.22200389206409454, 0.22403839230537415, 0.22556713223457336, 0.2177104949951172, 0.21894420683383942, 0.2176949381828308, 0.2198985069990158, 0.22141966223716736, 0.21489666402339935, 0.2246665358543396, 0.22308920323848724, 0.22330743074417114, 0.21923868358135223, 0.21323400735855103, 0.21034350991249084, 0.21121717989444733, 0.2156410813331604, 0.21065792441368103, 0.21174702048301697, 0.20967863500118256, 0.21316500008106232, 0.2178063988685608, 0.20594513416290283, 0.22217164933681488, 0.2088506817817688, 0.21073593199253082, 0.20702509582042694, 0.21064142882823944, 0.21585632860660553, 0.20870663225650787, 0.2110322117805481, 0.22075164318084717, 0.22500108182430267, 0.20953625440597534, 0.20573516190052032, 0.2083553820848465, 0.21095716953277588, 0.20709951221942902, 0.212539941072464, 0.20866689085960388, 0.20772136747837067, 0.20470398664474487, 0.2134253829717636, 0.19840466976165771, 0.2019941359758377, 0.20159807801246643, 0.20186388492584229, 0.20578186213970184, 0.21481777727603912, 0.19680069386959076, 0.20416219532489777, 0.2083672732114792, 0.22546270489692688, 0.2089884877204895, 0.2065889686346054, 0.20183953642845154, 0.20521077513694763, 0.20135506987571716, 0.20060797035694122, 0.20087403059005737, 0.20783960819244385, 0.19939954578876495, 0.21152938902378082, 0.20359013974666595, 0.19774220883846283, 0.21548524498939514, 0.20913034677505493, 0.21837127208709717, 0.21049848198890686, 0.2095843255519867, 0.195160374045372, 0.20149046182632446, 0.19618523120880127, 0.21073047816753387, 0.19848299026489258, 0.24853624403476715, 0.2014262080192566, 0.19731087982654572, 0.19881553947925568, 0.20310638844966888, 0.19944114983081818, 0.20781278610229492, 0.20361393690109253, 0.2022419422864914, 0.19907651841640472, 0.19873930513858795, 0.20611447095870972, 0.20974113047122955, 0.20776474475860596, 0.2008892446756363, 0.1989721655845642, 0.20437507331371307, 0.19818231463432312, 0.20683744549751282, 0.202053964138031, 0.20767149329185486, 0.21689413487911224, 0.2123432606458664, 0.19742126762866974, 0.20719194412231445, 0.21348311007022858, 0.20129543542861938, 0.19657820463180542, 0.20296607911586761, 0.20845840871334076, 0.19513458013534546, 0.1978282928466797, 0.20046481490135193, 0.1982799768447876, 0.2073744535446167, 0.20837938785552979, 0.21465426683425903, 0.20064744353294373, 0.20367535948753357, 0.21313801407814026, 0.19794008135795593, 0.20953844487667084, 0.2040809839963913, 0.20088933408260345, 0.22414886951446533, 0.20376308262348175, 0.20848548412322998, 0.20499344170093536, 0.20175990462303162, 0.2026827037334442, 0.20197300612926483, 0.19772209227085114, 0.229795441031456, 0.2053431123495102, 0.20035459101200104, 0.2162054032087326, 0.24231189489364624, 0.2031996101140976, 0.2102590799331665, 0.21090145409107208, 0.20622526109218597, 0.22322078049182892, 0.21803075075149536, 0.21558591723442078, 0.205832839012146, 0.2049349844455719, 0.202727809548378, 0.20332977175712585, 0.2054307907819748, 0.2085125744342804, 0.20421655476093292, 0.2155570238828659, 0.20964212715625763, 0.2087571918964386, 0.20928898453712463, 0.21016918122768402, 0.20384745299816132, 0.20828616619110107, 0.2140071839094162, 0.2147708684206009, 0.2032429575920105, 0.21226181089878082, 0.21582993865013123, 0.20770326256752014, 0.22549282014369965, 0.21253468096256256, 0.21706199645996094, 0.24817539751529694, 0.2124226689338684, 0.2137109786272049, 0.23636087775230408, 0.2277219146490097, 0.21525901556015015, 0.21278804540634155, 0.2172335982322693, 0.21252596378326416, 0.21501269936561584, 0.21956996619701385, 0.22437213361263275, 0.23112891614437103, 0.22174493968486786, 0.2128140777349472, 0.21202737092971802, 0.2276696264743805, 0.21840642392635345, 0.22241373360157013, 0.22134289145469666, 0.2262173593044281, 0.21499961614608765, 0.2175946682691574, 0.22243066132068634, 0.22575074434280396, 0.2155878096818924, 0.21976710855960846, 0.23330934345722198, 0.21462251245975494, 0.21819189190864563, 0.23120485246181488, 0.22195152938365936, 0.255516916513443, 0.21610745787620544, 0.21495430171489716, 0.2354326993227005, 0.22080524265766144, 0.24813753366470337, 0.21757781505584717, 0.2387351095676422, 0.22103387117385864, 0.22781376540660858, 0.22600452601909637, 0.22495891153812408, 0.22429873049259186, 0.23517799377441406, 0.22604157030582428, 0.2174025923013687, 0.2294628769159317, 0.21648429334163666, 0.22909919917583466, 0.23358727991580963, 0.22350946068763733, 0.24508367478847504, 0.22356024384498596, 0.23119620978832245, 0.237007275223732, 0.24093371629714966, 0.22828039526939392, 0.2397255003452301, 0.22137923538684845, 0.22428208589553833, 0.22757846117019653, 0.23050899803638458, 0.2405039221048355, 0.22625631093978882, 0.2298099398612976, 0.22794076800346375, 0.2328483760356903, 0.23539891839027405, 0.23205050826072693, 0.23128175735473633, 0.2348630279302597, 0.23776252567768097, 0.23051784932613373, 0.23562295734882355, 0.23370450735092163, 0.23437565565109253, 0.22789432108402252, 0.2290099710226059, 0.2345050424337387, 0.23393072187900543, 0.2375892847776413, 0.24971303343772888, 0.23836441338062286, 0.22450591623783112, 0.23622006177902222, 0.2364085167646408, 0.2392348051071167, 0.23959463834762573, 0.24406346678733826, 0.2329588681459427, 0.23972061276435852, 0.2465999275445938, 0.23599761724472046, 0.23871178925037384, 0.25210580229759216, 0.23758167028427124, 0.23818886280059814, 0.2500404119491577, 0.2417045533657074, 0.24131929874420166, 0.24447917938232422, 0.2494850754737854, 0.24687698483467102, 0.24226100742816925, 0.2511076331138611, 0.24132682383060455, 0.24693278968334198, 0.24706028401851654, 0.2479901760816574, 0.26378288865089417, 0.23555447161197662, 0.25217896699905396, 0.24445192515850067, 0.24324294924736023, 0.24765098094940186, 0.2385028451681137, 0.2397247552871704, 0.23874495923519135, 0.2548602819442749, 0.242775559425354, 0.25618988275527954, 0.2493467926979065, 0.24568293988704681, 0.2512756288051605, 0.24322852492332458, 0.24197040498256683, 0.2532811164855957, 0.24694116413593292, 0.24811212718486786, 0.24806490540504456, 0.255486398935318, 0.25680503249168396, 0.2551387548446655, 0.26187342405319214, 0.2534095346927643, 0.2534974217414856, 0.25454720854759216, 0.25092193484306335, 0.2570764422416687, 0.25832998752593994, 0.2490219622850418, 0.2544794976711273, 0.2522308826446533, 0.2569270431995392, 0.26270127296447754, 0.25651219487190247, 0.25777384638786316, 0.2518715560436249, 0.25260546803474426, 0.26327693462371826, 0.2604864239692688, 0.25250479578971863, 0.26353442668914795, 0.2637704908847809, 0.2704660892486572, 0.2578456997871399, 0.25943219661712646, 0.2576115131378174, 0.25935879349708557, 0.2555069923400879, 0.26139917969703674, 0.25354552268981934, 0.25278225541114807, 0.26093533635139465, 0.26130232214927673, 0.2648768723011017, 0.2704894542694092, 0.25880202651023865, 0.263085275888443, 0.2623306214809418, 0.28938132524490356, 0.2607092559337616, 0.2874308228492737, 0.2649644613265991, 0.2615543603897095, 0.2738432288169861, 0.262044757604599, 0.26730605959892273, 0.26550471782684326, 0.26872068643569946, 0.2681902050971985, 0.26562950015068054, 0.29353198409080505, 0.26924213767051697, 0.2726716995239258, 0.26460492610931396, 0.2937731444835663, 0.2740994095802307, 0.2711606025695801, 0.26599177718162537, 0.26045358180999756, 0.2796369791030884, 0.2705385684967041]",31.0,"[33.0, 33.0, 33.0, 33.0, 33.0, 33.0, 33.0, 33.0, 33.0, 33.0, 33.0, 33.0, 33.0, 33.0, 33.0, 33.0, 33.0, 33.0, 33.0, 33.0, 33.0, 33.0, 33.0, 33.0, 33.0, 33.0, 33.0, 33.0, 33.0, 33.0, 33.0, 33.0, 33.0, 33.0, 33.0, 33.0, 33.0, 33.0, 33.0, 33.0, 33.0, 33.0, 33.0, 33.0, 33.0, 33.0, 33.0, 33.0, 33.0, 33.0, 33.0, 33.0, 33.0, 33.0, 33.0, 33.0, 33.0, 33.0, 33.0, 33.0, 33.0, 33.0, 33.0, 33.0, 33.0, 33.0, 33.0, 33.0, 33.0, 33.0, 33.0, 33.0, 33.0, 33.0, 33.0, 33.0, 33.0, 33.0, 33.0, 33.0, 33.0, 33.0, 33.0, 33.0, 33.0, 33.0, 33.0, 33.0, 33.0, 33.0, 33.0, 33.0, 33.0, 33.0, 33.0, 33.0, 33.0, 33.0, 33.0, 33.0, 33.0, 33.0, 33.0, 33.0, 33.0, 33.0, 32.0, 32.0, 32.0, 32.0, 32.0, 32.0, 32.0, 32.0, 32.0, 32.0, 32.0, 32.0, 32.0, 32.0, 32.0, 32.0, 32.0, 32.0, 32.0, 32.0, 32.0, 32.0, 32.0, 32.0, 32.0, 32.0, 32.0, 32.0, 32.0, 32.0, 32.0, 32.0, 32.0, 32.0, 32.0, 32.0, 32.0, 32.0, 32.0, 32.0, 32.0, 32.0, 32.0, 32.0, 32.0, 32.0, 32.0, 32.0, 32.0, 32.0, 32.0, 32.0, 32.0, 32.0, 32.0, 32.0, 32.0, 32.0, 32.0, 32.0, 32.0, 32.0, 32.0, 32.0, 32.0, 32.0, 32.0, 32.0, 32.0, 32.0, 32.0, 32.0, 32.0, 32.0, 32.0, 32.0, 32.0, 32.0, 32.0, 32.0, 32.0, 32.0, 32.0, 32.0, 32.0, 32.0, 32.0, 32.0, 32.0, 32.0, 32.0, 32.0, 32.0, 32.0, 32.0, 32.0, 32.0, 32.0, 32.0, 32.0, 32.0, 32.0, 32.0, 32.0, 32.0, 32.0, 32.0, 32.0, 32.0, 32.0, 32.0, 32.0, 32.0, 32.0, 32.0, 32.0, 32.0, 32.0, 32.0, 32.0, 32.0, 32.0, 32.0, 32.0, 32.0, 32.0, 32.0, 32.0, 32.0, 32.0, 31.0, 31.0, 31.0, 31.0, 31.0, 31.0, 31.0, 31.0, 31.0, 31.0, 31.0, 31.0, 31.0, 31.0, 31.0, 31.0, 31.0, 31.0, 31.0, 31.0, 31.0, 31.0, 31.0, 31.0, 31.0, 31.0, 31.0, 31.0, 31.0, 31.0, 31.0, 31.0, 31.0, 31.0, 31.0, 31.0, 31.0, 31.0, 31.0, 31.0, 31.0, 31.0, 31.0, 31.0, 31.0, 31.0, 31.0, 31.0, 31.0, 31.0, 31.0, 31.0, 31.0, 31.0, 31.0, 31.0, 31.0, 31.0, 31.0, 31.0, 31.0, 31.0, 31.0, 31.0, 31.0, 31.0, 31.0, 31.0, 31.0, 31.0, 31.0, 31.0, 31.0, 31.0, 31.0, 31.0, 31.0, 31.0, 31.0, 31.0, 31.0, 31.0, 31.0, 31.0, 31.0, 31.0, 31.0, 31.0, 31.0, 31.0, 31.0, 31.0, 31.0, 31.0, 31.0, 31.0, 31.0, 31.0, 31.0, 31.0, 31.0, 31.0, 31.0, 31.0, 31.0, 31.0, 31.