,number,value,datetime_start,datetime_complete,duration,params_batch_size_scaler,params_constant_learning_rate,params_depth,params_epochs,params_kernel_l2,params_num_trees,params_temperature,user_attrs_accuracy_test,user_attrs_accuracy_valid,user_attrs_approximate_feature_sparsity,user_attrs_approximate_feature_sparsity_history,user_attrs_approximate_weight_sparsity,user_attrs_approximate_weight_sparsity_history,user_attrs_auc_test,user_attrs_auc_valid,user_attrs_feature_sparsity,user_attrs_feature_sparsity_history,user_attrs_num_epochs,user_attrs_val_loss_history,user_attrs_weight_sparsity,user_attrs_weight_sparsity_history,state
35,35,0.5,2024-08-31 01:56:57.992214,2024-08-31 01:59:45.892145,0 days 00:02:47.899931,4,7.063800779460904,6,45,0.6526738737324219,48,0.0008801785377217336,0.859,0.85875,0,"[12, 5, 4, 2, 2, 2, 2, 1, 0, 0, 0, 0, 0, 0, 0, 0, 0, 0, 0, 0, 0, 0, 0, 0, 0, 0, 0, 0, 0, 0, 0, 0, 0, 0, 0, 0, 0, 0, 0, 0, 0, 0, 0, 0, 0]",0.0,"[11.967261904761905, 4.9923941798941796, 3.994047619047619, 1.996362433862434, 1.9957010582010581, 1.9970238095238095, 1.9966931216931219, 0.9970238095238095, 0.0, 0.0, 0.0, 0.0, 0.0, 0.0, 0.0, 0.0, 0.0, 0.0, 0.0, 0.0, 0.0, 0.0, 0.0, 0.0, 0.0, 0.0, 0.0, 0.0, 0.0, 0.0, 0.0, 0.0, 0.0, 0.0, 0.0, 0.0, 0.0, 0.0, 0.0, 0.0, 0.0, 0.0, 0.0, 0.0, 0.0]",0.5,0.5,0,"[12, 5, 4, 2, 2, 2, 2, 1, 0, 0, 0, 0, 0, 0, 0, 0, 0, 0, 0, 0, 0, 0, 0, 0, 0, 0, 0, 0, 0, 0, 0, 0, 0, 0, 0, 0, 0, 0, 0, 0, 0, 0, 0, 0, 0]",45,"[0.34784993529319763, 0.3570251762866974, 0.3447423577308655, 0.3934840261936188, 0.37571215629577637, 0.3760007619857788, 0.37601950764656067, 0.4051719605922699, 0.4215702712535858, 0.4080384075641632, 0.41436317563056946, 0.4084852635860443, 0.41595590114593506, 0.45615553855895996, 0.4179571866989136, 0.4100251793861389, 0.4074915647506714, 0.40813717246055603, 0.4269082248210907, 0.4072655141353607, 0.42353352904319763, 0.407314270734787, 0.430796355009079, 0.44301003217697144, 0.42910927534103394, 0.49894389510154724, 0.4108394682407379, 0.4168415069580078, 0.4354415237903595, 0.44135981798171997, 0.4345260262489319, 0.4171588122844696, 0.43036049604415894, 0.4081680178642273, 0.42212510108947754, 0.4231293201446533, 0.41055724024772644, 0.45909106731414795, 0.47455987334251404, 0.4468969702720642, 0.4112255871295929, 0.40849873423576355, 0.4291039705276489, 0.4075791835784912, 0.4408031105995178]",0.0,"[12.0, 5.0, 4.0, 2.0, 2.0, 2.0, 2.0, 1.0, 0.0, 0.0, 0.0, 0.0, 0.0, 0.0, 0.0, 0.0, 0.0, 0.0, 0.0, 0.0, 0.0, 0.0, 0.0, 0.0, 0.0, 0.0, 0.0, 0.0, 0.0, 0.0, 0.0, 0.0, 0.0, 0.0, 0.0, 0.0, 0.0, 0.0, 0.0, 0.0, 0.0, 0.0, 0.0, 0.0, 0.0]",COMPLETE
36,36,0.5,2024-08-31 01:59:47.144470,2024-08-31 01:59:51.707060,0 days 00:00:04.562590,4,0.5610910519722597,1,10,0.48800026872497043,39,0.010094298578939903,0.859,0.85875,0,"[0, 0, 0, 0, 0, 0, 0, 0, 0, 0]",0.0,"[0.0, 0.0, 0.0, 0.0, 0.0, 0.0, 0.0, 0.0, 0.0, 0.0]",0.5,0.5,0,"[0, 0, 0, 0, 0, 0, 0, 0, 0, 0]",10,"[0.8507132530212402, 0.5047162175178528, 0.529849112033844, 0.5339636206626892, 0.4075727164745331, 0.41023921966552734, 0.4091781675815582, 0.4849832057952881, 0.6369724869728088, 1.817954421043396]",0.0,"[0.0, 0.0, 0.0, 0.0, 0.0, 0.0, 0.0, 0.0, 0.0, 0.0]",COMPLETE
37,37,0.7021421854671458,2024-08-31 01:59:52.747280,2024-08-31 02:02:10.174959,0 days 00:02:17.427679,16,0.06045620847018681,6,120,0.63981203274156,53,0.050510766676457465,0.863,0.86125,33,"[33, 33, 33, 33, 33, 33, 33, 33, 33, 33, 33, 33, 33, 33, 33, 33, 33, 33, 33, 33, 33, 33, 33, 33, 33, 33, 33, 33, 33, 33, 33, 33, 33, 33, 33, 33, 33, 33, 33, 33, 33, 33, 33, 33, 33, 33, 33, 33, 33, 33, 33, 33, 33, 33, 33, 33, 33, 33, 33, 33, 33, 33, 33, 33, 33, 33, 33, 33, 33, 33, 33, 33, 33, 33, 33, 33, 33, 33, 33, 33, 33, 33, 33, 33, 33, 33, 33, 33, 33, 33, 33, 33, 33, 33, 33, 33, 33, 33, 33, 33, 33, 33, 33, 33, 33, 33, 33, 33, 33, 33, 33, 33, 33, 33, 33, 33, 33, 33, 33, 33]",32.92063492063492,"[32.917939502845165, 32.91464510332435, 32.916442048517524, 32.919436957172806, 32.92063492063492, 32.918837975441754, 32.92273135669362, 32.9215333932315, 32.921533393231506, 32.91793950284516, 32.92003593890386, 32.915543575920935, 32.91374663072776, 32.915244085055406, 32.915244085055406, 32.91674153938305, 32.917041030248576, 32.916442048517524, 32.91404612159329, 32.9131476489967, 32.914944594189876, 32.914944594189876, 32.91464510332435, 32.91434561245882, 32.911350703803535, 32.90985324947589, 32.90985324947589, 32.911650194669065, 32.9194369571728, 32.91853848457622, 32.919436957172806, 32.92033542976939, 32.915244085055406, 32.915543575920935, 32.909853249475894, 32.91404612159329, 32.911650194669065, 32.912848158131176, 32.914944594189876, 32.917340521114106, 32.916442048517524, 32.91883797544175, 32.91793950284516, 32.92093441150045, 32.91644204851752, 32.919436957172806, 32.915843066786465, 32.917041030248576, 32.917939502845165, 32.91823899371069, 32.917939502845165, 32.91644204851752, 32.920035938903865, 32.922132374962565, 32.92512728361785, 32.92482779275232, 32.92123390236598, 32.92213237496256, 32.919436957172806, 32.920035938903865, 32.92063492063492, 32.920035938903865, 32.91883797544175, 32.915244085055406, 32.916142557651995, 32.915843066786465, 32.915843066786465, 32.917041030248576, 32.917640011979636, 32.919436957172806, 32.919736448038336, 32.92003593890386, 32.919137466307276, 32.922431865828095, 32.923629829290206, 32.928721174004195, 32.92722371967655, 32.92752321054208, 32.928421683138666, 32.928122192273136, 32.922731356693625, 32.92093441150045, 32.920934411500454, 32.921832884097036, 32.91913746630728, 32.919736448038336, 32.919436957172806, 32.91883797544175, 32.92273135669362, 32.923629829290206, 32.92422881102126, 32.92512728361785, 32.920634920634924, 32.921832884097036, 32.919436957172806, 32.92093441150045, 32.921832884097036, 32.921533393231506, 32.92482779275232, 32.92273135669362, 32.92482779275232, 32.92452830188679, 32.923629829290206, 32.922431865828095, 32.923629829290206, 32.924528301886795, 32.92303084755915, 32.923929320155736, 32.921533393231506, 32.92003593890386, 32.922132374962565, 32.922132374962565, 32.92572626534891, 32.92333033842468, 32.924528301886795, 32.921533393231506, 32.92033542976939, 32.91883797544175, 32.92003593890386, 32.92063492063492]",0.7382739289459127,0.7021421854671458,33,"[33, 33, 33, 33, 33, 33, 33, 33, 33, 33, 33, 33, 33, 33, 33, 33, 33, 33, 33, 33, 33, 33, 33, 33, 33, 33, 33, 33, 33, 33, 33, 33, 33, 33, 33, 33, 33, 33, 33, 33, 33, 33, 33, 33, 33, 33, 33, 33, 33, 33, 33, 33, 33, 33, 33, 33, 33, 33, 33, 33, 33, 33, 33, 33, 33, 33, 33, 33, 33, 33, 33, 33, 33, 33, 33, 33, 33, 33, 33, 33, 33, 33, 33, 33, 33, 33, 33, 33, 33, 33, 33, 33, 33, 33, 33, 33, 33, 33, 33, 33, 33, 33, 33, 33, 33, 33, 33, 33, 33, 33, 33, 33, 33, 33, 33, 33, 33, 33, 33, 33]",120,"[0.6084299087524414, 0.5195543766021729, 0.474404901266098, 0.4499691128730774, 0.4358201324939728, 0.4270320236682892, 0.42134150862693787, 0.41752952337265015, 0.414756178855896, 0.4127116799354553, 0.4110611081123352, 0.409780353307724, 0.40866827964782715, 0.4076787829399109, 0.4068232774734497, 0.40601155161857605, 0.4052303731441498, 0.4045346975326538, 0.4038499891757965, 0.4032110869884491, 0.4025783836841583, 0.40200328826904297, 0.4014473259449005, 0.4008781909942627, 0.4003366231918335, 0.39980944991111755, 0.39931607246398926, 0.3988367021083832, 0.3983380198478699, 0.39787471294403076, 0.3974173665046692, 0.39697882533073425, 0.39654892683029175, 0.396137535572052, 0.3957364559173584, 0.39535418152809143, 0.3949470520019531, 0.39455854892730713, 0.39417243003845215, 0.39381295442581177, 0.3934771716594696, 0.3931187689304352, 0.39277318120002747, 0.3924294710159302, 0.3920916020870209, 0.39178940653800964, 0.3914736211299896, 0.39118626713752747, 0.3908865749835968, 0.39060160517692566, 0.39029747247695923, 0.3900061547756195, 0.3897239565849304, 0.38944342732429504, 0.3891972303390503, 0.388930082321167, 0.38865989446640015, 0.3884168863296509, 0.38817092776298523, 0.3879229724407196, 0.38768020272254944, 0.38744303584098816, 0.3872074782848358, 0.3869665563106537, 0.3867327570915222, 0.3865203857421875, 0.38629814982414246, 0.3860774338245392, 0.38588428497314453, 0.38567638397216797, 0.3854581415653229, 0.38525718450546265, 0.38506871461868286, 0.3848678171634674, 0.38466644287109375, 0.3844826817512512, 0.3843097984790802, 0.3841235637664795, 0.38394901156425476, 0.38379761576652527, 0.3836239278316498, 0.38345620036125183, 0.3832859694957733, 0.38310176134109497, 0.38292405009269714, 0.3827499449253082, 0.38256779313087463, 0.3823825418949127, 0.3822292387485504, 0.382059246301651, 0.3818928003311157, 0.3817436099052429, 0.3815820813179016, 0.3814260959625244, 0.3812674582004547, 0.38110852241516113, 0.380949467420578, 0.3808126151561737, 0.3806628882884979, 0.38051605224609375, 0.3803701102733612, 0.38023442029953003, 0.3800799548625946, 0.379940003156662, 0.3797842860221863, 0.37962663173675537, 0.37947696447372437, 0.37933388352394104, 0.3791942298412323, 0.3790529668331146, 0.37891215085983276, 0.3787757456302643, 0.3786562979221344, 0.3785218298435211, 0.3783975839614868, 0.3782777786254883, 0.3781549334526062, 0.3780183792114258, 0.37789809703826904, 0.37776288390159607]",33.0,"[33.0, 33.0, 33.0, 33.0, 33.0, 33.0, 33.0, 33.0, 33.0, 33.0, 33.0, 33.0, 33.0, 33.0, 33.0, 33.0, 33.0, 33.0, 33.0, 33.0, 33.0, 33.0, 33.0, 33.0, 33.0, 33.0, 33.0, 33.0, 33.0, 33.0, 33.0, 33.0, 33.0, 33.0, 33.0, 33.0, 33.0, 33.0, 33.0, 33.0, 33.0, 33.0, 33.0, 33.0, 33.0, 33.0, 33.0, 33.0, 33.0, 33.0, 33.0, 33.0, 33.0, 33.0, 33.0, 33.0, 33.0, 33.0, 33.0, 33.0, 33.0, 33.0, 33.0, 33.0, 33.0, 33.0, 33.0, 33.0, 33.0, 33.0, 33.0, 33.0, 33.0, 33.0, 33.0, 33.0, 33.0, 33.0, 33.0, 33.0, 33.0, 33.0, 33.0, 33.0, 33.0, 33.0, 33.0, 33.0, 33.0, 33.0, 33.0, 33.0, 33.0, 33.0, 33.0, 33.0, 33.0, 33.0, 33.0, 33.0, 33.0, 33.0, 33.0, 33.0, 33.0, 33.0, 33.0, 33.0, 33.0, 33.0, 33.0, 33.0, 33.0, 33.0, 33.0, 33.0, 33.0, 33.0, 33.0, 33.0]",COMPLETE
38,38,0.5,2024-08-31 02:02:11.320721,2024-08-31 02:10:53.536573,0 days 00:08:42.215852,1,7.3831186575605505,6,170,0.0015063854621109312,15,0.028687586845482855,0.859,0.85875,0,"[0, 0, 0, 0, 0, 0, 0, 0, 0, 0, 0, 0, 0, 0, 0, 0, 0, 0, 0, 0, 0, 0, 0, 0, 0, 0, 0, 0, 0, 0, 0, 0, 0, 0, 0, 0, 0, 0, 0, 0, 0, 0, 0, 0, 0, 0, 0, 0, 0, 0, 0, 0, 0, 0, 0, 0, 0, 0, 0, 0, 0, 0, 0, 0, 0, 0, 0, 0, 0, 0, 0, 0, 0, 0, 0, 0, 0, 0, 0, 0, 0, 0, 0, 0, 0, 0, 0, 0, 0, 0, 0, 0, 0, 0, 0, 0, 0, 0, 0, 0, 0, 0, 0, 0, 0, 0, 0, 0, 0, 0, 0, 0, 0, 0, 0, 0, 0, 0, 0, 0, 0, 0, 0, 0, 0, 0, 0, 0, 0, 0, 0, 0, 0, 0, 0, 0, 0, 0, 0, 0, 0, 0, 0, 0, 0, 0, 0, 0, 0, 0, 0, 0, 0, 0, 0, 0, 0, 0, 0, 0, 0, 0, 0, 0, 0, 0, 0, 0, 0, 0]",0.0,"[0.0, 0.0, 0.0, 0.0, 0.0, 0.0, 0.0, 0.0, 0.0, 0.0, 0.0, 0.0, 0.0, 0.0, 0.0, 0.0, 0.0, 0.0, 0.0, 0.0, 0.0, 0.0, 0.0, 0.0, 0.0, 0.0, 0.0, 0.0, 0.0, 0.0, 0.0, 0.0, 0.0, 0.0, 0.0, 0.0, 0.0, 0.0, 0.0, 0.0, 0.0, 0.0, 0.0, 0.0, 0.0, 0.0, 0.0, 0.0, 0.0, 0.0, 0.0, 0.0, 0.0, 0.0, 0.0, 0.0, 0.0, 0.0, 0.0, 0.0, 0.0, 0.0, 0.0, 0.0, 0.0, 0.0, 0.0, 0.0, 0.0, 0.0, 0.0, 0.0, 0.0, 0.0, 0.0, 0.0, 0.0, 0.0, 0.0, 0.0, 0.0, 0.0, 0.0, 0.0, 0.0, 0.0, 0.0, 0.0, 0.0, 0.0, 0.0, 0.0, 0.0, 0.0, 0.0, 0.0, 0.0, 0.0, 0.0, 0.0, 0.0, 0.0, 0.0, 0.0, 0.0, 0.0, 0.0, 0.0, 0.0, 0.0, 0.0, 0.0, 0.0, 0.0, 0.0, 0.0, 0.0, 0.0, 0.0, 0.0, 0.0, 0.0, 0.0, 0.0, 0.0, 0.0, 0.0, 0.0, 0.0, 0.0, 0.0, 0.0, 0.0, 0.0, 0.0, 0.0, 0.0, 0.0, 0.0, 0.0, 0.0, 0.0, 0.0, 0.0, 0.0, 0.0, 0.0, 0.0, 0.0, 0.0, 0.0, 0.0, 0.0, 0.0, 0.0, 0.0, 0.0, 0.0, 0.0, 0.0, 0.0, 0.0, 0.0, 0.0, 0.0, 0.0, 0.0, 0.0, 0.0, 0.0]",0.5,0.5,0,"[0, 0, 0, 0, 0, 0, 0, 0, 0, 0, 0, 0, 0, 0, 0, 0, 0, 0, 0, 0, 0, 0, 0, 0, 0, 0, 0, 0, 0, 0, 0, 0, 0, 0, 0, 0, 0, 0, 0, 0, 0, 0, 0, 0, 0, 0, 0, 0, 0, 0, 0, 0, 0, 0, 0, 0, 0, 0, 0, 0, 0, 0, 0, 0, 0, 0, 0, 0, 0, 0, 0, 0, 0, 0, 0, 0, 0, 0, 0, 0, 0, 0, 0, 0, 0, 0, 0, 0, 0, 0, 0, 0, 0, 0, 0, 0, 0, 0, 0, 0, 0, 0, 0, 0, 0, 0, 0, 0, 0, 0, 0, 0, 0, 0, 0, 0, 0, 0, 0, 0, 0, 0, 0, 0, 0, 0, 0, 0, 0, 0, 0, 0, 0, 0, 0, 0, 0, 0, 0, 0, 0, 0, 0, 0, 0, 0, 0, 0, 0, 0, 0, 0, 0, 0, 0, 0, 0, 0, 0, 0, 0, 0, 0, 0, 0, 0, 0, 0, 0, 0]",170,"[0.40724804997444153, 0.4101943075656891, 0.41631367802619934, 0.4132397472858429, 0.41702336072921753, 0.4163973331451416, 0.4335362911224365, 0.4081806242465973, 0.4157792925834656, 0.4081587493419647, 0.4203895926475525, 0.41629818081855774, 0.40913158655166626, 0.4177533984184265, 0.4116336703300476, 0.42810389399528503, 0.4150497019290924, 0.4088077247142792, 0.40873563289642334, 0.41410812735557556, 0.4120604395866394, 0.4081791639328003, 0.4227450489997864, 0.4121917486190796, 0.4145747721195221, 0.4074268639087677, 0.4084479510784149, 0.42024052143096924, 0.40725311636924744, 0.4214904308319092, 0.4239766597747803, 0.40772736072540283, 0.44871288537979126, 0.41416987776756287, 0.40911248326301575, 0.40979087352752686, 0.42122960090637207, 0.4310758113861084, 0.4076879918575287, 0.41587159037590027, 0.41045069694519043, 0.41059550642967224, 0.40750938653945923, 0.40724533796310425, 0.4072471261024475, 0.4196908175945282, 0.4088199734687805, 0.4113806188106537, 0.41523197293281555, 0.4075775444507599, 0.40732109546661377, 0.4125424921512604, 0.4150421917438507, 0.412259966135025, 0.4189539849758148, 0.4099351763725281, 0.4074324667453766, 0.42520445585250854, 0.40734153985977173, 0.4088105261325836, 0.40888911485671997, 0.40763458609580994, 0.41084399819374084, 0.4074600636959076, 0.4156595468521118, 0.4161809980869293, 0.43136900663375854, 0.4143660366535187, 0.4072796702384949, 0.4072851836681366, 0.40726765990257263, 0.40856045484542847, 0.41576945781707764, 0.4115322232246399, 0.4109572470188141, 0.41936561465263367, 0.40777385234832764, 0.40946269035339355, 0.40733352303504944, 0.4168846011161804, 0.4115974009037018, 0.4215177297592163, 0.40725716948509216, 0.4211443066596985, 0.42019298672676086, 0.4075293242931366, 0.40934979915618896, 0.4149404466152191, 0.41438543796539307, 0.41712313890457153, 0.40758228302001953, 0.4072484076023102, 0.40762054920196533, 0.4072909951210022, 0.4577069580554962, 0.4099085330963135, 0.4333525598049164, 0.40875953435897827, 0.4113348126411438, 0.41008469462394714, 0.40935489535331726, 0.4466831684112549, 0.45194900035858154, 0.40993979573249817, 0.40878185629844666, 0.40728527307510376, 0.4096924662590027, 0.4339105486869812, 0.4137708246707916, 0.4101164937019348, 0.41813573241233826, 0.4184816777706146, 0.44126570224761963, 0.4074663519859314, 0.41723018884658813, 0.4087943732738495, 0.4119238555431366, 0.41313597559928894, 0.420655220746994, 0.4116166830062866, 0.41268783807754517, 0.4161840081214905, 0.4076618254184723, 0.41060855984687805, 0.40793824195861816, 0.40914222598075867, 0.4151618182659149, 0.40969017148017883, 0.40752142667770386, 0.42148369550704956, 0.42257556319236755, 0.4180551767349243, 0.40768176317214966, 0.43235909938812256, 0.4113442897796631, 0.4290865957736969, 0.4150395691394806, 0.4091266989707947, 0.4113994240760803, 0.41273701190948486, 0.4188615679740906, 0.40829387307167053, 0.41100987792015076, 0.4074232578277588, 0.42952635884284973, 0.4077742397785187, 0.4160635471343994, 0.42542704939842224, 0.4084017276763916, 0.41239073872566223, 0.4077329635620117, 0.408310204744339, 0.4079669117927551, 0.41521933674812317, 0.4337812066078186, 0.41064518690109253, 0.41595813632011414, 0.4217050075531006, 0.41519153118133545, 0.4227887690067291, 0.428087055683136, 0.4072926640510559, 0.408974826335907, 0.4073469638824463, 0.40866467356681824, 0.40945661067962646, 0.41106727719306946, 0.4310266077518463, 0.4095075726509094, 0.4142335057258606]",0.0,"[0.0, 0.0, 0.0, 0.0, 0.0, 0.0, 0.0, 0.0, 0.0, 0.0, 0.0, 0.0, 0.0, 0.0, 0.0, 0.0, 0.0, 0.0, 0.0, 0.0, 0.0, 0.0, 0.0, 0.0, 0.0, 0.0, 0.0, 0.0, 0.0, 0.0, 0.0, 0.0, 0.0, 0.0, 0.0, 0.0, 0.0, 0.0, 0.0, 0.0, 0.0, 0.0, 0.0, 0.0, 0.0, 0.0, 0.0, 0.0, 0.0, 0.0, 0.0, 0.0, 0.0, 0.0, 0.0, 0.0, 0.0, 0.0, 0.0, 0.0, 0.0, 0.0, 0.0, 0.0, 0.0, 0.0, 0.0, 0.0, 0.0, 0.0, 0.0, 0.0, 0.0, 0.0, 0.0, 0.0, 0.0, 0.0, 0.0, 0.0, 0.0, 0.0, 0.0, 0.0, 0.0, 0.0, 0.0, 0.0, 0.0, 0.0, 0.0, 0.0, 0.0, 0.0, 0.0, 0.0, 0.0, 0.0, 0.0, 0.0, 0.0, 0.0, 0.0, 0.0, 0.0, 0.0, 0.0, 0.0, 0.0, 0.0, 0.0, 0.0, 0.0, 0.0, 0.0, 0.0, 0.0, 0.0, 0.0, 0.0, 0.0, 0.0, 0.0, 0.0, 0.0, 0.0, 0.0, 0.0, 0.0, 0.0, 0.0, 0.0, 0.0, 0.0, 0.0, 0.0, 0.0, 0.0, 0.0, 0.0, 0.0, 0.0, 0.0, 0.0, 0.0, 0.0, 0.0, 0.0, 0.0, 0.0, 0.0, 0.0, 0.0, 0.0, 0.0, 0.0, 0.0, 0.0, 0.0, 0.0, 0.0, 0.0, 0.0, 0.0, 0.0, 0.0, 0.0, 0.0, 0.0, 0.0]",COMPLETE
