,number,value,datetime_start,datetime_complete,duration,params_batch_size_scaler,params_constant_learning_rate,params_depth,params_epochs,params_kernel_l2,params_num_trees,params_temperature,user_attrs_accuracy_test,user_attrs_accuracy_valid,user_attrs_approximate_feature_sparsity,user_attrs_approximate_feature_sparsity_history,user_attrs_approximate_weight_sparsity,user_attrs_approximate_weight_sparsity_history,user_attrs_auc_test,user_attrs_auc_valid,user_attrs_feature_sparsity,user_attrs_feature_sparsity_history,user_attrs_num_epochs,user_attrs_val_loss_history,user_attrs_weight_sparsity,user_attrs_weight_sparsity_history,state
127,127,0.9420205845602917,2024-08-31 05:26:12.073261,2024-08-31 05:30:45.798240,0 days 00:04:33.724979,4,0.658904968454292,6,215,0.0022835856503346913,25,0.0009477240089336375,0.949,0.95625,17,"[33, 33, 33, 33, 33, 33, 33, 33, 33, 33, 33, 33, 33, 32, 26, 23, 19, 18, 18, 17, 17, 17, 17, 17, 17, 17, 17, 17, 17, 17, 17, 17, 17, 17, 17, 17, 17, 17, 17, 17, 17, 17, 17, 17, 17, 17, 17, 17, 17, 17, 17, 17, 17, 17, 17, 17, 17, 17, 17, 17, 17, 17, 17, 17, 17, 17, 17, 17, 17, 17, 17, 17, 17, 17, 17, 17, 17, 17, 17, 17, 17, 17, 17, 17, 17, 17, 17, 17, 17, 17, 17, 17, 17, 17, 17, 17, 17, 17, 17, 17, 17, 17, 17, 17, 17, 17, 17, 17, 17, 17, 17, 17, 17, 17, 17, 17, 17, 17, 17, 17, 17, 17, 17, 17, 17, 17, 17, 17, 17, 17, 17, 17, 17, 17, 17, 17, 17, 17, 17, 17, 17, 17, 17, 17, 17, 17, 17, 17, 17, 17, 17, 17, 17, 17, 17, 17, 17, 17, 17, 17, 17, 17, 17, 17, 17, 17, 17, 17, 17, 17, 17, 17, 17, 17, 17, 17, 17, 17, 17, 17, 17, 17, 17, 17, 17, 17, 17, 17, 17, 17, 17, 17, 17, 17, 17, 17, 17, 17, 17, 17, 17, 17, 17, 17, 17, 17, 17, 17, 17, 17, 17, 17, 17, 17, 17]",16.972698412698414,"[32.944761904761904, 32.95301587301587, 32.95936507936508, 32.94984126984127, 32.94285714285714, 32.94920634920635, 32.94984126984127, 32.935873015873014, 32.94285714285714, 32.94920634920635, 32.94539682539683, 32.952380952380956, 32.946666666666665, 31.947936507936504, 25.95047619047619, 22.959365079365078, 18.96825396825397, 17.977142857142855, 17.973968253968252, 16.975873015873017, 16.976507936507936, 16.984126984126984, 16.974603174603175, 16.978412698412697, 16.970793650793652, 16.97714285714286, 16.976507936507936, 16.973333333333336, 16.977777777777778, 16.975873015873013, 16.973333333333333, 16.984126984126984, 16.9815873015873, 16.97714285714286, 16.978412698412697, 16.98349206349206, 16.984126984126984, 16.982857142857142, 16.97968253968254, 16.977777777777778, 16.982222222222223, 16.976507936507936, 16.975873015873017, 16.978412698412697, 16.97079365079365, 16.976507936507936, 16.97904761904762, 16.975238095238094, 16.975873015873017, 16.976507936507936, 16.976507936507936, 16.970793650793652, 16.975238095238097, 16.973333333333333, 16.977142857142855, 16.980317460317462, 16.97904761904762, 16.979682539682543, 16.975873015873017, 16.975873015873017, 16.977777777777778, 16.972698412698414, 16.977142857142855, 16.975873015873017, 16.9815873015873, 16.982222222222223, 16.984126984126984, 16.984126984126984, 16.983492063492065, 16.985396825396826, 16.976507936507936, 16.98095238095238, 16.9784126984127, 16.98095238095238, 16.983492063492065, 16.976507936507936, 16.977777777777778, 16.973968253968252, 16.980317460317462, 16.97904761904762, 16.975873015873013, 16.973968253968255, 16.973333333333336, 16.981587301587304, 16.980317460317462, 16.97968253968254, 16.97968253968254, 16.978412698412697, 16.980317460317462, 16.982222222222223, 16.976507936507936, 16.975238095238097, 16.977777777777778, 16.97206349206349, 16.975873015873017, 16.981587301587304, 16.984761904761903, 16.983492063492065, 16.98222222222222, 16.982857142857142, 16.9815873015873, 16.973968253968252, 16.97714285714286, 16.973968253968255, 16.975873015873017, 16.97650793650794, 16.974603174603175, 16.972698412698414, 16.978412698412697, 16.97904761904762, 16.97714285714286, 16.977777777777778, 16.97142857142857, 16.970793650793652, 16.97015873015873, 16.972698412698414, 16.974603174603175, 16.975238095238094, 16.97904761904762, 16.973968253968252, 16.979047619047616, 16.974603174603175, 16.97714285714286, 16.975238095238097, 16.975873015873017, 16.973333333333333, 16.96952380952381, 16.975238095238097, 16.975238095238094, 16.973333333333333, 16.97904761904762, 16.974603174603175, 16.97142857142857, 16.98095238095238, 16.977142857142855, 16.975873015873017, 16.975873015873017, 16.97714285714286, 16.975238095238097, 16.977142857142855, 16.97714285714286, 16.982222222222223, 16.97904761904762, 16.9815873015873, 16.97904761904762, 16.979682539682543, 16.98095238095238, 16.97968253968254, 16.9815873015873, 16.9815873015873, 16.97904761904762, 16.9815873015873, 16.97968253968254, 16.977777777777778, 16.97714285714286, 16.972698412698414, 16.976507936507936, 16.976507936507936, 16.97777777777778, 16.979047619047616, 16.975238095238094, 16.977777777777778, 16.982857142857142, 16.977142857142855, 16.98095238095238, 16.98095238095238, 16.984126984126984, 16.976507936507936, 16.977142857142855, 16.97079365079365, 16.975238095238094, 16.978412698412697, 16.97904761904762, 16.9784126984127, 16.973333333333333, 16.975238095238094, 16.978412698412697, 16.972698412698414, 16.976507936507936, 16.982222222222223, 16.975873015873017, 16.97904761904762, 16.977777777777778, 16.975873015873017, 16.982857142857142, 16.977777777777778, 16.978412698412697, 16.977777777777778, 16.975238095238094, 16.97904761904762, 16.979047619047616, 16.976507936507936, 16.975873015873013, 16.978412698412697, 16.97714285714286, 16.975873015873017, 16.972698412698414, 16.973333333333333, 16.967619047619046, 16.976507936507936, 16.974603174603175, 16.97904761904762, 16.97650793650794, 16.972698412698414, 16.974603174603175, 16.97015873015873, 16.978412698412697, 16.97206349206349, 16.97015873015873, 16.97142857142857, 16.973968253968252, 16.975238095238094, 16.975238095238094, 16.975238095238094, 16.972698412698414]",0.9065134289417845,0.9420205845602917,17,"[33, 33, 33, 33, 33, 33, 33, 33, 33, 33, 33, 33, 33, 32, 26, 23, 19, 18, 18, 17, 17, 17, 17, 17, 17, 17, 17, 17, 17, 17, 17, 17, 17, 17, 17, 17, 17, 17, 17, 17, 17, 17, 17, 17, 17, 17, 17, 17, 17, 17, 17, 17, 17, 17, 17, 17, 17, 17, 17, 17, 17, 17, 17, 17, 17, 17, 17, 17, 17, 17, 17, 17, 17, 17, 17, 17, 17, 17, 17, 17, 17, 17, 17, 17, 17, 17, 17, 17, 17, 17, 17, 17, 17, 17, 17, 17, 17, 17, 17, 17, 17, 17, 17, 17, 17, 17, 17, 17, 17, 17, 17, 17, 17, 17, 17, 17, 17, 17, 17, 17, 17, 17, 17, 17, 17, 17, 17, 17, 17, 17, 17, 17, 17, 17, 17, 17, 17, 17, 17, 17, 17, 17, 17, 17, 17, 17, 17, 17, 17, 17, 17, 17, 17, 17, 17, 17, 17, 17, 17, 17, 17, 17, 17, 17, 17, 17, 17, 17, 17, 17, 17, 17, 17, 17, 17, 17, 17, 17, 17, 17, 17, 17, 17, 17, 17, 17, 17, 17, 17, 17, 17, 17, 17, 17, 17, 17, 17, 17, 17, 17, 17, 17, 17, 17, 17, 17, 17, 17, 17, 17, 17, 17, 17, 17, 17]",215,"[0.3795725107192993, 0.36909735202789307, 0.36136505007743835, 0.3552244305610657, 0.34894585609436035, 0.3426825702190399, 0.33560726046562195, 0.3308942914009094, 0.32136479020118713, 0.31327420473098755, 0.30334562063217163, 0.2950229048728943, 0.28473377227783203, 0.279161274433136, 0.27244970202445984, 0.26649391651153564, 0.26016294956207275, 0.2583374083042145, 0.2548951208591461, 0.25170132517814636, 0.24880295991897583, 0.2438470870256424, 0.23966610431671143, 0.2367846816778183, 0.23380856215953827, 0.23097288608551025, 0.22705021500587463, 0.22357961535453796, 0.2200617790222168, 0.2187458574771881, 0.21492290496826172, 0.21481873095035553, 0.21406574547290802, 0.21013812720775604, 0.20743636786937714, 0.2054184377193451, 0.20538432896137238, 0.2023131549358368, 0.20191331207752228, 0.19848531484603882, 0.19996856153011322, 0.1958456039428711, 0.19521817564964294, 0.19376391172409058, 0.19228436052799225, 0.19373837113380432, 0.19144292175769806, 0.1892203539609909, 0.18883587419986725, 0.1887468546628952, 0.1864611804485321, 0.18481439352035522, 0.18451648950576782, 0.188531756401062, 0.1826741248369217, 0.18346786499023438, 0.1807512491941452, 0.18114067614078522, 0.18155616521835327, 0.1799747496843338, 0.17860998213291168, 0.17827051877975464, 0.1771312654018402, 0.17866654694080353, 0.17761041224002838, 0.1766420155763626, 0.17574721574783325, 0.17530407011508942, 0.17578157782554626, 0.17295950651168823, 0.17427921295166016, 0.17392019927501678, 0.1723456233739853, 0.17158788442611694, 0.17152757942676544, 0.17213203012943268, 0.17191512882709503, 0.17269468307495117, 0.1735525131225586, 0.16940751671791077, 0.16852809488773346, 0.16852393746376038, 0.16944345831871033, 0.1698845624923706, 0.167652890086174, 0.1687297224998474, 0.1679377555847168, 0.17014960944652557, 0.1675863265991211, 0.16613052785396576, 0.16469034552574158, 0.16448912024497986, 0.16609007120132446, 0.1648562103509903, 0.1646644026041031, 0.16548749804496765, 0.16514919698238373, 0.16637752950191498, 0.16524192690849304, 0.16820834577083588, 0.16624854505062103, 0.163115993142128, 0.16225755214691162, 0.16204425692558289, 0.16340672969818115, 0.16220496594905853, 0.16247224807739258, 0.16204829514026642, 0.16167062520980835, 0.1608540117740631, 0.1625862866640091, 0.16053324937820435, 0.16305860877037048, 0.16054090857505798, 0.16254359483718872, 0.15976673364639282, 0.160776287317276, 0.16452282667160034, 0.15925955772399902, 0.1603197455406189, 0.16198912262916565, 0.1599266082048416, 0.15882861614227295, 0.1583184003829956, 0.15710654854774475, 0.1589132696390152, 0.15760450065135956, 0.15942826867103577, 0.15705186128616333, 0.1578533947467804, 0.15782682597637177, 0.1553562730550766, 0.15719562768936157, 0.15603408217430115, 0.1568230241537094, 0.1544574648141861, 0.1552484929561615, 0.1549665331840515, 0.15480870008468628, 0.15518131852149963, 0.1557931900024414, 0.15700580179691315, 0.15417498350143433, 0.15463216602802277, 0.15366148948669434, 0.15301424264907837, 0.15590766072273254, 0.15360642969608307, 0.1588449478149414, 0.15426339209079742, 0.1536550372838974, 0.1594708412885666, 0.15390948951244354, 0.15599334239959717, 0.1517539620399475, 0.15254202485084534, 0.15270459651947021, 0.15359491109848022, 0.15247146785259247, 0.15523581206798553, 0.1509338915348053, 0.15084588527679443, 0.15403375029563904, 0.15301214158535004, 0.15558895468711853, 0.15440858900547028, 0.15082775056362152, 0.15053164958953857, 0.15333379805088043, 0.15236566960811615, 0.15365912020206451, 0.15101702511310577, 0.15216124057769775, 0.15271781384944916, 0.15049560368061066, 0.1501118242740631, 0.15411096811294556, 0.15078753232955933, 0.1507958471775055, 0.15261578559875488, 0.15166063606739044, 0.14954861998558044, 0.15150481462478638, 0.15580441057682037, 0.15453985333442688, 0.15157879889011383, 0.15358418226242065, 0.15533848106861115, 0.15139035880565643, 0.1505819857120514, 0.14930908381938934, 0.14855417609214783, 0.14912505447864532, 0.1495945006608963, 0.15111522376537323, 0.14997918903827667, 0.15020683407783508, 0.15026748180389404, 0.1525362730026245, 0.15107695758342743, 0.15132859349250793, 0.15436342358589172, 0.15114134550094604, 0.1491522192955017, 0.15206904709339142, 0.15037204325199127, 0.14914028346538544, 0.15195724368095398, 0.15567053854465485, 0.15079009532928467, 0.15128706395626068, 0.15399248898029327, 0.15195707976818085, 0.15282000601291656, 0.15134131908416748]",17.0,"[33.0, 33.0, 33.0, 33.0, 33.0, 33.0, 33.0, 33.0, 33.0, 33.0, 33.0, 33.0, 33.0, 32.0, 26.0, 23.0, 19.0, 18.0, 18.0, 17.0, 17.0, 17.0, 17.0, 17.0, 17.0, 17.0, 17.0, 17.0, 17.0, 17.0, 17.0, 17.0, 17.0, 17.0, 17.0, 17.0, 17.0, 17.0, 17.0, 17.0, 17.0, 17.0, 17.0, 17.0, 17.0, 17.0, 17.0, 17.0, 17.0, 17.0, 17.0, 17.0, 17.0, 17.0, 17.0, 17.0, 17.0, 17.0, 17.0, 17.0, 17.0, 17.0, 17.0, 17.0, 17.0, 17.0, 17.0, 17.0, 17.0, 17.0, 17.0, 17.0, 17.0, 17.0, 17.0, 17.0, 17.0, 17.0, 17.0, 17.0, 17.0, 17.0, 17.0, 17.0, 17.0, 17.0, 17.0, 17.0, 17.0, 17.0, 17.0, 17.0, 17.0, 17.0, 17.0, 17.0, 17.0, 17.0, 17.0, 17.0, 17.0, 17.0, 17.0, 17.0, 17.0, 17.0, 17.0, 17.0, 17.0, 17.0, 17.0, 17.0, 17.0, 17.0, 17.0, 17.0, 17.0, 17.0, 17.0, 17.0, 17.0, 17.0, 17.0, 17.0, 17.0, 17.0, 17.0, 17.0, 17.0, 17.0, 17.0, 17.0, 17.0, 17.0, 17.0, 17.0, 17.0, 17.0, 17.0, 17.0, 17.0, 17.0, 17.0, 17.0, 17.0, 17.0, 17.0, 17.0, 17.0, 17.0, 17.0, 17.0, 17.0, 17.0, 17.0, 17.0, 17.0, 17.0, 17.0, 17.0, 17.0, 17.0, 17.0, 17.0, 17.0, 17.0, 17.0, 17.0, 17.0, 17.0, 17.0, 17.0, 17.0, 17.0, 17.0, 17.0, 17.0, 17.0, 17.0, 17.0, 17.0, 17.0, 17.0, 17.0, 17.0, 17.0, 17.0, 17.0, 17.0, 17.0, 17.0, 17.0, 17.0, 17.0, 17.0, 17.0, 17.0, 17.0, 17.0, 17.0, 17.0, 17.0, 17.0, 17.0, 17.0, 17.0, 17.0, 17.0, 17.0, 17.0, 17.0, 17.0, 17.0, 17.0, 17.0]",COMPLETE
