,number,value,datetime_start,datetime_complete,duration,params_batch_size_scaler,params_constant_learning_rate,params_depth,params_epochs,params_kernel_l2,params_num_trees,params_temperature,user_attrs_accuracy_test,user_attrs_accuracy_valid,user_attrs_approximate_feature_sparsity,user_attrs_approximate_feature_sparsity_history,user_attrs_approximate_weight_sparsity,user_attrs_approximate_weight_sparsity_history,user_attrs_auc_test,user_attrs_auc_valid,user_attrs_feature_sparsity,user_attrs_feature_sparsity_history,user_attrs_num_epochs,user_attrs_val_loss_history,user_attrs_weight_sparsity,user_attrs_weight_sparsity_history,state
93,93,0.6088418286509255,2024-08-31 04:05:42.933072,2024-08-31 04:14:32.294643,0 days 00:08:49.361571,4,4.181816966397985,6,230,0.006999305531191402,89,0.003355123044499571,0.859,0.85875,1,"[1, 1, 1, 1, 1, 1, 1, 1, 1, 1, 1, 1, 1, 1, 1, 1, 1, 1, 1, 1, 1, 1, 1, 1, 1, 1, 1, 1, 1, 1, 1, 1, 1, 1, 1, 1, 1, 1, 1, 1, 1, 1, 1, 1, 1, 1, 1, 1, 1, 1, 1, 1, 1, 1, 1, 1, 1, 1, 1, 1, 1, 1, 1, 1, 1, 1, 1, 1, 1, 1, 1, 1, 1, 1, 1, 1, 1, 1, 1, 1, 1, 1, 1, 1, 1, 1, 1, 1, 1, 1, 1, 1, 1, 1, 1, 1, 1, 1, 1, 1, 1, 1, 1, 1, 1, 1, 1, 1, 1, 1, 1, 1, 1, 1, 1, 1, 1, 1, 1, 1, 1, 1, 1, 1, 1, 1, 1, 1, 1, 1, 1, 1, 1, 1, 1, 1, 1, 1, 1, 1, 1, 1, 1, 1, 1, 1, 1, 1, 1, 1, 1, 1, 1, 1, 1, 1, 1, 1, 1, 1, 1, 1, 1, 1, 1, 1, 1, 1, 1, 1, 1, 1, 1, 1, 1, 1, 1, 1, 1, 1, 1, 1, 1, 1, 1, 1, 1, 1, 1, 1, 1, 1, 1, 1, 1, 1, 1, 1, 1, 1, 1, 1, 1, 1, 1, 1, 1, 1, 1, 1, 1, 1, 1, 1, 1, 1, 1, 1, 1, 1, 1, 1, 1, 1, 1, 1, 1, 1, 1, 1]",0.9994649545211343,"[0.9971464241127163, 0.9978598180845372, 0.9973247726056714, 0.9983948635634029, 0.9987515605493134, 0.9983948635634029, 0.9975031210986267, 0.9987515605493134, 0.9991082575352238, 0.9978598180845372, 0.9985732120563581, 0.9980381665774924, 0.9978598180845372, 0.9975031210986267, 0.9989299090422686, 0.9983948635634029, 0.9982165150704476, 0.9994649545211343, 0.9987515605493134, 0.9989299090422686, 0.9983948635634029, 0.9983948635634029, 0.997681469591582, 0.9989299090422686, 0.9989299090422686, 0.9989299090422686, 0.9985732120563581, 0.9991082575352238, 0.9987515605493134, 0.9992866060281791, 0.9996433030140895, 0.9994649545211343, 0.9989299090422686, 0.9991082575352238, 0.9992866060281791, 0.9992866060281791, 0.9987515605493134, 0.9980381665774924, 0.9996433030140895, 0.9992866060281791, 0.9973247726056714, 0.9978598180845372, 0.9983948635634029, 0.9987515605493134, 0.9987515605493134, 0.9989299090422686, 0.9982165150704476, 0.9978598180845372, 0.9975031210986267, 0.9978598180845372, 0.9985732120563581, 0.9987515605493134, 0.9989299090422686, 0.9994649545211343, 0.9994649545211343, 0.9989299090422686, 0.9994649545211343, 0.9991082575352238, 0.9991082575352238, 0.9992866060281791, 0.9994649545211343, 0.9983948635634029, 0.9983948635634029, 0.9983948635634029, 0.9985732120563581, 0.9991082575352238, 0.9991082575352238, 0.9989299090422686, 0.9992866060281791, 0.9991082575352238, 0.9994649545211343, 0.9994649545211343, 0.9992866060281791, 0.9989299090422686, 0.9992866060281791, 0.9992866060281791, 0.9989299090422686, 0.9991082575352238, 0.9982165150704476, 0.9985732120563581, 0.9985732120563581, 0.9983948635634029, 0.9983948635634029, 0.9994649545211343, 0.9991082575352238, 0.9992866060281791, 0.9989299090422686, 0.9991082575352238, 0.9992866060281791, 0.9991082575352238, 0.9991082575352238, 0.9991082575352238, 0.9989299090422686, 0.9991082575352238, 0.9991082575352238, 0.9989299090422686, 0.9991082575352238, 0.9983948635634029, 0.9992866060281791, 0.9982165150704476, 0.9994649545211343, 0.9992866060281791, 0.9992866060281791, 0.9983948635634029, 0.9989299090422686, 0.9991082575352238, 0.9992866060281791, 0.9989299090422686, 0.9985732120563581, 0.9989299090422686, 0.9992866060281791, 0.9992866060281791, 0.9991082575352238, 0.9994649545211343, 0.9992866060281791, 0.9992866060281791, 0.9992866060281791, 0.9991082575352238, 0.9991082575352238, 0.9991082575352238, 0.9991082575352238, 0.9992866060281791, 0.9996433030140895, 0.9992866060281791, 0.9996433030140895, 0.9991082575352238, 0.9996433030140895, 0.9994649545211343, 0.9996433030140895, 0.9994649545211343, 0.9992866060281791, 0.9994649545211343, 0.9992866060281791, 0.9991082575352238, 0.9991082575352238, 0.9991082575352238, 0.9991082575352238, 0.9989299090422686, 0.9989299090422686, 0.9992866060281791, 0.9991082575352238, 0.9987515605493134, 0.9991082575352238, 0.9980381665774924, 0.9985732120563581, 0.9980381665774924, 0.9982165150704476, 0.9980381665774924, 0.9985732120563581, 0.9980381665774924, 0.9980381665774924, 0.9985732120563581, 0.9991082575352238, 0.9991082575352238, 0.9991082575352238, 0.9989299090422686, 0.9989299090422686, 0.9987515605493134, 0.9991082575352238, 0.9987515605493134, 0.9989299090422686, 0.9985732120563581, 0.9989299090422686, 0.9989299090422686, 0.9985732120563581, 0.9991082575352238, 0.9989299090422686, 0.9987515605493134, 0.9987515605493134, 0.9987515605493134, 0.9987515605493134, 0.9987515605493134, 0.9991082575352238, 0.9987515605493134, 0.9989299090422686, 0.9985732120563581, 0.9991082575352238, 0.9989299090422686, 0.9991082575352238, 0.9987515605493134, 0.9992866060281791, 0.9994649545211343, 0.9994649545211343, 0.9992866060281791, 0.9992866060281791, 0.9991082575352238, 0.9991082575352238, 0.9991082575352238, 0.9989299090422686, 0.9985732120563581, 0.9994649545211343, 0.9994649545211343, 0.9991082575352238, 0.9991082575352238, 0.9987515605493134, 0.9989299090422686, 0.9992866060281791, 0.9994649545211343, 0.9992866060281791, 0.9994649545211343, 0.9994649545211343, 0.9994649545211343, 0.9994649545211343, 0.9992866060281791, 0.9996433030140895, 0.9992866060281791, 0.9996433030140895, 0.9994649545211343, 0.9992866060281791, 0.9994649545211343, 0.9992866060281791, 0.9991082575352238, 0.9991082575352238, 0.9996433030140895, 0.9987515605493134, 0.9992866060281791, 0.9989299090422686, 0.9992866060281791, 0.9985732120563581, 0.9991082575352238, 0.9994649545211343, 0.9991082575352238, 0.9994649545211343, 0.9994649545211343, 0.9991082575352238, 0.9991082575352238, 0.9992866060281791, 0.9992866060281791, 0.9992866060281791, 0.9994649545211343]",0.6144865793145584,0.6088418286509255,1,"[1, 1, 1, 1, 1, 1, 1, 1, 1, 1, 1, 1, 1, 1, 1, 1, 1, 1, 1, 1, 1, 1, 1, 1, 1, 1, 1, 1, 1, 1, 1, 1, 1, 1, 1, 1, 1, 1, 1, 1, 1, 1, 1, 1, 1, 1, 1, 1, 1, 1, 1, 1, 1, 1, 1, 1, 1, 1, 1, 1, 1, 1, 1, 1, 1, 1, 1, 1, 1, 1, 1, 1, 1, 1, 1, 1, 1, 1, 1, 1, 1, 1, 1, 1, 1, 1, 1, 1, 1, 1, 1, 1, 1, 1, 1, 1, 1, 1, 1, 1, 1, 1, 1, 1, 1, 1, 1, 1, 1, 1, 1, 1, 1, 1, 1, 1, 1, 1, 1, 1, 1, 1, 1, 1, 1, 1, 1, 1, 1, 1, 1, 1, 1, 1, 1, 1, 1, 1, 1, 1, 1, 1, 1, 1, 1, 1, 1, 1, 1, 1, 1, 1, 1, 1, 1, 1, 1, 1, 1, 1, 1, 1, 1, 1, 1, 1, 1, 1, 1, 1, 1, 1, 1, 1, 1, 1, 1, 1, 1, 1, 1, 1, 1, 1, 1, 1, 1, 1, 1, 1, 1, 1, 1, 1, 1, 1, 1, 1, 1, 1, 1, 1, 1, 1, 1, 1, 1, 1, 1, 1, 1, 1, 1, 1, 1, 1, 1, 1, 1, 1, 1, 1, 1, 1, 1, 1, 1, 1, 1, 1]",230,"[0.405119389295578, 0.39017266035079956, 0.3961716890335083, 0.3923494815826416, 0.3826647102832794, 0.3867429494857788, 0.38992470502853394, 0.38587936758995056, 0.38951194286346436, 0.3904968500137329, 0.3851473927497864, 0.3824719190597534, 0.4614884555339813, 0.393403023481369, 0.388309121131897, 0.38369864225387573, 0.41938287019729614, 0.4110611081123352, 0.38241687417030334, 0.4086652398109436, 0.3824230432510376, 0.4177382290363312, 0.4166259467601776, 0.40598544478416443, 0.38250118494033813, 0.4042452275753021, 0.3949851989746094, 0.5452464818954468, 0.38242968916893005, 0.38366469740867615, 0.4142419695854187, 0.47248995304107666, 0.5010029673576355, 0.3842554986476898, 0.382424533367157, 0.3834749162197113, 0.38348302245140076, 0.44754868745803833, 0.4149421751499176, 0.4197334945201874, 0.3850477933883667, 0.3891792297363281, 0.44366294145584106, 0.394514799118042, 0.3910805881023407, 0.45324596762657166, 0.4141652584075928, 0.38287121057510376, 0.3831125497817993, 0.38791802525520325, 0.3917476534843445, 0.4015343487262726, 0.40100783109664917, 0.4049939811229706, 0.4248870611190796, 0.39120131731033325, 0.3857686221599579, 0.3856019675731659, 0.5367846488952637, 0.38240882754325867, 0.38482800126075745, 0.39223238825798035, 0.3866252899169922, 0.4336031675338745, 0.3880489766597748, 0.38257479667663574, 0.3824672996997833, 0.39347517490386963, 0.38279592990875244, 0.38274815678596497, 0.4367362856864929, 0.3870779275894165, 0.3879721462726593, 0.38428938388824463, 0.39622780680656433, 0.3863767981529236, 0.4089321196079254, 0.3851469159126282, 0.4208567142486572, 0.3948172628879547, 0.3996535539627075, 0.41467899084091187, 0.3830340504646301, 0.42698192596435547, 0.4630986452102661, 0.3864251375198364, 0.3942204713821411, 0.3935171961784363, 0.3890414535999298, 0.40551087260246277, 0.42074131965637207, 0.39029160141944885, 0.3828214704990387, 0.4171549081802368, 0.4485423266887665, 0.38266152143478394, 0.38240721821784973, 0.44563594460487366, 0.3824913799762726, 0.38511714339256287, 0.4022926390171051, 0.3861077129840851, 0.38398659229278564, 0.3834407329559326, 0.3826083242893219, 0.3824000656604767, 0.389250785112381, 0.4027758836746216, 0.3855445981025696, 0.3873702883720398, 0.3824731409549713, 0.41429901123046875, 0.38434898853302, 0.3958832919597626, 0.3849709630012512, 0.3909938335418701, 0.3988187313079834, 0.41367146372795105, 0.44883739948272705, 0.3824327886104584, 0.41390421986579895, 0.3855917453765869, 0.3887431025505066, 0.3932071328163147, 0.3824191689491272, 0.4072505533695221, 0.4042074680328369, 0.3917461633682251, 0.3904689848423004, 0.3943488597869873, 0.3887843191623688, 0.3981139063835144, 0.40820562839508057, 0.39052286744117737, 0.38310950994491577, 0.3841201663017273, 0.40159744024276733, 0.40161895751953125, 0.4054790735244751, 0.4116023778915405, 0.382720410823822, 0.3841473460197449, 0.4290822148323059, 0.4009733200073242, 0.4137297570705414, 0.38254550099372864, 0.41764384508132935, 0.39588987827301025, 0.4070488214492798, 0.43959468603134155, 0.39864471554756165, 0.4187702536582947, 0.3911442160606384, 0.38278743624687195, 0.3898385167121887, 0.38262230157852173, 0.39242371916770935, 0.38440054655075073, 0.3938513994216919, 0.38708922266960144, 0.38272732496261597, 0.40599778294563293, 0.3853103518486023, 0.42713871598243713, 0.5084803104400635, 0.3838828206062317, 0.4048573970794678, 0.3824596107006073, 0.3827574849128723, 0.3835645020008087, 0.4188985526561737, 0.3830013573169708, 0.3857693076133728, 0.39184436202049255, 0.4033724069595337, 0.38286492228507996, 0.406219482421875, 0.38577067852020264, 0.38284292817115784, 0.3903733193874359, 0.3860318064689636, 0.38735970854759216, 0.3874458372592926, 0.3857400417327881, 0.3953946828842163, 0.385737806558609, 0.38256919384002686, 0.4043025076389313, 0.3835931420326233, 0.3834875822067261, 0.386557012796402, 0.3975481390953064, 0.4614027440547943, 0.38446900248527527, 0.3834119141101837, 0.3827497363090515, 0.39698275923728943, 0.4163055121898651, 0.3824533224105835, 0.43333354592323303, 0.38242557644844055, 0.42163988947868347, 0.38332220911979675, 0.40187743306159973, 0.38246390223503113, 0.3924682140350342, 0.3889399468898773, 0.4062739312648773, 0.3927977383136749, 0.4011169672012329, 0.3945375084877014, 0.40402722358703613, 0.39913690090179443, 0.3924023509025574, 0.39497262239456177, 0.38246044516563416, 0.41362449526786804, 0.41150447726249695, 0.4715449810028076, 0.39717113971710205, 0.4034324288368225, 0.38374754786491394, 0.3900112807750702, 0.3874272406101227, 0.3824525475502014, 0.3905085623264313, 0.38322189450263977, 0.38874492049217224, 0.38945332169532776, 0.38765794038772583]",1.0,"[1.0, 1.0, 1.0, 1.0, 1.0, 1.0, 1.0, 1.0, 1.0, 1.0, 1.0, 1.0, 1.0, 1.0, 1.0, 1.0, 1.0, 1.0, 1.0, 1.0, 1.0, 1.0, 1.0, 1.0, 1.0, 1.0, 1.0, 1.0, 1.0, 1.0, 1.0, 1.0, 1.0, 1.0, 1.0, 1.0, 1.0, 1.0, 1.0, 1.0, 1.0, 1.0, 1.0, 1.0, 1.0, 1.0, 1.0, 1.0, 1.0, 1.0, 1.0, 1.0, 1.0, 1.0, 1.0, 1.0, 1.0, 1.0, 1.0, 1.0, 1.0, 1.0, 1.0, 1.0, 1.0, 1.0, 1.0, 1.0, 1.0, 1.0, 1.0, 1.0, 1.0, 1.0, 1.0, 1.0, 1.0, 1.0, 1.0, 1.0, 1.0, 1.0, 1.0, 1.0, 1.0, 1.0, 1.0, 1.0, 1.0, 1.0, 1.0, 1.0, 1.0, 1.0, 1.0, 1.0, 1.0, 1.0, 1.0, 1.0, 1.0, 1.0, 1.0, 1.0, 1.0, 1.0, 1.0, 1.0, 1.0, 1.0, 1.0, 1.0, 1.0, 1.0, 1.0, 1.0, 1.0, 1.0, 1.0, 1.0, 1.0, 1.0, 1.0, 1.0, 1.0, 1.0, 1.0, 1.0, 1.0, 1.0, 1.0, 1.0, 1.0, 1.0, 1.0, 1.0, 1.0, 1.0, 1.0, 1.0, 1.0, 1.0, 1.0, 1.0, 1.0, 1.0, 1.0, 1.0, 1.0, 1.0, 1.0, 1.0, 1.0, 1.0, 1.0, 1.0, 1.0, 1.0, 1.0, 1.0, 1.0, 1.0, 1.0, 1.0, 1.0, 1.0, 1.0, 1.0, 1.0, 1.0, 1.0, 1.0, 1.0, 1.0, 1.0, 1.0, 1.0, 1.0, 1.0, 1.0, 1.0, 1.0, 1.0, 1.0, 1.0, 1.0, 1.0, 1.0, 1.0, 1.0, 1.0, 1.0, 1.0, 1.0, 1.0, 1.0, 1.0, 1.0, 1.0, 1.0, 1.0, 1.0, 1.0, 1.0, 1.0, 1.0, 1.0, 1.0, 1.0, 1.0, 1.0, 1.0, 1.0, 1.0, 1.0, 1.0, 1.0, 1.0, 1.0, 1.0, 1.0, 1.0, 1.0, 1.0, 1.0, 1.0, 1.0, 1.0, 1.0, 1.0]",COMPLETE
