,number,value,datetime_start,datetime_complete,duration,params_batch_size_scaler,params_constant_learning_rate,params_depth,params_epochs,params_kernel_l2,params_num_trees,params_temperature,user_attrs_accuracy_test,user_attrs_accuracy_valid,user_attrs_approximate_feature_sparsity,user_attrs_approximate_feature_sparsity_history,user_attrs_approximate_weight_sparsity,user_attrs_approximate_weight_sparsity_history,user_attrs_auc_test,user_attrs_auc_valid,user_attrs_feature_sparsity,user_attrs_feature_sparsity_history,user_attrs_num_epochs,user_attrs_val_loss_history,user_attrs_weight_sparsity,user_attrs_weight_sparsity_history,state
50,50,0.942664657160155,2024-08-31 02:35:19.111123,2024-08-31 02:42:19.784139,0 days 00:07:00.673016,1,0.45599428120994995,2,455,0.03423851851538895,31,0.00022843362219160813,0.963,0.95375,12,"[33, 33, 33, 33, 33, 31, 27, 23, 22, 22, 20, 20, 20, 19, 19, 18, 18, 18, 18, 18, 18, 17, 17, 17, 16, 16, 16, 16, 16, 16, 16, 16, 16, 16, 16, 16, 16, 16, 16, 16, 15, 15, 14, 14, 14, 14, 14, 14, 14, 14, 14, 14, 14, 14, 14, 13, 13, 13, 13, 13, 13, 13, 13, 13, 13, 13, 13, 13, 13, 13, 13, 13, 13, 13, 13, 13, 13, 13, 13, 13, 13, 13, 13, 13, 13, 13, 13, 13, 13, 12, 12, 12, 12, 12, 12, 12, 12, 12, 12, 12, 12, 12, 12, 12, 12, 12, 12, 12, 12, 12, 12, 12, 12, 12, 12, 12, 12, 12, 12, 12, 12, 12, 12, 12, 12, 12, 12, 12, 12, 12, 12, 12, 12, 12, 12, 12, 12, 12, 12, 12, 12, 12, 12, 12, 12, 12, 12, 12, 12, 12, 12, 12, 12, 12, 12, 12, 12, 12, 12, 12, 12, 12, 12, 12, 12, 12, 12, 12, 12, 12, 12, 12, 12, 12, 12, 12, 12, 12, 12, 12, 12, 12, 12, 12, 12, 12, 12, 12, 12, 12, 12, 12, 12, 12, 12, 12, 12, 12, 12, 12, 12, 12, 12, 12, 12, 12, 12, 12, 12, 12, 12, 12, 12, 12, 12, 12, 12, 12, 12, 12, 12, 12, 12, 12, 12, 12, 12, 12, 12, 12, 12, 12, 12, 12, 12, 12, 12, 12, 12, 12, 12, 12, 12, 12, 12, 12, 12, 12, 12, 12, 12, 12, 12, 12, 12, 12, 12, 12, 12, 12, 12, 12, 12, 12, 12, 12, 12, 12, 12, 12, 12, 12, 12, 12, 12, 12, 12, 12, 12, 12, 12, 12, 12, 12, 12, 12, 12, 12, 12, 12, 12, 12, 12, 12, 12, 12, 12, 12, 12, 12, 12, 12, 12, 12, 12, 12, 12, 12, 12, 12, 12, 12, 12, 12, 12, 12, 12, 12, 12, 12, 12, 12, 12, 12, 12, 12, 12, 12, 12, 12, 12, 12, 12, 12, 12, 12, 12, 12, 12, 12, 12, 12, 12, 12, 12, 12, 12, 12, 12, 12, 12, 12, 12, 12, 12, 12, 12, 12, 12, 12, 12, 12, 12, 12, 12, 12, 12, 12, 12, 12, 12, 12, 12, 12, 12, 12, 12, 12, 12, 12, 12, 12, 12, 12, 12, 12, 12, 12, 12, 12, 12, 12, 12, 12, 12, 12, 12, 12, 12, 12, 12, 12, 12, 12, 12, 12, 12, 12, 12, 12, 12, 12, 12, 12, 12, 12, 12, 12, 12, 12, 12, 12, 12, 12, 12, 12, 12, 12, 12, 12, 12, 12, 12, 12, 12, 12, 12, 12, 12, 12, 12, 12, 12, 12, 12, 12, 12, 12, 12, 12, 12, 12, 12, 12, 12]",7.440860215053764,"[32.98924731182795, 32.96774193548387, 32.96774193548387, 32.98924731182795, 32.96774193548387, 30.978494623655912, 27.0, 22.978494623655912, 22.0, 21.978494623655912, 20.0, 20.0, 19.989247311827956, 18.978494623655912, 18.978494623655912, 17.978494623655912, 17.978494623655912, 17.989247311827956, 17.989247311827956, 17.989247311827956, 17.989247311827956, 16.978494623655912, 17.0, 16.93548387096774, 15.978494623655914, 15.989247311827956, 15.956989247311828, 15.967741935483872, 16.0, 15.956989247311828, 15.946236559139784, 16.0, 15.989247311827956, 15.989247311827956, 15.989247311827956, 15.967741935483872, 15.989247311827956, 15.967741935483872, 15.956989247311828, 15.978494623655914, 14.989247311827956, 14.96774193548387, 13.989247311827956, 13.956989247311828, 14.0, 13.989247311827956, 13.967741935483872, 14.0, 13.967741935483872, 13.978494623655914, 13.946236559139784, 13.978494623655914, 13.978494623655914, 13.967741935483872, 13.978494623655914, 12.946236559139784, 12.989247311827956, 12.978494623655914, 12.946236559139784, 12.967741935483872, 12.956989247311828, 12.967741935483872, 12.967741935483872, 12.967741935483872, 12.967741935483872, 12.935483870967742, 12.935483870967742, 12.967741935483872, 12.913978494623656, 12.978494623655914, 12.978494623655914, 12.978494623655914, 12.913978494623656, 13.0, 12.924731182795698, 12.946236559139784, 12.946236559139784, 12.935483870967742, 12.935483870967742, 12.967741935483872, 12.903225806451612, 12.935483870967742, 12.93548387096774, 12.967741935483872, 12.935483870967742, 12.956989247311828, 12.903225806451612, 12.967741935483872, 12.96774193548387, 11.946236559139784, 11.967741935483872, 11.978494623655912, 11.989247311827956, 11.946236559139784, 11.978494623655914, 11.978494623655912, 11.956989247311828, 11.903225806451612, 11.956989247311828, 11.956989247311828, 11.935483870967742, 11.935483870967742, 11.989247311827956, 11.978494623655912, 11.9247311827957, 11.903225806451612, 11.96774193548387, 11.935483870967742, 11.892473118279572, 11.935483870967744, 11.913978494623656, 11.827956989247312, 11.946236559139784, 11.881720430107526, 11.881720430107526, 11.913978494623656, 11.946236559139786, 11.903225806451612, 11.956989247311828, 11.989247311827956, 11.956989247311828, 11.881720430107528, 11.956989247311828, 11.956989247311828, 11.956989247311828, 11.946236559139784, 11.956989247311828, 11.967741935483872, 11.967741935483872, 11.946236559139786, 11.913978494623656, 11.946236559139786, 11.967741935483872, 11.946236559139784, 11.870967741935484, 11.946236559139786, 11.935483870967742, 11.946236559139784, 11.924731182795698, 11.9247311827957, 11.946236559139786, 11.956989247311828, 11.935483870967744, 11.892473118279572, 11.763440860215056, 11.913978494623656, 11.892473118279572, 11.903225806451612, 11.806451612903226, 11.860215053763442, 11.870967741935484, 11.903225806451614, 11.93548387096774, 11.946236559139784, 11.935483870967742, 11.903225806451612, 11.763440860215054, 11.946236559139784, 11.924731182795698, 11.93548387096774, 11.860215053763442, 11.903225806451614, 11.827956989247312, 11.86021505376344, 11.924731182795698, 11.860215053763442, 11.870967741935484, 11.89247311827957, 11.881720430107526, 11.93548387096774, 11.946236559139784, 11.946236559139786, 11.903225806451612, 11.849462365591396, 11.9247311827957, 11.860215053763442, 11.838709677419354, 11.75268817204301, 11.881720430107526, 11.817204301075268, 11.763440860215054, 11.827956989247312, 11.881720430107526, 11.774193548387096, 11.774193548387098, 11.86021505376344, 11.870967741935484, 11.881720430107528, 11.795698924731184, 11.827956989247312, 11.698924731182796, 11.70967741935484, 11.70967741935484, 11.827956989247312, 11.86021505376344, 11.720430107526884, 11.688172043010752, 11.655913978494624, 11.731182795698924, 11.741935483870968, 11.602150537634408, 11.623655913978496, 11.56989247311828, 11.60215053763441, 11.56989247311828, 11.666666666666668, 11.580645161290324, 11.473118279569894, 11.612903225806452, 11.35483870967742, 11.440860215053764, 11.440860215053764, 11.50537634408602, 11.559139784946236, 11.623655913978496, 11.473118279569892, 11.473118279569892, 11.408602150537636, 11.225806451612904, 11.24731182795699, 11.13978494623656, 11.516129032258066, 11.451612903225808, 11.419354838709676, 11.548387096774196, 11.301075268817206, 11.56989247311828, 11.387096774193548, 11.49462365591398, 11.397849462365592, 11.526881720430108, 11.193548387096776, 11.397849462365592, 11.376344086021506, 11.21505376344086, 11.075268817204302, 11.086021505376344, 11.150537634408602, 11.333333333333332, 11.333333333333336, 11.225806451612904, 11.376344086021508, 11.376344086021508, 11.365591397849462, 11.236559139784946, 11.150537634408602, 11.311827956989248, 11.43010752688172, 11.46236559139785, 11.473118279569892, 11.21505376344086, 11.419354838709676, 11.236559139784948, 11.27956989247312, 11.344086021505376, 11.376344086021508, 11.376344086021506, 11.290322580645162, 11.333333333333336, 11.311827956989248, 11.408602150537636, 11.182795698924732, 11.182795698924732, 11.24731182795699, 11.419354838709678, 11.204301075268816, 11.150537634408604, 11.35483870967742, 11.268817204301076, 11.225806451612904, 11.161290322580644, 11.268817204301076, 11.32258064516129, 11.236559139784948, 11.236559139784948, 11.225806451612904, 11.258064516129032, 11.021505376344088, 11.27956989247312, 11.03225806451613, 11.129032258064516, 11.27956989247312, 10.967741935483872, 11.064516129032258, 11.118279569892474, 11.118279569892472, 11.204301075268818, 11.053763440860216, 11.086021505376344, 11.129032258064516, 11.075268817204302, 11.10752688172043, 10.978494623655916, 11.172043010752688, 11.096774193548388, 11.118279569892474, 11.118279569892474, 11.06451612903226, 11.086021505376344, 11.053763440860216, 11.150537634408604, 11.075268817204302, 11.172043010752688, 11.06451612903226, 11.107526881720432, 11.043010752688174, 11.0, 11.0, 10.967741935483872, 11.118279569892472, 11.13978494623656, 10.9247311827957, 11.075268817204302, 10.956989247311828, 10.795698924731184, 10.86021505376344, 10.946236559139786, 10.806451612903228, 10.838709677419356, 10.860215053763442, 10.913978494623656, 10.935483870967742, 10.89247311827957, 10.795698924731184, 10.67741935483871, 10.698924731182796, 10.720430107526884, 10.70967741935484, 10.43010752688172, 10.602150537634408, 10.60215053763441, 10.698924731182796, 10.451612903225806, 10.483870967741936, 10.49462365591398, 10.440860215053764, 10.483870967741936, 10.376344086021506, 10.451612903225806, 10.53763440860215, 10.419354838709678, 10.408602150537634, 10.311827956989248, 10.387096774193548, 10.096774193548386, 10.24731182795699, 10.32258064516129, 10.236559139784946, 10.247311827956988, 10.236559139784946, 10.096774193548386, 10.118279569892474, 10.032258064516128, 10.247311827956988, 10.032258064516128, 9.903225806451612, 10.032258064516128, 9.849462365591396, 9.956989247311828, 9.860215053763442, 10.043010752688172, 9.763440860215054, 9.881720430107528, 9.903225806451612, 9.935483870967742, 9.795698924731184, 9.688172043010752, 9.720430107526882, 9.602150537634408, 9.698924731182796, 9.698924731182796, 9.67741935483871, 9.655913978494624, 9.634408602150538, 9.67741935483871, 9.483870967741936, 9.548387096774194, 9.516129032258064, 9.602150537634408, 9.440860215053764, 9.397849462365592, 9.43010752688172, 9.462365591397848, 9.086021505376344, 9.387096774193548, 9.193548387096774, 9.268817204301076, 9.483870967741936, 9.333333333333332, 9.333333333333332, 9.376344086021504, 9.301075268817204, 9.236559139784946, 9.21505376344086, 9.268817204301076, 9.247311827956988, 9.182795698924732, 8.978494623655914, 9.129032258064516, 8.881720430107526, 8.946236559139784, 8.89247311827957, 8.870967741935484, 8.870967741935484, 8.827956989247312, 8.56989247311828, 8.741935483870968, 8.591397849462366, 8.376344086021504, 8.559139784946236, 8.419354838709678, 8.505376344086022, 8.387096774193548, 8.516129032258064, 8.268817204301076, 8.182795698924732, 8.193548387096774, 8.204301075268816, 8.333333333333332, 8.301075268817204, 8.032258064516128, 8.0, 8.118279569892472, 8.129032258064516, 7.935483870967742, 8.129032258064516, 8.13978494623656, 8.129032258064516, 8.13978494623656, 8.150537634408604, 7.967741935483871, 7.881720430107527, 7.903225806451613, 7.741935483870968, 7.666666666666667, 7.720430107526882, 7.78494623655914, 7.623655913978495, 7.645161290322581, 7.505376344086022, 7.623655913978495, 7.655913978494624, 7.655913978494624, 7.731182795698925, 7.655913978494624, 7.655913978494623, 7.333333333333333, 7.419354838709677, 7.387096774193549, 7.602150537634408, 7.526881720430107, 7.505376344086022, 7.344086021505377, 7.32258064516129, 7.440860215053764]",0.9267167001048556,0.942664657160155,12,"[33, 33, 33, 33, 33, 31, 27, 23, 22, 22, 20, 20, 20, 19, 19, 18, 18, 18, 18, 18, 18, 17, 17, 17, 16, 16, 16, 16, 16, 16, 16, 16, 16, 16, 16, 16, 16, 16, 16, 16, 15, 15, 14, 14, 14, 14, 14, 14, 14, 14, 14, 14, 14, 14, 14, 13, 13, 13, 13, 13, 13, 13, 13, 13, 13, 13, 13, 13, 13, 13, 13, 13, 13, 13, 13, 13, 13, 13, 13, 13, 13, 13, 13, 13, 13, 13, 13, 13, 13, 12, 12, 12, 12, 12, 12, 12, 12, 12, 12, 12, 12, 12, 12, 12, 12, 12, 12, 12, 12, 12, 12, 12, 12, 12, 12, 12, 12, 12, 12, 12, 12, 12, 12, 12, 12, 12, 12, 12, 12, 12, 12, 12, 12, 12, 12, 12, 12, 12, 12, 12, 12, 12, 12, 12, 12, 12, 12, 12, 12, 12, 12, 12, 12, 12, 12, 12, 12, 12, 12, 12, 12, 12, 12, 12, 12, 12, 12, 12, 12, 12, 12, 12, 12, 12, 12, 12, 12, 12, 12, 12, 12, 12, 12, 12, 12, 12, 12, 12, 12, 12, 12, 12, 12, 12, 12, 12, 12, 12, 12, 12, 12, 12, 12, 12, 12, 12, 12, 12, 12, 12, 12, 12, 12, 12, 12, 12, 12, 12, 12, 12, 12, 12, 12, 12, 12, 12, 12, 12, 12, 12, 12, 12, 12, 12, 12, 12, 12, 12, 12, 12, 12, 12, 12, 12, 12, 12, 12, 12, 12, 12, 12, 12, 12, 12, 12, 12, 12, 12, 12, 12, 12, 12, 12, 12, 12, 12, 12, 12, 12, 12, 12, 12, 12, 12, 12, 12, 12, 12, 12, 12, 12, 12, 12, 12, 12, 12, 12, 12, 12, 12, 12, 12, 12, 12, 12, 12, 12, 12, 12, 12, 12, 12, 12, 12, 12, 12, 12, 12, 12, 12, 12, 12, 12, 12, 12, 12, 12, 12, 12, 12, 12, 12, 12, 12, 12, 12, 12, 12, 12, 12, 12, 12, 12, 12, 12, 12, 12, 12, 12, 12, 12, 12, 12, 12, 12, 12, 12, 12, 12, 12, 12, 12, 12, 12, 12, 12, 12, 12, 12, 12, 12, 12, 12, 12, 12, 12, 12, 12, 12, 12, 12, 12, 12, 12, 12, 12, 12, 12, 12, 12, 12, 12, 12, 12, 12, 12, 12, 12, 12, 12, 12, 12, 12, 12, 12, 12, 12, 12, 12, 12, 12, 12, 12, 12, 12, 12, 12, 12, 12, 12, 12, 12, 12, 12, 12, 12, 12, 12, 12, 12, 12, 12, 12, 12, 12, 12, 12, 12, 12, 12, 12, 12, 12, 12, 12, 12, 12, 12, 12, 12, 12, 12, 12, 12, 12, 12, 12, 12, 12, 12, 12, 12, 12, 12, 12]",455,"[0.35352054238319397, 0.2847914397716522, 0.2683103680610657, 0.24416780471801758, 0.23356348276138306, 0.24433240294456482, 0.23573455214500427, 0.23947928845882416, 0.21092815697193146, 0.20538371801376343, 0.22712568938732147, 0.20685836672782898, 0.19688035547733307, 0.2266361564397812, 0.20261253416538239, 0.19498898088932037, 0.2030429244041443, 0.280720055103302, 0.20188790559768677, 0.19982129335403442, 0.2346464991569519, 0.22068600356578827, 0.2395697832107544, 0.2136094719171524, 0.19046121835708618, 0.19648511707782745, 0.19680994749069214, 0.18785883486270905, 0.19646693766117096, 0.23223136365413666, 0.1981600970029831, 0.17720790207386017, 0.1809217482805252, 0.1898723840713501, 0.19691365957260132, 0.19316965341567993, 0.1811373084783554, 0.1948295533657074, 0.17637836933135986, 0.18063095211982727, 0.1850055456161499, 0.20513589680194855, 0.23799628019332886, 0.22025586664676666, 0.2084607630968094, 0.210428386926651, 0.2118743360042572, 0.2017028033733368, 0.2097676396369934, 0.20458248257637024, 0.24281631410121918, 0.20339885354042053, 0.24539822340011597, 0.22452087700366974, 0.20711633563041687, 0.20923274755477905, 0.20951251685619354, 0.23186787962913513, 0.22205796837806702, 0.2030431628227234, 0.19220119714736938, 0.20453518629074097, 0.20444487035274506, 0.2187320590019226, 0.20953640341758728, 0.23953694105148315, 0.20930255949497223, 0.2083081752061844, 0.22630295157432556, 0.20849616825580597, 0.2150009721517563, 0.24836063385009766, 0.2006380409002304, 0.24091991782188416, 0.19558516144752502, 0.22130218148231506, 0.23198577761650085, 0.22354330122470856, 0.21952182054519653, 0.20973525941371918, 0.22309094667434692, 0.21136881411075592, 0.20606547594070435, 0.2070525586605072, 0.2479381561279297, 0.2413865327835083, 0.20211446285247803, 0.2030121088027954, 0.2061748504638672, 0.20624515414237976, 0.2191256284713745, 0.22524337470531464, 0.21623069047927856, 0.42622360587120056, 0.19336336851119995, 0.20727750658988953, 0.2577880322933197, 0.24719920754432678, 0.2123224288225174, 0.20853623747825623, 0.21375426650047302, 0.21981124579906464, 0.20483820140361786, 0.21075765788555145, 0.19849084317684174, 0.23396888375282288, 0.20603245496749878, 0.20730623602867126, 0.210467129945755, 0.2084280252456665, 0.20520278811454773, 0.21088141202926636, 0.2647560238838196, 0.20337003469467163, 0.21551193296909332, 0.20643463730812073, 0.22863851487636566, 0.20148447155952454, 0.22063463926315308, 0.192779541015625, 0.2401912808418274, 0.19112424552440643, 0.21959882974624634, 0.20937135815620422, 0.20842164754867554, 0.19201244413852692, 0.24147413671016693, 0.22678564488887787, 0.2257736176252365, 0.1925266981124878, 0.1983061283826828, 0.19997282326221466, 0.2179093360900879, 0.20729173719882965, 0.20278649032115936, 0.2094918042421341, 0.21507124602794647, 0.20455116033554077, 0.2936958372592926, 0.2823067903518677, 0.21671368181705475, 0.20297518372535706, 0.23188769817352295, 0.20165462791919708, 0.2079850733280182, 0.20534773170948029, 0.2202948033809662, 0.2107507288455963, 0.19970592856407166, 0.20793646574020386, 0.1926557868719101, 0.22012630105018616, 0.2187638133764267, 0.24646268784999847, 0.2049264758825302, 0.20419111847877502, 0.20272895693778992, 0.19871392846107483, 0.1961350291967392, 0.2195332646369934, 0.23020939528942108, 0.2030826061964035, 0.2090637981891632, 0.22990739345550537, 0.21697555482387543, 0.2020275890827179, 0.19380949437618256, 0.19060854613780975, 0.20463843643665314, 0.2162661999464035, 0.21438910067081451, 0.2249027043581009, 0.2104831486940384, 0.19449535012245178, 0.1956597864627838, 0.20520778000354767, 0.20092839002609253, 0.19655689597129822, 0.19564048945903778, 0.20637640357017517, 0.2660709321498871, 0.19172590970993042, 0.254202663898468, 0.21131476759910583, 0.19522346556186676, 0.227532297372818, 0.21359585225582123, 0.20480406284332275, 0.20036350190639496, 0.2212773859500885, 0.20611844956874847, 0.23916929960250854, 0.21214559674263, 0.23374910652637482, 0.20072221755981445, 0.19802072644233704, 0.20917877554893494, 0.20318424701690674, 0.2071641981601715, 0.19796356558799744, 0.19226279854774475, 0.2239660620689392, 0.19537635147571564, 0.20575466752052307, 0.22465407848358154, 0.22014467418193817, 0.20379802584648132, 0.20628416538238525, 0.18954135477542877, 0.21775799989700317, 0.20122890174388885, 0.24789750576019287, 0.20033346116542816, 0.19132833182811737, 0.2154424637556076, 0.19386766850948334, 0.19859927892684937, 0.21981197595596313, 0.21234333515167236, 0.2030576765537262, 0.19439515471458435, 0.2548840641975403, 0.2431354969739914, 0.20556600391864777, 0.19240431487560272, 0.20629316568374634, 0.22256621718406677, 0.19995589554309845, 0.21442684531211853, 0.21295885741710663, 0.1991102546453476, 0.19290891289710999, 0.19610349833965302, 0.1961997151374817, 0.1899087131023407, 0.24188613891601562, 0.21039916574954987, 0.19544008374214172, 0.21123932301998138, 0.2156207263469696, 0.19100406765937805, 0.21595503389835358, 0.19436299800872803, 0.1897740215063095, 0.21546874940395355, 0.19802148640155792, 0.21028080582618713, 0.1971287578344345, 0.21388891339302063, 0.19835519790649414, 0.23027122020721436, 0.2086627185344696, 0.18816430866718292, 0.21291740238666534, 0.21993553638458252, 0.19760218262672424, 0.1921149492263794, 0.20010334253311157, 0.2354813516139984, 0.19537685811519623, 0.19333189725875854, 0.18917368352413177, 0.330872505903244, 0.21151161193847656, 0.18991516530513763, 0.18835587799549103, 0.2024514228105545, 0.19967633485794067, 0.2022649049758911, 0.1992308795452118, 0.20910707116127014, 0.1993532031774521, 0.20665006339550018, 0.19869942963123322, 0.203125461935997, 0.19163331389427185, 0.233843594789505, 0.20024263858795166, 0.213822141289711, 0.2098042368888855, 0.19643156230449677, 0.21844831109046936, 0.20357845723628998, 0.2208644151687622, 0.2042972594499588, 0.2209164947271347, 0.20866021513938904, 0.2021590769290924, 0.22360771894454956, 0.21367432177066803, 0.19343553483486176, 0.19918040931224823, 0.2704608738422394, 0.2075851410627365, 0.19116230309009552, 0.19791805744171143, 0.19642461836338043, 0.21184024214744568, 0.1948584020137787, 0.19311773777008057, 0.20047979056835175, 0.2170996218919754, 0.18567103147506714, 0.23239238560199738, 0.1900794804096222, 0.1935616284608841, 0.19541344046592712, 0.21005992591381073, 0.21481198072433472, 0.20653559267520905, 0.19800715148448944, 0.19683080911636353, 0.2095218151807785, 0.30362141132354736, 0.20259171724319458, 0.1904304325580597, 0.20666640996932983, 0.1975310742855072, 0.24276092648506165, 0.19396820664405823, 0.2014787793159485, 0.23646098375320435, 0.1983759105205536, 0.19910739362239838, 0.1920536756515503, 0.1915653944015503, 0.21708759665489197, 0.22008560597896576, 0.20253898203372955, 0.19013908505439758, 0.24667127430438995, 0.2437126338481903, 0.18642617762088776, 0.23605260252952576, 0.20211483538150787, 0.1784283071756363, 0.2042439877986908, 0.2153535783290863, 0.23750323057174683, 0.18947117030620575, 0.19955690205097198, 0.24389410018920898, 0.20255306363105774, 0.21390880644321442, 0.20070047676563263, 0.21388551592826843, 0.19231925904750824, 0.20148473978042603, 0.30872642993927, 0.25303032994270325, 0.20048734545707703, 0.2510018050670624, 0.21668033301830292, 0.20276519656181335, 0.20497526228427887, 0.1866283416748047, 0.2396344244480133, 0.18165893852710724, 0.19083671271800995, 0.19111403822898865, 0.22962701320648193, 0.20011228322982788, 0.1848265677690506, 0.18860797584056854, 0.186225026845932, 0.21364009380340576, 0.20185540616512299, 0.1868881732225418, 0.19783572852611542, 0.18292762339115143, 0.20707844197750092, 0.18665023148059845, 0.19404907524585724, 0.19061830639839172, 0.20806998014450073, 0.22370599210262299, 0.1804453432559967, 0.2670021951198578, 0.19686010479927063, 0.19077478349208832, 0.18271975219249725, 0.189470574259758, 0.18964619934558868, 0.1948024332523346, 0.18967463076114655, 0.18302206695079803, 0.20576614141464233, 0.1897755116224289, 0.18365594744682312, 0.2659754753112793, 0.17647981643676758, 0.1853659600019455, 0.20289009809494019, 0.20642729103565216, 0.2019035369157791, 0.19173027575016022, 0.2541741728782654, 0.22941139340400696, 0.20269538462162018, 0.18155618011951447, 0.1779836118221283, 0.17771951854228973, 0.18039116263389587, 0.18966920673847198, 0.1851101666688919, 0.17977865040302277, 0.18322987854480743, 0.19948528707027435, 0.21688707172870636, 0.1964460015296936, 0.1957687884569168, 0.21437177062034607, 0.18260370194911957, 0.1899685263633728, 0.1830136924982071, 0.18194369971752167, 0.20099148154258728, 0.18568509817123413, 0.18338321149349213, 0.18994495272636414, 0.21170975267887115, 0.190979480743