,number,value,datetime_start,datetime_complete,duration,params_batch_size_scaler,params_constant_learning_rate,params_depth,params_epochs,params_kernel_l2,params_num_trees,params_temperature,user_attrs_accuracy_test,user_attrs_accuracy_valid,user_attrs_approximate_feature_sparsity,user_attrs_approximate_feature_sparsity_history,user_attrs_approximate_weight_sparsity,user_attrs_approximate_weight_sparsity_history,user_attrs_auc_test,user_attrs_auc_valid,user_attrs_feature_sparsity,user_attrs_feature_sparsity_history,user_attrs_num_epochs,user_attrs_val_loss_history,user_attrs_weight_sparsity,user_attrs_weight_sparsity_history,state
134,134,0.6088418286509255,2024-08-31 05:36:07.523087,2024-08-31 05:37:10.047675,0 days 00:01:02.524588,1,1.0509056032608122,4,75,0.011276932874826994,41,0.004819463324180527,0.859,0.85875,1,"[1, 1, 1, 1, 1, 1, 1, 1, 1, 1, 1, 1, 1, 1, 1, 1, 1, 1, 1, 1, 1, 1, 1, 1, 1, 1, 1, 1, 1, 1, 1, 1, 1, 1, 1, 1, 1, 1, 1, 1, 1, 1, 1, 1, 1, 1, 1, 1, 1, 1, 1, 1, 1, 1, 1, 1, 1, 1, 1, 1, 1, 1, 1, 1, 1, 1, 1, 1, 1, 1, 1, 1, 1, 1, 1]",1.0,"[1.0, 1.0, 1.0, 1.0, 1.0, 1.0, 0.9983739837398374, 1.0, 0.9983739837398374, 0.9983739837398374, 1.0, 1.0, 1.0, 1.0, 1.0, 0.9983739837398374, 1.0, 1.0, 1.0, 1.0, 1.0, 1.0, 1.0, 1.0, 1.0, 0.9983739837398374, 1.0, 1.0, 1.0, 1.0, 1.0, 1.0, 1.0, 1.0, 1.0, 1.0, 0.9983739837398374, 1.0, 1.0, 1.0, 1.0, 1.0, 1.0, 1.0, 1.0, 1.0, 0.9967479674796748, 1.0, 1.0, 0.9983739837398374, 1.0, 0.9967479674796748, 1.0, 1.0, 1.0, 1.0, 1.0, 1.0, 1.0, 1.0, 1.0, 1.0, 1.0, 1.0, 1.0, 0.9983739837398374, 1.0, 1.0, 1.0, 1.0, 1.0, 1.0, 1.0, 1.0, 1.0]",0.6144865793145584,0.6088418286509255,1,"[1, 1, 1, 1, 1, 1, 1, 1, 1, 1, 1, 1, 1, 1, 1, 1, 1, 1, 1, 1, 1, 1, 1, 1, 1, 1, 1, 1, 1, 1, 1, 1, 1, 1, 1, 1, 1, 1, 1, 1, 1, 1, 1, 1, 1, 1, 1, 1, 1, 1, 1, 1, 1, 1, 1, 1, 1, 1, 1, 1, 1, 1, 1, 1, 1, 1, 1, 1, 1, 1, 1, 1, 1, 1, 1]",75,"[0.38878142833709717, 0.39288443326950073, 0.39578142762184143, 0.406217485666275, 0.3910137116909027, 0.5765683054924011, 0.38595321774482727, 0.3857312500476837, 0.39836642146110535, 0.38721489906311035, 0.39711570739746094, 0.4152270555496216, 0.3831736445426941, 0.40065354108810425, 0.3825960159301758, 0.40040069818496704, 0.38264209032058716, 0.3846646547317505, 0.40113651752471924, 0.39464953541755676, 0.38309332728385925, 0.413166880607605, 0.38274094462394714, 0.4442584216594696, 0.38261669874191284, 0.3960542380809784, 0.42337924242019653, 0.40910130739212036, 0.39083805680274963, 0.38589680194854736, 0.3907584249973297, 0.3832932710647583, 0.3886732757091522, 0.46275070309638977, 0.3827313184738159, 0.38305437564849854, 0.4168354272842407, 0.3963701128959656, 0.38266050815582275, 0.38430073857307434, 0.4632326364517212, 0.4073367416858673, 0.38289278745651245, 0.4132923185825348, 0.38285884261131287, 0.39377155900001526, 0.41037845611572266, 0.3937705159187317, 0.3835325241088867, 0.3849732577800751, 0.38279446959495544, 0.3889325261116028, 0.38306790590286255, 0.38290053606033325, 0.4004564583301544, 0.3839128911495209, 0.3859325647354126, 0.38274985551834106, 0.3911184072494507, 0.3974728286266327, 0.4174762964248657, 0.38877949118614197, 0.3991091251373291, 0.3831222951412201, 0.3952726423740387, 0.41365811228752136, 0.38514018058776855, 0.38628023862838745, 0.397022008895874, 0.5084165930747986, 0.3855067789554596, 0.4250688850879669, 0.3835371136665344, 0.40558555722236633, 0.38299161195755005]",1.0,"[1.0, 1.0, 1.0, 1.0, 1.0, 1.0, 1.0, 1.0, 1.0, 1.0, 1.0, 1.0, 1.0, 1.0, 1.0, 1.0, 1.0, 1.0, 1.0, 1.0, 1.0, 1.0, 1.0, 1.0, 1.0, 1.0, 1.0, 1.0, 1.0, 1.0, 1.0, 1.0, 1.0, 1.0, 1.0, 1.0, 1.0, 1.0, 1.0, 1.0, 1.0, 1.0, 1.0, 1.0, 1.0, 1.0, 1.0, 1.0, 1.0, 1.0, 1.0, 1.0, 1.0, 1.0, 1.0, 1.0, 1.0, 1.0, 1.0, 1.0, 1.0, 1.0, 1.0, 1.0, 1.0, 1.0, 1.0, 1.0, 1.0, 1.0, 1.0, 1.0, 1.0, 1.0, 1.0]",COMPLETE
135,135,0.6635171516533344,2024-08-31 05:37:10.056662,2024-08-31 05:42:38.001055,0 days 00:05:27.944393,1,0.960783422201702,3,405,0.0010014493110337304,85,0.005263038962000915,0.829,0.83875,2,"[3, 3, 2, 2, 2, 2, 2, 2, 2, 2, 2, 2, 2, 2, 2, 2, 2, 2, 2, 2, 2, 2, 2, 2, 2, 2, 2, 2, 2, 2, 2, 2, 2, 2, 2, 2, 2, 2, 2, 2, 2, 2, 2, 2, 2, 2, 2, 2, 2, 2, 2, 2, 2, 2, 2, 2, 2, 2, 2, 2, 2, 2, 2, 2, 2, 2, 2, 2, 2, 2, 2, 2, 2, 2, 2, 2, 2, 2, 2, 2, 2, 2, 2, 2, 2, 2, 2, 2, 2, 2, 2, 2, 2, 2, 2, 2, 2, 2, 2, 2, 2, 2, 2, 2, 2, 2, 2, 2, 2, 2, 2, 2, 2, 2, 2, 2, 2, 2, 2, 2, 2, 2, 2, 2, 2, 2, 2, 2, 2, 2, 2, 2, 2, 2, 2, 2, 2, 2, 2, 2, 2, 2, 2, 2, 2, 2, 2, 2, 2, 2, 2, 2, 2, 2, 2, 2, 2, 2, 2, 2, 2, 2, 2, 2, 2, 2, 2, 2, 2, 2, 2, 2, 2, 2, 2, 2, 2, 2, 2, 2, 2, 2, 2, 2, 2, 2, 2, 2, 2, 2, 2, 2, 2, 2, 2, 2, 2, 2, 2, 2, 2, 2, 2, 2, 2, 2, 2, 2, 2, 2, 2, 2, 2, 2, 2, 2, 2, 2, 2, 2, 2, 2, 2, 2, 2, 2, 2, 2, 2, 2, 2, 2, 2, 2, 2, 2, 2, 2, 2, 2, 2, 2, 2, 2, 2, 2, 2, 2, 2, 2, 2, 2, 2, 2, 2, 2, 2, 2, 2, 2, 2, 2, 2, 2, 2, 2, 2, 2, 2, 2, 2, 2, 2, 2, 2, 2, 2, 2, 2, 2, 2, 2, 2, 2, 2, 2, 2, 2, 2, 2, 2, 2, 2, 2, 2, 2, 2, 2, 2, 2, 2, 2, 2, 2, 2, 2, 2, 2, 2, 2, 2, 2, 2, 2, 2, 2, 2, 2, 2, 2, 2, 2, 2, 2, 2, 2, 2, 2, 2, 2, 2, 2, 2, 2, 2, 2, 2, 2, 2, 2, 2, 2, 2, 2, 2, 2, 2, 2, 2, 2, 2, 2, 2, 2, 2, 2, 2, 2, 2, 2, 2, 2, 2, 2, 2, 2, 2, 2, 2, 2, 2, 2, 2, 2, 2, 2, 2, 2, 2, 2, 2, 2, 2, 2, 2, 2, 2, 2, 2, 2, 2, 2, 2, 2, 2, 2, 2, 2, 2, 2, 2, 2, 2, 2, 2]",1.9949579831932773,"[2.9983193277310924, 2.996638655462185, 1.9966386554621849, 2.0, 2.0, 1.9983193277310924, 1.9983193277310924, 2.0, 1.9983193277310924, 1.9966386554621849, 1.9966386554621849, 1.9983193277310924, 1.9966386554621849, 1.9983193277310924, 1.9966386554621849, 1.9983193277310924, 2.0, 1.9983193277310924, 2.0, 2.0, 1.9983193277310924, 2.0, 2.0, 2.0, 2.0, 2.0, 1.9966386554621849, 1.9983193277310924, 1.9966386554621849, 2.0, 2.0, 2.0, 2.0, 2.0, 2.0, 2.0, 2.0, 2.0, 1.9983193277310924, 1.9983193277310924, 2.0, 2.0, 1.9983193277310924, 2.0, 2.0, 2.0, 2.0, 1.9983193277310924, 2.0, 2.0, 2.0, 2.0, 2.0, 2.0, 2.0, 2.0, 2.0, 2.0, 2.0, 2.0, 2.0, 1.9983193277310924, 1.9966386554621849, 2.0, 1.9983193277310924, 1.9983193277310924, 1.9983193277310924, 1.9983193277310924, 2.0, 1.9983193277310924, 2.0, 2.0, 2.0, 1.9983193277310924, 2.0, 2.0, 2.0, 2.0, 2.0, 2.0, 1.9983193277310924, 1.9983193277310924, 2.0, 2.0, 2.0, 2.0, 2.0, 2.0, 2.0, 2.0, 2.0, 2.0, 2.0, 2.0, 2.0, 2.0, 2.0, 2.0, 2.0, 2.0, 1.9983193277310924, 1.9983193277310924, 2.0, 2.0, 2.0, 2.0, 2.0, 2.0, 2.0, 2.0, 2.0, 2.0, 1.9983193277310924, 2.0, 1.9983193277310924, 2.0, 2.0, 2.0, 2.0, 2.0, 2.0, 2.0, 2.0, 2.0, 2.0, 2.0, 2.0, 2.0, 2.0, 1.9983193277310924, 2.0, 1.9983193277310924, 1.9983193277310924, 1.9983193277310924, 2.0, 1.9983193277310924, 1.9983193277310924, 2.0, 2.0, 2.0, 2.0, 2.0, 2.0, 2.0, 2.0, 2.0, 2.0, 1.9983193277310924, 2.0, 1.9983193277310924, 2.0, 2.0, 1.9966386554621849, 2.0, 1.9983193277310924, 1.9966386554621849, 1.9983193277310924, 1.9983193277310924, 1.9983193277310924, 1.9966386554621849, 1.9983193277310924, 2.0, 1.9983193277310924, 1.9966386554621849, 1.9983193277310924, 1.9983193277310924, 2.0, 2.0, 2.0, 2.0, 1.9983193277310924, 2.0, 2.0, 2.0, 2.0, 2.0, 2.0, 1.9983193277310924, 2.0, 2.0, 2.0, 2.0, 2.0, 2.0, 2.0, 2.0, 2.0, 2.0, 2.0, 2.0, 2.0, 2.0, 2.0, 2.0, 2.0, 1.9983193277310924, 2.0, 1.9983193277310924, 2.0, 2.0, 2.0, 1.9983193277310924, 2.0, 1.9983193277310924, 2.0, 2.0, 2.0, 1.9983193277310924, 1.9983193277310924, 1.9983193277310924, 1.9983193277310924, 2.0, 1.9983193277310924, 2.0, 2.0, 1.9983193277310924, 1.9983193277310924, 1.9983193277310924, 1.9983193277310924, 1.9983193277310924, 1.9983193277310924, 1.9983193277310924, 1.9983193277310924, 1.9983193277310924, 1.9983193277310924, 1.9983193277310924, 1.9983193277310924, 2.0, 2.0, 2.0, 2.0, 2.0, 2.0, 2.0, 2.0, 1.9966386554621849, 1.9966386554621849, 1.9983193277310924, 2.0, 1.9983193277310924, 2.0, 2.0, 1.9983193277310924, 1.9966386554621849, 1.9983193277310924, 1.9983193277310924, 1.9983193277310924, 1.9983193277310924, 1.9983193277310924, 2.0, 2.0, 1.9983193277310924, 2.0, 2.0, 2.0, 2.0, 1.9983193277310924, 2.0, 1.9983193277310924, 1.9983193277310924, 2.0, 2.0, 1.9983193277310924, 2.0, 2.0, 2.0, 1.9983193277310924, 2.0, 1.9983193277310924, 2.0, 2.0, 2.0, 2.0, 2.0, 2.0, 2.0, 1.9983193277310924, 1.9983193277310924, 1.9983193277310924, 1.9983193277310924, 1.9983193277310924, 1.9983193277310924, 1.9983193277310924, 1.9983193277310924, 2.0, 2.0, 1.9983193277310924, 2.0, 1.9983193277310924, 1.9966386554621849, 2.0, 1.9983193277310924, 1.9983193277310924, 2.0, 2.0, 1.9983193277310924, 2.0, 1.9983193277310924, 1.9983193277310924, 1.9983193277310924, 1.9983193277310924, 2.0, 2.0, 2.0, 2.0, 2.0, 2.0, 1.9983193277310924, 2.0, 2.0, 2.0, 2.0, 2.0, 2.0, 2.0, 2.0, 2.0, 2.0, 2.0, 2.0, 2.0, 2.0, 2.0, 1.9983193277310924, 2.0, 2.0, 1.9983193277310924, 1.9983193277310924, 1.9983193277310924, 1.9983193277310924, 1.9983193277310924, 1.9983193277310924, 2.0, 2.0, 1.9983193277310924, 2.0, 2.0, 2.0, 2.0, 2.0, 2.0, 2.0, 1.9983193277310924, 2.0, 2.0, 2.0, 1.9983193277310924, 2.0, 2.0, 2.0, 2.0, 2.0, 2.0, 2.0, 2.0, 2.0, 2.0, 1.9983193277310924, 2.0, 2.0, 2.0, 2.0, 2.0, 2.0, 1.9983193277310924, 2.0, 2.0, 2.0, 1.9966386554621849, 1.9983193277310924, 2.0, 2.0, 2.0, 2.0, 1.9983193277310924, 1.9983193277310924, 1.9983193277310924, 1.9966386554621849, 1.9983193277310924, 1.9983193277310924, 1.9983193277310924, 1.9983193277310924, 1.9983193277310924, 1.9983193277310924, 1.9983193277310924, 1.9983193277310924, 1.9983193277310924, 1.9966386554621849, 1.9983193277310924, 1.9983193277310924, 1.9966386554621849, 1.9966386554621849, 1.9983193277310924, 1.9949579831932773, 1.9949579831932773, 1.9949579831932773, 1.9949579831932773, 1.9949579831932773, 1.9949579831932773, 1.9932773109243698, 1.9949579831932773, 1.9949579831932773, 1.9966386554621849, 1.9932773109243698, 1.9949579831932773]",0.6446635127436653,0.6635171516533344,2,"[3, 3, 2, 2, 2, 2, 2, 2, 2, 2, 2, 2, 2, 2, 2, 2, 2, 2, 2, 2, 2, 2, 2, 2, 2, 2, 2, 2, 2, 2, 2, 2, 2, 2, 2, 2, 2, 2, 2, 2, 2, 2, 2, 2, 2, 2, 2, 2, 2, 2, 2, 2, 2, 2, 2, 2, 2, 2, 2, 2, 2, 2, 2, 2, 2, 2, 2, 2, 2, 2, 2, 2, 2, 2, 2, 2, 2, 2, 2, 2, 2, 2, 2, 2, 2, 2, 2, 2, 2, 2, 2, 2, 2, 2, 2, 2, 2, 2, 2, 2, 2, 2, 2, 2, 2, 2, 2, 2, 2, 2, 2, 2, 2, 2, 2, 2, 2, 2, 2, 2, 2, 2, 2, 2, 2, 2, 2, 2, 2, 2, 2, 2, 2, 2, 2, 2, 2, 2, 2, 2, 2, 2, 2, 2, 2, 2, 2, 2, 2, 2, 2, 2, 2, 2, 2, 2, 2, 2, 2, 2, 2, 2, 2, 2, 2, 2, 2, 2, 2, 2, 2, 2, 2, 2, 2, 2, 2, 2, 2, 2, 2, 2, 2, 2, 2, 2, 2, 2, 2, 2, 2, 2, 2, 2, 2, 2, 2, 2, 2, 2, 2, 2, 2, 2, 2, 2, 2, 2, 2, 2, 2, 2, 2, 2, 2, 2, 2, 2, 2, 2, 2, 2, 2, 2, 2, 2, 2, 2, 2, 2, 2, 2, 2, 2, 2, 2, 2, 2, 2, 2, 2, 2, 2, 2, 2, 2, 2, 2, 2, 2, 2, 2, 2, 2, 2, 2, 2, 2, 2, 2, 2, 2, 2, 2, 2, 2, 2, 2, 2, 2, 2, 2, 2, 2, 2, 2, 2, 2, 2, 2, 2, 2, 2, 2, 2, 2, 2, 2, 2, 2, 2, 2, 2, 2, 2, 2, 2, 2, 2, 2, 2, 2, 2, 2, 2, 2, 2, 2, 2, 2, 2, 2, 2, 2, 2, 2, 2, 2, 2, 2, 2, 2, 2, 2, 2, 2, 2, 2, 2, 2, 2, 2, 2, 2, 2, 2, 2, 2, 2, 2, 2, 2, 2, 2, 2, 2, 2, 2, 2, 2, 2, 2, 2, 2, 2, 2, 2, 2, 2, 2, 2, 2, 2, 2, 2, 2, 2, 2, 2, 2, 2, 2, 2, 2, 2, 2, 2, 2, 2, 2, 2, 2, 2, 2, 2, 2, 2, 2, 2, 2, 2, 2, 2, 2, 2, 2, 2, 2, 2, 2, 2, 2, 2, 2, 2]",405,"[0.7012574076652527, 0.6027145981788635, 0.586757481098175, 0.7139833569526672, 0.4881575405597687, 0.39046722650527954, 0.38032305240631104, 1.1822235584259033, 0.6753842234611511, 0.48538410663604736, 0.3774431347846985, 0.8958773612976074, 0.957644522190094, 0.46331489086151123, 0.37375858426094055, 0.5556912422180176, 0.7423532009124756, 0.4001375436782837, 0.3887954652309418, 0.5153239369392395, 1.2380549907684326, 0.3798561096191406, 0.5234958529472351, 0.4074469804763794, 0.4211154282093048, 0.7488241791725159, 0.3958582282066345, 0.4627620279788971, 0.6329550743103027, 0.40124785900115967, 0.4765039384365082, 0.6496397256851196, 0.39985865354537964, 0.47042518854141235, 1.0400888919830322, 0.6333275437355042, 0.6799888610839844, 0.5419123768806458, 0.39525601267814636, 0.37619730830192566, 0.44128280878067017, 0.40607571601867676, 0.6752094030380249, 0.5593546628952026, 0.3933100998401642, 1.5709103345870972, 0.3931843936443329, 0.9900026917457581, 1.4025869369506836, 0.5171260237693787, 0.3962940275669098, 0.4975477159023285, 0.737389087677002, 0.5647552013397217, 0.7489635944366455, 0.41159239411354065, 0.38191553950309753, 0.7043372988700867, 0.796530544757843, 0.4374559819698334, 0.4980390667915344, 0.40548691153526306, 1.1331712007522583, 2.628096580505371, 0.6241798400878906, 0.561958372592926, 0.48065510392189026, 0.42314374446868896, 0.4402102530002594, 0.5247431397438049, 0.6854168176651001, 0.4317988157272339, 0.4073018729686737, 0.4350673258304596, 0.4829036295413971, 1.8431978225708008, 0.40132686495780945, 0.5757016539573669, 0.411061555147171, 0.5656262040138245, 0.5396620035171509, 0.6818597912788391, 0.7502997517585754, 0.4447777569293976, 0.785368025302887, 0.6756818890571594, 0.7865009307861328, 1.22930908203125, 0.3823607265949249, 0.3954577147960663, 0.6256914734840393, 0.9309440851211548, 0.7092957496643066, 0.7373591661453247, 0.6378539800643921, 0.543895959854126, 0.4495672881603241, 0.4979828894138336, 0.3871617019176483, 0.3833368718624115, 0.42273998260498047, 0.4829283058643341, 0.7939341068267822, 0.43343329429626465, 0.49448880553245544, 0.4171542823314667, 0.3989470303058624, 0.36695683002471924, 0.5395305156707764, 0.5092456340789795, 0.38187724351882935, 0.38984689116477966, 0.675525963306427, 0.9128866791725159, 0.9659102559089661, 0.4321536123752594, 0.4066270887851715, 0.7719775438308716, 0.6384509205818176, 0.5588377118110657, 0.37125179171562195, 0.4093935787677765, 0.4309394359588623, 0.5124766826629639, 0.6375482082366943, 0.3770846426486969, 1.0215067863464355, 0.6976214647293091, 0.5656769275665283, 0.7292336225509644, 0.7980268001556396, 0.5650030374526978, 0.7772329449653625, 0.5408653616905212, 0.4506252408027649, 0.40551120042800903, 0.44264671206474304, 0.7462811470031738, 0.3949110805988312, 0.3837498426437378, 0.47111883759498596, 0.373733788728714, 1.3243626356124878, 0.4289122521877289, 0.4330211877822876, 0.4303613603115082, 0.6141610145568848, 0.9491181969642639, 1.0416755676269531, 1.0348199605941772, 0.3923625648021698, 0.9321436285972595, 0.3920505940914154, 0.466222882270813, 0.532524824142456, 0.4649754762649536, 1.7535667419433594, 0.3760017156600952, 0.7324829697608948, 0.47362959384918213, 0.40726837515830994, 0.7620301246643066, 0.44316089153289795, 0.5244289040565491, 0.4378108084201813, 0.39520350098609924, 1.1404376029968262, 0.48053181171417236, 0.6575927138328552, 0.570125937461853, 0.40698885917663574, 0.42182543873786926, 0.40982985496520996, 0.7693315744400024, 0.3900483250617981, 0.4720473885536194, 0.8621299266815186, 0.38606810569763184, 0.8561369180679321, 0.5428525805473328, 0.7749297618865967, 1.5211875438690186, 0.6229878067970276, 0.6059422492980957, 0.4076756536960602, 0.4080442190170288, 0.5663633346557617, 0.37771379947662354, 0.42443495988845825, 0.43896016478538513, 1.5296193361282349, 1.7672810554504395, 0.40043655037879944, 0.4250698387622833, 0.4198340177536011, 0.41948288679122925, 0.4237021505832672, 0.816933810710907, 1.2255264520645142, 0.4252816438674927, 0.6318952441215515, 0.43367934226989746, 0.482160747051239, 0.3953581750392914, 0.6238678693771362, 0.39880648255348206, 0.41878676414489746, 1.0428481101989746, 0.4070168733596802, 0.7320506572723389, 0.41079628467559814, 0.3837096095085144, 0.3878461718559265, 0.41375625133514404, 1.4658643007278442, 0.5522975325584412, 0.8933560252189636, 0.43147388100624084, 0.42377379536628723, 0.6040434241294861, 0.3973435163497925, 0.39965760707855225, 0.3846389055252075, 0.9167684316635132, 1.7993615865707397, 0.411335825920105, 0.41785210371017456, 1.3317314386367798, 0.41950997710227966, 0.5464963316917419, 0.3909998834133148, 0.9867817759513855, 0.5348637104034424, 0.4163890480995178, 0.3832665681838989, 1.1020097732543945, 0.4273211658000946, 1.6173920631408691, 0.8624224662780762, 0.39956900477409363, 0.40080973505973816, 0.6720175743103027, 0.38114094734191895, 0.3914511799812317, 0.43900951743125916, 0.4042872190475464, 0.4894203245639801, 0.4478949010372162, 0.4753636121749878, 0.5119998455047607, 1.395537257194519, 0.4309156537055969, 0.8475440144538879, 0.8616546392440796, 0.3718118667602539, 0.4041910469532013, 0.7466356754302979, 0.507301390171051, 0.39497455954551697, 0.3876974582672119, 0.4062572419643402, 1.5885322093963623, 0.4260628819465637, 0.37523624300956726, 0.38043317198753357, 0.3911595940589905, 0.6385716795921326, 0.7667848467826843, 0.4022945761680603, 0.5442750453948975, 0.438802570104599, 0.37667667865753174, 0.37759456038475037, 0.4360414743423462, 0.5078616142272949, 0.3880249261856079, 0.38023582100868225, 0.9865046739578247, 0.7246636152267456, 0.4424310028553009, 0.4414837956428528, 0.6423060894012451, 0.586449921131134, 0.41423603892326355, 0.9302190542221069, 1.0957468748092651, 1.1187669038772583, 0.38891270756721497, 0.5923792719841003, 0.7509523034095764, 1.4939484596252441, 0.8061052560806274, 0.4006210267543793, 0.3983607888221741, 0.43214595317840576, 0.4426773488521576, 0.4882342219352722, 2.138673782348633, 0.3922315239906311, 0.8955369591712952, 0.6711187958717346, 0.5901802182197571, 0.40899619460105896, 0.47679218649864197, 0.5571159720420837, 0.45394718647003174, 0.458805114030838, 0.38288429379463196, 0.39420759677886963, 0.395072340965271, 0.8443366885185242, 0.4054926335811615, 0.6055899858474731, 0.4108348488807678, 0.3972254991531372, 0.4544276297092438, 0.3721596598625183, 0.38352134823799133, 0.4775388836860657, 0.42752838134765625, 0.5981674790382385, 0.600747287273407, 0.4317975640296936, 0.4715820550918579, 0.8045273423194885, 0.4175373315811157, 0.4600638449192047, 0.44554051756858826, 0.3917296230792999, 0.5445820093154907, 0.8605647087097168, 0.3932317793369293, 0.3926018178462982, 0.4741298258304596, 0.39506348967552185, 0.46298882365226746, 0.9996552467346191, 0.8994197845458984, 0.5813363790512085, 0.45604580640792847, 0.5411936640739441, 0.418455570936203, 0.6814801096916199, 0.44597750902175903, 0.3830183446407318, 0.44432970881462097, 0.4072361886501312, 1.5095951557159424, 0.6162465810775757, 0.4314952790737152, 0.3810517191886902, 0.7474956512451172, 0.3696850538253784, 1.0935733318328857, 0.49838951230049133, 0.3796904385089874, 0.40116873383522034, 0.4763723611831665, 0.974891722202301, 0.4507277309894562, 0.3888263702392578, 0.45319077372550964, 0.44516777992248535, 0.4082157611846924, 0.6111285090446472, 0.8901239633560181, 0.6990105509757996, 0.4964306950569153, 0.422123521566391, 0.40269768238067627, 0.47125017642974854, 0.4141433835029602, 0.5069851875305176, 1.6275572776794434, 0.5087417364120483, 0.48198601603507996, 0.5314372777938843, 0.574540376663208, 0.5874311923980713, 0.43725594878196716, 0.6487893462181091, 0.781700074672699, 0.4917058050632477, 1.3664915561676025, 1.4125549793243408, 0.39972683787345886, 0.6746236681938171, 1.1244497299194336, 1.1267170906066895, 0.4642583727836609, 0.3974713385105133, 0.5001711845397949, 0.3886089324951172, 0.3899754583835602, 0.4124528169631958, 0.3897501826286316, 0.3990486264228821, 0.4083898663520813, 0.4033636450767517, 0.5499709844589233, 1.318571925163269, 0.5069867372512817, 0.39750251173973083, 0.3959924280643463, 0.5481611490249634]",2.0,"[3.0, 3.0, 2.0, 2.0, 2.0, 2.0, 2.0, 2.0, 2.0, 2.0, 2.0, 2.0, 2.0, 2.0, 2.0, 2.0, 2.0, 2.0, 2.0, 2.0, 2.0, 2.0, 2.0, 2.0, 2.0, 2.0, 2.0, 2.0, 2.0, 2.0, 2.0, 2.0, 2.0, 2.0, 2.0, 2.0, 2.0, 2.0, 2.0, 2.0, 2.0, 2.0, 2.0, 2.0, 2.0, 2.0, 2.0, 2.0, 2.0, 2.0, 2.0, 2.0, 2.0, 2.0, 2.0, 2.0, 2.0, 2.0, 2.0, 2.0, 2.0, 2.0, 2.0, 2.0, 2.0, 2.0, 2.0, 2.0, 2.0, 2.0, 2.0, 2.0, 2.0, 2.0, 2.0, 2.0, 2.0, 2.0, 2.0, 2.0, 2.0, 2.0, 2.0, 2.0, 2.0, 2.0, 2.0, 2.0, 2.0, 2.0, 2.0, 2.0, 2.0, 2.0, 2.0, 2.0, 2.0, 2.0, 2.0, 2.0, 2.0, 2.0, 2.0, 2.0, 2.0, 2.0, 2.0, 2.0, 2.0, 2.0, 2.0, 2.0, 2.0, 2.0, 2.0, 2.0, 2.0, 2.0, 2.0, 2.0, 2.0, 2.0, 2.0, 2.0, 2.0, 2.0, 2.0, 2.0, 2.0, 2.0, 2.0, 2.0, 2.0, 2.0, 2.0, 2.0, 2.0, 2.0, 2.0, 2.0, 2.0, 2.0, 2.0, 2.0, 2.0, 2.0, 2.0, 2.0, 2.0, 2.0, 2.0, 2.0, 2.0, 2.0, 2.0, 2.0, 2.0, 2.0, 2.0, 2.0, 2.0, 2.0, 2.0, 2.0, 2.0, 2.0, 2.0, 2.0, 2.0, 2.0, 2.0, 2.0, 2.0, 2.0, 2.0, 2.0, 2.0, 2.0, 2.0, 2.0, 2.0, 2.0, 2.0, 2.0, 2.0, 2.0, 2.0, 2.0, 2.0, 2.0, 2.0, 2.0, 2.0, 2.0, 2.0, 2.0, 2.0, 2.0, 2.0, 2.0, 2.0, 2.0, 2.0, 2.0, 2.0, 2.0, 2.0, 2.0, 2.0, 2.0, 2.0, 2.0, 2.0, 2.0, 2.0, 2.0, 2.0, 2.0, 2.0, 2.0, 2.0, 2.0, 2.0, 2.0, 2.0, 2.0, 2.0, 2.0, 2.0, 2.0, 2.0, 2.0, 2.0, 2.0, 2.0, 2.0, 2.0, 2.0, 2.0, 2.0, 2.0, 2.0, 2.0, 2.0, 2.0, 2.0, 2.0, 2.0, 2.0, 2.0, 2.0, 2.0, 2.0, 2.0, 2.0, 2.0, 2.0, 2.0, 2.0, 2.0, 2.0, 2.0, 2.0, 2.0, 2.0, 2.0, 2.0, 2.0, 2.0, 2.0, 2.0, 2.0, 2.0, 2.0, 2.0, 2.0, 2.0, 2.0, 2.0, 2.0, 2.0, 2.0, 2.0, 2.0, 2.0, 2.0, 2.0, 2.0, 2.0, 2.0, 2.0, 2.0, 2.0, 2.0, 2.0, 2.0, 2.0, 2.0, 2.0, 2.0, 2.0, 2.0, 2.0, 2.0, 2.0, 2.0, 2.0, 2.0, 2.0, 2.0, 2.0, 2.0, 2.0, 2.0, 2.0, 2.0, 2.0, 2.0, 2.0, 2.0, 2.0, 2.0, 2.0, 2.0, 2.0, 2.0, 2.0, 2.0, 2.0, 2.0, 2.0, 2.0, 2.0, 2.0, 2.0, 2.0, 2.0, 2.0, 2.0, 2.0, 2.0, 2.0, 2.0, 2.0, 2.0, 2.0, 2.0, 2.0, 2.0, 2.0, 2.0, 2.0, 2.0, 2.0, 2.0, 2.0, 2.0, 2.0, 2.0, 2.0, 2.0, 2.0, 2.0, 2.0, 2.0, 2.0, 2.0, 2.0, 2.0, 2.0, 2.0, 2.0, 2.0, 2.0, 2.0, 2.0, 2.0, 2.0, 2.0, 2.0, 2.0, 2.0, 2.0, 2.0, 2.0, 2.0, 2.0, 2.0, 2.0, 2.0, 2.0, 2.0, 2.0, 2.0, 2.0, 2.0, 2.0, 2.0, 2.0, 2.0, 2.0, 2.0, 2.0, 2.0, 2.0]",COMPLETE
