,number,value,datetime_start,datetime_complete,duration,params_batch_size_scaler,params_constant_learning_rate,params_depth,params_epochs,params_kernel_l2,params_num_trees,params_temperature,user_attrs_accuracy_test,user_attrs_accuracy_valid,user_attrs_approximate_feature_sparsity,user_attrs_approximate_feature_sparsity_history,user_attrs_approximate_weight_sparsity,user_attrs_approximate_weight_sparsity_history,user_attrs_auc_test,user_attrs_auc_valid,user_attrs_feature_sparsity,user_attrs_feature_sparsity_history,user_attrs_num_epochs,user_attrs_val_loss_history,user_attrs_weight_sparsity,user_attrs_weight_sparsity_history,state
83,83,0.7637155260140922,2024-08-31 03:50:05.194435,2024-08-31 03:52:30.211299,0 days 00:02:25.016864,16,0.09842650572433845,5,145,0.006738179289633128,88,0.0021672996517187126,0.879,0.87375,33,"[33, 33, 33, 33, 33, 33, 33, 33, 33, 33, 33, 33, 33, 33, 33, 33, 33, 33, 33, 33, 33, 33, 33, 33, 33, 33, 33, 33, 33, 33, 33, 33, 33, 33, 33, 33, 33, 33, 33, 33, 33, 33, 33, 33, 33, 33, 33, 33, 33, 33, 33, 33, 33, 33, 33, 33, 33, 33, 33, 33, 33, 33, 33, 33, 33, 33, 33, 33, 33, 33, 33, 33, 33, 33, 33, 33, 33, 33, 33, 33, 33, 33, 33, 33, 33, 33, 33, 33, 33, 33, 33, 33, 33, 33, 33, 33, 33, 33, 33, 33, 33, 33, 33, 33, 33, 33, 33, 33, 33, 33, 33, 33, 33, 33, 33, 33, 33, 33, 33, 33, 33, 33, 33, 33, 33, 33, 33, 33, 33, 33, 33, 33, 33, 33, 33, 33, 33, 33, 33, 33, 33, 33, 33, 33, 33]",32.925586510263926,"[32.92302052785924, 32.92118768328446, 32.92741935483871, 32.92778592375367, 32.92375366568915, 32.93328445747801, 32.92851906158358, 32.92265395894428, 32.92192082111437, 32.9299853372434, 32.92008797653959, 32.92338709677419, 32.92741935483871, 32.927052785923756, 32.92595307917889, 32.918988269794724, 32.91642228739003, 32.921554252199414, 32.92118768328446, 32.92118768328446, 32.92338709677419, 32.92448680351906, 32.92338709677419, 32.92192082111437, 32.923753665689155, 32.92045454545455, 32.917155425219946, 32.91862170087977, 32.91935483870968, 32.916422287390034, 32.91862170087977, 32.918988269794724, 32.91898826979472, 32.91898826979472, 32.918255131964806, 32.9208211143695, 32.92118768328446, 32.921554252199414, 32.926319648093845, 32.92521994134898, 32.92375366568915, 32.9266862170088, 32.9299853372434, 32.92778592375367, 32.92778592375367, 32.922287390029325, 32.92265395894428, 32.92118768328446, 32.92338709677419, 32.92008797653959, 32.92192082111437, 32.92045454545455, 32.921554252199414, 32.91788856304986, 32.922287390029325, 32.926319648093845, 32.929618768328446, 32.93035190615836, 32.926319648093845, 32.9241202346041, 32.926319648093845, 32.92778592375367, 32.92851906158358, 32.92265395894428, 32.92265395894428, 32.9266862170088, 32.925586510263926, 32.9266862170088, 32.9241202346041, 32.92741935483871, 32.92521994134898, 32.92302052785924, 32.9241202346041, 32.9266862170088, 32.92521994134898, 32.925586510263926, 32.926319648093845, 32.929618768328446, 32.929618768328446, 32.92815249266862, 32.9299853372434, 32.92815249266862, 32.93255131964809, 32.93071847507331, 32.92851906158358, 32.93108504398827, 32.9266862170088, 32.93035190615836, 32.931451612903224, 32.928885630498534, 32.92778592375367, 32.928885630498534, 32.927052785923756, 32.92925219941349, 32.927052785923756, 32.9266862170088, 32.92448680351906, 32.9299853372434, 32.933651026392965, 32.93255131964809, 32.935483870967744, 32.93401759530792, 32.93695014662757, 32.933651026392965, 32.93511730205279, 32.933651026392965, 32.93328445747801, 32.93401759530792, 32.93695014662757, 32.939516129032256, 32.9358504398827, 32.93731671554252, 32.932184750733136, 32.93035190615836, 32.92778592375367, 32.92741935483871, 32.9266862170088, 32.92485337243402, 32.9299853372434, 32.933284457478, 32.932184750733136, 32.93475073313783, 32.93108504398827, 32.93401759530792, 32.93658357771261, 32.93841642228739, 32.93438416422288, 32.931451612903224, 32.933651026392965, 32.933651026392965, 32.93475073313783, 32.93695014662757, 32.93658357771261, 32.933651026392965, 32.9325513196481, 32.93658357771261, 32.934017595307914, 32.933284457478, 32.93218475073314, 32.93071847507331, 32.929618768328446, 32.931451612903224, 32.92925219941349, 32.92265395894428, 32.925586510263926]",0.795085824684814,0.7637155260140922,33,"[33, 33, 33, 33, 33, 33, 33, 33, 33, 33, 33, 33, 33, 33, 33, 33, 33, 33, 33, 33, 33, 33, 33, 33, 33, 33, 33, 33, 33, 33, 33, 33, 33, 33, 33, 33, 33, 33, 33, 33, 33, 33, 33, 33, 33, 33, 33, 33, 33, 33, 33, 33, 33, 33, 33, 33, 33, 33, 33, 33, 33, 33, 33, 33, 33, 33, 33, 33, 33, 33, 33, 33, 33, 33, 33, 33, 33, 33, 33, 33, 33, 33, 33, 33, 33, 33, 33, 33, 33, 33, 33, 33, 33, 33, 33, 33, 33, 33, 33, 33, 33, 33, 33, 33, 33, 33, 33, 33, 33, 33, 33, 33, 33, 33, 33, 33, 33, 33, 33, 33, 33, 33, 33, 33, 33, 33, 33, 33, 33, 33, 33, 33, 33, 33, 33, 33, 33, 33, 33, 33, 33, 33, 33, 33, 33]",145,"[0.4190305471420288, 0.40290287137031555, 0.39877209067344666, 0.396236389875412, 0.3940635323524475, 0.39222630858421326, 0.39048507809638977, 0.38885635137557983, 0.38734984397888184, 0.38601425290107727, 0.3847583532333374, 0.383602112531662, 0.3825169503688812, 0.38146403431892395, 0.3806666135787964, 0.3797137439250946, 0.3787488639354706, 0.37795838713645935, 0.3773573040962219, 0.3765532672405243, 0.3759174644947052, 0.37525680661201477, 0.37475672364234924, 0.37406790256500244, 0.3734995722770691, 0.37300345301628113, 0.3724793493747711, 0.3720672130584717, 0.3714885413646698, 0.3710666596889496, 0.37061750888824463, 0.37025681138038635, 0.3698563873767853, 0.3694869577884674, 0.3691044747829437, 0.36862191557884216, 0.36830398440361023, 0.3681018352508545, 0.3676259517669678, 0.36711832880973816, 0.36675381660461426, 0.3664272725582123, 0.3661646246910095, 0.36581313610076904, 0.36546868085861206, 0.36506158113479614, 0.3647520840167999, 0.3644609749317169, 0.36415112018585205, 0.36378800868988037, 0.3636001944541931, 0.36336955428123474, 0.3630761206150055, 0.362731397151947, 0.3624964952468872, 0.3619729280471802, 0.3616550862789154, 0.3614518344402313, 0.3611377477645874, 0.36081984639167786, 0.36049512028694153, 0.3602985441684723, 0.35998469591140747, 0.3596501648426056, 0.3593805432319641, 0.3591952919960022, 0.3588712811470032, 0.3585429787635803, 0.3582439422607422, 0.3579546809196472, 0.35765010118484497, 0.3574431240558624, 0.35713908076286316, 0.3569059669971466, 0.3566037714481354, 0.35632893443107605, 0.3561830520629883, 0.35591769218444824, 0.3556322157382965, 0.35538986325263977, 0.35493534803390503, 0.35459744930267334, 0.35440486669540405, 0.35410284996032715, 0.35385212302207947, 0.353532075881958, 0.3533272445201874, 0.3531160056591034, 0.3527890741825104, 0.35260331630706787, 0.35225096344947815, 0.35209205746650696, 0.35174956917762756, 0.3514482378959656, 0.3511594831943512, 0.3510398864746094, 0.35078418254852295, 0.3503870666027069, 0.35026779770851135, 0.3499394953250885, 0.34954342246055603, 0.3492734432220459, 0.3489651083946228, 0.34878578782081604, 0.34854960441589355, 0.3482658863067627, 0.34800001978874207, 0.3478180766105652, 0.3475399911403656, 0.3473810851573944, 0.3470075726509094, 0.3467531204223633, 0.3466288447380066, 0.3462640643119812, 0.34591996669769287, 0.34562182426452637, 0.34542137384414673, 0.34534260630607605, 0.3449094295501709, 0.34470126032829285, 0.3443879783153534, 0.34414786100387573, 0.34405308961868286, 0.34373655915260315, 0.34346407651901245, 0.3431382477283478, 0.3429110050201416, 0.34278368949890137, 0.3426072597503662, 0.3423023521900177, 0.34203770756721497, 0.3417305052280426, 0.34155207872390747, 0.34126389026641846, 0.3410550057888031, 0.34086769819259644, 0.3405512571334839, 0.34029459953308105, 0.3399730622768402, 0.3397459387779236, 0.3395230770111084, 0.3393685817718506, 0.33935508131980896, 0.3389991819858551, 0.3386586308479309]",33.0,"[33.0, 33.0, 33.0, 33.0, 33.0, 33.0, 33.0, 33.0, 33.0, 33.0, 33.0, 33.0, 33.0, 33.0, 33.0, 33.0, 33.0, 33.0, 33.0, 33.0, 33.0, 33.0, 33.0, 33.0, 33.0, 33.0, 33.0, 33.0, 33.0, 33.0, 33.0, 33.0, 33.0, 33.0, 33.0, 33.0, 33.0, 33.0, 33.0, 33.0, 33.0, 33.0, 33.0, 33.0, 33.0, 33.0, 33.0, 33.0, 33.0, 33.0, 33.0, 33.0, 33.0, 33.0, 33.0, 33.0, 33.0, 33.0, 33.0, 33.0, 33.0, 33.0, 33.0, 33.0, 33.0, 33.0, 33.0, 33.0, 33.0, 33.0, 33.0, 33.0, 33.0, 33.0, 33.0, 33.0, 33.0, 33.0, 33.0, 33.0, 33.0, 33.0, 33.0, 33.0, 33.0, 33.0, 33.0, 33.0, 33.0, 33.0, 33.0, 33.0, 33.0, 33.0, 33.0, 33.0, 33.0, 33.0, 33.0, 33.0, 33.0, 33.0, 33.0, 33.0, 33.0, 33.0, 33.0, 33.0, 33.0, 33.0, 33.0, 33.0, 33.0, 33.0, 33.0, 33.0, 33.0, 33.0, 33.0, 33.0, 33.0, 33.0, 33.0, 33.0, 33.0, 33.0, 33.0, 33.0, 33.0, 33.0, 33.0, 33.0, 33.0, 33.0, 33.0, 33.0, 33.0, 33.0, 33.0, 33.0, 33.0, 33.0, 33.0, 33.0, 33.0]",COMPLETE
84,84,0.6898403988097539,2024-08-31 03:52:32.960972,2024-08-31 03:53:13.314734,0 days 00:00:40.353762,64,0.01593584003351593,3,235,0.750498717948882,17,0.047209004878406194,0.859,0.85875,33,"[33, 33, 33, 33, 33, 33, 33, 33, 33, 33, 33, 33, 33, 33, 33, 33, 33, 33, 33, 33, 33, 33, 33, 33, 33, 33, 33, 33, 33, 33, 33, 33, 33, 33, 33, 33, 33, 33, 33, 33, 33, 33, 33, 33, 33, 33, 33, 33, 33, 33, 33, 33, 33, 33, 33, 33, 33, 33, 33, 33, 33, 33, 33, 33, 33, 33, 33, 33, 33, 33, 33, 33, 33, 33, 33, 33, 33, 33, 33, 33, 33, 33, 33, 33, 33, 33, 33, 33, 33, 33, 33, 33, 33, 33, 33, 33, 33, 33, 33, 33, 33, 33, 33, 33, 33, 33, 33, 33, 33, 33, 33, 33, 33, 33, 33, 33, 33, 33, 33, 33, 33, 33, 33, 33, 33, 33, 33, 33, 33, 33, 33, 33, 33, 33, 33, 33, 33, 33, 33, 33, 33, 33, 33, 33, 33, 33, 33, 33, 33, 33, 33, 33, 33, 33, 33, 33, 33, 33, 33, 33, 33, 33, 33, 33, 33, 33, 33, 33, 33, 33, 33, 33, 33, 33, 33, 33, 33, 33, 33, 33, 33, 33, 33, 33, 33, 33, 33, 33, 33, 33, 33, 33, 33, 33, 33, 33, 33, 33, 33, 33, 33, 33, 33, 33, 33, 33, 33, 33, 33, 33, 33, 33, 33, 33, 33, 33, 33, 33, 33, 33, 33, 33, 33, 33, 33, 33, 33, 33, 33, 33, 33, 33, 33, 33, 33]",32.991596638655466,"[32.991596638655466, 32.96638655462185, 32.983193277310924, 32.991596638655466, 32.983193277310924, 33.0, 33.0, 32.991596638655466, 32.991596638655466, 33.0, 33.0, 32.991596638655466, 33.0, 33.0, 32.991596638655466, 33.0, 33.0, 33.0, 32.991596638655466, 32.983193277310924, 32.991596638655466, 32.991596638655466, 32.991596638655466, 32.991596638655466, 32.983193277310924, 32.983193277310924, 32.983193277310924, 32.96638655462185, 32.96638655462185, 32.983193277310924, 32.983193277310924, 32.983193277310924, 32.97478991596638, 32.96638655462185, 32.96638655462185, 32.97478991596638, 32.96638655462185, 32.957983193277315, 32.97478991596638, 32.97478991596638, 32.97478991596638, 32.96638655462185, 32.96638655462185, 32.957983193277315, 32.94957983193277, 32.94957983193277, 32.94117647058823, 32.96638655462185, 32.96638655462185, 32.96638655462185, 32.96638655462185, 32.957983193277315, 32.96638655462185, 32.983193277310924, 32.983193277310924, 32.983193277310924, 32.97478991596638, 32.97478991596638, 32.97478991596638, 32.96638655462185, 32.96638655462185, 32.96638655462185, 32.97478991596638, 32.97478991596638, 32.983193277310924, 32.983193277310924, 32.983193277310924, 32.97478991596638, 32.983193277310924, 32.97478991596638, 32.983193277310924, 32.97478991596638, 32.96638655462185, 32.96638655462185, 32.96638655462185, 32.957983193277315, 32.94957983193277, 32.96638655462185, 32.96638655462185, 32.97478991596638, 32.97478991596638, 32.97478991596638, 32.97478991596638, 32.991596638655466, 32.991596638655466, 32.991596638655466, 32.983193277310924, 32.991596638655466, 32.991596638655466, 32.991596638655466, 32.983193277310924, 32.991596638655466, 32.991596638655466, 32.991596638655466, 32.97478991596638, 32.983193277310924, 32.983193277310924, 32.97478991596638, 32.983193277310924, 32.983193277310924, 32.983193277310924, 32.983193277310924, 32.983193277310924, 32.991596638655466, 32.991596638655466, 32.991596638655466, 33.0, 33.0, 32.991596638655466, 32.97478991596638, 32.96638655462185, 32.957983193277315, 32.957983193277315, 32.96638655462185, 32.97478991596638, 32.983193277310924, 32.991596638655466, 32.991596638655466, 32.97478991596638, 32.97478991596638, 32.97478991596638, 32.983193277310924, 32.983193277310924, 32.97478991596638, 32.991596638655466, 32.983193277310924, 32.983193277310924, 33.0, 32.991596638655466, 32.991596638655466, 32.991596638655466, 33.0, 32.97478991596638, 32.983193277310924, 32.983193277310924, 32.991596638655466, 33.0, 32.991596638655466, 32.991596638655466, 32.991596638655466, 32.991596638655466, 32.983193277310924, 32.983193277310924, 32.97478991596638, 32.991596638655466, 32.983193277310924, 32.983193277310924, 32.983193277310924, 32.97478991596638, 32.96638655462185, 32.96638655462185, 32.96638655462185, 32.97478991596638, 32.97478991596638, 32.991596638655466, 32.991596638655466, 32.983193277310924, 32.983193277310924, 33.0, 33.0, 33.0, 33.0, 32.983193277310924, 32.97478991596638, 32.983193277310924, 32.991596638655466, 32.983193277310924, 32.983193277310924, 32.983193277310924, 32.97478991596638, 32.983193277310924, 32.983193277310924, 32.983193277310924, 32.983193277310924, 32.991596638655466, 32.991596638655466, 32.991596638655466, 32.991596638655466, 32.991596638655466, 32.991596638655466, 32.991596638655466, 32.991596638655466, 32.991596638655466, 32.991596638655466, 32.991596638655466, 32.983193277310924, 32.983193277310924, 32.983193277310924, 32.983193277310924, 32.991596638655466, 32.991596638655466, 33.0, 33.0, 32.991596638655466, 32.991596638655466, 32.991596638655466, 32.991596638655466, 32.983193277310924, 32.983193277310924, 32.983193277310924, 32.983193277310924, 32.991596638655466, 33.0, 33.0, 33.0, 33.0, 32.991596638655466, 32.991596638655466, 32.991596638655466, 32.991596638655466, 32.983193277310924, 32.97478991596638, 32.97478991596638, 32.983193277310924, 32.97478991596638, 32.97478991596638, 32.983193277310924, 32.991596638655466, 33.0, 33.0, 32.991596638655466, 32.991596638655466, 32.991596638655466, 32.991596638655466, 32.991596638655466, 32.991596638655466, 32.991596638655466, 32.991596638655466, 32.991596638655466, 32.991596638655466, 32.991596638655466, 32.983193277310924, 32.97478991596638, 32.983193277310924, 32.991596638655466]",0.7228345676566023,0.6898403988097539,33,"[33, 33, 33, 33, 33, 33, 33, 33, 33, 33, 33, 33, 33, 33, 33, 33, 33, 33, 33, 33, 33, 33, 33, 33, 33, 33, 33, 33, 33, 33, 33, 33, 33, 33, 33, 33, 33, 33, 33, 33, 33, 33, 33, 33, 33, 33, 33, 33, 33, 33, 33, 33, 33, 33, 33, 33, 33, 33, 33, 33, 33, 33, 33, 33, 33, 33, 33, 33, 33, 33, 33, 33, 33, 33, 33, 33, 33, 33, 33, 33, 33, 33, 33, 33, 33, 33, 33, 33, 33, 33, 33, 33, 33, 33, 33, 33, 33, 33, 33, 33, 33, 33, 33, 33, 33, 33, 33, 33, 33, 33, 33, 33, 33, 33, 33, 33, 33, 33, 33, 33, 33, 33, 33, 33, 33, 33, 33, 33, 33, 33, 33, 33, 33, 33, 33, 33, 33, 33, 33, 33, 33, 33, 33, 33, 33, 33, 33, 33, 33, 33, 33, 33, 33, 33, 33, 33, 33, 33, 33, 33, 33, 33, 33, 33, 33, 33, 33, 33, 33, 33, 33, 33, 33, 33, 33, 33, 33, 33, 33, 33, 33, 33, 33, 33, 33, 33, 33, 33, 33, 33, 33, 33, 33, 33, 33, 33, 33, 33, 33, 33, 33, 33, 33, 33, 33, 33, 33, 33, 33, 33, 33, 33, 33, 33, 33, 33, 33, 33, 33, 33, 33, 33, 33, 33, 33, 33, 33, 33, 33, 33, 33, 33, 33, 33, 33]",235,"[1.4367218017578125, 1.3350541591644287, 1.2484346628189087, 1.1744085550308228, 1.1094701290130615, 1.0562655925750732, 1.0094237327575684, 0.9690804481506348, 0.9360977411270142, 0.9063108563423157, 0.882663905620575, 0.8612346649169922, 0.8428537249565125, 0.827044665813446, 0.8126505017280579, 0.8014777302742004, 0.7908824682235718, 0.7819064855575562, 0.7737687826156616, 0.7663936614990234, 0.7603347301483154, 0.7549939155578613, 0.7498541474342346, 0.7447705268859863, 0.7405393123626709, 0.7366951704025269, 0.7335213422775269, 0.7302316427230835, 0.7275273203849792, 0.724683403968811, 0.7221382856369019, 0.719997763633728, 0.7180532217025757, 0.7161886692047119, 0.7144848108291626, 0.7128965258598328, 0.7114284038543701, 0.7099623680114746, 0.7087214589118958, 0.70756995677948, 0.7063934206962585, 0.7052913904190063, 0.7040576338768005, 0.7028768658638, 0.7018606662750244, 0.7008709907531738, 0.6998876333236694, 0.6990100145339966, 0.6981693506240845, 0.6973012685775757, 0.6964971423149109, 0.6956098675727844, 0.6947033405303955, 0.6938818097114563, 0.6931024789810181, 0.6923330426216125, 0.6915938854217529, 0.6907882690429688, 0.690110445022583, 0.6893543004989624, 0.6886600255966187, 0.688010573387146, 0.6873577833175659, 0.6867172718048096, 0.6860288381576538, 0.6853387355804443, 0.6847233772277832, 0.684120774269104, 0.6835209131240845, 0.6829522848129272, 0.6823232173919678, 0.6816723346710205, 0.6810420751571655, 0.6804502010345459, 0.6798149943351746, 0.6791912317276001, 0.6785317063331604, 0.6779521703720093, 0.6773333549499512, 0.6767605543136597, 0.6761908531188965, 0.6756435632705688, 0.6750047206878662, 0.6744157671928406, 0.673862636089325, 0.6732419729232788, 0.6726696491241455, 0.67209792137146, 0.67149817943573, 0.6709482073783875, 0.6703795790672302, 0.6698141694068909, 0.6692599654197693, 0.6687103509902954, 0.6681572198867798, 0.6676173210144043, 0.6670680046081543, 0.666500985622406, 0.6659760475158691, 0.6654378771781921, 0.6649360656738281, 0.6643937826156616, 0.6638480424880981, 0.6632897853851318, 0.6627464294433594, 0.6622055768966675, 0.6616424322128296, 0.6611226797103882, 0.6605747938156128, 0.6600256562232971, 0.6595094799995422, 0.6589837074279785, 0.6584686040878296, 0.6579492688179016, 0.6574223041534424, 0.6568751335144043, 0.656386137008667, 0.6558792591094971, 0.6553800702095032, 0.6548578143119812, 0.6543203592300415, 0.6538063883781433, 0.6532589793205261, 0.6527361869812012, 0.6522369384765625, 0.6517435312271118, 0.6512220501899719, 0.6506978869438171, 0.6502196788787842, 0.6496830582618713, 0.6491620540618896, 0.6486755609512329, 0.6481629014015198, 0.6476749181747437, 0.6471656560897827, 0.6466645002365112, 0.6461846828460693, 0.6456812024116516, 0.6451915502548218, 0.6447124481201172, 0.6442333459854126, 0.6437516808509827, 0.6432849168777466, 0.6427806615829468, 0.642310380935669, 0.6418237090110779, 0.6413171887397766, 0.6408478021621704, 0.6403516530990601, 0.6398279666900635, 0.639338493347168, 0.6388746500015259, 0.6384360790252686, 0.6379767656326294, 0.6374815702438354, 0.637017011642456, 0.6365378499031067, 0.6360607743263245, 0.6355890035629272, 0.6350945234298706, 0.6346198916435242, 0.6341723203659058, 0.6336880922317505, 0.6332031488418579, 0.6327427625656128, 0.6322702169418335, 0.6318327188491821, 0.6314159631729126, 0.6309497356414795, 0.6304517388343811, 0.6299875378608704, 0.629540205001831, 0.6290658116340637, 0.6286070346832275, 0.6281746625900269, 0.6277145147323608, 0.6272696256637573, 0.6268101334571838, 0.6263377666473389, 0.6258904933929443, 0.6254767179489136, 0.6250345706939697, 0.6245722770690918, 0.6241161823272705, 0.6236836910247803, 0.6232354044914246, 0.6227962970733643, 0.6223618388175964, 0.6219365000724792, 0.6214731931686401, 0.6210492253303528, 0.6206299662590027, 0.6201740503311157, 0.6197418570518494, 0.6192886829376221, 0.6188681721687317, 0.6184531450271606, 0.6180031895637512, 0.6175915002822876, 0.6171790361404419, 0.6167619228363037, 0.6163162589073181, 0.6158777475357056, 0.6154634952545166, 0.61503005027771, 0.614601194858551, 0.6141917109489441, 0.6137740612030029, 0.613332986831665, 0.6128917932510376, 0.6124487519264221, 0.612011194229126, 0.6116061210632324, 0.6111802458763123, 0.6107738018035889, 0.610355794429779, 0.6099259853363037, 0.6095316410064697, 0.609108567237854, 0.6087096929550171, 0.6083126068115234, 0.6078819632530212, 0.607452929019928, 0.6070291996002197, 0.6066123843193054, 0.6061758995056152, 0.6057730913162231, 0.6053525805473328, 0.6049470901489258, 0.6045363545417786, 0.6041586399078369, 0.603776216506958, 0.6033977270126343, 0.6029755473136902, 0.6025888323783875]",33.0,"[33.0, 33.0, 33.0, 33.0, 33.0, 33.0, 33.0, 33.0, 33.0, 33.0, 33.0, 33.0, 33.0, 33.0, 33.0, 33.0, 33.0, 33.0, 33.0, 33.0, 33.0, 33.0, 33.0, 33.0, 33.0, 33.0, 33.0, 33.0, 33.0, 33.0, 33.0, 33.0, 33.0, 33.0, 33.0, 33.0, 33.0, 33.0, 33.0, 33.0, 33.0, 33.0, 33.0, 33.0, 33.0, 33.0, 33.0, 33.0, 33.0, 33.0, 33.0, 33.0, 33.0, 33.0, 33.0, 33.0, 33.0, 33.0, 33.0, 33.0, 33.0, 33.0, 33.0, 33.0, 33.0, 33.0, 33.0, 33.0, 33.0, 33.0, 33.0, 33.0, 33.0, 33.0, 33.0, 33.0, 33.0, 33.0, 33.0, 33.0, 33.0, 33.0, 33.0, 33.0, 33.0, 33.0, 33.0, 33.0, 33.0, 33.0, 33.0, 33.0, 33.0, 33.0, 33.0, 33.0, 33.0, 33.0, 33.0, 33.0, 33.0, 33.0, 33.0, 33.0, 33.0, 33.0, 33.0, 33.0, 33.0, 33.0, 33.0, 33.0, 33.0, 33.0, 33.0, 33.0, 33.0, 33.0, 33.0, 33.0, 33.0, 33.0, 33.0, 33.0, 33.0, 33.0, 33.0, 33.0, 33.0, 33.0, 33.0, 33.0, 33.0, 33.0, 33.0, 33.0, 33.0, 33.0, 33.0, 33.0, 33.0, 33.0, 33.0, 33.0, 33.0, 33.0, 33.0, 33.0, 33.0, 33.0, 33.0, 33.0, 33.0, 33.0, 33.0, 33.0, 33.0, 33.0, 33.0, 33.0, 33.0, 33.0, 33.0, 33.0, 33.0, 33.0, 33.0, 33.0, 33.0, 33.0, 33.0, 33.0, 33.0, 33.0, 33.0, 33.0, 33.0, 33.0, 33.0, 33.0, 33.0, 33.0, 33.0, 33.0, 33.0, 33.0, 33.0, 33.0, 33.0, 33.0, 33.0, 33.0, 33.0, 33.0, 33.0, 33.0, 33.0, 33.0, 33.0, 33.0, 33.0, 33.0, 33.0, 33.0, 33.0, 33.0, 33.0, 33.0, 33.0, 33.0, 33.0, 33.0, 33.0, 33.0, 33.0, 33.0, 33.0, 33.0, 33.0, 33.0, 33.0, 33.0, 33.0, 33.0, 33.0, 33.0, 33.0, 33.0, 33.0, 33.0, 33.0, 33.0, 33.0, 33.0, 33.0]",COMPLETE
