,number,value,datetime_start,datetime_complete,duration,params_batch_size_scaler,params_constant_learning_rate,params_depth,params_epochs,params_kernel_l2,params_num_trees,params_temperature,user_attrs_accuracy_test,user_attrs_accuracy_valid,user_attrs_approximate_feature_sparsity,user_attrs_approximate_feature_sparsity_history,user_attrs_approximate_weight_sparsity,user_attrs_approximate_weight_sparsity_history,user_attrs_auc_test,user_attrs_auc_valid,user_attrs_feature_sparsity,user_attrs_feature_sparsity_history,user_attrs_num_epochs,user_attrs_val_loss_history,user_attrs_weight_sparsity,user_attrs_weight_sparsity_history,state
116,116,0.5,2024-08-31 05:02:10.496261,2024-08-31 05:04:03.095072,0 days 00:01:52.598811,4,5.63219512694456,3,435,0.4124837104906505,19,0.0013279380519671967,0.859,0.85875,0,"[0, 0, 0, 0, 0, 0, 0, 0, 0, 0, 0, 0, 0, 0, 0, 0, 0, 0, 0, 0, 0, 0, 0, 0, 0, 0, 0, 0, 0, 0, 0, 0, 0, 0, 0, 0, 0, 0, 0, 0, 0, 0, 0, 0, 0, 0, 0, 0, 0, 0, 0, 0, 0, 0, 0, 0, 0, 0, 0, 0, 0, 0, 0, 0, 0, 0, 0, 0, 0, 0, 0, 0, 0, 0, 0, 0, 0, 0, 0, 0, 0, 0, 0, 0, 0, 0, 0, 0, 0, 0, 0, 0, 0, 0, 0, 0, 0, 0, 0, 0, 0, 0, 0, 0, 0, 0, 0, 0, 0, 0, 0, 0, 0, 0, 0, 0, 0, 0, 0, 0, 0, 0, 0, 0, 0, 0, 0, 0, 0, 0, 0, 0, 0, 0, 0, 0, 0, 0, 0, 0, 0, 0, 0, 0, 0, 0, 0, 0, 0, 0, 0, 0, 0, 0, 0, 0, 0, 0, 0, 0, 0, 0, 0, 0, 0, 0, 0, 0, 0, 0, 0, 0, 0, 0, 0, 0, 0, 0, 0, 0, 0, 0, 0, 0, 0, 0, 0, 0, 0, 0, 0, 0, 0, 0, 0, 0, 0, 0, 0, 0, 0, 0, 0, 0, 0, 0, 0, 0, 0, 0, 0, 0, 0, 0, 0, 0, 0, 0, 0, 0, 0, 0, 0, 0, 0, 0, 0, 0, 0, 0, 0, 0, 0, 0, 0, 0, 0, 0, 0, 0, 0, 0, 0, 0, 0, 0, 0, 0, 0, 0, 0, 0, 0, 0, 0, 0, 0, 0, 0, 0, 0, 0, 0, 0, 0, 0, 0, 0, 0, 0, 0, 0, 0, 0, 0, 0, 0, 0, 0, 0, 0, 0, 0, 0, 0, 0, 0, 0, 0, 0, 0, 0, 0, 0, 0, 0, 0, 0, 0, 0, 0, 0, 0, 0, 0, 0, 0, 0, 0, 0, 0, 0, 0, 0, 0, 0, 0, 0, 0, 0, 0, 0, 0, 0, 0, 0, 0, 0, 0, 0, 0, 0, 0, 0, 0, 0, 0, 0, 0, 0, 0, 0, 0, 0, 0, 0, 0, 0, 0, 0, 0, 0, 0, 0, 0, 0, 0, 0, 0, 0, 0, 0, 0, 0, 0, 0, 0, 0, 0, 0, 0, 0, 0, 0, 0, 0, 0, 0, 0, 0, 0, 0, 0, 0, 0, 0, 0, 0, 0, 0, 0, 0, 0, 0, 0, 0, 0, 0, 0, 0, 0, 0, 0, 0, 0, 0, 0, 0, 0, 0, 0, 0, 0, 0, 0, 0, 0, 0, 0, 0, 0, 0, 0, 0, 0, 0, 0, 0, 0, 0, 0, 0, 0, 0, 0]",0.0,"[0.0, 0.0, 0.0, 0.0, 0.0, 0.0, 0.0, 0.0, 0.0, 0.0, 0.0, 0.0, 0.0, 0.0, 0.0, 0.0, 0.0, 0.0, 0.0, 0.0, 0.0, 0.0, 0.0, 0.0, 0.0, 0.0, 0.0, 0.0, 0.0, 0.0, 0.0, 0.0, 0.0, 0.0, 0.0, 0.0, 0.0, 0.0, 0.0, 0.0, 0.0, 0.0, 0.0, 0.0, 0.0, 0.0, 0.0, 0.0, 0.0, 0.0, 0.0, 0.0, 0.0, 0.0, 0.0, 0.0, 0.0, 0.0, 0.0, 0.0, 0.0, 0.0, 0.0, 0.0, 0.0, 0.0, 0.0, 0.0, 0.0, 0.0, 0.0, 0.0, 0.0, 0.0, 0.0, 0.0, 0.0, 0.0, 0.0, 0.0, 0.0, 0.0, 0.0, 0.0, 0.0, 0.0, 0.0, 0.0, 0.0, 0.0, 0.0, 0.0, 0.0, 0.0, 0.0, 0.0, 0.0, 0.0, 0.0, 0.0, 0.0, 0.0, 0.0, 0.0, 0.0, 0.0, 0.0, 0.0, 0.0, 0.0, 0.0, 0.0, 0.0, 0.0, 0.0, 0.0, 0.0, 0.0, 0.0, 0.0, 0.0, 0.0, 0.0, 0.0, 0.0, 0.0, 0.0, 0.0, 0.0, 0.0, 0.0, 0.0, 0.0, 0.0, 0.0, 0.0, 0.0, 0.0, 0.0, 0.0, 0.0, 0.0, 0.0, 0.0, 0.0, 0.0, 0.0, 0.0, 0.0, 0.0, 0.0, 0.0, 0.0, 0.0, 0.0, 0.0, 0.0, 0.0, 0.0, 0.0, 0.0, 0.0, 0.0, 0.0, 0.0, 0.0, 0.0, 0.0, 0.0, 0.0, 0.0, 0.0, 0.0, 0.0, 0.0, 0.0, 0.0, 0.0, 0.0, 0.0, 0.0, 0.0, 0.0, 0.0, 0.0, 0.0, 0.0, 0.0, 0.0, 0.0, 0.0, 0.0, 0.0, 0.0, 0.0, 0.0, 0.0, 0.0, 0.0, 0.0, 0.0, 0.0, 0.0, 0.0, 0.0, 0.0, 0.0, 0.0, 0.0, 0.0, 0.0, 0.0, 0.0, 0.0, 0.0, 0.0, 0.0, 0.0, 0.0, 0.0, 0.0, 0.0, 0.0, 0.0, 0.0, 0.0, 0.0, 0.0, 0.0, 0.0, 0.0, 0.0, 0.0, 0.0, 0.0, 0.0, 0.0, 0.0, 0.0, 0.0, 0.0, 0.0, 0.0, 0.0, 0.0, 0.0, 0.0, 0.0, 0.0, 0.0, 0.0, 0.0, 0.0, 0.0, 0.0, 0.0, 0.0, 0.0, 0.0, 0.0, 0.0, 0.0, 0.0, 0.0, 0.0, 0.0, 0.0, 0.0, 0.0, 0.0, 0.0, 0.0, 0.0, 0.0, 0.0, 0.0, 0.0, 0.0, 0.0, 0.0, 0.0, 0.0, 0.0, 0.0, 0.0, 0.0, 0.0, 0.0, 0.0, 0.0, 0.0, 0.0, 0.0, 0.0, 0.0, 0.0, 0.0, 0.0, 0.0, 0.0, 0.0, 0.0, 0.0, 0.0, 0.0, 0.0, 0.0, 0.0, 0.0, 0.0, 0.0, 0.0, 0.0, 0.0, 0.0, 0.0, 0.0, 0.0, 0.0, 0.0, 0.0, 0.0, 0.0, 0.0, 0.0, 0.0, 0.0, 0.0, 0.0, 0.0, 0.0, 0.0, 0.0, 0.0, 0.0, 0.0, 0.0, 0.0, 0.0, 0.0, 0.0, 0.0, 0.0, 0.0, 0.0, 0.0, 0.0, 0.0, 0.0, 0.0, 0.0, 0.0, 0.0, 0.0, 0.0, 0.0, 0.0, 0.0, 0.0, 0.0, 0.0, 0.0, 0.0, 0.0, 0.0, 0.0, 0.0, 0.0, 0.0, 0.0, 0.0, 0.0, 0.0, 0.0, 0.0, 0.0, 0.0, 0.0, 0.0, 0.0, 0.0, 0.0, 0.0, 0.0, 0.0, 0.0, 0.0, 0.0, 0.0, 0.0, 0.0, 0.0, 0.0, 0.0, 0.0, 0.0, 0.0, 0.0, 0.0, 0.0, 0.0, 0.0, 0.0, 0.0, 0.0, 0.0, 0.0, 0.0, 0.0, 0.0, 0.0, 0.0, 0.0, 0.0, 0.0, 0.0, 0.0, 0.0, 0.0, 0.0, 0.0, 0.0, 0.0, 0.0, 0.0, 0.0, 0.0, 0.0, 0.0, 0.0, 0.0, 0.0, 0.0, 0.0, 0.0]",0.5,0.5,0,"[0, 0, 0, 0, 0, 0, 0, 0, 0, 0, 0, 0, 0, 0, 0, 0, 0, 0, 0, 0, 0, 0, 0, 0, 0, 0, 0, 0, 0, 0, 0, 0, 0, 0, 0, 0, 0, 0, 0, 0, 0, 0, 0, 0, 0, 0, 0, 0, 0, 0, 0, 0, 0, 0, 0, 0, 0, 0, 0, 0, 0, 0, 0, 0, 0, 0, 0, 0, 0, 0, 0, 0, 0, 0, 0, 0, 0, 0, 0, 0, 0, 0, 0, 0, 0, 0, 0, 0, 0, 0, 0, 0, 0, 0, 0, 0, 0, 0, 0, 0, 0, 0, 0, 0, 0, 0, 0, 0, 0, 0, 0, 0, 0, 0, 0, 0, 0, 0, 0, 0, 0, 0, 0, 0, 0, 0, 0, 0, 0, 0, 0, 0, 0, 0, 0, 0, 0, 0, 0, 0, 0, 0, 0, 0, 0, 0, 0, 0, 0, 0, 0, 0, 0, 0, 0, 0, 0, 0, 0, 0, 0, 0, 0, 0, 0, 0, 0, 0, 0, 0, 0, 0, 0, 0, 0, 0, 0, 0, 0, 0, 0, 0, 0, 0, 0, 0, 0, 0, 0, 0, 0, 0, 0, 0, 0, 0, 0, 0, 0, 0, 0, 0, 0, 0, 0, 0, 0, 0, 0, 0, 0, 0, 0, 0, 0, 0, 0, 0, 0, 0, 0, 0, 0, 0, 0, 0, 0, 0, 0, 0, 0, 0, 0, 0, 0, 0, 0, 0, 0, 0, 0, 0, 0, 0, 0, 0, 0, 0, 0, 0, 0, 0, 0, 0, 0, 0, 0, 0, 0, 0, 0, 0, 0, 0, 0, 0, 0, 0, 0, 0, 0, 0, 0, 0, 0, 0, 0, 0, 0, 0, 0, 0, 0, 0, 0, 0, 0, 0, 0, 0, 0, 0, 0, 0, 0, 0, 0, 0, 0, 0, 0, 0, 0, 0, 0, 0, 0, 0, 0, 0, 0, 0, 0, 0, 0, 0, 0, 0, 0, 0, 0, 0, 0, 0, 0, 0, 0, 0, 0, 0, 0, 0, 0, 0, 0, 0, 0, 0, 0, 0, 0, 0, 0, 0, 0, 0, 0, 0, 0, 0, 0, 0, 0, 0, 0, 0, 0, 0, 0, 0, 0, 0, 0, 0, 0, 0, 0, 0, 0, 0, 0, 0, 0, 0, 0, 0, 0, 0, 0, 0, 0, 0, 0, 0, 0, 0, 0, 0, 0, 0, 0, 0, 0, 0, 0, 0, 0, 0, 0, 0, 0, 0, 0, 0, 0, 0, 0, 0, 0, 0, 0, 0, 0, 0, 0, 0, 0, 0, 0, 0, 0, 0, 0, 0, 0, 0, 0, 0, 0, 0, 0, 0, 0, 0, 0]",435,"[0.4072438180446625, 2.0198113918304443, 0.42559632658958435, 0.49380597472190857, 0.4152297079563141, 0.4508608877658844, 0.9979038834571838, 0.5653136372566223, 1.9804370403289795, 0.4395281970500946, 0.5074527263641357, 0.7071074843406677, 1.8545145988464355, 1.4297977685928345, 0.5237197279930115, 0.49578243494033813, 1.4255105257034302, 0.7759546041488647, 0.44111868739128113, 0.8239021301269531, 0.4801803231239319, 0.6816520690917969, 1.2824710607528687, 0.5544235110282898, 0.9530727863311768, 1.0428574085235596, 0.77638840675354, 1.2560789585113525, 1.7680097818374634, 1.4713538885116577, 0.449346125125885, 1.2575558423995972, 1.1422752141952515, 0.8145931363105774, 0.7044218182563782, 1.73820161819458, 0.6285300254821777, 1.4600111246109009, 0.5737276673316956, 0.6586558818817139, 1.425107479095459, 0.6693607568740845, 0.6181836724281311, 0.4539570212364197, 0.47687193751335144, 1.144279956817627, 0.7178251147270203, 1.829806923866272, 0.5593416690826416, 0.481149286031723, 1.2529077529907227, 0.6493731737136841, 1.1860800981521606, 0.40723055601119995, 2.0521135330200195, 0.4116653501987457, 2.3565382957458496, 0.8254493474960327, 0.40723925828933716, 0.6122113466262817, 0.7607742547988892, 0.537067174911499, 0.5606926679611206, 0.41528820991516113, 1.0202406644821167, 0.4107150733470917, 0.5191392302513123, 0.46691063046455383, 1.6810935735702515, 2.13250732421875, 0.4277118444442749, 1.4148091077804565, 0.4072713553905487, 0.8802046775817871, 0.4548851251602173, 1.248753547668457, 1.2319612503051758, 1.0608413219451904, 0.4428040683269501, 0.40816596150398254, 0.6391286849975586, 1.2824151515960693, 0.8884608745574951, 0.4074850380420685, 0.407227486371994, 0.4084218740463257, 0.41515496373176575, 0.8433266282081604, 0.4959636926651001, 1.2929595708847046, 0.9008581638336182, 2.482670307159424, 0.9117898344993591, 0.5294189453125, 0.584380030632019, 1.5182429552078247, 0.5245720148086548, 0.47199881076812744, 0.8289322853088379, 1.2637901306152344, 0.5452077388763428, 0.7795066237449646, 0.7557372450828552, 1.0665289163589478, 0.6152533292770386, 1.7182536125183105, 0.6386762261390686, 0.41811683773994446, 0.4978902339935303, 1.8730846643447876, 0.5519766807556152, 0.5271427035331726, 1.5465092658996582, 0.4455808699131012, 0.4105956256389618, 1.18888521194458, 0.5399900674819946, 0.4219942092895508, 0.42653003334999084, 0.5472730994224548, 0.48774659633636475, 1.598283290863037, 0.5847213268280029, 0.5083139538764954, 0.4926869571208954, 0.45075756311416626, 0.9930340051651001, 0.547936201095581, 1.7713245153427124, 0.4320423901081085, 0.6167407035827637, 0.44949930906295776, 0.9233390688896179, 0.9273504614830017, 0.6337466239929199, 0.7592296600341797, 0.43388885259628296, 1.7420810461044312, 1.2927963733673096, 2.4508707523345947, 0.40756720304489136, 0.45851054787635803, 0.5038872361183167, 0.4116276204586029, 0.6644365191459656, 1.1184922456741333, 0.6198469996452332, 0.42048192024230957, 1.2051562070846558, 1.2370755672454834, 2.5725772380828857, 0.4230836033821106, 0.431355744600296, 0.4223760664463043, 0.9101883769035339, 0.7253955602645874, 0.40731608867645264, 0.6341273784637451, 0.6925485134124756, 0.5702966451644897, 0.4272156059741974, 0.4079345464706421, 0.4146810472011566, 1.211381435394287, 1.135469913482666, 0.7175024151802063, 1.0368295907974243, 0.4864501655101776, 0.5248461961746216, 1.5391781330108643, 0.4086940288543701, 0.5030744075775146, 0.8206532001495361, 1.0383836030960083, 0.5562992095947266, 0.4875917434692383, 1.3160223960876465, 2.7419466972351074, 0.733928918838501, 2.2941501140594482, 0.423246830701828, 0.9497067928314209, 0.9486550092697144, 0.8771617412567139, 0.4108023941516876, 0.446706622838974, 0.4247657060623169, 0.900685727596283, 0.48428845405578613, 0.5501692891120911, 1.2213642597198486, 0.46759921312332153, 1.9995803833007812, 1.4309360980987549, 0.7673660516738892, 0.47346049547195435, 0.4528793394565582, 0.5045318007469177, 1.9110827445983887, 1.3531556129455566, 0.5060234069824219, 0.8339146375656128, 0.4102931320667267, 0.9144967794418335, 0.43375709652900696, 1.2677814960479736, 1.9188446998596191, 0.8064844012260437, 0.5068612098693848, 0.42241111397743225, 0.5153675079345703, 2.0500986576080322, 0.5489072799682617, 0.8010297417640686, 0.9410187602043152, 0.4185604453086853, 1.0070083141326904, 0.5883947014808655, 0.4347453713417053, 0.4839398264884949, 1.394562840461731, 1.92392897605896, 0.9815326929092407, 0.4077723026275635, 0.5130794644355774, 0.8167535662651062, 0.408847451210022, 0.41526344418525696, 0.43645793199539185, 0.5082440376281738, 0.4103464186191559, 1.7951239347457886, 0.4369727075099945, 2.562593460083008, 0.674285352230072, 0.5866116285324097, 0.6875027418136597, 0.5142073631286621, 0.5642868876457214, 0.6233299374580383, 0.8702754974365234, 0.4101920425891876, 1.5436577796936035, 0.45193490386009216, 0.41370531916618347, 0.41593682765960693, 0.472757488489151, 0.9340299963951111, 0.9053184390068054, 0.6216508746147156, 0.4265575706958771, 0.4072263836860657, 1.4698219299316406, 0.6018174290657043, 0.629713773727417, 1.3453537225723267, 0.9243908524513245, 0.4092167019844055, 0.4133217930793762, 0.4094138741493225, 0.49733585119247437, 0.46754592657089233, 0.407253235578537, 0.43974989652633667, 1.2794713973999023, 1.9001423120498657, 1.2901033163070679, 0.5259323716163635, 0.41379469633102417, 0.6808367371559143, 1.6857540607452393, 2.382138252258301, 0.657798171043396, 1.0580997467041016, 0.8148611187934875, 0.6636619567871094, 0.45528823137283325, 0.4189532399177551, 0.6281060576438904, 0.5910762548446655, 1.3754141330718994, 1.098490595817566, 0.7301013469696045, 0.5453040599822998, 0.664516270160675, 0.5434464812278748, 0.6648954153060913, 1.2834275960922241, 1.2738229036331177, 0.6191237568855286, 0.7872215509414673, 1.3467828035354614, 1.2583765983581543, 0.4561496078968048, 0.40744730830192566, 0.498480886220932, 0.8830903768539429, 1.8950042724609375, 2.4848434925079346, 1.2817237377166748, 0.6328849196434021, 1.0214382410049438, 0.46590954065322876, 0.47860822081565857, 0.4484245181083679, 0.4415300488471985, 0.44931191205978394, 0.8997532725334167, 2.64247465133667, 1.2993135452270508, 0.4089052677154541, 0.6626704931259155, 0.5434634685516357, 0.5418387055397034, 0.4210927188396454, 0.771353542804718, 0.43915826082229614, 0.40814968943595886, 0.5592548251152039, 0.5427578687667847, 0.5409067273139954, 1.074018955230713, 0.5317846536636353, 0.41978445649147034, 0.4174550771713257, 0.8939306735992432, 0.46405190229415894, 0.40864840149879456, 0.45670855045318604, 0.5899053812026978, 0.7341523766517639, 0.5230804681777954, 0.7480838894844055, 0.7984820604324341, 0.41008517146110535, 0.4503776431083679, 2.24001407623291, 0.6365443468093872, 0.8777057528495789, 0.5749257802963257, 0.47848644852638245, 1.2496483325958252, 0.4666695296764374, 0.8504716753959656, 0.7650089263916016, 2.052730083465576, 0.5155131816864014, 1.2842843532562256, 0.4191810190677643, 0.44098857045173645, 0.6820728182792664, 0.7866620421409607, 0.7101855278015137, 0.8026998043060303, 0.7944713830947876, 0.8538447022438049, 1.3752840757369995, 1.7525315284729004, 0.967583417892456, 0.42543888092041016, 0.5211226344108582, 0.4613543748855591, 0.5397313237190247, 0.4884618818759918, 0.6383316516876221, 1.5999587774276733, 2.4944422245025635, 0.46763134002685547, 0.49505510926246643, 1.362776279449463, 0.41497501730918884, 0.9298000931739807, 0.7439673542976379, 0.5072664022445679, 0.9507715702056885, 0.5781001448631287, 0.7477068305015564, 0.6316808462142944, 0.6501085758209229, 2.118316888809204, 0.7506548166275024, 0.7212396264076233, 0.40863269567489624, 0.6144186854362488, 2.1482176780700684, 0.5052056908607483, 0.4227079451084137, 0.42187583446502686, 0.7283859252929688, 0.44482776522636414, 0.598519504070282, 0.47269654273986816, 1.4820233583450317, 0.5518724918365479, 0.4722045660018921, 0.5715296268463135, 0.44974473118782043, 0.40847229957580566, 0.4176270663738251, 0.6681426763534546, 0.5681527853012085, 0.6230109930038452, 0.4266646206378937, 0.658271849155426, 1.812920093536377, 0.5011489987373352, 0.726044237613678, 0.41178959608078003, 1.6729110479354858, 0.4124811589717865, 1.681136131286621, 0.43369022011756897, 0.4196178913116455, 1.9250625371932983, 0.41861462593078613, 0.41137421131134033, 0.5666695237159729, 0.42295441031455994, 0.4230634272098541, 1.4754247665405273, 0.9981779456138611, 1.860318660736084, 0.9288586974143982, 0.45452338457107544, 0.9710508584976196, 1.0621627569198608, 0.4421039819717407, 0.7383263111114502, 0.5145578980445862, 0.8600100874900818, 0.798967719078064, 0.7090699076652527, 2.072512626647949, 0.7487850189208984, 0.41925933957099915]",0.0,"[0.0, 0.0, 0.0, 0.0, 0.0, 0.0, 0.0, 0.0, 0.0, 0.0, 0.0, 0.0, 0.0, 0.0, 0.0, 0.0, 0.0, 0.0, 0.0, 0.0, 0.0, 0.0, 0.0, 0.0, 0.0, 0.0, 0.0, 0.0, 0.0, 0.0, 0.0, 0.0, 0.0, 0.0, 0.0, 0.0, 0.0, 0.0, 0.0, 0.0, 0.0, 0.0, 0.0, 0.0, 0.0, 0.0, 0.0, 0.0, 0.0, 0.0, 0.0, 0.0, 0.0, 0.0, 0.0, 0.0, 0.0, 0.0, 0.0, 0.0, 0.0, 0.0, 0.0, 0.0, 0.0, 0.0, 0.0, 0.0, 0.0, 0.0, 0.0, 0.0, 0.0, 0.0, 0.0, 0.0, 0.0, 0.0, 0.0, 0.0, 0.0, 0.0, 0.0, 0.0, 0.0, 0.0, 0.0, 0.0, 0.0, 0.0, 0.0, 0.0, 0.0, 0.0, 0.0, 0.0, 0.0, 0.0, 0.0, 0.0, 0.0, 0.0, 0.0, 0.0, 0.0, 0.0, 0.0, 0.0, 0.0, 0.0, 0.0, 0.0, 0.0, 0.0, 0.0, 0.0, 0.0, 0.0, 0.0, 0.0, 0.0, 0.0, 0.0, 0.0, 0.0, 0.0, 0.0, 0.0, 0.0, 0.0, 0.0, 0.0, 0.0, 0.0, 0.0, 0.0, 0.0, 0.0, 0.0, 0.0, 0.0, 0.0, 0.0, 0.0, 0.0, 0.0, 0.0, 0.0, 0.0, 0.0, 0.0, 0.0, 0.0, 0.0, 0.0, 0.0, 0.0, 0.0, 0.0, 0.0, 0.0, 0.0, 0.0, 0.0, 0.0, 0.0, 0.0, 0.0, 0.0, 0.0, 0.0, 0.0, 0.0, 0.0, 0.0, 0.0, 0.0, 0.0, 0.0, 0.0, 0.0, 0.0, 0.0, 0.0, 0.0, 0.0, 0.0, 0.0, 0.0, 0.0, 0.0, 0.0, 0.0, 0.0, 0.0, 0.0, 0.0, 0.0, 0.0, 0.0, 0.0, 0.0, 0.0, 0.0, 0.0, 0.0, 0.0, 0.0, 0.0, 0.0, 0.0, 0.0, 0.0, 0.0, 0.0, 0.0, 0.0, 0.0, 0.0, 0.0, 0.0, 0.0, 0.0, 0.0, 0.0, 0.0, 0.0, 0.0, 0.0, 0.0, 0.0, 0.0, 0.0, 0.0, 0.0, 0.0, 0.0, 0.0, 0.0, 0.0, 0.0, 0.0, 0.0, 0.0, 0.0, 0.0, 0.0, 0.0, 0.0, 0.0, 0.0, 0.0, 0.0, 0.0, 0.0, 0.0, 0.0, 0.0, 0.0, 0.0, 0.0, 0.0, 0.0, 0.0, 0.0, 0.0, 0.0, 0.0, 0.0, 0.0, 0.0, 0.0, 0.0, 0.0, 0.0, 0.0, 0.0, 0.0, 0.0, 0.0, 0.0, 0.0, 0.0, 0.0, 0.0, 0.0, 0.0, 0.0, 0.0, 0.0, 0.0, 0.0, 0.0, 0.0, 0.0, 0.0, 0.0, 0.0, 0.0, 0.0, 0.0, 0.0, 0.0, 0.0, 0.0, 0.0, 0.0, 0.0, 0.0, 0.0, 0.0, 0.0, 0.0, 0.0, 0.0, 0.0, 0.0, 0.0, 0.0, 0.0, 0.0, 0.0, 0.0, 0.0, 0.0, 0.0, 0.0, 0.0, 0.0, 0.0, 0.0, 0.0, 0.0, 0.0, 0.0, 0.0, 0.0, 0.0, 0.0, 0.0, 0.0, 0.0, 0.0, 0.0, 0.0, 0.0, 0.0, 0.0, 0.0, 0.0, 0.0, 0.0, 0.0, 0.0, 0.0, 0.0, 0.0, 0.0, 0.0, 0.0, 0.0, 0.0, 0.0, 0.0, 0.0, 0.0, 0.0, 0.0, 0.0, 0.0, 0.0, 0.0, 0.0, 0.0, 0.0, 0.0, 0.0, 0.0, 0.0, 0.0, 0.0, 0.0, 0.0, 0.0, 0.0, 0.0, 0.0, 0.0, 0.0, 0.0, 0.0, 0.0, 0.0, 0.0, 0.0, 0.0, 0.0, 0.0, 0.0, 0.0, 0.0, 0.0, 0.0, 0.0, 0.0, 0.0, 0.0, 0.0, 0.0, 0.0, 0.0, 0.0, 0.0, 0.0, 0.0, 0.0, 0.0, 0.0, 0.0, 0.0, 0.0, 0.0, 0.0, 0.0, 0.0, 0.0, 0.0, 0.0, 0.0, 0.0, 0.0, 0.0, 0.0, 0.0, 0.0]",COMPLETE
