,number,value,datetime_start,datetime_complete,duration,params_batch_size_scaler,params_constant_learning_rate,params_depth,params_epochs,params_kernel_l2,params_num_trees,params_temperature,user_attrs_accuracy_test,user_attrs_accuracy_valid,user_attrs_approximate_feature_sparsity,user_attrs_approximate_feature_sparsity_history,user_attrs_approximate_weight_sparsity,user_attrs_approximate_weight_sparsity_history,user_attrs_auc_test,user_attrs_auc_valid,user_attrs_feature_sparsity,user_attrs_feature_sparsity_history,user_attrs_num_epochs,user_attrs_val_loss_history,user_attrs_weight_sparsity,user_attrs_weight_sparsity_history,state
106,106,0.9183573572413082,2024-08-31 04:43:26.959828,2024-08-31 04:47:50.334346,0 days 00:04:23.374518,4,0.1115276746332488,6,195,0.034596478753515805,37,0.0012402449386888033,0.928,0.93,33,"[33, 33, 33, 33, 33, 33, 33, 33, 33, 33, 33, 33, 33, 33, 33, 33, 33, 33, 33, 33, 33, 33, 33, 33, 33, 33, 33, 33, 33, 33, 33, 33, 33, 33, 33, 33, 33, 33, 33, 33, 33, 33, 33, 33, 33, 33, 33, 33, 33, 33, 33, 33, 33, 33, 33, 33, 33, 33, 33, 33, 33, 33, 33, 33, 33, 33, 33, 33, 33, 33, 33, 33, 33, 33, 33, 33, 33, 33, 33, 33, 33, 33, 33, 33, 33, 33, 33, 33, 33, 33, 33, 33, 33, 33, 33, 33, 33, 33, 33, 33, 33, 33, 33, 33, 33, 33, 33, 33, 33, 33, 33, 33, 33, 33, 33, 33, 33, 33, 33, 33, 33, 33, 33, 33, 33, 33, 33, 33, 33, 33, 33, 33, 33, 33, 33, 33, 33, 33, 33, 33, 33, 33, 33, 33, 33, 33, 33, 33, 33, 33, 33, 33, 33, 33, 33, 33, 33, 33, 33, 33, 33, 33, 33, 33, 33, 33, 33, 33, 33, 33, 33, 33, 33, 33, 33, 33, 33, 33, 33, 33, 33, 33, 33, 33, 33, 33, 33, 33, 33, 33, 33, 33, 33, 33, 33]",32.94637494637495,"[32.943800943800944, 32.93479193479193, 32.939081939081944, 32.93479193479194, 32.93650793650794, 32.92492492492492, 32.92792792792793, 32.94337194337194, 32.93822393822394, 32.94122694122694, 32.94251394251394, 32.94036894036894, 32.946803946803946, 32.941226941226944, 32.94637494637495, 32.93522093522094, 32.94465894465895, 32.939510939510946, 32.941655941655945, 32.946803946803946, 32.93865293865294, 32.941655941655945, 32.94036894036894, 32.93908193908194, 32.931359931359935, 32.93564993564994, 32.93522093522093, 32.928785928785935, 32.93865293865294, 32.93779493779494, 32.93908193908194, 32.941226941226944, 32.94122694122694, 32.936078936078935, 32.933933933933936, 32.93908193908194, 32.936078936078935, 32.936078936078935, 32.93822393822394, 32.93607893607894, 32.933504933504935, 32.933933933933936, 32.936078936078935, 32.933933933933936, 32.927498927498924, 32.933933933933936, 32.94122694122694, 32.935649935649934, 32.94165594165594, 32.93736593736593, 32.93736593736594, 32.93693693693694, 32.93993993993994, 32.93993993993994, 32.93736593736594, 32.93436293436294, 32.93865293865294, 32.93908193908194, 32.93650793650794, 32.93865293865294, 32.93650793650794, 32.94079794079794, 32.938652938652936, 32.93736593736594, 32.933933933933936, 32.93693693693694, 32.93822393822394, 32.93993993993994, 32.94294294294295, 32.94294294294294, 32.93736593736593, 32.933504933504935, 32.93522093522093, 32.93479193479194, 32.935649935649934, 32.93522093522093, 32.93736593736594, 32.93693693693694, 32.93479193479193, 32.93522093522093, 32.935649935649934, 32.936078936078935, 32.933933933933936, 32.93650793650794, 32.94036894036894, 32.93693693693694, 32.93822393822394, 32.93135993135993, 32.92706992706992, 32.93436293436294, 32.93436293436294, 32.93951093951094, 32.94036894036894, 32.94079794079794, 32.94465894465895, 32.941226941226944, 32.93393393393393, 32.927927927927925, 32.93178893178893, 32.93093093093093, 32.92706992706992, 32.930501930501926, 32.92621192621192, 32.923208923208925, 32.92449592449592, 32.92664092664093, 32.92878592878593, 32.92492492492492, 32.92449592449593, 32.92320892320892, 32.92878592878593, 32.93264693264693, 32.931359931359935, 32.93479193479194, 32.93307593307593, 32.93693693693694, 32.936078936078935, 32.93650793650794, 32.93650793650794, 32.935649935649934, 32.93479193479193, 32.93693693693694, 32.93307593307593, 32.93522093522093, 32.93951093951094, 32.94337194337194, 32.941226941226944, 32.94294294294294, 32.94337194337195, 32.94036894036894, 32.939081939081944, 32.94036894036894, 32.93393393393393, 32.93693693693694, 32.93993993993994, 32.93693693693694, 32.93693693693694, 32.943800943800944, 32.941226941226944, 32.941655941655945, 32.94465894465895, 32.94036894036894, 32.93736593736594, 32.936078936078935, 32.933504933504935, 32.93007293007293, 32.93307593307593, 32.93779493779494, 32.94337194337195, 32.93951093951094, 32.941655941655945, 32.939510939510946, 32.93693693693694, 32.93779493779494, 32.93736593736594, 32.93693693693694, 32.93479193479193, 32.93264693264693, 32.93135993135993, 32.931359931359935, 32.93178893178894, 32.93264693264693, 32.93436293436293, 32.93264693264693, 32.93264693264693, 32.93178893178893, 32.92706992706992, 32.93007293007293, 32.92664092664092, 32.92621192621192, 32.93050193050193, 32.936078936078935, 32.93951093951094, 32.93650793650794, 32.936078936078935, 32.933504933504935, 32.93264693264693, 32.927498927498924, 32.92921492921493, 32.93479193479194, 32.93822393822394, 32.93993993993994, 32.935649935649934, 32.933504933504935, 32.936078936078935, 32.93479193479194, 32.93693693693694, 32.936078936078935, 32.933933933933936, 32.93865293865294, 32.938223938223935, 32.93564993564994, 32.93993993993994, 32.941655941655945, 32.94637494637495]",0.9025091026180864,0.9183573572413082,33,"[33, 33, 33, 33, 33, 33, 33, 33, 33, 33, 33, 33, 33, 33, 33, 33, 33, 33, 33, 33, 33, 33, 33, 33, 33, 33, 33, 33, 33, 33, 33, 33, 33, 33, 33, 33, 33, 33, 33, 33, 33, 33, 33, 33, 33, 33, 33, 33, 33, 33, 33, 33, 33, 33, 33, 33, 33, 33, 33, 33, 33, 33, 33, 33, 33, 33, 33, 33, 33, 33, 33, 33, 33, 33, 33, 33, 33, 33, 33, 33, 33, 33, 33, 33, 33, 33, 33, 33, 33, 33, 33, 33, 33, 33, 33, 33, 33, 33, 33, 33, 33, 33, 33, 33, 33, 33, 33, 33, 33, 33, 33, 33, 33, 33, 33, 33, 33, 33, 33, 33, 33, 33, 33, 33, 33, 33, 33, 33, 33, 33, 33, 33, 33, 33, 33, 33, 33, 33, 33, 33, 33, 33, 33, 33, 33, 33, 33, 33, 33, 33, 33, 33, 33, 33, 33, 33, 33, 33, 33, 33, 33, 33, 33, 33, 33, 33, 33, 33, 33, 33, 33, 33, 33, 33, 33, 33, 33, 33, 33, 33, 33, 33, 33, 33, 33, 33, 33, 33, 33, 33, 33, 33, 33, 33, 33]",195,"[0.4133904278278351, 0.39508306980133057, 0.38863900303840637, 0.38457226753234863, 0.3813319504261017, 0.3787084221839905, 0.3764084577560425, 0.374369740486145, 0.37268921732902527, 0.3711320757865906, 0.3696957528591156, 0.3684176206588745, 0.3671776056289673, 0.3660082519054413, 0.36504286527633667, 0.36391064524650574, 0.3627752661705017, 0.36180534958839417, 0.3607904016971588, 0.3597594201564789, 0.35892853140830994, 0.3578159213066101, 0.35682255029678345, 0.35584890842437744, 0.3548352122306824, 0.35384663939476013, 0.35290658473968506, 0.35187584161758423, 0.35083380341529846, 0.3497527837753296, 0.34877899289131165, 0.3477242588996887, 0.3465682864189148, 0.34553706645965576, 0.34442803263664246, 0.3433644473552704, 0.34216204285621643, 0.34107503294944763, 0.33999183773994446, 0.33883580565452576, 0.3376549482345581, 0.3365451693534851, 0.3353274464607239, 0.33414340019226074, 0.33286434412002563, 0.3315853774547577, 0.3301985263824463, 0.3289475739002228, 0.3276928663253784, 0.326349675655365, 0.3250579535961151, 0.32377445697784424, 0.3224128484725952, 0.32102566957473755, 0.319621741771698, 0.31811389327049255, 0.31677305698394775, 0.3152991533279419, 0.31386008858680725, 0.31232741475105286, 0.3108364939689636, 0.3093714118003845, 0.30784672498703003, 0.3064212501049042, 0.30495890974998474, 0.30336564779281616, 0.30178090929985046, 0.3003045618534088, 0.2987588047981262, 0.29725196957588196, 0.2957560420036316, 0.294222354888916, 0.2928239405155182, 0.29133856296539307, 0.28992584347724915, 0.28858456015586853, 0.2871781885623932, 0.2856631577014923, 0.2842700183391571, 0.2827692925930023, 0.2814405858516693, 0.2800561785697937, 0.2787723243236542, 0.2774635851383209, 0.27630898356437683, 0.27489516139030457, 0.27373021841049194, 0.27255263924598694, 0.2713066339492798, 0.27018222212791443, 0.2691166400909424, 0.267969012260437, 0.26690253615379333, 0.26585906744003296, 0.2648543119430542, 0.2637941241264343, 0.2627996504306793, 0.26184356212615967, 0.26081758737564087, 0.26004570722579956, 0.25906750559806824, 0.2581862509250641, 0.2572863698005676, 0.2564465403556824, 0.2555040121078491, 0.2547798156738281, 0.25386467576026917, 0.25304853916168213, 0.252346396446228, 0.25154566764831543, 0.25085052847862244, 0.2501647472381592, 0.249298557639122, 0.24859611690044403, 0.24792560935020447, 0.2471814602613449, 0.24644652009010315, 0.24588988721370697, 0.2450248897075653, 0.2443535029888153, 0.24394936859607697, 0.2429751455783844, 0.24234288930892944, 0.24174785614013672, 0.2410994917154312, 0.2405235320329666, 0.24009548127651215, 0.23925763368606567, 0.2388146072626114, 0.2382115125656128, 0.2376895397901535, 0.2367924451828003, 0.2364475131034851, 0.23567984998226166, 0.23523694276809692, 0.23468677699565887, 0.234062060713768, 0.23341292142868042, 0.23278453946113586, 0.23222611844539642, 0.23176246881484985, 0.23133674263954163, 0.23103101551532745, 0.23065190017223358, 0.229988694190979, 0.22943490743637085, 0.22876253724098206, 0.22835096716880798, 0.22781118750572205, 0.2274169772863388, 0.22699351608753204, 0.22662775218486786, 0.22627851366996765, 0.22539624571800232, 0.2250625491142273, 0.22467626631259918, 0.22404593229293823, 0.22371195256710052, 0.22328896820545197, 0.22306939959526062, 0.22273896634578705, 0.22197899222373962, 0.2215147614479065, 0.22109106183052063, 0.22065024077892303, 0.22016048431396484, 0.21994827687740326, 0.21980907022953033, 0.21953517198562622, 0.21888475120067596, 0.21851389110088348, 0.21800954639911652, 0.2177174985408783, 0.21724733710289001, 0.21692350506782532, 0.21671465039253235, 0.2160782665014267, 0.21576695144176483, 0.2152927964925766, 0.21495820581912994, 0.21468579769134521, 0.21431595087051392, 0.21404200792312622, 0.21363264322280884, 0.21333585679531097, 0.21305586397647858, 0.21270887553691864, 0.2124793976545334, 0.21243175864219666, 0.2119256556034088, 0.21157047152519226, 0.21125400066375732, 0.2109745591878891, 0.21078619360923767, 0.21050655841827393]",33.0,"[33.0, 33.0, 33.0, 33.0, 33.0, 33.0, 33.0, 33.0, 33.0, 33.0, 33.0, 33.0, 33.0, 33.0, 33.0, 33.0, 33.0, 33.0, 33.0, 33.0, 33.0, 33.0, 33.0, 33.0, 33.0, 33.0, 33.0, 33.0, 33.0, 33.0, 33.0, 33.0, 33.0, 33.0, 33.0, 33.0, 33.0, 33.0, 33.0, 33.0, 33.0, 33.0, 33.0, 33.0, 33.0, 33.0, 33.0, 33.0, 33.0, 33.0, 33.0, 33.0, 33.0, 33.0, 33.0, 33.0, 33.0, 33.0, 33.0, 33.0, 33.0, 33.0, 33.0, 33.0, 33.0, 33.0, 33.0, 33.0, 33.0, 33.0, 33.0, 33.0, 33.0, 33.0, 33.0, 33.0, 33.0, 33.0, 33.0, 33.0, 33.0, 33.0, 33.0, 33.0, 33.0, 33.0, 33.0, 33.0, 33.0, 33.0, 33.0, 33.0, 33.0, 33.0, 33.0, 33.0, 33.0, 33.0, 33.0, 33.0, 33.0, 33.0, 33.0, 33.0, 33.0, 33.0, 33.0, 33.0, 33.0, 33.0, 33.0, 33.0, 33.0, 33.0, 33.0, 33.0, 33.0, 33.0, 33.0, 33.0, 33.0, 33.0, 33.0, 33.0, 33.0, 33.0, 33.0, 33.0, 33.0, 33.0, 33.0, 33.0, 33.0, 33.0, 33.0, 33.0, 33.0, 33.0, 33.0, 33.0, 33.0, 33.0, 33.0, 33.0, 33.0, 33.0, 33.0, 33.0, 33.0, 33.0, 33.0, 33.0, 33.0, 33.0, 33.0, 33.0, 33.0, 33.0, 33.0, 33.0, 33.0, 33.0, 33.0, 33.0, 33.0, 33.0, 33.0, 33.0, 33.0, 33.0, 33.0, 33.0, 33.0, 33.0, 33.0, 33.0, 33.0, 33.0, 33.0, 33.0, 33.0, 33.0, 33.0, 33.0, 33.0, 33.0, 33.0, 33.0, 33.0, 33.0, 33.0, 33.0, 33.0, 33.0, 33.0]",COMPLETE
