,number,value,datetime_start,datetime_complete,duration,params_batch_size_scaler,params_constant_learning_rate,params_depth,params_epochs,params_kernel_l2,params_num_trees,params_temperature,user_attrs_accuracy_test,user_attrs_accuracy_valid,user_attrs_approximate_feature_sparsity,user_attrs_approximate_feature_sparsity_history,user_attrs_approximate_weight_sparsity,user_attrs_approximate_weight_sparsity_history,user_attrs_auc_test,user_attrs_auc_valid,user_attrs_feature_sparsity,user_attrs_feature_sparsity_history,user_attrs_num_epochs,user_attrs_val_loss_history,user_attrs_weight_sparsity,user_attrs_weight_sparsity_history,state
46,46,0.8986873800414782,2024-08-31 02:21:21.845611,2024-08-31 02:25:27.788756,0 days 00:04:05.943145,4,0.02237484557467147,5,445,0.04693120477302407,44,0.007945993322571523,0.903,0.89625,33,"[33, 33, 33, 33, 33, 33, 33, 33, 33, 33, 33, 33, 33, 33, 33, 33, 33, 33, 33, 33, 33, 33, 33, 33, 33, 33, 33, 33, 33, 33, 33, 33, 33, 33, 33, 33, 33, 33, 33, 33, 33, 33, 33, 33, 33, 33, 33, 33, 33, 33, 33, 33, 33, 33, 33, 33, 33, 33, 33, 33, 33, 33, 33, 33, 33, 33, 33, 33, 33, 33, 33, 33, 33, 33, 33, 33, 33, 33, 33, 33, 33, 33, 33, 33, 33, 33, 33, 33, 33, 33, 33, 33, 33, 33, 33, 33, 33, 33, 33, 33, 33, 33, 33, 33, 33, 33, 33, 33, 33, 33, 33, 33, 33, 33, 33, 33, 33, 33, 33, 33, 33, 33, 33, 33, 33, 33, 33, 33, 33, 33, 33, 33, 33, 33, 33, 33, 33, 33, 33, 33, 33, 33, 33, 33, 33, 33, 33, 33, 33, 33, 33, 33, 33, 33, 33, 33, 33, 33, 33, 33, 33, 33, 33, 33, 33, 33, 33, 33, 33, 33, 33, 33, 33, 33, 33, 33, 33, 33, 33, 33, 33, 33, 33, 33, 33, 33, 33, 33, 33, 33, 33, 33, 33, 33, 33, 33, 33, 33, 33, 33, 33, 33, 33, 33, 33, 33, 33, 33, 33, 33, 33, 33, 33, 33, 33, 33, 33, 33, 33, 33, 33, 33, 33, 33, 33, 33, 33, 33, 33, 33, 33, 33, 33, 33, 33, 33, 33, 33, 33, 33, 33, 33, 33, 33, 33, 33, 33, 33, 33, 33, 33, 33, 33, 33, 33, 33, 33, 33, 33, 33, 33, 33, 33, 33, 33, 33, 33, 33, 33, 33, 33, 33, 33, 33, 33, 33, 33, 33, 33, 33, 33, 33, 33, 33, 33, 33, 33, 33, 33, 33, 33, 33, 33, 33, 33, 33, 33, 33, 33, 33, 33, 33, 33, 33, 33, 33, 33, 33, 33, 33, 33, 33, 33, 33, 33, 33, 33, 33, 33, 33, 33, 33, 33, 33, 33, 33, 33, 33, 33, 33, 33, 33, 33, 33, 33, 33, 33, 33, 33, 33, 33, 33, 33, 33, 33, 33, 33, 33, 33, 33, 33, 33, 33, 33, 33, 33, 33, 33, 33, 33, 33, 33, 33, 33, 33, 33, 33, 33, 33, 33, 33, 33, 33, 33, 33, 33, 33, 33, 33, 33, 33, 33, 33, 33, 33, 33, 33, 33, 33, 33, 33, 33, 33, 33, 33, 33, 33, 33, 33, 33, 33, 33, 33, 33, 33, 33, 33, 33, 33, 33, 33, 33, 33, 33, 33, 33, 33, 33, 33, 33, 33, 33, 33, 33, 33, 33, 33, 33, 33, 33, 33, 33, 33, 33, 33, 33, 33, 33, 33, 33, 33, 33, 33, 33, 33]",32.95601173020528,"[32.94574780058651, 32.9450146627566, 32.94428152492669, 32.94574780058651, 32.949413489736074, 32.94648093841642, 32.94134897360704, 32.94721407624633, 32.943548387096776, 32.94574780058651, 32.94428152492669, 32.947947214076244, 32.948680351906155, 32.94648093841642, 32.9508797653959, 32.956011730205276, 32.950146627565985, 32.95234604105572, 32.94061583577712, 32.94648093841642, 32.95014662756598, 32.947947214076244, 32.94208211143695, 32.94428152492668, 32.9450146627566, 32.941348973607035, 32.94428152492669, 32.943548387096776, 32.93695014662757, 32.9450146627566, 32.941348973607035, 32.95454545454545, 32.94868035190616, 32.95307917888563, 32.95234604105572, 32.95234604105572, 32.95234604105572, 32.95307917888563, 32.95381231671554, 32.95234604105572, 32.95234604105572, 32.948680351906155, 32.95894428152493, 32.95161290322581, 32.96480938416423, 32.955278592375365, 32.95454545454545, 32.95161290322581, 32.94574780058651, 32.947947214076244, 32.9508797653959, 32.94721407624633, 32.94428152492669, 32.94574780058651, 32.94574780058651, 32.94428152492669, 32.94868035190616, 32.94648093841643, 32.949413489736074, 32.94794721407625, 32.947947214076244, 32.9391495601173, 32.9391495601173, 32.93988269794721, 32.9450146627566, 32.94208211143695, 32.93768328445748, 32.936217008797655, 32.93768328445748, 32.942082111436946, 32.94208211143695, 32.94428152492669, 32.94208211143695, 32.94061583577712, 32.943548387096776, 32.94208211143695, 32.9450146627566, 32.95381231671554, 32.95381231671554, 32.95307917888563, 32.95307917888563, 32.94721407624633, 32.9516129032258, 32.94941348973607, 32.947947214076244, 32.948680351906155, 32.947947214076244, 32.95014662756598, 32.947947214076244, 32.9508797653959, 32.957478005865106, 32.95381231671554, 32.95234604105572, 32.94574780058651, 32.94721407624633, 32.947947214076244, 32.949413489736074, 32.948680351906155, 32.94428152492669, 32.94574780058651, 32.94648093841642, 32.9391495601173, 32.943548387096776, 32.9508797653959, 32.955278592375365, 32.95234604105572, 32.95234604105572, 32.94868035190616, 32.95234604105572, 32.9516129032258, 32.95307917888563, 32.95161290322581, 32.9508797653959, 32.947947214076244, 32.94648093841642, 32.94648093841642, 32.949413489736074, 32.9508797653959, 32.9508797653959, 32.95381231671554, 32.948680351906155, 32.95234604105572, 32.94721407624633, 32.95307917888563, 32.955278592375365, 32.95454545454545, 32.95161290322581, 32.95234604105572, 32.949413489736074, 32.95381231671554, 32.95454545454545, 32.950146627565985, 32.95894428152493, 32.95307917888563, 32.9574780058651, 32.95821114369502, 32.95234604105572, 32.949413489736074, 32.95307917888563, 32.950146627565985, 32.949413489736074, 32.95454545454545, 32.95527859237537, 32.95454545454545, 32.95307917888563, 32.95307917888563, 32.95307917888563, 32.94721407624634, 32.949413489736074, 32.95161290322581, 32.9508797653959, 32.950146627565985, 32.949413489736074, 32.949413489736074, 32.95307917888563, 32.95307917888563, 32.95454545454546, 32.956744868035194, 32.95967741935484, 32.95821114369502, 32.95527859237537, 32.95307917888563, 32.95161290322581, 32.950146627565985, 32.95234604105572, 32.95527859237537, 32.949413489736074, 32.94428152492669, 32.94868035190616, 32.94648093841642, 32.94721407624633, 32.950146627565985, 32.95307917888563, 32.95381231671554, 32.9508797653959, 32.9508797653959, 32.94721407624633, 32.94721407624633, 32.94721407624633, 32.94208211143695, 32.950146627565985, 32.942815249266864, 32.94428152492669, 32.94574780058651, 32.94794721407625, 32.94574780058651, 32.943548387096776, 32.94134897360704, 32.93841642228739, 32.94428152492669, 32.94721407624633, 32.94134897360704, 32.94428152492669, 32.9450146627566, 32.94721407624633, 32.947947214076244, 32.94721407624633, 32.94574780058651, 32.94574780058652, 32.93988269794722, 32.942815249266864, 32.943548387096776, 32.94134897360704, 32.943548387096776, 32.94061583577713, 32.94574780058651, 32.94648093841643, 32.95381231671555, 32.95454545454545, 32.95454545454545, 32.95381231671554, 32.94648093841642, 32.94941348973607, 32.947947214076244, 32.94648093841642, 32.95087976539589, 32.95381231671554, 32.948680351906155, 32.94574780058651, 32.94574780058651, 32.949413489736074, 32.94648093841642, 32.95307917888563, 32.956011730205276, 32.95894428152493, 32.957478005865106, 32.95161290322581, 32.95307917888563, 32.9508797653959, 32.948680351906155, 32.95087976539589, 32.957478005865106, 32.95967741935484, 32.96041055718475, 32.955278592375365, 32.96041055718475, 32.95894428152493, 32.95674486803519, 32.95454545454545, 32.95161290322581, 32.95234604105572, 32.955278592375365, 32.956744868035194, 32.95674486803519, 32.956011730205276, 32.961876832844574, 32.962609970674485, 32.95821114369502, 32.95454545454545, 32.95234604105572, 32.957478005865106, 32.95454545454545, 32.95307917888563, 32.95161290322581, 32.95454545454545, 32.9508797653959, 32.947947214076244, 32.94428152492669, 32.949413489736074, 32.947947214076244, 32.948680351906155, 32.94868035190616, 32.9450146627566, 32.94648093841642, 32.949413489736074, 32.95161290322581, 32.95307917888563, 32.95381231671554, 32.950146627565985, 32.949413489736074, 32.94428152492669, 32.9450146627566, 32.943548387096776, 32.947947214076244, 32.948680351906155, 32.95161290322581, 32.94648093841642, 32.949413489736074, 32.9508797653959, 32.94134897360704, 32.93768328445748, 32.936217008797655, 32.938416422287396, 32.94134897360704, 32.93988269794721, 32.93841642228739, 32.9450146627566, 32.947947214076244, 32.94574780058651, 32.948680351906155, 32.94721407624633, 32.948680351906155, 32.94721407624633, 32.94648093841642, 32.947947214076244, 32.9508797653959, 32.95161290322581, 32.95161290322581, 32.948680351906155, 32.95234604105572, 32.95161290322581, 32.950146627565985, 32.95454545454545, 32.947947214076244, 32.950146627565985, 32.947947214076244, 32.94941348973607, 32.9508797653959, 32.95307917888563, 32.9508797653959, 32.956011730205276, 32.955278592375365, 32.95234604105572, 32.94721407624633, 32.94428152492669, 32.94574780058651, 32.94208211143695, 32.94281524926686, 32.943548387096776, 32.94208211143695, 32.94061583577712, 32.94061583577713, 32.94941348973607, 32.94941348973607, 32.94868035190616, 32.943548387096776, 32.93988269794721, 32.94061583577712, 32.93841642228739, 32.936217008797655, 32.942082111436946, 32.94721407624633, 32.947947214076244, 32.947947214076244, 32.94574780058651, 32.94574780058651, 32.94428152492669, 32.942815249266864, 32.94574780058651, 32.94721407624633, 32.94208211143695, 32.942815249266864, 32.9450146627566, 32.94134897360704, 32.943548387096776, 32.94428152492669, 32.94208211143695, 32.9450146627566, 32.94721407624634, 32.94574780058652, 32.94721407624634, 32.950146627565985, 32.94868035190616, 32.95381231671554, 32.95234604105572, 32.94721407624633, 32.94868035190616, 32.94574780058652, 32.9450146627566, 32.9450146627566, 32.94941348973607, 32.949413489736074, 32.94648093841642, 32.942815249266864, 32.943548387096776, 32.94721407624634, 32.949413489736074, 32.95381231671554, 32.95234604105572, 32.950146627565985, 32.95454545454545, 32.95381231671554, 32.956744868035194, 32.95601173020528, 32.95381231671554, 32.94868035190616, 32.95014662756598, 32.947947214076244, 32.95234604105572, 32.95381231671554, 32.95894428152493, 32.957478005865106, 32.957478005865106, 32.96041055718475, 32.95821114369502, 32.95674486803519, 32.95454545454545, 32.950146627565985, 32.950146627565985, 32.9508797653959, 32.947947214076244, 32.94428152492669, 32.9450146627566, 32.943548387096776, 32.94721407624633, 32.95161290322581, 32.94574780058651, 32.941348973607035, 32.9391495601173, 32.9450146627566, 32.94868035190616, 32.955278592375365, 32.9508797653959, 32.94721407624633, 32.949413489736074, 32.94574780058651, 32.94208211143695, 32.943548387096776, 32.942815249266864, 32.9450146627566, 32.94208211143695, 32.942815249266864, 32.93988269794721, 32.93695014662757, 32.936217008797655, 32.93988269794721, 32.9391495601173, 32.94648093841642, 32.943548387096776, 32.9450146627566, 32.94721407624633, 32.95014662756598, 32.95161290322581, 32.95454545454545, 32.95381231671554, 32.955278592375365, 32.955278592375365, 32.95381231671554, 32.95307917888563, 32.95381231671554, 32.95234604105572, 32.95234604105572, 32.95601173020528, 32.95967741935484, 32.961876832844574, 32.96407624633431, 32.96041055718475, 32.96041055718475, 32.957478005865106, 32.96114369501466, 32.95601173020528, 32.95454545454545, 32.95674486803519, 32.95454545454546, 32.95601173020528]",0.881868245279436,0.8986873800414782,33,"[33, 33, 33, 33, 33, 33, 33, 33, 33, 33, 33, 33, 33, 33, 33, 33, 33, 33, 33, 33, 33, 33, 33, 33, 33, 33, 33, 33, 33, 33, 33, 33, 33, 33, 33, 33, 33, 33, 33, 33, 33, 33, 33, 33, 33, 33, 33, 33, 33, 33, 33, 33, 33, 33, 33, 33, 33, 33, 33, 33, 33, 33, 33, 33, 33, 33, 33, 33, 33, 33, 33, 33, 33, 33, 33, 33, 33, 33, 33, 33, 33, 33, 33, 33, 33, 33, 33, 33, 33, 33, 33, 33, 33, 33, 33, 33, 33, 33, 33, 33, 33, 33, 33, 33, 33, 33, 33, 33, 33, 33, 33, 33, 33, 33, 33, 33, 33, 33, 33, 33, 33, 33, 33, 33, 33, 33, 33, 33, 33, 33, 33, 33, 33, 33, 33, 33, 33, 33, 33, 33, 33, 33, 33, 33, 33, 33, 33, 33, 33, 33, 33, 33, 33, 33, 33, 33, 33, 33, 33, 33, 33, 33, 33, 33, 33, 33, 33, 33, 33, 33, 33, 33, 33, 33, 33, 33, 33, 33, 33, 33, 33, 33, 33, 33, 33, 33, 33, 33, 33, 33, 33, 33, 33, 33, 33, 33, 33, 33, 33, 33, 33, 33, 33, 33, 33, 33, 33, 33, 33, 33, 33, 33, 33, 33, 33, 33, 33, 33, 33, 33, 33, 33, 33, 33, 33, 33, 33, 33, 33, 33, 33, 33, 33, 33, 33, 33, 33, 33, 33, 33, 33, 33, 33, 33, 33, 33, 33, 33, 33, 33, 33, 33, 33, 33, 33, 33, 33, 33, 33, 33, 33, 33, 33, 33, 33, 33, 33, 33, 33, 33, 33, 33, 33, 33, 33, 33, 33, 33, 33, 33, 33, 33, 33, 33, 33, 33, 33, 33, 33, 33, 33, 33, 33, 33, 33, 33, 33, 33, 33, 33, 33, 33, 33, 33, 33, 33, 33, 33, 33, 33, 33, 33, 33, 33, 33, 33, 33, 33, 33, 33, 33, 33, 33, 33, 33, 33, 33, 33, 33, 33, 33, 33, 33, 33, 33, 33, 33, 33, 33, 33, 33, 33, 33, 33, 33, 33, 33, 33, 33, 33, 33, 33, 33, 33, 33, 33, 33, 33, 33, 33, 33, 33, 33, 33, 33, 33, 33, 33, 33, 33, 33, 33, 33, 33, 33, 33, 33, 33, 33, 33, 33, 33, 33, 33, 33, 33, 33, 33, 33, 33, 33, 33, 33, 33, 33, 33, 33, 33, 33, 33, 33, 33, 33, 33, 33, 33, 33, 33, 33, 33, 33, 33, 33, 33, 33, 33, 33, 33, 33, 33, 33, 33, 33, 33, 33, 33, 33, 33, 33, 33, 33, 33, 33, 33, 33, 33, 33, 33, 33, 33, 33, 33, 33, 33, 33]",445,"[0.4716799855232239, 0.42358070611953735, 0.40823692083358765, 0.40194931626319885, 0.3982910215854645, 0.3958028554916382, 0.39382195472717285, 0.39206749200820923, 0.3905167281627655, 0.38909777998924255, 0.3877655267715454, 0.3865157663822174, 0.3853520154953003, 0.38427355885505676, 0.38323986530303955, 0.3822789490222931, 0.3813794255256653, 0.3805239200592041, 0.37972408533096313, 0.3789573013782501, 0.378224641084671, 0.3775355815887451, 0.37686291337013245, 0.3762487471103668, 0.3756486177444458, 0.3750726580619812, 0.37454333901405334, 0.3740060329437256, 0.37351182103157043, 0.37304672598838806, 0.37257179617881775, 0.37212783098220825, 0.37165892124176025, 0.3712298572063446, 0.37081485986709595, 0.37043848633766174, 0.3700597286224365, 0.3696846663951874, 0.3693239092826843, 0.3689587712287903, 0.36860060691833496, 0.36826252937316895, 0.3678978383541107, 0.3675750494003296, 0.36725643277168274, 0.36694300174713135, 0.36662331223487854, 0.3663080930709839, 0.36600247025489807, 0.36568695306777954, 0.36536476016044617, 0.3650653064250946, 0.3647763729095459, 0.36448967456817627, 0.36417752504348755, 0.3638838529586792, 0.3635793626308441, 0.3633134365081787, 0.3630220293998718, 0.36276936531066895, 0.36250194907188416, 0.36221617460250854, 0.3619533181190491, 0.3616974651813507, 0.3614049553871155, 0.3611222207546234, 0.36084896326065063, 0.3605804443359375, 0.36031219363212585, 0.3600342273712158, 0.3597533404827118, 0.3594876825809479, 0.3592187762260437, 0.3589656352996826, 0.3586975336074829, 0.3584553897380829, 0.35818400979042053, 0.3579057455062866, 0.3576459586620331, 0.3573625087738037, 0.35710155963897705, 0.35685187578201294, 0.35660308599472046, 0.3563401699066162, 0.35608741641044617, 0.35580766201019287, 0.35555264353752136, 0.3552854657173157, 0.35502028465270996, 0.3547586500644684, 0.3545040786266327, 0.35425713658332825, 0.3539907932281494, 0.3537067174911499, 0.35344773530960083, 0.35319414734840393, 0.3529299795627594, 0.3526560068130493, 0.3523821532726288, 0.3521241247653961, 0.35187840461730957, 0.35160496830940247, 0.3513660132884979, 0.351110577583313, 0.3508524000644684, 0.3506109118461609, 0.35033583641052246, 0.3500784635543823, 0.34982144832611084, 0.3495773375034332, 0.34930580854415894, 0.3490375280380249, 0.34876301884651184, 0.3484976887702942, 0.34825581312179565, 0.3479975759983063, 0.3477301299571991, 0.3474864661693573, 0.34720855951309204, 0.34694206714630127, 0.34667181968688965, 0.3464233875274658, 0.3461514711380005, 0.34589287638664246, 0.34563228487968445, 0.3453781008720398, 0.3451000154018402, 0.34483322501182556, 0.34458377957344055, 0.34432879090309143, 0.3440556228160858, 0.3437720239162445, 0.34350642561912537, 0.3432794213294983, 0.34300026297569275, 0.3427186906337738, 0.3424535393714905, 0.3422042727470398, 0.34191304445266724, 0.34163543581962585, 0.3413856625556946, 0.34112969040870667, 0.3408794403076172, 0.3405854105949402, 0.3403129279613495, 0.3400663137435913, 0.3397892117500305, 0.3395204246044159, 0.3392413258552551, 0.3389723300933838, 0.338704913854599, 0.33841732144355774, 0.33814769983291626, 0.3378809690475464, 0.33758413791656494, 0.3373194932937622, 0.33703896403312683, 0.3367616534233093, 0.33649563789367676, 0.33621442317962646, 0.33592331409454346, 0.33566489815711975, 0.3353811502456665, 0.33509746193885803, 0.3348170816898346, 0.3345215916633606, 0.33425822854042053, 0.33396777510643005, 0.33367565274238586, 0.33336418867111206, 0.33306682109832764, 0.33277952671051025, 0.33249223232269287, 0.3321928083896637, 0.3318994641304016, 0.3316129446029663, 0.3313197195529938, 0.33102840185165405, 0.33071064949035645, 0.33039718866348267, 0.3300893008708954, 0.32979533076286316, 0.329513818025589, 0.3292110860347748, 0.32889997959136963, 0.32857635617256165, 0.3282713294029236, 0.3279629051685333, 0.3276607096195221, 0.32732105255126953, 0.3270154297351837, 0.3266977071762085, 0.32639819383621216, 0.32607966661453247, 0.32576823234558105, 0.32544615864753723, 0.3251053988933563, 0.3247671127319336, 0.32441550493240356, 0.32409653067588806, 0.3237512707710266, 0.3234085142612457, 0.3230762481689453, 0.32275569438934326, 0.3224368691444397, 0.3221055269241333, 0.32174426317214966, 0.32140296697616577, 0.3210591971874237, 0.3206961452960968, 0.3203743100166321, 0.320013165473938, 0.31965482234954834, 0.3193111717700958, 0.3189893662929535, 0.31863150000572205, 0.3182705044746399, 0.31789934635162354, 0.3175352215766907, 0.3171662390232086, 0.31680262088775635, 0.31643542647361755, 0.31607452034950256, 0.31571438908576965, 0.31532517075538635, 0.3149654269218445, 0.31459563970565796, 0.3142179250717163, 0.31384995579719543, 0.3134694993495941, 0.31308233737945557, 0.3126751184463501, 0.31228864192962646, 0.3118991553783417, 0.31153279542922974, 0.311137855052948, 0.3107364773750305, 0.31035223603248596, 0.30995428562164307, 0.30954769253730774, 0.3091259002685547, 0.30875250697135925, 0.3083495795726776, 0.3079565763473511, 0.30756303668022156, 0.30717265605926514, 0.3067774474620819, 0.3063383102416992, 0.30595260858535767, 0.30555763840675354, 0.30513834953308105, 0.3047392964363098, 0.304340124130249, 0.3039470314979553, 0.30352362990379333, 0.3031140863895416, 0.3027065396308899, 0.3023022711277008, 0.30188578367233276, 0.3014971911907196, 0.3011128008365631, 0.3006880581378937, 0.3002545237541199, 0.2998216152191162, 0.2993978261947632, 0.29899147152900696, 0.2985804080963135, 0.29817715287208557, 0.29776105284690857, 0.29734525084495544, 0.29692360758781433, 0.2965185046195984, 0.29612836241722107, 0.2957191467285156, 0.29530197381973267, 0.29487448930740356, 0.2944583296775818, 0.2940424978733063, 0.29364752769470215, 0.2932494282722473, 0.2928445041179657, 0.29244229197502136, 0.2920282483100891, 0.29163485765457153, 0.2912343442440033, 0.29083237051963806, 0.29042044281959534, 0.29001280665397644, 0.2895995080471039, 0.2891871929168701, 0.2888046205043793, 0.2884264886379242, 0.28802037239074707, 0.2876198887825012, 0.2872270345687866, 0.28683212399482727, 0.2864576578140259, 0.2860611081123352, 0.2856719493865967, 0.28529784083366394, 0.2849257290363312, 0.28454121947288513, 0.2841566205024719, 0.2837793529033661, 0.28341448307037354, 0.28304776549339294, 0.28266647458076477, 0.28230372071266174, 0.2819473147392273, 0.2815772294998169, 0.2812023460865021, 0.28085365891456604, 0.2805098295211792, 0.2801477313041687, 0.2798043191432953, 0.27945399284362793, 0.27910301089286804, 0.27875393629074097, 0.2783859968185425, 0.278036892414093, 0.2776951491832733, 0.27736178040504456, 0.2770058512687683, 0.2766786217689514, 0.27636396884918213, 0.2760288119316101, 0.27570897340774536, 0.27537426352500916, 0.27505046129226685, 0.27474087476730347, 0.2744145095348358, 0.2741011679172516, 0.27380749583244324, 0.2734937369823456, 0.27319809794425964, 0.2728824019432068, 0.27258068323135376, 0.27226829528808594, 0.27196207642555237, 0.27167147397994995, 0.2713567316532135, 0.2710627615451813, 0.27076226472854614, 0.2704760432243347, 0.2702096998691559, 0.26991960406303406, 0.26965904235839844, 0.2693842351436615, 0.2691110670566559, 0.2688521146774292, 0.2685631513595581, 0.26828888058662415, 0.26799866557121277, 0.2677508592605591, 0.2674758732318878, 0.26721951365470886, 0.2669486105442047, 0.26668092608451843, 0.26641449332237244, 0.2661784887313843, 0.26593247056007385, 0.26568126678466797, 0.26543036103248596, 0.26517635583877563, 0.2649374306201935, 0.26469886302948, 0.2644515931606293, 0.26420414447784424, 0.26398158073425293, 0.26372915506362915, 0.26348841190338135, 0.26323169469833374, 0.26300275325775146, 0.26277339458465576, 0.26255515217781067, 0.26233503222465515, 0.2621113061904907, 0.2618878185749054, 0.26165392994880676, 0.26141422986984253, 0.2611950933933258, 0.2610090374946594, 0.2607666850090027, 0.2605588734149933, 0.26033657789230347, 0.26011621952056885, 0.2599029839038849, 0.2596884071826935, 0.25948941707611084, 0.25925981998443604, 0.25906431674957275, 0.25885888934135437, 0.25866109132766724, 0.25845667719841003, 0.25825488567352295, 0.2580552101135254, 0.2578503489494324, 0.25765514373779297, 0.2574554681777954, 0.2572360038757324, 0.25706660747528076, 0.25686895847320557, 0.2566683292388916, 0.2564947307109833, 0.25629183650016785, 0.2560849189758301, 0.25589701533317566, 0.25572583079338074, 0.2555440664291382, 0.25533849000930786, 0.2551501393318176, 0.25497737526893616, 0.25479933619499207, 0.2546117603778839, 0.2544114589691162, 0.25423017144203186, 0.2540542185306549, 0.25388872623443604, 0.25370535254478455, 0.2535236179828644, 0.2533445954322815, 0.25317147374153137, 0.252979040145874, 0.25282442569732666, 0.2526454031467438, 0.2524680495262146, 0.2522995173931122, 0.2521233856678009, 0.25196459889411926, 0.25176486372947693, 0.25157344341278076, 0.25142544507980347, 0.2512604892253876, 0.2510906457901001, 0.2509208619594574, 0.2507835626602173, 0.25061196088790894, 0.2504156529903412, 0.2502584755420685, 0.2501011788845062, 0.