,number,value,datetime_start,datetime_complete,duration,params_batch_size_scaler,params_constant_learning_rate,params_depth,params_epochs,params_kernel_l2,params_num_trees,params_temperature,user_attrs_accuracy_test,user_attrs_accuracy_valid,user_attrs_approximate_feature_sparsity,user_attrs_approximate_feature_sparsity_history,user_attrs_approximate_weight_sparsity,user_attrs_approximate_weight_sparsity_history,user_attrs_auc_test,user_attrs_auc_valid,user_attrs_feature_sparsity,user_attrs_feature_sparsity_history,user_attrs_num_epochs,user_attrs_val_loss_history,user_attrs_weight_sparsity,user_attrs_weight_sparsity_history,state
78,78,0.9204312710128686,2024-08-31 03:45:04.738448,2024-08-31 03:45:43.297077,0 days 00:00:38.558629,16,0.5812785799570291,1,350,0.008781525588760488,74,0.0006647851628029063,0.937,0.93,15,"[33, 33, 33, 33, 33, 33, 33, 33, 33, 33, 33, 33, 33, 33, 33, 33, 33, 33, 33, 33, 33, 33, 33, 33, 33, 33, 33, 33, 33, 33, 33, 33, 33, 33, 33, 33, 33, 32, 32, 32, 32, 32, 31, 30, 30, 30, 30, 29, 28, 28, 28, 26, 26, 26, 26, 25, 24, 24, 24, 24, 24, 24, 24, 24, 24, 24, 24, 23, 21, 21, 20, 20, 20, 20, 19, 19, 19, 19, 19, 19, 19, 19, 19, 19, 19, 18, 18, 18, 18, 18, 18, 18, 18, 18, 18, 17, 17, 17, 17, 17, 17, 17, 17, 17, 17, 17, 16, 16, 16, 16, 16, 16, 16, 16, 16, 16, 16, 16, 16, 16, 16, 16, 16, 16, 16, 16, 16, 16, 16, 16, 16, 16, 16, 16, 16, 16, 16, 16, 16, 16, 16, 16, 16, 16, 16, 16, 16, 16, 16, 16, 16, 16, 16, 16, 16, 16, 16, 16, 16, 16, 16, 16, 16, 16, 16, 16, 15, 15, 15, 15, 15, 15, 15, 15, 15, 15, 15, 15, 15, 15, 15, 15, 15, 15, 15, 15, 15, 15, 15, 15, 15, 15, 15, 15, 15, 15, 15, 15, 15, 15, 15, 15, 15, 15, 15, 15, 15, 15, 15, 15, 15, 15, 15, 15, 15, 15, 15, 15, 15, 15, 15, 15, 15, 15, 15, 15, 15, 15, 15, 15, 15, 15, 15, 15, 15, 15, 15, 15, 15, 15, 15, 15, 15, 15, 15, 15, 15, 15, 15, 15, 15, 15, 15, 15, 15, 15, 15, 15, 15, 15, 15, 15, 15, 15, 15, 15, 15, 15, 15, 15, 15, 15, 15, 15, 15, 15, 15, 15, 15, 15, 15, 15, 15, 15, 15, 15, 15, 15, 15, 15, 15, 15, 15, 15, 15, 15, 15, 15, 15, 15, 15, 15, 15, 15, 15, 15, 15, 15, 15, 15, 15, 15, 15, 15, 15, 15, 15, 15, 15, 15, 15, 15, 15, 15, 15, 15, 15, 15, 15, 15, 15, 15, 15, 15, 15, 15, 15, 15, 15, 15, 15, 15, 15, 15, 15, 15, 15, 15, 15, 15]",15.0,"[32.97297297297297, 33.0, 32.97297297297297, 32.95945945945946, 33.0, 33.0, 32.986486486486484, 33.0, 33.0, 33.0, 33.0, 33.0, 33.0, 32.986486486486484, 32.97297297297297, 32.986486486486484, 33.0, 33.0, 33.0, 33.0, 33.0, 33.0, 33.0, 33.0, 33.0, 32.95945945945946, 33.0, 32.986486486486484, 33.0, 33.0, 32.986486486486484, 33.0, 32.97297297297297, 33.0, 32.97297297297297, 33.0, 33.0, 32.0, 31.986486486486484, 31.986486486486484, 31.986486486486484, 32.0, 30.986486486486484, 30.0, 30.0, 30.0, 30.0, 28.972972972972972, 27.972972972972972, 27.986486486486484, 27.95945945945946, 25.972972972972972, 25.972972972972972, 26.0, 26.0, 24.986486486486484, 23.972972972972972, 23.986486486486484, 23.986486486486484, 23.986486486486484, 23.986486486486484, 23.95945945945946, 23.986486486486484, 23.972972972972972, 24.0, 24.0, 24.0, 23.0, 20.986486486486488, 20.986486486486484, 20.0, 20.0, 20.0, 20.0, 19.0, 18.986486486486484, 19.0, 19.0, 19.0, 19.0, 19.0, 19.0, 19.0, 18.986486486486484, 18.986486486486484, 17.986486486486484, 17.972972972972972, 17.986486486486484, 17.986486486486484, 17.95945945945946, 17.986486486486484, 17.972972972972972, 17.986486486486484, 17.972972972972972, 17.972972972972972, 16.972972972972972, 16.986486486486484, 16.986486486486484, 16.95945945945946, 16.986486486486484, 16.986486486486488, 17.0, 17.0, 16.972972972972972, 17.0, 16.972972972972972, 16.0, 16.0, 16.0, 15.986486486486486, 16.0, 16.0, 16.0, 16.0, 16.0, 16.0, 16.0, 16.0, 16.0, 16.0, 16.0, 16.0, 16.0, 16.0, 15.986486486486486, 15.986486486486486, 15.986486486486486, 15.986486486486486, 16.0, 15.986486486486486, 15.986486486486486, 16.0, 16.0, 16.0, 16.0, 16.0, 16.0, 16.0, 16.0, 16.0, 16.0, 15.986486486486486, 16.0, 16.0, 15.986486486486486, 16.0, 16.0, 16.0, 16.0, 15.972972972972972, 15.986486486486486, 16.0, 15.986486486486486, 15.986486486486486, 16.0, 16.0, 15.986486486486486, 15.986486486486486, 16.0, 16.0, 16.0, 15.986486486486486, 16.0, 16.0, 15.986486486486486, 16.0, 15.0, 15.0, 15.0, 15.0, 15.0, 15.0, 15.0, 15.0, 14.986486486486486, 15.0, 14.986486486486486, 15.0, 15.0, 15.0, 14.986486486486486, 15.0, 15.0, 15.0, 14.986486486486486, 15.0, 14.986486486486486, 15.0, 14.986486486486486, 14.986486486486486, 14.986486486486486, 15.0, 15.0, 15.0, 15.0, 14.986486486486486, 15.0, 15.0, 15.0, 15.0, 14.986486486486486, 15.0, 15.0, 15.0, 14.972972972972972, 15.0, 15.0, 15.0, 15.0, 15.0, 15.0, 14.972972972972972, 15.0, 15.0, 15.0, 14.986486486486486, 14.986486486486486, 15.0, 14.95945945945946, 15.0, 15.0, 14.986486486486486, 14.986486486486486, 15.0, 14.986486486486486, 15.0, 15.0, 15.0, 15.0, 14.986486486486486, 15.0, 15.0, 15.0, 15.0, 15.0, 15.0, 14.986486486486486, 15.0, 14.986486486486486, 15.0, 15.0, 15.0, 15.0, 15.0, 14.986486486486486, 15.0, 14.986486486486486, 14.986486486486486, 15.0, 14.986486486486486, 15.0, 14.986486486486486, 15.0, 14.972972972972972, 15.0, 14.986486486486486, 14.986486486486486, 14.986486486486486, 14.986486486486486, 14.986486486486486, 14.986486486486486, 14.972972972972972, 14.986486486486486, 14.986486486486486, 15.0, 14.986486486486486, 14.986486486486486, 14.986486486486486, 14.986486486486486, 15.0, 15.0, 14.986486486486486, 15.0, 14.986486486486486, 14.986486486486486, 15.0, 15.0, 15.0, 14.986486486486486, 15.0, 15.0, 15.0, 14.986486486486486, 15.0, 15.0, 15.0, 15.0, 15.0, 15.0, 15.0, 15.0, 15.0, 15.0, 15.0, 15.0, 15.0, 15.0, 14.986486486486486, 15.0, 15.0, 15.0, 14.986486486486486, 15.0, 15.0, 15.0, 15.0, 15.0, 15.0, 15.0, 15.0, 15.0, 15.0, 14.986486486486486, 15.0, 15.0, 14.986486486486486, 15.0, 15.0, 14.986486486486486, 15.0, 15.0, 14.986486486486486, 14.986486486486486, 15.0, 15.0, 15.0, 14.986486486486486, 15.0, 15.0, 14.972972972972972, 15.0, 15.0, 14.986486486486486, 15.0, 14.986486486486486, 15.0, 15.0, 15.0, 14.986486486486486, 14.972972972972972, 15.0, 15.0, 15.0, 15.0, 15.0, 15.0, 15.0, 15.0, 15.0, 15.0]",0.9137047036385704,0.9204312710128686,15,"[33, 33, 33, 33, 33, 33, 33, 33, 33, 33, 33, 33, 33, 33, 33, 33, 33, 33, 33, 33, 33, 33, 33, 33, 33, 33, 33, 33, 33, 33, 33, 33, 33, 33, 33, 33, 33, 32, 32, 32, 32, 32, 31, 30, 30, 30, 30, 29, 28, 28, 28, 26, 26, 26, 26, 25, 24, 24, 24, 24, 24, 24, 24, 24, 24, 24, 24, 23, 21, 21, 20, 20, 20, 20, 19, 19, 19, 19, 19, 19, 19, 19, 19, 19, 19, 18, 18, 18, 18, 18, 18, 18, 18, 18, 18, 17, 17, 17, 17, 17, 17, 17, 17, 17, 17, 17, 16, 16, 16, 16, 16, 16, 16, 16, 16, 16, 16, 16, 16, 16, 16, 16, 16, 16, 16, 16, 16, 16, 16, 16, 16, 16, 16, 16, 16, 16, 16, 16, 16, 16, 16, 16, 16, 16, 16, 16, 16, 16, 16, 16, 16, 16, 16, 16, 16, 16, 16, 16, 16, 16, 16, 16, 16, 16, 16, 16, 15, 15, 15, 15, 15, 15, 15, 15, 15, 15, 15, 15, 15, 15, 15, 15, 15, 15, 15, 15, 15, 15, 15, 15, 15, 15, 15, 15, 15, 15, 15, 15, 15, 15, 15, 15, 15, 15, 15, 15, 15, 15, 15, 15, 15, 15, 15, 15, 15, 15, 15, 15, 15, 15, 15, 15, 15, 15, 15, 15, 15, 15, 15, 15, 15, 15, 15, 15, 15, 15, 15, 15, 15, 15, 15, 15, 15, 15, 15, 15, 15, 15, 15, 15, 15, 15, 15, 15, 15, 15, 15, 15, 15, 15, 15, 15, 15, 15, 15, 15, 15, 15, 15, 15, 15, 15, 15, 15, 15, 15, 15, 15, 15, 15, 15, 15, 15, 15, 15, 15, 15, 15, 15, 15, 15, 15, 15, 15, 15, 15, 15, 15, 15, 15, 15, 15, 15, 15, 15, 15, 15, 15, 15, 15, 15, 15, 15, 15, 15, 15, 15, 15, 15, 15, 15, 15, 15, 15, 15, 15, 15, 15, 15, 15, 15, 15, 15, 15, 15, 15, 15, 15, 15, 15, 15, 15, 15, 15, 15, 15, 15, 15, 15, 15]",350,"[2.1544272899627686, 1.2991318702697754, 1.2380807399749756, 0.37541890144348145, 0.36340469121932983, 1.4184147119522095, 0.5947731733322144, 1.1925194263458252, 1.005780816078186, 0.9044619798660278, 0.9515753388404846, 0.3706842362880707, 0.5036019682884216, 0.6971421241760254, 1.856153130531311, 0.5278017520904541, 2.6799309253692627, 0.7190415263175964, 0.8590438961982727, 2.5372397899627686, 0.7160564661026001, 1.1801371574401855, 0.46750929951667786, 1.4257539510726929, 1.891562819480896, 0.682624340057373, 0.4235076904296875, 0.34981849789619446, 0.6578969359397888, 0.8701664209365845, 1.2065229415893555, 0.3732885420322418, 0.3636542856693268, 0.6832430958747864, 1.0601922273635864, 1.2982357740402222, 0.656065821647644, 0.7076313495635986, 0.38001877069473267, 0.464873731136322, 0.8337404727935791, 0.5955128073692322, 0.5817221403121948, 0.5351547002792358, 0.32473063468933105, 1.9316827058792114, 1.3535172939300537, 0.28655806183815, 0.4409032166004181, 0.3343851864337921, 0.3194079101085663, 1.0202572345733643, 0.40443888306617737, 0.2734716534614563, 0.8708955645561218, 0.5247999429702759, 0.2624886631965637, 0.49357759952545166, 1.1076805591583252, 0.2957361340522766, 0.3682819604873657, 0.2571024000644684, 0.33587509393692017, 0.33947062492370605, 0.2468884438276291, 0.740475594997406, 0.2920866906642914, 0.46774664521217346, 0.2760603725910187, 0.24882303178310394, 1.0252605676651, 0.29421672224998474, 0.32696476578712463, 0.2637259364128113, 0.22689715027809143, 0.21674637496471405, 0.38166192173957825, 0.2153567373752594, 0.36347731947898865, 0.25271284580230713, 0.2720961272716522, 0.2316727489233017, 0.42788755893707275, 0.34415382146835327, 0.21551375091075897, 0.5967414379119873, 0.5869392156600952, 0.2719145119190216, 0.21420150995254517, 0.2610038220882416, 0.2586858570575714, 0.42771846055984497, 0.22574956715106964, 0.2914057672023773, 0.27489614486694336, 0.7962831258773804, 0.22801871597766876, 0.8038943409919739, 0.2252899557352066, 0.3709782660007477, 0.23305754363536835, 0.2230595350265503, 0.26802727580070496, 0.2144317775964737, 0.4850977957248688, 0.20626293122768402, 0.503726065158844, 0.21755070984363556, 0.7591862678527832, 0.22073359787464142, 0.4022958278656006, 0.7681029438972473, 0.5998837351799011, 0.21718479692935944, 0.23348461091518402, 0.2177407145500183, 0.20596958696842194, 0.21042846143245697, 0.20982027053833008, 0.4869219958782196, 0.34439221024513245, 0.49716177582740784, 0.20918919146060944, 0.28238004446029663, 0.23369115591049194, 0.7812984585762024, 0.20579810440540314, 0.2989009618759155, 0.457670122385025, 0.2689906358718872, 0.19908007979393005, 0.20052745938301086, 0.635002851486206, 0.2284626066684723, 0.3351403772830963, 0.19984769821166992, 0.23447337746620178, 0.20383690297603607, 0.24389517307281494, 0.2926020324230194, 0.2202220857143402, 0.5215821266174316, 0.2811083495616913, 0.2555852234363556, 0.46918490529060364, 0.21908044815063477, 0.3386441469192505, 0.4748952388763428, 0.2582492530345917, 0.31429681181907654, 0.28659147024154663, 0.334366112947464, 0.4740922451019287, 0.2098446637392044, 0.24064545333385468, 0.25040575861930847, 0.19650807976722717, 0.19915232062339783, 0.1979740858078003, 0.19654874503612518, 0.21732430160045624, 0.21093055605888367, 0.3338502049446106, 0.19916664063930511, 0.302878201007843, 0.18983867764472961, 0.5817515850067139, 0.3369569778442383, 0.22087886929512024, 0.3087560534477234, 0.2311563640832901, 0.44132789969444275, 0.4409666061401367, 0.24215096235275269, 0.2697805166244507, 0.25771504640579224, 0.23831559717655182, 0.22339275479316711, 0.25832071900367737, 0.21937179565429688, 0.28846627473831177, 0.2763931453227997, 0.21445395052433014, 0.2176836133003235, 0.2739289700984955, 0.5070270299911499, 0.21841077506542206, 0.23904743790626526, 0.24618537724018097, 0.22504106163978577, 0.6312593817710876, 0.36595070362091064, 0.9045940637588501, 0.21187978982925415, 0.37018725275993347, 0.37938252091407776, 0.2180321365594864, 0.3445409834384918, 0.21221622824668884, 0.21477611362934113, 0.21848595142364502, 0.27385255694389343, 0.5737293362617493, 0.2491157501935959, 0.2184823602437973, 0.2353409230709076, 0.3068850040435791, 0.21585193276405334, 0.2496395707130432, 0.24377161264419556, 0.22728702425956726, 0.2915176451206207, 0.30386996269226074, 0.3727468252182007, 0.4145754873752594, 0.5629597306251526, 0.5760183930397034, 0.21508033573627472, 0.24946823716163635, 0.22056417167186737, 0.245796799659729, 0.22594915330410004, 0.31373077630996704, 0.422781765460968, 0.2419489324092865, 0.47283032536506653, 0.22400332987308502, 0.3318597376346588, 0.2959522008895874, 0.2752017080783844, 0.38761046528816223, 0.22437463700771332, 0.32995742559432983, 0.21805693209171295, 0.24739734828472137, 0.5355251431465149, 0.23406721651554108, 0.21168802678585052, 0.3333474397659302, 0.425630658864975, 1.191725492477417, 0.26577028632164, 0.5316596031188965, 0.5753511786460876, 0.27183765172958374, 0.36021706461906433, 0.2163792848587036, 0.22879919409751892, 0.35004153847694397, 0.3450060188770294, 0.26626935601234436, 0.5331565737724304, 0.22235646843910217, 0.5152220726013184, 0.22314521670341492, 0.2481769174337387, 0.2784682512283325, 0.24001693725585938, 0.21604280173778534, 0.23963020741939545, 0.2874036431312561, 0.37115737795829773, 0.29007893800735474, 0.21450376510620117, 0.21134527027606964, 0.21029545366764069, 0.3844698369503021, 0.24291937053203583, 0.21427688002586365, 0.2147749960422516, 0.22327107191085815, 0.23968034982681274, 0.3555489778518677, 0.21458475291728973, 0.9837856292724609, 0.21858468651771545, 0.26960137486457825, 0.2307378351688385, 0.2092733532190323, 0.217098668217659, 0.2680366635322571, 0.31253519654273987, 0.24847909808158875, 0.34535300731658936, 0.34742438793182373, 0.30327537655830383, 0.21505363285541534, 0.2965708374977112, 0.24444858729839325, 0.2089291214942932, 0.2111479789018631, 0.30618467926979065, 0.23472419381141663, 0.6454958915710449, 0.23541976511478424, 0.2150660753250122, 0.5029991269111633, 0.2501406967639923, 0.2651526927947998, 0.36904552578926086, 0.24968284368515015, 0.3254565894603729, 0.23408612608909607, 0.23319248855113983, 0.25904300808906555, 0.3440426290035248, 0.21288332343101501, 0.4891451299190521, 0.22718818485736847, 0.2124008685350418, 0.7176306247711182, 0.2401958405971527, 0.2515794634819031, 0.2333158701658249, 0.34416666626930237, 0.21522609889507294, 0.21017880737781525, 0.2123885601758957, 0.2405933439731598, 0.26349690556526184, 0.26864466071128845, 0.2946881055831909, 0.21432538330554962, 0.3439072072505951, 0.293498694896698, 0.23434869945049286, 0.2556877136230469, 0.2126069813966751, 0.2445708066225052, 1.1164191961288452, 0.291980117559433, 0.21646879613399506, 0.2184845507144928, 0.24012579023838043, 0.23925405740737915, 0.33917292952537537, 0.22307661175727844, 0.2082449346780777, 0.2095736712217331, 0.20823660492897034, 0.7552123069763184, 0.38408276438713074, 0.5734182596206665, 0.3219897150993347, 0.2253410518169403, 0.21884527802467346, 0.21096394956111908, 0.48171380162239075, 0.2203557938337326, 0.2132573127746582]",15.0,"[33.0, 33.0, 33.0, 33.0, 33.0, 33.0, 33.0, 33.0, 33.0, 33.0, 33.0, 33.0, 33.0, 33.0, 33.0, 33.0, 33.0, 33.0, 33.0, 33.0, 33.0, 33.0, 33.0, 33.0, 33.0, 33.0, 33.0, 33.0, 33.0, 33.0, 33.0, 33.0, 33.0, 33.0, 33.0, 33.0, 33.0, 32.0, 32.0, 32.0, 32.0, 32.0, 31.0, 30.0, 30.0, 30.0, 30.0, 29.0, 28.0, 28.0, 28.0, 26.0, 26.0, 26.0, 26.0, 25.0, 24.0, 24.0, 24.0, 24.0, 24.0, 24.0, 24.0, 24.0, 24.0, 24.0, 24.0, 23.0, 21.0, 21.0, 20.0, 20.0, 20.0, 20.0, 19.0, 19.0, 19.0, 19.0, 19.0, 19.0, 19.0, 19.0, 19.0, 19.0, 19.0, 18.0, 18.0, 18.0, 18.0, 18.0, 18.0, 18.0, 18.0, 18.0, 18.0, 17.0, 17.0, 17.0, 17.0, 17.0, 17.0, 17.0, 17.0, 17.0, 17.0, 17.0, 16.0, 16.0, 16.0, 16.0, 16.0, 16.0, 16.0, 16.0, 16.0, 16.0, 16.0, 16.0, 16.0, 16.0, 16.0, 16.0, 16.0, 16.0, 16.0, 16.0, 16.0, 16.0, 16.0, 16.0, 16.0, 16.0, 16.0, 16.0, 16.0, 16.0, 16.0, 16.0, 16.0, 16.0, 16.0, 16.0, 16.0, 16.0, 16.0, 16.0, 16.0, 16.0, 16.0, 16.0, 16.0, 16.0, 16.0, 16.0, 16.0, 16.0, 16.0, 16.0, 16.0, 16.0, 16.0, 16.0, 16.0, 16.0, 16.0, 16.0, 15.0, 15.0, 15.0, 15.0, 15.0, 15.0, 15.0, 15.0, 15.0, 15.0, 15.0, 15.0, 15.0, 15.0, 15.0, 15.0, 15.0, 15.0, 15.0, 15.0, 15.0, 15.0, 15.0, 15.0, 15.0, 15.0, 15.0, 15.0, 15.0, 15.0, 15.0, 15.0, 15.0, 15.0, 15.0, 15.0, 15.0, 15.0, 15.0, 15.0, 15.0, 15.0, 15.0, 15.0, 15.0, 15.0, 15.0, 15.0, 15.0, 15.0, 15.0, 15.0, 15.0, 15.0, 15.0, 15.0, 15.0, 15.0, 15.0, 15.0, 15.0, 15.0, 15.0, 15.0, 15.0, 15.0, 15.0, 15.0, 15.0, 15.0, 15.0, 15.0, 15.0, 15.0, 15.0, 15.0, 15.0, 15.0, 15.0, 15.0, 15.0, 15.0, 15.0, 15.0, 15.0, 15.0, 15.0, 15.0, 15.0, 15.0, 15.0, 15.0, 15.0, 15.0, 15.0, 15.0, 15.0, 15.0, 15.0, 15.0, 15.0, 15.0, 15.0, 15.0, 15.0, 15.0, 15.0, 15.0, 15.0, 15.0, 15.0, 15.0, 15.0, 15.0, 15.0, 15.0, 15.0, 15.0, 15.0, 15.0, 15.0, 15.0, 15.0, 15.0, 15.0, 15.0, 15.0, 15.0, 15.0, 15.0, 15.0, 15.0, 15.0, 15.0, 15.0, 15.0, 15.0, 15.0, 15.0, 15.0, 15.0, 15.0, 15.0, 15.0, 15.0, 15.0, 15.0, 15.0, 15.0, 15.0, 15.0, 15.0, 15.0, 15.0, 15.0, 15.0, 15.0, 15.0, 15.0, 15.0, 15.0, 15.0, 15.0, 15.0, 15.0, 15.0, 15.0, 15.0, 15.0, 15.0, 15.0, 15.0, 15.0, 15.0, 15.0, 15.0, 15.0, 15.0, 15.0, 15.0, 15.0, 15.0, 15.0, 15.0]",COMPLETE
