,number,value,datetime_start,datetime_complete,duration,params_batch_size_scaler,params_constant_learning_rate,params_depth,params_epochs,params_kernel_l2,params_num_trees,params_temperature,user_attrs_accuracy_test,user_attrs_accuracy_valid,user_attrs_approximate_feature_sparsity,user_attrs_approximate_feature_sparsity_history,user_attrs_approximate_weight_sparsity,user_attrs_approximate_weight_sparsity_history,user_attrs_auc_test,user_attrs_auc_valid,user_attrs_feature_sparsity,user_attrs_feature_sparsity_history,user_attrs_num_epochs,user_attrs_val_loss_history,user_attrs_weight_sparsity,user_attrs_weight_sparsity_history,state
108,108,0.8392588012520771,2024-08-31 04:50:23.845859,2024-08-31 04:53:27.031292,0 days 00:03:03.185433,1,7.821257255138032,2,250,0.001308770889912869,89,0.01260391398996268,0.886,0.8925,30,"[28, 28, 28, 28, 28, 29, 29, 29, 29, 29, 29, 29, 29, 29, 29, 29, 29, 29, 29, 29, 29, 29, 29, 29, 29, 29, 29, 29, 29, 29, 29, 29, 29, 29, 29, 29, 29, 29, 29, 29, 29, 29, 29, 29, 29, 29, 29, 29, 29, 29, 29, 29, 29, 29, 29, 29, 29, 29, 30, 30, 30, 30, 30, 30, 30, 30, 30, 30, 30, 30, 30, 30, 30, 30, 30, 30, 30, 30, 30, 30, 30, 30, 30, 30, 30, 30, 30, 30, 30, 30, 30, 30, 30, 30, 30, 30, 30, 30, 30, 30, 30, 30, 30, 30, 30, 30, 30, 30, 30, 30, 30, 30, 30, 30, 30, 30, 30, 30, 30, 30, 30, 30, 30, 30, 30, 30, 30, 30, 30, 30, 30, 30, 30, 30, 30, 30, 30, 30, 30, 30, 30, 30, 30, 30, 30, 30, 30, 30, 30, 30, 30, 30, 30, 30, 30, 30, 30, 30, 30, 30, 30, 30, 30, 30, 30, 30, 30, 30, 30, 30, 30, 30, 30, 30, 30, 30, 30, 30, 30, 30, 30, 30, 30, 30, 30, 30, 30, 30, 30, 30, 30, 30, 30, 30, 30, 30, 30, 30, 30, 30, 30, 30, 30, 30, 30, 30, 30, 30, 30, 30, 30, 30, 30, 30, 30, 30, 30, 30, 30, 30, 30, 30, 30, 30, 30, 30, 30, 30, 30, 30, 30, 30, 30, 30, 30, 30, 30, 30, 30, 30, 30, 31, 30, 30, 30, 30, 30, 30, 30, 30]",29.928838951310862,"[28.0, 28.0, 28.0, 28.0, 28.0, 28.51685393258427, 28.9438202247191, 28.966292134831463, 28.966292134831463, 28.973782771535582, 28.97752808988764, 28.9812734082397, 28.98501872659176, 28.98876404494382, 28.99250936329588, 28.99250936329588, 28.99250936329588, 28.99250936329588, 28.99625468164794, 28.99625468164794, 28.99625468164794, 28.99625468164794, 28.99625468164794, 28.99625468164794, 29.0, 29.0, 29.0, 28.99625468164794, 28.99625468164794, 28.99625468164794, 29.0, 29.0, 29.0, 29.0, 29.0, 29.0, 29.0, 29.0, 29.0, 29.0, 29.0, 29.0, 29.0, 29.0, 29.0, 29.0, 29.0, 29.0, 29.0, 29.0, 29.0, 29.0, 28.99625468164794, 28.99625468164794, 29.0, 29.0, 29.0, 29.0, 29.116104868913858, 29.29213483146067, 29.44194756554307, 29.50561797752809, 29.576779026217228, 29.621722846441948, 29.655430711610485, 29.677902621722847, 29.707865168539325, 29.737827715355806, 29.771535580524343, 29.794007490636705, 29.801498127340825, 29.801498127340825, 29.823970037453183, 29.827715355805243, 29.846441947565545, 29.850187265917604, 29.853932584269664, 29.865168539325843, 29.868913857677903, 29.872659176029963, 29.880149812734082, 29.880149812734082, 29.8876404494382, 29.89138576779026, 29.89513108614232, 29.89138576779026, 29.89513108614232, 29.89513108614232, 29.89887640449438, 29.89887640449438, 29.89887640449438, 29.90262172284644, 29.9063670411985, 29.9063670411985, 29.9063670411985, 29.9063670411985, 29.9063670411985, 29.90262172284644, 29.9063670411985, 29.9063670411985, 29.90262172284644, 29.90262172284644, 29.90262172284644, 29.9063670411985, 29.9063670411985, 29.9063670411985, 29.9063670411985, 29.9063670411985, 29.9063670411985, 29.9063670411985, 29.91011235955056, 29.91385767790262, 29.917602996254683, 29.917602996254683, 29.917602996254683, 29.917602996254683, 29.917602996254683, 29.917602996254683, 29.917602996254683, 29.917602996254683, 29.91385767790262, 29.917602996254683, 29.917602996254683, 29.917602996254683, 29.917602996254683, 29.917602996254683, 29.917602996254683, 29.913857677902623, 29.917602996254683, 29.917602996254683, 29.91385767790262, 29.91385767790262, 29.91385767790262, 29.91385767790262, 29.91385767790262, 29.917602996254683, 29.921348314606742, 29.921348314606742, 29.921348314606742, 29.921348314606742, 29.921348314606742, 29.921348314606742, 29.925093632958802, 29.928838951310862, 29.925093632958802, 29.925093632958802, 29.925093632958802, 29.925093632958802, 29.925093632958802, 29.925093632958802, 29.925093632958802, 29.925093632958802, 29.925093632958802, 29.925093632958802, 29.925093632958802, 29.925093632958802, 29.925093632958802, 29.925093632958802, 29.925093632958802, 29.925093632958802, 29.925093632958802, 29.925093632958802, 29.925093632958802, 29.925093632958802, 29.925093632958802, 29.925093632958802, 29.925093632958802, 29.925093632958802, 29.925093632958802, 29.925093632958802, 29.925093632958802, 29.925093632958802, 29.925093632958802, 29.925093632958802, 29.925093632958802, 29.928838951310862, 29.928838951310862, 29.928838951310862, 29.928838951310862, 29.928838951310862, 29.928838951310862, 29.928838951310862, 29.928838951310862, 29.928838951310862, 29.928838951310862, 29.928838951310862, 29.93258426966292, 29.93258426966292, 29.928838951310862, 29.928838951310862, 29.928838951310862, 29.928838951310862, 29.928838951310862, 29.928838951310862, 29.928838951310862, 29.928838951310862, 29.928838951310862, 29.928838951310862, 29.928838951310862, 29.928838951310862, 29.928838951310862, 29.93258426966292, 29.93258426966292, 29.93258426966292, 29.93258426966292, 29.93258426966292, 29.93258426966292, 29.93258426966292, 29.93258426966292, 29.93258426966292, 29.93258426966292, 29.93258426966292, 29.93258426966292, 29.93258426966292, 29.93258426966292, 29.93258426966292, 29.93258426966292, 29.93258426966292, 29.93258426966292, 29.93258426966292, 29.93258426966292, 29.93258426966292, 29.93258426966292, 29.93258426966292, 29.93258426966292, 29.93258426966292, 29.93258426966292, 29.93258426966292, 29.93258426966292, 29.93258426966292, 29.93258426966292, 29.93258426966292, 29.93258426966292, 29.93258426966292, 29.93258426966292, 29.93258426966292, 29.93258426966292, 29.93258426966292, 29.93258426966292, 29.93258426966292, 29.93258426966292, 29.962546816479403, 29.93258426966292, 29.93258426966292, 29.93258426966292, 29.93258426966292, 29.93258426966292, 29.93258426966292, 29.93258426966292, 29.928838951310862]",0.8430304081110314,0.8392588012520771,30,"[28, 28, 28, 28, 28, 29, 29, 29, 29, 29, 29, 29, 29, 29, 29, 29, 29, 29, 29, 29, 29, 29, 29, 29, 29, 29, 29, 29, 29, 29, 29, 29, 29, 29, 29, 29, 29, 29, 29, 29, 29, 29, 29, 29, 29, 29, 29, 29, 29, 29, 29, 29, 29, 29, 29, 29, 29, 29, 30, 30, 30, 30, 30, 30, 30, 30, 30, 30, 30, 30, 30, 30, 30, 30, 30, 30, 30, 30, 30, 30, 30, 30, 30, 30, 30, 30, 30, 30, 30, 30, 30, 30, 30, 30, 30, 30, 30, 30, 30, 30, 30, 30, 30, 30, 30, 30, 30, 30, 30, 30, 30, 30, 30, 30, 30, 30, 30, 30, 30, 30, 30, 30, 30, 30, 30, 30, 30, 30, 30, 30, 30, 30, 30, 30, 30, 30, 30, 30, 30, 30, 30, 30, 30, 30, 30, 30, 30, 30, 30, 30, 30, 30, 30, 30, 30, 30, 30, 30, 30, 30, 30, 30, 30, 30, 30, 30, 30, 30, 30, 30, 30, 30, 30, 30, 30, 30, 30, 30, 30, 30, 30, 30, 30, 30, 30, 30, 30, 30, 30, 30, 30, 30, 30, 30, 30, 30, 30, 30, 30, 30, 30, 30, 30, 30, 30, 30, 30, 30, 30, 30, 30, 30, 30, 30, 30, 30, 30, 30, 30, 30, 30, 30, 30, 30, 30, 30, 30, 30, 30, 30, 30, 30, 30, 30, 30, 30, 30, 30, 30, 30, 30, 31, 30, 30, 30, 30, 30, 30, 30, 30]",250,"[20.011493682861328, 40.98013687133789, 11.201501846313477, 9.843655586242676, 9.633906364440918, 18.377641677856445, 24.0570068359375, 12.3361234664917, 11.030423164367676, 14.495798110961914, 10.49783706665039, 17.729570388793945, 12.56875228881836, 10.251140594482422, 13.167679786682129, 12.346405029296875, 13.618246078491211, 19.311840057373047, 12.119058609008789, 17.155113220214844, 13.522603988647461, 13.103384017944336, 16.383289337158203, 13.794764518737793, 16.286409378051758, 18.268678665161133, 16.45304298400879, 17.871000289916992, 12.192654609680176, 13.462621688842773, 13.290619850158691, 21.292089462280273, 13.831303596496582, 13.764049530029297, 18.294200897216797, 14.696859359741211, 18.907947540283203, 14.847602844238281, 16.46215057373047, 16.513731002807617, 12.956995964050293, 21.976661682128906, 33.028648376464844, 15.649957656860352, 17.194002151489258, 14.275564193725586, 14.41171646118164, 20.287858963012695, 13.74859619140625, 14.638964653015137, 16.078344345092773, 13.474068641662598, 14.818029403686523, 15.172903060913086, 15.413575172424316, 15.250940322875977, 16.993080139160156, 14.215350151062012, 15.292943954467773, 18.295337677001953, 19.48003387451172, 16.23758316040039, 29.596900939941406, 14.323206901550293, 14.989291191101074, 15.702070236206055, 20.32269859313965, 23.048486709594727, 17.47420310974121, 16.55719757080078, 18.741456985473633, 18.990890502929688, 14.030190467834473, 15.315796852111816, 15.646401405334473, 14.787837982177734, 14.810687065124512, 14.5062255859375, 19.074962615966797, 17.89775276184082, 17.38949966430664, 19.827600479125977, 17.425722122192383, 14.198247909545898, 14.796418190002441, 21.585599899291992, 17.124774932861328, 17.722427368164062, 17.034862518310547, 17.874618530273438, 15.510659217834473, 23.064136505126953, 17.43824005126953, 19.318143844604492, 16.206846237182617, 16.340076446533203, 17.036727905273438, 16.93389320373535, 20.685617446899414, 16.518522262573242, 14.697992324829102, 15.848065376281738, 17.345996856689453, 15.237685203552246, 15.322513580322266, 15.799112319946289, 32.766380310058594, 17.772748947143555, 19.897884368896484, 16.564830780029297, 20.146955490112305, 17.503204345703125, 16.63387107849121, 16.608959197998047, 15.655594825744629, 15.984896659851074, 15.165042877197266, 22.114215850830078, 15.841073989868164, 15.888957977294922, 15.629827499389648, 16.653486251831055, 19.542869567871094, 14.791199684143066, 16.539505004882812, 15.831844329833984, 15.802874565124512, 15.85917854309082, 17.82879066467285, 24.156320571899414, 15.773847579956055, 18.252445220947266, 16.69683837890625, 22.569786071777344, 23.88800621032715, 23.44894790649414, 18.760412216186523, 17.336206436157227, 17.173500061035156, 17.695728302001953, 17.795684814453125, 19.982988357543945, 17.870637893676758, 15.989714622497559, 21.645431518554688, 15.519442558288574, 15.789889335632324, 16.992813110351562, 14.042610168457031, 15.798391342163086, 18.391939163208008, 17.466289520263672, 16.173721313476562, 17.816669464111328, 17.139869689941406, 18.617021560668945, 16.64849853515625, 16.007043838500977, 20.76378631591797, 18.96306037902832, 19.642547607421875, 17.107208251953125, 15.952619552612305, 20.8221435546875, 16.59781265258789, 16.573747634887695, 17.90610122680664, 19.251840591430664, 19.87371063232422, 16.202213287353516, 25.434341430664062, 18.724416732788086, 17.781267166137695, 20.818674087524414, 15.604392051696777, 18.217374801635742, 15.945169448852539, 16.223665237426758, 15.93382453918457, 16.323711395263672, 17.561256408691406, 16.951366424560547, 16.445619583129883, 15.861225128173828, 15.875358581542969, 15.306650161743164, 16.332965850830078, 15.654474258422852, 24.156156539916992, 15.588619232177734, 29.373680114746094, 17.429487228393555, 20.691957473754883, 25.412338256835938, 18.563596725463867, 14.869414329528809, 17.239458084106445, 17.81632423400879, 20.022342681884766, 16.641023635864258, 18.419424057006836, 16.187307357788086, 17.24866485595703, 18.517017364501953, 25.98883819580078, 17.183074951171875, 16.77823829650879, 18.754657745361328, 39.39710998535156, 19.239599227905273, 17.188108444213867, 20.881797790527344, 18.12310791015625, 16.58690643310547, 15.189177513122559, 15.350773811340332, 20.623571395874023, 28.06375503540039, 15.846378326416016, 18.040138244628906, 20.864845275878906, 26.02709197998047, 15.334402084350586, 18.348630905151367, 16.303064346313477, 15.55276870727539, 37.24126434326172, 19.123788833618164, 14.477938652038574, 16.180925369262695, 17.374963760375977, 15.759542465209961, 17.10930633544922, 24.651687622070312, 21.621315002441406, 15.71207046508789, 16.53486442565918, 17.811927795410156, 20.502084732055664, 15.824959754943848, 27.956945419311523, 22.302404403686523, 17.8425350189209, 26.730669021606445, 18.12322425842285, 16.873258590698242, 18.665149688720703, 17.562637329101562, 18.98659324645996, 15.983158111572266]",29.98876404494382,"[28.0, 28.0, 28.0, 28.0, 28.0, 28.97752808988764, 29.0, 29.0, 29.0, 29.0, 29.0, 29.0, 29.0, 29.0, 29.0, 29.0, 29.0, 29.0, 29.0, 29.0, 29.0, 29.0, 29.0, 29.0, 29.0, 29.0, 29.0, 29.0, 29.0, 29.0, 29.0, 29.0, 29.0, 29.0, 29.0, 29.0, 29.0, 29.0, 29.0, 29.0, 29.0, 29.0, 29.0, 29.0, 29.0, 29.0, 29.0, 29.0, 29.0, 29.0, 29.0, 29.0, 29.0, 29.0, 29.0, 29.0, 29.0, 29.0, 29.524344569288388, 29.794007490636705, 29.868913857677903, 29.90262172284644, 29.9063670411985, 29.917602996254683, 29.925093632958802, 29.93632958801498, 29.95131086142322, 29.95505617977528, 29.95505617977528, 29.95505617977528, 29.95505617977528, 29.958801498127343, 29.962546816479403, 29.962546816479403, 29.966292134831463, 29.966292134831463, 29.966292134831463, 29.966292134831463, 29.970037453183522, 29.973782771535582, 29.97752808988764, 29.97752808988764, 29.97752808988764, 29.97752808988764, 29.97752808988764, 29.97752808988764, 29.97752808988764, 29.97752808988764, 29.97752808988764, 29.97752808988764, 29.9812734082397, 29.9812734082397, 29.9812734082397, 29.9812734082397, 29.98501872659176, 29.98501872659176, 29.98501872659176, 29.98501872659176, 29.98501872659176, 29.98501872659176, 29.98501872659176, 29.98501872659176, 29.98501872659176, 29.98501872659176, 29.98501872659176, 29.98501872659176, 29.98501872659176, 29.98501872659176, 29.98501872659176, 29.98501872659176, 29.98876404494382, 29.98876404494382, 29.98876404494382, 29.98876404494382, 29.98876404494382, 29.98876404494382, 29.98876404494382, 29.98876404494382, 29.98876404494382, 29.98876404494382, 29.98876404494382, 29.98876404494382, 29.98876404494382, 29.98876404494382, 29.98876404494382, 29.98876404494382, 29.98876404494382, 29.98876404494382, 29.98876404494382, 29.98876404494382, 29.98876404494382, 29.98876404494382, 29.98876404494382, 29.98876404494382, 29.98876404494382, 29.98876404494382, 29.98876404494382, 29.98876404494382, 29.98876404494382, 29.98876404494382, 29.98876404494382, 29.98876404494382, 29.98876404494382, 29.98876404494382, 29.98876404494382, 29.98876404494382, 29.98876404494382, 29.98876404494382, 29.98876404494382, 29.98876404494382, 29.98876404494382, 29.98876404494382, 29.98876404494382, 29.98876404494382, 29.98876404494382, 29.98876404494382, 29.98876404494382, 29.98876404494382, 29.98876404494382, 29.98876404494382, 29.98876404494382, 29.98876404494382, 29.98876404494382, 29.98876404494382, 29.98876404494382, 29.98876404494382, 29.98876404494382, 29.98876404494382, 29.98876404494382, 29.98876404494382, 29.98876404494382, 29.98876404494382, 29.98876404494382, 29.98876404494382, 29.98876404494382, 29.98876404494382, 29.98876404494382, 29.98876404494382, 29.98876404494382, 29.98876404494382, 29.98876404494382, 29.98876404494382, 29.98876404494382, 29.98876404494382, 29.98876404494382, 29.98876404494382, 29.98876404494382, 29.98876404494382, 29.98876404494382, 29.98876404494382, 29.98876404494382, 29.98876404494382, 29.98876404494382, 29.98876404494382, 29.98876404494382, 29.98876404494382, 29.98876404494382, 29.98876404494382, 29.98876404494382, 29.98876404494382, 29.98876404494382, 29.98876404494382, 29.98876404494382, 29.98876404494382, 29.98876404494382, 29.98876404494382, 29.98876404494382, 29.98876404494382, 29.98876404494382, 29.98876404494382, 29.98876404494382, 29.98876404494382, 29.98876404494382, 29.98876404494382, 29.98876404494382, 29.98876404494382, 29.98876404494382, 29.98876404494382, 29.98876404494382, 29.98876404494382, 29.98876404494382, 29.98876404494382, 29.98876404494382, 29.98876404494382, 29.98876404494382, 29.98876404494382, 29.98876404494382, 29.98876404494382, 29.98876404494382, 29.98876404494382, 29.98876404494382, 29.98876404494382, 29.98876404494382, 29.98876404494382, 29.98876404494382, 29.98876404494382, 29.98876404494382, 29.98876404494382, 29.98876404494382, 29.98876404494382, 29.98876404494382, 30.235955056179776, 29.98876404494382, 29.98876404494382, 29.98876404494382, 29.98876404494382, 29.98876404494382, 29.98876404494382, 29.98876404494382, 29.98876404494382]",COMPLETE
