,number,value,datetime_start,datetime_complete,duration,params_batch_size_scaler,params_constant_learning_rate,params_depth,params_epochs,params_kernel_l2,params_num_trees,params_temperature,user_attrs_accuracy_test,user_attrs_accuracy_valid,user_attrs_approximate_feature_sparsity,user_attrs_approximate_feature_sparsity_history,user_attrs_approximate_weight_sparsity,user_attrs_approximate_weight_sparsity_history,user_attrs_auc_test,user_attrs_auc_valid,user_attrs_feature_sparsity,user_attrs_feature_sparsity_history,user_attrs_num_epochs,user_attrs_val_loss_history,user_attrs_weight_sparsity,user_attrs_weight_sparsity_history,state
129,129,0.5,2024-08-31 05:31:31.027328,2024-08-31 05:31:56.863350,0 days 00:00:25.836022,64,7.253345496504938,2,345,0.6704183566462316,41,0.004337292279130357,0.859,0.85875,2,"[32, 8, 12, 11, 12, 7, 4, 4, 3, 2, 2, 7, 6, 5, 4, 4, 3, 4, 3, 5, 3, 3, 5, 2, 4, 3, 2, 6, 3, 3, 2, 3, 1, 1, 3, 3, 2, 2, 3, 3, 4, 2, 2, 2, 3, 3, 2, 5, 2, 3, 3, 1, 3, 3, 1, 1, 4, 2, 2, 1, 1, 2, 3, 2, 2, 2, 2, 2, 2, 2, 2, 1, 1, 2, 1, 1, 2, 2, 2, 4, 2, 2, 1, 1, 2, 2, 2, 1, 4, 4, 3, 2, 1, 2, 2, 2, 1, 1, 2, 2, 1, 1, 4, 2, 1, 2, 2, 2, 0, 0, 3, 2, 2, 1, 4, 2, 2, 2, 0, 3, 2, 3, 2, 2, 1, 1, 1, 2, 2, 1, 1, 2, 2, 2, 0, 0, 2, 2, 2, 1, 1, 2, 1, 1, 2, 0, 0, 2, 2, 2, 2, 0, 0, 2, 3, 2, 0, 0, 3, 3, 2, 2, 1, 1, 2, 2, 2, 3, 2, 0, 0, 3, 2, 2, 2, 2, 2, 1, 4, 2, 2, 1, 1, 1, 1, 4, 1, 1, 1, 2, 2, 1, 1, 3, 1, 2, 2, 1, 2, 2, 0, 0, 2, 3, 2, 1, 1, 0, 4, 3, 2, 2, 0, 0, 3, 2, 1, 1, 4, 2, 1, 1, 1, 1, 2, 2, 1, 1, 3, 1, 2, 2, 2, 4, 3, 2, 2, 2, 1, 0, 3, 2, 2, 2, 0, 2, 2, 2, 2, 2, 0, 0, 2, 2, 1, 2, 2, 2, 2, 0, 0, 3, 2, 2, 0, 0, 3, 2, 2, 2, 2, 1, 1, 2, 2, 2, 1, 1, 2, 2, 0, 3, 2, 2, 2, 0, 3, 2, 2, 0, 0, 3, 2, 2, 1, 1, 2, 2, 1, 1, 2, 2, 2, 0, 0, 2, 2, 2, 1, 0, 3, 2, 2, 2, 0, 3, 3, 2, 2, 1, 1, 3, 1, 2, 2, 1, 0, 3, 2, 2, 1, 1, 2, 2, 0, 3, 3, 2, 2, 0, 0, 2, 2, 1, 2]",2.0,"[31.991869918699187, 8.0, 11.991869918699187, 11.0, 12.0, 7.0, 4.0, 4.0, 3.0, 2.0, 1.9918699186991868, 7.0, 5.991869918699187, 4.991869918699187, 4.0, 4.0, 3.0, 4.0, 3.0, 5.0, 3.0, 3.0, 4.991869918699187, 2.0, 4.0, 3.0, 2.0, 6.0, 3.0, 3.0, 2.0, 3.0, 1.0, 1.0, 3.0, 3.0, 2.0, 2.0, 3.0, 3.0, 3.991869918699187, 2.0, 2.0, 2.0, 2.991869918699187, 2.991869918699187, 2.0, 4.975609756097561, 2.0, 3.0, 3.0, 1.0, 3.0, 2.9837398373983737, 1.0, 1.0, 3.975609756097561, 1.9918699186991868, 1.9918699186991868, 1.0, 1.0, 2.0, 2.9674796747967482, 1.9918699186991868, 1.9918699186991868, 2.0, 1.9918699186991868, 2.0, 2.0, 2.0, 2.0, 1.0, 1.0, 2.0, 1.0, 1.0, 2.0, 1.983739837398374, 2.0, 4.0, 2.0, 2.0, 1.0, 1.0, 1.9918699186991868, 2.0, 2.0, 1.0, 3.951219512195122, 3.991869918699187, 3.0, 1.9918699186991868, 1.0, 1.9918699186991868, 2.0, 2.0, 1.0, 1.0, 2.0, 2.0, 1.0, 1.0, 3.991869918699187, 2.0, 1.0, 2.0, 1.9837398373983741, 1.9918699186991868, 0.0, 0.0, 2.991869918699187, 2.0, 2.0, 1.0, 3.983739837398374, 2.0, 1.9837398373983741, 2.0, 0.0, 2.9674796747967482, 2.0, 2.983739837398374, 2.0, 2.0, 1.0, 0.991869918699187, 0.983739837398374, 2.0, 2.0, 1.0, 1.0, 2.0, 2.0, 2.0, 0.0, 0.0, 1.983739837398374, 2.0, 2.0, 1.0, 1.0, 2.0, 1.0, 1.0, 2.0, 0.0, 0.0, 2.0, 2.0, 2.0, 1.9918699186991868, 0.0, 0.0, 1.983739837398374, 2.967479674796748, 2.0, 0.0, 0.0, 3.0, 3.0, 2.0, 2.0, 0.991869918699187, 1.0, 1.975609756097561, 2.0, 2.0, 2.959349593495935, 2.0, 0.0, 0.0, 2.975609756097561, 2.0, 2.0, 2.0, 1.9918699186991868, 2.0, 1.0, 3.9430894308943087, 2.0, 2.0, 1.0, 1.0, 0.983739837398374, 0.991869918699187, 3.9593495934959346, 1.0, 1.0, 0.991869918699187, 1.9918699186991868, 1.9918699186991868, 1.0, 1.0, 2.991869918699187, 1.0, 2.0, 1.9918699186991868, 0.991869918699187, 1.983739837398374, 2.0, 0.0, 0.0, 2.0, 2.991869918699187, 1.9918699186991868, 1.0, 1.0, 0.0, 3.967479674796748, 2.975609756097561, 2.0, 1.9918699186991868, 0.0, 0.0, 3.0, 2.0, 1.0, 1.0, 3.9837398373983737, 1.9918699186991868, 1.0, 1.0, 1.0, 1.0, 2.0, 2.0, 1.0, 1.0, 2.991869918699187, 0.991869918699187, 1.9918699186991868, 1.983739837398374, 2.0, 3.975609756097561, 2.991869918699187, 2.0, 2.0, 2.0, 1.0, 0.0, 2.991869918699187, 2.0, 2.0, 2.0, 0.0, 2.0, 1.9918699186991868, 2.0, 2.0, 2.0, 0.0, 0.0, 2.0, 1.9918699186991868, 1.0, 2.0, 2.0, 2.0, 2.0, 0.0, 0.0, 3.0, 2.0, 2.0, 0.0, 0.0, 3.0, 2.0, 2.0, 2.0, 2.0, 1.0, 1.0, 1.9918699186991868, 2.0, 2.0, 1.0, 1.0, 2.0, 2.0, 0.0, 2.991869918699187, 1.9918699186991868, 2.0, 2.0, 0.0, 3.0, 2.0, 2.0, 0.0, 0.0, 2.9837398373983737, 2.0, 2.0, 0.991869918699187, 0.991869918699187, 1.9918699186991868, 2.0, 1.0, 1.0, 2.0, 2.0, 2.0, 0.0, 0.0, 2.0, 2.0, 2.0, 1.0, 0.0, 3.0, 1.9837398373983741, 2.0, 2.0, 0.0, 2.975609756097561, 3.0, 2.0, 2.0, 1.0, 1.0, 2.991869918699187, 1.0, 2.0, 2.0, 1.0, 0.0, 3.0, 2.0, 2.0, 1.0, 1.0, 2.0, 2.0, 0.0, 2.975609756097561, 3.0, 2.0, 2.0, 0.0, 0.0, 2.0, 1.9918699186991868, 1.0, 2.0]",0.5,0.5,2,"[32, 8, 12, 11, 12, 7, 4, 4, 3, 2, 2, 7, 6, 5, 4, 4, 3, 4, 3, 5, 3, 3, 5, 2, 4, 3, 2, 6, 3, 3, 2, 3, 1, 1, 3, 3, 2, 2, 3, 3, 4, 2, 2, 2, 3, 3, 2, 5, 2, 3, 3, 1, 3, 3, 1, 1, 4, 2, 2, 1, 1, 2, 3, 2, 2, 2, 2, 2, 2, 2, 2, 1, 1, 2, 1, 1, 2, 2, 2, 4, 2, 2, 1, 1, 2, 2, 2, 1, 4, 4, 3, 2, 1, 2, 2, 2, 1, 1, 2, 2, 1, 1, 4, 2, 1, 2, 2, 2, 0, 0, 3, 2, 2, 1, 4, 2, 2, 2, 0, 3, 2, 3, 2, 2, 1, 1, 1, 2, 2, 1, 1, 2, 2, 2, 0, 0, 2, 2, 2, 1, 1, 2, 1, 1, 2, 0, 0, 2, 2, 2, 2, 0, 0, 2, 3, 2, 0, 0, 3, 3, 2, 2, 1, 1, 2, 2, 2, 3, 2, 0, 0, 3, 2, 2, 2, 2, 2, 1, 4, 2, 2, 1, 1, 1, 1, 4, 1, 1, 1, 2, 2, 1, 1, 3, 1, 2, 2, 1, 2, 2, 0, 0, 2, 3, 2, 1, 1, 0, 4, 3, 2, 2, 0, 0, 3, 2, 1, 1, 4, 2, 1, 1, 1, 1, 2, 2, 1, 1, 3, 1, 2, 2, 2, 4, 3, 2, 2, 2, 1, 0, 3, 2, 2, 2, 0, 2, 2, 2, 2, 2, 0, 0, 2, 2, 1, 2, 2, 2, 2, 0, 0, 3, 2, 2, 0, 0, 3, 2, 2, 2, 2, 1, 1, 2, 2, 2, 1, 1, 2, 2, 0, 3, 2, 2, 2, 0, 3, 2, 2, 0, 0, 3, 2, 2, 1, 1, 2, 2, 1, 1, 2, 2, 2, 0, 0, 2, 2, 2, 1, 0, 3, 2, 2, 2, 0, 3, 3, 2, 2, 1, 1, 3, 1, 2, 2, 1, 0, 3, 2, 2, 1, 1, 2, 2, 0, 3, 3, 2, 2, 0, 0, 2, 2, 1, 2]",345,"[5.424598217010498, 3.8141095638275146, 8.8473539352417, 15.163631439208984, 20.260395050048828, 28.19342613220215, 47.57585144042969, 10.112393379211426, 27.902294158935547, 42.46235656738281, 7.944021224975586, 28.922626495361328, 49.23440933227539, 13.096116065979004, 38.13999557495117, 13.262712478637695, 20.1131591796875, 45.483238220214844, 8.61508846282959, 28.433813095092773, 51.554744720458984, 14.977468490600586, 44.736026763916016, 7.921762466430664, 34.09104537963867, 44.95927810668945, 26.508859634399414, 53.23783874511719, 15.577005386352539, 44.647178649902344, 6.346804618835449, 30.609878540039062, 48.737770080566406, 11.905678749084473, 54.184425354003906, 19.307022094726562, 43.375511169433594, 6.129269599914551, 33.4095458984375, 16.96840476989746, 46.753822326660156, 10.605688095092773, 36.199859619140625, 16.16227149963379, 25.242128372192383, 54.491477966308594, 14.826825141906738, 44.1152229309082, 2.624239921569824, 35.984161376953125, 46.193603515625, 19.37026596069336, 49.99930191040039, 11.43537712097168, 32.81373977661133, 45.039947509765625, 28.3878116607666, 47.904396057128906, 13.531366348266602, 43.91582107543945, 2.9871604442596436, 29.17873764038086, 54.81648254394531, 14.834078788757324, 45.9182014465332, 3.794619083404541, 38.04518127441406, 24.590930938720703, 27.724864959716797, 55.889678955078125, 15.712930679321289, 44.332889556884766, 6.809291362762451, 32.599578857421875, 33.23062515258789, 74.46509552001953, 23.709012985229492, 51.671913146972656, 13.81701946258545, 44.24251937866211, 17.642717361450195, 32.46971130371094, 50.13978576660156, 12.920296669006348, 41.03523254394531, 3.4493508338928223, 34.639400482177734, 67.6957778930664, 24.27398109436035, 54.261207580566406, 18.592226028442383, 46.6275634765625, 8.063064575195312, 34.49264907836914, 58.48193359375, 28.600723266601562, 55.895057678222656, 17.323497772216797, 44.0429801940918, 6.064425468444824, 36.733882904052734, 21.168371200561523, 33.527984619140625, 48.29730987548828, 7.09597110748291, 36.873252868652344, 38.892799377441406, 24.765056610107422, 53.140098571777344, 13.443408966064453, 45.8012580871582, 9.55604362487793, 32.107078552246094, 24.54168128967285, 53.80712890625, 13.720123291015625, 39.733360290527344, 1.836911678314209, 13.238816261291504, 42.452415466308594, 3.9078805446624756, 38.278228759765625, 14.393775939941406, 20.469003677368164, 49.062843322753906, 11.06173324584961, 30.727428436279297, 48.9492301940918, 6.076937198638916, 33.502601623535156, 50.8370246887207, 18.895566940307617, 47.16650390625, 6.358725547790527, 41.45125961303711, 4.573370456695557, 39.91484832763672, 3.8984479904174805, 32.648921966552734, 39.11088943481445, 18.30276107788086, 28.28839111328125, 49.688724517822266, 10.304773330688477, 28.745166778564453, 52.8317985534668, 14.657303810119629, 43.80424880981445, 2.628443956375122, 40.94124221801758, 5.376649856567383, 34.3245849609375, 43.684959411621094, 27.091352462768555, 50.657920837402344, 14.271634101867676, 41.70795440673828, 5.660882949829102, 34.199607849121094, 66.0168228149414, 21.25555992126465, 26.45895767211914, 53.280677795410156, 16.63082504272461, 43.3845329284668, 33.735816955566406, 25.15522003173828, 56.432186126708984, 16.44038963317871, 51.1591911315918, 12.634103775024414, 42.8004150390625, 8.524603843688965, 33.14961624145508, 64.6417007446289, 22.656652450561523, 52.011985778808594, 15.346524238586426, 47.52045822143555, 11.09997272491455, 31.522768020629883, 58.783145904541016, 22.448654174804688, 51.32207107543945, 14.185896873474121, 40.306556701660156, 2.49062442779541, 11.333006858825684, 27.884695053100586, 54.81449890136719, 16.88109016418457, 41.021480560302734, 28.26093292236328, 32.71220779418945, 3.427642583847046, 30.82213592529297, 56.11454772949219, 17.37035369873047, 45.126617431640625, 5.7773661613464355, 35.52476501464844, 44.62051773071289, 24.543724060058594, 51.35529327392578, 13.156396865844727, 42.04167938232422, 13.682084083557129, 28.491422653198242, 56.168922424316406, 23.260173797607422, 5.787469863891602, 30.333009719848633, 55.614044189453125, 20.376760482788086, 52.974220275878906, 17.24579620361328, 43.457672119140625, 5.051909923553467, 39.596588134765625, 10.971253395080566, 18.01193618774414, 39.31548309326172, 10.537409782409668, 24.125659942626953, 53.6479377746582, 10.862534523010254, 39.817195892333984, 2.0383236408233643, 34.66477966308594, 43.25831985473633, 23.4173526763916, 52.61485290527344, 14.659978866577148, 48.21208190917969, 8.621033668518066, 33.79893493652344, 59.74429702758789, 25.089099884033203, 53.69733428955078, 18.0299129486084, 47.69622039794922, 15.016971588134766, 39.74120330810547, 9.853828430175781, 22.418214797973633, 51.23225021362305, 15.245038986206055, 40.10438919067383, 3.4272162914276123, 9.11199951171875, 34.514892578125, 42.84198760986328, 23.892026901245117, 36.835723876953125, 24.971548080444336, 53.73561477661133, 18.228017807006836, 44.5212516784668, 3.4654221534729004, 38.15180969238281, 8.678814888000488, 27.288434982299805, 53.88054656982422, 16.445606231689453, 45.487735748291016, 10.324018478393555, 37.79533386230469, 45.57838821411133, 22.04248809814453, 47.241886138916016, 4.742648124694824, 32.72001266479492, 69.5999526977539, 24.716676712036133, 49.54706573486328, 12.062219619750977, 42.22220230102539, 3.282327175140381, 35.32527160644531, 41.08712387084961, 20.909770965576172, 49.3530387878418, 9.237421035766602, 38.57958221435547, 41.24699401855469, 28.383838653564453, 57.139381408691406, 21.143474578857422, 31.495588302612305, 44.28217315673828, 6.389484405517578, 37.599853515625, 27.464405059814453, 26.685222625732422, 54.06773376464844, 13.17639446258545, 42.710548400878906, 3.590730905532837, 33.11748123168945, 21.389720916748047, 26.146888732910156, 52.956356048583984, 17.872787475585938, 46.738155364990234, 7.0745415687561035, 37.5813102722168, 53.66127014160156, 25.691492080688477, 56.457542419433594, 17.871784210205078, 44.57711410522461, 6.282823085784912, 33.629764556884766, 65.4683837890625, 25.8857421875, 56.00092697143555, 19.34679412841797, 46.39247512817383, 9.179343223571777, 34.975677490234375, 46.90607833862305, 33.5447883605957, 64.03424835205078, 22.753551483154297, 31.161584854125977, 46.01838302612305, 7.172223091125488, 35.028072357177734, 60.066402435302734, 19.79880714416504, 45.777462005615234, 5.0685343742370605, 38.15056228637695, 51.260929107666016, 27.728893280029297, 56.6585807800293, 18.959278106689453, 46.65176773071289, 7.721212387084961, 41.905887603759766, 1.471924901008606, 36.19873046875, 26.180448532104492, 26.038524627685547, 53.818721771240234]",2.0,"[32.0, 8.0, 12.0, 11.0, 12.0, 7.0, 4.0, 4.0, 3.0, 2.0, 2.0, 7.0, 6.0, 5.0, 4.0, 4.0, 3.0, 4.0, 3.0, 5.0, 3.0, 3.0, 5.0, 2.0, 4.0, 3.0, 2.0, 6.0, 3.0, 3.0, 2.0, 3.0, 1.0, 1.0, 3.0, 3.0, 2.0, 2.0, 3.0, 3.0, 4.0, 2.0, 2.0, 2.0, 3.0, 3.0, 2.0, 5.0, 2.0, 3.0, 3.0, 1.0, 3.0, 3.0, 1.0, 1.0, 4.0, 2.0, 2.0, 1.0, 1.0, 2.0, 3.0, 2.0, 2.0, 2.0, 2.0, 2.0, 2.0, 2.0, 2.0, 1.0, 1.0, 2.0, 1.0, 1.0, 2.0, 2.0, 2.0, 4.0, 2.0, 2.0, 1.0, 1.0, 2.0, 2.0, 2.0, 1.0, 4.0, 4.0, 3.0, 2.0, 1.0, 2.0, 2.0, 2.0, 1.0, 1.0, 2.0, 2.0, 1.0, 1.0, 4.0, 2.0, 1.0, 2.0, 2.0, 2.0, 0.0, 0.0, 3.0, 2.0, 2.0, 1.0, 4.0, 2.0, 2.0, 2.0, 0.0, 3.0, 2.0, 3.0, 2.0, 2.0, 1.0, 1.0, 1.0, 2.0, 2.0, 1.0, 1.0, 2.0, 2.0, 2.0, 0.0, 0.0, 2.0, 2.0, 2.0, 1.0, 1.0, 2.0, 1.0, 1.0, 2.0, 0.0, 0.0, 2.0, 2.0, 2.0, 2.0, 0.0, 0.0, 2.0, 3.0, 2.0, 0.0, 0.0, 3.0, 3.0, 2.0, 2.0, 1.0, 1.0, 2.0, 2.0, 2.0, 3.0, 2.0, 0.0, 0.0, 3.0, 2.0, 2.0, 2.0, 2.0, 2.0, 1.0, 4.0, 2.0, 2.0, 1.0, 1.0, 1.0, 1.0, 4.0, 1.0, 1.0, 1.0, 2.0, 2.0, 1.0, 1.0, 3.0, 1.0, 2.0, 2.0, 1.0, 2.0, 2.0, 0.0, 0.0, 2.0, 3.0, 2.0, 1.0, 1.0, 0.0, 4.0, 3.0, 2.0, 2.0, 0.0, 0.0, 3.0, 2.0, 1.0, 1.0, 4.0, 2.0, 1.0, 1.0, 1.0, 1.0, 2.0, 2.0, 1.0, 1.0, 3.0, 1.0, 2.0, 2.0, 2.0, 4.0, 3.0, 2.0, 2.0, 2.0, 1.0, 0.0, 3.0, 2.0, 2.0, 2.0, 0.0, 2.0, 2.0, 2.0, 2.0, 2.0, 0.0, 0.0, 2.0, 2.0, 1.0, 2.0, 2.0, 2.0, 2.0, 0.0, 0.0, 3.0, 2.0, 2.0, 0.0, 0.0, 3.0, 2.0, 2.0, 2.0, 2.0, 1.0, 1.0, 2.0, 2.0, 2.0, 1.0, 1.0, 2.0, 2.0, 0.0, 3.0, 2.0, 2.0, 2.0, 0.0, 3.0, 2.0, 2.0, 0.0, 0.0, 3.0, 2.0, 2.0, 1.0, 1.0, 2.0, 2.0, 1.0, 1.0, 2.0, 2.0, 2.0, 0.0, 0.0, 2.0, 2.0, 2.0, 1.0, 0.0, 3.0, 2.0, 2.0, 2.0, 0.0, 3.0, 3.0, 2.0, 2.0, 1.0, 1.0, 3.0, 1.0, 2.0, 2.0, 1.0, 0.0, 3.0, 2.0, 2.0, 1.0, 1.0, 2.0, 2.0, 0.0, 3.0, 3.0, 2.0, 2.0, 0.0, 0.0, 2.0, 2.0, 1.0, 2.0]",COMPLETE
