,number,value,datetime_start,datetime_complete,duration,params_batch_size_scaler,params_constant_learning_rate,params_depth,params_epochs,params_kernel_l2,params_num_trees,params_temperature,user_attrs_accuracy_test,user_attrs_accuracy_valid,user_attrs_approximate_feature_sparsity,user_attrs_approximate_feature_sparsity_history,user_attrs_approximate_weight_sparsity,user_attrs_approximate_weight_sparsity_history,user_attrs_auc_test,user_attrs_auc_valid,user_attrs_feature_sparsity,user_attrs_feature_sparsity_history,user_attrs_num_epochs,user_attrs_val_loss_history,user_attrs_weight_sparsity,user_attrs_weight_sparsity_history,state
2,2,0.919490925017068,2024-08-31 00:42:00.599247,2024-08-31 00:43:03.996792,0 days 00:01:03.397545,16,1.3408964850510117,1,480,0.01620947303153793,55,0.00044756228348153597,0.921,0.92,11,"[33, 33, 33, 33, 33, 33, 33, 33, 33, 33, 33, 33, 33, 33, 33, 33, 32, 31, 28, 26, 22, 20, 20, 19, 18, 18, 18, 18, 17, 17, 17, 17, 17, 17, 17, 17, 17, 17, 17, 17, 17, 17, 17, 17, 17, 17, 17, 17, 17, 17, 17, 17, 16, 16, 16, 16, 16, 16, 16, 16, 16, 16, 16, 16, 16, 16, 16, 16, 16, 16, 16, 16, 16, 16, 16, 16, 16, 16, 16, 16, 16, 16, 16, 16, 16, 16, 16, 16, 16, 16, 16, 16, 16, 14, 13, 13, 13, 13, 13, 13, 13, 13, 13, 13, 13, 13, 13, 13, 13, 13, 13, 13, 13, 13, 13, 13, 13, 13, 13, 13, 13, 13, 13, 13, 13, 13, 13, 13, 13, 13, 13, 13, 13, 13, 13, 13, 13, 13, 13, 13, 13, 13, 13, 13, 13, 13, 13, 13, 13, 13, 13, 13, 13, 13, 13, 13, 13, 13, 13, 13, 13, 13, 13, 13, 13, 13, 13, 13, 13, 13, 13, 13, 13, 13, 13, 13, 13, 13, 13, 13, 13, 13, 13, 13, 13, 13, 13, 13, 13, 13, 13, 13, 13, 13, 13, 13, 13, 13, 13, 13, 13, 13, 13, 13, 12, 12, 12, 12, 12, 12, 12, 12, 12, 12, 12, 12, 12, 12, 12, 12, 12, 12, 12, 12, 12, 12, 12, 12, 12, 12, 12, 12, 12, 12, 12, 12, 12, 12, 12, 12, 12, 12, 12, 12, 12, 12, 12, 12, 12, 12, 12, 12, 12, 12, 12, 12, 12, 12, 12, 12, 12, 12, 12, 12, 12, 12, 12, 12, 12, 12, 12, 12, 12, 12, 12, 12, 12, 12, 12, 12, 12, 12, 12, 12, 12, 12, 12, 12, 12, 12, 12, 12, 12, 12, 12, 12, 12, 12, 12, 12, 12, 12, 12, 12, 12, 12, 12, 12, 12, 12, 12, 12, 12, 12, 12, 12, 12, 12, 12, 12, 12, 12, 12, 12, 12, 12, 12, 12, 12, 12, 12, 12, 12, 12, 12, 12, 12, 12, 12, 12, 12, 12, 12, 12, 12, 12, 12, 12, 12, 12, 12, 12, 12, 12, 12, 12, 12, 12, 12, 12, 11, 11, 11, 11, 11, 11, 11, 11, 11, 11, 11, 11, 11, 11, 11, 11, 11, 11, 11, 11, 11, 11, 11, 11, 11, 11, 11, 11, 11, 11, 11, 11, 11, 11, 11, 11, 11, 11, 11, 11, 11, 11, 11, 11, 11, 11, 11, 11, 11, 11, 11, 11, 11, 11, 11, 11, 11, 11, 11, 11, 11, 11, 11, 11, 11, 11, 11, 11, 11, 11, 11, 11, 11, 11, 11, 11, 11, 11, 11, 11, 11, 11, 11, 11, 11, 11, 11, 11, 11, 11, 11, 11, 11, 11, 11, 11, 11, 11, 11, 11, 11, 11, 11, 11, 11, 11, 11, 11, 11, 11, 11, 11, 11, 11, 11, 11, 11, 11, 11, 11]",10.963636363636365,"[33.0, 33.0, 33.0, 33.0, 32.981818181818184, 33.0, 32.981818181818184, 33.0, 33.0, 33.0, 32.96363636363637, 33.0, 33.0, 32.981818181818184, 32.96363636363637, 32.981818181818184, 32.0, 31.0, 28.0, 25.981818181818184, 21.981818181818184, 20.0, 19.981818181818184, 19.0, 17.981818181818184, 18.0, 18.0, 17.981818181818184, 16.981818181818184, 17.0, 17.0, 17.0, 17.0, 17.0, 17.0, 17.0, 17.0, 17.0, 17.0, 17.0, 17.0, 17.0, 17.0, 17.0, 17.0, 17.0, 17.0, 17.0, 17.0, 17.0, 17.0, 16.98181818181818, 16.0, 16.0, 16.0, 15.981818181818182, 16.0, 15.981818181818182, 15.981818181818182, 16.0, 15.981818181818182, 15.981818181818182, 16.0, 15.981818181818182, 15.963636363636365, 16.0, 15.981818181818182, 15.981818181818182, 15.981818181818182, 16.0, 16.0, 16.0, 15.981818181818182, 16.0, 16.0, 16.0, 16.0, 16.0, 16.0, 15.981818181818182, 16.0, 16.0, 16.0, 16.0, 16.0, 16.0, 16.0, 15.981818181818182, 16.0, 15.981818181818182, 16.0, 16.0, 16.0, 14.0, 13.0, 13.0, 13.0, 13.0, 12.981818181818182, 13.0, 13.0, 13.0, 12.981818181818182, 12.981818181818182, 13.0, 12.981818181818182, 13.0, 13.0, 13.0, 13.0, 12.981818181818182, 13.0, 12.981818181818182, 13.0, 13.0, 13.0, 12.981818181818182, 13.0, 13.0, 13.0, 13.0, 12.963636363636365, 13.0, 13.0, 12.981818181818182, 13.0, 13.0, 13.0, 13.0, 13.0, 12.963636363636365, 13.0, 12.981818181818182, 13.0, 13.0, 13.0, 13.0, 13.0, 13.0, 13.0, 13.0, 13.0, 13.0, 12.981818181818182, 12.963636363636365, 12.981818181818182, 12.981818181818182, 13.0, 13.0, 12.963636363636365, 12.963636363636365, 12.981818181818182, 13.0, 13.0, 13.0, 12.981818181818182, 13.0, 12.963636363636363, 12.981818181818182, 13.0, 13.0, 12.981818181818182, 12.981818181818182, 13.0, 13.0, 13.0, 13.0, 13.0, 12.981818181818182, 12.963636363636365, 13.0, 13.0, 13.0, 13.0, 13.0, 13.0, 12.981818181818182, 13.0, 13.0, 12.981818181818182, 13.0, 13.0, 12.981818181818182, 13.0, 13.0, 13.0, 13.0, 13.0, 13.0, 13.0, 13.0, 12.963636363636365, 12.981818181818182, 13.0, 13.0, 13.0, 13.0, 13.0, 13.0, 12.981818181818182, 13.0, 13.0, 13.0, 12.981818181818182, 12.0, 11.981818181818182, 12.0, 12.0, 12.0, 12.0, 12.0, 12.0, 12.0, 11.981818181818182, 11.963636363636365, 12.0, 12.0, 12.0, 12.0, 11.981818181818182, 12.0, 12.0, 12.0, 12.0, 12.0, 12.0, 12.0, 11.981818181818182, 12.0, 11.981818181818182, 12.0, 12.0, 11.981818181818182, 12.0, 12.0, 12.0, 12.0, 12.0, 12.0, 12.0, 12.0, 12.0, 12.0, 12.0, 12.0, 11.963636363636365, 11.963636363636365, 11.981818181818182, 11.981818181818182, 11.981818181818182, 11.963636363636365, 11.981818181818182, 11.945454545454545, 12.0, 11.963636363636365, 12.0, 12.0, 12.0, 12.0, 11.963636363636365, 11.981818181818182, 11.963636363636365, 11.981818181818182, 11.963636363636365, 11.963636363636365, 11.963636363636365, 12.0, 11.981818181818182, 12.0, 11.981818181818182, 11.963636363636365, 11.981818181818182, 12.0, 12.0, 12.0, 12.0, 12.0, 12.0, 11.981818181818182, 11.981818181818182, 11.981818181818182, 11.981818181818182, 12.0, 11.945454545454545, 11.981818181818182, 11.981818181818182, 11.981818181818182, 11.963636363636365, 11.963636363636365, 11.963636363636365, 12.0, 11.963636363636365, 11.981818181818182, 11.945454545454545, 11.945454545454545, 11.981818181818182, 11.963636363636365, 11.945454545454545, 11.963636363636365, 11.963636363636365, 11.963636363636365, 11.963636363636365, 11.945454545454545, 11.981818181818182, 11.963636363636365, 11.963636363636365, 11.963636363636365, 11.963636363636365, 11.981818181818182, 11.963636363636365, 11.945454545454545, 11.963636363636365, 11.963636363636365, 11.927272727272728, 11.981818181818182, 11.981818181818182, 11.981818181818182, 11.963636363636365, 11.981818181818182, 11.981818181818182, 12.0, 11.981818181818182, 12.0, 11.945454545454545, 11.945454545454545, 12.0, 11.90909090909091, 11.927272727272728, 11.945454545454545, 11.927272727272728, 11.90909090909091, 11.981818181818182, 11.945454545454545, 11.90909090909091, 11.927272727272728, 11.945454545454545, 11.927272727272728, 11.945454545454545, 11.89090909090909, 11.981818181818182, 11.963636363636365, 11.872727272727273, 11.927272727272728, 11.90909090909091, 11.963636363636365, 11.981818181818182, 11.981818181818182, 11.963636363636365, 11.963636363636365, 12.0, 11.963636363636365, 11.981818181818182, 11.981818181818182, 11.981818181818182, 11.945454545454545, 11.927272727272728, 11.963636363636365, 11.945454545454545, 11.981818181818182, 11.963636363636365, 10.945454545454545, 10.981818181818182, 10.963636363636365, 10.945454545454545, 10.981818181818182, 10.981818181818182, 10.945454545454545, 10.981818181818182, 10.927272727272728, 10.963636363636365, 10.981818181818182, 10.963636363636365, 10.945454545454545, 10.963636363636365, 10.963636363636365, 10.945454545454545, 10.945454545454545, 10.89090909090909, 10.90909090909091, 10.927272727272728, 10.945454545454545, 10.927272727272728, 10.945454545454545, 10.90909090909091, 10.945454545454545, 10.90909090909091, 10.927272727272728, 10.963636363636365, 10.90909090909091, 10.90909090909091, 10.927272727272728, 10.927272727272728, 10.945454545454545, 10.963636363636365, 10.981818181818182, 10.927272727272728, 10.90909090909091, 10.927272727272728, 10.945454545454545, 10.981818181818182, 10.981818181818182, 10.963636363636365, 10.963636363636365, 10.90909090909091, 10.89090909090909, 10.945454545454545, 10.963636363636365, 10.963636363636365, 10.854545454545455, 10.963636363636365, 10.927272727272728, 10.89090909090909, 10.981818181818182, 10.945454545454545, 10.927272727272728, 10.963636363636365, 10.945454545454545, 10.945454545454545, 10.945454545454545, 10.945454545454545, 10.981818181818182, 10.963636363636365, 10.981818181818182, 10.963636363636365, 10.963636363636365, 10.945454545454545, 10.945454545454545, 10.945454545454545, 10.963636363636365, 10.963636363636365, 10.963636363636365, 10.981818181818182, 11.0, 10.981818181818182, 10.981818181818182, 10.981818181818182, 10.963636363636365, 11.0, 10.963636363636365, 10.981818181818182, 10.981818181818182, 10.963636363636365, 10.981818181818182, 10.981818181818182, 10.981818181818182, 11.0, 10.981818181818182, 10.963636363636365, 10.963636363636365, 10.945454545454545, 11.0, 10.945454545454545, 10.945454545454545, 10.963636363636365, 10.981818181818182, 11.0, 10.945454545454545, 10.981818181818182, 10.981818181818182, 10.945454545454545, 10.963636363636365, 10.945454545454545, 10.963636363636365, 10.963636363636365, 10.981818181818182, 10.981818181818182, 10.963636363636365, 10.963636363636365, 10.963636363636365, 10.945454545454545, 10.981818181818182, 10.90909090909091, 10.963636363636365, 10.963636363636365, 10.945454545454545, 10.963636363636365, 10.981818181818182, 10.981818181818182, 10.981818181818182, 10.963636363636365]",0.9155788934849198,0.919490925017068,11,"[33, 33, 33, 33, 33, 33, 33, 33, 33, 33, 33, 33, 33, 33, 33, 33, 32, 31, 28, 26, 22, 20, 20, 19, 18, 18, 18, 18, 17, 17, 17, 17, 17, 17, 17, 17, 17, 17, 17, 17, 17, 17, 17, 17, 17, 17, 17, 17, 17, 17, 17, 17, 16, 16, 16, 16, 16, 16, 16, 16, 16, 16, 16, 16, 16, 16, 16, 16, 16, 16, 16, 16, 16, 16, 16, 16, 16, 16, 16, 16, 16, 16, 16, 16, 16, 16, 16, 16, 16, 16, 16, 16, 16, 14, 13, 13, 13, 13, 13, 13, 13, 13, 13, 13, 13, 13, 13, 13, 13, 13, 13, 13, 13, 13, 13, 13, 13, 13, 13, 13, 13, 13, 13, 13, 13, 13, 13, 13, 13, 13, 13, 13, 13, 13, 13, 13, 13, 13, 13, 13, 13, 13, 13, 13, 13, 13, 13, 13, 13, 13, 13, 13, 13, 13, 13, 13, 13, 13, 13, 13, 13, 13, 13, 13, 13, 13, 13, 13, 13, 13, 13, 13, 13, 13, 13, 13, 13, 13, 13, 13, 13, 13, 13, 13, 13, 13, 13, 13, 13, 13, 13, 13, 13, 13, 13, 13, 13, 13, 13, 13, 13, 13, 13, 13, 12, 12, 12, 12, 12, 12, 12, 12, 12, 12, 12, 12, 12, 12, 12, 12, 12, 12, 12, 12, 12, 12, 12, 12, 12, 12, 12, 12, 12, 12, 12, 12, 12, 12, 12, 12, 12, 12, 12, 12, 12, 12, 12, 12, 12, 12, 12, 12, 12, 12, 12, 12, 12, 12, 12, 12, 12, 12, 12, 12, 12, 12, 12, 12, 12, 12, 12, 12, 12, 12, 12, 12, 12, 12, 12, 12, 12, 12, 12, 12, 12, 12, 12, 12, 12, 12, 12, 12, 12, 12, 12, 12, 12, 12, 12, 12, 12, 12, 12, 12, 12, 12, 12, 12, 12, 12, 12, 12, 12, 12, 12, 12, 12, 12, 12, 12, 12, 12, 12, 12, 12, 12, 12, 12, 12, 12, 12, 12, 12, 12, 12, 12, 12, 12, 12, 12, 12, 12, 12, 12, 12, 12, 12, 12, 12, 12, 12, 12, 12, 12, 12, 12, 12, 12, 12, 12, 11, 11, 11, 11, 11, 11, 11, 11, 11, 11, 11, 11, 11, 11, 11, 11, 11, 11, 11, 11, 11, 11, 11, 11, 11, 11, 11, 11, 11, 11, 11, 11, 11, 11, 11, 11, 11, 11, 11, 11, 11, 11, 11, 11, 11, 11, 11, 11, 11, 11, 11, 11, 11, 11, 11, 11, 11, 11, 11, 11, 11, 11, 11, 11, 11, 11, 11, 11, 11, 11, 11, 11, 11, 11, 11, 11, 11, 11, 11, 11, 11, 11, 11, 11, 11, 11, 11, 11, 11, 11, 11, 11, 11, 11, 11, 11, 11, 11, 11, 11, 11, 11, 11, 11, 11, 11, 11, 11, 11, 11, 11, 11, 11, 11, 11, 11, 11, 11, 11, 11]",480,"[4.9737114906311035, 5.088052749633789, 1.549942135810852, 3.7180190086364746, 7.373251438140869, 0.5924389362335205, 2.394918918609619, 5.329422473907471, 2.4489998817443848, 1.4525070190429688, 5.081080436706543, 0.8180896639823914, 0.45630592107772827, 0.45280706882476807, 0.9765899777412415, 1.5752373933792114, 1.3148921728134155, 6.7023091316223145, 1.6865707635879517, 0.3484213948249817, 1.2992881536483765, 0.7580446004867554, 0.6608028411865234, 0.8698899149894714, 0.5902661681175232, 5.221004009246826, 0.41508767008781433, 1.268218994140625, 4.170034408569336, 0.5575288534164429, 0.8421534895896912, 2.4311470985412598, 0.739757239818573, 1.0797550678253174, 0.7412166595458984, 0.3911469578742981, 0.37920457124710083, 1.4453248977661133, 2.688926935195923, 0.49353736639022827, 0.8640346527099609, 0.3697519302368164, 0.5634576678276062, 0.5429888367652893, 0.3152611255645752, 0.7406489849090576, 0.48637720942497253, 0.6890231966972351, 0.3800683319568634, 0.636904239654541, 0.3329623341560364, 0.9040423631668091, 0.4172727167606354, 0.4433782994747162, 0.29905256628990173, 0.3358398675918579, 0.9144391417503357, 1.140023946762085, 0.5217962861061096, 0.6072264313697815, 0.38210585713386536, 1.1316938400268555, 0.8255718350410461, 1.5273635387420654, 1.1279325485229492, 0.31730544567108154, 0.2541252374649048, 0.4590308666229248, 0.35861971974372864, 1.5971168279647827, 0.2670353651046753, 1.2494558095932007, 0.6050071716308594, 0.3420485556125641, 1.2544610500335693, 1.0526344776153564, 0.2980569899082184, 0.24730218946933746, 0.4539778530597687, 0.6700215339660645, 0.3482899069786072, 0.32119107246398926, 0.28271543979644775, 0.379693865776062, 0.26914432644844055, 1.8182226419448853, 0.3018818795681, 0.6949073076248169, 0.5022020936012268, 0.30705899000167847, 0.42750102281570435, 0.2522248327732086, 0.2583162486553192, 0.5323978662490845, 0.3009459674358368, 0.7170875072479248, 0.5312097668647766, 0.28823357820510864, 0.5160192251205444, 0.29049134254455566, 0.3969342112541199, 0.31524965167045593, 1.6159603595733643, 0.386885404586792, 1.0875465869903564, 0.3819071650505066, 0.5505363345146179, 0.7490283250808716, 0.32611823081970215, 0.3913643956184387, 1.638068437576294, 0.318913072347641, 0.9221565127372742, 0.6739305853843689, 0.3511453866958618, 0.34831658005714417, 0.32763057947158813, 0.3240548074245453, 0.8521535992622375, 0.7829652428627014, 0.7913867235183716, 0.31497204303741455, 0.32539719343185425, 0.43154919147491455, 0.3470655679702759, 1.4874523878097534, 0.416197270154953, 0.39013275504112244, 0.31818312406539917, 0.28462454676628113, 0.41619324684143066, 1.0397303104400635, 1.0682783126831055, 0.28142493963241577, 1.6030079126358032, 2.801363945007324, 0.32556474208831787, 1.0082303285598755, 0.28711676597595215, 0.7781383991241455, 1.0298689603805542, 0.49403297901153564, 1.4000359773635864, 0.6867759823799133, 0.5308591723442078, 2.3256397247314453, 0.44637244939804077, 0.40960991382598877, 0.5403561592102051, 3.7813282012939453, 0.3358411490917206, 0.31279656291007996, 0.2897621989250183, 0.3863176107406616, 0.4760676920413971, 0.2705783545970917, 0.31483688950538635, 0.32355427742004395, 0.9392592906951904, 4.609156608581543, 0.29754215478897095, 0.3177824318408966, 0.601010262966156, 0.5713388323783875, 0.5230840444564819, 0.36110907793045044, 0.3832462430000305, 0.6149929165840149, 0.6483973860740662, 1.0777103900909424, 0.3801150918006897, 0.7742359042167664, 0.5238023996353149, 0.5203450918197632, 0.591732382774353, 0.7259864211082458, 0.4124983847141266, 0.3518020510673523, 0.3573111295700073, 0.3273388147354126, 1.0964659452438354, 0.3073709011077881, 0.4222441017627716, 0.6752749085426331, 0.3715076148509979, 2.2254936695098877, 0.5882444977760315, 0.304884135723114, 0.5324409008026123, 0.3703863024711609, 0.3042338788509369, 0.3255113959312439, 3.380995273590088, 0.3432741165161133, 1.5362781286239624, 0.3210713863372803, 0.3468712866306305, 0.4137897491455078, 0.2709118127822876, 0.2795892655849457, 0.35169434547424316, 0.40669164061546326, 0.48118287324905396, 0.31401148438453674, 0.3536582589149475, 0.3320973217487335, 0.485635906457901, 0.38739916682243347, 0.8610422015190125, 0.3050377368927002, 2.056051254272461, 0.3395717144012451, 1.1570239067077637, 0.3178701102733612, 0.34828776121139526, 0.33211758732795715, 0.9775565266609192, 0.3263968527317047, 0.39430859684944153, 0.34060344099998474, 0.2995951473712921, 0.7268638610839844, 0.5224941372871399, 0.3219471871852875, 0.8036862015724182, 0.3050525188446045, 0.5598952174186707, 0.5141607522964478, 0.647996723651886, 0.3042568862438202, 0.3096316158771515, 0.2879467308521271, 0.5352466106414795, 0.43643227219581604, 0.6355053186416626, 0.40650928020477295, 0.2702382206916809, 0.9210188388824463, 0.6124813556671143, 2.2190115451812744, 0.42142701148986816, 0.28258734941482544, 3.6810550689697266, 0.3308386504650116, 1.4150689840316772, 0.380471408367157, 0.45590609312057495, 0.4912835657596588, 0.6680161952972412, 0.3773093819618225, 0.6884634494781494, 0.4099971652030945, 0.33758705854415894, 0.7110070586204529, 0.689536988735199, 0.34239453077316284, 0.37558797001838684, 0.5733025074005127, 0.33615314960479736, 0.6922762393951416, 0.2673976719379425, 0.2940543293952942, 0.29465946555137634, 0.27318236231803894, 0.352020800113678, 0.3365155756473541, 0.5141246318817139, 0.4298933446407318, 0.3150687515735626, 0.3882017135620117, 0.7986772656440735, 1.098252534866333, 0.3166215717792511, 0.41152727603912354, 0.8770632743835449, 0.27679991722106934, 2.3244011402130127, 0.3141082525253296, 0.31415244936943054, 0.36711370944976807, 0.31965625286102295, 0.2857685089111328, 3.509819984436035, 0.33383479714393616, 0.5824396014213562, 1.7365394830703735, 0.49359044432640076, 0.40202730894088745, 0.32359588146209717, 0.2859175503253937, 0.283258318901062, 0.46318894624710083, 1.0715774297714233, 0.5108539462089539, 0.2939857244491577, 0.33235177397727966, 0.3474929928779602, 0.37224724888801575, 0.5015506148338318, 1.0013521909713745, 0.5135647058486938, 0.711260974407196, 0.9628660678863525, 0.5789307951927185, 0.7368981242179871, 0.29936856031417847, 0.38134366273880005, 0.7706254720687866, 0.3038055896759033, 0.3684369623661041, 0.27221226692199707, 2.764655351638794, 0.8881027102470398, 0.293931245803833, 0.2914012670516968, 0.4163461923599243, 0.300942063331604, 1.0658587217330933, 0.2594005763530731, 0.30605795979499817, 0.3506288528442383, 0.31799134612083435, 0.41301536560058594, 0.29593878984451294, 0.4378189146518707, 2.050719976425171, 0.36920231580734253, 0.3737272322177887, 0.47085368633270264, 0.3153815269470215, 0.5563788414001465, 0.6538037657737732, 0.3470763862133026, 0.28817814588546753, 0.28025004267692566, 0.2656404674053192, 0.4890039563179016, 0.35401830077171326, 0.2608759105205536, 1.8848166465759277, 1.5102648735046387, 0.3057091236114502, 0.740321934223175, 0.3618960976600647, 0.4740895926952362, 0.4993889331817627, 0.39980435371398926, 0.439505010843277, 1.4785536527633667, 0.3052816689014435, 0.463146448135376, 0.549385666847229, 0.32637935876846313, 0.6944420337677002, 0.632789134979248, 0.36034053564071655, 1.9494739770889282, 0.2949075698852539, 0.2755481004714966, 0.25968989729881287, 0.5649977326393127, 0.30176401138305664, 0.7987865209579468, 0.3843683898448944, 0.43065202236175537, 0.4146273136138916, 0.338899165391922, 0.26986750960350037, 0.4846678674221039, 0.46093645691871643, 0.4196932911872864, 1.0759923458099365, 0.3501555621623993, 0.6255844831466675, 0.2963353097438812, 0.2860354483127594, 0.4708426296710968, 1.1094074249267578, 0.4925692677497864, 0.29075193405151367, 0.3301980495452881, 0.4444916546344757, 0.30231425166130066, 1.8251893520355225, 0.9768919944763184, 0.45709720253944397, 0.27763277292251587, 0.9902785420417786, 3.068092107772827, 0.47855910658836365, 0.312392920255661, 0.30070433020591736, 0.2924519181251526, 0.2825465202331543, 0.7052647471427917, 0.43658533692359924, 0.30240342020988464, 0.2980650067329407, 0.3377680480480194, 0.39633169770240784, 0.49910208582878113, 2.190133571624756, 0.3795592784881592, 0.7658236622810364, 0.514123797416687, 0.31805479526519775, 0.4288371205329895, 2.130871534347534, 0.6124186515808105, 0.6808003187179565, 2.9185068607330322, 0.43440869450569153, 0.3892107903957367, 0.28801336884498596, 1.3649582862854004, 0.42684781551361084, 2.1231489181518555, 0.36298641562461853, 4.865482330322266, 0.3154449164867401, 1.0465397834777832, 0.6669719815254211, 0.28865912556648254, 0.40272751450538635, 0.6909569501876831, 0.6329438090324402, 2.3066225051879883, 1.2093186378479004, 0.5428813695907593, 0.8159530758857727, 0.7671870589256287, 0.4631773829460144, 0.6163000464439392, 1.113051414489746, 0.7051633596420288, 0.26456114649772644, 0.616094708442688, 0.3650871217250824, 0.48565077781677246, 0.33774062991142273, 0.556788980960846, 0.32081758975982666, 0.5780110359191895, 0.31249070167541504, 0.6817064881324768, 0.2824145257472992, 0.28095248341560364, 0.4134017825126648, 0.3797666132450104, 0.6305990815162659, 0.37853336334228516, 0.3445686995983124, 2.1036782264709473, 0.33619242906570435, 0.3839099109172821, 0.2746504843235016, 1.5000942945480347, 2.0040831565856934, 2.4318132400512695, 1.1844121217727661, 2.6739203929901123, 0.32424697279930115, 0.33019474148750305, 0.5561557412147522, 0.2614019513130188, 0.3873816430568695, 0.3798274099826813, 0.3661447763442993, 0.3151308298110962, 0.3049534261226654, 0.7526418566703796, 0.35992661118507385, 0.4364863336086273, 0.2750178277492523, 0.4063880443572998, 0.3885217308998108, 0.5791165828704834, 0.26515787839889526, 1.3622812032699585, 0.27986419200897217]",11.0,"[33.0, 33.0, 33.0, 33.0, 33.0, 33.0, 33.0, 33.0, 33.0, 33.0, 33.0, 33.0, 33.0, 33.0, 33.0, 33.0, 32.0, 31.0, 28.0, 26.0, 22.0, 20.0, 20.0, 19.0, 18.0, 18.0, 18.0, 18.0, 17.0, 17.0, 17.0, 17.0, 17.0, 17.0, 17.0, 17.0, 17.0, 17.0, 17.0, 17.0, 17.0, 17.0, 17.0, 17.0, 17.0, 17.0, 17.0, 17.0, 17.0, 17.0, 17.0, 17.0, 16.0, 16.0, 16.0, 16.0, 16.0, 16.0, 16.0, 16.0, 16.0, 16.0, 16.0, 16.0, 16.0, 16.0, 16.0, 16.0, 16.0, 16.0, 16.0, 16.0, 16.0, 16.0, 16.0, 16.0, 16.0, 16.0, 16.0, 16.0, 16.0, 16.0, 16.0, 16.0, 16.0, 16.0, 16.0, 16.0, 16.0, 16.0, 16.0, 16.0, 16.0, 14.0, 13.0, 13.0, 13.0, 13.0, 13.0, 13.0, 13.0, 13.0, 13.0, 13.0, 13.0, 13.0, 13.0, 13.0, 13.0, 13.0, 13.0, 13.0, 13.0, 13.0, 13.0, 13.0, 13.0, 13.0, 13.0, 13.0, 13.0, 13.0, 13.0, 13.0, 13.0, 13.0, 13.0, 13.0, 13.0, 13.0, 13.0, 13.0, 13.0, 13.0, 13.0, 13.0, 13.0, 13.0, 13.0, 13.0, 13.0, 1