,number,value,datetime_start,datetime_complete,duration,params_batch_size_scaler,params_constant_learning_rate,params_depth,params_epochs,params_kernel_l2,params_num_trees,params_temperature,user_attrs_accuracy_test,user_attrs_accuracy_valid,user_attrs_approximate_feature_sparsity,user_attrs_approximate_feature_sparsity_history,user_attrs_approximate_weight_sparsity,user_attrs_approximate_weight_sparsity_history,user_attrs_auc_test,user_attrs_auc_valid,user_attrs_feature_sparsity,user_attrs_feature_sparsity_history,user_attrs_num_epochs,user_attrs_val_loss_history,user_attrs_weight_sparsity,user_attrs_weight_sparsity_history,state
22,22,0.9284177712511754,2024-08-31 01:24:06.004506,2024-08-31 01:25:52.773444,0 days 00:01:46.768938,4,0.04476167866641982,2,455,0.22744800573854768,47,0.01309941960020416,0.935,0.9425,16,"[33, 33, 33, 33, 33, 33, 33, 33, 33, 33, 33, 33, 33, 33, 33, 33, 33, 33, 33, 33, 33, 33, 33, 33, 33, 33, 33, 33, 33, 33, 33, 33, 33, 33, 33, 33, 33, 33, 33, 33, 33, 33, 33, 33, 33, 33, 33, 33, 33, 33, 33, 33, 33, 33, 33, 33, 33, 33, 33, 33, 33, 33, 33, 33, 33, 33, 33, 33, 33, 33, 33, 33, 33, 33, 33, 33, 33, 33, 33, 33, 33, 33, 33, 33, 33, 33, 33, 33, 33, 33, 33, 33, 33, 33, 33, 33, 33, 33, 33, 33, 33, 33, 33, 33, 33, 33, 33, 33, 33, 33, 33, 33, 33, 33, 33, 33, 33, 33, 32, 32, 32, 32, 32, 32, 32, 31, 31, 27, 26, 24, 24, 24, 24, 24, 23, 23, 22, 22, 21, 21, 21, 21, 21, 21, 21, 21, 21, 21, 21, 20, 20, 20, 20, 20, 20, 20, 20, 20, 20, 20, 20, 20, 20, 20, 20, 20, 20, 19, 19, 19, 19, 19, 19, 19, 19, 19, 19, 19, 19, 19, 19, 19, 19, 19, 19, 19, 19, 19, 19, 19, 19, 19, 18, 18, 18, 18, 18, 18, 18, 18, 17, 17, 17, 17, 17, 17, 17, 17, 17, 17, 17, 17, 17, 17, 17, 17, 17, 17, 17, 17, 17, 17, 17, 17, 17, 17, 17, 17, 17, 17, 17, 17, 17, 17, 17, 17, 17, 17, 17, 17, 17, 17, 17, 17, 17, 17, 17, 17, 17, 17, 17, 17, 17, 17, 17, 17, 17, 17, 17, 17, 17, 17, 17, 17, 17, 17, 17, 17, 17, 17, 17, 17, 17, 17, 17, 17, 17, 17, 17, 17, 17, 17, 17, 17, 17, 17, 17, 17, 17, 17, 17, 17, 17, 17, 17, 17, 17, 17, 17, 17, 17, 17, 17, 17, 17, 17, 17, 17, 17, 17, 17, 17, 17, 17, 17, 17, 17, 17, 17, 17, 17, 17, 17, 17, 17, 17, 17, 17, 17, 17, 17, 17, 17, 17, 17, 17, 17, 17, 17, 17, 17, 17, 17, 17, 17, 17, 17, 17, 17, 17, 17, 17, 17, 17, 17, 17, 17, 17, 16, 16, 16, 16, 16, 16, 16, 16, 16, 16, 16, 16, 16, 16, 16, 16, 16, 16, 16, 16, 16, 16, 16, 16, 16, 16, 16, 16, 16, 16, 16, 16, 16, 16, 16, 16, 16, 16, 16, 16, 16, 16, 16, 16, 16, 16, 16, 16, 16, 16, 16, 16, 16, 16, 16, 16, 16, 16, 16, 16, 16, 16, 16, 16, 16, 16, 16, 16, 16, 16, 16, 16, 16, 16, 16, 16, 16, 16, 16, 16, 16, 16, 16, 16, 16, 16, 16, 16, 16, 16, 16, 16, 16, 16, 16, 16, 16]",15.921985815602838,"[32.99290780141844, 32.97872340425532, 32.99290780141844, 32.97163120567376, 32.98581560283688, 32.97872340425532, 32.99290780141844, 32.97872340425532, 32.98581560283688, 32.98581560283688, 32.97163120567376, 33.0, 32.99290780141844, 32.98581560283688, 32.97872340425532, 32.97872340425532, 32.99290780141844, 32.99290780141844, 32.99290780141844, 32.98581560283688, 33.0, 32.97872340425532, 32.97872340425532, 32.97872340425532, 32.97163120567376, 32.99290780141844, 32.98581560283688, 32.9645390070922, 32.98581560283688, 32.98581560283688, 33.0, 32.99290780141844, 32.9645390070922, 32.97872340425532, 32.97872340425532, 32.97872340425532, 32.97163120567376, 32.9645390070922, 32.9645390070922, 32.97163120567376, 32.97872340425532, 32.95744680851064, 32.97163120567376, 32.97872340425532, 32.97872340425532, 32.97872340425532, 32.97872340425532, 32.97163120567376, 32.97163120567376, 32.97872340425532, 32.97872340425532, 32.98581560283688, 32.95035460992908, 32.97872340425532, 32.97163120567376, 32.97872340425532, 32.9645390070922, 32.98581560283688, 32.97163120567376, 32.97872340425532, 32.97872340425532, 32.98581560283688, 32.98581560283688, 32.99290780141844, 32.98581560283688, 32.97872340425532, 32.95035460992908, 32.95744680851064, 32.95744680851064, 32.9645390070922, 32.98581560283688, 32.97163120567376, 32.97872340425532, 32.97872340425532, 32.9645390070922, 32.98581560283688, 32.97163120567376, 32.9645390070922, 32.95744680851064, 32.95035460992908, 32.95744680851064, 32.97872340425532, 32.95035460992908, 32.95035460992908, 32.97163120567376, 32.97163120567376, 32.97872340425532, 32.97872340425532, 32.97163120567376, 32.99290780141844, 32.9645390070922, 32.97163120567376, 32.94326241134752, 32.97163120567376, 32.97163120567376, 32.97163120567376, 32.97872340425532, 32.97163120567376, 32.95744680851064, 32.95035460992908, 32.95035460992908, 32.97163120567376, 32.94326241134752, 32.95035460992908, 32.9645390070922, 32.9645390070922, 32.97163120567376, 32.9290780141844, 32.97163120567376, 32.97163120567376, 32.94326241134752, 32.95035460992908, 32.93617021276596, 32.94326241134752, 32.95744680851064, 32.94326241134752, 32.95744680851064, 32.97163120567376, 31.97872340425532, 31.95744680851064, 31.95035460992908, 31.95035460992908, 31.93617021276596, 31.9645390070922, 31.97163120567376, 30.97163120567376, 30.95744680851064, 26.97163120567376, 25.98581560283688, 23.97163120567376, 23.98581560283688, 23.97872340425532, 23.9645390070922, 23.98581560283688, 22.97163120567376, 22.99290780141844, 21.98581560283688, 21.97872340425532, 20.99290780141844, 20.97163120567376, 20.99290780141844, 20.97163120567376, 20.98581560283688, 20.98581560283688, 20.98581560283688, 20.98581560283688, 20.99290780141844, 20.97872340425532, 20.95744680851064, 19.95744680851064, 19.97872340425532, 19.97163120567376, 19.97163120567376, 19.95744680851064, 19.95744680851064, 19.97163120567376, 19.97872340425532, 19.95035460992908, 19.94326241134752, 19.95035460992908, 19.95035460992908, 19.97872340425532, 19.97872340425532, 19.99290780141844, 19.97872340425532, 19.98581560283688, 19.97163120567376, 18.97163120567376, 18.98581560283688, 18.99290780141844, 18.97872340425532, 18.99290780141844, 18.98581560283688, 18.97163120567376, 18.95744680851064, 18.95035460992908, 18.95035460992908, 18.97872340425532, 18.99290780141844, 18.97163120567376, 18.98581560283688, 18.98581560283688, 19.0, 18.99290780141844, 18.97872340425532, 18.9645390070922, 18.97872340425532, 18.9645390070922, 18.9645390070922, 18.95744680851064, 18.95744680851064, 18.95035460992908, 17.98581560283688, 17.99290780141844, 17.98581560283688, 17.97163120567376, 17.99290780141844, 17.9645390070922, 17.95744680851064, 17.98581560283688, 16.97163120567376, 16.9645390070922, 16.95744680851064, 16.9645390070922, 16.95035460992908, 16.94326241134752, 16.95035460992908, 16.94326241134752, 16.9645390070922, 16.9645390070922, 16.97163120567376, 16.95744680851064, 16.97163120567376, 16.9645390070922, 16.95035460992908, 16.95744680851064, 16.95744680851064, 16.94326241134752, 16.97872340425532, 16.97872340425532, 16.9645390070922, 16.95035460992908, 16.97163120567376, 16.94326241134752, 16.9645390070922, 16.98581560283688, 16.98581560283688, 16.98581560283688, 16.95744680851064, 16.95035460992908, 16.95744680851064, 16.97872340425532, 16.9645390070922, 16.97163120567376, 16.97872340425532, 16.97163120567376, 16.95744680851064, 16.97872340425532, 16.95744680851064, 16.9645390070922, 16.94326241134752, 16.95035460992908, 16.95035460992908, 16.97163120567376, 16.97163120567376, 16.99290780141844, 16.99290780141844, 16.97163120567376, 16.93617021276596, 16.929078014184398, 16.95744680851064, 16.95744680851064, 16.94326241134752, 16.95035460992908, 16.9645390070922, 16.95744680851064, 16.95744680851064, 16.97872340425532, 16.9645390070922, 16.97163120567376, 16.99290780141844, 16.93617021276596, 16.9645390070922, 16.9645390070922, 16.95035460992908, 16.94326241134752, 16.95035460992908, 16.9645390070922, 16.95035460992908, 16.9645390070922, 16.9645390070922, 16.98581560283688, 16.99290780141844, 16.98581560283688, 16.9645390070922, 16.9645390070922, 16.94326241134752, 16.9645390070922, 16.94326241134752, 16.97163120567376, 16.97163120567376, 16.97163120567376, 16.98581560283688, 16.9645390070922, 16.97163120567376, 16.95035460992908, 16.97872340425532, 16.94326241134752, 16.9645390070922, 16.97872340425532, 16.97872340425532, 16.98581560283688, 16.97872340425532, 16.9645390070922, 16.95744680851064, 16.95035460992908, 16.97163120567376, 16.97163120567376, 16.97872340425532, 16.99290780141844, 16.97163120567376, 16.97163120567376, 16.97872340425532, 16.97163120567376, 16.95744680851064, 16.95744680851064, 16.95744680851064, 16.929078014184398, 16.95744680851064, 16.95035460992908, 16.97872340425532, 16.97872340425532, 16.97163120567376, 16.97872340425532, 16.98581560283688, 16.98581560283688, 16.99290780141844, 16.97163120567376, 16.97163120567376, 16.95744680851064, 16.9645390070922, 16.95035460992908, 16.929078014184398, 16.94326241134752, 16.94326241134752, 16.95035460992908, 16.97163120567376, 16.97163120567376, 16.97163120567376, 16.9645390070922, 16.95744680851064, 16.94326241134752, 16.95744680851064, 16.95744680851064, 16.9645390070922, 16.9645390070922, 16.94326241134752, 16.94326241134752, 16.929078014184398, 16.95035460992908, 16.97163120567376, 16.97163120567376, 16.9645390070922, 16.97163120567376, 16.97163120567376, 16.95035460992908, 16.95035460992908, 16.95035460992908, 16.95744680851064, 16.95035460992908, 16.95035460992908, 16.97163120567376, 16.97872340425532, 16.98581560283688, 16.97872340425532, 16.97872340425532, 16.97163120567376, 16.98581560283688, 15.97872340425532, 15.97872340425532, 15.98581560283688, 15.97163120567376, 15.97163120567376, 15.97872340425532, 15.97872340425532, 15.97163120567376, 15.957446808510639, 15.97163120567376, 15.943262411347519, 15.97872340425532, 15.97163120567376, 15.97163120567376, 15.950354609929079, 15.957446808510639, 15.964539007092199, 15.957446808510639, 15.964539007092199, 15.957446808510639, 15.950354609929079, 15.943262411347519, 15.950354609929079, 15.950354609929079, 15.929078014184398, 15.929078014184398, 15.950354609929079, 15.943262411347519, 15.97163120567376, 15.950354609929079, 15.950354609929079, 15.950354609929079, 15.950354609929079, 15.950354609929079, 15.957446808510639, 15.957446808510639, 15.964539007092199, 15.957446808510639, 15.957446808510639, 15.964539007092199, 15.97163120567376, 15.97872340425532, 15.98581560283688, 15.98581560283688, 15.98581560283688, 15.98581560283688, 15.97872340425532, 15.98581560283688, 15.97872340425532, 15.97163120567376, 15.964539007092199, 15.950354609929079, 15.950354609929079, 15.964539007092199, 15.957446808510639, 15.964539007092199, 15.957446808510639, 15.950354609929079, 15.957446808510639, 15.943262411347519, 15.943262411347519, 15.936170212765958, 15.929078014184398, 15.921985815602838, 15.957446808510639, 15.921985815602838, 15.943262411347519, 15.950354609929079, 15.929078014184398, 15.950354609929079, 15.936170212765958, 15.943262411347519, 15.943262411347519, 15.950354609929079, 15.929078014184398, 15.943262411347519, 15.921985815602838, 15.907801418439718, 15.907801418439718, 15.943262411347519, 15.950354609929079, 15.957446808510639, 15.950354609929079, 15.950354609929079, 15.957446808510639, 15.957446808510639, 15.943262411347519, 15.957446808510639, 15.914893617021278, 15.936170212765958, 15.929078014184398, 15.936170212765958, 15.936170212765958, 15.914893617021278, 15.921985815602838, 15.921985815602838, 15.921985815602838]",0.9097664280583557,0.9284177712511754,16,"[33, 33, 33, 33, 33, 33, 33, 33, 33, 33, 33, 33, 33, 33, 33, 33, 33, 33, 33, 33, 33, 33, 33, 33, 33, 33, 33, 33, 33, 33, 33, 33, 33, 33, 33, 33, 33, 33, 33, 33, 33, 33, 33, 33, 33, 33, 33, 33, 33, 33, 33, 33, 33, 33, 33, 33, 33, 33, 33, 33, 33, 33, 33, 33, 33, 33, 33, 33, 33, 33, 33, 33, 33, 33, 33, 33, 33, 33, 33, 33, 33, 33, 33, 33, 33, 33, 33, 33, 33, 33, 33, 33, 33, 33, 33, 33, 33, 33, 33, 33, 33, 33, 33, 33, 33, 33, 33, 33, 33, 33, 33, 33, 33, 33, 33, 33, 33, 33, 32, 32, 32, 32, 32, 32, 32, 31, 31, 27, 26, 24, 24, 24, 24, 24, 23, 23, 22, 22, 21, 21, 21, 21, 21, 21, 21, 21, 21, 21, 21, 20, 20, 20, 20, 20, 20, 20, 20, 20, 20, 20, 20, 20, 20, 20, 20, 20, 20, 19, 19, 19, 19, 19, 19, 19, 19, 19, 19, 19, 19, 19, 19, 19, 19, 19, 19, 19, 19, 19, 19, 19, 19, 19, 18, 18, 18, 18, 18, 18, 18, 18, 17, 17, 17, 17, 17, 17, 17, 17, 17, 17, 17, 17, 17, 17, 17, 17, 17, 17, 17, 17, 17, 17, 17, 17, 17, 17, 17, 17, 17, 17, 17, 17, 17, 17, 17, 17, 17, 17, 17, 17, 17, 17, 17, 17, 17, 17, 17, 17, 17, 17, 17, 17, 17, 17, 17, 17, 17, 17, 17, 17, 17, 17, 17, 17, 17, 17, 17, 17, 17, 17, 17, 17, 17, 17, 17, 17, 17, 17, 17, 17, 17, 17, 17, 17, 17, 17, 17, 17, 17, 17, 17, 17, 17, 17, 17, 17, 17, 17, 17, 17, 17, 17, 17, 17, 17, 17, 17, 17, 17, 17, 17, 17, 17, 17, 17, 17, 17, 17, 17, 17, 17, 17, 17, 17, 17, 17, 17, 17, 17, 17, 17, 17, 17, 17, 17, 17, 17, 17, 17, 17, 17, 17, 17, 17, 17, 17, 17, 17, 17, 17, 17, 17, 17, 17, 17, 17, 17, 17, 16, 16, 16, 16, 16, 16, 16, 16, 16, 16, 16, 16, 16, 16, 16, 16, 16, 16, 16, 16, 16, 16, 16, 16, 16, 16, 16, 16, 16, 16, 16, 16, 16, 16, 16, 16, 16, 16, 16, 16, 16, 16, 16, 16, 16, 16, 16, 16, 16, 16, 16, 16, 16, 16, 16, 16, 16, 16, 16, 16, 16, 16, 16, 16, 16, 16, 16, 16, 16, 16, 16, 16, 16, 16, 16, 16, 16, 16, 16, 16, 16, 16, 16, 16, 16, 16, 16, 16, 16, 16, 16, 16, 16, 16, 16, 16, 16]",455,"[0.480957955121994, 0.4687373638153076, 0.46075835824012756, 0.4550416171550751, 0.4504190683364868, 0.44731974601745605, 0.4438173174858093, 0.44177186489105225, 0.4373170733451843, 0.4354194700717926, 0.4326542019844055, 0.42937779426574707, 0.4266730844974518, 0.42402228713035583, 0.42296767234802246, 0.4191451966762543, 0.4170879125595093, 0.4155799448490143, 0.412399560213089, 0.41001689434051514, 0.4080873727798462, 0.40649697184562683, 0.4044231176376343, 0.40189406275749207, 0.3995332419872284, 0.3995106518268585, 0.39605531096458435, 0.394852876663208, 0.39240482449531555, 0.3902868628501892, 0.3880521357059479, 0.3868449032306671, 0.38536399602890015, 0.3830357789993286, 0.38144558668136597, 0.37985873222351074, 0.378478080034256, 0.3790169954299927, 0.3753141462802887, 0.3732956647872925, 0.37156394124031067, 0.3700774312019348, 0.367977112531662, 0.36674386262893677, 0.36484646797180176, 0.36319810152053833, 0.36256131529808044, 0.36018767952919006, 0.35861462354660034, 0.3563270568847656, 0.3548215627670288, 0.35303568840026855, 0.3516921103000641, 0.3495832085609436, 0.3476894795894623, 0.3464917242527008, 0.3445010483264923, 0.3442789316177368, 0.34044593572616577, 0.3390154242515564, 0.3382415473461151, 0.33656853437423706, 0.3341882824897766, 0.33288970589637756, 0.3301407992839813, 0.3286271393299103, 0.3265119791030884, 0.32585299015045166, 0.3241509199142456, 0.3216352164745331, 0.32007911801338196, 0.3184993267059326, 0.3170035481452942, 0.31517720222473145, 0.3139675259590149, 0.313485711812973, 0.3107486367225647, 0.30909693241119385, 0.30789828300476074, 0.30655503273010254, 0.30556178092956543, 0.3044089376926422, 0.30336514115333557, 0.3016059100627899, 0.30052053928375244, 0.2993023991584778, 0.30006328225135803, 0.29818883538246155, 0.29677078127861023, 0.2955690026283264, 0.2939699590206146, 0.2926255166530609, 0.2919628918170929, 0.29100501537323, 0.29003697633743286, 0.28902390599250793, 0.2881357669830322, 0.287857323884964, 0.2866054177284241, 0.2859346270561218, 0.28433361649513245, 0.28398245573043823, 0.2831052243709564, 0.28206881880760193, 0.281154066324234, 0.28186678886413574, 0.27959686517715454, 0.27898672223091125, 0.27860578894615173, 0.277770072221756, 0.2786247134208679, 0.276510089635849, 0.2750571370124817, 0.27612271904945374, 0.2737942039966583, 0.27319562435150146, 0.2723729908466339, 0.27210819721221924, 0.2706202566623688, 0.2714122235774994, 0.2686382234096527, 0.269616961479187, 0.2692485749721527, 0.26872968673706055, 0.2676301896572113, 0.2652539312839508, 0.26632171869277954, 0.2648172676563263, 0.26228588819503784, 0.2594347894191742, 0.2594386339187622, 0.2599448263645172, 0.2584095299243927, 0.2605816423892975, 0.257305383682251, 0.2572877109050751, 0.2570248246192932, 0.25712156295776367, 0.2541688084602356, 0.2546112835407257, 0.25458189845085144, 0.2534715235233307, 0.25330066680908203, 0.25285738706588745, 0.25261813402175903, 0.252154141664505, 0.25187474489212036, 0.25123435258865356, 0.250819593667984, 0.24995233118534088, 0.24994705617427826, 0.24899570643901825, 0.24865373969078064, 0.24886439740657806, 0.24935093522071838, 0.24850530922412872, 0.24759286642074585, 0.24721010029315948, 0.24701981246471405, 0.24667596817016602, 0.24779529869556427, 0.24676112830638885, 0.24593795835971832, 0.24573422968387604, 0.24585403501987457, 0.24483032524585724, 0.24570214748382568, 0.24451248347759247, 0.2434261292219162, 0.24344007670879364, 0.24357333779335022, 0.24308356642723083, 0.24289289116859436, 0.2429943084716797, 0.2432270050048828, 0.24401986598968506, 0.24245594441890717, 0.24202828109264374, 0.24258002638816833, 0.2418036311864853, 0.24168187379837036, 0.2420804649591446, 0.24079792201519012, 0.24199047684669495, 0.240644633769989, 0.2420591562986374, 0.24062803387641907, 0.23976075649261475, 0.23987522721290588, 0.24150294065475464, 0.23922199010849, 0.23862586915493011, 0.2411521077156067, 0.2418525665998459, 0.24170683324337006, 0.23982660472393036, 0.24025774002075195, 0.24121011793613434, 0.23937301337718964, 0.23961831629276276, 0.24296878278255463, 0.24102190136909485, 0.2400542050600052, 0.23976992070674896, 0.2393302321434021, 0.2392762303352356, 0.23904134333133698, 0.23869569599628448, 0.23867347836494446, 0.2397901862859726, 0.2379714846611023, 0.2384168654680252, 0.2382659763097763, 0.23867261409759521, 0.23858042061328888, 0.2377959042787552, 0.23654800653457642, 0.23762546479701996, 0.23727020621299744, 0.2372972071170807, 0.23719558119773865, 0.23738372325897217, 0.23707690834999084, 0.23670972883701324, 0.2362252026796341, 0.23783348500728607, 0.23564082384109497, 0.23691272735595703, 0.23561224341392517, 0.23564133048057556, 0.23504869639873505, 0.23676881194114685, 0.2359706312417984, 0.2356807291507721, 0.23577725887298584, 0.23487645387649536, 0.23574072122573853, 0.23462119698524475, 0.23317773640155792, 0.23366813361644745, 0.23458896577358246, 0.23375995457172394, 0.23268947005271912, 0.23314613103866577, 0.23392677307128906, 0.23336215317249298, 0.23266801238059998, 0.23322086036205292, 0.23270118236541748, 0.23411785066127777, 0.23222127556800842, 0.23229464888572693, 0.23170438408851624, 0.23138222098350525, 0.2315932661294937, 0.23125432431697845, 0.2315557450056076, 0.23173147439956665, 0.23355892300605774, 0.23104675114154816, 0.23148740828037262, 0.2318594753742218, 0.23060961067676544, 0.2322312891483307, 0.23138527572155, 0.2311440259218216, 0.23081377148628235, 0.23186908662319183, 0.2312179058790207, 0.22968487441539764, 0.23073531687259674, 0.22957773506641388, 0.2306232899427414, 0.2307860404253006, 0.22995635867118835, 0.22936227917671204, 0.23005102574825287, 0.2304302453994751, 0.23032084107398987, 0.2312391847372055, 0.22942978143692017, 0.22823259234428406, 0.22877977788448334, 0.22882071137428284, 0.228480264544487, 0.23065432906150818, 0.22923065721988678, 0.23125356435775757, 0.22826339304447174, 0.228260800242424, 0.22976812720298767, 0.22829779982566833, 0.2277824431657791, 0.22818642854690552, 0.22798803448677063, 0.22790618240833282, 0.22808906435966492, 0.2274128943681717, 0.22687573730945587, 0.22733087837696075, 0.2275928258895874, 0.2270577847957611, 0.22730450332164764, 0.22741173207759857, 0.22824518382549286, 0.22669069468975067, 0.2276075780391693, 0.22655247151851654, 0.22664876282215118, 0.2275215983390808, 0.22636070847511292, 0.22613191604614258, 0.22587421536445618, 0.2259558141231537, 0.22691331803798676, 0.22521354258060455, 0.22584852576255798, 0.22663205862045288, 0.22564449906349182, 0.22624565660953522, 0.22483980655670166, 0.22544173896312714, 0.2251996397972107, 0.224814772605896, 0.2251366227865219, 0.22472429275512695, 0.2242441624403, 0.22440384328365326, 0.22516252100467682, 0.2238505780696869, 0.22510476410388947, 0.2233278900384903, 0.22323070466518402, 0.22504845261573792, 0.2237509936094284, 0.2251102328300476, 0.224929541349411, 0.22431157529354095, 0.22568009793758392, 0.22404907643795013, 0.223125159740448, 0.22356238961219788, 0.2236938327550888, 0.22387924790382385, 0.22565217316150665, 0.22343921661376953, 0.22315341234207153, 0.22278812527656555, 0.2251601368188858, 0.22321635484695435, 0.2223707139492035, 0.22171267867088318, 0.2232561558485031, 0.2227078080177307, 0.22186154127120972, 0.223052978515625, 0.2226705551147461, 0.22172506153583527, 0.22159038484096527, 0.22225622832775116, 0.22411291301250458, 0.22222350537776947, 0.22402198612689972, 0.2213558554649353, 0.22139719128608704, 0.2214975506067276, 0.2227877825498581, 0.22380810976028442, 0.22253940999507904, 0.22348743677139282, 0.22234393656253815, 0.22333548963069916, 0.22238187491893768, 0.22100244462490082, 0.22114208340644836, 0.22232791781425476, 0.22202199697494507, 0.22092211246490479, 0.220283642411232, 0.22099292278289795, 0.22105136513710022, 0.22070196270942688, 0.22147755324840546, 0.22110141813755035, 0.2206777185201645, 0.2200687974691391, 0.22094018757343292, 0.21981728076934814, 0.22615253925323486, 0.22129005193710327, 0.2196718454360962, 0.22023840248584747, 0.22075480222702026, 0.22124065458774567, 0.21957887709140778, 0.21855944395065308, 0.22018077969551086, 0.22080010175704956, 0.22029052674770355, 0.22187142074108124, 0.2199861705303192, 0.22324733436107635, 0.21991680562496185, 0.2194811850786209, 0.22033901512622833, 0.22116652131080627, 0.2206539660692215, 0.2199392169713974, 0.2212897092103958, 0.21893009543418884, 0.2188691645860672, 0.2193073332309723, 0.2193320393562317, 0.21758033335208893, 0.2181679904460907, 0.2186506986618042, 0.21917541325092316, 0.21867690980434418, 0.21734632551670074, 0.21672284603118896, 0.2170484960079193, 0.2172580510377884, 0.22035135328769684, 0.2178068906068802, 0.21770261228084564, 0.21887512505054474, 0.21750792860984802, 0.21910090744495392, 0.21880212426185608, 0.21843598783016205, 0