,number,value,datetime_start,datetime_complete,duration,params_batch_size_scaler,params_constant_learning_rate,params_depth,params_epochs,params_kernel_l2,params_num_trees,params_temperature,user_attrs_accuracy_test,user_attrs_accuracy_valid,user_attrs_approximate_feature_sparsity,user_attrs_approximate_feature_sparsity_history,user_attrs_approximate_weight_sparsity,user_attrs_approximate_weight_sparsity_history,user_attrs_auc_test,user_attrs_auc_valid,user_attrs_feature_sparsity,user_attrs_feature_sparsity_history,user_attrs_num_epochs,user_attrs_val_loss_history,user_attrs_weight_sparsity,user_attrs_weight_sparsity_history,state
120,120,0.5,2024-08-31 05:07:12.562198,2024-08-31 05:07:30.907053,0 days 00:00:18.344855,16,1.0337782819378085,2,115,0.4306798271250461,61,0.0012778415116216477,0.859,0.85875,0,"[33, 33, 33, 33, 33, 33, 28, 9, 6, 6, 5, 3, 3, 3, 3, 3, 2, 2, 2, 2, 2, 2, 2, 2, 2, 2, 2, 2, 2, 2, 2, 2, 2, 2, 1, 1, 1, 1, 0, 0, 0, 0, 0, 0, 0, 0, 0, 0, 0, 0, 0, 0, 0, 0, 0, 0, 0, 0, 0, 0, 0, 0, 0, 0, 0, 0, 0, 0, 0, 0, 0, 0, 0, 0, 0, 0, 0, 0, 0, 0, 0, 0, 0, 0, 0, 0, 0, 0, 0, 0, 0, 0, 0, 0, 0, 0, 0, 0, 0, 0, 0, 0, 0, 0, 0, 0, 0, 0, 0, 0, 0, 0, 0, 0, 0]",0.0,"[32.97267759562841, 32.978142076502735, 32.978142076502735, 32.98360655737705, 32.98360655737705, 32.97267759562841, 27.978142076502735, 8.989071038251366, 5.994535519125683, 5.989071038251366, 4.989071038251366, 3.0, 3.0, 3.0, 3.0, 2.994535519125683, 2.0, 2.0, 1.994535519125683, 2.0, 2.0, 2.0, 1.994535519125683, 2.0, 2.0, 2.0, 1.994535519125683, 2.0, 2.0, 2.0, 2.0, 2.0, 2.0, 2.0, 1.0, 1.0, 1.0, 1.0, 0.0, 0.0, 0.0, 0.0, 0.0, 0.0, 0.0, 0.0, 0.0, 0.0, 0.0, 0.0, 0.0, 0.0, 0.0, 0.0, 0.0, 0.0, 0.0, 0.0, 0.0, 0.0, 0.0, 0.0, 0.0, 0.0, 0.0, 0.0, 0.0, 0.0, 0.0, 0.0, 0.0, 0.0, 0.0, 0.0, 0.0, 0.0, 0.0, 0.0, 0.0, 0.0, 0.0, 0.0, 0.0, 0.0, 0.0, 0.0, 0.0, 0.0, 0.0, 0.0, 0.0, 0.0, 0.0, 0.0, 0.0, 0.0, 0.0, 0.0, 0.0, 0.0, 0.0, 0.0, 0.0, 0.0, 0.0, 0.0, 0.0, 0.0, 0.0, 0.0, 0.0, 0.0, 0.0, 0.0, 0.0]",0.5,0.5,0,"[33, 33, 33, 33, 33, 33, 28, 9, 6, 6, 5, 3, 3, 3, 3, 3, 2, 2, 2, 2, 2, 2, 2, 2, 2, 2, 2, 2, 2, 2, 2, 2, 2, 2, 1, 1, 1, 1, 0, 0, 0, 0, 0, 0, 0, 0, 0, 0, 0, 0, 0, 0, 0, 0, 0, 0, 0, 0, 0, 0, 0, 0, 0, 0, 0, 0, 0, 0, 0, 0, 0, 0, 0, 0, 0, 0, 0, 0, 0, 0, 0, 0, 0, 0, 0, 0, 0, 0, 0, 0, 0, 0, 0, 0, 0, 0, 0, 0, 0, 0, 0, 0, 0, 0, 0, 0, 0, 0, 0, 0, 0, 0, 0, 0, 0]",115,"[0.7435335516929626, 1.3783551454544067, 1.0843127965927124, 0.902285635471344, 0.44520172476768494, 0.5734621286392212, 0.4921194911003113, 0.4015452265739441, 0.45066460967063904, 0.4447565972805023, 0.4717162251472473, 1.0823073387145996, 0.6629627346992493, 1.145764708518982, 0.3860953450202942, 0.399649441242218, 2.1964101791381836, 0.9300526976585388, 0.9440798163414001, 0.5640568733215332, 0.5212969779968262, 0.5189329385757446, 0.9246694445610046, 0.7867173552513123, 1.0455963611602783, 0.9798580408096313, 0.39243876934051514, 0.3855377435684204, 0.38772162795066833, 0.6030522584915161, 1.1076748371124268, 1.5352966785430908, 0.46577563881874084, 0.40958476066589355, 0.8361543416976929, 2.015409469604492, 0.8693471550941467, 0.8210453987121582, 0.506249725818634, 2.499112129211426, 0.6567167043685913, 2.809365749359131, 1.9306100606918335, 2.101250410079956, 1.228461742401123, 0.5459249019622803, 1.2602052688598633, 1.0139466524124146, 0.4182339012622833, 1.5206019878387451, 1.2599068880081177, 0.5832493305206299, 0.4202113747596741, 0.41283172369003296, 1.0194125175476074, 0.6296612620353699, 0.9097175002098083, 0.7344687581062317, 0.7104933857917786, 1.0870766639709473, 0.981489360332489, 0.9330642819404602, 1.318741798400879, 0.6459165811538696, 0.4115767180919647, 0.4094352722167969, 0.5881800055503845, 1.5961601734161377, 0.5152318477630615, 0.49127891659736633, 0.9066568613052368, 0.6227626204490662, 1.3747307062149048, 0.9396681189537048, 0.8889181613922119, 0.6545135378837585, 0.5344011187553406, 0.48866042494773865, 1.738125205039978, 0.5045759081840515, 0.41415005922317505, 0.5518165826797485, 0.4210134744644165, 0.452169805765152, 1.214418649673462, 0.4199274778366089, 0.4180864989757538, 0.4721018970012665, 0.5556383728981018, 0.5066770315170288, 1.121211290359497, 0.9256629347801208, 0.4691479504108429, 0.42398330569267273, 1.332255244255066, 0.8721980452537537, 0.4235568642616272, 0.49330174922943115, 0.9581266045570374, 0.4270753562450409, 0.4384381175041199, 0.865668535232544, 0.7320466041564941, 0.4319559335708618, 0.44192856550216675, 0.8809347748756409, 0.41412684321403503, 2.6968557834625244, 1.3813073635101318, 0.4112991988658905, 0.9292616844177246, 0.4200828969478607, 0.5992270708084106, 1.471205711364746, 0.7949621677398682]",0.0,"[33.0, 33.0, 33.0, 33.0, 33.0, 33.0, 28.0, 9.0, 6.0, 6.0, 5.0, 3.0, 3.0, 3.0, 3.0, 3.0, 2.0, 2.0, 2.0, 2.0, 2.0, 2.0, 2.0, 2.0, 2.0, 2.0, 2.0, 2.0, 2.0, 2.0, 2.0, 2.0, 2.0, 2.0, 1.0, 1.0, 1.0, 1.0, 0.0, 0.0, 0.0, 0.0, 0.0, 0.0, 0.0, 0.0, 0.0, 0.0, 0.0, 0.0, 0.0, 0.0, 0.0, 0.0, 0.0, 0.0, 0.0, 0.0, 0.0, 0.0, 0.0, 0.0, 0.0, 0.0, 0.0, 0.0, 0.0, 0.0, 0.0, 0.0, 0.0, 0.0, 0.0, 0.0, 0.0, 0.0, 0.0, 0.0, 0.0, 0.0, 0.0, 0.0, 0.0, 0.0, 0.0, 0.0, 0.0, 0.0, 0.0, 0.0, 0.0, 0.0, 0.0, 0.0, 0.0, 0.0, 0.0, 0.0, 0.0, 0.0, 0.0, 0.0, 0.0, 0.0, 0.0, 0.0, 0.0, 0.0, 0.0, 0.0, 0.0, 0.0, 0.0, 0.0, 0.0]",COMPLETE
121,121,0.5,2024-08-31 05:07:34.105821,2024-08-31 05:09:38.797751,0 days 00:02:04.691930,1,1.6616498881672617,3,230,0.031193340467768334,18,0.000174878271129483,0.859,0.85875,0,"[33, 33, 27, 22, 19, 19, 19, 15, 15, 14, 13, 13, 13, 10, 9, 9, 9, 9, 9, 9, 9, 9, 9, 9, 9, 9, 8, 8, 8, 6, 6, 6, 6, 6, 6, 6, 6, 6, 6, 6, 6, 6, 6, 5, 4, 4, 4, 4, 4, 4, 4, 3, 3, 3, 3, 2, 2, 2, 2, 2, 2, 2, 2, 2, 2, 2, 2, 2, 2, 2, 2, 2, 2, 2, 2, 1, 1, 1, 1, 1, 0, 0, 0, 0, 0, 0, 0, 0, 0, 0, 0, 0, 0, 0, 0, 0, 0, 0, 0, 0, 0, 0, 0, 0, 0, 0, 0, 0, 0, 0, 0, 0, 0, 0, 0, 0, 0, 0, 0, 0, 0, 0, 0, 0, 0, 0, 0, 0, 0, 0, 0, 0, 0, 0, 0, 0, 0, 0, 0, 0, 0, 0, 0, 0, 0, 0, 0, 0, 0, 0, 0, 0, 0, 0, 0, 0, 0, 0, 0, 0, 0, 0, 0, 0, 0, 0, 0, 0, 0, 0, 0, 0, 0, 0, 0, 0, 0, 0, 0, 0, 0, 0, 0, 0, 0, 0, 0, 0, 0, 0, 0, 0, 0, 0, 0, 0, 0, 0, 0, 0, 0, 0, 0, 0, 0, 0, 0, 0, 0, 0, 0, 0, 0, 0, 0, 0, 0, 0, 0, 0, 0, 0, 0, 0, 0, 0, 0, 0, 0, 0]",0.0,"[32.98412698412699, 32.976190476190474, 26.984126984126984, 22.0, 18.976190476190474, 18.976190476190474, 18.984126984126984, 14.984126984126984, 14.968253968253968, 13.992063492063492, 12.992063492063492, 12.976190476190476, 12.968253968253968, 9.984126984126984, 8.984126984126984, 9.0, 8.984126984126984, 8.968253968253968, 8.976190476190476, 8.96031746031746, 8.976190476190476, 8.96031746031746, 8.968253968253968, 8.968253968253968, 8.968253968253968, 8.936507936507937, 7.9523809523809526, 7.944444444444445, 7.912698412698413, 5.928571428571429, 5.936507936507937, 5.9603174603174605, 5.912698412698413, 5.888888888888888, 5.880952380952381, 5.888888888888889, 5.896825396825397, 5.880952380952381, 5.880952380952381, 5.896825396825397, 5.865079365079366, 5.880952380952381, 5.888888888888889, 4.833333333333333, 3.7857142857142856, 3.873015873015873, 3.8412698412698414, 3.873015873015873, 3.888888888888889, 3.865079365079365, 3.8015873015873014, 2.9444444444444446, 2.9365079365079363, 2.9365079365079363, 2.9206349206349205, 1.9444444444444444, 1.9285714285714286, 1.9365079365079365, 1.9126984126984126, 1.9285714285714284, 1.9523809523809523, 1.9365079365079365, 1.9365079365079363, 1.9365079365079365, 1.9206349206349205, 1.9126984126984126, 1.9126984126984126, 1.9047619047619047, 1.9285714285714286, 1.9285714285714286, 1.9365079365079365, 1.880952380952381, 1.8888888888888888, 1.9206349206349205, 1.8968253968253967, 0.9761904761904762, 0.9841269841269841, 0.9841269841269841, 0.9761904761904762, 0.9761904761904762, 0.0, 0.0, 0.0, 0.0, 0.0, 0.0, 0.0, 0.0, 0.0, 0.0, 0.0, 0.0, 0.0, 0.0, 0.0, 0.0, 0.0, 0.0, 0.0, 0.0, 0.0, 0.0, 0.0, 0.0, 0.0, 0.0, 0.0, 0.0, 0.0, 0.0, 0.0, 0.0, 0.0, 0.0, 0.0, 0.0, 0.0, 0.0, 0.0, 0.0, 0.0, 0.0, 0.0, 0.0, 0.0, 0.0, 0.0, 0.0, 0.0, 0.0, 0.0, 0.0, 0.0, 0.0, 0.0, 0.0, 0.0, 0.0, 0.0, 0.0, 0.0, 0.0, 0.0, 0.0, 0.0, 0.0, 0.0, 0.0, 0.0, 0.0, 0.0, 0.0, 0.0, 0.0, 0.0, 0.0, 0.0, 0.0, 0.0, 0.0, 0.0, 0.0, 0.0, 0.0, 0.0, 0.0, 0.0, 0.0, 0.0, 0.0, 0.0, 0.0, 0.0, 0.0, 0.0, 0.0, 0.0, 0.0, 0.0, 0.0, 0.0, 0.0, 0.0, 0.0, 0.0, 0.0, 0.0, 0.0, 0.0, 0.0, 0.0, 0.0, 0.0, 0.0, 0.0, 0.0, 0.0, 0.0, 0.0, 0.0, 0.0, 0.0, 0.0, 0.0, 0.0, 0.0, 0.0, 0.0, 0.0, 0.0, 0.0, 0.0, 0.0, 0.0, 0.0, 0.0, 0.0, 0.0, 0.0, 0.0, 0.0, 0.0, 0.0, 0.0, 0.0, 0.0, 0.0, 0.0, 0.0, 0.0]",0.5,0.5,0,"[33, 33, 27, 22, 19, 19, 19, 15, 15, 14, 13, 13, 13, 10, 9, 9, 9, 9, 9, 9, 9, 9, 9, 9, 9, 9, 8, 8, 8, 6, 6, 6, 6, 6, 6, 6, 6, 6, 6, 6, 6, 6, 6, 5, 4, 4, 4, 4, 4, 4, 4, 3, 3, 3, 3, 2, 2, 2, 2, 2, 2, 2, 2, 2, 2, 2, 2, 2, 2, 2, 2, 2, 2, 2, 2, 1, 1, 1, 1, 1, 0, 0, 0, 0, 0, 0, 0, 0, 0, 0, 0, 0, 0, 0, 0, 0, 0, 0, 0, 0, 0, 0, 0, 0, 0, 0, 0, 0, 0, 0, 0, 0, 0, 0, 0, 0, 0, 0, 0, 0, 0, 0, 0, 0, 0, 0, 0, 0, 0, 0, 0, 0, 0, 0, 0, 0, 0, 0, 0, 0, 0, 0, 0, 0, 0, 0, 0, 0, 0, 0, 0, 0, 0, 0, 0, 0, 0, 0, 0, 0, 0, 0, 0, 0, 0, 0, 0, 0, 0, 0, 0, 0, 0, 0, 0, 0, 0, 0, 0, 0, 0, 0, 0, 0, 0, 0, 0, 0, 0, 0, 0, 0, 0, 0, 0, 0, 0, 0, 0, 0, 0, 0, 0, 0, 0, 0, 0, 0, 0, 0, 0, 0, 0, 0, 0, 0, 0, 0, 0, 0, 0, 0, 0, 0, 0, 0, 0, 0, 0, 0]",230,"[0.34243035316467285, 0.25614526867866516, 0.2722603380680084, 0.2153819054365158, 0.2309306263923645, 0.2272661328315735, 0.22625696659088135, 0.2709691524505615, 0.3244127631187439, 0.29153963923454285, 0.2639794945716858, 0.25954365730285645, 0.27841806411743164, 0.30946633219718933, 0.26823344826698303, 0.25792044401168823, 0.27763310074806213, 0.26428067684173584, 0.24781058728694916, 0.260849267244339, 0.2551877200603485, 0.2495271861553192, 0.24950775504112244, 0.2752358317375183, 0.2689184248447418, 0.29798853397369385, 0.2879689335823059, 0.26981398463249207, 0.2689715027809143, 0.33508917689323425, 0.38747504353523254, 0.3608560860157013, 0.33065634965896606, 0.34866398572921753, 0.3394848108291626, 0.3775528073310852, 0.3384054899215698, 0.33345305919647217, 0.34617504477500916, 0.34590351581573486, 0.37915173172950745, 0.3388727605342865, 0.3447244167327881, 0.3468436002731323, 0.35150450468063354, 0.36719217896461487, 0.35065731406211853, 0.36206263303756714, 0.3895549476146698, 0.35044750571250916, 0.39019009470939636, 0.38882195949554443, 0.37283530831336975, 0.3971273899078369, 0.3633357882499695, 0.38212594389915466, 0.40593987703323364, 0.40410077571868896, 0.3980180323123932, 0.38563060760498047, 0.37665191292762756, 0.3901275396347046, 0.39038875699043274, 0.3807360827922821, 0.48445919156074524, 0.37664327025413513, 0.39132052659988403, 0.3795498311519623, 0.38578182458877563, 0.4027954936027527, 0.374179482460022, 0.39042210578918457, 0.37900134921073914, 0.39433300495147705, 0.4225090742111206, 0.40121233463287354, 0.3865208327770233, 0.41262829303741455, 0.38785648345947266, 0.3875853419303894, 0.46169522404670715, 0.4487948715686798, 0.4628593325614929, 0.4157806634902954, 0.4153652489185333, 0.4386517405509949, 0.487251877784729, 0.4465075731277466, 0.41412118077278137, 0.4091586172580719, 0.41427338123321533, 0.513340950012207, 0.4466497004032135, 0.40916088223457336, 0.4097293019294739, 0.42323338985443115, 0.7005786895751953, 0.4142135977745056, 0.41766369342803955, 0.4775329530239105, 0.4095451235771179, 0.40998774766921997, 0.43730250000953674, 0.41115260124206543, 0.490736186504364, 0.4086063802242279, 0.4085747003555298, 0.4088514745235443, 0.4585954248905182, 0.4443568289279938, 0.7014516592025757, 0.4592595398426056, 0.4132426083087921, 0.45832836627960205, 0.4722464084625244, 0.4117525815963745, 0.4785913825035095, 0.4650200307369232, 0.4278194010257721, 0.4148765504360199, 0.40994322299957275, 0.4075292646884918, 0.4085501730442047, 0.409142404794693, 0.40852969884872437, 0.41424182057380676, 0.5452992916107178, 0.5019297003746033, 0.4130525290966034, 0.43664923310279846, 0.48383867740631104, 0.4094298183917999, 0.40737155079841614, 0.4127969741821289, 0.4303411543369293, 0.45721274614334106, 0.41497504711151123, 0.5599297881126404, 0.40846407413482666, 0.4670023024082184, 0.4157205820083618, 0.43646591901779175, 0.43114933371543884, 0.4776395559310913, 0.4368635416030884, 0.41124987602233887, 0.4371868371963501, 0.42777687311172485, 0.43424850702285767, 0.42780226469039917, 0.41488543152809143, 0.40903159976005554, 0.5002260804176331, 0.5447924733161926, 0.4584874212741852, 0.48614513874053955, 0.41309574246406555, 0.40908282995224, 0.43334126472473145, 0.4081169068813324, 0.41272345185279846, 0.41486552357673645, 0.5526018738746643, 0.4140356779098511, 0.4371418356895447, 0.41553887724876404, 0.47804325819015503, 0.45256510376930237, 0.40839138627052307, 0.48530399799346924, 0.462655633687973, 0.4402846395969391, 0.411885142326355, 0.45664581656455994, 0.4121202230453491, 0.41149768233299255, 0.4529372751712799, 0.4130142331123352, 0.4090351164340973, 0.5372975468635559, 0.4679320156574249, 0.40845146775245667, 0.4270786941051483, 0.4074535369873047, 0.42649391293525696, 0.44163885712623596, 0.4566526710987091, 0.4795675575733185, 0.42748886346817017, 0.4440731704235077, 0.40775519609451294, 0.42723166942596436, 0.47304579615592957, 0.43988293409347534, 0.4808158874511719, 0.4740997552871704, 0.41496482491493225, 0.49452492594718933, 0.4139541685581207, 0.5478677153587341, 0.427486777305603, 0.41476893424987793, 0.47744640707969666, 0.5423141717910767, 0.4135280251502991, 0.46696895360946655, 0.42694351077079773, 0.4073953628540039, 0.43628954887390137, 0.4083828628063202, 0.41511109471321106, 0.44232234358787537, 0.44224774837493896, 0.43686503171920776, 0.40962734818458557, 0.4074734151363373, 0.41230177879333496, 0.4566155970096588, 0.46768873929977417, 0.4084315896034241, 0.40839630365371704, 0.40814009308815, 0.43622738122940063, 0.40838372707366943, 0.4266568422317505, 0.4145866334438324, 0.4749716818332672, 0.4102204144001007, 0.40970805287361145, 0.4262915551662445]",0.0,"[33.0, 33.0, 27.0, 22.0, 19.0, 19.0, 19.0, 15.0, 15.0, 14.0, 13.0, 13.0, 13.0, 10.0, 9.0, 9.0, 9.0, 9.0, 9.0, 9.0, 9.0, 9.0, 9.0, 9.0, 9.0, 9.0, 8.0, 8.0, 8.0, 6.0, 6.0, 6.0, 6.0, 6.0, 6.0, 6.0, 6.0, 6.0, 6.0, 6.0, 6.0, 6.0, 6.0, 5.0, 4.0, 4.0, 4.0, 4.0, 4.0, 4.0, 4.0, 3.0, 3.0, 3.0, 3.0, 2.0, 2.0, 2.0, 2.0, 2.0, 2.0, 2.0, 2.0, 2.0, 2.0, 2.0, 2.0, 2.0, 2.0, 2.0, 2.0, 2.0, 2.0, 2.0, 2.0, 1.0, 1.0, 1.0, 1.0, 1.0, 0.0, 0.0, 0.0, 0.0, 0.0, 0.0, 0.0, 0.0, 0.0, 0.0, 0.0, 0.0, 0.0, 0.0, 0.0, 0.0, 0.0, 0.0, 0.0, 0.0, 0.0, 0.0, 0.0, 0.0, 0.0, 0.0, 0.0, 0.0, 0.0, 0.0, 0.0, 0.0, 0.0, 0.0, 0.0, 0.0, 0.0, 0.0, 0.0, 0.0, 0.0, 0.0, 0.0, 0.0, 0.0, 0.0, 0.0, 0.0, 0.0, 0.0, 0.0, 0.0, 0.0, 0.0, 0.0, 0.0, 0.0, 0.0, 0.0, 0.0, 0.0, 0.0, 0.0, 0.0, 0.0, 0.0, 0.0, 0.0, 0.0, 0.0, 0.0, 0.0, 0.0, 0.0, 0.0, 0.0, 0.0, 0.0, 0.0, 0.0, 0.0, 0.0, 0.0, 0.0, 0.0, 0.0, 0.0, 0.0, 0.0, 0.0, 0.0, 0.0, 0.0, 0.0, 0.0, 0.0, 0.0, 0.0, 0.0, 0.0, 0.0, 0.0, 0.0, 0.0, 0.0, 0.0, 0.0, 0.0, 0.0, 0.0, 0.0, 0.0, 0.0, 0.0, 0.0, 0.0, 0.0, 0.0, 0.0, 0.0, 0.0, 0.0, 0.0, 0.0, 0.0, 0.0, 0.0, 0.0, 0.0, 0.0, 0.0, 0.0, 0.0, 0.0, 0.0, 0.0, 0.0, 0.0, 0.0, 0.0, 0.0, 0.0, 0.0, 0.0, 0.0, 0.0, 0.0, 0.0, 0.0, 0.0]",COMPLETE
