,number,value,datetime_start,datetime_complete,duration,params_batch_size_scaler,params_constant_learning_rate,params_depth,params_epochs,params_kernel_l2,params_num_trees,params_temperature,user_attrs_accuracy_test,user_attrs_accuracy_valid,user_attrs_approximate_feature_sparsity,user_attrs_approximate_feature_sparsity_history,user_attrs_approximate_weight_sparsity,user_attrs_approximate_weight_sparsity_history,user_attrs_auc_test,user_attrs_auc_valid,user_attrs_feature_sparsity,user_attrs_feature_sparsity_history,user_attrs_num_epochs,user_attrs_val_loss_history,user_attrs_weight_sparsity,user_attrs_weight_sparsity_history,state
115,115,0.7683142043771174,2024-08-31 05:01:47.167135,2024-08-31 05:02:07.768389,0 days 00:00:20.601254,64,0.11817135682172024,3,160,0.6649203469980328,63,0.002659866480611707,0.88,0.8725,33,"[33, 33, 33, 33, 33, 33, 33, 33, 33, 33, 33, 33, 33, 33, 33, 33, 33, 33, 33, 33, 33, 33, 33, 33, 33, 33, 33, 33, 33, 33, 33, 33, 33, 33, 33, 33, 33, 33, 33, 33, 33, 33, 33, 33, 33, 33, 33, 33, 33, 33, 33, 33, 33, 33, 33, 33, 33, 33, 33, 33, 33, 33, 33, 33, 33, 33, 33, 33, 33, 33, 33, 33, 33, 33, 33, 33, 33, 33, 33, 33, 33, 33, 33, 33, 33, 33, 33, 33, 33, 33, 33, 33, 33, 33, 33, 33, 33, 33, 33, 33, 33, 33, 33, 33, 33, 33, 33, 33, 33, 33, 33, 33, 33, 33, 33, 33, 33, 33, 33, 33, 33, 33, 33, 33, 33, 33, 33, 33, 33, 33, 33, 33, 33, 33, 33, 33, 33, 33, 33, 33, 33, 33, 33, 33, 33, 33, 33, 33, 33, 33, 33, 33, 33, 33, 33, 33, 33, 33, 33, 33]",32.952380952380956,"[32.98412698412699, 32.98412698412699, 32.98639455782313, 32.97732426303855, 32.9750566893424, 32.9795918367347, 32.97052154195011, 32.9750566893424, 32.9795918367347, 32.981859410430836, 32.97278911564626, 32.97278911564626, 32.9750566893424, 32.97732426303855, 32.96825396825397, 32.96371882086168, 32.97278911564626, 32.96371882086168, 32.96825396825397, 32.96825396825397, 32.96825396825397, 32.961451247165535, 32.96825396825397, 32.96825396825397, 32.96825396825397, 32.95918367346939, 32.961451247165535, 32.965986394557824, 32.96825396825397, 32.97732426303855, 32.9750566893424, 32.97278911564626, 32.98412698412699, 32.965986394557824, 32.96825396825397, 32.96825396825397, 32.965986394557824, 32.965986394557824, 32.96371882086168, 32.97052154195011, 32.96825396825397, 32.95918367346939, 32.95691609977324, 32.965986394557824, 32.9546485260771, 32.9546485260771, 32.96371882086168, 32.96825396825397, 32.965986394557824, 32.956916099773245, 32.961451247165535, 32.956916099773245, 32.9546485260771, 32.95918367346939, 32.94784580498866, 32.961451247165535, 32.9546485260771, 32.961451247165535, 32.95918367346939, 32.961451247165535, 32.96825396825397, 32.965986394557824, 32.96371882086168, 32.9750566893424, 32.97278911564626, 32.9750566893424, 32.97732426303855, 32.96825396825397, 32.965986394557824, 32.98412698412699, 32.972789115646265, 32.96825396825397, 32.965986394557824, 32.97278911564626, 32.97052154195011, 32.965986394557824, 32.97278911564626, 32.965986394557824, 32.96825396825397, 32.95918367346939, 32.96371882086168, 32.96371882086168, 32.945578231292515, 32.952380952380956, 32.954648526077094, 32.96371882086168, 32.96371882086168, 32.95918367346938, 32.95918367346939, 32.96371882086168, 32.961451247165535, 32.961451247165535, 32.96825396825397, 32.961451247165535, 32.965986394557824, 32.961451247165535, 32.965986394557824, 32.95918367346938, 32.96371882086168, 32.96371882086168, 32.96371882086168, 32.965986394557824, 32.965986394557824, 32.97052154195011, 32.96371882086168, 32.972789115646265, 32.961451247165535, 32.95918367346939, 32.97732426303855, 32.97278911564626, 32.977324263038554, 32.96825396825397, 32.97052154195011, 32.96371882086168, 32.961451247165535, 32.956916099773245, 32.97052154195011, 32.961451247165535, 32.96371882086168, 32.96825396825397, 32.96371882086168, 32.97278911564626, 32.97959183673469, 32.965986394557824, 32.97278911564626, 32.965986394557824, 32.95238095238095, 32.96371882086168, 32.97278911564626, 32.97278911564626, 32.97278911564626, 32.96825396825397, 32.96371882086168, 32.97278911564626, 32.97732426303855, 32.97052154195011, 32.96825396825397, 32.96371882086168, 32.96825396825397, 32.96371882086168, 32.961451247165535, 32.965986394557824, 32.96825396825397, 32.965986394557824, 32.96371882086168, 32.96825396825397, 32.95918367346938, 32.96371882086168, 32.954648526077094, 32.95238095238095, 32.95918367346938, 32.961451247165535, 32.961451247165535, 32.950113378684804, 32.95238095238095, 32.94784580498866, 32.94557823129252, 32.94784580498866, 32.950113378684804, 32.952380952380956]",0.7971168850469373,0.7683142043771174,33,"[33, 33, 33, 33, 33, 33, 33, 33, 33, 33, 33, 33, 33, 33, 33, 33, 33, 33, 33, 33, 33, 33, 33, 33, 33, 33, 33, 33, 33, 33, 33, 33, 33, 33, 33, 33, 33, 33, 33, 33, 33, 33, 33, 33, 33, 33, 33, 33, 33, 33, 33, 33, 33, 33, 33, 33, 33, 33, 33, 33, 33, 33, 33, 33, 33, 33, 33, 33, 33, 33, 33, 33, 33, 33, 33, 33, 33, 33, 33, 33, 33, 33, 33, 33, 33, 33, 33, 33, 33, 33, 33, 33, 33, 33, 33, 33, 33, 33, 33, 33, 33, 33, 33, 33, 33, 33, 33, 33, 33, 33, 33, 33, 33, 33, 33, 33, 33, 33, 33, 33, 33, 33, 33, 33, 33, 33, 33, 33, 33, 33, 33, 33, 33, 33, 33, 33, 33, 33, 33, 33, 33, 33, 33, 33, 33, 33, 33, 33, 33, 33, 33, 33, 33, 33, 33, 33, 33, 33, 33, 33]",160,"[0.5054207444190979, 0.49463775753974915, 0.49190762639045715, 0.48940491676330566, 0.48715201020240784, 0.48501136898994446, 0.48345303535461426, 0.48262783885002136, 0.48193827271461487, 0.47805529832839966, 0.4765838384628296, 0.4752964377403259, 0.4741435647010803, 0.473540723323822, 0.47173306345939636, 0.4704364836215973, 0.4695807993412018, 0.4686153531074524, 0.4673459529876709, 0.4663212299346924, 0.4657803475856781, 0.4651504158973694, 0.46374133229255676, 0.46412837505340576, 0.46246790885925293, 0.46148812770843506, 0.46067431569099426, 0.46005451679229736, 0.459517240524292, 0.4587399363517761, 0.4582858681678772, 0.4574975073337555, 0.4569094479084015, 0.4569479823112488, 0.45591431856155396, 0.4551923871040344, 0.45429524779319763, 0.45414626598358154, 0.453235924243927, 0.45244574546813965, 0.4519273340702057, 0.45117393136024475, 0.4506170153617859, 0.45029187202453613, 0.45013678073883057, 0.44941389560699463, 0.4488961696624756, 0.44847384095191956, 0.4476214647293091, 0.4473694860935211, 0.44673770666122437, 0.44637736678123474, 0.4460194408893585, 0.4451001286506653, 0.44501549005508423, 0.44430720806121826, 0.4441196322441101, 0.4433055520057678, 0.4430488348007202, 0.4424881041049957, 0.44176799058914185, 0.4413803517818451, 0.4409123957157135, 0.4412696957588196, 0.4399690628051758, 0.43962371349334717, 0.43896377086639404, 0.438371479511261, 0.438368022441864, 0.43774300813674927, 0.437397301197052, 0.436508446931839, 0.4361519515514374, 0.43582871556282043, 0.435047447681427, 0.43474113941192627, 0.4343041181564331, 0.43405523896217346, 0.4336192309856415, 0.43443062901496887, 0.4338330030441284, 0.43244051933288574, 0.4320371150970459, 0.43167293071746826, 0.43138018250465393, 0.4308396875858307, 0.43060266971588135, 0.43011191487312317, 0.43012553453445435, 0.43066510558128357, 0.4289861023426056, 0.4283333718776703, 0.42780885100364685, 0.4285394549369812, 0.42710721492767334, 0.4267878830432892, 0.4273236095905304, 0.42673569917678833, 0.42492809891700745, 0.42490777373313904, 0.4240192770957947, 0.42382535338401794, 0.4237242043018341, 0.4233548641204834, 0.4230462908744812, 0.42264029383659363, 0.4221667945384979, 0.42183512449264526, 0.4215654134750366, 0.4208482503890991, 0.42081084847450256, 0.4198801517486572, 0.4211658239364624, 0.41896116733551025, 0.418536901473999, 0.41840803623199463, 0.41813167929649353, 0.41733700037002563, 0.41798636317253113, 0.41727587580680847, 0.4165118932723999, 0.417271226644516, 0.4164080023765564, 0.4156457483768463, 0.41446831822395325, 0.41388556361198425, 0.4136043190956116, 0.4129011631011963, 0.4127744734287262, 0.41247186064720154, 0.41222772002220154, 0.4117942154407501, 0.4115799367427826, 0.41116535663604736, 0.4104993939399719, 0.4102845788002014, 0.41002166271209717, 0.4099086821079254, 0.4095960557460785, 0.4094656705856323, 0.4092481732368469, 0.40875503420829773, 0.40853336453437805, 0.4080684781074524, 0.4077727794647217, 0.40735888481140137, 0.4071570336818695, 0.4068487882614136, 0.40664142370224, 0.40602830052375793, 0.4058223068714142, 0.405554860830307, 0.40507572889328003, 0.4056900143623352, 0.4043729901313782, 0.4041563868522644, 0.4037320017814636, 0.4035798907279968, 0.40322020649909973, 0.40273407101631165]",33.0,"[33.0, 33.0, 33.0, 33.0, 33.0, 33.0, 33.0, 33.0, 33.0, 33.0, 33.0, 33.0, 33.0, 33.0, 33.0, 33.0, 33.0, 33.0, 33.0, 33.0, 33.0, 33.0, 33.0, 33.0, 33.0, 33.0, 33.0, 33.0, 33.0, 33.0, 33.0, 33.0, 33.0, 33.0, 33.0, 33.0, 33.0, 33.0, 33.0, 33.0, 33.0, 33.0, 33.0, 33.0, 33.0, 33.0, 33.0, 33.0, 33.0, 33.0, 33.0, 33.0, 33.0, 33.0, 33.0, 33.0, 33.0, 33.0, 33.0, 33.0, 33.0, 33.0, 33.0, 33.0, 33.0, 33.0, 33.0, 33.0, 33.0, 33.0, 33.0, 33.0, 33.0, 33.0, 33.0, 33.0, 33.0, 33.0, 33.0, 33.0, 33.0, 33.0, 33.0, 33.0, 33.0, 33.0, 33.0, 33.0, 33.0, 33.0, 33.0, 33.0, 33.0, 33.0, 33.0, 33.0, 33.0, 33.0, 33.0, 33.0, 33.0, 33.0, 33.0, 33.0, 33.0, 33.0, 33.0, 33.0, 33.0, 33.0, 33.0, 33.0, 33.0, 33.0, 33.0, 33.0, 33.0, 33.0, 33.0, 33.0, 33.0, 33.0, 33.0, 33.0, 33.0, 33.0, 33.0, 33.0, 33.0, 33.0, 33.0, 33.0, 33.0, 33.0, 33.0, 33.0, 33.0, 33.0, 33.0, 33.0, 33.0, 33.0, 33.0, 33.0, 33.0, 33.0, 33.0, 33.0, 33.0, 33.0, 33.0, 33.0, 33.0, 33.0, 33.0, 33.0, 33.0, 33.0, 33.0, 33.0]",COMPLETE
