,number,value,datetime_start,datetime_complete,duration,params_batch_size_scaler,params_constant_learning_rate,params_depth,params_epochs,params_kernel_l2,params_num_trees,params_temperature,user_attrs_accuracy_test,user_attrs_accuracy_valid,user_attrs_approximate_feature_sparsity,user_attrs_approximate_feature_sparsity_history,user_attrs_approximate_weight_sparsity,user_attrs_approximate_weight_sparsity_history,user_attrs_auc_test,user_attrs_auc_valid,user_attrs_feature_sparsity,user_attrs_feature_sparsity_history,user_attrs_num_epochs,user_attrs_val_loss_history,user_attrs_weight_sparsity,user_attrs_weight_sparsity_history,state
67,67,0.5,2024-08-31 03:18:32.039297,2024-08-31 03:20:43.076613,0 days 00:02:11.037316,1,9.145769415771479,1,285,0.02798284505084029,20,0.0007829446914350345,0.859,0.85875,0,"[25, 22, 18, 18, 14, 15, 10, 10, 6, 0, 0, 0, 0, 1, 0, 8, 5, 0, 0, 0, 0, 0, 0, 0, 0, 0, 0, 0, 0, 0, 0, 0, 0, 0, 1, 0, 0, 0, 0, 0, 0, 0, 0, 0, 0, 0, 0, 0, 0, 0, 0, 0, 0, 0, 0, 0, 0, 0, 0, 0, 0, 0, 0, 0, 0, 0, 0, 0, 0, 0, 0, 0, 0, 0, 0, 0, 0, 0, 0, 0, 0, 0, 0, 4, 0, 0, 0, 0, 0, 0, 0, 0, 0, 0, 0, 0, 2, 0, 0, 0, 0, 0, 0, 0, 0, 0, 0, 0, 0, 0, 0, 0, 0, 0, 0, 0, 0, 0, 0, 0, 0, 0, 0, 0, 0, 0, 0, 0, 0, 0, 0, 0, 0, 0, 0, 1, 0, 0, 0, 0, 0, 0, 0, 0, 0, 0, 0, 0, 6, 0, 0, 0, 0, 0, 0, 0, 0, 0, 0, 0, 0, 0, 0, 0, 0, 0, 0, 0, 0, 0, 0, 0, 0, 0, 0, 0, 0, 0, 0, 0, 0, 0, 0, 0, 0, 0, 0, 0, 0, 0, 0, 0, 0, 0, 0, 0, 0, 8, 6, 3, 0, 0, 0, 0, 0, 0, 0, 0, 0, 0, 0, 0, 0, 0, 0, 0, 0, 0, 0, 0, 0, 0, 0, 0, 0, 0, 0, 0, 0, 0, 0, 0, 0, 0, 0, 0, 0, 0, 0, 0, 0, 0, 0, 0, 0, 0, 0, 0, 0, 0, 0, 0, 0, 0, 0, 0, 0, 0, 0, 0, 0, 0, 0, 0, 0, 0, 0, 0, 0, 0, 0, 0, 0, 0, 0, 0, 0, 0, 0, 0, 0, 0, 0, 0, 0]",0.0,"[25.0, 22.0, 17.9, 17.25, 13.0, 13.25, 8.35, 7.700000000000001, 4.1, 0.0, 0.0, 0.0, 0.0, 0.7, 0.0, 5.4, 3.35, 0.0, 0.0, 0.0, 0.0, 0.0, 0.0, 0.0, 0.0, 0.0, 0.0, 0.0, 0.0, 0.0, 0.0, 0.0, 0.0, 0.0, 0.6, 0.0, 0.0, 0.0, 0.0, 0.0, 0.0, 0.0, 0.0, 0.0, 0.0, 0.0, 0.0, 0.0, 0.0, 0.0, 0.0, 0.0, 0.0, 0.0, 0.0, 0.0, 0.0, 0.0, 0.0, 0.0, 0.0, 0.0, 0.0, 0.0, 0.0, 0.0, 0.0, 0.0, 0.0, 0.0, 0.0, 0.0, 0.0, 0.0, 0.0, 0.0, 0.0, 0.0, 0.0, 0.0, 0.0, 0.0, 0.0, 2.5, 0.0, 0.0, 0.0, 0.0, 0.0, 0.0, 0.0, 0.0, 0.0, 0.0, 0.0, 0.0, 1.2, 0.0, 0.0, 0.0, 0.0, 0.0, 0.0, 0.0, 0.0, 0.0, 0.0, 0.0, 0.0, 0.0, 0.0, 0.0, 0.0, 0.0, 0.0, 0.0, 0.0, 0.0, 0.0, 0.0, 0.0, 0.0, 0.0, 0.0, 0.0, 0.0, 0.0, 0.0, 0.0, 0.0, 0.0, 0.0, 0.0, 0.0, 0.0, 0.6, 0.0, 0.0, 0.0, 0.0, 0.0, 0.0, 0.0, 0.0, 0.0, 0.0, 0.0, 0.0, 3.7, 0.0, 0.0, 0.0, 0.0, 0.0, 0.0, 0.0, 0.0, 0.0, 0.0, 0.0, 0.0, 0.0, 0.0, 0.0, 0.0, 0.0, 0.0, 0.0, 0.0, 0.0, 0.0, 0.0, 0.0, 0.0, 0.0, 0.0, 0.0, 0.0, 0.0, 0.0, 0.0, 0.0, 0.0, 0.0, 0.0, 0.0, 0.0, 0.0, 0.0, 0.0, 0.0, 0.0, 0.0, 0.0, 0.0, 0.0, 0.0, 4.95, 3.8000000000000003, 1.9, 0.0, 0.0, 0.0, 0.0, 0.0, 0.0, 0.0, 0.0, 0.0, 0.0, 0.0, 0.0, 0.0, 0.0, 0.0, 0.0, 0.0, 0.0, 0.0, 0.0, 0.0, 0.0, 0.0, 0.0, 0.0, 0.0, 0.0, 0.0, 0.0, 0.0, 0.0, 0.0, 0.0, 0.0, 0.0, 0.0, 0.0, 0.0, 0.0, 0.0, 0.0, 0.0, 0.0, 0.0, 0.0, 0.0, 0.0, 0.0, 0.0, 0.0, 0.0, 0.0, 0.0, 0.0, 0.0, 0.0, 0.0, 0.0, 0.0, 0.0, 0.0, 0.0, 0.0, 0.0, 0.0, 0.0, 0.0, 0.0, 0.0, 0.0, 0.0, 0.0, 0.0, 0.0, 0.0, 0.0, 0.0, 0.0, 0.0, 0.0, 0.0, 0.0, 0.0, 0.0, 0.0]",0.5,0.5,0,"[25, 22, 18, 18, 14, 15, 10, 10, 6, 0, 0, 0, 0, 1, 0, 8, 5, 0, 0, 0, 0, 0, 0, 0, 0, 0, 0, 0, 0, 0, 0, 0, 0, 0, 1, 0, 0, 0, 0, 0, 0, 0, 0, 0, 0, 0, 0, 0, 0, 0, 0, 0, 0, 0, 0, 0, 0, 0, 0, 0, 0, 0, 0, 0, 0, 0, 0, 0, 0, 0, 0, 0, 0, 0, 0, 0, 0, 0, 0, 0, 0, 0, 0, 4, 0, 0, 0, 0, 0, 0, 0, 0, 0, 0, 0, 0, 2, 0, 0, 0, 0, 0, 0, 0, 0, 0, 0, 0, 0, 0, 0, 0, 0, 0, 0, 0, 0, 0, 0, 0, 0, 0, 0, 0, 0, 0, 0, 0, 0, 0, 0, 0, 0, 0, 0, 1, 0, 0, 0, 0, 0, 0, 0, 0, 0, 0, 0, 0, 6, 0, 0, 0, 0, 0, 0, 0, 0, 0, 0, 0, 0, 0, 0, 0, 0, 0, 0, 0, 0, 0, 0, 0, 0, 0, 0, 0, 0, 0, 0, 0, 0, 0, 0, 0, 0, 0, 0, 0, 0, 0, 0, 0, 0, 0, 0, 0, 0, 8, 6, 3, 0, 0, 0, 0, 0, 0, 0, 0, 0, 0, 0, 0, 0, 0, 0, 0, 0, 0, 0, 0, 0, 0, 0, 0, 0, 0, 0, 0, 0, 0, 0, 0, 0, 0, 0, 0, 0, 0, 0, 0, 0, 0, 0, 0, 0, 0, 0, 0, 0, 0, 0, 0, 0, 0, 0, 0, 0, 0, 0, 0, 0, 0, 0, 0, 0, 0, 0, 0, 0, 0, 0, 0, 0, 0, 0, 0, 0, 0, 0, 0, 0, 0, 0, 0, 0]",285,"[14.797477722167969, 17.623306274414062, 8.904062271118164, 18.439273834228516, 13.004999160766602, 8.533561706542969, 12.61465835571289, 17.086814880371094, 34.592533111572266, 33.720184326171875, 19.1301212310791, 30.590679168701172, 1.609078049659729, 46.890018463134766, 29.732261657714844, 11.331289291381836, 30.83783721923828, 19.441783905029297, 38.96855163574219, 12.416302680969238, 24.149280548095703, 17.075029373168945, 20.675596237182617, 0.40724608302116394, 2.3976361751556396, 28.433147430419922, 12.92507553100586, 35.38400650024414, 7.8572587966918945, 4.404617786407471, 24.667478561401367, 21.34276580810547, 25.206104278564453, 27.615049362182617, 32.233821868896484, 45.58110809326172, 32.256591796875, 38.86493682861328, 14.581243515014648, 4.779483795166016, 14.559223175048828, 8.957932472229004, 25.240514755249023, 35.928794860839844, 24.729511260986328, 45.308414459228516, 25.281902313232422, 4.170000076293945, 24.825178146362305, 4.568978786468506, 22.58684539794922, 29.074844360351562, 12.207891464233398, 36.219295501708984, 4.004161834716797, 46.346858978271484, 27.160886764526367, 42.19902038574219, 25.258012771606445, 4.579302787780762, 40.06837844848633, 8.655977249145508, 10.03744125366211, 5.762082099914551, 36.19819259643555, 25.17940902709961, 26.712678909301758, 18.122900009155273, 20.192363739013672, 30.644081115722656, 69.08863067626953, 27.340578079223633, 52.466888427734375, 40.490440368652344, 38.86073684692383, 13.635807037353516, 4.867421627044678, 37.60917663574219, 11.490350723266602, 33.203590393066406, 3.7496795654296875, 38.787818908691406, 29.163244247436523, 21.74755096435547, 21.815937042236328, 33.265357971191406, 28.46758270263672, 22.979206085205078, 15.5711030960083, 15.043990135192871, 2.4973464012145996, 15.151069641113281, 11.853673934936523, 1.4173638820648193, 34.503536224365234, 20.580760955810547, 22.87140655517578, 14.532978057861328, 1.383193850517273, 23.267824172973633, 1.729953408241272, 38.24382400512695, 8.060091972351074, 43.47007751464844, 23.988664627075195, 4.293390274047852, 5.8052144050598145, 26.228483200073242, 32.20936965942383, 3.09165096282959, 46.977317810058594, 6.413501739501953, 1.5743180513381958, 11.309493064880371, 17.83075523376465, 0.5141241550445557, 4.923520088195801, 1.7781167030334473, 5.999812126159668, 34.782230377197266, 13.346338272094727, 33.91904830932617, 13.854597091674805, 15.376011848449707, 12.696331024169922, 30.715768814086914, 12.968650817871094, 37.216495513916016, 11.895486831665039, 18.392736434936523, 20.860313415527344, 1.7271735668182373, 25.552471160888672, 12.064090728759766, 23.707544326782227, 43.456085205078125, 31.677701950073242, 21.9055233001709, 1.695478916168213, 43.87614440917969, 23.57193374633789, 2.891218662261963, 5.371610641479492, 35.065208435058594, 9.768433570861816, 21.769136428833008, 5.522890567779541, 55.644771575927734, 4.793791770935059, 5.150014877319336, 33.27239227294922, 17.374462127685547, 0.4265342652797699, 68.96778869628906, 14.067691802978516, 44.152870178222656, 14.986493110656738, 1.0087785720825195, 36.08027648925781, 4.05856990814209, 39.36488723754883, 24.677997589111328, 2.378579616546631, 16.687685012817383, 43.30034637451172, 26.751304626464844, 17.63378143310547, 4.492699146270752, 26.808000564575195, 26.812339782714844, 37.50831985473633, 17.227888107299805, 2.634326457977295, 24.32433319091797, 7.868545055389404, 24.777881622314453, 37.10850524902344, 20.37798500061035, 45.614967346191406, 26.224538803100586, 1.0616791248321533, 1.120315670967102, 14.305041313171387, 16.017946243286133, 9.55058479309082, 3.754518508911133, 30.002992630004883, 13.780195236206055, 9.851166725158691, 27.158676147460938, 1.8480170965194702, 23.58181381225586, 19.171836853027344, 22.268217086791992, 11.596972465515137, 14.895308494567871, 36.912689208984375, 3.550118923187256, 6.575995445251465, 12.13690185546875, 13.50033187866211, 11.040251731872559, 37.0313835144043, 1.2538092136383057, 4.325443267822266, 23.3527889251709, 24.32854652404785, 32.36088943481445, 34.095428466796875, 28.373130798339844, 20.666318893432617, 4.793340682983398, 33.792022705078125, 18.117769241333008, 30.059045791625977, 24.002073287963867, 20.726396560668945, 1.266303539276123, 22.251689910888672, 15.204898834228516, 15.65701675415039, 29.443403244018555, 29.034013748168945, 13.499151229858398, 29.660280227661133, 35.80522155761719, 33.74275207519531, 20.899436950683594, 4.593829154968262, 30.280038833618164, 15.641097068786621, 31.03995132446289, 23.94809341430664, 3.2380826473236084, 8.045823097229004, 31.324569702148438, 24.838573455810547, 29.640268325805664, 51.98484420776367, 20.38119125366211, 1.843080997467041, 26.495647430419922, 26.27092742919922, 25.832124710083008, 8.570944786071777, 23.762378692626953, 15.093565940856934, 3.573197364807129, 29.657453536987305, 25.89550018310547, 15.625263214111328, 35.07380676269531, 30.69995880126953, 13.304727554321289, 19.970600128173828, 8.48026180267334, 8.0924654006958, 33.350101470947266, 60.7720832824707, 6.32554817199707, 31.880605697631836, 19.22746467590332, 8.401762962341309, 23.260875701904297, 30.430997848510742, 12.545701026916504, 32.232093811035156, 2.2282509803771973, 13.940852165222168, 50.617130279541016, 6.923663139343262, 41.94294357299805, 40.28643798828125, 29.929357528686523, 1.2314460277557373, 33.68307876586914, 32.398250579833984, 18.675758361816406, 18.651172637939453, 1.8631213903427124, 13.29644775390625, 79.12008666992188, 8.28586196899414, 42.9341926574707, 36.59837341308594]",0.0,"[25.0, 22.0, 18.0, 18.0, 14.0, 14.75, 9.850000000000001, 9.649999999999999, 5.5, 0.0, 0.0, 0.0, 0.0, 0.9, 0.0, 7.2, 4.5, 0.0, 0.0, 0.0, 0.0, 0.0, 0.0, 0.0, 0.0, 0.0, 0.0, 0.0, 0.0, 0.0, 0.0, 0.0, 0.0, 0.0, 0.9, 0.0, 0.0, 0.0, 0.0, 0.0, 0.0, 0.0, 0.0, 0.0, 0.0, 0.0, 0.0, 0.0, 0.0, 0.0, 0.0, 0.0, 0.0, 0.0, 0.0, 0.0, 0.0, 0.0, 0.0, 0.0, 0.0, 0.0, 0.0, 0.0, 0.0, 0.0, 0.0, 0.0, 0.0, 0.0, 0.0, 0.0, 0.0, 0.0, 0.0, 0.0, 0.0, 0.0, 0.0, 0.0, 0.0, 0.0, 0.0, 3.6, 0.0, 0.0, 0.0, 0.0, 0.0, 0.0, 0.0, 0.0, 0.0, 0.0, 0.0, 0.0, 1.8, 0.0, 0.0, 0.0, 0.0, 0.0, 0.0, 0.0, 0.0, 0.0, 0.0, 0.0, 0.0, 0.0, 0.0, 0.0, 0.0, 0.0, 0.0, 0.0, 0.0, 0.0, 0.0, 0.0, 0.0, 0.0, 0.0, 0.0, 0.0, 0.0, 0.0, 0.0, 0.0, 0.0, 0.0, 0.0, 0.0, 0.0, 0.0, 0.9, 0.0, 0.0, 0.0, 0.0, 0.0, 0.0, 0.0, 0.0, 0.0, 0.0, 0.0, 0.0, 5.4, 0.0, 0.0, 0.0, 0.0, 0.0, 0.0, 0.0, 0.0, 0.0, 0.0, 0.0, 0.0, 0.0, 0.0, 0.0, 0.0, 0.0, 0.0, 0.0, 0.0, 0.0, 0.0, 0.0, 0.0, 0.0, 0.0, 0.0, 0.0, 0.0, 0.0, 0.0, 0.0, 0.0, 0.0, 0.0, 0.0, 0.0, 0.0, 0.0, 0.0, 0.0, 0.0, 0.0, 0.0, 0.0, 0.0, 0.0, 0.0, 7.2, 5.4, 2.7, 0.0, 0.0, 0.0, 0.0, 0.0, 0.0, 0.0, 0.0, 0.0, 0.0, 0.0, 0.0, 0.0, 0.0, 0.0, 0.0, 0.0, 0.0, 0.0, 0.0, 0.0, 0.0, 0.0, 0.0, 0.0, 0.0, 0.0, 0.0, 0.0, 0.0, 0.0, 0.0, 0.0, 0.0, 0.0, 0.0, 0.0, 0.0, 0.0, 0.0, 0.0, 0.0, 0.0, 0.0, 0.0, 0.0, 0.0, 0.0, 0.0, 0.0, 0.0, 0.0, 0.0, 0.0, 0.0, 0.0, 0.0, 0.0, 0.0, 0.0, 0.0, 0.0, 0.0, 0.0, 0.0, 0.0, 0.0, 0.0, 0.0, 0.0, 0.0, 0.0, 0.0, 0.0, 0.0, 0.0, 0.0, 0.0, 0.0, 0.0, 0.0, 0.0, 0.0, 0.0, 0.0]",COMPLETE
