,number,value,datetime_start,datetime_complete,duration,params_batch_size_scaler,params_constant_learning_rate,params_depth,params_epochs,params_kernel_l2,params_num_trees,params_temperature,user_attrs_accuracy_test,user_attrs_accuracy_valid,user_attrs_approximate_feature_sparsity,user_attrs_approximate_feature_sparsity_history,user_attrs_approximate_weight_sparsity,user_attrs_approximate_weight_sparsity_history,user_attrs_auc_test,user_attrs_auc_valid,user_attrs_feature_sparsity,user_attrs_feature_sparsity_history,user_attrs_num_epochs,user_attrs_val_loss_history,user_attrs_weight_sparsity,user_attrs_weight_sparsity_history,state
32,32,0.9295384575749379,2024-08-31 01:39:47.600758,2024-08-31 01:52:00.127781,0 days 00:12:12.527023,4,0.15017248068380074,6,475,0.0026528408108544375,68,0.06523864894046104,0.942,0.9375,33,"[33, 33, 33, 33, 33, 33, 33, 33, 33, 33, 33, 33, 33, 33, 33, 33, 33, 33, 33, 33, 33, 33, 33, 33, 33, 33, 33, 33, 33, 33, 33, 33, 33, 33, 33, 33, 33, 33, 33, 33, 33, 33, 33, 33, 33, 33, 33, 33, 33, 33, 33, 33, 33, 33, 33, 33, 33, 33, 33, 33, 33, 33, 33, 33, 33, 33, 33, 33, 33, 33, 33, 33, 33, 33, 33, 33, 33, 33, 33, 33, 33, 33, 33, 33, 33, 33, 33, 33, 33, 33, 33, 33, 33, 33, 33, 33, 33, 33, 33, 33, 33, 33, 33, 33, 33, 33, 33, 33, 33, 33, 33, 33, 33, 33, 33, 33, 33, 33, 33, 33, 33, 33, 33, 33, 33, 33, 33, 33, 33, 33, 33, 33, 33, 33, 33, 33, 33, 33, 33, 33, 33, 33, 33, 33, 33, 33, 33, 33, 33, 33, 33, 33, 33, 33, 33, 33, 33, 33, 33, 33, 33, 33, 33, 33, 33, 33, 33, 33, 33, 33, 33, 33, 33, 33, 33, 33, 33, 33, 33, 33, 33, 33, 33, 33, 33, 33, 33, 33, 33, 33, 33, 33, 33, 33, 33, 33, 33, 33, 33, 33, 33, 33, 33, 33, 33, 33, 33, 33, 33, 33, 33, 33, 33, 33, 33, 33, 33, 33, 33, 33, 33, 33, 33, 33, 33, 33, 33, 33, 33, 33, 33, 33, 33, 33, 33, 33, 33, 33, 33, 33, 33, 33, 33, 33, 33, 33, 33, 33, 33, 33, 33, 33, 33, 33, 33, 33, 33, 33, 33, 33, 33, 33, 33, 33, 33, 33, 33, 33, 33, 33, 33, 33, 33, 33, 33, 33, 33, 33, 33, 33, 33, 33, 33, 33, 33, 33, 33, 33, 33, 33, 33, 33, 33, 33, 33, 33, 33, 33, 33, 33, 33, 33, 33, 33, 33, 33, 33, 33, 33, 33, 33, 33, 33, 33, 33, 33, 33, 33, 33, 33, 33, 33, 33, 33, 33, 33, 33, 33, 33, 33, 33, 33, 33, 33, 33, 33, 33, 33, 33, 33, 33, 33, 33, 33, 33, 33, 33, 33, 33, 33, 33, 33, 33, 33, 33, 33, 33, 33, 33, 33, 33, 33, 33, 33, 33, 33, 33, 33, 33, 33, 33, 33, 33, 33, 33, 33, 33, 33, 33, 33, 33, 33, 33, 33, 33, 33, 33, 33, 33, 33, 33, 33, 33, 33, 33, 33, 33, 33, 33, 33, 33, 33, 33, 33, 33, 33, 33, 33, 33, 33, 33, 33, 33, 33, 33, 33, 33, 33, 33, 33, 33, 33, 33, 33, 33, 33, 33, 33, 33, 33, 33, 33, 33, 33, 33, 33, 33, 33, 33, 33, 33, 33, 33, 33, 33, 33, 33, 33, 33, 33, 33, 33, 33, 33, 33, 33, 33, 33, 33, 33, 33, 33, 33, 33, 33, 33, 33, 33, 33, 33, 33, 33, 33, 33, 33]",32.920634920634924,"[32.90896358543417, 32.912464985994404, 32.91573295985061, 32.914799253034545, 32.9187675070028, 32.9140989729225, 32.916900093370685, 32.91013071895425, 32.91760037348273, 32.916666666666664, 32.917366946778714, 32.91526610644258, 32.91526610644258, 32.92203548085901, 32.918067226890756, 32.914799253034545, 32.90826330532213, 32.90686274509804, 32.90639589169001, 32.91083099906629, 32.908496732026144, 32.91223155929038, 32.92040149393091, 32.92203548085901, 32.9124649859944, 32.91596638655462, 32.915499533146594, 32.91199813258637, 32.91970121381886, 32.914799253034545, 32.91456582633053, 32.91433239962652, 32.91316526610644, 32.91643323996265, 32.91596638655462, 32.92016806722689, 32.9234360410831, 32.918067226890756, 32.915032679738566, 32.913165266106446, 32.91386554621849, 32.91386554621849, 32.91596638655462, 32.90896358543417, 32.909897292250236, 32.908496732026144, 32.90826330532213, 32.91433239962652, 32.91666666666667, 32.917366946778714, 32.9171335200747, 32.91643323996265, 32.918067226890756, 32.91970121381886, 32.92460317460318, 32.91923436041083, 32.91946778711485, 32.91293183940243, 32.916199813258636, 32.916199813258636, 32.92063492063492, 32.918067226890756, 32.913165266106446, 32.91596638655462, 32.914799253034545, 32.92156862745098, 32.917366946778714, 32.91573295985061, 32.91013071895425, 32.91129785247432, 32.91573295985061, 32.914799253034545, 32.91386554621849, 32.91223155929038, 32.91573295985061, 32.91573295985061, 32.91643323996265, 32.91900093370682, 32.923202614379086, 32.92133520074697, 32.91830065359477, 32.91433239962652, 32.91946778711485, 32.913165266106446, 32.916900093370685, 32.92110177404295, 32.918534080298784, 32.91900093370682, 32.92133520074697, 32.923669467787114, 32.92110177404295, 32.918534080298784, 32.91970121381886, 32.92086834733894, 32.919234360410826, 32.92273576097106, 32.9264705882353, 32.91970121381886, 32.92016806722689, 32.92133520074697, 32.91760037348273, 32.920634920634924, 32.92133520074697, 32.91783380018674, 32.9171335200747, 32.91970121381886, 32.91970121381886, 32.92156862745098, 32.92203548085901, 32.91456582633053, 32.915499533146594, 32.92296918767507, 32.92390289449113, 32.92016806722689, 32.91900093370681, 32.91970121381886, 32.91783380018674, 32.91760037348273, 32.91643323996265, 32.91970121381886, 32.91970121381886, 32.925070028011206, 32.92670401493931, 32.92577030812325, 32.92203548085901, 32.917366946778714, 32.915032679738566, 32.9140989729225, 32.916666666666664, 32.920634920634924, 32.9171335200747, 32.92086834733894, 32.92133520074697, 32.921802054154995, 32.916900093370685, 32.916199813258636, 32.918534080298784, 32.91970121381886, 32.91970121381886, 32.91900093370681, 32.91223155929038, 32.91783380018674, 32.918067226890756, 32.91643323996265, 32.919234360410826, 32.9171335200747, 32.91573295985061, 32.91619981325864, 32.91456582633053, 32.91269841269841, 32.913632119514475, 32.915499533146594, 32.916666666666664, 32.917366946778714, 32.917366946778714, 32.91760037348273, 32.916900093370685, 32.917366946778714, 32.917366946778714, 32.919934640522875, 32.919934640522875, 32.916666666666664, 32.91783380018674, 32.92040149393091, 32.918767507002805, 32.915032679738566, 32.9171335200747, 32.92110177404295, 32.92156862745098, 32.91830065359477, 32.92063492063492, 32.91970121381886, 32.920168067226896, 32.91946778711484, 32.92390289449113, 32.92226890756302, 32.924369747899156, 32.92273576097106, 32.92110177404295, 32.91946778711485, 32.91760037348273, 32.916199813258636, 32.91690009337068, 32.91386554621849, 32.91526610644258, 32.91643323996265, 32.91760037348273, 32.91830065359477, 32.91596638655462, 32.916199813258636, 32.91386554621849, 32.91433239962652, 32.909663865546214, 32.910364145658264, 32.91223155929038, 32.91573295985061, 32.91573295985061, 32.913632119514475, 32.91293183940243, 32.91316526610644, 32.916199813258636, 32.913632119514475, 32.91433239962652, 32.91199813258637, 32.91199813258637, 32.91083099906629, 32.9124649859944, 32.9140989729225, 32.91456582633053, 32.91596638655462, 32.91760037348273, 32.91830065359477, 32.917366946778714, 32.91643323996265, 32.915499533146594, 32.91830065359478, 32.92063492063492, 32.921802054154995, 32.91760037348273, 32.921802054154995, 32.91760037348273, 32.91900093370681, 32.920634920634924, 32.91946778711485, 32.918534080298784, 32.91946778711485, 32.921802054154995, 32.92203548085901, 32.9234360410831, 32.92857142857143, 32.92717086834734, 32.92460317460318, 32.92413632119514, 32.9234360410831, 32.9234360410831, 32.92203548085901, 32.916199813258636, 32.9187675070028, 32.92203548085901, 32.92250233426704, 32.923669467787114, 32.92390289449113, 32.923202614379086, 32.921802054154995, 32.92156862745098, 32.91946778711485, 32.92156862745098, 32.92600373482726, 32.923669467787114, 32.92530345471522, 32.928104575163395, 32.92390289449113, 32.92203548085901, 32.92156862745098, 32.9234360410831, 32.92413632119514, 32.922502334267044, 32.920634920634924, 32.91970121381886, 32.918067226890756, 32.91853408029879, 32.91900093370682, 32.91830065359477, 32.91666666666667, 32.91760037348273, 32.92460317460318, 32.9234360410831, 32.92273576097106, 32.91970121381886, 32.92016806722689, 32.9187675070028, 32.916199813258636, 32.91690009337068, 32.91783380018674, 32.918534080298784, 32.92016806722689, 32.918767507002805, 32.91923436041083, 32.9204014939309, 32.921101774042945, 32.92250233426704, 32.91900093370682, 32.91666666666667, 32.91596638655462, 32.917366946778714, 32.91970121381886, 32.91783380018674, 32.9204014939309, 32.920634920634924, 32.92226890756302, 32.92250233426704, 32.923669467787114, 32.92600373482726, 32.9264705882353, 32.92413632119515, 32.923669467787114, 32.9234360410831, 32.92460317460318, 32.925536881419234, 32.92460317460318, 32.925770308123255, 32.92600373482727, 32.923902894491135, 32.923202614379086, 32.9234360410831, 32.92203548085901, 32.92203548085901, 32.923669467787114, 32.92577030812325, 32.92436974789916, 32.92390289449113, 32.925070028011206, 32.924369747899156, 32.923902894491135, 32.920634920634924, 32.92110177404295, 32.92250233426704, 32.92016806722689, 32.92273576097106, 32.92250233426704, 32.922502334267044, 32.91900093370682, 32.921802054154995, 32.923669467787114, 32.92296918767507, 32.9234360410831, 32.92156862745098, 32.92436974789916, 32.92530345471522, 32.92250233426704, 32.92390289449113, 32.92600373482726, 32.92436974789916, 32.92483660130719, 32.92436974789916, 32.92296918767507, 32.92040149393091, 32.92250233426704, 32.919934640522875, 32.91783380018674, 32.91923436041083, 32.921802054154995, 32.92086834733894, 32.92156862745098, 32.920634920634924, 32.91970121381886, 32.92203548085901, 32.920634920634924, 32.920634920634924, 32.92226890756302, 32.916900093370685, 32.91690009337068, 32.91760037348273, 32.918067226890756, 32.91946778711485, 32.91946778711484, 32.91970121381886, 32.923202614379086, 32.92577030812325, 32.92156862745098, 32.92226890756302, 32.92413632119514, 32.92156862745098, 32.92226890756302, 32.92460317460317, 32.924369747899156, 32.926704014939304, 32.92600373482726, 32.92483660130719, 32.92436974789916, 32.92647058823529, 32.926237161531276, 32.92903828197946, 32.925536881419234, 32.924369747899156, 32.922502334267044, 32.926237161531276, 32.92530345471522, 32.92623716153128, 32.9264705882353, 32.92600373482727, 32.92600373482726, 32.92740429505135, 32.928804855275445, 32.92833800186742, 32.925536881419234, 32.92530345471522, 32.9264705882353, 32.92460317460317, 32.92577030812325, 32.924369747899156, 32.92390289449113, 32.92296918767507, 32.92390289449113, 32.923202614379086, 32.92390289449113, 32.92250233426704, 32.921802054154995, 32.9187675070028, 32.919234360410826, 32.919934640522875, 32.92133520074697, 32.921101774042945, 32.92203548085901, 32.92040149393091, 32.916199813258636, 32.91783380018674, 32.91923436041083, 32.92040149393091, 32.91946778711485, 32.92086834733893, 32.92203548085901, 32.921802054154995, 32.92226890756302, 32.926237161531276, 32.923669467787114, 32.92390289449113, 32.922502334267044, 32.92133520074697, 32.92133520074697, 32.92203548085901, 32.92063492063492, 32.923669467787114, 32.925070028011206, 32.92296918767507, 32.9234360410831, 32.92413632119514, 32.92530345471522, 32.92670401493931, 32.926237161531276, 32.92647058823529, 32.92483660130719, 32.92390289449113, 32.92483660130719, 32.926237161531276, 32.92600373482726, 32.92717086834734, 32.92763772175537, 32.92787114845938, 32.92787114845938, 32.92787114845938, 32.928104575163395, 32.93020541549953, 32.930205415499536, 32.9297385620915, 32.92903828197946, 32.92577030812325, 32.92273576097106, 32.922502334267044, 32.92203548085901, 32.92296918767507, 32.92133520074697, 32.919234360410826, 32.921802054154995, 32.921802054154995, 32.921802054154995, 32.91970121381886, 32.91946778711485, 32.92016806722689, 32.921802054154995, 32.92110177404295, 32.92156862745098, 32.92226890756303, 32.919934640522875, 32.920634920634924, 32.919934640522875, 32.918534080298784, 32.917366946778714, 32.91830065359477, 32.91830065359477, 32.919234360410826, 32.91970121381886, 32.919934640522875, 32.92133520074697, 32.920634920634924]",0.9111617500144487,0.9295384575749379,33,"[33, 33, 33, 33, 33, 33, 33, 33, 33, 33, 33, 33, 33, 33, 33, 33, 33, 33, 33, 33, 33, 33, 33, 33, 33, 33, 33, 33, 33, 33, 33, 33, 33, 33, 33, 33, 33, 33, 33, 33, 33, 33, 33, 33, 33, 33, 33, 33, 33, 33, 33, 33, 33, 33, 33, 33, 33, 33, 33, 33, 33, 33, 33, 33, 33, 33, 33, 33, 33, 33, 33, 33, 33, 33, 33, 33, 33, 33, 33, 33, 33, 33, 33, 33, 33, 33, 33, 33, 33, 33, 33, 33, 33, 33, 33, 33, 33, 33, 33, 33, 33, 33, 33, 33, 33, 33, 33, 33, 33, 33, 33, 33, 33, 33, 33, 33, 33, 33, 33, 33, 33, 33, 33, 33, 33, 33, 33, 33, 33, 33, 33, 33, 33, 33, 33, 33, 33, 33, 33, 33, 33, 33, 33, 33, 33, 33, 33, 33, 33, 33, 33, 33, 33, 33, 33, 33, 33, 33, 33, 33, 33, 33, 33, 33, 33, 33, 33, 33, 33, 33, 33, 33, 33, 33, 33, 33, 33, 33, 33, 33, 33, 33, 33, 33, 33, 33, 33, 33, 33, 33, 33, 33, 33, 33, 33, 33, 33, 33, 33, 33, 33, 33, 33, 33, 33, 33, 33, 33, 33, 33, 33, 33, 33, 33, 33, 33, 33, 33, 33, 33, 33, 33, 33, 33, 33, 33, 33, 33, 33, 33, 33, 33, 33, 33, 33, 33, 33, 33, 33, 33, 33, 33, 33, 33, 33, 33, 33, 33, 33, 33, 33, 33, 33, 33, 33, 33, 33, 33, 33, 33, 33, 33, 33, 33, 33, 33, 33, 33, 33, 33, 33, 33, 33, 33, 33, 33, 33, 33, 33, 33, 33, 33, 33, 33, 33, 33, 33, 33, 33, 33, 33, 33, 33, 33, 33, 33, 33, 33, 33, 33, 33, 33, 33, 33, 33, 33, 33, 33, 33, 33, 33, 33, 33, 33, 33, 33, 33, 33, 33, 33, 33, 33, 33, 33, 33, 33, 33, 33, 33, 33, 33, 33, 33, 33, 33, 33, 33, 33, 33, 33, 33, 33, 33, 33, 33, 33, 33, 33, 33, 33, 33, 33, 33, 33, 33, 33, 33, 33, 33, 33, 33, 33, 33, 33, 33, 33, 33, 33, 33, 33, 33, 33, 33, 33, 33, 33, 33, 33, 33, 33, 33, 33, 33, 33, 33, 33, 33, 33, 33, 33, 33, 33, 33, 33, 33, 33, 33, 33, 33, 33, 33, 33, 33, 33, 33, 33, 33, 33, 33, 33, 33, 33, 33, 33, 33, 33, 33, 33, 33, 33, 33, 33, 33, 33, 33, 33, 33, 33, 33, 33, 33, 33, 33, 33, 33, 33, 33, 33, 33, 33, 33, 33, 33, 33, 33, 33, 33, 33, 33, 33, 33, 33, 33, 33, 33, 33, 33, 33, 33, 33, 33, 33, 33, 33, 33, 33, 33, 33, 33, 33, 33, 33, 33, 33, 33]",475,"[0.3972381353378296, 0.390921026468277, 0.38557857275009155, 0.38183823227882385, 0.3786238729953766, 0.37566298246383667, 0.3734017312526703, 0.3716689646244049, 0.3697763681411743, 0.36856797337532043, 0.3669157028198242, 0.3657025098800659, 0.3642594814300537, 0.36300206184387207, 0.3618040382862091, 0.3606993556022644, 0.3595725893974304, 0.3584018051624298, 0.35731592774391174, 0.3561627268791199, 0.3550538122653961, 0.3540569543838501, 0.3530365228652954, 0.35182827711105347, 0.35073575377464294, 0.34953558444976807, 0.34853485226631165, 0.34734049439430237, 0.3462359309196472, 0.3453841805458069, 0.34402966499328613, 0.3429352045059204, 0.3419008255004883, 0.34068000316619873, 0.33956006169319153, 0.33848026394844055, 0.3373936712741852, 0.33644843101501465, 0.3350420296192169, 0.3336712121963501, 0.332494854927063, 0.3313850164413452, 0.33022353053092957, 0.3290552496910095, 0.32765188813209534, 0.3266109526157379, 0.3252636194229126, 0.3238459825515747, 0.3224033713340759, 0.3210931718349457, 0.319620817899704, 0.3182772397994995, 0.31673216819763184, 0.31544026732444763, 0.31406956911087036, 0.31252896785736084, 0.31096017360687256, 0.3093051016330719, 0.30771639943122864, 0.30640947818756104, 0.3049417734146118, 0.3034864664077759, 0.3014923632144928, 0.2995951175689697, 0.29859527945518494, 0.29669150710105896, 0.2948472499847412, 0.293086975812912, 0.2915668785572052, 0.28965121507644653, 0.288159042596817, 0.28637704253196716, 0.284758061170578, 0.2832963466644287, 0.2815699279308319, 0.27993789315223694, 0.27842089533805847, 0.27699577808380127, 0.2754170000553131, 0.27409419417381287, 0.27277809381484985, 0.2713027000427246, 0.26995915174484253, 0.2686646580696106, 0.267327219247818, 0.26613202691078186, 0.2647710144519806, 0.2638222277164459, 0.26277950406074524, 0.2615813910961151, 0.2603219449520111, 0.2591279149055481, 0.2579812705516815, 0.25701090693473816, 0.25629422068595886, 0.25500425696372986, 0.2540450990200043, 0.2531700134277344, 0.25248971581459045, 0.25125065445899963, 0.25037312507629395, 0.24949400126934052, 0.2491239607334137, 0.2478417456150055, 0.2473306506872177, 0.24623911082744598, 0.24560585618019104, 0.24484333395957947, 0.24398240447044373, 0.24346694350242615, 0.2427479326725006, 0.24214377999305725, 0.24115826189517975, 0.24028484523296356, 0.24007543921470642, 0.23894938826560974, 0.23831042647361755, 0.2374216616153717, 0.2368296980857849, 0.2368418574333191, 0.23547935485839844, 0.23502294719219208, 0.2344416379928589, 0.23364251852035522, 0.2330821007490158, 0.2325410395860672, 0.2318629026412964, 0.23095282912254333, 0.23117125034332275, 0.2298772931098938, 0.22930286824703217, 0.22938628494739532, 0.22836598753929138, 0.22769206762313843, 0.22691579163074493, 0.22658640146255493, 0.22580386698246002, 0.22562092542648315, 0.2250743806362152, 0.22470247745513916, 0.22383756935596466, 0.22357624769210815, 0.22296489775180817, 0.22245782613754272, 0.22179681062698364, 0.22199392318725586, 0.22094924747943878, 0.2205827534198761, 0.22028131783008575, 0.22002306580543518, 0.21915142238140106, 0.21861033141613007, 0.21808665990829468, 0.21826671063899994, 0.2176012396812439, 0.21672505140304565, 0.2167373150587082, 0.21586400270462036, 0.21563732624053955, 0.21508972346782684, 0.21476773917675018, 0.2147809863090515, 0.21408532559871674, 0.2134716659784317, 0.2132684737443924, 0.21247753500938416, 0.21266260743141174, 0.2126205861568451, 0.2119094878435135, 0.21153350174427032, 0.21103784441947937, 0.21058490872383118, 0.2106926143169403, 0.20994548499584198, 0.20961391925811768, 0.20930366218090057, 0.20891334116458893, 0.20824302732944489, 0.20815163850784302, 0.20780980587005615, 0.20776686072349548, 0.20819416642189026, 0.20726278424263, 0.20716260373592377, 0.20680327713489532, 0.20641864836215973, 0.20646703243255615, 0.20615814626216888, 0.20607267320156097, 0.20580989122390747, 0.2057822197675705, 0.2044813334941864, 0.20410403609275818, 0.20446278154850006, 0.20393793284893036, 0.2036280632019043, 0.20317260921001434, 0.2041511982679367, 0.20288623869419098, 0.2028658539056778, 0.20236259698867798, 0.20193420350551605, 0.201510488986969, 0.2012118548154831, 0.2010263204574585, 0.2005729228258133, 0.20047418773174286, 0.20073571801185608, 0.20070980489253998, 0.20081493258476257, 0.19993646442890167, 0.20048761367797852, 0.1994195133447647, 0.19950641691684723, 0.19924700260162354, 0.198933407664299, 0.1989382952451706, 0.20052094757556915, 0.19904686510562897, 0.1987960934638977, 0.19853496551513672, 0.19815506041049957, 0.1980179399251938, 0.19786690175533295, 0.19702734053134918, 0.19688566029071808, 0.19726623594760895, 0.19689442217350006, 0.19630874693393707, 0.19733980298042297, 0.19581541419029236, 0.19628584384918213, 0.19635288417339325, 0.196116104722023, 0.19578659534454346, 0.19584572315216064, 0.19612468779087067, 0.19502857327461243, 0.19535134732723236, 0.19557924568653107, 0.1941925585269928, 0.19623027741909027, 0.19526326656341553, 0.1938101351261139, 0.19382722675800323, 0.1947893649339676, 0.19341236352920532, 0.1942429542541504, 0.19344156980514526, 0.19447536766529083, 0.1937382072210312, 0.1945633888244629, 0.1930694729089737, 0.1932113766670227, 0.1940346211194992, 0.19355405867099762, 0.1930471658706665, 0.1919364184141159, 0.19338545203208923, 0.1931905746459961, 0.1921585649251938, 0.19320081174373627, 0.19290004670619965, 0.1919279545545578, 0.1916312277317047, 0.19170503318309784, 0.19195875525474548, 0.19239379465579987, 0.19171413779258728, 0.19191597402095795, 0.1905875951051712, 0.1914564073085785, 0.19065821170806885, 0.19135987758636475, 0.19017282128334045, 0.190404012799263, 0.19108781218528748, 0.1914287805557251, 0.19030332565307617, 0.189536914229393, 0.1904488503932953, 0.1896318793296814, 0.1896456778049469, 0.19024106860160828, 0.1895010620355606, 0.18998710811138153, 0.1906033754348755, 0.1894969493150711, 0.18946002423763275, 0.18907582759857178, 0.18888543546199799, 0.18902406096458435, 0.18889343738555908, 0.18793843686580658, 0.18877089023590088, 0.1874183863401413, 0.1884997934103012, 0.18849848210811615, 0.18771861493587494, 0.18709774315357208, 0.18797904253005981, 0.18751798570156097, 0.188759446144104, 0.187517449259758, 0.1875496357679367, 0.18804290890693665, 0.18750935792922974, 0.18770460784435272, 0.1868956983089447, 0.18847759068012238, 0.18696802854537964, 0.18718326091766357, 0.18575391173362732, 0.1867300420999527, 0.18646253645420074, 0.18649137020111084, 0.1859380602836609, 0.185888409614563, 0.1871965229511261, 0.1858394294977188, 0.18471303582191467, 0.18476338684558868, 0.1854802966117859, 0.1852581650018692, 0.18555589020252228, 0.1847616732120514, 0.18393057584762573, 0.18447217345237732, 0.18570443987846375, 0.18525686860084534, 0.18533562123775482, 0.18350893259048462, 0.18519216775894165, 0.18460394442081451, 0.1838615983724594, 0.1831391155719757, 0.1833333969116211, 0.18395742774009705, 0.18445058166980743, 0.1829148828983307, 0.1835743933916092, 0.18238891661167145, 0.1824415624141693, 0.18237565457820892, 0.18232831358909607, 0.1836111694574356, 0.1820407658815384, 0.1827203929424286, 0.18237552046775818, 0.1814788281917572, 0.18147572875022888, 0.18183231353759766, 0.18308863043785095, 0.182721808552742, 0.18195143342018127, 0.18178753554821014, 0.18150651454925537, 0.18137848377227783, 0.18270054459571838, 0.18166765570640564, 0.1813543736934662, 0.18151625990867615, 0.182368203997612, 0.18151526153087616, 0.18050949275493622, 0.18264731764793396, 0.18111683428287506, 0.18196038901805878, 0.1811252385377884, 0.18078874051570892, 0.1821502149105072, 0.18107835948467255, 0.18183113634586334, 0.1808396726846695, 0.18093454837799072, 0.18047188222408295, 0.17963223159313202, 0.18092085421085358, 0.18059496581554413, 0.18099094927310944, 0.18148218095302582, 0.1822201907634735, 0.18203654885292053, 0.1818058043718338, 0.18160276114940643, 0.18147827684879303, 0.18014463782310486, 0.18135662376880646, 0.1794261336326599, 0.17953339219093323, 0.17949533462524414, 0.1785511076450348, 0.18130581080913544, 0.17971347272396088, 0.18017122149467468, 0.1796029806137085, 0.179600924