,number,value,datetime_start,datetime_complete,duration,params_batch_size_scaler,params_constant_learning_rate,params_depth,params_epochs,params_kernel_l2,params_num_trees,params_temperature,user_attrs_accuracy_test,user_attrs_accuracy_valid,user_attrs_approximate_feature_sparsity,user_attrs_approximate_feature_sparsity_history,user_attrs_approximate_weight_sparsity,user_attrs_approximate_weight_sparsity_history,user_attrs_auc_test,user_attrs_auc_valid,user_attrs_feature_sparsity,user_attrs_feature_sparsity_history,user_attrs_num_epochs,user_attrs_val_loss_history,user_attrs_weight_sparsity,user_attrs_weight_sparsity_history,state
87,87,0.5,2024-08-31 03:56:41.925393,2024-08-31 03:57:23.471785,0 days 00:00:41.546392,16,0.17626708559849558,2,195,0.6715001641973275,50,0.005587278327479318,0.859,0.85875,0,"[33, 33, 33, 33, 33, 33, 33, 33, 33, 33, 33, 33, 33, 33, 33, 33, 30, 24, 11, 6, 6, 4, 4, 3, 3, 3, 2, 2, 1, 1, 1, 1, 1, 1, 1, 1, 1, 1, 1, 1, 1, 1, 1, 1, 1, 1, 1, 1, 1, 1, 1, 1, 1, 1, 1, 1, 1, 1, 1, 1, 1, 1, 1, 1, 1, 1, 1, 1, 1, 1, 1, 1, 1, 1, 1, 1, 1, 1, 1, 1, 1, 1, 1, 1, 1, 1, 1, 1, 1, 1, 1, 1, 1, 1, 1, 1, 1, 1, 1, 1, 1, 1, 1, 1, 1, 1, 1, 1, 1, 1, 1, 1, 1, 1, 1, 1, 1, 1, 1, 1, 1, 1, 1, 1, 1, 1, 1, 1, 1, 1, 1, 1, 1, 1, 1, 1, 1, 1, 1, 1, 1, 1, 1, 1, 1, 1, 1, 1, 1, 1, 1, 1, 1, 1, 1, 1, 1, 1, 1, 1, 1, 1, 1, 1, 1, 1, 1, 1, 1, 1, 1, 1, 1, 1, 1, 1, 1, 1, 1, 1, 1, 1, 1, 1, 1, 1, 1, 0, 0, 0, 0, 0, 0, 0, 0]",0.0,"[32.99333333333333, 32.97333333333333, 32.98, 32.986666666666665, 32.96666666666667, 32.96666666666667, 32.973333333333336, 32.96666666666667, 32.96666666666667, 32.97333333333333, 32.96666666666667, 32.96666666666667, 32.96666666666667, 32.94, 32.95333333333333, 32.98, 29.973333333333333, 23.96666666666667, 10.993333333333332, 5.993333333333333, 5.993333333333333, 4.0, 3.993333333333333, 2.993333333333333, 3.0, 3.0, 1.9933333333333332, 2.0, 0.9933333333333333, 1.0, 0.9933333333333333, 1.0, 1.0, 1.0, 1.0, 1.0, 1.0, 1.0, 1.0, 1.0, 1.0, 1.0, 1.0, 1.0, 0.9866666666666667, 1.0, 1.0, 1.0, 0.9933333333333333, 1.0, 1.0, 1.0, 1.0, 1.0, 1.0, 1.0, 0.9933333333333333, 1.0, 1.0, 1.0, 1.0, 1.0, 1.0, 1.0, 1.0, 1.0, 1.0, 1.0, 1.0, 1.0, 1.0, 1.0, 1.0, 1.0, 1.0, 1.0, 1.0, 0.9866666666666667, 0.9933333333333333, 1.0, 1.0, 1.0, 1.0, 1.0, 1.0, 1.0, 1.0, 1.0, 1.0, 1.0, 1.0, 1.0, 1.0, 0.9933333333333333, 0.9933333333333333, 0.9933333333333333, 0.9933333333333333, 0.9933333333333333, 0.9933333333333333, 0.9933333333333333, 0.9933333333333333, 1.0, 1.0, 1.0, 1.0, 1.0, 1.0, 1.0, 1.0, 1.0, 1.0, 1.0, 1.0, 1.0, 0.9933333333333333, 1.0, 1.0, 1.0, 1.0, 1.0, 1.0, 1.0, 1.0, 0.9933333333333333, 1.0, 1.0, 1.0, 1.0, 1.0, 1.0, 1.0, 1.0, 1.0, 1.0, 1.0, 1.0, 1.0, 1.0, 1.0, 1.0, 1.0, 1.0, 1.0, 1.0, 1.0, 1.0, 1.0, 1.0, 1.0, 1.0, 1.0, 1.0, 1.0, 1.0, 1.0, 1.0, 1.0, 1.0, 1.0, 1.0, 1.0, 1.0, 1.0, 1.0, 1.0, 1.0, 1.0, 1.0, 1.0, 0.9933333333333333, 0.9933333333333333, 0.9933333333333333, 0.9933333333333333, 0.9933333333333333, 1.0, 1.0, 1.0, 1.0, 1.0, 1.0, 1.0, 1.0, 1.0, 1.0, 1.0, 1.0, 1.0, 0.0, 0.0, 0.0, 0.0, 0.0, 0.0, 0.0, 0.0]",0.5,0.5,0,"[33, 33, 33, 33, 33, 33, 33, 33, 33, 33, 33, 33, 33, 33, 33, 33, 30, 24, 11, 6, 6, 4, 4, 3, 3, 3, 2, 2, 1, 1, 1, 1, 1, 1, 1, 1, 1, 1, 1, 1, 1, 1, 1, 1, 1, 1, 1, 1, 1, 1, 1, 1, 1, 1, 1, 1, 1, 1, 1, 1, 1, 1, 1, 1, 1, 1, 1, 1, 1, 1, 1, 1, 1, 1, 1, 1, 1, 1, 1, 1, 1, 1, 1, 1, 1, 1, 1, 1, 1, 1, 1, 1, 1, 1, 1, 1, 1, 1, 1, 1, 1, 1, 1, 1, 1, 1, 1, 1, 1, 1, 1, 1, 1, 1, 1, 1, 1, 1, 1, 1, 1, 1, 1, 1, 1, 1, 1, 1, 1, 1, 1, 1, 1, 1, 1, 1, 1, 1, 1, 1, 1, 1, 1, 1, 1, 1, 1, 1, 1, 1, 1, 1, 1, 1, 1, 1, 1, 1, 1, 1, 1, 1, 1, 1, 1, 1, 1, 1, 1, 1, 1, 1, 1, 1, 1, 1, 1, 1, 1, 1, 1, 1, 1, 1, 1, 1, 1, 0, 0, 0, 0, 0, 0, 0, 0]",195,"[0.6297353506088257, 0.6106594204902649, 0.5968447923660278, 0.5871284604072571, 0.570860743522644, 0.5614095330238342, 0.5520398616790771, 0.5423517823219299, 0.5359848141670227, 0.5243999361991882, 0.5167801976203918, 0.5089772939682007, 0.504832923412323, 0.4945204555988312, 0.48861512541770935, 0.48182377219200134, 0.4661102294921875, 0.43871331214904785, 0.3985000252723694, 0.3871992826461792, 0.387607216835022, 0.38508811593055725, 0.38454684615135193, 0.3865015506744385, 0.38408705592155457, 0.3832065165042877, 0.3856993615627289, 0.3894338607788086, 0.3984549343585968, 0.40129780769348145, 0.4038996994495392, 0.4006422162055969, 0.39622920751571655, 0.3964730501174927, 0.39636239409446716, 0.3961353003978729, 0.39587080478668213, 0.39495566487312317, 0.39474135637283325, 0.3950396776199341, 0.39511603116989136, 0.3943876326084137, 0.3955731987953186, 0.39396530389785767, 0.3938188850879669, 0.3948371112346649, 0.3939267694950104, 0.39539265632629395, 0.3972169756889343, 0.39404919743537903, 0.39416417479515076, 0.39328858256340027, 0.39512765407562256, 0.3938921391963959, 0.39474526047706604, 0.3982233703136444, 0.39261189103126526, 0.39260751008987427, 0.39245614409446716, 0.3927265405654907, 0.39293932914733887, 0.39373642206192017, 0.3944094181060791, 0.3922278583049774, 0.3925943672657013, 0.3943808376789093, 0.39202553033828735, 0.39209064841270447, 0.39424511790275574, 0.39301377534866333, 0.39180079102516174, 0.39290058612823486, 0.39334097504615784, 0.39170923829078674, 0.3916793167591095, 0.39184561371803284, 0.39178386330604553, 0.3914928138256073, 0.39590567350387573, 0.39307811856269836, 0.3915356397628784, 0.39168354868888855, 0.3928665518760681, 0.39214038848876953, 0.39200687408447266, 0.3912944793701172, 0.39375731348991394, 0.39623767137527466, 0.3924292027950287, 0.3914712071418762, 0.39113810658454895, 0.40494152903556824, 0.39393094182014465, 0.39293262362480164, 0.39228394627571106, 0.39163509011268616, 0.39403846859931946, 0.392313688993454, 0.3923952877521515, 0.390962153673172, 0.39122313261032104, 0.3908974826335907, 0.39063045382499695, 0.39395278692245483, 0.3906034827232361, 0.3922342360019684, 0.39049065113067627, 0.39087581634521484, 0.3907407522201538, 0.3924531638622284, 0.3904355764389038, 0.3928150534629822, 0.39160460233688354, 0.3905749022960663, 0.3909805417060852, 0.3902360796928406, 0.3903232514858246, 0.3901873528957367, 0.3908538520336151, 0.39061519503593445, 0.3965415060520172, 0.39018723368644714, 0.39352890849113464, 0.3915826082229614, 0.391391396522522, 0.3919021487236023, 0.3900741636753082, 0.39002108573913574, 0.39135128259658813, 0.39063534140586853, 0.3905826210975647, 0.39111149311065674, 0.39167067408561707, 0.39040374755859375, 0.39026474952697754, 0.39024674892425537, 0.390730082988739, 0.39017295837402344, 0.38984447717666626, 0.38971978425979614, 0.3896879255771637, 0.38986507058143616, 0.3898296058177948, 0.39153966307640076, 0.3933532238006592, 0.3897489905357361, 0.3899274170398712, 0.3895862102508545, 0.38967835903167725, 0.38965216279029846, 0.3918948769569397, 0.3895151615142822, 0.39215201139450073, 0.38986924290657043, 0.38968920707702637, 0.3930089473724365, 0.38953879475593567, 0.3909520208835602, 0.3893757164478302, 0.38976314663887024, 0.38939499855041504, 0.3907015323638916, 0.38934269547462463, 0.3893459737300873, 0.38928353786468506, 0.3897503912448883, 0.38939595222473145, 0.3905307352542877, 0.38920965790748596, 0.3893567621707916, 0.38945746421813965, 0.38915959000587463, 0.3972248435020447, 0.39077502489089966, 0.389140784740448, 0.3891719877719879, 0.391224205493927, 0.3978167474269867, 0.3890525698661804, 0.38915693759918213, 0.3891269266605377, 0.3889917731285095, 0.3898938000202179, 0.38987982273101807, 0.39983808994293213, 0.3914295434951782, 0.3896007835865021, 0.4087945520877838, 0.40803954005241394, 0.4072784185409546, 0.4085685610771179, 0.40722671151161194, 0.4079546332359314, 0.40724417567253113, 0.4081782400608063]",0.0,"[33.0, 33.0, 33.0, 33.0, 33.0, 33.0, 33.0, 33.0, 33.0, 33.0, 33.0, 33.0, 33.0, 33.0, 33.0, 33.0, 30.0, 24.0, 11.0, 6.0, 6.0, 4.0, 4.0, 3.0, 3.0, 3.0, 2.0, 2.0, 1.0, 1.0, 1.0, 1.0, 1.0, 1.0, 1.0, 1.0, 1.0, 1.0, 1.0, 1.0, 1.0, 1.0, 1.0, 1.0, 1.0, 1.0, 1.0, 1.0, 1.0, 1.0, 1.0, 1.0, 1.0, 1.0, 1.0, 1.0, 1.0, 1.0, 1.0, 1.0, 1.0, 1.0, 1.0, 1.0, 1.0, 1.0, 1.0, 1.0, 1.0, 1.0, 1.0, 1.0, 1.0, 1.0, 1.0, 1.0, 1.0, 1.0, 1.0, 1.0, 1.0, 1.0, 1.0, 1.0, 1.0, 1.0, 1.0, 1.0, 1.0, 1.0, 1.0, 1.0, 1.0, 1.0, 1.0, 1.0, 1.0, 1.0, 1.0, 1.0, 1.0, 1.0, 1.0, 1.0, 1.0, 1.0, 1.0, 1.0, 1.0, 1.0, 1.0, 1.0, 1.0, 1.0, 1.0, 1.0, 1.0, 1.0, 1.0, 1.0, 1.0, 1.0, 1.0, 1.0, 1.0, 1.0, 1.0, 1.0, 1.0, 1.0, 1.0, 1.0, 1.0, 1.0, 1.0, 1.0, 1.0, 1.0, 1.0, 1.0, 1.0, 1.0, 1.0, 1.0, 1.0, 1.0, 1.0, 1.0, 1.0, 1.0, 1.0, 1.0, 1.0, 1.0, 1.0, 1.0, 1.0, 1.0, 1.0, 1.0, 1.0, 1.0, 1.0, 1.0, 1.0, 1.0, 1.0, 1.0, 1.0, 1.0, 1.0, 1.0, 1.0, 1.0, 1.0, 1.0, 1.0, 1.0, 1.0, 1.0, 1.0, 1.0, 1.0, 1.0, 1.0, 1.0, 1.0, 0.0, 0.0, 0.0, 0.0, 0.0, 0.0, 0.0, 0.0]",COMPLETE
88,88,0.9321662737823807,2024-08-31 03:57:26.649727,2024-08-31 03:59:20.028201,0 days 00:01:53.378474,1,0.04497458000409539,2,115,0.006920285618805031,97,0.00012065329228442243,0.946,0.94625,33,"[33, 33, 33, 33, 33, 33, 33, 33, 33, 33, 33, 33, 33, 33, 33, 33, 33, 33, 33, 33, 33, 33, 33, 33, 33, 33, 33, 33, 33, 33, 33, 33, 33, 33, 33, 33, 33, 33, 33, 33, 33, 33, 33, 33, 33, 33, 33, 33, 33, 33, 33, 33, 33, 33, 33, 33, 33, 33, 33, 33, 33, 33, 33, 33, 33, 33, 33, 33, 33, 33, 33, 33, 33, 33, 33, 33, 33, 33, 33, 33, 33, 33, 33, 33, 33, 33, 33, 33, 33, 33, 33, 33, 33, 33, 33, 33, 33, 33, 33, 33, 33, 33, 33, 33, 33, 33, 33, 33, 33, 33, 33, 33, 33, 33, 33]",32.98969072164948,"[32.95876288659794, 32.97938144329897, 32.96907216494846, 32.95876288659794, 32.96907216494846, 32.96907216494846, 32.97250859106529, 32.9553264604811, 32.95876288659794, 32.96907216494846, 32.97938144329897, 32.97250859106529, 32.98281786941581, 32.97250859106529, 32.97594501718213, 32.97938144329897, 32.96219931271477, 32.97250859106529, 32.97594501718213, 32.97594501718213, 32.97938144329897, 32.97250859106529, 32.965635738831615, 32.965635738831615, 32.96907216494846, 32.9553264604811, 32.97594501718213, 32.97594501718213, 32.97594501718213, 32.97594501718213, 32.96907216494846, 32.97938144329897, 32.95876288659794, 32.96907216494846, 32.97594501718213, 32.96907216494846, 32.97938144329897, 32.97938144329897, 32.97594501718213, 32.96907216494846, 32.95189003436426, 32.95876288659794, 32.97250859106529, 32.96219931271477, 32.97938144329897, 32.9553264604811, 32.96907216494846, 32.97938144329897, 32.97250859106529, 32.98281786941581, 32.965635738831615, 32.965635738831615, 32.97250859106529, 32.98969072164948, 32.97938144329897, 32.96907216494846, 32.98281786941581, 32.97938144329897, 32.97938144329897, 32.98281786941581, 32.986254295532646, 32.98281786941581, 32.98281786941581, 32.97594501718213, 32.98281786941581, 32.97250859106529, 32.986254295532646, 32.965635738831615, 32.986254295532646, 32.965635738831615, 32.97594501718213, 32.97594501718213, 32.97250859106529, 32.97250859106529, 32.965635738831615, 32.97250859106529, 32.95876288659794, 32.965635738831615, 32.96907216494846, 32.97250859106529, 32.96907216494846, 32.97594501718213, 32.96907216494846, 32.986254295532646, 32.97250859106529, 32.97938144329897, 32.965635738831615, 32.95189003436426, 32.96907216494846, 32.96219931271477, 32.96219931271477, 32.986254295532646, 32.97250859106529, 32.97938144329897, 32.97250859106529, 32.96907216494846, 32.97594501718213, 32.965635738831615, 32.98281786941581, 32.97250859106529, 32.986254295532646, 32.97938144329897, 32.97594501718213, 32.986254295532646, 32.98969072164948, 32.965635738831615, 32.98281786941581, 32.97250859106529, 32.96907216494846, 32.97594501718213, 32.98969072164948, 32.98281786941581, 32.97938144329897, 32.97938144329897, 32.98969072164948]",0.9169081646975289,0.9321662737823807,33,"[33, 33, 33, 33, 33, 33, 33, 33, 33, 33, 33, 33, 33, 33, 33, 33, 33, 33, 33, 33, 33, 33, 33, 33, 33, 33, 33, 33, 33, 33, 33, 33, 33, 33, 33, 33, 33, 33, 33, 33, 33, 33, 33, 33, 33, 33, 33, 33, 33, 33, 33, 33, 33, 33, 33, 33, 33, 33, 33, 33, 33, 33, 33, 33, 33, 33, 33, 33, 33, 33, 33, 33, 33, 33, 33, 33, 33, 33, 33, 33, 33, 33, 33, 33, 33, 33, 33, 33, 33, 33, 33, 33, 33, 33, 33, 33, 33, 33, 33, 33, 33, 33, 33, 33, 33, 33, 33, 33, 33, 33, 33, 33, 33, 33, 33]",115,"[0.374083936214447, 0.3657131493091583, 0.3612273037433624, 0.3502577543258667, 0.34520721435546875, 0.3376845419406891, 0.33278536796569824, 0.3261614143848419, 0.322694331407547, 0.32183822989463806, 0.31990954279899597, 0.3088545501232147, 0.299776166677475, 0.2947743833065033, 0.29124870896339417, 0.28090572357177734, 0.27657362818717957, 0.2839108407497406, 0.26354333758354187, 0.26046183705329895, 0.25876426696777344, 0.25323939323425293, 0.24908530712127686, 0.24357357621192932, 0.23942424356937408, 0.2392565757036209, 0.2449389398097992, 0.2310679405927658, 0.23255693912506104, 0.22886870801448822, 0.23174919188022614, 0.22532552480697632, 0.22460611164569855, 0.22545801103115082, 0.21979950368404388, 0.21915441751480103, 0.21905454993247986, 0.2200547158718109, 0.2178839147090912, 0.21815386414527893, 0.21726548671722412, 0.21125751733779907, 0.21219700574874878, 0.21194735169410706, 0.2192113846540451, 0.20480746030807495, 0.21262222528457642, 0.20609325170516968, 0.20299570262432098, 0.20271411538124084, 0.2025270015001297, 0.20112745463848114, 0.20044168829917908, 0.20123407244682312, 0.20273377001285553, 0.20343570411205292, 0.20621982216835022, 0.20107772946357727, 0.20294740796089172, 0.20120784640312195, 0.20625793933868408, 0.1979634314775467, 0.1988888382911682, 0.19756758213043213, 0.19751223921775818, 0.2133413553237915, 0.19705887138843536, 0.19836574792861938, 0.19227571785449982, 0.1945173442363739, 0.19210350513458252, 0.19568516314029694, 0.19461990892887115, 0.19086892902851105, 0.19444678723812103, 0.19253090023994446, 0.19147858023643494, 0.1883937120437622, 0.19683218002319336, 0.19153909385204315, 0.18877848982810974, 0.19372917711734772, 0.19104862213134766, 0.18760733306407928, 0.18903173506259918, 0.19814929366111755, 0.1883704513311386, 0.19690480828285217, 0.19419163465499878, 0.18864509463310242, 0.18828964233398438, 0.1851508468389511, 0.18293945491313934, 0.18532325327396393, 0.19113606214523315, 0.18449264764785767, 0.18559212982654572, 0.18467240035533905, 0.19029682874679565, 0.19829325377941132, 0.18851186335086823, 0.1851378232240677, 0.18708045780658722, 0.1834745854139328, 0.1890011727809906, 0.18486528098583221, 0.19237370789051056, 0.18148986995220184, 0.18511907756328583, 0.18425089120864868, 0.18732154369354248, 0.1829686164855957, 0.18438245356082916, 0.18251417577266693, 0.17927348613739014]",33.0,"[33.0, 33.0, 33.0, 33.0, 33.0, 33.0, 33.0, 33.0, 33.0, 33.0, 33.0, 33.0, 33.0, 33.0, 33.0, 33.0, 33.0, 33.0, 33.0, 33.0, 33.0, 33.0, 33.0, 33.0, 33.0, 33.0, 33.0, 33.0, 33.0, 33.0, 33.0, 33.0, 33.0, 33.0, 33.0, 33.0, 33.0, 33.0, 33.0, 33.0, 33.0, 33.0, 33.0, 33.0, 33.0, 33.0, 33.0, 33.0, 33.0, 33.0, 33.0, 33.0, 33.0, 33.0, 33.0, 33.0, 33.0, 33.0, 33.0, 33.0, 33.0, 33.0, 33.0, 33.0, 33.0, 33.0, 33.0, 33.0, 33.0, 33.0, 33.0, 33.0, 33.0, 33.0, 33.0, 33.0, 33.0, 33.0, 33.0, 33.0, 33.0, 33.0, 33.0, 33.0, 33.0, 33.0, 33.0, 33.0, 33.0, 33.0, 33.0, 33.0, 33.0, 33.0, 33.0, 33.0, 33.0, 33.0, 33.0, 33.0, 33.0, 33.0, 33.0, 33.0, 33.0, 33.0, 33.0, 33.0, 33.0, 33.0, 33.0, 33.0, 33.0, 33.0, 33.0]",COMPLETE
89,89,0.900065695405186,2024-08-31 03:59:22.031768,2024-08-31 03:59:35.064076,0 days 00:00:13.032308,64,3.8836261337204108,4,45,0.0023979351333918517,23,0.0014035035058525423,0.911,0.92625,7,"[33, 33, 33, 33, 33, 33, 33, 33, 33, 33, 33, 33, 33, 27, 21, 17, 16, 15, 14, 13, 13, 12, 10, 9, 9, 8, 8, 7, 7, 7, 7, 7, 7, 7, 7, 7, 7, 7, 7, 7, 7, 7, 7, 7, 7]",7.0,"[32.98840579710145, 32.9768115942029, 32.97971014492754, 32.982608695652175, 32.96521739130435, 32.982608695652175, 32.97391304347826, 32.9768115942029, 32.98550724637681, 32.9768115942029, 32.96811594202899, 32.98840579710145, 32.971014492753625, 26.979710144927537, 20.973913043478262, 16.985507246376812, 15.985507246376812, 14.994202898550725, 13.994202898550725, 12.98840579710145, 12.994202898550725, 11.991304347826087, 9.991304347826087, 8.997101449275362, 8.991304347826087, 7.9913043478260875, 8.0, 6.9971014492753625, 6.9971014492753625, 7.0, 6.994202898550725, 6.9971014492753625, 7.0, 6.9971014492753625, 6.9913043478260875, 7.0, 6.9971014492753625, 7.0, 7.0, 6.994202898550725, 6.9971014492753625, 7.0, 7.0, 7.0, 7.0]",0.8754282977897769,0.900065695405186,7,"[33, 33, 33, 33, 33, 33, 33, 33, 33, 33, 33, 33, 33, 27, 21, 17, 16, 15, 14, 13, 13, 12, 10, 9, 9, 8, 8, 7, 7, 7, 7, 7, 7, 7, 7, 7, 7, 7, 7, 7, 7, 7, 7, 7, 7]",45,"[0.4260566234588623, 0.3615334630012512, 0.35365769267082214, 0.3507193326950073, 0.3522827625274658, 0.3395174741744995, 0.3497055470943451, 0.33118951320648193, 0.3281308710575104, 0.31393665075302124, 0.3037644028663635, 0.3144133687019348, 0.2879995107650757, 0.2779412567615509, 0.2692836821079254, 0.2748659551143646, 0.26928630471229553, 0.2700130343437195, 0.26279205083847046, 0.2618902027606964, 0.2569374740123749, 0.2687862813472748, 0.2710441052913666, 0.2691144049167633, 0.27941635251045227, 0.28553667664527893, 0.2704038619995117, 0.2673942744731903, 0.27084001898765564, 0.2569570243358612, 0.2618125081062317, 0.24898521602153778, 0.25427547097206116, 0.25576943159103394, 0.2501167058944702, 0.3105858266353607, 0.2390647530555725, 0.24388594925403595, 0.24852436780929565, 0.2372385859489441, 0.2383563369512558, 0.24931582808494568, 0.23008571565151215, 0.22792573273181915, 0.24088262021541595]",7.0,"[33.0, 33.0, 33.0, 33.0, 33.0, 33.0, 33.0, 33.0, 33.0, 33.0, 33.0, 33.0, 33.0, 27.0, 21.0, 17.0, 16.0, 15.0, 14.0, 13.0, 13.0, 12.0, 10.0, 9.0, 9.0, 8.0, 8.0, 7.0, 7.0, 7.0, 7.0, 7.0, 7.0, 7.0, 7.0, 7.0, 7.0, 7.0, 7.0, 7.0, 7.0, 7.0, 7.0, 7.0, 7.0]",COMPLETE
