,number,value,datetime_start,datetime_complete,duration,params_batch_size_scaler,params_constant_learning_rate,params_depth,params_epochs,params_kernel_l2,params_num_trees,params_temperature,user_attrs_accuracy_test,user_attrs_accuracy_valid,user_attrs_approximate_feature_sparsity,user_attrs_approximate_feature_sparsity_history,user_attrs_approximate_weight_sparsity,user_attrs_approximate_weight_sparsity_history,user_attrs_auc_test,user_attrs_auc_valid,user_attrs_feature_sparsity,user_attrs_feature_sparsity_history,user_attrs_num_epochs,user_attrs_val_loss_history,user_attrs_weight_sparsity,user_attrs_weight_sparsity_history,state
7,7,0.651679097267844,2024-08-31 00:52:24.464767,2024-08-31 00:53:48.044930,0 days 00:01:23.580163,4,5.948141547745196,1,345,0.00309361491068534,41,0.00880391261446873,0.859,0.85875,5,"[5, 6, 6, 6, 6, 6, 6, 6, 6, 6, 6, 6, 6, 6, 6, 6, 6, 6, 6, 6, 6, 6, 6, 6, 6, 6, 6, 6, 6, 6, 6, 6, 6, 6, 6, 6, 6, 6, 6, 6, 6, 6, 6, 6, 6, 6, 6, 6, 6, 6, 6, 6, 6, 6, 6, 6, 6, 6, 6, 6, 6, 6, 6, 6, 6, 6, 6, 6, 6, 6, 6, 6, 6, 5, 5, 5, 5, 5, 5, 5, 5, 5, 6, 5, 5, 5, 5, 5, 5, 5, 6, 6, 5, 5, 5, 5, 5, 5, 5, 5, 5, 5, 5, 6, 5, 5, 5, 5, 5, 5, 5, 5, 5, 5, 5, 5, 5, 5, 5, 6, 5, 5, 6, 5, 5, 5, 5, 5, 5, 5, 5, 5, 5, 5, 5, 5, 5, 5, 5, 5, 5, 6, 5, 5, 5, 5, 5, 5, 5, 5, 5, 5, 5, 5, 5, 5, 5, 5, 6, 5, 5, 5, 5, 5, 5, 5, 6, 6, 6, 6, 5, 5, 5, 5, 5, 5, 5, 5, 5, 5, 5, 5, 5, 5, 5, 5, 5, 5, 5, 5, 5, 5, 5, 6, 6, 6, 6, 6, 5, 6, 5, 5, 5, 5, 5, 5, 5, 6, 5, 5, 5, 5, 5, 5, 5, 6, 5, 5, 5, 5, 5, 5, 5, 5, 5, 5, 5, 5, 5, 5, 5, 5, 6, 5, 5, 5, 5, 5, 5, 6, 5, 5, 5, 5, 5, 5, 5, 5, 5, 6, 5, 5, 5, 5, 6, 5, 5, 5, 5, 5, 5, 5, 5, 5, 6, 5, 5, 6, 5, 5, 5, 5, 5, 5, 5, 5, 5, 5, 6, 6, 5, 5, 5, 5, 5, 6, 5, 5, 5, 5, 5, 5, 5, 5, 5, 5, 5, 5, 5, 5, 6, 5, 5, 5, 5, 5, 5, 5, 5, 5, 5, 5, 6, 5, 5, 5, 5, 5, 5, 5, 5, 5, 5, 5, 5, 5, 5, 5, 5, 5, 5, 5, 6, 6, 5, 5, 5, 5, 5, 5, 5, 6, 6, 5, 5]",5.0,"[5.0, 6.0, 6.0, 6.0, 6.0, 6.0, 6.0, 6.0, 6.0, 6.0, 6.0, 6.0, 6.0, 6.0, 6.0, 6.0, 6.0, 6.0, 6.0, 6.0, 6.0, 6.0, 6.0, 6.0, 6.0, 6.0, 6.0, 6.0, 6.0, 6.0, 6.0, 6.0, 6.0, 6.0, 6.0, 6.0, 6.0, 6.0, 6.0, 6.0, 6.0, 6.0, 6.0, 6.0, 6.0, 6.0, 6.0, 6.0, 6.0, 6.0, 6.0, 6.0, 6.0, 6.0, 6.0, 6.0, 6.0, 6.0, 6.0, 6.0, 6.0, 6.0, 6.0, 6.0, 6.0, 6.0, 6.0, 6.0, 6.0, 6.0, 6.0, 6.0, 6.0, 5.0, 5.0, 5.0, 5.0, 5.0, 5.0, 5.0, 5.0, 5.0, 6.0, 5.0, 5.0, 5.0, 5.0, 5.0, 5.0, 5.0, 6.0, 6.0, 5.0, 5.0, 5.0, 5.0, 5.0, 5.0, 5.0, 5.0, 5.0, 5.0, 5.0, 6.0, 5.0, 5.0, 5.0, 5.0, 5.0, 5.0, 4.975609756097561, 5.0, 5.0, 5.0, 5.0, 5.0, 5.0, 5.0, 5.0, 6.0, 5.0, 5.0, 6.0, 5.0, 5.0, 5.0, 5.0, 5.0, 5.0, 5.0, 5.0, 5.0, 5.0, 5.0, 5.0, 5.0, 5.0, 5.0, 5.0, 5.0, 5.0, 6.0, 5.0, 5.0, 5.0, 5.0, 5.0, 5.0, 5.0, 5.0, 5.0, 5.0, 5.0, 5.0, 5.0, 5.0, 5.0, 5.0, 6.0, 5.0, 5.0, 5.0, 5.0, 5.0, 5.0, 5.0, 6.0, 6.0, 6.0, 6.0, 5.0, 5.0, 5.0, 5.0, 5.0, 5.0, 5.0, 5.0, 5.0, 5.0, 5.0, 5.0, 5.0, 5.0, 5.0, 5.0, 5.0, 5.0, 5.0, 5.0, 5.0, 5.0, 5.0, 6.0, 6.0, 6.0, 6.0, 6.0, 5.0, 6.0, 5.0, 5.0, 5.0, 5.0, 5.0, 5.0, 5.0, 6.0, 5.0, 5.0, 5.0, 5.0, 5.0, 5.0, 5.0, 6.0, 5.0, 5.0, 5.0, 5.0, 5.0, 5.0, 5.0, 5.0, 5.0, 5.0, 5.0, 5.0, 5.0, 5.0, 5.0, 5.0, 6.0, 5.0, 5.0, 5.0, 5.0, 5.0, 5.0, 6.0, 5.0, 5.0, 5.0, 5.0, 5.0, 5.0, 5.0, 5.0, 5.0, 6.0, 5.0, 5.0, 5.0, 5.0, 6.0, 5.0, 5.0, 5.0, 5.0, 5.0, 5.0, 5.0, 5.0, 5.0, 6.0, 5.0, 5.0, 6.0, 5.0, 5.0, 5.0, 4.975609756097561, 5.0, 5.0, 5.0, 5.0, 5.0, 5.0, 6.0, 6.0, 5.0, 5.0, 5.0, 5.0, 5.0, 6.0, 5.0, 5.0, 5.0, 5.0, 5.0, 5.0, 5.0, 5.0, 5.0, 5.0, 5.0, 5.0, 5.0, 5.0, 6.0, 5.0, 5.0, 5.0, 5.0, 5.0, 5.0, 5.0, 5.0, 5.0, 5.0, 5.0, 6.0, 5.0, 5.0, 5.0, 5.0, 5.0, 5.0, 5.0, 5.0, 5.0, 5.0, 5.0, 5.0, 5.0, 5.0, 5.0, 5.0, 5.0, 5.0, 5.0, 6.0, 6.0, 5.0, 5.0, 5.0, 5.0, 5.0, 5.0, 5.0, 6.0, 6.0, 5.0, 5.0]",0.6221030556725204,0.651679097267844,5,"[5, 6, 6, 6, 6, 6, 6, 6, 6, 6, 6, 6, 6, 6, 6, 6, 6, 6, 6, 6, 6, 6, 6, 6, 6, 6, 6, 6, 6, 6, 6, 6, 6, 6, 6, 6, 6, 6, 6, 6, 6, 6, 6, 6, 6, 6, 6, 6, 6, 6, 6, 6, 6, 6, 6, 6, 6, 6, 6, 6, 6, 6, 6, 6, 6, 6, 6, 6, 6, 6, 6, 6, 6, 5, 5, 5, 5, 5, 5, 5, 5, 5, 6, 5, 5, 5, 5, 5, 5, 5, 6, 6, 5, 5, 5, 5, 5, 5, 5, 5, 5, 5, 5, 6, 5, 5, 5, 5, 5, 5, 5, 5, 5, 5, 5, 5, 5, 5, 5, 6, 5, 5, 6, 5, 5, 5, 5, 5, 5, 5, 5, 5, 5, 5, 5, 5, 5, 5, 5, 5, 5, 6, 5, 5, 5, 5, 5, 5, 5, 5, 5, 5, 5, 5, 5, 5, 5, 5, 6, 5, 5, 5, 5, 5, 5, 5, 6, 6, 6, 6, 5, 5, 5, 5, 5, 5, 5, 5, 5, 5, 5, 5, 5, 5, 5, 5, 5, 5, 5, 5, 5, 5, 5, 6, 6, 6, 6, 6, 5, 6, 5, 5, 5, 5, 5, 5, 5, 6, 5, 5, 5, 5, 5, 5, 5, 6, 5, 5, 5, 5, 5, 5, 5, 5, 5, 5, 5, 5, 5, 5, 5, 5, 6, 5, 5, 5, 5, 5, 5, 6, 5, 5, 5, 5, 5, 5, 5, 5, 5, 6, 5, 5, 5, 5, 6, 5, 5, 5, 5, 5, 5, 5, 5, 5, 6, 5, 5, 6, 5, 5, 5, 5, 5, 5, 5, 5, 5, 5, 6, 6, 5, 5, 5, 5, 5, 6, 5, 5, 5, 5, 5, 5, 5, 5, 5, 5, 5, 5, 5, 5, 6, 5, 5, 5, 5, 5, 5, 5, 5, 5, 5, 5, 6, 5, 5, 5, 5, 5, 5, 5, 5, 5, 5, 5, 5, 5, 5, 5, 5, 5, 5, 5, 6, 6, 5, 5, 5, 5, 5, 5, 5, 6, 6, 5, 5]",345,"[3.27874755859375, 39.46144104003906, 18.823495864868164, 43.36992263793945, 17.971586227416992, 30.11675453186035, 14.132254600524902, 10.763650894165039, 3.0838370323181152, 3.6228187084198, 33.94192123413086, 4.658235549926758, 13.044782638549805, 6.017691135406494, 15.449782371520996, 15.07116985321045, 7.158076286315918, 8.24038314819336, 21.7188720703125, 12.825946807861328, 7.715002059936523, 7.025904655456543, 3.674575090408325, 4.603819370269775, 21.494462966918945, 28.490583419799805, 3.583702802658081, 17.4390811920166, 12.055620193481445, 14.495640754699707, 5.7737717628479, 6.409369945526123, 4.7812819480896, 12.374031066894531, 6.7072434425354, 3.8457190990448, 5.420777797698975, 13.384851455688477, 21.580076217651367, 9.622932434082031, 21.72588539123535, 9.81924057006836, 12.611615180969238, 15.810192108154297, 16.80167007446289, 2.3422887325286865, 6.012148857116699, 9.515111923217773, 10.566311836242676, 5.214995861053467, 13.568415641784668, 7.67374324798584, 10.934168815612793, 4.846817493438721, 32.09962844848633, 3.8339245319366455, 15.601962089538574, 17.319473266601562, 28.672836303710938, 3.683635950088501, 36.22938537597656, 2.8095507621765137, 2.7007839679718018, 7.29537296295166, 18.681861877441406, 3.6549031734466553, 7.29390811920166, 5.177969932556152, 3.4564075469970703, 35.07330322265625, 22.505876541137695, 8.261624336242676, 10.969593048095703, 6.842645168304443, 19.950550079345703, 20.058666229248047, 4.283491134643555, 22.379413604736328, 5.988229274749756, 4.315683364868164, 10.233869552612305, 14.707742691040039, 16.912174224853516, 15.090296745300293, 3.94315242767334, 19.949430465698242, 3.6763317584991455, 4.259309768676758, 9.63936996459961, 5.552443981170654, 9.975174903869629, 3.335859775543213, 5.615683555603027, 2.967604160308838, 7.516915798187256, 10.142707824707031, 3.5212292671203613, 14.454368591308594, 12.252126693725586, 10.5472993850708, 20.5076961517334, 5.405505180358887, 17.790931701660156, 14.449454307556152, 5.740540027618408, 10.6434907913208, 6.122672080993652, 4.503095626831055, 2.824578046798706, 16.494260787963867, 21.190217971801758, 6.864261627197266, 13.355628967285156, 32.2757568359375, 10.065834999084473, 2.9487290382385254, 27.334945678710938, 7.02055549621582, 16.502408981323242, 12.827731132507324, 2.4823856353759766, 8.4151029586792, 3.037696123123169, 10.525642395019531, 4.2077412605285645, 8.750142097473145, 2.7383172512054443, 4.401478290557861, 17.238615036010742, 4.332783222198486, 13.411613464355469, 14.924598693847656, 2.6574201583862305, 2.7756853103637695, 15.823114395141602, 7.116790771484375, 30.78777313232422, 7.877291679382324, 29.79974937438965, 14.471004486083984, 3.641172409057617, 29.415956497192383, 27.808731079101562, 4.673187255859375, 10.59113883972168, 34.204586029052734, 7.845167636871338, 18.068599700927734, 5.229149341583252, 5.982647895812988, 24.2497615814209, 24.088123321533203, 10.317217826843262, 2.141186475753784, 11.626713752746582, 11.582934379577637, 3.5496323108673096, 13.777068138122559, 3.5419297218322754, 8.135075569152832, 5.297543525695801, 4.531186580657959, 5.606975555419922, 13.816152572631836, 5.468872547149658, 14.756749153137207, 21.04804229736328, 7.995265007019043, 4.243570327758789, 2.7156407833099365, 9.491150856018066, 3.8382763862609863, 24.312795639038086, 5.553610324859619, 3.873563528060913, 18.562362670898438, 5.164533615112305, 4.937485218048096, 3.0522584915161133, 4.8351359367370605, 11.593358039855957, 2.5716159343719482, 28.7128963470459, 27.089981079101562, 24.563793182373047, 25.487836837768555, 7.826740264892578, 14.058318138122559, 9.13332462310791, 26.77056312561035, 7.052969455718994, 7.161871433258057, 2.4793288707733154, 22.146963119506836, 11.396221160888672, 1.8929356336593628, 28.34515953063965, 38.63500213623047, 9.264927864074707, 15.892430305480957, 12.93621826171875, 6.504374980926514, 10.279472351074219, 15.256575584411621, 5.785656929016113, 20.432924270629883, 5.353992938995361, 9.106498718261719, 32.909461975097656, 3.7447731494903564, 30.945913314819336, 5.30391788482666, 5.296408653259277, 4.029790878295898, 4.042014122009277, 3.170797348022461, 7.631127834320068, 7.498489856719971, 21.41619300842285, 5.493704319000244, 4.4889750480651855, 14.5221529006958, 13.539536476135254, 13.296616554260254, 8.201807022094727, 2.935924768447876, 10.97369384765625, 7.811035633087158, 13.79092025756836, 23.184350967407227, 29.562807083129883, 14.104681015014648, 7.965203762054443, 3.244800090789795, 9.79395866394043, 3.205287218093872, 1.58821439743042, 8.474518775939941, 21.596200942993164, 5.389504432678223, 22.171619415283203, 13.917533874511719, 24.775867462158203, 21.15880584716797, 5.843207359313965, 3.1939857006073, 6.136904716491699, 2.267404317855835, 4.567967414855957, 8.92870044708252, 12.570525169372559, 3.062880754470825, 19.250652313232422, 3.291378974914551, 5.380392074584961, 3.5808463096618652, 26.319581985473633, 3.6456518173217773, 9.145987510681152, 5.093282699584961, 2.416820526123047, 12.822125434875488, 10.048433303833008, 27.469274520874023, 3.7751059532165527, 24.345006942749023, 7.057067394256592, 13.82090950012207, 6.656725883483887, 17.706218719482422, 24.766883850097656, 14.310993194580078, 6.955597400665283, 5.358450889587402, 3.655897855758667, 13.2924165725708, 6.870954990386963, 3.600525140762329, 15.231525421142578, 7.308137893676758, 4.925459384918213, 4.556466102600098, 15.953038215637207, 2.8046557903289795, 11.237499237060547, 14.85571575164795, 18.809783935546875, 5.321670055389404, 4.054452896118164, 17.021156311035156, 2.8280370235443115, 9.654339790344238, 1.9553791284561157, 3.3727169036865234, 8.29684066772461, 17.889925003051758, 19.34273338317871, 22.379823684692383, 3.8611199855804443, 10.470816612243652, 17.315385818481445, 4.790395736694336, 3.2081000804901123, 3.7813942432403564, 6.615329742431641, 17.046897888183594, 5.251023769378662, 15.266135215759277, 4.801178455352783, 20.523969650268555, 23.890222549438477, 17.519306182861328, 8.048490524291992, 3.827092170715332, 3.379561424255371, 6.261122226715088, 7.902894973754883, 3.4306998252868652, 16.57181167602539, 10.314994812011719, 7.052084922790527, 3.6421620845794678, 4.401105880737305, 2.3787107467651367, 11.942962646484375, 4.526852607727051, 23.08538246154785, 5.948984146118164, 14.677399635314941, 4.444053649902344, 8.449302673339844, 5.303860664367676, 21.25924301147461, 33.0472526550293, 8.717792510986328, 3.830151081085205, 6.581698417663574, 3.1490535736083984, 7.276812553405762, 9.044102668762207, 23.765522003173828, 4.4739532470703125, 7.859669208526611, 21.671873092651367, 10.973593711853027]",5.0,"[5.0, 6.0, 6.0, 6.0, 6.0, 6.0, 6.0, 6.0, 6.0, 6.0, 6.0, 6.0, 6.0, 6.0, 6.0, 6.0, 6.0, 6.0, 6.0, 6.0, 6.0, 6.0, 6.0, 6.0, 6.0, 6.0, 6.0, 6.0, 6.0, 6.0, 6.0, 6.0, 6.0, 6.0, 6.0, 6.0, 6.0, 6.0, 6.0, 6.0, 6.0, 6.0, 6.0, 6.0, 6.0, 6.0, 6.0, 6.0, 6.0, 6.0, 6.0, 6.0, 6.0, 6.0, 6.0, 6.0, 6.0, 6.0, 6.0, 6.0, 6.0, 6.0, 6.0, 6.0, 6.0, 6.0, 6.0, 6.0, 6.0, 6.0, 6.0, 6.0, 6.0, 5.0, 5.0, 5.0, 5.0, 5.0, 5.0, 5.0, 5.0, 5.0, 6.0, 5.0, 5.0, 5.0, 5.0, 5.0, 5.0, 5.0, 6.0, 6.0, 5.0, 5.0, 5.0, 5.0, 5.0, 5.0, 5.0, 5.0, 5.0, 5.0, 5.0, 6.0, 5.0, 5.0, 5.0, 5.0, 5.0, 5.0, 5.0, 5.0, 5.0, 5.0, 5.0, 5.0, 5.0, 5.0, 5.0, 6.0, 5.0, 5.0, 6.0, 5.0, 5.0, 5.0, 5.0, 5.0, 5.0, 5.0, 5.0, 5.0, 5.0, 5.0, 5.0, 5.0, 5.0, 5.0, 5.0, 5.0, 5.0, 6.0, 5.0, 5.0, 5.0, 5.0, 5.0, 5.0, 5.0, 5.0, 5.0, 5.0, 5.0, 5.0, 5.0, 5.0, 5.0, 5.0, 6.0, 5.0, 5.0, 5.0, 5.0, 5.0, 5.0, 5.0, 6.0, 6.0, 6.0, 6.0, 5.0, 5.0, 5.0, 5.0, 5.0, 5.0, 5.0, 5.0, 5.0, 5.0, 5.0, 5.0, 5.0, 5.0, 5.0, 5.0, 5.0, 5.0, 5.0, 5.0, 5.0, 5.0, 5.0, 6.0, 6.0, 6.0, 6.0, 6.0, 5.0, 6.0, 5.0, 5.0, 5.0, 5.0, 5.0, 5.0, 5.0, 6.0, 5.0, 5.0, 5.0, 5.0, 5.0, 5.0, 5.0, 6.0, 5.0, 5.0, 5.0, 5.0, 5.0, 5.0, 5.0, 5.0, 5.0, 5.0, 5.0, 5.0, 5.0, 5.0, 5.0, 5.0, 6.0, 5.0, 5.0, 5.0, 5.0, 5.0, 5.0, 6.0, 5.0, 5.0, 5.0, 5.0, 5.0, 5.0, 5.0, 5.0, 5.0, 6.0, 5.0, 5.0, 5.0, 5.0, 6.0, 5.0, 5.0, 5.0, 5.0, 5.0, 5.0, 5.0, 5.0, 5.0, 6.0, 5.0, 5.0, 6.0, 5.0, 5.0, 5.0, 5.0, 5.0, 5.0, 5.0, 5.0, 5.0, 5.0, 6.0, 6.0, 5.0, 5.0, 5.0, 5.0, 5.0, 6.0, 5.0, 5.0, 5.0, 5.0, 5.0, 5.0, 5.0, 5.0, 5.0, 5.0, 5.0, 5.0, 5.0, 5.0, 6.0, 5.0, 5.0, 5.0, 5.0, 5.0, 5.0, 5.0, 5.0, 5.0, 5.0, 5.0, 6.0, 5.0, 5.0, 5.0, 5.0, 5.0, 5.0, 5.0, 5.0, 5.0, 5.0, 5.0, 5.0, 5.0, 5.0, 5.0, 5.0, 5.0, 5.0, 5.0, 6.0, 6.0, 5.0, 5.0, 5.0, 5.0, 5.0, 5.0, 5.0, 6.0, 6.0, 5.0, 5.0]",COMPLETE
