,number,value,datetime_start,datetime_complete,duration,params_batch_size_scaler,params_constant_learning_rate,params_depth,params_epochs,params_kernel_l2,params_num_trees,params_temperature,user_attrs_accuracy_test,user_attrs_accuracy_valid,user_attrs_approximate_feature_sparsity,user_attrs_approximate_feature_sparsity_history,user_attrs_approximate_weight_sparsity,user_attrs_approximate_weight_sparsity_history,user_attrs_auc_test,user_attrs_auc_valid,user_attrs_feature_sparsity,user_attrs_feature_sparsity_history,user_attrs_num_epochs,user_attrs_val_loss_history,user_attrs_weight_sparsity,user_attrs_weight_sparsity_history,state
81,81,0.9364042714894821,2024-08-31 03:47:36.523088,2024-08-31 03:48:14.700663,0 days 00:00:38.177575,16,0.3958448874668164,2,285,0.002255786124881629,72,0.0017079142993467551,0.951,0.95125,19,"[33, 33, 33, 33, 33, 33, 33, 33, 33, 33, 33, 33, 33, 33, 33, 33, 33, 33, 33, 33, 33, 33, 33, 33, 33, 33, 33, 33, 33, 33, 33, 33, 33, 33, 33, 33, 33, 33, 33, 33, 33, 33, 33, 33, 33, 33, 32, 32, 32, 30, 29, 29, 28, 27, 27, 26, 26, 26, 26, 26, 26, 26, 26, 26, 24, 24, 24, 23, 21, 21, 21, 21, 21, 21, 21, 21, 20, 20, 20, 20, 20, 20, 20, 20, 20, 20, 20, 20, 20, 20, 20, 20, 20, 20, 20, 20, 20, 19, 19, 19, 19, 19, 19, 19, 19, 19, 19, 19, 19, 19, 19, 19, 19, 19, 19, 19, 19, 19, 19, 19, 19, 19, 19, 19, 19, 19, 19, 19, 19, 19, 19, 19, 19, 19, 19, 19, 19, 19, 19, 19, 19, 19, 19, 19, 19, 19, 19, 19, 19, 19, 19, 19, 19, 19, 19, 19, 19, 19, 19, 19, 19, 19, 19, 19, 19, 19, 19, 19, 19, 19, 19, 19, 19, 19, 19, 19, 19, 19, 19, 19, 19, 19, 19, 19, 19, 19, 19, 19, 19, 19, 19, 19, 19, 19, 19, 19, 19, 19, 19, 19, 19, 19, 19, 19, 19, 19, 19, 19, 19, 19, 19, 19, 19, 19, 19, 19, 19, 19, 19, 19, 19, 19, 19, 19, 19, 19, 19, 19, 19, 19, 19, 19, 19, 19, 19, 19, 19, 19, 19, 19, 19, 19, 19, 19, 19, 19, 19, 19, 19, 19, 19, 19, 19, 19, 19, 19, 19, 19, 19, 19, 19, 19, 19, 19, 19, 19, 19, 19, 19, 19, 19, 19, 19, 19, 19, 19, 19, 19, 19, 19, 19, 19, 19, 19, 19]",19.0,"[32.99537037037037, 32.986111111111114, 32.97685185185185, 33.0, 33.0, 32.98148148148148, 32.986111111111114, 32.97685185185185, 32.98148148148148, 32.99074074074074, 32.97685185185185, 32.98148148148148, 32.97685185185185, 32.98148148148148, 32.98148148148148, 32.97222222222222, 32.97222222222222, 32.97685185185185, 32.986111111111114, 32.986111111111114, 32.986111111111114, 32.99074074074074, 32.97222222222222, 32.96296296296296, 32.986111111111114, 32.97685185185185, 32.98148148148148, 32.967592592592595, 32.97222222222222, 32.98148148148148, 32.986111111111114, 32.98148148148148, 32.97685185185185, 32.967592592592595, 32.9537037037037, 32.96296296296296, 32.97685185185185, 32.99074074074074, 32.967592592592595, 32.967592592592595, 32.97222222222222, 32.98148148148148, 32.97685185185185, 32.97222222222222, 32.98148148148148, 32.98148148148148, 31.97222222222222, 31.962962962962962, 31.98148148148148, 29.99537037037037, 28.99537037037037, 28.97222222222222, 27.98148148148148, 26.99074074074074, 26.99074074074074, 25.99537037037037, 25.97685185185185, 25.98611111111111, 25.98611111111111, 25.97685185185185, 25.98611111111111, 25.99074074074074, 25.99074074074074, 25.97685185185185, 23.98148148148148, 23.98611111111111, 23.99074074074074, 22.98611111111111, 20.98148148148148, 20.98611111111111, 20.98148148148148, 20.97685185185185, 20.99537037037037, 20.99537037037037, 20.99074074074074, 20.99074074074074, 19.99537037037037, 19.98611111111111, 19.98611111111111, 19.98148148148148, 19.99537037037037, 19.99074074074074, 19.98611111111111, 19.99074074074074, 19.99074074074074, 19.99074074074074, 19.98148148148148, 19.98611111111111, 19.98611111111111, 19.99074074074074, 19.98148148148148, 19.98611111111111, 19.97685185185185, 19.99074074074074, 19.98611111111111, 19.99074074074074, 19.99074074074074, 18.99537037037037, 18.98611111111111, 18.99074074074074, 18.99537037037037, 18.98611111111111, 18.99074074074074, 18.99537037037037, 18.99537037037037, 18.98148148148148, 18.98611111111111, 18.98148148148148, 18.98148148148148, 18.99074074074074, 18.99537037037037, 18.99074074074074, 18.98611111111111, 18.97685185185185, 18.97222222222222, 18.99074074074074, 18.99537037037037, 18.99537037037037, 18.99074074074074, 19.0, 18.99074074074074, 18.98611111111111, 18.99537037037037, 19.0, 18.99537037037037, 18.99074074074074, 18.98611111111111, 19.0, 19.0, 18.99537037037037, 18.99074074074074, 18.99074074074074, 18.98611111111111, 19.0, 18.99537037037037, 18.98611111111111, 18.99537037037037, 18.99537037037037, 18.99537037037037, 18.99074074074074, 18.98611111111111, 18.99537037037037, 18.98611111111111, 18.98611111111111, 18.98148148148148, 18.99074074074074, 18.98611111111111, 18.99537037037037, 18.99074074074074, 18.99537037037037, 18.99537037037037, 18.99537037037037, 18.99074074074074, 19.0, 18.99074074074074, 18.99074074074074, 18.99537037037037, 18.99074074074074, 18.99074074074074, 18.98611111111111, 18.99074074074074, 18.99537037037037, 18.98611111111111, 18.99074074074074, 18.98611111111111, 18.99074074074074, 18.99537037037037, 18.99074074074074, 18.99537037037037, 18.98611111111111, 18.99074074074074, 18.99537037037037, 18.99074074074074, 18.98611111111111, 18.99074074074074, 18.98148148148148, 19.0, 19.0, 18.98611111111111, 19.0, 19.0, 18.99537037037037, 18.99537037037037, 18.99074074074074, 19.0, 18.98611111111111, 18.98611111111111, 19.0, 18.97685185185185, 18.98611111111111, 18.98611111111111, 18.99537037037037, 18.99537037037037, 18.99537037037037, 19.0, 18.99074074074074, 18.98611111111111, 18.99074074074074, 18.98611111111111, 18.98611111111111, 18.98611111111111, 18.99074074074074, 18.99074074074074, 18.98611111111111, 18.99537037037037, 18.99074074074074, 18.97685185185185, 18.98148148148148, 18.98611111111111, 18.99074074074074, 18.98611111111111, 18.98611111111111, 18.99074074074074, 18.97222222222222, 18.98611111111111, 18.99537037037037, 18.99074074074074, 18.99074074074074, 18.99074074074074, 18.98611111111111, 18.99074074074074, 19.0, 18.98611111111111, 18.99074074074074, 18.99537037037037, 18.98148148148148, 18.97222222222222, 18.99074074074074, 18.98611111111111, 18.97685185185185, 18.98611111111111, 18.99537037037037, 18.99537037037037, 18.99074074074074, 19.0, 18.98611111111111, 18.99537037037037, 18.98611111111111, 18.99537037037037, 18.99074074074074, 18.99074074074074, 18.99537037037037, 18.98611111111111, 18.98148148148148, 18.99074074074074, 18.99074074074074, 18.98611111111111, 18.99074074074074, 18.99537037037037, 18.99537037037037, 18.99537037037037, 18.99537037037037, 18.99074074074074, 18.99074074074074, 18.98611111111111, 18.99537037037037, 19.0, 18.99074074074074, 18.99537037037037, 18.99537037037037, 18.99074074074074, 19.0, 18.99537037037037, 18.99537037037037, 18.99074074074074, 18.99537037037037, 18.99537037037037, 18.98611111111111, 18.99074074074074, 18.98611111111111, 18.99074074074074, 18.99074074074074, 18.98611111111111, 18.99074074074074, 18.99074074074074, 18.99074074074074, 18.99537037037037, 18.99074074074074, 18.99537037037037, 18.99537037037037, 18.98611111111111, 18.99074074074074, 19.0, 18.99537037037037, 19.0]",0.9175439031035593,0.9364042714894821,19,"[33, 33, 33, 33, 33, 33, 33, 33, 33, 33, 33, 33, 33, 33, 33, 33, 33, 33, 33, 33, 33, 33, 33, 33, 33, 33, 33, 33, 33, 33, 33, 33, 33, 33, 33, 33, 33, 33, 33, 33, 33, 33, 33, 33, 33, 33, 32, 32, 32, 30, 29, 29, 28, 27, 27, 26, 26, 26, 26, 26, 26, 26, 26, 26, 24, 24, 24, 23, 21, 21, 21, 21, 21, 21, 21, 21, 20, 20, 20, 20, 20, 20, 20, 20, 20, 20, 20, 20, 20, 20, 20, 20, 20, 20, 20, 20, 20, 19, 19, 19, 19, 19, 19, 19, 19, 19, 19, 19, 19, 19, 19, 19, 19, 19, 19, 19, 19, 19, 19, 19, 19, 19, 19, 19, 19, 19, 19, 19, 19, 19, 19, 19, 19, 19, 19, 19, 19, 19, 19, 19, 19, 19, 19, 19, 19, 19, 19, 19, 19, 19, 19, 19, 19, 19, 19, 19, 19, 19, 19, 19, 19, 19, 19, 19, 19, 19, 19, 19, 19, 19, 19, 19, 19, 19, 19, 19, 19, 19, 19, 19, 19, 19, 19, 19, 19, 19, 19, 19, 19, 19, 19, 19, 19, 19, 19, 19, 19, 19, 19, 19, 19, 19, 19, 19, 19, 19, 19, 19, 19, 19, 19, 19, 19, 19, 19, 19, 19, 19, 19, 19, 19, 19, 19, 19, 19, 19, 19, 19, 19, 19, 19, 19, 19, 19, 19, 19, 19, 19, 19, 19, 19, 19, 19, 19, 19, 19, 19, 19, 19, 19, 19, 19, 19, 19, 19, 19, 19, 19, 19, 19, 19, 19, 19, 19, 19, 19, 19, 19, 19, 19, 19, 19, 19, 19, 19, 19, 19, 19, 19, 19, 19, 19, 19, 19, 19]",285,"[0.41610366106033325, 0.384423166513443, 0.3750753402709961, 0.38811245560646057, 0.36521321535110474, 0.35670018196105957, 0.4441051781177521, 0.3497108519077301, 0.36069026589393616, 0.36411502957344055, 0.33440476655960083, 0.3308824598789215, 0.33267471194267273, 0.32673075795173645, 0.3344583511352539, 0.3196325898170471, 0.3255152404308319, 0.3146686255931854, 0.31387588381767273, 0.3189207911491394, 0.30773499608039856, 0.3029652535915375, 0.3031139373779297, 0.3052830100059509, 0.3045242726802826, 0.2971068322658539, 0.2874278128147125, 0.28168532252311707, 0.2808719575405121, 0.2749772369861603, 0.27760788798332214, 0.33701688051223755, 0.2670039236545563, 0.263334184885025, 0.2648276090621948, 0.26895779371261597, 0.26457205414772034, 0.2546946704387665, 0.2650064527988434, 0.2502348721027374, 0.24835461378097534, 0.2487489879131317, 0.26715922355651855, 0.241838738322258, 0.24103696644306183, 0.2785302400588989, 0.23787498474121094, 0.2399284392595291, 0.2368294596672058, 0.2461615949869156, 0.2384609580039978, 0.2774074971675873, 0.23209403455257416, 0.2293054163455963, 0.234578475356102, 0.22984512150287628, 0.2246890515089035, 0.2376488745212555, 0.22945572435855865, 0.22146396338939667, 0.23730523884296417, 0.23274807631969452, 0.22069726884365082, 0.21868064999580383, 0.22539423406124115, 0.21602356433868408, 0.21622833609580994, 0.22104881703853607, 0.21250668168067932, 0.21102580428123474, 0.20949453115463257, 0.20952120423316956, 0.20882944762706757, 0.20643199980258942, 0.21224328875541687, 0.2056294083595276, 0.20370769500732422, 0.20618665218353271, 0.20499224960803986, 0.20339126884937286, 0.20728358626365662, 0.2019672989845276, 0.19908103346824646, 0.19972217082977295, 0.21133442223072052, 0.2096455693244934, 0.20406846702098846, 0.21161174774169922, 0.19682355225086212, 0.19616061449050903, 0.1961294412612915, 0.20400680601596832, 0.1949295997619629, 0.19487032294273376, 0.19497333467006683, 0.19737793505191803, 0.19529573619365692, 0.2222929447889328, 0.22208663821220398, 0.19665420055389404, 0.2129078358411789, 0.20274128019809723, 0.1988789439201355, 0.19392621517181396, 0.19237016141414642, 0.20871859788894653, 0.20418044924736023, 0.19299286603927612, 0.2151983678340912, 0.190823495388031, 0.19111420214176178, 0.1890847086906433, 0.18918010592460632, 0.18713603913784027, 0.18773029744625092, 0.18755605816841125, 0.18801410496234894, 0.18720506131649017, 0.18872296810150146, 0.18582028150558472, 0.1854129284620285, 0.1876787543296814, 0.192604660987854, 0.1980372816324234, 0.20455844700336456, 0.18343958258628845, 0.18369844555854797, 0.18645162880420685, 0.1819632351398468, 0.18584774434566498, 0.1824827641248703, 0.18079176545143127, 0.18327383697032928, 0.20294588804244995, 0.1821921169757843, 0.18170572817325592, 0.1962042599916458, 0.1824827343225479, 0.18071386218070984, 0.17913703620433807, 0.18329313397407532, 0.18306627869606018, 0.18141169846057892, 0.17930887639522552, 0.18278621137142181, 0.1810736209154129, 0.18022525310516357, 0.1816750466823578, 0.17953728139400482, 0.1787663698196411, 0.17829179763793945, 0.20865020155906677, 0.19174307584762573, 0.19909141957759857, 0.1767766773700714, 0.18027421832084656, 0.2120206654071808, 0.17958293855190277, 0.17696858942508698, 0.17656482756137848, 0.17830121517181396, 0.1764654964208603, 0.1830829679965973, 0.18104538321495056, 0.17611809074878693, 0.17679065465927124, 0.17577210068702698, 0.1786627322435379, 0.1774175614118576, 0.18606717884540558, 0.17780590057373047, 0.17267146706581116, 0.20050227642059326, 0.17461155354976654, 0.17235931754112244, 0.18067440390586853, 0.18084603548049927, 0.17268452048301697, 0.17466410994529724, 0.17986664175987244, 0.1756768673658371, 0.17306652665138245, 0.1802811622619629, 0.17107433080673218, 0.17086970806121826, 0.16941526532173157, 0.17516399919986725, 0.17243677377700806, 0.17307919263839722, 0.17505382001399994, 0.17058983445167542, 0.17810674011707306, 0.17621417343616486, 0.17229114472866058, 0.17211300134658813, 0.1722084879875183, 0.1701003611087799, 0.17136886715888977, 0.17063575983047485, 0.17301511764526367, 0.1741010695695877, 0.17063462734222412, 0.17753756046295166, 0.1715155988931656, 0.1716698855161667, 0.16958078742027283, 0.17011670768260956, 0.1712123155593872, 0.17136737704277039, 0.17387689650058746, 0.17268304526805878, 0.16931745409965515, 0.1684923619031906, 0.16859397292137146, 0.1796312928199768, 0.17347180843353271, 0.16841906309127808, 0.17000709474086761, 0.1707017570734024, 0.1719147264957428, 0.17013932764530182, 0.16938236355781555, 0.16927684843540192, 0.17180640995502472, 0.16669607162475586, 0.16931240260601044, 0.1716848909854889, 0.17260782420635223, 0.17521381378173828, 0.16985571384429932, 0.1700296252965927, 0.16944387555122375, 0.17474615573883057, 0.16999280452728271, 0.16698266565799713, 0.17351564764976501, 0.17454394698143005, 0.16829048097133636, 0.16775593161582947, 0.16674837470054626, 0.16570521891117096, 0.17338992655277252, 0.16587430238723755, 0.17328588664531708, 0.16740384697914124, 0.16793176531791687, 0.17399896681308746, 0.16903381049633026, 0.1675533503293991, 0.16644854843616486, 0.164800226688385, 0.168250173330307, 0.16607826948165894, 0.16993924975395203, 0.16566050052642822, 0.16674886643886566, 0.16776393353939056, 0.17115679383277893, 0.16615192592144012, 0.16580240428447723, 0.16670161485671997, 0.16439783573150635, 0.16766437888145447, 0.16610297560691833, 0.16973508894443512, 0.17064239084720612, 0.1717156022787094, 0.16708189249038696, 0.16677238047122955, 0.16539254784584045, 0.16325631737709045, 0.16777555644512177, 0.17287027835845947, 0.1666232943534851, 0.16554763913154602, 0.1732204258441925, 0.16781146824359894, 0.17315122485160828, 0.16539183259010315, 0.16419851779937744, 0.17119719088077545, 0.17627666890621185, 0.1713234931230545, 0.16769863665103912, 0.16654810309410095]",19.0,"[33.0, 33.0, 33.0, 33.0, 33.0, 33.0, 33.0, 33.0, 33.0, 33.0, 33.0, 33.0, 33.0, 33.0, 33.0, 33.0, 33.0, 33.0, 33.0, 33.0, 33.0, 33.0, 33.0, 33.0, 33.0, 33.0, 33.0, 33.0, 33.0, 33.0, 33.0, 33.0, 33.0, 33.0, 33.0, 33.0, 33.0, 33.0, 33.0, 33.0, 33.0, 33.0, 33.0, 33.0, 33.0, 33.0, 32.0, 32.0, 32.0, 30.0, 29.0, 29.0, 28.0, 27.0, 27.0, 26.0, 26.0, 26.0, 26.0, 26.0, 26.0, 26.0, 26.0, 26.0, 24.0, 24.0, 24.0, 23.0, 21.0, 21.0, 21.0, 21.0, 21.0, 21.0, 21.0, 21.0, 20.0, 20.0, 20.0, 20.0, 20.0, 20.0, 20.0, 20.0, 20.0, 20.0, 20.0, 20.0, 20.0, 20.0, 20.0, 20.0, 20.0, 20.0, 20.0, 20.0, 20.0, 19.0, 19.0, 19.0, 19.0, 19.0, 19.0, 19.0, 19.0, 19.0, 19.0, 19.0, 19.0, 19.0, 19.0, 19.0, 19.0, 19.0, 19.0, 19.0, 19.0, 19.0, 19.0, 19.0, 19.0, 19.0, 19.0, 19.0, 19.0, 19.0, 19.0, 19.0, 19.0, 19.0, 19.0, 19.0, 19.0, 19.0, 19.0, 19.0, 19.0, 19.0, 19.0, 19.0, 19.0, 19.0, 19.0, 19.0, 19.0, 19.0, 19.0, 19.0, 19.0, 19.0, 19.0, 19.0, 19.0, 19.0, 19.0, 19.0, 19.0, 19.0, 19.0, 19.0, 19.0, 19.0, 19.0, 19.0, 19.0, 19.0, 19.0, 19.0, 19.0, 19.0, 19.0, 19.0, 19.0, 19.0, 19.0, 19.0, 19.0, 19.0, 19.0, 19.0, 19.0, 19.0, 19.0, 19.0, 19.0, 19.0, 19.0, 19.0, 19.0, 19.0, 19.0, 19.0, 19.0, 19.0, 19.0, 19.0, 19.0, 19.0, 19.0, 19.0, 19.0, 19.0, 19.0, 19.0, 19.0, 19.0, 19.0, 19.0, 19.0, 19.0, 19.0, 19.0, 19.0, 19.0, 19.0, 19.0, 19.0, 19.0, 19.0, 19.0, 19.0, 19.0, 19.0, 19.0, 19.0, 19.0, 19.0, 19.0, 19.0, 19.0, 19.0, 19.0, 19.0, 19.0, 19.0, 19.0, 19.0, 19.0, 19.0, 19.0, 19.0, 19.0, 19.0, 19.0, 19.0, 19.0, 19.0, 19.0, 19.0, 19.0, 19.0, 19.0, 19.0, 19.0, 19.0, 19.0, 19.0, 19.0, 19.0, 19.0, 19.0, 19.0, 19.0, 19.0, 19.0, 19.0, 19.0, 19.0, 19.0, 19.0, 19.0, 19.0, 19.0, 19.0, 19.0, 19.0, 19.0, 19.0, 19.0, 19.0, 19.0, 19.0, 19.0, 19.0, 19.0]",COMPLETE
82,82,0.8639074596488517,2024-08-31 03:48:16.874238,2024-08-31 03:50:02.218814,0 days 00:01:45.344576,1,0.18470232060563097,6,30,0.25106146328058104,5,0.08524862797890895,0.912,0.90375,8,"[33, 33, 33, 28, 19, 16, 15, 14, 14, 13, 12, 12, 11, 10, 10, 10, 10, 10, 10, 10, 10, 9, 9, 9, 9, 8, 8, 8, 8, 8]",7.965079365079365,"[32.971428571428575, 32.98095238095238, 32.971428571428575, 27.993650793650794, 18.974603174603175, 15.977777777777778, 14.996825396825397, 13.99047619047619, 13.977777777777778, 12.99047619047619, 11.99047619047619, 11.987301587301587, 10.977777777777778, 9.993650793650794, 9.977777777777778, 9.993650793650794, 10.0, 9.977777777777778, 9.993650793650794, 9.987301587301587, 9.984126984126984, 8.984126984126984, 8.971428571428572, 8.977777777777778, 8.971428571428572, 7.9714285714285715, 7.958730158730159, 7.955555555555556, 7.968253968253968, 7.965079365079365]",0.8582055664264071,0.8639074596488517,8,"[33, 33, 33, 28, 19, 16, 15, 14, 14, 13, 12, 12, 11, 10, 10, 10, 10, 10, 10, 10, 10, 9, 9, 9, 9, 8, 8, 8, 8, 8]",30,"[0.42396843433380127, 0.40120047330856323, 0.38400232791900635, 0.36085712909698486, 0.33977049589157104, 0.3250510096549988, 0.31706351041793823, 0.3085000216960907, 0.30082038044929504, 0.2970207631587982, 0.2954024076461792, 0.28903403878211975, 0.29138317704200745, 0.2951740622520447, 0.28882184624671936, 0.2846719026565552, 0.2830955982208252, 0.281533420085907, 0.2795414924621582, 0.2781955897808075, 0.2763514518737793, 0.27876460552215576, 0.2766391634941101, 0.27722546458244324, 0.2778843641281128, 0.277357280254364, 0.2765001952648163, 0.2745640277862549, 0.2741839587688446, 0.2740149199962616]",8.0,"[33.0, 33.0, 33.0, 28.0, 19.0, 16.0, 15.0, 14.0, 14.0, 13.0, 12.0, 12.0, 11.0, 10.0, 10.0, 10.0, 10.0, 10.0, 10.0, 10.0, 10.0, 9.0, 9.0, 9.0, 9.0, 8.0, 8.0, 8.0, 8.0, 8.0]",COMPLETE
