,number,value,datetime_start,datetime_complete,duration,params_batch_size_scaler,params_constant_learning_rate,params_depth,params_epochs,params_kernel_l2,params_num_trees,params_temperature,user_attrs_accuracy_test,user_attrs_accuracy_valid,user_attrs_approximate_feature_sparsity,user_attrs_approximate_feature_sparsity_history,user_attrs_approximate_weight_sparsity,user_attrs_approximate_weight_sparsity_history,user_attrs_auc_test,user_attrs_auc_valid,user_attrs_feature_sparsity,user_attrs_feature_sparsity_history,user_attrs_num_epochs,user_attrs_val_loss_history,user_attrs_weight_sparsity,user_attrs_weight_sparsity_history,state
162,162,0.8028364957297985,2024-08-31 06:39:43.905427,2024-08-31 06:40:59.530323,0 days 00:01:15.624896,16,0.5164343835437714,6,65,0.013825418810544542,91,0.00036589843164407457,0.877,0.8725,33,"[33, 33, 33, 33, 33, 33, 33, 33, 33, 33, 33, 33, 33, 33, 33, 33, 33, 33, 33, 33, 33, 33, 33, 33, 33, 33, 33, 33, 33, 33, 33, 33, 33, 33, 33, 33, 33, 33, 33, 33, 33, 33, 33, 33, 33, 33, 33, 33, 33, 33, 33, 33, 33, 33, 33, 33, 33, 33, 33, 33, 33, 33, 33, 33, 33]",32.89167974882261,"[32.898482469911045, 32.895866038723184, 32.90249433106576, 32.898656898656895, 32.90266875981162, 32.9023199023199, 32.89883132740276, 32.90075004360719, 32.903017617303334, 32.89830804116518, 32.894121751264606, 32.901796616082336, 32.8998778998779, 32.90179661608233, 32.898656898656895, 32.89726146869004, 32.902145473574045, 32.900226757369616, 32.9035409035409, 32.90179661608233, 32.90005232862376, 32.89638932496076, 32.90075004360718, 32.90266875981162, 32.8998778998779, 32.90284318855747, 32.90336647479504, 32.9023199023199, 32.90162218733647, 32.902843188557476, 32.9035409035409, 32.90162218733647, 32.898482469911045, 32.90092447235305, 32.898482469911045, 32.89202860631432, 32.90179661608233, 32.89848246991104, 32.89848246991104, 32.89813361241933, 32.89970347113204, 32.90266875981162, 32.90005232862376, 32.90075004360718, 32.895342752485604, 32.897610326181756, 32.903192046049185, 32.89830804116519, 32.894993894993895, 32.89516832373975, 32.89918018489447, 32.901273329844756, 32.90249433106576, 32.89551718123147, 32.89516832373975, 32.893249607535324, 32.897959183673464, 32.896912611198324, 32.902843188557476, 32.89970347113204, 32.901098901098905, 32.90005232862376, 32.89359846502703, 32.89115646258504, 32.89167974882261]",0.8229179567202504,0.8028364957297985,33,"[33, 33, 33, 33, 33, 33, 33, 33, 33, 33, 33, 33, 33, 33, 33, 33, 33, 33, 33, 33, 33, 33, 33, 33, 33, 33, 33, 33, 33, 33, 33, 33, 33, 33, 33, 33, 33, 33, 33, 33, 33, 33, 33, 33, 33, 33, 33, 33, 33, 33, 33, 33, 33, 33, 33, 33, 33, 33, 33, 33, 33, 33, 33, 33, 33]",65,"[0.39944493770599365, 0.39212527871131897, 0.38714730739593506, 0.38272130489349365, 0.38009464740753174, 0.3769737482070923, 0.37476280331611633, 0.3728620409965515, 0.37172675132751465, 0.3697693645954132, 0.3694935739040375, 0.36755892634391785, 0.3661805987358093, 0.365360289812088, 0.36535948514938354, 0.3631249964237213, 0.36206260323524475, 0.36115357279777527, 0.36097005009651184, 0.35952889919281006, 0.3582932949066162, 0.35739776492118835, 0.3565690517425537, 0.3558828830718994, 0.3549755811691284, 0.35517704486846924, 0.35312923789024353, 0.3523695766925812, 0.3509994447231293, 0.35016143321990967, 0.34924042224884033, 0.3484081029891968, 0.3480738401412964, 0.34673836827278137, 0.3458893597126007, 0.34500476717948914, 0.34463486075401306, 0.343489408493042, 0.343185693025589, 0.3419179916381836, 0.3412042260169983, 0.340699702501297, 0.33963295817375183, 0.3389798104763031, 0.33790820837020874, 0.336908221244812, 0.3363848924636841, 0.33556991815567017, 0.3345765769481659, 0.3342265784740448, 0.33333370089530945, 0.33233997225761414, 0.33161547780036926, 0.33040696382522583, 0.3296833336353302, 0.32881149649620056, 0.3277931213378906, 0.3269846439361572, 0.32592839002609253, 0.32537707686424255, 0.32417312264442444, 0.3235374391078949, 0.32227274775505066, 0.321259081363678, 0.32059869170188904]",33.0,"[33.0, 33.0, 33.0, 33.0, 33.0, 33.0, 33.0, 33.0, 33.0, 33.0, 33.0, 33.0, 33.0, 33.0, 33.0, 33.0, 33.0, 33.0, 33.0, 33.0, 33.0, 33.0, 33.0, 33.0, 33.0, 33.0, 33.0, 33.0, 33.0, 33.0, 33.0, 33.0, 33.0, 33.0, 33.0, 33.0, 33.0, 33.0, 33.0, 33.0, 33.0, 33.0, 33.0, 33.0, 33.0, 33.0, 33.0, 33.0, 33.0, 33.0, 33.0, 33.0, 33.0, 33.0, 33.0, 33.0, 33.0, 33.0, 33.0, 33.0, 33.0, 33.0, 33.0, 33.0, 33.0]",COMPLETE
