,number,value,datetime_start,datetime_complete,duration,params_batch_size_scaler,params_constant_learning_rate,params_depth,params_epochs,params_kernel_l2,params_num_trees,params_temperature,user_attrs_accuracy_test,user_attrs_accuracy_valid,user_attrs_approximate_feature_sparsity,user_attrs_approximate_feature_sparsity_history,user_attrs_approximate_weight_sparsity,user_attrs_approximate_weight_sparsity_history,user_attrs_auc_test,user_attrs_auc_valid,user_attrs_feature_sparsity,user_attrs_feature_sparsity_history,user_attrs_num_epochs,user_attrs_val_loss_history,user_attrs_weight_sparsity,user_attrs_weight_sparsity_history,state
23,23,0.5,2024-08-31 01:25:53.841921,2024-08-31 01:26:14.321672,0 days 00:00:20.479751,64,0.9696874196414744,2,320,0.14901099908573812,26,0.0008255849396056357,0.859,0.85875,0,"[33, 33, 33, 33, 33, 33, 33, 33, 33, 33, 33, 33, 33, 33, 33, 33, 33, 33, 33, 33, 33, 33, 33, 33, 33, 33, 33, 32, 30, 29, 26, 22, 18, 16, 14, 13, 12, 10, 9, 9, 9, 9, 8, 7, 7, 7, 7, 7, 6, 6, 6, 6, 6, 6, 6, 6, 6, 6, 6, 6, 6, 6, 6, 6, 6, 6, 6, 6, 6, 6, 6, 6, 6, 6, 6, 6, 5, 5, 5, 5, 5, 5, 5, 5, 5, 5, 5, 4, 3, 3, 3, 3, 3, 3, 3, 3, 3, 3, 3, 3, 2, 2, 2, 2, 2, 2, 2, 2, 2, 2, 2, 2, 2, 2, 2, 2, 1, 1, 1, 1, 1, 1, 1, 1, 1, 1, 1, 1, 1, 1, 1, 1, 1, 1, 1, 1, 1, 1, 1, 1, 1, 1, 1, 1, 1, 1, 1, 1, 1, 1, 1, 1, 1, 1, 1, 1, 1, 1, 1, 1, 1, 1, 1, 1, 1, 1, 1, 1, 1, 1, 1, 1, 1, 1, 1, 1, 1, 1, 1, 1, 1, 1, 1, 1, 1, 1, 1, 1, 1, 1, 1, 1, 1, 1, 1, 1, 1, 1, 1, 1, 1, 1, 1, 0, 0, 0, 0, 0, 0, 0, 0, 0, 0, 0, 0, 0, 0, 0, 0, 0, 0, 0, 0, 0, 0, 0, 0, 0, 0, 0, 0, 0, 0, 0, 0, 0, 0, 0, 0, 0, 0, 0, 0, 0, 0, 0, 0, 0, 0, 0, 0, 0, 0, 0, 0, 0, 0, 0, 0, 0, 0, 0, 0, 0, 0, 0, 0, 0, 0, 0, 0, 0, 0, 0, 0, 0, 0, 0, 0, 0, 0, 0, 0, 0, 0, 0, 0, 0, 0, 0, 0, 0, 0, 0, 0, 0, 0, 0, 0, 0, 0, 0, 0, 0, 0, 0, 0, 0, 0, 0, 0, 0, 0, 0, 0, 0, 0, 0, 0, 0]",0.0,"[32.98717948717949, 32.97435897435898, 32.98717948717949, 32.97435897435898, 32.97435897435898, 32.98717948717949, 33.0, 33.0, 32.97435897435898, 32.97435897435898, 33.0, 33.0, 32.96153846153846, 32.98717948717949, 32.98717948717949, 32.94871794871795, 32.98717948717949, 32.97435897435898, 32.97435897435898, 32.98717948717949, 32.97435897435898, 32.96153846153846, 32.92307692307692, 32.97435897435898, 32.98717948717949, 33.0, 32.98717948717949, 31.974358974358974, 29.974358974358974, 28.974358974358974, 25.974358974358978, 21.98717948717949, 17.98717948717949, 15.987179487179487, 13.987179487179487, 12.987179487179487, 11.987179487179487, 10.0, 9.0, 9.0, 9.0, 9.0, 8.0, 7.0, 7.0, 7.0, 6.987179487179487, 7.0, 6.0, 6.0, 6.0, 6.0, 6.0, 6.0, 6.0, 5.9743589743589745, 5.987179487179487, 6.0, 6.0, 5.987179487179487, 6.0, 6.0, 6.0, 6.0, 5.987179487179487, 6.0, 5.987179487179487, 5.987179487179487, 6.0, 5.987179487179487, 5.987179487179487, 6.0, 6.0, 6.0, 6.0, 6.0, 5.0, 5.0, 4.987179487179487, 5.0, 5.0, 5.0, 4.9743589743589745, 4.987179487179487, 5.0, 5.0, 4.9743589743589745, 4.0, 3.0, 2.9871794871794872, 3.0, 2.9743589743589745, 2.9871794871794872, 3.0, 2.9743589743589745, 3.0, 2.9871794871794872, 2.9871794871794872, 2.9871794871794872, 3.0, 1.9871794871794872, 2.0, 1.9743589743589745, 1.9871794871794872, 2.0, 1.9871794871794872, 2.0, 2.0, 2.0, 2.0, 2.0, 2.0, 2.0, 2.0, 2.0, 2.0, 1.0, 1.0, 1.0, 1.0, 1.0, 1.0, 1.0, 1.0, 1.0, 1.0, 1.0, 1.0, 1.0, 1.0, 1.0, 1.0, 1.0, 1.0, 1.0, 1.0, 1.0, 1.0, 1.0, 1.0, 1.0, 1.0, 1.0, 1.0, 1.0, 0.9871794871794872, 1.0, 1.0, 1.0, 1.0, 1.0, 1.0, 1.0, 1.0, 1.0, 0.9871794871794872, 1.0, 1.0, 1.0, 1.0, 1.0, 1.0, 1.0, 1.0, 1.0, 1.0, 1.0, 1.0, 1.0, 1.0, 1.0, 1.0, 1.0, 1.0, 1.0, 1.0, 1.0, 1.0, 1.0, 1.0, 1.0, 1.0, 1.0, 1.0, 1.0, 1.0, 1.0, 1.0, 1.0, 1.0, 1.0, 1.0, 1.0, 1.0, 1.0, 1.0, 1.0, 1.0, 1.0, 1.0, 1.0, 1.0, 1.0, 0.0, 0.0, 0.0, 0.0, 0.0, 0.0, 0.0, 0.0, 0.0, 0.0, 0.0, 0.0, 0.0, 0.0, 0.0, 0.0, 0.0, 0.0, 0.0, 0.0, 0.0, 0.0, 0.0, 0.0, 0.0, 0.0, 0.0, 0.0, 0.0, 0.0, 0.0, 0.0, 0.0, 0.0, 0.0, 0.0, 0.0, 0.0, 0.0, 0.0, 0.0, 0.0, 0.0, 0.0, 0.0, 0.0, 0.0, 0.0, 0.0, 0.0, 0.0, 0.0, 0.0, 0.0, 0.0, 0.0, 0.0, 0.0, 0.0, 0.0, 0.0, 0.0, 0.0, 0.0, 0.0, 0.0, 0.0, 0.0, 0.0, 0.0, 0.0, 0.0, 0.0, 0.0, 0.0, 0.0, 0.0, 0.0, 0.0, 0.0, 0.0, 0.0, 0.0, 0.0, 0.0, 0.0, 0.0, 0.0, 0.0, 0.0, 0.0, 0.0, 0.0, 0.0, 0.0, 0.0, 0.0, 0.0, 0.0, 0.0, 0.0, 0.0, 0.0, 0.0, 0.0, 0.0, 0.0, 0.0, 0.0, 0.0, 0.0, 0.0, 0.0, 0.0, 0.0, 0.0, 0.0]",0.5,0.5,0,"[33, 33, 33, 33, 33, 33, 33, 33, 33, 33, 33, 33, 33, 33, 33, 33, 33, 33, 33, 33, 33, 33, 33, 33, 33, 33, 33, 32, 30, 29, 26, 22, 18, 16, 14, 13, 12, 10, 9, 9, 9, 9, 8, 7, 7, 7, 7, 7, 6, 6, 6, 6, 6, 6, 6, 6, 6, 6, 6, 6, 6, 6, 6, 6, 6, 6, 6, 6, 6, 6, 6, 6, 6, 6, 6, 6, 5, 5, 5, 5, 5, 5, 5, 5, 5, 5, 5, 4, 3, 3, 3, 3, 3, 3, 3, 3, 3, 3, 3, 3, 2, 2, 2, 2, 2, 2, 2, 2, 2, 2, 2, 2, 2, 2, 2, 2, 1, 1, 1, 1, 1, 1, 1, 1, 1, 1, 1, 1, 1, 1, 1, 1, 1, 1, 1, 1, 1, 1, 1, 1, 1, 1, 1, 1, 1, 1, 1, 1, 1, 1, 1, 1, 1, 1, 1, 1, 1, 1, 1, 1, 1, 1, 1, 1, 1, 1, 1, 1, 1, 1, 1, 1, 1, 1, 1, 1, 1, 1, 1, 1, 1, 1, 1, 1, 1, 1, 1, 1, 1, 1, 1, 1, 1, 1, 1, 1, 1, 1, 1, 1, 1, 1, 1, 0, 0, 0, 0, 0, 0, 0, 0, 0, 0, 0, 0, 0, 0, 0, 0, 0, 0, 0, 0, 0, 0, 0, 0, 0, 0, 0, 0, 0, 0, 0, 0, 0, 0, 0, 0, 0, 0, 0, 0, 0, 0, 0, 0, 0, 0, 0, 0, 0, 0, 0, 0, 0, 0, 0, 0, 0, 0, 0, 0, 0, 0, 0, 0, 0, 0, 0, 0, 0, 0, 0, 0, 0, 0, 0, 0, 0, 0, 0, 0, 0, 0, 0, 0, 0, 0, 0, 0, 0, 0, 0, 0, 0, 0, 0, 0, 0, 0, 0, 0, 0, 0, 0, 0, 0, 0, 0, 0, 0, 0, 0, 0, 0, 0, 0, 0, 0]",320,"[0.47573167085647583, 0.47597867250442505, 0.4663770794868469, 0.4509528875350952, 0.4484677016735077, 0.44122064113616943, 0.46050724387168884, 0.44295233488082886, 0.43311718106269836, 0.42387139797210693, 0.4220069646835327, 0.4139185845851898, 0.4113568067550659, 0.4258023202419281, 0.40858232975006104, 0.41729891300201416, 0.39863958954811096, 0.3936138451099396, 0.39066630601882935, 0.383506178855896, 0.3780352771282196, 0.3915318250656128, 0.38019314408302307, 0.3692220449447632, 0.3673957884311676, 0.37693873047828674, 0.3571165204048157, 0.3660953938961029, 0.3514154553413391, 0.3582615554332733, 0.3421562910079956, 0.33918872475624084, 0.35716721415519714, 0.32550179958343506, 0.3224082291126251, 0.30877554416656494, 0.31160491704940796, 0.31794145703315735, 0.3178808093070984, 0.3126254081726074, 0.32533636689186096, 0.306271493434906, 0.30917641520500183, 0.3091921806335449, 0.31890788674354553, 0.3093234896659851, 0.304290235042572, 0.30573582649230957, 0.3049282133579254, 0.30417266488075256, 0.31513914465904236, 0.32132065296173096, 0.350994348526001, 0.40501442551612854, 0.2990287244319916, 0.29857137799263, 0.30404019355773926, 0.2989339828491211, 0.29514434933662415, 0.29460409283638, 0.30766651034355164, 0.3596917986869812, 0.3055359721183777, 0.311196893453598, 0.3076266646385193, 0.4250730574131012, 0.29168403148651123, 0.3499051034450531, 0.2956359386444092, 0.29163387417793274, 0.29183098673820496, 0.2905817925930023, 0.2887582778930664, 0.3185102045536041, 0.2888542413711548, 0.295486181974411, 0.30697888135910034, 0.32109642028808594, 0.3564686179161072, 0.3406873941421509, 0.3129706382751465, 0.31745558977127075, 0.30629268288612366, 0.30650025606155396, 0.31650182604789734, 0.3072656989097595, 0.3059524893760681, 0.3290625512599945, 0.7791340351104736, 0.34667113423347473, 0.3510165512561798, 0.3951394259929657, 0.3403263986110687, 0.3396724462509155, 0.3634280264377594, 0.33780714869499207, 0.33891400694847107, 0.3367908000946045, 0.3537159860134125, 0.33846935629844666, 0.36399707198143005, 0.3595501780509949, 0.35961487889289856, 0.35690250992774963, 0.3887486159801483, 0.36880257725715637, 0.35326915979385376, 0.34706002473831177, 0.42696627974510193, 0.3538390100002289, 0.3465270698070526, 0.3498314917087555, 0.36787328124046326, 0.3565758764743805, 0.3488943576812744, 0.3459354043006897, 0.39462193846702576, 0.3749161660671234, 0.3863180875778198, 0.36861586570739746, 0.37421905994415283, 0.3691854178905487, 0.366476446390152, 0.3654790222644806, 0.38376232981681824, 0.4115379750728607, 0.38784119486808777, 0.3663638234138489, 0.4145873785018921, 0.406199187040329, 0.36662358045578003, 0.3703140616416931, 0.36712846159935, 0.369437575340271, 0.4262230694293976, 0.41569983959198, 0.36996132135391235, 0.3676704466342926, 0.3891856074333191, 0.36613884568214417, 0.37690964341163635, 0.3805729150772095, 0.36769869923591614, 0.4069278836250305, 0.37264934182167053, 0.4009442627429962, 0.3826812505722046, 0.38773736357688904, 0.37819594144821167, 0.36962416768074036, 0.3684249818325043, 0.3819348216056824, 0.39884090423583984, 0.3876490294933319, 0.3882681131362915, 0.37082234025001526, 0.371305912733078, 0.368412047624588, 0.3657517731189728, 0.36508646607398987, 0.3658982217311859, 0.37194451689720154, 0.37095677852630615, 0.3675664961338043, 0.3882700204849243, 0.3831840455532074, 0.4117697477340698, 0.3680454194545746, 0.39227622747421265, 0.3967553973197937, 0.36507347226142883, 0.3740679621696472, 0.4198862910270691, 0.3803180456161499, 0.3694985508918762, 0.3788156807422638, 0.36687061190605164, 0.36469727754592896, 0.40335339307785034, 0.39439156651496887, 0.3925398886203766, 0.3673235774040222, 0.3654576539993286, 0.3662216067314148, 0.36637383699417114, 0.38407742977142334, 0.3660561740398407, 0.3803195059299469, 0.36567139625549316, 0.4135548770427704, 0.37856683135032654, 0.36620497703552246, 0.37938153743743896, 0.38919103145599365, 0.383550763130188, 0.3744569718837738, 0.37149566411972046, 0.3747066855430603, 0.3761598467826843, 0.36517202854156494, 0.3671761453151703, 0.3658425509929657, 0.40818414092063904, 0.41201332211494446, 0.4121149480342865, 0.4189194440841675, 0.4493215084075928, 0.4593084752559662, 0.45055511593818665, 0.4082796573638916, 0.410927951335907, 0.4429285526275635, 0.41002386808395386, 0.4319878816604614, 0.41831856966018677, 0.4708138406276703, 0.4078098237514496, 0.44128096103668213, 0.4188089668750763, 0.40923774242401123, 0.4077506959438324, 0.4412284791469574, 0.4303675889968872, 0.4073067009449005, 0.5167189240455627, 0.48209068179130554, 0.4176786541938782, 0.4121648371219635, 0.45333853363990784, 0.40744444727897644, 0.4238373637199402, 0.40727463364601135, 0.42002052068710327, 0.45652031898498535, 0.44847771525382996, 0.4164285659790039, 0.4101201295852661, 0.4072261154651642, 0.44842955470085144, 0.4165972173213959, 0.41363537311553955, 0.41991162300109863, 0.6444931626319885, 0.4486565887928009, 0.4137742519378662, 0.41984397172927856, 0.42559775710105896, 0.41245201230049133, 0.40794673562049866, 0.41837653517723083, 0.43988800048828125, 0.4095518887042999, 0.4110363721847534, 0.45387962460517883, 0.4981519281864166, 0.4460146725177765, 0.408568799495697, 0.40726780891418457, 0.4223920404911041, 0.4085652232170105, 0.40742918848991394, 0.4092021882534027, 0.4199317991733551, 0.42678749561309814, 0.40993767976760864, 0.44761237502098083, 0.4107261002063751, 0.41247478127479553, 0.4086494445800781, 0.41684991121292114, 0.41069385409355164, 0.4106183648109436, 0.47103646397590637, 0.41387665271759033, 0.41478317975997925, 0.407772421836853, 0.41620582342147827, 0.4115792512893677, 0.40886443853378296, 0.40881043672561646, 0.4373696446418762, 0.4263864755630493, 0.40736350417137146, 0.40738022327423096, 0.40877068042755127, 0.4114549160003662, 0.40760937333106995, 0.41943836212158203, 0.4100531041622162, 0.40811529755592346, 0.41020238399505615, 0.45433083176612854, 0.40924492478370667, 0.4077353775501251, 0.42267611622810364, 0.43314072489738464, 0.4200608730316162, 0.4130977392196655, 0.4177672266960144, 0.4082288444042206, 0.40743252635002136, 0.4398491680622101, 0.42302581667900085, 0.4084697663784027, 0.4370173513889313, 0.4275163412094116, 0.407295823097229, 0.4109555184841156, 0.4095572531223297, 0.4119182527065277, 0.40886008739471436, 0.5044325590133667, 0.43787017464637756, 0.407827228307724, 0.40965408086776733, 0.43880996108055115, 0.409371554851532, 0.4547305405139923, 0.5096511244773865, 0.40782803297042847]",0.0,"[33.0, 33.0, 33.0, 33.0, 33.0, 33.0, 33.0, 33.0, 33.0, 33.0, 33.0, 33.0, 33.0, 33.0, 33.0, 33.0, 33.0, 33.0, 33.0, 33.0, 33.0, 33.0, 33.0, 33.0, 33.0, 33.0, 33.0, 32.0, 30.0, 29.0, 26.0, 22.0, 18.0, 16.0, 14.0, 13.0, 12.0, 10.0, 9.0, 9.0, 9.0, 9.0, 8.0, 7.0, 7.0, 7.0, 7.0, 7.0, 6.0, 6.0, 6.0, 6.0, 6.0, 6.0, 6.0, 6.0, 6.0, 6.0, 6.0, 6.0, 6.0, 6.0, 6.0, 6.0, 6.0, 6.0, 6.0, 6.0, 6.0, 6.0, 6.0, 6.0, 6.0, 6.0, 6.0, 6.0, 5.0, 5.0, 5.0, 5.0, 5.0, 5.0, 5.0, 5.0, 5.0, 5.0, 5.0, 4.0, 3.0, 3.0, 3.0, 3.0, 3.0, 3.0, 3.0, 3.0, 3.0, 3.0, 3.0, 3.0, 2.0, 2.0, 2.0, 2.0, 2.0, 2.0, 2.0, 2.0, 2.0, 2.0, 2.0, 2.0, 2.0, 2.0, 2.0, 2.0, 1.0, 1.0, 1.0, 1.0, 1.0, 1.0, 1.0, 1.0, 1.0, 1.0, 1.0, 1.0, 1.0, 1.0, 1.0, 1.0, 1.0, 1.0, 1.0, 1.0, 1.0, 1.0, 1.0, 1.0, 1.0, 1.0, 1.0, 1.0, 1.0, 1.0, 1.0, 1.0, 1.0, 1.0, 1.0, 1.0, 1.0, 1.0, 1.0, 1.0, 1.0, 1.0, 1.0, 1.0, 1.0, 1.0, 1.0, 1.0, 1.0, 1.0, 1.0, 1.0, 1.0, 1.0, 1.0, 1.0, 1.0, 1.0, 1.0, 1.0, 1.0, 1.0, 1.0, 1.0, 1.0, 1.0, 1.0, 1.0, 1.0, 1.0, 1.0, 1.0, 1.0, 1.0, 1.0, 1.0, 1.0, 1.0, 1.0, 1.0, 1.0, 1.0, 1.0, 1.0, 1.0, 1.0, 1.0, 0.0, 0.0, 0.0, 0.0, 0.0, 0.0, 0.0, 0.0, 0.0, 0.0, 0.0, 0.0, 0.0, 0.0, 0.0, 0.0, 0.0, 0.0, 0.0, 0.0, 0.0, 0.0, 0.0, 0.0, 0.0, 0.0, 0.0, 0.0, 0.0, 0.0, 0.0, 0.0, 0.0, 0.0, 0.0, 0.0, 0.0, 0.0, 0.0, 0.0, 0.0, 0.0, 0.0, 0.0, 0.0, 0.0, 0.0, 0.0, 0.0, 0.0, 0.0, 0.0, 0.0, 0.0, 0.0, 0.0, 0.0, 0.0, 0.0, 0.0, 0.0, 0.0, 0.0, 0.0, 0.0, 0.0, 0.0, 0.0, 0.0, 0.0, 0.0, 0.0, 0.0, 0.0, 0.0, 0.0, 0.0, 0.0, 0.0, 0.0, 0.0, 0.0, 0.0, 0.0, 0.0, 0.0, 0.0, 0.0, 0.0, 0.0, 0.0, 0.0, 0.0, 0.0, 0.0, 0.0, 0.0, 0.0, 0.0, 0.0, 0.0, 0.0, 0.0, 0.0, 0.0, 0.0, 0.0, 0.0, 0.0, 0.0, 0.0, 0.0, 0.0, 0.0, 0.0, 0.0, 0.0]",COMPLETE
