,number,value,datetime_start,datetime_complete,duration,params_batch_size_scaler,params_constant_learning_rate,params_depth,params_epochs,params_kernel_l2,params_num_trees,params_temperature,user_attrs_accuracy_test,user_attrs_accuracy_valid,user_attrs_approximate_feature_sparsity,user_attrs_approximate_feature_sparsity_history,user_attrs_approximate_weight_sparsity,user_attrs_approximate_weight_sparsity_history,user_attrs_auc_test,user_attrs_auc_valid,user_attrs_feature_sparsity,user_attrs_feature_sparsity_history,user_attrs_num_epochs,user_attrs_val_loss_history,user_attrs_weight_sparsity,user_attrs_weight_sparsity_history,state
43,43,0.5,2024-08-31 02:17:12.097536,2024-08-31 02:20:43.611847,0 days 00:03:31.514311,4,0.5309999148904759,4,475,0.25546359220039744,49,0.0017032832595595042,0.859,0.85875,0,"[33, 33, 33, 33, 33, 33, 32, 16, 14, 12, 10, 9, 8, 8, 8, 8, 8, 8, 7, 7, 7, 7, 7, 7, 7, 7, 7, 7, 7, 7, 7, 7, 7, 7, 7, 7, 7, 7, 7, 7, 7, 7, 7, 7, 7, 7, 7, 7, 7, 7, 7, 7, 7, 7, 7, 7, 7, 7, 7, 7, 7, 7, 7, 7, 7, 7, 7, 7, 7, 7, 7, 7, 7, 7, 7, 7, 7, 7, 7, 7, 7, 7, 7, 7, 7, 7, 7, 7, 7, 6, 6, 6, 6, 6, 6, 6, 6, 6, 6, 6, 6, 6, 6, 6, 6, 6, 6, 6, 6, 6, 6, 6, 6, 6, 6, 6, 6, 6, 6, 6, 6, 6, 6, 6, 6, 6, 6, 6, 6, 6, 6, 6, 6, 6, 6, 6, 6, 6, 6, 6, 6, 6, 6, 6, 6, 6, 6, 6, 6, 6, 6, 6, 6, 6, 6, 6, 6, 6, 6, 6, 6, 6, 6, 5, 5, 5, 5, 5, 5, 5, 5, 5, 5, 5, 5, 5, 5, 4, 4, 4, 4, 4, 4, 4, 4, 4, 4, 4, 4, 4, 4, 4, 4, 4, 4, 4, 4, 4, 4, 4, 4, 4, 4, 4, 4, 4, 4, 4, 4, 4, 4, 4, 4, 4, 4, 4, 4, 4, 4, 4, 4, 4, 4, 4, 4, 4, 4, 4, 4, 4, 4, 4, 4, 4, 4, 4, 4, 4, 4, 4, 4, 4, 4, 4, 4, 4, 4, 4, 4, 4, 4, 4, 4, 4, 4, 4, 4, 4, 4, 4, 4, 4, 4, 4, 4, 4, 4, 4, 4, 4, 4, 4, 4, 4, 4, 4, 4, 4, 4, 4, 4, 4, 4, 4, 4, 4, 4, 4, 4, 4, 4, 4, 4, 4, 4, 4, 4, 4, 4, 4, 4, 4, 4, 4, 4, 4, 4, 4, 4, 4, 4, 4, 4, 4, 4, 4, 4, 4, 4, 4, 4, 4, 4, 4, 4, 4, 4, 4, 4, 4, 4, 4, 4, 4, 4, 4, 4, 4, 4, 4, 4, 4, 4, 4, 4, 4, 4, 4, 4, 4, 4, 4, 4, 4, 4, 4, 4, 4, 4, 4, 4, 4, 4, 4, 4, 4, 4, 4, 4, 4, 4, 4, 4, 4, 4, 2, 2, 2, 2, 2, 2, 1, 1, 1, 1, 1, 1, 1, 0, 0, 0, 0, 0, 0, 0, 0, 0, 0, 0, 0, 0, 0, 0, 0, 0, 0, 0, 0, 0, 0, 0, 0, 0, 0, 0, 0, 0, 0, 0, 0, 0, 0, 0, 0, 0, 0, 0, 0, 0, 0, 0, 0, 0, 0, 0, 0, 0, 0, 0, 0, 0, 0, 0, 0, 0, 0, 0, 0, 0, 0, 0, 0, 0, 0, 0, 0, 0, 0, 0, 0, 0, 0, 0, 0, 0, 0, 0, 0, 0, 0, 0, 0, 0, 0, 0]",0.0,"[32.97414965986395, 32.94557823129252, 32.945578231292515, 32.95918367346939, 32.965986394557824, 32.964625850340134, 31.96054421768708, 15.974149659863945, 13.980952380952381, 11.989115646258504, 9.993197278911564, 8.989115646258504, 7.994557823129252, 7.983673469387755, 7.985034013605443, 7.987755102040817, 7.991836734693878, 7.993197278911565, 6.994557823129252, 6.993197278911564, 6.9904761904761905, 6.997278911564626, 6.994557823129252, 6.993197278911564, 6.991836734693878, 6.9918367346938775, 6.983673469387755, 6.994557823129252, 6.985034013605442, 6.989115646258503, 6.993197278911564, 6.989115646258504, 6.995918367346939, 6.9904761904761905, 6.9904761904761905, 6.98639455782313, 6.985034013605443, 6.986394557823129, 6.993197278911564, 6.9904761904761905, 6.989115646258504, 6.993197278911564, 6.982312925170068, 6.9904761904761905, 6.989115646258503, 6.994557823129252, 6.994557823129252, 6.993197278911564, 6.993197278911564, 6.985034013605443, 6.987755102040817, 6.985034013605443, 6.989115646258504, 6.989115646258504, 6.9904761904761905, 6.982312925170068, 6.989115646258504, 6.986394557823129, 6.986394557823129, 6.987755102040817, 6.982312925170069, 6.980952380952381, 6.982312925170068, 6.985034013605442, 6.993197278911565, 6.978231292517007, 6.98639455782313, 6.98639455782313, 6.993197278911564, 6.983673469387755, 6.986394557823129, 6.979591836734694, 6.979591836734693, 6.986394557823129, 6.9891156462585045, 6.983673469387755, 6.98639455782313, 6.9904761904761905, 6.986394557823129, 6.986394557823129, 6.983673469387755, 6.986394557823129, 6.987755102040817, 6.985034013605442, 6.982312925170068, 6.983673469387755, 6.979591836734694, 6.985034013605442, 6.983673469387755, 5.986394557823129, 5.986394557823129, 5.982312925170068, 5.974149659863945, 5.978231292517007, 5.9727891156462585, 5.970068027210885, 5.975510204081633, 5.987755102040817, 5.976870748299319, 5.979591836734694, 5.978231292517007, 5.979591836734694, 5.979591836734694, 5.985034013605443, 5.980952380952381, 5.978231292517007, 5.978231292517007, 5.983673469387755, 5.985034013605443, 5.982312925170068, 5.979591836734694, 5.985034013605442, 5.985034013605443, 5.980952380952381, 5.985034013605442, 5.979591836734693, 5.983673469387755, 5.975510204081632, 5.975510204081633, 5.974149659863945, 5.9727891156462585, 5.961904761904762, 5.965986394557823, 5.968707482993198, 5.974149659863945, 5.978231292517007, 5.970068027210884, 5.980952380952381, 5.985034013605443, 5.975510204081632, 5.9727891156462585, 5.970068027210885, 5.980952380952381, 5.980952380952381, 5.9727891156462585, 5.978231292517006, 5.979591836734694, 5.974149659863945, 5.974149659863945, 5.965986394557823, 5.970068027210884, 5.964625850340136, 5.968707482993198, 5.9727891156462585, 5.970068027210885, 5.96734693877551, 5.974149659863945, 5.968707482993198, 5.976870748299319, 5.9727891156462585, 5.960544217687075, 5.975510204081632, 5.96734693877551, 5.970068027210884, 5.9578231292517, 5.965986394557824, 5.975510204081632, 5.970068027210885, 5.983673469387755, 5.975510204081633, 5.968707482993198, 5.963265306122449, 5.959183673469388, 4.975510204081632, 4.974149659863945, 4.9727891156462585, 4.982312925170068, 4.976870748299319, 4.975510204081632, 4.979591836734693, 4.979591836734694, 4.978231292517007, 4.975510204081632, 4.979591836734694, 4.975510204081632, 4.980952380952381, 4.978231292517006, 3.978231292517007, 3.9687074829931976, 3.9768707482993197, 3.975510204081633, 3.978231292517007, 3.982312925170068, 3.982312925170068, 3.978231292517007, 3.9755102040816324, 3.979591836734694, 3.979591836734694, 3.9727891156462585, 3.9768707482993193, 3.97687074829932, 3.978231292517007, 3.9877551020408166, 3.978231292517007, 3.982312925170068, 3.978231292517007, 3.975510204081633, 3.982312925170068, 3.9768707482993197, 3.9714285714285715, 3.975510204081633, 3.964625850340136, 3.9659863945578238, 3.9700680272108846, 3.978231292517007, 3.9741496598639454, 3.965986394557823, 3.975510204081633, 3.9768707482993197, 3.975510204081633, 3.980952380952381, 3.9727891156462585, 3.9768707482993197, 3.9632653061224494, 3.980952380952381, 3.9687074829931976, 3.9782312925170067, 3.9755102040816324, 3.968707482993197, 3.970068027210884, 3.9700680272108846, 3.965986394557823, 3.9714285714285715, 3.965986394557823, 3.9673469387755103, 3.963265306122449, 3.964625850340136, 3.9673469387755103, 3.9510204081632656, 3.964625850340136, 3.964625850340136, 3.9551020408163264, 3.9537414965986395, 3.956462585034014, 3.9727891156462585, 3.9578231292517008, 3.9700680272108846, 3.960544217687075, 3.9591836734693877, 3.963265306122449, 3.972789115646259, 3.961904761904762, 3.968707482993197, 3.9659863945578233, 3.9755102040816332, 3.965986394557823, 3.9687074829931976, 3.964625850340136, 3.961904761904762, 3.974149659863946, 3.974149659863946, 3.9700680272108846, 3.970068027210884, 3.964625850340136, 3.96734693877551, 3.9578231292517003, 3.9591836734693873, 3.9523809523809526, 3.9591836734693877, 3.9578231292517008, 3.9578231292517008, 3.9510204081632656, 3.9551020408163264, 3.9591836734693877, 3.9564625850340134, 3.959183673469388, 3.963265306122449, 3.956462585034014, 3.959183673469388, 3.961904761904762, 3.961904761904762, 3.9537414965986395, 3.9523809523809526, 3.949659863945578, 3.946938775510204, 3.951020408163265, 3.9442176870748296, 3.942857142857143, 3.946938775510204, 3.952380952380952, 3.9605442176870747, 3.9523809523809526, 3.9510204081632656, 3.955102040816327, 3.9523809523809526, 3.942857142857143, 3.95374149659864, 3.9537414965986395, 3.942857142857143, 3.9387755102040813, 3.9482993197278913, 3.956462585034014, 3.9523809523809526, 3.9482993197278913, 3.9482993197278913, 3.94421768707483, 3.9469387755102043, 3.9469387755102043, 3.938775510204082, 3.951020408163265, 3.942857142857143, 3.9374149659863944, 3.9374149659863944, 3.938775510204082, 3.938775510204082, 3.9387755102040813, 3.9333333333333336, 3.9346938775510205, 3.9306122448979592, 3.9306122448979592, 3.9210884353741497, 3.9333333333333336, 3.9210884353741497, 3.927891156462585, 3.922448979591837, 3.9224489795918367, 3.937414965986395, 3.926530612244898, 3.925170068027211, 3.937414965986395, 3.931972789115646, 3.927891156462585, 3.929251700680272, 3.925170068027211, 3.9210884353741497, 3.9333333333333336, 3.9210884353741493, 3.9238095238095236, 3.9360544217687075, 3.9224489795918367, 3.926530612244898, 3.9387755102040813, 3.927891156462585, 3.9333333333333336, 3.925170068027211, 3.9374149659863944, 3.926530612244898, 3.931972789115646, 3.9346938775510205, 3.941496598639456, 3.933333333333333, 3.931972789115646, 3.9306122448979592, 3.9360544217687075, 3.9374149659863944, 3.9156462585034015, 3.927891156462585, 3.9374149659863944, 3.9401360544217687, 3.9374149659863944, 3.926530612244898, 3.9319727891156466, 3.9346938775510205, 3.927891156462585, 3.9278911564625854, 3.9306122448979597, 3.927891156462585, 3.925170068027211, 3.925170068027211, 3.927891156462585, 3.926530612244898, 3.9102040816326533, 3.9210884353741497, 3.926530612244898, 3.9183673469387754, 3.9251700680272106, 3.9183673469387754, 3.9224489795918367, 3.923809523809524, 3.912925170068027, 3.919727891156463, 3.9210884353741497, 3.9183673469387754, 3.9197278911564624, 3.926530612244898, 1.9782312925170067, 1.9768707482993197, 1.9768707482993197, 1.9768707482993197, 1.9768707482993197, 1.9768707482993197, 0.9863945578231292, 0.9836734693877551, 0.9836734693877551, 0.9863945578231292, 0.9823129251700681, 0.9823129251700681, 0.9836734693877551, 0.0, 0.0, 0.0, 0.0, 0.0, 0.0, 0.0, 0.0, 0.0, 0.0, 0.0, 0.0, 0.0, 0.0, 0.0, 0.0, 0.0, 0.0, 0.0, 0.0, 0.0, 0.0, 0.0, 0.0, 0.0, 0.0, 0.0, 0.0, 0.0, 0.0, 0.0, 0.0, 0.0, 0.0, 0.0, 0.0, 0.0, 0.0, 0.0, 0.0, 0.0, 0.0, 0.0, 0.0, 0.0, 0.0, 0.0, 0.0, 0.0, 0.0, 0.0, 0.0, 0.0, 0.0, 0.0, 0.0, 0.0, 0.0, 0.0, 0.0, 0.0, 0.0, 0.0, 0.0, 0.0, 0.0, 0.0, 0.0, 0.0, 0.0, 0.0, 0.0, 0.0, 0.0, 0.0, 0.0, 0.0, 0.0, 0.0, 0.0, 0.0, 0.0, 0.0, 0.0, 0.0, 0.0, 0.0]",0.5,0.5,0,"[33, 33, 33, 33, 33, 33, 32, 16, 14, 12, 10, 9, 8, 8, 8, 8, 8, 8, 7, 7, 7, 7, 7, 7, 7, 7, 7, 7, 7, 7, 7, 7, 7, 7, 7, 7, 7, 7, 7, 7, 7, 7, 7, 7, 7, 7, 7, 7, 7, 7, 7, 7, 7, 7, 7, 7, 7, 7, 7, 7, 7, 7, 7, 7, 7, 7, 7, 7, 7, 7, 7, 7, 7, 7, 7, 7, 7, 7, 7, 7, 7, 7, 7, 7, 7, 7, 7, 7, 7, 6, 6, 6, 6, 6, 6, 6, 6, 6, 6, 6, 6, 6, 6, 6, 6, 6, 6, 6, 6, 6, 6, 6, 6, 6, 6, 6, 6, 6, 6, 6, 6, 6, 6, 6, 6, 6, 6, 6, 6, 6, 6, 6, 6, 6, 6, 6, 6, 6, 6, 6, 6, 6, 6, 6, 6, 6, 6, 6, 6, 6, 6, 6, 6, 6, 6, 6, 6, 6, 6, 6, 6, 6, 6, 5, 5, 5, 5, 5, 5, 5, 5, 5, 5, 5, 5, 5, 5, 4, 4, 4, 4, 4, 4, 4, 4, 4, 4, 4, 4, 4, 4, 4, 4, 4, 4, 4, 4, 4, 4, 4, 4, 4, 4, 4, 4, 4, 4, 4, 4, 4, 4, 4, 4, 4, 4, 4, 4, 4, 4, 4, 4, 4, 4, 4, 4, 4, 4, 4, 4, 4, 4, 4, 4, 4, 4, 4, 4, 4, 4, 4, 4, 4, 4, 4, 4, 4, 4, 4, 4, 4, 4, 4, 4, 4, 4, 4, 4, 4, 4, 4, 4, 4, 4, 4, 4, 4, 4, 4, 4, 4, 4, 4, 4, 4, 4, 4, 4, 4, 4, 4, 4, 4, 4, 4, 4, 4, 4, 4, 4, 4, 4, 4, 4, 4, 4, 4, 4, 4, 4, 4, 4, 4, 4, 4, 4, 4, 4, 4, 4, 4, 4, 4, 4, 4, 4, 4, 4, 4, 4, 4, 4, 4, 4, 4, 4, 4, 4, 4, 4, 4, 4, 4, 4, 4, 4, 4, 4, 4, 4, 4, 4, 4, 4, 4, 4, 4, 4, 4, 4, 4, 4, 4, 4, 4, 4, 4, 4, 4, 4, 4, 4, 4, 4, 4, 4, 4, 4, 4, 4, 4, 4, 4, 4, 4, 4, 2, 2, 2, 2, 2, 2, 1, 1, 1, 1, 1, 1, 1, 0, 0, 0, 0, 0, 0, 0, 0, 0, 0, 0, 0, 0, 0, 0, 0, 0, 0, 0, 0, 0, 0, 0, 0, 0, 0, 0, 0, 0, 0, 0, 0, 0, 0, 0, 0, 0, 0, 0, 0, 0, 0, 0, 0, 0, 0, 0, 0, 0, 0, 0, 0, 0, 0, 0, 0, 0, 0, 0, 0, 0, 0, 0, 0, 0, 0, 0, 0, 0, 0, 0, 0, 0, 0, 0, 0, 0, 0, 0, 0, 0, 0, 0, 0, 0, 0, 0]",475,"[0.3963404595851898, 0.38190189003944397, 0.371923565864563, 0.36201050877571106, 0.3531668186187744, 0.3454020619392395, 0.33261042833328247, 0.3163662254810333, 0.30771341919898987, 0.30054914951324463, 0.2974648177623749, 0.29314112663269043, 0.29345887899398804, 0.2861153781414032, 0.28209906816482544, 0.27941834926605225, 0.2764234244823456, 0.2721906006336212, 0.27316200733184814, 0.2689540386199951, 0.2670004367828369, 0.26268211007118225, 0.2622240483760834, 0.26001396775245667, 0.2649265229701996, 0.25761017203330994, 0.2558189928531647, 0.2543925940990448, 0.25727835297584534, 0.25157034397125244, 0.2533734142780304, 0.2506493031978607, 0.24803513288497925, 0.2480461746454239, 0.24827171862125397, 0.24725089967250824, 0.24987594783306122, 0.24659937620162964, 0.2470940202474594, 0.2444826364517212, 0.24345636367797852, 0.24256250262260437, 0.24251902103424072, 0.2455160915851593, 0.24360769987106323, 0.24344423413276672, 0.24157395958900452, 0.24563981592655182, 0.24173252284526825, 0.2419099360704422, 0.24142006039619446, 0.239064559340477, 0.24119062721729279, 0.24055588245391846, 0.24596840143203735, 0.24185478687286377, 0.24567022919654846, 0.2457619458436966, 0.2450484037399292, 0.24217170476913452, 0.24097949266433716, 0.2390289455652237, 0.2377253770828247, 0.24166476726531982, 0.239901602268219, 0.2378825545310974, 0.2388477921485901, 0.23952853679656982, 0.24058149755001068, 0.24401043355464935, 0.2429720163345337, 0.24221092462539673, 0.2461952418088913, 0.23486866056919098, 0.23666304349899292, 0.24098964035511017, 0.23784151673316956, 0.23742817342281342, 0.2348240464925766, 0.24709396064281464, 0.2361762970685959, 0.23507799208164215, 0.23586857318878174, 0.2384926974773407, 0.2374456375837326, 0.24799424409866333, 0.2364346832036972, 0.2369372546672821, 0.23467296361923218, 0.28534576296806335, 0.2763453722000122, 0.27552199363708496, 0.2774738669395447, 0.2756054401397705, 0.2744738459587097, 0.2745450735092163, 0.27371370792388916, 0.27489903569221497, 0.2904830873012543, 0.2825598418712616, 0.28004586696624756, 0.2772018015384674, 0.27154141664505005, 0.2905209958553314, 0.27479323744773865, 0.2740529775619507, 0.28309503197669983, 0.27345511317253113, 0.2902670204639435, 0.27633655071258545, 0.27089759707450867, 0.27147436141967773, 0.27236077189445496, 0.2711217403411865, 0.27484965324401855, 0.27261337637901306, 0.2766781449317932, 0.27601358294487, 0.27049851417541504, 0.2740868628025055, 0.2781391143798828, 0.2736833691596985, 0.2749231457710266, 0.2702604830265045, 0.2766544818878174, 0.2690580487251282, 0.27181458473205566, 0.27229762077331543, 0.27196529507637024, 0.27474290132522583, 0.26988133788108826, 0.2708718776702881, 0.27636483311653137, 0.2736997604370117, 0.2783924341201782, 0.2709454298019409, 0.2813943922519684, 0.26837897300720215, 0.26983898878097534, 0.2687935531139374, 0.27045539021492004, 0.27073460817337036, 0.26864296197891235, 0.2751708924770355, 0.26820826530456543, 0.27260804176330566, 0.2691463530063629, 0.2689889967441559, 0.27170509099960327, 0.2699275314807892, 0.26809027791023254, 0.2695528268814087, 0.2715781331062317, 0.27226847410202026, 0.2772802412509918, 0.26817864179611206, 0.2745080888271332, 0.27100831270217896, 0.2727265954017639, 0.2660195231437683, 0.2708298861980438, 0.26933619379997253, 0.271091490983963, 0.2839590013027191, 0.2863955497741699, 0.2803775370121002, 0.28019532561302185, 0.2818330228328705, 0.2838806211948395, 0.27832382917404175, 0.285739541053772, 0.2785860300064087, 0.2781362235546112, 0.2813662588596344, 0.27669674158096313, 0.28205880522727966, 0.2775283753871918, 0.31123608350753784, 0.303373247385025, 0.30437302589416504, 0.304960697889328, 0.32219886779785156, 0.3028143048286438, 0.30254927277565, 0.3029291331768036, 0.3015143573284149, 0.30217307806015015, 0.3034459352493286, 0.3083480894565582, 0.30188053846359253, 0.3020975589752197, 0.3034040331840515, 0.30348753929138184, 0.310252845287323, 0.3013252913951874, 0.30273672938346863, 0.3015505075454712, 0.3013700246810913, 0.3027915358543396, 0.30786725878715515, 0.30185335874557495, 0.30372297763824463, 0.31166329979896545, 0.30281683802604675, 0.301097571849823, 0.3028032183647156, 0.30474159121513367, 0.30524757504463196, 0.30209872126579285, 0.3035825192928314, 0.3002406358718872, 0.30406102538108826, 0.3106955289840698, 0.31686723232269287, 0.30304810404777527, 0.3001682758331299, 0.30097728967666626, 0.29979783296585083, 0.29925188422203064, 0.3049411475658417, 0.2997121214866638, 0.30108654499053955, 0.30493396520614624, 0.3079749345779419, 0.30325591564178467, 0.2994362711906433, 0.3062010109424591, 0.3058812618255615, 0.2995398938655853, 0.3105526566505432, 0.30718564987182617, 0.3079695999622345, 0.30065593123435974, 0.3033187985420227, 0.30297794938087463, 0.2990427315235138, 0.2997215688228607, 0.3069543242454529, 0.3028750717639923, 0.2998333275318146, 0.30171623826026917, 0.30804651975631714, 0.3044041693210602, 0.30365318059921265, 0.30451148748397827, 0.29965871572494507, 0.2998996675014496, 0.2990915775299072, 0.3187662363052368, 0.3015469014644623, 0.2988925874233246, 0.30277618765830994, 0.30099666118621826, 0.3010310232639313, 0.29901760816574097, 0.3010667562484741, 0.3003081977367401, 0.3011266589164734, 0.3005067706108093, 0.3042328953742981, 0.30339547991752625, 0.3010667562484741, 0.3049868643283844, 0.29996344447135925, 0.3063099980354309, 0.2993890643119812, 0.3027614653110504, 0.3006666898727417, 0.2988335192203522, 0.29990363121032715, 0.30234792828559875, 0.30065879225730896, 0.2994568347930908, 0.30376723408699036, 0.29782652854919434, 0.29827582836151123, 0.30170097947120667, 0.3003830313682556, 0.298893004655838, 0.2990701198577881, 0.2989887595176697, 0.29965829849243164, 0.30364716053009033, 0.29843977093696594, 0.31006327271461487, 0.29859277606010437, 0.3011387586593628, 0.2982785105705261, 0.30022549629211426, 0.3005432188510895, 0.3033492863178253, 0.3075977563858032, 0.29822227358818054, 0.2993116080760956, 0.3018847405910492, 0.3016727864742279, 0.2983644902706146, 0.2989409565925598, 0.2999216616153717, 0.30694928765296936, 0.2986760139465332, 0.2991475462913513, 0.298282265663147, 0.29928356409072876, 0.2987920641899109, 0.2985590398311615, 0.29821550846099854, 0.3039272129535675, 0.29798364639282227, 0.3002978563308716, 0.30050069093704224, 0.3017290532588959, 0.29825687408447266, 0.30637896060943604, 0.29761770367622375, 0.31017109751701355, 0.2999493479728699, 0.2997657060623169, 0.2994280457496643, 0.3012933135032654, 0.29780516028404236, 0.29745668172836304, 0.2978352904319763, 0.2981531620025635, 0.29983237385749817, 0.30516335368156433, 0.2987964153289795, 0.3050695061683655, 0.30086109042167664, 0.2988225817680359, 0.2981628179550171, 0.2989851236343384, 0.2978193759918213, 0.2967488467693329, 0.29810261726379395, 0.2995312511920929, 0.3076888918876648, 0.30435189604759216, 0.3015451729297638, 0.2996094226837158, 0.29833319783210754, 0.30080562829971313, 0.30107665061950684, 0.29675978422164917, 0.29630520939826965, 0.2989616394042969, 0.2976704239845276, 0.30052149295806885, 0.3080863654613495, 0.3009262681007385, 0.30541905760765076, 0.30563849210739136, 0.29878756403923035, 0.30053818225860596, 0.3001329302787781, 0.29741498827934265, 0.29852932691574097, 0.2977508008480072, 0.2985740005970001, 0.3002515137195587, 0.29931917786598206, 0.3036764860153198, 0.29737788438796997, 0.29819628596305847, 0.30874529480934143, 0.2969338297843933, 0.2975134253501892, 0.2963893413543701, 0.298252671957016, 0.29740777611732483, 0.2977047264575958, 0.2968968152999878, 0.3001621663570404, 0.30245116353034973, 0.2996671199798584, 0.3801429271697998, 0.3765362501144409, 0.37551960349082947, 0.37645775079727173, 0.38507404923439026, 0.3829273283481598, 0.4012165367603302, 0.39257973432540894, 0.39598995447158813, 0.39930886030197144, 0.3926006257534027, 0.39259639382362366, 0.39308688044548035, 0.4086758494377136, 0.4080664813518524, 0.413731187582016, 0.41476890444755554, 0.41232433915138245, 0.40725943446159363, 0.42467549443244934, 0.42312660813331604, 0.4132431745529175, 0.41145458817481995, 0.4113638401031494, 0.4092508554458618, 0.41379398107528687, 0.4079885184764862, 0.407866895198822, 0.40997543931007385, 0.41228896379470825, 0.41637593507766724, 0.4072522222995758, 0.407357782125473, 0.4076116979122162, 0.4075084328651428, 0.4082547128200531, 0.40762919187545776, 0.41740038990974426, 0.41230109333992004, 0.4072359800338745, 0.41969698667526245, 0.40837040543556213, 0.4101947546005249, 0.407257080078125, 0.4079771339893341, 0.4105363190174103, 0.40820467472076416, 0.40871942043304443, 0.4072539806365967, 0.4085584580898285, 0.40854835510253906, 0.4085206091403961, 0.40791767835617065, 0.4164223074913025, 0.4100137948989868, 0.4091261923313141, 0.41140133142471313, 0.41357725858688354, 0.4075430929660797, 0.40777528285980225, 0.4077122211456299, 0.4075891077518463, 0.4078657627105713, 0.4133204221725464, 0.4108007550239563, 0.41340240836143494, 0.434244841337204, 0.4078138470649719, 0.4079146683216095, 0.4074367880821228, 0.40729522705078125, 0.41262656450271606, 0.4077211022377014, 0.41314762830734253, 0.4216786324977875, 0.4073021411895752, 0.4076022803783417, 0.40826016664505005, 0.4244042932987213, 0.41582003235816956, 0.40856796503067017, 0.4094443917274475, 0.4143156409263611, 0.40752822160720825, 0.41058608889579773, 0.40777885913848877, 0.4120486378669739, 0.4082013666629791, 0.408756822347641, 0.40932679176330566, 0.4072436988353729, 0.40841132402420044, 0.41541412472724915, 0.413659006357193, 0.4073265790939331, 0.4182872474193573, 0.41000035405158997, 0.42007243633270264, 0.40830570459365845, 0.4074101150035858]",0.0,"[33.0, 33.0, 33.0, 33.0, 33.0, 33.0, 32.0, 16.0, 14.0, 12.0, 10.0, 9.0, 8.0, 8.0, 8.0, 8.0, 8.0, 8.0, 7.0, 7.0, 7.0, 7.0, 7.0, 7.0, 7.0, 7.0, 7.0, 7.0, 7.0, 7.0, 7.0, 7.0, 7.0, 7.0, 7.0, 7.0, 7.0, 7.0, 7.0, 7.0, 7.0, 7.0, 7.0, 7.0, 7.0, 7.0, 7.0, 7.0, 7.0, 7.0, 7.0, 7.0, 7.0, 7.0, 7.0, 7.0, 7.0, 7.0, 7.0, 7.0, 7.0, 7.0, 7.0, 7.0, 7.0, 7.0, 7.0, 7.0, 7.0, 7.0, 7.0, 7.0, 7.0, 7.0, 7.0, 7.0, 7.0, 7.0, 7.0, 7.0, 7.0, 7.0, 7.0, 7.0, 7.0, 7.0, 7.0, 7.0, 7.0, 6.0, 6.0, 6.0, 6.0, 6.0, 6.0, 6.0, 6.0, 6.0, 6.0, 6.0, 6.0, 6.0, 6.0, 6.0, 6.0, 6.0, 6.0, 6.0, 6.0, 6.0, 6.0, 6.0, 6.0, 6.0, 6.0, 6.0, 6.0, 6.0, 6.0, 6.0, 6.0, 6.0, 6.0, 6.0, 6.0, 6.0, 6.0, 6.0, 