,number,value,datetime_start,datetime_complete,duration,params_batch_size_scaler,params_constant_learning_rate,params_depth,params_epochs,params_kernel_l2,params_num_trees,params_temperature,user_attrs_accuracy_test,user_attrs_accuracy_valid,user_attrs_approximate_feature_sparsity,user_attrs_approximate_feature_sparsity_history,user_attrs_approximate_weight_sparsity,user_attrs_approximate_weight_sparsity_history,user_attrs_auc_test,user_attrs_auc_valid,user_attrs_feature_sparsity,user_attrs_feature_sparsity_history,user_attrs_num_epochs,user_attrs_val_loss_history,user_attrs_weight_sparsity,user_attrs_weight_sparsity_history,state
159,159,0.9293452357949789,2024-08-31 06:25:24.355293,2024-08-31 06:32:40.079364,0 days 00:07:15.724071,16,0.7837936512906103,6,390,0.007260025376340921,54,0.0006623622627700985,0.945,0.9575,18,"[33, 33, 33, 33, 33, 33, 33, 33, 33, 33, 33, 33, 33, 33, 33, 33, 33, 33, 33, 33, 33, 33, 33, 33, 33, 33, 33, 33, 33, 33, 33, 33, 33, 33, 33, 33, 33, 33, 33, 33, 33, 33, 33, 33, 33, 33, 33, 33, 33, 33, 33, 33, 33, 33, 33, 33, 33, 33, 33, 33, 33, 32, 28, 28, 27, 24, 24, 24, 23, 23, 22, 22, 22, 22, 21, 21, 21, 21, 21, 20, 20, 20, 20, 20, 20, 19, 19, 19, 19, 19, 19, 19, 19, 19, 19, 19, 19, 19, 19, 19, 19, 19, 18, 18, 18, 18, 18, 18, 18, 18, 18, 18, 18, 18, 18, 18, 18, 18, 18, 18, 18, 18, 18, 18, 18, 18, 18, 18, 18, 18, 18, 18, 18, 18, 18, 18, 18, 18, 18, 18, 18, 18, 18, 18, 18, 18, 18, 18, 18, 18, 18, 18, 18, 18, 18, 18, 18, 18, 18, 18, 18, 18, 18, 18, 18, 18, 18, 18, 18, 18, 18, 18, 18, 18, 18, 18, 18, 18, 18, 18, 18, 18, 18, 18, 18, 18, 18, 18, 18, 18, 18, 18, 18, 18, 18, 18, 18, 18, 18, 18, 18, 18, 18, 18, 18, 18, 18, 18, 18, 18, 18, 18, 18, 18, 18, 18, 18, 18, 18, 18, 18, 18, 18, 18, 18, 18, 18, 18, 18, 18, 18, 18, 18, 18, 18, 18, 18, 18, 18, 18, 18, 18, 18, 18, 18, 18, 18, 18, 18, 18, 18, 18, 18, 18, 18, 18, 18, 18, 18, 18, 18, 18, 18, 18, 18, 18, 18, 18, 18, 18, 18, 18, 18, 18, 18, 18, 18, 18, 18, 18, 18, 18, 18, 18, 18, 18, 18, 18, 18, 18, 18, 18, 18, 18, 18, 18, 18, 18, 18, 18, 18, 18, 18, 18, 18, 18, 18, 18, 18, 18, 18, 18, 18, 18, 18, 18, 18, 18, 18, 18, 18, 18, 18, 18, 18, 18, 18, 18, 18, 18, 18, 18, 18, 18, 18, 18, 18, 18, 18, 18, 18, 18, 18, 18, 18, 18, 18, 18, 18, 18, 18, 18, 18, 18, 18, 18, 18, 18, 18, 18, 18, 18, 18, 18, 18, 18, 18, 18, 18, 18, 18, 18, 18, 18, 18, 18, 18, 18, 18, 18, 18, 18, 18, 18, 18, 18, 18, 18, 18, 18]",17.96766607877719,"[32.9212228101117, 32.9238683127572, 32.92122281011169, 32.922986478542036, 32.92416225749559, 32.91828336272781, 32.92181069958848, 32.92886537330981, 32.930335097001766, 32.92621987066431, 32.91887125220459, 32.92416225749559, 32.92239858906526, 32.92475014697237, 32.92798353909465, 32.92357436801881, 32.9265138154027, 32.92886537330982, 32.925631981187536, 32.92768959435626, 32.92181069958848, 32.92092886537331, 32.92034097589653, 32.92533803644915, 32.921516754850096, 32.92239858906525, 32.91769547325103, 32.92034097589653, 32.9238683127572, 32.92357436801881, 32.9212228101117, 32.92151675485009, 32.91534391534391, 32.924456202233976, 32.92269253380364, 32.92151675485009, 32.923280423280424, 32.920634920634924, 32.92886537330981, 32.9238683127572, 32.926807760141095, 32.92181069958848, 32.92475014697237, 32.92416225749559, 32.92034097589653, 32.92357436801881, 32.92298647854203, 32.917107583774246, 32.923280423280424, 32.917401528512634, 32.92357436801881, 32.92151675485009, 32.925925925925924, 32.92739564961787, 32.92445620223398, 32.92857142857142, 32.93092298647854, 32.92504409171076, 32.926807760141095, 32.92445620223398, 32.9212228101117, 31.925925925925924, 27.936507936507937, 27.94356261022928, 26.93974132863022, 23.946796002351554, 23.95208700764256, 23.950617283950617, 22.94914756025867, 22.947383891828338, 21.954438565549676, 21.94885361552028, 21.947677836566726, 21.950911228689005, 20.952968841857732, 20.95326278659612, 20.952087007642564, 20.943856554967667, 20.948853615520285, 19.951205173427393, 19.95355673133451, 19.948853615520285, 19.95620223398001, 19.955908289241624, 19.950617283950614, 18.953850676072896, 18.956202233980008, 18.952968841857732, 18.955026455026452, 18.95443856554968, 18.95296884185773, 18.959141681363903, 18.95972957084068, 18.96031746031746, 18.95767195767196, 18.95590828924162, 18.953556731334505, 18.95326278659612, 18.95149911816578, 18.954144620811288, 18.956790123456788, 18.955908289241624, 17.957965902410344, 17.956496178718403, 17.961787184009406, 17.960905349794235, 17.958553791887123, 17.96443268665491, 17.961493239271018, 17.962669018224574, 17.961787184009406, 17.964726631393297, 17.96707818930041, 17.9673721340388, 17.964138741916518, 17.964138741916518, 17.96413874191652, 17.96090534979424, 17.961199294532626, 17.96002351557907, 17.960317460317462, 17.96031746031746, 17.964432686654906, 17.962375073486186, 17.961787184009406, 17.962669018224574, 17.964726631393297, 17.965020576131685, 17.96384479717813, 17.959141681363903, 17.959141681363903, 17.959141681363903, 17.958847736625515, 17.96031746031746, 17.96208112874779, 17.962962962962965, 17.96061140505585, 17.960317460317462, 17.960317460317462, 17.958847736625515, 17.961493239271014, 17.95943562610229, 17.961199294532626, 17.958259847148735, 17.959729570840683, 17.958553791887123, 17.962962962962962, 17.961787184009406, 17.95884773662551, 17.95825984714874, 17.958259847148735, 17.95708406819518, 17.955908289241624, 17.954438565549676, 17.956496178718403, 17.955614344503232, 17.956790123456788, 17.956790123456788, 17.955026455026452, 17.957965902410347, 17.958553791887127, 17.958259847148735, 17.959141681363903, 17.956790123456788, 17.958553791887127, 17.960905349794235, 17.960905349794235, 17.96796002351558, 17.965608465608465, 17.96443268665491, 17.964432686654906, 17.964726631393297, 17.96384479717813, 17.96443268665491, 17.961787184009403, 17.959729570840683, 17.95972957084068, 17.96413874191652, 17.962375073486182, 17.96061140505585, 17.957378012933567, 17.95708406819518, 17.96090534979424, 17.961493239271014, 17.961199294532626, 17.96384479717813, 17.95972957084068, 17.964138741916518, 17.962081128747794, 17.961787184009403, 17.96266901822457, 17.96502057613169, 17.961493239271018, 17.961493239271014, 17.96002351557907, 17.960611405055847, 17.959141681363906, 17.957965902410347, 17.96061140505585, 17.959729570840683, 17.961787184009406, 17.962375073486182, 17.959729570840683, 17.962375073486186, 17.962669018224574, 17.964138741916518, 17.960905349794242, 17.961787184009406, 17.961787184009406, 17.962962962962965, 17.965020576131685, 17.965902410346853, 17.96443268665491, 17.96502057613169, 17.965020576131685, 17.966196355085245, 17.96649029982363, 17.96355085243974, 17.96119929453263, 17.964138741916518, 17.96825396825397, 17.966490299823633, 17.964138741916518, 17.964138741916518, 17.96619635508524, 17.967372134038797, 17.968841857730748, 17.96825396825397, 17.96649029982363, 17.96678424456202, 17.96854791299236, 17.96825396825397, 17.965314520870074, 17.9673721340388, 17.965314520870077, 17.967960023515577, 17.96942974720752, 17.966196355085245, 17.963256907701354, 17.961787184009406, 17.961493239271018, 17.96061140505585, 17.962081128747794, 17.96413874191652, 17.962669018224574, 17.961199294532626, 17.959435626102294, 17.962375073486182, 17.962375073486186, 17.96090534979424, 17.962962962962962, 17.96384479717813, 17.96355085243974, 17.96384479717813, 17.965020576131685, 17.96325690770135, 17.965314520870074, 17.964726631393297, 17.962962962962962, 17.962962962962962, 17.96061140505585, 17.96002351557907, 17.961199294532626, 17.96090534979424, 17.961493239271014, 17.962669018224574, 17.962962962962962, 17.96560846560847, 17.96355085243974, 17.96649029982363, 17.96119929453263, 17.962081128747794, 17.96502057613169, 17.964432686654906, 17.965020576131682, 17.96325690770135, 17.964138741916518, 17.96443268665491, 17.962375073486186, 17.961199294532626, 17.961199294532626, 17.960905349794235, 17.96031746031746, 17.958847736625515, 17.96002351557907, 17.959141681363903, 17.96031746031746, 17.957965902410347, 17.96090534979424, 17.96031746031746, 17.957378012933567, 17.957965902410347, 17.966784244562024, 17.96266901822457, 17.96266901822457, 17.96502057613169, 17.96560846560847, 17.966196355085245, 17.962962962962962, 17.964432686654906, 17.963256907701354, 17.96384479717813, 17.96678424456202, 17.966490299823633, 17.96678424456202, 17.96707818930041, 17.966196355085245, 17.9647266313933, 17.96443268665491, 17.96355085243974, 17.96002351557907, 17.964138741916518, 17.96266901822457, 17.96384479717813, 17.963844797178133, 17.962375073486186, 17.96502057613169, 17.96002351557907, 17.96355085243974, 17.962375073486182, 17.96413874191652, 17.962962962962962, 17.962669018224574, 17.96384479717813, 17.964138741916518, 17.962962962962962, 17.965020576131685, 17.962375073486186, 17.964726631393297, 17.96355085243974, 17.965608465608465, 17.96384479717813, 17.963550852439738, 17.962962962962962, 17.96384479717813, 17.965902410346853, 17.96413874191652, 17.96325690770135, 17.964432686654906, 17.96443268665491, 17.965314520870077, 17.964726631393297, 17.962375073486186, 17.965314520870074, 17.96384479717813, 17.962669018224574, 17.96560846560847, 17.96355085243974, 17.96502057613169, 17.963256907701354, 17.963256907701354, 17.963844797178126, 17.961787184009403, 17.962375073486182, 17.962375073486182, 17.963844797178126, 17.963844797178133, 17.962669018224574, 17.96502057613169, 17.96443268665491, 17.966196355085245, 17.96502057613169, 17.966196355085245, 17.965608465608465, 17.966490299823633, 17.967078189300413, 17.969429747207528, 17.970605526161084, 17.968547912992356, 17.969429747207528, 17.967372134038804, 17.964726631393297, 17.963550852439738, 17.964432686654913, 17.96090534979424, 17.963256907701354, 17.964138741916518, 17.966196355085245, 17.9673721340388, 17.96384479717813, 17.965314520870077, 17.964726631393294, 17.966196355085245, 17.966784244562024, 17.966784244562024, 17.96825396825397, 17.970605526161084, 17.965608465608465, 17.967078189300413, 17.96766607877719]",0.9100058620034842,0.9293452357949789,18,"[33, 33, 33, 33, 33, 33, 33, 33, 33, 33, 33, 33, 33, 33, 33, 33, 33, 33, 33, 33, 33, 33, 33, 33, 33, 33, 33, 33, 33, 33, 33, 33, 33, 33, 33, 33, 33, 33, 33, 33, 33, 33, 33, 33, 33, 33, 33, 33, 33, 33, 33, 33, 33, 33, 33, 33, 33, 33, 33, 33, 33, 32, 28, 28, 27, 24, 24, 24, 23, 23, 22, 22, 22, 22, 21, 21, 21, 21, 21, 20, 20, 20, 20, 20, 20, 19, 19, 19, 19, 19, 19, 19, 19, 19, 19, 19, 19, 19, 19, 19, 19, 19, 18, 18, 18, 18, 18, 18, 18, 18, 18, 18, 18, 18, 18, 18, 18, 18, 18, 18, 18, 18, 18, 18, 18, 18, 18, 18, 18, 18, 18, 18, 18, 18, 18, 18, 18, 18, 18, 18, 18, 18, 18, 18, 18, 18, 18, 18, 18, 18, 18, 18, 18, 18, 18, 18, 18, 18, 18, 18, 18, 18, 18, 18, 18, 18, 18, 18, 18, 18, 18, 18, 18, 18, 18, 18, 18, 18, 18, 18, 18, 18, 18, 18, 18, 18, 18, 18, 18, 18, 18, 18, 18, 18, 18, 18, 18, 18, 18, 18, 18, 18, 18, 18, 18, 18, 18, 18, 18, 18, 18, 18, 18, 18, 18, 18, 18, 18, 18, 18, 18, 18, 18, 18, 18, 18, 18, 18, 18, 18, 18, 18, 18, 18, 18, 18, 18, 18, 18, 18, 18, 18, 18, 18, 18, 18, 18, 18, 18, 18, 18, 18, 18, 18, 18, 18, 18, 18, 18, 18, 18, 18, 18, 18, 18, 18, 18, 18, 18, 18, 18, 18, 18, 18, 18, 18, 18, 18, 18, 18, 18, 18, 18, 18, 18, 18, 18, 18, 18, 18, 18, 18, 18, 18, 18, 18, 18, 18, 18, 18, 18, 18, 18, 18, 18, 18, 18, 18, 18, 18, 18, 18, 18, 18, 18, 18, 18, 18, 18, 18, 18, 18, 18, 18, 18, 18, 18, 18, 18, 18, 18, 18, 18, 18, 18, 18, 18, 18, 18, 18, 18, 18, 18, 18, 18, 18, 18, 18, 18, 18, 18, 18, 18, 18, 18, 18, 18, 18, 18, 18, 18, 18, 18, 18, 18, 18, 18, 18, 18, 18, 18, 18, 18, 18, 18, 18, 18, 18, 18, 18, 18, 18, 18, 18, 18, 18, 18, 18, 18, 18]",390,"[0.393158495426178, 0.3851819336414337, 0.37961629033088684, 0.3760624825954437, 0.37259751558303833, 0.3700636923313141, 0.36833110451698303, 0.3666268587112427, 0.36424195766448975, 0.36258628964424133, 0.3609062135219574, 0.3589860498905182, 0.35765060782432556, 0.355836421251297, 0.35445812344551086, 0.35238415002822876, 0.3506784737110138, 0.3492875397205353, 0.347678005695343, 0.3459910452365875, 0.3444880545139313, 0.3427903354167938, 0.34134238958358765, 0.33974018692970276, 0.338341623544693, 0.3367369771003723, 0.3349364101886749, 0.3333401083946228, 0.3314441442489624, 0.32971733808517456, 0.3276148736476898, 0.32589054107666016, 0.3240117132663727, 0.32181012630462646, 0.31972765922546387, 0.3180719316005707, 0.3155733048915863, 0.3134593665599823, 0.31129977107048035, 0.3090021312236786, 0.30641868710517883, 0.3040138781070709, 0.3016725778579712, 0.2993942201137543, 0.2974499762058258, 0.2951124906539917, 0.2926217019557953, 0.290276437997818, 0.28785866498947144, 0.28612032532691956, 0.28384771943092346, 0.281502366065979, 0.2796950936317444, 0.27747178077697754, 0.27608564496040344, 0.2735354006290436, 0.271390825510025, 0.27087289094924927, 0.26830771565437317, 0.266541451215744, 0.26483261585235596, 0.26309093832969666, 0.26353543996810913, 0.26176711916923523, 0.26186680793762207, 0.2586768865585327, 0.2572917342185974, 0.25610244274139404, 0.25334128737449646, 0.25212401151657104, 0.2508096396923065, 0.24893419444561005, 0.24746690690517426, 0.2463967502117157, 0.24508756399154663, 0.2440514713525772, 0.2425907850265503, 0.24152499437332153, 0.24066291749477386, 0.2379683256149292, 0.23735079169273376, 0.23732301592826843, 0.23567873239517212, 0.23513378202915192, 0.2343711256980896, 0.23589985072612762, 0.23449856042861938, 0.23331405222415924, 0.23306865990161896, 0.2319914996623993, 0.23161594569683075, 0.2303481251001358, 0.2297240048646927, 0.2293117642402649, 0.22838708758354187, 0.22817197442054749, 0.22708429396152496, 0.2260473221540451, 0.22540275752544403, 0.22499851882457733, 0.22395296394824982, 0.22309941053390503, 0.22478313744068146, 0.22362564504146576, 0.223149836063385, 0.22276106476783752, 0.22180266678333282, 0.22087469696998596, 0.2203117311000824, 0.21983587741851807, 0.21945948898792267, 0.2178347408771515, 0.2174377590417862, 0.2165556699037552, 0.21590156853199005, 0.21565507352352142, 0.21518903970718384, 0.21440736949443817, 0.21417081356048584, 0.21318136155605316, 0.21264523267745972, 0.21191683411598206, 0.2119377702474594, 0.21109217405319214, 0.21096378564834595, 0.21070991456508636, 0.20950950682163239, 0.2087111473083496, 0.20810529589653015, 0.20776714384555817, 0.20692341029644012, 0.2072015255689621, 0.20771464705467224, 0.20658999681472778, 0.20585262775421143, 0.2051527351140976, 0.2042534053325653, 0.20396557450294495, 0.20379343628883362, 0.2035330832004547, 0.20292657613754272, 0.2031678408384323, 0.20254139602184296, 0.20143871009349823, 0.20105218887329102, 0.2004026621580124, 0.1999043971300125, 0.2000548392534256, 0.19998624920845032, 0.2000081092119217, 0.20000745356082916, 0.19971050322055817, 0.19944770634174347, 0.19824697077274323, 0.19714157283306122, 0.1975870579481125, 0.19637811183929443, 0.19605718553066254, 0.19597725570201874, 0.19677616655826569, 0.19524236023426056, 0.1946534514427185, 0.19440394639968872, 0.19507919251918793, 0.1954498142004013, 0.1950366199016571, 0.19307130575180054, 0.19352251291275024, 0.19324184954166412, 0.19316770136356354, 0.19376051425933838, 0.19229955971240997, 0.19147983193397522, 0.19173270463943481, 0.19075702130794525, 0.19103580713272095, 0.19078479707241058, 0.18985028564929962, 0.18975496292114258, 0.18990804255008698, 0.18941189348697662, 0.18914882838726044, 0.18944381177425385, 0.1894085556268692, 0.18902070820331573, 0.18832507729530334, 0.1893792748451233, 0.1873447746038437, 0.18829408288002014, 0.18772174417972565, 0.18725131452083588, 0.1871308833360672, 0.18730515241622925, 0.18685027956962585, 0.18639583885669708, 0.1864287257194519, 0.18607017397880554, 0.1853039711713791, 0.1853075921535492, 0.18716183304786682, 0.18486540019512177, 0.18497781455516815, 0.18527387082576752, 0.18362899124622345, 0.1845993548631668, 0.18360237777233124, 0.18418027460575104, 0.18355070054531097, 0.1850038319826126, 0.18315164744853973, 0.18230049312114716, 0.1838485300540924, 0.18288196623325348, 0.18258191645145416, 0.18265534937381744, 0.18241842091083527, 0.18205887079238892, 0.1810160130262375, 0.18024082481861115, 0.18080320954322815, 0.1809975802898407, 0.18128395080566406, 0.1805237978696823, 0.17979295551776886, 0.17996402084827423, 0.1800285279750824, 0.18162885308265686, 0.1810697764158249, 0.17941270768642426, 0.17936678230762482, 0.17983564734458923, 0.1791524887084961, 0.1792864054441452, 0.17860114574432373, 0.17856188118457794, 0.17813292145729065, 0.1779920607805252, 0.1775330901145935, 0.17879974842071533, 0.17933210730552673, 0.17716658115386963, 0.17880629003047943, 0.17772631347179413, 0.17739145457744598, 0.1766456961631775, 0.17654766142368317, 0.17769713699817657, 0.17701570689678192, 0.1764516979455948, 0.17599903047084808, 0.17580339312553406, 0.17530670762062073, 0.17552517354488373, 0.175875723361969, 0.17653657495975494, 0.17628207802772522, 0.17540450394153595, 0.17576269805431366, 0.1748483031988144, 0.17459632456302643, 0.17508499324321747, 0.17525888979434967, 0.17414335906505585, 0.1744523048400879, 0.17390918731689453, 0.17321492731571198, 0.17418745160102844, 0.1736890822649002, 0.17368513345718384, 0.17504993081092834, 0.17316320538520813, 0.17405374348163605, 0.1735425591468811, 0.17387160658836365, 0.17263466119766235, 0.17208650708198547, 0.1727086305618286, 0.1722102016210556, 0.17190413177013397, 0.17218704521656036, 0.17229017615318298, 0.17370407283306122, 0.17332112789154053, 0.17206628620624542, 0.17176784574985504, 0.1730251908302307, 0.17181286215782166, 0.17179344594478607, 0.1719786822795868, 0.17214380204677582, 0.17165900766849518, 0.17153745889663696, 0.17057788372039795, 0.17232511937618256, 0.17144937813282013, 0.17103399336338043, 0.17193233966827393, 0.1708350032567978, 0.17094947397708893, 0.17035001516342163, 0.17174755036830902, 0.172445148229599, 0.1716269701719284, 0.1727740317583084, 0.16984225809574127, 0.16986899077892303, 0.1700691431760788, 0.1696641743183136, 0.17003604769706726, 0.1688864529132843, 0.16963618993759155, 0.16944032907485962, 0.1692507416009903, 0.1693548560142517, 0.170897975564003, 0.17015638947486877, 0.16854944825172424, 0.17177776992321014, 0.1694170981645584, 0.16840435564517975, 0.16933782398700714, 0.16865676641464233, 0.16814729571342468, 0.16815023124217987, 0.16897748410701752, 0.16941417753696442, 0.16932260990142822, 0.16841821372509003, 0.16733695566654205, 0.1684083789587021, 0.16838498413562775, 0.16855816543102264, 0.16715572774410248, 0.16752296686172485, 0.16759873926639557, 0.16848719120025635, 0.168244406580925, 0.16797611117362976, 0.16855625808238983, 0.16727016866207123, 0.16784057021141052, 0.17001324892044067, 0.16866283118724823, 0.16659851372241974, 0.16727419197559357, 0.16745255887508392, 0.16594024002552032, 0.16635636985301971, 0.16712617874145508, 0.16690844297409058, 0.1667633056640625, 0.16730950772762299, 0.16760554909706116, 0.16724148392677307, 0.1670052707195282, 0.16669586300849915, 0.16650541126728058, 0.1678997278213501, 0.16663387417793274, 0.16815608739852905, 0.1655196249485016, 0.16685828566551208, 0.1662525236606598, 0.1661442220211029, 0.1664172112941742, 0.16638582944869995, 0.16543756425380707, 0.16599363088607788, 0.166878342628479, 0.16516496241092682, 0.1671762317419052, 0.1652657389640808, 0.16687367856502533, 0.1660427451133728, 0.1683564931154251, 0.16558878123760223, 0.16544152796268463, 0.16564634442329407, 0.1651841402053833, 0.16584956645965576, 0.1679314821958542, 0.1667780876159668, 0.16622665524482727, 0.165326789021492, 0.16531987488269806, 0.16355271637439728, 0.16372376680374146, 0.16470807790756226, 0.1647205501794815, 0.1646742820739746]",18.0,"[33.0, 33.0, 33.0, 33.0, 33.0, 33.0, 33.0, 33.0, 33.0, 33.0, 33.0, 33.0, 33.0, 33.0, 33.0, 33.0, 33.0, 33.0, 33.0, 33.0, 33.0, 33.0, 33.0, 33.0, 33.0, 33.0, 33.0, 33.0, 33.0, 33.0, 33.0, 33.0, 33.0, 33.0, 33.0, 33.0, 33.0, 33.0, 33.0, 33.0, 33.0, 33.0, 33.0, 33.0, 33.0, 33.0, 33.0, 33.0, 33.0, 33.0, 33.0, 33.0, 33.0, 33.0, 33.0, 33.0, 33.0, 33.0, 33.0, 33.0, 33.0, 32.0, 28.0, 28.0, 27.0, 24.0, 24.0, 24.0, 23.0, 23.0, 22.0, 22.0, 22.0, 22.0, 21.0, 21.0, 21.0, 21.0, 21.0, 20.0, 20.0, 20.0, 20.0, 20.0, 20.0, 19.0, 19.0, 19.0, 19.0, 19.0, 19.0, 19.0, 19.0, 19.0, 19.0, 19.0, 19.0, 19.0, 19.0, 19.0, 19.0, 19.0, 18.0, 18.0, 18.0, 18.0, 18.0, 18.0, 18.0, 18.0, 18.0, 18.0, 18.0, 18.0, 18.0, 18.0, 18.0, 18.0, 18.0, 18.0, 18.0, 18.0, 18.0, 18.0, 18.0, 18.0, 18.0, 18.0, 18.0, 18.0, 18.0, 18.0, 18.0, 18.0, 18.0, 18.0, 18.0, 18.0, 18.0, 18.0, 18.0, 18.0, 18.0, 18.0, 18.0, 18.0, 18.0, 18.0, 18.0, 18.0, 18.0, 18.0, 18.0, 18.0, 18.0, 18.0, 18.0, 18.0, 18.0, 18.0, 18.0, 18.0, 18.0, 18.0, 18.0, 18.0, 18.0, 18.0, 18.0, 18.0, 18.0, 18.0, 18.0, 18.0, 18.0, 18.0, 18.0, 18.0, 18.0, 18.0, 18.0, 18.0, 18.0, 18.0, 18.0, 18.0, 18.0, 18.0, 18.0, 18.0, 18.0, 18.0, 18.0, 18.0, 18.0, 18.0, 18.0, 18.0, 18.0, 18.0, 18.0, 18.0, 18.0, 18.0, 18.0, 18.0, 18.0, 18.0, 18.0, 18.0, 18.0, 18.0, 18.0, 18.0, 18.0, 18.0, 18.0, 18.0, 18.0, 18.0, 18.0, 18.0, 18.0, 18.0, 18.0, 18.0, 18.0, 18.0, 18.0, 18.0, 18.0, 18.0, 18.0, 18.0, 18.0, 18.0, 18.0, 18.0, 18.0, 18.0, 18.0, 18.0, 18.0, 18.0, 18.0, 18.0, 18.0, 18.0, 18.0, 18.0, 18.0, 18.0, 18.0, 18.0, 18.0, 18.0, 18.0, 18.0, 18.0, 18.0, 18.0, 18.0, 18.0, 18.0, 18.0, 18.0, 18.0, 18.0, 18.0, 18.0, 18.0, 18.0, 18.0, 18.0, 18.0, 18.0, 18.0, 18.0, 18.0, 18.0, 18.0, 18.0, 18.0, 18.0, 18.0, 18.0, 18.0, 18.0, 18.0, 18.0, 18.0, 18.0, 18.0, 18.0, 18.0, 18.0, 18.0, 18.0, 18.0, 18.0, 18.0, 18.0, 18.0, 18.0, 18.0, 18.0, 18.0, 18.0, 18.0, 18.0, 18.0, 18.0, 18.0, 18.0, 18.0, 18.0, 18.0, 18.0, 18.0, 18.0, 18.0, 18.0, 18.0, 18.0, 18.0, 18.0, 18.0, 18.0, 18.0, 18.0, 18.0, 18.0, 18.0, 18.0, 18.0, 18.0, 18.0, 18.0, 18.0, 18.0, 18.0, 18.0, 18.0, 18.0, 18.0, 18.0, 18.0, 18.0, 18.0, 18.0, 18.0, 18.0, 18.0, 18.0, 18.0, 18.0, 18.0, 18.0, 18.0, 18.0, 18.0, 18.0, 18.0, 18.0, 18.0, 18.0, 18.0, 18.0, 18.0, 18.0, 18.0, 18.0, 18.0, 18.0, 18.0, 18.0, 18.0, 18.0, 18.0, 18.0, 18.0, 18.0, 18.0, 1