,number,value,datetime_start,datetime_complete,duration,params_batch_size_scaler,params_constant_learning_rate,params_depth,params_epochs,params_kernel_l2,params_num_trees,params_temperature,user_attrs_accuracy_test,user_attrs_accuracy_valid,user_attrs_approximate_feature_sparsity,user_attrs_approximate_feature_sparsity_history,user_attrs_approximate_weight_sparsity,user_attrs_approximate_weight_sparsity_history,user_attrs_auc_test,user_attrs_auc_valid,user_attrs_feature_sparsity,user_attrs_feature_sparsity_history,user_attrs_num_epochs,user_attrs_val_loss_history,user_attrs_weight_sparsity,user_attrs_weight_sparsity_history,state
76,76,0.897141605801806,2024-08-31 03:32:09.116556,2024-08-31 03:42:20.272717,0 days 00:10:11.156161,4,2.2565412745137565,6,460,0.0028850943724914677,62,0.0009251745664828316,0.917,0.9275,8,"[33, 33, 33, 15, 13, 12, 12, 9, 9, 8, 8, 8, 8, 8, 8, 8, 8, 8, 8, 8, 8, 8, 8, 8, 8, 8, 8, 8, 8, 8, 8, 8, 8, 8, 8, 8, 8, 8, 8, 8, 8, 8, 8, 8, 8, 8, 8, 8, 8, 8, 8, 8, 8, 8, 8, 8, 8, 8, 8, 8, 8, 8, 8, 8, 8, 8, 8, 8, 8, 8, 8, 8, 8, 8, 8, 8, 8, 8, 8, 8, 8, 8, 8, 8, 8, 8, 8, 8, 8, 8, 8, 8, 8, 8, 8, 8, 8, 8, 8, 8, 8, 8, 8, 8, 8, 8, 8, 8, 8, 8, 8, 8, 8, 8, 8, 8, 8, 8, 8, 8, 8, 8, 8, 8, 8, 8, 8, 8, 8, 8, 8, 8, 8, 8, 8, 8, 8, 8, 8, 8, 8, 8, 8, 8, 8, 8, 8, 8, 8, 8, 8, 8, 8, 8, 8, 8, 8, 8, 8, 8, 8, 8, 8, 8, 8, 8, 8, 8, 8, 8, 8, 8, 8, 8, 8, 8, 8, 8, 8, 8, 8, 8, 8, 8, 8, 8, 8, 8, 8, 8, 8, 8, 8, 8, 8, 8, 8, 8, 8, 8, 8, 8, 8, 8, 8, 8, 8, 8, 8, 8, 8, 8, 8, 8, 8, 8, 8, 8, 8, 8, 8, 8, 8, 8, 8, 8, 8, 8, 8, 8, 8, 8, 8, 8, 8, 8, 8, 8, 8, 8, 8, 8, 8, 8, 8, 8, 8, 8, 8, 8, 8, 8, 8, 8, 8, 8, 8, 8, 8, 8, 8, 8, 8, 8, 8, 8, 8, 8, 8, 8, 8, 8, 8, 8, 8, 8, 8, 8, 8, 8, 8, 8, 8, 8, 8, 8, 8, 8, 8, 8, 8, 8, 8, 8, 8, 8, 8, 8, 8, 8, 8, 8, 8, 8, 8, 8, 8, 8, 8, 8, 8, 8, 8, 8, 8, 8, 8, 8, 8, 8, 8, 8, 8, 8, 8, 8, 8, 8, 8, 8, 8, 8, 8, 8, 8, 8, 8, 8, 8, 8, 8, 8, 8, 8, 8, 8, 8, 8, 8, 8, 8, 8, 8, 8, 8, 8, 8, 8, 8, 8, 8, 8, 8, 8, 8, 8, 8, 8, 8, 8, 8, 8, 8, 8, 8, 8, 8, 8, 8, 8, 8, 8, 8, 8, 8, 8, 8, 8, 8, 8, 8, 8, 8, 8, 8, 8, 8, 8, 8, 8, 8, 8, 8, 8, 8, 8, 8, 8, 8, 8, 8, 8, 8, 8, 8, 8, 8, 8, 8, 8, 8, 8, 8, 8, 8, 8, 8, 8, 8, 8, 8, 8, 8, 8, 8, 8, 8, 8, 8, 8, 8, 8, 8, 8, 8, 8, 8, 8, 8, 8, 8, 8, 8, 8, 8, 8, 8, 8, 8, 8]",7.986175115207373,"[32.91167434715822, 32.91141833077317, 32.92063492063492, 14.962365591397848, 12.97132616487455, 11.971838197644649, 11.970046082949308, 8.978494623655914, 8.979774705581157, 7.984639016897081, 7.980798771121352, 7.982590885816693, 7.986175115207374, 7.982590885816693, 7.980286738351254, 7.982334869431643, 7.984126984126984, 7.9805427547363035, 7.98131080389145, 7.984126984126983, 7.987711213517665, 7.986431131592422, 7.983358934971838, 7.986175115207373, 7.983358934971839, 7.979518689196109, 7.9846390168970816, 7.986687147977471, 7.983358934971839, 7.985919098822325, 7.984639016897081, 7.983358934971839, 7.987199180747568, 7.983614951356887, 7.985663082437275, 7.982846902201741, 7.982590885816691, 7.985919098822324, 7.982334869431643, 7.982078853046595, 7.986175115207374, 7.984895033282131, 7.984895033282131, 7.986943164362519, 7.9846390168970816, 7.98668714797747, 7.985407066052227, 7.985151049667179, 7.987199180747568, 7.983870967741935, 7.982334869431644, 7.984639016897081, 7.985151049667179, 7.983870967741935, 7.988479262672811, 7.984126984126984, 7.986431131592422, 7.983614951356887, 7.985151049667179, 7.985919098822325, 7.982590885816693, 7.98489503328213, 7.986175115207374, 7.983102918586789, 7.983102918586789, 7.982590885816692, 7.980798771121352, 7.982078853046595, 7.982590885816693, 7.984895033282131, 7.982846902201741, 7.984126984126984, 7.984895033282131, 7.982334869431644, 7.98284690220174, 7.982078853046595, 7.985407066052227, 7.984639016897082, 7.985407066052227, 7.983102918586789, 7.984383000512032, 7.985407066052227, 7.984126984126984, 7.983102918586789, 7.983102918586789, 7.984126984126984, 7.981566820276498, 7.985407066052227, 7.982590885816693, 7.983870967741935, 7.983614951356887, 7.984639016897081, 7.981310803891449, 7.982590885816693, 7.9833589349718395, 7.985151049667179, 7.981566820276498, 7.982846902201741, 7.980030721966206, 7.983614951356887, 7.983102918586789, 7.981054787506401, 7.982590885816693, 7.984126984126985, 7.984383000512033, 7.984126984126984, 7.9846390168970816, 7.985663082437276, 7.987199180747568, 7.983614951356888, 7.980286738351254, 7.983614951356886, 7.982078853046595, 7.983358934971839, 7.982846902201741, 7.986431131592422, 7.984895033282129, 7.984126984126984, 7.9779825908858175, 7.9818228366615465, 7.9810547875064, 7.982590885816693, 7.983102918586789, 7.983358934971839, 7.982846902201741, 7.9810547875064, 7.9805427547363035, 7.9818228366615465, 7.983102918586789, 7.984895033282131, 7.980030721966206, 7.984383000512032, 7.984639016897081, 7.982078853046596, 7.983614951356887, 7.981822836661547, 7.982846902201741, 7.9859190988223245, 7.984383000512032, 7.984383000512032, 7.983102918586789, 7.984383000512032, 7.983870967741936, 7.982846902201741, 7.983614951356888, 7.982078853046595, 7.985663082437276, 7.9818228366615465, 7.982846902201741, 7.984895033282131, 7.985407066052228, 7.983614951356887, 7.985407066052227, 7.982590885816693, 7.982846902201741, 7.983102918586789, 7.982846902201741, 7.984383000512032, 7.98668714797747, 7.982078853046595, 7.984383000512032, 7.984126984126984, 7.982334869431643, 7.985151049667178, 7.984126984126984, 7.9859190988223245, 7.984383000512033, 7.986175115207373, 7.982846902201741, 7.981310803891449, 7.983358934971838, 7.9846390168970816, 7.983358934971839, 7.985407066052227, 7.983358934971838, 7.982590885816692, 7.984895033282131, 7.987455197132617, 7.983102918586789, 7.984126984126984, 7.983358934971839, 7.983102918586789, 7.983614951356888, 7.980286738351254, 7.982590885816692, 7.983102918586789, 7.9818228366615465, 7.9805427547363035, 7.983102918586789, 7.983102918586789, 7.983614951356887, 7.985151049667179, 7.982078853046596, 7.984895033282131, 7.982846902201741, 7.984639016897081, 7.984126984126984, 7.984383000512032, 7.982590885816692, 7.985151049667179, 7.984383000512032, 7.982590885816693, 7.983870967741935, 7.984639016897082, 7.981566820276497, 7.984126984126984, 7.982590885816693, 7.984383000512032, 7.985151049667179, 7.983358934971839, 7.981566820276497, 7.9859190988223245, 7.985919098822325, 7.986943164362519, 7.983358934971839, 7.983102918586789, 7.983870967741936, 7.98284690220174, 7.986431131592422, 7.98489503328213, 7.985151049667179, 7.983614951356888, 7.983102918586789, 7.988223246287762, 7.983870967741935, 7.984639016897082, 7.985663082437275, 7.986175115207374, 7.983614951356887, 7.983358934971839, 7.983614951356887, 7.983870967741934, 7.984126984126984, 7.984383000512032, 7.982590885816693, 7.9871991807475675, 7.984126984126984, 7.987455197132617, 7.9859190988223245, 7.983358934971839, 7.9846390168970816, 7.985407066052228, 7.986431131592422, 7.9846390168970816, 7.98668714797747, 7.984126984126984, 7.983358934971838, 7.984126984126984, 7.984639016897081, 7.985919098822325, 7.985407066052227, 7.985919098822324, 7.986175115207374, 7.9871991807475675, 7.984126984126984, 7.987455197132617, 7.987711213517665, 7.9859190988223245, 7.985663082437276, 7.987711213517665, 7.984895033282129, 7.987199180747568, 7.984895033282129, 7.983102918586789, 7.985663082437275, 7.988479262672811, 7.984126984126984, 7.985151049667178, 7.98668714797747, 7.987711213517665, 7.987199180747568, 7.982846902201741, 7.987967229902713, 7.988479262672811, 7.988223246287763, 7.98873527905786, 7.987199180747568, 7.985151049667179, 7.986175115207373, 7.986175115207374, 7.9884792626728105, 7.986431131592423, 7.988479262672811, 7.983614951356886, 7.986431131592422, 7.9859190988223245, 7.986431131592422, 7.985407066052227, 7.985663082437275, 7.985407066052227, 7.986431131592422, 7.986175115207374, 7.986687147977471, 7.983102918586789, 7.984126984126984, 7.985919098822324, 7.985151049667178, 7.984383000512032, 7.984126984126984, 7.982846902201741, 7.985919098822324, 7.982590885816692, 7.9859190988223245, 7.982590885816692, 7.982590885816693, 7.986431131592422, 7.985663082437276, 7.982078853046596, 7.983870967741936, 7.985151049667179, 7.984383000512032, 7.983614951356887, 7.984126984126984, 7.984383000512032, 7.983614951356888, 7.984383000512033, 7.9818228366615465, 7.982334869431644, 7.983870967741936, 7.984639016897081, 7.9818228366615465, 7.979774705581157, 7.985407066052227, 7.983870967741936, 7.982846902201741, 7.985663082437276, 7.984126984126984, 7.983614951356888, 7.98489503328213, 7.983870967741935, 7.985151049667179, 7.986175115207373, 7.982846902201741, 7.987455197132617, 7.984126984126984, 7.984895033282131, 7.985663082437275, 7.986943164362519, 7.985407066052227, 7.9846390168970816, 7.986175115207374, 7.9859190988223245, 7.982334869431644, 7.986431131592422, 7.985407066052227, 7.982334869431643, 7.985663082437276, 7.985151049667179, 7.985663082437276, 7.988991295442909, 7.983358934971839, 7.986175115207374, 7.987455197132617, 7.983102918586789, 7.983870967741936, 7.983870967741936, 7.982078853046595, 7.985663082437275, 7.984126984126984, 7.984639016897081, 7.985151049667179, 7.986175115207374, 7.983358934971839, 7.985663082437275, 7.985407066052227, 7.986943164362518, 7.988223246287763, 7.985407066052228, 7.984126984126984, 7.984895033282131, 7.983870967741935, 7.984895033282131, 7.986687147977471, 7.984383000512032, 7.983870967741936, 7.989503328213006, 7.985151049667179, 7.984895033282131, 7.983870967741936, 7.986943164362519, 7.983102918586789, 7.982590885816693, 7.983870967741936, 7.9859190988223245, 7.985407066052228, 7.986431131592422, 7.985663082437275, 7.986175115207374, 7.985663082437276, 7.983358934971838, 7.985407066052228, 7.987967229902715, 7.984639016897081, 7.987199180747568, 7.985151049667179, 7.986943164362519, 7.985919098822325, 7.982590885816693, 7.983870967741936, 7.987455197132617, 7.985407066052227, 7.984639016897081, 7.9859190988223245, 7.985407066052227, 7.98489503328213, 7.985663082437275, 7.98668714797747, 7.985407066052227, 7.986431131592422, 7.985919098822325, 7.984126984126984, 7.985919098822325, 7.983870967741936, 7.98489503328213, 7.983870967741935, 7.985663082437276, 7.985151049667179, 7.98668714797747, 7.983358934971838, 7.983614951356888, 7.98310291858679, 7.986943164362519, 7.986431131592422, 7.98668714797747, 7.9859190988223245, 7.9846390168970816, 7.986431131592422, 7.985663082437276, 7.987455197132617, 7.98668714797747, 7.985151049667179, 7.987455197132617, 7.985151049667178, 7.986687147977472, 7.984126984126984, 7.984383000512032, 7.984639016897082, 7.981310803891449, 7.985919098822324, 7.984383000512032, 7.986175115207374, 7.982846902201741, 7.982334869431643, 7.984383000512032, 7.9846390168970816, 7.98668714797747, 7.9859190988223245, 7.986431131592422, 7.983358934971839, 7.98489503328213, 7.98668714797747, 7.98489503328213, 7.985663082437276, 7.9846390168970816, 7.987455197132617, 7.985151049667179, 7.98694316436252, 7.982590885816693, 7.984126984126984, 7.986175115207373]",0.889315466607221,0.897141605801806,8,"[33, 33, 33, 15, 13, 12, 12, 9, 9, 8, 8, 8, 8, 8, 8, 8, 8, 8, 8, 8, 8, 8, 8, 8, 8, 8, 8, 8, 8, 8, 8, 8, 8, 8, 8, 8, 8, 8, 8, 8, 8, 8, 8, 8, 8, 8, 8, 8, 8, 8, 8, 8, 8, 8, 8, 8, 8, 8, 8, 8, 8, 8, 8, 8, 8, 8, 8, 8, 8, 8, 8, 8, 8, 8, 8, 8, 8, 8, 8, 8, 8, 8, 8, 8, 8, 8, 8, 8, 8, 8, 8, 8, 8, 8, 8, 8, 8, 8, 8, 8, 8, 8, 8, 8, 8, 8, 8, 8, 8, 8, 8, 8, 8, 8, 8, 8, 8, 8, 8, 8, 8, 8, 8, 8, 8, 8, 8, 8, 8, 8, 8, 8, 8, 8, 8, 8, 8, 8, 8, 8, 8, 8, 8, 8, 8, 8, 8, 8, 8, 8, 8, 8, 8, 8, 8, 8, 8, 8, 8, 8, 8, 8, 8, 8, 8, 8, 8, 8, 8, 8, 8, 8, 8, 8, 8, 8, 8, 8, 8, 8, 8, 8, 8, 8, 8, 8, 8, 8, 8, 8, 8, 8, 8, 8, 8, 8, 8, 8, 8, 8, 8, 8, 8, 8, 8, 8, 8, 8, 8, 8, 8, 8, 8, 8, 8, 8, 8, 8, 8, 8, 8, 8, 8, 8, 8, 8, 8, 8, 8, 8, 8, 8, 8, 8, 8, 8, 8, 8, 8, 8, 8, 8, 8, 8, 8, 8, 8, 8, 8, 8, 8, 8, 8, 8, 8, 8, 8, 8, 8, 8, 8, 8, 8, 8, 8, 8, 8, 8, 8, 8, 8, 8, 8, 8, 8, 8, 8, 8, 8, 8, 8, 8, 8, 8, 8, 8, 8, 8, 8, 8, 8, 8, 8, 8, 8, 8, 8, 8, 8, 8, 8, 8, 8, 8, 8, 8, 8, 8, 8, 8, 8, 8, 8, 8, 8, 8, 8, 8, 8, 8, 8, 8, 8, 8, 8, 8, 8, 8, 8, 8, 8, 8, 8, 8, 8, 8, 8, 8, 8, 8, 8, 8, 8, 8, 8, 8, 8, 8, 8, 8, 8, 8, 8, 8, 8, 8, 8, 8, 8, 8, 8, 8, 8, 8, 8, 8, 8, 8, 8, 8, 8, 8, 8, 8, 8, 8, 8, 8, 8, 8, 8, 8, 8, 8, 8, 8, 8, 8, 8, 8, 8, 8, 8, 8, 8, 8, 8, 8, 8, 8, 8, 8, 8, 8, 8, 8, 8, 8, 8, 8, 8, 8, 8, 8, 8, 8, 8, 8, 8, 8, 8, 8, 8, 8, 8, 8, 8, 8, 8, 8, 8, 8, 8, 8, 8, 8, 8, 8, 8, 8, 8, 8, 8, 8, 8, 8, 8, 8, 8, 8, 8, 8, 8, 8, 8, 8, 8, 8, 8, 8]",460,"[0.3619607090950012, 0.3504748046398163, 0.3284582197666168, 0.3094887435436249, 0.2890509366989136, 0.28160664439201355, 0.2664993405342102, 0.2744949460029602, 0.255897581577301, 0.25527986884117126, 0.245632603764534, 0.24529823660850525, 0.23509956896305084, 0.2385886162519455, 0.23229092359542847, 0.2383657693862915, 0.2274954915046692, 0.23256319761276245, 0.22940567135810852, 0.22495897114276886, 0.23041507601737976, 0.22123314440250397, 0.22259896993637085, 0.22450712323188782, 0.22077828645706177, 0.218645840883255, 0.219082310795784, 0.21825380623340607, 0.22543206810951233, 0.21556058526039124, 0.22563500702381134, 0.2157321721315384, 0.21372660994529724, 0.21408914029598236, 0.22030092775821686, 0.21466413140296936, 0.21371209621429443, 0.21848861873149872, 0.21456335484981537, 0.21173271536827087, 0.21554148197174072, 0.21141819655895233, 0.21133768558502197, 0.21019922196865082, 0.21066950261592865, 0.21241773664951324, 0.21154655516147614, 0.2070605456829071, 0.2108544558286667, 0.2128920704126358, 0.20754249393939972, 0.20599903166294098, 0.2141791582107544, 0.21606948971748352, 0.20952314138412476, 0.20873486995697021, 0.2151716947555542, 0.2043280452489853, 0.20637577772140503, 0.2107154279947281, 0.20954427123069763, 0.211311936378479, 0.20993687212467194, 0.20442724227905273, 0.20526248216629028, 0.20751291513442993, 0.21418564021587372, 0.2198297679424286, 0.20708225667476654, 0.20658111572265625, 0.20833268761634827, 0.21046923100948334, 0.21305066347122192, 0.2072640359401703, 0.20568223297595978, 0.20559772849082947, 0.22230064868927002, 0.20399929583072662, 0.20552630722522736, 0.21566833555698395, 0.20851321518421173, 0.20610788464546204, 0.2069067507982254, 0.20483355224132538, 0.208912655711174, 0.20689339935779572, 0.20557893812656403, 0.20628143846988678, 0.20674726366996765, 0.2034664750099182, 0.22330917418003082, 0.21022482216358185, 0.20595784485340118, 0.20402425527572632, 0.20816756784915924, 0.2120765894651413, 0.20728756487369537, 0.20373542606830597, 0.21444663405418396, 0.2069520503282547, 0.20261436700820923, 0.2075165957212448, 0.20171603560447693, 0.21226796507835388, 0.20658180117607117, 0.20667581260204315, 0.20668016374111176, 0.20396913588047028, 0.20695564150810242, 0.21073228120803833, 0.20548322796821594, 0.20367610454559326, 0.20878440141677856, 0.20876197516918182, 0.2047034204006195, 0.20366880297660828, 0.2060205042362213, 0.20532920956611633, 0.20489206910133362, 0.2049650251865387, 0.2025008201599121, 0.2056169956922531, 0.20589983463287354, 0.2053825408220291, 0.20829090476036072, 0.21287518739700317, 0.214244082570076, 0.20606431365013123, 0.20667266845703125, 0.20635174214839935, 0.20672790706157684, 0.20796680450439453, 0.20821668207645416, 0.20905481278896332, 0.20429416000843048, 0.20719976723194122, 0.22436439990997314, 0.2060777097940445, 0.2093498259782791, 0.20736423134803772, 0.2076488882303238, 0.20651361346244812, 0.20834051072597504, 0.2095547914505005, 0.20444992184638977, 0.20836810767650604, 0.21524912118911743, 0.20451581478118896, 0.20671401917934418, 0.20550979673862457, 0.20798401534557343, 0.20551151037216187, 0.2067050188779831, 0.20874546468257904, 0.20637333393096924, 0.20766782760620117, 0.2073422372341156, 0.20419242978096008, 0.2075030356645584, 0.2065221220254898, 0.21038387715816498, 0.21102027595043182, 0.2127443104982376, 0.21696054935455322, 0.20690445601940155, 0.2077239602804184, 0.21070493757724762, 0.20613406598567963, 0.21092236042022705, 0.21072719991207123, 0.20603038370609283, 0.20827561616897583, 0.2066628634929657, 0.21449817717075348, 0.20432928204536438, 0.21117548644542694, 0.21780654788017273, 0.20611624419689178, 0.2080458253622055, 0.20912808179855347, 0.20597735047340393, 0.2070642113685608, 0.2082710713148117, 0.21811099350452423, 0.21078704297542572, 0.2064623236656189, 0.2073112279176712, 0.22188693284988403, 0.21383941173553467, 0.20897197723388672, 0.20576567947864532, 0.2133263349533081, 0.2079942524433136, 0.21937456727027893, 0.20758375525474548, 0.20777897536754608, 0.20907029509544373, 0.20904433727264404, 0.21015669405460358, 0.2079484909772873, 0.20994693040847778, 0.20828868448734283, 0.21357911825180054, 0.20659808814525604, 0.21056337654590607, 0.21158213913440704, 0.20642784237861633, 0.206168994307518, 0.20848920941352844, 0.20673267543315887, 0.20989644527435303, 0.21084146201610565, 0.20897537469863892, 0.2122759222984314, 0.2147676646709442, 0.21033349633216858, 0.2105272114276886, 0.21175579726696014, 0.21001270413398743, 0.21264520287513733, 0.21392197906970978, 0.21508708596229553, 0.21020717918872833, 0.20990142226219177, 0.20971515774726868, 0.21734130382537842, 0.2103094607591629, 0.2133387327194214, 0.21180835366249084, 0.20972612500190735, 0.2100129872560501, 0.21214798092842102, 0.21305499970912933, 0.21101917326450348, 0.21209882199764252, 0.21097061038017273, 0.21592822670936584, 0.2107773721218109, 0.21098150312900543, 0.2137647271156311, 0.21319164335727692, 0.21027903258800507, 0.2115030288696289, 0.2100849151611328, 0.21245437860488892, 0.21443209052085876, 0.21212562918663025, 0.2111634463071823, 0.2166033387184143, 0.21334956586360931, 0.21452386677265167, 0.21418437361717224, 0.21511590480804443, 0.20959638059139252, 0.21832753717899323, 0.21239328384399414, 0.214396134018898, 0.21538406610488892, 0.21703390777111053, 0.21247804164886475, 0.21156223118305206, 0.21345770359039307, 0.21734577417373657, 0.21604181826114655, 0.2152380496263504, 0.21340103447437286, 0.21546418964862823, 0.21286222338676453, 0.2110922932624817, 0.2209496945142746, 0.21432140469551086, 0.2161213755607605, 0.2143259197473526, 0.2141793668270111, 0.2167833000421524, 0.21497173607349396, 0.22043924033641815, 0.21083329617977142, 0.21266469359397888, 0.21429947018623352, 0.22190971672534943, 0.21672022342681885, 0.21247422695159912, 0.21749535202980042, 0.2174948751926422, 0.21932552754878998, 0.21736668050289154, 0.2134636640548706, 0.21727290749549866, 0.2145364135503769, 0.21371473371982574, 0.2201845496892929, 0.2247387170791626, 0.21444059908390045, 0.2156764566898346, 0.2218877375125885, 0.22683367133140564, 0.21724458038806915, 0.2147001326084137, 0.21458891034126282, 0.2146298587322235, 0.21517667174339294, 0.21788860857486725, 0.22832852602005005, 0.22323161363601685, 0.2257104367017746, 0.2309056520462036, 0.21615085005760193, 0.21644669771194458, 0.21897773444652557, 0.2158372551202774, 0.21408189833164215, 0.21763114631175995, 0.22220391035079956, 0.21580302715301514, 0.2153131663799286, 0.215043842792511, 0.2178478240966797, 0.21589794754981995, 0.21476785838603973, 0.2169361114501953, 0.21838361024856567, 0.21887719631195068, 0.2187846302986145, 0.21770471334457397, 0.2170645296573639, 0.21935856342315674, 0.22267505526542664, 0.2190999537706375, 0.21688592433929443, 0.23172754049301147, 0.22011275589466095, 0.2185598909854889, 0.2187628149986267, 0.21972858905792236, 0.2184806764125824, 0.21622203290462494, 0.2158951312303543, 0.2182561755180359, 0.21983841061592102, 0.21789120137691498, 0.22066430747509003, 0.21763615310192108, 0.22445549070835114, 0.21630796790122986, 0.22182482481002808, 0.21850334107875824, 0.2249154895544052, 0.22408899664878845, 0.2216319441795349, 0.2183859646320343, 0.2201293408870697, 0.21875545382499695, 0.22081953287124634, 0.21980403363704681, 0.21937362849712372, 0.2173137217760086, 0.2241956740617752, 0.21967749297618866, 0.2193049192428589, 0.2204447239637375, 0.21831995248794556, 0.22379659116268158, 0.2192293107509613, 0.22122851014137268, 0.2198847532272339, 0.2176324427127838, 0.22024822235107422, 0.22037701308727264, 0.21850962936878204, 0.22308756411075592, 0.21852315962314606, 0.22211217880249023, 0.220561683177948, 0.2230793833732605, 0.2214169055223465, 0.21964189410209656, 0.22047248482704163, 0.22144189476966858, 0.22098736464977264, 0.224665105342865, 0.22012193500995636, 0.22035442292690277, 0.2240971177816391, 0.22013837099075317, 0.21866044402122498, 0.22155654430389404, 0.22049038112163544, 0.2197871059179306, 0.2212781310081482, 0.22130239009857178, 0.22016525268554688, 0.22447864711284637, 0.22272619605064392, 0.22508913278579712, 0.221110999584198, 0.22034740447998047, 0.2205556333065033, 0.22318077087402344, 0.2212980091571808, 0.22419139742851257, 0.22571630775928497, 0.22262075543403625, 0.22866521775722504, 0.22606712579727173, 0.22239641845226288, 0.22756032645702362, 0.22073766589164734, 0.22257083654403687, 0.2215518206357956, 0.23214617371559143, 0.22921016812324524, 0.2218000441789627, 0.2210381180047989, 0.22196872532367706, 0.22342349588871002, 0.22236545383930206, 0.2246689349412918, 0.2216033786535263, 0.2278020828962326, 0.2224128097295761, 0.22310426831245422, 0.22543786466121674, 0.22505632042884827, 0.22384338080883026, 0.22429914772510529, 0.2210606336593628, 0.228687584400177, 0.22291259467601776, 0.2249268740415573, 0.2239493578672409, 0.2255115509033203, 0.22609266638755798, 0.22287827730178833, 0.22288750112056732, 0.22397013008594513, 0.22182264924049377, 0.2269054651260376, 0.22577935457229614, 0.22620557248592377, 0.22432079911231995, 0.22819650173187256, 0.22820471227169037, 0.2251155525445938, 0.22487564384937286, 0.22786186635494232, 0.22313043475151062, 0.22550006210803986, 0.22932562232017517, 0.2262100726366043, 0.22465500235557556, 0.22865526378154755, 0.2277446985244751, 0.22756513953208923, 0.22574272751808167, 0.2280540019273758, 0.22815780341625214, 0.22455766797065735, 0.2235887199640274, 0.2256377637386322]",8.0,"[33.0, 33.0, 33.0, 15.0, 13.0, 12.0, 12.0, 9.0, 9.0, 8.0, 8.0, 8