,number,value,datetime_start,datetime_complete,duration,params_batch_size_scaler,params_constant_learning_rate,params_depth,params_epochs,params_kernel_l2,params_num_trees,params_temperature,user_attrs_accuracy_test,user_attrs_accuracy_valid,user_attrs_approximate_feature_sparsity,user_attrs_approximate_feature_sparsity_history,user_attrs_approximate_weight_sparsity,user_attrs_approximate_weight_sparsity_history,user_attrs_auc_test,user_attrs_auc_valid,user_attrs_feature_sparsity,user_attrs_feature_sparsity_history,user_attrs_num_epochs,user_attrs_val_loss_history,user_attrs_weight_sparsity,user_attrs_weight_sparsity_history,state
21,21,0.7848926330976029,2024-08-31 01:23:34.771977,2024-08-31 01:24:05.182239,0 days 00:00:30.410262,16,0.02100704224481868,1,230,0.2807097490090343,76,0.0018096442926457447,0.874,0.86875,33,"[33, 33, 33, 33, 33, 33, 33, 33, 33, 33, 33, 33, 33, 33, 33, 33, 33, 33, 33, 33, 33, 33, 33, 33, 33, 33, 33, 33, 33, 33, 33, 33, 33, 33, 33, 33, 33, 33, 33, 33, 33, 33, 33, 33, 33, 33, 33, 33, 33, 33, 33, 33, 33, 33, 33, 33, 33, 33, 33, 33, 33, 33, 33, 33, 33, 33, 33, 33, 33, 33, 33, 33, 33, 33, 33, 33, 33, 33, 33, 33, 33, 33, 33, 33, 33, 33, 33, 33, 33, 33, 33, 33, 33, 33, 33, 33, 33, 33, 33, 33, 33, 33, 33, 33, 33, 33, 33, 33, 33, 33, 33, 33, 33, 33, 33, 33, 33, 33, 33, 33, 33, 33, 33, 33, 33, 33, 33, 33, 33, 33, 33, 33, 33, 33, 33, 33, 33, 33, 33, 33, 33, 33, 33, 33, 33, 33, 33, 33, 33, 33, 33, 33, 33, 33, 33, 33, 33, 33, 33, 33, 33, 33, 33, 33, 33, 33, 33, 33, 33, 33, 33, 33, 33, 33, 33, 33, 33, 33, 33, 33, 33, 33, 33, 33, 33, 33, 33, 33, 33, 33, 33, 33, 33, 33, 33, 33, 33, 33, 33, 33, 33, 33, 33, 33, 33, 33, 33, 33, 33, 33, 33, 33, 33, 33, 33, 33, 33, 33, 33, 33, 33, 33, 33, 33, 33, 33, 33, 33, 33, 33]",33.0,"[33.0, 33.0, 33.0, 33.0, 33.0, 32.98684210526316, 33.0, 32.98684210526316, 33.0, 32.973684210526315, 33.0, 32.98684210526316, 32.973684210526315, 33.0, 33.0, 32.98684210526316, 33.0, 33.0, 33.0, 32.98684210526316, 32.98684210526316, 33.0, 33.0, 32.98684210526316, 32.98684210526316, 32.96052631578947, 32.96052631578947, 32.973684210526315, 33.0, 33.0, 32.98684210526316, 33.0, 33.0, 33.0, 33.0, 33.0, 33.0, 33.0, 33.0, 33.0, 32.98684210526316, 33.0, 33.0, 33.0, 33.0, 33.0, 33.0, 32.98684210526316, 32.973684210526315, 32.973684210526315, 32.98684210526316, 33.0, 33.0, 33.0, 33.0, 33.0, 33.0, 33.0, 32.98684210526316, 33.0, 33.0, 32.98684210526316, 33.0, 32.98684210526316, 32.98684210526316, 32.98684210526316, 32.98684210526316, 32.98684210526316, 32.98684210526316, 33.0, 33.0, 32.98684210526316, 33.0, 33.0, 33.0, 33.0, 33.0, 33.0, 33.0, 33.0, 33.0, 33.0, 33.0, 33.0, 33.0, 33.0, 33.0, 32.98684210526316, 32.973684210526315, 32.973684210526315, 32.98684210526316, 32.98684210526316, 32.98684210526316, 32.973684210526315, 32.973684210526315, 32.98684210526316, 32.98684210526316, 33.0, 33.0, 33.0, 32.98684210526316, 32.98684210526316, 32.98684210526316, 32.98684210526316, 32.98684210526316, 33.0, 33.0, 33.0, 33.0, 32.98684210526316, 33.0, 33.0, 33.0, 33.0, 32.98684210526316, 32.98684210526316, 32.98684210526316, 33.0, 33.0, 33.0, 32.98684210526316, 33.0, 33.0, 33.0, 32.98684210526316, 32.98684210526316, 32.98684210526316, 32.98684210526316, 32.98684210526316, 33.0, 33.0, 32.98684210526316, 32.973684210526315, 32.96052631578947, 32.973684210526315, 32.98684210526316, 33.0, 33.0, 33.0, 33.0, 33.0, 33.0, 32.98684210526316, 33.0, 32.973684210526315, 32.96052631578947, 32.98684210526316, 32.973684210526315, 32.98684210526316, 32.98684210526316, 32.98684210526316, 33.0, 33.0, 33.0, 33.0, 32.98684210526316, 32.973684210526315, 32.98684210526316, 32.98684210526316, 32.98684210526316, 32.98684210526316, 32.98684210526316, 32.98684210526316, 32.98684210526316, 32.98684210526316, 32.98684210526316, 32.973684210526315, 32.98684210526316, 32.973684210526315, 32.973684210526315, 32.96052631578947, 32.973684210526315, 32.973684210526315, 32.973684210526315, 32.98684210526316, 32.973684210526315, 32.98684210526316, 32.98684210526316, 32.98684210526316, 33.0, 33.0, 33.0, 33.0, 32.98684210526316, 32.98684210526316, 32.96052631578947, 33.0, 33.0, 32.973684210526315, 32.973684210526315, 32.98684210526316, 33.0, 33.0, 33.0, 33.0, 33.0, 33.0, 33.0, 33.0, 32.973684210526315, 33.0, 33.0, 33.0, 33.0, 33.0, 33.0, 32.98684210526316, 32.98684210526316, 32.973684210526315, 32.98684210526316, 32.98684210526316, 32.98684210526316, 32.98684210526316, 32.973684210526315, 33.0, 33.0, 32.98684210526316, 32.98684210526316, 32.973684210526315, 32.98684210526316, 32.98684210526316, 32.98684210526316, 32.98684210526316, 32.98684210526316, 32.973684210526315, 32.973684210526315, 32.973684210526315, 32.973684210526315, 32.98684210526316, 33.0]",0.8119700459878301,0.7848926330976029,33,"[33, 33, 33, 33, 33, 33, 33, 33, 33, 33, 33, 33, 33, 33, 33, 33, 33, 33, 33, 33, 33, 33, 33, 33, 33, 33, 33, 33, 33, 33, 33, 33, 33, 33, 33, 33, 33, 33, 33, 33, 33, 33, 33, 33, 33, 33, 33, 33, 33, 33, 33, 33, 33, 33, 33, 33, 33, 33, 33, 33, 33, 33, 33, 33, 33, 33, 33, 33, 33, 33, 33, 33, 33, 33, 33, 33, 33, 33, 33, 33, 33, 33, 33, 33, 33, 33, 33, 33, 33, 33, 33, 33, 33, 33, 33, 33, 33, 33, 33, 33, 33, 33, 33, 33, 33, 33, 33, 33, 33, 33, 33, 33, 33, 33, 33, 33, 33, 33, 33, 33, 33, 33, 33, 33, 33, 33, 33, 33, 33, 33, 33, 33, 33, 33, 33, 33, 33, 33, 33, 33, 33, 33, 33, 33, 33, 33, 33, 33, 33, 33, 33, 33, 33, 33, 33, 33, 33, 33, 33, 33, 33, 33, 33, 33, 33, 33, 33, 33, 33, 33, 33, 33, 33, 33, 33, 33, 33, 33, 33, 33, 33, 33, 33, 33, 33, 33, 33, 33, 33, 33, 33, 33, 33, 33, 33, 33, 33, 33, 33, 33, 33, 33, 33, 33, 33, 33, 33, 33, 33, 33, 33, 33, 33, 33, 33, 33, 33, 33, 33, 33, 33, 33, 33, 33, 33, 33, 33, 33, 33, 33]",230,"[0.5780696868896484, 0.5747870802879333, 0.5720980763435364, 0.5690262317657471, 0.5665187239646912, 0.5644684433937073, 0.5618298649787903, 0.5603569149971008, 0.557710587978363, 0.5560731291770935, 0.5542855262756348, 0.5523305535316467, 0.5508121252059937, 0.5492761731147766, 0.5477144122123718, 0.5464636087417603, 0.5448201894760132, 0.5442401766777039, 0.5422268509864807, 0.5409790873527527, 0.539715588092804, 0.5385717153549194, 0.5378524661064148, 0.5370088815689087, 0.5352821946144104, 0.5341795086860657, 0.5334331393241882, 0.5320104360580444, 0.530937910079956, 0.5301145911216736, 0.528839647769928, 0.5278785228729248, 0.5269731283187866, 0.5263104438781738, 0.5252457857131958, 0.5244761109352112, 0.5231826901435852, 0.5229184627532959, 0.5212299823760986, 0.5209009647369385, 0.51949143409729, 0.5185649394989014, 0.5175669193267822, 0.5167345404624939, 0.5157838463783264, 0.5153070688247681, 0.5141353607177734, 0.5131709575653076, 0.512682318687439, 0.511557936668396, 0.5108627080917358, 0.5098459124565125, 0.5092584490776062, 0.508183479309082, 0.5076543688774109, 0.5065364837646484, 0.5057309865951538, 0.5049574971199036, 0.5041483044624329, 0.5034986734390259, 0.5028016567230225, 0.5018908977508545, 0.5008344650268555, 0.5000963807106018, 0.49953776597976685, 0.4986870288848877, 0.49785271286964417, 0.4970118999481201, 0.4962685704231262, 0.4956473410129547, 0.49505460262298584, 0.4943227767944336, 0.4940415918827057, 0.4929752051830292, 0.4918558597564697, 0.4914797842502594, 0.4903860092163086, 0.4897029995918274, 0.48903340101242065, 0.48825493454933167, 0.48752400279045105, 0.48678943514823914, 0.4862234890460968, 0.4854702055454254, 0.48526477813720703, 0.4845108091831207, 0.4833372235298157, 0.4827500283718109, 0.4819354712963104, 0.4811660051345825, 0.481747031211853, 0.4797946512699127, 0.4798831045627594, 0.47845664620399475, 0.47829070687294006, 0.47721824049949646, 0.47641730308532715, 0.47608593106269836, 0.47505438327789307, 0.4745779037475586, 0.47375014424324036, 0.47309210896492004, 0.4724433422088623, 0.4722854495048523, 0.47116589546203613, 0.4716510474681854, 0.4699264466762543, 0.4692862331867218, 0.4688493013381958, 0.46804845333099365, 0.467517614364624, 0.46690353751182556, 0.4664498269557953, 0.4655209481716156, 0.46515998244285583, 0.46433791518211365, 0.46370574831962585, 0.4630924463272095, 0.46255847811698914, 0.462047815322876, 0.4614715576171875, 0.4610888957977295, 0.4603886306285858, 0.45979392528533936, 0.4591004252433777, 0.4584980309009552, 0.4577745795249939, 0.45723187923431396, 0.4566996693611145, 0.4560714364051819, 0.4556000530719757, 0.45519736409187317, 0.45443129539489746, 0.4538196623325348, 0.45314350724220276, 0.4532040059566498, 0.4520769417285919, 0.4519229233264923, 0.4510612189769745, 0.4505167305469513, 0.4502837359905243, 0.449271559715271, 0.44912225008010864, 0.44836780428886414, 0.4477720260620117, 0.4470349848270416, 0.4466952085494995, 0.4460377097129822, 0.4453483819961548, 0.44484034180641174, 0.4442625343799591, 0.4441315531730652, 0.44324707984924316, 0.4426751732826233, 0.44232654571533203, 0.4417385458946228, 0.44161006808280945, 0.4407588243484497, 0.44016727805137634, 0.4397002160549164, 0.4391928017139435, 0.4386221170425415, 0.438308984041214, 0.43760204315185547, 0.4371761977672577, 0.43739819526672363, 0.43618243932724, 0.4357387125492096, 0.43530672788619995, 0.43483880162239075, 0.43470099568367004, 0.43374213576316833, 0.4332396686077118, 0.43309321999549866, 0.4323216378688812, 0.4318558871746063, 0.43133342266082764, 0.431282639503479, 0.43049156665802, 0.42993447184562683, 0.4295905828475952, 0.4291493594646454, 0.4286321997642517, 0.4286797344684601, 0.42778488993644714, 0.4273969233036041, 0.42693597078323364, 0.4264632761478424, 0.42601001262664795, 0.4259149432182312, 0.4259290397167206, 0.42460906505584717, 0.42439138889312744, 0.42445072531700134, 0.42327597737312317, 0.4235864579677582, 0.4226074516773224, 0.4220547378063202, 0.42181071639060974, 0.42113104462623596, 0.4211384057998657, 0.4202616512775421, 0.4198644757270813, 0.4195364713668823, 0.41913139820098877, 0.41867905855178833, 0.4184371829032898, 0.4184243679046631, 0.41845226287841797, 0.4179065227508545, 0.4169921875, 0.41647282242774963, 0.4159969985485077, 0.4156843423843384, 0.41517943143844604, 0.4148807227611542, 0.41436973214149475, 0.4143374264240265, 0.41352352499961853, 0.41318172216415405, 0.4129904806613922, 0.4128910005092621, 0.41203543543815613, 0.41181159019470215, 0.4115942120552063, 0.41099169850349426, 0.41092216968536377, 0.41024303436279297, 0.40981364250183105, 0.40942123532295227]",33.0,"[33.0, 33.0, 33.0, 33.0, 33.0, 33.0, 33.0, 33.0, 33.0, 33.0, 33.0, 33.0, 33.0, 33.0, 33.0, 33.0, 33.0, 33.0, 33.0, 33.0, 33.0, 33.0, 33.0, 33.0, 33.0, 33.0, 33.0, 33.0, 33.0, 33.0, 33.0, 33.0, 33.0, 33.0, 33.0, 33.0, 33.0, 33.0, 33.0, 33.0, 33.0, 33.0, 33.0, 33.0, 33.0, 33.0, 33.0, 33.0, 33.0, 33.0, 33.0, 33.0, 33.0, 33.0, 33.0, 33.0, 33.0, 33.0, 33.0, 33.0, 33.0, 33.0, 33.0, 33.0, 33.0, 33.0, 33.0, 33.0, 33.0, 33.0, 33.0, 33.0, 33.0, 33.0, 33.0, 33.0, 33.0, 33.0, 33.0, 33.0, 33.0, 33.0, 33.0, 33.0, 33.0, 33.0, 33.0, 33.0, 33.0, 33.0, 33.0, 33.0, 33.0, 33.0, 33.0, 33.0, 33.0, 33.0, 33.0, 33.0, 33.0, 33.0, 33.0, 33.0, 33.0, 33.0, 33.0, 33.0, 33.0, 33.0, 33.0, 33.0, 33.0, 33.0, 33.0, 33.0, 33.0, 33.0, 33.0, 33.0, 33.0, 33.0, 33.0, 33.0, 33.0, 33.0, 33.0, 33.0, 33.0, 33.0, 33.0, 33.0, 33.0, 33.0, 33.0, 33.0, 33.0, 33.0, 33.0, 33.0, 33.0, 33.0, 33.0, 33.0, 33.0, 33.0, 33.0, 33.0, 33.0, 33.0, 33.0, 33.0, 33.0, 33.0, 33.0, 33.0, 33.0, 33.0, 33.0, 33.0, 33.0, 33.0, 33.0, 33.0, 33.0, 33.0, 33.0, 33.0, 33.0, 33.0, 33.0, 33.0, 33.0, 33.0, 33.0, 33.0, 33.0, 33.0, 33.0, 33.0, 33.0, 33.0, 33.0, 33.0, 33.0, 33.0, 33.0, 33.0, 33.0, 33.0, 33.0, 33.0, 33.0, 33.0, 33.0, 33.0, 33.0, 33.0, 33.0, 33.0, 33.0, 33.0, 33.0, 33.0, 33.0, 33.0, 33.0, 33.0, 33.0, 33.0, 33.0, 33.0, 33.0, 33.0, 33.0, 33.0, 33.0, 33.0, 33.0, 33.0, 33.0, 33.0, 33.0, 33.0, 33.0, 33.0, 33.0, 33.0, 33.0, 33.0]",COMPLETE
