,number,value,datetime_start,datetime_complete,duration,params_batch_size_scaler,params_constant_learning_rate,params_depth,params_epochs,params_kernel_l2,params_num_trees,params_temperature,user_attrs_accuracy_test,user_attrs_accuracy_valid,user_attrs_approximate_feature_sparsity,user_attrs_approximate_feature_sparsity_history,user_attrs_approximate_weight_sparsity,user_attrs_approximate_weight_sparsity_history,user_attrs_auc_test,user_attrs_auc_valid,user_attrs_feature_sparsity,user_attrs_feature_sparsity_history,user_attrs_num_epochs,user_attrs_val_loss_history,user_attrs_weight_sparsity,user_attrs_weight_sparsity_history,state
138,138,0.7230745449627082,2024-08-31 05:43:50.324391,2024-08-31 05:48:37.410049,0 days 00:04:47.085658,64,0.09546892215821123,6,420,0.005471913915445185,62,0.000821419968933391,0.873,0.86875,33,"[33, 33, 33, 33, 33, 33, 33, 33, 33, 33, 33, 33, 33, 33, 33, 33, 33, 33, 33, 33, 33, 33, 33, 33, 33, 33, 33, 33, 33, 33, 33, 33, 33, 33, 33, 33, 33, 33, 33, 33, 33, 33, 33, 33, 33, 33, 33, 33, 33, 33, 33, 33, 33, 33, 33, 33, 33, 33, 33, 33, 33, 33, 33, 33, 33, 33, 33, 33, 33, 33, 33, 33, 33, 33, 33, 33, 33, 33, 33, 33, 33, 33, 33, 33, 33, 33, 33, 33, 33, 33, 33, 33, 33, 33, 33, 33, 33, 33, 33, 33, 33, 33, 33, 33, 33, 33, 33, 33, 33, 33, 33, 33, 33, 33, 33, 33, 33, 33, 33, 33, 33, 33, 33, 33, 33, 33, 33, 33, 33, 33, 33, 33, 33, 33, 33, 33, 33, 33, 33, 33, 33, 33, 33, 33, 33, 33, 33, 33, 33, 33, 33, 33, 33, 33, 33, 33, 33, 33, 33, 33, 33, 33, 33, 33, 33, 33, 33, 33, 33, 33, 33, 33, 33, 33, 33, 33, 33, 33, 33, 33, 33, 33, 33, 33, 33, 33, 33, 33, 33, 33, 33, 33, 33, 33, 33, 33, 33, 33, 33, 33, 33, 33, 33, 33, 33, 33, 33, 33, 33, 33, 33, 33, 33, 33, 33, 33, 33, 33, 33, 33, 33, 33, 33, 33, 33, 33, 33, 33, 33, 33, 33, 33, 33, 33, 33, 33, 33, 33, 33, 33, 33, 33, 33, 33, 33, 33, 33, 33, 33, 33, 33, 33, 33, 33, 33, 33, 33, 33, 33, 33, 33, 33, 33, 33, 33, 33, 33, 33, 33, 33, 33, 33, 33, 33, 33, 33, 33, 33, 33, 33, 33, 33, 33, 33, 33, 33, 33, 33, 33, 33, 33, 33, 33, 33, 33, 33, 33, 33, 33, 33, 33, 33, 33, 33, 33, 33, 33, 33, 33, 33, 33, 33, 33, 33, 33, 33, 33, 33, 33, 33, 33, 33, 33, 33, 33, 33, 33, 33, 33, 33, 33, 33, 33, 33, 33, 33, 33, 33, 33, 33, 33, 33, 33, 33, 33, 33, 33, 33, 33, 33, 33, 33, 33, 33, 33, 33, 33, 33, 33, 33, 33, 33, 33, 33, 33, 33, 33, 33, 33, 33, 33, 33, 33, 33, 33, 33, 33, 33, 33, 33, 33, 33, 33, 33, 33, 33, 33, 33, 33, 33, 33, 33, 33, 33, 33, 33, 33, 33, 33, 33, 33, 33, 33, 33, 33, 33, 33, 33, 33, 33, 33, 33, 33, 33, 33, 33, 33, 33, 33, 33]",32.91679467485919,"[32.9057859703021, 32.90860215053763, 32.912186379928315, 32.91116231438812, 32.91039426523297, 32.90962621607783, 32.91449052739375, 32.91346646185356, 32.91423451100871, 32.91551459293395, 32.918074756784435, 32.92242703533026, 32.918842805939576, 32.919098822324635, 32.91833077316948, 32.91500256016385, 32.9167946748592, 32.91295442908346, 32.912186379928315, 32.918074756784435, 32.91781874039938, 32.91500256016385, 32.915770609319, 32.91756272401434, 32.91781874039939, 32.91705069124424, 32.919610855094724, 32.919866871479776, 32.92089093701997, 32.9237071172555, 32.921402969790066, 32.919098822324635, 32.9167946748592, 32.91781874039939, 32.91858678955454, 32.920634920634924, 32.91909882232463, 32.91756272401434, 32.918842805939576, 32.91705069124424, 32.9152585765489, 32.918842805939576, 32.92165898617511, 32.92319508448541, 32.92242703533026, 32.922939068100355, 32.92242703533026, 32.922171018945214, 32.921146953405014, 32.92165898617511, 32.91833077316948, 32.918074756784435, 32.92037890424987, 32.922939068100355, 32.923963133640555, 32.92319508448541, 32.922171018945214, 32.92165898617512, 32.9237071172555, 32.922427035330266, 32.92037890424987, 32.92114695340502, 32.921402969790066, 32.92191500256016, 32.923963133640555, 32.919866871479776, 32.919610855094724, 32.92114695340502, 32.92165898617512, 32.92191500256017, 32.92089093701997, 32.92114695340502, 32.91935483870968, 32.92063492063492, 32.92242703533026, 32.92319508448541, 32.9242191500256, 32.92601126472094, 32.92498719918075, 32.92703533026114, 32.92754736303124, 32.92601126472094, 32.92498719918075, 32.92319508448541, 32.919866871479776, 32.91986687147977, 32.922171018945214, 32.92293906810036, 32.92293906810036, 32.92447516641065, 32.926267281105986, 32.923963133640555, 32.921402969790066, 32.91884280593958, 32.91909882232463, 32.91602662570404, 32.91679467485919, 32.916538658474146, 32.913722478238604, 32.913722478238604, 32.913978494623656, 32.91602662570404, 32.915514592933945, 32.91449052739375, 32.913978494623656, 32.91372247823861, 32.91500256016385, 32.91500256016385, 32.91730670762929, 32.91935483870968, 32.92191500256016, 32.91705069124424, 32.91756272401434, 32.92089093701997, 32.920634920634924, 32.91909882232463, 32.91705069124424, 32.91730670762929, 32.91858678955454, 32.919866871479776, 32.92012288786482, 32.92012288786482, 32.92063492063492, 32.92268305171531, 32.92319508448541, 32.9237071172555, 32.92268305171531, 32.92268305171531, 32.92063492063492, 32.91858678955453, 32.921402969790066, 32.92191500256016, 32.92242703533026, 32.92089093701997, 32.92191500256016, 32.918842805939576, 32.9152585765489, 32.91602662570405, 32.91500256016385, 32.91756272401434, 32.91884280593958, 32.918842805939576, 32.91935483870968, 32.91858678955453, 32.91858678955453, 32.91679467485919, 32.91858678955453, 32.91756272401434, 32.91833077316949, 32.91730670762929, 32.914746543778804, 32.915770609319, 32.91346646185356, 32.91244239631336, 32.91244239631337, 32.910650281618025, 32.91013824884793, 32.913722478238604, 32.91116231438812, 32.91193036354327, 32.91244239631337, 32.913722478238604, 32.91372247823861, 32.913722478238604, 32.915258576548894, 32.916538658474146, 32.916282642089094, 32.916282642089094, 32.916282642089094, 32.91705069124424, 32.91679467485919, 32.91602662570404, 32.91730670762929, 32.91500256016385, 32.914746543778804, 32.916282642089094, 32.915514592933945, 32.91346646185356, 32.91321044546851, 32.9142345110087, 32.91346646185356, 32.915514592933945, 32.915514592933945, 32.916538658474146, 32.91679467485919, 32.91679467485919, 32.91500256016385, 32.91295442908346, 32.913978494623656, 32.91423451100871, 32.91449052739375, 32.9152585765489, 32.91500256016385, 32.913978494623656, 32.91679467485919, 32.91986687147977, 32.91935483870968, 32.92037890424987, 32.92089093701997, 32.919866871479776, 32.91756272401434, 32.91781874039938, 32.919610855094724, 32.91833077316948, 32.91756272401434, 32.91756272401434, 32.91935483870968, 32.92089093701997, 32.921402969790066, 32.921402969790066, 32.92089093701997, 32.91935483870968, 32.91935483870967, 32.919610855094724, 32.92191500256016, 32.92242703533026, 32.92191500256017, 32.919866871479776, 32.919610855094724, 32.91858678955453, 32.91909882232463, 32.92063492063492, 32.91833077316949, 32.91756272401434, 32.916282642089094, 32.91858678955453, 32.91781874039938, 32.919610855094724, 32.92089093701997, 32.92063492063492, 32.92012288786483, 32.91833077316948, 32.91781874039938, 32.91653865847414, 32.91781874039938, 32.91705069124424, 32.91730670762929, 32.916282642089094, 32.916538658474146, 32.915514592933945, 32.915514592933945, 32.91705069124424, 32.913722478238604, 32.913978494623656, 32.91449052739375, 32.91193036354327, 32.91116231438812, 32.912186379928315, 32.9142345110087, 32.91321044546851, 32.9142345110087, 32.91295442908346, 32.915514592933945, 32.913978494623656, 32.913978494623656, 32.912186379928315, 32.91372247823861, 32.91167434715822, 32.91321044546851, 32.913722478238604, 32.913978494623656, 32.91449052739375, 32.91449052739375, 32.915514592933945, 32.916282642089094, 32.91602662570405, 32.91730670762929, 32.91833077316949, 32.92012288786483, 32.91858678955453, 32.92037890424987, 32.92191500256016, 32.92089093701997, 32.921402969790066, 32.92037890424987, 32.91909882232463, 32.91961085509473, 32.91961085509473, 32.92063492063492, 32.92217101894521, 32.922171018945214, 32.92293906810036, 32.921402969790066, 32.921402969790066, 32.921402969790066, 32.92396313364055, 32.92447516641065, 32.9237071172555, 32.92319508448541, 32.9237071172555, 32.92319508448541, 32.92037890424987, 32.92089093701997, 32.920634920634924, 32.92012288786482, 32.92012288786483, 32.92114695340502, 32.91909882232463, 32.919610855094724, 32.91935483870968, 32.91858678955453, 32.91909882232463, 32.91756272401434, 32.91884280593958, 32.917306707629294, 32.91781874039939, 32.917306707629294, 32.91858678955453, 32.91602662570405, 32.91653865847414, 32.91551459293395, 32.91449052739375, 32.913978494623656, 32.91602662570404, 32.915770609319, 32.91551459293395, 32.91679467485919, 32.91551459293395, 32.91551459293395, 32.915514592933945, 32.915770609319, 32.915770609319, 32.91602662570405, 32.91730670762929, 32.91730670762929, 32.915770609319, 32.915770609319, 32.916538658474146, 32.917050691244235, 32.91781874039938, 32.91961085509473, 32.91858678955453, 32.92089093701997, 32.919866871479776, 32.919866871479776, 32.91858678955453, 32.91705069124424, 32.9152585765489, 32.918074756784435, 32.9152585765489, 32.91705069124424, 32.91858678955453, 32.91858678955453, 32.91756272401434, 32.918074756784435, 32.91679467485919, 32.91833077316948, 32.91909882232463, 32.91909882232463, 32.91858678955453, 32.91602662570405, 32.91833077316949, 32.915770609319, 32.915002560163856, 32.91423451100871, 32.91321044546851, 32.913210445468515, 32.91449052739375, 32.918074756784435, 32.91833077316949, 32.91833077316949, 32.91858678955453, 32.91756272401434, 32.91500256016385, 32.914746543778804, 32.91372247823861, 32.914746543778804, 32.918074756784435, 32.92037890424987, 32.91833077316949, 32.918074756784435, 32.918074756784435, 32.917306707629294, 32.91653865847414, 32.916282642089094, 32.915258576548894, 32.91500256016385, 32.916282642089094, 32.915514592933945, 32.91500256016385, 32.913978494623656, 32.913978494623656, 32.91500256016385, 32.91449052739375, 32.91321044546851, 32.913722478238604, 32.91269841269841, 32.91346646185356, 32.91269841269841, 32.915258576548894, 32.91653865847414, 32.916282642089094, 32.916282642089094, 32.913978494623656, 32.91705069124424, 32.91679467485919, 32.91730670762929, 32.91551459293395, 32.915258576548894, 32.915514592933945, 32.91730670762929, 32.91833077316949, 32.917306707629294, 32.91756272401434, 32.91756272401434, 32.91602662570404, 32.916538658474146, 32.91679467485919, 32.91730670762929, 32.91781874039939, 32.918074756784435, 32.91884280593958, 32.91884280593958, 32.91909882232463, 32.91756272401434, 32.91781874039938, 32.91679467485919, 32.916282642089094, 32.91602662570405, 32.91679467485919]",0.7587414030829184,0.7230745449627082,33,"[33, 33, 33, 33, 33, 33, 33, 33, 33, 33, 33, 33, 33, 33, 33, 33, 33, 33, 33, 33, 33, 33, 33, 33, 33, 33, 33, 33, 33, 33, 33, 33, 33, 33, 33, 33, 33, 33, 33, 33, 33, 33, 33, 33, 33, 33, 33, 33, 33, 33, 33, 33, 33, 33, 33, 33, 33, 33, 33, 33, 33, 33, 33, 33, 33, 33, 33, 33, 33, 33, 33, 33, 33, 33, 33, 33, 33, 33, 33, 33, 33, 33, 33, 33, 33, 33, 33, 33, 33, 33, 33, 33, 33, 33, 33, 33, 33, 33, 33, 33, 33, 33, 33, 33, 33, 33, 33, 33, 33, 33, 33, 33, 33, 33, 33, 33, 33, 33, 33, 33, 33, 33, 33, 33, 33, 33, 33, 33, 33, 33, 33, 33, 33, 33, 33, 33, 33, 33, 33, 33, 33, 33, 33, 33, 33, 33, 33, 33, 33, 33, 33, 33, 33, 33, 33, 33, 33, 33, 33, 33, 33, 33, 33, 33, 33, 33, 33, 33, 33, 33, 33, 33, 33, 33, 33, 33, 33, 33, 33, 33, 33, 33, 33, 33, 33, 33, 33, 33, 33, 33, 33, 33, 33, 33, 33, 33, 33, 33, 33, 33, 33, 33, 33, 33, 33, 33, 33, 33, 33, 33, 33, 33, 33, 33, 33, 33, 33, 33, 33, 33, 33, 33, 33, 33, 33, 33, 33, 33, 33, 33, 33, 33, 33, 33, 33, 33, 33, 33, 33, 33, 33, 33, 33, 33, 33, 33, 33, 33, 33, 33, 33, 33, 33, 33, 33, 33, 33, 33, 33, 33, 33, 33, 33, 33, 33, 33, 33, 33, 33, 33, 33, 33, 33, 33, 33, 33, 33, 33, 33, 33, 33, 33, 33, 33, 33, 33, 33, 33, 33, 33, 33, 33, 33, 33, 33, 33, 33, 33, 33, 33, 33, 33, 33, 33, 33, 33, 33, 33, 33, 33, 33, 33, 33, 33, 33, 33, 33, 33, 33, 33, 33, 33, 33, 33, 33, 33, 33, 33, 33, 33, 33, 33, 33, 33, 33, 33, 33, 33, 33, 33, 33, 33, 33, 33, 33, 33, 33, 33, 33, 33, 33, 33, 33, 33, 33, 33, 33, 33, 33, 33, 33, 33, 33, 33, 33, 33, 33, 33, 33, 33, 33, 33, 33, 33, 33, 33, 33, 33, 33, 33, 33, 33, 33, 33, 33, 33, 33, 33, 33, 33, 33, 33, 33, 33, 33, 33, 33, 33, 33, 33, 33, 33, 33, 33, 33, 33, 33, 33, 33, 33, 33, 33, 33, 33, 33, 33, 33, 33, 33, 33]",420,"[0.6558181047439575, 0.5759650468826294, 0.526645302772522, 0.49104827642440796, 0.4661068618297577, 0.4495471715927124, 0.43708258867263794, 0.42788922786712646, 0.4216277599334717, 0.41658127307891846, 0.4127756953239441, 0.409339040517807, 0.40679770708084106, 0.40454235672950745, 0.4033605456352234, 0.4022447168827057, 0.401356041431427, 0.4003526568412781, 0.3995252251625061, 0.39861607551574707, 0.3978296220302582, 0.39727383852005005, 0.3967064619064331, 0.39610594511032104, 0.3957747220993042, 0.3954014480113983, 0.3949979543685913, 0.3946279287338257, 0.39425697922706604, 0.39390382170677185, 0.3935234546661377, 0.39312979578971863, 0.3927876651287079, 0.3924894630908966, 0.39218389987945557, 0.39190059900283813, 0.3915358781814575, 0.39124298095703125, 0.3909057378768921, 0.3906015157699585, 0.39027801156044006, 0.3899914622306824, 0.3897610604763031, 0.3895178735256195, 0.3892916738986969, 0.3890427052974701, 0.38875019550323486, 0.3884717524051666, 0.3882267475128174, 0.387981116771698, 0.38775834441185, 0.3874732255935669, 0.38721904158592224, 0.3869750201702118, 0.386735737323761, 0.3864699602127075, 0.38630515336990356, 0.3860403299331665, 0.38582855463027954, 0.385583758354187, 0.38533106446266174, 0.38513287901878357, 0.38490307331085205, 0.38466140627861023, 0.38448745012283325, 0.3843032717704773, 0.38417452573776245, 0.3839382231235504, 0.3837161660194397, 0.38347914814949036, 0.383268803358078, 0.38309016823768616, 0.3828828036785126, 0.38270464539527893, 0.3825143873691559, 0.38232818245887756, 0.38215482234954834, 0.38198521733283997, 0.38177070021629333, 0.3815884292125702, 0.3814195990562439, 0.3812320828437805, 0.38107970356941223, 0.380898118019104, 0.38068515062332153, 0.3805156946182251, 0.3803187608718872, 0.3801013231277466, 0.37992727756500244, 0.37976890802383423, 0.3796108365058899, 0.37947699427604675, 0.37932875752449036, 0.37913304567337036, 0.37898531556129456, 0.3788376748561859, 0.37875187397003174, 0.37858593463897705, 0.3784152567386627, 0.3782632350921631, 0.3780949115753174, 0.3779483735561371, 0.37781742215156555, 0.3776925802230835, 0.3775489032268524, 0.37741929292678833, 0.3772917687892914, 0.3771703243255615, 0.3770521581172943, 0.3769572973251343, 0.37682783603668213, 0.37666085362434387, 0.3765314519405365, 0.37640848755836487, 0.37629804015159607, 0.37620726227760315, 0.3760721981525421, 0.37593093514442444, 0.3758384585380554, 0.3756989538669586, 0.3755893409252167, 0.3755075931549072, 0.3753717541694641, 0.3753153085708618, 0.37519463896751404, 0.3750775456428528, 0.3749457895755768, 0.3748410940170288, 0.3747223913669586, 0.3746034502983093, 0.3744813799858093, 0.3743964731693268, 0.3743312954902649, 0.37422236800193787, 0.3741796016693115, 0.37413445115089417, 0.37400683760643005, 0.3738894760608673, 0.3737977147102356, 0.373695969581604, 0.37359845638275146, 0.3735036849975586, 0.3733821213245392, 0.37327688932418823, 0.37318384647369385, 0.3730802834033966, 0.37294596433639526, 0.3728439211845398, 0.37273043394088745, 0.37260356545448303, 0.37252452969551086, 0.37243273854255676, 0.37237653136253357, 0.37235718965530396, 0.3722071051597595, 0.37211158871650696, 0.3720311224460602, 0.3719358444213867, 0.3718569278717041, 0.37177661061286926, 0.37169569730758667, 0.3716549575328827, 0.37160205841064453, 0.3715873062610626, 0.37154796719551086, 0.37145304679870605, 0.37131544947624207, 0.3712332248687744, 0.3711819350719452, 0.3711088299751282, 0.37101131677627563, 0.3709692060947418, 0.3709130883216858, 0.37085339426994324, 0.3707720935344696, 0.37069761753082275, 0.370621919631958, 0.3705459535121918, 0.37044501304626465, 0.37035951018333435, 0.3702768087387085, 0.37021124362945557, 0.3701488971710205, 0.37005317211151123, 0.369975209236145, 0.3698934316635132, 0.3698013722896576, 0.3697046935558319, 0.36962664127349854, 0.3695722222328186, 0.3694862127304077, 0.3693769574165344, 0.369297057390213, 0.3692483603954315, 0.3691908121109009, 0.3690602481365204, 0.36898723244667053, 0.3689068853855133, 0.36882275342941284, 0.36875802278518677, 0.36868274211883545, 0.3685976266860962, 0.3685142397880554, 0.3684748411178589, 0.3683941662311554, 0.36831048130989075, 0.3682198226451874, 0.3681572675704956, 0.36810824275016785, 0.36806240677833557, 0.36800238490104675, 0.3679446280002594, 0.36786961555480957, 0.3678547739982605, 0.36781296133995056, 0.3677600920200348, 0.3676644265651703, 0.367570161819458, 0.3674221932888031, 0.3673936128616333, 0.3672916293144226, 0.3672106862068176, 0.3671987056732178, 0.3671075105667114, 0.36704158782958984, 0.3669532537460327, 0.3668428659439087, 0.36676615476608276, 0.3666433095932007, 0.3666326105594635, 0.36654576659202576, 0.36646705865859985, 0.36636316776275635, 0.36633872985839844, 0.3662509024143219, 0.3661870062351227, 0.3660980463027954, 0.3660489618778229, 0.36595022678375244, 0.36589744687080383, 0.3658629357814789, 0.365782767534256, 0.3656844198703766, 0.36561357975006104, 0.3655543625354767, 0.3655325174331665, 0.36548614501953125, 0.36542075872421265, 0.3653240203857422, 0.3652305603027344, 0.3651461899280548, 0.36508166790008545, 0.36499160528182983, 0.36493033170700073, 0.3648652732372284, 0.3648369312286377, 0.36475032567977905, 0.36472511291503906, 0.3646978735923767, 0.3646581768989563, 0.36458641290664673, 0.3645491302013397, 0.3644949197769165, 0.3645074963569641, 0.3643704354763031, 0.36428502202033997, 0.3642270267009735, 0.3641981780529022, 0.3641095757484436, 0.3640608489513397, 0.3640412390232086, 0.3639588952064514, 0.3639320433139801, 0.3638252913951874, 0.36376485228538513, 0.36366260051727295, 0.36359626054763794, 0.3635497987270355, 0.36344996094703674, 0.3633882999420166, 0.3633244037628174, 0.36326146125793457, 0.3632003664970398, 0.3631286323070526, 0.3630976974964142, 0.3630738854408264, 0.3630618155002594, 0.3629506826400757, 0.3629054129123688, 0.36285537481307983, 0.3628210127353668, 0.3627381920814514, 0.36267930269241333, 0.36259204149246216, 0.3625316619873047, 0.3625534176826477, 0.3625527620315552, 0.36248916387557983, 0.3624102473258972, 0.36235249042510986, 0.3623388409614563, 0.362204909324646, 0.3621429204940796, 0.3621214032173157, 0.36203277111053467, 0.3619751036167145, 0.36198121309280396, 0.36197197437286377, 0.36183875799179077, 0.36177557706832886, 0.3616596460342407, 0.3615860342979431, 0.3614952564239502, 0.36141708493232727, 0.36136394739151, 0.3612686097621918, 0.36125609278678894, 0.3611823320388794, 0.36113762855529785, 0.361118882894516, 0.36104729771614075, 0.36097604036331177, 0.360956609249115, 0.36087897419929504, 0.360807865858078, 0.3607543110847473, 0.36077842116355896, 0.36074280738830566, 0.3606516718864441, 0.3605877757072449, 0.36048099398612976, 0.36038443446159363, 0.3603726923465729, 0.3603229820728302, 0.3602863550186157, 0.36027562618255615, 0.3601832687854767, 0.3601631224155426, 0.36010563373565674, 0.3600892126560211, 0.3600422739982605, 0.3599383234977722, 0.3598584234714508, 0.3598063290119171, 0.3597228527069092, 0.35967713594436646, 0.3596062958240509, 0.3594697117805481, 0.35940998792648315, 0.35930997133255005, 0.3592580556869507, 0.3591529130935669, 0.35909831523895264, 0.3590632975101471, 0.3590165972709656, 0.3589535653591156, 0.35892418026924133, 0.35886216163635254, 0.3588116466999054, 0.35873472690582275, 0.35870006680488586, 0.3586379289627075, 0.3586260974407196, 0.35861170291900635, 0.35860970616340637, 0.35857975482940674, 0.35855376720428467, 0.358505517244339, 0.35842999815940857, 0.35839036107063293, 0.3583320677280426, 0.3583041727542877, 0.35823050141334534, 0.35821858048439026, 0.3581841289997101, 0.3581303656101227, 0.35804349184036255, 0.3579491674900055, 0.35790035128593445, 0.35789963603019714, 0.35779908299446106, 0.35775747895240784, 0.35768091678619385, 0.35759368538856506, 0.3575719892978668, 0.35748404264450073, 0.3573847711086273, 0.35738953948020935, 0.3573338985443115, 0.35729581117630005, 0.35729965567588806, 0.3571891486644745, 0.3570643365383148, 0.3569757044315338, 0.35693299770355225, 0.3568339943885803, 0.3568645417690277, 0.3567999005317688, 0.3567446172237396, 0.35669371485710144, 0.35662731528282166, 0.35655203461647034, 0.3564452826976776, 0.3563550114631653, 0.3563312292098999, 0.3562623858451843, 0.35619664192199707, 0.35606178641319275, 0.35600796341896057, 0.35596877336502075, 0.3559130132198334, 0.35587164759635925, 0.3558315336704254, 0.3557714819908142, 0.355762779712677, 0.3557049036026001, 0.3556503355503082, 0.3555792272090912, 0.3555639684200287, 0.3555668890476227]",33.0,"[33.0, 33.0, 33.0, 33.0, 33.0, 33.0, 33.0, 33.0, 33.0, 33.0, 33.0, 33.0, 33.0, 33.0, 33.0, 33.0, 33.0, 33.0, 33.0, 33.0, 33.0, 33.0, 33.0, 33.0, 33.0, 33.0, 33.0, 33.0, 33.0, 33.0, 33.0, 33.0, 33.0, 33.0, 33.0, 33.0, 33.0, 33.0, 33.0, 33.0, 33.0, 33.0, 33.0, 33.0, 33.0, 33.0, 33.0, 33.0, 33.0, 33.0, 33.0, 33.0, 33.0, 33.0, 33.0, 33.0, 33.0, 33.0, 33.0, 33.0, 33.0, 33.0, 33.0, 33.0, 33.0, 33.0, 33.0, 33.0, 33.0, 33.0, 33.0, 33.0, 33.0, 33.0, 33.0, 33.0, 33.0, 33.0, 33.0, 33.0, 33.0, 33.0, 33.0, 33.0, 33.0, 33.0, 33.0, 33.0, 33.0, 33.0, 33.0, 33.0, 33.0, 33.0, 33.0, 33.0, 33.0, 33.0, 33.0, 33.0, 33.0, 33.0, 33.0, 33.0, 33.0, 33.0, 33.0, 33.0, 33.0, 33.0, 33.0, 33.0, 33.0, 33.0, 33.0, 33.0, 33.0, 33.0, 33.0, 33.0, 33.0, 33.0, 33.0, 33.0, 33.0, 33.0, 33.0, 33.0, 33.0, 33.0, 33.0, 33.0, 33.0, 33.0, 33.0, 33.0, 33.0, 33.0, 33.0, 33.0, 33.0, 33.0, 33.0, 33.0, 33.0, 33.0, 33.0, 33.0, 33.0, 33.0, 33.0, 33.0, 33.0, 33.0, 33.0, 33.0, 33.0, 33.0, 33.0, 33.0, 33.0, 33.0, 33.0, 33.0, 33.0, 33.0, 33.0, 33.0, 33.0, 33.0, 33.0, 33.0, 33.0, 33.0, 33.0, 33.0, 33.0, 33.0, 33.0, 33.0, 33.0, 33.0, 33.0, 33.0, 