,number,value,datetime_start,datetime_complete,duration,params_batch_size_scaler,params_constant_learning_rate,params_depth,params_epochs,params_kernel_l2,params_num_trees,params_temperature,user_attrs_accuracy_test,user_attrs_accuracy_valid,user_attrs_approximate_feature_sparsity,user_attrs_approximate_feature_sparsity_history,user_attrs_approximate_weight_sparsity,user_attrs_approximate_weight_sparsity_history,user_attrs_auc_test,user_attrs_auc_valid,user_attrs_feature_sparsity,user_attrs_feature_sparsity_history,user_attrs_num_epochs,user_attrs_val_loss_history,user_attrs_weight_sparsity,user_attrs_weight_sparsity_history,state
95,95,0.9061199778439025,2024-08-31 04:15:36.515267,2024-08-31 04:21:04.577851,0 days 00:05:28.062584,1,0.6662209639944261,3,420,0.08093654508317358,87,0.0008142293864671599,0.929,0.94125,11,"[33, 33, 28, 17, 16, 16, 16, 16, 16, 16, 16, 16, 16, 15, 15, 14, 14, 14, 14, 13, 13, 13, 13, 13, 13, 13, 13, 13, 13, 13, 13, 13, 13, 13, 13, 13, 13, 13, 13, 13, 13, 13, 13, 13, 13, 13, 13, 13, 13, 13, 13, 13, 13, 13, 13, 13, 12, 12, 12, 12, 12, 12, 12, 12, 12, 12, 12, 12, 12, 12, 12, 12, 12, 12, 12, 12, 12, 12, 12, 12, 12, 12, 12, 12, 12, 12, 12, 12, 12, 12, 12, 12, 12, 12, 12, 12, 12, 12, 12, 12, 12, 12, 12, 12, 12, 12, 12, 12, 12, 12, 12, 12, 12, 12, 12, 12, 12, 12, 12, 12, 12, 12, 12, 12, 12, 12, 12, 12, 12, 12, 12, 12, 12, 12, 12, 12, 12, 12, 12, 12, 12, 12, 12, 12, 12, 12, 12, 12, 12, 12, 12, 12, 12, 12, 12, 12, 12, 12, 12, 12, 12, 12, 12, 12, 12, 12, 12, 12, 12, 12, 12, 12, 12, 12, 12, 12, 12, 12, 12, 12, 12, 12, 12, 12, 12, 12, 12, 12, 12, 12, 12, 12, 12, 12, 12, 12, 12, 12, 12, 12, 12, 12, 12, 12, 12, 12, 12, 12, 12, 12, 12, 12, 12, 12, 12, 12, 12, 12, 12, 12, 12, 12, 12, 12, 12, 12, 12, 12, 12, 12, 12, 12, 12, 12, 12, 12, 12, 12, 12, 12, 12, 12, 12, 12, 12, 12, 12, 12, 12, 12, 12, 12, 12, 12, 12, 12, 12, 12, 12, 11, 11, 11, 11, 11, 11, 11, 11, 11, 11, 11, 11, 11, 11, 11, 11, 11, 11, 11, 11, 11, 11, 11, 11, 11, 11, 11, 11, 11, 11, 11, 11, 11, 11, 11, 11, 11, 11, 11, 11, 11, 11, 11, 11, 11, 11, 11, 11, 11, 11, 11, 11, 11, 11, 11, 11, 11, 11, 11, 11, 11, 11, 11, 11, 11, 11, 11, 11, 11, 11, 11, 11, 11, 11, 11, 11, 11, 11, 11, 11, 11, 11, 11, 11, 11, 11, 11, 11, 11, 11, 11, 11, 11, 11, 11, 11, 11, 11, 11, 11, 11, 11, 11, 11, 11, 11, 11, 11, 11, 11, 11, 11, 11, 11, 11, 11, 11, 11, 11, 11, 11, 11, 11, 11, 11, 11, 11, 11, 11, 11, 11, 11, 11, 11, 11, 11, 11, 11, 11, 11, 11, 11, 11, 11, 11, 11, 11, 11, 11, 11, 11, 11, 11, 11, 11, 11, 11, 11, 11, 11, 11]",10.11822660098522,"[32.96059113300493, 32.95894909688013, 27.96715927750411, 16.977011494252874, 15.97536945812808, 15.983579638752053, 15.981937602627257, 15.9688013136289, 15.985221674876847, 15.978653530377668, 15.978653530377668, 15.980295566502463, 15.983579638752053, 14.983579638752053, 14.986863711001645, 13.977011494252876, 13.978653530377668, 13.990147783251231, 13.978653530377668, 12.983579638752055, 12.983579638752055, 12.985221674876847, 12.981937602627257, 12.975369458128078, 12.97536945812808, 12.965517241379311, 12.986863711001643, 12.981937602627259, 12.983579638752053, 12.97208538587849, 12.97208538587849, 12.981937602627259, 12.9688013136289, 12.96551724137931, 12.970443349753694, 12.958949096880131, 12.978653530377668, 12.962233169129721, 12.97536945812808, 12.973727422003284, 12.960591133004927, 12.973727422003284, 12.960591133004927, 12.958949096880133, 12.954022988505747, 12.957307060755335, 12.970443349753696, 12.983579638752053, 12.970443349753696, 12.985221674876849, 12.9688013136289, 12.963875205254517, 12.95238095238095, 12.958949096880131, 12.949096880131362, 12.944170771756978, 11.96551724137931, 11.968801313628898, 11.9688013136289, 11.970443349753694, 11.954022988505749, 11.947454844006568, 11.967159277504106, 11.967159277504107, 11.955665024630541, 11.963875205254515, 11.963875205254515, 11.960591133004927, 11.957307060755335, 11.960591133004927, 11.96223316912972, 11.967159277504106, 11.958949096880131, 11.960591133004927, 11.957307060755337, 11.954022988505747, 11.958949096880133, 11.94417077175698, 11.929392446633825, 11.952380952380954, 11.9376026272578, 11.944170771756978, 11.947454844006568, 11.949096880131364, 11.958949096880133, 11.944170771756978, 11.9688013136289, 11.94745484400657, 11.949096880131364, 11.954022988505749, 11.937602627257801, 11.94745484400657, 11.939244663382595, 11.9376026272578, 11.949096880131362, 11.935960591133005, 11.949096880131364, 11.939244663382597, 11.92446633825944, 11.949096880131362, 11.927750410509033, 11.927750410509033, 11.9376026272578, 11.919540229885056, 11.921182266009854, 11.911330049261084, 11.9064039408867, 11.90968801313629, 11.904761904761905, 11.91625615763547, 11.911330049261084, 11.919540229885058, 11.894909688013136, 11.911330049261084, 11.92282430213465, 11.922824302134648, 11.899835796387523, 11.922824302134647, 11.927750410509033, 11.927750410509033, 11.922824302134647, 11.926108374384235, 11.932676518883413, 11.935960591133004, 11.932676518883415, 11.931034482758623, 11.944170771756978, 11.942528735632184, 11.950738916256158, 11.945812807881774, 11.942528735632182, 11.942528735632184, 11.942528735632186, 11.950738916256157, 11.9376026272578, 11.94088669950739, 11.935960591133004, 11.9376026272578, 11.904761904761907, 11.926108374384238, 11.935960591133005, 11.917898193760262, 11.908045977011495, 11.886699507389165, 11.88177339901478, 11.924466338259442, 11.927750410509033, 11.908045977011495, 11.860426929392446, 11.919540229885056, 11.921182266009852, 11.919540229885056, 11.871921182266009, 11.86863711001642, 11.829228243021346, 11.89162561576355, 11.888341543513958, 11.807881773399016, 11.807881773399014, 11.860426929392446, 11.819376026272577, 11.801313628899836, 11.791461412151067, 11.894909688013136, 11.817733990147783, 11.891625615763548, 11.891625615763548, 11.853858784893267, 11.814449917898193, 11.798029556650247, 11.753694581280788, 11.781609195402298, 11.816091954022989, 11.86863711001642, 11.806239737274222, 11.80623973727422, 11.793103448275863, 11.802955665024632, 11.78489326765189, 11.821018062397373, 11.755336617405584, 11.712643678160921, 11.761904761904761, 11.87192118226601, 11.876847290640395, 11.857142857142856, 11.844006568144499, 11.860426929392446, 11.7504105090312, 11.725779967159278, 11.742200328407224, 11.822660098522167, 11.753694581280788, 11.779967159277506, 11.579638752052546, 11.835796387520524, 11.793103448275863, 11.666666666666666, 11.80952380952381, 11.784893267651888, 11.791461412151067, 11.737274220032841, 11.766830870279147, 11.71264367816092, 11.806239737274222, 11.822660098522165, 11.873563218390805, 11.776683087027914, 11.770114942528737, 11.857142857142856, 11.733990147783251, 11.72249589490969, 11.737274220032841, 11.783251231527093, 11.778325123152708, 11.793103448275861, 11.793103448275861, 11.848932676518885, 11.765188834154353, 11.761904761904761, 11.766830870279145, 11.817733990147781, 11.699507389162562, 11.807881773399014, 11.77832512315271, 11.8128078817734, 11.811165845648604, 11.681444991789819, 11.801313628899834, 11.819376026272577, 11.763546798029555, 11.77504105090312, 11.798029556650247, 11.78489326765189, 11.69129720853859, 11.794745484400655, 11.758620689655173, 11.768472906403941, 11.73070607553366, 11.699507389162562, 11.737274220032843, 11.720853858784892, 11.8128078817734, 11.77175697865353, 11.83415435139573, 11.661740558292282, 11.816091954022989, 11.663382594417076, 11.750410509031196, 11.701149425287356, 11.727422003284072, 11.74384236453202, 11.82594417077176, 11.717569786535304, 11.707717569786535, 11.752052545155994, 11.793103448275861, 11.737274220032841, 11.830870279146142, 10.760262725779967, 10.835796387520526, 10.760262725779967, 10.720853858784894, 10.67487684729064, 10.635467980295568, 10.692939244663382, 10.811165845648604, 10.725779967159278, 10.711001642036125, 10.768472906403941, 10.758620689655173, 10.793103448275863, 10.665024630541872, 10.796387520525451, 10.696223316912972, 10.784893267651887, 10.648604269293925, 10.796387520525451, 10.799671592775042, 10.804597701149426, 10.776683087027914, 10.788177339901479, 10.65024630541872, 10.794745484400655, 10.645320197044335, 10.784893267651887, 10.625615763546799, 10.786535303776681, 10.784893267651888, 10.748768472906404, 10.783251231527093, 10.70935960591133, 10.737274220032841, 10.763546798029557, 10.704433497536945, 10.74055829228243, 10.74384236453202, 10.676518883415435, 10.573070607553367, 10.732348111658457, 10.599343185550083, 10.599343185550083, 10.686371100164203, 10.635467980295568, 10.589490968801314, 10.714285714285714, 10.74712643678161, 10.671592775041052, 10.55665024630542, 10.546798029556651, 10.69950738916256, 10.668308702791462, 10.504105090311986, 10.579638752052546, 10.558292282430212, 10.482758620689655, 10.402298850574713, 10.696223316912974, 10.64367816091954, 10.374384236453201, 10.535303776683087, 10.592775041050903, 10.689655172413794, 10.61247947454844, 10.541871921182265, 10.423645320197044, 10.509031198686372, 10.597701149425287, 10.513957307060755, 10.413793103448278, 10.596059113300495, 10.586206896551724, 10.305418719211822, 10.407224958949097, 10.471264367816092, 10.461412151067323, 10.180623973727421, 10.548440065681444, 10.241379310344826, 10.257799671592775, 10.564860426929393, 10.505747126436782, 10.492610837438423, 10.305418719211822, 10.264367816091955, 10.292282430213465, 10.35303776683087, 10.228243021346469, 10.551724137931034, 10.169129720853858, 10.349753694581281, 10.573070607553367, 10.334975369458128, 10.338259441707718, 10.33169129720854, 10.39737274220033, 10.52216748768473, 10.489326765188833, 10.436781609195402, 10.402298850574713, 10.408866995073891, 10.369458128078817, 10.469622331691298, 10.261083743842365, 10.100164203612481, 10.361247947454844, 10.044334975369457, 9.816091954022989, 9.998357963875206, 10.19704433497537, 9.970443349753694, 10.029556650246304, 10.026272577996716, 10.422003284072249, 10.146141215106734, 10.305418719211822, 10.238095238095237, 10.041050903119869, 10.154351395730705, 10.279146141215106, 10.422003284072249, 9.816091954022989, 10.362889983579638, 10.353037766830871, 10.438423645320198, 10.080459770114942, 10.16912972085386, 10.382594417077176, 10.215106732348112, 9.962233169129721, 10.338259441707716, 10.266009852216747, 10.330049261083744, 10.385878489326764, 10.357963875205254, 10.25944170771757, 10.236453201970443, 10.318555008210181, 10.141215106732348, 10.326765188834154, 9.965517241379311, 10.077175697865353, 10.428571428571429, 10.385878489326766, 10.022988505747126, 10.474548440065682, 9.986863711001643, 10.305418719211822, 10.059113300492612, 10.307060755336618, 9.970443349753694, 10.279146141215106, 10.200328407224958, 10.247947454844006, 9.788177339901479, 10.243021346469622, 10.336617405582922, 10.247947454844006, 10.302134646962234, 10.11822660098522]",0.9163880150925949,0.9061199778439025,11,"[33, 33, 28, 17, 16, 16, 16, 16, 16, 16, 16, 16, 16, 15, 15, 14, 14, 14, 14, 13, 13, 13, 13, 13, 13, 13, 13, 13, 13, 13, 13, 13, 13, 13, 13, 13, 13, 13, 13, 13, 13, 13, 13, 13, 13, 13, 13, 13, 13, 13, 13, 13, 13, 13, 13, 13, 12, 12, 12, 12, 12, 12, 12, 12, 12, 12, 12, 12, 12, 12, 12, 12, 12, 12, 12, 12, 12, 12, 12, 12, 12, 12, 12, 12, 12, 12, 12, 12, 12, 12, 12, 12, 12, 12, 12, 12, 12, 12, 12, 12, 12, 12, 12, 12, 12, 12, 12, 12, 12, 12, 12, 12, 12, 12, 12, 12, 12, 12, 12, 12, 12, 12, 12, 12, 12, 12, 12, 12, 12, 12, 12, 12, 12, 12, 12, 12, 12, 12, 12, 12, 12, 12, 12, 12, 12, 12, 12, 12, 12, 12, 12, 12, 12, 12, 12, 12, 12, 12, 12, 12, 12, 12, 12, 12, 12, 12, 12, 12, 12, 12, 12, 12, 12, 12, 12, 12, 12, 12, 12, 12, 12, 12, 12, 12, 12, 12, 12, 12, 12, 12, 12, 12, 12, 12, 12, 12, 12, 12, 12, 12, 12, 12, 12, 12, 12, 12, 12, 12, 12, 12, 12, 12, 12, 12, 12, 12, 12, 12, 12, 12, 12, 12, 12, 12, 12, 12, 12, 12, 12, 12, 12, 12, 12, 12, 12, 12, 12, 12, 12, 12, 12, 12, 12, 12, 12, 12, 12, 12, 12, 12, 12, 12, 12, 12, 12, 12, 12, 12, 12, 11, 11, 11, 11, 11, 11, 11, 11, 11, 11, 11, 11, 11, 11, 11, 11, 11, 11, 11, 11, 11, 11, 11, 11, 11, 11, 11, 11, 11, 11, 11, 11, 11, 11, 11, 11, 11, 11, 11, 11, 11, 11, 11, 11, 11, 11, 11, 11, 11, 11, 11, 11, 11, 11, 11, 11, 11, 11, 11, 11, 11, 11, 11, 11, 11, 11, 11, 11, 11, 11, 11, 11, 11, 11, 11, 11, 11, 11, 11, 11, 11, 11, 11, 11, 11, 11, 11, 11, 11, 11, 11, 11, 11, 11, 11, 11, 11, 11, 11, 11, 11, 11, 11, 11, 11, 11, 11, 11, 11, 11, 11, 11, 11, 11, 11, 11, 11, 11, 11, 11, 11, 11, 11, 11, 11, 11, 11, 11, 11, 11, 11, 11, 11, 11, 11, 11, 11, 11, 11, 11, 11, 11, 11, 11, 11, 11, 11, 11, 11, 11, 11, 11, 11, 11, 11, 11, 11, 11, 11, 11, 11]",420,"[0.39676883816719055, 0.37251293659210205, 0.30140411853790283, 0.25563904643058777, 0.24369418621063232, 0.27776288986206055, 0.20655304193496704, 0.20770885050296783, 0.19944597780704498, 0.1942300647497177, 0.2915444076061249, 0.20881305634975433, 0.4452289938926697, 0.2164471596479416, 0.29118186235427856, 0.19702517986297607, 0.21979905664920807, 0.20154832303524017, 0.2164507359266281, 0.20278720557689667, 0.1932307481765747, 0.21488387882709503, 0.21526600420475006, 0.20906448364257812, 0.2002936601638794, 0.20313262939453125, 0.27322521805763245, 0.20185203850269318, 0.25260889530181885, 0.2084566354751587, 0.24375824630260468, 0.1990569531917572, 0.218685582280159, 0.1984536051750183, 0.21507182717323303, 0.18825320899486542, 0.21515153348445892, 0.19700437784194946, 0.34430208802223206, 0.20202195644378662, 0.2094264030456543, 0.1952252984046936, 0.1921035200357437, 0.19129875302314758, 0.21945039927959442, 0.19186729192733765, 0.1965714395046234, 0.19459481537342072, 0.2047690451145172, 0.19801093637943268, 0.21094676852226257, 0.23536457121372223, 0.20401620864868164, 0.23049291968345642, 0.2460823953151703, 0.20158207416534424, 0.24677704274654388, 0.20290035009384155, 0.22938263416290283, 0.19375964999198914, 0.43972018361091614, 0.3269363045692444, 0.2702183127403259, 0.23792000114917755, 0.1907251924276352, 0.21205855906009674, 0.20821575820446014, 0.24237287044525146, 0.20618122816085815, 0.24079099297523499, 0.22538554668426514, 0.21629944443702698, 0.2872765064239502, 0.22380676865577698, 0.2066570669412613, 0.22585774958133698, 0.21332275867462158, 0.20436681807041168, 0.19989407062530518, 0.19986125826835632, 0.19305476546287537, 0.24445539712905884, 0.19999933242797852, 0.1946338713169098, 0.2217063307762146, 0.20337770879268646, 0.213836207985878, 0.20793500542640686, 0.19832459092140198, 0.20499932765960693, 0.2204182744026184, 0.21954476833343506, 0.20563144981861115, 0.21029120683670044, 0.20657800137996674, 0.1954847127199173, 0.21035532653331757, 0.22835320234298706, 0.23814067244529724, 0.20390766859054565, 0.20818524062633514, 0.2006237655878067, 0.2086806297302246, 0.19190235435962677, 0.23692041635513306, 0.21084614098072052, 0.212635800242424, 0.22136721014976501, 0.19904129207134247, 0.2086537480354309, 0.23503124713897705, 0.272068053483963, 0.19629810750484467, 0.19274073839187622, 0.20658493041992188, 0.20480962097644806, 0.20382556319236755, 0.22307586669921875, 0.22375643253326416, 0.19525568187236786, 0.23526309430599213, 0.20248891413211823, 0.22305193543434143, 0.20978742837905884, 0.21073827147483826, 0.19870740175247192, 0.20503191649913788, 0.2233354151248932, 0.20480406284332275, 0.20236089825630188, 0.20927509665489197, 0.2101803570985794, 0.3139001727104187, 0.20341148972511292, 0.24368995428085327, 0.21397657692432404, 0.20504875481128693, 0.23124094307422638, 0.219685360789299, 0.2209155112504959, 0.19480010867118835, 0.20785339176654816, 0.21533150970935822, 0.20887678861618042, 0.22703339159488678, 0.2728364169597626, 0.22640787065029144, 0.21962112188339233, 0.21001769602298737, 0.2005474716424942, 0.21866042912006378, 0.2029690146446228, 0.19391044974327087, 0.23240745067596436, 0.19611471891403198, 0.2078447937965393, 0.21629954874515533, 0.6529644727706909, 0.21940627694129944, 0.23539999127388, 0.29154399037361145, 0.21854586899280548, 0.20582091808319092, 0.22028693556785583, 0.22392642498016357, 0.21118846535682678, 0.2193664163351059, 0.2119426131248474, 0.21107864379882812, 0.2153100222349167, 0.1965387761592865, 0.22199703752994537, 0.24267634749412537, 0.20642192661762238, 0.21701942384243011, 0.20812423527240753, 0.22870977222919464, 0.21613024175167084, 0.20856887102127075, 0.21971555054187775, 0.21325090527534485, 0.2637372314929962, 0.26398947834968567, 0.20834016799926758, 0.22219468653202057, 0.29780295491218567, 0.2069360315799713, 0.20698195695877075, 0.21354810893535614, 0.21941156685352325, 0.2066969871520996, 0.21467077732086182, 0.2112133651971817, 0.21210460364818573, 0.22421006858348846, 0.21748898923397064, 0.20090237259864807, 0.206776961684227, 0.20795448124408722, 0.24683208763599396, 0.21312189102172852, 0.19720806181430817, 0.21329693496227264, 0.2033226042985916, 0.30998915433883667, 0.2124580591917038, 0.2058640420436859, 0.20341619849205017, 0.22551439702510834, 0.2129492312669754, 0.20428065955638885, 0.2358633577823639, 0.20335713028907776, 0.25505685806274414, 0.5304954051971436, 0.24180124700069427, 0.2073725461959839, 0.2027258425951004, 0.21000199019908905, 0.21084126830101013, 0.21259286999702454, 0.2111867517232895, 0.29701828956604004, 0.2665577828884125, 0.20516689121723175, 0.23683413863182068, 0.2123386561870575, 0.21194326877593994, 0.21134459972381592, 0.21559780836105347, 0.24351288378238678, 0.21279548108577728, 0.19949835538864136, 0.21997396647930145, 0.21336594223976135, 0.2125878781080246, 0.19682767987251282, 0.2182212769985199, 0.2048003226518631, 0.21696320176124573, 0.2222745567560196, 0.22072561085224152, 0.21771115064620972, 0.22951000928878784, 0.24011926352977753, 0.20437969267368317, 0.22417287528514862, 0.2163638472557068, 0.22693322598934174, 0.21127252280712128, 0.2145228534936905, 0.2891620099544525, 0.23691456019878387, 0.20620228350162506, 0.20237331092357635, 0.2486167550086975, 0.21136587858200073, 0.2538370192050934, 0.25319281220436096, 0.2086489349603653, 0.2084280401468277, 0.22561636567115784, 0.21377559006214142, 0.20925010740756989, 0.26665031909942627, 0.21284908056259155, 0.20330634713172913, 0.2547207176685333, 0.22126218676567078, 0.21258129179477692, 0.233526349067688, 0.2288644015789032, 0.4121007025241852, 0.20764774084091187, 0.25251761078834534, 0.2309822291135788, 0.21142621338367462, 0.21836762130260468, 0.20997707545757294, 0.26165881752967834, 0.23939751088619232, 0.19892670214176178, 0.21364355087280273, 0.22441428899765015, 0.21057744324207306, 0.21940948069095612, 0.23175622522830963, 0.21667039394378662, 0.2075919359922409, 0.21792785823345184, 0.2136738896369934, 0.27172890305519104, 0.238855242729187, 0.19845828413963318, 0.2538221776485443, 0.22112137079238892, 0.22528943419456482, 0.25696641206741333, 0.2370276302099228, 0.23554350435733795, 0.2725503444671631, 0.20426933467388153, 0.2228376716375351, 0.2251577377319336, 0.23147255182266235, 0.21250124275684357, 0.24227549135684967, 0.24822132289409637, 0.31221115589141846, 0.2248208075761795, 0.21744737029075623, 0.24081571400165558, 0.20634138584136963, 0.2251746952533722, 0.2318831980228424, 0.23666250705718994, 0.21296468377113342, 0.21888867020606995, 0.2210393100976944, 0.2573568820953369, 0.2128533124923706, 0.23421728610992432, 0.26244449615478516, 0.25741732120513916, 0.2320874184370041, 0.2340315282344818, 0.23218770325183868, 0.23467910289764404, 0.2319803088903427, 0.21510954201221466, 0.23111698031425476, 0.22291582822799683, 0.20649605989456177, 0.2772178053855896, 0.21230873465538025, 0.2059893161058426, 0.22346609830856323, 0.24006301164627075, 0.20473423600196838, 0.23180927336215973, 0.20862196385860443, 0.21248199045658112, 0.21081896126270294, 0.2116646021604538, 0.21664337813854218, 0.2613326609134674, 0.2150036245584488, 0.21886810660362244, 0.5285336971282959, 0.23644503951072693, 0.2356732338666916, 0.21830753982067108, 0.21937590837478638, 0.20928768813610077, 0.20360080897808075, 0.2224361002445221, 0.22735758125782013, 0.21781395375728607, 0.212082177400589, 0.2138901948928833, 0.2264358550310135, 0.23245415091514587, 0.24140548706054688, 0.21036981046199799, 0.30435457825660706, 0.2270066887140274, 0.30540722608566284, 0.22257131338119507, 0.4665096402168274, 0.22873885929584503, 0.21207529306411743, 0.21653184294700623, 0.26926180720329285, 0.21538221836090088, 0.2357683926820755, 0.21798904240131378, 0.22899122536182404, 0.23781129717826843, 0.22344645857810974, 0.22364117205142975, 0.21445363759994507, 0.21415004134178162, 0.2509769797325134, 0.263683557510376, 0.2184104323387146, 0.22318698465824127, 0.3679879307746887, 0.21780139207839966, 0.21878862380981445, 0.20361819863319397, 0.22736778855323792, 0.2229236364364624, 0.2233974039554596, 0.2450191080570221, 0.2582712173461914, 0.2290906012058258, 0.19788311421871185, 0.22648313641548157, 0.22475208342075348, 0.25086909532546997, 0.21976731717586517, 0.2089541256427765, 0.22623613476753235, 0.21080990135669708, 0.21720916032791138, 0.21915367245674133, 0.20514152944087982, 0.22465331852436066, 0.2175476849079132, 0.23277594149112701, 0.2049129605293274, 0.22608812153339386, 0.2465946078300476, 0.2401685267686844, 0.21554695069789886, 0.22861455380916595, 0.23330478370189667, 0.29652920365333557, 0.21601949632167816, 0.2279176115989685]",11.0,"[33.0, 33.0, 28.0, 17.0, 16.0, 16.0, 16.0, 16.0, 16.0, 16.0, 16.0, 16.0, 16.0, 15.0, 15.0, 14.0, 14.0, 14.0, 14.0, 13.0, 13.0, 13.0, 13.0, 13.0, 13.0, 13.0, 13.0, 13.0, 13.0, 13.0, 13.0, 13.0, 13.0, 13.0, 13.0, 13.0, 13.0, 13.0, 13.0, 13.0, 13.0, 13.0, 13.0, 13.0, 13.0, 13.0, 13.0, 13.0, 13.0, 13.0, 13.0, 13.0, 13.0, 13.0, 13.0, 13.0, 12.0, 12.0, 12.0, 12.0, 12.0, 12.0, 12.0, 12.0, 12.0, 12.0, 12.0, 12.0, 12.0, 12.0, 12.0, 12.0, 12.0, 12.0, 12.0, 12.0, 12.0, 12.0, 12.0, 12.0, 12.0, 12.0, 12.0, 12.0, 12.0, 12.0, 12.0, 12.0, 12.0, 12.0, 12.0, 12.0, 12.0, 12.0, 12.0, 12.0, 12.0, 12.0, 12.0, 12.0, 12.0, 12.0, 12.0, 12.0, 12.0, 12.0, 12.0, 12.0, 12.0, 12.0, 12.0, 12.0, 12.0, 12.0, 12.0, 12.0, 12.0, 12.0, 12.0, 12.0, 12.0, 12.0, 12.0, 1