,number,value,datetime_start,datetime_complete,duration,params_batch_size_scaler,params_constant_learning_rate,params_depth,params_epochs,params_kernel_l2,params_num_trees,params_temperature,user_attrs_accuracy_test,user_attrs_accuracy_valid,user_attrs_approximate_feature_sparsity,user_attrs_approximate_feature_sparsity_history,user_attrs_approximate_weight_sparsity,user_attrs_approximate_weight_sparsity_history,user_attrs_auc_test,user_attrs_auc_valid,user_attrs_feature_sparsity,user_attrs_feature_sparsity_history,user_attrs_num_epochs,user_attrs_val_loss_history,user_attrs_weight_sparsity,user_attrs_weight_sparsity_history,state
102,102,0.9276706470353339,2024-08-31 04:30:07.278006,2024-08-31 04:31:40.155541,0 days 00:01:32.877535,64,4.620118623829549,6,160,0.0014480768548675034,21,0.0001450092549891677,0.932,0.94375,32,"[33, 33, 33, 33, 33, 33, 33, 33, 33, 33, 33, 33, 33, 33, 33, 33, 33, 33, 33, 33, 33, 33, 33, 33, 33, 33, 33, 33, 33, 33, 33, 33, 33, 33, 33, 33, 33, 33, 33, 33, 33, 33, 33, 33, 33, 33, 33, 33, 33, 33, 33, 33, 33, 33, 33, 33, 33, 33, 33, 33, 33, 33, 33, 33, 33, 33, 33, 33, 33, 33, 33, 33, 33, 33, 33, 33, 33, 33, 33, 33, 33, 33, 33, 33, 33, 33, 33, 33, 33, 33, 33, 33, 33, 33, 33, 33, 33, 33, 33, 33, 33, 33, 33, 33, 33, 33, 33, 33, 33, 33, 33, 33, 33, 33, 33, 33, 33, 33, 33, 33, 33, 33, 33, 33, 33, 33, 32, 32, 32, 32, 32, 32, 32, 32, 32, 32, 32, 32, 32, 32, 32, 32, 32, 32, 32, 32, 32, 32, 32, 32, 32, 32, 32, 32, 32, 32, 32, 32, 32, 32]",31.96523053665911,"[32.945578231292515, 32.95767195767196, 32.95313681027967, 32.94860166288738, 32.954648526077094, 32.94708994708995, 32.95086923658352, 32.9546485260771, 32.94784580498867, 32.945578231292515, 32.94784580498867, 32.95616024187453, 32.956916099773245, 32.9546485260771, 32.95842781557067, 32.960695389266824, 32.944822373393805, 32.944822373393805, 32.94557823129252, 32.94784580498866, 32.944822373393805, 32.96220710506425, 32.95616024187453, 32.96069538926682, 32.95918367346939, 32.96296296296296, 32.94860166288738, 32.95313681027967, 32.95389266817838, 32.9546485260771, 32.95842781557067, 32.95616024187453, 32.95616024187453, 32.952380952380956, 32.954648526077094, 32.95086923658353, 32.95086923658352, 32.953136810279666, 32.94255479969766, 32.949357520786094, 32.95086923658352, 32.9546485260771, 32.95162509448224, 32.95011337868481, 32.95616024187453, 32.944822373393805, 32.95086923658353, 32.95011337868481, 32.94633408919123, 32.95389266817838, 32.95540438397581, 32.95540438397581, 32.95086923658352, 32.945578231292515, 32.956916099773245, 32.964474678760396, 32.95691609977324, 32.95162509448224, 32.954648526077094, 32.94784580498867, 32.940287226001516, 32.95162509448224, 32.94331065759637, 32.95086923658352, 32.95086923658352, 32.957671957671955, 32.94708994708995, 32.95993953136811, 32.945578231292515, 32.95540438397581, 32.95389266817838, 32.94708994708995, 32.94633408919123, 32.95616024187453, 32.95389266817838, 32.94633408919123, 32.956916099773245, 32.950113378684804, 32.96371882086168, 32.95389266817838, 32.95162509448224, 32.957671957671955, 32.9546485260771, 32.94331065759638, 32.957671957671955, 32.950113378684804, 32.949357520786094, 32.9395313681028, 32.94331065759638, 32.95918367346939, 32.94708994708995, 32.9395313681028, 32.95540438397581, 32.95389266817838, 32.96220710506425, 32.96674225245654, 32.95540438397582, 32.952380952380956, 32.94255479969766, 32.952380952380956, 32.95918367346939, 32.95767195767196, 32.95616024187453, 32.965986394557824, 32.95616024187453, 32.96296296296296, 32.95616024187453, 32.96220710506425, 32.956916099773245, 32.952380952380956, 32.9546485260771, 32.96069538926682, 32.95918367346939, 32.95842781557067, 32.957671957671955, 32.960695389266824, 32.956916099773245, 32.949357520786094, 32.94860166288738, 32.95389266817838, 32.949357520786094, 32.949357520786094, 32.95389266817838, 32.95842781557067, 32.95616024187453, 32.95389266817838, 31.94860166288738, 31.960695389266817, 31.95767195767196, 31.95540438397581, 31.955404383975814, 31.964474678760396, 31.961451247165535, 31.962962962962962, 31.961451247165535, 31.970521541950117, 31.969009826152686, 31.959939531368104, 31.96523053665911, 31.96220710506425, 31.956916099773245, 31.95918367346939, 31.955404383975814, 31.9697656840514, 31.967498110355255, 31.961451247165535, 31.97354497354498, 31.972033257747544, 31.963718820861683, 31.959939531368104, 31.96220710506425, 31.958427815570673, 31.969009826152682, 31.9546485260771, 31.96523053665911, 31.95918367346939, 31.95918367346939, 31.97127739984883, 31.96371882086168, 31.96523053665911]",0.9154550483408878,0.9276706470353339,32,"[33, 33, 33, 33, 33, 33, 33, 33, 33, 33, 33, 33, 33, 33, 33, 33, 33, 33, 33, 33, 33, 33, 33, 33, 33, 33, 33, 33, 33, 33, 33, 33, 33, 33, 33, 33, 33, 33, 33, 33, 33, 33, 33, 33, 33, 33, 33, 33, 33, 33, 33, 33, 33, 33, 33, 33, 33, 33, 33, 33, 33, 33, 33, 33, 33, 33, 33, 33, 33, 33, 33, 33, 33, 33, 33, 33, 33, 33, 33, 33, 33, 33, 33, 33, 33, 33, 33, 33, 33, 33, 33, 33, 33, 33, 33, 33, 33, 33, 33, 33, 33, 33, 33, 33, 33, 33, 33, 33, 33, 33, 33, 33, 33, 33, 33, 33, 33, 33, 33, 33, 33, 33, 33, 33, 33, 33, 32, 32, 32, 32, 32, 32, 32, 32, 32, 32, 32, 32, 32, 32, 32, 32, 32, 32, 32, 32, 32, 32, 32, 32, 32, 32, 32, 32, 32, 32, 32, 32, 32, 32]",160,"[0.3893541097640991, 0.3794151544570923, 0.3732200264930725, 0.37113821506500244, 0.3664628863334656, 0.3598063290119171, 0.35735365748405457, 0.35577765107154846, 0.3491714894771576, 0.3442455530166626, 0.34034377336502075, 0.334455668926239, 0.3326038122177124, 0.32616469264030457, 0.32057175040245056, 0.3161969780921936, 0.3086914122104645, 0.3052923381328583, 0.3002151548862457, 0.2936477065086365, 0.28866928815841675, 0.29675033688545227, 0.29052260518074036, 0.27341946959495544, 0.26931846141815186, 0.26624271273612976, 0.2641879916191101, 0.2633042335510254, 0.25760844349861145, 0.2543983459472656, 0.25652971863746643, 0.25413259863853455, 0.24901129305362701, 0.24728889763355255, 0.24475042521953583, 0.24852372705936432, 0.24136561155319214, 0.2396562695503235, 0.23722206056118011, 0.23756760358810425, 0.24120554327964783, 0.2293555587530136, 0.22356969118118286, 0.22451680898666382, 0.22732719779014587, 0.21960072219371796, 0.21791575849056244, 0.2184016853570938, 0.22237569093704224, 0.21583645045757294, 0.21527917683124542, 0.21680420637130737, 0.21170665323734283, 0.20881807804107666, 0.20540428161621094, 0.20171085000038147, 0.20432311296463013, 0.19805102050304413, 0.20895357429981232, 0.2035529762506485, 0.20087359845638275, 0.19715873897075653, 0.19786308705806732, 0.198713481426239, 0.19533763825893402, 0.19802099466323853, 0.2061576396226883, 0.19305431842803955, 0.19369365274906158, 0.1901603490114212, 0.186863973736763, 0.199453204870224, 0.18629196286201477, 0.1910412609577179, 0.20567911863327026, 0.19021476805210114, 0.1862775981426239, 0.19129963219165802, 0.18705496191978455, 0.19121599197387695, 0.18592475354671478, 0.19654281437397003, 0.1846437305212021, 0.1826164573431015, 0.1837107539176941, 0.18818458914756775, 0.17830036580562592, 0.1800539344549179, 0.178484708070755, 0.18321867287158966, 0.19330757856369019, 0.1805199682712555, 0.17964783310890198, 0.18594659864902496, 0.17433390021324158, 0.18137586116790771, 0.179682195186615, 0.18277879059314728, 0.17618851363658905, 0.17906202375888824, 0.1790868639945984, 0.17936678230762482, 0.17815476655960083, 0.19073818624019623, 0.1805477738380432, 0.17344306409358978, 0.1706763207912445, 0.17288856208324432, 0.17616838216781616, 0.17714713513851166, 0.17773973941802979, 0.17032986879348755, 0.1809178739786148, 0.17894068360328674, 0.1738148331642151, 0.17349030077457428, 0.17804506421089172, 0.17316779494285583, 0.18138763308525085, 0.17102961242198944, 0.1865125596523285, 0.18845924735069275, 0.17436613142490387, 0.18216033279895782, 0.16963033378124237, 0.17058740556240082, 0.17895092070102692, 0.1864532083272934, 0.1932045817375183, 0.17150196433067322, 0.19190523028373718, 0.1737058311700821, 0.1733895242214203, 0.17849849164485931, 0.173811137676239, 0.17061255872249603, 0.1654316484928131, 0.16950462758541107, 0.16866669058799744, 0.1742546260356903, 0.1758279800415039, 0.17906206846237183, 0.1707480251789093, 0.167953222990036, 0.17253883183002472, 0.19626909494400024, 0.16946429014205933, 0.17078182101249695, 0.1767072230577469, 0.17226040363311768, 0.1719827800989151, 0.1674930453300476, 0.17992283403873444, 0.1694248616695404, 0.17076392471790314, 0.17850308120250702, 0.1664121299982071, 0.18027202785015106, 0.16692525148391724, 0.18784309923648834]",32.0,"[33.0, 33.0, 33.0, 33.0, 33.0, 33.0, 33.0, 33.0, 33.0, 33.0, 33.0, 33.0, 33.0, 33.0, 33.0, 33.0, 33.0, 33.0, 33.0, 33.0, 33.0, 33.0, 33.0, 33.0, 33.0, 33.0, 33.0, 33.0, 33.0, 33.0, 33.0, 33.0, 33.0, 33.0, 33.0, 33.0, 33.0, 33.0, 33.0, 33.0, 33.0, 33.0, 33.0, 33.0, 33.0, 33.0, 33.0, 33.0, 33.0, 33.0, 33.0, 33.0, 33.0, 33.0, 33.0, 33.0, 33.0, 33.0, 33.0, 33.0, 33.0, 33.0, 33.0, 33.0, 33.0, 33.0, 33.0, 33.0, 33.0, 33.0, 33.0, 33.0, 33.0, 33.0, 33.0, 33.0, 33.0, 33.0, 33.0, 33.0, 33.0, 33.0, 33.0, 33.0, 33.0, 33.0, 33.0, 33.0, 33.0, 33.0, 33.0, 33.0, 33.0, 33.0, 33.0, 33.0, 33.0, 33.0, 33.0, 33.0, 33.0, 33.0, 33.0, 33.0, 33.0, 33.0, 33.0, 33.0, 33.0, 33.0, 33.0, 33.0, 33.0, 33.0, 33.0, 33.0, 33.0, 33.0, 33.0, 33.0, 33.0, 33.0, 33.0, 33.0, 33.0, 33.0, 32.0, 32.0, 32.0, 32.0, 32.0, 32.0, 32.0, 32.0, 32.0, 32.0, 32.0, 32.0, 32.0, 32.0, 32.0, 32.0, 32.0, 32.0, 32.0, 32.0, 32.0, 32.0, 32.0, 32.0, 32.0, 32.0, 32.0, 32.0, 32.0, 32.0, 32.0, 32.0, 32.0, 32.0]",COMPLETE
103,103,0.5,2024-08-31 04:31:43.065631,2024-08-31 04:33:50.120625,0 days 00:02:07.054994,1,1.8775943670567892,2,225,0.31204574020484604,14,0.041781191804354946,0.859,0.85875,0,"[0, 0, 0, 0, 0, 0, 0, 0, 0, 0, 0, 0, 0, 0, 0, 0, 0, 0, 0, 0, 0, 0, 0, 0, 0, 0, 0, 0, 0, 0, 0, 0, 0, 0, 0, 0, 0, 0, 0, 0, 0, 0, 0, 0, 0, 0, 0, 0, 0, 0, 0, 0, 0, 0, 0, 0, 0, 0, 0, 0, 0, 0, 0, 0, 0, 0, 0, 0, 0, 0, 0, 0, 0, 0, 0, 0, 0, 0, 0, 0, 0, 0, 0, 0, 0, 0, 0, 0, 0, 0, 0, 0, 0, 0, 0, 0, 0, 0, 0, 0, 0, 0, 0, 0, 0, 0, 0, 0, 0, 0, 0, 0, 0, 0, 0, 0, 0, 0, 0, 0, 0, 0, 0, 0, 0, 0, 0, 0, 0, 0, 0, 0, 0, 0, 0, 0, 0, 0, 0, 0, 0, 0, 0, 0, 0, 0, 0, 0, 0, 0, 0, 0, 0, 0, 0, 0, 0, 0, 0, 0, 0, 0, 0, 0, 0, 0, 0, 0, 0, 0, 0, 0, 0, 0, 0, 0, 0, 0, 0, 0, 0, 0, 0, 0, 0, 0, 0, 0, 0, 0, 0, 0, 0, 0, 0, 0, 0, 0, 0, 0, 0, 0, 0, 0, 0, 0, 0, 0, 0, 0, 0, 0, 0, 0, 0, 0, 0, 0, 0, 0, 0, 0, 0, 0, 0]",0.0,"[0.0, 0.0, 0.0, 0.0, 0.0, 0.0, 0.0, 0.0, 0.0, 0.0, 0.0, 0.0, 0.0, 0.0, 0.0, 0.0, 0.0, 0.0, 0.0, 0.0, 0.0, 0.0, 0.0, 0.0, 0.0, 0.0, 0.0, 0.0, 0.0, 0.0, 0.0, 0.0, 0.0, 0.0, 0.0, 0.0, 0.0, 0.0, 0.0, 0.0, 0.0, 0.0, 0.0, 0.0, 0.0, 0.0, 0.0, 0.0, 0.0, 0.0, 0.0, 0.0, 0.0, 0.0, 0.0, 0.0, 0.0, 0.0, 0.0, 0.0, 0.0, 0.0, 0.0, 0.0, 0.0, 0.0, 0.0, 0.0, 0.0, 0.0, 0.0, 0.0, 0.0, 0.0, 0.0, 0.0, 0.0, 0.0, 0.0, 0.0, 0.0, 0.0, 0.0, 0.0, 0.0, 0.0, 0.0, 0.0, 0.0, 0.0, 0.0, 0.0, 0.0, 0.0, 0.0, 0.0, 0.0, 0.0, 0.0, 0.0, 0.0, 0.0, 0.0, 0.0, 0.0, 0.0, 0.0, 0.0, 0.0, 0.0, 0.0, 0.0, 0.0, 0.0, 0.0, 0.0, 0.0, 0.0, 0.0, 0.0, 0.0, 0.0, 0.0, 0.0, 0.0, 0.0, 0.0, 0.0, 0.0, 0.0, 0.0, 0.0, 0.0, 0.0, 0.0, 0.0, 0.0, 0.0, 0.0, 0.0, 0.0, 0.0, 0.0, 0.0, 0.0, 0.0, 0.0, 0.0, 0.0, 0.0, 0.0, 0.0, 0.0, 0.0, 0.0, 0.0, 0.0, 0.0, 0.0, 0.0, 0.0, 0.0, 0.0, 0.0, 0.0, 0.0, 0.0, 0.0, 0.0, 0.0, 0.0, 0.0, 0.0, 0.0, 0.0, 0.0, 0.0, 0.0, 0.0, 0.0, 0.0, 0.0, 0.0, 0.0, 0.0, 0.0, 0.0, 0.0, 0.0, 0.0, 0.0, 0.0, 0.0, 0.0, 0.0, 0.0, 0.0, 0.0, 0.0, 0.0, 0.0, 0.0, 0.0, 0.0, 0.0, 0.0, 0.0, 0.0, 0.0, 0.0, 0.0, 0.0, 0.0, 0.0, 0.0, 0.0, 0.0, 0.0, 0.0, 0.0, 0.0, 0.0, 0.0, 0.0, 0.0]",0.5,0.5,0,"[0, 0, 0, 0, 0, 0, 0, 0, 0, 0, 0, 0, 0, 0, 0, 0, 0, 0, 0, 0, 0, 0, 0, 0, 0, 0, 0, 0, 0, 0, 0, 0, 0, 0, 0, 0, 0, 0, 0, 0, 0, 0, 0, 0, 0, 0, 0, 0, 0, 0, 0, 0, 0, 0, 0, 0, 0, 0, 0, 0, 0, 0, 0, 0, 0, 0, 0, 0, 0, 0, 0, 0, 0, 0, 0, 0, 0, 0, 0, 0, 0, 0, 0, 0, 0, 0, 0, 0, 0, 0, 0, 0, 0, 0, 0, 0, 0, 0, 0, 0, 0, 0, 0, 0, 0, 0, 0, 0, 0, 0, 0, 0, 0, 0, 0, 0, 0, 0, 0, 0, 0, 0, 0, 0, 0, 0, 0, 0, 0, 0, 0, 0, 0, 0, 0, 0, 0, 0, 0, 0, 0, 0, 0, 0, 0, 0, 0, 0, 0, 0, 0, 0, 0, 0, 0, 0, 0, 0, 0, 0, 0, 0, 0, 0, 0, 0, 0, 0, 0, 0, 0, 0, 0, 0, 0, 0, 0, 0, 0, 0, 0, 0, 0, 0, 0, 0, 0, 0, 0, 0, 0, 0, 0, 0, 0, 0, 0, 0, 0, 0, 0, 0, 0, 0, 0, 0, 0, 0, 0, 0, 0, 0, 0, 0, 0, 0, 0, 0, 0, 0, 0, 0, 0, 0, 0]",225,"[0.6415238380432129, 0.4591869115829468, 0.41982829570770264, 0.409342885017395, 0.5254522562026978, 0.7103503942489624, 0.5362212657928467, 0.41460564732551575, 0.6331438422203064, 0.748979926109314, 0.7126162648200989, 0.5236203670501709, 0.44463494420051575, 0.5673207640647888, 0.41466984152793884, 0.4964137673377991, 0.4085971713066101, 0.4074765741825104, 0.6381182670593262, 0.5297417640686035, 0.7464450001716614, 0.6120482087135315, 0.4373350143432617, 0.4159930944442749, 0.41505250334739685, 0.43929001688957214, 0.44795650243759155, 0.7868616580963135, 0.5209562182426453, 0.44900691509246826, 0.6135396361351013, 0.8847628831863403, 0.4084398150444031, 0.4080224633216858, 0.48613592982292175, 0.5371202230453491, 0.653734564781189, 0.6010091304779053, 0.40888121724128723, 0.7670261263847351, 0.4399566352367401, 0.45574724674224854, 0.5765332579612732, 0.43342113494873047, 0.6381258964538574, 0.442997545003891, 0.5386289358139038, 0.44407379627227783, 0.4075121581554413, 0.5044547319412231, 0.4164170026779175, 0.5929884910583496, 0.6082712411880493, 0.43286246061325073, 0.7740722894668579, 0.5899825692176819, 0.7599143981933594, 0.506717324256897, 0.638579249382019, 0.6165879964828491, 0.40739691257476807, 0.5362794399261475, 0.584621787071228, 0.482380747795105, 0.4377429187297821, 0.4695185422897339, 0.44672533869743347, 0.40989363193511963, 0.446468323469162, 0.5296356678009033, 0.4378712475299835, 0.4545423090457916, 0.569715678691864, 0.5835833549499512, 0.5125988721847534, 0.5631678104400635, 0.5162705183029175, 0.5290682315826416, 0.40735408663749695, 0.407385915517807, 0.4080088138580322, 0.5280511975288391, 0.4216099977493286, 0.5871502161026001, 0.6253412365913391, 0.40800896286964417, 0.47229498624801636, 0.749887228012085, 0.4465022385120392, 0.7718175649642944, 0.9667715430259705, 0.43630874156951904, 0.4272131621837616, 0.4077242314815521, 0.5369448661804199, 0.41059765219688416, 0.4089641571044922, 0.40851184725761414, 0.40888693928718567, 0.7248734831809998, 0.5556756854057312, 0.4278854727745056, 0.4074738025665283, 0.5304948091506958, 0.5300012230873108, 0.45606526732444763, 0.5734763145446777, 0.4360181391239166, 0.40758612751960754, 0.42904794216156006, 0.5506355166435242, 0.5006988048553467, 0.5448184013366699, 0.5959243774414062, 0.8970590233802795, 0.46295422315597534, 0.4134249985218048, 0.972974419593811, 0.4162246584892273, 0.565654993057251, 0.435456782579422, 0.45518752932548523, 0.4101795256137848, 0.4166329503059387, 0.4427662789821625, 0.4198624789714813, 0.4512711763381958, 0.6052268743515015, 0.6471878290176392, 0.4521053731441498, 0.4388619363307953, 0.45419156551361084, 0.5171683430671692, 0.4374891519546509, 0.9418296813964844, 0.4460447430610657, 0.4727289080619812, 0.5455247759819031, 0.44712162017822266, 0.41618049144744873, 0.4210188686847687, 0.4445173144340515, 0.45120924711227417, 0.5443268418312073, 0.5124515295028687, 0.4073887765407562, 0.4554045796394348, 0.43634071946144104, 0.7737666368484497, 0.568433403968811, 0.4219963848590851, 0.5337649583816528, 0.45102760195732117, 0.6714698672294617, 0.6261477470397949, 0.40724101662635803, 0.43706879019737244, 0.4757446348667145, 0.5559259653091431, 0.40810438990592957, 0.883126437664032, 0.44353529810905457, 0.6315813660621643, 0.4410688281059265, 0.424215704202652, 0.4494835138320923, 0.5942655205726624, 0.4135887920856476, 0.41156768798828125, 0.6075048446655273, 0.5903950333595276, 0.44672393798828125, 0.4325535297393799, 0.40760692954063416, 0.5713878870010376, 0.6179097294807434, 0.4790498614311218, 0.40887996554374695, 0.44989001750946045, 0.41885319352149963, 0.7553978562355042, 0.4103022813796997, 0.5290570259094238, 0.5342348217964172, 0.7367057800292969, 0.44762691855430603, 0.40771782398223877, 0.4469059109687805, 0.40737804770469666, 0.4078786075115204, 0.4073282480239868, 0.40792372822761536, 0.7591714262962341, 0.5254791378974915, 0.40885624289512634, 0.40735167264938354, 0.4510064423084259, 0.40873008966445923, 0.4490360617637634, 0.9127717614173889, 0.4458511769771576, 1.2031424045562744, 0.5180027484893799, 0.6248124837875366, 0.437577486038208, 0.9574474096298218, 0.40784165263175964, 0.5889291167259216, 0.571510374546051, 0.45151910185813904, 0.4222630560398102, 0.4465370178222656, 0.6254793405532837, 0.5235354900360107, 0.4456154704093933, 0.4582885801792145, 0.40745216608047485, 0.537272572517395, 0.6141521334648132, 0.42035147547721863, 0.4158287048339844, 0.4481138586997986, 0.5316616892814636, 0.5137142539024353, 0.6079301834106445]",0.0,"[0.0, 0.0, 0.0, 0.0, 0.0, 0.0, 0.0, 0.0, 0.0, 0.0, 0.0, 0.0, 0.0, 0.0, 0.0, 0.0, 0.0, 0.0, 0.0, 0.0, 0.0, 0.0, 0.0, 0.0, 0.0, 0.0, 0.0, 0.0, 0.0, 0.0, 0.0, 0.0, 0.0, 0.0, 0.0, 0.0, 0.0, 0.0, 0.0, 0.0, 0.0, 0.0, 0.0, 0.0, 0.0, 0.0, 0.0, 0.0, 0.0, 0.0, 0.0, 0.0, 0.0, 0.0, 0.0, 0.0, 0.0, 0.0, 0.0, 0.0, 0.0, 0.0, 0.0, 0.0, 0.0, 0.0, 0.0, 0.0, 0.0, 0.0, 0.0, 0.0, 0.0, 0.0, 0.0, 0.0, 0.0, 0.0, 0.0, 0.0, 0.0, 0.0, 0.0, 0.0, 0.0, 0.0, 0.0, 0.0, 0.0, 0.0, 0.0, 0.0, 0.0, 0.0, 0.0, 0.0, 0.0, 0.0, 0.0, 0.0, 0.0, 0.0, 0.0, 0.0, 0.0, 0.0, 0.0, 0.0, 0.0, 0.0, 0.0, 0.0, 0.0, 0.0, 0.0, 0.0, 0.0, 0.0, 0.0, 0.0, 0.0, 0.0, 0.0, 0.0, 0.0, 0.0, 0.0, 0.0, 0.0, 0.0, 0.0, 0.0, 0.0, 0.0, 0.0, 0.0, 0.0, 0.0, 0.0, 0.0, 0.0, 0.0, 0.0, 0.0, 0.0, 0.0, 0.0, 0.0, 0.0, 0.0, 0.0, 0.0, 0.0, 0.0, 0.0, 0.0, 0.0, 0.0, 0.0, 0.0, 0.0, 0.0, 0.0, 0.0, 0.0, 0.0, 0.0, 0.0, 0.0, 0.0, 0.0, 0.0, 0.0, 0.0, 0.0, 0.0, 0.0, 0.0, 0.0, 0.0, 0.0, 0.0, 0.0, 0.0, 0.0, 0.0, 0.0, 0.0, 0.0, 0.0, 0.0, 0.0, 0.0, 0.0, 0.0, 0.0, 0.0, 0.0, 0.0, 0.0, 0.0, 0.0, 0.0, 0.0, 0.0, 0.0, 0.0, 0.0, 0.0, 0.0, 0.0, 0.0, 0.0, 0.0, 0.0, 0.0, 0.0, 0.0, 0.0, 0.0, 0.0, 0.0, 0.0, 0.0, 0.0]",COMPLETE
