,number,value,datetime_start,datetime_complete,duration,params_batch_size_scaler,params_constant_learning_rate,params_depth,params_epochs,params_kernel_l2,params_num_trees,params_temperature,user_attrs_accuracy_test,user_attrs_accuracy_valid,user_attrs_approximate_feature_sparsity,user_attrs_approximate_feature_sparsity_history,user_attrs_approximate_weight_sparsity,user_attrs_approximate_weight_sparsity_history,user_attrs_auc_test,user_attrs_auc_valid,user_attrs_feature_sparsity,user_attrs_feature_sparsity_history,user_attrs_num_epochs,user_attrs_val_loss_history,user_attrs_weight_sparsity,user_attrs_weight_sparsity_history,state
27,27,0.5,2024-08-31 01:32:13.201286,2024-08-31 01:33:03.743204,0 days 00:00:50.541918,16,2.6120829544240567,4,300,0.0050889369192678524,36,0.005876094718171612,0.859,0.85875,0,"[33, 5, 0, 0, 0, 0, 0, 0, 0, 0, 0, 0, 0, 0, 0, 0, 0, 0, 0, 0, 0, 0, 0, 0, 0, 0, 0, 0, 0, 0, 0, 0, 0, 0, 0, 0, 0, 0, 0, 0, 0, 0, 0, 0, 0, 0, 0, 0, 0, 0, 0, 0, 0, 0, 0, 0, 0, 0, 0, 0, 0, 0, 0, 0, 0, 0, 0, 0, 0, 0, 0, 0, 0, 0, 0, 0, 0, 0, 0, 0, 0, 0, 0, 0, 0, 0, 0, 0, 0, 0, 0, 0, 0, 0, 0, 0, 0, 0, 0, 0, 0, 0, 0, 0, 0, 0, 0, 0, 0, 0, 0, 0, 0, 0, 0, 0, 0, 0, 0, 0, 0, 0, 0, 0, 0, 0, 0, 0, 0, 0, 0, 0, 0, 0, 0, 0, 0, 0, 0, 0, 0, 0, 0, 0, 0, 0, 0, 0, 0, 0, 0, 0, 0, 0, 0, 0, 0, 0, 0, 0, 0, 0, 0, 0, 0, 0, 0, 0, 0, 0, 0, 0, 0, 0, 0, 0, 0, 0, 0, 0, 0, 0, 0, 0, 0, 0, 0, 0, 0, 0, 0, 0, 0, 0, 0, 0, 0, 0, 0, 0, 0, 0, 0, 0, 0, 0, 0, 0, 0, 0, 0, 0, 0, 0, 0, 0, 0, 0, 0, 0, 0, 0, 0, 0, 0, 0, 0, 0, 0, 0, 0, 0, 0, 0, 0, 0, 0, 0, 0, 0, 0, 0, 0, 0, 0, 0, 0, 0, 0, 0, 0, 0, 0, 0, 0, 0, 0, 0, 0, 0, 0, 0, 0, 0, 0, 0, 0, 0, 0, 0, 0, 0, 0, 0, 0, 0, 0, 0, 0, 0, 0, 0, 0, 0, 0, 0, 0, 0, 0, 0, 0, 0, 0, 0, 0, 0, 0, 0, 0, 0]",0.0,"[32.964814814814815, 5.0, 0.0, 0.0, 0.0, 0.0, 0.0, 0.0, 0.0, 0.0, 0.0, 0.0, 0.0, 0.0, 0.0, 0.0, 0.0, 0.0, 0.0, 0.0, 0.0, 0.0, 0.0, 0.0, 0.0, 0.0, 0.0, 0.0, 0.0, 0.0, 0.0, 0.0, 0.0, 0.0, 0.0, 0.0, 0.0, 0.0, 0.0, 0.0, 0.0, 0.0, 0.0, 0.0, 0.0, 0.0, 0.0, 0.0, 0.0, 0.0, 0.0, 0.0, 0.0, 0.0, 0.0, 0.0, 0.0, 0.0, 0.0, 0.0, 0.0, 0.0, 0.0, 0.0, 0.0, 0.0, 0.0, 0.0, 0.0, 0.0, 0.0, 0.0, 0.0, 0.0, 0.0, 0.0, 0.0, 0.0, 0.0, 0.0, 0.0, 0.0, 0.0, 0.0, 0.0, 0.0, 0.0, 0.0, 0.0, 0.0, 0.0, 0.0, 0.0, 0.0, 0.0, 0.0, 0.0, 0.0, 0.0, 0.0, 0.0, 0.0, 0.0, 0.0, 0.0, 0.0, 0.0, 0.0, 0.0, 0.0, 0.0, 0.0, 0.0, 0.0, 0.0, 0.0, 0.0, 0.0, 0.0, 0.0, 0.0, 0.0, 0.0, 0.0, 0.0, 0.0, 0.0, 0.0, 0.0, 0.0, 0.0, 0.0, 0.0, 0.0, 0.0, 0.0, 0.0, 0.0, 0.0, 0.0, 0.0, 0.0, 0.0, 0.0, 0.0, 0.0, 0.0, 0.0, 0.0, 0.0, 0.0, 0.0, 0.0, 0.0, 0.0, 0.0, 0.0, 0.0, 0.0, 0.0, 0.0, 0.0, 0.0, 0.0, 0.0, 0.0, 0.0, 0.0, 0.0, 0.0, 0.0, 0.0, 0.0, 0.0, 0.0, 0.0, 0.0, 0.0, 0.0, 0.0, 0.0, 0.0, 0.0, 0.0, 0.0, 0.0, 0.0, 0.0, 0.0, 0.0, 0.0, 0.0, 0.0, 0.0, 0.0, 0.0, 0.0, 0.0, 0.0, 0.0, 0.0, 0.0, 0.0, 0.0, 0.0, 0.0, 0.0, 0.0, 0.0, 0.0, 0.0, 0.0, 0.0, 0.0, 0.0, 0.0, 0.0, 0.0, 0.0, 0.0, 0.0, 0.0, 0.0, 0.0, 0.0, 0.0, 0.0, 0.0, 0.0, 0.0, 0.0, 0.0, 0.0, 0.0, 0.0, 0.0, 0.0, 0.0, 0.0, 0.0, 0.0, 0.0, 0.0, 0.0, 0.0, 0.0, 0.0, 0.0, 0.0, 0.0, 0.0, 0.0, 0.0, 0.0, 0.0, 0.0, 0.0, 0.0, 0.0, 0.0, 0.0, 0.0, 0.0, 0.0, 0.0, 0.0, 0.0, 0.0, 0.0, 0.0, 0.0, 0.0, 0.0, 0.0, 0.0, 0.0, 0.0, 0.0, 0.0, 0.0, 0.0, 0.0, 0.0, 0.0, 0.0, 0.0, 0.0, 0.0, 0.0, 0.0, 0.0, 0.0, 0.0, 0.0, 0.0, 0.0, 0.0, 0.0, 0.0, 0.0]",0.5,0.5,0,"[33, 5, 0, 0, 0, 0, 0, 0, 0, 0, 0, 0, 0, 0, 0, 0, 0, 0, 0, 0, 0, 0, 0, 0, 0, 0, 0, 0, 0, 0, 0, 0, 0, 0, 0, 0, 0, 0, 0, 0, 0, 0, 0, 0, 0, 0, 0, 0, 0, 0, 0, 0, 0, 0, 0, 0, 0, 0, 0, 0, 0, 0, 0, 0, 0, 0, 0, 0, 0, 0, 0, 0, 0, 0, 0, 0, 0, 0, 0, 0, 0, 0, 0, 0, 0, 0, 0, 0, 0, 0, 0, 0, 0, 0, 0, 0, 0, 0, 0, 0, 0, 0, 0, 0, 0, 0, 0, 0, 0, 0, 0, 0, 0, 0, 0, 0, 0, 0, 0, 0, 0, 0, 0, 0, 0, 0, 0, 0, 0, 0, 0, 0, 0, 0, 0, 0, 0, 0, 0, 0, 0, 0, 0, 0, 0, 0, 0, 0, 0, 0, 0, 0, 0, 0, 0, 0, 0, 0, 0, 0, 0, 0, 0, 0, 0, 0, 0, 0, 0, 0, 0, 0, 0, 0, 0, 0, 0, 0, 0, 0, 0, 0, 0, 0, 0, 0, 0, 0, 0, 0, 0, 0, 0, 0, 0, 0, 0, 0, 0, 0, 0, 0, 0, 0, 0, 0, 0, 0, 0, 0, 0, 0, 0, 0, 0, 0, 0, 0, 0, 0, 0, 0, 0, 0, 0, 0, 0, 0, 0, 0, 0, 0, 0, 0, 0, 0, 0, 0, 0, 0, 0, 0, 0, 0, 0, 0, 0, 0, 0, 0, 0, 0, 0, 0, 0, 0, 0, 0, 0, 0, 0, 0, 0, 0, 0, 0, 0, 0, 0, 0, 0, 0, 0, 0, 0, 0, 0, 0, 0, 0, 0, 0, 0, 0, 0, 0, 0, 0, 0, 0, 0, 0, 0, 0, 0, 0, 0, 0, 0, 0]",300,"[0.3685455620288849, 0.3671756088733673, 0.4122759699821472, 0.40969035029411316, 0.49337443709373474, 0.4139692783355713, 0.418471097946167, 0.40928640961647034, 0.40730908513069153, 0.42063891887664795, 0.4119569659233093, 0.40723133087158203, 0.43668660521507263, 0.4094468951225281, 0.4073091149330139, 0.4086247980594635, 0.426316499710083, 0.41025131940841675, 0.4072282314300537, 0.4101322293281555, 0.40733978152275085, 0.4180564880371094, 0.41253662109375, 0.4155770242214203, 0.4262891709804535, 0.49436628818511963, 0.40744757652282715, 0.4082270562648773, 0.41876885294914246, 0.41110798716545105, 0.43941786885261536, 0.4091525971889496, 0.4216628968715668, 0.40722617506980896, 0.4075562655925751, 0.4228968918323517, 0.4117449223995209, 0.4147286117076874, 0.4093012511730194, 0.4072263240814209, 0.4238668382167816, 0.4089863896369934, 0.41662484407424927, 0.4139277935028076, 0.4153948128223419, 0.40988391637802124, 0.41816139221191406, 0.41606590151786804, 0.4214540719985962, 0.4110073149204254, 0.41438931226730347, 0.5063074231147766, 0.4098344147205353, 0.41250842809677124, 0.41982501745224, 0.41024333238601685, 0.407368004322052, 0.43050694465637207, 0.4119260311126709, 0.47888052463531494, 0.42679154872894287, 0.40802720189094543, 0.4172879457473755, 0.4089985191822052, 0.42523515224456787, 0.4090675413608551, 0.41291728615760803, 0.407882958650589, 0.40736401081085205, 0.40757957100868225, 0.4093746542930603, 0.4072851240634918, 0.40737032890319824, 0.4171908497810364, 0.444391131401062, 0.42584410309791565, 0.4081464409828186, 0.4135671555995941, 0.40834659337997437, 0.40724313259124756, 0.44274258613586426, 0.4117066264152527, 0.4122289717197418, 0.41419994831085205, 0.4075743854045868, 0.40722811222076416, 0.4357761740684509, 0.40735775232315063, 0.40724262595176697, 0.407317578792572, 0.4096113443374634, 0.40750929713249207, 0.41647759079933167, 0.4075356721878052, 0.4234892725944519, 0.4072312116622925, 0.4075074791908264, 0.42665839195251465, 0.41373759508132935, 0.4084773361682892, 0.40788668394088745, 0.44797298312187195, 0.40726029872894287, 0.40911227464675903, 0.40783941745758057, 0.4437752664089203, 0.4091661870479584, 0.41761311888694763, 0.4080430269241333, 0.4128100574016571, 0.4114871621131897, 0.44237083196640015, 0.4235364496707916, 0.4315144717693329, 0.4240136742591858, 0.4072263836860657, 0.4292604327201843, 0.4183923304080963, 0.4186563491821289, 0.4209575653076172, 0.41749340295791626, 0.45749279856681824, 0.40726444125175476, 0.4118092358112335, 0.4201524257659912, 0.41189858317375183, 0.40815556049346924, 0.4129995107650757, 0.40837591886520386, 0.45658695697784424, 0.41650086641311646, 0.4082086980342865, 0.4099264144897461, 0.4083513617515564, 0.4294821619987488, 0.4101012349128723, 0.4208487570285797, 0.4322083592414856, 0.4074261486530304, 0.43765050172805786, 0.46178507804870605, 0.40771716833114624, 0.4457324743270874, 0.5084524750709534, 0.4072287380695343, 0.44475048780441284, 0.421468049287796, 0.4439413547515869, 0.41079795360565186, 0.4123462438583374, 0.4121188223361969, 0.4220521152019501, 0.40960270166397095, 0.41228798031806946, 0.4099656939506531, 0.40772753953933716, 0.4072270691394806, 0.4078092873096466, 0.40793079137802124, 0.40728646516799927, 0.41292744874954224, 0.40724077820777893, 0.4114711284637451, 0.4072314500808716, 0.4123125970363617, 0.4190831482410431, 0.41009730100631714, 0.4072349965572357, 0.41003236174583435, 0.4121197462081909, 0.41440141201019287, 0.42702051997184753, 0.4075259268283844, 0.40739941596984863, 0.4224483072757721, 0.4219791889190674, 0.4114469885826111, 0.408181369304657, 0.41216346621513367, 0.4104996621608734, 0.4072960913181305, 0.41293978691101074, 0.40797850489616394, 0.40775778889656067, 0.41456881165504456, 0.4267212748527527, 0.41609346866607666, 0.41276293992996216, 0.41401901841163635, 0.4539416432380676, 0.41169825196266174, 0.4072934091091156, 0.4141647219657898, 0.4097718298435211, 0.4185619652271271, 0.4146476984024048, 0.4154927730560303, 0.40723735094070435, 0.4080093502998352, 0.4221622347831726, 0.4078752100467682, 0.412960022687912, 0.43988364934921265, 0.40957677364349365, 0.4288962483406067, 0.41314274072647095, 0.4363895058631897, 0.4415235221385956, 0.4096881151199341, 0.40766021609306335, 0.40795668959617615, 0.40723419189453125, 0.4088483154773712, 0.4234098196029663, 0.4095821678638458, 0.4124024510383606, 0.41637131571769714, 0.41713425517082214, 0.4246777296066284, 0.4097619354724884, 0.4072270691394806, 0.5541911125183105, 0.42325103282928467, 0.40855589509010315, 0.4094425141811371, 0.4073760509490967, 0.4072275161743164, 0.41574597358703613, 0.4201420247554779, 0.423440545797348, 0.4208773672580719, 0.4094134271144867, 0.41236191987991333, 0.4078841507434845, 0.41628918051719666, 0.4616031348705292, 0.40927350521087646, 0.46158793568611145, 0.40745916962623596, 0.4176124632358551, 0.4095509350299835, 0.4074222147464752, 0.40997937321662903, 0.40912166237831116, 0.40732046961784363, 0.41385340690612793, 0.4080047607421875, 0.42308151721954346, 0.41763266921043396, 0.4110714793205261, 0.4078007638454437, 0.4076218008995056, 0.4096579849720001, 0.43787768483161926, 0.4129161536693573, 0.4073546230792999, 0.4215824007987976, 0.48620909452438354, 0.4151158928871155, 0.41018667817115784, 0.44805726408958435, 0.4084179997444153, 0.41174471378326416, 0.40723347663879395, 0.4200015962123871, 0.41119539737701416, 0.40924006700515747, 0.43765392899513245, 0.41287314891815186, 0.42322391271591187, 0.43040621280670166, 0.40775811672210693, 0.42960625886917114, 0.412113755941391, 0.40722668170928955, 0.41169020533561707, 0.41788139939308167, 0.4104769229888916, 0.42668142914772034, 0.4107853174209595, 0.43090713024139404, 0.4130629003047943, 0.44827520847320557, 0.4228920340538025, 0.41969624161720276, 0.4080689251422882, 0.4079073667526245, 0.4127520024776459, 0.4087112843990326, 0.4287845194339752, 0.454585999250412, 0.4088000953197479, 0.4137922525405884, 0.41241317987442017, 0.5098392367362976, 0.41232913732528687, 0.4292811155319214, 0.42979949712753296, 0.40783271193504333, 0.4123213291168213]",0.0,"[33.0, 5.0, 0.0, 0.0, 0.0, 0.0, 0.0, 0.0, 0.0, 0.0, 0.0, 0.0, 0.0, 0.0, 0.0, 0.0, 0.0, 0.0, 0.0, 0.0, 0.0, 0.0, 0.0, 0.0, 0.0, 0.0, 0.0, 0.0, 0.0, 0.0, 0.0, 0.0, 0.0, 0.0, 0.0, 0.0, 0.0, 0.0, 0.0, 0.0, 0.0, 0.0, 0.0, 0.0, 0.0, 0.0, 0.0, 0.0, 0.0, 0.0, 0.0, 0.0, 0.0, 0.0, 0.0, 0.0, 0.0, 0.0, 0.0, 0.0, 0.0, 0.0, 0.0, 0.0, 0.0, 0.0, 0.0, 0.0, 0.0, 0.0, 0.0, 0.0, 0.0, 0.0, 0.0, 0.0, 0.0, 0.0, 0.0, 0.0, 0.0, 0.0, 0.0, 0.0, 0.0, 0.0, 0.0, 0.0, 0.0, 0.0, 0.0, 0.0, 0.0, 0.0, 0.0, 0.0, 0.0, 0.0, 0.0, 0.0, 0.0, 0.0, 0.0, 0.0, 0.0, 0.0, 0.0, 0.0, 0.0, 0.0, 0.0, 0.0, 0.0, 0.0, 0.0, 0.0, 0.0, 0.0, 0.0, 0.0, 0.0, 0.0, 0.0, 0.0, 0.0, 0.0, 0.0, 0.0, 0.0, 0.0, 0.0, 0.0, 0.0, 0.0, 0.0, 0.0, 0.0, 0.0, 0.0, 0.0, 0.0, 0.0, 0.0, 0.0, 0.0, 0.0, 0.0, 0.0, 0.0, 0.0, 0.0, 0.0, 0.0, 0.0, 0.0, 0.0, 0.0, 0.0, 0.0, 0.0, 0.0, 0.0, 0.0, 0.0, 0.0, 0.0, 0.0, 0.0, 0.0, 0.0, 0.0, 0.0, 0.0, 0.0, 0.0, 0.0, 0.0, 0.0, 0.0, 0.0, 0.0, 0.0, 0.0, 0.0, 0.0, 0.0, 0.0, 0.0, 0.0, 0.0, 0.0, 0.0, 0.0, 0.0, 0.0, 0.0, 0.0, 0.0, 0.0, 0.0, 0.0, 0.0, 0.0, 0.0, 0.0, 0.0, 0.0, 0.0, 0.0, 0.0, 0.0, 0.0, 0.0, 0.0, 0.0, 0.0, 0.0, 0.0, 0.0, 0.0, 0.0, 0.0, 0.0, 0.0, 0.0, 0.0, 0.0, 0.0, 0.0, 0.0, 0.0, 0.0, 0.0, 0.0, 0.0, 0.0, 0.0, 0.0, 0.0, 0.0, 0.0, 0.0, 0.0, 0.0, 0.0, 0.0, 0.0, 0.0, 0.0, 0.0, 0.0, 0.0, 0.0, 0.0, 0.0, 0.0, 0.0, 0.0, 0.0, 0.0, 0.0, 0.0, 0.0, 0.0, 0.0, 0.0, 0.0, 0.0, 0.0, 0.0, 0.0, 0.0, 0.0, 0.0, 0.0, 0.0, 0.0, 0.0, 0.0, 0.0, 0.0, 0.0, 0.0, 0.0, 0.0, 0.0, 0.0, 0.0, 0.0, 0.0, 0.0, 0.0, 0.0, 0.0, 0.0, 0.0, 0.0, 0.0, 0.0, 0.0]",COMPLETE
28,28,0.5,2024-08-31 01:33:05.349282,2024-08-31 01:34:25.633365,0 days 00:01:20.284083,1,2.52814844462904,1,160,0.31014007652512393,45,0.016418812965579285,0.859,0.85875,0,"[0, 0, 0, 0, 0, 0, 0, 0, 0, 0, 0, 0, 0, 0, 0, 0, 0, 0, 0, 0, 0, 0, 0, 0, 0, 0, 0, 0, 0, 0, 0, 0, 0, 0, 0, 0, 0, 0, 0, 0, 0, 0, 0, 0, 0, 0, 0, 0, 0, 0, 0, 0, 0, 0, 0, 0, 0, 0, 0, 0, 0, 0, 0, 0, 0, 0, 0, 0, 0, 0, 0, 0, 0, 0, 0, 0, 0, 0, 0, 0, 0, 0, 0, 0, 0, 0, 0, 0, 0, 0, 0, 0, 0, 0, 0, 0, 0, 0, 0, 0, 0, 0, 0, 0, 0, 0, 0, 0, 0, 0, 0, 0, 0, 0, 0, 0, 0, 0, 0, 0, 0, 0, 0, 0, 0, 0, 0, 0, 0, 0, 0, 0, 0, 0, 0, 0, 0, 0, 0, 0, 0, 0, 0, 0, 0, 0, 0, 0, 0, 0, 0, 0, 0, 0, 0, 0, 0, 0, 0, 0]",0.0,"[0.0, 0.0, 0.0, 0.0, 0.0, 0.0, 0.0, 0.0, 0.0, 0.0, 0.0, 0.0, 0.0, 0.0, 0.0, 0.0, 0.0, 0.0, 0.0, 0.0, 0.0, 0.0, 0.0, 0.0, 0.0, 0.0, 0.0, 0.0, 0.0, 0.0, 0.0, 0.0, 0.0, 0.0, 0.0, 0.0, 0.0, 0.0, 0.0, 0.0, 0.0, 0.0, 0.0, 0.0, 0.0, 0.0, 0.0, 0.0, 0.0, 0.0, 0.0, 0.0, 0.0, 0.0, 0.0, 0.0, 0.0, 0.0, 0.0, 0.0, 0.0, 0.0, 0.0, 0.0, 0.0, 0.0, 0.0, 0.0, 0.0, 0.0, 0.0, 0.0, 0.0, 0.0, 0.0, 0.0, 0.0, 0.0, 0.0, 0.0, 0.0, 0.0, 0.0, 0.0, 0.0, 0.0, 0.0, 0.0, 0.0, 0.0, 0.0, 0.0, 0.0, 0.0, 0.0, 0.0, 0.0, 0.0, 0.0, 0.0, 0.0, 0.0, 0.0, 0.0, 0.0, 0.0, 0.0, 0.0, 0.0, 0.0, 0.0, 0.0, 0.0, 0.0, 0.0, 0.0, 0.0, 0.0, 0.0, 0.0, 0.0, 0.0, 0.0, 0.0, 0.0, 0.0, 0.0, 0.0, 0.0, 0.0, 0.0, 0.0, 0.0, 0.0, 0.0, 0.0, 0.0, 0.0, 0.0, 0.0, 0.0, 0.0, 0.0, 0.0, 0.0, 0.0, 0.0, 0.0, 0.0, 0.0, 0.0, 0.0, 0.0, 0.0, 0.0, 0.0, 0.0, 0.0, 0.0, 0.0]",0.5,0.5,0,"[0, 0, 0, 0, 0, 0, 0, 0, 0, 0, 0, 0, 0, 0, 0, 0, 0, 0, 0, 0, 0, 0, 0, 0, 0, 0, 0, 0, 0, 0, 0, 0, 0, 0, 0, 0, 0, 0, 0, 0, 0, 0, 0, 0, 0, 0, 0, 0, 0, 0, 0, 0, 0, 0, 0, 0, 0, 0, 0, 0, 0, 0, 0, 0, 0, 0, 0, 0, 0, 0, 0, 0, 0, 0, 0, 0, 0, 0, 0, 0, 0, 0, 0, 0, 0, 0, 0, 0, 0, 0, 0, 0, 0, 0, 0, 0, 0, 0, 0, 0, 0, 0, 0, 0, 0, 0, 0, 0, 0, 0, 0, 0, 0, 0, 0, 0, 0, 0, 0, 0, 0, 0, 0, 0, 0, 0, 0, 0, 0, 0, 0, 0, 0, 0, 0, 0, 0, 0, 0, 0, 0, 0, 0, 0, 0, 0, 0, 0, 0, 0, 0, 0, 0, 0, 0, 0, 0, 0, 0, 0]",160,"[6.970260143280029, 6.6586594581604, 1.0926518440246582, 3.393202781677246, 9.942395210266113, 7.849139213562012, 5.1524248123168945, 2.7459053993225098, 1.1448880434036255, 14.152396202087402, 3.1478891372680664, 10.526586532592773, 13.913265228271484, 2.188133716583252, 14.054518699645996, 1.9714906215667725, 10.192346572875977, 5.997507095336914, 1.2083110809326172, 12.876860618591309, 10.312365531921387, 3.140610456466675, 13.819205284118652, 12.979045867919922, 1.8204902410507202, 8.211301803588867, 12.109393119812012, 6.208674907684326, 3.882798671722412, 5.740212917327881, 6.405767917633057, 10.173827171325684, 5.452404022216797, 0.8090741634368896, 10.137613296508789, 10.874598503112793, 6.999736309051514, 2.0672991275787354, 4.207541465759277, 9.88347053527832, 4.1806135177612305, 4.909878730773926, 14.127440452575684, 12.1273193359375, 0.5225028991699219, 3.783174991607666, 9.245073318481445, 7.183362007141113, 12.107656478881836, 13.947680473327637, 6.024433612823486, 1.0245161056518555, 9.234411239624023, 2.8778977394104004, 6.973077297210693, 1.8983038663864136, 6.053625583648682, 11.024332046508789, 8.896818161010742, 3.983250141143799, 0.731238603591919, 4.877330303192139, 8.905085563659668, 11.075517654418945, 9.992173194885254, 5.217867851257324, 8.095232963562012, 4.279672622680664, 5.967477798461914, 3.8976857662200928, 3.5532538890838623, 12.93880844116211, 4.023583889007568, 6.094344615936279, 6.462088584899902, 1.0653971433639526, 0.9358002543449402, 9.851862907409668, 2.071350336074829, 5.534201622009277, 11.866351127624512, 0.6163635849952698, 2.268909215927124, 1.1550172567367554, 6.990447521209717, 12.202592849731445, 3.047497034072876, 2.454866647720337, 9.079322814941406, 7.4938578605651855, 0.8247268795967102, 8.175036430358887, 8.093435287475586, 1.2453044652938843, 9.907271385192871, 13.342146873474121, 6.04871940612793, 11.571146011352539, 5.915676116943359, 7.8391218185424805, 8.087424278259277, 1.1292734146118164, 5.907270908355713, 7.3494133949279785, 7.224254608154297, 3.604876756668091, 11.723296165466309, 8.998065948486328, 25.276437759399414, 12.382101058959961, 7.15006160736084, 10.004411697387695, 3.868431329727173, 18.343324661254883, 8.778162956237793, 9.778912544250488, 7.948896884918213, 13.184073448181152, 13.364609718322754, 2.9128355979919434, 12.450630187988281, 0.5102232098579407, 4.181545257568359, 3.066802740097046, 2.096529960632324, 12.10546875, 11.11937141418457, 6.926487922668457, 0.7690702676773071, 7.904712677001953, 8.798931121826172, 11.536181449890137, 7.564732551574707, 4.592245578765869, 12.158822059631348, 3.0427823066711426, 1.8493971824645996, 0.7019528746604919, 3.8155007362365723, 10.085395812988281, 8.112330436706543, 13.066727638244629, 10.186697959899902, 7.556719779968262, 4.709469795227051, 6.914494037628174, 1.003207802772522, 4.157897472381592, 7.983378887176514, 10.064599990844727, 15.257207870483398, 6.139036178588867, 2.1901097297668457, 10.5728759765625, 2.730944871902466, 6.179866790771484, 0.5595572590827942, 12.109004020690918, 7.839819431304932, 0.5369267463684082]",0.0,"[0.0, 0.0, 0.0, 0.0, 0.0, 0.0, 0.0, 0.0, 0.0, 0.0, 0.0, 0.0, 0.0, 0.0, 0.0, 0.0, 0.0, 0.0, 0.0, 0.0, 0.0, 0.0, 0.0, 0.0, 0.0, 0.0, 0.0, 0.0, 0.0, 0.0, 0.0, 0.0, 0.0, 0.0, 0.0, 0.0, 0.0, 0.0, 0.0, 0.0, 0.0, 0.0, 0.0, 0.0, 0.0, 0.0, 0.0, 0.0, 0.0, 0.0, 0.0, 0.0, 0.0, 0.0, 0.0, 0.0, 0.0, 0.0, 0.0, 0.0, 0.0, 0.0, 0.0, 0.0, 0.0, 0.0, 0.0, 0.0, 0.0, 0.0, 0.0, 0.0, 0.0, 0.0, 0.0, 0.0, 0.0, 0.0, 0.0, 0.0, 0.0, 0.0, 0.0, 0.0, 0.0, 0.0, 0.0, 0.0, 0.0, 0.0, 0.0, 0.0, 0.0, 0.0, 0.0, 0.0, 0.0, 0.0, 0.0, 0.0, 0.0, 0.0, 0.0, 0.0, 0.0, 0.0, 0.0, 0.0, 0.0, 0.0, 0.0, 0.0, 0.0, 0.0, 0.0, 0.0, 0.0, 0.0, 0.0, 0.0, 0.0, 0.0, 0.0, 0.0, 0.0, 0.0, 0.0, 0.0, 0.0, 0.0, 0.0, 0.0, 0.0, 0.0, 0.0, 0.0, 0.0, 0.0, 0.0, 0.0, 0.0, 0.0, 0.0, 0.0, 0.0, 0.0, 0.0, 0.0, 0.0, 0.0, 0.0, 0.0, 0.0, 0.0, 0.0, 0.0, 0.0, 0.0, 0.0, 0.0]",COMPLETE
