,number,value,datetime_start,datetime_complete,duration,params_batch_size_scaler,params_constant_learning_rate,params_depth,params_epochs,params_kernel_l2,params_num_trees,params_temperature,user_attrs_accuracy_test,user_attrs_accuracy_valid,user_attrs_approximate_feature_sparsity,user_attrs_approximate_feature_sparsity_history,user_attrs_approximate_weight_sparsity,user_attrs_approximate_weight_sparsity_history,user_attrs_auc_test,user_attrs_auc_valid,user_attrs_feature_sparsity,user_attrs_feature_sparsity_history,user_attrs_num_epochs,user_attrs_val_loss_history,user_attrs_weight_sparsity,user_attrs_weight_sparsity_history,state
29,29,0.5,2024-08-31 01:34:26.450365,2024-08-31 01:36:58.572824,0 days 00:02:32.122459,4,9.008141066587982,4,460,0.0849123917084902,27,0.0019069468595567184,0.859,0.85875,0,"[4, 2, 1, 1, 1, 1, 1, 1, 1, 1, 1, 0, 0, 0, 0, 0, 0, 0, 0, 0, 0, 0, 0, 0, 0, 0, 0, 0, 0, 0, 0, 0, 0, 0, 0, 0, 0, 0, 0, 0, 0, 0, 0, 0, 0, 0, 0, 0, 0, 0, 0, 0, 0, 0, 0, 0, 0, 0, 0, 0, 0, 0, 0, 0, 0, 0, 0, 0, 0, 0, 0, 0, 0, 0, 0, 0, 0, 0, 0, 0, 0, 0, 0, 0, 0, 0, 0, 0, 0, 0, 0, 0, 0, 0, 0, 0, 0, 0, 0, 0, 0, 0, 0, 0, 0, 0, 0, 0, 0, 0, 0, 0, 0, 0, 0, 0, 0, 0, 0, 0, 0, 0, 0, 0, 0, 0, 0, 0, 0, 0, 0, 0, 0, 0, 0, 0, 0, 0, 0, 0, 0, 0, 0, 0, 0, 0, 0, 0, 0, 0, 0, 0, 0, 0, 0, 0, 0, 0, 0, 0, 0, 0, 0, 0, 0, 0, 0, 0, 0, 0, 0, 0, 0, 0, 0, 0, 0, 0, 0, 0, 0, 0, 0, 0, 0, 0, 0, 0, 0, 0, 0, 0, 0, 0, 0, 0, 0, 0, 0, 0, 0, 0, 0, 0, 0, 0, 0, 0, 0, 0, 0, 0, 0, 0, 0, 0, 0, 0, 0, 0, 0, 0, 0, 0, 0, 0, 0, 0, 0, 0, 0, 0, 0, 0, 0, 0, 0, 0, 0, 0, 0, 0, 0, 0, 0, 0, 0, 0, 0, 0, 0, 0, 0, 0, 0, 0, 0, 0, 0, 0, 0, 0, 0, 0, 0, 0, 0, 0, 0, 0, 0, 0, 0, 0, 0, 0, 0, 0, 0, 0, 0, 0, 0, 0, 0, 0, 0, 0, 0, 0, 0, 0, 0, 0, 0, 0, 0, 0, 0, 0, 0, 0, 0, 0, 0, 0, 0, 0, 0, 0, 0, 0, 0, 0, 0, 0, 0, 0, 0, 0, 0, 0, 0, 0, 0, 0, 0, 0, 0, 0, 0, 0, 0, 0, 0, 0, 0, 0, 0, 0, 0, 0, 0, 0, 0, 0, 0, 0, 0, 0, 0, 0, 0, 0, 0, 0, 0, 0, 0, 0, 0, 0, 0, 0, 0, 0, 0, 0, 0, 0, 0, 0, 0, 0, 0, 0, 0, 0, 0, 0, 0, 0, 0, 0, 0, 0, 0, 0, 0, 0, 0, 0, 0, 0, 0, 0, 0, 0, 0, 0, 0, 0, 0, 0, 0, 0, 0, 0, 0, 0, 0, 0, 0, 0, 0, 0, 0, 0, 0, 0, 0, 0, 0, 0, 0, 0, 0, 0, 0, 0, 0, 0, 0, 0, 0, 0, 0, 0, 0, 0, 0, 0, 0, 0, 0, 0, 0, 0, 0, 0, 0, 0, 0, 0, 0, 0, 0, 0, 0, 0]",0.0,"[4.0, 1.997530864197531, 0.9975308641975309, 0.9975308641975309, 1.0, 1.0, 1.0, 1.0, 1.0, 1.0, 1.0, 0.0, 0.0, 0.0, 0.0, 0.0, 0.0, 0.0, 0.0, 0.0, 0.0, 0.0, 0.0, 0.0, 0.0, 0.0, 0.0, 0.0, 0.0, 0.0, 0.0, 0.0, 0.0, 0.0, 0.0, 0.0, 0.0, 0.0, 0.0, 0.0, 0.0, 0.0, 0.0, 0.0, 0.0, 0.0, 0.0, 0.0, 0.0, 0.0, 0.0, 0.0, 0.0, 0.0, 0.0, 0.0, 0.0, 0.0, 0.0, 0.0, 0.0, 0.0, 0.0, 0.0, 0.0, 0.0, 0.0, 0.0, 0.0, 0.0, 0.0, 0.0, 0.0, 0.0, 0.0, 0.0, 0.0, 0.0, 0.0, 0.0, 0.0, 0.0, 0.0, 0.0, 0.0, 0.0, 0.0, 0.0, 0.0, 0.0, 0.0, 0.0, 0.0, 0.0, 0.0, 0.0, 0.0, 0.0, 0.0, 0.0, 0.0, 0.0, 0.0, 0.0, 0.0, 0.0, 0.0, 0.0, 0.0, 0.0, 0.0, 0.0, 0.0, 0.0, 0.0, 0.0, 0.0, 0.0, 0.0, 0.0, 0.0, 0.0, 0.0, 0.0, 0.0, 0.0, 0.0, 0.0, 0.0, 0.0, 0.0, 0.0, 0.0, 0.0, 0.0, 0.0, 0.0, 0.0, 0.0, 0.0, 0.0, 0.0, 0.0, 0.0, 0.0, 0.0, 0.0, 0.0, 0.0, 0.0, 0.0, 0.0, 0.0, 0.0, 0.0, 0.0, 0.0, 0.0, 0.0, 0.0, 0.0, 0.0, 0.0, 0.0, 0.0, 0.0, 0.0, 0.0, 0.0, 0.0, 0.0, 0.0, 0.0, 0.0, 0.0, 0.0, 0.0, 0.0, 0.0, 0.0, 0.0, 0.0, 0.0, 0.0, 0.0, 0.0, 0.0, 0.0, 0.0, 0.0, 0.0, 0.0, 0.0, 0.0, 0.0, 0.0, 0.0, 0.0, 0.0, 0.0, 0.0, 0.0, 0.0, 0.0, 0.0, 0.0, 0.0, 0.0, 0.0, 0.0, 0.0, 0.0, 0.0, 0.0, 0.0, 0.0, 0.0, 0.0, 0.0, 0.0, 0.0, 0.0, 0.0, 0.0, 0.0, 0.0, 0.0, 0.0, 0.0, 0.0, 0.0, 0.0, 0.0, 0.0, 0.0, 0.0, 0.0, 0.0, 0.0, 0.0, 0.0, 0.0, 0.0, 0.0, 0.0, 0.0, 0.0, 0.0, 0.0, 0.0, 0.0, 0.0, 0.0, 0.0, 0.0, 0.0, 0.0, 0.0, 0.0, 0.0, 0.0, 0.0, 0.0, 0.0, 0.0, 0.0, 0.0, 0.0, 0.0, 0.0, 0.0, 0.0, 0.0, 0.0, 0.0, 0.0, 0.0, 0.0, 0.0, 0.0, 0.0, 0.0, 0.0, 0.0, 0.0, 0.0, 0.0, 0.0, 0.0, 0.0, 0.0, 0.0, 0.0, 0.0, 0.0, 0.0, 0.0, 0.0, 0.0, 0.0, 0.0, 0.0, 0.0, 0.0, 0.0, 0.0, 0.0, 0.0, 0.0, 0.0, 0.0, 0.0, 0.0, 0.0, 0.0, 0.0, 0.0, 0.0, 0.0, 0.0, 0.0, 0.0, 0.0, 0.0, 0.0, 0.0, 0.0, 0.0, 0.0, 0.0, 0.0, 0.0, 0.0, 0.0, 0.0, 0.0, 0.0, 0.0, 0.0, 0.0, 0.0, 0.0, 0.0, 0.0, 0.0, 0.0, 0.0, 0.0, 0.0, 0.0, 0.0, 0.0, 0.0, 0.0, 0.0, 0.0, 0.0, 0.0, 0.0, 0.0, 0.0, 0.0, 0.0, 0.0, 0.0, 0.0, 0.0, 0.0, 0.0, 0.0, 0.0, 0.0, 0.0, 0.0, 0.0, 0.0, 0.0, 0.0, 0.0, 0.0, 0.0, 0.0, 0.0, 0.0, 0.0, 0.0, 0.0, 0.0, 0.0, 0.0, 0.0, 0.0, 0.0, 0.0, 0.0, 0.0, 0.0, 0.0, 0.0, 0.0, 0.0, 0.0, 0.0, 0.0, 0.0, 0.0, 0.0, 0.0, 0.0, 0.0, 0.0, 0.0, 0.0, 0.0, 0.0, 0.0, 0.0, 0.0, 0.0, 0.0, 0.0, 0.0, 0.0, 0.0, 0.0, 0.0, 0.0, 0.0, 0.0, 0.0, 0.0, 0.0, 0.0, 0.0, 0.0, 0.0, 0.0, 0.0, 0.0, 0.0, 0.0, 0.0, 0.0, 0.0, 0.0, 0.0, 0.0, 0.0, 0.0, 0.0, 0.0, 0.0, 0.0, 0.0, 0.0, 0.0, 0.0, 0.0, 0.0, 0.0]",0.5,0.5,0,"[4, 2, 1, 1, 1, 1, 1, 1, 1, 1, 1, 0, 0, 0, 0, 0, 0, 0, 0, 0, 0, 0, 0, 0, 0, 0, 0, 0, 0, 0, 0, 0, 0, 0, 0, 0, 0, 0, 0, 0, 0, 0, 0, 0, 0, 0, 0, 0, 0, 0, 0, 0, 0, 0, 0, 0, 0, 0, 0, 0, 0, 0, 0, 0, 0, 0, 0, 0, 0, 0, 0, 0, 0, 0, 0, 0, 0, 0, 0, 0, 0, 0, 0, 0, 0, 0, 0, 0, 0, 0, 0, 0, 0, 0, 0, 0, 0, 0, 0, 0, 0, 0, 0, 0, 0, 0, 0, 0, 0, 0, 0, 0, 0, 0, 0, 0, 0, 0, 0, 0, 0, 0, 0, 0, 0, 0, 0, 0, 0, 0, 0, 0, 0, 0, 0, 0, 0, 0, 0, 0, 0, 0, 0, 0, 0, 0, 0, 0, 0, 0, 0, 0, 0, 0, 0, 0, 0, 0, 0, 0, 0, 0, 0, 0, 0, 0, 0, 0, 0, 0, 0, 0, 0, 0, 0, 0, 0, 0, 0, 0, 0, 0, 0, 0, 0, 0, 0, 0, 0, 0, 0, 0, 0, 0, 0, 0, 0, 0, 0, 0, 0, 0, 0, 0, 0, 0, 0, 0, 0, 0, 0, 0, 0, 0, 0, 0, 0, 0, 0, 0, 0, 0, 0, 0, 0, 0, 0, 0, 0, 0, 0, 0, 0, 0, 0, 0, 0, 0, 0, 0, 0, 0, 0, 0, 0, 0, 0, 0, 0, 0, 0, 0, 0, 0, 0, 0, 0, 0, 0, 0, 0, 0, 0, 0, 0, 0, 0, 0, 0, 0, 0, 0, 0, 0, 0, 0, 0, 0, 0, 0, 0, 0, 0, 0, 0, 0, 0, 0, 0, 0, 0, 0, 0, 0, 0, 0, 0, 0, 0, 0, 0, 0, 0, 0, 0, 0, 0, 0, 0, 0, 0, 0, 0, 0, 0, 0, 0, 0, 0, 0, 0, 0, 0, 0, 0, 0, 0, 0, 0, 0, 0, 0, 0, 0, 0, 0, 0, 0, 0, 0, 0, 0, 0, 0, 0, 0, 0, 0, 0, 0, 0, 0, 0, 0, 0, 0, 0, 0, 0, 0, 0, 0, 0, 0, 0, 0, 0, 0, 0, 0, 0, 0, 0, 0, 0, 0, 0, 0, 0, 0, 0, 0, 0, 0, 0, 0, 0, 0, 0, 0, 0, 0, 0, 0, 0, 0, 0, 0, 0, 0, 0, 0, 0, 0, 0, 0, 0, 0, 0, 0, 0, 0, 0, 0, 0, 0, 0, 0, 0, 0, 0, 0, 0, 0, 0, 0, 0, 0, 0, 0, 0, 0, 0, 0, 0, 0, 0, 0, 0, 0, 0, 0, 0, 0, 0, 0, 0, 0, 0, 0, 0, 0, 0, 0, 0, 0, 0, 0, 0, 0]",460,"[0.9319308400154114, 0.8569924831390381, 1.7481062412261963, 0.4797517657279968, 1.4071338176727295, 1.8089919090270996, 0.400277316570282, 0.6973527669906616, 0.8490992784500122, 0.5022552013397217, 2.591566562652588, 0.4722270965576172, 0.6698992848396301, 1.0153613090515137, 1.2630493640899658, 1.2944080829620361, 0.5037881731987, 2.612473726272583, 0.4773441255092621, 0.9632210731506348, 2.0337419509887695, 1.1494139432907104, 0.4421243667602539, 2.9664783477783203, 0.5633707642555237, 1.2008970975875854, 1.230763554573059, 0.5240800380706787, 2.207714080810547, 1.2733980417251587, 0.9085366129875183, 1.6680548191070557, 0.4199916124343872, 2.099792003631592, 1.2814946174621582, 0.4634813964366913, 2.8136484622955322, 0.41147464513778687, 0.4080215096473694, 0.6154553294181824, 0.5799100399017334, 1.0574036836624146, 0.5445132255554199, 0.6327913999557495, 0.4407776892185211, 0.5208761692047119, 0.4941132664680481, 1.7256370782852173, 0.49434563517570496, 1.597699761390686, 0.4975753128528595, 1.0212876796722412, 0.4238407015800476, 0.4076397716999054, 0.8036258816719055, 0.40981942415237427, 0.4558406472206116, 0.9765856862068176, 0.42255157232284546, 1.005458116531372, 0.6110514402389526, 1.3269968032836914, 0.41133514046669006, 0.7977057695388794, 0.6726232171058655, 0.4425002932548523, 0.5964544415473938, 2.3450675010681152, 0.9274877309799194, 1.4258280992507935, 1.4497156143188477, 1.4223421812057495, 0.46474015712738037, 0.44289925694465637, 0.5334627032279968, 1.0755213499069214, 0.9871543645858765, 0.45329272747039795, 1.9627870321273804, 0.7982035279273987, 0.7102546691894531, 1.0893220901489258, 2.146589756011963, 0.4428129196166992, 0.8206072449684143, 0.7124353647232056, 1.2383112907409668, 0.4238168001174927, 1.2764716148376465, 0.5852104425430298, 0.998931884765625, 0.4083741009235382, 0.7268003821372986, 1.0568956136703491, 1.2068496942520142, 1.536155104637146, 1.4494770765304565, 0.7216366529464722, 1.9961546659469604, 0.4073929190635681, 1.1687371730804443, 0.8685261011123657, 1.091517448425293, 0.9741032123565674, 0.9365665316581726, 0.407266229391098, 0.5902254581451416, 1.4706302881240845, 0.40837275981903076, 0.47624653577804565, 0.612206757068634, 1.2545320987701416, 1.1391401290893555, 0.827934205532074, 0.49376049637794495, 0.6923094391822815, 1.4757617712020874, 0.538936972618103, 0.5141648054122925, 1.5304452180862427, 0.4898633658885956, 0.6564710736274719, 0.8835430145263672, 0.6757907867431641, 0.5549526810646057, 0.8992286920547485, 3.174861192703247, 0.48326054215431213, 0.45928189158439636, 3.2273149490356445, 1.8126698732376099, 1.996097445487976, 2.900590419769287, 0.42459824681282043, 0.5074955821037292, 0.865481436252594, 2.9017693996429443, 0.40973907709121704, 0.5411813259124756, 1.768455147743225, 1.1697334051132202, 0.7761809825897217, 0.7112254500389099, 0.5195765495300293, 1.9048058986663818, 0.6461105346679688, 1.8595930337905884, 1.329958438873291, 0.7809257507324219, 0.4266478419303894, 1.415305495262146, 1.5342016220092773, 2.1828346252441406, 0.8180938959121704, 1.8641769886016846, 0.4096228778362274, 0.41221150755882263, 1.945763349533081, 0.4088436961174011, 0.6004090309143066, 1.0246882438659668, 1.2640198469161987, 1.774147391319275, 0.4184688329696655, 0.8031368851661682, 0.43536603450775146, 2.640738010406494, 1.0259344577789307, 1.2799403667449951, 0.40848246216773987, 2.071584701538086, 0.7105022668838501, 0.4111517369747162, 1.6138644218444824, 0.44449806213378906, 0.4335183799266815, 2.250581979751587, 0.5864631533622742, 0.6195218563079834, 1.1910120248794556, 0.6367595195770264, 0.41407716274261475, 1.0438307523727417, 0.9251405596733093, 0.40979906916618347, 0.4098455011844635, 0.9076998233795166, 1.1901557445526123, 2.5969438552856445, 2.262188196182251, 1.1816647052764893, 1.2428762912750244, 0.4766167402267456, 0.4274584949016571, 1.139776349067688, 1.3759492635726929, 0.42429906129837036, 0.4591223895549774, 1.133812427520752, 2.0310535430908203, 0.5853924751281738, 0.6295287609100342, 2.01557993888855, 2.5331294536590576, 0.5172899961471558, 0.4077136218547821, 0.4752431809902191, 0.4783800542354584, 0.7178857922554016, 2.562898874282837, 0.591432511806488, 2.3476498126983643, 0.4528575837612152, 0.7060664892196655, 1.5693453550338745, 0.45080485939979553, 2.3438374996185303, 0.7864254117012024, 0.929340124130249, 0.4194846749305725, 2.0787312984466553, 1.8855154514312744, 1.2929356098175049, 0.45565465092658997, 0.43246716260910034, 0.8054580092430115, 0.9849025011062622, 0.4165915250778198, 1.005536675453186, 0.5163676142692566, 1.5151047706604004, 0.40723487734794617, 1.5094995498657227, 0.9000065326690674, 0.44806888699531555, 1.823084831237793, 0.4777378737926483, 0.4121098220348358, 0.6074718236923218, 0.4887195825576782, 0.690443217754364, 0.8045995831489563, 0.9689872860908508, 1.5574615001678467, 1.3565179109573364, 0.5308157205581665, 1.284842848777771, 0.9075511693954468, 0.7455425262451172, 0.4100954830646515, 2.0090579986572266, 1.6832448244094849, 0.8338252305984497, 0.5406374931335449, 1.1638485193252563, 0.7315554022789001, 0.8149650692939758, 0.4125203788280487, 0.4135843515396118, 2.4298110008239746, 1.7463799715042114, 0.8105322122573853, 1.034066081047058, 1.5520482063293457, 0.8151969909667969, 0.7822901010513306, 1.5749731063842773, 1.8788020610809326, 0.5557789206504822, 0.6568093299865723, 0.411933034658432, 1.103468894958496, 0.9840862154960632, 0.41150709986686707, 0.46842455863952637, 2.670097589492798, 2.1033542156219482, 0.7592819929122925, 0.4868917167186737, 0.6611955761909485, 0.6191726922988892, 0.8525506854057312, 0.7733356356620789, 0.7127821445465088, 0.41138508915901184, 0.9258161187171936, 0.6720094084739685, 1.1423507928848267, 0.4072321951389313, 1.4248168468475342, 0.763450562953949, 0.4417727589607239, 0.43839383125305176, 1.1086381673812866, 1.0259830951690674, 1.416520595550537, 1.0605382919311523, 0.4400289058685303, 1.3643150329589844, 0.7045422196388245, 0.4939195513725281, 1.2732878923416138, 1.5328313112258911, 0.6649906635284424, 0.5229055881500244, 0.8425718545913696, 1.2169822454452515, 0.6933709979057312, 0.8890084028244019, 1.8645018339157104, 0.7670462131500244, 0.4466431438922882, 1.4882769584655762, 1.3832571506500244, 0.4850550591945648, 1.2095539569854736, 1.0618486404418945, 0.4119105041027069, 2.0518364906311035, 1.2290829420089722, 0.6784422397613525, 1.1938581466674805, 0.8872717022895813, 0.8798186779022217, 2.137589931488037, 1.269417643547058, 0.45669662952423096, 2.165853261947632, 0.5970275402069092, 1.3104461431503296, 1.592888593673706, 0.4303436577320099, 0.5152960419654846, 1.4069300889968872, 2.465756416320801, 1.1892796754837036, 1.2457690238952637, 1.7383822202682495, 0.9672447443008423, 1.8686999082565308, 0.6674520969390869, 0.4961967468261719, 0.44504138827323914, 1.1262987852096558, 0.44593459367752075, 1.5957614183425903, 0.5365400314331055, 0.7093623876571655, 0.5272610783576965, 0.7730314135551453, 0.48514994978904724, 0.42959731817245483, 0.5430225133895874, 1.0659172534942627, 0.7366452217102051, 0.8771865963935852, 0.4251742660999298, 1.9473130702972412, 0.7920839786529541, 2.333465337753296, 1.2980141639709473, 1.979213833808899, 0.6588538885116577, 0.4305746853351593, 1.1551495790481567, 1.3753694295883179, 2.066509962081909, 1.1956709623336792, 1.7808133363723755, 0.538801372051239, 0.8305001258850098, 0.41019532084465027, 0.479120671749115, 1.3720829486846924, 0.4490407109260559, 0.8263999223709106, 0.4312647581100464, 0.6283822655677795, 1.6173957586288452, 0.6279111504554749, 0.8938031792640686, 1.247482180595398, 0.7541110515594482, 0.9050105214118958, 1.9185513257980347, 2.9985427856445312, 1.6122469902038574, 3.020599365234375, 2.3967533111572266, 0.8086392879486084, 0.47197604179382324, 0.4084423780441284, 0.4271131455898285, 1.6338512897491455, 0.5842338800430298, 1.8681399822235107, 0.6366323828697205, 2.7207698822021484, 0.7756249904632568, 0.5185847282409668, 1.7493411302566528, 0.4796190559864044, 0.5721644163131714, 1.2907211780548096, 1.0368729829788208, 0.44268059730529785, 0.8593845367431641, 0.49567973613739014, 1.9909882545471191, 0.48551860451698303, 1.0197944641113281, 1.3698430061340332, 1.3527438640594482, 1.0168979167938232, 0.49119895696640015, 0.4313291609287262, 1.1138237714767456, 1.999719262123108, 0.7980918884277344, 1.0817886590957642, 0.452382355928421, 0.8428488373756409, 1.6682744026184082, 1.5248284339904785, 0.6386828422546387, 0.41216492652893066, 0.5985816717147827, 2.6990585327148438, 0.4519294798374176, 0.41879498958587646, 0.9408711194992065, 1.4572335481643677, 0.771358847618103, 0.4091477692127228, 2.7569262981414795, 2.943650007247925, 0.42005398869514465, 1.4446948766708374, 0.4766583740711212, 0.4204643666744232, 1.6684588193893433, 0.4135908782482147, 0.5201276540756226, 0.9804887175559998, 0.6316937208175659, 0.5558300614356995, 0.9448131322860718, 1.201069951057434, 0.40849363803863525, 0.7253172397613525, 0.4099702835083008, 0.6537243723869324, 0.4844750463962555, 0.8347723484039307, 0.5061948895454407, 0.5290641188621521, 0.7659627795219421, 0.41320255398750305, 0.8582862615585327, 0.4110110402107239]",0.0,"[4.0, 2.0, 1.0, 1.0, 1.0, 1.0, 1.0, 1.0, 1.0, 1.0, 1.0, 0.0, 0.0, 0.0, 0.0, 0.0, 0.0, 0.0, 0.0, 0.0, 0.0, 0.0, 0.0, 0.0, 0.0, 0.0, 0.0, 0.0, 0.0, 0.0, 0.0, 0.0, 0.0, 0.0, 0.0, 0.0, 0.0, 0.0, 0.0, 0.0, 0.0, 0.0, 0.0, 0.0, 0.0, 0.0, 0.0, 0.0, 0.0, 0.0, 0.0, 0.0, 0.0, 0.0, 0.0, 0.0, 0.0, 0.0, 0.0, 0.0, 0.0, 0.0, 0.0, 0.0, 0.0, 0.0, 0.0, 0.0, 0.0, 0.0, 0.0, 0.0, 0.0, 0.0, 0.0, 0.0, 0.0, 0.0, 0.0, 0.0, 0.0, 0.0, 0.0, 0.0, 0.0, 0.0, 0.0, 0.0, 0.0, 0.0, 0.0, 0.0, 0.0, 0.0, 0.0, 0.0, 0.0, 0.0, 0.0, 0.0, 0.0, 0.0, 0.0, 0.0, 0.0, 0.0, 0.0, 0.0, 0.0, 0.0, 0.0, 0.0, 0.0, 0.0, 0.0, 0.0, 0.0, 0.0, 0.0, 0.0, 0.0, 0.0, 0.0, 0.0, 0.0, 0.0, 0.0, 0.0, 0.0, 0.0, 0.0, 0.0, 0.0, 0.0, 0.0, 0.0, 0.0, 0.0, 0.0, 0.0, 0.0, 0.0, 0.0, 0.0, 0.0, 0.0, 0.0, 0.0, 0.0, 0.0, 0.0, 0.0, 0.0, 0.0, 0.0, 0.0, 0.0, 0.0, 0.0, 0.0, 0.0, 0.0, 0.0, 0.0, 0.0, 0.0, 0.0, 0.0, 0.0, 0.0, 0.0, 0.0, 0.0, 0.0, 0.0, 0.0, 0.0, 0.0, 0.0, 0.0, 0.0, 0.0, 0.0, 0.0, 0.0, 0.0, 0.0, 0.0, 0.0, 0.0, 0.0, 0.0, 0.0, 0.0, 0.0, 0.0, 0.0, 0.0, 0.0, 0.0, 0.0, 0.0, 0.0, 0.0, 0.0, 0.0, 0.0, 0.0, 0.0, 0.0, 0.0, 0.0, 0.0, 0.0, 0.0, 0.0, 0.0, 0.0, 0.0, 0.0, 0.0, 0.0, 0.0, 0.0, 0.0, 0.0, 0.0, 0.0, 0.0, 0.0, 0.0, 0.0, 0.0, 0.0, 0.0, 0.0, 0.0, 0.0, 0.0, 0.0, 0.0, 0.0, 0.0, 0.0, 0.0, 0.0, 0.0, 0.0, 0.0, 0.0, 0.0, 0.0, 0.0, 0.0, 0.0, 0.0, 0.0, 0.0, 0.0, 0.0, 0.0, 0.0, 0.0, 0.0, 0.0, 0.0, 0.0, 0.0, 0.0, 0.0, 0.0, 0.0, 0.0, 0.0, 0.0, 0.0, 0.0, 0.0, 0.0, 0.0, 0.0, 0.0, 0.0, 0.0, 0.0, 0.0, 0.0, 0.0, 0.0, 0.0, 0.0, 0.0, 0.0, 0.0, 0.0, 0.0, 0.0, 0.0, 0.0, 0.0, 0.0, 0.0, 0.0, 0.0, 0.0, 0.0, 0.0, 0.0, 0.0, 0.0, 0.0, 0.0, 0.0, 0.0, 0.0, 0.0, 0.0, 0.0, 0.0, 0.0, 0.0, 0.0, 0.0, 0.0, 0.0, 0.0, 0.0, 0.0, 0.0, 0.0, 0.0, 0.0, 0.0, 0.0, 0.0, 0.0, 0.0, 0.0, 0.0, 0.0, 0.0, 0.0, 0.0, 0.0, 0.0, 0.0, 0.0, 0.0, 0.0, 0.0, 0.0, 0.0, 0.0, 0.0, 0.0, 0.0, 0.0, 0.0, 0.0, 0.0, 0.0, 0.0, 0.0, 0.0, 0.0, 0.0, 0.0, 0.0, 0.0, 0.0, 0.0, 0.0, 0.0, 0.0, 0.0, 0.0, 0.0, 0.0, 0.0, 0.0, 0.0, 0.0, 0.0, 0.0, 0.0, 0.0, 0.0, 0.0, 0.0, 0.0, 0.0, 0.0, 0.0, 0.0, 0.0, 0.0, 0.0, 0.0, 0.0, 0.0, 0.0, 0.0, 0.0, 0.0, 0.0, 0.0, 0.0, 0.0, 0.0, 0.0, 0.0, 0.0, 0.0, 0.0, 0.0, 0.0, 0.0, 0.0, 0.0, 0.0, 0.0, 0.0, 0.0, 0.0, 0.0, 0.0, 0.0, 0.0, 0.0, 0.0, 0.0, 0.0, 0.0, 0.0, 0.0, 0.0, 0.0, 0.0, 0.0, 0.0, 0.0, 0.0, 0.0, 0.0, 0.0, 0.0, 0.0, 0.0, 0.0, 0.0, 0.0, 0.0, 0.0, 0.0, 0.0, 0.0, 0.0, 0.0, 0.0, 0.0]",COMPLETE
