,number,value,datetime_start,datetime_complete,duration,params_batch_size_scaler,params_constant_learning_rate,params_depth,params_epochs,params_kernel_l2,params_num_trees,params_temperature,user_attrs_accuracy_test,user_attrs_accuracy_valid,user_attrs_approximate_feature_sparsity,user_attrs_approximate_feature_sparsity_history,user_attrs_approximate_weight_sparsity,user_attrs_approximate_weight_sparsity_history,user_attrs_auc_test,user_attrs_auc_valid,user_attrs_feature_sparsity,user_attrs_feature_sparsity_history,user_attrs_num_epochs,user_attrs_val_loss_history,user_attrs_weight_sparsity,user_attrs_weight_sparsity_history,state
151,151,0.5,2024-08-31 06:08:14.644793,2024-08-31 06:08:25.295441,0 days 00:00:10.650648,64,1.4568010093157047,1,125,0.007196058640747194,93,0.017127590241133965,0.859,0.85875,0,"[33, 33, 8, 2, 2, 2, 2, 2, 0, 0, 0, 0, 0, 0, 0, 0, 0, 0, 0, 0, 0, 0, 0, 0, 0, 0, 0, 0, 0, 0, 0, 0, 0, 0, 0, 0, 0, 0, 0, 0, 0, 0, 0, 0, 0, 0, 0, 0, 0, 0, 0, 0, 0, 0, 0, 0, 0, 0, 0, 0, 0, 0, 0, 0, 0, 0, 0, 0, 0, 0, 0, 0, 0, 0, 0, 0, 0, 0, 0, 0, 0, 0, 0, 0, 0, 0, 0, 0, 0, 0, 0, 0, 0, 0, 0, 0, 0, 0, 0, 0, 0, 0, 0, 0, 0, 0, 0, 0, 0, 0, 0, 0, 0, 0, 0, 0, 0, 0, 0, 0, 0, 0, 0, 0, 0]",0.0,"[32.96774193548387, 32.96774193548387, 8.0, 2.0, 2.0, 2.0, 2.0, 2.0, 0.0, 0.0, 0.0, 0.0, 0.0, 0.0, 0.0, 0.0, 0.0, 0.0, 0.0, 0.0, 0.0, 0.0, 0.0, 0.0, 0.0, 0.0, 0.0, 0.0, 0.0, 0.0, 0.0, 0.0, 0.0, 0.0, 0.0, 0.0, 0.0, 0.0, 0.0, 0.0, 0.0, 0.0, 0.0, 0.0, 0.0, 0.0, 0.0, 0.0, 0.0, 0.0, 0.0, 0.0, 0.0, 0.0, 0.0, 0.0, 0.0, 0.0, 0.0, 0.0, 0.0, 0.0, 0.0, 0.0, 0.0, 0.0, 0.0, 0.0, 0.0, 0.0, 0.0, 0.0, 0.0, 0.0, 0.0, 0.0, 0.0, 0.0, 0.0, 0.0, 0.0, 0.0, 0.0, 0.0, 0.0, 0.0, 0.0, 0.0, 0.0, 0.0, 0.0, 0.0, 0.0, 0.0, 0.0, 0.0, 0.0, 0.0, 0.0, 0.0, 0.0, 0.0, 0.0, 0.0, 0.0, 0.0, 0.0, 0.0, 0.0, 0.0, 0.0, 0.0, 0.0, 0.0, 0.0, 0.0, 0.0, 0.0, 0.0, 0.0, 0.0, 0.0, 0.0, 0.0, 0.0]",0.5,0.5,0,"[33, 33, 8, 2, 2, 2, 2, 2, 0, 0, 0, 0, 0, 0, 0, 0, 0, 0, 0, 0, 0, 0, 0, 0, 0, 0, 0, 0, 0, 0, 0, 0, 0, 0, 0, 0, 0, 0, 0, 0, 0, 0, 0, 0, 0, 0, 0, 0, 0, 0, 0, 0, 0, 0, 0, 0, 0, 0, 0, 0, 0, 0, 0, 0, 0, 0, 0, 0, 0, 0, 0, 0, 0, 0, 0, 0, 0, 0, 0, 0, 0, 0, 0, 0, 0, 0, 0, 0, 0, 0, 0, 0, 0, 0, 0, 0, 0, 0, 0, 0, 0, 0, 0, 0, 0, 0, 0, 0, 0, 0, 0, 0, 0, 0, 0, 0, 0, 0, 0, 0, 0, 0, 0, 0, 0]",125,"[1.6315009593963623, 9.859705924987793, 8.569007873535156, 7.049644947052002, 14.131048202514648, 2.75581431388855, 4.22202205657959, 5.7370734214782715, 1.1086996793746948, 8.692474365234375, 2.3201346397399902, 7.065837383270264, 14.733019828796387, 4.134124755859375, 13.252817153930664, 2.8001105785369873, 15.178803443908691, 4.337558746337891, 13.053009986877441, 2.3511364459991455, 10.908066749572754, 0.5292491912841797, 15.451929092407227, 4.886096477508545, 11.516877174377441, 0.580290675163269, 9.493010520935059, 2.5506949424743652, 7.570164203643799, 15.87521743774414, 5.576038837432861, 6.947296142578125, 7.691468715667725, 14.419581413269043, 4.252218246459961, 12.045161247253418, 1.8781728744506836, 10.454839706420898, 6.997890472412109, 7.552358627319336, 14.611492156982422, 4.052321434020996, 12.499181747436523, 1.809289574623108, 10.121233940124512, 1.9739069938659668, 6.184483051300049, 14.84423828125, 4.154420375823975, 12.994184494018555, 2.435211181640625, 8.679278373718262, 9.576290130615234, 6.871741771697998, 15.186908721923828, 4.235500335693359, 12.417516708374023, 1.5969476699829102, 9.620806694030762, 11.26928997039795, 6.593503475189209, 14.932403564453125, 3.5885510444641113, 11.912467956542969, 1.3535983562469482, 9.799768447875977, 10.977736473083496, 6.379813194274902, 15.353124618530273, 3.878457546234131, 11.948822975158691, 0.9982869029045105, 9.460749626159668, 9.850715637207031, 7.611583232879639, 14.370309829711914, 3.6805551052093506, 11.547723770141602, 1.5120837688446045, 9.95615005493164, 10.027257919311523, 6.5360283851623535, 14.367932319641113, 3.02408504486084, 1.757407546043396, 10.094161033630371, 2.1200461387634277, 6.599194526672363, 14.934438705444336, 4.506322860717773, 12.671867370605469, 2.112931728363037, 9.239457130432129, 9.567705154418945, 5.957413196563721, 14.202319145202637, 3.1201093196868896, 6.513547897338867, 14.318534851074219, 2.9746878147125244, 7.082418441772461, 6.230698108673096, 15.03634262084961, 4.4774065017700195, 12.387160301208496, 2.743955612182617, 0.8408123850822449, 8.943239212036133, 6.732114791870117, 7.5939741134643555, 15.298763275146484, 4.478189468383789, 13.305322647094727, 2.2231130599975586, 10.341750144958496, 0.9585111141204834, 1.8912750482559204, 8.94487190246582, 16.01219940185547, 5.682590484619141, 5.3517889976501465, 7.267909049987793, 15.812993049621582, 4.2075090408325195, 12.127121925354004]",0.0,"[33.0, 33.0, 8.0, 2.0, 2.0, 2.0, 2.0, 2.0, 0.0, 0.0, 0.0, 0.0, 0.0, 0.0, 0.0, 0.0, 0.0, 0.0, 0.0, 0.0, 0.0, 0.0, 0.0, 0.0, 0.0, 0.0, 0.0, 0.0, 0.0, 0.0, 0.0, 0.0, 0.0, 0.0, 0.0, 0.0, 0.0, 0.0, 0.0, 0.0, 0.0, 0.0, 0.0, 0.0, 0.0, 0.0, 0.0, 0.0, 0.0, 0.0, 0.0, 0.0, 0.0, 0.0, 0.0, 0.0, 0.0, 0.0, 0.0, 0.0, 0.0, 0.0, 0.0, 0.0, 0.0, 0.0, 0.0, 0.0, 0.0, 0.0, 0.0, 0.0, 0.0, 0.0, 0.0, 0.0, 0.0, 0.0, 0.0, 0.0, 0.0, 0.0, 0.0, 0.0, 0.0, 0.0, 0.0, 0.0, 0.0, 0.0, 0.0, 0.0, 0.0, 0.0, 0.0, 0.0, 0.0, 0.0, 0.0, 0.0, 0.0, 0.0, 0.0, 0.0, 0.0, 0.0, 0.0, 0.0, 0.0, 0.0, 0.0, 0.0, 0.0, 0.0, 0.0, 0.0, 0.0, 0.0, 0.0, 0.0, 0.0, 0.0, 0.0, 0.0, 0.0]",COMPLETE
152,152,0.9161803918537698,2024-08-31 06:08:28.222636,2024-08-31 06:09:53.475784,0 days 00:01:25.253148,1,0.0632345409520416,1,245,0.004860626524852725,40,0.06612392776140079,0.924,0.9225,32,"[33, 33, 33, 33, 33, 33, 33, 33, 33, 33, 33, 33, 33, 33, 33, 33, 33, 33, 33, 33, 33, 33, 33, 33, 33, 33, 33, 33, 33, 33, 33, 33, 33, 33, 33, 33, 33, 33, 33, 33, 33, 33, 33, 33, 33, 33, 33, 33, 33, 33, 33, 33, 33, 33, 33, 33, 33, 33, 33, 33, 33, 33, 33, 33, 33, 33, 33, 33, 33, 33, 33, 33, 33, 33, 33, 33, 33, 33, 33, 33, 33, 33, 33, 33, 33, 33, 33, 33, 33, 33, 33, 33, 33, 33, 33, 33, 33, 33, 33, 33, 33, 33, 33, 33, 33, 33, 33, 33, 33, 33, 33, 33, 33, 33, 33, 33, 33, 33, 33, 33, 33, 33, 33, 33, 33, 33, 33, 33, 33, 33, 33, 33, 33, 33, 33, 33, 33, 33, 33, 33, 33, 33, 33, 33, 33, 33, 33, 33, 33, 33, 33, 33, 33, 33, 33, 33, 33, 33, 33, 33, 33, 33, 33, 33, 33, 33, 33, 33, 33, 33, 33, 33, 33, 33, 33, 33, 33, 33, 33, 33, 33, 33, 33, 33, 33, 33, 33, 33, 33, 33, 33, 32, 32, 32, 32, 32, 32, 32, 32, 32, 32, 32, 32, 32, 32, 32, 32, 32, 32, 32, 32, 32, 32, 32, 32, 32, 32, 32, 32, 32, 32, 32, 32, 32, 32, 32, 32, 32, 32, 32, 32, 32, 32, 32, 32, 32, 32, 32, 32, 32, 32, 32, 32, 32, 32]",32.0,"[33.0, 32.975, 32.975, 32.95, 32.975, 32.975, 32.975, 33.0, 33.0, 33.0, 33.0, 33.0, 33.0, 33.0, 32.975, 32.975, 32.975, 33.0, 33.0, 32.975, 33.0, 33.0, 33.0, 32.975, 33.0, 32.975, 33.0, 33.0, 32.95, 32.95, 33.0, 33.0, 32.975, 32.975, 32.975, 32.975, 33.0, 32.95, 32.975, 32.975, 33.0, 33.0, 32.975, 32.95, 33.0, 33.0, 33.0, 32.975, 32.975, 33.0, 33.0, 32.975, 32.95, 32.975, 32.975, 32.975, 32.975, 33.0, 32.95, 32.975, 32.975, 32.925, 32.95, 32.975, 32.95, 32.975, 32.95, 32.95, 32.925, 32.95, 32.975, 32.95, 32.975, 32.95, 32.925, 32.975, 32.925, 33.0, 33.0, 32.975, 32.975, 32.975, 33.0, 32.95, 32.975, 32.975, 33.0, 32.975, 32.975, 32.95, 32.975, 32.95, 32.95, 32.975, 32.975, 32.95, 32.975, 32.975, 32.95, 32.975, 32.975, 32.975, 32.95, 32.975, 32.975, 32.975, 32.975, 32.975, 32.975, 32.975, 32.975, 32.975, 33.0, 33.0, 32.975, 32.975, 33.0, 32.975, 33.0, 33.0, 32.975, 33.0, 33.0, 33.0, 33.0, 32.975, 33.0, 33.0, 32.95, 33.0, 33.0, 33.0, 33.0, 32.975, 33.0, 32.975, 32.95, 33.0, 33.0, 33.0, 33.0, 32.975, 33.0, 32.975, 33.0, 33.0, 33.0, 33.0, 33.0, 32.925, 32.95, 32.975, 33.0, 33.0, 32.975, 32.975, 33.0, 33.0, 33.0, 32.975, 32.95, 33.0, 32.975, 33.0, 32.975, 32.975, 32.975, 33.0, 32.925, 32.975, 32.95, 32.975, 32.975, 32.975, 32.975, 32.975, 33.0, 33.0, 33.0, 33.0, 33.0, 33.0, 32.975, 32.975, 32.975, 32.975, 33.0, 33.0, 33.0, 33.0, 32.95, 32.0, 32.0, 31.975, 32.0, 31.95, 32.0, 32.0, 31.95, 31.975, 31.95, 32.0, 31.975, 31.975, 32.0, 32.0, 31.975, 31.975, 32.0, 32.0, 31.975, 31.95, 31.975, 31.975, 31.975, 31.975, 31.975, 31.975, 32.0, 31.975, 32.0, 31.975, 31.95, 31.975, 31.924999999999997, 32.0, 32.0, 32.0, 31.924999999999997, 31.975, 32.0, 32.0, 32.0, 32.0, 31.975, 32.0, 32.0, 31.975, 32.0, 32.0, 31.975, 31.975, 32.0, 31.975, 32.0]",0.8993304105879342,0.9161803918537698,32,"[33, 33, 33, 33, 33, 33, 33, 33, 33, 33, 33, 33, 33, 33, 33, 33, 33, 33, 33, 33, 33, 33, 33, 33, 33, 33, 33, 33, 33, 33, 33, 33, 33, 33, 33, 33, 33, 33, 33, 33, 33, 33, 33, 33, 33, 33, 33, 33, 33, 33, 33, 33, 33, 33, 33, 33, 33, 33, 33, 33, 33, 33, 33, 33, 33, 33, 33, 33, 33, 33, 33, 33, 33, 33, 33, 33, 33, 33, 33, 33, 33, 33, 33, 33, 33, 33, 33, 33, 33, 33, 33, 33, 33, 33, 33, 33, 33, 33, 33, 33, 33, 33, 33, 33, 33, 33, 33, 33, 33, 33, 33, 33, 33, 33, 33, 33, 33, 33, 33, 33, 33, 33, 33, 33, 33, 33, 33, 33, 33, 33, 33, 33, 33, 33, 33, 33, 33, 33, 33, 33, 33, 33, 33, 33, 33, 33, 33, 33, 33, 33, 33, 33, 33, 33, 33, 33, 33, 33, 33, 33, 33, 33, 33, 33, 33, 33, 33, 33, 33, 33, 33, 33, 33, 33, 33, 33, 33, 33, 33, 33, 33, 33, 33, 33, 33, 33, 33, 33, 33, 33, 33, 32, 32, 32, 32, 32, 32, 32, 32, 32, 32, 32, 32, 32, 32, 32, 32, 32, 32, 32, 32, 32, 32, 32, 32, 32, 32, 32, 32, 32, 32, 32, 32, 32, 32, 32, 32, 32, 32, 32, 32, 32, 32, 32, 32, 32, 32, 32, 32, 32, 32, 32, 32, 32, 32]",245,"[0.38323819637298584, 0.3688562512397766, 0.3572869598865509, 0.3508116900920868, 0.3418576419353485, 0.3402704894542694, 0.3284144103527069, 0.32829511165618896, 0.32356417179107666, 0.3217085599899292, 0.31566956639289856, 0.3112177848815918, 0.30678606033325195, 0.3011205196380615, 0.29186299443244934, 0.2863454818725586, 0.2772877812385559, 0.2628941237926483, 0.2571759819984436, 0.25628015398979187, 0.2623661756515503, 0.24162092804908752, 0.2497156709432602, 0.23525865375995636, 0.23544961214065552, 0.2316749542951584, 0.2311723679304123, 0.2315784990787506, 0.22938372194766998, 0.2286560833454132, 0.2280527651309967, 0.229173481464386, 0.22736261785030365, 0.2219373732805252, 0.21939994394779205, 0.22477352619171143, 0.21703563630580902, 0.2159264236688614, 0.21073350310325623, 0.2139177769422531, 0.20931802690029144, 0.21686865389347076, 0.2154708057641983, 0.2164790779352188, 0.20871973037719727, 0.2133265733718872, 0.20853160321712494, 0.20867885649204254, 0.2061842381954193, 0.20566090941429138, 0.2014344334602356, 0.20796379446983337, 0.2081548273563385, 0.22188667953014374, 0.20924745500087738, 0.2083548754453659, 0.20192758738994598, 0.20236705243587494, 0.20830759406089783, 0.2242390513420105, 0.2090611308813095, 0.2051154524087906, 0.20334161818027496, 0.21081405878067017, 0.20368021726608276, 0.19798293709754944, 0.20356471836566925, 0.19886550307273865, 0.21144887804985046, 0.2077130675315857, 0.2069263458251953, 0.21660438179969788, 0.19878114759922028, 0.20530161261558533, 0.19998538494110107, 0.19815309345722198, 0.20383767783641815, 0.20426443219184875, 0.22377634048461914, 0.20072254538536072, 0.2101573348045349, 0.20489783585071564, 0.2161792516708374, 0.22832107543945312, 0.20850583910942078, 0.21041330695152283, 0.22976692020893097, 0.20624369382858276, 0.1998518705368042, 0.20809336006641388, 0.20814941823482513, 0.21075782179832458, 0.20771726965904236, 0.21421068906784058, 0.20905837416648865, 0.23930497467517853, 0.20134660601615906, 0.20745843648910522, 0.20914918184280396, 0.2127922624349594, 0.2107519954442978, 0.2068779319524765, 0.20822660624980927, 0.2191895842552185, 0.21928609907627106, 0.21528367698192596, 0.20781627297401428, 0.21339942514896393, 0.22871273756027222, 0.2138015627861023, 0.21167653799057007, 0.21644066274166107, 0.21441730856895447, 0.21887189149856567, 0.2091318964958191, 0.22155869007110596, 0.21327869594097137, 0.22295036911964417, 0.2279542088508606, 0.21995580196380615, 0.21554826200008392, 0.2122376412153244, 0.21957331895828247, 0.21193701028823853, 0.21660955250263214, 0.21754613518714905, 0.22926925122737885, 0.22399485111236572, 0.21286605298519135, 0.22415468096733093, 0.22075755894184113, 0.21887801587581635, 0.22446224093437195, 0.2178824543952942, 0.2302238643169403, 0.22332711517810822, 0.21520599722862244, 0.22817927598953247, 0.2225712388753891, 0.22495263814926147, 0.23110616207122803, 0.2397596538066864, 0.22376446425914764, 0.22596046328544617, 0.22134646773338318, 0.22894926369190216, 0.22266925871372223, 0.22378987073898315, 0.23210495710372925, 0.22474405169487, 0.22353459894657135, 0.2283107042312622, 0.23210708796977997, 0.23103433847427368, 0.23309630155563354, 0.23904691636562347, 0.2269698977470398, 0.23502227663993835, 0.22984033823013306, 0.22468696534633636, 0.22715532779693604, 0.23289687931537628, 0.23172453045845032, 0.2297263741493225, 0.22563405334949493, 0.23059169948101044, 0.2340729534626007, 0.22877323627471924, 0.2309567630290985, 0.23049117624759674, 0.2340591847896576, 0.23308822512626648, 0.2361258864402771, 0.24129784107208252, 0.23430877923965454, 0.23369188606739044, 0.23680804669857025, 0.2399333119392395, 0.26651516556739807, 0.2393355518579483, 0.23257862031459808, 0.23969942331314087, 0.23432756960391998, 0.24120008945465088, 0.23903466761112213, 0.2440713495016098, 0.24364133179187775, 0.2495037317276001, 0.24008163809776306, 0.25149181485176086, 0.23980049788951874, 0.23433342576026917, 0.2512059509754181, 0.2466304898262024, 0.24285806715488434, 0.24601233005523682, 0.2475470006465912, 0.23827816545963287, 0.26716718077659607, 0.2439180165529251, 0.2408488690853119, 0.24364064633846283, 0.24978835880756378, 0.26018109917640686, 0.24468182027339935, 0.24258413910865784, 0.25235819816589355, 0.24714934825897217, 0.26639294624328613, 0.24285514652729034, 0.23726636171340942, 0.24667875468730927, 0.25935661792755127, 0.257999986410141, 0.2428847700357437, 0.24275588989257812, 0.2508523166179657, 0.24969393014907837, 0.2526276409626007, 0.24961654841899872, 0.25028467178344727, 0.2576224207878113, 0.252035915851593, 0.25341561436653137, 0.24688681960105896, 0.2562572956085205, 0.26116353273391724, 0.2605540156364441, 0.2588115930557251, 0.2702222168445587, 0.26317349076271057, 0.26035064458847046, 0.25822651386260986, 0.24776466190814972, 0.25203651189804077, 0.2644823491573334, 0.2671053409576416, 0.25668400526046753, 0.25583842396736145, 0.2501136064529419, 0.2564147412776947, 0.25551724433898926, 0.2559696435928345, 0.2562282979488373, 0.26117566227912903]",32.0,"[33.0, 33.0, 33.0, 33.0, 33.0, 33.0, 33.0, 33.0, 33.0, 33.0, 33.0, 33.0, 33.0, 33.0, 33.0, 33.0, 33.0, 33.0, 33.0, 33.0, 33.0, 33.0, 33.0, 33.0, 33.0, 33.0, 33.0, 33.0, 33.0, 33.0, 33.0, 33.0, 33.0, 33.0, 33.0, 33.0, 33.0, 33.0, 33.0, 33.0, 33.0, 33.0, 33.0, 33.0, 33.0, 33.0, 33.0, 33.0, 33.0, 33.0, 33.0, 33.0, 33.0, 33.0, 33.0, 33.0, 33.0, 33.0, 33.0, 33.0, 33.0, 33.0, 33.0, 33.0, 33.0, 33.0, 33.0, 33.0, 33.0, 33.0, 33.0, 33.0, 33.0, 33.0, 33.0, 33.0, 33.0, 33.0, 33.0, 33.0, 33.0, 33.0, 33.0, 33.0, 33.0, 33.0, 33.0, 33.0, 33.0, 33.0, 33.0, 33.0, 33.0, 33.0, 33.0, 33.0, 33.0, 33.0, 33.0, 33.0, 33.0, 33.0, 33.0, 33.0, 33.0, 33.0, 33.0, 33.0, 33.0, 33.0, 33.0, 33.0, 33.0, 33.0, 33.0, 33.0, 33.0, 33.0, 33.0, 33.0, 33.0, 33.0, 33.0, 33.0, 33.0, 33.0, 33.0, 33.0, 33.0, 33.0, 33.0, 33.0, 33.0, 33.0, 33.0, 33.0, 33.0, 33.0, 33.0, 33.0, 33.0, 33.0, 33.0, 33.0, 33.0, 33.0, 33.0, 33.0, 33.0, 33.0, 33.0, 33.0, 33.0, 33.0, 33.0, 33.0, 33.0, 33.0, 33.0, 33.0, 33.0, 33.0, 33.0, 33.0, 33.0, 33.0, 33.0, 33.0, 33.0, 33.0, 33.0, 33.0, 33.0, 33.0, 33.0, 33.0, 33.0, 33.0, 33.0, 33.0, 33.0, 33.0, 33.0, 33.0, 33.0, 33.0, 33.0, 33.0, 33.0, 33.0, 33.0, 32.0, 32.0, 32.0, 32.0, 32.0, 32.0, 32.0, 32.0, 32.0, 32.0, 32.0, 32.0, 32.0, 32.0, 32.0, 32.0, 32.0, 32.0, 32.0, 32.0, 32.0, 32.0, 32.0, 32.0, 32.0, 32.0, 32.0, 32.0, 32.0, 32.0, 32.0, 32.0, 32.0, 32.0, 32.0, 32.0, 32.0, 32.0, 32.0, 32.0, 32.0, 32.0, 32.0, 32.0, 32.0, 32.0, 32.0, 32.0, 32.0, 32.0, 32.0, 32.0, 32.0, 32.0]",COMPLETE
