,number,value,datetime_start,datetime_complete,duration,params_batch_size_scaler,params_constant_learning_rate,params_depth,params_epochs,params_kernel_l2,params_num_trees,params_temperature,user_attrs_accuracy_test,user_attrs_accuracy_valid,user_attrs_approximate_feature_sparsity,user_attrs_approximate_feature_sparsity_history,user_attrs_approximate_weight_sparsity,user_attrs_approximate_weight_sparsity_history,user_attrs_auc_test,user_attrs_auc_valid,user_attrs_feature_sparsity,user_attrs_feature_sparsity_history,user_attrs_num_epochs,user_attrs_val_loss_history,user_attrs_weight_sparsity,user_attrs_weight_sparsity_history,state
30,30,0.7432340173384344,2024-08-31 01:36:58.585416,2024-08-31 01:39:15.631157,0 days 00:02:17.045741,64,5.847335998312574,6,405,0.0033301368154879715,24,0.0008652316381872964,0.855,0.865,4,"[33, 33, 33, 33, 33, 33, 33, 33, 33, 33, 33, 33, 33, 33, 33, 32, 24, 20, 16, 16, 14, 14, 14, 14, 14, 14, 13, 13, 13, 13, 13, 12, 11, 11, 11, 11, 11, 10, 10, 10, 9, 9, 9, 9, 9, 9, 9, 9, 9, 9, 9, 9, 9, 9, 9, 9, 9, 9, 9, 9, 9, 9, 9, 9, 9, 8, 8, 8, 8, 8, 8, 8, 8, 8, 8, 8, 8, 8, 8, 8, 8, 8, 8, 8, 7, 7, 7, 7, 7, 7, 7, 7, 7, 7, 7, 7, 7, 7, 7, 7, 7, 7, 7, 7, 7, 7, 7, 7, 7, 7, 7, 7, 7, 7, 7, 7, 7, 7, 7, 7, 7, 7, 7, 7, 7, 7, 7, 7, 7, 7, 7, 7, 7, 7, 7, 7, 7, 7, 6, 6, 6, 6, 6, 6, 6, 6, 6, 6, 6, 6, 6, 6, 6, 6, 6, 6, 6, 6, 6, 6, 6, 6, 6, 6, 6, 6, 6, 6, 6, 6, 6, 6, 6, 6, 6, 6, 6, 6, 6, 6, 6, 6, 6, 6, 6, 6, 6, 6, 6, 6, 6, 6, 6, 6, 6, 6, 6, 6, 6, 6, 6, 6, 6, 6, 6, 6, 6, 6, 6, 6, 6, 6, 6, 6, 6, 6, 6, 6, 6, 6, 6, 6, 6, 6, 6, 6, 6, 6, 6, 6, 6, 6, 6, 6, 6, 6, 6, 6, 6, 6, 6, 6, 6, 6, 6, 6, 6, 6, 6, 6, 6, 6, 6, 6, 6, 6, 6, 6, 6, 6, 6, 6, 6, 6, 4, 4, 4, 4, 4, 4, 4, 4, 4, 4, 4, 4, 4, 4, 4, 4, 4, 4, 4, 4, 4, 4, 4, 4, 4, 4, 4, 4, 4, 4, 4, 4, 4, 4, 4, 4, 4, 4, 4, 4, 4, 4, 4, 4, 4, 4, 4, 4, 4, 4, 4, 4, 4, 4, 4, 4, 4, 4, 4, 4, 4, 4, 4, 4, 4, 4, 4, 4, 4, 4, 4, 4, 4, 4, 4, 4, 4, 4, 4, 4, 4, 4, 4, 4, 4, 4, 4, 4, 4, 4, 4, 4, 4, 4, 4, 4, 4, 4, 4, 4, 4, 4, 4, 4, 4, 4, 4, 4, 4, 4, 4, 4, 4, 4, 4, 4, 4, 4, 4, 4, 4, 4, 4, 4, 4, 4, 4, 4, 4, 4, 4, 4, 4, 4, 4, 4, 4, 4, 4, 4, 4]",3.998677248677249,"[32.94378306878307, 32.94378306878307, 32.94113756613756, 32.95304232804233, 32.94113756613756, 32.94708994708995, 32.952380952380956, 32.94973544973545, 32.951719576719576, 32.9431216931217, 32.95701058201058, 32.9431216931217, 32.94907407407407, 32.9537037037037, 32.94510582010582, 31.951058201058203, 23.96428571428571, 19.976190476190474, 15.970899470899472, 15.981481481481483, 13.984126984126984, 13.976190476190476, 13.980820105820106, 13.977513227513228, 13.97883597883598, 13.979497354497354, 12.980158730158731, 12.977513227513228, 12.980158730158731, 12.982142857142858, 12.980820105820106, 11.977513227513226, 10.984126984126984, 10.98346560846561, 10.988756613756614, 10.984788359788359, 10.987433862433862, 9.98941798941799, 9.98611111111111, 9.987433862433862, 8.98280423280423, 8.986111111111112, 8.988095238095239, 8.990079365079366, 8.988756613756614, 8.99074074074074, 8.99074074074074, 8.988756613756614, 8.99074074074074, 8.98941798941799, 8.987433862433862, 8.992063492063492, 8.994047619047619, 8.988756613756614, 8.988756613756614, 8.986772486772487, 8.993386243386244, 8.992063492063492, 8.986111111111112, 8.989417989417989, 8.988095238095239, 8.989417989417989, 8.982142857142858, 8.988756613756614, 8.989417989417989, 7.989417989417989, 7.985449735449736, 7.98941798941799, 7.994047619047619, 7.989417989417989, 7.9907407407407405, 7.985449735449734, 7.990079365079365, 7.9907407407407405, 7.987433862433863, 7.984126984126984, 7.986772486772487, 7.987433862433862, 7.990079365079366, 7.987433862433862, 7.991402116402115, 7.985449735449736, 7.989417989417989, 7.992063492063492, 6.990079365079366, 6.989417989417989, 6.9907407407407405, 6.990740740740741, 6.987433862433862, 6.988095238095238, 6.987433862433863, 6.991402116402116, 6.988756613756614, 6.9907407407407405, 6.992063492063492, 6.992724867724867, 6.99537037037037, 6.992063492063492, 6.992063492063492, 6.991402116402116, 6.993386243386244, 6.994708994708994, 6.988095238095238, 6.990079365079365, 6.992724867724868, 6.9907407407407405, 6.988095238095238, 6.992063492063492, 6.994047619047619, 6.987433862433862, 6.994708994708995, 6.990079365079365, 6.994047619047619, 6.9907407407407405, 6.994708994708994, 6.992063492063492, 6.987433862433862, 6.992724867724867, 6.9907407407407405, 6.990079365079366, 6.992063492063492, 6.992724867724867, 6.988756613756613, 6.994708994708994, 6.992724867724868, 6.993386243386244, 6.993386243386244, 6.98941798941799, 6.990079365079366, 6.992063492063493, 6.994708994708995, 6.995370370370369, 6.994708994708994, 6.99537037037037, 6.99537037037037, 6.99537037037037, 6.991402116402117, 6.994708994708995, 5.996693121693122, 5.990740740740741, 5.994047619047619, 5.9940476190476195, 5.9940476190476195, 5.9940476190476195, 5.992724867724868, 5.9940476190476195, 5.994047619047619, 5.994047619047619, 5.994047619047619, 5.993386243386244, 5.996031746031746, 5.99537037037037, 5.993386243386243, 5.994708994708994, 5.993386243386243, 5.990079365079366, 5.99537037037037, 5.998015873015873, 5.996693121693121, 5.991402116402115, 5.994708994708994, 5.993386243386244, 5.994708994708994, 5.996031746031746, 5.994047619047619, 5.992063492063492, 5.991402116402117, 5.994047619047619, 5.992063492063492, 5.992063492063492, 5.99537037037037, 5.993386243386243, 5.991402116402116, 5.990079365079365, 5.994708994708994, 5.993386243386244, 5.994708994708994, 5.993386243386244, 5.992063492063492, 5.991402116402116, 5.992724867724867, 5.990079365079366, 5.990079365079365, 5.992063492063492, 5.991402116402116, 5.9907407407407405, 5.992063492063492, 5.99537037037037, 5.996693121693122, 5.99537037037037, 5.996693121693121, 5.994047619047619, 5.994708994708994, 5.991402116402117, 5.9907407407407405, 5.992063492063492, 5.9940476190476195, 5.996693121693121, 5.99537037037037, 5.993386243386244, 5.994047619047619, 5.992063492063492, 5.9907407407407405, 5.990079365079365, 5.990079365079365, 5.991402116402116, 5.993386243386244, 5.987433862433862, 5.990079365079365, 5.991402116402116, 5.990079365079366, 5.990079365079366, 5.993386243386243, 5.993386243386243, 5.992724867724867, 5.991402116402117, 5.994708994708995, 5.992724867724867, 5.992724867724868, 5.994708994708994, 5.992724867724867, 5.992063492063492, 5.993386243386243, 5.991402116402117, 5.992724867724867, 5.994047619047619, 5.993386243386244, 5.993386243386244, 5.992724867724868, 5.993386243386244, 5.99537037037037, 5.994047619047619, 5.992724867724868, 5.99537037037037, 5.994047619047619, 5.994708994708994, 5.993386243386244, 5.996693121693122, 5.991402116402117, 5.993386243386244, 5.992724867724869, 5.993386243386244, 5.994708994708994, 5.993386243386244, 5.996693121693122, 5.99537037037037, 5.993386243386244, 5.99537037037037, 5.992063492063492, 5.9940476190476195, 5.994047619047619, 5.992063492063492, 5.994047619047619, 5.993386243386243, 5.994047619047619, 5.992063492063492, 5.9940476190476195, 5.99537037037037, 5.996031746031746, 5.994708994708995, 5.992724867724868, 5.9907407407407405, 5.994708994708994, 5.994047619047619, 3.9960317460317465, 3.9953703703703702, 3.998015873015873, 3.9953703703703702, 3.997354497354497, 3.9953703703703707, 3.994708994708995, 3.996031746031746, 3.994708994708995, 3.9953703703703702, 3.996031746031746, 3.9953703703703702, 3.9940476190476195, 3.998015873015873, 3.998015873015873, 3.9953703703703702, 3.994708994708995, 3.996031746031746, 3.996031746031746, 3.996693121693122, 3.996031746031746, 3.997354497354497, 3.997354497354497, 3.998015873015873, 3.996693121693122, 3.9953703703703702, 3.9953703703703702, 3.9966931216931214, 3.9953703703703707, 3.996031746031746, 3.998015873015873, 3.9966931216931214, 3.9953703703703702, 3.9940476190476186, 3.998015873015873, 3.9986772486772484, 3.997354497354497, 3.997354497354497, 3.992724867724868, 3.992063492063492, 3.994708994708995, 3.994047619047619, 3.996031746031746, 3.994708994708995, 3.9914021164021167, 3.998015873015873, 3.9940476190476195, 3.9947089947089944, 3.9966931216931214, 3.9953703703703702, 3.996031746031746, 3.996031746031746, 3.9953703703703707, 3.996031746031746, 3.9940476190476195, 3.9953703703703702, 3.997354497354497, 3.9973544973544977, 3.997354497354497, 3.9933862433862437, 3.9940476190476195, 3.998015873015873, 3.998015873015873, 3.996031746031746, 3.996031746031746, 3.996693121693122, 3.994708994708995, 3.997354497354497, 3.996031746031746, 3.9953703703703702, 3.996031746031746, 3.996031746031746, 3.994708994708995, 3.996031746031746, 3.994708994708995, 3.9973544973544977, 3.994708994708995, 3.9953703703703707, 3.996031746031746, 3.998015873015873, 3.996693121693122, 3.9933862433862437, 3.9966931216931214, 3.9933862433862433, 3.9953703703703707, 3.994047619047619, 3.994047619047619, 3.996693121693122, 3.996693121693122, 3.9960317460317465, 3.9940476190476186, 3.996031746031746, 3.994047619047619, 3.994047619047619, 3.994047619047619, 3.994047619047619, 3.9933862433862433, 3.998015873015873, 3.994708994708995, 3.9960317460317456, 3.997354497354497, 3.996693121693122, 3.9966931216931214, 3.996031746031746, 3.9966931216931214, 3.997354497354497, 3.998015873015873, 3.996693121693122, 3.9953703703703707, 3.997354497354497, 3.996031746031746, 3.997354497354497, 3.9980158730158726, 3.998015873015873, 3.996693121693122, 3.997354497354497, 3.994708994708995, 3.996693121693122, 3.996693121693122, 3.997354497354497, 3.997354497354497, 3.996693121693122, 3.997354497354497, 3.994047619047619, 3.9953703703703707, 3.994047619047619, 3.9953703703703702, 3.9953703703703702, 3.9966931216931214, 3.998015873015873, 3.9986772486772484, 3.9986772486772484, 3.996031746031746, 3.996693121693122, 3.996031746031746, 3.9953703703703707, 3.9966931216931214, 3.9953703703703707, 3.997354497354497, 3.996031746031746, 3.998677248677249]",0.7164235173672173,0.7432340173384344,4,"[33, 33, 33, 33, 33, 33, 33, 33, 33, 33, 33, 33, 33, 33, 33, 32, 24, 20, 16, 16, 14, 14, 14, 14, 14, 14, 13, 13, 13, 13, 13, 12, 11, 11, 11, 11, 11, 10, 10, 10, 9, 9, 9, 9, 9, 9, 9, 9, 9, 9, 9, 9, 9, 9, 9, 9, 9, 9, 9, 9, 9, 9, 9, 9, 9, 8, 8, 8, 8, 8, 8, 8, 8, 8, 8, 8, 8, 8, 8, 8, 8, 8, 8, 8, 7, 7, 7, 7, 7, 7, 7, 7, 7, 7, 7, 7, 7, 7, 7, 7, 7, 7, 7, 7, 7, 7, 7, 7, 7, 7, 7, 7, 7, 7, 7, 7, 7, 7, 7, 7, 7, 7, 7, 7, 7, 7, 7, 7, 7, 7, 7, 7, 7, 7, 7, 7, 7, 7, 6, 6, 6, 6, 6, 6, 6, 6, 6, 6, 6, 6, 6, 6, 6, 6, 6, 6, 6, 6, 6, 6, 6, 6, 6, 6, 6, 6, 6, 6, 6, 6, 6, 6, 6, 6, 6, 6, 6, 6, 6, 6, 6, 6, 6, 6, 6, 6, 6, 6, 6, 6, 6, 6, 6, 6, 6, 6, 6, 6, 6, 6, 6, 6, 6, 6, 6, 6, 6, 6, 6, 6, 6, 6, 6, 6, 6, 6, 6, 6, 6, 6, 6, 6, 6, 6, 6, 6, 6, 6, 6, 6, 6, 6, 6, 6, 6, 6, 6, 6, 6, 6, 6, 6, 6, 6, 6, 6, 6, 6, 6, 6, 6, 6, 6, 6, 6, 6, 6, 6, 6, 6, 6, 6, 6, 6, 4, 4, 4, 4, 4, 4, 4, 4, 4, 4, 4, 4, 4, 4, 4, 4, 4, 4, 4, 4, 4, 4, 4, 4, 4, 4, 4, 4, 4, 4, 4, 4, 4, 4, 4, 4, 4, 4, 4, 4, 4, 4, 4, 4, 4, 4, 4, 4, 4, 4, 4, 4, 4, 4, 4, 4, 4, 4, 4, 4, 4, 4, 4, 4, 4, 4, 4, 4, 4, 4, 4, 4, 4, 4, 4, 4, 4, 4, 4, 4, 4, 4, 4, 4, 4, 4, 4, 4, 4, 4, 4, 4, 4, 4, 4, 4, 4, 4, 4, 4, 4, 4, 4, 4, 4, 4, 4, 4, 4, 4, 4, 4, 4, 4, 4, 4, 4, 4, 4, 4, 4, 4, 4, 4, 4, 4, 4, 4, 4, 4, 4, 4, 4, 4, 4, 4, 4, 4, 4, 4, 4]",405,"[0.38524046540260315, 0.37363702058792114, 0.36978262662887573, 0.3634326457977295, 0.35657551884651184, 0.3509300947189331, 0.34830284118652344, 0.3455306887626648, 0.33845284581184387, 0.3284994065761566, 0.32247307896614075, 0.3178772032260895, 0.3118093013763428, 0.3040729761123657, 0.299271821975708, 0.29770296812057495, 0.28984829783439636, 0.29098546504974365, 0.27890509366989136, 0.27555638551712036, 0.27301594614982605, 0.27458035945892334, 0.2678785026073456, 0.26782867312431335, 0.26628637313842773, 0.26193487644195557, 0.2585296034812927, 0.2592226266860962, 0.2609371840953827, 0.2534732520580292, 0.2523997724056244, 0.26071035861968994, 0.25601068139076233, 0.2597915530204773, 0.2513965368270874, 0.25308674573898315, 0.25171688199043274, 0.24802608788013458, 0.24826110899448395, 0.25381574034690857, 0.2605231702327728, 0.2501862049102783, 0.24688507616519928, 0.24391843378543854, 0.24177998304367065, 0.25355955958366394, 0.24242040514945984, 0.25320133566856384, 0.24241222441196442, 0.24322378635406494, 0.24052676558494568, 0.23735561966896057, 0.234405055642128, 0.23900443315505981, 0.23286333680152893, 0.22982876002788544, 0.24161075055599213, 0.23275722563266754, 0.22964449226856232, 0.24897849559783936, 0.2321968972682953, 0.2281317114830017, 0.22683776915073395, 0.2293757200241089, 0.22609272599220276, 0.23984289169311523, 0.2342134714126587, 0.23355485498905182, 0.23943978548049927, 0.23342372477054596, 0.23290561139583588, 0.2434491217136383, 0.22915621101856232, 0.23338666558265686, 0.23647412657737732, 0.22787362337112427, 0.22552832961082458, 0.238203227519989, 0.23588144779205322, 0.2245287001132965, 0.2260768562555313, 0.22274598479270935, 0.22124019265174866, 0.22534377872943878, 0.22248610854148865, 0.2297026813030243, 0.2206488400697708, 0.2163199931383133, 0.2174450159072876, 0.21777324378490448, 0.21699462831020355, 0.21971866488456726, 0.2174750566482544, 0.219011589884758, 0.22266361117362976, 0.2208380252122879, 0.22043366730213165, 0.21437738835811615, 0.21464109420776367, 0.2160607874393463, 0.21365895867347717, 0.219481959939003, 0.22352513670921326, 0.2250709980726242, 0.2229156345129013, 0.21769219636917114, 0.24421337246894836, 0.22117942571640015, 0.21452663838863373, 0.21747028827667236, 0.21806789934635162, 0.221188485622406, 0.21765907108783722, 0.21771149337291718, 0.21286936104297638, 0.21241644024848938, 0.2170146107673645, 0.22802942991256714, 0.21305184066295624, 0.2234826534986496, 0.22145149111747742, 0.21682076156139374, 0.23803524672985077, 0.216995969414711, 0.2314944714307785, 0.22740745544433594, 0.2149583250284195, 0.21790556609630585, 0.21468143165111542, 0.21299275755882263, 0.2170785516500473, 0.2116747796535492, 0.21024978160858154, 0.21643120050430298, 0.2123212069272995, 0.2116096317768097, 0.21819688379764557, 0.2119799107313156, 0.3002166152000427, 0.2643960416316986, 0.2589026987552643, 0.2582973539829254, 0.26050689816474915, 0.2566763460636139, 0.25598132610321045, 0.2567189335823059, 0.2638614773750305, 0.25769639015197754, 0.25852853059768677, 0.2575242519378662, 0.2551393210887909, 0.2593591809272766, 0.2807304859161377, 0.25857529044151306, 0.25962167978286743, 0.25962916016578674, 0.25609976053237915, 0.26535239815711975, 0.27647483348846436, 0.2692239582538605, 0.26391443610191345, 0.26018625497817993, 0.2562222182750702, 0.2647361755371094, 0.2597406804561615, 0.2563435435295105, 0.2628442347049713, 0.26942408084869385, 0.2708386182785034, 0.2563002109527588, 0.26031294465065, 0.2547520697116852, 0.26920086145401, 0.26158443093299866, 0.26592743396759033, 0.2563844919204712, 0.26319772005081177, 0.25383731722831726, 0.2626543343067169, 0.25518128275871277, 0.26008957624435425, 0.25802019238471985, 0.2786695063114166, 0.25762253999710083, 0.25888779759407043, 0.26390331983566284, 0.25506359338760376, 0.2611545920372009, 0.26794809103012085, 0.2662832736968994, 0.25406351685523987, 0.27095624804496765, 0.25796404480934143, 0.2553696930408478, 0.2537333071231842, 0.26565736532211304, 0.25546520948410034, 0.25562819838523865, 0.2553194761276245, 0.2564820945262909, 0.2558293640613556, 0.2647196650505066, 0.2537861764431, 0.2574351727962494, 0.2575685977935791, 0.25320929288864136, 0.2554582953453064, 0.2698427438735962, 0.26308321952819824, 0.2556174099445343, 0.2538357675075531, 0.25511807203292847, 0.253411203622818, 0.256526380777359, 0.25433817505836487, 0.25457894802093506, 0.2546187937259674, 0.2561613917350769, 0.2578336000442505, 0.2609807252883911, 0.2582782208919525, 0.2564410865306854, 0.26235485076904297, 0.2534426748752594, 0.2579306364059448, 0.2550952136516571, 0.2665574252605438, 0.25401249527931213, 0.2524768114089966, 0.2574174106121063, 0.25380071997642517, 0.26118600368499756, 0.2583951950073242, 0.2877482771873474, 0.25678741931915283, 0.2554700970649719, 0.2677156627178192, 0.2649365961551666, 0.25249001383781433, 0.29041290283203125, 0.2528330981731415, 0.2576775848865509, 0.2545652389526367, 0.2610056698322296, 0.2586347162723541, 0.26390957832336426, 0.2577935755252838, 0.2551974058151245, 0.2618837356567383, 0.25446614623069763, 0.25397273898124695, 0.25800856947898865, 0.2543419897556305, 0.25748810172080994, 0.25488972663879395, 0.2571586072444916, 0.2559807300567627, 0.2532370388507843, 0.2640779912471771, 0.254555881023407, 0.2534320056438446, 0.259443461894989, 0.253647118806839, 0.2573266327381134, 0.40141621232032776, 0.360404372215271, 0.34644386172294617, 0.34516632556915283, 0.3497592806816101, 0.34855252504348755, 0.35154107213020325, 0.35131973028182983, 0.34492844343185425, 0.34363219141960144, 0.34534990787506104, 0.34319886565208435, 0.3467697203159332, 0.3446979224681854, 0.3440312445163727, 0.3430284857749939, 0.34291693568229675, 0.3434898257255554, 0.34740376472473145, 0.34387725591659546, 0.3448246121406555, 0.3431273400783539, 0.34368857741355896, 0.3431199789047241, 0.3433178961277008, 0.34355494379997253, 0.3430672883987427, 0.343644380569458, 0.34369128942489624, 0.34296271204948425, 0.344880610704422, 0.3431820273399353, 0.375171422958374, 0.3438175618648529, 0.3432695269584656, 0.34309184551239014, 0.35836148262023926, 0.3434654474258423, 0.34363341331481934, 0.34371912479400635, 0.34313178062438965, 0.34331217408180237, 0.3472152650356293, 0.3481060862541199, 0.3437591791152954, 0.3449122905731201, 0.3479897975921631, 0.34693172574043274, 0.34305649995803833, 0.34353265166282654, 0.3495663106441498, 0.34545499086380005, 0.34598827362060547, 0.3441762626171112, 0.35011863708496094, 0.3439804017543793, 0.3595014810562134, 0.34461966156959534, 0.34301063418388367, 0.35098230838775635, 0.3509505093097687, 0.3516930043697357, 0.3437333405017853, 0.3436783254146576, 0.3453521430492401, 0.34360548853874207, 0.34714171290397644, 0.35025620460510254, 0.3442906141281128, 0.3575212359428406, 0.34324589371681213, 0.3508371114730835, 0.3432213068008423, 0.3467322289943695, 0.3430299460887909, 0.3452235460281372, 0.3467179238796234, 0.3429678678512573, 0.3430275022983551, 0.34297436475753784, 0.34427469968795776, 0.3461093604564667, 0.34449416399002075, 0.3489667475223541, 0.34295451641082764, 0.3445464074611664, 0.3431323170661926, 0.356608510017395, 0.3449031114578247, 0.344153493642807, 0.347802072763443, 0.3550611436367035, 0.34391289949417114, 0.3475443124771118, 0.3439423739910126, 0.34623944759368896, 0.3447436988353729, 0.34329867362976074, 0.34459245204925537, 0.3451499044895172, 0.34355229139328003, 0.3559148907661438, 0.3542857766151428, 0.3449362516403198, 0.34375596046447754, 0.34342634677886963, 0.3458329439163208, 0.35161811113357544, 0.3522794842720032, 0.35386982560157776, 0.3441043496131897, 0.34385472536087036, 0.3430332541465759, 0.34330645203590393, 0.3451429009437561, 0.34305834770202637, 0.3432175815105438, 0.34306079149246216, 0.34318187832832336, 0.3432794213294983, 0.3429979681968689, 0.34367603063583374, 0.3493502140045166, 0.3435293138027191, 0.3428061008453369, 0.34322020411491394, 0.3429301381111145, 0.3453350365161896, 0.3449082672595978, 0.347298264503479, 0.3441564440727234, 0.3441965579986572, 0.3466678559780121, 0.3487236499786377, 0.3438352346420288, 0.3433781564235687, 0.3433729410171509, 0.3595375120639801, 0.34298062324523926, 0.35612472891807556, 0.3474193513393402]",4.0,"[33.0, 33.0, 33.0, 33.0, 33.0, 33.0, 33.0, 33.0, 33.0, 33.0, 33.0, 33.0, 33.0, 33.0, 33.0, 32.0, 24.0, 20.0, 16.0, 16.0, 14.0, 14.0, 14.0, 14.0, 14.0, 14.0, 13.0, 13.0, 13.0, 13.0, 13.0, 12.0, 11.0, 11.0, 11.0, 11.0, 11.0, 10.0, 10.0, 10.0, 9.0, 9.0, 9.0, 9.0, 9.0, 9.0, 9.0, 9.0, 9.0, 9.0, 9.0, 9.0, 9.0, 9.0, 9.0, 9.0, 9.0, 9.0, 9.0, 9.0, 9.0, 9.0, 9.0, 9.0, 9.0, 8.0, 8.0, 8.0, 8.0, 8.0, 8.0, 8.0, 8.0, 8.0, 8.0, 8.0, 8.0, 8.0, 8.0, 8.0, 8.0, 8.0, 8.0, 8.0, 7.0, 7.0, 7.0, 7.0, 7.0, 7.0, 7.0, 7.0, 7.0, 7.0, 7.0, 7.0, 7.0, 7.0, 7.0, 7.0, 7.0, 7.0, 7.0, 7.0, 7.0, 7.0, 7.0, 7.0, 7.0, 7.0, 7.0, 7.0, 7.0, 7.0, 7.0, 7.0, 7.0, 7.0, 7.0, 7.0, 7.0, 7.0, 7.0, 7.0, 7.0, 7.0, 7.0, 7.0, 7.0, 7.0, 7.0, 7.0, 7.0, 7.0, 7.0, 7.0, 7.0, 7.0, 6.0, 6.0, 6.0, 6.0, 6.0, 6.0, 6.0, 6.0, 6.0, 6.0, 6.0, 6.0, 6.0, 6.0, 6.0, 6.0, 6.0, 6.0, 6.0, 6.0, 6.0, 6.0, 6.0, 6.0, 6.0, 6.0, 6.0, 6.0, 6.0, 6.0, 6.0, 6.0, 6.0, 6.0, 6.0, 6.0, 6.0, 6.0, 6.0, 6.0, 6.0, 6.0, 6.0, 6.0, 6.0, 6.0, 6.0, 6.0, 6.0, 6.0, 6.0, 6.0, 6.0, 6.0, 6.0, 6.0, 6.0, 6.0, 6.0, 6.0, 6.0, 6.0, 6.0, 6.0, 6.0, 6.0, 6.0, 6.0, 6.0, 6.0, 6.0, 6.0, 6.0, 6.0, 6.0, 6.0, 6.0, 6.0, 6.0, 6.0, 6.0, 6.0, 6.0, 6.0, 6.0, 6.0, 6.0, 6.0, 6.0, 6.0, 6.0, 6.0, 6.0, 6.0, 6.0, 6.0, 6.0, 6.0, 6.0, 6.0, 6.0, 6.0, 6.0, 6.0, 6.0, 6.0, 6.0, 6.0, 6.0, 6.0, 6.0, 6.0, 6.0, 6.0, 6.0, 6.0, 6.0, 6.0, 6.0, 6.0, 6.0, 6.0, 6.0, 6.0, 6.0, 6.0, 4.0, 4.0, 4.0, 4.0, 4.0, 4.0, 4.0, 4.0, 4.0, 4.0, 4.0, 4.0, 4.0, 4.0, 4.0, 4.0, 4.0, 4.0, 4.0, 4.0, 4.0, 4.0, 4.0, 4.0, 4.0, 4.0, 4.0, 4.0, 4.0, 4.0, 4.0, 4.0, 4.0, 4.0, 4.0, 4.0, 4.0, 4.0, 4.0, 4.0, 4.0, 4.0, 4.0, 4.0, 4.0, 4.0, 4.0, 4.0, 4.0, 4.0, 4.0, 4.0, 4.0, 4.0, 4.0, 4.0, 4.0, 4.0, 4.0, 4.0, 4.0, 4.0, 4.0, 4.0, 4.0, 4.0, 4.0, 4.0, 4.0, 4.0, 4.0, 4.0, 4.0, 4.0, 4.0, 4.0, 4.0, 4.0, 4.0, 4.0, 4.0, 4.0, 4.0, 4.0, 4.0, 4.0, 4.0, 4.0, 4.0, 4.0, 4.0, 4.0, 4.0, 4.0, 4.0, 4.0, 4.0, 4.0, 4.0, 4.0, 4.0, 4.0, 4.0, 4.0, 4.0, 4.0, 4.0, 4.0, 4.0, 4.0, 4.0, 4.0, 4.0, 4.0, 4.0, 4.0, 4.0, 4.0, 4.0, 4.0, 4.0, 4.0, 4.0, 4.0, 4.0, 4.0, 4.0, 4.0, 4.0, 4.0, 4.0, 4.0, 4.0, 4.0, 4.0, 4.0, 4.0, 4.0, 4.0, 4.0, 4.0]",COMPLETE
