,number,value,datetime_start,datetime_complete,duration,params_batch_size_scaler,params_constant_learning_rate,params_depth,params_epochs,params_kernel_l2,params_num_trees,params_temperature,user_attrs_accuracy_test,user_attrs_accuracy_valid,user_attrs_approximate_feature_sparsity,user_attrs_approximate_feature_sparsity_history,user_attrs_approximate_weight_sparsity,user_attrs_approximate_weight_sparsity_history,user_attrs_auc_test,user_attrs_auc_valid,user_attrs_feature_sparsity,user_attrs_feature_sparsity_history,user_attrs_num_epochs,user_attrs_val_loss_history,user_attrs_weight_sparsity,user_attrs_weight_sparsity_history,state
90,90,0.9022684236967191,2024-08-31 03:59:35.070812,2024-08-31 04:01:16.781625,0 days 00:01:41.710813,1,0.329623631208932,2,165,0.0015552471718257798,88,0.0016533058810856282,0.904,0.92875,27,"[33, 33, 33, 32, 31, 31, 28, 27, 27, 27, 27, 27, 27, 27, 27, 27, 27, 27, 27, 27, 27, 27, 27, 27, 27, 27, 27, 27, 27, 27, 27, 27, 27, 27, 27, 27, 27, 27, 27, 27, 27, 27, 27, 27, 27, 27, 27, 27, 27, 27, 27, 27, 27, 27, 27, 27, 27, 27, 27, 27, 27, 27, 27, 27, 27, 27, 27, 27, 27, 27, 27, 27, 27, 27, 27, 27, 27, 27, 27, 27, 27, 27, 27, 27, 27, 27, 27, 27, 27, 27, 27, 27, 27, 27, 27, 27, 27, 27, 27, 27, 27, 27, 27, 27, 27, 27, 27, 27, 27, 27, 27, 27, 27, 27, 27, 27, 27, 27, 27, 27, 27, 27, 27, 27, 27, 27, 27, 27, 27, 27, 27, 27, 27, 27, 27, 27, 27, 27, 27, 27, 27, 27, 27, 27, 27, 27, 27, 27, 27, 27, 27, 27, 27, 27, 27, 27, 27, 27, 27, 27, 27, 27, 27, 27, 27]",26.984848484848484,"[32.98106060606061, 32.97727272727273, 32.98106060606061, 31.988636363636363, 30.984848484848484, 30.992424242424242, 27.981060606060606, 26.977272727272727, 26.99621212121212, 26.99621212121212, 26.981060606060606, 26.988636363636363, 26.977272727272727, 26.992424242424242, 26.988636363636363, 26.984848484848484, 26.992424242424242, 26.988636363636363, 26.973484848484848, 26.96590909090909, 26.992424242424242, 26.96969696969697, 26.988636363636363, 26.973484848484848, 26.988636363636363, 26.984848484848484, 26.981060606060606, 26.981060606060606, 26.977272727272727, 26.984848484848484, 26.981060606060606, 26.984848484848484, 26.981060606060606, 26.988636363636363, 26.984848484848484, 26.988636363636363, 26.984848484848484, 26.992424242424242, 26.988636363636363, 26.984848484848484, 26.977272727272727, 26.984848484848484, 26.981060606060606, 26.981060606060606, 26.984848484848484, 26.988636363636363, 26.981060606060606, 26.981060606060606, 26.96969696969697, 26.984848484848484, 26.984848484848484, 26.977272727272727, 26.984848484848484, 26.988636363636363, 26.988636363636363, 26.992424242424242, 26.992424242424242, 26.984848484848484, 26.96212121212121, 26.981060606060606, 26.988636363636363, 26.977272727272727, 26.992424242424242, 26.988636363636363, 26.981060606060606, 26.988636363636363, 26.984848484848484, 26.981060606060606, 26.992424242424242, 26.981060606060606, 26.99621212121212, 26.988636363636363, 26.984848484848484, 26.984848484848484, 26.977272727272727, 26.984848484848484, 26.988636363636363, 26.984848484848484, 26.988636363636363, 26.973484848484848, 26.977272727272727, 26.984848484848484, 26.984848484848484, 26.96969696969697, 26.981060606060606, 26.988636363636363, 26.988636363636363, 26.992424242424242, 26.992424242424242, 26.977272727272727, 26.988636363636363, 26.992424242424242, 26.992424242424242, 26.96969696969697, 26.977272727272727, 26.981060606060606, 26.981060606060606, 26.981060606060606, 26.96969696969697, 26.977272727272727, 26.977272727272727, 26.981060606060606, 26.981060606060606, 26.992424242424242, 26.984848484848484, 26.988636363636363, 26.984848484848484, 26.992424242424242, 26.96969696969697, 26.954545454545453, 26.96590909090909, 26.981060606060606, 26.96212121212121, 26.96969696969697, 26.973484848484848, 26.984848484848484, 26.981060606060606, 26.992424242424242, 26.981060606060606, 26.977272727272727, 26.96969696969697, 26.981060606060606, 26.981060606060606, 26.984848484848484, 26.977272727272727, 26.96969696969697, 26.977272727272727, 26.973484848484848, 26.984848484848484, 26.988636363636363, 26.99621212121212, 26.977272727272727, 26.977272727272727, 26.992424242424242, 26.984848484848484, 26.984848484848484, 26.984848484848484, 26.981060606060606, 26.988636363636363, 26.988636363636363, 26.981060606060606, 26.992424242424242, 26.992424242424242, 26.984848484848484, 26.99621212121212, 26.984848484848484, 26.992424242424242, 26.981060606060606, 26.988636363636363, 26.977272727272727, 26.981060606060606, 26.973484848484848, 26.984848484848484, 26.992424242424242, 26.992424242424242, 26.981060606060606, 26.981060606060606, 26.984848484848484, 26.973484848484848, 26.988636363636363, 26.981060606060606, 26.984848484848484, 26.988636363636363, 26.977272727272727, 26.984848484848484]",0.882049884824016,0.9022684236967191,27,"[33, 33, 33, 32, 31, 31, 28, 27, 27, 27, 27, 27, 27, 27, 27, 27, 27, 27, 27, 27, 27, 27, 27, 27, 27, 27, 27, 27, 27, 27, 27, 27, 27, 27, 27, 27, 27, 27, 27, 27, 27, 27, 27, 27, 27, 27, 27, 27, 27, 27, 27, 27, 27, 27, 27, 27, 27, 27, 27, 27, 27, 27, 27, 27, 27, 27, 27, 27, 27, 27, 27, 27, 27, 27, 27, 27, 27, 27, 27, 27, 27, 27, 27, 27, 27, 27, 27, 27, 27, 27, 27, 27, 27, 27, 27, 27, 27, 27, 27, 27, 27, 27, 27, 27, 27, 27, 27, 27, 27, 27, 27, 27, 27, 27, 27, 27, 27, 27, 27, 27, 27, 27, 27, 27, 27, 27, 27, 27, 27, 27, 27, 27, 27, 27, 27, 27, 27, 27, 27, 27, 27, 27, 27, 27, 27, 27, 27, 27, 27, 27, 27, 27, 27, 27, 27, 27, 27, 27, 27, 27, 27, 27, 27, 27, 27]",165,"[0.37146663665771484, 0.30494681000709534, 0.26909396052360535, 0.45795533061027527, 0.23892946541309357, 0.21765922009944916, 0.2767462730407715, 0.21713227033615112, 0.2181786745786667, 0.1965276002883911, 0.2033848911523819, 0.20405973494052887, 0.22203153371810913, 0.2007719874382019, 0.19697269797325134, 0.20190709829330444, 0.18697458505630493, 0.1837436705827713, 0.1957218497991562, 0.20107439160346985, 0.23008888959884644, 0.19386743009090424, 0.26229938864707947, 0.1986524611711502, 0.21045424044132233, 0.1787610501050949, 0.18065372109413147, 0.1818167120218277, 0.23574647307395935, 0.22674821317195892, 0.22201761603355408, 0.18289130926132202, 0.19094890356063843, 0.28503862023353577, 0.18948589265346527, 0.19163548946380615, 0.2109857201576233, 0.17763827741146088, 0.18995410203933716, 0.22723080217838287, 0.19322101771831512, 0.18876034021377563, 0.2690321207046509, 0.18429359793663025, 0.21188554167747498, 0.2128618359565735, 0.2174258679151535, 0.20762333273887634, 0.1977103352546692, 0.2088969349861145, 0.21063539385795593, 0.23036180436611176, 0.23421989381313324, 0.2308545559644699, 0.2239702343940735, 0.20873913168907166, 0.21144023537635803, 0.2155107855796814, 0.22122710943222046, 0.23065295815467834, 0.24221071600914001, 0.22996997833251953, 0.24847887456417084, 0.2551107704639435, 0.25976696610450745, 0.23585982620716095, 0.265360027551651, 0.28235912322998047, 0.25690674781799316, 0.24562424421310425, 0.442182719707489, 0.2577936351299286, 0.27288931608200073, 0.27997711300849915, 0.26317399740219116, 0.2782878577709198, 0.27596941590309143, 0.271426796913147, 0.2777174115180969, 0.28140461444854736, 0.27790701389312744, 0.2971387803554535, 0.30890974402427673, 0.29097580909729004, 0.30415913462638855, 0.31480419635772705, 0.31205758452415466, 0.3150732219219208, 0.31280240416526794, 0.3239600360393524, 0.31937873363494873, 0.32102322578430176, 0.31247419118881226, 0.31504595279693604, 0.32207146286964417, 0.3177139163017273, 0.3197987675666809, 0.3405555486679077, 0.3174871504306793, 0.3359793424606323, 0.326084703207016, 0.3336726725101471, 0.34736499190330505, 0.3413694500923157, 0.34233853220939636, 0.3332045376300812, 0.34875011444091797, 0.3431093096733093, 0.3476482331752777, 0.3437524735927582, 0.3460051417350769, 0.3540777564048767, 0.3678043782711029, 0.3584451973438263, 0.34863796830177307, 0.360408216714859, 0.35791000723838806, 0.37406599521636963, 0.3845199942588806, 0.36598125100135803, 0.3733868896961212, 0.37470585107803345, 0.37607449293136597, 0.39345604181289673, 0.3852667510509491, 0.38096752762794495, 0.3879525661468506, 0.38204413652420044, 0.4057946801185608, 0.3870721459388733, 0.39838680624961853, 0.39072495698928833, 0.3938790559768677, 0.4039616286754608, 0.404001384973526, 0.4029165208339691, 0.40198662877082825, 0.40240684151649475, 0.39795032143592834, 0.407500684261322, 0.40612727403640747, 0.41352978348731995, 0.4272302985191345, 0.4121153652667999, 0.41769200563430786, 0.4208943545818329, 0.4231604337692261, 0.41835272312164307, 0.42314064502716064, 0.4325706958770752, 0.42862236499786377, 0.4254886209964752, 0.42899978160858154, 0.4305303692817688, 0.43928635120391846, 0.42839211225509644, 0.43654873967170715, 0.43674996495246887, 0.43716076016426086, 0.4374643564224243, 0.4427873194217682, 0.44325435161590576, 0.4429512321949005, 0.44132721424102783, 0.44191133975982666]",27.0,"[33.0, 33.0, 33.0, 32.0, 31.0, 31.0, 28.0, 27.0, 27.0, 27.0, 27.0, 27.0, 27.0, 27.0, 27.0, 27.0, 27.0, 27.0, 27.0, 27.0, 27.0, 27.0, 27.0, 27.0, 27.0, 27.0, 27.0, 27.0, 27.0, 27.0, 27.0, 27.0, 27.0, 27.0, 27.0, 27.0, 27.0, 27.0, 27.0, 27.0, 27.0, 27.0, 27.0, 27.0, 27.0, 27.0, 27.0, 27.0, 27.0, 27.0, 27.0, 27.0, 27.0, 27.0, 27.0, 27.0, 27.0, 27.0, 27.0, 27.0, 27.0, 27.0, 27.0, 27.0, 27.0, 27.0, 27.0, 27.0, 27.0, 27.0, 27.0, 27.0, 27.0, 27.0, 27.0, 27.0, 27.0, 27.0, 27.0, 27.0, 27.0, 27.0, 27.0, 27.0, 27.0, 27.0, 27.0, 27.0, 27.0, 27.0, 27.0, 27.0, 27.0, 27.0, 27.0, 27.0, 27.0, 27.0, 27.0, 27.0, 27.0, 27.0, 27.0, 27.0, 27.0, 27.0, 27.0, 27.0, 27.0, 27.0, 27.0, 27.0, 27.0, 27.0, 27.0, 27.0, 27.0, 27.0, 27.0, 27.0, 27.0, 27.0, 27.0, 27.0, 27.0, 27.0, 27.0, 27.0, 27.0, 27.0, 27.0, 27.0, 27.0, 27.0, 27.0, 27.0, 27.0, 27.0, 27.0, 27.0, 27.0, 27.0, 27.0, 27.0, 27.0, 27.0, 27.0, 27.0, 27.0, 27.0, 27.0, 27.0, 27.0, 27.0, 27.0, 27.0, 27.0, 27.0, 27.0, 27.0, 27.0, 27.0, 27.0, 27.0, 27.0]",COMPLETE
91,91,0.6861047777305458,2024-08-31 04:01:19.275630,2024-08-31 04:03:59.887782,0 days 00:02:40.612152,4,0.011231424384648336,6,65,0.42650015515789635,100,0.09236846238034266,0.859,0.85875,33,"[33, 33, 33, 33, 33, 33, 33, 33, 33, 33, 33, 33, 33, 33, 33, 33, 33, 33, 33, 33, 33, 33, 33, 33, 33, 33, 33, 33, 33, 33, 33, 33, 33, 33, 33, 33, 33, 33, 33, 33, 33, 33, 33, 33, 33, 33, 33, 33, 33, 33, 33, 33, 33, 33, 33, 33, 33, 33, 33, 33, 33, 33, 33, 33, 33]",32.88412698412698,"[32.89238095238095, 32.89031746031746, 32.89333333333333, 32.89333333333333, 32.89349206349206, 32.8915873015873, 32.894285714285715, 32.89492063492063, 32.89492063492064, 32.89809523809524, 32.89492063492063, 32.896190476190476, 32.89666666666667, 32.89936507936508, 32.897301587301584, 32.894126984126984, 32.892539682539685, 32.89253968253968, 32.89333333333333, 32.89492063492064, 32.89365079365079, 32.89333333333333, 32.892539682539685, 32.89476190476191, 32.89539682539682, 32.895873015873015, 32.89698412698413, 32.89825396825397, 32.89809523809524, 32.8984126984127, 32.895714285714284, 32.89666666666667, 32.89714285714286, 32.89777777777778, 32.89650793650794, 32.89507936507937, 32.894285714285715, 32.89349206349206, 32.89317460317461, 32.89174603174603, 32.88984126984127, 32.887142857142855, 32.88746031746032, 32.885555555555555, 32.88603174603175, 32.88253968253968, 32.88285714285714, 32.885396825396825, 32.88222222222222, 32.88428571428571, 32.88412698412698, 32.8863492063492, 32.88428571428572, 32.882063492063494, 32.882380952380956, 32.882222222222225, 32.88095238095238, 32.88349206349206, 32.886825396825394, 32.88650793650793, 32.88746031746032, 32.88587301587302, 32.88444444444444, 32.88333333333333, 32.88412698412698]",0.7219016009048953,0.6861047777305458,33,"[33, 33, 33, 33, 33, 33, 33, 33, 33, 33, 33, 33, 33, 33, 33, 33, 33, 33, 33, 33, 33, 33, 33, 33, 33, 33, 33, 33, 33, 33, 33, 33, 33, 33, 33, 33, 33, 33, 33, 33, 33, 33, 33, 33, 33, 33, 33, 33, 33, 33, 33, 33, 33, 33, 33, 33, 33, 33, 33, 33, 33, 33, 33, 33, 33]",65,"[0.5700815320014954, 0.4846554696559906, 0.44667643308639526, 0.4284054636955261, 0.41833657026290894, 0.4127749502658844, 0.40935295820236206, 0.40706318616867065, 0.40545666217803955, 0.40419840812683105, 0.4032129943370819, 0.40237388014793396, 0.401632696390152, 0.4009557068347931, 0.40032127499580383, 0.39971622824668884, 0.3991347551345825, 0.3985745906829834, 0.39803826808929443, 0.39750683307647705, 0.39698678255081177, 0.396487832069397, 0.39599764347076416, 0.3955201804637909, 0.39505186676979065, 0.39459526538848877, 0.3941502273082733, 0.3937157690525055, 0.39328640699386597, 0.3928684592247009, 0.39245864748954773, 0.3920575678348541, 0.39166951179504395, 0.39128434658050537, 0.39090633392333984, 0.3905385732650757, 0.39017999172210693, 0.38982853293418884, 0.3894810378551483, 0.3891409933567047, 0.388808935880661, 0.3884829580783844, 0.38816285133361816, 0.38785210251808167, 0.38754135370254517, 0.3872387409210205, 0.38694244623184204, 0.38665294647216797, 0.3863673806190491, 0.38608765602111816, 0.3858111500740051, 0.3855389356613159, 0.3852716088294983, 0.3850129246711731, 0.3847603499889374, 0.3845100402832031, 0.3842613995075226, 0.38402020931243896, 0.3837776184082031, 0.38354477286338806, 0.3833147883415222, 0.3830910623073578, 0.3828679621219635, 0.38264551758766174, 0.3824325501918793]",33.0,"[33.0, 33.0, 33.0, 33.0, 33.0, 33.0, 33.0, 33.0, 33.0, 33.0, 33.0, 33.0, 33.0, 33.0, 33.0, 33.0, 33.0, 33.0, 33.0, 33.0, 33.0, 33.0, 33.0, 33.0, 33.0, 33.0, 33.0, 33.0, 33.0, 33.0, 33.0, 33.0, 33.0, 33.0, 33.0, 33.0, 33.0, 33.0, 33.0, 33.0, 33.0, 33.0, 33.0, 33.0, 33.0, 33.0, 33.0, 33.0, 33.0, 33.0, 33.0, 33.0, 33.0, 33.0, 33.0, 33.0, 33.0, 33.0, 33.0, 33.0, 33.0, 33.0, 33.0, 33.0, 33.0]",COMPLETE
92,92,0.6950445054166505,2024-08-31 04:04:01.767269,2024-08-31 04:05:40.868197,0 days 00:01:39.100928,4,0.01842327595708749,6,70,0.37316196174894234,46,0.044277258588222866,0.86,0.85875,33,"[33, 33, 33, 33, 33, 33, 33, 33, 33, 33, 33, 33, 33, 33, 33, 33, 33, 33, 33, 33, 33, 33, 33, 33, 33, 33, 33, 33, 33, 33, 33, 33, 33, 33, 33, 33, 33, 33, 33, 33, 33, 33, 33, 33, 33, 33, 33, 33, 33, 33, 33, 33, 33, 33, 33, 33, 33, 33, 33, 33, 33, 33, 33, 33, 33, 33, 33, 33, 33, 33]",32.930986887508624,"[32.925120772946855, 32.92650103519669, 32.929951690821255, 32.928226363008974, 32.92684610075914, 32.93029675638371, 32.92926155969634, 32.932367149758456, 32.93029675638372, 32.93167701863354, 32.932022084196, 32.929606625258806, 32.93064182194617, 32.93064182194617, 32.933402346445824, 32.9296066252588, 32.92822636300897, 32.92443064182194, 32.92615596963423, 32.92097998619737, 32.92650103519669, 32.92684610075914, 32.92857142857143, 32.92374051069704, 32.92684610075915, 32.93167701863354, 32.9271911663216, 32.9296066252588, 32.927536231884055, 32.92374051069703, 32.92684610075914, 32.92926155969634, 32.92891649413389, 32.92891649413389, 32.92788129744652, 32.927191166321606, 32.93167701863354, 32.92788129744652, 32.932022084196, 32.93029675638371, 32.92822636300897, 32.92546583850932, 32.93064182194617, 32.92891649413389, 32.92857142857143, 32.925810904071774, 32.924775707384406, 32.927191166321606, 32.923395445134574, 32.92270531400966, 32.92615596963423, 32.92788129744651, 32.92546583850931, 32.92684610075914, 32.924775707384406, 32.93098688750863, 32.92857142857142, 32.9296066252588, 32.93029675638371, 32.92857142857143, 32.93202208419599, 32.92822636300897, 32.92443064182194, 32.929951690821255, 32.92926155969634, 32.927191166321606, 32.928226363008974, 32.93029675638371, 32.92857142857143, 32.930986887508624]",0.7304469158430964,0.6950445054166505,33,"[33, 33, 33, 33, 33, 33, 33, 33, 33, 33, 33, 33, 33, 33, 33, 33, 33, 33, 33, 33, 33, 33, 33, 33, 33, 33, 33, 33, 33, 33, 33, 33, 33, 33, 33, 33, 33, 33, 33, 33, 33, 33, 33, 33, 33, 33, 33, 33, 33, 33, 33, 33, 33, 33, 33, 33, 33, 33, 33, 33, 33, 33, 33, 33, 33, 33, 33, 33, 33, 33]",70,"[0.537536084651947, 0.48009932041168213, 0.44988688826560974, 0.4329759478569031, 0.4228859841823578, 0.4165176451206207, 0.4122515618801117, 0.4092259109020233, 0.4069550633430481, 0.4051717519760132, 0.4037422239780426, 0.40253371000289917, 0.40147677063941956, 0.40052443742752075, 0.3996495008468628, 0.3988312780857086, 0.39806029200553894, 0.39733004570007324, 0.39662957191467285, 0.3959611654281616, 0.3953186869621277, 0.3947010934352875, 0.39409708976745605, 0.39351898431777954, 0.392959862947464, 0.39241597056388855, 0.3918890655040741, 0.39138033986091614, 0.39088425040245056, 0.3904038965702057, 0.38993823528289795, 0.389485239982605, 0.38904350996017456, 0.38861748576164246, 0.3881951868534088, 0.38778793811798096, 0.38739168643951416, 0.3870088458061218, 0.38663262128829956, 0.3862636983394623, 0.3859041929244995, 0.3855540156364441, 0.38521087169647217, 0.3848777413368225, 0.3845492899417877, 0.3842296600341797, 0.3839173913002014, 0.38361382484436035, 0.3833129107952118, 0.383019357919693, 0.3827320337295532, 0.38245201110839844, 0.382177472114563, 0.38190755248069763, 0.3816406726837158, 0.38137954473495483, 0.3811197578907013, 0.38086193799972534, 0.3806121349334717, 0.38037174940109253, 0.38013291358947754, 0.3798947036266327, 0.3796687722206116, 0.3794395327568054, 0.3792111873626709, 0.3789885342121124, 0.3787686228752136, 0.3785540461540222, 0.37833932042121887, 0.3781272768974304]",33.0,"[33.0, 33.0, 33.0, 33.0, 33.0, 33.0, 33.0, 33.0, 33.0, 33.0, 33.0, 33.0, 33.0, 33.0, 33.0, 33.0, 33.0, 33.0, 33.0, 33.0, 33.0, 33.0, 33.0, 33.0, 33.0, 33.0, 33.0, 33.0, 33.0, 33.0, 33.0, 33.0, 33.0, 33.0, 33.0, 33.0, 33.0, 33.0, 33.0, 33.0, 33.0, 33.0, 33.0, 33.0, 33.0, 33.0, 33.0, 33.0, 33.0, 33.0, 33.0, 33.0, 33.0, 33.0, 33.0, 33.0, 33.0, 33.0, 33.0, 33.0, 33.0, 33.0, 33.0, 33.0, 33.0, 33.0, 33.0, 33.0, 33.0, 33.0]",COMPLETE
