,number,value,datetime_start,datetime_complete,duration,params_batch_size_scaler,params_constant_learning_rate,params_depth,params_epochs,params_kernel_l2,params_num_trees,params_temperature,user_attrs_accuracy_test,user_attrs_accuracy_valid,user_attrs_approximate_feature_sparsity,user_attrs_approximate_feature_sparsity_history,user_attrs_approximate_weight_sparsity,user_attrs_approximate_weight_sparsity_history,user_attrs_auc_test,user_attrs_auc_valid,user_attrs_feature_sparsity,user_attrs_feature_sparsity_history,user_attrs_num_epochs,user_attrs_val_loss_history,user_attrs_weight_sparsity,user_attrs_weight_sparsity_history,state
104,104,0.9257899550437326,2024-08-31 04:33:53.232810,2024-08-31 04:35:27.685590,0 days 00:01:34.452780,16,0.5704651805539814,6,320,0.005342111415004698,3,0.0011705741972520467,0.95,0.96,17,"[33, 33, 33, 33, 33, 33, 33, 33, 33, 33, 33, 33, 33, 33, 33, 33, 33, 33, 33, 33, 33, 33, 33, 33, 33, 33, 33, 33, 33, 33, 33, 33, 33, 33, 33, 33, 33, 33, 33, 33, 31, 30, 27, 25, 24, 23, 21, 19, 19, 19, 19, 19, 19, 19, 19, 19, 19, 19, 19, 19, 19, 19, 19, 19, 19, 18, 18, 18, 18, 18, 18, 18, 18, 18, 18, 18, 18, 18, 18, 18, 18, 18, 18, 18, 18, 18, 18, 18, 18, 17, 17, 17, 17, 17, 17, 17, 17, 17, 17, 17, 17, 17, 17, 17, 17, 17, 17, 17, 17, 17, 17, 17, 17, 17, 17, 17, 17, 17, 17, 17, 17, 17, 17, 17, 17, 17, 17, 17, 17, 17, 17, 17, 17, 17, 17, 17, 17, 17, 17, 17, 17, 17, 17, 17, 17, 17, 17, 17, 17, 17, 17, 17, 17, 17, 17, 17, 17, 17, 17, 17, 17, 17, 17, 17, 17, 17, 17, 17, 17, 17, 17, 17, 17, 17, 17, 17, 17, 17, 17, 17, 17, 17, 17, 17, 17, 17, 17, 17, 17, 17, 17, 17, 17, 17, 17, 17, 17, 17, 17, 17, 17, 17, 17, 17, 17, 17, 17, 17, 17, 17, 17, 17, 17, 17, 17, 17, 17, 17, 17, 17, 17, 17, 17, 17, 17, 17, 17, 17, 17, 17, 17, 17, 17, 17, 17, 17, 17, 17, 17, 17, 17, 17, 17, 17, 17, 17, 17, 17, 17, 17, 17, 17, 17, 17, 17, 17, 17, 17, 17, 17, 17, 17, 17, 17, 17, 17, 17, 17, 17, 17, 17, 17, 17, 17, 17, 17, 17, 17, 17, 17, 17, 17, 17, 17, 17, 17, 17, 17, 17, 17, 17, 17, 17, 17, 17, 17, 17, 17, 17, 17, 17, 17, 17, 17, 17, 17, 17, 17, 17, 17, 17, 17, 17, 17, 17, 17, 17, 17, 17, 17]",16.994708994708994,"[32.98941798941799, 33.0, 32.99470899470899, 32.978835978835974, 32.98941798941799, 32.99470899470899, 32.98941798941799, 32.99470899470899, 32.98412698412698, 32.978835978835974, 32.96296296296296, 32.973544973544975, 32.973544973544975, 32.98412698412698, 32.973544973544975, 32.96825396825397, 32.96296296296296, 32.96825396825397, 32.98412698412698, 32.96825396825397, 32.973544973544975, 32.978835978835974, 32.978835978835974, 32.99470899470899, 32.978835978835974, 32.99470899470899, 32.96296296296296, 32.98941798941799, 33.0, 32.98941798941799, 32.98412698412698, 32.978835978835974, 32.973544973544975, 32.96825396825397, 32.98941798941799, 32.98412698412699, 32.98412698412698, 32.98412698412698, 32.99470899470899, 32.98941798941799, 31.0, 29.989417989417987, 26.989417989417987, 24.978835978835974, 23.98412698412698, 22.978835978835978, 20.978835978835978, 18.978835978835974, 18.994708994708994, 18.994708994708994, 18.994708994708994, 18.994708994708994, 19.0, 18.989417989417987, 18.989417989417987, 18.994708994708994, 18.994708994708994, 18.994708994708994, 18.989417989417987, 18.97354497354497, 18.994708994708994, 18.989417989417987, 18.978835978835978, 18.989417989417987, 18.989417989417987, 17.994708994708994, 18.0, 17.994708994708994, 17.989417989417987, 17.994708994708994, 17.989417989417987, 17.989417989417987, 17.978835978835978, 17.989417989417987, 17.989417989417987, 17.989417989417987, 17.994708994708994, 17.994708994708994, 17.994708994708994, 17.989417989417987, 17.994708994708994, 17.994708994708994, 17.989417989417987, 17.984126984126984, 17.994708994708994, 17.994708994708994, 17.989417989417987, 17.978835978835978, 17.973544973544975, 16.989417989417987, 16.989417989417987, 16.989417989417987, 16.984126984126984, 16.984126984126984, 16.984126984126984, 17.0, 16.978835978835978, 16.989417989417987, 16.989417989417987, 16.994708994708994, 17.0, 16.978835978835978, 16.984126984126984, 16.978835978835978, 16.978835978835978, 16.97354497354497, 16.97354497354497, 16.989417989417987, 16.989417989417987, 16.989417989417987, 16.984126984126984, 16.984126984126984, 16.989417989417987, 16.984126984126984, 16.994708994708994, 16.994708994708994, 16.989417989417987, 16.978835978835978, 16.984126984126984, 16.978835978835978, 16.989417989417987, 16.989417989417987, 16.98412698412698, 16.989417989417987, 16.978835978835978, 16.994708994708994, 17.0, 16.994708994708994, 16.994708994708994, 16.994708994708994, 16.994708994708994, 16.989417989417987, 16.994708994708994, 16.978835978835978, 16.984126984126984, 16.978835978835978, 16.994708994708994, 16.994708994708994, 17.0, 17.0, 17.0, 16.994708994708994, 16.994708994708994, 16.994708994708994, 17.0, 17.0, 17.0, 17.0, 17.0, 16.994708994708994, 16.994708994708994, 17.0, 17.0, 17.0, 16.994708994708994, 16.989417989417987, 17.0, 16.994708994708994, 16.994708994708994, 17.0, 17.0, 16.984126984126984, 16.989417989417987, 16.994708994708994, 17.0, 17.0, 16.994708994708994, 16.989417989417987, 16.994708994708994, 16.978835978835978, 16.994708994708994, 16.989417989417987, 16.994708994708994, 16.994708994708994, 16.994708994708994, 16.98412698412698, 16.989417989417987, 17.0, 17.0, 16.989417989417987, 16.989417989417987, 17.0, 17.0, 16.984126984126984, 16.989417989417987, 16.994708994708994, 16.994708994708994, 16.994708994708994, 16.989417989417987, 17.0, 17.0, 17.0, 16.994708994708994, 17.0, 16.994708994708994, 16.989417989417987, 16.984126984126984, 16.978835978835978, 16.989417989417987, 16.994708994708994, 16.989417989417987, 16.994708994708994, 16.994708994708994, 16.989417989417987, 16.984126984126984, 16.989417989417987, 16.97354497354497, 16.97354497354497, 16.96825396825397, 16.978835978835978, 16.984126984126984, 16.984126984126984, 16.994708994708994, 16.989417989417987, 17.0, 17.0, 16.984126984126984, 16.984126984126984, 16.989417989417987, 16.994708994708994, 16.994708994708994, 16.994708994708994, 17.0, 16.994708994708994, 16.994708994708994, 16.984126984126984, 16.994708994708994, 16.978835978835978, 16.994708994708994, 16.989417989417987, 16.984126984126984, 16.978835978835978, 16.989417989417987, 16.994708994708994, 16.994708994708994, 16.984126984126984, 16.984126984126984, 16.994708994708994, 17.0, 17.0, 16.994708994708994, 17.0, 17.0, 16.984126984126984, 17.0, 17.0, 16.989417989417987, 16.994708994708994, 16.994708994708994, 16.994708994708994, 16.994708994708994, 16.994708994708994, 16.994708994708994, 16.994708994708994, 16.994708994708994, 17.0, 16.989417989417987, 16.989417989417987, 16.989417989417987, 17.0, 17.0, 17.0, 16.989417989417987, 16.994708994708994, 17.0, 16.989417989417987, 16.98412698412698, 16.994708994708994, 16.989417989417987, 16.994708994708994, 16.994708994708994, 16.989417989417987, 17.0, 17.0, 17.0, 17.0, 17.0, 17.0, 17.0, 17.0, 16.989417989417987, 16.989417989417987, 16.989417989417987, 16.984126984126984, 16.97354497354497, 16.97354497354497, 16.984126984126984, 16.989417989417987, 16.994708994708994, 16.984126984126984, 16.994708994708994, 16.989417989417987, 16.989417989417987, 16.994708994708994, 17.0, 17.0, 17.0, 17.0, 17.0, 17.0, 16.994708994708994, 16.994708994708994, 16.994708994708994, 16.994708994708994, 16.994708994708994, 16.994708994708994, 16.994708994708994, 16.989417989417987, 17.0, 17.0, 16.994708994708994, 16.989417989417987, 16.994708994708994, 16.989417989417987, 16.978835978835978, 16.973544973544975, 16.984126984126984, 16.989417989417987, 16.989417989417987, 16.994708994708994]",0.9108727780117075,0.9257899550437326,17,"[33, 33, 33, 33, 33, 33, 33, 33, 33, 33, 33, 33, 33, 33, 33, 33, 33, 33, 33, 33, 33, 33, 33, 33, 33, 33, 33, 33, 33, 33, 33, 33, 33, 33, 33, 33, 33, 33, 33, 33, 31, 30, 27, 25, 24, 23, 21, 19, 19, 19, 19, 19, 19, 19, 19, 19, 19, 19, 19, 19, 19, 19, 19, 19, 19, 18, 18, 18, 18, 18, 18, 18, 18, 18, 18, 18, 18, 18, 18, 18, 18, 18, 18, 18, 18, 18, 18, 18, 18, 17, 17, 17, 17, 17, 17, 17, 17, 17, 17, 17, 17, 17, 17, 17, 17, 17, 17, 17, 17, 17, 17, 17, 17, 17, 17, 17, 17, 17, 17, 17, 17, 17, 17, 17, 17, 17, 17, 17, 17, 17, 17, 17, 17, 17, 17, 17, 17, 17, 17, 17, 17, 17, 17, 17, 17, 17, 17, 17, 17, 17, 17, 17, 17, 17, 17, 17, 17, 17, 17, 17, 17, 17, 17, 17, 17, 17, 17, 17, 17, 17, 17, 17, 17, 17, 17, 17, 17, 17, 17, 17, 17, 17, 17, 17, 17, 17, 17, 17, 17, 17, 17, 17, 17, 17, 17, 17, 17, 17, 17, 17, 17, 17, 17, 17, 17, 17, 17, 17, 17, 17, 17, 17, 17, 17, 17, 17, 17, 17, 17, 17, 17, 17, 17, 17, 17, 17, 17, 17, 17, 17, 17, 17, 17, 17, 17, 17, 17, 17, 17, 17, 17, 17, 17, 17, 17, 17, 17, 17, 17, 17, 17, 17, 17, 17, 17, 17, 17, 17, 17, 17, 17, 17, 17, 17, 17, 17, 17, 17, 17, 17, 17, 17, 17, 17, 17, 17, 17, 17, 17, 17, 17, 17, 17, 17, 17, 17, 17, 17, 17, 17, 17, 17, 17, 17, 17, 17, 17, 17, 17, 17, 17, 17, 17, 17, 17, 17, 17, 17, 17, 17, 17, 17, 17, 17, 17, 17, 17, 17, 17, 17]",320,"[0.4750785529613495, 0.41762158274650574, 0.39214932918548584, 0.3787475824356079, 0.3708984851837158, 0.36521774530410767, 0.3604687750339508, 0.3555510342121124, 0.3508527874946594, 0.3459027111530304, 0.34076249599456787, 0.3356286287307739, 0.3305184543132782, 0.3252283036708832, 0.3201146423816681, 0.31492167711257935, 0.3105681538581848, 0.3059738278388977, 0.3016122579574585, 0.29767343401908875, 0.293809175491333, 0.2901839017868042, 0.28705546259880066, 0.28404608368873596, 0.28079941868782043, 0.2780797481536865, 0.27559560537338257, 0.27312394976615906, 0.2709720730781555, 0.269109845161438, 0.2666076719760895, 0.26451951265335083, 0.26214537024497986, 0.2601584196090698, 0.2585129141807556, 0.25646522641181946, 0.25422435998916626, 0.2523549497127533, 0.2507847547531128, 0.24944552779197693, 0.24791821837425232, 0.24528850615024567, 0.24289275705814362, 0.24207563698291779, 0.24013081192970276, 0.23863708972930908, 0.23679251968860626, 0.2405356913805008, 0.23991252481937408, 0.23910513520240784, 0.2379949539899826, 0.2371743768453598, 0.23638907074928284, 0.2352292239665985, 0.23427779972553253, 0.2324291467666626, 0.2314043492078781, 0.23062220215797424, 0.22952154278755188, 0.22973774373531342, 0.22874949872493744, 0.22747421264648438, 0.22644226253032684, 0.2258545160293579, 0.2246250957250595, 0.2225402295589447, 0.22150279581546783, 0.22085626423358917, 0.21994425356388092, 0.2187090367078781, 0.21845756471157074, 0.21729904413223267, 0.2168208509683609, 0.2157856971025467, 0.21524259448051453, 0.21435275673866272, 0.21425828337669373, 0.21326392889022827, 0.21263566613197327, 0.21226203441619873, 0.2114519625902176, 0.21065308153629303, 0.21000881493091583, 0.20985816419124603, 0.2096978724002838, 0.20893192291259766, 0.20778140425682068, 0.2071860432624817, 0.2065276950597763, 0.20585264265537262, 0.20569120347499847, 0.20488113164901733, 0.20457389950752258, 0.20415633916854858, 0.20396049320697784, 0.20341961085796356, 0.20328165590763092, 0.2033933848142624, 0.2023046314716339, 0.20170225203037262, 0.20101895928382874, 0.20030289888381958, 0.19959306716918945, 0.19934701919555664, 0.1993039846420288, 0.19946926832199097, 0.19905075430870056, 0.19826169312000275, 0.19745324552059174, 0.19734355807304382, 0.1967579424381256, 0.1970413625240326, 0.19741064310073853, 0.1969340294599533, 0.1962517350912094, 0.19522586464881897, 0.19518396258354187, 0.19511838257312775, 0.1945580244064331, 0.19390025734901428, 0.1944170445203781, 0.19303447008132935, 0.19244574010372162, 0.19243896007537842, 0.19255149364471436, 0.19198179244995117, 0.19113962352275848, 0.1913112848997116, 0.19046945869922638, 0.19075964391231537, 0.19026196002960205, 0.18949183821678162, 0.18971401453018188, 0.18870414793491364, 0.1893497258424759, 0.18865303695201874, 0.18879032135009766, 0.18833789229393005, 0.18717513978481293, 0.1882103979587555, 0.18782249093055725, 0.1866564154624939, 0.18670523166656494, 0.1861136555671692, 0.18580341339111328, 0.18636421859264374, 0.18586401641368866, 0.18579059839248657, 0.18527935445308685, 0.1849135160446167, 0.184783935546875, 0.1855800300836563, 0.18431049585342407, 0.18363013863563538, 0.1834261268377304, 0.18292275071144104, 0.18307429552078247, 0.18294177949428558, 0.18420860171318054, 0.18244268000125885, 0.1817697137594223, 0.18219093978405, 0.18164771795272827, 0.1810847520828247, 0.18117545545101166, 0.18161526322364807, 0.1809435337781906, 0.1809847205877304, 0.18041735887527466, 0.1807836890220642, 0.18015094101428986, 0.1803426593542099, 0.18009240925312042, 0.18044410645961761, 0.17849446833133698, 0.17809130251407623, 0.17906445264816284, 0.1782815307378769, 0.17900295555591583, 0.1787058413028717, 0.17799849808216095, 0.17777109146118164, 0.1778314709663391, 0.1774555742740631, 0.17724351584911346, 0.17713718116283417, 0.17685672640800476, 0.17716006934642792, 0.17686524987220764, 0.17691732943058014, 0.17647810280323029, 0.17617221176624298, 0.17737983167171478, 0.1758042722940445, 0.17542409896850586, 0.17564494907855988, 0.1754307746887207, 0.17468206584453583, 0.17477232217788696, 0.17447520792484283, 0.17548593878746033, 0.17478494346141815, 0.17477291822433472, 0.17371825873851776, 0.17472033202648163, 0.17432764172554016, 0.17423802614212036, 0.17349666357040405, 0.17348791658878326, 0.17339318990707397, 0.1721062809228897, 0.1732296347618103, 0.17254965007305145, 0.1732332557439804, 0.17237043380737305, 0.1713607907295227, 0.17306466400623322, 0.17095884680747986, 0.1715187281370163, 0.17102554440498352, 0.17159123718738556, 0.1708545684814453, 0.17072424292564392, 0.17163507640361786, 0.1712457686662674, 0.1707284301519394, 0.17040203511714935, 0.17173507809638977, 0.1705697774887085, 0.1702905297279358, 0.1714434027671814, 0.17062824964523315, 0.17064964771270752, 0.17002005875110626, 0.1699250191450119, 0.16927459836006165, 0.16969610750675201, 0.16837731003761292, 0.16869011521339417, 0.16938531398773193, 0.16916345059871674, 0.16876845061779022, 0.16826178133487701, 0.16860800981521606, 0.16890422999858856, 0.16788701713085175, 0.16806283593177795, 0.1687733680009842, 0.1677265167236328, 0.16788192093372345, 0.167589008808136, 0.16752249002456665, 0.16754509508609772, 0.16705970466136932, 0.1672287881374359, 0.16736441850662231, 0.16714292764663696, 0.16619636118412018, 0.16621476411819458, 0.16625595092773438, 0.16677333414554596, 0.16650879383087158, 0.16657520830631256, 0.16624026000499725, 0.1654970943927765, 0.16676540672779083, 0.16596494615077972, 0.1660211980342865, 0.16550672054290771, 0.16537368297576904, 0.16568973660469055, 0.16507616639137268, 0.16576462984085083, 0.16606059670448303, 0.16505926847457886, 0.16594432294368744, 0.16511133313179016, 0.16467133164405823, 0.16470350325107574, 0.16481894254684448, 0.16623380780220032, 0.16492490470409393, 0.1654789000749588, 0.16424764692783356, 0.1640973687171936, 0.16508035361766815, 0.16429653763771057, 0.16492491960525513, 0.16419708728790283, 0.16381891071796417, 0.16352975368499756, 0.16328555345535278, 0.16291435062885284, 0.16397789120674133, 0.16470927000045776, 0.16399742662906647, 0.1633995771408081, 0.1636272668838501, 0.16386012732982635, 0.16344350576400757, 0.16307134926319122, 0.16327163577079773, 0.16206006705760956, 0.16292226314544678, 0.1630336046218872, 0.16302597522735596, 0.16277068853378296, 0.163106307387352, 0.16297389566898346, 0.1628495752811432, 0.16353754699230194, 0.16200581192970276, 0.16302108764648438, 0.16250495612621307, 0.16206613183021545, 0.16201849281787872, 0.16307306289672852, 0.1623798906803131, 0.16210445761680603, 0.1621987372636795]",17.0,"[33.0, 33.0, 33.0, 33.0, 33.0, 33.0, 33.0, 33.0, 33.0, 33.0, 33.0, 33.0, 33.0, 33.0, 33.0, 33.0, 33.0, 33.0, 33.0, 33.0, 33.0, 33.0, 33.0, 33.0, 33.0, 33.0, 33.0, 33.0, 33.0, 33.0, 33.0, 33.0, 33.0, 33.0, 33.0, 33.0, 33.0, 33.0, 33.0, 33.0, 31.0, 30.0, 27.0, 25.0, 24.0, 23.0, 21.0, 19.0, 19.0, 19.0, 19.0, 19.0, 19.0, 19.0, 19.0, 19.0, 19.0, 19.0, 19.0, 19.0, 19.0, 19.0, 19.0, 19.0, 19.0, 18.0, 18.0, 18.0, 18.0, 18.0, 18.0, 18.0, 18.0, 18.0, 18.0, 18.0, 18.0, 18.0, 18.0, 18.0, 18.0, 18.0, 18.0, 18.0, 18.0, 18.0, 18.0, 18.0, 18.0, 17.0, 17.0, 17.0, 17.0, 17.0, 17.0, 17.0, 17.0, 17.0, 17.0, 17.0, 17.0, 17.0, 17.0, 17.0, 17.0, 17.0, 17.0, 17.0, 17.0, 17.0, 17.0, 17.0, 17.0, 17.0, 17.0, 17.0, 17.0, 17.0, 17.0, 17.0, 17.0, 17.0, 17.0, 17.0, 17.0, 17.0, 17.0, 17.0, 17.0, 17.0, 17.0, 17.0, 17.0, 17.0, 17.0, 17.0, 17.0, 17.0, 17.0, 17.0, 17.0, 17.0, 17.0, 17.0, 17.0, 17.0, 17.0, 17.0, 17.0, 17.0, 17.0, 17.0, 17.0, 17.0, 17.0, 17.0, 17.0, 17.0, 17.0, 17.0, 17.0, 17.0, 17.0, 17.0, 17.0, 17.0, 17.0, 17.0, 17.0, 17.0, 17.0, 17.0, 17.0, 17.0, 17.0, 17.0, 17.0, 17.0, 17.0, 17.0, 17.0, 17.0, 17.0, 17.0, 17.0, 17.0, 17.0, 17.0, 17.0, 17.0, 17.0, 17.0, 17.0, 17.0, 17.0, 17.0, 17.0, 17.0, 17.0, 17.0, 17.0, 17.0, 17.0, 17.0, 17.0, 17.0, 17.0, 17.0, 17.0, 17.0, 17.0, 17.0, 17.0, 17.0, 17.0, 17.0, 17.0, 17.0, 17.0, 17.0, 17.0, 17.0, 17.0, 17.0, 17.0, 17.0, 17.0, 17.0, 17.0, 17.0, 17.0, 17.0, 17.0, 17.0, 17.0, 17.0, 17.0, 17.0, 17.0, 17.0, 17.0, 17.0, 17.0, 17.0, 17.0, 17.0, 17.0, 17.0, 17.0, 17.0, 17.0, 17.0, 17.0, 17.0, 17.0, 17.0, 17.0, 17.0, 17.0, 17.0, 17.0, 17.0, 17.0, 17.0, 17.0, 17.0, 17.0, 17.0, 17.0, 17.0, 17.0, 17.0, 17.0, 17.0, 17.0, 17.0, 17.0, 17.0, 17.0, 17.0, 17.0, 17.0, 17.0, 17.0, 17.0, 17.0, 17.0, 17.0, 17.0, 17.0, 17.0, 17.0, 17.0, 17.0, 17.0, 17.0, 17.0, 17.0, 17.0, 17.0, 17.0, 17.0, 17.0, 17.0, 17.0, 17.0, 17.0, 17.0, 17.0, 17.0, 17.0, 17.0, 17.0, 17.0, 17.0, 17.0, 17.0, 17.0, 17.0, 17.0]",COMPLETE
