,number,value,datetime_start,datetime_complete,duration,params_batch_size_scaler,params_constant_learning_rate,params_depth,params_epochs,params_kernel_l2,params_num_trees,params_temperature,user_attrs_accuracy_test,user_attrs_accuracy_valid,user_attrs_approximate_feature_sparsity,user_attrs_approximate_feature_sparsity_history,user_attrs_approximate_weight_sparsity,user_attrs_approximate_weight_sparsity_history,user_attrs_auc_test,user_attrs_auc_valid,user_attrs_feature_sparsity,user_attrs_feature_sparsity_history,user_attrs_num_epochs,user_attrs_val_loss_history,user_attrs_weight_sparsity,user_attrs_weight_sparsity_history,state
49,49,0.580386701188958,2024-08-31 02:35:10.461831,2024-08-31 02:35:19.103744,0 days 00:00:08.641913,64,7.501725344385619,2,135,0.006504116496277064,22,0.01151544594321055,0.155,0.145,5,"[0, 1, 4, 3, 3, 2, 4, 4, 4, 4, 4, 4, 4, 4, 4, 5, 4, 4, 4, 4, 4, 4, 4, 4, 4, 4, 4, 4, 4, 4, 4, 4, 4, 4, 4, 4, 4, 4, 4, 4, 4, 4, 4, 4, 4, 4, 4, 4, 4, 4, 4, 4, 4, 4, 4, 4, 4, 4, 4, 4, 4, 4, 4, 4, 4, 4, 4, 4, 4, 4, 4, 4, 4, 4, 4, 5, 5, 5, 5, 5, 5, 5, 5, 5, 5, 5, 5, 5, 5, 5, 5, 5, 5, 5, 5, 5, 5, 5, 5, 5, 5, 5, 5, 5, 5, 5, 5, 5, 5, 5, 5, 5, 5, 5, 5, 5, 5, 5, 5, 5, 5, 5, 5, 5, 5, 5, 5, 5, 5, 5, 5, 5, 5, 5, 5]",5.0,"[0.0, 1.0, 4.0, 3.0, 3.0, 2.0, 4.0, 4.0, 4.0, 4.0, 4.0, 4.0, 4.0, 4.0, 4.0, 4.984848484848484, 4.0, 4.0, 4.0, 4.0, 4.0, 4.0, 4.0, 4.0, 4.0, 4.0, 4.0, 4.0, 4.0, 3.984848484848485, 4.0, 4.0, 4.0, 4.0, 4.0, 4.0, 4.0, 4.0, 4.0, 4.0, 4.0, 4.0, 4.0, 4.0, 4.0, 4.0, 4.0, 4.0, 4.0, 4.0, 4.0, 4.0, 4.0, 4.0, 4.0, 4.0, 4.0, 4.0, 4.0, 3.984848484848485, 4.0, 4.0, 4.0, 4.0, 4.0, 4.0, 4.0, 4.0, 4.0, 4.0, 4.0, 4.0, 4.0, 4.0, 4.0, 5.0, 5.0, 5.0, 5.0, 5.0, 5.0, 5.0, 5.0, 5.0, 5.0, 5.0, 5.0, 5.0, 4.984848484848484, 5.0, 5.0, 5.0, 5.0, 5.0, 5.0, 5.0, 5.0, 5.0, 5.0, 5.0, 5.0, 5.0, 5.0, 5.0, 5.0, 5.0, 5.0, 4.984848484848484, 5.0, 5.0, 5.0, 5.0, 5.0, 5.0, 5.0, 5.0, 5.0, 5.0, 5.0, 5.0, 5.0, 5.0, 5.0, 5.0, 5.0, 5.0, 5.0, 5.0, 5.0, 5.0, 5.0, 5.0, 5.0, 5.0, 5.0]",0.5893790404478241,0.580386701188958,5,"[0, 1, 4, 3, 3, 2, 4, 4, 4, 4, 4, 4, 4, 4, 4, 5, 4, 4, 4, 4, 4, 4, 4, 4, 4, 4, 4, 4, 4, 4, 4, 4, 4, 4, 4, 4, 4, 4, 4, 4, 4, 4, 4, 4, 4, 4, 4, 4, 4, 4, 4, 4, 4, 4, 4, 4, 4, 4, 4, 4, 4, 4, 4, 4, 4, 4, 4, 4, 4, 4, 4, 4, 4, 4, 4, 5, 5, 5, 5, 5, 5, 5, 5, 5, 5, 5, 5, 5, 5, 5, 5, 5, 5, 5, 5, 5, 5, 5, 5, 5, 5, 5, 5, 5, 5, 5, 5, 5, 5, 5, 5, 5, 5, 5, 5, 5, 5, 5, 5, 5, 5, 5, 5, 5, 5, 5, 5, 5, 5, 5, 5, 5, 5, 5, 5]",135,"[1.337375521659851, 4.6633830070495605, 7.672013759613037, 13.399161338806152, 7.636597156524658, 16.64455795288086, 1.9181545972824097, 12.100476264953613, 26.45630645751953, 4.150294303894043, 16.713224411010742, 6.6482038497924805, 9.766748428344727, 24.68692398071289, 4.07611608505249, 14.877249717712402, 31.038114547729492, 9.115612983703613, 25.698518753051758, 5.479926109313965, 11.446102142333984, 25.449230194091797, 1.0400784015655518, 6.1188883781433105, 13.062799453735352, 31.32525062561035, 6.7389302253723145, 25.97881507873535, 3.046696424484253, 21.73882484436035, 15.103233337402344, 10.522320747375488, 19.605409622192383, 31.639909744262695, 15.04430866241455, 29.905729293823242, 7.481174468994141, 19.491437911987305, 22.078771591186523, 8.571796417236328, 17.24254035949707, 20.471521377563477, 5.7263264656066895, 7.086541175842285, 24.229917526245117, 9.196136474609375, 6.500454902648926, 10.67707633972168, 27.005748748779297, 1.743342638015747, 19.88263702392578, 30.576566696166992, 12.115442276000977, 18.580617904663086, 24.302391052246094, 3.252239465713501, 14.870826721191406, 19.851097106933594, 21.73324203491211, 11.93786334991455, 19.592559814453125, 23.365467071533203, 12.347209930419922, 18.98310661315918, 12.58464241027832, 11.199853897094727, 17.633012771606445, 14.4663724899292, 30.762897491455078, 8.586772918701172, 28.38068199157715, 4.870864391326904, 11.36217975616455, 20.30208969116211, 24.955232620239258, 15.238879203796387, 22.23809242248535, 14.965904235839844, 4.48012638092041, 11.961767196655273, 18.844112396240234, 43.335914611816406, 11.555948257446289, 19.439960479736328, 15.762365341186523, 7.105363368988037, 28.084800720214844, 6.687479019165039, 6.869250297546387, 26.599586486816406, 5.545924663543701, 12.002036094665527, 5.6223554611206055, 1.548543095588684, 19.565399169921875, 22.505918502807617, 15.090282440185547, 21.8663387298584, 10.587440490722656, 4.946807384490967, 12.71052360534668, 30.644432067871094, 10.69140338897705, 15.906264305114746, 33.42148971557617, 11.561453819274902, 18.982772827148438, 14.091007232666016, 5.418699741363525, 12.004985809326172, 29.128185272216797, 7.327545642852783, 7.845739364624023, 16.10147476196289, 25.391246795654297, 4.082589626312256, 13.367718696594238, 29.2141170501709, 6.890914440155029, 18.14200210571289, 11.957839012145996, 5.7343316078186035, 1.3098727464675903, 18.120492935180664, 2.538879632949829, 9.1224946975708, 23.74868392944336, 5.415871620178223, 8.523553848266602, 15.695038795471191, 18.95083999633789, 21.882081985473633, 12.529173851013184, 20.6759090423584, 11.967018127441406]",5.0,"[0.0, 1.0, 4.0, 3.0, 3.0, 2.0, 4.0, 4.0, 4.0, 4.0, 4.0, 4.0, 4.0, 4.0, 4.0, 5.0, 4.0, 4.0, 4.0, 4.0, 4.0, 4.0, 4.0, 4.0, 4.0, 4.0, 4.0, 4.0, 4.0, 4.0, 4.0, 4.0, 4.0, 4.0, 4.0, 4.0, 4.0, 4.0, 4.0, 4.0, 4.0, 4.0, 4.0, 4.0, 4.0, 4.0, 4.0, 4.0, 4.0, 4.0, 4.0, 4.0, 4.0, 4.0, 4.0, 4.0, 4.0, 4.0, 4.0, 4.0, 4.0, 4.0, 4.0, 4.0, 4.0, 4.0, 4.0, 4.0, 4.0, 4.0, 4.0, 4.0, 4.0, 4.0, 4.0, 5.0, 5.0, 5.0, 5.0, 5.0, 5.0, 5.0, 5.0, 5.0, 5.0, 5.0, 5.0, 5.0, 5.0, 5.0, 5.0, 5.0, 5.0, 5.0, 5.0, 5.0, 5.0, 5.0, 5.0, 5.0, 5.0, 5.0, 5.0, 5.0, 5.0, 5.0, 5.0, 5.0, 5.0, 5.0, 5.0, 5.0, 5.0, 5.0, 5.0, 5.0, 5.0, 5.0, 5.0, 5.0, 5.0, 5.0, 5.0, 5.0, 5.0, 5.0, 5.0, 5.0, 5.0, 5.0, 5.0, 5.0, 5.0, 5.0, 5.0]",COMPLETE
