,number,value,datetime_start,datetime_complete,duration,params_batch_size_scaler,params_constant_learning_rate,params_depth,params_epochs,params_kernel_l2,params_num_trees,params_temperature,user_attrs_accuracy_test,user_attrs_accuracy_valid,user_attrs_approximate_feature_sparsity,user_attrs_approximate_feature_sparsity_history,user_attrs_approximate_weight_sparsity,user_attrs_approximate_weight_sparsity_history,user_attrs_auc_test,user_attrs_auc_valid,user_attrs_feature_sparsity,user_attrs_feature_sparsity_history,user_attrs_num_epochs,user_attrs_val_loss_history,user_attrs_weight_sparsity,user_attrs_weight_sparsity_history,state
144,144,0.926434027643596,2024-08-31 06:01:03.265182,2024-08-31 06:04:04.599814,0 days 00:03:01.334632,4,0.09204366988197465,4,350,0.07518307883892447,11,0.0008137045245579912,0.943,0.94875,28,"[33, 33, 33, 33, 33, 33, 33, 33, 33, 33, 33, 33, 33, 33, 33, 33, 33, 33, 33, 33, 33, 33, 33, 33, 33, 33, 33, 33, 33, 33, 33, 33, 33, 33, 33, 33, 33, 33, 33, 33, 33, 33, 33, 33, 33, 33, 33, 33, 33, 33, 33, 33, 33, 33, 33, 33, 33, 33, 33, 33, 33, 33, 33, 33, 33, 33, 33, 33, 33, 33, 33, 33, 33, 33, 33, 33, 33, 33, 33, 33, 33, 33, 33, 33, 33, 33, 33, 33, 33, 33, 33, 33, 33, 33, 33, 33, 33, 33, 33, 33, 33, 33, 33, 33, 33, 33, 33, 33, 33, 33, 33, 33, 33, 33, 33, 33, 33, 33, 33, 33, 33, 33, 33, 33, 33, 33, 33, 32, 32, 32, 32, 32, 32, 32, 32, 32, 32, 32, 32, 31, 31, 31, 31, 31, 31, 30, 30, 30, 30, 29, 29, 29, 29, 29, 29, 29, 29, 29, 29, 29, 29, 29, 29, 29, 29, 29, 29, 29, 29, 29, 29, 29, 29, 28, 28, 28, 28, 28, 28, 28, 28, 28, 28, 28, 28, 28, 28, 28, 28, 28, 28, 28, 28, 28, 28, 28, 28, 28, 28, 28, 28, 28, 28, 28, 28, 28, 28, 28, 28, 28, 28, 28, 28, 28, 28, 28, 28, 28, 28, 28, 28, 28, 28, 28, 28, 28, 28, 28, 28, 28, 28, 28, 28, 28, 28, 28, 28, 28, 28, 28, 28, 28, 28, 28, 28, 28, 28, 28, 28, 28, 28, 28, 28, 28, 28, 28, 28, 28, 28, 28, 28, 28, 28, 28, 28, 28, 28, 28, 28, 28, 28, 28, 28, 28, 28, 28, 28, 28, 28, 28, 28, 28, 28, 28, 28, 28, 28, 28, 28, 28, 28, 28, 28, 28, 28, 28, 28, 28, 28, 28, 28, 28, 28, 28, 28, 28, 28, 28, 28, 28, 28, 28, 28, 28, 28, 28, 28, 28, 28, 28, 28, 28, 28, 28, 28, 28, 28, 28, 28, 28, 28, 28, 28, 28, 28, 28, 28, 28, 28, 28, 28, 28, 28, 28, 28, 28, 28, 28, 28, 28]",27.96969696969697,"[32.96969696969697, 32.987878787878785, 32.99393939393939, 32.981818181818184, 32.97575757575758, 32.99393939393939, 32.96363636363637, 32.981818181818184, 32.987878787878785, 32.99393939393939, 32.97575757575758, 32.987878787878785, 32.99393939393939, 32.987878787878785, 32.97575757575758, 32.97575757575758, 32.987878787878785, 32.987878787878785, 32.981818181818184, 32.987878787878785, 32.96969696969697, 32.97575757575758, 32.981818181818184, 32.981818181818184, 32.987878787878785, 32.97575757575758, 32.96969696969697, 32.981818181818184, 32.97575757575758, 32.95151515151515, 32.96969696969697, 32.96363636363637, 32.981818181818184, 32.96969696969697, 32.96969696969697, 32.981818181818184, 32.97575757575758, 32.987878787878785, 32.96969696969697, 32.987878787878785, 32.987878787878785, 32.96363636363636, 32.96969696969697, 32.96363636363637, 32.981818181818184, 32.981818181818184, 32.95151515151515, 32.96363636363637, 32.97575757575758, 32.981818181818184, 32.981818181818184, 32.987878787878785, 32.96363636363637, 32.97575757575758, 32.981818181818184, 32.981818181818184, 32.987878787878785, 32.987878787878785, 32.97575757575758, 33.0, 32.987878787878785, 32.981818181818184, 32.99393939393939, 32.95757575757575, 32.981818181818184, 32.96363636363637, 32.95151515151515, 32.95757575757576, 32.96969696969697, 32.95757575757576, 32.96363636363636, 32.96969696969697, 32.987878787878785, 32.987878787878785, 32.981818181818184, 32.96363636363637, 32.987878787878785, 32.96363636363637, 32.95757575757576, 32.981818181818184, 32.981818181818184, 32.96969696969697, 32.981818181818184, 32.981818181818184, 32.96969696969697, 32.95757575757575, 32.981818181818184, 32.96969696969697, 32.95757575757576, 32.981818181818184, 32.97575757575758, 32.97575757575758, 32.987878787878785, 32.987878787878785, 32.987878787878785, 32.981818181818184, 32.981818181818184, 32.97575757575758, 32.99393939393939, 32.987878787878785, 32.96969696969697, 32.97575757575758, 32.981818181818184, 32.987878787878785, 32.99393939393939, 33.0, 32.981818181818184, 32.99393939393939, 32.981818181818184, 32.96363636363636, 32.96969696969697, 32.96969696969697, 32.96969696969697, 32.981818181818184, 32.96363636363636, 32.987878787878785, 32.96363636363637, 32.95757575757576, 32.987878787878785, 32.97575757575758, 32.981818181818184, 32.96969696969697, 32.96969696969697, 32.96969696969697, 32.97575757575758, 32.93939393939394, 32.93939393939394, 31.94545454545455, 31.951515151515153, 31.96969696969697, 31.957575757575757, 31.981818181818184, 31.975757575757576, 31.993939393939392, 31.945454545454545, 31.95757575757576, 31.96969696969697, 31.95757575757576, 31.951515151515153, 30.96363636363636, 30.975757575757576, 30.96969696969697, 30.981818181818184, 30.975757575757576, 30.975757575757576, 29.98787878787879, 29.98787878787879, 29.98787878787879, 29.981818181818184, 28.96969696969697, 28.96969696969697, 28.975757575757576, 28.975757575757576, 28.981818181818184, 28.963636363636365, 28.951515151515153, 28.945454545454545, 28.957575757575757, 28.963636363636365, 28.981818181818184, 28.96969696969697, 28.96969696969697, 28.975757575757576, 28.981818181818184, 28.963636363636365, 28.96969696969697, 28.95757575757576, 28.927272727272726, 28.957575757575757, 28.957575757575757, 28.957575757575757, 28.96363636363636, 28.951515151515153, 27.975757575757576, 27.96363636363636, 27.951515151515153, 27.96969696969697, 27.96969696969697, 27.975757575757576, 27.975757575757576, 27.975757575757576, 27.969696969696972, 27.96363636363636, 27.96363636363636, 27.98181818181818, 27.98181818181818, 27.98787878787879, 27.951515151515153, 27.95757575757576, 27.95757575757576, 27.95757575757576, 27.957575757575757, 27.945454545454545, 27.96969696969697, 27.963636363636365, 27.96969696969697, 27.933333333333334, 27.95757575757576, 27.92727272727273, 27.95757575757576, 27.963636363636365, 27.945454545454545, 27.93939393939394, 27.945454545454545, 27.945454545454545, 27.96969696969697, 27.951515151515153, 27.951515151515153, 27.957575757575757, 27.939393939393938, 27.945454545454545, 27.945454545454545, 27.945454545454545, 27.957575757575757, 27.957575757575757, 27.957575757575754, 27.969696969696972, 27.94545454545455, 27.96363636363636, 27.951515151515153, 27.93939393939394, 27.945454545454545, 27.95757575757576, 27.975757575757576, 27.975757575757576, 27.96363636363636, 27.96969696969697, 27.975757575757576, 27.975757575757576, 27.95757575757576, 27.96969696969697, 27.945454545454545, 27.963636363636365, 27.96969696969697, 27.963636363636365, 27.96969696969697, 27.975757575757576, 27.96969696969697, 27.96969696969697, 27.98787878787879, 27.975757575757576, 27.975757575757576, 27.98787878787879, 27.981818181818184, 27.963636363636365, 27.95757575757576, 27.96969696969697, 27.975757575757576, 27.957575757575757, 27.945454545454545, 27.945454545454545, 27.945454545454545, 27.975757575757576, 27.96363636363636, 27.951515151515153, 27.96969696969697, 27.957575757575757, 27.957575757575757, 27.95151515151515, 27.975757575757576, 27.98787878787879, 27.963636363636365, 27.963636363636365, 27.975757575757576, 27.96363636363636, 27.957575757575754, 27.951515151515153, 27.957575757575757, 27.975757575757576, 27.951515151515153, 27.95151515151515, 27.96969696969697, 27.939393939393938, 27.921212121212122, 27.93939393939394, 27.945454545454545, 27.963636363636365, 27.975757575757576, 27.98787878787879, 27.981818181818184, 27.96969696969697, 27.981818181818184, 27.981818181818184, 27.96969696969697, 27.96969696969697, 27.96363636363636, 27.975757575757576, 27.951515151515153, 27.93939393939394, 27.96969696969697, 27.963636363636365, 27.975757575757576, 27.975757575757576, 27.975757575757576, 27.963636363636365, 27.96969696969697, 27.96969696969697, 27.975757575757576, 27.975757575757576, 27.963636363636365, 27.975757575757576, 27.963636363636365, 27.96969696969697, 27.963636363636365, 27.98787878787879, 27.981818181818184, 27.96969696969697, 27.96969696969697, 27.98787878787879, 27.975757575757576, 27.98787878787879, 27.993939393939392, 27.98787878787879, 27.96969696969697, 27.981818181818184, 27.96969696969697, 27.975757575757576, 27.975757575757576, 27.951515151515153, 27.975757575757576, 27.957575757575757, 27.951515151515153, 27.96969696969697, 27.951515151515153, 27.945454545454545, 27.951515151515153, 27.963636363636365, 27.951515151515153, 27.981818181818184, 27.963636363636365, 27.945454545454545, 27.96363636363636, 27.951515151515153, 27.96363636363636, 27.921212121212122, 27.96969696969697, 27.95151515151515, 27.96969696969697, 27.975757575757576, 27.96969696969697, 27.95757575757576, 27.945454545454545, 27.957575757575757, 27.96969696969697, 27.957575757575757, 27.96363636363636, 27.963636363636365, 27.975757575757576, 27.951515151515153, 27.96969696969697]",0.9107984709252884,0.926434027643596,28,"[33, 33, 33, 33, 33, 33, 33, 33, 33, 33, 33, 33, 33, 33, 33, 33, 33, 33, 33, 33, 33, 33, 33, 33, 33, 33, 33, 33, 33, 33, 33, 33, 33, 33, 33, 33, 33, 33, 33, 33, 33, 33, 33, 33, 33, 33, 33, 33, 33, 33, 33, 33, 33, 33, 33, 33, 33, 33, 33, 33, 33, 33, 33, 33, 33, 33, 33, 33, 33, 33, 33, 33, 33, 33, 33, 33, 33, 33, 33, 33, 33, 33, 33, 33, 33, 33, 33, 33, 33, 33, 33, 33, 33, 33, 33, 33, 33, 33, 33, 33, 33, 33, 33, 33, 33, 33, 33, 33, 33, 33, 33, 33, 33, 33, 33, 33, 33, 33, 33, 33, 33, 33, 33, 33, 33, 33, 33, 32, 32, 32, 32, 32, 32, 32, 32, 32, 32, 32, 32, 31, 31, 31, 31, 31, 31, 30, 30, 30, 30, 29, 29, 29, 29, 29, 29, 29, 29, 29, 29, 29, 29, 29, 29, 29, 29, 29, 29, 29, 29, 29, 29, 29, 29, 28, 28, 28, 28, 28, 28, 28, 28, 28, 28, 28, 28, 28, 28, 28, 28, 28, 28, 28, 28, 28, 28, 28, 28, 28, 28, 28, 28, 28, 28, 28, 28, 28, 28, 28, 28, 28, 28, 28, 28, 28, 28, 28, 28, 28, 28, 28, 28, 28, 28, 28, 28, 28, 28, 28, 28, 28, 28, 28, 28, 28, 28, 28, 28, 28, 28, 28, 28, 28, 28, 28, 28, 28, 28, 28, 28, 28, 28, 28, 28, 28, 28, 28, 28, 28, 28, 28, 28, 28, 28, 28, 28, 28, 28, 28, 28, 28, 28, 28, 28, 28, 28, 28, 28, 28, 28, 28, 28, 28, 28, 28, 28, 28, 28, 28, 28, 28, 28, 28, 28, 28, 28, 28, 28, 28, 28, 28, 28, 28, 28, 28, 28, 28, 28, 28, 28, 28, 28, 28, 28, 28, 28, 28, 28, 28, 28, 28, 28, 28, 28, 28, 28, 28, 28, 28, 28, 28, 28, 28, 28, 28, 28, 28, 28, 28, 28, 28, 28, 28, 28, 28, 28, 28, 28, 28, 28, 28]",350,"[0.42853057384490967, 0.4091537594795227, 0.40127745270729065, 0.3959732949733734, 0.39155733585357666, 0.3879127502441406, 0.3848434388637543, 0.3818057179450989, 0.3790190815925598, 0.37664252519607544, 0.3738510012626648, 0.3712947368621826, 0.3688785135746002, 0.366296648979187, 0.36383694410324097, 0.36113739013671875, 0.35836395621299744, 0.355851411819458, 0.35323452949523926, 0.35057127475738525, 0.34780609607696533, 0.3451884984970093, 0.34232157468795776, 0.33973008394241333, 0.3368508815765381, 0.3341822922229767, 0.33149728178977966, 0.3290598392486572, 0.3262780010700226, 0.3239201009273529, 0.32166725397109985, 0.3192031979560852, 0.3169015049934387, 0.31472742557525635, 0.3125235438346863, 0.3103301525115967, 0.3084424138069153, 0.30633842945098877, 0.30444154143333435, 0.30253759026527405, 0.30068910121917725, 0.298998087644577, 0.29728803038597107, 0.2957891523838043, 0.2941707670688629, 0.2926054298877716, 0.2910231947898865, 0.2896222770214081, 0.288203626871109, 0.2868095338344574, 0.28540533781051636, 0.2839500308036804, 0.2829657196998596, 0.2813778221607208, 0.2800246477127075, 0.2785228192806244, 0.2772907018661499, 0.2761451303958893, 0.2748447358608246, 0.27364373207092285, 0.27251145243644714, 0.2715305984020233, 0.2701728343963623, 0.2691136598587036, 0.2679894268512726, 0.2670501470565796, 0.2656853199005127, 0.2644554078578949, 0.26381954550743103, 0.262269526720047, 0.26144856214523315, 0.26114487648010254, 0.2597118020057678, 0.2584593892097473, 0.2574802339076996, 0.2568714916706085, 0.2557450532913208, 0.25541383028030396, 0.25396668910980225, 0.2531638443470001, 0.2524806261062622, 0.2516518533229828, 0.2511465549468994, 0.24952739477157593, 0.24863554537296295, 0.2479051947593689, 0.24776266515254974, 0.24660411477088928, 0.24550680816173553, 0.24485601484775543, 0.24417611956596375, 0.24309001863002777, 0.24236202239990234, 0.24213813245296478, 0.24151578545570374, 0.24094438552856445, 0.23997579514980316, 0.23931708931922913, 0.2390046864748001, 0.23773419857025146, 0.2373073399066925, 0.23738594353199005, 0.2363416850566864, 0.23580580949783325, 0.2352403700351715, 0.23438052833080292, 0.2338780164718628, 0.23360571265220642, 0.23305107653141022, 0.23310130834579468, 0.23240792751312256, 0.23177316784858704, 0.231842041015625, 0.2304467260837555, 0.2296837568283081, 0.22910630702972412, 0.22922851145267487, 0.22849227488040924, 0.22754716873168945, 0.2281125783920288, 0.22710631787776947, 0.22736261785030365, 0.22622716426849365, 0.22612237930297852, 0.2258538454771042, 0.22572216391563416, 0.22537122666835785, 0.2245655208826065, 0.22524170577526093, 0.22441644966602325, 0.22387029230594635, 0.2238042801618576, 0.22306808829307556, 0.22341515123844147, 0.2220948189496994, 0.22295118868350983, 0.2232481986284256, 0.22262443602085114, 0.22101329267024994, 0.22088904678821564, 0.22119520604610443, 0.22083628177642822, 0.22049011290073395, 0.2198665291070938, 0.2201673835515976, 0.2198328822851181, 0.2196694314479828, 0.21962827444076538, 0.21865059435367584, 0.218150794506073, 0.2175014466047287, 0.2188095599412918, 0.21864652633666992, 0.21792568266391754, 0.21771293878555298, 0.21650710701942444, 0.2179141491651535, 0.21648605167865753, 0.21655265986919403, 0.2158990502357483, 0.215744748711586, 0.2152102142572403, 0.21554410457611084, 0.21456767618656158, 0.21535609662532806, 0.2155538946390152, 0.215977743268013, 0.2148546725511551, 0.21419306099414825, 0.21520183980464935, 0.21424533426761627, 0.21461652219295502, 0.21494735777378082, 0.21354809403419495, 0.21252326667308807, 0.21251466870307922, 0.21229040622711182, 0.2120567262172699, 0.21239034831523895, 0.21128329634666443, 0.21173550188541412, 0.21170349419116974, 0.21165327727794647, 0.21102754771709442, 0.21059811115264893, 0.21087676286697388, 0.21051077544689178, 0.209528848528862, 0.21083547174930573, 0.21031084656715393, 0.21094460785388947, 0.21014103293418884, 0.20968063175678253, 0.20965692400932312, 0.20927931368350983, 0.20966945588588715, 0.20947206020355225, 0.2098074108362198, 0.2088766247034073, 0.2090352177619934, 0.20845690369606018, 0.2083364874124527, 0.20797836780548096, 0.20860549807548523, 0.20829316973686218, 0.20821456611156464, 0.2068302035331726, 0.2079416811466217, 0.20774400234222412, 0.20856674015522003, 0.20923390984535217, 0.2106141299009323, 0.20852643251419067, 0.2087891399860382, 0.20776289701461792, 0.20848989486694336, 0.20803116261959076, 0.20696015655994415, 0.2060559093952179, 0.2076537162065506, 0.20740309357643127, 0.2083919197320938, 0.20749227702617645, 0.20725327730178833, 0.20786482095718384, 0.20786048471927643, 0.20848864316940308, 0.20630612969398499, 0.2072732299566269, 0.20604762434959412, 0.20591263473033905, 0.20602117478847504, 0.20672674477100372, 0.20546573400497437, 0.2052154541015625, 0.2052319198846817, 0.2067207396030426, 0.20649342238903046, 0.20699703693389893, 0.2055862843990326, 0.20570695400238037, 0.20599201321601868, 0.20626790821552277, 0.20647183060646057, 0.2042069286108017, 0.20568965375423431, 0.20669837296009064, 0.20749127864837646, 0.2054760605096817, 0.20596231520175934, 0.20414447784423828, 0.2040885090827942, 0.20371486246585846, 0.203245148062706, 0.20438678562641144, 0.20568756759166718, 0.20604950189590454, 0.20646265149116516, 0.20354443788528442, 0.20445559918880463, 0.203338623046875, 0.2044517546892166, 0.20335055887699127, 0.2046642154455185, 0.20495733618736267, 0.20634959638118744, 0.20692850649356842, 0.20519615709781647, 0.20489148795604706, 0.2046332210302353, 0.20578637719154358, 0.20393070578575134, 0.20367297530174255, 0.20458567142486572, 0.20622451603412628, 0.20436449348926544, 0.20360873639583588, 0.20348921418190002, 0.20429617166519165, 0.20347222685813904, 0.20452718436717987, 0.20372357964515686, 0.20301689207553864, 0.20338506996631622, 0.20445162057876587, 0.20509448647499084, 0.20382118225097656, 0.20410189032554626, 0.20355506241321564, 0.20378264784812927, 0.204339861869812, 0.20184597373008728, 0.2022150754928589, 0.2036496102809906, 0.20425748825073242, 0.2035779505968094, 0.20335203409194946, 0.20378509163856506, 0.20456762611865997, 0.2044094055891037, 0.20472435653209686, 0.20234133303165436, 0.20434728264808655, 0.2052767127752304, 0.20387239754199982, 0.20322361588478088, 0.20363160967826843, 0.20221377909183502, 0.20281215012073517, 0.20342300832271576, 0.20272761583328247, 0.20311084389686584, 0.20325279235839844, 0.20568758249282837, 0.2043786495923996, 0.20246510207653046, 0.20230811834335327, 0.20443806052207947, 0.20255032181739807, 0.20285171270370483, 0.20323269069194794, 0.20249852538108826, 0.20322495698928833, 0.2038888931274414, 0.20344728231430054, 0.20306704938411713, 0.20238979160785675, 0.20305266976356506, 0.20219208300113678, 0.20248183608055115, 0.20447412133216858, 0.2033466100692749, 0.2034839689731598, 0.20315028727054596, 0.20182448625564575, 0.2031382918357849, 0.20216265320777893, 0.20114320516586304, 0.20253288745880127, 0.20104244351387024, 0.20210832357406616, 0.20278233289718628, 0.20209872722625732, 0.20325937867164612, 0.20183195173740387, 0.20245565474033356, 0.20231372117996216, 0.20208725333213806, 0.20349545776844025, 0.20287364721298218]",28.0,"[33.0, 33.0, 33.0, 33.0, 33.0, 33.0, 33.0, 33.0, 33.0, 33.0, 33.0, 33.0, 33.0, 33.0, 33.0, 33.0, 33.0, 33.0, 33.0, 33.0, 33.0, 33.0, 33.0, 33.0, 33.0, 33.0, 33.0, 33.0, 33.0, 33.0, 33.0, 33.0, 33.0, 33.0, 33.0, 33.0, 33.0, 33.0, 33.0, 33.0, 33.0, 33.0, 33.0, 33.0, 33.0, 33.0, 33.0, 33.0, 33.0, 33.0, 33.0, 33.0, 33.0, 33.0, 33.0, 33.0, 33.0, 33.0, 33.0, 33.0, 33.0, 33.0, 33.0, 33.0, 33.0, 33.0, 33.0, 33.0, 33.0, 33.0, 33.0, 33.0, 33.0, 33.0, 33.0, 33.0, 33.0, 33.0, 33.0, 33.0, 33.0, 33.0, 33.0, 33.0, 33.0, 33.0, 33.0, 33.0, 33.0, 33.0, 33.0, 33.0, 33.0, 33.0, 33.0, 33.0, 33.0, 33.0, 33.0, 33.0, 33.0, 33.0, 33.0, 33.0, 33.0, 33.0, 33.0, 33.0, 33.0, 33.0, 33.0, 33.0, 33.0, 33.0, 33.0, 33.0, 33.0, 33.0, 33.0, 33.0, 33.0, 33.0, 33.0, 33.0, 33.0, 33.0, 33.0, 32.0, 32.0, 32.0, 32.0, 32.0, 32.0, 32.0, 32.0, 32.0, 32.0, 32.0, 32.0, 31.0, 31.0, 31.0, 31.0, 31.0, 31.0, 30.0, 30.0, 30.0, 30.0, 29.0, 29.0, 29.0, 29.0, 29.0, 29.0, 29.0, 29.0, 29.0, 29.0, 29.0, 29.0, 29.0, 29.0, 29.0, 29.0, 29.0, 29.0, 29.0, 29.0, 29.0, 29.0, 29.0, 29.0, 28.0, 28.0, 28.0, 28.0, 28.0, 28.0, 28.0, 28.0, 28.0, 28.0, 28.0, 28.0, 28.0, 28.0, 28.0, 28.0, 28.0, 28.0, 28.0, 28.0, 28.0, 28.0, 28.0, 28.0, 28.0, 28.0, 28.0, 28.0, 28.0, 28.0, 28.0, 28.0, 28.0, 28.0, 28.0, 28.0, 28.0, 28.0, 28.0, 28.0, 28.0, 28.0, 28.0, 28.0, 28.0, 28.0, 28.0, 28.0, 28.0, 28.0, 28.0, 28.0, 28.0, 28.0, 28.0, 28.0, 28.0, 28.0, 28.0, 28.0, 28.0, 28.0, 28.0, 28.0, 28.0, 28.0, 28.0, 28.0, 28.0, 28.0, 28.0, 28.0, 28.0, 28.0, 28.0, 28.0, 28.0, 28.0, 28.0, 28.0, 28.0, 28.0, 28.0, 28.0, 28.0, 28.0, 28.0, 28.0, 28.0, 28.0, 28.0, 28.0, 28.0, 28.0, 28.0, 28.0, 28.0, 28.0, 28.0, 28.0, 28.0, 28.0, 28.0, 28.0, 28.0, 28.0, 28.0, 28.0, 28.0, 28.0, 28.0, 28.0, 28.0, 28.0, 28.0, 28.0, 28.0, 28.0, 28.0, 28.0, 28.0, 28.0, 28.0, 28.0, 28.0, 28.0, 28.0, 28.0, 28.0, 28.0, 28.0, 28.0, 28.0, 28.0, 28.0, 28.0, 28.0, 28.0, 28.0, 28.0, 28.0, 28.0, 28.0, 28.0, 28.0, 28.0, 28.0, 28.0, 28.0, 28.0, 28.0, 28.0, 28.0, 28.0, 28.0, 28.0, 28.0, 28.0, 28.0, 28.0, 28.0, 28.0, 28.0, 28.0, 28.0, 28.0, 28.0, 28.0, 28.0, 28.0, 28.0, 28.0, 28.0, 28.0, 28.0, 28.0, 28.0]",COMPLETE
