,number,value,datetime_start,datetime_complete,duration,params_batch_size_scaler,params_constant_learning_rate,params_depth,params_epochs,params_kernel_l2,params_num_trees,params_temperature,user_attrs_accuracy_test,user_attrs_accuracy_valid,user_attrs_approximate_feature_sparsity,user_attrs_approximate_feature_sparsity_history,user_attrs_approximate_weight_sparsity,user_attrs_approximate_weight_sparsity_history,user_attrs_auc_test,user_attrs_auc_valid,user_attrs_feature_sparsity,user_attrs_feature_sparsity_history,user_attrs_num_epochs,user_attrs_val_loss_history,user_attrs_weight_sparsity,user_attrs_weight_sparsity_history,state
94,94,0.45188777679019976,2024-08-31 04:14:36.198615,2024-08-31 04:15:36.500609,0 days 00:01:00.301994,16,4.373777362711496,2,335,0.34746566799397294,82,0.009077708286302853,0.146,0.14,3,"[5, 5, 6, 5, 4, 5, 3, 2, 3, 3, 3, 3, 4, 4, 3, 3, 3, 3, 4, 3, 3, 2, 3, 3, 3, 3, 3, 3, 4, 4, 3, 3, 3, 3, 3, 2, 2, 2, 2, 3, 3, 3, 3, 2, 2, 3, 3, 3, 2, 3, 3, 3, 3, 2, 3, 3, 3, 3, 3, 3, 3, 3, 3, 2, 3, 2, 2, 3, 3, 2, 2, 3, 3, 2, 3, 3, 3, 2, 2, 3, 3, 3, 3, 3, 2, 3, 3, 3, 3, 3, 3, 3, 1, 2, 3, 3, 3, 3, 3, 3, 3, 2, 3, 3, 3, 3, 3, 2, 3, 3, 3, 6, 5, 5, 2, 3, 3, 3, 1, 3, 2, 2, 3, 4, 2, 3, 3, 3, 3, 2, 2, 1, 2, 3, 2, 3, 3, 3, 3, 3, 3, 3, 3, 3, 3, 3, 3, 3, 3, 3, 3, 1, 3, 3, 3, 2, 2, 3, 3, 2, 3, 3, 3, 2, 2, 2, 3, 3, 2, 3, 3, 3, 3, 3, 3, 2, 2, 2, 3, 2, 3, 3, 3, 3, 2, 3, 3, 3, 3, 3, 2, 2, 2, 3, 3, 2, 3, 3, 3, 3, 2, 3, 2, 2, 3, 3, 2, 3, 3, 3, 2, 2, 2, 1, 2, 3, 3, 3, 3, 3, 2, 3, 3, 3, 2, 2, 2, 3, 4, 4, 3, 3, 3, 3, 3, 3, 3, 3, 3, 3, 2, 3, 3, 3, 3, 2, 2, 3, 3, 4, 3, 3, 3, 2, 3, 3, 3, 2, 4, 4, 4, 3, 2, 5, 3, 3, 3, 3, 3, 2, 2, 2, 3, 3, 2, 3, 3, 3, 2, 3, 3, 3, 3, 3, 3, 3, 3, 3, 3, 2, 2, 3, 3, 3, 3, 3, 3, 3, 3, 3, 2, 3, 3, 3, 3, 3, 2, 2, 3, 3, 3, 1, 3, 3, 2, 2, 3, 3, 3, 3, 2, 3, 3, 3, 3, 1, 3, 2, 3, 3, 3, 2, 3, 3, 3]",3.0,"[5.0, 5.0, 6.0, 5.0, 4.0, 4.995934959349594, 3.0, 2.0, 2.991869918699187, 3.0, 2.9959349593495936, 3.0, 3.9959349593495936, 4.0, 3.0, 3.0, 2.9959349593495936, 3.0, 4.0, 3.0, 3.0, 2.0, 2.9959349593495936, 2.9959349593495936, 2.9959349593495936, 2.9959349593495936, 3.0, 2.9959349593495936, 4.0, 4.0, 3.0, 3.0, 3.0, 3.0, 3.0, 2.0, 2.0, 2.0, 2.0, 2.9959349593495936, 3.0, 3.0, 3.0, 2.0, 2.0, 2.9959349593495936, 3.0, 2.9959349593495936, 2.0, 3.0, 3.0, 3.0, 3.0, 1.9959349593495936, 3.0, 3.0, 2.9918699186991873, 3.0, 3.0, 3.0, 3.0, 3.0, 3.0, 2.0, 2.9959349593495936, 2.0, 2.0, 3.0, 3.0, 2.0, 2.0, 2.991869918699187, 2.9959349593495936, 2.0, 3.0, 3.0, 3.0, 2.0, 2.0, 3.0, 3.0, 3.0, 3.0, 3.0, 1.9959349593495936, 3.0, 3.0, 3.0, 3.0, 2.9959349593495936, 3.0, 3.0, 1.0, 2.0, 2.9959349593495936, 2.9959349593495936, 2.9959349593495936, 3.0, 3.0, 3.0, 2.9959349593495936, 2.0, 2.9959349593495936, 3.0, 3.0, 3.0, 3.0, 2.0, 3.0, 3.0, 3.0, 5.995934959349594, 5.0, 5.0, 2.0, 3.0, 3.0, 2.9959349593495936, 1.0, 3.0, 2.0, 2.0, 3.0, 4.0, 1.9959349593495936, 2.9959349593495936, 3.0, 3.0, 3.0, 2.0, 2.0, 1.0, 2.0, 3.0, 2.0, 3.0, 3.0, 3.0, 2.9959349593495936, 3.0, 3.0, 3.0, 3.0, 3.0, 3.0, 3.0, 3.0, 3.0, 3.0, 3.0, 3.0, 1.0, 3.0, 2.9959349593495936, 3.0, 2.0, 2.0, 3.0, 3.0, 2.0, 3.0, 3.0, 3.0, 2.0, 2.0, 2.0, 3.0, 3.0, 2.0, 2.9959349593495936, 3.0, 2.9959349593495936, 3.0, 3.0, 2.9878048780487805, 2.0, 2.0, 2.0, 2.9959349593495936, 2.0, 3.0, 3.0, 3.0, 2.9959349593495936, 2.0, 3.0, 3.0, 3.0, 3.0, 3.0, 2.0, 2.0, 2.0, 3.0, 2.9959349593495936, 2.0, 3.0, 2.9959349593495936, 3.0, 2.9959349593495936, 2.0, 3.0, 2.0, 1.9959349593495936, 3.0, 3.0, 2.0, 3.0, 3.0, 3.0, 2.0, 2.0, 2.0, 1.0, 1.9959349593495936, 3.0, 3.0, 3.0, 2.9959349593495936, 3.0, 2.0, 2.9959349593495936, 3.0, 3.0, 2.0, 2.0, 2.0, 2.9959349593495936, 4.0, 4.0, 3.0, 3.0, 3.0, 3.0, 3.0, 2.9959349593495936, 3.0, 3.0, 2.9959349593495936, 3.0, 2.0, 3.0, 3.0, 3.0, 3.0, 2.0, 2.0, 3.0, 3.0, 4.0, 3.0, 3.0, 3.0, 2.0, 3.0, 3.0, 3.0, 2.0, 3.9959349593495936, 4.0, 4.0, 3.0, 2.0, 4.995934959349594, 3.0, 3.0, 3.0, 3.0, 3.0, 2.0, 2.0, 2.0, 3.0, 3.0, 2.0, 2.9959349593495936, 3.0, 3.0, 2.0, 3.0, 3.0, 3.0, 3.0, 3.0, 2.9959349593495936, 3.0, 3.0, 2.9918699186991873, 3.0, 1.9959349593495936, 2.0, 3.0, 3.0, 3.0, 3.0, 3.0, 3.0, 3.0, 3.0, 3.0, 2.0, 3.0, 3.0, 3.0, 2.9959349593495936, 3.0, 2.0, 2.0, 2.9959349593495936, 3.0, 2.9959349593495936, 1.0, 3.0, 3.0, 2.0, 2.0, 2.9959349593495936, 3.0, 3.0, 3.0, 2.0, 3.0, 3.0, 3.0, 3.0, 1.0, 3.0, 2.0, 3.0, 3.0, 3.0, 2.0, 3.0, 3.0, 3.0]",0.4834996986434829,0.45188777679019976,3,"[5, 5, 6, 5, 4, 5, 3, 2, 3, 3, 3, 3, 4, 4, 3, 3, 3, 3, 4, 3, 3, 2, 3, 3, 3, 3, 3, 3, 4, 4, 3, 3, 3, 3, 3, 2, 2, 2, 2, 3, 3, 3, 3, 2, 2, 3, 3, 3, 2, 3, 3, 3, 3, 2, 3, 3, 3, 3, 3, 3, 3, 3, 3, 2, 3, 2, 2, 3, 3, 2, 2, 3, 3, 2, 3, 3, 3, 2, 2, 3, 3, 3, 3, 3, 2, 3, 3, 3, 3, 3, 3, 3, 1, 2, 3, 3, 3, 3, 3, 3, 3, 2, 3, 3, 3, 3, 3, 2, 3, 3, 3, 6, 5, 5, 2, 3, 3, 3, 1, 3, 2, 2, 3, 4, 2, 3, 3, 3, 3, 2, 2, 1, 2, 3, 2, 3, 3, 3, 3, 3, 3, 3, 3, 3, 3, 3, 3, 3, 3, 3, 3, 1, 3, 3, 3, 2, 2, 3, 3, 2, 3, 3, 3, 2, 2, 2, 3, 3, 2, 3, 3, 3, 3, 3, 3, 2, 2, 2, 3, 2, 3, 3, 3, 3, 2, 3, 3, 3, 3, 3, 2, 2, 2, 3, 3, 2, 3, 3, 3, 3, 2, 3, 2, 2, 3, 3, 2, 3, 3, 3, 2, 2, 2, 1, 2, 3, 3, 3, 3, 3, 2, 3, 3, 3, 2, 2, 2, 3, 4, 4, 3, 3, 3, 3, 3, 3, 3, 3, 3, 3, 2, 3, 3, 3, 3, 2, 2, 3, 3, 4, 3, 3, 3, 2, 3, 3, 3, 2, 4, 4, 4, 3, 2, 5, 3, 3, 3, 3, 3, 2, 2, 2, 3, 3, 2, 3, 3, 3, 2, 3, 3, 3, 3, 3, 3, 3, 3, 3, 3, 2, 2, 3, 3, 3, 3, 3, 3, 3, 3, 3, 2, 3, 3, 3, 3, 3, 2, 2, 3, 3, 3, 1, 3, 3, 2, 2, 3, 3, 3, 3, 2, 3, 3, 3, 3, 1, 3, 2, 3, 3, 3, 2, 3, 3, 3]",335,"[17.049793243408203, 5.992105007171631, 17.230134963989258, 7.691366672515869, 1.542113184928894, 3.330479621887207, 5.573519229888916, 13.518455505371094, 8.509088516235352, 2.185236692428589, 4.119227409362793, 17.006567001342773, 10.479394912719727, 3.659181594848633, 13.592083930969238, 23.872817993164062, 19.690120697021484, 6.305781841278076, 22.878957748413086, 22.98318099975586, 14.792158126831055, 1.8221640586853027, 24.47408676147461, 8.405887603759766, 10.519405364990234, 10.609959602355957, 3.929490566253662, 8.061363220214844, 4.207862377166748, 25.957551956176758, 4.226046085357666, 24.093017578125, 12.477224349975586, 10.933165550231934, 39.644386291503906, 17.947959899902344, 15.747000694274902, 15.023612976074219, 3.8835644721984863, 5.800283908843994, 7.544061660766602, 17.51519203186035, 28.77032470703125, 20.361553192138672, 3.1108922958374023, 39.5595817565918, 27.739931106567383, 24.642271041870117, 20.49279022216797, 22.283430099487305, 27.33441734313965, 10.860323905944824, 9.470466613769531, 22.638221740722656, 23.8343448638916, 18.519556045532227, 20.890830993652344, 15.36522102355957, 2.5560572147369385, 16.876981735229492, 11.294795989990234, 29.029787063598633, 21.49408721923828, 1.920770525932312, 5.847614288330078, 31.650053024291992, 15.065978050231934, 4.869781017303467, 23.439363479614258, 31.92188262939453, 13.409460067749023, 10.315829277038574, 3.5233449935913086, 16.17995834350586, 18.410852432250977, 19.681766510009766, 13.720752716064453, 6.809840202331543, 17.929550170898438, 32.119686126708984, 28.743003845214844, 18.861303329467773, 35.07542419433594, 3.427107334136963, 22.91632652282715, 20.909852981567383, 19.25865364074707, 26.13756561279297, 21.329469680786133, 14.997515678405762, 10.682392120361328, 13.963549613952637, 30.990314483642578, 20.721548080444336, 17.927963256835938, 20.8049373626709, 14.494709014892578, 7.142960071563721, 4.253741264343262, 12.08294677734375, 36.504310607910156, 27.034902572631836, 23.255552291870117, 18.95867919921875, 35.69725036621094, 34.568546295166016, 28.621488571166992, 26.1329345703125, 21.471210479736328, 15.775912284851074, 25.052169799804688, 37.16902160644531, 28.242237091064453, 23.380939483642578, 16.403379440307617, 35.96628189086914, 31.84235191345215, 8.185807228088379, 2.8014328479766846, 27.044677734375, 9.668946266174316, 19.315702438354492, 36.919960021972656, 31.874170303344727, 17.632976531982422, 20.031492233276367, 27.366361618041992, 24.71115493774414, 29.757917404174805, 21.926345825195312, 12.684911727905273, 5.959239959716797, 22.266653060913086, 22.609167098999023, 13.071269989013672, 33.761016845703125, 13.240909576416016, 6.5004353523254395, 17.902711868286133, 35.45158004760742, 39.82970428466797, 33.198570251464844, 8.136716842651367, 33.32649230957031, 11.116632461547852, 35.27024841308594, 2.508338451385498, 34.36537551879883, 30.988872528076172, 34.99541091918945, 27.354206085205078, 18.79082489013672, 1.833001971244812, 7.594483852386475, 6.649290561676025, 31.33869171142578, 24.724470138549805, 19.242168426513672, 13.52035903930664, 7.631803035736084, 27.232908248901367, 12.637838363647461, 13.036821365356445, 20.384206771850586, 9.095584869384766, 9.913786888122559, 32.7626953125, 22.90837860107422, 18.010730743408203, 3.3647255897521973, 4.347020149230957, 22.567609786987305, 9.424047470092773, 22.913766860961914, 22.461841583251953, 14.514749526977539, 17.396116256713867, 29.209440231323242, 22.9440860748291, 25.141313552856445, 22.872617721557617, 23.12387466430664, 17.149471282958984, 9.644341468811035, 4.794701099395752, 13.007362365722656, 7.8968505859375, 5.0839338302612305, 24.71621322631836, 18.121662139892578, 21.768226623535156, 6.246850967407227, 26.232959747314453, 26.4191951751709, 21.34774398803711, 12.718008995056152, 7.59732723236084, 3.1249289512634277, 17.495080947875977, 14.007681846618652, 7.1088714599609375, 23.430011749267578, 31.873937606811523, 33.61817169189453, 35.219390869140625, 9.783954620361328, 20.802335739135742, 22.10637664794922, 9.837166786193848, 14.200845718383789, 7.995941162109375, 8.339187622070312, 22.140832901000977, 14.233575820922852, 16.4461612701416, 27.567001342773438, 25.984529495239258, 15.549293518066406, 16.19793128967285, 7.588989734649658, 28.135663986206055, 29.01424789428711, 32.01416015625, 11.988931655883789, 7.031316757202148, 8.336077690124512, 36.07222366333008, 35.3696174621582, 38.061302185058594, 18.61941146850586, 24.95154571533203, 14.288969993591309, 16.481525421142578, 10.142054557800293, 27.050365447998047, 22.876853942871094, 36.830055236816406, 30.367204666137695, 34.819393157958984, 30.297391891479492, 15.248226165771484, 24.736770629882812, 3.9174721240997314, 15.765589714050293, 29.19791030883789, 22.78118324279785, 12.708077430725098, 8.653396606445312, 69.124755859375, 2.990210771560669, 34.262229919433594, 26.28531265258789, 20.241636276245117, 13.553964614868164, 4.338860034942627, 22.82726287841797, 38.28401184082031, 36.360130310058594, 39.141292572021484, 31.420005798339844, 33.278045654296875, 25.44843101501465, 36.516361236572266, 40.63241195678711, 10.804224014282227, 28.49258804321289, 23.247465133666992, 13.504044532775879, 6.365797519683838, 34.49262619018555, 28.02169418334961, 30.798398971557617, 19.531566619873047, 3.6089208126068115, 27.466760635375977, 1.969322681427002, 4.608222484588623, 26.010784149169922, 26.652114868164062, 18.890914916992188, 18.115243911743164, 7.92097282409668, 9.57817554473877, 34.459781646728516, 30.016834259033203, 4.512880802154541, 3.228891372680664, 26.072551727294922, 22.394512176513672, 17.178001403808594, 9.842933654785156, 24.004127502441406, 21.226673126220703, 10.879246711730957, 9.320867538452148, 6.685344696044922, 4.606117248535156, 17.815425872802734, 13.975224494934082, 5.070890426635742, 9.960511207580566, 9.633695602416992, 34.137882232666016, 5.109236240386963, 23.974136352539062, 13.593409538269043, 16.920717239379883, 6.341994762420654, 19.640710830688477, 12.42005729675293, 21.47446060180664, 11.928380012512207, 7.886756420135498, 10.275958061218262, 7.0083746910095215, 25.444202423095703, 24.36648178100586, 21.143932342529297, 14.84084701538086, 29.356290817260742, 7.901517868041992, 35.48976135253906, 30.349027633666992, 27.762548446655273, 20.496992111206055, 13.447973251342773, 12.546463966369629, 6.17820930480957, 6.7848591804504395, 4.95528507232666, 34.98130416870117, 30.659828186035156, 3.5342657566070557, 16.64104461669922, 33.52083206176758]",3.0,"[5.0, 5.0, 6.0, 5.0, 4.0, 5.0, 3.0, 2.0, 3.0, 3.0, 3.0, 3.0, 4.0, 4.0, 3.0, 3.0, 3.0, 3.0, 4.0, 3.0, 3.0, 2.0, 3.0, 3.0, 3.0, 3.0, 3.0, 3.0, 4.0, 4.0, 3.0, 3.0, 3.0, 3.0, 3.0, 2.0, 2.0, 2.0, 2.0, 3.0, 3.0, 3.0, 3.0, 2.0, 2.0, 3.0, 3.0, 3.0, 2.0, 3.0, 3.0, 3.0, 3.0, 2.0, 3.0, 3.0, 3.0, 3.0, 3.0, 3.0, 3.0, 3.0, 3.0, 2.0, 3.0, 2.0, 2.0, 3.0, 3.0, 2.0, 2.0, 3.0, 3.0, 2.0, 3.0, 3.0, 3.0, 2.0, 2.0, 3.0, 3.0, 3.0, 3.0, 3.0, 2.0, 3.0, 3.0, 3.0, 3.0, 3.0, 3.0, 3.0, 1.0, 2.0, 3.0, 3.0, 3.0, 3.0, 3.0, 3.0, 3.0, 2.0, 3.0, 3.0, 3.0, 3.0, 3.0, 2.0, 3.0, 3.0, 3.0, 6.0, 5.0, 5.0, 2.0, 3.0, 3.0, 3.0, 1.0, 3.0, 2.0, 2.0, 3.0, 4.0, 2.0, 3.0, 3.0, 3.0, 3.0, 2.0, 2.0, 1.0, 2.0, 3.0, 2.0, 3.0, 3.0, 3.0, 3.0, 3.0, 3.0, 3.0, 3.0, 3.0, 3.0, 3.0, 3.0, 3.0, 3.0, 3.0, 3.0, 1.0, 3.0, 3.0, 3.0, 2.0, 2.0, 3.0, 3.0, 2.0, 3.0, 3.0, 3.0, 2.0, 2.0, 2.0, 3.0, 3.0, 2.0, 3.0, 3.0, 3.0, 3.0, 3.0, 3.0, 2.0, 2.0, 2.0, 3.0, 2.0, 3.0, 3.0, 3.0, 3.0, 2.0, 3.0, 3.0, 3.0, 3.0, 3.0, 2.0, 2.0, 2.0, 3.0, 3.0, 2.0, 3.0, 3.0, 3.0, 3.0, 2.0, 3.0, 2.0, 2.0, 3.0, 3.0, 2.0, 3.0, 3.0, 3.0, 2.0, 2.0, 2.0, 1.0, 2.0, 3.0, 3.0, 3.0, 3.0, 3.0, 2.0, 3.0, 3.0, 3.0, 2.0, 2.0, 2.0, 3.0, 4.0, 4.0, 3.0, 3.0, 3.0, 3.0, 3.0, 3.0, 3.0, 3.0, 3.0, 3.0, 2.0, 3.0, 3.0, 3.0, 3.0, 2.0, 2.0, 3.0, 3.0, 4.0, 3.0, 3.0, 3.0, 2.0, 3.0, 3.0, 3.0, 2.0, 4.0, 4.0, 4.0, 3.0, 2.0, 5.0, 3.0, 3.0, 3.0, 3.0, 3.0, 2.0, 2.0, 2.0, 3.0, 3.0, 2.0, 3.0, 3.0, 3.0, 2.0, 3.0, 3.0, 3.0, 3.0, 3.0, 3.0, 3.0, 3.0, 3.0, 3.0, 2.0, 2.0, 3.0, 3.0, 3.0, 3.0, 3.0, 3.0, 3.0, 3.0, 3.0, 2.0, 3.0, 3.0, 3.0, 3.0, 3.0, 2.0, 2.0, 3.0, 3.0, 3.0, 1.0, 3.0, 3.0, 2.0, 2.0, 3.0, 3.0, 3.0, 3.0, 2.0, 3.0, 3.0, 3.0, 3.0, 1.0, 3.0, 2.0, 3.0, 3.0, 3.0, 2.0, 3.0, 3.0, 3.0]",COMPLETE
