,number,value,datetime_start,datetime_complete,duration,params_batch_size_scaler,params_constant_learning_rate,params_depth,params_epochs,params_kernel_l2,params_num_trees,params_temperature,user_attrs_accuracy_test,user_attrs_accuracy_valid,user_attrs_approximate_feature_sparsity,user_attrs_approximate_feature_sparsity_history,user_attrs_approximate_weight_sparsity,user_attrs_approximate_weight_sparsity_history,user_attrs_auc_test,user_attrs_auc_valid,user_attrs_feature_sparsity,user_attrs_feature_sparsity_history,user_attrs_num_epochs,user_attrs_val_loss_history,user_attrs_weight_sparsity,user_attrs_weight_sparsity_history,state
44,44,0.5,2024-08-31 02:20:44.711159,2024-08-31 02:20:50.953405,0 days 00:00:06.242246,64,0.18691958593980784,1,75,0.905283745250722,55,0.004047454372732954,0.859,0.85875,0,"[33, 33, 33, 33, 33, 33, 33, 33, 33, 33, 33, 33, 33, 33, 33, 33, 33, 33, 33, 33, 33, 31, 26, 22, 18, 10, 2, 0, 0, 0, 0, 0, 0, 0, 0, 0, 0, 0, 0, 0, 0, 0, 0, 0, 0, 0, 0, 0, 0, 0, 0, 0, 0, 0, 0, 0, 0, 0, 0, 0, 0, 0, 0, 0, 0, 0, 0, 0, 0, 0, 0, 0, 0, 0, 0]",0.0,"[33.0, 33.0, 32.981818181818184, 33.0, 32.981818181818184, 32.981818181818184, 32.96363636363637, 33.0, 32.981818181818184, 32.96363636363637, 33.0, 32.981818181818184, 32.981818181818184, 32.981818181818184, 32.981818181818184, 32.981818181818184, 32.981818181818184, 32.96363636363637, 32.945454545454545, 32.96363636363637, 32.96363636363637, 31.0, 25.981818181818184, 22.0, 18.0, 9.963636363636365, 2.0, 0.0, 0.0, 0.0, 0.0, 0.0, 0.0, 0.0, 0.0, 0.0, 0.0, 0.0, 0.0, 0.0, 0.0, 0.0, 0.0, 0.0, 0.0, 0.0, 0.0, 0.0, 0.0, 0.0, 0.0, 0.0, 0.0, 0.0, 0.0, 0.0, 0.0, 0.0, 0.0, 0.0, 0.0, 0.0, 0.0, 0.0, 0.0, 0.0, 0.0, 0.0, 0.0, 0.0, 0.0, 0.0, 0.0, 0.0, 0.0]",0.5,0.5,0,"[33, 33, 33, 33, 33, 33, 33, 33, 33, 33, 33, 33, 33, 33, 33, 33, 33, 33, 33, 33, 33, 31, 26, 22, 18, 10, 2, 0, 0, 0, 0, 0, 0, 0, 0, 0, 0, 0, 0, 0, 0, 0, 0, 0, 0, 0, 0, 0, 0, 0, 0, 0, 0, 0, 0, 0, 0, 0, 0, 0, 0, 0, 0, 0, 0, 0, 0, 0, 0, 0, 0, 0, 0, 0, 0]",75,"[1.029407024383545, 0.9919705390930176, 0.9713680744171143, 0.9438824653625488, 0.901618480682373, 0.8789585828781128, 0.8518102169036865, 0.8270707130432129, 0.8068875074386597, 0.7836360931396484, 0.7633184194564819, 0.7507002353668213, 0.7351012229919434, 0.7153524160385132, 0.6950216889381409, 0.6787898540496826, 0.6618272662162781, 0.648393452167511, 0.6343327164649963, 0.621026337146759, 0.6090840101242065, 0.5878880620002747, 0.5614365339279175, 0.5247415900230408, 0.4996930658817291, 0.45475172996520996, 0.4192863702774048, 0.4152999222278595, 0.41537055373191833, 0.4103371798992157, 0.41145265102386475, 0.4105645716190338, 0.4072277843952179, 0.40768784284591675, 0.4114392101764679, 0.41242560744285583, 0.4103708267211914, 0.42351678013801575, 0.4159896969795227, 0.40722763538360596, 0.42000702023506165, 0.41147884726524353, 0.4072851538658142, 0.4289890229701996, 0.40738579630851746, 0.4279869794845581, 0.40802139043807983, 0.4085279703140259, 0.40962502360343933, 0.4164202809333801, 0.4140203893184662, 0.40722930431365967, 0.4077240228652954, 0.4124597907066345, 0.4113162159919739, 0.40952491760253906, 0.40855729579925537, 0.407306432723999, 0.4138152301311493, 0.40867331624031067, 0.42490023374557495, 0.4075613021850586, 0.4108067452907562, 0.40924903750419617, 0.4073690176010132, 0.4072261154651642, 0.41051235795021057, 0.4168683588504791, 0.4082907736301422, 0.4104483127593994, 0.40738147497177124, 0.409048855304718, 0.4156652092933655, 0.41677138209342957, 0.41145798563957214]",0.0,"[33.0, 33.0, 33.0, 33.0, 33.0, 33.0, 33.0, 33.0, 33.0, 33.0, 33.0, 33.0, 33.0, 33.0, 33.0, 33.0, 33.0, 33.0, 33.0, 33.0, 33.0, 31.0, 26.0, 22.0, 18.0, 10.0, 2.0, 0.0, 0.0, 0.0, 0.0, 0.0, 0.0, 0.0, 0.0, 0.0, 0.0, 0.0, 0.0, 0.0, 0.0, 0.0, 0.0, 0.0, 0.0, 0.0, 0.0, 0.0, 0.0, 0.0, 0.0, 0.0, 0.0, 0.0, 0.0, 0.0, 0.0, 0.0, 0.0, 0.0, 0.0, 0.0, 0.0, 0.0, 0.0, 0.0, 0.0, 0.0, 0.0, 0.0, 0.0, 0.0, 0.0, 0.0, 0.0]",COMPLETE
45,45,0.9208950032847703,2024-08-31 02:20:50.963372,2024-08-31 02:21:20.832979,0 days 00:00:29.869607,16,0.09693546959266058,1,365,0.022041404550870787,73,0.0035456802313898637,0.925,0.92375,33,"[33, 33, 33, 33, 33, 33, 33, 33, 33, 33, 33, 33, 33, 33, 33, 33, 33, 33, 33, 33, 33, 33, 33, 33, 33, 33, 33, 33, 33, 33, 33, 33, 33, 33, 33, 33, 33, 33, 33, 33, 33, 33, 33, 33, 33, 33, 33, 33, 33, 33, 33, 33, 33, 33, 33, 33, 33, 33, 33, 33, 33, 33, 33, 33, 33, 33, 33, 33, 33, 33, 33, 33, 33, 33, 33, 33, 33, 33, 33, 33, 33, 33, 33, 33, 33, 33, 33, 33, 33, 33, 33, 33, 33, 33, 33, 33, 33, 33, 33, 33, 33, 33, 33, 33, 33, 33, 33, 33, 33, 33, 33, 33, 33, 33, 33, 33, 33, 33, 33, 33, 33, 33, 33, 33, 33, 33, 33, 33, 33, 33, 33, 33, 33, 33, 33, 33, 33, 33, 33, 33, 33, 33, 33, 33, 33, 33, 33, 33, 33, 33, 33, 33, 33, 33, 33, 33, 33, 33, 33, 33, 33, 33, 33, 33, 33, 33, 33, 33, 33, 33, 33, 33, 33, 33, 33, 33, 33, 33, 33, 33, 33, 33, 33, 33, 33, 33, 33, 33, 33, 33, 33, 33, 33, 33, 33, 33, 33, 33, 33, 33, 33, 33, 33, 33, 33, 33, 33, 33, 33, 33, 33, 33, 33, 33, 33, 33, 33, 33, 33, 33, 33, 33, 33, 33, 33, 33, 33, 33, 33, 33, 33, 33, 33, 33, 33, 33, 33, 33, 33, 33, 33, 33, 33, 33, 33, 33, 33, 33, 33, 33, 33, 33, 33, 33, 33, 33, 33, 33, 33, 33, 33, 33, 33, 33, 33, 33, 33, 33, 33, 33, 33, 33, 33, 33, 33, 33, 33, 33, 33, 33, 33, 33, 33, 33, 33, 33, 33, 33, 33, 33, 33, 33, 33, 33, 33, 33, 33, 33, 33, 33, 33, 33, 33, 33, 33, 33, 33, 33, 33, 33, 33, 33, 33, 33, 33, 33, 33, 33, 33, 33, 33, 33, 33, 33, 33, 33, 33, 33, 33, 33, 33, 33, 33, 33, 33, 33, 33, 33, 33, 33, 33, 33, 33, 33, 33, 33, 33, 33, 33, 33, 33, 33, 33, 33, 33, 33, 33, 33, 33, 33, 33, 33, 33, 33, 33]",33.0,"[32.986301369863014, 32.97260273972603, 32.95890410958904, 33.0, 33.0, 32.986301369863014, 32.95890410958904, 32.95890410958904, 32.986301369863014, 32.986301369863014, 32.986301369863014, 32.986301369863014, 33.0, 33.0, 32.986301369863014, 33.0, 33.0, 33.0, 33.0, 33.0, 32.97260273972603, 32.986301369863014, 32.986301369863014, 32.986301369863014, 33.0, 33.0, 33.0, 32.986301369863014, 33.0, 33.0, 33.0, 33.0, 32.986301369863014, 33.0, 33.0, 32.97260273972603, 32.986301369863014, 32.986301369863014, 32.986301369863014, 33.0, 32.986301369863014, 32.986301369863014, 33.0, 33.0, 33.0, 33.0, 33.0, 33.0, 33.0, 33.0, 33.0, 32.97260273972603, 33.0, 32.986301369863014, 32.986301369863014, 32.986301369863014, 32.97260273972603, 32.97260273972603, 32.95890410958904, 32.986301369863014, 32.986301369863014, 32.986301369863014, 32.986301369863014, 33.0, 32.986301369863014, 33.0, 32.986301369863014, 33.0, 32.986301369863014, 33.0, 33.0, 33.0, 33.0, 33.0, 33.0, 33.0, 32.986301369863014, 32.986301369863014, 33.0, 33.0, 32.986301369863014, 33.0, 33.0, 32.986301369863014, 32.986301369863014, 33.0, 32.986301369863014, 32.97260273972603, 32.97260273972603, 32.986301369863014, 32.97260273972603, 32.986301369863014, 32.986301369863014, 32.97260273972603, 32.95890410958904, 32.97260273972603, 32.97260273972603, 32.97260273972603, 32.945205479452056, 32.945205479452056, 32.95890410958904, 32.97260273972603, 32.97260273972603, 32.95890410958904, 32.97260273972603, 32.95890410958904, 32.95890410958904, 32.97260273972603, 32.986301369863014, 32.986301369863014, 32.97260273972603, 32.986301369863014, 33.0, 33.0, 33.0, 33.0, 32.986301369863014, 32.986301369863014, 33.0, 32.986301369863014, 33.0, 32.986301369863014, 32.97260273972603, 32.986301369863014, 32.986301369863014, 33.0, 32.986301369863014, 32.97260273972603, 33.0, 32.97260273972603, 32.986301369863014, 33.0, 33.0, 33.0, 32.986301369863014, 32.986301369863014, 32.986301369863014, 33.0, 32.97260273972603, 33.0, 32.986301369863014, 32.986301369863014, 32.986301369863014, 32.986301369863014, 32.986301369863014, 33.0, 32.986301369863014, 33.0, 32.97260273972603, 33.0, 32.986301369863014, 32.986301369863014, 33.0, 33.0, 32.97260273972603, 32.986301369863014, 32.986301369863014, 33.0, 33.0, 33.0, 32.986301369863014, 32.97260273972603, 32.986301369863014, 33.0, 32.986301369863014, 33.0, 32.986301369863014, 32.986301369863014, 32.986301369863014, 32.986301369863014, 33.0, 33.0, 33.0, 32.986301369863014, 33.0, 33.0, 32.986301369863014, 33.0, 33.0, 33.0, 33.0, 33.0, 32.986301369863014, 33.0, 33.0, 33.0, 32.986301369863014, 32.986301369863014, 33.0, 32.986301369863014, 32.97260273972603, 33.0, 32.986301369863014, 32.986301369863014, 33.0, 32.986301369863014, 32.97260273972603, 32.986301369863014, 33.0, 32.945205479452056, 32.97260273972603, 32.986301369863014, 32.986301369863014, 32.97260273972603, 32.986301369863014, 32.95890410958904, 32.97260273972603, 32.97260273972603, 33.0, 32.986301369863014, 32.986301369863014, 32.986301369863014, 33.0, 32.986301369863014, 32.986301369863014, 32.97260273972603, 33.0, 32.986301369863014, 32.986301369863014, 33.0, 33.0, 33.0, 32.986301369863014, 32.986301369863014, 33.0, 33.0, 33.0, 32.986301369863014, 32.97260273972603, 33.0, 32.97260273972603, 32.97260273972603, 33.0, 32.986301369863014, 33.0, 32.97260273972603, 33.0, 32.95890410958904, 32.986301369863014, 33.0, 32.986301369863014, 33.0, 32.986301369863014, 32.97260273972603, 32.986301369863014, 32.986301369863014, 33.0, 33.0, 33.0, 32.986301369863014, 32.986301369863014, 33.0, 33.0, 32.97260273972603, 32.986301369863014, 32.97260273972603, 32.97260273972603, 33.0, 33.0, 33.0, 32.986301369863014, 32.97260273972603, 33.0, 33.0, 33.0, 33.0, 33.0, 32.986301369863014, 33.0, 32.986301369863014, 32.95890410958904, 32.95890410958904, 32.97260273972603, 32.95890410958904, 32.986301369863014, 32.986301369863014, 32.986301369863014, 32.986301369863014, 32.97260273972603, 32.97260273972603, 32.986301369863014, 32.945205479452056, 32.945205479452056, 32.986301369863014, 32.97260273972603, 32.917808219178085, 32.95890410958904, 32.93150684931507, 32.97260273972603, 32.97260273972603, 32.95890410958904, 32.97260273972603, 33.0, 32.95890410958904, 32.986301369863014, 32.986301369863014, 33.0, 33.0, 33.0, 33.0, 33.0, 33.0, 33.0, 33.0, 32.986301369863014, 32.986301369863014, 32.986301369863014, 32.97260273972603, 32.986301369863014, 33.0, 32.986301369863014, 32.97260273972603, 32.97260273972603, 32.986301369863014, 33.0, 32.986301369863014, 33.0, 33.0, 33.0, 32.986301369863014, 33.0, 32.986301369863014, 33.0, 33.0, 33.0, 32.97260273972603, 32.986301369863014, 32.986301369863014, 33.0, 33.0, 33.0, 33.0, 33.0, 33.0, 32.97260273972603, 33.0, 32.986301369863014, 33.0, 32.986301369863014, 32.986301369863014, 33.0, 32.986301369863014, 32.986301369863014, 32.986301369863014, 32.986301369863014, 32.986301369863014, 32.97260273972603, 32.986301369863014, 33.0, 32.97260273972603, 33.0, 33.0, 33.0, 32.986301369863014, 32.97260273972603, 32.986301369863014, 32.97260273972603, 33.0, 33.0, 32.986301369863014, 32.986301369863014, 33.0, 32.986301369863014, 33.0, 33.0]",0.9063895837977527,0.9208950032847703,33,"[33, 33, 33, 33, 33, 33, 33, 33, 33, 33, 33, 33, 33, 33, 33, 33, 33, 33, 33, 33, 33, 33, 33, 33, 33, 33, 33, 33, 33, 33, 33, 33, 33, 33, 33, 33, 33, 33, 33, 33, 33, 33, 33, 33, 33, 33, 33, 33, 33, 33, 33, 33, 33, 33, 33, 33, 33, 33, 33, 33, 33, 33, 33, 33, 33, 33, 33, 33, 33, 33, 33, 33, 33, 33, 33, 33, 33, 33, 33, 33, 33, 33, 33, 33, 33, 33, 33, 33, 33, 33, 33, 33, 33, 33, 33, 33, 33, 33, 33, 33, 33, 33, 33, 33, 33, 33, 33, 33, 33, 33, 33, 33, 33, 33, 33, 33, 33, 33, 33, 33, 33, 33, 33, 33, 33, 33, 33, 33, 33, 33, 33, 33, 33, 33, 33, 33, 33, 33, 33, 33, 33, 33, 33, 33, 33, 33, 33, 33, 33, 33, 33, 33, 33, 33, 33, 33, 33, 33, 33, 33, 33, 33, 33, 33, 33, 33, 33, 33, 33, 33, 33, 33, 33, 33, 33, 33, 33, 33, 33, 33, 33, 33, 33, 33, 33, 33, 33, 33, 33, 33, 33, 33, 33, 33, 33, 33, 33, 33, 33, 33, 33, 33, 33, 33, 33, 33, 33, 33, 33, 33, 33, 33, 33, 33, 33, 33, 33, 33, 33, 33, 33, 33, 33, 33, 33, 33, 33, 33, 33, 33, 33, 33, 33, 33, 33, 33, 33, 33, 33, 33, 33, 33, 33, 33, 33, 33, 33, 33, 33, 33, 33, 33, 33, 33, 33, 33, 33, 33, 33, 33, 33, 33, 33, 33, 33, 33, 33, 33, 33, 33, 33, 33, 33, 33, 33, 33, 33, 33, 33, 33, 33, 33, 33, 33, 33, 33, 33, 33, 33, 33, 33, 33, 33, 33, 33, 33, 33, 33, 33, 33, 33, 33, 33, 33, 33, 33, 33, 33, 33, 33, 33, 33, 33, 33, 33, 33, 33, 33, 33, 33, 33, 33, 33, 33, 33, 33, 33, 33, 33, 33, 33, 33, 33, 33, 33, 33, 33, 33, 33, 33, 33, 33, 33, 33, 33, 33, 33, 33, 33, 33, 33, 33, 33, 33, 33, 33, 33, 33, 33, 33, 33, 33, 33, 33, 33]",365,"[0.4101622700691223, 0.40082064270973206, 0.3967987298965454, 0.391897588968277, 0.3912334144115448, 0.3879909813404083, 0.3838171660900116, 0.3837267756462097, 0.37840259075164795, 0.3778298497200012, 0.37527790665626526, 0.3785245418548584, 0.37235164642333984, 0.37500816583633423, 0.3691953718662262, 0.3676992654800415, 0.36635005474090576, 0.37139034271240234, 0.36418402194976807, 0.36575812101364136, 0.3617734909057617, 0.36687949299812317, 0.3600257635116577, 0.358786016702652, 0.3614402413368225, 0.35785457491874695, 0.3557620644569397, 0.3621196746826172, 0.3563739061355591, 0.35378319025039673, 0.3532310724258423, 0.357722669839859, 0.3566972315311432, 0.3503165543079376, 0.36003029346466064, 0.3535081446170807, 0.35693520307540894, 0.34727200865745544, 0.34820160269737244, 0.3459840416908264, 0.34614354372024536, 0.34590408205986023, 0.3461278975009918, 0.3515804708003998, 0.3430103063583374, 0.342427134513855, 0.351014643907547, 0.34203365445137024, 0.342800498008728, 0.34017470479011536, 0.34005722403526306, 0.3406444191932678, 0.34180232882499695, 0.34439170360565186, 0.3377167582511902, 0.3372986912727356, 0.3364863693714142, 0.3359467387199402, 0.33556830883026123, 0.335250586271286, 0.3363683223724365, 0.33470484614372253, 0.3351424038410187, 0.33825141191482544, 0.3526364862918854, 0.3330574035644531, 0.33486542105674744, 0.33431050181388855, 0.3348952531814575, 0.33175089955329895, 0.3335241377353668, 0.33289116621017456, 0.33114659786224365, 0.3307727575302124, 0.33121147751808167, 0.3300427198410034, 0.332090824842453, 0.32920581102371216, 0.3325906991958618, 0.3323168456554413, 0.32938507199287415, 0.32806819677352905, 0.33138829469680786, 0.32879751920700073, 0.3291088938713074, 0.3306359052658081, 0.3353078067302704, 0.326437771320343, 0.3270549774169922, 0.32772374153137207, 0.32626330852508545, 0.32528790831565857, 0.33250606060028076, 0.3359772861003876, 0.3238103985786438, 0.3325091600418091, 0.3247464895248413, 0.32586613297462463, 0.3254929780960083, 0.3233599066734314, 0.32241952419281006, 0.3239467144012451, 0.3257290720939636, 0.3210490345954895, 0.32406085729599, 0.32153502106666565, 0.3209727108478546, 0.3205099105834961, 0.3249942660331726, 0.3197989761829376, 0.3197786509990692, 0.3201647102832794, 0.3192364573478699, 0.3176899254322052, 0.31768709421157837, 0.3203219175338745, 0.31930893659591675, 0.32047039270401, 0.32120558619499207, 0.320596307516098, 0.3264942467212677, 0.3149474859237671, 0.3142085075378418, 0.3143566846847534, 0.3132404386997223, 0.32121455669403076, 0.3190139830112457, 0.31224918365478516, 0.3111805021762848, 0.31019240617752075, 0.3163073658943176, 0.31164979934692383, 0.30833700299263, 0.3153359293937683, 0.3066288232803345, 0.30646151304244995, 0.3061639368534088, 0.3071279227733612, 0.3063623011112213, 0.3053602874279022, 0.30271115899086, 0.3019633889198303, 0.3050136864185333, 0.2999214231967926, 0.29909735918045044, 0.3012467324733734, 0.2997068166732788, 0.2987302839756012, 0.2972489595413208, 0.2947995066642761, 0.2962770164012909, 0.296304851770401, 0.2921898663043976, 0.2909027934074402, 0.28959763050079346, 0.28978317975997925, 0.2876321077346802, 0.29144009947776794, 0.2867821156978607, 0.2867119312286377, 0.2840408384799957, 0.2838844060897827, 0.28222379088401794, 0.2820063829421997, 0.2845218777656555, 0.2785583436489105, 0.2778797745704651, 0.2770914137363434, 0.27564290165901184, 0.27511245012283325, 0.28995445370674133, 0.2737071216106415, 0.2758798599243164, 0.2714904546737671, 0.2710520029067993, 0.27269577980041504, 0.2698896825313568, 0.26926690340042114, 0.26745346188545227, 0.2667495608329773, 0.2665103077888489, 0.26510849595069885, 0.2677006423473358, 0.26348933577537537, 0.2670412063598633, 0.2617519199848175, 0.2610035836696625, 0.26896148920059204, 0.25952866673469543, 0.25870048999786377, 0.2583172917366028, 0.2572194039821625, 0.256750226020813, 0.2573576271533966, 0.25578269362449646, 0.2551851272583008, 0.25548210740089417, 0.253736674785614, 0.25560545921325684, 0.253093957901001, 0.2556535303592682, 0.25150951743125916, 0.2544856369495392, 0.25627151131629944, 0.24983005225658417, 0.24916675686836243, 0.24885454773902893, 0.24916839599609375, 0.250760555267334, 0.25008952617645264, 0.2480534166097641, 0.2501339614391327, 0.24688780307769775, 0.246350958943367, 0.24862059950828552, 0.2472640573978424, 0.24531888961791992, 0.24532902240753174, 0.24546949565410614, 0.24439600110054016, 0.2439904659986496, 0.24351783096790314, 0.2445688247680664, 0.2432984709739685, 0.24228312075138092, 0.24192413687705994, 0.24143201112747192, 0.24170832335948944, 0.2553427815437317, 0.24174007773399353, 0.2413949817419052, 0.2404748946428299, 0.240648552775383, 0.24014636874198914, 0.24604541063308716, 0.24002094566822052, 0.2412533015012741, 0.24295909702777863, 0.23904436826705933, 0.23940509557724, 0.2391454577445984, 0.2396882176399231, 0.24076691269874573, 0.23942922055721283, 0.237676739692688, 0.23756608366966248, 0.23881638050079346, 0.23806583881378174, 0.23686040937900543, 0.23907074332237244, 0.23674394190311432, 0.2368040680885315, 0.2367379516363144, 0.2364211082458496, 0.237311452627182, 0.23893901705741882, 0.23705318570137024, 0.23528631031513214, 0.23510552942752838, 0.23627494275569916, 0.23610270023345947, 0.2433697134256363, 0.24146027863025665, 0.23509977757930756, 0.23442214727401733, 0.23650354146957397, 0.23536744713783264, 0.2389266937971115, 0.2333981841802597, 0.2342313528060913, 0.23317722976207733, 0.2336481660604477, 0.23522131145000458, 0.2439284771680832, 0.2357063889503479, 0.23745231330394745, 0.23500961065292358, 0.23296013474464417, 0.23482313752174377, 0.23479872941970825, 0.23239903151988983, 0.23237070441246033, 0.23272936046123505, 0.23200245201587677, 0.24344541132450104, 0.23495887219905853, 0.23129107058048248, 0.23119130730628967, 0.230682373046875, 0.23204553127288818, 0.23130561411380768, 0.2314957231283188, 0.23040437698364258, 0.2310621440410614, 0.23760098218917847, 0.23109270632266998, 0.23016923666000366, 0.23010887205600739, 0.23264512419700623, 0.23075293004512787, 0.23016124963760376, 0.23281244933605194, 0.23049835860729218, 0.23006971180438995, 0.22976002097129822, 0.2292349487543106, 0.22937935590744019, 0.22984468936920166, 0.2298196405172348, 0.23099415004253387, 0.22917844355106354, 0.2291143536567688, 0.23005980253219604, 0.2318301796913147, 0.2284032106399536, 0.2300536185503006, 0.2279449850320816, 0.22808082401752472, 0.22949101030826569, 0.23332451283931732, 0.23063339293003082, 0.22911149263381958, 0.2288985401391983, 0.22850623726844788, 0.22845834493637085, 0.23025858402252197, 0.22885313630104065, 0.22806356847286224, 0.23041655123233795, 0.2284272313117981, 0.22796720266342163, 0.22769750654697418, 0.23028476536273956, 0.22817714512348175, 0.22768934071063995, 0.2318856418132782, 0.22773891687393188, 0.23007836937904358, 0.22694635391235352, 0.22775016725063324, 0.2270258516073227, 0.22762005031108856, 0.22690249979496002, 0.22745256125926971, 0.22674985229969025, 0.23283874988555908, 0.22593367099761963, 0.22598408162593842, 0.22679375112056732, 0.2287830412387848, 0.22634541988372803, 0.2280450016260147, 0.22596979141235352, 0.22628000378608704, 0.22773990035057068, 0.22594283521175385, 0.22603516280651093, 0.22799435257911682, 0.23105600476264954, 0.2253415435552597, 0.22573117911815643, 0.23559440672397614, 0.22484955191612244, 0.22553125023841858, 0.2256743460893631]",33.0,"[33.0, 33.0, 33.0, 33.0, 33.0, 33.0, 33.0, 33.0, 33.0, 33.0, 33.0, 33.0, 33.0, 33.0, 33.0, 33.0, 33.0, 33.0, 33.0, 33.0, 33.0, 33.0, 33.0, 33.0, 33.0, 33.0, 33.0, 33.0, 33.0, 33.0, 33.0, 33.0, 33.0, 33.0, 33.0, 33.0, 33.0, 33.0, 33.0, 33.0, 33.0, 33.0, 33.0, 33.0, 33.0, 33.0, 33.0, 33.0, 33.0, 33.0, 33.0, 33.0, 33.0, 33.0, 33.0, 33.0, 33.0, 33.0, 33.0, 33.0, 33.0, 33.0, 33.0, 33.0, 33.0, 33.0, 33.0, 33.0, 33.0, 33.0, 33.0, 33.0, 33.0, 33.0, 33.0, 33.0, 33.0, 33.0, 33.0, 33.0, 33.0, 33.0, 33.0, 33.0, 33.0, 33.0, 33.0, 33.0, 33.0, 33.0, 33.0, 33.0, 33.0, 33.0, 33.0, 33.0, 33.0, 33.0, 33.0, 33.0, 33.0, 33.0, 33.0, 33.0, 33.0, 33.0, 33.0, 33.0, 33.0, 33.0, 33.0, 33.0, 33.0, 33.0, 33.0, 33.0, 33.0, 33.0, 33.0, 33.0, 33.0, 33.0, 33.0, 33.0, 33.0, 33.0, 33.0, 33.0, 33.0, 33.0, 33.0, 33.0, 33.0, 33.0, 33.0, 33.0, 33.0, 33.0, 33.0, 33.0, 33.0, 33.0, 33.0, 33.0, 33.0, 33.0, 33.0, 33.0, 33.0, 33.0, 33.0, 33.0, 33.0, 33.0, 33.0, 33.0, 33.0, 33.0, 33.0, 33.0, 33.0, 33.0, 33.0, 33.0, 33.0, 33.0, 33.0, 33.0, 33.0, 33.0, 33.0, 33.0, 33.0, 33.0, 33.0, 33.0, 33.0, 33.0, 33.0, 33.0, 33.0, 33.0, 33.0, 33.0, 33.0, 33.0, 33.0, 33.0, 33.0, 33.0, 33.0, 33.0, 33.0, 33.0, 33.0, 33.0, 33.0, 33.0, 33.0, 33.0, 33.0, 33.0, 33.0, 33.0, 33.0, 33.0, 33.0, 33.0, 33.0, 33.0, 33.0, 33.0, 33.0, 33.0, 33.0, 33.0, 33.0, 33.0, 33.0, 33.0, 33.0, 33.0, 33.0, 33.0, 33.0, 33.0, 33.0, 33.0, 33.0, 33.0, 33.0, 33.0, 33.0, 33.0, 33.0, 33.0, 33.0, 33.0, 33.0, 33.0, 33.0, 33.0, 33.0, 33.0, 33.0, 33.0, 33.0, 33.0, 33.0, 33.0, 33.0, 33.0, 33.0, 33.0, 33.0, 33.0, 33.0, 33.0, 33.0, 33.0, 33.0, 33.0, 33.0, 33.0, 33.0, 33.0, 33.0, 33.0, 33.0, 33.0, 33.0, 33.0, 33.0, 33.0, 33.0, 33.0, 33.0, 33.0, 33.0, 33.0, 33.0, 33.0, 33.0, 33.0, 33.0, 33.0, 33.0, 33.0, 33.0, 33.0, 33.0, 33.0, 33.0, 33.0, 33.0, 33.0, 33.0, 33.0, 33.0, 33.0, 33.0, 33.0, 33.0, 33.0, 33.0, 33.0, 33.0, 33.0, 33.0, 33.0, 33.0, 33.0, 33.0, 33.0, 33.0, 33.0, 33.0, 33.0, 33.0, 33.0, 33.0, 33.0, 33.0, 33.0, 33.0, 33.0, 33.0, 33.0, 33.0, 33.0, 33.0, 33.0, 33.0, 33.0, 33.0, 33.0, 33.0, 33.0, 33.0, 33.0, 33.0, 33.0, 33.0, 33.0, 33.0, 33.0, 33.0, 33.0, 33.0, 33.0, 33.0, 33.0, 33.0, 33.0, 33.0, 33.0, 33.0, 33.0, 33.0, 33.0, 33.0, 33.0, 33.0, 33.0, 33.0]",COMPLETE
