,number,value,datetime_start,datetime_complete,duration,params_batch_size_scaler,params_constant_learning_rate,params_depth,params_epochs,params_kernel_l2,params_num_trees,params_temperature,user_attrs_accuracy_test,user_attrs_accuracy_valid,user_attrs_approximate_feature_sparsity,user_attrs_approximate_feature_sparsity_history,user_attrs_approximate_weight_sparsity,user_attrs_approximate_weight_sparsity_history,user_attrs_auc_test,user_attrs_auc_valid,user_attrs_feature_sparsity,user_attrs_feature_sparsity_history,user_attrs_num_epochs,user_attrs_val_loss_history,user_attrs_weight_sparsity,user_attrs_weight_sparsity_history,state
11,11,0.7663884273035256,2024-08-31 01:05:57.539447,2024-08-31 01:06:54.968375,0 days 00:00:57.428928,16,1.7835751571182068,1,410,0.0010986800347544054,50,0.004468106920877245,0.864,0.8375,3,"[33, 22, 10, 5, 5, 4, 4, 4, 4, 3, 3, 3, 3, 3, 3, 3, 3, 3, 3, 3, 3, 3, 3, 3, 3, 3, 3, 3, 3, 3, 3, 3, 3, 3, 3, 3, 3, 3, 3, 3, 3, 3, 3, 3, 3, 3, 3, 3, 3, 3, 3, 3, 3, 3, 3, 3, 3, 3, 3, 3, 3, 3, 3, 3, 3, 3, 3, 3, 3, 3, 3, 3, 3, 3, 3, 3, 3, 3, 3, 3, 3, 3, 3, 3, 3, 3, 3, 3, 3, 3, 3, 3, 3, 3, 3, 3, 3, 3, 3, 3, 3, 3, 3, 3, 3, 3, 3, 3, 3, 3, 3, 3, 3, 3, 3, 3, 3, 3, 3, 3, 3, 3, 3, 3, 3, 3, 3, 3, 3, 3, 3, 3, 3, 3, 3, 3, 3, 3, 3, 3, 3, 3, 3, 3, 3, 3, 3, 3, 3, 3, 3, 3, 3, 3, 3, 3, 3, 3, 3, 3, 3, 3, 3, 3, 3, 3, 3, 3, 3, 3, 3, 3, 3, 3, 3, 3, 3, 3, 3, 3, 3, 3, 3, 3, 3, 3, 3, 3, 3, 3, 3, 3, 3, 3, 3, 3, 3, 3, 3, 3, 3, 3, 3, 3, 3, 3, 3, 3, 3, 3, 3, 3, 3, 3, 3, 3, 3, 3, 3, 3, 3, 3, 3, 3, 3, 3, 3, 3, 3, 3, 3, 3, 3, 3, 3, 3, 3, 3, 3, 3, 3, 3, 3, 3, 3, 3, 3, 3, 3, 3, 3, 3, 3, 3, 3, 3, 3, 3, 3, 3, 3, 3, 3, 3, 3, 3, 3, 3, 3, 3, 3, 3, 3, 3, 3, 3, 3, 3, 3, 3, 3, 3, 3, 3, 3, 3, 3, 3, 3, 3, 3, 3, 3, 3, 3, 3, 3, 3, 3, 3, 3, 3, 3, 3, 3, 3, 3, 3, 3, 3, 3, 3, 3, 3, 3, 3, 3, 3, 3, 3, 3, 3, 3, 3, 3, 3, 3, 3, 3, 3, 3, 3, 3, 3, 3, 3, 3, 3, 3, 3, 3, 3, 3, 3, 3, 3, 3, 3, 3, 3, 3, 3, 3, 3, 3, 3, 3, 3, 3, 3, 3, 3, 3, 3, 3, 3, 3, 3, 3, 3, 3, 3, 3, 3, 3, 3, 3, 3, 3, 3, 3, 3, 3, 3, 3, 3, 3, 3, 3, 3, 3, 3, 3, 3, 3, 3, 3, 3, 3, 3, 3, 3, 3, 3, 3, 3, 3, 3, 3, 3]",3.0,"[32.980000000000004, 22.0, 10.0, 5.0, 5.0, 4.0, 4.0, 4.0, 4.0, 3.0, 3.0, 3.0, 3.0, 3.0, 3.0, 3.0, 3.0, 3.0, 3.0, 3.0, 3.0, 3.0, 3.0, 3.0, 3.0, 3.0, 3.0, 3.0, 3.0, 3.0, 3.0, 3.0, 3.0, 3.0, 3.0, 3.0, 2.98, 3.0, 3.0, 3.0, 3.0, 3.0, 3.0, 3.0, 3.0, 3.0, 3.0, 3.0, 2.98, 3.0, 3.0, 3.0, 3.0, 3.0, 3.0, 3.0, 3.0, 3.0, 3.0, 3.0, 3.0, 3.0, 3.0, 3.0, 3.0, 3.0, 3.0, 3.0, 3.0, 3.0, 3.0, 3.0, 3.0, 3.0, 3.0, 3.0, 3.0, 3.0, 3.0, 3.0, 3.0, 3.0, 3.0, 3.0, 3.0, 3.0, 3.0, 3.0, 3.0, 3.0, 3.0, 3.0, 3.0, 3.0, 3.0, 3.0, 3.0, 3.0, 3.0, 3.0, 3.0, 3.0, 3.0, 3.0, 3.0, 3.0, 3.0, 3.0, 3.0, 3.0, 3.0, 3.0, 3.0, 3.0, 3.0, 3.0, 3.0, 3.0, 3.0, 3.0, 3.0, 3.0, 3.0, 3.0, 3.0, 3.0, 3.0, 3.0, 3.0, 3.0, 3.0, 3.0, 3.0, 3.0, 3.0, 3.0, 3.0, 3.0, 3.0, 3.0, 3.0, 3.0, 3.0, 3.0, 3.0, 3.0, 3.0, 3.0, 3.0, 3.0, 3.0, 3.0, 3.0, 3.0, 3.0, 3.0, 3.0, 3.0, 3.0, 3.0, 3.0, 3.0, 3.0, 3.0, 3.0, 3.0, 3.0, 3.0, 3.0, 3.0, 3.0, 3.0, 3.0, 3.0, 3.0, 3.0, 3.0, 3.0, 3.0, 3.0, 3.0, 3.0, 3.0, 3.0, 3.0, 3.0, 3.0, 3.0, 3.0, 3.0, 3.0, 3.0, 2.98, 3.0, 3.0, 3.0, 3.0, 3.0, 2.98, 3.0, 3.0, 3.0, 3.0, 3.0, 3.0, 3.0, 3.0, 3.0, 3.0, 3.0, 3.0, 3.0, 3.0, 3.0, 3.0, 3.0, 3.0, 3.0, 3.0, 3.0, 3.0, 3.0, 3.0, 3.0, 3.0, 3.0, 3.0, 3.0, 3.0, 3.0, 3.0, 3.0, 3.0, 3.0, 3.0, 3.0, 3.0, 3.0, 3.0, 3.0, 3.0, 3.0, 3.0, 3.0, 3.0, 3.0, 3.0, 3.0, 3.0, 3.0, 3.0, 3.0, 3.0, 3.0, 3.0, 3.0, 3.0, 3.0, 3.0, 3.0, 3.0, 3.0, 3.0, 3.0, 3.0, 3.0, 3.0, 3.0, 3.0, 3.0, 3.0, 3.0, 3.0, 3.0, 3.0, 3.0, 3.0, 2.98, 3.0, 2.98, 3.0, 3.0, 3.0, 3.0, 3.0, 3.0, 2.98, 3.0, 3.0, 3.0, 3.0, 3.0, 3.0, 3.0, 3.0, 3.0, 2.98, 3.0, 3.0, 3.0, 3.0, 3.0, 2.98, 3.0, 2.98, 3.0, 3.0, 3.0, 2.98, 3.0, 3.0, 3.0, 3.0, 3.0, 3.0, 3.0, 3.0, 3.0, 3.0, 2.98, 2.98, 3.0, 3.0, 3.0, 3.0, 3.0, 3.0, 3.0, 3.0, 3.0, 3.0, 2.98, 3.0, 3.0, 3.0, 3.0, 3.0, 3.0, 3.0, 3.0, 3.0, 3.0, 3.0, 2.98, 2.98, 2.98, 3.0, 2.98, 3.0, 3.0, 3.0, 2.98, 3.0, 2.98, 3.0, 3.0, 3.0, 3.0, 3.0, 3.0, 3.0, 3.0, 3.0, 3.0, 3.0, 3.0, 3.0, 2.98, 3.0, 3.0, 3.0, 3.0, 3.0, 2.98, 3.0, 3.0, 3.0, 2.98, 3.0, 3.0, 3.0, 3.0, 3.0, 3.0, 3.0, 3.0, 3.0, 3.0, 3.0, 3.0, 3.0, 3.0, 3.0, 3.0, 3.0, 3.0, 3.0, 2.98, 3.0, 3.0, 3.0, 3.0, 3.0, 3.0, 3.0, 2.98, 3.0, 3.0, 3.0, 3.0]",0.7972489865339047,0.7663884273035256,3,"[33, 22, 10, 5, 5, 4, 4, 4, 4, 3, 3, 3, 3, 3, 3, 3, 3, 3, 3, 3, 3, 3, 3, 3, 3, 3, 3, 3, 3, 3, 3, 3, 3, 3, 3, 3, 3, 3, 3, 3, 3, 3, 3, 3, 3, 3, 3, 3, 3, 3, 3, 3, 3, 3, 3, 3, 3, 3, 3, 3, 3, 3, 3, 3, 3, 3, 3, 3, 3, 3, 3, 3, 3, 3, 3, 3, 3, 3, 3, 3, 3, 3, 3, 3, 3, 3, 3, 3, 3, 3, 3, 3, 3, 3, 3, 3, 3, 3, 3, 3, 3, 3, 3, 3, 3, 3, 3, 3, 3, 3, 3, 3, 3, 3, 3, 3, 3, 3, 3, 3, 3, 3, 3, 3, 3, 3, 3, 3, 3, 3, 3, 3, 3, 3, 3, 3, 3, 3, 3, 3, 3, 3, 3, 3, 3, 3, 3, 3, 3, 3, 3, 3, 3, 3, 3, 3, 3, 3, 3, 3, 3, 3, 3, 3, 3, 3, 3, 3, 3, 3, 3, 3, 3, 3, 3, 3, 3, 3, 3, 3, 3, 3, 3, 3, 3, 3, 3, 3, 3, 3, 3, 3, 3, 3, 3, 3, 3, 3, 3, 3, 3, 3, 3, 3, 3, 3, 3, 3, 3, 3, 3, 3, 3, 3, 3, 3, 3, 3, 3, 3, 3, 3, 3, 3, 3, 3, 3, 3, 3, 3, 3, 3, 3, 3, 3, 3, 3, 3, 3, 3, 3, 3, 3, 3, 3, 3, 3, 3, 3, 3, 3, 3, 3, 3, 3, 3, 3, 3, 3, 3, 3, 3, 3, 3, 3, 3, 3, 3, 3, 3, 3, 3, 3, 3, 3, 3, 3, 3, 3, 3, 3, 3, 3, 3, 3, 3, 3, 3, 3, 3, 3, 3, 3, 3, 3, 3, 3, 3, 3, 3, 3, 3, 3, 3, 3, 3, 3, 3, 3, 3, 3, 3, 3, 3, 3, 3, 3, 3, 3, 3, 3, 3, 3, 3, 3, 3, 3, 3, 3, 3, 3, 3, 3, 3, 3, 3, 3, 3, 3, 3, 3, 3, 3, 3, 3, 3, 3, 3, 3, 3, 3, 3, 3, 3, 3, 3, 3, 3, 3, 3, 3, 3, 3, 3, 3, 3, 3, 3, 3, 3, 3, 3, 3, 3, 3, 3, 3, 3, 3, 3, 3, 3, 3, 3, 3, 3, 3, 3, 3, 3, 3, 3, 3, 3, 3, 3, 3, 3, 3, 3, 3, 3, 3, 3, 3, 3, 3, 3, 3, 3]",410,"[8.820484161376953, 5.60960578918457, 5.17939567565918, 5.84689998626709, 4.666244983673096, 2.6413414478302, 5.38645076751709, 2.8553273677825928, 1.1543128490447998, 2.518216133117676, 0.7335717678070068, 4.418870449066162, 0.6753115057945251, 1.4848817586898804, 0.6909071207046509, 0.5221197605133057, 0.9386531114578247, 0.9172159433364868, 0.5627491474151611, 2.826315402984619, 6.903520107269287, 1.132745385169983, 6.845225811004639, 2.717592477798462, 1.6978771686553955, 2.0034823417663574, 0.7906134128570557, 0.7780770659446716, 0.7287964820861816, 0.6829705834388733, 2.0150034427642822, 1.282508134841919, 0.820335865020752, 1.412473201751709, 3.670081853866577, 1.326194405555725, 1.9784965515136719, 1.6971898078918457, 3.490506172180176, 0.5891209840774536, 1.4112403392791748, 3.1936686038970947, 3.343946933746338, 0.6617878079414368, 2.565980911254883, 1.820556640625, 1.4889734983444214, 3.9823105335235596, 0.599801242351532, 0.551755964756012, 3.4446184635162354, 2.4088492393493652, 8.452834129333496, 4.518327236175537, 9.669132232666016, 0.8932039737701416, 0.9028403759002686, 2.7750120162963867, 1.0156906843185425, 3.657270908355713, 1.5277255773544312, 2.428863763809204, 1.064646601676941, 1.9904230833053589, 4.107367992401123, 0.7355055809020996, 0.7948679327964783, 0.7809304594993591, 0.7044132947921753, 2.3261892795562744, 2.1703293323516846, 0.7931719422340393, 4.941084861755371, 1.6877355575561523, 0.7982629537582397, 4.200111389160156, 8.877071380615234, 0.6322878003120422, 5.4170660972595215, 4.040426731109619, 3.041372299194336, 0.8196707963943481, 3.9204602241516113, 4.920566558837891, 0.6346068978309631, 0.637457013130188, 4.194509983062744, 2.3516104221343994, 0.7455192804336548, 2.2402517795562744, 7.658153533935547, 0.6931670904159546, 1.1027437448501587, 0.6550973653793335, 1.1378222703933716, 0.7558557987213135, 0.8652002811431885, 0.48900356888771057, 4.1584391593933105, 6.104028224945068, 0.6002309918403625, 8.497696876525879, 1.4218871593475342, 1.270057201385498, 1.378327488899231, 3.894733190536499, 0.7607041001319885, 0.7452690005302429, 0.6016663908958435, 1.5187724828720093, 0.646679162979126, 0.6978280544281006, 4.622834205627441, 6.487022876739502, 0.8150656819343567, 1.2719227075576782, 0.9909008145332336, 1.4125593900680542, 1.317854642868042, 7.183506965637207, 1.663992166519165, 0.5988094210624695, 0.8812494874000549, 1.9858075380325317, 0.5791659951210022, 1.0978530645370483, 3.031944990158081, 4.836974143981934, 6.663736343383789, 0.8723556995391846, 1.1982790231704712, 1.6409181356430054, 0.7490310668945312, 6.890928745269775, 1.471428394317627, 1.028918743133545, 1.5677740573883057, 1.3586890697479248, 0.9128637909889221, 1.4888572692871094, 0.9796435832977295, 0.6450167894363403, 0.7029616832733154, 1.0185776948928833, 0.6504808664321899, 0.7937398552894592, 1.1943835020065308, 7.08029842376709, 1.7935552597045898, 0.6721458435058594, 0.755458652973175, 2.184481382369995, 1.7620652914047241, 1.1508394479751587, 0.7142585515975952, 0.8760395050048828, 2.825636625289917, 4.705878257751465, 0.7020918130874634, 7.097741603851318, 0.6855106353759766, 2.754183292388916, 1.8965561389923096, 1.3421608209609985, 0.5077745318412781, 2.3764026165008545, 1.6615289449691772, 0.5692206621170044, 0.7547558546066284, 0.769565224647522, 0.7364504933357239, 0.8187539577484131, 2.3087754249572754, 0.7748333811759949, 0.7186200618743896, 0.6755132079124451, 1.9689395427703857, 1.377476692199707, 0.7723517417907715, 4.751144886016846, 1.0234227180480957, 0.668592631816864, 0.7362940907478333, 3.8166556358337402, 3.0360708236694336, 6.018734931945801, 0.686104953289032, 0.6225569844245911, 2.1748390197753906, 0.8852846622467041, 0.5442454814910889, 1.5194393396377563, 2.4997758865356445, 0.9808393716812134, 0.6529242992401123, 2.4845385551452637, 1.4103686809539795, 4.525964260101318, 0.5522250533103943, 0.5807576775550842, 2.6325016021728516, 0.5058395862579346, 2.711205244064331, 1.7429815530776978, 0.8735741376876831, 2.178264856338501, 2.6304242610931396, 0.732897162437439, 0.8201509714126587, 0.5103901028633118, 1.3544217348098755, 1.5212701559066772, 2.1452887058258057, 0.4540804624557495, 3.050990104675293, 0.6230266094207764, 1.0632702112197876, 0.730461597442627, 5.39253044128418, 2.8723297119140625, 0.8384667038917542, 0.774280309677124, 0.6977792978286743, 3.4369256496429443, 5.815052032470703, 0.6042165160179138, 1.8790134191513062, 8.727032661437988, 0.5552408695220947, 0.5802306532859802, 1.9909427165985107, 5.233943939208984, 3.3697080612182617, 1.4449924230575562, 0.5711662173271179, 9.910057067871094, 2.3191003799438477, 1.224045991897583, 4.377868175506592, 6.396068572998047, 2.179348945617676, 0.9618979692459106, 2.1514179706573486, 1.4910681247711182, 0.7250155806541443, 7.543398857116699, 0.6058827042579651, 1.3365613222122192, 0.9103728532791138, 0.4673100411891937, 0.619712233543396, 0.663942277431488, 0.46718451380729675, 0.8121700286865234, 0.7148485779762268, 8.408490180969238, 0.593578577041626, 5.836678504943848, 2.049154281616211, 0.7617266178131104, 5.3614325523376465, 8.043987274169922, 0.8918639421463013, 3.895139455795288, 0.6283136606216431, 0.8088918924331665, 1.6129878759384155, 1.2539358139038086, 1.9522989988327026, 2.0382907390594482, 2.5585803985595703, 0.8157391548156738, 1.3695611953735352, 0.6489976644515991, 0.5548727512359619, 5.734367847442627, 0.829176664352417, 0.7387866377830505, 0.5482082962989807, 0.6730638742446899, 0.7198326587677002, 1.0686352252960205, 2.8461060523986816, 1.4033117294311523, 0.7379937171936035, 1.0195468664169312, 0.8215045928955078, 1.1745620965957642, 3.1318535804748535, 3.2408676147460938, 0.8025626540184021, 3.0557711124420166, 1.8574451208114624, 1.0425028800964355, 1.4754115343093872, 2.4666104316711426, 3.445625066757202, 3.302771806716919, 0.9627417922019958, 1.775346040725708, 1.9613096714019775, 0.6547464728355408, 4.91906213760376, 0.8170263767242432, 0.5315603613853455, 0.7317632436752319, 2.690284013748169, 1.1141576766967773, 1.7603663206100464, 1.2931945323944092, 1.0218058824539185, 2.5109219551086426, 2.723959445953369, 0.928499162197113, 2.6474013328552246, 0.647932231426239, 0.6419803500175476, 1.859517216682434, 0.6949414014816284, 0.6511270999908447, 0.48972010612487793, 4.729579925537109, 0.7551165223121643, 1.0538665056228638, 5.95120906829834, 0.695283055305481, 0.6263626217842102, 6.3587422370910645, 10.160521507263184, 8.433404922485352, 4.120794296264648, 0.7171524167060852, 3.275750160217285, 0.5072487592697144, 0.9243897199630737, 1.5336898565292358, 0.6367965340614319, 5.647952079772949, 4.063052177429199, 1.3090602159500122, 1.8073382377624512, 0.5345646142959595, 5.778751373291016, 0.7347837686538696, 7.3673200607299805, 0.8956026434898376, 1.641818881034851, 1.0457959175109863, 0.5778776407241821, 4.1258416175842285, 7.411819934844971, 1.7694207429885864, 3.118366003036499, 0.8135116696357727, 3.9365670680999756, 0.7832571268081665, 1.6804503202438354, 0.6576889157295227, 1.6225277185440063, 4.104963779449463, 0.5930835008621216, 0.5179244875907898, 8.18124771118164, 0.5436927676200867, 4.631802558898926, 0.6006035208702087, 2.9176816940307617, 5.004894256591797, 2.2830028533935547, 0.8722478747367859, 1.642482876777649, 0.6938197612762451, 0.5415958166122437, 1.2052289247512817, 2.6192092895507812, 8.050736427307129, 1.4326400756835938, 3.4002010822296143, 2.17281174659729, 3.6489367485046387, 1.2209309339523315, 0.7800726890563965, 0.7089071869850159, 2.6045639514923096, 0.5943573117256165, 1.8596827983856201, 0.8753312826156616, 0.6392045617103577, 3.1857199668884277, 0.6697964668273926, 2.3227908611297607, 2.940767526626587, 0.7820780873298645, 1.0593734979629517, 1.2036261558532715, 1.164481520652771, 0.8518931865692139, 0.7554013729095459, 0.7349755764007568, 1.2454190254211426, 0.6470173001289368, 2.133126735687256, 3.7148940563201904, 2.3382909297943115, 4.414923191070557, 1.883913278579712, 7.117097854614258, 0.5694575905799866, 4.971319675445557, 0.6437783241271973]",3.0,"[33.0, 22.0, 10.0, 5.0, 5.0, 4.0, 4.0, 4.0, 4.0, 3.0, 3.0, 3.0, 3.0, 3.0, 3.0, 3.0, 3.0, 3.0, 3.0, 3.0, 3.0, 3.0, 3.0, 3.0, 3.0, 3.0, 3.0, 3.0, 3.0, 3.0, 3.0, 3.0, 3.0, 3.0, 3.0, 3.0, 3.0, 3.0, 3.0, 3.0, 3.0, 3.0, 3.0, 3.0, 3.0, 3.0, 3.0, 3.0, 3.0, 3.0, 3.0, 3.0, 3.0, 3.0, 3.0, 3.0, 3.0, 3.0, 3.0, 3.0, 3.0, 3.0, 3.0, 3.0, 3.0, 3.0, 3.0, 3.0, 3.0, 3.0, 3.0, 3.0, 3.0, 3.0, 3.0, 3.0, 3.0, 3.0, 3.0, 3.0, 3.0, 3.0, 3.0, 3.0, 3.0, 3.0, 3.0, 3.0, 3.0, 3.0, 3.0, 3.0, 3.0, 3.0, 3.0, 3.0, 3.0, 3.0, 3.0, 3.0, 3.0, 3.0, 3.0, 3.0, 3.0, 3.0, 3.0, 3.0, 3.0, 3.0, 3.0, 3.0, 3.0, 3.0, 3.0, 3.0, 3.0, 3.0, 3.0, 3.0, 3.0, 3.0, 3.0, 3.0, 3.0, 3.0, 3.0, 3.0, 3.0, 3.0, 3.0, 3.0, 3.0, 3.0, 3.0, 3.0, 3.0, 3.0, 3.0, 3.0, 3.0, 3.0, 3.0, 3.0, 3.0, 3.0, 3.0, 3.0, 3.0, 3.0, 3.0, 3.0, 3.0, 3.0, 3.0, 3.0, 3.0, 3.0, 3.0, 3.0, 3.0, 3.0, 3.0, 3.0, 3.0, 3.0, 3.0, 3.0, 3.0, 3.0, 3.0, 3.0, 3.0, 3.0, 3.0, 3.0, 3.0, 3.0, 3.0, 3.0, 3.0, 3.0, 3.0, 3.0, 3.0, 3.0, 3.0, 3.0, 3.0, 3.0, 3.0, 3.0, 3.0, 3.0, 3.0, 3.0, 3.0, 3.0, 3.0, 3.0, 3.0, 3.0, 3.0, 3.0, 3.0, 3.0, 3.0, 3.0, 3.0, 3.0, 3.0, 3.0, 3.0, 3.0, 3.0, 3.0, 3.0, 3.0, 3.0, 3.0, 3.0, 3.0, 3.0, 3.0, 3.0, 3.0, 3.0, 3.0, 3.0, 3.0, 3.0, 3.0, 3.0, 3.0, 3.0, 3.0, 3.0, 3.0, 3.0, 3.0, 3.0, 3.0, 3.0, 3.0, 3.0, 3.0, 3.0, 3.0, 3.0, 3.0, 3.0, 3.0, 3.0, 3.0, 3.0, 3.0, 3.0, 3.0, 3.0, 3.0, 3.0, 3.0, 3.0, 3.0, 3.0, 3.0, 3.0, 3.0, 3.0, 3.0, 3.0, 3.0, 3.0, 3.0, 3.0, 3.0, 3.0, 3.0, 3.0, 3.0, 3.0, 3.0, 3.0, 3.0, 3.0, 3.0, 3.0, 3.0, 3.0, 3.0, 3.0, 3.0, 3.0, 3.0, 3.0, 3.0, 3.0, 3.0, 3.0, 3.0, 3.0, 3.0, 3.0, 3.0, 3.0, 3.0, 3.0, 3.0, 3.0, 3.0, 3.0, 3.0, 3.0, 3.0, 3.0, 3.0, 3.0, 3.0, 3.0, 3.0, 3.0, 3.0, 3.0, 3.0, 3.0, 3.0, 3.0, 3.0, 3.0, 3.0, 3.0, 3.0, 3.0, 3.0, 3.0, 3.0, 3.0, 3.0, 3.0, 3.0, 3.0, 3.0, 3.0, 3.0, 3.0, 3.0, 3.0, 3.0, 3.0, 3.0, 3.0, 3.0, 3.0, 3.0, 3.0, 3.0, 3.0, 3.0, 3.0, 3.0, 3.0, 3.0, 3.0, 3.0, 3.0, 3.0, 3.0, 3.0, 3.0, 3.0, 3.0, 3.0, 3.0, 3.0, 3.0, 3.0, 3.0, 3.0, 3.0, 3.0, 3.0, 3.0, 3.0, 3.0, 3.0, 3.0, 3.0, 3.0, 3.0, 3.0, 3.0, 3.0, 3.0, 3.0, 3.0, 3.0, 3.0, 3.0, 3.0, 3.0, 3.0, 3.0, 3.0, 3.0, 3.0, 3.0, 3.0, 3.0, 3.0, 3.0]",COMPLETE
