,number,value,datetime_start,datetime_complete,duration,params_batch_size_scaler,params_constant_learning_rate,params_depth,params_epochs,params_kernel_l2,params_num_trees,params_temperature,user_attrs_accuracy_test,user_attrs_accuracy_valid,user_attrs_approximate_feature_sparsity,user_attrs_approximate_feature_sparsity_history,user_attrs_approximate_weight_sparsity,user_attrs_approximate_weight_sparsity_history,user_attrs_auc_test,user_attrs_auc_valid,user_attrs_feature_sparsity,user_attrs_feature_sparsity_history,user_attrs_num_epochs,user_attrs_val_loss_history,user_attrs_weight_sparsity,user_attrs_weight_sparsity_history,state
63,63,0.9254035114838144,2024-08-31 03:11:03.911056,2024-08-31 03:13:31.700203,0 days 00:02:27.789147,4,0.04283637283086484,3,380,0.0031095374622794793,45,0.04996673376343846,0.94,0.94125,33,"[33, 33, 33, 33, 33, 33, 33, 33, 33, 33, 33, 33, 33, 33, 33, 33, 33, 33, 33, 33, 33, 33, 33, 33, 33, 33, 33, 33, 33, 33, 33, 33, 33, 33, 33, 33, 33, 33, 33, 33, 33, 33, 33, 33, 33, 33, 33, 33, 33, 33, 33, 33, 33, 33, 33, 33, 33, 33, 33, 33, 33, 33, 33, 33, 33, 33, 33, 33, 33, 33, 33, 33, 33, 33, 33, 33, 33, 33, 33, 33, 33, 33, 33, 33, 33, 33, 33, 33, 33, 33, 33, 33, 33, 33, 33, 33, 33, 33, 33, 33, 33, 33, 33, 33, 33, 33, 33, 33, 33, 33, 33, 33, 33, 33, 33, 33, 33, 33, 33, 33, 33, 33, 33, 33, 33, 33, 33, 33, 33, 33, 33, 33, 33, 33, 33, 33, 33, 33, 33, 33, 33, 33, 33, 33, 33, 33, 33, 33, 33, 33, 33, 33, 33, 33, 33, 33, 33, 33, 33, 33, 33, 33, 33, 33, 33, 33, 33, 33, 33, 33, 33, 33, 33, 33, 33, 33, 33, 33, 33, 33, 33, 33, 33, 33, 33, 33, 33, 33, 33, 33, 33, 33, 33, 33, 33, 33, 33, 33, 33, 33, 33, 33, 33, 33, 33, 33, 33, 33, 33, 33, 33, 33, 33, 33, 33, 33, 33, 33, 33, 33, 33, 33, 33, 33, 33, 33, 33, 33, 33, 33, 33, 33, 33, 33, 33, 33, 33, 33, 33, 33, 33, 33, 33, 33, 33, 33, 33, 33, 33, 33, 33, 33, 33, 33, 33, 33, 33, 33, 33, 33, 33, 33, 33, 33, 33, 33, 33, 33, 33, 33, 33, 33, 33, 33, 33, 33, 33, 33, 33, 33, 33, 33, 33, 33, 33, 33, 33, 33, 33, 33, 33, 33, 33, 33, 33, 33, 33, 33, 33, 33, 33, 33, 33, 33, 33, 33, 33, 33, 33, 33, 33, 33, 33, 33, 33, 33, 33, 33, 33, 33, 33, 33, 33, 33, 33, 33, 33, 33, 33, 33, 33, 33, 33, 33, 33, 33, 33, 33, 33, 33, 33, 33, 33, 33, 33, 33, 33, 33, 33, 33, 33, 33, 33, 33, 33, 33, 33, 33, 33, 33, 33, 33, 33, 33, 33, 33, 33, 33, 33, 33, 33, 33, 33, 33, 33, 33, 33, 33, 33, 33]",32.971428571428575,"[32.974603174603175, 32.977777777777774, 32.98095238095238, 32.99047619047619, 32.974603174603175, 32.98730158730159, 32.977777777777774, 32.98095238095238, 32.98095238095238, 32.96507936507936, 32.977777777777774, 32.971428571428575, 32.974603174603175, 32.98095238095238, 32.974603174603175, 32.977777777777774, 32.974603174603175, 32.96507936507936, 32.974603174603175, 32.974603174603175, 32.98095238095238, 32.977777777777774, 32.974603174603175, 32.977777777777774, 32.98095238095238, 32.96825396825397, 32.98412698412699, 32.98095238095238, 32.98095238095238, 32.993650793650794, 32.99047619047619, 32.993650793650794, 32.98412698412699, 32.977777777777774, 32.96190476190476, 32.99047619047619, 32.974603174603175, 32.974603174603175, 32.98412698412699, 32.971428571428575, 32.974603174603175, 32.974603174603175, 32.971428571428575, 32.974603174603175, 32.971428571428575, 32.98730158730159, 32.98095238095238, 32.98730158730159, 32.974603174603175, 32.98730158730159, 32.98412698412699, 32.974603174603175, 32.98095238095238, 32.98095238095238, 32.99047619047619, 32.98412698412699, 32.971428571428575, 32.98730158730159, 32.977777777777774, 32.98412698412699, 32.98730158730159, 32.98730158730159, 32.974603174603175, 32.96507936507936, 32.98095238095238, 32.98412698412699, 32.98730158730159, 32.98412698412699, 32.977777777777774, 32.96507936507936, 32.96190476190476, 32.96825396825397, 32.96825396825397, 32.96825396825397, 32.971428571428575, 32.971428571428575, 32.974603174603175, 32.974603174603175, 32.971428571428575, 32.98095238095238, 32.977777777777774, 32.98095238095238, 32.98095238095238, 32.971428571428575, 32.977777777777774, 32.98412698412699, 32.974603174603175, 32.98095238095238, 32.96190476190476, 32.977777777777774, 32.974603174603175, 32.971428571428575, 32.974603174603175, 32.98412698412699, 32.977777777777774, 32.96825396825397, 32.94285714285714, 32.971428571428575, 32.96507936507936, 32.96825396825397, 32.96825396825397, 32.974603174603175, 32.98412698412699, 32.98095238095238, 32.977777777777774, 32.977777777777774, 32.98095238095238, 32.98095238095238, 32.98095238095238, 32.98095238095238, 32.977777777777774, 32.98095238095238, 32.98095238095238, 32.98412698412699, 32.98095238095238, 32.974603174603175, 32.971428571428575, 32.977777777777774, 32.977777777777774, 32.98095238095238, 32.96507936507936, 32.974603174603175, 32.977777777777774, 32.971428571428575, 32.974603174603175, 32.96190476190476, 32.974603174603175, 32.977777777777774, 32.98412698412699, 32.99047619047619, 32.98730158730159, 32.98095238095238, 32.971428571428575, 32.974603174603175, 32.974603174603175, 32.98412698412699, 32.974603174603175, 32.98412698412699, 32.98730158730159, 32.98095238095238, 32.98412698412699, 32.96825396825397, 32.974603174603175, 32.977777777777774, 32.974603174603175, 32.974603174603175, 32.98412698412699, 32.98095238095238, 32.974603174603175, 32.977777777777774, 32.98412698412699, 32.98730158730159, 32.98095238095238, 32.98730158730159, 32.98412698412699, 32.98095238095238, 32.98412698412699, 32.98095238095238, 32.98095238095238, 32.98412698412699, 32.98730158730159, 32.977777777777774, 32.971428571428575, 32.974603174603175, 32.98095238095238, 32.974603174603175, 32.96825396825397, 32.95873015873016, 32.95873015873016, 32.96190476190476, 32.96825396825397, 32.971428571428575, 32.98412698412699, 32.974603174603175, 32.977777777777774, 32.974603174603175, 32.971428571428575, 32.96825396825397, 32.971428571428575, 32.971428571428575, 32.977777777777774, 32.974603174603175, 32.971428571428575, 32.971428571428575, 32.977777777777774, 32.96507936507936, 32.96190476190476, 32.977777777777774, 32.974603174603175, 32.977777777777774, 32.974603174603175, 32.971428571428575, 32.974603174603175, 32.971428571428575, 32.96825396825397, 32.974603174603175, 32.977777777777774, 32.98730158730159, 32.98730158730159, 32.98730158730159, 32.98095238095238, 32.99047619047619, 32.98095238095238, 32.974603174603175, 32.977777777777774, 32.977777777777774, 32.98412698412699, 32.98730158730159, 32.98412698412699, 32.99047619047619, 32.98730158730159, 32.98730158730159, 32.98730158730159, 32.98412698412699, 32.98730158730159, 32.98412698412699, 32.993650793650794, 32.98095238095238, 32.98412698412699, 32.98730158730159, 32.98412698412699, 32.977777777777774, 32.98095238095238, 32.98095238095238, 32.98095238095238, 32.99047619047619, 32.99047619047619, 32.98095238095238, 32.98412698412699, 32.98730158730159, 32.98412698412699, 32.98730158730159, 32.99047619047619, 32.99047619047619, 32.993650793650794, 32.98730158730159, 32.99047619047619, 32.977777777777774, 32.971428571428575, 32.977777777777774, 32.971428571428575, 32.98095238095238, 32.974603174603175, 32.971428571428575, 32.96825396825397, 32.971428571428575, 32.977777777777774, 32.98730158730159, 32.98095238095238, 32.98412698412699, 32.98095238095238, 32.98730158730159, 32.98730158730159, 32.98095238095238, 32.974603174603175, 32.98095238095238, 32.974603174603175, 32.971428571428575, 32.974603174603175, 32.98412698412699, 32.96825396825397, 32.977777777777774, 32.96825396825397, 32.974603174603175, 32.974603174603175, 32.974603174603175, 32.95238095238095, 32.95238095238095, 32.96190476190476, 32.96825396825397, 32.974603174603175, 32.971428571428575, 32.96507936507936, 32.974603174603175, 32.96190476190476, 32.95238095238095, 32.95873015873016, 32.977777777777774, 32.977777777777774, 32.974603174603175, 32.971428571428575, 32.971428571428575, 32.96825396825397, 32.95873015873016, 32.95873015873016, 32.95238095238095, 32.96507936507936, 32.96507936507936, 32.96507936507936, 32.977777777777774, 32.974603174603175, 32.977777777777774, 32.96190476190476, 32.96507936507936, 32.95873015873016, 32.955555555555556, 32.971428571428575, 32.971428571428575, 32.974603174603175, 32.98095238095238, 32.98095238095238, 32.977777777777774, 32.98412698412699, 32.977777777777774, 32.971428571428575, 32.974603174603175, 32.977777777777774, 32.974603174603175, 32.971428571428575, 32.974603174603175, 32.98095238095238, 32.98730158730159, 32.971428571428575, 32.98095238095238, 32.98730158730159, 32.98412698412699, 32.977777777777774, 32.977777777777774, 32.977777777777774, 32.98095238095238, 32.977777777777774, 32.98730158730159, 32.99047619047619, 32.98095238095238, 32.977777777777774, 32.98730158730159, 32.974603174603175, 32.977777777777774, 32.971428571428575, 32.96825396825397, 32.971428571428575, 32.98095238095238, 32.977777777777774, 32.974603174603175, 32.971428571428575, 32.974603174603175, 32.977777777777774, 32.971428571428575, 32.98095238095238, 32.977777777777774, 32.977777777777774, 32.96507936507936, 32.96825396825397, 32.96190476190476, 32.95873015873016, 32.971428571428575, 32.96825396825397, 32.971428571428575, 32.971428571428575, 32.974603174603175, 32.974603174603175, 32.96825396825397, 32.96507936507936, 32.96190476190476, 32.96190476190476, 32.974603174603175, 32.974603174603175, 32.977777777777774, 32.98412698412699, 32.98095238095238, 32.971428571428575, 32.974603174603175, 32.977777777777774, 32.974603174603175, 32.974603174603175, 32.971428571428575, 32.98412698412699, 32.977777777777774, 32.971428571428575, 32.974603174603175, 32.96507936507936, 32.96825396825397, 32.977777777777774, 32.974603174603175, 32.96507936507936, 32.95873015873016, 32.96825396825397, 32.977777777777774, 32.971428571428575, 32.971428571428575]",0.9094526870268085,0.9254035114838144,33,"[33, 33, 33, 33, 33, 33, 33, 33, 33, 33, 33, 33, 33, 33, 33, 33, 33, 33, 33, 33, 33, 33, 33, 33, 33, 33, 33, 33, 33, 33, 33, 33, 33, 33, 33, 33, 33, 33, 33, 33, 33, 33, 33, 33, 33, 33, 33, 33, 33, 33, 33, 33, 33, 33, 33, 33, 33, 33, 33, 33, 33, 33, 33, 33, 33, 33, 33, 33, 33, 33, 33, 33, 33, 33, 33, 33, 33, 33, 33, 33, 33, 33, 33, 33, 33, 33, 33, 33, 33, 33, 33, 33, 33, 33, 33, 33, 33, 33, 33, 33, 33, 33, 33, 33, 33, 33, 33, 33, 33, 33, 33, 33, 33, 33, 33, 33, 33, 33, 33, 33, 33, 33, 33, 33, 33, 33, 33, 33, 33, 33, 33, 33, 33, 33, 33, 33, 33, 33, 33, 33, 33, 33, 33, 33, 33, 33, 33, 33, 33, 33, 33, 33, 33, 33, 33, 33, 33, 33, 33, 33, 33, 33, 33, 33, 33, 33, 33, 33, 33, 33, 33, 33, 33, 33, 33, 33, 33, 33, 33, 33, 33, 33, 33, 33, 33, 33, 33, 33, 33, 33, 33, 33, 33, 33, 33, 33, 33, 33, 33, 33, 33, 33, 33, 33, 33, 33, 33, 33, 33, 33, 33, 33, 33, 33, 33, 33, 33, 33, 33, 33, 33, 33, 33, 33, 33, 33, 33, 33, 33, 33, 33, 33, 33, 33, 33, 33, 33, 33, 33, 33, 33, 33, 33, 33, 33, 33, 33, 33, 33, 33, 33, 33, 33, 33, 33, 33, 33, 33, 33, 33, 33, 33, 33, 33, 33, 33, 33, 33, 33, 33, 33, 33, 33, 33, 33, 33, 33, 33, 33, 33, 33, 33, 33, 33, 33, 33, 33, 33, 33, 33, 33, 33, 33, 33, 33, 33, 33, 33, 33, 33, 33, 33, 33, 33, 33, 33, 33, 33, 33, 33, 33, 33, 33, 33, 33, 33, 33, 33, 33, 33, 33, 33, 33, 33, 33, 33, 33, 33, 33, 33, 33, 33, 33, 33, 33, 33, 33, 33, 33, 33, 33, 33, 33, 33, 33, 33, 33, 33, 33, 33, 33, 33, 33, 33, 33, 33, 33, 33, 33, 33, 33, 33, 33, 33, 33, 33, 33, 33, 33, 33, 33, 33, 33, 33, 33, 33, 33, 33, 33, 33]",380,"[0.39677944779396057, 0.3891485631465912, 0.38309794664382935, 0.37864163517951965, 0.37519997358322144, 0.3723110556602478, 0.3699341118335724, 0.3679909110069275, 0.3659411668777466, 0.3643675744533539, 0.3625977635383606, 0.36101433634757996, 0.3595764636993408, 0.35828903317451477, 0.35693150758743286, 0.3554005026817322, 0.3540351390838623, 0.352702796459198, 0.35128653049468994, 0.35006183385849, 0.3488576114177704, 0.3473883867263794, 0.34626105427742004, 0.34577369689941406, 0.34367865324020386, 0.3423873484134674, 0.3411230742931366, 0.3398599922657013, 0.3386351466178894, 0.3379271328449249, 0.3363391160964966, 0.3350052237510681, 0.3337880074977875, 0.33252760767936707, 0.33132603764533997, 0.33027851581573486, 0.32910096645355225, 0.3277340829372406, 0.32639968395233154, 0.32543009519577026, 0.3239271938800812, 0.3227235674858093, 0.3212980031967163, 0.3200693130493164, 0.31890422105789185, 0.31769731640815735, 0.31627047061920166, 0.31509560346603394, 0.3140661120414734, 0.31275781989097595, 0.31143903732299805, 0.3096705973148346, 0.30857670307159424, 0.30702245235443115, 0.30616074800491333, 0.304389089345932, 0.3032337725162506, 0.3018616735935211, 0.3001781702041626, 0.298717200756073, 0.29747599363327026, 0.2966687083244324, 0.2948813736438751, 0.29343050718307495, 0.2921398878097534, 0.29100340604782104, 0.2892126142978668, 0.2880491614341736, 0.2869124114513397, 0.2854216694831848, 0.2840507924556732, 0.28271937370300293, 0.2821058928966522, 0.2804170548915863, 0.27907633781433105, 0.27762892842292786, 0.2764199376106262, 0.2752613127231598, 0.27404114603996277, 0.27295398712158203, 0.2719017267227173, 0.27070140838623047, 0.26960238814353943, 0.26853060722351074, 0.2674869894981384, 0.2665366232395172, 0.2655538320541382, 0.26459261775016785, 0.2636009752750397, 0.2631920576095581, 0.2620016038417816, 0.2609126567840576, 0.26017770171165466, 0.259149432182312, 0.25872603058815, 0.25777626037597656, 0.2569967210292816, 0.2562263309955597, 0.25508660078048706, 0.25416362285614014, 0.253383994102478, 0.2527569532394409, 0.2520773410797119, 0.25134268403053284, 0.2505895495414734, 0.2501769959926605, 0.2491777539253235, 0.2484358847141266, 0.24779455363750458, 0.24745966494083405, 0.24661841988563538, 0.24590784311294556, 0.24541503190994263, 0.2451128363609314, 0.24497364461421967, 0.2438245415687561, 0.24337589740753174, 0.24319323897361755, 0.24295659363269806, 0.24188628792762756, 0.24104909598827362, 0.24142280220985413, 0.23983265459537506, 0.23942191898822784, 0.23920482397079468, 0.23815849423408508, 0.23855003714561462, 0.23737619817256927, 0.23696443438529968, 0.23667289316654205, 0.23553331196308136, 0.235143780708313, 0.23486655950546265, 0.23433391749858856, 0.23405039310455322, 0.23405294120311737, 0.2331535965204239, 0.23263393342494965, 0.23172304034233093, 0.23132053017616272, 0.23150067031383514, 0.23066887259483337, 0.2308078557252884, 0.2301759272813797, 0.22989536821842194, 0.22958801686763763, 0.2289593368768692, 0.22809366881847382, 0.22796863317489624, 0.22751015424728394, 0.2268359512090683, 0.22647283971309662, 0.2265969067811966, 0.22582696378231049, 0.22520741820335388, 0.224949911236763, 0.22517740726470947, 0.2248738408088684, 0.22475993633270264, 0.22333267331123352, 0.22296996414661407, 0.22279657423496246, 0.22281408309936523, 0.22219446301460266, 0.22191917896270752, 0.22110562026500702, 0.2209365963935852, 0.2209731936454773, 0.2203645557165146, 0.21992847323417664, 0.2197187840938568, 0.2193436473608017, 0.21932440996170044, 0.21900373697280884, 0.21888476610183716, 0.21813182532787323, 0.2180788666009903, 0.21797218918800354, 0.21727386116981506, 0.21671274304389954, 0.2166510373353958, 0.2159966677427292, 0.21589073538780212, 0.21547721326351166, 0.21538135409355164, 0.215139240026474, 0.21480152010917664, 0.21461328864097595, 0.21409648656845093, 0.21364599466323853, 0.21380320191383362, 0.21314877271652222, 0.21282973885536194, 0.2128879725933075, 0.2130022943019867, 0.21236386895179749, 0.2124892771244049, 0.2122480571269989, 0.21140597760677338, 0.21134620904922485, 0.21093454957008362, 0.2109789401292801, 0.21113479137420654, 0.21075984835624695, 0.21049562096595764, 0.20970717072486877, 0.20952975749969482, 0.2101569026708603, 0.20947973430156708, 0.21014763414859772, 0.20946721732616425, 0.2090233415365219, 0.21010828018188477, 0.20856080949306488, 0.20793838798999786, 0.20828436315059662, 0.20818978548049927, 0.20764192938804626, 0.20735697448253632, 0.20732568204402924, 0.2071932852268219, 0.207193523645401, 0.20713120698928833, 0.20688702166080475, 0.20626239478588104, 0.20639897882938385, 0.20609025657176971, 0.20686784386634827, 0.20567534863948822, 0.20568332076072693, 0.20527422428131104, 0.20671705901622772, 0.2049557864665985, 0.20558972656726837, 0.2043360471725464, 0.20488609373569489, 0.2041451632976532, 0.2039477527141571, 0.20386779308319092, 0.2040945291519165, 0.20364214479923248, 0.20360346138477325, 0.20335955917835236, 0.20409385859966278, 0.2028280645608902, 0.2029515504837036, 0.2026253640651703, 0.203539177775383, 0.20301741361618042, 0.20223091542720795, 0.20201748609542847, 0.2019270956516266, 0.20189040899276733, 0.2019352912902832, 0.2014578878879547, 0.20172089338302612, 0.20189040899276733, 0.20173707604408264, 0.20155742764472961, 0.201278418302536, 0.20093829929828644, 0.2013871967792511, 0.20055776834487915, 0.20004640519618988, 0.199851393699646, 0.20025834441184998, 0.200161874294281, 0.200465127825737, 0.20002658665180206, 0.2001425325870514, 0.20108383893966675, 0.20030874013900757, 0.19955994188785553, 0.19963645935058594, 0.20064140856266022, 0.19921031594276428, 0.19943426549434662, 0.1989358514547348, 0.19873076677322388, 0.1988420933485031, 0.19892917573451996, 0.1983863115310669, 0.19862373173236847, 0.1987871527671814, 0.19901838898658752, 0.19967548549175262, 0.1985330730676651, 0.19843322038650513, 0.19788013398647308, 0.19771234691143036, 0.19824829697608948, 0.1987588107585907, 0.19758723676204681, 0.19819538295269012, 0.1978154331445694, 0.19754217565059662, 0.19728244841098785, 0.19766032695770264, 0.19806264340877533, 0.1976618617773056, 0.1968775987625122, 0.1969677358865738, 0.19712160527706146, 0.19756776094436646, 0.19706963002681732, 0.19640588760375977, 0.19677339494228363, 0.19712558388710022, 0.19606506824493408, 0.19668032228946686, 0.197047159075737, 0.19637995958328247, 0.19623665511608124, 0.19663415849208832, 0.1956212967634201, 0.196842759847641, 0.19605611264705658, 0.19588834047317505, 0.1959717869758606, 0.19551678001880646, 0.19572800397872925, 0.1958577185869217, 0.19560450315475464, 0.19538648426532745, 0.1958489865064621, 0.19499382376670837, 0.19574089348316193, 0.19555646181106567, 0.1957702487707138, 0.1951722353696823, 0.19549989700317383, 0.19544319808483124, 0.194351926445961, 0.19535264372825623, 0.19519014656543732, 0.19421663880348206, 0.1950472593307495, 0.1954890489578247, 0.1945282369852066, 0.19453547894954681, 0.195180281996727, 0.19423741102218628, 0.19447846710681915, 0.19431334733963013, 0.1943913698196411, 0.19394834339618683, 0.19357748329639435, 0.19386686384677887, 0.19396249949932098, 0.19512660801410675, 0.19489364326000214, 0.19439983367919922, 0.1941869705915451, 0.19447869062423706, 0.1942991465330124, 0.193585604429245, 0.19288326799869537, 0.19300322234630585, 0.19348478317260742, 0.1929868757724762, 0.19344289600849152, 0.1932298243045807, 0.19268600642681122, 0.19301578402519226, 0.1930893063545227, 0.193348228931427, 0.19250796735286713, 0.1932312250137329, 0.19233274459838867, 0.19238083064556122, 0.1928192675113678, 0.19354867935180664, 0.19192813336849213, 0.19244784116744995, 0.19310139119625092, 0.19247660040855408, 0.1923600733280182, 0.19233432412147522, 0.1922212392091751, 0.19265799224376678]",33.0,"[33.0, 33.0, 33.0, 33.0, 33.0, 33.0, 33.0, 33.0, 33.0, 33.0, 33.0, 33.0, 33.0, 33.0, 33.0, 33.0, 33.0, 33.0, 33.0, 33.0, 33.0, 33.0, 33.0, 33.0, 33.0, 33.0, 33.0, 33.0, 33.0, 33.0, 33.0, 33.0, 33.0, 33.0, 33.0, 33.0, 33.0, 33.0, 33.0, 33.0, 33.0, 33.0, 33.0, 33.0, 33.0, 33.0, 33.0, 33.0, 33.0, 33.0, 33.0, 33.0, 33.0, 33.0, 33.0, 33.0, 33.0, 33.0, 33.0, 33.0, 33.0, 33.0, 33.0, 33.0, 33.0, 33.0, 33.0, 33.0, 33.0, 33.0, 33.0, 33.0, 33.0, 33.0, 33.0, 33.0, 33.0, 33.0, 33.0, 33.0, 33.0, 33.0, 33.0, 33.0, 33.0, 33.0, 33.0, 33.0, 33.0, 33.0, 33.0, 33.0, 33.0, 33.0, 33.0, 33.0, 33.0, 33.0, 33.0, 33.0, 33.0, 33.0, 33.0, 33.0, 33.0, 33.0, 33.0, 33.0, 33.0, 33.0, 33.0, 33.0, 33.0, 33.0, 33.0, 33.0, 33.0, 33.0, 33.0, 33.0, 33.0, 33.0, 33.0, 33.0, 33.0, 33.0, 33.0, 33.0, 33.0, 33.0, 33.0, 33.0, 33.0, 33.0, 33.0, 33.0, 33.0, 33.0, 33.0, 33.0, 33.0, 33.0, 33.0, 33.0, 33.0, 33.0, 33.0, 33.0, 33.0, 33.0, 33.0, 33.0, 33.0, 33.0, 33.0, 33.0, 33.0, 33.0, 33.0, 33.0, 33.0, 33.0, 33.0, 33.0, 33.0, 33.0, 33.0, 33.0, 33.0, 33.0, 33.0, 33.0, 33.0, 33.0, 33.0, 33.0, 33.0, 33.0, 33.0, 33.0, 33.0, 33.0, 33.0, 33.0, 33.0, 33.0, 33.0, 33.0, 33.0, 33.0, 33.0, 33.0, 33.0, 33.0, 33.0, 33.0, 33.0, 33.0, 33.0, 33.0, 33.0, 33.0, 33.0, 33.0, 33.0, 33.0, 33.0, 33.0, 33.0, 33.0, 33.0, 33.0, 33.0, 33.0, 33.0, 33.0, 33.0, 33.0, 33.0, 33.0, 33.0, 33.0, 33.0, 33.0, 33.0, 33.0, 33.0, 33.0, 33.0, 33.0, 33.0, 33.0, 33.0, 33.0, 33.0, 33.0, 33.0, 33.0, 33.0, 33.0, 33.0, 33.0, 33.0, 33.0, 33.0, 33.0, 33.0, 33.0, 33.0, 33.0, 33.0, 33.0, 33.0, 33.0, 33.0, 33.0, 33.0, 33.0, 33.0, 33.0, 33.0, 33.0, 33.0, 33.0, 33.0, 33.0, 33.0, 33.0, 33.0, 33.0, 33.0, 33.0, 33.0, 33.0, 33.0, 33.0, 33.0, 33.0, 33.0, 33.0, 33.0, 33.0, 33.0, 33.0, 33.0, 33.0, 33.0, 33.0, 33.0, 33.0, 33.0, 33.0, 33.0, 33.0, 33.0, 33.0, 33.0, 33.0, 33.0, 33.0, 33.0, 33.0, 33.0, 33.0, 33.0, 33.0, 33.0, 33.0, 33.0, 33.0, 33.0, 33.0, 33.0, 33.0, 33.0, 33.0, 33.0, 33.0, 33.0, 33.0, 33.0, 33.0, 33.0, 33.0, 33.0, 33.0, 33.0, 33.0, 33.0, 33.0, 33.0, 33.0, 33.0, 33.0, 33.0, 33.0, 33.0, 33.0, 33.0, 33.0, 33.0, 33.0, 33.0, 33.0, 33.0, 33.0, 33.0, 33.0, 33.0, 33.0, 33.0, 33.0, 33.0, 33.0, 33.0, 33.0, 33.0, 33.0, 33.0, 33.0, 33.0, 33.0, 33.0, 33.0, 33.0, 33.0, 33.0, 33.0, 33.0, 33.0, 33.0, 33.0, 33.0, 33.0, 33.0, 33.0, 33.0, 33.0, 33.0, 33.0]",COMPLETE
