,number,value,datetime_start,datetime_complete,duration,params_batch_size_scaler,params_constant_learning_rate,params_depth,params_epochs,params_kernel_l2,params_num_trees,params_temperature,user_attrs_accuracy_test,user_attrs_accuracy_valid,user_attrs_approximate_feature_sparsity,user_attrs_approximate_feature_sparsity_history,user_attrs_approximate_weight_sparsity,user_attrs_approximate_weight_sparsity_history,user_attrs_auc_test,user_attrs_auc_valid,user_attrs_feature_sparsity,user_attrs_feature_sparsity_history,user_attrs_num_epochs,user_attrs_val_loss_history,user_attrs_weight_sparsity,user_attrs_weight_sparsity_history,state
74,74,0.7107856397573135,2024-08-31 03:29:42.893345,2024-08-31 03:30:55.563220,0 days 00:01:12.669875,64,0.07798854456909689,6,270,0.2543830400900022,12,0.0022006806148118755,0.862,0.86,33,"[33, 33, 33, 33, 33, 33, 33, 33, 33, 33, 33, 33, 33, 33, 33, 33, 33, 33, 33, 33, 33, 33, 33, 33, 33, 33, 33, 33, 33, 33, 33, 33, 33, 33, 33, 33, 33, 33, 33, 33, 33, 33, 33, 33, 33, 33, 33, 33, 33, 33, 33, 33, 33, 33, 33, 33, 33, 33, 33, 33, 33, 33, 33, 33, 33, 33, 33, 33, 33, 33, 33, 33, 33, 33, 33, 33, 33, 33, 33, 33, 33, 33, 33, 33, 33, 33, 33, 33, 33, 33, 33, 33, 33, 33, 33, 33, 33, 33, 33, 33, 33, 33, 33, 33, 33, 33, 33, 33, 33, 33, 33, 33, 33, 33, 33, 33, 33, 33, 33, 33, 33, 33, 33, 33, 33, 33, 33, 33, 33, 33, 33, 33, 33, 33, 33, 33, 33, 33, 33, 33, 33, 33, 33, 33, 33, 33, 33, 33, 33, 33, 33, 33, 33, 33, 33, 33, 33, 33, 33, 33, 33, 33, 33, 33, 33, 33, 33, 33, 33, 33, 33, 33, 33, 33, 33, 33, 33, 33, 33, 33, 33, 33, 33, 33, 33, 33, 33, 33, 33, 33, 33, 33, 33, 33, 33, 33, 33, 33, 33, 33, 33, 33, 33, 33, 33, 33, 33, 33, 33, 33, 33, 33, 33, 33, 33, 33, 33, 33, 33, 33, 33, 33, 33, 33, 33, 33, 33, 33, 33, 33, 33, 33, 33, 33, 33, 33, 33, 33, 33, 33, 33, 33, 33, 33, 33, 33, 33, 33, 33, 33, 33, 33, 33, 33, 33, 33, 33, 33, 33, 33, 33, 33, 33, 33, 33, 33, 33, 33, 33, 33]",32.9510582010582,"[32.96693121693122, 32.966931216931215, 32.97222222222223, 32.96560846560847, 32.964285714285715, 32.96957671957672, 32.96296296296296, 32.964285714285715, 32.96693121693122, 32.964285714285715, 32.96164021164021, 32.964285714285715, 32.955026455026456, 32.95899470899471, 32.96164021164021, 32.96296296296296, 32.966931216931215, 32.96296296296296, 32.95899470899471, 32.955026455026456, 32.957671957671955, 32.95899470899471, 32.964285714285715, 32.966931216931215, 32.96296296296297, 32.961640211640216, 32.964285714285715, 32.96296296296297, 32.95899470899471, 32.95899470899471, 32.955026455026456, 32.961640211640216, 32.964285714285715, 32.96825396825397, 32.95899470899471, 32.95634920634921, 32.96031746031746, 32.95634920634921, 32.961640211640216, 32.9537037037037, 32.95634920634921, 32.95899470899471, 32.957671957671955, 32.948412698412696, 32.945767195767196, 32.955026455026456, 32.95767195767196, 32.961640211640216, 32.95899470899471, 32.961640211640216, 32.96031746031746, 32.96296296296296, 32.964285714285715, 32.96957671957672, 32.96957671957672, 32.966931216931215, 32.961640211640216, 32.95634920634921, 32.964285714285715, 32.96957671957672, 32.96560846560847, 32.96296296296296, 32.96164021164021, 32.96560846560846, 32.96560846560847, 32.97089947089947, 32.96560846560847, 32.96560846560847, 32.96296296296296, 32.961640211640216, 32.961640211640216, 32.96031746031746, 32.96031746031746, 32.96296296296296, 32.964285714285715, 32.966931216931215, 32.961640211640216, 32.96031746031746, 32.9537037037037, 32.95370370370371, 32.95899470899471, 32.9537037037037, 32.957671957671955, 32.957671957671955, 32.9537037037037, 32.94973544973545, 32.9510582010582, 32.9537037037037, 32.9510582010582, 32.9537037037037, 32.961640211640216, 32.957671957671955, 32.955026455026456, 32.95238095238095, 32.957671957671955, 32.9563492063492, 32.9537037037037, 32.95899470899471, 32.961640211640216, 32.957671957671955, 32.95899470899471, 32.957671957671955, 32.96031746031746, 32.96296296296296, 32.95899470899471, 32.95899470899471, 32.96296296296296, 32.96031746031746, 32.9563492063492, 32.95767195767196, 32.964285714285715, 32.966931216931215, 32.96296296296297, 32.958994708994716, 32.95767195767196, 32.9537037037037, 32.95899470899471, 32.955026455026456, 32.955026455026456, 32.9510582010582, 32.95238095238095, 32.94708994708994, 32.94973544973545, 32.95238095238095, 32.9563492063492, 32.964285714285715, 32.961640211640216, 32.96031746031746, 32.961640211640216, 32.95899470899471, 32.96560846560847, 32.964285714285715, 32.96296296296296, 32.96560846560847, 32.96825396825397, 32.96693121693122, 32.96164021164021, 32.9563492063492, 32.9510582010582, 32.9510582010582, 32.955026455026456, 32.95634920634921, 32.955026455026456, 32.9510582010582, 32.9510582010582, 32.95767195767196, 32.95899470899471, 32.9537037037037, 32.95634920634921, 32.955026455026456, 32.95767195767196, 32.96031746031746, 32.964285714285715, 32.95899470899471, 32.95767195767196, 32.96296296296296, 32.96560846560847, 32.96560846560847, 32.961640211640216, 32.96296296296296, 32.961640211640216, 32.961640211640216, 32.96560846560846, 32.95899470899471, 32.964285714285715, 32.96164021164021, 32.95899470899471, 32.9563492063492, 32.96031746031746, 32.95899470899471, 32.96164021164021, 32.964285714285715, 32.96031746031746, 32.964285714285715, 32.96560846560847, 32.961640211640216, 32.95634920634921, 32.955026455026456, 32.95238095238095, 32.96031746031746, 32.96164021164021, 32.95899470899471, 32.95899470899471, 32.96031746031746, 32.957671957671955, 32.96031746031746, 32.9510582010582, 32.95370370370371, 32.952380952380956, 32.9537037037037, 32.955026455026456, 32.95238095238095, 32.9563492063492, 32.95634920634921, 32.957671957671955, 32.9563492063492, 32.95899470899471, 32.957671957671955, 32.95899470899471, 32.96031746031746, 32.9537037037037, 32.96031746031746, 32.96164021164021, 32.957671957671955, 32.96164021164021, 32.964285714285715, 32.964285714285715, 32.96031746031746, 32.96031746031746, 32.96031746031746, 32.95899470899471, 32.9563492063492, 32.957671957671955, 32.955026455026456, 32.9510582010582, 32.9484126984127, 32.955026455026456, 32.95238095238095, 32.95899470899471, 32.966931216931215, 32.964285714285715, 32.966931216931215, 32.96296296296296, 32.95767195767196, 32.955026455026456, 32.955026455026456, 32.95634920634921, 32.95634920634921, 32.95899470899471, 32.94973544973545, 32.948412698412696, 32.94973544973545, 32.955026455026456, 32.9510582010582, 32.94708994708995, 32.949735449735456, 32.949735449735456, 32.94973544973545, 32.95634920634921, 32.958994708994716, 32.961640211640216, 32.958994708994716, 32.958994708994716, 32.949735449735456, 32.95370370370371, 32.952380952380956, 32.952380952380956, 32.9537037037037, 32.9537037037037, 32.95634920634921, 32.9563492063492, 32.9563492063492, 32.95634920634921, 32.95634920634921, 32.95767195767196, 32.95899470899471, 32.95238095238095, 32.955026455026456, 32.957671957671955, 32.96031746031746, 32.955026455026456, 32.95899470899471, 32.95899470899471, 32.9563492063492, 32.95634920634921, 32.95634920634921, 32.9510582010582, 32.94973544973545, 32.9510582010582, 32.9510582010582]",0.7467449367976948,0.7107856397573135,33,"[33, 33, 33, 33, 33, 33, 33, 33, 33, 33, 33, 33, 33, 33, 33, 33, 33, 33, 33, 33, 33, 33, 33, 33, 33, 33, 33, 33, 33, 33, 33, 33, 33, 33, 33, 33, 33, 33, 33, 33, 33, 33, 33, 33, 33, 33, 33, 33, 33, 33, 33, 33, 33, 33, 33, 33, 33, 33, 33, 33, 33, 33, 33, 33, 33, 33, 33, 33, 33, 33, 33, 33, 33, 33, 33, 33, 33, 33, 33, 33, 33, 33, 33, 33, 33, 33, 33, 33, 33, 33, 33, 33, 33, 33, 33, 33, 33, 33, 33, 33, 33, 33, 33, 33, 33, 33, 33, 33, 33, 33, 33, 33, 33, 33, 33, 33, 33, 33, 33, 33, 33, 33, 33, 33, 33, 33, 33, 33, 33, 33, 33, 33, 33, 33, 33, 33, 33, 33, 33, 33, 33, 33, 33, 33, 33, 33, 33, 33, 33, 33, 33, 33, 33, 33, 33, 33, 33, 33, 33, 33, 33, 33, 33, 33, 33, 33, 33, 33, 33, 33, 33, 33, 33, 33, 33, 33, 33, 33, 33, 33, 33, 33, 33, 33, 33, 33, 33, 33, 33, 33, 33, 33, 33, 33, 33, 33, 33, 33, 33, 33, 33, 33, 33, 33, 33, 33, 33, 33, 33, 33, 33, 33, 33, 33, 33, 33, 33, 33, 33, 33, 33, 33, 33, 33, 33, 33, 33, 33, 33, 33, 33, 33, 33, 33, 33, 33, 33, 33, 33, 33, 33, 33, 33, 33, 33, 33, 33, 33, 33, 33, 33, 33, 33, 33, 33, 33, 33, 33, 33, 33, 33, 33, 33, 33, 33, 33, 33, 33, 33, 33]",270,"[0.6291542053222656, 0.6125425100326538, 0.5971084237098694, 0.5835861563682556, 0.5712457299232483, 0.5599855184555054, 0.5491173267364502, 0.5391233563423157, 0.5303661227226257, 0.5224502682685852, 0.5151162147521973, 0.5077630877494812, 0.5016669034957886, 0.49581658840179443, 0.4901377558708191, 0.48544853925704956, 0.48110431432724, 0.4767748713493347, 0.4726976156234741, 0.46869343519210815, 0.46521857380867004, 0.46196460723876953, 0.45896756649017334, 0.4561746120452881, 0.4534727931022644, 0.45082899928092957, 0.4485424757003784, 0.44651108980178833, 0.44438692927360535, 0.4426324963569641, 0.4408899247646332, 0.4391169846057892, 0.4374932050704956, 0.43599846959114075, 0.4346074163913727, 0.4335188567638397, 0.43211501836776733, 0.43095725774765015, 0.4297408163547516, 0.428638219833374, 0.42762038111686707, 0.42666175961494446, 0.4256526827812195, 0.42459946870803833, 0.4237743616104126, 0.42303335666656494, 0.42217156291007996, 0.4214760959148407, 0.4206458032131195, 0.42007023096084595, 0.41942137479782104, 0.41872021555900574, 0.41813331842422485, 0.41746169328689575, 0.41686001420021057, 0.41633397340774536, 0.41569897532463074, 0.41514259576797485, 0.41468754410743713, 0.41419124603271484, 0.41370129585266113, 0.413207471370697, 0.41279152035713196, 0.4123643636703491, 0.4119258224964142, 0.4114946126937866, 0.4111291468143463, 0.4108370840549469, 0.4103984534740448, 0.410049706697464, 0.40968331694602966, 0.40929192304611206, 0.4089069366455078, 0.40860843658447266, 0.4082255959510803, 0.4079316258430481, 0.40766385197639465, 0.4073934555053711, 0.40710458159446716, 0.40687233209609985, 0.406559556722641, 0.4063120186328888, 0.40604645013809204, 0.4057565927505493, 0.4054800868034363, 0.4052966833114624, 0.40506163239479065, 0.40481671690940857, 0.4045819342136383, 0.40434253215789795, 0.4040888547897339, 0.4038822650909424, 0.40365809202194214, 0.40338611602783203, 0.4031921327114105, 0.402971088886261, 0.4027651250362396, 0.40251871943473816, 0.40229880809783936, 0.40210461616516113, 0.4018779993057251, 0.4016818106174469, 0.4014681875705719, 0.40125754475593567, 0.40107858180999756, 0.4008999764919281, 0.4007582366466522, 0.40057623386383057, 0.4004324972629547, 0.4002850651741028, 0.4001282751560211, 0.39999160170555115, 0.39980238676071167, 0.39963826537132263, 0.39948299527168274, 0.39932331442832947, 0.3991432189941406, 0.39898109436035156, 0.398810476064682, 0.39865225553512573, 0.39850178360939026, 0.3983568549156189, 0.3981982469558716, 0.39802086353302, 0.39787349104881287, 0.3977101147174835, 0.397602379322052, 0.39745083451271057, 0.39732852578163147, 0.3971944749355316, 0.3970299959182739, 0.39687860012054443, 0.39673325419425964, 0.396604984998703, 0.39641648530960083, 0.3962644636631012, 0.39614227414131165, 0.39599326252937317, 0.39582502841949463, 0.39570748805999756, 0.39555615186691284, 0.3954418897628784, 0.39528489112854004, 0.3951505422592163, 0.39499837160110474, 0.39491772651672363, 0.3948083221912384, 0.39463329315185547, 0.3944847881793976, 0.3943280279636383, 0.394222617149353, 0.3940875232219696, 0.393985390663147, 0.39384686946868896, 0.39370712637901306, 0.3935859799385071, 0.3934798836708069, 0.3933701813220978, 0.3932573199272156, 0.3931182026863098, 0.3929940164089203, 0.3928978741168976, 0.392784982919693, 0.3926999568939209, 0.3925793766975403, 0.3924630880355835, 0.392342209815979, 0.3922284245491028, 0.39209994673728943, 0.391996294260025, 0.3919123709201813, 0.391768217086792, 0.39168044924736023, 0.39155688881874084, 0.39145511388778687, 0.3913614749908447, 0.39126351475715637, 0.39116495847702026, 0.3910762667655945, 0.3909794092178345, 0.3908621668815613, 0.3907565176486969, 0.39063557982444763, 0.39055588841438293, 0.390461266040802, 0.39036837220191956, 0.39026832580566406, 0.39014479517936707, 0.39005720615386963, 0.3899379074573517, 0.3897952735424042, 0.3896845281124115, 0.38956591486930847, 0.3894798755645752, 0.3893803358078003, 0.38926780223846436, 0.3891450762748718, 0.38903331756591797, 0.3889550268650055, 0.3888205289840698, 0.3887195587158203, 0.38861986994743347, 0.3885103464126587, 0.38841724395751953, 0.38832077383995056, 0.38822367787361145, 0.3881300389766693, 0.38806259632110596, 0.3879450261592865, 0.387828528881073, 0.38772502541542053, 0.3876250386238098, 0.38752105832099915, 0.3874231278896332, 0.38732895255088806, 0.387256920337677, 0.3871593773365021, 0.38706982135772705, 0.38698214292526245, 0.3869127631187439, 0.3868037164211273, 0.386709988117218, 0.3865964412689209, 0.386496365070343, 0.3864242136478424, 0.38634881377220154, 0.38623636960983276, 0.3861565887928009, 0.3860880732536316, 0.38599658012390137, 0.38592034578323364, 0.3858213424682617, 0.38572463393211365, 0.3856363296508789, 0.385550856590271, 0.3854386806488037, 0.38534554839134216, 0.385269433259964, 0.38519492745399475, 0.385103315114975, 0.3850197494029999, 0.3849319815635681, 0.3848697245121002, 0.3847752511501312, 0.384691059589386, 0.38460204005241394, 0.38450396060943604, 0.38440966606140137, 0.3843162953853607, 0.384238064289093, 0.38414573669433594, 0.3840838670730591, 0.3839940130710602, 0.3838893473148346, 0.38380205631256104, 0.38371381163597107, 0.3836228549480438, 0.3835288882255554, 0.3834710717201233, 0.38338688015937805, 0.3833063840866089, 0.38323891162872314, 0.3831649124622345, 0.3830917477607727, 0.38300612568855286, 0.3829321563243866, 0.3828507363796234, 0.3827543258666992, 0.38267096877098083, 0.3825743496417999]",33.0,"[33.0, 33.0, 33.0, 33.0, 33.0, 33.0, 33.0, 33.0, 33.0, 33.0, 33.0, 33.0, 33.0, 33.0, 33.0, 33.0, 33.0, 33.0, 33.0, 33.0, 33.0, 33.0, 33.0, 33.0, 33.0, 33.0, 33.0, 33.0, 33.0, 33.0, 33.0, 33.0, 33.0, 33.0, 33.0, 33.0, 33.0, 33.0, 33.0, 33.0, 33.0, 33.0, 33.0, 33.0, 33.0, 33.0, 33.0, 33.0, 33.0, 33.0, 33.0, 33.0, 33.0, 33.0, 33.0, 33.0, 33.0, 33.0, 33.0, 33.0, 33.0, 33.0, 33.0, 33.0, 33.0, 33.0, 33.0, 33.0, 33.0, 33.0, 33.0, 33.0, 33.0, 33.0, 33.0, 33.0, 33.0, 33.0, 33.0, 33.0, 33.0, 33.0, 33.0, 33.0, 33.0, 33.0, 33.0, 33.0, 33.0, 33.0, 33.0, 33.0, 33.0, 33.0, 33.0, 33.0, 33.0, 33.0, 33.0, 33.0, 33.0, 33.0, 33.0, 33.0, 33.0, 33.0, 33.0, 33.0, 33.0, 33.0, 33.0, 33.0, 33.0, 33.0, 33.0, 33.0, 33.0, 33.0, 33.0, 33.0, 33.0, 33.0, 33.0, 33.0, 33.0, 33.0, 33.0, 33.0, 33.0, 33.0, 33.0, 33.0, 33.0, 33.0, 33.0, 33.0, 33.0, 33.0, 33.0, 33.0, 33.0, 33.0, 33.0, 33.0, 33.0, 33.0, 33.0, 33.0, 33.0, 33.0, 33.0, 33.0, 33.0, 33.0, 33.0, 33.0, 33.0, 33.0, 33.0, 33.0, 33.0, 33.0, 33.0, 33.0, 33.0, 33.0, 33.0, 33.0, 33.0, 33.0, 33.0, 33.0, 33.0, 33.0, 33.0, 33.0, 33.0, 33.0, 33.0, 33.0, 33.0, 33.0, 33.0, 33.0, 33.0, 33.0, 33.0, 33.0, 33.0, 33.0, 33.0, 33.0, 33.0, 33.0, 33.0, 33.0, 33.0, 33.0, 33.0, 33.0, 33.0, 33.0, 33.0, 33.0, 33.0, 33.0, 33.0, 33.0, 33.0, 33.0, 33.0, 33.0, 33.0, 33.0, 33.0, 33.0, 33.0, 33.0, 33.0, 33.0, 33.0, 33.0, 33.0, 33.0, 33.0, 33.0, 33.0, 33.0, 33.0, 33.0, 33.0, 33.0, 33.0, 33.0, 33.0, 33.0, 33.0, 33.0, 33.0, 33.0, 33.0, 33.0, 33.0, 33.0, 33.0, 33.0, 33.0, 33.0, 33.0, 33.0, 33.0, 33.0, 33.0, 33.0, 33.0, 33.0, 33.0, 33.0, 33.0, 33.0, 33.0, 33.0, 33.0, 33.0, 33.0, 33.0, 33.0, 33.0, 33.0, 33.0]",COMPLETE
75,75,0.5,2024-08-31 03:30:55.573928,2024-08-31 03:32:06.825627,0 days 00:01:11.251699,1,2.648756304803538,2,125,0.1641687984624303,60,0.018635834351640644,0.859,0.85875,0,"[0, 0, 0, 0, 0, 0, 0, 0, 0, 0, 0, 0, 0, 0, 0, 0, 0, 0, 0, 0, 0, 0, 0, 0, 0, 0, 0, 0, 0, 0, 0, 0, 0, 0, 0, 0, 0, 0, 0, 0, 0, 0, 0, 0, 0, 0, 0, 0, 0, 0, 0, 0, 0, 0, 0, 0, 0, 0, 0, 0, 0, 0, 0, 0, 0, 0, 0, 0, 0, 0, 0, 0, 0, 0, 0, 0, 0, 0, 0, 0, 0, 0, 0, 0, 0, 0, 0, 0, 0, 0, 0, 0, 0, 0, 0, 0, 0, 0, 0, 0, 0, 0, 0, 0, 0, 0, 0, 0, 0, 0, 0, 0, 0, 0, 0, 0, 0, 0, 0, 0, 0, 0, 0, 0, 0]",0.0,"[0.0, 0.0, 0.0, 0.0, 0.0, 0.0, 0.0, 0.0, 0.0, 0.0, 0.0, 0.0, 0.0, 0.0, 0.0, 0.0, 0.0, 0.0, 0.0, 0.0, 0.0, 0.0, 0.0, 0.0, 0.0, 0.0, 0.0, 0.0, 0.0, 0.0, 0.0, 0.0, 0.0, 0.0, 0.0, 0.0, 0.0, 0.0, 0.0, 0.0, 0.0, 0.0, 0.0, 0.0, 0.0, 0.0, 0.0, 0.0, 0.0, 0.0, 0.0, 0.0, 0.0, 0.0, 0.0, 0.0, 0.0, 0.0, 0.0, 0.0, 0.0, 0.0, 0.0, 0.0, 0.0, 0.0, 0.0, 0.0, 0.0, 0.0, 0.0, 0.0, 0.0, 0.0, 0.0, 0.0, 0.0, 0.0, 0.0, 0.0, 0.0, 0.0, 0.0, 0.0, 0.0, 0.0, 0.0, 0.0, 0.0, 0.0, 0.0, 0.0, 0.0, 0.0, 0.0, 0.0, 0.0, 0.0, 0.0, 0.0, 0.0, 0.0, 0.0, 0.0, 0.0, 0.0, 0.0, 0.0, 0.0, 0.0, 0.0, 0.0, 0.0, 0.0, 0.0, 0.0, 0.0, 0.0, 0.0, 0.0, 0.0, 0.0, 0.0, 0.0, 0.0]",0.5,0.5,0,"[0, 0, 0, 0, 0, 0, 0, 0, 0, 0, 0, 0, 0, 0, 0, 0, 0, 0, 0, 0, 0, 0, 0, 0, 0, 0, 0, 0, 0, 0, 0, 0, 0, 0, 0, 0, 0, 0, 0, 0, 0, 0, 0, 0, 0, 0, 0, 0, 0, 0, 0, 0, 0, 0, 0, 0, 0, 0, 0, 0, 0, 0, 0, 0, 0, 0, 0, 0, 0, 0, 0, 0, 0, 0, 0, 0, 0, 0, 0, 0, 0, 0, 0, 0, 0, 0, 0, 0, 0, 0, 0, 0, 0, 0, 0, 0, 0, 0, 0, 0, 0, 0, 0, 0, 0, 0, 0, 0, 0, 0, 0, 0, 0, 0, 0, 0, 0, 0, 0, 0, 0, 0, 0, 0, 0]",125,"[3.3101489543914795, 1.2667982578277588, 6.661152362823486, 5.879897594451904, 7.607030868530273, 1.06244695186615, 2.5684399604797363, 0.6683521866798401, 0.8720803260803223, 3.4602444171905518, 3.3508145809173584, 1.070681095123291, 5.5530829429626465, 7.790774345397949, 5.155598163604736, 1.1271827220916748, 4.977435111999512, 6.255074977874756, 6.881110191345215, 0.41780462861061096, 6.246142387390137, 1.3807181119918823, 12.587335586547852, 1.2588504552841187, 0.8278926014900208, 2.8666796684265137, 6.456899642944336, 9.60783576965332, 5.510336399078369, 0.6424748301506042, 0.5260424017906189, 2.341698169708252, 0.8391879796981812, 3.8544955253601074, 6.119905471801758, 9.06311321258545, 2.851130723953247, 6.7102370262146, 6.637801647186279, 4.958637714385986, 5.223397254943848, 5.470277786254883, 6.510438919067383, 2.4678919315338135, 4.601981163024902, 5.4433794021606445, 2.2117998600006104, 0.45024940371513367, 3.452284336090088, 4.499673366546631, 8.100346565246582, 2.7733829021453857, 0.8596594929695129, 8.256641387939453, 1.7346361875534058, 4.0504889488220215, 5.575763702392578, 7.071935653686523, 1.7179145812988281, 4.6987690925598145, 4.46867561340332, 4.038058757781982, 0.6543431282043457, 0.5261920094490051, 1.6740394830703735, 6.0829176902771, 4.148135185241699, 1.2393590211868286, 4.929382801055908, 8.029741287231445, 1.5941252708435059, 1.1651612520217896, 1.3346498012542725, 6.136511325836182, 1.4598437547683716, 1.2451584339141846, 0.8637450337409973, 2.163339614868164, 6.571715831756592, 9.4821195602417, 1.4608923196792603, 9.182867050170898, 1.0579555034637451, 1.775390625, 1.7769501209259033, 8.030224800109863, 5.946928024291992, 5.767545700073242, 6.803377151489258, 2.207484483718872, 2.3387513160705566, 7.909726142883301, 4.628679275512695, 1.0540333986282349, 9.154261589050293, 1.8513593673706055, 1.7074027061462402, 3.980654239654541, 3.054964542388916, 1.5785719156265259, 4.52715539932251, 3.073561906814575, 5.671284198760986, 8.331722259521484, 3.4499733448028564, 8.36209487915039, 0.900685727596283, 9.2283296585083, 5.555995941162109, 0.9676293134689331, 2.0208301544189453, 9.765122413635254, 4.152963638305664, 3.68338680267334, 0.6074005961418152, 2.4397153854370117, 4.617833137512207, 4.825888633728027, 3.579503059387207, 8.103116035461426, 3.6706271171569824, 4.501630783081055, 1.2360119819641113, 0.6046435832977295, 1.4946223497390747]",0.0,"[0.0, 0.0, 0.0, 0.0, 0.0, 0.0, 0.0, 0.0, 0.0, 0.0, 0.0, 0.0, 0.0, 0.0, 0.0, 0.0, 0.0, 0.0, 0.0, 0.0, 0.0, 0.0, 0.0, 0.0, 0.0, 0.0, 0.0, 0.0, 0.0, 0.0, 0.0, 0.0, 0.0, 0.0, 0.0, 0.0, 0.0, 0.0, 0.0, 0.0, 0.0, 0.0, 0.0, 0.0, 0.0, 0.0, 0.0, 0.0, 0.0, 0.0, 0.0, 0.0, 0.0, 0.0, 0.0, 0.0, 0.0, 0.0, 0.0, 0.0, 0.0, 0.0, 0.0, 0.0, 0.0, 0.0, 0.0, 0.0, 0.0, 0.0, 0.0, 0.0, 0.0, 0.0, 0.0, 0.0, 0.0, 0.0, 0.0, 0.0, 0.0, 0.0, 0.0, 0.0, 0.0, 0.0, 0.0, 0.0, 0.0, 0.0, 0.0, 0.0, 0.0, 0.0, 0.0, 0.0, 0.0, 0.0, 0.0, 0.0, 0.0, 0.0, 0.0, 0.0, 0.0, 0.0, 0.0, 0.0, 0.0, 0.0, 0.0, 0.0, 0.0, 0.0, 0.0, 0.0, 0.0, 0.0, 0.0, 0.0, 0.0, 0.0, 0.0, 0.0, 0.0]",COMPLETE
