,number,value,datetime_start,datetime_complete,duration,params_batch_size_scaler,params_constant_learning_rate,params_depth,params_epochs,params_kernel_l2,params_num_trees,params_temperature,user_attrs_accuracy_test,user_attrs_accuracy_valid,user_attrs_approximate_feature_sparsity,user_attrs_approximate_feature_sparsity_history,user_attrs_approximate_weight_sparsity,user_attrs_approximate_weight_sparsity_history,user_attrs_auc_test,user_attrs_auc_valid,user_attrs_feature_sparsity,user_attrs_feature_sparsity_history,user_attrs_num_epochs,user_attrs_val_loss_history,user_attrs_weight_sparsity,user_attrs_weight_sparsity_history,state
110,110,0.5,2024-08-31 04:55:42.091725,2024-08-31 04:56:54.720836,0 days 00:01:12.629111,64,3.5012918095026913,4,295,0.042208134044376615,98,0.030777765784884992,0.859,0.85875,0,"[1, 0, 0, 0, 0, 0, 0, 0, 0, 0, 0, 0, 0, 0, 0, 0, 0, 0, 0, 0, 0, 0, 0, 0, 0, 0, 0, 0, 0, 0, 0, 0, 0, 0, 0, 0, 0, 0, 0, 0, 0, 0, 0, 0, 0, 0, 0, 0, 0, 0, 0, 0, 0, 0, 0, 0, 0, 0, 0, 0, 0, 0, 0, 0, 0, 0, 0, 0, 0, 0, 0, 0, 0, 0, 0, 0, 0, 0, 0, 0, 0, 0, 0, 0, 0, 0, 0, 0, 0, 0, 0, 0, 0, 0, 0, 0, 0, 0, 0, 0, 0, 0, 0, 0, 0, 0, 0, 0, 0, 0, 0, 0, 0, 0, 0, 0, 0, 0, 0, 0, 0, 0, 0, 0, 0, 0, 0, 0, 0, 0, 0, 0, 0, 0, 0, 0, 0, 0, 0, 0, 0, 0, 0, 0, 0, 0, 0, 0, 0, 0, 0, 0, 0, 0, 0, 0, 0, 0, 0, 0, 0, 0, 0, 0, 0, 0, 0, 0, 0, 0, 0, 0, 0, 0, 0, 0, 0, 0, 0, 0, 0, 0, 0, 0, 0, 0, 0, 0, 0, 0, 0, 0, 0, 0, 0, 0, 0, 0, 0, 0, 0, 0, 0, 0, 0, 0, 0, 0, 0, 0, 0, 0, 0, 0, 0, 0, 0, 0, 0, 0, 0, 0, 0, 0, 0, 0, 0, 0, 0, 0, 0, 0, 0, 0, 0, 0, 0, 0, 0, 0, 0, 0, 0, 0, 0, 0, 0, 0, 0, 0, 0, 0, 0, 0, 0, 0, 0, 0, 0, 0, 0, 0, 0, 0, 0, 0, 0, 0, 0, 0, 0, 0, 0, 0, 0, 0, 0, 0, 0, 0, 0, 0, 0, 0, 0, 0, 0, 0, 0, 0, 0, 0, 0, 0, 0]",0.0,"[0.9965986394557823, 0.0, 0.0, 0.0, 0.0, 0.0, 0.0, 0.0, 0.0, 0.0, 0.0, 0.0, 0.0, 0.0, 0.0, 0.0, 0.0, 0.0, 0.0, 0.0, 0.0, 0.0, 0.0, 0.0, 0.0, 0.0, 0.0, 0.0, 0.0, 0.0, 0.0, 0.0, 0.0, 0.0, 0.0, 0.0, 0.0, 0.0, 0.0, 0.0, 0.0, 0.0, 0.0, 0.0, 0.0, 0.0, 0.0, 0.0, 0.0, 0.0, 0.0, 0.0, 0.0, 0.0, 0.0, 0.0, 0.0, 0.0, 0.0, 0.0, 0.0, 0.0, 0.0, 0.0, 0.0, 0.0, 0.0, 0.0, 0.0, 0.0, 0.0, 0.0, 0.0, 0.0, 0.0, 0.0, 0.0, 0.0, 0.0, 0.0, 0.0, 0.0, 0.0, 0.0, 0.0, 0.0, 0.0, 0.0, 0.0, 0.0, 0.0, 0.0, 0.0, 0.0, 0.0, 0.0, 0.0, 0.0, 0.0, 0.0, 0.0, 0.0, 0.0, 0.0, 0.0, 0.0, 0.0, 0.0, 0.0, 0.0, 0.0, 0.0, 0.0, 0.0, 0.0, 0.0, 0.0, 0.0, 0.0, 0.0, 0.0, 0.0, 0.0, 0.0, 0.0, 0.0, 0.0, 0.0, 0.0, 0.0, 0.0, 0.0, 0.0, 0.0, 0.0, 0.0, 0.0, 0.0, 0.0, 0.0, 0.0, 0.0, 0.0, 0.0, 0.0, 0.0, 0.0, 0.0, 0.0, 0.0, 0.0, 0.0, 0.0, 0.0, 0.0, 0.0, 0.0, 0.0, 0.0, 0.0, 0.0, 0.0, 0.0, 0.0, 0.0, 0.0, 0.0, 0.0, 0.0, 0.0, 0.0, 0.0, 0.0, 0.0, 0.0, 0.0, 0.0, 0.0, 0.0, 0.0, 0.0, 0.0, 0.0, 0.0, 0.0, 0.0, 0.0, 0.0, 0.0, 0.0, 0.0, 0.0, 0.0, 0.0, 0.0, 0.0, 0.0, 0.0, 0.0, 0.0, 0.0, 0.0, 0.0, 0.0, 0.0, 0.0, 0.0, 0.0, 0.0, 0.0, 0.0, 0.0, 0.0, 0.0, 0.0, 0.0, 0.0, 0.0, 0.0, 0.0, 0.0, 0.0, 0.0, 0.0, 0.0, 0.0, 0.0, 0.0, 0.0, 0.0, 0.0, 0.0, 0.0, 0.0, 0.0, 0.0, 0.0, 0.0, 0.0, 0.0, 0.0, 0.0, 0.0, 0.0, 0.0, 0.0, 0.0, 0.0, 0.0, 0.0, 0.0, 0.0, 0.0, 0.0, 0.0, 0.0, 0.0, 0.0, 0.0, 0.0, 0.0, 0.0, 0.0, 0.0, 0.0, 0.0, 0.0, 0.0, 0.0, 0.0, 0.0, 0.0, 0.0, 0.0, 0.0, 0.0, 0.0, 0.0, 0.0, 0.0, 0.0, 0.0, 0.0, 0.0, 0.0, 0.0, 0.0, 0.0, 0.0, 0.0, 0.0, 0.0, 0.0, 0.0, 0.0]",0.5,0.5,0,"[1, 0, 0, 0, 0, 0, 0, 0, 0, 0, 0, 0, 0, 0, 0, 0, 0, 0, 0, 0, 0, 0, 0, 0, 0, 0, 0, 0, 0, 0, 0, 0, 0, 0, 0, 0, 0, 0, 0, 0, 0, 0, 0, 0, 0, 0, 0, 0, 0, 0, 0, 0, 0, 0, 0, 0, 0, 0, 0, 0, 0, 0, 0, 0, 0, 0, 0, 0, 0, 0, 0, 0, 0, 0, 0, 0, 0, 0, 0, 0, 0, 0, 0, 0, 0, 0, 0, 0, 0, 0, 0, 0, 0, 0, 0, 0, 0, 0, 0, 0, 0, 0, 0, 0, 0, 0, 0, 0, 0, 0, 0, 0, 0, 0, 0, 0, 0, 0, 0, 0, 0, 0, 0, 0, 0, 0, 0, 0, 0, 0, 0, 0, 0, 0, 0, 0, 0, 0, 0, 0, 0, 0, 0, 0, 0, 0, 0, 0, 0, 0, 0, 0, 0, 0, 0, 0, 0, 0, 0, 0, 0, 0, 0, 0, 0, 0, 0, 0, 0, 0, 0, 0, 0, 0, 0, 0, 0, 0, 0, 0, 0, 0, 0, 0, 0, 0, 0, 0, 0, 0, 0, 0, 0, 0, 0, 0, 0, 0, 0, 0, 0, 0, 0, 0, 0, 0, 0, 0, 0, 0, 0, 0, 0, 0, 0, 0, 0, 0, 0, 0, 0, 0, 0, 0, 0, 0, 0, 0, 0, 0, 0, 0, 0, 0, 0, 0, 0, 0, 0, 0, 0, 0, 0, 0, 0, 0, 0, 0, 0, 0, 0, 0, 0, 0, 0, 0, 0, 0, 0, 0, 0, 0, 0, 0, 0, 0, 0, 0, 0, 0, 0, 0, 0, 0, 0, 0, 0, 0, 0, 0, 0, 0, 0, 0, 0, 0, 0, 0, 0, 0, 0, 0, 0, 0, 0]",295,"[3.395103693008423, 0.6276957988739014, 0.754764199256897, 2.12119197845459, 0.6200079917907715, 0.784740149974823, 1.145702838897705, 2.871718645095825, 2.4423863887786865, 2.0821633338928223, 0.4774092435836792, 1.0812145471572876, 0.7058792114257812, 1.847747802734375, 1.8088927268981934, 1.7065320014953613, 1.6468987464904785, 1.983544945716858, 1.7930386066436768, 1.4419314861297607, 2.877800941467285, 0.6550179123878479, 2.1955199241638184, 4.2025604248046875, 0.7553370594978333, 2.3419976234436035, 3.082242488861084, 0.4795357882976532, 0.6636083722114563, 1.7094979286193848, 1.7060520648956299, 2.2726874351501465, 4.081464767456055, 0.7247205972671509, 1.8324458599090576, 1.6297311782836914, 1.5094115734100342, 2.586581230163574, 2.409247398376465, 3.505051851272583, 0.8495568037033081, 0.4123515784740448, 2.9234414100646973, 1.1298904418945312, 0.7925765514373779, 2.0789153575897217, 2.143411874771118, 3.7516772747039795, 0.45531532168388367, 1.4707452058792114, 2.724717378616333, 0.6451923251152039, 0.5437330007553101, 3.543239116668701, 0.545694887638092, 3.679312229156494, 0.4213801622390747, 1.214970588684082, 2.272679328918457, 3.5188653469085693, 0.4300541579723358, 2.59232234954834, 2.0385189056396484, 1.7479723691940308, 1.2733044624328613, 2.9001801013946533, 0.5034887194633484, 3.155885696411133, 1.542638897895813, 1.377536654472351, 3.000803232192993, 0.7819138169288635, 1.779068112373352, 1.5035629272460938, 2.480189323425293, 3.292694091796875, 0.8640870451927185, 0.5172219276428223, 3.8725945949554443, 0.5140948295593262, 1.8500992059707642, 0.603844165802002, 2.2287590503692627, 3.5302352905273438, 0.42215099930763245, 1.9908158779144287, 0.40909111499786377, 2.2339818477630615, 3.6302788257598877, 0.8289726972579956, 0.6193361878395081, 0.7979324460029602, 1.1493161916732788, 3.1457910537719727, 0.9584851861000061, 0.5286073088645935, 2.5445189476013184, 2.39202618598938, 2.8784985542297363, 1.0185554027557373, 0.6895239353179932, 1.6625961065292358, 0.6974031925201416, 0.9085360765457153, 0.5413221716880798, 3.448431968688965, 1.5333747863769531, 1.2828689813613892, 1.6025346517562866, 1.6926928758621216, 0.48718124628067017, 1.7329975366592407, 1.632135272026062, 2.241243362426758, 3.1537399291992188, 1.534073829650879, 1.4491232633590698, 2.3737006187438965, 3.4274632930755615, 0.7732657790184021, 3.854443073272705, 1.6449368000030518, 1.3815425634384155, 2.638737440109253, 1.9019161462783813, 1.2058738470077515, 1.2952603101730347, 2.148796796798706, 3.9604177474975586, 0.489740788936615, 1.2621687650680542, 1.2083172798156738, 0.8457394242286682, 0.4910327196121216, 3.961082696914673, 0.6666907668113708, 1.858691692352295, 1.0855921506881714, 0.7858108282089233, 1.7870901823043823, 0.4073241353034973, 3.062559127807617, 0.5450997948646545, 3.080381393432617, 2.0756659507751465, 1.884033203125, 0.6003150343894958, 1.7151979207992554, 0.4792754352092743, 1.5383719205856323, 2.6978070735931396, 0.515372097492218, 2.253354787826538, 3.662217378616333, 0.4190390706062317, 2.147487163543701, 3.183866500854492, 2.9135589599609375, 1.9972418546676636, 0.6078782677650452, 2.5579302310943604, 1.1594181060791016, 2.0673863887786865, 3.9201202392578125, 0.5230919122695923, 2.0014820098876953, 0.426345556974411, 1.75604248046875, 0.9592912197113037, 3.2253332138061523, 1.1746875047683716, 0.8288992047309875, 0.8596572279930115, 0.4170559048652649, 2.735750198364258, 1.3863285779953003, 2.3955495357513428, 4.011323928833008, 0.42451369762420654, 0.45683538913726807, 0.49998408555984497, 2.0768251419067383, 1.6655219793319702, 0.6686559915542603, 0.6819525957107544, 0.7544138431549072, 1.2899681329727173, 1.0975615978240967, 4.280789375305176, 1.1028273105621338, 3.6972556114196777, 0.6371463537216187, 0.5371472835540771, 1.4671515226364136, 2.4272854328155518, 3.402801752090454, 1.9431524276733398, 1.2759257555007935, 3.163426399230957, 0.7883079051971436, 0.9439758062362671, 0.9199374914169312, 0.486503005027771, 1.4264293909072876, 2.7901949882507324, 0.5784386396408081, 3.0990190505981445, 0.6736665368080139, 1.1851871013641357, 0.8062716126441956, 1.3712682723999023, 2.679166555404663, 1.1172808408737183, 2.5121774673461914, 2.6951591968536377, 1.3326764106750488, 3.0836358070373535, 1.820989727973938, 1.4469457864761353, 2.656141757965088, 1.9130516052246094, 1.5455721616744995, 1.045969843864441, 3.337383508682251, 0.8737703561782837, 0.4372462332248688, 1.817742109298706, 0.8063708543777466, 1.4266135692596436, 2.4571704864501953, 2.423196315765381, 2.871368169784546, 0.4373062551021576, 2.41534161567688, 3.1779537200927734, 0.5610674023628235, 2.9629833698272705, 0.5489231944084167, 2.867962121963501, 0.4076310396194458, 1.0032423734664917, 2.5892200469970703, 0.9840750098228455, 0.6112330555915833, 0.9522346258163452, 0.7233080863952637, 2.2599124908447266, 1.832464337348938, 0.8536651134490967, 0.4176020324230194, 2.8568811416625977, 0.5371425747871399, 3.306698799133301, 1.7104744911193848, 1.5291306972503662, 2.608938217163086, 1.9401843547821045, 0.6000241637229919, 1.5773757696151733, 2.152974843978882, 3.67313289642334, 0.4232974946498871, 0.885428786277771, 0.6415975689888, 0.7982629537582397, 0.8432639837265015, 1.6124138832092285, 1.7626150846481323, 2.1916635036468506, 2.1389999389648438, 4.149609088897705, 0.769518256187439, 1.0319024324417114, 3.6837940216064453, 0.4597775340080261, 1.3872308731079102, 1.150512933731079, 1.2637492418289185, 3.6671807765960693, 0.6303429007530212, 2.2747325897216797, 4.492185592651367, 0.9022555351257324, 0.42405518889427185, 2.6953909397125244, 1.761955738067627, 0.9311234951019287, 0.7883842587471008, 0.5179397463798523, 3.334512710571289, 1.8103278875350952, 1.4392281770706177, 2.1105294227600098, 2.490507125854492, 2.445394515991211]",0.0,"[1.0, 0.0, 0.0, 0.0, 0.0, 0.0, 0.0, 0.0, 0.0, 0.0, 0.0, 0.0, 0.0, 0.0, 0.0, 0.0, 0.0, 0.0, 0.0, 0.0, 0.0, 0.0, 0.0, 0.0, 0.0, 0.0, 0.0, 0.0, 0.0, 0.0, 0.0, 0.0, 0.0, 0.0, 0.0, 0.0, 0.0, 0.0, 0.0, 0.0, 0.0, 0.0, 0.0, 0.0, 0.0, 0.0, 0.0, 0.0, 0.0, 0.0, 0.0, 0.0, 0.0, 0.0, 0.0, 0.0, 0.0, 0.0, 0.0, 0.0, 0.0, 0.0, 0.0, 0.0, 0.0, 0.0, 0.0, 0.0, 0.0, 0.0, 0.0, 0.0, 0.0, 0.0, 0.0, 0.0, 0.0, 0.0, 0.0, 0.0, 0.0, 0.0, 0.0, 0.0, 0.0, 0.0, 0.0, 0.0, 0.0, 0.0, 0.0, 0.0, 0.0, 0.0, 0.0, 0.0, 0.0, 0.0, 0.0, 0.0, 0.0, 0.0, 0.0, 0.0, 0.0, 0.0, 0.0, 0.0, 0.0, 0.0, 0.0, 0.0, 0.0, 0.0, 0.0, 0.0, 0.0, 0.0, 0.0, 0.0, 0.0, 0.0, 0.0, 0.0, 0.0, 0.0, 0.0, 0.0, 0.0, 0.0, 0.0, 0.0, 0.0, 0.0, 0.0, 0.0, 0.0, 0.0, 0.0, 0.0, 0.0, 0.0, 0.0, 0.0, 0.0, 0.0, 0.0, 0.0, 0.0, 0.0, 0.0, 0.0, 0.0, 0.0, 0.0, 0.0, 0.0, 0.0, 0.0, 0.0, 0.0, 0.0, 0.0, 0.0, 0.0, 0.0, 0.0, 0.0, 0.0, 0.0, 0.0, 0.0, 0.0, 0.0, 0.0, 0.0, 0.0, 0.0, 0.0, 0.0, 0.0, 0.0, 0.0, 0.0, 0.0, 0.0, 0.0, 0.0, 0.0, 0.0, 0.0, 0.0, 0.0, 0.0, 0.0, 0.0, 0.0, 0.0, 0.0, 0.0, 0.0, 0.0, 0.0, 0.0, 0.0, 0.0, 0.0, 0.0, 0.0, 0.0, 0.0, 0.0, 0.0, 0.0, 0.0, 0.0, 0.0, 0.0, 0.0, 0.0, 0.0, 0.0, 0.0, 0.0, 0.0, 0.0, 0.0, 0.0, 0.0, 0.0, 0.0, 0.0, 0.0, 0.0, 0.0, 0.0, 0.0, 0.0, 0.0, 0.0, 0.0, 0.0, 0.0, 0.0, 0.0, 0.0, 0.0, 0.0, 0.0, 0.0, 0.0, 0.0, 0.0, 0.0, 0.0, 0.0, 0.0, 0.0, 0.0, 0.0, 0.0, 0.0, 0.0, 0.0, 0.0, 0.0, 0.0, 0.0, 0.0, 0.0, 0.0, 0.0, 0.0, 0.0, 0.0, 0.0, 0.0, 0.0, 0.0, 0.0, 0.0, 0.0, 0.0, 0.0, 0.0, 0.0, 0.0, 0.0, 0.0, 0.0, 0.0, 0.0, 0.0, 0.0, 0.0]",COMPLETE
