,number,value,datetime_start,datetime_complete,duration,params_batch_size_scaler,params_constant_learning_rate,params_depth,params_epochs,params_kernel_l2,params_num_trees,params_temperature,user_attrs_accuracy_test,user_attrs_accuracy_valid,user_attrs_approximate_feature_sparsity,user_attrs_approximate_feature_sparsity_history,user_attrs_approximate_weight_sparsity,user_attrs_approximate_weight_sparsity_history,user_attrs_auc_test,user_attrs_auc_valid,user_attrs_feature_sparsity,user_attrs_feature_sparsity_history,user_attrs_num_epochs,user_attrs_val_loss_history,user_attrs_weight_sparsity,user_attrs_weight_sparsity_history,state
101,101,0.5,2024-08-31 04:29:16.567284,2024-08-31 04:30:05.017145,0 days 00:00:48.449861,4,8.830472523369627,3,260,0.5462300668611567,27,0.004365160325526323,0.859,0.85875,2,"[7, 5, 3, 3, 3, 1, 2, 2, 2, 2, 0, 2, 2, 2, 2, 2, 2, 2, 1, 2, 2, 1, 2, 4, 1, 0, 2, 1, 2, 1, 1, 2, 2, 2, 2, 0, 1, 2, 1, 2, 2, 2, 1, 2, 1, 1, 1, 1, 2, 0, 1, 2, 1, 2, 2, 2, 1, 1, 0, 1, 1, 2, 1, 2, 2, 1, 1, 1, 2, 2, 1, 0, 2, 2, 2, 1, 1, 1, 2, 3, 2, 1, 1, 1, 1, 2, 3, 1, 1, 1, 2, 1, 1, 2, 2, 1, 3, 1, 2, 2, 2, 1, 2, 1, 1, 1, 2, 2, 0, 2, 2, 1, 0, 0, 2, 2, 3, 2, 1, 1, 1, 2, 1, 1, 1, 2, 2, 1, 5, 3, 2, 1, 1, 2, 1, 2, 1, 2, 4, 2, 2, 2, 1, 2, 1, 2, 2, 1, 1, 2, 1, 0, 1, 2, 2, 1, 1, 1, 1, 2, 2, 3, 1, 1, 2, 1, 1, 4, 2, 2, 0, 1, 0, 0, 1, 2, 2, 1, 3, 2, 2, 2, 1, 1, 1, 1, 1, 1, 2, 1, 2, 1, 1, 2, 2, 1, 2, 0, 2, 2, 1, 2, 1, 1, 3, 0, 2, 2, 2, 1, 2, 2, 2, 1, 1, 0, 1, 1, 1, 2, 1, 0, 0, 1, 2, 1, 2, 1, 2, 1, 0, 2, 0, 1, 2, 0, 4, 1, 1, 2, 1, 2, 2, 1, 1, 2, 3, 1, 1, 1, 2, 1, 2, 2, 1, 2, 2, 1, 3, 2]",1.8677248677248677,"[6.989417989417989, 4.994708994708994, 2.9947089947089944, 3.0, 2.9894179894179893, 1.0, 2.0, 1.9629629629629628, 1.9947089947089947, 1.947089947089947, 0.0, 1.9894179894179893, 1.9788359788359786, 1.9312169312169312, 1.9576719576719577, 1.8571428571428572, 1.9523809523809523, 1.9735449735449735, 0.9894179894179894, 1.9417989417989419, 1.91005291005291, 0.9894179894179894, 1.9735449735449735, 3.8624338624338623, 0.9417989417989417, 0.0, 1.91005291005291, 0.9735449735449735, 1.925925925925926, 0.91005291005291, 0.8941798941798942, 1.9576719576719577, 1.9259259259259258, 1.9629629629629628, 1.8677248677248677, 0.0, 0.9735449735449735, 1.9523809523809523, 0.9788359788359788, 1.91005291005291, 1.9206349206349205, 1.9153439153439153, 0.9894179894179894, 1.8624338624338623, 0.9735449735449735, 0.9682539682539683, 0.9788359788359788, 0.9841269841269841, 1.9365079365079363, 0.0, 0.9841269841269841, 1.9841269841269842, 0.9947089947089947, 1.9523809523809523, 1.9841269841269842, 1.8042328042328042, 0.9629629629629629, 0.9576719576719577, 0.0, 0.9788359788359788, 0.9682539682539683, 1.9788359788359788, 0.9682539682539683, 1.9523809523809523, 1.9312169312169312, 0.9682539682539683, 0.9682539682539683, 0.9629629629629629, 1.8835978835978837, 1.91005291005291, 0.9153439153439153, 0.0, 1.9523809523809523, 1.8835978835978835, 1.8835978835978837, 0.9788359788359788, 0.9841269841269841, 0.9682539682539683, 1.9841269841269842, 2.867724867724868, 1.9682539682539684, 0.9788359788359788, 0.9576719576719577, 0.9735449735449735, 0.9894179894179894, 1.947089947089947, 2.8677248677248675, 0.9841269841269841, 0.9894179894179894, 0.9894179894179894, 1.9682539682539681, 0.9841269841269841, 0.9788359788359788, 1.91005291005291, 1.9576719576719577, 0.9576719576719577, 2.82010582010582, 0.9894179894179894, 1.9523809523809523, 1.9417989417989419, 1.8888888888888888, 0.9788359788359788, 1.9206349206349205, 0.9788359788359788, 0.9788359788359788, 0.9894179894179894, 1.9417989417989419, 1.9682539682539681, 0.0, 1.9576719576719577, 1.8624338624338623, 0.9417989417989417, 0.0, 0.0, 1.9206349206349205, 1.9417989417989419, 2.8835978835978837, 1.947089947089947, 0.9735449735449735, 0.9576719576719577, 0.9629629629629629, 1.9523809523809523, 0.9153439153439153, 0.9153439153439153, 0.9576719576719577, 1.9153439153439153, 1.947089947089947, 0.9735449735449735, 4.724867724867725, 2.8994708994708995, 1.8783068783068781, 0.9629629629629629, 0.9947089947089947, 1.9259259259259258, 0.9894179894179894, 1.9417989417989419, 0.9047619047619048, 1.8994708994708995, 3.708994708994709, 1.8994708994708995, 1.8835978835978835, 1.8941798941798942, 0.9523809523809523, 1.8253968253968254, 0.9470899470899471, 1.8465608465608465, 1.8677248677248677, 0.9365079365079365, 0.9365079365079365, 1.7619047619047619, 0.9629629629629629, 0.0, 0.9629629629629629, 1.8994708994708995, 1.925925925925926, 0.9576719576719577, 0.9417989417989417, 0.8941798941798942, 0.8835978835978836, 1.8677248677248677, 1.8253968253968254, 2.708994708994709, 0.9576719576719577, 0.9629629629629629, 1.8148148148148149, 0.9682539682539683, 0.9523809523809523, 3.7195767195767195, 1.9153439153439153, 1.9153439153439153, 0.0, 0.9788359788359788, 0.0, 0.0, 0.9417989417989417, 1.873015873015873, 1.8994708994708995, 0.9523809523809523, 2.7248677248677247, 1.8941798941798942, 1.9312169312169312, 1.9417989417989419, 0.9576719576719577, 0.9365079365079365, 0.9576719576719577, 0.9576719576719577, 0.9312169312169312, 0.9153439153439153, 1.8994708994708995, 0.9470899470899471, 1.9153439153439153, 0.9523809523809523, 0.9629629629629629, 1.9047619047619047, 1.91005291005291, 0.9629629629629629, 1.8941798941798942, 0.0, 1.8465608465608465, 1.873015873015873, 0.8677248677248677, 1.8518518518518516, 0.8835978835978836, 0.9417989417989417, 2.7936507936507935, 0.0, 1.783068783068783, 1.9047619047619047, 1.8253968253968254, 0.9470899470899471, 1.873015873015873, 1.9312169312169312, 1.9259259259259258, 0.9153439153439153, 0.9629629629629629, 0.0, 0.9576719576719577, 0.9629629629629629, 0.9470899470899471, 1.8624338624338623, 0.9470899470899471, 0.0, 0.0, 0.9312169312169312, 1.8253968253968254, 0.9417989417989417, 1.8941798941798942, 0.9523809523809523, 1.8783068783068781, 0.9470899470899471, 0.0, 1.8783068783068781, 0.0, 0.9576719576719577, 1.8677248677248677, 0.0, 3.677248677248677, 0.9259259259259259, 0.9259259259259259, 1.6507936507936507, 0.9312169312169312, 1.7089947089947088, 1.8624338624338623, 0.9470899470899471, 0.8835978835978836, 1.8518518518518516, 2.7566137566137563, 0.9523809523809523, 0.9417989417989417, 0.9417989417989417, 1.8095238095238095, 0.9312169312169312, 1.8571428571428572, 1.7301587301587302, 0.9365079365079365, 1.8835978835978835, 1.7724867724867726, 0.9259259259259259, 2.7407407407407405, 1.8677248677248677]",0.5,0.5,2,"[7, 5, 3, 3, 3, 1, 2, 2, 2, 2, 0, 2, 2, 2, 2, 2, 2, 2, 1, 2, 2, 1, 2, 4, 1, 0, 2, 1, 2, 1, 1, 2, 2, 2, 2, 0, 1, 2, 1, 2, 2, 2, 1, 2, 1, 1, 1, 1, 2, 0, 1, 2, 1, 2, 2, 2, 1, 1, 0, 1, 1, 2, 1, 2, 2, 1, 1, 1, 2, 2, 1, 0, 2, 2, 2, 1, 1, 1, 2, 3, 2, 1, 1, 1, 1, 2, 3, 1, 1, 1, 2, 1, 1, 2, 2, 1, 3, 1, 2, 2, 2, 1, 2, 1, 1, 1, 2, 2, 0, 2, 2, 1, 0, 0, 2, 2, 3, 2, 1, 1, 1, 2, 1, 1, 1, 2, 2, 1, 5, 3, 2, 1, 1, 2, 1, 2, 1, 2, 4, 2, 2, 2, 1, 2, 1, 2, 2, 1, 1, 2, 1, 0, 1, 2, 2, 1, 1, 1, 1, 2, 2, 3, 1, 1, 2, 1, 1, 4, 2, 2, 0, 1, 0, 0, 1, 2, 2, 1, 3, 2, 2, 2, 1, 1, 1, 1, 1, 1, 2, 1, 2, 1, 1, 2, 2, 1, 2, 0, 2, 2, 1, 2, 1, 1, 3, 0, 2, 2, 2, 1, 2, 2, 2, 1, 1, 0, 1, 1, 1, 2, 1, 0, 0, 1, 2, 1, 2, 1, 2, 1, 0, 2, 0, 1, 2, 0, 4, 1, 1, 2, 1, 2, 2, 1, 1, 2, 3, 1, 1, 1, 2, 1, 2, 2, 1, 2, 2, 1, 3, 2]",260,"[5.465982437133789, 55.790523529052734, 23.487642288208008, 44.912410736083984, 6.456946849822998, 25.638349533081055, 30.11666488647461, 37.92324447631836, 24.946739196777344, 30.14401626586914, 3.01176381111145, 29.036779403686523, 11.168752670288086, 35.20545959472656, 13.189814567565918, 15.108692169189453, 25.646711349487305, 3.7840182781219482, 26.754419326782227, 28.512737274169922, 35.4742317199707, 29.115062713623047, 19.58776092529297, 51.57991027832031, 44.712158203125, 29.280179977416992, 26.757577896118164, 19.467565536499023, 7.408248424530029, 44.9359016418457, 30.660690307617188, 16.048324584960938, 44.133243560791016, 7.683923244476318, 47.398136138916016, 36.893760681152344, 6.945864677429199, 15.987606048583984, 21.881994247436523, 25.294057846069336, 24.142820358276367, 37.07870101928711, 14.98959732055664, 44.417789459228516, 18.883642196655273, 4.976016521453857, 45.475250244140625, 29.71792984008789, 8.043012619018555, 11.76688003540039, 2.0829570293426514, 35.4349479675293, 20.29821014404297, 24.394025802612305, 18.242643356323242, 32.351070404052734, 39.94368362426758, 31.790660858154297, 18.432640075683594, 2.612947463989258, 28.760923385620117, 16.529895782470703, 45.95671844482422, 10.695964813232422, 7.508535861968994, 2.804171085357666, 33.74278259277344, 36.50292205810547, 40.508968353271484, 36.84901428222656, 43.275699615478516, 13.573139190673828, 27.07705307006836, 8.033858299255371, 31.357542037963867, 24.46368408203125, 8.828777313232422, 10.946860313415527, 8.324230194091797, 43.48545455932617, 24.189598083496094, 3.0508196353912354, 34.04001235961914, 32.86782455444336, 25.516555786132812, 45.302616119384766, 40.821189880371094, 13.515661239624023, 10.53021240234375, 21.081382751464844, 17.044269561767578, 18.488746643066406, 3.315850019454956, 28.96762466430664, 31.824264526367188, 47.09013748168945, 50.7065315246582, 12.443865776062012, 31.688064575195312, 36.03152847290039, 24.942096710205078, 42.85810852050781, 21.327402114868164, 13.882669448852539, 45.571109771728516, 36.73923873901367, 44.43197250366211, 6.165139675140381, 33.86533737182617, 4.977970600128174, 28.389257431030273, 2.4343464374542236, 37.732913970947266, 13.455339431762695, 3.6541125774383545, 31.90576171875, 20.915550231933594, 2.4584550857543945, 21.304224014282227, 1.4555572271347046, 41.69794464111328, 25.980985641479492, 33.69605255126953, 50.49549865722656, 9.508344650268555, 75.0094985961914, 32.969940185546875, 20.59375, 46.783836364746094, 22.263505935668945, 33.220394134521484, 24.8050479888916, 44.892154693603516, 19.5797061920166, 16.311656951904297, 32.47255325317383, 19.50200843811035, 8.221386909484863, 45.37662124633789, 13.346652030944824, 57.5067024230957, 33.81074523925781, 23.589073181152344, 42.60920333862305, 24.387056350708008, 17.435047149658203, 35.082157135009766, 44.88850021362305, 4.539122104644775, 39.34215545654297, 36.75688552856445, 6.257993221282959, 0.9363408088684082, 25.450828552246094, 20.275110244750977, 8.265088081359863, 10.977691650390625, 36.408206939697266, 32.43918991088867, 21.870756149291992, 37.456974029541016, 25.193103790283203, 16.414649963378906, 41.46846008300781, 37.466949462890625, 23.593791961669922, 73.01792907714844, 42.716617584228516, 27.6933536529541, 24.402849197387695, 11.79881477355957, 26.94536781311035, 0.5600621700286865, 53.6242790222168, 5.4211297035217285, 32.46320724487305, 20.009048461914062, 29.457103729248047, 44.44102478027344, 34.76909255981445, 30.77054214477539, 17.2830753326416, 15.287432670593262, 48.52153015136719, 27.279541015625, 15.455572128295898, 45.625083923339844, 47.05119705200195, 36.11623764038086, 47.471248626708984, 2.421598434448242, 46.000823974609375, 36.8975830078125, 10.260335922241211, 16.066261291503906, 47.735877990722656, 2.2019357681274414, 18.501712799072266, 45.80081558227539, 13.023162841796875, 43.702308654785156, 19.390064239501953, 16.859468460083008, 13.564103126525879, 27.265390396118164, 2.8208510875701904, 39.03122329711914, 13.079327583312988, 29.199853897094727, 18.560606002807617, 21.029190063476562, 12.846628189086914, 7.386390209197998, 45.794986724853516, 32.770973205566406, 34.69660949707031, 25.548704147338867, 13.546019554138184, 25.26244354248047, 26.131433486938477, 20.116863250732422, 8.687314987182617, 7.687488555908203, 43.53398513793945, 34.607112884521484, 43.03949737548828, 19.268814086914062, 23.74666976928711, 6.1664628982543945, 15.659193992614746, 7.901011943817139, 41.759151458740234, 46.08827209472656, 36.064964294433594, 23.909221649169922, 66.89002227783203, 46.800235748291016, 20.613069534301758, 14.217399597167969, 15.684325218200684, 46.631011962890625, 28.669912338256836, 40.652381896972656, 26.804662704467773, 44.12456512451172, 5.039731502532959, 20.745119094848633, 8.18951416015625, 39.23798751831055, 21.411882400512695, 32.75486755371094, 45.359737396240234, 45.12940979003906, 39.44822692871094, 11.571806907653809, 33.22718811035156, 37.127716064453125, 13.540973663330078, 18.50615882873535, 26.288602828979492]",1.9788359788359788,"[7.0, 5.0, 3.0, 3.0, 3.0, 1.0, 2.0, 2.0, 2.0, 2.0, 0.0, 2.0, 2.0, 2.0, 2.0, 2.0, 2.0, 2.0, 1.0, 2.0, 2.0, 1.0, 2.0, 4.0, 1.0, 0.0, 2.0, 1.0, 2.0, 1.0, 1.0, 2.0, 2.0, 2.0, 2.0, 0.0, 1.0, 2.0, 1.0, 2.0, 2.0, 2.0, 1.0, 2.0, 1.0, 1.0, 1.0, 1.0, 2.0, 0.0, 1.0, 2.0, 1.0, 2.0, 2.0, 2.0, 1.0, 1.0, 0.0, 1.0, 1.0, 2.0, 1.0, 2.0, 2.0, 1.0, 1.0, 1.0, 2.0, 2.0, 1.0, 0.0, 2.0, 2.0, 2.0, 1.0, 1.0, 1.0, 2.0, 3.0, 2.0, 1.0, 1.0, 1.0, 1.0, 2.0, 3.0, 1.0, 1.0, 1.0, 2.0, 1.0, 1.0, 2.0, 2.0, 1.0, 3.0, 1.0, 2.0, 2.0, 2.0, 1.0, 2.0, 1.0, 1.0, 1.0, 2.0, 2.0, 0.0, 2.0, 2.0, 1.0, 0.0, 0.0, 2.0, 2.0, 3.0, 2.0, 1.0, 1.0, 1.0, 2.0, 1.0, 1.0, 1.0, 2.0, 2.0, 1.0, 5.0, 3.0, 2.0, 1.0, 1.0, 2.0, 1.0, 2.0, 1.0, 2.0, 4.0, 2.0, 2.0, 2.0, 1.0, 2.0, 1.0, 2.0, 2.0, 1.0, 1.0, 2.0, 1.0, 0.0, 1.0, 2.0, 2.0, 1.0, 1.0, 1.0, 1.0, 2.0, 2.0, 3.0, 1.0, 1.0, 2.0, 1.0, 1.0, 4.0, 2.0, 2.0, 0.0, 1.0, 0.0, 0.0, 1.0, 2.0, 2.0, 1.0, 3.0, 2.0, 2.0, 1.9894179894179893, 0.9894179894179894, 0.9894179894179894, 0.9894179894179894, 0.9894179894179894, 0.9894179894179894, 0.9894179894179894, 1.9788359788359788, 0.9894179894179894, 1.9788359788359788, 0.9894179894179894, 0.9894179894179894, 1.9788359788359788, 1.9788359788359788, 0.9894179894179894, 1.9788359788359788, 0.0, 1.9788359788359788, 1.9788359788359788, 0.9894179894179894, 1.9788359788359788, 0.9894179894179894, 0.9894179894179894, 2.9682539682539684, 0.0, 1.9788359788359788, 1.9788359788359788, 1.9788359788359788, 0.9894179894179894, 1.9788359788359788, 1.9788359788359788, 1.9788359788359788, 0.9894179894179894, 0.9894179894179894, 0.0, 0.9894179894179894, 0.9894179894179894, 0.9894179894179894, 1.9788359788359788, 0.9894179894179894, 0.0, 0.0, 0.9894179894179894, 1.9788359788359788, 0.9894179894179894, 1.9788359788359788, 0.9894179894179894, 1.9788359788359788, 0.9894179894179894, 0.0, 1.9788359788359788, 0.0, 0.9894179894179894, 1.9788359788359788, 0.0, 3.9576719576719577, 0.9894179894179894, 0.9894179894179894, 1.9788359788359788, 0.9894179894179894, 1.9788359788359788, 1.9788359788359788, 0.9894179894179894, 0.9894179894179894, 1.9788359788359788, 2.9682539682539684, 0.9894179894179894, 0.9894179894179894, 0.9894179894179894, 1.9788359788359788, 0.9894179894179894, 1.9788359788359788, 1.9788359788359788, 0.9894179894179894, 1.9788359788359788, 1.9788359788359788, 0.9894179894179894, 2.9682539682539684, 1.9788359788359788]",COMPLETE
