,number,value,datetime_start,datetime_complete,duration,params_batch_size_scaler,params_constant_learning_rate,params_depth,params_epochs,params_kernel_l2,params_num_trees,params_temperature,user_attrs_accuracy_test,user_attrs_accuracy_valid,user_attrs_approximate_feature_sparsity,user_attrs_approximate_feature_sparsity_history,user_attrs_approximate_weight_sparsity,user_attrs_approximate_weight_sparsity_history,user_attrs_auc_test,user_attrs_auc_valid,user_attrs_feature_sparsity,user_attrs_feature_sparsity_history,user_attrs_num_epochs,user_attrs_val_loss_history,user_attrs_weight_sparsity,user_attrs_weight_sparsity_history,state
80,80,0.7285878064175393,2024-08-31 03:46:26.679928,2024-08-31 03:47:34.292980,0 days 00:01:07.613052,64,0.026425886192399817,6,150,0.29354040835023926,8,0.0004667957172868071,0.859,0.85875,33,"[33, 33, 33, 33, 33, 33, 33, 33, 33, 33, 33, 33, 33, 33, 33, 33, 33, 33, 33, 33, 33, 33, 33, 33, 33, 33, 33, 33, 33, 33, 33, 33, 33, 33, 33, 33, 33, 33, 33, 33, 33, 33, 33, 33, 33, 33, 33, 33, 33, 33, 33, 33, 33, 33, 33, 33, 33, 33, 33, 33, 33, 33, 33, 33, 33, 33, 33, 33, 33, 33, 33, 33, 33, 33, 33, 33, 33, 33, 33, 33, 33, 33, 33, 33, 33, 33, 33, 33, 33, 33, 33, 33, 33, 33, 33, 33, 33, 33, 33, 33, 33, 33, 33, 33, 33, 33, 33, 33, 33, 33, 33, 33, 33, 33, 33, 33, 33, 33, 33, 33, 33, 33, 33, 33, 33, 33, 33, 33, 33, 33, 33, 33, 33, 33, 33, 33, 33, 33, 33, 33, 33, 33, 33, 33, 33, 33, 33, 33, 33, 33]",32.97420634920635,"[32.976190476190474, 32.97222222222222, 32.970238095238095, 32.976190476190474, 32.97420634920635, 32.9781746031746, 32.9781746031746, 32.976190476190474, 32.98015873015873, 32.9781746031746, 32.98015873015873, 32.98015873015873, 32.98412698412699, 32.98015873015873, 32.98412698412699, 32.98412698412698, 32.976190476190474, 32.97420634920635, 32.976190476190474, 32.976190476190474, 32.98214285714286, 32.98412698412699, 32.98214285714286, 32.970238095238095, 32.970238095238095, 32.97420634920635, 32.97420634920635, 32.96825396825397, 32.9781746031746, 32.97222222222222, 32.96825396825397, 32.964285714285715, 32.970238095238095, 32.97420634920635, 32.97420634920635, 32.97222222222222, 32.970238095238095, 32.97222222222222, 32.970238095238095, 32.970238095238095, 32.9781746031746, 32.976190476190474, 32.97420634920635, 32.964285714285715, 32.970238095238095, 32.96825396825397, 32.97222222222222, 32.97222222222222, 32.97420634920635, 32.97420634920635, 32.97420634920635, 32.980158730158735, 32.980158730158735, 32.980158730158735, 32.98412698412698, 32.98412698412699, 32.98412698412699, 32.980158730158735, 32.97817460317461, 32.970238095238095, 32.970238095238095, 32.96825396825397, 32.964285714285715, 32.96626984126984, 32.97420634920635, 32.970238095238095, 32.96825396825397, 32.970238095238095, 32.97817460317461, 32.98214285714286, 32.982142857142854, 32.980158730158735, 32.97420634920635, 32.97619047619048, 32.97619047619048, 32.970238095238095, 32.97222222222222, 32.976190476190474, 32.976190476190474, 32.9781746031746, 32.976190476190474, 32.976190476190474, 32.976190476190474, 32.9781746031746, 32.97420634920635, 32.964285714285715, 32.96230158730159, 32.976190476190474, 32.976190476190474, 32.97420634920635, 32.97222222222222, 32.976190476190474, 32.9781746031746, 32.9781746031746, 32.98015873015873, 32.982142857142854, 32.98015873015873, 32.976190476190474, 32.98015873015873, 32.97420634920635, 32.97222222222222, 32.96626984126984, 32.964285714285715, 32.970238095238095, 32.970238095238095, 32.970238095238095, 32.96626984126984, 32.970238095238095, 32.96626984126984, 32.976190476190474, 32.97619047619048, 32.97222222222222, 32.976190476190474, 32.98214285714286, 32.98214285714286, 32.976190476190474, 32.97420634920635, 32.97420634920635, 32.9781746031746, 32.976190476190474, 32.976190476190474, 32.976190476190474, 32.976190476190474, 32.97420634920635, 32.976190476190474, 32.97420634920635, 32.976190476190474, 32.97222222222222, 32.970238095238095, 32.97222222222222, 32.970238095238095, 32.976190476190474, 32.976190476190474, 32.97420634920635, 32.970238095238095, 32.97222222222222, 32.97222222222222, 32.97420634920635, 32.97420634920635, 32.97420634920635, 32.97222222222222, 32.976190476190474, 32.976190476190474, 32.976190476190474, 32.976190476190474, 32.976190476190474, 32.97222222222222, 32.97222222222222, 32.97420634920635, 32.97420634920635]",0.7596000627482062,0.7285878064175393,33,"[33, 33, 33, 33, 33, 33, 33, 33, 33, 33, 33, 33, 33, 33, 33, 33, 33, 33, 33, 33, 33, 33, 33, 33, 33, 33, 33, 33, 33, 33, 33, 33, 33, 33, 33, 33, 33, 33, 33, 33, 33, 33, 33, 33, 33, 33, 33, 33, 33, 33, 33, 33, 33, 33, 33, 33, 33, 33, 33, 33, 33, 33, 33, 33, 33, 33, 33, 33, 33, 33, 33, 33, 33, 33, 33, 33, 33, 33, 33, 33, 33, 33, 33, 33, 33, 33, 33, 33, 33, 33, 33, 33, 33, 33, 33, 33, 33, 33, 33, 33, 33, 33, 33, 33, 33, 33, 33, 33, 33, 33, 33, 33, 33, 33, 33, 33, 33, 33, 33, 33, 33, 33, 33, 33, 33, 33, 33, 33, 33, 33, 33, 33, 33, 33, 33, 33, 33, 33, 33, 33, 33, 33, 33, 33, 33, 33, 33, 33, 33, 33]",150,"[0.7490706443786621, 0.7415516376495361, 0.7343137264251709, 0.7273512482643127, 0.7202767133712769, 0.7134567499160767, 0.7070655226707458, 0.700900673866272, 0.6947546601295471, 0.6887165307998657, 0.6830675005912781, 0.677178144454956, 0.6716622114181519, 0.6662794351577759, 0.6609219908714294, 0.6556455492973328, 0.6506168842315674, 0.6457385420799255, 0.6408203840255737, 0.6360810995101929, 0.6314358711242676, 0.6269847750663757, 0.6226071715354919, 0.6182256937026978, 0.614112377166748, 0.6100247502326965, 0.6061570644378662, 0.602294385433197, 0.5984732508659363, 0.5948607325553894, 0.591347336769104, 0.5878893136978149, 0.5844414234161377, 0.5809030532836914, 0.5777968168258667, 0.5746703147888184, 0.571666955947876, 0.5685402750968933, 0.5655548572540283, 0.5627410411834717, 0.5599132180213928, 0.5572128891944885, 0.5545418858528137, 0.5518394112586975, 0.5492243766784668, 0.5467438101768494, 0.5443398952484131, 0.542022168636322, 0.5395442843437195, 0.5371075868606567, 0.5348349809646606, 0.532642126083374, 0.5305248498916626, 0.5284826159477234, 0.526475727558136, 0.5244628190994263, 0.5224595665931702, 0.5206415057182312, 0.518832266330719, 0.5170590281486511, 0.5152820944786072, 0.5135177969932556, 0.511760950088501, 0.5099816918373108, 0.5084047913551331, 0.5068231225013733, 0.5051842331886292, 0.5036899447441101, 0.5021233558654785, 0.5006894469261169, 0.4991941452026367, 0.49768388271331787, 0.49633145332336426, 0.4949507415294647, 0.4936412572860718, 0.4922659397125244, 0.49102291464805603, 0.48978671431541443, 0.48859286308288574, 0.48744988441467285, 0.48633480072021484, 0.4851430058479309, 0.483978271484375, 0.4828537106513977, 0.4817805588245392, 0.4807049036026001, 0.4796093702316284, 0.47863441705703735, 0.47764548659324646, 0.4766056537628174, 0.475655734539032, 0.4746559262275696, 0.47374728322029114, 0.472809374332428, 0.4718945026397705, 0.47103795409202576, 0.4701923727989197, 0.46930500864982605, 0.46847742795944214, 0.4676668047904968, 0.4669354557991028, 0.46615222096443176, 0.46533530950546265, 0.4645140767097473, 0.46377548575401306, 0.46303772926330566, 0.46231284737586975, 0.4615621566772461, 0.4608340561389923, 0.46014612913131714, 0.45943304896354675, 0.45882663130760193, 0.4581066370010376, 0.4574800729751587, 0.4568755030632019, 0.45625418424606323, 0.4555961489677429, 0.4549645483493805, 0.45433369278907776, 0.4537310302257538, 0.4531645178794861, 0.4525717794895172, 0.45202264189720154, 0.4514755308628082, 0.45092523097991943, 0.4503861367702484, 0.44986361265182495, 0.449373334646225, 0.44884324073791504, 0.44833698868751526, 0.4478587806224823, 0.44734111428260803, 0.4468434453010559, 0.44638746976852417, 0.44594019651412964, 0.44544142484664917, 0.4449993073940277, 0.44454696774482727, 0.4441412687301636, 0.44368216395378113, 0.4432772099971771, 0.4428466558456421, 0.44242215156555176, 0.4419816732406616, 0.44154587388038635, 0.4411582946777344, 0.44075530767440796, 0.4403481185436249, 0.43995776772499084, 0.4395267367362976]",33.0,"[33.0, 33.0, 33.0, 33.0, 33.0, 33.0, 33.0, 33.0, 33.0, 33.0, 33.0, 33.0, 33.0, 33.0, 33.0, 33.0, 33.0, 33.0, 33.0, 33.0, 33.0, 33.0, 33.0, 33.0, 33.0, 33.0, 33.0, 33.0, 33.0, 33.0, 33.0, 33.0, 33.0, 33.0, 33.0, 33.0, 33.0, 33.0, 33.0, 33.0, 33.0, 33.0, 33.0, 33.0, 33.0, 33.0, 33.0, 33.0, 33.0, 33.0, 33.0, 33.0, 33.0, 33.0, 33.0, 33.0, 33.0, 33.0, 33.0, 33.0, 33.0, 33.0, 33.0, 33.0, 33.0, 33.0, 33.0, 33.0, 33.0, 33.0, 33.0, 33.0, 33.0, 33.0, 33.0, 33.0, 33.0, 33.0, 33.0, 33.0, 33.0, 33.0, 33.0, 33.0, 33.0, 33.0, 33.0, 33.0, 33.0, 33.0, 33.0, 33.0, 33.0, 33.0, 33.0, 33.0, 33.0, 33.0, 33.0, 33.0, 33.0, 33.0, 33.0, 33.0, 33.0, 33.0, 33.0, 33.0, 33.0, 33.0, 33.0, 33.0, 33.0, 33.0, 33.0, 33.0, 33.0, 33.0, 33.0, 33.0, 33.0, 33.0, 33.0, 33.0, 33.0, 33.0, 33.0, 33.0, 33.0, 33.0, 33.0, 33.0, 33.0, 33.0, 33.0, 33.0, 33.0, 33.0, 33.0, 33.0, 33.0, 33.0, 33.0, 33.0, 33.0, 33.0, 33.0, 33.0, 33.0, 33.0]",COMPLETE
