,number,value,datetime_start,datetime_complete,duration,params_batch_size_scaler,params_constant_learning_rate,params_depth,params_epochs,params_kernel_l2,params_num_trees,params_temperature,user_attrs_accuracy_test,user_attrs_accuracy_valid,user_attrs_approximate_feature_sparsity,user_attrs_approximate_feature_sparsity_history,user_attrs_approximate_weight_sparsity,user_attrs_approximate_weight_sparsity_history,user_attrs_auc_test,user_attrs_auc_valid,user_attrs_feature_sparsity,user_attrs_feature_sparsity_history,user_attrs_num_epochs,user_attrs_val_loss_history,user_attrs_weight_sparsity,user_attrs_weight_sparsity_history,state
40,40,0.5,2024-08-31 02:14:40.607472,2024-08-31 02:15:20.872901,0 days 00:00:40.265429,4,0.2667036693499376,1,320,0.484755580782419,9,0.002816422593220416,0.859,0.85875,0,"[0, 0, 0, 0, 0, 0, 0, 0, 0, 0, 0, 0, 0, 0, 0, 0, 0, 0, 0, 0, 0, 0, 0, 0, 0, 0, 0, 0, 0, 0, 0, 0, 0, 0, 0, 0, 0, 0, 0, 0, 0, 0, 0, 0, 0, 0, 0, 0, 0, 0, 0, 0, 0, 0, 0, 0, 0, 0, 0, 0, 0, 0, 0, 0, 0, 0, 0, 0, 0, 0, 0, 0, 0, 0, 0, 0, 0, 0, 0, 0, 0, 0, 0, 0, 0, 0, 0, 0, 0, 0, 0, 0, 0, 0, 0, 0, 0, 0, 0, 0, 0, 0, 0, 0, 0, 0, 0, 0, 0, 0, 0, 0, 0, 0, 0, 0, 0, 0, 0, 0, 0, 0, 0, 0, 0, 0, 0, 0, 0, 0, 0, 0, 0, 0, 0, 0, 0, 0, 0, 0, 0, 0, 0, 0, 0, 0, 0, 0, 0, 0, 0, 0, 0, 0, 0, 0, 0, 0, 0, 0, 0, 0, 0, 0, 0, 0, 0, 0, 0, 0, 0, 0, 0, 0, 0, 0, 0, 0, 0, 0, 0, 0, 0, 0, 0, 0, 0, 0, 0, 0, 0, 0, 0, 0, 0, 0, 0, 0, 0, 0, 0, 0, 0, 0, 0, 0, 0, 0, 0, 0, 0, 0, 0, 0, 0, 0, 0, 0, 0, 0, 0, 0, 0, 0, 0, 0, 0, 0, 0, 0, 0, 0, 0, 0, 0, 0, 0, 0, 0, 0, 0, 0, 0, 0, 0, 0, 0, 0, 0, 0, 0, 0, 0, 0, 0, 0, 0, 0, 0, 0, 0, 0, 0, 0, 0, 0, 0, 0, 0, 0, 0, 0, 0, 0, 0, 0, 0, 0, 0, 0, 0, 0, 0, 0, 0, 0, 0, 0, 0, 0, 0, 0, 0, 0, 0, 0, 0, 0, 0, 0, 0, 0, 0, 0, 0, 0, 0, 0, 0, 0, 0, 0, 0, 0, 0, 0, 0, 0, 0, 0]",0.0,"[0.0, 0.0, 0.0, 0.0, 0.0, 0.0, 0.0, 0.0, 0.0, 0.0, 0.0, 0.0, 0.0, 0.0, 0.0, 0.0, 0.0, 0.0, 0.0, 0.0, 0.0, 0.0, 0.0, 0.0, 0.0, 0.0, 0.0, 0.0, 0.0, 0.0, 0.0, 0.0, 0.0, 0.0, 0.0, 0.0, 0.0, 0.0, 0.0, 0.0, 0.0, 0.0, 0.0, 0.0, 0.0, 0.0, 0.0, 0.0, 0.0, 0.0, 0.0, 0.0, 0.0, 0.0, 0.0, 0.0, 0.0, 0.0, 0.0, 0.0, 0.0, 0.0, 0.0, 0.0, 0.0, 0.0, 0.0, 0.0, 0.0, 0.0, 0.0, 0.0, 0.0, 0.0, 0.0, 0.0, 0.0, 0.0, 0.0, 0.0, 0.0, 0.0, 0.0, 0.0, 0.0, 0.0, 0.0, 0.0, 0.0, 0.0, 0.0, 0.0, 0.0, 0.0, 0.0, 0.0, 0.0, 0.0, 0.0, 0.0, 0.0, 0.0, 0.0, 0.0, 0.0, 0.0, 0.0, 0.0, 0.0, 0.0, 0.0, 0.0, 0.0, 0.0, 0.0, 0.0, 0.0, 0.0, 0.0, 0.0, 0.0, 0.0, 0.0, 0.0, 0.0, 0.0, 0.0, 0.0, 0.0, 0.0, 0.0, 0.0, 0.0, 0.0, 0.0, 0.0, 0.0, 0.0, 0.0, 0.0, 0.0, 0.0, 0.0, 0.0, 0.0, 0.0, 0.0, 0.0, 0.0, 0.0, 0.0, 0.0, 0.0, 0.0, 0.0, 0.0, 0.0, 0.0, 0.0, 0.0, 0.0, 0.0, 0.0, 0.0, 0.0, 0.0, 0.0, 0.0, 0.0, 0.0, 0.0, 0.0, 0.0, 0.0, 0.0, 0.0, 0.0, 0.0, 0.0, 0.0, 0.0, 0.0, 0.0, 0.0, 0.0, 0.0, 0.0, 0.0, 0.0, 0.0, 0.0, 0.0, 0.0, 0.0, 0.0, 0.0, 0.0, 0.0, 0.0, 0.0, 0.0, 0.0, 0.0, 0.0, 0.0, 0.0, 0.0, 0.0, 0.0, 0.0, 0.0, 0.0, 0.0, 0.0, 0.0, 0.0, 0.0, 0.0, 0.0, 0.0, 0.0, 0.0, 0.0, 0.0, 0.0, 0.0, 0.0, 0.0, 0.0, 0.0, 0.0, 0.0, 0.0, 0.0, 0.0, 0.0, 0.0, 0.0, 0.0, 0.0, 0.0, 0.0, 0.0, 0.0, 0.0, 0.0, 0.0, 0.0, 0.0, 0.0, 0.0, 0.0, 0.0, 0.0, 0.0, 0.0, 0.0, 0.0, 0.0, 0.0, 0.0, 0.0, 0.0, 0.0, 0.0, 0.0, 0.0, 0.0, 0.0, 0.0, 0.0, 0.0, 0.0, 0.0, 0.0, 0.0, 0.0, 0.0, 0.0, 0.0, 0.0, 0.0, 0.0, 0.0, 0.0, 0.0, 0.0, 0.0, 0.0, 0.0, 0.0, 0.0, 0.0, 0.0, 0.0, 0.0, 0.0, 0.0, 0.0, 0.0, 0.0, 0.0, 0.0, 0.0, 0.0, 0.0, 0.0, 0.0, 0.0, 0.0, 0.0, 0.0, 0.0, 0.0, 0.0, 0.0, 0.0, 0.0, 0.0, 0.0]",0.5,0.5,0,"[0, 0, 0, 0, 0, 0, 0, 0, 0, 0, 0, 0, 0, 0, 0, 0, 0, 0, 0, 0, 0, 0, 0, 0, 0, 0, 0, 0, 0, 0, 0, 0, 0, 0, 0, 0, 0, 0, 0, 0, 0, 0, 0, 0, 0, 0, 0, 0, 0, 0, 0, 0, 0, 0, 0, 0, 0, 0, 0, 0, 0, 0, 0, 0, 0, 0, 0, 0, 0, 0, 0, 0, 0, 0, 0, 0, 0, 0, 0, 0, 0, 0, 0, 0, 0, 0, 0, 0, 0, 0, 0, 0, 0, 0, 0, 0, 0, 0, 0, 0, 0, 0, 0, 0, 0, 0, 0, 0, 0, 0, 0, 0, 0, 0, 0, 0, 0, 0, 0, 0, 0, 0, 0, 0, 0, 0, 0, 0, 0, 0, 0, 0, 0, 0, 0, 0, 0, 0, 0, 0, 0, 0, 0, 0, 0, 0, 0, 0, 0, 0, 0, 0, 0, 0, 0, 0, 0, 0, 0, 0, 0, 0, 0, 0, 0, 0, 0, 0, 0, 0, 0, 0, 0, 0, 0, 0, 0, 0, 0, 0, 0, 0, 0, 0, 0, 0, 0, 0, 0, 0, 0, 0, 0, 0, 0, 0, 0, 0, 0, 0, 0, 0, 0, 0, 0, 0, 0, 0, 0, 0, 0, 0, 0, 0, 0, 0, 0, 0, 0, 0, 0, 0, 0, 0, 0, 0, 0, 0, 0, 0, 0, 0, 0, 0, 0, 0, 0, 0, 0, 0, 0, 0, 0, 0, 0, 0, 0, 0, 0, 0, 0, 0, 0, 0, 0, 0, 0, 0, 0, 0, 0, 0, 0, 0, 0, 0, 0, 0, 0, 0, 0, 0, 0, 0, 0, 0, 0, 0, 0, 0, 0, 0, 0, 0, 0, 0, 0, 0, 0, 0, 0, 0, 0, 0, 0, 0, 0, 0, 0, 0, 0, 0, 0, 0, 0, 0, 0, 0, 0, 0, 0, 0, 0, 0, 0, 0, 0, 0, 0, 0]",320,"[0.40752869844436646, 0.4103766679763794, 0.4078119993209839, 0.4074484705924988, 0.4076084792613983, 0.4090469777584076, 0.4083656966686249, 0.40723341703414917, 0.4082563519477844, 0.4085182845592499, 0.4072383940219879, 0.4080212712287903, 0.4106983542442322, 0.4073958098888397, 0.4081975519657135, 0.4072418510913849, 0.40756678581237793, 0.4075070321559906, 0.4076973795890808, 0.4076355993747711, 0.40727874636650085, 0.41049307584762573, 0.4072951078414917, 0.4079892337322235, 0.40974727272987366, 0.4079371988773346, 0.4073352515697479, 0.40856873989105225, 0.4079284369945526, 0.4091669023036957, 0.4182799458503723, 0.40732333064079285, 0.4078666567802429, 0.4143660068511963, 0.4088555872440338, 0.4073038101196289, 0.409224271774292, 0.4098486602306366, 0.40722793340682983, 0.4075094163417816, 0.40753114223480225, 0.40723785758018494, 0.4098537862300873, 0.4097435474395752, 0.4075530767440796, 0.4199153482913971, 0.4075060784816742, 0.4089392125606537, 0.4078465402126312, 0.40838032960891724, 0.408305287361145, 0.40854334831237793, 0.41595134139060974, 0.4072498083114624, 0.4078858196735382, 0.4076508581638336, 0.4072868824005127, 0.4082840383052826, 0.4081568121910095, 0.4072384536266327, 0.4079311490058899, 0.40741851925849915, 0.4121941030025482, 0.40736666321754456, 0.40803420543670654, 0.40724384784698486, 0.4074499011039734, 0.4098745584487915, 0.4087297320365906, 0.4074091613292694, 0.41011252999305725, 0.4078977108001709, 0.40732625126838684, 0.40845200419425964, 0.40727755427360535, 0.40896475315093994, 0.4072299301624298, 0.40771353244781494, 0.40734413266181946, 0.40740180015563965, 0.40773606300354004, 0.40796616673469543, 0.40839603543281555, 0.4076077342033386, 0.40856701135635376, 0.40880098938941956, 0.4094780683517456, 0.40753594040870667, 0.4072999954223633, 0.4080604612827301, 0.4084121584892273, 0.40966787934303284, 0.40878409147262573, 0.40887004137039185, 0.40985459089279175, 0.4072985053062439, 0.40986672043800354, 0.4072912335395813, 0.40722715854644775, 0.40733814239501953, 0.40777719020843506, 0.4072338044643402, 0.4072674512863159, 0.40749818086624146, 0.40735259652137756, 0.4074461758136749, 0.40827521681785583, 0.40792155265808105, 0.4072391986846924, 0.40742728114128113, 0.40756523609161377, 0.40757641196250916, 0.4072517454624176, 0.4075341820716858, 0.4083592891693115, 0.40722665190696716, 0.40742793679237366, 0.40887588262557983, 0.4073680639266968, 0.40791863203048706, 0.4075258672237396, 0.41160377860069275, 0.4079838693141937, 0.40800780057907104, 0.4073340892791748, 0.4086638391017914, 0.4177631139755249, 0.40905892848968506, 0.40741199254989624, 0.4074859917163849, 0.4077724516391754, 0.4076251983642578, 0.4077700674533844, 0.4072587192058563, 0.4109833538532257, 0.4072462022304535, 0.4075048863887787, 0.4075304865837097, 0.40838348865509033, 0.40767550468444824, 0.40760621428489685, 0.40728941559791565, 0.4072558581829071, 0.4079521894454956, 0.40909209847450256, 0.4075130820274353, 0.40854117274284363, 0.4074614346027374, 0.40789520740509033, 0.4078296720981598, 0.40829312801361084, 0.4072611927986145, 0.40863919258117676, 0.4072265923023224, 0.4081368148326874, 0.4077818691730499, 0.40925702452659607, 0.4072971045970917, 0.408486932516098, 0.4072381854057312, 0.40722882747650146, 0.4075572192668915, 0.4072592854499817, 0.40738552808761597, 0.41152650117874146, 0.40851131081581116, 0.4075931906700134, 0.4073866903781891, 0.4072708189487457, 0.40734586119651794, 0.4076590836048126, 0.4073754847049713, 0.4072398841381073, 0.40722665190696716, 0.4072423577308655, 0.40847042202949524, 0.40791457891464233, 0.40858158469200134, 0.4072411060333252, 0.4072445333003998, 0.4074026346206665, 0.4097168743610382, 0.40766316652297974, 0.4075707197189331, 0.40722620487213135, 0.4103756248950958, 0.40781378746032715, 0.41178590059280396, 0.4082754850387573, 0.40966469049453735, 0.4072851240634918, 0.4089547097682953, 0.408222496509552, 0.4072674810886383, 0.4072282314300537, 0.4072275459766388, 0.4080139994621277, 0.4076220393180847, 0.40781646966934204, 0.4072583019733429, 0.41429847478866577, 0.4075586795806885, 0.40759342908859253, 0.4072975516319275, 0.40726467967033386, 0.40746209025382996, 0.4073667526245117, 0.4073297381401062, 0.4083314836025238, 0.4094427227973938, 0.4111050069332123, 0.4072261452674866, 0.4085220396518707, 0.4074558913707733, 0.4074591398239136, 0.4072558879852295, 0.40985339879989624, 0.41087639331817627, 0.4086800813674927, 0.40768668055534363, 0.40728768706321716, 0.407355397939682, 0.41110649704933167, 0.40766510367393494, 0.40818625688552856, 0.4080415666103363, 0.40779006481170654, 0.4123145341873169, 0.4148540496826172, 0.407247394323349, 0.40728867053985596, 0.40817245841026306, 0.40885430574417114, 0.40800711512565613, 0.4080384373664856, 0.4073598384857178, 0.407993346452713, 0.40729472041130066, 0.40764182806015015, 0.4081675708293915, 0.40731698274612427, 0.4093959927558899, 0.40724509954452515, 0.4088219106197357, 0.40722742676734924, 0.40725764632225037, 0.4073966145515442, 0.4078032374382019, 0.40751025080680847, 0.40879881381988525, 0.40886807441711426, 0.40754231810569763, 0.4132359027862549, 0.4072655439376831, 0.407258540391922, 0.40814101696014404, 0.4074569344520569, 0.4074927568435669, 0.4099924862384796, 0.40733790397644043, 0.4072261154651642, 0.4077203869819641, 0.40853559970855713, 0.4085284173488617, 0.41149577498435974, 0.4081816077232361, 0.4073406457901001, 0.40722888708114624, 0.4120326638221741, 0.40757668018341064, 0.407247930765152, 0.40749478340148926, 0.4106287658214569, 0.40845435857772827, 0.40949633717536926, 0.4072572588920593, 0.4074726104736328, 0.40758243203163147, 0.40726739168167114, 0.4073323905467987, 0.40748170018196106, 0.4084779620170593, 0.40723147988319397, 0.40722954273223877, 0.4077741205692291, 0.4079112708568573, 0.40724071860313416, 0.40810099244117737, 0.407248318195343, 0.4110824465751648, 0.40724098682403564, 0.40773940086364746, 0.40939152240753174, 0.4072636365890503, 0.4074540436267853, 0.4083974063396454, 0.40807148814201355, 0.4072262644767761, 0.40725767612457275, 0.4073459208011627, 0.40866947174072266, 0.4081951379776001, 0.4078657925128937, 0.4079938232898712, 0.40773749351501465, 0.40972721576690674, 0.4072681665420532, 0.40990710258483887, 0.40722617506980896, 0.40755462646484375, 0.4079763889312744, 0.40838778018951416, 0.40731894969940186, 0.40750300884246826, 0.4074423909187317, 0.40769124031066895, 0.4073449671268463, 0.4072265326976776, 0.4073009490966797, 0.40828001499176025]",0.0,"[0.0, 0.0, 0.0, 0.0, 0.0, 0.0, 0.0, 0.0, 0.0, 0.0, 0.0, 0.0, 0.0, 0.0, 0.0, 0.0, 0.0, 0.0, 0.0, 0.0, 0.0, 0.0, 0.0, 0.0, 0.0, 0.0, 0.0, 0.0, 0.0, 0.0, 0.0, 0.0, 0.0, 0.0, 0.0, 0.0, 0.0, 0.0, 0.0, 0.0, 0.0, 0.0, 0.0, 0.0, 0.0, 0.0, 0.0, 0.0, 0.0, 0.0, 0.0, 0.0, 0.0, 0.0, 0.0, 0.0, 0.0, 0.0, 0.0, 0.0, 0.0, 0.0, 0.0, 0.0, 0.0, 0.0, 0.0, 0.0, 0.0, 0.0, 0.0, 0.0, 0.0, 0.0, 0.0, 0.0, 0.0, 0.0, 0.0, 0.0, 0.0, 0.0, 0.0, 0.0, 0.0, 0.0, 0.0, 0.0, 0.0, 0.0, 0.0, 0.0, 0.0, 0.0, 0.0, 0.0, 0.0, 0.0, 0.0, 0.0, 0.0, 0.0, 0.0, 0.0, 0.0, 0.0, 0.0, 0.0, 0.0, 0.0, 0.0, 0.0, 0.0, 0.0, 0.0, 0.0, 0.0, 0.0, 0.0, 0.0, 0.0, 0.0, 0.0, 0.0, 0.0, 0.0, 0.0, 0.0, 0.0, 0.0, 0.0, 0.0, 0.0, 0.0, 0.0, 0.0, 0.0, 0.0, 0.0, 0.0, 0.0, 0.0, 0.0, 0.0, 0.0, 0.0, 0.0, 0.0, 0.0, 0.0, 0.0, 0.0, 0.0, 0.0, 0.0, 0.0, 0.0, 0.0, 0.0, 0.0, 0.0, 0.0, 0.0, 0.0, 0.0, 0.0, 0.0, 0.0, 0.0, 0.0, 0.0, 0.0, 0.0, 0.0, 0.0, 0.0, 0.0, 0.0, 0.0, 0.0, 0.0, 0.0, 0.0, 0.0, 0.0, 0.0, 0.0, 0.0, 0.0, 0.0, 0.0, 0.0, 0.0, 0.0, 0.0, 0.0, 0.0, 0.0, 0.0, 0.0, 0.0, 0.0, 0.0, 0.0, 0.0, 0.0, 0.0, 0.0, 0.0, 0.0, 0.0, 0.0, 0.0, 0.0, 0.0, 0.0, 0.0, 0.0, 0.0, 0.0, 0.0, 0.0, 0.0, 0.0, 0.0, 0.0, 0.0, 0.0, 0.0, 0.0, 0.0, 0.0, 0.0, 0.0, 0.0, 0.0, 0.0, 0.0, 0.0, 0.0, 0.0, 0.0, 0.0, 0.0, 0.0, 0.0, 0.0, 0.0, 0.0, 0.0, 0.0, 0.0, 0.0, 0.0, 0.0, 0.0, 0.0, 0.0, 0.0, 0.0, 0.0, 0.0, 0.0, 0.0, 0.0, 0.0, 0.0, 0.0, 0.0, 0.0, 0.0, 0.0, 0.0, 0.0, 0.0, 0.0, 0.0, 0.0, 0.0, 0.0, 0.0, 0.0, 0.0, 0.0, 0.0, 0.0, 0.0, 0.0, 0.0, 0.0, 0.0, 0.0, 0.0, 0.0, 0.0, 0.0, 0.0, 0.0, 0.0, 0.0, 0.0, 0.0, 0.0, 0.0, 0.0, 0.0, 0.0, 0.0, 0.0, 0.0, 0.0, 0.0, 0.0, 0.0, 0.0, 0.0, 0.0, 0.0, 0.0, 0.0]",COMPLETE
