,number,value,datetime_start,datetime_complete,duration,params_batch_size_scaler,params_constant_learning_rate,params_depth,params_epochs,params_kernel_l2,params_num_trees,params_temperature,user_attrs_accuracy_test,user_attrs_accuracy_valid,user_attrs_approximate_feature_sparsity,user_attrs_approximate_feature_sparsity_history,user_attrs_approximate_weight_sparsity,user_attrs_approximate_weight_sparsity_history,user_attrs_auc_test,user_attrs_auc_valid,user_attrs_feature_sparsity,user_attrs_feature_sparsity_history,user_attrs_num_epochs,user_attrs_val_loss_history,user_attrs_weight_sparsity,user_attrs_weight_sparsity_history,state
117,117,0.5,2024-08-31 05:04:06.569800,2024-08-31 05:05:07.669895,0 days 00:01:01.100095,4,0.639577970060193,1,300,0.07848675714544116,2,0.00645042830457888,0.859,0.85875,0,"[0, 0, 0, 0, 0, 0, 0, 0, 0, 0, 0, 0, 0, 0, 0, 0, 0, 0, 0, 0, 0, 0, 0, 0, 0, 0, 0, 0, 0, 0, 0, 0, 0, 0, 0, 0, 0, 0, 0, 0, 0, 0, 0, 0, 0, 0, 0, 0, 0, 0, 0, 0, 0, 0, 0, 0, 0, 0, 0, 0, 0, 0, 0, 0, 0, 0, 0, 0, 0, 0, 0, 0, 0, 0, 0, 0, 0, 0, 0, 0, 0, 0, 0, 0, 0, 0, 0, 0, 0, 0, 0, 0, 0, 0, 0, 0, 0, 0, 0, 0, 0, 0, 0, 0, 0, 0, 0, 0, 0, 0, 0, 0, 0, 0, 0, 0, 0, 0, 0, 0, 0, 0, 0, 0, 0, 0, 0, 0, 0, 0, 0, 0, 0, 0, 0, 0, 0, 0, 0, 0, 0, 0, 0, 0, 0, 0, 0, 0, 0, 0, 0, 0, 0, 0, 0, 0, 0, 0, 0, 0, 0, 0, 0, 0, 0, 0, 0, 0, 0, 0, 0, 0, 0, 0, 0, 0, 0, 0, 0, 0, 0, 0, 0, 0, 0, 0, 0, 0, 0, 0, 0, 0, 0, 0, 0, 0, 0, 0, 0, 0, 0, 0, 0, 0, 0, 0, 0, 0, 0, 0, 0, 0, 0, 0, 0, 0, 0, 0, 0, 0, 0, 0, 0, 0, 0, 0, 0, 0, 0, 0, 0, 0, 0, 0, 0, 0, 0, 0, 0, 0, 0, 0, 0, 0, 0, 0, 0, 0, 0, 0, 0, 0, 0, 0, 0, 0, 0, 0, 0, 0, 0, 0, 0, 0, 0, 0, 0, 0, 0, 0, 0, 0, 0, 0, 0, 0, 0, 0, 0, 0, 0, 0, 0, 0, 0, 0, 0, 0, 0, 0, 0, 0, 0, 0, 0, 0, 0, 0, 0, 0]",0.0,"[0.0, 0.0, 0.0, 0.0, 0.0, 0.0, 0.0, 0.0, 0.0, 0.0, 0.0, 0.0, 0.0, 0.0, 0.0, 0.0, 0.0, 0.0, 0.0, 0.0, 0.0, 0.0, 0.0, 0.0, 0.0, 0.0, 0.0, 0.0, 0.0, 0.0, 0.0, 0.0, 0.0, 0.0, 0.0, 0.0, 0.0, 0.0, 0.0, 0.0, 0.0, 0.0, 0.0, 0.0, 0.0, 0.0, 0.0, 0.0, 0.0, 0.0, 0.0, 0.0, 0.0, 0.0, 0.0, 0.0, 0.0, 0.0, 0.0, 0.0, 0.0, 0.0, 0.0, 0.0, 0.0, 0.0, 0.0, 0.0, 0.0, 0.0, 0.0, 0.0, 0.0, 0.0, 0.0, 0.0, 0.0, 0.0, 0.0, 0.0, 0.0, 0.0, 0.0, 0.0, 0.0, 0.0, 0.0, 0.0, 0.0, 0.0, 0.0, 0.0, 0.0, 0.0, 0.0, 0.0, 0.0, 0.0, 0.0, 0.0, 0.0, 0.0, 0.0, 0.0, 0.0, 0.0, 0.0, 0.0, 0.0, 0.0, 0.0, 0.0, 0.0, 0.0, 0.0, 0.0, 0.0, 0.0, 0.0, 0.0, 0.0, 0.0, 0.0, 0.0, 0.0, 0.0, 0.0, 0.0, 0.0, 0.0, 0.0, 0.0, 0.0, 0.0, 0.0, 0.0, 0.0, 0.0, 0.0, 0.0, 0.0, 0.0, 0.0, 0.0, 0.0, 0.0, 0.0, 0.0, 0.0, 0.0, 0.0, 0.0, 0.0, 0.0, 0.0, 0.0, 0.0, 0.0, 0.0, 0.0, 0.0, 0.0, 0.0, 0.0, 0.0, 0.0, 0.0, 0.0, 0.0, 0.0, 0.0, 0.0, 0.0, 0.0, 0.0, 0.0, 0.0, 0.0, 0.0, 0.0, 0.0, 0.0, 0.0, 0.0, 0.0, 0.0, 0.0, 0.0, 0.0, 0.0, 0.0, 0.0, 0.0, 0.0, 0.0, 0.0, 0.0, 0.0, 0.0, 0.0, 0.0, 0.0, 0.0, 0.0, 0.0, 0.0, 0.0, 0.0, 0.0, 0.0, 0.0, 0.0, 0.0, 0.0, 0.0, 0.0, 0.0, 0.0, 0.0, 0.0, 0.0, 0.0, 0.0, 0.0, 0.0, 0.0, 0.0, 0.0, 0.0, 0.0, 0.0, 0.0, 0.0, 0.0, 0.0, 0.0, 0.0, 0.0, 0.0, 0.0, 0.0, 0.0, 0.0, 0.0, 0.0, 0.0, 0.0, 0.0, 0.0, 0.0, 0.0, 0.0, 0.0, 0.0, 0.0, 0.0, 0.0, 0.0, 0.0, 0.0, 0.0, 0.0, 0.0, 0.0, 0.0, 0.0, 0.0, 0.0, 0.0, 0.0, 0.0, 0.0, 0.0, 0.0, 0.0, 0.0, 0.0, 0.0, 0.0, 0.0, 0.0, 0.0, 0.0, 0.0, 0.0, 0.0, 0.0, 0.0, 0.0, 0.0, 0.0, 0.0, 0.0, 0.0, 0.0, 0.0, 0.0, 0.0, 0.0, 0.0]",0.5,0.5,0,"[0, 0, 0, 0, 0, 0, 0, 0, 0, 0, 0, 0, 0, 0, 0, 0, 0, 0, 0, 0, 0, 0, 0, 0, 0, 0, 0, 0, 0, 0, 0, 0, 0, 0, 0, 0, 0, 0, 0, 0, 0, 0, 0, 0, 0, 0, 0, 0, 0, 0, 0, 0, 0, 0, 0, 0, 0, 0, 0, 0, 0, 0, 0, 0, 0, 0, 0, 0, 0, 0, 0, 0, 0, 0, 0, 0, 0, 0, 0, 0, 0, 0, 0, 0, 0, 0, 0, 0, 0, 0, 0, 0, 0, 0, 0, 0, 0, 0, 0, 0, 0, 0, 0, 0, 0, 0, 0, 0, 0, 0, 0, 0, 0, 0, 0, 0, 0, 0, 0, 0, 0, 0, 0, 0, 0, 0, 0, 0, 0, 0, 0, 0, 0, 0, 0, 0, 0, 0, 0, 0, 0, 0, 0, 0, 0, 0, 0, 0, 0, 0, 0, 0, 0, 0, 0, 0, 0, 0, 0, 0, 0, 0, 0, 0, 0, 0, 0, 0, 0, 0, 0, 0, 0, 0, 0, 0, 0, 0, 0, 0, 0, 0, 0, 0, 0, 0, 0, 0, 0, 0, 0, 0, 0, 0, 0, 0, 0, 0, 0, 0, 0, 0, 0, 0, 0, 0, 0, 0, 0, 0, 0, 0, 0, 0, 0, 0, 0, 0, 0, 0, 0, 0, 0, 0, 0, 0, 0, 0, 0, 0, 0, 0, 0, 0, 0, 0, 0, 0, 0, 0, 0, 0, 0, 0, 0, 0, 0, 0, 0, 0, 0, 0, 0, 0, 0, 0, 0, 0, 0, 0, 0, 0, 0, 0, 0, 0, 0, 0, 0, 0, 0, 0, 0, 0, 0, 0, 0, 0, 0, 0, 0, 0, 0, 0, 0, 0, 0, 0, 0, 0, 0, 0, 0, 0, 0, 0, 0, 0, 0, 0]",300,"[0.40724602341651917, 0.4075700044631958, 0.41143935918807983, 0.40982863306999207, 0.4073001742362976, 0.40722617506980896, 0.40809178352355957, 0.4084002673625946, 0.4082789123058319, 0.4076239764690399, 0.408395379781723, 0.4072522819042206, 0.4074501395225525, 0.41065528988838196, 0.4072282910346985, 0.40736156702041626, 0.4072294533252716, 0.4075529873371124, 0.40752112865448, 0.40802332758903503, 0.4083990752696991, 0.4072955846786499, 0.40751802921295166, 0.4072291851043701, 0.4076114892959595, 0.40726974606513977, 0.40730053186416626, 0.407369464635849, 0.4073515236377716, 0.4072595536708832, 0.40764063596725464, 0.4072262644767761, 0.40769994258880615, 0.4072270095348358, 0.4072791635990143, 0.4073498249053955, 0.40818122029304504, 0.40868309140205383, 0.40729427337646484, 0.4083483815193176, 0.4072655439376831, 0.4073624312877655, 0.4072341024875641, 0.4092763066291809, 0.4077088534832001, 0.4085427224636078, 0.40722769498825073, 0.4079129099845886, 0.4100017845630646, 0.4073866903781891, 0.4077968895435333, 0.40753430128097534, 0.40725839138031006, 0.4088577628135681, 0.4073856770992279, 0.4072316288948059, 0.407245934009552, 0.407451331615448, 0.4074387848377228, 0.40722665190696716, 0.40731966495513916, 0.40871497988700867, 0.40906307101249695, 0.4073459506034851, 0.40754252672195435, 0.4072267413139343, 0.40727466344833374, 0.40788641571998596, 0.4072762727737427, 0.4076896607875824, 0.4079539179801941, 0.4073462188243866, 0.40726032853126526, 0.4072330892086029, 0.4072900414466858, 0.4072306752204895, 0.4078439772129059, 0.407388299703598, 0.40769049525260925, 0.4072408378124237, 0.40747183561325073, 0.4078737199306488, 0.40787002444267273, 0.4074499011039734, 0.4083932936191559, 0.4072573184967041, 0.4074511229991913, 0.4085809588432312, 0.4078304171562195, 0.40723803639411926, 0.4078555405139923, 0.40739932656288147, 0.40754982829093933, 0.40796157717704773, 0.4072267413139343, 0.40741923451423645, 0.40799495577812195, 0.40722739696502686, 0.4072997272014618, 0.4082869589328766, 0.40738585591316223, 0.4080051779747009, 0.4078293740749359, 0.4081093668937683, 0.40723150968551636, 0.40751323103904724, 0.40759286284446716, 0.4072301983833313, 0.40778958797454834, 0.40740513801574707, 0.4083245098590851, 0.4075629413127899, 0.4072614312171936, 0.4098987281322479, 0.40722715854644775, 0.40731552243232727, 0.40722793340682983, 0.4076245427131653, 0.40753328800201416, 0.40763673186302185, 0.40798988938331604, 0.40741148591041565, 0.40919268131256104, 0.40747830271720886, 0.40766528248786926, 0.4076685309410095, 0.4077982008457184, 0.4076061546802521, 0.40776365995407104, 0.4072619676589966, 0.40723830461502075, 0.40725260972976685, 0.4072863459587097, 0.40926066040992737, 0.4073871374130249, 0.4072873294353485, 0.4074440002441406, 0.40763434767723083, 0.40729930996894836, 0.4072848856449127, 0.4074735641479492, 0.4072552025318146, 0.4075847268104553, 0.4072754383087158, 0.4077465534210205, 0.40735098719596863, 0.4072299897670746, 0.4073885679244995, 0.4075184762477875, 0.40735894441604614, 0.4077472984790802, 0.4072269797325134, 0.40736663341522217, 0.40828937292099, 0.40724441409111023, 0.40725982189178467, 0.40729987621307373, 0.40724948048591614, 0.4072665870189667, 0.408944696187973, 0.40730050206184387, 0.40762174129486084, 0.4076107442378998, 0.40725958347320557, 0.41027355194091797, 0.4072263836860657, 0.4076870381832123, 0.4084508419036865, 0.40723246335983276, 0.4076297879219055, 0.4072326719760895, 0.40747207403182983, 0.40740856528282166, 0.4072261154651642, 0.40749478340148926, 0.4073731303215027, 0.40730908513069153, 0.40722665190696716, 0.4084579050540924, 0.4073137044906616, 0.4073992967605591, 0.4073278307914734, 0.4072471559047699, 0.4096411466598511, 0.40749165415763855, 0.40740010142326355, 0.4074857234954834, 0.4072786569595337, 0.40726616978645325, 0.4073430597782135, 0.40725037455558777, 0.40732425451278687, 0.40740954875946045, 0.40767791867256165, 0.4076767861843109, 0.4074651300907135, 0.40723225474357605, 0.40741977095603943, 0.40722647309303284, 0.4072403013706207, 0.4073885679244995, 0.4074501097202301, 0.4087459146976471, 0.40791788697242737, 0.4072265625, 0.4072437286376953, 0.40744900703430176, 0.40762919187545776, 0.40730082988739014, 0.40724650025367737, 0.4076230525970459, 0.4083961546421051, 0.40737950801849365, 0.40766167640686035, 0.4073810875415802, 0.40772807598114014, 0.4079209566116333, 0.40779322385787964, 0.4091041684150696, 0.40727290511131287, 0.4074861407279968, 0.4072287082672119, 0.40774601697921753, 0.40724602341651917, 0.40892258286476135, 0.4073021411895752, 0.40856030583381653, 0.40725311636924744, 0.40783318877220154, 0.4078950881958008, 0.4072543978691101, 0.40736639499664307, 0.4074482321739197, 0.40737810730934143, 0.40821826457977295, 0.40730029344558716, 0.4072268605232239, 0.4088563024997711, 0.4082471430301666, 0.4072367548942566, 0.40822741389274597, 0.4080601632595062, 0.40723028779029846, 0.40732911229133606, 0.4075223207473755, 0.40725308656692505, 0.40723347663879395, 0.4076273441314697, 0.4079030156135559, 0.40727871656417847, 0.4077681005001068, 0.407277911901474, 0.4074573814868927, 0.40740901231765747, 0.4072399437427521, 0.40724456310272217, 0.4093312919139862, 0.40723955631256104, 0.40749332308769226, 0.4073364734649658, 0.4074936807155609, 0.4084557592868805, 0.4083775579929352, 0.407311350107193, 0.4087986350059509, 0.4076114296913147, 0.4074298143386841, 0.40752583742141724, 0.4073399305343628, 0.4073072075843811, 0.4073846936225891, 0.4078056812286377, 0.4074903130531311, 0.4085870087146759, 0.40724942088127136, 0.40730422735214233, 0.4075648784637451, 0.40726062655448914, 0.4072600305080414, 0.40893518924713135, 0.4074048697948456, 0.40741458535194397, 0.40740928053855896, 0.4082551598548889, 0.40727993845939636, 0.4074239730834961, 0.40772345662117004, 0.4072648286819458, 0.40725067257881165, 0.4072757363319397, 0.40796729922294617, 0.40755289793014526, 0.408319354057312, 0.40730759501457214, 0.40732279419898987, 0.4078163206577301, 0.40774306654930115, 0.4076663851737976, 0.40751945972442627, 0.4075549244880676]",0.0,"[0.0, 0.0, 0.0, 0.0, 0.0, 0.0, 0.0, 0.0, 0.0, 0.0, 0.0, 0.0, 0.0, 0.0, 0.0, 0.0, 0.0, 0.0, 0.0, 0.0, 0.0, 0.0, 0.0, 0.0, 0.0, 0.0, 0.0, 0.0, 0.0, 0.0, 0.0, 0.0, 0.0, 0.0, 0.0, 0.0, 0.0, 0.0, 0.0, 0.0, 0.0, 0.0, 0.0, 0.0, 0.0, 0.0, 0.0, 0.0, 0.0, 0.0, 0.0, 0.0, 0.0, 0.0, 0.0, 0.0, 0.0, 0.0, 0.0, 0.0, 0.0, 0.0, 0.0, 0.0, 0.0, 0.0, 0.0, 0.0, 0.0, 0.0, 0.0, 0.0, 0.0, 0.0, 0.0, 0.0, 0.0, 0.0, 0.0, 0.0, 0.0, 0.0, 0.0, 0.0, 0.0, 0.0, 0.0, 0.0, 0.0, 0.0, 0.0, 0.0, 0.0, 0.0, 0.0, 0.0, 0.0, 0.0, 0.0, 0.0, 0.0, 0.0, 0.0, 0.0, 0.0, 0.0, 0.0, 0.0, 0.0, 0.0, 0.0, 0.0, 0.0, 0.0, 0.0, 0.0, 0.0, 0.0, 0.0, 0.0, 0.0, 0.0, 0.0, 0.0, 0.0, 0.0, 0.0, 0.0, 0.0, 0.0, 0.0, 0.0, 0.0, 0.0, 0.0, 0.0, 0.0, 0.0, 0.0, 0.0, 0.0, 0.0, 0.0, 0.0, 0.0, 0.0, 0.0, 0.0, 0.0, 0.0, 0.0, 0.0, 0.0, 0.0, 0.0, 0.0, 0.0, 0.0, 0.0, 0.0, 0.0, 0.0, 0.0, 0.0, 0.0, 0.0, 0.0, 0.0, 0.0, 0.0, 0.0, 0.0, 0.0, 0.0, 0.0, 0.0, 0.0, 0.0, 0.0, 0.0, 0.0, 0.0, 0.0, 0.0, 0.0, 0.0, 0.0, 0.0, 0.0, 0.0, 0.0, 0.0, 0.0, 0.0, 0.0, 0.0, 0.0, 0.0, 0.0, 0.0, 0.0, 0.0, 0.0, 0.0, 0.0, 0.0, 0.0, 0.0, 0.0, 0.0, 0.0, 0.0, 0.0, 0.0, 0.0, 0.0, 0.0, 0.0, 0.0, 0.0, 0.0, 0.0, 0.0, 0.0, 0.0, 0.0, 0.0, 0.0, 0.0, 0.0, 0.0, 0.0, 0.0, 0.0, 0.0, 0.0, 0.0, 0.0, 0.0, 0.0, 0.0, 0.0, 0.0, 0.0, 0.0, 0.0, 0.0, 0.0, 0.0, 0.0, 0.0, 0.0, 0.0, 0.0, 0.0, 0.0, 0.0, 0.0, 0.0, 0.0, 0.0, 0.0, 0.0, 0.0, 0.0, 0.0, 0.0, 0.0, 0.0, 0.0, 0.0, 0.0, 0.0, 0.0, 0.0, 0.0, 0.0, 0.0, 0.0, 0.0, 0.0, 0.0, 0.0, 0.0, 0.0, 0.0, 0.0, 0.0, 0.0, 0.0, 0.0, 0.0, 0.0, 0.0, 0.0, 0.0, 0.0, 0.0, 0.0, 0.0]",COMPLETE
118,118,0.9328747536422307,2024-08-31 05:05:10.385668,2024-08-31 05:05:48.418585,0 days 00:00:38.032917,4,6.954298402477054,6,15,0.005729473396115415,10,0.0004397939878646575,0.95,0.95125,16,"[33, 32, 23, 19, 18, 18, 18, 17, 16, 16, 16, 16, 16, 16, 16]",15.993650793650794,"[32.95873015873016, 31.96666666666667, 22.97936507936508, 18.98095238095238, 17.987301587301587, 17.977777777777778, 17.984126984126984, 16.993650793650794, 15.988888888888889, 15.97936507936508, 15.987301587301587, 15.987301587301587, 15.995238095238095, 15.992063492063492, 15.993650793650794]",0.9193107604917478,0.9328747536422307,16,"[33, 32, 23, 19, 18, 18, 18, 17, 16, 16, 16, 16, 16, 16, 16]",15,"[0.28697818517684937, 0.25458088517189026, 0.2130662351846695, 0.23657725751399994, 0.20329605042934418, 0.18901939690113068, 0.19515357911586761, 0.17713142931461334, 0.20088332891464233, 0.21079088747501373, 0.18100586533546448, 0.1805080771446228, 0.17571429908275604, 0.1696726679801941, 0.17187470197677612]",16.0,"[33.0, 32.0, 23.0, 19.0, 18.0, 18.0, 18.0, 17.0, 16.0, 16.0, 16.0, 16.0, 16.0, 16.0, 16.0]",COMPLETE
