,number,value,datetime_start,datetime_complete,duration,params_batch_size_scaler,params_constant_learning_rate,params_depth,params_epochs,params_kernel_l2,params_num_trees,params_temperature,user_attrs_accuracy_test,user_attrs_accuracy_valid,user_attrs_approximate_feature_sparsity,user_attrs_approximate_feature_sparsity_history,user_attrs_approximate_weight_sparsity,user_attrs_approximate_weight_sparsity_history,user_attrs_auc_test,user_attrs_auc_valid,user_attrs_feature_sparsity,user_attrs_feature_sparsity_history,user_attrs_num_epochs,user_attrs_val_loss_history,user_attrs_weight_sparsity,user_attrs_weight_sparsity_history,state
125,125,0.5,2024-08-31 05:19:16.783651,2024-08-31 05:25:57.626394,0 days 00:06:40.842743,16,6.361729246777113,6,480,0.2951601077725168,19,0.004591082428288506,0.859,0.85875,0,"[2, 1, 0, 0, 0, 0, 0, 0, 0, 0, 0, 0, 0, 0, 0, 0, 0, 0, 0, 0, 0, 0, 0, 0, 0, 0, 0, 0, 0, 0, 0, 0, 0, 0, 0, 0, 0, 0, 0, 0, 0, 0, 0, 0, 0, 0, 0, 0, 0, 0, 0, 0, 0, 0, 0, 0, 0, 0, 0, 0, 0, 0, 0, 0, 0, 0, 0, 0, 0, 0, 0, 0, 0, 0, 0, 0, 0, 0, 0, 0, 0, 0, 0, 0, 0, 0, 0, 0, 0, 0, 0, 0, 0, 0, 0, 0, 0, 0, 0, 0, 0, 0, 0, 0, 0, 0, 0, 0, 0, 0, 0, 0, 0, 0, 0, 0, 0, 0, 0, 0, 0, 0, 0, 0, 0, 0, 0, 0, 0, 0, 0, 0, 0, 0, 0, 0, 0, 0, 0, 0, 0, 0, 0, 0, 0, 0, 0, 0, 0, 0, 0, 0, 0, 0, 0, 0, 0, 0, 0, 0, 0, 0, 0, 0, 0, 0, 0, 0, 0, 0, 0, 0, 0, 0, 0, 0, 0, 0, 0, 0, 0, 0, 0, 0, 0, 0, 0, 0, 0, 0, 0, 0, 0, 0, 0, 0, 0, 0, 0, 0, 0, 0, 0, 0, 0, 0, 0, 0, 0, 0, 0, 0, 0, 0, 0, 0, 0, 0, 0, 0, 0, 0, 0, 0, 0, 0, 0, 0, 0, 0, 0, 0, 0, 0, 0, 0, 0, 0, 0, 0, 0, 0, 0, 0, 0, 0, 0, 0, 0, 0, 0, 0, 0, 0, 0, 0, 0, 0, 0, 0, 0, 0, 0, 0, 0, 0, 0, 0, 0, 0, 0, 0, 0, 0, 0, 0, 0, 0, 0, 0, 0, 0, 0, 0, 0, 0, 0, 0, 0, 0, 0, 0, 0, 0, 0, 0, 0, 0, 0, 0, 0, 0, 0, 0, 0, 0, 0, 0, 0, 0, 0, 0, 0, 0, 0, 0, 0, 0, 0, 0, 0, 0, 0, 0, 0, 0, 0, 0, 0, 0, 0, 0, 0, 0, 0, 0, 0, 0, 0, 0, 0, 0, 0, 0, 0, 0, 0, 0, 0, 0, 0, 0, 0, 0, 0, 0, 0, 0, 0, 0, 0, 0, 0, 0, 0, 0, 0, 0, 0, 0, 0, 0, 0, 0, 0, 0, 0, 0, 0, 0, 0, 0, 0, 0, 0, 0, 0, 0, 0, 0, 0, 0, 0, 0, 0, 0, 0, 0, 0, 0, 0, 0, 0, 0, 0, 0, 0, 0, 0, 0, 0, 0, 0, 0, 0, 0, 0, 0, 0, 0, 0, 0, 0, 0, 0, 0, 0, 0, 0, 0, 0, 0, 0, 0, 0, 0, 0, 0, 0, 0, 0, 0, 0, 0, 0, 0, 0, 0, 0, 0, 0, 0, 0, 0, 0, 0, 0, 0, 0, 0, 0, 0, 0, 0, 0, 0, 0, 0, 0, 0, 0, 0, 0, 0, 0, 0, 0, 0, 0, 0]",0.0,"[1.9991645781119465, 0.9991645781119465, 0.0, 0.0, 0.0, 0.0, 0.0, 0.0, 0.0, 0.0, 0.0, 0.0, 0.0, 0.0, 0.0, 0.0, 0.0, 0.0, 0.0, 0.0, 0.0, 0.0, 0.0, 0.0, 0.0, 0.0, 0.0, 0.0, 0.0, 0.0, 0.0, 0.0, 0.0, 0.0, 0.0, 0.0, 0.0, 0.0, 0.0, 0.0, 0.0, 0.0, 0.0, 0.0, 0.0, 0.0, 0.0, 0.0, 0.0, 0.0, 0.0, 0.0, 0.0, 0.0, 0.0, 0.0, 0.0, 0.0, 0.0, 0.0, 0.0, 0.0, 0.0, 0.0, 0.0, 0.0, 0.0, 0.0, 0.0, 0.0, 0.0, 0.0, 0.0, 0.0, 0.0, 0.0, 0.0, 0.0, 0.0, 0.0, 0.0, 0.0, 0.0, 0.0, 0.0, 0.0, 0.0, 0.0, 0.0, 0.0, 0.0, 0.0, 0.0, 0.0, 0.0, 0.0, 0.0, 0.0, 0.0, 0.0, 0.0, 0.0, 0.0, 0.0, 0.0, 0.0, 0.0, 0.0, 0.0, 0.0, 0.0, 0.0, 0.0, 0.0, 0.0, 0.0, 0.0, 0.0, 0.0, 0.0, 0.0, 0.0, 0.0, 0.0, 0.0, 0.0, 0.0, 0.0, 0.0, 0.0, 0.0, 0.0, 0.0, 0.0, 0.0, 0.0, 0.0, 0.0, 0.0, 0.0, 0.0, 0.0, 0.0, 0.0, 0.0, 0.0, 0.0, 0.0, 0.0, 0.0, 0.0, 0.0, 0.0, 0.0, 0.0, 0.0, 0.0, 0.0, 0.0, 0.0, 0.0, 0.0, 0.0, 0.0, 0.0, 0.0, 0.0, 0.0, 0.0, 0.0, 0.0, 0.0, 0.0, 0.0, 0.0, 0.0, 0.0, 0.0, 0.0, 0.0, 0.0, 0.0, 0.0, 0.0, 0.0, 0.0, 0.0, 0.0, 0.0, 0.0, 0.0, 0.0, 0.0, 0.0, 0.0, 0.0, 0.0, 0.0, 0.0, 0.0, 0.0, 0.0, 0.0, 0.0, 0.0, 0.0, 0.0, 0.0, 0.0, 0.0, 0.0, 0.0, 0.0, 0.0, 0.0, 0.0, 0.0, 0.0, 0.0, 0.0, 0.0, 0.0, 0.0, 0.0, 0.0, 0.0, 0.0, 0.0, 0.0, 0.0, 0.0, 0.0, 0.0, 0.0, 0.0, 0.0, 0.0, 0.0, 0.0, 0.0, 0.0, 0.0, 0.0, 0.0, 0.0, 0.0, 0.0, 0.0, 0.0, 0.0, 0.0, 0.0, 0.0, 0.0, 0.0, 0.0, 0.0, 0.0, 0.0, 0.0, 0.0, 0.0, 0.0, 0.0, 0.0, 0.0, 0.0, 0.0, 0.0, 0.0, 0.0, 0.0, 0.0, 0.0, 0.0, 0.0, 0.0, 0.0, 0.0, 0.0, 0.0, 0.0, 0.0, 0.0, 0.0, 0.0, 0.0, 0.0, 0.0, 0.0, 0.0, 0.0, 0.0, 0.0, 0.0, 0.0, 0.0, 0.0, 0.0, 0.0, 0.0, 0.0, 0.0, 0.0, 0.0, 0.0, 0.0, 0.0, 0.0, 0.0, 0.0, 0.0, 0.0, 0.0, 0.0, 0.0, 0.0, 0.0, 0.0, 0.0, 0.0, 0.0, 0.0, 0.0, 0.0, 0.0, 0.0, 0.0, 0.0, 0.0, 0.0, 0.0, 0.0, 0.0, 0.0, 0.0, 0.0, 0.0, 0.0, 0.0, 0.0, 0.0, 0.0, 0.0, 0.0, 0.0, 0.0, 0.0, 0.0, 0.0, 0.0, 0.0, 0.0, 0.0, 0.0, 0.0, 0.0, 0.0, 0.0, 0.0, 0.0, 0.0, 0.0, 0.0, 0.0, 0.0, 0.0, 0.0, 0.0, 0.0, 0.0, 0.0, 0.0, 0.0, 0.0, 0.0, 0.0, 0.0, 0.0, 0.0, 0.0, 0.0, 0.0, 0.0, 0.0, 0.0, 0.0, 0.0, 0.0, 0.0, 0.0, 0.0, 0.0, 0.0, 0.0, 0.0, 0.0, 0.0, 0.0, 0.0, 0.0, 0.0, 0.0, 0.0, 0.0, 0.0, 0.0, 0.0, 0.0, 0.0, 0.0, 0.0, 0.0, 0.0, 0.0, 0.0, 0.0, 0.0, 0.0, 0.0, 0.0, 0.0, 0.0, 0.0, 0.0, 0.0, 0.0, 0.0, 0.0, 0.0, 0.0, 0.0, 0.0, 0.0, 0.0, 0.0, 0.0, 0.0, 0.0, 0.0, 0.0, 0.0, 0.0, 0.0, 0.0, 0.0, 0.0, 0.0, 0.0, 0.0, 0.0, 0.0, 0.0, 0.0, 0.0, 0.0, 0.0, 0.0, 0.0, 0.0, 0.0, 0.0, 0.0, 0.0, 0.0, 0.0, 0.0, 0.0, 0.0, 0.0, 0.0, 0.0, 0.0, 0.0, 0.0, 0.0, 0.0, 0.0, 0.0, 0.0]",0.5,0.5,0,"[2, 1, 0, 0, 0, 0, 0, 0, 0, 0, 0, 0, 0, 0, 0, 0, 0, 0, 0, 0, 0, 0, 0, 0, 0, 0, 0, 0, 0, 0, 0, 0, 0, 0, 0, 0, 0, 0, 0, 0, 0, 0, 0, 0, 0, 0, 0, 0, 0, 0, 0, 0, 0, 0, 0, 0, 0, 0, 0, 0, 0, 0, 0, 0, 0, 0, 0, 0, 0, 0, 0, 0, 0, 0, 0, 0, 0, 0, 0, 0, 0, 0, 0, 0, 0, 0, 0, 0, 0, 0, 0, 0, 0, 0, 0, 0, 0, 0, 0, 0, 0, 0, 0, 0, 0, 0, 0, 0, 0, 0, 0, 0, 0, 0, 0, 0, 0, 0, 0, 0, 0, 0, 0, 0, 0, 0, 0, 0, 0, 0, 0, 0, 0, 0, 0, 0, 0, 0, 0, 0, 0, 0, 0, 0, 0, 0, 0, 0, 0, 0, 0, 0, 0, 0, 0, 0, 0, 0, 0, 0, 0, 0, 0, 0, 0, 0, 0, 0, 0, 0, 0, 0, 0, 0, 0, 0, 0, 0, 0, 0, 0, 0, 0, 0, 0, 0, 0, 0, 0, 0, 0, 0, 0, 0, 0, 0, 0, 0, 0, 0, 0, 0, 0, 0, 0, 0, 0, 0, 0, 0, 0, 0, 0, 0, 0, 0, 0, 0, 0, 0, 0, 0, 0, 0, 0, 0, 0, 0, 0, 0, 0, 0, 0, 0, 0, 0, 0, 0, 0, 0, 0, 0, 0, 0, 0, 0, 0, 0, 0, 0, 0, 0, 0, 0, 0, 0, 0, 0, 0, 0, 0, 0, 0, 0, 0, 0, 0, 0, 0, 0, 0, 0, 0, 0, 0, 0, 0, 0, 0, 0, 0, 0, 0, 0, 0, 0, 0, 0, 0, 0, 0, 0, 0, 0, 0, 0, 0, 0, 0, 0, 0, 0, 0, 0, 0, 0, 0, 0, 0, 0, 0, 0, 0, 0, 0, 0, 0, 0, 0, 0, 0, 0, 0, 0, 0, 0, 0, 0, 0, 0, 0, 0, 0, 0, 0, 0, 0, 0, 0, 0, 0, 0, 0, 0, 0, 0, 0, 0, 0, 0, 0, 0, 0, 0, 0, 0, 0, 0, 0, 0, 0, 0, 0, 0, 0, 0, 0, 0, 0, 0, 0, 0, 0, 0, 0, 0, 0, 0, 0, 0, 0, 0, 0, 0, 0, 0, 0, 0, 0, 0, 0, 0, 0, 0, 0, 0, 0, 0, 0, 0, 0, 0, 0, 0, 0, 0, 0, 0, 0, 0, 0, 0, 0, 0, 0, 0, 0, 0, 0, 0, 0, 0, 0, 0, 0, 0, 0, 0, 0, 0, 0, 0, 0, 0, 0, 0, 0, 0, 0, 0, 0, 0, 0, 0, 0, 0, 0, 0, 0, 0, 0, 0, 0, 0, 0, 0, 0, 0, 0, 0, 0, 0, 0, 0, 0, 0, 0, 0, 0, 0, 0, 0, 0, 0, 0, 0, 0, 0, 0, 0]",480,"[0.3871944546699524, 0.39513108134269714, 0.40806305408477783, 0.4091978073120117, 0.4075886905193329, 0.41395121812820435, 0.40885037183761597, 0.4083532392978668, 0.4072727859020233, 0.408777117729187, 0.4155805706977844, 0.4075167179107666, 0.40723931789398193, 0.4073449671268463, 0.40722620487213135, 0.4095512628555298, 0.4079090356826782, 0.407230406999588, 0.40730926394462585, 0.4072471559047699, 0.4074716866016388, 0.4114059805870056, 0.40852630138397217, 0.4077463150024414, 0.40734994411468506, 0.4072267413139343, 0.40741997957229614, 0.4081922173500061, 0.4079923927783966, 0.40746498107910156, 0.40859031677246094, 0.40792396664619446, 0.40850403904914856, 0.40728095173835754, 0.407282292842865, 0.40746837854385376, 0.40727484226226807, 0.40725743770599365, 0.4110770523548126, 0.40921321511268616, 0.4085642695426941, 0.41109809279441833, 0.4090591073036194, 0.4073233902454376, 0.4072689414024353, 0.40846213698387146, 0.4085233807563782, 0.40800777077674866, 0.40886104106903076, 0.4098895788192749, 0.40722671151161194, 0.4072611927986145, 0.4090789556503296, 0.4072268307209015, 0.4073675870895386, 0.407357782125473, 0.40722835063934326, 0.4073600769042969, 0.4084736108779907, 0.40744635462760925, 0.4077948033809662, 0.40736544132232666, 0.40774276852607727, 0.4076424837112427, 0.40927478671073914, 0.40724560618400574, 0.40740951895713806, 0.4081200361251831, 0.4083006978034973, 0.40832260251045227, 0.4081859588623047, 0.40734750032424927, 0.4072789251804352, 0.40809014439582825, 0.4077637493610382, 0.40788525342941284, 0.4072510004043579, 0.40777406096458435, 0.4077799916267395, 0.40798065066337585, 0.40727078914642334, 0.40723955631256104, 0.4072718918323517, 0.40908005833625793, 0.40740707516670227, 0.4112468659877777, 0.40758582949638367, 0.40723496675491333, 0.40768635272979736, 0.40723124146461487, 0.4113695025444031, 0.41069257259368896, 0.4081864655017853, 0.40796124935150146, 0.4075269401073456, 0.408004492521286, 0.4074012339115143, 0.40725117921829224, 0.40803733468055725, 0.4073984920978546, 0.40730908513069153, 0.4092347025871277, 0.40726009011268616, 0.40731754899024963, 0.40724337100982666, 0.407275915145874, 0.4072725176811218, 0.40733328461647034, 0.4082622528076172, 0.4120759963989258, 0.4079916477203369, 0.4075276553630829, 0.40752270817756653, 0.40727517008781433, 0.4081071615219116, 0.4075740575790405, 0.4083661735057831, 0.41020503640174866, 0.4074840247631073, 0.4072585701942444, 0.4078181982040405, 0.4077256917953491, 0.40732234716415405, 0.41188129782676697, 0.4093455970287323, 0.4072268605232239, 0.4073083996772766, 0.4132028818130493, 0.40723931789398193, 0.4080115258693695, 0.4112260937690735, 0.4102959930896759, 0.4074678122997284, 0.40797683596611023, 0.40914517641067505, 0.4073809087276459, 0.4074840843677521, 0.40748870372772217, 0.4074273407459259, 0.40739279985427856, 0.40735191106796265, 0.4075050354003906, 0.4076898694038391, 0.40793395042419434, 0.40723732113838196, 0.40910089015960693, 0.408610075712204, 0.40725138783454895, 0.4082040786743164, 0.40753746032714844, 0.4080260097980499, 0.40946999192237854, 0.40940406918525696, 0.4073120951652527, 0.4073665142059326, 0.40737563371658325, 0.4107379615306854, 0.4080588221549988, 0.40786635875701904, 0.4072295129299164, 0.40751034021377563, 0.4123029410839081, 0.40789687633514404, 0.4082641303539276, 0.4078267216682434, 0.40722617506980896, 0.4079512059688568, 0.4072312116622925, 0.4072461426258087, 0.40729594230651855, 0.4079987704753876, 0.40807726979255676, 0.4083993136882782, 0.41138920187950134, 0.40843769907951355, 0.40757110714912415, 0.4077204763889313, 0.4072415828704834, 0.40777918696403503, 0.40904948115348816, 0.4120555520057678, 0.4073100984096527, 0.40774857997894287, 0.40722715854644775, 0.4072612524032593, 0.4072644114494324, 0.40764129161834717, 0.40758007764816284, 0.41723138093948364, 0.40722694993019104, 0.40732094645500183, 0.40761032700538635, 0.4078037142753601, 0.40890616178512573, 0.40738552808761597, 0.4086098074913025, 0.4072878658771515, 0.4072284400463104, 0.40729594230651855, 0.4077727198600769, 0.4088679850101471, 0.408171147108078, 0.4080781936645508, 0.409673810005188, 0.4073328375816345, 0.40722987055778503, 0.4076152741909027, 0.4072811007499695, 0.4074898660182953, 0.41116559505462646, 0.4096611738204956, 0.4093283414840698, 0.4076414108276367, 0.4072864055633545, 0.407233327627182, 0.4072275459766388, 0.4074140191078186, 0.4078950583934784, 0.409505158662796, 0.40810322761535645, 0.4076148271560669, 0.4103311598300934, 0.4072301387786865, 0.40911009907722473, 0.40932196378707886, 0.41054239869117737, 0.4074205160140991, 0.40791746973991394, 0.40766826272010803, 0.40928027033805847, 0.41042083501815796, 0.4073977768421173, 0.40763020515441895, 0.40920722484588623, 0.4077078700065613, 0.40732234716415405, 0.4077039659023285, 0.4076473116874695, 0.40722617506980896, 0.40825504064559937, 0.4072670638561249, 0.40923428535461426, 0.4112074673175812, 0.407318651676178, 0.4080086052417755, 0.40952110290527344, 0.4077213406562805, 0.4077162444591522, 0.4122781455516815, 0.40774405002593994, 0.4077945649623871, 0.4072939157485962, 0.40731051564216614, 0.4104553163051605, 0.4073016047477722, 0.40722742676734924, 0.4076591432094574, 0.40792980790138245, 0.40725091099739075, 0.41455844044685364, 0.4147266149520874, 0.4100494384765625, 0.40843886137008667, 0.4074837863445282, 0.4072986841201782, 0.4072398841381073, 0.40723052620887756, 0.40723931789398193, 0.40722817182540894, 0.40743622183799744, 0.4076076149940491, 0.40765586495399475, 0.40762344002723694, 0.4089065492153168, 0.40729793906211853, 0.40726062655448914, 0.4073552191257477, 0.4082113206386566, 0.40741127729415894, 0.4075738787651062, 0.40748968720436096, 0.40837910771369934, 0.40732264518737793, 0.40760040283203125, 0.4091036915779114, 0.41179850697517395, 0.408095121383667, 0.4076400399208069, 0.4076685607433319, 0.4111950397491455, 0.40731513500213623, 0.40724655985832214, 0.4080161154270172, 0.40811166167259216, 0.40747973322868347, 0.40724658966064453, 0.41178038716316223, 0.40873926877975464, 0.40781208872795105, 0.4074535369873047, 0.4073236882686615, 0.4098430573940277, 0.40875980257987976, 0.41125187277793884, 0.40962353348731995, 0.40999770164489746, 0.4082202911376953, 0.4093671143054962, 0.40727224946022034, 0.4082217812538147, 0.40923061966896057, 0.4074781537055969, 0.41091281175613403, 0.4083558917045593, 0.4083912670612335, 0.4073008596897125, 0.40728989243507385, 0.4080808162689209, 0.4086166322231293, 0.40724247694015503, 0.4072372317314148, 0.4082343578338623, 0.4079540967941284, 0.40933701395988464, 0.40838298201560974, 0.40814754366874695, 0.40742790699005127, 0.40897586941719055, 0.4085727334022522, 0.4110682010650635, 0.40744921565055847, 0.4072539210319519, 0.4074188470840454, 0.4151221215724945, 0.40745484828948975, 0.40725916624069214, 0.41009721159935, 0.40777698159217834, 0.40763571858406067, 0.4118422269821167, 0.41091060638427734, 0.4072585999965668, 0.4080134928226471, 0.4074398875236511, 0.40724286437034607, 0.4086383879184723, 0.40783485770225525, 0.4085991680622101, 0.41174766421318054, 0.4075503647327423, 0.40805280208587646, 0.4091794192790985, 0.40737542510032654, 0.40722817182540894, 0.40835097432136536, 0.41031044721603394, 0.4086426794528961, 0.41064906120300293, 0.40729042887687683, 0.4072270095348358, 0.40777599811553955, 0.4072292745113373, 0.40739649534225464, 0.408690482378006, 0.4086505174636841, 0.40752291679382324, 0.4100590944290161, 0.40731140971183777, 0.4098416864871979, 0.4072311818599701, 0.4077188968658447, 0.40876826643943787, 0.40746447443962097, 0.4072282314300537, 0.40969669818878174, 0.4081888496875763, 0.4073091447353363, 0.40763145685195923, 0.40731608867645264, 0.40748700499534607, 0.407306432723999, 0.40959084033966064, 0.40730512142181396, 0.4073019027709961, 0.407241553068161, 0.4073264002799988, 0.407938152551651, 0.4073309004306793, 0.40857747197151184, 0.41040587425231934, 0.407307505607605, 0.40951934456825256, 0.4072788655757904, 0.4073091149330139, 0.4093145430088043, 0.40942901372909546, 0.40785887837409973, 0.4073799252510071, 0.40880343317985535, 0.4076043367385864, 0.4080567955970764, 0.40726447105407715, 0.4096112847328186, 0.4082852900028229, 0.40826964378356934, 0.4075395464897156, 0.40925103425979614, 0.4078388214111328, 0.41055914759635925, 0.4075818359851837, 0.40722694993019104, 0.41004303097724915, 0.4108923375606537, 0.40952369570732117, 0.41187822818756104, 0.4095717966556549, 0.4074632525444031, 0.4072324335575104, 0.40722620487213135, 0.4072303771972656, 0.41133350133895874, 0.4074018597602844, 0.40730857849121094, 0.40723365545272827, 0.40722882747650146, 0.40730980038642883, 0.407245397567749, 0.4076683521270752, 0.4085310399532318, 0.40839728713035583, 0.4087798297405243, 0.40734580159187317, 0.4074515104293823, 0.4079113006591797, 0.4100222885608673, 0.4099998474121094, 0.4074040651321411, 0.40722647309303284, 0.4077802896499634, 0.4073002338409424, 0.40894508361816406, 0.40946903824806213, 0.40738457441329956, 0.4074092507362366, 0.4107331335544586, 0.40751364827156067, 0.40809476375579834, 0.40745529532432556, 0.4073052704334259, 0.40849602222442627, 0.4073701798915863, 0.40743720531463623, 0.40723538398742676, 0.4077132046222687, 0.4079122841358185, 0.410035640001297, 0.40723323822021484, 0.4131409823894501, 0.40832945704460144, 0.40927547216415405, 0.40866658091545105, 0.40727517008781433, 0.4099515974521637, 0.4089764356613159, 0.40732342004776, 0.40814900398254395, 0.4078158140182495, 0.4072667062282562, 0.40870118141174316, 0.40751612186431885, 0.40844735503196716, 0.4087586998939514, 0.40807414054870605, 0.407241553068161, 0.4075593054294586, 0.41023072600364685, 0.4076630473136902, 0.4082905650138855, 0.40722647309303284, 0.40809518098831177]",0.0,"[2.0, 1.0, 0.0, 0.0, 0.0, 0.0, 0.0, 0.0, 0.0, 0.0, 0.0, 0.0, 0.0, 0.0, 0.0, 0.0, 0.0, 0.0, 0.0, 0.0, 0.0, 0.0, 0.0, 0.0, 0.0, 0.0, 0.0, 0.0, 0.0, 0.0, 0.0, 0.0, 0.0, 0.0, 0.0, 0.0, 0.0, 0.0, 0.0, 0.0, 0.0, 0.0, 0.0, 0.0, 0.0, 0.0, 0.0, 0.0, 0.0, 0.0, 0.0, 0.0, 0.0, 0.0, 0.0, 0.0, 0.0, 0.0, 0.0, 0.0, 0.0, 0.0, 0.0, 0.0, 0.0, 0.0, 0.0, 0.0, 0.0, 0.0, 0.0, 0.0, 0.0, 0.0, 0.0, 0.0, 0.0, 0.0, 0.0, 0.0, 0.0, 0.0, 0.0, 0.0, 0.0, 0.0, 0.0, 0.0, 0.0, 0.0, 0.0, 0.0, 0.0, 0.0, 0.0, 0.0, 0.0, 0.0, 0.0, 0.0, 0.0, 0.0, 0.0, 0.0, 0.0, 0.0, 0.0, 0.0, 0.0, 0.0, 0.0, 0.0, 0.0, 0.0, 0.0, 0.0, 0.0, 0.0, 0.0, 0.0, 0.0, 0.0, 0.0, 0.0, 0.0, 0.0, 0.0, 0.0, 0.0, 0.0, 0.0, 0.0, 0.0, 0.0, 0.0, 0.0, 0.0, 0.0, 0.0, 0.0, 0.0, 0.0, 0.0, 0.0, 0.0, 0.0, 0.0, 0.0, 0.0, 0.0, 0.0, 0.0, 0.0, 0.0, 0.0, 0.0, 0.0, 0.0, 0.0, 0.0, 0.0, 0.0, 0.0, 0.0, 0.0, 0.0, 0.0, 0.0, 0.0, 0.0, 0.0, 0.0, 0.0, 0.0, 0.0, 0.0, 0.0, 0.0, 0.0, 0.0, 0.0, 0.0, 0.0, 0.0, 0.0, 0.0, 0.0, 0.0, 0.0, 0.0, 0.0, 0.0, 0.0, 0.0, 0.0, 0.0, 0.0, 0.0, 0.0, 0.0, 0.0, 0.0, 0.0, 0.0, 0.0, 0.0, 0.0, 0.0, 0.0, 0.0, 0.0, 0.0, 0.0, 0.0, 0.0, 0.0, 0.0, 0.0, 0.0, 0.0, 0.0, 0.0, 0.0, 0.0, 0.0, 0.0, 0.0, 0.0, 0.0, 0.0, 0.0, 0.0, 0.0, 0.0, 0.0, 0.0, 0.0, 0.0, 0.0, 0.0, 0.0, 0.0, 0.0, 0.0, 0.0, 0.0, 0.0, 0.0, 0.0, 0.0, 0.0, 0.0, 0.0, 0.0, 0.0, 0.0, 0.0, 0.0, 0.0, 0.0, 0.0, 0.0, 0.0, 0.0, 0.0, 0.0, 0.0, 0.0, 0.0, 0.0, 0.0, 0.0, 0.0, 0.0, 0.0, 0.0, 0.0, 0.0, 0.0, 0.0, 0.0, 0.0, 0.0, 0.0, 0.0, 0.0, 0.0, 0.0, 0.0, 0.0, 0.0, 0.0, 0.0, 0.0, 0.0, 0.0, 0.0, 0.0, 0.0, 0.0, 0.0, 0.0, 0.0, 0.0, 0.0, 0.0, 0.0, 0.0, 0.0, 0.0, 0.0, 0.0, 0.0, 0.0, 0.0, 0.0, 0.0, 0.0, 0.0, 0.0, 0.0, 0.0, 0.0, 0.0, 0.0, 0.0, 0.0, 0.0, 0.0, 0.0, 0.0, 0.0, 0.0, 0.0, 0.0, 0.0, 0.0, 0.0, 0.0, 0.0, 0.0, 0.0, 0.0, 0.0, 0.0, 0.0, 0.0, 0.0, 0.0, 0.0, 0.0, 0.0, 0.0, 0.0, 0.0, 0.0, 0.0, 0.0, 0.0, 0.0, 0.0, 0.0, 0.0, 0.0, 0.0, 0.0, 0.0, 0.0, 0.0, 0.0, 0.0, 0.0, 0.0, 0.0, 0.0, 0.0, 0.0, 0.0, 0.0, 0.0, 0.0, 0.0, 0.0, 0.0, 0.0, 0.0, 0.0, 0.0, 0.0, 0.0, 0.0, 0.0, 0.0, 0.0, 0.0, 0.0, 0.0, 0.0, 0.0, 0.0, 0.0, 0.0, 0.0, 0.0, 0.0, 0.0, 0.0, 0.0, 0.0, 0.0, 0.0, 0.0, 0.0, 0.0, 0.0, 0.0, 0.0, 0.0, 0.0, 0.0, 0.0, 0.0, 0.0, 0.0, 0.0, 0.0, 0.0, 0.0, 0.0, 0.0, 0.0, 0.0, 0.0, 0.0, 0.0, 0.0, 0.0, 0.0, 0.0, 0.0, 0.0, 0.0, 0.0, 0.0, 0.0, 0.0, 0.0, 0.0, 0.0, 0.0, 0.0, 0.0, 0.0, 0.0, 0.0, 0.0, 0.0, 0.0, 0.0, 0.0, 0.0, 0.0, 0.0, 0.0, 0.0, 0.0, 0.0, 0.0, 0.0, 0.0, 0.0, 0.0, 0.0, 0.0, 0.0, 0.0, 0.0, 0.0, 0.0, 0.0]",COMPLETE
126,126,0.7733122077520578,2024-08-31 05:26:01.592484,2024-08-31 05:26:08.522827,0 days 00:00:06.930343,64,1.9139644141259955,2,20,0.03972029935272904,56,0.00018454428338292336,0.859,0.85875,33,"[33, 33, 33, 33, 33, 33, 33, 33, 33, 33, 33, 33, 33, 33, 33, 33, 33, 33, 33, 33]",32.98809523809524,"[32.98214285714286, 32.964285714285715, 32.976190476190474, 32.98809523809524, 32.982142857142854, 32.982142857142854, 32.970238095238095, 32.982142857142854, 32.976190476190474, 32.982142857142854, 32.970238095238095, 33.0, 33.0, 32.95833333333333, 32.98809523809524, 32.98809523809524, 32.982142857142854, 32.982142857142854, 32.970238095238095, 32.98809523809524]",0.803515550821919,0.7733122077520578,33,"[33, 33, 33, 33, 33, 33, 33, 33, 33, 33, 33, 33, 33, 33, 33, 33, 33, 33, 33, 33]",20,"[4.984020233154297, 0.7155706286430359, 2.976426124572754, 4.08095645904541, 1.6179789304733276, 0.5005104541778564, 0.7404507994651794, 3.326373338699341, 1.5917164087295532, 2.211697816848755, 1.0296406745910645, 0.6539260745048523, 2.0156402587890625, 1.112545371055603, 0.38798314332962036, 3.109236717224121, 1.0854706764221191, 3.3577680587768555, 0.4744960367679596, 1.2434298992156982]",33.0,"[33.0, 33.0, 33.0, 33.0, 33.0, 33.0, 33.0, 33.0, 33.0, 33.0, 33.0, 33.0, 33.0, 33.0, 33.0, 33.0, 33.0, 33.0, 33.0, 33.0]",COMPLETE
