,number,value,datetime_start,datetime_complete,duration,params_batch_size_scaler,params_constant_learning_rate,params_depth,params_epochs,params_kernel_l2,params_num_trees,params_temperature,user_attrs_accuracy_test,user_attrs_accuracy_valid,user_attrs_approximate_feature_sparsity,user_attrs_approximate_feature_sparsity_history,user_attrs_approximate_weight_sparsity,user_attrs_approximate_weight_sparsity_history,user_attrs_auc_test,user_attrs_auc_valid,user_attrs_feature_sparsity,user_attrs_feature_sparsity_history,user_attrs_num_epochs,user_attrs_val_loss_history,user_attrs_weight_sparsity,user_attrs_weight_sparsity_history,state
98,98,0.5,2024-08-31 04:22:39.518375,2024-08-31 04:28:20.178105,0 days 00:05:40.659730,4,3.7411772181831995,5,465,0.008930268694550743,43,0.028382320222066073,0.859,0.85875,0,"[0, 0, 0, 0, 0, 0, 0, 0, 0, 0, 0, 0, 0, 0, 0, 0, 0, 0, 0, 0, 0, 0, 0, 0, 0, 0, 0, 0, 0, 0, 0, 0, 0, 0, 0, 0, 0, 0, 0, 0, 0, 0, 0, 0, 0, 0, 0, 0, 0, 0, 0, 0, 0, 0, 0, 0, 0, 0, 0, 0, 0, 0, 0, 0, 0, 0, 0, 0, 0, 0, 0, 0, 0, 0, 0, 0, 0, 0, 0, 0, 0, 0, 0, 0, 0, 0, 0, 0, 0, 0, 0, 0, 0, 0, 0, 0, 0, 0, 0, 0, 0, 0, 0, 0, 0, 0, 0, 0, 0, 0, 0, 0, 0, 0, 0, 0, 0, 0, 0, 0, 0, 0, 0, 0, 0, 0, 0, 0, 0, 0, 0, 0, 0, 0, 0, 0, 0, 0, 0, 0, 0, 0, 0, 0, 0, 0, 0, 0, 0, 0, 0, 0, 0, 0, 0, 0, 0, 0, 0, 0, 0, 0, 0, 0, 0, 0, 0, 0, 0, 0, 0, 0, 0, 0, 0, 0, 0, 0, 0, 0, 0, 0, 0, 0, 0, 0, 0, 0, 0, 0, 0, 0, 0, 0, 0, 0, 0, 0, 0, 0, 0, 0, 0, 0, 0, 0, 0, 0, 0, 0, 0, 0, 0, 0, 0, 0, 0, 0, 0, 0, 0, 0, 0, 0, 0, 0, 0, 0, 0, 0, 0, 0, 0, 0, 0, 0, 0, 0, 0, 0, 0, 0, 0, 0, 0, 0, 0, 0, 0, 0, 0, 0, 0, 0, 0, 0, 0, 0, 0, 0, 0, 0, 0, 0, 0, 0, 0, 0, 0, 0, 0, 0, 0, 0, 0, 0, 0, 0, 0, 0, 0, 0, 0, 0, 0, 0, 0, 0, 0, 0, 0, 0, 0, 0, 0, 0, 0, 0, 0, 0, 0, 0, 0, 0, 0, 0, 0, 0, 0, 0, 0, 0, 0, 0, 0, 0, 0, 0, 0, 0, 0, 0, 0, 0, 0, 0, 0, 0, 0, 0, 0, 0, 0, 0, 0, 0, 0, 0, 0, 0, 0, 0, 0, 0, 0, 0, 0, 0, 0, 0, 0, 0, 0, 0, 0, 0, 0, 0, 0, 0, 0, 0, 0, 0, 0, 0, 0, 0, 0, 0, 0, 0, 0, 0, 0, 0, 0, 0, 0, 0, 0, 0, 0, 0, 0, 0, 0, 0, 0, 0, 0, 0, 0, 0, 0, 0, 0, 0, 0, 0, 0, 0, 0, 0, 0, 0, 0, 0, 0, 0, 0, 0, 0, 0, 0, 0, 0, 0, 0, 0, 0, 0, 0, 0, 0, 0, 0, 0, 0, 0, 0, 0, 0, 0, 0, 0, 0, 0, 0, 0, 0, 0, 0, 0, 0, 0, 0, 0, 0, 0, 0, 0, 0, 0, 0, 0, 0, 0, 0, 0, 0, 0, 0, 0, 0]",0.0,"[0.0, 0.0, 0.0, 0.0, 0.0, 0.0, 0.0, 0.0, 0.0, 0.0, 0.0, 0.0, 0.0, 0.0, 0.0, 0.0, 0.0, 0.0, 0.0, 0.0, 0.0, 0.0, 0.0, 0.0, 0.0, 0.0, 0.0, 0.0, 0.0, 0.0, 0.0, 0.0, 0.0, 0.0, 0.0, 0.0, 0.0, 0.0, 0.0, 0.0, 0.0, 0.0, 0.0, 0.0, 0.0, 0.0, 0.0, 0.0, 0.0, 0.0, 0.0, 0.0, 0.0, 0.0, 0.0, 0.0, 0.0, 0.0, 0.0, 0.0, 0.0, 0.0, 0.0, 0.0, 0.0, 0.0, 0.0, 0.0, 0.0, 0.0, 0.0, 0.0, 0.0, 0.0, 0.0, 0.0, 0.0, 0.0, 0.0, 0.0, 0.0, 0.0, 0.0, 0.0, 0.0, 0.0, 0.0, 0.0, 0.0, 0.0, 0.0, 0.0, 0.0, 0.0, 0.0, 0.0, 0.0, 0.0, 0.0, 0.0, 0.0, 0.0, 0.0, 0.0, 0.0, 0.0, 0.0, 0.0, 0.0, 0.0, 0.0, 0.0, 0.0, 0.0, 0.0, 0.0, 0.0, 0.0, 0.0, 0.0, 0.0, 0.0, 0.0, 0.0, 0.0, 0.0, 0.0, 0.0, 0.0, 0.0, 0.0, 0.0, 0.0, 0.0, 0.0, 0.0, 0.0, 0.0, 0.0, 0.0, 0.0, 0.0, 0.0, 0.0, 0.0, 0.0, 0.0, 0.0, 0.0, 0.0, 0.0, 0.0, 0.0, 0.0, 0.0, 0.0, 0.0, 0.0, 0.0, 0.0, 0.0, 0.0, 0.0, 0.0, 0.0, 0.0, 0.0, 0.0, 0.0, 0.0, 0.0, 0.0, 0.0, 0.0, 0.0, 0.0, 0.0, 0.0, 0.0, 0.0, 0.0, 0.0, 0.0, 0.0, 0.0, 0.0, 0.0, 0.0, 0.0, 0.0, 0.0, 0.0, 0.0, 0.0, 0.0, 0.0, 0.0, 0.0, 0.0, 0.0, 0.0, 0.0, 0.0, 0.0, 0.0, 0.0, 0.0, 0.0, 0.0, 0.0, 0.0, 0.0, 0.0, 0.0, 0.0, 0.0, 0.0, 0.0, 0.0, 0.0, 0.0, 0.0, 0.0, 0.0, 0.0, 0.0, 0.0, 0.0, 0.0, 0.0, 0.0, 0.0, 0.0, 0.0, 0.0, 0.0, 0.0, 0.0, 0.0, 0.0, 0.0, 0.0, 0.0, 0.0, 0.0, 0.0, 0.0, 0.0, 0.0, 0.0, 0.0, 0.0, 0.0, 0.0, 0.0, 0.0, 0.0, 0.0, 0.0, 0.0, 0.0, 0.0, 0.0, 0.0, 0.0, 0.0, 0.0, 0.0, 0.0, 0.0, 0.0, 0.0, 0.0, 0.0, 0.0, 0.0, 0.0, 0.0, 0.0, 0.0, 0.0, 0.0, 0.0, 0.0, 0.0, 0.0, 0.0, 0.0, 0.0, 0.0, 0.0, 0.0, 0.0, 0.0, 0.0, 0.0, 0.0, 0.0, 0.0, 0.0, 0.0, 0.0, 0.0, 0.0, 0.0, 0.0, 0.0, 0.0, 0.0, 0.0, 0.0, 0.0, 0.0, 0.0, 0.0, 0.0, 0.0, 0.0, 0.0, 0.0, 0.0, 0.0, 0.0, 0.0, 0.0, 0.0, 0.0, 0.0, 0.0, 0.0, 0.0, 0.0, 0.0, 0.0, 0.0, 0.0, 0.0, 0.0, 0.0, 0.0, 0.0, 0.0, 0.0, 0.0, 0.0, 0.0, 0.0, 0.0, 0.0, 0.0, 0.0, 0.0, 0.0, 0.0, 0.0, 0.0, 0.0, 0.0, 0.0, 0.0, 0.0, 0.0, 0.0, 0.0, 0.0, 0.0, 0.0, 0.0, 0.0, 0.0, 0.0, 0.0, 0.0, 0.0, 0.0, 0.0, 0.0, 0.0, 0.0, 0.0, 0.0, 0.0, 0.0, 0.0, 0.0, 0.0, 0.0, 0.0, 0.0, 0.0, 0.0, 0.0, 0.0, 0.0, 0.0, 0.0, 0.0, 0.0, 0.0, 0.0, 0.0, 0.0, 0.0, 0.0, 0.0, 0.0, 0.0, 0.0, 0.0, 0.0, 0.0, 0.0, 0.0, 0.0, 0.0, 0.0, 0.0, 0.0, 0.0, 0.0, 0.0, 0.0, 0.0, 0.0, 0.0, 0.0, 0.0, 0.0, 0.0, 0.0, 0.0, 0.0, 0.0, 0.0, 0.0, 0.0, 0.0, 0.0, 0.0, 0.0, 0.0, 0.0, 0.0, 0.0, 0.0, 0.0, 0.0, 0.0, 0.0, 0.0, 0.0, 0.0, 0.0, 0.0, 0.0, 0.0, 0.0, 0.0, 0.0, 0.0, 0.0, 0.0, 0.0, 0.0, 0.0]",0.5,0.5,0,"[0, 0, 0, 0, 0, 0, 0, 0, 0, 0, 0, 0, 0, 0, 0, 0, 0, 0, 0, 0, 0, 0, 0, 0, 0, 0, 0, 0, 0, 0, 0, 0, 0, 0, 0, 0, 0, 0, 0, 0, 0, 0, 0, 0, 0, 0, 0, 0, 0, 0, 0, 0, 0, 0, 0, 0, 0, 0, 0, 0, 0, 0, 0, 0, 0, 0, 0, 0, 0, 0, 0, 0, 0, 0, 0, 0, 0, 0, 0, 0, 0, 0, 0, 0, 0, 0, 0, 0, 0, 0, 0, 0, 0, 0, 0, 0, 0, 0, 0, 0, 0, 0, 0, 0, 0, 0, 0, 0, 0, 0, 0, 0, 0, 0, 0, 0, 0, 0, 0, 0, 0, 0, 0, 0, 0, 0, 0, 0, 0, 0, 0, 0, 0, 0, 0, 0, 0, 0, 0, 0, 0, 0, 0, 0, 0, 0, 0, 0, 0, 0, 0, 0, 0, 0, 0, 0, 0, 0, 0, 0, 0, 0, 0, 0, 0, 0, 0, 0, 0, 0, 0, 0, 0, 0, 0, 0, 0, 0, 0, 0, 0, 0, 0, 0, 0, 0, 0, 0, 0, 0, 0, 0, 0, 0, 0, 0, 0, 0, 0, 0, 0, 0, 0, 0, 0, 0, 0, 0, 0, 0, 0, 0, 0, 0, 0, 0, 0, 0, 0, 0, 0, 0, 0, 0, 0, 0, 0, 0, 0, 0, 0, 0, 0, 0, 0, 0, 0, 0, 0, 0, 0, 0, 0, 0, 0, 0, 0, 0, 0, 0, 0, 0, 0, 0, 0, 0, 0, 0, 0, 0, 0, 0, 0, 0, 0, 0, 0, 0, 0, 0, 0, 0, 0, 0, 0, 0, 0, 0, 0, 0, 0, 0, 0, 0, 0, 0, 0, 0, 0, 0, 0, 0, 0, 0, 0, 0, 0, 0, 0, 0, 0, 0, 0, 0, 0, 0, 0, 0, 0, 0, 0, 0, 0, 0, 0, 0, 0, 0, 0, 0, 0, 0, 0, 0, 0, 0, 0, 0, 0, 0, 0, 0, 0, 0, 0, 0, 0, 0, 0, 0, 0, 0, 0, 0, 0, 0, 0, 0, 0, 0, 0, 0, 0, 0, 0, 0, 0, 0, 0, 0, 0, 0, 0, 0, 0, 0, 0, 0, 0, 0, 0, 0, 0, 0, 0, 0, 0, 0, 0, 0, 0, 0, 0, 0, 0, 0, 0, 0, 0, 0, 0, 0, 0, 0, 0, 0, 0, 0, 0, 0, 0, 0, 0, 0, 0, 0, 0, 0, 0, 0, 0, 0, 0, 0, 0, 0, 0, 0, 0, 0, 0, 0, 0, 0, 0, 0, 0, 0, 0, 0, 0, 0, 0, 0, 0, 0, 0, 0, 0, 0, 0, 0, 0, 0, 0, 0, 0, 0, 0, 0, 0, 0, 0, 0, 0, 0, 0, 0, 0, 0, 0, 0, 0, 0, 0]",465,"[0.4139276444911957, 0.40919628739356995, 0.4222446084022522, 0.40724658966064453, 0.46026748418807983, 0.4114442467689514, 0.41619884967803955, 0.4348500370979309, 0.41533657908439636, 0.41215288639068604, 0.40905022621154785, 0.419468492269516, 0.4081907272338867, 0.4081924557685852, 0.4088537096977234, 0.41869309544563293, 0.4132848381996155, 0.40726590156555176, 0.4088250696659088, 0.43426403403282166, 0.4259169399738312, 0.41230452060699463, 0.4088493585586548, 0.4120500683784485, 0.4128255546092987, 0.4072546064853668, 0.41039082407951355, 0.4072667062282562, 0.43840113282203674, 0.40944117307662964, 0.41507595777511597, 0.4135025143623352, 0.4153376817703247, 0.41051140427589417, 0.4075523018836975, 0.4255293607711792, 0.4232863187789917, 0.42215508222579956, 0.43277794122695923, 0.41110023856163025, 0.4086363613605499, 0.40826475620269775, 0.41844263672828674, 0.43005645275115967, 0.4094839096069336, 0.45437031984329224, 0.409585565328598, 0.4184116721153259, 0.41437241435050964, 0.43844807147979736, 0.4353904724121094, 0.42787158489227295, 0.41194552183151245, 0.4156590700149536, 0.4085860848426819, 0.4085712134838104, 0.4328278601169586, 0.4696042239665985, 0.4498561918735504, 0.4073588252067566, 0.4190879762172699, 0.40725257992744446, 0.4245658218860626, 0.4083220660686493, 0.4777301549911499, 0.44139549136161804, 0.4072774052619934, 0.4233037829399109, 0.4106345474720001, 0.41091927886009216, 0.4072759747505188, 0.48164746165275574, 0.4092006981372833, 0.41237056255340576, 0.47156569361686707, 0.48835045099258423, 0.41498371958732605, 0.42940518260002136, 0.4094405472278595, 0.41427239775657654, 0.4303881525993347, 0.4133632183074951, 0.4197617769241333, 0.4076131582260132, 0.4184420108795166, 0.4126722812652588, 0.42688697576522827, 0.41190552711486816, 0.4148900508880615, 0.42378225922584534, 0.4072701632976532, 0.40754276514053345, 0.40723365545272827, 0.4502607583999634, 0.4077964127063751, 0.4073241353034973, 0.40724968910217285, 0.4300040304660797, 0.4209652245044708, 0.41230759024620056, 0.4122171103954315, 0.4123525321483612, 0.43469616770744324, 0.41016167402267456, 0.40867850184440613, 0.4083695709705353, 0.4123248755931854, 0.41320982575416565, 0.4123106300830841, 0.40778347849845886, 0.408683180809021, 0.4120994210243225, 0.4519638121128082, 0.4145756661891937, 0.40900588035583496, 0.45196136832237244, 0.4074314534664154, 0.4246312379837036, 0.4368075430393219, 0.4072367548942566, 0.41366812586784363, 0.4090334177017212, 0.4671788811683655, 0.40801331400871277, 0.4167078733444214, 0.4185563921928406, 0.4072684049606323, 0.4084610342979431, 0.40894758701324463, 0.40764930844306946, 0.43109744787216187, 0.40746840834617615, 0.4116083085536957, 0.4143603444099426, 0.40831810235977173, 0.5822399854660034, 0.4100038409233093, 0.41243991255760193, 0.43006569147109985, 0.43292129039764404, 0.4075556993484497, 0.408610999584198, 0.4202554225921631, 0.4382067024707794, 0.4382120370864868, 0.42943572998046875, 0.40866604447364807, 0.407471239566803, 0.4091874063014984, 0.4149961769580841, 0.4142626225948334, 0.41188904643058777, 0.41009005904197693, 0.40901148319244385, 0.4366346597671509, 0.4132468104362488, 0.4669847786426544, 0.44908133149147034, 0.5031627416610718, 0.4229406416416168, 0.4083622097969055, 0.4123177230358124, 0.4237350523471832, 0.4217641055583954, 0.4601922333240509, 0.41936588287353516, 0.4202909767627716, 0.4089004099369049, 0.4082809090614319, 0.4072541296482086, 0.4266980290412903, 0.4072631895542145, 0.4547499120235443, 0.4115091562271118, 0.41443073749542236, 0.4083184003829956, 0.4775327444076538, 0.4194660484790802, 0.4072580635547638, 0.43450310826301575, 0.4188114106655121, 0.40831565856933594, 0.41850993037223816, 0.4136360287666321, 0.4227199852466583, 0.4072272777557373, 0.42430704832077026, 0.40725353360176086, 0.4075626730918884, 0.41885262727737427, 0.4143558442592621, 0.4072578549385071, 0.4165089428424835, 0.4426131546497345, 0.41520312428474426, 0.40731582045555115, 0.40781280398368835, 0.4270666539669037, 0.41490650177001953, 0.40827250480651855, 0.4186360538005829, 0.41306236386299133, 0.41205894947052, 0.42667415738105774, 0.41863954067230225, 0.41626572608947754, 0.43694743514060974, 0.40931129455566406, 0.4074876308441162, 0.417061984539032, 0.42135298252105713, 0.4218473434448242, 0.4145655930042267, 0.4072265326976776, 0.4287582039833069, 0.4184831976890564, 0.40883347392082214, 0.40896838903427124, 0.41944658756256104, 0.4072539508342743, 0.41205307841300964, 0.41332679986953735, 0.41419434547424316, 0.4072287380695343, 0.40883007645606995, 0.4781650900840759, 0.4078064262866974, 0.41392064094543457, 0.43107935786247253, 0.4373664855957031, 0.4241868257522583, 0.40857163071632385, 0.4141567349433899, 0.40966567397117615, 0.41844794154167175, 0.4089781939983368, 0.4086739718914032, 0.439370334148407, 0.4072618782520294, 0.4085443913936615, 0.43772757053375244, 0.40933263301849365, 0.423897922039032, 0.4072433412075043, 0.5485706329345703, 0.41301119327545166, 0.42676323652267456, 0.44405868649482727, 0.4122471213340759, 0.5025134086608887, 0.40723463892936707, 0.40802258253097534, 0.42609143257141113, 0.4088948965072632, 0.4091562330722809, 0.40930798649787903, 0.4208047091960907, 0.408061683177948, 0.4072502553462982, 0.4072530269622803, 0.4083007872104645, 0.4238347113132477, 0.41662928462028503, 0.4082983732223511, 0.4093257486820221, 0.4132538139820099, 0.4072289764881134, 0.410826712846756, 0.408005028963089, 0.4337065815925598, 0.40723687410354614, 0.41376182436943054, 0.4083634614944458, 0.41917160153388977, 0.413097620010376, 0.4341709017753601, 0.40829017758369446, 0.42398425936698914, 0.4084482491016388, 0.40735235810279846, 0.40722864866256714, 0.41111740469932556, 0.40779346227645874, 0.41207775473594666, 0.40927809476852417, 0.40745818614959717, 0.42684948444366455, 0.46720024943351746, 0.4324176013469696, 0.42250263690948486, 0.4388825297355652, 0.4606042802333832, 0.4155924320220947, 0.4147067666053772, 0.40776488184928894, 0.41090309619903564, 0.4089183509349823, 0.5795031785964966, 0.4374667704105377, 0.4809001684188843, 0.41167938709259033, 0.40834400057792664, 0.4144742488861084, 0.40923821926116943, 0.42390814423561096, 0.4185296595096588, 0.4202471673488617, 0.4089542031288147, 0.41207706928253174, 0.41221827268600464, 0.414758563041687, 0.4072604775428772, 0.41400474309921265, 0.40726929903030396, 0.41856497526168823, 0.4818021357059479, 0.4633801281452179, 0.40947726368904114, 0.41490980982780457, 0.4072474241256714, 0.4532741606235504, 0.41409406065940857, 0.41216859221458435, 0.40910109877586365, 0.4106942415237427, 0.43132483959198, 0.40829741954803467, 0.43990132212638855, 0.43744945526123047, 0.4231017231941223, 0.41105392575263977, 0.40984293818473816, 0.41423624753952026, 0.42527779936790466, 0.430388867855072, 0.40921512246131897, 0.4072302281856537, 0.43629691004753113, 0.43764418363571167, 0.41367852687835693, 0.4373038411140442, 0.4185335040092468, 0.4083005487918854, 0.41429397463798523, 0.4120539128780365, 0.4301176965236664, 0.4371793270111084, 0.41094985604286194, 0.4097622334957123, 0.41323262453079224, 0.4185415208339691, 0.4545770287513733, 0.4296868145465851, 0.4408986568450928, 0.41156822443008423, 0.40725070238113403, 0.4089404344558716, 0.4081360697746277, 0.411418616771698, 0.4150773286819458, 0.4120803475379944, 0.4125671088695526, 0.4131017327308655, 0.415078729391098, 0.41339996457099915, 0.41435107588768005, 0.4286710321903229, 0.40902888774871826, 0.4079810380935669, 0.42401474714279175, 0.4074476361274719, 0.4081897735595703, 0.43800488114356995, 0.4471256136894226, 0.4088427722454071, 0.41048380732536316, 0.41476526856422424, 0.4370082914829254, 0.436242938041687, 0.45422911643981934, 0.40975239872932434, 0.40863925218582153, 0.41417571902275085, 0.4088144600391388, 0.43521231412887573, 0.40970394015312195, 0.40853774547576904, 0.58375483751297, 0.4546404182910919, 0.410622239112854, 0.42920631170272827, 0.41209593415260315, 0.434217631816864, 0.40946248173713684, 0.4093526005744934, 0.4174349308013916, 0.4667152762413025, 0.4546538293361664, 0.4114253520965576, 0.412850558757782, 0.431803822517395, 0.4121773838996887, 0.46173009276390076, 0.418844997882843, 0.4073930084705353, 0.4145694077014923, 0.4272872805595398, 0.4090333878993988, 0.41280925273895264, 0.4268205165863037, 0.4073007106781006, 0.41316238045692444, 0.4372306764125824, 0.45161452889442444, 0.4275270700454712, 0.41093704104423523, 0.41209930181503296, 0.41380128264427185, 0.4153554439544678, 0.41401273012161255, 0.408080518245697, 0.4122791290283203, 0.40744903683662415, 0.40935805439949036, 0.4075218439102173, 0.40902945399284363, 0.4141848087310791, 0.4072498083114624, 0.40725821256637573, 0.4139406979084015, 0.49511080980300903, 0.42346909642219543, 0.43001309037208557, 0.412797212600708, 0.41840502619743347, 0.40903326869010925, 0.408290833234787, 0.41222813725471497, 0.4130750000476837, 0.4244464039802551, 0.4093550741672516, 0.4368303418159485, 0.4584498107433319, 0.43685439229011536, 0.4139600694179535, 0.41432762145996094, 0.4373447000980377, 0.40772631764411926, 0.4187532067298889, 0.40910354256629944, 0.41472581028938293, 0.41162699460983276, 0.4075469970703125, 0.40722787380218506, 0.4184814691543579, 0.418731689453125, 0.407532274723053, 0.4251551032066345, 0.4147205650806427, 0.4091261625289917, 0.4072531461715698, 0.4147168695926666, 0.411873459815979, 0.40925806760787964, 0.4072335958480835]",0.0,"[0.0, 0.0, 0.0, 0.0, 0.0, 0.0, 0.0, 0.0, 0.0, 0.0, 0.0, 0.0, 0.0, 0.0, 0.0, 0.0, 0.0, 0.0, 0.0, 0.0, 0.0, 0.0, 0.0, 0.0, 0.0, 0.0, 0.0, 0.0, 0.0, 0.0, 0.0, 0.0, 0.0, 0.0, 0.0, 0.0, 0.0, 0.0, 0.0, 0.0, 0.0, 0.0, 0.0, 0.0, 0.0, 0.0, 0.0, 0.0, 0.0, 0.0, 0.0, 0.0, 0.0, 0.0, 0.0, 0.0, 0.0, 0.0, 0.0, 0.0, 0.0, 0.0, 0.0, 0.0, 0.0, 0.0, 0.0, 0.0, 0.0, 0.0, 0.0, 0.0, 0.0, 0.0, 0.0, 0.0, 0.0, 0.0, 0.0, 0.0, 0.0, 0.0, 0.0, 0.0, 0.0, 0.0, 0.0, 0.0, 0.0, 0.0, 0.0, 0.0, 0.0, 0.0, 0.0, 0.0, 0.0, 0.0, 0.0, 0.0, 0.0, 0.0, 0.0, 0.0, 0.0, 0.0, 0.0, 0.0, 0.0, 0.0, 0.0, 0.0, 0.0, 0.0, 0.0, 0.0, 0.0, 0.0, 0.0, 0.0, 0.0, 0.0, 0.0, 0.0, 0.0, 0.0, 0.0, 0.0, 0.0, 0.0, 0.0, 0.0, 0.0, 0.0, 0.0, 0.0, 0.0, 0.0, 0.0, 0.0, 0.0, 0.0, 0.0, 0.0, 0.0, 0.0, 0.0, 0.0, 0.0, 0.0, 0.0, 0.0, 0.0, 0.0, 0.0, 0.0, 0.0, 0.0, 0.0, 0.0, 0.0, 0.0, 0.0, 0.0, 0.0, 0.0, 0.0, 0.0, 0.0, 0.0, 0.0, 0.0, 0.0, 0.0, 0.0, 0.0, 0.0, 0.0, 0.0, 0.0, 0.0, 0.0, 0.0, 0.0, 0.0, 0.0, 0.0, 0.0, 0.0, 0.0, 0.0, 0.0, 0.0, 0.0, 0.0, 0.0, 0.0, 0.0, 0.0, 0.0, 0.0, 0.0, 0.0, 0.0, 0.0, 0.0, 0.0, 0.0, 0.0, 0.0, 0.0, 0.0, 0.0, 0.0, 0.0, 0.0, 0.0, 0.0, 0.0, 0.0, 0.0, 0.0, 0.0, 0.0, 0.0, 0.0, 0.0, 0.0, 0.0, 0.0, 0.0, 0.0, 0.0, 0.0, 0.0, 0.0, 0.0, 0.0, 0.0, 0.0, 0.0, 0.0, 0.0, 0.0, 0.0, 0.0, 0.0, 0.0, 0.0, 0.0, 0.0, 0.0, 0.0, 0.0, 0.0, 0.0, 0.0, 0.0, 0.0, 0.0, 0.0, 0.0, 0.0, 0.0, 0.0, 0.0, 0.0, 0.0, 0.0, 0.0, 0.0, 0.0, 0.0, 0.0, 0.0, 0.0, 0.0, 0.0, 0.0, 0.0, 0.0, 0.0, 0.0, 0.0, 0.0, 0.0, 0.0, 0.0, 0.0, 0.0, 0.0, 0.0, 0.0, 0.0, 0.0, 0.0, 0.0, 0.0, 0.0, 0.0, 0.0, 0.0, 0.0, 0.0, 0.0, 0.0, 0.0, 0.0, 0.0, 0.0, 0.0, 0.0, 0.0, 0.0, 0.0, 0.0, 0.0, 0.0, 0.0, 0.0, 0.0, 0.0, 0.0, 0.0, 0.0, 0.0, 0.0, 0.0, 0.0, 0.0, 0.0, 0.0, 0.0, 0.0, 0.0, 0.0, 0.0, 0.0, 0.0, 0.0, 0.0, 0.0, 0.0, 0.0, 0.0, 0.0, 0.0, 0.0, 0.0, 0.0, 0.0, 0.0, 0.0, 0.0, 0.0, 0.0, 0.0, 0.0, 0.0, 0.0, 0.0, 0.0, 0.0, 0.0, 0.0, 0.0, 0.0, 0.0, 0.0, 0.0, 0.0, 0.0, 0.0, 0.0, 0.0, 0.0, 0.0, 0.0, 0.0, 0.0, 0.0, 0.0, 0.0, 0.0, 0.0, 0.0, 0.0, 0.0, 0.0, 0.0, 0.0, 0.0, 0.0, 0.0, 0.0, 0.0, 0.0, 0.0, 0.0, 0.0, 0.0, 0.0, 0.0, 0.0, 0.0, 0.0, 0.0, 0.0, 0.0, 0.0, 0.0, 0.0, 0.0, 0.0, 0.0, 0.0, 0.0, 0.0, 0.0, 0.0, 0.0, 0.0, 0.0, 0.0, 0.0, 0.0, 0.0, 0.0, 0.0, 0.0, 0.0, 0.0, 0.0, 0.0, 0.0, 0.0, 0.0, 0.0, 0.0, 0.0, 0.0, 0.0, 0.0, 0.0, 0.0, 0.0, 0.0, 0.0, 0.0, 0.0, 0.0, 0.0, 0.0, 0.0, 0.0, 0.0, 0.0, 0.0, 0.0, 0.0, 0.0, 0.0, 0.0, 0.0, 0.0]",COMPLETE
