,number,value,datetime_start,datetime_complete,duration,params_batch_size_scaler,params_constant_learning_rate,params_depth,params_epochs,params_kernel_l2,params_num_trees,params_temperature,user_attrs_accuracy_test,user_attrs_accuracy_valid,user_attrs_approximate_feature_sparsity,user_attrs_approximate_feature_sparsity_history,user_attrs_approximate_weight_sparsity,user_attrs_approximate_weight_sparsity_history,user_attrs_auc_test,user_attrs_auc_valid,user_attrs_feature_sparsity,user_attrs_feature_sparsity_history,user_attrs_num_epochs,user_attrs_val_loss_history,user_attrs_weight_sparsity,user_attrs_weight_sparsity_history,state
68,68,0.5,2024-08-31 03:20:45.373229,2024-08-31 03:26:43.735411,0 days 00:05:58.362182,1,1.1808690690476453,3,490,0.580140370384544,68,0.003218063943998149,0.859,0.85875,0,"[1, 1, 1, 0, 0, 0, 0, 0, 0, 0, 0, 0, 0, 0, 0, 0, 0, 0, 0, 0, 0, 0, 0, 0, 0, 0, 0, 0, 0, 0, 0, 0, 0, 0, 0, 0, 0, 0, 0, 0, 0, 0, 0, 0, 0, 0, 0, 0, 0, 0, 0, 0, 0, 0, 0, 0, 0, 0, 0, 0, 0, 0, 0, 0, 0, 0, 0, 0, 0, 0, 0, 0, 0, 0, 0, 0, 0, 0, 0, 0, 0, 0, 0, 0, 0, 0, 0, 0, 0, 0, 0, 0, 0, 0, 0, 0, 0, 0, 0, 0, 0, 0, 0, 0, 0, 0, 0, 0, 0, 0, 0, 0, 0, 0, 0, 0, 0, 0, 0, 0, 0, 0, 0, 0, 0, 0, 0, 0, 0, 0, 0, 0, 0, 0, 0, 0, 0, 0, 0, 0, 0, 0, 0, 0, 0, 0, 0, 0, 0, 0, 0, 0, 0, 0, 0, 0, 0, 0, 0, 0, 0, 0, 0, 0, 0, 0, 0, 0, 0, 0, 0, 0, 0, 0, 0, 0, 0, 0, 0, 0, 0, 0, 0, 0, 0, 0, 0, 0, 0, 0, 0, 0, 0, 0, 0, 0, 0, 0, 0, 0, 0, 0, 0, 0, 0, 0, 0, 0, 0, 0, 0, 0, 0, 0, 0, 0, 0, 0, 0, 0, 0, 0, 0, 0, 0, 0, 0, 0, 0, 0, 0, 0, 0, 0, 0, 0, 0, 0, 0, 0, 0, 0, 0, 0, 0, 0, 0, 0, 0, 0, 0, 0, 0, 0, 0, 0, 0, 0, 0, 0, 0, 0, 0, 0, 0, 0, 0, 0, 0, 0, 0, 0, 0, 0, 0, 0, 0, 0, 0, 0, 0, 0, 0, 0, 0, 0, 0, 0, 0, 0, 0, 0, 0, 0, 0, 0, 0, 0, 0, 0, 0, 0, 0, 0, 0, 0, 0, 0, 0, 0, 0, 0, 0, 0, 0, 0, 0, 0, 0, 0, 0, 0, 0, 0, 0, 0, 0, 0, 0, 0, 0, 0, 0, 0, 0, 0, 0, 0, 0, 0, 0, 0, 0, 0, 0, 0, 0, 0, 0, 0, 0, 0, 0, 0, 0, 0, 0, 0, 0, 0, 0, 0, 0, 0, 0, 0, 0, 0, 0, 0, 0, 0, 0, 0, 0, 0, 0, 0, 0, 0, 0, 0, 0, 0, 0, 0, 0, 0, 0, 0, 0, 0, 0, 0, 0, 0, 0, 0, 0, 0, 0, 0, 0, 0, 0, 0, 0, 0, 0, 0, 0, 0, 0, 0, 0, 0, 0, 0, 0, 0, 0, 0, 0, 0, 0, 0, 0, 0, 0, 0, 0, 0, 0, 0, 0, 0, 0, 0, 0, 0, 0, 0, 0, 0, 0, 0, 0, 0, 0, 0, 0, 0, 0, 0, 0, 0, 0, 0, 0, 0, 0, 0, 0, 0, 0, 0, 0, 0, 0, 0, 0, 0, 0, 0, 0, 0, 0, 0, 0, 0, 0, 0, 0, 0, 0, 0, 0, 0, 0, 0]",0.0,"[1.0, 1.0, 0.9978991596638656, 0.0, 0.0, 0.0, 0.0, 0.0, 0.0, 0.0, 0.0, 0.0, 0.0, 0.0, 0.0, 0.0, 0.0, 0.0, 0.0, 0.0, 0.0, 0.0, 0.0, 0.0, 0.0, 0.0, 0.0, 0.0, 0.0, 0.0, 0.0, 0.0, 0.0, 0.0, 0.0, 0.0, 0.0, 0.0, 0.0, 0.0, 0.0, 0.0, 0.0, 0.0, 0.0, 0.0, 0.0, 0.0, 0.0, 0.0, 0.0, 0.0, 0.0, 0.0, 0.0, 0.0, 0.0, 0.0, 0.0, 0.0, 0.0, 0.0, 0.0, 0.0, 0.0, 0.0, 0.0, 0.0, 0.0, 0.0, 0.0, 0.0, 0.0, 0.0, 0.0, 0.0, 0.0, 0.0, 0.0, 0.0, 0.0, 0.0, 0.0, 0.0, 0.0, 0.0, 0.0, 0.0, 0.0, 0.0, 0.0, 0.0, 0.0, 0.0, 0.0, 0.0, 0.0, 0.0, 0.0, 0.0, 0.0, 0.0, 0.0, 0.0, 0.0, 0.0, 0.0, 0.0, 0.0, 0.0, 0.0, 0.0, 0.0, 0.0, 0.0, 0.0, 0.0, 0.0, 0.0, 0.0, 0.0, 0.0, 0.0, 0.0, 0.0, 0.0, 0.0, 0.0, 0.0, 0.0, 0.0, 0.0, 0.0, 0.0, 0.0, 0.0, 0.0, 0.0, 0.0, 0.0, 0.0, 0.0, 0.0, 0.0, 0.0, 0.0, 0.0, 0.0, 0.0, 0.0, 0.0, 0.0, 0.0, 0.0, 0.0, 0.0, 0.0, 0.0, 0.0, 0.0, 0.0, 0.0, 0.0, 0.0, 0.0, 0.0, 0.0, 0.0, 0.0, 0.0, 0.0, 0.0, 0.0, 0.0, 0.0, 0.0, 0.0, 0.0, 0.0, 0.0, 0.0, 0.0, 0.0, 0.0, 0.0, 0.0, 0.0, 0.0, 0.0, 0.0, 0.0, 0.0, 0.0, 0.0, 0.0, 0.0, 0.0, 0.0, 0.0, 0.0, 0.0, 0.0, 0.0, 0.0, 0.0, 0.0, 0.0, 0.0, 0.0, 0.0, 0.0, 0.0, 0.0, 0.0, 0.0, 0.0, 0.0, 0.0, 0.0, 0.0, 0.0, 0.0, 0.0, 0.0, 0.0, 0.0, 0.0, 0.0, 0.0, 0.0, 0.0, 0.0, 0.0, 0.0, 0.0, 0.0, 0.0, 0.0, 0.0, 0.0, 0.0, 0.0, 0.0, 0.0, 0.0, 0.0, 0.0, 0.0, 0.0, 0.0, 0.0, 0.0, 0.0, 0.0, 0.0, 0.0, 0.0, 0.0, 0.0, 0.0, 0.0, 0.0, 0.0, 0.0, 0.0, 0.0, 0.0, 0.0, 0.0, 0.0, 0.0, 0.0, 0.0, 0.0, 0.0, 0.0, 0.0, 0.0, 0.0, 0.0, 0.0, 0.0, 0.0, 0.0, 0.0, 0.0, 0.0, 0.0, 0.0, 0.0, 0.0, 0.0, 0.0, 0.0, 0.0, 0.0, 0.0, 0.0, 0.0, 0.0, 0.0, 0.0, 0.0, 0.0, 0.0, 0.0, 0.0, 0.0, 0.0, 0.0, 0.0, 0.0, 0.0, 0.0, 0.0, 0.0, 0.0, 0.0, 0.0, 0.0, 0.0, 0.0, 0.0, 0.0, 0.0, 0.0, 0.0, 0.0, 0.0, 0.0, 0.0, 0.0, 0.0, 0.0, 0.0, 0.0, 0.0, 0.0, 0.0, 0.0, 0.0, 0.0, 0.0, 0.0, 0.0, 0.0, 0.0, 0.0, 0.0, 0.0, 0.0, 0.0, 0.0, 0.0, 0.0, 0.0, 0.0, 0.0, 0.0, 0.0, 0.0, 0.0, 0.0, 0.0, 0.0, 0.0, 0.0, 0.0, 0.0, 0.0, 0.0, 0.0, 0.0, 0.0, 0.0, 0.0, 0.0, 0.0, 0.0, 0.0, 0.0, 0.0, 0.0, 0.0, 0.0, 0.0, 0.0, 0.0, 0.0, 0.0, 0.0, 0.0, 0.0, 0.0, 0.0, 0.0, 0.0, 0.0, 0.0, 0.0, 0.0, 0.0, 0.0, 0.0, 0.0, 0.0, 0.0, 0.0, 0.0, 0.0, 0.0, 0.0, 0.0, 0.0, 0.0, 0.0, 0.0, 0.0, 0.0, 0.0, 0.0, 0.0, 0.0, 0.0, 0.0, 0.0, 0.0, 0.0, 0.0, 0.0, 0.0, 0.0, 0.0, 0.0, 0.0, 0.0, 0.0, 0.0, 0.0, 0.0, 0.0, 0.0, 0.0, 0.0, 0.0, 0.0, 0.0, 0.0, 0.0, 0.0, 0.0, 0.0, 0.0, 0.0, 0.0, 0.0, 0.0, 0.0, 0.0, 0.0, 0.0, 0.0, 0.0, 0.0, 0.0, 0.0, 0.0, 0.0, 0.0, 0.0, 0.0, 0.0, 0.0, 0.0, 0.0, 0.0, 0.0, 0.0, 0.0, 0.0, 0.0, 0.0, 0.0, 0.0, 0.0, 0.0, 0.0, 0.0, 0.0, 0.0]",0.5,0.5,0,"[1, 1, 1, 0, 0, 0, 0, 0, 0, 0, 0, 0, 0, 0, 0, 0, 0, 0, 0, 0, 0, 0, 0, 0, 0, 0, 0, 0, 0, 0, 0, 0, 0, 0, 0, 0, 0, 0, 0, 0, 0, 0, 0, 0, 0, 0, 0, 0, 0, 0, 0, 0, 0, 0, 0, 0, 0, 0, 0, 0, 0, 0, 0, 0, 0, 0, 0, 0, 0, 0, 0, 0, 0, 0, 0, 0, 0, 0, 0, 0, 0, 0, 0, 0, 0, 0, 0, 0, 0, 0, 0, 0, 0, 0, 0, 0, 0, 0, 0, 0, 0, 0, 0, 0, 0, 0, 0, 0, 0, 0, 0, 0, 0, 0, 0, 0, 0, 0, 0, 0, 0, 0, 0, 0, 0, 0, 0, 0, 0, 0, 0, 0, 0, 0, 0, 0, 0, 0, 0, 0, 0, 0, 0, 0, 0, 0, 0, 0, 0, 0, 0, 0, 0, 0, 0, 0, 0, 0, 0, 0, 0, 0, 0, 0, 0, 0, 0, 0, 0, 0, 0, 0, 0, 0, 0, 0, 0, 0, 0, 0, 0, 0, 0, 0, 0, 0, 0, 0, 0, 0, 0, 0, 0, 0, 0, 0, 0, 0, 0, 0, 0, 0, 0, 0, 0, 0, 0, 0, 0, 0, 0, 0, 0, 0, 0, 0, 0, 0, 0, 0, 0, 0, 0, 0, 0, 0, 0, 0, 0, 0, 0, 0, 0, 0, 0, 0, 0, 0, 0, 0, 0, 0, 0, 0, 0, 0, 0, 0, 0, 0, 0, 0, 0, 0, 0, 0, 0, 0, 0, 0, 0, 0, 0, 0, 0, 0, 0, 0, 0, 0, 0, 0, 0, 0, 0, 0, 0, 0, 0, 0, 0, 0, 0, 0, 0, 0, 0, 0, 0, 0, 0, 0, 0, 0, 0, 0, 0, 0, 0, 0, 0, 0, 0, 0, 0, 0, 0, 0, 0, 0, 0, 0, 0, 0, 0, 0, 0, 0, 0, 0, 0, 0, 0, 0, 0, 0, 0, 0, 0, 0, 0, 0, 0, 0, 0, 0, 0, 0, 0, 0, 0, 0, 0, 0, 0, 0, 0, 0, 0, 0, 0, 0, 0, 0, 0, 0, 0, 0, 0, 0, 0, 0, 0, 0, 0, 0, 0, 0, 0, 0, 0, 0, 0, 0, 0, 0, 0, 0, 0, 0, 0, 0, 0, 0, 0, 0, 0, 0, 0, 0, 0, 0, 0, 0, 0, 0, 0, 0, 0, 0, 0, 0, 0, 0, 0, 0, 0, 0, 0, 0, 0, 0, 0, 0, 0, 0, 0, 0, 0, 0, 0, 0, 0, 0, 0, 0, 0, 0, 0, 0, 0, 0, 0, 0, 0, 0, 0, 0, 0, 0, 0, 0, 0, 0, 0, 0, 0, 0, 0, 0, 0, 0, 0, 0, 0, 0, 0, 0, 0, 0, 0, 0, 0, 0, 0, 0, 0, 0, 0, 0, 0, 0, 0, 0, 0, 0, 0, 0, 0, 0, 0, 0, 0, 0, 0, 0, 0, 0, 0, 0]",490,"[0.4046250581741333, 0.41597095131874084, 0.45197537541389465, 0.6076315641403198, 0.46500420570373535, 0.6307142376899719, 1.0028527975082397, 0.4865260422229767, 0.9642912149429321, 1.4610257148742676, 0.6544496417045593, 0.44710469245910645, 0.6284611821174622, 1.0054742097854614, 2.2694108486175537, 0.4589315354824066, 0.5039463639259338, 0.44535836577415466, 0.4442141354084015, 0.4128948152065277, 0.5145072937011719, 0.603951632976532, 0.6293752193450928, 1.2032194137573242, 0.4293426275253296, 0.636267900466919, 0.6281945109367371, 0.9006544351577759, 1.278795599937439, 0.7833181023597717, 0.5787842273712158, 0.4264896512031555, 0.5712769031524658, 1.0364547967910767, 0.7620111703872681, 0.4122752845287323, 0.7914478182792664, 0.40830641984939575, 0.44726428389549255, 0.6296778321266174, 1.3643440008163452, 0.673697829246521, 0.41552507877349854, 0.4281684458255768, 1.4690208435058594, 2.0758230686187744, 1.5837777853012085, 0.5832705497741699, 0.4463884234428406, 0.7747519612312317, 0.5626583695411682, 0.4883785545825958, 0.41228440403938293, 0.41299521923065186, 1.0752112865447998, 0.417229562997818, 0.701388418674469, 0.8056605458259583, 0.6331468820571899, 1.1149572134017944, 0.416126549243927, 0.445980429649353, 1.782088279724121, 0.5462548136711121, 0.4101657569408417, 0.4137968122959137, 1.9933905601501465, 0.42490115761756897, 2.1993861198425293, 0.9569882154464722, 0.41735416650772095, 1.3589065074920654, 0.529491126537323, 0.4082189202308655, 0.615872859954834, 0.5738070607185364, 0.6198831796646118, 1.040183186531067, 1.5444303750991821, 0.6109703779220581, 0.7881297469139099, 0.4124513864517212, 0.5871138572692871, 0.6441618204116821, 1.244953989982605, 1.204776644706726, 0.7534332275390625, 0.40733563899993896, 0.7982109785079956, 0.6202641129493713, 0.4884679913520813, 0.40727683901786804, 1.2949179410934448, 0.4430772364139557, 0.41372188925743103, 1.0695500373840332, 0.4469701647758484, 0.7973390817642212, 0.533085286617279, 0.4470783472061157, 0.5589048266410828, 1.4913160800933838, 0.5840089917182922, 0.42420700192451477, 1.1750274896621704, 0.452667772769928, 1.2292017936706543, 0.6382442712783813, 0.845116138458252, 1.5998834371566772, 0.6434405446052551, 0.7803272008895874, 0.46455270051956177, 0.6260370016098022, 0.4528029263019562, 0.41100361943244934, 1.3684072494506836, 0.9652518630027771, 1.362741231918335, 0.48045623302459717, 0.4185134172439575, 0.4303036630153656, 0.7893706560134888, 0.40784722566604614, 0.40951433777809143, 1.0150458812713623, 0.6585555076599121, 1.7315303087234497, 0.5471619963645935, 0.7633821964263916, 0.4098058342933655, 1.2059662342071533, 0.5663740634918213, 0.6160585284233093, 0.4792887568473816, 1.2569267749786377, 0.5408193469047546, 0.4386443793773651, 0.7823669910430908, 1.3672349452972412, 0.8378121256828308, 2.089665174484253, 0.8683072924613953, 0.6291226744651794, 0.5814675688743591, 0.41237735748291016, 0.6241560578346252, 0.47410860657691956, 1.8993828296661377, 0.9750213623046875, 1.2447395324707031, 1.5287340879440308, 0.4127088189125061, 0.43351802229881287, 1.249529242515564, 0.4080527424812317, 0.723039448261261, 0.44721367955207825, 4.007485866546631, 0.9399444460868835, 0.6170927286148071, 2.9632863998413086, 1.4444241523742676, 0.5808886885643005, 0.6299603581428528, 0.43083104491233826, 0.5616338849067688, 1.068115472793579, 0.4141308069229126, 0.608869731426239, 0.4496309757232666, 0.7859529852867126, 1.365228533744812, 0.5319254994392395, 0.7651117444038391, 0.43780744075775146, 0.9017893075942993, 0.4746899902820587, 0.43070101737976074, 0.4611824154853821, 0.41001221537590027, 0.4072364568710327, 0.6106961965560913, 0.4130707085132599, 1.587257742881775, 0.524178147315979, 0.5770355463027954, 0.7213016748428345, 0.4479736089706421, 1.2095619440078735, 0.4321373403072357, 1.313258171081543, 0.5075094699859619, 1.1065752506256104, 0.5907704830169678, 0.5099668502807617, 0.4152551591396332, 0.5786434412002563, 1.121315598487854, 1.8230781555175781, 0.9561570882797241, 0.4435597360134125, 0.5594932436943054, 0.8958914875984192, 1.7814325094223022, 0.49203136563301086, 0.5521895289421082, 0.625411868095398, 0.6014776825904846, 0.793849766254425, 0.45712798833847046, 0.8937448263168335, 1.5928263664245605, 0.584211528301239, 0.9234712719917297, 1.1235778331756592, 0.4254520833492279, 0.4416247308254242, 0.8713325262069702, 0.9287989735603333, 1.1376166343688965, 0.8900792598724365, 1.0727158784866333, 0.41525113582611084, 0.9972075819969177, 0.44038400053977966, 1.132543921470642, 0.4478585422039032, 0.4145559072494507, 1.4051735401153564, 0.40856829285621643, 0.7856783270835876, 0.6223355531692505, 0.4208868443965912, 0.5601910948753357, 1.1902676820755005, 0.40813735127449036, 1.216133952140808, 0.6243718862533569, 0.4819745719432831, 0.40927040576934814, 0.5336384773254395, 0.9008781313896179, 0.4744565188884735, 0.6300377249717712, 1.193782091140747, 0.44614699482917786, 0.8587589263916016, 1.0554521083831787, 0.4361710250377655, 0.576883852481842, 2.0556252002716064, 0.48211991786956787, 0.4149317145347595, 0.46535080671310425, 0.44474291801452637, 1.2873350381851196, 0.4244295358657837, 0.577028751373291, 1.203413724899292, 0.4745649993419647, 0.44554877281188965, 0.8392829298973083, 1.7219970226287842, 0.9370942115783691, 1.2125370502471924, 1.1220955848693848, 0.646554172039032, 1.0082589387893677, 1.094122290611267, 0.6083336472511292, 1.7651541233062744, 0.4155466854572296, 1.544378638267517, 0.4076951742172241, 0.7964014410972595, 0.45140624046325684, 1.3448479175567627, 0.9164072275161743, 0.5977789163589478, 0.5647302865982056, 0.44190117716789246, 1.6248925924301147, 0.6723020672798157, 0.43790557980537415, 0.4202320873737335, 0.4926797151565552, 0.8998174071311951, 0.5210806727409363, 1.7969856262207031, 1.6358500719070435, 1.190454125404358, 0.6797624230384827, 0.7957701086997986, 0.4500483274459839, 0.6631962656974792, 2.707087755203247, 1.0718177556991577, 1.1303415298461914, 1.425386667251587, 1.7226611375808716, 1.2010148763656616, 0.6053577661514282, 0.44582733511924744, 0.6034493446350098, 0.6138142943382263, 2.0862534046173096, 0.4585607051849365, 1.307448148727417, 0.4098720848560333, 0.409262478351593, 0.4183364808559418, 0.44969409704208374, 0.6190958619117737, 1.2054539918899536, 0.5654683709144592, 1.4957809448242188, 0.7215968370437622, 1.0242869853973389, 0.8558178544044495, 0.40916892886161804, 0.4161504805088043, 1.2461620569229126, 0.4110245108604431, 0.8229659795761108, 0.47711700201034546, 0.4359429180622101, 1.3026652336120605, 0.8409503698348999, 0.4151926338672638, 1.6171590089797974, 0.5020275712013245, 1.1351202726364136, 0.5750434398651123, 0.7957411408424377, 1.3685927391052246, 0.46221497654914856, 1.7632577419281006, 0.4815945327281952, 1.1378378868103027, 1.3819912672042847, 1.166610836982727, 0.5042634010314941, 0.471130907535553, 0.5764638781547546, 0.5926657915115356, 0.7411676645278931, 0.7781233787536621, 0.8746466040611267, 0.4138118326663971, 0.47306370735168457, 1.4589823484420776, 1.2498106956481934, 0.4078384041786194, 0.4077548086643219, 0.782622218132019, 0.852311372756958, 0.926384687423706, 0.7310897707939148, 0.9572035074234009, 0.44682130217552185, 0.7772988080978394, 0.9800970554351807, 0.42045748233795166, 1.2422759532928467, 0.41531962156295776, 0.9610582590103149, 0.5990617871284485, 1.0135987997055054, 1.5113320350646973, 1.9177637100219727, 0.9409774541854858, 1.3162966966629028, 0.6307903528213501, 0.6822326183319092, 0.6264542937278748, 0.5074388980865479, 0.6360325813293457, 0.5480718016624451, 0.5519950985908508, 0.6120279431343079, 0.6757107377052307, 0.42275580763816833, 0.43105047941207886, 0.46441328525543213, 2.121455430984497, 0.40960896015167236, 0.557547390460968, 0.9098092913627625, 1.0430576801300049, 0.6652047038078308, 0.6267145276069641, 0.622916579246521, 1.1802170276641846, 0.7943692803382874, 0.4715406000614166, 0.4183814227581024, 1.1349153518676758, 1.2396072149276733, 0.4685795307159424, 0.9934291243553162, 1.3602474927902222, 0.982558012008667, 1.0148471593856812, 1.3956801891326904, 0.4836198389530182, 1.2430438995361328, 2.334303379058838, 0.4117026627063751, 0.6561338901519775, 1.1888110637664795, 0.5750725269317627, 0.6316524744033813, 0.960005521774292, 0.4502253830432892, 0.5092765688896179, 0.5608711838722229, 0.46740731596946716, 0.4601098597049713, 0.7306427955627441, 0.7150176763534546, 0.4157327711582184, 0.6919121742248535, 0.42298319935798645, 0.5145658254623413, 1.2521933317184448, 0.6267130374908447, 0.4673274755477905, 0.46473485231399536, 0.8432203531265259, 0.6132288575172424, 0.4518568813800812, 0.4153551459312439, 0.408542662858963, 0.618310272693634, 1.043412685394287, 0.8076469302177429, 0.6000341773033142, 0.8385799527168274, 2.0283548831939697, 0.45077353715896606, 0.4470495581626892, 1.0699325799942017, 3.490945339202881, 1.1905035972595215, 0.40776482224464417, 0.6145616173744202, 0.5601739883422852, 0.6035901308059692, 0.45645397901535034, 0.7415767908096313, 0.4673929214477539, 0.6672667860984802, 0.43999621272087097, 1.7711049318313599, 0.5352319478988647, 0.4147799015045166, 1.8745269775390625, 0.44694840908050537, 0.5524244904518127, 0.9634838104248047, 0.4072493314743042, 0.7796078324317932, 0.46135005354881287, 0.4093804657459259, 0.6205185055732727, 1.0908033847808838, 0.8622130751609802, 0.4158199727535248, 0.41112807393074036, 0.4805924594402313, 0.4072605073451996, 0.4936113655567169, 0.5744590163230896, 0.5065084099769592, 0.40804946422576904, 0.5874061584472656, 0.7567974925041199, 1.3459692001342773, 0.6325315237045288, 0.5796473622322083, 1.2250086069107056, 0.47798267006874084, 0.432618647813797, 0.4502274990081787, 0.6404598951339722, 0.4858233332633972, 0.6268393993377686, 1.0043243169784546, 1.086838960647583]",0.0,"[1.0, 1.0, 1.0, 0.0, 0.0, 0.0, 0.0, 0.0, 0.0, 0.0, 0.0, 0.0, 0.0, 0.0, 0.0, 0.0, 0.0, 0.0, 0.0, 0.0, 0.0, 0.0, 0.0, 0.0, 0.0, 0.0, 0.0, 0.0, 0.0, 0.0, 0.0, 0.0, 0.0, 0.0, 0.0, 0.0, 0.0, 0.0, 0.0, 0.0, 0.0, 0.0, 0.0, 0.0, 0.0, 0.0, 0.0, 0.0, 0.0, 0.0, 0.0, 0.0, 0.0, 0.0, 0.0, 0.0, 0.0, 0.0, 0.0, 0.0, 0.0, 0.0, 0.0, 0.0, 0.0, 0.0, 0.0, 0.0, 0.0, 0.0, 0.0, 0.0, 0.0, 0.0, 0.0, 0.0, 0.0, 0.0, 0.0, 0.0, 0.0, 0.0, 0.0, 0.0, 0.0, 0.0, 0.0, 0.0, 0.0, 0.0, 0.0, 0.0, 0.0, 0.0, 0.0, 0.0, 0.0, 0.0, 0.0, 0.0, 0.0, 0.0, 0.0, 0.0, 0.0, 0.0, 0.0, 0.0, 0.0, 0.0, 0.0, 0.0, 0.0, 0.0, 0.0, 0.0, 0.0, 0.0, 0.0, 0.0, 0.0, 0.0, 0.0, 0.0, 0.0, 0.0, 0.0, 0.0, 0.0, 0.0, 0.0, 0.0, 0.0, 0.0, 0.0, 0.0, 0.0, 0.0, 0.0, 0.0, 0.0, 0.0, 0.0, 0.0, 0.0, 0.0, 0.0, 0.0, 0.0, 0.0, 0.0, 0.0, 0.0, 0.0, 0.0, 0.0, 0.0, 0.0, 0.0, 0.0, 0.0, 0.0, 0.0, 0.0, 0.0, 0.0, 0.0, 0.0, 0.0, 0.0, 0.0, 0.0, 0.0, 0.0, 0.0, 0.0, 0.0, 0.0, 0.0, 0.0, 0.0, 0.0, 0.0, 0.0, 0.0, 0.0, 0.0, 0.0, 0.0, 0.0, 0.0, 0.0, 0.0, 0.0, 0.0, 0.0, 0.0, 0.0, 0.0, 0.0, 0.0, 0.0, 0.0, 0.0, 0.0, 0.0, 0.0, 0.0, 0.0, 0.0, 0.0, 0.0, 0.0, 0.0, 0.0, 0.0, 0.0, 0.0, 0.0, 0.0, 0.0, 0.0, 0.0, 0.0, 0.0, 0.0, 0.0, 0.0, 0.0, 0.0, 0.0, 0.0, 0.0, 0.0, 0.0, 0.0, 0.0, 0.0, 0.0, 0.0, 0.0, 0.0, 0.0, 0.0, 0.0, 0.0, 0.0, 0.0, 0.0, 0.0, 0.0, 0.0, 0.0, 0.0, 0.0, 0.0, 0.0, 0.0, 0.0, 0.0, 0.0, 0.0, 0.0, 0.0, 0.0, 0.0, 0.0, 0.0, 0.0, 0.0, 0.0, 0.0, 0.0, 0.0, 0.0, 0.0, 0.0, 0.0, 0.0, 0.0, 0.0, 0.0, 0.0, 0.0, 0.0, 0.0, 0.0, 0.0, 0.0, 0.0, 0.0, 0.0, 0.0, 0.0, 0.0, 0.0, 0.0, 0.0, 0.0, 0.0, 0.0, 0.0, 0.0, 0.0, 0.0, 0.0, 0.0, 0.0, 0.0, 0.0, 0.0, 0.0, 0.0, 0.0, 0.0, 0.0, 0.0, 0.0, 0.0, 0.0, 0.0, 0.0, 0.0, 0.0, 0.0, 0.0, 0.0, 0.0, 0.0, 0.0, 0.0, 0.0, 0.0, 0.0, 0.0, 0.0, 0.0, 0.0, 0.0, 0.0, 0.0, 0.0, 0.0, 0.0, 0.0, 0.0, 0.0, 0.0, 0.0, 0.0, 0.0, 0.0, 0.0, 0.0, 0.0, 0.0, 0.0, 0.0, 0.0, 0.0, 0.0, 0.0, 0.0, 0.0, 0.0, 0.0, 0.0, 0.0, 0.0, 0.0, 0.0, 0.0, 0.0, 0.0, 0.0, 0.0, 0.0, 0.0, 0.0, 0.0, 0.0, 0.0, 0.0, 0.0, 0.0, 0.0, 0.0, 0.0, 0.0, 0.0, 0.0, 0.0, 0.0, 0.0, 0.0, 0.0, 0.0, 0.0, 0.0, 0.0, 0.0, 0.0, 0.0, 0.0, 0.0, 0.0, 0.0, 0.0, 0.0, 0.0, 0.0, 0.0, 0.0, 0.0, 0.0, 0.0, 0.0, 0.0, 0.0, 0.0, 0.0, 0.0, 0.0, 0.0, 0.0, 0.0, 0.0, 0.0, 0.0, 0.0, 0.0, 0.0, 0.0, 0.0, 0.0, 0.0, 0.0, 0.0, 0.0, 0.0, 0.0, 0.0, 0.0, 0.0, 0.0, 0.0, 0.0, 0.0, 0.0, 0.0, 0.0, 0.0, 0.0, 0.0, 0.0, 0.0, 0.0, 0.0, 0.0, 0.0, 0.0, 0.0, 0.0, 0.0, 0.0, 0.0, 0.0, 0.0, 0.0, 0.0, 0.0, 0.0, 0.0, 0.0, 0.0, 0.0, 0.0, 0.0, 0.0, 0.0, 0.0, 0.0, 0.0, 0.0, 0.0, 0.0, 0.0, 0.0, 0.0, 0.0]",COMPLETE
