,number,value,datetime_start,datetime_complete,duration,params_batch_size_scaler,params_constant_learning_rate,params_depth,params_epochs,params_kernel_l2,params_num_trees,params_temperature,user_attrs_accuracy_test,user_attrs_accuracy_valid,user_attrs_approximate_feature_sparsity,user_attrs_approximate_feature_sparsity_history,user_attrs_approximate_weight_sparsity,user_attrs_approximate_weight_sparsity_history,user_attrs_auc_test,user_attrs_auc_valid,user_attrs_feature_sparsity,user_attrs_feature_sparsity_history,user_attrs_num_epochs,user_attrs_val_loss_history,user_attrs_weight_sparsity,user_attrs_weight_sparsity_history,state
143,143,0.5,2024-08-31 05:59:28.666466,2024-08-31 06:00:53.004996,0 days 00:01:24.338530,64,2.1251484341991556,4,500,0.5848071276324394,5,0.00016567464064896298,0.859,0.85875,0,"[33, 33, 33, 33, 33, 33, 33, 33, 33, 32, 21, 14, 12, 8, 7, 6, 6, 6, 6, 6, 5, 5, 5, 5, 5, 5, 5, 5, 5, 5, 5, 5, 5, 5, 5, 5, 5, 5, 4, 4, 4, 4, 4, 4, 4, 3, 3, 3, 3, 3, 3, 3, 3, 3, 3, 3, 3, 3, 3, 3, 3, 3, 1, 0, 0, 0, 0, 0, 0, 0, 0, 0, 0, 0, 0, 0, 0, 0, 0, 0, 0, 0, 0, 0, 0, 0, 0, 0, 0, 0, 0, 0, 0, 0, 0, 0, 0, 0, 0, 0, 0, 0, 0, 0, 0, 0, 0, 0, 0, 0, 0, 0, 0, 0, 0, 0, 0, 0, 0, 0, 0, 0, 0, 0, 0, 0, 0, 0, 0, 0, 0, 0, 0, 0, 0, 0, 0, 0, 0, 0, 0, 0, 0, 0, 0, 0, 0, 0, 0, 0, 0, 0, 0, 0, 0, 0, 0, 0, 0, 0, 0, 0, 0, 0, 0, 0, 0, 0, 0, 0, 0, 0, 0, 0, 0, 0, 0, 0, 0, 0, 0, 0, 0, 0, 0, 0, 0, 0, 0, 0, 0, 0, 0, 0, 0, 0, 0, 0, 0, 0, 0, 0, 0, 0, 0, 0, 0, 0, 0, 0, 0, 0, 0, 0, 0, 0, 0, 0, 0, 0, 0, 0, 0, 0, 0, 0, 0, 0, 0, 0, 0, 0, 0, 0, 0, 0, 0, 0, 0, 0, 0, 0, 0, 0, 0, 0, 0, 0, 0, 0, 0, 0, 0, 0, 0, 0, 0, 0, 0, 0, 0, 0, 0, 0, 0, 0, 0, 0, 0, 0, 0, 0, 0, 0, 0, 0, 0, 0, 0, 0, 0, 0, 0, 0, 0, 0, 0, 0, 0, 0, 0, 0, 0, 0, 0, 0, 0, 0, 0, 0, 0, 0, 0, 0, 0, 0, 0, 0, 0, 0, 0, 0, 0, 0, 0, 0, 0, 0, 0, 0, 0, 0, 0, 0, 0, 0, 0, 0, 0, 0, 0, 0, 0, 0, 0, 0, 0, 0, 0, 0, 0, 0, 0, 0, 0, 0, 0, 0, 0, 0, 0, 0, 0, 0, 0, 0, 0, 0, 0, 0, 0, 0, 0, 0, 0, 0, 0, 0, 0, 0, 0, 0, 0, 0, 0, 0, 0, 0, 0, 0, 0, 0, 0, 0, 0, 0, 0, 0, 0, 0, 0, 0, 0, 0, 0, 0, 0, 0, 0, 0, 0, 0, 0, 0, 0, 0, 0, 0, 0, 0, 0, 0, 0, 0, 0, 0, 0, 0, 0, 0, 0, 0, 0, 0, 0, 0, 0, 0, 0, 0, 0, 0, 0, 0, 0, 0, 0, 0, 0, 0, 0, 0, 0, 0, 0, 0, 0, 0, 0, 0, 0, 0, 0, 0, 0, 0, 0, 0, 0, 0, 0, 0, 0, 0, 0, 0, 0, 0, 0, 0, 0, 0, 0, 0, 0, 0, 0, 0, 0, 0, 0, 0, 0, 0, 0, 0, 0, 0, 0, 0, 0, 0, 0, 0, 0, 0, 0, 0, 0, 0]",0.0,"[32.946666666666665, 32.97333333333333, 32.986666666666665, 32.96, 32.96, 32.93333333333333, 32.97333333333333, 32.96, 32.97333333333333, 31.866666666666667, 20.946666666666665, 13.946666666666667, 12.0, 7.986666666666666, 6.986666666666666, 5.973333333333334, 5.986666666666666, 5.986666666666666, 5.986666666666666, 5.986666666666666, 5.0, 4.986666666666666, 5.0, 5.0, 4.973333333333334, 5.0, 4.986666666666666, 5.0, 4.973333333333334, 4.986666666666666, 4.986666666666666, 5.0, 4.986666666666666, 4.986666666666666, 4.986666666666666, 5.0, 4.986666666666666, 5.0, 3.986666666666667, 3.96, 3.9733333333333336, 3.986666666666667, 3.96, 3.986666666666667, 3.96, 2.986666666666667, 2.9733333333333336, 2.9466666666666668, 2.9733333333333336, 2.986666666666667, 2.9733333333333336, 2.986666666666667, 3.0, 2.986666666666667, 2.9466666666666668, 2.9333333333333336, 2.986666666666667, 3.0, 3.0, 3.0, 2.9066666666666667, 2.986666666666667, 1.0, 0.0, 0.0, 0.0, 0.0, 0.0, 0.0, 0.0, 0.0, 0.0, 0.0, 0.0, 0.0, 0.0, 0.0, 0.0, 0.0, 0.0, 0.0, 0.0, 0.0, 0.0, 0.0, 0.0, 0.0, 0.0, 0.0, 0.0, 0.0, 0.0, 0.0, 0.0, 0.0, 0.0, 0.0, 0.0, 0.0, 0.0, 0.0, 0.0, 0.0, 0.0, 0.0, 0.0, 0.0, 0.0, 0.0, 0.0, 0.0, 0.0, 0.0, 0.0, 0.0, 0.0, 0.0, 0.0, 0.0, 0.0, 0.0, 0.0, 0.0, 0.0, 0.0, 0.0, 0.0, 0.0, 0.0, 0.0, 0.0, 0.0, 0.0, 0.0, 0.0, 0.0, 0.0, 0.0, 0.0, 0.0, 0.0, 0.0, 0.0, 0.0, 0.0, 0.0, 0.0, 0.0, 0.0, 0.0, 0.0, 0.0, 0.0, 0.0, 0.0, 0.0, 0.0, 0.0, 0.0, 0.0, 0.0, 0.0, 0.0, 0.0, 0.0, 0.0, 0.0, 0.0, 0.0, 0.0, 0.0, 0.0, 0.0, 0.0, 0.0, 0.0, 0.0, 0.0, 0.0, 0.0, 0.0, 0.0, 0.0, 0.0, 0.0, 0.0, 0.0, 0.0, 0.0, 0.0, 0.0, 0.0, 0.0, 0.0, 0.0, 0.0, 0.0, 0.0, 0.0, 0.0, 0.0, 0.0, 0.0, 0.0, 0.0, 0.0, 0.0, 0.0, 0.0, 0.0, 0.0, 0.0, 0.0, 0.0, 0.0, 0.0, 0.0, 0.0, 0.0, 0.0, 0.0, 0.0, 0.0, 0.0, 0.0, 0.0, 0.0, 0.0, 0.0, 0.0, 0.0, 0.0, 0.0, 0.0, 0.0, 0.0, 0.0, 0.0, 0.0, 0.0, 0.0, 0.0, 0.0, 0.0, 0.0, 0.0, 0.0, 0.0, 0.0, 0.0, 0.0, 0.0, 0.0, 0.0, 0.0, 0.0, 0.0, 0.0, 0.0, 0.0, 0.0, 0.0, 0.0, 0.0, 0.0, 0.0, 0.0, 0.0, 0.0, 0.0, 0.0, 0.0, 0.0, 0.0, 0.0, 0.0, 0.0, 0.0, 0.0, 0.0, 0.0, 0.0, 0.0, 0.0, 0.0, 0.0, 0.0, 0.0, 0.0, 0.0, 0.0, 0.0, 0.0, 0.0, 0.0, 0.0, 0.0, 0.0, 0.0, 0.0, 0.0, 0.0, 0.0, 0.0, 0.0, 0.0, 0.0, 0.0, 0.0, 0.0, 0.0, 0.0, 0.0, 0.0, 0.0, 0.0, 0.0, 0.0, 0.0, 0.0, 0.0, 0.0, 0.0, 0.0, 0.0, 0.0, 0.0, 0.0, 0.0, 0.0, 0.0, 0.0, 0.0, 0.0, 0.0, 0.0, 0.0, 0.0, 0.0, 0.0, 0.0, 0.0, 0.0, 0.0, 0.0, 0.0, 0.0, 0.0, 0.0, 0.0, 0.0, 0.0, 0.0, 0.0, 0.0, 0.0, 0.0, 0.0, 0.0, 0.0, 0.0, 0.0, 0.0, 0.0, 0.0, 0.0, 0.0, 0.0, 0.0, 0.0, 0.0, 0.0, 0.0, 0.0, 0.0, 0.0, 0.0, 0.0, 0.0, 0.0, 0.0, 0.0, 0.0, 0.0, 0.0, 0.0, 0.0, 0.0, 0.0, 0.0, 0.0, 0.0, 0.0, 0.0, 0.0, 0.0, 0.0, 0.0, 0.0, 0.0, 0.0, 0.0, 0.0, 0.0, 0.0, 0.0, 0.0, 0.0, 0.0, 0.0, 0.0, 0.0, 0.0, 0.0, 0.0, 0.0, 0.0, 0.0, 0.0, 0.0, 0.0, 0.0, 0.0, 0.0, 0.0, 0.0, 0.0, 0.0, 0.0, 0.0, 0.0, 0.0, 0.0, 0.0, 0.0, 0.0, 0.0, 0.0, 0.0, 0.0, 0.0, 0.0, 0.0, 0.0, 0.0, 0.0, 0.0, 0.0, 0.0, 0.0, 0.0, 0.0, 0.0, 0.0, 0.0, 0.0, 0.0, 0.0, 0.0, 0.0, 0.0, 0.0, 0.0, 0.0, 0.0, 0.0, 0.0, 0.0, 0.0, 0.0, 0.0, 0.0, 0.0, 0.0, 0.0, 0.0, 0.0, 0.0, 0.0, 0.0, 0.0, 0.0, 0.0, 0.0, 0.0, 0.0, 0.0, 0.0, 0.0, 0.0, 0.0, 0.0, 0.0, 0.0, 0.0, 0.0, 0.0, 0.0, 0.0, 0.0]",0.5,0.5,0,"[33, 33, 33, 33, 33, 33, 33, 33, 33, 32, 21, 14, 12, 8, 7, 6, 6, 6, 6, 6, 5, 5, 5, 5, 5, 5, 5, 5, 5, 5, 5, 5, 5, 5, 5, 5, 5, 5, 4, 4, 4, 4, 4, 4, 4, 3, 3, 3, 3, 3, 3, 3, 3, 3, 3, 3, 3, 3, 3, 3, 3, 3, 1, 0, 0, 0, 0, 0, 0, 0, 0, 0, 0, 0, 0, 0, 0, 0, 0, 0, 0, 0, 0, 0, 0, 0, 0, 0, 0, 0, 0, 0, 0, 0, 0, 0, 0, 0, 0, 0, 0, 0, 0, 0, 0, 0, 0, 0, 0, 0, 0, 0, 0, 0, 0, 0, 0, 0, 0, 0, 0, 0, 0, 0, 0, 0, 0, 0, 0, 0, 0, 0, 0, 0, 0, 0, 0, 0, 0, 0, 0, 0, 0, 0, 0, 0, 0, 0, 0, 0, 0, 0, 0, 0, 0, 0, 0, 0, 0, 0, 0, 0, 0, 0, 0, 0, 0, 0, 0, 0, 0, 0, 0, 0, 0, 0, 0, 0, 0, 0, 0, 0, 0, 0, 0, 0, 0, 0, 0, 0, 0, 0, 0, 0, 0, 0, 0, 0, 0, 0, 0, 0, 0, 0, 0, 0, 0, 0, 0, 0, 0, 0, 0, 0, 0, 0, 0, 0, 0, 0, 0, 0, 0, 0, 0, 0, 0, 0, 0, 0, 0, 0, 0, 0, 0, 0, 0, 0, 0, 0, 0, 0, 0, 0, 0, 0, 0, 0, 0, 0, 0, 0, 0, 0, 0, 0, 0, 0, 0, 0, 0, 0, 0, 0, 0, 0, 0, 0, 0, 0, 0, 0, 0, 0, 0, 0, 0, 0, 0, 0, 0, 0, 0, 0, 0, 0, 0, 0, 0, 0, 0, 0, 0, 0, 0, 0, 0, 0, 0, 0, 0, 0, 0, 0, 0, 0, 0, 0, 0, 0, 0, 0, 0, 0, 0, 0, 0, 0, 0, 0, 0, 0, 0, 0, 0, 0, 0, 0, 0, 0, 0, 0, 0, 0, 0, 0, 0, 0, 0, 0, 0, 0, 0, 0, 0, 0, 0, 0, 0, 0, 0, 0, 0, 0, 0, 0, 0, 0, 0, 0, 0, 0, 0, 0, 0, 0, 0, 0, 0, 0, 0, 0, 0, 0, 0, 0, 0, 0, 0, 0, 0, 0, 0, 0, 0, 0, 0, 0, 0, 0, 0, 0, 0, 0, 0, 0, 0, 0, 0, 0, 0, 0, 0, 0, 0, 0, 0, 0, 0, 0, 0, 0, 0, 0, 0, 0, 0, 0, 0, 0, 0, 0, 0, 0, 0, 0, 0, 0, 0, 0, 0, 0, 0, 0, 0, 0, 0, 0, 0, 0, 0, 0, 0, 0, 0, 0, 0, 0, 0, 0, 0, 0, 0, 0, 0, 0, 0, 0, 0, 0, 0, 0, 0, 0, 0, 0, 0, 0, 0, 0, 0, 0, 0, 0, 0, 0, 0, 0, 0, 0, 0, 0, 0, 0, 0, 0, 0, 0, 0, 0, 0, 0, 0, 0, 0, 0, 0, 0, 0, 0]",500,"[0.6814051866531372, 0.5980015993118286, 0.5426421761512756, 0.5030195713043213, 0.4725855886936188, 0.4489501714706421, 0.42764952778816223, 0.41331374645233154, 0.4047985374927521, 0.3965385854244232, 0.38410714268684387, 0.3698945939540863, 0.3699966371059418, 0.37680336833000183, 0.3740490972995758, 0.37552058696746826, 0.37374642491340637, 0.3734451234340668, 0.3718602657318115, 0.3728579580783844, 0.3724602162837982, 0.37337374687194824, 0.3752587139606476, 0.37402716279029846, 0.3701525926589966, 0.37014198303222656, 0.3690561354160309, 0.36898621916770935, 0.36794543266296387, 0.36816924810409546, 0.3677166998386383, 0.36714816093444824, 0.3674961030483246, 0.36605972051620483, 0.3669058680534363, 0.3674260079860687, 0.371246874332428, 0.364937424659729, 0.3713422417640686, 0.3768841624259949, 0.36720824241638184, 0.3684491217136383, 0.3724273443222046, 0.36984044313430786, 0.36590784788131714, 0.3738443851470947, 0.3747188150882721, 0.3711193799972534, 0.3786133825778961, 0.36993208527565, 0.3790070414543152, 0.37265029549598694, 0.3702925741672516, 0.37096524238586426, 0.3695504665374756, 0.37006115913391113, 0.37717750668525696, 0.36932241916656494, 0.3713121712207794, 0.37090760469436646, 0.36744987964630127, 0.38051077723503113, 0.39610278606414795, 0.4470236897468567, 0.40828824043273926, 0.40790316462516785, 0.4076366126537323, 0.40846821665763855, 0.40770676732063293, 0.4073219299316406, 0.4076129198074341, 0.40722861886024475, 0.4074499011039734, 0.40722939372062683, 0.4073396921157837, 0.40732571482658386, 0.4074666500091553, 0.4073144793510437, 0.4072328805923462, 0.407588392496109, 0.40765970945358276, 0.4080125689506531, 0.4082414507865906, 0.40976279973983765, 0.4077763259410858, 0.40808427333831787, 0.4073656499385834, 0.4073891341686249, 0.40771064162254333, 0.4104284644126892, 0.4072526693344116, 0.40856224298477173, 0.4072608947753906, 0.4086407423019409, 0.4094552993774414, 0.4072631895542145, 0.40775221586227417, 0.4073488116264343, 0.40911033749580383, 0.4072747528553009, 0.4072384536266327, 0.4076234698295593, 0.4073614180088043, 0.40722930431365967, 0.4072530269622803, 0.40761011838912964, 0.4072500169277191, 0.40797126293182373, 0.4076860845088959, 0.4073614478111267, 0.4074501395225525, 0.4082079827785492, 0.40734970569610596, 0.407228022813797, 0.4081174433231354, 0.40755394101142883, 0.4072498679161072, 0.40722933411598206, 0.407296746969223, 0.407228022813797, 0.4072346091270447, 0.40724942088127136, 0.40727120637893677, 0.4073282480239868, 0.4076579213142395, 0.4084891974925995, 0.4080216884613037, 0.41055136919021606, 0.40722930431365967, 0.40778395533561707, 0.40903541445732117, 0.40722769498825073, 0.40789198875427246, 0.40723955631256104, 0.40736064314842224, 0.4090760350227356, 0.40981045365333557, 0.408507376909256, 0.40724077820777893, 0.4078132212162018, 0.40896332263946533, 0.40727561712265015, 0.4074361026287079, 0.40745025873184204, 0.40738120675086975, 0.40841710567474365, 0.40804922580718994, 0.40725910663604736, 0.4133547842502594, 0.4104364812374115, 0.4083400070667267, 0.40765321254730225, 0.4092743694782257, 0.40803641080856323, 0.40724247694015503, 0.4105677902698517, 0.40752333402633667, 0.4078003764152527, 0.4075806736946106, 0.40728962421417236, 0.40741685032844543, 0.40784239768981934, 0.4072744846343994, 0.4127669036388397, 0.4076566696166992, 0.4072476923465729, 0.4081340730190277, 0.40735337138175964, 0.40722647309303284, 0.40728217363357544, 0.40803688764572144, 0.407409131526947, 0.40769752860069275, 0.40741270780563354, 0.40724122524261475, 0.40729984641075134, 0.40729767084121704, 0.40730276703834534, 0.4072324335575104, 0.4093317687511444, 0.40723395347595215, 0.4090223014354706, 0.40726199746131897, 0.4092094898223877, 0.40868040919303894, 0.40873727202415466, 0.40983086824417114, 0.4072916507720947, 0.4077925980091095, 0.4075659513473511, 0.4072644114494324, 0.4077780842781067, 0.40767136216163635, 0.40799209475517273, 0.4080357253551483, 0.4072835445404053, 0.4074220359325409, 0.4077824354171753, 0.4072696566581726, 0.40742480754852295, 0.407329797744751, 0.40725433826446533, 0.4079345762729645, 0.407542884349823, 0.4073878526687622, 0.4074000418186188, 0.40723171830177307, 0.40760794281959534, 0.4075147211551666, 0.407227098941803, 0.40757057070732117, 0.4124486446380615, 0.40858495235443115, 0.4085313379764557, 0.4074440002441406, 0.4073709547519684, 0.4072895050048828, 0.4075280725955963, 0.40727680921554565, 0.40728968381881714, 0.4073164761066437, 0.4072352647781372, 0.4073261320590973, 0.40755385160446167, 0.40966796875, 0.40725064277648926, 0.407539963722229, 0.40755459666252136, 0.4075227975845337, 0.40775826573371887, 0.40928202867507935, 0.40935516357421875, 0.40758803486824036, 0.40722939372062683, 0.4076865315437317, 0.4077294170856476, 0.4072552025318146, 0.4078599512577057, 0.40722665190696716, 0.4076198637485504, 0.40723636746406555, 0.4082476496696472, 0.4074167013168335, 0.4079976975917816, 0.40774306654930115, 0.4079194664955139, 0.4072549343109131, 0.4072920083999634, 0.40925970673561096, 0.40812885761260986, 0.4075411558151245, 0.4083343744277954, 0.4072344899177551, 0.4084368050098419, 0.4093678295612335, 0.4072364866733551, 0.4075806438922882, 0.4072732627391815, 0.4127323031425476, 0.40722647309303284, 0.407286673784256, 0.4072657823562622, 0.40792250633239746, 0.40748459100723267, 0.40739768743515015, 0.4082532823085785, 0.40729159116744995, 0.40729016065597534, 0.40745559334754944, 0.40739867091178894, 0.4073922634124756, 0.40729647874832153, 0.4079705774784088, 0.40737420320510864, 0.40872564911842346, 0.40745002031326294, 0.40731629729270935, 0.40789204835891724, 0.4075290560722351, 0.4074622392654419, 0.4072324335575104, 0.40746280550956726, 0.40896716713905334, 0.40730780363082886, 0.4075051248073578, 0.4073992073535919, 0.4079519510269165, 0.40760383009910583, 0.40787315368652344, 0.4072954058647156, 0.40788814425468445, 0.4086213707923889, 0.40723296999931335, 0.4074494242668152, 0.40780535340309143, 0.40814268589019775, 0.4079080820083618, 0.4072282314300537, 0.4072592854499817, 0.40759894251823425, 0.4076697528362274, 0.4074517786502838, 0.407227098941803, 0.4072754681110382, 0.4072776436805725, 0.40722668170928955, 0.4076959192752838, 0.40940025448799133, 0.40920311212539673, 0.40760600566864014, 0.4073910415172577, 0.40754231810569763, 0.40762871503829956, 0.40792691707611084, 0.40728676319122314, 0.407583087682724, 0.4072555601596832, 0.40746575593948364, 0.40722641348838806, 0.4072265326976776, 0.4087551534175873, 0.40731093287467957, 0.40887993574142456, 0.4073096811771393, 0.4072791039943695, 0.4082476794719696, 0.4072355329990387, 0.40747374296188354, 0.4075443148612976, 0.4073145389556885, 0.407470703125, 0.40726006031036377, 0.40772369503974915, 0.40723496675491333, 0.4072299897670746, 0.40737029910087585, 0.40756285190582275, 0.40731239318847656, 0.40730398893356323, 0.4072587490081787, 0.40787506103515625, 0.40744635462760925, 0.4072932302951813, 0.4087335169315338, 0.40724724531173706, 0.40784358978271484, 0.4072979688644409, 0.4075583517551422, 0.40770432353019714, 0.40762633085250854, 0.4074796438217163, 0.4072498083114624, 0.4075293242931366, 0.4073491394519806, 0.40782180428504944, 0.4072651267051697, 0.4072526693344116, 0.40733498334884644, 0.4084290564060211, 0.4073585867881775, 0.4079393446445465, 0.4074243903160095, 0.4073795974254608, 0.4073522984981537, 0.4093659520149231, 0.4072502851486206, 0.40742531418800354, 0.40729594230651855, 0.40723708271980286, 0.40790998935699463, 0.4072318971157074, 0.4072650969028473, 0.4092118442058563, 0.40722930431365967, 0.40722912549972534, 0.40724703669548035, 0.4081916809082031, 0.4073178768157959, 0.4073197841644287, 0.40760672092437744, 0.40742552280426025, 0.40755021572113037, 0.4083438217639923, 0.4072507619857788, 0.4072326719760895, 0.40751349925994873, 0.40887004137039185, 0.40722617506980896, 0.4083952307701111, 0.4073343575000763, 0.40722981095314026, 0.40878599882125854, 0.4074047803878784, 0.40783900022506714, 0.40880295634269714, 0.40727299451828003, 0.4072686433792114, 0.4072345793247223, 0.4072321951389313, 0.40728485584259033, 0.40722671151161194, 0.4080178141593933, 0.4075891077518463, 0.40774545073509216, 0.40724441409111023, 0.4074915945529938, 0.4072306752204895, 0.4072731137275696, 0.4072527587413788, 0.40771567821502686, 0.407368004322052, 0.40744590759277344, 0.4072294235229492, 0.4072774648666382, 0.4072542190551758, 0.40837952494621277, 0.4072670042514801, 0.4078284800052643, 0.40836647152900696, 0.407278835773468, 0.4076499938964844, 0.4081960916519165, 0.40746280550956726, 0.4077686369419098, 0.4072364568710327, 0.40740498900413513, 0.4076579809188843, 0.40781664848327637, 0.4074445962905884, 0.40722787380218506, 0.40739157795906067, 0.4077218770980835, 0.4073183536529541, 0.4103062152862549, 0.40822577476501465, 0.40769821405410767, 0.4072951078414917, 0.40728989243507385, 0.40769368410110474, 0.40724390745162964, 0.4079259932041168, 0.40746018290519714, 0.40766701102256775, 0.4073575735092163, 0.40728577971458435, 0.408233106136322, 0.408873051404953, 0.40738487243652344, 0.40930527448654175, 0.40786781907081604, 0.4080103933811188, 0.4082278311252594, 0.40725937485694885, 0.4083644449710846, 0.4087843596935272, 0.40727874636650085, 0.40794578194618225, 0.40948501229286194, 0.4073885679244995, 0.4086865484714508, 0.40727564692497253, 0.40779927372932434, 0.40787437558174133, 0.4072338342666626, 0.40926018357276917, 0.40769535303115845, 0.4072423279285431, 0.40797656774520874, 0.40742573142051697, 0.40726059675216675, 0.408141553401947, 0.4072307348251343, 0.4077649712562561, 0.40722891688346863, 0.4073081910610199, 0.40765058994293213, 0.40729156136512756, 0.40722954273223877, 0.40874046087265015, 0.4081465005874634, 0.40727314352989197, 0.4072607159614563, 0.4073047637939453, 0.40838468074798584, 0.40844401717185974, 0.4083654284477234, 0.4074515402317047, 0.4078163206577301, 0.40724682807922363, 0.408211350440979, 0.40892767906188965, 0.40852081775665283, 0.40730994939804077, 0.40769630670547485, 0.40882354974746704, 0.40727412700653076, 0.40932518243789673, 0.4072287380695343, 0.4074438512325287, 0.407297819852829]",0.0,"[33.0, 33.0, 33.0, 33.0, 33.0, 33.0, 33.0, 33.0, 33.0, 32.0, 21.0, 14.0, 12.0, 8.0, 7.0, 6.0, 6.0, 6.0, 6.0, 6.0, 5.0, 5.0, 5.0, 5.0, 5.0, 5.0, 5.0, 5.0, 5.0, 5.0, 5.0, 5.0, 5.0, 5.0, 5.0, 5.0, 5.0, 5.0, 4.0, 4.0, 4.0, 4.0, 4.0, 4.0, 4.0, 3.0, 3.0, 3.0, 3.0, 3.0, 3.0, 3.0, 3.0, 3.0, 3.0, 3.0, 3.0, 3.0, 3.0, 3.0, 3.0, 3.0, 1.0, 0.0, 0.0, 0.0, 0.0, 0.0, 0.0, 0.0, 0.0, 0.0, 0.0, 0.0, 0.0, 0.0, 0.0, 0.0, 0.0, 0.0, 0.0, 0.0, 0.0, 0.0, 0.0, 0.0, 0.0, 0.0, 0.0, 0.0, 0.0, 0.0, 0.0, 0.0, 0.0, 0.0, 0.0, 0.0, 0.0, 0.0, 0.0, 0.0, 0.0, 0.0, 0.0, 0.0, 0.0, 0.0, 0.0, 0.0, 0.0, 0.0, 0.0, 0.0, 0.0, 0.0, 0.0, 0.0, 0.0, 0.0, 0.0, 0.0, 0.0, 0.0, 0.0, 0.0, 0.0, 0.0, 0.0, 0.0, 0.0, 0.0, 0.0, 0.0, 0.0, 0.0, 0.0, 0.0, 0.0, 0.0, 0.0, 0.0, 0.0, 0.0, 0.0, 0.0, 0.0, 0.0, 0.0, 0.0, 0.0, 0.0, 0.0, 0.0, 0.0, 0.0, 0.0, 0.0, 0.0, 0.0, 0.0, 0.0, 0.0, 0.0, 0.0, 0.0, 0.0, 0.0, 0.0, 0.0, 0.0, 0.0, 0.0, 0.0, 0.0, 0.0, 0.0, 0.0, 0.0, 0.0, 0.0, 0.0, 0.0, 0.0, 0.0, 0.0, 0.0, 0.0, 0.0, 0.0, 0.0, 0.0, 0.0, 0.0, 0.0, 0.0, 0.0, 0.0, 0.0, 0.0, 0.0, 0.0, 0.0, 0.0, 0.0, 0.0, 0.0, 0.0, 0.0, 0.0, 0.0, 0.0, 0.0, 0.0, 0.0, 0.0, 0.0, 0.0, 0.0, 0.0, 0.0, 0.0, 0.0, 0.0, 0.0, 0.0, 0.0, 0.0, 0.0, 0.0, 0.0, 0.0, 0.0, 0.0, 0.0, 0.0, 0.0, 0.0, 0.0, 0.0, 0.0, 0.0, 0.0, 0.0, 0.0, 0.0, 0.0, 0.0, 0.0, 0.0, 0.0, 0.0, 0.0, 0.0, 0.0, 0.0, 0.0, 0.0, 0.0, 0.0, 0.0, 0.0, 0.0, 0.0, 0.0, 0.0, 0.0, 0.0, 0.0, 0.0, 0.0, 0.0, 0.0, 0.0, 0.0, 0.0, 0.0, 0.0, 0.0, 0.0, 0.0, 0.0, 0.0, 0.0, 0.0, 0.0, 0.0, 0.0, 0.0, 0.0, 0.0, 0.0, 0.0, 0.0, 0.0, 0.0, 0.0, 0.0, 0.0, 0.0, 0.0, 0.0, 0.0, 0.0, 0.0, 0.0, 0.0, 0.0, 0.0, 0.0, 0.0, 0.0, 0.0, 0.0, 0.0, 0.0, 0.0, 0.0, 0.0, 0.0, 0.0, 0.0, 0.0, 0.0, 0.0, 0.0, 0.0, 0.0, 0.0, 0.0, 0.0, 0.0, 0.0, 0.0, 0.0, 0.0, 0.0, 0.0, 0.0, 0.0, 0.0, 0.0, 0.0, 0.0, 0.0, 0.0, 0.0, 0.0, 0.0, 0.0, 0.0, 0.0, 0.0, 0.0, 0.0, 0.0, 0.0, 0.0, 0.0, 0.0, 0.0, 0.0, 0.0, 0.0, 0.0, 0.0, 0.0, 0.0, 0.0, 0.0, 0.0, 0.0, 0.0, 0.0, 0.0, 0.0, 0.0, 0.0, 0.0, 0.0, 0.0, 0.0, 0.0, 0.0, 0.0, 0.0, 0.0, 0.0, 0.0, 0.0, 0.0, 0.0, 0.0, 0.0, 0.0, 0.0, 0.0, 0.0, 0.0, 0.0, 0.0, 0.0, 0.0, 0.0, 0.0, 0.0, 0.0, 0.0, 0.0, 0.0, 0.0, 0.0, 0.0, 0.0, 0.0, 0.0, 0.0, 0.0, 0.0, 0.0, 0.0, 0.0, 0.0, 0.0, 0.0, 0.0, 0.0, 0.0, 0.0, 0.0, 0.0, 0.0, 0.0, 0.0, 0.0, 0.0, 0.0, 0.0, 0.0, 0.0, 0.0, 0.0, 0.0, 0.0, 0.0, 0.0, 0.0, 0.0, 0.0, 0.0, 0.0, 0.0, 0.0, 0.0, 0.0, 0.0, 0.0, 0.0, 0.0, 0.0, 0.0, 0.0, 0.0, 0.0, 0.0, 0.0, 0.0, 0.0, 0.0, 0.0, 0.0, 0.0, 0.0, 0.0, 0.0, 0.0, 0.0, 0.0, 0.0, 0.0, 0.0, 0.0, 0.0, 0.0, 0.0, 0.0, 0.0, 0.0, 0.0, 0.0, 0.0, 0.0, 0.0, 0.0, 0.0, 0.0, 0.0, 0.0, 0.0, 0.0]",COMPLETE
