,number,value,datetime_start,datetime_complete,duration,params_batch_size_scaler,params_constant_learning_rate,params_depth,params_epochs,params_kernel_l2,params_num_trees,params_temperature,user_attrs_accuracy_test,user_attrs_accuracy_valid,user_attrs_approximate_feature_sparsity,user_attrs_approximate_feature_sparsity_history,user_attrs_approximate_weight_sparsity,user_attrs_approximate_weight_sparsity_history,user_attrs_auc_test,user_attrs_auc_valid,user_attrs_feature_sparsity,user_attrs_feature_sparsity_history,user_attrs_num_epochs,user_attrs_val_loss_history,user_attrs_weight_sparsity,user_attrs_weight_sparsity_history,state
55,55,0.8902886733392588,2024-08-31 02:45:07.145635,2024-08-31 02:45:25.361225,0 days 00:00:18.215590,4,7.336954682282591,1,125,0.0014597512371066817,85,0.00039766116772730443,0.862,0.8675,30,"[33, 31, 30, 30, 30, 30, 30, 30, 30, 30, 30, 30, 30, 30, 30, 30, 30, 30, 30, 30, 30, 30, 30, 30, 30, 30, 30, 30, 30, 30, 30, 30, 30, 30, 30, 30, 30, 30, 30, 30, 30, 30, 30, 30, 30, 30, 30, 30, 30, 30, 30, 30, 30, 30, 30, 30, 30, 30, 30, 30, 30, 30, 30, 30, 30, 30, 30, 30, 30, 30, 30, 30, 30, 30, 30, 30, 30, 30, 30, 30, 30, 30, 30, 30, 30, 30, 30, 30, 30, 30, 30, 30, 30, 30, 30, 30, 30, 30, 30, 30, 30, 30, 30, 30, 30, 30, 30, 30, 30, 30, 30, 30, 30, 30, 30, 30, 30, 30, 30, 30, 30, 30, 30, 30, 30]",30.0,"[32.98823529411764, 31.0, 30.0, 30.0, 30.0, 30.0, 30.0, 30.0, 30.0, 30.0, 30.0, 30.0, 29.988235294117647, 30.0, 30.0, 30.0, 30.0, 30.0, 30.0, 30.0, 30.0, 30.0, 30.0, 30.0, 30.0, 30.0, 30.0, 30.0, 30.0, 30.0, 30.0, 30.0, 30.0, 30.0, 30.0, 30.0, 30.0, 30.0, 30.0, 30.0, 30.0, 30.0, 30.0, 30.0, 30.0, 30.0, 30.0, 30.0, 30.0, 30.0, 30.0, 30.0, 29.976470588235294, 30.0, 30.0, 30.0, 30.0, 30.0, 30.0, 30.0, 30.0, 30.0, 30.0, 30.0, 29.988235294117647, 30.0, 30.0, 30.0, 30.0, 30.0, 30.0, 30.0, 30.0, 30.0, 30.0, 30.0, 30.0, 30.0, 30.0, 30.0, 30.0, 30.0, 30.0, 30.0, 30.0, 30.0, 30.0, 29.988235294117647, 30.0, 30.0, 30.0, 30.0, 30.0, 30.0, 30.0, 30.0, 30.0, 30.0, 30.0, 30.0, 30.0, 30.0, 30.0, 30.0, 30.0, 30.0, 30.0, 30.0, 30.0, 30.0, 30.0, 30.0, 30.0, 30.0, 30.0, 30.0, 30.0, 29.988235294117647, 30.0, 30.0, 30.0, 30.0, 30.0, 30.0, 30.0]",0.8835071293521248,0.8902886733392588,30,"[33, 31, 30, 30, 30, 30, 30, 30, 30, 30, 30, 30, 30, 30, 30, 30, 30, 30, 30, 30, 30, 30, 30, 30, 30, 30, 30, 30, 30, 30, 30, 30, 30, 30, 30, 30, 30, 30, 30, 30, 30, 30, 30, 30, 30, 30, 30, 30, 30, 30, 30, 30, 30, 30, 30, 30, 30, 30, 30, 30, 30, 30, 30, 30, 30, 30, 30, 30, 30, 30, 30, 30, 30, 30, 30, 30, 30, 30, 30, 30, 30, 30, 30, 30, 30, 30, 30, 30, 30, 30, 30, 30, 30, 30, 30, 30, 30, 30, 30, 30, 30, 30, 30, 30, 30, 30, 30, 30, 30, 30, 30, 30, 30, 30, 30, 30, 30, 30, 30, 30, 30, 30, 30, 30, 30]",125,"[17.86891746520996, 10.800436973571777, 1.8899410963058472, 8.768584251403809, 8.447598457336426, 7.518661022186279, 26.247268676757812, 4.11238956451416, 7.545299530029297, 26.486553192138672, 3.127208948135376, 33.47569274902344, 8.085464477539062, 5.089219093322754, 11.41690444946289, 4.185871124267578, 4.700470447540283, 3.9508163928985596, 4.108959197998047, 5.899219512939453, 4.112924575805664, 4.180956840515137, 3.7465310096740723, 5.711668491363525, 3.8613381385803223, 17.24498748779297, 5.08509635925293, 5.614673614501953, 5.839985370635986, 5.498816967010498, 6.429708480834961, 8.03951358795166, 4.438092231750488, 4.242049694061279, 5.919469833374023, 6.023509502410889, 5.51706075668335, 5.144125461578369, 6.951648712158203, 5.305912971496582, 17.494382858276367, 5.1067376136779785, 5.119509220123291, 5.213006973266602, 40.67911148071289, 4.77960205078125, 6.0983171463012695, 6.527210712432861, 5.523064613342285, 8.844998359680176, 5.319140434265137, 6.024407386779785, 5.48135232925415, 7.537933349609375, 6.077249050140381, 7.050039768218994, 6.283376693725586, 5.411477088928223, 8.275409698486328, 5.609442234039307, 7.8003950119018555, 5.694076061248779, 4.9476637840271, 4.797051429748535, 5.712316989898682, 9.468185424804688, 5.169830799102783, 5.2399373054504395, 6.684089183807373, 5.366912841796875, 8.008358001708984, 4.609527111053467, 5.382940292358398, 5.076305389404297, 5.020876884460449, 5.919517993927002, 4.77167272567749, 6.075441360473633, 6.518317222595215, 6.234485626220703, 5.27828311920166, 5.922110557556152, 5.235645294189453, 5.268136024475098, 4.99930477142334, 5.492619514465332, 5.163968086242676, 4.69251823425293, 5.512073993682861, 4.953464984893799, 4.871041774749756, 4.789070129394531, 5.555545806884766, 5.55220890045166, 6.961146831512451, 5.210397720336914, 5.180602550506592, 6.020780086517334, 5.007765769958496, 5.708604335784912, 6.528230667114258, 8.334455490112305, 5.186128616333008, 5.948421001434326, 6.4218597412109375, 6.290771484375, 5.6211466789245605, 5.355597496032715, 4.756615161895752, 5.003006935119629, 5.029833793640137, 5.156962871551514, 4.1630635261535645, 5.565973281860352, 10.265155792236328, 4.941858291625977, 7.139453887939453, 5.447993755340576, 5.284067153930664, 6.740103244781494, 5.284550189971924, 5.341756820678711, 6.274151802062988, 5.730278968811035, 6.813348293304443]",30.0,"[33.0, 31.0, 30.0, 30.0, 30.0, 30.0, 30.0, 30.0, 30.0, 30.0, 30.0, 30.0, 30.0, 30.0, 30.0, 30.0, 30.0, 30.0, 30.0, 30.0, 30.0, 30.0, 30.0, 30.0, 30.0, 30.0, 30.0, 30.0, 30.0, 30.0, 30.0, 30.0, 30.0, 30.0, 30.0, 30.0, 30.0, 30.0, 30.0, 30.0, 30.0, 30.0, 30.0, 30.0, 30.0, 30.0, 30.0, 30.0, 30.0, 30.0, 30.0, 30.0, 30.0, 30.0, 30.0, 30.0, 30.0, 30.0, 30.0, 30.0, 30.0, 30.0, 30.0, 30.0, 30.0, 30.0, 30.0, 30.0, 30.0, 30.0, 30.0, 30.0, 30.0, 30.0, 30.0, 30.0, 30.0, 30.0, 30.0, 30.0, 30.0, 30.0, 30.0, 30.0, 30.0, 30.0, 30.0, 30.0, 30.0, 30.0, 30.0, 30.0, 30.0, 30.0, 30.0, 30.0, 30.0, 30.0, 30.0, 30.0, 30.0, 30.0, 30.0, 30.0, 30.0, 30.0, 30.0, 30.0, 30.0, 30.0, 30.0, 30.0, 30.0, 30.0, 30.0, 30.0, 30.0, 30.0, 30.0, 30.0, 30.0, 30.0, 30.0, 30.0, 30.0]",COMPLETE
56,56,0.5,2024-08-31 02:45:26.547101,2024-08-31 02:46:03.980318,0 days 00:00:37.433217,4,0.3190728053231877,1,295,0.18488580125742832,67,0.0014349986506778114,0.859,0.85875,0,"[33, 33, 33, 33, 18, 5, 4, 3, 3, 3, 2, 2, 2, 2, 2, 2, 2, 2, 2, 1, 1, 0, 0, 0, 0, 0, 0, 0, 0, 0, 0, 0, 0, 0, 0, 0, 0, 0, 0, 0, 0, 0, 0, 0, 0, 0, 0, 0, 0, 0, 0, 0, 0, 0, 0, 0, 0, 0, 0, 0, 0, 0, 0, 0, 0, 0, 0, 0, 0, 0, 0, 0, 0, 0, 0, 0, 0, 0, 0, 0, 0, 0, 0, 0, 0, 0, 0, 0, 0, 0, 0, 0, 0, 0, 0, 0, 0, 0, 0, 0, 0, 0, 0, 0, 0, 0, 0, 0, 0, 0, 0, 0, 0, 0, 0, 0, 0, 0, 0, 0, 0, 0, 0, 0, 0, 0, 0, 0, 0, 0, 0, 0, 0, 0, 0, 0, 0, 0, 0, 0, 0, 0, 0, 0, 0, 0, 0, 0, 0, 0, 0, 0, 0, 0, 0, 0, 0, 0, 0, 0, 0, 0, 0, 0, 0, 0, 0, 0, 0, 0, 0, 0, 0, 0, 0, 0, 0, 0, 0, 0, 0, 0, 0, 0, 0, 0, 0, 0, 0, 0, 0, 0, 0, 0, 0, 0, 0, 0, 0, 0, 0, 0, 0, 0, 0, 0, 0, 0, 0, 0, 0, 0, 0, 0, 0, 0, 0, 0, 0, 0, 0, 0, 0, 0, 0, 0, 0, 0, 0, 0, 0, 0, 0, 0, 0, 0, 0, 0, 0, 0, 0, 0, 0, 0, 0, 0, 0, 0, 0, 0, 0, 0, 0, 0, 0, 0, 0, 0, 0, 0, 0, 0, 0, 0, 0, 0, 0, 0, 0, 0, 0, 0, 0, 0, 0, 0, 0, 0, 0, 0, 0, 0, 0, 0, 0, 0, 0, 0, 0, 0, 0, 0, 0, 0, 0]",0.0,"[32.98507462686567, 33.0, 32.97014925373134, 33.0, 18.0, 4.985074626865671, 4.0, 3.0, 3.0, 3.0, 2.0, 2.0, 2.0, 2.0, 2.0, 2.0, 1.9850746268656716, 2.0, 2.0, 1.0, 1.0, 0.0, 0.0, 0.0, 0.0, 0.0, 0.0, 0.0, 0.0, 0.0, 0.0, 0.0, 0.0, 0.0, 0.0, 0.0, 0.0, 0.0, 0.0, 0.0, 0.0, 0.0, 0.0, 0.0, 0.0, 0.0, 0.0, 0.0, 0.0, 0.0, 0.0, 0.0, 0.0, 0.0, 0.0, 0.0, 0.0, 0.0, 0.0, 0.0, 0.0, 0.0, 0.0, 0.0, 0.0, 0.0, 0.0, 0.0, 0.0, 0.0, 0.0, 0.0, 0.0, 0.0, 0.0, 0.0, 0.0, 0.0, 0.0, 0.0, 0.0, 0.0, 0.0, 0.0, 0.0, 0.0, 0.0, 0.0, 0.0, 0.0, 0.0, 0.0, 0.0, 0.0, 0.0, 0.0, 0.0, 0.0, 0.0, 0.0, 0.0, 0.0, 0.0, 0.0, 0.0, 0.0, 0.0, 0.0, 0.0, 0.0, 0.0, 0.0, 0.0, 0.0, 0.0, 0.0, 0.0, 0.0, 0.0, 0.0, 0.0, 0.0, 0.0, 0.0, 0.0, 0.0, 0.0, 0.0, 0.0, 0.0, 0.0, 0.0, 0.0, 0.0, 0.0, 0.0, 0.0, 0.0, 0.0, 0.0, 0.0, 0.0, 0.0, 0.0, 0.0, 0.0, 0.0, 0.0, 0.0, 0.0, 0.0, 0.0, 0.0, 0.0, 0.0, 0.0, 0.0, 0.0, 0.0, 0.0, 0.0, 0.0, 0.0, 0.0, 0.0, 0.0, 0.0, 0.0, 0.0, 0.0, 0.0, 0.0, 0.0, 0.0, 0.0, 0.0, 0.0, 0.0, 0.0, 0.0, 0.0, 0.0, 0.0, 0.0, 0.0, 0.0, 0.0, 0.0, 0.0, 0.0, 0.0, 0.0, 0.0, 0.0, 0.0, 0.0, 0.0, 0.0, 0.0, 0.0, 0.0, 0.0, 0.0, 0.0, 0.0, 0.0, 0.0, 0.0, 0.0, 0.0, 0.0, 0.0, 0.0, 0.0, 0.0, 0.0, 0.0, 0.0, 0.0, 0.0, 0.0, 0.0, 0.0, 0.0, 0.0, 0.0, 0.0, 0.0, 0.0, 0.0, 0.0, 0.0, 0.0, 0.0, 0.0, 0.0, 0.0, 0.0, 0.0, 0.0, 0.0, 0.0, 0.0, 0.0, 0.0, 0.0, 0.0, 0.0, 0.0, 0.0, 0.0, 0.0, 0.0, 0.0, 0.0, 0.0, 0.0, 0.0, 0.0, 0.0, 0.0, 0.0, 0.0, 0.0, 0.0, 0.0, 0.0, 0.0, 0.0, 0.0, 0.0, 0.0, 0.0, 0.0, 0.0, 0.0, 0.0, 0.0, 0.0, 0.0, 0.0, 0.0, 0.0, 0.0, 0.0, 0.0, 0.0, 0.0, 0.0, 0.0, 0.0, 0.0, 0.0, 0.0, 0.0]",0.5,0.5,0,"[33, 33, 33, 33, 18, 5, 4, 3, 3, 3, 2, 2, 2, 2, 2, 2, 2, 2, 2, 1, 1, 0, 0, 0, 0, 0, 0, 0, 0, 0, 0, 0, 0, 0, 0, 0, 0, 0, 0, 0, 0, 0, 0, 0, 0, 0, 0, 0, 0, 0, 0, 0, 0, 0, 0, 0, 0, 0, 0, 0, 0, 0, 0, 0, 0, 0, 0, 0, 0, 0, 0, 0, 0, 0, 0, 0, 0, 0, 0, 0, 0, 0, 0, 0, 0, 0, 0, 0, 0, 0, 0, 0, 0, 0, 0, 0, 0, 0, 0, 0, 0, 0, 0, 0, 0, 0, 0, 0, 0, 0, 0, 0, 0, 0, 0, 0, 0, 0, 0, 0, 0, 0, 0, 0, 0, 0, 0, 0, 0, 0, 0, 0, 0, 0, 0, 0, 0, 0, 0, 0, 0, 0, 0, 0, 0, 0, 0, 0, 0, 0, 0, 0, 0, 0, 0, 0, 0, 0, 0, 0, 0, 0, 0, 0, 0, 0, 0, 0, 0, 0, 0, 0, 0, 0, 0, 0, 0, 0, 0, 0, 0, 0, 0, 0, 0, 0, 0, 0, 0, 0, 0, 0, 0, 0, 0, 0, 0, 0, 0, 0, 0, 0, 0, 0, 0, 0, 0, 0, 0, 0, 0, 0, 0, 0, 0, 0, 0, 0, 0, 0, 0, 0, 0, 0, 0, 0, 0, 0, 0, 0, 0, 0, 0, 0, 0, 0, 0, 0, 0, 0, 0, 0, 0, 0, 0, 0, 0, 0, 0, 0, 0, 0, 0, 0, 0, 0, 0, 0, 0, 0, 0, 0, 0, 0, 0, 0, 0, 0, 0, 0, 0, 0, 0, 0, 0, 0, 0, 0, 0, 0, 0, 0, 0, 0, 0, 0, 0, 0, 0, 0, 0, 0, 0, 0, 0]",295,"[0.6092188358306885, 0.49019762873649597, 0.4623768925666809, 0.4248281717300415, 0.3712662160396576, 0.4287809729576111, 0.37351077795028687, 1.3970694541931152, 0.39858779311180115, 0.36880120635032654, 0.5097537040710449, 0.40537673234939575, 0.38092026114463806, 0.4015978276729584, 0.47328469157218933, 0.6697821617126465, 0.4564395248889923, 0.5528841018676758, 0.5071139931678772, 0.41001492738723755, 0.41328465938568115, 0.7229309678077698, 1.2815781831741333, 0.4091078042984009, 0.44563841819763184, 0.5711759924888611, 0.40733852982521057, 0.4197865426540375, 0.5201048254966736, 0.8375190496444702, 0.4386303722858429, 0.5701110363006592, 0.40766990184783936, 0.5111449956893921, 0.4862805902957916, 0.408010870218277, 0.6397358179092407, 0.42784592509269714, 0.419953852891922, 0.43786561489105225, 1.2436681985855103, 0.4468346834182739, 0.6882302165031433, 0.42834529280662537, 0.47919365763664246, 0.4073820114135742, 0.5061475038528442, 1.2929904460906982, 0.4559551179409027, 0.4223644733428955, 0.7032870650291443, 0.45250147581100464, 0.9187427759170532, 0.6299867630004883, 0.40724313259124756, 0.40784478187561035, 0.6442009806632996, 0.5642374157905579, 0.6170941591262817, 0.4746619760990143, 1.1497594118118286, 0.6245071291923523, 0.518180787563324, 0.4084736704826355, 0.9619039297103882, 0.4120333194732666, 0.4083799123764038, 0.4211028218269348, 0.4349595904350281, 0.6580960750579834, 0.6935368180274963, 0.637988805770874, 0.6254680156707764, 0.44199347496032715, 0.4729839563369751, 0.6585699319839478, 1.0026726722717285, 0.7983946800231934, 0.4671936333179474, 0.554502546787262, 0.4301253855228424, 0.6219719052314758, 1.5280413627624512, 0.4931103587150574, 0.4923960566520691, 0.4095443785190582, 0.4430926442146301, 0.4681006371974945, 0.456248939037323, 0.41069191694259644, 0.42426133155822754, 0.7406444549560547, 0.5532588958740234, 0.4165829122066498, 0.4073773920536041, 0.45460397005081177, 0.6287761926651001, 0.5470250844955444, 0.7579365372657776, 0.5047247409820557, 0.40971264243125916, 0.5802354216575623, 0.40884795784950256, 0.40723296999931335, 0.7060437202453613, 0.4087674617767334, 0.5866395235061646, 0.40846729278564453, 0.4099085330963135, 0.5244401693344116, 1.1306358575820923, 0.4132359027862549, 0.7227215766906738, 0.41397449374198914, 0.5874038934707642, 0.555945634841919, 0.4080162048339844, 0.4542785584926605, 0.6681984663009644, 1.0950343608856201, 0.6931842565536499, 0.878939688205719, 0.5658596754074097, 0.5460312366485596, 0.46471014618873596, 0.5677627921104431, 0.5049656629562378, 0.46417519450187683, 1.290314793586731, 1.1073566675186157, 0.5999963283538818, 0.4175998568534851, 0.5027356147766113, 1.0281890630722046, 0.6628319621086121, 1.0820014476776123, 0.40788590908050537, 0.41336050629615784, 1.0322082042694092, 0.42069774866104126, 0.4146972596645355, 0.6184998750686646, 1.1116853952407837, 0.4076376259326935, 0.8136416673660278, 0.5916693210601807, 1.387923240661621, 0.4208683371543884, 1.1756526231765747, 1.2774752378463745, 0.8261893391609192, 0.4074181020259857, 0.4179478883743286, 0.40736591815948486, 0.8204807043075562, 0.4127189517021179, 0.827897846698761, 0.5878602862358093, 0.564751386642456, 0.49134936928749084, 0.42471587657928467, 0.48192647099494934, 0.4072338342666626, 0.4465012848377228, 1.496774435043335, 0.48308348655700684, 0.48478198051452637, 0.4467931389808655, 0.4073873460292816, 0.540025532245636, 0.4784114360809326, 0.8226962089538574, 0.4110408425331116, 0.5439891219139099, 1.4509810209274292, 0.41256675124168396, 1.5421522855758667, 0.4142603278160095, 0.44534832239151, 0.8309686183929443, 0.42668429017066956, 0.42038068175315857, 0.7874284982681274, 0.5306921601295471, 0.4323178231716156, 0.5898990035057068, 0.4574475586414337, 0.40728628635406494, 0.43256741762161255, 0.48971185088157654, 0.42176058888435364, 0.5029109716415405, 0.783646821975708, 0.7462829351425171, 0.9223945736885071, 0.6380527019500732, 0.4092966318130493, 0.4428848922252655, 0.474282443523407, 0.4213051199913025, 0.5858056545257568, 0.437992662191391, 0.4082338809967041, 0.4392436742782593, 0.4168940782546997, 0.4651027321815491, 0.47507354617118835, 0.40951043367385864, 0.40819495916366577, 0.49849045276641846, 0.6380317211151123, 0.6639040112495422, 0.5735554695129395, 0.40985652804374695, 1.265387773513794, 0.8227776288986206, 0.8882470726966858, 0.6372957229614258, 0.5759128928184509, 0.41519591212272644, 0.4487757086753845, 0.4553677439689636, 1.1128123998641968, 0.4079783260822296, 0.5789674520492554, 0.8525347113609314, 0.5775527358055115, 0.41004395484924316, 0.4258876144886017, 0.7805947065353394, 0.600892961025238, 0.5787891149520874, 0.6444464325904846, 0.4097810387611389, 0.40794098377227783, 0.4699059724807739, 0.6201200485229492, 0.492704302072525, 0.5190689563751221, 0.40915200114250183, 0.6532247066497803, 0.41968607902526855, 0.4335140585899353, 0.4082699716091156, 0.41186749935150146, 0.42752349376678467, 0.7283936142921448, 0.41473767161369324, 0.4072346091270447, 0.4072686731815338, 0.8187923431396484, 0.45095038414001465, 0.42036154866218567, 0.44200724363327026, 0.4085592031478882, 0.7616762518882751, 0.5158746242523193, 0.42634662985801697, 1.8685089349746704, 0.5072206854820251, 0.5504501461982727, 0.42150983214378357, 0.6837334632873535, 0.7723058462142944, 0.4293020963668823, 0.5493475198745728, 0.46319323778152466, 0.9836962819099426, 1.2374310493469238, 0.5518009066581726, 0.45687535405158997, 0.4160333275794983, 0.7927567362785339, 0.4179929494857788, 0.4877849519252777, 1.2664226293563843, 0.40759536623954773, 0.6536420583724976, 0.419683575630188, 1.5498878955841064, 0.4073903560638428, 0.41540053486824036, 0.5626646280288696, 0.49441587924957275, 0.40809041261672974, 0.7885922193527222, 0.6565914154052734, 0.4536104202270508, 0.5524762868881226, 0.4873374104499817, 0.5908932089805603, 0.4116705060005188, 1.076240062713623, 0.40976855158805847, 0.5422509908676147]",0.0,"[33.0, 33.0, 33.0, 33.0, 18.0, 5.0, 4.0, 3.0, 3.0, 3.0, 2.0, 2.0, 2.0, 2.0, 2.0, 2.0, 2.0, 2.0, 2.0, 1.0, 1.0, 0.0, 0.0, 0.0, 0.0, 0.0, 0.0, 0.0, 0.0, 0.0, 0.0, 0.0, 0.0, 0.0, 0.0, 0.0, 0.0, 0.0, 0.0, 0.0, 0.0, 0.0, 0.0, 0.0, 0.0, 0.0, 0.0, 0.0, 0.0, 0.0, 0.0, 0.0, 0.0, 0.0, 0.0, 0.0, 0.0, 0.0, 0.0, 0.0, 0.0, 0.0, 0.0, 0.0, 0.0, 0.0, 0.0, 0.0, 0.0, 0.0, 0.0, 0.0, 0.0, 0.0, 0.0, 0.0, 0.0, 0.0, 0.0, 0.0, 0.0, 0.0, 0.0, 0.0, 0.0, 0.0, 0.0, 0.0, 0.0, 0.0, 0.0, 0.0, 0.0, 0.0, 0.0, 0.0, 0.0, 0.0, 0.0, 0.0, 0.0, 0.0, 0.0, 0.0, 0.0, 0.0, 0.0, 0.0, 0.0, 0.0, 0.0, 0.0, 0.0, 0.0, 0.0, 0.0, 0.0, 0.0, 0.0, 0.0, 0.0, 0.0, 0.0, 0.0, 0.0, 0.0, 0.0, 0.0, 0.0, 0.0, 0.0, 0.0, 0.0, 0.0, 0.0, 0.0, 0.0, 0.0, 0.0, 0.0, 0.0, 0.0, 0.0, 0.0, 0.0, 0.0, 0.0, 0.0, 0.0, 0.0, 0.0, 0.0, 0.0, 0.0, 0.0, 0.0, 0.0, 0.0, 0.0, 0.0, 0.0, 0.0, 0.0, 0.0, 0.0, 0.0, 0.0, 0.0, 0.0, 0.0, 0.0, 0.0, 0.0, 0.0, 0.0, 0.0, 0.0, 0.0, 0.0, 0.0, 0.0, 0.0, 0.0, 0.0, 0.0, 0.0, 0.0, 0.0, 0.0, 0.0, 0.0, 0.0, 0.0, 0.0, 0.0, 0.0, 0.0, 0.0, 0.0, 0.0, 0.0, 0.0, 0.0, 0.0, 0.0, 0.0, 0.0, 0.0, 0.0, 0.0, 0.0, 0.0, 0.0, 0.0, 0.0, 0.0, 0.0, 0.0, 0.0, 0.0, 0.0, 0.0, 0.0, 0.0, 0.0, 0.0, 0.0, 0.0, 0.0, 0.0, 0.0, 0.0, 0.0, 0.0, 0.0, 0.0, 0.0, 0.0, 0.0, 0.0, 0.0, 0.0, 0.0, 0.0, 0.0, 0.0, 0.0, 0.0, 0.0, 0.0, 0.0, 0.0, 0.0, 0.0, 0.0, 0.0, 0.0, 0.0, 0.0, 0.0, 0.0, 0.0, 0.0, 0.0, 0.0, 0.0, 0.0, 0.0, 0.0, 0.0, 0.0, 0.0, 0.0, 0.0, 0.0, 0.0, 0.0, 0.0, 0.0, 0.0, 0.0, 0.0, 0.0, 0.0, 0.0, 0.0, 0.0, 0.0, 0.0, 0.0, 0.0, 0.0, 0.0, 0.0, 0.0]",COMPLETE
