,number,value,datetime_start,datetime_complete,duration,params_batch_size_scaler,params_constant_learning_rate,params_depth,params_epochs,params_kernel_l2,params_num_trees,params_temperature,user_attrs_accuracy_test,user_attrs_accuracy_valid,user_attrs_approximate_feature_sparsity,user_attrs_approximate_feature_sparsity_history,user_attrs_approximate_weight_sparsity,user_attrs_approximate_weight_sparsity_history,user_attrs_auc_test,user_attrs_auc_valid,user_attrs_feature_sparsity,user_attrs_feature_sparsity_history,user_attrs_num_epochs,user_attrs_val_loss_history,user_attrs_weight_sparsity,user_attrs_weight_sparsity_history,state
132,132,0.7439940230062733,2024-08-31 05:33:47.468772,2024-08-31 05:34:52.757960,0 days 00:01:05.289188,16,0.04941289973233497,5,195,0.380080594149977,33,0.014470905376651143,0.879,0.87625,33,"[33, 33, 33, 33, 33, 33, 33, 33, 33, 33, 33, 33, 33, 33, 33, 33, 33, 33, 33, 33, 33, 33, 33, 33, 33, 33, 33, 33, 33, 33, 33, 33, 33, 33, 33, 33, 33, 33, 33, 33, 33, 33, 33, 33, 33, 33, 33, 33, 33, 33, 33, 33, 33, 33, 33, 33, 33, 33, 33, 33, 33, 33, 33, 33, 33, 33, 33, 33, 33, 33, 33, 33, 33, 33, 33, 33, 33, 33, 33, 33, 33, 33, 33, 33, 33, 33, 33, 33, 33, 33, 33, 33, 33, 33, 33, 33, 33, 33, 33, 33, 33, 33, 33, 33, 33, 33, 33, 33, 33, 33, 33, 33, 33, 33, 33, 33, 33, 33, 33, 33, 33, 33, 33, 33, 33, 33, 33, 33, 33, 33, 33, 33, 33, 33, 33, 33, 33, 33, 33, 33, 33, 33, 33, 33, 33, 33, 33, 33, 33, 33, 33, 33, 33, 33, 33, 33, 33, 33, 33, 33, 33, 33, 33, 33, 33, 33, 33, 33, 33, 33, 33, 33, 33, 33, 33, 33, 33, 33, 33, 33, 33, 33, 33, 33, 33, 33, 33, 33, 33, 33, 33, 33, 33, 33, 33]",32.951124144672534,"[32.95894428152493, 32.96871945259042, 32.96676441837732, 32.971652003910066, 32.96871945259042, 32.96480938416423, 32.96480938416423, 32.951124144672534, 32.95503421309873, 32.95894428152493, 32.95796676441838, 32.95796676441838, 32.94916911045944, 32.95405669599218, 32.960899315738025, 32.95210166177908, 32.95405669599218, 32.951124144672534, 32.961876832844574, 32.960899315738025, 32.95405669599218, 32.95503421309873, 32.95307917888563, 32.951124144672534, 32.956011730205276, 32.95405669599218, 32.95503421309873, 32.95796676441838, 32.946236559139784, 32.95796676441838, 32.95894428152493, 32.95307917888563, 32.950146627565985, 32.956011730205276, 32.95503421309873, 32.95503421309873, 32.951124144672534, 32.94330400782014, 32.93939393939394, 32.95503421309873, 32.94916911045944, 32.94721407624633, 32.946236559139784, 32.95601173020528, 32.951124144672534, 32.951124144672534, 32.96383186705767, 32.95992179863148, 32.96383186705768, 32.96969696969697, 32.96676441837732, 32.96285434995112, 32.961876832844574, 32.961876832844574, 32.96285434995112, 32.965786901270775, 32.95894428152493, 32.95503421309873, 32.95210166177908, 32.95210166177908, 32.95698924731183, 32.956011730205276, 32.95405669599218, 32.95405669599218, 32.94721407624633, 32.95307917888563, 32.95210166177908, 32.945259042033236, 32.94819159335289, 32.94134897360704, 32.94721407624633, 32.94134897360704, 32.94721407624634, 32.94916911045944, 32.95796676441838, 32.95698924731183, 32.95210166177908, 32.95210166177908, 32.95405669599218, 32.95307917888563, 32.950146627565985, 32.951124144672534, 32.951124144672534, 32.951124144672534, 32.956011730205276, 32.95307917888563, 32.94916911045944, 32.94916911045944, 32.94819159335288, 32.94721407624633, 32.945259042033236, 32.94916911045944, 32.94330400782014, 32.94134897360704, 32.950146627565985, 32.95894428152493, 32.960899315738025, 32.95894428152493, 32.95796676441838, 32.95796676441838, 32.95894428152493, 32.96285434995112, 32.96871945259042, 32.965786901270775, 32.965786901270775, 32.96383186705767, 32.95894428152493, 32.95405669599218, 32.95698924731183, 32.960899315738025, 32.96285434995112, 32.96285434995112, 32.965786901270775, 32.965786901270775, 32.96285434995112, 32.95796676441838, 32.95307917888563, 32.96285434995112, 32.960899315738025, 32.95405669599218, 32.95503421309873, 32.946236559139784, 32.946236559139784, 32.94819159335289, 32.95503421309873, 32.95698924731183, 32.95796676441838, 32.95992179863148, 32.95796676441837, 32.956989247311824, 32.95405669599218, 32.95992179863148, 32.956011730205276, 32.956989247311824, 32.95307917888563, 32.950146627565985, 32.946236559139784, 32.951124144672534, 32.95307917888563, 32.95405669599218, 32.956989247311824, 32.95796676441837, 32.956011730205276, 32.956011730205276, 32.951124144672534, 32.956989247311824, 32.95503421309873, 32.956989247311824, 32.960899315738025, 32.95894428152493, 32.956989247311824, 32.956989247311824, 32.95503421309873, 32.95405669599218, 32.95503421309873, 32.95307917888563, 32.95210166177908, 32.95307917888563, 32.950146627565985, 32.95210166177908, 32.95405669599218, 32.95503421309873, 32.95307917888563, 32.95992179863148, 32.960899315738025, 32.95796676441838, 32.95698924731183, 32.95601173020528, 32.95503421309873, 32.95503421309873, 32.951124144672534, 32.95210166177908, 32.94819159335288, 32.94916911045944, 32.94721407624634, 32.94428152492669, 32.94721407624633, 32.94721407624633, 32.950146627565985, 32.94819159335288, 32.94721407624633, 32.95210166177908, 32.956011730205276, 32.956011730205276, 32.956011730205276, 32.95307917888563, 32.95405669599218, 32.956011730205276, 32.95307917888563, 32.95405669599218, 32.95210166177908, 32.95894428152492, 32.95894428152493, 32.95405669599218, 32.951124144672534]",0.7770787407425754,0.7439940230062733,33,"[33, 33, 33, 33, 33, 33, 33, 33, 33, 33, 33, 33, 33, 33, 33, 33, 33, 33, 33, 33, 33, 33, 33, 33, 33, 33, 33, 33, 33, 33, 33, 33, 33, 33, 33, 33, 33, 33, 33, 33, 33, 33, 33, 33, 33, 33, 33, 33, 33, 33, 33, 33, 33, 33, 33, 33, 33, 33, 33, 33, 33, 33, 33, 33, 33, 33, 33, 33, 33, 33, 33, 33, 33, 33, 33, 33, 33, 33, 33, 33, 33, 33, 33, 33, 33, 33, 33, 33, 33, 33, 33, 33, 33, 33, 33, 33, 33, 33, 33, 33, 33, 33, 33, 33, 33, 33, 33, 33, 33, 33, 33, 33, 33, 33, 33, 33, 33, 33, 33, 33, 33, 33, 33, 33, 33, 33, 33, 33, 33, 33, 33, 33, 33, 33, 33, 33, 33, 33, 33, 33, 33, 33, 33, 33, 33, 33, 33, 33, 33, 33, 33, 33, 33, 33, 33, 33, 33, 33, 33, 33, 33, 33, 33, 33, 33, 33, 33, 33, 33, 33, 33, 33, 33, 33, 33, 33, 33, 33, 33, 33, 33, 33, 33, 33, 33, 33, 33, 33, 33, 33, 33, 33, 33, 33, 33]",195,"[0.5475996732711792, 0.49366825819015503, 0.46471720933914185, 0.4484940767288208, 0.43881621956825256, 0.4326885938644409, 0.42845994234085083, 0.4252362549304962, 0.42282795906066895, 0.42084527015686035, 0.41923266649246216, 0.41778290271759033, 0.416495680809021, 0.41532641649246216, 0.4142746031284332, 0.4132818579673767, 0.4124222993850708, 0.41152259707450867, 0.41068553924560547, 0.40987473726272583, 0.409087210893631, 0.4083642065525055, 0.4076248109340668, 0.40693795680999756, 0.40626633167266846, 0.4056159257888794, 0.4049982726573944, 0.40438175201416016, 0.40379852056503296, 0.40323594212532043, 0.40270960330963135, 0.40219467878341675, 0.40171486139297485, 0.40119633078575134, 0.400719553232193, 0.40026408433914185, 0.39981165528297424, 0.3993842303752899, 0.3989769220352173, 0.3985670208930969, 0.3981764316558838, 0.3977997899055481, 0.39744406938552856, 0.39708080887794495, 0.39670857787132263, 0.3963567316532135, 0.3960362672805786, 0.39571118354797363, 0.3953590393066406, 0.39503535628318787, 0.3947412371635437, 0.3944222629070282, 0.39412543177604675, 0.3938247263431549, 0.3935554623603821, 0.3932908773422241, 0.3930162489414215, 0.3927212655544281, 0.39245787262916565, 0.39218658208847046, 0.39190375804901123, 0.39165669679641724, 0.3913998305797577, 0.3911377191543579, 0.3909023702144623, 0.3906872570514679, 0.3904346227645874, 0.3902007043361664, 0.3899429738521576, 0.3897075951099396, 0.38946694135665894, 0.38925185799598694, 0.38901495933532715, 0.38878333568573, 0.3885499835014343, 0.38833996653556824, 0.38813430070877075, 0.38795432448387146, 0.38775262236595154, 0.3875636160373688, 0.3873465657234192, 0.3871341943740845, 0.3869025707244873, 0.38670480251312256, 0.3865075707435608, 0.38630375266075134, 0.38608893752098083, 0.38587820529937744, 0.38568514585494995, 0.38547733426094055, 0.38530099391937256, 0.3850880563259125, 0.38487136363983154, 0.3846769630908966, 0.3844867944717407, 0.3842892348766327, 0.384078711271286, 0.3838779330253601, 0.3836946189403534, 0.3835059702396393, 0.3833203613758087, 0.38313454389572144, 0.3829433023929596, 0.3827519118785858, 0.38256314396858215, 0.38237112760543823, 0.3822183310985565, 0.3820154070854187, 0.381835013628006, 0.3816387951374054, 0.3814438581466675, 0.3812733590602875, 0.38111305236816406, 0.3809150755405426, 0.3807345926761627, 0.38056862354278564, 0.3803914189338684, 0.3802281618118286, 0.3800298571586609, 0.3798479437828064, 0.37965667247772217, 0.3795079290866852, 0.37936508655548096, 0.3791949450969696, 0.37900540232658386, 0.37882861495018005, 0.37864020466804504, 0.3784487843513489, 0.3782832622528076, 0.37813326716423035, 0.3779561221599579, 0.37779343128204346, 0.37761494517326355, 0.3774133324623108, 0.3772338926792145, 0.377084881067276, 0.37694141268730164, 0.376770555973053, 0.37660980224609375, 0.3764221966266632, 0.3762497007846832, 0.37613120675086975, 0.3759354054927826, 0.37574663758277893, 0.375566303730011, 0.3753989338874817, 0.3752259314060211, 0.37506237626075745, 0.37487563490867615, 0.374694287776947, 0.37452542781829834, 0.37438446283340454, 0.3742061257362366, 0.37401553988456726, 0.3738301992416382, 0.37365153431892395, 0.3735012710094452, 0.37330326437950134, 0.3731285333633423, 0.37297138571739197, 0.37280815839767456, 0.37262821197509766, 0.3724503815174103, 0.37228867411613464, 0.3721388578414917, 0.37198013067245483, 0.371797651052475, 0.3716190755367279, 0.37147006392478943, 0.37128502130508423, 0.37111255526542664, 0.3709343373775482, 0.37079012393951416, 0.3706202805042267, 0.3704918622970581, 0.3703005909919739, 0.37012264132499695, 0.36998677253723145, 0.36981841921806335, 0.36965233087539673, 0.36949634552001953, 0.3693040609359741, 0.3691367208957672, 0.3689538538455963, 0.36878982186317444, 0.3685906231403351, 0.3684062659740448, 0.3682459592819214, 0.3680897057056427, 0.36792105436325073, 0.36775970458984375, 0.36758384108543396, 0.367404580116272, 0.36723750829696655, 0.3670763075351715]",33.0,"[33.0, 33.0, 33.0, 33.0, 33.0, 33.0, 33.0, 33.0, 33.0, 33.0, 33.0, 33.0, 33.0, 33.0, 33.0, 33.0, 33.0, 33.0, 33.0, 33.0, 33.0, 33.0, 33.0, 33.0, 33.0, 33.0, 33.0, 33.0, 33.0, 33.0, 33.0, 33.0, 33.0, 33.0, 33.0, 33.0, 33.0, 33.0, 33.0, 33.0, 33.0, 33.0, 33.0, 33.0, 33.0, 33.0, 33.0, 33.0, 33.0, 33.0, 33.0, 33.0, 33.0, 33.0, 33.0, 33.0, 33.0, 33.0, 33.0, 33.0, 33.0, 33.0, 33.0, 33.0, 33.0, 33.0, 33.0, 33.0, 33.0, 33.0, 33.0, 33.0, 33.0, 33.0, 33.0, 33.0, 33.0, 33.0, 33.0, 33.0, 33.0, 33.0, 33.0, 33.0, 33.0, 33.0, 33.0, 33.0, 33.0, 33.0, 33.0, 33.0, 33.0, 33.0, 33.0, 33.0, 33.0, 33.0, 33.0, 33.0, 33.0, 33.0, 33.0, 33.0, 33.0, 33.0, 33.0, 33.0, 33.0, 33.0, 33.0, 33.0, 33.0, 33.0, 33.0, 33.0, 33.0, 33.0, 33.0, 33.0, 33.0, 33.0, 33.0, 33.0, 33.0, 33.0, 33.0, 33.0, 33.0, 33.0, 33.0, 33.0, 33.0, 33.0, 33.0, 33.0, 33.0, 33.0, 33.0, 33.0, 33.0, 33.0, 33.0, 33.0, 33.0, 33.0, 33.0, 33.0, 33.0, 33.0, 33.0, 33.0, 33.0, 33.0, 33.0, 33.0, 33.0, 33.0, 33.0, 33.0, 33.0, 33.0, 33.0, 33.0, 33.0, 33.0, 33.0, 33.0, 33.0, 33.0, 33.0, 33.0, 33.0, 33.0, 33.0, 33.0, 33.0, 33.0, 33.0, 33.0, 33.0, 33.0, 33.0, 33.0, 33.0, 33.0, 33.0, 33.0, 33.0, 33.0, 33.0, 33.0, 33.0, 33.0, 33.0]",COMPLETE
