,number,value,datetime_start,datetime_complete,duration,params_batch_size_scaler,params_constant_learning_rate,params_depth,params_epochs,params_kernel_l2,params_num_trees,params_temperature,user_attrs_accuracy_test,user_attrs_accuracy_valid,user_attrs_approximate_feature_sparsity,user_attrs_approximate_feature_sparsity_history,user_attrs_approximate_weight_sparsity,user_attrs_approximate_weight_sparsity_history,user_attrs_auc_test,user_attrs_auc_valid,user_attrs_feature_sparsity,user_attrs_feature_sparsity_history,user_attrs_num_epochs,user_attrs_val_loss_history,user_attrs_weight_sparsity,user_attrs_weight_sparsity_history,state
47,47,0.7297471370972936,2024-08-31 02:25:28.972629,2024-08-31 02:29:38.069381,0 days 00:04:09.096752,16,0.06065227170363918,6,230,0.1093559648249113,80,0.000190459582895781,0.875,0.87,33,"[33, 33, 33, 33, 33, 33, 33, 33, 33, 33, 33, 33, 33, 33, 33, 33, 33, 33, 33, 33, 33, 33, 33, 33, 33, 33, 33, 33, 33, 33, 33, 33, 33, 33, 33, 33, 33, 33, 33, 33, 33, 33, 33, 33, 33, 33, 33, 33, 33, 33, 33, 33, 33, 33, 33, 33, 33, 33, 33, 33, 33, 33, 33, 33, 33, 33, 33, 33, 33, 33, 33, 33, 33, 33, 33, 33, 33, 33, 33, 33, 33, 33, 33, 33, 33, 33, 33, 33, 33, 33, 33, 33, 33, 33, 33, 33, 33, 33, 33, 33, 33, 33, 33, 33, 33, 33, 33, 33, 33, 33, 33, 33, 33, 33, 33, 33, 33, 33, 33, 33, 33, 33, 33, 33, 33, 33, 33, 33, 33, 33, 33, 33, 33, 33, 33, 33, 33, 33, 33, 33, 33, 33, 33, 33, 33, 33, 33, 33, 33, 33, 33, 33, 33, 33, 33, 33, 33, 33, 33, 33, 33, 33, 33, 33, 33, 33, 33, 33, 33, 33, 33, 33, 33, 33, 33, 33, 33, 33, 33, 33, 33, 33, 33, 33, 33, 33, 33, 33, 33, 33, 33, 33, 33, 33, 33, 33, 33, 33, 33, 33, 33, 33, 33, 33, 33, 33, 33, 33, 33, 33, 33, 33, 33, 33, 33, 33, 33, 33, 33, 33, 33, 33, 33, 33, 33, 33, 33, 33, 33, 33]",32.903373015873015,"[32.910515873015875, 32.909325396825395, 32.90674603174603, 32.904960317460315, 32.90416666666667, 32.90813492063492, 32.90833333333333, 32.90416666666667, 32.90694444444445, 32.906349206349205, 32.902976190476195, 32.90059523809524, 32.900198412698415, 32.90079365079365, 32.90079365079365, 32.901785714285715, 32.9015873015873, 32.904761904761905, 32.902976190476195, 32.90496031746032, 32.90674603174603, 32.907539682539685, 32.90555555555556, 32.90257936507937, 32.900198412698415, 32.90138888888889, 32.90456349206349, 32.905952380952385, 32.90555555555556, 32.90396825396825, 32.904761904761905, 32.90238095238095, 32.90257936507936, 32.903174603174605, 32.9031746031746, 32.90138888888889, 32.90099206349206, 32.90257936507936, 32.90575396825397, 32.90396825396826, 32.90337301587302, 32.90277777777778, 32.90555555555556, 32.903174603174605, 32.90734126984127, 32.909523809523805, 32.91150793650794, 32.909126984126985, 32.90892857142857, 32.90555555555555, 32.90238095238095, 32.89861111111111, 32.89960317460317, 32.90019841269841, 32.89920634920635, 32.901984126984125, 32.90238095238095, 32.903174603174605, 32.900198412698415, 32.8968253968254, 32.89861111111111, 32.899007936507935, 32.900198412698415, 32.897619047619045, 32.896031746031746, 32.896031746031746, 32.897420634920636, 32.898611111111116, 32.89801587301587, 32.89781746031746, 32.89761904761905, 32.90079365079365, 32.89920634920635, 32.89920634920635, 32.898809523809526, 32.90218253968254, 32.89960317460318, 32.899007936507935, 32.901785714285715, 32.902182539682535, 32.90218253968254, 32.900595238095235, 32.901587301587305, 32.90436507936508, 32.90595238095238, 32.903373015873015, 32.90416666666666, 32.90515873015873, 32.90555555555556, 32.90575396825397, 32.90535714285714, 32.906349206349205, 32.905952380952385, 32.90515873015873, 32.904960317460315, 32.90238095238095, 32.90357142857143, 32.906547619047615, 32.90694444444445, 32.90396825396826, 32.903769841269835, 32.901984126984125, 32.89980158730159, 32.903174603174605, 32.902976190476195, 32.90277777777778, 32.901984126984125, 32.90357142857143, 32.90257936507937, 32.901984126984125, 32.902182539682535, 32.901785714285715, 32.89821428571428, 32.899007936507935, 32.9015873015873, 32.9015873015873, 32.900595238095235, 32.902182539682535, 32.901785714285715, 32.90099206349207, 32.90297619047619, 32.90436507936508, 32.90396825396825, 32.90238095238095, 32.90277777777778, 32.90535714285714, 32.902976190476195, 32.903373015873015, 32.903373015873015, 32.90396825396825, 32.903174603174605, 32.90575396825397, 32.90734126984127, 32.90753968253968, 32.90496031746032, 32.90218253968254, 32.9, 32.900396825396825, 32.90099206349207, 32.90138888888889, 32.89960317460318, 32.898611111111116, 32.899007936507935, 32.898809523809526, 32.8984126984127, 32.9, 32.89940476190476, 32.897222222222226, 32.89543650793651, 32.89761904761905, 32.896230158730155, 32.89503968253968, 32.89563492063492, 32.89702380952381, 32.89781746031746, 32.897619047619045, 32.90138888888889, 32.90257936507937, 32.901984126984125, 32.903174603174605, 32.903373015873015, 32.903174603174605, 32.903174603174605, 32.90119047619048, 32.90099206349206, 32.89880952380952, 32.89821428571428, 32.8984126984127, 32.89821428571429, 32.89702380952381, 32.896031746031746, 32.89662698412698, 32.89484126984127, 32.89543650793651, 32.89642857142857, 32.89920634920635, 32.89801587301587, 32.900396825396825, 32.901984126984125, 32.90238095238095, 32.903769841269835, 32.9031746031746, 32.90357142857143, 32.90218253968254, 32.90138888888889, 32.90059523809524, 32.89960317460318, 32.89940476190476, 32.90059523809524, 32.904563492063495, 32.90496031746032, 32.90257936507936, 32.90218253968254, 32.901785714285715, 32.90277777777778, 32.90376984126984, 32.9015873015873, 32.89980158730159, 32.90099206349206, 32.89980158730159, 32.900000000000006, 32.89960317460317, 32.90198412698413, 32.901984126984125, 32.901587301587305, 32.900396825396825, 32.89861111111111, 32.8984126984127, 32.89980158730159, 32.90138888888889, 32.90257936507936, 32.90416666666666, 32.906349206349205, 32.906349206349205, 32.90813492063492, 32.90694444444444, 32.90555555555556, 32.90496031746032, 32.90555555555556, 32.904960317460315, 32.90416666666667, 32.903174603174605, 32.90376984126984, 32.90376984126984, 32.90357142857143, 32.90099206349206, 32.90277777777778, 32.90238095238095, 32.90396825396825, 32.903373015873015]",0.7645868938812241,0.7297471370972936,33,"[33, 33, 33, 33, 33, 33, 33, 33, 33, 33, 33, 33, 33, 33, 33, 33, 33, 33, 33, 33, 33, 33, 33, 33, 33, 33, 33, 33, 33, 33, 33, 33, 33, 33, 33, 33, 33, 33, 33, 33, 33, 33, 33, 33, 33, 33, 33, 33, 33, 33, 33, 33, 33, 33, 33, 33, 33, 33, 33, 33, 33, 33, 33, 33, 33, 33, 33, 33, 33, 33, 33, 33, 33, 33, 33, 33, 33, 33, 33, 33, 33, 33, 33, 33, 33, 33, 33, 33, 33, 33, 33, 33, 33, 33, 33, 33, 33, 33, 33, 33, 33, 33, 33, 33, 33, 33, 33, 33, 33, 33, 33, 33, 33, 33, 33, 33, 33, 33, 33, 33, 33, 33, 33, 33, 33, 33, 33, 33, 33, 33, 33, 33, 33, 33, 33, 33, 33, 33, 33, 33, 33, 33, 33, 33, 33, 33, 33, 33, 33, 33, 33, 33, 33, 33, 33, 33, 33, 33, 33, 33, 33, 33, 33, 33, 33, 33, 33, 33, 33, 33, 33, 33, 33, 33, 33, 33, 33, 33, 33, 33, 33, 33, 33, 33, 33, 33, 33, 33, 33, 33, 33, 33, 33, 33, 33, 33, 33, 33, 33, 33, 33, 33, 33, 33, 33, 33, 33, 33, 33, 33, 33, 33, 33, 33, 33, 33, 33, 33, 33, 33, 33, 33, 33, 33, 33, 33, 33, 33, 33, 33]",230,"[0.538137674331665, 0.4615296423435211, 0.43046891689300537, 0.4161337912082672, 0.40905651450157166, 0.40512552857398987, 0.40255963802337646, 0.40059611201286316, 0.3992401957511902, 0.3981470763683319, 0.39717915654182434, 0.3963615298271179, 0.39558684825897217, 0.394863486289978, 0.39417189359664917, 0.393522173166275, 0.3928869366645813, 0.3922712206840515, 0.39167284965515137, 0.39108675718307495, 0.39053165912628174, 0.39000338315963745, 0.38947609066963196, 0.3889467716217041, 0.3884395658969879, 0.387952983379364, 0.3874562382698059, 0.38697361946105957, 0.386520117521286, 0.3861083686351776, 0.3856799304485321, 0.38525429368019104, 0.38484370708465576, 0.3844326138496399, 0.38402366638183594, 0.38363921642303467, 0.3832610845565796, 0.38289332389831543, 0.3825327157974243, 0.3821793794631958, 0.38183659315109253, 0.3815254271030426, 0.3812156021595001, 0.38090792298316956, 0.380585253238678, 0.3802870213985443, 0.3799716830253601, 0.3796655535697937, 0.37936219573020935, 0.379108190536499, 0.37883079051971436, 0.37854763865470886, 0.37827563285827637, 0.3780187666416168, 0.3777737319469452, 0.3775208294391632, 0.3772934675216675, 0.37705257534980774, 0.3768029510974884, 0.37656494975090027, 0.37634336948394775, 0.37612637877464294, 0.3759009838104248, 0.3757120966911316, 0.3755086064338684, 0.3753013610839844, 0.37508299946784973, 0.37486475706100464, 0.3746744394302368, 0.37445583939552307, 0.37426263093948364, 0.3740687072277069, 0.37387216091156006, 0.37371742725372314, 0.3735388517379761, 0.3733742833137512, 0.37317344546318054, 0.3730083405971527, 0.37283244729042053, 0.3726527690887451, 0.37246623635292053, 0.3722866177558899, 0.3721262216567993, 0.3719622790813446, 0.37181565165519714, 0.3716530203819275, 0.37152206897735596, 0.3713653087615967, 0.37117812037467957, 0.37102335691452026, 0.37088173627853394, 0.37071651220321655, 0.3705693185329437, 0.3704206943511963, 0.37026187777519226, 0.37011703848838806, 0.3699629604816437, 0.3698178231716156, 0.3696725368499756, 0.36953312158584595, 0.3693928122520447, 0.3692716658115387, 0.3691437244415283, 0.3689933121204376, 0.36884966492652893, 0.3687339723110199, 0.3685809373855591, 0.3684636056423187, 0.3683456778526306, 0.3681885004043579, 0.36804673075675964, 0.36790430545806885, 0.36775264143943787, 0.36762604117393494, 0.3675072193145752, 0.36737826466560364, 0.3672698736190796, 0.3671330213546753, 0.36699312925338745, 0.36688628792762756, 0.366792768239975, 0.3666675090789795, 0.36653971672058105, 0.3664149045944214, 0.36630576848983765, 0.36618369817733765, 0.36606261134147644, 0.36594271659851074, 0.3658517599105835, 0.3657560646533966, 0.36564913392066956, 0.36550620198249817, 0.36538028717041016, 0.36527156829833984, 0.36517754197120667, 0.36505550146102905, 0.3649243116378784, 0.3648166358470917, 0.3646429181098938, 0.36452433466911316, 0.3643985092639923, 0.36426299810409546, 0.3641420602798462, 0.36403176188468933, 0.36392173171043396, 0.363802045583725, 0.36370185017585754, 0.3635684549808502, 0.3634546399116516, 0.36335334181785583, 0.3632337152957916, 0.3631160855293274, 0.363016813993454, 0.3629057705402374, 0.36279770731925964, 0.3627045750617981, 0.3625950217247009, 0.3624821901321411, 0.36238136887550354, 0.36228474974632263, 0.36213886737823486, 0.36201706528663635, 0.361892431974411, 0.3617877960205078, 0.36168015003204346, 0.3615647852420807, 0.3614359200000763, 0.36136406660079956, 0.36126452684402466, 0.3611663579940796, 0.36106249690055847, 0.3609287738800049, 0.36082255840301514, 0.3606870770454407, 0.3605903387069702, 0.3604358434677124, 0.3603445291519165, 0.3602573275566101, 0.36013543605804443, 0.36000382900238037, 0.3598933815956116, 0.35976508259773254, 0.3596886098384857, 0.3596206605434418, 0.3595157563686371, 0.35939228534698486, 0.3593035638332367, 0.3591902554035187, 0.35905230045318604, 0.35894352197647095, 0.3588140606880188, 0.35869547724723816, 0.3585969805717468, 0.35850948095321655, 0.35841014981269836, 0.35831955075263977, 0.3581714332103729, 0.35809096693992615, 0.35797980427742004, 0.35785579681396484, 0.35776248574256897, 0.3576699495315552, 0.3575505316257477, 0.35743603110313416, 0.35731974244117737, 0.3571973443031311, 0.3570883870124817, 0.35699883103370667, 0.35687410831451416, 0.3567422032356262, 0.3566526472568512, 0.3565329611301422, 0.3564192056655884, 0.3562845289707184, 0.3561728596687317, 0.3560654819011688, 0.3559548258781433, 0.3558735251426697, 0.35574305057525635, 0.35565048456192017, 0.3555430471897125, 0.35542333126068115, 0.3553101718425751, 0.35522693395614624, 0.35515058040618896, 0.3550301790237427, 0.3549116849899292, 0.354767769575119, 0.3546569347381592, 0.3545369803905487]",33.0,"[33.0, 33.0, 33.0, 33.0, 33.0, 33.0, 33.0, 33.0, 33.0, 33.0, 33.0, 33.0, 33.0, 33.0, 33.0, 33.0, 33.0, 33.0, 33.0, 33.0, 33.0, 33.0, 33.0, 33.0, 33.0, 33.0, 33.0, 33.0, 33.0, 33.0, 33.0, 33.0, 33.0, 33.0, 33.0, 33.0, 33.0, 33.0, 33.0, 33.0, 33.0, 33.0, 33.0, 33.0, 33.0, 33.0, 33.0, 33.0, 33.0, 33.0, 33.0, 33.0, 33.0, 33.0, 33.0, 33.0, 33.0, 33.0, 33.0, 33.0, 33.0, 33.0, 33.0, 33.0, 33.0, 33.0, 33.0, 33.0, 33.0, 33.0, 33.0, 33.0, 33.0, 33.0, 33.0, 33.0, 33.0, 33.0, 33.0, 33.0, 33.0, 33.0, 33.0, 33.0, 33.0, 33.0, 33.0, 33.0, 33.0, 33.0, 33.0, 33.0, 33.0, 33.0, 33.0, 33.0, 33.0, 33.0, 33.0, 33.0, 33.0, 33.0, 33.0, 33.0, 33.0, 33.0, 33.0, 33.0, 33.0, 33.0, 33.0, 33.0, 33.0, 33.0, 33.0, 33.0, 33.0, 33.0, 33.0, 33.0, 33.0, 33.0, 33.0, 33.0, 33.0, 33.0, 33.0, 33.0, 33.0, 33.0, 33.0, 33.0, 33.0, 33.0, 33.0, 33.0, 33.0, 33.0, 33.0, 33.0, 33.0, 33.0, 33.0, 33.0, 33.0, 33.0, 33.0, 33.0, 33.0, 33.0, 33.0, 33.0, 33.0, 33.0, 33.0, 33.0, 33.0, 33.0, 33.0, 33.0, 33.0, 33.0, 33.0, 33.0, 33.0, 33.0, 33.0, 33.0, 33.0, 33.0, 33.0, 33.0, 33.0, 33.0, 33.0, 33.0, 33.0, 33.0, 33.0, 33.0, 33.0, 33.0, 33.0, 33.0, 33.0, 33.0, 33.0, 33.0, 33.0, 33.0, 33.0, 33.0, 33.0, 33.0, 33.0, 33.0, 33.0, 33.0, 33.0, 33.0, 33.0, 33.0, 33.0, 33.0, 33.0, 33.0, 33.0, 33.0, 33.0, 33.0, 33.0, 33.0, 33.0, 33.0, 33.0, 33.0, 33.0, 33.0, 33.0, 33.0, 33.0, 33.0, 33.0, 33.0, 33.0, 33.0, 33.0, 33.0, 33.0, 33.0]",COMPLETE
