,number,value,datetime_start,datetime_complete,duration,params_batch_size_scaler,params_constant_learning_rate,params_depth,params_epochs,params_kernel_l2,params_num_trees,params_temperature,user_attrs_accuracy_test,user_attrs_accuracy_valid,user_attrs_approximate_feature_sparsity,user_attrs_approximate_feature_sparsity_history,user_attrs_approximate_weight_sparsity,user_attrs_approximate_weight_sparsity_history,user_attrs_auc_test,user_attrs_auc_valid,user_attrs_feature_sparsity,user_attrs_feature_sparsity_history,user_attrs_num_epochs,user_attrs_val_loss_history,user_attrs_weight_sparsity,user_attrs_weight_sparsity_history,state
57,57,0.7339014053664129,2024-08-31 02:46:05.220536,2024-08-31 02:49:45.012947,0 days 00:03:39.792411,1,1.1314226272497494,2,480,0.003395150543231467,79,0.01232625264433446,0.366,0.4175,1,"[1, 1, 1, 1, 1, 1, 1, 1, 1, 1, 1, 1, 1, 1, 1, 1, 1, 1, 1, 1, 1, 1, 1, 1, 1, 1, 1, 1, 1, 1, 1, 1, 1, 1, 1, 1, 1, 1, 1, 1, 1, 1, 1, 1, 1, 1, 1, 1, 1, 1, 1, 1, 1, 1, 1, 1, 1, 1, 1, 1, 1, 1, 1, 1, 1, 1, 1, 1, 1, 1, 1, 1, 1, 1, 1, 1, 1, 1, 1, 1, 1, 1, 1, 1, 1, 1, 1, 1, 1, 1, 1, 1, 1, 1, 1, 1, 1, 1, 1, 1, 1, 1, 1, 1, 1, 1, 1, 1, 1, 1, 1, 1, 1, 1, 1, 1, 1, 1, 1, 1, 1, 1, 1, 1, 1, 1, 1, 1, 1, 1, 1, 1, 1, 1, 1, 1, 1, 1, 1, 1, 1, 1, 1, 1, 1, 1, 1, 1, 1, 1, 1, 1, 1, 1, 1, 1, 1, 1, 1, 1, 1, 1, 1, 1, 1, 1, 1, 1, 1, 1, 1, 1, 1, 1, 1, 1, 1, 1, 1, 1, 1, 1, 1, 1, 1, 1, 1, 1, 1, 1, 1, 1, 1, 1, 1, 1, 1, 1, 1, 1, 1, 1, 1, 1, 1, 1, 1, 1, 1, 1, 1, 1, 1, 1, 1, 1, 1, 1, 1, 1, 1, 1, 1, 1, 1, 1, 1, 1, 1, 1, 1, 1, 1, 1, 1, 1, 1, 1, 1, 1, 1, 1, 1, 1, 1, 1, 1, 1, 1, 1, 1, 1, 1, 1, 1, 1, 1, 1, 1, 1, 1, 1, 1, 1, 1, 1, 1, 1, 1, 1, 1, 1, 1, 1, 1, 1, 1, 1, 1, 1, 1, 1, 1, 1, 1, 1, 1, 1, 1, 1, 1, 1, 1, 1, 1, 1, 1, 1, 1, 1, 1, 1, 1, 1, 1, 1, 1, 1, 1, 1, 1, 1, 1, 1, 1, 1, 1, 1, 1, 1, 1, 1, 1, 1, 1, 1, 1, 1, 1, 1, 1, 1, 1, 1, 1, 1, 1, 1, 1, 1, 1, 1, 1, 1, 1, 1, 1, 1, 1, 1, 1, 1, 1, 1, 1, 1, 1, 1, 1, 1, 1, 1, 1, 1, 1, 1, 1, 1, 1, 1, 1, 1, 1, 1, 1, 1, 1, 1, 1, 1, 1, 1, 1, 1, 1, 1, 1, 1, 1, 1, 1, 1, 1, 1, 1, 1, 1, 1, 1, 1, 1, 1, 1, 1, 1, 1, 1, 1, 1, 1, 1, 1, 1, 1, 1, 1, 1, 1, 1, 1, 1, 1, 1, 1, 1, 1, 1, 1, 1, 1, 1, 1, 1, 1, 1, 1, 1, 1, 1, 1, 1, 1, 1, 1, 1, 1, 1, 1, 1, 1, 1, 1, 1, 1, 1, 1, 1, 1, 1, 1, 1, 1, 1, 1, 1, 1, 1, 1, 1, 1, 1, 1, 1, 1, 1, 1, 1, 1, 1, 1]",0.02531645569620253,"[1.0, 1.0, 1.0, 1.0, 0.9957805907172996, 1.0, 0.9957805907172996, 0.9957805907172996, 0.9915611814345991, 0.9957805907172996, 0.9957805907172996, 0.9915611814345991, 0.9957805907172996, 0.9915611814345991, 0.9831223628691983, 0.9873417721518988, 0.9831223628691983, 0.9704641350210971, 0.9620253164556962, 0.9493670886075949, 0.9451476793248945, 0.9282700421940928, 0.9029535864978903, 0.8776371308016878, 0.8523206751054853, 0.8270042194092827, 0.810126582278481, 0.7637130801687764, 0.7552742616033755, 0.7426160337552743, 0.7088607594936709, 0.7046413502109705, 0.6835443037974683, 0.6751054852320675, 0.6624472573839663, 0.6497890295358649, 0.6286919831223629, 0.6118143459915611, 0.5822784810126582, 0.5527426160337553, 0.5232067510548524, 0.459915611814346, 0.4050632911392405, 0.38396624472573837, 0.3459915611814346, 0.3080168776371308, 0.27848101265822783, 0.25738396624472576, 0.23628691983122363, 0.21940928270042195, 0.18143459915611815, 0.1518987341772152, 0.14767932489451477, 0.13924050632911392, 0.11814345991561181, 0.11392405063291139, 0.11392405063291139, 0.10126582278481013, 0.10126582278481013, 0.10126582278481013, 0.08860759493670886, 0.08438818565400844, 0.0759493670886076, 0.06751054852320675, 0.06751054852320675, 0.06751054852320675, 0.06751054852320675, 0.06329113924050633, 0.05907172995780591, 0.05485232067510549, 0.05485232067510549, 0.05485232067510549, 0.05485232067510549, 0.05485232067510549, 0.05485232067510549, 0.05485232067510549, 0.05063291139240506, 0.05063291139240506, 0.05063291139240506, 0.05063291139240506, 0.05063291139240506, 0.05063291139240506, 0.05063291139240506, 0.05063291139240506, 0.05063291139240506, 0.05063291139240506, 0.05063291139240506, 0.05063291139240506, 0.05063291139240506, 0.05063291139240506, 0.05063291139240506, 0.05063291139240506, 0.05063291139240506, 0.046413502109704644, 0.046413502109704644, 0.046413502109704644, 0.046413502109704644, 0.046413502109704644, 0.046413502109704644, 0.046413502109704644, 0.046413502109704644, 0.04219409282700422, 0.04219409282700422, 0.04219409282700422, 0.04219409282700422, 0.04219409282700422, 0.04219409282700422, 0.04219409282700422, 0.04219409282700422, 0.04219409282700422, 0.04219409282700422, 0.04219409282700422, 0.0379746835443038, 0.0379746835443038, 0.0379746835443038, 0.0379746835443038, 0.0379746835443038, 0.0379746835443038, 0.0379746835443038, 0.0379746835443038, 0.0379746835443038, 0.0379746835443038, 0.0379746835443038, 0.0379746835443038, 0.0379746835443038, 0.0379746835443038, 0.0379746835443038, 0.0379746835443038, 0.0379746835443038, 0.0379746835443038, 0.0379746835443038, 0.0379746835443038, 0.0379746835443038, 0.0379746835443038, 0.0379746835443038, 0.0379746835443038, 0.0379746835443038, 0.0379746835443038, 0.03375527426160337, 0.03375527426160337, 0.03375527426160337, 0.03375527426160337, 0.03375527426160337, 0.03375527426160337, 0.03375527426160337, 0.03375527426160337, 0.03375527426160337, 0.029535864978902954, 0.029535864978902954, 0.029535864978902954, 0.029535864978902954, 0.029535864978902954, 0.029535864978902954, 0.029535864978902954, 0.029535864978902954, 0.029535864978902954, 0.029535864978902954, 0.029535864978902954, 0.029535864978902954, 0.029535864978902954, 0.029535864978902954, 0.029535864978902954, 0.029535864978902954, 0.029535864978902954, 0.029535864978902954, 0.029535864978902954, 0.029535864978902954, 0.029535864978902954, 0.029535864978902954, 0.029535864978902954, 0.029535864978902954, 0.029535864978902954, 0.029535864978902954, 0.029535864978902954, 0.029535864978902954, 0.029535864978902954, 0.029535864978902954, 0.029535864978902954, 0.02531645569620253, 0.02531645569620253, 0.02531645569620253, 0.02531645569620253, 0.02531645569620253, 0.02531645569620253, 0.02531645569620253, 0.02531645569620253, 0.02531645569620253, 0.02531645569620253, 0.02531645569620253, 0.02531645569620253, 0.02531645569620253, 0.02531645569620253, 0.02531645569620253, 0.02531645569620253, 0.02531645569620253, 0.02531645569620253, 0.02531645569620253, 0.02531645569620253, 0.02531645569620253, 0.02531645569620253, 0.02531645569620253, 0.02531645569620253, 0.02531645569620253, 0.02531645569620253, 0.02531645569620253, 0.02531645569620253, 0.02531645569620253, 0.02531645569620253, 0.02531645569620253, 0.02531645569620253, 0.02531645569620253, 0.02531645569620253, 0.02531645569620253, 0.02531645569620253, 0.02531645569620253, 0.02531645569620253, 0.02531645569620253, 0.02531645569620253, 0.02531645569620253, 0.02531645569620253, 0.02531645569620253, 0.02531645569620253, 0.02531645569620253, 0.02531645569620253, 0.02531645569620253, 0.02531645569620253, 0.02531645569620253, 0.02531645569620253, 0.02531645569620253, 0.02531645569620253, 0.02531645569620253, 0.02531645569620253, 0.02531645569620253, 0.02531645569620253, 0.02531645569620253, 0.02531645569620253, 0.02531645569620253, 0.02531645569620253, 0.02531645569620253, 0.02531645569620253, 0.02531645569620253, 0.02531645569620253, 0.02531645569620253, 0.02531645569620253, 0.02531645569620253, 0.02531645569620253, 0.02531645569620253, 0.02531645569620253, 0.02531645569620253, 0.02531645569620253, 0.02531645569620253, 0.02531645569620253, 0.02531645569620253, 0.02531645569620253, 0.02531645569620253, 0.02531645569620253, 0.02531645569620253, 0.02531645569620253, 0.02531645569620253, 0.02531645569620253, 0.02531645569620253, 0.02531645569620253, 0.02531645569620253, 0.02531645569620253, 0.02531645569620253, 0.02531645569620253, 0.02531645569620253, 0.02531645569620253, 0.02531645569620253, 0.02531645569620253, 0.02531645569620253, 0.02531645569620253, 0.02531645569620253, 0.02531645569620253, 0.02531645569620253, 0.02531645569620253, 0.02531645569620253, 0.02531645569620253, 0.02531645569620253, 0.02531645569620253, 0.02531645569620253, 0.02531645569620253, 0.02531645569620253, 0.02531645569620253, 0.02531645569620253, 0.02531645569620253, 0.02531645569620253, 0.02531645569620253, 0.02531645569620253, 0.02531645569620253, 0.02531645569620253, 0.02531645569620253, 0.02531645569620253, 0.02531645569620253, 0.02531645569620253, 0.02531645569620253, 0.02531645569620253, 0.02531645569620253, 0.02531645569620253, 0.02531645569620253, 0.02531645569620253, 0.02531645569620253, 0.02531645569620253, 0.02531645569620253, 0.02531645569620253, 0.02531645569620253, 0.02531645569620253, 0.02531645569620253, 0.02531645569620253, 0.02531645569620253, 0.02531645569620253, 0.02531645569620253, 0.02531645569620253, 0.02531645569620253, 0.02531645569620253, 0.02531645569620253, 0.02531645569620253, 0.02531645569620253, 0.02531645569620253, 0.02531645569620253, 0.02531645569620253, 0.02531645569620253, 0.02531645569620253, 0.02531645569620253, 0.02531645569620253, 0.02531645569620253, 0.02531645569620253, 0.02531645569620253, 0.02531645569620253, 0.02531645569620253, 0.02531645569620253, 0.02531645569620253, 0.02531645569620253, 0.02531645569620253, 0.02531645569620253, 0.02531645569620253, 0.02531645569620253, 0.02531645569620253, 0.02531645569620253, 0.02531645569620253, 0.02531645569620253, 0.02531645569620253, 0.02531645569620253, 0.02531645569620253, 0.02531645569620253, 0.02531645569620253, 0.02531645569620253, 0.02531645569620253, 0.02531645569620253, 0.02531645569620253, 0.02531645569620253, 0.02531645569620253, 0.02531645569620253, 0.02531645569620253, 0.02531645569620253, 0.02531645569620253, 0.02531645569620253, 0.02531645569620253, 0.02531645569620253, 0.02531645569620253, 0.02531645569620253, 0.02531645569620253, 0.02531645569620253, 0.02531645569620253, 0.02531645569620253, 0.02531645569620253, 0.02531645569620253, 0.02531645569620253, 0.02531645569620253, 0.02531645569620253, 0.02531645569620253, 0.02531645569620253, 0.02531645569620253, 0.02531645569620253, 0.02531645569620253, 0.02531645569620253, 0.02531645569620253, 0.02531645569620253, 0.02531645569620253, 0.02531645569620253, 0.02531645569620253, 0.02531645569620253, 0.02531645569620253, 0.02531645569620253, 0.02531645569620253, 0.02531645569620253, 0.02531645569620253, 0.02531645569620253, 0.02531645569620253, 0.02531645569620253, 0.02531645569620253, 0.02531645569620253, 0.02531645569620253, 0.02531645569620253, 0.02531645569620253, 0.02531645569620253, 0.02531645569620253, 0.02531645569620253, 0.02531645569620253, 0.02531645569620253, 0.02531645569620253, 0.02531645569620253, 0.02531645569620253, 0.02531645569620253, 0.02531645569620253, 0.02531645569620253, 0.02531645569620253, 0.02531645569620253, 0.02531645569620253, 0.02531645569620253, 0.02531645569620253, 0.02531645569620253, 0.02531645569620253, 0.02531645569620253, 0.02531645569620253, 0.02531645569620253, 0.02531645569620253, 0.02531645569620253, 0.02531645569620253, 0.02531645569620253, 0.02531645569620253, 0.02531645569620253, 0.02531645569620253, 0.02531645569620253, 0.02531645569620253, 0.02531645569620253, 0.02531645569620253, 0.02531645569620253, 0.02531645569620253, 0.02531645569620253, 0.02531645569620253, 0.02531645569620253, 0.02531645569620253, 0.02531645569620253, 0.02531645569620253, 0.02531645569620253, 0.02531645569620253, 0.02531645569620253, 0.02531645569620253, 0.02531645569620253, 0.02531645569620253, 0.02531645569620253, 0.02531645569620253, 0.02531645569620253, 0.02531645569620253, 0.02531645569620253, 0.02531645569620253, 0.02531645569620253, 0.02531645569620253, 0.02531645569620253, 0.02531645569620253, 0.02531645569620253, 0.02531645569620253, 0.02531645569620253, 0.02531645569620253, 0.02531645569620253, 0.02531645569620253, 0.02531645569620253, 0.02531645569620253, 0.02531645569620253, 0.02531645569620253, 0.02531645569620253, 0.02531645569620253, 0.02531645569620253, 0.02531645569620253, 0.02531645569620253, 0.02531645569620253, 0.02531645569620253, 0.02531645569620253, 0.02531645569620253, 0.02531645569620253, 0.02531645569620253, 0.02531645569620253, 0.02531645569620253, 0.02531645569620253, 0.02531645569620253, 0.02531645569620253, 0.02531645569620253, 0.02531645569620253, 0.02531645569620253]",0.7183018353850346,0.7339014053664129,1,"[1, 1, 1, 1, 1, 1, 1, 1, 1, 1, 1, 1, 1, 1, 1, 1, 1, 1, 1, 1, 1, 1, 1, 1, 1, 1, 1, 1, 1, 1, 1, 1, 1, 1, 1, 1, 1, 1, 1, 1, 1, 1, 1, 1, 1, 1, 1, 1, 1, 1, 1, 1, 1, 1, 1, 1, 1, 1, 1, 1, 1, 1, 1, 1, 1, 1, 1, 1, 1, 1, 1, 1, 1, 1, 1, 1, 1, 1, 1, 1, 1, 1, 1, 1, 1, 1, 1, 1, 1, 1, 1, 1, 1, 1, 1, 1, 1, 1, 1, 1, 1, 1, 1, 1, 1, 1, 1, 1, 1, 1, 1, 1, 1, 1, 1, 1, 1, 1, 1, 1, 1, 1, 1, 1, 1, 1, 1, 1, 1, 1, 1, 1, 1, 1, 1, 1, 1, 1, 1, 1, 1, 1, 1, 1, 1, 1, 1, 1, 1, 1, 1, 1, 1, 1, 1, 1, 1, 1, 1, 1, 1, 1, 1, 1, 1, 1, 1, 1, 1, 1, 1, 1, 1, 1, 1, 1, 1, 1, 1, 1, 1, 1, 1, 1, 1, 1, 1, 1, 1, 1, 1, 1, 1, 1, 1, 1, 1, 1, 1, 1, 1, 1, 1, 1, 1, 1, 1, 1, 1, 1, 1, 1, 1, 1, 1, 1, 1, 1, 1, 1, 1, 1, 1, 1, 1, 1, 1, 1, 1, 1, 1, 1, 1, 1, 1, 1, 1, 1, 1, 1, 1, 1, 1, 1, 1, 1, 1, 1, 1, 1, 1, 1, 1, 1, 1, 1, 1, 1, 1, 1, 1, 1, 1, 1, 1, 1, 1, 1, 1, 1, 1, 1, 1, 1, 1, 1, 1, 1, 1, 1, 1, 1, 1, 1, 1, 1, 1, 1, 1, 1, 1, 1, 1, 1, 1, 1, 1, 1, 1, 1, 1, 1, 1, 1, 1, 1, 1, 1, 1, 1, 1, 1, 1, 1, 1, 1, 1, 1, 1, 1, 1, 1, 1, 1, 1, 1, 1, 1, 1, 1, 1, 1, 1, 1, 1, 1, 1, 1, 1, 1, 1, 1, 1, 1, 1, 1, 1, 1, 1, 1, 1, 1, 1, 1, 1, 1, 1, 1, 1, 1, 1, 1, 1, 1, 1, 1, 1, 1, 1, 1, 1, 1, 1, 1, 1, 1, 1, 1, 1, 1, 1, 1, 1, 1, 1, 1, 1, 1, 1, 1, 1, 1, 1, 1, 1, 1, 1, 1, 1, 1, 1, 1, 1, 1, 1, 1, 1, 1, 1, 1, 1, 1, 1, 1, 1, 1, 1, 1, 1, 1, 1, 1, 1, 1, 1, 1, 1, 1, 1, 1, 1, 1, 1, 1, 1, 1, 1, 1, 1, 1, 1, 1, 1, 1, 1, 1, 1, 1, 1, 1, 1, 1, 1, 1, 1, 1, 1, 1, 1, 1, 1, 1, 1, 1, 1, 1, 1, 1, 1, 1, 1, 1, 1, 1, 1, 1, 1, 1, 1, 1]",480,"[1.460310935974121, 2.7019433975219727, 3.781682014465332, 1.3925285339355469, 0.7520063519477844, 0.9425414800643921, 1.6125530004501343, 0.5112151503562927, 1.2659095525741577, 2.03402042388916, 2.937002658843994, 2.391619920730591, 2.3419415950775146, 0.8906338214874268, 4.1805830001831055, 2.78177547454834, 4.049132347106934, 3.3660669326782227, 2.9287781715393066, 4.307412624359131, 3.2594480514526367, 0.6322657465934753, 2.4599242210388184, 3.670527458190918, 0.6599174737930298, 3.829974412918091, 2.9672298431396484, 0.7585017681121826, 1.0667041540145874, 0.625320315361023, 0.5887761116027832, 0.9394801259040833, 0.5129045248031616, 1.0685720443725586, 4.258153915405273, 0.711484968662262, 0.7869740128517151, 0.46276092529296875, 4.063161849975586, 2.8902158737182617, 2.7534189224243164, 3.6234915256500244, 1.4545371532440186, 0.9425367116928101, 1.2994879484176636, 4.900791168212891, 4.658231735229492, 0.5683485865592957, 0.6604214310646057, 1.1975780725479126, 0.6793533563613892, 0.7718638777732849, 2.1356618404388428, 4.065607070922852, 1.9250067472457886, 0.46803173422813416, 0.7241975665092468, 2.319446086883545, 0.7285544872283936, 2.7516043186187744, 1.1419322490692139, 2.222559928894043, 2.070939540863037, 0.6611678600311279, 0.4791110157966614, 0.44491812586784363, 0.5599529147148132, 1.1777530908584595, 7.608323574066162, 0.9341787695884705, 0.8005222082138062, 4.708438396453857, 0.7430888414382935, 0.7544623017311096, 0.4945869743824005, 1.2001591920852661, 0.5203035473823547, 1.4729405641555786, 4.290780067443848, 0.48986709117889404, 1.7305901050567627, 0.7218826413154602, 3.4813973903656006, 3.38972806930542, 1.0165202617645264, 1.2961225509643555, 0.9370086193084717, 1.488043189048767, 1.2174098491668701, 0.7973848581314087, 2.654526472091675, 0.9465250372886658, 3.586358070373535, 1.82133150100708, 5.262571811676025, 2.851038932800293, 0.9266109466552734, 2.1712284088134766, 1.2536147832870483, 4.766175746917725, 3.563535690307617, 0.539332389831543, 1.3247573375701904, 1.5876928567886353, 0.5421844720840454, 1.0455478429794312, 1.3667694330215454, 0.8699042797088623, 0.5947060585021973, 1.7574822902679443, 3.5073022842407227, 3.990459680557251, 0.684502124786377, 3.0611155033111572, 2.5329432487487793, 0.4675757884979248, 0.6687736511230469, 4.400337219238281, 1.933921217918396, 3.024061679840088, 0.7369000315666199, 0.6119962930679321, 3.0909743309020996, 0.8523324728012085, 1.6310904026031494, 0.6643039584159851, 1.1738407611846924, 1.1894862651824951, 0.6138947606086731, 0.6609100103378296, 0.6419114470481873, 0.6603060960769653, 3.786644220352173, 0.5979669690132141, 1.6536930799484253, 0.47801122069358826, 0.7190683484077454, 2.6685006618499756, 2.177030563354492, 1.1331231594085693, 0.44492465257644653, 1.5740246772766113, 1.4264640808105469, 7.234884738922119, 0.7236751317977905, 3.059262752532959, 1.4541816711425781, 0.9433762431144714, 1.092718482017517, 0.4150209426879883, 0.9537020325660706, 2.069417953491211, 1.4576692581176758, 0.5796244144439697, 1.8871238231658936, 3.676772117614746, 1.0406354665756226, 1.1346477270126343, 2.019082546234131, 2.3614919185638428, 1.043919324874878, 0.799062192440033, 0.4899640381336212, 0.6439440846443176, 0.47802475094795227, 0.8485636115074158, 1.1088855266571045, 2.7111005783081055, 2.0491578578948975, 0.9057105183601379, 1.263344645500183, 1.6761852502822876, 0.6926819086074829, 1.1048039197921753, 0.83759605884552, 3.3674399852752686, 1.3019366264343262, 0.6895866394042969, 2.1901257038116455, 0.6685295104980469, 2.1062374114990234, 0.6519575715065002, 2.802321672439575, 0.6121323704719543, 4.299921035766602, 0.6557657122612, 1.796705961227417, 0.5489500164985657, 0.6311976909637451, 4.205968856811523, 3.4376163482666016, 1.913368821144104, 1.6868994235992432, 0.7947946190834045, 1.4355285167694092, 1.2150468826293945, 3.6593024730682373, 0.5800403952598572, 4.178387641906738, 0.6319023370742798, 2.0407841205596924, 0.6105300784111023, 1.3152797222137451, 0.7238495349884033, 0.733569860458374, 0.6919775605201721, 3.5422849655151367, 2.1209020614624023, 1.7586045265197754, 0.6776955127716064, 0.7414014339447021, 2.756551504135132, 0.9191834926605225, 2.5094711780548096, 1.826784372329712, 1.1955254077911377, 0.6804117560386658, 1.4120299816131592, 2.0190346240997314, 1.0341359376907349, 0.7502515912055969, 0.5872709155082703, 0.5237581729888916, 0.6353490352630615, 0.5322102904319763, 1.0188554525375366, 1.7753491401672363, 1.580572247505188, 5.218926906585693, 0.5810205936431885, 0.9963537454605103, 1.1015812158584595, 0.8201006054878235, 3.7111895084381104, 0.7602536678314209, 3.3447017669677734, 3.0933444499969482, 0.6484585404396057, 0.5052454471588135, 0.9643968939781189, 0.971396267414093, 0.7832283973693848, 1.055384874343872, 2.262484312057495, 1.6520942449569702, 1.216640830039978, 3.42384672164917, 0.5615910887718201, 2.597587823867798, 2.4471633434295654, 1.5023635625839233, 0.5651525259017944, 0.699108898639679, 1.0274354219436646, 2.303039789199829, 4.915414333343506, 0.6121143698692322, 2.3123230934143066, 4.370874404907227, 0.733762264251709, 1.077555537223816, 1.530643343925476, 5.332744598388672, 3.7319655418395996, 0.5613470673561096, 2.3979198932647705, 4.530942440032959, 1.4385757446289062, 0.8175662755966187, 1.6772832870483398, 3.4506375789642334, 3.930760383605957, 0.43593811988830566, 1.0912450551986694, 4.565508842468262, 0.5867486596107483, 0.9251275062561035, 3.1176342964172363, 1.7346669435501099, 1.2555454969406128, 9.013044357299805, 1.1093659400939941, 0.6127570867538452, 1.0279223918914795, 2.610708713531494, 1.6398440599441528, 7.5062336921691895, 3.0334320068359375, 0.9031816720962524, 2.5171897411346436, 2.003349542617798, 2.5639655590057373, 0.5581722259521484, 1.4438138008117676, 0.5573214888572693, 2.204590082168579, 1.9811737537384033, 0.7743202447891235, 2.7991909980773926, 4.382371425628662, 1.0704079866409302, 4.089045524597168, 1.1629441976547241, 0.4872809648513794, 1.3390753269195557, 0.5041256546974182, 3.502180814743042, 0.5679471492767334, 0.6433950066566467, 3.834700584411621, 1.0374958515167236, 4.268613815307617, 0.6216621994972229, 0.49064940214157104, 2.0569286346435547, 2.496849775314331, 0.9647533893585205, 0.4835444986820221, 0.5652590394020081, 0.39880603551864624, 0.5685447454452515, 2.046769142150879, 4.210197448730469, 0.590244472026825, 2.8123552799224854, 1.0268654823303223, 4.6231584548950195, 0.5970406532287598, 0.894015908241272, 1.131193995475769, 0.5828009247779846, 1.3992741107940674, 0.5892804861068726, 0.8285912871360779, 1.134742021560669, 0.621544361114502, 1.4366517066955566, 1.5897828340530396, 2.0922493934631348, 1.4793367385864258, 2.804671049118042, 2.1843559741973877, 3.179523229598999, 0.911263108253479, 0.8056255578994751, 3.7301526069641113, 1.528826117515564, 0.5781422257423401, 3.4484336376190186, 0.9587841033935547, 2.8430299758911133, 0.6788358092308044, 0.8336493968963623, 0.8466455340385437, 0.7762053608894348, 1.2101435661315918, 0.6740036606788635, 1.6033598184585571, 0.5525112748146057, 2.0245254039764404, 3.260540246963501, 1.9706008434295654, 0.7041156888008118, 1.045957326889038, 0.5421876311302185, 0.869030773639679, 1.4758251905441284, 0.8668937087059021, 0.6617627143859863, 0.5298545956611633, 2.5137319564819336, 2.2978782653808594, 1.5291606187820435, 3.887143850326538, 1.170434594154358, 1.7833590507507324, 0.8394262790679932, 0.5277988910675049, 0.4672381579875946, 0.6793281435966492, 0.5366250872612, 2.977506637573242, 2.5555224418640137, 0.7691292762756348, 2.0321707725524902, 2.881009817123413, 2.4055070877075195, 2.0781047344207764, 0.4764297604560852, 0.6084447503089905, 0.46838122606277466, 1.9542657136917114, 1.5658979415893555, 1.76802659034729, 0.9114644527435303, 0.9072518348693848, 0.6677224636077881, 1.2960786819458008, 1.2156121730804443, 0.5494968891143799, 1.7649297714233398, 1.385583519935608, 2.9119255542755127, 1.1865969896316528, 0.9240430593490601, 1.914379596710205, 1.1167752742767334, 0.4670718312263489, 1.6109864711761475, 0.7232802510261536, 0.7650046348571777, 5.480596542358398, 0.7012899518013, 0.969523012638092, 0.5316704511642456, 0.5932842493057251, 0.5146420001983643, 0.6399514675140381, 1.731