,number,value,datetime_start,datetime_complete,duration,params_batch_size_scaler,params_constant_learning_rate,params_depth,params_epochs,params_kernel_l2,params_num_trees,params_temperature,user_attrs_accuracy_test,user_attrs_accuracy_valid,user_attrs_approximate_feature_sparsity,user_attrs_approximate_feature_sparsity_history,user_attrs_approximate_weight_sparsity,user_attrs_approximate_weight_sparsity_history,user_attrs_auc_test,user_attrs_auc_valid,user_attrs_feature_sparsity,user_attrs_feature_sparsity_history,user_attrs_num_epochs,user_attrs_val_loss_history,user_attrs_weight_sparsity,user_attrs_weight_sparsity_history,state
139,139,0.5,2024-08-31 05:48:40.471162,2024-08-31 05:48:47.137578,0 days 00:00:06.666416,4,7.736877843886887,2,30,0.5881902385859294,8,0.0036126274036926355,0.859,0.85875,0,"[0, 3, 0, 0, 0, 0, 0, 0, 0, 0, 0, 0, 0, 0, 0, 0, 0, 0, 0, 0, 0, 0, 0, 0, 0, 0, 0, 0, 0, 0]",0.0,"[0.0, 3.0, 0.0, 0.0, 0.0, 0.0, 0.0, 0.0, 0.0, 0.0, 0.0, 0.0, 0.0, 0.0, 0.0, 0.0, 0.0, 0.0, 0.0, 0.0, 0.0, 0.0, 0.0, 0.0, 0.0, 0.0, 0.0, 0.0, 0.0, 0.0]",0.5,0.5,0,"[0, 3, 0, 0, 0, 0, 0, 0, 0, 0, 0, 0, 0, 0, 0, 0, 0, 0, 0, 0, 0, 0, 0, 0, 0, 0, 0, 0, 0, 0]",30,"[2.698448419570923, 11.408381462097168, 1.5175517797470093, 4.895946979522705, 4.814789772033691, 7.5998945236206055, 0.778537929058075, 0.872124195098877, 8.317802429199219, 0.7725950479507446, 3.822570562362671, 0.7206377983093262, 2.468510389328003, 4.037878036499023, 8.908995628356934, 8.73577880859375, 5.041204452514648, 3.2403955459594727, 2.1654274463653564, 2.8136603832244873, 8.852496147155762, 2.1927716732025146, 8.448769569396973, 5.857739448547363, 5.161834239959717, 6.19705867767334, 3.143575668334961, 9.895127296447754, 7.990675449371338, 4.264729976654053]",0.0,"[0.0, 3.0, 0.0, 0.0, 0.0, 0.0, 0.0, 0.0, 0.0, 0.0, 0.0, 0.0, 0.0, 0.0, 0.0, 0.0, 0.0, 0.0, 0.0, 0.0, 0.0, 0.0, 0.0, 0.0, 0.0, 0.0, 0.0, 0.0, 0.0, 0.0]",COMPLETE
140,140,0.9233167162602569,2024-08-31 05:48:47.145647,2024-08-31 05:49:05.053596,0 days 00:00:17.907949,1,0.06153895900133222,2,35,0.04982046338810934,80,0.0003573460929904027,0.922,0.92125,33,"[33, 33, 33, 33, 33, 33, 33, 33, 33, 33, 33, 33, 33, 33, 33, 33, 33, 33, 33, 33, 33, 33, 33, 33, 33, 33, 33, 33, 33, 33, 33, 33, 33, 33, 33]",32.983333333333334,"[32.983333333333334, 32.983333333333334, 32.97083333333333, 32.975, 32.983333333333334, 32.99583333333334, 32.96666666666667, 32.97083333333333, 32.96666666666667, 32.983333333333334, 32.9625, 32.975, 32.9875, 32.96666666666667, 32.96666666666667, 32.97916666666667, 32.983333333333334, 32.97083333333333, 32.9875, 32.96666666666667, 32.9875, 32.97916666666667, 32.983333333333334, 32.96666666666667, 32.983333333333334, 32.97083333333333, 32.96666666666667, 32.96666666666667, 32.975, 32.958333333333336, 32.99166666666667, 32.9875, 32.962500000000006, 32.975, 32.983333333333334]",0.9039291936029854,0.9233167162602569,33,"[33, 33, 33, 33, 33, 33, 33, 33, 33, 33, 33, 33, 33, 33, 33, 33, 33, 33, 33, 33, 33, 33, 33, 33, 33, 33, 33, 33, 33, 33, 33, 33, 33, 33, 33]",35,"[0.4293995201587677, 0.37593430280685425, 0.3605070412158966, 0.3569917380809784, 0.35188624262809753, 0.3392516076564789, 0.33433032035827637, 0.3314599096775055, 0.3258100748062134, 0.316160649061203, 0.31036171317100525, 0.2995591163635254, 0.30395689606666565, 0.2862014174461365, 0.28661948442459106, 0.27165234088897705, 0.26376333832740784, 0.26065850257873535, 0.25690850615501404, 0.25371310114860535, 0.2505960166454315, 0.2504934072494507, 0.24616485834121704, 0.24039897322654724, 0.23906412720680237, 0.23790088295936584, 0.2332334667444229, 0.24062301218509674, 0.22981609404087067, 0.23979267477989197, 0.2210777997970581, 0.22159850597381592, 0.2251860499382019, 0.22381208837032318, 0.2209935188293457]",33.0,"[33.0, 33.0, 33.0, 33.0, 33.0, 33.0, 33.0, 33.0, 33.0, 33.0, 33.0, 33.0, 33.0, 33.0, 33.0, 33.0, 33.0, 33.0, 33.0, 33.0, 33.0, 33.0, 33.0, 33.0, 33.0, 33.0, 33.0, 33.0, 33.0, 33.0, 33.0, 33.0, 33.0, 33.0, 33.0]",COMPLETE
141,141,0.5,2024-08-31 05:49:07.582268,2024-08-31 05:58:50.644120,0 days 00:09:43.061852,4,5.130977482860243,6,270,0.013396026410550127,91,0.03328423554238523,0.859,0.85875,0,"[0, 0, 0, 0, 0, 0, 0, 0, 0, 0, 0, 0, 0, 0, 0, 0, 0, 0, 0, 0, 0, 0, 0, 0, 0, 0, 0, 0, 0, 0, 0, 0, 0, 0, 0, 0, 0, 0, 0, 0, 0, 0, 0, 0, 0, 0, 0, 0, 0, 0, 0, 0, 0, 0, 0, 0, 0, 0, 0, 0, 0, 0, 0, 0, 0, 0, 0, 0, 0, 0, 0, 0, 0, 0, 0, 0, 0, 0, 0, 0, 0, 0, 0, 0, 0, 0, 0, 0, 0, 0, 0, 0, 0, 0, 0, 0, 0, 0, 0, 0, 0, 0, 0, 0, 0, 0, 0, 0, 0, 0, 0, 0, 0, 0, 0, 0, 0, 0, 0, 0, 0, 0, 0, 0, 0, 0, 0, 0, 0, 0, 0, 0, 0, 0, 0, 0, 0, 0, 0, 0, 0, 0, 0, 0, 0, 0, 0, 0, 0, 0, 0, 0, 0, 0, 0, 0, 0, 0, 0, 0, 0, 0, 0, 0, 0, 0, 0, 0, 0, 0, 0, 0, 0, 0, 0, 0, 0, 0, 0, 0, 0, 0, 0, 0, 0, 0, 0, 0, 0, 0, 0, 0, 0, 0, 0, 0, 0, 0, 0, 0, 0, 0, 0, 0, 0, 0, 0, 0, 0, 0, 0, 0, 0, 0, 0, 0, 0, 0, 0, 0, 0, 0, 0, 0, 0, 0, 0, 0, 0, 0, 0, 0, 0, 0, 0, 0, 0, 0, 0, 0, 0, 0, 0, 0, 0, 0, 0, 0, 0, 0, 0, 0, 0, 0, 0, 0, 0, 0, 0, 0, 0, 0, 0, 0, 0, 0, 0, 0, 0, 0]",0.0,"[0.0, 0.0, 0.0, 0.0, 0.0, 0.0, 0.0, 0.0, 0.0, 0.0, 0.0, 0.0, 0.0, 0.0, 0.0, 0.0, 0.0, 0.0, 0.0, 0.0, 0.0, 0.0, 0.0, 0.0, 0.0, 0.0, 0.0, 0.0, 0.0, 0.0, 0.0, 0.0, 0.0, 0.0, 0.0, 0.0, 0.0, 0.0, 0.0, 0.0, 0.0, 0.0, 0.0, 0.0, 0.0, 0.0, 0.0, 0.0, 0.0, 0.0, 0.0, 0.0, 0.0, 0.0, 0.0, 0.0, 0.0, 0.0, 0.0, 0.0, 0.0, 0.0, 0.0, 0.0, 0.0, 0.0, 0.0, 0.0, 0.0, 0.0, 0.0, 0.0, 0.0, 0.0, 0.0, 0.0, 0.0, 0.0, 0.0, 0.0, 0.0, 0.0, 0.0, 0.0, 0.0, 0.0, 0.0, 0.0, 0.0, 0.0, 0.0, 0.0, 0.0, 0.0, 0.0, 0.0, 0.0, 0.0, 0.0, 0.0, 0.0, 0.0, 0.0, 0.0, 0.0, 0.0, 0.0, 0.0, 0.0, 0.0, 0.0, 0.0, 0.0, 0.0, 0.0, 0.0, 0.0, 0.0, 0.0, 0.0, 0.0, 0.0, 0.0, 0.0, 0.0, 0.0, 0.0, 0.0, 0.0, 0.0, 0.0, 0.0, 0.0, 0.0, 0.0, 0.0, 0.0, 0.0, 0.0, 0.0, 0.0, 0.0, 0.0, 0.0, 0.0, 0.0, 0.0, 0.0, 0.0, 0.0, 0.0, 0.0, 0.0, 0.0, 0.0, 0.0, 0.0, 0.0, 0.0, 0.0, 0.0, 0.0, 0.0, 0.0, 0.0, 0.0, 0.0, 0.0, 0.0, 0.0, 0.0, 0.0, 0.0, 0.0, 0.0, 0.0, 0.0, 0.0, 0.0, 0.0, 0.0, 0.0, 0.0, 0.0, 0.0, 0.0, 0.0, 0.0, 0.0, 0.0, 0.0, 0.0, 0.0, 0.0, 0.0, 0.0, 0.0, 0.0, 0.0, 0.0, 0.0, 0.0, 0.0, 0.0, 0.0, 0.0, 0.0, 0.0, 0.0, 0.0, 0.0, 0.0, 0.0, 0.0, 0.0, 0.0, 0.0, 0.0, 0.0, 0.0, 0.0, 0.0, 0.0, 0.0, 0.0, 0.0, 0.0, 0.0, 0.0, 0.0, 0.0, 0.0, 0.0, 0.0, 0.0, 0.0, 0.0, 0.0, 0.0, 0.0, 0.0, 0.0, 0.0, 0.0, 0.0, 0.0, 0.0, 0.0, 0.0, 0.0, 0.0, 0.0, 0.0, 0.0, 0.0, 0.0, 0.0, 0.0, 0.0, 0.0, 0.0, 0.0, 0.0, 0.0, 0.0, 0.0, 0.0, 0.0, 0.0, 0.0]",0.5,0.5,0,"[0, 0, 0, 0, 0, 0, 0, 0, 0, 0, 0, 0, 0, 0, 0, 0, 0, 0, 0, 0, 0, 0, 0, 0, 0, 0, 0, 0, 0, 0, 0, 0, 0, 0, 0, 0, 0, 0, 0, 0, 0, 0, 0, 0, 0, 0, 0, 0, 0, 0, 0, 0, 0, 0, 0, 0, 0, 0, 0, 0, 0, 0, 0, 0, 0, 0, 0, 0, 0, 0, 0, 0, 0, 0, 0, 0, 0, 0, 0, 0, 0, 0, 0, 0, 0, 0, 0, 0, 0, 0, 0, 0, 0, 0, 0, 0, 0, 0, 0, 0, 0, 0, 0, 0, 0, 0, 0, 0, 0, 0, 0, 0, 0, 0, 0, 0, 0, 0, 0, 0, 0, 0, 0, 0, 0, 0, 0, 0, 0, 0, 0, 0, 0, 0, 0, 0, 0, 0, 0, 0, 0, 0, 0, 0, 0, 0, 0, 0, 0, 0, 0, 0, 0, 0, 0, 0, 0, 0, 0, 0, 0, 0, 0, 0, 0, 0, 0, 0, 0, 0, 0, 0, 0, 0, 0, 0, 0, 0, 0, 0, 0, 0, 0, 0, 0, 0, 0, 0, 0, 0, 0, 0, 0, 0, 0, 0, 0, 0, 0, 0, 0, 0, 0, 0, 0, 0, 0, 0, 0, 0, 0, 0, 0, 0, 0, 0, 0, 0, 0, 0, 0, 0, 0, 0, 0, 0, 0, 0, 0, 0, 0, 0, 0, 0, 0, 0, 0, 0, 0, 0, 0, 0, 0, 0, 0, 0, 0, 0, 0, 0, 0, 0, 0, 0, 0, 0, 0, 0, 0, 0, 0, 0, 0, 0, 0, 0, 0, 0, 0, 0]",270,"[0.5014970898628235, 0.40731099247932434, 0.40742748975753784, 0.4295341968536377, 0.4245331585407257, 0.41088494658470154, 0.4361123740673065, 0.4502430260181427, 0.41294729709625244, 0.47686511278152466, 0.44350382685661316, 0.40722838044166565, 0.4420924782752991, 0.5178530216217041, 0.5753636360168457, 0.42847809195518494, 0.4098506569862366, 0.44568729400634766, 0.4509360194206238, 0.4459669888019562, 0.4143369793891907, 0.43762749433517456, 0.4556986689567566, 0.4971875250339508, 0.4072325825691223, 0.4766348600387573, 0.5582635998725891, 0.41092395782470703, 0.4074172079563141, 0.4601131081581116, 0.4186641275882721, 0.42107918858528137, 0.41730427742004395, 0.6401541829109192, 0.41174089908599854, 0.42377716302871704, 0.41110512614250183, 0.4316210448741913, 0.40779969096183777, 0.4299120604991913, 0.4205520749092102, 0.43182846903800964, 0.45242613554000854, 0.4311835765838623, 0.43081989884376526, 0.5789664387702942, 0.4105665683746338, 0.47046542167663574, 0.443480908870697, 0.4115329086780548, 0.46945828199386597, 0.408302903175354, 0.4097157418727875, 0.41148263216018677, 0.5075145363807678, 0.42145097255706787, 0.45689165592193604, 0.42055580019950867, 0.4088789224624634, 0.4072279632091522, 0.42257484793663025, 0.4076896905899048, 0.40734294056892395, 0.4133131504058838, 0.4402991235256195, 0.44905173778533936, 0.5126741528511047, 0.40897515416145325, 0.4443064033985138, 0.44617336988449097, 0.4072270095348358, 0.4765380918979645, 0.41225355863571167, 0.4595085382461548, 0.5584600567817688, 0.4750918447971344, 0.42338839173316956, 0.5423223376274109, 0.4072628915309906, 0.4224298894405365, 0.41970714926719666, 0.44450438022613525, 0.4144425094127655, 0.4076879620552063, 0.4107423722743988, 0.4149083197116852, 0.42228126525878906, 0.4318715035915375, 0.50492924451828, 0.42340779304504395, 0.6189568042755127, 0.4074840843677521, 0.44088366627693176, 0.4440317451953888, 0.7020615339279175, 0.46811768412590027, 0.4935329854488373, 0.4114917516708374, 0.40964317321777344, 0.5078933238983154, 0.41070008277893066, 0.4139522910118103, 0.4277028739452362, 0.45267540216445923, 0.5187683701515198, 0.40833720564842224, 0.4074019491672516, 0.4171631634235382, 0.4297015070915222, 0.42355814576148987, 0.49340564012527466, 0.5302715301513672, 0.4357735514640808, 0.4191378653049469, 0.4078289270401001, 0.4463770389556885, 0.5250915288925171, 0.56244957447052, 0.4140886068344116, 0.4119490385055542, 0.40787768363952637, 0.6020317673683167, 0.4100245237350464, 0.4333718419075012, 0.49894633889198303, 0.4406231641769409, 0.580585241317749, 0.40747055411338806, 0.46706661581993103, 0.4224049746990204, 0.4206676483154297, 0.4159020185470581, 0.41400885581970215, 0.42255669832229614, 0.46936866641044617, 0.7177627086639404, 0.43893668055534363, 0.6874698400497437, 0.5511847138404846, 0.4712269902229309, 0.4206773340702057, 0.4882407486438751, 0.4481743276119232, 0.5144101977348328, 0.40738531947135925, 0.4698110818862915, 0.41605255007743835, 0.48040610551834106, 0.4223005771636963, 0.41743046045303345, 0.42737120389938354, 0.42160674929618835, 0.4295894503593445, 0.49860653281211853, 0.6645848751068115, 0.4674563705921173, 0.528425931930542, 0.41024085879325867, 0.4267160892486572, 0.4182825982570648, 0.42068278789520264, 0.40746480226516724, 0.4099569618701935, 0.47394371032714844, 0.41812244057655334, 0.42053499817848206, 0.4537743031978607, 0.4072340130805969, 0.5151259303092957, 0.41042107343673706, 0.588146984577179, 0.4072401523590088, 0.40833646059036255, 0.4581284821033478, 0.40786978602409363, 0.4209299087524414, 0.4076959192752838, 0.5317442417144775, 0.4690547287464142, 0.5602920055389404, 0.4922778308391571, 0.4085490107536316, 0.494159460067749, 0.46360623836517334, 0.40987616777420044, 0.4670739471912384, 0.4181886911392212, 0.6636062860488892, 0.42274177074432373, 0.4229269325733185, 0.4953879117965698, 0.41570788621902466, 0.4170719385147095, 0.44279393553733826, 0.4264661371707916, 0.4100967347621918, 0.6219279170036316, 0.432523638010025, 0.4092005789279938, 0.5399935245513916, 0.4104103147983551, 0.41585391759872437, 0.4435661733150482, 0.5313119292259216, 0.4072335362434387, 0.594657301902771, 0.4264552593231201, 0.41054973006248474, 0.42661404609680176, 0.45630303025245667, 0.4157560467720032, 0.4109131693840027, 0.42083507776260376, 0.4072301983833313, 0.4307571053504944, 0.41081374883651733, 0.4864639341831207, 0.41411498188972473, 0.4072267413139343, 0.42194870114326477, 0.45179954171180725, 0.46125659346580505, 0.4229689836502075, 0.44542017579078674, 0.41670382022857666, 0.40726566314697266, 0.4199853837490082, 0.4290606677532196, 0.4186995327472687, 0.40724846720695496, 0.40746310353279114, 0.4095418453216553, 0.46700814366340637, 0.43135955929756165, 0.4312952160835266, 0.41025310754776, 0.44848567247390747, 0.43116089701652527, 0.41281265020370483, 0.620815098285675, 0.4119221568107605, 0.48707133531570435, 0.40863409638404846, 0.4099324941635132, 0.4195680618286133, 0.40725991129875183, 0.4112512469291687, 0.42284655570983887, 0.5285289287567139, 0.419712632894516, 0.40875244140625, 0.49117207527160645, 0.5789377689361572, 0.40722671151161194, 0.8305256366729736, 0.4440186321735382, 0.438411146402359, 0.4341243803501129, 0.44110289216041565, 0.43738749623298645, 0.4265780746936798, 0.5048439502716064, 0.43313026428222656, 0.4189858138561249, 0.562218964099884, 0.4531666040420532, 0.45116886496543884, 0.4076478183269501, 0.44628116488456726, 0.40722692012786865]",0.0,"[0.0, 0.0, 0.0, 0.0, 0.0, 0.0, 0.0, 0.0, 0.0, 0.0, 0.0, 0.0, 0.0, 0.0, 0.0, 0.0, 0.0, 0.0, 0.0, 0.0, 0.0, 0.0, 0.0, 0.0, 0.0, 0.0, 0.0, 0.0, 0.0, 0.0, 0.0, 0.0, 0.0, 0.0, 0.0, 0.0, 0.0, 0.0, 0.0, 0.0, 0.0, 0.0, 0.0, 0.0, 0.0, 0.0, 0.0, 0.0, 0.0, 0.0, 0.0, 0.0, 0.0, 0.0, 0.0, 0.0, 0.0, 0.0, 0.0, 0.0, 0.0, 0.0, 0.0, 0.0, 0.0, 0.0, 0.0, 0.0, 0.0, 0.0, 0.0, 0.0, 0.0, 0.0, 0.0, 0.0, 0.0, 0.0, 0.0, 0.0, 0.0, 0.0, 0.0, 0.0, 0.0, 0.0, 0.0, 0.0, 0.0, 0.0, 0.0, 0.0, 0.0, 0.0, 0.0, 0.0, 0.0, 0.0, 0.0, 0.0, 0.0, 0.0, 0.0, 0.0, 0.0, 0.0, 0.0, 0.0, 0.0, 0.0, 0.0, 0.0, 0.0, 0.0, 0.0, 0.0, 0.0, 0.0, 0.0, 0.0, 0.0, 0.0, 0.0, 0.0, 0.0, 0.0, 0.0, 0.0, 0.0, 0.0, 0.0, 0.0, 0.0, 0.0, 0.0, 0.0, 0.0, 0.0, 0.0, 0.0, 0.0, 0.0, 0.0, 0.0, 0.0, 0.0, 0.0, 0.0, 0.0, 0.0, 0.0, 0.0, 0.0, 0.0, 0.0, 0.0, 0.0, 0.0, 0.0, 0.0, 0.0, 0.0, 0.0, 0.0, 0.0, 0.0, 0.0, 0.0, 0.0, 0.0, 0.0, 0.0, 0.0, 0.0, 0.0, 0.0, 0.0, 0.0, 0.0, 0.0, 0.0, 0.0, 0.0, 0.0, 0.0, 0.0, 0.0, 0.0, 0.0, 0.0, 0.0, 0.0, 0.0, 0.0, 0.0, 0.0, 0.0, 0.0, 0.0, 0.0, 0.0, 0.0, 0.0, 0.0, 0.0, 0.0, 0.0, 0.0, 0.0, 0.0, 0.0, 0.0, 0.0, 0.0, 0.0, 0.0, 0.0, 0.0, 0.0, 0.0, 0.0, 0.0, 0.0, 0.0, 0.0, 0.0, 0.0, 0.0, 0.0, 0.0, 0.0, 0.0, 0.0, 0.0, 0.0, 0.0, 0.0, 0.0, 0.0, 0.0, 0.0, 0.0, 0.0, 0.0, 0.0, 0.0, 0.0, 0.0, 0.0, 0.0, 0.0, 0.0, 0.0, 0.0, 0.0, 0.0, 0.0, 0.0, 0.0, 0.0, 0.0, 0.0, 0.0, 0.0, 0.0, 0.0, 0.0, 0.0, 0.0, 0.0]",COMPLETE
