,number,value,datetime_start,datetime_complete,duration,params_batch_size_scaler,params_constant_learning_rate,params_depth,params_epochs,params_kernel_l2,params_num_trees,params_temperature,user_attrs_accuracy_test,user_attrs_accuracy_valid,user_attrs_approximate_feature_sparsity,user_attrs_approximate_feature_sparsity_history,user_attrs_approximate_weight_sparsity,user_attrs_approximate_weight_sparsity_history,user_attrs_auc_test,user_attrs_auc_valid,user_attrs_feature_sparsity,user_attrs_feature_sparsity_history,user_attrs_num_epochs,user_attrs_val_loss_history,user_attrs_weight_sparsity,user_attrs_weight_sparsity_history,state
8,8,0.9264662312735892,2024-08-31 00:53:48.287238,2024-08-31 00:55:18.812349,0 days 00:01:30.525111,16,0.345796472159481,4,425,0.06480368019603679,35,0.005776184714487218,0.93,0.94375,15,"[33, 33, 33, 33, 33, 33, 33, 33, 33, 33, 33, 33, 33, 33, 33, 33, 33, 33, 33, 33, 33, 33, 33, 32, 27, 25, 21, 19, 17, 17, 16, 15, 15, 15, 15, 15, 15, 15, 15, 15, 15, 15, 15, 15, 15, 15, 15, 15, 15, 15, 15, 15, 15, 15, 15, 15, 15, 15, 15, 15, 15, 15, 15, 15, 15, 15, 15, 15, 15, 15, 15, 15, 15, 15, 15, 15, 15, 15, 15, 15, 15, 15, 15, 15, 15, 15, 15, 15, 15, 15, 15, 15, 15, 15, 15, 15, 15, 15, 15, 15, 15, 15, 15, 15, 15, 15, 15, 15, 15, 15, 15, 15, 15, 15, 15, 15, 15, 15, 15, 15, 15, 15, 15, 15, 15, 15, 15, 15, 15, 15, 15, 15, 15, 15, 15, 15, 15, 15, 15, 15, 15, 15, 15, 15, 15, 15, 15, 15, 15, 15, 15, 15, 15, 15, 15, 15, 15, 15, 15, 15, 15, 15, 15, 15, 15, 15, 15, 15, 15, 15, 15, 15, 15, 15, 15, 15, 15, 15, 15, 15, 15, 15, 15, 15, 15, 15, 15, 15, 15, 15, 15, 15, 15, 15, 15, 15, 15, 15, 15, 15, 15, 15, 15, 15, 15, 15, 15, 15, 15, 15, 15, 15, 15, 15, 15, 15, 15, 15, 15, 15, 15, 15, 15, 15, 15, 15, 15, 15, 15, 15, 15, 15, 15, 15, 15, 15, 15, 15, 15, 15, 15, 15, 15, 15, 15, 15, 15, 15, 15, 15, 15, 15, 15, 15, 15, 15, 15, 15, 15, 15, 15, 15, 15, 15, 15, 15, 15, 15, 15, 15, 15, 15, 15, 15, 15, 15, 15, 15, 15, 15, 15, 15, 15, 15, 15, 15, 15, 15, 15, 15, 15, 15, 15, 15, 15, 15, 15, 15, 15, 15, 15, 15, 15, 15, 15, 15, 15, 15, 15, 15, 15, 15, 15, 15, 15, 15, 15, 15, 15, 15, 15, 15, 15, 15, 15, 15, 15, 15, 15, 15, 15, 15, 15, 15, 15, 15, 15, 15, 15, 15, 15, 15, 15, 15, 15, 15, 15, 15, 15, 15, 15, 15, 15, 15, 15, 15, 15, 15, 15, 15, 15, 15, 15, 15, 15, 15, 15, 15, 15, 15, 15, 15, 15, 15, 15, 15, 15, 15, 15, 15, 15, 15, 15, 15, 15, 15, 15, 15, 15, 15, 15, 15, 15, 15, 15, 15, 15, 15, 15, 15, 15, 15, 15, 15, 15, 15, 15, 15, 15, 15, 15, 15, 15, 15, 15, 15, 15, 15, 15, 15, 15, 15, 15, 15, 15]",14.982857142857146,"[32.96190476190476, 32.96, 32.96, 32.967619047619046, 32.97142857142857, 32.96190476190476, 32.97523809523809, 32.967619047619046, 32.96190476190476, 32.96, 32.96190476190476, 32.97142857142857, 32.96190476190476, 32.96190476190476, 32.946666666666665, 32.96, 32.95809523809524, 32.95619047619048, 32.965714285714284, 32.96190476190476, 32.95619047619048, 32.96190476190476, 32.95238095238095, 31.95809523809524, 26.975238095238094, 24.975238095238094, 20.97904761904762, 18.98857142857143, 16.97142857142857, 16.97142857142857, 15.988571428571428, 14.98857142857143, 14.980952380952381, 14.982857142857142, 14.980952380952383, 14.984761904761905, 14.977142857142857, 14.971428571428573, 14.977142857142859, 14.986666666666666, 14.977142857142859, 14.992380952380952, 14.986666666666666, 14.986666666666668, 14.980952380952381, 14.982857142857142, 14.98857142857143, 14.986666666666668, 14.99047619047619, 14.980952380952383, 14.980952380952381, 14.982857142857142, 14.975238095238096, 14.982857142857144, 14.990476190476189, 14.979047619047618, 14.969523809523809, 14.971428571428572, 14.975238095238096, 14.986666666666666, 14.98857142857143, 14.986666666666666, 14.984761904761905, 14.980952380952381, 14.988571428571428, 14.99047619047619, 14.99047619047619, 14.98857142857143, 14.984761904761905, 14.984761904761905, 14.99047619047619, 14.988571428571428, 14.982857142857144, 14.984761904761905, 14.99047619047619, 14.99047619047619, 14.982857142857144, 14.98857142857143, 14.984761904761905, 14.982857142857144, 14.982857142857144, 14.984761904761905, 14.988571428571428, 14.98857142857143, 14.996190476190476, 14.996190476190478, 14.992380952380952, 14.994285714285713, 14.98857142857143, 14.986666666666668, 14.98857142857143, 14.992380952380952, 14.992380952380952, 14.988571428571428, 14.988571428571428, 14.98857142857143, 14.992380952380952, 14.992380952380952, 14.984761904761905, 14.984761904761905, 14.984761904761905, 14.98857142857143, 14.986666666666666, 14.977142857142857, 14.97904761904762, 14.984761904761905, 14.977142857142859, 14.98857142857143, 14.986666666666668, 14.986666666666668, 14.982857142857142, 14.986666666666666, 14.97904761904762, 14.973333333333333, 14.980952380952381, 14.982857142857144, 14.982857142857144, 14.97904761904762, 14.986666666666666, 14.986666666666666, 14.982857142857142, 14.980952380952381, 14.984761904761905, 14.980952380952381, 14.984761904761903, 14.986666666666666, 14.984761904761903, 14.99047619047619, 14.996190476190478, 14.994285714285713, 14.99047619047619, 14.994285714285713, 14.996190476190478, 14.99047619047619, 14.998095238095239, 14.99047619047619, 14.982857142857144, 14.984761904761905, 14.986666666666666, 14.982857142857144, 14.98095238095238, 14.986666666666668, 14.984761904761905, 14.994285714285715, 14.994285714285713, 14.994285714285713, 14.988571428571428, 14.988571428571428, 14.986666666666668, 14.986666666666668, 14.988571428571428, 14.99047619047619, 14.99047619047619, 14.99047619047619, 14.986666666666666, 14.980952380952381, 14.97904761904762, 14.982857142857142, 14.986666666666666, 14.992380952380952, 14.99047619047619, 14.99047619047619, 14.994285714285715, 14.996190476190476, 14.992380952380952, 14.994285714285716, 14.992380952380953, 14.988571428571428, 14.986666666666666, 14.980952380952381, 14.982857142857142, 14.982857142857142, 14.984761904761903, 14.98857142857143, 14.98857142857143, 14.98857142857143, 14.988571428571428, 14.986666666666666, 14.984761904761903, 14.994285714285715, 14.990476190476189, 14.982857142857142, 14.988571428571428, 14.982857142857142, 14.984761904761903, 14.977142857142855, 14.986666666666665, 14.982857142857144, 14.977142857142857, 14.982857142857146, 14.982857142857142, 14.97904761904762, 14.971428571428572, 14.97904761904762, 14.984761904761907, 14.988571428571428, 14.988571428571428, 14.984761904761907, 14.977142857142859, 14.977142857142857, 14.975238095238096, 14.975238095238097, 14.975238095238096, 14.979047619047618, 14.982857142857144, 14.99047619047619, 14.99047619047619, 14.994285714285713, 14.992380952380952, 14.992380952380952, 14.99047619047619, 14.988571428571428, 14.984761904761907, 14.982857142857142, 14.982857142857144, 14.99047619047619, 14.98857142857143, 14.986666666666668, 14.984761904761905, 14.99047619047619, 14.99047619047619, 14.996190476190478, 14.990476190476189, 14.986666666666666, 14.986666666666668, 14.986666666666668, 14.98095238095238, 14.98857142857143, 14.980952380952381, 14.986666666666668, 14.98857142857143, 14.98857142857143, 14.98857142857143, 14.982857142857142, 14.980952380952381, 14.984761904761903, 14.979047619047618, 14.982857142857146, 14.982857142857146, 14.984761904761907, 14.98857142857143, 14.98857142857143, 14.98857142857143, 14.98857142857143, 14.986666666666666, 14.977142857142859, 14.988571428571428, 14.982857142857144, 14.982857142857142, 14.984761904761905, 14.984761904761905, 14.982857142857142, 14.977142857142857, 14.980952380952381, 14.97904761904762, 14.979047619047618, 14.982857142857142, 14.979047619047618, 14.986666666666666, 14.988571428571428, 14.982857142857144, 14.986666666666666, 14.99047619047619, 14.992380952380952, 14.984761904761905, 14.986666666666666, 14.990476190476189, 14.986666666666666, 14.986666666666666, 14.982857142857144, 14.990476190476189, 14.986666666666666, 14.980952380952381, 14.980952380952383, 14.980952380952383, 14.982857142857144, 14.982857142857144, 14.986666666666666, 14.982857142857142, 14.98857142857143, 14.988571428571428, 14.990476190476189, 14.990476190476189, 14.986666666666665, 14.984761904761903, 14.988571428571428, 14.980952380952381, 14.98857142857143, 14.986666666666666, 14.992380952380952, 14.986666666666668, 14.996190476190476, 14.992380952380952, 14.99047619047619, 14.98857142857143, 14.98857142857143, 14.994285714285713, 14.992380952380952, 14.98857142857143, 14.994285714285713, 14.994285714285713, 14.992380952380952, 14.992380952380952, 14.99047619047619, 14.98857142857143, 14.986666666666666, 14.982857142857142, 14.982857142857142, 14.984761904761907, 14.986666666666668, 14.982857142857142, 14.977142857142857, 14.975238095238094, 14.980952380952383, 14.977142857142857, 14.977142857142857, 14.982857142857144, 14.982857142857144, 14.975238095238096, 14.975238095238096, 14.980952380952381, 14.984761904761907, 14.982857142857146, 14.97904761904762, 14.980952380952381, 14.97904761904762, 14.982857142857142, 14.975238095238096, 14.977142857142857, 14.97904761904762, 14.982857142857144, 14.982857142857142, 14.980952380952381, 14.984761904761903, 14.986666666666666, 14.984761904761907, 14.982857142857144, 14.986666666666668, 14.986666666666668, 14.984761904761905, 14.984761904761907, 14.982857142857142, 14.982857142857146, 14.98857142857143, 14.97904761904762, 14.986666666666666, 14.99047619047619, 14.998095238095239, 14.994285714285713, 14.99047619047619, 14.98857142857143, 14.992380952380952, 14.986666666666666, 14.988571428571428, 14.99047619047619, 14.986666666666666, 14.98857142857143, 14.986666666666666, 14.982857142857144, 14.984761904761905, 14.986666666666668, 14.986666666666668, 14.986666666666668, 14.99047619047619, 14.99047619047619, 14.982857142857142, 14.99047619047619, 14.992380952380952, 14.988571428571428, 14.984761904761905, 14.984761904761903, 14.984761904761903, 14.99047619047619, 14.986666666666668, 14.986666666666666, 14.986666666666666, 14.988571428571428, 14.988571428571428, 14.986666666666666, 14.97904761904762, 14.97904761904762, 14.980952380952381, 14.982857142857144, 14.982857142857144, 14.986666666666668, 14.98857142857143, 14.98857142857143, 14.98857142857143, 14.98857142857143, 14.99047619047619, 14.99047619047619, 14.98857142857143, 14.986666666666668, 14.984761904761903, 14.986666666666668, 14.99047619047619, 14.984761904761907, 14.986666666666668, 14.99047619047619, 14.994285714285713, 14.994285714285713, 14.99047619047619, 14.996190476190476, 14.99047619047619, 14.986666666666666, 14.99047619047619, 14.988571428571428, 14.98857142857143, 14.98857142857143, 14.986666666666666, 14.988571428571428, 14.988571428571428, 14.982857142857142, 14.99047619047619, 14.98857142857143, 14.982857142857144, 14.97904761904762, 14.980952380952381, 14.982857142857146, 14.977142857142857, 14.979047619047618, 14.97904761904762, 14.975238095238096, 14.984761904761907, 14.982857142857146]",0.9133909626070228,0.9264662312735892,15,"[33, 33, 33, 33, 33, 33, 33, 33, 33, 33, 33, 33, 33, 33, 33, 33, 33, 33, 33, 33, 33, 33, 33, 32, 27, 25, 21, 19, 17, 17, 16, 15, 15, 15, 15, 15, 15, 15, 15, 15, 15, 15, 15, 15, 15, 15, 15, 15, 15, 15, 15, 15, 15, 15, 15, 15, 15, 15, 15, 15, 15, 15, 15, 15, 15, 15, 15, 15, 15, 15, 15, 15, 15, 15, 15, 15, 15, 15, 15, 15, 15, 15, 15, 15, 15, 15, 15, 15, 15, 15, 15, 15, 15, 15, 15, 15, 15, 15, 15, 15, 15, 15, 15, 15, 15, 15, 15, 15, 15, 15, 15, 15, 15, 15, 15, 15, 15, 15, 15, 15, 15, 15, 15, 15, 15, 15, 15, 15, 15, 15, 15, 15, 15, 15, 15, 15, 15, 15, 15, 15, 15, 15, 15, 15, 15, 15, 15, 15, 15, 15, 15, 15, 15, 15, 15, 15, 15, 15, 15, 15, 15, 15, 15, 15, 15, 15, 15, 15, 15, 15, 15, 15, 15, 15, 15, 15, 15, 15, 15, 15, 15, 15, 15, 15, 15, 15, 15, 15, 15, 15, 15, 15, 15, 15, 15, 15, 15, 15, 15, 15, 15, 15, 15, 15, 15, 15, 15, 15, 15, 15, 15, 15, 15, 15, 15, 15, 15, 15, 15, 15, 15, 15, 15, 15, 15, 15, 15, 15, 15, 15, 15, 15, 15, 15, 15, 15, 15, 15, 15, 15, 15, 15, 15, 15, 15, 15, 15, 15, 15, 15, 15, 15, 15, 15, 15, 15, 15, 15, 15, 15, 15, 15, 15, 15, 15, 15, 15, 15, 15, 15, 15, 15, 15, 15, 15, 15, 15, 15, 15, 15, 15, 15, 15, 15, 15, 15, 15, 15, 15, 15, 15, 15, 15, 15, 15, 15, 15, 15, 15, 15, 15, 15, 15, 15, 15, 15, 15, 15, 15, 15, 15, 15, 15, 15, 15, 15, 15, 15, 15, 15, 15, 15, 15, 15, 15, 15, 15, 15, 15, 15, 15, 15, 15, 15, 15, 15, 15, 15, 15, 15, 15, 15, 15, 15, 15, 15, 15, 15, 15, 15, 15, 15, 15, 15, 15, 15, 15, 15, 15, 15, 15, 15, 15, 15, 15, 15, 15, 15, 15, 15, 15, 15, 15, 15, 15, 15, 15, 15, 15, 15, 15, 15, 15, 15, 15, 15, 15, 15, 15, 15, 15, 15, 15, 15, 15, 15, 15, 15, 15, 15, 15, 15, 15, 15, 15, 15, 15, 15, 15, 15, 15, 15, 15, 15, 15, 15, 15, 15, 15, 15, 15, 15, 15, 15, 15]",425,"[0.39596226811408997, 0.38771021366119385, 0.3824441134929657, 0.37895336747169495, 0.3757278025150299, 0.3744700253009796, 0.37115082144737244, 0.369032621383667, 0.3673659563064575, 0.3654199242591858, 0.36300426721572876, 0.3605051040649414, 0.3585852086544037, 0.35753682255744934, 0.3555344343185425, 0.3534127175807953, 0.3519700765609741, 0.3501686751842499, 0.34789517521858215, 0.34594494104385376, 0.3437771499156952, 0.3417356610298157, 0.340729296207428, 0.3384060263633728, 0.3358474671840668, 0.3341580629348755, 0.32914218306541443, 0.3266175091266632, 0.3234576880931854, 0.32150036096572876, 0.31975147128105164, 0.31765490770339966, 0.315464586019516, 0.3137992024421692, 0.31124791502952576, 0.3090187907218933, 0.30694955587387085, 0.30463284254074097, 0.3025353252887726, 0.3004938066005707, 0.29827454686164856, 0.2961576581001282, 0.29397809505462646, 0.29246580600738525, 0.28971701860427856, 0.2876719534397125, 0.2861444652080536, 0.2842833399772644, 0.2824364900588989, 0.2806055545806885, 0.27906835079193115, 0.277813196182251, 0.2758200466632843, 0.2744792103767395, 0.27305328845977783, 0.2718951106071472, 0.27046656608581543, 0.26956334710121155, 0.26798707246780396, 0.26714885234832764, 0.2660425305366516, 0.2650436758995056, 0.26368269324302673, 0.26257944107055664, 0.26148268580436707, 0.26055005192756653, 0.2597085237503052, 0.2587772011756897, 0.2578563988208771, 0.2570292353630066, 0.2563399374485016, 0.25522345304489136, 0.25443288683891296, 0.25332513451576233, 0.2528866231441498, 0.2517685294151306, 0.2512853145599365, 0.2510994076728821, 0.2500340938568115, 0.2493588626384735, 0.2487715184688568, 0.24802373349666595, 0.24765843152999878, 0.24668775498867035, 0.24661093950271606, 0.2453741878271103, 0.24494844675064087, 0.2441180944442749, 0.24435819685459137, 0.2431052029132843, 0.24258585274219513, 0.24202176928520203, 0.2412930727005005, 0.24064193665981293, 0.24000124633312225, 0.23925377428531647, 0.23860521614551544, 0.23805871605873108, 0.2385912835597992, 0.23704828321933746, 0.23654304444789886, 0.23572129011154175, 0.23530708253383636, 0.23494762182235718, 0.23485034704208374, 0.23386164009571075, 0.23344245553016663, 0.23303107917308807, 0.23229117691516876, 0.23181948065757751, 0.23227067291736603, 0.23068982362747192, 0.23069524765014648, 0.23026937246322632, 0.23004081845283508, 0.2289656102657318, 0.22865456342697144, 0.228343665599823, 0.2274925857782364, 0.22710996866226196, 0.22644104063510895, 0.22633077204227448, 0.2258366048336029, 0.22620214521884918, 0.2253372073173523, 0.22485435009002686, 0.22458268702030182, 0.22490616142749786, 0.22459644079208374, 0.22361502051353455, 0.22306428849697113, 0.22256216406822205, 0.22271615266799927, 0.2219121903181076, 0.22239169478416443, 0.22128883004188538, 0.2212064117193222, 0.22135640680789948, 0.2202700674533844, 0.22016683220863342, 0.21958677470684052, 0.21966922283172607, 0.21979889273643494, 0.2184390276670456, 0.2182607501745224, 0.21840015053749084, 0.2175816148519516, 0.2179696261882782, 0.2174607813358307, 0.21720613539218903, 0.21654683351516724, 0.21717527508735657, 0.2158227413892746, 0.21585685014724731, 0.21530264616012573, 0.2147606611251831, 0.21508313715457916, 0.2151966243982315, 0.21514244377613068, 0.214947909116745, 0.21430343389511108, 0.21407318115234375, 0.21407769620418549, 0.21380876004695892, 0.2142224758863449, 0.21479199826717377, 0.2136116623878479, 0.2131207436323166, 0.2133539319038391, 0.21289855241775513, 0.21365928649902344, 0.2118624746799469, 0.2124793976545334, 0.21293501555919647, 0.21189580857753754, 0.211113840341568, 0.2113943099975586, 0.21199853718280792, 0.21099723875522614, 0.210979163646698, 0.21092842519283295, 0.2105213701725006, 0.2102733552455902, 0.2103835940361023, 0.21061399579048157, 0.21052317321300507, 0.20987845957279205, 0.2096322476863861, 0.20982545614242554, 0.21110475063323975, 0.20993661880493164, 0.20868660509586334, 0.20911303162574768, 0.208677276968956, 0.20847918093204498, 0.20814591646194458, 0.20805619657039642, 0.20844928920269012, 0.2087128758430481, 0.20914657413959503, 0.20890849828720093, 0.2081039994955063, 0.20916587114334106, 0.20772098004817963, 0.20795363187789917, 0.2078508734703064, 0.20757213234901428, 0.20734857022762299, 0.2079285830259323, 0.20684482157230377, 0.20696155726909637, 0.2071443349123001, 0.2066018134355545, 0.20665371417999268, 0.20668834447860718, 0.20747096836566925, 0.2060636729001999, 0.2059278041124344, 0.2051912099123001, 0.20514237880706787, 0.2061334103345871, 0.20575197041034698, 0.20493316650390625, 0.20533964037895203, 0.2055405229330063, 0.2063559740781784, 0.204867422580719, 0.20510925352573395, 0.2044399082660675, 0.20429350435733795, 0.20569255948066711, 0.20449261367321014, 0.20446114242076874, 0.20429381728172302, 0.2039218544960022, 0.2041272222995758, 0.20335809886455536, 0.20442253351211548, 0.2040104866027832, 0.20416902005672455, 0.20394563674926758, 0.20313622057437897, 0.20403850078582764, 0.2032802700996399, 0.20344333350658417, 0.2028219997882843, 0.20626002550125122, 0.20254406332969666, 0.20267145335674286, 0.20247572660446167, 0.20218972861766815, 0.20232516527175903, 0.20253275334835052, 0.20235396921634674, 0.20288196206092834, 0.20173776149749756, 0.20186710357666016, 0.20175716280937195, 0.20140379667282104, 0.20120176672935486, 0.20369523763656616, 0.20347000658512115, 0.20132705569267273, 0.2013811618089676, 0.200724795460701, 0.20154692232608795, 0.2010374814271927, 0.20160745084285736, 0.20250819623470306, 0.20259305834770203, 0.2007971554994583, 0.2007298618555069, 0.20150001347064972, 0.2014452964067459, 0.2004135549068451, 0.20082445442676544, 0.2011062055826187, 0.2009948194026947, 0.2000483125448227, 0.19913716614246368, 0.19956856966018677, 0.20022231340408325, 0.2002878189086914, 0.1993299424648285, 0.19902877509593964, 0.19888891279697418, 0.1991310864686966, 0.1984630823135376, 0.2002527415752411, 0.19897878170013428, 0.19959545135498047, 0.1989251971244812, 0.19953086972236633, 0.19836746156215668, 0.19979260861873627, 0.19832909107208252, 0.1982947140932083, 0.1977631002664566, 0.197904571890831, 0.19845537841320038, 0.19908174872398376, 0.19810554385185242, 0.19890503585338593, 0.19851209223270416, 0.1977367401123047, 0.19744962453842163, 0.19800342619419098, 0.1976219117641449, 0.19819684326648712, 0.197647824883461, 0.19739003479480743, 0.19849945604801178, 0.19710224866867065, 0.19749151170253754, 0.19774499535560608, 0.19679780304431915, 0.19658300280570984, 0.19679076969623566, 0.19748644530773163, 0.19825679063796997, 0.19698427617549896, 0.196917325258255, 0.19626964628696442, 0.19662895798683167, 0.19610948860645294, 0.19674159586429596, 0.1960107833147049, 0.196020245552063, 0.1955106556415558, 0.19636370241641998, 0.19539344310760498, 0.1957288682460785, 0.1974736601114273, 0.19568076729774475, 0.1944834142923355, 0.1958949863910675, 0.19590486586093903, 0.19553332030773163, 0.1950048953294754, 0.19498778879642487, 0.19564147293567657, 0.19595693051815033, 0.195343017578125, 0.19436652958393097, 0.19460581243038177, 0.1952027529478073, 0.19510169327259064, 0.19555439054965973, 0.1952456831932068, 0.1941978484392166, 0.19422230124473572, 0.19397060573101044, 0.19367021322250366, 0.19554997980594635, 0.1951461285352707, 0.19611169397830963, 0.19483882188796997, 0.19452805817127228, 0.19475433230400085, 0.19497327506542206, 0.19570636749267578, 0.1948469877243042, 0.19481027126312256, 0.19457243382930756, 0.1937772035598755, 0.1938658356666565, 0.19434137642383575, 0.19313445687294006, 0.19278520345687866, 0.19442705810070038, 0.19332343339920044, 0.1930587738752365, 0.19305095076560974, 0.19356484711170197, 0.19263292849063873, 0.19310283660888672, 0.19218331575393677, 0.1921818107366562, 0.19234873354434967, 0.19205453991889954, 0.1922440081834793, 0.19342608749866486, 0.19213838875293732, 0.1925918608903885, 0.19200676679611206, 0.19303826987743378, 0.19317999482154846, 0.19339923560619354, 0.19267629086971283, 0.19332309067249298, 0.192092165350914, 0.19232377409934998, 0.19194121658802032, 0.1920774281024933, 0.19275367259979248, 0.19315186142921448, 0.19228538870811462, 0.19183193147182465, 0.19170346856117249, 0.19258219003677368, 0.19153521955013275, 0.19213391840457916, 0.190688818693161, 0.1921515017747879, 0.1922583431005478, 0.19223980605602264, 0.1906769573688507, 0.19029632210731506, 0.1907070279121399, 0.19123269617557526, 0.19209995865821838, 0.19165563583374023, 0.19254527986049652, 0.19172243773937225, 0.19007457792758942, 0.19219882786273956, 0.19142690300941467, 0.19016149640083313, 0.19020721316337585, 0.19140644371509552, 0.19048400223255157, 0.19089992344379425, 0.19046838581562042, 0.19016574323177338, 0.19187383353710175]",15.0,"[33.0, 33.0, 33.0, 33.0, 33.0, 33.0, 33.0, 33.0, 33.0, 33.0, 33.0, 33.0, 33.0, 33.0, 33.0, 33.0, 33.0, 33.0, 33.0, 33.0, 33.0, 33.0, 33.0, 32.0, 27.0, 25.0, 21.0, 19.0, 17.0, 17.0, 16.0, 15.0, 15.0, 15.0, 15.0, 15.0, 15.0, 15.0, 15.0, 15.0, 15.0, 15.0, 15.0, 15.0, 15.0, 15.0, 15.0, 15.0, 15.0, 15.0, 15.0, 15.0, 15.0, 15.0, 15.0, 15.0, 15.0, 15.0, 15.0, 15.0, 15.0, 15.0, 15.0, 15.0, 15.0, 15.0, 15.0, 15.0, 15.0, 15.0, 15.0, 15.0, 15.0, 15.0, 15.0, 15.0, 15.0, 15.0, 15.0, 15.0, 15.0, 15.0, 15.0, 15.0, 15.0, 15.0, 15.0, 15.0, 15.0, 15.0, 15.0, 15.0, 15.0, 15.0, 15.0, 15.0, 15.0, 15.0, 15.0, 15.0, 15.0, 