,number,value,datetime_start,datetime_complete,duration,params_batch_size_scaler,params_constant_learning_rate,params_depth,params_epochs,params_kernel_l2,params_num_trees,params_temperature,user_attrs_accuracy_test,user_attrs_accuracy_valid,user_attrs_approximate_feature_sparsity,user_attrs_approximate_feature_sparsity_history,user_attrs_approximate_weight_sparsity,user_attrs_approximate_weight_sparsity_history,user_attrs_auc_test,user_attrs_auc_valid,user_attrs_feature_sparsity,user_attrs_feature_sparsity_history,user_attrs_num_epochs,user_attrs_val_loss_history,user_attrs_weight_sparsity,user_attrs_weight_sparsity_history,state
34,34,0.789523515090621,2024-08-31 01:53:43.756847,2024-08-31 01:56:57.956146,0 days 00:03:14.199299,16,2.832590561220069,5,390,0.11599373323120138,80,0.0019332779041533303,0.887,0.8825,2,"[33, 33, 33, 33, 15, 7, 5, 5, 5, 5, 4, 3, 3, 3, 3, 3, 3, 3, 3, 3, 3, 3, 3, 3, 3, 3, 3, 3, 3, 3, 3, 3, 3, 3, 3, 3, 3, 3, 3, 3, 3, 3, 3, 3, 3, 3, 3, 3, 2, 2, 2, 2, 2, 2, 2, 2, 2, 2, 2, 2, 2, 2, 2, 2, 2, 2, 2, 2, 2, 2, 2, 2, 2, 2, 2, 2, 2, 2, 2, 2, 2, 2, 2, 2, 2, 2, 2, 2, 2, 2, 2, 2, 2, 2, 2, 2, 2, 2, 2, 2, 2, 2, 2, 2, 2, 2, 2, 2, 2, 2, 2, 2, 2, 2, 2, 2, 2, 2, 2, 2, 2, 2, 2, 2, 2, 2, 2, 2, 2, 2, 2, 2, 2, 2, 2, 2, 2, 2, 2, 2, 2, 2, 2, 2, 2, 2, 2, 2, 2, 2, 2, 2, 2, 2, 2, 2, 2, 2, 2, 2, 2, 2, 2, 2, 2, 2, 2, 2, 2, 2, 2, 2, 2, 2, 2, 2, 2, 2, 2, 2, 2, 2, 2, 2, 2, 2, 2, 2, 2, 2, 2, 2, 2, 2, 2, 2, 2, 2, 2, 2, 2, 2, 2, 2, 2, 2, 2, 2, 2, 2, 2, 2, 2, 2, 2, 2, 2, 2, 2, 2, 2, 2, 2, 2, 2, 2, 2, 2, 2, 2, 2, 2, 2, 2, 2, 2, 2, 2, 2, 2, 2, 2, 2, 2, 2, 2, 2, 2, 2, 2, 2, 2, 2, 2, 2, 2, 2, 2, 2, 2, 2, 2, 2, 2, 2, 2, 2, 2, 2, 2, 2, 2, 2, 2, 2, 2, 2, 2, 2, 2, 2, 2, 2, 2, 2, 2, 2, 2, 2, 2, 2, 2, 2, 2, 2, 2, 2, 2, 2, 2, 2, 2, 2, 2, 2, 2, 2, 2, 2, 2, 2, 2, 2, 2, 2, 2, 2, 2, 2, 2, 2, 2, 2, 2, 2, 2, 2, 2, 2, 2, 2, 2, 2, 2, 2, 2, 2, 2, 2, 2, 2, 2, 2, 2, 2, 2, 2, 2, 2, 2, 2, 2, 2, 2, 2, 2, 2, 2, 2, 2, 2, 2, 2, 2, 2, 2, 2, 2, 2, 2, 2, 2, 2, 2, 2, 2, 2, 2, 2, 2, 2, 2, 2, 2, 2, 2, 2, 2, 2, 2]",1.9931451612903226,"[32.92620967741936, 32.92701612903226, 32.93427419354839, 32.93064516129032, 14.967741935483874, 6.982258064516128, 4.991129032258064, 4.989516129032258, 4.991935483870968, 4.9907258064516125, 3.9963709677419357, 2.993951612903226, 2.9975806451612903, 2.9955645161290323, 2.9951612903225806, 2.9971774193548386, 2.9959677419354835, 2.992338709677419, 2.9951612903225806, 2.994758064516129, 2.993951612903226, 2.9951612903225806, 2.9931451612903226, 2.9931451612903226, 2.9963709677419352, 2.9951612903225806, 2.9955645161290323, 2.992741935483871, 2.9951612903225806, 2.993951612903226, 2.9943548387096772, 2.9951612903225806, 2.9951612903225806, 2.9935483870967743, 2.993548387096774, 2.9943548387096772, 2.9975806451612903, 2.9943548387096772, 2.993951612903226, 2.993951612903226, 2.995564516129032, 2.995967741935484, 2.9971774193548386, 2.9939516129032255, 2.9967741935483874, 2.9943548387096777, 2.9955645161290323, 2.9943548387096772, 1.996774193548387, 1.994758064516129, 1.9971774193548386, 1.9975806451612903, 1.9967741935483871, 1.9963709677419355, 1.9971774193548386, 1.9963709677419355, 1.9963709677419355, 1.9971774193548386, 1.997983870967742, 1.997983870967742, 1.9995967741935483, 1.9983870967741937, 1.9975806451612903, 1.9987903225806452, 1.9943548387096772, 1.996774193548387, 1.996774193548387, 1.996774193548387, 1.9967741935483871, 1.997983870967742, 1.9971774193548386, 1.9975806451612903, 1.9963709677419355, 1.9987903225806452, 1.9983870967741937, 1.9983870967741935, 1.995967741935484, 1.995967741935484, 1.995967741935484, 1.997983870967742, 1.9975806451612903, 1.9983870967741937, 1.997983870967742, 1.9975806451612903, 1.9955645161290323, 1.9971774193548386, 1.996774193548387, 1.9975806451612903, 1.9955645161290323, 1.9955645161290323, 1.9971774193548386, 1.996774193548387, 1.9955645161290323, 1.9955645161290323, 1.9963709677419355, 1.9963709677419355, 1.9959677419354838, 1.9971774193548386, 1.9951612903225806, 1.9971774193548386, 1.9963709677419355, 1.9959677419354838, 1.994758064516129, 1.9951612903225806, 1.9955645161290323, 1.9951612903225806, 1.996774193548387, 1.9959677419354838, 1.9955645161290323, 1.9975806451612903, 1.9963709677419357, 1.996774193548387, 1.9955645161290323, 1.994758064516129, 1.995967741935484, 1.9971774193548386, 1.9955645161290323, 1.995967741935484, 1.995967741935484, 1.9967741935483871, 1.9955645161290323, 1.9951612903225806, 1.9951612903225806, 1.9951612903225806, 1.9951612903225806, 1.996774193548387, 1.9959677419354838, 1.9955645161290323, 1.9955645161290323, 1.995967741935484, 1.9955645161290323, 1.9963709677419355, 1.9943548387096774, 1.9955645161290323, 1.9955645161290323, 1.9963709677419355, 1.9951612903225806, 1.9951612903225806, 1.994758064516129, 1.993951612903226, 1.994758064516129, 1.9943548387096774, 1.994758064516129, 1.9951612903225806, 1.9935483870967743, 1.9939516129032258, 1.9943548387096774, 1.9951612903225806, 1.9959677419354838, 1.9955645161290323, 1.9955645161290323, 1.9963709677419355, 1.9963709677419355, 1.9955645161290323, 1.9963709677419355, 1.9963709677419355, 1.9955645161290323, 1.9971774193548386, 1.9971774193548386, 1.9963709677419355, 1.9955645161290323, 1.9967741935483871, 1.995967741935484, 1.9943548387096774, 1.9971774193548386, 1.9955645161290323, 1.9975806451612903, 1.9955645161290323, 1.9951612903225806, 1.9951612903225806, 1.9955645161290323, 1.994758064516129, 1.9955645161290323, 1.994758064516129, 1.994758064516129, 1.9951612903225806, 1.9951612903225806, 1.9943548387096774, 1.9951612903225806, 1.9963709677419355, 1.9955645161290323, 1.9963709677419355, 1.9955645161290323, 1.9935483870967743, 1.9939516129032258, 1.9971774193548386, 1.996774193548387, 1.9955645161290323, 1.993951612903226, 1.996774193548387, 1.995967741935484, 1.996774193548387, 1.9963709677419355, 1.995967741935484, 1.9963709677419355, 1.9963709677419355, 1.9963709677419355, 1.9971774193548386, 1.9963709677419355, 1.9951612903225806, 1.9963709677419355, 1.997983870967742, 1.9975806451612903, 1.996774193548387, 1.9963709677419355, 1.9975806451612903, 1.9983870967741937, 1.9983870967741937, 1.9975806451612903, 1.9971774193548386, 1.9971774193548386, 1.9975806451612903, 1.9967741935483871, 1.9967741935483871, 1.996774193548387, 1.9975806451612903, 1.9975806451612903, 1.9975806451612903, 1.9983870967741935, 1.9975806451612903, 1.9975806451612903, 1.995967741935484, 1.9987903225806452, 1.9963709677419355, 1.9971774193548386, 1.996774193548387, 1.9951612903225806, 1.9955645161290323, 1.9955645161290323, 1.9943548387096774, 1.9959677419354838, 1.995967741935484, 1.9955645161290323, 1.995967741935484, 1.9963709677419355, 1.9943548387096774, 1.9951612903225806, 1.9963709677419355, 1.994758064516129, 1.9955645161290323, 1.994758064516129, 1.9951612903225806, 1.9943548387096774, 1.9955645161290323, 1.994758064516129, 1.9943548387096774, 1.9967741935483871, 1.9955645161290323, 1.9955645161290323, 1.9963709677419355, 1.9939516129032258, 1.995967741935484, 1.9951612903225806, 1.994758064516129, 1.9967741935483871, 1.994758064516129, 1.9955645161290323, 1.9943548387096774, 1.9931451612903226, 1.9923387096774194, 1.994758064516129, 1.9939516129032258, 1.9943548387096774, 1.9943548387096774, 1.9931451612903226, 1.995967741935484, 1.9951612903225806, 1.9931451612903226, 1.9931451612903226, 1.9931451612903226, 1.995967741935484, 1.9971774193548386, 1.9955645161290323, 1.9951612903225806, 1.9971774193548386, 1.995967741935484, 1.9955645161290323, 1.9963709677419355, 1.9975806451612903, 1.9967741935483871, 1.9975806451612903, 1.997983870967742, 1.9967741935483871, 1.9951612903225806, 1.994758064516129, 1.9975806451612903, 1.9971774193548386, 1.993951612903226, 1.9967741935483871, 1.9967741935483871, 1.9935483870967743, 1.9971774193548386, 1.9955645161290323, 1.993951612903226, 1.994758064516129, 1.9943548387096774, 1.994758064516129, 1.9971774193548386, 1.9955645161290323, 1.995967741935484, 1.995967741935484, 1.9943548387096774, 1.9955645161290323, 1.9955645161290323, 1.9951612903225806, 1.994758064516129, 1.9963709677419355, 1.996774193548387, 1.996774193548387, 1.993951612903226, 1.994758064516129, 1.995967741935484, 1.9951612903225806, 1.994758064516129, 1.9971774193548386, 1.9935483870967743, 1.9943548387096772, 1.9951612903225806, 1.9959677419354838, 1.9967741935483871, 1.995967741935484, 1.9951612903225806, 1.9939516129032258, 1.9943548387096772, 1.994758064516129, 1.9951612903225806, 1.994758064516129, 1.9939516129032258, 1.995967741935484, 1.994758064516129, 1.9935483870967743, 1.9943548387096772, 1.9951612903225806, 1.993951612903226, 1.994758064516129, 1.992741935483871, 1.9951612903225806, 1.9939516129032258, 1.994758064516129, 1.994758064516129, 1.9943548387096774, 1.994758064516129, 1.994758064516129, 1.9939516129032258, 1.994758064516129, 1.994758064516129, 1.9935483870967743, 1.994758064516129, 1.994758064516129, 1.9939516129032258, 1.9955645161290323, 1.9951612903225806, 1.9943548387096774, 1.9971774193548386, 1.9963709677419355, 1.995967741935484, 1.9959677419354838, 1.9939516129032258, 1.994758064516129, 1.9939516129032258, 1.994758064516129, 1.9951612903225806, 1.992741935483871, 1.9955645161290323, 1.9943548387096774, 1.994758064516129, 1.9935483870967743, 1.9951612903225806, 1.9939516129032258, 1.9915322580645163, 1.9923387096774192, 1.9939516129032258, 1.9955645161290323, 1.9943548387096774, 1.9943548387096774, 1.9943548387096774, 1.994758064516129, 1.9923387096774194, 1.9951612903225806, 1.993951612903226, 1.9923387096774194, 1.9935483870967743, 1.9919354838709677, 1.9923387096774192, 1.9919354838709677, 1.993951612903226, 1.9931451612903226, 1.9935483870967743, 1.9935483870967743, 1.9931451612903226]",0.7585308663380642,0.789523515090621,2,"[33, 33, 33, 33, 15, 7, 5, 5, 5, 5, 4, 3, 3, 3, 3, 3, 3, 3, 3, 3, 3, 3, 3, 3, 3, 3, 3, 3, 3, 3, 3, 3, 3, 3, 3, 3, 3, 3, 3, 3, 3, 3, 3, 3, 3, 3, 3, 3, 2, 2, 2, 2, 2, 2, 2, 2, 2, 2, 2, 2, 2, 2, 2, 2, 2, 2, 2, 2, 2, 2, 2, 2, 2, 2, 2, 2, 2, 2, 2, 2, 2, 2, 2, 2, 2, 2, 2, 2, 2, 2, 2, 2, 2, 2, 2, 2, 2, 2, 2, 2, 2, 2, 2, 2, 2, 2, 2, 2, 2, 2, 2, 2, 2, 2, 2, 2, 2, 2, 2, 2, 2, 2, 2, 2, 2, 2, 2, 2, 2, 2, 2, 2, 2, 2, 2, 2, 2, 2, 2, 2, 2, 2, 2, 2, 2, 2, 2, 2, 2, 2, 2, 2, 2, 2, 2, 2, 2, 2, 2, 2, 2, 2, 2, 2, 2, 2, 2, 2, 2, 2, 2, 2, 2, 2, 2, 2, 2, 2, 2, 2, 2, 2, 2, 2, 2, 2, 2, 2, 2, 2, 2, 2, 2, 2, 2, 2, 2, 2, 2, 2, 2, 2, 2, 2, 2, 2, 2, 2, 2, 2, 2, 2, 2, 2, 2, 2, 2, 2, 2, 2, 2, 2, 2, 2, 2, 2, 2, 2, 2, 2, 2, 2, 2, 2, 2, 2, 2, 2, 2, 2, 2, 2, 2, 2, 2, 2, 2, 2, 2, 2, 2, 2, 2, 2, 2, 2, 2, 2, 2, 2, 2, 2, 2, 2, 2, 2, 2, 2, 2, 2, 2, 2, 2, 2, 2, 2, 2, 2, 2, 2, 2, 2, 2, 2, 2, 2, 2, 2, 2, 2, 2, 2, 2, 2, 2, 2, 2, 2, 2, 2, 2, 2, 2, 2, 2, 2, 2, 2, 2, 2, 2, 2, 2, 2, 2, 2, 2, 2, 2, 2, 2, 2, 2, 2, 2, 2, 2, 2, 2, 2, 2, 2, 2, 2, 2, 2, 2, 2, 2, 2, 2, 2, 2, 2, 2, 2, 2, 2, 2, 2, 2, 2, 2, 2, 2, 2, 2, 2, 2, 2, 2, 2, 2, 2, 2, 2, 2, 2, 2, 2, 2, 2, 2, 2, 2, 2, 2, 2, 2, 2, 2, 2, 2, 2, 2, 2, 2, 2, 2, 2]",390,"[0.3897438049316406, 0.38000962138175964, 0.36999157071113586, 0.3592982888221741, 0.36270982027053833, 0.3622187077999115, 0.35705918073654175, 0.3540032207965851, 0.37181326746940613, 0.49649855494499207, 0.3521127998828888, 0.4048970937728882, 0.36464908719062805, 0.36011242866516113, 0.3571367561817169, 0.34352797269821167, 0.34329909086227417, 0.3926547169685364, 0.35495102405548096, 0.34090694785118103, 0.353435754776001, 0.33835262060165405, 0.3306224048137665, 0.32604095339775085, 0.3260951638221741, 0.3231375515460968, 0.36073389649391174, 0.3380099833011627, 0.31811702251434326, 0.352542519569397, 0.32563671469688416, 0.3175908923149109, 0.32587841153144836, 0.3151540458202362, 0.31928184628486633, 0.31404927372932434, 0.3226665258407593, 0.3121597170829773, 0.316193550825119, 0.3185369670391083, 0.3149373531341553, 0.3098735511302948, 0.3130985200405121, 0.3345901072025299, 0.3185493052005768, 0.3258298635482788, 0.3100849390029907, 0.31025201082229614, 0.34570392966270447, 0.3657692074775696, 0.4404914975166321, 0.35241374373435974, 0.3717670142650604, 0.3337022066116333, 0.3341746926307678, 0.33985182642936707, 0.3322654962539673, 0.34459158778190613, 0.3317789137363434, 0.33633628487586975, 0.3481307625770569, 0.3314719498157501, 0.331216037273407, 0.33058974146842957, 0.330424040555954, 0.3342190086841583, 0.3688320219516754, 0.5276934504508972, 0.3722550570964813, 0.3586510717868805, 0.3663346469402313, 0.3778092861175537, 0.35202503204345703, 0.3282679617404938, 0.3281654417514801, 0.32868504524230957, 0.3335626721382141, 0.3401283323764801, 0.37690022587776184, 0.33453309535980225, 0.32869628071784973, 0.3274995684623718, 0.3303050994873047, 0.32681918144226074, 0.33094391226768494, 0.3270072937011719, 0.3276728689670563, 0.33611664175987244, 0.32824528217315674, 0.3601880967617035, 0.3362334072589874, 0.3381774425506592, 0.326839804649353, 0.3258872926235199, 0.32860663533210754, 0.32615187764167786, 0.35053977370262146, 0.3260858952999115, 0.3287804424762726, 0.3920157551765442, 0.3248951733112335, 0.3265800476074219, 0.35916438698768616, 0.3286791741847992, 0.3296252489089966, 0.3243476152420044, 0.3242281973361969, 0.3600257933139801, 0.33443140983581543, 0.324197381734848, 0.3710821866989136, 0.34371304512023926, 0.3244749903678894, 0.3241562247276306, 0.3252108097076416, 0.3612593114376068, 0.32957562804222107, 0.33971816301345825, 0.3241083025932312, 0.3276216387748718, 0.3302949070930481, 0.33148056268692017, 0.33915919065475464, 0.32313811779022217, 0.36289170384407043, 0.3274250030517578, 0.3267383873462677, 0.3264080882072449, 0.33458179235458374, 0.3437604010105133, 0.3619801998138428, 0.32460513710975647, 0.3311113119125366, 0.32563838362693787, 0.3367839753627777, 0.32739657163619995, 0.3222360908985138, 0.3222487270832062, 0.32213419675827026, 0.3226509988307953, 0.32206782698631287, 0.3275677561759949, 0.3245151937007904, 0.33020907640457153, 0.33313849568367004, 0.33784201741218567, 0.3309113681316376, 0.3213721513748169, 0.3734169006347656, 0.3239304721355438, 0.32854148745536804, 0.36362025141716003, 0.3548828959465027, 0.3443021774291992, 0.3217421770095825, 0.32885581254959106, 0.35523512959480286, 0.3224509358406067, 0.3225100636482239, 0.32121357321739197, 0.3260188400745392, 0.3208225965499878, 0.3224581480026245, 0.321802020072937, 0.32100966572761536, 0.3360384702682495, 0.3255961239337921, 0.32997754216194153, 0.3251357674598694, 0.32722049951553345, 0.3320554494857788, 0.3357359766960144, 0.3209837079048157, 0.32092735171318054, 0.3311963379383087, 0.3554369807243347, 0.37585383653640747, 0.3283165693283081, 0.33618560433387756, 0.33200493454933167, 0.34139344096183777, 0.3212417960166931, 0.3420780897140503, 0.3237107992172241, 0.33170682191848755, 0.3305763900279999, 0.322696715593338, 0.33230575919151306, 0.34533852338790894, 0.3207570016384125, 0.32586848735809326, 0.32046329975128174, 0.3209211826324463, 0.33513084053993225, 0.3215849995613098, 0.33120259642601013, 0.3325284719467163, 0.39729687571525574, 0.3226613998413086, 0.35690611600875854, 0.3364582359790802, 0.3208857476711273, 0.34432533383369446, 0.32043346762657166, 0.3362974226474762, 0.32112833857536316, 0.3231937289237976, 0.3351718485355377, 0.32201701402664185, 0.32053127884864807, 0.3225964307785034, 0.3251742124557495, 0.3230734169483185, 0.33043524622917175, 0.3214057683944702, 0.3220469355583191, 0.3562765419483185, 0.3225795030593872, 0.3685513734817505, 0.3313089609146118, 0.3211718499660492, 0.32274386286735535, 0.32109060883522034, 0.32065513730049133, 0.3250889480113983, 0.32381516695022583, 0.3328091502189636, 0.3394043743610382, 0.31995126605033875, 0.3211447596549988, 0.32198241353034973, 0.3244984447956085, 0.3374541401863098, 0.3270872235298157, 0.3433522880077362, 0.32064521312713623, 0.3486872911453247, 0.34370219707489014, 0.3215281665325165, 0.3238179683685303, 0.3206867575645447, 0.32143646478652954, 0.32675015926361084, 0.3218751549720764, 0.3203262686729431, 0.35273897647857666, 0.31953924894332886, 0.3201649487018585, 0.39270859956741333, 0.3199178874492645, 0.3200942575931549, 0.35273486375808716, 0.3833450376987457, 0.34487706422805786, 0.3301338851451874, 0.319441020488739, 0.3199368417263031, 0.3204461634159088, 0.32263579964637756, 0.3255098760128021, 0.32524746656417847, 0.35119616985321045, 0.32301169633865356, 0.324813574552536, 0.3198614716529846, 0.32513728737831116, 0.3285694420337677, 0.32021698355674744, 0.33675748109817505, 0.3217715919017792, 0.31955915689468384, 0.32932552695274353, 0.3199077546596527, 0.3297315537929535, 0.34170952439308167, 0.3271041214466095, 0.32253655791282654, 0.329527884721756, 0.3262803256511688, 0.32194605469703674, 0.3233725428581238, 0.34964194893836975, 0.34255459904670715, 0.31988462805747986, 0.3199690878391266, 0.3210975229740143, 0.32793572545051575, 0.32142043113708496, 0.32150980830192566, 0.32615557312965393, 0.37477046251296997, 0.3375149071216583, 0.31958436965942383, 0.35381168127059937, 0.32356932759284973, 0.3369506895542145, 0.3207247257232666, 0.32905513048171997, 0.33445069193840027, 0.3323615789413452, 0.3197815418243408, 0.4291384518146515, 0.3272474408149719, 0.3196018934249878, 0.3485127389431, 0.32127752900123596, 0.3207535445690155, 0.3229019045829773, 0.34146416187286377, 0.3499070703983307, 0.3290434181690216, 0.34017693996429443, 0.32345640659332275, 0.3317606449127197, 0.3577342629432678, 0.32420337200164795, 0.32067981362342834, 0.3195800185203552, 0.41001883149147034, 0.32869598269462585, 0.3279460072517395, 0.3261774778366089, 0.3278418481349945, 0.3497636318206787, 0.3281676173210144, 0.32004237174987793, 0.3197582960128784, 0.32089167833328247, 0.3201717436313629, 0.31971219182014465, 0.3286072909832001, 0.32009848952293396, 0.32252416014671326, 0.31933295726776123, 0.34013140201568604, 0.31959807872772217, 0.3374288082122803, 0.32554569840431213, 0.3241370916366577, 0.32138651609420776, 0.32541313767433167, 0.31962254643440247, 0.3510768413543701, 0.32439640164375305, 0.32016944885253906, 0.36618196964263916, 0.33066222071647644, 0.3201318085193634, 0.3455308973789215, 0.33492133021354675, 0.32463890314102173, 0.3261024057865143, 0.31994131207466125, 0.33119750022888184, 0.3323705792427063, 0.3330543041229248, 0.32058456540107727, 0.32648295164108276, 0.3210882246494293, 0.32024672627449036, 0.3257780373096466, 0.32013455033302307, 0.3255159854888916, 0.3263489603996277, 0.3503386378288269, 0.3212573528289795, 0.3304535150527954, 0.3797264099121094, 0.3234684467315674, 0.3311294913291931, 0.3215886056423187, 0.3283710181713104, 0.32960906624794006, 0.3289160430431366, 0.33955109119415283, 0.3237186670303345, 0.33367854356765747, 0.3202662765979767, 0.320891797542572, 0.33106541633605957, 0.331182599067688, 0.32002031803131104, 0.32329604029655457, 0.3291776776313782, 0.32418227195739746, 0.3244342505931854, 0.31979626417160034, 0.33656471967697144, 0.33803290128707886, 0.32638534903526306]",2.0,"[33.0, 33.0, 33.0, 33.0, 15.0, 7.0, 5.0, 5.0, 5.0, 5.0, 4.0, 3.0, 3.0, 3.0, 3.0, 3.0, 3.0, 3.0, 3.0, 3.0, 3.0, 3.0, 3.0, 3.0, 3.0, 3.0, 3.0, 3.0, 3.0, 3.0, 3.0, 3.0, 3.0, 3.0, 3.0, 3.0, 3.0, 3.0, 3.0, 3.0, 3.0, 3.0, 3.0, 3.0, 3.0, 3.0, 3.0, 3.0, 2.0, 2.0, 2.0, 2.0, 2.0, 2.0, 2.0, 2.0, 2.0, 2.0, 2.0, 2.0, 2.0, 2.0, 2.0, 2.0, 2.0, 2.0, 2.0, 2.0, 2.0, 2.0, 2.0, 2.0, 2.0, 2.0, 2.0, 2.0, 2.0, 2.0, 2.0, 2.0, 2.0, 2.0, 2.0, 2.0, 2.0, 2.0, 2.0, 2.0, 2.0, 2.0, 2.0, 2.0, 2.0, 2.0, 2.0, 2.0, 2.0, 2.0, 2.0, 2.0, 2.0, 2.0, 2.0, 2.0, 2.0, 2.0, 2.0, 2.0, 2.0, 2.0, 2.0, 2.0, 2.0, 2.0, 2.0, 2.0, 2.0, 2.0, 2.0, 2.0, 2.0, 2.0, 2.0, 2.0, 2.0, 2.0, 2.0, 2.0, 2.0, 2.0, 2.0, 2.0, 2.0, 2.0, 2.0, 2.0, 2.0, 2.0, 2.0, 2.0, 2.0, 2.0, 2.0, 2.0, 2.0, 2.0, 2.0, 2.0, 2.0, 2.0, 2.0, 2.0, 2.0, 2.0, 2.0, 2.0, 2.0, 2.0, 2.0, 2.0, 2.0, 2.0, 2.0, 2.0, 2.0, 2.0, 2.0, 2.0, 2.0, 2.0, 2.0, 2.0, 2.0, 2.0, 2.0, 2.0, 2.0, 2.0, 2.0, 2.0, 2.0, 2.0, 2.0, 2.0, 2.0, 2.0, 2.0, 2.0, 2.0, 2.0, 2.0, 2.0, 2.0, 2.0, 2.0, 2.0, 2.0, 2.0, 2.0, 2.0, 2.0, 2.0, 2.0, 2.0, 2.0, 2.0, 2.0, 2.0, 2.0, 2.0, 2.0, 2.0, 2.0, 2.0, 2.0, 2.0, 2.0, 2.0, 2.0, 2.0, 2.0, 2.0, 2.0, 2.0, 2.0, 2.0, 2.0, 2.0, 2.0, 2.0, 2.0, 2.0, 2.0, 2.0, 2.0, 2.0, 2.0, 2.0, 2.0, 2.0, 2.0, 2.0, 2.0, 2.0, 2.0, 2.0, 2.0, 2.0, 2.0, 2.0, 2.0, 2.0, 2.0, 2.0, 2.0, 2.0, 2.0, 2.0, 2.0, 2.0, 2.0, 2.0, 2.0, 2.0, 2.0, 2.0, 2.0, 2.0, 2.0, 2.0, 2.0, 2.0, 2.0, 2.0, 2.0, 2.0, 2.0, 2.0, 2.0, 2.0, 2.0, 2.0, 2.0, 2.0, 2.0, 2.0, 2.0, 2.0, 2.0, 2.0, 2.0, 2.0, 2.0, 2.0, 2.0, 2.0, 2.0, 2.0, 2.0, 2.0, 2.0, 2.0, 2.0, 2.0, 2.0, 2.0, 2.0, 2.0, 2.0, 2.0, 2.0, 2.0, 2.0, 2.0, 2.0, 2.0, 2.0, 2.0, 2.0, 2.0, 2.0, 2.0, 2.0, 2.0, 2.0, 2.0, 2.0, 2.0, 2.0, 2.0, 2.0, 2.0, 2.0, 2.0, 2.0, 2.0, 2.0, 2.0, 2.0, 2.0, 2.0, 2.0, 2.0, 2.0, 2.0, 2.0, 2.0, 2.0, 2.0, 2.0, 2.0, 2.0, 2.0, 2.0, 2.0, 2.0, 2.0, 2.0, 2.0, 2.0, 2.0, 2.0, 2.0, 2.0, 2.0, 2.0, 2.0, 2.0, 2.0, 2.0, 2.0, 2.0, 2.0, 2.0, 2.0, 2.0, 2.0, 2.0, 2.0, 2.0, 2.0, 2.0, 2.0, 2.0, 2.0, 2.0, 2.0, 2.0, 2.0, 2.0]",COMPLETE
