,number,value,datetime_start,datetime_complete,duration,params_batch_size_scaler,params_constant_learning_rate,params_depth,params_epochs,params_kernel_l2,params_num_trees,params_temperature,user_attrs_accuracy_test,user_attrs_accuracy_valid,user_attrs_approximate_feature_sparsity,user_attrs_approximate_feature_sparsity_history,user_attrs_approximate_weight_sparsity,user_attrs_approximate_weight_sparsity_history,user_attrs_auc_test,user_attrs_auc_valid,user_attrs_feature_sparsity,user_attrs_feature_sparsity_history,user_attrs_num_epochs,user_attrs_val_loss_history,user_attrs_weight_sparsity,user_attrs_weight_sparsity_history,state
79,79,0.9390836135049144,2024-08-31 03:45:45.441198,2024-08-31 03:46:26.665169,0 days 00:00:41.223971,16,0.8307000233894253,3,260,0.0015578351477885187,37,0.0003679625840767787,0.943,0.945,30,"[33, 33, 33, 33, 33, 33, 33, 33, 33, 33, 33, 33, 33, 33, 33, 33, 33, 33, 33, 33, 33, 33, 33, 33, 33, 33, 33, 33, 33, 33, 33, 33, 33, 33, 33, 33, 33, 33, 33, 33, 33, 33, 33, 33, 33, 33, 33, 33, 33, 33, 33, 33, 33, 33, 33, 33, 33, 33, 33, 33, 33, 33, 33, 33, 33, 33, 33, 33, 33, 33, 33, 33, 33, 33, 33, 33, 33, 33, 33, 33, 33, 33, 33, 33, 33, 33, 33, 33, 33, 32, 32, 32, 32, 32, 32, 32, 32, 32, 32, 32, 32, 32, 32, 32, 32, 32, 32, 32, 32, 32, 32, 32, 32, 32, 31, 31, 31, 31, 31, 31, 31, 31, 31, 31, 31, 31, 31, 31, 31, 31, 31, 31, 31, 31, 31, 31, 31, 31, 31, 31, 31, 31, 31, 31, 31, 31, 31, 31, 31, 31, 31, 31, 31, 31, 31, 31, 31, 31, 31, 31, 31, 31, 31, 31, 31, 31, 31, 31, 31, 31, 31, 31, 31, 31, 31, 31, 31, 31, 31, 31, 31, 31, 31, 31, 31, 31, 31, 31, 31, 31, 31, 31, 31, 31, 31, 31, 31, 31, 31, 31, 31, 31, 31, 31, 31, 31, 31, 31, 31, 31, 31, 31, 31, 31, 31, 31, 30, 30, 30, 30, 30, 30, 30, 30, 30, 30, 30, 30, 30, 30, 30, 30, 30, 30, 30, 30, 30, 30, 30, 30, 30, 30, 30, 30, 30, 30, 30, 30, 30, 30, 30, 30, 30, 30, 30, 30, 30, 30, 30, 30]",29.984555984555985,"[32.972972972972975, 32.980694980694985, 32.97683397683397, 32.98455598455598, 32.988416988416986, 32.980694980694985, 32.97683397683398, 32.98069498069498, 32.980694980694985, 32.97683397683398, 32.98069498069498, 32.972972972972975, 32.98069498069498, 32.96911196911197, 32.988416988416986, 32.965250965250966, 32.98455598455598, 32.988416988416986, 32.99227799227799, 32.99227799227799, 32.99227799227799, 32.98069498069498, 32.99227799227799, 32.98069498069498, 32.99227799227799, 32.98455598455598, 32.980694980694985, 32.98455598455598, 32.96911196911197, 32.98455598455598, 32.972972972972975, 32.980694980694985, 32.98455598455598, 32.98069498069498, 32.98455598455598, 32.988416988416986, 32.988416988416986, 32.99227799227799, 32.98455598455598, 32.988416988416986, 32.996138996138995, 32.97683397683398, 32.97683397683397, 32.98455598455598, 32.98455598455598, 32.96911196911197, 32.96911196911197, 32.996138996138995, 32.98455598455598, 32.97683397683398, 32.980694980694985, 32.965250965250966, 32.99227799227799, 32.98069498069498, 32.965250965250966, 32.972972972972975, 32.972972972972975, 32.96911196911197, 32.988416988416986, 32.97683397683397, 32.98069498069498, 32.99227799227799, 32.972972972972975, 32.98455598455598, 32.98455598455598, 32.972972972972975, 32.972972972972975, 32.972972972972975, 32.980694980694985, 32.972972972972975, 32.98455598455598, 32.965250965250966, 32.972972972972975, 32.988416988416986, 32.980694980694985, 32.996138996138995, 32.988416988416986, 32.96911196911197, 32.98069498069498, 32.97683397683398, 32.97683397683398, 32.988416988416986, 32.98455598455598, 32.98455598455598, 32.99227799227799, 32.99227799227799, 32.980694980694985, 32.97683397683398, 32.98069498069498, 31.98069498069498, 31.99227799227799, 31.98069498069498, 31.984555984555985, 31.984555984555985, 31.984555984555985, 31.972972972972975, 32.0, 31.988416988416986, 31.996138996138995, 31.98841698841699, 31.99227799227799, 31.984555984555985, 31.972972972972975, 31.984555984555985, 31.96911196911197, 31.972972972972972, 31.97683397683398, 31.99227799227799, 31.988416988416986, 31.984555984555982, 31.984555984555985, 31.97683397683398, 31.98069498069498, 31.96911196911197, 30.98069498069498, 30.984555984555985, 30.98069498069498, 30.972972972972975, 30.98069498069498, 30.98841698841699, 30.972972972972975, 30.984555984555982, 30.988416988416986, 30.984555984555985, 30.984555984555985, 30.97683397683398, 30.97683397683398, 30.972972972972972, 30.97683397683398, 30.980694980694985, 30.980694980694985, 30.984555984555985, 30.980694980694985, 30.988416988416986, 30.96911196911197, 30.984555984555985, 30.984555984555985, 30.984555984555985, 30.96911196911197, 30.97683397683398, 30.984555984555982, 30.988416988416986, 30.996138996138995, 30.98069498069498, 30.976833976833976, 30.984555984555982, 30.984555984555985, 30.984555984555985, 30.972972972972975, 30.965250965250966, 30.99227799227799, 30.99227799227799, 30.99227799227799, 30.980694980694985, 30.984555984555985, 30.988416988416986, 30.984555984555985, 30.988416988416986, 30.99227799227799, 30.996138996138995, 30.976833976833976, 30.984555984555985, 30.984555984555985, 30.988416988416986, 30.988416988416986, 30.988416988416986, 30.99227799227799, 30.97683397683398, 30.98069498069498, 30.984555984555982, 30.972972972972975, 30.984555984555985, 30.984555984555985, 30.980694980694985, 30.972972972972975, 30.98069498069498, 30.972972972972972, 30.972972972972975, 30.984555984555985, 30.98069498069498, 30.980694980694985, 30.98069498069498, 30.98069498069498, 30.988416988416986, 30.984555984555985, 30.996138996138995, 30.984555984555985, 30.984555984555982, 30.996138996138995, 30.98841698841699, 30.99227799227799, 30.984555984555985, 30.988416988416986, 30.969111969111967, 30.976833976833976, 30.98069498069498, 30.97683397683398, 30.980694980694985, 30.972972972972975, 30.98069498069498, 30.97683397683398, 30.97683397683398, 30.96911196911197, 30.976833976833976, 30.984555984555985, 30.988416988416986, 30.988416988416986, 30.98069498069498, 30.98841698841699, 30.984555984555985, 30.984555984555985, 30.98841698841699, 30.988416988416986, 30.984555984555985, 30.972972972972975, 30.98069498069498, 29.98069498069498, 29.988416988416986, 29.976833976833976, 29.984555984555982, 29.988416988416986, 29.98841698841699, 29.99227799227799, 29.98841698841699, 29.984555984555985, 29.99227799227799, 29.988416988416986, 29.98841698841699, 29.976833976833976, 29.984555984555985, 29.98069498069498, 29.97683397683398, 29.99227799227799, 29.984555984555985, 29.980694980694985, 29.972972972972975, 29.984555984555982, 29.988416988416986, 29.99227799227799, 29.988416988416986, 29.96911196911197, 29.97683397683398, 29.99227799227799, 29.97683397683398, 29.965250965250966, 29.984555984555985, 29.984555984555985, 29.988416988416986, 29.988416988416986, 29.984555984555982, 29.988416988416986, 29.98069498069498, 29.984555984555985, 29.984555984555985, 29.97683397683398, 29.984555984555985, 29.984555984555985, 29.96911196911197, 29.984555984555985, 29.984555984555985]",0.9126313790569605,0.9390836135049144,30,"[33, 33, 33, 33, 33, 33, 33, 33, 33, 33, 33, 33, 33, 33, 33, 33, 33, 33, 33, 33, 33, 33, 33, 33, 33, 33, 33, 33, 33, 33, 33, 33, 33, 33, 33, 33, 33, 33, 33, 33, 33, 33, 33, 33, 33, 33, 33, 33, 33, 33, 33, 33, 33, 33, 33, 33, 33, 33, 33, 33, 33, 33, 33, 33, 33, 33, 33, 33, 33, 33, 33, 33, 33, 33, 33, 33, 33, 33, 33, 33, 33, 33, 33, 33, 33, 33, 33, 33, 33, 32, 32, 32, 32, 32, 32, 32, 32, 32, 32, 32, 32, 32, 32, 32, 32, 32, 32, 32, 32, 32, 32, 32, 32, 32, 31, 31, 31, 31, 31, 31, 31, 31, 31, 31, 31, 31, 31, 31, 31, 31, 31, 31, 31, 31, 31, 31, 31, 31, 31, 31, 31, 31, 31, 31, 31, 31, 31, 31, 31, 31, 31, 31, 31, 31, 31, 31, 31, 31, 31, 31, 31, 31, 31, 31, 31, 31, 31, 31, 31, 31, 31, 31, 31, 31, 31, 31, 31, 31, 31, 31, 31, 31, 31, 31, 31, 31, 31, 31, 31, 31, 31, 31, 31, 31, 31, 31, 31, 31, 31, 31, 31, 31, 31, 31, 31, 31, 31, 31, 31, 31, 31, 31, 31, 31, 31, 31, 30, 30, 30, 30, 30, 30, 30, 30, 30, 30, 30, 30, 30, 30, 30, 30, 30, 30, 30, 30, 30, 30, 30, 30, 30, 30, 30, 30, 30, 30, 30, 30, 30, 30, 30, 30, 30, 30, 30, 30, 30, 30, 30, 30]",260,"[0.37969332933425903, 0.3671390414237976, 0.3595098853111267, 0.3508969843387604, 0.3599424362182617, 0.33854126930236816, 0.3317274749279022, 0.3240562081336975, 0.3183830976486206, 0.3116418123245239, 0.3074013292789459, 0.29885488748550415, 0.2882930040359497, 0.28462544083595276, 0.2775159478187561, 0.2836827337741852, 0.2681941092014313, 0.27378419041633606, 0.25916722416877747, 0.2612421214580536, 0.2651827931404114, 0.2512630224227905, 0.2505223751068115, 0.2413165122270584, 0.24287748336791992, 0.2421451359987259, 0.23948317766189575, 0.2337244600057602, 0.23251862823963165, 0.23146255314350128, 0.24217170476913452, 0.22699354588985443, 0.22554846107959747, 0.22549186646938324, 0.2186039686203003, 0.22214573621749878, 0.21647296845912933, 0.21819919347763062, 0.21013574302196503, 0.2106763869524002, 0.20830142498016357, 0.20699542760849, 0.20556995272636414, 0.2088586390018463, 0.22152194380760193, 0.20051273703575134, 0.20469091832637787, 0.20641182363033295, 0.19882060587406158, 0.19658879935741425, 0.19589586555957794, 0.19821502268314362, 0.19541792571544647, 0.1948329359292984, 0.19033461809158325, 0.19584079086780548, 0.19213473796844482, 0.1922381967306137, 0.19117164611816406, 0.19237470626831055, 0.18755508959293365, 0.19974087178707123, 0.18930993974208832, 0.18811005353927612, 0.18878673017024994, 0.18780776858329773, 0.18580949306488037, 0.18523626029491425, 0.18541719019412994, 0.19430997967720032, 0.19912676513195038, 0.18306566774845123, 0.1921176165342331, 0.18475709855556488, 0.18954187631607056, 0.18346363306045532, 0.18197105824947357, 0.18333378434181213, 0.18486317992210388, 0.19071008265018463, 0.18567028641700745, 0.18092107772827148, 0.1884532868862152, 0.18067115545272827, 0.18238383531570435, 0.18139538168907166, 0.17875291407108307, 0.1799510419368744, 0.17930512130260468, 0.17704780399799347, 0.17744116485118866, 0.17787635326385498, 0.18118828535079956, 0.17875385284423828, 0.17488370835781097, 0.1764192134141922, 0.1775178462266922, 0.17617382109165192, 0.1733286827802658, 0.17907781898975372, 0.17392772436141968, 0.1754145473241806, 0.17708072066307068, 0.17197929322719574, 0.17319820821285248, 0.18569381535053253, 0.17158374190330505, 0.17319250106811523, 0.18054340779781342, 0.17266008257865906, 0.17239604890346527, 0.17248676717281342, 0.17101219296455383, 0.17096303403377533, 0.17312544584274292, 0.1708124876022339, 0.1764848679304123, 0.1769540011882782, 0.17501966655254364, 0.19106386601924896, 0.16949720680713654, 0.1712503284215927, 0.16968776285648346, 0.16958656907081604, 0.16649839282035828, 0.1711713969707489, 0.1720803827047348, 0.17010554671287537, 0.17032046616077423, 0.1737384796142578, 0.1773640513420105, 0.17105332016944885, 0.16794155538082123, 0.1722535341978073, 0.17076021432876587, 0.16530302166938782, 0.17423424124717712, 0.17093922197818756, 0.1713431030511856, 0.1670013964176178, 0.16897158324718475, 0.16542711853981018, 0.17578376829624176, 0.1671198308467865, 0.1685749590396881, 0.16895613074302673, 0.16782796382904053, 0.16890735924243927, 0.1768999993801117, 0.16698965430259705, 0.16614915430545807, 0.16743603348731995, 0.16518191993236542, 0.16368578374385834, 0.16748100519180298, 0.1723073422908783, 0.1798742413520813, 0.16502679884433746, 0.16828414797782898, 0.16332975029945374, 0.16743245720863342, 0.1683349758386612, 0.16951803863048553, 0.16820448637008667, 0.1675243228673935, 0.17457184195518494, 0.1679239720106125, 0.17171484231948853, 0.1700354367494583, 0.18483249843120575, 0.16755370795726776, 0.16692247986793518, 0.164826437830925, 0.16952519118785858, 0.17101997137069702, 0.16653205454349518, 0.16460134088993073, 0.1682959347963333, 0.166772723197937, 0.16444119811058044, 0.1652074009180069, 0.16672678291797638, 0.16832515597343445, 0.1752088963985443, 0.1648407131433487, 0.16964219510555267, 0.16732849180698395, 0.1687113344669342, 0.16732440888881683, 0.1698531210422516, 0.16873221099376678, 0.16389000415802002, 0.17047269642353058, 0.17150996625423431, 0.16741561889648438, 0.1691799908876419, 0.16809073090553284, 0.16586624085903168, 0.1662992686033249, 0.16921409964561462, 0.17883235216140747, 0.17216993868350983, 0.17083479464054108, 0.18969054520130157, 0.17064416408538818, 0.1725454479455948, 0.18402071297168732, 0.1702004224061966, 0.17036281526088715, 0.17057541012763977, 0.17873996496200562, 0.17021065950393677, 0.17138569056987762, 0.17257964611053467, 0.17039065062999725, 0.17439144849777222, 0.16950614750385284, 0.18174484372138977, 0.17180414497852325, 0.1701982468366623, 0.17351292073726654, 0.16959086060523987, 0.16838020086288452, 0.17513664066791534, 0.1791999638080597, 0.17209380865097046, 0.17018383741378784, 0.1720615029335022, 0.16930942237377167, 0.17984186112880707, 0.17122982442378998, 0.17972971498966217, 0.17386434972286224, 0.1715928465127945, 0.1720699816942215, 0.1779719740152359, 0.17193378508090973, 0.17176279425621033, 0.18021288514137268, 0.17039281129837036, 0.1762845814228058, 0.1718359887599945, 0.1712406575679779, 0.17587558925151825, 0.1839040368795395, 0.17817111313343048, 0.17568780481815338, 0.17730684578418732, 0.17896555364131927, 0.17904497683048248, 0.17933060228824615, 0.18921500444412231, 0.17588065564632416, 0.1810474544763565, 0.18202584981918335, 0.18712656199932098, 0.17813058197498322, 0.18050235509872437, 0.18963073194026947, 0.1775781810283661]",30.0,"[33.0, 33.0, 33.0, 33.0, 33.0, 33.0, 33.0, 33.0, 33.0, 33.0, 33.0, 33.0, 33.0, 33.0, 33.0, 33.0, 33.0, 33.0, 33.0, 33.0, 33.0, 33.0, 33.0, 33.0, 33.0, 33.0, 33.0, 33.0, 33.0, 33.0, 33.0, 33.0, 33.0, 33.0, 33.0, 33.0, 33.0, 33.0, 33.0, 33.0, 33.0, 33.0, 33.0, 33.0, 33.0, 33.0, 33.0, 33.0, 33.0, 33.0, 33.0, 33.0, 33.0, 33.0, 33.0, 33.0, 33.0, 33.0, 33.0, 33.0, 33.0, 33.0, 33.0, 33.0, 33.0, 33.0, 33.0, 33.0, 33.0, 33.0, 33.0, 33.0, 33.0, 33.0, 33.0, 33.0, 33.0, 33.0, 33.0, 33.0, 33.0, 33.0, 33.0, 33.0, 33.0, 33.0, 33.0, 33.0, 33.0, 32.0, 32.0, 32.0, 32.0, 32.0, 32.0, 32.0, 32.0, 32.0, 32.0, 32.0, 32.0, 32.0, 32.0, 32.0, 32.0, 32.0, 32.0, 32.0, 32.0, 32.0, 32.0, 32.0, 32.0, 32.0, 31.0, 31.0, 31.0, 31.0, 31.0, 31.0, 31.0, 31.0, 31.0, 31.0, 31.0, 31.0, 31.0, 31.0, 31.0, 31.0, 31.0, 31.0, 31.0, 31.0, 31.0, 31.0, 31.0, 31.0, 31.0, 31.0, 31.0, 31.0, 31.0, 31.0, 31.0, 31.0, 31.0, 31.0, 31.0, 31.0, 31.0, 31.0, 31.0, 31.0, 31.0, 31.0, 31.0, 31.0, 31.0, 31.0, 31.0, 31.0, 31.0, 31.0, 31.0, 31.0, 31.0, 31.0, 31.0, 31.0, 31.0, 31.0, 31.0, 31.0, 31.0, 31.0, 31.0, 31.0, 31.0, 31.0, 31.0, 31.0, 31.0, 31.0, 31.0, 31.0, 31.0, 31.0, 31.0, 31.0, 31.0, 31.0, 31.0, 31.0, 31.0, 31.0, 31.0, 31.0, 31.0, 31.0, 31.0, 31.0, 31.0, 31.0, 31.0, 31.0, 31.0, 31.0, 31.0, 31.0, 31.0, 31.0, 31.0, 31.0, 31.0, 31.0, 30.0, 30.0, 30.0, 30.0, 30.0, 30.0, 30.0, 30.0, 30.0, 30.0, 30.0, 30.0, 30.0, 30.0, 30.0, 30.0, 30.0, 30.0, 30.0, 30.0, 30.0, 30.0, 30.0, 30.0, 30.0, 30.0, 30.0, 30.0, 30.0, 30.0, 30.0, 30.0, 30.0, 30.0, 30.0, 30.0, 30.0, 30.0, 30.0, 30.0, 30.0, 30.0, 30.0, 30.0]",COMPLETE
