,number,value,datetime_start,datetime_complete,duration,params_batch_size_scaler,params_constant_learning_rate,params_depth,params_epochs,params_kernel_l2,params_num_trees,params_temperature,user_attrs_accuracy_test,user_attrs_accuracy_valid,user_attrs_approximate_feature_sparsity,user_attrs_approximate_feature_sparsity_history,user_attrs_approximate_weight_sparsity,user_attrs_approximate_weight_sparsity_history,user_attrs_auc_test,user_attrs_auc_valid,user_attrs_feature_sparsity,user_attrs_feature_sparsity_history,user_attrs_num_epochs,user_attrs_val_loss_history,user_attrs_weight_sparsity,user_attrs_weight_sparsity_history,state
31,31,0.9192332959771226,2024-08-31 01:39:16.443436,2024-08-31 01:39:46.813650,0 days 00:00:30.370214,4,0.3098534035023498,3,130,0.07161597102103495,59,0.005324177954165349,0.936,0.93375,15,"[33, 33, 33, 33, 33, 33, 32, 28, 23, 19, 17, 17, 17, 16, 16, 16, 16, 16, 15, 15, 15, 15, 15, 15, 15, 15, 15, 15, 15, 15, 15, 15, 15, 15, 15, 15, 15, 15, 15, 15, 15, 15, 15, 15, 15, 15, 15, 15, 15, 15, 15, 15, 15, 15, 15, 15, 15, 15, 15, 15, 15, 15, 15, 15, 15, 15, 15, 15, 15, 15, 15, 15, 15, 15, 15, 15, 15, 15, 15, 15, 15, 15, 15, 15, 15, 15, 15, 15, 15, 15, 15, 15, 15, 15, 15, 15, 15, 15, 15, 15, 15, 15, 15, 15, 15, 15, 15, 15, 15, 15, 15, 15, 15, 15, 15, 15, 15, 15, 15, 15, 15, 15, 15, 15, 15, 15, 15, 15, 15, 15]",14.99273607748184,"[32.97094430992736, 32.97578692493947, 32.95883777239709, 32.97578692493947, 32.97820823244552, 32.95883777239709, 31.97336561743341, 27.968523002421307, 22.98547215496368, 18.990314769975786, 16.98789346246973, 16.98547215496368, 16.992736077481837, 15.98547215496368, 15.990314769975786, 15.987893462469733, 15.987893462469733, 15.99273607748184, 14.987893462469733, 14.983050847457626, 14.98547215496368, 14.990314769975786, 14.995157384987893, 14.980629539951574, 14.987893462469733, 14.995157384987891, 14.97820823244552, 14.987893462469732, 14.990314769975786, 14.98547215496368, 14.99273607748184, 14.983050847457626, 14.98547215496368, 14.978208232445521, 14.975786924939467, 14.987893462469733, 14.980629539951574, 14.98547215496368, 14.978208232445521, 14.990314769975786, 14.990314769975786, 14.98547215496368, 14.990314769975786, 14.995157384987893, 14.992736077481839, 14.990314769975786, 14.98547215496368, 14.97820823244552, 14.990314769975786, 14.987893462469732, 14.987893462469733, 14.980629539951574, 14.985472154963679, 14.978208232445521, 14.987893462469733, 14.987893462469733, 14.99273607748184, 14.980629539951574, 14.983050847457626, 14.992736077481839, 14.992736077481839, 14.985472154963679, 14.987893462469733, 14.978208232445521, 14.978208232445521, 14.983050847457626, 14.985472154963679, 14.98547215496368, 14.983050847457626, 14.992736077481839, 14.995157384987893, 14.980629539951574, 14.987893462469733, 14.995157384987891, 14.987893462469733, 14.980629539951574, 14.978208232445521, 14.987893462469733, 14.983050847457626, 14.985472154963679, 14.990314769975786, 14.985472154963679, 14.987893462469733, 14.975786924939467, 14.966101694915254, 14.98547215496368, 14.985472154963679, 14.990314769975786, 14.980629539951574, 14.987893462469733, 14.975786924939467, 14.978208232445521, 14.987893462469732, 14.978208232445521, 14.990314769975786, 14.983050847457626, 14.975786924939467, 14.983050847457626, 14.98547215496368, 14.980629539951574, 14.99273607748184, 14.987893462469732, 14.975786924939467, 14.98547215496368, 14.980629539951574, 14.958837772397095, 14.973365617433412, 14.990314769975786, 14.990314769975786, 14.983050847457626, 14.975786924939467, 14.966101694915254, 14.97094430992736, 14.983050847457628, 14.983050847457626, 14.973365617433414, 14.990314769975786, 14.975786924939467, 14.983050847457626, 14.987893462469733, 14.98547215496368, 14.985472154963679, 14.973365617433414, 14.978208232445521, 14.98547215496368, 14.975786924939467, 14.975786924939467, 14.970944309927361, 14.980629539951574, 14.99273607748184]",0.9167017561241423,0.9192332959771226,15,"[33, 33, 33, 33, 33, 33, 32, 28, 23, 19, 17, 17, 17, 16, 16, 16, 16, 16, 15, 15, 15, 15, 15, 15, 15, 15, 15, 15, 15, 15, 15, 15, 15, 15, 15, 15, 15, 15, 15, 15, 15, 15, 15, 15, 15, 15, 15, 15, 15, 15, 15, 15, 15, 15, 15, 15, 15, 15, 15, 15, 15, 15, 15, 15, 15, 15, 15, 15, 15, 15, 15, 15, 15, 15, 15, 15, 15, 15, 15, 15, 15, 15, 15, 15, 15, 15, 15, 15, 15, 15, 15, 15, 15, 15, 15, 15, 15, 15, 15, 15, 15, 15, 15, 15, 15, 15, 15, 15, 15, 15, 15, 15, 15, 15, 15, 15, 15, 15, 15, 15, 15, 15, 15, 15, 15, 15, 15, 15, 15, 15]",130,"[0.3875725567340851, 0.3789472281932831, 0.3648429214954376, 0.3583974540233612, 0.3535730838775635, 0.34440481662750244, 0.3429040014743805, 0.326645165681839, 0.3189134895801544, 0.3086848855018616, 0.3012199103832245, 0.29539963603019714, 0.28463640809059143, 0.2763497531414032, 0.2708207964897156, 0.26628947257995605, 0.2638162076473236, 0.25872698426246643, 0.2558760941028595, 0.254474401473999, 0.25151386857032776, 0.24822233617305756, 0.24900047481060028, 0.255977988243103, 0.24182216823101044, 0.24259109795093536, 0.24055466055870056, 0.23779472708702087, 0.23964416980743408, 0.23462122678756714, 0.23491708934307098, 0.23193156719207764, 0.23070572316646576, 0.23147587478160858, 0.23254409432411194, 0.23104403913021088, 0.22896680235862732, 0.22856199741363525, 0.2263629138469696, 0.22569051384925842, 0.22724656760692596, 0.22297650575637817, 0.22403620183467865, 0.2237725853919983, 0.2245662361383438, 0.22390569746494293, 0.2278026044368744, 0.22524186968803406, 0.22590145468711853, 0.22086116671562195, 0.2214512825012207, 0.22185133397579193, 0.23156461119651794, 0.22048652172088623, 0.21928541362285614, 0.2218363881111145, 0.2168627232313156, 0.21925027668476105, 0.22083930671215057, 0.21742528676986694, 0.22434239089488983, 0.21655650436878204, 0.21655815839767456, 0.2178272008895874, 0.2170289009809494, 0.21471308171749115, 0.21367700397968292, 0.21458929777145386, 0.21459877490997314, 0.21581736207008362, 0.21400029957294464, 0.21294063329696655, 0.22076472640037537, 0.2139146625995636, 0.21227429807186127, 0.2105434387922287, 0.2118818461894989, 0.211099773645401, 0.21451906859874725, 0.20964813232421875, 0.20979595184326172, 0.22117194533348083, 0.21236419677734375, 0.21002422273159027, 0.20823104679584503, 0.20764577388763428, 0.2079056352376938, 0.21675121784210205, 0.2079080194234848, 0.2054121047258377, 0.20697477459907532, 0.20702143013477325, 0.20974554121494293, 0.20763660967350006, 0.20772193372249603, 0.20577684044837952, 0.2196572870016098, 0.20515374839305878, 0.20916523039340973, 0.20697550475597382, 0.20576424896717072, 0.20996829867362976, 0.20330767333507538, 0.21598447859287262, 0.203989639878273, 0.20425982773303986, 0.20239326357841492, 0.2090749889612198, 0.20476588606834412, 0.20545734465122223, 0.21466590464115143, 0.20539358258247375, 0.20295833051204681, 0.2034289538860321, 0.20724721252918243, 0.20498794317245483, 0.20192234218120575, 0.20381391048431396, 0.20324493944644928, 0.20227952301502228, 0.20261886715888977, 0.2035263478755951, 0.20210327208042145, 0.2041405886411667, 0.20473338663578033, 0.20150287449359894, 0.2023642510175705, 0.20518207550048828, 0.22124835848808289, 0.20026008784770966]",15.0,"[33.0, 33.0, 33.0, 33.0, 33.0, 33.0, 32.0, 28.0, 23.0, 19.0, 17.0, 17.0, 17.0, 16.0, 16.0, 16.0, 16.0, 16.0, 15.0, 15.0, 15.0, 15.0, 15.0, 15.0, 15.0, 15.0, 15.0, 15.0, 15.0, 15.0, 15.0, 15.0, 15.0, 15.0, 15.0, 15.0, 15.0, 15.0, 15.0, 15.0, 15.0, 15.0, 15.0, 15.0, 15.0, 15.0, 15.0, 15.0, 15.0, 15.0, 15.0, 15.0, 15.0, 15.0, 15.0, 15.0, 15.0, 15.0, 15.0, 15.0, 15.0, 15.0, 15.0, 15.0, 15.0, 15.0, 15.0, 15.0, 15.0, 15.0, 15.0, 15.0, 15.0, 15.0, 15.0, 15.0, 15.0, 15.0, 15.0, 15.0, 15.0, 15.0, 15.0, 15.0, 15.0, 15.0, 15.0, 15.0, 15.0, 15.0, 15.0, 15.0, 15.0, 15.0, 15.0, 15.0, 15.0, 15.0, 15.0, 15.0, 15.0, 15.0, 15.0, 15.0, 15.0, 15.0, 15.0, 15.0, 15.0, 15.0, 15.0, 15.0, 15.0, 15.0, 15.0, 15.0, 15.0, 15.0, 15.0, 15.0, 15.0, 15.0, 15.0, 15.0, 15.0, 15.0, 15.0, 15.0, 15.0, 15.0]",COMPLETE
