,number,value,datetime_start,datetime_complete,duration,params_batch_size_scaler,params_constant_learning_rate,params_depth,params_epochs,params_kernel_l2,params_num_trees,params_temperature,user_attrs_accuracy_test,user_attrs_accuracy_valid,user_attrs_approximate_feature_sparsity,user_attrs_approximate_feature_sparsity_history,user_attrs_approximate_weight_sparsity,user_attrs_approximate_weight_sparsity_history,user_attrs_auc_test,user_attrs_auc_valid,user_attrs_feature_sparsity,user_attrs_feature_sparsity_history,user_attrs_num_epochs,user_attrs_val_loss_history,user_attrs_weight_sparsity,user_attrs_weight_sparsity_history,state
99,99,0.5,2024-08-31 04:28:22.251361,2024-08-31 04:28:37.350006,0 days 00:00:15.098645,16,0.1680990522032104,1,155,0.15795516097973367,10,0.0002543080496244004,0.859,0.85875,0,"[33, 33, 33, 33, 33, 33, 33, 33, 33, 33, 32, 32, 30, 27, 24, 19, 16, 12, 9, 7, 7, 5, 5, 5, 5, 5, 5, 5, 5, 5, 4, 4, 4, 4, 4, 4, 4, 4, 4, 4, 4, 4, 4, 4, 4, 4, 4, 4, 4, 3, 3, 3, 3, 3, 3, 2, 2, 2, 2, 2, 2, 2, 2, 2, 2, 2, 2, 2, 2, 2, 2, 2, 2, 2, 2, 2, 2, 2, 2, 2, 1, 1, 1, 1, 1, 1, 1, 1, 1, 1, 1, 1, 1, 1, 1, 1, 1, 1, 1, 1, 1, 1, 1, 1, 1, 1, 1, 1, 1, 1, 1, 1, 1, 1, 1, 1, 1, 1, 1, 1, 1, 1, 1, 1, 1, 1, 1, 1, 1, 1, 1, 1, 1, 1, 1, 1, 1, 1, 0, 0, 0, 0, 0, 0, 0, 0, 0, 0, 0, 0, 0, 0, 0, 0, 0]",0.0,"[32.9, 33.0, 33.0, 33.0, 33.0, 33.0, 33.0, 33.0, 33.0, 33.0, 32.0, 31.9, 29.9, 27.0, 23.9, 19.0, 16.0, 12.0, 8.9, 7.0, 7.0, 5.0, 5.0, 5.0, 5.0, 5.0, 5.0, 5.0, 5.0, 5.0, 4.0, 4.0, 4.0, 4.0, 4.0, 4.0, 4.0, 4.0, 4.0, 4.0, 4.0, 4.0, 4.0, 4.0, 4.0, 4.0, 4.0, 4.0, 4.0, 3.0, 3.0, 3.0, 3.0, 3.0, 3.0, 2.0, 2.0, 2.0, 2.0, 2.0, 2.0, 2.0, 2.0, 2.0, 2.0, 2.0, 2.0, 2.0, 2.0, 2.0, 2.0, 2.0, 2.0, 2.0, 2.0, 2.0, 2.0, 2.0, 2.0, 2.0, 1.0, 1.0, 1.0, 1.0, 1.0, 1.0, 1.0, 1.0, 1.0, 1.0, 1.0, 1.0, 1.0, 1.0, 1.0, 1.0, 1.0, 1.0, 1.0, 1.0, 1.0, 1.0, 1.0, 1.0, 1.0, 1.0, 1.0, 1.0, 1.0, 1.0, 1.0, 1.0, 1.0, 1.0, 1.0, 1.0, 1.0, 1.0, 1.0, 1.0, 1.0, 1.0, 1.0, 1.0, 1.0, 1.0, 1.0, 1.0, 1.0, 1.0, 1.0, 1.0, 1.0, 1.0, 1.0, 1.0, 1.0, 1.0, 0.0, 0.0, 0.0, 0.0, 0.0, 0.0, 0.0, 0.0, 0.0, 0.0, 0.0, 0.0, 0.0, 0.0, 0.0, 0.0, 0.0]",0.5,0.5,0,"[33, 33, 33, 33, 33, 33, 33, 33, 33, 33, 32, 32, 30, 27, 24, 19, 16, 12, 9, 7, 7, 5, 5, 5, 5, 5, 5, 5, 5, 5, 4, 4, 4, 4, 4, 4, 4, 4, 4, 4, 4, 4, 4, 4, 4, 4, 4, 4, 4, 3, 3, 3, 3, 3, 3, 2, 2, 2, 2, 2, 2, 2, 2, 2, 2, 2, 2, 2, 2, 2, 2, 2, 2, 2, 2, 2, 2, 2, 2, 2, 1, 1, 1, 1, 1, 1, 1, 1, 1, 1, 1, 1, 1, 1, 1, 1, 1, 1, 1, 1, 1, 1, 1, 1, 1, 1, 1, 1, 1, 1, 1, 1, 1, 1, 1, 1, 1, 1, 1, 1, 1, 1, 1, 1, 1, 1, 1, 1, 1, 1, 1, 1, 1, 1, 1, 1, 1, 1, 0, 0, 0, 0, 0, 0, 0, 0, 0, 0, 0, 0, 0, 0, 0, 0, 0]",155,"[0.6161229610443115, 0.5809295177459717, 0.5523322820663452, 0.5278289914131165, 0.5066007375717163, 0.4891843795776367, 0.4736248254776001, 0.4607134163379669, 0.4491790533065796, 0.4393206536769867, 0.4299600124359131, 0.4220938980579376, 0.4136890470981598, 0.4072134494781494, 0.4000566899776459, 0.3940197825431824, 0.38758671283721924, 0.38453084230422974, 0.38156235218048096, 0.38469964265823364, 0.38379016518592834, 0.38152042031288147, 0.3807532787322998, 0.37987473607063293, 0.3792816400527954, 0.378757506608963, 0.3782782256603241, 0.3778315484523773, 0.37760162353515625, 0.37713444232940674, 0.38084426522254944, 0.3773699104785919, 0.376984179019928, 0.3776590824127197, 0.37649303674697876, 0.37623104453086853, 0.3760523498058319, 0.3759831488132477, 0.3767077326774597, 0.37511196732521057, 0.37494537234306335, 0.3748208284378052, 0.3746247887611389, 0.37464675307273865, 0.37397345900535583, 0.3741340637207031, 0.3737262487411499, 0.3735600709915161, 0.3735198676586151, 0.38707688450813293, 0.38690420985221863, 0.3867878019809723, 0.3869236409664154, 0.3865445852279663, 0.38685745000839233, 0.4124543070793152, 0.39153236150741577, 0.39123398065567017, 0.390960693359375, 0.3907615542411804, 0.3906658887863159, 0.3902280330657959, 0.3900465667247772, 0.3898608684539795, 0.3899199664592743, 0.3897397518157959, 0.3894330859184265, 0.38946670293807983, 0.38939082622528076, 0.3890766203403473, 0.388988196849823, 0.3892550766468048, 0.3886832892894745, 0.3889593482017517, 0.38856765627861023, 0.3892127275466919, 0.38861748576164246, 0.3882034718990326, 0.38812491297721863, 0.3879965543746948, 0.3939761221408844, 0.39431440830230713, 0.394073486328125, 0.3940029442310333, 0.393813818693161, 0.39402830600738525, 0.39380234479904175, 0.3943960666656494, 0.3936369717121124, 0.3936196267604828, 0.3937453329563141, 0.39355650544166565, 0.3938458561897278, 0.39349234104156494, 0.39353033900260925, 0.3934928774833679, 0.3933638036251068, 0.39344561100006104, 0.39355140924453735, 0.39371994137763977, 0.3933274745941162, 0.39346036314964294, 0.39368143677711487, 0.39369839429855347, 0.39312297105789185, 0.39405521750450134, 0.39331257343292236, 0.39303088188171387, 0.3929930031299591, 0.3929482698440552, 0.3930627107620239, 0.39347994327545166, 0.39289674162864685, 0.39290866255760193, 0.3932673931121826, 0.3929060101509094, 0.3927289843559265, 0.3928717076778412, 0.3938763737678528, 0.3926635682582855, 0.39262866973876953, 0.3927968144416809, 0.39258626103401184, 0.3926580548286438, 0.39251312613487244, 0.39254075288772583, 0.39292553067207336, 0.3924597501754761, 0.3924204111099243, 0.39251190423965454, 0.3923240900039673, 0.39315369725227356, 0.3922898471355438, 0.3924032151699066, 0.39225754141807556, 0.3926127552986145, 0.39292386174201965, 0.39257994294166565, 0.407227486371994, 0.4075009822845459, 0.40782400965690613, 0.407658189535141, 0.40722671151161194, 0.4088250398635864, 0.4072771370410919, 0.40729281306266785, 0.4076475203037262, 0.40723198652267456, 0.4073219299316406, 0.4073406159877777, 0.4072497487068176, 0.4074649512767792, 0.4075058698654175, 0.40763717889785767, 0.4072261154651642]",0.0,"[33.0, 33.0, 33.0, 33.0, 33.0, 33.0, 33.0, 33.0, 33.0, 33.0, 32.0, 32.0, 30.0, 27.0, 24.0, 19.0, 16.0, 12.0, 9.0, 7.0, 7.0, 5.0, 5.0, 5.0, 5.0, 5.0, 5.0, 5.0, 5.0, 5.0, 4.0, 4.0, 4.0, 4.0, 4.0, 4.0, 4.0, 4.0, 4.0, 4.0, 4.0, 4.0, 4.0, 4.0, 4.0, 4.0, 4.0, 4.0, 4.0, 3.0, 3.0, 3.0, 3.0, 3.0, 3.0, 2.0, 2.0, 2.0, 2.0, 2.0, 2.0, 2.0, 2.0, 2.0, 2.0, 2.0, 2.0, 2.0, 2.0, 2.0, 2.0, 2.0, 2.0, 2.0, 2.0, 2.0, 2.0, 2.0, 2.0, 2.0, 1.0, 1.0, 1.0, 1.0, 1.0, 1.0, 1.0, 1.0, 1.0, 1.0, 1.0, 1.0, 1.0, 1.0, 1.0, 1.0, 1.0, 1.0, 1.0, 1.0, 1.0, 1.0, 1.0, 1.0, 1.0, 1.0, 1.0, 1.0, 1.0, 1.0, 1.0, 1.0, 1.0, 1.0, 1.0, 1.0, 1.0, 1.0, 1.0, 1.0, 1.0, 1.0, 1.0, 1.0, 1.0, 1.0, 1.0, 1.0, 1.0, 1.0, 1.0, 1.0, 1.0, 1.0, 1.0, 1.0, 1.0, 1.0, 0.0, 0.0, 0.0, 0.0, 0.0, 0.0, 0.0, 0.0, 0.0, 0.0, 0.0, 0.0, 0.0, 0.0, 0.0, 0.0, 0.0]",COMPLETE
100,100,0.5,2024-08-31 04:28:37.359248,2024-08-31 04:29:14.641333,0 days 00:00:37.282085,1,0.1010058226216199,1,100,0.40559791482949453,30,0.008202638633905473,0.859,0.85875,0,"[1, 0, 0, 0, 0, 0, 0, 0, 0, 0, 0, 0, 0, 0, 0, 0, 0, 0, 0, 0, 0, 0, 0, 0, 0, 0, 0, 0, 0, 0, 0, 0, 0, 0, 0, 0, 0, 0, 0, 0, 0, 0, 0, 0, 0, 0, 0, 0, 0, 0, 0, 0, 0, 0, 0, 0, 0, 0, 0, 0, 0, 0, 0, 0, 0, 0, 0, 0, 0, 0, 0, 0, 0, 0, 0, 0, 0, 0, 0, 0, 0, 0, 0, 0, 0, 0, 0, 0, 0, 0, 0, 0, 0, 0, 0, 0, 0, 0, 0, 0]",0.0,"[1.0, 0.0, 0.0, 0.0, 0.0, 0.0, 0.0, 0.0, 0.0, 0.0, 0.0, 0.0, 0.0, 0.0, 0.0, 0.0, 0.0, 0.0, 0.0, 0.0, 0.0, 0.0, 0.0, 0.0, 0.0, 0.0, 0.0, 0.0, 0.0, 0.0, 0.0, 0.0, 0.0, 0.0, 0.0, 0.0, 0.0, 0.0, 0.0, 0.0, 0.0, 0.0, 0.0, 0.0, 0.0, 0.0, 0.0, 0.0, 0.0, 0.0, 0.0, 0.0, 0.0, 0.0, 0.0, 0.0, 0.0, 0.0, 0.0, 0.0, 0.0, 0.0, 0.0, 0.0, 0.0, 0.0, 0.0, 0.0, 0.0, 0.0, 0.0, 0.0, 0.0, 0.0, 0.0, 0.0, 0.0, 0.0, 0.0, 0.0, 0.0, 0.0, 0.0, 0.0, 0.0, 0.0, 0.0, 0.0, 0.0, 0.0, 0.0, 0.0, 0.0, 0.0, 0.0, 0.0, 0.0, 0.0, 0.0, 0.0]",0.5,0.5,0,"[1, 0, 0, 0, 0, 0, 0, 0, 0, 0, 0, 0, 0, 0, 0, 0, 0, 0, 0, 0, 0, 0, 0, 0, 0, 0, 0, 0, 0, 0, 0, 0, 0, 0, 0, 0, 0, 0, 0, 0, 0, 0, 0, 0, 0, 0, 0, 0, 0, 0, 0, 0, 0, 0, 0, 0, 0, 0, 0, 0, 0, 0, 0, 0, 0, 0, 0, 0, 0, 0, 0, 0, 0, 0, 0, 0, 0, 0, 0, 0, 0, 0, 0, 0, 0, 0, 0, 0, 0, 0, 0, 0, 0, 0, 0, 0, 0, 0, 0, 0]",100,"[0.41303595900535583, 0.41055721044540405, 0.42105379700660706, 0.4120892286300659, 0.4076734781265259, 0.4077669084072113, 0.426790326833725, 0.40963536500930786, 0.40722617506980896, 0.4142564833164215, 0.4081525504589081, 0.41099628806114197, 0.4074556827545166, 0.4072268009185791, 0.4151303172111511, 0.4073449373245239, 0.4144505262374878, 0.4081277549266815, 0.40815314650535583, 0.4177625775337219, 0.4092881679534912, 0.40812888741493225, 0.40775981545448303, 0.4138839840888977, 0.4085840880870819, 0.41286006569862366, 0.40781617164611816, 0.4087781012058258, 0.4073222875595093, 0.4072318971157074, 0.4302383065223694, 0.4109708368778229, 0.4129077196121216, 0.4199748635292053, 0.40770694613456726, 0.4077891409397125, 0.40974342823028564, 0.4139879643917084, 0.4078814387321472, 0.407543420791626, 0.41883715987205505, 0.4200809597969055, 0.41568058729171753, 0.41740235686302185, 0.4082983136177063, 0.4072815775871277, 0.4077209532260895, 0.4075510501861572, 0.42273247241973877, 0.41117367148399353, 0.418035626411438, 0.407541960477829, 0.4079729914665222, 0.4072386622428894, 0.42310914397239685, 0.4077472686767578, 0.41476213932037354, 0.4091354310512543, 0.4164959192276001, 0.40789511799812317, 0.412687748670578, 0.4212113320827484, 0.41157233715057373, 0.4222339987754822, 0.4086243510246277, 0.40796419978141785, 0.4243537187576294, 0.41318172216415405, 0.4119781255722046, 0.42373642325401306, 0.4072822630405426, 0.4138905704021454, 0.4133394956588745, 0.408426433801651, 0.4077098071575165, 0.4168090522289276, 0.4125480651855469, 0.41389819979667664, 0.4209485352039337, 0.42096370458602905, 0.4076346457004547, 0.40997132658958435, 0.4159468412399292, 0.4162304997444153, 0.40722769498825073, 0.4111127555370331, 0.40732842683792114, 0.4077557325363159, 0.411332368850708, 0.4123257100582123, 0.4404638707637787, 0.4185347259044647, 0.4074994623661041, 0.42102351784706116, 0.43875283002853394, 0.4318365454673767, 0.4150128960609436, 0.4072268307209015, 0.40830421447753906, 0.4360349178314209]",0.0,"[1.0, 0.0, 0.0, 0.0, 0.0, 0.0, 0.0, 0.0, 0.0, 0.0, 0.0, 0.0, 0.0, 0.0, 0.0, 0.0, 0.0, 0.0, 0.0, 0.0, 0.0, 0.0, 0.0, 0.0, 0.0, 0.0, 0.0, 0.0, 0.0, 0.0, 0.0, 0.0, 0.0, 0.0, 0.0, 0.0, 0.0, 0.0, 0.0, 0.0, 0.0, 0.0, 0.0, 0.0, 0.0, 0.0, 0.0, 0.0, 0.0, 0.0, 0.0, 0.0, 0.0, 0.0, 0.0, 0.0, 0.0, 0.0, 0.0, 0.0, 0.0, 0.0, 0.0, 0.0, 0.0, 0.0, 0.0, 0.0, 0.0, 0.0, 0.0, 0.0, 0.0, 0.0, 0.0, 0.0, 0.0, 0.0, 0.0, 0.0, 0.0, 0.0, 0.0, 0.0, 0.0, 0.0, 0.0, 0.0, 0.0, 0.0, 0.0, 0.0, 0.0, 0.0, 0.0, 0.0, 0.0, 0.0, 0.0, 0.0]",COMPLETE
