,number,value,datetime_start,datetime_complete,duration,params_batch_size_scaler,params_constant_learning_rate,params_depth,params_epochs,params_kernel_l2,params_num_trees,params_temperature,user_attrs_accuracy_test,user_attrs_accuracy_valid,user_attrs_approximate_feature_sparsity,user_attrs_approximate_feature_sparsity_history,user_attrs_approximate_weight_sparsity,user_attrs_approximate_weight_sparsity_history,user_attrs_auc_test,user_attrs_auc_valid,user_attrs_feature_sparsity,user_attrs_feature_sparsity_history,user_attrs_num_epochs,user_attrs_val_loss_history,user_attrs_weight_sparsity,user_attrs_weight_sparsity_history,state
16,16,0.5,2024-08-31 01:18:33.383684,2024-08-31 01:19:16.898446,0 days 00:00:43.514762,16,0.11710043126575066,2,445,0.7821662064958466,5,0.009291449532988301,0.859,0.85875,0,"[33, 33, 20, 0, 0, 0, 0, 0, 0, 0, 0, 0, 0, 0, 0, 0, 0, 0, 0, 0, 0, 0, 0, 0, 0, 0, 0, 0, 0, 0, 0, 0, 0, 0, 0, 0, 0, 0, 0, 0, 0, 0, 0, 0, 0, 0, 0, 0, 0, 0, 0, 0, 0, 0, 0, 0, 0, 0, 0, 0, 0, 0, 0, 0, 0, 0, 0, 0, 0, 0, 0, 0, 0, 0, 0, 0, 0, 0, 0, 0, 0, 0, 0, 0, 0, 0, 0, 0, 0, 0, 0, 0, 0, 0, 0, 0, 0, 0, 0, 0, 0, 0, 0, 0, 0, 0, 0, 0, 0, 0, 0, 0, 0, 0, 0, 0, 0, 0, 0, 0, 0, 0, 0, 0, 0, 0, 0, 0, 0, 0, 0, 0, 0, 0, 0, 0, 0, 0, 0, 0, 0, 0, 0, 0, 0, 0, 0, 0, 0, 0, 0, 0, 0, 0, 0, 0, 0, 0, 0, 0, 0, 0, 0, 0, 0, 0, 0, 0, 0, 0, 0, 0, 0, 0, 0, 0, 0, 0, 0, 0, 0, 0, 0, 0, 0, 0, 0, 0, 0, 0, 0, 0, 0, 0, 0, 0, 0, 0, 0, 0, 0, 0, 0, 0, 0, 0, 0, 0, 0, 0, 0, 0, 0, 0, 0, 0, 0, 0, 0, 0, 0, 0, 0, 0, 0, 0, 0, 0, 0, 0, 0, 0, 0, 0, 0, 0, 0, 0, 0, 0, 0, 0, 0, 0, 0, 0, 0, 0, 0, 0, 0, 0, 0, 0, 0, 0, 0, 0, 0, 0, 0, 0, 0, 0, 0, 0, 0, 0, 0, 0, 0, 0, 0, 0, 0, 0, 0, 0, 0, 0, 0, 0, 0, 0, 0, 0, 0, 0, 0, 0, 0, 0, 0, 0, 0, 0, 0, 0, 0, 0, 0, 0, 0, 0, 0, 0, 0, 0, 0, 0, 0, 0, 0, 0, 0, 0, 0, 0, 0, 0, 0, 0, 0, 0, 0, 0, 0, 0, 0, 0, 0, 0, 0, 0, 0, 0, 0, 0, 0, 0, 0, 0, 0, 0, 0, 0, 0, 0, 0, 0, 0, 0, 0, 0, 0, 0, 0, 0, 0, 0, 0, 0, 0, 0, 0, 0, 0, 0, 0, 0, 0, 0, 0, 0, 0, 0, 0, 0, 0, 0, 0, 0, 0, 0, 0, 0, 0, 0, 0, 0, 0, 0, 0, 0, 0, 0, 0, 0, 0, 0, 0, 0, 0, 0, 0, 0, 0, 0, 0, 0, 0, 0, 0, 0, 0, 0, 0, 0, 0, 0, 0, 0, 0, 0, 0, 0, 0, 0, 0, 0, 0, 0, 0, 0, 0, 0, 0, 0, 0, 0, 0, 0, 0, 0, 0]",0.0,"[33.0, 33.0, 20.0, 0.0, 0.0, 0.0, 0.0, 0.0, 0.0, 0.0, 0.0, 0.0, 0.0, 0.0, 0.0, 0.0, 0.0, 0.0, 0.0, 0.0, 0.0, 0.0, 0.0, 0.0, 0.0, 0.0, 0.0, 0.0, 0.0, 0.0, 0.0, 0.0, 0.0, 0.0, 0.0, 0.0, 0.0, 0.0, 0.0, 0.0, 0.0, 0.0, 0.0, 0.0, 0.0, 0.0, 0.0, 0.0, 0.0, 0.0, 0.0, 0.0, 0.0, 0.0, 0.0, 0.0, 0.0, 0.0, 0.0, 0.0, 0.0, 0.0, 0.0, 0.0, 0.0, 0.0, 0.0, 0.0, 0.0, 0.0, 0.0, 0.0, 0.0, 0.0, 0.0, 0.0, 0.0, 0.0, 0.0, 0.0, 0.0, 0.0, 0.0, 0.0, 0.0, 0.0, 0.0, 0.0, 0.0, 0.0, 0.0, 0.0, 0.0, 0.0, 0.0, 0.0, 0.0, 0.0, 0.0, 0.0, 0.0, 0.0, 0.0, 0.0, 0.0, 0.0, 0.0, 0.0, 0.0, 0.0, 0.0, 0.0, 0.0, 0.0, 0.0, 0.0, 0.0, 0.0, 0.0, 0.0, 0.0, 0.0, 0.0, 0.0, 0.0, 0.0, 0.0, 0.0, 0.0, 0.0, 0.0, 0.0, 0.0, 0.0, 0.0, 0.0, 0.0, 0.0, 0.0, 0.0, 0.0, 0.0, 0.0, 0.0, 0.0, 0.0, 0.0, 0.0, 0.0, 0.0, 0.0, 0.0, 0.0, 0.0, 0.0, 0.0, 0.0, 0.0, 0.0, 0.0, 0.0, 0.0, 0.0, 0.0, 0.0, 0.0, 0.0, 0.0, 0.0, 0.0, 0.0, 0.0, 0.0, 0.0, 0.0, 0.0, 0.0, 0.0, 0.0, 0.0, 0.0, 0.0, 0.0, 0.0, 0.0, 0.0, 0.0, 0.0, 0.0, 0.0, 0.0, 0.0, 0.0, 0.0, 0.0, 0.0, 0.0, 0.0, 0.0, 0.0, 0.0, 0.0, 0.0, 0.0, 0.0, 0.0, 0.0, 0.0, 0.0, 0.0, 0.0, 0.0, 0.0, 0.0, 0.0, 0.0, 0.0, 0.0, 0.0, 0.0, 0.0, 0.0, 0.0, 0.0, 0.0, 0.0, 0.0, 0.0, 0.0, 0.0, 0.0, 0.0, 0.0, 0.0, 0.0, 0.0, 0.0, 0.0, 0.0, 0.0, 0.0, 0.0, 0.0, 0.0, 0.0, 0.0, 0.0, 0.0, 0.0, 0.0, 0.0, 0.0, 0.0, 0.0, 0.0, 0.0, 0.0, 0.0, 0.0, 0.0, 0.0, 0.0, 0.0, 0.0, 0.0, 0.0, 0.0, 0.0, 0.0, 0.0, 0.0, 0.0, 0.0, 0.0, 0.0, 0.0, 0.0, 0.0, 0.0, 0.0, 0.0, 0.0, 0.0, 0.0, 0.0, 0.0, 0.0, 0.0, 0.0, 0.0, 0.0, 0.0, 0.0, 0.0, 0.0, 0.0, 0.0, 0.0, 0.0, 0.0, 0.0, 0.0, 0.0, 0.0, 0.0, 0.0, 0.0, 0.0, 0.0, 0.0, 0.0, 0.0, 0.0, 0.0, 0.0, 0.0, 0.0, 0.0, 0.0, 0.0, 0.0, 0.0, 0.0, 0.0, 0.0, 0.0, 0.0, 0.0, 0.0, 0.0, 0.0, 0.0, 0.0, 0.0, 0.0, 0.0, 0.0, 0.0, 0.0, 0.0, 0.0, 0.0, 0.0, 0.0, 0.0, 0.0, 0.0, 0.0, 0.0, 0.0, 0.0, 0.0, 0.0, 0.0, 0.0, 0.0, 0.0, 0.0, 0.0, 0.0, 0.0, 0.0, 0.0, 0.0, 0.0, 0.0, 0.0, 0.0, 0.0, 0.0, 0.0, 0.0, 0.0, 0.0, 0.0, 0.0, 0.0, 0.0, 0.0, 0.0, 0.0, 0.0, 0.0, 0.0, 0.0, 0.0, 0.0, 0.0, 0.0, 0.0, 0.0, 0.0, 0.0, 0.0, 0.0, 0.0, 0.0, 0.0, 0.0, 0.0, 0.0, 0.0, 0.0, 0.0, 0.0, 0.0, 0.0, 0.0, 0.0, 0.0, 0.0, 0.0, 0.0, 0.0, 0.0, 0.0, 0.0, 0.0, 0.0, 0.0, 0.0, 0.0, 0.0, 0.0, 0.0, 0.0, 0.0, 0.0, 0.0, 0.0, 0.0, 0.0, 0.0, 0.0, 0.0, 0.0, 0.0, 0.0, 0.0, 0.0, 0.0, 0.0, 0.0, 0.0, 0.0]",0.5,0.5,0,"[33, 33, 20, 0, 0, 0, 0, 0, 0, 0, 0, 0, 0, 0, 0, 0, 0, 0, 0, 0, 0, 0, 0, 0, 0, 0, 0, 0, 0, 0, 0, 0, 0, 0, 0, 0, 0, 0, 0, 0, 0, 0, 0, 0, 0, 0, 0, 0, 0, 0, 0, 0, 0, 0, 0, 0, 0, 0, 0, 0, 0, 0, 0, 0, 0, 0, 0, 0, 0, 0, 0, 0, 0, 0, 0, 0, 0, 0, 0, 0, 0, 0, 0, 0, 0, 0, 0, 0, 0, 0, 0, 0, 0, 0, 0, 0, 0, 0, 0, 0, 0, 0, 0, 0, 0, 0, 0, 0, 0, 0, 0, 0, 0, 0, 0, 0, 0, 0, 0, 0, 0, 0, 0, 0, 0, 0, 0, 0, 0, 0, 0, 0, 0, 0, 0, 0, 0, 0, 0, 0, 0, 0, 0, 0, 0, 0, 0, 0, 0, 0, 0, 0, 0, 0, 0, 0, 0, 0, 0, 0, 0, 0, 0, 0, 0, 0, 0, 0, 0, 0, 0, 0, 0, 0, 0, 0, 0, 0, 0, 0, 0, 0, 0, 0, 0, 0, 0, 0, 0, 0, 0, 0, 0, 0, 0, 0, 0, 0, 0, 0, 0, 0, 0, 0, 0, 0, 0, 0, 0, 0, 0, 0, 0, 0, 0, 0, 0, 0, 0, 0, 0, 0, 0, 0, 0, 0, 0, 0, 0, 0, 0, 0, 0, 0, 0, 0, 0, 0, 0, 0, 0, 0, 0, 0, 0, 0, 0, 0, 0, 0, 0, 0, 0, 0, 0, 0, 0, 0, 0, 0, 0, 0, 0, 0, 0, 0, 0, 0, 0, 0, 0, 0, 0, 0, 0, 0, 0, 0, 0, 0, 0, 0, 0, 0, 0, 0, 0, 0, 0, 0, 0, 0, 0, 0, 0, 0, 0, 0, 0, 0, 0, 0, 0, 0, 0, 0, 0, 0, 0, 0, 0, 0, 0, 0, 0, 0, 0, 0, 0, 0, 0, 0, 0, 0, 0, 0, 0, 0, 0, 0, 0, 0, 0, 0, 0, 0, 0, 0, 0, 0, 0, 0, 0, 0, 0, 0, 0, 0, 0, 0, 0, 0, 0, 0, 0, 0, 0, 0, 0, 0, 0, 0, 0, 0, 0, 0, 0, 0, 0, 0, 0, 0, 0, 0, 0, 0, 0, 0, 0, 0, 0, 0, 0, 0, 0, 0, 0, 0, 0, 0, 0, 0, 0, 0, 0, 0, 0, 0, 0, 0, 0, 0, 0, 0, 0, 0, 0, 0, 0, 0, 0, 0, 0, 0, 0, 0, 0, 0, 0, 0, 0, 0, 0, 0, 0, 0, 0, 0, 0, 0, 0, 0, 0, 0, 0, 0, 0, 0, 0, 0, 0, 0, 0, 0, 0]",445,"[1.2255370616912842, 0.9503994584083557, 0.6683549284934998, 0.41495072841644287, 0.4095560908317566, 0.40823692083358765, 0.40766972303390503, 0.4073564410209656, 0.4073101878166199, 0.4072887897491455, 0.40723761916160583, 0.40723714232444763, 0.40722671151161194, 0.4072261154651642, 0.40722891688346863, 0.4072309732437134, 0.40725013613700867, 0.4072313606739044, 0.407227098941803, 0.4072261452674866, 0.4072265326976776, 0.4072438180446625, 0.4072411358356476, 0.4072335362434387, 0.4072296619415283, 0.40723568201065063, 0.4072331190109253, 0.4072333872318268, 0.4072272777557373, 0.4072325527667999, 0.4072360694408417, 0.4072321653366089, 0.4072261154651642, 0.40722647309303284, 0.40722671151161194, 0.40722620487213135, 0.4072261452674866, 0.4072290360927582, 0.40722811222076416, 0.4072474539279938, 0.40726596117019653, 0.40722769498825073, 0.4072325825691223, 0.40722861886024475, 0.40722933411598206, 0.40722835063934326, 0.40722736716270447, 0.40722790360450745, 0.4072268009185791, 0.4072280526161194, 0.40723487734794617, 0.40722620487213135, 0.4072265326976776, 0.40722769498825073, 0.40722617506980896, 0.4072269797325134, 0.40722644329071045, 0.4072261154651642, 0.40723225474357605, 0.4072381556034088, 0.4072296619415283, 0.4072267413139343, 0.4072265326976776, 0.4072418212890625, 0.4072279632091522, 0.4072284400463104, 0.4072261154651642, 0.4072289764881134, 0.4072350263595581, 0.4072325825691223, 0.4072314202785492, 0.40723010897636414, 0.40722617506980896, 0.40722644329071045, 0.40722671151161194, 0.4072277545928955, 0.40722668170928955, 0.4072280824184418, 0.4072265625, 0.40723392367362976, 0.4072262644767761, 0.4072393476963043, 0.4072412848472595, 0.40723633766174316, 0.40725696086883545, 0.40722647309303284, 0.40723174810409546, 0.4072273373603821, 0.4072555899620056, 0.40723201632499695, 0.4072261452674866, 0.40722620487213135, 0.40722641348838806, 0.4072325825691223, 0.40723055601119995, 0.4072330594062805, 0.4072282910346985, 0.40722671151161194, 0.40722668170928955, 0.4072275459766388, 0.4072262644767761, 0.40722960233688354, 0.407227098941803, 0.4072321355342865, 0.4072270691394806, 0.4072291851043701, 0.40722790360450745, 0.40722787380218506, 0.40723198652267456, 0.4072273373603821, 0.4072381854057312, 0.40722671151161194, 0.40724432468414307, 0.407235324382782, 0.4072277545928955, 0.4072304666042328, 0.40722617506980896, 0.4072261452674866, 0.4072267413139343, 0.4072263240814209, 0.40722620487213135, 0.4072267413139343, 0.407227098941803, 0.4072280824184418, 0.40722641348838806, 0.4072268009185791, 0.40723130106925964, 0.40722715854644775, 0.40723076462745667, 0.4072262644767761, 0.407230406999588, 0.4072280526161194, 0.40723878145217896, 0.4072263836860657, 0.4072262644767761, 0.4072278141975403, 0.40722620487213135, 0.40722864866256714, 0.40722665190696716, 0.4072270691394806, 0.4072338938713074, 0.4072303771972656, 0.4072292745113373, 0.40722641348838806, 0.40723147988319397, 0.4072265923023224, 0.40723320841789246, 0.40722957253456116, 0.4072263836860657, 0.4072340428829193, 0.40723422169685364, 0.4072364568710327, 0.4072536528110504, 0.40723565220832825, 0.4072475731372833, 0.40723052620887756, 0.40722644329071045, 0.40722620487213135, 0.40723133087158203, 0.40722915530204773, 0.4072267413139343, 0.4072262644767761, 0.4072265326976776, 0.407227098941803, 0.40722957253456116, 0.4072265326976776, 0.40722668170928955, 0.4072331190109253, 0.4072393774986267, 0.40724173188209534, 0.4072262644767761, 0.4072280824184418, 0.4072263836860657, 0.4072301983833313, 0.40724074840545654, 0.4072297215461731, 0.40724068880081177, 0.40722793340682983, 0.4072272479534149, 0.4072295129299164, 0.40722787380218506, 0.40722620487213135, 0.4072261452674866, 0.40722665190696716, 0.4072261452674866, 0.4072299599647522, 0.40723296999931335, 0.4072282910346985, 0.40723171830177307, 0.4072260558605194, 0.40722692012786865, 0.40722665190696716, 0.4072284400463104, 0.40722620487213135, 0.4072262644767761, 0.40722647309303284, 0.4072265923023224, 0.4072330594062805, 0.4072343707084656, 0.40724262595176697, 0.40722617506980896, 0.4072361886501312, 0.4072388708591461, 0.407227098941803, 0.40722617506980896, 0.4072268009185791, 0.40722954273223877, 0.4072279632091522, 0.4072314500808716, 0.4072384238243103, 0.4072358310222626, 0.4072262644767761, 0.4072287380695343, 0.4072261452674866, 0.4072268605232239, 0.407227098941803, 0.4072260558605194, 0.4072265625, 0.40722721815109253, 0.40723082423210144, 0.4072287082672119, 0.40722665190696716, 0.4072350561618805, 0.4072296917438507, 0.4072272777557373, 0.4072272777557373, 0.40722760558128357, 0.4072261154651642, 0.4072272777557373, 0.40722620487213135, 0.40722647309303284, 0.40722617506980896, 0.4072268009185791, 0.4072261154651642, 0.40723034739494324, 0.40722739696502686, 0.4072318375110626, 0.4072284400463104, 0.40722692012786865, 0.4072261452674866, 0.4072285592556, 0.40723979473114014, 0.4072517156600952, 0.40726590156555176, 0.40725040435791016, 0.40724319219589233, 0.40722861886024475, 0.40722760558128357, 0.4072285592556, 0.4072262644767761, 0.4072386920452118, 0.4072270691394806, 0.4072284400463104, 0.4072282314300537, 0.4072291851043701, 0.4072260558605194, 0.4072270691394806, 0.40722912549972534, 0.4072275161743164, 0.40722694993019104, 0.40722835063934326, 0.40722984075546265, 0.4072261452674866, 0.40722668170928955, 0.4072273373603821, 0.40722617506980896, 0.40722617506980896, 0.4072374105453491, 0.40722978115081787, 0.4072261154651642, 0.4072261452674866, 0.40723565220832825, 0.4072287678718567, 0.40722617506980896, 0.40723270177841187, 0.40723228454589844, 0.40722891688346863, 0.40722617506980896, 0.40722858905792236, 0.40722760558128357, 0.4072282910346985, 0.4072282910346985, 0.40724265575408936, 0.4072279632091522, 0.40722715854644775, 0.4072261452674866, 0.4072425961494446, 0.4072262644767761, 0.40722644329071045, 0.4072282314300537, 0.4072283208370209, 0.4072277843952179, 0.4072324335575104, 0.40722760558128357, 0.40722766518592834, 0.40722620487213135, 0.407227098941803, 0.40722644329071045, 0.40723639726638794, 0.40722766518592834, 0.4072261452674866, 0.4072272479534149, 0.4072262644767761, 0.4072360694408417, 0.40723147988319397, 0.40722644329071045, 0.40722721815109253, 0.4072278141975403, 0.4072483777999878, 0.4072262644767761, 0.40722981095314026, 0.4072263836860657, 0.4072267413139343, 0.4072284400463104, 0.4072414040565491, 0.4072299301624298, 0.4072328507900238, 0.40723109245300293, 0.407227098941803, 0.4072267413139343, 0.4072263836860657, 0.4072261452674866, 0.4072261452674866, 0.4072282910346985, 0.4072270691394806, 0.40722817182540894, 0.4072262942790985, 0.40723076462745667, 0.40724384784698486, 0.40722817182540894, 0.4072261154651642, 0.40722641348838806, 0.4072301387786865, 0.4072268009185791, 0.4072265326976776, 0.407227098941803, 0.40723109245300293, 0.40722960233688354, 0.40724098682403564, 0.407233327627182, 0.40723156929016113, 0.4072272777557373, 0.4072294533252716, 0.4072269797325134, 0.40722647309303284, 0.40722694993019104, 0.4072318375110626, 0.40723419189453125, 0.4072261452674866, 0.40722766518592834, 0.40722644329071045, 0.40722647309303284, 0.4072265625, 0.40722721815109253, 0.40722644329071045, 0.40722739696502686, 0.4072338342666626, 0.4072405695915222, 0.40723147988319397, 0.40722617506980896, 0.40722906589508057, 0.4072263836860657, 0.4072321653366089, 0.4072262644767761, 0.407238245010376, 0.4072261452674866, 0.4072267413139343, 0.40723326802253723, 0.4072420001029968, 0.40722641348838806, 0.4072280824184418, 0.4072360098361969, 0.40724703669548035, 0.4072498083114624, 0.4072376489639282, 0.4072302579879761, 0.40722835063934326, 0.4072287678718567, 0.4072294235229492, 0.4072280824184418, 0.4072262942790985, 0.4072294235229492, 0.4072262942790985, 0.4072326421737671, 0.40722715854644775, 0.40722939372062683, 0.40724417567253113, 0.40724417567253113, 0.40723076462745667, 0.4072262942790985, 0.4072265625, 0.40722617506980896, 0.4072277545928955, 0.40722811222076416, 0.4072323143482208, 0.4072260558605194, 0.407227486371994, 0.40722617506980896, 0.4072268605232239, 0.4072330594062805, 0.4072439968585968, 0.4072553217411041, 0.4072299897670746, 0.40722617506980896, 0.4072261452674866, 0.40722906589508057, 0.40722620487213135, 0.40722939372062683, 0.40723884105682373, 0.40722939372062683, 0.4072275459766388, 0.4072265625, 0.4072309136390686, 0.4072277545928955, 0.40722715854644775, 0.4072268009185791, 0.4072369337081909, 0.4072372019290924, 0.40723323822021484, 0.40722787380218506, 0.4072315990924835, 0.4072278141975403, 0.4072262644767761, 0.40723225474357605, 0.407228022813797, 0.4072265923023224, 0.4072303771972656, 0.40723586082458496, 0.4072267413139343, 0.4072338044643402, 0.40722620487213135, 0.40723323822021484, 0.40723472833633423, 0.4072328209877014, 0.4072262644767761, 0.4072263836860657, 0.40722620487213135, 0.40722793340682983, 0.4072273373603821, 0.40723106265068054, 0.40722891688346863, 0.40722978115081787, 0.4072272479534149, 0.40723350644111633, 0.4072262644767761]",0.0,"[33.0, 33.0, 20.0, 0.0, 0.0, 0.0, 0.0, 0.0, 0.0, 0.0, 0.0, 0.0, 0.0, 0.0, 0.0, 0.0, 0.0, 0.0, 0.0, 0.0, 0.0, 0.0, 0.0, 0.0, 0.0, 0.0, 0.0, 0.0, 0.0, 0.0, 0.0, 0.0, 0.0, 0.0, 0.0, 0.0, 0.0, 0.0, 0.0, 0.0, 0.0, 0.0, 0.0, 0.0, 0.0, 0.0, 0.0, 0.0, 0.0, 0.0, 0.0, 0.0, 0.0, 0.0, 0.0, 0.0, 0.0, 0.0, 0.0, 0.0, 0.0, 0.0, 0.0, 0.0, 0.0, 0.0, 0.0, 0.0, 0.0, 0.0, 0.0, 0.0, 0.0, 0.0, 0.0, 0.0, 0.0, 0.0, 0.0, 0.0, 0.0, 0.0, 0.0, 0.0, 0.0, 0.0, 0.0, 0.0, 0.0, 0.0, 0.0, 0.0, 0.0, 0.0, 0.0, 0.0, 0.0, 0.0, 0.0, 0.0, 0.0, 0.0, 0.0, 0.0, 0.0, 0.0, 0.0, 0.0, 0.0, 0.0, 0.0, 0.0, 0.0, 0.0, 0.0, 0.0, 0.0, 0.0, 0.0, 0.0, 0.0, 0.0, 0.0, 0.0, 0.0, 0.0, 0.0, 0.0, 0.0, 0.0, 0.0, 0.0, 0.0, 0.0, 0.0, 0.0, 0.0, 0.0, 0.0, 0.0, 0.0, 0.0, 0.0, 0.0, 0.0, 0.0, 0.0, 0.0, 0.0, 0.0, 0.0, 0.0, 0.0, 0.0, 0.0, 0.0, 0.0, 0.0, 0.0, 0.0, 0.0, 0.0, 0.0, 0.0, 0.0, 0.0, 0.0, 0.0, 0.0, 0.0, 0.0, 0.0, 0.0, 0.0, 0.0, 0.0, 0.0, 0.0, 0.0, 0.0, 0.0, 0.0, 0.0, 0.0, 0.0, 0.0, 0.0, 0.0, 0.0, 0.0, 0.0, 0.0, 0.0, 0.0, 0.0, 0.0, 0.0, 0.0, 0.0, 0.0, 0.0, 0.0, 0.0, 0.0, 0.0, 0.0, 0.0, 0.0, 0.0, 0.0, 0.0, 0.0, 0.0, 0.0, 0.0, 0.0, 0.0, 0.0, 0.0, 0.0, 0.0, 0.0, 0.0, 0.0, 0.0, 0.0, 0.0, 0.0, 0.0, 0.0, 0.0, 0.0, 0.0, 0.0, 0.0, 0.0, 0.0, 0.0, 0.0, 0.0, 0.0, 0.0, 0.0, 0.0, 0.0, 0.0, 0.0, 0.0, 0.0, 0.0, 0.0, 0.0, 0.0, 0.0, 0.0, 0.0, 0.0, 0.0, 0.0, 0.0, 0.0, 0.0, 0.0, 0.0, 0.0, 0.0, 0.0, 0.0, 0.0, 0.0, 0.0, 0.0, 0.0, 0.0, 0.0, 0.0, 0.0, 0.0, 0.0, 0.0, 0.0, 0.0, 0.0, 0.0, 0.0, 0.0, 0.0, 0.0, 0.0, 0.0, 0.0, 0.0, 0.0, 0.0, 0.0, 0.0, 0.0, 0.0, 0.0, 0.0, 0.0, 0.0, 0.0, 0.0, 0.0, 0.0, 0.0, 0.0, 0.0, 0.0, 0.0, 0.0, 0.0, 0.0, 0.0, 0.0, 0.0, 0.0, 0.0, 0.0, 0.0, 0.0, 0.0, 0.0, 0.0, 0.0, 0.0, 0.0, 0.0, 0.0, 0.0, 0.0, 0.0, 0.0, 0.0, 0.0, 0.0, 0.0, 0.0, 0.0, 0.0, 0.0, 0.0, 0.0, 0.0, 0.0, 0.0, 0.0, 0.0, 0.0, 0.0, 0.0, 0.0, 0.0, 0.0, 0.0, 0.0, 0.0, 0.0, 0.0, 0.0, 0.0, 0.0, 0.0, 0.0, 0.0, 0.0, 0.0, 0.0, 0.0, 0.0, 0.0, 0.0, 0.0, 0.0, 0.0, 0.0, 0.0, 0.0, 0.0, 0.0, 0.0, 0.0, 0.0, 0.0, 0.0, 0.0, 0.0, 0.0, 0.0, 0.0, 0.0, 0.0, 0.0, 0.0, 0.0, 0.0, 0.0, 0.0, 0.0, 0.0, 0.0, 0.0, 0.0, 0.0, 0.0, 0.0, 0.0, 0.0, 0.0, 0.0, 0.0, 0.0, 0.0, 0.0, 0.0, 0.0, 0.0, 0.0, 0.0, 0.0, 0.0, 0.0, 0.0, 0.0, 0.0, 0.0, 0.0, 0.0, 0.0, 0.0, 0.0, 0.0, 0.0, 0.0, 0.0, 0.0, 0.0, 0.0, 0.0, 0.0, 0.0, 0.0, 0.0, 0.0]",COMPLETE
