,number,value,datetime_start,datetime_complete,duration,params_batch_size_scaler,params_constant_learning_rate,params_depth,params_epochs,params_kernel_l2,params_num_trees,params_temperature,user_attrs_accuracy_test,user_attrs_accuracy_valid,user_attrs_approximate_feature_sparsity,user_attrs_approximate_feature_sparsity_history,user_attrs_approximate_weight_sparsity,user_attrs_approximate_weight_sparsity_history,user_attrs_auc_test,user_attrs_auc_valid,user_attrs_feature_sparsity,user_attrs_feature_sparsity_history,user_attrs_num_epochs,user_attrs_val_loss_history,user_attrs_weight_sparsity,user_attrs_weight_sparsity_history,state
53,53,0.9301052414628176,2024-08-31 02:43:48.436512,2024-08-31 02:44:49.778639,0 days 00:01:01.342127,4,0.16785218028714524,3,205,0.3660919053210674,78,0.0966696083728891,0.929,0.94125,14,"[33, 33, 33, 33, 33, 33, 33, 33, 33, 33, 33, 33, 33, 33, 33, 33, 33, 33, 33, 33, 33, 33, 33, 33, 32, 32, 29, 28, 23, 20, 20, 20, 20, 19, 19, 17, 16, 16, 16, 16, 16, 16, 16, 16, 16, 16, 16, 16, 16, 16, 16, 16, 16, 16, 16, 16, 16, 16, 16, 16, 16, 16, 16, 16, 16, 16, 16, 16, 16, 16, 16, 16, 16, 16, 16, 16, 16, 16, 16, 16, 16, 16, 16, 16, 16, 16, 16, 16, 16, 16, 16, 16, 16, 16, 16, 16, 16, 16, 16, 16, 16, 16, 16, 16, 16, 16, 16, 16, 16, 16, 16, 16, 16, 16, 16, 16, 16, 16, 16, 16, 16, 16, 16, 16, 16, 16, 16, 16, 16, 16, 16, 16, 16, 16, 16, 16, 16, 16, 16, 16, 16, 14, 14, 14, 14, 14, 14, 14, 14, 14, 14, 14, 14, 14, 14, 14, 14, 14, 14, 14, 14, 14, 14, 14, 14, 14, 14, 14, 14, 14, 14, 14, 14, 14, 14, 14, 14, 14, 14, 14, 14, 14, 14, 14, 14, 14, 14, 14, 14, 14, 14, 14, 14, 14, 14, 14, 14, 14, 14, 14, 14, 14, 14, 14, 14]",13.961538461538462,"[32.97985347985348, 32.97985347985348, 32.97435897435898, 32.972527472527474, 32.972527472527474, 32.959706959706956, 32.98351648351648, 32.97069597069597, 32.96520146520147, 32.972527472527474, 32.95970695970696, 32.95970695970696, 32.95421245421245, 32.946886446886445, 32.946886446886445, 32.95054945054945, 32.96153846153846, 32.946886446886445, 32.95970695970696, 32.96336996336996, 32.956043956043956, 32.96153846153846, 32.956043956043956, 32.96886446886447, 31.97069597069597, 31.967032967032967, 28.978021978021978, 27.97985347985348, 22.972527472527474, 19.976190476190478, 19.983516483516482, 19.981684981684978, 19.976190476190474, 18.957875457875456, 18.976190476190474, 16.983516483516482, 15.972527472527473, 15.97069597069597, 15.978021978021978, 15.97069597069597, 15.976190476190476, 15.981684981684982, 15.968864468864469, 15.97069597069597, 15.981684981684982, 15.976190476190476, 15.963369963369964, 15.963369963369964, 15.963369963369964, 15.967032967032967, 15.957875457875458, 15.974358974358974, 15.974358974358974, 15.967032967032967, 15.965201465201465, 15.974358974358974, 15.97069597069597, 15.967032967032967, 15.963369963369964, 15.97069597069597, 15.976190476190476, 15.978021978021978, 15.983516483516484, 15.97985347985348, 15.97985347985348, 15.97069597069597, 15.967032967032967, 15.97069597069597, 15.972527472527473, 15.974358974358974, 15.965201465201465, 15.972527472527473, 15.97069597069597, 15.981684981684982, 15.97985347985348, 15.981684981684982, 15.976190476190476, 15.967032967032967, 15.965201465201465, 15.967032967032967, 15.976190476190476, 15.97069597069597, 15.972527472527473, 15.974358974358974, 15.961538461538462, 15.974358974358974, 15.961538461538462, 15.963369963369964, 15.965201465201465, 15.967032967032967, 15.963369963369964, 15.974358974358974, 15.97069597069597, 15.965201465201465, 15.967032967032967, 15.957875457875458, 15.957875457875458, 15.954212454212454, 15.956043956043956, 15.956043956043956, 15.968864468864469, 15.97069597069597, 15.967032967032967, 15.97069597069597, 15.963369963369964, 15.967032967032967, 15.948717948717949, 15.952380952380953, 15.965201465201465, 15.95970695970696, 15.963369963369964, 15.963369963369964, 15.957875457875458, 15.957875457875458, 15.965201465201465, 15.961538461538462, 15.961538461538462, 15.956043956043956, 15.961538461538462, 15.965201465201465, 15.957875457875458, 15.952380952380953, 15.974358974358974, 15.963369963369964, 15.95054945054945, 15.956043956043956, 15.961538461538462, 15.948717948717949, 15.956043956043956, 15.965201465201465, 15.961538461538462, 15.95970695970696, 15.957875457875458, 15.957875457875458, 15.954212454212454, 15.957875457875458, 15.952380952380953, 15.967032967032967, 15.957875457875458, 15.952380952380953, 15.945054945054945, 13.952380952380953, 13.954212454212454, 13.954212454212454, 13.957875457875458, 13.95970695970696, 13.946886446886447, 13.957875457875458, 13.952380952380953, 13.963369963369964, 13.948717948717949, 13.967032967032967, 13.952380952380953, 13.937728937728938, 13.956043956043956, 13.948717948717949, 13.945054945054945, 13.957875457875458, 13.961538461538462, 13.943223443223443, 13.946886446886447, 13.954212454212454, 13.946886446886447, 13.95054945054945, 13.945054945054945, 13.957875457875458, 13.946886446886447, 13.948717948717949, 13.95970695970696, 13.954212454212454, 13.946886446886447, 13.937728937728938, 13.937728937728938, 13.954212454212454, 13.948717948717949, 13.952380952380953, 13.952380952380953, 13.948717948717949, 13.954212454212454, 13.943223443223443, 13.941391941391942, 13.943223443223443, 13.941391941391942, 13.948717948717949, 13.948717948717949, 13.937728937728938, 13.941391941391942, 13.943223443223443, 13.945054945054945, 13.957875457875458, 13.95970695970696, 13.941391941391942, 13.946886446886447, 13.954212454212454, 13.965201465201465, 13.954212454212454, 13.952380952380953, 13.95054945054945, 13.957875457875458, 13.946886446886447, 13.941391941391942, 13.945054945054945, 13.954212454212454, 13.945054945054945, 13.961538461538462]",0.9115002600748023,0.9301052414628176,14,"[33, 33, 33, 33, 33, 33, 33, 33, 33, 33, 33, 33, 33, 33, 33, 33, 33, 33, 33, 33, 33, 33, 33, 33, 32, 32, 29, 28, 23, 20, 20, 20, 20, 19, 19, 17, 16, 16, 16, 16, 16, 16, 16, 16, 16, 16, 16, 16, 16, 16, 16, 16, 16, 16, 16, 16, 16, 16, 16, 16, 16, 16, 16, 16, 16, 16, 16, 16, 16, 16, 16, 16, 16, 16, 16, 16, 16, 16, 16, 16, 16, 16, 16, 16, 16, 16, 16, 16, 16, 16, 16, 16, 16, 16, 16, 16, 16, 16, 16, 16, 16, 16, 16, 16, 16, 16, 16, 16, 16, 16, 16, 16, 16, 16, 16, 16, 16, 16, 16, 16, 16, 16, 16, 16, 16, 16, 16, 16, 16, 16, 16, 16, 16, 16, 16, 16, 16, 16, 16, 16, 16, 14, 14, 14, 14, 14, 14, 14, 14, 14, 14, 14, 14, 14, 14, 14, 14, 14, 14, 14, 14, 14, 14, 14, 14, 14, 14, 14, 14, 14, 14, 14, 14, 14, 14, 14, 14, 14, 14, 14, 14, 14, 14, 14, 14, 14, 14, 14, 14, 14, 14, 14, 14, 14, 14, 14, 14, 14, 14, 14, 14, 14, 14, 14, 14]",205,"[0.4243824779987335, 0.41228705644607544, 0.4046127200126648, 0.3980376422405243, 0.39324653148651123, 0.3865244388580322, 0.3836078643798828, 0.3782912492752075, 0.37403038144111633, 0.3717207610607147, 0.3775688111782074, 0.3643818199634552, 0.3605782389640808, 0.3640705943107605, 0.3534395694732666, 0.3516418933868408, 0.3505157232284546, 0.3455749452114105, 0.3418389856815338, 0.3364112079143524, 0.3359391689300537, 0.32890617847442627, 0.3250105381011963, 0.3218252658843994, 0.3187478184700012, 0.31296506524086, 0.30699673295021057, 0.30480343103408813, 0.2953071892261505, 0.2885068655014038, 0.2851920425891876, 0.28160029649734497, 0.28120461106300354, 0.27862414717674255, 0.2772373557090759, 0.27633246779441833, 0.27196237444877625, 0.2775266766548157, 0.27185824513435364, 0.26769134402275085, 0.2710432708263397, 0.26768815517425537, 0.2629624605178833, 0.2607651352882385, 0.26278072595596313, 0.2606005072593689, 0.2581895589828491, 0.2600501775741577, 0.2557835578918457, 0.25540655851364136, 0.2536517381668091, 0.2523129880428314, 0.2518117129802704, 0.2515088617801666, 0.2519131898880005, 0.2502780854701996, 0.25226670503616333, 0.24778234958648682, 0.248681902885437, 0.24631045758724213, 0.2473386973142624, 0.24454128742218018, 0.2420070767402649, 0.24269865453243256, 0.24179621040821075, 0.24259276688098907, 0.24049919843673706, 0.23992034792900085, 0.23966069519519806, 0.24010038375854492, 0.23900870978832245, 0.23596148192882538, 0.23899126052856445, 0.23683574795722961, 0.2376432865858078, 0.2342216819524765, 0.23534509539604187, 0.23452110588550568, 0.23691891133785248, 0.23323005437850952, 0.23189254105091095, 0.23255716264247894, 0.2401108741760254, 0.2327866405248642, 0.23111209273338318, 0.2302471101284027, 0.2302163690328598, 0.23774003982543945, 0.23086552321910858, 0.2295045107603073, 0.22950440645217896, 0.2338588386774063, 0.23173855245113373, 0.22998183965682983, 0.23087507486343384, 0.22876127064228058, 0.22783273458480835, 0.22773179411888123, 0.22685427963733673, 0.22576336562633514, 0.22688469290733337, 0.22627849876880646, 0.2263501137495041, 0.2257433831691742, 0.2247113287448883, 0.2252604365348816, 0.22505594789981842, 0.22294378280639648, 0.2256941795349121, 0.22419700026512146, 0.22517555952072144, 0.23537006974220276, 0.22408603131771088, 0.2222982943058014, 0.22288629412651062, 0.2239401936531067, 0.2240719199180603, 0.22175633907318115, 0.22172221541404724, 0.22196702659130096, 0.22046509385108948, 0.2220986932516098, 0.22102230787277222, 0.22568196058273315, 0.22165121138095856, 0.22675003111362457, 0.2373335063457489, 0.22124487161636353, 0.22029100358486176, 0.21905870735645294, 0.22079229354858398, 0.22078579664230347, 0.2201031893491745, 0.2189496010541916, 0.2257731854915619, 0.22059963643550873, 0.22150488197803497, 0.2185535430908203, 0.21968385577201843, 0.2186700999736786, 0.2208261936903, 0.2285003811120987, 0.22588586807250977, 0.22306351363658905, 0.22757643461227417, 0.2232324630022049, 0.21991108357906342, 0.22388027608394623, 0.22358408570289612, 0.22057409584522247, 0.22213563323020935, 0.21944379806518555, 0.22274371981620789, 0.218584343791008, 0.22132909297943115, 0.2200700044631958, 0.21823346614837646, 0.2277633547782898, 0.21947041153907776, 0.21796941757202148, 0.21718037128448486, 0.2173389494419098, 0.21856403350830078, 0.2186824381351471, 0.2200043648481369, 0.2199144959449768, 0.22295033931732178, 0.21486642956733704, 0.221950963139534, 0.21579883992671967, 0.21690207719802856, 0.2167336344718933, 0.22004809975624084, 0.21669763326644897, 0.21886450052261353, 0.21818630397319794, 0.220308318734169, 0.220882847905159, 0.21730448305606842, 0.2185181826353073, 0.21724508702754974, 0.21554312109947205, 0.2164328396320343, 0.22324343025684357, 0.2133447825908661, 0.21984104812145233, 0.22589948773384094, 0.2163432091474533, 0.2200363129377365, 0.21543271839618683, 0.21681320667266846, 0.21410450339317322, 0.21569539606571198, 0.21405065059661865, 0.21140310168266296, 0.21169918775558472, 0.21601547300815582, 0.21721163392066956, 0.2153366208076477, 0.21417991816997528, 0.21491001546382904, 0.2121344804763794, 0.21445916593074799, 0.2138603925704956, 0.21140916645526886]",14.0,"[33.0, 33.0, 33.0, 33.0, 33.0, 33.0, 33.0, 33.0, 33.0, 33.0, 33.0, 33.0, 33.0, 33.0, 33.0, 33.0, 33.0, 33.0, 33.0, 33.0, 33.0, 33.0, 33.0, 33.0, 32.0, 32.0, 29.0, 28.0, 23.0, 20.0, 20.0, 20.0, 20.0, 19.0, 19.0, 17.0, 16.0, 16.0, 16.0, 16.0, 16.0, 16.0, 16.0, 16.0, 16.0, 16.0, 16.0, 16.0, 16.0, 16.0, 16.0, 16.0, 16.0, 16.0, 16.0, 16.0, 16.0, 16.0, 16.0, 16.0, 16.0, 16.0, 16.0, 16.0, 16.0, 16.0, 16.0, 16.0, 16.0, 16.0, 16.0, 16.0, 16.0, 16.0, 16.0, 16.0, 16.0, 16.0, 16.0, 16.0, 16.0, 16.0, 16.0, 16.0, 16.0, 16.0, 16.0, 16.0, 16.0, 16.0, 16.0, 16.0, 16.0, 16.0, 16.0, 16.0, 16.0, 16.0, 16.0, 16.0, 16.0, 16.0, 16.0, 16.0, 16.0, 16.0, 16.0, 16.0, 16.0, 16.0, 16.0, 16.0, 16.0, 16.0, 16.0, 16.0, 16.0, 16.0, 16.0, 16.0, 16.0, 16.0, 16.0, 16.0, 16.0, 16.0, 16.0, 16.0, 16.0, 16.0, 16.0, 16.0, 16.0, 16.0, 16.0, 16.0, 16.0, 16.0, 16.0, 16.0, 16.0, 14.0, 14.0, 14.0, 14.0, 14.0, 14.0, 14.0, 14.0, 14.0, 14.0, 14.0, 14.0, 14.0, 14.0, 14.0, 14.0, 14.0, 14.0, 14.0, 14.0, 14.0, 14.0, 14.0, 14.0, 14.0, 14.0, 14.0, 14.0, 14.0, 14.0, 14.0, 14.0, 14.0, 14.0, 14.0, 14.0, 14.0, 14.0, 14.0, 14.0, 14.0, 14.0, 14.0, 14.0, 14.0, 14.0, 14.0, 14.0, 14.0, 14.0, 14.0, 14.0, 14.0, 14.0, 14.0, 14.0, 14.0, 14.0, 14.0, 14.0, 14.0, 14.0, 14.0, 14.0]",COMPLETE
54,54,0.836740477386611,2024-08-31 02:44:51.067777,2024-08-31 02:45:07.135818,0 days 00:00:16.068041,16,0.07474392989498044,2,145,0.6435893703385581,65,0.0008803947698564179,0.869,0.86625,12,"[33, 33, 33, 33, 33, 33, 33, 33, 33, 33, 33, 33, 33, 33, 33, 33, 33, 33, 33, 33, 33, 33, 33, 33, 33, 33, 33, 33, 33, 33, 33, 33, 33, 33, 33, 33, 33, 33, 33, 33, 33, 33, 33, 33, 33, 33, 33, 33, 33, 33, 33, 33, 33, 33, 33, 33, 33, 33, 33, 33, 33, 33, 33, 33, 33, 33, 33, 33, 33, 33, 33, 33, 33, 33, 33, 33, 33, 33, 33, 33, 33, 33, 33, 33, 33, 33, 33, 33, 33, 33, 33, 33, 33, 33, 33, 33, 33, 33, 33, 33, 33, 33, 33, 33, 33, 33, 33, 33, 33, 33, 33, 33, 33, 33, 33, 32, 32, 32, 32, 31, 30, 30, 29, 28, 26, 23, 23, 22, 20, 20, 18, 17, 17, 17, 17, 15, 15, 14, 14, 14, 14, 13, 12, 12, 12]",11.96923076923077,"[32.98461538461538, 32.96923076923077, 32.95897435897436, 32.97948717948718, 32.96410256410256, 32.96923076923077, 32.95897435897436, 32.98461538461538, 32.97435897435898, 32.96923076923077, 32.97435897435898, 32.95897435897436, 32.98974358974359, 32.98974358974359, 32.98461538461538, 32.97948717948718, 32.97948717948718, 32.98461538461538, 32.97435897435898, 32.97948717948718, 32.97435897435898, 32.97948717948718, 32.97948717948718, 32.97435897435898, 32.98461538461538, 32.97948717948718, 32.96410256410256, 32.98461538461538, 32.98461538461538, 32.98974358974359, 32.97948717948718, 32.97435897435898, 32.96410256410256, 32.98461538461538, 32.97435897435898, 32.94871794871795, 32.96410256410256, 32.96410256410256, 32.96923076923077, 32.97948717948718, 32.97948717948718, 32.97435897435898, 32.97948717948718, 32.97435897435898, 32.97948717948718, 32.96410256410256, 32.97435897435898, 32.96410256410256, 32.97435897435898, 32.94358974358974, 32.95384615384616, 32.95384615384616, 32.96923076923077, 32.97435897435898, 32.96923076923077, 32.97948717948718, 32.97948717948718, 32.95897435897436, 32.98974358974359, 32.95897435897436, 32.95897435897436, 32.94871794871795, 32.95897435897436, 32.94871794871795, 32.96923076923077, 32.97948717948718, 32.95897435897436, 32.96410256410256, 32.97948717948718, 32.97435897435898, 32.96410256410256, 32.96923076923077, 32.94358974358974, 32.97435897435898, 32.96923076923077, 32.97435897435898, 32.94871794871795, 32.95384615384616, 32.93333333333334, 32.94358974358974, 32.93846153846154, 32.94871794871795, 32.93333333333334, 32.95384615384616, 32.93846153846154, 32.94358974358974, 32.95384615384616, 32.96923076923077, 32.96923076923077, 32.96923076923077, 32.96410256410256, 32.97435897435898, 32.94871794871795, 32.95897435897436, 32.94358974358974, 32.94358974358974, 32.93846153846154, 32.93846153846154, 32.94358974358974, 32.96410256410256, 32.96923076923077, 32.96923076923077, 32.95897435897436, 32.94871794871795, 32.93846153846154, 32.95384615384616, 32.94358974358974, 32.92820512820513, 32.96923076923077, 32.95384615384616, 32.93333333333334, 32.92820512820513, 32.93846153846154, 32.94358974358974, 32.95897435897436, 31.964102564102564, 31.95897435897436, 31.964102564102564, 31.943589743589744, 30.943589743589744, 29.94871794871795, 29.94871794871795, 28.933333333333334, 27.95897435897436, 25.943589743589744, 22.96923076923077, 22.974358974358974, 21.96923076923077, 19.96923076923077, 19.964102564102564, 17.953846153846154, 16.974358974358974, 16.95897435897436, 16.974358974358974, 16.96923076923077, 14.974358974358974, 14.96923076923077, 13.96923076923077, 13.974358974358974, 13.95897435897436, 13.953846153846154, 12.953846153846154, 11.974358974358974, 11.97948717948718, 11.96923076923077]",0.8466384299738274,0.836740477386611,12,"[33, 33, 33, 33, 33, 33, 33, 33, 33, 33, 33, 33, 33, 33, 33, 33, 33, 33, 33, 33, 33, 33, 33, 33, 33, 33, 33, 33, 33, 33, 33, 33, 33, 33, 33, 33, 33, 33, 33, 33, 33, 33, 33, 33, 33, 33, 33, 33, 33, 33, 33, 33, 33, 33, 33, 33, 33, 33, 33, 33, 33, 33, 33, 33, 33, 33, 33, 33, 33, 33, 33, 33, 33, 33, 33, 33, 33, 33, 33, 33, 33, 33, 33, 33, 33, 33, 33, 33, 33, 33, 33, 33, 33, 33, 33, 33, 33, 33, 33, 33, 33, 33, 33, 33, 33, 33, 33, 33, 33, 33, 33, 33, 33, 33, 33, 32, 32, 32, 32, 31, 30, 30, 29, 28, 26, 23, 23, 22, 20, 20, 18, 17, 17, 17, 17, 15, 15, 14, 14, 14, 14, 13, 12, 12, 12]",145,"[0.581123411655426, 0.5726367831230164, 0.565462589263916, 0.5592934489250183, 0.5557094216346741, 0.5503339171409607, 0.5476319193840027, 0.5420870184898376, 0.538777768611908, 0.5361271500587463, 0.5329756140708923, 0.531042754650116, 0.5274469256401062, 0.5239477753639221, 0.521138608455658, 0.5187487006187439, 0.5156990885734558, 0.5131484866142273, 0.5108078718185425, 0.5083886384963989, 0.505706250667572, 0.5053655505180359, 0.5006774663925171, 0.4983144700527191, 0.49624103307724, 0.494159460067749, 0.49234235286712646, 0.49001598358154297, 0.487855464220047, 0.4853711426258087, 0.48394978046417236, 0.481205552816391, 0.47871261835098267, 0.47660696506500244, 0.4757382869720459, 0.47290873527526855, 0.4709438681602478, 0.46880432963371277, 0.46684956550598145, 0.4650561809539795, 0.46369874477386475, 0.461637943983078, 0.4595557153224945, 0.45878902077674866, 0.4560084044933319, 0.4555765390396118, 0.45265063643455505, 0.45103996992111206, 0.4493791460990906, 0.44792571663856506, 0.44588688015937805, 0.4449366331100464, 0.4428597688674927, 0.44140487909317017, 0.44000568985939026, 0.4386275112628937, 0.4370230734348297, 0.4358152449131012, 0.43386581540107727, 0.43266305327415466, 0.4313182830810547, 0.4296422302722931, 0.42814990878105164, 0.4268730878829956, 0.42555540800094604, 0.42438265681266785, 0.42305296659469604, 0.4220195710659027, 0.42164501547813416, 0.4190616309642792, 0.41804108023643494, 0.41671454906463623, 0.4154570400714874, 0.4147728681564331, 0.4135022759437561, 0.41260087490081787, 0.4110618531703949, 0.4102528691291809, 0.4100096523761749, 0.40745410323143005, 0.4062679708003998, 0.40527674555778503, 0.40393197536468506, 0.40293315052986145, 0.40419456362724304, 0.401096910238266, 0.40015166997909546, 0.3991600275039673, 0.39829376339912415, 0.39720600843429565, 0.3964226245880127, 0.3952387273311615, 0.39437058568000793, 0.39333435893058777, 0.3922466039657593, 0.39198631048202515, 0.39078810811042786, 0.3896467685699463, 0.38850775361061096, 0.3895188868045807, 0.3872901201248169, 0.3862617015838623, 0.385264128446579, 0.3845624625682831, 0.38425156474113464, 0.38365086913108826, 0.38261494040489197, 0.38152119517326355, 0.3819754123687744, 0.3806297779083252, 0.3789871335029602, 0.37825897336006165, 0.37754955887794495, 0.3771381676197052, 0.3769667446613312, 0.37436726689338684, 0.373482346534729, 0.37266358733177185, 0.3721003830432892, 0.3709205985069275, 0.36771973967552185, 0.3676830232143402, 0.3652956783771515, 0.36471423506736755, 0.3613182008266449, 0.3592660427093506, 0.35860589146614075, 0.3552929162979126, 0.35326892137527466, 0.35296687483787537, 0.35004034638404846, 0.34794098138809204, 0.34670475125312805, 0.34877827763557434, 0.34652575850486755, 0.34318679571151733, 0.34294894337654114, 0.34138989448547363, 0.3411851227283478, 0.3410143554210663, 0.3425277769565582, 0.3405395448207855, 0.3419022858142853, 0.3413419723510742, 0.3410358726978302]",12.0,"[33.0, 33.0, 33.0, 33.0, 33.0, 33.0, 33.0, 33.0, 33.0, 33.0, 33.0, 33.0, 33.0, 33.0, 33.0, 33.0, 33.0, 33.0, 33.0, 33.0, 33.0, 33.0, 33.0, 33.0, 33.0, 33.0, 33.0, 33.0, 33.0, 33.0, 33.0, 33.0, 33.0, 33.0, 33.0, 33.0, 33.0, 33.0, 33.0, 33.0, 33.0, 33.0, 33.0, 33.0, 33.0, 33.0, 33.0, 33.0, 33.0, 33.0, 33.0, 33.0, 33.0, 33.0, 33.0, 33.0, 33.0, 33.0, 33.0, 33.0, 33.0, 33.0, 33.0, 33.0, 33.0, 33.0, 33.0, 33.0, 33.0, 33.0, 33.0, 33.0, 33.0, 33.0, 33.0, 33.0, 33.0, 33.0, 33.0, 33.0, 33.0, 33.0, 33.0, 33.0, 33.0, 33.0, 33.0, 33.0, 33.0, 33.0, 33.0, 33.0, 33.0, 33.0, 33.0, 33.0, 33.0, 33.0, 33.0, 33.0, 33.0, 33.0, 33.0, 33.0, 33.0, 33.0, 33.0, 33.0, 33.0, 33.0, 33.0, 33.0, 33.0, 33.0, 33.0, 32.0, 32.0, 32.0, 32.0, 31.0, 30.0, 30.0, 29.0, 28.0, 26.0, 23.0, 23.0, 22.0, 20.0, 20.0, 18.0, 17.0, 17.0, 17.0, 17.0, 15.0, 15.0, 14.0, 14.0, 14.0, 14.0, 13.0, 12.0, 12.0, 12.0]",COMPLETE
