,number,value,datetime_start,datetime_complete,duration,params_batch_size_scaler,params_constant_learning_rate,params_depth,params_epochs,params_kernel_l2,params_num_trees,params_temperature,user_attrs_accuracy_test,user_attrs_accuracy_valid,user_attrs_approximate_feature_sparsity,user_attrs_approximate_feature_sparsity_history,user_attrs_approximate_weight_sparsity,user_attrs_approximate_weight_sparsity_history,user_attrs_auc_test,user_attrs_auc_valid,user_attrs_feature_sparsity,user_attrs_feature_sparsity_history,user_attrs_num_epochs,user_attrs_val_loss_history,user_attrs_weight_sparsity,user_attrs_weight_sparsity_history,state
13,13,0.5,2024-08-31 01:07:36.906989,2024-08-31 01:09:05.965805,0 days 00:01:29.058816,4,2.176215306375393,2,265,0.005820456953776145,41,0.035952192911833464,0.859,0.85875,0,"[0, 0, 0, 0, 0, 0, 0, 0, 0, 0, 0, 0, 0, 0, 0, 0, 0, 0, 0, 0, 0, 0, 0, 0, 0, 0, 0, 0, 0, 0, 0, 0, 0, 0, 0, 0, 0, 0, 0, 0, 0, 0, 0, 0, 0, 0, 0, 0, 0, 0, 0, 0, 0, 0, 0, 0, 0, 0, 0, 0, 0, 0, 0, 0, 0, 0, 0, 0, 0, 0, 0, 0, 0, 0, 0, 0, 0, 0, 0, 0, 0, 0, 0, 0, 0, 0, 0, 0, 0, 0, 0, 0, 0, 0, 0, 0, 0, 0, 0, 0, 0, 0, 0, 0, 0, 0, 0, 0, 0, 0, 0, 0, 0, 0, 0, 0, 0, 0, 0, 0, 0, 0, 0, 0, 0, 0, 0, 0, 0, 0, 0, 0, 0, 0, 0, 0, 0, 0, 0, 0, 0, 0, 0, 0, 0, 0, 0, 0, 0, 0, 0, 0, 0, 0, 0, 0, 0, 0, 0, 0, 0, 0, 0, 0, 0, 0, 0, 0, 0, 0, 0, 0, 0, 0, 0, 0, 0, 0, 0, 0, 0, 0, 0, 0, 0, 0, 0, 0, 0, 0, 0, 0, 0, 0, 0, 0, 0, 0, 0, 0, 0, 0, 0, 0, 0, 0, 0, 0, 0, 0, 0, 0, 0, 0, 0, 0, 0, 0, 0, 0, 0, 0, 0, 0, 0, 0, 0, 0, 0, 0, 0, 0, 0, 0, 0, 0, 0, 0, 0, 0, 0, 0, 0, 0, 0, 0, 0, 0, 0, 0, 0, 0, 0, 0, 0, 0, 0, 0, 0, 0, 0, 0, 0, 0, 0]",0.0,"[0.0, 0.0, 0.0, 0.0, 0.0, 0.0, 0.0, 0.0, 0.0, 0.0, 0.0, 0.0, 0.0, 0.0, 0.0, 0.0, 0.0, 0.0, 0.0, 0.0, 0.0, 0.0, 0.0, 0.0, 0.0, 0.0, 0.0, 0.0, 0.0, 0.0, 0.0, 0.0, 0.0, 0.0, 0.0, 0.0, 0.0, 0.0, 0.0, 0.0, 0.0, 0.0, 0.0, 0.0, 0.0, 0.0, 0.0, 0.0, 0.0, 0.0, 0.0, 0.0, 0.0, 0.0, 0.0, 0.0, 0.0, 0.0, 0.0, 0.0, 0.0, 0.0, 0.0, 0.0, 0.0, 0.0, 0.0, 0.0, 0.0, 0.0, 0.0, 0.0, 0.0, 0.0, 0.0, 0.0, 0.0, 0.0, 0.0, 0.0, 0.0, 0.0, 0.0, 0.0, 0.0, 0.0, 0.0, 0.0, 0.0, 0.0, 0.0, 0.0, 0.0, 0.0, 0.0, 0.0, 0.0, 0.0, 0.0, 0.0, 0.0, 0.0, 0.0, 0.0, 0.0, 0.0, 0.0, 0.0, 0.0, 0.0, 0.0, 0.0, 0.0, 0.0, 0.0, 0.0, 0.0, 0.0, 0.0, 0.0, 0.0, 0.0, 0.0, 0.0, 0.0, 0.0, 0.0, 0.0, 0.0, 0.0, 0.0, 0.0, 0.0, 0.0, 0.0, 0.0, 0.0, 0.0, 0.0, 0.0, 0.0, 0.0, 0.0, 0.0, 0.0, 0.0, 0.0, 0.0, 0.0, 0.0, 0.0, 0.0, 0.0, 0.0, 0.0, 0.0, 0.0, 0.0, 0.0, 0.0, 0.0, 0.0, 0.0, 0.0, 0.0, 0.0, 0.0, 0.0, 0.0, 0.0, 0.0, 0.0, 0.0, 0.0, 0.0, 0.0, 0.0, 0.0, 0.0, 0.0, 0.0, 0.0, 0.0, 0.0, 0.0, 0.0, 0.0, 0.0, 0.0, 0.0, 0.0, 0.0, 0.0, 0.0, 0.0, 0.0, 0.0, 0.0, 0.0, 0.0, 0.0, 0.0, 0.0, 0.0, 0.0, 0.0, 0.0, 0.0, 0.0, 0.0, 0.0, 0.0, 0.0, 0.0, 0.0, 0.0, 0.0, 0.0, 0.0, 0.0, 0.0, 0.0, 0.0, 0.0, 0.0, 0.0, 0.0, 0.0, 0.0, 0.0, 0.0, 0.0, 0.0, 0.0, 0.0, 0.0, 0.0, 0.0, 0.0, 0.0, 0.0, 0.0, 0.0, 0.0, 0.0, 0.0, 0.0, 0.0, 0.0, 0.0, 0.0, 0.0, 0.0, 0.0, 0.0, 0.0, 0.0, 0.0, 0.0, 0.0, 0.0, 0.0, 0.0, 0.0, 0.0]",0.5,0.5,0,"[0, 0, 0, 0, 0, 0, 0, 0, 0, 0, 0, 0, 0, 0, 0, 0, 0, 0, 0, 0, 0, 0, 0, 0, 0, 0, 0, 0, 0, 0, 0, 0, 0, 0, 0, 0, 0, 0, 0, 0, 0, 0, 0, 0, 0, 0, 0, 0, 0, 0, 0, 0, 0, 0, 0, 0, 0, 0, 0, 0, 0, 0, 0, 0, 0, 0, 0, 0, 0, 0, 0, 0, 0, 0, 0, 0, 0, 0, 0, 0, 0, 0, 0, 0, 0, 0, 0, 0, 0, 0, 0, 0, 0, 0, 0, 0, 0, 0, 0, 0, 0, 0, 0, 0, 0, 0, 0, 0, 0, 0, 0, 0, 0, 0, 0, 0, 0, 0, 0, 0, 0, 0, 0, 0, 0, 0, 0, 0, 0, 0, 0, 0, 0, 0, 0, 0, 0, 0, 0, 0, 0, 0, 0, 0, 0, 0, 0, 0, 0, 0, 0, 0, 0, 0, 0, 0, 0, 0, 0, 0, 0, 0, 0, 0, 0, 0, 0, 0, 0, 0, 0, 0, 0, 0, 0, 0, 0, 0, 0, 0, 0, 0, 0, 0, 0, 0, 0, 0, 0, 0, 0, 0, 0, 0, 0, 0, 0, 0, 0, 0, 0, 0, 0, 0, 0, 0, 0, 0, 0, 0, 0, 0, 0, 0, 0, 0, 0, 0, 0, 0, 0, 0, 0, 0, 0, 0, 0, 0, 0, 0, 0, 0, 0, 0, 0, 0, 0, 0, 0, 0, 0, 0, 0, 0, 0, 0, 0, 0, 0, 0, 0, 0, 0, 0, 0, 0, 0, 0, 0, 0, 0, 0, 0, 0, 0]",265,"[0.9342800378799438, 2.7264909744262695, 0.691509485244751, 1.7569496631622314, 2.9159023761749268, 0.49806731939315796, 1.0139554738998413, 2.060208797454834, 3.263629674911499, 0.7969866991043091, 2.4246573448181152, 2.0749001502990723, 0.5187769532203674, 3.0116381645202637, 1.4947491884231567, 4.574197292327881, 0.8399987816810608, 4.42221212387085, 2.5047006607055664, 2.584477424621582, 2.541452407836914, 0.46544188261032104, 3.92872953414917, 3.348771333694458, 0.79892897605896, 0.4745057225227356, 0.411528617143631, 1.529726505279541, 1.1358349323272705, 3.1652886867523193, 0.9023241996765137, 0.42649513483047485, 1.3460116386413574, 4.057194709777832, 0.4088115990161896, 2.7927510738372803, 0.4121990203857422, 1.6982436180114746, 0.409343957901001, 3.3213775157928467, 0.7239739298820496, 3.459869384765625, 1.0753929615020752, 0.6872095465660095, 1.6649670600891113, 2.2023377418518066, 2.4224584102630615, 0.5079425573348999, 3.662034511566162, 3.006131172180176, 3.1526238918304443, 0.8568044304847717, 1.467344045639038, 3.3407182693481445, 2.0584096908569336, 4.64220666885376, 1.5795103311538696, 3.2620697021484375, 1.5602449178695679, 0.9655442833900452, 2.9668474197387695, 1.9263522624969482, 3.6051981449127197, 1.0856035947799683, 0.836190938949585, 2.374089002609253, 1.8330234289169312, 0.9609887599945068, 4.1676859855651855, 0.9302622079849243, 0.7529846429824829, 0.48341310024261475, 1.5460450649261475, 0.5838417410850525, 2.1449267864227295, 2.6657040119171143, 2.6746578216552734, 2.3697636127471924, 0.9452377557754517, 1.940820336341858, 4.376956462860107, 2.6434922218322754, 0.9196874499320984, 0.5517887473106384, 0.837433934211731, 0.8630712628364563, 0.9410860538482666, 2.2142581939697266, 2.5374062061309814, 2.3788347244262695, 5.219279766082764, 1.4161632061004639, 0.5301434993743896, 3.2486987113952637, 0.5779834985733032, 0.41011592745780945, 0.41022419929504395, 0.8549714088439941, 2.2084150314331055, 0.8540937900543213, 3.5441641807556152, 2.4047701358795166, 0.9356775879859924, 0.7630329728126526, 0.9337570071220398, 0.4636600613594055, 1.7470496892929077, 1.553703784942627, 1.996869683265686, 0.5010989904403687, 0.4181639552116394, 4.767792224884033, 3.253284215927124, 4.226911544799805, 1.4844000339508057, 3.7024314403533936, 0.8860650658607483, 5.285555839538574, 1.775727391242981, 0.7039585709571838, 0.8252400159835815, 3.146502733230591, 0.42069071531295776, 0.40876060724258423, 1.8923062086105347, 0.7122130393981934, 3.815880537033081, 3.2106287479400635, 0.4401513934135437, 0.4269813299179077, 1.3016765117645264, 2.5987067222595215, 3.7541065216064453, 0.8624298572540283, 1.3175346851348877, 2.3866612911224365, 4.7721734046936035, 3.8201918601989746, 2.411252021789551, 2.1625723838806152, 0.4251086711883545, 3.5142242908477783, 2.1416187286376953, 0.841849684715271, 4.140167713165283, 1.8868921995162964, 3.1377429962158203, 2.3646631240844727, 0.8511483669281006, 3.206312894821167, 0.923876166343689, 3.3112287521362305, 1.764251708984375, 0.8025416731834412, 1.3737925291061401, 1.3258938789367676, 0.5294830799102783, 4.7590484619140625, 1.6597741842269897, 2.1115448474884033, 4.327142238616943, 3.066434383392334, 0.5129787921905518, 1.2093603610992432, 0.7337881326675415, 2.699756383895874, 3.356186628341675, 0.41098883748054504, 1.2390871047973633, 0.40747201442718506, 3.4104726314544678, 1.3511112928390503, 0.9282323718070984, 0.578721284866333, 0.41013094782829285, 4.328234672546387, 3.3287627696990967, 2.966670513153076, 0.7021903991699219, 1.2104812860488892, 0.6756808757781982, 2.094562292098999, 0.6252650618553162, 1.0845227241516113, 2.898751735687256, 2.898636817932129, 3.5692248344421387, 1.4852898120880127, 3.4548020362854004, 0.5860543251037598, 4.835904121398926, 0.7244410514831543, 0.7725449204444885, 1.886586308479309, 1.5899332761764526, 2.8933234214782715, 0.45342564582824707, 1.7996810674667358, 2.5571131706237793, 0.8458350300788879, 3.709505558013916, 3.065183639526367, 0.7106421589851379, 1.256469964981079, 3.130605697631836, 2.3009729385375977, 0.7347332835197449, 2.4188432693481445, 1.1979801654815674, 1.6885756254196167, 1.729884147644043, 1.784705400466919, 1.3048330545425415, 3.2695560455322266, 0.4084525406360626, 0.9872580170631409, 3.3765223026275635, 3.1463167667388916, 1.0597156286239624, 2.3636345863342285, 2.1229801177978516, 0.6277234554290771, 2.30519962310791, 0.513272225856781, 1.935089111328125, 2.745178461074829, 1.7091447114944458, 0.44122809171676636, 0.7206618785858154, 2.5521554946899414, 1.8583508729934692, 1.333663821220398, 4.090525150299072, 4.103982448577881, 2.6213245391845703, 3.3234200477600098, 3.3771255016326904, 3.053115129470825, 0.9661023616790771, 2.030841112136841, 3.5798304080963135, 0.9347965717315674, 0.408281147480011, 1.576651930809021, 0.41086751222610474, 1.6656914949417114, 3.868609666824341, 0.7680893540382385, 0.4588804543018341, 1.4126179218292236, 0.41255244612693787, 0.8041108846664429, 3.3961269855499268, 1.0406460762023926, 1.994288682937622, 2.188892126083374, 0.7959406971931458, 0.7070234417915344, 2.1734836101531982, 0.710777223110199, 0.43201887607574463, 2.265230655670166, 0.4754805862903595, 1.57179856300354, 3.7287304401397705]",0.0,"[0.0, 0.0, 0.0, 0.0, 0.0, 0.0, 0.0, 0.0, 0.0, 0.0, 0.0, 0.0, 0.0, 0.0, 0.0, 0.0, 0.0, 0.0, 0.0, 0.0, 0.0, 0.0, 0.0, 0.0, 0.0, 0.0, 0.0, 0.0, 0.0, 0.0, 0.0, 0.0, 0.0, 0.0, 0.0, 0.0, 0.0, 0.0, 0.0, 0.0, 0.0, 0.0, 0.0, 0.0, 0.0, 0.0, 0.0, 0.0, 0.0, 0.0, 0.0, 0.0, 0.0, 0.0, 0.0, 0.0, 0.0, 0.0, 0.0, 0.0, 0.0, 0.0, 0.0, 0.0, 0.0, 0.0, 0.0, 0.0, 0.0, 0.0, 0.0, 0.0, 0.0, 0.0, 0.0, 0.0, 0.0, 0.0, 0.0, 0.0, 0.0, 0.0, 0.0, 0.0, 0.0, 0.0, 0.0, 0.0, 0.0, 0.0, 0.0, 0.0, 0.0, 0.0, 0.0, 0.0, 0.0, 0.0, 0.0, 0.0, 0.0, 0.0, 0.0, 0.0, 0.0, 0.0, 0.0, 0.0, 0.0, 0.0, 0.0, 0.0, 0.0, 0.0, 0.0, 0.0, 0.0, 0.0, 0.0, 0.0, 0.0, 0.0, 0.0, 0.0, 0.0, 0.0, 0.0, 0.0, 0.0, 0.0, 0.0, 0.0, 0.0, 0.0, 0.0, 0.0, 0.0, 0.0, 0.0, 0.0, 0.0, 0.0, 0.0, 0.0, 0.0, 0.0, 0.0, 0.0, 0.0, 0.0, 0.0, 0.0, 0.0, 0.0, 0.0, 0.0, 0.0, 0.0, 0.0, 0.0, 0.0, 0.0, 0.0, 0.0, 0.0, 0.0, 0.0, 0.0, 0.0, 0.0, 0.0, 0.0, 0.0, 0.0, 0.0, 0.0, 0.0, 0.0, 0.0, 0.0, 0.0, 0.0, 0.0, 0.0, 0.0, 0.0, 0.0, 0.0, 0.0, 0.0, 0.0, 0.0, 0.0, 0.0, 0.0, 0.0, 0.0, 0.0, 0.0, 0.0, 0.0, 0.0, 0.0, 0.0, 0.0, 0.0, 0.0, 0.0, 0.0, 0.0, 0.0, 0.0, 0.0, 0.0, 0.0, 0.0, 0.0, 0.0, 0.0, 0.0, 0.0, 0.0, 0.0, 0.0, 0.0, 0.0, 0.0, 0.0, 0.0, 0.0, 0.0, 0.0, 0.0, 0.0, 0.0, 0.0, 0.0, 0.0, 0.0, 0.0, 0.0, 0.0, 0.0, 0.0, 0.0, 0.0, 0.0, 0.0, 0.0, 0.0, 0.0, 0.0, 0.0, 0.0, 0.0, 0.0, 0.0, 0.0, 0.0, 0.0, 0.0, 0.0, 0.0, 0.0, 0.0]",COMPLETE
