,number,value,datetime_start,datetime_complete,duration,params_batch_size_scaler,params_constant_learning_rate,params_depth,params_epochs,params_kernel_l2,params_num_trees,params_temperature,user_attrs_accuracy_test,user_attrs_accuracy_valid,user_attrs_approximate_feature_sparsity,user_attrs_approximate_feature_sparsity_history,user_attrs_approximate_weight_sparsity,user_attrs_approximate_weight_sparsity_history,user_attrs_auc_test,user_attrs_auc_valid,user_attrs_feature_sparsity,user_attrs_feature_sparsity_history,user_attrs_num_epochs,user_attrs_val_loss_history,user_attrs_weight_sparsity,user_attrs_weight_sparsity_history,state
160,160,0.8768855225361002,2024-08-31 06:32:40.101650,2024-08-31 06:36:17.392005,0 days 00:03:37.290355,1,2.7367874949668756,5,85,0.005679926726872927,86,0.0007594159957284073,0.875,0.86375,7,"[15, 11, 10, 7, 7, 7, 7, 7, 7, 7, 7, 7, 7, 7, 7, 7, 7, 7, 7, 7, 7, 7, 7, 7, 7, 7, 7, 7, 7, 7, 7, 7, 7, 7, 7, 7, 7, 7, 7, 7, 7, 7, 7, 7, 7, 7, 7, 7, 7, 7, 7, 7, 7, 7, 7, 7, 7, 7, 7, 7, 7, 7, 7, 7, 7, 7, 7, 7, 7, 7, 7, 7, 7, 7, 7, 7, 7, 7, 7, 7, 7, 7, 7, 7, 7]",6.9894973743435855,"[14.963615903975994, 10.983495873968492, 9.989497374343587, 6.989122280570143, 6.989872468117029, 6.993623405851463, 6.986121530382595, 6.993623405851463, 6.986871717929483, 6.991372843210803, 6.987246811702926, 6.989497374343586, 6.992123030757689, 6.99324831207802, 6.9894973743435855, 6.991747936984246, 6.990247561890473, 6.992123030757689, 6.989497374343586, 6.990622655663916, 6.992498124531133, 6.9909977494373585, 6.993998499624906, 6.990247561890473, 6.993623405851462, 6.992498124531132, 6.991747936984245, 6.9887471867967, 6.989497374343586, 6.990247561890473, 6.990997749437359, 6.992873218304576, 6.98987246811703, 6.98987246811703, 6.990997749437359, 6.990622655663916, 6.991747936984246, 6.992873218304576, 6.990622655663915, 6.98987246811703, 6.98987246811703, 6.993998499624906, 6.99324831207802, 6.9928732183045765, 6.992123030757689, 6.990247561890473, 6.994748687171793, 6.991747936984246, 6.990622655663916, 6.991747936984247, 6.988747186796699, 6.992498124531132, 6.988372093023256, 6.988747186796699, 6.987621905476368, 6.988372093023257, 6.981995498874719, 6.99099774943736, 6.991372843210803, 6.989497374343586, 6.990997749437359, 6.992123030757689, 6.9894973743435855, 6.989497374343586, 6.987621905476369, 6.991372843210803, 6.992498124531133, 6.991372843210803, 6.986121530382595, 6.988372093023256, 6.988372093023256, 6.9887471867967, 6.989122280570142, 6.9879969992498125, 6.986496624156039, 6.984996249062265, 6.990247561890473, 6.989122280570143, 6.9894973743435855, 6.986121530382595, 6.989122280570142, 6.989122280570142, 6.987621905476368, 6.986871717929483, 6.9894973743435855]",0.8779382260421569,0.8768855225361002,7,"[15, 11, 10, 7, 7, 7, 7, 7, 7, 7, 7, 7, 7, 7, 7, 7, 7, 7, 7, 7, 7, 7, 7, 7, 7, 7, 7, 7, 7, 7, 7, 7, 7, 7, 7, 7, 7, 7, 7, 7, 7, 7, 7, 7, 7, 7, 7, 7, 7, 7, 7, 7, 7, 7, 7, 7, 7, 7, 7, 7, 7, 7, 7, 7, 7, 7, 7, 7, 7, 7, 7, 7, 7, 7, 7, 7, 7, 7, 7, 7, 7, 7, 7, 7, 7]",85,"[0.35843342542648315, 0.36279937624931335, 0.42472755908966064, 0.3864513635635376, 0.2966929078102112, 0.3580275774002075, 0.41190460324287415, 0.3034699857234955, 0.31060194969177246, 0.2805764973163605, 0.27343517541885376, 0.32042908668518066, 0.26137736439704895, 0.4151468575000763, 0.2548491358757019, 0.27929961681365967, 0.485910028219223, 0.29760849475860596, 0.264003187417984, 0.2644362151622772, 0.2968485355377197, 0.26109763979911804, 0.28428077697753906, 0.27503129839897156, 0.2811053991317749, 0.2586114704608917, 0.2613566219806671, 0.2763558328151703, 0.2838353216648102, 0.5943198204040527, 0.2795633375644684, 0.25981125235557556, 0.27139222621917725, 0.25952664017677307, 0.2758839726448059, 0.3050172030925751, 0.27018895745277405, 0.2645946443080902, 0.25507867336273193, 0.2544792890548706, 0.34742069244384766, 0.26005810499191284, 0.28175321221351624, 0.2534118890762329, 0.2663700580596924, 0.2803839445114136, 0.2965366542339325, 0.26772284507751465, 0.3016606569290161, 0.2965376377105713, 0.26027703285217285, 0.2704331874847412, 0.26374003291130066, 0.26261159777641296, 0.257964164018631, 0.2573234438896179, 0.29859647154808044, 0.2867402136325836, 0.28060105443000793, 0.26007306575775146, 0.2749578654766083, 0.26550719141960144, 0.2876201868057251, 0.29451999068260193, 0.26405438780784607, 0.25432470440864563, 0.25736743211746216, 0.25835976004600525, 0.3725127875804901, 0.25719958543777466, 0.2571090757846832, 0.32430118322372437, 0.26039019227027893, 0.29285064339637756, 0.26556843519210815, 0.28243282437324524, 0.27927908301353455, 0.3012693524360657, 0.2714097797870636, 0.25373709201812744, 0.271274596452713, 0.2626422941684723, 0.25826650857925415, 0.2786526083946228, 0.3112293481826782]",7.0,"[15.0, 11.0, 10.0, 7.0, 7.0, 7.0, 7.0, 7.0, 7.0, 7.0, 7.0, 7.0, 7.0, 7.0, 7.0, 7.0, 7.0, 7.0, 7.0, 7.0, 7.0, 7.0, 7.0, 7.0, 7.0, 7.0, 7.0, 7.0, 7.0, 7.0, 7.0, 7.0, 7.0, 7.0, 7.0, 7.0, 7.0, 7.0, 7.0, 7.0, 7.0, 7.0, 7.0, 7.0, 7.0, 7.0, 7.0, 7.0, 7.0, 7.0, 7.0, 7.0, 7.0, 7.0, 7.0, 7.0, 7.0, 7.0, 7.0, 7.0, 7.0, 7.0, 7.0, 7.0, 7.0, 7.0, 7.0, 7.0, 7.0, 7.0, 7.0, 7.0, 7.0, 7.0, 7.0, 7.0, 7.0, 7.0, 7.0, 7.0, 7.0, 7.0, 7.0, 7.0, 7.0]",COMPLETE
161,161,0.5,2024-08-31 06:36:20.983944,2024-08-31 06:39:40.878213,0 days 00:03:19.894269,16,3.085442976714157,6,385,0.056287871273124485,10,0.01335335150696707,0.859,0.85875,0,"[1, 0, 0, 0, 0, 0, 0, 0, 0, 0, 0, 0, 0, 0, 0, 0, 0, 0, 0, 0, 0, 0, 0, 0, 0, 0, 0, 0, 0, 0, 0, 0, 0, 0, 0, 0, 0, 0, 0, 0, 0, 0, 0, 0, 0, 0, 0, 0, 0, 0, 0, 0, 0, 0, 0, 0, 0, 0, 0, 0, 0, 0, 0, 0, 0, 0, 0, 0, 0, 0, 0, 0, 0, 0, 0, 0, 0, 0, 0, 0, 0, 0, 0, 0, 0, 0, 0, 0, 0, 0, 0, 0, 0, 0, 0, 0, 0, 0, 0, 0, 0, 0, 0, 0, 0, 0, 0, 0, 0, 0, 0, 0, 0, 0, 0, 0, 0, 0, 0, 0, 0, 0, 0, 0, 0, 0, 0, 0, 0, 0, 0, 0, 0, 0, 0, 0, 0, 0, 0, 0, 0, 0, 0, 0, 0, 0, 0, 0, 0, 0, 0, 0, 0, 0, 0, 0, 0, 0, 0, 0, 0, 0, 0, 0, 0, 0, 0, 0, 0, 0, 0, 0, 0, 0, 0, 0, 0, 0, 0, 0, 0, 0, 0, 0, 0, 0, 0, 0, 0, 0, 0, 0, 0, 0, 0, 0, 0, 0, 0, 0, 0, 0, 0, 0, 0, 0, 0, 0, 0, 0, 0, 0, 0, 0, 0, 0, 0, 0, 0, 0, 0, 0, 0, 0, 0, 0, 0, 0, 0, 0, 0, 0, 0, 0, 0, 0, 0, 0, 0, 0, 0, 0, 0, 0, 0, 0, 0, 0, 0, 0, 0, 0, 0, 0, 0, 0, 0, 0, 0, 0, 0, 0, 0, 0, 0, 0, 0, 0, 0, 0, 0, 0, 0, 0, 0, 0, 0, 0, 0, 0, 0, 0, 0, 0, 0, 0, 0, 0, 0, 0, 0, 0, 0, 0, 0, 0, 0, 0, 0, 0, 0, 0, 0, 0, 0, 0, 0, 0, 0, 0, 0, 0, 0, 0, 0, 0, 0, 0, 0, 0, 0, 0, 0, 0, 0, 0, 0, 0, 0, 0, 0, 0, 0, 0, 0, 0, 0, 0, 0, 0, 0, 0, 0, 0, 0, 0, 0, 0, 0, 0, 0, 0, 0, 0, 0, 0, 0, 0, 0, 0, 0, 0, 0, 0, 0, 0, 0, 0, 0, 0, 0, 0, 0, 0, 0, 0, 0, 0, 0, 0, 0, 0, 0, 0, 0]",0.0,"[1.0, 0.0, 0.0, 0.0, 0.0, 0.0, 0.0, 0.0, 0.0, 0.0, 0.0, 0.0, 0.0, 0.0, 0.0, 0.0, 0.0, 0.0, 0.0, 0.0, 0.0, 0.0, 0.0, 0.0, 0.0, 0.0, 0.0, 0.0, 0.0, 0.0, 0.0, 0.0, 0.0, 0.0, 0.0, 0.0, 0.0, 0.0, 0.0, 0.0, 0.0, 0.0, 0.0, 0.0, 0.0, 0.0, 0.0, 0.0, 0.0, 0.0, 0.0, 0.0, 0.0, 0.0, 0.0, 0.0, 0.0, 0.0, 0.0, 0.0, 0.0, 0.0, 0.0, 0.0, 0.0, 0.0, 0.0, 0.0, 0.0, 0.0, 0.0, 0.0, 0.0, 0.0, 0.0, 0.0, 0.0, 0.0, 0.0, 0.0, 0.0, 0.0, 0.0, 0.0, 0.0, 0.0, 0.0, 0.0, 0.0, 0.0, 0.0, 0.0, 0.0, 0.0, 0.0, 0.0, 0.0, 0.0, 0.0, 0.0, 0.0, 0.0, 0.0, 0.0, 0.0, 0.0, 0.0, 0.0, 0.0, 0.0, 0.0, 0.0, 0.0, 0.0, 0.0, 0.0, 0.0, 0.0, 0.0, 0.0, 0.0, 0.0, 0.0, 0.0, 0.0, 0.0, 0.0, 0.0, 0.0, 0.0, 0.0, 0.0, 0.0, 0.0, 0.0, 0.0, 0.0, 0.0, 0.0, 0.0, 0.0, 0.0, 0.0, 0.0, 0.0, 0.0, 0.0, 0.0, 0.0, 0.0, 0.0, 0.0, 0.0, 0.0, 0.0, 0.0, 0.0, 0.0, 0.0, 0.0, 0.0, 0.0, 0.0, 0.0, 0.0, 0.0, 0.0, 0.0, 0.0, 0.0, 0.0, 0.0, 0.0, 0.0, 0.0, 0.0, 0.0, 0.0, 0.0, 0.0, 0.0, 0.0, 0.0, 0.0, 0.0, 0.0, 0.0, 0.0, 0.0, 0.0, 0.0, 0.0, 0.0, 0.0, 0.0, 0.0, 0.0, 0.0, 0.0, 0.0, 0.0, 0.0, 0.0, 0.0, 0.0, 0.0, 0.0, 0.0, 0.0, 0.0, 0.0, 0.0, 0.0, 0.0, 0.0, 0.0, 0.0, 0.0, 0.0, 0.0, 0.0, 0.0, 0.0, 0.0, 0.0, 0.0, 0.0, 0.0, 0.0, 0.0, 0.0, 0.0, 0.0, 0.0, 0.0, 0.0, 0.0, 0.0, 0.0, 0.0, 0.0, 0.0, 0.0, 0.0, 0.0, 0.0, 0.0, 0.0, 0.0, 0.0, 0.0, 0.0, 0.0, 0.0, 0.0, 0.0, 0.0, 0.0, 0.0, 0.0, 0.0, 0.0, 0.0, 0.0, 0.0, 0.0, 0.0, 0.0, 0.0, 0.0, 0.0, 0.0, 0.0, 0.0, 0.0, 0.0, 0.0, 0.0, 0.0, 0.0, 0.0, 0.0, 0.0, 0.0, 0.0, 0.0, 0.0, 0.0, 0.0, 0.0, 0.0, 0.0, 0.0, 0.0, 0.0, 0.0, 0.0, 0.0, 0.0, 0.0, 0.0, 0.0, 0.0, 0.0, 0.0, 0.0, 0.0, 0.0, 0.0, 0.0, 0.0, 0.0, 0.0, 0.0, 0.0, 0.0, 0.0, 0.0, 0.0, 0.0, 0.0, 0.0, 0.0, 0.0, 0.0, 0.0, 0.0, 0.0, 0.0, 0.0, 0.0, 0.0, 0.0, 0.0, 0.0, 0.0, 0.0, 0.0, 0.0, 0.0, 0.0, 0.0, 0.0, 0.0, 0.0, 0.0, 0.0, 0.0, 0.0, 0.0, 0.0, 0.0, 0.0, 0.0, 0.0, 0.0, 0.0, 0.0, 0.0, 0.0, 0.0, 0.0, 0.0, 0.0, 0.0, 0.0, 0.0, 0.0, 0.0, 0.0, 0.0, 0.0, 0.0, 0.0, 0.0, 0.0, 0.0, 0.0, 0.0, 0.0, 0.0, 0.0, 0.0, 0.0, 0.0]",0.5,0.5,0,"[1, 0, 0, 0, 0, 0, 0, 0, 0, 0, 0, 0, 0, 0, 0, 0, 0, 0, 0, 0, 0, 0, 0, 0, 0, 0, 0, 0, 0, 0, 0, 0, 0, 0, 0, 0, 0, 0, 0, 0, 0, 0, 0, 0, 0, 0, 0, 0, 0, 0, 0, 0, 0, 0, 0, 0, 0, 0, 0, 0, 0, 0, 0, 0, 0, 0, 0, 0, 0, 0, 0, 0, 0, 0, 0, 0, 0, 0, 0, 0, 0, 0, 0, 0, 0, 0, 0, 0, 0, 0, 0, 0, 0, 0, 0, 0, 0, 0, 0, 0, 0, 0, 0, 0, 0, 0, 0, 0, 0, 0, 0, 0, 0, 0, 0, 0, 0, 0, 0, 0, 0, 0, 0, 0, 0, 0, 0, 0, 0, 0, 0, 0, 0, 0, 0, 0, 0, 0, 0, 0, 0, 0, 0, 0, 0, 0, 0, 0, 0, 0, 0, 0, 0, 0, 0, 0, 0, 0, 0, 0, 0, 0, 0, 0, 0, 0, 0, 0, 0, 0, 0, 0, 0, 0, 0, 0, 0, 0, 0, 0, 0, 0, 0, 0, 0, 0, 0, 0, 0, 0, 0, 0, 0, 0, 0, 0, 0, 0, 0, 0, 0, 0, 0, 0, 0, 0, 0, 0, 0, 0, 0, 0, 0, 0, 0, 0, 0, 0, 0, 0, 0, 0, 0, 0, 0, 0, 0, 0, 0, 0, 0, 0, 0, 0, 0, 0, 0, 0, 0, 0, 0, 0, 0, 0, 0, 0, 0, 0, 0, 0, 0, 0, 0, 0, 0, 0, 0, 0, 0, 0, 0, 0, 0, 0, 0, 0, 0, 0, 0, 0, 0, 0, 0, 0, 0, 0, 0, 0, 0, 0, 0, 0, 0, 0, 0, 0, 0, 0, 0, 0, 0, 0, 0, 0, 0, 0, 0, 0, 0, 0, 0, 0, 0, 0, 0, 0, 0, 0, 0, 0, 0, 0, 0, 0, 0, 0, 0, 0, 0, 0, 0, 0, 0, 0, 0, 0, 0, 0, 0, 0, 0, 0, 0, 0, 0, 0, 0, 0, 0, 0, 0, 0, 0, 0, 0, 0, 0, 0, 0, 0, 0, 0, 0, 0, 0, 0, 0, 0, 0, 0, 0, 0, 0, 0, 0, 0, 0, 0, 0, 0, 0, 0, 0, 0, 0, 0, 0, 0, 0, 0, 0, 0, 0, 0, 0]",385,"[0.40022650361061096, 0.407645046710968, 0.4072955846786499, 0.40725353360176086, 0.4072323739528656, 0.40722617506980896, 0.40724316239356995, 0.40725478529930115, 0.4073222279548645, 0.40730372071266174, 0.4072752296924591, 0.4073144197463989, 0.407230019569397, 0.40728214383125305, 0.4072834253311157, 0.4072294235229492, 0.4072296917438507, 0.40728136897087097, 0.4072767198085785, 0.40732818841934204, 0.40722987055778503, 0.4073026776313782, 0.4072272479534149, 0.40724632143974304, 0.4072693884372711, 0.407266229391098, 0.4072367548942566, 0.4072716236114502, 0.40751510858535767, 0.4072645902633667, 0.40730369091033936, 0.40738242864608765, 0.4072301387786865, 0.4072697162628174, 0.4072633981704712, 0.40722620487213135, 0.4072588086128235, 0.407359778881073, 0.4072437286376953, 0.4072282016277313, 0.40726420283317566, 0.4078344702720642, 0.40722933411598206, 0.4072434902191162, 0.40731361508369446, 0.407233327627182, 0.4072670042514801, 0.407320111989975, 0.4074137508869171, 0.4072863459587097, 0.4075465798377991, 0.40732598304748535, 0.40724045038223267, 0.4073418080806732, 0.4072570502758026, 0.40747401118278503, 0.4072306156158447, 0.40724948048591614, 0.40725600719451904, 0.40735572576522827, 0.4072316884994507, 0.407247394323349, 0.4072834849357605, 0.4073047637939453, 0.40722763538360596, 0.40722620487213135, 0.4072359800338745, 0.4072728753089905, 0.4074168801307678, 0.4072847068309784, 0.4072318971157074, 0.40722811222076416, 0.4072447717189789, 0.40727290511131287, 0.4072808027267456, 0.40725356340408325, 0.4072686433792114, 0.4072306454181671, 0.4072507917881012, 0.40729668736457825, 0.4072262942790985, 0.4072265923023224, 0.40724876523017883, 0.40722739696502686, 0.4072535037994385, 0.4073611795902252, 0.4072549343109131, 0.4073010981082916, 0.4072333574295044, 0.4074181616306305, 0.40734994411468506, 0.40722620487213135, 0.40731772780418396, 0.4073360562324524, 0.4073658883571625, 0.4077015817165375, 0.4073062539100647, 0.4073330760002136, 0.4072265326976776, 0.40723925828933716, 0.4072681665420532, 0.407393217086792, 0.40726950764656067, 0.40728530287742615, 0.4073140323162079, 0.40723294019699097, 0.40722668170928955, 0.4072439968585968, 0.4073396325111389, 0.40732020139694214, 0.4072386920452118, 0.4072507917881012, 0.4072261452674866, 0.40722981095314026, 0.4072265326976776, 0.4072330892086029, 0.4074559509754181, 0.4072617292404175, 0.4074113368988037, 0.40727341175079346, 0.4072785973548889, 0.40725818276405334, 0.4072519540786743, 0.4074786305427551, 0.4076277017593384, 0.4073221683502197, 0.4072687029838562, 0.40747693181037903, 0.407268762588501, 0.40724217891693115, 0.407451331615448, 0.40726470947265625, 0.4072811007499695, 0.4072779417037964, 0.40725722908973694, 0.40725138783454895, 0.4074183702468872, 0.40731877088546753, 0.4072471261024475, 0.4074593484401703, 0.4073009788990021, 0.407227098941803, 0.4072297215461731, 0.4073799252510071, 0.4072408676147461, 0.40726950764656067, 0.40735897421836853, 0.40722715854644775, 0.40731215476989746, 0.40760043263435364, 0.40722978115081787, 0.4074915051460266, 0.40730535984039307, 0.40722620487213135, 0.40723907947540283, 0.4076651334762573, 0.4072546064853668, 0.4072938859462738, 0.40728244185447693, 0.40722665190696716, 0.4074682295322418, 0.40729987621307373, 0.4073108732700348, 0.4073982536792755, 0.4072706699371338, 0.40739724040031433, 0.4072394073009491, 0.4072269797325134, 0.4072262942790985, 0.4072401523590088, 0.4072898030281067, 0.4072534441947937, 0.4072399437427521, 0.40730735659599304, 0.4072287678718567, 0.40787991881370544, 0.4072803556919098, 0.40805909037590027, 0.40726175904273987, 0.4072261154651642, 0.4072955846786499, 0.4072387218475342, 0.40749508142471313, 0.4072304666042328, 0.4073648154735565, 0.40725916624069214, 0.407283753156662, 0.4074127972126007, 0.40722906589508057, 0.4072474539279938, 0.40738415718078613, 0.4072626829147339, 0.40745091438293457, 0.407230943441391, 0.4074496328830719, 0.4072376489639282, 0.4072302281856537, 0.40732672810554504, 0.4072822332382202, 0.40736550092697144, 0.4072405695915222, 0.4072381556034088, 0.407379686832428, 0.40724891424179077, 0.40724676847457886, 0.407265841960907, 0.4072471261024475, 0.4074878990650177, 0.40728622674942017, 0.40733933448791504, 0.4072811007499695, 0.4072631895542145, 0.4072844982147217, 0.4072742164134979, 0.40733060240745544, 0.40723541378974915, 0.40725165605545044, 0.40747806429862976, 0.40723204612731934, 0.4072347581386566, 0.40723949670791626, 0.4072270095348358, 0.40722617506980896, 0.4072357416152954, 0.4072502851486206, 0.4072321057319641, 0.4072568118572235, 0.40784403681755066, 0.4073100984096527, 0.40722617506980896, 0.40722864866256714, 0.4072914123535156, 0.4072374999523163, 0.40751907229423523, 0.407272607088089, 0.4072795808315277, 0.4076511263847351, 0.4072605073451996, 0.4072609841823578, 0.40722915530204773, 0.4072459936141968, 0.40723103284835815, 0.4072832465171814, 0.40729793906211853, 0.40723681449890137, 0.4072403013706207, 0.40737318992614746, 0.4074353277683258, 0.4072835147380829, 0.4072303771972656, 0.4072287678718567, 0.40730518102645874, 0.4073184132575989, 0.4072779715061188, 0.4072265326976776, 0.40735164284706116, 0.4072955846786499, 0.40724751353263855, 0.40748053789138794, 0.40723586082458496, 0.40737971663475037, 0.40737801790237427, 0.40780308842658997, 0.40726202726364136, 0.4075113534927368, 0.4073582589626312, 0.4072269797325134, 0.4072713553905487, 0.40722739696502686, 0.40724995732307434, 0.4075736999511719, 0.4072355628013611, 0.4073250889778137, 0.4072469472885132, 0.4073107838630676, 0.4072261154651642, 0.40723323822021484, 0.4073309004306793, 0.4075990915298462, 0.4072798490524292, 0.40729886293411255, 0.40728437900543213, 0.4072268009185791, 0.4073205292224884, 0.40745437145233154, 0.407523512840271, 0.4077938497066498, 0.4072805345058441, 0.40723511576652527, 0.4073297083377838, 0.4072278141975403, 0.40723463892936707, 0.40756094455718994, 0.4072481095790863, 0.4073665738105774, 0.40722793340682983, 0.40722835063934326, 0.40723472833633423, 0.40727874636650085, 0.40730994939804077, 0.4073376953601837, 0.40737617015838623, 0.4072696566581726, 0.4074270725250244, 0.4072868227958679, 0.4072362184524536, 0.40731605887413025, 0.40738973021507263, 0.4072299301624298, 0.4072728455066681, 0.4072335362434387, 0.4073556661605835, 0.4072302579879761, 0.4072434604167938, 0.407389372587204, 0.4072275161743164, 0.4072432219982147, 0.4072306454181671, 0.4072309732437134, 0.4072355031967163, 0.40725991129875183, 0.4072583317756653, 0.4072985351085663, 0.40725189447402954, 0.4072260558605194, 0.40726226568222046, 0.4072292745113373, 0.40723010897636414, 0.4072383642196655, 0.4072551727294922, 0.4072268009185791, 0.407227098941803, 0.40751147270202637, 0.40740272402763367, 0.40732407569885254, 0.4072574973106384, 0.4072757065296173, 0.40736469626426697, 0.4075547754764557, 0.40722739696502686, 0.4072262644767761, 0.4073815941810608, 0.4072349965572357, 0.40759071707725525, 0.4075130224227905, 0.4072765111923218, 0.4073925018310547, 0.4072311818599701, 0.4072263240814209, 0.4072261452674866, 0.4072280526161194, 0.4072558879852295, 0.4072262644767761, 0.4073698818683624, 0.4072583317756653, 0.4072425067424774, 0.407227486371994, 0.4072742164134979, 0.40722861886024475, 0.4074648916721344, 0.40732070803642273, 0.4078730046749115, 0.40723228454589844, 0.4075189232826233, 0.40738609433174133, 0.4074648916721344, 0.4072372317314148, 0.40723758935928345, 0.40731456875801086, 0.40722647309303284, 0.4072301983833313, 0.4072296619415283, 0.40722864866256714, 0.40731754899024963, 0.4072285592556, 0.4072664678096771, 0.4073006510734558, 0.40723717212677, 0.4074092209339142, 0.407321959733963, 0.4072442352771759, 0.40723320841789246, 0.4074380099773407, 0.4074585735797882, 0.40725910663604736]",0.0,"[1.0, 0.0, 0.0, 0.0, 0.0, 0.0, 0.0, 0.0, 0.0, 0.0, 0.0, 0.0, 0.0, 0.0, 0.0, 0.0, 0.0, 0.0, 0.0, 0.0, 0.0, 0.0, 0.0, 0.0, 0.0, 0.0, 0.0, 0.0, 0.0, 0.0, 0.0, 0.0, 0.0, 0.0, 0.0, 0.0, 0.0, 0.0, 0.0, 0.0, 0.0, 0.0, 0.0, 0.0, 0.0, 0.0, 0.0, 0.0, 0.0, 0.0, 0.0, 0.0, 0.0, 0.0, 0.0, 0.0, 0.0, 0.0, 0.0, 0.0, 0.0, 0.0, 0.0, 0.0, 0.0, 0.0, 0.0, 0.0, 0.0, 0.0, 0.0, 0.0, 0.0, 0.0, 0.0, 0.0, 0.0, 0.0, 0.0, 0.0, 0.0, 0.0, 0.0, 0.0, 0.0, 0.0, 0.0, 0.0, 0.0, 0.0, 0.0, 0.0, 0.0, 0.0, 0.0, 0.0, 0.0, 0.0, 0.0, 0.0, 0.0, 0.0, 0.0, 0.0, 0.0, 0.0, 0.0, 0.0, 0.0, 0.0, 0.0, 0.0, 0.0, 0.0, 0.0, 0.0, 0.0, 0.0, 0.0, 0.0, 0.0, 0.0, 0.0, 0.0, 0.0, 0.0, 0.0, 0.0, 0.0, 0.0, 0.0, 0.0, 0.0, 0.0, 0.0, 0.0, 0.0, 0.0, 0.0, 0.0, 0.0, 0.0, 0.0, 0.0, 0.0, 0.0, 0.0, 0.0, 0.0, 0.0, 0.0, 0.0, 0.0, 0.0, 0.0, 0.0, 0.0, 0.0, 0.0, 0.0, 0.0, 0.0, 0.0, 0.0, 0.0, 0.0, 0.0, 0.0, 0.0, 0.0, 0.0, 0.0, 0.0, 0.0, 0.0, 0.0, 0.0, 0.0, 0.0, 0.0, 0.0, 0.0, 0.0, 0.0, 0.0, 0.0, 0.0, 0.0, 0.0, 0.0, 0.0, 0.0, 0.0, 0.0, 0.0, 0.0, 0.0, 0.0, 0.0, 0.0, 0.0, 0.0, 0.0, 0.0, 0.0, 0.0, 0.0, 0.0, 0.0, 0.0, 0.0, 0.0, 0.0, 0.0, 0.0, 0.0, 0.0, 0.0, 0.0, 0.0, 0.0, 0.0, 0.0, 0.0, 0.0, 0.0, 0.0, 0.0, 0.0, 0.0, 0.0, 0.0, 0.0, 0.0, 0.0, 0.0, 0.0, 0.0, 0.0, 0.0, 0.0, 0.0, 0.0, 0.0, 0.0, 0.0, 0.0, 0.0, 0.0, 0.0, 0.0, 0.0, 0.0, 0.0, 0.0, 0.0, 0.0, 0.0, 0.0, 0.0, 0.0, 0.0, 0.0, 0.0, 0.0, 0.0, 0.0, 0.0, 0.0, 0.0, 0.0, 0.0, 0.0, 0.0, 0.0, 0.0, 0.0, 0.0, 0.0, 0.0, 0.0, 0.0, 0.0, 0.0, 0.0, 0.0, 0.0, 0.0, 0.0, 0.0, 0.0, 0.0, 0.0, 0.0, 0.0, 0.0, 0.0, 0.0, 0.0, 0.0, 0.0, 0.0, 0.0, 0.0, 0.0, 0.0, 0.0, 0.0, 0.0, 0.0, 0.0, 0.0, 0.0, 0.0, 0.0, 0.0, 0.0, 0.0, 0.0, 0.0, 0.0, 0.0, 0.0, 0.0, 0.0, 0.0, 0.0, 0.0, 0.0, 0.0, 0.0, 0.0, 0.0, 0.0, 0.0, 0.0, 0.0, 0.0, 0.0, 0.0, 0.0, 0.0, 0.0, 0.0, 0.0, 0.0, 0.0, 0.0, 0.0, 0.0, 0.0, 0.0, 0.0, 0.0, 0.0, 0.0, 0.0, 0.0, 0.0, 0.0, 0.0, 0.0, 0.0, 0.0, 0.0, 0.0, 0.0, 0.0, 0.0, 0.0, 0.0, 0.0, 0.0, 0.0, 0.0, 0.0, 0.0, 0.0, 0.0, 0.0, 0.0, 0.0, 0.0, 0.0, 0.0]",COMPLETE
