,number,value,datetime_start,datetime_complete,duration,params_batch_size_scaler,params_constant_learning_rate,params_depth,params_epochs,params_kernel_l2,params_num_trees,params_temperature,user_attrs_accuracy_test,user_attrs_accuracy_valid,user_attrs_approximate_feature_sparsity,user_attrs_approximate_feature_sparsity_history,user_attrs_approximate_weight_sparsity,user_attrs_approximate_weight_sparsity_history,user_attrs_auc_test,user_attrs_auc_valid,user_attrs_feature_sparsity,user_attrs_feature_sparsity_history,user_attrs_num_epochs,user_attrs_val_loss_history,user_attrs_weight_sparsity,user_attrs_weight_sparsity_history,state
109,109,0.9101647537710451,2024-08-31 04:53:30.603900,2024-08-31 04:55:42.082214,0 days 00:02:11.478314,4,0.020672933574061237,3,330,0.06103392416103934,73,0.0017321603605018568,0.899,0.89875,33,"[33, 33, 33, 33, 33, 33, 33, 33, 33, 33, 33, 33, 33, 33, 33, 33, 33, 33, 33, 33, 33, 33, 33, 33, 33, 33, 33, 33, 33, 33, 33, 33, 33, 33, 33, 33, 33, 33, 33, 33, 33, 33, 33, 33, 33, 33, 33, 33, 33, 33, 33, 33, 33, 33, 33, 33, 33, 33, 33, 33, 33, 33, 33, 33, 33, 33, 33, 33, 33, 33, 33, 33, 33, 33, 33, 33, 33, 33, 33, 33, 33, 33, 33, 33, 33, 33, 33, 33, 33, 33, 33, 33, 33, 33, 33, 33, 33, 33, 33, 33, 33, 33, 33, 33, 33, 33, 33, 33, 33, 33, 33, 33, 33, 33, 33, 33, 33, 33, 33, 33, 33, 33, 33, 33, 33, 33, 33, 33, 33, 33, 33, 33, 33, 33, 33, 33, 33, 33, 33, 33, 33, 33, 33, 33, 33, 33, 33, 33, 33, 33, 33, 33, 33, 33, 33, 33, 33, 33, 33, 33, 33, 33, 33, 33, 33, 33, 33, 33, 33, 33, 33, 33, 33, 33, 33, 33, 33, 33, 33, 33, 33, 33, 33, 33, 33, 33, 33, 33, 33, 33, 33, 33, 33, 33, 33, 33, 33, 33, 33, 33, 33, 33, 33, 33, 33, 33, 33, 33, 33, 33, 33, 33, 33, 33, 33, 33, 33, 33, 33, 33, 33, 33, 33, 33, 33, 33, 33, 33, 33, 33, 33, 33, 33, 33, 33, 33, 33, 33, 33, 33, 33, 33, 33, 33, 33, 33, 33, 33, 33, 33, 33, 33, 33, 33, 33, 33, 33, 33, 33, 33, 33, 33, 33, 33, 33, 33, 33, 33, 33, 33, 33, 33, 33, 33, 33, 33, 33, 33, 33, 33, 33, 33, 33, 33, 33, 33, 33, 33, 33, 33, 33, 33, 33, 33, 33, 33, 33, 33, 33, 33, 33, 33, 33, 33, 33, 33, 33, 33, 33, 33, 33, 33, 33, 33, 33, 33, 33, 33, 33, 33, 33, 33, 33, 33, 33, 33, 33, 33, 33, 33]",32.968688845401175,"[32.9706457925636, 32.9706457925636, 32.9706457925636, 32.97651663405088, 32.968688845401175, 32.96673189823875, 32.962818003913895, 32.968688845401175, 32.968688845401175, 32.9706457925636, 32.968688845401175, 32.968688845401175, 32.968688845401175, 32.97847358121331, 32.980430528375734, 32.968688845401175, 32.96477495107632, 32.9706457925636, 32.96086105675147, 32.96086105675147, 32.96673189823875, 32.96673189823875, 32.9706457925636, 32.962818003913895, 32.95499021526419, 32.95890410958904, 32.962818003913895, 32.96086105675147, 32.956947162426616, 32.96086105675147, 32.96477495107632, 32.956947162426616, 32.95303326810176, 32.96086105675147, 32.95499021526419, 32.96673189823875, 32.9706457925636, 32.97847358121331, 32.97260273972603, 32.968688845401175, 32.96673189823875, 32.9706457925636, 32.97260273972603, 32.968688845401175, 32.96673189823875, 32.962818003913895, 32.96086105675147, 32.956947162426616, 32.96086105675147, 32.96477495107632, 32.9706457925636, 32.962818003913895, 32.96673189823875, 32.968688845401175, 32.95303326810176, 32.95890410958904, 32.96673189823875, 32.95890410958904, 32.962818003913895, 32.96477495107632, 32.96673189823875, 32.96673189823875, 32.974559686888455, 32.97260273972603, 32.968688845401175, 32.96477495107632, 32.96477495107632, 32.962818003913895, 32.968688845401175, 32.96477495107632, 32.95890410958904, 32.96086105675147, 32.97260273972603, 32.962818003913895, 32.974559686888455, 32.96673189823875, 32.96477495107632, 32.951076320939336, 32.951076320939336, 32.962818003913895, 32.9706457925636, 32.9706457925636, 32.96477495107632, 32.96477495107632, 32.97651663405088, 32.97651663405088, 32.9706457925636, 32.97260273972603, 32.97260273972603, 32.96673189823875, 32.9706457925636, 32.95499021526419, 32.97847358121331, 32.97651663405088, 32.96477495107632, 32.968688845401175, 32.9706457925636, 32.96673189823875, 32.97651663405088, 32.962818003913895, 32.968688845401175, 32.96673189823875, 32.9706457925636, 32.97260273972603, 32.96477495107632, 32.974559686888455, 32.97260273972603, 32.97651663405088, 32.97651663405088, 32.9706457925636, 32.97847358121331, 32.9706457925636, 32.97260273972603, 32.968688845401175, 32.96477495107632, 32.96477495107632, 32.9706457925636, 32.974559686888455, 32.968688845401175, 32.962818003913895, 32.9706457925636, 32.974559686888455, 32.968688845401175, 32.9706457925636, 32.96477495107632, 32.96086105675147, 32.962818003913895, 32.968688845401175, 32.97260273972603, 32.96673189823875, 32.9706457925636, 32.974559686888455, 32.96673189823875, 32.96477495107632, 32.962818003913895, 32.956947162426616, 32.96086105675147, 32.95499021526419, 32.96086105675147, 32.956947162426616, 32.974559686888455, 32.97847358121331, 32.96673189823875, 32.9706457925636, 32.96673189823875, 32.97260273972603, 32.9706457925636, 32.96673189823875, 32.962818003913895, 32.97260273972603, 32.96673189823875, 32.968688845401175, 32.9706457925636, 32.97847358121331, 32.974559686888455, 32.980430528375734, 32.97651663405088, 32.974559686888455, 32.97651663405088, 32.97651663405088, 32.974559686888455, 32.980430528375734, 32.97260273972603, 32.96673189823875, 32.986301369863014, 32.98238747553816, 32.98434442270059, 32.974559686888455, 32.98238747553816, 32.980430528375734, 32.97847358121331, 32.974559686888455, 32.9706457925636, 32.97260273972603, 32.98434442270059, 32.974559686888455, 32.97847358121331, 32.968688845401175, 32.974559686888455, 32.96086105675147, 32.96477495107632, 32.9706457925636, 32.962818003913895, 32.962818003913895, 32.962818003913895, 32.96477495107632, 32.968688845401175, 32.97260273972603, 32.9706457925636, 32.974559686888455, 32.968688845401175, 32.974559686888455, 32.974559686888455, 32.97260273972603, 32.968688845401175, 32.96477495107632, 32.96086105675147, 32.96477495107632, 32.96477495107632, 32.96477495107632, 32.962818003913895, 32.96673189823875, 32.96086105675147, 32.95499021526419, 32.95890410958904, 32.956947162426616, 32.95890410958904, 32.96673189823875, 32.96673189823875, 32.95303326810176, 32.95890410958904, 32.96086105675147, 32.95499021526419, 32.96673189823875, 32.968688845401175, 32.962818003913895, 32.96086105675147, 32.96477495107632, 32.968688845401175, 32.96477495107632, 32.9706457925636, 32.9706457925636, 32.974559686888455, 32.97651663405088, 32.97847358121331, 32.97847358121331, 32.97847358121331, 32.980430528375734, 32.96673189823875, 32.98238747553816, 32.986301369863014, 32.98238747553816, 32.97260273972603, 32.97847358121331, 32.980430528375734, 32.97847358121331, 32.980430528375734, 32.97847358121331, 32.974559686888455, 32.9706457925636, 32.97651663405088, 32.97847358121331, 32.9706457925636, 32.96477495107632, 32.95890410958904, 32.95890410958904, 32.96477495107632, 32.956947162426616, 32.95890410958904, 32.962818003913895, 32.97260273972603, 32.974559686888455, 32.9706457925636, 32.96673189823875, 32.956947162426616, 32.95303326810176, 32.96673189823875, 32.962818003913895, 32.968688845401175, 32.96673189823875, 32.96086105675147, 32.96086105675147, 32.962818003913895, 32.962818003913895, 32.96477495107632, 32.962818003913895, 32.96086105675147, 32.96477495107632, 32.96477495107632, 32.96673189823875, 32.96086105675147, 32.96673189823875, 32.968688845401175, 32.962818003913895, 32.96086105675147, 32.95890410958904, 32.956947162426616, 32.95890410958904, 32.96477495107632, 32.96477495107632, 32.95890410958904, 32.962818003913895, 32.962818003913895, 32.96477495107632, 32.96673189823875, 32.96477495107632, 32.96673189823875, 32.96477495107632, 32.974559686888455, 32.9706457925636, 32.9706457925636, 32.968688845401175, 32.97651663405088, 32.97651663405088, 32.98238747553816, 32.97847358121331, 32.97651663405088, 32.97260273972603, 32.96673189823875, 32.962818003913895, 32.96673189823875, 32.962818003913895, 32.96673189823875, 32.97651663405088, 32.97651663405088, 32.980430528375734, 32.980430528375734, 32.98434442270059, 32.98434442270059, 32.98238747553816, 32.98825831702544, 32.98434442270059, 32.98825831702544, 32.980430528375734, 32.98434442270059, 32.980430528375734, 32.97847358121331, 32.97651663405088, 32.974559686888455, 32.962818003913895, 32.95890410958904, 32.96477495107632, 32.968688845401175, 32.97260273972603, 32.974559686888455, 32.97651663405088, 32.97651663405088, 32.968688845401175, 32.97260273972603, 32.968688845401175]",0.8894805934659301,0.9101647537710451,33,"[33, 33, 33, 33, 33, 33, 33, 33, 33, 33, 33, 33, 33, 33, 33, 33, 33, 33, 33, 33, 33, 33, 33, 33, 33, 33, 33, 33, 33, 33, 33, 33, 33, 33, 33, 33, 33, 33, 33, 33, 33, 33, 33, 33, 33, 33, 33, 33, 33, 33, 33, 33, 33, 33, 33, 33, 33, 33, 33, 33, 33, 33, 33, 33, 33, 33, 33, 33, 33, 33, 33, 33, 33, 33, 33, 33, 33, 33, 33, 33, 33, 33, 33, 33, 33, 33, 33, 33, 33, 33, 33, 33, 33, 33, 33, 33, 33, 33, 33, 33, 33, 33, 33, 33, 33, 33, 33, 33, 33, 33, 33, 33, 33, 33, 33, 33, 33, 33, 33, 33, 33, 33, 33, 33, 33, 33, 33, 33, 33, 33, 33, 33, 33, 33, 33, 33, 33, 33, 33, 33, 33, 33, 33, 33, 33, 33, 33, 33, 33, 33, 33, 33, 33, 33, 33, 33, 33, 33, 33, 33, 33, 33, 33, 33, 33, 33, 33, 33, 33, 33, 33, 33, 33, 33, 33, 33, 33, 33, 33, 33, 33, 33, 33, 33, 33, 33, 33, 33, 33, 33, 33, 33, 33, 33, 33, 33, 33, 33, 33, 33, 33, 33, 33, 33, 33, 33, 33, 33, 33, 33, 33, 33, 33, 33, 33, 33, 33, 33, 33, 33, 33, 33, 33, 33, 33, 33, 33, 33, 33, 33, 33, 33, 33, 33, 33, 33, 33, 33, 33, 33, 33, 33, 33, 33, 33, 33, 33, 33, 33, 33, 33, 33, 33, 33, 33, 33, 33, 33, 33, 33, 33, 33, 33, 33, 33, 33, 33, 33, 33, 33, 33, 33, 33, 33, 33, 33, 33, 33, 33, 33, 33, 33, 33, 33, 33, 33, 33, 33, 33, 33, 33, 33, 33, 33, 33, 33, 33, 33, 33, 33, 33, 33, 33, 33, 33, 33, 33, 33, 33, 33, 33, 33, 33, 33, 33, 33, 33, 33, 33, 33, 33, 33, 33, 33, 33, 33, 33, 33, 33, 33]",330,"[0.40574124455451965, 0.40077027678489685, 0.39686232805252075, 0.39348360896110535, 0.39069271087646484, 0.3883342444896698, 0.38636884093284607, 0.3845842480659485, 0.383289098739624, 0.3817874491214752, 0.3804476261138916, 0.3797927796840668, 0.37833088636398315, 0.3775358498096466, 0.3766946792602539, 0.3758012056350708, 0.3750442862510681, 0.3741488754749298, 0.3734230697154999, 0.3727041184902191, 0.3720643222332001, 0.3719663918018341, 0.37114959955215454, 0.37019774317741394, 0.3694421052932739, 0.36880409717559814, 0.36817222833633423, 0.36770492792129517, 0.3676506280899048, 0.3665531873703003, 0.3657458424568176, 0.36518749594688416, 0.36490190029144287, 0.36412718892097473, 0.3638865351676941, 0.36288750171661377, 0.3624776601791382, 0.36169907450675964, 0.3611327111721039, 0.36077359318733215, 0.3601343631744385, 0.35978302359580994, 0.35917142033576965, 0.358428418636322, 0.3578316569328308, 0.3574662506580353, 0.3569987118244171, 0.3565296232700348, 0.3557564616203308, 0.35532814264297485, 0.3546820878982544, 0.3541334867477417, 0.3536508083343506, 0.35361674427986145, 0.3526633381843567, 0.35212185978889465, 0.35185301303863525, 0.35128793120384216, 0.3507668375968933, 0.35018429160118103, 0.349854439496994, 0.3491942584514618, 0.34892818331718445, 0.34893476963043213, 0.3478688895702362, 0.34729641675949097, 0.3468385934829712, 0.3464152216911316, 0.345874547958374, 0.3457080125808716, 0.3450735807418823, 0.3444897532463074, 0.34411850571632385, 0.34358134865760803, 0.34317898750305176, 0.34271740913391113, 0.3422570526599884, 0.3420017659664154, 0.34142258763313293, 0.34098026156425476, 0.3406878709793091, 0.3401637375354767, 0.33984091877937317, 0.33962687849998474, 0.33886483311653137, 0.33844590187072754, 0.33795100450515747, 0.3375786542892456, 0.3371020555496216, 0.33681586384773254, 0.33676624298095703, 0.33598655462265015, 0.3354509770870209, 0.3356488347053528, 0.3346026539802551, 0.3342721462249756, 0.3338029086589813, 0.33332133293151855, 0.3329971730709076, 0.33251461386680603, 0.33211958408355713, 0.33162379264831543, 0.33170974254608154, 0.33079758286476135, 0.33089789748191833, 0.3301660120487213, 0.3295469582080841, 0.3291880488395691, 0.32899388670921326, 0.3286885917186737, 0.32795250415802, 0.3275268077850342, 0.32732388377189636, 0.326829195022583, 0.32631075382232666, 0.3258563280105591, 0.3256957232952118, 0.3248591721057892, 0.32464686036109924, 0.32414472103118896, 0.3235327899456024, 0.32316988706588745, 0.32270199060440063, 0.322515070438385, 0.3224658966064453, 0.32147109508514404, 0.3212287127971649, 0.3207815885543823, 0.32029151916503906, 0.31984543800354004, 0.3190944194793701, 0.31877395510673523, 0.31841567158699036, 0.3180980980396271, 0.3176008462905884, 0.3168964684009552, 0.3163509964942932, 0.31576091051101685, 0.315293550491333, 0.31486332416534424, 0.31433382630348206, 0.3139497935771942, 0.31349867582321167, 0.31301724910736084, 0.31242311000823975, 0.31196078658103943, 0.3115362226963043, 0.31130239367485046, 0.3105486333370209, 0.3103106915950775, 0.30941805243492126, 0.3089376389980316, 0.3085018992424011, 0.30782759189605713, 0.30731359124183655, 0.3068945109844208, 0.30632489919662476, 0.30598390102386475, 0.3051697015762329, 0.3045578598976135, 0.30411776900291443, 0.30349001288414, 0.30339354276657104, 0.30269530415534973, 0.301834374666214, 0.3014555275440216, 0.3009015917778015, 0.30020588636398315, 0.29969170689582825, 0.2991419732570648, 0.29850590229034424, 0.297949880361557, 0.2974320352077484, 0.2968548834323883, 0.29633089900016785, 0.29586657881736755, 0.29512709379196167, 0.2946850657463074, 0.2942497730255127, 0.2936028242111206, 0.2929876446723938, 0.2925630509853363, 0.2919558584690094, 0.29133233428001404, 0.2906201481819153, 0.2901267409324646, 0.2896897494792938, 0.28902554512023926, 0.2884369194507599, 0.2878321409225464, 0.2872983515262604, 0.28687503933906555, 0.2862902879714966, 0.28566181659698486, 0.2850835621356964, 0.28474101424217224, 0.2845408320426941, 0.2836739420890808, 0.2830255627632141, 0.2825702726840973, 0.28191041946411133, 0.2815151512622833, 0.28132784366607666, 0.28056958317756653, 0.28000250458717346, 0.279438316822052, 0.2795160710811615, 0.2784861922264099, 0.2779868245124817, 0.27748119831085205, 0.27696388959884644, 0.2765047550201416, 0.2763170599937439, 0.27572014927864075, 0.27520182728767395, 0.27464112639427185, 0.27425339818000793, 0.27379095554351807, 0.273357629776001, 0.2728801369667053, 0.2724810540676117, 0.2722461223602295, 0.2716046869754791, 0.27114298939704895, 0.2708073854446411, 0.2704302668571472, 0.269987016916275, 0.2697508633136749, 0.2695569694042206, 0.26902517676353455, 0.2685624361038208, 0.26820287108421326, 0.2678165137767792, 0.26718372106552124, 0.26692378520965576, 0.2665408253669739, 0.26633965969085693, 0.2658308744430542, 0.26539692282676697, 0.2651878297328949, 0.26466426253318787, 0.26440665125846863, 0.2640383839607239, 0.2638525366783142, 0.2634374499320984, 0.2630712389945984, 0.2632180452346802, 0.2624596357345581, 0.2621735632419586, 0.261789470911026, 0.26150771975517273, 0.2613286077976227, 0.2608341574668884, 0.26058194041252136, 0.2602185606956482, 0.2600846290588379, 0.2597726881504059, 0.25944748520851135, 0.25912609696388245, 0.25914111733436584, 0.25853732228279114, 0.2583954632282257, 0.2580370604991913, 0.2577306926250458, 0.25772202014923096, 0.2572743892669678, 0.2570318877696991, 0.2566947042942047, 0.25680387020111084, 0.2561732232570648, 0.25602248311042786, 0.2557957172393799, 0.2555217742919922, 0.25535574555397034, 0.2549693286418915, 0.2550489008426666, 0.2544819116592407, 0.2543743848800659, 0.2541826665401459, 0.25382912158966064, 0.25346824526786804, 0.253299355506897, 0.2529960572719574, 0.2527194321155548, 0.252488911151886, 0.25247862935066223, 0.2521667778491974, 0.251884788274765, 0.25166094303131104, 0.2515389025211334, 0.25120115280151367, 0.2509603798389435, 0.25096526741981506, 0.2509784400463104, 0.25032585859298706, 0.2505679726600647, 0.2498735934495926, 0.24996183812618256, 0.24946323037147522, 0.24957048892974854, 0.24914802610874176, 0.24904052913188934, 0.2489822953939438, 0.2487449198961258, 0.2484140247106552, 0.24806588888168335, 0.24780315160751343, 0.247625470161438, 0.24742843210697174, 0.2473718672990799, 0.24738796055316925, 0.24723416566848755, 0.2466149926185608, 0.24636784195899963, 0.24640463292598724, 0.24608011543750763, 0.2458643913269043, 0.24560794234275818, 0.2454625517129898, 0.24520593881607056, 0.24527408182621002, 0.2448640614748001, 0.24459315836429596, 0.2443941831588745, 0.24430818855762482, 0.24410754442214966, 0.2440720498561859, 0.2435934692621231, 0.24367496371269226, 0.24332460761070251]",33.0,"[33.0, 33.0, 33.0, 33.0, 33.0, 33.0, 33.0, 33.0, 33.0, 33.0, 33.0, 33.0, 33.0, 33.0, 33.0, 33.0, 33.0, 33.0, 33.0, 33.0, 33.0, 33.0, 33.0, 33.0, 33.0, 33.0, 33.0, 33.0, 33.0, 33.0, 33.0, 33.0, 33.0, 33.0, 33.0, 33.0, 33.0, 33.0, 33.0, 33.0, 33.0, 33.0, 33.0, 33.0, 33.0, 33.0, 33.0, 33.0, 33.0, 33.0, 33.0, 33.0, 33.0, 33.0, 33.0, 33.0, 33.0, 33.0, 33.0, 33.0, 33.0, 33.0, 33.0, 33.0, 33.0, 33.0, 33.0, 33.0, 33.0, 33.0, 33.0, 33.0, 33.0, 33.0, 33.0, 33.0, 33.0, 33.0, 33.0, 33.0, 33.0, 33.0, 33.0, 33.0, 33.0, 33.0, 33.0, 33.0, 33.0, 33.0, 33.0, 33.0, 33.0, 33.0, 33.0, 33.0, 33.0, 33.0, 33.0, 33.0, 33.0, 33.0, 33.0, 33.0, 33.0, 33.0, 33.0, 33.0, 33.0, 33.0, 33.0, 33.0, 33.0, 33.0, 33.0, 33.0, 33.0, 33.0, 33.0, 33.0, 33.0, 33.0, 33.0, 33.0, 33.0, 33.0, 33.0, 33.0, 33.0, 33.0, 33.0, 33.0, 33.0, 33.0, 33.0, 33.0, 33.0, 33.0, 33.0, 33.0, 33.0, 33.0, 33.0, 33.0, 33.0, 33.0, 33.0, 33.0, 33.0, 33.0, 33.0, 33.0, 33.0, 33.0, 33.0, 33.0, 33.0, 33.0, 33.0, 33.0, 33.0, 33.0, 33.0, 33.0, 33.0, 33.0, 33.0, 33.0, 33.0, 33.0, 33.0, 33.0, 33.0, 33.0, 33.0, 33.0, 33.0, 33.0, 33.0, 33.0, 33.0, 33.0, 33.0, 33.0, 33.0, 33.0, 33.0, 33.0, 33.0, 33.0, 33.0, 33.0, 33.0, 33.0, 33.0, 33.0, 33.0, 33.0, 33.0, 33.0, 33.0, 33.0, 33.0, 33.0, 33.0, 33.0, 33.0, 33.0, 33.0, 33.0, 33.0, 33.0, 33.0, 33.0, 33.0, 33.0, 33.0, 33.0, 33.0, 33.0, 33.0, 33.0, 33.0, 33.0, 33.0, 33.0, 33.0, 33.0, 33.0, 33.0, 33.0, 33.0, 33.0, 33.0, 33.0, 33.0, 33.0, 33.0, 33.0, 33.0, 33.0, 33.0, 33.0, 33.0, 33.0, 33.0, 33.0, 33.0, 33.0, 33.0, 33.0, 33.0, 33.0, 33.0, 33.0, 33.0, 33.0, 33.0, 33.0, 33.0, 33.0, 33.0, 33.0, 33.0, 33.0, 33.0, 33.0, 33.0, 33.0, 33.0, 33.0, 33.0, 33.0, 33.0, 33.0, 33.0, 33.0, 33.0, 33.0, 33.0, 33.0, 33.0, 33.0, 33.0, 33.0, 33.0, 33.0, 33.0, 33.0, 33.0, 33.0, 33.0, 33.0, 33.0, 33.0, 33.0, 33.0, 33.0, 33.0, 33.0, 33.0, 33.0, 33.0, 33.0, 33.0, 33.0, 33.0, 33.0, 33.0, 33.0, 33.0, 33.0, 33.0, 33.0, 33.0, 33.0, 33.0, 33.0, 33.0, 33.0, 33.0, 33.0, 33.0, 33.0, 33.0, 33.0, 33.0, 33.0, 33.0, 33.0]",COMPLETE
