,number,value,datetime_start,datetime_complete,duration,params_batch_size_scaler,params_constant_learning_rate,params_depth,params_epochs,params_kernel_l2,params_num_trees,params_temperature,user_attrs_accuracy_test,user_attrs_accuracy_valid,user_attrs_approximate_feature_sparsity,user_attrs_approximate_feature_sparsity_history,user_attrs_approximate_weight_sparsity,user_attrs_approximate_weight_sparsity_history,user_attrs_auc_test,user_attrs_auc_valid,user_attrs_feature_sparsity,user_attrs_feature_sparsity_history,user_attrs_num_epochs,user_attrs_val_loss_history,user_attrs_weight_sparsity,user_attrs_weight_sparsity_history,state
156,156,0.5,2024-08-31 06:12:52.230884,2024-08-31 06:13:46.109898,0 days 00:00:53.879014,64,8.550408835436349,1,490,0.03701127081241456,87,0.0304003360231025,0.859,0.85875,4,"[3, 9, 9, 7, 7, 4, 4, 3, 3, 4, 6, 6, 6, 6, 6, 6, 6, 6, 6, 6, 6, 6, 6, 6, 6, 6, 6, 6, 6, 6, 6, 6, 6, 6, 6, 5, 5, 5, 5, 5, 5, 5, 5, 5, 5, 5, 5, 5, 5, 5, 5, 5, 4, 4, 4, 4, 4, 4, 4, 4, 4, 4, 4, 4, 4, 4, 4, 4, 4, 4, 4, 4, 4, 4, 4, 4, 4, 4, 4, 4, 4, 4, 4, 4, 4, 4, 4, 4, 4, 4, 4, 4, 4, 4, 4, 4, 4, 4, 4, 4, 4, 4, 4, 4, 4, 4, 4, 4, 4, 4, 4, 4, 4, 4, 4, 4, 4, 4, 4, 4, 4, 4, 4, 4, 4, 4, 4, 4, 4, 4, 4, 4, 4, 4, 4, 4, 4, 4, 4, 4, 4, 4, 4, 4, 4, 4, 4, 4, 4, 4, 4, 4, 4, 4, 4, 4, 4, 4, 4, 4, 4, 4, 4, 4, 4, 4, 4, 4, 4, 4, 4, 4, 4, 4, 4, 4, 4, 4, 4, 4, 4, 4, 4, 4, 4, 4, 4, 4, 4, 4, 4, 4, 4, 4, 4, 4, 4, 4, 4, 4, 4, 4, 4, 4, 4, 4, 4, 4, 4, 4, 4, 4, 4, 4, 4, 4, 4, 4, 4, 4, 4, 4, 4, 4, 4, 4, 4, 4, 4, 4, 4, 4, 4, 4, 4, 4, 4, 4, 4, 4, 4, 4, 4, 4, 4, 4, 4, 4, 4, 4, 4, 4, 4, 4, 4, 4, 4, 4, 4, 4, 4, 4, 4, 4, 4, 4, 4, 4, 4, 4, 4, 4, 4, 4, 4, 4, 4, 4, 4, 4, 4, 4, 4, 4, 4, 4, 4, 4, 4, 4, 4, 4, 4, 4, 4, 4, 4, 4, 4, 4, 4, 4, 4, 4, 4, 4, 4, 4, 4, 4, 4, 4, 4, 4, 4, 4, 4, 4, 4, 4, 4, 4, 4, 4, 4, 4, 4, 4, 4, 4, 4, 4, 4, 4, 4, 4, 4, 4, 4, 4, 4, 4, 4, 4, 4, 4, 4, 4, 4, 4, 4, 4, 4, 4, 4, 4, 4, 4, 4, 4, 4, 4, 4, 4, 4, 4, 4, 4, 4, 4, 4, 4, 4, 4, 4, 4, 4, 4, 4, 4, 4, 4, 4, 4, 4, 4, 4, 4, 4, 4, 4, 4, 4, 4, 4, 4, 4, 4, 4, 4, 4, 4, 4, 4, 4, 4, 4, 4, 4, 4, 4, 4, 4, 4, 4, 4, 4, 4, 4, 4, 4, 4, 4, 4, 4, 4, 4, 4, 4, 4, 4, 4, 4, 4, 4, 4, 4, 4, 4, 4, 4, 4, 4, 4, 4, 4, 4, 4, 4, 4, 4, 4, 4, 4, 4, 4, 4, 4, 4, 4, 4, 4, 4, 4, 4, 4, 4, 4, 4, 4, 4, 4, 4, 4, 4, 4, 4, 4, 4, 4, 4, 4, 4, 4, 4, 4, 4, 4, 4, 4]",4.0,"[3.0, 9.0, 9.0, 7.0, 7.0, 4.0, 4.0, 3.0, 3.0, 4.0, 6.0, 6.0, 6.0, 6.0, 6.0, 6.0, 6.0, 6.0, 6.0, 6.0, 6.0, 6.0, 6.0, 6.0, 6.0, 6.0, 6.0, 6.0, 6.0, 6.0, 6.0, 6.0, 6.0, 6.0, 6.0, 5.0, 5.0, 5.0, 5.0, 5.0, 5.0, 5.0, 5.0, 5.0, 5.0, 5.0, 5.0, 5.0, 5.0, 5.0, 5.0, 5.0, 4.0, 4.0, 4.0, 4.0, 4.0, 4.0, 4.0, 4.0, 4.0, 4.0, 4.0, 4.0, 4.0, 4.0, 4.0, 4.0, 4.0, 4.0, 4.0, 4.0, 4.0, 4.0, 4.0, 4.0, 4.0, 4.0, 4.0, 4.0, 4.0, 4.0, 4.0, 4.0, 4.0, 4.0, 4.0, 4.0, 4.0, 4.0, 4.0, 4.0, 4.0, 3.9885057471264367, 4.0, 4.0, 4.0, 4.0, 4.0, 4.0, 4.0, 4.0, 4.0, 4.0, 4.0, 4.0, 4.0, 4.0, 4.0, 4.0, 4.0, 4.0, 4.0, 3.9885057471264367, 4.0, 4.0, 3.9885057471264367, 4.0, 4.0, 4.0, 4.0, 4.0, 4.0, 4.0, 4.0, 4.0, 4.0, 4.0, 4.0, 4.0, 4.0, 4.0, 4.0, 3.9885057471264367, 4.0, 4.0, 4.0, 4.0, 4.0, 4.0, 4.0, 4.0, 4.0, 4.0, 4.0, 4.0, 4.0, 4.0, 4.0, 4.0, 4.0, 4.0, 4.0, 4.0, 4.0, 4.0, 4.0, 4.0, 4.0, 4.0, 4.0, 4.0, 4.0, 4.0, 4.0, 4.0, 4.0, 4.0, 4.0, 4.0, 4.0, 4.0, 4.0, 4.0, 4.0, 4.0, 4.0, 4.0, 4.0, 4.0, 4.0, 4.0, 4.0, 4.0, 4.0, 4.0, 4.0, 4.0, 4.0, 4.0, 4.0, 4.0, 4.0, 4.0, 4.0, 4.0, 4.0, 4.0, 4.0, 4.0, 4.0, 4.0, 4.0, 4.0, 4.0, 4.0, 4.0, 4.0, 4.0, 4.0, 4.0, 4.0, 4.0, 4.0, 4.0, 4.0, 4.0, 4.0, 4.0, 4.0, 4.0, 4.0, 4.0, 4.0, 4.0, 4.0, 4.0, 4.0, 4.0, 4.0, 4.0, 4.0, 4.0, 4.0, 4.0, 4.0, 4.0, 4.0, 4.0, 4.0, 4.0, 4.0, 4.0, 4.0, 4.0, 4.0, 4.0, 4.0, 4.0, 4.0, 4.0, 4.0, 4.0, 4.0, 4.0, 4.0, 4.0, 4.0, 4.0, 4.0, 4.0, 4.0, 4.0, 4.0, 4.0, 4.0, 4.0, 4.0, 4.0, 4.0, 4.0, 4.0, 4.0, 4.0, 4.0, 4.0, 4.0, 4.0, 4.0, 4.0, 4.0, 4.0, 4.0, 4.0, 4.0, 4.0, 4.0, 4.0, 4.0, 4.0, 4.0, 4.0, 4.0, 4.0, 4.0, 4.0, 4.0, 4.0, 4.0, 4.0, 4.0, 4.0, 4.0, 4.0, 4.0, 4.0, 4.0, 4.0, 4.0, 4.0, 4.0, 4.0, 4.0, 4.0, 4.0, 4.0, 4.0, 4.0, 4.0, 4.0, 4.0, 4.0, 4.0, 4.0, 4.0, 4.0, 4.0, 4.0, 4.0, 4.0, 4.0, 4.0, 4.0, 4.0, 4.0, 4.0, 4.0, 4.0, 4.0, 4.0, 4.0, 3.9885057471264367, 4.0, 4.0, 4.0, 4.0, 4.0, 4.0, 4.0, 4.0, 4.0, 4.0, 4.0, 4.0, 4.0, 4.0, 4.0, 4.0, 4.0, 4.0, 4.0, 4.0, 4.0, 4.0, 4.0, 4.0, 4.0, 4.0, 4.0, 4.0, 4.0, 4.0, 4.0, 4.0, 4.0, 4.0, 4.0, 4.0, 4.0, 4.0, 4.0, 4.0, 4.0, 4.0, 4.0, 4.0, 4.0, 4.0, 4.0, 4.0, 4.0, 4.0, 4.0, 4.0, 4.0, 4.0, 4.0, 4.0, 4.0, 4.0, 4.0, 4.0, 4.0, 4.0, 4.0, 3.9885057471264367, 4.0, 4.0, 4.0, 4.0, 4.0, 4.0, 4.0, 4.0, 4.0, 4.0, 4.0, 4.0, 4.0, 4.0, 3.9885057471264367, 4.0, 4.0, 4.0, 4.0, 4.0, 4.0, 4.0, 4.0, 4.0, 4.0, 4.0, 4.0, 4.0, 4.0, 4.0, 4.0, 4.0, 4.0, 4.0, 4.0, 4.0, 4.0, 4.0, 4.0, 4.0, 4.0, 4.0, 4.0, 4.0, 4.0, 4.0, 4.0, 4.0, 4.0, 4.0, 4.0, 4.0, 4.0, 4.0, 4.0, 4.0, 4.0, 4.0, 4.0, 4.0, 4.0, 4.0, 4.0, 4.0, 4.0, 4.0, 4.0, 4.0, 4.0, 4.0, 4.0, 4.0, 4.0, 4.0, 4.0, 4.0, 4.0, 4.0, 4.0, 4.0, 4.0, 4.0, 4.0, 4.0]",0.5,0.5,4,"[3, 9, 9, 7, 7, 4, 4, 3, 3, 4, 6, 6, 6, 6, 6, 6, 6, 6, 6, 6, 6, 6, 6, 6, 6, 6, 6, 6, 6, 6, 6, 6, 6, 6, 6, 5, 5, 5, 5, 5, 5, 5, 5, 5, 5, 5, 5, 5, 5, 5, 5, 5, 4, 4, 4, 4, 4, 4, 4, 4, 4, 4, 4, 4, 4, 4, 4, 4, 4, 4, 4, 4, 4, 4, 4, 4, 4, 4, 4, 4, 4, 4, 4, 4, 4, 4, 4, 4, 4, 4, 4, 4, 4, 4, 4, 4, 4, 4, 4, 4, 4, 4, 4, 4, 4, 4, 4, 4, 4, 4, 4, 4, 4, 4, 4, 4, 4, 4, 4, 4, 4, 4, 4, 4, 4, 4, 4, 4, 4, 4, 4, 4, 4, 4, 4, 4, 4, 4, 4, 4, 4, 4, 4, 4, 4, 4, 4, 4, 4, 4, 4, 4, 4, 4, 4, 4, 4, 4, 4, 4, 4, 4, 4, 4, 4, 4, 4, 4, 4, 4, 4, 4, 4, 4, 4, 4, 4, 4, 4, 4, 4, 4, 4, 4, 4, 4, 4, 4, 4, 4, 4, 4, 4, 4, 4, 4, 4, 4, 4, 4, 4, 4, 4, 4, 4, 4, 4, 4, 4, 4, 4, 4, 4, 4, 4, 4, 4, 4, 4, 4, 4, 4, 4, 4, 4, 4, 4, 4, 4, 4, 4, 4, 4, 4, 4, 4, 4, 4, 4, 4, 4, 4, 4, 4, 4, 4, 4, 4, 4, 4, 4, 4, 4, 4, 4, 4, 4, 4, 4, 4, 4, 4, 4, 4, 4, 4, 4, 4, 4, 4, 4, 4, 4, 4, 4, 4, 4, 4, 4, 4, 4, 4, 4, 4, 4, 4, 4, 4, 4, 4, 4, 4, 4, 4, 4, 4, 4, 4, 4, 4, 4, 4, 4, 4, 4, 4, 4, 4, 4, 4, 4, 4, 4, 4, 4, 4, 4, 4, 4, 4, 4, 4, 4, 4, 4, 4, 4, 4, 4, 4, 4, 4, 4, 4, 4, 4, 4, 4, 4, 4, 4, 4, 4, 4, 4, 4, 4, 4, 4, 4, 4, 4, 4, 4, 4, 4, 4, 4, 4, 4, 4, 4, 4, 4, 4, 4, 4, 4, 4, 4, 4, 4, 4, 4, 4, 4, 4, 4, 4, 4, 4, 4, 4, 4, 4, 4, 4, 4, 4, 4, 4, 4, 4, 4, 4, 4, 4, 4, 4, 4, 4, 4, 4, 4, 4, 4, 4, 4, 4, 4, 4, 4, 4, 4, 4, 4, 4, 4, 4, 4, 4, 4, 4, 4, 4, 4, 4, 4, 4, 4, 4, 4, 4, 4, 4, 4, 4, 4, 4, 4, 4, 4, 4, 4, 4, 4, 4, 4, 4, 4, 4, 4, 4, 4, 4, 4, 4, 4, 4, 4, 4, 4, 4, 4, 4, 4, 4, 4, 4, 4, 4, 4, 4, 4, 4, 4, 4, 4, 4, 4, 4, 4, 4, 4, 4, 4, 4, 4, 4, 4]",490,"[29.768457412719727, 181.47019958496094, 50.182228088378906, 140.4664764404297, 29.736988067626953, 114.05484008789062, 10.620386123657227, 93.7839584350586, 175.4156494140625, 66.38904571533203, 119.67095947265625, 9.562299728393555, 99.32757568359375, 133.99526977539062, 63.93302917480469, 154.98773193359375, 40.56275939941406, 132.82923889160156, 18.681419372558594, 101.33183288574219, 77.6203842163086, 69.965087890625, 157.34909057617188, 53.636173248291016, 98.80892944335938, 34.11799621582031, 91.02873992919922, 107.53306579589844, 67.63200378417969, 155.4760284423828, 46.392974853515625, 78.7021713256836, 111.36564636230469, 6.726565361022949, 32.93740463256836, 61.745750427246094, 149.22119140625, 23.46105194091797, 65.91614532470703, 146.01280212402344, 30.900466918945312, 64.23323822021484, 160.91722106933594, 45.029232025146484, 78.80690002441406, 120.4872055053711, 4.794831275939941, 85.56690216064453, 110.46597290039062, 4.438112258911133, 137.94158935546875, 62.315330505371094, 147.18788146972656, 37.71103286743164, 127.65618133544922, 17.533071517944336, 50.83830261230469, 83.10800170898438, 110.72262573242188, 11.263016700744629, 42.81086730957031, 130.46102905273438, 13.804462432861328, 85.4207534790039, 138.38685607910156, 30.44552230834961, 57.070228576660156, 75.30689239501953, 162.64637756347656, 45.750423431396484, 132.89125061035156, 28.768779754638672, 65.1197509765625, 139.23013305664062, 26.91253662109375, 65.74311828613281, 145.06080627441406, 36.30515670776367, 121.80231475830078, 16.496437072753906, 50.848628997802734, 82.82323455810547, 119.96293640136719, 9.967615127563477, 87.90145874023438, 21.62250328063965, 52.869937896728516, 134.51309204101562, 33.52720642089844, 12.214398384094238, 51.97829055786133, 81.25078582763672, 106.20571899414062, 63.2673225402832, 67.02593231201172, 142.78515625, 30.910625457763672, 49.92523956298828, 96.69766235351562, 128.69984436035156, 61.36125564575195, 134.98455810546875, 32.10523223876953, 7.3151164054870605, 84.75598907470703, 107.67782592773438, 36.77511215209961, 28.064634323120117, 61.802581787109375, 142.92845153808594, 46.01504898071289, 66.77574920654297, 147.20309448242188, 28.80913734436035, 61.981021881103516, 151.69400024414062, 47.23588562011719, 82.65831756591797, 121.34974670410156, 6.557622909545898, 84.58193969726562, 108.34619140625, 44.20751953125, 37.20654296875, 125.41075897216797, 13.416522026062012, 41.00874328613281, 125.60627746582031, 10.543490409851074, 96.18760681152344, 75.52042388916016, 22.103178024291992, 68.13826751708984, 148.99957275390625, 36.45814895629883, 123.33209991455078, 9.430079460144043, 51.384033203125, 93.78868103027344, 108.50209045410156, 65.99378967285156, 84.50182342529297, 119.88847351074219, 31.337438583374023, 36.1479377746582, 118.7403793334961, 5.638339996337891, 33.36211395263672, 109.70658874511719, 3.2628438472747803, 116.03291320800781, 6.333672046661377, 92.9328842163086, 122.61974334716797, 60.411808013916016, 97.05096435546875, 62.290122985839844, 26.744741439819336, 56.564090728759766, 90.00259399414062, 94.11837768554688, 58.198097229003906, 147.8946533203125, 33.72488021850586, 70.49150085449219, 88.13050842285156, 157.5229949951172, 54.33589172363281, 88.04694366455078, 126.39592742919922, 12.29703140258789, 94.5975570678711, 92.9024887084961, 10.290392875671387, 89.95010375976562, 84.7719497680664, 20.692123413085938, 51.846988677978516, 84.9778060913086, 132.6136016845703, 54.07633972167969, 88.45347595214844, 183.20916748046875, 55.9438591003418, 91.63627624511719, 168.42112731933594, 50.66947937011719, 91.80181884765625, 108.388427734375, 61.93180847167969, 75.76866912841797, 118.53113555908203, 28.55758285522461, 30.675325393676758, 63.191307067871094, 145.49758911132812, 35.36042022705078, 118.29317474365234, 6.2674560546875, 94.6728286743164, 113.03821563720703, 13.288257598876953, 47.22126388549805, 85.856689453125, 113.02623748779297, 2.641409397125244, 83.8872299194336, 125.09654235839844, 21.550329208374023, 108.31187438964844, 26.512550354003906, 45.73014831542969, 82.40227508544922, 109.14213562011719, 29.683900833129883, 72.52259063720703, 96.9543685913086, 49.154075622558594, 69.67867279052734, 113.74173736572266, 3.944296360015869, 94.40933227539062, 63.612483978271484, 144.42364501953125, 33.51018524169922, 83.50224304199219, 94.20468139648438, 184.38497924804688, 57.31954574584961, 88.40782928466797, 79.15251922607422, 21.936594009399414, 55.048866271972656, 137.0254364013672, 35.38039779663086, 115.30706787109375, 6.84499979019165, 90.56669616699219, 69.83048248291016, 24.824291229248047, 59.145809173583984, 134.7029266357422, 35.58207321166992, 80.49052429199219, 111.75505065917969, 23.869651794433594, 43.9041862487793, 127.63420104980469, 13.429254531860352, 90.25438690185547, 149.8402557373047, 46.21577453613281, 93.55915069580078, 101.18675994873047, 22.30892562866211, 55.87241744995117, 48.924922943115234, 120.04823303222656, 19.060001373291016, 52.70933151245117, 79.85028839111328, 95.81652069091797, 91.2006607055664, 68.8443374633789, 151.02845764160156, 47.1828498840332, 70.20967864990234, 143.2300262451172, 27.0084171295166, 57.855655670166016, 93.25204467773438, 80.55113983154297, 66.89102935791016, 109.18154907226562, 5.971715927124023, 31.453075408935547, 125.296630859375, 18.7558650970459, 56.00066375732422, 85.53284454345703, 7.675657749176025, 82.29308319091797, 108.73094940185547, 8.85184097290039, 29.612533569335938, 141.54135131835938, 34.554718017578125, 115.68838500976562, 7.230984687805176, 41.110321044921875, 81.55168151855469, 134.8588104248047, 26.99163246154785, 64.14070129394531, 144.3315887451172, 32.24113845825195, 59.59914016723633, 141.97482299804688, 33.89484405517578, 60.182395935058594, 65.62965393066406, 147.2153778076172, 41.75627136230469, 78.0606918334961, 109.75677490234375, 26.879697799682617, 29.312179565429688, 55.24599075317383, 87.95803833007812, 135.5047607421875, 65.0221939086914, 111.70358276367188, 7.569455623626709, 72.81340026855469, 98.10458374023438, 88.62947082519531, 26.885038375854492, 65.18843841552734, 147.92813110351562, 35.72620391845703, 119.1005630493164, 12.07928466796875, 49.177528381347656, 95.90469360351562, 67.0979995727539, 26.8867130279541, 45.36709976196289, 128.31045532226562, 19.207576751708984, 101.78201293945312, 65.03356170654297, 26.28069305419922, 52.315208435058594, 92.8830795288086, 139.10939025878906, 63.27976989746094, 143.87001037597656, 39.79841995239258, 78.1922836303711, 101.70486450195312, 16.007495880126953, 33.768314361572266, 108.8047103881836, 5.136059761047363, 39.4181022644043, 122.16703033447266, 8.666204452514648, 45.575382232666016, 76.9400405883789, 163.79737854003906, 43.54263687133789, 117.44302368164062, 51.857765197753906, 23.584413528442383, 61.548683166503906, 142.3907012939453, 36.25493240356445, 110.78045654296875, 19.275197982788086, 37.86836624145508, 112.0298080444336, 19.22527313232422, 41.26332092285156, 70.23688507080078, 121.82708740234375, 2.9633309841156006, 83.39114379882812, 116.78707885742188, 11.903267860412598, 90.1084976196289, 179.7012481689453, 51.427677154541016, 84.36528015136719, 133.19686889648438, 19.665122985839844, 54.865482330322266, 86.84956359863281, 114.1003189086914, 65.51227569580078, 104.16220092773438, 61.88706970214844, 24.54153823852539, 57.895782470703125, 101.61260986328125, 81.40057373046875, 74.9376449584961, 110.06072998046875, 38.12336730957031, 35.119140625, 127.54057312011719, 5.939944267272949, 27.190393447875977, 61.582603454589844, 148.31979370117188, 38.80471420288086, 73.55805206298828, 109.40478515625, 28.701004028320312, 34.165130615234375, 114.4572982788086, 9.806684494018555, 95.7927474975586, 101.9647445678711, 55.01081848144531, 89.34255981445312, 116.89131164550781, 61.74162673950195, 98.1585922241211, 96.0372085571289, 63.74456024169922, 92.96759033203125, 108.75264739990234, 67.00325775146484, 115.52165985107422, 13.988733291625977, 40.454227447509766, 121.76683807373047, 18.30892562866211, 57.90987777709961, 138.96304321289062, 14.783448219299316, 56.9676399230957, 86.18069458007812, 148.16200256347656, 57.800758361816406, 100.28923034667969, 30.427217483520508, 38.372901916503906, 126.4242935180664, 16.422943115234375, 49.2412223815918, 77.96380615234375, 141.56204223632812, 31.220104217529297, 123.59113311767578, 19.95137596130371, 60.632015228271484, 95.8229751586914, 71.76795959472656, 27.862468719482422, 14.65327262878418, 95.63261413574219, 133.01284790039062, 59.4492301940918, 99.87065124511719, 73.92766571044922, 17.512651443481445, 83.8820571899414, 123.38915252685547, 9.039220809936523, 80.26871490478516, 108.19586181640625, 37.36293029785156, 28.14093589782715, 58.703514099121094, 100.27941131591797, 99.0014419555664, 65.5513687133789, 152.73956298828125, 43.139522552490234, 114.30009460449219, 8.060182571411133, 49.830841064453125, 84.24996948242188, 126.79322052001953, 7.137479782104492, 81.03895568847656, 117.97028350830078, 7.127910137176514, 93.09028625488281, 111.03894805908203, 45.08672332763672, 70.13125610351562, 116.4419174194336, 10.712538719177246, 32.66114807128906, 111.5250015258789, 60.69477844238281, 23.405620574951172, 56.888614654541016, 99.68234252929688, 71.4543685913086, 68.38694763183594, 105.39276123046875, 17.65293312072754, 34.78325653076172, 119.71794891357422, 17.59830093383789, 54.92051315307617, 96.1005630493164]",4.0,"[3.0, 9.0, 9.0, 7.0, 7.0, 4.0, 4.0, 3.0, 3.0, 4.0, 6.0, 6.0, 6.0, 6.0, 6.0, 6.0, 6.0, 6.0, 6.0, 6.0, 6.0, 6.0, 6.0, 6.0, 6.0, 6.0, 6.0, 6.0, 6.0, 6.0, 6.0, 6.0, 6.0, 6.0, 6.0, 5.0, 5.0, 5.0, 5.0, 5.0, 5.0, 5.0, 5.0, 5.0, 5.0, 5.0, 5.0, 5.0, 5.0, 5.0, 5.0, 5.0, 4.0, 4.0, 4.0, 4.0, 4.0, 4.0, 4.0, 4.0, 4.0, 4.0, 4.0, 4.0, 4.0, 4.0, 4.0, 4.0, 4.0, 4.0, 4.0, 4.0, 4.0, 4.0, 4.0, 4.0, 4.0, 4.0, 4.0, 4.0, 4.0, 4.0, 4.0, 4.0, 4.0, 4.0, 4.0, 4.0, 4.0, 4.0, 4.0, 4.0, 4.0, 4.0, 4.0, 4.0, 4.0, 4.0, 4.0, 4.0, 4.0, 4.0, 4.0, 4.0, 4.0, 4.0, 4.0, 4.0, 4.0, 4.0, 4.0, 4.0, 4.0, 4.0, 4.0, 4.0, 4.0, 4.0, 4.0, 4.0, 4.0, 4.0, 4.0, 4.0, 4.0, 4.0, 4.0, 4.0, 4.0, 4.0, 4.0, 4.0, 4.0, 4.0, 4.0, 4.0, 4.0, 4.0, 4.0, 4.0, 4.0, 4.0, 4.0, 4.0, 4.0, 4.0, 4.0, 4.0, 4.0, 4.0, 4.0, 4.0, 4.0, 4.0, 4.0, 4.0, 4.0, 4.0, 4.0, 4.0, 4.0, 4.0, 4.0, 4.0, 4.0, 4.0, 4.0, 4.0, 4.0, 4.0, 4.0, 4.0, 4.0, 4.0, 4.0, 4.0, 4.0, 4.0, 4.0, 4.0, 4.0, 4.0, 4.0, 4.0, 4.0, 4.0, 4.0, 4.0, 4.0, 4.0, 4.0, 4.0, 4.0, 4.0, 4.0, 4.0, 4.0, 4.0, 4.0, 4.0, 4.0, 4.0, 4.0, 4.0, 4.0, 4.0, 4.0, 4.0, 4.0, 4.0, 4.0, 4.0, 4.0, 4.0, 4.0, 4.0, 4.0, 4.0, 4.0, 4.0, 4.0, 4.0, 4.0, 4.0, 4.0, 4.0, 4.0, 4.0, 4.0, 4.0, 4.0, 4.0, 4.0, 4.0, 4.0, 4.0, 4.0, 4.0, 4.0, 4.0, 4.0, 4.0, 4.0, 4.0, 4.0, 4.0, 4.0, 4.0, 4.0, 4.0, 4.0, 4.0, 4.0, 4.0, 4.0, 4.0, 4.0, 4.0, 4.0, 4.0, 4.0, 4.0, 4.0, 4.0, 4.0, 4.0, 4.0, 4.0, 4.0, 4.0, 4.0, 4.0, 4.0, 4.0, 4.0, 4.0, 4.0, 4.0, 4.0, 4.0, 4.0, 4.0, 4.0, 4.0, 4.0, 4.0, 4.0, 4.0, 4.0, 4.0, 4.0, 4.0, 4.0, 4.0, 4.0, 4.0, 4.0, 4.0, 4.0, 4.0, 4.0, 4.0, 4.0, 4.0, 4.0, 4.0, 4.0, 4.0, 4.0, 4.0, 4.0, 4.0, 4.0, 4.0, 4.0, 4.0, 4.0, 4.0, 4.0, 4.0, 4.0, 4.0, 4.0, 4.0, 4.0, 4.0, 4.0, 4.0, 4.0, 4.0, 4.0, 4.0, 4.0, 4.0, 4.0, 4.0, 4.0, 4.0, 4.0, 4.0, 4.0, 4.0, 4.0, 4.0, 4.0, 4.0, 4.0, 4.0, 4.0, 4.0, 4.0, 4.0, 4.0, 4.0, 4.0, 4.0, 4.0, 4.0, 4.0, 4.0, 4.0, 4.0, 4.0, 4.0, 4.0, 4.0, 4.0, 4.0, 4.0, 4.0, 4.0, 4.0, 4.0, 4.0, 4.0, 4.0, 4.0, 4.0, 4.0, 4.0, 4.0, 4.0, 4.0, 4.0, 4.0, 4.0, 4.0, 4.0, 4.0, 4.0, 4.0, 4.0, 4.0, 4.0, 4.0, 4.0, 4.0, 4.0, 4.0, 4.0, 4.0, 4.0, 4.0, 4.0, 4.0, 4.0, 4.0, 4.0, 4.0, 4.0, 4.0, 4.0, 4.0, 4.0, 4.0, 4.0, 4.0, 4.0, 4.0, 4.0, 4.0, 4.0, 4.0, 4.0, 4.0, 4.0, 4.0, 4.0, 4.0, 4.0, 4.0, 4.0, 4.0, 4.0, 4.0, 4.0, 4.0, 4.0, 4.0, 4.0, 4.0, 4.0, 4.0, 4.0, 4.0, 4.0, 4.0, 4.0, 4.0, 4.0, 4.0, 4.0, 4.0, 4.0, 4.0, 4.0, 4.0, 4.0, 4.0, 4.0, 4.0, 4.0, 4.0, 4.0, 4.0, 4.0, 4.0, 4.0, 4.0, 4.0, 4.0, 4.0, 4.0, 4.0, 4.0, 4.0, 4.0, 4.0, 4.0, 4.0, 4.0, 4.0, 4.0, 4.0, 4.0, 4.0, 4.0, 4.0, 4.0, 4.0]",COMPLETE
