,number,value,datetime_start,datetime_complete,duration,params_batch_size_scaler,params_constant_learning_rate,params_depth,params_epochs,params_kernel_l2,params_num_trees,params_temperature,user_attrs_accuracy_test,user_attrs_accuracy_valid,user_attrs_approximate_feature_sparsity,user_attrs_approximate_feature_sparsity_history,user_attrs_approximate_weight_sparsity,user_attrs_approximate_weight_sparsity_history,user_attrs_auc_test,user_attrs_auc_valid,user_attrs_feature_sparsity,user_attrs_feature_sparsity_history,user_attrs_num_epochs,user_attrs_val_loss_history,user_attrs_weight_sparsity,user_attrs_weight_sparsity_history,state
128,128,0.5,2024-08-31 05:30:48.828805,2024-08-31 05:31:28.391354,0 days 00:00:39.562549,16,2.92173413937782,1,420,0.19782702454068743,98,0.038187093032888114,0.859,0.85875,0,"[1, 1, 0, 0, 3, 2, 4, 1, 1, 0, 2, 3, 0, 1, 0, 0, 0, 2, 3, 4, 1, 3, 3, 2, 3, 3, 0, 1, 0, 0, 0, 0, 0, 0, 0, 0, 0, 0, 0, 0, 0, 0, 0, 0, 0, 0, 0, 0, 0, 0, 0, 0, 0, 0, 0, 0, 0, 0, 0, 0, 0, 0, 0, 0, 0, 0, 0, 0, 0, 0, 0, 0, 0, 0, 0, 0, 0, 0, 0, 0, 0, 0, 0, 0, 0, 0, 0, 0, 0, 0, 0, 0, 0, 0, 0, 0, 0, 0, 0, 0, 0, 0, 0, 0, 0, 0, 0, 0, 0, 0, 0, 0, 0, 0, 0, 0, 0, 0, 0, 0, 0, 0, 0, 0, 0, 0, 0, 0, 0, 0, 0, 0, 0, 0, 0, 0, 0, 0, 0, 0, 0, 0, 0, 0, 0, 0, 0, 0, 0, 0, 0, 0, 0, 0, 0, 0, 0, 0, 0, 0, 0, 0, 0, 0, 0, 0, 0, 0, 0, 0, 0, 0, 0, 0, 0, 0, 0, 0, 0, 0, 0, 0, 0, 0, 0, 0, 0, 0, 0, 0, 0, 0, 0, 0, 0, 0, 0, 0, 0, 0, 0, 0, 0, 0, 0, 0, 0, 0, 0, 0, 0, 0, 0, 0, 0, 0, 0, 0, 0, 0, 0, 0, 0, 0, 0, 0, 0, 0, 0, 0, 0, 0, 0, 0, 0, 0, 0, 0, 0, 0, 0, 0, 0, 0, 0, 0, 0, 0, 0, 0, 0, 0, 0, 0, 0, 0, 0, 0, 0, 0, 0, 0, 0, 0, 0, 0, 0, 0, 0, 0, 0, 0, 0, 0, 0, 0, 0, 0, 0, 0, 0, 0, 0, 0, 0, 0, 0, 0, 0, 0, 0, 0, 0, 0, 0, 0, 0, 0, 0, 0, 0, 0, 0, 0, 0, 0, 0, 0, 0, 0, 0, 0, 0, 0, 0, 0, 0, 0, 0, 0, 0, 0, 0, 0, 0, 0, 0, 0, 0, 0, 0, 0, 0, 0, 0, 0, 0, 0, 0, 0, 0, 0, 0, 0, 0, 0, 0, 0, 0, 0, 0, 0, 0, 0, 0, 0, 0, 0, 0, 0, 0, 0, 0, 0, 0, 0, 0, 0, 0, 0, 0, 0, 0, 0, 0, 0, 0, 0, 0, 0, 0, 0, 0, 0, 0, 0, 0, 0, 0, 0, 0, 0, 0, 0, 0, 0, 0, 0, 0, 0, 0, 0, 0, 0, 0, 0, 0, 0, 0, 0, 0, 0, 0, 0, 0, 0, 0, 0, 0, 0]",0.0,"[1.0, 1.0, 0.0, 0.0, 3.0, 2.0, 4.0, 1.0, 1.0, 0.0, 2.0, 3.0, 0.0, 1.0, 0.0, 0.0, 0.0, 2.0, 3.0, 4.0, 1.0, 3.0, 3.0, 2.0, 3.0, 3.0, 0.0, 1.0, 0.0, 0.0, 0.0, 0.0, 0.0, 0.0, 0.0, 0.0, 0.0, 0.0, 0.0, 0.0, 0.0, 0.0, 0.0, 0.0, 0.0, 0.0, 0.0, 0.0, 0.0, 0.0, 0.0, 0.0, 0.0, 0.0, 0.0, 0.0, 0.0, 0.0, 0.0, 0.0, 0.0, 0.0, 0.0, 0.0, 0.0, 0.0, 0.0, 0.0, 0.0, 0.0, 0.0, 0.0, 0.0, 0.0, 0.0, 0.0, 0.0, 0.0, 0.0, 0.0, 0.0, 0.0, 0.0, 0.0, 0.0, 0.0, 0.0, 0.0, 0.0, 0.0, 0.0, 0.0, 0.0, 0.0, 0.0, 0.0, 0.0, 0.0, 0.0, 0.0, 0.0, 0.0, 0.0, 0.0, 0.0, 0.0, 0.0, 0.0, 0.0, 0.0, 0.0, 0.0, 0.0, 0.0, 0.0, 0.0, 0.0, 0.0, 0.0, 0.0, 0.0, 0.0, 0.0, 0.0, 0.0, 0.0, 0.0, 0.0, 0.0, 0.0, 0.0, 0.0, 0.0, 0.0, 0.0, 0.0, 0.0, 0.0, 0.0, 0.0, 0.0, 0.0, 0.0, 0.0, 0.0, 0.0, 0.0, 0.0, 0.0, 0.0, 0.0, 0.0, 0.0, 0.0, 0.0, 0.0, 0.0, 0.0, 0.0, 0.0, 0.0, 0.0, 0.0, 0.0, 0.0, 0.0, 0.0, 0.0, 0.0, 0.0, 0.0, 0.0, 0.0, 0.0, 0.0, 0.0, 0.0, 0.0, 0.0, 0.0, 0.0, 0.0, 0.0, 0.0, 0.0, 0.0, 0.0, 0.0, 0.0, 0.0, 0.0, 0.0, 0.0, 0.0, 0.0, 0.0, 0.0, 0.0, 0.0, 0.0, 0.0, 0.0, 0.0, 0.0, 0.0, 0.0, 0.0, 0.0, 0.0, 0.0, 0.0, 0.0, 0.0, 0.0, 0.0, 0.0, 0.0, 0.0, 0.0, 0.0, 0.0, 0.0, 0.0, 0.0, 0.0, 0.0, 0.0, 0.0, 0.0, 0.0, 0.0, 0.0, 0.0, 0.0, 0.0, 0.0, 0.0, 0.0, 0.0, 0.0, 0.0, 0.0, 0.0, 0.0, 0.0, 0.0, 0.0, 0.0, 0.0, 0.0, 0.0, 0.0, 0.0, 0.0, 0.0, 0.0, 0.0, 0.0, 0.0, 0.0, 0.0, 0.0, 0.0, 0.0, 0.0, 0.0, 0.0, 0.0, 0.0, 0.0, 0.0, 0.0, 0.0, 0.0, 0.0, 0.0, 0.0, 0.0, 0.0, 0.0, 0.0, 0.0, 0.0, 0.0, 0.0, 0.0, 0.0, 0.0, 0.0, 0.0, 0.0, 0.0, 0.0, 0.0, 0.0, 0.0, 0.0, 0.0, 0.0, 0.0, 0.0, 0.0, 0.0, 0.0, 0.0, 0.0, 0.0, 0.0, 0.0, 0.0, 0.0, 0.0, 0.0, 0.0, 0.0, 0.0, 0.0, 0.0, 0.0, 0.0, 0.0, 0.0, 0.0, 0.0, 0.0, 0.0, 0.0, 0.0, 0.0, 0.0, 0.0, 0.0, 0.0, 0.0, 0.0, 0.0, 0.0, 0.0, 0.0, 0.0, 0.0, 0.0, 0.0, 0.0, 0.0, 0.0, 0.0, 0.0, 0.0, 0.0, 0.0, 0.0, 0.0, 0.0, 0.0, 0.0, 0.0, 0.0, 0.0, 0.0, 0.0, 0.0, 0.0, 0.0, 0.0, 0.0, 0.0, 0.0, 0.0, 0.0, 0.0, 0.0, 0.0, 0.0, 0.0, 0.0, 0.0, 0.0, 0.0, 0.0, 0.0, 0.0, 0.0, 0.0, 0.0, 0.0, 0.0, 0.0, 0.0, 0.0, 0.0, 0.0, 0.0, 0.0, 0.0, 0.0, 0.0, 0.0, 0.0, 0.0, 0.0, 0.0, 0.0, 0.0, 0.0, 0.0, 0.0, 0.0, 0.0, 0.0, 0.0, 0.0, 0.0, 0.0, 0.0, 0.0, 0.0, 0.0, 0.0, 0.0]",0.5,0.5,0,"[1, 1, 0, 0, 3, 2, 4, 1, 1, 0, 2, 3, 0, 1, 0, 0, 0, 2, 3, 4, 1, 3, 3, 2, 3, 3, 0, 1, 0, 0, 0, 0, 0, 0, 0, 0, 0, 0, 0, 0, 0, 0, 0, 0, 0, 0, 0, 0, 0, 0, 0, 0, 0, 0, 0, 0, 0, 0, 0, 0, 0, 0, 0, 0, 0, 0, 0, 0, 0, 0, 0, 0, 0, 0, 0, 0, 0, 0, 0, 0, 0, 0, 0, 0, 0, 0, 0, 0, 0, 0, 0, 0, 0, 0, 0, 0, 0, 0, 0, 0, 0, 0, 0, 0, 0, 0, 0, 0, 0, 0, 0, 0, 0, 0, 0, 0, 0, 0, 0, 0, 0, 0, 0, 0, 0, 0, 0, 0, 0, 0, 0, 0, 0, 0, 0, 0, 0, 0, 0, 0, 0, 0, 0, 0, 0, 0, 0, 0, 0, 0, 0, 0, 0, 0, 0, 0, 0, 0, 0, 0, 0, 0, 0, 0, 0, 0, 0, 0, 0, 0, 0, 0, 0, 0, 0, 0, 0, 0, 0, 0, 0, 0, 0, 0, 0, 0, 0, 0, 0, 0, 0, 0, 0, 0, 0, 0, 0, 0, 0, 0, 0, 0, 0, 0, 0, 0, 0, 0, 0, 0, 0, 0, 0, 0, 0, 0, 0, 0, 0, 0, 0, 0, 0, 0, 0, 0, 0, 0, 0, 0, 0, 0, 0, 0, 0, 0, 0, 0, 0, 0, 0, 0, 0, 0, 0, 0, 0, 0, 0, 0, 0, 0, 0, 0, 0, 0, 0, 0, 0, 0, 0, 0, 0, 0, 0, 0, 0, 0, 0, 0, 0, 0, 0, 0, 0, 0, 0, 0, 0, 0, 0, 0, 0, 0, 0, 0, 0, 0, 0, 0, 0, 0, 0, 0, 0, 0, 0, 0, 0, 0, 0, 0, 0, 0, 0, 0, 0, 0, 0, 0, 0, 0, 0, 0, 0, 0, 0, 0, 0, 0, 0, 0, 0, 0, 0, 0, 0, 0, 0, 0, 0, 0, 0, 0, 0, 0, 0, 0, 0, 0, 0, 0, 0, 0, 0, 0, 0, 0, 0, 0, 0, 0, 0, 0, 0, 0, 0, 0, 0, 0, 0, 0, 0, 0, 0, 0, 0, 0, 0, 0, 0, 0, 0, 0, 0, 0, 0, 0, 0, 0, 0, 0, 0, 0, 0, 0, 0, 0, 0, 0, 0, 0, 0, 0, 0, 0, 0, 0, 0, 0, 0, 0, 0, 0, 0, 0, 0, 0, 0, 0, 0, 0, 0, 0, 0, 0, 0, 0, 0, 0]",420,"[23.19725799560547, 27.181306838989258, 15.370200157165527, 17.8128604888916, 24.649778366088867, 32.89908981323242, 38.307373046875, 23.43085289001465, 34.297706604003906, 33.84550857543945, 32.71085739135742, 5.347806930541992, 26.098276138305664, 1.3777546882629395, 3.783684492111206, 3.3535823822021484, 3.7428107261657715, 15.122917175292969, 9.827649116516113, 31.559717178344727, 39.81221008300781, 45.031002044677734, 40.47608947753906, 30.635303497314453, 6.44746208190918, 11.759413719177246, 13.68890380859375, 13.355945587158203, 26.613685607910156, 33.53591537475586, 2.290786027908325, 2.846891164779663, 9.962671279907227, 13.284473419189453, 19.76165199279785, 25.395092010498047, 32.97822570800781, 8.891316413879395, 5.171595573425293, 24.392560958862305, 30.565292358398438, 20.67949867248535, 17.39008903503418, 27.022809982299805, 33.656166076660156, 3.9016475677490234, 6.038487434387207, 11.923332214355469, 18.900903701782227, 25.43604278564453, 31.597455978393555, 20.16730308532715, 4.1081223487854, 10.7428617477417, 18.010156631469727, 24.471479415893555, 31.106840133666992, 16.425350189208984, 2.9857497215270996, 9.621073722839355, 11.6299409866333, 18.81830406188965, 25.451702117919922, 32.08706283569336, 10.613202095031738, 4.731715202331543, 11.841056823730469, 20.072158813476562, 26.707517623901367, 33.18428039550781, 8.610106468200684, 3.795480966567993, 10.267450332641602, 17.633289337158203, 23.870405197143555, 32.80558776855469, 9.940770149230957, 5.631502628326416, 10.187516212463379, 16.57236671447754, 19.85398292541504, 26.139331817626953, 32.30097961425781, 9.908454895019531, 4.672445297241211, 10.349571228027344, 5.500185966491699, 11.854789733886719, 15.925975799560547, 3.699951410293579, 9.670659065246582, 16.108509063720703, 21.592477798461914, 29.688003540039062, 22.80352020263672, 2.568633794784546, 8.887263298034668, 14.572331428527832, 20.10179901123047, 14.480363845825195, 20.330080032348633, 26.656963348388672, 32.23314666748047, 13.422039031982422, 4.743586540222168, 1.5312647819519043, 4.617406368255615, 4.757492542266846, 11.191805839538574, 17.511272430419922, 23.520524978637695, 29.85891342163086, 4.532361030578613, 4.741600513458252, 6.031808853149414, 12.841630935668945, 19.428401947021484, 27.011674880981445, 13.8497953414917, 20.959375381469727, 27.752328872680664, 9.277420997619629, 5.510947227478027, 10.107166290283203, 16.062746047973633, 22.979969024658203, 2.442089080810547, 7.981200695037842, 17.371631622314453, 28.994787216186523, 33.05499267578125, 0.7303295731544495, 7.282073497772217, 14.152115821838379, 19.68158531188965, 26.00188446044922, 31.816133499145508, 12.575173377990723, 5.040410041809082, 9.814229965209961, 21.912221908569336, 29.4954833984375, 28.963449478149414, 1.2395720481872559, 7.723042011260986, 14.674582481384277, 20.993974685668945, 23.8334903717041, 29.52094268798828, 7.836144924163818, 15.179706573486328, 25.558128356933594, 30.768959045410156, 25.20410919189453, 2.331799030303955, 9.757086753845215, 16.435606002807617, 21.974014282226562, 8.945018768310547, 14.948441505432129, 21.267833709716797, 26.498184204101562, 33.29151916503906, 5.068432807922363, 5.531783580780029, 12.931758880615234, 19.093242645263672, 26.063081741333008, 32.54045486450195, 16.44991683959961, 5.243957042694092, 15.658088684082031, 21.229673385620117, 27.548768997192383, 32.45922088623047, 31.214757919311523, 17.69149398803711, 4.133294105529785, 9.6446533203125, 15.80563735961914, 18.79778289794922, 24.327245712280273, 31.436939239501953, 10.577775955200195, 4.84689474105835, 1.8357926607131958, 31.964611053466797, 9.29071044921875, 5.106316089630127, 10.69101333618164, 16.21924591064453, 23.695158004760742, 26.31365966796875, 1.9912663698196411, 8.626656532287598, 15.2620210647583, 22.367942810058594, 32.715267181396484, 10.489921569824219, 24.823545455932617, 31.567331314086914, 13.626956939697266, 2.3332204818725586, 8.831430435180664, 14.9925537109375, 21.153806686401367, 7.93251895904541, 14.389482498168945, 20.23491668701172, 27.495786666870117, 12.500580787658691, 17.69942855834961, 22.91458511352539, 28.61736488342285, 28.741867065429688, 20.38098907470703, 26.858362197875977, 34.12507629394531, 0.5084084868431091, 7.049450874328613, 13.601921081542969, 20.045988082885742, 26.213363647460938, 32.58782196044922, 7.427587985992432, 6.395052909851074, 12.64453125, 18.970563888549805, 25.442089080810547, 31.919519424438477, 5.724090099334717, 4.901229381561279, 10.904053688049316, 16.856067657470703, 22.02776336669922, 3.515618085861206, 9.677026748657227, 17.26160430908203, 11.577434539794922, 17.156410217285156, 29.583087921142578, 4.247249603271484, 9.4175443649292, 13.849244117736816, 22.730792999267578, 19.274925231933594, 24.946243286132812, 31.739093780517578, 11.561986923217773, 3.469688653945923, 9.473109245300293, 15.642133712768555, 22.435436248779297, 29.521556854248047, 0.4223858118057251, 15.909101486206055, 22.4339656829834, 28.792333602905273, 30.884065628051758, 1.088196873664856, 7.2674384117126465, 13.112936019897461, 17.869796752929688, 24.321874618530273, 30.016857147216797, 27.852327346801758, 1.1617056131362915, 23.67664337158203, 29.0480899810791, 38.2008056640625, 6.533252716064453, 5.67919921875, 22.492368698120117, 29.407081604003906, 28.405109405517578, 1.9642608165740967, 7.809774398803711, 15.077122688293457, 29.492185592651367, 29.782859802246094, 27.356603622436523, 2.451662540435791, 8.772014617919922, 14.775437355041504, 21.85504913330078, 27.98748016357422, 33.075069427490234, 5.422790050506592, 5.468886852264404, 14.635917663574219, 21.01266098022461, 27.63184356689453, 34.13251876831055, 8.611577033996582, 13.98294448852539, 21.250242233276367, 28.04022216796875, 35.27981185913086, 1.3478875160217285, 10.509970664978027, 16.174266815185547, 22.84185028076172, 27.164714813232422, 33.79515075683594, 5.486184120178223, 4.40158748626709, 10.720939636230469, 19.628515243530273, 26.895851135253906, 9.993035316467285, 16.627552032470703, 22.819564819335938, 4.557825565338135, 11.193181991577148, 29.061965942382812, 12.784902572631836, 19.73642921447754, 26.213804244995117, 33.48112869262695, 2.9847848415374756, 4.575235366821289, 10.135625839233398, 16.92896270751953, 18.055896759033203, 12.901939392089844, 21.32968521118164, 28.591651916503906, 4.5725603103637695, 5.8443284034729, 12.804564476013184, 19.59844398498535, 27.453821182250977, 34.388916015625, 0.49244558811187744, 20.518095016479492, 26.914884567260742, 32.846126556396484, 3.002741813659668, 5.230872631072998, 10.56142807006836, 16.78009605407715, 23.86540985107422, 1.317084550857544, 15.077156066894531, 4.155418872833252, 9.521315574645996, 16.946496963500977, 23.113693237304688, 29.178510665893555, 33.285179138183594, 8.008116722106934, 4.740157604217529, 11.392053604125977, 12.569952011108398, 19.44915199279785, 26.558481216430664, 32.55596923828125, 9.860940933227539, 4.065067291259766, 22.949338912963867, 31.777482986450195, 14.243082046508789, 3.637024164199829, 11.289010047912598, 3.510183811187744, 10.145689010620117, 4.865696907043457, 11.476512908935547, 23.935556411743164, 30.831253051757812, 19.05378532409668, 3.8152594566345215, 11.07635498046875, 18.70298194885254, 25.444580078125, 32.85272979736328, 21.339466094970703, 2.9673912525177, 9.128798484802246, 8.173678398132324, 15.664933204650879, 18.086544036865234, 24.73650550842285, 31.213912963867188, 17.696622848510742, 3.092623710632324, 9.885970115661621, 16.99528694152832, 21.110584259033203, 28.121164321899414, 14.861137390136719, 21.96877670288086, 29.235891342163086, 14.75274658203125, 21.546091079711914, 26.92367935180664, 33.15096664428711, 16.70589828491211, 3.4345638751983643, 8.964029312133789, 15.245684623718262, 21.239883422851562, 1.3261306285858154, 7.490839004516602, 13.495453834533691, 19.32496452331543, 26.118322372436523, 32.595603942871094, 0.7039123773574829, 8.412751197814941, 15.87523078918457, 22.35260772705078, 22.457443237304688, 29.24056625366211, 32.704898834228516, 1.4195404052734375, 7.582648277282715, 14.534160614013672, 20.695571899414062, 27.014379501342773]",0.0,"[1.0, 1.0, 0.0, 0.0, 3.0, 2.0, 4.0, 1.0, 1.0, 0.0, 2.0, 3.0, 0.0, 1.0, 0.0, 0.0, 0.0, 2.0, 3.0, 4.0, 1.0, 3.0, 3.0, 2.0, 3.0, 3.0, 0.0, 1.0, 0.0, 0.0, 0.0, 0.0, 0.0, 0.0, 0.0, 0.0, 0.0, 0.0, 0.0, 0.0, 0.0, 0.0, 0.0, 0.0, 0.0, 0.0, 0.0, 0.0, 0.0, 0.0, 0.0, 0.0, 0.0, 0.0, 0.0, 0.0, 0.0, 0.0, 0.0, 0.0, 0.0, 0.0, 0.0, 0.0, 0.0, 0.0, 0.0, 0.0, 0.0, 0.0, 0.0, 0.0, 0.0, 0.0, 0.0, 0.0, 0.0, 0.0, 0.0, 0.0, 0.0, 0.0, 0.0, 0.0, 0.0, 0.0, 0.0, 0.0, 0.0, 0.0, 0.0, 0.0, 0.0, 0.0, 0.0, 0.0, 0.0, 0.0, 0.0, 0.0, 0.0, 0.0, 0.0, 0.0, 0.0, 0.0, 0.0, 0.0, 0.0, 0.0, 0.0, 0.0, 0.0, 0.0, 0.0, 0.0, 0.0, 0.0, 0.0, 0.0, 0.0, 0.0, 0.0, 0.0, 0.0, 0.0, 0.0, 0.0, 0.0, 0.0, 0.0, 0.0, 0.0, 0.0, 0.0, 0.0, 0.0, 0.0, 0.0, 0.0, 0.0, 0.0, 0.0, 0.0, 0.0, 0.0, 0.0, 0.0, 0.0, 0.0, 0.0, 0.0, 0.0, 0.0, 0.0, 0.0, 0.0, 0.0, 0.0, 0.0, 0.0, 0.0, 0.0, 0.0, 0.0, 0.0, 0.0, 0.0, 0.0, 0.0, 0.0, 0.0, 0.0, 0.0, 0.0, 0.0, 0.0, 0.0, 0.0, 0.0, 0.0, 0.0, 0.0, 0.0, 0.0, 0.0, 0.0, 0.0, 0.0, 0.0, 0.0, 0.0, 0.0, 0.0, 0.0, 0.0, 0.0, 0.0, 0.0, 0.0, 0.0, 0.0, 0.0, 0.0, 0.0, 0.0, 0.0, 0.0, 0.0, 0.0, 0.0, 0.0, 0.0, 0.0, 0.0, 0.0, 0.0, 0.0, 0.0, 0.0, 0.0, 0.0, 0.0, 0.0, 0.0, 0.0, 0.0, 0.0, 0.0, 0.0, 0.0, 0.0, 0.0, 0.0, 0.0, 0.0, 0.0, 0.0, 0.0, 0.0, 0.0, 0.0, 0.0, 0.0, 0.0, 0.0, 0.0, 0.0, 0.0, 0.0, 0.0, 0.0, 0.0, 0.0, 0.0, 0.0, 0.0, 0.0, 0.0, 0.0, 0.0, 0.0, 0.0, 0.0, 0.0, 0.0, 0.0, 0.0, 0.0, 0.0, 0.0, 0.0, 0.0, 0.0, 0.0, 0.0, 0.0, 0.0, 0.0, 0.0, 0.0, 0.0, 0.0, 0.0, 0.0, 0.0, 0.0, 0.0, 0.0, 0.0, 0.0, 0.0, 0.0, 0.0, 0.0, 0.0, 0.0, 0.0, 0.0, 0.0, 0.0, 0.0, 0.0, 0.0, 0.0, 0.0, 0.0, 0.0, 0.0, 0.0, 0.0, 0.0, 0.0, 0.0, 0.0, 0.0, 0.0, 0.0, 0.0, 0.0, 0.0, 0.0, 0.0, 0.0, 0.0, 0.0, 0.0, 0.0, 0.0, 0.0, 0.0, 0.0, 0.0, 0.0, 0.0, 0.0, 0.0, 0.0, 0.0, 0.0, 0.0, 0.0, 0.0, 0.0, 0.0, 0.0, 0.0, 0.0, 0.0, 0.0, 0.0, 0.0, 0.0, 0.0, 0.0, 0.0, 0.0, 0.0, 0.0, 0.0, 0.0, 0.0, 0.0, 0.0, 0.0, 0.0, 0.0, 0.0, 0.0, 0.0, 0.0, 0.0, 0.0, 0.0, 0.0, 0.0, 0.0, 0.0, 0.0, 0.0, 0.0, 0.0, 0.0, 0.0, 0.0, 0.0, 0.0, 0.0, 0.0, 0.0, 0.0, 0.0, 0.0, 0.0, 0.0, 0.0, 0.0, 0.0, 0.0, 0.0, 0.0, 0.0, 0.0, 0.0, 0.0, 0.0, 0.0, 0.0, 0.0, 0.0, 0.0, 0.0, 0.0, 0.0, 0.0, 0.0, 0.0, 0.0, 0.0, 0.0]",COMPLETE
