,number,value,datetime_start,datetime_complete,duration,params_batch_size_scaler,params_constant_learning_rate,params_depth,params_epochs,params_kernel_l2,params_num_trees,params_temperature,user_attrs_accuracy_test,user_attrs_accuracy_valid,user_attrs_approximate_feature_sparsity,user_attrs_approximate_feature_sparsity_history,user_attrs_approximate_weight_sparsity,user_attrs_approximate_weight_sparsity_history,user_attrs_auc_test,user_attrs_auc_valid,user_attrs_feature_sparsity,user_attrs_feature_sparsity_history,user_attrs_num_epochs,user_attrs_val_loss_history,user_attrs_weight_sparsity,user_attrs_weight_sparsity_history,state
39,39,0.6088418286509255,2024-08-31 02:10:54.868985,2024-08-31 02:14:40.593335,0 days 00:03:45.724350,1,0.224945062713179,1,460,0.0017270990403705434,29,0.015030813454751634,0.852,0.8425,1,"[2, 1, 1, 1, 1, 1, 1, 1, 1, 1, 1, 1, 1, 1, 1, 1, 1, 1, 1, 1, 1, 1, 1, 1, 1, 1, 1, 1, 1, 1, 1, 1, 1, 1, 1, 1, 1, 1, 1, 1, 1, 1, 1, 1, 1, 1, 1, 1, 1, 1, 1, 1, 1, 1, 1, 1, 1, 1, 1, 1, 1, 1, 1, 1, 1, 1, 1, 1, 1, 1, 1, 1, 1, 1, 1, 1, 1, 1, 1, 1, 1, 1, 1, 1, 1, 1, 1, 1, 1, 1, 1, 1, 1, 1, 1, 1, 1, 1, 1, 1, 1, 1, 1, 1, 1, 1, 1, 1, 1, 1, 1, 1, 1, 1, 1, 1, 1, 1, 1, 1, 1, 1, 1, 1, 1, 1, 1, 1, 1, 1, 1, 1, 1, 1, 1, 1, 1, 1, 1, 1, 1, 1, 1, 1, 1, 1, 1, 1, 1, 1, 1, 1, 1, 1, 1, 1, 1, 1, 1, 1, 1, 1, 1, 1, 1, 1, 1, 1, 1, 1, 1, 1, 1, 1, 1, 1, 1, 1, 1, 1, 1, 1, 1, 1, 1, 1, 1, 1, 1, 1, 1, 1, 1, 1, 1, 1, 1, 1, 1, 1, 1, 1, 1, 1, 1, 1, 1, 1, 1, 1, 1, 1, 1, 1, 1, 1, 1, 1, 1, 1, 1, 1, 1, 1, 1, 1, 1, 1, 1, 1, 1, 1, 1, 1, 1, 1, 1, 1, 1, 1, 1, 1, 1, 1, 1, 1, 1, 1, 1, 1, 1, 1, 1, 1, 1, 1, 1, 1, 1, 1, 1, 1, 1, 1, 1, 1, 1, 1, 1, 1, 1, 1, 1, 1, 1, 1, 1, 1, 1, 1, 1, 1, 1, 1, 1, 1, 1, 1, 1, 1, 1, 1, 1, 1, 1, 1, 1, 1, 1, 1, 1, 1, 1, 1, 1, 1, 1, 1, 1, 1, 1, 1, 1, 1, 1, 1, 1, 1, 1, 1, 1, 1, 1, 1, 1, 1, 1, 1, 1, 1, 1, 1, 1, 1, 1, 1, 1, 1, 1, 1, 1, 1, 1, 1, 1, 1, 1, 1, 1, 1, 1, 1, 1, 1, 1, 1, 1, 1, 1, 1, 1, 1, 1, 1, 1, 1, 1, 1, 1, 1, 1, 1, 1, 1, 1, 1, 1, 1, 1, 1, 1, 1, 1, 1, 1, 1, 1, 1, 1, 1, 1, 1, 1, 1, 1, 1, 1, 1, 1, 1, 1, 1, 1, 1, 1, 1, 1, 1, 1, 1, 1, 1, 1, 1, 1, 1, 1, 1, 1, 1, 1, 1, 1, 1, 1, 1, 1, 1, 1, 1, 1, 1, 1, 1, 1, 1, 1, 1, 1, 1, 1, 1, 1, 1, 1, 1, 1, 1, 1, 1, 1, 1, 1, 1, 1, 1, 1, 1, 1, 1]",1.0,"[2.0, 1.0, 1.0, 1.0, 1.0, 1.0, 1.0, 1.0, 1.0, 1.0, 1.0, 1.0, 1.0, 1.0, 1.0, 1.0, 1.0, 1.0, 1.0, 1.0, 1.0, 1.0, 1.0, 1.0, 1.0, 1.0, 1.0, 1.0, 1.0, 1.0, 1.0, 1.0, 1.0, 1.0, 1.0, 1.0, 1.0, 1.0, 1.0, 1.0, 1.0, 1.0, 1.0, 1.0, 1.0, 1.0, 1.0, 1.0, 1.0, 1.0, 1.0, 1.0, 1.0, 1.0, 1.0, 1.0, 1.0, 1.0, 1.0, 1.0, 1.0, 1.0, 1.0, 1.0, 1.0, 1.0, 1.0, 1.0, 1.0, 1.0, 1.0, 1.0, 1.0, 1.0, 1.0, 1.0, 1.0, 1.0, 1.0, 1.0, 1.0, 1.0, 1.0, 1.0, 1.0, 1.0, 1.0, 1.0, 1.0, 1.0, 1.0, 1.0, 1.0, 1.0, 1.0, 1.0, 1.0, 1.0, 1.0, 1.0, 1.0, 1.0, 1.0, 1.0, 1.0, 1.0, 1.0, 1.0, 1.0, 1.0, 1.0, 1.0, 1.0, 1.0, 1.0, 1.0, 1.0, 1.0, 1.0, 1.0, 1.0, 1.0, 1.0, 1.0, 1.0, 1.0, 1.0, 1.0, 1.0, 1.0, 1.0, 1.0, 1.0, 1.0, 1.0, 1.0, 1.0, 1.0, 1.0, 1.0, 1.0, 1.0, 1.0, 1.0, 1.0, 1.0, 1.0, 1.0, 1.0, 1.0, 1.0, 1.0, 1.0, 1.0, 1.0, 1.0, 1.0, 1.0, 1.0, 1.0, 1.0, 1.0, 1.0, 1.0, 1.0, 1.0, 1.0, 1.0, 1.0, 1.0, 1.0, 1.0, 1.0, 1.0, 1.0, 1.0, 1.0, 1.0, 1.0, 1.0, 1.0, 1.0, 1.0, 1.0, 1.0, 1.0, 1.0, 1.0, 1.0, 1.0, 1.0, 1.0, 1.0, 1.0, 1.0, 1.0, 1.0, 1.0, 1.0, 1.0, 1.0, 1.0, 1.0, 1.0, 1.0, 1.0, 1.0, 1.0, 1.0, 1.0, 1.0, 1.0, 1.0, 1.0, 1.0, 1.0, 1.0, 1.0, 1.0, 1.0, 1.0, 1.0, 1.0, 1.0, 1.0, 1.0, 1.0, 1.0, 1.0, 1.0, 1.0, 1.0, 1.0, 1.0, 1.0, 1.0, 1.0, 1.0, 1.0, 1.0, 1.0, 1.0, 1.0, 1.0, 1.0, 1.0, 1.0, 1.0, 1.0, 1.0, 1.0, 1.0, 1.0, 1.0, 1.0, 1.0, 1.0, 1.0, 1.0, 1.0, 1.0, 1.0, 1.0, 1.0, 1.0, 1.0, 1.0, 1.0, 1.0, 1.0, 1.0, 1.0, 1.0, 1.0, 1.0, 1.0, 1.0, 1.0, 1.0, 1.0, 1.0, 1.0, 1.0, 1.0, 1.0, 1.0, 1.0, 1.0, 1.0, 1.0, 1.0, 1.0, 1.0, 1.0, 1.0, 1.0, 1.0, 1.0, 1.0, 1.0, 1.0, 1.0, 1.0, 1.0, 1.0, 1.0, 1.0, 1.0, 1.0, 1.0, 1.0, 1.0, 1.0, 1.0, 1.0, 1.0, 1.0, 1.0, 1.0, 1.0, 1.0, 1.0, 1.0, 1.0, 1.0, 1.0, 1.0, 1.0, 1.0, 1.0, 1.0, 1.0, 1.0, 1.0, 1.0, 1.0, 1.0, 1.0, 1.0, 1.0, 1.0, 1.0, 1.0, 1.0, 1.0, 1.0, 1.0, 1.0, 1.0, 1.0, 1.0, 1.0, 1.0, 1.0, 1.0, 1.0, 1.0, 1.0, 1.0, 1.0, 1.0, 1.0, 1.0, 1.0, 1.0, 1.0, 1.0, 1.0, 1.0, 1.0, 1.0, 1.0, 1.0, 1.0, 1.0, 1.0, 1.0, 1.0, 1.0, 1.0, 1.0, 1.0, 1.0, 1.0, 1.0, 1.0, 1.0, 1.0, 1.0, 1.0, 1.0, 1.0, 1.0, 1.0, 1.0, 1.0, 1.0, 1.0, 1.0, 1.0, 1.0, 1.0, 1.0, 1.0, 1.0, 1.0, 1.0, 1.0, 1.0, 1.0, 1.0, 1.0, 1.0, 1.0, 1.0, 1.0, 1.0, 1.0, 1.0, 1.0, 1.0, 1.0, 1.0, 1.0, 1.0, 1.0, 1.0, 1.0, 1.0, 1.0, 1.0, 1.0, 1.0, 1.0, 1.0, 1.0, 1.0, 1.0, 1.0, 1.0, 1.0, 1.0, 1.0, 1.0, 1.0, 1.0, 1.0, 1.0, 1.0, 1.0, 1.0, 1.0, 1.0, 1.0, 1.0, 1.0, 1.0, 1.0, 1.0, 1.0]",0.6144865793145584,0.6088418286509255,1,"[2, 1, 1, 1, 1, 1, 1, 1, 1, 1, 1, 1, 1, 1, 1, 1, 1, 1, 1, 1, 1, 1, 1, 1, 1, 1, 1, 1, 1, 1, 1, 1, 1, 1, 1, 1, 1, 1, 1, 1, 1, 1, 1, 1, 1, 1, 1, 1, 1, 1, 1, 1, 1, 1, 1, 1, 1, 1, 1, 1, 1, 1, 1, 1, 1, 1, 1, 1, 1, 1, 1, 1, 1, 1, 1, 1, 1, 1, 1, 1, 1, 1, 1, 1, 1, 1, 1, 1, 1, 1, 1, 1, 1, 1, 1, 1, 1, 1, 1, 1, 1, 1, 1, 1, 1, 1, 1, 1, 1, 1, 1, 1, 1, 1, 1, 1, 1, 1, 1, 1, 1, 1, 1, 1, 1, 1, 1, 1, 1, 1, 1, 1, 1, 1, 1, 1, 1, 1, 1, 1, 1, 1, 1, 1, 1, 1, 1, 1, 1, 1, 1, 1, 1, 1, 1, 1, 1, 1, 1, 1, 1, 1, 1, 1, 1, 1, 1, 1, 1, 1, 1, 1, 1, 1, 1, 1, 1, 1, 1, 1, 1, 1, 1, 1, 1, 1, 1, 1, 1, 1, 1, 1, 1, 1, 1, 1, 1, 1, 1, 1, 1, 1, 1, 1, 1, 1, 1, 1, 1, 1, 1, 1, 1, 1, 1, 1, 1, 1, 1, 1, 1, 1, 1, 1, 1, 1, 1, 1, 1, 1, 1, 1, 1, 1, 1, 1, 1, 1, 1, 1, 1, 1, 1, 1, 1, 1, 1, 1, 1, 1, 1, 1, 1, 1, 1, 1, 1, 1, 1, 1, 1, 1, 1, 1, 1, 1, 1, 1, 1, 1, 1, 1, 1, 1, 1, 1, 1, 1, 1, 1, 1, 1, 1, 1, 1, 1, 1, 1, 1, 1, 1, 1, 1, 1, 1, 1, 1, 1, 1, 1, 1, 1, 1, 1, 1, 1, 1, 1, 1, 1, 1, 1, 1, 1, 1, 1, 1, 1, 1, 1, 1, 1, 1, 1, 1, 1, 1, 1, 1, 1, 1, 1, 1, 1, 1, 1, 1, 1, 1, 1, 1, 1, 1, 1, 1, 1, 1, 1, 1, 1, 1, 1, 1, 1, 1, 1, 1, 1, 1, 1, 1, 1, 1, 1, 1, 1, 1, 1, 1, 1, 1, 1, 1, 1, 1, 1, 1, 1, 1, 1, 1, 1, 1, 1, 1, 1, 1, 1, 1, 1, 1, 1, 1, 1, 1, 1, 1, 1, 1, 1, 1, 1, 1, 1, 1, 1, 1, 1, 1, 1, 1, 1, 1, 1, 1, 1, 1, 1, 1, 1, 1, 1, 1, 1, 1, 1, 1, 1, 1, 1, 1, 1, 1, 1, 1, 1, 1, 1, 1, 1, 1, 1, 1, 1, 1, 1, 1, 1, 1, 1, 1, 1, 1, 1, 1, 1, 1, 1, 1, 1]",460,"[0.4088844656944275, 0.4050423800945282, 0.38398268818855286, 0.38672569394111633, 0.4058299660682678, 0.3826683759689331, 0.4285595417022705, 0.3914579451084137, 0.39260777831077576, 0.3832753002643585, 0.41610586643218994, 0.3849681615829468, 0.38736292719841003, 0.6581003069877625, 0.38374871015548706, 0.38806891441345215, 0.41282230615615845, 0.38443973660469055, 0.38469699025154114, 0.4037613570690155, 0.4430221915245056, 0.3826863169670105, 0.3915823996067047, 0.3944009840488434, 0.3843339681625366, 0.3832995891571045, 0.3836173713207245, 0.38275277614593506, 0.3838883936405182, 0.3909391760826111, 0.382822722196579, 0.38429296016693115, 0.41959258913993835, 0.41755425930023193, 0.3827636241912842, 0.48821189999580383, 0.38269665837287903, 0.4168862998485565, 0.4334205687046051, 0.44861170649528503, 0.4018315076828003, 0.39566829800605774, 0.3910242021083832, 0.3899787664413452, 0.38459312915802, 0.38859131932258606, 0.38583725690841675, 0.4015374779701233, 0.3983153998851776, 0.390643835067749, 0.3850075900554657, 0.4264249801635742, 0.3964143395423889, 0.3829694390296936, 0.3920953869819641, 0.42649662494659424, 0.39375266432762146, 0.38811928033828735, 0.4369165897369385, 0.3890099823474884, 0.3826889097690582, 0.3953402042388916, 0.39356881380081177, 0.38469383120536804, 0.41579747200012207, 0.3880741596221924, 0.4026629626750946, 0.38628628849983215, 0.4035381078720093, 0.3865067660808563, 0.38905125856399536, 0.3857635259628296, 0.4048250913619995, 0.38264572620391846, 0.3872183561325073, 0.3903673589229584, 0.38367682695388794, 0.4233357310295105, 0.44596630334854126, 0.413735955953598, 0.382997065782547, 0.38275349140167236, 0.3859958350658417, 0.38755783438682556, 0.4675358533859253, 0.41411715745925903, 0.4055319130420685, 0.39484715461730957, 0.47662609815597534, 0.394581139087677, 0.3956434726715088, 0.3965792953968048, 0.4343753755092621, 0.39137375354766846, 0.3913487195968628, 0.4011012315750122, 0.3889624774456024, 0.38746482133865356, 0.416456937789917, 0.39267703890800476, 0.3826584219932556, 0.40412408113479614, 0.3848820626735687, 0.4122273623943329, 0.390733540058136, 0.3827713131904602, 0.3925655782222748, 0.4178731143474579, 0.415400892496109, 0.40629205107688904, 0.38860997557640076, 0.4699137508869171, 0.5328454971313477, 0.38326209783554077, 0.39301353693008423, 0.450437992811203, 0.39506444334983826, 0.4527571201324463, 0.48082873225212097, 0.38618990778923035, 0.3905979096889496, 0.4073266088962555, 0.47682350873947144, 0.4258749485015869, 0.5413239002227783, 0.42038682103157043, 0.3878442347049713, 0.41728660464286804, 0.3997475802898407, 0.3834259808063507, 0.3841582238674164, 0.4075796902179718, 0.3835689127445221, 0.38695162534713745, 0.3885924518108368, 0.38538333773612976, 0.38692915439605713, 0.3994709849357605, 0.3931199312210083, 0.4209233522415161, 0.39929085969924927, 0.4352656304836273, 0.424773246049881, 0.3831533193588257, 0.3938389718532562, 0.3897779583930969, 0.3906729221343994, 0.42708972096443176, 0.3869154751300812, 0.4145084619522095, 0.3827766478061676, 0.4021092355251312, 0.44517022371292114, 0.38572826981544495, 0.38270702958106995, 0.3987168073654175, 0.39311301708221436, 0.393797367811203, 0.3856915235519409, 0.3854692876338959, 0.3840048611164093, 0.38302433490753174, 0.39029204845428467, 0.39539608359336853, 0.3874987065792084, 0.38322868943214417, 0.3914237916469574, 0.4050108790397644, 0.38607391715049744, 0.4376330077648163, 0.3880373239517212, 0.3951895534992218, 0.38403892517089844, 0.3939346373081207, 0.38424572348594666, 0.38270121812820435, 0.3827901780605316, 0.4324440360069275, 0.43488243222236633, 0.43094128370285034, 0.3838740587234497, 0.38560086488723755, 0.4530423879623413, 0.38291001319885254, 0.3926351070404053, 0.39810389280319214, 0.4010981321334839, 0.4127328395843506, 0.46207714080810547, 0.3883582353591919, 0.38277190923690796, 0.40690693259239197, 0.39011290669441223, 0.4031965732574463, 0.3861789405345917, 0.38338539004325867, 0.3830438554286957, 0.40916743874549866, 0.3906278908252716, 0.38318610191345215, 0.39197394251823425, 0.3879695534706116, 0.3941493332386017, 0.4044971764087677, 0.3840465545654297, 0.3876610994338989, 0.3832447826862335, 0.4299231767654419, 0.3849157392978668, 0.38590508699417114, 0.38282254338264465, 0.3888900876045227, 0.3858898878097534, 0.383095383644104, 0.39081230759620667, 0.45985546708106995, 0.42587608098983765, 0.39721861481666565, 0.3888480067253113, 0.45455440878868103, 0.38902217149734497, 0.38344764709472656, 0.39067620038986206, 0.4272575080394745, 0.38406580686569214, 0.41980215907096863, 0.38284796476364136, 0.3987497091293335, 0.40264785289764404, 0.3903384804725647, 0.38305050134658813, 0.38703635334968567, 0.4155464470386505, 0.38983154296875, 0.3877769708633423, 0.3944055438041687, 0.38680747151374817, 0.41259318590164185, 0.4385664761066437, 0.39207378029823303, 0.3853991627693176, 0.38570332527160645, 0.3879006505012512, 0.39310505986213684, 0.3863734006881714, 0.3863685131072998, 0.3873380422592163, 0.3890698254108429, 0.41804030537605286, 0.3836798071861267, 0.3920292258262634, 0.3993518352508545, 0.39743363857269287, 0.41402503848075867, 0.3872773349285126, 0.3839491903781891, 0.4144209027290344, 0.3829859793186188, 0.4044279158115387, 0.43314945697784424, 0.38335123658180237, 0.424259215593338, 0.38344836235046387, 0.38340190052986145, 0.3979038894176483, 0.3861769735813141, 0.38921883702278137, 0.38273632526397705, 0.3914996385574341, 0.4091733992099762, 0.38306504487991333, 0.4053533673286438, 0.4182010591030121, 0.38277846574783325, 0.3831843137741089, 0.39425766468048096, 0.451578825712204, 0.396494060754776, 0.3835334777832031, 0.3972056210041046, 0.39500606060028076, 0.41079437732696533, 0.3844616413116455, 0.4154810309410095, 0.3836972117424011, 0.38722774386405945, 0.38546857237815857, 0.38275691866874695, 0.38366028666496277, 0.38871943950653076, 0.39862969517707825, 0.39076849818229675, 0.41494086384773254, 0.3948800265789032, 0.3873141407966614, 0.4054727852344513, 0.4699503183364868, 0.4120774567127228, 0.38283780217170715, 0.41122201085090637, 0.3860749900341034, 0.39995965361595154, 0.42490753531455994, 0.4067203998565674, 0.3865034878253937, 0.3922502398490906, 0.46882694959640503, 0.38293343782424927, 0.39342716336250305, 0.40560096502304077, 0.38275250792503357, 0.3831133246421814, 0.395728200674057, 0.39606979489326477, 0.42856696248054504, 0.4114989936351776, 0.4121336340904236, 0.4018130898475647, 0.3992362916469574, 0.40094393491744995, 0.39128607511520386, 0.42954039573669434, 0.3852228820323944, 0.38328057527542114, 0.3973619043827057, 0.401021271944046, 0.39799362421035767, 0.3919150233268738, 0.4828116297721863, 0.43740978837013245, 0.38528957962989807, 0.39792507886886597, 0.3827488422393799, 0.41028735041618347, 0.38451388478279114, 0.41568148136138916, 0.4271087348461151, 0.4050065279006958, 0.44420674443244934, 0.3957531452178955, 0.39750248193740845, 0.41774341464042664, 0.4248155653476715, 0.38273295760154724, 0.38612475991249084, 0.40579676628112793, 0.39806458353996277, 0.38515937328338623, 0.4112929105758667, 0.42275282740592957, 0.39469659328460693, 0.4158344268798828, 0.42958664894104004, 0.3840072751045227, 0.3924359381198883, 0.4709077477455139, 0.38294482231140137, 0.39837631583213806, 0.3846913278102875, 0.40334659814834595, 0.5306072235107422, 0.3975350558757782, 0.39144110679626465, 0.38288310170173645, 0.4076056182384491, 0.414291113615036, 0.5165920257568359, 0.38428032398223877, 0.3832012414932251, 0.38548848032951355, 0.38299673795700073, 0.40113961696624756, 0.3981412649154663, 0.3858391046524048, 0.40472525358200073, 0.39884698390960693, 0.39991626143455505, 0.3902975916862488, 0.39510780572891235, 0.38639840483665466, 0.4025598168373108, 0.38543665409088135, 0.40128830075263977, 0.3858315646648407, 0.3878989815711975, 0.40049663186073303, 0.4009031355381012, 0.3836893141269684, 0.3891710340976715, 0.4081212878227234, 0.3842993974685669, 0.3829466998577118, 0.38435688614845276, 0.3863956928253174, 0.3835529088973999, 0.40552452206611633, 0.39151909947395325, 0.3999299705028534, 0.38749992847442627, 0.38808077573776245, 0.3864949345588684, 0.39611634612083435, 0.3942245543003082, 0.38746947050094604, 0.406526654958725, 0.38462960720062256, 0.40690353512763977, 0.4018898904323578, 0.41898608207702637, 0.39326441287994385, 0.38278713822364807, 0.38317254185676575, 0.39740315079689026, 0.3828478753566742, 0.3876361846923828, 0.4003811776638031, 0.3894881308078766, 0.3836473524570465, 0.38275277614593506, 0.405977338552475, 0.3938928544521332, 0.4263122081756592, 0.45849210023880005, 0.6086722612380981, 0.4412951171398163, 0.38449352979660034, 0.4007321298122406, 0.3827425241470337, 0.38279181718826294, 0.3831859529018402, 0.391012966632843, 0.3961542248725891, 0.38756924867630005, 0.38309940695762634, 0.4190491735935211, 0.3827444911003113, 0.40336644649505615, 0.41505879163742065, 0.38803982734680176, 0.4286288022994995, 0.466073602437973, 0.38684970140457153, 0.39081576466560364, 0.3858484923839569, 0.3834216296672821, 0.38710400462150574, 0.3840363323688507, 0.390196293592453, 0.3975171744823456, 0.3834923207759857, 0.41504964232444763, 0.40319550037384033, 0.3986316919326782, 0.421586275100708, 0.3835579752922058, 0.3872297704219818, 0.3913421928882599, 0.38313835859298706, 0.3916006088256836, 0.4146214723587036]",1.0,"[2.0, 1.0, 1.0, 1.0, 1.0, 1.0, 1.0, 1.0, 1.0, 1.0, 1.0, 1.0, 1.0, 1.0, 1.0, 1.0, 1.0, 1.0, 1.0, 1.0, 1.0, 1.0, 1.0, 1.0, 1.0, 1.0, 1.0, 1.0, 1.0, 1.0, 1.0, 1.0, 1.0, 1.0, 1.0, 1.0, 1.0, 1.0, 1.0, 1.0, 1.0, 1.0, 1.0, 1.0, 1.0, 1.0, 1.0, 1.0, 1.0, 1.0, 1.0, 1.0, 1.0, 1.0, 1.0, 1.0, 1.0, 1.0, 1.0, 1.0, 1.0, 1.0, 1.0, 1.0, 1.0, 1.0, 1.0, 1.0, 1.0, 1.0, 1.0, 1.0, 1.0, 1.0, 1.0, 1.0, 1.0, 1.0, 1.0, 1.0, 1.0, 1.0, 1.0, 1.0, 1.0, 1.0, 1.0, 1.0, 1.0, 1.0, 1.0, 1.0, 1.0, 1.0, 1.0, 1.0, 1.0, 1.0, 1.0, 1.0, 1.0, 1.0, 1.0, 1.0, 1.0, 1.0, 1.0, 1.0, 1.0, 1.0, 1.0, 1.0, 1.0, 1.0, 1.0, 1.0, 1.0, 1.0, 1.0, 1.0, 1.0, 1.0, 1.0, 1.0, 1.0, 1.0, 1.0, 1.0, 1.0, 1.0, 1.0, 1.0, 1.0, 1.0, 1.0, 1.0, 1.0, 1.0, 1.0, 1.0, 1.0, 1.0, 1.0, 1.0, 1.0, 1.0, 1.0, 1.0, 1.0, 1.0, 1.0, 1.0, 1.0, 1.0, 1.0, 1.0, 1.0, 1.0, 1.0, 1.0, 1.0, 1.0, 1.0, 1.0, 1.0, 1.0, 1.0, 1.0, 1.0, 1.0, 1.0, 1.0, 1.0, 1.0, 1.0, 1.0, 1.0, 1.0, 1.0, 1.0, 1.0, 1.0, 1.0, 1.0, 1.0, 1.0, 1.0, 1.0, 1.0, 1.0, 1.0, 1.0, 1.0, 1.0, 1.0, 1.0, 1.0, 1.0, 1.0, 1.0, 1.0, 1.0, 1.0, 1.0, 1.0, 1.0, 1.0, 1.0, 1.0, 1.0, 1.0, 1.0, 1.0, 1.0, 1.0, 1.0, 1.0, 1.0, 1.0, 1.0, 1.0, 1.0, 1.0, 1.0, 1.0, 1.0, 1.0, 1.0, 1.0, 1.0, 1.0, 1.0, 1.0, 1.0, 1.0, 1.0, 1.0, 1.0, 1.0, 1.0, 1.0, 1.0, 1.0, 1.0, 1.0, 1.0, 1.0, 1.0, 1.0, 1.0, 1.0, 1.0, 1.0, 1.0, 1.0, 1.0, 1.0, 1.0, 1.0, 1.0, 1.0, 1.0, 1.0, 1.0, 1.0, 1.0, 1.0, 1.0, 1.0, 1.0, 1.0, 1.0, 1.0, 1.0, 1.0, 1.0, 1.0, 1.0, 1.0, 1.0, 1.0, 1.0, 1.0, 1.0, 1.0, 1.0, 1.0, 1.0, 1.0, 1.0, 1.0, 1.0, 1.0, 1.0, 1.0, 1.0, 1.0, 1.0, 1.0, 1.0, 1.0, 1.0, 1.0, 1.0, 1.0, 1.0, 1.0, 1.0, 1.0, 1.0, 1.0, 1.0, 1.0, 1.0, 1.0, 1.0, 1.0, 1.0, 1.0, 1.0, 1.0, 1.0, 1.0, 1.0, 1.0, 1.0, 1.0, 1.0, 1.0, 1.0, 1.0, 1.0, 1.0, 1.0, 1.0, 1.0, 1.0, 1.0, 1.0, 1.0, 1.0, 1.0, 1.0, 1.0, 1.0, 1.0, 1.0, 1.0, 1.0, 1.0, 1.0, 1.0, 1.0, 1.0, 1.0, 1.0, 1.0, 1.0, 1.0, 1.0, 1.0, 1.0, 1.0, 1.0, 1.0, 1.0, 1.0, 1.0, 1.0, 1.0, 1.0, 1.0, 1.0, 1.0, 1.0, 1.0, 1.0, 1.0, 1.0, 1.0, 1.0, 1.0, 1.0, 1.0, 1.0, 1.0, 1.0, 1.0, 1.0, 1.0, 1.0, 1.0, 1.0, 1.0, 1.0, 1.0, 1.0, 1.0, 1.0, 1.0, 1.0, 1.0, 1.0, 1.0, 1.0, 1.0, 1.0, 1.0, 1.0, 1.0, 1.0, 1.0, 1.0, 1.0, 1.0, 1.0, 1.0, 1.0, 1.0, 1.0, 1.0, 1.0, 1.0, 1.0, 1.0, 1.0, 1.0, 1.0, 1.0, 1.0, 1.0, 1.0, 1.0, 1.0, 1.0, 1.0, 1.0, 1.0, 1.0, 1.0, 1.0, 1.0, 1.0, 1.0, 1.0, 1.0, 1.0, 1.0, 1.0, 1.0, 1.0, 1.0, 1.0, 1.0, 1.0, 1.0, 1.0, 1.0, 1.0, 1.0]",COMPLETE
