,number,value,datetime_start,datetime_complete,duration,params_batch_size_scaler,params_constant_learning_rate,params_depth,params_epochs,params_kernel_l2,params_num_trees,params_temperature,user_attrs_accuracy_test,user_attrs_accuracy_valid,user_attrs_approximate_feature_sparsity,user_attrs_approximate_feature_sparsity_history,user_attrs_approximate_weight_sparsity,user_attrs_approximate_weight_sparsity_history,user_attrs_auc_test,user_attrs_auc_valid,user_attrs_feature_sparsity,user_attrs_feature_sparsity_history,user_attrs_num_epochs,user_attrs_val_loss_history,user_attrs_weight_sparsity,user_attrs_weight_sparsity_history,state
62,62,0.8421635686774613,2024-08-31 03:05:20.880212,2024-08-31 03:10:57.980227,0 days 00:05:37.100015,4,3.1045220692703412,5,370,0.018505413408500634,19,0.0002577146434576212,0.886,0.8625,18,"[33, 33, 33, 33, 33, 33, 33, 30, 29, 28, 28, 27, 26, 26, 26, 26, 26, 26, 26, 26, 26, 26, 26, 26, 26, 26, 26, 26, 26, 26, 26, 26, 26, 26, 26, 26, 26, 26, 26, 26, 26, 26, 25, 25, 25, 25, 25, 25, 25, 25, 25, 25, 25, 25, 25, 25, 25, 25, 25, 25, 25, 25, 25, 25, 25, 25, 25, 25, 25, 25, 25, 25, 25, 25, 25, 25, 25, 25, 25, 25, 25, 25, 25, 25, 25, 25, 25, 25, 25, 25, 25, 25, 24, 24, 24, 24, 24, 24, 24, 24, 24, 24, 24, 24, 24, 24, 24, 24, 24, 23, 23, 23, 23, 23, 23, 23, 23, 23, 23, 23, 23, 23, 23, 23, 23, 23, 23, 23, 23, 23, 23, 23, 23, 23, 23, 23, 23, 23, 23, 23, 23, 23, 23, 23, 23, 23, 23, 23, 23, 23, 23, 23, 23, 23, 23, 23, 23, 23, 23, 23, 23, 23, 22, 22, 22, 22, 22, 22, 22, 22, 22, 22, 22, 22, 22, 22, 22, 22, 22, 22, 22, 22, 22, 22, 22, 22, 22, 22, 22, 22, 22, 22, 22, 22, 22, 22, 22, 22, 22, 22, 22, 22, 22, 22, 22, 22, 22, 22, 21, 21, 21, 21, 21, 21, 21, 21, 21, 21, 21, 21, 21, 21, 21, 21, 21, 21, 21, 21, 21, 21, 21, 21, 21, 21, 21, 21, 21, 21, 21, 21, 21, 21, 21, 21, 21, 21, 21, 21, 21, 21, 21, 21, 21, 21, 21, 21, 21, 21, 21, 21, 20, 20, 20, 20, 20, 20, 20, 20, 20, 20, 20, 20, 20, 20, 20, 20, 20, 20, 20, 20, 20, 20, 20, 20, 20, 20, 20, 20, 20, 20, 20, 20, 20, 20, 20, 20, 20, 20, 20, 20, 20, 20, 20, 20, 20, 20, 20, 20, 20, 20, 20, 20, 20, 20, 20, 20, 20, 20, 20, 20, 20, 20, 20, 20, 20, 20, 20, 20, 20, 20, 20, 20, 20, 20, 20, 20, 20, 20, 20, 20, 20, 20, 20, 18, 18, 18, 18, 18, 18, 18, 18, 18, 18, 18, 18, 18, 18, 18, 18, 18, 18, 18, 18, 18, 18, 18, 18, 18, 18, 18]",17.92869269949066,"[32.97623089983022, 32.97283531409168, 32.964346349745334, 32.97623089983022, 32.96774193548387, 32.959252971137516, 32.964346349745334, 29.966044142614603, 28.97623089983022, 27.97453310696095, 27.97113752122241, 26.966044142614603, 25.98641765704584, 25.97962648556876, 25.97962648556876, 25.97962648556876, 25.983022071307303, 25.972835314091682, 25.964346349745334, 25.96264855687606, 25.96943972835314, 25.976230899830224, 25.960950764006792, 25.96264855687606, 25.97623089983022, 25.964346349745334, 25.97453310696095, 25.96434634974533, 25.967741935483872, 25.97792869269949, 25.97453310696095, 25.967741935483872, 25.977928692699493, 25.97453310696095, 25.984719864176572, 25.977928692699493, 25.98641765704584, 25.97283531409168, 25.981324278438034, 25.972835314091682, 25.972835314091682, 25.9830220713073, 24.97792869269949, 24.972835314091682, 24.977928692699493, 24.97623089983022, 24.98641765704584, 24.98132427843803, 24.98132427843803, 24.983022071307303, 24.97113752122241, 24.972835314091682, 24.97113752122241, 24.967741935483872, 24.960950764006792, 24.976230899830224, 24.97623089983022, 24.96434634974533, 24.96943972835314, 24.971137521222413, 24.972835314091682, 24.97623089983022, 24.96943972835314, 24.962648556876058, 24.97283531409168, 24.96774193548387, 24.95246179966044, 24.9660441426146, 24.96943972835314, 24.96434634974533, 24.966044142614603, 24.96264855687606, 24.967741935483872, 24.98132427843803, 24.96264855687606, 24.97453310696095, 24.97113752122241, 24.966044142614603, 24.96264855687606, 24.97453310696095, 24.96943972835314, 24.964346349745334, 24.96434634974533, 24.960950764006792, 24.959252971137524, 24.966044142614603, 24.96264855687606, 24.95925297113752, 24.9660441426146, 24.97113752122241, 24.971137521222413, 24.95925297113752, 23.960950764006792, 23.964346349745334, 23.959252971137524, 23.979626485568758, 23.967741935483872, 23.96434634974533, 23.96943972835314, 23.97623089983022, 23.974533106960955, 23.972835314091682, 23.964346349745334, 23.96264855687606, 23.964346349745334, 23.96774193548387, 23.9660441426146, 23.967741935483872, 23.967741935483872, 22.9660441426146, 22.95925297113752, 22.96264855687606, 22.96264855687606, 22.97453310696095, 22.96434634974533, 22.972835314091682, 22.9660441426146, 22.969439728353144, 22.96095076400679, 22.95755517826825, 22.95755517826825, 22.964346349745334, 22.959252971137524, 22.96264855687606, 22.95755517826825, 22.960950764006792, 22.955857385398982, 22.96264855687606, 22.96264855687606, 22.955857385398982, 22.949066213921903, 22.95925297113752, 22.96434634974533, 22.960950764006792, 22.95755517826825, 22.972835314091682, 22.94567062818336, 22.95585738539898, 22.95246179966044, 22.96264855687606, 22.95415959252971, 22.96434634974533, 22.959252971137524, 22.96095076400679, 22.955857385398982, 22.95755517826825, 22.96264855687606, 22.959252971137524, 22.95925297113752, 22.943972835314092, 22.94736842105263, 22.94227504244482, 22.949066213921903, 22.955857385398982, 22.9490662139219, 22.932088285229202, 22.94227504244482, 22.9320882852292, 22.935483870967744, 22.94736842105263, 22.945670628183358, 22.94057724957555, 21.955857385398982, 21.94227504244482, 21.95246179966044, 21.972835314091682, 21.95755517826825, 21.95246179966044, 21.95415959252971, 21.93887945670628, 21.93887945670628, 21.93887945670628, 21.94736842105263, 21.943972835314092, 21.94567062818336, 21.94227504244482, 21.93887945670628, 21.94227504244482, 21.945670628183365, 21.95076400679117, 21.94736842105263, 21.94227504244482, 21.94736842105263, 21.940577249575554, 21.949066213921903, 21.954159592529713, 21.95076400679117, 21.952461799660444, 21.954159592529713, 21.95755517826825, 21.949066213921903, 21.93718166383701, 21.94567062818336, 21.94567062818336, 21.949066213921903, 21.932088285229202, 21.940577249575554, 21.940577249575554, 21.935483870967744, 21.93378607809847, 21.93548387096774, 21.930390492359933, 21.930390492359933, 21.930390492359933, 21.93548387096774, 21.930390492359933, 21.918505942275043, 21.930390492359933, 20.926994906621392, 20.911714770797964, 20.935483870967744, 20.942275042444823, 20.935483870967744, 20.93378607809847, 20.93887945670628, 20.935483870967744, 20.930390492359933, 20.942275042444823, 20.925297113752123, 20.92869269949066, 20.925297113752123, 20.937181663837013, 20.926994906621392, 20.925297113752123, 20.92359932088285, 20.930390492359933, 20.923599320882854, 20.937181663837013, 20.93039049235993, 20.942275042444823, 20.928692699490664, 20.932088285229202, 20.935483870967744, 20.915110356536502, 20.920203735144312, 20.92869269949066, 20.930390492359933, 20.926994906621392, 20.92869269949066, 20.920203735144312, 20.93378607809847, 20.93887945670628, 20.932088285229202, 20.93887945670628, 20.932088285229202, 20.932088285229202, 20.92359932088285, 20.926994906621392, 20.935483870967744, 20.91171477079796, 20.932088285229202, 20.935483870967744, 20.93887945670628, 20.93378607809847, 20.928692699490664, 20.923599320882854, 20.92190152801358, 20.920203735144312, 20.901528013582343, 20.915110356536502, 19.908319185059423, 19.911714770797964, 19.913412563667233, 19.91171477079796, 19.903225806451612, 19.92190152801358, 19.93378607809847, 19.918505942275043, 19.918505942275043, 19.913412563667233, 19.923599320882854, 19.911714770797964, 19.8981324278438, 19.894736842105264, 19.898132427843805, 19.891341256366722, 19.89303904923599, 19.889643463497453, 19.891341256366722, 19.881154499151105, 19.874363327674022, 19.86926994906621, 19.860780984719863, 19.869269949066215, 19.869269949066215, 19.886247877758912, 19.8811544991511, 19.89983022071307, 19.89303904923599, 19.876061120543294, 19.887945670628184, 19.87606112054329, 19.879456706281836, 19.886247877758912, 19.887945670628184, 19.879456706281836, 19.879456706281836, 19.876061120543294, 19.877758913412563, 19.889643463497453, 19.8811544991511, 19.870967741935484, 19.884550084889643, 19.886247877758912, 19.879456706281836, 19.872665534804753, 19.8811544991511, 19.889643463497453, 19.887945670628184, 19.870967741935484, 19.870967741935488, 19.882852292020374, 19.867572156196943, 19.869269949066215, 19.865874363327674, 19.847198641765704, 19.857385398981325, 19.85738539898132, 19.870967741935484, 19.85738539898132, 19.864176570458405, 19.860780984719863, 19.879456706281832, 19.864176570458405, 19.879456706281832, 19.860780984719863, 19.847198641765704, 19.847198641765704, 19.848896434634977, 19.842105263157894, 19.845500848896435, 19.842105263157894, 19.845500848896435, 19.842105263157897, 19.837011884550087, 19.852292020373515, 19.847198641765704, 19.848896434634973, 19.837011884550083, 19.838709677419356, 19.860780984719867, 19.845500848896435, 19.864176570458405, 17.882852292020374, 17.884550084889643, 17.899830220713074, 17.90492359932088, 17.891341256366722, 17.903225806451612, 17.91341256366723, 17.915110356536502, 17.916808149405774, 17.911714770797964, 17.88964346349745, 17.91001697792869, 17.920203735144312, 17.915110356536502, 17.906621392190154, 17.91001697792869, 17.915110356536502, 17.932088285229202, 17.915110356536502, 17.920203735144312, 17.89983022071307, 17.91001697792869, 17.932088285229202, 17.92190152801358, 17.928692699490664, 17.926994906621392, 17.92869269949066]",0.8563231202371222,0.8421635686774613,18,"[33, 33, 33, 33, 33, 33, 33, 30, 29, 28, 28, 27, 26, 26, 26, 26, 26, 26, 26, 26, 26, 26, 26, 26, 26, 26, 26, 26, 26, 26, 26, 26, 26, 26, 26, 26, 26, 26, 26, 26, 26, 26, 25, 25, 25, 25, 25, 25, 25, 25, 25, 25, 25, 25, 25, 25, 25, 25, 25, 25, 25, 25, 25, 25, 25, 25, 25, 25, 25, 25, 25, 25, 25, 25, 25, 25, 25, 25, 25, 25, 25, 25, 25, 25, 25, 25, 25, 25, 25, 25, 25, 25, 24, 24, 24, 24, 24, 24, 24, 24, 24, 24, 24, 24, 24, 24, 24, 24, 24, 23, 23, 23, 23, 23, 23, 23, 23, 23, 23, 23, 23, 23, 23, 23, 23, 23, 23, 23, 23, 23, 23, 23, 23, 23, 23, 23, 23, 23, 23, 23, 23, 23, 23, 23, 23, 23, 23, 23, 23, 23, 23, 23, 23, 23, 23, 23, 23, 23, 23, 23, 23, 23, 22, 22, 22, 22, 22, 22, 22, 22, 22, 22, 22, 22, 22, 22, 22, 22, 22, 22, 22, 22, 22, 22, 22, 22, 22, 22, 22, 22, 22, 22, 22, 22, 22, 22, 22, 22, 22, 22, 22, 22, 22, 22, 22, 22, 22, 22, 21, 21, 21, 21, 21, 21, 21, 21, 21, 21, 21, 21, 21, 21, 21, 21, 21, 21, 21, 21, 21, 21, 21, 21, 21, 21, 21, 21, 21, 21, 21, 21, 21, 21, 21, 21, 21, 21, 21, 21, 21, 21, 21, 21, 21, 21, 21, 21, 21, 21, 21, 21, 20, 20, 20, 20, 20, 20, 20, 20, 20, 20, 20, 20, 20, 20, 20, 20, 20, 20, 20, 20, 20, 20, 20, 20, 20, 20, 20, 20, 20, 20, 20, 20, 20, 20, 20, 20, 20, 20, 20, 20, 20, 20, 20, 20, 20, 20, 20, 20, 20, 20, 20, 20, 20, 20, 20, 20, 20, 20, 20, 20, 20, 20, 20, 20, 20, 20, 20, 20, 20, 20, 20, 20, 20, 20, 20, 20, 20, 20, 20, 20, 20, 20, 20, 18, 18, 18, 18, 18, 18, 18, 18, 18, 18, 18, 18, 18, 18, 18, 18, 18, 18, 18, 18, 18, 18, 18, 18, 18, 18, 18]",370,"[0.3360137939453125, 0.27853596210479736, 0.2465173751115799, 0.23225361108779907, 0.22592613101005554, 0.2156243473291397, 0.20342397689819336, 0.19693145155906677, 0.19356119632720947, 0.19090135395526886, 0.19855716824531555, 0.19077131152153015, 0.17959998548030853, 0.17385175824165344, 0.18020929396152496, 0.1774948686361313, 0.19920982420444489, 0.17719192802906036, 0.1729699969291687, 0.17776501178741455, 0.18426954746246338, 0.20039567351341248, 0.19066311419010162, 0.17334379255771637, 0.17692384123802185, 0.18325266242027283, 0.1804584264755249, 0.17899461090564728, 0.1882324367761612, 0.17529672384262085, 0.1682395040988922, 0.18628759682178497, 0.18692709505558014, 0.19362100958824158, 0.18953587114810944, 0.19051946699619293, 0.20575132966041565, 0.18507587909698486, 0.2041475623846054, 0.198954775929451, 0.19481207430362701, 0.19584320485591888, 0.21354176104068756, 0.1898316890001297, 0.20731839537620544, 0.21033234894275665, 0.20025968551635742, 0.2010350078344345, 0.20666038990020752, 0.2502519190311432, 0.21560248732566833, 0.21840806305408478, 0.21187293529510498, 0.22012166678905487, 0.2336311787366867, 0.2146923840045929, 0.2176010012626648, 0.23690944910049438, 0.2288484126329422, 0.22516818344593048, 0.233625590801239, 0.23541618883609772, 0.24455119669437408, 0.23540614545345306, 0.24973492324352264, 0.24115751683712006, 0.26367688179016113, 0.26087793707847595, 0.2521435022354126, 0.26157012581825256, 0.28151819109916687, 0.2828444540500641, 0.2592153251171112, 0.26964592933654785, 0.2651054263114929, 0.2749369442462921, 0.2982253134250641, 0.27596068382263184, 0.26932284235954285, 0.274494469165802, 0.2975878417491913, 0.2801738977432251, 0.27989235520362854, 0.28268659114837646, 0.29223117232322693, 0.27804842591285706, 0.28387829661369324, 0.2907254695892334, 0.2865208387374878, 0.3045135736465454, 0.2819388210773468, 0.2896178960800171, 0.3107783794403076, 0.3037867248058319, 0.29829901456832886, 0.31824201345443726, 0.3036773204803467, 0.290703684091568, 0.3012583255767822, 0.3085406422615051, 0.29570773243904114, 0.298665314912796, 0.3201289772987366, 0.31935593485832214, 0.31528082489967346, 0.3113492727279663, 0.30986934900283813, 0.33228448033332825, 0.3013402223587036, 0.3912222385406494, 0.337856650352478, 0.38318589329719543, 0.32803109288215637, 0.3469405472278595, 0.3263911306858063, 0.32559433579444885, 0.32362234592437744, 0.32285621762275696, 0.3252550959587097, 0.31966936588287354, 0.3259636163711548, 0.3214032053947449, 0.318602055311203, 0.32440945506095886, 0.33834293484687805, 0.3256687521934509, 0.34111514687538147, 0.3261018991470337, 0.3254236876964569, 0.33182018995285034, 0.32859838008880615, 0.3304178714752197, 0.3248113691806793, 0.3343583345413208, 0.32787662744522095, 0.3322773277759552, 0.3327217400074005, 0.33806660771369934, 0.3373495042324066, 0.3342825770378113, 0.3289576470851898, 0.3392144739627838, 0.34237387776374817, 0.3334444761276245, 0.33482855558395386, 0.33780983090400696, 0.3312256634235382, 0.3455929458141327, 0.3463272452354431, 0.3336515426635742, 0.33490344882011414, 0.3367736339569092, 0.34394675493240356, 0.3316301107406616, 0.34548550844192505, 0.33216723799705505, 0.34361857175827026, 0.3444857895374298, 0.3504207730293274, 0.33564215898513794, 0.35567229986190796, 0.34405261278152466, 0.4080059826374054, 0.4401240944862366, 0.4500778317451477, 0.4253099858760834, 0.38013678789138794, 0.36450281739234924, 0.368276447057724, 0.3636138141155243, 0.3683989346027374, 0.3563912510871887, 0.3649977743625641, 0.36824271082878113, 0.35205283761024475, 0.3607684075832367, 0.3622954487800598, 0.35528233647346497, 0.35944175720214844, 0.357553094625473, 0.3579864799976349, 0.363127201795578, 0.3635505437850952, 0.3588290512561798, 0.35599181056022644, 0.3644612431526184, 0.3681119978427887, 0.356067955493927, 0.3674703538417816, 0.36117061972618103, 0.35743430256843567, 0.3604200482368469, 0.3575308918952942, 0.3651968836784363, 0.3533701002597809, 0.35914888978004456, 0.35842835903167725, 0.35856783390045166, 0.35773587226867676, 0.3560956120491028, 0.36578619480133057, 0.3626139163970947, 0.37703993916511536, 0.3694852888584137, 0.3609876334667206, 0.3636053800582886, 0.3670227527618408, 0.3625505566596985, 0.38381654024124146, 0.5728808045387268, 0.6047413349151611, 0.4383789002895355, 0.3947879374027252, 0.3780416250228882, 0.36743271350860596, 0.3644147515296936, 0.3562897741794586, 0.36639925837516785, 0.37019625306129456, 0.38124892115592957, 0.37408217787742615, 0.3794756829738617, 0.3721400499343872, 0.3726547956466675, 0.38100388646125793, 0.3738924264907837, 0.3683101534843445, 0.37555432319641113, 0.384039044380188, 0.3676585257053375, 0.37410831451416016, 0.3755292594432831, 0.38729536533355713, 0.3720375895500183, 0.3794936239719391, 0.3792026937007904, 0.3803982138633728, 0.3760404586791992, 0.37960997223854065, 0.38071590662002563, 0.3758470118045807, 0.37606775760650635, 0.3880591094493866, 0.37667664885520935, 0.38340646028518677, 0.3736095428466797, 0.3870115280151367, 0.3827202618122101, 0.3799095153808594, 0.38725215196609497, 0.38593968749046326, 0.3780896067619324, 0.3846133351325989, 0.3789355754852295, 0.3805243670940399, 0.37790530920028687, 0.3981702923774719, 0.39216744899749756, 0.3908945918083191, 0.39173421263694763, 0.5277600288391113, 0.9570214748382568, 0.5263745784759521, 0.41669222712516785, 0.42748817801475525, 0.41357502341270447, 0.42793726921081543, 0.41024646162986755, 0.41658297181129456, 0.40625452995300293, 0.40416157245635986, 0.4025656580924988, 0.39498353004455566, 0.3970429599285126, 0.40069156885147095, 0.3938482701778412, 0.3931429982185364, 0.3983934819698334, 0.3952060639858246, 0.3979754149913788, 0.38793566823005676, 0.3911241292953491, 0.39471015334129333, 0.3912263810634613, 0.39015448093414307, 0.3892320394515991, 0.3969724178314209, 0.3931114077568054, 0.37614673376083374, 0.3868893086910248, 0.3870549499988556, 0.3832857608795166, 0.3857499659061432, 0.3918735980987549, 0.38595908880233765, 0.3843802213668823, 0.3852640986442566, 0.3840179145336151, 0.37928807735443115, 0.38522911071777344, 0.37889695167541504, 0.3831499218940735, 0.3837229609489441, 0.37912505865097046, 0.3809679448604584, 0.3841555118560791, 0.3845716416835785, 0.38620156049728394, 0.38430702686309814, 0.3907190263271332, 0.3903026282787323, 0.3989085853099823, 0.3937123119831085, 0.3862347900867462, 0.3945888578891754, 0.39449092745780945, 0.3858303725719452, 0.38151028752326965, 0.39725226163864136, 0.38202548027038574, 0.40309250354766846, 0.38826701045036316, 0.39750075340270996, 0.3928448557853699, 0.38690078258514404, 0.387144535779953, 0.40207043290138245, 0.4058205485343933, 0.4005317687988281, 0.390956312417984, 0.3850437104701996, 0.39743080735206604, 0.4119952917098999, 0.4058016240596771, 0.4043211042881012, 0.3935562074184418, 0.40006256103515625, 0.4018148183822632, 0.3924926519393921, 0.39760416746139526, 0.3916044235229492, 0.41044116020202637, 0.3886025547981262, 0.7907117605209351, 0.4817192852497101, 0.48173385858535767, 0.4287739098072052, 0.411721795797348, 0.40749871730804443, 0.44248726963996887, 0.5155853629112244, 0.5061208605766296, 0.44295281171798706, 0.4672166407108307, 0.49522513151168823, 0.4657873511314392, 0.508724570274353, 0.5354860424995422, 0.5317626595497131, 0.5277536511421204, 0.5221197009086609, 0.5214605927467346, 0.5455753803253174, 0.5512401461601257, 0.574798583984375, 0.5615768432617188, 0.5621386766433716, 0.5792738795280457, 0.5828371644020081, 0.6063126921653748]",18.0,"[33.0, 33.0, 33.0, 33.0, 33.0, 33.0, 33.0, 30.0, 29.0, 28.0, 28.0, 27.0, 26.0, 26.0, 26.0, 26.0, 26.0, 26.0, 26.0, 26.0, 26.0, 26.0, 26.0, 26.0, 26.0, 26.0, 26.0, 26.0, 26.0, 26.0, 26.0, 26.0, 26.0, 26.0, 26.0, 26.0, 26.0, 26.0, 26.0, 26.0, 26.0, 26.0, 25.0, 25.0, 25.0, 25.0, 25.0, 25.0, 25.0, 25.0, 25.0, 25.0, 25.0, 25.0, 25.0, 25.0, 25.0, 25.0, 25.0, 25.0, 25.0, 25.0, 25.0, 25.0, 25.0, 25.0, 25.0, 25.0, 25.0, 25.0, 25.0, 25.0, 25.0, 25.0, 25.0, 25.0, 25.0, 25.0, 25.0, 25.0, 25.0, 25.0, 25.0, 25.0, 25.0, 25.0, 25.0, 25.0, 25.0, 25.0, 25.0, 25.0, 24.0, 24.0, 24.0, 24.0, 24.0, 24.0, 24.0, 24.0, 24.0, 24.0, 24.0, 24.0, 24.0, 24.0, 24.0, 24.0, 24.0, 23.0, 23.0, 23.0, 23.0, 23.0, 23.0, 23.0, 23.0, 23.0, 23.0, 23.0, 23.0, 23.0, 23.0, 23.0, 23.0, 23.0, 23.0, 23.0, 23.0, 23.0, 23.0, 23.0, 23.0, 23.0, 23.0, 23.0, 23.0, 23.0, 23.0, 23.0, 23.0, 23.0, 23.0, 23.0, 23.0, 23.0, 23.0, 23.0, 23.0, 23.0, 23.0, 23.0, 23.0, 23.0, 23.0, 23.0, 23.0, 23.0, 23.0, 23.0, 23.0, 23.0, 22.0, 22.0, 22.0, 22.0, 22.0, 22.0, 22.0, 22.0, 22.0, 22.0, 22.0, 22.0, 22.0, 22.0, 22.0, 22.0, 22.0, 22.0, 22.0, 22.0, 22.0, 22.0, 22.0, 22.0, 22.0, 22.0, 22.0, 22.0, 22.0, 22.0, 22.0, 22.0, 22.0, 22.0, 22.0, 22.0, 22.0, 22.0, 22.0, 22.0, 22.0, 22.0, 22.0, 22.0, 22.0, 22.0, 21.0, 21.0, 21.0, 21.0, 21.0, 21.0, 21.0, 21.0, 21.0, 21.0, 21.0, 21.0, 21.0, 21.0, 21.0, 21.0, 21.0, 21.0, 21.0, 21.0, 21.0, 21.0, 21.0, 21.0, 21.0, 21.0, 21.0, 21.0, 21.0, 21.0, 21.0, 21.0, 21.0, 21.0, 21.0, 21.0, 21.0, 21.0, 21.0, 21.0, 21.0, 21.0, 21.0, 21.0, 21.0, 21.0, 21.0, 21.0, 21.0, 21.0, 21.0, 21.0, 20.0, 20.0, 20.0, 20.0, 20.0, 20.0, 20.0, 20.0, 20.0, 20.0, 20.0, 20.0, 20.0, 20.0, 20.0, 20.0, 20.0, 20.0, 20.0, 20.0, 20.0, 20.0, 20.0, 20.0, 20.0, 20.0, 20.0, 20.0, 20.0, 20.0, 20.0, 20.0, 20.0, 20.0, 20.0, 20.0, 20.0, 20.0, 20.0, 20.0, 20.0, 20.0, 20.0, 20.0, 20.0, 20.0, 20.0, 20.0, 20.0, 20.0, 20.0, 20.0, 20.0, 20.0, 20.0, 20.0, 20.0, 20.0, 20.0, 20.0, 20.0, 20.0, 20.0, 20.0, 20.0, 20.0, 20.0, 20.0, 20.0, 20.0, 20.0, 20.0, 20.0, 20.0, 20.0, 20.0, 20.0, 20.0, 20.0, 20.0, 20.0, 20.0, 20.0, 18.0, 18.0, 18.0, 18.0, 18.0, 18.0, 18.0, 18.0, 18.0, 18.0, 18.0, 18.0, 18.0, 18.0, 18.0, 18.0, 18.0, 18.0, 18.0, 18.0, 18.0, 18.0, 18.0, 18.0, 18.0, 18.0, 18.0]",COMPLETE
