,number,value,datetime_start,datetime_complete,duration,params_batch_size_scaler,params_constant_learning_rate,params_depth,params_epochs,params_kernel_l2,params_num_trees,params_temperature,user_attrs_accuracy_test,user_attrs_accuracy_valid,user_attrs_approximate_feature_sparsity,user_attrs_approximate_feature_sparsity_history,user_attrs_approximate_weight_sparsity,user_attrs_approximate_weight_sparsity_history,user_attrs_auc_test,user_attrs_auc_valid,user_attrs_feature_sparsity,user_attrs_feature_sparsity_history,user_attrs_num_epochs,user_attrs_val_loss_history,user_attrs_weight_sparsity,user_attrs_weight_sparsity_history,state
5,5,0.8910357975551004,2024-08-31 00:49:35.897111,2024-08-31 00:51:01.630354,0 days 00:01:25.733243,1,0.10102250505453401,2,170,0.34094573530037264,74,0.0069995819566768544,0.925,0.92625,7,"[33, 33, 33, 33, 33, 33, 33, 30, 22, 17, 16, 14, 14, 14, 14, 14, 14, 14, 13, 10, 9, 9, 8, 8, 8, 8, 8, 8, 8, 8, 8, 8, 8, 8, 8, 8, 8, 8, 8, 8, 8, 8, 8, 8, 8, 8, 8, 8, 8, 8, 8, 8, 8, 8, 8, 8, 8, 8, 8, 8, 8, 8, 8, 8, 8, 8, 8, 8, 8, 8, 8, 8, 8, 7, 7, 7, 7, 7, 7, 7, 7, 7, 7, 7, 7, 7, 7, 7, 7, 7, 7, 7, 7, 7, 7, 7, 7, 7, 7, 7, 7, 7, 7, 7, 7, 7, 7, 7, 7, 7, 7, 7, 7, 7, 7, 7, 7, 7, 7, 7, 7, 7, 7, 7, 7, 7, 7, 7, 7, 7, 7, 7, 7, 7, 7, 7, 7, 7, 7, 7, 7, 7, 7, 7, 7, 7, 7, 7, 7, 7, 7, 7, 7, 7, 7, 7, 7, 7, 7, 7, 7, 7, 7, 7, 7, 7, 7, 7, 7, 7]",7.0,"[32.96396396396396, 32.968468468468465, 32.968468468468465, 32.97747747747748, 32.986486486486484, 32.95945945945946, 32.986486486486484, 29.986486486486484, 21.98198198198198, 16.986486486486484, 15.995495495495495, 13.977477477477477, 13.986486486486486, 13.995495495495495, 14.0, 14.0, 14.0, 13.968468468468469, 12.981981981981981, 9.968468468468469, 8.99099099099099, 8.99099099099099, 7.972972972972973, 7.977477477477477, 8.0, 7.981981981981982, 7.990990990990991, 7.990990990990991, 8.0, 7.995495495495495, 7.986486486486487, 7.981981981981981, 7.995495495495495, 7.9774774774774775, 7.990990990990991, 7.977477477477477, 7.9774774774774775, 7.9774774774774775, 7.990990990990991, 7.995495495495495, 7.981981981981982, 7.995495495495495, 7.9774774774774775, 7.986486486486486, 7.981981981981981, 7.981981981981982, 7.972972972972973, 7.977477477477478, 7.981981981981982, 7.95945945945946, 7.95945945945946, 7.972972972972973, 7.990990990990991, 7.986486486486486, 7.990990990990991, 7.986486486486486, 7.977477477477478, 7.995495495495495, 7.995495495495495, 7.981981981981982, 7.995495495495495, 7.986486486486486, 7.990990990990991, 7.990990990990991, 7.981981981981981, 7.9774774774774775, 7.972972972972973, 7.9774774774774775, 7.977477477477478, 7.990990990990991, 7.972972972972974, 7.981981981981982, 7.9774774774774775, 6.972972972972973, 6.968468468468468, 6.972972972972973, 6.963963963963964, 6.972972972972973, 6.9774774774774775, 6.95945945945946, 6.968468468468469, 6.977477477477478, 6.981981981981982, 6.972972972972974, 6.972972972972974, 6.986486486486486, 6.990990990990991, 6.995495495495495, 6.990990990990991, 6.986486486486486, 6.986486486486486, 6.990990990990991, 6.986486486486486, 6.990990990990991, 6.990990990990991, 6.981981981981982, 6.990990990990991, 6.986486486486486, 6.981981981981982, 6.990990990990991, 6.990990990990991, 6.981981981981982, 6.986486486486486, 6.995495495495495, 6.986486486486486, 6.981981981981982, 6.986486486486486, 6.990990990990991, 6.990990990990991, 6.981981981981982, 6.990990990990991, 6.990990990990991, 6.995495495495495, 6.986486486486486, 6.990990990990991, 6.981981981981982, 6.990990990990991, 6.995495495495495, 6.995495495495495, 6.990990990990991, 6.9774774774774775, 6.990990990990991, 6.986486486486486, 6.986486486486486, 6.9774774774774775, 6.986486486486486, 6.995495495495495, 7.0, 6.995495495495495, 6.995495495495495, 6.990990990990991, 7.0, 6.990990990990991, 7.0, 7.0, 6.990990990990991, 7.0, 6.995495495495495, 6.995495495495495, 7.0, 6.995495495495495, 6.981981981981982, 6.990990990990991, 6.990990990990991, 6.995495495495495, 7.0, 6.990990990990991, 6.995495495495495, 6.986486486486486, 7.0, 7.0, 6.995495495495495, 6.990990990990991, 6.986486486486486, 6.990990990990991, 7.0, 6.995495495495495, 6.990990990990991, 7.0, 6.995495495495495, 6.995495495495495, 6.995495495495495, 6.990990990990991, 6.995495495495495, 7.0, 6.995495495495495, 6.990990990990991, 6.990990990990991, 6.995495495495495, 7.0]",0.8821819863109834,0.8910357975551004,7,"[33, 33, 33, 33, 33, 33, 33, 30, 22, 17, 16, 14, 14, 14, 14, 14, 14, 14, 13, 10, 9, 9, 8, 8, 8, 8, 8, 8, 8, 8, 8, 8, 8, 8, 8, 8, 8, 8, 8, 8, 8, 8, 8, 8, 8, 8, 8, 8, 8, 8, 8, 8, 8, 8, 8, 8, 8, 8, 8, 8, 8, 8, 8, 8, 8, 8, 8, 8, 8, 8, 8, 8, 8, 7, 7, 7, 7, 7, 7, 7, 7, 7, 7, 7, 7, 7, 7, 7, 7, 7, 7, 7, 7, 7, 7, 7, 7, 7, 7, 7, 7, 7, 7, 7, 7, 7, 7, 7, 7, 7, 7, 7, 7, 7, 7, 7, 7, 7, 7, 7, 7, 7, 7, 7, 7, 7, 7, 7, 7, 7, 7, 7, 7, 7, 7, 7, 7, 7, 7, 7, 7, 7, 7, 7, 7, 7, 7, 7, 7, 7, 7, 7, 7, 7, 7, 7, 7, 7, 7, 7, 7, 7, 7, 7, 7, 7, 7, 7, 7, 7]",170,"[0.4422023296356201, 0.43193235993385315, 0.4028688669204712, 0.3853534758090973, 0.3788304030895233, 0.36164742708206177, 0.35708245635032654, 0.3284055292606354, 0.3126971423625946, 0.2956634759902954, 0.29165884852409363, 0.2950533628463745, 0.285251259803772, 0.27547457814216614, 0.30233004689216614, 0.2934722900390625, 0.2728534936904907, 0.2685151696205139, 0.2712615728378296, 0.276980459690094, 0.2790158689022064, 0.3063146471977234, 0.275986909866333, 0.2687634229660034, 0.262984961271286, 0.26934248208999634, 0.26196005940437317, 0.2685127556324005, 0.25721442699432373, 0.25820958614349365, 0.26018863916397095, 0.2616126835346222, 0.2675088942050934, 0.2892589867115021, 0.2608542740345001, 0.25284722447395325, 0.2540663182735443, 0.2550293207168579, 0.27952203154563904, 0.2661736011505127, 0.25560930371284485, 0.25805777311325073, 0.24946007132530212, 0.2521807849407196, 0.2496001422405243, 0.2523137331008911, 0.255179226398468, 0.25713223218917847, 0.2625133693218231, 0.2577177584171295, 0.27164801955223083, 0.2578234076499939, 0.24987836182117462, 0.2613634169101715, 0.24718964099884033, 0.2728460133075714, 0.25139540433883667, 0.24894386529922485, 0.34144318103790283, 0.25033992528915405, 0.2873110771179199, 0.244751438498497, 0.2502778172492981, 0.26760780811309814, 0.2452213317155838, 0.24344860017299652, 0.24899114668369293, 0.24770702421665192, 0.24703660607337952, 0.24573421478271484, 0.26441338658332825, 0.25608086585998535, 0.2606911361217499, 0.24880287051200867, 0.24546688795089722, 0.24980716407299042, 0.2530001401901245, 0.26704415678977966, 0.24840456247329712, 0.24327737092971802, 0.25636422634124756, 0.2465352565050125, 0.24248430132865906, 0.2460402101278305, 0.24538597464561462, 0.24027259647846222, 0.23980441689491272, 0.24276085197925568, 0.2396724671125412, 0.24834920465946198, 0.24354425072669983, 0.25996583700180054, 0.24429382383823395, 0.24533140659332275, 0.2428199052810669, 0.2661451995372772, 0.248259499669075, 0.24911320209503174, 0.2453586906194687, 0.23613719642162323, 0.236684650182724, 0.2417272925376892, 0.2414696365594864, 0.23678697645664215, 0.2618769407272339, 0.24655422568321228, 0.2488359659910202, 0.24422891438007355, 0.26976755261421204, 0.24131302535533905, 0.2362613081932068, 0.25229910016059875, 0.24225927889347076, 0.2447359263896942, 0.24392147362232208, 0.24079348146915436, 0.2479792833328247, 0.2472836673259735, 0.24772094190120697, 0.25060150027275085, 0.2374010533094406, 0.24433597922325134, 0.2391279637813568, 0.24980631470680237, 0.2386249303817749, 0.2389817088842392, 0.23838765919208527, 0.23709632456302643, 0.23858535289764404, 0.2483384758234024, 0.26918652653694153, 0.2381535768508911, 0.23956823348999023, 0.23579902946949005, 0.2355375438928604, 0.25458481907844543, 0.2483377456665039, 0.2594043016433716, 0.24088144302368164, 0.2491738647222519, 0.24372707307338715, 0.24181698262691498, 0.24043911695480347, 0.24702611565589905, 0.2355063557624817, 0.25561225414276123, 0.23570133745670319, 0.23901578783988953, 0.28130123019218445, 0.23404550552368164, 0.2391577959060669, 0.23339051008224487, 0.23933875560760498, 0.24595190584659576, 0.23940196633338928, 0.24546818435192108, 0.24557454884052277, 0.23619121313095093, 0.262066513299942, 0.24999065697193146, 0.24177101254463196, 0.2484690099954605, 0.27760401368141174, 0.24457883834838867, 0.24051137268543243, 0.24443933367729187, 0.23993511497974396, 0.23646406829357147, 0.236027792096138, 0.2353418916463852]",7.0,"[33.0, 33.0, 33.0, 33.0, 33.0, 33.0, 33.0, 30.0, 22.0, 17.0, 16.0, 14.0, 14.0, 14.0, 14.0, 14.0, 14.0, 14.0, 13.0, 10.0, 9.0, 9.0, 8.0, 8.0, 8.0, 8.0, 8.0, 8.0, 8.0, 8.0, 8.0, 8.0, 8.0, 8.0, 8.0, 8.0, 8.0, 8.0, 8.0, 8.0, 8.0, 8.0, 8.0, 8.0, 8.0, 8.0, 8.0, 8.0, 8.0, 8.0, 8.0, 8.0, 8.0, 8.0, 8.0, 8.0, 8.0, 8.0, 8.0, 8.0, 8.0, 8.0, 8.0, 8.0, 8.0, 8.0, 8.0, 8.0, 8.0, 8.0, 8.0, 8.0, 8.0, 7.0, 7.0, 7.0, 7.0, 7.0, 7.0, 7.0, 7.0, 7.0, 7.0, 7.0, 7.0, 7.0, 7.0, 7.0, 7.0, 7.0, 7.0, 7.0, 7.0, 7.0, 7.0, 7.0, 7.0, 7.0, 7.0, 7.0, 7.0, 7.0, 7.0, 7.0, 7.0, 7.0, 7.0, 7.0, 7.0, 7.0, 7.0, 7.0, 7.0, 7.0, 7.0, 7.0, 7.0, 7.0, 7.0, 7.0, 7.0, 7.0, 7.0, 7.0, 7.0, 7.0, 7.0, 7.0, 7.0, 7.0, 7.0, 7.0, 7.0, 7.0, 7.0, 7.0, 7.0, 7.0, 7.0, 7.0, 7.0, 7.0, 7.0, 7.0, 7.0, 7.0, 7.0, 7.0, 7.0, 7.0, 7.0, 7.0, 7.0, 7.0, 7.0, 7.0, 7.0, 7.0, 7.0, 7.0, 7.0, 7.0, 7.0, 7.0, 7.0, 7.0, 7.0, 7.0, 7.0, 7.0]",COMPLETE
