,number,value,datetime_start,datetime_complete,duration,params_batch_size_scaler,params_constant_learning_rate,params_depth,params_epochs,params_kernel_l2,params_num_trees,params_temperature,user_attrs_accuracy_test,user_attrs_accuracy_valid,user_attrs_approximate_feature_sparsity,user_attrs_approximate_feature_sparsity_history,user_attrs_approximate_weight_sparsity,user_attrs_approximate_weight_sparsity_history,user_attrs_auc_test,user_attrs_auc_valid,user_attrs_feature_sparsity,user_attrs_feature_sparsity_history,user_attrs_num_epochs,user_attrs_val_loss_history,user_attrs_weight_sparsity,user_attrs_weight_sparsity_history,state
14,14,0.8561785884504901,2024-08-31 01:09:06.546815,2024-08-31 01:13:01.733409,0 days 00:03:55.186594,16,0.047199446162740064,4,495,0.8053751791243898,98,0.013041027393192949,0.878,0.8725,33,"[33, 33, 33, 33, 33, 33, 33, 33, 33, 33, 33, 33, 33, 33, 33, 33, 33, 33, 33, 33, 33, 33, 33, 33, 33, 33, 33, 33, 33, 33, 33, 33, 33, 33, 33, 33, 33, 33, 33, 33, 33, 33, 33, 33, 33, 33, 33, 33, 33, 33, 33, 33, 33, 33, 33, 33, 33, 33, 33, 33, 33, 33, 33, 33, 33, 33, 33, 33, 33, 33, 33, 33, 33, 33, 33, 33, 33, 33, 33, 33, 33, 33, 33, 33, 33, 33, 33, 33, 33, 33, 33, 33, 33, 33, 33, 33, 33, 33, 33, 33, 33, 33, 33, 33, 33, 33, 33, 33, 33, 33, 33, 33, 33, 33, 33, 33, 33, 33, 33, 33, 33, 33, 33, 33, 33, 33, 33, 33, 33, 33, 33, 33, 33, 33, 33, 33, 33, 33, 33, 33, 33, 33, 33, 33, 33, 33, 33, 33, 33, 33, 33, 33, 33, 33, 33, 33, 33, 33, 33, 33, 33, 33, 33, 33, 33, 33, 33, 33, 33, 33, 33, 33, 33, 33, 33, 33, 33, 33, 33, 33, 33, 33, 33, 33, 33, 33, 33, 33, 33, 33, 33, 33, 33, 33, 33, 33, 33, 33, 33, 33, 33, 33, 33, 33, 33, 33, 33, 33, 33, 33, 33, 33, 33, 33, 33, 33, 33, 33, 33, 33, 33, 33, 33, 33, 33, 33, 33, 33, 33, 33, 33, 33, 33, 33, 33, 33, 33, 33, 33, 33, 33, 33, 33, 33, 33, 33, 33, 33, 33, 33, 33, 33, 33, 33, 33, 33, 33, 33, 33, 33, 33, 33, 33, 33, 33, 33, 33, 33, 33, 33, 33, 33, 33, 33, 33, 33, 33, 33, 33, 33, 33, 33, 33, 33, 33, 33, 33, 33, 33, 33, 33, 33, 33, 33, 33, 33, 33, 33, 33, 33, 33, 33, 33, 33, 33, 33, 33, 33, 33, 33, 33, 33, 33, 33, 33, 33, 33, 33, 33, 33, 33, 33, 33, 33, 33, 33, 33, 33, 33, 33, 33, 33, 33, 33, 33, 33, 33, 33, 33, 33, 33, 33, 33, 33, 33, 33, 33, 33, 33, 33, 33, 33, 33, 33, 33, 33, 33, 33, 33, 33, 33, 33, 33, 33, 33, 33, 33, 33, 33, 33, 33, 33, 33, 33, 33, 33, 33, 33, 33, 33, 33, 33, 33, 33, 33, 33, 33, 33, 33, 33, 33, 33, 33, 33, 33, 33, 33, 33, 33, 33, 33, 33, 33, 33, 33, 33, 33, 33, 33, 33, 33, 33, 33, 33, 33, 33, 33, 33, 33, 33, 33, 33, 33, 33, 33, 33, 33, 33, 33, 33, 33, 33, 33, 33, 33, 33, 33, 33, 33, 33, 33, 33, 33, 33, 33, 33, 33, 33, 33, 33, 33, 33, 33, 33, 33, 33, 33, 33, 33, 33, 33, 33, 33, 33, 33, 33, 33, 33, 33, 33, 33, 33, 33, 33, 33, 33, 33, 33, 33, 33, 33, 33, 33, 33, 33, 33, 33, 33, 33, 33, 33, 33, 33, 33, 33]",32.93333333333333,"[32.946938775510205, 32.946938775510205, 32.94489795918368, 32.95034013605442, 32.94421768707483, 32.94965986394558, 32.94353741496599, 32.94013605442177, 32.94625850340136, 32.94897959183673, 32.948299319727894, 32.94897959183673, 32.94489795918368, 32.94489795918367, 32.95034013605442, 32.94965986394558, 32.95646258503401, 32.95034013605442, 32.95170068027211, 32.95034013605442, 32.9530612244898, 32.95578231292517, 32.951700680272104, 32.95102040816327, 32.94829931972789, 32.94285714285714, 32.946938775510205, 32.9469387755102, 32.94761904761904, 32.94829931972789, 32.94761904761905, 32.95102040816327, 32.945578231292515, 32.94149659863945, 32.94149659863946, 32.94285714285714, 32.952380952380956, 32.95102040816327, 32.95102040816327, 32.94897959183674, 32.9530612244898, 32.94897959183673, 32.945578231292515, 32.948299319727894, 32.94421768707483, 32.94013605442177, 32.94013605442177, 32.94285714285714, 32.9421768707483, 32.94421768707483, 32.940136054421764, 32.93741496598639, 32.9312925170068, 32.92993197278912, 32.93061224489796, 32.93197278911565, 32.93197278911565, 32.93197278911565, 32.9265306122449, 32.93197278911565, 32.93197278911565, 32.93061224489796, 32.92857142857143, 32.93469387755103, 32.92993197278912, 32.9312925170068, 32.934013605442175, 32.93741496598639, 32.93469387755102, 32.93333333333334, 32.936734693877554, 32.935374149659864, 32.93469387755102, 32.93809523809524, 32.93877551020408, 32.94081632653061, 32.94149659863945, 32.940816326530616, 32.94081632653061, 32.94149659863945, 32.93469387755102, 32.939455782312926, 32.94285714285714, 32.93877551020408, 32.945578231292515, 32.93673469387755, 32.9374149659864, 32.93401360544218, 32.939455782312926, 32.938095238095244, 32.94353741496599, 32.94353741496599, 32.93877551020408, 32.9421768707483, 32.94489795918367, 32.94489795918368, 32.946938775510205, 32.94761904761905, 32.94557823129252, 32.94285714285714, 32.94625850340136, 32.94285714285714, 32.93877551020408, 32.93877551020408, 32.94013605442177, 32.94013605442177, 32.94285714285714, 32.93877551020408, 32.93809523809524, 32.939455782312926, 32.94149659863945, 32.940136054421764, 32.935374149659864, 32.935374149659864, 32.94013605442177, 32.93741496598639, 32.93333333333333, 32.93605442176871, 32.934013605442175, 32.93197278911565, 32.92857142857143, 32.92993197278911, 32.929251700680275, 32.93401360544218, 32.93401360544218, 32.9374149659864, 32.932653061224485, 32.93469387755102, 32.9421768707483, 32.945578231292515, 32.940816326530616, 32.93877551020408, 32.93809523809524, 32.94149659863945, 32.936734693877554, 32.93809523809524, 32.93741496598639, 32.94081632653061, 32.93809523809524, 32.9374149659864, 32.93877551020408, 32.93877551020408, 32.93333333333333, 32.936734693877554, 32.9421768707483, 32.9421768707483, 32.94149659863946, 32.94353741496599, 32.94489795918368, 32.94081632653061, 32.9421768707483, 32.940816326530616, 32.94421768707483, 32.939455782312926, 32.94149659863946, 32.94149659863945, 32.9421768707483, 32.94285714285714, 32.94149659863945, 32.94149659863945, 32.94149659863945, 32.94353741496599, 32.94285714285714, 32.939455782312926, 32.935374149659864, 32.93469387755102, 32.93469387755102, 32.935374149659864, 32.938095238095244, 32.940136054421764, 32.939455782312926, 32.93605442176871, 32.939455782312926, 32.934013605442175, 32.93469387755102, 32.935374149659864, 32.94013605442177, 32.94013605442177, 32.942176870748305, 32.94421768707483, 32.94013605442177, 32.94013605442177, 32.93809523809524, 32.939455782312926, 32.940136054421764, 32.940136054421764, 32.93809523809524, 32.94081632653061, 32.94353741496599, 32.940816326530616, 32.94353741496599, 32.94149659863945, 32.94013605442177, 32.93877551020408, 32.93469387755103, 32.934013605442175, 32.93673469387755, 32.93333333333334, 32.93469387755102, 32.93741496598639, 32.93605442176871, 32.93265306122449, 32.93265306122449, 32.93333333333333, 32.93333333333333, 32.93469387755102, 32.936734693877554, 32.934013605442175, 32.935374149659864, 32.939455782312926, 32.94013605442177, 32.94149659863945, 32.939455782312926, 32.936734693877554, 32.93877551020408, 32.94149659863945, 32.93673469387755, 32.93877551020408, 32.93605442176871, 32.93469387755102, 32.93809523809524, 32.936734693877554, 32.9374149659864, 32.9374149659864, 32.93197278911565, 32.93197278911565, 32.93741496598639, 32.93877551020408, 32.9374149659864, 32.93605442176871, 32.936734693877554, 32.93469387755102, 32.93605442176871, 32.9374149659864, 32.93061224489796, 32.92721088435374, 32.92721088435374, 32.929251700680275, 32.93197278911565, 32.9312925170068, 32.93061224489796, 32.93061224489796, 32.93333333333333, 32.93061224489796, 32.93061224489796, 32.92857142857143, 32.9312925170068, 32.935374149659864, 32.935374149659864, 32.93673469387755, 32.93197278911565, 32.935374149659864, 32.93401360544218, 32.934013605442175, 32.93605442176871, 32.939455782312926, 32.94081632653061, 32.9421768707483, 32.944217687074826, 32.9421768707483, 32.93877551020408, 32.938095238095244, 32.93605442176871, 32.94081632653061, 32.94081632653061, 32.936734693877554, 32.94013605442177, 32.94013605442177, 32.94285714285714, 32.939455782312926, 32.93809523809524, 32.935374149659864, 32.93877551020408, 32.93809523809524, 32.934013605442175, 32.93333333333334, 32.934013605442175, 32.93605442176871, 32.936734693877554, 32.93741496598639, 32.93673469387755, 32.93333333333333, 32.93333333333333, 32.92925170068027, 32.92789115646258, 32.93061224489796, 32.936734693877554, 32.93469387755102, 32.935374149659864, 32.93333333333333, 32.93265306122449, 32.9312925170068, 32.93333333333333, 32.935374149659864, 32.935374149659864, 32.94013605442177, 32.940816326530616, 32.94625850340136, 32.945578231292515, 32.94897959183674, 32.94625850340136, 32.9421768707483, 32.94013605442177, 32.942176870748305, 32.93605442176871, 32.93605442176871, 32.93401360544218, 32.93197278911565, 32.93265306122449, 32.9374149659864, 32.93605442176871, 32.939455782312926, 32.94557823129252, 32.9421768707483, 32.94285714285714, 32.942176870748305, 32.94149659863946, 32.936734693877554, 32.9374149659864, 32.936734693877554, 32.93741496598639, 32.934013605442175, 32.93061224489796, 32.93333333333333, 32.9360544217687, 32.93741496598639, 32.93605442176871, 32.93877551020408, 32.935374149659864, 32.93265306122449, 32.93333333333334, 32.93605442176871, 32.93605442176871, 32.93605442176871, 32.93469387755102, 32.93877551020408, 32.93809523809524, 32.935374149659864, 32.93333333333334, 32.93741496598639, 32.93605442176871, 32.93333333333333, 32.932653061224485, 32.93741496598639, 32.935374149659864, 32.9374149659864, 32.940816326530616, 32.940816326530616, 32.939455782312926, 32.940816326530616, 32.939455782312926, 32.938095238095244, 32.94285714285715, 32.94149659863946, 32.9421768707483, 32.94353741496599, 32.94625850340136, 32.94353741496599, 32.94353741496599, 32.940136054421764, 32.939455782312926, 32.938095238095244, 32.93809523809524, 32.94149659863946, 32.940816326530616, 32.94285714285714, 32.94353741496599, 32.94625850340136, 32.948299319727894, 32.94761904761905, 32.945578231292515, 32.94625850340136, 32.94489795918367, 32.94829931972789, 32.94489795918367, 32.940816326530616, 32.936734693877554, 32.93197278911565, 32.92993197278911, 32.93061224489796, 32.932653061224485, 32.93061224489796, 32.927891156462586, 32.93061224489796, 32.93265306122449, 32.9374149659864, 32.93061224489796, 32.925170068027214, 32.925170068027214, 32.925170068027214, 32.92857142857143, 32.927891156462586, 32.92721088435374, 32.93061224489796, 32.9312925170068, 32.92993197278911, 32.92585034013605, 32.927891156462586, 32.930612244897965, 32.934013605442175, 32.930612244897965, 32.927891156462586, 32.92448979591837, 32.92448979591837, 32.92448979591837, 32.92721088435374, 32.93333333333334, 32.930612244897965, 32.930612244897965, 32.93469387755102, 32.93265306122449, 32.935374149659864, 32.93401360544218, 32.93605442176871, 32.936734693877554, 32.936734693877554, 32.9421768707483, 32.94081632653061, 32.93809523809524, 32.935374149659864, 32.93741496598639, 32.9360544217687, 32.92993197278911, 32.93197278911565, 32.93061224489796, 32.93197278911565, 32.92448979591837, 32.929251700680275, 32.929251700680275, 32.92993197278912, 32.92585034013605, 32.929251700680275, 32.93061224489796, 32.92721088435374, 32.926530612244896, 32.92448979591836, 32.92925170068027, 32.92925170068027, 32.934013605442175, 32.93333333333334, 32.93333333333334, 32.93605442176871, 32.9374149659864, 32.940816326530616, 32.94013605442177, 32.94081632653061, 32.94353741496599, 32.944217687074826, 32.94149659863945, 32.94149659863945, 32.93877551020408, 32.93877551020408, 32.9374149659864, 32.939455782312926, 32.939455782312926, 32.939455782312926, 32.93877551020408, 32.938095238095244, 32.938095238095244, 32.94353741496599, 32.94013605442177, 32.940816326530616, 32.93605442176871, 32.93605442176871, 32.93469387755102, 32.934013605442175, 32.936734693877554, 32.93877551020408, 32.938095238095244, 32.930612244897965, 32.93197278911565, 32.9312925170068, 32.929251700680275, 32.93197278911565, 32.9312925170068, 32.93333333333333, 32.932653061224485, 32.935374149659864, 32.94149659863945, 32.94149659863946, 32.939455782312926, 32.938095238095244, 32.94149659863945, 32.942176870748305, 32.94625850340136, 32.9421768707483, 32.9421768707483, 32.94285714285714, 32.94353741496599, 32.94489795918368, 32.936734693877554, 32.934013605442175, 32.9312925170068, 32.93469387755102, 32.93333333333333]",0.8563396329229931,0.8561785884504901,33,"[33, 33, 33, 33, 33, 33, 33, 33, 33, 33, 33, 33, 33, 33, 33, 33, 33, 33, 33, 33, 33, 33, 33, 33, 33, 33, 33, 33, 33, 33, 33, 33, 33, 33, 33, 33, 33, 33, 33, 33, 33, 33, 33, 33, 33, 33, 33, 33, 33, 33, 33, 33, 33, 33, 33, 33, 33, 33, 33, 33, 33, 33, 33, 33, 33, 33, 33, 33, 33, 33, 33, 33, 33, 33, 33, 33, 33, 33, 33, 33, 33, 33, 33, 33, 33, 33, 33, 33, 33, 33, 33, 33, 33, 33, 33, 33, 33, 33, 33, 33, 33, 33, 33, 33, 33, 33, 33, 33, 33, 33, 33, 33, 33, 33, 33, 33, 33, 33, 33, 33, 33, 33, 33, 33, 33, 33, 33, 33, 33, 33, 33, 33, 33, 33, 33, 33, 33, 33, 33, 33, 33, 33, 33, 33, 33, 33, 33, 33, 33, 33, 33, 33, 33, 33, 33, 33, 33, 33, 33, 33, 33, 33, 33, 33, 33, 33, 33, 33, 33, 33, 33, 33, 33, 33, 33, 33, 33, 33, 33, 33, 33, 33, 33, 33, 33, 33, 33, 33, 33, 33, 33, 33, 33, 33, 33, 33, 33, 33, 33, 33, 33, 33, 33, 33, 33, 33, 33, 33, 33, 33, 33, 33, 33, 33, 33, 33, 33, 33, 33, 33, 33, 33, 33, 33, 33, 33, 33, 33, 33, 33, 33, 33, 33, 33, 33, 33, 33, 33, 33, 33, 33, 33, 33, 33, 33, 33, 33, 33, 33, 33, 33, 33, 33, 33, 33, 33, 33, 33, 33, 33, 33, 33, 33, 33, 33, 33, 33, 33, 33, 33, 33, 33, 33, 33, 33, 33, 33, 33, 33, 33, 33, 33, 33, 33, 33, 33, 33, 33, 33, 33, 33, 33, 33, 33, 33, 33, 33, 33, 33, 33, 33, 33, 33, 33, 33, 33, 33, 33, 33, 33, 33, 33, 33, 33, 33, 33, 33, 33, 33, 33, 33, 33, 33, 33, 33, 33, 33, 33, 33, 33, 33, 33, 33, 33, 33, 33, 33, 33, 33, 33, 33, 33, 33, 33, 33, 33, 33, 33, 33, 33, 33, 33, 33, 33, 33, 33, 33, 33, 33, 33, 33, 33, 33, 33, 33, 33, 33, 33, 33, 33, 33, 33, 33, 33, 33, 33, 33, 33, 33, 33, 33, 33, 33, 33, 33, 33, 33, 33, 33, 33, 33, 33, 33, 33, 33, 33, 33, 33, 33, 33, 33, 33, 33, 33, 33, 33, 33, 33, 33, 33, 33, 33, 33, 33, 33, 33, 33, 33, 33, 33, 33, 33, 33, 33, 33, 33, 33, 33, 33, 33, 33, 33, 33, 33, 33, 33, 33, 33, 33, 33, 33, 33, 33, 33, 33, 33, 33, 33, 33, 33, 33, 33, 33, 33, 33, 33, 33, 33, 33, 33, 33, 33, 33, 33, 33, 33, 33, 33, 33, 33, 33, 33, 33, 33, 33, 33, 33, 33, 33, 33, 33, 33, 33, 33, 33, 33, 33, 33, 33, 33, 33, 33, 33, 33, 33]",495,"[0.45774540305137634, 0.441280335187912, 0.43830108642578125, 0.4363042116165161, 0.4342951476573944, 0.4325951039791107, 0.43106088042259216, 0.4296174645423889, 0.4281972050666809, 0.4269063472747803, 0.4258662760257721, 0.4246741235256195, 0.4233972132205963, 0.4223548173904419, 0.42140495777130127, 0.4205026924610138, 0.41955050826072693, 0.4186934530735016, 0.4178823232650757, 0.4171158969402313, 0.4163995683193207, 0.41567283868789673, 0.41501742601394653, 0.41441023349761963, 0.41375651955604553, 0.4131430387496948, 0.41265183687210083, 0.41213470697402954, 0.41158807277679443, 0.4111168384552002, 0.4105154275894165, 0.40996962785720825, 0.4095073342323303, 0.40906521677970886, 0.4086832106113434, 0.40817493200302124, 0.40782058238983154, 0.407497376203537, 0.40716344118118286, 0.40668797492980957, 0.40633973479270935, 0.40603119134902954, 0.40552374720573425, 0.4051903486251831, 0.4049002528190613, 0.4045489430427551, 0.40431663393974304, 0.40395569801330566, 0.40361282229423523, 0.40317192673683167, 0.4029182493686676, 0.4026058614253998, 0.40229466557502747, 0.4020521640777588, 0.4017166495323181, 0.40144234895706177, 0.40116962790489197, 0.4009327292442322, 0.4005698263645172, 0.40037813782691956, 0.4000299870967865, 0.39988040924072266, 0.39966270327568054, 0.39931443333625793, 0.39898836612701416, 0.39868780970573425, 0.3983783423900604, 0.3981698751449585, 0.397969514131546, 0.3979145884513855, 0.3974502980709076, 0.39712631702423096, 0.39692917466163635, 0.39683353900909424, 0.3964357376098633, 0.3962581753730774, 0.39607083797454834, 0.39581161737442017, 0.3955250680446625, 0.3953319787979126, 0.3950238823890686, 0.394783616065979, 0.39451369643211365, 0.39424940943717957, 0.39411818981170654, 0.3940351605415344, 0.3937406837940216, 0.3933926522731781, 0.39315494894981384, 0.39290955662727356, 0.39260441064834595, 0.39233455061912537, 0.39218422770500183, 0.3919716775417328, 0.3917063772678375, 0.39149028062820435, 0.3914366066455841, 0.3911721706390381, 0.3908565938472748, 0.39052748680114746, 0.39035025238990784, 0.3902056813240051, 0.38987183570861816, 0.3896917998790741, 0.3893849551677704, 0.38921111822128296, 0.3889751136302948, 0.38875138759613037, 0.388656884431839, 0.38841763138771057, 0.388126939535141, 0.3880372643470764, 0.3877883553504944, 0.38752278685569763, 0.38728341460227966, 0.38717490434646606, 0.38701313734054565, 0.3869042992591858, 0.3866334855556488, 0.3863270580768585, 0.38614022731781006, 0.3859725296497345, 0.3858131766319275, 0.38547974824905396, 0.3853510320186615, 0.3852614164352417, 0.3848617672920227, 0.384750097990036, 0.38457930088043213, 0.3844587802886963, 0.3844405710697174, 0.3839697241783142, 0.38374578952789307, 0.3837638199329376, 0.38340023159980774, 0.38317644596099854, 0.3829401433467865, 0.38280391693115234, 0.3825839161872864, 0.3824634253978729, 0.3821699917316437, 0.3819713890552521, 0.38169899582862854, 0.38156360387802124, 0.3814693093299866, 0.3812209367752075, 0.38101208209991455, 0.38077622652053833, 0.38054564595222473, 0.38038045167922974, 0.3801220655441284, 0.37993720173835754, 0.3797226846218109, 0.3794764280319214, 0.3792850077152252, 0.3792043924331665, 0.3790392577648163, 0.3787804841995239, 0.37851470708847046, 0.37834233045578003, 0.37811562418937683, 0.3780081570148468, 0.377848744392395, 0.3776754140853882, 0.37745556235313416, 0.3772726356983185, 0.37702324986457825, 0.3768444359302521, 0.376735121011734, 0.37648236751556396, 0.37629157304763794, 0.3760714828968048, 0.3759769797325134, 0.3757143020629883, 0.37561073899269104, 0.3755246698856354, 0.3753322958946228, 0.3749667704105377, 0.37483131885528564, 0.37468311190605164, 0.37450316548347473, 0.3744722306728363, 0.3742171823978424, 0.3739723861217499, 0.37378445267677307, 0.37358757853507996, 0.3733741343021393, 0.3732692003250122, 0.3731144368648529, 0.372943639755249, 0.37285327911376953, 0.37273722887039185, 0.3723748028278351, 0.3721964359283447, 0.3719871938228607, 0.3718775510787964, 0.37167996168136597, 0.3715173006057739, 0.3712756037712097, 0.37114256620407104, 0.37096866965293884, 0.3707123100757599, 0.3705636262893677, 0.37042003870010376, 0.3703274130821228, 0.3701975345611572, 0.3700362741947174, 0.3698609471321106, 0.3696569800376892, 0.36957859992980957, 0.3694584369659424, 0.3691263496875763, 0.3690243661403656, 0.3687002658843994, 0.3685763478279114, 0.3684735894203186, 0.3681989312171936, 0.3680252730846405, 0.3678753972053528, 0.3677387237548828, 0.36759307980537415, 0.36741340160369873, 0.3674253523349762, 0.36718684434890747, 0.3670235574245453, 0.36690497398376465, 0.3668419122695923, 0.3664485812187195, 0.3662627041339874, 0.3660556375980377, 0.36602193117141724, 0.3658904731273651, 0.3656533360481262, 0.3654536306858063, 0.3652953803539276, 0.3652327060699463, 0.36517006158828735, 0.36497706174850464, 0.3647216856479645, 0.36455196142196655, 0.36450621485710144, 0.36422842741012573, 0.36404573917388916, 0.3639124035835266, 0.3639371395111084, 0.36369091272354126, 0.3635169565677643, 0.36323899030685425, 0.363113135099411, 0.3629365861415863, 0.3628814220428467, 0.3627147674560547, 0.362554132938385, 0.36236894130706787, 0.3621830344200134, 0.36209845542907715, 0.3618946969509125, 0.36172759532928467, 0.36153683066368103, 0.3614141345024109, 0.3612305521965027, 0.3610529601573944, 0.36088135838508606, 0.3607417047023773, 0.3605489432811737, 0.36048778891563416, 0.3602728545665741, 0.3600981831550598, 0.3600410223007202, 0.3598746061325073, 0.3597090244293213, 0.35962045192718506, 0.35933196544647217, 0.35922786593437195, 0.35903990268707275, 0.3589102625846863, 0.3588328957557678, 0.3587692379951477, 0.35856446623802185, 0.3583684265613556, 0.35826101899147034, 0.3581695258617401, 0.35797879099845886, 0.3578173518180847, 0.3575725555419922, 0.35742703080177307, 0.35730865597724915, 0.35715144872665405, 0.3569756746292114, 0.35684677958488464, 0.35665661096572876, 0.3565409779548645, 0.356438547372818, 0.3563099801540375, 0.35613197088241577, 0.35595807433128357, 0.3559606671333313, 0.3556932508945465, 0.35558438301086426, 0.35537129640579224, 0.35521456599235535, 0.3553343713283539, 0.3550662696361542, 0.3549406826496124, 0.35473424196243286, 0.3544289469718933, 0.3543000817298889, 0.35417652130126953, 0.3540901243686676, 0.3539702594280243, 0.35372763872146606, 0.3536015450954437, 0.3537081480026245, 0.35366153717041016, 0.35326358675956726, 0.35315367579460144, 0.3528763949871063, 0.3527143597602844, 0.3525897264480591, 0.3524880111217499, 0.35232532024383545, 0.3521886467933655, 0.3520662784576416, 0.35180145502090454, 0.3517029881477356, 0.35164153575897217, 0.3515319526195526, 0.35138168931007385, 0.35117876529693604, 0.3511617183685303, 0.35087573528289795, 0.35076454281806946, 0.3506375551223755, 0.3504382073879242, 0.35036835074424744, 0.3502015173435211, 0.3502444326877594, 0.3501107096672058, 0.3498176336288452, 0.3495199978351593, 0.34937602281570435, 0.34923726320266724, 0.34919291734695435, 0.34894469380378723, 0.3488064110279083, 0.3486635088920593, 0.3484218716621399, 0.3483092188835144, 0.34809932112693787, 0.3480468988418579, 0.34783557057380676, 0.3475584089756012, 0.34744131565093994, 0.3473101854324341, 0.347101628780365, 0.3470260500907898, 0.3468422591686249, 0.34671127796173096, 0.34655502438545227, 0.3464345633983612, 0.34633690118789673, 0.3462117314338684, 0.34618377685546875, 0.3459826409816742, 0.3457343280315399, 0.3455926477909088, 0.3454858362674713, 0.3451511263847351, 0.34516963362693787, 0.3448311984539032, 0.344666987657547, 0.34451785683631897, 0.34436148405075073, 0.3442061245441437, 0.3440843522