,number,value,datetime_start,datetime_complete,duration,params_batch_size_scaler,params_constant_learning_rate,params_depth,params_epochs,params_kernel_l2,params_num_trees,params_temperature,user_attrs_accuracy_test,user_attrs_accuracy_valid,user_attrs_approximate_feature_sparsity,user_attrs_approximate_feature_sparsity_history,user_attrs_approximate_weight_sparsity,user_attrs_approximate_weight_sparsity_history,user_attrs_auc_test,user_attrs_auc_valid,user_attrs_feature_sparsity,user_attrs_feature_sparsity_history,user_attrs_num_epochs,user_attrs_val_loss_history,user_attrs_weight_sparsity,user_attrs_weight_sparsity_history,state
122,122,0.6836959462070565,2024-08-31 05:09:42.239830,2024-08-31 05:14:45.121895,0 days 00:05:02.882065,64,0.029390761782814648,6,285,0.007292615118658295,84,0.0006894085499385908,0.859,0.85875,33,"[33, 33, 33, 33, 33, 33, 33, 33, 33, 33, 33, 33, 33, 33, 33, 33, 33, 33, 33, 33, 33, 33, 33, 33, 33, 33, 33, 33, 33, 33, 33, 33, 33, 33, 33, 33, 33, 33, 33, 33, 33, 33, 33, 33, 33, 33, 33, 33, 33, 33, 33, 33, 33, 33, 33, 33, 33, 33, 33, 33, 33, 33, 33, 33, 33, 33, 33, 33, 33, 33, 33, 33, 33, 33, 33, 33, 33, 33, 33, 33, 33, 33, 33, 33, 33, 33, 33, 33, 33, 33, 33, 33, 33, 33, 33, 33, 33, 33, 33, 33, 33, 33, 33, 33, 33, 33, 33, 33, 33, 33, 33, 33, 33, 33, 33, 33, 33, 33, 33, 33, 33, 33, 33, 33, 33, 33, 33, 33, 33, 33, 33, 33, 33, 33, 33, 33, 33, 33, 33, 33, 33, 33, 33, 33, 33, 33, 33, 33, 33, 33, 33, 33, 33, 33, 33, 33, 33, 33, 33, 33, 33, 33, 33, 33, 33, 33, 33, 33, 33, 33, 33, 33, 33, 33, 33, 33, 33, 33, 33, 33, 33, 33, 33, 33, 33, 33, 33, 33, 33, 33, 33, 33, 33, 33, 33, 33, 33, 33, 33, 33, 33, 33, 33, 33, 33, 33, 33, 33, 33, 33, 33, 33, 33, 33, 33, 33, 33, 33, 33, 33, 33, 33, 33, 33, 33, 33, 33, 33, 33, 33, 33, 33, 33, 33, 33, 33, 33, 33, 33, 33, 33, 33, 33, 33, 33, 33, 33, 33, 33, 33, 33, 33, 33, 33, 33, 33, 33, 33, 33, 33, 33, 33, 33, 33, 33, 33, 33, 33, 33, 33, 33, 33, 33, 33, 33, 33, 33, 33, 33, 33, 33, 33, 33, 33, 33]",32.90438397581255,"[32.90249433106576, 32.90041572184429, 32.89928193499622, 32.8994708994709, 32.90060468631897, 32.90173847316704, 32.90249433106575, 32.9030612244898, 32.902116402116405, 32.90287226001512, 32.90249433106576, 32.90060468631897, 32.9021164021164, 32.90079365079365, 32.89965986394558, 32.898337112622826, 32.900793650793645, 32.90249433106576, 32.90362811791383, 32.9021164021164, 32.90173847316704, 32.90098261526833, 32.90079365079365, 32.90136054421769, 32.90136054421769, 32.9030612244898, 32.902683295540434, 32.90136054421769, 32.89852607709751, 32.89909297052154, 32.89984882842026, 32.899848828420254, 32.89871504157219, 32.899281934996225, 32.90136054421769, 32.90154950869237, 32.90154950869237, 32.90230536659108, 32.90060468631897, 32.89984882842026, 32.89890400604686, 32.89758125472411, 32.899092970521544, 32.89928193499622, 32.89871504157218, 32.89852607709751, 32.89852607709751, 32.89852607709751, 32.89871504157218, 32.898148148148145, 32.897392290249435, 32.89758125472411, 32.897959183673464, 32.89965986394557, 32.90060468631897, 32.90268329554044, 32.90325018896448, 32.902683295540434, 32.90249433106576, 32.90400604686319, 32.904572940287224, 32.90419501133787, 32.90400604686319, 32.906651549508695, 32.90608465608465, 32.90589569160998, 32.90608465608465, 32.90627362055933, 32.90551776266062, 32.90438397581255, 32.90419501133787, 32.90400604686319, 32.90268329554044, 32.9030612244898, 32.902872260015116, 32.90325018896448, 32.903817082388514, 32.90381708238851, 32.90230536659108, 32.90060468631897, 32.90249433106576, 32.900226757369616, 32.900982615268326, 32.899848828420254, 32.899848828420254, 32.90041572184429, 32.90136054421769, 32.9021164021164, 32.902872260015116, 32.902872260015116, 32.90343915343915, 32.902683295540434, 32.90249433106576, 32.90230536659108, 32.902872260015116, 32.90154950869236, 32.90154950869236, 32.901927437641724, 32.90381708238851, 32.902872260015116, 32.902872260015116, 32.902872260015116, 32.90343915343915, 32.90343915343915, 32.90400604686319, 32.905706727135296, 32.90551776266062, 32.90551776266062, 32.90513983371126, 32.90495086923658, 32.904761904761905, 32.90325018896447, 32.9021164021164, 32.90173847316704, 32.901927437641724, 32.90136054421768, 32.90173847316704, 32.90173847316705, 32.90041572184429, 32.90079365079365, 32.89984882842026, 32.90060468631897, 32.901927437641724, 32.90079365079365, 32.90060468631897, 32.89909297052154, 32.89777021919879, 32.897392290249435, 32.89890400604686, 32.900226757369616, 32.90060468631897, 32.90343915343915, 32.90249433106576, 32.902683295540434, 32.90362811791383, 32.90343915343916, 32.90230536659109, 32.90325018896447, 32.9030612244898, 32.90343915343915, 32.902872260015116, 32.90438397581255, 32.90136054421769, 32.90136054421769, 32.900982615268326, 32.90117157974301, 32.900982615268326, 32.90173847316704, 32.902116402116405, 32.9021164021164, 32.90060468631897, 32.899848828420254, 32.89965986394558, 32.90060468631897, 32.90136054421769, 32.900982615268326, 32.8994708994709, 32.89984882842026, 32.89965986394558, 32.90079365079365, 32.90079365079365, 32.89984882842026, 32.899848828420254, 32.898337112622826, 32.898337112622826, 32.898337112622826, 32.8968253968254, 32.89795918367347, 32.89890400604686, 32.89890400604686, 32.89890400604686, 32.898337112622826, 32.89739229024943, 32.897959183673464, 32.900037792894935, 32.900982615268326, 32.899848828420254, 32.898148148148145, 32.89795918367347, 32.89814814814815, 32.89795918367347, 32.89890400604686, 32.89814814814815, 32.897392290249435, 32.89777021919879, 32.89663643235072, 32.897392290249435, 32.8994708994709, 32.90136054421769, 32.90154950869236, 32.901927437641724, 32.902116402116405, 32.90287226001512, 32.90249433106576, 32.901927437641724, 32.901927437641724, 32.90154950869237, 32.90079365079365, 32.900226757369616, 32.900226757369616, 32.899848828420254, 32.89814814814815, 32.89795918367347, 32.89663643235072, 32.89777021919879, 32.89890400604686, 32.900037792894935, 32.899092970521544, 32.897959183673464, 32.89606953892668, 32.895880574452, 32.895502645502646, 32.895880574452, 32.89758125472411, 32.899092970521544, 32.899281934996225, 32.898337112622826, 32.898337112622826, 32.89739229024943, 32.8994708994709, 32.89928193499622, 32.89984882842026, 32.90098261526833, 32.90022675736961, 32.900037792894935, 32.89965986394558, 32.899848828420254, 32.89928193499622, 32.89928193499622, 32.899848828420254, 32.89984882842026, 32.90154950869236, 32.90230536659108, 32.9021164021164, 32.90173847316704, 32.90079365079365, 32.90136054421769, 32.90022675736961, 32.900982615268326, 32.90041572184429, 32.90060468631897, 32.90173847316704, 32.902116402116405, 32.90117157974301, 32.90173847316704, 32.900982615268326, 32.90060468631897, 32.89965986394558, 32.89871504157218, 32.8968253968254, 32.89701436130008, 32.898148148148145, 32.89644746787604, 32.897392290249435, 32.898148148148145, 32.89795918367347, 32.898148148148145, 32.89852607709751, 32.8985260770975, 32.89965986394557, 32.898337112622826, 32.898337112622826, 32.898337112622826, 32.897959183673464, 32.89890400604686, 32.8994708994709, 32.90041572184429, 32.899848828420254, 32.900982615268326, 32.902683295540434, 32.90249433106576, 32.901927437641724, 32.90249433106576, 32.9030612244898, 32.90400604686319, 32.903817082388514, 32.904950869236586, 32.90551776266062, 32.90532879818594, 32.90608465608465, 32.905706727135296, 32.90740740740741, 32.90608465608466, 32.90551776266062, 32.90438397581255]",0.7174266630338758,0.6836959462070565,33,"[33, 33, 33, 33, 33, 33, 33, 33, 33, 33, 33, 33, 33, 33, 33, 33, 33, 33, 33, 33, 33, 33, 33, 33, 33, 33, 33, 33, 33, 33, 33, 33, 33, 33, 33, 33, 33, 33, 33, 33, 33, 33, 33, 33, 33, 33, 33, 33, 33, 33, 33, 33, 33, 33, 33, 33, 33, 33, 33, 33, 33, 33, 33, 33, 33, 33, 33, 33, 33, 33, 33, 33, 33, 33, 33, 33, 33, 33, 33, 33, 33, 33, 33, 33, 33, 33, 33, 33, 33, 33, 33, 33, 33, 33, 33, 33, 33, 33, 33, 33, 33, 33, 33, 33, 33, 33, 33, 33, 33, 33, 33, 33, 33, 33, 33, 33, 33, 33, 33, 33, 33, 33, 33, 33, 33, 33, 33, 33, 33, 33, 33, 33, 33, 33, 33, 33, 33, 33, 33, 33, 33, 33, 33, 33, 33, 33, 33, 33, 33, 33, 33, 33, 33, 33, 33, 33, 33, 33, 33, 33, 33, 33, 33, 33, 33, 33, 33, 33, 33, 33, 33, 33, 33, 33, 33, 33, 33, 33, 33, 33, 33, 33, 33, 33, 33, 33, 33, 33, 33, 33, 33, 33, 33, 33, 33, 33, 33, 33, 33, 33, 33, 33, 33, 33, 33, 33, 33, 33, 33, 33, 33, 33, 33, 33, 33, 33, 33, 33, 33, 33, 33, 33, 33, 33, 33, 33, 33, 33, 33, 33, 33, 33, 33, 33, 33, 33, 33, 33, 33, 33, 33, 33, 33, 33, 33, 33, 33, 33, 33, 33, 33, 33, 33, 33, 33, 33, 33, 33, 33, 33, 33, 33, 33, 33, 33, 33, 33, 33, 33, 33, 33, 33, 33, 33, 33, 33, 33, 33, 33, 33, 33, 33, 33, 33, 33]",285,"[0.5859166979789734, 0.5605451464653015, 0.540469229221344, 0.5221709609031677, 0.5072404742240906, 0.4936613142490387, 0.48308536410331726, 0.4738784432411194, 0.465598464012146, 0.4585942327976227, 0.45259472727775574, 0.44697800278663635, 0.442119836807251, 0.4378478527069092, 0.4341103434562683, 0.4304457902908325, 0.4277554750442505, 0.4248027801513672, 0.4224505126476288, 0.42043620347976685, 0.4187365472316742, 0.41713443398475647, 0.4156249761581421, 0.41412684321403503, 0.41296565532684326, 0.41184669733047485, 0.41090288758277893, 0.40984976291656494, 0.4091826379299164, 0.4084855914115906, 0.40763434767723083, 0.40678709745407104, 0.4062269926071167, 0.40560904145240784, 0.4051237404346466, 0.4046746790409088, 0.4042026400566101, 0.40377894043922424, 0.4034040868282318, 0.40294501185417175, 0.40258458256721497, 0.4022352695465088, 0.4018779397010803, 0.40157464146614075, 0.4013025760650635, 0.401004821062088, 0.40079766511917114, 0.40065640211105347, 0.40034976601600647, 0.4000741243362427, 0.3998583257198334, 0.39964428544044495, 0.3993993103504181, 0.3992217183113098, 0.39901649951934814, 0.3988479673862457, 0.3986348807811737, 0.3984898328781128, 0.3983125388622284, 0.39816656708717346, 0.3980090022087097, 0.397866427898407, 0.39771533012390137, 0.39759814739227295, 0.39745739102363586, 0.39730358123779297, 0.39716166257858276, 0.3970140814781189, 0.39687955379486084, 0.39672309160232544, 0.3966218829154968, 0.39651334285736084, 0.3963620066642761, 0.39621418714523315, 0.3960936665534973, 0.39598169922828674, 0.3958354592323303, 0.3956946134567261, 0.3955754041671753, 0.39542657136917114, 0.3953050374984741, 0.3951982259750366, 0.3950892686843872, 0.3949657380580902, 0.39482495188713074, 0.39470165967941284, 0.39458468556404114, 0.39446622133255005, 0.39436957240104675, 0.3942500352859497, 0.3941307067871094, 0.39401426911354065, 0.39391177892684937, 0.39379245042800903, 0.3936636447906494, 0.39356717467308044, 0.393434077501297, 0.39333194494247437, 0.3932158946990967, 0.39309102296829224, 0.39298245310783386, 0.39287903904914856, 0.3927825689315796, 0.3926628530025482, 0.3925569951534271, 0.3924500346183777, 0.392337828874588, 0.39223191142082214, 0.3921252489089966, 0.39200958609580994, 0.3919186294078827, 0.3918233811855316, 0.39170268177986145, 0.3916155695915222, 0.391524076461792, 0.3914271891117096, 0.3913242220878601, 0.3912297189235687, 0.39113348722457886, 0.3910333216190338, 0.3909345865249634, 0.3908442556858063, 0.3907358646392822, 0.3906437158584595, 0.39053189754486084, 0.3904415965080261, 0.39035630226135254, 0.3902546167373657, 0.3901706039905548, 0.3900688588619232, 0.3899710476398468, 0.38985908031463623, 0.3897779881954193, 0.38968315720558167, 0.38960516452789307, 0.3894909620285034, 0.3894006311893463, 0.38930702209472656, 0.38923007249832153, 0.3891344368457794, 0.3890477418899536, 0.3889467120170593, 0.3888563811779022, 0.38877803087234497, 0.38870134949684143, 0.38862961530685425, 0.38853785395622253, 0.38846319913864136, 0.3883754014968872, 0.3883166015148163, 0.38823631405830383, 0.38816747069358826, 0.3880814015865326, 0.3880058526992798, 0.38793450593948364, 0.387849897146225, 0.38776832818984985, 0.38769617676734924, 0.3876368999481201, 0.38756734132766724, 0.38747796416282654, 0.38737964630126953, 0.3873097598552704, 0.3872417211532593, 0.3871724605560303, 0.3870880603790283, 0.3870146870613098, 0.38692769408226013, 0.3868448734283447, 0.38675838708877563, 0.3866864740848541, 0.38661444187164307, 0.38655149936676025, 0.38646942377090454, 0.38639432191848755, 0.38632655143737793, 0.38626232743263245, 0.3861856162548065, 0.38610541820526123, 0.38603514432907104, 0.3859616219997406, 0.38586318492889404, 0.38578328490257263, 0.38570964336395264, 0.3856605887413025, 0.3855801820755005, 0.38551294803619385, 0.38545218110084534, 0.38539639115333557, 0.38531139492988586, 0.38522854447364807, 0.385138601064682, 0.3850720524787903, 0.3849889039993286, 0.3849089443683624, 0.3848336338996887, 0.38475123047828674, 0.38468074798583984, 0.38459479808807373, 0.3845241069793701, 0.3844543397426605, 0.38438576459884644, 0.38431990146636963, 0.38425999879837036, 0.38419365882873535, 0.3841293454170227, 0.3840533494949341, 0.3840024173259735, 0.38392433524131775, 0.38386520743370056, 0.3837849497795105, 0.3837074637413025, 0.38366374373435974, 0.38360580801963806, 0.3835274875164032, 0.38346606492996216, 0.3834054172039032, 0.38333970308303833, 0.38328492641448975, 0.3832211196422577, 0.3831493854522705, 0.3830913305282593, 0.38303378224372864, 0.3829773962497711, 0.38290897011756897, 0.3828519880771637, 0.3827933967113495, 0.38271626830101013, 0.38264399766921997, 0.3826044201850891, 0.38253897428512573, 0.38247567415237427, 0.3824091851711273, 0.3823747932910919, 0.3823142349720001, 0.3822532594203949, 0.3821883499622345, 0.3821409344673157, 0.3820895254611969, 0.38201576471328735, 0.38195478916168213, 0.38189324736595154, 0.38185596466064453, 0.3818024694919586, 0.381729394197464, 0.3816767632961273, 0.3816434144973755, 0.38156643509864807, 0.38149765133857727, 0.38144034147262573, 0.3813551664352417, 0.3812912702560425, 0.3812224268913269, 0.38114869594573975, 0.38110241293907166, 0.381041944026947, 0.3810127377510071, 0.38095420598983765, 0.3809046149253845, 0.38086140155792236, 0.3808034062385559, 0.38073644042015076, 0.38069653511047363, 0.38062575459480286, 0.38057562708854675, 0.3805040419101715, 0.380441814661026, 0.3804072439670563, 0.380385160446167, 0.3803255558013916, 0.3802921175956726, 0.380265474319458, 0.3801976144313812, 0.3801373541355133, 0.38007107377052307, 0.38002100586891174, 0.37997299432754517, 0.3798993229866028, 0.37984898686408997, 0.3797931373119354, 0.3797365427017212, 0.37970519065856934, 0.3796764612197876, 0.3796512484550476, 0.37960028648376465]",33.0,"[33.0, 33.0, 33.0, 33.0, 33.0, 33.0, 33.0, 33.0, 33.0, 33.0, 33.0, 33.0, 33.0, 33.0, 33.0, 33.0, 33.0, 33.0, 33.0, 33.0, 33.0, 33.0, 33.0, 33.0, 33.0, 33.0, 33.0, 33.0, 33.0, 33.0, 33.0, 33.0, 33.0, 33.0, 33.0, 33.0, 33.0, 33.0, 33.0, 33.0, 33.0, 33.0, 33.0, 33.0, 33.0, 33.0, 33.0, 33.0, 33.0, 33.0, 33.0, 33.0, 33.0, 33.0, 33.0, 33.0, 33.0, 33.0, 33.0, 33.0, 33.0, 33.0, 33.0, 33.0, 33.0, 33.0, 33.0, 33.0, 33.0, 33.0, 33.0, 33.0, 33.0, 33.0, 33.0, 33.0, 33.0, 33.0, 33.0, 33.0, 33.0, 33.0, 33.0, 33.0, 33.0, 33.0, 33.0, 33.0, 33.0, 33.0, 33.0, 33.0, 33.0, 33.0, 33.0, 33.0, 33.0, 33.0, 33.0, 33.0, 33.0, 33.0, 33.0, 33.0, 33.0, 33.0, 33.0, 33.0, 33.0, 33.0, 33.0, 33.0, 33.0, 33.0, 33.0, 33.0, 33.0, 33.0, 33.0, 33.0, 33.0, 33.0, 33.0, 33.0, 33.0, 33.0, 33.0, 33.0, 33.0, 33.0, 33.0, 33.0, 33.0, 33.0, 33.0, 33.0, 33.0, 33.0, 33.0, 33.0, 33.0, 33.0, 33.0, 33.0, 33.0, 33.0, 33.0, 33.0, 33.0, 33.0, 33.0, 33.0, 33.0, 33.0, 33.0, 33.0, 33.0, 33.0, 33.0, 33.0, 33.0, 33.0, 33.0, 33.0, 33.0, 33.0, 33.0, 33.0, 33.0, 33.0, 33.0, 33.0, 33.0, 33.0, 33.0, 33.0, 33.0, 33.0, 33.0, 33.0, 33.0, 33.0, 33.0, 33.0, 33.0, 33.0, 33.0, 33.0, 33.0, 33.0, 33.0, 33.0, 33.0, 33.0, 33.0, 33.0, 33.0, 33.0, 33.0, 33.0, 33.0, 33.0, 33.0, 33.0, 33.0, 33.0, 33.0, 33.0, 33.0, 33.0, 33.0, 33.0, 33.0, 33.0, 33.0, 33.0, 33.0, 33.0, 33.0, 33.0, 33.0, 33.0, 33.0, 33.0, 33.0, 33.0, 33.0, 33.0, 33.0, 33.0, 33.0, 33.0, 33.0, 33.0, 33.0, 33.0, 33.0, 33.0, 33.0, 33.0, 33.0, 33.0, 33.0, 33.0, 33.0, 33.0, 33.0, 33.0, 33.0, 33.0, 33.0, 33.0, 33.0, 33.0, 33.0, 33.0, 33.0, 33.0, 33.0, 33.0, 33.0, 33.0, 33.0, 33.0, 33.0, 33.0, 33.0, 33.0, 33.0, 33.0, 33.0, 33.0, 33.0, 33.0, 33.0, 33.0, 33.0, 33.0, 33.0, 33.0, 33.0, 33.0, 33.0, 33.0, 33.0]",COMPLETE
