,number,value,datetime_start,datetime_complete,duration,params_batch_size_scaler,params_constant_learning_rate,params_depth,params_epochs,params_kernel_l2,params_num_trees,params_temperature,user_attrs_accuracy_test,user_attrs_accuracy_valid,user_attrs_approximate_feature_sparsity,user_attrs_approximate_feature_sparsity_history,user_attrs_approximate_weight_sparsity,user_attrs_approximate_weight_sparsity_history,user_attrs_auc_test,user_attrs_auc_valid,user_attrs_feature_sparsity,user_attrs_feature_sparsity_history,user_attrs_num_epochs,user_attrs_val_loss_history,user_attrs_weight_sparsity,user_attrs_weight_sparsity_history,state
111,111,0.9204956782728548,2024-08-31 04:56:57.694632,2024-08-31 04:59:16.865645,0 days 00:02:19.171013,64,1.0793503015379473,5,285,0.0010821120908222795,84,0.0009222483483136857,0.931,0.93,15,"[33, 33, 33, 33, 33, 33, 33, 33, 33, 33, 33, 33, 33, 33, 33, 33, 33, 33, 33, 33, 33, 33, 33, 33, 33, 33, 33, 33, 33, 33, 33, 33, 33, 33, 33, 33, 33, 33, 33, 33, 33, 33, 33, 33, 33, 33, 33, 33, 33, 33, 33, 33, 33, 33, 33, 33, 33, 33, 33, 33, 33, 33, 33, 33, 33, 33, 33, 33, 33, 33, 33, 33, 33, 33, 33, 33, 33, 33, 33, 33, 33, 33, 33, 33, 33, 33, 33, 33, 33, 33, 33, 33, 33, 33, 32, 30, 29, 29, 27, 24, 23, 23, 22, 21, 21, 21, 21, 20, 20, 20, 19, 19, 19, 19, 19, 19, 19, 19, 18, 17, 17, 17, 17, 17, 16, 16, 16, 16, 15, 15, 15, 15, 15, 15, 15, 15, 15, 15, 15, 15, 15, 15, 15, 15, 15, 15, 15, 15, 15, 15, 15, 15, 15, 15, 15, 15, 15, 15, 15, 15, 15, 15, 15, 15, 15, 15, 15, 15, 15, 15, 15, 15, 15, 15, 15, 15, 15, 15, 15, 15, 15, 15, 15, 15, 15, 15, 15, 15, 15, 15, 15, 15, 15, 15, 15, 15, 15, 15, 15, 15, 15, 15, 15, 15, 15, 15, 15, 15, 15, 15, 15, 15, 15, 15, 15, 15, 15, 15, 15, 15, 15, 15, 15, 15, 15, 15, 15, 15, 15, 15, 15, 15, 15, 15, 15, 15, 15, 15, 15, 15, 15, 15, 15, 15, 15, 15, 15, 15, 15, 15, 15, 15, 15, 15, 15, 15, 15, 15, 15, 15, 15, 15, 15, 15, 15, 15, 15, 15, 15, 15, 15, 15, 15, 15, 15, 15, 15, 15, 15, 15, 15, 15, 15, 15, 15]",14.96774193548387,"[32.92357910906298, 32.93202764976958, 32.937403993855604, 32.936251920122885, 32.926267281105986, 32.91743471582181, 32.93202764976959, 32.92204301075269, 32.923963133640555, 32.92242703533026, 32.92933947772657, 32.9304915514593, 32.93087557603686, 32.93701996927803, 32.93817204301075, 32.936251920122885, 32.927419354838705, 32.93241167434716, 32.92818740399385, 32.927035330261134, 32.93164362519201, 32.93356374807988, 32.93740399385561, 32.925499231950845, 32.93356374807988, 32.924347158218126, 32.93164362519201, 32.93625192012289, 32.92857142857143, 32.93817204301075, 32.93125960061444, 32.93932411674347, 32.93279569892473, 32.935483870967744, 32.93970814132105, 32.92933947772657, 32.93241167434716, 32.94009216589862, 32.937403993855604, 32.93817204301075, 32.924347158218126, 32.92626728110599, 32.927035330261134, 32.934715821812595, 32.93125960061444, 32.9304915514593, 32.93279569892473, 32.932795698924735, 32.92818740399385, 32.92972350230415, 32.92626728110599, 32.933947772657454, 32.93433179723502, 32.93509984639017, 32.933179723502306, 32.93049155145929, 32.935867895545314, 32.93164362519201, 32.9389400921659, 32.932795698924735, 32.93010752688172, 32.93010752688172, 32.937788018433174, 32.93548387096774, 32.93932411674347, 32.93663594470046, 32.94009216589862, 32.94009216589862, 32.934331797235025, 32.93356374807988, 32.93509984639017, 32.94278033794163, 32.93855606758832, 32.93125960061444, 32.93241167434716, 32.93509984639017, 32.93241167434716, 32.93778801843318, 32.935483870967744, 32.93087557603687, 32.93125960061444, 32.928955453149, 32.925883256528415, 32.93202764976959, 32.9389400921659, 32.928955453149, 32.93049155145929, 32.935099846390166, 32.93663594470046, 32.93125960061444, 32.935099846390166, 32.92165898617511, 32.92818740399386, 32.928955453149, 31.933563748079877, 29.93625192012289, 28.938556067588326, 28.94047619047619, 26.94470046082949, 23.94546850998464, 22.952764976958523, 22.95622119815668, 21.95506912442396, 20.95353302611367, 20.95430107526882, 20.959677419354836, 20.960829493087555, 19.960061443932414, 19.961597542242703, 19.956989247311828, 18.960445468509985, 18.96351766513057, 18.958141321044547, 18.959677419354836, 18.963133640552996, 18.960445468509985, 18.961981566820278, 18.966589861751153, 17.96390168970814, 16.969662058371735, 16.96428571428571, 16.964669738863286, 16.966589861751153, 16.96927803379416, 15.97273425499232, 15.972350230414747, 15.97273425499232, 15.969278033794163, 14.974654377880183, 14.970430107526882, 14.970814132104454, 14.968125960061442, 14.971198156682028, 14.971198156682028, 14.9715821812596, 14.97004608294931, 14.968125960061442, 14.968125960061444, 14.970046082949308, 14.968125960061444, 14.969278033794163, 14.973118279569892, 14.972350230414747, 14.969278033794161, 14.969278033794163, 14.970046082949308, 14.97273425499232, 14.9715821812596, 14.976574500768049, 14.974270353302611, 14.974654377880183, 14.974654377880183, 14.9715821812596, 14.96889400921659, 14.971198156682027, 14.971198156682027, 14.972350230414747, 14.9715821812596, 14.973502304147464, 14.972350230414746, 14.972734254992318, 14.966589861751153, 14.963901689708141, 14.971966205837173, 14.9715821812596, 14.9715821812596, 14.968509984639018, 14.965437788018432, 14.96774193548387, 14.973118279569894, 14.975806451612904, 14.975806451612904, 14.975038402457756, 14.975422427035328, 14.97542242703533, 14.97004608294931, 14.969662058371737, 14.976574500768049, 14.971966205837171, 14.973502304147466, 14.971198156682027, 14.969278033794163, 14.964669738863288, 14.971966205837173, 14.970430107526882, 14.969662058371735, 14.969278033794163, 14.97311827956989, 14.970814132104454, 14.968894009216593, 14.966589861751151, 14.965821812596007, 14.968509984639017, 14.967357910906296, 14.970814132104454, 14.971198156682027, 14.971198156682027, 14.970814132104456, 14.971966205837173, 14.973118279569892, 14.97273425499232, 14.973118279569894, 14.975038402457757, 14.971966205837173, 14.9715821812596, 14.968125960061444, 14.966589861751153, 14.971582181259599, 14.971966205837171, 14.966205837173579, 14.969278033794163, 14.972350230414747, 14.969278033794163, 14.969662058371735, 14.970814132104454, 14.973502304147464, 14.971966205837173, 14.9715821812596, 14.9715821812596, 14.975806451612902, 14.974270353302613, 14.97273425499232, 14.971198156682028, 14.97542242703533, 14.975422427035332, 14.971966205837175, 14.97542242703533, 14.975038402457757, 14.97811059907834, 14.97542242703533, 14.974654377880185, 14.975038402457757, 14.97427035330261, 14.974654377880183, 14.977726574500766, 14.97811059907834, 14.979262672811059, 14.977342549923193, 14.97811059907834, 14.978878648233486, 14.978878648233486, 14.975038402457756, 14.977342549923195, 14.978110599078342, 14.977342549923195, 14.977342549923195, 14.979646697388633, 14.978494623655916, 14.975806451612902, 14.974270353302613, 14.979646697388633, 14.978110599078342, 14.976958525345621, 14.97542242703533, 14.979262672811059, 14.977726574500766, 14.978110599078342, 14.97811059907834, 14.976190476190474, 14.976958525345621, 14.977726574500767, 14.976958525345623, 14.975806451612904, 14.976190476190474, 14.979262672811059, 14.975038402457757, 14.973886328725039, 14.972734254992318, 14.973502304147464, 14.976574500768047, 14.976958525345621, 14.976190476190476, 14.97772657450077, 14.973886328725039, 14.974270353302611, 14.974270353302613, 14.974270353302611, 14.972734254992318, 14.973502304147466, 14.974270353302611, 14.973502304147464, 14.970814132104456, 14.973118279569892, 14.971966205837173, 14.96774193548387]",0.9012541384918964,0.9204956782728548,15,"[33, 33, 33, 33, 33, 33, 33, 33, 33, 33, 33, 33, 33, 33, 33, 33, 33, 33, 33, 33, 33, 33, 33, 33, 33, 33, 33, 33, 33, 33, 33, 33, 33, 33, 33, 33, 33, 33, 33, 33, 33, 33, 33, 33, 33, 33, 33, 33, 33, 33, 33, 33, 33, 33, 33, 33, 33, 33, 33, 33, 33, 33, 33, 33, 33, 33, 33, 33, 33, 33, 33, 33, 33, 33, 33, 33, 33, 33, 33, 33, 33, 33, 33, 33, 33, 33, 33, 33, 33, 33, 33, 33, 33, 33, 32, 30, 29, 29, 27, 24, 23, 23, 22, 21, 21, 21, 21, 20, 20, 20, 19, 19, 19, 19, 19, 19, 19, 19, 18, 17, 17, 17, 17, 17, 16, 16, 16, 16, 15, 15, 15, 15, 15, 15, 15, 15, 15, 15, 15, 15, 15, 15, 15, 15, 15, 15, 15, 15, 15, 15, 15, 15, 15, 15, 15, 15, 15, 15, 15, 15, 15, 15, 15, 15, 15, 15, 15, 15, 15, 15, 15, 15, 15, 15, 15, 15, 15, 15, 15, 15, 15, 15, 15, 15, 15, 15, 15, 15, 15, 15, 15, 15, 15, 15, 15, 15, 15, 15, 15, 15, 15, 15, 15, 15, 15, 15, 15, 15, 15, 15, 15, 15, 15, 15, 15, 15, 15, 15, 15, 15, 15, 15, 15, 15, 15, 15, 15, 15, 15, 15, 15, 15, 15, 15, 15, 15, 15, 15, 15, 15, 15, 15, 15, 15, 15, 15, 15, 15, 15, 15, 15, 15, 15, 15, 15, 15, 15, 15, 15, 15, 15, 15, 15, 15, 15, 15, 15, 15, 15, 15, 15, 15, 15, 15, 15, 15, 15, 15, 15, 15, 15, 15, 15, 15, 15]",285,"[0.4001036584377289, 0.3947739005088806, 0.3873635232448578, 0.3884986639022827, 0.3842695355415344, 0.37649232149124146, 0.377721905708313, 0.372636616230011, 0.37114033102989197, 0.371011883020401, 0.36797523498535156, 0.36819183826446533, 0.3662969470024109, 0.3654053509235382, 0.3648643493652344, 0.36288246512413025, 0.3709467649459839, 0.36117878556251526, 0.36100396513938904, 0.35728731751441956, 0.35710644721984863, 0.3558214604854584, 0.3601384460926056, 0.35992664098739624, 0.3526853322982788, 0.3522966802120209, 0.3536367416381836, 0.3551712930202484, 0.3497813045978546, 0.3497259020805359, 0.34885841608047485, 0.35056090354919434, 0.3476511240005493, 0.3474672734737396, 0.3465936779975891, 0.3451288342475891, 0.34198302030563354, 0.34454381465911865, 0.3403870463371277, 0.34105220437049866, 0.33861613273620605, 0.3390185534954071, 0.3372724950313568, 0.33542001247406006, 0.3348318040370941, 0.33417320251464844, 0.3363046944141388, 0.33302250504493713, 0.333439439535141, 0.33277684450149536, 0.3340336084365845, 0.3317103683948517, 0.3313244879245758, 0.33050549030303955, 0.32959139347076416, 0.3316848874092102, 0.32482144236564636, 0.3241315186023712, 0.3246276378631592, 0.32270535826683044, 0.3228808641433716, 0.3209367096424103, 0.32342979311943054, 0.31953519582748413, 0.3190082013607025, 0.31676146388053894, 0.31645068526268005, 0.3154987692832947, 0.31396856904029846, 0.3139292597770691, 0.31159743666648865, 0.3108745217323303, 0.30853500962257385, 0.3071519434452057, 0.3076249361038208, 0.30513399839401245, 0.30536025762557983, 0.3008854389190674, 0.30359503626823425, 0.29848000407218933, 0.29892101883888245, 0.29566460847854614, 0.29820680618286133, 0.2944272458553314, 0.2934860587120056, 0.29529139399528503, 0.29114580154418945, 0.29099979996681213, 0.291331946849823, 0.28910091519355774, 0.28617289662361145, 0.2846265435218811, 0.28543514013290405, 0.28392523527145386, 0.28284093737602234, 0.282467246055603, 0.28179311752319336, 0.2807599604129791, 0.2788390517234802, 0.2788964807987213, 0.2755572497844696, 0.2745879590511322, 0.2761460244655609, 0.27066001296043396, 0.27121004462242126, 0.26819419860839844, 0.267503947019577, 0.26362618803977966, 0.26269105076789856, 0.2638365626335144, 0.2743806838989258, 0.26274800300598145, 0.2633032500743866, 0.26330843567848206, 0.2618871033191681, 0.26073914766311646, 0.25934818387031555, 0.26298806071281433, 0.2582474946975708, 0.2569809854030609, 0.26291972398757935, 0.25633704662323, 0.25797030329704285, 0.25486114621162415, 0.25965455174446106, 0.25378912687301636, 0.2540731430053711, 0.2522721588611603, 0.25228551030158997, 0.25113263726234436, 0.252894788980484, 0.250413715839386, 0.2511771023273468, 0.24946540594100952, 0.2513960599899292, 0.24876365065574646, 0.24769380688667297, 0.2473631501197815, 0.24844875931739807, 0.24667534232139587, 0.24628761410713196, 0.24534355103969574, 0.24728593230247498, 0.244624525308609, 0.24461178481578827, 0.24569368362426758, 0.24419237673282623, 0.24343138933181763, 0.24302980303764343, 0.24294301867485046, 0.24229124188423157, 0.24408769607543945, 0.24605683982372284, 0.24130438268184662, 0.24116632342338562, 0.2453252673149109, 0.23987960815429688, 0.23987869918346405, 0.2380225956439972, 0.23701529204845428, 0.23828834295272827, 0.23659555613994598, 0.23591062426567078, 0.23579074442386627, 0.23583944141864777, 0.23662272095680237, 0.23725132644176483, 0.23388509452342987, 0.2337934672832489, 0.23484686017036438, 0.23248668015003204, 0.23299866914749146, 0.23758277297019958, 0.23318950831890106, 0.2335456907749176, 0.2331065684556961, 0.23422981798648834, 0.23338864743709564, 0.23562127351760864, 0.23594292998313904, 0.23160146176815033, 0.2303261011838913, 0.23278556764125824, 0.23132085800170898, 0.23035095632076263, 0.23019570112228394, 0.22987768054008484, 0.22927449643611908, 0.2297981232404709, 0.22831478714942932, 0.22753481566905975, 0.22903428971767426, 0.22722595930099487, 0.22801360487937927, 0.227753683924675, 0.2279542088508606, 0.2270723283290863, 0.2266395539045334, 0.2262285053730011, 0.2262120395898819, 0.22658619284629822, 0.22665825486183167, 0.22519280016422272, 0.22621077299118042, 0.22448612749576569, 0.2264212965965271, 0.22895610332489014, 0.22535081207752228, 0.22387026250362396, 0.22482958436012268, 0.2223636507987976, 0.22340387105941772, 0.22158999741077423, 0.22975154221057892, 0.2209058254957199, 0.2235317826271057, 0.22327186167240143, 0.22174079716205597, 0.2221022993326187, 0.22191376984119415, 0.22642825543880463, 0.2264213114976883, 0.22058911621570587, 0.22114215791225433, 0.21940018236637115, 0.22446508705615997, 0.22388404607772827, 0.21842771768569946, 0.21965263783931732, 0.21880120038986206, 0.2179466187953949, 0.21776753664016724, 0.21769855916500092, 0.2175350934267044, 0.21641021966934204, 0.21773070096969604, 0.21781574189662933, 0.21585945785045624, 0.21815913915634155, 0.2148204743862152, 0.21483711898326874, 0.2145490199327469, 0.21571454405784607, 0.2151315063238144, 0.21381309628486633, 0.2140299677848816, 0.21454165875911713, 0.2142658680677414, 0.2136254757642746, 0.21637603640556335, 0.21413716673851013, 0.21416297554969788, 0.21362388134002686, 0.21663865447044373, 0.21427211165428162, 0.21290262043476105, 0.21563820540905, 0.21201258897781372, 0.21192774176597595, 0.21151117980480194, 0.2119125872850418, 0.21451373398303986, 0.21127495169639587, 0.2110786885023117, 0.21083861589431763, 0.21023902297019958, 0.21001620590686798, 0.20916743576526642, 0.20942769944667816, 0.20920418202877045, 0.21081310510635376, 0.21109117567539215, 0.21069416403770447, 0.21297965943813324, 0.21310362219810486, 0.20894795656204224, 0.2090359628200531, 0.20927459001541138, 0.20830760896205902, 0.20903964340686798, 0.20943069458007812, 0.20735575258731842, 0.21584191918373108, 0.20695152878761292, 0.20759902894496918]",15.0,"[33.0, 33.0, 33.0, 33.0, 33.0, 33.0, 33.0, 33.0, 33.0, 33.0, 33.0, 33.0, 33.0, 33.0, 33.0, 33.0, 33.0, 33.0, 33.0, 33.0, 33.0, 33.0, 33.0, 33.0, 33.0, 33.0, 33.0, 33.0, 33.0, 33.0, 33.0, 33.0, 33.0, 33.0, 33.0, 33.0, 33.0, 33.0, 33.0, 33.0, 33.0, 33.0, 33.0, 33.0, 33.0, 33.0, 33.0, 33.0, 33.0, 33.0, 33.0, 33.0, 33.0, 33.0, 33.0, 33.0, 33.0, 33.0, 33.0, 33.0, 33.0, 33.0, 33.0, 33.0, 33.0, 33.0, 33.0, 33.0, 33.0, 33.0, 33.0, 33.0, 33.0, 33.0, 33.0, 33.0, 33.0, 33.0, 33.0, 33.0, 33.0, 33.0, 33.0, 33.0, 33.0, 33.0, 33.0, 33.0, 33.0, 33.0, 33.0, 33.0, 33.0, 33.0, 32.0, 30.0, 29.0, 29.0, 27.0, 24.0, 23.0, 23.0, 22.0, 21.0, 21.0, 21.0, 21.0, 20.0, 20.0, 20.0, 19.0, 19.0, 19.0, 19.0, 19.0, 19.0, 19.0, 19.0, 18.0, 17.0, 17.0, 17.0, 17.0, 17.0, 16.0, 16.0, 16.0, 16.0, 15.0, 15.0, 15.0, 15.0, 15.0, 15.0, 15.0, 15.0, 15.0, 15.0, 15.0, 15.0, 15.0, 15.0, 15.0, 15.0, 15.0, 15.0, 15.0, 15.0, 15.0, 15.0, 15.0, 15.0, 15.0, 15.0, 15.0, 15.0, 15.0, 15.0, 15.0, 15.0, 15.0, 15.0, 15.0, 15.0, 15.0, 15.0, 15.0, 15.0, 15.0, 15.0, 15.0, 15.0, 15.0, 15.0, 15.0, 15.0, 15.0, 15.0, 15.0, 15.0, 15.0, 15.0, 15.0, 15.0, 15.0, 15.0, 15.0, 15.0, 15.0, 15.0, 15.0, 15.0, 15.0, 15.0, 15.0, 15.0, 15.0, 15.0, 15.0, 15.0, 15.0, 15.0, 15.0, 15.0, 15.0, 15.0, 15.0, 15.0, 15.0, 15.0, 15.0, 15.0, 15.0, 15.0, 15.0, 15.0, 15.0, 15.0, 15.0, 15.0, 15.0, 15.0, 15.0, 15.0, 15.0, 15.0, 15.0, 15.0, 15.0, 15.0, 15.0, 15.0, 15.0, 15.0, 15.0, 15.0, 15.0, 15.0, 15.0, 15.0, 15.0, 15.0, 15.0, 15.0, 15.0, 15.0, 15.0, 15.0, 15.0, 15.0, 15.0, 15.0, 15.0, 15.0, 15.0, 15.0, 15.0, 15.0, 15.0, 15.0, 15.0, 15.0, 15.0, 15.0, 15.0, 15.0, 15.0, 15.0, 15.0, 15.0, 15.0, 15.0, 15.0, 15.0, 15.0, 15.0, 15.0, 15.0, 15.0, 15.0, 15.0, 15.0, 15.0, 15.0, 15.0]",COMPLETE
