,number,value,datetime_start,datetime_complete,duration,params_batch_size_scaler,params_constant_learning_rate,params_depth,params_epochs,params_kernel_l2,params_num_trees,params_temperature,user_attrs_accuracy_test,user_attrs_accuracy_valid,user_attrs_approximate_feature_sparsity,user_attrs_approximate_feature_sparsity_history,user_attrs_approximate_weight_sparsity,user_attrs_approximate_weight_sparsity_history,user_attrs_auc_test,user_attrs_auc_valid,user_attrs_feature_sparsity,user_attrs_feature_sparsity_history,user_attrs_num_epochs,user_attrs_val_loss_history,user_attrs_weight_sparsity,user_attrs_weight_sparsity_history,state
58,58,0.5,2024-08-31 02:49:46.180103,2024-08-31 02:57:13.783627,0 days 00:07:27.603524,16,1.7664262041237766,6,455,0.8960770292259764,12,0.00021829557951561572,0.859,0.85875,0,"[33, 33, 33, 33, 33, 33, 33, 33, 33, 33, 33, 33, 33, 29, 21, 19, 17, 17, 17, 14, 14, 14, 14, 13, 13, 12, 11, 10, 10, 9, 9, 8, 8, 8, 8, 8, 8, 8, 8, 8, 8, 8, 8, 8, 8, 8, 8, 8, 8, 8, 8, 8, 7, 7, 7, 7, 7, 7, 7, 7, 7, 6, 6, 6, 6, 5, 5, 5, 5, 3, 3, 3, 3, 3, 3, 3, 3, 3, 3, 3, 3, 3, 3, 3, 3, 3, 3, 3, 3, 1, 1, 0, 0, 0, 0, 0, 0, 0, 0, 0, 0, 0, 0, 0, 0, 0, 0, 0, 0, 0, 0, 0, 0, 0, 0, 0, 0, 0, 0, 0, 0, 0, 0, 0, 0, 0, 0, 0, 0, 0, 0, 0, 0, 0, 0, 0, 0, 0, 0, 0, 0, 0, 0, 0, 0, 0, 0, 0, 0, 0, 0, 0, 0, 0, 0, 0, 0, 0, 0, 0, 0, 0, 0, 0, 0, 0, 0, 0, 0, 0, 0, 0, 0, 0, 0, 0, 0, 0, 0, 0, 0, 0, 0, 0, 0, 0, 0, 0, 0, 0, 0, 0, 0, 0, 0, 0, 0, 0, 0, 0, 0, 0, 0, 0, 0, 0, 0, 0, 0, 0, 0, 0, 0, 0, 0, 0, 0, 0, 0, 0, 0, 0, 0, 0, 0, 0, 0, 0, 0, 0, 0, 0, 0, 0, 0, 0, 0, 0, 0, 0, 0, 0, 0, 0, 0, 0, 0, 0, 0, 0, 0, 0, 0, 0, 0, 0, 0, 0, 0, 0, 0, 0, 0, 0, 0, 0, 0, 0, 0, 0, 0, 0, 0, 0, 0, 0, 0, 0, 0, 0, 0, 0, 0, 0, 0, 0, 0, 0, 0, 0, 0, 0, 0, 0, 0, 0, 0, 0, 0, 0, 0, 0, 0, 0, 0, 0, 0, 0, 0, 0, 0, 0, 0, 0, 0, 0, 0, 0, 0, 0, 0, 0, 0, 0, 0, 0, 0, 0, 0, 0, 0, 0, 0, 0, 0, 0, 0, 0, 0, 0, 0, 0, 0, 0, 0, 0, 0, 0, 0, 0, 0, 0, 0, 0, 0, 0, 0, 0, 0, 0, 0, 0, 0, 0, 0, 0, 0, 0, 0, 0, 0, 0, 0, 0, 0, 0, 0, 0, 0, 0, 0, 0, 0, 0, 0, 0, 0, 0, 0, 0, 0, 0, 0, 0, 0, 0, 0, 0, 0, 0, 0, 0, 0, 0, 0, 0, 0, 0, 0, 0, 0, 0, 0, 0, 0, 0, 0, 0, 0, 0, 0, 0, 0, 0, 0, 0, 0, 0, 0, 0, 0, 0, 0, 0, 0, 0, 0, 0, 0, 0, 0, 0, 0, 0, 0, 0, 0, 0, 0, 0, 0, 0, 0, 0, 0]",0.0,"[32.96296296296296, 32.94708994708995, 32.9537037037037, 32.94047619047619, 32.92989417989418, 32.948412698412696, 32.945767195767196, 32.9431216931217, 32.92857142857143, 32.92460317460318, 32.92989417989418, 32.92724867724868, 32.92857142857143, 28.943121693121693, 20.948412698412696, 18.951058201058203, 16.953703703703706, 16.944444444444446, 16.9484126984127, 13.958994708994707, 13.969576719576718, 13.964285714285715, 13.958994708994709, 12.958994708994709, 12.96164021164021, 11.966931216931215, 10.964285714285714, 9.968253968253968, 9.96031746031746, 8.965608465608465, 8.966931216931217, 7.966931216931217, 7.9563492063492065, 7.956349206349207, 7.96031746031746, 7.961640211640211, 7.961640211640211, 7.958994708994709, 7.9642857142857135, 7.958994708994709, 7.935185185185185, 7.956349206349206, 7.962962962962963, 7.947089947089948, 7.9523809523809526, 7.944444444444445, 7.941798941798941, 7.953703703703704, 7.958994708994709, 7.94047619047619, 7.939153439153439, 7.936507936507936, 6.944444444444445, 6.936507936507937, 6.935185185185185, 6.935185185185185, 6.9298941798941796, 6.927248677248677, 6.928571428571429, 6.915343915343915, 6.917989417989418, 5.941798941798941, 5.941798941798941, 5.932539682539683, 5.928571428571429, 4.933862433862434, 4.945767195767196, 4.951058201058201, 4.9523809523809526, 2.9828042328042326, 2.9788359788359786, 2.9775132275132274, 2.9801587301587302, 2.9761904761904763, 2.9735449735449735, 2.9801587301587302, 2.9722222222222223, 2.9735449735449735, 2.9669312169312168, 2.9669312169312168, 2.958994708994709, 2.9523809523809526, 2.9523809523809526, 2.9404761904761907, 2.9444444444444446, 2.943121693121693, 2.9444444444444446, 2.943121693121693, 2.941798941798942, 0.9854497354497355, 0.9841269841269841, 0.0, 0.0, 0.0, 0.0, 0.0, 0.0, 0.0, 0.0, 0.0, 0.0, 0.0, 0.0, 0.0, 0.0, 0.0, 0.0, 0.0, 0.0, 0.0, 0.0, 0.0, 0.0, 0.0, 0.0, 0.0, 0.0, 0.0, 0.0, 0.0, 0.0, 0.0, 0.0, 0.0, 0.0, 0.0, 0.0, 0.0, 0.0, 0.0, 0.0, 0.0, 0.0, 0.0, 0.0, 0.0, 0.0, 0.0, 0.0, 0.0, 0.0, 0.0, 0.0, 0.0, 0.0, 0.0, 0.0, 0.0, 0.0, 0.0, 0.0, 0.0, 0.0, 0.0, 0.0, 0.0, 0.0, 0.0, 0.0, 0.0, 0.0, 0.0, 0.0, 0.0, 0.0, 0.0, 0.0, 0.0, 0.0, 0.0, 0.0, 0.0, 0.0, 0.0, 0.0, 0.0, 0.0, 0.0, 0.0, 0.0, 0.0, 0.0, 0.0, 0.0, 0.0, 0.0, 0.0, 0.0, 0.0, 0.0, 0.0, 0.0, 0.0, 0.0, 0.0, 0.0, 0.0, 0.0, 0.0, 0.0, 0.0, 0.0, 0.0, 0.0, 0.0, 0.0, 0.0, 0.0, 0.0, 0.0, 0.0, 0.0, 0.0, 0.0, 0.0, 0.0, 0.0, 0.0, 0.0, 0.0, 0.0, 0.0, 0.0, 0.0, 0.0, 0.0, 0.0, 0.0, 0.0, 0.0, 0.0, 0.0, 0.0, 0.0, 0.0, 0.0, 0.0, 0.0, 0.0, 0.0, 0.0, 0.0, 0.0, 0.0, 0.0, 0.0, 0.0, 0.0, 0.0, 0.0, 0.0, 0.0, 0.0, 0.0, 0.0, 0.0, 0.0, 0.0, 0.0, 0.0, 0.0, 0.0, 0.0, 0.0, 0.0, 0.0, 0.0, 0.0, 0.0, 0.0, 0.0, 0.0, 0.0, 0.0, 0.0, 0.0, 0.0, 0.0, 0.0, 0.0, 0.0, 0.0, 0.0, 0.0, 0.0, 0.0, 0.0, 0.0, 0.0, 0.0, 0.0, 0.0, 0.0, 0.0, 0.0, 0.0, 0.0, 0.0, 0.0, 0.0, 0.0, 0.0, 0.0, 0.0, 0.0, 0.0, 0.0, 0.0, 0.0, 0.0, 0.0, 0.0, 0.0, 0.0, 0.0, 0.0, 0.0, 0.0, 0.0, 0.0, 0.0, 0.0, 0.0, 0.0, 0.0, 0.0, 0.0, 0.0, 0.0, 0.0, 0.0, 0.0, 0.0, 0.0, 0.0, 0.0, 0.0, 0.0, 0.0, 0.0, 0.0, 0.0, 0.0, 0.0, 0.0, 0.0, 0.0, 0.0, 0.0, 0.0, 0.0, 0.0, 0.0, 0.0, 0.0, 0.0, 0.0, 0.0, 0.0, 0.0, 0.0, 0.0, 0.0, 0.0, 0.0, 0.0, 0.0, 0.0, 0.0, 0.0, 0.0, 0.0, 0.0, 0.0, 0.0, 0.0, 0.0, 0.0, 0.0, 0.0, 0.0, 0.0, 0.0, 0.0, 0.0, 0.0, 0.0, 0.0, 0.0, 0.0, 0.0, 0.0, 0.0, 0.0, 0.0, 0.0, 0.0, 0.0, 0.0, 0.0, 0.0, 0.0, 0.0, 0.0, 0.0, 0.0, 0.0, 0.0, 0.0, 0.0, 0.0, 0.0, 0.0, 0.0, 0.0, 0.0, 0.0, 0.0, 0.0, 0.0, 0.0, 0.0, 0.0, 0.0, 0.0, 0.0, 0.0, 0.0, 0.0, 0.0, 0.0, 0.0, 0.0, 0.0, 0.0, 0.0, 0.0, 0.0, 0.0, 0.0, 0.0, 0.0, 0.0, 0.0, 0.0, 0.0, 0.0, 0.0, 0.0, 0.0, 0.0, 0.0, 0.0, 0.0, 0.0]",0.5,0.5,0,"[33, 33, 33, 33, 33, 33, 33, 33, 33, 33, 33, 33, 33, 29, 21, 19, 17, 17, 17, 14, 14, 14, 14, 13, 13, 12, 11, 10, 10, 9, 9, 8, 8, 8, 8, 8, 8, 8, 8, 8, 8, 8, 8, 8, 8, 8, 8, 8, 8, 8, 8, 8, 7, 7, 7, 7, 7, 7, 7, 7, 7, 6, 6, 6, 6, 5, 5, 5, 5, 3, 3, 3, 3, 3, 3, 3, 3, 3, 3, 3, 3, 3, 3, 3, 3, 3, 3, 3, 3, 1, 1, 0, 0, 0, 0, 0, 0, 0, 0, 0, 0, 0, 0, 0, 0, 0, 0, 0, 0, 0, 0, 0, 0, 0, 0, 0, 0, 0, 0, 0, 0, 0, 0, 0, 0, 0, 0, 0, 0, 0, 0, 0, 0, 0, 0, 0, 0, 0, 0, 0, 0, 0, 0, 0, 0, 0, 0, 0, 0, 0, 0, 0, 0, 0, 0, 0, 0, 0, 0, 0, 0, 0, 0, 0, 0, 0, 0, 0, 0, 0, 0, 0, 0, 0, 0, 0, 0, 0, 0, 0, 0, 0, 0, 0, 0, 0, 0, 0, 0, 0, 0, 0, 0, 0, 0, 0, 0, 0, 0, 0, 0, 0, 0, 0, 0, 0, 0, 0, 0, 0, 0, 0, 0, 0, 0, 0, 0, 0, 0, 0, 0, 0, 0, 0, 0, 0, 0, 0, 0, 0, 0, 0, 0, 0, 0, 0, 0, 0, 0, 0, 0, 0, 0, 0, 0, 0, 0, 0, 0, 0, 0, 0, 0, 0, 0, 0, 0, 0, 0, 0, 0, 0, 0, 0, 0, 0, 0, 0, 0, 0, 0, 0, 0, 0, 0, 0, 0, 0, 0, 0, 0, 0, 0, 0, 0, 0, 0, 0, 0, 0, 0, 0, 0, 0, 0, 0, 0, 0, 0, 0, 0, 0, 0, 0, 0, 0, 0, 0, 0, 0, 0, 0, 0, 0, 0, 0, 0, 0, 0, 0, 0, 0, 0, 0, 0, 0, 0, 0, 0, 0, 0, 0, 0, 0, 0, 0, 0, 0, 0, 0, 0, 0, 0, 0, 0, 0, 0, 0, 0, 0, 0, 0, 0, 0, 0, 0, 0, 0, 0, 0, 0, 0, 0, 0, 0, 0, 0, 0, 0, 0, 0, 0, 0, 0, 0, 0, 0, 0, 0, 0, 0, 0, 0, 0, 0, 0, 0, 0, 0, 0, 0, 0, 0, 0, 0, 0, 0, 0, 0, 0, 0, 0, 0, 0, 0, 0, 0, 0, 0, 0, 0, 0, 0, 0, 0, 0, 0, 0, 0, 0, 0, 0, 0, 0, 0, 0, 0, 0, 0, 0, 0, 0, 0, 0, 0, 0, 0, 0, 0, 0, 0, 0, 0, 0, 0, 0, 0, 0, 0, 0, 0, 0, 0, 0, 0]",455,"[0.45602357387542725, 0.43739497661590576, 0.4260771572589874, 0.41638505458831787, 0.4075774848461151, 0.3995846211910248, 0.39222729206085205, 0.3843541443347931, 0.37623605132102966, 0.3698876202106476, 0.3632526099681854, 0.3584655523300171, 0.35137099027633667, 0.3422808349132538, 0.33342936635017395, 0.3284074366092682, 0.32355305552482605, 0.31966227293014526, 0.3163551986217499, 0.3153662383556366, 0.3127690255641937, 0.3088666796684265, 0.30648964643478394, 0.30515363812446594, 0.3025173246860504, 0.30139482021331787, 0.30203038454055786, 0.30051013827323914, 0.3011573553085327, 0.3034769296646118, 0.299739271402359, 0.3001067340373993, 0.29872265458106995, 0.2979198098182678, 0.2967033088207245, 0.2948226034641266, 0.29406899213790894, 0.2925105392932892, 0.291724294424057, 0.2894396483898163, 0.28875014185905457, 0.28777915239334106, 0.286998987197876, 0.28596606850624084, 0.2855299711227417, 0.2841145396232605, 0.2814817428588867, 0.28160861134529114, 0.28020769357681274, 0.27899643778800964, 0.27937018871307373, 0.27978041768074036, 0.2802838683128357, 0.28234365582466125, 0.2769138216972351, 0.27689889073371887, 0.27531975507736206, 0.2724299728870392, 0.2742823362350464, 0.27025046944618225, 0.2707892060279846, 0.3109484016895294, 0.31055644154548645, 0.3080025613307953, 0.3041664659976959, 0.3131766617298126, 0.31114786863327026, 0.31043320894241333, 0.30934733152389526, 0.3805837631225586, 0.3642491400241852, 0.36374160647392273, 0.3634188175201416, 0.36314278841018677, 0.36262771487236023, 0.3661963939666748, 0.36233028769493103, 0.36216261982917786, 0.3616699278354645, 0.3618486821651459, 0.36140671372413635, 0.3615548312664032, 0.3610004484653473, 0.36687690019607544, 0.36103931069374084, 0.36193573474884033, 0.3605620861053467, 0.3603414297103882, 0.3605719804763794, 0.39618873596191406, 0.3966027498245239, 0.40728145837783813, 0.40819641947746277, 0.40722620487213135, 0.40827345848083496, 0.4074065089225769, 0.40757787227630615, 0.4075014889240265, 0.40743279457092285, 0.4075252413749695, 0.4072633385658264, 0.4072480797767639, 0.40801265835762024, 0.40742266178131104, 0.40742576122283936, 0.4074898660182953, 0.4073486626148224, 0.40865761041641235, 0.4074815809726715, 0.4094029664993286, 0.4072365462779999, 0.4072507619857788, 0.4072705805301666, 0.4087723195552826, 0.40743517875671387, 0.40757742524147034, 0.4074186384677887, 0.407230019569397, 0.41087010502815247, 0.40725064277648926, 0.40761345624923706, 0.40871426463127136, 0.4078536927700043, 0.4074002802371979, 0.40786606073379517, 0.407926470041275, 0.4076070785522461, 0.4079053997993469, 0.4080274999141693, 0.4075625538825989, 0.40726011991500854, 0.40745776891708374, 0.4072414040565491, 0.40742942690849304, 0.40726035833358765, 0.40740105509757996, 0.40729695558547974, 0.407797247171402, 0.4080556631088257, 0.40724095702171326, 0.4090307950973511, 0.40995538234710693, 0.4076661765575409, 0.4072571098804474, 0.40756919980049133, 0.40727943181991577, 0.40724509954452515, 0.40730276703834534, 0.4076061546802521, 0.4072953462600708, 0.4074009656906128, 0.4073145389556885, 0.40725553035736084, 0.4094066321849823, 0.407255083322525, 0.40728694200515747, 0.40738728642463684, 0.4073328375816345, 0.4105875790119171, 0.40880677103996277, 0.407414972782135, 0.40802547335624695, 0.4073065519332886, 0.40734702348709106, 0.40741103887557983, 0.4072263836860657, 0.41140472888946533, 0.4077267050743103, 0.4075043499469757, 0.407372385263443, 0.4079630672931671, 0.40857693552970886, 0.40734127163887024, 0.4072261452674866, 0.4074190855026245, 0.40727028250694275, 0.4073973000049591, 0.4072433412075043, 0.40768033266067505, 0.40723055601119995, 0.4072500169277191, 0.4072268307209015, 0.4073329269886017, 0.4073753356933594, 0.4081699848175049, 0.4073620140552521, 0.4072509706020355, 0.40737032890319824, 0.40868836641311646, 0.40761157870292664, 0.40742507576942444, 0.4078208804130554, 0.40722939372062683, 0.4074089527130127, 0.40754157304763794, 0.40855908393859863, 0.40786993503570557, 0.40837931632995605, 0.4072580635547638, 0.40751758217811584, 0.40722981095314026, 0.40763285756111145, 0.40863654017448425, 0.40747973322868347, 0.4088708460330963, 0.4085513949394226, 0.40810734033584595, 0.40882134437561035, 0.4072439968585968, 0.407324880361557, 0.40781012177467346, 0.40747296810150146, 0.40738070011138916, 0.40744614601135254, 0.4072599709033966, 0.40840408205986023, 0.4072374105453491, 0.4073604941368103, 0.407805860042572, 0.4075620174407959, 0.40786847472190857, 0.40754619240760803, 0.4072949290275574, 0.409326434135437, 0.407560259103775, 0.4080186188220978, 0.4074894189834595, 0.41083502769470215, 0.40743935108184814, 0.4072262644767761, 0.4074254333972931, 0.4075157046318054, 0.4075030982494354, 0.40723511576652527, 0.40784648060798645, 0.40738406777381897, 0.4072412848472595, 0.4073112905025482, 0.40778619050979614, 0.4075435400009155, 0.4072452485561371, 0.4078019857406616, 0.4072367548942566, 0.4075144827365875, 0.4072321951389313, 0.4075242877006531, 0.407227486371994, 0.40731242299079895, 0.4084102511405945, 0.4072744846343994, 0.40723156929016113, 0.40787792205810547, 0.4076871871948242, 0.40813565254211426, 0.4073810875415802, 0.40722906589508057, 0.4074666500091553, 0.40726009011268616, 0.40761932730674744, 0.40726974606513977, 0.4097527265548706, 0.40723544359207153, 0.40767738223075867, 0.40753865242004395, 0.40746769309043884, 0.4074059724807739, 0.4076833426952362, 0.40728890895843506, 0.40826091170310974, 0.4075227379798889, 0.40847355127334595, 0.4075412452220917, 0.4076675772666931, 0.4080909490585327, 0.4072421193122864, 0.4073002338409424, 0.40735432505607605, 0.4074559509754181, 0.4098105728626251, 0.40771880745887756, 0.40722930431365967, 0.407291978597641, 0.4073028266429901, 0.4079113304615021, 0.40731388330459595, 0.4072268009185791, 0.40743762254714966, 0.4073823094367981, 0.4072433114051819, 0.4072798788547516, 0.4080475866794586, 0.4092097580432892, 0.4072493016719818, 0.40726619958877563, 0.4074581265449524, 0.4072915017604828, 0.4091109335422516, 0.4073076546192169, 0.40723612904548645, 0.4074576497077942, 0.4073109030723572, 0.41018906235694885, 0.40748727321624756, 0.4073580503463745, 0.4073249399662018, 0.40765392780303955, 0.4072296917438507, 0.40756142139434814, 0.407510370016098, 0.4082629084587097, 0.4073202908039093, 0.40736034512519836, 0.407227098941803, 0.4074018895626068, 0.40850338339805603, 0.40777140855789185, 0.40863704681396484, 0.4075745642185211, 0.4072404205799103, 0.40751051902770996, 0.4078204333782196, 0.4072261452674866, 0.409652978181839, 0.4072781503200531, 0.4072751998901367, 0.40740853548049927, 0.4072604775428772, 0.40912818908691406, 0.40734919905662537, 0.4074483811855316, 0.40734240412712097, 0.40742233395576477, 0.4073754847049713, 0.40788814425468445, 0.40752923488616943, 0.4089135229587555, 0.40749046206474304, 0.40794137120246887, 0.4072403311729431, 0.4074321687221527, 0.40735140442848206, 0.40741902589797974, 0.40784722566604614, 0.4073019027709961, 0.4076734781265259, 0.4082663059234619, 0.40722769498825073, 0.40722641348838806, 0.4072578549385071, 0.4073973000049591, 0.4079056978225708, 0.4076116979122162, 0.40903958678245544, 0.40874171257019043, 0.4073430299758911, 0.40723973512649536, 0.40728050470352173, 0.4093928933143616, 0.40741080045700073, 0.4079245626926422, 0.407226026058197, 0.4074009954929352, 0.4080911874771118, 0.4072348475456238, 0.40723133087158203, 0.4076680839061737, 0.4078364074230194, 0.4079016447067261, 0.4072425365447998, 0.4072355628013611, 0.4072277843952179, 0.4072765111923218, 0.4073159396648407, 0.4072384238243103, 0.40722838044166565, 0.4072372317314148, 0.4074145555496216, 0.4081975519657135, 0.4073106050491333, 0.40918293595314026, 0.40737012028694153, 0.40779078006744385, 0.4080007076263428, 0.40734046697616577, 0.4073048532009125, 0.4075244069099426, 0.40748968720436096, 0.4073081314563751, 0.40996432304382324, 0.40725621581077576, 0.4084460735321045, 0.40873953700065613, 0.4073464870452881, 0.4072737395763397, 0.40837398171424866, 0.4072912335395813, 0.4072762727737427, 0.4077549874782562, 0.40736475586891174, 0.40726566314697266, 0.4074644446372986, 0.4074130654335022, 0.40734049677848816, 0.4072445034980774, 0.40727025270462036, 0.4074519872665405, 0.40751707553863525, 0.4073289632797241, 0.40728580951690674, 0.40779101848602295, 0.4077209234237671, 0.40723857283592224, 0.40723374485969543, 0.4075912833213806, 0.4076074957847595, 0.40747544169425964, 0.40780913829803467, 0.40736687183380127, 0.40826213359832764, 0.4073382318019867, 0.4072643518447876, 0.407972514629364, 0.40726038813591003, 0.4073481261730194, 0.4073945879936218, 0.4076916575431824, 0.4074298143386841, 0.4072604477405548, 0.40735766291618347, 0.4078756272792816, 0.4083124101161957, 0.40738436579704285, 0.4074476361274719, 0.4072282314300537, 0.4072512090206146, 0.4073316156864166, 0.407321572303772, 0.40753886103630066, 0.4073105752468109, 0.40749144554138184, 0.4072851240634918, 0.40761658549308777, 0.4082261919975281, 0.4072289764881134, 0.4072474539279938, 0.4072389304637909, 0.4086689352989197, 0.40758851170539856, 0.4080236554145813, 0.4074215292930603, 0.40774109959602356, 0.40723296999931335, 0.40724942088127136, 0.4072267413139343, 0.40733036398887634]",0.0,"[33.0, 33.0, 33.0, 33.0, 33.0, 33.0, 33.0, 33.0, 33.0, 33.0, 33.0, 33.0, 33.0, 29.0, 21.0, 19.0, 17.0, 17.0, 17.0, 14.0, 14.0, 14.0, 14.0, 13.0, 13.0, 12.0, 11.0, 10.0, 10.0, 9.0, 9.0, 8.0, 8.0, 8.0, 8.0, 8.0, 8.0, 8.0, 8.0, 8.0, 8.0, 8.0, 8.0, 8.0, 8.0, 8.0, 8.0, 8.0, 8.0, 8.0, 8.0, 8.0, 7.0, 7.0, 7.0, 7.0, 7.0, 7.0, 7.0, 7.0, 7.0, 6.0, 6.0, 6.0, 6.0, 5.0, 5.0, 5.0, 5.0, 3.0, 3.0, 3.0, 3.0, 3.0, 3.0, 3.0, 3.0, 3.0, 3.0, 3.0, 3.0, 3.0, 3.0, 3.0, 3.0, 3.0, 3.0, 3.0, 3.0, 1.0, 1.0, 0.0, 0.0, 0.0, 0.0, 0.0, 0.0, 0.0, 0.0, 0.0, 0.0, 0.0, 0.0, 0.0, 0.0, 0.0, 0.0, 0.0, 0.0, 0.0, 0.0, 0.0, 0.0, 0.0, 0.0, 0.0, 0.0, 0.0, 0.0, 0.0, 0.0, 0.0, 0.0, 0.0, 0.0, 0.0, 0.0, 0.0, 0.0, 0.0, 0.0, 0.0, 0.0, 0.0, 0.0, 0.0, 0.0, 0.0, 0.0, 0.0, 0.0, 0.0, 0.0, 0.0, 0.0, 0.0, 0.0, 0.0, 0.0, 0.0, 0.0, 0.0, 0.0, 0.0, 0.0, 0.0, 0.0, 0.0, 0.0, 0.0, 0.0, 0.0, 0.0, 0.0, 0.0, 0.0, 0.0, 0.0, 0.0, 0.0, 0.0, 0.0, 0.0, 0.0, 0.0, 0.0, 0.0, 0.0, 0.0, 0.0, 0.0, 0.0, 0.0, 0.0, 0.0, 0.0, 0.0, 0.0, 0.0, 0.0, 0.0, 0.0, 0.0, 0.0, 0.0, 0.0, 0.0, 0.0, 0.0, 0.0, 0.0, 0.0, 0.0, 0.0, 0.0, 0.0, 0.0, 0.0, 0.0, 0.0, 0.0, 0.0, 0.0, 0.0, 0.0, 0.0, 0.0, 0.0, 0.0, 0.0, 0.0, 0.0, 0.0, 0.0, 0.0, 0.0, 0.0, 0.0, 0.0, 0.0, 0.0, 0.0, 0.0, 0.0, 0.0, 0.0, 0.0, 0.0, 0.0, 0.0, 0.0, 0.0, 0.0, 0.0, 0.0, 0.0, 0.0, 0.0, 0.0, 0.0, 0.0, 0.0, 0.0, 0.0, 0.0, 0.0, 0.0, 0.0, 0.0, 0.0, 0.0, 0.0, 0.0, 0.0, 0.0, 0.0, 0.0, 0.0, 0.0, 0.0, 0.0, 0.0, 0.0, 0.0, 0.0, 0.0, 0.0, 0.0, 0.0, 0.0, 0.0, 0.0, 0.0, 0.0, 0.0, 0.0, 0.0, 0.0, 0.0, 0.0, 0.0, 0.0, 0.0, 0.0, 0.0, 0.0, 0.0, 0.0, 0.0, 0.0, 0.0, 0.0, 0.0, 0.0, 0.0, 0.0, 0.0, 0.0, 0.0, 0.0, 0.0, 0.0, 0.0, 0.0, 0.0, 0.0, 0.0, 0.0, 0.0, 0.0, 0.0, 0.0, 0.0, 0.0, 0.0, 0.0, 0.0, 0.0, 0.0, 0.0, 0.0, 0.0, 0.0, 0.0, 0.0, 0.0, 0.0, 0.0, 0.0, 0.0, 0.0, 0.0, 0.0, 0.0, 0.0, 0.0, 0.0, 0.0, 0.0, 0.0, 0.0, 0.0, 0.0, 0.0, 0.0, 0.0, 0.0, 0.0, 0.0, 0.0, 0.0, 0.0, 0.0, 0.0, 0.0, 0.0, 0.0, 0.0, 0.0, 0.0, 0.0, 0.0, 0.0, 0.0, 0.0, 0.0, 0.0, 0.0, 0.0, 0.0, 0.0, 0.0, 0.0, 0.0, 0.0, 0.0, 0.0, 0.0, 0.0, 0.0, 0.0, 0.0, 0.0, 0.0, 0.0, 0.0, 0.0, 0.0, 0.0, 0.0, 0.0, 0.0, 0.0, 0.0, 0.0, 0.0, 0.0, 0.0, 0.0, 0.0, 0.0, 0.0, 0.0, 0.0, 0.0, 0.0, 0.0, 0.0, 0.0, 0.0, 0.0, 0.0, 0.0, 0.0, 0.0, 0.0, 0.0, 0.0, 0.0, 0.0, 0.0, 0.0, 0.0, 0.0, 0.0, 0.0, 0.0, 0.0, 0.0, 0.0, 0.0, 0.0, 0.0, 0.0, 0.0, 0.0, 0.0, 0.0, 0.0, 0.0, 0.0, 0.0, 0.0, 0.0, 0.0]",COMPLETE
