,number,value,datetime_start,datetime_complete,duration,params_batch_size_scaler,params_constant_learning_rate,params_depth,params_epochs,params_kernel_l2,params_num_trees,params_temperature,user_attrs_accuracy_test,user_attrs_accuracy_valid,user_attrs_approximate_feature_sparsity,user_attrs_approximate_feature_sparsity_history,user_attrs_approximate_weight_sparsity,user_attrs_approximate_weight_sparsity_history,user_attrs_auc_test,user_attrs_auc_valid,user_attrs_feature_sparsity,user_attrs_feature_sparsity_history,user_attrs_num_epochs,user_attrs_val_loss_history,user_attrs_weight_sparsity,user_attrs_weight_sparsity_history,state
77,77,0.5,2024-08-31 03:42:23.194399,2024-08-31 03:45:02.429016,0 days 00:02:39.234617,4,2.731753220973129,6,205,0.031436952716672836,1,0.06459732853990183,0.859,0.85875,0,"[0, 0, 0, 0, 0, 0, 0, 0, 0, 0, 0, 0, 0, 0, 0, 0, 0, 0, 0, 0, 0, 0, 0, 0, 0, 0, 0, 0, 0, 0, 0, 0, 0, 0, 0, 0, 0, 0, 0, 0, 0, 0, 0, 0, 0, 0, 0, 0, 0, 0, 0, 0, 0, 0, 0, 0, 0, 0, 0, 0, 0, 0, 0, 0, 0, 0, 0, 0, 0, 0, 0, 0, 0, 0, 0, 0, 0, 0, 0, 0, 0, 0, 0, 0, 0, 0, 0, 0, 0, 0, 0, 0, 0, 0, 0, 0, 0, 0, 0, 0, 0, 0, 0, 0, 0, 0, 0, 0, 0, 0, 0, 0, 0, 0, 0, 0, 0, 0, 0, 0, 0, 0, 0, 0, 0, 0, 0, 0, 0, 0, 0, 0, 0, 0, 0, 0, 0, 0, 0, 0, 0, 0, 0, 0, 0, 0, 0, 0, 0, 0, 0, 0, 0, 0, 0, 0, 0, 0, 0, 0, 0, 0, 0, 0, 0, 0, 0, 0, 0, 0, 0, 0, 0, 0, 0, 0, 0, 0, 0, 0, 0, 0, 0, 0, 0, 0, 0, 0, 0, 0, 0, 0, 0, 0, 0, 0, 0, 0, 0, 0, 0, 0, 0, 0, 0]",0.0,"[0.0, 0.0, 0.0, 0.0, 0.0, 0.0, 0.0, 0.0, 0.0, 0.0, 0.0, 0.0, 0.0, 0.0, 0.0, 0.0, 0.0, 0.0, 0.0, 0.0, 0.0, 0.0, 0.0, 0.0, 0.0, 0.0, 0.0, 0.0, 0.0, 0.0, 0.0, 0.0, 0.0, 0.0, 0.0, 0.0, 0.0, 0.0, 0.0, 0.0, 0.0, 0.0, 0.0, 0.0, 0.0, 0.0, 0.0, 0.0, 0.0, 0.0, 0.0, 0.0, 0.0, 0.0, 0.0, 0.0, 0.0, 0.0, 0.0, 0.0, 0.0, 0.0, 0.0, 0.0, 0.0, 0.0, 0.0, 0.0, 0.0, 0.0, 0.0, 0.0, 0.0, 0.0, 0.0, 0.0, 0.0, 0.0, 0.0, 0.0, 0.0, 0.0, 0.0, 0.0, 0.0, 0.0, 0.0, 0.0, 0.0, 0.0, 0.0, 0.0, 0.0, 0.0, 0.0, 0.0, 0.0, 0.0, 0.0, 0.0, 0.0, 0.0, 0.0, 0.0, 0.0, 0.0, 0.0, 0.0, 0.0, 0.0, 0.0, 0.0, 0.0, 0.0, 0.0, 0.0, 0.0, 0.0, 0.0, 0.0, 0.0, 0.0, 0.0, 0.0, 0.0, 0.0, 0.0, 0.0, 0.0, 0.0, 0.0, 0.0, 0.0, 0.0, 0.0, 0.0, 0.0, 0.0, 0.0, 0.0, 0.0, 0.0, 0.0, 0.0, 0.0, 0.0, 0.0, 0.0, 0.0, 0.0, 0.0, 0.0, 0.0, 0.0, 0.0, 0.0, 0.0, 0.0, 0.0, 0.0, 0.0, 0.0, 0.0, 0.0, 0.0, 0.0, 0.0, 0.0, 0.0, 0.0, 0.0, 0.0, 0.0, 0.0, 0.0, 0.0, 0.0, 0.0, 0.0, 0.0, 0.0, 0.0, 0.0, 0.0, 0.0, 0.0, 0.0, 0.0, 0.0, 0.0, 0.0, 0.0, 0.0, 0.0, 0.0, 0.0, 0.0, 0.0, 0.0, 0.0, 0.0, 0.0, 0.0, 0.0, 0.0]",0.5,0.5,0,"[0, 0, 0, 0, 0, 0, 0, 0, 0, 0, 0, 0, 0, 0, 0, 0, 0, 0, 0, 0, 0, 0, 0, 0, 0, 0, 0, 0, 0, 0, 0, 0, 0, 0, 0, 0, 0, 0, 0, 0, 0, 0, 0, 0, 0, 0, 0, 0, 0, 0, 0, 0, 0, 0, 0, 0, 0, 0, 0, 0, 0, 0, 0, 0, 0, 0, 0, 0, 0, 0, 0, 0, 0, 0, 0, 0, 0, 0, 0, 0, 0, 0, 0, 0, 0, 0, 0, 0, 0, 0, 0, 0, 0, 0, 0, 0, 0, 0, 0, 0, 0, 0, 0, 0, 0, 0, 0, 0, 0, 0, 0, 0, 0, 0, 0, 0, 0, 0, 0, 0, 0, 0, 0, 0, 0, 0, 0, 0, 0, 0, 0, 0, 0, 0, 0, 0, 0, 0, 0, 0, 0, 0, 0, 0, 0, 0, 0, 0, 0, 0, 0, 0, 0, 0, 0, 0, 0, 0, 0, 0, 0, 0, 0, 0, 0, 0, 0, 0, 0, 0, 0, 0, 0, 0, 0, 0, 0, 0, 0, 0, 0, 0, 0, 0, 0, 0, 0, 0, 0, 0, 0, 0, 0, 0, 0, 0, 0, 0, 0, 0, 0, 0, 0, 0, 0]",205,"[0.4091947078704834, 0.4073501527309418, 0.40735310316085815, 0.40734758973121643, 0.40879586338996887, 0.4085288345813751, 0.40732231736183167, 0.40781310200691223, 0.4072701632976532, 0.4074685573577881, 0.4073629081249237, 0.40788865089416504, 0.4072493612766266, 0.40752530097961426, 0.407360315322876, 0.4072344899177551, 0.4073162376880646, 0.4079049825668335, 0.40723007917404175, 0.4072262644767761, 0.4077099859714508, 0.40729668736457825, 0.4073968827724457, 0.4085560739040375, 0.4075072407722473, 0.4072262644767761, 0.4073929488658905, 0.4072767198085785, 0.40745440125465393, 0.4072507917881012, 0.40755394101142883, 0.40724098682403564, 0.40759754180908203, 0.4072496294975281, 0.40723565220832825, 0.4074324667453766, 0.40729424357414246, 0.40767088532447815, 0.4077554941177368, 0.40754783153533936, 0.40728500485420227, 0.4073944389820099, 0.4076879024505615, 0.4075331389904022, 0.40722930431365967, 0.4073787033557892, 0.407664954662323, 0.40760913491249084, 0.4073230028152466, 0.40741199254989624, 0.40730205178260803, 0.40751227736473083, 0.4072711169719696, 0.40735721588134766, 0.40738674998283386, 0.407494455575943, 0.40741071105003357, 0.4076516032218933, 0.4075762927532196, 0.4072261452674866, 0.40730786323547363, 0.4072449505329132, 0.40741780400276184, 0.4076075851917267, 0.4073157012462616, 0.40727490186691284, 0.4072283208370209, 0.40735676884651184, 0.4073176681995392, 0.40741243958473206, 0.40723922848701477, 0.4072312116622925, 0.4072677493095398, 0.40752139687538147, 0.40723341703414917, 0.40725526213645935, 0.4073182940483093, 0.4072314202785492, 0.4073813557624817, 0.4077567160129547, 0.4078121483325958, 0.4075477719306946, 0.40723299980163574, 0.40730786323547363, 0.407487690448761, 0.40729233622550964, 0.40732863545417786, 0.4072856605052948, 0.40761038661003113, 0.40722763538360596, 0.40726590156555176, 0.4075273275375366, 0.40737807750701904, 0.40725791454315186, 0.4072338342666626, 0.40722939372062683, 0.40742453932762146, 0.4072374701499939, 0.4074062705039978, 0.407314270734787, 0.4072321951389313, 0.40724387764930725, 0.4072439670562744, 0.4072784185409546, 0.40723708271980286, 0.40772056579589844, 0.4072584807872772, 0.4073887765407562, 0.4072365164756775, 0.4078809320926666, 0.4072384536266327, 0.4072273373603821, 0.4072444438934326, 0.40722647309303284, 0.4072539210319519, 0.407594233751297, 0.40722641348838806, 0.40751200914382935, 0.40722960233688354, 0.4073137044906616, 0.40722987055778503, 0.4072813391685486, 0.40722793340682983, 0.40723666548728943, 0.4072261452674866, 0.40724363923072815, 0.4072614312171936, 0.4072674810886383, 0.4072897434234619, 0.40724650025367737, 0.40723681449890137, 0.40733635425567627, 0.40769219398498535, 0.4073033034801483, 0.4072262644767761, 0.40737155079841614, 0.40728285908699036, 0.40747272968292236, 0.40722763538360596, 0.407253623008728, 0.40723279118537903, 0.4072292745113373, 0.40725991129875183, 0.407235711812973, 0.40724822878837585, 0.4073466360569, 0.40726399421691895, 0.4072321653366089, 0.40725216269493103, 0.40747302770614624, 0.40730494260787964, 0.4072595238685608, 0.40727198123931885, 0.40737006068229675, 0.4077391028404236, 0.40784767270088196, 0.4072635769844055, 0.4072936177253723, 0.4072543978691101, 0.40732109546661377, 0.4072495996952057, 0.40723103284835815, 0.40731102228164673, 0.40722885727882385, 0.4073120355606079, 0.4072851538658142, 0.40730953216552734, 0.40797892212867737, 0.40738704800605774, 0.4072580337524414, 0.4073021411895752, 0.40735486149787903, 0.4073321223258972, 0.4072285592556, 0.40724286437034607, 0.40723487734794617, 0.4072645306587219, 0.4073682427406311, 0.40733063220977783, 0.40753546357154846, 0.4072313606739044, 0.40751129388809204, 0.40724578499794006, 0.4072677195072174, 0.40725967288017273, 0.4072262644767761, 0.40726202726364136, 0.4072439670562744, 0.4072486460208893, 0.4072563648223877, 0.40723347663879395, 0.4072568416595459, 0.4072657823562622, 0.40724319219589233, 0.4077068269252777, 0.4072292447090149, 0.40723392367362976, 0.4072330594062805, 0.40725186467170715, 0.4072922170162201, 0.4072840213775635, 0.4073507785797119, 0.40729740262031555, 0.4073844254016876, 0.40723124146461487]",0.0,"[0.0, 0.0, 0.0, 0.0, 0.0, 0.0, 0.0, 0.0, 0.0, 0.0, 0.0, 0.0, 0.0, 0.0, 0.0, 0.0, 0.0, 0.0, 0.0, 0.0, 0.0, 0.0, 0.0, 0.0, 0.0, 0.0, 0.0, 0.0, 0.0, 0.0, 0.0, 0.0, 0.0, 0.0, 0.0, 0.0, 0.0, 0.0, 0.0, 0.0, 0.0, 0.0, 0.0, 0.0, 0.0, 0.0, 0.0, 0.0, 0.0, 0.0, 0.0, 0.0, 0.0, 0.0, 0.0, 0.0, 0.0, 0.0, 0.0, 0.0, 0.0, 0.0, 0.0, 0.0, 0.0, 0.0, 0.0, 0.0, 0.0, 0.0, 0.0, 0.0, 0.0, 0.0, 0.0, 0.0, 0.0, 0.0, 0.0, 0.0, 0.0, 0.0, 0.0, 0.0, 0.0, 0.0, 0.0, 0.0, 0.0, 0.0, 0.0, 0.0, 0.0, 0.0, 0.0, 0.0, 0.0, 0.0, 0.0, 0.0, 0.0, 0.0, 0.0, 0.0, 0.0, 0.0, 0.0, 0.0, 0.0, 0.0, 0.0, 0.0, 0.0, 0.0, 0.0, 0.0, 0.0, 0.0, 0.0, 0.0, 0.0, 0.0, 0.0, 0.0, 0.0, 0.0, 0.0, 0.0, 0.0, 0.0, 0.0, 0.0, 0.0, 0.0, 0.0, 0.0, 0.0, 0.0, 0.0, 0.0, 0.0, 0.0, 0.0, 0.0, 0.0, 0.0, 0.0, 0.0, 0.0, 0.0, 0.0, 0.0, 0.0, 0.0, 0.0, 0.0, 0.0, 0.0, 0.0, 0.0, 0.0, 0.0, 0.0, 0.0, 0.0, 0.0, 0.0, 0.0, 0.0, 0.0, 0.0, 0.0, 0.0, 0.0, 0.0, 0.0, 0.0, 0.0, 0.0, 0.0, 0.0, 0.0, 0.0, 0.0, 0.0, 0.0, 0.0, 0.0, 0.0, 0.0, 0.0, 0.0, 0.0, 0.0, 0.0, 0.0, 0.0, 0.0, 0.0, 0.0, 0.0, 0.0, 0.0, 0.0, 0.0]",COMPLETE
