,number,value,datetime_start,datetime_complete,duration,params_batch_size_scaler,params_constant_learning_rate,params_depth,params_epochs,params_kernel_l2,params_num_trees,params_temperature,user_attrs_accuracy_test,user_attrs_accuracy_valid,user_attrs_approximate_feature_sparsity,user_attrs_approximate_feature_sparsity_history,user_attrs_approximate_weight_sparsity,user_attrs_approximate_weight_sparsity_history,user_attrs_auc_test,user_attrs_auc_valid,user_attrs_feature_sparsity,user_attrs_feature_sparsity_history,user_attrs_num_epochs,user_attrs_val_loss_history,user_attrs_weight_sparsity,user_attrs_weight_sparsity_history,state
85,85,0.8365343741546547,2024-08-31 03:53:13.327338,2024-08-31 03:55:01.073064,0 days 00:01:47.745726,4,6.027667285317222,1,320,0.011991516608900467,59,0.003416845286760623,0.89,0.87625,24,"[27, 27, 27, 26, 25, 24, 24, 24, 24, 24, 24, 24, 24, 24, 24, 24, 24, 24, 24, 24, 24, 24, 24, 24, 24, 24, 24, 24, 24, 24, 24, 24, 24, 24, 24, 24, 24, 24, 24, 24, 24, 24, 24, 24, 24, 24, 24, 24, 24, 24, 24, 24, 24, 24, 24, 24, 24, 24, 24, 24, 24, 24, 24, 24, 24, 24, 24, 24, 24, 24, 24, 24, 24, 24, 24, 24, 24, 24, 24, 24, 24, 24, 24, 24, 24, 24, 24, 24, 24, 24, 24, 24, 24, 24, 24, 24, 24, 24, 24, 24, 24, 24, 24, 24, 24, 24, 24, 24, 24, 24, 24, 24, 24, 24, 24, 24, 24, 24, 24, 24, 24, 24, 24, 24, 24, 24, 24, 24, 24, 24, 24, 24, 24, 24, 24, 24, 24, 24, 24, 24, 24, 24, 24, 24, 24, 24, 24, 24, 24, 24, 24, 24, 24, 24, 24, 24, 24, 24, 24, 24, 24, 24, 24, 24, 24, 24, 24, 24, 24, 24, 24, 24, 24, 24, 24, 24, 24, 24, 24, 24, 24, 24, 24, 24, 24, 24, 24, 24, 24, 24, 24, 24, 24, 24, 24, 24, 24, 24, 24, 24, 24, 24, 24, 24, 24, 24, 24, 24, 24, 24, 24, 24, 24, 24, 24, 24, 24, 24, 24, 24, 24, 24, 24, 24, 24, 24, 24, 24, 24, 24, 24, 24, 24, 24, 24, 24, 24, 24, 24, 24, 24, 24, 24, 24, 24, 24, 24, 24, 24, 24, 24, 24, 24, 24, 24, 24, 24, 24, 24, 24, 24, 24, 24, 24, 24, 24, 24, 24, 24, 24, 24, 24, 24, 24, 24, 24, 24, 24, 24, 24, 24, 24, 24, 24, 24, 24, 24, 24, 24, 24, 24, 24, 24, 24, 24, 24, 24, 24, 24, 24, 24, 24, 24, 24, 24, 24, 24, 24, 24, 24, 24, 24, 24, 24, 24, 24, 24, 24, 24, 24]",23.186440677966097,"[27.0, 27.0, 27.0, 26.0, 25.0, 24.0, 24.0, 24.0, 23.983050847457626, 24.0, 24.0, 23.983050847457626, 24.0, 24.0, 24.0, 24.0, 24.0, 24.0, 24.0, 24.0, 23.983050847457626, 24.0, 24.0, 24.0, 24.0, 24.0, 24.0, 24.0, 24.0, 24.0, 24.0, 23.983050847457626, 24.0, 24.0, 24.0, 24.0, 24.0, 24.0, 24.0, 24.0, 24.0, 24.0, 24.0, 24.0, 24.0, 24.0, 24.0, 24.0, 24.0, 24.0, 24.0, 24.0, 24.0, 24.0, 24.0, 24.0, 24.0, 24.0, 24.0, 24.0, 24.0, 24.0, 24.0, 24.0, 24.0, 24.0, 24.0, 24.0, 24.0, 24.0, 24.0, 23.983050847457626, 24.0, 24.0, 24.0, 24.0, 24.0, 24.0, 24.0, 24.0, 24.0, 24.0, 24.0, 24.0, 24.0, 24.0, 24.0, 24.0, 24.0, 24.0, 24.0, 24.0, 24.0, 24.0, 24.0, 24.0, 24.0, 24.0, 24.0, 24.0, 23.983050847457626, 24.0, 24.0, 23.983050847457626, 24.0, 24.0, 24.0, 24.0, 24.0, 24.0, 24.0, 24.0, 24.0, 24.0, 24.0, 24.0, 24.0, 24.0, 24.0, 24.0, 23.983050847457626, 24.0, 24.0, 24.0, 24.0, 24.0, 24.0, 24.0, 24.0, 23.983050847457626, 24.0, 24.0, 24.0, 24.0, 24.0, 24.0, 24.0, 24.0, 24.0, 24.0, 24.0, 24.0, 24.0, 24.0, 24.0, 24.0, 24.0, 24.0, 24.0, 24.0, 24.0, 24.0, 24.0, 24.0, 24.0, 24.0, 23.983050847457626, 24.0, 23.983050847457626, 23.983050847457626, 24.0, 24.0, 24.0, 24.0, 24.0, 24.0, 24.0, 24.0, 24.0, 23.983050847457626, 24.0, 23.983050847457626, 24.0, 24.0, 24.0, 24.0, 24.0, 24.0, 23.983050847457626, 24.0, 24.0, 23.966101694915253, 23.966101694915253, 23.94915254237288, 23.94915254237288, 23.94915254237288, 23.94915254237288, 23.94915254237288, 23.94915254237288, 23.94915254237288, 23.94915254237288, 23.91525423728814, 23.91525423728814, 23.91525423728814, 23.91525423728814, 23.91525423728814, 23.898305084745765, 23.898305084745765, 23.847457627118644, 23.847457627118644, 23.796610169491526, 23.796610169491526, 23.74576271186441, 23.71186440677966, 23.677966101694917, 23.677966101694917, 23.677966101694917, 23.677966101694917, 23.677966101694917, 23.661016949152543, 23.64406779661017, 23.64406779661017, 23.610169491525426, 23.593220338983052, 23.593220338983052, 23.593220338983052, 23.593220338983052, 23.593220338983052, 23.593220338983052, 23.593220338983052, 23.593220338983052, 23.593220338983052, 23.593220338983052, 23.593220338983052, 23.593220338983052, 23.593220338983052, 23.593220338983052, 23.593220338983052, 23.593220338983052, 23.593220338983052, 23.593220338983052, 23.593220338983052, 23.593220338983052, 23.593220338983052, 23.593220338983052, 23.593220338983052, 23.593220338983052, 23.593220338983052, 23.593220338983052, 23.593220338983052, 23.593220338983052, 23.593220338983052, 23.593220338983052, 23.593220338983052, 23.576271186440678, 23.593220338983052, 23.593220338983052, 23.593220338983052, 23.593220338983052, 23.576271186440678, 23.593220338983052, 23.593220338983052, 23.593220338983052, 23.593220338983052, 23.593220338983052, 23.593220338983052, 23.593220338983052, 23.593220338983052, 23.593220338983052, 23.593220338983052, 23.593220338983052, 23.593220338983052, 23.559322033898304, 23.542372881355934, 23.542372881355934, 23.542372881355934, 23.542372881355934, 23.542372881355934, 23.542372881355934, 23.52542372881356, 23.508474576271187, 23.491525423728813, 23.47457627118644, 23.47457627118644, 23.45762711864407, 23.440677966101696, 23.406779661016948, 23.406779661016948, 23.33898305084746, 23.322033898305087, 23.28813559322034, 23.28813559322034, 23.271186440677965, 23.237288135593218, 23.220338983050844, 23.220338983050844, 23.220338983050844, 23.220338983050844, 23.220338983050844, 23.220338983050844, 23.186440677966097, 23.186440677966097, 23.186440677966097, 23.186440677966097, 23.186440677966097, 23.186440677966097, 23.169491525423727, 23.186440677966097, 23.186440677966097, 23.186440677966097, 23.186440677966097, 23.186440677966097, 23.186440677966097, 23.186440677966097, 23.186440677966097, 23.186440677966097, 23.186440677966097, 23.186440677966097, 23.169491525423727, 23.186440677966097, 23.169491525423727, 23.186440677966097, 23.186440677966097, 23.186440677966097, 23.186440677966097, 23.186440677966097, 23.186440677966097, 23.186440677966097, 23.186440677966097, 23.186440677966097]",0.8365698197640337,0.8365343741546547,24,"[27, 27, 27, 26, 25, 24, 24, 24, 24, 24, 24, 24, 24, 24, 24, 24, 24, 24, 24, 24, 24, 24, 24, 24, 24, 24, 24, 24, 24, 24, 24, 24, 24, 24, 24, 24, 24, 24, 24, 24, 24, 24, 24, 24, 24, 24, 24, 24, 24, 24, 24, 24, 24, 24, 24, 24, 24, 24, 24, 24, 24, 24, 24, 24, 24, 24, 24, 24, 24, 24, 24, 24, 24, 24, 24, 24, 24, 24, 24, 24, 24, 24, 24, 24, 24, 24, 24, 24, 24, 24, 24, 24, 24, 24, 24, 24, 24, 24, 24, 24, 24, 24, 24, 24, 24, 24, 24, 24, 24, 24, 24, 24, 24, 24, 24, 24, 24, 24, 24, 24, 24, 24, 24, 24, 24, 24, 24, 24, 24, 24, 24, 24, 24, 24, 24, 24, 24, 24, 24, 24, 24, 24, 24, 24, 24, 24, 24, 24, 24, 24, 24, 24, 24, 24, 24, 24, 24, 24, 24, 24, 24, 24, 24, 24, 24, 24, 24, 24, 24, 24, 24, 24, 24, 24, 24, 24, 24, 24, 24, 24, 24, 24, 24, 24, 24, 24, 24, 24, 24, 24, 24, 24, 24, 24, 24, 24, 24, 24, 24, 24, 24, 24, 24, 24, 24, 24, 24, 24, 24, 24, 24, 24, 24, 24, 24, 24, 24, 24, 24, 24, 24, 24, 24, 24, 24, 24, 24, 24, 24, 24, 24, 24, 24, 24, 24, 24, 24, 24, 24, 24, 24, 24, 24, 24, 24, 24, 24, 24, 24, 24, 24, 24, 24, 24, 24, 24, 24, 24, 24, 24, 24, 24, 24, 24, 24, 24, 24, 24, 24, 24, 24, 24, 24, 24, 24, 24, 24, 24, 24, 24, 24, 24, 24, 24, 24, 24, 24, 24, 24, 24, 24, 24, 24, 24, 24, 24, 24, 24, 24, 24, 24, 24, 24, 24, 24, 24, 24, 24, 24, 24, 24, 24, 24, 24, 24, 24, 24, 24, 24, 24]",320,"[5.626675605773926, 30.693689346313477, 23.600637435913086, 3.7863821983337402, 2.8095569610595703, 4.630863189697266, 8.533740997314453, 11.235698699951172, 5.918025016784668, 3.137066602706909, 5.354189395904541, 7.045459747314453, 4.010592937469482, 13.139309883117676, 3.417412042617798, 3.6737775802612305, 7.1120147705078125, 2.9674549102783203, 4.656125068664551, 5.8339924812316895, 4.3076701164245605, 5.311349391937256, 5.628616809844971, 5.008387565612793, 5.563952445983887, 5.116158485412598, 3.576397657394409, 5.3241472244262695, 3.116265058517456, 5.617880821228027, 6.647486686706543, 4.2603559494018555, 4.932697772979736, 5.350278854370117, 11.279919624328613, 4.8493332862854, 22.8452205657959, 10.153761863708496, 4.3012919425964355, 5.77424430847168, 7.869814872741699, 9.811716079711914, 3.0909271240234375, 17.695493698120117, 4.075474739074707, 2.925086736679077, 23.403562545776367, 5.5615057945251465, 6.2871012687683105, 4.505702972412109, 3.8956198692321777, 4.041320323944092, 4.45018196105957, 3.4305260181427, 20.390666961669922, 21.365005493164062, 2.9174115657806396, 10.146310806274414, 3.8557796478271484, 13.142583847045898, 2.969817876815796, 3.588853120803833, 4.316965103149414, 3.953364372253418, 3.395108699798584, 3.7722835540771484, 2.575896978378296, 5.755571365356445, 2.795517683029175, 3.336885690689087, 4.4849090576171875, 13.56982421875, 2.8376376628875732, 3.9018967151641846, 4.661337375640869, 3.0747106075286865, 3.9447097778320312, 8.004657745361328, 9.629952430725098, 5.177656173706055, 4.507798671722412, 2.845701217651367, 2.8066418170928955, 3.6694552898406982, 5.836582660675049, 5.823779106140137, 2.9492597579956055, 4.277952194213867, 3.8637185096740723, 4.059869289398193, 3.0812246799468994, 3.4671335220336914, 5.302788734436035, 7.830752372741699, 6.9834465980529785, 5.254528045654297, 3.121330499649048, 6.441572666168213, 6.241466045379639, 12.0682954788208, 7.051162242889404, 5.312399864196777, 4.198234558105469, 5.039172649383545, 3.8807528018951416, 3.5316314697265625, 3.6755995750427246, 4.024473667144775, 2.734997510910034, 3.5489754676818848, 4.05668830871582, 3.060783624649048, 3.340590476989746, 23.769521713256836, 27.397371292114258, 5.131832122802734, 14.837846755981445, 4.065185070037842, 5.204480171203613, 3.7124648094177246, 3.3663344383239746, 3.0675911903381348, 11.250293731689453, 7.588984489440918, 3.4229485988616943, 5.681535720825195, 3.826833486557007, 2.7863101959228516, 4.838188648223877, 5.980947494506836, 10.112427711486816, 25.866077423095703, 5.232976913452148, 2.8699512481689453, 4.391472339630127, 9.865684509277344, 7.203351020812988, 6.752103328704834, 5.231746196746826, 4.131768703460693, 2.4982521533966064, 2.759847640991211, 3.0058069229125977, 9.275221824645996, 8.493836402893066, 3.9191839694976807, 22.758140563964844, 5.6809492111206055, 2.769382953643799, 3.6225247383117676, 3.135617256164551, 5.426023006439209, 4.202359199523926, 5.611838340759277, 5.927403450012207, 2.659562587738037, 8.767976760864258, 4.592275619506836, 13.289041519165039, 4.216022491455078, 3.7278892993927, 3.3211536407470703, 3.6434073448181152, 26.647375106811523, 6.181667327880859, 4.196619510650635, 3.882838487625122, 9.91026782989502, 15.666723251342773, 4.094871997833252, 5.3440937995910645, 4.403849124908447, 3.0114388465881348, 4.342717170715332, 9.800444602966309, 6.29218864440918, 3.9513792991638184, 10.288402557373047, 4.6481099128723145, 3.00030517578125, 2.8192226886749268, 20.735363006591797, 5.239196300506592, 5.961366176605225, 4.403319358825684, 5.720958232879639, 9.814862251281738, 13.176688194274902, 3.8153493404388428, 3.4917757511138916, 4.0203537940979, 5.185949325561523, 3.3992483615875244, 3.9649462699890137, 5.716379165649414, 2.9838340282440186, 4.8536906242370605, 5.955276966094971, 4.55157995223999, 8.980975151062012, 5.26078987121582, 3.1664698123931885, 22.934253692626953, 4.986358165740967, 9.705392837524414, 3.266573905944824, 3.7510061264038086, 3.044588565826416, 4.081048965454102, 4.287125110626221, 7.0303168296813965, 3.4915478229522705, 9.618497848510742, 3.4962007999420166, 4.566066741943359, 3.447211503982544, 7.7129011154174805, 9.878257751464844, 8.406765937805176, 14.471514701843262, 4.044279098510742, 4.448408603668213, 17.176895141601562, 3.2463371753692627, 3.1942288875579834, 4.239382266998291, 5.404839515686035, 6.4482598304748535, 6.5000386238098145, 2.6674468517303467, 4.742709159851074, 25.034500122070312, 5.675393581390381, 2.6501779556274414, 3.942511558532715, 3.7722268104553223, 4.010113716125488, 3.5549392700195312, 5.697056293487549, 2.9832024574279785, 4.256535530090332, 7.745965957641602, 3.975398063659668, 3.7738730907440186, 3.9300038814544678, 8.778582572937012, 4.72448205947876, 4.295799732208252, 3.923300266265869, 3.6143829822540283, 5.078098773956299, 3.5848000049591064, 2.9061388969421387, 2.970216751098633, 2.9498541355133057, 3.418428659439087, 3.215214252471924, 12.113306999206543, 4.283829212188721, 5.201974868774414, 26.6115665435791, 4.034396171569824, 3.6720571517944336, 3.664043664932251, 4.841080188751221, 13.572193145751953, 6.124290943145752, 10.951016426086426, 3.1961090564727783, 4.443354606628418, 2.794332504272461, 3.6302268505096436, 3.203521728515625, 4.447280406951904, 6.351414203643799, 10.927119255065918, 4.643828868865967, 5.501387119293213, 4.008239269256592, 3.5338876247406006, 25.262901306152344, 4.874851226806641, 3.53615665435791, 4.469299793243408, 4.955188274383545, 11.035661697387695, 3.600541114807129, 4.990459442138672, 7.151327133178711, 4.581058979034424, 13.529008865356445, 13.919051170349121, 3.218173027038574, 6.657104969024658, 3.893089532852173, 9.659010887145996, 4.967757701873779, 5.842510223388672, 14.371459007263184, 10.751224517822266, 3.9863433837890625, 3.6802337169647217, 4.530941963195801, 5.126830577850342, 7.374370098114014, 3.6395270824432373, 3.6373825073242188, 5.915551662445068, 4.146136283874512, 2.9577572345733643, 3.579174280166626, 5.274690628051758, 4.0021538734436035, 31.098424911499023, 3.2154541015625, 5.711857318878174, 3.67817759513855, 4.516279697418213, 18.4832820892334, 4.366681098937988]",24.0,"[27.0, 27.0, 27.0, 26.0, 25.0, 24.0, 24.0, 24.0, 24.0, 24.0, 24.0, 24.0, 24.0, 24.0, 24.0, 24.0, 24.0, 24.0, 24.0, 24.0, 24.0, 24.0, 24.0, 24.0, 24.0, 24.0, 24.0, 24.0, 24.0, 24.0, 24.0, 24.0, 24.0, 24.0, 24.0, 24.0, 24.0, 24.0, 24.0, 24.0, 24.0, 24.0, 24.0, 24.0, 24.0, 24.0, 24.0, 24.0, 24.0, 24.0, 24.0, 24.0, 24.0, 24.0, 24.0, 24.0, 24.0, 24.0, 24.0, 24.0, 24.0, 24.0, 24.0, 24.0, 24.0, 24.0, 24.0, 24.0, 24.0, 24.0, 24.0, 24.0, 24.0, 24.0, 24.0, 24.0, 24.0, 24.0, 24.0, 24.0, 24.0, 24.0, 24.0, 24.0, 24.0, 24.0, 24.0, 24.0, 24.0, 24.0, 24.0, 24.0, 24.0, 24.0, 24.0, 24.0, 24.0, 24.0, 24.0, 24.0, 24.0, 24.0, 24.0, 24.0, 24.0, 24.0, 24.0, 24.0, 24.0, 24.0, 24.0, 24.0, 24.0, 24.0, 24.0, 24.0, 24.0, 24.0, 24.0, 24.0, 24.0, 24.0, 24.0, 24.0, 24.0, 24.0, 24.0, 24.0, 24.0, 24.0, 24.0, 24.0, 24.0, 24.0, 24.0, 24.0, 24.0, 24.0, 24.0, 24.0, 24.0, 24.0, 24.0, 24.0, 24.0, 24.0, 24.0, 24.0, 24.0, 24.0, 24.0, 24.0, 24.0, 24.0, 24.0, 24.0, 24.0, 24.0, 24.0, 24.0, 24.0, 24.0, 24.0, 24.0, 24.0, 24.0, 24.0, 24.0, 24.0, 24.0, 24.0, 24.0, 24.0, 24.0, 24.0, 24.0, 24.0, 24.0, 24.0, 24.0, 24.0, 24.0, 24.0, 24.0, 24.0, 24.0, 24.0, 24.0, 24.0, 24.0, 24.0, 24.0, 24.0, 24.0, 24.0, 24.0, 24.0, 24.0, 24.0, 24.0, 24.0, 24.0, 24.0, 24.0, 24.0, 24.0, 24.0, 24.0, 24.0, 24.0, 24.0, 24.0, 24.0, 24.0, 24.0, 24.0, 24.0, 24.0, 24.0, 24.0, 24.0, 24.0, 24.0, 24.0, 24.0, 24.0, 24.0, 24.0, 24.0, 24.0, 24.0, 24.0, 24.0, 24.0, 24.0, 24.0, 24.0, 24.0, 24.0, 24.0, 24.0, 24.0, 24.0, 24.0, 24.0, 24.0, 24.0, 24.0, 24.0, 24.0, 24.0, 24.0, 24.0, 24.0, 24.0, 24.0, 24.0, 24.0, 24.0, 24.0, 24.0, 24.0, 24.0, 24.0, 24.0, 24.0, 24.0, 24.0, 24.0, 24.0, 24.0, 24.0, 24.0, 24.0, 24.0, 24.0, 24.0, 24.0, 24.0, 24.0, 24.0, 24.0, 24.0, 24.0, 24.0, 24.0, 24.0, 24.0, 24.0, 24.0, 24.0, 24.0, 24.0, 24.0, 24.0, 24.0, 24.0, 24.0, 24.0, 24.0, 24.0, 24.0, 24.0, 24.0, 24.0, 24.0, 24.0, 24.0, 24.0, 24.0, 24.0, 24.0, 24.0, 24.0, 24.0, 24.0, 24.0, 24.0, 24.0, 24.0]",COMPLETE
86,86,0.8177660985946337,2024-08-31 03:55:04.042695,2024-08-31 03:56:39.130602,0 days 00:01:35.087907,16,0.1443076166981793,4,110,0.1650445107096963,93,0.01607381080968053,0.872,0.8725,33,"[33, 33, 33, 33, 33, 33, 33, 33, 33, 33, 33, 33, 33, 33, 33, 33, 33, 33, 33, 33, 33, 33, 33, 33, 33, 33, 33, 33, 33, 33, 33, 33, 33, 33, 33, 33, 33, 33, 33, 33, 33, 33, 33, 33, 33, 33, 33, 33, 33, 33, 33, 33, 33, 33, 33, 33, 33, 33, 33, 33, 33, 33, 33, 33, 33, 33, 33, 33, 33, 33, 33, 33, 33, 33, 33, 33, 33, 33, 33, 33, 33, 33, 33, 33, 33, 33, 33, 33, 33, 33, 33, 33, 33, 33, 33, 33, 33, 33, 33, 33, 33, 33, 33, 33, 33, 33, 33, 33, 33, 33]",32.95340501792114,"[32.956989247311824, 32.960573476702514, 32.9584229390681, 32.95483870967742, 32.955555555555556, 32.94982078853046, 32.95197132616487, 32.945519713261646, 32.94695340501792, 32.94695340501792, 32.940501792114695, 32.93763440860215, 32.936200716845875, 32.940501792114695, 32.936200716845875, 32.94767025089606, 32.94838709677419, 32.94480286738351, 32.95197132616487, 32.94408602150537, 32.945519713261646, 32.93906810035842, 32.93906810035842, 32.94408602150538, 32.94480286738351, 32.9426523297491, 32.94336917562724, 32.944802867383515, 32.94480286738351, 32.945519713261646, 32.94480286738351, 32.945519713261646, 32.9426523297491, 32.94838709677419, 32.93978494623656, 32.93978494623656, 32.941218637992826, 32.941218637992826, 32.941935483870964, 32.94767025089605, 32.94767025089605, 32.94982078853047, 32.95412186379928, 32.95340501792115, 32.956272401433694, 32.9584229390681, 32.961290322580645, 32.955555555555556, 32.95985663082437, 32.95483870967742, 32.955555555555556, 32.94910394265233, 32.95627240143369, 32.95412186379928, 32.9584229390681, 32.9584229390681, 32.95483870967742, 32.95268817204301, 32.955555555555556, 32.956272401433694, 32.96057347670251, 32.95913978494624, 32.95913978494623, 32.95268817204301, 32.95412186379928, 32.95770609318996, 32.95412186379928, 32.946953405017915, 32.94408602150537, 32.946236559139784, 32.945519713261646, 32.94623655913978, 32.94982078853046, 32.94982078853046, 32.9426523297491, 32.93763440860215, 32.94336917562724, 32.94695340501792, 32.95340501792115, 32.952688172043004, 32.94336917562724, 32.93978494623656, 32.94408602150538, 32.94336917562724, 32.945519713261646, 32.93978494623656, 32.93835125448029, 32.93691756272401, 32.9347670250896, 32.941218637992826, 32.945519713261646, 32.94408602150538, 32.94336917562724, 32.94910394265233, 32.94695340501792, 32.95268817204301, 32.956272401433694, 32.95197132616488, 32.951254480286735, 32.951254480286735, 32.956989247311824, 32.95483870967742, 32.94767025089606, 32.951254480286735, 32.95483870967742, 32.95913978494623, 32.955555555555556, 32.95842293906809, 32.95770609318996, 32.95340501792114]",0.8340640196831215,0.8177660985946337,33,"[33, 33, 33, 33, 33, 33, 33, 33, 33, 33, 33, 33, 33, 33, 33, 33, 33, 33, 33, 33, 33, 33, 33, 33, 33, 33, 33, 33, 33, 33, 33, 33, 33, 33, 33, 33, 33, 33, 33, 33, 33, 33, 33, 33, 33, 33, 33, 33, 33, 33, 33, 33, 33, 33, 33, 33, 33, 33, 33, 33, 33, 33, 33, 33, 33, 33, 33, 33, 33, 33, 33, 33, 33, 33, 33, 33, 33, 33, 33, 33, 33, 33, 33, 33, 33, 33, 33, 33, 33, 33, 33, 33, 33, 33, 33, 33, 33, 33, 33, 33, 33, 33, 33, 33, 33, 33, 33, 33, 33, 33]",110,"[0.41071468591690063, 0.40326109528541565, 0.3991752862930298, 0.39537525177001953, 0.39267978072166443, 0.3899301290512085, 0.3886723816394806, 0.3857991695404053, 0.3858645558357239, 0.3827993869781494, 0.3816341459751129, 0.3803965449333191, 0.3792787194252014, 0.378572553396225, 0.37744322419166565, 0.37691983580589294, 0.3756893277168274, 0.3757059872150421, 0.37420231103897095, 0.3735821545124054, 0.372767835855484, 0.37188756465911865, 0.3714093863964081, 0.37044447660446167, 0.36986735463142395, 0.36906707286834717, 0.36864107847213745, 0.3679872751235962, 0.36725252866744995, 0.3664669096469879, 0.36613959074020386, 0.3656940162181854, 0.36455655097961426, 0.36382925510406494, 0.3632577955722809, 0.36253196001052856, 0.36187607049942017, 0.36163750290870667, 0.3610376715660095, 0.36009681224823, 0.35941556096076965, 0.35908088088035583, 0.3581947684288025, 0.3576485514640808, 0.35715827345848083, 0.3565395772457123, 0.3560044765472412, 0.35542184114456177, 0.35528743267059326, 0.35439133644104004, 0.3538130521774292, 0.3532397449016571, 0.35291817784309387, 0.3521013557910919, 0.3513888120651245, 0.35084450244903564, 0.35063639283180237, 0.34986552596092224, 0.34957194328308105, 0.34886547923088074, 0.3482566177845001, 0.34784454107284546, 0.34719982743263245, 0.3471556007862091, 0.34634238481521606, 0.3459807336330414, 0.3453507721424103, 0.3451150059700012, 0.34478458762168884, 0.3439265191555023, 0.34348374605178833, 0.3434828817844391, 0.3427847921848297, 0.3420487940311432, 0.3416699469089508, 0.3411993384361267, 0.34080883860588074, 0.3402501940727234, 0.33960041403770447, 0.3392542898654938, 0.33861878514289856, 0.33835461735725403, 0.3377698063850403, 0.3377259373664856, 0.33677688241004944, 0.336214154958725, 0.33574578166007996, 0.3356297016143799, 0.3351099491119385, 0.3344995975494385, 0.3336392939090729, 0.33331921696662903, 0.33371666073799133, 0.33304810523986816, 0.3328396677970886, 0.331808477640152, 0.331217497587204, 0.33065372705459595, 0.330051988363266, 0.32967686653137207, 0.3294667899608612, 0.32874470949172974, 0.33095845580101013, 0.3279138207435608, 0.32728204131126404, 0.3267595171928406, 0.3263978660106659, 0.326527863740921, 0.32558926939964294, 0.32502710819244385]",33.0,"[33.0, 33.0, 33.0, 33.0, 33.0, 33.0, 33.0, 33.0, 33.0, 33.0, 33.0, 33.0, 33.0, 33.0, 33.0, 33.0, 33.0, 33.0, 33.0, 33.0, 33.0, 33.0, 33.0, 33.0, 33.0, 33.0, 33.0, 33.0, 33.0, 33.0, 33.0, 33.0, 33.0, 33.0, 33.0, 33.0, 33.0, 33.0, 33.0, 33.0, 33.0, 33.0, 33.0, 33.0, 33.0, 33.0, 33.0, 33.0, 33.0, 33.0, 33.0, 33.0, 33.0, 33.0, 33.0, 33.0, 33.0, 33.0, 33.0, 33.0, 33.0, 33.0, 33.0, 33.0, 33.0, 33.0, 33.0, 33.0, 33.0, 33.0, 33.0, 33.0, 33.0, 33.0, 33.0, 33.0, 33.0, 33.0, 33.0, 33.0, 33.0, 33.0, 33.0, 33.0, 33.0, 33.0, 33.0, 33.0, 33.0, 33.0, 33.0, 33.0, 33.0, 33.0, 33.0, 33.0, 33.0, 33.0, 33.0, 33.0, 33.0, 33.0, 33.0, 33.0, 33.0, 33.0, 33.0, 33.0, 33.0, 33.0]",COMPLETE
