,number,value,datetime_start,datetime_complete,duration,params_batch_size_scaler,params_constant_learning_rate,params_depth,params_epochs,params_kernel_l2,params_num_trees,params_temperature,user_attrs_accuracy_test,user_attrs_accuracy_valid,user_attrs_approximate_feature_sparsity,user_attrs_approximate_feature_sparsity_history,user_attrs_approximate_weight_sparsity,user_attrs_approximate_weight_sparsity_history,user_attrs_auc_test,user_attrs_auc_valid,user_attrs_feature_sparsity,user_attrs_feature_sparsity_history,user_attrs_num_epochs,user_attrs_val_loss_history,user_attrs_weight_sparsity,user_attrs_weight_sparsity_history,state
105,105,0.8432713735492263,2024-08-31 04:35:27.696677,2024-08-31 04:43:24.070800,0 days 00:07:56.374123,4,0.010507323607898796,5,500,0.04457623459693893,27,0.0004777422046478554,0.889,0.88625,33,"[33, 33, 33, 33, 33, 33, 33, 33, 33, 33, 33, 33, 33, 33, 33, 33, 33, 33, 33, 33, 33, 33, 33, 33, 33, 33, 33, 33, 33, 33, 33, 33, 33, 33, 33, 33, 33, 33, 33, 33, 33, 33, 33, 33, 33, 33, 33, 33, 33, 33, 33, 33, 33, 33, 33, 33, 33, 33, 33, 33, 33, 33, 33, 33, 33, 33, 33, 33, 33, 33, 33, 33, 33, 33, 33, 33, 33, 33, 33, 33, 33, 33, 33, 33, 33, 33, 33, 33, 33, 33, 33, 33, 33, 33, 33, 33, 33, 33, 33, 33, 33, 33, 33, 33, 33, 33, 33, 33, 33, 33, 33, 33, 33, 33, 33, 33, 33, 33, 33, 33, 33, 33, 33, 33, 33, 33, 33, 33, 33, 33, 33, 33, 33, 33, 33, 33, 33, 33, 33, 33, 33, 33, 33, 33, 33, 33, 33, 33, 33, 33, 33, 33, 33, 33, 33, 33, 33, 33, 33, 33, 33, 33, 33, 33, 33, 33, 33, 33, 33, 33, 33, 33, 33, 33, 33, 33, 33, 33, 33, 33, 33, 33, 33, 33, 33, 33, 33, 33, 33, 33, 33, 33, 33, 33, 33, 33, 33, 33, 33, 33, 33, 33, 33, 33, 33, 33, 33, 33, 33, 33, 33, 33, 33, 33, 33, 33, 33, 33, 33, 33, 33, 33, 33, 33, 33, 33, 33, 33, 33, 33, 33, 33, 33, 33, 33, 33, 33, 33, 33, 33, 33, 33, 33, 33, 33, 33, 33, 33, 33, 33, 33, 33, 33, 33, 33, 33, 33, 33, 33, 33, 33, 33, 33, 33, 33, 33, 33, 33, 33, 33, 33, 33, 33, 33, 33, 33, 33, 33, 33, 33, 33, 33, 33, 33, 33, 33, 33, 33, 33, 33, 33, 33, 33, 33, 33, 33, 33, 33, 33, 33, 33, 33, 33, 33, 33, 33, 33, 33, 33, 33, 33, 33, 33, 33, 33, 33, 33, 33, 33, 33, 33, 33, 33, 33, 33, 33, 33, 33, 33, 33, 33, 33, 33, 33, 33, 33, 33, 33, 33, 33, 33, 33, 33, 33, 33, 33, 33, 33, 33, 33, 33, 33, 33, 33, 33, 33, 33, 33, 33, 33, 33, 33, 33, 33, 33, 33, 33, 33, 33, 33, 33, 33, 33, 33, 33, 33, 33, 33, 33, 33, 33, 33, 33, 33, 33, 33, 33, 33, 33, 33, 33, 33, 33, 33, 33, 33, 33, 33, 33, 33, 33, 33, 33, 33, 33, 33, 33, 33, 33, 33, 33, 33, 33, 33, 33, 33, 33, 33, 33, 33, 33, 33, 33, 33, 33, 33, 33, 33, 33, 33, 33, 33, 33, 33, 33, 33, 33, 33, 33, 33, 33, 33, 33, 33, 33, 33, 33, 33, 33, 33, 33, 33, 33, 33, 33, 33, 33, 33, 33, 33, 33, 33, 33, 33, 33, 33, 33, 33, 33, 33, 33, 33, 33, 33, 33, 33, 33, 33, 33, 33, 33, 33, 33, 33, 33, 33, 33, 33, 33, 33, 33, 33, 33, 33, 33, 33, 33, 33, 33, 33]",32.96057347670251,"[32.961768219832734, 32.96296296296296, 32.966547192353644, 32.961768219832734, 32.956989247311824, 32.966547192353644, 32.95818399044205, 32.96296296296296, 32.9557945041816, 32.956989247311824, 32.961768219832734, 32.96415770609319, 32.95937873357228, 32.96296296296296, 32.96774193548387, 32.971326164874554, 32.971326164874554, 32.97371565113501, 32.96057347670251, 32.96057347670251, 32.96296296296296, 32.961768219832734, 32.961768219832734, 32.96535244922342, 32.96415770609319, 32.95818399044205, 32.9557945041816, 32.961768219832734, 32.96296296296296, 32.96296296296296, 32.96415770609319, 32.95818399044205, 32.95459976105137, 32.956989247311824, 32.961768219832734, 32.95937873357228, 32.956989247311824, 32.95459976105137, 32.96296296296296, 32.96296296296296, 32.96057347670251, 32.96535244922342, 32.96535244922342, 32.961768219832734, 32.95937873357228, 32.966547192353644, 32.966547192353644, 32.97013142174433, 32.9689366786141, 32.96535244922342, 32.96296296296296, 32.97252090800478, 32.973715651135, 32.9689366786141, 32.96535244922342, 32.96774193548387, 32.96535244922342, 32.96296296296296, 32.96057347670251, 32.95937873357228, 32.95937873357228, 32.95937873357228, 32.966547192353644, 32.96296296296296, 32.96535244922342, 32.9689366786141, 32.9689366786141, 32.9689366786141, 32.96057347670251, 32.96057347670251, 32.9689366786141, 32.96535244922342, 32.961768219832734, 32.96296296296296, 32.961768219832734, 32.95818399044205, 32.96057347670251, 32.96296296296296, 32.966547192353644, 32.96535244922342, 32.96774193548387, 32.971326164874554, 32.97252090800478, 32.9689366786141, 32.966547192353644, 32.966547192353644, 32.96415770609319, 32.96774193548387, 32.961768219832734, 32.95937873357228, 32.96296296296296, 32.96535244922342, 32.96057347670251, 32.9557945041816, 32.96057347670251, 32.96415770609319, 32.961768219832734, 32.96296296296296, 32.95818399044205, 32.961768219832734, 32.96415770609319, 32.96057347670251, 32.95937873357228, 32.96415770609319, 32.95937873357228, 32.95340501792114, 32.95101553166069, 32.956989247311824, 32.96415770609319, 32.96415770609319, 32.96535244922342, 32.961768219832734, 32.96296296296296, 32.95937873357228, 32.96296296296296, 32.95937873357228, 32.95818399044205, 32.95818399044205, 32.956989247311824, 32.95459976105137, 32.9557945041816, 32.951015531660694, 32.951015531660694, 32.95221027479092, 32.956989247311824, 32.95937873357228, 32.95340501792115, 32.9557945041816, 32.95818399044205, 32.95459976105138, 32.95459976105137, 32.96057347670251, 32.96535244922342, 32.966547192353644, 32.966547192353644, 32.961768219832734, 32.96057347670251, 32.961768219832734, 32.95937873357228, 32.96057347670251, 32.96296296296296, 32.96057347670251, 32.96296296296296, 32.95818399044205, 32.96415770609319, 32.96415770609319, 32.9689366786141, 32.97013142174433, 32.972520908004775, 32.9689366786141, 32.97252090800478, 32.97371565113501, 32.971326164874554, 32.96774193548387, 32.96415770609319, 32.96296296296296, 32.96296296296296, 32.96535244922342, 32.96415770609319, 32.96296296296296, 32.95818399044205, 32.95937873357228, 32.96057347670251, 32.956989247311824, 32.961768219832734, 32.961768219832734, 32.96415770609319, 32.96535244922342, 32.9689366786141, 32.97610513739546, 32.973715651135, 32.9689366786141, 32.96535244922342, 32.96296296296296, 32.96535244922342, 32.966547192353644, 32.966547192353644, 32.96415770609319, 32.96057347670251, 32.96415770609319, 32.956989247311824, 32.95818399044205, 32.966547192353644, 32.96296296296296, 32.96057347670251, 32.96774193548387, 32.96296296296296, 32.961768219832734, 32.96296296296296, 32.9689366786141, 32.96774193548387, 32.971326164874554, 32.96535244922342, 32.966547192353644, 32.966547192353644, 32.961768219832734, 32.961768219832734, 32.96535244922342, 32.961768219832734, 32.95937873357228, 32.96535244922342, 32.96415770609319, 32.96415770609319, 32.96296296296296, 32.96057347670251, 32.96535244922342, 32.971326164874554, 32.966547192353644, 32.96535244922342, 32.961768219832734, 32.96415770609319, 32.961768219832734, 32.966547192353644, 32.961768219832734, 32.96415770609319, 32.96535244922342, 32.96535244922342, 32.966547192353644, 32.95937873357228, 32.9557945041816, 32.9557945041816, 32.956989247311824, 32.956989247311824, 32.955794504181604, 32.95818399044205, 32.9557945041816, 32.95459976105137, 32.952210274790914, 32.95459976105138, 32.9557945041816, 32.96296296296296, 32.9557945041816, 32.96296296296296, 32.96535244922342, 32.96296296296296, 32.966547192353644, 32.96296296296296, 32.96296296296296, 32.961768219832734, 32.961768219832734, 32.96296296296296, 32.96296296296296, 32.95937873357228, 32.956989247311824, 32.956989247311824, 32.95459976105137, 32.96415770609319, 32.96296296296296, 32.96057347670251, 32.96296296296296, 32.95937873357228, 32.96057347670251, 32.956989247311824, 32.955794504181604, 32.95937873357228, 32.96296296296296, 32.96415770609319, 32.96057347670251, 32.96415770609319, 32.96535244922342, 32.9689366786141, 32.966547192353644, 32.96296296296296, 32.961768219832734, 32.96296296296296, 32.966547192353644, 32.97491039426524, 32.976105137395464, 32.97849462365591, 32.97491039426524, 32.97491039426523, 32.97491039426523, 32.97610513739546, 32.97491039426523, 32.971326164874554, 32.97252090800478, 32.96774193548387, 32.9689366786141, 32.96415770609319, 32.966547192353644, 32.966547192353644, 32.96774193548387, 32.97013142174433, 32.9689366786141, 32.96535244922342, 32.971326164874554, 32.971326164874554, 32.97013142174433, 32.97013142174433, 32.971326164874554, 32.971326164874554, 32.97013142174433, 32.966547192353644, 32.96774193548387, 32.966547192353644, 32.96535244922342, 32.95937873357228, 32.96057347670251, 32.96415770609319, 32.96415770609319, 32.96296296296296, 32.96415770609319, 32.961768219832734, 32.966547192353644, 32.97013142174433, 32.96774193548387, 32.966547192353644, 32.96774193548387, 32.97013142174433, 32.97013142174433, 32.966547192353644, 32.966547192353644, 32.96774193548387, 32.96535244922342, 32.96774193548387, 32.9689366786141, 32.9689366786141, 32.9689366786141, 32.97013142174433, 32.9689366786141, 32.966547192353644, 32.97252090800478, 32.971326164874554, 32.96535244922342, 32.96415770609319, 32.96296296296296, 32.96535244922342, 32.9689366786141, 32.9689366786141, 32.96774193548387, 32.966547192353644, 32.96774193548387, 32.96774193548387, 32.9689366786141, 32.97013142174433, 32.9689366786141, 32.97013142174433, 32.97013142174433, 32.966547192353644, 32.96774193548387, 32.97013142174433, 32.97013142174433, 32.96774193548387, 32.96774193548387, 32.971326164874554, 32.973715651135, 32.97013142174433, 32.97252090800478, 32.966547192353644, 32.96535244922342, 32.966547192353644, 32.96774193548387, 32.97371565113501, 32.97371565113501, 32.97491039426524, 32.97013142174433, 32.972520908004775, 32.97013142174433, 32.9689366786141, 32.97013142174433, 32.9689366786141, 32.96893667861409, 32.96893667861409, 32.97013142174433, 32.97371565113501, 32.97013142174433, 32.9689366786141, 32.971326164874554, 32.97491039426523, 32.97491039426523, 32.972520908004775, 32.96774193548387, 32.96415770609319, 32.961768219832734, 32.961768219832734, 32.961768219832734, 32.96057347670251, 32.961768219832734, 32.966547192353644, 32.96296296296296, 32.96296296296296, 32.96415770609319, 32.96057347670251, 32.96057347670251, 32.96296296296296, 32.95818399044205, 32.956989247311824, 32.961768219832734, 32.96296296296296, 32.966547192353644, 32.966547192353644, 32.972520908004775, 32.97132616487455, 32.96774193548387, 32.96415770609319, 32.96774193548387, 32.97132616487455, 32.96535244922342, 32.96296296296296, 32.96774193548387, 32.96535244922342, 32.96057347670251, 32.96535244922342, 32.971326164874554, 32.97252090800478, 32.966547192353644, 32.96535244922342, 32.96893667861409, 32.971326164874554, 32.9689366786141, 32.9689366786141, 32.971326164874554, 32.9689366786141, 32.972520908004775, 32.97132616487455, 32.97491039426523, 32.973715651135, 32.971326164874554, 32.9689366786141, 32.966547192353644, 32.96415770609319, 32.966547192353644, 32.96415770609319, 32.966547192353644, 32.96415770609319, 32.96415770609319, 32.96057347670251, 32.95937873357228, 32.961768219832734, 32.96415770609319, 32.95937873357228, 32.95937873357228, 32.961768219832734, 32.96415770609319, 32.96535244922342, 32.96296296296296, 32.96415770609319, 32.96535244922342, 32.96296296296296, 32.96535244922342, 32.96415770609319, 32.96057347670251, 32.956989247311824, 32.956989247311824, 32.96057347670251, 32.96296296296296, 32.96057347670251, 32.96057347670251, 32.96415770609319, 32.96296296296296, 32.96057347670251, 32.96296296296296, 32.9689366786141, 32.9689366786141, 32.966547192353644, 32.960573476702514, 32.961768219832734, 32.96415770609319, 32.96296296296296, 32.96415770609319, 32.96415770609319, 32.961768219832734, 32.96535244922342, 32.96774193548387, 32.96415770609319, 32.96415770609319, 32.966547192353644, 32.966547192353644, 32.96774193548387, 32.97252090800478, 32.97252090800478, 32.97013142174433, 32.96296296296296, 32.96057347670251, 32.96057347670251, 32.9689366786141, 32.966547192353644, 32.9689366786141, 32.966547192353644, 32.96535244922342, 32.966547192353644, 32.96535244922342, 32.96296296296296, 32.96296296296296, 32.961768219832734, 32.96535244922342, 32.961768219832734, 32.95937873357228, 32.95937873357228, 32.956989247311824, 32.961768219832734, 32.956989247311824, 32.95818399044205, 32.95818399044205, 32.95937873357228, 32.9557945041816, 32.95818399044205, 32.95459976105137, 32.95459976105137, 32.96057347670251]",0.8476622164978245,0.8432713735492263,33,"[33, 33, 33, 33, 33, 33, 33, 33, 33, 33, 33, 33, 33, 33, 33, 33, 33, 33, 33, 33, 33, 33, 33, 33, 33, 33, 33, 33, 33, 33, 33, 33, 33, 33, 33, 33, 33, 33, 33, 33, 33, 33, 33, 33, 33, 33, 33, 33, 33, 33, 33, 33, 33, 33, 33, 33, 33, 33, 33, 33, 33, 33, 33, 33, 33, 33, 33, 33, 33, 33, 33, 33, 33, 33, 33, 33, 33, 33, 33, 33, 33, 33, 33, 33, 33, 33, 33, 33, 33, 33, 33, 33, 33, 33, 33, 33, 33, 33, 33, 33, 33, 33, 33, 33, 33, 33, 33, 33, 33, 33, 33, 33, 33, 33, 33, 33, 33, 33, 33, 33, 33, 33, 33, 33, 33, 33, 33, 33, 33, 33, 33, 33, 33, 33, 33, 33, 33, 33, 33, 33, 33, 33, 33, 33, 33, 33, 33, 33, 33, 33, 33, 33, 33, 33, 33, 33, 33, 33, 33, 33, 33, 33, 33, 33, 33, 33, 33, 33, 33, 33, 33, 33, 33, 33, 33, 33, 33, 33, 33, 33, 33, 33, 33, 33, 33, 33, 33, 33, 33, 33, 33, 33, 33, 33, 33, 33, 33, 33, 33, 33, 33, 33, 33, 33, 33, 33, 33, 33, 33, 33, 33, 33, 33, 33, 33, 33, 33, 33, 33, 33, 33, 33, 33, 33, 33, 33, 33, 33, 33, 33, 33, 33, 33, 33, 33, 33, 33, 33, 33, 33, 33, 33, 33, 33, 33, 33, 33, 33, 33, 33, 33, 33, 33, 33, 33, 33, 33, 33, 33, 33, 33, 33, 33, 33, 33, 33, 33, 33, 33, 33, 33, 33, 33, 33, 33, 33, 33, 33, 33, 33, 33, 33, 33, 33, 33, 33, 33, 33, 33, 33, 33, 33, 33, 33, 33, 33, 33, 33, 33, 33, 33, 33, 33, 33, 33, 33, 33, 33, 33, 33, 33, 33, 33, 33, 33, 33, 33, 33, 33, 33, 33, 33, 33, 33, 33, 33, 33, 33, 33, 33, 33, 33, 33, 33, 33, 33, 33, 33, 33, 33, 33, 33, 33, 33, 33, 33, 33, 33, 33, 33, 33, 33, 33, 33, 33, 33, 33, 33, 33, 33, 33, 33, 33, 33, 33, 33, 33, 33, 33, 33, 33, 33, 33, 33, 33, 33, 33, 33, 33, 33, 33, 33, 33, 33, 33, 33, 33, 33, 33, 33, 33, 33, 33, 33, 33, 33, 33, 33, 33, 33, 33, 33, 33, 33, 33, 33, 33, 33, 33, 33, 33, 33, 33, 33, 33, 33, 33, 33, 33, 33, 33, 33, 33, 33, 33, 33, 33, 33, 33, 33, 33, 33, 33, 33, 33, 33, 33, 33, 33, 33, 33, 33, 33, 33, 33, 33, 33, 33, 33, 33, 33, 33, 33, 33, 33, 33, 33, 33, 33, 33, 33, 33, 33, 33, 33, 33, 33, 33, 33, 33, 33, 33, 33, 33, 33, 33, 33, 33, 33, 33, 33, 33, 33, 33, 33, 33, 33, 33, 33, 33, 33, 33, 33, 33, 33, 33, 33, 33, 33, 33]",500,"[0.5443499088287354, 0.4955817461013794, 0.46530234813690186, 0.4457269012928009, 0.43255096673965454, 0.4234893023967743, 0.41697990894317627, 0.4121686816215515, 0.40852370858192444, 0.40567994117736816, 0.40341728925704956, 0.4015504717826843, 0.3999877870082855, 0.39865660667419434, 0.39748018980026245, 0.396434485912323, 0.39548397064208984, 0.39460864663124084, 0.3938004672527313, 0.3930400609970093, 0.39232581853866577, 0.3916524052619934, 0.3910024166107178, 0.3903789222240448, 0.3897758424282074, 0.38919883966445923, 0.3886418640613556, 0.3880980312824249, 0.3875708281993866, 0.3870614171028137, 0.38656556606292725, 0.3860826790332794, 0.38561496138572693, 0.38515856862068176, 0.38471415638923645, 0.38427838683128357, 0.3838517665863037, 0.38343727588653564, 0.3830327093601227, 0.38263610005378723, 0.3822479248046875, 0.38186848163604736, 0.38149911165237427, 0.38113513588905334, 0.38077983260154724, 0.3804304897785187, 0.38008904457092285, 0.3797513246536255, 0.3794211149215698, 0.3791004419326782, 0.3787827789783478, 0.3784719407558441, 0.3781663477420807, 0.3778650760650635, 0.3775700330734253, 0.37728068232536316, 0.3769952356815338, 0.37671592831611633, 0.3764400780200958, 0.3761686086654663, 0.3759017288684845, 0.37564003467559814, 0.3753820061683655, 0.3751269280910492, 0.37487566471099854, 0.3746267557144165, 0.374381422996521, 0.3741404712200165, 0.3739057183265686, 0.37367182970046997, 0.37343886494636536, 0.3732089698314667, 0.3729821443557739, 0.37275704741477966, 0.3725348711013794, 0.37231484055519104, 0.3720983564853668, 0.37188661098480225, 0.37167662382125854, 0.3714671730995178, 0.3712584972381592, 0.3710539937019348, 0.37084925174713135, 0.37064892053604126, 0.3704510033130646, 0.3702518045902252, 0.3700542747974396, 0.3698587715625763, 0.3696649968624115, 0.36947450041770935, 0.3692811131477356, 0.36909401416778564, 0.36890819668769836, 0.3687228262424469, 0.36853641271591187, 0.3683566153049469, 0.3681716024875641, 0.36799103021621704, 0.3678087890148163, 0.3676275312900543, 0.36744871735572815, 0.3672741949558258, 0.367096483707428, 0.3669221103191376, 0.3667493760585785, 0.3665761947631836, 0.36640533804893494, 0.3662340044975281, 0.36606043577194214, 0.3658861815929413, 0.36571696400642395, 0.3655480444431305, 0.3653796911239624, 0.36521220207214355, 0.36504510045051575, 0.36488038301467896, 0.364714115858078, 0.3645493984222412, 0.3643874228000641, 0.36422425508499146, 0.36406078934669495, 0.36389705538749695, 0.36373576521873474, 0.3635719418525696, 0.36340782046318054, 0.36324572563171387, 0.36308544874191284, 0.36292514204978943, 0.3627641797065735, 0.36260727047920227, 0.36244744062423706, 0.36228734254837036, 0.36213070154190063, 0.36197134852409363, 0.36181342601776123, 0.36165228486061096, 0.36149540543556213, 0.3613346815109253, 0.3611762523651123, 0.36101412773132324, 0.36086031794548035, 0.360704243183136, 0.36055105924606323, 0.3603949248790741, 0.3602384924888611, 0.36008015275001526, 0.3599265217781067, 0.3597702383995056, 0.35961592197418213, 0.35945650935173035, 0.359299898147583, 0.3591434061527252, 0.3589886426925659, 0.3588356077671051, 0.3586810827255249, 0.3585284948348999, 0.3583715558052063, 0.3582157790660858, 0.358060747385025, 0.35790693759918213, 0.35775434970855713, 0.3576005697250366, 0.35744574666023254, 0.3572886288166046, 0.35713377594947815, 0.3569795489311218, 0.35682451725006104, 0.35667115449905396, 0.3565156161785126, 0.35636085271835327, 0.3562065064907074, 0.35605141520500183, 0.35589924454689026, 0.3557460308074951, 0.3555915057659149, 0.3554407060146332, 0.35528698563575745, 0.3551326394081116, 0.35497981309890747, 0.35482752323150635, 0.35467293858528137, 0.3545193076133728, 0.3543657958507538, 0.3542129397392273, 0.35405856370925903, 0.3539033532142639, 0.3537498414516449, 0.353595495223999, 0.3534424901008606, 0.3532898724079132, 0.3531341552734375, 0.3529784679412842, 0.3528251647949219, 0.3526712656021118, 0.3525170087814331, 0.35236436128616333, 0.35221007466316223, 0.3520532548427582, 0.35190173983573914, 0.3517489731311798, 0.35159575939178467, 0.35144269466400146, 0.35129034519195557, 0.35113370418548584, 0.3509775400161743, 0.3508271872997284, 0.3506709039211273, 0.3505178391933441, 0.3503619432449341, 0.35020557045936584, 0.3500508964061737, 0.34989461302757263, 0.349738210439682, 0.3495824337005615, 0.3494281470775604, 0.34926995635032654, 0.34911593794822693, 0.34896233677864075, 0.3488076329231262, 0.348652720451355, 0.3484979271888733, 0.3483421802520752, 0.3481815457344055, 0.34802761673927307, 0.3478706479072571, 0.34771403670310974, 0.34755682945251465, 0.34740355610847473, 0.34724676609039307, 0.34709033370018005, 0.34693053364753723, 0.34677067399024963, 0.34661248326301575, 0.346454381942749, 0.34629836678504944, 0.3461383879184723, 0.34598132967948914, 0.34582483768463135, 0.34566426277160645, 0.3455047309398651, 0.3453480899333954, 0.3451906442642212, 0.3450298309326172, 0.3448704779148102, 0.3447127938270569, 0.34455350041389465, 0.3443951904773712, 0.3442339301109314, 0.34407365322113037, 0.34391430020332336, 0.3437548577785492, 0.3435974419116974, 0.34343600273132324, 0.3432772159576416, 0.3431166112422943, 0.3429553508758545, 0.3427945375442505, 0.342631995677948, 0.3424678146839142, 0.3423078656196594, 0.34214791655540466, 0.3419852554798126, 0.34182479977607727, 0.3416641354560852, 0.3415021598339081, 0.3413390815258026, 0.3411729335784912, 0.3410099446773529, 0.34084513783454895, 0.3406815230846405, 0.3405170142650604, 0.3403526544570923, 0.34019047021865845, 0.3400266170501709, 0.33986106514930725, 0.33969664573669434, 0.3395332992076874, 0.3393688201904297, 0.33920374512672424, 0.33903658390045166, 0.3388708829879761, 0.338702917098999, 0.33853745460510254, 0.33837440609931946, 0.3382120132446289, 0.3380424380302429, 0.3378750681877136, 0.33771049976348877, 0.3375408947467804, 0.33737194538116455, 0.337203711271286, 0.3370346128940582, 0.33686429262161255, 0.3366965055465698, 0.33652615547180176, 0.33635762333869934, 0.33619004487991333, 0.3360200822353363, 0.3358519375324249, 0.3356812596321106, 0.33551034331321716, 0.33534231781959534, 0.33517032861709595, 0.334998220205307, 0.33482825756073, 0.334659218788147, 0.33448711037635803, 0.33431607484817505, 0.3341447710990906, 0.3339707553386688, 0.3337985575199127, 0.333626925945282, 0.3334568440914154, 0.33328041434288025, 0.3331073522567749, 0.3329352140426636, 0.33276236057281494, 0.33258792757987976, 0.3324125409126282, 0.33223843574523926, 0.3320666253566742, 0.33189254999160767, 0.33171555399894714, 0.3315364122390747, 0.3313612639904022, 0.3311869502067566, 0.33101025223731995, 0.3308330774307251, 0.33065494894981384, 0.3304782509803772, 0.330299973487854, 0.3301217555999756, 0.3299466669559479, 0.3297705054283142, 0.3295920491218567, 0.3294120728969574, 0.32922977209091187, 0.32905158400535583, 0.3288721740245819, 0.3286954462528229, 0.3285152316093445, 0.3283330500125885, 0.32815447449684143, 0.32797443866729736, 0.3277952969074249, 0.3276123106479645, 0.32743072509765625, 0.3272480070590973, 0.32706981897354126, 0.3268861472606659, 0.32670295238494873, 0.3265223205089569, 0.3263379633426666, 0.3261559009552002, 0.32597076892852783, 0.3257879614830017, 0.32560139894485474, 0.32541683316230774, 0.3252357542514801, 0.3250524401664734, 0.3248670995235443, 0.324679970741272, 0.32449623942375183, 0.324310302734375, 0.32412654161453247, 0.3239384889602661, 0.32375290989875793, 0.3235650360584259, 0.3233781456947