,number,value,datetime_start,datetime_complete,duration,params_batch_size_scaler,params_constant_learning_rate,params_depth,params_epochs,params_kernel_l2,params_num_trees,params_temperature,user_attrs_accuracy_test,user_attrs_accuracy_valid,user_attrs_approximate_feature_sparsity,user_attrs_approximate_feature_sparsity_history,user_attrs_approximate_weight_sparsity,user_attrs_approximate_weight_sparsity_history,user_attrs_auc_test,user_attrs_auc_valid,user_attrs_feature_sparsity,user_attrs_feature_sparsity_history,user_attrs_num_epochs,user_attrs_val_loss_history,user_attrs_weight_sparsity,user_attrs_weight_sparsity_history,state
72,72,0.6635171516533344,2024-08-31 03:28:11.787525,2024-08-31 03:28:51.242206,0 days 00:00:39.454681,16,0.7413429028910287,2,400,0.07227688527640379,98,0.007416057029455794,0.859,0.85875,2,"[33, 33, 33, 33, 24, 8, 3, 3, 3, 3, 3, 3, 3, 2, 2, 2, 2, 2, 2, 2, 2, 2, 2, 2, 2, 2, 2, 2, 2, 2, 2, 2, 2, 2, 2, 2, 2, 2, 2, 2, 2, 2, 2, 2, 2, 2, 2, 2, 2, 2, 2, 2, 2, 2, 2, 2, 2, 2, 2, 2, 2, 2, 2, 2, 2, 2, 2, 2, 2, 2, 2, 2, 2, 2, 2, 2, 2, 2, 2, 2, 2, 2, 2, 2, 2, 2, 2, 2, 2, 2, 2, 2, 2, 2, 2, 2, 2, 2, 2, 2, 2, 2, 2, 2, 2, 2, 2, 2, 2, 2, 2, 2, 2, 2, 2, 2, 2, 2, 2, 2, 2, 2, 2, 2, 2, 2, 2, 2, 2, 2, 2, 2, 2, 2, 2, 2, 2, 2, 2, 2, 2, 2, 2, 2, 2, 2, 2, 2, 2, 2, 2, 2, 2, 2, 2, 2, 2, 2, 2, 2, 2, 2, 2, 2, 2, 2, 2, 2, 2, 2, 2, 2, 2, 2, 2, 2, 2, 2, 2, 2, 2, 2, 2, 2, 2, 2, 2, 2, 2, 2, 2, 2, 2, 2, 2, 2, 2, 2, 2, 2, 2, 2, 2, 2, 2, 2, 2, 2, 2, 2, 2, 2, 2, 2, 2, 2, 2, 2, 2, 2, 2, 2, 2, 2, 2, 2, 2, 2, 2, 2, 2, 2, 2, 2, 2, 2, 2, 2, 2, 2, 2, 2, 2, 2, 2, 2, 2, 2, 2, 2, 2, 2, 2, 2, 2, 2, 2, 2, 2, 2, 2, 2, 2, 2, 2, 2, 2, 2, 2, 2, 2, 2, 2, 2, 2, 2, 2, 2, 2, 2, 2, 2, 2, 2, 2, 2, 2, 2, 2, 2, 2, 2, 2, 2, 2, 2, 2, 2, 2, 2, 2, 2, 2, 2, 2, 2, 2, 2, 2, 2, 2, 2, 2, 2, 2, 2, 2, 2, 2, 2, 2, 2, 2, 2, 2, 2, 2, 2, 2, 2, 2, 2, 2, 2, 2, 2, 2, 2, 2, 2, 2, 2, 2, 2, 2, 2, 2, 2, 2, 2, 2, 2, 2, 2, 2, 2, 2, 2, 2, 2, 2, 2, 2, 2, 2, 2, 2, 2, 2, 2, 2, 2, 2, 2, 2, 2, 2, 2, 2, 2, 2, 2, 2, 2, 2, 2, 2, 2, 2, 2, 2, 2, 2, 2, 2, 2, 2, 2, 2, 2]",2.0,"[32.98639455782313, 32.982993197278915, 32.98299319727891, 32.96938775510204, 23.97959183673469, 7.993197278911564, 2.996598639455782, 2.9931972789115644, 2.996598639455782, 2.9863945578231292, 3.0, 3.0, 3.0, 1.9965986394557822, 2.0, 1.9965986394557822, 2.0, 1.9965986394557822, 1.9965986394557822, 1.9965986394557822, 2.0, 1.989795918367347, 1.9965986394557822, 2.0, 2.0, 2.0, 2.0, 2.0, 2.0, 2.0, 1.9965986394557822, 2.0, 2.0, 1.9965986394557822, 1.9965986394557822, 1.9931972789115646, 1.9931972789115646, 2.0, 2.0, 1.9965986394557822, 2.0, 2.0, 2.0, 1.9965986394557822, 2.0, 2.0, 2.0, 2.0, 2.0, 2.0, 2.0, 2.0, 1.9965986394557822, 2.0, 2.0, 2.0, 2.0, 2.0, 2.0, 2.0, 2.0, 2.0, 2.0, 2.0, 2.0, 2.0, 2.0, 1.9965986394557822, 2.0, 2.0, 1.9965986394557822, 2.0, 2.0, 2.0, 1.9965986394557822, 1.9965986394557822, 1.9965986394557822, 2.0, 2.0, 1.9965986394557822, 1.9965986394557822, 2.0, 1.9965986394557822, 2.0, 2.0, 2.0, 2.0, 2.0, 2.0, 2.0, 2.0, 2.0, 2.0, 2.0, 2.0, 2.0, 2.0, 2.0, 2.0, 2.0, 1.9965986394557822, 1.9931972789115646, 1.9965986394557822, 2.0, 1.9965986394557822, 2.0, 2.0, 1.9965986394557822, 2.0, 2.0, 2.0, 2.0, 1.9965986394557822, 2.0, 2.0, 2.0, 2.0, 1.9965986394557822, 2.0, 1.9965986394557822, 2.0, 2.0, 2.0, 2.0, 2.0, 2.0, 2.0, 1.9965986394557822, 2.0, 2.0, 2.0, 2.0, 1.9965986394557822, 2.0, 2.0, 2.0, 2.0, 2.0, 2.0, 2.0, 1.9965986394557822, 2.0, 2.0, 2.0, 2.0, 2.0, 2.0, 1.9965986394557822, 2.0, 2.0, 2.0, 1.9965986394557822, 2.0, 2.0, 2.0, 2.0, 2.0, 1.9965986394557822, 2.0, 2.0, 2.0, 1.9965986394557822, 1.9965986394557822, 2.0, 2.0, 2.0, 2.0, 1.9965986394557822, 1.9965986394557822, 2.0, 2.0, 1.9965986394557822, 2.0, 2.0, 2.0, 2.0, 2.0, 2.0, 2.0, 2.0, 2.0, 2.0, 2.0, 2.0, 2.0, 2.0, 1.9965986394557822, 1.9965986394557822, 1.9965986394557822, 2.0, 1.9965986394557822, 2.0, 1.9965986394557822, 2.0, 1.9965986394557822, 1.9965986394557822, 1.9965986394557822, 1.9965986394557822, 1.9965986394557822, 2.0, 2.0, 2.0, 1.9965986394557822, 2.0, 1.9965986394557822, 2.0, 2.0, 1.9965986394557822, 2.0, 2.0, 2.0, 2.0, 2.0, 2.0, 2.0, 2.0, 1.9965986394557822, 1.9965986394557822, 1.9965986394557822, 2.0, 2.0, 2.0, 2.0, 2.0, 1.9965986394557822, 2.0, 1.9965986394557822, 2.0, 2.0, 2.0, 2.0, 2.0, 1.9965986394557822, 2.0, 2.0, 2.0, 2.0, 2.0, 2.0, 2.0, 2.0, 2.0, 2.0, 2.0, 2.0, 2.0, 2.0, 2.0, 2.0, 2.0, 2.0, 2.0, 2.0, 2.0, 2.0, 2.0, 2.0, 2.0, 2.0, 2.0, 1.9965986394557822, 2.0, 2.0, 2.0, 1.9965986394557822, 2.0, 1.9965986394557822, 2.0, 2.0, 1.9965986394557822, 2.0, 2.0, 2.0, 2.0, 2.0, 2.0, 2.0, 2.0, 1.9965986394557822, 2.0, 2.0, 2.0, 2.0, 2.0, 2.0, 2.0, 2.0, 2.0, 2.0, 2.0, 2.0, 2.0, 1.9965986394557822, 2.0, 2.0, 2.0, 1.9965986394557822, 1.9965986394557822, 2.0, 1.9965986394557822, 1.9965986394557822, 2.0, 2.0, 1.9965986394557822, 2.0, 2.0, 2.0, 2.0, 2.0, 2.0, 1.9965986394557822, 2.0, 2.0, 2.0, 2.0, 2.0, 2.0, 2.0, 2.0, 2.0, 2.0, 2.0, 2.0, 2.0, 2.0, 2.0, 2.0, 1.9965986394557822, 2.0, 2.0, 1.9965986394557822, 2.0, 1.9965986394557822, 1.9965986394557822, 1.9965986394557822, 1.9965986394557822, 1.989795918367347, 2.0, 2.0, 2.0, 2.0, 2.0, 2.0, 2.0, 2.0, 2.0, 2.0, 2.0, 1.9965986394557822, 1.9965986394557822, 1.9931972789115646, 1.9965986394557822, 1.9965986394557822, 1.9965986394557822, 1.9931972789115646, 1.9965986394557822, 1.9965986394557822, 1.9965986394557822, 1.9965986394557822, 1.9965986394557822, 2.0, 2.0, 2.0, 2.0, 2.0, 2.0, 1.9965986394557822, 1.9965986394557822, 1.9965986394557822, 1.9965986394557822, 1.9965986394557822, 1.9931972789115646, 1.9965986394557822, 1.9965986394557822, 1.9965986394557822, 1.9965986394557822, 1.9931972789115646, 1.9965986394557822, 1.9931972789115646, 1.9931972789115646, 1.9931972789115646, 1.9931972789115646, 2.0, 2.0, 2.0, 2.0, 2.0, 2.0, 2.0, 2.0, 2.0, 2.0, 2.0, 2.0, 2.0, 2.0, 2.0, 2.0, 2.0, 2.0]",0.6446635127436653,0.6635171516533344,2,"[33, 33, 33, 33, 24, 8, 3, 3, 3, 3, 3, 3, 3, 2, 2, 2, 2, 2, 2, 2, 2, 2, 2, 2, 2, 2, 2, 2, 2, 2, 2, 2, 2, 2, 2, 2, 2, 2, 2, 2, 2, 2, 2, 2, 2, 2, 2, 2, 2, 2, 2, 2, 2, 2, 2, 2, 2, 2, 2, 2, 2, 2, 2, 2, 2, 2, 2, 2, 2, 2, 2, 2, 2, 2, 2, 2, 2, 2, 2, 2, 2, 2, 2, 2, 2, 2, 2, 2, 2, 2, 2, 2, 2, 2, 2, 2, 2, 2, 2, 2, 2, 2, 2, 2, 2, 2, 2, 2, 2, 2, 2, 2, 2, 2, 2, 2, 2, 2, 2, 2, 2, 2, 2, 2, 2, 2, 2, 2, 2, 2, 2, 2, 2, 2, 2, 2, 2, 2, 2, 2, 2, 2, 2, 2, 2, 2, 2, 2, 2, 2, 2, 2, 2, 2, 2, 2, 2, 2, 2, 2, 2, 2, 2, 2, 2, 2, 2, 2, 2, 2, 2, 2, 2, 2, 2, 2, 2, 2, 2, 2, 2, 2, 2, 2, 2, 2, 2, 2, 2, 2, 2, 2, 2, 2, 2, 2, 2, 2, 2, 2, 2, 2, 2, 2, 2, 2, 2, 2, 2, 2, 2, 2, 2, 2, 2, 2, 2, 2, 2, 2, 2, 2, 2, 2, 2, 2, 2, 2, 2, 2, 2, 2, 2, 2, 2, 2, 2, 2, 2, 2, 2, 2, 2, 2, 2, 2, 2, 2, 2, 2, 2, 2, 2, 2, 2, 2, 2, 2, 2, 2, 2, 2, 2, 2, 2, 2, 2, 2, 2, 2, 2, 2, 2, 2, 2, 2, 2, 2, 2, 2, 2, 2, 2, 2, 2, 2, 2, 2, 2, 2, 2, 2, 2, 2, 2, 2, 2, 2, 2, 2, 2, 2, 2, 2, 2, 2, 2, 2, 2, 2, 2, 2, 2, 2, 2, 2, 2, 2, 2, 2, 2, 2, 2, 2, 2, 2, 2, 2, 2, 2, 2, 2, 2, 2, 2, 2, 2, 2, 2, 2, 2, 2, 2, 2, 2, 2, 2, 2, 2, 2, 2, 2, 2, 2, 2, 2, 2, 2, 2, 2, 2, 2, 2, 2, 2, 2, 2, 2, 2, 2, 2, 2, 2, 2, 2, 2, 2, 2, 2, 2, 2, 2, 2, 2, 2, 2, 2, 2, 2, 2, 2, 2, 2, 2, 2, 2, 2, 2, 2, 2]",400,"[0.770607054233551, 0.57429438829422, 0.5479223728179932, 1.5465807914733887, 1.2215549945831299, 0.5009434223175049, 0.4091647267341614, 2.1563782691955566, 2.2246594429016113, 0.3775968551635742, 3.136227607727051, 0.5677427053451538, 0.7123854756355286, 1.0766987800598145, 1.9048658609390259, 0.5804808139801025, 0.8718798160552979, 0.7313553094863892, 0.9152477383613586, 0.46254828572273254, 1.399691104888916, 1.4617468118667603, 2.1659770011901855, 0.43789684772491455, 0.8211398124694824, 0.7386987805366516, 0.519681990146637, 1.2341632843017578, 0.8867847919464111, 0.5866460204124451, 0.40122389793395996, 0.4382534921169281, 0.3874174952507019, 0.4295505881309509, 0.7253298759460449, 0.7196582555770874, 0.9921470880508423, 0.3880045711994171, 1.0084490776062012, 0.3843269348144531, 0.41654181480407715, 1.5301334857940674, 0.6801090836524963, 0.39175331592559814, 0.4002896845340729, 0.390137642621994, 0.4264485239982605, 0.526759922504425, 0.4114852249622345, 0.46793705224990845, 1.0601775646209717, 0.8206230998039246, 0.4227293133735657, 0.3862341046333313, 0.42823630571365356, 0.6629980206489563, 1.835473656654358, 1.0512562990188599, 0.45564189553260803, 0.7044754028320312, 0.4680633246898651, 0.4306558668613434, 1.0048693418502808, 2.4416306018829346, 0.40071240067481995, 0.5827034711837769, 0.4518846869468689, 1.023327112197876, 0.985393226146698, 0.46058011054992676, 0.4013480842113495, 0.3828030824661255, 0.3908812701702118, 0.4711567163467407, 2.4741086959838867, 0.6675565838813782, 1.313132643699646, 0.6767371296882629, 1.1761174201965332, 0.4074026346206665, 0.6190091967582703, 0.5499640107154846, 0.39210036396980286, 0.4088607132434845, 1.0607409477233887, 0.4405900835990906, 0.9380372762680054, 0.5144566297531128, 1.121577501296997, 0.8230626583099365, 0.9823495745658875, 0.39955851435661316, 0.3900868892669678, 0.42532992362976074, 0.4241388440132141, 0.45915016531944275, 1.6553508043289185, 0.4702051877975464, 1.1398937702178955, 0.5903059840202332, 0.43219947814941406, 0.4710758924484253, 0.6093828678131104, 0.40360161662101746, 0.7785492539405823, 0.5529915690422058, 1.4880443811416626, 1.1856926679611206, 0.5678496360778809, 0.804637610912323, 1.5810627937316895, 0.613632082939148, 0.5060398578643799, 1.018638253211975, 0.8762853145599365, 0.5862767696380615, 0.3901667892932892, 0.42597338557243347, 0.38809752464294434, 1.3257430791854858, 1.2461377382278442, 0.389857679605484, 1.4142929315567017, 0.7369337677955627, 0.6215453743934631, 0.4575556814670563, 0.8467406630516052, 0.4003516137599945, 0.4290284812450409, 0.6833798289299011, 0.576201319694519, 1.0387119054794312, 2.8564605712890625, 0.8373532295227051, 0.39044737815856934, 0.4049229025840759, 1.3858046531677246, 1.1717385053634644, 0.9874144196510315, 1.3329728841781616, 1.6502364873886108, 0.3920489549636841, 1.3491288423538208, 0.9524638652801514, 0.3935752809047699, 0.5576463937759399, 0.3847411870956421, 1.1407687664031982, 0.39449360966682434, 2.125136375427246, 0.47946619987487793, 0.392635703086853, 0.4186670184135437, 0.5402542352676392, 0.5074537992477417, 0.42906123399734497, 0.9334409236907959, 0.46496251225471497, 0.7844709753990173, 0.7100874185562134, 1.8111891746520996, 0.7925546169281006, 0.5363233089447021, 0.4409487843513489, 1.2431162595748901, 0.44869956374168396, 0.5761921405792236, 0.7480015754699707, 1.914820671081543, 1.6625916957855225, 1.4350024461746216, 0.9684258103370667, 0.40390175580978394, 0.46418070793151855, 0.5466015338897705, 0.7785494923591614, 0.7315415143966675, 0.4036794900894165, 1.9402433633804321, 0.6407078504562378, 2.159968376159668, 0.4848150908946991, 1.7347897291183472, 0.40448257327079773, 1.0922715663909912, 1.3316879272460938, 0.3961915969848633, 0.39833346009254456, 0.7505871057510376, 0.7896483540534973, 2.0813350677490234, 0.6287585496902466, 1.756149411201477, 0.9344215989112854, 1.4197332859039307, 0.9795297384262085, 0.7654678225517273, 0.4254893958568573, 1.146037220954895, 1.3709776401519775, 0.46544915437698364, 0.5376120209693909, 0.8970996737480164, 1.060057520866394, 0.3884785771369934, 0.39602264761924744, 0.558005690574646, 0.4727785885334015, 0.7986299395561218, 1.247952938079834, 0.415872186422348, 0.4073209762573242, 1.8500562906265259, 0.5932960510253906, 0.6525754332542419, 0.8581700325012207, 0.41360366344451904, 0.8251984119415283, 1.6132093667984009, 1.7073856592178345, 0.7533493638038635, 0.609798014163971, 0.39797118306159973, 2.482177972793579, 0.4028918743133545, 0.39041611552238464, 0.3907277584075928, 1.9343109130859375, 0.9798389673233032, 0.8193005323410034, 0.7836356163024902, 1.4409571886062622, 0.4210858643054962, 0.692445695400238, 0.4382427930831909, 0.534503698348999, 0.42416468262672424, 0.6341872215270996, 0.5724596977233887, 1.6676439046859741, 0.40221405029296875, 1.282789707183838, 0.41399985551834106, 2.4590702056884766, 0.4107940196990967, 0.9927694201469421, 0.41677749156951904, 0.5896260142326355, 0.3928086459636688, 1.8980536460876465, 1.848769187927246, 0.4416080415248871, 1.3057725429534912, 0.3991755247116089, 0.5171682834625244, 0.7229723930358887, 0.5571895241737366, 0.6221426725387573, 0.494360089302063, 0.39326396584510803, 0.881406843662262, 0.4762762784957886, 0.5673220157623291, 1.0408976078033447, 0.7589040994644165, 0.4071459472179413, 0.8726611137390137, 0.6412824988365173, 2.133629560470581, 0.38736605644226074, 0.7388809323310852, 0.6115652918815613, 1.477109670639038, 0.40345868468284607, 0.4105990529060364, 0.8639651536941528, 2.1654016971588135, 0.7891121506690979, 0.6872173547744751, 0.43227970600128174, 0.7928970456123352, 0.6280422806739807, 0.403390109539032, 0.43079331517219543, 0.4821736514568329, 0.9493451118469238, 0.3940967619419098, 0.39760398864746094, 0.6961477398872375, 0.5049617290496826, 0.4607543647289276, 0.7016261219978333, 0.8804418444633484, 0.5618311762809753, 0.6156885623931885, 0.6101047992706299, 1.7044973373413086, 0.40373653173446655, 0.6083918213844299, 1.10478937625885, 0.39620158076286316, 0.45424407720565796, 1.2240657806396484, 0.4233626127243042, 0.5092373490333557, 0.44480961561203003, 2.3225231170654297, 0.6694402098655701, 0.8672251105308533, 0.9529791474342346, 0.5968784093856812, 1.9916937351226807, 0.6332708597183228, 0.6507635712623596, 0.9015222191810608, 0.8544310927391052, 0.5993422269821167, 0.5673044919967651, 0.6258413195610046, 0.4014621376991272, 0.46877843141555786, 0.5439130067825317, 0.49497538805007935, 0.38943737745285034, 0.6662847399711609, 0.4396670460700989, 0.6055805683135986, 0.47138354182243347, 0.5520196557044983, 0.4885967969894409, 0.45365798473358154, 0.41569235920906067, 0.7761983275413513, 0.8639501929283142, 0.9350489974021912, 0.3863898813724518, 0.9081093668937683, 1.1132264137268066, 0.437529981136322, 1.2178854942321777, 0.39339497685432434, 0.39347726106643677, 0.9795598387718201, 0.532961905002594, 1.3256101608276367, 0.9936854839324951, 1.329413652420044, 0.4663156569004059, 0.4271402060985565, 1.0112346410751343, 0.963327944278717, 0.44382908940315247, 1.6375150680541992, 0.672351062297821, 0.6265943646430969, 0.3968355655670166, 0.3966407775878906, 1.6234846115112305, 0.5880415439605713, 2.5930826663970947, 0.431321918964386, 0.3885747492313385, 0.5883285999298096, 0.3920910358428955, 0.5949570536613464, 0.42930907011032104, 2.33054256439209, 0.38971492648124695, 0.41769859194755554, 0.60634446144104, 0.38344714045524597, 0.49805712699890137, 0.637508749961853, 0.7410464286804199, 1.5391038656234741, 0.41363295912742615, 0.591335117816925, 1.00994074344635, 0.5404355525970459, 0.38171064853668213, 0.47800204157829285, 0.9914510250091553, 1.0918768644332886, 1.1903988122940063, 0.5755487680435181, 2.214630126953125, 1.1592857837677002, 0.5957628488540649, 1.1678930521011353, 0.3981887400150299, 1.1254289150238037, 1.143984317779541, 1.2843389511108398, 0.43922877311706543, 0.4896408021450043, 0.43871769309043884, 0.40473172068595886, 0.4050944447517395, 0.38990458846092224, 1.5875561237335205]",2.0,"[33.0, 33.0, 33.0, 33.0, 24.0, 8.0, 3.0, 3.0, 3.0, 3.0, 3.0, 3.0, 3.0, 2.0, 2.0, 2.0, 2.0, 2.0, 2.0, 2.0, 2.0, 2.0, 2.0, 2.0, 2.0, 2.0, 2.0, 2.0, 2.0, 2.0, 2.0, 2.0, 2.0, 2.0, 2.0, 2.0, 2.0, 2.0, 2.0, 2.0, 2.0, 2.0, 2.0, 2.0, 2.0, 2.0, 2.0, 2.0, 2.0, 2.0, 2.0, 2.0, 2.0, 2.0, 2.0, 2.0, 2.0, 2.0, 2.0, 2.0, 2.0, 2.0, 2.0, 2.0, 2.0, 2.0, 2.0, 2.0, 2.0, 2.0, 2.0, 2.0, 2.0, 2.0, 2.0, 2.0, 2.0, 2.0, 2.0, 2.0, 2.0, 2.0, 2.0, 2.0, 2.0, 2.0, 2.0, 2.0, 2.0, 2.0, 2.0, 2.0, 2.0, 2.0, 2.0, 2.0, 2.0, 2.0, 2.0, 2.0, 2.0, 2.0, 2.0, 2.0, 2.0, 2.0, 2.0, 2.0, 2.0, 2.0, 2.0, 2.0, 2.0, 2.0, 2.0, 2.0, 2.0, 2.0, 2.0, 2.0, 2.0, 2.0, 2.0, 2.0, 2.0, 2.0, 2.0, 2.0, 2.0, 2.0, 2.0, 2.0, 2.0, 2.0, 2.0, 2.0, 2.0, 2.0, 2.0, 2.0, 2.0, 2.0, 2.0, 2.0, 2.0, 2.0, 2.0, 2.0, 2.0, 2.0, 2.0, 2.0, 2.0, 2.0, 2.0, 2.0, 2.0, 2.0, 2.0, 2.0, 2.0, 2.0, 2.0, 2.0, 2.0, 2.0, 2.0, 2.0, 2.0, 2.0, 2.0, 2.0, 2.0, 2.0, 2.0, 2.0, 2.0, 2.0, 2.0, 2.0, 2.0, 2.0, 2.0, 2.0, 2.0, 2.0, 2.0, 2.0, 2.0, 2.0, 2.0, 2.0, 2.0, 2.0, 2.0, 2.0, 2.0, 2.0, 2.0, 2.0, 2.0, 2.0, 2.0, 2.0, 2.0, 2.0, 2.0, 2.0, 2.0, 2.0, 2.0, 2.0, 2.0, 2.0, 2.0, 2.0, 2.0, 2.0, 2.0, 2.0, 2.0, 2.0, 2.0, 2.0, 2.0, 2.0, 2.0, 2.0, 2.0, 2.0, 2.0, 2.0, 2.0, 2.0, 2.0, 2.0, 2.0, 2.0, 2.0, 2.0, 2.0, 2.0, 2.0, 2.0, 2.0, 2.0, 2.0, 2.0, 2.0, 2.0, 2.0, 2.0, 2.0, 2.0, 2.0, 2.0, 2.0, 2.0, 2.0, 2.0, 2.0, 2.0, 2.0, 2.0, 2.0, 2.0, 2.0, 2.0, 2.0, 2.0, 2.0, 2.0, 2.0, 2.0, 2.0, 2.0, 2.0, 2.0, 2.0, 2.0, 2.0, 2.0, 2.0, 2.0, 2.0, 2.0, 2.0, 2.0, 2.0, 2.0, 2.0, 2.0, 2.0, 2.0, 2.0, 2.0, 2.0, 2.0, 2.0, 2.0, 2.0, 2.0, 2.0, 2.0, 2.0, 2.0, 2.0, 2.0, 2.0, 2.0, 2.0, 2.0, 2.0, 2.0, 2.0, 2.0, 2.0, 2.0, 2.0, 2.0, 2.0, 2.0, 2.0, 2.0, 2.0, 2.0, 2.0, 2.0, 2.0, 2.0, 2.0, 2.0, 2.0, 2.0, 2.0, 2.0, 2.0, 2.0, 2.0, 2.0, 2.0, 2.0, 2.0, 2.0, 2.0, 2.0, 2.0, 2.0, 2.0, 2.0, 2.0, 2.0, 2.0, 2.0, 2.0, 2.0, 2.0, 2.0, 2.0, 2.0, 2.0, 2.0, 2.0, 2.0, 2.0, 2.0, 2.0, 2.0, 2.0, 2.0, 2.0, 2.0, 2.0, 2.0, 2.0, 2.0, 2.0, 2.0, 2.0, 2.0, 2.0, 2.0, 2.0, 2.0, 2.0, 2.0, 2.0, 2.0, 2.0, 2.0, 2.0, 2.0, 2.0, 2.0, 2.0, 2.0, 2.0, 2.0, 2.0, 2.0]",COMPLETE
