,number,value,datetime_start,datetime_complete,duration,params_batch_size_scaler,params_constant_learning_rate,params_depth,params_epochs,params_kernel_l2,params_num_trees,params_temperature,user_attrs_accuracy_test,user_attrs_accuracy_valid,user_attrs_approximate_feature_sparsity,user_attrs_approximate_feature_sparsity_history,user_attrs_approximate_weight_sparsity,user_attrs_approximate_weight_sparsity_history,user_attrs_auc_test,user_attrs_auc_valid,user_attrs_feature_sparsity,user_attrs_feature_sparsity_history,user_attrs_num_epochs,user_attrs_val_loss_history,user_attrs_weight_sparsity,user_attrs_weight_sparsity_history,state
17,17,0.922466540428437,2024-08-31 01:19:17.566657,2024-08-31 01:20:42.887958,0 days 00:01:25.321301,16,0.06436418434827902,2,425,0.03211032103714631,55,0.0028449076932920933,0.932,0.92375,33,"[33, 33, 33, 33, 33, 33, 33, 33, 33, 33, 33, 33, 33, 33, 33, 33, 33, 33, 33, 33, 33, 33, 33, 33, 33, 33, 33, 33, 33, 33, 33, 33, 33, 33, 33, 33, 33, 33, 33, 33, 33, 33, 33, 33, 33, 33, 33, 33, 33, 33, 33, 33, 33, 33, 33, 33, 33, 33, 33, 33, 33, 33, 33, 33, 33, 33, 33, 33, 33, 33, 33, 33, 33, 33, 33, 33, 33, 33, 33, 33, 33, 33, 33, 33, 33, 33, 33, 33, 33, 33, 33, 33, 33, 33, 33, 33, 33, 33, 33, 33, 33, 33, 33, 33, 33, 33, 33, 33, 33, 33, 33, 33, 33, 33, 33, 33, 33, 33, 33, 33, 33, 33, 33, 33, 33, 33, 33, 33, 33, 33, 33, 33, 33, 33, 33, 33, 33, 33, 33, 33, 33, 33, 33, 33, 33, 33, 33, 33, 33, 33, 33, 33, 33, 33, 33, 33, 33, 33, 33, 33, 33, 33, 33, 33, 33, 33, 33, 33, 33, 33, 33, 33, 33, 33, 33, 33, 33, 33, 33, 33, 33, 33, 33, 33, 33, 33, 33, 33, 33, 33, 33, 33, 33, 33, 33, 33, 33, 33, 33, 33, 33, 33, 33, 33, 33, 33, 33, 33, 33, 33, 33, 33, 33, 33, 33, 33, 33, 33, 33, 33, 33, 33, 33, 33, 33, 33, 33, 33, 33, 33, 33, 33, 33, 33, 33, 33, 33, 33, 33, 33, 33, 33, 33, 33, 33, 33, 33, 33, 33, 33, 33, 33, 33, 33, 33, 33, 33, 33, 33, 33, 33, 33, 33, 33, 33, 33, 33, 33, 33, 33, 33, 33, 33, 33, 33, 33, 33, 33, 33, 33, 33, 33, 33, 33, 33, 33, 33, 33, 33, 33, 33, 33, 33, 33, 33, 33, 33, 33, 33, 33, 33, 33, 33, 33, 33, 33, 33, 33, 33, 33, 33, 33, 33, 33, 33, 33, 33, 33, 33, 33, 33, 33, 33, 33, 33, 33, 33, 33, 33, 33, 33, 33, 33, 33, 33, 33, 33, 33, 33, 33, 33, 33, 33, 33, 33, 33, 33, 33, 33, 33, 33, 33, 33, 33, 33, 33, 33, 33, 33, 33, 33, 33, 33, 33, 33, 33, 33, 33, 33, 33, 33, 33, 33, 33, 33, 33, 33, 33, 33, 33, 33, 33, 33, 33, 33, 33, 33, 33, 33, 33, 33, 33, 33, 33, 33, 33, 33, 33, 33, 33, 33, 33, 33, 33, 33, 33, 33, 33, 33, 33, 33, 33, 33, 33, 33, 33, 33, 33, 33, 33, 33, 33, 33, 33, 33]",32.987878787878785,"[32.99393939393939, 32.981818181818184, 32.99393939393939, 32.981818181818184, 32.987878787878785, 32.987878787878785, 32.99393939393939, 32.99393939393939, 32.99393939393939, 33.0, 32.987878787878785, 32.987878787878785, 32.97575757575758, 32.96363636363637, 32.96969696969697, 32.981818181818184, 32.96969696969697, 32.96969696969697, 32.95757575757576, 32.95757575757576, 32.97575757575758, 32.987878787878785, 32.981818181818184, 32.99393939393939, 32.987878787878785, 32.987878787878785, 32.97575757575758, 32.99393939393939, 32.987878787878785, 32.981818181818184, 32.96969696969697, 32.96969696969697, 32.981818181818184, 32.96969696969697, 32.97575757575758, 32.981818181818184, 32.981818181818184, 32.97575757575758, 32.981818181818184, 32.981818181818184, 32.987878787878785, 32.987878787878785, 32.97575757575758, 32.981818181818184, 32.97575757575758, 32.95757575757576, 32.96363636363636, 32.97575757575758, 32.981818181818184, 32.987878787878785, 32.987878787878785, 32.987878787878785, 32.97575757575758, 32.981818181818184, 32.96969696969697, 32.981818181818184, 32.981818181818184, 32.987878787878785, 32.987878787878785, 32.99393939393939, 32.97575757575758, 32.95151515151515, 32.97575757575758, 32.96969696969697, 32.96969696969697, 32.987878787878785, 32.987878787878785, 32.97575757575758, 32.96969696969697, 32.95757575757576, 32.96969696969697, 32.96969696969697, 32.96969696969697, 32.96969696969697, 32.981818181818184, 32.96969696969697, 32.96363636363637, 32.96969696969697, 32.97575757575758, 32.95757575757576, 32.93939393939394, 32.981818181818184, 32.981818181818184, 32.96969696969697, 32.97575757575758, 32.981818181818184, 32.96969696969697, 32.97575757575758, 32.96969696969697, 32.99393939393939, 32.97575757575758, 32.96969696969697, 32.96969696969697, 32.97575757575758, 32.97575757575758, 32.981818181818184, 32.97575757575758, 32.987878787878785, 32.981818181818184, 32.97575757575758, 32.987878787878785, 32.97575757575758, 32.97575757575758, 32.97575757575758, 32.981818181818184, 32.99393939393939, 32.99393939393939, 32.987878787878785, 32.987878787878785, 32.987878787878785, 32.97575757575758, 32.97575757575758, 32.981818181818184, 32.987878787878785, 32.97575757575758, 32.96363636363637, 32.97575757575758, 32.97575757575758, 32.987878787878785, 32.99393939393939, 32.981818181818184, 32.96969696969697, 32.987878787878785, 32.987878787878785, 32.981818181818184, 32.987878787878785, 33.0, 32.981818181818184, 32.981818181818184, 32.987878787878785, 32.99393939393939, 32.981818181818184, 33.0, 32.981818181818184, 32.987878787878785, 32.981818181818184, 32.96969696969697, 32.987878787878785, 32.99393939393939, 32.99393939393939, 32.96969696969697, 32.981818181818184, 32.96969696969697, 32.96363636363637, 32.96363636363637, 32.97575757575758, 32.97575757575758, 32.96363636363636, 32.96969696969697, 32.981818181818184, 32.981818181818184, 32.97575757575758, 32.97575757575758, 32.96969696969697, 32.945454545454545, 32.95757575757576, 32.96363636363637, 32.96363636363637, 32.97575757575758, 32.981818181818184, 32.96363636363637, 32.97575757575758, 32.981818181818184, 32.981818181818184, 32.97575757575758, 32.981818181818184, 32.987878787878785, 32.97575757575758, 32.97575757575758, 32.987878787878785, 32.99393939393939, 32.99393939393939, 32.987878787878785, 32.987878787878785, 32.99393939393939, 32.97575757575758, 32.96969696969697, 32.97575757575758, 32.96363636363637, 32.96363636363637, 32.96363636363636, 32.945454545454545, 32.981818181818184, 32.97575757575758, 32.981818181818184, 32.96969696969697, 32.97575757575758, 32.97575757575758, 32.97575757575758, 32.95757575757576, 32.97575757575758, 32.981818181818184, 32.987878787878785, 32.97575757575758, 32.987878787878785, 32.981818181818184, 32.97575757575758, 32.95757575757576, 32.96363636363637, 32.981818181818184, 32.97575757575758, 32.97575757575758, 32.96969696969697, 32.96969696969697, 32.97575757575758, 32.97575757575758, 32.96969696969697, 32.96969696969697, 32.97575757575758, 32.97575757575758, 32.97575757575758, 32.96969696969697, 32.96969696969697, 32.96969696969697, 32.96363636363637, 32.97575757575758, 32.96969696969697, 32.96969696969697, 32.97575757575758, 32.95757575757576, 32.97575757575758, 32.981818181818184, 32.981818181818184, 32.97575757575758, 32.96969696969697, 32.96969696969697, 32.97575757575758, 32.981818181818184, 32.96969696969697, 32.99393939393939, 32.97575757575758, 32.97575757575758, 32.981818181818184, 32.99393939393939, 32.99393939393939, 32.981818181818184, 32.97575757575758, 32.97575757575758, 32.987878787878785, 32.987878787878785, 32.96969696969697, 32.97575757575758, 32.981818181818184, 32.981818181818184, 32.99393939393939, 32.987878787878785, 32.987878787878785, 32.981818181818184, 32.97575757575758, 32.97575757575758, 32.99393939393939, 32.99393939393939, 32.987878787878785, 32.981818181818184, 32.96969696969697, 32.97575757575758, 32.987878787878785, 32.981818181818184, 32.987878787878785, 32.99393939393939, 32.987878787878785, 32.99393939393939, 32.99393939393939, 32.99393939393939, 32.987878787878785, 32.99393939393939, 32.97575757575758, 32.981818181818184, 32.96363636363637, 32.95757575757576, 32.981818181818184, 32.97575757575758, 32.987878787878785, 32.97575757575758, 32.97575757575758, 32.981818181818184, 32.97575757575758, 32.97575757575758, 32.981818181818184, 32.96969696969697, 32.96363636363637, 32.97575757575758, 32.96363636363637, 32.97575757575758, 32.97575757575758, 32.981818181818184, 32.97575757575758, 32.97575757575758, 32.981818181818184, 32.981818181818184, 32.99393939393939, 32.987878787878785, 32.981818181818184, 32.99393939393939, 32.981818181818184, 32.981818181818184, 32.981818181818184, 32.981818181818184, 32.981818181818184, 32.96969696969697, 32.987878787878785, 32.981818181818184, 32.97575757575758, 32.97575757575758, 32.97575757575758, 32.97575757575758, 32.981818181818184, 32.96969696969697, 32.97575757575758, 32.96969696969697, 32.99393939393939, 32.99393939393939, 32.99393939393939, 32.99393939393939, 32.97575757575758, 32.981818181818184, 32.99393939393939, 32.99393939393939, 32.96969696969697, 32.97575757575758, 32.981818181818184, 32.97575757575758, 32.96969696969697, 32.95151515151515, 32.95757575757576, 32.96969696969697, 32.95757575757576, 32.95757575757576, 32.96969696969697, 32.97575757575758, 32.981818181818184, 32.97575757575758, 32.97575757575758, 32.99393939393939, 32.981818181818184, 32.987878787878785, 32.99393939393939, 32.987878787878785, 32.981818181818184, 32.96969696969697, 32.96363636363637, 32.96363636363637, 32.96363636363637, 32.96969696969697, 32.96969696969697, 32.97575757575758, 32.97575757575758, 32.97575757575758, 32.96969696969697, 32.96969696969697, 32.97575757575758, 32.97575757575758, 32.95757575757576, 32.97575757575758, 32.96969696969697, 32.97575757575758, 32.96969696969697, 32.981818181818184, 32.987878787878785, 32.987878787878785, 32.99393939393939, 32.987878787878785, 32.99393939393939, 32.99393939393939, 32.981818181818184, 32.97575757575758, 32.97575757575758, 32.981818181818184, 32.981818181818184, 32.97575757575758, 32.97575757575758, 32.96363636363637, 32.96363636363637, 32.96969696969697, 32.987878787878785, 32.981818181818184, 32.987878787878785, 33.0, 33.0, 32.99393939393939, 32.99393939393939, 32.99393939393939, 32.981818181818184, 32.981818181818184, 32.987878787878785, 32.99393939393939, 32.99393939393939, 33.0, 32.99393939393939, 32.987878787878785, 32.987878787878785, 32.99393939393939, 32.987878787878785, 32.981818181818184, 32.99393939393939, 32.99393939393939, 32.99393939393939, 32.99393939393939, 32.99393939393939, 32.987878787878785, 32.987878787878785, 32.99393939393939, 32.99393939393939, 32.99393939393939, 32.99393939393939, 32.987878787878785, 32.99393939393939, 32.987878787878785, 32.99393939393939, 32.987878787878785, 32.981818181818184, 32.987878787878785, 33.0, 32.99393939393939, 32.97575757575758, 32.96969696969697, 32.981818181818184, 32.96363636363637, 32.95757575757576, 32.96969696969697, 32.97575757575758, 32.96363636363636, 32.981818181818184, 32.981818181818184, 32.987878787878785]",0.9061006117950117,0.922466540428437,33,"[33, 33, 33, 33, 33, 33, 33, 33, 33, 33, 33, 33, 33, 33, 33, 33, 33, 33, 33, 33, 33, 33, 33, 33, 33, 33, 33, 33, 33, 33, 33, 33, 33, 33, 33, 33, 33, 33, 33, 33, 33, 33, 33, 33, 33, 33, 33, 33, 33, 33, 33, 33, 33, 33, 33, 33, 33, 33, 33, 33, 33, 33, 33, 33, 33, 33, 33, 33, 33, 33, 33, 33, 33, 33, 33, 33, 33, 33, 33, 33, 33, 33, 33, 33, 33, 33, 33, 33, 33, 33, 33, 33, 33, 33, 33, 33, 33, 33, 33, 33, 33, 33, 33, 33, 33, 33, 33, 33, 33, 33, 33, 33, 33, 33, 33, 33, 33, 33, 33, 33, 33, 33, 33, 33, 33, 33, 33, 33, 33, 33, 33, 33, 33, 33, 33, 33, 33, 33, 33, 33, 33, 33, 33, 33, 33, 33, 33, 33, 33, 33, 33, 33, 33, 33, 33, 33, 33, 33, 33, 33, 33, 33, 33, 33, 33, 33, 33, 33, 33, 33, 33, 33, 33, 33, 33, 33, 33, 33, 33, 33, 33, 33, 33, 33, 33, 33, 33, 33, 33, 33, 33, 33, 33, 33, 33, 33, 33, 33, 33, 33, 33, 33, 33, 33, 33, 33, 33, 33, 33, 33, 33, 33, 33, 33, 33, 33, 33, 33, 33, 33, 33, 33, 33, 33, 33, 33, 33, 33, 33, 33, 33, 33, 33, 33, 33, 33, 33, 33, 33, 33, 33, 33, 33, 33, 33, 33, 33, 33, 33, 33, 33, 33, 33, 33, 33, 33, 33, 33, 33, 33, 33, 33, 33, 33, 33, 33, 33, 33, 33, 33, 33, 33, 33, 33, 33, 33, 33, 33, 33, 33, 33, 33, 33, 33, 33, 33, 33, 33, 33, 33, 33, 33, 33, 33, 33, 33, 33, 33, 33, 33, 33, 33, 33, 33, 33, 33, 33, 33, 33, 33, 33, 33, 33, 33, 33, 33, 33, 33, 33, 33, 33, 33, 33, 33, 33, 33, 33, 33, 33, 33, 33, 33, 33, 33, 33, 33, 33, 33, 33, 33, 33, 33, 33, 33, 33, 33, 33, 33, 33, 33, 33, 33, 33, 33, 33, 33, 33, 33, 33, 33, 33, 33, 33, 33, 33, 33, 33, 33, 33, 33, 33, 33, 33, 33, 33, 33, 33, 33, 33, 33, 33, 33, 33, 33, 33, 33, 33, 33, 33, 33, 33, 33, 33, 33, 33, 33, 33, 33, 33, 33, 33, 33, 33, 33, 33, 33, 33, 33, 33, 33, 33, 33, 33, 33, 33, 33, 33, 33, 33, 33, 33, 33, 33, 33, 33]",425,"[0.40444695949554443, 0.3992932140827179, 0.3956567645072937, 0.3929198384284973, 0.39005833864212036, 0.3879167139530182, 0.38623976707458496, 0.38443851470947266, 0.3835170865058899, 0.3816169500350952, 0.3804965317249298, 0.37933987379074097, 0.37867721915245056, 0.37742355465888977, 0.37658536434173584, 0.3758378326892853, 0.37490832805633545, 0.3742424249649048, 0.37346896529197693, 0.3732649087905884, 0.37210193276405334, 0.3711448907852173, 0.3707016706466675, 0.369756817817688, 0.3695300221443176, 0.36881858110427856, 0.36771512031555176, 0.36787164211273193, 0.36658889055252075, 0.3656218647956848, 0.36502474546432495, 0.36419790983200073, 0.36392661929130554, 0.36293017864227295, 0.36249417066574097, 0.36168208718299866, 0.36099547147750854, 0.3603832721710205, 0.35981446504592896, 0.35967200994491577, 0.35883086919784546, 0.35866010189056396, 0.35755079984664917, 0.3567700982093811, 0.3561917245388031, 0.35542669892311096, 0.3551750183105469, 0.35407882928848267, 0.35326579213142395, 0.35279324650764465, 0.3522782027721405, 0.3517213463783264, 0.3512044847011566, 0.3506658971309662, 0.3497532308101654, 0.3493812680244446, 0.34856101870536804, 0.3481025695800781, 0.3475571870803833, 0.346894234418869, 0.3462758958339691, 0.34592753648757935, 0.34571021795272827, 0.3444499671459198, 0.3443506956100464, 0.3431641757488251, 0.34266263246536255, 0.3419981002807617, 0.3413464426994324, 0.34071436524391174, 0.34061476588249207, 0.3405146896839142, 0.33924704790115356, 0.3384954035282135, 0.3381221294403076, 0.3370864987373352, 0.33629584312438965, 0.3367129862308502, 0.3351050317287445, 0.33449870347976685, 0.33395376801490784, 0.3333650827407837, 0.33276140689849854, 0.33230194449424744, 0.3316810131072998, 0.33096805214881897, 0.33032599091529846, 0.32965147495269775, 0.33004701137542725, 0.328291654586792, 0.32752156257629395, 0.32685479521751404, 0.32703104615211487, 0.3257773518562317, 0.32521721720695496, 0.32450106739997864, 0.32434746623039246, 0.3231259882450104, 0.3224593698978424, 0.3221466839313507, 0.321300208568573, 0.3206147253513336, 0.32018765807151794, 0.319492906332016, 0.31875699758529663, 0.3182414174079895, 0.3172105848789215, 0.31661441922187805, 0.31589406728744507, 0.315255731344223, 0.3144507110118866, 0.31373676657676697, 0.3133854269981384, 0.312265008687973, 0.3116263449192047, 0.311253160238266, 0.3103739619255066, 0.30969294905662537, 0.30947524309158325, 0.3081876039505005, 0.30745038390159607, 0.30778998136520386, 0.3060350716114044, 0.3053596615791321, 0.3049463927745819, 0.30389565229415894, 0.3031356632709503, 0.30270466208457947, 0.3020012378692627, 0.3011797368526459, 0.3004598319530487, 0.2993665039539337, 0.29883551597595215, 0.2988256514072418, 0.29722318053245544, 0.296509325504303, 0.29694128036499023, 0.2949628531932831, 0.2941960394382477, 0.29356640577316284, 0.29425591230392456, 0.29237210750579834, 0.29191941022872925, 0.2911421060562134, 0.2912644147872925, 0.2899972200393677, 0.28932881355285645, 0.2887824475765228, 0.287909597158432, 0.287272185087204, 0.28655755519866943, 0.2859994173049927, 0.2855992317199707, 0.2847191095352173, 0.2841147184371948, 0.2842206358909607, 0.28319376707077026, 0.282306969165802, 0.28188636898994446, 0.28170645236968994, 0.2805544137954712, 0.28018200397491455, 0.27950260043144226, 0.28061506152153015, 0.2784320116043091, 0.27833130955696106, 0.27753525972366333, 0.27718067169189453, 0.27664875984191895, 0.27595043182373047, 0.2752925753593445, 0.27489927411079407, 0.27431046962738037, 0.2739182710647583, 0.2739598751068115, 0.27338337898254395, 0.2722553014755249, 0.2723241150379181, 0.27176737785339355, 0.27083033323287964, 0.2703523337841034, 0.2700175344944, 0.2698826789855957, 0.2690276801586151, 0.26882481575012207, 0.26868072152137756, 0.2676558196544647, 0.26714107394218445, 0.2668091952800751, 0.2668922543525696, 0.26602545380592346, 0.26579588651657104, 0.2651353180408478, 0.26465001702308655, 0.26417893171310425, 0.26401662826538086, 0.2631595730781555, 0.26278650760650635, 0.26255518198013306, 0.26226943731307983, 0.26206573843955994, 0.26149582862854004, 0.26098039746284485, 0.26068589091300964, 0.2604515850543976, 0.25985512137413025, 0.2597755491733551, 0.2593981623649597, 0.25902125239372253, 0.2586841285228729, 0.2584022879600525, 0.25811880826950073, 0.25754493474960327, 0.25722408294677734, 0.2566172480583191, 0.2563426196575165, 0.2564665675163269, 0.25579577684402466, 0.25537532567977905, 0.255940705537796, 0.25487515330314636, 0.2545152008533478, 0.2540448307991028, 0.25399941205978394, 0.25401008129119873, 0.25313830375671387, 0.25274398922920227, 0.25271639227867126, 0.25268203020095825, 0.25184595584869385, 0.2516605257987976, 0.25147128105163574, 0.25100454688072205, 0.2509389817714691, 0.2503279745578766, 0.2500927150249481, 0.24961023032665253, 0.2493693232536316, 0.249937042593956, 0.24887968599796295, 0.24871450662612915, 0.24826164543628693, 0.24848014116287231, 0.24880370497703552, 0.2478209286928177, 0.24860472977161407, 0.2472551017999649, 0.2471095621585846, 0.24736733734607697, 0.24706096947193146, 0.2462211400270462, 0.24606949090957642, 0.24579967558383942, 0.24542950093746185, 0.24509143829345703, 0.24485798180103302, 0.24504730105400085, 0.24457630515098572, 0.24431030452251434, 0.24479371309280396, 0.2436717450618744, 0.24351343512535095, 0.24325647950172424, 0.24310815334320068, 0.24277786910533905, 0.2425215095281601, 0.24242612719535828, 0.24288731813430786, 0.24246101081371307, 0.24167503416538239, 0.24240723252296448, 0.24125847220420837, 0.24102750420570374, 0.24084411561489105, 0.24090024828910828, 0.2404155731201172, 0.2402808964252472, 0.2398918718099594, 0.23987556993961334, 0.23997163772583008, 0.23931638896465302, 0.23956093192100525, 0.2387915849685669, 0.23881074786186218, 0.23831380903720856, 0.23833082616329193, 0.23826216161251068, 0.2377527803182602, 0.2376864105463028, 0.23750829696655273, 0.23724400997161865, 0.23713845014572144, 0.23687103390693665, 0.23723182082176208, 0.2368660867214203, 0.23632538318634033, 0.23635423183441162, 0.23636485636234283, 0.23559783399105072, 0.23631101846694946, 0.23504555225372314, 0.23518133163452148, 0.2351119965314865, 0.23602299392223358, 0.23487763106822968, 0.23517881333827972, 0.23500941693782806, 0.23479542136192322, 0.23388923704624176, 0.23460783064365387, 0.23379148542881012, 0.23460346460342407, 0.2333860546350479, 0.23382079601287842, 0.2326454371213913, 0.23311267793178558, 0.23398065567016602, 0.23258939385414124, 0.23222696781158447, 0.232633575797081, 0.23229700326919556, 0.2317953258752823, 0.2321450263261795, 0.2312919646501541, 0.23130205273628235, 0.2319439947605133, 0.2315092831850052, 0.23117677867412567, 0.23133647441864014, 0.2314337193965912, 0.23115769028663635, 0.23087915778160095, 0.23106464743614197, 0.23037108778953552, 0.2304985374212265, 0.23010626435279846, 0.22982507944107056, 0.22971439361572266, 0.2296912968158722, 0.22968870401382446, 0.2289760708808899, 0.22922366857528687, 0.22860170900821686, 0.22883880138397217, 0.22909988462924957, 0.22813411056995392, 0.22843927145004272, 0.22783292829990387, 0.22805283963680267, 0.22855132818222046, 0.22824087738990784, 0.22862377762794495, 0.22804957628250122, 0.22744733095169067, 0.2274400293827057, 0.22762151062488556, 0.22710134088993073, 0.2275143563747406, 0.22747504711151123, 0.22762414813041687, 0.227043017745018, 0.22637736797332764, 0.22749030590057373, 0.22612117230892181, 0.22653819620609283, 0.22641167044639587, 0.22537089884281158, 0.22608837485313416, 0.22656023502349854, 0.22525133192539215, 0.22565357387065887, 0.2254064530134201, 0.2252604067325592, 0.22517211735248566, 0.2252008020877838, 0.22471903264522552, 0.22448056936264038, 0.22542451322078705, 0.22536645829677582, 0.22485220432281494, 0.2246464341878891, 0.22405578196048737, 0.22483035922050476, 0.2242494821548462, 0.22467082738876343, 0.22374369204044342, 0.22441330552101135, 0.22423332929611206, 0.2233719825744629, 0.22346068918704987, 0.22326859831809998, 0.22374166548252106, 0.22435708343982697, 0.22321048378944397, 0.22284704446792603, 0.22276175022125244, 0.223160058259964, 0.22315102815628052, 0.2225838303565979, 0.22266344726085663, 0.22235475480556488, 0.22287635505199432, 0.22268825769424438, 0.22265569865703583, 0.2227189838886261, 0.22237153351306915, 0.22134801745414734, 0.2214990109205246, 0.22153513133525848, 0.2217726856470108, 0.2223956286907196, 0.22127674520015717, 0.22264015674591064, 0.2216743528842926, 0.2212269902229309, 0.22207684814929962, 0.22183313965797424, 0.22123704850673676, 0.22102609276771545, 0.22078648209571838, 0.2213447242975235, 0.2208484709262848, 0.22111894190311432, 0.22123795747756958, 0.2204694300889969]",33.0,"[33.0, 33.0, 33.0, 33.0, 33.0, 33.0, 33.0, 33.0, 33.0, 33.0, 33.0, 33.0, 33.0, 33.0, 33.0, 33.0, 33.0, 33.0, 33.0, 33.0, 33.0, 33.0, 33.0, 33.0, 33.0, 33.0, 33.0, 33.0, 33.0, 33.0, 33.0, 33.0, 33.0, 33.0, 33.0, 33.0, 33.0, 33.0, 33.0, 33.0, 33.0, 33.0, 33.0, 33.0, 33.0, 33.0, 33.0, 33.0, 33.0, 33.0, 33.0, 33.0, 33.0, 33.0, 33.0, 33.0, 33.0, 33.0, 33.0, 33.0, 33.0, 33.0, 33.0, 33.0, 33.0, 33.0, 33.0, 33.0, 33.0, 33.0, 33.0, 33.0, 33.0, 33.0, 33.0, 33.0, 33.0, 33.0, 33.0, 33.0, 33.0, 33.0, 33.0, 33.0, 33.0, 33.0, 33.0, 33.0, 33.0, 33.0, 33.0, 33.0, 33.0, 33.0, 33.0, 33.0, 33.0, 33.0, 33.0, 33.0, 33.0, 33.0, 33.0, 33.0, 33.0, 33.0, 33.0, 33.0, 33.0, 33.0, 33.0, 33.0, 33.0, 33.0, 33.0, 33.0, 33.0, 33.0, 33.0, 33.0, 33.0, 33.0, 33.0, 33.0, 33.0, 33.0, 33.0, 33.0, 33.0, 33.0, 33.0, 33.0, 33.0, 33.0, 33.0,