,number,value,datetime_start,datetime_complete,duration,params_batch_size_scaler,params_constant_learning_rate,params_depth,params_epochs,params_kernel_l2,params_num_trees,params_temperature,user_attrs_accuracy_test,user_attrs_accuracy_valid,user_attrs_approximate_feature_sparsity,user_attrs_approximate_feature_sparsity_history,user_attrs_approximate_weight_sparsity,user_attrs_approximate_weight_sparsity_history,user_attrs_auc_test,user_attrs_auc_valid,user_attrs_feature_sparsity,user_attrs_feature_sparsity_history,user_attrs_num_epochs,user_attrs_val_loss_history,user_attrs_weight_sparsity,user_attrs_weight_sparsity_history,state
149,149,0.5,2024-08-31 06:06:53.851191,2024-08-31 06:07:57.623823,0 days 00:01:03.772632,64,6.116314063116492,4,450,0.7737018901372306,81,0.05038328851774084,0.859,0.85875,0,"[0, 0, 0, 0, 0, 0, 0, 0, 0, 0, 0, 0, 0, 0, 0, 0, 0, 0, 0, 0, 0, 0, 0, 0, 0, 0, 0, 0, 0, 0, 0, 0, 0, 0, 0, 0, 0, 0, 0, 0, 0, 0, 0, 0, 0, 0, 0, 0, 0, 0, 0, 0, 0, 0, 0, 0, 0, 0, 0, 0, 0, 0, 0, 0, 0, 0, 0, 0, 0, 0, 0, 0, 0, 0, 0, 0, 0, 0, 0, 0, 0, 0, 0, 0, 0, 0, 0, 0, 0, 0, 0, 0, 0, 0, 0, 0, 0, 0, 0, 0, 0, 0, 0, 0, 0, 0, 0, 0, 0, 0, 0, 0, 0, 0, 0, 0, 0, 0, 0, 0, 0, 0, 0, 0, 0, 0, 0, 0, 0, 0, 0, 0, 0, 0, 0, 0, 0, 0, 0, 0, 0, 0, 0, 0, 0, 0, 0, 0, 0, 0, 0, 0, 0, 0, 0, 0, 0, 0, 0, 0, 0, 0, 0, 0, 0, 0, 0, 0, 0, 0, 0, 0, 0, 0, 0, 0, 0, 0, 0, 0, 0, 0, 0, 0, 0, 0, 0, 0, 0, 0, 0, 0, 0, 0, 0, 0, 0, 0, 0, 0, 0, 0, 0, 0, 0, 0, 0, 0, 0, 0, 0, 0, 0, 0, 0, 0, 0, 0, 0, 0, 0, 0, 0, 0, 0, 0, 0, 0, 0, 0, 0, 0, 0, 0, 0, 0, 0, 0, 0, 0, 0, 0, 0, 0, 0, 0, 0, 0, 0, 0, 0, 0, 0, 0, 0, 0, 0, 0, 0, 0, 0, 0, 0, 0, 0, 0, 0, 0, 0, 0, 0, 0, 0, 0, 0, 0, 0, 0, 0, 0, 0, 0, 0, 0, 0, 0, 0, 0, 0, 0, 0, 0, 0, 0, 0, 0, 0, 0, 0, 0, 0, 0, 0, 0, 0, 0, 0, 0, 0, 0, 0, 0, 0, 0, 0, 0, 0, 0, 0, 0, 0, 0, 0, 0, 0, 0, 0, 0, 0, 0, 0, 0, 0, 0, 0, 0, 0, 0, 0, 0, 0, 0, 0, 0, 0, 0, 0, 0, 0, 0, 0, 0, 0, 0, 0, 0, 0, 0, 0, 0, 0, 0, 0, 0, 0, 0, 0, 0, 0, 0, 0, 0, 0, 0, 0, 0, 0, 0, 0, 0, 0, 0, 0, 0, 0, 0, 0, 0, 0, 0, 0, 0, 0, 0, 0, 0, 0, 0, 0, 0, 0, 0, 0, 0, 0, 0, 0, 0, 0, 0, 0, 0, 0, 0, 0, 0, 0, 0, 0, 0, 0, 0, 0, 0, 0, 0, 0, 0, 0, 0, 0, 0, 0, 0, 0, 0, 0, 0, 0, 0, 0, 0, 0, 0, 0, 0, 0, 0, 0, 0]",0.0,"[0.0, 0.0, 0.0, 0.0, 0.0, 0.0, 0.0, 0.0, 0.0, 0.0, 0.0, 0.0, 0.0, 0.0, 0.0, 0.0, 0.0, 0.0, 0.0, 0.0, 0.0, 0.0, 0.0, 0.0, 0.0, 0.0, 0.0, 0.0, 0.0, 0.0, 0.0, 0.0, 0.0, 0.0, 0.0, 0.0, 0.0, 0.0, 0.0, 0.0, 0.0, 0.0, 0.0, 0.0, 0.0, 0.0, 0.0, 0.0, 0.0, 0.0, 0.0, 0.0, 0.0, 0.0, 0.0, 0.0, 0.0, 0.0, 0.0, 0.0, 0.0, 0.0, 0.0, 0.0, 0.0, 0.0, 0.0, 0.0, 0.0, 0.0, 0.0, 0.0, 0.0, 0.0, 0.0, 0.0, 0.0, 0.0, 0.0, 0.0, 0.0, 0.0, 0.0, 0.0, 0.0, 0.0, 0.0, 0.0, 0.0, 0.0, 0.0, 0.0, 0.0, 0.0, 0.0, 0.0, 0.0, 0.0, 0.0, 0.0, 0.0, 0.0, 0.0, 0.0, 0.0, 0.0, 0.0, 0.0, 0.0, 0.0, 0.0, 0.0, 0.0, 0.0, 0.0, 0.0, 0.0, 0.0, 0.0, 0.0, 0.0, 0.0, 0.0, 0.0, 0.0, 0.0, 0.0, 0.0, 0.0, 0.0, 0.0, 0.0, 0.0, 0.0, 0.0, 0.0, 0.0, 0.0, 0.0, 0.0, 0.0, 0.0, 0.0, 0.0, 0.0, 0.0, 0.0, 0.0, 0.0, 0.0, 0.0, 0.0, 0.0, 0.0, 0.0, 0.0, 0.0, 0.0, 0.0, 0.0, 0.0, 0.0, 0.0, 0.0, 0.0, 0.0, 0.0, 0.0, 0.0, 0.0, 0.0, 0.0, 0.0, 0.0, 0.0, 0.0, 0.0, 0.0, 0.0, 0.0, 0.0, 0.0, 0.0, 0.0, 0.0, 0.0, 0.0, 0.0, 0.0, 0.0, 0.0, 0.0, 0.0, 0.0, 0.0, 0.0, 0.0, 0.0, 0.0, 0.0, 0.0, 0.0, 0.0, 0.0, 0.0, 0.0, 0.0, 0.0, 0.0, 0.0, 0.0, 0.0, 0.0, 0.0, 0.0, 0.0, 0.0, 0.0, 0.0, 0.0, 0.0, 0.0, 0.0, 0.0, 0.0, 0.0, 0.0, 0.0, 0.0, 0.0, 0.0, 0.0, 0.0, 0.0, 0.0, 0.0, 0.0, 0.0, 0.0, 0.0, 0.0, 0.0, 0.0, 0.0, 0.0, 0.0, 0.0, 0.0, 0.0, 0.0, 0.0, 0.0, 0.0, 0.0, 0.0, 0.0, 0.0, 0.0, 0.0, 0.0, 0.0, 0.0, 0.0, 0.0, 0.0, 0.0, 0.0, 0.0, 0.0, 0.0, 0.0, 0.0, 0.0, 0.0, 0.0, 0.0, 0.0, 0.0, 0.0, 0.0, 0.0, 0.0, 0.0, 0.0, 0.0, 0.0, 0.0, 0.0, 0.0, 0.0, 0.0, 0.0, 0.0, 0.0, 0.0, 0.0, 0.0, 0.0, 0.0, 0.0, 0.0, 0.0, 0.0, 0.0, 0.0, 0.0, 0.0, 0.0, 0.0, 0.0, 0.0, 0.0, 0.0, 0.0, 0.0, 0.0, 0.0, 0.0, 0.0, 0.0, 0.0, 0.0, 0.0, 0.0, 0.0, 0.0, 0.0, 0.0, 0.0, 0.0, 0.0, 0.0, 0.0, 0.0, 0.0, 0.0, 0.0, 0.0, 0.0, 0.0, 0.0, 0.0, 0.0, 0.0, 0.0, 0.0, 0.0, 0.0, 0.0, 0.0, 0.0, 0.0, 0.0, 0.0, 0.0, 0.0, 0.0, 0.0, 0.0, 0.0, 0.0, 0.0, 0.0, 0.0, 0.0, 0.0, 0.0, 0.0, 0.0, 0.0, 0.0, 0.0, 0.0, 0.0, 0.0, 0.0, 0.0, 0.0, 0.0, 0.0, 0.0, 0.0, 0.0, 0.0, 0.0, 0.0, 0.0, 0.0, 0.0, 0.0, 0.0, 0.0, 0.0, 0.0, 0.0, 0.0, 0.0, 0.0, 0.0, 0.0, 0.0, 0.0, 0.0, 0.0, 0.0, 0.0, 0.0, 0.0, 0.0, 0.0, 0.0, 0.0, 0.0, 0.0, 0.0, 0.0, 0.0, 0.0, 0.0, 0.0, 0.0, 0.0, 0.0, 0.0, 0.0, 0.0, 0.0, 0.0, 0.0, 0.0, 0.0, 0.0, 0.0, 0.0, 0.0, 0.0, 0.0, 0.0, 0.0, 0.0, 0.0, 0.0, 0.0, 0.0, 0.0, 0.0, 0.0, 0.0, 0.0, 0.0]",0.5,0.5,0,"[0, 0, 0, 0, 0, 0, 0, 0, 0, 0, 0, 0, 0, 0, 0, 0, 0, 0, 0, 0, 0, 0, 0, 0, 0, 0, 0, 0, 0, 0, 0, 0, 0, 0, 0, 0, 0, 0, 0, 0, 0, 0, 0, 0, 0, 0, 0, 0, 0, 0, 0, 0, 0, 0, 0, 0, 0, 0, 0, 0, 0, 0, 0, 0, 0, 0, 0, 0, 0, 0, 0, 0, 0, 0, 0, 0, 0, 0, 0, 0, 0, 0, 0, 0, 0, 0, 0, 0, 0, 0, 0, 0, 0, 0, 0, 0, 0, 0, 0, 0, 0, 0, 0, 0, 0, 0, 0, 0, 0, 0, 0, 0, 0, 0, 0, 0, 0, 0, 0, 0, 0, 0, 0, 0, 0, 0, 0, 0, 0, 0, 0, 0, 0, 0, 0, 0, 0, 0, 0, 0, 0, 0, 0, 0, 0, 0, 0, 0, 0, 0, 0, 0, 0, 0, 0, 0, 0, 0, 0, 0, 0, 0, 0, 0, 0, 0, 0, 0, 0, 0, 0, 0, 0, 0, 0, 0, 0, 0, 0, 0, 0, 0, 0, 0, 0, 0, 0, 0, 0, 0, 0, 0, 0, 0, 0, 0, 0, 0, 0, 0, 0, 0, 0, 0, 0, 0, 0, 0, 0, 0, 0, 0, 0, 0, 0, 0, 0, 0, 0, 0, 0, 0, 0, 0, 0, 0, 0, 0, 0, 0, 0, 0, 0, 0, 0, 0, 0, 0, 0, 0, 0, 0, 0, 0, 0, 0, 0, 0, 0, 0, 0, 0, 0, 0, 0, 0, 0, 0, 0, 0, 0, 0, 0, 0, 0, 0, 0, 0, 0, 0, 0, 0, 0, 0, 0, 0, 0, 0, 0, 0, 0, 0, 0, 0, 0, 0, 0, 0, 0, 0, 0, 0, 0, 0, 0, 0, 0, 0, 0, 0, 0, 0, 0, 0, 0, 0, 0, 0, 0, 0, 0, 0, 0, 0, 0, 0, 0, 0, 0, 0, 0, 0, 0, 0, 0, 0, 0, 0, 0, 0, 0, 0, 0, 0, 0, 0, 0, 0, 0, 0, 0, 0, 0, 0, 0, 0, 0, 0, 0, 0, 0, 0, 0, 0, 0, 0, 0, 0, 0, 0, 0, 0, 0, 0, 0, 0, 0, 0, 0, 0, 0, 0, 0, 0, 0, 0, 0, 0, 0, 0, 0, 0, 0, 0, 0, 0, 0, 0, 0, 0, 0, 0, 0, 0, 0, 0, 0, 0, 0, 0, 0, 0, 0, 0, 0, 0, 0, 0, 0, 0, 0, 0, 0, 0, 0, 0, 0, 0, 0, 0, 0, 0, 0, 0, 0, 0, 0, 0, 0, 0, 0, 0, 0, 0, 0, 0, 0, 0, 0, 0, 0, 0, 0, 0, 0, 0, 0, 0, 0, 0]",450,"[6.533275127410889, 1.4803379774093628, 4.742449760437012, 3.1579370498657227, 2.863588571548462, 6.919885158538818, 2.1003098487854004, 5.000886917114258, 0.5316647291183472, 6.280528545379639, 1.4808605909347534, 5.761319637298584, 0.4740091562271118, 3.7646100521087646, 3.053272008895874, 6.4530439376831055, 1.1862270832061768, 3.0365240573883057, 6.818314075469971, 2.275496482849121, 4.4802656173706055, 4.176783561706543, 3.2356934547424316, 7.129427433013916, 2.4116709232330322, 3.2890002727508545, 6.126506805419922, 1.3513075113296509, 0.4756227433681488, 3.6233184337615967, 5.165876388549805, 0.40821510553359985, 2.000931978225708, 5.287906646728516, 0.4085824191570282, 2.826317071914673, 0.8720443844795227, 4.645819187164307, 3.2717621326446533, 3.5537970066070557, 6.120931625366211, 0.9329115152359009, 4.548035144805908, 0.572181224822998, 5.8914361000061035, 1.3611340522766113, 7.204356670379639, 2.494638204574585, 1.1250251531600952, 2.984586715698242, 6.798250675201416, 1.6704117059707642, 5.1769700050354, 0.6582987308502197, 4.8021416664123535, 0.43999525904655457, 4.75039005279541, 3.0209600925445557, 2.810201406478882, 6.384372711181641, 1.556630253791809, 7.201603889465332, 2.074887990951538, 5.700234413146973, 0.8161818981170654, 4.194026947021484, 3.310967445373535, 2.9553308486938477, 6.729244232177734, 1.7226600646972656, 5.417184829711914, 0.43103262782096863, 2.158127546310425, 5.677719593048096, 0.5716896057128906, 3.7823479175567627, 2.570236921310425, 0.7317875027656555, 4.298544406890869, 3.0369434356689453, 5.692938327789307, 0.4887661635875702, 4.3037004470825195, 1.2635256052017212, 1.6570035219192505, 4.449916362762451, 3.8745250701904297, 2.710984468460083, 1.5131518840789795, 1.5306248664855957, 5.060020923614502, 0.4298253655433655, 4.818269729614258, 0.43348023295402527, 3.0555663108825684, 7.111328125, 2.2249350547790527, 3.963754653930664, 0.4799962341785431, 4.538814067840576, 0.9133220911026001, 0.46182405948638916, 4.130929946899414, 1.4439797401428223, 2.5108330249786377, 0.5566744804382324, 4.049129486083984, 2.1570518016815186, 2.860616683959961, 2.616487979888916, 2.60134220123291, 0.6881906986236572, 3.8324828147888184, 2.0668904781341553, 5.6081953048706055, 0.844132661819458, 3.723532199859619, 2.446944236755371, 2.484156847000122, 1.8525128364562988, 2.4845778942108154, 0.542596161365509, 4.085291862487793, 0.47239819169044495, 4.367006301879883, 2.790696144104004, 5.8873610496521, 2.5847320556640625, 0.8944160342216492, 3.705965042114258, 2.879739999771118, 6.483280181884766, 1.4775015115737915, 5.531895160675049, 0.5499488115310669, 4.2390971183776855, 4.324618339538574, 3.1537435054779053, 6.897630214691162, 1.951630711555481, 4.828159332275391, 0.8500782251358032, 0.42105934023857117, 2.823317766189575, 5.23617696762085, 0.43066519498825073, 3.8633527755737305, 1.6867241859436035, 5.321286678314209, 0.5246246457099915, 4.58297061920166, 0.45043396949768066, 3.205737352371216, 7.172702789306641, 2.166919469833374, 5.315896034240723, 0.5696696043014526, 4.015754222869873, 0.48135262727737427, 3.1063873767852783, 3.417680025100708, 6.550355434417725, 1.6043829917907715, 0.604785144329071, 4.407530307769775, 2.184720993041992, 2.4003288745880127, 4.159689903259277, 1.7287472486495972, 2.4039230346679688, 2.248791217803955, 3.711348295211792, 3.393526554107666, 6.382934093475342, 1.4967764616012573, 1.2139439582824707, 1.6314904689788818, 5.126544952392578, 0.4078502953052521, 3.429901123046875, 6.82459831237793, 2.0580077171325684, 5.545742988586426, 0.5616170763969421, 4.164625644683838, 3.131579637527466, 2.8222930431365967, 6.976445198059082, 1.8510833978652954, 5.197943687438965, 0.6242215633392334, 4.0451788902282715, 5.38343620300293, 2.540789842605591, 0.4546554684638977, 4.314280986785889, 2.975364923477173, 6.312386512756348, 0.8899018168449402, 4.325898170471191, 3.09849214553833, 3.058051824569702, 6.780731678009033, 1.774964451789856, 5.086158275604248, 1.0032085180282593, 0.9766080975532532, 4.302231788635254, 2.7186059951782227, 2.690687656402588, 2.5565545558929443, 3.119375705718994, 6.807656764984131, 1.861683964729309, 6.041558265686035, 1.1556603908538818, 3.068986415863037, 3.174293279647827, 6.683637619018555, 1.7974621057510376, 5.8409953117370605, 1.2539393901824951, 1.2191879749298096, 1.5673025846481323, 2.0938141345977783, 5.480173110961914, 0.41179001331329346, 6.701339244842529, 1.8749581575393677, 5.364837169647217, 0.46916690468788147, 3.785283088684082, 1.787200927734375, 5.511361122131348, 0.749921441078186, 3.8619256019592285, 1.0406064987182617, 2.2286031246185303, 3.653779983520508, 2.4926791191101074, 0.762287437915802, 4.644076347351074, 2.209461212158203, 2.8942718505859375, 6.8637189865112305, 2.4559073448181152, 0.5519352555274963, 4.033947944641113, 0.8399857878684998, 4.097058296203613, 0.5284429788589478, 7.045110702514648, 2.338320016860962, 4.070694446563721, 4.669651508331299, 2.936081886291504, 6.86280632019043, 1.8570373058319092, 5.650669097900391, 0.6552571654319763, 4.7533040046691895, 0.7099491953849792, 5.656838417053223, 2.560049533843994, 0.8583297729492188, 4.136294841766357, 4.33718729019165, 2.973087787628174, 6.727120399475098, 1.6017696857452393, 2.079023599624634, 2.8052568435668945, 1.2632302045822144, 1.6562278270721436, 3.3464248180389404, 2.9564523696899414, 5.3863067626953125, 0.4073362648487091, 1.952908992767334, 1.9838241338729858, 5.234959602355957, 0.4327445924282074, 5.697359561920166, 0.9914779663085938, 3.3441216945648193, 6.482186317443848, 1.237389326095581, 1.3019005060195923, 1.7448339462280273, 4.832790374755859, 0.6682804822921753, 5.580541610717773, 2.5714974403381348, 1.5663681030273438, 2.4180843830108643, 1.360973834991455, 6.823331356048584, 1.7577691078186035, 5.682590484619141, 0.6850923299789429, 4.300645351409912, 2.3271002769470215, 3.1401801109313965, 6.912732124328613, 2.3853297233581543, 2.2010602951049805, 3.286337375640869, 6.882575511932373, 1.9963979721069336, 5.408596038818359, 0.7088006734848022, 4.23538875579834, 5.999860763549805, 2.985889196395874, 6.855722427368164, 1.6705726385116577, 4.939670085906982, 0.4663391411304474, 3.9510467052459717, 1.026457667350769, 0.8763765096664429, 3.9849002361297607, 0.5622491240501404, 4.258261680603027, 2.675868034362793, 2.4398033618927, 2.086667060852051, 5.021485328674316, 0.6529168486595154, 0.7855636477470398, 0.44335341453552246, 1.909132719039917, 5.741796493530273, 0.6845337152481079, 3.6147899627685547, 4.34134578704834, 1.2809345722198486, 1.6973888874053955, 5.289079189300537, 0.4590862989425659, 3.746196985244751, 2.878396987915039, 0.8119430541992188, 0.5042333006858826, 6.293508529663086, 1.1684013605117798, 0.5908039808273315, 4.2760114669799805, 1.9165080785751343, 2.607921838760376, 4.889614105224609, 0.6788166761398315, 1.2462254762649536, 1.1973518133163452, 2.80063533782959, 5.474322319030762, 0.6581060886383057, 3.7920081615448, 1.8737128973007202, 5.547136306762695, 0.842975914478302, 4.003698825836182, 1.2381210327148438, 1.1180682182312012, 0.7995331287384033, 4.62022590637207, 1.1216495037078857, 1.3472744226455688, 0.49990513920783997, 6.5802717208862305, 1.6343069076538086, 5.578797817230225, 0.7000299692153931, 4.3580732345581055, 3.8180391788482666, 3.0126900672912598, 6.159602165222168, 1.2138137817382812, 2.4457406997680664, 2.665138006210327, 0.5518053770065308, 6.132112979888916, 1.12668776512146, 1.3970097303390503, 2.5163800716400146, 3.0448925495147705, 6.924288272857666, 1.9783143997192383, 5.357188701629639, 0.4110816717147827, 1.9546842575073242, 2.5833892822265625, 1.7013823986053467, 5.676321983337402, 0.911339521408081, 3.313901901245117, 5.729401111602783, 0.8457813858985901, 3.868241310119629, 1.6282271146774292, 4.629184722900391, 1.3493636846542358, 1.8472689390182495, 5.600500583648682, 0.4119495451450348, 2.111583709716797, 2.888906955718994, 4.774211406707764, 1.0341885089874268, 1.1989039182662964, 1.7077698707580566, 2.1384453773498535, 5.415811061859131, 0.46348148584365845, 3.7515454292297363, 2.592841863632202, 1.1117058992385864, 1.0201630592346191, 3.5388293266296387, 6.189838886260986, 1.1246227025985718, 2.4760243892669678, 2.45542049407959, 2.7216014862060547, 3.4085631370544434, 6.157641410827637, 1.5106704235076904, 5.119862079620361, 0.5559397339820862, 4.250497817993164, 2.248896598815918, 2.7385268211364746, 2.827301025390625, 2.955594062805176, 6.961532115936279, 2.0155584812164307, 6.217036724090576, 1.2114553451538086, 1.228300929069519, 5.0703935623168945, 2.8840854167938232, 5.26540994644165, 0.4186021685600281, 3.961648464202881, 0.8278123736381531, 0.43310344219207764, 4.571547031402588, 5.110706329345703, 3.2373039722442627, 6.961321830749512]",0.0,"[0.0, 0.0, 0.0, 0.0, 0.0, 0.0, 0.0, 0.0, 0.0, 0.0, 0.0, 0.0, 0.0, 0.0, 0.0, 0.0, 0.0, 0.0, 0.0, 0.0, 0.0, 0.0, 0.0, 0.0, 0.0, 0.0, 0.0, 0.0, 0.0, 0.0, 0.0, 0.0, 0.0, 0.0, 0.0, 0.0, 0.0, 0.0, 0.0, 0.0, 0.0, 0.0, 0.0, 0.0, 0.0, 0.0, 0.0, 0.0, 0.0, 0.0, 0.0, 0.0, 0.0, 0.0, 0.0, 0.0, 0.0, 0.0, 0.0, 0.0, 0.0, 0.0, 0.0, 0.0, 0.0, 0.0, 0.0, 0.0, 0.0, 0.0, 0.0, 0.0, 0.0, 0.0, 0.0, 0.0, 0.0, 0.0, 0.0, 0.0, 0.0, 0.0, 0.0, 0.0, 0.0, 0.0, 0.0, 0.0, 0.0, 0.0, 0.0, 0.0, 0.0, 0.0, 0.0, 0.0, 0.0, 0.0, 0.0, 0.0, 0.0, 0.0, 0.0, 0.0, 0.0, 0.0, 0.0, 0.0, 0.0, 0.0, 0.0, 0.0, 0.0, 0.0, 0.0, 0.0, 0.0, 0.0, 0.0, 0.0, 0.0, 0.0, 0.0, 0.0, 0.0, 0.0, 0.0, 0.0, 0.0, 0.0, 0.0, 0.0, 0.0, 0.0, 0.0, 0.0, 0.0, 0.0, 0.0, 0.0, 0.0, 0.0, 0.0, 0.0, 0.0, 0.0, 0.0, 0.0, 0.0, 0.0, 0.0, 0.0, 0.0, 0.0, 0.0, 0.0, 0.0, 0.0, 0.0, 0.0, 0.0, 0.0, 0.0, 0.0, 0.0, 0.0, 0.0, 0.0, 0.0, 0.0, 0.0, 0.0, 0.0, 0.0, 0.0, 0.0, 0.0, 0.0, 0.0, 0.0, 0.0, 0.0, 0.0, 0.0, 0.0, 0.0, 0.0, 0.0, 0.0, 0.0, 0.0, 0.0, 0.0, 0.0, 0.0, 0.0, 0.0, 0.0, 0.0, 0.0, 0.0, 0.0, 0.0, 0.0, 0.0, 0.0, 0.0, 0.0, 0.0, 0.0, 0.0, 0.0, 0.0, 0.0, 0.0, 0.0, 0.0, 0.0, 0.0, 0.0, 0.0, 0.0, 0.0, 0.0, 0.0, 0.0, 0.0, 0.0, 0.0, 0.0, 0.0, 0.0, 0.0, 0.0, 0.0, 0.0, 0.0, 0.0, 0.0, 0.0, 0.0, 0.0, 0.0, 0.0, 0.0, 0.0, 0.0, 0.0, 0.0, 0.0, 0.0, 0.0, 0.0, 0.0, 0.0, 0.0, 0.0, 0.0, 0.0, 0.0, 0.0, 0.0, 0.0, 0.0, 0.0, 0.0, 0.0, 0.0, 0.0, 0.0, 0.0, 0.0, 0.0, 0.0, 0.0, 0.0, 0.0, 0.0, 0.0, 0.0, 0.0, 0.0, 0.0, 0.0, 0.0, 0.0, 0.0, 0.0, 0.0, 0.0, 0.0, 0.0, 0.0, 0.0, 0.0, 0.0, 0.0, 0.0, 0.0, 0.0, 0.0, 0.0, 0.0, 0.0, 0.0, 0.0, 0.0, 0.0, 0.0, 0.0, 0.0, 0.0, 0.0, 0.0, 0.0, 0.0, 0.0, 0.0, 0.0, 0.0, 0.0, 0.0, 0.0, 0.0, 0.0, 0.0, 0.0, 0.0, 0.0, 0.0, 0.0, 0.0, 0.0, 0.0, 0.0, 0.0, 0.0, 0.0, 0.0, 0.0, 0.0, 0.0, 0.0, 0.0, 0.0, 0.0, 0.0, 0.0, 0.0, 0.0, 0.0, 0.0, 0.0, 0.0, 0.0, 0.0, 0.0, 0.0, 0.0, 0.0, 0.0, 0.0, 0.0, 0.0, 0.0, 0.0, 0.0, 0.0, 0.0, 0.0, 0.0, 0.0, 0.0, 0.0, 0.0, 0.0, 0.0, 0.0, 0.0, 0.0, 0.0, 0.0, 0.0, 0.0, 0.0, 0.0, 0.0, 0.0, 0.0, 0.0, 0.0, 0.0, 0.0, 0.0, 0.0, 0.0, 0.0, 0.0, 0.0, 0.0, 0.0, 0.0, 0.0, 0.0, 0.0, 0.0, 0.0, 0.0, 0.0, 0.0, 0.0, 0.0, 0.0, 0.0, 0.0, 0.0, 0.0, 0.0, 0.0, 0.0, 0.0, 0.0, 0.0, 0.0, 0.0, 0.0, 0.0, 0.0, 0.0, 0.0, 0.0, 0.0, 0.0, 0.0, 0.0, 0.0, 0.0, 0.0, 0.0, 0.0, 0.0, 0.0, 0.0, 0.0, 0.0, 0.0, 0.0, 0.0, 0.0, 0.0]",COMPLETE
150,150,0.5,2024-08-31 06:07:57.637868,2024-08-31 06:08:11.332436,0 days 00:00:13.694568,4,0.2698983232566557,1,75,0.39533266439378795,81,0.016763470926515946,0.859,0.85875,0,"[31, 0, 0, 0, 0, 0, 0, 0, 0, 0, 0, 0, 0, 0, 0, 0, 0, 0, 0, 0, 0, 0, 0, 0, 0, 0, 0, 0, 0, 0, 0, 0, 0, 0, 0, 0, 0, 0, 0, 0, 0, 0, 0, 0, 0, 0, 0, 0, 0, 0, 0, 0, 0, 0, 0, 0, 0, 0, 0, 0, 0, 0, 0, 0, 0, 0, 0, 0, 0, 0, 0, 0, 0, 0, 0]",0.0,"[30.987654320987655, 0.0, 0.0, 0.0, 0.0, 0.0, 0.0, 0.0, 0.0, 0.0, 0.0, 0.0, 0.0, 0.0, 0.0, 0.0, 0.0, 0.0, 0.0, 0.0, 0.0, 0.0, 0.0, 0.0, 0.0, 0.0, 0.0, 0.0, 0.0, 0.0, 0.0, 0.0, 0.0, 0.0, 0.0, 0.0, 0.0, 0.0, 0.0, 0.0, 0.0, 0.0, 0.0, 0.0, 0.0, 0.0, 0.0, 0.0, 0.0, 0.0, 0.0, 0.0, 0.0, 0.0, 0.0, 0.0, 0.0, 0.0, 0.0, 0.0, 0.0, 0.0, 0.0, 0.0, 0.0, 0.0, 0.0, 0.0, 0.0, 0.0, 0.0, 0.0, 0.0, 0.0, 0.0]",0.5,0.5,0,"[31, 0, 0, 0, 0, 0, 0, 0, 0, 0, 0, 0, 0, 0, 0, 0, 0, 0, 0, 0, 0, 0, 0, 0, 0, 0, 0, 0, 0, 0, 0, 0, 0, 0, 0, 0, 0, 0, 0, 0, 0, 0, 0, 0, 0, 0, 0, 0, 0, 0, 0, 0, 0, 0, 0, 0, 0, 0, 0, 0, 0, 0, 0, 0, 0, 0, 0, 0, 0, 0, 0, 0, 0, 0, 0]",75,"[0.5592831373214722, 0.4655982553958893, 1.7316944599151611, 0.5843226909637451, 0.45550838112831116, 0.4547688961029053, 0.5154215693473816, 0.6301500797271729, 0.45842739939689636, 0.4134346842765808, 0.43171313405036926, 0.44286060333251953, 1.022216558456421, 0.46082332730293274, 1.0860259532928467, 0.41126909852027893, 0.4150993227958679, 0.4211202561855316, 0.5741070508956909, 0.4663662314414978, 0.4521951377391815, 0.8265634179115295, 0.41048556566238403, 0.9596792459487915, 0.42439281940460205, 0.5302208065986633, 1.240644097328186, 0.4191466271877289, 0.8378999829292297, 0.4822523593902588, 0.41507241129875183, 0.6379722952842712, 0.41277366876602173, 0.6666477918624878, 1.0975083112716675, 0.4367102384567261, 0.4076034426689148, 0.5812471508979797, 1.1656018495559692, 1.3752708435058594, 0.48868611454963684, 0.8843130469322205, 0.41836288571357727, 0.41218239068984985, 1.224489688873291, 0.5215875506401062, 0.49871745705604553, 0.45202967524528503, 0.5024701952934265, 1.4638104438781738, 0.4133719205856323, 0.41162464022636414, 0.4085337817668915, 0.6273337602615356, 0.6499570608139038, 0.6853604316711426, 0.8766891360282898, 0.45605936646461487, 0.460015207529068, 1.0154445171356201, 1.5534350872039795, 0.5059795379638672, 0.4435781240463257, 0.4079209566116333, 0.4886850118637085, 0.4352304935455322, 0.46095988154411316, 0.9539304971694946, 0.6729423999786377, 0.7421332597732544, 0.4283822178840637, 0.5052698254585266, 1.8552595376968384, 0.409435510635376, 0.40811508893966675]",0.0,"[31.0, 0.0, 0.0, 0.0, 0.0, 0.0, 0.0, 0.0, 0.0, 0.0, 0.0, 0.0, 0.0, 0.0, 0.0, 0.0, 0.0, 0.0, 0.0, 0.0, 0.0, 0.0, 0.0, 0.0, 0.0, 0.0, 0.0, 0.0, 0.0, 0.0, 0.0, 0.0, 0.0, 0.0, 0.0, 0.0, 0.0, 0.0, 0.0, 0.0, 0.0, 0.0, 0.0, 0.0, 0.0, 0.0, 0.0, 0.0, 0.0, 0.0, 0.0, 0.0, 0.0, 0.0, 0.0, 0.0, 0.0, 0.0, 0.0, 0.0, 0.0, 0.0, 0.0, 0.0, 0.0, 0.0, 0.0, 0.0, 0.0, 0.0, 0.0, 0.0, 0.0, 0.0, 0.0]",COMPLETE
