,number,value,datetime_start,datetime_complete,duration,params_batch_size_scaler,params_constant_learning_rate,params_depth,params_epochs,params_kernel_l2,params_num_trees,params_temperature,user_attrs_accuracy_test,user_attrs_accuracy_valid,user_attrs_approximate_feature_sparsity,user_attrs_approximate_feature_sparsity_history,user_attrs_approximate_weight_sparsity,user_attrs_approximate_weight_sparsity_history,user_attrs_auc_test,user_attrs_auc_valid,user_attrs_feature_sparsity,user_attrs_feature_sparsity_history,user_attrs_num_epochs,user_attrs_val_loss_history,user_attrs_weight_sparsity,user_attrs_weight_sparsity_history,state
124,124,0.9384137780010563,2024-08-31 05:18:22.812174,2024-08-31 05:19:16.765341,0 days 00:00:53.953167,64,2.8510482086188738,3,310,0.008291479685109245,100,0.0005704669758219034,0.911,0.9125,20,"[33, 33, 33, 33, 33, 33, 33, 33, 33, 33, 33, 33, 33, 33, 33, 33, 33, 33, 33, 33, 33, 33, 33, 33, 33, 33, 33, 33, 33, 33, 33, 33, 33, 33, 33, 33, 33, 33, 33, 33, 33, 33, 33, 33, 33, 33, 33, 33, 32, 32, 32, 31, 30, 30, 30, 29, 29, 28, 27, 27, 27, 26, 26, 24, 23, 23, 23, 22, 22, 22, 22, 22, 22, 22, 22, 22, 22, 22, 22, 22, 22, 22, 22, 22, 22, 22, 22, 22, 22, 22, 22, 22, 22, 22, 22, 22, 22, 22, 21, 21, 21, 21, 21, 21, 21, 21, 21, 21, 21, 21, 21, 21, 21, 21, 21, 21, 21, 21, 21, 21, 21, 21, 21, 21, 21, 21, 21, 21, 21, 21, 21, 21, 21, 21, 21, 21, 21, 21, 21, 21, 21, 21, 21, 21, 21, 21, 21, 21, 21, 21, 21, 21, 21, 21, 21, 21, 21, 21, 21, 21, 21, 21, 21, 21, 21, 21, 21, 21, 21, 21, 21, 21, 21, 21, 20, 20, 20, 20, 20, 20, 20, 20, 20, 20, 20, 20, 20, 20, 20, 20, 20, 20, 20, 20, 20, 20, 20, 20, 20, 20, 20, 20, 20, 20, 20, 20, 20, 20, 20, 20, 20, 20, 20, 20, 20, 20, 20, 20, 20, 20, 20, 20, 20, 20, 20, 20, 20, 20, 20, 20, 20, 20, 20, 20, 20, 20, 20, 20, 20, 20, 20, 20, 20, 20, 20, 20, 20, 20, 20, 20, 20, 20, 20, 20, 20, 20, 20, 20, 20, 20, 20, 20, 20, 20, 20, 20, 20, 20, 20, 20, 20, 20, 20, 20, 20, 20, 20, 20, 20, 20, 20, 20, 20, 20, 20, 20, 20, 20, 20, 20, 20, 20, 20, 20, 20, 20, 20, 20, 20, 20, 20, 20, 20, 20, 20, 20, 20, 20, 20, 20]",19.982857142857142,"[32.96142857142857, 32.962857142857146, 32.97428571428571, 32.97, 32.95714285714286, 32.964285714285715, 32.962857142857146, 32.962857142857146, 32.980000000000004, 32.96, 32.964285714285715, 32.95285714285714, 32.958571428571425, 32.97428571428571, 32.96142857142858, 32.96, 32.96857142857143, 32.962857142857146, 32.97, 32.97571428571429, 32.97, 32.97, 32.964285714285715, 32.97571428571429, 32.97571428571429, 32.962857142857146, 32.95857142857143, 32.957142857142856, 32.96, 32.972857142857144, 32.97571428571429, 32.971428571428575, 32.972857142857144, 32.964285714285715, 32.957142857142856, 32.97571428571429, 32.96857142857143, 32.97, 32.95285714285714, 32.964285714285715, 32.96857142857143, 32.97428571428572, 32.965714285714284, 32.95428571428572, 32.97714285714286, 32.97857142857143, 32.965714285714284, 32.96142857142857, 31.972857142857144, 31.971428571428575, 31.964285714285715, 30.972857142857144, 29.96857142857143, 29.962857142857143, 29.97142857142857, 28.97285714285714, 28.972857142857144, 27.974285714285717, 26.977142857142855, 26.97571428571429, 26.97714285714286, 25.975714285714286, 25.98, 23.978571428571428, 22.982857142857146, 22.98, 22.974285714285713, 21.982857142857142, 21.982857142857142, 21.982857142857146, 21.975714285714286, 21.97285714285714, 21.98, 21.985714285714288, 21.974285714285713, 21.98, 21.972857142857144, 21.990000000000002, 21.984285714285715, 21.98, 21.971428571428575, 21.981428571428573, 21.98, 21.98, 21.984285714285715, 21.98, 21.97142857142857, 21.995714285714286, 21.97857142857143, 21.985714285714284, 21.97714285714286, 21.987142857142857, 21.982857142857146, 21.981428571428573, 21.98714285714286, 21.98142857142857, 21.978571428571428, 21.981428571428573, 20.981428571428573, 20.985714285714284, 20.978571428571428, 20.990000000000002, 20.987142857142857, 20.990000000000002, 20.984285714285715, 20.982857142857142, 20.975714285714286, 20.99, 20.985714285714288, 20.987142857142857, 20.984285714285715, 20.985714285714288, 20.982857142857142, 20.982857142857142, 20.98857142857143, 20.985714285714288, 20.985714285714288, 20.985714285714288, 20.977142857142855, 20.987142857142857, 20.985714285714288, 20.981428571428573, 20.981428571428573, 20.984285714285715, 20.982857142857142, 20.984285714285715, 20.98142857142857, 20.974285714285717, 20.982857142857142, 20.97857142857143, 20.984285714285715, 20.987142857142857, 20.99142857142857, 20.985714285714284, 20.984285714285715, 20.987142857142857, 20.99, 20.985714285714284, 20.977142857142855, 20.98142857142857, 20.985714285714288, 20.985714285714288, 20.985714285714284, 20.977142857142855, 20.984285714285715, 20.98, 20.984285714285715, 20.981428571428573, 20.98, 20.97714285714286, 20.974285714285717, 20.98, 20.98857142857143, 20.985714285714288, 20.98142857142857, 20.97714285714286, 20.99, 20.98, 20.972857142857144, 20.982857142857142, 20.977142857142855, 20.984285714285715, 20.985714285714284, 20.984285714285715, 20.981428571428573, 20.984285714285715, 20.98142857142857, 20.975714285714286, 20.978571428571428, 20.982857142857142, 20.974285714285713, 20.982857142857142, 20.992857142857144, 20.984285714285715, 19.98, 19.985714285714288, 19.982857142857142, 19.97857142857143, 19.990000000000002, 19.982857142857142, 19.97714285714286, 19.98, 19.985714285714284, 19.978571428571428, 19.984285714285715, 19.99142857142857, 19.992857142857144, 19.98714285714286, 19.98, 19.985714285714288, 19.982857142857142, 19.98857142857143, 19.985714285714288, 19.985714285714288, 19.977142857142855, 19.982857142857142, 19.98857142857143, 19.985714285714288, 19.994285714285716, 19.99142857142857, 19.98, 19.984285714285715, 19.992857142857144, 19.972857142857144, 19.982857142857142, 19.984285714285715, 19.978571428571428, 19.98857142857143, 19.978571428571428, 19.985714285714288, 19.98857142857143, 19.982857142857142, 19.982857142857142, 19.985714285714288, 19.984285714285715, 19.98142857142857, 19.985714285714284, 19.985714285714288, 19.98857142857143, 19.984285714285715, 19.982857142857142, 19.98714285714286, 19.99142857142857, 19.98428571428572, 19.987142857142857, 19.985714285714284, 19.982857142857142, 19.98, 19.982857142857142, 19.982857142857142, 19.987142857142857, 19.982857142857142, 19.98857142857143, 19.98, 19.984285714285715, 19.984285714285715, 19.981428571428573, 19.982857142857142, 19.98142857142857, 19.984285714285715, 19.99, 19.98857142857143, 19.985714285714288, 19.99142857142857, 19.98857142857143, 19.97714285714286, 19.985714285714284, 19.985714285714284, 19.98857142857143, 19.992857142857144, 19.987142857142857, 19.97714285714286, 19.982857142857146, 19.985714285714284, 19.987142857142857, 19.982857142857142, 19.98857142857143, 19.985714285714288, 19.984285714285715, 19.984285714285715, 19.987142857142857, 19.987142857142857, 19.98857142857143, 19.981428571428573, 19.987142857142857, 19.982857142857142, 19.972857142857144, 19.98, 19.982857142857142, 19.974285714285713, 19.977142857142855, 19.981428571428573, 19.97714285714286, 19.974285714285713, 19.978571428571428, 19.977142857142855, 19.98142857142857, 19.977142857142855, 19.981428571428573, 19.985714285714288, 19.97857142857143, 19.978571428571428, 19.97142857142857, 19.982857142857142, 19.985714285714284, 19.981428571428573, 19.98857142857143, 19.984285714285715, 19.984285714285715, 19.984285714285715, 19.978571428571428, 19.977142857142855, 19.981428571428573, 19.985714285714288, 19.977142857142855, 19.987142857142857, 19.981428571428573, 19.981428571428573, 19.99142857142857, 19.97714285714286, 19.98, 19.974285714285713, 19.970000000000002, 19.974285714285717, 19.98, 19.984285714285715, 19.982857142857142, 19.98, 19.98, 19.982857142857142]",0.9271542862804348,0.9384137780010563,20,"[33, 33, 33, 33, 33, 33, 33, 33, 33, 33, 33, 33, 33, 33, 33, 33, 33, 33, 33, 33, 33, 33, 33, 33, 33, 33, 33, 33, 33, 33, 33, 33, 33, 33, 33, 33, 33, 33, 33, 33, 33, 33, 33, 33, 33, 33, 33, 33, 32, 32, 32, 31, 30, 30, 30, 29, 29, 28, 27, 27, 27, 26, 26, 24, 23, 23, 23, 22, 22, 22, 22, 22, 22, 22, 22, 22, 22, 22, 22, 22, 22, 22, 22, 22, 22, 22, 22, 22, 22, 22, 22, 22, 22, 22, 22, 22, 22, 22, 21, 21, 21, 21, 21, 21, 21, 21, 21, 21, 21, 21, 21, 21, 21, 21, 21, 21, 21, 21, 21, 21, 21, 21, 21, 21, 21, 21, 21, 21, 21, 21, 21, 21, 21, 21, 21, 21, 21, 21, 21, 21, 21, 21, 21, 21, 21, 21, 21, 21, 21, 21, 21, 21, 21, 21, 21, 21, 21, 21, 21, 21, 21, 21, 21, 21, 21, 21, 21, 21, 21, 21, 21, 21, 21, 21, 20, 20, 20, 20, 20, 20, 20, 20, 20, 20, 20, 20, 20, 20, 20, 20, 20, 20, 20, 20, 20, 20, 20, 20, 20, 20, 20, 20, 20, 20, 20, 20, 20, 20, 20, 20, 20, 20, 20, 20, 20, 20, 20, 20, 20, 20, 20, 20, 20, 20, 20, 20, 20, 20, 20, 20, 20, 20, 20, 20, 20, 20, 20, 20, 20, 20, 20, 20, 20, 20, 20, 20, 20, 20, 20, 20, 20, 20, 20, 20, 20, 20, 20, 20, 20, 20, 20, 20, 20, 20, 20, 20, 20, 20, 20, 20, 20, 20, 20, 20, 20, 20, 20, 20, 20, 20, 20, 20, 20, 20, 20, 20, 20, 20, 20, 20, 20, 20, 20, 20, 20, 20, 20, 20, 20, 20, 20, 20, 20, 20, 20, 20, 20, 20, 20, 20]",310,"[2.991583824157715, 3.437455177307129, 7.193465709686279, 1.0298900604248047, 0.7727245092391968, 1.3889744281768799, 0.7191207408905029, 3.592322587966919, 0.9227914214134216, 2.4820122718811035, 0.5255447030067444, 3.184561252593994, 2.6537163257598877, 0.5848143696784973, 5.007289409637451, 1.6323800086975098, 0.7082271575927734, 0.8044365644454956, 2.4900879859924316, 2.084995985031128, 0.42060521245002747, 5.1171417236328125, 0.8933961987495422, 1.2182856798171997, 0.45951294898986816, 2.164731740951538, 1.603438377380371, 0.32768169045448303, 3.7157163619995117, 0.5615438222885132, 0.28552311658859253, 4.308976173400879, 0.43133994936943054, 2.7509992122650146, 0.3918590843677521, 1.0905094146728516, 1.3868393898010254, 0.2712714970111847, 0.6258375644683838, 0.42937058210372925, 0.5928441286087036, 2.2885019779205322, 0.7061082720756531, 0.27439382672309875, 1.557753324508667, 0.46894705295562744, 1.1189171075820923, 1.0411216020584106, 1.5339704751968384, 1.4203218221664429, 0.7897670865058899, 0.30595147609710693, 0.3629955053329468, 0.5789045095443726, 0.27343568205833435, 0.58031165599823, 1.1175267696380615, 2.297154664993286, 0.24528512358665466, 0.2572213411331177, 1.2271740436553955, 0.569400429725647, 0.27341851592063904, 0.4441360831260681, 2.0102498531341553, 0.4111348092556, 2.524754285812378, 1.3354545831680298, 0.3385564088821411, 0.8988227248191833, 0.41127437353134155, 0.24742907285690308, 1.3970818519592285, 0.289539098739624, 1.0431084632873535, 0.39326927065849304, 0.2926206588745117, 0.28469234704971313, 0.3786073923110962, 0.2707950472831726, 0.7406935095787048, 0.24314619600772858, 0.2434588372707367, 0.7341035604476929, 0.22667299211025238, 0.37506842613220215, 0.26537927985191345, 0.3136158287525177, 0.404244989156723, 0.23772947490215302, 0.5467864871025085, 0.36446908116340637, 0.4058840274810791, 0.29831430315971375, 0.3820153474807739, 0.5141488909721375, 0.6432912945747375, 0.32590147852897644, 0.4036915898323059, 0.28290361166000366, 0.5067728757858276, 0.49406346678733826, 0.2656116783618927, 0.2162836194038391, 0.22176533937454224, 0.6190080642700195, 0.4258213937282562, 0.3031848073005676, 0.7311874628067017, 0.40213021636009216, 0.45374923944473267, 0.2527293860912323, 0.5740481019020081, 0.24721869826316833, 0.6932327747344971, 0.23687691986560822, 0.35334891080856323, 0.25150614976882935, 0.46195095777511597, 0.21471162140369415, 0.2834177315235138, 0.4370790719985962, 0.23604817688465118, 0.4749954342842102, 0.2668681740760803, 0.41512206196784973, 0.3706286549568176, 0.24169336259365082, 0.26881682872772217, 0.21410861611366272, 0.35618478059768677, 0.35729023814201355, 0.27607351541519165, 0.35542789101600647, 0.21327786147594452, 0.2522813081741333, 0.25267696380615234, 0.3872259855270386, 1.1265408992767334, 0.2050108015537262, 0.7734949588775635, 0.24596838653087616, 0.4540117383003235, 0.22184932231903076, 0.35067832469940186, 0.7445754408836365, 0.18826232850551605, 0.48647359013557434, 0.4068424105644226, 0.3036157786846161, 0.5716186165809631, 0.2747890055179596, 0.38375961780548096, 0.4930426776409149, 0.3126012980937958, 0.48461905121803284, 0.4419659674167633, 0.29848694801330566, 0.27869752049446106, 0.41270628571510315, 0.23599793016910553, 0.26483353972435, 0.2303771823644638, 0.3730736970901489, 0.29416313767433167, 0.18260985612869263, 0.2982725203037262, 0.2298024296760559, 0.4890921413898468, 0.23085103929042816, 0.18880413472652435, 0.49812325835227966, 0.20150989294052124, 0.4149998724460602, 0.2017625868320465, 0.17799919843673706, 0.26317599415779114, 1.2557125091552734, 0.7156017422676086, 0.2572437822818756, 0.1970810443162918, 0.22623640298843384, 0.23314988613128662, 0.43105775117874146, 0.20558153092861176, 0.1925671547651291, 0.24557766318321228, 0.29865121841430664, 0.1880292445421219, 0.3649385869503021, 0.4485369622707367, 0.20825999975204468, 0.2512246072292328, 0.18045568466186523, 0.1854952871799469, 1.0306016206741333, 0.48970478773117065, 0.2098444104194641, 0.2007182240486145, 0.18274566531181335, 0.17821384966373444, 0.1782894879579544, 0.17423641681671143, 0.2797274589538574, 0.20863144099712372, 0.18003472685813904, 0.6184729933738708, 0.19733403623104095, 0.25507551431655884, 0.510825514793396, 0.2006298303604126, 0.2989179491996765, 0.1923968642950058, 0.18566834926605225, 0.27589747309684753, 0.20653651654720306, 0.17253802716732025, 0.3217313885688782, 0.1875327080488205, 0.21563340723514557, 0.3875878155231476, 0.44077080488204956, 0.19443830847740173, 0.19688689708709717, 0.2539615035057068, 0.6196553707122803, 0.20012851059436798, 0.16750308871269226, 0.2032182663679123, 0.6868463158607483, 0.18921631574630737, 0.29685312509536743, 0.1722314953804016, 0.1726522445678711, 0.17644403874874115, 0.19156931340694427, 0.17257583141326904, 0.38707271218299866, 0.16936038434505463, 0.258785605430603, 0.17406804859638214, 0.16406206786632538, 0.20342618227005005, 0.3255232572555542, 0.19251583516597748, 0.21725277602672577, 0.43305858969688416, 0.366515576839447, 0.33207446336746216, 0.16672073304653168, 0.19548463821411133, 0.21635279059410095, 0.3955062925815582, 0.21601982414722443, 0.3538932502269745, 0.17705076932907104, 0.2478918433189392, 0.17394033074378967, 0.17032785713672638, 0.30380162596702576, 0.16461387276649475, 0.18770897388458252, 0.3271239995956421, 0.21708017587661743, 0.3005772531032562, 0.2659285366535187, 0.21760743856430054, 0.2940675616264343, 0.1958046406507492, 0.1683347374200821, 0.1893252730369568, 0.23378628492355347, 0.16601282358169556, 0.1695653796195984, 0.5549252033233643, 0.2169068455696106, 0.18753482401371002, 0.2155851423740387, 0.22882282733917236, 0.15818087756633759, 0.17510677874088287, 0.40916961431503296, 0.1997639536857605, 0.16090671718120575, 0.18136635422706604, 0.404035747051239, 0.2130175083875656, 0.16084590554237366, 0.16595160961151123, 0.16297647356987, 0.21726110577583313, 0.18774469196796417, 0.1673201620578766, 0.16552850604057312, 0.1727229654788971, 0.17100104689598083, 0.3108381927013397, 0.16505007445812225, 0.1616974025964737, 0.32244405150413513, 0.2362498641014099, 0.1781218945980072, 0.16576217114925385, 0.17305178940296173, 0.15463495254516602, 0.17299231886863708, 0.23601125180721283, 0.1720561534166336, 0.1724112629890442, 0.2749005854129791]",20.0,"[33.0, 33.0, 33.0, 33.0, 33.0, 33.0, 33.0, 33.0, 33.0, 33.0, 33.0, 33.0, 33.0, 33.0, 33.0, 33.0, 33.0, 33.0, 33.0, 33.0, 33.0, 33.0, 33.0, 33.0, 33.0, 33.0, 33.0, 33.0, 33.0, 33.0, 33.0, 33.0, 33.0, 33.0, 33.0, 33.0, 33.0, 33.0, 33.0, 33.0, 33.0, 33.0, 33.0, 33.0, 33.0, 33.0, 33.0, 33.0, 32.0, 32.0, 32.0, 31.0, 30.0, 30.0, 30.0, 29.0, 29.0, 28.0, 27.0, 27.0, 27.0, 26.0, 26.0, 24.0, 23.0, 23.0, 23.0, 22.0, 22.0, 22.0, 22.0, 22.0, 22.0, 22.0, 22.0, 22.0, 22.0, 22.0, 22.0, 22.0, 22.0, 22.0, 22.0, 22.0, 22.0, 22.0, 22.0, 22.0, 22.0, 22.0, 22.0, 22.0, 22.0, 22.0, 22.0, 22.0, 22.0, 22.0, 21.0, 21.0, 21.0, 21.0, 21.0, 21.0, 21.0, 21.0, 21.0, 21.0, 21.0, 21.0, 21.0, 21.0, 21.0, 21.0, 21.0, 21.0, 21.0, 21.0, 21.0, 21.0, 21.0, 21.0, 21.0, 21.0, 21.0, 21.0, 21.0, 21.0, 21.0, 21.0, 21.0, 21.0, 21.0, 21.0, 21.0, 21.0, 21.0, 21.0, 21.0, 21.0, 21.0, 21.0, 21.0, 21.0, 21.0, 21.0, 21.0, 21.0, 21.0, 21.0, 21.0, 21.0, 21.0, 21.0, 21.0, 21.0, 21.0, 21.0, 21.0, 21.0, 21.0, 21.0, 21.0, 21.0, 21.0, 21.0, 21.0, 21.0, 21.0, 21.0, 21.0, 21.0, 21.0, 21.0, 20.0, 20.0, 20.0, 20.0, 20.0, 20.0, 20.0, 20.0, 20.0, 20.0, 20.0, 20.0, 20.0, 20.0, 20.0, 20.0, 20.0, 20.0, 20.0, 20.0, 20.0, 20.0, 20.0, 20.0, 20.0, 20.0, 20.0, 20.0, 20.0, 20.0, 20.0, 20.0, 20.0, 20.0, 20.0, 20.0, 20.0, 20.0, 20.0, 20.0, 20.0, 20.0, 20.0, 20.0, 20.0, 20.0, 20.0, 20.0, 20.0, 20.0, 20.0, 20.0, 20.0, 20.0, 20.0, 20.0, 20.0, 20.0, 20.0, 20.0, 20.0, 20.0, 20.0, 20.0, 20.0, 20.0, 20.0, 20.0, 20.0, 20.0, 20.0, 20.0, 20.0, 20.0, 20.0, 20.0, 20.0, 20.0, 20.0, 20.0, 20.0, 20.0, 20.0, 20.0, 20.0, 20.0, 20.0, 20.0, 20.0, 20.0, 20.0, 20.0, 20.0, 20.0, 20.0, 20.0, 20.0, 20.0, 20.0, 20.0, 20.0, 20.0, 20.0, 20.0, 20.0, 20.0, 20.0, 20.0, 20.0, 20.0, 20.0, 20.0, 20.0, 20.0, 20.0, 20.0, 20.0, 20.0, 20.0, 20.0, 20.0, 20.0, 20.0, 20.0, 20.0, 20.0, 20.0, 20.0, 20.0, 20.0, 20.0, 20.0, 20.0, 20.0, 20.0, 20.0]",COMPLETE
