,number,value,datetime_start,datetime_complete,duration,params_batch_size_scaler,params_constant_learning_rate,params_depth,params_epochs,params_kernel_l2,params_num_trees,params_temperature,user_attrs_accuracy_test,user_attrs_accuracy_valid,user_attrs_approximate_feature_sparsity,user_attrs_approximate_feature_sparsity_history,user_attrs_approximate_weight_sparsity,user_attrs_approximate_weight_sparsity_history,user_attrs_auc_test,user_attrs_auc_valid,user_attrs_feature_sparsity,user_attrs_feature_sparsity_history,user_attrs_num_epochs,user_attrs_val_loss_history,user_attrs_weight_sparsity,user_attrs_weight_sparsity_history,state
154,154,0.7227782715667711,2024-08-31 06:11:22.275093,2024-08-31 06:11:47.039661,0 days 00:00:24.764568,64,0.035585985598654335,3,240,0.008482952088074066,45,0.0005380032206736095,0.871,0.8675,33,"[33, 33, 33, 33, 33, 33, 33, 33, 33, 33, 33, 33, 33, 33, 33, 33, 33, 33, 33, 33, 33, 33, 33, 33, 33, 33, 33, 33, 33, 33, 33, 33, 33, 33, 33, 33, 33, 33, 33, 33, 33, 33, 33, 33, 33, 33, 33, 33, 33, 33, 33, 33, 33, 33, 33, 33, 33, 33, 33, 33, 33, 33, 33, 33, 33, 33, 33, 33, 33, 33, 33, 33, 33, 33, 33, 33, 33, 33, 33, 33, 33, 33, 33, 33, 33, 33, 33, 33, 33, 33, 33, 33, 33, 33, 33, 33, 33, 33, 33, 33, 33, 33, 33, 33, 33, 33, 33, 33, 33, 33, 33, 33, 33, 33, 33, 33, 33, 33, 33, 33, 33, 33, 33, 33, 33, 33, 33, 33, 33, 33, 33, 33, 33, 33, 33, 33, 33, 33, 33, 33, 33, 33, 33, 33, 33, 33, 33, 33, 33, 33, 33, 33, 33, 33, 33, 33, 33, 33, 33, 33, 33, 33, 33, 33, 33, 33, 33, 33, 33, 33, 33, 33, 33, 33, 33, 33, 33, 33, 33, 33, 33, 33, 33, 33, 33, 33, 33, 33, 33, 33, 33, 33, 33, 33, 33, 33, 33, 33, 33, 33, 33, 33, 33, 33, 33, 33, 33, 33, 33, 33, 33, 33, 33, 33, 33, 33, 33, 33, 33, 33, 33, 33, 33, 33, 33, 33, 33, 33, 33, 33, 33, 33, 33, 33, 33, 33, 33, 33, 33, 33]",32.96190476190476,"[32.977777777777774, 32.98412698412699, 32.98412698412699, 32.98412698412699, 32.974603174603175, 32.96825396825397, 32.971428571428575, 32.971428571428575, 32.98095238095238, 32.98412698412699, 32.977777777777774, 32.98095238095238, 32.974603174603175, 32.974603174603175, 32.977777777777774, 32.974603174603175, 32.971428571428575, 32.977777777777774, 32.96825396825397, 32.974603174603175, 32.98412698412699, 32.98730158730159, 32.98412698412699, 32.98095238095238, 32.977777777777774, 32.98095238095238, 32.98095238095238, 32.98095238095238, 32.96190476190476, 32.96190476190476, 32.96190476190476, 32.96825396825397, 32.96825396825397, 32.96190476190476, 32.974603174603175, 32.98412698412699, 32.98412698412699, 32.974603174603175, 32.977777777777774, 32.977777777777774, 32.977777777777774, 32.977777777777774, 32.974603174603175, 32.977777777777774, 32.977777777777774, 32.977777777777774, 32.98412698412699, 32.99047619047619, 32.98730158730159, 32.98730158730159, 32.971428571428575, 32.977777777777774, 32.98095238095238, 32.98412698412699, 32.974603174603175, 32.96825396825397, 32.971428571428575, 32.974603174603175, 32.974603174603175, 32.971428571428575, 32.96825396825397, 32.971428571428575, 32.971428571428575, 32.96507936507936, 32.94920634920635, 32.939682539682536, 32.955555555555556, 32.971428571428575, 32.971428571428575, 32.96825396825397, 32.96825396825397, 32.95873015873016, 32.96507936507936, 32.95873015873016, 32.96507936507936, 32.96825396825397, 32.971428571428575, 32.96825396825397, 32.971428571428575, 32.971428571428575, 32.971428571428575, 32.974603174603175, 32.974603174603175, 32.977777777777774, 32.971428571428575, 32.96825396825397, 32.96825396825397, 32.974603174603175, 32.974603174603175, 32.96190476190476, 32.96825396825397, 32.971428571428575, 32.98095238095238, 32.98095238095238, 32.98412698412699, 32.98095238095238, 32.977777777777774, 32.977777777777774, 32.974603174603175, 32.974603174603175, 32.96507936507936, 32.971428571428575, 32.971428571428575, 32.977777777777774, 32.971428571428575, 32.974603174603175, 32.977777777777774, 32.977777777777774, 32.98412698412699, 32.974603174603175, 32.96825396825397, 32.96825396825397, 32.96507936507936, 32.96507936507936, 32.974603174603175, 32.96507936507936, 32.974603174603175, 32.96825396825397, 32.96825396825397, 32.977777777777774, 32.971428571428575, 32.971428571428575, 32.977777777777774, 32.98412698412699, 32.98412698412699, 32.98095238095238, 32.98095238095238, 32.977777777777774, 32.98095238095238, 32.98095238095238, 32.98095238095238, 32.977777777777774, 32.977777777777774, 32.971428571428575, 32.971428571428575, 32.974603174603175, 32.977777777777774, 32.974603174603175, 32.96825396825397, 32.96825396825397, 32.971428571428575, 32.971428571428575, 32.96190476190476, 32.96825396825397, 32.96507936507936, 32.971428571428575, 32.971428571428575, 32.971428571428575, 32.971428571428575, 32.98412698412699, 32.977777777777774, 32.977777777777774, 32.971428571428575, 32.971428571428575, 32.971428571428575, 32.974603174603175, 32.974603174603175, 32.974603174603175, 32.971428571428575, 32.974603174603175, 32.96825396825397, 32.971428571428575, 32.96825396825397, 32.96507936507936, 32.971428571428575, 32.971428571428575, 32.971428571428575, 32.971428571428575, 32.96825396825397, 32.971428571428575, 32.977777777777774, 32.977777777777774, 32.98095238095238, 32.977777777777774, 32.98730158730159, 32.98412698412699, 32.98412698412699, 32.98095238095238, 32.98095238095238, 32.977777777777774, 32.977777777777774, 32.974603174603175, 32.974603174603175, 32.98412698412699, 32.98095238095238, 32.977777777777774, 32.977777777777774, 32.98095238095238, 32.977777777777774, 32.98095238095238, 32.98730158730159, 32.98730158730159, 32.98095238095238, 32.98412698412699, 32.98412698412699, 32.98412698412699, 32.98412698412699, 32.98095238095238, 32.977777777777774, 32.98095238095238, 32.977777777777774, 32.96825396825397, 32.971428571428575, 32.974603174603175, 32.98412698412699, 32.98095238095238, 32.98095238095238, 32.96825396825397, 32.971428571428575, 32.971428571428575, 32.971428571428575, 32.971428571428575, 32.971428571428575, 32.96507936507936, 32.96825396825397, 32.96825396825397, 32.96825396825397, 32.971428571428575, 32.96825396825397, 32.974603174603175, 32.96825396825397, 32.96190476190476, 32.96507936507936, 32.96507936507936, 32.95873015873016, 32.96507936507936, 32.96507936507936, 32.971428571428575, 32.96825396825397, 32.96825396825397, 32.96190476190476, 32.955555555555556, 32.95873015873016, 32.96507936507936, 32.96190476190476, 32.95873015873016, 32.95873015873016, 32.94920634920635, 32.96190476190476, 32.96190476190476]",0.7524087880514204,0.7227782715667711,33,"[33, 33, 33, 33, 33, 33, 33, 33, 33, 33, 33, 33, 33, 33, 33, 33, 33, 33, 33, 33, 33, 33, 33, 33, 33, 33, 33, 33, 33, 33, 33, 33, 33, 33, 33, 33, 33, 33, 33, 33, 33, 33, 33, 33, 33, 33, 33, 33, 33, 33, 33, 33, 33, 33, 33, 33, 33, 33, 33, 33, 33, 33, 33, 33, 33, 33, 33, 33, 33, 33, 33, 33, 33, 33, 33, 33, 33, 33, 33, 33, 33, 33, 33, 33, 33, 33, 33, 33, 33, 33, 33, 33, 33, 33, 33, 33, 33, 33, 33, 33, 33, 33, 33, 33, 33, 33, 33, 33, 33, 33, 33, 33, 33, 33, 33, 33, 33, 33, 33, 33, 33, 33, 33, 33, 33, 33, 33, 33, 33, 33, 33, 33, 33, 33, 33, 33, 33, 33, 33, 33, 33, 33, 33, 33, 33, 33, 33, 33, 33, 33, 33, 33, 33, 33, 33, 33, 33, 33, 33, 33, 33, 33, 33, 33, 33, 33, 33, 33, 33, 33, 33, 33, 33, 33, 33, 33, 33, 33, 33, 33, 33, 33, 33, 33, 33, 33, 33, 33, 33, 33, 33, 33, 33, 33, 33, 33, 33, 33, 33, 33, 33, 33, 33, 33, 33, 33, 33, 33, 33, 33, 33, 33, 33, 33, 33, 33, 33, 33, 33, 33, 33, 33, 33, 33, 33, 33, 33, 33, 33, 33, 33, 33, 33, 33, 33, 33, 33, 33, 33, 33]",240,"[0.5833443999290466, 0.49075332283973694, 0.44620755314826965, 0.42619606852531433, 0.4145704507827759, 0.40770062804222107, 0.4034999907016754, 0.4002986550331116, 0.39826029539108276, 0.39687904715538025, 0.3958793878555298, 0.3952711224555969, 0.3944950997829437, 0.39398807287216187, 0.39337584376335144, 0.392698734998703, 0.392202228307724, 0.39174139499664307, 0.39123743772506714, 0.3907337486743927, 0.3902747333049774, 0.38985106348991394, 0.38934385776519775, 0.3889065682888031, 0.38850194215774536, 0.38813459873199463, 0.38765040040016174, 0.38711652159690857, 0.3867552578449249, 0.3863639533519745, 0.38604459166526794, 0.38556769490242004, 0.38527145981788635, 0.38491639494895935, 0.3845630884170532, 0.384225994348526, 0.38397538661956787, 0.3835444748401642, 0.38324034214019775, 0.38294053077697754, 0.3827424943447113, 0.3823564648628235, 0.38213080167770386, 0.3818513751029968, 0.3815937936306, 0.3812507390975952, 0.38090312480926514, 0.38047394156455994, 0.3802066445350647, 0.37997904419898987, 0.3798673748970032, 0.37949779629707336, 0.3791995644569397, 0.37901079654693604, 0.37865370512008667, 0.37836673855781555, 0.3782111406326294, 0.37794482707977295, 0.3777519166469574, 0.3775041103363037, 0.37725120782852173, 0.3771209716796875, 0.37681952118873596, 0.3766859173774719, 0.3764704763889313, 0.3762410283088684, 0.3760644495487213, 0.3758960962295532, 0.3757328689098358, 0.37546461820602417, 0.3751927614212036, 0.375069260597229, 0.37485161423683167, 0.37474071979522705, 0.37453731894493103, 0.3742639124393463, 0.3740242123603821, 0.3738365173339844, 0.37364232540130615, 0.3735232651233673, 0.37337321043014526, 0.37327682971954346, 0.3731793463230133, 0.37304580211639404, 0.3728714883327484, 0.37278443574905396, 0.3727361559867859, 0.37251293659210205, 0.3724019527435303, 0.3725644648075104, 0.37250664830207825, 0.37219125032424927, 0.3720358908176422, 0.37192171812057495, 0.37178871035575867, 0.37157535552978516, 0.37129077315330505, 0.3710888624191284, 0.3709246516227722, 0.3707706332206726, 0.3706011176109314, 0.37048712372779846, 0.37039366364479065, 0.37030720710754395, 0.37022343277931213, 0.3700748383998871, 0.3699723184108734, 0.3698343336582184, 0.369706392288208, 0.3696271777153015, 0.36953917145729065, 0.36937859654426575, 0.36926183104515076, 0.3690216839313507, 0.36890774965286255, 0.36877620220184326, 0.3686996102333069, 0.36853349208831787, 0.36845001578330994, 0.3683660626411438, 0.3683243691921234, 0.36812105774879456, 0.36798346042633057, 0.3678404986858368, 0.36771515011787415, 0.36763623356819153, 0.3674999475479126, 0.36737310886383057, 0.3672187924385071, 0.36731261014938354, 0.3671460449695587, 0.3671224117279053, 0.36694660782814026, 0.36675411462783813, 0.366626501083374, 0.36651772260665894, 0.3663535416126251, 0.3662360906600952, 0.36612433195114136, 0.36609378457069397, 0.365960031747818, 0.3658490777015686, 0.36581289768218994, 0.3657560348510742, 0.3657192587852478, 0.36552488803863525, 0.3654818832874298, 0.3653101623058319, 0.3653818368911743, 0.3653448820114136, 0.3653886914253235, 0.365354984998703, 0.3651742935180664, 0.36493223905563354, 0.36466261744499207, 0.3645085394382477, 0.36437511444091797, 0.36429890990257263, 0.3642024099826813, 0.36407989263534546, 0.3639588952064514, 0.36382609605789185, 0.36374032497406006, 0.36358869075775146, 0.36350104212760925, 0.3634476363658905, 0.36333900690078735, 0.36321648955345154, 0.3630773425102234, 0.3629937469959259, 0.36282026767730713, 0.3626936674118042, 0.36257943511009216, 0.3624979853630066, 0.36238545179367065, 0.36231744289398193, 0.36221322417259216, 0.3621143698692322, 0.3620891273021698, 0.36207684874534607, 0.36206406354904175, 0.36191993951797485, 0.3617965281009674, 0.3617425560951233, 0.3615875244140625, 0.3615025579929352, 0.36137154698371887, 0.3612430691719055, 0.36117589473724365, 0.3611360788345337, 0.36104628443717957, 0.36102908849716187, 0.36095166206359863, 0.3609006404876709, 0.3607446253299713, 0.3608388900756836, 0.3609504699707031, 0.3609042465686798, 0.3604820966720581, 0.3602643311023712, 0.3602369427680969, 0.3601234555244446, 0.3601421117782593, 0.3600068986415863, 0.35979628562927246, 0.359706848859787, 0.35960760712623596, 0.35942918062210083, 0.3593592941761017, 0.3592131435871124, 0.35912564396858215, 0.35913988947868347, 0.3589742183685303, 0.3588322699069977, 0.35875555872917175, 0.35866615176200867, 0.35854485630989075, 0.3584853410720825, 0.358396977186203, 0.35838040709495544, 0.3582969903945923, 0.3582296371459961, 0.35814589262008667, 0.3580518662929535, 0.3581041395664215, 0.35814571380615234, 0.3579636812210083, 0.3578876256942749, 0.3577593266963959, 0.3576746881008148, 0.35767266154289246, 0.35751423239707947, 0.35729628801345825, 0.35715052485466003, 0.3570495843887329, 0.3571294844150543, 0.35697028040885925, 0.3568378686904907, 0.3566899001598358, 0.3566034436225891]",33.0,"[33.0, 33.0, 33.0, 33.0, 33.0, 33.0, 33.0, 33.0, 33.0, 33.0, 33.0, 33.0, 33.0, 33.0, 33.0, 33.0, 33.0, 33.0, 33.0, 33.0, 33.0, 33.0, 33.0, 33.0, 33.0, 33.0, 33.0, 33.0, 33.0, 33.0, 33.0, 33.0, 33.0, 33.0, 33.0, 33.0, 33.0, 33.0, 33.0, 33.0, 33.0, 33.0, 33.0, 33.0, 33.0, 33.0, 33.0, 33.0, 33.0, 33.0, 33.0, 33.0, 33.0, 33.0, 33.0, 33.0, 33.0, 33.0, 33.0, 33.0, 33.0, 33.0, 33.0, 33.0, 33.0, 33.0, 33.0, 33.0, 33.0, 33.0, 33.0, 33.0, 33.0, 33.0, 33.0, 33.0, 33.0, 33.0, 33.0, 33.0, 33.0, 33.0, 33.0, 33.0, 33.0, 33.0, 33.0, 33.0, 33.0, 33.0, 33.0, 33.0, 33.0, 33.0, 33.0, 33.0, 33.0, 33.0, 33.0, 33.0, 33.0, 33.0, 33.0, 33.0, 33.0, 33.0, 33.0, 33.0, 33.0, 33.0, 33.0, 33.0, 33.0, 33.0, 33.0, 33.0, 33.0, 33.0, 33.0, 33.0, 33.0, 33.0, 33.0, 33.0, 33.0, 33.0, 33.0, 33.0, 33.0, 33.0, 33.0, 33.0, 33.0, 33.0, 33.0, 33.0, 33.0, 33.0, 33.0, 33.0, 33.0, 33.0, 33.0, 33.0, 33.0, 33.0, 33.0, 33.0, 33.0, 33.0, 33.0, 33.0, 33.0, 33.0, 33.0, 33.0, 33.0, 33.0, 33.0, 33.0, 33.0, 33.0, 33.0, 33.0, 33.0, 33.0, 33.0, 33.0, 33.0, 33.0, 33.0, 33.0, 33.0, 33.0, 33.0, 33.0, 33.0, 33.0, 33.0, 33.0, 33.0, 33.0, 33.0, 33.0, 33.0, 33.0, 33.0, 33.0, 33.0, 33.0, 33.0, 33.0, 33.0, 33.0, 33.0, 33.0, 33.0, 33.0, 33.0, 33.0, 33.0, 33.0, 33.0, 33.0, 33.0, 33.0, 33.0, 33.0, 33.0, 33.0, 33.0, 33.0, 33.0, 33.0, 33.0, 33.0, 33.0, 33.0, 33.0, 33.0, 33.0, 33.0, 33.0, 33.0, 33.0, 33.0, 33.0, 33.0, 33.0, 33.0, 33.0, 33.0, 33.0, 33.0, 33.0, 33.0, 33.0, 33.0, 33.0, 33.0]",COMPLETE
