,number,value,datetime_start,datetime_complete,duration,params_batch_size_scaler,params_constant_learning_rate,params_depth,params_epochs,params_kernel_l2,params_num_trees,params_temperature,user_attrs_accuracy_test,user_attrs_accuracy_valid,user_attrs_approximate_feature_sparsity,user_attrs_approximate_feature_sparsity_history,user_attrs_approximate_weight_sparsity,user_attrs_approximate_weight_sparsity_history,user_attrs_auc_test,user_attrs_auc_valid,user_attrs_feature_sparsity,user_attrs_feature_sparsity_history,user_attrs_num_epochs,user_attrs_val_loss_history,user_attrs_weight_sparsity,user_attrs_weight_sparsity_history,state
24,24,0.9053213278200718,2024-08-31 01:26:14.898494,2024-08-31 01:30:12.888884,0 days 00:03:57.990390,16,5.374074087500386,6,475,0.0525851110903123,12,0.00010290466949151565,0.914,0.92625,20,"[33, 33, 33, 33, 33, 33, 33, 33, 33, 33, 33, 33, 33, 33, 33, 33, 33, 33, 33, 33, 33, 33, 33, 33, 33, 33, 32, 32, 32, 31, 31, 31, 31, 31, 31, 31, 31, 31, 31, 31, 31, 31, 31, 31, 31, 31, 31, 31, 31, 31, 30, 30, 30, 30, 30, 30, 30, 30, 30, 30, 30, 30, 30, 30, 30, 30, 30, 30, 30, 30, 30, 30, 30, 30, 30, 30, 30, 30, 30, 30, 30, 30, 30, 30, 30, 30, 30, 30, 30, 30, 30, 30, 30, 30, 30, 30, 30, 30, 30, 30, 30, 30, 30, 30, 30, 30, 30, 30, 30, 29, 29, 29, 29, 29, 29, 29, 29, 29, 29, 29, 29, 29, 29, 29, 29, 29, 29, 29, 29, 29, 29, 29, 29, 29, 29, 29, 29, 29, 29, 29, 29, 29, 29, 29, 29, 29, 29, 29, 29, 29, 29, 29, 29, 29, 29, 29, 29, 29, 29, 29, 29, 29, 29, 29, 29, 29, 29, 29, 29, 29, 29, 29, 29, 29, 29, 29, 29, 29, 29, 29, 29, 29, 29, 29, 29, 28, 28, 28, 28, 28, 28, 28, 28, 28, 28, 28, 28, 28, 28, 28, 28, 28, 28, 28, 28, 28, 28, 28, 28, 28, 28, 28, 28, 28, 27, 27, 27, 27, 27, 27, 27, 27, 27, 27, 27, 27, 27, 27, 27, 27, 27, 27, 27, 27, 26, 26, 26, 26, 26, 26, 26, 26, 26, 26, 26, 26, 26, 25, 25, 25, 25, 25, 25, 25, 25, 25, 25, 25, 25, 25, 25, 25, 25, 25, 25, 25, 25, 25, 25, 25, 25, 25, 25, 25, 25, 25, 25, 25, 25, 25, 25, 25, 25, 25, 25, 25, 25, 25, 25, 25, 25, 25, 25, 25, 25, 25, 25, 25, 25, 25, 25, 24, 24, 23, 23, 23, 23, 23, 23, 23, 23, 23, 23, 23, 23, 23, 23, 23, 23, 23, 23, 23, 23, 23, 23, 23, 23, 23, 23, 23, 23, 23, 23, 23, 23, 23, 23, 23, 23, 23, 23, 23, 23, 23, 23, 23, 23, 23, 23, 23, 23, 23, 23, 23, 23, 23, 23, 23, 23, 23, 23, 23, 23, 23, 23, 23, 23, 23, 23, 23, 23, 23, 23, 23, 23, 23, 23, 23, 23, 23, 23, 23, 23, 23, 23, 23, 23, 22, 22, 22, 22, 22, 22, 22, 22, 22, 22, 22, 22, 22, 22, 22, 22, 22, 22, 22, 22, 22, 22, 22, 22, 22, 22, 22, 22, 22, 20, 20, 20, 20, 20, 20, 20, 20, 20, 20, 20, 20, 20, 20, 20, 20, 20, 20, 20, 20, 20, 20, 20, 20, 20, 20, 20, 20, 20, 20, 20, 20, 20, 20, 20, 20, 20, 20, 20, 20, 20, 20, 20, 20, 20, 20, 20, 20, 20, 20, 20, 20, 20, 20, 20, 20, 20, 20, 20]",19.65740740740741,"[32.96560846560847, 32.973544973544975, 32.96560846560847, 32.96957671957672, 32.96825396825397, 32.96164021164021, 32.964285714285715, 32.966931216931215, 32.966931216931215, 32.96560846560847, 32.961640211640216, 32.96296296296296, 32.96957671957672, 32.96296296296296, 32.96560846560847, 32.97089947089947, 32.96560846560847, 32.96296296296296, 32.964285714285715, 32.94973544973545, 32.961640211640216, 32.964285714285715, 32.96296296296296, 32.95767195767196, 32.94973544973545, 32.96031746031746, 31.961640211640212, 31.962962962962965, 31.960317460317462, 30.96957671957672, 30.962962962962965, 30.96693121693122, 30.958994708994712, 30.962962962962962, 30.962962962962965, 30.970899470899475, 30.95899470899471, 30.95899470899471, 30.95634920634921, 30.95767195767196, 30.964285714285715, 30.964285714285715, 30.965608465608465, 30.962962962962965, 30.96560846560847, 30.96825396825397, 30.960317460317462, 30.960317460317462, 30.962962962962962, 30.96693121693122, 29.957671957671963, 29.97089947089947, 29.964285714285715, 29.95899470899471, 29.955026455026452, 29.964285714285715, 29.96560846560847, 29.961640211640212, 29.964285714285715, 29.953703703703706, 29.962962962962962, 29.9457671957672, 29.961640211640212, 29.94047619047619, 29.93915343915344, 29.944444444444446, 29.93915343915344, 29.94179894179894, 29.93915343915344, 29.93915343915344, 29.92857142857143, 29.939153439153444, 29.933862433862437, 29.935185185185187, 29.93915343915344, 29.932539682539684, 29.944444444444443, 29.932539682539684, 29.935185185185187, 29.935185185185187, 29.943121693121697, 29.944444444444446, 29.9484126984127, 29.960317460317462, 29.952380952380953, 29.944444444444446, 29.935185185185187, 29.93783068783069, 29.95767195767196, 29.945767195767196, 29.9484126984127, 29.935185185185183, 29.943121693121693, 29.951058201058203, 29.9484126984127, 29.944444444444446, 29.955026455026456, 29.933862433862434, 29.935185185185187, 29.932539682539684, 29.933862433862434, 29.93783068783069, 29.931216931216927, 29.936507936507937, 29.936507936507937, 29.945767195767196, 29.932539682539684, 29.931216931216934, 29.94047619047619, 28.933862433862434, 28.935185185185187, 28.92063492063492, 28.927248677248677, 28.935185185185187, 28.924603174603174, 28.939153439153444, 28.925925925925927, 28.933862433862434, 28.928571428571427, 28.937830687830687, 28.932539682539687, 28.932539682539684, 28.93915343915344, 28.944444444444446, 28.929894179894184, 28.940476190476193, 28.92063492063492, 28.93121693121693, 28.928571428571427, 28.929894179894177, 28.932539682539684, 28.931216931216934, 28.91931216931217, 28.920634920634924, 28.925925925925924, 28.93121693121693, 28.92989417989418, 28.91931216931217, 28.915343915343914, 28.915343915343914, 28.927248677248677, 28.915343915343914, 28.92063492063492, 28.921957671957674, 28.921957671957674, 28.915343915343914, 28.923280423280428, 28.91269841269841, 28.91005291005291, 28.916666666666668, 28.917989417989418, 28.93121693121693, 28.92195767195767, 28.916666666666664, 28.912698412698415, 28.902116402116402, 28.898148148148145, 28.902116402116402, 28.899470899470902, 28.888888888888886, 28.892857142857146, 28.91269841269841, 28.895502645502646, 28.8968253968254, 28.90343915343916, 28.892857142857142, 28.896825396825395, 28.894179894179892, 28.902116402116402, 28.90343915343915, 28.90740740740741, 28.895502645502642, 28.89814814814815, 28.895502645502646, 28.88888888888889, 28.894179894179896, 28.88227513227513, 28.891534391534393, 28.892857142857142, 28.878306878306876, 28.89021164021164, 28.90079365079365, 28.884920634920633, 28.892857142857146, 28.88888888888889, 27.894179894179892, 27.88095238095238, 27.87962962962963, 27.88756613756614, 27.89021164021164, 27.88095238095238, 27.87830687830688, 27.90343915343915, 27.8994708994709, 27.891534391534393, 27.89021164021164, 27.883597883597883, 27.878306878306876, 27.882275132275133, 27.88359788359788, 27.87830687830688, 27.88095238095238, 27.86111111111111, 27.86243386243386, 27.86243386243386, 27.847883597883595, 27.854497354497354, 27.867724867724867, 27.857142857142858, 27.854497354497354, 27.86243386243386, 27.845238095238095, 27.861111111111107, 27.845238095238095, 26.866402116402117, 26.865079365079364, 26.878306878306876, 26.873015873015873, 26.88095238095238, 26.884920634920633, 26.882275132275133, 26.866402116402117, 26.867724867724867, 26.87962962962963, 26.88095238095238, 26.86243386243386, 26.845238095238095, 26.838624338624335, 26.854497354497354, 26.833333333333336, 26.833333333333332, 26.833333333333332, 26.846560846560845, 26.849206349206348, 25.846560846560845, 25.86111111111111, 25.847883597883595, 25.86111111111111, 25.857142857142854, 25.858465608465607, 25.854497354497354, 25.847883597883595, 25.847883597883598, 25.834656084656082, 25.84259259259259, 25.857142857142858, 25.83862433862434, 24.828042328042326, 24.845238095238095, 24.855820105820108, 24.854497354497354, 24.863756613756614, 24.837301587301585, 24.82804232804233, 24.822751322751323, 24.83862433862434, 24.855820105820104, 24.834656084656082, 24.83730158730159, 24.83862433862434, 24.82804232804233, 24.83730158730159, 24.824074074074073, 24.83730158730159, 24.83994708994709, 24.834656084656082, 24.822751322751323, 24.82804232804233, 24.832010582010582, 24.81878306878307, 24.841269841269842, 24.833333333333332, 24.826719576719576, 24.828042328042326, 24.808201058201057, 24.826719576719576, 24.82010582010582, 24.818783068783066, 24.805555555555557, 24.83333333333333, 24.84259259259259, 24.80952380952381, 24.814814814814813, 24.8015873015873, 24.80026455026455, 24.804232804232804, 24.79100529100529, 24.779100529100532, 24.79365079365079, 24.77777777777778, 24.76851851851852, 24.788359788359788, 24.79232804232804, 24.801587301587304, 24.789682539682538, 24.806878306878303, 24.80952380952381, 24.804232804232804, 24.802910052910054, 24.798941798941797, 24.802910052910054, 23.79100529100529, 23.804232804232804, 22.78439153439153, 22.804232804232804, 22.80026455026455, 22.804232804232804, 22.79365079365079, 22.785714285714285, 22.787037037037038, 22.78042328042328, 22.802910052910054, 22.776455026455025, 22.78174603174603, 22.78042328042328, 22.784391534391535, 22.797619047619044, 22.79365079365079, 22.78174603174603, 22.78439153439153, 22.78306878306878, 22.794973544973544, 22.78174603174603, 22.787037037037038, 22.80026455026455, 22.79100529100529, 22.788359788359788, 22.772486772486772, 22.77777777777778, 22.779100529100532, 22.77116402116402, 22.78042328042328, 22.767195767195766, 22.773809523809526, 22.78439153439153, 22.794973544973544, 22.779100529100525, 22.760582010582013, 22.764550264550266, 22.763227513227513, 22.765873015873016, 22.76984126984127, 22.77116402116402, 22.776455026455025, 22.761904761904763, 22.76851851851852, 22.769841269841272, 22.752645502645503, 22.738095238095237, 22.773809523809526, 22.71164021164021, 22.732804232804234, 22.724867724867725, 22.714285714285715, 22.695767195767196, 22.705026455026456, 22.71164021164021, 22.689153439153436, 22.69973544973545, 22.707671957671955, 22.715608465608465, 22.716931216931215, 22.72222222222222, 22.70238095238095, 22.705026455026456, 22.694444444444443, 22.703703703703702, 22.70238095238095, 22.689153439153436, 22.683862433862434, 22.694444444444443, 22.706349206349206, 22.69973544973545, 22.695767195767196, 22.694444444444443, 22.698412698412696, 22.7010582010582, 22.683862433862434, 22.67195767195767, 22.677248677248677, 22.69047619047619, 22.68121693121693, 22.67328042328042, 22.68121693121693, 22.687830687830687, 22.67195767195767, 22.654761904761905, 21.6984126984127, 21.69047619047619, 21.69708994708995, 21.683862433862434, 21.689153439153436, 21.686507936507937, 21.693121693121693, 21.69708994708995, 21.686507936507937, 21.687830687830687, 21.67989417989418, 21.694444444444446, 21.685185185185183, 21.677248677248677, 21.67063492063492, 21.673280423280424, 21.66269841269841, 21.650793650793652, 21.665343915343914, 21.667989417989418, 21.657407407407405, 21.65740740740741, 21.669312169312168, 21.666666666666664, 21.7010582010582, 21.682539682539684, 21.677248677248677, 21.66137566137566, 21.67195767195767, 19.703703703703702, 19.705026455026456, 19.69973544973545, 19.695767195767196, 19.714285714285715, 19.735449735449734, 19.72089947089947, 19.70767195767196, 19.728835978835978, 19.712962962962962, 19.730158730158728, 19.728835978835978, 19.71957671957672, 19.707671957671955, 19.711640211640212, 19.682539682539684, 19.702380952380953, 19.703703703703702, 19.697089947089946, 19.689153439153436, 19.68121693121693, 19.70767195767196, 19.67063492063492, 19.715608465608465, 19.71825396825397, 19.71031746031746, 19.68783068783069, 19.691798941798943, 19.66269841269841, 19.69047619047619, 19.69179894179894, 19.71825396825397, 19.706349206349206, 19.714285714285715, 19.70767195767196, 19.703703703703702, 19.683862433862434, 19.675925925925927, 19.685185185185183, 19.706349206349206, 19.67328042328042, 19.695767195767196, 19.683862433862434, 19.714285714285715, 19.69973544973545, 19.71164021164021, 19.683862433862437, 19.70634920634921, 19.686507936507937, 19.673280423280424, 19.677248677248677, 19.682539682539684, 19.687830687830687, 19.686507936507937, 19.67063492063492, 19.678571428571427, 19.683862433862434, 19.666666666666664, 19.65740740740741]",0.8841139705578811,0.9053213278200718,20,"[33, 33, 33, 33, 33, 33, 33, 33, 33, 33, 33, 33, 33, 33, 33, 33, 33, 33, 33, 33, 33, 33, 33, 33, 33, 33, 32, 32, 32, 31, 31, 31, 31, 31, 31, 31, 31, 31, 31, 31, 31, 31, 31, 31, 31, 31, 31, 31, 31, 31, 30, 30, 30, 30, 30, 30, 30, 30, 30, 30, 30, 30, 30, 30, 30, 30, 30, 30, 30, 30, 30, 30, 30, 30, 30, 30, 30, 30, 30, 30, 30, 30, 30, 30, 30, 30, 30, 30, 30, 30, 30, 30, 30, 30, 30, 30, 30, 30, 30, 30, 30, 30, 30, 30, 30, 30, 30, 30, 30, 29, 29, 29, 29, 29, 29, 29, 29, 29, 29, 29, 29, 29, 29, 29, 29, 29, 29, 29, 29, 29, 29, 29, 29, 29, 29, 29, 29, 29, 29, 29, 29, 29, 29, 29, 29, 29, 29, 29, 29, 29, 29, 29, 29, 29, 29, 29, 29, 29, 29, 29, 29, 29, 29, 29, 29, 29, 29, 29, 29, 29, 29, 29, 29, 29, 29, 29, 29, 29, 29, 29, 29, 29, 29, 29, 29, 28, 28, 28, 28, 28, 28, 28, 28, 28, 28, 28, 28, 28, 28, 28, 28, 28, 28, 28, 28, 28, 28, 28, 28, 28, 28, 28, 28, 28, 27, 27, 27, 27, 27, 27, 27, 27, 27, 27, 27, 27, 27, 27, 27, 27, 27, 27, 27, 27, 26, 26, 26, 26, 26, 26, 26, 26, 26, 26, 26, 26, 26, 25, 25, 25, 25, 25, 25, 25, 25, 25, 25, 25, 25, 25, 25, 25, 25, 25, 25, 25, 25, 25, 25, 25, 25, 25, 25, 25, 25, 25, 25, 25, 25, 25, 25, 25, 25, 25, 25, 25, 25, 25, 25, 25, 25, 25, 25, 25, 25, 25, 25, 25, 25, 25, 25, 24, 24, 23, 23, 23, 23, 23, 23, 23, 23, 23, 23, 23, 23, 23, 23, 23, 23, 23, 23, 23, 23, 23, 23, 23, 23, 23, 23, 23, 23, 23, 23, 23, 23, 23, 23, 23, 23, 23, 23, 23, 23, 23, 23, 23, 23, 23, 23, 23, 23, 23, 23, 23, 23, 23, 23, 23, 23, 23, 23, 23, 23, 23, 23, 23, 23, 23, 23, 23, 23, 23, 23, 23, 23, 23, 23, 23, 23, 23, 23, 23, 23, 23, 23, 23, 23, 22, 22, 22, 22, 22, 22, 22, 22, 22, 22, 22, 22, 22, 22, 22, 22, 22, 22, 22, 22, 22, 22, 22, 22, 22, 22, 22, 22, 22, 20, 20, 20, 20, 20, 20, 20, 20, 20, 20, 20, 20, 20, 20, 20, 20, 20, 20, 20, 20, 20, 20, 20, 20, 20, 20, 20, 20, 20, 20, 20, 20, 20, 20, 20, 20, 20, 20, 20, 20, 20, 20, 20, 20, 20, 20, 20, 20, 20, 20, 20, 20, 20, 20, 20, 20, 20, 20, 20]",475,"[0.37179744243621826, 0.3542434275150299, 0.3344939947128296, 0.30867817997932434, 0.2857614755630493, 0.26978376507759094, 0.26355883479118347, 0.2468092143535614, 0.24151693284511566, 0.23351478576660156, 0.22436971962451935, 0.2188878059387207, 0.21427582204341888, 0.21416479349136353, 0.20640046894550323, 0.212480366230011, 0.20735906064510345, 0.19972987473011017, 0.21529871225357056, 0.19192169606685638, 0.20048797130584717, 0.20479834079742432, 0.226838156580925, 0.1914554089307785, 0.18641158938407898, 0.18884605169296265, 0.19339147210121155, 0.18011753261089325, 0.18605409562587738, 0.1901002824306488, 0.18842582404613495, 0.19374044239521027, 0.1869869977235794, 0.18299168348312378, 0.18233543634414673, 0.19098542630672455, 0.18187813460826874, 0.18806083500385284, 0.2515420913696289, 0.2152443528175354, 0.1928507685661316, 0.18942274153232574, 0.18369421362876892, 0.20841342210769653, 0.21539601683616638, 0.19414111971855164, 0.2192978709936142, 0.23854689300060272, 0.1866549700498581, 0.20284926891326904, 0.19751855731010437, 0.19713491201400757, 0.19268180429935455, 0.2128726989030838, 0.20129437744617462, 0.21371011435985565, 0.19238731265068054, 0.1963546872138977, 0.1983494609594345, 0.2084205001592636, 0.23000729084014893, 0.21176563203334808, 0.22178491950035095, 0.20953473448753357, 0.2076566368341446, 0.21790796518325806, 0.23087985813617706, 0.21176202595233917, 0.2313288450241089, 0.20521292090415955, 0.2153952717781067, 0.23912590742111206, 0.213591530919075, 0.21612682938575745, 0.21554306149482727, 0.22301192581653595, 0.21487194299697876, 0.2274423986673355, 0.24514301121234894, 0.21913932263851166, 0.22376766800880432, 0.235869899392128, 0.22157026827335358, 0.24967674911022186, 0.2390606701374054, 0.2264241725206375, 0.24207666516304016, 0.24751825630664825, 0.23553583025932312, 0.23329707980155945, 0.25235500931739807, 0.2335628867149353, 0.2750910222530365, 0.24682669341564178, 0.24680833518505096, 0.24795831739902496, 0.24392446875572205, 0.25467509031295776, 0.26482224464416504, 0.2543713450431824, 0.24517624080181122, 0.25127339363098145, 0.24548952281475067, 0.2684873640537262, 0.25582411885261536, 0.24517661333084106, 0.26228055357933044, 0.27369651198387146, 0.25809648633003235, 0.2709730863571167, 0.3049042820930481, 0.30079421401023865, 0.27265530824661255, 0.2753332257270813, 0.28226956725120544, 0.2741398215293884, 0.2909623980522156, 0.29572415351867676, 0.2674308717250824, 0.2839491069316864, 0.2695885896682739, 0.28997865319252014, 0.2799227237701416, 0.2778388261795044, 0.2842484712600708, 0.48400378227233887, 0.29609358310699463, 0.2912757992744446, 0.2827061712741852, 0.27672824263572693, 0.2819371521472931, 0.2968839406967163, 0.2932468354701996, 0.30147722363471985, 0.28685328364372253, 0.32260850071907043, 0.28995123505592346, 0.2869824767112732, 0.2980954647064209, 0.298406720161438, 0.3181358277797699, 0.2962786853313446, 0.30462145805358887, 0.34950199723243713, 0.31292739510536194, 0.33572590351104736, 0.30204716324806213, 0.31068649888038635, 0.29804089665412903, 0.30379703640937805, 0.3098764419555664, 0.30231791734695435, 0.3061336576938629, 0.31893959641456604, 0.32011136412620544, 0.3087579309940338, 0.302692711353302, 0.3098107576370239, 0.308729350566864, 0.29976385831832886, 0.3486275374889374, 0.3094680607318878, 0.32207179069519043, 0.3042563796043396, 0.33229678869247437, 0.3199543356895447, 0.31073880195617676, 0.32525935769081116, 0.34502339363098145, 0.3447491526603699, 0.3155805766582489, 0.3183929920196533, 0.3301721215248108, 0.3195059299468994, 0.4176522493362427, 0.3227667510509491, 0.321355402469635, 0.31599682569503784, 0.3231833279132843, 0.33773094415664673, 0.3271911144256592, 0.31375637650489807, 0.3274076581001282, 0.33036181330680847, 0.33129778504371643, 0.32802897691726685, 0.372702956199646, 0.8881919384002686, 0.35252663493156433, 0.3756712079048157, 0.3169240355491638, 0.32879117131233215, 0.33331817388534546, 0.3198751211166382, 0.3386269509792328, 0.346400648355484, 0.3416762948036194, 0.32646456360816956, 0.35626012086868286, 0.3307117819786072, 0.3308943808078766, 0.3455418646335602, 0.3353940546512604, 0.3362874984741211, 0.3291511535644531, 0.3405618965625763, 0.34298500418663025, 0.3360064625740051, 0.33523309230804443, 0.328827440738678, 0.3607861399650574, 0.36285632848739624, 0.343183696269989, 0.3289530873298645, 0.35735058784484863, 0.8667807579040527, 0.40316489338874817, 0.34291449189186096, 0.41569480299949646, 0.3492043614387512, 0.34607669711112976, 0.34593841433525085, 0.3480355441570282, 0.392100065946579, 0.35064369440078735, 0.34365031123161316, 0.3471754789352417, 0.3490076959133148, 0.36648955941200256, 0.3546762764453888, 0.34869661927223206, 0.35393595695495605, 0.34473586082458496, 0.3448363244533539, 0.35007643699645996, 0.3647509813308716, 0.35777243971824646, 0.3664085268974304, 0.4148784577846527, 0.392818421125412, 0.35810500383377075, 0.38117966055870056, 0.3707720637321472, 0.35538604855537415, 0.35808655619621277, 0.3694866895675659, 0.35559651255607605, 0.6039356589317322, 0.3681008815765381, 0.34514328837394714, 0.3278067111968994, 0.33078858256340027, 0.3373114764690399, 0.33940303325653076, 0.34995564818382263, 0.3347460627555847, 0.3381936550140381, 0.334014356136322, 0.3368576467037201, 0.34082791209220886, 0.33804550766944885, 0.3370058834552765, 0.34097820520401, 0.33650919795036316, 0.33452361822128296, 0.3424927890300751, 0.3656115233898163, 0.34321463108062744, 0.353347510099411, 0.34060338139533997, 0.3449092209339142, 0.3419712781906128, 0.3442467749118805, 0.34156566858291626, 0.34656113386154175, 0.3574937582015991, 0.6265214085578918, 0.4040907621383667, 0.4253000319004059, 0.42237353324890137, 0.3566892147064209, 0.37612828612327576, 0.3585065007209778, 0.3568333089351654, 0.3560543954372406, 0.3635554611682892, 0.3583572804927826, 0.357867956161499, 0.354768842458725, 0.35506802797317505, 0.35332322120666504, 0.3556032180786133, 0.3585142493247986, 0.3591466546058655, 0.3531118333339691, 0.3497304618358612, 0.35298386216163635, 0.35644063353538513, 0.35618722438812256, 0.35663041472435, 0.3521549701690674, 0.5032159686088562, 1.4887337684631348, 0.3664229214191437, 0.3775755763053894, 0.3744298815727234, 0.3486233949661255, 0.3629060983657837, 0.36807578802108765, 0.3452955186367035, 0.3568130135536194, 0.3510006070137024, 0.34955498576164246, 0.3584662973880768, 0.35633358359336853, 0.3501876890659332, 0.36012354493141174, 0.35279396176338196, 0.3544314205646515, 0.362743616104126, 0.35391974449157715, 0.3555300533771515, 0.3483535051345825, 0.3583987057209015, 0.36448705196380615, 0.3519711196422577, 0.35683631896972656, 0.3506270945072174, 0.34695956110954285, 0.3604816496372223, 0.35696762800216675, 0.36024942994117737, 0.35088905692100525, 0.3440401554107666, 0.3577927052974701, 0.38809725642204285, 0.362330824136734, 0.3709753751754761, 0.3503410816192627, 0.36545878648757935, 0.35785752534866333, 0.35706424713134766, 0.3763328194618225, 0.3616470694541931, 0.3789557218551636, 0.35395148396492004, 0.365466833114624, 0.3609091639518738, 0.37451648712158203, 0.7946815490722656, 0.3884802758693695, 0.35499903559684753, 0.3714503347873688, 0.3592261075973511, 0.36675113439559937, 0.3650795817375183, 0.36480069160461426, 0.36119964718818665, 0.3590727150440216, 0.3586339056491852, 0.362655371427536, 0.36675137281417847, 0.3581014573574066, 0.35802555084228516, 0.3675982356071472, 0.3589196801185608, 0.35661986470222473, 0.3582228720188141, 0.35677313804626465, 0.36063480377197266, 0.3548203706741333, 0.3584383428096771, 0.3584710657596588, 0.3622440993785858, 0.3506595194339752, 0.3525742292404175, 0.3697158396244049, 0.3551405966281891, 0.3580785095691681, 0.35585513710975647, 0.3623521029949188, 0.3541048467159271, 0.3499777615070343, 0.3499188721179962, 0.36032336950302124, 0.3496685028076172, 0.3545472323894501, 0.6725276708602905, 0.5591108202934265, 0.4123876690864563, 0.3661591410636902, 0.37450