,number,value,datetime_start,datetime_complete,duration,params_batch_size_scaler,params_constant_learning_rate,params_depth,params_epochs,params_kernel_l2,params_num_trees,params_temperature,user_attrs_accuracy_test,user_attrs_accuracy_valid,user_attrs_approximate_feature_sparsity,user_attrs_approximate_feature_sparsity_history,user_attrs_approximate_weight_sparsity,user_attrs_approximate_weight_sparsity_history,user_attrs_auc_test,user_attrs_auc_valid,user_attrs_feature_sparsity,user_attrs_feature_sparsity_history,user_attrs_num_epochs,user_attrs_val_loss_history,user_attrs_weight_sparsity,user_attrs_weight_sparsity_history,state
155,155,0.8383764217902642,2024-08-31 06:11:47.051627,2024-08-31 06:12:48.910734,0 days 00:01:01.859107,16,0.4970259837904212,3,440,0.013728089707725905,94,0.010349463309696395,0.889,0.88625,3,"[33, 33, 33, 33, 33, 33, 28, 8, 5, 4, 4, 4, 4, 4, 4, 4, 4, 4, 4, 3, 3, 3, 3, 3, 3, 3, 3, 3, 3, 3, 3, 3, 3, 3, 3, 3, 3, 3, 3, 3, 3, 3, 3, 3, 3, 3, 3, 3, 3, 3, 3, 3, 3, 3, 3, 3, 3, 3, 3, 3, 3, 3, 3, 3, 3, 3, 3, 3, 3, 3, 3, 3, 3, 3, 3, 3, 3, 3, 3, 3, 3, 3, 3, 3, 3, 3, 3, 3, 3, 3, 3, 3, 3, 3, 3, 3, 3, 3, 3, 3, 3, 3, 3, 3, 3, 3, 3, 3, 3, 3, 3, 3, 3, 3, 3, 3, 3, 3, 3, 3, 3, 3, 3, 3, 3, 3, 3, 3, 3, 3, 3, 3, 3, 3, 3, 3, 3, 3, 3, 3, 3, 3, 3, 3, 3, 3, 3, 3, 3, 3, 3, 3, 3, 3, 3, 3, 3, 3, 3, 3, 3, 3, 3, 3, 3, 3, 3, 3, 3, 3, 3, 3, 3, 3, 3, 3, 3, 3, 3, 3, 3, 3, 3, 3, 3, 3, 3, 3, 3, 3, 3, 3, 3, 3, 3, 3, 3, 3, 3, 3, 3, 3, 3, 3, 3, 3, 3, 3, 3, 3, 3, 3, 3, 3, 3, 3, 3, 3, 3, 3, 3, 3, 3, 3, 3, 3, 3, 3, 3, 3, 3, 3, 3, 3, 3, 3, 3, 3, 3, 3, 3, 3, 3, 3, 3, 3, 3, 3, 3, 3, 3, 3, 3, 3, 3, 3, 3, 3, 3, 3, 3, 3, 3, 3, 3, 3, 3, 3, 3, 3, 3, 3, 3, 3, 3, 3, 3, 3, 3, 3, 3, 3, 3, 3, 3, 3, 3, 3, 3, 3, 3, 3, 3, 3, 3, 3, 3, 3, 3, 3, 3, 3, 3, 3, 3, 3, 3, 3, 3, 3, 3, 3, 3, 3, 3, 3, 3, 3, 3, 3, 3, 3, 3, 3, 3, 3, 3, 3, 3, 3, 3, 3, 3, 3, 3, 3, 3, 3, 3, 3, 3, 3, 3, 3, 3, 3, 3, 3, 3, 3, 3, 3, 3, 3, 3, 3, 3, 3, 3, 3, 3, 3, 3, 3, 3, 3, 3, 3, 3, 3, 3, 3, 3, 3, 3, 3, 3, 3, 3, 3, 3, 3, 3, 3, 3, 3, 3, 3, 3, 3, 3, 3, 3, 3, 3, 3, 3, 3, 3, 3, 3, 3, 3, 3, 3, 3, 3, 3, 3, 3, 3, 3, 3, 3, 3, 3, 3, 3, 3, 3, 3, 3, 3, 3, 3, 3, 3, 3, 3, 3, 3, 3, 3, 3, 3, 3, 3, 3, 3, 3]",2.9954407294832825,"[32.96504559270517, 32.962006079027354, 32.96960486322189, 32.96960486322188, 32.95896656534955, 32.96656534954408, 27.962006079027354, 7.998480243161094, 4.996960486322188, 3.9969604863221884, 3.9954407294832825, 3.9954407294832825, 3.990881458966565, 3.9939209726443767, 3.9939209726443767, 3.998480243161094, 3.9954407294832825, 3.998480243161094, 3.998480243161094, 2.998480243161094, 2.9969604863221884, 2.9939209726443767, 2.9969604863221884, 2.9969604863221884, 2.9954407294832825, 2.9939209726443767, 2.998480243161094, 2.9969604863221884, 2.9969604863221884, 2.9969604863221884, 2.998480243161094, 2.998480243161094, 3.0, 2.9939209726443767, 2.998480243161094, 2.998480243161094, 2.9939209726443767, 3.0, 2.9969604863221884, 3.0, 3.0, 3.0, 3.0, 2.9969604863221884, 2.998480243161094, 2.9969604863221884, 3.0, 3.0, 2.9969604863221884, 2.9954407294832825, 2.998480243161094, 2.9954407294832825, 2.9954407294832825, 2.9924012158054714, 2.992401215805471, 2.9954407294832825, 2.9893617021276597, 2.9969604863221884, 2.9954407294832825, 2.9954407294832825, 3.0, 3.0, 2.998480243161094, 2.998480243161094, 2.998480243161094, 3.0, 3.0, 2.998480243161094, 2.9969604863221884, 3.0, 2.9939209726443767, 2.9969604863221884, 2.998480243161094, 2.9969604863221884, 2.9969604863221884, 2.9954407294832825, 3.0, 2.9969604863221884, 2.9939209726443767, 2.9939209726443767, 3.0, 2.998480243161094, 2.9969604863221884, 3.0, 2.9969604863221884, 2.998480243161094, 2.9969604863221884, 2.998480243161094, 2.9969604863221884, 2.9954407294832825, 2.9969604863221884, 2.9954407294832825, 2.998480243161094, 2.9954407294832825, 2.9969604863221884, 2.9939209726443767, 2.998480243161094, 2.992401215805471, 2.9954407294832825, 2.9954407294832825, 2.9939209726443767, 2.9939209726443767, 2.9954407294832825, 2.992401215805471, 2.9939209726443767, 2.9954407294832825, 2.9969604863221884, 2.9954407294832825, 3.0, 2.998480243161094, 3.0, 3.0, 3.0, 3.0, 2.998480243161094, 2.9954407294832825, 2.9954407294832825, 2.9939209726443767, 2.998480243161094, 3.0, 2.9969604863221884, 2.9969604863221884, 2.998480243161094, 2.998480243161094, 2.998480243161094, 2.998480243161094, 2.998480243161094, 2.998480243161094, 2.998480243161094, 2.9954407294832825, 2.9954407294832825, 2.9954407294832825, 2.9954407294832825, 2.9954407294832825, 2.998480243161094, 3.0, 2.9969604863221884, 3.0, 3.0, 3.0, 2.9969604863221884, 2.9939209726443767, 2.992401215805471, 2.9939209726443767, 2.9939209726443767, 2.9954407294832825, 2.992401215805471, 2.998480243161094, 2.9893617021276597, 2.9969604863221884, 2.9954407294832825, 3.0, 2.9954407294832825, 3.0, 2.9954407294832825, 2.998480243161094, 3.0, 2.998480243161094, 2.9969604863221884, 2.9969604863221884, 2.9969604863221884, 3.0, 3.0, 2.998480243161094, 2.9969604863221884, 3.0, 3.0, 2.998480243161094, 2.998480243161094, 2.998480243161094, 3.0, 2.998480243161094, 2.9954407294832825, 2.998480243161094, 2.998480243161094, 2.998480243161094, 2.998480243161094, 2.998480243161094, 3.0, 2.9954407294832825, 2.998480243161094, 2.998480243161094, 3.0, 2.998480243161094, 3.0, 2.998480243161094, 3.0, 2.9969604863221884, 2.998480243161094, 2.998480243161094, 2.9969604863221884, 2.9954407294832825, 2.9954407294832825, 2.9969604863221884, 2.9954407294832825, 2.998480243161094, 2.9939209726443767, 2.9969604863221884, 2.9969604863221884, 2.998480243161094, 2.9969604863221884, 2.9954407294832825, 2.998480243161094, 2.998480243161094, 2.9969604863221884, 2.9969604863221884, 2.9969604863221884, 2.9954407294832825, 2.9969604863221884, 2.9939209726443767, 2.9954407294832825, 2.9969604863221884, 2.9969604863221884, 2.9969604863221884, 2.9969604863221884, 2.998480243161094, 2.9939209726443767, 2.998480243161094, 3.0, 2.998480243161094, 2.998480243161094, 2.998480243161094, 2.9954407294832825, 2.998480243161094, 2.998480243161094, 3.0, 2.9969604863221884, 2.9924012158054714, 2.9969604863221884, 2.9969604863221884, 2.9939209726443767, 2.998480243161094, 2.998480243161094, 2.998480243161094, 2.998480243161094, 2.998480243161094, 3.0, 2.9969604863221884, 2.998480243161094, 3.0, 3.0, 3.0, 3.0, 2.998480243161094, 2.9969604863221884, 2.9969604863221884, 2.9954407294832825, 2.9969604863221884, 2.998480243161094, 2.9954407294832825, 3.0, 2.9969604863221884, 3.0, 2.9954407294832825, 3.0, 2.998480243161094, 2.998480243161094, 2.998480243161094, 2.998480243161094, 2.9969604863221884, 2.998480243161094, 2.9969604863221884, 3.0, 3.0, 3.0, 3.0, 2.998480243161094, 2.998480243161094, 2.9969604863221884, 2.998480243161094, 2.998480243161094, 2.998480243161094, 3.0, 3.0, 2.9969604863221884, 3.0, 2.9969604863221884, 3.0, 2.998480243161094, 3.0, 2.9969604863221884, 3.0, 2.998480243161094, 2.998480243161094, 2.998480243161094, 2.9969604863221884, 2.998480243161094, 2.998480243161094, 3.0, 2.9969604863221884, 2.998480243161094, 2.998480243161094, 2.9939209726443767, 2.9969604863221884, 2.998480243161094, 2.998480243161094, 2.9969604863221884, 2.9969604863221884, 2.9954407294832825, 2.9954407294832825, 2.998480243161094, 2.998480243161094, 2.998480243161094, 2.998480243161094, 2.998480243161094, 2.9969604863221884, 2.9969604863221884, 2.9969604863221884, 2.9969604863221884, 2.9954407294832825, 2.9954407294832825, 2.9969604863221884, 2.9954407294832825, 2.998480243161094, 3.0, 2.9969604863221884, 3.0, 2.998480243161094, 3.0, 2.998480243161094, 2.9969604863221884, 2.998480243161094, 2.998480243161094, 2.9969604863221884, 2.9969604863221884, 2.998480243161094, 2.9954407294832825, 2.9954407294832825, 2.9969604863221884, 2.9939209726443767, 2.998480243161094, 2.9939209726443767, 2.9954407294832825, 2.9969604863221884, 2.9954407294832825, 2.998480243161094, 2.9969604863221884, 2.9954407294832825, 2.992401215805471, 2.9924012158054714, 2.998480243161094, 2.9969604863221884, 2.998480243161094, 3.0, 2.998480243161094, 2.9954407294832825, 2.9954407294832825, 2.9969604863221884, 2.998480243161094, 2.9969604863221884, 2.998480243161094, 2.998480243161094, 2.998480243161094, 2.998480243161094, 2.9969604863221884, 2.9939209726443767, 2.9969604863221884, 2.9954407294832825, 2.9969604863221884, 2.998480243161094, 2.9969604863221884, 2.9939209726443767, 2.998480243161094, 2.9969604863221884, 2.9954407294832825, 2.9954407294832825, 2.998480243161094, 2.9969604863221884, 2.9969604863221884, 2.998480243161094, 2.9969604863221884, 2.9954407294832825, 2.9939209726443767, 2.9954407294832825, 2.9969604863221884, 2.9954407294832825, 2.9954407294832825, 2.9969604863221884, 2.9954407294832825, 2.9954407294832825, 2.992401215805471, 2.9954407294832825, 2.9969604863221884, 2.9954407294832825, 2.9954407294832825, 2.9939209726443767, 2.9954407294832825, 2.9939209726443767, 2.9908814589665655, 2.9954407294832825, 2.9954407294832825, 2.9939209726443767, 2.9954407294832825, 2.9954407294832825, 2.9939209726443767, 2.9939209726443767, 2.9954407294832825, 2.990881458966565, 2.992401215805471, 2.992401215805471, 2.9954407294832825, 2.9954407294832825, 2.9954407294832825, 2.9954407294832825, 2.9939209726443767, 2.9954407294832825, 2.9954407294832825, 2.9954407294832825, 2.9954407294832825, 2.9939209726443767, 2.9939209726443767, 2.9954407294832825, 2.992401215805471, 2.9954407294832825, 2.9954407294832825, 2.9939209726443767, 2.9954407294832825, 2.9954407294832825, 2.992401215805471, 2.992401215805471, 2.9969604863221884, 2.9954407294832825, 2.9969604863221884, 2.9969604863221884, 2.9969604863221884, 2.9969604863221884, 2.998480243161094, 2.9954407294832825, 2.998480243161094, 2.998480243161094, 2.998480243161094, 2.9969604863221884, 2.9969604863221884, 2.9939209726443767, 2.9954407294832825, 2.9939209726443767, 2.9954407294832825, 2.9939209726443767, 2.9954407294832825, 2.9954407294832825]",0.8361281054169866,0.8383764217902642,3,"[33, 33, 33, 33, 33, 33, 28, 8, 5, 4, 4, 4, 4, 4, 4, 4, 4, 4, 4, 3, 3, 3, 3, 3, 3, 3, 3, 3, 3, 3, 3, 3, 3, 3, 3, 3, 3, 3, 3, 3, 3, 3, 3, 3, 3, 3, 3, 3, 3, 3, 3, 3, 3, 3, 3, 3, 3, 3, 3, 3, 3, 3, 3, 3, 3, 3, 3, 3, 3, 3, 3, 3, 3, 3, 3, 3, 3, 3, 3, 3, 3, 3, 3, 3, 3, 3, 3, 3, 3, 3, 3, 3, 3, 3, 3, 3, 3, 3, 3, 3, 3, 3, 3, 3, 3, 3, 3, 3, 3, 3, 3, 3, 3, 3, 3, 3, 3, 3, 3, 3, 3, 3, 3, 3, 3, 3, 3, 3, 3, 3, 3, 3, 3, 3, 3, 3, 3, 3, 3, 3, 3, 3, 3, 3, 3, 3, 3, 3, 3, 3, 3, 3, 3, 3, 3, 3, 3, 3, 3, 3, 3, 3, 3, 3, 3, 3, 3, 3, 3, 3, 3, 3, 3, 3, 3, 3, 3, 3, 3, 3, 3, 3, 3, 3, 3, 3, 3, 3, 3, 3, 3, 3, 3, 3, 3, 3, 3, 3, 3, 3, 3, 3, 3, 3, 3, 3, 3, 3, 3, 3, 3, 3, 3, 3, 3, 3, 3, 3, 3, 3, 3, 3, 3, 3, 3, 3, 3, 3, 3, 3, 3, 3, 3, 3, 3, 3, 3, 3, 3, 3, 3, 3, 3, 3, 3, 3, 3, 3, 3, 3, 3, 3, 3, 3, 3, 3, 3, 3, 3, 3, 3, 3, 3, 3, 3, 3, 3, 3, 3, 3, 3, 3, 3, 3, 3, 3, 3, 3, 3, 3, 3, 3, 3, 3, 3, 3, 3, 3, 3, 3, 3, 3, 3, 3, 3, 3, 3, 3, 3, 3, 3, 3, 3, 3, 3, 3, 3, 3, 3, 3, 3, 3, 3, 3, 3, 3, 3, 3, 3, 3, 3, 3, 3, 3, 3, 3, 3, 3, 3, 3, 3, 3, 3, 3, 3, 3, 3, 3, 3, 3, 3, 3, 3, 3, 3, 3, 3, 3, 3, 3, 3, 3, 3, 3, 3, 3, 3, 3, 3, 3, 3, 3, 3, 3, 3, 3, 3, 3, 3, 3, 3, 3, 3, 3, 3, 3, 3, 3, 3, 3, 3, 3, 3, 3, 3, 3, 3, 3, 3, 3, 3, 3, 3, 3, 3, 3, 3, 3, 3, 3, 3, 3, 3, 3, 3, 3, 3, 3, 3, 3, 3, 3, 3, 3, 3, 3, 3, 3, 3, 3, 3, 3, 3, 3, 3, 3, 3, 3, 3, 3, 3, 3, 3, 3, 3, 3, 3, 3, 3, 3]",440,"[0.3876209259033203, 0.3757215142250061, 0.369110107421875, 0.38841864466667175, 0.3628239035606384, 0.3561996519565582, 0.35809215903282166, 0.36301666498184204, 0.3669012188911438, 0.3627435266971588, 0.38270455598831177, 0.3813323974609375, 0.3752114772796631, 0.3608883023262024, 0.37459686398506165, 0.36262428760528564, 0.3618701100349426, 0.35385408997535706, 0.35361534357070923, 0.35837918519973755, 0.3603009283542633, 0.35677242279052734, 0.3569644093513489, 0.3540337085723877, 0.35318174958229065, 0.3805655241012573, 0.35545700788497925, 0.36586079001426697, 0.3541925847530365, 0.34922972321510315, 0.3510502278804779, 0.34764817357063293, 0.346474289894104, 0.36157864332199097, 0.34562578797340393, 0.34604281187057495, 0.3451412320137024, 0.3495420217514038, 0.3469923138618469, 0.3488939702510834, 0.351677805185318, 0.3444226086139679, 0.3487756848335266, 0.34206199645996094, 0.34232470393180847, 0.3418784737586975, 0.3410452604293823, 0.3412627875804901, 0.34031224250793457, 0.34649619460105896, 0.345213383436203, 0.33957237005233765, 0.3408223092556, 0.33821719884872437, 0.33747971057891846, 0.3416703939437866, 0.33933553099632263, 0.3508104979991913, 0.33969342708587646, 0.33511677384376526, 0.36567047238349915, 0.3350292444229126, 0.372597873210907, 0.3333793878555298, 0.3599582612514496, 0.3318284749984741, 0.33686530590057373, 0.3298283815383911, 0.3304860293865204, 0.3331892788410187, 0.34461960196495056, 0.3612406849861145, 0.3272830843925476, 0.3260563015937805, 0.3352285325527191, 0.3396547734737396, 0.3253529667854309, 0.3302508294582367, 0.3255329132080078, 0.3269098997116089, 0.3822348117828369, 0.32270365953445435, 0.3406440317630768, 0.3246925473213196, 0.3201046884059906, 0.3457425832748413, 0.3261919319629669, 0.3200570046901703, 0.31850719451904297, 0.31952276825904846, 0.3238869905471802, 0.3212020993232727, 0.34004759788513184, 0.3178809583187103, 0.31927382946014404, 0.32034924626350403, 0.3206973671913147, 0.3279995024204254, 0.3164224326610565, 0.33077293634414673, 0.31476327776908875, 0.3153383135795593, 0.34753936529159546, 0.3204845190048218, 0.31273454427719116, 0.3126373291015625, 0.3125447928905487, 0.3525456190109253, 0.33661556243896484, 0.3316553831100464, 0.34108853340148926, 0.31499823927879333, 0.3113659620285034, 0.3164447844028473, 0.31151971220970154, 0.31553348898887634, 0.3105124533176422, 0.3426639139652252, 0.31063535809516907, 0.33997592329978943, 0.31526505947113037, 0.3098936378955841, 0.31192469596862793, 0.31072932481765747, 0.3115670680999756, 0.324630469083786, 0.32351693511009216, 0.3116162121295929, 0.31460800766944885, 0.3090303838253021, 0.31685367226600647, 0.3110320270061493, 0.3225713074207306, 0.3144349157810211, 0.3116520643234253, 0.3082907199859619, 0.31109943985939026, 0.30752867460250854, 0.3077590763568878, 0.307442843914032, 0.318897545337677, 0.31142938137054443, 0.30707988142967224, 0.30748796463012695, 0.3179827034473419, 0.3180031180381775, 0.3207313120365143, 0.33336517214775085, 0.3105522096157074, 0.31478437781333923, 0.3086601197719574, 0.32329684495925903, 0.32887038588523865, 0.3318686783313751, 0.30934590101242065, 0.30690616369247437, 0.3131740689277649, 0.30608293414115906, 0.30515173077583313, 0.306886225938797, 0.30635783076286316, 0.30852580070495605, 0.3190153241157532, 0.3047020733356476, 0.30730339884757996, 0.3046921193599701, 0.3521815240383148, 0.3176184892654419, 0.3127526342868805, 0.3306993246078491, 0.3059089481830597, 0.3160789906978607, 0.3050905466079712, 0.30800920724868774, 0.30629438161849976, 0.32101699709892273, 0.31795817613601685, 0.30339550971984863, 0.30725371837615967, 0.30374327301979065, 0.3096117377281189, 0.3068421483039856, 0.31334006786346436, 0.302759051322937, 0.31288182735443115, 0.3029177188873291, 0.3093852400779724, 0.3029868006706238, 0.31130343675613403, 0.303057998418808, 0.30359095335006714, 0.31277287006378174, 0.3111237585544586, 0.3032616078853607, 0.30173465609550476, 0.303750216960907, 0.30570197105407715, 0.30430904030799866, 0.30334892868995667, 0.3046431243419647, 0.30150106549263, 0.3040620982646942, 0.3026650846004486, 0.30109703540802, 0.30857032537460327, 0.32644203305244446, 0.3235763609409332, 0.30126282572746277, 0.301011323928833, 0.30085718631744385, 0.3017715811729431, 0.3022427260875702, 0.3022036552429199, 0.3094756007194519, 0.30074170231819153, 0.3052314817905426, 0.3056977689266205, 0.30769097805023193, 0.30140551924705505, 0.3002132475376129, 0.3036620020866394, 0.30336636304855347, 0.31785470247268677, 0.30000588297843933, 0.3003067970275879, 0.30194833874702454, 0.3057824373245239, 0.3031032681465149, 0.29950281977653503, 0.3085095286369324, 0.29936322569847107, 0.3160497546195984, 0.30143940448760986, 0.2994857728481293, 0.3010021448135376, 0.3002590239048004, 0.31416985392570496, 0.3030543625354767, 0.29938748478889465, 0.29926609992980957, 0.2990173101425171, 0.2998958230018616, 0.3122994601726532, 0.2987419068813324, 0.30025339126586914, 0.2995770573616028, 0.30432263016700745, 0.3040548264980316, 0.3001040518283844, 0.3032741844654083, 0.3139062225818634, 0.2992776930332184, 0.30754950642585754, 0.29971787333488464, 0.3034364581108093, 0.3037697374820709, 0.2987156808376312, 0.298304945230484, 0.2979755103588104, 0.2979350984096527, 0.30186960101127625, 0.2979671359062195, 0.3001178503036499, 0.2986432909965515, 0.30016443133354187, 0.3043511211872101, 0.2987346947193146, 0.3096937835216522, 0.30203619599342346, 0.29985588788986206, 0.30444449186325073, 0.30802300572395325, 0.29751721024513245, 0.30001744627952576, 0.2974840998649597, 0.299681693315506, 0.3048005700111389, 0.301908016204834, 0.2970588207244873, 0.30067044496536255, 0.2976744771003723, 0.2985226511955261, 0.304065078496933, 0.3011096715927124, 0.30206310749053955, 0.2969403862953186, 0.30294474959373474, 0.31245777010917664, 0.29948198795318604, 0.3224446773529053, 0.3039205074310303, 0.3039560914039612, 0.3005223870277405, 0.29700300097465515, 0.29783204197883606, 0.3035326302051544, 0.3024842441082001, 0.30135729908943176, 0.29656317830085754, 0.2973499894142151, 0.2971254587173462, 0.3037247359752655, 0.29792457818984985, 0.3270658254623413, 0.2963944375514984, 0.30140769481658936, 0.2962963581085205, 0.2962838411331177, 0.2970502972602844, 0.3059229850769043, 0.3038429915904999, 0.29665589332580566, 0.2967436611652374, 0.29587531089782715, 0.3002682626247406, 0.30021363496780396, 0.2980492115020752, 0.3051157295703888, 0.29644832015037537, 0.29571080207824707, 0.2967178523540497, 0.3009778559207916, 0.2963830828666687, 0.3108610510826111, 0.3009384870529175, 0.29901644587516785, 0.2963734567165375, 0.29633280634880066, 0.3047068119049072, 0.29809263348579407, 0.2980145215988159, 0.2953585684299469, 0.29692959785461426, 0.30494657158851624, 0.2952960729598999, 0.30484867095947266, 0.3135627508163452, 0.36031588912010193, 0.2966495454311371, 0.3023797273635864, 0.30084627866744995, 0.29602426290512085, 0.3038081228733063, 0.31120383739471436, 0.306995153427124, 0.3005777597427368, 0.31618085503578186, 0.3298551142215729, 0.30265137553215027, 0.2955338954925537, 0.3038332164287567, 0.2957752048969269, 0.2972303330898285, 0.295308917760849, 0.2948594391345978, 0.2996785640716553, 0.30693283677101135, 0.2946275770664215, 0.2946077883243561, 0.296039879322052, 0.29467839002609253, 0.3079749047756195, 0.3015293776988983, 0.30196475982666016, 0.2945537269115448, 0.2949923276901245, 0.29469192028045654, 0.2951827049255371, 0.29735267162323, 0.2947521507740021, 0.29509085416793823, 0.2945898771286011, 0.29580050706863403, 0.29486843943595886, 0.3030341565608978, 0.2964262366294861, 0.2948000729084015, 0.3417210876941681, 0.30147433280944824, 0.29421305656433105, 0.32066574692726135, 0.2955803871154785, 0.2975841462612152, 0.302166223526001, 0.29501089453697205, 0.2967293858528137, 0.29417121410369873, 0.3476267158985138, 0.2939493656158447, 0.29686760902404785, 0.2958517372608185, 0.2959554195404053, 0.2948446571826935, 0.29730692505836487, 0.3135860860347748, 0.29537859559059143, 0.2946937084197998, 0.2944965064525604, 0.29414546489715576, 0.2959155738353729, 0.29604047536849976, 0.32586392760276794, 0.2943466603755951, 0.29411062598228455, 0.2981609106063843, 0.2942372262477875, 0.30679357051849365, 0.2942250370979309, 0.2936408221721649, 0.29514384269714355, 0.2941363453865051, 0.29645979404449463, 0.29371321201324463, 0.2941068410873413, 0.29765355587005615, 0.29715973138809204, 0.29845738410949707, 0.29646220803260803, 0.3103824257850647, 0.2934475839138031, 0.3046262264251709, 0.2935134768486023, 0.2947826385498047, 0.2967958152294159, 0.2935250699520111, 0.3003401756286621, 0.327752947807312, 0.29434001445770264, 0.30849653482437134, 0.31291598081588745, 0.2934677302837372, 0.29324471950531006, 0.29598143696784973, 0.3012283444404602, 0.296913206577301, 0.30318596959114075, 0.2952517867088318, 0.3107885420322418, 0.3089698851108551, 0.29380813241004944]",3.0,"[33.0, 33.0, 33.0, 33.0, 33.0, 33.0, 28.0, 8.0, 5.0, 4.0, 4.0, 4.0, 4.0, 4.0, 4.0, 4.0, 4.0, 4.0, 4.0, 3.0, 3.0, 3.0, 3.0, 3.0, 3.0, 3.0, 3.0, 3.0, 3.0, 3.0, 3.0, 3.0, 3.0, 3.0, 3.0, 3.0, 3.0, 3.0, 3.0, 3.0, 3.0, 3.0, 3.0, 3.0, 3.0, 3.0, 3.0, 3.0, 3.0, 3.0, 3.0, 3.0, 3.0, 3.0, 3.0, 3.0, 3.0, 3.0, 3.0, 3.0, 3.0, 3.0, 3.0, 3.0, 3.0, 3.0, 3.0, 3.0, 3.0, 3.0, 3.0, 3.0, 3.0, 3.0, 3.0, 3.0, 3.0, 3.0, 3.0, 3.0, 3.0, 3.0, 3.0, 3.0, 3.0, 3.0, 3.0, 3.0, 3.0, 3.0, 3.0, 3.0, 3.0, 3.0, 3.0, 3.0, 3.0, 3.0, 3.0, 3.0, 3.0, 3.0, 3.0, 3.0, 3.0, 3.0, 3.0, 3.0, 3.0, 3.0, 3.0, 3.0, 3.0, 3.0, 3.0, 3.0, 3.0, 3.0, 3.0, 3.0, 3.0, 3.0, 3.0, 3.0, 3.0, 3.0, 3.0, 3.0, 3.0, 3.0, 3.0, 3.0, 3.0, 3.0, 3.0, 3.0, 3.0, 3.0, 3.0, 3.0, 3.0, 3.0, 3.0, 3.0, 3.0, 3.0, 3.0, 3.0, 3.0, 3.0, 3.0, 3.0, 3.0, 3.0, 3.0, 3.0, 3.0, 3.0, 3.0, 3.0, 3.0, 3.0, 3.0, 3.0, 3.0, 3.0, 3.0, 3.0, 3.0, 3.0, 3.0, 3.0, 3.0, 3.0, 3.0, 3.0, 3.0, 3.0, 3.0, 3.0, 3.0, 3.0, 3.0, 3.0, 3.0, 3.0, 3.0, 3.0, 3.0, 3.0, 3.0, 3.0, 3.0, 3.0, 3.0, 3.0, 3.0, 3.0, 3.0, 3.0, 3.0, 3.0, 3.0, 3.0, 3.0, 3.0, 3.0, 3.0, 3.0, 3.0, 3.0, 3.0, 3.0, 3.0, 3.0, 3.0, 3.0, 3.0, 3.0, 3.0, 3.0, 3.0, 3.0, 3.0, 3.0, 3.0, 3.0, 3.0, 3.0, 3.0, 3.0, 3.0, 3.0, 3.0, 3.0, 3.0, 3.0, 3.0, 3.0, 3.0, 3.0, 3.0, 3.0, 3.0, 3.0, 3.0, 3.0, 3.0, 3.0, 3.0, 3.0, 3.0, 3.0, 3.0, 3.0, 3.0, 3.0, 3.0, 3.0, 3.0, 3.0, 3.0, 3.0, 3.0, 3.0, 3.0, 3.0, 3.0, 3.0, 3.0, 3.0, 3.0, 3.0, 3.0, 3.0, 3.0, 3.0, 3.0, 3.0, 3.0, 3.0, 3.0, 3.0, 3.0, 3.0, 3.0, 3.0, 3.0, 3.0, 3.0, 3.0, 3.0, 3.0, 3.0, 3.0, 3.0, 3.0, 3.0, 3.0, 3.0, 3.0, 3.0, 3.0, 3.0, 3.0, 3.0, 3.0, 3.0, 3.0, 3.0, 3.0, 3.0, 3.0, 3.0, 3.0, 3.0, 3.0, 3.0, 3.0, 3.0, 3.0, 3.0, 3.0, 3.0, 3.0, 3.0, 3.0, 3.0, 3.0, 3.0, 3.0, 3.0, 3.0, 3.0, 3.0, 3.0, 3.0, 3.0, 3.0, 3.0, 3.0, 3.0, 3.0, 3.0, 3.0, 3.0, 3.0, 3.0, 3.0, 3.0, 3.0, 3.0, 3.0, 3