,number,value,datetime_start,datetime_complete,duration,params_batch_size_scaler,params_constant_learning_rate,params_depth,params_epochs,params_kernel_l2,params_num_trees,params_temperature,user_attrs_accuracy_test,user_attrs_accuracy_valid,user_attrs_approximate_feature_sparsity,user_attrs_approximate_feature_sparsity_history,user_attrs_approximate_weight_sparsity,user_attrs_approximate_weight_sparsity_history,user_attrs_auc_test,user_attrs_auc_valid,user_attrs_feature_sparsity,user_attrs_feature_sparsity_history,user_attrs_num_epochs,user_attrs_val_loss_history,user_attrs_weight_sparsity,user_attrs_weight_sparsity_history,state
33,33,0.5,2024-08-31 01:52:01.079831,2024-08-31 01:53:41.547555,0 days 00:01:40.467724,64,8.999987025475534,5,315,0.8065861123220683,95,0.005236592827642455,0.859,0.85875,0,"[33, 4, 2, 2, 2, 0, 0, 0, 0, 0, 0, 0, 0, 0, 0, 0, 0, 0, 0, 0, 0, 0, 0, 0, 0, 0, 0, 0, 0, 0, 0, 0, 0, 0, 0, 0, 0, 0, 0, 0, 0, 0, 0, 0, 0, 0, 0, 0, 0, 0, 0, 0, 0, 0, 0, 0, 0, 0, 0, 0, 0, 0, 0, 0, 0, 0, 0, 0, 0, 0, 0, 0, 0, 0, 0, 0, 0, 0, 0, 0, 0, 0, 0, 0, 0, 0, 0, 0, 0, 0, 0, 0, 0, 0, 0, 0, 0, 0, 0, 0, 0, 0, 0, 0, 0, 0, 0, 0, 0, 0, 0, 0, 0, 0, 0, 0, 0, 0, 0, 0, 0, 0, 0, 0, 0, 0, 0, 0, 0, 0, 0, 0, 0, 0, 0, 0, 0, 0, 0, 0, 0, 0, 0, 0, 0, 0, 0, 0, 0, 0, 0, 0, 0, 0, 0, 0, 0, 0, 0, 0, 0, 0, 0, 0, 0, 0, 0, 0, 0, 0, 0, 0, 0, 0, 0, 0, 0, 0, 0, 0, 0, 0, 0, 0, 0, 0, 0, 0, 0, 0, 0, 0, 0, 0, 0, 0, 0, 0, 0, 0, 0, 0, 0, 0, 0, 0, 0, 0, 0, 0, 0, 0, 0, 0, 0, 0, 0, 0, 0, 0, 0, 0, 0, 0, 0, 0, 0, 0, 0, 0, 0, 0, 0, 0, 0, 0, 0, 0, 0, 0, 0, 0, 0, 0, 0, 0, 0, 0, 0, 0, 0, 0, 0, 0, 0, 0, 0, 0, 0, 0, 0, 0, 0, 0, 0, 0, 0, 0, 0, 0, 0, 0, 0, 0, 0, 0, 0, 0, 0, 0, 0, 0, 0, 0, 0, 0, 0, 0, 0, 0, 0, 0, 0, 0, 0, 0, 0, 0, 0, 0, 0, 0, 0, 0, 0, 0, 0, 0, 0, 0, 0, 0, 0, 0, 0]",0.0,"[32.92461799660441, 3.9925297113752123, 1.9972835314091681, 1.9932088285229201, 1.995925297113752, 0.0, 0.0, 0.0, 0.0, 0.0, 0.0, 0.0, 0.0, 0.0, 0.0, 0.0, 0.0, 0.0, 0.0, 0.0, 0.0, 0.0, 0.0, 0.0, 0.0, 0.0, 0.0, 0.0, 0.0, 0.0, 0.0, 0.0, 0.0, 0.0, 0.0, 0.0, 0.0, 0.0, 0.0, 0.0, 0.0, 0.0, 0.0, 0.0, 0.0, 0.0, 0.0, 0.0, 0.0, 0.0, 0.0, 0.0, 0.0, 0.0, 0.0, 0.0, 0.0, 0.0, 0.0, 0.0, 0.0, 0.0, 0.0, 0.0, 0.0, 0.0, 0.0, 0.0, 0.0, 0.0, 0.0, 0.0, 0.0, 0.0, 0.0, 0.0, 0.0, 0.0, 0.0, 0.0, 0.0, 0.0, 0.0, 0.0, 0.0, 0.0, 0.0, 0.0, 0.0, 0.0, 0.0, 0.0, 0.0, 0.0, 0.0, 0.0, 0.0, 0.0, 0.0, 0.0, 0.0, 0.0, 0.0, 0.0, 0.0, 0.0, 0.0, 0.0, 0.0, 0.0, 0.0, 0.0, 0.0, 0.0, 0.0, 0.0, 0.0, 0.0, 0.0, 0.0, 0.0, 0.0, 0.0, 0.0, 0.0, 0.0, 0.0, 0.0, 0.0, 0.0, 0.0, 0.0, 0.0, 0.0, 0.0, 0.0, 0.0, 0.0, 0.0, 0.0, 0.0, 0.0, 0.0, 0.0, 0.0, 0.0, 0.0, 0.0, 0.0, 0.0, 0.0, 0.0, 0.0, 0.0, 0.0, 0.0, 0.0, 0.0, 0.0, 0.0, 0.0, 0.0, 0.0, 0.0, 0.0, 0.0, 0.0, 0.0, 0.0, 0.0, 0.0, 0.0, 0.0, 0.0, 0.0, 0.0, 0.0, 0.0, 0.0, 0.0, 0.0, 0.0, 0.0, 0.0, 0.0, 0.0, 0.0, 0.0, 0.0, 0.0, 0.0, 0.0, 0.0, 0.0, 0.0, 0.0, 0.0, 0.0, 0.0, 0.0, 0.0, 0.0, 0.0, 0.0, 0.0, 0.0, 0.0, 0.0, 0.0, 0.0, 0.0, 0.0, 0.0, 0.0, 0.0, 0.0, 0.0, 0.0, 0.0, 0.0, 0.0, 0.0, 0.0, 0.0, 0.0, 0.0, 0.0, 0.0, 0.0, 0.0, 0.0, 0.0, 0.0, 0.0, 0.0, 0.0, 0.0, 0.0, 0.0, 0.0, 0.0, 0.0, 0.0, 0.0, 0.0, 0.0, 0.0, 0.0, 0.0, 0.0, 0.0, 0.0, 0.0, 0.0, 0.0, 0.0, 0.0, 0.0, 0.0, 0.0, 0.0, 0.0, 0.0, 0.0, 0.0, 0.0, 0.0, 0.0, 0.0, 0.0, 0.0, 0.0, 0.0, 0.0, 0.0, 0.0, 0.0, 0.0, 0.0, 0.0, 0.0, 0.0, 0.0, 0.0, 0.0, 0.0, 0.0, 0.0, 0.0, 0.0, 0.0, 0.0, 0.0, 0.0, 0.0, 0.0, 0.0, 0.0, 0.0, 0.0, 0.0, 0.0, 0.0, 0.0, 0.0, 0.0, 0.0, 0.0, 0.0, 0.0, 0.0, 0.0, 0.0, 0.0, 0.0]",0.5,0.5,0,"[33, 4, 2, 2, 2, 0, 0, 0, 0, 0, 0, 0, 0, 0, 0, 0, 0, 0, 0, 0, 0, 0, 0, 0, 0, 0, 0, 0, 0, 0, 0, 0, 0, 0, 0, 0, 0, 0, 0, 0, 0, 0, 0, 0, 0, 0, 0, 0, 0, 0, 0, 0, 0, 0, 0, 0, 0, 0, 0, 0, 0, 0, 0, 0, 0, 0, 0, 0, 0, 0, 0, 0, 0, 0, 0, 0, 0, 0, 0, 0, 0, 0, 0, 0, 0, 0, 0, 0, 0, 0, 0, 0, 0, 0, 0, 0, 0, 0, 0, 0, 0, 0, 0, 0, 0, 0, 0, 0, 0, 0, 0, 0, 0, 0, 0, 0, 0, 0, 0, 0, 0, 0, 0, 0, 0, 0, 0, 0, 0, 0, 0, 0, 0, 0, 0, 0, 0, 0, 0, 0, 0, 0, 0, 0, 0, 0, 0, 0, 0, 0, 0, 0, 0, 0, 0, 0, 0, 0, 0, 0, 0, 0, 0, 0, 0, 0, 0, 0, 0, 0, 0, 0, 0, 0, 0, 0, 0, 0, 0, 0, 0, 0, 0, 0, 0, 0, 0, 0, 0, 0, 0, 0, 0, 0, 0, 0, 0, 0, 0, 0, 0, 0, 0, 0, 0, 0, 0, 0, 0, 0, 0, 0, 0, 0, 0, 0, 0, 0, 0, 0, 0, 0, 0, 0, 0, 0, 0, 0, 0, 0, 0, 0, 0, 0, 0, 0, 0, 0, 0, 0, 0, 0, 0, 0, 0, 0, 0, 0, 0, 0, 0, 0, 0, 0, 0, 0, 0, 0, 0, 0, 0, 0, 0, 0, 0, 0, 0, 0, 0, 0, 0, 0, 0, 0, 0, 0, 0, 0, 0, 0, 0, 0, 0, 0, 0, 0, 0, 0, 0, 0, 0, 0, 0, 0, 0, 0, 0, 0, 0, 0, 0, 0, 0, 0, 0, 0, 0, 0, 0, 0, 0, 0, 0, 0, 0]",315,"[0.8801885843276978, 1.9592317342758179, 2.9229941368103027, 5.385960102081299, 1.1320384740829468, 0.4072774648666382, 5.350407600402832, 0.8701919317245483, 3.17415714263916, 2.8734142780303955, 5.530282974243164, 1.0667442083358765, 0.6746916770935059, 2.735724687576294, 6.095737457275391, 1.4859962463378906, 4.6103901863098145, 0.4126127362251282, 4.54275369644165, 0.447457879781723, 3.0189623832702637, 3.735793113708496, 2.600858688354492, 2.7113280296325684, 5.032097339630127, 0.7518404126167297, 2.877429723739624, 5.403215408325195, 1.3789142370224, 3.747525215148926, 2.734234094619751, 5.330226898193359, 1.2565522193908691, 1.7620153427124023, 4.8257598876953125, 0.8084874153137207, 3.5109376907348633, 1.090002417564392, 0.8126756548881531, 3.016145706176758, 4.619551181793213, 0.527160108089447, 3.3732550144195557, 0.5815024375915527, 3.891235113143921, 2.674194097518921, 2.5662903785705566, 4.147489547729492, 0.8845391869544983, 0.6074051856994629, 0.7435646653175354, 3.6118991374969482, 2.0231072902679443, 2.3945794105529785, 0.4412374794483185, 2.933650493621826, 5.082239151000977, 0.9139049053192139, 3.5084197521209717, 0.5835546255111694, 2.447312355041504, 0.580822229385376, 3.891403913497925, 2.0480432510375977, 2.2036166191101074, 1.0816253423690796, 0.8166040778160095, 3.209113359451294, 3.811565637588501, 1.9263728857040405, 2.0644915103912354, 2.416494131088257, 5.601590633392334, 1.3820297718048096, 0.9014900326728821, 0.593778669834137, 1.877267599105835, 4.405069351196289, 0.5270053148269653, 3.7667489051818848, 3.284691572189331, 2.7348079681396484, 5.355654239654541, 0.9829819202423096, 0.9932283163070679, 0.5637838244438171, 3.4086642265319824, 0.5213434100151062, 3.3689935207366943, 0.5734284520149231, 3.4713103771209717, 0.6264497637748718, 3.738234281539917, 0.8383633494377136, 1.5920190811157227, 1.8826185464859009, 3.237264633178711, 2.157212257385254, 1.776257038116455, 4.1958699226379395, 0.5153136253356934, 5.291641712188721, 0.8696086406707764, 2.905942916870117, 4.707390308380127, 0.7037053108215332, 3.721834182739258, 3.2851812839508057, 2.630587100982666, 4.434618949890137, 0.9768327474594116, 0.9066964983940125, 1.992388129234314, 2.3148412704467773, 1.4259217977523804, 1.7496466636657715, 4.219546318054199, 0.5623521208763123, 3.598417282104492, 5.173446178436279, 2.6183252334594727, 5.833309173583984, 1.6678277254104614, 4.277040481567383, 0.9763308763504028, 0.44978997111320496, 1.6264938116073608, 3.9420719146728516, 1.858547568321228, 2.213726758956909, 0.8583834767341614, 2.277355670928955, 0.7338794469833374, 4.538520336151123, 2.2385451793670654, 1.2089875936508179, 1.036894679069519, 1.3103054761886597, 0.7664259076118469, 3.1396634578704834, 3.425644636154175, 1.0413849353790283, 1.324590802192688, 1.4771826267242432, 3.6102406978607178, 2.832688570022583, 1.9209522008895874, 3.83065128326416, 2.8322455883026123, 2.3336822986602783, 4.3509368896484375, 2.3633334636688232, 4.826894760131836, 0.7695966958999634, 2.7042582035064697, 5.889096260070801, 1.6724896430969238, 4.397765636444092, 0.5302391052246094, 5.453845024108887, 1.0829393863677979, 3.2688562870025635, 2.681173324584961, 5.726510047912598, 1.5099916458129883, 4.071077346801758, 2.140542984008789, 2.412569522857666, 0.4140927195549011, 1.136606216430664, 4.2361369132995605, 0.4261262118816376, 4.146040916442871, 0.7139164805412292, 3.0241997241973877, 2.2540290355682373, 0.6797400712966919, 3.7387006282806396, 3.642557382583618, 2.523078680038452, 5.951317310333252, 1.476899266242981, 4.856549263000488, 0.8490902781486511, 3.1279795169830322, 4.1407880783081055, 1.2925692796707153, 1.4128237962722778, 4.1214399337768555, 2.5414390563964844, 2.6278610229492188, 5.6866774559021, 0.8029586672782898, 3.0641937255859375, 3.0814287662506104, 3.880568265914917, 1.0202020406723022, 0.5010930895805359, 3.056612491607666, 3.903064012527466, 2.599463701248169, 2.5436737537384033, 4.784059047698975, 0.6317895650863647, 3.42756724357605, 0.6063356995582581, 1.0581353902816772, 1.1110844612121582, 1.3086868524551392, 3.4365804195404053, 0.41218748688697815, 2.1446762084960938, 0.9367161393165588, 1.980594277381897, 3.0365521907806396, 4.248201370239258, 0.5163676738739014, 5.1068115234375, 0.8415066599845886, 2.1595797538757324, 0.4206545948982239, 0.40754708647727966, 4.178213596343994, 3.359576463699341, 2.321488618850708, 0.8465864658355713, 0.8274204730987549, 0.4117305874824524, 1.379892110824585, 0.4183866083621979, 1.0475796461105347, 1.0793644189834595, 0.7342401742935181, 3.3749163150787354, 1.6070345640182495, 4.556975841522217, 0.5682177543640137, 2.1942811012268066, 1.4126935005187988, 3.663353681564331, 0.5142475366592407, 5.5190277099609375, 1.1482045650482178, 4.800962924957275, 2.3081231117248535, 0.6914241313934326, 1.9468783140182495, 1.975347638130188, 2.2227487564086914, 1.4438978433609009, 1.467962384223938, 4.495612144470215, 0.40944579243659973, 4.444092750549316, 0.4697733223438263, 1.4726742506027222, 3.5675275325775146, 0.46715888381004333, 2.6345269680023193, 5.491318225860596, 0.96649569272995, 2.9487977027893066, 5.040384292602539, 0.5841109752655029, 3.863564968109131, 3.3800647258758545, 2.785984992980957, 5.722610950469971, 1.2484612464904785, 2.3927550315856934, 2.0435707569122314, 2.4220516681671143, 2.271012306213379, 1.051979660987854, 0.4874241352081299, 3.3157460689544678, 0.886809229850769, 2.817762851715088, 5.639303684234619, 1.5262198448181152, 4.492493629455566, 0.6474154591560364, 1.6482815742492676, 1.7953017950057983, 4.646350860595703, 0.4103134274482727, 4.119308948516846, 0.428193598985672, 3.911452531814575, 4.155394554138184, 2.589744806289673, 3.4631922245025635, 0.8098174333572388, 1.3696385622024536, 1.604494571685791, 4.107100009918213, 2.8402435779571533, 2.4895100593566895, 2.384963274002075, 5.843588829040527, 1.7304940223693848, 3.124192476272583, 2.7361786365509033, 5.856070518493652, 1.5366003513336182, 4.349419593811035, 0.45981553196907043, 0.6837683916091919, 2.9168355464935303, 5.74888801574707, 1.635801076889038, 4.505997180938721, 0.7444822788238525, 1.1045677661895752, 0.8470275402069092]",0.0,"[33.0, 4.0, 2.0, 2.0, 2.0, 0.0, 0.0, 0.0, 0.0, 0.0, 0.0, 0.0, 0.0, 0.0, 0.0, 0.0, 0.0, 0.0, 0.0, 0.0, 0.0, 0.0, 0.0, 0.0, 0.0, 0.0, 0.0, 0.0, 0.0, 0.0, 0.0, 0.0, 0.0, 0.0, 0.0, 0.0, 0.0, 0.0, 0.0, 0.0, 0.0, 0.0, 0.0, 0.0, 0.0, 0.0, 0.0, 0.0, 0.0, 0.0, 0.0, 0.0, 0.0, 0.0, 0.0, 0.0, 0.0, 0.0, 0.0, 0.0, 0.0, 0.0, 0.0, 0.0, 0.0, 0.0, 0.0, 0.0, 0.0, 0.0, 0.0, 0.0, 0.0, 0.0, 0.0, 0.0, 0.0, 0.0, 0.0, 0.0, 0.0, 0.0, 0.0, 0.0, 0.0, 0.0, 0.0, 0.0, 0.0, 0.0, 0.0, 0.0, 0.0, 0.0, 0.0, 0.0, 0.0, 0.0, 0.0, 0.0, 0.0, 0.0, 0.0, 0.0, 0.0, 0.0, 0.0, 0.0, 0.0, 0.0, 0.0, 0.0, 0.0, 0.0, 0.0, 0.0, 0.0, 0.0, 0.0, 0.0, 0.0, 0.0, 0.0, 0.0, 0.0, 0.0, 0.0, 0.0, 0.0, 0.0, 0.0, 0.0, 0.0, 0.0, 0.0, 0.0, 0.0, 0.0, 0.0, 0.0, 0.0, 0.0, 0.0, 0.0, 0.0, 0.0, 0.0, 0.0, 0.0, 0.0, 0.0, 0.0, 0.0, 0.0, 0.0, 0.0, 0.0, 0.0, 0.0, 0.0, 0.0, 0.0, 0.0, 0.0, 0.0, 0.0, 0.0, 0.0, 0.0, 0.0, 0.0, 0.0, 0.0, 0.0, 0.0, 0.0, 0.0, 0.0, 0.0, 0.0, 0.0, 0.0, 0.0, 0.0, 0.0, 0.0, 0.0, 0.0, 0.0, 0.0, 0.0, 0.0, 0.0, 0.0, 0.0, 0.0, 0.0, 0.0, 0.0, 0.0, 0.0, 0.0, 0.0, 0.0, 0.0, 0.0, 0.0, 0.0, 0.0, 0.0, 0.0, 0.0, 0.0, 0.0, 0.0, 0.0, 0.0, 0.0, 0.0, 0.0, 0.0, 0.0, 0.0, 0.0, 0.0, 0.0, 0.0, 0.0, 0.0, 0.0, 0.0, 0.0, 0.0, 0.0, 0.0, 0.0, 0.0, 0.0, 0.0, 0.0, 0.0, 0.0, 0.0, 0.0, 0.0, 0.0, 0.0, 0.0, 0.0, 0.0, 0.0, 0.0, 0.0, 0.0, 0.0, 0.0, 0.0, 0.0, 0.0, 0.0, 0.0, 0.0, 0.0, 0.0, 0.0, 0.0, 0.0, 0.0, 0.0, 0.0, 0.0, 0.0, 0.0, 0.0, 0.0, 0.0, 0.0, 0.0, 0.0, 0.0, 0.0, 0.0, 0.0, 0.0, 0.0, 0.0, 0.0, 0.0, 0.0, 0.0, 0.0, 0.0, 0.0, 0.0, 0.0, 0.0, 0.0, 0.0, 0.0, 0.0, 0.0, 0.0, 0.0, 0.0, 0.0, 0.0, 0.0, 0.0, 0.0, 0.0, 0.0, 0.0, 0.0, 0.0, 0.0]",COMPLETE
