,number,value,datetime_start,datetime_complete,duration,params_batch_size_scaler,params_constant_learning_rate,params_depth,params_epochs,params_kernel_l2,params_num_trees,params_temperature,user_attrs_accuracy_test,user_attrs_accuracy_valid,user_attrs_approximate_feature_sparsity,user_attrs_approximate_feature_sparsity_history,user_attrs_approximate_weight_sparsity,user_attrs_approximate_weight_sparsity_history,user_attrs_auc_test,user_attrs_auc_valid,user_attrs_feature_sparsity,user_attrs_feature_sparsity_history,user_attrs_num_epochs,user_attrs_val_loss_history,user_attrs_weight_sparsity,user_attrs_weight_sparsity_history,state
73,73,0.5,2024-08-31 03:28:52.750296,2024-08-31 03:29:41.307075,0 days 00:00:48.556779,4,0.7181575399061303,3,305,0.05329729900707724,8,0.047307762058218496,0.859,0.85875,0,"[0, 0, 0, 0, 0, 0, 0, 0, 0, 0, 0, 0, 0, 0, 0, 0, 0, 0, 0, 0, 0, 0, 0, 0, 0, 0, 0, 0, 0, 0, 0, 0, 0, 0, 0, 0, 0, 0, 0, 0, 0, 0, 0, 0, 0, 0, 0, 0, 0, 0, 0, 0, 0, 0, 0, 0, 0, 0, 0, 0, 0, 0, 0, 0, 0, 0, 0, 0, 0, 0, 0, 0, 0, 0, 0, 0, 0, 0, 0, 0, 0, 0, 0, 0, 0, 0, 0, 0, 0, 0, 0, 0, 0, 0, 0, 0, 0, 0, 0, 0, 0, 0, 0, 0, 0, 0, 0, 0, 0, 0, 0, 0, 0, 0, 0, 0, 0, 0, 0, 0, 0, 0, 0, 0, 0, 0, 0, 0, 0, 0, 0, 0, 0, 0, 0, 0, 0, 0, 0, 0, 0, 0, 0, 0, 0, 0, 0, 0, 0, 0, 0, 0, 0, 0, 0, 0, 0, 0, 0, 0, 0, 0, 0, 0, 0, 0, 0, 0, 0, 0, 0, 0, 0, 0, 0, 0, 0, 0, 0, 0, 0, 0, 0, 0, 0, 0, 0, 0, 0, 0, 0, 0, 0, 0, 0, 0, 0, 0, 0, 0, 0, 0, 0, 0, 0, 0, 0, 0, 0, 0, 0, 0, 0, 0, 0, 0, 0, 0, 0, 0, 0, 0, 0, 0, 0, 0, 0, 0, 0, 0, 0, 0, 0, 0, 0, 0, 0, 0, 0, 0, 0, 0, 0, 0, 0, 0, 0, 0, 0, 0, 0, 0, 0, 0, 0, 0, 0, 0, 0, 0, 0, 0, 0, 0, 0, 0, 0, 0, 0, 0, 0, 0, 0, 0, 0, 0, 0, 0, 0, 0, 0, 0, 0, 0, 0, 0, 0, 0, 0, 0, 0, 0, 0, 0, 0, 0, 0, 0, 0, 0, 0, 0, 0, 0, 0]",0.0,"[0.0, 0.0, 0.0, 0.0, 0.0, 0.0, 0.0, 0.0, 0.0, 0.0, 0.0, 0.0, 0.0, 0.0, 0.0, 0.0, 0.0, 0.0, 0.0, 0.0, 0.0, 0.0, 0.0, 0.0, 0.0, 0.0, 0.0, 0.0, 0.0, 0.0, 0.0, 0.0, 0.0, 0.0, 0.0, 0.0, 0.0, 0.0, 0.0, 0.0, 0.0, 0.0, 0.0, 0.0, 0.0, 0.0, 0.0, 0.0, 0.0, 0.0, 0.0, 0.0, 0.0, 0.0, 0.0, 0.0, 0.0, 0.0, 0.0, 0.0, 0.0, 0.0, 0.0, 0.0, 0.0, 0.0, 0.0, 0.0, 0.0, 0.0, 0.0, 0.0, 0.0, 0.0, 0.0, 0.0, 0.0, 0.0, 0.0, 0.0, 0.0, 0.0, 0.0, 0.0, 0.0, 0.0, 0.0, 0.0, 0.0, 0.0, 0.0, 0.0, 0.0, 0.0, 0.0, 0.0, 0.0, 0.0, 0.0, 0.0, 0.0, 0.0, 0.0, 0.0, 0.0, 0.0, 0.0, 0.0, 0.0, 0.0, 0.0, 0.0, 0.0, 0.0, 0.0, 0.0, 0.0, 0.0, 0.0, 0.0, 0.0, 0.0, 0.0, 0.0, 0.0, 0.0, 0.0, 0.0, 0.0, 0.0, 0.0, 0.0, 0.0, 0.0, 0.0, 0.0, 0.0, 0.0, 0.0, 0.0, 0.0, 0.0, 0.0, 0.0, 0.0, 0.0, 0.0, 0.0, 0.0, 0.0, 0.0, 0.0, 0.0, 0.0, 0.0, 0.0, 0.0, 0.0, 0.0, 0.0, 0.0, 0.0, 0.0, 0.0, 0.0, 0.0, 0.0, 0.0, 0.0, 0.0, 0.0, 0.0, 0.0, 0.0, 0.0, 0.0, 0.0, 0.0, 0.0, 0.0, 0.0, 0.0, 0.0, 0.0, 0.0, 0.0, 0.0, 0.0, 0.0, 0.0, 0.0, 0.0, 0.0, 0.0, 0.0, 0.0, 0.0, 0.0, 0.0, 0.0, 0.0, 0.0, 0.0, 0.0, 0.0, 0.0, 0.0, 0.0, 0.0, 0.0, 0.0, 0.0, 0.0, 0.0, 0.0, 0.0, 0.0, 0.0, 0.0, 0.0, 0.0, 0.0, 0.0, 0.0, 0.0, 0.0, 0.0, 0.0, 0.0, 0.0, 0.0, 0.0, 0.0, 0.0, 0.0, 0.0, 0.0, 0.0, 0.0, 0.0, 0.0, 0.0, 0.0, 0.0, 0.0, 0.0, 0.0, 0.0, 0.0, 0.0, 0.0, 0.0, 0.0, 0.0, 0.0, 0.0, 0.0, 0.0, 0.0, 0.0, 0.0, 0.0, 0.0, 0.0, 0.0, 0.0, 0.0, 0.0, 0.0, 0.0, 0.0, 0.0, 0.0, 0.0, 0.0, 0.0, 0.0, 0.0, 0.0, 0.0, 0.0, 0.0, 0.0, 0.0, 0.0, 0.0, 0.0, 0.0, 0.0, 0.0, 0.0, 0.0, 0.0, 0.0, 0.0, 0.0, 0.0, 0.0, 0.0, 0.0, 0.0, 0.0, 0.0, 0.0, 0.0]",0.5,0.5,0,"[0, 0, 0, 0, 0, 0, 0, 0, 0, 0, 0, 0, 0, 0, 0, 0, 0, 0, 0, 0, 0, 0, 0, 0, 0, 0, 0, 0, 0, 0, 0, 0, 0, 0, 0, 0, 0, 0, 0, 0, 0, 0, 0, 0, 0, 0, 0, 0, 0, 0, 0, 0, 0, 0, 0, 0, 0, 0, 0, 0, 0, 0, 0, 0, 0, 0, 0, 0, 0, 0, 0, 0, 0, 0, 0, 0, 0, 0, 0, 0, 0, 0, 0, 0, 0, 0, 0, 0, 0, 0, 0, 0, 0, 0, 0, 0, 0, 0, 0, 0, 0, 0, 0, 0, 0, 0, 0, 0, 0, 0, 0, 0, 0, 0, 0, 0, 0, 0, 0, 0, 0, 0, 0, 0, 0, 0, 0, 0, 0, 0, 0, 0, 0, 0, 0, 0, 0, 0, 0, 0, 0, 0, 0, 0, 0, 0, 0, 0, 0, 0, 0, 0, 0, 0, 0, 0, 0, 0, 0, 0, 0, 0, 0, 0, 0, 0, 0, 0, 0, 0, 0, 0, 0, 0, 0, 0, 0, 0, 0, 0, 0, 0, 0, 0, 0, 0, 0, 0, 0, 0, 0, 0, 0, 0, 0, 0, 0, 0, 0, 0, 0, 0, 0, 0, 0, 0, 0, 0, 0, 0, 0, 0, 0, 0, 0, 0, 0, 0, 0, 0, 0, 0, 0, 0, 0, 0, 0, 0, 0, 0, 0, 0, 0, 0, 0, 0, 0, 0, 0, 0, 0, 0, 0, 0, 0, 0, 0, 0, 0, 0, 0, 0, 0, 0, 0, 0, 0, 0, 0, 0, 0, 0, 0, 0, 0, 0, 0, 0, 0, 0, 0, 0, 0, 0, 0, 0, 0, 0, 0, 0, 0, 0, 0, 0, 0, 0, 0, 0, 0, 0, 0, 0, 0, 0, 0, 0, 0, 0, 0, 0, 0, 0, 0, 0, 0]",305,"[0.4077525734901428, 0.4075709879398346, 0.40783756971359253, 0.40971678495407104, 0.4072935879230499, 0.40723925828933716, 0.4086298644542694, 0.4072299301624298, 0.4077319800853729, 0.4080711305141449, 0.407230019569397, 0.40847113728523254, 0.40722644329071045, 0.4073193073272705, 0.4073565602302551, 0.4077939987182617, 0.40765586495399475, 0.4106818735599518, 0.40761277079582214, 0.4080562889575958, 0.40724697709083557, 0.40967169404029846, 0.4072524309158325, 0.4074043333530426, 0.4074542224407196, 0.4076113998889923, 0.40736523270606995, 0.4076482057571411, 0.40753138065338135, 0.40733546018600464, 0.40753284096717834, 0.40724167227745056, 0.40919649600982666, 0.4079010784626007, 0.4076550006866455, 0.4076368808746338, 0.4074209928512573, 0.40730732679367065, 0.407633513212204, 0.4075603485107422, 0.40782320499420166, 0.4082833230495453, 0.4073086678981781, 0.4072454571723938, 0.40723225474357605, 0.4074688255786896, 0.4088406264781952, 0.4072996973991394, 0.40744340419769287, 0.40731555223464966, 0.4075162410736084, 0.40821632742881775, 0.4073199927806854, 0.4072377681732178, 0.41102316975593567, 0.40935423970222473, 0.4075673818588257, 0.40723079442977905, 0.40900933742523193, 0.4072904884815216, 0.4072335958480835, 0.4077000319957733, 0.40745431184768677, 0.40788546204566956, 0.4075271487236023, 0.40907248854637146, 0.4088299572467804, 0.4075782299041748, 0.40944918990135193, 0.4077308177947998, 0.4073653817176819, 0.40729251503944397, 0.40739813446998596, 0.4076410233974457, 0.4073861241340637, 0.4072567820549011, 0.4078819155693054, 0.40744054317474365, 0.40731674432754517, 0.40723034739494324, 0.4075157642364502, 0.40723973512649536, 0.4089058041572571, 0.40732455253601074, 0.40792620182037354, 0.40725356340408325, 0.40950867533683777, 0.4083836078643799, 0.4090172052383423, 0.4074145555496216, 0.40950533747673035, 0.4074834883213043, 0.4077698588371277, 0.4079122245311737, 0.409291535615921, 0.4075266718864441, 0.4079219698905945, 0.4073368012905121, 0.40741536021232605, 0.41048645973205566, 0.4082373082637787, 0.40875479578971863, 0.407358855009079, 0.40908578038215637, 0.40739020705223083, 0.40749019384384155, 0.4072386622428894, 0.4072262644767761, 0.40750423073768616, 0.40739449858665466, 0.4072457551956177, 0.40727874636650085, 0.40722888708114624, 0.40773579478263855, 0.40729084610939026, 0.4075445532798767, 0.4072414040565491, 0.4075824022293091, 0.40792039036750793, 0.40797752141952515, 0.4074004292488098, 0.40750351548194885, 0.4072388708591461, 0.4074398875236511, 0.40810826420783997, 0.4097229242324829, 0.4079897701740265, 0.4072597622871399, 0.40816864371299744, 0.4073066711425781, 0.4074581563472748, 0.40729594230651855, 0.40723860263824463, 0.4072478413581848, 0.40754950046539307, 0.40724098682403564, 0.40775611996650696, 0.4073084592819214, 0.4072640538215637, 0.40726563334465027, 0.4077855050563812, 0.4083099365234375, 0.4072306752204895, 0.40728023648262024, 0.4072497487068176, 0.4075503945350647, 0.4074691832065582, 0.4082070589065552, 0.4080486297607422, 0.4073981046676636, 0.4072296917438507, 0.4072478115558624, 0.40723541378974915, 0.4072435796260834, 0.40726447105407715, 0.4081735610961914, 0.40735766291618347, 0.40728864073753357, 0.4074157476425171, 0.4075791537761688, 0.409140020608902, 0.4074121117591858, 0.4077073037624359, 0.4078316390514374, 0.40797069668769836, 0.4076049029827118, 0.4072940945625305, 0.408835232257843, 0.40722617506980896, 0.407272070646286, 0.4072521924972534, 0.40723541378974915, 0.41162779927253723, 0.4072589576244354, 0.40749043226242065, 0.40761542320251465, 0.40736085176467896, 0.4075288474559784, 0.4074440896511078, 0.4072490930557251, 0.40767937898635864, 0.40795356035232544, 0.4079418480396271, 0.4072810113430023, 0.40805575251579285, 0.40788784623146057, 0.40762805938720703, 0.4081956148147583, 0.40765881538391113, 0.4089930057525635, 0.4087601602077484, 0.40773749351501465, 0.4081740081310272, 0.4072421193122864, 0.40723663568496704, 0.4078644812107086, 0.4081791639328003, 0.40731480717658997, 0.4073137938976288, 0.40743640065193176, 0.4096667468547821, 0.4074993431568146, 0.40735355019569397, 0.4073087275028229, 0.4084601104259491, 0.4073980748653412, 0.4085656404495239, 0.40729179978370667, 0.4080672562122345, 0.40838754177093506, 0.40753069519996643, 0.4083361029624939, 0.40848323702812195, 0.4072580337524414, 0.40750178694725037, 0.4079985022544861, 0.4072748124599457, 0.407328337430954, 0.407227098941803, 0.4074866771697998, 0.4100821614265442, 0.4077076315879822, 0.4072657823562622, 0.40732917189598083, 0.4072321653366089, 0.40757250785827637, 0.40749070048332214, 0.407431960105896, 0.4072263836860657, 0.4075634777545929, 0.4074738025665283, 0.40755829215049744, 0.4072304964065552, 0.4075036644935608, 0.4080502688884735, 0.40730637311935425, 0.40726330876350403, 0.4095288813114166, 0.40787672996520996, 0.40736153721809387, 0.40743693709373474, 0.40731680393218994, 0.4074896275997162, 0.40732884407043457, 0.4080972373485565, 0.40742260217666626, 0.40797317028045654, 0.4089871346950531, 0.40729960799217224, 0.4073062837123871, 0.40762585401535034, 0.4081616997718811, 0.4078703820705414, 0.4116005599498749, 0.40731897950172424, 0.40722885727882385, 0.40979740023612976, 0.40917888283729553, 0.4079761505126953, 0.4073994755744934, 0.4117823839187622, 0.40730080008506775, 0.408188134431839, 0.40724048018455505, 0.40816035866737366, 0.40786316990852356, 0.4075466990470886, 0.408446729183197, 0.4094082713127136, 0.40727555751800537, 0.40728968381881714, 0.40731048583984375, 0.4079166650772095, 0.4078550338745117, 0.4088917672634125, 0.4074479639530182, 0.4073342978954315, 0.4074572026729584, 0.40749430656433105, 0.40724825859069824, 0.40724173188209534, 0.41071686148643494, 0.4072262942790985, 0.40725553035736084, 0.410663902759552, 0.40758514404296875, 0.4087412357330322, 0.40796005725860596, 0.4076671302318573, 0.4111119210720062, 0.4100744128227234, 0.4073795676231384, 0.4072405993938446, 0.40782031416893005, 0.407771497964859, 0.4072304964065552, 0.40933382511138916, 0.4073437750339508, 0.40783441066741943, 0.4072462022304535, 0.4079645574092865, 0.40745478868484497, 0.40842992067337036, 0.40728560090065, 0.40794578194618225]",0.0,"[0.0, 0.0, 0.0, 0.0, 0.0, 0.0, 0.0, 0.0, 0.0, 0.0, 0.0, 0.0, 0.0, 0.0, 0.0, 0.0, 0.0, 0.0, 0.0, 0.0, 0.0, 0.0, 0.0, 0.0, 0.0, 0.0, 0.0, 0.0, 0.0, 0.0, 0.0, 0.0, 0.0, 0.0, 0.0, 0.0, 0.0, 0.0, 0.0, 0.0, 0.0, 0.0, 0.0, 0.0, 0.0, 0.0, 0.0, 0.0, 0.0, 0.0, 0.0, 0.0, 0.0, 0.0, 0.0, 0.0, 0.0, 0.0, 0.0, 0.0, 0.0, 0.0, 0.0, 0.0, 0.0, 0.0, 0.0, 0.0, 0.0, 0.0, 0.0, 0.0, 0.0, 0.0, 0.0, 0.0, 0.0, 0.0, 0.0, 0.0, 0.0, 0.0, 0.0, 0.0, 0.0, 0.0, 0.0, 0.0, 0.0, 0.0, 0.0, 0.0, 0.0, 0.0, 0.0, 0.0, 0.0, 0.0, 0.0, 0.0, 0.0, 0.0, 0.0, 0.0, 0.0, 0.0, 0.0, 0.0, 0.0, 0.0, 0.0, 0.0, 0.0, 0.0, 0.0, 0.0, 0.0, 0.0, 0.0, 0.0, 0.0, 0.0, 0.0, 0.0, 0.0, 0.0, 0.0, 0.0, 0.0, 0.0, 0.0, 0.0, 0.0, 0.0, 0.0, 0.0, 0.0, 0.0, 0.0, 0.0, 0.0, 0.0, 0.0, 0.0, 0.0, 0.0, 0.0, 0.0, 0.0, 0.0, 0.0, 0.0, 0.0, 0.0, 0.0, 0.0, 0.0, 0.0, 0.0, 0.0, 0.0, 0.0, 0.0, 0.0, 0.0, 0.0, 0.0, 0.0, 0.0, 0.0, 0.0, 0.0, 0.0, 0.0, 0.0, 0.0, 0.0, 0.0, 0.0, 0.0, 0.0, 0.0, 0.0, 0.0, 0.0, 0.0, 0.0, 0.0, 0.0, 0.0, 0.0, 0.0, 0.0, 0.0, 0.0, 0.0, 0.0, 0.0, 0.0, 0.0, 0.0, 0.0, 0.0, 0.0, 0.0, 0.0, 0.0, 0.0, 0.0, 0.0, 0.0, 0.0, 0.0, 0.0, 0.0, 0.0, 0.0, 0.0, 0.0, 0.0, 0.0, 0.0, 0.0, 0.0, 0.0, 0.0, 0.0, 0.0, 0.0, 0.0, 0.0, 0.0, 0.0, 0.0, 0.0, 0.0, 0.0, 0.0, 0.0, 0.0, 0.0, 0.0, 0.0, 0.0, 0.0, 0.0, 0.0, 0.0, 0.0, 0.0, 0.0, 0.0, 0.0, 0.0, 0.0, 0.0, 0.0, 0.0, 0.0, 0.0, 0.0, 0.0, 0.0, 0.0, 0.0, 0.0, 0.0, 0.0, 0.0, 0.0, 0.0, 0.0, 0.0, 0.0, 0.0, 0.0, 0.0, 0.0, 0.0, 0.0, 0.0, 0.0, 0.0, 0.0, 0.0, 0.0, 0.0, 0.0, 0.0, 0.0, 0.0, 0.0, 0.0, 0.0, 0.0, 0.0, 0.0, 0.0, 0.0, 0.0, 0.0, 0.0, 0.0, 0.0, 0.0]",COMPLETE
