,number,value,datetime_start,datetime_complete,duration,params_batch_size_scaler,params_constant_learning_rate,params_depth,params_epochs,params_kernel_l2,params_num_trees,params_temperature,user_attrs_accuracy_test,user_attrs_accuracy_valid,user_attrs_approximate_feature_sparsity,user_attrs_approximate_feature_sparsity_history,user_attrs_approximate_weight_sparsity,user_attrs_approximate_weight_sparsity_history,user_attrs_auc_test,user_attrs_auc_valid,user_attrs_feature_sparsity,user_attrs_feature_sparsity_history,user_attrs_num_epochs,user_attrs_val_loss_history,user_attrs_weight_sparsity,user_attrs_weight_sparsity_history,state
35,35,0.5,2024-08-31 01:59:42.246349,2024-08-31 01:59:50.053384,0 days 00:00:07.807035,64,0.4284832610443981,3,5,0.01504581580048729,54,0.09926938327653403,0.859,0.85875,0,"[33, 33, 25, 0, 0]",0.0,"[32.96296296296296, 32.96296296296296, 24.989417989417987, 0.0, 0.0]",0.5,0.5,0,"[33, 33, 25, 0, 0]",5,"[0.40388211607933044, 0.40963754057884216, 0.4013945460319519, 0.4072721600532532, 0.4072645604610443]",0.0,"[33.0, 33.0, 25.0, 0.0, 0.0]",COMPLETE
36,36,0.8738132962347516,2024-08-31 01:59:50.882196,2024-08-31 02:00:10.714940,0 days 00:00:19.832744,64,0.18725858709253182,2,165,0.010835785236582634,62,0.0015284653971607747,0.876,0.87625,33,"[33, 33, 33, 33, 33, 33, 33, 33, 33, 33, 33, 33, 33, 33, 33, 33, 33, 33, 33, 33, 33, 33, 33, 33, 33, 33, 33, 33, 33, 33, 33, 33, 33, 33, 33, 33, 33, 33, 33, 33, 33, 33, 33, 33, 33, 33, 33, 33, 33, 33, 33, 33, 33, 33, 33, 33, 33, 33, 33, 33, 33, 33, 33, 33, 33, 33, 33, 33, 33, 33, 33, 33, 33, 33, 33, 33, 33, 33, 33, 33, 33, 33, 33, 33, 33, 33, 33, 33, 33, 33, 33, 33, 33, 33, 33, 33, 33, 33, 33, 33, 33, 33, 33, 33, 33, 33, 33, 33, 33, 33, 33, 33, 33, 33, 33, 33, 33, 33, 33, 33, 33, 33, 33, 33, 33, 33, 33, 33, 33, 33, 33, 33, 33, 33, 33, 33, 33, 33, 33, 33, 33, 33, 33, 33, 33, 33, 33, 33, 33, 33, 33, 33, 33, 33, 33, 33, 33, 33, 33, 33, 33, 33, 33, 33, 33]",32.994623655913976,"[32.983870967741936, 32.994623655913976, 32.983870967741936, 32.97849462365591, 32.994623655913976, 32.994623655913976, 32.994623655913976, 32.97849462365591, 32.983870967741936, 32.98924731182795, 32.97311827956989, 32.98924731182795, 32.98924731182795, 33.0, 32.97849462365591, 32.983870967741936, 32.96774193548387, 32.983870967741936, 32.98924731182795, 32.983870967741936, 32.97311827956989, 32.96774193548387, 32.97311827956989, 32.97849462365591, 32.97849462365591, 32.97311827956989, 32.983870967741936, 32.98924731182795, 32.98924731182795, 32.983870967741936, 32.97849462365591, 32.983870967741936, 32.983870967741936, 33.0, 32.98924731182795, 32.98924731182795, 32.983870967741936, 32.98924731182795, 32.98924731182795, 32.97849462365591, 32.98924731182795, 32.983870967741936, 32.994623655913976, 32.983870967741936, 32.994623655913976, 32.994623655913976, 32.983870967741936, 32.98924731182795, 32.98924731182795, 32.983870967741936, 32.983870967741936, 32.98924731182795, 32.96236559139785, 32.983870967741936, 33.0, 32.98924731182795, 32.97849462365591, 32.97311827956989, 32.97849462365591, 32.983870967741936, 32.95161290322581, 32.983870967741936, 32.983870967741936, 32.96774193548387, 32.97849462365591, 32.97849462365591, 32.983870967741936, 32.983870967741936, 32.97311827956989, 32.97849462365591, 32.95161290322581, 32.96774193548387, 32.96774193548387, 32.96774193548387, 32.97849462365591, 32.97311827956989, 32.96774193548387, 32.97311827956989, 32.97849462365591, 32.983870967741936, 32.97849462365591, 32.97849462365591, 32.983870967741936, 32.98924731182795, 32.98924731182795, 32.98924731182795, 32.983870967741936, 32.97849462365591, 32.97849462365591, 32.983870967741936, 32.97311827956989, 32.983870967741936, 32.97849462365591, 32.98924731182795, 32.983870967741936, 32.983870967741936, 32.98924731182795, 32.983870967741936, 32.98924731182795, 32.983870967741936, 32.97311827956989, 32.98924731182795, 32.983870967741936, 32.98924731182795, 32.97849462365591, 32.97849462365591, 32.97849462365591, 32.98924731182795, 32.98924731182795, 32.97849462365591, 32.97311827956989, 32.95161290322581, 32.96774193548387, 32.956989247311824, 32.983870967741936, 32.98924731182795, 32.97311827956989, 32.97849462365591, 32.96236559139785, 32.97849462365591, 32.98924731182795, 32.97849462365591, 32.983870967741936, 32.98924731182795, 32.983870967741936, 32.98924731182795, 32.983870967741936, 32.97311827956989, 32.98924731182795, 32.97849462365591, 32.96774193548387, 32.983870967741936, 32.98924731182795, 32.983870967741936, 32.97311827956989, 32.983870967741936, 32.97311827956989, 32.983870967741936, 32.96774193548387, 32.983870967741936, 32.97849462365591, 32.97849462365591, 32.98924731182795, 32.97849462365591, 32.97311827956989, 32.96774193548387, 32.973118279569896, 32.95161290322581, 32.97849462365591, 32.96236559139785, 32.983870967741936, 32.98924731182795, 32.983870967741936, 32.97849462365591, 32.983870967741936, 32.983870967741936, 32.983870967741936, 32.98924731182795, 32.983870967741936, 32.96774193548387, 32.98924731182795, 32.97849462365591, 32.98924731182795, 32.96774193548387, 32.994623655913976]",0.8652399706074192,0.8738132962347516,33,"[33, 33, 33, 33, 33, 33, 33, 33, 33, 33, 33, 33, 33, 33, 33, 33, 33, 33, 33, 33, 33, 33, 33, 33, 33, 33, 33, 33, 33, 33, 33, 33, 33, 33, 33, 33, 33, 33, 33, 33, 33, 33, 33, 33, 33, 33, 33, 33, 33, 33, 33, 33, 33, 33, 33, 33, 33, 33, 33, 33, 33, 33, 33, 33, 33, 33, 33, 33, 33, 33, 33, 33, 33, 33, 33, 33, 33, 33, 33, 33, 33, 33, 33, 33, 33, 33, 33, 33, 33, 33, 33, 33, 33, 33, 33, 33, 33, 33, 33, 33, 33, 33, 33, 33, 33, 33, 33, 33, 33, 33, 33, 33, 33, 33, 33, 33, 33, 33, 33, 33, 33, 33, 33, 33, 33, 33, 33, 33, 33, 33, 33, 33, 33, 33, 33, 33, 33, 33, 33, 33, 33, 33, 33, 33, 33, 33, 33, 33, 33, 33, 33, 33, 33, 33, 33, 33, 33, 33, 33, 33, 33, 33, 33, 33, 33]",165,"[0.41696301102638245, 0.41117268800735474, 0.40572234988212585, 0.40298473834991455, 0.3966609239578247, 0.39480531215667725, 0.3910202383995056, 0.3947070240974426, 0.3867548108100891, 0.38503196835517883, 0.38321954011917114, 0.38240110874176025, 0.3826068937778473, 0.37809884548187256, 0.37849223613739014, 0.378631591796875, 0.37464436888694763, 0.37372151017189026, 0.376981645822525, 0.37471145391464233, 0.37216809391975403, 0.3730635941028595, 0.3695666790008545, 0.3688894510269165, 0.36692023277282715, 0.36728519201278687, 0.36558979749679565, 0.36538437008857727, 0.3644900918006897, 0.3628086745738983, 0.3617212176322937, 0.36367297172546387, 0.3604113459587097, 0.3602220118045807, 0.3601762652397156, 0.3655540347099304, 0.3595969080924988, 0.35731497406959534, 0.35858702659606934, 0.3556596636772156, 0.3572295904159546, 0.35389164090156555, 0.3622949719429016, 0.35507556796073914, 0.3526366353034973, 0.3574640154838562, 0.3505604565143585, 0.3517269790172577, 0.3501393795013428, 0.3489891290664673, 0.34901848435401917, 0.3471834063529968, 0.34695443511009216, 0.34677666425704956, 0.347299188375473, 0.34524303674697876, 0.3480086028575897, 0.34854111075401306, 0.345485121011734, 0.3439583480358124, 0.343166708946228, 0.3425743877887726, 0.34206607937812805, 0.34221065044403076, 0.3437558710575104, 0.34027108550071716, 0.3423539400100708, 0.3391215205192566, 0.33917295932769775, 0.3381829559803009, 0.3397909104824066, 0.33758869767189026, 0.3364320695400238, 0.33573922514915466, 0.33553221821784973, 0.3350766897201538, 0.33446675539016724, 0.3339502215385437, 0.3328189551830292, 0.33272773027420044, 0.33489659428596497, 0.33469653129577637, 0.3333038091659546, 0.3313567042350769, 0.331111878156662, 0.32905787229537964, 0.32903361320495605, 0.331328421831131, 0.3283260762691498, 0.32764044404029846, 0.3279145359992981, 0.32688087224960327, 0.325888454914093, 0.32609421014785767, 0.3248659372329712, 0.3256559669971466, 0.33124080300331116, 0.324339896440506, 0.32387983798980713, 0.32797959446907043, 0.32789888978004456, 0.3252250552177429, 0.3226131200790405, 0.32388174533843994, 0.321750283241272, 0.319730281829834, 0.32122737169265747, 0.3201911449432373, 0.3230246603488922, 0.3196420967578888, 0.31684666872024536, 0.3176468312740326, 0.31835606694221497, 0.3193887770175934, 0.31896504759788513, 0.31428804993629456, 0.3203030526638031, 0.31634265184402466, 0.3141769468784332, 0.31193798780441284, 0.31204530596733093, 0.3141903579235077, 0.31299489736557007, 0.3129022419452667, 0.3092074692249298, 0.31487104296684265, 0.3077722191810608, 0.3077395260334015, 0.31069350242614746, 0.3159133195877075, 0.3084430694580078, 0.30498257279396057, 0.30479541420936584, 0.30458274483680725, 0.3048627972602844, 0.30353909730911255, 0.30513522028923035, 0.3019168972969055, 0.30392134189605713, 0.30251452326774597, 0.3022845983505249, 0.3039281368255615, 0.2997811436653137, 0.2980477213859558, 0.298936665058136, 0.2972375750541687, 0.29873090982437134, 0.2972608804702759, 0.30083879828453064, 0.2973793148994446, 0.29616060853004456, 0.29473042488098145, 0.2966953217983246, 0.2935742139816284, 0.2925797402858734, 0.2923485040664673, 0.29646599292755127, 0.2939669191837311, 0.29073894023895264, 0.2896336019039154, 0.28938961029052734, 0.2878955602645874, 0.28749215602874756, 0.28789862990379333, 0.28884416818618774]",33.0,"[33.0, 33.0, 33.0, 33.0, 33.0, 33.0, 33.0, 33.0, 33.0, 33.0, 33.0, 33.0, 33.0, 33.0, 33.0, 33.0, 33.0, 33.0, 33.0, 33.0, 33.0, 33.0, 33.0, 33.0, 33.0, 33.0, 33.0, 33.0, 33.0, 33.0, 33.0, 33.0, 33.0, 33.0, 33.0, 33.0, 33.0, 33.0, 33.0, 33.0, 33.0, 33.0, 33.0, 33.0, 33.0, 33.0, 33.0, 33.0, 33.0, 33.0, 33.0, 33.0, 33.0, 33.0, 33.0, 33.0, 33.0, 33.0, 33.0, 33.0, 33.0, 33.0, 33.0, 33.0, 33.0, 33.0, 33.0, 33.0, 33.0, 33.0, 33.0, 33.0, 33.0, 33.0, 33.0, 33.0, 33.0, 33.0, 33.0, 33.0, 33.0, 33.0, 33.0, 33.0, 33.0, 33.0, 33.0, 33.0, 33.0, 33.0, 33.0, 33.0, 33.0, 33.0, 33.0, 33.0, 33.0, 33.0, 33.0, 33.0, 33.0, 33.0, 33.0, 33.0, 33.0, 33.0, 33.0, 33.0, 33.0, 33.0, 33.0, 33.0, 33.0, 33.0, 33.0, 33.0, 33.0, 33.0, 33.0, 33.0, 33.0, 33.0, 33.0, 33.0, 33.0, 33.0, 33.0, 33.0, 33.0, 33.0, 33.0, 33.0, 33.0, 33.0, 33.0, 33.0, 33.0, 33.0, 33.0, 33.0, 33.0, 33.0, 33.0, 33.0, 33.0, 33.0, 33.0, 33.0, 33.0, 33.0, 33.0, 33.0, 33.0, 33.0, 33.0, 33.0, 33.0, 33.0, 33.0, 33.0, 33.0, 33.0, 33.0, 33.0, 33.0]",COMPLETE
37,37,0.7675864023392718,2024-08-31 02:00:11.550332,2024-08-31 02:00:54.172333,0 days 00:00:42.622001,4,0.7223389600828476,2,150,0.18475169465926924,70,0.0014610752559026826,0.886,0.8825,2,"[33, 33, 33, 17, 12, 7, 7, 6, 6, 6, 6, 6, 6, 6, 6, 5, 5, 3, 3, 3, 3, 3, 3, 3, 3, 3, 3, 3, 3, 3, 3, 3, 3, 3, 3, 3, 2, 2, 2, 2, 2, 2, 2, 2, 2, 2, 2, 2, 2, 2, 2, 2, 2, 2, 2, 2, 2, 2, 2, 2, 2, 2, 2, 2, 2, 2, 2, 2, 2, 2, 2, 2, 2, 2, 2, 2, 2, 2, 2, 2, 2, 2, 2, 2, 2, 2, 2, 2, 2, 2, 2, 2, 2, 2, 2, 2, 2, 2, 2, 2, 2, 2, 2, 2, 2, 2, 2, 2, 2, 2, 2, 2, 2, 2, 2, 2, 2, 2, 2, 2, 2, 2, 2, 2, 2, 2, 2, 2, 2, 2, 2, 2, 2, 2, 2, 2, 2, 2, 2, 2, 2, 2, 2, 2, 2, 2, 2, 2, 2, 2]",2.0,"[32.976190476190474, 32.94285714285714, 32.976190476190474, 16.99047619047619, 12.0, 6.9904761904761905, 6.995238095238095, 6.0, 6.0, 6.0, 6.0, 5.9904761904761905, 5.985714285714286, 5.995238095238095, 5.9904761904761905, 4.9904761904761905, 4.995238095238095, 2.9904761904761905, 2.9904761904761905, 2.9952380952380953, 2.9952380952380953, 2.9952380952380953, 2.9952380952380953, 2.9952380952380953, 2.9952380952380953, 2.9904761904761905, 2.9952380952380953, 3.0, 3.0, 2.9952380952380953, 3.0, 3.0, 3.0, 3.0, 2.9904761904761905, 2.9904761904761905, 1.9952380952380953, 1.9952380952380953, 2.0, 2.0, 1.9952380952380953, 1.9952380952380953, 1.9904761904761905, 2.0, 2.0, 2.0, 1.9952380952380953, 1.9904761904761905, 2.0, 1.9952380952380953, 2.0, 2.0, 2.0, 1.9952380952380953, 2.0, 2.0, 2.0, 2.0, 2.0, 2.0, 2.0, 2.0, 1.9904761904761905, 1.9952380952380953, 1.9952380952380953, 2.0, 2.0, 2.0, 2.0, 1.9952380952380953, 2.0, 2.0, 2.0, 1.9952380952380953, 2.0, 1.9904761904761905, 2.0, 2.0, 1.9952380952380953, 1.9904761904761905, 1.9952380952380953, 1.9952380952380953, 1.9952380952380953, 2.0, 2.0, 2.0, 2.0, 2.0, 2.0, 2.0, 2.0, 2.0, 2.0, 2.0, 2.0, 2.0, 2.0, 2.0, 2.0, 2.0, 2.0, 2.0, 2.0, 2.0, 2.0, 2.0, 2.0, 2.0, 2.0, 2.0, 2.0, 2.0, 2.0, 2.0, 2.0, 1.9952380952380953, 2.0, 2.0, 2.0, 2.0, 2.0, 2.0, 2.0, 2.0, 2.0, 2.0, 2.0, 2.0, 2.0, 2.0, 2.0, 2.0, 1.9952380952380953, 2.0, 2.0, 2.0, 2.0, 2.0, 2.0, 2.0, 1.9952380952380953, 2.0, 2.0, 2.0, 1.9952380952380953, 2.0, 2.0, 2.0, 2.0, 2.0]",0.7422823834410786,0.7675864023392718,2,"[33, 33, 33, 17, 12, 7, 7, 6, 6, 6, 6, 6, 6, 6, 6, 5, 5, 3, 3, 3, 3, 3, 3, 3, 3, 3, 3, 3, 3, 3, 3, 3, 3, 3, 3, 3, 2, 2, 2, 2, 2, 2, 2, 2, 2, 2, 2, 2, 2, 2, 2, 2, 2, 2, 2, 2, 2, 2, 2, 2, 2, 2, 2, 2, 2, 2, 2, 2, 2, 2, 2, 2, 2, 2, 2, 2, 2, 2, 2, 2, 2, 2, 2, 2, 2, 2, 2, 2, 2, 2, 2, 2, 2, 2, 2, 2, 2, 2, 2, 2, 2, 2, 2, 2, 2, 2, 2, 2, 2, 2, 2, 2, 2, 2, 2, 2, 2, 2, 2, 2, 2, 2, 2, 2, 2, 2, 2, 2, 2, 2, 2, 2, 2, 2, 2, 2, 2, 2, 2, 2, 2, 2, 2, 2, 2, 2, 2, 2, 2, 2]",150,"[0.4140375554561615, 0.38336503505706787, 0.9841659665107727, 0.46203911304473877, 0.9250314235687256, 0.4131515920162201, 0.6430471539497375, 0.2924578785896301, 0.8917021751403809, 0.286510705947876, 0.4035247564315796, 0.31878024339675903, 0.3824423551559448, 0.3146854341030121, 0.2792789340019226, 0.4065276086330414, 0.4512341320514679, 0.34583941102027893, 0.37568199634552, 0.3196731209754944, 0.34178856015205383, 0.9025667309761047, 0.327606737613678, 0.5247007012367249, 0.5257047414779663, 0.3571752607822418, 0.918606698513031, 0.33079633116722107, 0.344386488199234, 0.6033271551132202, 0.39902982115745544, 0.7556386590003967, 0.390686571598053, 0.32435551285743713, 0.32441771030426025, 0.5491856932640076, 0.4008761942386627, 0.3493012487888336, 0.4157467186450958, 0.442769318819046, 0.36007559299468994, 0.47911661863327026, 0.3434534966945648, 0.5242965817451477, 1.5079764127731323, 0.36431825160980225, 0.5305317640304565, 0.7187075614929199, 0.44368526339530945, 0.33880260586738586, 0.3483961522579193, 0.3926340341567993, 0.4063262641429901, 0.3472331166267395, 0.867387592792511, 0.4227929413318634, 0.565848708152771, 0.7916000485420227, 0.5373486876487732, 0.34270650148391724, 0.5450050234794617, 0.6595369577407837, 1.0307399034500122, 0.8620496392250061, 0.7806086540222168, 1.692173957824707, 0.3406726121902466, 0.6256517171859741, 0.3431969881057739, 0.3696117699146271, 0.6697729229927063, 0.661450982093811, 0.35947784781455994, 0.33590707182884216, 0.45456477999687195, 0.3383636176586151, 0.6108943223953247, 1.2309582233428955, 0.7312910556793213, 0.33257442712783813, 0.47578445076942444, 0.41812798380851746, 1.9147005081176758, 0.48936858773231506, 0.6015379428863525, 0.3397487699985504, 0.3459736108779907, 0.36879637837409973, 0.497548907995224, 0.8766541481018066, 0.34912997484207153, 0.38676807284355164, 0.438867449760437, 0.45276978611946106, 0.843067467212677, 0.40084147453308105, 0.33913353085517883, 0.3871692419052124, 0.47352099418640137, 0.3431222438812256, 0.40527138113975525, 0.3347785174846649, 0.3330920934677124, 0.33642590045928955, 0.34595122933387756, 0.3620366156101227, 0.58076012134552, 0.36343449354171753, 0.41251233220100403, 0.47600844502449036, 0.37581855058670044, 0.3752376437187195, 1.1348373889923096, 0.5237883925437927, 0.5979044437408447, 0.4474160075187683, 0.42693573236465454, 0.3363265097141266, 0.47961193323135376, 0.3543955087661743, 0.3476537764072418, 0.43018096685409546, 0.4843198359012604, 0.6147102117538452, 0.34789615869522095, 0.37268516421318054, 0.33812060952186584, 0.36845794320106506, 0.3398638665676117, 0.7433329224586487, 0.54571133852005, 0.4294242560863495, 0.4271199107170105, 0.5008849501609802, 0.42002955079078674, 1.0497848987579346, 0.6202526688575745, 0.6389138698577881, 0.4455428421497345, 0.7216655015945435, 0.365168958902359, 0.38456401228904724, 0.40155789256095886, 0.4471634328365326, 0.4602452516555786, 0.3335457146167755, 1.0193744897842407, 0.3406606912612915, 0.5276034474372864, 0.3414478302001953]",2.0,"[33.0, 33.0, 33.0, 17.0, 12.0, 7.0, 7.0, 6.0, 6.0, 6.0, 6.0, 6.0, 6.0, 6.0, 6.0, 5.0, 5.0, 3.0, 3.0, 3.0, 3.0, 3.0, 3.0, 3.0, 3.0, 3.0, 3.0, 3.0, 3.0, 3.0, 3.0, 3.0, 3.0, 3.0, 3.0, 3.0, 2.0, 2.0, 2.0, 2.0, 2.0, 2.0, 2.0, 2.0, 2.0, 2.0, 2.0, 2.0, 2.0, 2.0, 2.0, 2.0, 2.0, 2.0, 2.0, 2.0, 2.0, 2.0, 2.0, 2.0, 2.0, 2.0, 2.0, 2.0, 2.0, 2.0, 2.0, 2.0, 2.0, 2.0, 2.0, 2.0, 2.0, 2.0, 2.0, 2.0, 2.0, 2.0, 2.0, 2.0, 2.0, 2.0, 2.0, 2.0, 2.0, 2.0, 2.0, 2.0, 2.0, 2.0, 2.0, 2.0, 2.0, 2.0, 2.0, 2.0, 2.0, 2.0, 2.0, 2.0, 2.0, 2.0, 2.0, 2.0, 2.0, 2.0, 2.0, 2.0, 2.0, 2.0, 2.0, 2.0, 2.0, 2.0, 2.0, 2.0, 2.0, 2.0, 2.0, 2.0, 2.0, 2.0, 2.0, 2.0, 2.0, 2.0, 2.0, 2.0, 2.0, 2.0, 2.0, 2.0, 2.0, 2.0, 2.0, 2.0, 2.0, 2.0, 2.0, 2.0, 2.0, 2.0, 2.0, 2.0, 2.0, 2.0, 2.0, 2.0, 2.0, 2.0]",COMPLETE
