,number,value,datetime_start,datetime_complete,duration,params_batch_size_scaler,params_constant_learning_rate,params_depth,params_epochs,params_kernel_l2,params_num_trees,params_temperature,user_attrs_accuracy_test,user_attrs_accuracy_valid,user_attrs_approximate_feature_sparsity,user_attrs_approximate_feature_sparsity_history,user_attrs_approximate_weight_sparsity,user_attrs_approximate_weight_sparsity_history,user_attrs_auc_test,user_attrs_auc_valid,user_attrs_feature_sparsity,user_attrs_feature_sparsity_history,user_attrs_num_epochs,user_attrs_val_loss_history,user_attrs_weight_sparsity,user_attrs_weight_sparsity_history,state
72,72,0.8144040396233464,2024-08-31 03:33:17.954709,2024-08-31 03:37:30.120530,0 days 00:04:12.165821,4,0.017156072252625366,5,325,0.004596858847173641,78,0.022462341650591935,0.875,0.875,33,"[33, 33, 33, 33, 33, 33, 33, 33, 33, 33, 33, 33, 33, 33, 33, 33, 33, 33, 33, 33, 33, 33, 33, 33, 33, 33, 33, 33, 33, 33, 33, 33, 33, 33, 33, 33, 33, 33, 33, 33, 33, 33, 33, 33, 33, 33, 33, 33, 33, 33, 33, 33, 33, 33, 33, 33, 33, 33, 33, 33, 33, 33, 33, 33, 33, 33, 33, 33, 33, 33, 33, 33, 33, 33, 33, 33, 33, 33, 33, 33, 33, 33, 33, 33, 33, 33, 33, 33, 33, 33, 33, 33, 33, 33, 33, 33, 33, 33, 33, 33, 33, 33, 33, 33, 33, 33, 33, 33, 33, 33, 33, 33, 33, 33, 33, 33, 33, 33, 33, 33, 33, 33, 33, 33, 33, 33, 33, 33, 33, 33, 33, 33, 33, 33, 33, 33, 33, 33, 33, 33, 33, 33, 33, 33, 33, 33, 33, 33, 33, 33, 33, 33, 33, 33, 33, 33, 33, 33, 33, 33, 33, 33, 33, 33, 33, 33, 33, 33, 33, 33, 33, 33, 33, 33, 33, 33, 33, 33, 33, 33, 33, 33, 33, 33, 33, 33, 33, 33, 33, 33, 33, 33, 33, 33, 33, 33, 33, 33, 33, 33, 33, 33, 33, 33, 33, 33, 33, 33, 33, 33, 33, 33, 33, 33, 33, 33, 33, 33, 33, 33, 33, 33, 33, 33, 33, 33, 33, 33, 33, 33, 33, 33, 33, 33, 33, 33, 33, 33, 33, 33, 33, 33, 33, 33, 33, 33, 33, 33, 33, 33, 33, 33, 33, 33, 33, 33, 33, 33, 33, 33, 33, 33, 33, 33, 33, 33, 33, 33, 33, 33, 33, 33, 33, 33, 33, 33, 33, 33, 33, 33, 33, 33, 33, 33, 33, 33, 33, 33, 33, 33, 33, 33, 33, 33, 33, 33, 33, 33, 33, 33, 33, 33, 33, 33, 33, 33, 33, 33, 33, 33, 33, 33, 33, 33, 33, 33, 33, 33, 33, 33, 33, 33, 33, 33, 33]",32.94292803970223,"[32.93796526054591, 32.93713813068652, 32.932588916459885, 32.9317617866005, 32.93217535153019, 32.930521091811414, 32.935483870967744, 32.93796526054591, 32.9379652605459, 32.93589743589744, 32.93341604631927, 32.93300248138958, 32.936724565756826, 32.941273779983455, 32.93217535153019, 32.93382961124897, 32.93424317617866, 32.934656741108356, 32.93093465674111, 32.92224979321754, 32.93010752688172, 32.939205955334984, 32.939619520264685, 32.93920595533499, 32.941273779983455, 32.93589743589744, 32.93341604631927, 32.9317617866005, 32.92845326716294, 32.92845326716294, 32.92721257237386, 32.92597187758478, 32.9313482216708, 32.92886683209264, 32.93341604631927, 32.92845326716294, 32.93010752688172, 32.932588916459885, 32.93300248138958, 32.934656741108356, 32.93093465674111, 32.93300248138958, 32.934656741108356, 32.934656741108356, 32.935483870967744, 32.9317617866005, 32.935483870967744, 32.93713813068652, 32.93755169561621, 32.93796526054591, 32.93631100082713, 32.93382961124897, 32.93589743589744, 32.939619520264685, 32.94168734491315, 32.9449958643507, 32.94168734491315, 32.93755169561621, 32.93382961124897, 32.932588916459885, 32.93341604631927, 32.93341604631927, 32.935483870967744, 32.93589743589744, 32.93093465674111, 32.93424317617866, 32.934656741108356, 32.93589743589744, 32.93589743589744, 32.936724565756826, 32.93507030603805, 32.934656741108356, 32.935483870967744, 32.93300248138958, 32.932588916459885, 32.93589743589744, 32.932588916459885, 32.93300248138958, 32.935483870967744, 32.93631100082713, 32.936724565756826, 32.93382961124897, 32.93093465674111, 32.930521091811414, 32.9317617866005, 32.930521091811414, 32.93217535153019, 32.93341604631927, 32.93382961124897, 32.9313482216708, 32.93300248138958, 32.93341604631927, 32.934656741108356, 32.932588916459885, 32.93300248138958, 32.93424317617866, 32.93755169561621, 32.93507030603805, 32.93382961124897, 32.93217535153019, 32.934656741108356, 32.932588916459885, 32.93093465674111, 32.930521091811414, 32.932588916459885, 32.93382961124897, 32.93300248138958, 32.92638544251447, 32.92349048800662, 32.92555831265509, 32.925558312655085, 32.92597187758478, 32.93217535153019, 32.93217535153019, 32.932588916459885, 32.93713813068652, 32.935483870967744, 32.935483870967744, 32.937551695616214, 32.9383788254756, 32.93920595533499, 32.94003308519437, 32.94003308519437, 32.94003308519438, 32.94003308519438, 32.94292803970223, 32.94375516956162, 32.94292803970223, 32.94127377998346, 32.94292803970224, 32.94582299421009, 32.94582299421009, 32.94582299421009, 32.94168734491315, 32.94168734491315, 32.93755169561621, 32.936724565756826, 32.93796526054591, 32.94003308519438, 32.94168734491315, 32.93631100082713, 32.936724565756826, 32.936724565756826, 32.934656741108356, 32.935483870967744, 32.93424317617866, 32.93093465674111, 32.93217535153019, 32.92928039702233, 32.9317617866005, 32.93217535153019, 32.935483870967744, 32.939205955334984, 32.94003308519438, 32.94003308519437, 32.938378825475596, 32.936311000827125, 32.935483870967744, 32.93424317617866, 32.930521091811414, 32.934656741108356, 32.936724565756826, 32.9317617866005, 32.9317617866005, 32.93300248138958, 32.93217535153019, 32.93093465674111, 32.93093465674111, 32.9313482216708, 32.93093465674111, 32.93093465674111, 32.92803970223325, 32.92886683209264, 32.93093465674111, 32.929693961952026, 32.9317617866005, 32.934656741108356, 32.930521091811414, 32.934656741108356, 32.93382961124897, 32.9313482216708, 32.92845326716294, 32.9317617866005, 32.929693961952026, 32.929693961952026, 32.9317617866005, 32.93010752688172, 32.9317617866005, 32.93010752688172, 32.93300248138958, 32.930521091811414, 32.92845326716294, 32.925558312655085, 32.92886683209264, 32.93217535153019, 32.92928039702233, 32.92514474772539, 32.922663358147226, 32.925971877584786, 32.92969396195203, 32.9313482216708, 32.93341604631927, 32.9313482216708, 32.93300248138958, 32.93507030603805, 32.93507030603805, 32.93631100082713, 32.9387923904053, 32.935483870967744, 32.934656741108356, 32.935483870967744, 32.93631100082713, 32.93217535153019, 32.93093465674111, 32.93217535153019, 32.93382961124897, 32.93424317617866, 32.9317617866005, 32.93093465674111, 32.93300248138958, 32.9317617866005, 32.9313482216708, 32.93010752688172, 32.92845326716294, 32.92638544251447, 32.92142266335815, 32.92307692307693, 32.92390405293631, 32.92638544251448, 32.92803970223325, 32.93093465674111, 32.92803970223325, 32.92845326716294, 32.929693961952026, 32.92928039702233, 32.929693961952026, 32.9317617866005, 32.932588916459885, 32.93382961124897, 32.936724565756826, 32.93507030603805, 32.93796526054591, 32.935483870967744, 32.9383788254756, 32.93507030603805, 32.935483870967744, 32.934656741108356, 32.93796526054591, 32.935483870967744, 32.93382961124897, 32.93217535153019, 32.929693961952026, 32.92803970223325, 32.930521091811414, 32.930521091811414, 32.9317617866005, 32.92928039702233, 32.929693961952026, 32.93217535153019, 32.9317617866005, 32.9317617866005, 32.930521091811414, 32.92845326716294, 32.930521091811414, 32.9313482216708, 32.93382961124897, 32.934656741108356, 32.93879239040529, 32.94003308519437, 32.94168734491315, 32.94210090984284, 32.94168734491315, 32.94003308519438, 32.939619520264685, 32.94003308519438, 32.937551695616214, 32.93589743589744, 32.93341604631927, 32.93341604631927, 32.935483870967744, 32.93424317617866, 32.932588916459885, 32.93631100082713, 32.94210090984284, 32.94003308519438, 32.93796526054591, 32.93341604631927, 32.935483870967744, 32.93382961124897, 32.93382961124897, 32.936724565756826, 32.937551695616214, 32.9387923904053, 32.9383788254756, 32.93589743589744, 32.932588916459885, 32.9317617866005, 32.93507030603805, 32.93217535153019, 32.93217535153019, 32.93424317617866, 32.934656741108356, 32.934656741108356, 32.9379652605459, 32.937551695616214, 32.9387923904053, 32.93796526054591, 32.936724565756826, 32.93796526054591, 32.936724565756826, 32.937551695616214, 32.93920595533499, 32.94086021505377, 32.94210090984285, 32.94292803970223, 32.94210090984285, 32.94003308519438, 32.941687344913156, 32.942514474772544, 32.94416873449131, 32.94168734491315, 32.939205955334984, 32.94210090984284, 32.94086021505376, 32.94292803970223]",0.8307945078806794,0.8144040396233464,33,"[33, 33, 33, 33, 33, 33, 33, 33, 33, 33, 33, 33, 33, 33, 33, 33, 33, 33, 33, 33, 33, 33, 33, 33, 33, 33, 33, 33, 33, 33, 33, 33, 33, 33, 33, 33, 33, 33, 33, 33, 33, 33, 33, 33, 33, 33, 33, 33, 33, 33, 33, 33, 33, 33, 33, 33, 33, 33, 33, 33, 33, 33, 33, 33, 33, 33, 33, 33, 33, 33, 33, 33, 33, 33, 33, 33, 33, 33, 33, 33, 33, 33, 33, 33, 33, 33, 33, 33, 33, 33, 33, 33, 33, 33, 33, 33, 33, 33, 33, 33, 33, 33, 33, 33, 33, 33, 33, 33, 33, 33, 33, 33, 33, 33, 33, 33, 33, 33, 33, 33, 33, 33, 33, 33, 33, 33, 33, 33, 33, 33, 33, 33, 33, 33, 33, 33, 33, 33, 33, 33, 33, 33, 33, 33, 33, 33, 33, 33, 33, 33, 33, 33, 33, 33, 33, 33, 33, 33, 33, 33, 33, 33, 33, 33, 33, 33, 33, 33, 33, 33, 33, 33, 33, 33, 33, 33, 33, 33, 33, 33, 33, 33, 33, 33, 33, 33, 33, 33, 33, 33, 33, 33, 33, 33, 33, 33, 33, 33, 33, 33, 33, 33, 33, 33, 33, 33, 33, 33, 33, 33, 33, 33, 33, 33, 33, 33, 33, 33, 33, 33, 33, 33, 33, 33, 33, 33, 33, 33, 33, 33, 33, 33, 33, 33, 33, 33, 33, 33, 33, 33, 33, 33, 33, 33, 33, 33, 33, 33, 33, 33, 33, 33, 33, 33, 33, 33, 33, 33, 33, 33, 33, 33, 33, 33, 33, 33, 33, 33, 33, 33, 33, 33, 33, 33, 33, 33, 33, 33, 33, 33, 33, 33, 33, 33, 33, 33, 33, 33, 33, 33, 33, 33, 33, 33, 33, 33, 33, 33, 33, 33, 33, 33, 33, 33, 33, 33, 33, 33, 33, 33, 33, 33, 33, 33, 33, 33, 33, 33, 33, 33, 33, 33, 33, 33, 33]",325,"[0.4481678903102875, 0.4127250909805298, 0.4034399092197418, 0.39962655305862427, 0.3973323106765747, 0.39559608697891235, 0.39405784010887146, 0.3926597535610199, 0.3913516104221344, 0.39013248682022095, 0.3889654278755188, 0.3878881335258484, 0.38685503602027893, 0.38589632511138916, 0.38498547673225403, 0.38411375880241394, 0.383285254240036, 0.3825076222419739, 0.3817521631717682, 0.38103345036506653, 0.380361944437027, 0.3797036409378052, 0.3790932595729828, 0.37850043177604675, 0.37793079018592834, 0.37739622592926025, 0.37686729431152344, 0.3764013350009918, 0.3759143352508545, 0.3754405081272125, 0.3749769628047943, 0.3745608627796173, 0.3741488754749298, 0.37373995780944824, 0.3733725845813751, 0.37299033999443054, 0.37259575724601746, 0.37226366996765137, 0.3719330132007599, 0.37157928943634033, 0.37123459577560425, 0.37089160084724426, 0.3705599308013916, 0.37026485800743103, 0.369971364736557, 0.3696949779987335, 0.3693772256374359, 0.36908450722694397, 0.3688088357448578, 0.3685314953327179, 0.3682743310928345, 0.3680076599121094, 0.3677140474319458, 0.36745893955230713, 0.36719921231269836, 0.3669425845146179, 0.3666954040527344, 0.36644598841667175, 0.36620864272117615, 0.36594584584236145, 0.3657023310661316, 0.3654579520225525, 0.3651929497718811, 0.3649386465549469, 0.3647049367427826, 0.36450129747390747, 0.36427101492881775, 0.3640490770339966, 0.3638365566730499, 0.3636048436164856, 0.36338210105895996, 0.3631354570388794, 0.3629212975502014, 0.3627053499221802, 0.3624967932701111, 0.36226657032966614, 0.3620346188545227, 0.3618234395980835, 0.36160650849342346, 0.3613937795162201, 0.3611505627632141, 0.3609471917152405, 0.3607499301433563, 0.3605612516403198, 0.3603328466415405, 0.36011067032814026, 0.35988670587539673, 0.3596630096435547, 0.35945895314216614, 0.35926109552383423, 0.35904109477996826, 0.35882803797721863, 0.3586145341396332, 0.35839158296585083, 0.3581971228122711, 0.35798585414886475, 0.3577839732170105, 0.35759761929512024, 0.3573695719242096, 0.35718655586242676, 0.3569853901863098, 0.35678794980049133, 0.3565797507762909, 0.3563845157623291, 0.35619398951530457, 0.3559749126434326, 0.35577744245529175, 0.35558223724365234, 0.355368435382843, 0.3551784157752991, 0.3549596667289734, 0.35478341579437256, 0.354573130607605, 0.35435715317726135, 0.3541705012321472, 0.3539636731147766, 0.35375159978866577, 0.35355913639068604, 0.353373259305954, 0.3531606197357178, 0.3529698848724365, 0.35281699895858765, 0.3526074290275574, 0.3523760735988617, 0.3521692752838135, 0.3519893288612366, 0.35180991888046265, 0.3516078293323517, 0.35142356157302856, 0.3512273132801056, 0.3510517179965973, 0.35084274411201477, 0.3506370782852173, 0.35045719146728516, 0.3502729833126068, 0.35009047389030457, 0.3498910963535309, 0.3496956527233124, 0.3495025932788849, 0.34932300448417664, 0.3491494357585907, 0.3489864766597748, 0.34879347681999207, 0.3485851287841797, 0.34840115904808044, 0.34822720289230347, 0.3480408787727356, 0.3478442430496216, 0.34762313961982727, 0.34745338559150696, 0.34728455543518066, 0.3471183478832245, 0.34692856669425964, 0.3467619717121124, 0.3465653359889984, 0.34639492630958557, 0.3461690843105316, 0.3459831476211548, 0.3458150625228882, 0.3456586003303528, 0.34548553824424744, 0.34531575441360474, 0.34513458609580994, 0.34491732716560364, 0.3447433114051819, 0.3445347845554352, 0.3443697392940521, 0.34418198466300964, 0.3439922332763672, 0.3438558876514435, 0.3436673879623413, 0.34348157048225403, 0.3432929515838623, 0.34313106536865234, 0.3429480493068695, 0.3427813649177551, 0.3426143229007721, 0.3424043655395508, 0.3422373831272125, 0.34207072854042053, 0.34189438819885254, 0.34170591831207275, 0.34152886271476746, 0.3413621187210083, 0.34119513630867004, 0.34105148911476135, 0.3408582806587219, 0.3406890630722046, 0.3405148386955261, 0.3403584957122803, 0.3401678502559662, 0.3399985432624817, 0.3398081064224243, 0.33965134620666504, 0.33947116136550903, 0.339274138212204, 0.3391217291355133, 0.3389459252357483, 0.338787317276001, 0.33862125873565674, 0.3384614884853363, 0.33826324343681335, 0.3381277322769165, 0.3379339873790741, 0.3377847671508789, 0.337583988904953, 0.33741191029548645, 0.33723869919776917, 0.33709725737571716, 0.33692222833633423, 0.33673009276390076, 0.3365674316883087, 0.3363841772079468, 0.3362463414669037, 0.3360646069049835, 0.3358706533908844, 0.3357158601284027, 0.3355656862258911, 0.33540886640548706, 0.3352324366569519, 0.3350577652454376, 0.33487772941589355, 0.3347231149673462, 0.33453407883644104, 0.3343667984008789, 0.33419525623321533, 0.3340328335762024, 0.33385103940963745, 0.3336676061153412, 0.33350756764411926, 0.3333260416984558, 0.33316275477409363, 0.3330289423465729, 0.33286869525909424, 0.3326936364173889, 0.33251479268074036, 0.33233410120010376, 0.3321566879749298, 0.33200618624687195, 0.3318413496017456, 0.33165404200553894, 0.3314845561981201, 0.33131465315818787, 0.33115682005882263, 0.33095452189445496, 0.33080002665519714, 0.33063438534736633, 0.33050355315208435, 0.3303436040878296, 0.3301700949668884, 0.3299785554409027, 0.3298325836658478, 0.3296165466308594, 0.32945889234542847, 0.3293135166168213, 0.3291197717189789, 0.32896482944488525, 0.3287774622440338, 0.32860302925109863, 0.32844409346580505, 0.32826149463653564, 0.32806167006492615, 0.32790616154670715, 0.32771944999694824, 0.32755863666534424, 0.3274001181125641, 0.32720375061035156, 0.3270263969898224, 0.3268621563911438, 0.3266696631908417, 0.32649239897727966, 0.32634589076042175, 0.32616478204727173, 0.3259790539741516, 0.32580626010894775, 0.32563453912734985, 0.3254820704460144, 0.3252944052219391, 0.32509419322013855, 0.3249284029006958, 0.32475364208221436, 0.32455435395240784, 0.32439976930618286, 0.32425326108932495, 0.3240680992603302, 0.32388731837272644, 0.3236987292766571, 0.3235433101654053, 0.32333236932754517, 0.32316073775291443, 0.32297056913375854, 0.3228100538253784, 0.32262012362480164, 0.3224177956581116, 0.32223355770111084, 0.3221132159233093, 0.3218936026096344, 0.3217126429080963, 0.32150232791900635, 0.32131320238113403, 0.32114148139953613, 0.320969820022583, 0.3207893371582031, 0.32059940695762634, 0.32038775086402893, 0.3202270269393921, 0.32002487778663635, 0.3198453187942505, 0.3196374475955963, 0.31946513056755066, 0.31928351521492004, 0.3191297650337219, 0.31893545389175415, 0.31872132420539856, 0.318520188331604, 0.3183320462703705, 0.3181259036064148, 0.3179204761981964, 0.31773611903190613, 0.31753504276275635, 0.31734150648117065, 0.3171496093273163, 0.31697171926498413, 0.31676533818244934, 0.316580593585968]",33.0,"[33.0, 33.0, 33.0, 33.0, 33.0, 33.0, 33.0, 33.0, 33.0, 33.0, 33.0, 33.0, 33.0, 33.0, 33.0, 33.0, 33.0, 33.0, 33.0, 33.0, 33.0, 33.0, 33.0, 33.0, 33.0, 33.0, 33.0, 33.0, 33.0, 33.0, 33.0, 33.0, 33.0, 33.0, 33.0, 33.0, 33.0, 33.0, 33.0, 33.0, 33.0, 33.0, 33.0, 33.0, 33.0, 33.0, 33.0, 33.0, 33.0, 33.0, 33.0, 33.0, 33.0, 33.0, 33.0, 33.0, 33.0, 33.0, 33.0, 33.0, 33.0, 33.0, 33.0, 33.0, 33.0, 33.0, 33.0, 33.0, 33.0, 33.0, 33.0, 33.0, 33.0, 33.0, 33.0, 33.0, 33.0, 33.0, 33.0, 33.0, 33.0, 33.0, 33.0, 33.0, 33.0, 33.0, 33.0, 33.0, 33.0, 33.0, 33.0, 33.0, 33.0, 33.0, 33.0, 33.0, 33.0, 33.0, 33.0, 33.0, 33.0, 33.0, 33.0, 33.0, 33.0, 33.0, 33.0, 33.0, 33.0, 33.0, 33.0, 33.0, 33.0, 33.0, 33.0, 33.0, 33.0, 33.0, 33.0, 33.0, 33.0, 33.0, 33.0, 33.0, 33.0, 33.0, 33.0, 33.0, 33.0, 33.0, 33.0, 33.0, 33.0, 33.0, 33.0, 33.0, 33.0, 33.0, 33.0, 33.0, 33.0, 33.0, 33.0, 33.0, 33.0, 33.0, 33.0, 33.0, 33.0, 33.0, 33.0, 33.0, 33.0, 33.0, 33.0, 33.0, 33.0, 33.0, 33.0, 33.0, 33.0, 33.0, 33.0, 33.0, 33.0, 33.0, 33.0, 33.0, 33.0, 33.0, 33.0, 33.0, 33.0, 33.0, 33.0, 33.0, 33.0, 33.0, 33.0, 33.0, 33.0, 33.0, 33.0, 33.0, 33.0, 33.0, 33.0, 33.0, 33.0, 33.0, 33.0, 33.0, 33.0, 33.0, 33.0, 33.0, 33.0, 33.0, 33.0, 33.0, 33.0, 33.0, 33.0, 33.0, 33.0, 33.0, 33.0, 33.0, 33.0, 33.0, 33.0, 33.0, 33.0, 33.0, 33.0, 33.0, 33.0, 33.0, 33.0, 33.0, 33.0, 33.0, 33.0, 33.0, 33.0, 33.0, 33.0, 33.0, 33.0, 33.0, 33.0, 33.0, 33.0, 33.0, 33.0, 33.0, 33.0, 33.0, 33.0, 33.0, 33.0, 33.0, 33.0, 33.0, 33.0, 33.0, 33.0, 33.0, 33.0, 33.0, 33.0, 33.0, 33.0, 33.0, 33.0, 33.0, 33.0, 33.0, 33.0, 33.0, 33.0, 33.0, 33.0, 33.0, 33.0, 33.0, 33.0, 33.0, 33.0, 33.0, 33.0, 33.0, 33.0, 33.0, 33.0, 33.0, 33.0, 33.0, 33.0, 33.0, 33.0, 33.0, 33.0, 33.0, 33.0, 33.0, 33.0, 33.0, 33.0, 33.0, 33.0, 33.0, 33.0, 33.0, 33.0, 33.0, 33.0, 33.0, 33.0, 33.0, 33.0, 33.0, 33.0, 33.0, 33.0, 33.0, 33.0, 33.0, 33.0, 33.0, 33.0, 33.0, 33.0, 33.0, 33.0, 33.0, 33.0, 33.0, 33.0, 33.0, 33.0, 33.0, 33.0, 33.0, 33.0]",COMPLETE
