,number,value,datetime_start,datetime_complete,duration,params_batch_size_scaler,params_constant_learning_rate,params_depth,params_epochs,params_kernel_l2,params_num_trees,params_temperature,user_attrs_accuracy_test,user_attrs_accuracy_valid,user_attrs_approximate_feature_sparsity,user_attrs_approximate_feature_sparsity_history,user_attrs_approximate_weight_sparsity,user_attrs_approximate_weight_sparsity_history,user_attrs_auc_test,user_attrs_auc_valid,user_attrs_feature_sparsity,user_attrs_feature_sparsity_history,user_attrs_num_epochs,user_attrs_val_loss_history,user_attrs_weight_sparsity,user_attrs_weight_sparsity_history,state
135,135,0.8206386623900245,2024-08-31 06:13:34.970628,2024-08-31 06:13:51.650219,0 days 00:00:16.679591,64,0.8404518478550524,3,100,0.015257647336754995,39,0.004524416923249924,0.875,0.87125,4,"[33, 33, 33, 33, 33, 33, 33, 33, 33, 33, 33, 33, 33, 33, 33, 33, 33, 33, 33, 33, 31, 30, 24, 18, 13, 9, 9, 8, 6, 6, 6, 6, 6, 6, 6, 6, 6, 6, 5, 5, 5, 5, 5, 5, 5, 5, 4, 4, 4, 4, 4, 4, 4, 4, 4, 4, 4, 4, 4, 4, 4, 4, 4, 4, 4, 4, 4, 4, 4, 4, 4, 4, 4, 4, 4, 4, 4, 4, 4, 4, 4, 4, 4, 4, 4, 4, 4, 4, 4, 4, 4, 4, 4, 4, 4, 4, 4, 4, 4, 4]",3.9963369963369964,"[32.97802197802198, 32.97435897435898, 32.97435897435898, 32.97435897435898, 32.98901098901099, 32.97802197802198, 32.97435897435898, 32.97802197802198, 32.98168498168498, 32.96336996336996, 32.97435897435898, 32.97435897435898, 32.985347985347985, 32.97802197802198, 32.98168498168498, 32.98901098901099, 32.97802197802198, 32.95970695970696, 32.98168498168498, 32.97802197802198, 30.98901098901099, 29.974358974358974, 23.98168498168498, 17.996336996336996, 12.996336996336996, 8.996336996336996, 9.0, 8.0, 6.0, 6.0, 5.989010989010989, 5.996336996336996, 5.992673992673993, 6.0, 6.0, 5.996336996336996, 5.996336996336996, 6.0, 4.996336996336996, 4.996336996336996, 5.0, 5.0, 5.0, 5.0, 5.0, 4.996336996336996, 4.0, 3.9963369963369964, 3.9963369963369964, 4.0, 3.9963369963369964, 3.9926739926739927, 4.0, 4.0, 4.0, 3.9926739926739927, 3.9926739926739927, 4.0, 3.9963369963369964, 4.0, 4.0, 3.9963369963369964, 3.9963369963369964, 3.9963369963369964, 4.0, 4.0, 3.9963369963369964, 4.0, 3.9963369963369964, 3.9963369963369964, 3.9963369963369964, 4.0, 3.9853479853479854, 4.0, 3.9963369963369964, 3.9926739926739927, 3.9926739926739927, 4.0, 4.0, 3.9963369963369964, 3.9926739926739927, 3.9963369963369964, 4.0, 3.9963369963369964, 4.0, 4.0, 4.0, 4.0, 4.0, 4.0, 4.0, 3.9963369963369964, 4.0, 3.9963369963369964, 4.0, 4.0, 4.0, 3.9963369963369964, 4.0, 3.9963369963369964]",0.810979284835575,0.8206386623900245,4,"[33, 33, 33, 33, 33, 33, 33, 33, 33, 33, 33, 33, 33, 33, 33, 33, 33, 33, 33, 33, 31, 30, 24, 18, 13, 9, 9, 8, 6, 6, 6, 6, 6, 6, 6, 6, 6, 6, 5, 5, 5, 5, 5, 5, 5, 5, 4, 4, 4, 4, 4, 4, 4, 4, 4, 4, 4, 4, 4, 4, 4, 4, 4, 4, 4, 4, 4, 4, 4, 4, 4, 4, 4, 4, 4, 4, 4, 4, 4, 4, 4, 4, 4, 4, 4, 4, 4, 4, 4, 4, 4, 4, 4, 4, 4, 4, 4, 4, 4, 4]",100,"[0.38901808857917786, 0.38236793875694275, 0.3920981287956238, 0.37931138277053833, 0.37367933988571167, 0.3702969253063202, 0.36883413791656494, 0.37261852622032166, 0.36852818727493286, 0.36394986510276794, 0.3566889464855194, 0.3554494082927704, 0.3571692407131195, 0.35402852296829224, 0.3501965403556824, 0.3518557846546173, 0.3438062369823456, 0.3424984812736511, 0.3416706323623657, 0.3409076929092407, 0.3368731439113617, 0.3493104577064514, 0.33706068992614746, 0.33472561836242676, 0.34161442518234253, 0.3305531442165375, 0.32889825105667114, 0.3345920145511627, 0.3438340127468109, 0.3428511321544647, 0.34365910291671753, 0.35334646701812744, 0.3431674838066101, 0.34057825803756714, 0.35180482268333435, 0.336478054523468, 0.33543822169303894, 0.33664754033088684, 0.3409558832645416, 0.3439665734767914, 0.3386470675468445, 0.33794113993644714, 0.3378295600414276, 0.3382304906845093, 0.3372769057750702, 0.336037278175354, 0.3386388421058655, 0.3468395173549652, 0.3440515100955963, 0.33669543266296387, 0.3361063003540039, 0.343330979347229, 0.334159255027771, 0.3315114974975586, 0.3312090039253235, 0.34147879481315613, 0.3291592001914978, 0.3280378580093384, 0.3272809684276581, 0.3270108103752136, 0.32701006531715393, 0.33371543884277344, 0.32496723532676697, 0.3286994695663452, 0.3236461877822876, 0.3239602744579315, 0.32351699471473694, 0.33056414127349854, 0.3276202082633972, 0.3241913616657257, 0.32502296566963196, 0.32329705357551575, 0.32107430696487427, 0.32872018218040466, 0.3203437924385071, 0.3228985071182251, 0.31967273354530334, 0.319511353969574, 0.3247167468070984, 0.3201826810836792, 0.35233765840530396, 0.31919509172439575, 0.32401934266090393, 0.3185287117958069, 0.321834534406662, 0.3191082775592804, 0.3173045217990875, 0.31967586278915405, 0.3172297179698944, 0.3183727562427521, 0.316727876663208, 0.3165879249572754, 0.3170212209224701, 0.3163720667362213, 0.3174947202205658, 0.31676915287971497, 0.3153535723686218, 0.3164339065551758, 0.31827929615974426, 0.3172072768211365]",4.0,"[33.0, 33.0, 33.0, 33.0, 33.0, 33.0, 33.0, 33.0, 33.0, 33.0, 33.0, 33.0, 33.0, 33.0, 33.0, 33.0, 33.0, 33.0, 33.0, 33.0, 31.0, 30.0, 24.0, 18.0, 13.0, 9.0, 9.0, 8.0, 6.0, 6.0, 6.0, 6.0, 6.0, 6.0, 6.0, 6.0, 6.0, 6.0, 5.0, 5.0, 5.0, 5.0, 5.0, 5.0, 5.0, 5.0, 4.0, 4.0, 4.0, 4.0, 4.0, 4.0, 4.0, 4.0, 4.0, 4.0, 4.0, 4.0, 4.0, 4.0, 4.0, 4.0, 4.0, 4.0, 4.0, 4.0, 4.0, 4.0, 4.0, 4.0, 4.0, 4.0, 4.0, 4.0, 4.0, 4.0, 4.0, 4.0, 4.0, 4.0, 4.0, 4.0, 4.0, 4.0, 4.0, 4.0, 4.0, 4.0, 4.0, 4.0, 4.0, 4.0, 4.0, 4.0, 4.0, 4.0, 4.0, 4.0, 4.0, 4.0]",COMPLETE
136,136,0.8331851966353647,2024-08-31 06:13:55.019233,2024-08-31 06:14:12.526061,0 days 00:00:17.506828,16,0.08466217927067786,1,100,0.2026438184953496,98,0.02681695629052501,0.86,0.8575,33,"[33, 33, 33, 33, 33, 33, 33, 33, 33, 33, 33, 33, 33, 33, 33, 33, 33, 33, 33, 33, 33, 33, 33, 33, 33, 33, 33, 33, 33, 33, 33, 33, 33, 33, 33, 33, 33, 33, 33, 33, 33, 33, 33, 33, 33, 33, 33, 33, 33, 33, 33, 33, 33, 33, 33, 33, 33, 33, 33, 33, 33, 33, 33, 33, 33, 33, 33, 33, 33, 33, 33, 33, 33, 33, 33, 33, 33, 33, 33, 33, 33, 33, 33, 33, 33, 33, 33, 33, 33, 33, 33, 33, 33, 33, 33, 33, 33, 33, 33, 33]",32.98979591836735,"[32.96938775510204, 32.9795918367347, 32.95918367346939, 32.9795918367347, 32.98979591836735, 32.9795918367347, 32.95918367346939, 32.9795918367347, 32.98979591836735, 32.98979591836735, 32.98979591836735, 33.0, 33.0, 32.98979591836735, 32.98979591836735, 33.0, 32.98979591836735, 32.9795918367347, 32.96938775510204, 32.9795918367347, 32.9795918367347, 32.9795918367347, 32.95918367346939, 33.0, 32.95918367346939, 32.96938775510204, 33.0, 32.98979591836735, 32.96938775510204, 32.98979591836735, 33.0, 32.98979591836735, 32.98979591836735, 32.96938775510204, 32.95918367346939, 32.96938775510204, 32.96938775510204, 32.95918367346939, 32.9795918367347, 32.96938775510204, 32.98979591836735, 32.9795918367347, 32.9795918367347, 32.94897959183673, 32.96938775510204, 32.95918367346939, 32.95918367346939, 32.98979591836735, 32.98979591836735, 32.98979591836735, 32.98979591836735, 32.9795918367347, 32.98979591836735, 32.98979591836735, 32.98979591836735, 33.0, 33.0, 33.0, 33.0, 32.98979591836735, 33.0, 33.0, 32.98979591836735, 32.9795918367347, 32.9795918367347, 32.98979591836735, 32.9795918367347, 32.96938775510204, 32.98979591836735, 32.98979591836735, 33.0, 32.98979591836735, 32.9795918367347, 32.9795918367347, 32.95918367346939, 32.98979591836735, 32.9795918367347, 33.0, 32.98979591836735, 32.9795918367347, 32.98979591836735, 32.98979591836735, 32.9795918367347, 32.9795918367347, 32.98979591836735, 32.9795918367347, 32.9795918367347, 32.9795918367347, 32.98979591836735, 32.9795918367347, 32.98979591836735, 32.98979591836735, 32.98979591836735, 32.98979591836735, 32.9795918367347, 32.9795918367347, 32.95918367346939, 32.96938775510204, 32.96938775510204, 32.98979591836735]",0.8413708831810038,0.8331851966353647,33,"[33, 33, 33, 33, 33, 33, 33, 33, 33, 33, 33, 33, 33, 33, 33, 33, 33, 33, 33, 33, 33, 33, 33, 33, 33, 33, 33, 33, 33, 33, 33, 33, 33, 33, 33, 33, 33, 33, 33, 33, 33, 33, 33, 33, 33, 33, 33, 33, 33, 33, 33, 33, 33, 33, 33, 33, 33, 33, 33, 33, 33, 33, 33, 33, 33, 33, 33, 33, 33, 33, 33, 33, 33, 33, 33, 33, 33, 33, 33, 33, 33, 33, 33, 33, 33, 33, 33, 33, 33, 33, 33, 33, 33, 33, 33, 33, 33, 33, 33, 33]",100,"[0.5009399652481079, 0.48840177059173584, 0.47960132360458374, 0.47461849451065063, 0.4788285195827484, 0.46852728724479675, 0.4723711311817169, 0.46745896339416504, 0.46374863386154175, 0.461186021566391, 0.4601529836654663, 0.4767146408557892, 0.45626944303512573, 0.453472375869751, 0.45744141936302185, 0.4522683322429657, 0.44822773337364197, 0.45034682750701904, 0.44714969396591187, 0.4429195523262024, 0.442658931016922, 0.4398982524871826, 0.4410930275917053, 0.44191431999206543, 0.4353189468383789, 0.433050274848938, 0.4392045736312866, 0.43603914976119995, 0.43228423595428467, 0.42727601528167725, 0.4268762469291687, 0.450860857963562, 0.42377617955207825, 0.4226731061935425, 0.42164188623428345, 0.4206872880458832, 0.4189523458480835, 0.41742026805877686, 0.4172634780406952, 0.4179812967777252, 0.4135998487472534, 0.4126562774181366, 0.41154515743255615, 0.4122452139854431, 0.40980929136276245, 0.4089199900627136, 0.41062310338020325, 0.4078342318534851, 0.4076074957847595, 0.4080684781074524, 0.4024982750415802, 0.40587031841278076, 0.40269625186920166, 0.40069323778152466, 0.3986746072769165, 0.40041157603263855, 0.4037275016307831, 0.3994666337966919, 0.3947133719921112, 0.3974323272705078, 0.39305824041366577, 0.39191189408302307, 0.3959921598434448, 0.3946537673473358, 0.3947490453720093, 0.38943547010421753, 0.39469337463378906, 0.38731178641319275, 0.3871176838874817, 0.3865056335926056, 0.38636910915374756, 0.38475632667541504, 0.384103387594223, 0.3842941224575043, 0.38295143842697144, 0.38217228651046753, 0.3828318119049072, 0.38530632853507996, 0.37965065240859985, 0.38313567638397217, 0.38150981068611145, 0.37655287981033325, 0.38046589493751526, 0.3815902769565582, 0.3767525553703308, 0.3751913011074066, 0.37890785932540894, 0.37550076842308044, 0.3744291067123413, 0.3739716410636902, 0.3718397915363312, 0.37111255526542664, 0.37054717540740967, 0.370101660490036, 0.3694756329059601, 0.3684249222278595, 0.36805859208106995, 0.36760658025741577, 0.3696806728839874, 0.3679378032684326]",33.0,"[33.0, 33.0, 33.0, 33.0, 33.0, 33.0, 33.0, 33.0, 33.0, 33.0, 33.0, 33.0, 33.0, 33.0, 33.0, 33.0, 33.0, 33.0, 33.0, 33.0, 33.0, 33.0, 33.0, 33.0, 33.0, 33.0, 33.0, 33.0, 33.0, 33.0, 33.0, 33.0, 33.0, 33.0, 33.0, 33.0, 33.0, 33.0, 33.0, 33.0, 33.0, 33.0, 33.0, 33.0, 33.0, 33.0, 33.0, 33.0, 33.0, 33.0, 33.0, 33.0, 33.0, 33.0, 33.0, 33.0, 33.0, 33.0, 33.0, 33.0, 33.0, 33.0, 33.0, 33.0, 33.0, 33.0, 33.0, 33.0, 33.0, 33.0, 33.0, 33.0, 33.0, 33.0, 33.0, 33.0, 33.0, 33.0, 33.0, 33.0, 33.0, 33.0, 33.0, 33.0, 33.0, 33.0, 33.0, 33.0, 33.0, 33.0, 33.0, 33.0, 33.0, 33.0, 33.0, 33.0, 33.0, 33.0, 33.0, 33.0]",COMPLETE
137,137,0.5,2024-08-31 06:14:16.274345,2024-08-31 06:14:45.699534,0 days 00:00:29.425189,16,3.608124377497867,4,85,0.6924555078374605,7,0.08303498695144251,0.859,0.85875,0,"[0, 0, 0, 0, 0, 0, 0, 0, 0, 0, 0, 0, 0, 0, 0, 0, 0, 0, 0, 0, 0, 0, 0, 0, 0, 0, 0, 0, 0, 0, 0, 0, 0, 0, 0, 0, 0, 0, 0, 0, 0, 0, 0, 0, 0, 0, 0, 0, 0, 0, 0, 0, 0, 0, 0, 0, 0, 0, 0, 0, 0, 0, 0, 0, 0, 0, 0, 0, 0, 0, 0, 0, 0, 0, 0, 0, 0, 0, 0, 0, 0, 0, 0, 0, 0]",0.0,"[0.0, 0.0, 0.0, 0.0, 0.0, 0.0, 0.0, 0.0, 0.0, 0.0, 0.0, 0.0, 0.0, 0.0, 0.0, 0.0, 0.0, 0.0, 0.0, 0.0, 0.0, 0.0, 0.0, 0.0, 0.0, 0.0, 0.0, 0.0, 0.0, 0.0, 0.0, 0.0, 0.0, 0.0, 0.0, 0.0, 0.0, 0.0, 0.0, 0.0, 0.0, 0.0, 0.0, 0.0, 0.0, 0.0, 0.0, 0.0, 0.0, 0.0, 0.0, 0.0, 0.0, 0.0, 0.0, 0.0, 0.0, 0.0, 0.0, 0.0, 0.0, 0.0, 0.0, 0.0, 0.0, 0.0, 0.0, 0.0, 0.0, 0.0, 0.0, 0.0, 0.0, 0.0, 0.0, 0.0, 0.0, 0.0, 0.0, 0.0, 0.0, 0.0, 0.0, 0.0, 0.0]",0.5,0.5,0,"[0, 0, 0, 0, 0, 0, 0, 0, 0, 0, 0, 0, 0, 0, 0, 0, 0, 0, 0, 0, 0, 0, 0, 0, 0, 0, 0, 0, 0, 0, 0, 0, 0, 0, 0, 0, 0, 0, 0, 0, 0, 0, 0, 0, 0, 0, 0, 0, 0, 0, 0, 0, 0, 0, 0, 0, 0, 0, 0, 0, 0, 0, 0, 0, 0, 0, 0, 0, 0, 0, 0, 0, 0, 0, 0, 0, 0, 0, 0, 0, 0, 0, 0, 0, 0]",85,"[0.4082488715648651, 0.40734657645225525, 0.4123102128505707, 0.4091430902481079, 0.40978577733039856, 0.407335102558136, 0.4074667692184448, 0.4074149429798126, 0.4101830720901489, 0.4072263836860657, 0.40743473172187805, 0.4073063135147095, 0.4121415317058563, 0.40794697403907776, 0.4083961844444275, 0.4073806703090668, 0.4077013432979584, 0.4072261154651642, 0.4073643088340759, 0.40763959288597107, 0.4072333872318268, 0.4084174633026123, 0.40922659635543823, 0.40760546922683716, 0.4072781503200531, 0.4073294699192047, 0.4086167514324188, 0.4079843759536743, 0.4072997570037842, 0.40741363167762756, 0.4081265330314636, 0.407233327627182, 0.40726277232170105, 0.41129380464553833, 0.4072311520576477, 0.4077441692352295, 0.41158604621887207, 0.40757182240486145, 0.4072560966014862, 0.4073847234249115, 0.4113630950450897, 0.4090231657028198, 0.40723729133605957, 0.40823203325271606, 0.4072932302951813, 0.40737849473953247, 0.4113919734954834, 0.4072364568710327, 0.4110635817050934, 0.4079258441925049, 0.40833714604377747, 0.41219836473464966, 0.40980052947998047, 0.4079418182373047, 0.4076100289821625, 0.4076107144355774, 0.4073793888092041, 0.4077390730381012, 0.4076133966445923, 0.4074268043041229, 0.41168227791786194, 0.4081028401851654, 0.4191959500312805, 0.4074598252773285, 0.4087795615196228, 0.4106243848800659, 0.4074115753173828, 0.40741610527038574, 0.41023361682891846, 0.40823134779930115, 0.4081152081489563, 0.40734463930130005, 0.4078724682331085, 0.40759357810020447, 0.40773600339889526, 0.408559113740921, 0.4087603688240051, 0.40927863121032715, 0.4073086678981781, 0.407234787940979, 0.4077271521091461, 0.40751975774765015, 0.4072316288948059, 0.40722617506980896, 0.4074128270149231]",0.0,"[0.0, 0.0, 0.0, 0.0, 0.0, 0.0, 0.0, 0.0, 0.0, 0.0, 0.0, 0.0, 0.0, 0.0, 0.0, 0.0, 0.0, 0.0, 0.0, 0.0, 0.0, 0.0, 0.0, 0.0, 0.0, 0.0, 0.0, 0.0, 0.0, 0.0, 0.0, 0.0, 0.0, 0.0, 0.0, 0.0, 0.0, 0.0, 0.0, 0.0, 0.0, 0.0, 0.0, 0.0, 0.0, 0.0, 0.0, 0.0, 0.0, 0.0, 0.0, 0.0, 0.0, 0.0, 0.0, 0.0, 0.0, 0.0, 0.0, 0.0, 0.0, 0.0, 0.0, 0.0, 0.0, 0.0, 0.0, 0.0, 0.0, 0.0, 0.0, 0.0, 0.0, 0.0, 0.0, 0.0, 0.0, 0.0, 0.0, 0.0, 0.0, 0.0, 0.0, 0.0, 0.0]",COMPLETE
138,138,0.6871224124383299,2024-08-31 06:14:49.970969,2024-08-31 06:15:56.572081,0 days 00:01:06.601112,64,0.022547701378313637,5,140,0.018796169249260888,34,0.08893855147534534,0.859,0.85875,33,"[33, 33, 33, 33, 33, 33, 33, 33, 33, 33, 33, 33, 33, 33, 33, 33, 33, 33, 33, 33, 33, 33, 33, 33, 33, 33, 33, 33, 33, 33, 33, 33, 33, 33, 33, 33, 33, 33, 33, 33, 33, 33, 33, 33, 33, 33, 33, 33, 33, 33, 33, 33, 33, 33, 33, 33, 33, 33, 33, 33, 33, 33, 33, 33, 33, 33, 33, 33, 33, 33, 33, 33, 33, 33, 33, 33, 33, 33, 33, 33, 33, 33, 33, 33, 33, 33, 33, 33, 33, 33, 33, 33, 33, 33, 33, 33, 33, 33, 33, 33, 33, 33, 33, 33, 33, 33, 33, 33, 33, 33, 33, 33, 33, 33, 33, 33, 33, 33, 33, 33, 33, 33, 33, 33, 33, 33, 33, 33, 33, 33, 33, 33, 33, 33, 33, 33, 33, 33, 33, 33]",32.94876660341556,"[32.95920303605313, 32.9573055028463, 32.963946869070206, 32.96110056925996, 32.957305502846296, 32.94971537001897, 32.95066413662239, 32.95825426944972, 32.95445920303605, 32.95825426944972, 32.96204933586338, 32.95825426944971, 32.95920303605313, 32.95920303605313, 32.96110056925996, 32.96299810246679, 32.96015180265655, 32.95825426944972, 32.96204933586338, 32.96110056925996, 32.95635673624288, 32.95351043643264, 32.95635673624288, 32.96110056925996, 32.96299810246679, 32.96204933586338, 32.96394686907021, 32.96489563567362, 32.963946869070206, 32.96110056925996, 32.96204933586338, 32.96489563567362, 32.96869070208729, 32.96679316888046, 32.96489563567362, 32.96204933586338, 32.96489563567362, 32.96489563567362, 32.96584440227704, 32.96110056925996, 32.96015180265655, 32.957305502846296, 32.96110056925996, 32.96015180265655, 32.959203036053125, 32.96204933586338, 32.96015180265655, 32.96204933586338, 32.95825426944971, 32.96204933586338, 32.96299810246679, 32.96015180265655, 32.95920303605313, 32.96204933586338, 32.963946869070206, 32.96204933586338, 32.96110056925996, 32.96204933586338, 32.96110056925996, 32.96110056925996, 32.96110056925996, 32.96015180265655, 32.96015180265655, 32.96110056925996, 32.96204933586338, 32.96299810246679, 32.96110056925996, 32.96489563567363, 32.963946869070206, 32.96679316888046, 32.96299810246679, 32.96489563567362, 32.963946869070206, 32.96204933586338, 32.96110056925996, 32.96015180265655, 32.95825426944972, 32.957305502846296, 32.95256166982922, 32.95161290322581, 32.95256166982922, 32.95351043643264, 32.95540796963947, 32.95540796963947, 32.95635673624288, 32.96110056925996, 32.96204933586338, 32.96489563567362, 32.96299810246679, 32.96489563567362, 32.96774193548387, 32.96869070208729, 32.96679316888045, 32.963946869070206, 32.96299810246679, 32.963946869070206, 32.96110056925996, 32.95825426944971, 32.96204933586338, 32.95920303605313, 32.95635673624288, 32.95635673624288, 32.95635673624288, 32.95540796963947, 32.95445920303605, 32.95540796963947, 32.95540796963947, 32.95351043643264, 32.95445920303605, 32.95540796963947, 32.95540796963947, 32.95351043643264, 32.95825426944971, 32.95540796963947, 32.957305502846296, 32.95540796963947, 32.957305502846296, 32.957305502846296, 32.95540796963947, 32.95540796963947, 32.95635673624288, 32.95540796963947, 32.95351043643264, 32.95445920303605, 32.95540796963947, 32.950664136622386, 32.94686907020873, 32.94876660341556, 32.94876660341556, 32.94686907020873, 32.94876660341556, 32.94971537001897, 32.95066413662239, 32.95256166982922, 32.95256166982922, 32.95161290322581, 32.95066413662239, 32.94781783681214, 32.94781783681214, 32.94876660341556]",0.723552869491987,0.6871224124383299,33,"[33, 33, 33, 33, 33, 33, 33, 33, 33, 33, 33, 33, 33, 33, 33, 33, 33, 33, 33, 33, 33, 33, 33, 33, 33, 33, 33, 33, 33, 33, 33, 33, 33, 33, 33, 33, 33, 33, 33, 33, 33, 33, 33, 33, 33, 33, 33, 33, 33, 33, 33, 33, 33, 33, 33, 33, 33, 33, 33, 33, 33, 33, 33, 33, 33, 33, 33, 33, 33, 33, 33, 33, 33, 33, 33, 33, 33, 33, 33, 33, 33, 33, 33, 33, 33, 33, 33, 33, 33, 33, 33, 33, 33, 33, 33, 33, 33, 33, 33, 33, 33, 33, 33, 33, 33, 33, 33, 33, 33, 33, 33, 33, 33, 33, 33, 33, 33, 33, 33, 33, 33, 33, 33, 33, 33, 33, 33, 33, 33, 33, 33, 33, 33, 33, 33, 33, 33, 33, 33, 33]",140,"[0.6896781921386719, 0.6610291004180908, 0.6360175013542175, 0.6134780645370483, 0.5934993624687195, 0.5761520266532898, 0.5605223774909973, 0.5459539890289307, 0.5334265828132629, 0.521839439868927, 0.5115326046943665, 0.5024159550666809, 0.49394547939300537, 0.4866790473461151, 0.4796777665615082, 0.4730309247970581, 0.4669477045536041, 0.4622594714164734, 0.4575291574001312, 0.4531899690628052, 0.4492763578891754, 0.4456794857978821, 0.4423810541629791, 0.43946173787117004, 0.4366717040538788, 0.43411895632743835, 0.43184924125671387, 0.4296180307865143, 0.42752379179000854, 0.4255508482456207, 0.4237334430217743, 0.4219670593738556, 0.42043840885162354, 0.41893959045410156, 0.4175541400909424, 0.4161354899406433, 0.41485360264778137, 0.41374456882476807, 0.41275063157081604, 0.4118737280368805, 0.4111084043979645, 0.4101271331310272, 0.40931522846221924, 0.4085516333580017, 0.4078271985054016, 0.40729576349258423, 0.40655192732810974, 0.4059853255748749, 0.40536975860595703, 0.4047843813896179, 0.40431204438209534, 0.4037957787513733, 0.40327775478363037, 0.4027429223060608, 0.40234842896461487, 0.40199410915374756, 0.4015079736709595, 0.4010717272758484, 0.40066277980804443, 0.4003467559814453, 0.40006792545318604, 0.3997840881347656, 0.39957889914512634, 0.39923372864723206, 0.39893707633018494, 0.3986895680427551, 0.39841315150260925, 0.3981439173221588, 0.3978726267814636, 0.39761969447135925, 0.3973996043205261, 0.3972089886665344, 0.3970088064670563, 0.3967799246311188, 0.39660900831222534, 0.39640963077545166, 0.39623793959617615, 0.3960208594799042, 0.3958534896373749, 0.39565804600715637, 0.39551201462745667, 0.39535292983055115, 0.3951602280139923, 0.3949768841266632, 0.39485490322113037, 0.3946759104728699, 0.3945092260837555, 0.3943138122558594, 0.3941674530506134, 0.3940192461013794, 0.39388981461524963, 0.39372771978378296, 0.393615186214447, 0.3934474587440491, 0.3932966887950897, 0.3931886553764343, 0.3930477797985077, 0.3929034471511841, 0.39276209473609924, 0.3926059305667877, 0.3924441635608673, 0.3922802805900574, 0.3921281695365906, 0.3920257091522217, 0.3918883800506592, 0.3917590379714966, 0.3916202783584595, 0.3915063738822937, 0.3913944661617279, 0.3912754952907562, 0.39114710688591003, 0.3910444974899292, 0.3909297287464142, 0.39082595705986023, 0.3907257318496704, 0.390610933303833, 0.3905002176761627, 0.39040669798851013, 0.3902827799320221, 0.3901459872722626, 0.3900175392627716, 0.38990768790245056, 0.38979288935661316, 0.38968831300735474, 0.38957515358924866, 0.3894704580307007, 0.389356791973114, 0.3892471194267273, 0.3891541659832001, 0.38904839754104614, 0.38894879817962646, 0.38883981108665466, 0.38873234391212463, 0.3886399567127228, 0.38855352997779846, 0.3884568512439728, 0.38836669921875, 0.3882597088813782, 0.38816598057746887, 0.3880792260169983]",33.0,"[33.0, 33.0, 33.0, 33.0, 33.0, 33.0, 33.0, 33.0, 33.0, 33.0, 33.0, 33.0, 33.0, 33.0, 33.0, 33.0, 33.0, 33.0, 33.0, 33.0, 33.0, 33.0, 33.0, 33.0, 33.0, 33.0, 33.0, 33.0, 33.0, 33.0, 33.0, 33.0, 33.0, 33.0, 33.0, 33.0, 33.0, 33.0, 33.0, 33.0, 33.0, 33.0, 33.0, 33.0, 33.0, 33.0, 33.0, 33.0, 33.0, 33.0, 33.0, 33.0, 33.0, 33.0, 33.0, 33.0, 33.0, 33.0, 33.0, 33.0, 33.0, 33.0, 33.0, 33.0, 33.0, 33.0, 33.0, 33.0, 33.0, 33.0, 33.0, 33.0, 33.0, 33.0, 33.0, 33.0, 33.0, 33.0, 33.0, 33.0, 33.0, 33.0, 33.0, 33.0, 33.0, 33.0, 33.0, 33.0, 33.0, 33.0, 33.0, 33.0, 33.0, 33.0, 33.0, 33.0, 33.0, 33.0, 33.0, 33.0, 33.0, 33.0, 33.0, 33.0, 33.0, 33.0, 33.0, 33.0, 33.0, 33.0, 33.0, 33.0, 33.0, 33.0, 33.0, 33.0, 33.0, 33.0, 33.0, 33.0, 33.0, 33.0, 33.0, 33.0, 33.0, 33.0, 33.0, 33.0, 33.0, 33.0, 33.0, 33.0, 33.0, 33.0, 33.0, 33.0, 33.0, 33.0, 33.0, 33.0]",COMPLETE
