,number,value,datetime_start,datetime_complete,duration,params_batch_size_scaler,params_constant_learning_rate,params_depth,params_epochs,params_kernel_l2,params_num_trees,params_temperature,user_attrs_accuracy_test,user_attrs_accuracy_valid,user_attrs_approximate_feature_sparsity,user_attrs_approximate_feature_sparsity_history,user_attrs_approximate_weight_sparsity,user_attrs_approximate_weight_sparsity_history,user_attrs_auc_test,user_attrs_auc_valid,user_attrs_feature_sparsity,user_attrs_feature_sparsity_history,user_attrs_num_epochs,user_attrs_val_loss_history,user_attrs_weight_sparsity,user_attrs_weight_sparsity_history,state
74,74,0.6540235215313471,2024-08-31 03:38:05.710720,2024-08-31 03:38:47.478532,0 days 00:00:41.767812,16,5.442156558332162,2,325,0.005623484886221598,72,0.009171715556322511,0.858,0.855,9,"[5, 5, 6, 8, 8, 8, 9, 9, 9, 9, 9, 9, 9, 9, 9, 9, 9, 9, 9, 9, 9, 9, 9, 9, 9, 9, 9, 9, 9, 9, 9, 9, 9, 9, 9, 9, 9, 9, 9, 9, 9, 9, 9, 9, 9, 9, 9, 9, 9, 9, 9, 9, 9, 9, 9, 9, 9, 9, 9, 9, 9, 9, 9, 9, 9, 9, 9, 9, 9, 9, 9, 9, 9, 9, 9, 9, 9, 9, 9, 9, 9, 9, 9, 9, 9, 9, 9, 9, 9, 9, 9, 9, 9, 9, 9, 9, 9, 9, 9, 9, 9, 9, 9, 9, 9, 9, 9, 9, 9, 9, 9, 9, 9, 9, 9, 9, 9, 9, 9, 9, 9, 9, 9, 9, 9, 9, 9, 9, 9, 9, 9, 9, 9, 9, 9, 9, 9, 9, 9, 9, 9, 9, 9, 9, 9, 9, 9, 9, 9, 9, 9, 9, 9, 9, 9, 9, 9, 9, 9, 9, 9, 9, 9, 9, 9, 9, 9, 9, 9, 9, 9, 9, 9, 9, 9, 9, 9, 9, 9, 9, 9, 9, 9, 9, 9, 9, 9, 9, 9, 9, 9, 9, 9, 9, 9, 9, 9, 9, 9, 9, 9, 9, 9, 9, 9, 9, 9, 9, 9, 9, 9, 9, 9, 9, 9, 9, 9, 9, 9, 9, 9, 9, 9, 9, 9, 9, 9, 9, 9, 9, 9, 9, 9, 9, 9, 9, 9, 9, 9, 9, 9, 9, 9, 9, 9, 9, 9, 9, 9, 9, 9, 9, 9, 9, 9, 9, 9, 9, 9, 9, 9, 9, 9, 9, 9, 9, 9, 9, 9, 9, 9, 9, 9, 9, 9, 9, 9, 9, 9, 9, 9, 9, 9, 9, 9, 9, 9, 9, 9, 9, 9, 9, 9, 9, 9, 9, 9, 9, 9, 9, 9, 9, 9, 9, 9, 9, 9, 9, 9, 9, 9, 9, 9, 9, 9, 9, 9, 9, 9, 9, 9, 9, 9, 9, 9]",9.0,"[5.0, 5.0, 5.99537037037037, 7.9907407407407405, 8.0, 8.0, 8.98611111111111, 8.98611111111111, 8.99537037037037, 8.99537037037037, 8.99537037037037, 9.0, 9.0, 9.0, 9.0, 9.0, 9.0, 9.0, 8.99537037037037, 9.0, 9.0, 9.0, 9.0, 9.0, 9.0, 8.99537037037037, 9.0, 9.0, 9.0, 9.0, 9.0, 8.99537037037037, 9.0, 9.0, 9.0, 9.0, 9.0, 9.0, 9.0, 9.0, 8.99537037037037, 9.0, 9.0, 9.0, 8.99537037037037, 9.0, 8.99537037037037, 9.0, 9.0, 9.0, 9.0, 9.0, 9.0, 9.0, 9.0, 9.0, 9.0, 9.0, 9.0, 8.99537037037037, 9.0, 9.0, 9.0, 9.0, 9.0, 9.0, 9.0, 9.0, 9.0, 9.0, 9.0, 9.0, 9.0, 9.0, 9.0, 9.0, 9.0, 9.0, 9.0, 9.0, 9.0, 8.99537037037037, 9.0, 9.0, 9.0, 9.0, 9.0, 9.0, 9.0, 8.99537037037037, 9.0, 9.0, 9.0, 9.0, 9.0, 9.0, 9.0, 9.0, 9.0, 9.0, 9.0, 9.0, 9.0, 9.0, 9.0, 8.99537037037037, 9.0, 9.0, 9.0, 9.0, 9.0, 9.0, 8.99537037037037, 8.99537037037037, 9.0, 9.0, 9.0, 9.0, 9.0, 8.99074074074074, 8.99537037037037, 8.99537037037037, 8.99537037037037, 8.99537037037037, 9.0, 9.0, 9.0, 9.0, 9.0, 9.0, 8.99537037037037, 8.99537037037037, 9.0, 9.0, 8.99537037037037, 8.99074074074074, 8.99537037037037, 9.0, 9.0, 8.99537037037037, 8.99537037037037, 9.0, 8.99537037037037, 9.0, 9.0, 9.0, 8.99537037037037, 9.0, 9.0, 8.99537037037037, 9.0, 9.0, 9.0, 9.0, 9.0, 9.0, 9.0, 9.0, 9.0, 9.0, 9.0, 9.0, 9.0, 9.0, 8.99537037037037, 9.0, 9.0, 9.0, 9.0, 9.0, 9.0, 8.99537037037037, 9.0, 8.99537037037037, 9.0, 9.0, 9.0, 8.99537037037037, 9.0, 9.0, 9.0, 9.0, 8.99537037037037, 8.99537037037037, 9.0, 9.0, 9.0, 9.0, 9.0, 9.0, 8.99537037037037, 8.99537037037037, 9.0, 9.0, 9.0, 9.0, 8.99537037037037, 9.0, 8.99537037037037, 9.0, 9.0, 9.0, 8.99537037037037, 9.0, 8.99537037037037, 9.0, 9.0, 9.0, 8.99537037037037, 9.0, 9.0, 8.99537037037037, 9.0, 9.0, 8.99537037037037, 9.0, 9.0, 9.0, 9.0, 9.0, 8.99537037037037, 9.0, 8.99537037037037, 9.0, 8.99537037037037, 9.0, 9.0, 9.0, 9.0, 9.0, 9.0, 9.0, 9.0, 8.99537037037037, 9.0, 9.0, 9.0, 9.0, 9.0, 9.0, 9.0, 9.0, 9.0, 9.0, 9.0, 9.0, 9.0, 9.0, 9.0, 9.0, 9.0, 8.99537037037037, 9.0, 9.0, 9.0, 9.0, 8.99537037037037, 9.0, 9.0, 9.0, 9.0, 9.0, 9.0, 9.0, 9.0, 8.99537037037037, 8.99074074074074, 9.0, 9.0, 9.0, 9.0, 9.0, 9.0, 9.0, 9.0, 9.0, 9.0, 9.0, 9.0, 9.0, 9.0, 9.0, 9.0, 8.99537037037037, 9.0, 9.0, 9.0, 9.0, 9.0, 9.0, 9.0, 9.0, 9.0, 9.0, 9.0, 9.0, 9.0, 9.0, 9.0, 9.0, 9.0, 9.0, 9.0, 9.0, 9.0, 9.0, 9.0, 9.0, 9.0, 9.0, 8.99537037037037, 9.0, 8.99537037037037, 9.0, 9.0, 8.99537037037037, 9.0, 8.99074074074074, 9.0, 8.99537037037037, 9.0, 9.0, 9.0, 9.0, 9.0]",0.6540014366036706,0.6540235215313471,9,"[5, 5, 6, 8, 8, 8, 9, 9, 9, 9, 9, 9, 9, 9, 9, 9, 9, 9, 9, 9, 9, 9, 9, 9, 9, 9, 9, 9, 9, 9, 9, 9, 9, 9, 9, 9, 9, 9, 9, 9, 9, 9, 9, 9, 9, 9, 9, 9, 9, 9, 9, 9, 9, 9, 9, 9, 9, 9, 9, 9, 9, 9, 9, 9, 9, 9, 9, 9, 9, 9, 9, 9, 9, 9, 9, 9, 9, 9, 9, 9, 9, 9, 9, 9, 9, 9, 9, 9, 9, 9, 9, 9, 9, 9, 9, 9, 9, 9, 9, 9, 9, 9, 9, 9, 9, 9, 9, 9, 9, 9, 9, 9, 9, 9, 9, 9, 9, 9, 9, 9, 9, 9, 9, 9, 9, 9, 9, 9, 9, 9, 9, 9, 9, 9, 9, 9, 9, 9, 9, 9, 9, 9, 9, 9, 9, 9, 9, 9, 9, 9, 9, 9, 9, 9, 9, 9, 9, 9, 9, 9, 9, 9, 9, 9, 9, 9, 9, 9, 9, 9, 9, 9, 9, 9, 9, 9, 9, 9, 9, 9, 9, 9, 9, 9, 9, 9, 9, 9, 9, 9, 9, 9, 9, 9, 9, 9, 9, 9, 9, 9, 9, 9, 9, 9, 9, 9, 9, 9, 9, 9, 9, 9, 9, 9, 9, 9, 9, 9, 9, 9, 9, 9, 9, 9, 9, 9, 9, 9, 9, 9, 9, 9, 9, 9, 9, 9, 9, 9, 9, 9, 9, 9, 9, 9, 9, 9, 9, 9, 9, 9, 9, 9, 9, 9, 9, 9, 9, 9, 9, 9, 9, 9, 9, 9, 9, 9, 9, 9, 9, 9, 9, 9, 9, 9, 9, 9, 9, 9, 9, 9, 9, 9, 9, 9, 9, 9, 9, 9, 9, 9, 9, 9, 9, 9, 9, 9, 9, 9, 9, 9, 9, 9, 9, 9, 9, 9, 9, 9, 9, 9, 9, 9, 9, 9, 9, 9, 9, 9, 9, 9, 9, 9, 9, 9, 9]",325,"[4.039490222930908, 23.357393264770508, 5.439034461975098, 3.4556522369384766, 33.49802780151367, 12.679878234863281, 8.643450736999512, 18.124778747558594, 60.78770446777344, 63.53132247924805, 51.18704605102539, 28.2067928314209, 20.747695922851562, 7.266098499298096, 32.23406982421875, 18.082426071166992, 13.893484115600586, 7.2620110511779785, 54.526180267333984, 43.89674377441406, 22.038606643676758, 4.3982253074646, 8.956951141357422, 18.94196319580078, 13.786109924316406, 24.144786834716797, 4.011032581329346, 16.274316787719727, 20.76007843017578, 27.419702529907227, 21.555381774902344, 11.494577407836914, 18.71721839904785, 20.190942764282227, 13.223676681518555, 14.483226776123047, 4.869939804077148, 25.135557174682617, 4.3260650634765625, 16.366464614868164, 20.895418167114258, 6.5024285316467285, 4.712712287902832, 2.4953317642211914, 10.031155586242676, 3.397843837738037, 10.654720306396484, 7.112736701965332, 17.647462844848633, 26.43511962890625, 2.6950325965881348, 16.523040771484375, 3.279559373855591, 12.411214828491211, 18.179109573364258, 14.063859939575195, 15.943188667297363, 2.7859222888946533, 3.0274438858032227, 27.1348876953125, 10.166708946228027, 12.622584342956543, 10.474233627319336, 4.465609073638916, 3.4618213176727295, 6.884843826293945, 9.932602882385254, 6.758350372314453, 6.205709457397461, 19.062904357910156, 26.581327438354492, 2.4327259063720703, 9.069232940673828, 3.608283758163452, 6.989963531494141, 5.580651760101318, 5.830399036407471, 1.9724458456039429, 18.17168426513672, 13.21866226196289, 13.93343734741211, 26.702919006347656, 9.951210021972656, 27.740663528442383, 8.040444374084473, 7.358188629150391, 3.733786106109619, 4.601507186889648, 3.527459144592285, 4.360379219055176, 4.062586784362793, 6.147960662841797, 13.295027732849121, 15.882287979125977, 14.335541725158691, 3.5081281661987305, 10.64615249633789, 2.997128486633301, 7.964759349822998, 8.232149124145508, 10.011811256408691, 3.9428234100341797, 1.4996392726898193, 15.58590316772461, 4.460733890533447, 2.4199564456939697, 14.012611389160156, 9.343985557556152, 19.98487091064453, 5.973779678344727, 22.242238998413086, 7.3591108322143555, 2.763596773147583, 2.757779121398926, 10.115959167480469, 2.234254837036133, 11.508478164672852, 7.6088714599609375, 12.085114479064941, 3.6211931705474854, 3.5937910079956055, 3.091888427734375, 27.67886734008789, 23.928016662597656, 2.5143651962280273, 3.7449514865875244, 5.869104385375977, 8.208335876464844, 10.867650032043457, 9.487117767333984, 2.9111053943634033, 12.8015775680542, 15.339822769165039, 7.590312480926514, 4.241698741912842, 14.257303237915039, 28.59905242919922, 5.956414222717285, 9.661173820495605, 6.355981826782227, 3.512667179107666, 2.8466808795928955, 8.124401092529297, 3.987936019897461, 21.231294631958008, 2.4005062580108643, 2.26121187210083, 3.3806498050689697, 10.477924346923828, 13.918156623840332, 3.2189691066741943, 3.8081514835357666, 5.54769229888916, 2.773277997970581, 4.72524881362915, 16.138011932373047, 3.240689754486084, 6.6401190757751465, 6.352153301239014, 14.480579376220703, 12.221078872680664, 23.047380447387695, 24.5131893157959, 10.597917556762695, 10.231401443481445, 6.6015424728393555, 15.879552841186523, 20.375019073486328, 5.891544342041016, 20.20476531982422, 8.98256778717041, 12.674446105957031, 2.7064950466156006, 8.501750946044922, 21.295265197753906, 12.588168144226074, 4.216891288757324, 12.722094535827637, 18.351360321044922, 3.7639832496643066, 2.738741397857666, 24.356081008911133, 3.4983513355255127, 5.321967601776123, 2.1865594387054443, 17.757278442382812, 10.526233673095703, 4.0724639892578125, 4.190828323364258, 21.531953811645508, 8.302482604980469, 12.581393241882324, 2.2109808921813965, 4.087630748748779, 9.906991958618164, 2.927262306213379, 7.0527472496032715, 2.122939348220825, 13.15107536315918, 4.789930820465088, 4.401732921600342, 12.371368408203125, 11.855632781982422, 3.0079381465911865, 2.138965606689453, 2.5586390495300293, 5.167658805847168, 17.967878341674805, 3.052595615386963, 9.868577003479004, 3.1924209594726562, 2.9006128311157227, 11.858861923217773, 9.125022888183594, 5.731740951538086, 3.9926230907440186, 26.614356994628906, 14.752798080444336, 12.326783180236816, 2.9542160034179688, 3.3265748023986816, 13.305410385131836, 2.7284014225006104, 12.26386833190918, 3.3160717487335205, 2.246574640274048, 9.046624183654785, 3.5714380741119385, 15.077093124389648, 8.877564430236816, 2.3784029483795166, 2.498168706893921, 9.78210735321045, 7.812170028686523, 4.320897102355957, 7.627894878387451, 2.767024278640747, 10.942241668701172, 2.0776634216308594, 2.374945878982544, 2.856987953186035, 1.3295385837554932, 4.560386657714844, 4.940723419189453, 6.0119500160217285, 8.063338279724121, 14.504890441894531, 10.348398208618164, 3.9062085151672363, 13.199786186218262, 6.939924240112305, 19.40464210510254, 1.784995436668396, 11.46197509765625, 2.173184871673584, 11.061103820800781, 2.273402690887451, 2.8021581172943115, 4.91504430770874, 5.798581123352051, 2.4114558696746826, 3.9461138248443604, 7.026006698608398, 5.620396137237549, 5.025390148162842, 4.489598274230957, 1.6881016492843628, 18.999574661254883, 21.027000427246094, 7.527909755706787, 14.960762023925781, 14.744915008544922, 2.334312677383423, 13.232488632202148, 4.225103378295898, 18.664838790893555, 11.094411849975586, 11.7051362991333, 3.143603801727295, 3.696287155151367, 10.98910140991211, 1.8900697231292725, 2.446521282196045, 4.332070827484131, 19.513294219970703, 23.375839233398438, 6.278963565826416, 19.56449317932129, 2.3520069122314453, 2.656215190887451, 2.5377652645111084, 2.9324655532836914, 2.8512115478515625, 3.8780324459075928, 16.106924057006836, 4.516819000244141, 2.2613654136657715, 2.8814966678619385, 2.2400712966918945, 2.8249101638793945, 2.413111686706543, 7.751922607421875, 11.5032377243042, 2.818028450012207, 4.149590015411377, 5.493214130401611, 3.684617280960083, 11.137051582336426, 2.007462501525879, 5.475519180297852, 3.6536545753479004, 4.514662265777588, 4.279719829559326, 18.524290084838867, 14.112388610839844, 3.576467990875244, 16.835901260375977, 24.037290573120117, 4.001677513122559, 19.311717987060547, 3.337386131286621, 7.946236610412598, 5.141791820526123, 5.819268226623535, 4.339608669281006]",9.0,"[5.0, 5.0, 6.0, 8.0, 8.0, 8.0, 9.0, 9.0, 9.0, 9.0, 9.0, 9.0, 9.0, 9.0, 9.0, 9.0, 9.0, 9.0, 9.0, 9.0, 9.0, 9.0, 9.0, 9.0, 9.0, 9.0, 9.0, 9.0, 9.0, 9.0, 9.0, 9.0, 9.0, 9.0, 9.0, 9.0, 9.0, 9.0, 9.0, 9.0, 9.0, 9.0, 9.0, 9.0, 9.0, 9.0, 9.0, 9.0, 9.0, 9.0, 9.0, 9.0, 9.0, 9.0, 9.0, 9.0, 9.0, 9.0, 9.0, 9.0, 9.0, 9.0, 9.0, 9.0, 9.0, 9.0, 9.0, 9.0, 9.0, 9.0, 9.0, 9.0, 9.0, 9.0, 9.0, 9.0, 9.0, 9.0, 9.0, 9.0, 9.0, 9.0, 9.0, 9.0, 9.0, 9.0, 9.0, 9.0, 9.0, 9.0, 9.0, 9.0, 9.0, 9.0, 9.0, 9.0, 9.0, 9.0, 9.0, 9.0, 9.0, 9.0, 9.0, 9.0, 9.0, 9.0, 9.0, 9.0, 9.0, 9.0, 9.0, 9.0, 9.0, 9.0, 9.0, 9.0, 9.0, 9.0, 9.0, 9.0, 9.0, 9.0, 9.0, 9.0, 9.0, 9.0, 9.0, 9.0, 9.0, 9.0, 9.0, 9.0, 9.0, 9.0, 9.0, 9.0, 9.0, 9.0, 9.0, 9.0, 9.0, 9.0, 9.0, 9.0, 9.0, 9.0, 9.0, 9.0, 9.0, 9.0, 9.0, 9.0, 9.0, 9.0, 9.0, 9.0, 9.0, 9.0, 9.0, 9.0, 9.0, 9.0, 9.0, 9.0, 9.0, 9.0, 9.0, 9.0, 9.0, 9.0, 9.0, 9.0, 9.0, 9.0, 9.0, 9.0, 9.0, 9.0, 9.0, 9.0, 9.0, 9.0, 9.0, 9.0, 9.0, 9.0, 9.0, 9.0, 9.0, 9.0, 9.0, 9.0, 9.0, 9.0, 9.0, 9.0, 9.0, 9.0, 9.0, 9.0, 9.0, 9.0, 9.0, 9.0, 9.0, 9.0, 9.0, 9.0, 9.0, 9.0, 9.0, 9.0, 9.0, 9.0, 9.0, 9.0, 9.0, 9.0, 9.0, 9.0, 9.0, 9.0, 9.0, 9.0, 9.0, 9.0, 9.0, 9.0, 9.0, 9.0, 9.0, 9.0, 9.0, 9.0, 9.0, 9.0, 9.0, 9.0, 9.0, 9.0, 9.0, 9.0, 9.0, 9.0, 9.0, 9.0, 9.0, 9.0, 9.0, 9.0, 9.0, 9.0, 9.0, 9.0, 9.0, 9.0, 9.0, 9.0, 9.0, 9.0, 9.0, 9.0, 9.0, 9.0, 9.0, 9.0, 9.0, 9.0, 9.0, 9.0, 9.0, 9.0, 9.0, 9.0, 9.0, 9.0, 9.0, 9.0, 9.0, 9.0, 9.0, 9.0, 9.0, 9.0, 9.0, 9.0, 9.0, 9.0, 9.0, 9.0, 9.0, 9.0, 9.0, 9.0, 9.0, 9.0, 9.0, 9.0, 9.0, 9.0, 9.0, 9.0, 9.0, 9.0, 9.0, 9.0, 9.0, 9.0, 9.0, 9.0, 9.0, 9.0, 9.0, 9.0, 9.0, 9.0, 9.0, 9.0, 9.0, 9.0, 9.0, 9.0, 9.0, 9.0, 9.0]",COMPLETE
