,number,value,datetime_start,datetime_complete,duration,params_batch_size_scaler,params_constant_learning_rate,params_depth,params_epochs,params_kernel_l2,params_num_trees,params_temperature,user_attrs_accuracy_test,user_attrs_accuracy_valid,user_attrs_approximate_feature_sparsity,user_attrs_approximate_feature_sparsity_history,user_attrs_approximate_weight_sparsity,user_attrs_approximate_weight_sparsity_history,user_attrs_auc_test,user_attrs_auc_valid,user_attrs_feature_sparsity,user_attrs_feature_sparsity_history,user_attrs_num_epochs,user_attrs_val_loss_history,user_attrs_weight_sparsity,user_attrs_weight_sparsity_history,state
27,27,0.8724736252270355,2024-08-31 01:34:39.065051,2024-08-31 01:37:00.964132,0 days 00:02:21.899081,4,1.3952756539739735,5,240,0.03174655930547342,42,0.001789310585560667,0.902,0.91375,6,"[33, 33, 19, 10, 7, 7, 7, 7, 6, 6, 6, 6, 6, 6, 6, 6, 6, 6, 6, 6, 6, 6, 6, 6, 6, 6, 6, 6, 6, 6, 6, 6, 6, 6, 6, 6, 6, 6, 6, 6, 6, 6, 6, 6, 6, 6, 6, 6, 6, 6, 6, 6, 6, 6, 6, 6, 6, 6, 6, 6, 6, 6, 6, 6, 6, 6, 6, 6, 6, 6, 6, 6, 6, 6, 6, 6, 6, 6, 6, 6, 6, 6, 6, 6, 6, 6, 6, 6, 6, 6, 6, 6, 6, 6, 6, 6, 6, 6, 6, 6, 6, 6, 6, 6, 6, 6, 6, 6, 6, 6, 6, 6, 6, 6, 6, 6, 6, 6, 6, 6, 6, 6, 6, 6, 6, 6, 6, 6, 6, 6, 6, 6, 6, 6, 6, 6, 6, 6, 6, 6, 6, 6, 6, 6, 6, 6, 6, 6, 6, 6, 6, 6, 6, 6, 6, 6, 6, 6, 6, 6, 6, 6, 6, 6, 6, 6, 6, 6, 6, 6, 6, 6, 6, 6, 6, 6, 6, 6, 6, 6, 6, 6, 6, 6, 6, 6, 6, 6, 6, 6, 6, 6, 6, 6, 6, 6, 6, 6, 6, 6, 6, 6, 6, 6, 6, 6, 6, 6, 6, 6, 6, 6, 6, 6, 6, 6, 6, 6, 6, 6, 6, 6, 6, 6, 6, 6, 6, 6, 6, 6, 6, 6, 6, 6, 6, 6, 6, 6, 6, 6]",5.9846390168970816,"[32.94777265745007, 32.95007680491551, 18.972350230414744, 9.987711213517665, 6.990015360983103, 6.990015360983103, 6.998463901689708, 6.991551459293395, 5.987711213517664, 5.993087557603687, 5.992319508448541, 5.996927803379416, 5.993087557603687, 5.994623655913979, 5.9900153609831035, 5.990783410138249, 5.991551459293395, 5.989247311827957, 5.993855606758832, 5.990783410138249, 5.990015360983103, 5.993087557603687, 5.991551459293395, 5.993855606758832, 5.993855606758832, 5.993087557603687, 5.989247311827957, 5.993855606758832, 5.993087557603687, 5.991551459293395, 5.9900153609831035, 5.990783410138249, 5.989247311827957, 5.994623655913979, 5.993087557603687, 5.9923195084485394, 5.985407066052228, 5.990015360983103, 5.99615975422427, 5.988479262672811, 5.992319508448541, 5.993855606758832, 5.993087557603687, 5.993087557603687, 5.99231950844854, 5.992319508448541, 5.994623655913979, 5.993087557603686, 5.996927803379416, 5.99231950844854, 5.994623655913978, 5.994623655913978, 5.993855606758832, 5.993855606758832, 5.9884792626728105, 5.99231950844854, 5.993087557603687, 5.989247311827957, 5.9900153609831035, 5.990783410138249, 5.99231950844854, 5.9953917050691246, 5.99231950844854, 5.993087557603687, 5.99231950844854, 5.992319508448541, 5.989247311827957, 5.990783410138249, 5.988479262672811, 5.990783410138249, 5.99615975422427, 5.993855606758832, 5.993855606758832, 5.994623655913979, 5.992319508448541, 5.993087557603687, 5.986943164362519, 5.990783410138249, 5.992319508448541, 5.991551459293395, 5.993087557603687, 5.991551459293395, 5.9884792626728105, 5.990783410138248, 5.991551459293395, 5.99231950844854, 5.998463901689708, 5.990783410138249, 5.989247311827957, 5.988479262672811, 5.986943164362519, 5.992319508448541, 5.986943164362519, 5.987711213517666, 5.990783410138249, 5.990783410138248, 5.989247311827957, 5.989247311827957, 5.987711213517664, 5.993855606758832, 5.993855606758832, 5.993087557603687, 5.9953917050691246, 5.99231950844854, 5.993855606758832, 5.993855606758832, 5.993087557603687, 5.993087557603687, 5.993855606758832, 5.989247311827957, 5.9900153609831035, 5.990015360983103, 5.988479262672811, 5.986175115207374, 5.986943164362519, 5.990783410138249, 5.990783410138248, 5.993087557603686, 5.990783410138249, 5.991551459293395, 5.990015360983103, 5.993855606758832, 5.993855606758832, 5.992319508448541, 5.987711213517665, 5.988479262672811, 5.9900153609831035, 5.992319508448541, 5.989247311827957, 5.989247311827957, 5.993087557603686, 5.993855606758832, 5.9900153609831035, 5.9953917050691246, 5.989247311827957, 5.993087557603686, 5.992319508448541, 5.989247311827957, 5.986943164362519, 5.989247311827957, 5.990783410138248, 5.993087557603686, 5.99231950844854, 5.990015360983103, 5.9900153609831035, 5.989247311827957, 5.99231950844854, 5.990783410138248, 5.9884792626728105, 5.991551459293395, 5.993087557603686, 5.989247311827957, 5.990783410138249, 5.989247311827957, 5.990783410138248, 5.990015360983103, 5.987711213517666, 5.993087557603687, 5.989247311827957, 5.988479262672811, 5.988479262672811, 5.988479262672811, 5.986943164362519, 5.986943164362519, 5.990015360983103, 5.9884792626728105, 5.989247311827957, 5.986175115207373, 5.985407066052228, 5.984639016897081, 5.993087557603687, 5.993855606758832, 5.987711213517666, 5.986175115207374, 5.991551459293395, 5.990783410138249, 5.987711213517665, 5.986943164362519, 5.986175115207374, 5.982334869431644, 5.986943164362519, 5.983870967741935, 5.989247311827957, 5.985407066052227, 5.9846390168970816, 5.987711213517665, 5.985407066052227, 5.987711213517665, 5.986943164362519, 5.990015360983103, 5.98310291858679, 5.987711213517666, 5.991551459293395, 5.99231950844854, 5.985407066052228, 5.989247311827957, 5.989247311827957, 5.987711213517665, 5.987711213517665, 5.9846390168970816, 5.9900153609831035, 5.990783410138248, 5.9846390168970816, 5.9884792626728105, 5.991551459293395, 5.987711213517665, 5.990015360983103, 5.985407066052227, 5.986175115207373, 5.991551459293395, 5.989247311827957, 5.992319508448541, 5.993087557603686, 5.987711213517665, 5.989247311827957, 5.985407066052227, 5.986943164362519, 5.981566820276497, 5.985407066052227, 5.987711213517665, 5.986943164362519, 5.986943164362519, 5.990783410138248, 5.984639016897081, 5.991551459293395, 5.986175115207374, 5.990783410138249, 5.985407066052227, 5.987711213517665, 5.984639016897081, 5.985407066052228, 5.9884792626728105, 5.9900153609831035, 5.986175115207373, 5.9884792626728105, 5.990015360983103, 5.986943164362519, 5.9846390168970816, 5.989247311827957, 5.9846390168970816]",0.8776327413535449,0.8724736252270355,6,"[33, 33, 19, 10, 7, 7, 7, 7, 6, 6, 6, 6, 6, 6, 6, 6, 6, 6, 6, 6, 6, 6, 6, 6, 6, 6, 6, 6, 6, 6, 6, 6, 6, 6, 6, 6, 6, 6, 6, 6, 6, 6, 6, 6, 6, 6, 6, 6, 6, 6, 6, 6, 6, 6, 6, 6, 6, 6, 6, 6, 6, 6, 6, 6, 6, 6, 6, 6, 6, 6, 6, 6, 6, 6, 6, 6, 6, 6, 6, 6, 6, 6, 6, 6, 6, 6, 6, 6, 6, 6, 6, 6, 6, 6, 6, 6, 6, 6, 6, 6, 6, 6, 6, 6, 6, 6, 6, 6, 6, 6, 6, 6, 6, 6, 6, 6, 6, 6, 6, 6, 6, 6, 6, 6, 6, 6, 6, 6, 6, 6, 6, 6, 6, 6, 6, 6, 6, 6, 6, 6, 6, 6, 6, 6, 6, 6, 6, 6, 6, 6, 6, 6, 6, 6, 6, 6, 6, 6, 6, 6, 6, 6, 6, 6, 6, 6, 6, 6, 6, 6, 6, 6, 6, 6, 6, 6, 6, 6, 6, 6, 6, 6, 6, 6, 6, 6, 6, 6, 6, 6, 6, 6, 6, 6, 6, 6, 6, 6, 6, 6, 6, 6, 6, 6, 6, 6, 6, 6, 6, 6, 6, 6, 6, 6, 6, 6, 6, 6, 6, 6, 6, 6, 6, 6, 6, 6, 6, 6, 6, 6, 6, 6, 6, 6, 6, 6, 6, 6, 6, 6]",240,"[0.36219218373298645, 0.3463532626628876, 0.3265577256679535, 0.31909310817718506, 0.3106939196586609, 0.30247390270233154, 0.2925017178058624, 0.2873572111129761, 0.2826906144618988, 0.2802475690841675, 0.27366164326667786, 0.26644548773765564, 0.26372888684272766, 0.2587641477584839, 0.25806277990341187, 0.25967222452163696, 0.253126323223114, 0.2496863156557083, 0.2504965364933014, 0.2511179447174072, 0.24509187042713165, 0.25171324610710144, 0.2485242784023285, 0.24322283267974854, 0.24088798463344574, 0.24249623715877533, 0.2415911704301834, 0.2405889481306076, 0.2408219873905182, 0.2368219792842865, 0.23861205577850342, 0.23793357610702515, 0.24110502004623413, 0.2387280911207199, 0.2358616292476654, 0.24218356609344482, 0.2366746962070465, 0.23630957305431366, 0.23879308998584747, 0.2371900975704193, 0.24126304686069489, 0.23669826984405518, 0.24127797782421112, 0.24226514995098114, 0.23575995862483978, 0.2382846623659134, 0.23541098833084106, 0.23483161628246307, 0.2388470470905304, 0.23353326320648193, 0.23566240072250366, 0.23585264384746552, 0.2408752590417862, 0.23830820620059967, 0.2366267740726471, 0.23577283322811127, 0.24015305936336517, 0.23862747848033905, 0.24522869288921356, 0.2422398179769516, 0.23530429601669312, 0.24734246730804443, 0.23640194535255432, 0.23394320905208588, 0.2361121028661728, 0.23828014731407166, 0.2356681376695633, 0.24032911658287048, 0.23415428400039673, 0.23969091475009918, 0.23468977212905884, 0.23822051286697388, 0.23434001207351685, 0.23272791504859924, 0.23473955690860748, 0.23326757550239563, 0.23821955919265747, 0.23322051763534546, 0.23258599638938904, 0.2407616376876831, 0.23332643508911133, 0.23398244380950928, 0.24679768085479736, 0.24227286875247955, 0.23624853789806366, 0.2330237179994583, 0.23685020208358765, 0.23452433943748474, 0.2335621863603592, 0.23738718032836914, 0.23655231297016144, 0.23920495808124542, 0.23604221642017365, 0.23396319150924683, 0.24079814553260803, 0.2331894040107727, 0.23178575932979584, 0.2318146824836731, 0.23403610289096832, 0.23317384719848633, 0.2338290810585022, 0.23703110218048096, 0.23382391035556793, 0.2319444864988327, 0.24196694791316986, 0.2435671091079712, 0.23419933021068573, 0.23329932987689972, 0.23584045469760895, 0.23361347615718842, 0.2347470074892044, 0.23604728281497955, 0.23614050447940826, 0.24433203041553497, 0.23331473767757416, 0.2386745810508728, 0.2350287288427353, 0.23254217207431793, 0.23669679462909698, 0.2348775714635849, 0.23387058079242706, 0.23416101932525635, 0.23240554332733154, 0.2337893694639206, 0.2382255345582962, 0.2389400154352188, 0.23242820799350739, 0.23454540967941284, 0.2389761209487915, 0.2431148886680603, 0.23209835588932037, 0.23466695845127106, 0.23575831949710846, 0.23251071572303772, 0.23754842579364777, 0.2407466173171997, 0.23487095534801483, 0.23544330894947052, 0.23420082032680511, 0.23547515273094177, 0.23568888008594513, 0.23156166076660156, 0.23454447090625763, 0.23364637792110443, 0.23193174600601196, 0.23341751098632812, 0.23562824726104736, 0.23306451737880707, 0.24072274565696716, 0.2351214438676834, 0.2390252947807312, 0.2358953058719635, 0.23405197262763977, 0.23285390436649323, 0.2356460690498352, 0.23349244892597198, 0.23337620496749878, 0.23576202988624573, 0.24192723631858826, 0.2337578386068344, 0.2341383695602417, 0.23600852489471436, 0.23335449397563934, 0.2395656406879425, 0.2336941957473755, 0.23356515169143677, 0.23210103809833527, 0.23124679923057556, 0.23227520287036896, 0.2421441227197647, 0.23308277130126953, 0.2423754334449768, 0.23345063626766205, 0.23469465970993042, 0.23503440618515015, 0.23522783815860748, 0.23520924150943756, 0.23077765107154846, 0.2321595549583435, 0.23297029733657837, 0.23315362632274628, 0.23384061455726624, 0.23399516940116882, 0.2420499622821808, 0.2358725219964981, 0.23410938680171967, 0.23415911197662354, 0.2347804307937622, 0.2355407178401947, 0.23152951896190643, 0.23206892609596252, 0.2388814389705658, 0.23814016580581665, 0.2314799278974533, 0.23606805503368378, 0.23813097178936005, 0.23392248153686523, 0.23254024982452393, 0.23343418538570404, 0.23357637226581573, 0.2357356995344162, 0.2427561730146408, 0.23450550436973572, 0.2363196164369583, 0.2359585165977478, 0.24302560091018677, 0.2353564202785492, 0.23376283049583435, 0.23230968415737152, 0.23330406844615936, 0.23625695705413818, 0.23244251310825348, 0.23332247138023376, 0.23330509662628174, 0.23330798745155334, 0.23387779295444489, 0.23246392607688904, 0.23645158112049103, 0.23634663224220276, 0.23324882984161377, 0.2318296879529953, 0.23584102094173431, 0.23105034232139587, 0.23280388116836548, 0.23335811495780945, 0.23241518437862396, 0.23578521609306335, 0.23499466478824615, 0.23165403306484222, 0.24026605486869812, 0.23607753217220306, 0.2338799238204956, 0.23193153738975525, 0.23299135267734528, 0.2341860830783844, 0.23467698693275452, 0.23303529620170593, 0.23285618424415588, 0.23621506989002228, 0.23448631167411804]",6.0,"[33.0, 33.0, 19.0, 10.0, 7.0, 7.0, 7.0, 7.0, 6.0, 6.0, 6.0, 6.0, 6.0, 6.0, 6.0, 6.0, 6.0, 6.0, 6.0, 6.0, 6.0, 6.0, 6.0, 6.0, 6.0, 6.0, 6.0, 6.0, 6.0, 6.0, 6.0, 6.0, 6.0, 6.0, 6.0, 6.0, 6.0, 6.0, 6.0, 6.0, 6.0, 6.0, 6.0, 6.0, 6.0, 6.0, 6.0, 6.0, 6.0, 6.0, 6.0, 6.0, 6.0, 6.0, 6.0, 6.0, 6.0, 6.0, 6.0, 6.0, 6.0, 6.0, 6.0, 6.0, 6.0, 6.0, 6.0, 6.0, 6.0, 6.0, 6.0, 6.0, 6.0, 6.0, 6.0, 6.0, 6.0, 6.0, 6.0, 6.0, 6.0, 6.0, 6.0, 6.0, 6.0, 6.0, 6.0, 6.0, 6.0, 6.0, 6.0, 6.0, 6.0, 6.0, 6.0, 6.0, 6.0, 6.0, 6.0, 6.0, 6.0, 6.0, 6.0, 6.0, 6.0, 6.0, 6.0, 6.0, 6.0, 6.0, 6.0, 6.0, 6.0, 6.0, 6.0, 6.0, 6.0, 6.0, 6.0, 6.0, 6.0, 6.0, 6.0, 6.0, 6.0, 6.0, 6.0, 6.0, 6.0, 6.0, 6.0, 6.0, 6.0, 6.0, 6.0, 6.0, 6.0, 6.0, 6.0, 6.0, 6.0, 6.0, 6.0, 6.0, 6.0, 6.0, 6.0, 6.0, 6.0, 6.0, 6.0, 6.0, 6.0, 6.0, 6.0, 6.0, 6.0, 6.0, 6.0, 6.0, 6.0, 6.0, 6.0, 6.0, 6.0, 6.0, 6.0, 6.0, 6.0, 6.0, 6.0, 6.0, 6.0, 6.0, 6.0, 6.0, 6.0, 6.0, 6.0, 6.0, 6.0, 6.0, 6.0, 6.0, 6.0, 6.0, 6.0, 6.0, 6.0, 6.0, 6.0, 6.0, 6.0, 6.0, 6.0, 6.0, 6.0, 6.0, 6.0, 6.0, 6.0, 6.0, 6.0, 6.0, 6.0, 6.0, 6.0, 6.0, 6.0, 6.0, 6.0, 6.0, 6.0, 6.0, 6.0, 6.0, 6.0, 6.0, 6.0, 6.0, 6.0, 6.0, 6.0, 6.0, 6.0, 6.0, 6.0, 6.0, 6.0, 6.0, 6.0, 6.0, 6.0, 6.0, 6.0, 6.0, 6.0, 6.0, 6.0, 6.0]",COMPLETE
