,number,value,datetime_start,datetime_complete,duration,params_batch_size_scaler,params_constant_learning_rate,params_depth,params_epochs,params_kernel_l2,params_num_trees,params_temperature,user_attrs_accuracy_test,user_attrs_accuracy_valid,user_attrs_approximate_feature_sparsity,user_attrs_approximate_feature_sparsity_history,user_attrs_approximate_weight_sparsity,user_attrs_approximate_weight_sparsity_history,user_attrs_auc_test,user_attrs_auc_valid,user_attrs_feature_sparsity,user_attrs_feature_sparsity_history,user_attrs_num_epochs,user_attrs_val_loss_history,user_attrs_weight_sparsity,user_attrs_weight_sparsity_history,state
133,133,0.5,2024-08-31 06:11:48.122023,2024-08-31 06:12:29.097919,0 days 00:00:40.975896,16,8.731526734054606,5,105,0.13801902011480033,36,0.0009913761121501559,0.859,0.85875,0,"[33, 33, 16, 10, 7, 7, 7, 7, 7, 7, 6, 5, 5, 5, 5, 5, 5, 5, 5, 3, 3, 3, 3, 3, 3, 2, 2, 2, 2, 2, 2, 2, 2, 2, 2, 1, 1, 1, 1, 1, 1, 0, 0, 0, 0, 0, 0, 0, 0, 0, 0, 0, 0, 0, 0, 0, 0, 0, 0, 0, 0, 0, 0, 0, 0, 0, 0, 0, 0, 0, 0, 0, 0, 0, 0, 0, 0, 0, 0, 0, 0, 0, 0, 0, 0, 0, 0, 0, 0, 0, 0, 0, 0, 0, 0, 0, 0, 0, 0, 0, 0, 0, 0, 0, 0]",0.0,"[32.95609318996416, 32.95519713261649, 15.982078853046593, 9.982974910394265, 6.991935483870967, 6.993727598566308, 6.992831541218639, 6.995519713261649, 6.989247311827956, 6.991039426523297, 5.995519713261649, 4.991039426523297, 4.992831541218638, 4.994623655913979, 4.995519713261649, 4.997311827956989, 4.992831541218638, 4.995519713261649, 4.994623655913978, 2.9955197132616487, 2.9982078853046596, 2.996415770609319, 2.996415770609319, 2.996415770609319, 2.996415770609319, 1.996415770609319, 1.9991039426523298, 1.9973118279569892, 1.9991039426523298, 1.9973118279569892, 1.9973118279569892, 1.9991039426523298, 1.9991039426523298, 1.9982078853046596, 1.9982078853046596, 0.9982078853046595, 0.9991039426523297, 0.9991039426523297, 0.9982078853046595, 0.9982078853046595, 0.9982078853046595, 0.0, 0.0, 0.0, 0.0, 0.0, 0.0, 0.0, 0.0, 0.0, 0.0, 0.0, 0.0, 0.0, 0.0, 0.0, 0.0, 0.0, 0.0, 0.0, 0.0, 0.0, 0.0, 0.0, 0.0, 0.0, 0.0, 0.0, 0.0, 0.0, 0.0, 0.0, 0.0, 0.0, 0.0, 0.0, 0.0, 0.0, 0.0, 0.0, 0.0, 0.0, 0.0, 0.0, 0.0, 0.0, 0.0, 0.0, 0.0, 0.0, 0.0, 0.0, 0.0, 0.0, 0.0, 0.0, 0.0, 0.0, 0.0, 0.0, 0.0, 0.0, 0.0, 0.0, 0.0]",0.5,0.5,0,"[33, 33, 16, 10, 7, 7, 7, 7, 7, 7, 6, 5, 5, 5, 5, 5, 5, 5, 5, 3, 3, 3, 3, 3, 3, 2, 2, 2, 2, 2, 2, 2, 2, 2, 2, 1, 1, 1, 1, 1, 1, 0, 0, 0, 0, 0, 0, 0, 0, 0, 0, 0, 0, 0, 0, 0, 0, 0, 0, 0, 0, 0, 0, 0, 0, 0, 0, 0, 0, 0, 0, 0, 0, 0, 0, 0, 0, 0, 0, 0, 0, 0, 0, 0, 0, 0, 0, 0, 0, 0, 0, 0, 0, 0, 0, 0, 0, 0, 0, 0, 0, 0, 0, 0, 0]",105,"[0.5072150230407715, 0.34652233123779297, 0.5699259638786316, 0.5703462362289429, 0.31463325023651123, 0.34004098176956177, 0.37152695655822754, 0.3158893287181854, 0.3303815722465515, 0.4434306025505066, 0.339533269405365, 0.3660406470298767, 0.3858165740966797, 0.29930534958839417, 0.32233622670173645, 0.3848426342010498, 0.3082038462162018, 0.4211988151073456, 0.2932575047016144, 0.5203351378440857, 0.38673269748687744, 0.36694619059562683, 0.3658771216869354, 0.36269378662109375, 0.47266989946365356, 1.80546236038208, 0.4039044678211212, 0.3793240785598755, 0.39576438069343567, 0.6251180768013, 0.5396637916564941, 0.5396304130554199, 0.7325792908668518, 0.38269734382629395, 0.3989955186843872, 0.6341184973716736, 0.3956572413444519, 0.4772012233734131, 0.3943791091442108, 0.4243139922618866, 0.3970186710357666, 0.6574140191078186, 0.42335623502731323, 0.4748414158821106, 0.4486326575279236, 0.6719982028007507, 0.5379654765129089, 0.5634154081344604, 0.40918052196502686, 0.670378565788269, 0.4091673791408539, 0.7739195823669434, 0.4113401770591736, 0.6340937614440918, 0.4510774314403534, 0.5221370458602905, 0.41809818148612976, 0.420060396194458, 0.4502921402454376, 0.5244255661964417, 0.40924492478370667, 0.4443487226963043, 0.6400459408760071, 0.4118043780326843, 0.4371170699596405, 0.44610756635665894, 0.4139876067638397, 0.41172856092453003, 0.4119682312011719, 0.4180010259151459, 0.4412834942340851, 0.4146690368652344, 0.41584986448287964, 0.6123756170272827, 0.46200621128082275, 0.6260608434677124, 0.42597323656082153, 0.4809541702270508, 0.5636480450630188, 0.4359554648399353, 0.4607618451118469, 0.48090431094169617, 0.4682534337043762, 0.426131933927536, 0.5147693157196045, 0.42592084407806396, 0.4131883978843689, 0.4203836917877197, 0.40927183628082275, 0.6695308685302734, 0.4997769594192505, 0.5713111758232117, 0.7479504942893982, 0.6275375485420227, 0.599812388420105, 0.4230601191520691, 0.41444531083106995, 0.7201339602470398, 0.4221586287021637, 0.933828592300415, 0.49504193663597107, 0.7572348117828369, 0.5778468251228333, 0.5023348331451416, 0.4118756949901581]",0.0,"[33.0, 33.0, 16.0, 10.0, 7.0, 7.0, 7.0, 7.0, 7.0, 7.0, 6.0, 5.0, 5.0, 5.0, 5.0, 5.0, 5.0, 5.0, 5.0, 3.0, 3.0, 3.0, 3.0, 3.0, 3.0, 2.0, 2.0, 2.0, 2.0, 2.0, 2.0, 2.0, 2.0, 2.0, 2.0, 1.0, 1.0, 1.0, 1.0, 1.0, 1.0, 0.0, 0.0, 0.0, 0.0, 0.0, 0.0, 0.0, 0.0, 0.0, 0.0, 0.0, 0.0, 0.0, 0.0, 0.0, 0.0, 0.0, 0.0, 0.0, 0.0, 0.0, 0.0, 0.0, 0.0, 0.0, 0.0, 0.0, 0.0, 0.0, 0.0, 0.0, 0.0, 0.0, 0.0, 0.0, 0.0, 0.0, 0.0, 0.0, 0.0, 0.0, 0.0, 0.0, 0.0, 0.0, 0.0, 0.0, 0.0, 0.0, 0.0, 0.0, 0.0, 0.0, 0.0, 0.0, 0.0, 0.0, 0.0, 0.0, 0.0, 0.0, 0.0, 0.0, 0.0]",COMPLETE
134,134,0.8290502505442413,2024-08-31 06:12:31.750967,2024-08-31 06:13:34.962180,0 days 00:01:03.211213,64,0.23553948893830137,5,270,0.10371617360611651,32,0.0007018868790257883,0.886,0.8825,33,"[33, 33, 33, 33, 33, 33, 33, 33, 33, 33, 33, 33, 33, 33, 33, 33, 33, 33, 33, 33, 33, 33, 33, 33, 33, 33, 33, 33, 33, 33, 33, 33, 33, 33, 33, 33, 33, 33, 33, 33, 33, 33, 33, 33, 33, 33, 33, 33, 33, 33, 33, 33, 33, 33, 33, 33, 33, 33, 33, 33, 33, 33, 33, 33, 33, 33, 33, 33, 33, 33, 33, 33, 33, 33, 33, 33, 33, 33, 33, 33, 33, 33, 33, 33, 33, 33, 33, 33, 33, 33, 33, 33, 33, 33, 33, 33, 33, 33, 33, 33, 33, 33, 33, 33, 33, 33, 33, 33, 33, 33, 33, 33, 33, 33, 33, 33, 33, 33, 33, 33, 33, 33, 33, 33, 33, 33, 33, 33, 33, 33, 33, 33, 33, 33, 33, 33, 33, 33, 33, 33, 33, 33, 33, 33, 33, 33, 33, 33, 33, 33, 33, 33, 33, 33, 33, 33, 33, 33, 33, 33, 33, 33, 33, 33, 33, 33, 33, 33, 33, 33, 33, 33, 33, 33, 33, 33, 33, 33, 33, 33, 33, 33, 33, 33, 33, 33, 33, 33, 33, 33, 33, 33, 33, 33, 33, 33, 33, 33, 33, 33, 33, 33, 33, 33, 33, 33, 33, 33, 33, 33, 33, 33, 33, 33, 33, 33, 33, 33, 33, 33, 33, 33, 33, 33, 33, 33, 33, 33, 33, 33, 33, 33, 33, 33, 33, 33, 33, 33, 33, 33, 33, 33, 33, 33, 33, 33, 33, 33, 33, 33, 33, 33, 33, 33, 33, 33, 33, 33, 33, 33, 33, 33, 33, 33, 33, 33, 33, 33, 33, 33]",32.953629032258064,"[32.943548387096776, 32.944556451612904, 32.944556451612904, 32.95463709677419, 32.948588709677416, 32.94959677419355, 32.94153225806452, 32.95060483870968, 32.94153225806451, 32.944556451612904, 32.95060483870968, 32.94959677419355, 32.94657258064516, 32.94153225806452, 32.94254032258065, 32.94556451612903, 32.94254032258065, 32.94556451612903, 32.94758064516129, 32.94657258064516, 32.943548387096776, 32.944556451612904, 32.94657258064516, 32.94758064516129, 32.944556451612904, 32.93850806451613, 32.93951612903226, 32.95060483870968, 32.953629032258064, 32.95564516129033, 32.957661290322584, 32.949596774193544, 32.943548387096776, 32.952620967741936, 32.95060483870968, 32.94858870967742, 32.94959677419355, 32.95967741935484, 32.95463709677419, 32.94858870967742, 32.94657258064516, 32.947580645161295, 32.947580645161295, 32.953629032258064, 32.95060483870968, 32.957661290322584, 32.962701612903224, 32.956653225806456, 32.96068548387097, 32.95866935483871, 32.96875, 32.965725806451616, 32.96370967741936, 32.96068548387097, 32.96471774193549, 32.962701612903224, 32.95665322580645, 32.96471774193549, 32.965725806451616, 32.96875, 32.966733870967744, 32.961693548387096, 32.965725806451616, 32.96068548387097, 32.95967741935484, 32.957661290322584, 32.956653225806456, 32.957661290322584, 32.95564516129033, 32.95967741935484, 32.95564516129032, 32.95161290322581, 32.95564516129032, 32.953629032258064, 32.94959677419355, 32.95060483870968, 32.95060483870967, 32.948588709677416, 32.95060483870968, 32.95060483870968, 32.94758064516129, 32.94959677419355, 32.953629032258064, 32.95463709677419, 32.943548387096776, 32.95463709677419, 32.95564516129033, 32.95463709677419, 32.95463709677419, 32.94959677419355, 32.947580645161295, 32.95161290322581, 32.94959677419355, 32.94254032258065, 32.943548387096776, 32.94858870967742, 32.94254032258065, 32.94153225806452, 32.944556451612904, 32.94556451612904, 32.93951612903226, 32.94254032258065, 32.94254032258065, 32.943548387096776, 32.94858870967742, 32.95161290322581, 32.94556451612903, 32.94657258064516, 32.94657258064516, 32.944556451612904, 32.944556451612904, 32.944556451612904, 32.94858870967742, 32.94153225806452, 32.94254032258065, 32.93649193548387, 32.9375, 32.94556451612903, 32.94758064516129, 32.943548387096776, 32.947580645161295, 32.95060483870968, 32.95463709677419, 32.94657258064516, 32.94959677419355, 32.95060483870968, 32.93951612903226, 32.944556451612904, 32.943548387096776, 32.943548387096776, 32.94657258064516, 32.94959677419355, 32.95060483870968, 32.952620967741936, 32.952620967741936, 32.957661290322584, 32.953629032258064, 32.953629032258064, 32.953629032258064, 32.95463709677419, 32.95161290322581, 32.95564516129033, 32.953629032258064, 32.943548387096776, 32.94959677419355, 32.947580645161295, 32.94858870967742, 32.94858870967742, 32.94959677419355, 32.95060483870968, 32.94657258064516, 32.94254032258065, 32.940524193548384, 32.94556451612903, 32.94758064516129, 32.94657258064517, 32.94556451612903, 32.94657258064516, 32.944556451612904, 32.94254032258065, 32.94254032258064, 32.95161290322581, 32.95564516129032, 32.952620967741936, 32.95060483870968, 32.94858870967742, 32.95463709677419, 32.94858870967742, 32.947580645161295, 32.95766129032258, 32.95564516129033, 32.95463709677419, 32.95060483870968, 32.95161290322581, 32.948588709677416, 32.947580645161295, 32.948588709677416, 32.947580645161295, 32.953629032258064, 32.952620967741936, 32.95060483870968, 32.94858870967742, 32.95161290322581, 32.95161290322581, 32.95967741935484, 32.94657258064516, 32.947580645161295, 32.95866935483871, 32.95866935483871, 32.961693548387096, 32.96068548387097, 32.95967741935484, 32.95967741935484, 32.961693548387096, 32.94556451612903, 32.953629032258064, 32.96068548387097, 32.95967741935484, 32.957661290322584, 32.956653225806456, 32.95060483870968, 32.95866935483871, 32.95665322580645, 32.95564516129033, 32.9546370967742, 32.95564516129033, 32.95060483870968, 32.94959677419355, 32.953629032258064, 32.952620967741936, 32.952620967741936, 32.95161290322581, 32.95161290322581, 32.95564516129032, 32.95564516129032, 32.953629032258064, 32.95866935483871, 32.956653225806456, 32.952620967741936, 32.95463709677419, 32.95564516129032, 32.952620967741936, 32.953629032258064, 32.95967741935484, 32.95866935483871, 32.95564516129032, 32.95060483870968, 32.96068548387097, 32.96068548387097, 32.953629032258064, 32.95967741935484, 32.95665322580645, 32.94959677419355, 32.95564516129032, 32.953629032258064, 32.95564516129032, 32.95463709677419, 32.96068548387097, 32.952620967741936, 32.95463709677419, 32.95161290322581, 32.96270161290323, 32.95967741935484, 32.96068548387097, 32.95564516129032, 32.95967741935484, 32.95060483870968, 32.95161290322581, 32.95463709677419, 32.952620967741936, 32.95161290322581, 32.947580645161295, 32.95161290322581, 32.94556451612903, 32.94657258064516, 32.94858870967742, 32.953629032258064, 32.95866935483871, 32.96068548387097, 32.95564516129032, 32.94959677419355, 32.94254032258065, 32.940524193548384, 32.94556451612903, 32.94858870967742, 32.94657258064517, 32.95564516129032, 32.95564516129032, 32.952620967741936, 32.953629032258064]",0.8381839348079162,0.8290502505442413,33,"[33, 33, 33, 33, 33, 33, 33, 33, 33, 33, 33, 33, 33, 33, 33, 33, 33, 33, 33, 33, 33, 33, 33, 33, 33, 33, 33, 33, 33, 33, 33, 33, 33, 33, 33, 33, 33, 33, 33, 33, 33, 33, 33, 33, 33, 33, 33, 33, 33, 33, 33, 33, 33, 33, 33, 33, 33, 33, 33, 33, 33, 33, 33, 33, 33, 33, 33, 33, 33, 33, 33, 33, 33, 33, 33, 33, 33, 33, 33, 33, 33, 33, 33, 33, 33, 33, 33, 33, 33, 33, 33, 33, 33, 33, 33, 33, 33, 33, 33, 33, 33, 33, 33, 33, 33, 33, 33, 33, 33, 33, 33, 33, 33, 33, 33, 33, 33, 33, 33, 33, 33, 33, 33, 33, 33, 33, 33, 33, 33, 33, 33, 33, 33, 33, 33, 33, 33, 33, 33, 33, 33, 33, 33, 33, 33, 33, 33, 33, 33, 33, 33, 33, 33, 33, 33, 33, 33, 33, 33, 33, 33, 33, 33, 33, 33, 33, 33, 33, 33, 33, 33, 33, 33, 33, 33, 33, 33, 33, 33, 33, 33, 33, 33, 33, 33, 33, 33, 33, 33, 33, 33, 33, 33, 33, 33, 33, 33, 33, 33, 33, 33, 33, 33, 33, 33, 33, 33, 33, 33, 33, 33, 33, 33, 33, 33, 33, 33, 33, 33, 33, 33, 33, 33, 33, 33, 33, 33, 33, 33, 33, 33, 33, 33, 33, 33, 33, 33, 33, 33, 33, 33, 33, 33, 33, 33, 33, 33, 33, 33, 33, 33, 33, 33, 33, 33, 33, 33, 33, 33, 33, 33, 33, 33, 33, 33, 33, 33, 33, 33, 33]",270,"[0.49417123198509216, 0.44225433468818665, 0.42020732164382935, 0.4118577837944031, 0.4041751027107239, 0.40037792921066284, 0.3975255489349365, 0.39546385407447815, 0.39410078525543213, 0.3928642272949219, 0.391928493976593, 0.39070719480514526, 0.389343798160553, 0.38819995522499084, 0.3872746229171753, 0.3865465819835663, 0.3857896327972412, 0.38494324684143066, 0.3842918276786804, 0.38351571559906006, 0.3828354775905609, 0.3822510540485382, 0.381803959608078, 0.38127022981643677, 0.3806862533092499, 0.3801462948322296, 0.37960928678512573, 0.3791778087615967, 0.37870752811431885, 0.378275603055954, 0.37777087092399597, 0.37737736105918884, 0.37685853242874146, 0.376653790473938, 0.3761547803878784, 0.37562304735183716, 0.37522488832473755, 0.37483224272727966, 0.37453600764274597, 0.37416303157806396, 0.3739035725593567, 0.3733561336994171, 0.37288615107536316, 0.3723771572113037, 0.37209615111351013, 0.3718625009059906, 0.37145885825157166, 0.37106332182884216, 0.37076571583747864, 0.37057334184646606, 0.3701856732368469, 0.37016284465789795, 0.3699899911880493, 0.36988699436187744, 0.369681715965271, 0.36901068687438965, 0.3685523569583893, 0.36843013763427734, 0.36802804470062256, 0.3678618371486664, 0.36762532591819763, 0.3671790063381195, 0.366877019405365, 0.3667105436325073, 0.3665892481803894, 0.3663022220134735, 0.3660658001899719, 0.36600738763809204, 0.3657028079032898, 0.365475058555603, 0.3651691675186157, 0.3648543953895569, 0.36464744806289673, 0.3642978370189667, 0.36403247714042664, 0.3636528253555298, 0.3634677529335022, 0.3632601201534271, 0.3630289137363434, 0.36308497190475464, 0.36271366477012634, 0.3624816834926605, 0.36221110820770264, 0.36187317967414856, 0.3617534935474396, 0.3616287112236023, 0.3611985445022583, 0.36093389987945557, 0.3606429398059845, 0.36065375804901123, 0.3602810800075531, 0.36004313826560974, 0.3597913086414337, 0.359404057264328, 0.35896557569503784, 0.3587687015533447, 0.35840752720832825, 0.35818377137184143, 0.35796135663986206, 0.3580068349838257, 0.357562780380249, 0.35733622312545776, 0.35726723074913025, 0.35688555240631104, 0.3566947281360626, 0.3564627170562744, 0.3561185598373413, 0.35592567920684814, 0.35565540194511414, 0.3557347357273102, 0.3554795980453491, 0.35531115531921387, 0.35494303703308105, 0.354629784822464, 0.3544688820838928, 0.35424792766571045, 0.35390809178352356, 0.35369858145713806, 0.35345062613487244, 0.35300853848457336, 0.3528212606906891, 0.3525637686252594, 0.35227566957473755, 0.35187235474586487, 0.3515966534614563, 0.35132840275764465, 0.35117417573928833, 0.3510166108608246, 0.3506680428981781, 0.3504261076450348, 0.3502161502838135, 0.34990328550338745, 0.349791020154953, 0.34957531094551086, 0.34932222962379456, 0.34933796525001526, 0.3490726053714752, 0.3488852381706238, 0.348694771528244, 0.3484232425689697, 0.3483027517795563, 0.3478590250015259, 0.34788763523101807, 0.34765517711639404, 0.3472815454006195, 0.3467589318752289, 0.34648364782333374, 0.3463117182254791, 0.3460768163204193, 0.3458983600139618, 0.34563499689102173, 0.34531664848327637, 0.34498462080955505, 0.3448970913887024, 0.3445265591144562, 0.34437304735183716, 0.3441288471221924, 0.34384647011756897, 0.34365570545196533, 0.34328076243400574, 0.34300604462623596, 0.342693030834198, 0.3422510027885437, 0.34185296297073364, 0.3416078984737396, 0.34135913848876953, 0.3411661386489868, 0.3408932387828827, 0.3407265841960907, 0.3405665159225464, 0.3403562307357788, 0.34025463461875916, 0.3401188552379608, 0.3399242162704468, 0.3396070599555969, 0.33927908539772034, 0.33893948793411255, 0.3386143743991852, 0.33829253911972046, 0.3381718397140503, 0.33791014552116394, 0.33784329891204834, 0.3374686539173126, 0.3369496464729309, 0.33657634258270264, 0.3363942801952362, 0.3361645042896271, 0.33592990040779114, 0.33583515882492065, 0.3354567587375641, 0.3351890444755554, 0.3348129391670227, 0.33449485898017883, 0.33450207114219666, 0.33459267020225525, 0.33402809500694275, 0.3334222137928009, 0.3334156274795532, 0.33321037888526917, 0.33312496542930603, 0.3327556550502777, 0.3325810134410858, 0.33222469687461853, 0.3319118618965149, 0.331483393907547, 0.3312450349330902, 0.33114176988601685, 0.330845445394516, 0.3305756449699402, 0.3305763006210327, 0.33013880252838135, 0.329885870218277, 0.32931822538375854, 0.32898634672164917, 0.3287317752838135, 0.32838550209999084, 0.32783809304237366, 0.3275144100189209, 0.3273323178291321, 0.3269699215888977, 0.32662540674209595, 0.3263471722602844, 0.3260611593723297, 0.32603853940963745, 0.32603687047958374, 0.32573482394218445, 0.32546862959861755, 0.32503822445869446, 0.32493478059768677, 0.324576735496521, 0.32449764013290405, 0.3240983486175537, 0.32395312190055847, 0.3235284686088562, 0.3231218457221985, 0.32280322909355164, 0.3222038149833679, 0.3216899633407593, 0.3215179145336151, 0.32092776894569397, 0.320499449968338, 0.32027682662010193, 0.3199523985385895, 0.31977784633636475, 0.3193172812461853, 0.31907427310943604, 0.3189154267311096, 0.3181082308292389, 0.3180496096611023, 0.3177907168865204, 0.3175577223300934, 0.3172607421875, 0.3167959153652191, 0.3165922462940216, 0.31626054644584656, 0.31590643525123596, 0.3158620595932007, 0.3153834640979767, 0.3150419592857361, 0.314700186252594, 0.3143780529499054, 0.3138977885246277, 0.3136468231678009, 0.3131197392940521, 0.31298360228538513, 0.3124648630619049, 0.3119925856590271, 0.3115357458591461, 0.3112527132034302, 0.3111554682254791]",33.0,"[33.0, 33.0, 33.0, 33.0, 33.0, 33.0, 33.0, 33.0, 33.0, 33.0, 33.0, 33.0, 33.0, 33.0, 33.0, 33.0, 33.0, 33.0, 33.0, 33.0, 33.0, 33.0, 33.0, 33.0, 33.0, 33.0, 33.0, 33.0, 33.0, 33.0, 33.0, 33.0, 33.0, 33.0, 33.0, 33.0, 33.0, 33.0, 33.0, 33.0, 33.0, 33.0, 33.0, 33.0, 33.0, 33.0, 33.0, 33.0, 33.0, 33.0, 33.0, 33.0, 33.0, 33.0, 33.0, 33.0, 33.0, 33.0, 33.0, 33.0, 33.0, 33.0, 33.0, 33.0, 33.0, 33.0, 33.0, 33.0, 33.0, 33.0, 33.0, 33.0, 33.0, 33.0, 33.0, 33.0, 33.0, 33.0, 33.0, 33.0, 33.0, 33.0, 33.0, 33.0, 33.0, 33.0, 33.0, 33.0, 33.0, 33.0, 33.0, 33.0, 33.0, 33.0, 33.0, 33.0, 33.0, 33.0, 33.0, 33.0, 33.0, 33.0, 33.0, 33.0, 33.0, 33.0, 33.0, 33.0, 33.0, 33.0, 33.0, 33.0, 33.0, 33.0, 33.0, 33.0, 33.0, 33.0, 33.0, 33.0, 33.0, 33.0, 33.0, 33.0, 33.0, 33.0, 33.0, 33.0, 33.0, 33.0, 33.0, 33.0, 33.0, 33.0, 33.0, 33.0, 33.0, 33.0, 33.0, 33.0, 33.0, 33.0, 33.0, 33.0, 33.0, 33.0, 33.0, 33.0, 33.0, 33.0, 33.0, 33.0, 33.0, 33.0, 33.0, 33.0, 33.0, 33.0, 33.0, 33.0, 33.0, 33.0, 33.0, 33.0, 33.0, 33.0, 33.0, 33.0, 33.0, 33.0, 33.0, 33.0, 33.0, 33.0, 33.0, 33.0, 33.0, 33.0, 33.0, 33.0, 33.0, 33.0, 33.0, 33.0, 33.0, 33.0, 33.0, 33.0, 33.0, 33.0, 33.0, 33.0, 33.0, 33.0, 33.0, 33.0, 33.0, 33.0, 33.0, 33.0, 33.0, 33.0, 33.0, 33.0, 33.0, 33.0, 33.0, 33.0, 33.0, 33.0, 33.0, 33.0, 33.0, 33.0, 33.0, 33.0, 33.0, 33.0, 33.0, 33.0, 33.0, 33.0, 33.0, 33.0, 33.0, 33.0, 33.0, 33.0, 33.0, 33.0, 33.0, 33.0, 33.0, 33.0, 33.0, 33.0, 33.0, 33.0, 33.0, 33.0, 33.0, 33.0, 33.0, 33.0, 33.0, 33.0, 33.0, 33.0, 33.0, 33.0, 33.0, 33.0, 33.0, 33.0, 33.0, 33.0, 33.0, 33.0, 33.0, 33.0, 33.0, 33.0, 33.0, 33.0, 33.0, 33.0, 33.0, 33.0, 33.0, 33.0]",COMPLETE
