,number,value,datetime_start,datetime_complete,duration,params_batch_size_scaler,params_constant_learning_rate,params_depth,params_epochs,params_kernel_l2,params_num_trees,params_temperature,user_attrs_accuracy_test,user_attrs_accuracy_valid,user_attrs_approximate_feature_sparsity,user_attrs_approximate_feature_sparsity_history,user_attrs_approximate_weight_sparsity,user_attrs_approximate_weight_sparsity_history,user_attrs_auc_test,user_attrs_auc_valid,user_attrs_feature_sparsity,user_attrs_feature_sparsity_history,user_attrs_num_epochs,user_attrs_val_loss_history,user_attrs_weight_sparsity,user_attrs_weight_sparsity_history,state
126,126,0.5,2024-08-31 05:40:59.991748,2024-08-31 05:42:28.995947,0 days 00:01:29.004199,16,4.336419069623297,4,485,0.6134268666416277,42,0.014327930566828427,0.859,0.85875,0,"[0, 0, 0, 0, 0, 0, 0, 0, 0, 0, 0, 0, 0, 0, 0, 0, 0, 0, 0, 0, 0, 0, 0, 0, 0, 0, 0, 0, 0, 0, 0, 0, 0, 0, 0, 0, 0, 0, 0, 0, 0, 0, 0, 0, 0, 0, 0, 0, 0, 0, 0, 0, 0, 0, 0, 0, 0, 0, 0, 0, 0, 0, 0, 0, 0, 0, 0, 0, 0, 0, 0, 0, 0, 0, 0, 0, 0, 0, 0, 0, 0, 0, 0, 0, 0, 0, 0, 0, 0, 0, 0, 0, 0, 0, 0, 0, 0, 0, 0, 0, 0, 0, 0, 0, 0, 0, 0, 0, 0, 0, 0, 0, 0, 0, 0, 0, 0, 0, 0, 0, 0, 0, 0, 0, 0, 0, 0, 0, 0, 0, 0, 0, 0, 0, 0, 0, 0, 0, 0, 0, 0, 0, 0, 0, 0, 0, 0, 0, 0, 0, 0, 0, 0, 0, 0, 0, 0, 0, 0, 0, 0, 0, 0, 0, 0, 0, 0, 0, 0, 0, 0, 0, 0, 0, 0, 0, 0, 0, 0, 0, 0, 0, 0, 0, 0, 0, 0, 0, 0, 0, 0, 0, 0, 0, 0, 0, 0, 0, 0, 0, 0, 0, 0, 0, 0, 0, 0, 0, 0, 0, 0, 0, 0, 0, 0, 0, 0, 0, 0, 0, 0, 0, 0, 0, 0, 0, 0, 0, 0, 0, 0, 0, 0, 0, 0, 0, 0, 0, 0, 0, 0, 0, 0, 0, 0, 0, 0, 0, 0, 0, 0, 0, 0, 0, 0, 0, 0, 0, 0, 0, 0, 0, 0, 0, 0, 0, 0, 0, 0, 0, 0, 0, 0, 0, 0, 0, 0, 0, 0, 0, 0, 0, 0, 0, 0, 0, 0, 0, 0, 0, 0, 0, 0, 0, 0, 0, 0, 0, 0, 0, 0, 0, 0, 0, 0, 0, 0, 0, 0, 0, 0, 0, 0, 0, 0, 0, 0, 0, 0, 0, 0, 0, 0, 0, 0, 0, 0, 0, 0, 0, 0, 0, 0, 0, 0, 0, 0, 0, 0, 0, 0, 0, 0, 0, 0, 0, 0, 0, 0, 0, 0, 0, 0, 0, 0, 0, 0, 0, 0, 0, 0, 0, 0, 0, 0, 0, 0, 0, 0, 0, 0, 0, 0, 0, 0, 0, 0, 0, 0, 0, 0, 0, 0, 0, 0, 0, 0, 0, 0, 0, 0, 0, 0, 0, 0, 0, 0, 0, 0, 0, 0, 0, 0, 0, 0, 0, 0, 0, 0, 0, 0, 0, 0, 0, 0, 0, 0, 0, 0, 0, 0, 0, 0, 0, 0, 0, 0, 0, 0, 0, 0, 0, 0, 0, 0, 0, 0, 0, 0, 0, 0, 0, 0, 0, 0, 0, 0, 0, 0, 0, 0, 0, 0, 0, 0, 0, 0, 0, 0, 0, 0, 0, 0, 0, 0, 0, 0, 0, 0, 0, 0, 0, 0, 0, 0, 0, 0, 0, 0, 0, 0, 0, 0, 0, 0]",0.0,"[0.0, 0.0, 0.0, 0.0, 0.0, 0.0, 0.0, 0.0, 0.0, 0.0, 0.0, 0.0, 0.0, 0.0, 0.0, 0.0, 0.0, 0.0, 0.0, 0.0, 0.0, 0.0, 0.0, 0.0, 0.0, 0.0, 0.0, 0.0, 0.0, 0.0, 0.0, 0.0, 0.0, 0.0, 0.0, 0.0, 0.0, 0.0, 0.0, 0.0, 0.0, 0.0, 0.0, 0.0, 0.0, 0.0, 0.0, 0.0, 0.0, 0.0, 0.0, 0.0, 0.0, 0.0, 0.0, 0.0, 0.0, 0.0, 0.0, 0.0, 0.0, 0.0, 0.0, 0.0, 0.0, 0.0, 0.0, 0.0, 0.0, 0.0, 0.0, 0.0, 0.0, 0.0, 0.0, 0.0, 0.0, 0.0, 0.0, 0.0, 0.0, 0.0, 0.0, 0.0, 0.0, 0.0, 0.0, 0.0, 0.0, 0.0, 0.0, 0.0, 0.0, 0.0, 0.0, 0.0, 0.0, 0.0, 0.0, 0.0, 0.0, 0.0, 0.0, 0.0, 0.0, 0.0, 0.0, 0.0, 0.0, 0.0, 0.0, 0.0, 0.0, 0.0, 0.0, 0.0, 0.0, 0.0, 0.0, 0.0, 0.0, 0.0, 0.0, 0.0, 0.0, 0.0, 0.0, 0.0, 0.0, 0.0, 0.0, 0.0, 0.0, 0.0, 0.0, 0.0, 0.0, 0.0, 0.0, 0.0, 0.0, 0.0, 0.0, 0.0, 0.0, 0.0, 0.0, 0.0, 0.0, 0.0, 0.0, 0.0, 0.0, 0.0, 0.0, 0.0, 0.0, 0.0, 0.0, 0.0, 0.0, 0.0, 0.0, 0.0, 0.0, 0.0, 0.0, 0.0, 0.0, 0.0, 0.0, 0.0, 0.0, 0.0, 0.0, 0.0, 0.0, 0.0, 0.0, 0.0, 0.0, 0.0, 0.0, 0.0, 0.0, 0.0, 0.0, 0.0, 0.0, 0.0, 0.0, 0.0, 0.0, 0.0, 0.0, 0.0, 0.0, 0.0, 0.0, 0.0, 0.0, 0.0, 0.0, 0.0, 0.0, 0.0, 0.0, 0.0, 0.0, 0.0, 0.0, 0.0, 0.0, 0.0, 0.0, 0.0, 0.0, 0.0, 0.0, 0.0, 0.0, 0.0, 0.0, 0.0, 0.0, 0.0, 0.0, 0.0, 0.0, 0.0, 0.0, 0.0, 0.0, 0.0, 0.0, 0.0, 0.0, 0.0, 0.0, 0.0, 0.0, 0.0, 0.0, 0.0, 0.0, 0.0, 0.0, 0.0, 0.0, 0.0, 0.0, 0.0, 0.0, 0.0, 0.0, 0.0, 0.0, 0.0, 0.0, 0.0, 0.0, 0.0, 0.0, 0.0, 0.0, 0.0, 0.0, 0.0, 0.0, 0.0, 0.0, 0.0, 0.0, 0.0, 0.0, 0.0, 0.0, 0.0, 0.0, 0.0, 0.0, 0.0, 0.0, 0.0, 0.0, 0.0, 0.0, 0.0, 0.0, 0.0, 0.0, 0.0, 0.0, 0.0, 0.0, 0.0, 0.0, 0.0, 0.0, 0.0, 0.0, 0.0, 0.0, 0.0, 0.0, 0.0, 0.0, 0.0, 0.0, 0.0, 0.0, 0.0, 0.0, 0.0, 0.0, 0.0, 0.0, 0.0, 0.0, 0.0, 0.0, 0.0, 0.0, 0.0, 0.0, 0.0, 0.0, 0.0, 0.0, 0.0, 0.0, 0.0, 0.0, 0.0, 0.0, 0.0, 0.0, 0.0, 0.0, 0.0, 0.0, 0.0, 0.0, 0.0, 0.0, 0.0, 0.0, 0.0, 0.0, 0.0, 0.0, 0.0, 0.0, 0.0, 0.0, 0.0, 0.0, 0.0, 0.0, 0.0, 0.0, 0.0, 0.0, 0.0, 0.0, 0.0, 0.0, 0.0, 0.0, 0.0, 0.0, 0.0, 0.0, 0.0, 0.0, 0.0, 0.0, 0.0, 0.0, 0.0, 0.0, 0.0, 0.0, 0.0, 0.0, 0.0, 0.0, 0.0, 0.0, 0.0, 0.0, 0.0, 0.0, 0.0, 0.0, 0.0, 0.0, 0.0, 0.0, 0.0, 0.0, 0.0, 0.0, 0.0, 0.0, 0.0, 0.0, 0.0, 0.0, 0.0, 0.0, 0.0, 0.0, 0.0, 0.0, 0.0, 0.0, 0.0, 0.0, 0.0, 0.0, 0.0, 0.0, 0.0, 0.0, 0.0, 0.0, 0.0, 0.0, 0.0, 0.0, 0.0, 0.0, 0.0, 0.0, 0.0, 0.0, 0.0, 0.0, 0.0, 0.0, 0.0, 0.0, 0.0, 0.0, 0.0, 0.0, 0.0, 0.0, 0.0, 0.0, 0.0, 0.0, 0.0, 0.0, 0.0, 0.0, 0.0, 0.0, 0.0, 0.0, 0.0, 0.0, 0.0, 0.0, 0.0, 0.0, 0.0, 0.0, 0.0, 0.0, 0.0, 0.0, 0.0, 0.0, 0.0, 0.0, 0.0, 0.0, 0.0, 0.0, 0.0, 0.0, 0.0, 0.0]",0.5,0.5,0,"[0, 0, 0, 0, 0, 0, 0, 0, 0, 0, 0, 0, 0, 0, 0, 0, 0, 0, 0, 0, 0, 0, 0, 0, 0, 0, 0, 0, 0, 0, 0, 0, 0, 0, 0, 0, 0, 0, 0, 0, 0, 0, 0, 0, 0, 0, 0, 0, 0, 0, 0, 0, 0, 0, 0, 0, 0, 0, 0, 0, 0, 0, 0, 0, 0, 0, 0, 0, 0, 0, 0, 0, 0, 0, 0, 0, 0, 0, 0, 0, 0, 0, 0, 0, 0, 0, 0, 0, 0, 0, 0, 0, 0, 0, 0, 0, 0, 0, 0, 0, 0, 0, 0, 0, 0, 0, 0, 0, 0, 0, 0, 0, 0, 0, 0, 0, 0, 0, 0, 0, 0, 0, 0, 0, 0, 0, 0, 0, 0, 0, 0, 0, 0, 0, 0, 0, 0, 0, 0, 0, 0, 0, 0, 0, 0, 0, 0, 0, 0, 0, 0, 0, 0, 0, 0, 0, 0, 0, 0, 0, 0, 0, 0, 0, 0, 0, 0, 0, 0, 0, 0, 0, 0, 0, 0, 0, 0, 0, 0, 0, 0, 0, 0, 0, 0, 0, 0, 0, 0, 0, 0, 0, 0, 0, 0, 0, 0, 0, 0, 0, 0, 0, 0, 0, 0, 0, 0, 0, 0, 0, 0, 0, 0, 0, 0, 0, 0, 0, 0, 0, 0, 0, 0, 0, 0, 0, 0, 0, 0, 0, 0, 0, 0, 0, 0, 0, 0, 0, 0, 0, 0, 0, 0, 0, 0, 0, 0, 0, 0, 0, 0, 0, 0, 0, 0, 0, 0, 0, 0, 0, 0, 0, 0, 0, 0, 0, 0, 0, 0, 0, 0, 0, 0, 0, 0, 0, 0, 0, 0, 0, 0, 0, 0, 0, 0, 0, 0, 0, 0, 0, 0, 0, 0, 0, 0, 0, 0, 0, 0, 0, 0, 0, 0, 0, 0, 0, 0, 0, 0, 0, 0, 0, 0, 0, 0, 0, 0, 0, 0, 0, 0, 0, 0, 0, 0, 0, 0, 0, 0, 0, 0, 0, 0, 0, 0, 0, 0, 0, 0, 0, 0, 0, 0, 0, 0, 0, 0, 0, 0, 0, 0, 0, 0, 0, 0, 0, 0, 0, 0, 0, 0, 0, 0, 0, 0, 0, 0, 0, 0, 0, 0, 0, 0, 0, 0, 0, 0, 0, 0, 0, 0, 0, 0, 0, 0, 0, 0, 0, 0, 0, 0, 0, 0, 0, 0, 0, 0, 0, 0, 0, 0, 0, 0, 0, 0, 0, 0, 0, 0, 0, 0, 0, 0, 0, 0, 0, 0, 0, 0, 0, 0, 0, 0, 0, 0, 0, 0, 0, 0, 0, 0, 0, 0, 0, 0, 0, 0, 0, 0, 0, 0, 0, 0, 0, 0, 0, 0, 0, 0, 0, 0, 0, 0, 0, 0, 0, 0, 0, 0, 0, 0, 0, 0, 0, 0, 0, 0, 0, 0, 0, 0, 0, 0, 0, 0, 0, 0, 0, 0, 0, 0, 0, 0, 0, 0]",485,"[0.4196086525917053, 0.5748745203018188, 0.5165886878967285, 0.552767813205719, 0.42777687311172485, 0.4074919521808624, 1.0128093957901, 0.4485996663570404, 0.40743663907051086, 0.6952821612358093, 0.7174807786941528, 0.4782235026359558, 0.41842615604400635, 0.4286678433418274, 0.44933369755744934, 0.6726171970367432, 0.4097961485385895, 0.4357731342315674, 0.6814294457435608, 0.4643549621105194, 0.5342456698417664, 0.4813307523727417, 1.2982219457626343, 0.642348051071167, 0.6275546550750732, 0.6509210467338562, 0.45022788643836975, 0.5144258737564087, 0.4843035936355591, 0.4250679314136505, 0.41269782185554504, 0.8306933045387268, 0.43058741092681885, 0.9330000877380371, 0.528989851474762, 0.6410720348358154, 0.46657469868659973, 0.8797920942306519, 1.305842638015747, 0.5305026769638062, 0.979054868221283, 0.41086921095848083, 0.4499443471431732, 0.44113773107528687, 0.8733651041984558, 0.4292652904987335, 0.4371786415576935, 0.44791996479034424, 0.4108456075191498, 0.4512549936771393, 0.41126495599746704, 0.47500765323638916, 0.4164704382419586, 0.46036335825920105, 0.4475444555282593, 0.6826694011688232, 0.4909134805202484, 0.40723443031311035, 0.5099307298660278, 0.7540972828865051, 0.6221557855606079, 0.5224210023880005, 0.5530428886413574, 0.40765923261642456, 0.4215596318244934, 0.6970226168632507, 0.5665807127952576, 0.7744083404541016, 0.4142652451992035, 0.6764159202575684, 0.6528333425521851, 0.555850088596344, 0.4249657094478607, 0.4084089994430542, 0.41687333583831787, 0.541405439376831, 0.5215772390365601, 0.4374842345714569, 0.4236433804035187, 0.46356600522994995, 0.422932505607605, 0.6325507164001465, 0.5156570076942444, 0.580885112285614, 0.4113512933254242, 0.7197020053863525, 0.6098777651786804, 0.5411640405654907, 0.4083235561847687, 0.4089633524417877, 0.566280722618103, 0.478674054145813, 0.4162980318069458, 0.4143323600292206, 0.7969205379486084, 0.42664995789527893, 0.48211222887039185, 0.4324895441532135, 0.41239920258522034, 0.8216574788093567, 0.4088008999824524, 0.4365217983722687, 0.40789517760276794, 0.6309003233909607, 0.6071250438690186, 0.4492107629776001, 0.40812721848487854, 0.4690714180469513, 0.4387519955635071, 0.40722617506980896, 0.42608577013015747, 0.4772523045539856, 0.572458803653717, 0.4153500497341156, 0.5008084774017334, 0.40749168395996094, 0.4334392845630646, 0.43696388602256775, 0.42098376154899597, 0.568693995475769, 0.40723010897636414, 0.40938788652420044, 0.4557899236679077, 0.42229950428009033, 0.48958781361579895, 0.5470717549324036, 0.41728100180625916, 0.471486896276474, 0.45880743861198425, 0.4414943754673004, 0.44040703773498535, 0.42504432797431946, 0.5058582425117493, 0.42101603746414185, 0.865456223487854, 0.4215320646762848, 0.5376130938529968, 0.42713600397109985, 0.4804922342300415, 0.6366139054298401, 0.4870431125164032, 0.4483683109283447, 0.6636467576026917, 0.5091757774353027, 0.8223963975906372, 0.4974853992462158, 0.6171678304672241, 0.7449567914009094, 0.5115969777107239, 0.4766806662082672, 0.4119654595851898, 0.4078565835952759, 0.4088380038738251, 0.4283351004123688, 0.4072457253932953, 0.4421168565750122, 1.1572719812393188, 0.40725764632225037, 0.49321186542510986, 0.44791194796562195, 0.4195144772529602, 0.47435081005096436, 0.620154857635498, 0.539638102054596, 0.4345642924308777, 0.47832852602005005, 0.41376054286956787, 0.5610353946685791, 0.696397602558136, 0.6754069328308105, 0.41729626059532166, 0.4998994767665863, 0.636502742767334, 0.40741097927093506, 0.5091647505760193, 0.48606160283088684, 0.4431998133659363, 0.45743250846862793, 0.41601455211639404, 0.6704914569854736, 0.46613696217536926, 0.4082259237766266, 0.48865532875061035, 0.6081384420394897, 0.4110592305660248, 0.5448259711265564, 0.567671537399292, 0.4236254394054413, 1.3141969442367554, 0.67142653465271, 1.01093327999115, 0.6192819476127625, 0.48211997747421265, 0.7866788506507874, 0.45921429991722107, 0.42528536915779114, 0.41506218910217285, 0.4117259681224823, 1.1222931146621704, 0.824292004108429, 0.41971874237060547, 0.5629602074623108, 0.4246408939361572, 0.40922409296035767, 0.42041152715682983, 0.40724241733551025, 0.5736490488052368, 0.8064820170402527, 0.40992140769958496, 0.45114803314208984, 0.42930853366851807, 0.4745263159275055, 0.492691308259964, 0.48576316237449646, 0.40726304054260254, 0.9914222955703735, 0.44754695892333984, 0.7436909675598145, 0.407965749502182, 0.4757261574268341, 0.5282130837440491, 0.5297899842262268, 0.9578289985656738, 0.6818588972091675, 0.41196778416633606, 0.4449923038482666, 0.4243623614311218, 0.6323957443237305, 0.5628870129585266, 0.40816935896873474, 0.5307995080947876, 0.5354030728340149, 0.4431295394897461, 0.5795091390609741, 0.7675716280937195, 0.4166933000087738, 0.43560490012168884, 0.8282713294029236, 0.4510912597179413, 0.760301411151886, 0.4216674566268921, 0.41753333806991577, 0.6145028471946716, 1.3163129091262817, 0.6172943711280823, 0.4519183039665222, 0.4162800908088684, 0.4285065829753876, 0.41542941331863403, 0.5878906846046448, 0.4172948896884918, 0.6964303851127625, 0.49505680799484253, 0.7803698778152466, 0.5135879516601562, 0.6225529313087463, 0.575438916683197, 0.7655431628227234, 0.4710303246974945, 0.41582462191581726, 0.47125765681266785, 0.621105968952179, 0.40744277834892273, 0.6838310360908508, 0.4150640368461609, 0.4173596203327179, 0.5501165986061096, 0.45227155089378357, 0.4242872893810272, 0.4457409679889679, 0.6266330480575562, 0.7985905408859253, 0.4102157950401306, 0.43489009141921997, 0.407233327627182, 1.3027606010437012, 0.7522313594818115, 0.5023260116577148, 0.4986915588378906, 0.4562760293483734, 0.7211320400238037, 0.9476617574691772, 0.690571665763855, 0.5369048118591309, 0.41310131549835205, 0.42094138264656067, 0.4955889880657196, 0.42211735248565674, 0.4922357499599457, 0.4103800058364868, 0.4352218210697174, 0.536653459072113, 0.4448046088218689, 0.46652117371559143, 0.4426395297050476, 0.4638567864894867, 0.5003789663314819, 0.42635685205459595, 0.41741862893104553, 0.4192039370536804, 0.4082280993461609, 0.5416090488433838, 0.622390866279602, 0.4388726055622101, 0.5562325119972229, 0.6072130799293518, 0.5013638734817505, 0.40738674998283386, 0.41622039675712585, 0.49105313420295715, 0.5173914432525635, 0.41358986496925354, 0.4777384102344513, 0.626223087310791, 0.6869702339172363, 0.99479079246521, 0.6022780537605286, 0.41209617257118225, 0.5393868088722229, 0.6410215497016907, 0.7593323588371277, 0.4632674753665924, 1.3874789476394653, 0.4570624530315399, 0.4316498935222626, 0.4205061197280884, 0.5032963156700134, 0.5878236889839172, 0.46125271916389465, 0.6538994312286377, 0.5479456782341003, 0.4076269567012787, 0.4423881769180298, 0.5924882292747498, 0.4219549894332886, 0.41342514753341675, 0.637245774269104, 0.4201595187187195, 0.4348928928375244, 0.49340519309043884, 0.40752112865448, 0.928184986114502, 0.5018903613090515, 0.41379979252815247, 0.4085914194583893, 0.44538378715515137, 0.5749403238296509, 0.6371158957481384, 0.48000189661979675, 0.4092283248901367, 0.4497640132904053, 0.4075203835964203, 0.8004570007324219, 0.4777947664260864, 0.4196116626262665, 0.4411740005016327, 0.46319344639778137, 0.43824759125709534, 0.4073004424571991, 0.41926780343055725, 0.45022886991500854, 1.0782700777053833, 0.41148626804351807, 0.6890207529067993, 0.41297218203544617, 0.4886544942855835, 0.4235481023788452, 0.426230251789093, 0.42186543345451355, 0.41795721650123596, 0.47042834758758545, 0.5296050906181335, 0.5788713693618774, 0.41712915897369385, 0.5292149186134338, 0.454264760017395, 0.5245402455329895, 0.8438483476638794, 0.7552708387374878, 0.8018094897270203, 0.4078441858291626, 0.9224468469619751, 0.40723341703414917, 0.42968201637268066, 0.4667918384075165, 0.9265668988227844, 0.42108017206192017, 0.4401029646396637, 0.48399749398231506, 0.4868200421333313, 0.5020866394042969, 0.7182470560073853, 0.4084586799144745, 0.6945467591285706, 0.4083412289619446, 0.4443579912185669, 0.5088925361633301, 0.4874469041824341, 1.0276535749435425, 0.40792861580848694, 0.4211968183517456, 0.650389552116394, 0.6899954080581665, 0.4405907094478607, 0.4072323143482208, 0.5228186249732971, 1.2497928142547607, 0.5801421999931335, 0.5011813640594482, 0.4340099096298218, 0.4094138443470001, 0.44775882363319397, 0.41129931807518005, 0.5893426537513733, 0.4943636953830719, 0.7786200046539307, 0.4200060963630676, 0.4453662633895874, 0.4261692464351654, 0.4148302376270294, 0.4072261452674866, 0.6648069024085999, 0.5346864461898804, 0.47804364562034607, 0.4073987901210785, 0.44372642040252686, 0.416657418012619, 0.6169347167015076, 0.5974273085594177, 0.40738388895988464, 0.5303449034690857, 0.40725991129875183, 0.4138532280921936, 0.4604320526123047, 0.9251540303230286, 0.425628662109375, 0.40728333592414856, 0.42845767736434937, 0.8863566517829895, 1.1614105701446533, 0.4558892846107483, 0.4979294538497925, 0.4101960062980652, 0.5096610188484192, 0.4317981004714966, 0.7103687524795532, 0.7830328941345215, 0.4234853982925415, 0.4204227924346924, 0.564155638217926, 0.4137183129787445, 0.4162777364253998, 0.7985820174217224, 0.4075842797756195, 0.4804968535900116, 0.41307875514030457, 0.42400744557380676, 0.42686927318573, 0.40788978338241577, 0.46462127566337585, 0.7241689562797546, 0.5307908058166504, 0.8077458739280701, 0.5871113538742065, 0.4399445056915283, 0.47107693552970886, 0.5617361664772034, 0.40900719165802, 0.6162214875221252, 0.4256885051727295, 0.49386778473854065, 0.41519492864608765, 0.44445347785949707, 0.8126044273376465, 0.41003045439720154, 0.43992528319358826, 0.421652615070343, 0.4288999140262604, 0.416935533285141, 0.8263991475105286, 0.5299851298332214, 0.4788168668746948, 0.4769054055213928, 0.5141789317131042, 0.41141316294670105]",0.0,"[0.0, 0.0, 0.0, 0.0, 0.0, 0.0, 0.0, 0.0, 0.0, 0.0, 0.0, 0.0, 0.0, 0.0, 0.0, 0.0, 0.0, 0.0, 0.0, 0.0, 0.0, 0.0, 0.0, 0.0, 0.0, 0.0, 0.0, 0.0, 0.0, 0.0, 0.0, 0.0, 0.0, 0.0, 0.0, 0.0, 0.0, 0.0, 0.0, 0.0, 0.0, 0.0, 0.0, 0.0, 0.0, 0.0, 0.0, 0.0, 0.0, 0.0, 0.0, 0.0, 0.0, 0.0, 0.0, 0.0, 0.0, 0.0, 0.0, 0.0, 0.0, 0.0, 0.0, 0.0, 0.0, 0.0, 0.0, 0.0, 0.0, 0.0, 0.0, 0.0, 0.0, 0.0, 0.0, 0.0, 0.0, 0.0, 0.0, 0.0, 0.0, 0.0, 0.0, 0.0, 0.0, 0.0, 0.0, 0.0, 0.0, 0.0, 0.0, 0.0, 0.0, 0.0, 0.0, 0.0, 0.0, 0.0, 0.0, 0.0, 0.0, 0.0, 0.0, 0.0, 0.0, 0.0, 0.0, 0.0, 0.0, 0.0, 0.0, 0.0, 0.0, 0.0, 0.0, 0.0, 0.0, 0.0, 0.0, 0.0, 0.0, 0.0, 0.0, 0.0, 0.0, 0.0, 0.0, 0.0, 0.0, 0.0, 0.0, 0.0, 0.0, 0.0, 0.0, 0.0, 0.0, 0.0, 0.0, 0.0, 0.0, 0.0, 0.0, 0.0, 0.0, 0.0, 0.0, 0.0, 0.0, 0.0, 0.0, 0.0, 0.0, 0.0, 0.0, 0.0, 0.0, 0.0, 0.0, 0.0, 0.0, 0.0, 0.0, 0.0, 0.0, 0.0, 0.0, 0.0, 0.0, 0.0, 0.0, 0.0, 0.0, 0.0, 0.0, 0.0, 0.0, 0.0, 0.0, 0.0, 0.0, 0.0, 0.0, 0.0, 0.0, 0.0, 0.0, 0.0, 0.0, 0.0, 0.0, 0.0, 0.0, 0.0, 0.0, 0.0, 0.0, 0.0, 0.0, 0.0, 0.0, 0.0, 0.0, 0.0, 0.0, 0.0, 0.0, 0.0, 0.0, 0.0, 0.0, 0.0, 0.0, 0.0, 0.0, 0.0, 0.0, 0.0, 0.0, 0.0, 0.0, 0.0, 0.0, 0.0, 0.0, 0.0, 0.0, 0.0, 0.0, 0.0, 0.0, 0.0, 0.0, 0.0, 0.0, 0.0, 0.0, 0.0, 0.0, 0.0, 0.0, 0.0, 0.0, 0.0, 0.0, 0.0, 0.0, 0.0, 0.0, 0.0, 0.0, 0.0, 0.0, 0.0, 0.0, 0.0, 0.0, 0.0, 0.0, 0.0, 0.0, 0.0, 0.0, 0.0, 0.0, 0.0, 0.0, 0.0, 0.0, 0.0, 0.0, 0.0, 0.0, 0.0, 0.0, 0.0, 0.0, 0.0, 0.0, 0.0, 0.0, 0.0, 0.0, 0.0, 0.0, 0.0, 0.0, 0.0, 0.0, 0.0, 0.0, 0.0, 0.0, 0.0, 0.0, 0.0, 0.0, 0.0, 0.0, 0.0, 0.0, 0.0, 0.0, 0.0, 0.0, 0.0, 0.0, 0.0, 0.0, 0.0, 0.0, 0.0, 0.0, 0.0, 0.0, 0.0, 0.0, 0.0, 0.0, 0.0, 0.0, 0.0, 0.0, 0.0, 0.0, 0.0, 0.0, 0.0, 0.0, 0.0, 0.0, 0.0, 0.0, 0.0, 0.0, 0.0, 0.0, 0.0, 0.0, 0.0, 0.0, 0.0, 0.0, 0.0, 0.0, 0.0, 0.0, 0.0, 0.0, 0.0, 0.0, 0.0, 0.0, 0.0, 0.0, 0.0, 0.0, 0.0, 0.0, 0.0, 0.0, 0.0, 0.0, 0.0, 0.0, 0.0, 0.0, 0.0, 0.0, 0.0, 0.0, 0.0, 0.0, 0.0, 0.0, 0.0, 0.0, 0.0, 0.0, 0.0, 0.0, 0.0, 0.0, 0.0, 0.0, 0.0, 0.0, 0.0, 0.0, 0.0, 0.0, 0.0, 0.0, 0.0, 0.0, 0.0, 0.0, 0.0, 0.0, 0.0, 0.0, 0.0, 0.0, 0.0, 0.0, 0.0, 0.0, 0.0, 0.0, 0.0, 0.0, 0.0, 0.0, 0.0, 0.0, 0.0, 0.0, 0.0, 0.0, 0.0, 0.0, 0.0, 0.0, 0.0, 0.0, 0.0, 0.0, 0.0, 0.0, 0.0, 0.0, 0.0, 0.0, 0.0, 0.0, 0.0, 0.0, 0.0, 0.0, 0.0, 0.0, 0.0, 0.0, 0.0, 0.0, 0.0, 0.0, 0.0, 0.0, 0.0, 0.0, 0.0, 0.0, 0.0, 0.0, 0.0, 0.0, 0.0, 0.0, 0.0, 0.0, 0.0, 0.0, 0.0, 0.0, 0.0, 0.0, 0.0, 0.0, 0.0, 0.0, 0.0, 0.0, 0.0, 0.0, 0.0, 0.0, 0.0, 0.0, 0.0, 0.0, 0.0, 0.0, 0.0, 0.0]",COMPLETE
