,number,value,datetime_start,datetime_complete,duration,params_batch_size_scaler,params_constant_learning_rate,params_depth,params_epochs,params_kernel_l2,params_num_trees,params_temperature,user_attrs_accuracy_test,user_attrs_accuracy_valid,user_attrs_approximate_feature_sparsity,user_attrs_approximate_feature_sparsity_history,user_attrs_approximate_weight_sparsity,user_attrs_approximate_weight_sparsity_history,user_attrs_auc_test,user_attrs_auc_valid,user_attrs_feature_sparsity,user_attrs_feature_sparsity_history,user_attrs_num_epochs,user_attrs_val_loss_history,user_attrs_weight_sparsity,user_attrs_weight_sparsity_history,state
110,110,0.7034367713928714,2024-08-31 04:56:45.027136,2024-08-31 05:00:12.146600,0 days 00:03:27.119464,64,0.769718992344478,6,315,0.6152128454531605,38,0.0029368242428542655,0.871,0.86625,2,"[33, 33, 33, 33, 33, 33, 33, 33, 33, 33, 33, 33, 33, 33, 33, 33, 33, 33, 33, 33, 33, 33, 33, 33, 33, 33, 33, 33, 33, 33, 33, 33, 33, 33, 33, 33, 33, 33, 32, 24, 21, 17, 12, 10, 9, 7, 6, 6, 6, 6, 5, 5, 5, 5, 5, 5, 5, 5, 5, 5, 5, 5, 4, 4, 4, 4, 4, 4, 4, 4, 4, 3, 3, 3, 3, 3, 3, 3, 3, 3, 3, 3, 3, 3, 3, 3, 3, 3, 3, 3, 3, 3, 3, 3, 3, 3, 3, 3, 3, 3, 3, 3, 3, 3, 3, 3, 3, 3, 3, 3, 3, 3, 3, 3, 3, 3, 3, 3, 3, 3, 3, 3, 3, 3, 3, 3, 3, 3, 3, 3, 3, 3, 3, 3, 3, 3, 3, 3, 3, 3, 3, 3, 3, 3, 3, 3, 3, 3, 3, 3, 3, 3, 3, 3, 3, 3, 3, 3, 3, 3, 3, 3, 3, 3, 3, 3, 3, 3, 3, 3, 3, 3, 3, 3, 3, 3, 3, 3, 3, 3, 3, 3, 3, 3, 3, 3, 3, 3, 3, 3, 3, 3, 3, 3, 3, 3, 3, 3, 3, 3, 3, 3, 3, 3, 3, 3, 3, 3, 3, 3, 3, 3, 3, 3, 3, 3, 3, 3, 3, 3, 3, 3, 3, 3, 3, 3, 3, 3, 3, 3, 3, 3, 3, 3, 3, 3, 3, 3, 3, 3, 3, 3, 3, 3, 3, 3, 3, 3, 3, 3, 3, 3, 3, 3, 3, 3, 3, 3, 3, 3, 3, 3, 2, 2, 2, 2, 2, 2, 2, 2, 2, 2, 2, 2, 2, 2, 2, 2, 2, 2, 2, 2, 2, 2, 2, 2, 2, 2, 2, 2, 2, 2, 2, 2, 2, 2, 2, 2, 2, 2, 2, 2, 2, 2, 2, 2, 2, 2, 2, 2, 2, 2, 2, 2, 2]",1.995405179615706,"[32.930242272347535, 32.93400167084378, 32.923141186299084, 32.93316624895572, 32.93567251461988, 32.9327485380117, 32.934419381787805, 32.930242272347535, 32.927736006683375, 32.92606516290727, 32.928153717627396, 32.91896407685881, 32.92690058479532, 32.92940685045948, 32.932748538011694, 32.93483709273183, 32.93065998329156, 32.93316624895572, 32.927736006683375, 32.93149540517961, 32.93316624895572, 32.92857142857143, 32.93191311612364, 32.934419381787805, 32.932748538011694, 32.93065998329156, 32.927736006683375, 32.932330827067666, 32.93525480367585, 32.934419381787805, 32.93859649122807, 32.93107769423558, 32.925647451963236, 32.93107769423559, 32.930242272347535, 32.921052631578945, 32.92857142857143, 32.93233082706767, 31.93024227234753, 23.943609022556387, 20.95279866332498, 16.967418546365916, 11.977443609022558, 9.977861319966584, 8.979114452798663, 6.986215538847118, 5.984962406015037, 5.985380116959064, 5.983709273182957, 5.9870509607351705, 4.989139515455305, 4.988721804511278, 4.989557226399332, 4.989557226399331, 4.989974937343358, 4.988721804511278, 4.991228070175438, 4.992063492063492, 4.988721804511278, 4.987050960735171, 4.987886382623225, 4.989139515455305, 3.992063492063492, 3.992481203007519, 3.9937343358395987, 3.9962406015037595, 3.995405179615706, 3.991645781119465, 3.990810359231412, 3.989139515455305, 3.9941520467836256, 2.992481203007519, 2.994987468671679, 2.9945697577276524, 2.9949874686716793, 2.9954051796157057, 2.9958228905597326, 2.9949874686716793, 2.9941520467836256, 2.9962406015037595, 2.9958228905597326, 2.997076023391813, 2.996658312447786, 2.9945697577276524, 2.9945697577276524, 2.9945697577276524, 2.9941520467836256, 2.996658312447786, 2.995405179615706, 2.9928989139515454, 2.995405179615706, 2.993734335839599, 2.9941520467836256, 2.9945697577276524, 2.9941520467836256, 2.9949874686716793, 2.995405179615706, 2.991645781119465, 2.9949874686716793, 2.9949874686716793, 2.9928989139515454, 2.9895572263993317, 2.9912280701754383, 2.992063492063492, 2.9933166248955723, 2.990810359231412, 2.9912280701754383, 2.9912280701754383, 2.9928989139515454, 2.992481203007519, 2.993734335839599, 2.989974937343358, 2.991645781119465, 2.9941520467836256, 2.994987468671679, 2.992481203007519, 2.996658312447786, 2.995822890559732, 2.9945697577276524, 2.992898913951546, 2.9958228905597326, 2.995405179615706, 2.993734335839599, 2.9933166248955723, 2.9933166248955723, 2.9928989139515454, 2.9928989139515454, 2.9941520467836256, 2.9941520467836256, 2.992481203007519, 2.9928989139515454, 2.992063492063492, 2.9924812030075185, 2.990392648287385, 2.991645781119465, 2.992481203007519, 2.992063492063492, 2.992063492063492, 2.9928989139515454, 2.9941520467836256, 2.9933166248955723, 2.9912280701754383, 2.9928989139515454, 2.992481203007519, 2.992063492063492, 2.991645781119465, 2.992063492063492, 2.991645781119465, 2.993734335839599, 2.9949874686716793, 2.9962406015037595, 2.9962406015037595, 2.995405179615706, 2.9937343358395987, 2.993734335839599, 2.9945697577276524, 2.9945697577276524, 2.996240601503759, 2.9949874686716793, 2.9954051796157057, 2.9924812030075185, 2.990810359231412, 2.9899749373433586, 2.9895572263993317, 2.9903926482873855, 2.991228070175439, 2.990810359231412, 2.989139515455305, 2.987468671679198, 2.988304093567251, 2.989139515455305, 2.992063492063492, 2.990392648287385, 2.9895572263993317, 2.9895572263993317, 2.9895572263993317, 2.992898913951546, 2.993734335839599, 2.9949874686716793, 2.9941520467836256, 2.9958228905597326, 2.9958228905597326, 2.997076023391813, 2.995405179615706, 2.9958228905597326, 2.9958228905597326, 2.9941520467836256, 2.9945697577276524, 2.9949874686716793, 2.9941520467836256, 2.993734335839599, 2.9928989139515454, 2.9958228905597326, 2.9933166248955723, 2.993734335839599, 2.9949874686716793, 2.9958228905597326, 2.9949874686716793, 2.9949874686716793, 2.9962406015037595, 2.993734335839599, 2.993734335839599, 2.9928989139515454, 2.992481203007519, 2.9928989139515454, 2.9941520467836256, 2.9949874686716793, 2.9941520467836256, 2.9945697577276524, 2.9941520467836256, 2.9933166248955723, 2.9928989139515454, 2.993734335839599, 2.993734335839599, 2.995405179615706, 2.9962406015037595, 2.995405179615706, 2.9962406015037595, 2.9958228905597326, 2.992063492063492, 2.9933166248955723, 2.991645781119465, 2.9928989139515454, 2.992481203007519, 2.9937343358395987, 2.9937343358395987, 2.992063492063492, 2.9937343358395987, 2.9937343358395987, 2.9933166248955723, 2.9937343358395987, 2.9924812030075185, 2.9945697577276524, 2.9958228905597326, 2.9945697577276524, 2.9949874686716793, 2.9928989139515454, 2.9937343358395987, 2.9937343358395987, 2.9928989139515454, 2.9941520467836256, 2.992898913951546, 2.995405179615706, 2.992063492063492, 2.992481203007519, 2.990810359231412, 2.990810359231412, 2.9912280701754383, 2.9933166248955723, 2.992481203007519, 2.9933166248955723, 2.9945697577276524, 2.993734335839599, 2.9933166248955723, 2.9937343358395987, 2.994987468671679, 2.9933166248955723, 2.9937343358395987, 2.9937343358395987, 2.9941520467836256, 2.9937343358395987, 2.9941520467836256, 1.9954051796157057, 1.9958228905597326, 1.9962406015037595, 1.9970760233918128, 1.9970760233918128, 1.9962406015037595, 1.9941520467836258, 1.9941520467836258, 1.9945697577276524, 1.9937343358395991, 1.9941520467836256, 1.9941520467836256, 1.9954051796157057, 1.9945697577276524, 1.9937343358395991, 1.9945697577276524, 1.993734335839599, 1.9945697577276524, 1.9945697577276524, 1.9937343358395991, 1.9958228905597326, 1.9954051796157057, 1.9954051796157057, 1.9962406015037595, 1.9949874686716793, 1.995405179615706, 1.9945697577276524, 1.9928989139515454, 1.994987468671679, 1.9941520467836256, 1.992063492063492, 1.9928989139515454, 1.9941520467836256, 1.9958228905597326, 1.9958228905597326, 1.9966583124477861, 1.9949874686716793, 1.9949874686716793, 1.9954051796157057, 1.9974937343358397, 1.9966583124477861, 1.9958228905597326, 1.9962406015037595, 1.9958228905597326, 1.9954051796157057, 1.9970760233918128, 1.9954051796157057, 1.9958228905597326, 1.9970760233918128, 1.9966583124477861, 1.9962406015037595, 1.9962406015037595, 1.995405179615706]",0.7594597049183034,0.7034367713928714,2,"[33, 33, 33, 33, 33, 33, 33, 33, 33, 33, 33, 33, 33, 33, 33, 33, 33, 33, 33, 33, 33, 33, 33, 33, 33, 33, 33, 33, 33, 33, 33, 33, 33, 33, 33, 33, 33, 33, 32, 24, 21, 17, 12, 10, 9, 7, 6, 6, 6, 6, 5, 5, 5, 5, 5, 5, 5, 5, 5, 5, 5, 5, 4, 4, 4, 4, 4, 4, 4, 4, 4, 3, 3, 3, 3, 3, 3, 3, 3, 3, 3, 3, 3, 3, 3, 3, 3, 3, 3, 3, 3, 3, 3, 3, 3, 3, 3, 3, 3, 3, 3, 3, 3, 3, 3, 3, 3, 3, 3, 3, 3, 3, 3, 3, 3, 3, 3, 3, 3, 3, 3, 3, 3, 3, 3, 3, 3, 3, 3, 3, 3, 3, 3, 3, 3, 3, 3, 3, 3, 3, 3, 3, 3, 3, 3, 3, 3, 3, 3, 3, 3, 3, 3, 3, 3, 3, 3, 3, 3, 3, 3, 3, 3, 3, 3, 3, 3, 3, 3, 3, 3, 3, 3, 3, 3, 3, 3, 3, 3, 3, 3, 3, 3, 3, 3, 3, 3, 3, 3, 3, 3, 3, 3, 3, 3, 3, 3, 3, 3, 3, 3, 3, 3, 3, 3, 3, 3, 3, 3, 3, 3, 3, 3, 3, 3, 3, 3, 3, 3, 3, 3, 3, 3, 3, 3, 3, 3, 3, 3, 3, 3, 3, 3, 3, 3, 3, 3, 3, 3, 3, 3, 3, 3, 3, 3, 3, 3, 3, 3, 3, 3, 3, 3, 3, 3, 3, 3, 3, 3, 3, 3, 3, 2, 2, 2, 2, 2, 2, 2, 2, 2, 2, 2, 2, 2, 2, 2, 2, 2, 2, 2, 2, 2, 2, 2, 2, 2, 2, 2, 2, 2, 2, 2, 2, 2, 2, 2, 2, 2, 2, 2, 2, 2, 2, 2, 2, 2, 2, 2, 2, 2, 2, 2, 2, 2]",315,"[0.44328323006629944, 0.4189488887786865, 0.41170039772987366, 0.40755364298820496, 0.4046565592288971, 0.40240228176116943, 0.40081292390823364, 0.3988611102104187, 0.3968467712402344, 0.3957289755344391, 0.3939889669418335, 0.39255931973457336, 0.39142268896102905, 0.39060235023498535, 0.3894857168197632, 0.3886462152004242, 0.38768336176872253, 0.3871084153652191, 0.38618746399879456, 0.3853788673877716, 0.38480472564697266, 0.3841555118560791, 0.38359561562538147, 0.3832126259803772, 0.3824702799320221, 0.38181182742118835, 0.3812446594238281, 0.38115695118904114, 0.3802063465118408, 0.37974289059638977, 0.37925776839256287, 0.37875813245773315, 0.3782845437526703, 0.3778887093067169, 0.3772519826889038, 0.3766600787639618, 0.37629032135009766, 0.3762616217136383, 0.37523502111434937, 0.3740327060222626, 0.371602326631546, 0.3693576157093048, 0.3678547143936157, 0.3680309057235718, 0.36741238832473755, 0.36770039796829224, 0.3731633126735687, 0.37316790223121643, 0.3727185130119324, 0.3727934956550598, 0.3750704526901245, 0.37474381923675537, 0.3745060861110687, 0.3742746412754059, 0.3740283250808716, 0.3738004267215729, 0.37356850504875183, 0.37381306290626526, 0.37387049198150635, 0.37347212433815, 0.3730385899543762, 0.37276214361190796, 0.3729095757007599, 0.37280377745628357, 0.37251412868499756, 0.37234532833099365, 0.3721999228000641, 0.37200042605400085, 0.37186571955680847, 0.37170636653900146, 0.37153685092926025, 0.3765760660171509, 0.37570199370384216, 0.3752971887588501, 0.3748479187488556, 0.3744596540927887, 0.37428992986679077, 0.3737599849700928, 0.37356510758399963, 0.37332451343536377, 0.3738594949245453, 0.3729625642299652, 0.37241217494010925, 0.3723255395889282, 0.37237417697906494, 0.37210479378700256, 0.37171611189842224, 0.37168121337890625, 0.3713550269603729, 0.37122076749801636, 0.37107527256011963, 0.37090209126472473, 0.3707706332206726, 0.3706566095352173, 0.37070292234420776, 0.3709230124950409, 0.37082186341285706, 0.37053099274635315, 0.370164692401886, 0.3702149987220764, 0.37009596824645996, 0.3698955476284027, 0.3697461187839508, 0.36967211961746216, 0.36963698267936707, 0.36955252289772034, 0.36943450570106506, 0.36945000290870667, 0.3694710433483124, 0.36931565403938293, 0.36914417147636414, 0.3690778613090515, 0.3690269887447357, 0.3691117465496063, 0.3691501319408417, 0.3689185082912445, 0.36879366636276245, 0.3688195049762726, 0.36867964267730713, 0.3686169385910034, 0.3686505854129791, 0.3685236871242523, 0.36846840381622314, 0.3684127926826477, 0.3683412969112396, 0.36832863092422485, 0.36828845739364624, 0.36829307675361633, 0.3684903085231781, 0.3683253526687622, 0.3681574761867523, 0.3682215213775635, 0.3680543601512909, 0.36801692843437195, 0.3679659366607666, 0.3679109513759613, 0.3678748309612274, 0.36785316467285156, 0.3678276836872101, 0.36778250336647034, 0.3676900565624237, 0.36765629053115845, 0.3677331209182739, 0.36760199069976807, 0.3675554692745209, 0.3676137626171112, 0.36780890822410583, 0.3676510751247406, 0.3673715889453888, 0.3673466742038727, 0.367376446723938, 0.36723145842552185, 0.3671974837779999, 0.36715641617774963, 0.36710894107818604, 0.3679106831550598, 0.3676002621650696, 0.36707010865211487, 0.3669028878211975, 0.36683377623558044, 0.3667805790901184, 0.36672213673591614, 0.3666841387748718, 0.3666715919971466, 0.3666488528251648, 0.36658284068107605, 0.3666265606880188, 0.36646002531051636, 0.36637866497039795, 0.3663444519042969, 0.36630111932754517, 0.36672672629356384, 0.36631307005882263, 0.3661770224571228, 0.366084486246109, 0.3661077618598938, 0.36608821153640747, 0.366082102060318, 0.3659452199935913, 0.365901380777359, 0.36630699038505554, 0.366226464509964, 0.3663829565048218, 0.3662181496620178, 0.36570990085601807, 0.36580702662467957, 0.36555400490760803, 0.36549368500709534, 0.36543041467666626, 0.3654232919216156, 0.36544299125671387, 0.3653636872768402, 0.3652251958847046, 0.365436851978302, 0.3654470145702362, 0.3652196526527405, 0.3650778830051422, 0.3650146722793579, 0.3649515211582184, 0.3650696277618408, 0.36486750841140747, 0.3648199737071991, 0.36482781171798706, 0.3647051751613617, 0.36482855677604675, 0.36459881067276, 0.3646291494369507, 0.3645550012588501, 0.3646918535232544, 0.36469900608062744, 0.3646150827407837, 0.3643396496772766, 0.36440563201904297, 0.3647652566432953, 0.36417102813720703, 0.3641241788864136, 0.3641778528690338, 0.3640340566635132, 0.3639849126338959, 0.3638603687286377, 0.36416131258010864, 0.36373355984687805, 0.36367952823638916, 0.3640214800834656, 0.3635934591293335, 0.3635246753692627, 0.3635066747665405, 0.3634680509567261, 0.363386332988739, 0.3634459376335144, 0.36334091424942017, 0.3635930120944977, 0.3632180094718933, 0.363241583108902, 0.3631332516670227, 0.3629979193210602, 0.36292025446891785, 0.36279818415641785, 0.36283355951309204, 0.3626684844493866, 0.3625909388065338, 0.36261051893234253, 0.36278197169303894, 0.3624425232410431, 0.362516850233078, 0.36238229274749756, 0.3621613383293152, 0.3620546758174896, 0.3620585501194, 0.361948162317276, 0.3618435561656952, 0.3617301285266876, 0.3616711497306824, 0.36161038279533386, 0.3617706596851349, 0.3614904284477234, 0.3616103231906891, 0.3615070581436157, 0.3613082766532898, 0.36127030849456787, 0.361206978559494, 0.3612470328807831, 0.36672842502593994, 0.36645907163619995, 0.3662894368171692, 0.3662538528442383, 0.36607083678245544, 0.36577847599983215, 0.36586394906044006, 0.3654863238334656, 0.36520758271217346, 0.36520785093307495, 0.36487099528312683, 0.3647632896900177, 0.36468505859375, 0.3643982410430908, 0.36424076557159424, 0.36414939165115356, 0.3639823794364929, 0.36393818259239197, 0.36380717158317566, 0.3636530041694641, 0.3634359836578369, 0.36327317357063293, 0.3632175326347351, 0.36300334334373474, 0.36285772919654846, 0.36277371644973755, 0.36261093616485596, 0.36248815059661865, 0.36230751872062683, 0.36222603917121887, 0.36199817061424255, 0.361876517534256, 0.36203688383102417, 0.361541211605072, 0.36140167713165283, 0.36127984523773193, 0.3610989451408386, 0.36125269532203674, 0.3608626425266266, 0.3607829809188843, 0.3607744574546814, 0.3605007827281952, 0.3604082465171814, 0.36060765385627747, 0.36032018065452576, 0.3599648177623749, 0.35973823070526123, 0.3595883846282959, 0.3594765067100525, 0.3593541979789734, 0.3595539331436157, 0.3590541183948517, 0.35911354422569275]",2.0,"[33.0, 33.0, 33.0, 33.0, 33.0, 33.0, 33.0, 33.0, 33.0, 33.0, 33.0, 33.0, 33.0, 33.0, 33.0, 33.0, 33.0, 33.0, 33.0, 33.0, 33.0, 33.0, 33.0, 33.0, 33.0, 33.0, 33.0, 33.0, 33.0, 33.0, 33.0, 33.0, 33.0, 33.0, 33.0, 33.0, 33.0, 33.0, 32.0, 24.0, 21.0, 17.0, 12.0, 10.0, 9.0, 7.0, 6.0, 6.0, 6.0, 6.0, 5.0, 5.0, 5.0, 5.0, 5.0, 5.0, 5.0, 5.0, 5.0, 5.0, 5.0, 5.0, 4.0, 4.0, 4.0, 4.0, 4.0, 4.0, 4.0, 4.0, 4.0, 3.0, 3.0, 3.0, 3.0, 3.0, 3.0, 3.0, 3.0, 3.0, 3.0, 3.0, 3.0, 3.0, 3.0, 3.0, 3.0, 3.0, 3.0, 3.0, 3.0, 3.0, 3.0, 3.0, 3.0, 3.0, 3.0, 3.0, 3.0, 3.0, 3.0, 3.0, 3.0, 3.0, 3.0, 3.0, 3.0, 3.0, 3.0, 3.0, 3.0, 3.0, 3.0, 3.0, 3.0, 3.0, 3.0, 3.0, 3.0, 3.0, 3.0, 3.0, 3.0, 3.0, 3.0, 3.0, 3.0, 3.0, 3.0, 3.0, 3.0, 3.0, 3.0, 3.0, 3.0, 3.0, 3.0, 3.0, 3.0, 3.0, 3.0, 3.0, 3.0, 3.0, 3.0, 3.0, 3.0, 3.0, 3.0, 3.0, 3.0, 3.0, 3.0, 3.0, 3.0, 3.0, 3.0, 3.0, 3.0, 3.0, 3.0, 3.0, 3.0, 3.0, 3.0, 3.0, 3.0, 3.0, 3.0, 3.0, 3.0, 3.0, 3.0, 3.0, 3.0, 3.0, 3.0, 3.0, 3.0, 3.0, 3.0, 3.0, 3.0, 3.0, 3.0, 3.0, 3.0, 3.0, 3.0, 3.0, 3.0, 3.0, 3.0, 3.0, 3.0, 3.0, 3.0, 3.0, 3.0, 3.0, 3.0, 3.0, 3.0, 3.0, 3.0, 3.0, 3.0, 3.0, 3.0, 3.0, 3.0, 3.0, 3.0, 3.0, 3.0, 3.0, 3.0, 3.0, 3.0, 3.0, 3.0, 3.0, 3.0, 3.0, 3.0, 3.0, 3.0, 3.0, 3.0, 3.0, 3.0, 3.0, 3.0, 3.0, 3.0, 3.0, 3.0, 3.0, 3.0, 3.0, 3.0, 3.0, 3.0, 3.0, 3.0, 3.0, 3.0, 3.0, 3.0, 3.0, 3.0, 3.0, 3.0, 3.0, 3.0, 3.0, 3.0, 3.0, 3.0, 3.0, 3.0, 3.0, 2.0, 2.0, 2.0, 2.0, 2.0, 2.0, 2.0, 2.0, 2.0, 2.0, 2.0, 2.0, 2.0, 2.0, 2.0, 2.0, 2.0, 2.0, 2.0, 2.0, 2.0, 2.0, 2.0, 2.0, 2.0, 2.0, 2.0, 2.0, 2.0, 2.0, 2.0, 2.0, 2.0, 2.0, 2.0, 2.0, 2.0, 2.0, 2.0, 2.0, 2.0, 2.0, 2.0, 2.0, 2.0, 2.0, 2.0, 2.0, 2.0, 2.0, 2.0, 2.0, 2.0]",COMPLETE
