,number,value,datetime_start,datetime_complete,duration,params_batch_size_scaler,params_constant_learning_rate,params_depth,params_epochs,params_kernel_l2,params_num_trees,params_temperature,user_attrs_accuracy_test,user_attrs_accuracy_valid,user_attrs_approximate_feature_sparsity,user_attrs_approximate_feature_sparsity_history,user_attrs_approximate_weight_sparsity,user_attrs_approximate_weight_sparsity_history,user_attrs_auc_test,user_attrs_auc_valid,user_attrs_feature_sparsity,user_attrs_feature_sparsity_history,user_attrs_num_epochs,user_attrs_val_loss_history,user_attrs_weight_sparsity,user_attrs_weight_sparsity_history,state
4,4,0.9288943849750744,2024-08-31 00:37:17.270635,2024-08-31 00:38:57.433446,0 days 00:01:40.162811,4,0.23608000080290553,4,145,0.006822326814516935,87,0.002311352726748965,0.94,0.94625,33,"[33, 33, 33, 33, 33, 33, 33, 33, 33, 33, 33, 33, 33, 33, 33, 33, 33, 33, 33, 33, 33, 33, 33, 33, 33, 33, 33, 33, 33, 33, 33, 33, 33, 33, 33, 33, 33, 33, 33, 33, 33, 33, 33, 33, 33, 33, 33, 33, 33, 33, 33, 33, 33, 33, 33, 33, 33, 33, 33, 33, 33, 33, 33, 33, 33, 33, 33, 33, 33, 33, 33, 33, 33, 33, 33, 33, 33, 33, 33, 33, 33, 33, 33, 33, 33, 33, 33, 33, 33, 33, 33, 33, 33, 33, 33, 33, 33, 33, 33, 33, 33, 33, 33, 33, 33, 33, 33, 33, 33, 33, 33, 33, 33, 33, 33, 33, 33, 33, 33, 33, 33, 33, 33, 33, 33, 33, 33, 33, 33, 33, 33, 33, 33, 33, 33, 33, 33, 33, 33, 33, 33, 33, 33, 33, 33]",32.96551724137931,"[32.94712643678161, 32.94942528735632, 32.95708812260536, 32.946360153256705, 32.95249042145594, 32.946360153256705, 32.95478927203065, 32.94942528735632, 32.94942528735632, 32.94252873563219, 32.95249042145594, 32.95172413793104, 32.95249042145594, 32.95095785440613, 32.950957854406134, 32.94942528735632, 32.95019157088122, 32.948659003831416, 32.94789272030651, 32.95019157088122, 32.95402298850575, 32.95019157088122, 32.961685823754785, 32.94789272030651, 32.95325670498084, 32.948659003831416, 32.95402298850575, 32.95785440613027, 32.96015325670498, 32.943295019157084, 32.946360153256705, 32.955555555555556, 32.95095785440613, 32.95019157088123, 32.95862068965518, 32.95402298850575, 32.94942528735632, 32.94942528735632, 32.94329501915709, 32.95095785440613, 32.95325670498084, 32.94789272030651, 32.9448275862069, 32.9455938697318, 32.94789272030651, 32.946360153256705, 32.95785440613027, 32.95172413793104, 32.95478927203065, 32.95249042145594, 32.95632183908046, 32.95019157088122, 32.95095785440613, 32.95402298850575, 32.945593869731795, 32.94712643678161, 32.94406130268199, 32.944061302681995, 32.948659003831416, 32.9448275862069, 32.939463601532566, 32.93869731800766, 32.953256704980845, 32.9463601532567, 32.95172413793103, 32.946360153256705, 32.9448275862069, 32.95785440613027, 32.95019157088122, 32.94329501915709, 32.946360153256705, 32.952490421455934, 32.955555555555556, 32.95402298850574, 32.95172413793103, 32.946360153256705, 32.95019157088123, 32.953256704980845, 32.95478927203065, 32.952490421455934, 32.96168582375479, 32.948659003831416, 32.948659003831416, 32.955555555555556, 32.955555555555556, 32.955555555555556, 32.95019157088122, 32.95478927203065, 32.95862068965517, 32.95632183908046, 32.950957854406134, 32.94942528735632, 32.95019157088123, 32.95402298850575, 32.95402298850575, 32.95632183908046, 32.961685823754785, 32.95708812260536, 32.953256704980845, 32.95632183908046, 32.95402298850575, 32.95478927203065, 32.95478927203065, 32.962452107279695, 32.96168582375479, 32.95478927203065, 32.95478927203065, 32.95632183908046, 32.960153256704984, 32.95019157088122, 32.955555555555556, 32.95172413793103, 32.95095785440613, 32.953256704980845, 32.95019157088123, 32.95172413793104, 32.95708812260536, 32.944061302681995, 32.95402298850575, 32.9448275862069, 32.946360153256705, 32.95095785440613, 32.94176245210728, 32.94176245210728, 32.95325670498084, 32.94942528735632, 32.95632183908046, 32.953256704980845, 32.95862068965517, 32.95862068965517, 32.959386973180074, 32.95172413793104, 32.953256704980845, 32.953256704980845, 32.955555555555556, 32.95249042145594, 32.95172413793103, 32.96168582375479, 32.96245210727969, 32.96168582375479, 32.95708812260536, 32.962452107279695, 32.96168582375479, 32.959386973180074, 32.96551724137931]",0.9101544761763225,0.9288943849750744,33,"[33, 33, 33, 33, 33, 33, 33, 33, 33, 33, 33, 33, 33, 33, 33, 33, 33, 33, 33, 33, 33, 33, 33, 33, 33, 33, 33, 33, 33, 33, 33, 33, 33, 33, 33, 33, 33, 33, 33, 33, 33, 33, 33, 33, 33, 33, 33, 33, 33, 33, 33, 33, 33, 33, 33, 33, 33, 33, 33, 33, 33, 33, 33, 33, 33, 33, 33, 33, 33, 33, 33, 33, 33, 33, 33, 33, 33, 33, 33, 33, 33, 33, 33, 33, 33, 33, 33, 33, 33, 33, 33, 33, 33, 33, 33, 33, 33, 33, 33, 33, 33, 33, 33, 33, 33, 33, 33, 33, 33, 33, 33, 33, 33, 33, 33, 33, 33, 33, 33, 33, 33, 33, 33, 33, 33, 33, 33, 33, 33, 33, 33, 33, 33, 33, 33, 33, 33, 33, 33, 33, 33, 33, 33, 33, 33]",145,"[0.3838178217411041, 0.37644273042678833, 0.36764729022979736, 0.36232703924179077, 0.35821276903152466, 0.35417062044143677, 0.35077834129333496, 0.347088098526001, 0.342721164226532, 0.3401695489883423, 0.33635929226875305, 0.33459213376045227, 0.331282377243042, 0.3264676630496979, 0.32558315992355347, 0.32012519240379333, 0.31871914863586426, 0.31482839584350586, 0.3101789057254791, 0.3071559965610504, 0.30172526836395264, 0.29765790700912476, 0.2931324243545532, 0.29105809330940247, 0.28452399373054504, 0.28222694993019104, 0.27698370814323425, 0.2717686593532562, 0.2694299817085266, 0.2655907869338989, 0.2636071741580963, 0.2641672194004059, 0.2571798264980316, 0.25497204065322876, 0.2528251111507416, 0.25298643112182617, 0.24935074150562286, 0.2476343959569931, 0.24700671434402466, 0.2453065812587738, 0.24249689280986786, 0.2411785125732422, 0.2398764193058014, 0.23763321340084076, 0.23581890761852264, 0.23450982570648193, 0.23734691739082336, 0.23345156013965607, 0.23172755539417267, 0.22913408279418945, 0.2282608151435852, 0.2275017946958542, 0.22595208883285522, 0.2254713475704193, 0.2217501401901245, 0.2210272252559662, 0.22014860808849335, 0.21933166682720184, 0.222791850566864, 0.22074180841445923, 0.2153492122888565, 0.21526730060577393, 0.21340633928775787, 0.21188537776470184, 0.21118979156017303, 0.2103700190782547, 0.2095731496810913, 0.21065884828567505, 0.20892375707626343, 0.20769038796424866, 0.20697233080863953, 0.20402374863624573, 0.20295724272727966, 0.2027021050453186, 0.2010413110256195, 0.20794376730918884, 0.20158836245536804, 0.19923736155033112, 0.19826801121234894, 0.1986352801322937, 0.20220527052879333, 0.19818788766860962, 0.20290981233119965, 0.2036086618900299, 0.19618888199329376, 0.19615472853183746, 0.20099453628063202, 0.19613122940063477, 0.19358877837657928, 0.1932431161403656, 0.1939714252948761, 0.19564346969127655, 0.1933145970106125, 0.19208358228206635, 0.19067049026489258, 0.1915336549282074, 0.1908106803894043, 0.19070352613925934, 0.1916407197713852, 0.19119998812675476, 0.1923723816871643, 0.1905405968427658, 0.18961955606937408, 0.18889707326889038, 0.18768809735774994, 0.18845626711845398, 0.1867215782403946, 0.19141995906829834, 0.1888408213853836, 0.1886889636516571, 0.18842998147010803, 0.1869061142206192, 0.18657726049423218, 0.18768659234046936, 0.18478694558143616, 0.18643391132354736, 0.18387377262115479, 0.1858031153678894, 0.1896773874759674, 0.1865914762020111, 0.18488892912864685, 0.18468797206878662, 0.18305684626102448, 0.1846310794353485, 0.18428915739059448, 0.18525023758411407, 0.1831062138080597, 0.18212305009365082, 0.1827484369277954, 0.1820579320192337, 0.18358804285526276, 0.18042995035648346, 0.18408606946468353, 0.1811782717704773, 0.18129517138004303, 0.18238435685634613, 0.18408773839473724, 0.18043012917041779, 0.18272490799427032, 0.1801687479019165, 0.18019238114356995, 0.1863722950220108, 0.18003268539905548, 0.17872436344623566, 0.18236246705055237]",33.0,"[33.0, 33.0, 33.0, 33.0, 33.0, 33.0, 33.0, 33.0, 33.0, 33.0, 33.0, 33.0, 33.0, 33.0, 33.0, 33.0, 33.0, 33.0, 33.0, 33.0, 33.0, 33.0, 33.0, 33.0, 33.0, 33.0, 33.0, 33.0, 33.0, 33.0, 33.0, 33.0, 33.0, 33.0, 33.0, 33.0, 33.0, 33.0, 33.0, 33.0, 33.0, 33.0, 33.0, 33.0, 33.0, 33.0, 33.0, 33.0, 33.0, 33.0, 33.0, 33.0, 33.0, 33.0, 33.0, 33.0, 33.0, 33.0, 33.0, 33.0, 33.0, 33.0, 33.0, 33.0, 33.0, 33.0, 33.0, 33.0, 33.0, 33.0, 33.0, 33.0, 33.0, 33.0, 33.0, 33.0, 33.0, 33.0, 33.0, 33.0, 33.0, 33.0, 33.0, 33.0, 33.0, 33.0, 33.0, 33.0, 33.0, 33.0, 33.0, 33.0, 33.0, 33.0, 33.0, 33.0, 33.0, 33.0, 33.0, 33.0, 33.0, 33.0, 33.0, 33.0, 33.0, 33.0, 33.0, 33.0, 33.0, 33.0, 33.0, 33.0, 33.0, 33.0, 33.0, 33.0, 33.0, 33.0, 33.0, 33.0, 33.0, 33.0, 33.0, 33.0, 33.0, 33.0, 33.0, 33.0, 33.0, 33.0, 33.0, 33.0, 33.0, 33.0, 33.0, 33.0, 33.0, 33.0, 33.0, 33.0, 33.0, 33.0, 33.0, 33.0, 33.0]",COMPLETE
