,number,value,datetime_start,datetime_complete,duration,params_batch_size_scaler,params_constant_learning_rate,params_depth,params_epochs,params_kernel_l2,params_num_trees,params_temperature,user_attrs_accuracy_test,user_attrs_accuracy_valid,user_attrs_approximate_feature_sparsity,user_attrs_approximate_feature_sparsity_history,user_attrs_approximate_weight_sparsity,user_attrs_approximate_weight_sparsity_history,user_attrs_auc_test,user_attrs_auc_valid,user_attrs_feature_sparsity,user_attrs_feature_sparsity_history,user_attrs_num_epochs,user_attrs_val_loss_history,user_attrs_weight_sparsity,user_attrs_weight_sparsity_history,state
99,99,0.7189267174195875,2024-08-31 04:28:13.718997,2024-08-31 04:28:46.101323,0 days 00:00:32.382326,16,0.02328787269818791,4,190,0.0012749588626304134,25,0.00023663625269481286,0.874,0.8675,33,"[33, 33, 33, 33, 33, 33, 33, 33, 33, 33, 33, 33, 33, 33, 33, 33, 33, 33, 33, 33, 33, 33, 33, 33, 33, 33, 33, 33, 33, 33, 33, 33, 33, 33, 33, 33, 33, 33, 33, 33, 33, 33, 33, 33, 33, 33, 33, 33, 33, 33, 33, 33, 33, 33, 33, 33, 33, 33, 33, 33, 33, 33, 33, 33, 33, 33, 33, 33, 33, 33, 33, 33, 33, 33, 33, 33, 33, 33, 33, 33, 33, 33, 33, 33, 33, 33, 33, 33, 33, 33, 33, 33, 33, 33, 33, 33, 33, 33, 33, 33, 33, 33, 33, 33, 33, 33, 33, 33, 33, 33, 33, 33, 33, 33, 33, 33, 33, 33, 33, 33, 33, 33, 33, 33, 33, 33, 33, 33, 33, 33, 33, 33, 33, 33, 33, 33, 33, 33, 33, 33, 33, 33, 33, 33, 33, 33, 33, 33, 33, 33, 33, 33, 33, 33, 33, 33, 33, 33, 33, 33, 33, 33, 33, 33, 33, 33, 33, 33, 33, 33, 33, 33, 33, 33, 33, 33, 33, 33, 33, 33, 33, 33, 33, 33, 33, 33, 33, 33, 33, 33]",32.96533333333333,"[32.97333333333333, 32.98133333333333, 32.970666666666666, 32.962666666666664, 32.98133333333333, 32.984, 32.973333333333336, 32.976, 32.970666666666666, 32.97333333333333, 32.97333333333333, 32.976, 32.970666666666666, 32.970666666666666, 32.97333333333333, 32.970666666666666, 32.96, 32.95466666666667, 32.95733333333333, 32.965333333333334, 32.970666666666666, 32.970666666666666, 32.97333333333333, 32.97333333333333, 32.976, 32.968, 32.97333333333333, 32.97333333333333, 32.962666666666664, 32.959999999999994, 32.97333333333333, 32.98133333333334, 32.97866666666667, 32.98133333333334, 32.98133333333334, 32.98133333333334, 32.98133333333333, 32.984, 32.98133333333333, 32.97333333333333, 32.965333333333334, 32.965333333333334, 32.970666666666666, 32.970666666666666, 32.97066666666666, 32.967999999999996, 32.984, 32.97866666666667, 32.97866666666667, 32.984, 32.97866666666667, 32.976, 32.976, 32.968, 32.96533333333333, 32.973333333333336, 32.973333333333336, 32.965333333333334, 32.962666666666664, 32.962666666666664, 32.962666666666664, 32.962666666666664, 32.962666666666664, 32.95466666666667, 32.95466666666667, 32.95733333333333, 32.95733333333333, 32.962666666666664, 32.97333333333333, 32.97333333333333, 32.968, 32.970666666666666, 32.96, 32.96, 32.96, 32.95733333333333, 32.95733333333333, 32.965333333333334, 32.952, 32.95733333333333, 32.965333333333334, 32.970666666666666, 32.962666666666664, 32.959999999999994, 32.97066666666666, 32.970666666666666, 32.98133333333333, 32.97866666666667, 32.98133333333333, 32.98133333333333, 32.97866666666666, 32.98133333333333, 32.976, 32.98133333333333, 32.97866666666667, 32.97866666666667, 32.97866666666667, 32.976, 32.986666666666665, 32.984, 32.98133333333333, 32.98133333333333, 32.976, 32.97333333333333, 32.95466666666667, 32.95466666666667, 32.962666666666664, 32.97333333333333, 32.967999999999996, 32.962666666666664, 32.965333333333334, 32.970666666666666, 32.970666666666666, 32.970666666666666, 32.97333333333333, 32.97066666666666, 32.976, 32.97866666666667, 32.98133333333333, 32.984, 32.97866666666667, 32.976, 32.97866666666667, 32.97866666666667, 32.98133333333333, 32.976, 32.967999999999996, 32.965333333333334, 32.95466666666667, 32.96, 32.962666666666664, 32.95466666666667, 32.962666666666664, 32.95733333333334, 32.965333333333334, 32.965333333333334, 32.970666666666666, 32.97333333333333, 32.97866666666666, 32.970666666666666, 32.967999999999996, 32.967999999999996, 32.967999999999996, 32.976, 32.97333333333333, 32.970666666666666, 32.967999999999996, 32.97333333333333, 32.97866666666666, 32.976, 32.97066666666666, 32.97066666666666, 32.976, 32.97866666666667, 32.97866666666667, 32.976, 32.97333333333333, 32.98133333333333, 32.984, 32.976, 32.97333333333333, 32.97866666666666, 32.976, 32.97333333333333, 32.97066666666666, 32.97866666666667, 32.976, 32.984, 32.97866666666667, 32.98133333333333, 32.984, 32.984, 32.984, 32.984, 32.97866666666667, 32.97866666666667, 32.97866666666667, 32.976, 32.976, 32.97866666666667, 32.976, 32.98133333333333, 32.984, 32.976, 32.97333333333333, 32.97333333333333, 32.97066666666666, 32.97333333333333, 32.962666666666664, 32.96533333333333]",0.7555627110527664,0.7189267174195875,33,"[33, 33, 33, 33, 33, 33, 33, 33, 33, 33, 33, 33, 33, 33, 33, 33, 33, 33, 33, 33, 33, 33, 33, 33, 33, 33, 33, 33, 33, 33, 33, 33, 33, 33, 33, 33, 33, 33, 33, 33, 33, 33, 33, 33, 33, 33, 33, 33, 33, 33, 33, 33, 33, 33, 33, 33, 33, 33, 33, 33, 33, 33, 33, 33, 33, 33, 33, 33, 33, 33, 33, 33, 33, 33, 33, 33, 33, 33, 33, 33, 33, 33, 33, 33, 33, 33, 33, 33, 33, 33, 33, 33, 33, 33, 33, 33, 33, 33, 33, 33, 33, 33, 33, 33, 33, 33, 33, 33, 33, 33, 33, 33, 33, 33, 33, 33, 33, 33, 33, 33, 33, 33, 33, 33, 33, 33, 33, 33, 33, 33, 33, 33, 33, 33, 33, 33, 33, 33, 33, 33, 33, 33, 33, 33, 33, 33, 33, 33, 33, 33, 33, 33, 33, 33, 33, 33, 33, 33, 33, 33, 33, 33, 33, 33, 33, 33, 33, 33, 33, 33, 33, 33, 33, 33, 33, 33, 33, 33, 33, 33, 33, 33, 33, 33, 33, 33, 33, 33, 33, 33]",190,"[0.6146858334541321, 0.5373271703720093, 0.49148643016815186, 0.463045209646225, 0.44497376680374146, 0.43276160955429077, 0.4241328835487366, 0.4181489944458008, 0.41369593143463135, 0.41037094593048096, 0.40774109959602356, 0.40562400221824646, 0.403840571641922, 0.4024048149585724, 0.4010554254055023, 0.39989590644836426, 0.39886483550071716, 0.3979451060295105, 0.397047758102417, 0.39621230959892273, 0.395452082157135, 0.39470022916793823, 0.3939860463142395, 0.39330318570137024, 0.39263415336608887, 0.391992449760437, 0.39137202501296997, 0.3907832205295563, 0.3902263939380646, 0.3896592855453491, 0.3891015350818634, 0.3885559141635895, 0.38802164793014526, 0.3874962627887726, 0.38697659969329834, 0.38649940490722656, 0.3860105276107788, 0.3855472505092621, 0.3850758373737335, 0.38464412093162537, 0.3842129111289978, 0.3837933838367462, 0.38338467478752136, 0.38295596837997437, 0.38254618644714355, 0.38214537501335144, 0.38176295161247253, 0.38140255212783813, 0.3810586631298065, 0.3806881606578827, 0.38033077120780945, 0.37996330857276917, 0.3796226978302002, 0.379276841878891, 0.37893563508987427, 0.3786070644855499, 0.37827372550964355, 0.3779648542404175, 0.3776661157608032, 0.37736037373542786, 0.3770606219768524, 0.3767687678337097, 0.3764896094799042, 0.37620413303375244, 0.37593069672584534, 0.3756520748138428, 0.3753930926322937, 0.37511739134788513, 0.3748599588871002, 0.37461337447166443, 0.3743603229522705, 0.3740994930267334, 0.37384727597236633, 0.37360289692878723, 0.37336665391921997, 0.37312713265419006, 0.3729003965854645, 0.37266263365745544, 0.3724420666694641, 0.37222030758857727, 0.37200450897216797, 0.3717725872993469, 0.3715496063232422, 0.3713441789150238, 0.3711453378200531, 0.37094706296920776, 0.3707394301891327, 0.37053003907203674, 0.37033671140670776, 0.3701430559158325, 0.3699502646923065, 0.36975494027137756, 0.36955586075782776, 0.3693741261959076, 0.3691861033439636, 0.3689955174922943, 0.36882972717285156, 0.3686421513557434, 0.3684593439102173, 0.3682846128940582, 0.3681042194366455, 0.3679095208644867, 0.3677179217338562, 0.36753228306770325, 0.3673509657382965, 0.3671552240848541, 0.36698833107948303, 0.36682090163230896, 0.36663922667503357, 0.3664664328098297, 0.3663008511066437, 0.3661269247531891, 0.365977942943573, 0.36582282185554504, 0.3656579852104187, 0.36552539467811584, 0.36535394191741943, 0.3651810586452484, 0.3650378882884979, 0.36489081382751465, 0.3647187054157257, 0.364553302526474, 0.3643696904182434, 0.3642006814479828, 0.36403006315231323, 0.36387553811073303, 0.3637324273586273, 0.36356624960899353, 0.3633998930454254, 0.3632296323776245, 0.3630698323249817, 0.36292195320129395, 0.36275699734687805, 0.36260268092155457, 0.3624545931816101, 0.36230936646461487, 0.36216431856155396, 0.36201202869415283, 0.36187297105789185, 0.36172664165496826, 0.3615753948688507, 0.36143916845321655, 0.3612738847732544, 0.3611234724521637, 0.3609932065010071, 0.3608360290527344, 0.36067208647727966, 0.36052295565605164, 0.36039119958877563, 0.3602520227432251, 0.3600917160511017, 0.35993871092796326, 0.35978516936302185, 0.3596249520778656, 0.35948246717453003, 0.3593398630619049, 0.3591974675655365, 0.35907989740371704, 0.3589440584182739, 0.35878220200538635, 0.35863152146339417, 0.35847488045692444, 0.3583323657512665, 0.3581942617893219, 0.3580487072467804, 0.3579022288322449, 0.35774531960487366, 0.35759976506233215, 0.3574707508087158, 0.3573397696018219, 0.35719138383865356, 0.3570471704006195, 0.35691002011299133, 0.3567584156990051, 0.35662803053855896, 0.3564850986003876, 0.3563460409641266, 0.3562079966068268, 0.35604241490364075, 0.3558866083621979, 0.35574474930763245, 0.3555977940559387, 0.3554510176181793, 0.35531044006347656, 0.35516032576560974, 0.3550166189670563, 0.35488519072532654, 0.35474875569343567, 0.35461223125457764, 0.35447463393211365]",33.0,"[33.0, 33.0, 33.0, 33.0, 33.0, 33.0, 33.0, 33.0, 33.0, 33.0, 33.0, 33.0, 33.0, 33.0, 33.0, 33.0, 33.0, 33.0, 33.0, 33.0, 33.0, 33.0, 33.0, 33.0, 33.0, 33.0, 33.0, 33.0, 33.0, 33.0, 33.0, 33.0, 33.0, 33.0, 33.0, 33.0, 33.0, 33.0, 33.0, 33.0, 33.0, 33.0, 33.0, 33.0, 33.0, 33.0, 33.0, 33.0, 33.0, 33.0, 33.0, 33.0, 33.0, 33.0, 33.0, 33.0, 33.0, 33.0, 33.0, 33.0, 33.0, 33.0, 33.0, 33.0, 33.0, 33.0, 33.0, 33.0, 33.0, 33.0, 33.0, 33.0, 33.0, 33.0, 33.0, 33.0, 33.0, 33.0, 33.0, 33.0, 33.0, 33.0, 33.0, 33.0, 33.0, 33.0, 33.0, 33.0, 33.0, 33.0, 33.0, 33.0, 33.0, 33.0, 33.0, 33.0, 33.0, 33.0, 33.0, 33.0, 33.0, 33.0, 33.0, 33.0, 33.0, 33.0, 33.0, 33.0, 33.0, 33.0, 33.0, 33.0, 33.0, 33.0, 33.0, 33.0, 33.0, 33.0, 33.0, 33.0, 33.0, 33.0, 33.0, 33.0, 33.0, 33.0, 33.0, 33.0, 33.0, 33.0, 33.0, 33.0, 33.0, 33.0, 33.0, 33.0, 33.0, 33.0, 33.0, 33.0, 33.0, 33.0, 33.0, 33.0, 33.0, 33.0, 33.0, 33.0, 33.0, 33.0, 33.0, 33.0, 33.0, 33.0, 33.0, 33.0, 33.0, 33.0, 33.0, 33.0, 33.0, 33.0, 33.0, 33.0, 33.0, 33.0, 33.0, 33.0, 33.0, 33.0, 33.0, 33.0, 33.0, 33.0, 33.0, 33.0, 33.0, 33.0, 33.0, 33.0, 33.0, 33.0, 33.0, 33.0, 33.0, 33.0, 33.0, 33.0, 33.0, 33.0]",COMPLETE
