,number,value,datetime_start,datetime_complete,duration,params_batch_size_scaler,params_constant_learning_rate,params_depth,params_epochs,params_kernel_l2,params_num_trees,params_temperature,user_attrs_accuracy_test,user_attrs_accuracy_valid,user_attrs_approximate_feature_sparsity,user_attrs_approximate_feature_sparsity_history,user_attrs_approximate_weight_sparsity,user_attrs_approximate_weight_sparsity_history,user_attrs_auc_test,user_attrs_auc_valid,user_attrs_feature_sparsity,user_attrs_feature_sparsity_history,user_attrs_num_epochs,user_attrs_val_loss_history,user_attrs_weight_sparsity,user_attrs_weight_sparsity_history,state
30,30,0.8359547088147776,2024-08-31 01:46:30.248613,2024-08-31 01:54:10.770273,0 days 00:07:40.521660,1,0.8952133094470228,4,435,0.022700470000752933,55,0.004026491029623886,0.889,0.88125,3,"[4, 3, 3, 3, 3, 3, 3, 3, 3, 3, 3, 3, 3, 3, 3, 3, 3, 3, 3, 3, 3, 3, 3, 3, 3, 3, 3, 3, 3, 3, 3, 3, 3, 3, 3, 3, 3, 3, 3, 3, 3, 3, 3, 3, 3, 3, 3, 3, 3, 3, 3, 3, 3, 3, 3, 3, 3, 3, 3, 3, 3, 3, 3, 3, 3, 3, 3, 3, 3, 3, 3, 3, 3, 3, 3, 3, 3, 3, 3, 3, 3, 3, 3, 3, 3, 3, 3, 3, 3, 3, 3, 3, 3, 3, 3, 3, 3, 3, 3, 3, 3, 3, 3, 3, 3, 3, 3, 3, 3, 3, 3, 3, 3, 3, 3, 3, 3, 3, 3, 3, 3, 3, 3, 3, 3, 3, 3, 3, 3, 3, 3, 3, 3, 3, 3, 3, 3, 3, 3, 3, 3, 3, 3, 3, 3, 3, 3, 3, 3, 3, 3, 3, 3, 3, 3, 3, 3, 3, 3, 3, 3, 3, 3, 3, 3, 3, 3, 3, 3, 3, 3, 3, 3, 3, 3, 3, 3, 3, 3, 3, 3, 3, 3, 3, 3, 3, 3, 3, 3, 3, 3, 3, 3, 3, 3, 3, 3, 3, 3, 3, 3, 3, 3, 3, 3, 3, 3, 3, 3, 3, 3, 3, 3, 3, 3, 3, 3, 3, 3, 3, 3, 3, 3, 3, 3, 3, 3, 3, 3, 3, 3, 3, 3, 3, 3, 3, 3, 3, 3, 3, 3, 3, 3, 3, 3, 3, 3, 3, 3, 3, 3, 3, 3, 3, 3, 3, 3, 3, 3, 3, 3, 3, 3, 3, 3, 3, 3, 3, 3, 3, 3, 3, 3, 3, 3, 3, 3, 3, 3, 3, 3, 3, 3, 3, 3, 3, 3, 3, 3, 3, 3, 3, 3, 3, 3, 3, 3, 3, 3, 3, 3, 3, 3, 3, 3, 3, 3, 3, 3, 3, 3, 3, 3, 3, 3, 3, 3, 3, 3, 3, 3, 3, 3, 3, 3, 3, 3, 3, 3, 3, 3, 3, 3, 3, 3, 3, 3, 3, 3, 3, 3, 3, 3, 3, 3, 3, 3, 3, 3, 3, 3, 3, 3, 3, 3, 3, 3, 3, 3, 3, 3, 3, 3, 3, 3, 3, 3, 3, 3, 3, 3, 3, 3, 3, 3, 3, 3, 3, 3, 3, 3, 3, 3, 3, 3, 3, 3, 3, 3, 3, 3, 3, 3, 3, 3, 3, 3, 3, 3, 3, 3, 3, 3, 3, 3, 3, 3, 3, 3, 3, 3, 3, 3, 3, 3, 3, 3, 3, 3, 3, 3, 3, 3, 3, 3, 3, 3, 3, 3, 3, 3, 3, 3, 3, 3]",2.9818181818181815,"[3.995151515151515, 2.995151515151515, 2.998787878787879, 2.9975757575757576, 2.996363636363636, 2.998787878787879, 2.998787878787879, 2.9975757575757576, 2.9975757575757576, 2.9975757575757576, 2.996363636363636, 2.998787878787879, 2.996363636363636, 2.993939393939394, 2.998787878787879, 2.9975757575757576, 2.996363636363636, 3.0, 2.998787878787879, 2.996363636363636, 2.998787878787879, 2.996363636363636, 2.998787878787879, 2.9975757575757576, 2.998787878787879, 2.993939393939394, 2.9975757575757576, 2.9975757575757576, 2.996363636363636, 3.0, 2.993939393939394, 2.996363636363636, 2.996363636363636, 2.996363636363636, 2.9975757575757576, 2.9975757575757576, 2.9975757575757576, 2.998787878787879, 2.9975757575757576, 2.9975757575757576, 2.995151515151515, 2.9975757575757576, 3.0, 2.9975757575757576, 2.998787878787879, 2.998787878787879, 2.996363636363636, 2.993939393939394, 2.998787878787879, 2.9975757575757576, 2.9975757575757576, 2.995151515151515, 2.995151515151515, 2.996363636363636, 2.9975757575757576, 2.9975757575757576, 2.993939393939394, 3.0, 2.998787878787879, 2.996363636363636, 2.995151515151515, 2.995151515151515, 2.9975757575757576, 2.995151515151515, 2.996363636363636, 2.995151515151515, 2.998787878787879, 2.9975757575757576, 2.996363636363636, 2.995151515151515, 2.998787878787879, 2.996363636363636, 2.998787878787879, 2.9975757575757576, 2.998787878787879, 2.9975757575757576, 2.998787878787879, 2.998787878787879, 2.993939393939394, 2.996363636363636, 2.993939393939394, 2.9927272727272727, 2.998787878787879, 2.996363636363636, 2.996363636363636, 2.9975757575757576, 2.995151515151515, 2.993939393939394, 2.996363636363636, 2.995151515151515, 2.996363636363636, 2.9915151515151512, 2.9975757575757576, 2.995151515151515, 2.9927272727272727, 2.9915151515151512, 2.9915151515151512, 2.995151515151515, 2.996363636363636, 2.995151515151515, 2.9927272727272727, 2.9975757575757576, 2.996363636363636, 2.993939393939394, 2.993939393939394, 2.996363636363636, 2.9915151515151512, 2.996363636363636, 2.995151515151515, 2.996363636363636, 2.9927272727272727, 2.9915151515151512, 2.9927272727272727, 2.9927272727272727, 2.998787878787879, 2.9975757575757576, 2.993939393939394, 2.9975757575757576, 2.995151515151515, 2.995151515151515, 2.993939393939394, 2.9975757575757576, 2.995151515151515, 2.998787878787879, 2.995151515151515, 2.9927272727272727, 2.995151515151515, 2.9975757575757576, 2.9915151515151512, 2.993939393939394, 2.993939393939394, 2.993939393939394, 2.9915151515151512, 2.995151515151515, 2.995151515151515, 2.993939393939394, 2.9903030303030302, 2.9890909090909092, 2.9915151515151512, 2.9890909090909092, 2.9927272727272727, 2.9890909090909092, 2.9927272727272727, 2.9927272727272727, 2.9890909090909092, 2.9915151515151512, 2.9927272727272727, 2.9903030303030302, 2.9915151515151512, 2.993939393939394, 2.993939393939394, 2.993939393939394, 2.9903030303030302, 2.9927272727272727, 2.995151515151515, 2.9927272727272727, 2.9975757575757576, 2.995151515151515, 2.9927272727272727, 2.996363636363636, 2.9915151515151512, 2.995151515151515, 2.993939393939394, 2.9927272727272727, 2.9915151515151512, 2.9927272727272727, 2.9927272727272727, 2.996363636363636, 2.995151515151515, 2.995151515151515, 2.995151515151515, 2.995151515151515, 2.996363636363636, 2.995151515151515, 2.9903030303030302, 2.9903030303030302, 2.987878787878788, 2.9915151515151512, 2.987878787878788, 2.9903030303030302, 2.9890909090909092, 2.9890909090909092, 2.9927272727272727, 2.9915151515151512, 2.986666666666667, 2.9890909090909092, 2.9915151515151512, 2.9866666666666664, 2.995151515151515, 2.9866666666666664, 2.9927272727272727, 2.987878787878788, 2.9915151515151512, 2.9854545454545454, 2.9903030303030302, 2.9927272727272727, 2.993939393939394, 2.9866666666666664, 2.9915151515151512, 2.9890909090909092, 2.9915151515151512, 2.9903030303030302, 2.9927272727272727, 2.9903030303030302, 2.9915151515151512, 2.9903030303030302, 2.9890909090909092, 2.9890909090909092, 2.9866666666666664, 2.9927272727272727, 2.9866666666666664, 2.987878787878788, 2.987878787878788, 2.9866666666666664, 2.9903030303030302, 2.9903030303030302, 2.9890909090909092, 2.987878787878788, 2.9915151515151512, 2.9890909090909092, 2.987878787878788, 2.9915151515151512, 2.9890909090909092, 2.9890909090909092, 2.9927272727272727, 2.9927272727272727, 2.993939393939394, 2.995151515151515, 2.996363636363636, 2.995151515151515, 2.9975757575757576, 2.995151515151515, 2.996363636363636, 2.993939393939394, 2.9915151515151512, 2.9915151515151512, 2.9927272727272727, 2.996363636363636, 2.993939393939394, 2.995151515151515, 2.995151515151515, 2.995151515151515, 2.9927272727272727, 2.996363636363636, 2.9915151515151512, 2.9903030303030302, 2.993939393939394, 2.9915151515151512, 2.993939393939394, 2.995151515151515, 2.9915151515151512, 2.9890909090909092, 2.9915151515151512, 2.9903030303030302, 2.9890909090909092, 2.987878787878788, 2.9903030303030302, 2.9842424242424244, 2.9915151515151512, 2.987878787878788, 2.9903030303030302, 2.987878787878788, 2.9866666666666664, 2.9866666666666664, 2.9890909090909092, 2.9915151515151512, 2.9890909090909092, 2.9866666666666664, 2.9866666666666664, 2.9890909090909092, 2.9854545454545454, 2.9842424242424244, 2.9854545454545454, 2.9854545454545454, 2.9806060606060605, 2.983030303030303, 2.9793939393939395, 2.9854545454545454, 2.983030303030303, 2.9842424242424244, 2.9781818181818185, 2.9842424242424244, 2.9842424242424244, 2.9842424242424244, 2.9757575757575756, 2.983030303030303, 2.9806060606060605, 2.9818181818181815, 2.9806060606060605, 2.9818181818181815, 2.9818181818181815, 2.978181818181818, 2.978181818181818, 2.9818181818181815, 2.9806060606060605, 2.9818181818181815, 2.9793939393939395, 2.9818181818181815, 2.983030303030303, 2.9854545454545454, 2.983030303030303, 2.9793939393939395, 2.9866666666666664, 2.9793939393939395, 2.9866666666666664, 2.987878787878788, 2.9854545454545454, 2.9903030303030302, 2.9890909090909092, 2.9903030303030302, 2.987878787878788, 2.9890909090909092, 2.9890909090909092, 2.9927272727272727, 2.9927272727272727, 2.9890909090909092, 2.9890909090909092, 2.9915151515151512, 2.9927272727272727, 2.9890909090909092, 2.9915151515151512, 2.9927272727272727, 2.9854545454545454, 2.987878787878788, 2.9866666666666664, 2.9890909090909092, 2.9903030303030302, 2.9866666666666664, 2.9818181818181815, 2.987878787878788, 2.983030303030303, 2.9818181818181815, 2.9842424242424244, 2.9842424242424244, 2.987878787878788, 2.9854545454545454, 2.9854545454545454, 2.9866666666666664, 2.9866666666666664, 2.983030303030303, 2.9854545454545454, 2.9806060606060605, 2.9866666666666664, 2.9890909090909092, 2.9866666666666664, 2.981818181818182, 2.9854545454545454, 2.9854545454545454, 2.9854545454545454, 2.9866666666666664, 2.983030303030303, 2.9818181818181815, 2.9842424242424244, 2.9866666666666664, 2.983030303030303, 2.9866666666666664, 2.987878787878788, 2.9866666666666664, 2.9854545454545454, 2.9866666666666664, 2.9842424242424244, 2.9842424242424244, 2.9842424242424244, 2.9842424242424244, 2.9818181818181815, 2.9818181818181815, 2.9806060606060605, 2.9818181818181815, 2.9818181818181815, 2.9806060606060605, 2.9818181818181815, 2.983030303030303, 2.9854545454545454, 2.983030303030303, 2.9866666666666664, 2.983030303030303, 2.9842424242424244, 2.9866666666666664, 2.9842424242424244, 2.9854545454545454, 2.9854545454545454, 2.9842424242424244, 2.9842424242424244, 2.9866666666666664, 2.987878787878788, 2.9818181818181815, 2.983030303030303, 2.9818181818181815, 2.9818181818181815, 2.9818181818181815, 2.9818181818181815, 2.9806060606060605, 2.983030303030303, 2.978181818181818, 2.9818181818181815, 2.978181818181818, 2.9769696969696966, 2.9842424242424244, 2.983030303030303, 2.9818181818181815, 2.9793939393939395, 2.9806060606060605, 2.9818181818181815, 2.9842424242424244, 2.983030303030303, 2.9818181818181815, 2.983030303030303, 2.9854545454545454, 2.9818181818181815, 2.9818181818181815, 2.9842424242424244, 2.9818181818181815, 2.9818181818181815, 2.983030303030303, 2.9806060606060605, 2.9806060606060605, 2.983030303030303, 2.9806060606060605, 2.9818181818181815, 2.9854545454545454, 2.9818181818181815, 2.9818181818181815, 2.9842424242424244, 2.9806060606060605, 2.9842424242424244, 2.9842424242424244, 2.9866666666666664, 2.9866666666666664, 2.9866666666666664, 2.9854545454545454, 2.983030303030303, 2.9806060606060605, 2.983030303030303, 2.9818181818181815, 2.9818181818181815]",0.8352942147805051,0.8359547088147776,3,"[4, 3, 3, 3, 3, 3, 3, 3, 3, 3, 3, 3, 3, 3, 3, 3, 3, 3, 3, 3, 3, 3, 3, 3, 3, 3, 3, 3, 3, 3, 3, 3, 3, 3, 3, 3, 3, 3, 3, 3, 3, 3, 3, 3, 3, 3, 3, 3, 3, 3, 3, 3, 3, 3, 3, 3, 3, 3, 3, 3, 3, 3, 3, 3, 3, 3, 3, 3, 3, 3, 3, 3, 3, 3, 3, 3, 3, 3, 3, 3, 3, 3, 3, 3, 3, 3, 3, 3, 3, 3, 3, 3, 3, 3, 3, 3, 3, 3, 3, 3, 3, 3, 3, 3, 3, 3, 3, 3, 3, 3, 3, 3, 3, 3, 3, 3, 3, 3, 3, 3, 3, 3, 3, 3, 3, 3, 3, 3, 3, 3, 3, 3, 3, 3, 3, 3, 3, 3, 3, 3, 3, 3, 3, 3, 3, 3, 3, 3, 3, 3, 3, 3, 3, 3, 3, 3, 3, 3, 3, 3, 3, 3, 3, 3, 3, 3, 3, 3, 3, 3, 3, 3, 3, 3, 3, 3, 3, 3, 3, 3, 3, 3, 3, 3, 3, 3, 3, 3, 3, 3, 3, 3, 3, 3, 3, 3, 3, 3, 3, 3, 3, 3, 3, 3, 3, 3, 3, 3, 3, 3, 3, 3, 3, 3, 3, 3, 3, 3, 3, 3, 3, 3, 3, 3, 3, 3, 3, 3, 3, 3, 3, 3, 3, 3, 3, 3, 3, 3, 3, 3, 3, 3, 3, 3, 3, 3, 3, 3, 3, 3, 3, 3, 3, 3, 3, 3, 3, 3, 3, 3, 3, 3, 3, 3, 3, 3, 3, 3, 3, 3, 3, 3, 3, 3, 3, 3, 3, 3, 3, 3, 3, 3, 3, 3, 3, 3, 3, 3, 3, 3, 3, 3, 3, 3, 3, 3, 3, 3, 3, 3, 3, 3, 3, 3, 3, 3, 3, 3, 3, 3, 3, 3, 3, 3, 3, 3, 3, 3, 3, 3, 3, 3, 3, 3, 3, 3, 3, 3, 3, 3, 3, 3, 3, 3, 3, 3, 3, 3, 3, 3, 3, 3, 3, 3, 3, 3, 3, 3, 3, 3, 3, 3, 3, 3, 3, 3, 3, 3, 3, 3, 3, 3, 3, 3, 3, 3, 3, 3, 3, 3, 3, 3, 3, 3, 3, 3, 3, 3, 3, 3, 3, 3, 3, 3, 3, 3, 3, 3, 3, 3, 3, 3, 3, 3, 3, 3, 3, 3, 3, 3, 3, 3, 3, 3, 3, 3, 3, 3, 3, 3, 3, 3, 3, 3, 3, 3, 3, 3, 3, 3, 3, 3, 3, 3, 3, 3, 3, 3, 3, 3, 3, 3, 3, 3, 3]",435,"[0.35633087158203125, 0.3776609003543854, 0.3371884226799011, 0.35318562388420105, 0.339884489774704, 0.3132762610912323, 0.3097112774848938, 0.3226391673088074, 0.31407755613327026, 0.30855119228363037, 0.3062938451766968, 0.30407509207725525, 0.3037123382091522, 0.3006545901298523, 0.303870290517807, 0.29713761806488037, 0.32773837447166443, 0.2957945764064789, 0.30382925271987915, 0.36417868733406067, 0.2985241711139679, 0.3198320269584656, 0.3100969195365906, 0.2938820719718933, 0.30563756823539734, 0.2997033894062042, 0.4055668115615845, 0.2952350080013275, 0.31006067991256714, 0.3510618507862091, 0.2937629520893097, 0.41099968552589417, 0.2923929691314697, 0.30275458097457886, 0.2965947091579437, 0.31573665142059326, 0.3108883202075958, 0.31973496079444885, 0.2923358678817749, 0.3237939178943634, 0.29475080966949463, 0.2932647466659546, 0.3361497223377228, 0.3086033761501312, 0.3262213170528412, 0.3004556894302368, 0.3056022524833679, 0.29640740156173706, 0.30029505491256714, 0.29830512404441833, 0.29681578278541565, 0.30036497116088867, 0.29296594858169556, 0.3312760591506958, 0.31812363862991333, 0.2965739071369171, 0.31873297691345215, 0.29719817638397217, 0.3107881546020508, 0.2997230589389801, 0.3108901083469391, 0.2924865484237671, 0.3168662190437317, 0.320759654045105, 0.31073519587516785, 0.29363173246383667, 0.2963130474090576, 0.3002093434333801, 0.3088870048522949, 0.31616953015327454, 0.30937278270721436, 0.3139890432357788, 0.29928410053253174, 0.29480883479118347, 0.29126906394958496, 0.3332446813583374, 0.294994056224823, 0.300630658864975, 0.29302725195884705, 0.29552161693573, 0.2927882671356201, 0.2961714565753937, 0.2994571924209595, 0.2950475513935089, 0.31267550587654114, 0.3068981170654297, 0.3036506175994873, 0.3346865773200989, 0.31915879249572754, 0.3342656195163727, 0.29250890016555786, 0.2940264642238617, 0.3057999610900879, 0.2923286259174347, 0.3089396059513092, 0.2928423583507538, 0.3043785095214844, 0.316630095243454, 0.29950711131095886, 0.3028424382209778, 0.3059543967247009, 0.2962254285812378, 0.3270617723464966, 0.2940788269042969, 0.30391645431518555, 0.29911404848098755, 0.30661213397979736, 0.31441810727119446, 0.2956295609474182, 0.29258716106414795, 0.30625393986701965, 0.3083866536617279, 0.2913394272327423, 0.30062243342399597, 0.2915077805519104, 0.2941545248031616, 0.31539997458457947, 0.29310664534568787, 0.3102559447288513, 0.294805109500885, 0.31676897406578064, 0.29699569940567017, 0.29406359791755676, 0.29670289158821106, 0.3067839443683624, 0.29760947823524475, 0.30420687794685364, 0.2993661165237427, 0.29335296154022217, 0.2917032837867737, 0.33208873867988586, 0.3228740692138672, 0.30382537841796875, 0.3019241392612457, 0.323045551776886, 0.2957868278026581, 0.3108479976654053, 0.29665908217430115, 0.29101768136024475, 0.2936161160469055, 0.33360567688941956, 0.2977946698665619, 0.29310497641563416, 0.29282382130622864, 0.3158404529094696, 0.2933959662914276, 0.29585516452789307, 0.29464784264564514, 0.29305702447891235, 0.29616907238960266, 0.2956153452396393, 0.2973827123641968, 0.30140069127082825, 0.3189437687397003, 0.3263581395149231, 0.2961038649082184, 0.2914642095565796, 0.2919667959213257, 0.3524906635284424, 0.290681928396225, 0.2924531102180481, 0.2949039340019226, 0.29156970977783203, 0.30238863825798035, 0.30099621415138245, 0.2972853183746338, 0.3076527416706085, 0.2932421565055847, 0.3289966881275177, 0.3020155131816864, 0.2964245080947876, 0.2956477701663971, 0.2911992371082306, 0.31036922335624695, 0.2917187511920929, 0.29701071977615356, 0.2990840673446655, 0.2920600473880768, 0.2944844365119934, 0.2985175848007202, 0.3025344908237457, 0.29208070039749146, 0.3099057078361511, 0.31215786933898926, 0.3100082278251648, 0.34449177980422974, 0.29133114218711853, 0.30992594361305237, 0.2937193214893341, 0.30164390802383423, 0.293272465467453, 0.3232767879962921, 0.3164517283439636, 0.30072152614593506, 0.29204511642456055, 0.30675917863845825, 0.2927243411540985, 0.2974204123020172, 0.3008037507534027, 0.29526597261428833, 0.3029802441596985, 0.29244789481163025, 0.3254954218864441, 0.29887399077415466, 0.34570255875587463, 0.29972216486930847, 0.29610878229141235, 0.2949429154396057, 0.29168662428855896, 0.39661380648612976, 0.2968714237213135, 0.29441559314727783, 0.29228630661964417, 0.30470141768455505, 0.29967015981674194, 0.32619982957839966, 0.3210597634315491, 0.30400213599205017, 0.32397738099098206, 0.3280135691165924, 0.31408417224884033, 0.30077987909317017, 0.2926260828971863, 0.3006793260574341, 0.3241560757160187, 0.30169713497161865, 0.3096877932548523, 0.30847418308258057, 0.3043586015701294, 0.32565200328826904, 0.29151344299316406, 0.3115703761577606, 0.2928536832332611, 0.2916172742843628, 0.2959182858467102, 0.2987055480480194, 0.29169923067092896, 0.30552151799201965, 0.3057902455329895, 0.32965949177742004, 0.29424142837524414, 0.29266631603240967, 0.31109893321990967, 0.3050483763217926, 0.33387044072151184, 0.3274455666542053, 0.29593485593795776, 0.2910780906677246, 0.3339644968509674, 0.325745165348053, 0.30814629793167114, 0.32202666997909546, 0.2988177537918091, 0.29285094141960144, 0.31653788685798645, 0.3015243411064148, 0.3091265857219696, 0.29798296093940735, 0.29297471046447754, 0.29485127329826355, 0.2930185794830322, 0.2965744435787201, 0.29984888434410095, 0.3032785654067993, 0.290671706199646, 0.31108903884887695, 0.3345601260662079, 0.29420533776283264, 0.29183757305145264, 0.3201963007450104, 0.3237314224243164, 0.2925625443458557, 0.29268941283226013, 0.38444218039512634, 0.31937360763549805, 0.30517449975013733, 0.30022814869880676, 0.3022085428237915, 0.2909702956676483, 0.2932320535182953, 0.3334878981113434, 0.30198249220848083, 0.2931508421897888, 0.29156988859176636, 0.29929473996162415, 0.2916087806224823, 0.29303380846977234, 0.2970433831214905, 0.31779158115386963, 0.2941284775733948, 0.2907620072364807, 0.2919725775718689, 0.3098617494106293, 0.29396653175354004, 0.29353752732276917, 0.3188294768333435, 0.29701489210128784, 0.29615309834480286, 0.2915816605091095, 0.29919490218162537, 0.29300063848495483, 0.32463395595550537, 0.2925277650356293, 0.2901289463043213, 0.2941315472126007, 0.31313884258270264, 0.29327592253685, 0.29236170649528503, 0.2934374511241913, 0.2953282594680786, 0.312369167804718, 0.2945765554904938, 0.2974734604358673, 0.29503586888313293, 0.2920015752315521, 0.29768145084381104, 0.30920514464378357, 0.3314935564994812, 0.2907717823982239, 0.33755961060523987, 0.2942584156990051, 0.2931404411792755, 0.29340270161628723, 0.2929403483867645, 0.3028395473957062, 0.4125216603279114, 0.2916647493839264, 0.2916710376739502, 0.3015848398208618, 0.32314345240592957, 0.2994794249534607, 0.3077734708786011, 0.2928321957588196, 0.31562963128089905, 0.2925313711166382, 0.3148244619369507, 0.29536718130111694, 0.29600268602371216, 0.2919040620326996, 0.2925795316696167, 0.2937760651111603, 0.29293763637542725, 0.2914409637451172, 0.2943781018257141, 0.2963358163833618, 0.3741952180862427, 0.31740978360176086, 0.31131142377853394, 0.2976939380168915, 0.32522374391555786, 0.3030937910079956, 0.2961971163749695, 0.36215904355049133, 0.2940434217453003, 0.3256167471408844, 0.29605868458747864, 0.2961324155330658, 0.29160332679748535, 0.32372909784317017, 0.29299187660217285, 0.29889264702796936, 0.31451261043548584, 0.3006332516670227, 0.2950483560562134, 0.298304945230484, 0.31575024127960205, 0.2918694317340851, 0.31700679659843445, 0.29244935512542725, 0.2931029200553894, 0.3095685541629791, 0.30001378059387207, 0.29334548115730286, 0.2927873730659485, 0.29288625717163086, 0.29669690132141113, 0.3047237992286682, 0.292106956243515, 0.2965289056301117, 0.29023614525794983, 0.2942044138908386, 0.37892889976501465, 0.29155632853507996, 0.295581191778183, 0.3608928322792053, 0.294885516166687, 0.293714702129364, 0.2954050302505493, 0.29510366916656494, 0.2997143864631653, 0.2920772433280945, 0.29655560851097107, 0.3217851221561432, 0.3051370680332184, 0.3090185821056366, 0.29524868726730347, 0.5499500632286072, 0.31998348236083984, 0.29437077045440674, 0.2934989631175995, 0.30475693941116333, 0.29388436675071716, 0.29062995314598083, 0.31128108501434326, 0.2971648573875427, 0.291016548871994, 0.3031232953071594, 0.3036075830459595, 0.3045647144317627, 0.3159632980823517, 0.30079734325408936, 0.2938743531703949, 0.2906619906425476, 0.3068958520889282, 0.29543790221214294, 0.2917889654636383, 0.31640395522117615, 0.29299986362457275, 0.30272555351257324, 0.2928840219974518, 0.29488641023635864, 0.2967577874660492, 0.3104710280895233, 0.3012142777442932, 0.2975095808506012, 0.3025067448616028, 0.3127060830593109, 0.2912651300430298, 0.28983038663864136, 0.29460978507995605, 0.3017176687717438, 0.30320608615875244, 0.3143197000026703, 0.29464733600616455, 0.29243165254592896]",3.0,"[4.0, 3.0, 3.0, 3.0, 3.0, 3.0, 3.0, 3.0, 3.0, 3.0, 3.0, 3.0, 3.0, 3.0, 3.0, 3.0, 3.0, 3.0, 3.0, 3.0, 3.0, 3.0, 3.0, 3.0, 3.0, 3.0, 3.0, 3.0, 3.0, 3.0, 3.0, 3.0, 3.0, 3.0, 3.0, 3.0, 3.0, 3.0, 3.0, 3.0, 3.0, 3.0, 3.0, 3.0, 3.0, 3.0, 3.0, 3.0, 3.0, 3.0, 3.0, 3.0, 3.0, 3.0, 3.0, 3.0, 3.0, 3.0, 3.0, 3.0, 3.0, 3.0, 3.0, 3.0, 3.0, 3.0, 3.0, 3.0, 3.0, 3.0, 3.0, 3.0, 3.0, 3.0, 3.0, 3.0, 3.0, 3.0, 3.0, 3.0, 3.0, 3.0, 3.0, 3.0, 3.0, 3.0, 3.0, 3.0, 3.0, 3.0, 3.0, 3.0, 3.0, 3.0, 3.0, 3.0, 3.0, 3.0, 3.0, 3.0, 3.0, 3.0, 3.0, 3.0, 3.0, 3.0, 3.0, 3.0, 3.0, 3.0, 3.0, 3.0, 3.0, 3.0, 3.0, 3.0, 3.0, 3.0, 3.0, 3.0, 3.0, 3.0, 3.0, 3.0, 3.0, 3.0, 3.0, 3.0, 3.0, 3.0, 3.0, 3.0, 3.0, 3.0, 3.0, 3.0, 3.0, 3.0, 3.0, 3.0, 3.0, 3.0, 3.0, 3.0, 3.0, 3.0, 3.0, 3.0, 3.0, 3.0, 3.0, 3.0, 3.0, 3.0, 3.0, 3.0, 3.0, 3.0, 3.0, 3.0, 3.0, 3.0, 3.0, 3.0, 3.0, 3.0, 3.0, 3.0, 3.0, 3.0, 3.0, 3.0, 3.0, 3.0, 3.0, 3.0, 3.0, 3.0, 3.0, 3.0, 3.0, 3.0, 3.0, 3.0, 3.0, 3.0, 3.0, 3.0, 3.0, 3.0, 3.0, 3.0, 3.0, 3.0, 3.0, 3.0, 3.0, 3.0, 3.0, 3.0, 3.0, 3.0, 3.0, 3.0, 3.0, 3.0, 3.0, 3.0, 3.0, 3.0, 3.0, 3.0, 3.0, 3.0, 3.0, 3.0, 3.0, 3.0, 3.0, 3.0, 3.0, 3.0, 3.0, 3.0, 3.0, 3.0, 3.0, 3.0, 