,number,value,datetime_start,datetime_complete,duration,params_batch_size_scaler,params_constant_learning_rate,params_depth,params_epochs,params_kernel_l2,params_num_trees,params_temperature,user_attrs_accuracy_test,user_attrs_accuracy_valid,user_attrs_approximate_feature_sparsity,user_attrs_approximate_feature_sparsity_history,user_attrs_approximate_weight_sparsity,user_attrs_approximate_weight_sparsity_history,user_attrs_auc_test,user_attrs_auc_valid,user_attrs_feature_sparsity,user_attrs_feature_sparsity_history,user_attrs_num_epochs,user_attrs_val_loss_history,user_attrs_weight_sparsity,user_attrs_weight_sparsity_history,state
145,145,0.7206013061792325,2024-08-31 06:52:13.060932,2024-08-31 06:53:04.023855,0 days 00:00:50.962923,64,0.0159538120786813,2,425,0.19612253792812936,89,0.006455992104872421,0.87,0.86625,33,"[33, 33, 33, 33, 33, 33, 33, 33, 33, 33, 33, 33, 33, 33, 33, 33, 33, 33, 33, 33, 33, 33, 33, 33, 33, 33, 33, 33, 33, 33, 33, 33, 33, 33, 33, 33, 33, 33, 33, 33, 33, 33, 33, 33, 33, 33, 33, 33, 33, 33, 33, 33, 33, 33, 33, 33, 33, 33, 33, 33, 33, 33, 33, 33, 33, 33, 33, 33, 33, 33, 33, 33, 33, 33, 33, 33, 33, 33, 33, 33, 33, 33, 33, 33, 33, 33, 33, 33, 33, 33, 33, 33, 33, 33, 33, 33, 33, 33, 33, 33, 33, 33, 33, 33, 33, 33, 33, 33, 33, 33, 33, 33, 33, 33, 33, 33, 33, 33, 33, 33, 33, 33, 33, 33, 33, 33, 33, 33, 33, 33, 33, 33, 33, 33, 33, 33, 33, 33, 33, 33, 33, 33, 33, 33, 33, 33, 33, 33, 33, 33, 33, 33, 33, 33, 33, 33, 33, 33, 33, 33, 33, 33, 33, 33, 33, 33, 33, 33, 33, 33, 33, 33, 33, 33, 33, 33, 33, 33, 33, 33, 33, 33, 33, 33, 33, 33, 33, 33, 33, 33, 33, 33, 33, 33, 33, 33, 33, 33, 33, 33, 33, 33, 33, 33, 33, 33, 33, 33, 33, 33, 33, 33, 33, 33, 33, 33, 33, 33, 33, 33, 33, 33, 33, 33, 33, 33, 33, 33, 33, 33, 33, 33, 33, 33, 33, 33, 33, 33, 33, 33, 33, 33, 33, 33, 33, 33, 33, 33, 33, 33, 33, 33, 33, 33, 33, 33, 33, 33, 33, 33, 33, 33, 33, 33, 33, 33, 33, 33, 33, 33, 33, 33, 33, 33, 33, 33, 33, 33, 33, 33, 33, 33, 33, 33, 33, 33, 33, 33, 33, 33, 33, 33, 33, 33, 33, 33, 33, 33, 33, 33, 33, 33, 33, 33, 33, 33, 33, 33, 33, 33, 33, 33, 33, 33, 33, 33, 33, 33, 33, 33, 33, 33, 33, 33, 33, 33, 33, 33, 33, 33, 33, 33, 33, 33, 33, 33, 33, 33, 33, 33, 33, 33, 33, 33, 33, 33, 33, 33, 33, 33, 33, 33, 33, 33, 33, 33, 33, 33, 33, 33, 33, 33, 33, 33, 33, 33, 33, 33, 33, 33, 33, 33, 33, 33, 33, 33, 33, 33, 33, 33, 33, 33, 33, 33, 33, 33, 33, 33, 33, 33, 33, 33, 33, 33, 33, 33, 33, 33, 33, 33, 33, 33, 33, 33, 33, 33, 33, 33, 33, 33, 33, 33, 33, 33, 33, 33, 33, 33, 33, 33, 33, 33, 33, 33, 33]",32.9812734082397,"[32.98876404494382, 32.98501872659176, 32.98876404494382, 32.98501872659176, 32.98876404494382, 32.98876404494382, 32.98501872659176, 32.98501872659176, 32.98501872659176, 32.97378277153558, 32.97752808988764, 32.97378277153558, 32.98501872659176, 32.98501872659176, 32.9812734082397, 32.9812734082397, 32.9812734082397, 32.9812734082397, 32.9812734082397, 32.98501872659176, 32.97752808988764, 32.96629213483146, 32.97378277153558, 32.97378277153558, 32.97378277153558, 32.97003745318352, 32.9812734082397, 32.9812734082397, 32.9812734082397, 32.98501872659176, 32.97752808988764, 32.9812734082397, 32.98501872659176, 32.98876404494382, 32.98501872659176, 32.98876404494382, 32.9812734082397, 32.98501872659176, 32.98501872659176, 32.98501872659176, 32.9812734082397, 32.9812734082397, 32.98876404494382, 32.98876404494382, 32.98876404494382, 32.98876404494382, 32.98501872659176, 32.98876404494382, 32.98501872659176, 32.98501872659176, 32.97378277153558, 32.97378277153558, 32.9812734082397, 32.97752808988764, 32.97752808988764, 32.97378277153558, 32.97378277153558, 32.97003745318352, 32.96629213483146, 32.97003745318352, 32.97003745318352, 32.97378277153558, 32.97752808988764, 32.9812734082397, 32.9812734082397, 32.97752808988764, 32.97378277153558, 32.97003745318352, 32.97003745318352, 32.96629213483146, 32.96629213483146, 32.97003745318352, 32.97378277153558, 32.97003745318352, 32.97003745318352, 32.97003745318352, 32.97378277153558, 32.97378277153558, 32.97378277153558, 32.97752808988764, 32.97003745318352, 32.97378277153558, 32.97378277153558, 32.97378277153558, 32.97378277153558, 32.98501872659176, 32.98501872659176, 32.98501872659176, 32.98501872659176, 32.98501872659176, 32.9812734082397, 32.97752808988764, 32.9812734082397, 32.97752808988764, 32.9812734082397, 32.9812734082397, 32.97752808988764, 32.97752808988764, 32.97752808988764, 32.97003745318352, 32.96629213483146, 32.96629213483146, 32.96629213483146, 32.97003745318352, 32.96629213483146, 32.96629213483146, 32.97003745318352, 32.97003745318352, 32.97003745318352, 32.97003745318352, 32.96629213483146, 32.97003745318352, 32.96629213483146, 32.96629213483146, 32.96629213483146, 32.9625468164794, 32.96629213483146, 32.9625468164794, 32.96629213483146, 32.97003745318352, 32.96629213483146, 32.97003745318352, 32.96629213483146, 32.97003745318352, 32.97378277153558, 32.97378277153558, 32.96629213483146, 32.95880149812734, 32.96629213483146, 32.96629213483146, 32.96629213483146, 32.9625468164794, 32.9625468164794, 32.9625468164794, 32.9625468164794, 32.95880149812734, 32.9625468164794, 32.96629213483146, 32.9625468164794, 32.96629213483146, 32.97003745318352, 32.96629213483146, 32.9625468164794, 32.96629213483146, 32.97378277153558, 32.97378277153558, 32.97752808988764, 32.97752808988764, 32.97752808988764, 32.97752808988764, 32.97752808988764, 32.97752808988764, 32.97752808988764, 32.97378277153558, 32.97752808988764, 32.97752808988764, 32.97752808988764, 32.97752808988764, 32.97378277153558, 32.97003745318352, 32.97378277153558, 32.97378277153558, 32.9812734082397, 32.9812734082397, 32.9812734082397, 32.9812734082397, 32.9812734082397, 32.9812734082397, 32.97752808988764, 32.97752808988764, 32.97752808988764, 32.97378277153558, 32.97752808988764, 32.97752808988764, 32.9812734082397, 32.9812734082397, 32.97752808988764, 32.97752808988764, 32.97752808988764, 32.97378277153558, 32.97378277153558, 32.97003745318352, 32.97378277153558, 32.97378277153558, 32.97378277153558, 32.97752808988764, 32.97378277153558, 32.9812734082397, 32.9812734082397, 32.97752808988764, 32.9812734082397, 32.97752808988764, 32.98876404494382, 32.98876404494382, 32.99250936329588, 32.99250936329588, 32.99625468164794, 32.99625468164794, 32.98876404494382, 32.99625468164794, 32.99625468164794, 32.99250936329588, 32.99625468164794, 32.99625468164794, 32.99625468164794, 32.98876404494382, 32.9812734082397, 32.97752808988764, 32.97378277153558, 32.97378277153558, 32.97752808988764, 32.97752808988764, 32.97378277153558, 32.9812734082397, 32.97752808988764, 32.98876404494382, 32.97752808988764, 32.97752808988764, 32.97752808988764, 32.97752808988764, 32.97752808988764, 32.97378277153558, 32.9812734082397, 32.9812734082397, 32.9812734082397, 32.9812734082397, 32.97752808988764, 32.97378277153558, 32.97378277153558, 32.97378277153558, 32.97752808988764, 32.97752808988764, 32.9812734082397, 32.9812734082397, 32.9812734082397, 32.9812734082397, 32.98501872659176, 32.98501872659176, 32.9812734082397, 32.9812734082397, 32.9812734082397, 32.9812734082397, 32.9812734082397, 32.9812734082397, 32.9812734082397, 32.9812734082397, 32.98501872659176, 32.98501872659176, 32.98876404494382, 32.9812734082397, 32.9812734082397, 32.9812734082397, 32.9812734082397, 32.9812734082397, 32.9812734082397, 32.9812734082397, 32.9812734082397, 32.9812734082397, 32.9812734082397, 32.9812734082397, 32.9812734082397, 32.9812734082397, 32.9812734082397, 32.97378277153558, 32.9625468164794, 32.95880149812734, 32.95505617977528, 32.95505617977528, 32.95505617977528, 32.95505617977528, 32.9625468164794, 32.95880149812734, 32.9625468164794, 32.9625468164794, 32.9625468164794, 32.97003745318352, 32.96629213483146, 32.97003745318352, 32.97003745318352, 32.97003745318352, 32.97378277153558, 32.96629213483146, 32.95880149812734, 32.95880149812734, 32.9625468164794, 32.96629213483146, 32.97003745318352, 32.97003745318352, 32.97003745318352, 32.97003745318352, 32.97003745318352, 32.97752808988764, 32.97752808988764, 32.9812734082397, 32.97752808988764, 32.98501872659176, 32.98876404494382, 32.98501872659176, 32.98501872659176, 32.98501872659176, 32.9812734082397, 32.98501872659176, 32.98501872659176, 32.97752808988764, 32.97752808988764, 32.97752808988764, 32.97752808988764, 32.97752808988764, 32.9812734082397, 32.98501872659176, 32.98501872659176, 32.98501872659176, 32.98501872659176, 32.98501872659176, 32.98501872659176, 32.98501872659176, 32.98501872659176, 32.98501872659176, 32.9812734082397, 32.97752808988764, 32.97752808988764, 32.97378277153558, 32.97378277153558, 32.97752808988764, 32.97752808988764, 32.97752808988764, 32.97378277153558, 32.97378277153558, 32.97752808988764, 32.98501872659176, 32.98876404494382, 32.98876404494382, 32.98501872659176, 32.98501872659176, 32.98876404494382, 32.97752808988764, 32.97752808988764, 32.9812734082397, 32.9812734082397, 32.97752808988764, 32.9812734082397, 32.98501872659176, 32.98501872659176, 32.9812734082397, 32.98501872659176, 32.98501872659176, 32.98501872659176, 32.97752808988764, 32.97752808988764, 32.97752808988764, 32.97752808988764, 32.97752808988764, 32.97752808988764, 32.97752808988764, 32.97378277153558, 32.97378277153558, 32.97003745318352, 32.97003745318352, 32.97003745318352, 32.97752808988764, 32.9812734082397, 32.9812734082397, 32.98501872659176, 32.98501872659176, 32.98501872659176, 32.98501872659176, 32.98501872659176, 32.98501872659176, 32.98501872659176, 32.98501872659176, 32.98501872659176, 32.98501872659176, 32.98501872659176, 32.98501872659176, 32.98501872659176, 32.98876404494382, 32.98876404494382, 32.98501872659176, 32.98876404494382, 32.98876404494382, 32.98501872659176, 32.98876404494382, 32.98501872659176, 32.99250936329588, 32.98876404494382, 32.98876404494382, 32.99250936329588, 32.9812734082397, 32.97378277153558, 32.97752808988764, 32.9812734082397, 32.9812734082397, 32.9812734082397, 32.98501872659176, 32.98501872659176, 32.98876404494382, 32.98501872659176, 32.98876404494382, 32.98501872659176, 32.9812734082397, 32.9812734082397, 32.97752808988764, 32.97752808988764, 32.9812734082397, 32.9812734082397, 32.9812734082397, 32.98501872659176, 32.98501872659176, 32.98876404494382, 32.99250936329588, 32.99250936329588, 32.98876404494382, 32.98876404494382, 32.98501872659176, 32.98501872659176, 32.98501872659176, 32.9812734082397, 32.9812734082397, 32.9812734082397, 32.98501872659176, 32.98501872659176, 32.9812734082397, 32.97752808988764, 32.9812734082397, 32.9812734082397]",0.7549187163038003,0.7206013061792325,33,"[33, 33, 33, 33, 33, 33, 33, 33, 33, 33, 33, 33, 33, 33, 33, 33, 33, 33, 33, 33, 33, 33, 33, 33, 33, 33, 33, 33, 33, 33, 33, 33, 33, 33, 33, 33, 33, 33, 33, 33, 33, 33, 33, 33, 33, 33, 33, 33, 33, 33, 33, 33, 33, 33, 33, 33, 33, 33, 33, 33, 33, 33, 33, 33, 33, 33, 33, 33, 33, 33, 33, 33, 33, 33, 33, 33, 33, 33, 33, 33, 33, 33, 33, 33, 33, 33, 33, 33, 33, 33, 33, 33, 33, 33, 33, 33, 33, 33, 33, 33, 33, 33, 33, 33, 33, 33, 33, 33, 33, 33, 33, 33, 33, 33, 33, 33, 33, 33, 33, 33, 33, 33, 33, 33, 33, 33, 33, 33, 33, 33, 33, 33, 33, 33, 33, 33, 33, 33, 33, 33, 33, 33, 33, 33, 33, 33, 33, 33, 33, 33, 33, 33, 33, 33, 33, 33, 33, 33, 33, 33, 33, 33, 33, 33, 33, 33, 33, 33, 33, 33, 33, 33, 33, 33, 33, 33, 33, 33, 33, 33, 33, 33, 33, 33, 33, 33, 33, 33, 33, 33, 33, 33, 33, 33, 33, 33, 33, 33, 33, 33, 33, 33, 33, 33, 33, 33, 33, 33, 33, 33, 33, 33, 33, 33, 33, 33, 33, 33, 33, 33, 33, 33, 33, 33, 33, 33, 33, 33, 33, 33, 33, 33, 33, 33, 33, 33, 33, 33, 33, 33, 33, 33, 33, 33, 33, 33, 33, 33, 33, 33, 33, 33, 33, 33, 33, 33, 33, 33, 33, 33, 33, 33, 33, 33, 33, 33, 33, 33, 33, 33, 33, 33, 33, 33, 33, 33, 33, 33, 33, 33, 33, 33, 33, 33, 33, 33, 33, 33, 33, 33, 33, 33, 33, 33, 33, 33, 33, 33, 33, 33, 33, 33, 33, 33, 33, 33, 33, 33, 33, 33, 33, 33, 33, 33, 33, 33, 33, 33, 33, 33, 33, 33, 33, 33, 33, 33, 33, 33, 33, 33, 33, 33, 33, 33, 33, 33, 33, 33, 33, 33, 33, 33, 33, 33, 33, 33, 33, 33, 33, 33, 33, 33, 33, 33, 33, 33, 33, 33, 33, 33, 33, 33, 33, 33, 33, 33, 33, 33, 33, 33, 33, 33, 33, 33, 33, 33, 33, 33, 33, 33, 33, 33, 33, 33, 33, 33, 33, 33, 33, 33, 33, 33, 33, 33, 33, 33, 33, 33, 33, 33, 33, 33, 33, 33, 33, 33, 33, 33, 33, 33, 33, 33, 33, 33, 33, 33, 33, 33, 33, 33, 33, 33, 33, 33, 33]",425,"[0.5702623724937439, 0.4934030771255493, 0.47257694602012634, 0.4641791880130768, 0.4607485234737396, 0.4580191373825073, 0.45664292573928833, 0.45555949211120605, 0.454883337020874, 0.45409542322158813, 0.45349112153053284, 0.4528599679470062, 0.45225170254707336, 0.45163899660110474, 0.4511213004589081, 0.45053526759147644, 0.45004040002822876, 0.44949105381965637, 0.4490121006965637, 0.44864073395729065, 0.4481004774570465, 0.44761431217193604, 0.4470151960849762, 0.44648295640945435, 0.44621413946151733, 0.44571536779403687, 0.445168673992157, 0.44472870230674744, 0.4442134499549866, 0.4436882734298706, 0.44309788942337036, 0.44265422224998474, 0.4421977996826172, 0.4417726993560791, 0.4414251446723938, 0.441116064786911, 0.44073107838630676, 0.44026127457618713, 0.4398196339607239, 0.43948817253112793, 0.43903422355651855, 0.43858039379119873, 0.4381665885448456, 0.43792712688446045, 0.43761175870895386, 0.43705713748931885, 0.4367036819458008, 0.43639975786209106, 0.4360932409763336, 0.4357333779335022, 0.4354294240474701, 0.4351084530353546, 0.43474406003952026, 0.4344131350517273, 0.4341381788253784, 0.433753103017807, 0.4334465265274048, 0.43316373229026794, 0.43294569849967957, 0.43261027336120605, 0.43237125873565674, 0.43205365538597107, 0.431772381067276, 0.4316219389438629, 0.431313693523407, 0.4311632215976715, 0.43087494373321533, 0.43052709102630615, 0.4302186071872711, 0.42987677454948425, 0.42959535121917725, 0.4294341802597046, 0.4293879270553589, 0.4290876090526581, 0.4289339780807495, 0.42849230766296387, 0.42823895812034607, 0.4280034005641937, 0.427823930978775, 0.4275819659233093, 0.42735838890075684, 0.42717447876930237, 0.4270480275154114, 0.4268154799938202, 0.426582932472229, 0.4263409376144409, 0.4262150824069977, 0.42592769861221313, 0.425812304019928, 0.4255199134349823, 0.42532217502593994, 0.42514145374298096, 0.42493829131126404, 0.4247302711009979, 0.4245661199092865, 0.4243784248828888, 0.4241928160190582, 0.42401835322380066, 0.42384278774261475, 0.42368945479393005, 0.4234919846057892, 0.4233366847038269, 0.4231785535812378, 0.42299884557724, 0.42287829518318176, 0.42273834347724915, 0.42256081104278564, 0.42242708802223206, 0.4222984313964844, 0.42216360569000244, 0.42204493284225464, 0.4218778908252716, 0.4217172861099243, 0.4216778874397278, 0.4214821755886078, 0.4213207960128784, 0.42141255736351013, 0.4212808907032013, 0.4211263954639435, 0.4208475351333618, 0.42058342695236206, 0.42053136229515076, 0.4203549325466156, 0.42025622725486755, 0.42005687952041626, 0.41995394229888916, 0.4198983907699585, 0.4196154475212097, 0.4196968376636505, 0.41935592889785767, 0.4192405939102173, 0.41906288266181946, 0.41892433166503906, 0.4190690517425537, 0.41865676641464233, 0.4185563921928406, 0.41843414306640625, 0.418267160654068, 0.4181990921497345, 0.41808074712753296, 0.41791290044784546, 0.4178614914417267, 0.41787654161453247, 0.4176066517829895, 0.417474627494812, 0.4173852503299713, 0.41725239157676697, 0.41716837882995605, 0.41706135869026184, 0.41697993874549866, 0.41685885190963745, 0.416732519865036, 0.41665059328079224, 0.4165326654911041, 0.4165598154067993, 0.4163491129875183, 0.4162885546684265, 0.41610077023506165, 0.41601431369781494, 0.41593873500823975, 0.4159036874771118, 0.41608983278274536, 0.4162342846393585, 0.4158269464969635, 0.41586408019065857, 0.4156832993030548, 0.41532257199287415, 0.4151946008205414, 0.41508084535598755, 0.4153377413749695, 0.41499367356300354, 0.4146401882171631, 0.41453152894973755, 0.41445979475975037, 0.41432952880859375, 0.4141784608364105, 0.41414278745651245, 0.41398438811302185, 0.4139012098312378, 0.4138079583644867, 0.4137791097164154, 0.41366612911224365, 0.41355592012405396, 0.41356971859931946, 0.4134761691093445, 0.41324087977409363, 0.4132189452648163, 0.4130605459213257, 0.41299110651016235, 0.41288959980010986, 0.4127844274044037, 0.41273394227027893, 0.4126598834991455, 0.4125850200653076, 0.4124787449836731, 0.412380576133728, 0.41229134798049927, 0.41217532753944397, 0.41209203004837036, 0.41203388571739197, 0.4119621515274048, 0.41184893250465393, 0.4117599427700043, 0.4117046594619751, 0.4116175174713135, 0.4115076959133148, 0.4114043414592743, 0.4113607704639435, 0.41137686371803284, 0.41130363941192627, 0.4111506938934326, 0.41099753975868225, 0.4110125005245209, 0.41095593571662903, 0.41088172793388367, 0.4107663333415985, 0.41086316108703613, 0.4108562469482422, 0.41075602173805237, 0.4106186032295227, 0.4104715585708618, 0.41042855381965637, 0.41042789816856384, 0.4102688133716583, 0.41020622849464417, 0.41006410121917725, 0.40999850630760193, 0.4099333584308624, 0.40984058380126953, 0.4097624719142914, 0.4096967577934265, 0.4096255898475647, 0.4096856415271759, 0.40959715843200684, 0.4094502627849579, 0.40934231877326965, 0.40937840938568115, 0.40931838750839233, 0.4091874957084656, 0.40901869535446167, 0.4089339077472687, 0.4088454842567444, 0.40906214714050293, 0.408718466758728, 0.40856119990348816, 0.4084567725658417, 0.4084855318069458, 0.408357709646225, 0.40833428502082825, 0.4083617925643921, 0.40829622745513916, 0.4082013666629791, 0.4080852270126343, 0.4080476760864258, 0.4079362750053406, 0.40780961513519287, 0.4077380299568176, 0.4077202081680298, 0.4076348543167114, 0.40759527683258057, 0.40754783153533936, 0.4074767827987671, 0.4074067771434784, 0.4072955250740051, 0.4072514474391937, 0.4072047173976898, 0.4071647524833679, 0.40715983510017395, 0.40707436203956604, 0.4069444239139557, 0.40689659118652344, 0.40681636333465576, 0.40682679414749146, 0.40679606795310974, 0.40667906403541565, 0.4066231846809387, 0.40665826201438904, 0.4064737558364868, 0.4063480794429779, 0.4062120020389557, 0.4060935974121094, 0.4060348570346832, 0.40602996945381165, 0.40591004490852356, 0.40589219331741333, 0.40575045347213745, 0.405691921710968, 0.405685156583786, 0.40555617213249207, 0.405518114566803, 0.40548405051231384, 0.40538763999938965, 0.4053937494754791, 0.40532973408699036, 0.40525636076927185, 0.4052373468875885, 0.40545615553855896, 0.4053571820259094, 0.405122846364975, 0.40508636832237244, 0.4051690399646759, 0.4048457741737366, 0.4048154354095459, 0.40460923314094543, 0.40453675389289856, 0.40448230504989624, 0.4044368863105774, 0.4044305086135864, 0.40477415919303894, 0.40448886156082153, 0.40438610315322876, 0.40466320514678955, 0.40450209379196167, 0.4043482840061188, 0.4040940999984741, 0.4041075110435486, 0.40393853187561035, 0.40392258763313293, 0.40388479828834534, 0.40376442670822144, 0.40364494919776917, 0.40357980132102966, 0.40345412492752075, 0.4034750759601593, 0.4033539593219757, 0.4032580554485321, 0.40320611000061035, 0.40316352248191833, 0.4032101333141327, 0.40327343344688416, 0.40320414304733276, 0.40313392877578735, 0.4030223488807678, 0.40296971797943115, 0.40282586216926575, 0.4028640687465668, 0.4030487835407257, 0.4026847183704376, 0.4025881886482239, 0.40249186754226685, 0.402377724647522, 0.4023095369338989, 0.40223532915115356, 0.4022590219974518, 0.40220409631729126, 0.4020686447620392, 0.4020116925239563, 0.40194928646087646, 0.40189316868782043, 0.4017843008041382, 0.40172967314720154, 0.40166255831718445, 0.40164610743522644, 0.4015592932701111, 0.401489794254303, 0.4014609456062317, 0.4014371633529663, 0.40132635831832886, 0.4012509286403656, 0.4011777639389038, 0.4010971784591675, 0.4011085033416748, 0.40109774470329285, 0.4009806513786316, 0.4008845090866089, 0.4007829427719116, 0.4007411301136017, 0.40069815516471863, 0.4006194770336151, 0.40057632327079773, 0.40049323439598083, 0.4004553258419037, 0.4003760516643524, 0.40028154850006104, 0.40020766854286194, 0.40022289752960205, 0.4001147747039795, 0.400321364402771, 0.40029290318489075, 0.39991551637649536, 0.39981329441070557, 0.39983710646629333, 0.39969852566719055, 0.39965400099754333, 0.3996185064315796, 0.3995475471019745, 0.39957115054130554, 0.39950016140937805, 0.39951184391975403, 0.39942657947540283, 0.3993728756904602, 0.3993365466594696, 0.39933454990386963, 0.3992026448249817, 0.3991594612598419, 0.3991183936595917, 0.3990498483181, 0.39902263879776, 0.3989192247390747, 0.39885494112968445, 0.3988553285598755, 0.3989086449146271, 0.3987465798854828, 0.39869630336761475, 0.3985658288002014, 0.39850953221321106, 0.39849022030830383, 0.39842015504837036, 0.3983824551105499, 0.3983462452888489, 0.3981826901435852, 0.39818379282951355, 0.3982055187225342, 0.39804476499557495, 0.39792972803115845, 0.39784789085388184, 0.39779266715049744, 0.39777588844299316, 0.39775699377059937, 0.39769163727760315, 0.39766785502433777, 0.397574782371521, 0.39753037691116333, 0.39749863743782043, 0.3973831236362457]",33.0,"[33.0, 33.0, 33.0, 33.0, 33.0, 33.0, 33.0, 33.0, 33.0, 33.0, 33.0, 33.0, 33.0, 33.0, 33.0, 33.0, 33.0, 33.0, 33.0, 33.0, 33.0, 33.0, 33.0, 33.0, 33.0, 33.0, 33.0, 33.0, 33.0, 33.0, 33.0, 33.0, 33.0, 33.0, 33.0, 33.0, 33.0, 33.0, 33.0, 33.0, 33.0, 33.0, 33.0, 33.0, 33.0, 33.0, 33.0, 33.0, 33.0, 33.0, 33.0, 33.0, 33.0, 33.0, 33.0, 33.0, 33.0, 33.0, 33.0, 33.0, 33.0, 33.0, 33.0, 33.0, 33.0, 33.0, 33.0, 33.0, 33.0, 33.0, 33.0, 33.0, 33.0, 33.0, 33.0, 33.0, 33.0, 33.0, 33.0, 33.0, 33.0, 33.0, 33.0, 33.0, 33.0, 33.0, 33.0, 33.0, 33.0, 33.0, 33.0, 33.0, 33.0, 33.0, 33.0, 33.0, 33.0, 33.0, 33.0, 33.0, 33.0, 33.0, 33.0, 33.0, 33.0, 33.0, 33.0, 33.0, 33.0, 33.0, 33.0, 33.0, 33.0, 33.0, 33.0, 33.0, 33.0, 33.0, 33.0, 33.0, 33.0, 33.0, 33.0, 33.0, 33.0, 33.0, 33.0, 33.0, 33.0, 33.0, 33.0, 33.0, 33.0, 33.0, 33.0, 33.0, 33.0, 33.0, 33.0, 33.0, 33.0, 33.0, 33.0, 33.0, 33.0, 33.0, 33.0, 33.0, 33.0, 33.0, 33.0, 33.0, 33.0, 33.0, 33.0, 33.0, 33.0, 33.0, 33.0, 33.0, 33.0, 33.0, 33.0, 33.0, 33.0, 33.0, 33.0, 33.0, 33.0, 33.0, 33.0, 33.0, 33.0,