,number,value,datetime_start,datetime_complete,duration,params_batch_size_scaler,params_constant_learning_rate,params_depth,params_epochs,params_kernel_l2,params_num_trees,params_temperature,user_attrs_accuracy_test,user_attrs_accuracy_valid,user_attrs_approximate_feature_sparsity,user_attrs_approximate_feature_sparsity_history,user_attrs_approximate_weight_sparsity,user_attrs_approximate_weight_sparsity_history,user_attrs_auc_test,user_attrs_auc_valid,user_attrs_feature_sparsity,user_attrs_feature_sparsity_history,user_attrs_num_epochs,user_attrs_val_loss_history,user_attrs_weight_sparsity,user_attrs_weight_sparsity_history,state
5,5,0.9294482874109569,2024-08-31 00:38:57.438998,2024-08-31 00:42:53.459068,0 days 00:03:56.020070,16,0.28232971975833604,5,375,0.11838011719078487,37,0.01168264664783947,0.943,0.9475,21,"[33, 33, 33, 33, 33, 33, 33, 33, 33, 33, 33, 33, 33, 33, 33, 33, 33, 33, 33, 33, 33, 33, 33, 33, 33, 33, 33, 33, 33, 33, 33, 33, 33, 33, 33, 33, 33, 33, 33, 33, 33, 33, 33, 33, 33, 33, 33, 33, 33, 33, 33, 33, 33, 33, 33, 32, 32, 32, 32, 32, 32, 32, 32, 32, 32, 32, 32, 32, 31, 31, 31, 30, 30, 29, 29, 29, 29, 29, 29, 29, 29, 29, 27, 27, 27, 27, 27, 27, 27, 27, 27, 27, 27, 27, 27, 27, 26, 26, 26, 26, 26, 26, 26, 26, 25, 24, 24, 24, 24, 24, 24, 23, 23, 23, 23, 23, 22, 22, 22, 21, 21, 21, 21, 21, 21, 21, 21, 21, 21, 21, 21, 21, 21, 21, 21, 21, 21, 21, 21, 21, 21, 21, 21, 21, 21, 21, 21, 21, 21, 21, 21, 21, 21, 21, 21, 21, 21, 21, 21, 21, 21, 21, 21, 21, 21, 21, 21, 21, 21, 21, 21, 21, 21, 21, 21, 21, 21, 21, 21, 21, 21, 21, 21, 21, 21, 21, 21, 21, 21, 21, 21, 21, 21, 21, 21, 21, 21, 21, 21, 21, 21, 21, 21, 21, 21, 21, 21, 21, 21, 21, 21, 21, 21, 21, 21, 21, 21, 21, 21, 21, 21, 21, 21, 21, 21, 21, 21, 21, 21, 21, 21, 21, 21, 21, 21, 21, 21, 21, 21, 21, 21, 21, 21, 21, 21, 21, 21, 21, 21, 21, 21, 21, 21, 21, 21, 21, 21, 21, 21, 21, 21, 21, 21, 21, 21, 21, 21, 21, 21, 21, 21, 21, 21, 21, 21, 21, 21, 21, 21, 21, 21, 21, 21, 21, 21, 21, 21, 21, 21, 21, 21, 21, 21, 21, 21, 21, 21, 21, 21, 21, 21, 21, 21, 21, 21, 21, 21, 21, 21, 21, 21, 21, 21, 21, 21, 21, 21, 21, 21, 21, 21, 21, 21, 21, 21, 21, 21, 21, 21, 21, 21, 21, 21, 21, 21, 21, 21, 21, 21, 21, 21, 21, 21, 21, 21, 21, 21, 21, 21, 21, 21, 21, 21, 21, 21, 21, 21, 21, 21, 21, 21, 21, 21, 21, 21, 21, 21, 21, 21, 21, 21, 21, 21, 21, 21]",20.969485614646903,"[32.96512641673932, 32.958151700087186, 32.9642545771578, 32.9485614646905, 32.95466434176112, 32.96251089799477, 32.95989537925021, 32.94071490845684, 32.94071490845685, 32.9590235396687, 32.94943330427201, 32.94856146469049, 32.957279860505665, 32.958151700087186, 32.946817785527465, 32.94158674803836, 32.957279860505665, 32.95117698343505, 32.9590235396687, 32.96338273757629, 32.95815170008718, 32.95466434176112, 32.95727986050567, 32.9485614646905, 32.946817785527465, 32.95466434176112, 32.94943330427201, 32.94943330427201, 32.953792502179596, 32.95204882301656, 32.95640802092415, 32.95466434176112, 32.95466434176112, 32.950305143853534, 32.94768962510898, 32.95640802092415, 32.9485614646905, 32.94768962510898, 32.94071490845684, 32.94420226678291, 32.95117698343505, 32.9485614646905, 32.946817785527465, 32.9485614646905, 32.942458587619875, 32.945945945945944, 32.943330427201396, 32.95117698343505, 32.94420226678291, 32.950305143853534, 32.946817785527465, 32.945945945945944, 32.945945945945944, 32.945945945945944, 32.94943330427201, 31.948561464690496, 31.948561464690496, 31.945945945945944, 31.954664341761113, 31.953792502179596, 31.94768962510898, 31.941586748038358, 31.95030514385353, 31.951176983435047, 31.951176983435047, 31.938099389712292, 31.94507410636443, 31.948561464690496, 30.943330427201392, 30.956408020924147, 30.956408020924147, 29.954664341761113, 29.95640802092415, 28.963382737576286, 28.958151700087182, 28.965998256320834, 28.964254577157803, 28.972972972972972, 28.959895379250217, 28.955536181342634, 28.959895379250217, 28.968613775065386, 26.96774193548387, 26.95553618134263, 26.963382737576286, 26.96163905841325, 26.96512641673932, 26.959895379250217, 26.959895379250217, 26.960767218831737, 26.963382737576286, 26.96687009590235, 26.96251089799477, 26.96163905841325, 26.957279860505665, 26.957279860505665, 25.955536181342634, 25.949433304272013, 25.949433304272013, 25.9537925021796, 25.951176983435047, 25.957279860505665, 25.958151700087186, 25.96163905841325, 24.959895379250217, 23.965126416739317, 23.964254577157803, 23.958151700087186, 23.963382737576282, 23.96163905841325, 23.9590235396687, 22.96163905841325, 22.969485614646906, 22.963382737576286, 22.966870095902355, 22.966870095902355, 21.969485614646903, 21.975588491717524, 21.97035745422842, 20.97384481255449, 20.971229293809937, 20.969485614646903, 20.969485614646906, 20.971229293809937, 20.966870095902355, 20.96163905841325, 20.96163905841325, 20.96251089799477, 20.966870095902355, 20.971229293809937, 20.971229293809937, 20.965998256320837, 20.96163905841325, 20.96163905841325, 20.964254577157803, 20.960767218831734, 20.97384481255449, 20.97646033129904, 20.972972972972972, 20.974716652136006, 20.967741935483872, 20.968613775065386, 20.968613775065386, 20.965998256320837, 20.96861377506539, 20.965998256320834, 20.965998256320834, 20.966870095902355, 20.968613775065386, 20.969485614646903, 20.970357454228424, 20.972101133391455, 20.975588491717524, 20.972101133391455, 20.97122929380994, 20.972972972972975, 20.968613775065386, 20.978204010462076, 20.97646033129904, 20.97907585004359, 20.98256320836966, 20.979075850043593, 20.972972972972972, 20.96251089799477, 20.965998256320837, 20.969485614646906, 20.9642545771578, 20.96512641673932, 20.96251089799477, 20.963382737576282, 20.967741935483872, 20.964254577157803, 20.96512641673932, 20.957279860505665, 20.964254577157803, 20.960767218831734, 20.96512641673932, 20.96163905841325, 20.965998256320837, 20.967741935483872, 20.96861377506539, 20.967741935483872, 20.965998256320837, 20.96163905841325, 20.96251089799477, 20.963382737576286, 20.96163905841325, 20.958151700087182, 20.96512641673932, 20.960767218831734, 20.96512641673932, 20.96163905841325, 20.96251089799477, 20.971229293809937, 20.97384481255449, 20.97646033129904, 20.978204010462072, 20.97646033129904, 20.96251089799477, 20.975588491717524, 20.968613775065386, 20.972101133391455, 20.974716652136006, 20.967741935483872, 20.974716652136003, 20.97035745422842, 20.96861377506539, 20.97384481255449, 20.972972972972972, 20.971229293809937, 20.975588491717524, 20.972101133391455, 20.970357454228424, 20.97384481255449, 20.97384481255449, 20.97384481255449, 20.96774193548387, 20.971229293809937, 20.97122929380994, 20.974716652136006, 20.96861377506539, 20.969485614646903, 20.960767218831734, 20.963382737576286, 20.965998256320837, 20.96163905841325, 20.966870095902355, 20.965126416739317, 20.964254577157803, 20.964254577157803, 20.960767218831734, 20.96251089799477, 20.96163905841325, 20.964254577157803, 20.958151700087186, 20.968613775065386, 20.967741935483872, 20.969485614646903, 20.972101133391455, 20.972101133391455, 20.974716652136003, 20.972972972972975, 20.972972972972972, 20.969485614646903, 20.971229293809937, 20.967741935483872, 20.969485614646906, 20.96512641673932, 20.963382737576286, 20.96512641673932, 20.971229293809937, 20.974716652136006, 20.971229293809937, 20.967741935483872, 20.965998256320837, 20.974716652136006, 20.97384481255449, 20.969485614646903, 20.969485614646903, 20.972972972972972, 20.973844812554493, 20.972101133391455, 20.973844812554486, 20.972101133391455, 20.971229293809937, 20.96687009590235, 20.96774193548387, 20.969485614646903, 20.972101133391455, 20.971229293809937, 20.972101133391455, 20.97122929380994, 20.964254577157803, 20.974716652136006, 20.97035745422842, 20.971229293809937, 20.972101133391455, 20.971229293809937, 20.970357454228424, 20.966870095902355, 20.969485614646903, 20.971229293809937, 20.96861377506539, 20.966870095902355, 20.97035745422842, 20.966870095902355, 20.96512641673932, 20.972101133391458, 20.97035745422842, 20.969485614646903, 20.96774193548387, 20.95727986050567, 20.969485614646906, 20.972972972972975, 20.972972972972972, 20.97035745422842, 20.966870095902355, 20.972972972972972, 20.96774193548387, 20.969485614646903, 20.972101133391455, 20.974716652136006, 20.977332170880555, 20.973844812554493, 20.966870095902355, 20.968613775065386, 20.968613775065386, 20.96512641673932, 20.967741935483872, 20.963382737576286, 20.967741935483872, 20.971229293809937, 20.972101133391455, 20.97384481255449, 20.971229293809937, 20.970357454228424, 20.964254577157803, 20.966870095902355, 20.969485614646903, 20.97558849171752, 20.975588491717524, 20.972101133391455, 20.980819529206627, 20.97994768962511, 20.977332170880555, 20.977332170880555, 20.979947689625106, 20.975588491717524, 20.970357454228424, 20.972972972972972, 20.975588491717524, 20.970357454228424, 20.969485614646903, 20.974716652136006, 20.975588491717524, 20.969485614646906, 20.96774193548387, 20.969485614646903, 20.969485614646903, 20.96251089799477, 20.965998256320834, 20.964254577157806, 20.96512641673932, 20.96512641673932, 20.96163905841325, 20.96251089799477, 20.959895379250217, 20.959895379250217, 20.96512641673932, 20.959895379250217, 20.959895379250217, 20.959023539668703, 20.96251089799477, 20.96512641673932, 20.96163905841325, 20.958151700087182, 20.960767218831734, 20.96251089799477, 20.96687009590235, 20.96251089799477, 20.95989537925022, 20.964254577157803, 20.95989537925022, 20.97035745422842, 20.968613775065386, 20.965998256320834, 20.965998256320837, 20.965998256320837, 20.965998256320837, 20.96163905841325, 20.96251089799477, 20.966870095902355, 20.966870095902355, 20.96687009590235, 20.969485614646903]",0.9136056275233447,0.9294482874109569,21,"[33, 33, 33, 33, 33, 33, 33, 33, 33, 33, 33, 33, 33, 33, 33, 33, 33, 33, 33, 33, 33, 33, 33, 33, 33, 33, 33, 33, 33, 33, 33, 33, 33, 33, 33, 33, 33, 33, 33, 33, 33, 33, 33, 33, 33, 33, 33, 33, 33, 33, 33, 33, 33, 33, 33, 32, 32, 32, 32, 32, 32, 32, 32, 32, 32, 32, 32, 32, 31, 31, 31, 30, 30, 29, 29, 29, 29, 29, 29, 29, 29, 29, 27, 27, 27, 27, 27, 27, 27, 27, 27, 27, 27, 27, 27, 27, 26, 26, 26, 26, 26, 26, 26, 26, 25, 24, 24, 24, 24, 24, 24, 23, 23, 23, 23, 23, 22, 22, 22, 21, 21, 21, 21, 21, 21, 21, 21, 21, 21, 21, 21, 21, 21, 21, 21, 21, 21, 21, 21, 21, 21, 21, 21, 21, 21, 21, 21, 21, 21, 21, 21, 21, 21, 21, 21, 21, 21, 21, 21, 21, 21, 21, 21, 21, 21, 21, 21, 21, 21, 21, 21, 21, 21, 21, 21, 21, 21, 21, 21, 21, 21, 21, 21, 21, 21, 21, 21, 21, 21, 21, 21, 21, 21, 21, 21, 21, 21, 21, 21, 21, 21, 21, 21, 21, 21, 21, 21, 21, 21, 21, 21, 21, 21, 21, 21, 21, 21, 21, 21, 21, 21, 21, 21, 21, 21, 21, 21, 21, 21, 21, 21, 21, 21, 21, 21, 21, 21, 21, 21, 21, 21, 21, 21, 21, 21, 21, 21, 21, 21, 21, 21, 21, 21, 21, 21, 21, 21, 21, 21, 21, 21, 21, 21, 21, 21, 21, 21, 21, 21, 21, 21, 21, 21, 21, 21, 21, 21, 21, 21, 21, 21, 21, 21, 21, 21, 21, 21, 21, 21, 21, 21, 21, 21, 21, 21, 21, 21, 21, 21, 21, 21, 21, 21, 21, 21, 21, 21, 21, 21, 21, 21, 21, 21, 21, 21, 21, 21, 21, 21, 21, 21, 21, 21, 21, 21, 21, 21, 21, 21, 21, 21, 21, 21, 21, 21, 21, 21, 21, 21, 21, 21, 21, 21, 21, 21, 21, 21, 21, 21, 21, 21, 21, 21, 21, 21, 21, 21, 21, 21, 21, 21, 21, 21, 21, 21, 21, 21, 21, 21, 21, 21, 21, 21, 21, 21]",375,"[0.41299954056739807, 0.40084826946258545, 0.39556533098220825, 0.3918996751308441, 0.38864192366600037, 0.38561904430389404, 0.3834496736526489, 0.38161590695381165, 0.37956124544143677, 0.37804675102233887, 0.3767908215522766, 0.37549400329589844, 0.3741622567176819, 0.3729528784751892, 0.3716846704483032, 0.3708794414997101, 0.3698848783969879, 0.36866745352745056, 0.3676713705062866, 0.36675989627838135, 0.3655316233634949, 0.3646939992904663, 0.36346495151519775, 0.3625751733779907, 0.3616710901260376, 0.3608250021934509, 0.3600510060787201, 0.35899895429611206, 0.3578450381755829, 0.35693082213401794, 0.3560222387313843, 0.3549942076206207, 0.3541202247142792, 0.3532698452472687, 0.3524630069732666, 0.3516496419906616, 0.35058605670928955, 0.3497914969921112, 0.3487882912158966, 0.3477744162082672, 0.34693077206611633, 0.3459751605987549, 0.34504368901252747, 0.34430110454559326, 0.3430641293525696, 0.34212204813957214, 0.3416396379470825, 0.3406129777431488, 0.3393765389919281, 0.3384449779987335, 0.337408185005188, 0.33679139614105225, 0.33560654520988464, 0.33461254835128784, 0.3337891399860382, 0.3323619067668915, 0.33114391565322876, 0.3301699757575989, 0.32896167039871216, 0.3282182812690735, 0.326826810836792, 0.32582607865333557, 0.32470089197158813, 0.32361456751823425, 0.3223964273929596, 0.32122325897216797, 0.32024475932121277, 0.3193521201610565, 0.3180004060268402, 0.31671786308288574, 0.315274715423584, 0.313793420791626, 0.31294557452201843, 0.311280757188797, 0.31020137667655945, 0.30865269899368286, 0.3075498640537262, 0.3063185214996338, 0.3054082989692688, 0.3037715256214142, 0.30253398418426514, 0.3011888563632965, 0.3000430762767792, 0.2986450493335724, 0.2974343001842499, 0.29606935381889343, 0.29465892910957336, 0.29361701011657715, 0.29234248399734497, 0.2911530137062073, 0.29015910625457764, 0.2886088490486145, 0.28766342997550964, 0.28646722435951233, 0.2853241562843323, 0.28418421745300293, 0.2830066680908203, 0.281930536031723, 0.28117117285728455, 0.2799222469329834, 0.2789251208305359, 0.2779446244239807, 0.2771438658237457, 0.27613410353660583, 0.2746581733226776, 0.2738865911960602, 0.2729640603065491, 0.2719449996948242, 0.2711551785469055, 0.27023932337760925, 0.2693801522254944, 0.26962247490882874, 0.26845306158065796, 0.26760393381118774, 0.26689818501472473, 0.2662521004676819, 0.26533493399620056, 0.264743447303772, 0.2639315724372864, 0.26220211386680603, 0.2615422308444977, 0.26105353236198425, 0.26044774055480957, 0.25999289751052856, 0.25921207666397095, 0.2584490180015564, 0.2578980326652527, 0.2572669982910156, 0.25671282410621643, 0.2561374008655548, 0.2553921639919281, 0.25506582856178284, 0.2540558874607086, 0.2537158727645874, 0.25326958298683167, 0.25275132060050964, 0.2523518204689026, 0.2516372501850128, 0.2511006295681, 0.2506089508533478, 0.2502481937408447, 0.2494036704301834, 0.2490479052066803, 0.24862588942050934, 0.24772316217422485, 0.24731452763080597, 0.2468290776014328, 0.24647115170955658, 0.2458769679069519, 0.2451651692390442, 0.24501818418502808, 0.24463947117328644, 0.24419939517974854, 0.24353498220443726, 0.2432939112186432, 0.24263252317905426, 0.2422926127910614, 0.24199992418289185, 0.24159999191761017, 0.24089549481868744, 0.24062073230743408, 0.24018166959285736, 0.2398158460855484, 0.23920994997024536, 0.23887881636619568, 0.2384878396987915, 0.23836369812488556, 0.23763862252235413, 0.23734422028064728, 0.23683084547519684, 0.23639431595802307, 0.23589636385440826, 0.23539932072162628, 0.2351011335849762, 0.23499570786952972, 0.23450219631195068, 0.2339877188205719, 0.23354727029800415, 0.23326416313648224, 0.23278667032718658, 0.2324698269367218, 0.2323395162820816, 0.23191951215267181, 0.2313343584537506, 0.23116280138492584, 0.23087482154369354, 0.23063258826732635, 0.230049267411232, 0.2295989990234375, 0.22929184138774872, 0.22913850843906403, 0.22875477373600006, 0.22850729525089264, 0.2283044457435608, 0.22798141837120056, 0.2275383174419403, 0.22726158797740936, 0.22699320316314697, 0.22681298851966858, 0.22618216276168823, 0.2259846329689026, 0.2255437672138214, 0.22524398565292358, 0.22520942986011505, 0.22492824494838715, 0.22436167299747467, 0.22419874370098114, 0.22425615787506104, 0.22362074255943298, 0.223280131816864, 0.2231626659631729, 0.22276318073272705, 0.22217857837677002, 0.22250624001026154, 0.22191722691059113, 0.22142133116722107, 0.2212439477443695, 0.2209581434726715, 0.22048437595367432, 0.22054742276668549, 0.22003553807735443, 0.22013522684574127, 0.2193170040845871, 0.2195972055196762, 0.21932286024093628, 0.21886642277240753, 0.21863806247711182, 0.21860331296920776, 0.21805737912654877, 0.2175322324037552, 0.21704082190990448, 0.2169160097837448, 0.21630340814590454, 0.21669314801692963, 0.21643038094043732, 0.2160373330116272, 0.21541127562522888, 0.21525177359580994, 0.214902862906456, 0.2147621512413025, 0.21476203203201294, 0.21500276029109955, 0.2142949253320694, 0.213494211435318, 0.21338045597076416, 0.21344047784805298, 0.21325479447841644, 0.2129189521074295, 0.21294935047626495, 0.21269255876541138, 0.2125866711139679, 0.21270738542079926, 0.21193315088748932, 0.211964413523674, 0.21214397251605988, 0.21133556962013245, 0.21106603741645813, 0.21106058359146118, 0.21095991134643555, 0.2103990614414215, 0.21016889810562134, 0.20987123250961304, 0.20962116122245789, 0.2097904086112976, 0.20943528413772583, 0.2093581259250641, 0.20891670882701874, 0.2086145579814911, 0.20886218547821045, 0.20864242315292358, 0.2084108591079712, 0.20853692293167114, 0.20817169547080994, 0.20808634161949158, 0.20806026458740234, 0.20763429999351501, 0.20765715837478638, 0.20713697373867035, 0.20672330260276794, 0.20659330487251282, 0.20666952431201935, 0.2067270278930664, 0.2062511444091797, 0.20599499344825745, 0.20540887117385864, 0.20570896565914154, 0.20541736483573914, 0.20489656925201416, 0.20491063594818115, 0.20463712513446808, 0.2046489715576172, 0.2044084668159485, 0.20453734695911407, 0.20478011667728424, 0.20417486131191254, 0.20392893254756927, 0.20372028648853302, 0.20431846380233765, 0.20372192561626434, 0.2032822221517563, 0.20256944000720978, 0.2025863230228424, 0.20266510546207428, 0.20284102857112885, 0.20268894731998444, 0.2037241905927658, 0.20226144790649414, 0.202231764793396, 0.20173971354961395, 0.2019728124141693, 0.20234797894954681, 0.20182038843631744, 0.20143674314022064, 0.2021709680557251, 0.20163916051387787, 0.20128174126148224, 0.2009761929512024, 0.2010672688484192, 0.20086145401000977, 0.20051974058151245, 0.20062167942523956, 0.20057035982608795, 0.20013774931430817, 0.19998160004615784, 0.1995059996843338, 0.19954387843608856, 0.199604794383049, 0.1991814374923706, 0.1992882937192917, 0.20018160343170166, 0.19901621341705322, 0.19934551417827606, 0.19928255677223206, 0.19845786690711975, 0.1990015208721161, 0.19923187792301178, 0.19939886033535004, 0.1986076980829239, 0.19869108498096466, 0.19903604686260223, 0.19872425496578217, 0.19838598370552063, 0.19777017831802368, 0.1976025551557541, 0.19807761907577515, 0.1976163536310196, 0.19776234030723572, 0.19793899357318878, 0.198114275932312, 0.1977672427892685, 0.1972837895154953, 0.19717971980571747, 0.19659879803657532, 0.1968514621257782, 0.1969403773546219, 0.19667144119739532, 0.19672048091888428, 0.19641542434692383, 0.1962687075138092, 0.19594593346118927, 0.19553087651729584, 0.1961408108472824, 0.19632579386234283, 0.19652065634727478, 0.1961521953344345, 0.19566386938095093, 0.19548934698104858, 0.1952608823776245, 0.19513818621635437, 0.19498735666275024, 0.1950552761554718, 0.19503042101860046, 0.19545228779315948, 0.19525663554668427, 0.19471032917499542]",21.0,"[33.0, 33.0, 33.0, 33.0, 33.0, 33.0, 33.0, 33.0, 33.0, 33.0, 33.0, 33.0, 33.0, 33.0, 33.0, 33.0, 33.0, 33.0, 33.0, 33.0, 33.0, 33.0, 33.0, 33.0, 33.0, 33.0, 33.0, 33.0, 33.0, 33.0, 33.0, 33.0, 33.0, 33.0, 33.0, 33.0, 33.0, 33.0, 33.0, 33.0, 33.0, 33.0, 33.0, 33.0, 33.0, 33.0, 33.0, 33.0, 33.0, 33.0, 33.0, 33.0, 33.0, 33.0, 33.0, 32.0, 32.0, 32.0, 32.0, 32.0, 32.0, 32.0, 32.0, 32.0, 32.0, 32.0, 32.0, 32.0, 31.0, 31.0, 31.0, 30.0, 30.0, 29.0, 29.0, 29.0, 29.0, 29.0, 29.0, 29.0, 29.0, 29.0, 27.0, 27.0, 27.0, 27.0, 27.0, 27.0, 27.0, 27.0, 27.0, 27.0, 27.0, 27.0, 27.0, 27.0, 26.0, 26.0, 26.0, 26.0, 26.0, 26.0, 26.0, 26.0, 25.0, 24.0, 24.0, 24.0, 24.0, 24.0, 24.0, 23.0, 23.0, 23.0, 23.0, 23.0, 22.0, 22.0, 22.0, 21.0, 21.0, 21.0, 21.0, 21.0, 21.0, 21.0, 21.0, 21.0, 21.0, 21.0, 21.0, 21.0, 21.0, 21.0, 21.0, 21.0, 21.0, 21.0, 21.0, 21.0, 21.0, 21.0, 21.0, 21.0, 21.0, 21.0, 21.0, 21.0, 21.0, 21.0, 21.0, 21.0, 21.0, 21.0, 21.0, 21.0, 21.0, 21.0, 21.0, 21.0, 21.0, 21.0, 21.0, 21.0, 21.0, 21.0, 21.0, 21.0, 21.0, 21.0, 21.0, 21.0, 21.0, 21.0, 21.0, 21.0, 21.0, 21.0, 21.0, 21.0, 21.0, 21.0, 21.0, 21.0, 21.0, 21.0, 21.0, 21.0, 21.0, 21.0, 21.0, 21.0, 21.0, 21.0, 21.0, 21.0, 21.0, 21.0, 21.0, 21.0, 21.0, 21.0, 21.0, 21.0, 21.0, 21.0, 21.0, 21.0, 21.0, 21.0, 21.0, 21.0, 21.0, 21.0, 21.0, 21.0, 21.0, 21.0, 21.0, 21.0, 21.0, 21.0, 21.0, 21.0, 21.0, 21.0, 21.0, 21.0, 21.0, 21.0, 21.0, 21.0, 21.0, 21.0, 21.0, 21.0, 21.0, 21.0, 21.0, 21.0, 21.0, 21.0, 21.0, 21.0, 21.0, 21.0, 21.0, 21.0, 21.0, 21.0, 21.0, 21.0, 21.0, 21.0, 21.0, 21.0, 21.0, 21.0, 21.0, 21.0, 21.0, 21.0, 21.0, 21.0, 21.0, 21.0, 21.0, 21.0, 21.0, 21.0, 21.0, 21.0, 21.0, 21.0, 21.0, 21.0, 21.0, 21.0, 21.0, 21.0, 21.0, 21.0, 21.0, 21.0, 21.0, 21.0, 21.0, 21.0, 21.0, 21.0, 21.0, 21.0, 21.0, 21.0, 21.0, 21.0, 21.0, 21.0, 21.0, 21.0, 21.0, 21.0, 21.0, 21.0, 21.0, 21.0, 21.0, 21.0, 21.0, 21.0, 21.0, 21.0, 21.0, 21.0, 21.0, 21.0, 21.0, 21.0, 21.0, 21.0, 21.0, 21.0, 21.0, 21.0, 21.0, 21.0, 21.0, 21.0, 21.0, 21.0, 21.0, 21.0, 21.0, 21.0, 21.0, 21.0, 21.0, 21.0, 21.0, 21.0, 21.0, 21.0, 21.0, 21.0, 21.0, 21.0, 21.0, 21.0, 21.0, 21.0, 21.0, 21.0, 21.0, 21.0, 21.0, 21.0, 21.0, 21.0, 21.0, 21.0, 21.0, 21.0, 21.0, 21.0, 21.0, 21.0, 21.0, 21.0, 21.0, 21.0, 21.0, 21.0, 21.0, 21.0, 21.0]",COMPLETE
