,number,value,datetime_start,datetime_complete,duration,params_batch_size_scaler,params_constant_learning_rate,params_depth,params_epochs,params_kernel_l2,params_num_trees,params_temperature,user_attrs_accuracy_test,user_attrs_accuracy_valid,user_attrs_approximate_feature_sparsity,user_attrs_approximate_feature_sparsity_history,user_attrs_approximate_weight_sparsity,user_attrs_approximate_weight_sparsity_history,user_attrs_auc_test,user_attrs_auc_valid,user_attrs_feature_sparsity,user_attrs_feature_sparsity_history,user_attrs_num_epochs,user_attrs_val_loss_history,user_attrs_weight_sparsity,user_attrs_weight_sparsity_history,state
114,114,0.924617742911981,2024-08-31 05:21:46.742330,2024-08-31 05:28:20.430218,0 days 00:06:33.687888,1,0.023478928300428643,4,220,0.7219912338970116,70,0.00021233964995121693,0.933,0.9275,32,"[33, 33, 33, 33, 33, 33, 33, 33, 33, 33, 33, 33, 33, 33, 33, 33, 33, 33, 33, 33, 33, 33, 33, 33, 33, 33, 33, 33, 33, 33, 33, 33, 33, 33, 33, 33, 33, 33, 33, 33, 33, 33, 33, 33, 33, 33, 33, 33, 33, 33, 33, 33, 33, 33, 33, 33, 33, 33, 33, 33, 33, 33, 33, 33, 33, 33, 33, 33, 33, 33, 33, 33, 33, 33, 33, 33, 33, 33, 33, 33, 33, 33, 33, 33, 33, 33, 33, 33, 33, 33, 33, 33, 33, 33, 33, 33, 33, 33, 33, 33, 33, 33, 33, 33, 33, 33, 33, 33, 33, 33, 33, 33, 33, 33, 33, 33, 33, 33, 33, 33, 33, 33, 33, 33, 33, 33, 33, 33, 33, 33, 33, 33, 33, 33, 33, 33, 33, 33, 33, 33, 33, 33, 33, 33, 33, 33, 33, 33, 33, 33, 33, 33, 33, 33, 33, 33, 33, 33, 33, 33, 33, 33, 33, 33, 33, 33, 33, 33, 33, 33, 33, 33, 33, 33, 33, 33, 33, 33, 33, 33, 33, 33, 33, 33, 33, 33, 33, 33, 33, 33, 33, 33, 33, 33, 33, 33, 33, 33, 33, 33, 32, 32, 32, 32, 32, 32, 32, 32, 32, 32, 32, 32, 32, 32, 32, 32, 32, 32, 32, 32]",31.884761904761906,"[32.959999999999994, 32.95333333333333, 32.96, 32.95428571428572, 32.965714285714284, 32.95619047619047, 32.96095238095238, 32.96, 32.95142857142857, 32.95428571428572, 32.950476190476195, 32.95142857142857, 32.946666666666665, 32.94952380952381, 32.941904761904766, 32.946666666666665, 32.944761904761904, 32.93714285714286, 32.94571428571428, 32.94285714285714, 32.95238095238095, 32.94761904761904, 32.93714285714285, 32.946666666666665, 32.949523809523804, 32.94857142857143, 32.95142857142857, 32.94761904761905, 32.94761904761905, 32.95142857142857, 32.95047619047619, 32.94952380952381, 32.94285714285714, 32.946666666666665, 32.94857142857143, 32.952380952380956, 32.93714285714285, 32.923809523809524, 32.934285714285714, 32.94380952380952, 32.93904761904762, 32.94571428571428, 32.94, 32.93809523809524, 32.94190476190476, 32.94380952380953, 32.94095238095238, 32.93333333333334, 32.94761904761905, 32.94095238095238, 32.94761904761905, 32.93809523809524, 32.94571428571429, 32.93904761904762, 32.94190476190476, 32.934285714285714, 32.93904761904762, 32.940000000000005, 32.94190476190476, 32.94190476190476, 32.94571428571429, 32.94380952380952, 32.94857142857143, 32.94285714285714, 32.93333333333334, 32.93809523809524, 32.94095238095238, 32.94380952380952, 32.93333333333334, 32.93238095238095, 32.94095238095238, 32.93619047619048, 32.95142857142857, 32.95142857142857, 32.93809523809524, 32.93333333333333, 32.93714285714285, 32.94190476190476, 32.93714285714286, 32.944761904761904, 32.94571428571428, 32.944761904761904, 32.93333333333333, 32.936190476190475, 32.94, 32.94571428571428, 32.93904761904762, 32.94, 32.934285714285714, 32.93047619047619, 32.92285714285714, 32.92190476190476, 32.92, 32.92476190476191, 32.92285714285714, 32.925714285714285, 32.91428571428571, 32.92095238095238, 32.915238095238095, 32.91619047619048, 32.913333333333334, 32.917142857142856, 32.92095238095238, 32.91809523809524, 32.90571428571428, 32.915238095238095, 32.917142857142856, 32.92190476190476, 32.915238095238095, 32.91238095238095, 32.92095238095238, 32.91619047619047, 32.925714285714285, 32.919999999999995, 32.91809523809523, 32.92095238095238, 32.915238095238095, 32.917142857142856, 32.91619047619048, 32.90857142857143, 32.90857142857143, 32.902857142857144, 32.89714285714286, 32.902857142857144, 32.902857142857144, 32.902857142857144, 32.913333333333334, 32.91238095238095, 32.908571428571435, 32.90952380952381, 32.89714285714285, 32.89904761904762, 32.90190476190476, 32.894285714285715, 32.894285714285715, 32.899047619047614, 32.89523809523809, 32.89714285714285, 32.8952380952381, 32.90095238095238, 32.896190476190476, 32.900000000000006, 32.89809523809524, 32.89809523809524, 32.89714285714286, 32.904761904761905, 32.90761904761904, 32.90095238095238, 32.89809523809524, 32.90571428571429, 32.89809523809524, 32.89523809523809, 32.89809523809524, 32.89523809523809, 32.9, 32.892380952380954, 32.89523809523809, 32.883809523809525, 32.881904761904764, 32.89047619047619, 32.88095238095238, 32.88095238095238, 32.88666666666666, 32.894285714285715, 32.90380952380952, 32.90095238095238, 32.89523809523809, 32.904761904761905, 32.89809523809524, 32.89714285714285, 32.90380952380953, 32.896190476190476, 32.9, 32.90095238095238, 32.9, 32.89333333333333, 32.89523809523809, 32.89904761904762, 32.885714285714286, 32.88666666666667, 32.8847619047619, 32.88285714285714, 32.87904761904762, 32.883809523809525, 32.883809523809525, 32.88, 32.86857142857143, 32.86952380952381, 32.85904761904762, 32.88, 32.87428571428572, 32.881904761904764, 32.87047619047619, 32.87238095238095, 32.86857142857143, 32.87238095238095, 32.87047619047619, 32.86857142857143, 32.871428571428574, 32.86, 31.867619047619048, 31.867619047619044, 31.87238095238095, 31.86857142857143, 31.860952380952384, 31.862857142857145, 31.866666666666667, 31.868571428571432, 31.871428571428574, 31.85904761904762, 31.864761904761906, 31.851428571428574, 31.860952380952387, 31.874285714285712, 31.87809523809524, 31.88095238095238, 31.864761904761902, 31.866666666666667, 31.875238095238096, 31.884761904761906]",0.907545471808717,0.924617742911981,32,"[33, 33, 33, 33, 33, 33, 33, 33, 33, 33, 33, 33, 33, 33, 33, 33, 33, 33, 33, 33, 33, 33, 33, 33, 33, 33, 33, 33, 33, 33, 33, 33, 33, 33, 33, 33, 33, 33, 33, 33, 33, 33, 33, 33, 33, 33, 33, 33, 33, 33, 33, 33, 33, 33, 33, 33, 33, 33, 33, 33, 33, 33, 33, 33, 33, 33, 33, 33, 33, 33, 33, 33, 33, 33, 33, 33, 33, 33, 33, 33, 33, 33, 33, 33, 33, 33, 33, 33, 33, 33, 33, 33, 33, 33, 33, 33, 33, 33, 33, 33, 33, 33, 33, 33, 33, 33, 33, 33, 33, 33, 33, 33, 33, 33, 33, 33, 33, 33, 33, 33, 33, 33, 33, 33, 33, 33, 33, 33, 33, 33, 33, 33, 33, 33, 33, 33, 33, 33, 33, 33, 33, 33, 33, 33, 33, 33, 33, 33, 33, 33, 33, 33, 33, 33, 33, 33, 33, 33, 33, 33, 33, 33, 33, 33, 33, 33, 33, 33, 33, 33, 33, 33, 33, 33, 33, 33, 33, 33, 33, 33, 33, 33, 33, 33, 33, 33, 33, 33, 33, 33, 33, 33, 33, 33, 33, 33, 33, 33, 33, 33, 32, 32, 32, 32, 32, 32, 32, 32, 32, 32, 32, 32, 32, 32, 32, 32, 32, 32, 32, 32]",220,"[0.43691280484199524, 0.42802420258522034, 0.4215618073940277, 0.4170636236667633, 0.4140808880329132, 0.4107123613357544, 0.4090109169483185, 0.4063321053981781, 0.4039536416530609, 0.40176865458488464, 0.40010225772857666, 0.3982051908969879, 0.3960583209991455, 0.39420416951179504, 0.3925462067127228, 0.3909345269203186, 0.38902488350868225, 0.3872360289096832, 0.38607585430145264, 0.38393500447273254, 0.3827399015426636, 0.3813669681549072, 0.37929195165634155, 0.377941370010376, 0.3764466941356659, 0.3747553527355194, 0.3733656406402588, 0.3715907335281372, 0.37032729387283325, 0.3690352737903595, 0.3675557076931, 0.36570778489112854, 0.364380806684494, 0.36268317699432373, 0.36147457361221313, 0.3596738874912262, 0.3585185706615448, 0.3566890060901642, 0.35514596104621887, 0.35322076082229614, 0.3515363335609436, 0.35011956095695496, 0.3486476540565491, 0.34701842069625854, 0.34530484676361084, 0.3434426188468933, 0.3413780629634857, 0.33994486927986145, 0.3379441797733307, 0.33607590198516846, 0.334511935710907, 0.332442045211792, 0.330551415681839, 0.3287276327610016, 0.3268394470214844, 0.32493534684181213, 0.32312899827957153, 0.32174059748649597, 0.3204912841320038, 0.3174923360347748, 0.3156887888908386, 0.31418079137802124, 0.3127336800098419, 0.31072816252708435, 0.30915412306785583, 0.30768269300460815, 0.3060304820537567, 0.3049364387989044, 0.30357974767684937, 0.3014671504497528, 0.3002051115036011, 0.29999756813049316, 0.2973722219467163, 0.29659655690193176, 0.2957533895969391, 0.29366612434387207, 0.29270684719085693, 0.29123061895370483, 0.2910299003124237, 0.2901378870010376, 0.2880539000034332, 0.2873322367668152, 0.28681832551956177, 0.2857460081577301, 0.2840421795845032, 0.2837669253349304, 0.28224077820777893, 0.28123196959495544, 0.28044819831848145, 0.2801457643508911, 0.2800714373588562, 0.2782770097255707, 0.27696824073791504, 0.27613765001296997, 0.2756367027759552, 0.27563193440437317, 0.27383384108543396, 0.2734754979610443, 0.2736642062664032, 0.2720659673213959, 0.27216342091560364, 0.27133309841156006, 0.2701621651649475, 0.2691221535205841, 0.26870089769363403, 0.26869288086891174, 0.26782047748565674, 0.2664949297904968, 0.26582425832748413, 0.2652550935745239, 0.26447874307632446, 0.2643035650253296, 0.2632770538330078, 0.2627798914909363, 0.26217320561408997, 0.26129594445228577, 0.26120153069496155, 0.2600671947002411, 0.25979459285736084, 0.259062796831131, 0.2585837244987488, 0.2585489749908447, 0.2585642635822296, 0.2573452889919281, 0.2567133605480194, 0.2566395699977875, 0.257242351770401, 0.2555111050605774, 0.2547112703323364, 0.2546361982822418, 0.2542872726917267, 0.2544768452644348, 0.2544707953929901, 0.2535440921783447, 0.25235944986343384, 0.25195059180259705, 0.25170835852622986, 0.2516528069972992, 0.2512267827987671, 0.2499542236328125, 0.25001847743988037, 0.2500087320804596, 0.24960465729236603, 0.2489667683839798, 0.2483440786600113, 0.2476547211408615, 0.24746479094028473, 0.24722953140735626, 0.24699878692626953, 0.24602998793125153, 0.2469887137413025, 0.24698877334594727, 0.24514098465442657, 0.24523675441741943, 0.24496452510356903, 0.24422138929367065, 0.243867889046669, 0.2431768923997879, 0.24274422228336334, 0.24294635653495789, 0.24303387105464935, 0.24246299266815186, 0.24185478687286377, 0.24382556974887848, 0.24239115417003632, 0.24106527864933014, 0.24080274999141693, 0.2406502366065979, 0.2403089851140976, 0.23998410999774933, 0.2409287393093109, 0.23909452557563782, 0.2397514134645462, 0.2399526834487915, 0.23920156061649323, 0.23894424736499786, 0.23909607529640198, 0.23969680070877075, 0.23800285160541534, 0.23895883560180664, 0.23756127059459686, 0.23763658106327057, 0.23768295347690582, 0.23674412071704865, 0.23656927049160004, 0.23599520325660706, 0.236165851354599, 0.23626422882080078, 0.23544961214065552, 0.23549513518810272, 0.23487845063209534, 0.23525869846343994, 0.2357962429523468, 0.23492738604545593, 0.23394468426704407, 0.2343401163816452, 0.23369544744491577, 0.2341456413269043, 0.23235741257667542, 0.23426827788352966, 0.23387110233306885, 0.23484116792678833, 0.23337386548519135, 0.23203235864639282, 0.23288357257843018, 0.23163563013076782, 0.2315378338098526, 0.23320122063159943, 0.23271097242832184, 0.23216821253299713, 0.2314082682132721, 0.232078418135643, 0.23044736683368683, 0.23238715529441833, 0.23091596364974976, 0.23001255095005035, 0.2298368215560913, 0.23005452752113342, 0.23015397787094116, 0.229116290807724]",32.0,"[33.0, 33.0, 33.0, 33.0, 33.0, 33.0, 33.0, 33.0, 33.0, 33.0, 33.0, 33.0, 33.0, 33.0, 33.0, 33.0, 33.0, 33.0, 33.0, 33.0, 33.0, 33.0, 33.0, 33.0, 33.0, 33.0, 33.0, 33.0, 33.0, 33.0, 33.0, 33.0, 33.0, 33.0, 33.0, 33.0, 33.0, 33.0, 33.0, 33.0, 33.0, 33.0, 33.0, 33.0, 33.0, 33.0, 33.0, 33.0, 33.0, 33.0, 33.0, 33.0, 33.0, 33.0, 33.0, 33.0, 33.0, 33.0, 33.0, 33.0, 33.0, 33.0, 33.0, 33.0, 33.0, 33.0, 33.0, 33.0, 33.0, 33.0, 33.0, 33.0, 33.0, 33.0, 33.0, 33.0, 33.0, 33.0, 33.0, 33.0, 33.0, 33.0, 33.0, 33.0, 33.0, 33.0, 33.0, 33.0, 33.0, 33.0, 33.0, 33.0, 33.0, 33.0, 33.0, 33.0, 33.0, 33.0, 33.0, 33.0, 33.0, 33.0, 33.0, 33.0, 33.0, 33.0, 33.0, 33.0, 33.0, 33.0, 33.0, 33.0, 33.0, 33.0, 33.0, 33.0, 33.0, 33.0, 33.0, 33.0, 33.0, 33.0, 33.0, 33.0, 33.0, 33.0, 33.0, 33.0, 33.0, 33.0, 33.0, 33.0, 33.0, 33.0, 33.0, 33.0, 33.0, 33.0, 33.0, 33.0, 33.0, 33.0, 33.0, 33.0, 33.0, 33.0, 33.0, 33.0, 33.0, 33.0, 33.0, 33.0, 33.0, 33.0, 33.0, 33.0, 33.0, 33.0, 33.0, 33.0, 33.0, 33.0, 33.0, 33.0, 33.0, 33.0, 33.0, 33.0, 33.0, 33.0, 33.0, 33.0, 33.0, 33.0, 33.0, 33.0, 33.0, 33.0, 33.0, 33.0, 33.0, 33.0, 33.0, 33.0, 33.0, 33.0, 33.0, 33.0, 33.0, 33.0, 33.0, 33.0, 33.0, 33.0, 33.0, 33.0, 33.0, 33.0, 33.0, 33.0, 32.0, 32.0, 32.0, 32.0, 32.0, 32.0, 32.0, 32.0, 32.0, 32.0, 32.0, 32.0, 32.0, 32.0, 32.0, 32.0, 32.0, 32.0, 32.0, 32.0]",COMPLETE
