,number,value,datetime_start,datetime_complete,duration,params_batch_size_scaler,params_constant_learning_rate,params_depth,params_epochs,params_kernel_l2,params_num_trees,params_temperature,user_attrs_accuracy_test,user_attrs_accuracy_valid,user_attrs_approximate_feature_sparsity,user_attrs_approximate_feature_sparsity_history,user_attrs_approximate_weight_sparsity,user_attrs_approximate_weight_sparsity_history,user_attrs_auc_test,user_attrs_auc_valid,user_attrs_feature_sparsity,user_attrs_feature_sparsity_history,user_attrs_num_epochs,user_attrs_val_loss_history,user_attrs_weight_sparsity,user_attrs_weight_sparsity_history,state
120,120,0.785807216189409,2024-08-31 05:34:24.418789,2024-08-31 05:34:32.114655,0 days 00:00:07.695866,4,0.12124985238441534,3,15,0.12468558969361826,79,0.0006264116723230658,0.876,0.87875,33,"[33, 33, 33, 33, 33, 33, 33, 33, 33, 33, 33, 33, 33, 33, 33]",32.963833634719705,"[32.96745027124774, 32.949367088607595, 32.96925858951175, 32.96925858951175, 32.96021699819168, 32.963833634719705, 32.965641952983724, 32.971066907775764, 32.96383363471971, 32.95117540687161, 32.962025316455694, 32.96383363471971, 32.9746835443038, 32.96021699819168, 32.963833634719705]",0.8105912367176084,0.785807216189409,33,"[33, 33, 33, 33, 33, 33, 33, 33, 33, 33, 33, 33, 33, 33, 33]",15,"[0.39621996879577637, 0.3867734670639038, 0.3823176920413971, 0.37680894136428833, 0.3763982653617859, 0.3708634078502655, 0.36985382437705994, 0.3646065592765808, 0.3603980541229248, 0.3575955331325531, 0.3543012738227844, 0.35177814960479736, 0.3505588471889496, 0.3469395339488983, 0.34897541999816895]",33.0,"[33.0, 33.0, 33.0, 33.0, 33.0, 33.0, 33.0, 33.0, 33.0, 33.0, 33.0, 33.0, 33.0, 33.0, 33.0]",COMPLETE
121,121,0.5,2024-08-31 05:34:34.638328,2024-08-31 05:38:04.479317,0 days 00:03:29.840989,1,0.06342881026880291,1,500,0.3068264211024927,54,0.015327960370626257,0.859,0.85875,0,"[33, 33, 33, 24, 4, 4, 3, 3, 3, 2, 2, 2, 2, 2, 2, 2, 2, 2, 2, 2, 2, 2, 2, 2, 2, 2, 2, 2, 2, 2, 2, 2, 2, 2, 2, 2, 2, 2, 2, 2, 2, 2, 2, 2, 2, 2, 2, 2, 2, 2, 2, 2, 2, 2, 2, 2, 2, 2, 2, 1, 1, 1, 1, 1, 1, 1, 1, 1, 1, 1, 0, 0, 0, 0, 0, 0, 0, 0, 0, 0, 0, 0, 0, 0, 0, 0, 0, 0, 0, 0, 0, 0, 0, 0, 0, 0, 0, 0, 0, 0, 0, 0, 0, 0, 0, 0, 0, 0, 0, 0, 0, 0, 0, 0, 0, 0, 0, 0, 0, 0, 0, 0, 0, 0, 0, 0, 0, 0, 0, 0, 0, 0, 0, 0, 0, 0, 0, 0, 0, 0, 0, 0, 0, 0, 0, 0, 0, 0, 0, 0, 0, 0, 0, 0, 0, 0, 0, 0, 0, 0, 0, 0, 0, 0, 0, 0, 0, 0, 0, 0, 0, 0, 0, 0, 0, 0, 0, 0, 0, 0, 0, 0, 0, 0, 0, 0, 0, 0, 0, 0, 0, 0, 0, 0, 0, 0, 0, 0, 0, 0, 0, 0, 0, 0, 0, 0, 0, 0, 0, 0, 0, 0, 0, 0, 0, 0, 0, 0, 0, 0, 0, 0, 0, 0, 0, 0, 0, 0, 0, 0, 0, 0, 0, 0, 0, 0, 0, 0, 0, 0, 0, 0, 0, 0, 0, 0, 0, 0, 0, 0, 0, 0, 0, 0, 0, 0, 0, 0, 0, 0, 0, 0, 0, 0, 0, 0, 0, 0, 0, 0, 0, 0, 0, 0, 0, 0, 0, 0, 0, 0, 0, 0, 0, 0, 0, 0, 0, 0, 0, 0, 0, 0, 0, 0, 0, 0, 0, 0, 0, 0, 0, 0, 0, 0, 0, 0, 0, 0, 0, 0, 0, 0, 0, 0, 0, 0, 0, 0, 0, 0, 0, 0, 0, 0, 0, 0, 0, 0, 0, 0, 0, 0, 0, 0, 0, 0, 0, 0, 0, 0, 0, 0, 0, 0, 0, 0, 0, 0, 0, 0, 0, 0, 0, 0, 0, 0, 0, 0, 0, 0, 0, 0, 0, 0, 0, 0, 0, 0, 0, 0, 0, 0, 0, 0, 0, 0, 0, 0, 0, 0, 0, 0, 0, 0, 0, 0, 0, 0, 0, 0, 0, 0, 0, 0, 0, 0, 0, 0, 0, 0, 0, 0, 0, 0, 0, 0, 0, 0, 0, 0, 0, 0, 0, 0, 0, 0, 0, 0, 0, 0, 0, 0, 0, 0, 0, 0, 0, 0, 0, 0, 0, 0, 0, 0, 0, 0, 0, 0, 0, 0, 0, 0, 0, 0, 0, 0, 0, 0, 0, 0, 0, 0, 0, 0, 0, 0, 0, 0, 0, 0, 0, 0, 0, 0, 0, 0, 0, 0, 0, 0, 0, 0, 0, 0, 0, 0, 0, 0, 0, 0, 0, 0, 0, 0, 0, 0, 0, 0, 0, 0, 0, 0, 0, 0, 0, 0, 0, 0, 0, 0]",0.0,"[33.0, 32.98148148148148, 33.0, 23.962962962962962, 4.0, 4.0, 3.0, 3.0, 3.0, 2.0, 2.0, 2.0, 2.0, 2.0, 2.0, 2.0, 2.0, 2.0, 2.0, 2.0, 2.0, 2.0, 2.0, 2.0, 2.0, 2.0, 2.0, 2.0, 1.9814814814814814, 1.962962962962963, 1.962962962962963, 2.0, 2.0, 2.0, 2.0, 2.0, 2.0, 2.0, 2.0, 2.0, 2.0, 2.0, 2.0, 2.0, 2.0, 2.0, 2.0, 2.0, 2.0, 2.0, 2.0, 2.0, 2.0, 2.0, 2.0, 2.0, 2.0, 2.0, 2.0, 1.0, 1.0, 1.0, 1.0, 1.0, 1.0, 1.0, 1.0, 1.0, 1.0, 1.0, 0.0, 0.0, 0.0, 0.0, 0.0, 0.0, 0.0, 0.0, 0.0, 0.0, 0.0, 0.0, 0.0, 0.0, 0.0, 0.0, 0.0, 0.0, 0.0, 0.0, 0.0, 0.0, 0.0, 0.0, 0.0, 0.0, 0.0, 0.0, 0.0, 0.0, 0.0, 0.0, 0.0, 0.0, 0.0, 0.0, 0.0, 0.0, 0.0, 0.0, 0.0, 0.0, 0.0, 0.0, 0.0, 0.0, 0.0, 0.0, 0.0, 0.0, 0.0, 0.0, 0.0, 0.0, 0.0, 0.0, 0.0, 0.0, 0.0, 0.0, 0.0, 0.0, 0.0, 0.0, 0.0, 0.0, 0.0, 0.0, 0.0, 0.0, 0.0, 0.0, 0.0, 0.0, 0.0, 0.0, 0.0, 0.0, 0.0, 0.0, 0.0, 0.0, 0.0, 0.0, 0.0, 0.0, 0.0, 0.0, 0.0, 0.0, 0.0, 0.0, 0.0, 0.0, 0.0, 0.0, 0.0, 0.0, 0.0, 0.0, 0.0, 0.0, 0.0, 0.0, 0.0, 0.0, 0.0, 0.0, 0.0, 0.0, 0.0, 0.0, 0.0, 0.0, 0.0, 0.0, 0.0, 0.0, 0.0, 0.0, 0.0, 0.0, 0.0, 0.0, 0.0, 0.0, 0.0, 0.0, 0.0, 0.0, 0.0, 0.0, 0.0, 0.0, 0.0, 0.0, 0.0, 0.0, 0.0, 0.0, 0.0, 0.0, 0.0, 0.0, 0.0, 0.0, 0.0, 0.0, 0.0, 0.0, 0.0, 0.0, 0.0, 0.0, 0.0, 0.0, 0.0, 0.0, 0.0, 0.0, 0.0, 0.0, 0.0, 0.0, 0.0, 0.0, 0.0, 0.0, 0.0, 0.0, 0.0, 0.0, 0.0, 0.0, 0.0, 0.0, 0.0, 0.0, 0.0, 0.0, 0.0, 0.0, 0.0, 0.0, 0.0, 0.0, 0.0, 0.0, 0.0, 0.0, 0.0, 0.0, 0.0, 0.0, 0.0, 0.0, 0.0, 0.0, 0.0, 0.0, 0.0, 0.0, 0.0, 0.0, 0.0, 0.0, 0.0, 0.0, 0.0, 0.0, 0.0, 0.0, 0.0, 0.0, 0.0, 0.0, 0.0, 0.0, 0.0, 0.0, 0.0, 0.0, 0.0, 0.0, 0.0, 0.0, 0.0, 0.0, 0.0, 0.0, 0.0, 0.0, 0.0, 0.0, 0.0, 0.0, 0.0, 0.0, 0.0, 0.0, 0.0, 0.0, 0.0, 0.0, 0.0, 0.0, 0.0, 0.0, 0.0, 0.0, 0.0, 0.0, 0.0, 0.0, 0.0, 0.0, 0.0, 0.0, 0.0, 0.0, 0.0, 0.0, 0.0, 0.0, 0.0, 0.0, 0.0, 0.0, 0.0, 0.0, 0.0, 0.0, 0.0, 0.0, 0.0, 0.0, 0.0, 0.0, 0.0, 0.0, 0.0, 0.0, 0.0, 0.0, 0.0, 0.0, 0.0, 0.0, 0.0, 0.0, 0.0, 0.0, 0.0, 0.0, 0.0, 0.0, 0.0, 0.0, 0.0, 0.0, 0.0, 0.0, 0.0, 0.0, 0.0, 0.0, 0.0, 0.0, 0.0, 0.0, 0.0, 0.0, 0.0, 0.0, 0.0, 0.0, 0.0, 0.0, 0.0, 0.0, 0.0, 0.0, 0.0, 0.0, 0.0, 0.0, 0.0, 0.0, 0.0, 0.0, 0.0, 0.0, 0.0, 0.0, 0.0, 0.0, 0.0, 0.0, 0.0, 0.0, 0.0, 0.0, 0.0, 0.0, 0.0, 0.0, 0.0, 0.0, 0.0, 0.0, 0.0, 0.0, 0.0, 0.0, 0.0, 0.0, 0.0, 0.0, 0.0, 0.0, 0.0, 0.0, 0.0, 0.0, 0.0, 0.0, 0.0, 0.0, 0.0, 0.0, 0.0, 0.0, 0.0, 0.0, 0.0, 0.0, 0.0, 0.0, 0.0, 0.0, 0.0, 0.0, 0.0, 0.0, 0.0, 0.0, 0.0, 0.0, 0.0, 0.0, 0.0, 0.0, 0.0, 0.0, 0.0, 0.0, 0.0, 0.0, 0.0, 0.0, 0.0, 0.0, 0.0, 0.0, 0.0, 0.0, 0.0, 0.0, 0.0, 0.0, 0.0, 0.0, 0.0, 0.0, 0.0, 0.0, 0.0, 0.0, 0.0, 0.0, 0.0, 0.0, 0.0, 0.0, 0.0, 0.0, 0.0, 0.0, 0.0, 0.0]",0.5,0.5,0,"[33, 33, 33, 24, 4, 4, 3, 3, 3, 2, 2, 2, 2, 2, 2, 2, 2, 2, 2, 2, 2, 2, 2, 2, 2, 2, 2, 2, 2, 2, 2, 2, 2, 2, 2, 2, 2, 2, 2, 2, 2, 2, 2, 2, 2, 2, 2, 2, 2, 2, 2, 2, 2, 2, 2, 2, 2, 2, 2, 1, 1, 1, 1, 1, 1, 1, 1, 1, 1, 1, 0, 0, 0, 0, 0, 0, 0, 0, 0, 0, 0, 0, 0, 0, 0, 0, 0, 0, 0, 0, 0, 0, 0, 0, 0, 0, 0, 0, 0, 0, 0, 0, 0, 0, 0, 0, 0, 0, 0, 0, 0, 0, 0, 0, 0, 0, 0, 0, 0, 0, 0, 0, 0, 0, 0, 0, 0, 0, 0, 0, 0, 0, 0, 0, 0, 0, 0, 0, 0, 0, 0, 0, 0, 0, 0, 0, 0, 0, 0, 0, 0, 0, 0, 0, 0, 0, 0, 0, 0, 0, 0, 0, 0, 0, 0, 0, 0, 0, 0, 0, 0, 0, 0, 0, 0, 0, 0, 0, 0, 0, 0, 0, 0, 0, 0, 0, 0, 0, 0, 0, 0, 0, 0, 0, 0, 0, 0, 0, 0, 0, 0, 0, 0, 0, 0, 0, 0, 0, 0, 0, 0, 0, 0, 0, 0, 0, 0, 0, 0, 0, 0, 0, 0, 0, 0, 0, 0, 0, 0, 0, 0, 0, 0, 0, 0, 0, 0, 0, 0, 0, 0, 0, 0, 0, 0, 0, 0, 0, 0, 0, 0, 0, 0, 0, 0, 0, 0, 0, 0, 0, 0, 0, 0, 0, 0, 0, 0, 0, 0, 0, 0, 0, 0, 0, 0, 0, 0, 0, 0, 0, 0, 0, 0, 0, 0, 0, 0, 0, 0, 0, 0, 0, 0, 0, 0, 0, 0, 0, 0, 0, 0, 0, 0, 0, 0, 0, 0, 0, 0, 0, 0, 0, 0, 0, 0, 0, 0, 0, 0, 0, 0, 0, 0, 0, 0, 0, 0, 0, 0, 0, 0, 0, 0, 0, 0, 0, 0, 0, 0, 0, 0, 0, 0, 0, 0, 0, 0, 0, 0, 0, 0, 0, 0, 0, 0, 0, 0, 0, 0, 0, 0, 0, 0, 0, 0, 0, 0, 0, 0, 0, 0, 0, 0, 0, 0, 0, 0, 0, 0, 0, 0, 0, 0, 0, 0, 0, 0, 0, 0, 0, 0, 0, 0, 0, 0, 0, 0, 0, 0, 0, 0, 0, 0, 0, 0, 0, 0, 0, 0, 0, 0, 0, 0, 0, 0, 0, 0, 0, 0, 0, 0, 0, 0, 0, 0, 0, 0, 0, 0, 0, 0, 0, 0, 0, 0, 0, 0, 0, 0, 0, 0, 0, 0, 0, 0, 0, 0, 0, 0, 0, 0, 0, 0, 0, 0, 0, 0, 0, 0, 0, 0, 0, 0, 0, 0, 0, 0, 0, 0, 0, 0, 0, 0, 0, 0, 0, 0, 0, 0, 0, 0, 0, 0, 0, 0, 0, 0, 0, 0, 0, 0, 0, 0, 0, 0, 0, 0, 0, 0, 0]",500,"[0.5528532266616821, 0.5187649130821228, 0.45636898279190063, 0.41110411286354065, 0.3786769509315491, 0.37188148498535156, 0.3940459191799164, 0.39194080233573914, 0.4010328948497772, 0.38647258281707764, 0.38666605949401855, 0.38497939705848694, 0.3956221640110016, 0.409347265958786, 0.37864649295806885, 0.38098761439323425, 0.379877507686615, 0.3907856345176697, 0.3892378509044647, 0.3777689039707184, 0.38582900166511536, 0.37639766931533813, 0.39273250102996826, 0.3771396577358246, 0.38454627990722656, 0.38486072421073914, 0.38875168561935425, 0.3973940908908844, 0.3787405490875244, 0.39507079124450684, 0.3761904537677765, 0.37677478790283203, 0.3748677372932434, 0.37433096766471863, 0.3749697506427765, 0.3764439821243286, 0.373971164226532, 0.3757322430610657, 0.4028674066066742, 0.3821108639240265, 0.3791502118110657, 0.40437138080596924, 0.4182455837726593, 0.37731853127479553, 0.38996994495391846, 0.37709227204322815, 0.3737855553627014, 0.3754081428050995, 0.3915444314479828, 0.3810376226902008, 0.38809576630592346, 0.4049941897392273, 0.37423259019851685, 0.390798419713974, 0.3834736943244934, 0.44392895698547363, 0.3792482316493988, 0.39497536420822144, 0.3792960047721863, 0.396829217672348, 0.4086088240146637, 0.39441901445388794, 0.3945983648300171, 0.3958359956741333, 0.40131980180740356, 0.4027411937713623, 0.3946847915649414, 0.41087713837623596, 0.39918747544288635, 0.41077056527137756, 0.408731609582901, 0.42314186692237854, 0.42455655336380005, 0.40793994069099426, 0.4126529395580292, 0.4079979956150055, 0.424643874168396, 0.41543829441070557, 0.4156946539878845, 0.4073265492916107, 0.41339096426963806, 0.40976691246032715, 0.4093586802482605, 0.4072798490524292, 0.4133176803588867, 0.4072296619415283, 0.41993218660354614, 0.42356249690055847, 0.6202839612960815, 0.4072960317134857, 0.40872299671173096, 0.41427716612815857, 0.4080328643321991, 0.40748855471611023, 0.40723925828933716, 0.4323876202106476, 0.4085933566093445, 0.4072766900062561, 0.4089922308921814, 0.40735363960266113, 0.40818992257118225, 0.4138091206550598, 0.42802560329437256, 0.4157945513725281, 0.433683305978775, 0.4123067557811737, 0.40886732935905457, 0.407888263463974, 0.4130915403366089, 0.4270612299442291, 0.4082001745700836, 0.41095396876335144, 0.4118104875087738, 0.41648223996162415, 0.4317564368247986, 0.4234333038330078, 0.4105927348136902, 0.4173102080821991, 0.4089791178703308, 0.4083297848701477, 0.41180506348609924, 0.4218364357948303, 0.40806689858436584, 0.42601585388183594, 0.4134940803050995, 0.4087255597114563, 0.407227098941803, 0.41298577189445496, 0.42757484316825867, 0.42362484335899353, 0.4345647096633911, 0.4539834260940552, 0.4104616940021515, 0.4086438715457916, 0.41143473982810974, 0.4085805416107178, 0.4072302281856537, 0.4103042185306549, 0.41055622696876526, 0.412283718585968, 0.4154326915740967, 0.4183449447154999, 0.41994667053222656, 0.4083106219768524, 0.44297221302986145, 0.40850991010665894, 0.41137629747390747, 0.47106796503067017, 0.40726783871650696, 0.43525072932243347, 0.4106353521347046, 0.41643956303596497, 0.42183127999305725, 0.41010650992393494, 0.4078960418701172, 0.4075135886669159, 0.4847033619880676, 0.4200800359249115, 0.41039714217185974, 0.410957932472229, 0.41498029232025146, 0.42557862401008606, 0.4075430929660797, 0.4128522574901581, 0.41192734241485596, 0.40761634707450867, 0.4107125997543335, 0.46399471163749695, 0.40914034843444824, 0.4321380853652954, 0.4092085361480713, 0.4411165118217468, 0.44155511260032654, 0.4260213077068329, 0.4154217541217804, 0.4090486168861389, 0.40723150968551636, 0.4212057888507843, 0.4132162928581238, 0.4129091501235962, 0.417470246553421, 0.4115979075431824, 0.41650310158729553, 0.4118306636810303, 0.4079607129096985, 0.4075549244880676, 0.40791863203048706, 0.4072294533252716, 0.4156232476234436, 0.43230220675468445, 0.4226505756378174, 0.41775646805763245, 0.4113548994064331, 0.41297873854637146, 0.41347813606262207, 0.40812739729881287, 0.4379621148109436, 0.4090295433998108, 0.4074646830558777, 0.4091089963912964, 0.40941017866134644, 0.40916764736175537, 0.4089122712612152, 0.4082355201244354, 0.41466566920280457, 0.4092256426811218, 0.4411812126636505, 0.40834200382232666, 0.40833526849746704, 0.4098365306854248, 0.40726977586746216, 0.4104870557785034, 0.40722888708114624, 0.41051429510116577, 0.4198114275932312, 0.4082498252391815, 0.4098134934902191, 0.40725287795066833, 0.4179999530315399, 0.41300442814826965, 0.4290321469306946, 0.4122995436191559, 0.4147668182849884, 0.40724441409111023, 0.4371647238731384, 0.41285064816474915, 0.43451252579689026, 0.41174668073654175, 0.4120404124259949, 0.44701823592185974, 0.4099442660808563, 0.40758514404296875, 0.4073545038700104, 0.49340298771858215, 0.4125949740409851, 0.4082473814487457, 0.41139957308769226, 0.4074847400188446, 0.40926146507263184, 0.4077318608760834, 0.41237956285476685, 0.4079133868217468, 0.4314391613006592, 0.4072268307209015, 0.41132664680480957, 0.40752679109573364, 0.4094425141811371, 0.4079720675945282, 0.4072485864162445, 0.4103054404258728, 0.42700818181037903, 0.4114367365837097, 0.42950260639190674, 0.41360458731651306, 0.4104362428188324, 0.4126415252685547, 0.4109824299812317, 0.41321682929992676, 0.41077250242233276, 0.4188179075717926, 0.4080949127674103, 0.4086381494998932, 0.40762877464294434, 0.4216299057006836, 0.41391927003860474, 0.4092002809047699, 0.40815815329551697, 0.4166527986526489, 0.4220941662788391, 0.4106791019439697, 0.4077885150909424, 0.41428592801094055, 0.41698554158210754, 0.42868560552597046, 0.4328511953353882, 0.4072761833667755, 0.4330505430698395, 0.40825358033180237, 0.43090590834617615, 0.415213406085968, 0.4079138934612274, 0.408364474773407, 0.4121622145175934, 0.4111165702342987, 0.4106600284576416, 0.4204723834991455, 0.41000044345855713, 0.41097888350486755, 0.41230592131614685, 0.4079810678958893, 0.41836532950401306, 0.41495078802108765, 0.40723198652267456, 0.40958309173583984, 0.40749457478523254, 0.4193064868450165, 0.41228851675987244, 0.40725573897361755, 0.4092499613761902, 0.4074063003063202, 0.4078714847564697, 0.4183478057384491, 0.4079688787460327, 0.4717457890510559, 0.40953201055526733, 0.4075613021850586, 0.41230565309524536, 0.4115505516529083, 0.41905227303504944, 0.40757423639297485, 0.4087528884410858, 0.41026636958122253, 0.4101808965206146, 0.41463539004325867, 0.419977605342865, 0.4076204299926758, 0.4185347259044647, 0.4112327992916107, 0.4087248742580414, 0.40768593549728394, 0.41239607334136963, 0.40984657406806946, 0.40816688537597656, 0.43264541029930115, 0.4073556065559387, 0.41352367401123047, 0.4072495996952057, 0.46102845668792725, 0.41592171788215637, 0.41581258177757263, 0.4072515368461609, 0.4202636778354645, 0.4076479971408844, 0.407259076833725, 0.4368138611316681, 0.40728482604026794, 0.4079131782054901, 0.43635690212249756, 0.4092893600463867, 0.4073704183101654, 0.41833797097206116, 0.43560490012168884, 0.45744115114212036, 0.409315824508667, 0.40751343965530396, 0.4165263772010803, 0.4146439731121063, 0.42909491062164307, 0.45037826895713806, 0.4114436209201813, 0.41356322169303894, 0.4088347256183624, 0.4073445796966553, 0.4072344899177551, 0.4164375960826874, 0.4089955985546112, 0.4074476957321167, 0.40724220871925354, 0.42167991399765015, 0.40781456232070923, 0.4216073751449585, 0.40809890627861023, 0.41627806425094604, 0.41827601194381714, 0.4155360460281372, 0.4141513705253601, 0.4140549898147583, 0.4072321653366089, 0.4079594314098358, 0.40780624747276306, 0.40761512517929077, 0.41928336024284363, 0.4079655408859253, 0.44001346826553345, 0.43068668246269226, 0.4090098440647125, 0.42702969908714294, 0.4110953211784363, 0.4103005528450012, 0.4072374105453491, 0.4091280698776245, 0.41008496284484863, 0.4078596830368042, 0.409189909696579, 0.4078710079193115, 0.40817275643348694, 0.41553834080696106, 0.41301795840263367, 0.4163144826889038, 0.4076002538204193, 0.41087546944618225, 0.43052440881729126, 0.40780070424079895, 0.41382771730422974, 0.41614964604377747, 0.40722715854644775, 0.4088531732559204, 0.4159993827342987, 0.40846630930900574, 0.40724727511405945, 0.4083925187587738, 0.42492806911468506, 0.4116060137748718, 0.40752285718917847, 0.4072486162185669, 0.4179365932941437, 0.4089302718639374, 0.4445974826812744, 0.4136640131473541, 0.40833988785743713, 0.4148459732532501, 0.4074466824531555, 0.4075227975845337, 0.42593398690223694, 0.4159477651119232, 0.4112212657928467, 0.42520785331726074, 0.4178049564361572, 0.40845489501953125, 0.40772682428359985, 0.43257758021354675, 0.4942587912082672, 0.4109533429145813, 0.42091822624206543, 0.4076042175292969, 0.4185667037963867, 0.407485693693161, 0.4076501429080963, 0.40723979473114014, 0.4090234041213989, 0.40761303901672363, 0.4081878960132599, 0.4151044487953186, 0.412786066532135, 0.42481958866119385, 0.4146175682544708, 0.40787947177886963, 0.4074302315711975, 0.41018685698509216, 0.435931921005249, 0.407370388507843, 0.4231974482536316, 0.40791675448417664, 0.4978547692298889, 0.40992996096611023, 0.4130416214466095, 0.40749409794807434, 0.4072261154651642, 0.40749138593673706, 0.4120682179927826, 0.40733855962753296, 0.4118345379829407, 0.4202900826931, 0.4104948937892914, 0.40728336572647095, 0.4248409569263458, 0.4101836383342743, 0.43619969487190247, 0.40966930985450745, 0.407560795545578, 0.41625872254371643, 0.41059768199920654, 0.4155448079109192, 0.4319348931312561, 0.5298405289649963, 0.40736350417137146, 0.43009284138679504, 0.4090491831302643, 0.4073813259601593, 0.4137391746044159, 0.42021965980529785, 0.40769854187965393, 0.4140121340751648, 0.4169130325317383, 0.4072750210762024, 0.40761175751686096, 0.40835797786712646, 0.40903380513191223, 0.41062936186790466, 0.4153329133987427, 0.40751978754997253, 0.4242357909679413, 0.4151942729949951, 0.43222931027412415, 0.4101615250110626, 0.41043952107429504, 0.4323873221874237, 0.41559380292892456, 0.409151166677475, 0.40726903080940247, 0.42174625396728516, 0.4228985905647278, 0.4078509509563446, 0.4128977060317993, 0.4159521758556366, 0.4206729233264923, 0.4078274965286255, 0.4133867919445038, 0.4123057425022125, 0.4080381393432617]",0.0,"[33.0, 33.0, 33.0, 24.0, 4.0, 4.0, 3.0, 3.0, 3.0, 2.0, 2.0, 2.0, 2.0, 2.0, 2.0, 2.0, 2.0, 2.0, 2.0, 2.0, 2.0, 2.0, 2.0, 2.0, 2.0, 2.0, 2.0, 2.0, 2.0, 2.0, 2.0, 2.0, 2.0, 2.0, 2.0, 2.0, 2.0, 2.0, 2.0, 2.0, 2.0, 2.0, 2.0, 2.0, 2.0, 2.0, 2.0, 2.0, 2.0, 2.0, 2.0, 2.0, 2.0, 2.0, 2.0, 2.0, 2.0, 2.0, 2.0, 1.0, 1.0, 1.0, 1.0, 1.0, 1.0, 1.0, 1.0, 1.0, 1.0, 1.0, 0.0, 0.0, 0.0, 0.0, 0.0, 0.0, 0.0, 0.0, 0.0, 0.0, 0.0, 0.0, 0.0, 0.0, 0.0, 0.0, 0.0, 0.0, 0.0, 0.0, 0.0, 0.0, 0.0, 0.0, 0.0, 0.0, 0.0, 0.0, 0.0, 0.0, 0.0, 0.0, 0.0, 0.0, 0.0, 0.0, 0.0, 0.0, 0.0, 0.0, 0.0, 0.0, 0.0, 0.0, 0.0, 0.0, 0.0, 0.0, 0.0, 0.0, 0.0, 0.0, 0.0, 0.0, 0.0, 0.0, 0.0, 0.0, 0.0, 0.0, 0.0, 0.0, 0.0, 0.0, 0.0, 0.0, 0.0, 0.0, 0.0, 0.0, 0.0, 0.0, 0.0, 0.0, 0.0, 0.0, 0.0, 0.0, 0.0, 0.0, 0.0, 0.0, 0.0, 0.0, 0.0, 0.0, 0.0, 0.0, 0.0, 0.0, 0.0, 0.0, 0.0, 0.0, 0.0, 0.0, 0.0, 0.0, 0.0, 0.0, 0.0, 0.0, 0.0, 0.0, 0.0, 0.0, 0.0, 0.0, 0.0, 0.0, 0.0, 0.0, 0.0, 0.0, 0.0, 0.0, 0.0, 0.0, 0.0, 0.0, 0.0, 0.0, 0.0, 0.0, 0.0, 0.0, 0.0, 0.0, 0.0, 0.0, 0.0, 0.0, 0.0, 0.0, 0.0, 0.0, 0.0, 0.0, 0.0, 0.0, 0.0, 0.0, 0.0, 0.0, 0.0, 0.0, 0.0, 0.0, 0.0, 0.0, 0.0, 0.0, 0.0, 0.0, 0.0, 0.0, 0.0, 0.0, 0.0, 0.0, 0.0, 0.0, 0.0, 0.0, 0.0, 0.0, 0.0, 0.0, 0.0, 0.0, 0.0, 0.0, 0.0, 0.0, 0.0, 0.0, 0.0, 0.0, 0.0, 0.0, 0.0, 0.0, 0.0, 0.0, 0.0, 0.0, 0.0, 0.0, 0.0, 0.0, 0.0, 0.0, 0.0, 0.0, 0.0, 0.0, 0.0, 0.0, 0.0, 0.0, 0.0, 0.0, 0.0, 0.0, 0.0, 0.0, 0.0, 0.0, 0.0, 0.0, 0.0, 0.0, 0.0, 0.0, 0.0, 0.0, 0.0, 0.0, 0.0, 0.0, 0.0, 0.0, 0.0, 0.0, 0.0, 0.0, 0.0, 0.0, 0.0, 0.0, 0.0, 0.0, 0.0, 0.0, 0.0, 0.0, 0.0, 0.0, 0.0, 0.0, 0.0, 0.0, 0.0, 0.0, 0.0, 0.0, 0.0, 0.0, 0.0, 0.0, 0.0, 0.0, 0.0, 0.0, 0.0, 0.0, 0.0, 0.0, 0.0, 0.0, 0.0, 0.0, 0.0, 0.0, 0.0, 0.0, 0.0, 0.0, 0.0, 0.0, 0.0, 0.0, 0.0, 0.0, 0.0, 0.0, 0.0, 0.0, 0.0, 0.0, 0.0, 0.0, 0.0, 0.0, 0.0, 0.0, 0.0, 0.0, 0.0, 0.0, 0.0, 0.0, 0.0, 0.0, 0.0, 0.0, 0.0, 0.0, 0.0, 0.0, 0.0, 0.0, 0.0, 0.0, 0.0, 0.0, 0.0, 0.0, 0.0, 0.0, 0.0, 0.0, 0.0, 0.0, 0.0, 0.0, 0.0, 0.0, 0.0, 0.0, 0.0, 0.0, 0.0, 0.0, 0.0, 0.0, 0.0, 0.0, 0.0, 0.0, 0.0, 0.0, 0.0, 0.0, 0.0, 0.0, 0.0, 0.0, 0.0, 0.0, 0.0, 0.0, 0.0, 0.0, 0.0, 0.0, 0.0, 0.0, 0.0, 0.0, 0.0, 0.0, 0.0, 0.0, 0.0, 0.0, 0.0, 0.0, 0.0, 0.0, 0.0, 0.0, 0.0, 0.0, 0.0, 0.0, 0.0, 0.0, 0.0, 0.0, 0.0, 0.0, 0.0, 0.0, 0.0, 0.0, 0.0, 0.0, 0.0, 0.0, 0.0, 0.0, 0.0, 0.0, 0.0, 0.0, 0.0, 0.0, 0.0, 0.0, 0.0, 0.0, 0.0, 0.0, 0.0, 0.0, 0.0, 0.0, 0.0, 0.0, 0.0, 0.0, 0.0, 0.0, 0.0, 0.0, 0.0, 0.0, 0.0, 0.0, 0.0, 0.0, 0.0, 0.0, 0.0, 0.0, 0.0, 0.0, 0.0, 0.0, 0.0, 0.0, 0.0, 0.0, 0.0, 0.0, 0.0, 0.0, 0.0, 0.0]",COMPLETE
