,number,value,datetime_start,datetime_complete,duration,params_batch_size_scaler,params_constant_learning_rate,params_depth,params_epochs,params_kernel_l2,params_num_trees,params_temperature,user_attrs_accuracy_test,user_attrs_accuracy_valid,user_attrs_approximate_feature_sparsity,user_attrs_approximate_feature_sparsity_history,user_attrs_approximate_weight_sparsity,user_attrs_approximate_weight_sparsity_history,user_attrs_auc_test,user_attrs_auc_valid,user_attrs_feature_sparsity,user_attrs_feature_sparsity_history,user_attrs_num_epochs,user_attrs_val_loss_history,user_attrs_weight_sparsity,user_attrs_weight_sparsity_history,state
13,13,0.9170820934935786,2024-08-31 00:52:48.436718,2024-08-31 00:57:03.629724,0 days 00:04:15.193006,4,0.03236686472450496,5,450,0.01052120429025977,27,0.0001563218168428306,0.925,0.925,33,"[33, 33, 33, 33, 33, 33, 33, 33, 33, 33, 33, 33, 33, 33, 33, 33, 33, 33, 33, 33, 33, 33, 33, 33, 33, 33, 33, 33, 33, 33, 33, 33, 33, 33, 33, 33, 33, 33, 33, 33, 33, 33, 33, 33, 33, 33, 33, 33, 33, 33, 33, 33, 33, 33, 33, 33, 33, 33, 33, 33, 33, 33, 33, 33, 33, 33, 33, 33, 33, 33, 33, 33, 33, 33, 33, 33, 33, 33, 33, 33, 33, 33, 33, 33, 33, 33, 33, 33, 33, 33, 33, 33, 33, 33, 33, 33, 33, 33, 33, 33, 33, 33, 33, 33, 33, 33, 33, 33, 33, 33, 33, 33, 33, 33, 33, 33, 33, 33, 33, 33, 33, 33, 33, 33, 33, 33, 33, 33, 33, 33, 33, 33, 33, 33, 33, 33, 33, 33, 33, 33, 33, 33, 33, 33, 33, 33, 33, 33, 33, 33, 33, 33, 33, 33, 33, 33, 33, 33, 33, 33, 33, 33, 33, 33, 33, 33, 33, 33, 33, 33, 33, 33, 33, 33, 33, 33, 33, 33, 33, 33, 33, 33, 33, 33, 33, 33, 33, 33, 33, 33, 33, 33, 33, 33, 33, 33, 33, 33, 33, 33, 33, 33, 33, 33, 33, 33, 33, 33, 33, 33, 33, 33, 33, 33, 33, 33, 33, 33, 33, 33, 33, 33, 33, 33, 33, 33, 33, 33, 33, 33, 33, 33, 33, 33, 33, 33, 33, 33, 33, 33, 33, 33, 33, 33, 33, 33, 33, 33, 33, 33, 33, 33, 33, 33, 33, 33, 33, 33, 33, 33, 33, 33, 33, 33, 33, 33, 33, 33, 33, 33, 33, 33, 33, 33, 33, 33, 33, 33, 33, 33, 33, 33, 33, 33, 33, 33, 33, 33, 33, 33, 33, 33, 33, 33, 33, 33, 33, 33, 33, 33, 33, 33, 33, 33, 33, 33, 33, 33, 33, 33, 33, 33, 33, 33, 33, 33, 33, 33, 33, 33, 33, 33, 33, 33, 33, 33, 33, 33, 33, 33, 33, 33, 33, 33, 33, 33, 33, 33, 33, 33, 33, 33, 33, 33, 33, 33, 33, 33, 33, 33, 33, 33, 33, 33, 33, 33, 33, 33, 33, 33, 33, 33, 33, 33, 33, 33, 33, 33, 33, 33, 33, 33, 33, 33, 33, 33, 33, 33, 33, 33, 33, 33, 33, 33, 33, 33, 33, 33, 33, 33, 33, 33, 33, 33, 33, 33, 33, 33, 33, 33, 33, 33, 33, 33, 33, 33, 33, 33, 33, 33, 33, 33, 33, 33, 33, 33, 33, 33, 33, 33, 33, 33, 33, 33, 33, 33, 33, 33, 33, 33, 33, 33, 33, 33, 33, 33, 33, 33, 33, 33, 33, 33, 33, 33, 33, 33, 33, 33, 33, 33]",32.96415770609319,"[32.961768219832734, 32.9689366786141, 32.9689366786141, 32.973715651135, 32.96296296296296, 32.95937873357228, 32.952210274790914, 32.95698924731183, 32.96296296296296, 32.95340501792115, 32.94862604540024, 32.95937873357228, 32.95818399044205, 32.95340501792115, 32.94743130227001, 32.95818399044205, 32.961768219832734, 32.96415770609319, 32.971326164874554, 32.97013142174433, 32.96057347670251, 32.96774193548387, 32.96774193548387, 32.961768219832734, 32.961768219832734, 32.95937873357228, 32.966547192353644, 32.96535244922342, 32.952210274790914, 32.95937873357228, 32.97252090800478, 32.96774193548387, 32.9689366786141, 32.97491039426523, 32.972520908004775, 32.973715651135, 32.96535244922342, 32.966547192353644, 32.97013142174432, 32.97132616487455, 32.966547192353644, 32.961768219832734, 32.951015531660694, 32.94862604540024, 32.95937873357228, 32.96057347670251, 32.96296296296296, 32.96535244922342, 32.961768219832734, 32.95818399044206, 32.95459976105137, 32.95818399044205, 32.95340501792115, 32.96057347670251, 32.96415770609319, 32.96057347670251, 32.956989247311824, 32.95818399044205, 32.955794504181604, 32.95937873357228, 32.956989247311824, 32.96296296296296, 32.956989247311824, 32.96774193548387, 32.972520908004775, 32.96415770609319, 32.96057347670251, 32.96296296296296, 32.96057347670251, 32.96535244922342, 32.95937873357228, 32.95818399044205, 32.94862604540024, 32.95818399044205, 32.952210274790914, 32.95459976105137, 32.94862604540024, 32.94743130227001, 32.96057347670251, 32.95937873357228, 32.9557945041816, 32.94982078853047, 32.951015531660694, 32.94743130227001, 32.95340501792115, 32.95818399044205, 32.94982078853047, 32.95221027479092, 32.952210274790914, 32.952210274790914, 32.95459976105137, 32.95459976105138, 32.956989247311824, 32.95818399044205, 32.95459976105137, 32.95459976105137, 32.95340501792115, 32.94982078853047, 32.955794504181604, 32.946236559139784, 32.94504181600956, 32.951015531660694, 32.9557945041816, 32.95937873357228, 32.96296296296296, 32.94982078853046, 32.95818399044205, 32.95221027479092, 32.9557945041816, 32.956989247311824, 32.952210274790914, 32.951015531660694, 32.95459976105138, 32.94982078853047, 32.951015531660694, 32.961768219832734, 32.96296296296296, 32.95459976105137, 32.95340501792114, 32.951015531660694, 32.956989247311824, 32.952210274790914, 32.96296296296296, 32.95818399044205, 32.96057347670251, 32.96415770609319, 32.96415770609319, 32.9689366786141, 32.96535244922342, 32.96893667861409, 32.96296296296296, 32.95937873357228, 32.95340501792114, 32.96415770609319, 32.96057347670251, 32.95459976105138, 32.95459976105138, 32.96057347670251, 32.95340501792115, 32.955794504181604, 32.95459976105137, 32.9557945041816, 32.952210274790914, 32.95221027479092, 32.951015531660694, 32.951015531660694, 32.95340501792114, 32.95340501792114, 32.95340501792115, 32.96057347670251, 32.961768219832734, 32.94982078853047, 32.94862604540024, 32.94982078853047, 32.95221027479092, 32.95340501792115, 32.95937873357228, 32.961768219832734, 32.95818399044205, 32.95818399044205, 32.95459976105138, 32.95340501792115, 32.956989247311824, 32.94982078853047, 32.956989247311824, 32.95459976105137, 32.95101553166069, 32.95459976105137, 32.95818399044205, 32.96774193548387, 32.966547192353644, 32.96774193548387, 32.96415770609319, 32.966547192353644, 32.966547192353644, 32.966547192353644, 32.96535244922342, 32.96535244922342, 32.96774193548387, 32.966547192353644, 32.966547192353644, 32.96535244922342, 32.95818399044205, 32.961768219832734, 32.961768219832734, 32.95818399044205, 32.961768219832734, 32.96535244922342, 32.961768219832734, 32.95937873357228, 32.96296296296296, 32.96296296296296, 32.95937873357228, 32.961768219832734, 32.966547192353644, 32.95937873357228, 32.956989247311824, 32.95818399044205, 32.966547192353644, 32.967741935483865, 32.95937873357228, 32.96296296296296, 32.96415770609319, 32.95818399044205, 32.95818399044205, 32.96535244922342, 32.96415770609319, 32.961768219832734, 32.96774193548387, 32.95937873357228, 32.95818399044205, 32.95340501792115, 32.95937873357228, 32.95818399044205, 32.9557945041816, 32.96057347670251, 32.96415770609319, 32.96296296296296, 32.96057347670251, 32.95818399044206, 32.96296296296296, 32.961768219832734, 32.956989247311824, 32.95818399044205, 32.95818399044205, 32.95937873357228, 32.96296296296296, 32.96535244922342, 32.95937873357228, 32.956989247311824, 32.95340501792115, 32.94862604540024, 32.94862604540024, 32.95937873357228, 32.966547192353644, 32.96296296296296, 32.96535244922342, 32.966547192353644, 32.96535244922342, 32.9689366786141, 32.97252090800478, 32.96774193548387, 32.96774193548387, 32.971326164874554, 32.966547192353644, 32.96296296296296, 32.95937873357228, 32.96415770609319, 32.966547192353644, 32.9689366786141, 32.96535244922342, 32.96057347670251, 32.9557945041816, 32.95937873357228, 32.966547192353644, 32.961768219832734, 32.95937873357228, 32.95937873357228, 32.95818399044205, 32.966547192353644, 32.966547192353644, 32.96057347670251, 32.95937873357229, 32.96415770609319, 32.96415770609319, 32.95937873357228, 32.961768219832734, 32.94862604540024, 32.946236559139784, 32.951015531660694, 32.95221027479092, 32.951015531660694, 32.9557945041816, 32.95937873357228, 32.961768219832734, 32.956989247311824, 32.95340501792114, 32.956989247311824, 32.94862604540024, 32.94982078853047, 32.952210274790914, 32.95818399044205, 32.95818399044205, 32.961768219832734, 32.96296296296296, 32.95818399044205, 32.95937873357228, 32.961768219832734, 32.96296296296296, 32.95937873357228, 32.96057347670251, 32.95937873357228, 32.961768219832734, 32.95818399044205, 32.95937873357228, 32.95937873357228, 32.956989247311824, 32.95459976105137, 32.95340501792114, 32.956989247311824, 32.96057347670251, 32.956989247311824, 32.96296296296296, 32.96415770609319, 32.96535244922342, 32.96535244922342, 32.955794504181604, 32.95101553166069, 32.95818399044205, 32.96415770609319, 32.96774193548387, 32.96774193548387, 32.9689366786141, 32.96415770609319, 32.96057347670251, 32.9557945041816, 32.96057347670251, 32.96415770609319, 32.961768219832734, 32.95818399044205, 32.95459976105137, 32.96057347670251, 32.961768219832734, 32.96535244922342, 32.96415770609319, 32.9557945041816, 32.95937873357228, 32.961768219832734, 32.95937873357228, 32.956989247311824, 32.95818399044205, 32.95937873357228, 32.9557945041816, 32.9557945041816, 32.956989247311824, 32.96535244922342, 32.95818399044205, 32.961768219832734, 32.96415770609319, 32.966547192353644, 32.973715651135, 32.971326164874554, 32.9689366786141, 32.9689366786141, 32.9689366786141, 32.966547192353644, 32.9689366786141, 32.96774193548387, 32.9557945041816, 32.952210274790914, 32.9557945041816, 32.961768219832734, 32.96415770609319, 32.96535244922342, 32.971326164874554, 32.966547192353644, 32.96535244922342, 32.96535244922342, 32.96057347670251, 32.956989247311824, 32.95937873357228, 32.96535244922342, 32.96415770609319, 32.961768219832734, 32.966547192353644, 32.972520908004775, 32.976105137395464, 32.9689366786141, 32.97252090800478, 32.96415770609319, 32.961768219832734, 32.961768219832734, 32.96535244922342, 32.96296296296296, 32.96296296296296, 32.96057347670251, 32.961768219832734, 32.95937873357228, 32.96415770609319, 32.95937873357228, 32.961768219832734, 32.95937873357228, 32.95340501792115, 32.95459976105137, 32.956989247311824, 32.95101553166069, 32.95818399044205, 32.95937873357228, 32.96057347670251, 32.96415770609319, 32.961768219832734, 32.96774193548387, 32.96296296296296, 32.95937873357228, 32.9557945041816, 32.9557945041816, 32.96296296296296, 32.96057347670251, 32.96415770609319, 32.95818399044205, 32.961768219832734, 32.96415770609319, 32.96415770609319, 32.96774193548387, 32.96296296296296, 32.96535244922342, 32.96415770609319, 32.961768219832734, 32.96415770609319, 32.966547192353644, 32.9689366786141, 32.966547192353644, 32.966547192353644, 32.96774193548387, 32.97013142174433, 32.971326164874554, 32.97013142174433, 32.96535244922342, 32.97013142174433, 32.96774193548387, 32.966547192353644, 32.96535244922342, 32.96296296296296, 32.971326164874554, 32.9689366786141, 32.96535244922342, 32.9689366786141, 32.9689366786141, 32.971326164874554, 32.96774193548387, 32.966547192353644, 32.9689366786141, 32.96535244922342, 32.9689366786141, 32.96415770609319, 32.96057347670251, 32.95818399044205, 32.95937873357228, 32.95937873357228, 32.956989247311824, 32.95818399044205, 32.95937873357228, 32.95818399044205, 32.95459976105137, 32.9557945041816, 32.96296296296296, 32.96296296296296, 32.96535244922342, 32.966547192353644, 32.96415770609319]",0.9025338716468926,0.9170820934935786,33,"[33, 33, 33, 33, 33, 33, 33, 33, 33, 33, 33, 33, 33, 33, 33, 33, 33, 33, 33, 33, 33, 33, 33, 33, 33, 33, 33, 33, 33, 33, 33, 33, 33, 33, 33, 33, 33, 33, 33, 33, 33, 33, 33, 33, 33, 33, 33, 33, 33, 33, 33, 33, 33, 33, 33, 33, 33, 33, 33, 33, 33, 33, 33, 33, 33, 33, 33, 33, 33, 33, 33, 33, 33, 33, 33, 33, 33, 33, 33, 33, 33, 33, 33, 33, 33, 33, 33, 33, 33, 33, 33, 33, 33, 33, 33, 33, 33, 33, 33, 33, 33, 33, 33, 33, 33, 33, 33, 33, 33, 33, 33, 33, 33, 33, 33, 33, 33, 33, 33, 33, 33, 33, 33, 33, 33, 33, 33, 33, 33, 33, 33, 33, 33, 33, 33, 33, 33, 33, 33, 33, 33, 33, 33, 33, 33, 33, 33, 33, 33, 33, 33, 33, 33, 33, 33, 33, 33, 33, 33, 33, 33, 33, 33, 33, 33, 33, 33, 33, 33, 33, 33, 33, 33, 33, 33, 33, 33, 33, 33, 33, 33, 33, 33, 33, 33, 33, 33, 33, 33, 33, 33, 33, 33, 33, 33, 33, 33, 33, 33, 33, 33, 33, 33, 33, 33, 33, 33, 33, 33, 33, 33, 33, 33, 33, 33, 33, 33, 33, 33, 33, 33, 33, 33, 33, 33, 33, 33, 33, 33, 33, 33, 33, 33, 33, 33, 33, 33, 33, 33, 33, 33, 33, 33, 33, 33, 33, 33, 33, 33, 33, 33, 33, 33, 33, 33, 33, 33, 33, 33, 33, 33, 33, 33, 33, 33, 33, 33, 33, 33, 33, 33, 33, 33, 33, 33, 33, 33, 33, 33, 33, 33, 33, 33, 33, 33, 33, 33, 33, 33, 33, 33, 33, 33, 33, 33, 33, 33, 33, 33, 33, 33, 33, 33, 33, 33, 33, 33, 33, 33, 33, 33, 33, 33, 33, 33, 33, 33, 33, 33, 33, 33, 33, 33, 33, 33, 33, 33, 33, 33, 33, 33, 33, 33, 33, 33, 33, 33, 33, 33, 33, 33, 33, 33, 33, 33, 33, 33, 33, 33, 33, 33, 33, 33, 33, 33, 33, 33, 33, 33, 33, 33, 33, 33, 33, 33, 33, 33, 33, 33, 33, 33, 33, 33, 33, 33, 33, 33, 33, 33, 33, 33, 33, 33, 33, 33, 33, 33, 33, 33, 33, 33, 33, 33, 33, 33, 33, 33, 33, 33, 33, 33, 33, 33, 33, 33, 33, 33, 33, 33, 33, 33, 33, 33, 33, 33, 33, 33, 33, 33, 33, 33, 33, 33, 33, 33, 33, 33, 33, 33, 33, 33, 33, 33, 33, 33, 33, 33, 33, 33, 33, 33, 33, 33, 33, 33, 33, 33, 33, 33, 33]",450,"[0.4532676339149475, 0.4183584153652191, 0.4053528606891632, 0.39925822615623474, 0.39551055431365967, 0.3927344083786011, 0.39046886563301086, 0.3885078728199005, 0.3867279887199402, 0.3851470649242401, 0.3837021589279175, 0.3823665380477905, 0.38113367557525635, 0.3800092041492462, 0.3789372146129608, 0.3779391050338745, 0.3769920766353607, 0.37612202763557434, 0.37527456879615784, 0.37448015809059143, 0.3737247884273529, 0.3730255365371704, 0.37232521176338196, 0.37166863679885864, 0.3710210919380188, 0.37040597200393677, 0.3698086440563202, 0.3692209720611572, 0.36865168809890747, 0.3680916726589203, 0.3675650358200073, 0.36703380942344666, 0.366524338722229, 0.3660057485103607, 0.36549150943756104, 0.36498531699180603, 0.36450573801994324, 0.36402931809425354, 0.3635833263397217, 0.3631083369255066, 0.36263424158096313, 0.36213305592536926, 0.36165717244148254, 0.3611885905265808, 0.3607448637485504, 0.3602699041366577, 0.3598296344280243, 0.35934925079345703, 0.35887253284454346, 0.3584195673465729, 0.357975035905838, 0.3575013279914856, 0.3570692539215088, 0.35659343004226685, 0.35616248846054077, 0.3556901812553406, 0.3552393615245819, 0.35478731989860535, 0.35430189967155457, 0.3538551330566406, 0.3534032702445984, 0.3529410660266876, 0.35247230529785156, 0.352008581161499, 0.3515565097332001, 0.35107967257499695, 0.3506285846233368, 0.35016191005706787, 0.34967976808547974, 0.3492124080657959, 0.34872761368751526, 0.34824442863464355, 0.3477684259414673, 0.34729763865470886, 0.34681928157806396, 0.34634703397750854, 0.3458588123321533, 0.3453656733036041, 0.34487447142601013, 0.34439006447792053, 0.34387192130088806, 0.34336888790130615, 0.34288614988327026, 0.34241530299186707, 0.3419136703014374, 0.34138762950897217, 0.3408771753311157, 0.3403700292110443, 0.33985668420791626, 0.3393441438674927, 0.3388260304927826, 0.3383104205131531, 0.33778709173202515, 0.33726662397384644, 0.3367506265640259, 0.3362143039703369, 0.33566170930862427, 0.33515921235084534, 0.3346095681190491, 0.33404991030693054, 0.33351439237594604, 0.3329549729824066, 0.3324010372161865, 0.33183753490448, 0.3312588930130005, 0.3307093381881714, 0.33010968565940857, 0.32952946424484253, 0.32895901799201965, 0.3283904194831848, 0.3278184235095978, 0.3272458016872406, 0.3266306221485138, 0.326029896736145, 0.32544800639152527, 0.324857622385025, 0.3242385983467102, 0.3236294686794281, 0.32303404808044434, 0.3224044442176819, 0.321797251701355, 0.32119542360305786, 0.3205677270889282, 0.31990954279899597, 0.3192887008190155, 0.318657249212265, 0.3180563449859619, 0.31743255257606506, 0.31679463386535645, 0.31614330410957336, 0.31547579169273376, 0.3148195743560791, 0.3141842186450958, 0.31351402401924133, 0.31286895275115967, 0.3122056722640991, 0.3115531802177429, 0.3108918070793152, 0.3102228343486786, 0.30954602360725403, 0.3088979423046112, 0.3082345724105835, 0.30757299065589905, 0.3069385290145874, 0.30625250935554504, 0.3055912256240845, 0.30495598912239075, 0.30428019165992737, 0.3036040961742401, 0.3029392957687378, 0.3022691309452057, 0.3016110360622406, 0.30095475912094116, 0.3002966344356537, 0.2996414601802826, 0.2990019917488098, 0.2983430325984955, 0.2976909875869751, 0.2970382273197174, 0.29640451073646545, 0.29576489329338074, 0.295110821723938, 0.2944958806037903, 0.2938653826713562, 0.29322656989097595, 0.29260608553886414, 0.2919696867465973, 0.29134073853492737, 0.29072558879852295, 0.2901115417480469, 0.28949251770973206, 0.2888847291469574, 0.28828680515289307, 0.2876678705215454, 0.28707173466682434, 0.28647473454475403, 0.28589168190956116, 0.28531718254089355, 0.284745991230011, 0.2841922640800476, 0.2836514115333557, 0.28310614824295044, 0.2825242280960083, 0.28197744488716125, 0.28144264221191406, 0.28090232610702515, 0.2803698480129242, 0.27984312176704407, 0.27930760383605957, 0.2787815034389496, 0.2782663404941559, 0.27776020765304565, 0.2772785723209381, 0.2767789959907532, 0.2762890160083771, 0.27579766511917114, 0.27531927824020386, 0.27484890818595886, 0.27437224984169006, 0.2739061713218689, 0.2734452188014984, 0.27299025654792786, 0.27252334356307983, 0.2720629572868347, 0.2716207504272461, 0.27114737033843994, 0.2707201838493347, 0.2703021168708801, 0.26984864473342896, 0.26941579580307007, 0.26900896430015564, 0.2686249613761902, 0.26820915937423706, 0.2677835524082184, 0.2673948109149933, 0.2670023441314697, 0.2666119635105133, 0.26619136333465576, 0.265822172164917, 0.26541733741760254, 0.2650112211704254, 0.2646341919898987, 0.26425057649612427, 0.2638842463493347, 0.26351138949394226, 0.26314055919647217, 0.26277056336402893, 0.26240524649620056, 0.26205387711524963, 0.26170244812965393, 0.2613528370857239, 0.2610165476799011, 0.26068106293678284, 0.260333776473999, 0.25998881459236145, 0.2596418261528015, 0.2593022882938385, 0.2589835226535797, 0.2586311399936676, 0.2583160102367401, 0.2579786777496338, 0.25767314434051514, 0.257326602935791, 0.2570202350616455, 0.2567201852798462, 0.2563936710357666, 0.25607895851135254, 0.25575098395347595, 0.25544509291648865, 0.25514960289001465, 0.2548367977142334, 0.2545047998428345, 0.25421106815338135, 0.2538980543613434, 0.25358742475509644, 0.25327685475349426, 0.2529807388782501, 0.25268426537513733, 0.2523905038833618, 0.25210675597190857, 0.2518434226512909, 0.25154170393943787, 0.2512578070163727, 0.2509849965572357, 0.2507052719593048, 0.2504270374774933, 0.2501448392868042, 0.24987702071666718, 0.2495974898338318, 0.24933238327503204, 0.24902410805225372, 0.24876664578914642, 0.24848045408725739, 0.24821819365024567, 0.2479528784751892, 0.24763429164886475, 0.24738845229148865, 0.24710381031036377, 0.24682466685771942, 0.24654018878936768, 0.24628524482250214, 0.2460312396287918, 0.24579520523548126, 0.24554234743118286, 0.24526983499526978, 0.24497009813785553, 0.24472330510616302, 0.2444715052843094, 0.24420194327831268, 0.24393244087696075, 0.243709996342659, 0.24344946444034576, 0.24319763481616974, 0.24293535947799683, 0.24270038306713104, 0.24244274199008942, 0.24214290082454681, 0.24190734326839447, 0.24165086448192596, 0.24141055345535278, 0.24113741517066956, 0.24089518189430237, 0.2406575083732605, 0.24042445421218872, 0.24020271003246307, 0.23995426297187805, 0.23972730338573456, 0.23948001861572266, 0.23923784494400024, 0.23902833461761475, 0.23880501091480255, 0.23853909969329834, 0.23830574750900269, 0.23807114362716675, 0.23785129189491272, 0.23759347200393677, 0.23738573491573334, 0.2371482402086258, 0.23691728711128235, 0.2366853505373001, 0.2364722043275833, 0.23626495897769928, 0.23602984845638275, 0.2358209490776062, 0.2355416715145111, 0.2353128045797348, 0.235054150223732, 0.23486316204071045, 0.234656423330307, 0.23442022502422333, 0.23422771692276, 0.23403991758823395, 0.23378169536590576, 0.23355723917484283, 0.23333442211151123, 0.23314550518989563, 0.23293694853782654, 0.2326745092868805, 0.23246575891971588, 0.23226042091846466, 0.23204223811626434, 0.23182275891304016, 0.23161165416240692, 0.23142564296722412, 0.23121581971645355, 0.23097935318946838, 0.2307654172182083, 0.23054437339305878, 0.23031893372535706, 0.2301122099161148, 0.22993147373199463, 0.2297530323266983, 0.22954227030277252, 0.22926342487335205, 0.22905723750591278, 0.2288534939289093, 0.22862976789474487, 0.22845317423343658, 0.22829097509384155, 0.22807180881500244, 0.22790317237377167, 0.22769895195960999, 0.22745995223522186, 0.2272939831018448, 0.2270795702934265, 0.22689606249332428, 0.2266908586025238, 0.22650153934955597, 0.22633540630340576, 0.22613656520843506, 0.22594395279884338, 0.2256980538368225, 0.22550955414772034, 0.2253154218196869, 0.22514328360557556, 0.2249853014945984, 0.22481870651245117, 0.22458860278129578, 0.2243775576353073, 0.22424717247486115, 0.22407400608062744, 0.22390222549438477, 0.2237618863582611, 0.2235695719718933, 0.22338876128196716, 0.2231677770614624, 0.22300665080547333, 0.2227950245141983, 0.22258847951889038, 0.222434863448143, 0.22228655219078064, 0.2221512794494629, 0.22200150787830353, 0.22178976237773895, 0.2215730994939804, 0.22135059535503387, 0.2212233990430832, 0.22100389003753662, 0.2208021730184555, 0.2206791490316391, 0.22052589058876038, 0.22039183974266052, 0.2202177196741104, 0.21999229490756989, 0.21983033418655396, 0.2196674346923828, 0.21952863037586212, 0.2193531095981598, 0.21914415061473846, 0.21897736191749573, 0.21885515749454498, 0.21872590482234955, 0.2185174524784088, 0.21831625699996948, 0.21819144487380981, 0.21803350746631622, 0.21790334582328796, 0.21781180799007416, 0.21764618158340454, 0.21744303405284882, 0.21727609634399414, 0.21710187196731567, 0.21697983145713806, 0.21682174503803253, 0.21667280793190002, 0.21654878556728363, 0.21639291942119598, 0.21628598868846893, 0.21610502898693085, 0.2159171849489212, 0.21572807431221008, 0.21563293039798737, 0.2