,number,value,datetime_start,datetime_complete,duration,params_batch_size_scaler,params_constant_learning_rate,params_depth,params_epochs,params_kernel_l2,params_num_trees,params_temperature,user_attrs_accuracy_test,user_attrs_accuracy_valid,user_attrs_approximate_feature_sparsity,user_attrs_approximate_feature_sparsity_history,user_attrs_approximate_weight_sparsity,user_attrs_approximate_weight_sparsity_history,user_attrs_auc_test,user_attrs_auc_valid,user_attrs_feature_sparsity,user_attrs_feature_sparsity_history,user_attrs_num_epochs,user_attrs_val_loss_history,user_attrs_weight_sparsity,user_attrs_weight_sparsity_history,state
73,73,0.7151395705323905,2024-08-31 03:37:31.745050,2024-08-31 03:38:03.893068,0 days 00:00:32.148018,64,8.606366366019497,2,360,0.004070442487389692,59,0.008396668071942922,0.859,0.85875,13,"[26, 9, 12, 13, 13, 13, 13, 12, 12, 12, 12, 13, 13, 13, 13, 13, 13, 13, 13, 13, 13, 13, 13, 13, 13, 13, 13, 13, 13, 13, 13, 13, 13, 13, 13, 13, 13, 13, 13, 13, 13, 13, 13, 13, 13, 13, 13, 13, 13, 13, 13, 13, 13, 13, 13, 13, 13, 13, 13, 13, 13, 13, 13, 13, 13, 13, 13, 13, 13, 13, 13, 13, 13, 13, 13, 13, 13, 13, 13, 13, 13, 13, 13, 13, 13, 13, 13, 13, 13, 13, 13, 13, 13, 13, 13, 13, 13, 13, 13, 13, 13, 13, 13, 13, 13, 13, 13, 13, 13, 13, 13, 13, 13, 13, 13, 13, 13, 13, 13, 13, 13, 13, 13, 13, 13, 13, 13, 13, 13, 13, 13, 13, 13, 13, 13, 13, 13, 13, 13, 13, 13, 13, 13, 13, 13, 13, 13, 13, 13, 13, 13, 13, 13, 13, 13, 13, 13, 13, 13, 13, 13, 13, 13, 13, 13, 13, 13, 13, 13, 13, 13, 13, 13, 13, 13, 13, 13, 13, 13, 13, 13, 13, 13, 13, 13, 13, 13, 13, 13, 13, 13, 13, 13, 13, 13, 13, 13, 13, 13, 13, 13, 13, 13, 13, 13, 13, 13, 13, 13, 13, 13, 13, 13, 13, 13, 13, 13, 13, 13, 13, 13, 13, 13, 13, 13, 13, 13, 13, 13, 13, 13, 13, 13, 13, 13, 13, 13, 13, 13, 13, 13, 13, 13, 13, 13, 13, 13, 13, 13, 13, 13, 13, 13, 13, 13, 13, 13, 13, 13, 13, 13, 13, 13, 13, 13, 13, 13, 13, 13, 13, 13, 13, 13, 13, 13, 13, 13, 13, 13, 13, 13, 13, 13, 13, 13, 13, 13, 13, 13, 13, 13, 13, 13, 13, 13, 13, 13, 13, 13, 13, 13, 13, 13, 13, 13, 13, 13, 13, 13, 13, 13, 13, 13, 13, 13, 13, 13, 13, 13, 13, 13, 13, 13, 13, 13, 13, 13, 13, 13, 13, 13, 13, 13, 13, 13, 13, 13, 13, 13, 13, 13, 13, 13, 13, 13, 13, 13, 13, 13, 13, 13, 13, 13, 13, 13, 13, 13, 13, 13, 13]",13.0,"[25.983050847457626, 9.0, 12.0, 12.994350282485875, 13.0, 13.0, 12.994350282485875, 12.0, 12.0, 12.0, 12.0, 12.90960451977401, 12.915254237288135, 12.937853107344633, 12.98870056497175, 12.96045197740113, 12.983050847457626, 12.983050847457626, 12.994350282485875, 12.994350282485875, 12.994350282485875, 12.994350282485875, 12.98870056497175, 12.994350282485875, 12.994350282485875, 12.994350282485875, 12.98870056497175, 12.98870056497175, 12.994350282485875, 12.994350282485875, 12.994350282485875, 12.994350282485875, 12.994350282485875, 12.994350282485875, 12.994350282485875, 13.0, 13.0, 13.0, 12.994350282485875, 12.994350282485875, 13.0, 12.994350282485875, 13.0, 13.0, 13.0, 13.0, 13.0, 13.0, 12.98870056497175, 12.98870056497175, 12.994350282485875, 12.994350282485875, 12.994350282485875, 12.994350282485875, 12.98870056497175, 12.994350282485875, 12.994350282485875, 12.994350282485875, 12.98870056497175, 12.994350282485875, 12.994350282485875, 12.98870056497175, 12.994350282485875, 13.0, 12.994350282485875, 13.0, 13.0, 12.994350282485875, 13.0, 13.0, 13.0, 13.0, 13.0, 13.0, 13.0, 13.0, 13.0, 13.0, 13.0, 13.0, 12.994350282485875, 12.994350282485875, 13.0, 13.0, 12.994350282485875, 13.0, 13.0, 13.0, 13.0, 13.0, 12.994350282485875, 12.994350282485875, 12.994350282485875, 12.994350282485875, 13.0, 12.994350282485875, 13.0, 12.994350282485875, 13.0, 13.0, 13.0, 13.0, 13.0, 13.0, 13.0, 13.0, 13.0, 13.0, 13.0, 13.0, 13.0, 13.0, 13.0, 13.0, 13.0, 13.0, 12.994350282485875, 13.0, 12.994350282485875, 13.0, 13.0, 13.0, 13.0, 13.0, 13.0, 13.0, 13.0, 13.0, 13.0, 13.0, 13.0, 13.0, 12.994350282485875, 13.0, 13.0, 13.0, 13.0, 13.0, 13.0, 13.0, 13.0, 13.0, 13.0, 13.0, 13.0, 12.994350282485875, 13.0, 12.994350282485875, 12.994350282485875, 13.0, 12.994350282485875, 13.0, 13.0, 13.0, 13.0, 13.0, 13.0, 13.0, 12.994350282485875, 13.0, 13.0, 13.0, 12.994350282485875, 13.0, 13.0, 13.0, 13.0, 13.0, 13.0, 13.0, 13.0, 13.0, 13.0, 13.0, 13.0, 12.994350282485875, 13.0, 12.994350282485875, 13.0, 12.983050847457626, 12.994350282485875, 13.0, 13.0, 13.0, 13.0, 13.0, 12.994350282485875, 12.994350282485875, 13.0, 13.0, 13.0, 13.0, 13.0, 13.0, 13.0, 13.0, 13.0, 13.0, 13.0, 13.0, 13.0, 13.0, 13.0, 12.994350282485875, 13.0, 12.994350282485875, 13.0, 13.0, 13.0, 13.0, 13.0, 13.0, 13.0, 13.0, 13.0, 13.0, 13.0, 13.0, 13.0, 13.0, 13.0, 13.0, 13.0, 12.994350282485875, 13.0, 13.0, 13.0, 13.0, 13.0, 13.0, 13.0, 13.0, 13.0, 13.0, 13.0, 12.994350282485875, 13.0, 12.994350282485875, 13.0, 12.994350282485875, 13.0, 13.0, 13.0, 13.0, 13.0, 13.0, 13.0, 13.0, 13.0, 13.0, 13.0, 13.0, 13.0, 13.0, 12.994350282485875, 12.994350282485875, 13.0, 13.0, 13.0, 12.994350282485875, 13.0, 13.0, 13.0, 13.0, 13.0, 13.0, 12.994350282485875, 13.0, 13.0, 13.0, 13.0, 13.0, 13.0, 13.0, 13.0, 13.0, 12.994350282485875, 13.0, 13.0, 13.0, 13.0, 13.0, 13.0, 13.0, 13.0, 13.0, 13.0, 13.0, 13.0, 13.0, 13.0, 13.0, 13.0, 13.0, 12.994350282485875, 12.994350282485875, 13.0, 13.0, 13.0, 13.0, 13.0, 13.0, 13.0, 13.0, 12.994350282485875, 13.0, 13.0, 13.0, 13.0, 13.0, 13.0, 12.994350282485875, 13.0, 13.0, 13.0, 12.994350282485875, 13.0, 13.0, 13.0, 13.0, 13.0, 13.0, 13.0, 13.0, 13.0, 13.0, 13.0, 13.0, 13.0, 13.0, 13.0, 12.994350282485875, 12.994350282485875, 13.0, 12.994350282485875, 13.0, 12.994350282485875, 13.0, 13.0, 12.994350282485875, 13.0, 13.0, 12.994350282485875, 13.0, 13.0, 12.994350282485875, 13.0, 13.0, 12.994350282485875, 13.0, 13.0, 13.0, 13.0, 12.994350282485875, 13.0, 13.0, 13.0, 13.0, 13.0, 13.0]",0.7684384778606164,0.7151395705323905,13,"[26, 9, 12, 13, 13, 13, 13, 12, 12, 12, 12, 13, 13, 13, 13, 13, 13, 13, 13, 13, 13, 13, 13, 13, 13, 13, 13, 13, 13, 13, 13, 13, 13, 13, 13, 13, 13, 13, 13, 13, 13, 13, 13, 13, 13, 13, 13, 13, 13, 13, 13, 13, 13, 13, 13, 13, 13, 13, 13, 13, 13, 13, 13, 13, 13, 13, 13, 13, 13, 13, 13, 13, 13, 13, 13, 13, 13, 13, 13, 13, 13, 13, 13, 13, 13, 13, 13, 13, 13, 13, 13, 13, 13, 13, 13, 13, 13, 13, 13, 13, 13, 13, 13, 13, 13, 13, 13, 13, 13, 13, 13, 13, 13, 13, 13, 13, 13, 13, 13, 13, 13, 13, 13, 13, 13, 13, 13, 13, 13, 13, 13, 13, 13, 13, 13, 13, 13, 13, 13, 13, 13, 13, 13, 13, 13, 13, 13, 13, 13, 13, 13, 13, 13, 13, 13, 13, 13, 13, 13, 13, 13, 13, 13, 13, 13, 13, 13, 13, 13, 13, 13, 13, 13, 13, 13, 13, 13, 13, 13, 13, 13, 13, 13, 13, 13, 13, 13, 13, 13, 13, 13, 13, 13, 13, 13, 13, 13, 13, 13, 13, 13, 13, 13, 13, 13, 13, 13, 13, 13, 13, 13, 13, 13, 13, 13, 13, 13, 13, 13, 13, 13, 13, 13, 13, 13, 13, 13, 13, 13, 13, 13, 13, 13, 13, 13, 13, 13, 13, 13, 13, 13, 13, 13, 13, 13, 13, 13, 13, 13, 13, 13, 13, 13, 13, 13, 13, 13, 13, 13, 13, 13, 13, 13, 13, 13, 13, 13, 13, 13, 13, 13, 13, 13, 13, 13, 13, 13, 13, 13, 13, 13, 13, 13, 13, 13, 13, 13, 13, 13, 13, 13, 13, 13, 13, 13, 13, 13, 13, 13, 13, 13, 13, 13, 13, 13, 13, 13, 13, 13, 13, 13, 13, 13, 13, 13, 13, 13, 13, 13, 13, 13, 13, 13, 13, 13, 13, 13, 13, 13, 13, 13, 13, 13, 13, 13, 13, 13, 13, 13, 13, 13, 13, 13, 13, 13, 13, 13, 13, 13, 13, 13, 13, 13, 13, 13, 13, 13, 13, 13, 13]",360,"[23.94503402709961, 42.40971374511719, 92.31423950195312, 72.27689361572266, 69.68424987792969, 2.006568431854248, 91.81967163085938, 18.65713119506836, 0.876654863357544, 55.551082611083984, 38.295799255371094, 91.05266571044922, 18.935422897338867, 94.73371887207031, 24.948257446289062, 79.38843536376953, 8.397012710571289, 83.80748748779297, 12.970972061157227, 35.8258056640625, 38.52935028076172, 42.87130355834961, 13.044756889343262, 11.348990440368652, 12.068031311035156, 26.731224060058594, 10.602216720581055, 17.069316864013672, 41.67123031616211, 4.931817531585693, 25.843202590942383, 67.46646881103516, 16.61603355407715, 3.24507212638855, 3.805866003036499, 57.9449577331543, 8.918281555175781, 62.3809928894043, 14.598217010498047, 16.03348159790039, 49.099178314208984, 10.084589958190918, 4.702228546142578, 9.160579681396484, 36.3970947265625, 9.74930191040039, 7.019363880157471, 69.25190734863281, 9.4439115524292, 11.593830108642578, 6.0931830406188965, 39.160560607910156, 10.977822303771973, 6.544766426086426, 47.414031982421875, 8.098916053771973, 18.41782569885254, 18.080007553100586, 10.194581985473633, 23.753820419311523, 8.620559692382812, 14.378952980041504, 9.844100952148438, 9.721747398376465, 20.795433044433594, 4.4988250732421875, 68.29458618164062, 7.294032096862793, 43.6407585144043, 6.594903945922852, 8.291498184204102, 9.887531280517578, 8.606462478637695, 13.432446479797363, 34.28163528442383, 27.92877960205078, 6.058849334716797, 38.870079040527344, 7.09471321105957, 17.841266632080078, 6.321798324584961, 5.525306224822998, 19.92291831970215, 7.9402174949646, 14.734138488769531, 3.0719656944274902, 49.76749038696289, 8.725759506225586, 5.0312981605529785, 32.725914001464844, 7.403885364532471, 13.517512321472168, 3.8688950538635254, 9.516533851623535, 29.548799514770508, 6.6119232177734375, 6.035665512084961, 51.41621017456055, 8.973419189453125, 12.912995338439941, 7.428704261779785, 6.65500020980835, 3.0706892013549805, 5.815474033355713, 4.237727642059326, 6.771107196807861, 8.57075309753418, 28.974061965942383, 22.749177932739258, 9.54891300201416, 4.25114631652832, 8.786643028259277, 4.856130599975586, 4.549310207366943, 8.599882125854492, 36.9205207824707, 20.107254028320312, 10.41272258758545, 5.728266716003418, 7.185834884643555, 17.785606384277344, 28.898344039916992, 20.11644744873047, 4.162537097930908, 9.990065574645996, 4.6398024559021, 17.02408790588379, 23.674169540405273, 19.038780212402344, 17.958927154541016, 7.838950157165527, 15.5577974319458, 7.808849334716797, 12.115281105041504, 6.625310897827148, 7.349748134613037, 13.128373146057129, 21.657773971557617, 17.795331954956055, 17.797433853149414, 13.819737434387207, 7.546453475952148, 8.619163513183594, 10.501823425292969, 4.80320930480957, 5.303802490234375, 20.714570999145508, 13.490213394165039, 6.724501132965088, 4.876430034637451, 3.3918116092681885, 3.184960126876831, 7.623847484588623, 5.46380615234375, 7.196593761444092, 7.281716823577881, 16.02029037475586, 4.963385105133057, 5.900845527648926, 4.51600980758667, 11.637262344360352, 27.349288940429688, 7.1046013832092285, 27.85649871826172, 4.041014671325684, 25.643726348876953, 4.295062065124512, 5.177508354187012, 27.191930770874023, 17.796680450439453, 3.921095371246338, 4.209103584289551, 18.74740219116211, 3.7054202556610107, 4.4744486808776855, 4.46704626083374, 5.262667179107666, 3.549372673034668, 26.498437881469727, 6.114792346954346, 16.008644104003906, 6.204305648803711, 6.682793140411377, 15.824912071228027, 9.43399429321289, 4.4012980461120605, 3.0133543014526367, 18.104969024658203, 13.608501434326172, 5.964000225067139, 6.917421340942383, 14.104883193969727, 9.180272102355957, 7.279848098754883, 8.005609512329102, 4.268213748931885, 5.717984676361084, 8.664584159851074, 15.173406600952148, 27.121183395385742, 11.486230850219727, 5.627597808837891, 10.146697044372559, 6.237118721008301, 4.90601921081543, 4.1523518562316895, 7.002732753753662, 8.165142059326172, 38.85875701904297, 5.778162002563477, 7.697646617889404, 7.874882698059082, 5.381295204162598, 9.670061111450195, 7.386466026306152, 4.928981781005859, 8.28815746307373, 7.107554912567139, 15.779167175292969, 4.391481876373291, 4.576013088226318, 9.05579948425293, 7.3009233474731445, 24.697887420654297, 8.210688591003418, 8.545618057250977, 35.71905517578125, 7.21505880355835, 3.912126064300537, 5.461188793182373, 8.47606372833252, 10.693750381469727, 4.752411365509033, 9.483633041381836, 6.882247447967529, 24.496007919311523, 7.5543928146362305, 33.207298278808594, 6.433401107788086, 5.134354114532471, 20.272071838378906, 20.355518341064453, 4.723433971405029, 4.615810394287109, 6.853072643280029, 19.74915313720703, 3.685689926147461, 4.9259233474731445, 10.450798034667969, 7.479127407073975, 4.035701274871826, 5.180511474609375, 7.4179582595825195, 8.739222526550293, 4.274988174438477, 18.18699836730957, 3.833158016204834, 14.098608016967773, 11.874293327331543, 10.476287841796875, 4.596358299255371, 4.787587642669678, 4.49696683883667, 4.816226005554199, 4.091117858886719, 20.66372299194336, 6.703760147094727, 7.51736307144165, 8.385074615478516, 4.359002590179443, 12.117809295654297, 5.2107038497924805, 5.131243705749512, 3.2251927852630615, 35.36227035522461, 5.104107856750488, 5.370422840118408, 17.987323760986328, 17.213626861572266, 10.18903636932373, 4.531242370605469, 11.874439239501953, 8.702676773071289, 5.275404453277588, 7.917426109313965, 12.28691291809082, 3.8735125064849854, 5.934600830078125, 11.832416534423828, 4.233538627624512, 7.250059604644775, 4.54362154006958, 37.5395622253418, 5.120498180389404, 3.6951792240142822, 3.751779556274414, 9.480956077575684, 4.055302143096924, 14.460522651672363, 9.098390579223633, 9.414632797241211, 12.077844619750977, 3.960355281829834, 4.198970794677734, 5.386378288269043, 3.8492860794067383, 4.145135402679443, 11.934311866760254, 3.3073911666870117, 32.762184143066406, 4.688021183013916, 11.869253158569336, 15.070331573486328, 8.901366233825684, 3.623420476913452, 10.7820463180542, 9.049211502075195, 11.83746337890625, 4.717182636260986, 4.134732246398926, 14.215372085571289, 23.413423538208008, 4.39277982711792, 15.923078536987305, 11.853328704833984, 4.297112464904785, 13.313131332397461, 8.670024871826172, 4.055136680603027, 6.0826239585876465, 13.720039367675781, 5.4394426345825195, 9.801716804504395, 8.266687393188477, 7.407231330871582, 7.165517807006836, 5.370880126953125, 14.455114364624023, 21.019943237304688, 14.289902687072754, 4.9281005859375, 13.07189655303955, 6.479010581970215, 3.601276159286499, 4.969061851501465, 6.755908966064453, 11.019281387329102, 16.735994338989258, 4.786128997802734, 5.1199727058410645, 7.719853401184082, 3.8856208324432373, 7.0061869621276855, 26.37395668029785, 3.6195497512817383, 13.082172393798828, 6.482835292816162, 17.009824752807617, 4.361868381500244, 11.287291526794434]",13.0,"[26.0, 9.0, 12.0, 13.0, 13.0, 13.0, 13.0, 12.0, 12.0, 12.0, 12.0, 13.0, 13.0, 13.0, 13.0, 13.0, 13.0, 13.0, 13.0, 13.0, 13.0, 13.0, 13.0, 13.0, 13.0, 13.0, 13.0, 13.0, 13.0, 13.0, 13.0, 13.0, 13.0, 13.0, 13.0, 13.0, 13.0, 13.0, 13.0, 13.0, 13.0, 13.0, 13.0, 13.0, 13.0, 13.0, 13.0, 13.0, 13.0, 13.0, 13.0, 13.0, 13.0, 13.0, 13.0, 13.0, 13.0, 13.0, 13.0, 13.0, 13.0, 13.0, 13.0, 13.0, 13.0, 13.0, 13.0, 13.0, 13.0, 13.0, 13.0, 13.0, 13.0, 13.0, 13.0, 13.0, 13.0, 13.0, 13.0, 13.0, 13.0, 13.0, 13.0, 13.0, 13.0, 13.0, 13.0, 13.0, 13.0, 13.0, 13.0, 13.0, 13.0, 13.0, 13.0, 13.0, 13.0, 13.0, 13.0, 13.0, 13.0, 13.0, 13.0, 13.0, 13.0, 13.0, 13.0, 13.0, 13.0, 13.0, 13.0, 13.0, 13.0, 13.0, 13.0, 13.0, 13.0, 13.0, 13.0, 13.0, 13.0, 13.0, 13.0, 13.0, 13.0, 13.0, 13.0, 13.0, 13.0, 13.0, 13.0, 13.0, 13.0, 13.0, 13.0, 13.0, 13.0, 13.0, 13.0, 13.0, 13.0, 13.0, 13.0, 13.0, 13.0, 13.0, 13.0, 13.0, 13.0, 13.0, 13.0, 13.0, 13.0, 13.0, 13.0, 13.0, 13.0, 13.0, 13.0, 13.0, 13.0, 13.0, 13.0, 13.0, 13.0, 13.0, 13.0, 13.0, 13.0, 13.0, 13.0, 13.0, 13.0, 13.0, 13.0, 13.0, 13.0, 13.0, 13.0, 13.0, 13.0, 13.0, 13.0, 13.0, 13.0, 13.0, 13.0, 13.0, 13.0, 13.0, 13.0, 13.0, 13.0, 13.0, 13.0, 13.0, 13.0, 13.0, 13.0, 13.0, 13.0, 13.0, 13.0, 13.0, 13.0, 13.0, 13.0, 13.0, 13.0, 13.0, 13.0, 13.0, 13.0, 13.0, 13.0, 13.0, 13.0, 13.0, 13.0, 13.0, 13.0, 13.0, 13.0, 13.0, 13.0, 13.0, 13.0, 13.0, 13.0, 13.0, 13.0, 13.0, 13.0, 13.0, 13.0, 13.0, 13.0, 13.0, 13.0, 13.0, 13.0, 13.0, 13.0, 13.0, 13.0, 13.0, 13.0, 13.0, 13.0, 13.0, 13.0, 13.0, 13.0, 13.0, 13.0, 13.0, 13.0, 13.0, 13.0, 13.0, 13.0, 13.0, 13.0, 13.0, 13.0, 13.0, 13.0, 13.0, 13.0, 13.0, 13.0, 13.0, 13.0, 13.0, 13.0, 13.0, 13.0, 13.0, 13.0, 13.0, 13.0, 13.0, 13.0, 13.0, 13.0, 13.0, 13.0, 13.0, 13.0, 13.0, 13.0, 13.0, 13.0, 13.0, 13.0, 13.0, 13.0, 13.0, 13.0, 13.0, 13.0, 13.0, 13.0, 13.0, 13.0, 13.0, 13.0, 13.0, 13.0, 13.0, 13.0, 13.0, 13.0, 13.0, 13.0, 13.0, 13.0, 13.0, 13.0, 13.0, 13.0, 13.0, 13.0, 13.0, 13.0, 13.0, 13.0, 13.0, 13.0, 13.0, 13.0, 13.0, 13.0, 13.0, 13.0, 13.0, 13.0, 13.0, 13.0, 13.0, 13.0, 13.0, 13.0, 13.0, 13.0, 13.0, 13.0, 13.0, 13.0, 13.0, 13.0, 13.0, 13.0, 13.0, 13.0, 13.0, 13.0, 13.0, 13.0, 13.0]",COMPLETE
