,number,value,datetime_start,datetime_complete,duration,params_batch_size_scaler,params_constant_learning_rate,params_depth,params_epochs,params_kernel_l2,params_num_trees,params_temperature,user_attrs_accuracy_test,user_attrs_accuracy_valid,user_attrs_approximate_feature_sparsity,user_attrs_approximate_feature_sparsity_history,user_attrs_approximate_weight_sparsity,user_attrs_approximate_weight_sparsity_history,user_attrs_auc_test,user_attrs_auc_valid,user_attrs_feature_sparsity,user_attrs_feature_sparsity_history,user_attrs_num_epochs,user_attrs_val_loss_history,user_attrs_weight_sparsity,user_attrs_weight_sparsity_history,state
146,146,0.6872254640543082,2024-08-31 06:53:08.173688,2024-08-31 06:55:51.400013,0 days 00:02:43.226325,16,0.015638290059981255,5,145,0.004445044961588599,71,0.049785375654469666,0.86,0.85875,33,"[33, 33, 33, 33, 33, 33, 33, 33, 33, 33, 33, 33, 33, 33, 33, 33, 33, 33, 33, 33, 33, 33, 33, 33, 33, 33, 33, 33, 33, 33, 33, 33, 33, 33, 33, 33, 33, 33, 33, 33, 33, 33, 33, 33, 33, 33, 33, 33, 33, 33, 33, 33, 33, 33, 33, 33, 33, 33, 33, 33, 33, 33, 33, 33, 33, 33, 33, 33, 33, 33, 33, 33, 33, 33, 33, 33, 33, 33, 33, 33, 33, 33, 33, 33, 33, 33, 33, 33, 33, 33, 33, 33, 33, 33, 33, 33, 33, 33, 33, 33, 33, 33, 33, 33, 33, 33, 33, 33, 33, 33, 33, 33, 33, 33, 33, 33, 33, 33, 33, 33, 33, 33, 33, 33, 33, 33, 33, 33, 33, 33, 33, 33, 33, 33, 33, 33, 33, 33, 33, 33, 33, 33, 33, 33, 33]",32.93094048159927,"[32.926851431167655, 32.92821444797819, 32.93094048159927, 32.93139482053612, 32.932303498409816, 32.93094048159927, 32.930486142662424, 32.93094048159927, 32.929577464788736, 32.92866878691504, 32.925488414357105, 32.92548841435711, 32.92321671967287, 32.921853702862336, 32.922308041799184, 32.921853702862336, 32.921853702862336, 32.91867333030441, 32.921853702862336, 32.922762380736025, 32.92367105860972, 32.920036347114944, 32.917310313493864, 32.92139936392549, 32.92412539754657, 32.92276238073603, 32.924579736483416, 32.92685143116765, 32.924579736483416, 32.926851431167655, 32.9273057701045, 32.92957746478873, 32.92912312585189, 32.932303498409816, 32.93184915947297, 32.929577464788736, 32.93139482053612, 32.93184915947297, 32.93048614266243, 32.93048614266243, 32.927760109041344, 32.93003180372558, 32.931849159472975, 32.934575193094055, 32.933212176283504, 32.93457519309405, 32.9341208541572, 32.932757837346664, 32.932303498409816, 32.932757837346664, 32.93139482053612, 32.935029532030896, 32.935029532030896, 32.93684688777828, 32.935029532030896, 32.932303498409816, 32.93366651522035, 32.93457519309405, 32.93730122671513, 32.932757837346664, 32.9341208541572, 32.9341208541572, 32.93593820990459, 32.935029532030896, 32.93684688777828, 32.935029532030896, 32.932303498409816, 32.93412085415721, 32.9341208541572, 32.932303498409816, 32.935029532030896, 32.933212176283504, 32.93639254884144, 32.93457519309405, 32.935029532030896, 32.93639254884144, 32.938664243525665, 32.93730122671513, 32.93866424352567, 32.93866424352567, 32.93684688777829, 32.93730122671513, 32.937755565651976, 32.938209904588824, 32.93639254884143, 32.93366651522035, 32.935029532030896, 32.93730122671513, 32.938209904588824, 32.93593820990459, 32.93957292139936, 32.937755565651976, 32.93730122671513, 32.93730122671513, 32.93593820990459, 32.93639254884143, 32.9341208541572, 32.932303498409816, 32.93366651522036, 32.93139482053612, 32.930486142662424, 32.929577464788736, 32.92957746478873, 32.930486142662424, 32.93094048159927, 32.93366651522035, 32.92912312585189, 32.930486142662424, 32.93139482053612, 32.933212176283504, 32.93139482053612, 32.93184915947297, 32.93275783734666, 32.92957746478873, 32.928214447978185, 32.92912312585188, 32.932303498409816, 32.92866878691504, 32.93184915947297, 32.932757837346664, 32.933212176283504, 32.930486142662424, 32.930031803725576, 32.93184915947297, 32.93139482053612, 32.93321217628351, 32.93184915947297, 32.93184915947297, 32.93094048159927, 32.93048614266243, 32.93275783734666, 32.93230349840981, 32.9341208541572, 32.933212176283504, 32.93184915947297, 32.93139482053612, 32.933212176283504, 32.93548387096774, 32.937755565651976, 32.9341208541572, 32.935029532030896, 32.933212176283504, 32.932303498409816, 32.932303498409816, 32.93094048159927]",0.7241390698404049,0.6872254640543082,33,"[33, 33, 33, 33, 33, 33, 33, 33, 33, 33, 33, 33, 33, 33, 33, 33, 33, 33, 33, 33, 33, 33, 33, 33, 33, 33, 33, 33, 33, 33, 33, 33, 33, 33, 33, 33, 33, 33, 33, 33, 33, 33, 33, 33, 33, 33, 33, 33, 33, 33, 33, 33, 33, 33, 33, 33, 33, 33, 33, 33, 33, 33, 33, 33, 33, 33, 33, 33, 33, 33, 33, 33, 33, 33, 33, 33, 33, 33, 33, 33, 33, 33, 33, 33, 33, 33, 33, 33, 33, 33, 33, 33, 33, 33, 33, 33, 33, 33, 33, 33, 33, 33, 33, 33, 33, 33, 33, 33, 33, 33, 33, 33, 33, 33, 33, 33, 33, 33, 33, 33, 33, 33, 33, 33, 33, 33, 33, 33, 33, 33, 33, 33, 33, 33, 33, 33, 33, 33, 33, 33, 33, 33, 33, 33, 33]",145,"[0.6316308975219727, 0.5536953210830688, 0.5047391653060913, 0.47357067465782166, 0.45277613401412964, 0.43893271684646606, 0.4291996359825134, 0.42227286100387573, 0.4172060787677765, 0.4133926033973694, 0.4104582667350769, 0.40822696685791016, 0.4064176082611084, 0.4050605297088623, 0.4038775563240051, 0.4029497802257538, 0.40212032198905945, 0.40137770771980286, 0.4007191061973572, 0.40012723207473755, 0.39956122636795044, 0.3990529179573059, 0.39857423305511475, 0.3981669545173645, 0.3977469503879547, 0.39735281467437744, 0.39695510268211365, 0.39657801389694214, 0.39622509479522705, 0.39586666226387024, 0.3954995274543762, 0.39515766501426697, 0.3948118984699249, 0.39448192715644836, 0.39414703845977783, 0.39382779598236084, 0.3935198187828064, 0.39321520924568176, 0.39290037751197815, 0.3926020860671997, 0.3923007845878601, 0.39200782775878906, 0.391722708940506, 0.3914293050765991, 0.391149640083313, 0.3908787965774536, 0.3906095623970032, 0.39034098386764526, 0.39007964730262756, 0.3898136019706726, 0.3895638585090637, 0.38931092619895935, 0.3890646994113922, 0.38882437348365784, 0.3885810077190399, 0.38833722472190857, 0.3880946636199951, 0.3878522515296936, 0.3876148462295532, 0.3873807489871979, 0.3871571719646454, 0.3869383931159973, 0.38672012090682983, 0.3865010440349579, 0.38628676533699036, 0.3860838711261749, 0.3858700096607208, 0.3856663405895233, 0.38546401262283325, 0.38525626063346863, 0.385051965713501, 0.3848463296890259, 0.38465237617492676, 0.3844524323940277, 0.38426369428634644, 0.3840751349925995, 0.3838818669319153, 0.38369765877723694, 0.38351646065711975, 0.38333457708358765, 0.38315021991729736, 0.382967084646225, 0.38278359174728394, 0.38260582089424133, 0.3824298083782196, 0.3822591304779053, 0.3820890188217163, 0.3819199800491333, 0.3817516565322876, 0.3815855085849762, 0.38142532110214233, 0.38126111030578613, 0.38110020756721497, 0.38094019889831543, 0.380781888961792, 0.38063421845436096, 0.38048267364501953, 0.380327045917511, 0.38017532229423523, 0.3800218999385834, 0.3798750936985016, 0.37973159551620483, 0.3795803487300873, 0.3794412314891815, 0.37929484248161316, 0.37916165590286255, 0.3790258467197418, 0.3788958489894867, 0.37876036763191223, 0.37863150238990784, 0.37849947810173035, 0.37835636734962463, 0.37822332978248596, 0.3780953288078308, 0.3779757618904114, 0.37784820795059204, 0.3777230381965637, 0.37760069966316223, 0.3774820566177368, 0.3773709237575531, 0.377239465713501, 0.37711989879608154, 0.37700921297073364, 0.3768875002861023, 0.3767849802970886, 0.3766685724258423, 0.37656447291374207, 0.37645554542541504, 0.376351922750473, 0.3762364983558655, 0.3761238157749176, 0.3760073482990265, 0.3759065568447113, 0.3758013844490051, 0.37569403648376465, 0.37558597326278687, 0.37548115849494934, 0.3753775656223297, 0.37527626752853394, 0.3751729130744934, 0.37506335973739624, 0.37496358156204224, 0.3748571276664734, 0.37475451827049255, 0.3746553659439087]",33.0,"[33.0, 33.0, 33.0, 33.0, 33.0, 33.0, 33.0, 33.0, 33.0, 33.0, 33.0, 33.0, 33.0, 33.0, 33.0, 33.0, 33.0, 33.0, 33.0, 33.0, 33.0, 33.0, 33.0, 33.0, 33.0, 33.0, 33.0, 33.0, 33.0, 33.0, 33.0, 33.0, 33.0, 33.0, 33.0, 33.0, 33.0, 33.0, 33.0, 33.0, 33.0, 33.0, 33.0, 33.0, 33.0, 33.0, 33.0, 33.0, 33.0, 33.0, 33.0, 33.0, 33.0, 33.0, 33.0, 33.0, 33.0, 33.0, 33.0, 33.0, 33.0, 33.0, 33.0, 33.0, 33.0, 33.0, 33.0, 33.0, 33.0, 33.0, 33.0, 33.0, 33.0, 33.0, 33.0, 33.0, 33.0, 33.0, 33.0, 33.0, 33.0, 33.0, 33.0, 33.0, 33.0, 33.0, 33.0, 33.0, 33.0, 33.0, 33.0, 33.0, 33.0, 33.0, 33.0, 33.0, 33.0, 33.0, 33.0, 33.0, 33.0, 33.0, 33.0, 33.0, 33.0, 33.0, 33.0, 33.0, 33.0, 33.0, 33.0, 33.0, 33.0, 33.0, 33.0, 33.0, 33.0, 33.0, 33.0, 33.0, 33.0, 33.0, 33.0, 33.0, 33.0, 33.0, 33.0, 33.0, 33.0, 33.0, 33.0, 33.0, 33.0, 33.0, 33.0, 33.0, 33.0, 33.0, 33.0, 33.0, 33.0, 33.0, 33.0, 33.0, 33.0]",COMPLETE
147,147,0.8935476806945679,2024-08-31 06:55:56.193636,2024-08-31 06:56:34.615514,0 days 00:00:38.421878,16,0.15092983714849395,3,110,0.005153316078823608,57,0.0032613133154855696,0.891,0.8925,33,"[33, 33, 33, 33, 33, 33, 33, 33, 33, 33, 33, 33, 33, 33, 33, 33, 33, 33, 33, 33, 33, 33, 33, 33, 33, 33, 33, 33, 33, 33, 33, 33, 33, 33, 33, 33, 33, 33, 33, 33, 33, 33, 33, 33, 33, 33, 33, 33, 33, 33, 33, 33, 33, 33, 33, 33, 33, 33, 33, 33, 33, 33, 33, 33, 33, 33, 33, 33, 33, 33, 33, 33, 33, 33, 33, 33, 33, 33, 33, 33, 33, 33, 33, 33, 33, 33, 33, 33, 33, 33, 33, 33, 33, 33, 33, 33, 33, 33, 33, 33, 33, 33, 33, 33, 33, 33, 33, 33, 33, 33]",32.96992481203007,"[32.98496240601504, 32.97994987468672, 32.96491228070175, 32.9749373433584, 32.96741854636591, 32.96992481203007, 32.9749373433584, 32.984962406015036, 32.984962406015036, 32.987468671679196, 32.97744360902256, 32.98245614035088, 32.97493734335839, 32.96491228070175, 32.959899749373434, 32.96741854636591, 32.954887218045116, 32.97243107769423, 32.96992481203008, 32.9749373433584, 32.96741854636591, 32.97243107769424, 32.96741854636592, 32.97493734335839, 32.97744360902256, 32.97744360902256, 32.97243107769424, 32.97243107769424, 32.97243107769424, 32.96741854636591, 32.96741854636591, 32.9749373433584, 32.96741854636591, 32.97243107769423, 32.97243107769424, 32.97994987468672, 32.97744360902256, 32.98245614035088, 32.9749373433584, 32.97493734335839, 32.9749373433584, 32.97243107769424, 32.97744360902256, 32.97493734335839, 32.98245614035088, 32.98245614035088, 32.97744360902256, 32.962406015037594, 32.97243107769424, 32.96992481203007, 32.96741854636592, 32.9749373433584, 32.98245614035088, 32.97994987468672, 32.96741854636591, 32.97243107769423, 32.97243107769424, 32.97744360902256, 32.97994987468672, 32.97744360902256, 32.97744360902256, 32.96992481203007, 32.98245614035088, 32.984962406015036, 32.987468671679196, 32.984962406015036, 32.97994987468672, 32.97744360902256, 32.984962406015036, 32.97994987468672, 32.9749373433584, 32.98245614035088, 32.98245614035088, 32.984962406015036, 32.97994987468672, 32.97243107769424, 32.97243107769424, 32.97243107769424, 32.9749373433584, 32.959899749373434, 32.9749373433584, 32.98997493734336, 32.97994987468672, 32.9749373433584, 32.97493734335839, 32.96992481203007, 32.9749373433584, 32.97994987468672, 32.96741854636591, 32.97243107769424, 32.97744360902256, 32.96741854636591, 32.9749373433584, 32.984962406015036, 32.9749373433584, 32.96992481203007, 32.97744360902256, 32.97493734335839, 32.98245614035088, 32.98245614035088, 32.9749373433584, 32.97994987468672, 32.98245614035088, 32.97994987468672, 32.984962406015036, 32.99248120300752, 32.98997493734336, 32.97994987468672, 32.9749373433584, 32.96992481203007]",0.8787225786210257,0.8935476806945679,33,"[33, 33, 33, 33, 33, 33, 33, 33, 33, 33, 33, 33, 33, 33, 33, 33, 33, 33, 33, 33, 33, 33, 33, 33, 33, 33, 33, 33, 33, 33, 33, 33, 33, 33, 33, 33, 33, 33, 33, 33, 33, 33, 33, 33, 33, 33, 33, 33, 33, 33, 33, 33, 33, 33, 33, 33, 33, 33, 33, 33, 33, 33, 33, 33, 33, 33, 33, 33, 33, 33, 33, 33, 33, 33, 33, 33, 33, 33, 33, 33, 33, 33, 33, 33, 33, 33, 33, 33, 33, 33, 33, 33, 33, 33, 33, 33, 33, 33, 33, 33, 33, 33, 33, 33, 33, 33, 33, 33, 33, 33]",110,"[0.4022889733314514, 0.3937227725982666, 0.3879833221435547, 0.3835639953613281, 0.37984076142311096, 0.3773234486579895, 0.3743247091770172, 0.3721369802951813, 0.3712654411792755, 0.36939680576324463, 0.3672703206539154, 0.3661085069179535, 0.36483749747276306, 0.36337053775787354, 0.3620167672634125, 0.361018568277359, 0.3598984181880951, 0.3584632873535156, 0.35825392603874207, 0.3576521575450897, 0.35492074489593506, 0.3537074029445648, 0.3537866175174713, 0.351576030254364, 0.3504215180873871, 0.3511071503162384, 0.34827446937561035, 0.34679877758026123, 0.34557488560676575, 0.3449240028858185, 0.34371787309646606, 0.34331822395324707, 0.3418005108833313, 0.3409028649330139, 0.3416469693183899, 0.34066838026046753, 0.33811089396476746, 0.3367297053337097, 0.3359839618206024, 0.3352223336696625, 0.3339134454727173, 0.3332556188106537, 0.3326306939125061, 0.3316865563392639, 0.32989105582237244, 0.32907024025917053, 0.3277732729911804, 0.32685962319374084, 0.32620200514793396, 0.32501229643821716, 0.32624465227127075, 0.3226134479045868, 0.3214572072029114, 0.32050803303718567, 0.3201351463794708, 0.3193019926548004, 0.3177744150161743, 0.31655213236808777, 0.31555062532424927, 0.31448906660079956, 0.3134888708591461, 0.31259140372276306, 0.3110148310661316, 0.30998122692108154, 0.30855411291122437, 0.30748865008354187, 0.30645743012428284, 0.305115669965744, 0.3039261996746063, 0.30353453755378723, 0.30225884914398193, 0.30036765336990356, 0.29997289180755615, 0.29781460762023926, 0.29657885432243347, 0.29550158977508545, 0.2944420874118805, 0.2933642864227295, 0.29207682609558105, 0.2915390729904175, 0.2894296944141388, 0.2880333662033081, 0.2867041230201721, 0.28559446334838867, 0.28495070338249207, 0.2834691107273102, 0.28198137879371643, 0.2806607484817505, 0.2796860635280609, 0.27853259444236755, 0.27732089161872864, 0.2765488922595978, 0.2748342454433441, 0.27434706687927246, 0.2729434072971344, 0.2722664177417755, 0.27090540528297424, 0.2694280445575714, 0.26850947737693787, 0.2676205337047577, 0.26653265953063965, 0.26539507508277893, 0.26476359367370605, 0.26472607254981995, 0.2629980742931366, 0.26215440034866333, 0.26122090220451355, 0.2600914239883423, 0.25923407077789307, 0.2595057189464569]",33.0,"[33.0, 33.0, 33.0, 33.0, 33.0, 33.0, 33.0, 33.0, 33.0, 33.0, 33.0, 33.0, 33.0, 33.0, 33.0, 33.0, 33.0, 33.0, 33.0, 33.0, 33.0, 33.0, 33.0, 33.0, 33.0, 33.0, 33.0, 33.0, 33.0, 33.0, 33.0, 33.0, 33.0, 33.0, 33.0, 33.0, 33.0, 33.0, 33.0, 33.0, 33.0, 33.0, 33.0, 33.0, 33.0, 33.0, 33.0, 33.0, 33.0, 33.0, 33.0, 33.0, 33.0, 33.0, 33.0, 33.0, 33.0, 33.0, 33.0, 33.0, 33.0, 33.0, 33.0, 33.0, 33.0, 33.0, 33.0, 33.0, 33.0, 33.0, 33.0, 33.0, 33.0, 33.0, 33.0, 33.0, 33.0, 33.0, 33.0, 33.0, 33.0, 33.0, 33.0, 33.0, 33.0, 33.0, 33.0, 33.0, 33.0, 33.0, 33.0, 33.0, 33.0, 33.0, 33.0, 33.0, 33.0, 33.0, 33.0, 33.0, 33.0, 33.0, 33.0, 33.0, 33.0, 33.0, 33.0, 33.0, 33.0, 33.0]",COMPLETE
