,number,value,datetime_start,datetime_complete,duration,params_batch_size_scaler,params_constant_learning_rate,params_depth,params_epochs,params_kernel_l2,params_num_trees,params_temperature,user_attrs_accuracy_test,user_attrs_accuracy_valid,user_attrs_approximate_feature_sparsity,user_attrs_approximate_feature_sparsity_history,user_attrs_approximate_weight_sparsity,user_attrs_approximate_weight_sparsity_history,user_attrs_auc_test,user_attrs_auc_valid,user_attrs_feature_sparsity,user_attrs_feature_sparsity_history,user_attrs_num_epochs,user_attrs_val_loss_history,user_attrs_weight_sparsity,user_attrs_weight_sparsity_history,state
122,122,0.5,2024-08-31 05:38:06.971937,2024-08-31 05:38:44.253482,0 days 00:00:37.281545,16,0.05701969837150376,2,400,0.8956536291677606,14,0.003926464393752877,0.859,0.85875,0,"[33, 33, 33, 33, 33, 33, 33, 33, 33, 33, 33, 33, 33, 33, 33, 33, 33, 33, 33, 33, 32, 29, 25, 20, 13, 10, 5, 2, 2, 1, 0, 0, 0, 0, 0, 0, 0, 0, 0, 0, 0, 0, 0, 0, 0, 0, 0, 0, 0, 0, 0, 0, 0, 0, 0, 0, 0, 0, 0, 0, 0, 0, 0, 0, 0, 0, 0, 0, 0, 0, 0, 0, 0, 0, 0, 0, 0, 0, 0, 0, 0, 0, 0, 0, 0, 0, 0, 0, 0, 0, 0, 0, 0, 0, 0, 0, 0, 0, 0, 0, 0, 0, 0, 0, 0, 0, 0, 0, 0, 0, 0, 0, 0, 0, 0, 0, 0, 0, 0, 0, 0, 0, 0, 0, 0, 0, 0, 0, 0, 0, 0, 0, 0, 0, 0, 0, 0, 0, 0, 0, 0, 0, 0, 0, 0, 0, 0, 0, 0, 0, 0, 0, 0, 0, 0, 0, 0, 0, 0, 0, 0, 0, 0, 0, 0, 0, 0, 0, 0, 0, 0, 0, 0, 0, 0, 0, 0, 0, 0, 0, 0, 0, 0, 0, 0, 0, 0, 0, 0, 0, 0, 0, 0, 0, 0, 0, 0, 0, 0, 0, 0, 0, 0, 0, 0, 0, 0, 0, 0, 0, 0, 0, 0, 0, 0, 0, 0, 0, 0, 0, 0, 0, 0, 0, 0, 0, 0, 0, 0, 0, 0, 0, 0, 0, 0, 0, 0, 0, 0, 0, 0, 0, 0, 0, 0, 0, 0, 0, 0, 0, 0, 0, 0, 0, 0, 0, 0, 0, 0, 0, 0, 0, 0, 0, 0, 0, 0, 0, 0, 0, 0, 0, 0, 0, 0, 0, 0, 0, 0, 0, 0, 0, 0, 0, 0, 0, 0, 0, 0, 0, 0, 0, 0, 0, 0, 0, 0, 0, 0, 0, 0, 0, 0, 0, 0, 0, 0, 0, 0, 0, 0, 0, 0, 0, 0, 0, 0, 0, 0, 0, 0, 0, 0, 0, 0, 0, 0, 0, 0, 0, 0, 0, 0, 0, 0, 0, 0, 0, 0, 0, 0, 0, 0, 0, 0, 0, 0, 0, 0, 0, 0, 0, 0, 0, 0, 0, 0, 0, 0, 0, 0, 0, 0, 0, 0, 0, 0, 0, 0, 0, 0, 0, 0, 0, 0, 0, 0, 0, 0, 0, 0, 0, 0, 0, 0, 0, 0, 0, 0, 0, 0, 0, 0, 0, 0, 0, 0, 0, 0, 0]",0.0,"[33.0, 33.0, 33.0, 32.976190476190474, 32.95238095238095, 32.976190476190474, 32.95238095238095, 32.976190476190474, 33.0, 33.0, 33.0, 32.976190476190474, 33.0, 33.0, 33.0, 33.0, 32.95238095238095, 32.95238095238095, 33.0, 32.976190476190474, 32.0, 29.0, 25.0, 20.0, 12.976190476190476, 9.976190476190476, 5.0, 2.0, 2.0, 1.0, 0.0, 0.0, 0.0, 0.0, 0.0, 0.0, 0.0, 0.0, 0.0, 0.0, 0.0, 0.0, 0.0, 0.0, 0.0, 0.0, 0.0, 0.0, 0.0, 0.0, 0.0, 0.0, 0.0, 0.0, 0.0, 0.0, 0.0, 0.0, 0.0, 0.0, 0.0, 0.0, 0.0, 0.0, 0.0, 0.0, 0.0, 0.0, 0.0, 0.0, 0.0, 0.0, 0.0, 0.0, 0.0, 0.0, 0.0, 0.0, 0.0, 0.0, 0.0, 0.0, 0.0, 0.0, 0.0, 0.0, 0.0, 0.0, 0.0, 0.0, 0.0, 0.0, 0.0, 0.0, 0.0, 0.0, 0.0, 0.0, 0.0, 0.0, 0.0, 0.0, 0.0, 0.0, 0.0, 0.0, 0.0, 0.0, 0.0, 0.0, 0.0, 0.0, 0.0, 0.0, 0.0, 0.0, 0.0, 0.0, 0.0, 0.0, 0.0, 0.0, 0.0, 0.0, 0.0, 0.0, 0.0, 0.0, 0.0, 0.0, 0.0, 0.0, 0.0, 0.0, 0.0, 0.0, 0.0, 0.0, 0.0, 0.0, 0.0, 0.0, 0.0, 0.0, 0.0, 0.0, 0.0, 0.0, 0.0, 0.0, 0.0, 0.0, 0.0, 0.0, 0.0, 0.0, 0.0, 0.0, 0.0, 0.0, 0.0, 0.0, 0.0, 0.0, 0.0, 0.0, 0.0, 0.0, 0.0, 0.0, 0.0, 0.0, 0.0, 0.0, 0.0, 0.0, 0.0, 0.0, 0.0, 0.0, 0.0, 0.0, 0.0, 0.0, 0.0, 0.0, 0.0, 0.0, 0.0, 0.0, 0.0, 0.0, 0.0, 0.0, 0.0, 0.0, 0.0, 0.0, 0.0, 0.0, 0.0, 0.0, 0.0, 0.0, 0.0, 0.0, 0.0, 0.0, 0.0, 0.0, 0.0, 0.0, 0.0, 0.0, 0.0, 0.0, 0.0, 0.0, 0.0, 0.0, 0.0, 0.0, 0.0, 0.0, 0.0, 0.0, 0.0, 0.0, 0.0, 0.0, 0.0, 0.0, 0.0, 0.0, 0.0, 0.0, 0.0, 0.0, 0.0, 0.0, 0.0, 0.0, 0.0, 0.0, 0.0, 0.0, 0.0, 0.0, 0.0, 0.0, 0.0, 0.0, 0.0, 0.0, 0.0, 0.0, 0.0, 0.0, 0.0, 0.0, 0.0, 0.0, 0.0, 0.0, 0.0, 0.0, 0.0, 0.0, 0.0, 0.0, 0.0, 0.0, 0.0, 0.0, 0.0, 0.0, 0.0, 0.0, 0.0, 0.0, 0.0, 0.0, 0.0, 0.0, 0.0, 0.0, 0.0, 0.0, 0.0, 0.0, 0.0, 0.0, 0.0, 0.0, 0.0, 0.0, 0.0, 0.0, 0.0, 0.0, 0.0, 0.0, 0.0, 0.0, 0.0, 0.0, 0.0, 0.0, 0.0, 0.0, 0.0, 0.0, 0.0, 0.0, 0.0, 0.0, 0.0, 0.0, 0.0, 0.0, 0.0, 0.0, 0.0, 0.0, 0.0, 0.0, 0.0, 0.0, 0.0, 0.0, 0.0, 0.0, 0.0, 0.0, 0.0, 0.0, 0.0, 0.0, 0.0, 0.0, 0.0, 0.0, 0.0, 0.0, 0.0, 0.0, 0.0, 0.0, 0.0, 0.0, 0.0, 0.0, 0.0, 0.0, 0.0, 0.0, 0.0, 0.0, 0.0, 0.0, 0.0, 0.0, 0.0, 0.0, 0.0, 0.0, 0.0, 0.0, 0.0, 0.0, 0.0, 0.0, 0.0, 0.0, 0.0, 0.0, 0.0, 0.0, 0.0, 0.0, 0.0, 0.0, 0.0, 0.0, 0.0, 0.0, 0.0, 0.0, 0.0, 0.0, 0.0, 0.0, 0.0, 0.0, 0.0, 0.0, 0.0, 0.0, 0.0, 0.0]",0.5,0.5,0,"[33, 33, 33, 33, 33, 33, 33, 33, 33, 33, 33, 33, 33, 33, 33, 33, 33, 33, 33, 33, 32, 29, 25, 20, 13, 10, 5, 2, 2, 1, 0, 0, 0, 0, 0, 0, 0, 0, 0, 0, 0, 0, 0, 0, 0, 0, 0, 0, 0, 0, 0, 0, 0, 0, 0, 0, 0, 0, 0, 0, 0, 0, 0, 0, 0, 0, 0, 0, 0, 0, 0, 0, 0, 0, 0, 0, 0, 0, 0, 0, 0, 0, 0, 0, 0, 0, 0, 0, 0, 0, 0, 0, 0, 0, 0, 0, 0, 0, 0, 0, 0, 0, 0, 0, 0, 0, 0, 0, 0, 0, 0, 0, 0, 0, 0, 0, 0, 0, 0, 0, 0, 0, 0, 0, 0, 0, 0, 0, 0, 0, 0, 0, 0, 0, 0, 0, 0, 0, 0, 0, 0, 0, 0, 0, 0, 0, 0, 0, 0, 0, 0, 0, 0, 0, 0, 0, 0, 0, 0, 0, 0, 0, 0, 0, 0, 0, 0, 0, 0, 0, 0, 0, 0, 0, 0, 0, 0, 0, 0, 0, 0, 0, 0, 0, 0, 0, 0, 0, 0, 0, 0, 0, 0, 0, 0, 0, 0, 0, 0, 0, 0, 0, 0, 0, 0, 0, 0, 0, 0, 0, 0, 0, 0, 0, 0, 0, 0, 0, 0, 0, 0, 0, 0, 0, 0, 0, 0, 0, 0, 0, 0, 0, 0, 0, 0, 0, 0, 0, 0, 0, 0, 0, 0, 0, 0, 0, 0, 0, 0, 0, 0, 0, 0, 0, 0, 0, 0, 0, 0, 0, 0, 0, 0, 0, 0, 0, 0, 0, 0, 0, 0, 0, 0, 0, 0, 0, 0, 0, 0, 0, 0, 0, 0, 0, 0, 0, 0, 0, 0, 0, 0, 0, 0, 0, 0, 0, 0, 0, 0, 0, 0, 0, 0, 0, 0, 0, 0, 0, 0, 0, 0, 0, 0, 0, 0, 0, 0, 0, 0, 0, 0, 0, 0, 0, 0, 0, 0, 0, 0, 0, 0, 0, 0, 0, 0, 0, 0, 0, 0, 0, 0, 0, 0, 0, 0, 0, 0, 0, 0, 0, 0, 0, 0, 0, 0, 0, 0, 0, 0, 0, 0, 0, 0, 0, 0, 0, 0, 0, 0, 0, 0, 0, 0, 0, 0, 0, 0, 0, 0, 0, 0, 0, 0, 0, 0, 0, 0, 0, 0, 0, 0, 0, 0, 0, 0, 0, 0, 0, 0, 0]",400,"[1.1475682258605957, 1.0971226692199707, 1.050166130065918, 1.0066591501235962, 0.966081976890564, 0.9282520413398743, 0.8931482434272766, 0.8605053424835205, 0.8299397826194763, 0.8013967871665955, 0.7748115062713623, 0.7499525547027588, 0.7267516255378723, 0.7049715518951416, 0.684718906879425, 0.6656063795089722, 0.6478433012962341, 0.631017804145813, 0.6154150366783142, 0.6007686257362366, 0.5821760892868042, 0.5564616918563843, 0.5263305902481079, 0.4900546967983246, 0.4495965540409088, 0.4298091232776642, 0.41228988766670227, 0.4027499854564667, 0.40104371309280396, 0.4008481502532959, 0.4072285592556, 0.407231867313385, 0.4072261154651642, 0.40723717212677, 0.40725868940353394, 0.4072284400463104, 0.4072335362434387, 0.40723472833633423, 0.4072296917438507, 0.4072268605232239, 0.40725257992744446, 0.40723708271980286, 0.4072272479534149, 0.40724238753318787, 0.40725016593933105, 0.40722715854644775, 0.4072358012199402, 0.40722692012786865, 0.40722712874412537, 0.4072415232658386, 0.407227486371994, 0.4072389304637909, 0.4072265923023224, 0.4072318375110626, 0.40722930431365967, 0.4072268605232239, 0.4072290062904358, 0.4072306156158447, 0.40722620487213135, 0.4072306752204895, 0.4072261452674866, 0.40722692012786865, 0.40724316239356995, 0.4072328507900238, 0.40723341703414917, 0.4072403609752655, 0.4072268605232239, 0.4072263240814209, 0.40722885727882385, 0.4072287082672119, 0.40722793340682983, 0.4072261154651642, 0.40722620487213135, 0.4072284698486328, 0.4072330594062805, 0.4072292745113373, 0.4072261452674866, 0.4072268009185791, 0.40722620487213135, 0.40722617506980896, 0.40722858905792236, 0.40726786851882935, 0.4072301983833313, 0.4072261452674866, 0.4072379767894745, 0.40723374485969543, 0.4072301983833313, 0.40722957253456116, 0.4072297215461731, 0.407227486371994, 0.40722668170928955, 0.4072260558605194, 0.4072302579879761, 0.4072340428829193, 0.4072335362434387, 0.4072262942790985, 0.4072284698486328, 0.40722694993019104, 0.407234787940979, 0.40724799036979675, 0.40725594758987427, 0.4072261452674866, 0.40722712874412537, 0.4072262644767761, 0.4072358012199402, 0.4072265326976776, 0.40722906589508057, 0.4072427749633789, 0.40722620487213135, 0.40723559260368347, 0.4072309732437134, 0.40722838044166565, 0.407231867313385, 0.40722644329071045, 0.4072335958480835, 0.4072265923023224, 0.4072269797325134, 0.4072335958480835, 0.40725377202033997, 0.4072360098361969, 0.4072439670562744, 0.4072435796260834, 0.4072405993938446, 0.40724512934684753, 0.407236784696579, 0.4072261452674866, 0.40722620487213135, 0.40724143385887146, 0.40725910663604736, 0.40725186467170715, 0.40723517537117004, 0.407236784696579, 0.4072265923023224, 0.4072297215461731, 0.4072261452674866, 0.4072265326976776, 0.4072282910346985, 0.4072278141975403, 0.4072273373603821, 0.4072263836860657, 0.4072265326976776, 0.40723487734794617, 0.4072261154651642, 0.40722641348838806, 0.40722617506980896, 0.40722617506980896, 0.4072268307209015, 0.40723422169685364, 0.4072325527667999, 0.407232403755188, 0.4072267413139343, 0.4072282910346985, 0.4072287380695343, 0.407228022813797, 0.40723174810409546, 0.4072315990924835, 0.4072342813014984, 0.407227486371994, 0.4072262942790985, 0.4072263836860657, 0.4072280526161194, 0.4072389304637909, 0.40722960233688354, 0.40725424885749817, 0.4072261154651642, 0.40722930431365967, 0.40723156929016113, 0.40722712874412537, 0.40722617506980896, 0.407226026058197, 0.40722620487213135, 0.4072308838367462, 0.40725553035736084, 0.40725603699684143, 0.4072348475456238, 0.4072315990924835, 0.40723147988319397, 0.40722861886024475, 0.4072268605232239, 0.4072381556034088, 0.4072262644767761, 0.40722721815109253, 0.40722647309303284, 0.4072457551956177, 0.40722617506980896, 0.40723174810409546, 0.4072262644767761, 0.40722694993019104, 0.4072263836860657, 0.40722665190696716, 0.40722617506980896, 0.40723076462745667, 0.4072328507900238, 0.40722694993019104, 0.40722647309303284, 0.40723705291748047, 0.40723374485969543, 0.40723133087158203, 0.4072549343109131, 0.40722811222076416, 0.4072364866733551, 0.40722665190696716, 0.4072280824184418, 0.4072349965572357, 0.4072650969028473, 0.40724465250968933, 0.407227486371994, 0.4072299897670746, 0.4072260558605194, 0.40722835063934326, 0.40724050998687744, 0.407253623008728, 0.4072370231151581, 0.4072277843952179, 0.4072309136390686, 0.40723007917404175, 0.40722617506980896, 0.40722644329071045, 0.4072263836860657, 0.40722930431365967, 0.4072355031967163, 0.4072302579879761, 0.40726473927497864, 0.40723538398742676, 0.4072262644767761, 0.4072267413139343, 0.4072301387786865, 0.4072318971157074, 0.4072462022304535, 0.4072262644767761, 0.4072268605232239, 0.40723171830177307, 0.40724268555641174, 0.407236784696579, 0.40722641348838806, 0.40726810693740845, 0.40722912549972534, 0.4072292745113373, 0.40722715854644775, 0.4072299301624298, 0.40722712874412537, 0.4072340726852417, 0.40722617506980896, 0.40722787380218506, 0.4072321951389313, 0.40722838044166565, 0.4072296917438507, 0.4072280824184418, 0.40722620487213135, 0.4072269797325134, 0.40722760558128357, 0.4072447717189789, 0.40726929903030396, 0.4072442948818207, 0.4072282016277313, 0.40722641348838806, 0.4072377383708954, 0.4072325825691223, 0.4072335958480835, 0.40723809599876404, 0.40722668170928955, 0.4072261154651642, 0.4072269797325134, 0.40723106265068054, 0.4072438180446625, 0.40722954273223877, 0.40723666548728943, 0.4072417914867401, 0.40722984075546265, 0.40724554657936096, 0.4072268605232239, 0.4072437286376953, 0.4072476327419281, 0.40722671151161194, 0.4072622060775757, 0.4072338938713074, 0.40722885727882385, 0.40724217891693115, 0.40722694993019104, 0.40722760558128357, 0.4072294533252716, 0.4072263240814209, 0.4072377383708954, 0.4072362184524536, 0.40722617506980896, 0.40722617506980896, 0.40722864866256714, 0.4072285592556, 0.4072349965572357, 0.407237708568573, 0.4072261452674866, 0.40725177526474, 0.40722665190696716, 0.40722769498825073, 0.4072318375110626, 0.407232403755188, 0.4072372019290924, 0.407227098941803, 0.4072302281856537, 0.4072261452674866, 0.40723174810409546, 0.40723925828933716, 0.4072261452674866, 0.4072343707084656, 0.4072277843952179, 0.40723055601119995, 0.40723124146461487, 0.40724071860313416, 0.40722617506980896, 0.4072366952896118, 0.40723320841789246, 0.40725281834602356, 0.4072306156158447, 0.4072352349758148, 0.4072262942790985, 0.40722930431365967, 0.40722665190696716, 0.40723177790641785, 0.4072546064853668, 0.4072278141975403, 0.40722617506980896, 0.40723878145217896, 0.40722694993019104, 0.40724703669548035, 0.40722984075546265, 0.40723177790641785, 0.40722912549972534, 0.40728560090065, 0.40723201632499695, 0.40724319219589233, 0.40723514556884766, 0.40723925828933716, 0.4072412848472595, 0.4072364866733551, 0.40724432468414307, 0.4072275459766388, 0.4072289764881134, 0.4072270095348358, 0.40722617506980896, 0.4072280526161194, 0.407230019569397, 0.4072280824184418, 0.4072340726852417, 0.4072355031967163, 0.4072285592556, 0.4072270691394806, 0.40722617506980896, 0.40722912549972534, 0.40722861886024475, 0.40722692012786865, 0.4072318971157074, 0.4072272777557373, 0.4072388708591461, 0.40723976492881775, 0.40723171830177307, 0.40723565220832825, 0.4072471857070923, 0.4072328805923462, 0.4072273373603821, 0.40723395347595215, 0.4072521924972534, 0.40723350644111633, 0.4072299599647522, 0.40723785758018494, 0.40723124146461487, 0.4072263836860657, 0.40722838044166565, 0.4072282314300537, 0.4072261154651642, 0.40722766518592834, 0.40722858905792236, 0.40722694993019104, 0.4072527289390564, 0.4072340428829193, 0.4072284996509552, 0.4072268605232239, 0.4072360098361969, 0.40722617506980896, 0.4072260558605194, 0.4072304666042328, 0.407230406999588, 0.40725746750831604, 0.4072338938713074, 0.4072268605232239, 0.4072301983833313, 0.4072452187538147, 0.40725934505462646, 0.40726277232170105, 0.4072462022304535, 0.4072306156158447, 0.4072261154651642, 0.40722668170928955, 0.40722617506980896, 0.407236784696579, 0.40722793340682983, 0.4072265923023224, 0.4072318971157074, 0.4072304666042328, 0.407240629196167, 0.4072556793689728]",0.0,"[33.0, 33.0, 33.0, 33.0, 33.0, 33.0, 33.0, 33.0, 33.0, 33.0, 33.0, 33.0, 33.0, 33.0, 33.0, 33.0, 33.0, 33.0, 33.0, 33.0, 32.0, 29.0, 25.0, 20.0, 13.0, 10.0, 5.0, 2.0, 2.0, 1.0, 0.0, 0.0, 0.0, 0.0, 0.0, 0.0, 0.0, 0.0, 0.0, 0.0, 0.0, 0.0, 0.0, 0.0, 0.0, 0.0, 0.0, 0.0, 0.0, 0.0, 0.0, 0.0, 0.0, 0.0, 0.0, 0.0, 0.0, 0.0, 0.0, 0.0, 0.0, 0.0, 0.0, 0.0, 0.0, 0.0, 0.0, 0.0, 0.0, 0.0, 0.0, 0.0, 0.0, 0.0, 0.0, 0.0, 0.0, 0.0, 0.0, 0.0, 0.0, 0.0, 0.0, 0.0, 0.0, 0.0, 0.0, 0.0, 0.0, 0.0, 0.0, 0.0, 0.0, 0.0, 0.0, 0.0, 0.0, 0.0, 0.0, 0.0, 0.0, 0.0, 0.0, 0.0, 0.0, 0.0, 0.0, 0.0, 0.0, 0.0, 0.0, 0.0, 0.0, 0.0, 0.0, 0.0, 0.0, 0.0, 0.0, 0.0, 0.0, 0.0, 0.0, 0.0, 0.0, 0.0, 0.0, 0.0, 0.0, 0.0, 0.0, 0.0, 0.0, 0.0, 0.0, 0.0, 0.0, 0.0, 0.0, 0.0, 0.0, 0.0, 0.0, 0.0, 0.0, 0.0, 0.0, 0.0, 0.0, 0.0, 0.0, 0.0, 0.0, 0.0, 0.0, 0.0, 0.0, 0.0, 0.0, 0.0, 0.0, 0.0, 0.0, 0.0, 0.0, 0.0, 0.0, 0.0, 0.0, 0.0, 0.0, 0.0, 0.0, 0.0, 0.0, 0.0, 0.0, 0.0, 0.0, 0.0, 0.0, 0.0, 0.0, 0.0, 0.0, 0.0, 0.0, 0.0, 0.0, 0.0, 0.0, 0.0, 0.0, 0.0, 0.0, 0.0, 0.0, 0.0, 0.0, 0.0, 0.0, 0.0, 0.0, 0.0, 0.0, 0.0, 0.0, 0.0, 0.0, 0.0, 0.0, 0.0, 0.0, 0.0, 0.0, 0.0, 0.0, 0.0, 0.0, 0.0, 0.0, 0.0, 0.0, 0.0, 0.0, 0.0, 0.0, 0.0, 0.0, 0.0, 0.0, 0.0, 0.0, 0.0, 0.0, 0.0, 0.0, 0.0, 0.0, 0.0, 0.0, 0.0, 0.0, 0.0, 0.0, 0.0, 0.0, 0.0, 0.0, 0.0, 0.0, 0.0, 0.0, 0.0, 0.0, 0.0, 0.0, 0.0, 0.0, 0.0, 0.0, 0.0, 0.0, 0.0, 0.0, 0.0, 0.0, 0.0, 0.0, 0.0, 0.0, 0.0, 0.0, 0.0, 0.0, 0.0, 0.0, 0.0, 0.0, 0.0, 0.0, 0.0, 0.0, 0.0, 0.0, 0.0, 0.0, 0.0, 0.0, 0.0, 0.0, 0.0, 0.0, 0.0, 0.0, 0.0, 0.0, 0.0, 0.0, 0.0, 0.0, 0.0, 0.0, 0.0, 0.0, 0.0, 0.0, 0.0, 0.0, 0.0, 0.0, 0.0, 0.0, 0.0, 0.0, 0.0, 0.0, 0.0, 0.0, 0.0, 0.0, 0.0, 0.0, 0.0, 0.0, 0.0, 0.0, 0.0, 0.0, 0.0, 0.0, 0.0, 0.0, 0.0, 0.0, 0.0, 0.0, 0.0, 0.0, 0.0, 0.0, 0.0, 0.0, 0.0, 0.0, 0.0, 0.0, 0.0, 0.0, 0.0, 0.0, 0.0, 0.0, 0.0, 0.0, 0.0, 0.0, 0.0, 0.0, 0.0, 0.0, 0.0, 0.0, 0.0, 0.0, 0.0, 0.0, 0.0, 0.0, 0.0, 0.0, 0.0, 0.0, 0.0, 0.0, 0.0, 0.0, 0.0, 0.0, 0.0, 0.0, 0.0, 0.0, 0.0, 0.0, 0.0, 0.0, 0.0, 0.0, 0.0, 0.0, 0.0, 0.0, 0.0, 0.0, 0.0, 0.0, 0.0, 0.0, 0.0]",COMPLETE
