,number,value,datetime_start,datetime_complete,duration,params_batch_size_scaler,params_constant_learning_rate,params_depth,params_epochs,params_kernel_l2,params_num_trees,params_temperature,user_attrs_accuracy_test,user_attrs_accuracy_valid,user_attrs_approximate_feature_sparsity,user_attrs_approximate_feature_sparsity_history,user_attrs_approximate_weight_sparsity,user_attrs_approximate_weight_sparsity_history,user_attrs_auc_test,user_attrs_auc_valid,user_attrs_feature_sparsity,user_attrs_feature_sparsity_history,user_attrs_num_epochs,user_attrs_val_loss_history,user_attrs_weight_sparsity,user_attrs_weight_sparsity_history,state
14,14,0.9459494274194588,2024-08-31 00:57:03.913640,2024-08-31 01:03:37.078563,0 days 00:06:33.164923,1,1.215878853841546,5,180,0.15138026266838694,85,0.0002620603836895339,0.963,0.9625,19,"[33, 33, 33, 33, 27, 21, 21, 21, 21, 21, 21, 20, 20, 20, 20, 20, 20, 20, 20, 20, 20, 20, 20, 20, 20, 20, 20, 20, 20, 20, 20, 20, 20, 20, 20, 20, 20, 20, 20, 20, 20, 20, 20, 20, 20, 20, 19, 19, 19, 19, 19, 19, 19, 19, 19, 19, 19, 19, 19, 19, 19, 19, 19, 19, 19, 19, 19, 19, 19, 19, 19, 19, 19, 19, 19, 19, 19, 19, 19, 19, 19, 19, 19, 19, 19, 19, 19, 19, 19, 19, 19, 19, 19, 19, 19, 19, 19, 19, 19, 19, 19, 19, 19, 19, 19, 19, 19, 19, 19, 19, 19, 19, 19, 19, 19, 19, 19, 19, 19, 19, 19, 19, 19, 19, 19, 19, 19, 19, 19, 19, 19, 19, 19, 19, 19, 19, 19, 19, 19, 19, 19, 19, 19, 19, 19, 19, 19, 19, 19, 19, 19, 19, 19, 19, 19, 19, 19, 19, 19, 19, 19, 19, 19, 19, 19, 19, 19, 19, 19, 19, 19, 19, 19, 19, 19, 19, 19, 19, 19, 19]",18.53776091081594,"[32.93244781783682, 32.93168880455408, 32.92903225806452, 32.93851992409867, 26.943453510436434, 20.954459203036052, 20.949525616698295, 20.95597722960152, 20.96166982922201, 20.956736242884254, 20.953700189753324, 19.954079696394686, 19.94876660341556, 19.949146110056926, 19.954459203036052, 19.950284629981024, 19.949146110056926, 19.952182163187853, 19.945351043643264, 19.94648956356736, 19.95066413662239, 19.95407969639469, 19.95142314990512, 19.941935483870967, 19.946869070208727, 19.944212523719163, 19.942314990512337, 19.933586337760907, 19.93320683111954, 19.93776091081594, 19.93472485768501, 19.937381404174573, 19.932068311195447, 19.935104364326374, 19.932068311195447, 19.93548387096774, 19.931309297912712, 19.92485768500949, 19.91840607210626, 19.922960151802656, 19.9146110056926, 19.920303605313094, 19.9146110056926, 19.92068311195446, 19.91081593927894, 19.91043643263757, 18.91878557874763, 18.906261859582543, 18.903225806451612, 18.903225806451612, 18.90967741935484, 18.896015180265653, 18.902087286527514, 18.899051233396584, 18.8865275142315, 18.881973434535105, 18.88956356736243, 18.898671726755218, 18.88235294117647, 18.876660341555976, 18.87210626185958, 18.881973434535105, 18.87134724857685, 18.87628083491461, 18.867552182163188, 18.867931688804553, 18.859962049335863, 18.869829222011383, 18.865275142314992, 18.86641366223909, 18.87362428842505, 18.870967741935484, 18.875521821631878, 18.86148007590133, 18.859582542694497, 18.856546489563566, 18.852751423149904, 18.85047438330171, 18.85123339658444, 18.853889943074005, 18.860721062618595, 18.847817836812144, 18.851612903225806, 18.85123339658444, 18.843643263757116, 18.84819734345351, 18.84402277039848, 18.844781783681213, 18.83415559772296, 18.833776091081592, 18.824667931688804, 18.83225806451613, 18.828842504743832, 18.813662239089183, 18.81821631878558, 18.809487666034155, 18.80683111954459, 18.82011385199241, 18.808728652751423, 18.813662239089183, 18.805692599620492, 18.803415559772297, 18.792789373814042, 18.798481973434534, 18.78102466793169, 18.79165085388994, 18.781404174573055, 18.786337760910815, 18.785199240986717, 18.798102466793168, 18.78368121442125, 18.7707779886148, 18.776470588235295, 18.769259962049336, 18.7685009487666, 18.760151802656544, 18.769639468690702, 18.751043643263756, 18.769639468690702, 18.764705882352942, 18.763567362428844, 18.733965844402277, 18.746489563567362, 18.7426944971537, 18.737001897533208, 18.746110056925996, 18.73282732447818, 18.72941176470588, 18.71157495256167, 18.73472485768501, 18.72144212523719, 18.72485768500949, 18.70702087286528, 18.72371916508539, 18.70664136622391, 18.71954459203036, 18.700948766603414, 18.72675521821632, 18.713851992409868, 18.687666034155598, 18.713851992409865, 18.69259962049336, 18.72144212523719, 18.730929791271347, 18.73092979127135, 18.683111954459203, 18.707400379506645, 18.730170777988615, 18.73168880455408, 18.728273244781786, 18.7123339658444, 18.73472485768501, 18.741555977229602, 18.708159392789376, 18.72485768500949, 18.72371916508539, 18.73358633776091, 18.667172675521822, 18.672485768500948, 18.673624288425046, 18.6280834914611, 18.66717267552182, 18.69715370018975, 18.697533206831118, 18.705123339658442, 18.688804554079695, 18.62998102466793, 18.613662239089184, 18.669449715370018, 18.609487666034155, 18.612523719165086, 18.562049335863378, 18.561669829222012, 18.652751423149905, 18.58899430740038, 18.587476280834913, 18.65540796963947, 18.60189753320683, 18.590512333965844, 18.53776091081594]",0.9310347674601013,0.9459494274194588,19,"[33, 33, 33, 33, 27, 21, 21, 21, 21, 21, 21, 20, 20, 20, 20, 20, 20, 20, 20, 20, 20, 20, 20, 20, 20, 20, 20, 20, 20, 20, 20, 20, 20, 20, 20, 20, 20, 20, 20, 20, 20, 20, 20, 20, 20, 20, 19, 19, 19, 19, 19, 19, 19, 19, 19, 19, 19, 19, 19, 19, 19, 19, 19, 19, 19, 19, 19, 19, 19, 19, 19, 19, 19, 19, 19, 19, 19, 19, 19, 19, 19, 19, 19, 19, 19, 19, 19, 19, 19, 19, 19, 19, 19, 19, 19, 19, 19, 19, 19, 19, 19, 19, 19, 19, 19, 19, 19, 19, 19, 19, 19, 19, 19, 19, 19, 19, 19, 19, 19, 19, 19, 19, 19, 19, 19, 19, 19, 19, 19, 19, 19, 19, 19, 19, 19, 19, 19, 19, 19, 19, 19, 19, 19, 19, 19, 19, 19, 19, 19, 19, 19, 19, 19, 19, 19, 19, 19, 19, 19, 19, 19, 19, 19, 19, 19, 19, 19, 19, 19, 19, 19, 19, 19, 19, 19, 19, 19, 19, 19, 19]",180,"[0.34023281931877136, 0.3326769769191742, 0.26521140336990356, 0.24226778745651245, 0.22474856674671173, 0.2163553237915039, 0.2165350466966629, 0.1968958079814911, 0.22478342056274414, 0.2380327582359314, 0.19716036319732666, 0.17690610885620117, 0.19455023109912872, 0.19400309026241302, 0.18225371837615967, 0.1902426779270172, 0.173698291182518, 0.16084584593772888, 0.1888827681541443, 0.16420680284500122, 0.1608777493238449, 0.169960156083107, 0.16962116956710815, 0.16281656920909882, 0.17734165489673615, 0.15953806042671204, 0.16790340840816498, 0.16196702420711517, 0.16119761765003204, 0.14581315219402313, 0.15046434104442596, 0.18245907127857208, 0.15350936353206635, 0.15473611652851105, 0.16407136619091034, 0.1479019671678543, 0.16245999932289124, 0.20046064257621765, 0.14016617834568024, 0.1483299285173416, 0.15051774680614471, 0.15471118688583374, 0.1527889370918274, 0.14591896533966064, 0.14147299528121948, 0.16414056718349457, 0.14572054147720337, 0.14724916219711304, 0.15166546404361725, 0.1466684639453888, 0.15112875401973724, 0.1766228824853897, 0.1613202542066574, 0.14718332886695862, 0.17566165328025818, 0.14365361630916595, 0.14377352595329285, 0.14933079481124878, 0.14505837857723236, 0.15906812250614166, 0.15851514041423798, 0.15051977336406708, 0.15791602432727814, 0.15034444630146027, 0.15583503246307373, 0.1451270431280136, 0.1540580838918686, 0.1633518934249878, 0.15049666166305542, 0.1608407348394394, 0.15066812932491302, 0.14634846150875092, 0.15232394635677338, 0.17898806929588318, 0.1974988579750061, 0.16275466978549957, 0.16271501779556274, 0.14846649765968323, 0.1791248768568039, 0.14953479170799255, 0.15446385741233826, 0.1592528074979782, 0.23215772211551666, 0.17523889243602753, 0.15496033430099487, 0.18689998984336853, 0.15549522638320923, 0.1777074933052063, 0.19140230119228363, 0.16024832427501678, 0.17163418233394623, 0.1658821702003479, 0.17859405279159546, 0.1606581062078476, 0.19961780309677124, 0.16275903582572937, 0.19076237082481384, 0.16352024674415588, 0.1754230558872223, 0.16339688003063202, 0.16943755745887756, 0.17700029909610748, 0.18655066192150116, 0.17546401917934418, 0.18349431455135345, 0.161356121301651, 0.16325010359287262, 0.1831417977809906, 0.16411195695400238, 0.1781669408082962, 0.19117511808872223, 0.17895206809043884, 0.18174952268600464, 0.2028525471687317, 0.17519420385360718, 0.18273301422595978, 0.19727358222007751, 0.18956561386585236, 0.18298092484474182, 0.1792997568845749, 0.20314660668373108, 0.19610191881656647, 0.18478156626224518, 0.17733030021190643, 0.20983102917671204, 0.21205852925777435, 0.22133362293243408, 0.19447799026966095, 0.18818673491477966, 0.21528629958629608, 0.2129979133605957, 0.18032890558242798, 0.18771575391292572, 0.24515894055366516, 0.18592382967472076, 0.23134592175483704, 0.2068329006433487, 0.2039753794670105, 0.1890607625246048, 0.2015802562236786, 0.1980464607477188, 0.2088354080915451, 0.23631273210048676, 0.254576712846756, 0.2276504933834076, 0.19419695436954498, 0.18844197690486908, 0.19791147112846375, 0.1917920559644699, 0.1998584121465683, 0.2642045319080353, 0.19409488141536713, 0.19342079758644104, 0.2054423838853836, 0.22117497026920319, 0.1926921010017395, 0.23303182423114777, 0.21036428213119507, 0.20092324912548065, 0.21027784049510956, 0.22524893283843994, 0.21834112703800201, 0.21967411041259766, 0.23301947116851807, 0.2326272428035736, 0.22038798034191132, 0.20247283577919006, 0.2115541696548462, 0.19728462398052216, 0.20361387729644775, 0.2028980851173401, 0.19478380680084229, 0.2314857691526413, 0.22125865519046783, 0.20365720987319946, 0.19821614027023315, 0.22693447768688202, 0.21991129219532013, 0.21480001509189606, 0.20627272129058838]",19.0,"[33.0, 33.0, 33.0, 33.0, 27.0, 21.0, 21.0, 21.0, 21.0, 21.0, 21.0, 20.0, 20.0, 20.0, 20.0, 20.0, 20.0, 20.0, 20.0, 20.0, 20.0, 20.0, 20.0, 20.0, 20.0, 20.0, 20.0, 20.0, 20.0, 20.0, 20.0, 20.0, 20.0, 20.0, 20.0, 20.0, 20.0, 20.0, 20.0, 20.0, 20.0, 20.0, 20.0, 20.0, 20.0, 20.0, 19.0, 19.0, 19.0, 19.0, 19.0, 19.0, 19.0, 19.0, 19.0, 19.0, 19.0, 19.0, 19.0, 19.0, 19.0, 19.0, 19.0, 19.0, 19.0, 19.0, 19.0, 19.0, 19.0, 19.0, 19.0, 19.0, 19.0, 19.0, 19.0, 19.0, 19.0, 19.0, 19.0, 19.0, 19.0, 19.0, 19.0, 19.0, 19.0, 19.0, 19.0, 19.0, 19.0, 19.0, 19.0, 19.0, 19.0, 19.0, 19.0, 19.0, 19.0, 19.0, 19.0, 19.0, 19.0, 19.0, 19.0, 19.0, 19.0, 19.0, 19.0, 19.0, 19.0, 19.0, 19.0, 19.0, 19.0, 19.0, 19.0, 19.0, 19.0, 19.0, 19.0, 19.0, 19.0, 19.0, 19.0, 19.0, 19.0, 19.0, 19.0, 19.0, 19.0, 19.0, 19.0, 19.0, 19.0, 19.0, 19.0, 19.0, 19.0, 19.0, 19.0, 19.0, 19.0, 19.0, 19.0, 19.0, 19.0, 19.0, 19.0, 19.0, 19.0, 19.0, 19.0, 19.0, 19.0, 19.0, 19.0, 19.0, 19.0, 19.0, 19.0, 19.0, 19.0, 19.0, 19.0, 19.0, 19.0, 19.0, 19.0, 19.0, 19.0, 19.0, 19.0, 19.0, 19.0, 19.0, 19.0, 19.0, 19.0, 19.0, 19.0, 19.0]",COMPLETE
15,15,0.9140678337262176,2024-08-31 01:03:37.088070,2024-08-31 01:08:00.955779,0 days 00:04:23.867709,16,4.368922800672103,6,185,0.004119260967891287,80,0.0005268790872432511,0.931,0.92875,12,"[33, 33, 33, 33, 33, 33, 33, 33, 33, 33, 33, 21, 20, 18, 18, 15, 15, 15, 15, 15, 15, 15, 15, 15, 15, 15, 15, 15, 15, 15, 15, 15, 15, 15, 15, 15, 14, 14, 14, 14, 14, 14, 14, 14, 14, 14, 14, 14, 14, 14, 14, 14, 14, 14, 14, 14, 14, 14, 14, 14, 14, 14, 14, 14, 14, 14, 14, 14, 14, 14, 14, 14, 14, 14, 14, 14, 14, 14, 14, 14, 14, 14, 14, 14, 14, 14, 14, 14, 13, 13, 13, 13, 13, 13, 13, 13, 13, 13, 13, 13, 13, 13, 13, 13, 13, 13, 13, 13, 13, 13, 13, 13, 13, 13, 13, 13, 13, 13, 13, 13, 13, 13, 13, 13, 13, 13, 13, 13, 13, 13, 12, 12, 12, 12, 12, 12, 12, 12, 12, 12, 12, 12, 12, 12, 12, 12, 12, 12, 12, 12, 12, 12, 12, 12, 12, 12, 12, 12, 12, 12, 12, 12, 12, 12, 12, 12, 12, 12, 12, 12, 12, 12, 12, 12, 12, 12, 12, 12, 12, 12, 12, 12, 12, 12, 12]",11.976190476190474,"[32.903174603174605, 32.903571428571425, 32.89821428571429, 32.89861111111111, 32.91111111111111, 32.90535714285714, 32.90238095238095, 32.903571428571425, 32.901984126984125, 32.91607142857143, 32.90952380952381, 20.94246031746032, 19.94900793650794, 17.953174603174606, 17.94920634920635, 14.964484126984127, 14.959523809523807, 14.962698412698412, 14.957539682539682, 14.960119047619047, 14.961309523809524, 14.963492063492064, 14.964484126984129, 14.965873015873015, 14.96388888888889, 14.963888888888889, 14.970238095238097, 14.965674603174604, 14.964484126984127, 14.962896825396825, 14.965873015873015, 14.966071428571428, 14.966865079365078, 14.965476190476192, 14.964484126984129, 14.957738095238096, 13.961309523809522, 13.96547619047619, 13.96547619047619, 13.970436507936508, 13.967063492063492, 13.967460317460317, 13.966468253968253, 13.969246031746032, 13.965277777777777, 13.969444444444445, 13.970039682539683, 13.966269841269844, 13.965674603174604, 13.969642857142857, 13.966666666666667, 13.968253968253968, 13.969246031746032, 13.966865079365078, 13.967460317460318, 13.969246031746032, 13.966071428571428, 13.968055555555555, 13.967460317460318, 13.963492063492065, 13.962301587301587, 13.962698412698412, 13.966269841269842, 13.966468253968253, 13.967857142857143, 13.965873015873015, 13.966071428571428, 13.962301587301589, 13.96388888888889, 13.964285714285714, 13.969444444444443, 13.965674603174604, 13.966468253968253, 13.966865079365078, 13.967261904761905, 13.967063492063492, 13.972023809523812, 13.968055555555555, 13.964682539682542, 13.965079365079365, 13.968055555555557, 13.970039682539685, 13.964682539682538, 13.964285714285714, 13.966468253968253, 13.96170634920635, 13.966071428571427, 13.964682539682538, 12.965674603174604, 12.967063492063492, 12.970039682539683, 12.966468253968253, 12.968849206349207, 12.96984126984127, 12.962301587301589, 12.96547619047619, 12.964880952380954, 12.968650793650793, 12.971825396825398, 12.967857142857143, 12.972619047619048, 12.970833333333333, 12.966071428571428, 12.966666666666669, 12.966269841269842, 12.968253968253968, 12.969642857142857, 12.967261904761905, 12.96984126984127, 12.971428571428572, 12.971230158730158, 12.967261904761905, 12.96825396825397, 12.971626984126985, 12.970436507936506, 12.96904761904762, 12.969444444444445, 12.97202380952381, 12.971825396825395, 12.970634920634922, 12.970238095238095, 12.969642857142858, 12.97142857142857, 12.969246031746032, 12.971428571428572, 12.973015873015873, 12.969047619047618, 12.971626984126985, 12.972222222222221, 12.967460317460318, 11.971825396825398, 11.974603174603175, 11.976190476190478, 11.976388888888888, 11.971626984126983, 11.974404761904761, 11.973809523809525, 11.975396825396825, 11.975396825396825, 11.974404761904761, 11.973015873015873, 11.974206349206348, 11.971825396825398, 11.973809523809523, 11.971428571428572, 11.973015873015873, 11.972222222222223, 11.97142857142857, 11.971825396825396, 11.972420634920635, 11.973015873015873, 11.971626984126985, 11.969444444444443, 11.96904761904762, 11.971428571428572, 11.970436507936506, 11.969246031746032, 11.97420634920635, 11.973809523809525, 11.971230158730158, 11.971230158730158, 11.970436507936508, 11.969246031746032, 11.970238095238095, 11.972619047619048, 11.973412698412698, 11.970238095238095, 11.974007936507938, 11.97281746031746, 11.973809523809523, 11.972023809523808, 11.97202380952381, 11.972222222222223, 11.971825396825396, 11.974404761904761, 11.972619047619046, 11.974801587301586, 11.970833333333331, 11.971825396825396, 11.970039682539682, 11.972420634920635, 11.976190476190476, 11.97579365079365, 11.975992063492065, 11.976190476190474]",0.9114094403025123,0.9140678337262176,12,"[33, 33, 33, 33, 33, 33, 33, 33, 33, 33, 33, 21, 20, 18, 18, 15, 15, 15, 15, 15, 15, 15, 15, 15, 15, 15, 15, 15, 15, 15, 15, 15, 15, 15, 15, 15, 14, 14, 14, 14, 14, 14, 14, 14, 14, 14, 14, 14, 14, 14, 14, 14, 14, 14, 14, 14, 14, 14, 14, 14, 14, 14, 14, 14, 14, 14, 14, 14, 14, 14, 14, 14, 14, 14, 14, 14, 14, 14, 14, 14, 14, 14, 14, 14, 14, 14, 14, 14, 13, 13, 13, 13, 13, 13, 13, 13, 13, 13, 13, 13, 13, 13, 13, 13, 13, 13, 13, 13, 13, 13, 13, 13, 13, 13, 13, 13, 13, 13, 13, 13, 13, 13, 13, 13, 13, 13, 13, 13, 13, 13, 12, 12, 12, 12, 12, 12, 12, 12, 12, 12, 12, 12, 12, 12, 12, 12, 12, 12, 12, 12, 12, 12, 12, 12, 12, 12, 12, 12, 12, 12, 12, 12, 12, 12, 12, 12, 12, 12, 12, 12, 12, 12, 12, 12, 12, 12, 12, 12, 12, 12, 12, 12, 12, 12, 12]",185,"[0.37434518337249756, 0.36237603425979614, 0.35618335008621216, 0.35483261942863464, 0.33993297815322876, 0.33315423130989075, 0.3245089054107666, 0.3124169409275055, 0.32749807834625244, 0.2892012596130371, 0.275974839925766, 0.2690146863460541, 0.2594379782676697, 0.2559671401977539, 0.24604350328445435, 0.247910276055336, 0.24620023369789124, 0.23790284991264343, 0.2525445818901062, 0.23707441985607147, 0.2239687591791153, 0.22242696583271027, 0.22183990478515625, 0.21643033623695374, 0.21290594339370728, 0.21220506727695465, 0.2149779349565506, 0.21962590515613556, 0.20577818155288696, 0.20894819498062134, 0.20464500784873962, 0.20233696699142456, 0.20543955266475677, 0.19999226927757263, 0.200209841132164, 0.19580291211605072, 0.20491570234298706, 0.19644176959991455, 0.19223204255104065, 0.19222669303417206, 0.19353772699832916, 0.19599193334579468, 0.19229072332382202, 0.1917129009962082, 0.19799819588661194, 0.19639238715171814, 0.1921457052230835, 0.1888958215713501, 0.2067205011844635, 0.202305406332016, 0.1867803931236267, 0.21683377027511597, 0.21410174667835236, 0.18685458600521088, 0.19702406227588654, 0.2100641429424286, 0.18378953635692596, 0.21466046571731567, 0.18981073796749115, 0.1855262964963913, 0.18434511125087738, 0.18637685477733612, 0.18467991054058075, 0.18043427169322968, 0.22172380983829498, 0.1813013106584549, 0.17800091207027435, 0.1888856142759323, 0.1764618158340454, 0.18414558470249176, 0.183046355843544, 0.1860606074333191, 0.18886743485927582, 0.19889165461063385, 0.17421427369117737, 0.17715442180633545, 0.17373038828372955, 0.17706714570522308, 0.18873925507068634, 0.17826060950756073, 0.17154589295387268, 0.17444251477718353, 0.17933820188045502, 0.18343164026737213, 0.232707217335701, 0.1875775009393692, 0.17101885378360748, 0.21973085403442383, 0.20914672315120697, 0.19578483700752258, 0.23302124440670013, 0.1952386051416397, 0.19432660937309265, 0.21894167363643646, 0.20220188796520233, 0.1972140371799469, 0.19796258211135864, 0.21335524320602417, 0.19804790616035461, 0.19592352211475372, 0.19892248511314392, 0.19596819579601288, 0.19697575271129608, 0.20018398761749268, 0.19739963114261627, 0.19641421735286713, 0.19707877933979034, 0.19525262713432312, 0.19797129929065704, 0.199881911277771, 0.1994341015815735, 0.19849109649658203, 0.21468418836593628, 0.19721578061580658, 0.19999057054519653, 0.20370237529277802, 0.1987180858850479, 0.19822514057159424, 0.20133693516254425, 0.1969926953315735, 0.19900783896446228, 0.20092244446277618, 0.20158571004867554, 0.19831949472427368, 0.2019517868757248, 0.19966907799243927, 0.20324596762657166, 0.1998121291399002, 0.19869348406791687, 0.20708829164505005, 0.21064820885658264, 0.2050282061100006, 0.206314355134964, 0.2045566886663437, 0.20558540523052216, 0.2048494964838028, 0.2113962322473526, 0.20986323058605194, 0.20511770248413086, 0.2028445601463318, 0.2026595175266266, 0.2117195874452591, 0.2060752660036087, 0.20427227020263672, 0.2009170949459076, 0.2001865804195404, 0.20171847939491272, 0.20499958097934723, 0.20563039183616638, 0.20260515809059143, 0.2001141905784607, 0.20663651823997498, 0.20019906759262085, 0.2030518501996994, 0.2054128795862198, 0.20318031311035156, 0.20469391345977783, 0.2054068148136139, 0.2048429250717163, 0.22042927145957947, 0.21659031510353088, 0.2001463919878006, 0.20063190162181854, 0.21022015810012817, 0.19944632053375244, 0.2117050290107727, 0.21025386452674866, 0.22016935050487518, 0.2026301920413971, 0.20347389578819275, 0.21838462352752686, 0.2067754864692688, 0.2069227397441864, 0.21643060445785522, 0.20386874675750732, 0.20250624418258667, 0.20337773859500885, 0.2063441276550293, 0.20397813618183136, 0.20483222603797913, 0.20400768518447876, 0.20316310226917267, 0.20689144730567932, 0.22137309610843658, 0.20449629426002502]",12.0,"[33.0, 33.0, 33.0, 33.0, 33.0, 33.0, 33.0, 33.0, 33.0, 33.0, 33.0, 21.0, 20.0, 18.0, 18.0, 15.0, 15.0, 15.0, 15.0, 15.0, 15.0, 15.0, 15.0, 15.0, 15.0, 15.0, 15.0, 15.0, 15.0, 15.0, 15.0, 15.0, 15.0, 15.0, 15.0, 15.0, 14.0, 14.0, 14.0, 14.0, 14.0, 14.0, 14.0, 14.0, 14.0, 14.0, 14.0, 14.0, 14.0, 14.0, 14.0, 14.0, 14.0, 14.0, 14.0, 14.0, 14.0, 14.0, 14.0, 14.0, 14.0, 14.0, 14.0, 14.0, 14.0, 14.0, 14.0, 14.0, 14.0, 14.0, 14.0, 14.0, 14.0, 14.0, 14.0, 14.0, 14.0, 14.0, 14.0, 14.0, 14.0, 14.0, 14.0, 14.0, 14.0, 14.0, 14.0, 14.0, 13.0, 13.0, 13.0, 13.0, 13.0, 13.0, 13.0, 13.0, 13.0, 13.0, 13.0, 13.0, 13.0, 13.0, 13.0, 13.0, 13.0, 13.0, 13.0, 13.0, 13.0, 13.0, 13.0, 13.0, 13.0, 13.0, 13.0, 13.0, 13.0, 13.0, 13.0, 13.0, 13.0, 13.0, 13.0, 13.0, 13.0, 13.0, 13.0, 13.0, 13.0, 13.0, 12.0, 12.0, 12.0, 12.0, 12.0, 12.0, 12.0, 12.0, 12.0, 12.0, 12.0, 12.0, 12.0, 12.0, 12.0, 12.0, 12.0, 12.0, 12.0, 12.0, 12.0, 12.0, 12.0, 12.0, 12.0, 12.0, 12.0, 12.0, 12.0, 12.0, 12.0, 12.0, 12.0, 12.0, 12.0, 12.0, 12.0, 12.0, 12.0, 12.0, 12.0, 12.0, 12.0, 12.0, 12.0, 12.0, 12.0, 12.0, 12.0, 12.0, 12.0, 12.0, 12.0, 12.0, 12.0]",COMPLETE
