,number,value,datetime_start,datetime_complete,duration,params_batch_size_scaler,params_constant_learning_rate,params_depth,params_epochs,params_kernel_l2,params_num_trees,params_temperature,user_attrs_accuracy_test,user_attrs_accuracy_valid,user_attrs_approximate_feature_sparsity,user_attrs_approximate_feature_sparsity_history,user_attrs_approximate_weight_sparsity,user_attrs_approximate_weight_sparsity_history,user_attrs_auc_test,user_attrs_auc_valid,user_attrs_feature_sparsity,user_attrs_feature_sparsity_history,user_attrs_num_epochs,user_attrs_val_loss_history,user_attrs_weight_sparsity,user_attrs_weight_sparsity_history,state
119,119,0.9349615488657881,2024-08-31 05:33:36.800313,2024-08-31 05:34:24.411042,0 days 00:00:47.610729,16,0.30721906300076646,3,480,0.016034265335461137,20,0.0001092763736838051,0.945,0.945,32,"[33, 33, 33, 33, 33, 33, 33, 33, 33, 33, 33, 33, 33, 33, 33, 33, 33, 33, 33, 33, 33, 33, 33, 33, 33, 33, 33, 33, 33, 33, 33, 33, 33, 33, 33, 33, 33, 33, 33, 33, 33, 33, 33, 33, 33, 33, 33, 33, 33, 33, 33, 33, 33, 33, 33, 33, 33, 33, 33, 33, 33, 33, 33, 33, 33, 33, 33, 33, 33, 33, 33, 33, 33, 33, 33, 33, 33, 33, 33, 33, 33, 33, 33, 33, 33, 33, 33, 33, 33, 33, 33, 33, 33, 33, 33, 33, 33, 33, 33, 33, 33, 33, 33, 33, 33, 33, 33, 33, 33, 33, 33, 33, 33, 33, 33, 33, 33, 33, 33, 33, 33, 33, 33, 33, 33, 33, 33, 33, 33, 33, 33, 33, 33, 33, 33, 33, 33, 33, 33, 33, 33, 33, 33, 33, 33, 33, 33, 33, 33, 33, 33, 33, 33, 33, 33, 33, 33, 33, 33, 33, 33, 33, 33, 33, 33, 33, 33, 33, 33, 33, 33, 33, 33, 33, 33, 33, 33, 33, 33, 33, 33, 33, 33, 33, 33, 33, 33, 33, 33, 33, 33, 33, 33, 33, 33, 33, 33, 33, 33, 33, 33, 33, 33, 33, 33, 33, 33, 33, 33, 33, 33, 33, 33, 33, 33, 33, 33, 33, 33, 33, 33, 33, 33, 33, 33, 33, 33, 33, 33, 33, 33, 33, 33, 33, 33, 33, 33, 33, 33, 33, 33, 33, 33, 33, 33, 33, 33, 33, 33, 33, 33, 33, 33, 33, 33, 33, 33, 33, 33, 33, 33, 33, 33, 33, 33, 33, 33, 33, 33, 33, 33, 33, 33, 33, 33, 33, 33, 33, 33, 33, 33, 33, 33, 33, 33, 33, 33, 33, 33, 33, 33, 33, 33, 33, 33, 33, 33, 33, 33, 33, 33, 33, 33, 33, 33, 33, 33, 33, 33, 33, 33, 33, 33, 33, 33, 33, 33, 33, 33, 33, 33, 33, 33, 33, 33, 33, 33, 33, 33, 33, 33, 33, 33, 33, 33, 33, 33, 33, 33, 33, 33, 33, 33, 33, 33, 33, 33, 33, 33, 33, 33, 33, 33, 33, 33, 33, 33, 33, 33, 33, 33, 33, 33, 33, 33, 33, 33, 33, 33, 33, 33, 33, 33, 33, 33, 33, 33, 33, 33, 33, 33, 33, 33, 33, 33, 33, 33, 33, 33, 33, 33, 33, 33, 33, 33, 33, 33, 33, 33, 33, 33, 33, 33, 33, 33, 33, 33, 33, 33, 33, 33, 33, 33, 33, 33, 33, 33, 33, 33, 32, 32, 32, 32, 32, 32, 32, 32, 32, 32, 32, 32, 32, 32, 32, 32, 32, 32, 32, 32, 32, 32, 32, 32, 32, 32, 32, 32, 32, 32, 32, 32, 32, 32, 32, 32, 32, 32, 32, 32, 32, 32, 32, 32, 32, 32, 32, 32, 32, 32, 32, 32, 32, 32, 32, 32, 32, 32, 32, 32, 32]",31.964285714285715,"[32.98571428571429, 32.99285714285715, 32.971428571428575, 32.99285714285715, 32.98571428571429, 32.99285714285715, 32.971428571428575, 32.98571428571429, 33.0, 32.964285714285715, 32.99285714285715, 32.971428571428575, 32.97857142857143, 32.98571428571429, 33.0, 32.99285714285715, 32.95, 32.971428571428575, 32.97857142857143, 32.99285714285715, 33.0, 32.964285714285715, 32.98571428571429, 32.99285714285715, 32.97857142857143, 32.99285714285715, 32.97857142857143, 32.98571428571429, 33.0, 32.99285714285715, 32.99285714285715, 32.99285714285715, 32.98571428571429, 32.98571428571429, 32.97857142857143, 32.97857142857143, 32.98571428571429, 32.971428571428575, 32.98571428571429, 32.971428571428575, 32.97857142857143, 32.99285714285715, 32.97857142857143, 32.971428571428575, 32.97857142857143, 32.99285714285715, 32.99285714285715, 32.971428571428575, 32.99285714285715, 32.99285714285715, 32.964285714285715, 32.97857142857143, 32.97857142857143, 32.98571428571429, 32.97857142857143, 32.99285714285715, 32.971428571428575, 32.99285714285714, 33.0, 32.99285714285715, 32.97857142857143, 32.99285714285715, 33.0, 32.971428571428575, 32.971428571428575, 32.99285714285715, 32.99285714285715, 32.97857142857143, 32.98571428571429, 32.99285714285715, 32.97857142857143, 32.97857142857143, 32.97857142857143, 32.99285714285714, 33.0, 33.0, 32.97857142857143, 32.99285714285715, 33.0, 32.98571428571429, 32.99285714285715, 33.0, 33.0, 32.98571428571429, 32.98571428571429, 32.98571428571429, 32.99285714285715, 32.98571428571429, 32.98571428571429, 32.97857142857143, 33.0, 32.98571428571429, 32.99285714285715, 33.0, 32.99285714285715, 33.0, 32.98571428571429, 32.98571428571429, 32.97857142857143, 32.971428571428575, 32.964285714285715, 32.97857142857143, 32.99285714285715, 32.971428571428575, 32.957142857142856, 32.97857142857143, 32.971428571428575, 32.99285714285715, 32.97857142857143, 32.97857142857143, 32.97857142857143, 32.97857142857143, 32.97857142857143, 32.97857142857143, 32.97857142857143, 32.971428571428575, 32.99285714285715, 32.99285714285715, 32.99285714285715, 32.97857142857143, 32.971428571428575, 32.98571428571429, 32.99285714285715, 33.0, 32.98571428571429, 32.99285714285715, 32.971428571428575, 32.97857142857143, 32.98571428571429, 33.0, 32.98571428571429, 32.99285714285715, 32.971428571428575, 32.98571428571429, 32.99285714285715, 32.99285714285715, 32.99285714285715, 33.0, 32.98571428571429, 33.0, 32.99285714285715, 32.99285714285715, 32.99285714285715, 32.971428571428575, 32.971428571428575, 32.99285714285715, 32.99285714285715, 32.971428571428575, 32.98571428571429, 32.97857142857143, 32.97857142857143, 32.98571428571429, 32.97857142857143, 32.98571428571429, 32.98571428571429, 32.98571428571429, 32.97857142857143, 32.99285714285715, 32.98571428571429, 32.964285714285715, 32.99285714285715, 32.97857142857143, 32.98571428571429, 32.97857142857143, 32.971428571428575, 32.957142857142856, 32.97857142857143, 33.0, 32.98571428571429, 32.99285714285715, 32.98571428571429, 32.97857142857143, 32.99285714285715, 32.99285714285715, 32.98571428571429, 32.99285714285715, 32.99285714285715, 33.0, 32.99285714285715, 33.0, 32.99285714285715, 32.97857142857143, 32.99285714285715, 32.98571428571429, 32.97857142857143, 32.98571428571429, 32.97857142857143, 32.99285714285715, 32.97857142857143, 32.98571428571429, 32.98571428571429, 33.0, 32.99285714285715, 32.964285714285715, 32.98571428571429, 32.964285714285715, 32.97142857142857, 32.97857142857143, 32.964285714285715, 32.964285714285715, 32.964285714285715, 32.97142857142857, 32.97857142857143, 32.97142857142857, 32.97142857142857, 32.98571428571429, 32.97857142857143, 32.97857142857143, 32.957142857142856, 32.971428571428575, 32.98571428571429, 32.99285714285715, 32.98571428571429, 32.97857142857143, 32.97857142857143, 32.97857142857143, 32.99285714285715, 32.99285714285715, 32.97857142857143, 32.971428571428575, 32.971428571428575, 33.0, 32.97857142857143, 32.97857142857143, 32.98571428571429, 32.971428571428575, 32.97857142857143, 32.964285714285715, 32.99285714285715, 32.971428571428575, 32.97857142857143, 32.964285714285715, 32.971428571428575, 32.98571428571429, 32.964285714285715, 32.99285714285715, 32.98571428571429, 32.97857142857143, 32.97857142857143, 32.98571428571429, 32.99285714285715, 32.98571428571429, 32.98571428571429, 32.964285714285715, 32.98571428571429, 32.99285714285715, 32.99285714285715, 32.98571428571429, 32.97857142857143, 32.97857142857143, 32.98571428571429, 32.99285714285715, 32.99285714285715, 32.99285714285715, 32.99285714285715, 32.98571428571429, 32.964285714285715, 32.98571428571429, 32.99285714285715, 32.99285714285715, 32.99285714285715, 33.0, 32.97857142857143, 32.97857142857143, 32.97857142857143, 32.964285714285715, 32.971428571428575, 32.97857142857143, 32.97857142857143, 32.98571428571429, 32.99285714285715, 32.964285714285715, 32.99285714285715, 32.971428571428575, 32.97857142857143, 32.98571428571429, 32.97857142857143, 32.97857142857143, 32.97857142857143, 32.964285714285715, 32.964285714285715, 32.99285714285715, 32.97857142857143, 33.0, 33.0, 33.0, 32.99285714285715, 32.98571428571429, 32.99285714285715, 33.0, 33.0, 33.0, 33.0, 32.98571428571429, 32.99285714285715, 32.98571428571429, 32.97857142857143, 32.98571428571429, 32.99285714285715, 32.99285714285715, 33.0, 32.98571428571429, 33.0, 33.0, 32.99285714285715, 32.97857142857143, 32.99285714285715, 32.99285714285715, 32.99285714285715, 32.98571428571429, 33.0, 32.99285714285715, 32.98571428571429, 32.99285714285715, 32.97857142857143, 32.98571428571429, 32.98571428571429, 33.0, 32.99285714285714, 33.0, 33.0, 33.0, 32.99285714285715, 32.97857142857143, 32.99285714285715, 32.97857142857143, 32.98571428571429, 32.98571428571429, 32.964285714285715, 32.97857142857143, 32.98571428571429, 32.98571428571429, 32.98571428571429, 32.99285714285715, 32.971428571428575, 32.99285714285715, 32.98571428571429, 32.99285714285715, 32.99285714285715, 33.0, 32.99285714285715, 32.97857142857143, 32.98571428571429, 32.971428571428575, 32.964285714285715, 32.97857142857143, 32.964285714285715, 32.97142857142857, 32.964285714285715, 32.971428571428575, 32.971428571428575, 32.971428571428575, 32.99285714285715, 32.99285714285715, 32.97857142857143, 32.99285714285715, 32.98571428571429, 32.99285714285715, 32.98571428571429, 32.971428571428575, 32.971428571428575, 32.99285714285715, 32.97857142857143, 32.971428571428575, 32.97857142857143, 32.97857142857143, 32.99285714285715, 32.97857142857143, 32.971428571428575, 32.97857142857143, 32.971428571428575, 33.0, 32.98571428571429, 32.97857142857143, 32.97142857142857, 32.971428571428575, 32.99285714285715, 32.97857142857143, 32.971428571428575, 32.99285714285715, 32.99285714285715, 32.97857142857143, 32.98571428571429, 32.98571428571429, 32.971428571428575, 32.99285714285715, 32.97857142857143, 32.971428571428575, 32.98571428571429, 32.97857142857143, 32.97857142857143, 32.971428571428575, 32.97857142857143, 32.98571428571429, 32.98571428571429, 32.98571428571429, 32.98571428571429, 32.97857142857143, 32.97857142857143, 32.98571428571429, 33.0, 33.0, 33.0, 32.99285714285715, 32.98571428571429, 32.98571428571429, 32.97857142857143, 32.98571428571429, 32.98571428571429, 32.98571428571429, 32.97857142857143, 32.97857142857143, 32.98571428571429, 32.971428571428575, 32.97857142857143, 32.97857142857143, 32.971428571428575, 32.957142857142856, 32.964285714285715, 31.978571428571428, 31.964285714285715, 31.978571428571428, 31.964285714285715, 31.978571428571428, 31.978571428571428, 31.985714285714288, 31.985714285714288, 31.978571428571428, 32.0, 31.985714285714288, 31.992857142857144, 31.985714285714288, 31.957142857142856, 31.978571428571428, 31.97142857142857, 31.985714285714288, 31.97142857142857, 31.97857142857143, 31.964285714285715, 31.978571428571428, 31.95, 31.957142857142856, 31.950000000000003, 31.92857142857143, 31.942857142857143, 31.964285714285715, 31.985714285714288, 31.97142857142857, 31.97857142857143, 31.964285714285715, 31.985714285714288, 31.97142857142857, 31.978571428571428, 31.97142857142857, 31.97142857142857, 31.978571428571428, 31.978571428571428, 31.97142857142857, 31.97142857142857, 31.97142857142857, 31.978571428571428, 31.985714285714288, 31.985714285714288, 31.985714285714288, 31.985714285714288, 31.978571428571428, 31.978571428571428, 31.978571428571428, 31.992857142857144, 31.985714285714288, 31.978571428571428, 31.978571428571428, 31.978571428571428, 31.97142857142857, 31.95714285714286, 31.978571428571428, 31.97857142857143, 31.978571428571428, 31.957142857142856, 31.964285714285715]",0.9142248532435043,0.9349615488657881,32,"[33, 33, 33, 33, 33, 33, 33, 33, 33, 33, 33, 33, 33, 33, 33, 33, 33, 33, 33, 33, 33, 33, 33, 33, 33, 33, 33, 33, 33, 33, 33, 33, 33, 33, 33, 33, 33, 33, 33, 33, 33, 33, 33, 33, 33, 33, 33, 33, 33, 33, 33, 33, 33, 33, 33, 33, 33, 33, 33, 33, 33, 33, 33, 33, 33, 33, 33, 33, 33, 33, 33, 33, 33, 33, 33, 33, 33, 33, 33, 33, 33, 33, 33, 33, 33, 33, 33, 33, 33, 33, 33, 33, 33, 33, 33, 33, 33, 33, 33, 33, 33, 33, 33, 33, 33, 33, 33, 33, 33, 33, 33, 33, 33, 33, 33, 33, 33, 33, 33, 33, 33, 33, 33, 33, 33, 33, 33, 33, 33, 33, 33, 33, 33, 33, 33, 33, 33, 33, 33, 33, 33, 33, 33, 33, 33, 33, 33, 33, 33, 33, 33, 33, 33, 33, 33, 33, 33, 33, 33, 33, 33, 33, 33, 33, 33, 33, 33, 33, 33, 33, 33, 33, 33, 33, 33, 33, 33, 33, 33, 33, 33, 33, 33, 33, 33, 33, 33, 33, 33, 33, 33, 33, 33, 33, 33, 33, 33, 33, 33, 33, 33, 33, 33, 33, 33, 33, 33, 33, 33, 33, 33, 33, 33, 33, 33, 33, 33, 33, 33, 33, 33, 33, 33, 33, 33, 33, 33, 33, 33, 33, 33, 33, 33, 33, 33, 33, 33, 33, 33, 33, 33, 33, 33, 33, 33, 33, 33, 33, 33, 33, 33, 33, 33, 33, 33, 33, 33, 33, 33, 33, 33, 33, 33, 33, 33, 33, 33, 33, 33, 33, 33, 33, 33, 33, 33, 33, 33, 33, 33, 33, 33, 33, 33, 33, 33, 33, 33, 33, 33, 33, 33, 33, 33, 33, 33, 33, 33, 33, 33, 33, 33, 33, 33, 33, 33, 33, 33, 33, 33, 33, 33, 33, 33, 33, 33, 33, 33, 33, 33, 33, 33, 33, 33, 33, 33, 33, 33, 33, 33, 33, 33, 33, 33, 33, 33, 33, 33, 33, 33, 33, 33, 33, 33, 33, 33, 33, 33, 33, 33, 33, 33, 33, 33, 33, 33, 33, 33, 33, 33, 33, 33, 33, 33, 33, 33, 33, 33, 33, 33, 33, 33, 33, 33, 33, 33, 33, 33, 33, 33, 33, 33, 33, 33, 33, 33, 33, 33, 33, 33, 33, 33, 33, 33, 33, 33, 33, 33, 33, 33, 33, 33, 33, 33, 33, 33, 33, 33, 33, 33, 33, 33, 33, 33, 33, 33, 33, 33, 33, 33, 32, 32, 32, 32, 32, 32, 32, 32, 32, 32, 32, 32, 32, 32, 32, 32, 32, 32, 32, 32, 32, 32, 32, 32, 32, 32, 32, 32, 32, 32, 32, 32, 32, 32, 32, 32, 32, 32, 32, 32, 32, 32, 32, 32, 32, 32, 32, 32, 32, 32, 32, 32, 32, 32, 32, 32, 32, 32, 32, 32, 32]",480,"[0.39208588004112244, 0.3846781849861145, 0.3788825571537018, 0.37509873509407043, 0.37225234508514404, 0.36945876479148865, 0.366642564535141, 0.3641774356365204, 0.36185356974601746, 0.36076560616493225, 0.3574122190475464, 0.35590091347694397, 0.352284699678421, 0.34998923540115356, 0.34769535064697266, 0.3453398644924164, 0.34340164065361023, 0.34035494923591614, 0.33756449818611145, 0.3354175090789795, 0.3323077857494354, 0.33032286167144775, 0.326951265335083, 0.32427066564559937, 0.32150909304618835, 0.3187606632709503, 0.31594640016555786, 0.31323733925819397, 0.3105836808681488, 0.3078748881816864, 0.30421093106269836, 0.3014616072177887, 0.2985990643501282, 0.29590481519699097, 0.29276883602142334, 0.29077833890914917, 0.2877635955810547, 0.2854936122894287, 0.28362327814102173, 0.2803881764411926, 0.2779149115085602, 0.27649715542793274, 0.27434977889060974, 0.2723143696784973, 0.2705761790275574, 0.2680879533290863, 0.2681995928287506, 0.26516759395599365, 0.26348352432250977, 0.2618914842605591, 0.2601783275604248, 0.25903454422950745, 0.25751784443855286, 0.25516441464424133, 0.25422486662864685, 0.2531469464302063, 0.25186437368392944, 0.25075671076774597, 0.24935294687747955, 0.24705132842063904, 0.24687696993350983, 0.24542558193206787, 0.2463458627462387, 0.24224089086055756, 0.2433280199766159, 0.2404630482196808, 0.2390080988407135, 0.2374492883682251, 0.23676066100597382, 0.2355670928955078, 0.23577827215194702, 0.23401758074760437, 0.23309993743896484, 0.2362166941165924, 0.23109278082847595, 0.22967125475406647, 0.22911709547042847, 0.2287389636039734, 0.22821874916553497, 0.22652797400951385, 0.22557015717029572, 0.2248186469078064, 0.22322484850883484, 0.22300878167152405, 0.22111815214157104, 0.22051122784614563, 0.22036010026931763, 0.21933303773403168, 0.21808482706546783, 0.2215086817741394, 0.21748340129852295, 0.2175675332546234, 0.21628203988075256, 0.21502496302127838, 0.2162930816411972, 0.2150460034608841, 0.21554090082645416, 0.21367818117141724, 0.2118675261735916, 0.21207360923290253, 0.21079276502132416, 0.2099163830280304, 0.21030226349830627, 0.20961299538612366, 0.20881249010562897, 0.20979279279708862, 0.20877224206924438, 0.20767666399478912, 0.20691555738449097, 0.20792284607887268, 0.20598579943180084, 0.2074158638715744, 0.20569686591625214, 0.20690768957138062, 0.20529526472091675, 0.2056313306093216, 0.2052069902420044, 0.20275157690048218, 0.2025264948606491, 0.20239080488681793, 0.20228329300880432, 0.2021171748638153, 0.20252513885498047, 0.2016339898109436, 0.19987250864505768, 0.19920946657657623, 0.20010098814964294, 0.19922296702861786, 0.19886481761932373, 0.20060224831104279, 0.19819879531860352, 0.19755634665489197, 0.19901348650455475, 0.19720833003520966, 0.19679103791713715, 0.19727489352226257, 0.19711074233055115, 0.19708740711212158, 0.19886749982833862, 0.19583265483379364, 0.19530199468135834, 0.19480863213539124, 0.19456186890602112, 0.19565896689891815, 0.19501569867134094, 0.1948424130678177, 0.1940825879573822, 0.19541220366954803, 0.19454967975616455, 0.19499866664409637, 0.19471296668052673, 0.19451183080673218, 0.1932373195886612, 0.19374002516269684, 0.19295063614845276, 0.1923399120569229, 0.19398272037506104, 0.19365271925926208, 0.19320173561573029, 0.19597989320755005, 0.19292593002319336, 0.1925096958875656, 0.19289813935756683, 0.19253696501255035, 0.19177550077438354, 0.18988975882530212, 0.19098037481307983, 0.1912229359149933, 0.19391241669654846, 0.19212982058525085, 0.19197435677051544, 0.19355452060699463, 0.19048410654067993, 0.18960684537887573, 0.19083024561405182, 0.18996478617191315, 0.18969722092151642, 0.18945755064487457, 0.19226564466953278, 0.18984824419021606, 0.18852506577968597, 0.19302278757095337, 0.19001652300357819, 0.18801091611385345, 0.18771761655807495, 0.18984653055667877, 0.1889551877975464, 0.1897338479757309, 0.18894754350185394, 0.18824075162410736, 0.18868666887283325, 0.18891282379627228, 0.18744830787181854, 0.18808196485042572, 0.18822841346263885, 0.18815462291240692, 0.1865636110305786, 0.18727944791316986, 0.1876630038022995, 0.18787626922130585, 0.18756408989429474, 0.18662378191947937, 0.18816789984703064, 0.18776243925094604, 0.18755389750003815, 0.1858120560646057, 0.1876571774482727, 0.1885329782962799, 0.18648067116737366, 0.18837697803974152, 0.18609237670898438, 0.18738414347171783, 0.18623456358909607, 0.18781472742557526, 0.18672724068164825, 0.1866728961467743, 0.18599720299243927, 0.19002830982208252, 0.1856258362531662, 0.18644875288009644, 0.1857600063085556, 0.18671874701976776, 0.1883314698934555, 0.18825338780879974, 0.18597818911075592, 0.1848604381084442, 0.18545076251029968, 0.18604803085327148, 0.18526405096054077, 0.18480442464351654, 0.18596003949642181, 0.18675966560840607, 0.18544265627861023, 0.1848720908164978, 0.18576443195343018, 0.18501348793506622, 0.18487362563610077, 0.18524116277694702, 0.1863856166601181, 0.18688073754310608, 0.1861254870891571, 0.18429401516914368, 0.18544578552246094, 0.1849013715982437, 0.1840178370475769, 0.18597273528575897, 0.1861352175474167, 0.1845475733280182, 0.18737272918224335, 0.18494755029678345, 0.18442215025424957, 0.18541842699050903, 0.1848689466714859, 0.18430666625499725, 0.18552394211292267, 0.1837601661682129, 0.1840781718492508, 0.18511158227920532, 0.1867566704750061, 0.1848132461309433, 0.1857120543718338, 0.1863798350095749, 0.18498286604881287, 0.18584710359573364, 0.18475504219532013, 0.18598395586013794, 0.18308228254318237, 0.18487709760665894, 0.18438194692134857, 0.18418116867542267, 0.1838962435722351, 0.18319204449653625, 0.18294960260391235, 0.18248113989830017, 0.18538284301757812, 0.18439818918704987, 0.1854086071252823, 0.18647445738315582, 0.1848246455192566, 0.18365834653377533, 0.18744611740112305, 0.1852734535932541, 0.1859339475631714, 0.18371132016181946, 0.18406780064105988, 0.18391746282577515, 0.1859561949968338, 0.18499556183815002, 0.18474361300468445, 0.18527528643608093, 0.1853265017271042, 0.1842086762189865, 0.1843547374010086, 0.18352998793125153, 0.18563228845596313, 0.18365392088890076, 0.18420381844043732, 0.186130091547966, 0.1848183274269104, 0.1856052428483963, 0.18656660616397858, 0.1854441612958908, 0.1841198354959488, 0.1864338517189026, 0.1857871562242508, 0.18765006959438324, 0.18750305473804474, 0.18405036628246307, 0.18443550169467926, 0.18902528285980225, 0.18450376391410828, 0.18573978543281555, 0.1852368861436844, 0.1862451732158661, 0.18540839850902557, 0.18544596433639526, 0.18660394847393036, 0.1850324124097824, 0.18465949594974518, 0.18481852114200592, 0.1837937980890274, 0.18588875234127045, 0.1840822845697403, 0.18506480753421783, 0.18429560959339142, 0.1838655024766922, 0.18710149824619293, 0.18364353477954865, 0.18521787226200104, 0.18318228423595428, 0.1855819672346115, 0.18802712857723236, 0.18586860597133636, 0.18671901524066925, 0.18621674180030823, 0.18451336026191711, 0.18568596243858337, 0.1871050000190735, 0.18513740599155426, 0.18896642327308655, 0.18573379516601562, 0.1876826286315918, 0.18585219979286194, 0.1883884072303772, 0.18671268224716187, 0.18534183502197266, 0.18482044339179993, 0.18662138283252716, 0.1869799792766571, 0.18660688400268555, 0.18634530901908875, 0.18815086781978607, 0.18884128332138062, 0.18963457643985748, 0.18976165354251862, 0.18918362259864807, 0.18818308413028717, 0.1870405375957489, 0.18842832744121552, 0.18475960195064545, 0.18566764891147614, 0.18601731956005096, 0.18572461605072021, 0.1900397688150406, 0.1854320913553238, 0.18694284558296204, 0.18644171953201294, 0.18849973380565643, 0.19024056196212769, 0.19017726182937622, 0.19224151968955994, 0.19123372435569763, 0.18844078481197357, 0.18780335783958435, 0.18803119659423828, 0.18889585137367249, 0.18927578628063202, 0.186547189950943, 0.18821981549263, 0.18607355654239655, 0.18736585974693298, 0.19058647751808167, 0.1909276396036148, 0.19222670793533325, 0.18784397840499878, 0.1883476823568344, 0.19080613553524017, 0.18783248960971832, 0.18896342813968658, 0.18844933807849884, 0.18661919236183167, 0.1886647790670395, 0.18953900039196014, 0.19142687320709229, 0.18919450044631958, 0.1904420256614685, 0.1900937706232071, 0.1880865842103958, 0.18869420886039734, 0.18957197666168213, 0.18968841433525085, 0.18989677727222443, 0.18784953653812408, 0.18987572193145752, 0.18900027871131897, 0.18727415800094604, 0.19243848323822021, 0.1877833902835846, 0.18869870901107788, 0.19425112009048462, 0.1913466900587082, 0.19380493462085724, 0.18976560235023499, 0.18941143155097961, 0.18967409431934357, 0.1888921558856964, 0.19134022295