,number,value,datetime_start,datetime_complete,duration,params_batch_size_scaler,params_constant_learning_rate,params_depth,params_epochs,params_kernel_l2,params_num_trees,params_temperature,user_attrs_accuracy_test,user_attrs_accuracy_valid,user_attrs_approximate_feature_sparsity,user_attrs_approximate_feature_sparsity_history,user_attrs_approximate_weight_sparsity,user_attrs_approximate_weight_sparsity_history,user_attrs_auc_test,user_attrs_auc_valid,user_attrs_feature_sparsity,user_attrs_feature_sparsity_history,user_attrs_num_epochs,user_attrs_val_loss_history,user_attrs_weight_sparsity,user_attrs_weight_sparsity_history,state
67,67,0.7974713709729362,2024-08-31 03:27:43.244011,2024-08-31 03:28:22.209447,0 days 00:00:38.965436,64,0.48560805447852506,5,285,0.022609041694710785,8,0.008229534746016494,0.88,0.8725,3,"[33, 33, 33, 33, 33, 33, 33, 33, 33, 33, 33, 33, 33, 33, 33, 33, 33, 33, 33, 33, 33, 33, 33, 33, 30, 28, 24, 24, 18, 12, 6, 6, 5, 4, 4, 3, 3, 3, 3, 3, 3, 3, 3, 3, 3, 3, 3, 3, 3, 3, 3, 3, 3, 3, 3, 3, 3, 3, 3, 3, 3, 3, 3, 3, 3, 3, 3, 3, 3, 3, 3, 3, 3, 3, 3, 3, 3, 3, 3, 3, 3, 3, 3, 3, 3, 3, 3, 3, 3, 3, 3, 3, 3, 3, 3, 3, 3, 3, 3, 3, 3, 3, 3, 3, 3, 3, 3, 3, 3, 3, 3, 3, 3, 3, 3, 3, 3, 3, 3, 3, 3, 3, 3, 3, 3, 3, 3, 3, 3, 3, 3, 3, 3, 3, 3, 3, 3, 3, 3, 3, 3, 3, 3, 3, 3, 3, 3, 3, 3, 3, 3, 3, 3, 3, 3, 3, 3, 3, 3, 3, 3, 3, 3, 3, 3, 3, 3, 3, 3, 3, 3, 3, 3, 3, 3, 3, 3, 3, 3, 3, 3, 3, 3, 3, 3, 3, 3, 3, 3, 3, 3, 3, 3, 3, 3, 3, 3, 3, 3, 3, 3, 3, 3, 3, 3, 3, 3, 3, 3, 3, 3, 3, 3, 3, 3, 3, 3, 3, 3, 3, 3, 3, 3, 3, 3, 3, 3, 3, 3, 3, 3, 3, 3, 3, 3, 3, 3, 3, 3, 3, 3, 3, 3, 3, 3, 3, 3, 3, 3, 3, 3, 3, 3, 3, 3, 3, 3, 3, 3, 3, 3, 3, 3, 3, 3, 3, 3, 3, 3, 3, 3, 3, 3, 3, 3, 3, 3, 3, 3, 3, 3, 3, 3, 3, 3]",3.0,"[32.975806451612904, 32.975806451612904, 32.96370967741936, 32.97983870967742, 32.97983870967742, 32.971774193548384, 32.96370967741936, 32.975806451612904, 32.96370967741936, 32.975806451612904, 32.983870967741936, 32.975806451612904, 32.975806451612904, 32.971774193548384, 32.971774193548384, 32.971774193548384, 32.97983870967742, 32.97983870967742, 32.975806451612904, 32.96774193548387, 32.979838709677416, 32.98790322580645, 32.99193548387097, 32.971774193548384, 29.963709677419356, 27.991935483870968, 23.987903225806452, 23.987903225806452, 17.983870967741936, 11.991935483870968, 5.991935483870968, 5.991935483870968, 5.0, 3.995967741935484, 4.0, 2.995967741935484, 2.995967741935484, 2.995967741935484, 3.0, 3.0, 3.0, 2.9838709677419355, 2.991935483870968, 2.995967741935484, 3.0, 3.0, 2.995967741935484, 3.0, 3.0, 2.995967741935484, 2.995967741935484, 3.0, 3.0, 3.0, 3.0, 3.0, 3.0, 3.0, 3.0, 3.0, 3.0, 3.0, 3.0, 3.0, 3.0, 3.0, 3.0, 2.991935483870968, 2.991935483870968, 2.995967741935484, 2.995967741935484, 2.9879032258064515, 2.987903225806452, 2.991935483870968, 2.991935483870968, 2.987903225806452, 2.987903225806452, 2.995967741935484, 2.995967741935484, 3.0, 3.0, 3.0, 3.0, 2.995967741935484, 2.995967741935484, 2.995967741935484, 2.995967741935484, 2.995967741935484, 2.995967741935484, 2.995967741935484, 2.991935483870968, 3.0, 2.995967741935484, 2.995967741935484, 2.995967741935484, 2.995967741935484, 3.0, 3.0, 3.0, 3.0, 3.0, 2.991935483870968, 3.0, 3.0, 3.0, 3.0, 2.995967741935484, 2.995967741935484, 2.991935483870968, 2.995967741935484, 2.995967741935484, 2.995967741935484, 3.0, 3.0, 2.995967741935484, 3.0, 3.0, 3.0, 3.0, 3.0, 3.0, 3.0, 2.995967741935484, 3.0, 3.0, 2.995967741935484, 2.995967741935484, 2.991935483870968, 2.991935483870968, 2.991935483870968, 2.991935483870968, 2.995967741935484, 2.991935483870968, 2.995967741935484, 2.995967741935484, 2.991935483870968, 2.995967741935484, 2.995967741935484, 2.995967741935484, 2.995967741935484, 3.0, 3.0, 3.0, 3.0, 3.0, 3.0, 3.0, 3.0, 3.0, 3.0, 3.0, 3.0, 3.0, 3.0, 3.0, 3.0, 2.995967741935484, 3.0, 2.995967741935484, 3.0, 3.0, 3.0, 3.0, 2.995967741935484, 2.995967741935484, 3.0, 3.0, 2.995967741935484, 2.995967741935484, 2.995967741935484, 3.0, 3.0, 3.0, 3.0, 2.995967741935484, 2.995967741935484, 2.995967741935484, 3.0, 2.995967741935484, 2.995967741935484, 3.0, 3.0, 2.995967741935484, 3.0, 3.0, 3.0, 3.0, 3.0, 3.0, 3.0, 3.0, 3.0, 2.991935483870968, 2.987903225806452, 2.995967741935484, 3.0, 2.995967741935484, 3.0, 3.0, 3.0, 3.0, 3.0, 3.0, 3.0, 3.0, 3.0, 2.995967741935484, 2.995967741935484, 2.995967741935484, 2.995967741935484, 2.995967741935484, 3.0, 2.987903225806452, 2.995967741935484, 2.995967741935484, 2.995967741935484, 2.995967741935484, 2.991935483870968, 3.0, 3.0, 2.995967741935484, 3.0, 3.0, 3.0, 3.0, 3.0, 3.0, 3.0, 3.0, 3.0, 3.0, 3.0, 3.0, 3.0, 3.0, 3.0, 3.0, 3.0, 3.0, 3.0, 3.0, 3.0, 3.0, 3.0, 2.995967741935484, 3.0, 3.0, 3.0, 3.0, 3.0, 3.0, 3.0, 2.995967741935484, 2.995967741935484, 3.0, 3.0, 3.0, 3.0, 3.0, 3.0, 3.0, 3.0, 3.0, 3.0, 3.0, 3.0, 3.0, 3.0, 2.995967741935484, 2.995967741935484, 3.0, 3.0, 2.995967741935484, 2.991935483870968, 2.995967741935484, 3.0, 2.995967741935484, 3.0, 2.995967741935484, 2.995967741935484, 3.0, 3.0, 2.995967741935484, 3.0, 3.0]",0.8004937293075405,0.7974713709729362,3,"[33, 33, 33, 33, 33, 33, 33, 33, 33, 33, 33, 33, 33, 33, 33, 33, 33, 33, 33, 33, 33, 33, 33, 33, 30, 28, 24, 24, 18, 12, 6, 6, 5, 4, 4, 3, 3, 3, 3, 3, 3, 3, 3, 3, 3, 3, 3, 3, 3, 3, 3, 3, 3, 3, 3, 3, 3, 3, 3, 3, 3, 3, 3, 3, 3, 3, 3, 3, 3, 3, 3, 3, 3, 3, 3, 3, 3, 3, 3, 3, 3, 3, 3, 3, 3, 3, 3, 3, 3, 3, 3, 3, 3, 3, 3, 3, 3, 3, 3, 3, 3, 3, 3, 3, 3, 3, 3, 3, 3, 3, 3, 3, 3, 3, 3, 3, 3, 3, 3, 3, 3, 3, 3, 3, 3, 3, 3, 3, 3, 3, 3, 3, 3, 3, 3, 3, 3, 3, 3, 3, 3, 3, 3, 3, 3, 3, 3, 3, 3, 3, 3, 3, 3, 3, 3, 3, 3, 3, 3, 3, 3, 3, 3, 3, 3, 3, 3, 3, 3, 3, 3, 3, 3, 3, 3, 3, 3, 3, 3, 3, 3, 3, 3, 3, 3, 3, 3, 3, 3, 3, 3, 3, 3, 3, 3, 3, 3, 3, 3, 3, 3, 3, 3, 3, 3, 3, 3, 3, 3, 3, 3, 3, 3, 3, 3, 3, 3, 3, 3, 3, 3, 3, 3, 3, 3, 3, 3, 3, 3, 3, 3, 3, 3, 3, 3, 3, 3, 3, 3, 3, 3, 3, 3, 3, 3, 3, 3, 3, 3, 3, 3, 3, 3, 3, 3, 3, 3, 3, 3, 3, 3, 3, 3, 3, 3, 3, 3, 3, 3, 3, 3, 3, 3, 3, 3, 3, 3, 3, 3, 3, 3, 3, 3, 3, 3]",285,"[0.531408429145813, 0.46203508973121643, 0.42972710728645325, 0.4111191928386688, 0.40155789256095886, 0.39551058411598206, 0.3907966613769531, 0.38772088289260864, 0.38508400321006775, 0.3827986419200897, 0.3812083303928375, 0.37950894236564636, 0.3785735070705414, 0.3770636320114136, 0.3754839301109314, 0.37453824281692505, 0.3730772137641907, 0.3716551959514618, 0.37064895033836365, 0.3693813979625702, 0.36813822388648987, 0.36697518825531006, 0.3662206530570984, 0.36526453495025635, 0.3645564913749695, 0.36263999342918396, 0.36417311429977417, 0.3627084791660309, 0.3619942367076874, 0.36791932582855225, 0.3750852942466736, 0.37328729033470154, 0.3711586892604828, 0.37224847078323364, 0.37130969762802124, 0.37424740195274353, 0.37379029393196106, 0.37332335114479065, 0.3728906214237213, 0.37242239713668823, 0.3719734251499176, 0.37154728174209595, 0.3711439073085785, 0.37068867683410645, 0.37022531032562256, 0.3699807822704315, 0.36950644850730896, 0.369093120098114, 0.368552029132843, 0.3682096600532532, 0.36773011088371277, 0.3672546148300171, 0.36678898334503174, 0.36636942625045776, 0.36598092317581177, 0.36551281809806824, 0.365090936422348, 0.364625483751297, 0.3642177879810333, 0.36379122734069824, 0.36339619755744934, 0.3629489243030548, 0.3625536859035492, 0.36214137077331543, 0.36167803406715393, 0.36131930351257324, 0.3609035909175873, 0.360587477684021, 0.36021268367767334, 0.35983508825302124, 0.35947245359420776, 0.3590949773788452, 0.35864752531051636, 0.3581657111644745, 0.35763636231422424, 0.3572116196155548, 0.35675057768821716, 0.3563741445541382, 0.355851948261261, 0.3553912043571472, 0.3549523651599884, 0.3546425700187683, 0.3543509542942047, 0.3539648950099945, 0.35346999764442444, 0.35311660170555115, 0.3526872992515564, 0.3523823916912079, 0.35198473930358887, 0.3517032861709595, 0.3515681326389313, 0.35122671723365784, 0.35070115327835083, 0.3503340482711792, 0.3500877618789673, 0.34961891174316406, 0.34936705231666565, 0.34901028871536255, 0.3486748933792114, 0.34852877259254456, 0.3484228849411011, 0.34815606474876404, 0.3478285074234009, 0.3473340570926666, 0.34716659784317017, 0.34689080715179443, 0.3465324640274048, 0.3462645709514618, 0.3460513949394226, 0.3457888662815094, 0.34550535678863525, 0.3450295627117157, 0.34472739696502686, 0.34454673528671265, 0.3444051742553711, 0.3442772924900055, 0.34405064582824707, 0.3438105881214142, 0.343506783246994, 0.3433043360710144, 0.34312674403190613, 0.3429730236530304, 0.34279751777648926, 0.3426128327846527, 0.34253913164138794, 0.3423452079296112, 0.3421810567378998, 0.3419351875782013, 0.3417585492134094, 0.3416103720664978, 0.34147879481315613, 0.341279536485672, 0.3410804867744446, 0.34093940258026123, 0.34083354473114014, 0.3407387435436249, 0.340576708316803, 0.34054529666900635, 0.3403390049934387, 0.34006035327911377, 0.33981531858444214, 0.3397546708583832, 0.33967360854148865, 0.3394087851047516, 0.33928152918815613, 0.3392534554004669, 0.3388378620147705, 0.3388102054595947, 0.3387623131275177, 0.3386591374874115, 0.33861663937568665, 0.3385518193244934, 0.3385228216648102, 0.33842146396636963, 0.3383959233760834, 0.3381839394569397, 0.33815890550613403, 0.33823058009147644, 0.33794060349464417, 0.3378905951976776, 0.3376077711582184, 0.3376103341579437, 0.3373899459838867, 0.3372361660003662, 0.33713778853416443, 0.33701327443122864, 0.33699142932891846, 0.33693113923072815, 0.33689215779304504, 0.3367810845375061, 0.33682262897491455, 0.3368162214756012, 0.3368309438228607, 0.33678433299064636, 0.33670899271965027, 0.33661505579948425, 0.33674854040145874, 0.336871862411499, 0.33661505579948425, 0.3363572955131531, 0.33630993962287903, 0.3362780511379242, 0.33626410365104675, 0.3360721170902252, 0.33608508110046387, 0.33608561754226685, 0.3360416889190674, 0.3359261453151703, 0.3358978033065796, 0.33583205938339233, 0.3357945382595062, 0.33571183681488037, 0.33588704466819763, 0.3357853591442108, 0.33567532896995544, 0.33555716276168823, 0.3355647325515747, 0.33539775013923645, 0.335252583026886, 0.3352414071559906, 0.33525508642196655, 0.33513039350509644, 0.3351284861564636, 0.3350486755371094, 0.33497193455696106, 0.3349107801914215, 0.334913432598114, 0.33482661843299866, 0.33480939269065857, 0.3347581624984741, 0.3346794545650482, 0.3346097469329834, 0.33468636870384216, 0.3345371186733246, 0.3345840871334076, 0.3344608545303345, 0.33436697721481323, 0.3343740403652191, 0.33446893095970154, 0.3343937397003174, 0.3343932032585144, 0.33435648679733276, 0.3342665135860443, 0.33420246839523315, 0.3341914713382721, 0.3341745138168335, 0.3341718912124634, 0.3341817557811737, 0.3341384828090668, 0.3340499997138977, 0.33402180671691895, 0.33400028944015503, 0.3339892625808716, 0.3338841199874878, 0.3339223861694336, 0.3339237868785858, 0.33407819271087646, 0.3339460492134094, 0.33393529057502747, 0.3339008092880249, 0.3338681757450104, 0.3339473605155945, 0.3338320553302765, 0.33395281434059143, 0.3340381383895874, 0.33386552333831787, 0.33389222621917725, 0.333970844745636, 0.3340008854866028, 0.333935022354126, 0.3339028060436249, 0.3339414596557617, 0.3339128792285919, 0.33384811878204346, 0.3337233066558838, 0.3336922526359558, 0.3337365984916687, 0.3336397409439087, 0.33359119296073914, 0.3335377871990204, 0.3336098790168762, 0.33349013328552246, 0.3334580361843109, 0.33344677090644836, 0.3334648907184601, 0.33344995975494385, 0.3335684835910797, 0.3336074948310852, 0.3336265981197357, 0.3335586190223694, 0.3335525393486023, 0.3335743844509125, 0.3336055278778076, 0.33357223868370056, 0.3335561752319336, 0.333536833524704, 0.3335476815700531, 0.3334680497646332, 0.3334653377532959, 0.3334982395172119, 0.33342868089675903, 0.33336955308914185, 0.33347493410110474, 0.33331775665283203, 0.333271324634552]",3.0,"[33.0, 33.0, 33.0, 33.0, 33.0, 33.0, 33.0, 33.0, 33.0, 33.0, 33.0, 33.0, 33.0, 33.0, 33.0, 33.0, 33.0, 33.0, 33.0, 33.0, 33.0, 33.0, 33.0, 33.0, 30.0, 28.0, 24.0, 24.0, 18.0, 12.0, 6.0, 6.0, 5.0, 4.0, 4.0, 3.0, 3.0, 3.0, 3.0, 3.0, 3.0, 3.0, 3.0, 3.0, 3.0, 3.0, 3.0, 3.0, 3.0, 3.0, 3.0, 3.0, 3.0, 3.0, 3.0, 3.0, 3.0, 3.0, 3.0, 3.0, 3.0, 3.0, 3.0, 3.0, 3.0, 3.0, 3.0, 3.0, 3.0, 3.0, 3.0, 3.0, 3.0, 3.0, 3.0, 3.0, 3.0, 3.0, 3.0, 3.0, 3.0, 3.0, 3.0, 3.0, 3.0, 3.0, 3.0, 3.0, 3.0, 3.0, 3.0, 3.0, 3.0, 3.0, 3.0, 3.0, 3.0, 3.0, 3.0, 3.0, 3.0, 3.0, 3.0, 3.0, 3.0, 3.0, 3.0, 3.0, 3.0, 3.0, 3.0, 3.0, 3.0, 3.0, 3.0, 3.0, 3.0, 3.0, 3.0, 3.0, 3.0, 3.0, 3.0, 3.0, 3.0, 3.0, 3.0, 3.0, 3.0, 3.0, 3.0, 3.0, 3.0, 3.0, 3.0, 3.0, 3.0, 3.0, 3.0, 3.0, 3.0, 3.0, 3.0, 3.0, 3.0, 3.0, 3.0, 3.0, 3.0, 3.0, 3.0, 3.0, 3.0, 3.0, 3.0, 3.0, 3.0, 3.0, 3.0, 3.0, 3.0, 3.0, 3.0, 3.0, 3.0, 3.0, 3.0, 3.0, 3.0, 3.0, 3.0, 3.0, 3.0, 3.0, 3.0, 3.0, 3.0, 3.0, 3.0, 3.0, 3.0, 3.0, 3.0, 3.0, 3.0, 3.0, 3.0, 3.0, 3.0, 3.0, 3.0, 3.0, 3.0, 3.0, 3.0, 3.0, 3.0, 3.0, 3.0, 3.0, 3.0, 3.0, 3.0, 3.0, 3.0, 3.0, 3.0, 3.0, 3.0, 3.0, 3.0, 3.0, 3.0, 3.0, 3.0, 3.0, 3.0, 3.0, 3.0, 3.0, 3.0, 3.0, 3.0, 3.0, 3.0, 3.0, 3.0, 3.0, 3.0, 3.0, 3.0, 3.0, 3.0, 3.0, 3.0, 3.0, 3.0, 3.0, 3.0, 3.0, 3.0, 3.0, 3.0, 3.0, 3.0, 3.0, 3.0, 3.0, 3.0, 3.0, 3.0, 3.0, 3.0, 3.0, 3.0, 3.0, 3.0, 3.0, 3.0, 3.0, 3.0, 3.0, 3.0, 3.0, 3.0, 3.0, 3.0, 3.0, 3.0, 3.0, 3.0, 3.0, 3.0, 3.0, 3.0, 3.0, 3.0, 3.0, 3.0, 3.0, 3.0, 3.0, 3.0, 3.0, 3.0]",COMPLETE
