,number,value,datetime_start,datetime_complete,duration,params_batch_size_scaler,params_constant_learning_rate,params_depth,params_epochs,params_kernel_l2,params_num_trees,params_temperature,user_attrs_accuracy_test,user_attrs_accuracy_valid,user_attrs_approximate_feature_sparsity,user_attrs_approximate_feature_sparsity_history,user_attrs_approximate_weight_sparsity,user_attrs_approximate_weight_sparsity_history,user_attrs_auc_test,user_attrs_auc_valid,user_attrs_feature_sparsity,user_attrs_feature_sparsity_history,user_attrs_num_epochs,user_attrs_val_loss_history,user_attrs_weight_sparsity,user_attrs_weight_sparsity_history,state
109,109,0.7057747549303757,2024-08-31 04:54:34.591041,2024-08-31 04:56:45.017094,0 days 00:02:10.426053,16,0.024958632686216183,5,185,0.04385074070220662,71,0.0001703334667560387,0.865,0.86375,33,"[33, 33, 33, 33, 33, 33, 33, 33, 33, 33, 33, 33, 33, 33, 33, 33, 33, 33, 33, 33, 33, 33, 33, 33, 33, 33, 33, 33, 33, 33, 33, 33, 33, 33, 33, 33, 33, 33, 33, 33, 33, 33, 33, 33, 33, 33, 33, 33, 33, 33, 33, 33, 33, 33, 33, 33, 33, 33, 33, 33, 33, 33, 33, 33, 33, 33, 33, 33, 33, 33, 33, 33, 33, 33, 33, 33, 33, 33, 33, 33, 33, 33, 33, 33, 33, 33, 33, 33, 33, 33, 33, 33, 33, 33, 33, 33, 33, 33, 33, 33, 33, 33, 33, 33, 33, 33, 33, 33, 33, 33, 33, 33, 33, 33, 33, 33, 33, 33, 33, 33, 33, 33, 33, 33, 33, 33, 33, 33, 33, 33, 33, 33, 33, 33, 33, 33, 33, 33, 33, 33, 33, 33, 33, 33, 33, 33, 33, 33, 33, 33, 33, 33, 33, 33, 33, 33, 33, 33, 33, 33, 33, 33, 33, 33, 33, 33, 33, 33, 33, 33, 33, 33, 33, 33, 33, 33, 33, 33, 33, 33, 33, 33, 33, 33, 33]",32.93094048159927,"[32.93639254884143, 32.935483870967744, 32.93593820990459, 32.93639254884144, 32.93321217628351, 32.93184915947297, 32.929577464788736, 32.926851431167655, 32.9341208541572, 32.93139482053612, 32.93275783734666, 32.93412085415721, 32.93911858246252, 32.940481599273056, 32.93911858246251, 32.93866424352567, 32.935483870967744, 32.935483870967744, 32.93911858246252, 32.940481599273056, 32.937755565651976, 32.93911858246251, 32.93366651522035, 32.932303498409816, 32.93321217628351, 32.932757837346664, 32.932757837346664, 32.932303498409816, 32.932757837346664, 32.93366651522035, 32.93366651522035, 32.93502953203089, 32.937755565651976, 32.93866424352567, 32.937755565651976, 32.93911858246252, 32.938209904588824, 32.932757837346664, 32.935029532030896, 32.932303498409816, 32.937755565651976, 32.93911858246252, 32.93866424352567, 32.93730122671513, 32.93684688777828, 32.93730122671513, 32.94048159927306, 32.93730122671513, 32.93957292139936, 32.937755565651976, 32.93866424352567, 32.93593820990459, 32.93639254884144, 32.940027260336215, 32.94048159927306, 32.93684688777829, 32.937301226715135, 32.93457519309405, 32.93139482053612, 32.9341208541572, 32.93275783734666, 32.932757837346664, 32.935029532030896, 32.932303498409816, 32.93321217628351, 32.935483870967744, 32.938209904588824, 32.93957292139937, 32.94457064970468, 32.94229895502045, 32.94411631076783, 32.94411631076783, 32.9418446160836, 32.93957292139937, 32.93684688777828, 32.938209904588824, 32.937755565651976, 32.935483870967744, 32.9341208541572, 32.93593820990459, 32.935029532030896, 32.93457519309405, 32.93593820990459, 32.93684688777829, 32.93366651522036, 32.9341208541572, 32.93366651522035, 32.93639254884143, 32.935029532030896, 32.93866424352567, 32.937755565651976, 32.93593820990459, 32.94002726033621, 32.9418446160836, 32.9418446160836, 32.93730122671513, 32.932757837346664, 32.935029532030896, 32.9341208541572, 32.935029532030896, 32.9341208541572, 32.935483870967744, 32.935029532030896, 32.93457519309405, 32.93457519309405, 32.93639254884144, 32.93366651522035, 32.93639254884144, 32.93593820990459, 32.935029532030896, 32.93730122671513, 32.93866424352567, 32.938209904588824, 32.937755565651976, 32.938209904588824, 32.93866424352567, 32.93866424352567, 32.93639254884143, 32.935938209904585, 32.93639254884143, 32.938209904588824, 32.93866424352567, 32.940935938209904, 32.93866424352567, 32.93730122671513, 32.935029532030896, 32.93366651522035, 32.93457519309405, 32.93593820990459, 32.93593820990459, 32.9341208541572, 32.932757837346664, 32.9341208541572, 32.93593820990459, 32.932303498409816, 32.93366651522036, 32.9341208541572, 32.93593820990459, 32.93321217628351, 32.927760109041344, 32.927760109041344, 32.93003180372558, 32.932303498409816, 32.9341208541572, 32.93184915947297, 32.93184915947297, 32.93094048159928, 32.93003180372558, 32.930486142662424, 32.93366651522035, 32.933212176283504, 32.9341208541572, 32.93457519309405, 32.93684688777828, 32.940935938209904, 32.940027260336215, 32.9418446160836, 32.940481599273056, 32.9418446160836, 32.940935938209904, 32.94002726033621, 32.93957292139937, 32.93866424352567, 32.93730122671513, 32.9341208541572, 32.93275783734666, 32.9341208541572, 32.935029532030896, 32.93639254884143, 32.93457519309405, 32.935483870967744, 32.93366651522035, 32.93366651522035, 32.932757837346664, 32.92866878691504, 32.927760109041344, 32.9263970922308, 32.92821444797819, 32.92548841435711, 32.92548841435711, 32.92912312585189, 32.92821444797819, 32.92866878691504, 32.93094048159927, 32.93094048159927]",0.742567227272352,0.7057747549303757,33,"[33, 33, 33, 33, 33, 33, 33, 33, 33, 33, 33, 33, 33, 33, 33, 33, 33, 33, 33, 33, 33, 33, 33, 33, 33, 33, 33, 33, 33, 33, 33, 33, 33, 33, 33, 33, 33, 33, 33, 33, 33, 33, 33, 33, 33, 33, 33, 33, 33, 33, 33, 33, 33, 33, 33, 33, 33, 33, 33, 33, 33, 33, 33, 33, 33, 33, 33, 33, 33, 33, 33, 33, 33, 33, 33, 33, 33, 33, 33, 33, 33, 33, 33, 33, 33, 33, 33, 33, 33, 33, 33, 33, 33, 33, 33, 33, 33, 33, 33, 33, 33, 33, 33, 33, 33, 33, 33, 33, 33, 33, 33, 33, 33, 33, 33, 33, 33, 33, 33, 33, 33, 33, 33, 33, 33, 33, 33, 33, 33, 33, 33, 33, 33, 33, 33, 33, 33, 33, 33, 33, 33, 33, 33, 33, 33, 33, 33, 33, 33, 33, 33, 33, 33, 33, 33, 33, 33, 33, 33, 33, 33, 33, 33, 33, 33, 33, 33, 33, 33, 33, 33, 33, 33, 33, 33, 33, 33, 33, 33, 33, 33, 33, 33, 33, 33]",185,"[0.6125661730766296, 0.511466920375824, 0.46303504705429077, 0.4378994405269623, 0.4236522316932678, 0.41502368450164795, 0.4097102880477905, 0.40626657009124756, 0.403813898563385, 0.4020601212978363, 0.40081414580345154, 0.3996935784816742, 0.39879173040390015, 0.3979766070842743, 0.3972305655479431, 0.39661121368408203, 0.3960041105747223, 0.3954535722732544, 0.3948987126350403, 0.39435917139053345, 0.3938799202442169, 0.393402099609375, 0.3929358422756195, 0.3924849033355713, 0.3920309841632843, 0.391571968793869, 0.391135573387146, 0.3907161355018616, 0.39029887318611145, 0.38988685607910156, 0.38948214054107666, 0.38908690214157104, 0.38869231939315796, 0.38832420110702515, 0.38796284794807434, 0.3876055181026459, 0.38726887106895447, 0.38691428303718567, 0.3865821063518524, 0.3862401843070984, 0.3859221935272217, 0.38561150431632996, 0.3853057622909546, 0.38499802350997925, 0.3846999704837799, 0.3844163417816162, 0.38412123918533325, 0.38382574915885925, 0.38355258107185364, 0.38327866792678833, 0.38301312923431396, 0.3827474117279053, 0.38248252868652344, 0.38220852613449097, 0.38196468353271484, 0.3817252814769745, 0.381490021944046, 0.381265252828598, 0.381017804145813, 0.38077282905578613, 0.3805551528930664, 0.38032829761505127, 0.38009247183799744, 0.3798731565475464, 0.37965142726898193, 0.3794439435005188, 0.3792441189289093, 0.37906837463378906, 0.3788646459579468, 0.37866371870040894, 0.37845608592033386, 0.3782573342323303, 0.3780723512172699, 0.37789469957351685, 0.3777036666870117, 0.3775157630443573, 0.377320796251297, 0.3771384358406067, 0.3769761025905609, 0.3767991364002228, 0.376632422208786, 0.3764556050300598, 0.3762821555137634, 0.3761110007762909, 0.3759404718875885, 0.37577739357948303, 0.37561753392219543, 0.3754604458808899, 0.375336617231369, 0.37517407536506653, 0.37502044439315796, 0.37486621737480164, 0.37470704317092896, 0.3745534121990204, 0.3744042217731476, 0.3742735981941223, 0.37414082884788513, 0.3739987909793854, 0.37386053800582886, 0.37373337149620056, 0.3736080229282379, 0.37346675992012024, 0.3733413815498352, 0.3732162415981293, 0.37308329343795776, 0.3729616105556488, 0.3728258013725281, 0.372702032327652, 0.37256771326065063, 0.37245550751686096, 0.3723202049732208, 0.3721907436847687, 0.3720685541629791, 0.37196460366249084, 0.3718414306640625, 0.3717358410358429, 0.3716207444667816, 0.37150755524635315, 0.37139761447906494, 0.3712899386882782, 0.3711967468261719, 0.3710764944553375, 0.3709758520126343, 0.3708688020706177, 0.37074145674705505, 0.37064072489738464, 0.37052908539772034, 0.37042751908302307, 0.3703228831291199, 0.37022078037261963, 0.37012240290641785, 0.37001529335975647, 0.3699364960193634, 0.3698287904262543, 0.36973559856414795, 0.36962834000587463, 0.3695179224014282, 0.3694083094596863, 0.3693171739578247, 0.36921387910842896, 0.36911237239837646, 0.3690222501754761, 0.36893194913864136, 0.36881884932518005, 0.36872607469558716, 0.3686445653438568, 0.36856287717819214, 0.368482768535614, 0.3683670461177826, 0.36827072501182556, 0.3681727945804596, 0.36807581782341003, 0.3679749369621277, 0.36787882447242737, 0.36779317259788513, 0.36769554018974304, 0.36760538816452026, 0.36752110719680786, 0.36742252111434937, 0.3673548102378845, 0.36727237701416016, 0.3671947419643402, 0.36710211634635925, 0.367031455039978, 0.3669533133506775, 0.36686939001083374, 0.3667798936367035, 0.3666873872280121, 0.36661314964294434, 0.3665344715118408, 0.36646416783332825, 0.3663628101348877, 0.3662748336791992, 0.3661847412586212, 0.3660857379436493, 0.3660043478012085, 0.3659150004386902, 0.3658478558063507, 0.365757018327713, 0.36568310856819153, 0.3656139075756073, 0.36552563309669495, 0.3654554486274719, 0.3653845489025116, 0.3652879595756531]",33.0,"[33.0, 33.0, 33.0, 33.0, 33.0, 33.0, 33.0, 33.0, 33.0, 33.0, 33.0, 33.0, 33.0, 33.0, 33.0, 33.0, 33.0, 33.0, 33.0, 33.0, 33.0, 33.0, 33.0, 33.0, 33.0, 33.0, 33.0, 33.0, 33.0, 33.0, 33.0, 33.0, 33.0, 33.0, 33.0, 33.0, 33.0, 33.0, 33.0, 33.0, 33.0, 33.0, 33.0, 33.0, 33.0, 33.0, 33.0, 33.0, 33.0, 33.0, 33.0, 33.0, 33.0, 33.0, 33.0, 33.0, 33.0, 33.0, 33.0, 33.0, 33.0, 33.0, 33.0, 33.0, 33.0, 33.0, 33.0, 33.0, 33.0, 33.0, 33.0, 33.0, 33.0, 33.0, 33.0, 33.0, 33.0, 33.0, 33.0, 33.0, 33.0, 33.0, 33.0, 33.0, 33.0, 33.0, 33.0, 33.0, 33.0, 33.0, 33.0, 33.0, 33.0, 33.0, 33.0, 33.0, 33.0, 33.0, 33.0, 33.0, 33.0, 33.0, 33.0, 33.0, 33.0, 33.0, 33.0, 33.0, 33.0, 33.0, 33.0, 33.0, 33.0, 33.0, 33.0, 33.0, 33.0, 33.0, 33.0, 33.0, 33.0, 33.0, 33.0, 33.0, 33.0, 33.0, 33.0, 33.0, 33.0, 33.0, 33.0, 33.0, 33.0, 33.0, 33.0, 33.0, 33.0, 33.0, 33.0, 33.0, 33.0, 33.0, 33.0, 33.0, 33.0, 33.0, 33.0, 33.0, 33.0, 33.0, 33.0, 33.0, 33.0, 33.0, 33.0, 33.0, 33.0, 33.0, 33.0, 33.0, 33.0, 33.0, 33.0, 33.0, 33.0, 33.0, 33.0, 33.0, 33.0, 33.0, 33.0, 33.0, 33.0, 33.0, 33.0, 33.0, 33.0, 33.0, 33.0, 33.0, 33.0, 33.0, 33.0, 33.0, 33.0]",COMPLETE
