,number,value,datetime_start,datetime_complete,duration,params_batch_size_scaler,params_constant_learning_rate,params_depth,params_epochs,params_kernel_l2,params_num_trees,params_temperature,user_attrs_accuracy_test,user_attrs_accuracy_valid,user_attrs_approximate_feature_sparsity,user_attrs_approximate_feature_sparsity_history,user_attrs_approximate_weight_sparsity,user_attrs_approximate_weight_sparsity_history,user_attrs_auc_test,user_attrs_auc_valid,user_attrs_feature_sparsity,user_attrs_feature_sparsity_history,user_attrs_num_epochs,user_attrs_val_loss_history,user_attrs_weight_sparsity,user_attrs_weight_sparsity_history,state
107,107,0.7710193092965439,2024-08-31 04:49:03.555108,2024-08-31 04:50:43.803000,0 days 00:01:40.247892,16,0.0494896864027447,5,290,0.006088149256462157,70,0.0004747326461625316,0.879,0.87375,33,"[33, 33, 33, 33, 33, 33, 33, 33, 33, 33, 33, 33, 33, 33, 33, 33, 33, 33, 33, 33, 33, 33, 33, 33, 33, 33, 33, 33, 33, 33, 33, 33, 33, 33, 33, 33, 33, 33, 33, 33, 33, 33, 33, 33, 33, 33, 33, 33, 33, 33, 33, 33, 33, 33, 33, 33, 33, 33, 33, 33, 33, 33, 33, 33, 33, 33, 33, 33, 33, 33, 33, 33, 33, 33, 33, 33, 33, 33, 33, 33, 33, 33, 33, 33, 33, 33, 33, 33, 33, 33, 33, 33, 33, 33, 33, 33, 33, 33, 33, 33, 33, 33, 33, 33, 33, 33, 33, 33, 33, 33, 33, 33, 33, 33, 33, 33, 33, 33, 33, 33, 33, 33, 33, 33, 33, 33, 33, 33, 33, 33, 33, 33, 33, 33, 33, 33, 33, 33, 33, 33, 33, 33, 33, 33, 33, 33, 33, 33, 33, 33, 33, 33, 33, 33, 33, 33, 33, 33, 33, 33, 33, 33, 33, 33, 33, 33, 33, 33, 33, 33, 33, 33, 33, 33, 33, 33, 33, 33, 33, 33, 33, 33, 33, 33, 33, 33, 33, 33, 33, 33, 33, 33, 33, 33, 33, 33, 33, 33, 33, 33, 33, 33, 33, 33, 33, 33, 33, 33, 33, 33, 33, 33, 33, 33, 33, 33, 33, 33, 33, 33, 33, 33, 33, 33, 33, 33, 33, 33, 33, 33, 33, 33, 33, 33, 33, 33, 33, 33, 33, 33, 33, 33, 33, 33, 33, 33, 33, 33, 33, 33, 33, 33, 33, 33, 33, 33, 33, 33, 33, 33, 33, 33, 33, 33, 33, 33, 33, 33, 33, 33, 33, 33, 33, 33, 33, 33, 33, 33, 33, 33, 33, 33, 33, 33, 33, 33, 33, 33, 33, 33]",32.94193548387097,"[32.937788018433174, 32.94331797235023, 32.94562211981567, 32.94423963133641, 32.94101382488479, 32.943778801843315, 32.94377880184332, 32.94608294930875, 32.94239631336406, 32.94285714285714, 32.947004608294925, 32.94331797235023, 32.9442396313364, 32.94101382488479, 32.94009216589861, 32.936405529953916, 32.933640552995385, 32.93502304147465, 32.93271889400922, 32.93271889400921, 32.93364055299539, 32.930414746543775, 32.93133640552995, 32.92580645161291, 32.92995391705069, 32.93179723502304, 32.93502304147465, 32.932258064516134, 32.935483870967744, 32.93502304147465, 32.939631336405526, 32.93594470046083, 32.94009216589862, 32.94147465437788, 32.94285714285714, 32.940552995391705, 32.940552995391705, 32.940552995391705, 32.936405529953916, 32.936405529953916, 32.939631336405526, 32.93917050691245, 32.94239631336406, 32.94331797235023, 32.940552995391705, 32.93963133640553, 32.93502304147466, 32.93917050691244, 32.93917050691245, 32.938709677419354, 32.93963133640553, 32.94239631336406, 32.943778801843315, 32.940552995391705, 32.940552995391705, 32.93963133640553, 32.94101382488479, 32.94101382488479, 32.93502304147465, 32.93502304147465, 32.933179723502306, 32.93087557603687, 32.92995391705069, 32.92857142857143, 32.9294930875576, 32.93225806451613, 32.92811059907834, 32.92764976958525, 32.92488479262673, 32.92488479262673, 32.92672811059908, 32.92626728110599, 32.92811059907834, 32.93225806451613, 32.93364055299539, 32.93410138248848, 32.93502304147465, 32.93179723502304, 32.93364055299539, 32.93640552995392, 32.93456221198157, 32.93364055299539, 32.93271889400922, 32.93271889400922, 32.936405529953916, 32.93179723502304, 32.9294930875576, 32.92811059907834, 32.92857142857143, 32.931336405529954, 32.92857142857143, 32.928110599078344, 32.9294930875576, 32.931336405529954, 32.92857142857142, 32.931336405529954, 32.93087557603686, 32.934562211981564, 32.93594470046083, 32.936405529953916, 32.935483870967744, 32.933179723502306, 32.93364055299539, 32.938709677419354, 32.936866359447, 32.936866359447, 32.935483870967744, 32.93364055299539, 32.93594470046083, 32.94147465437788, 32.938709677419354, 32.937327188940095, 32.936405529953916, 32.93410138248848, 32.93502304147466, 32.93778801843318, 32.93732718894009, 32.939631336405526, 32.93778801843318, 32.93824884792627, 32.938709677419354, 32.93917050691244, 32.94009216589861, 32.938709677419354, 32.93778801843318, 32.937788018433174, 32.936405529953916, 32.93594470046083, 32.930414746543775, 32.93271889400921, 32.93179723502304, 32.92903225806452, 32.92995391705069, 32.93179723502303, 32.934562211981564, 32.9331797235023, 32.93225806451613, 32.934562211981564, 32.93410138248848, 32.934562211981564, 32.93179723502304, 32.93179723502304, 32.9331797235023, 32.933179723502306, 32.93502304147465, 32.935483870967744, 32.9331797235023, 32.9294930875576, 32.93179723502304, 32.93087557603687, 32.93179723502304, 32.933179723502306, 32.93179723502304, 32.93179723502304, 32.93502304147465, 32.933179723502306, 32.93041474654378, 32.9294930875576, 32.929953917050696, 32.93271889400922, 32.933179723502306, 32.93594470046083, 32.931336405529954, 32.930414746543775, 32.93271889400921, 32.93225806451613, 32.934562211981564, 32.93548387096774, 32.93502304147465, 32.93594470046083, 32.939631336405526, 32.94285714285714, 32.94101382488479, 32.941935483870964, 32.94239631336406, 32.94331797235023, 32.94101382488479, 32.93917050691244, 32.94009216589861, 32.93917050691244, 32.935483870967744, 32.936866359447, 32.93824884792627, 32.93824884792627, 32.94101382488479, 32.940552995391705, 32.93917050691244, 32.938709677419354, 32.94239631336406, 32.93824884792627, 32.93594470046083, 32.93410138248848, 32.93410138248848, 32.938709677419354, 32.938709677419354, 32.936866359447, 32.93271889400921, 32.93271889400921, 32.93594470046083, 32.93502304147465, 32.93271889400922, 32.931336405529954, 32.93271889400921, 32.93364055299539, 32.93410138248848, 32.93548387096774, 32.93732718894009, 32.940552995391705, 32.938709677419354, 32.939631336405526, 32.93732718894009, 32.938709677419354, 32.93824884792627, 32.93917050691244, 32.94009216589861, 32.93732718894009, 32.93502304147465, 32.93502304147465, 32.936866359447, 32.93778801843318, 32.940552995391705, 32.941935483870964, 32.94285714285714, 32.940552995391705, 32.941935483870964, 32.94562211981567, 32.94101382488479, 32.93502304147465, 32.934562211981564, 32.93502304147465, 32.936866359447, 32.93824884792627, 32.936866359447, 32.936866359447, 32.936405529953916, 32.93917050691244, 32.93410138248848, 32.93410138248848, 32.93502304147465, 32.93732718894009, 32.937788018433174, 32.939631336405526, 32.94285714285714, 32.943778801843315, 32.94147465437788, 32.94193548387097, 32.941935483870964, 32.939631336405526, 32.941935483870964, 32.94147465437788, 32.94009216589862, 32.94147465437788, 32.94285714285714, 32.94147465437788, 32.94516129032258, 32.94147465437788, 32.94009216589861, 32.936405529953916, 32.936405529953916, 32.93917050691244, 32.93824884792627, 32.93594470046083, 32.936405529953916, 32.93732718894009, 32.93963133640553, 32.94101382488479, 32.94285714285714, 32.94101382488479, 32.94101382488479, 32.94331797235023, 32.93917050691244, 32.939631336405526, 32.94239631336405, 32.939631336405526, 32.94101382488479, 32.94331797235023, 32.94239631336406, 32.941935483870964, 32.939631336405526, 32.941935483870964, 32.94331797235023, 32.941935483870964, 32.94239631336405, 32.9442396313364, 32.944700460829495, 32.94608294930875, 32.94700460829493, 32.94423963133641, 32.94285714285714, 32.94193548387097]",0.8002460390194768,0.7710193092965439,33,"[33, 33, 33, 33, 33, 33, 33, 33, 33, 33, 33, 33, 33, 33, 33, 33, 33, 33, 33, 33, 33, 33, 33, 33, 33, 33, 33, 33, 33, 33, 33, 33, 33, 33, 33, 33, 33, 33, 33, 33, 33, 33, 33, 33, 33, 33, 33, 33, 33, 33, 33, 33, 33, 33, 33, 33, 33, 33, 33, 33, 33, 33, 33, 33, 33, 33, 33, 33, 33, 33, 33, 33, 33, 33, 33, 33, 33, 33, 33, 33, 33, 33, 33, 33, 33, 33, 33, 33, 33, 33, 33, 33, 33, 33, 33, 33, 33, 33, 33, 33, 33, 33, 33, 33, 33, 33, 33, 33, 33, 33, 33, 33, 33, 33, 33, 33, 33, 33, 33, 33, 33, 33, 33, 33, 33, 33, 33, 33, 33, 33, 33, 33, 33, 33, 33, 33, 33, 33, 33, 33, 33, 33, 33, 33, 33, 33, 33, 33, 33, 33, 33, 33, 33, 33, 33, 33, 33, 33, 33, 33, 33, 33, 33, 33, 33, 33, 33, 33, 33, 33, 33, 33, 33, 33, 33, 33, 33, 33, 33, 33, 33, 33, 33, 33, 33, 33, 33, 33, 33, 33, 33, 33, 33, 33, 33, 33, 33, 33, 33, 33, 33, 33, 33, 33, 33, 33, 33, 33, 33, 33, 33, 33, 33, 33, 33, 33, 33, 33, 33, 33, 33, 33, 33, 33, 33, 33, 33, 33, 33, 33, 33, 33, 33, 33, 33, 33, 33, 33, 33, 33, 33, 33, 33, 33, 33, 33, 33, 33, 33, 33, 33, 33, 33, 33, 33, 33, 33, 33, 33, 33, 33, 33, 33, 33, 33, 33, 33, 33, 33, 33, 33, 33, 33, 33, 33, 33, 33, 33, 33, 33, 33, 33, 33, 33, 33, 33, 33, 33, 33, 33]",290,"[0.4508393406867981, 0.41940978169441223, 0.4082740545272827, 0.4033602476119995, 0.400553435087204, 0.3984414339065552, 0.39696067571640015, 0.39572659134864807, 0.3946508765220642, 0.39363396167755127, 0.39270782470703125, 0.3917940855026245, 0.39100342988967896, 0.39017626643180847, 0.38941720128059387, 0.3886539936065674, 0.3879441022872925, 0.3872133493423462, 0.38654759526252747, 0.38592976331710815, 0.38528972864151, 0.3846619427204132, 0.384077787399292, 0.38353949785232544, 0.3829905390739441, 0.38248416781425476, 0.3819982409477234, 0.3814980983734131, 0.3809971511363983, 0.3805232346057892, 0.3800549805164337, 0.3796258866786957, 0.3792281448841095, 0.37881800532341003, 0.3783993422985077, 0.3780021667480469, 0.3776519298553467, 0.3772653341293335, 0.37690913677215576, 0.3765636086463928, 0.3762047588825226, 0.37584319710731506, 0.37553173303604126, 0.3751971125602722, 0.37487098574638367, 0.37456539273262024, 0.3742741644382477, 0.3739977777004242, 0.37371018528938293, 0.3734351098537445, 0.3731938898563385, 0.372911274433136, 0.3726261258125305, 0.37239009141921997, 0.3721335530281067, 0.37186264991760254, 0.37162983417510986, 0.3713696002960205, 0.3711266815662384, 0.37089064717292786, 0.3706929087638855, 0.3704628050327301, 0.3702051043510437, 0.36996278166770935, 0.3697478771209717, 0.36954325437545776, 0.36932867765426636, 0.3691193461418152, 0.36890560388565063, 0.36869364976882935, 0.3684700131416321, 0.3682756721973419, 0.3680928945541382, 0.36792808771133423, 0.3677471876144409, 0.36756420135498047, 0.3673798441886902, 0.36715400218963623, 0.3669312596321106, 0.3667684495449066, 0.36655494570732117, 0.36637043952941895, 0.3661908209323883, 0.3659824728965759, 0.3658336400985718, 0.36566075682640076, 0.36545300483703613, 0.36524146795272827, 0.365050733089447, 0.3649219274520874, 0.3647615313529968, 0.36459270119667053, 0.3644060790538788, 0.36420372128486633, 0.36405396461486816, 0.3638865351676941, 0.36370667815208435, 0.3635396659374237, 0.36337849497795105, 0.3631512522697449, 0.3630037009716034, 0.3628157675266266, 0.36272841691970825, 0.362559974193573, 0.3623456656932831, 0.3621582090854645, 0.36195236444473267, 0.3617764413356781, 0.3616636395454407, 0.36150726675987244, 0.36133939027786255, 0.36117497086524963, 0.3610248267650604, 0.3608531653881073, 0.36071357131004333, 0.36052441596984863, 0.3603627383708954, 0.36016610264778137, 0.35996100306510925, 0.35982558131217957, 0.3596501648426056, 0.3594640791416168, 0.3593093156814575, 0.35917627811431885, 0.358982115983963, 0.3588106632232666, 0.35870084166526794, 0.35852116346359253, 0.3583400249481201, 0.35816654562950134, 0.3580462336540222, 0.35790392756462097, 0.35777270793914795, 0.35758695006370544, 0.35741353034973145, 0.3572332262992859, 0.35709136724472046, 0.3569619059562683, 0.3568166494369507, 0.356698215007782, 0.35647091269493103, 0.35630345344543457, 0.3561886250972748, 0.3560202121734619, 0.35583972930908203, 0.35566943883895874, 0.3555397689342499, 0.3554151654243469, 0.35525208711624146, 0.3550829589366913, 0.3549104928970337, 0.35475289821624756, 0.35462120175361633, 0.354512482881546, 0.3543207049369812, 0.35414040088653564, 0.3540184497833252, 0.35385119915008545, 0.35370469093322754, 0.3535887598991394, 0.3534282445907593, 0.3532741069793701, 0.3531230688095093, 0.35297682881355286, 0.35285624861717224, 0.3526879847049713, 0.3525049686431885, 0.3523441255092621, 0.35219505429267883, 0.3520154058933258, 0.351917564868927, 0.35177698731422424, 0.3516595959663391, 0.351480633020401, 0.3513057231903076, 0.35113510489463806, 0.35100048780441284, 0.3508715033531189, 0.3506835103034973, 0.3505920469760895, 0.35044559836387634, 0.3502657413482666, 0.3501209318637848, 0.3500012159347534, 0.3498231768608093, 0.34965574741363525, 0.34957435727119446, 0.3493725657463074, 0.34922903776168823, 0.34909629821777344, 0.3489457368850708, 0.3488205373287201, 0.3486662805080414, 0.3485366404056549, 0.3484303653240204, 0.34826767444610596, 0.34808599948883057, 0.3479654788970947, 0.3477873206138611, 0.34765297174453735, 0.3475055694580078, 0.34735751152038574, 0.3471984565258026, 0.34706687927246094, 0.3469255864620209, 0.3467739224433899, 0.3466659188270569, 0.3465684652328491, 0.3463958501815796, 0.34621766209602356, 0.34608596563339233, 0.3459051847457886, 0.34576934576034546, 0.3456517457962036, 0.34554028511047363, 0.345377117395401, 0.34523192048072815, 0.34514179825782776, 0.34500420093536377, 0.34492382407188416, 0.34477725625038147, 0.34462231397628784, 0.34449732303619385, 0.34432464838027954, 0.344242125749588, 0.34407660365104675, 0.3439086973667145, 0.3437863290309906, 0.3436983525753021, 0.34349411725997925, 0.343343049287796, 0.3432022035121918, 0.3431069254875183, 0.3429519534111023, 0.3427531123161316, 0.342645525932312, 0.3425518870353699, 0.3424018621444702, 0.34227454662323, 0.3420949876308441, 0.34191372990608215, 0.3417772054672241, 0.34163570404052734, 0.3415069878101349, 0.3413735628128052, 0.34123316407203674, 0.3411381244659424, 0.3409791886806488, 0.3408886790275574, 0.3406926989555359, 0.34054556488990784, 0.34041526913642883, 0.3403150141239166, 0.3401523232460022, 0.3400155305862427, 0.33988404273986816, 0.33972519636154175, 0.33957988023757935, 0.3394344449043274, 0.33928531408309937, 0.33917009830474854, 0.33903828263282776, 0.3389414846897125, 0.3387979567050934, 0.33866116404533386, 0.3384772837162018, 0.33835506439208984, 0.33818814158439636, 0.3380451500415802, 0.33792921900749207, 0.3377605676651001, 0.3376264274120331, 0.3374795615673065, 0.3373730480670929, 0.3371995985507965, 0.33708053827285767, 0.3369190990924835, 0.33675965666770935, 0.33660462498664856, 0.3364861309528351, 0.33638060092926025, 0.3362518548965454, 0.33614158630371094, 0.33596765995025635, 0.3358168303966522, 0.33568570017814636, 0.3355712592601776, 0.33544960618019104, 0.3353099822998047, 0.33512866497039795]",33.0,"[33.0, 33.0, 33.0, 33.0, 33.0, 33.0, 33.0, 33.0, 33.0, 33.0, 33.0, 33.0, 33.0, 33.0, 33.0, 33.0, 33.0, 33.0, 33.0, 33.0, 33.0, 33.0, 33.0, 33.0, 33.0, 33.0, 33.0, 33.0, 33.0, 33.0, 33.0, 33.0, 33.0, 33.0, 33.0, 33.0, 33.0, 33.0, 33.0, 33.0, 33.0, 33.0, 33.0, 33.0, 33.0, 33.0, 33.0, 33.0, 33.0, 33.0, 33.0, 33.0, 33.0, 33.0, 33.0, 33.0, 33.0, 33.0, 33.0, 33.0, 33.0, 33.0, 33.0, 33.0, 33.0, 33.0, 33.0, 33.0, 33.0, 33.0, 33.0, 33.0, 33.0, 33.0, 33.0, 33.0, 33.0, 33.0, 33.0, 33.0, 33.0, 33.0, 33.0, 33.0, 33.0, 33.0, 33.0, 33.0, 33.0, 33.0, 33.0, 33.0, 33.0, 33.0, 33.0, 33.0, 33.0, 33.0, 33.0, 33.0, 33.0, 33.0, 33.0, 33.0, 33.0, 33.0, 33.0, 33.0, 33.0, 33.0, 33.0, 33.0, 33.0, 33.0, 33.0, 33.0, 33.0, 33.0, 33.0, 33.0, 33.0, 33.0, 33.0, 33.0, 33.0, 33.0, 33.0, 33.0, 33.0, 33.0, 33.0, 33.0, 33.0, 33.0, 33.0, 33.0, 33.0, 33.0, 33.0, 33.0, 33.0, 33.0, 33.0, 33.0, 33.0, 33.0, 33.0, 33.0, 33.0, 33.0, 33.0, 33.0, 33.0, 33.0, 33.0, 33.0, 33.0, 33.0, 33.0, 33.0, 33.0, 33.0, 33.0, 33.0, 33.0, 33.0, 33.0, 33.0, 33.0, 33.0, 33.0, 33.0, 33.0, 33.0, 33.0, 33.0, 33.0, 33.0, 33.0, 33.0, 33.0, 33.0, 33.0, 33.0, 33.0, 33.0, 33.0, 33.0, 33.0, 33.0, 33.0, 33.0, 33.0, 33.0, 33.0, 33.0, 33.0, 33.0, 33.0, 33.0, 33.0, 33.0, 33.0, 33.0, 33.0, 33.0, 33.0, 33.0, 33.0, 33.0, 33.0, 33.0, 33.0, 33.0, 33.0, 33.0, 33.0, 33.0, 33.0, 33.0, 33.0, 33.0, 33.0, 33.0, 33.0, 33.0, 33.0, 33.0, 33.0, 33.0, 33.0, 33.0, 33.0, 33.0, 33.0, 33.0, 33.0, 33.0, 33.0, 33.0, 33.0, 33.0, 33.0, 33.0, 33.0, 33.0, 33.0, 33.0, 33.0, 33.0, 33.0, 33.0, 33.0, 33.0, 33.0, 33.0, 33.0, 33.0, 33.0, 33.0, 33.0, 33.0, 33.0, 33.0, 33.0, 33.0, 33.0, 33.0, 33.0, 33.0, 33.0, 33.0, 33.0, 33.0, 33.0, 33.0, 33.0, 33.0, 33.0, 33.0, 33.0, 33.0, 33.0, 33.0, 33.0, 33.0, 33.0, 33.0, 33.0, 33.0]",COMPLETE
