,number,value,datetime_start,datetime_complete,duration,params_batch_size_scaler,params_constant_learning_rate,params_depth,params_epochs,params_kernel_l2,params_num_trees,params_temperature,user_attrs_accuracy_test,user_attrs_accuracy_valid,user_attrs_approximate_feature_sparsity,user_attrs_approximate_feature_sparsity_history,user_attrs_approximate_weight_sparsity,user_attrs_approximate_weight_sparsity_history,user_attrs_auc_test,user_attrs_auc_valid,user_attrs_feature_sparsity,user_attrs_feature_sparsity_history,user_attrs_num_epochs,user_attrs_val_loss_history,user_attrs_weight_sparsity,user_attrs_weight_sparsity_history,state
87,87,0.7108242841133052,2024-08-31 04:00:39.646190,2024-08-31 04:02:17.212098,0 days 00:01:37.565908,16,0.03933192752756771,5,110,0.0036012733567583745,23,0.0007273675622700128,0.861,0.86125,33,"[33, 33, 33, 33, 33, 33, 33, 33, 33, 33, 33, 33, 33, 33, 33, 33, 33, 33, 33, 33, 33, 33, 33, 33, 33, 33, 33, 33, 33, 33, 33, 33, 33, 33, 33, 33, 33, 33, 33, 33, 33, 33, 33, 33, 33, 33, 33, 33, 33, 33, 33, 33, 33, 33, 33, 33, 33, 33, 33, 33, 33, 33, 33, 33, 33, 33, 33, 33, 33, 33, 33, 33, 33, 33, 33, 33, 33, 33, 33, 33, 33, 33, 33, 33, 33, 33, 33, 33, 33, 33, 33, 33, 33, 33, 33, 33, 33, 33, 33, 33, 33, 33, 33, 33, 33, 33, 33, 33, 33, 33]",32.9382889200561,"[32.96072931276297, 32.96633941093969, 32.96072931276297, 32.964936886395506, 32.96914446002805, 32.96072931276297, 32.962131837307155, 32.964936886395506, 32.952314165497896, 32.96774193548387, 32.959326788218796, 32.95792426367461, 32.952314165497896, 32.955119214586254, 32.95652173913044, 32.95792426367461, 32.96072931276297, 32.966339410939696, 32.962131837307155, 32.962131837307155, 32.95371669004207, 32.94670406732117, 32.955119214586254, 32.962131837307155, 32.96072931276297, 32.95652173913044, 32.96072931276297, 32.96072931276298, 32.945301542776996, 32.95371669004208, 32.955119214586254, 32.952314165497896, 32.95371669004208, 32.94950911640954, 32.94670406732118, 32.94950911640954, 32.948106591865354, 32.945301542776996, 32.95091164095372, 32.945301542776996, 32.948106591865354, 32.95511921458625, 32.955119214586254, 32.955119214586254, 32.96493688639551, 32.96493688639551, 32.95652173913044, 32.955119214586254, 32.952314165497896, 32.962131837307155, 32.96493688639551, 32.96353436185133, 32.95792426367461, 32.96072931276297, 32.96633941093969, 32.97054698457223, 32.962131837307155, 32.96353436185133, 32.962131837307155, 32.96493688639551, 32.971949509116406, 32.96493688639551, 32.964936886395506, 32.96914446002805, 32.96493688639551, 32.967741935483865, 32.96633941093969, 32.964936886395506, 32.96353436185133, 32.95792426367461, 32.955119214586254, 32.96213183730715, 32.96774193548387, 32.96493688639551, 32.95792426367461, 32.95792426367461, 32.95932678821879, 32.95652173913044, 32.952314165497896, 32.95792426367461, 32.96353436185133, 32.96493688639551, 32.964936886395506, 32.96353436185133, 32.95792426367461, 32.96072931276297, 32.96213183730715, 32.96774193548387, 32.96072931276297, 32.96353436185133, 32.962131837307155, 32.96914446002805, 32.97335203366059, 32.96353436185133, 32.96072931276297, 32.96493688639551, 32.959326788218796, 32.95932678821879, 32.95792426367461, 32.964936886395506, 32.96774193548387, 32.964936886395506, 32.964936886395506, 32.96213183730715, 32.95932678821879, 32.955119214586254, 32.95091164095371, 32.945301542776996, 32.94109396914446, 32.9382889200561]",0.7434919376811235,0.7108242841133052,33,"[33, 33, 33, 33, 33, 33, 33, 33, 33, 33, 33, 33, 33, 33, 33, 33, 33, 33, 33, 33, 33, 33, 33, 33, 33, 33, 33, 33, 33, 33, 33, 33, 33, 33, 33, 33, 33, 33, 33, 33, 33, 33, 33, 33, 33, 33, 33, 33, 33, 33, 33, 33, 33, 33, 33, 33, 33, 33, 33, 33, 33, 33, 33, 33, 33, 33, 33, 33, 33, 33, 33, 33, 33, 33, 33, 33, 33, 33, 33, 33, 33, 33, 33, 33, 33, 33, 33, 33, 33, 33, 33, 33, 33, 33, 33, 33, 33, 33, 33, 33, 33, 33, 33, 33, 33, 33, 33, 33, 33, 33]",110,"[0.722484290599823, 0.6107136011123657, 0.5409702062606812, 0.49605655670166016, 0.4663242995738983, 0.4463292360305786, 0.43227124214172363, 0.42231351137161255, 0.41499167680740356, 0.4095116853713989, 0.4053606390953064, 0.40200889110565186, 0.39936134219169617, 0.3971596658229828, 0.39528903365135193, 0.39386215806007385, 0.3925219476222992, 0.3914010524749756, 0.3904019296169281, 0.3894694149494171, 0.38859617710113525, 0.38783523440361023, 0.38710716366767883, 0.38642174005508423, 0.3857842683792114, 0.3851739168167114, 0.3845653533935547, 0.38403621315956116, 0.38347330689430237, 0.3829687237739563, 0.38246431946754456, 0.38197630643844604, 0.38152045011520386, 0.3810635507106781, 0.3806242048740387, 0.3802071809768677, 0.37979716062545776, 0.37940067052841187, 0.3790140450000763, 0.37864089012145996, 0.3782753646373749, 0.37790289521217346, 0.3775614798069, 0.37720710039138794, 0.37688201665878296, 0.37653884291648865, 0.37621596455574036, 0.3758843243122101, 0.375565767288208, 0.3752572536468506, 0.3749573528766632, 0.37464845180511475, 0.3743596374988556, 0.3740690350532532, 0.3737875819206238, 0.37351417541503906, 0.3732365071773529, 0.3729782998561859, 0.37270352244377136, 0.3724598288536072, 0.37220847606658936, 0.3719679117202759, 0.3717155158519745, 0.3714745342731476, 0.3712390959262848, 0.3710103929042816, 0.370778888463974, 0.3705500066280365, 0.37031784653663635, 0.37011489272117615, 0.36989346146583557, 0.36967194080352783, 0.36947059631347656, 0.36924266815185547, 0.3690340518951416, 0.3688138723373413, 0.3686085045337677, 0.3684132397174835, 0.36822032928466797, 0.3680400550365448, 0.3678470551967621, 0.36765751242637634, 0.3674609065055847, 0.3672800362110138, 0.3671022355556488, 0.36692431569099426, 0.3667595386505127, 0.36657485365867615, 0.36640235781669617, 0.3662523925304413, 0.3660846948623657, 0.36592337489128113, 0.3657463490962982, 0.36556705832481384, 0.3653978705406189, 0.36523234844207764, 0.3650582432746887, 0.3649054765701294, 0.3647267520427704, 0.36456695199012756, 0.3644079864025116, 0.3642544448375702, 0.3640778362751007, 0.3639291822910309, 0.3637714684009552, 0.3636150360107422, 0.3634645342826843, 0.36332038044929504, 0.36317044496536255, 0.36301445960998535]",33.0,"[33.0, 33.0, 33.0, 33.0, 33.0, 33.0, 33.0, 33.0, 33.0, 33.0, 33.0, 33.0, 33.0, 33.0, 33.0, 33.0, 33.0, 33.0, 33.0, 33.0, 33.0, 33.0, 33.0, 33.0, 33.0, 33.0, 33.0, 33.0, 33.0, 33.0, 33.0, 33.0, 33.0, 33.0, 33.0, 33.0, 33.0, 33.0, 33.0, 33.0, 33.0, 33.0, 33.0, 33.0, 33.0, 33.0, 33.0, 33.0, 33.0, 33.0, 33.0, 33.0, 33.0, 33.0, 33.0, 33.0, 33.0, 33.0, 33.0, 33.0, 33.0, 33.0, 33.0, 33.0, 33.0, 33.0, 33.0, 33.0, 33.0, 33.0, 33.0, 33.0, 33.0, 33.0, 33.0, 33.0, 33.0, 33.0, 33.0, 33.0, 33.0, 33.0, 33.0, 33.0, 33.0, 33.0, 33.0, 33.0, 33.0, 33.0, 33.0, 33.0, 33.0, 33.0, 33.0, 33.0, 33.0, 33.0, 33.0, 33.0, 33.0, 33.0, 33.0, 33.0, 33.0, 33.0, 33.0, 33.0, 33.0, 33.0]",COMPLETE
