,number,value,datetime_start,datetime_complete,duration,params_batch_size_scaler,params_constant_learning_rate,params_depth,params_epochs,params_kernel_l2,params_num_trees,params_temperature,user_attrs_accuracy_test,user_attrs_accuracy_valid,user_attrs_approximate_feature_sparsity,user_attrs_approximate_feature_sparsity_history,user_attrs_approximate_weight_sparsity,user_attrs_approximate_weight_sparsity_history,user_attrs_auc_test,user_attrs_auc_valid,user_attrs_feature_sparsity,user_attrs_feature_sparsity_history,user_attrs_num_epochs,user_attrs_val_loss_history,user_attrs_weight_sparsity,user_attrs_weight_sparsity_history,state
108,108,0.9222475557444835,2024-08-31 04:50:45.766158,2024-08-31 04:54:28.832187,0 days 00:03:43.066029,64,1.4391373502614573,6,280,0.007017041220859772,63,0.0005167658234241378,0.935,0.94125,18,"[33, 33, 33, 33, 33, 33, 33, 33, 33, 33, 33, 33, 33, 33, 33, 33, 33, 33, 33, 33, 33, 33, 33, 33, 33, 33, 33, 33, 33, 33, 33, 33, 33, 33, 33, 33, 33, 33, 33, 33, 33, 33, 33, 33, 33, 33, 33, 33, 33, 33, 33, 33, 33, 33, 33, 33, 33, 33, 33, 33, 33, 33, 33, 33, 33, 33, 33, 33, 33, 33, 33, 33, 33, 33, 33, 33, 33, 33, 33, 33, 33, 33, 33, 33, 33, 33, 33, 33, 33, 33, 33, 33, 33, 33, 33, 33, 33, 33, 33, 33, 33, 33, 33, 33, 33, 33, 33, 33, 33, 33, 33, 33, 33, 33, 33, 33, 33, 33, 33, 33, 33, 32, 32, 31, 30, 30, 28, 27, 27, 26, 26, 26, 25, 24, 23, 23, 23, 22, 22, 22, 22, 22, 21, 21, 21, 21, 21, 21, 21, 21, 21, 21, 21, 21, 21, 21, 21, 21, 21, 21, 21, 21, 21, 20, 20, 20, 20, 20, 20, 20, 20, 20, 20, 20, 20, 20, 20, 20, 19, 19, 19, 19, 18, 18, 18, 18, 18, 18, 18, 18, 18, 18, 18, 18, 18, 18, 18, 18, 18, 18, 18, 18, 18, 18, 18, 18, 18, 18, 18, 18, 18, 18, 18, 18, 18, 18, 18, 18, 18, 18, 18, 18, 18, 18, 18, 18, 18, 18, 18, 18, 18, 18, 18, 18, 18, 18, 18, 18, 18, 18, 18, 18, 18, 18, 18, 18, 18, 18, 18, 18, 18, 18, 18, 18, 18, 18, 18, 18, 18, 18, 18, 18, 18, 18, 18, 18, 18, 18, 18, 18, 18, 18, 18, 18, 18, 18, 18, 18, 18, 18]",17.95742000503905,"[32.91609977324263, 32.912068531116155, 32.920382968002016, 32.92365835222978, 32.91080876795162, 32.91559586797682, 32.914084152179385, 32.912572436381964, 32.91080876795163, 32.913076341647766, 32.91887125220458, 32.9196271101033, 32.91408415217939, 32.91660367850844, 32.9145880574452, 32.91710758377425, 32.917359536407155, 32.908037288989675, 32.912320483749056, 32.916351725875536, 32.91030486268582, 32.91408415217939, 32.921894683799444, 32.91383219954648, 32.9193751574704, 32.91534391534391, 32.91559586797682, 32.91055681531872, 32.913328294280674, 32.91660367850844, 32.91383219954648, 32.908289241622576, 32.91106072058453, 32.905517762660615, 32.91030486268581, 32.91181657848324, 32.91559586797682, 32.9145880574452, 32.911564625850346, 32.912320483749056, 32.916603678508444, 32.91408415217939, 32.91509196271101, 32.9145880574452, 32.91710758377425, 32.91660367850844, 32.916855631141345, 32.9244142101285, 32.920131015369115, 32.916603678508444, 32.91887125220459, 32.917359536407155, 32.9145880574452, 32.9148400100781, 32.913328294280674, 32.913076341647766, 32.917359536407155, 32.912320483749056, 32.90576971529353, 32.908289241622576, 32.909549004787095, 32.91358024691358, 32.913328294280674, 32.91786344167297, 32.921390778533635, 32.920382968002016, 32.9196271101033, 32.916351725875536, 32.90778533635677, 32.91433610481229, 32.91559586797682, 32.917107583774246, 32.91484001007811, 32.91887125220458, 32.91584782060973, 32.91181657848325, 32.91257243638196, 32.9148400100781, 32.91131267321743, 32.91509196271101, 32.90652557319224, 32.909549004787095, 32.916855631141345, 32.91761148904006, 32.91710758377425, 32.9196271101033, 32.912824389014865, 32.91257243638196, 32.912572436381964, 32.917107583774246, 32.91005291005291, 32.91358024691358, 32.912824389014865, 32.91559586797682, 32.9148400100781, 32.916351725875536, 32.91609977324263, 32.91534391534391, 32.916855631141345, 32.913328294280674, 32.91307634164777, 32.92189468379945, 32.91937515747039, 32.91534391534391, 32.9193751574704, 32.916099773242635, 32.91534391534392, 32.916855631141345, 32.917863441672964, 32.91861929957168, 32.92693373645754, 32.92239858906525, 32.92164273116654, 32.917359536407155, 32.9193751574704, 32.92013101536911, 32.92416225749559, 32.9246661627614, 32.92819349962207, 32.920634920634924, 32.9196271101033, 31.922902494331066, 31.921642731166543, 30.92365835222978, 29.92617787855883, 29.930461073318217, 27.933988410178888, 26.936759889140838, 26.930461073318213, 25.93827160493827, 25.935500125976315, 25.9347442680776, 24.933736457545983, 23.93751574703956, 22.94331065759637, 22.941295036533134, 22.941043083900226, 21.946586041824137, 21.940539178634417, 21.940791131267325, 21.938019652305368, 21.936004031242124, 20.943814562862183, 20.945326278659614, 20.944570420760897, 20.94356261022928, 20.942302847064752, 20.94331065759637, 20.950617283950614, 20.942050894431848, 20.94532627865961, 20.944066515495088, 20.952380952380953, 20.947089947089946, 20.948853615520278, 20.9498614260519, 20.94633408919123, 20.944066515495084, 20.942554799697657, 20.94910556815319, 20.946334089191232, 20.95137314184933, 20.948601662887377, 19.948601662887377, 19.948349710254472, 19.94935752078609, 19.952632905013854, 19.95364071554548, 19.949357520786094, 19.952380952380953, 19.949105568153186, 19.952128999748048, 19.95137314184933, 19.951625094482235, 19.952380952380953, 19.951877047115143, 19.952632905013857, 19.956412194507433, 18.957420005039054, 18.960947341899722, 18.95767195767196, 18.959183673469386, 17.95943562610229, 17.956916099773245, 17.95792391030486, 17.960695389266817, 17.956412194507433, 17.95490047871, 17.95767195767196, 17.954396573444193, 17.958175862937768, 17.95867976820358, 17.9596875787352, 17.956412194507433, 17.955656336608715, 17.95540438397581, 17.954648526077097, 17.951877047115143, 17.953136810279666, 17.952380952380953, 17.94885361552028, 17.953136810279666, 17.9498614260519, 17.95389266817838, 17.95565633660872, 17.952632905013857, 17.956664147140337, 17.957923910304864, 17.955656336608715, 17.95540438397581, 17.95490047871, 17.95389266817838, 17.955656336608715, 17.950365331317713, 17.954144620811288, 17.952128999748048, 17.955404383975814, 17.954396573444193, 17.95767195767196, 17.957168052406146, 17.95490047871, 17.95515243134291, 17.954900478709998, 17.956664147140337, 17.95792391030486, 17.956160241874528, 17.95540438397581, 17.95792391030486, 17.95918367346939, 17.96119929453263, 17.960695389266817, 17.958175862937768, 17.954144620811284, 17.959183673469383, 17.958679768203577, 17.959939531368104, 17.95943562610229, 17.957923910304864, 17.95943562610229, 17.958175862937768, 17.959687578735196, 17.955656336608715, 17.957420005039054, 17.95565633660872, 17.958427815570673, 17.956916099773238, 17.95490047871, 17.957923910304864, 17.957420005039054, 17.95389266817838, 17.958931720836482, 17.95691609977324, 17.956664147140337, 17.958679768203577, 17.957671957671955, 17.95540438397581, 17.958175862937768, 17.95691609977324, 17.960443436633913, 17.960947341899725, 17.959183673469386, 17.953136810279666, 17.955656336608715, 17.95338876291257, 17.960695389266817, 17.96069538926682, 17.96069538926682, 17.964978584026206, 17.96195515243134, 17.960443436633913, 17.961451247165535, 17.960947341899722, 17.9596875787352, 17.959183673469386, 17.961955152431344, 17.959939531368104, 17.958175862937765, 17.959183673469386, 17.959939531368104, 17.95742000503905]",0.9021293108430551,0.9222475557444835,18,"[33, 33, 33, 33, 33, 33, 33, 33, 33, 33, 33, 33, 33, 33, 33, 33, 33, 33, 33, 33, 33, 33, 33, 33, 33, 33, 33, 33, 33, 33, 33, 33, 33, 33, 33, 33, 33, 33, 33, 33, 33, 33, 33, 33, 33, 33, 33, 33, 33, 33, 33, 33, 33, 33, 33, 33, 33, 33, 33, 33, 33, 33, 33, 33, 33, 33, 33, 33, 33, 33, 33, 33, 33, 33, 33, 33, 33, 33, 33, 33, 33, 33, 33, 33, 33, 33, 33, 33, 33, 33, 33, 33, 33, 33, 33, 33, 33, 33, 33, 33, 33, 33, 33, 33, 33, 33, 33, 33, 33, 33, 33, 33, 33, 33, 33, 33, 33, 33, 33, 33, 33, 32, 32, 31, 30, 30, 28, 27, 27, 26, 26, 26, 25, 24, 23, 23, 23, 22, 22, 22, 22, 22, 21, 21, 21, 21, 21, 21, 21, 21, 21, 21, 21, 21, 21, 21, 21, 21, 21, 21, 21, 21, 21, 20, 20, 20, 20, 20, 20, 20, 20, 20, 20, 20, 20, 20, 20, 20, 19, 19, 19, 19, 18, 18, 18, 18, 18, 18, 18, 18, 18, 18, 18, 18, 18, 18, 18, 18, 18, 18, 18, 18, 18, 18, 18, 18, 18, 18, 18, 18, 18, 18, 18, 18, 18, 18, 18, 18, 18, 18, 18, 18, 18, 18, 18, 18, 18, 18, 18, 18, 18, 18, 18, 18, 18, 18, 18, 18, 18, 18, 18, 18, 18, 18, 18, 18, 18, 18, 18, 18, 18, 18, 18, 18, 18, 18, 18, 18, 18, 18, 18, 18, 18, 18, 18, 18, 18, 18, 18, 18, 18, 18, 18, 18, 18, 18, 18, 18, 18, 18]",280,"[0.39966991543769836, 0.3913193643093109, 0.3885161876678467, 0.38425108790397644, 0.382213830947876, 0.3817107677459717, 0.3782181441783905, 0.3753536343574524, 0.37421634793281555, 0.3726366460323334, 0.37130919098854065, 0.37129947543144226, 0.3691493272781372, 0.3675926923751831, 0.36637023091316223, 0.36539241671562195, 0.3647184669971466, 0.3642537295818329, 0.3629142642021179, 0.36252713203430176, 0.36171644926071167, 0.36128079891204834, 0.36017462611198425, 0.36106884479522705, 0.3580356240272522, 0.35726025700569153, 0.35666385293006897, 0.35550716519355774, 0.3547596037387848, 0.3544337749481201, 0.3539694845676422, 0.3527826964855194, 0.3522651195526123, 0.35036927461624146, 0.34991681575775146, 0.34876126050949097, 0.3481498956680298, 0.347451388835907, 0.3466112017631531, 0.34488150477409363, 0.3444347381591797, 0.34381017088890076, 0.34341883659362793, 0.3427736759185791, 0.3434220850467682, 0.34119024872779846, 0.3412720859050751, 0.3394872546195984, 0.3402719795703888, 0.33856070041656494, 0.3364485502243042, 0.3363651931285858, 0.3352394104003906, 0.3339625298976898, 0.33463919162750244, 0.3326989710330963, 0.33108365535736084, 0.3297387957572937, 0.32951244711875916, 0.3283367455005646, 0.32840999960899353, 0.32917845249176025, 0.32673412561416626, 0.3267745077610016, 0.32488471269607544, 0.3245033323764801, 0.3218080401420593, 0.31943729519844055, 0.31903958320617676, 0.31831467151641846, 0.3176528811454773, 0.3162212073802948, 0.3150695860385895, 0.3144902288913727, 0.3122623860836029, 0.3111852705478668, 0.3108520209789276, 0.30952659249305725, 0.3082898259162903, 0.3068495988845825, 0.30628541111946106, 0.3049377501010895, 0.3028557002544403, 0.3010055124759674, 0.300241619348526, 0.298570841550827, 0.2989695966243744, 0.296368807554245, 0.29615429043769836, 0.29558536410331726, 0.2945344150066376, 0.2928231954574585, 0.29180437326431274, 0.2897263467311859, 0.2893003225326538, 0.2896060645580292, 0.28622689843177795, 0.2855134606361389, 0.2856484651565552, 0.28383734822273254, 0.2823006212711334, 0.28120702505111694, 0.28029000759124756, 0.27868741750717163, 0.2779035270214081, 0.2767903804779053, 0.27897530794143677, 0.2762676179409027, 0.2743060290813446, 0.2729890048503876, 0.27254047989845276, 0.2707713842391968, 0.2700200378894806, 0.2688824534416199, 0.2671458423137665, 0.2662944495677948, 0.2660492956638336, 0.2644514739513397, 0.26462867856025696, 0.26299768686294556, 0.26207345724105835, 0.2626549303531647, 0.261784166097641, 0.2614193260669708, 0.2600458264350891, 0.25896671414375305, 0.2603633999824524, 0.259663462638855, 0.2588965594768524, 0.25791990756988525, 0.25734177231788635, 0.25611743330955505, 0.2550709545612335, 0.2524000108242035, 0.25189822912216187, 0.25093045830726624, 0.2504153549671173, 0.24925869703292847, 0.25034213066101074, 0.24828162789344788, 0.2483873814344406, 0.24735203385353088, 0.2465318739414215, 0.24510937929153442, 0.24554288387298584, 0.24338549375534058, 0.24301029741764069, 0.2435680627822876, 0.24285879731178284, 0.24257570505142212, 0.2416769564151764, 0.24056100845336914, 0.23994778096675873, 0.23933687806129456, 0.23891788721084595, 0.23905201256275177, 0.23845838010311127, 0.23766452074050903, 0.2368726283311844, 0.23739208281040192, 0.23772817850112915, 0.23449590802192688, 0.23464196920394897, 0.23528271913528442, 0.2332778424024582, 0.23205657303333282, 0.2312590628862381, 0.23066583275794983, 0.23095428943634033, 0.230037122964859, 0.23032419383525848, 0.23029927909374237, 0.23142744600772858, 0.2303137183189392, 0.22966618835926056, 0.22917728126049042, 0.22879207134246826, 0.22823165357112885, 0.2301655262708664, 0.22987180948257446, 0.2303314059972763, 0.23150205612182617, 0.2300751805305481, 0.23074132204055786, 0.22947359085083008, 0.22926601767539978, 0.22870805859565735, 0.2291165590286255, 0.22722668945789337, 0.22711805999279022, 0.22670212388038635, 0.22615593671798706, 0.22612108290195465, 0.22521156072616577, 0.22589512169361115, 0.22503894567489624, 0.22476208209991455, 0.22470931708812714, 0.22403210401535034, 0.22471874952316284, 0.2229699194431305, 0.22278183698654175, 0.2234676331281662, 0.2226240187883377, 0.22201921045780182, 0.22271867096424103, 0.22164003551006317, 0.22030843794345856, 0.21991465985774994, 0.21948370337486267, 0.21920938789844513, 0.21872611343860626, 0.21816743910312653, 0.2184876650571823, 0.2184569239616394, 0.21812157332897186, 0.21784919500350952, 0.21729855239391327, 0.21824094653129578, 0.21807757019996643, 0.2162715196609497, 0.21726179122924805, 0.21560630202293396, 0.21521934866905212, 0.21466247737407684, 0.2144428789615631, 0.21431750059127808, 0.21277937293052673, 0.2118227332830429, 0.2112070918083191, 0.2115003764629364, 0.21174541115760803, 0.21200865507125854, 0.21121715009212494, 0.2110700160264969, 0.21021240949630737, 0.20965047180652618, 0.21320773661136627, 0.20923514664173126, 0.2095014750957489, 0.2084108591079712, 0.2086947113275528, 0.20882606506347656, 0.20853057503700256, 0.20910683274269104, 0.2069033682346344, 0.2082652598619461, 0.20728474855422974, 0.20670339465141296, 0.2062477171421051, 0.2074444442987442, 0.20569919049739838, 0.20489414036273956, 0.204951673746109, 0.2044910490512848, 0.20574963092803955, 0.20383769273757935, 0.20368307828903198, 0.2045617550611496, 0.2039833515882492, 0.20529526472091675, 0.2014678716659546, 0.20169688761234283, 0.20016834139823914, 0.20170645415782928, 0.2016463726758957, 0.20346853137016296, 0.2014274001121521, 0.19979897141456604, 0.20141199231147766, 0.20332731306552887, 0.2026134729385376, 0.2021368443965912, 0.2020922601222992, 0.20000332593917847, 0.19975782930850983, 0.19918924570083618, 0.19938886165618896, 0.19796821475028992, 0.19849948585033417]",18.0,"[33.0, 33.0, 33.0, 33.0, 33.0, 33.0, 33.0, 33.0, 33.0, 33.0, 33.0, 33.0, 33.0, 33.0, 33.0, 33.0, 33.0, 33.0, 33.0, 33.0, 33.0, 33.0, 33.0, 33.0, 33.0, 33.0, 33.0, 33.0, 33.0, 33.0, 33.0, 33.0, 33.0, 33.0, 33.0, 33.0, 33.0, 33.0, 33.0, 33.0, 33.0, 33.0, 33.0, 33.0, 33.0, 33.0, 33.0, 33.0, 33.0, 33.0, 33.0, 33.0, 33.0, 33.0, 33.0, 33.0, 33.0, 33.0, 33.0, 33.0, 33.0, 33.0, 33.0, 33.0, 33.0, 33.0, 33.0, 33.0, 33.0, 33.0, 33.0, 33.0, 33.0, 33.0, 33.0, 33.0, 33.0, 33.0, 33.0, 33.0, 33.0, 33.0, 33.0, 33.0, 33.0, 33.0, 33.0, 33.0, 33.0, 33.0, 33.0, 33.0, 33.0, 33.0, 33.0, 33.0, 33.0, 33.0, 33.0, 33.0, 33.0, 33.0, 33.0, 33.0, 33.0, 33.0, 33.0, 33.0, 33.0, 33.0, 33.0, 33.0, 33.0, 33.0, 33.0, 33.0, 33.0, 33.0, 33.0, 33.0, 33.0, 32.0, 32.0, 31.0, 30.0, 30.0, 28.0, 27.0, 27.0, 26.0, 26.0, 26.0, 25.0, 24.0, 23.0, 23.0, 23.0, 22.0, 22.0, 22.0, 22.0, 22.0, 21.0, 21.0, 21.0, 21.0, 21.0, 21.0, 21.0, 21.0, 21.0, 21.0, 21.0, 21.0, 21.0, 21.0, 21.0, 21.0, 21.0, 21.0, 21.0, 21.0, 21.0, 20.0, 20.0, 20.0, 20.0, 20.0, 20.0, 20.0, 20.0, 20.0, 20.0, 20.0, 20.0, 20.0, 20.0, 20.0, 19.0, 19.0, 19.0, 19.0, 18.0, 18.0, 18.0, 18.0, 18.0, 18.0, 18.0, 18.0, 18.0, 18.0, 18.0, 18.0, 18.0, 18.0, 18.0, 18.0, 18.0, 18.0, 18.0, 18.0, 18.0, 18.0, 18.0, 18.0, 18.0, 18.0, 18.0, 18.0, 18.0, 18.0, 18.0, 18.0, 18.0, 18.0, 18.0, 18.0, 18.0, 18.0, 18.0, 18.0, 18.0, 18.0, 18.0, 18.0, 18.0, 18.0, 18.0, 18.0, 18.0, 18.0, 18.0, 18.0, 18.0, 18.0, 18.0, 18.0, 18.0, 18.0, 18.0, 18.0, 18.0, 18.0, 18.0, 18.0, 18.0, 18.0, 18.0, 18.0, 18.0, 18.0, 18.0, 18.0, 18.0, 18.0, 18.0, 18.0, 18.0, 18.0, 18.0, 18.0, 18.0, 18.0, 18.0, 18.0, 18.0, 18.0, 18.0, 18.0, 18.0, 18.0, 18.0, 18.0, 18.0, 18.0, 18.0, 18.0, 18.0, 18.0]",COMPLETE
