,number,value,datetime_start,datetime_complete,duration,params_batch_size_scaler,params_constant_learning_rate,params_depth,params_epochs,params_kernel_l2,params_num_trees,params_temperature,user_attrs_accuracy_test,user_attrs_accuracy_valid,user_attrs_approximate_feature_sparsity,user_attrs_approximate_feature_sparsity_history,user_attrs_approximate_weight_sparsity,user_attrs_approximate_weight_sparsity_history,user_attrs_auc_test,user_attrs_auc_valid,user_attrs_feature_sparsity,user_attrs_feature_sparsity_history,user_attrs_num_epochs,user_attrs_val_loss_history,user_attrs_weight_sparsity,user_attrs_weight_sparsity_history,state
28,28,0.5,2024-08-31 01:37:01.446898,2024-08-31 01:45:27.947077,0 days 00:08:26.500179,4,4.866520904723249,6,435,0.03298038995543371,26,0.005054829628758756,0.859,0.85875,0,"[0, 0, 0, 0, 0, 0, 0, 0, 0, 0, 0, 0, 0, 0, 0, 0, 0, 0, 0, 0, 0, 0, 0, 0, 0, 0, 0, 0, 0, 0, 0, 0, 0, 0, 0, 0, 0, 0, 0, 0, 0, 0, 0, 0, 0, 0, 0, 0, 0, 0, 0, 0, 0, 0, 0, 0, 0, 0, 0, 0, 0, 0, 0, 0, 0, 0, 0, 0, 0, 0, 0, 0, 0, 0, 0, 0, 0, 0, 0, 0, 0, 0, 0, 0, 0, 0, 0, 0, 0, 0, 0, 0, 0, 0, 0, 0, 0, 0, 0, 0, 0, 0, 0, 0, 0, 0, 0, 0, 0, 0, 0, 0, 0, 0, 0, 0, 0, 0, 0, 0, 0, 0, 0, 0, 0, 0, 0, 0, 0, 0, 0, 0, 0, 0, 0, 0, 0, 0, 0, 0, 0, 0, 0, 0, 0, 0, 0, 0, 0, 0, 0, 0, 0, 0, 0, 0, 0, 0, 0, 0, 0, 0, 0, 0, 0, 0, 0, 0, 0, 0, 0, 0, 0, 0, 0, 0, 0, 0, 0, 0, 0, 0, 0, 0, 0, 0, 0, 0, 0, 0, 0, 0, 0, 0, 0, 0, 0, 0, 0, 0, 0, 0, 0, 0, 0, 0, 0, 0, 0, 0, 0, 0, 0, 0, 0, 0, 0, 0, 0, 0, 0, 0, 0, 0, 0, 0, 0, 0, 0, 0, 0, 0, 0, 0, 0, 0, 0, 0, 0, 0, 0, 0, 0, 0, 0, 0, 0, 0, 0, 0, 0, 0, 0, 0, 0, 0, 0, 0, 0, 0, 0, 0, 0, 0, 0, 0, 0, 0, 0, 0, 0, 0, 0, 0, 0, 0, 0, 0, 0, 0, 0, 0, 0, 0, 0, 0, 0, 0, 0, 0, 0, 0, 0, 0, 0, 0, 0, 0, 0, 0, 0, 0, 0, 0, 0, 0, 0, 0, 0, 0, 0, 0, 0, 0, 0, 0, 0, 0, 0, 0, 0, 0, 0, 0, 0, 0, 0, 0, 0, 0, 0, 0, 0, 0, 0, 0, 0, 0, 0, 0, 0, 0, 0, 0, 0, 0, 0, 0, 0, 0, 0, 0, 0, 0, 0, 0, 0, 0, 0, 0, 0, 0, 0, 0, 0, 0, 0, 0, 0, 0, 0, 0, 0, 0, 0, 0, 0, 0, 0, 0, 0, 0, 0, 0, 0, 0, 0, 0, 0, 0, 0, 0, 0, 0, 0, 0, 0, 0, 0, 0, 0, 0, 0, 0, 0, 0, 0, 0, 0, 0, 0, 0, 0, 0, 0, 0, 0, 0, 0, 0, 0, 0, 0, 0, 0, 0, 0, 0, 0, 0, 0, 0, 0, 0, 0]",0.0,"[0.0, 0.0, 0.0, 0.0, 0.0, 0.0, 0.0, 0.0, 0.0, 0.0, 0.0, 0.0, 0.0, 0.0, 0.0, 0.0, 0.0, 0.0, 0.0, 0.0, 0.0, 0.0, 0.0, 0.0, 0.0, 0.0, 0.0, 0.0, 0.0, 0.0, 0.0, 0.0, 0.0, 0.0, 0.0, 0.0, 0.0, 0.0, 0.0, 0.0, 0.0, 0.0, 0.0, 0.0, 0.0, 0.0, 0.0, 0.0, 0.0, 0.0, 0.0, 0.0, 0.0, 0.0, 0.0, 0.0, 0.0, 0.0, 0.0, 0.0, 0.0, 0.0, 0.0, 0.0, 0.0, 0.0, 0.0, 0.0, 0.0, 0.0, 0.0, 0.0, 0.0, 0.0, 0.0, 0.0, 0.0, 0.0, 0.0, 0.0, 0.0, 0.0, 0.0, 0.0, 0.0, 0.0, 0.0, 0.0, 0.0, 0.0, 0.0, 0.0, 0.0, 0.0, 0.0, 0.0, 0.0, 0.0, 0.0, 0.0, 0.0, 0.0, 0.0, 0.0, 0.0, 0.0, 0.0, 0.0, 0.0, 0.0, 0.0, 0.0, 0.0, 0.0, 0.0, 0.0, 0.0, 0.0, 0.0, 0.0, 0.0, 0.0, 0.0, 0.0, 0.0, 0.0, 0.0, 0.0, 0.0, 0.0, 0.0, 0.0, 0.0, 0.0, 0.0, 0.0, 0.0, 0.0, 0.0, 0.0, 0.0, 0.0, 0.0, 0.0, 0.0, 0.0, 0.0, 0.0, 0.0, 0.0, 0.0, 0.0, 0.0, 0.0, 0.0, 0.0, 0.0, 0.0, 0.0, 0.0, 0.0, 0.0, 0.0, 0.0, 0.0, 0.0, 0.0, 0.0, 0.0, 0.0, 0.0, 0.0, 0.0, 0.0, 0.0, 0.0, 0.0, 0.0, 0.0, 0.0, 0.0, 0.0, 0.0, 0.0, 0.0, 0.0, 0.0, 0.0, 0.0, 0.0, 0.0, 0.0, 0.0, 0.0, 0.0, 0.0, 0.0, 0.0, 0.0, 0.0, 0.0, 0.0, 0.0, 0.0, 0.0, 0.0, 0.0, 0.0, 0.0, 0.0, 0.0, 0.0, 0.0, 0.0, 0.0, 0.0, 0.0, 0.0, 0.0, 0.0, 0.0, 0.0, 0.0, 0.0, 0.0, 0.0, 0.0, 0.0, 0.0, 0.0, 0.0, 0.0, 0.0, 0.0, 0.0, 0.0, 0.0, 0.0, 0.0, 0.0, 0.0, 0.0, 0.0, 0.0, 0.0, 0.0, 0.0, 0.0, 0.0, 0.0, 0.0, 0.0, 0.0, 0.0, 0.0, 0.0, 0.0, 0.0, 0.0, 0.0, 0.0, 0.0, 0.0, 0.0, 0.0, 0.0, 0.0, 0.0, 0.0, 0.0, 0.0, 0.0, 0.0, 0.0, 0.0, 0.0, 0.0, 0.0, 0.0, 0.0, 0.0, 0.0, 0.0, 0.0, 0.0, 0.0, 0.0, 0.0, 0.0, 0.0, 0.0, 0.0, 0.0, 0.0, 0.0, 0.0, 0.0, 0.0, 0.0, 0.0, 0.0, 0.0, 0.0, 0.0, 0.0, 0.0, 0.0, 0.0, 0.0, 0.0, 0.0, 0.0, 0.0, 0.0, 0.0, 0.0, 0.0, 0.0, 0.0, 0.0, 0.0, 0.0, 0.0, 0.0, 0.0, 0.0, 0.0, 0.0, 0.0, 0.0, 0.0, 0.0, 0.0, 0.0, 0.0, 0.0, 0.0, 0.0, 0.0, 0.0, 0.0, 0.0, 0.0, 0.0, 0.0, 0.0, 0.0, 0.0, 0.0, 0.0, 0.0, 0.0, 0.0, 0.0, 0.0, 0.0, 0.0, 0.0, 0.0, 0.0, 0.0, 0.0, 0.0, 0.0, 0.0, 0.0, 0.0, 0.0, 0.0, 0.0, 0.0, 0.0, 0.0, 0.0, 0.0, 0.0, 0.0, 0.0, 0.0, 0.0, 0.0, 0.0, 0.0, 0.0, 0.0, 0.0, 0.0, 0.0, 0.0, 0.0, 0.0, 0.0, 0.0, 0.0, 0.0, 0.0, 0.0, 0.0, 0.0, 0.0, 0.0, 0.0, 0.0, 0.0, 0.0, 0.0, 0.0, 0.0, 0.0, 0.0, 0.0, 0.0, 0.0, 0.0, 0.0, 0.0, 0.0, 0.0, 0.0, 0.0, 0.0, 0.0, 0.0, 0.0, 0.0, 0.0, 0.0, 0.0, 0.0, 0.0, 0.0, 0.0, 0.0, 0.0, 0.0]",0.5,0.5,0,"[0, 0, 0, 0, 0, 0, 0, 0, 0, 0, 0, 0, 0, 0, 0, 0, 0, 0, 0, 0, 0, 0, 0, 0, 0, 0, 0, 0, 0, 0, 0, 0, 0, 0, 0, 0, 0, 0, 0, 0, 0, 0, 0, 0, 0, 0, 0, 0, 0, 0, 0, 0, 0, 0, 0, 0, 0, 0, 0, 0, 0, 0, 0, 0, 0, 0, 0, 0, 0, 0, 0, 0, 0, 0, 0, 0, 0, 0, 0, 0, 0, 0, 0, 0, 0, 0, 0, 0, 0, 0, 0, 0, 0, 0, 0, 0, 0, 0, 0, 0, 0, 0, 0, 0, 0, 0, 0, 0, 0, 0, 0, 0, 0, 0, 0, 0, 0, 0, 0, 0, 0, 0, 0, 0, 0, 0, 0, 0, 0, 0, 0, 0, 0, 0, 0, 0, 0, 0, 0, 0, 0, 0, 0, 0, 0, 0, 0, 0, 0, 0, 0, 0, 0, 0, 0, 0, 0, 0, 0, 0, 0, 0, 0, 0, 0, 0, 0, 0, 0, 0, 0, 0, 0, 0, 0, 0, 0, 0, 0, 0, 0, 0, 0, 0, 0, 0, 0, 0, 0, 0, 0, 0, 0, 0, 0, 0, 0, 0, 0, 0, 0, 0, 0, 0, 0, 0, 0, 0, 0, 0, 0, 0, 0, 0, 0, 0, 0, 0, 0, 0, 0, 0, 0, 0, 0, 0, 0, 0, 0, 0, 0, 0, 0, 0, 0, 0, 0, 0, 0, 0, 0, 0, 0, 0, 0, 0, 0, 0, 0, 0, 0, 0, 0, 0, 0, 0, 0, 0, 0, 0, 0, 0, 0, 0, 0, 0, 0, 0, 0, 0, 0, 0, 0, 0, 0, 0, 0, 0, 0, 0, 0, 0, 0, 0, 0, 0, 0, 0, 0, 0, 0, 0, 0, 0, 0, 0, 0, 0, 0, 0, 0, 0, 0, 0, 0, 0, 0, 0, 0, 0, 0, 0, 0, 0, 0, 0, 0, 0, 0, 0, 0, 0, 0, 0, 0, 0, 0, 0, 0, 0, 0, 0, 0, 0, 0, 0, 0, 0, 0, 0, 0, 0, 0, 0, 0, 0, 0, 0, 0, 0, 0, 0, 0, 0, 0, 0, 0, 0, 0, 0, 0, 0, 0, 0, 0, 0, 0, 0, 0, 0, 0, 0, 0, 0, 0, 0, 0, 0, 0, 0, 0, 0, 0, 0, 0, 0, 0, 0, 0, 0, 0, 0, 0, 0, 0, 0, 0, 0, 0, 0, 0, 0, 0, 0, 0, 0, 0, 0, 0, 0, 0, 0, 0, 0, 0, 0, 0, 0, 0, 0, 0, 0, 0, 0, 0, 0, 0, 0, 0, 0, 0, 0, 0, 0, 0]",435,"[0.40735137462615967, 0.407736599445343, 0.4075186550617218, 0.40896183252334595, 0.4092347025871277, 0.40796801447868347, 0.4122891128063202, 0.40726223587989807, 0.40796443819999695, 0.4146516025066376, 0.40929728746414185, 0.41036948561668396, 0.40808430314064026, 0.40892890095710754, 0.4091356694698334, 0.4099859297275543, 0.4087882936000824, 0.4108487367630005, 0.40784043073654175, 0.4149768352508545, 0.407662034034729, 0.41045090556144714, 0.4081146717071533, 0.40782326459884644, 0.4121829867362976, 0.4077342748641968, 0.40843281149864197, 0.4083879590034485, 0.4075254201889038, 0.40731945633888245, 0.4094705581665039, 0.4073299169540405, 0.408008873462677, 0.4157692790031433, 0.4082871973514557, 0.40876129269599915, 0.410579115152359, 0.40937522053718567, 0.4092975854873657, 0.4105461537837982, 0.4117010831832886, 0.40737974643707275, 0.40866878628730774, 0.40723851323127747, 0.40725502371788025, 0.4135136008262634, 0.41142091155052185, 0.4091032147407532, 0.4105873107910156, 0.4074932336807251, 0.4072268009185791, 0.4072762429714203, 0.41255033016204834, 0.4090746343135834, 0.413076788187027, 0.407273530960083, 0.41764888167381287, 0.4107440710067749, 0.4078729748725891, 0.407520055770874, 0.40875256061553955, 0.41202372312545776, 0.41232386231422424, 0.4081934988498688, 0.409073144197464, 0.40726685523986816, 0.4079991579055786, 0.4072498381137848, 0.4072478115558624, 0.41112440824508667, 0.40822312235832214, 0.4087817370891571, 0.40952277183532715, 0.41495591402053833, 0.4072414040565491, 0.4073176681995392, 0.4073156714439392, 0.4109492599964142, 0.40900567173957825, 0.41029319167137146, 0.4073522984981537, 0.4075269401073456, 0.40826672315597534, 0.40927043557167053, 0.4102274775505066, 0.41301029920578003, 0.4113037884235382, 0.40789902210235596, 0.4079227149486542, 0.40878674387931824, 0.41098570823669434, 0.40730369091033936, 0.41529011726379395, 0.4074075222015381, 0.4095627963542938, 0.4097974896430969, 0.4099522531032562, 0.4173521101474762, 0.40865933895111084, 0.408852219581604, 0.4113391041755676, 0.40761399269104004, 0.40722978115081787, 0.42097845673561096, 0.407505601644516, 0.4154050350189209, 0.4073898196220398, 0.40741050243377686, 0.40949249267578125, 0.40746021270751953, 0.4077972173690796, 0.4072260558605194, 0.40897807478904724, 0.407500684261322, 0.4077773690223694, 0.40821993350982666, 0.40766432881355286, 0.4115273654460907, 0.409241646528244, 0.40823477506637573, 0.41351839900016785, 0.4074498414993286, 0.4073821008205414, 0.4082469642162323, 0.4077012538909912, 0.40830448269844055, 0.40821507573127747, 0.41687968373298645, 0.4116516411304474, 0.4141383469104767, 0.40722715854644775, 0.40741461515426636, 0.4085060954093933, 0.4073640704154968, 0.4076378345489502, 0.4073300063610077, 0.4086310565471649, 0.4176834225654602, 0.40829673409461975, 0.40734437108039856, 0.40776216983795166, 0.40746429562568665, 0.40956348180770874, 0.40782833099365234, 0.40776893496513367, 0.41237398982048035, 0.40749940276145935, 0.4073796570301056, 0.4072304666042328, 0.4076242744922638, 0.40949055552482605, 0.4093765318393707, 0.40854737162590027, 0.40761783719062805, 0.40869346261024475, 0.40843555331230164, 0.4081859886646271, 0.4079549312591553, 0.41003909707069397, 0.4075172543525696, 0.40946781635284424, 0.4075401723384857, 0.4100271463394165, 0.41029834747314453, 0.40723755955696106, 0.41125115752220154, 0.41153931617736816, 0.41071784496307373, 0.4090028405189514, 0.41216909885406494, 0.4073506295681, 0.4171893000602722, 0.41506996750831604, 0.4080400764942169, 0.4110151529312134, 0.4073863625526428, 0.4094395339488983, 0.4072570502758026, 0.41163578629493713, 0.40887612104415894, 0.4088892638683319, 0.407466858625412, 0.4152825176715851, 0.4099748134613037, 0.410061240196228, 0.40731698274612427, 0.4072398245334625, 0.4073319137096405, 0.4157305955886841, 0.41504591703414917, 0.4110372066497803, 0.40873053669929504, 0.40869343280792236, 0.41284850239753723, 0.40805840492248535, 0.40804848074913025, 0.4087042212486267, 0.4109379053115845, 0.41348543763160706, 0.4081190824508667, 0.4075746238231659, 0.4072679877281189, 0.40756019949913025, 0.4087795615196228, 0.40804994106292725, 0.40759190917015076, 0.40736544132232666, 0.4115520715713501, 0.408915638923645, 0.4079260230064392, 0.4076401889324188, 0.408768892288208, 0.4092146158218384, 0.40945082902908325, 0.40755370259284973, 0.41960835456848145, 0.40762901306152344, 0.41373783349990845, 0.4134441018104553, 0.4076575040817261, 0.41080912947654724, 0.4072352647781372, 0.4084717035293579, 0.40774428844451904, 0.40973007678985596, 0.4084281921386719, 0.41023707389831543, 0.4091000258922577, 0.4076007604598999, 0.40851107239723206, 0.4116581976413727, 0.4167804419994354, 0.4073008596897125, 0.4091235399246216, 0.4073896110057831, 0.4094216823577881, 0.4128415286540985, 0.40797626972198486, 0.41047194600105286, 0.41041800379753113, 0.41046202182769775, 0.40985870361328125, 0.4092771112918854, 0.4072464108467102, 0.4139002561569214, 0.4073740243911743, 0.4100480377674103, 0.40920132398605347, 0.41005775332450867, 0.4104683995246887, 0.41575777530670166, 0.4094240963459015, 0.41083404421806335, 0.4073079228401184, 0.40828362107276917, 0.4084721505641937, 0.40738964080810547, 0.4073495864868164, 0.40802985429763794, 0.40734535455703735, 0.4091883897781372, 0.4085898697376251, 0.4074314832687378, 0.4210743308067322, 0.4074470102787018, 0.4080820083618164, 0.40765637159347534, 0.4078214168548584, 0.40761715173721313, 0.40722617506980896, 0.4119916260242462, 0.41016751527786255, 0.40744152665138245, 0.41233891248703003, 0.40935996174812317, 0.40831589698791504, 0.40739887952804565, 0.4110339283943176, 0.4113198518753052, 0.4085105061531067, 0.40998509526252747, 0.40994372963905334, 0.40723198652267456, 0.4088331162929535, 0.4074036777019501, 0.40873825550079346, 0.407932847738266, 0.4079384207725525, 0.4110752046108246, 0.4078883230686188, 0.41063570976257324, 0.40859124064445496, 0.4086151123046875, 0.4113394618034363, 0.4237978756427765, 0.4084020256996155, 0.4072401821613312, 0.4086923897266388, 0.4077102243900299, 0.4072338938713074, 0.40751275420188904, 0.4072260558605194, 0.41485580801963806, 0.40893104672431946, 0.4072384238243103, 0.407802015542984, 0.4087045192718506, 0.407236784696579, 0.40956616401672363, 0.4089794158935547, 0.40762460231781006, 0.4136752188205719, 0.41293978691101074, 0.4138941168785095, 0.4095523953437805, 0.41166743636131287, 0.4073924124240875, 0.40722620487213135, 0.40764862298965454, 0.4073665738105774, 0.407889723777771, 0.40801337361335754, 0.40743106603622437, 0.4111461937427521, 0.4072670340538025, 0.40840229392051697, 0.4144878387451172, 0.40754422545433044, 0.4072262942790985, 0.40733709931373596, 0.411827951669693, 0.4087154269218445, 0.421260803937912, 0.40912681818008423, 0.4073088765144348, 0.4089151620864868, 0.4085294008255005, 0.4079524278640747, 0.4085998833179474, 0.40735799074172974, 0.4165756106376648, 0.4082019031047821, 0.40800657868385315, 0.41090744733810425, 0.41120749711990356, 0.4104827642440796, 0.4080958962440491, 0.40816813707351685, 0.41203564405441284, 0.41619330644607544, 0.40809524059295654, 0.42364293336868286, 0.40800681710243225, 0.4153990149497986, 0.4073737859725952, 0.40839919447898865, 0.4102056622505188, 0.40742361545562744, 0.4073443114757538, 0.4108986556529999, 0.41137078404426575, 0.40783339738845825, 0.4089353680610657, 0.4072415828704834, 0.4074058532714844, 0.4149630069732666, 0.41473588347435, 0.4121692180633545, 0.4074122905731201, 0.4075348377227783, 0.4091871678829193, 0.41000697016716003, 0.4108344316482544, 0.41201722621917725, 0.4117271304130554, 0.4072897434234619, 0.41013380885124207, 0.4158780574798584, 0.4083158075809479, 0.4096100628376007, 0.40792399644851685, 0.40836361050605774, 0.41077011823654175, 0.40861693024635315, 0.4082277715206146, 0.4074840545654297, 0.40753763914108276, 0.40937045216560364, 0.40782085061073303, 0.41188958287239075, 0.4072629511356354, 0.40839505195617676, 0.4116745889186859, 0.41047754883766174, 0.40991100668907166, 0.4075568914413452, 0.4093976616859436, 0.40970349311828613, 0.407693088054657, 0.40726983547210693, 0.4097753167152405, 0.4113008379936218, 0.41142556071281433, 0.4108908772468567, 0.4072285592556, 0.4076608717441559, 0.4073527157306671, 0.41071227192878723, 0.41402846574783325, 0.41240328550338745, 0.41009843349456787, 0.4078831374645233, 0.40736857056617737, 0.425207257270813, 0.410002738237381, 0.4122353792190552, 0.4081430733203888, 0.4077790379524231, 0.40875065326690674, 0.4075324237346649, 0.409438818693161, 0.40871989727020264, 0.40723007917404175, 0.4074079096317291, 0.4093375504016876, 0.40723007917404175, 0.4076869487762451, 0.40759262442588806, 0.41263216733932495, 0.408077597618103, 0.4080731272697449, 0.4072863757610321, 0.4074569642543793, 0.4084382653236389, 0.40799757838249207]",0.0,"[0.0, 0.0, 0.0, 0.0, 0.0, 0.0, 0.0, 0.0, 0.0, 0.0, 0.0, 0.0, 0.0, 0.0, 0.0, 0.0, 0.0, 0.0, 0.0, 0.0, 0.0, 0.0, 0.0, 0.0, 0.0, 0.0, 0.0, 0.0, 0.0, 0.0, 0.0, 0.0, 0.0, 0.0, 0.0, 0.0, 0.0, 0.0, 0.0, 0.0, 0.0, 0.0, 0.0, 0.0, 0.0, 0.0, 0.0, 0.0, 0.0, 0.0, 0.0, 0.0, 0.0, 0.0, 0.0, 0.0, 0.0, 0.0, 0.0, 0.0, 0.0, 0.0, 0.0, 0.0, 0.0, 0.0, 0.0, 0.0, 0.0, 0.0, 0.0, 0.0, 0.0, 0.0, 0.0, 0.0, 0.0, 0.0, 0.0, 0.0, 0.0, 0.0, 0.0, 0.0, 0.0, 0.0, 0.0, 0.0, 0.0, 0.0, 0.0, 0.0, 0.0, 0.0, 0.0, 0.0, 0.0, 0.0, 0.0, 0.0, 0.0, 0.0, 0.0, 0.0, 0.0, 0.0, 0.0, 0.0, 0.0, 0.0, 0.0, 0.0, 0.0, 0.0, 0.0, 0.0, 0.0, 0.0, 0.0, 0.0, 0.0, 0.0, 0.0, 0.0, 0.0, 0.0, 0.0, 0.0, 0.0, 0.0, 0.0, 0.0, 0.0, 0.0, 0.0, 0.0, 0.0, 0.0, 0.0, 0.0, 0.0, 0.0, 0.0, 0.0, 0.0, 0.0, 0.0, 0.0, 0.0, 0.0, 0.0, 0.0, 0.0, 0.0, 0.0, 0.0, 0.0, 0.0, 0.0, 0.0, 0.0, 0.0, 0.0, 0.0, 0.0, 0.0, 0.0, 0.0, 0.0, 0.0, 0.0, 0.0, 0.0, 0.0, 0.0, 0.0, 0.0, 0.0, 0.0, 0.0, 0.0, 0.0, 0.0, 0.0, 0.0, 0.0, 0.0, 0.0, 0.0, 0.0, 0.0, 0.0, 0.0, 0.0, 0.0, 0.0, 0.0, 0.0, 0.0, 0.0, 0.0, 0.0, 0.0, 0.0, 0.0, 0.0, 0.0, 0.0, 0.0, 0.0, 0.0, 0.0, 0.0, 0.0, 0.0, 0.0, 0.0, 0.0, 0.0, 0.0, 0.0, 0.0, 0.0, 0.0, 0.0, 0.0, 0.0, 0.0, 0.0, 0.0, 0.0, 0.0, 0.0, 0.0, 0.0, 0.0, 0.0, 0.0, 0.0, 0.0, 0.0, 0.0, 0.0, 0.0, 0.0, 0.0, 0.0, 0.0, 0.0, 0.0, 0.0, 0.0, 0.0, 0.0, 0.0, 0.0, 0.0, 0.0, 0.0, 0.0, 0.0, 0.0, 0.0, 0.0, 0.0, 0.0, 0.0, 0.0, 0.0, 0.0, 0.0, 0.0, 0.0, 0.0, 0.0, 0.0, 0.0, 0.0, 0.0, 0.0, 0.0, 0.0, 0.0, 0.0, 0.0, 0.0, 0.0, 0.0, 0.0, 0.0, 0.0, 0.0, 0.0, 0.0, 0.0, 0.0, 0.0, 0.0, 0.0, 0.0, 0.0, 0.0, 0.0, 0.0, 0.0, 0.0, 0.0, 0.0, 0.0, 0.0, 0.0, 0.0, 0.0, 0.0, 0.0, 0.0, 0.0, 0.0, 0.0, 0.0, 0.0, 0.0, 0.0, 0.0, 0.0, 0.0, 0.0, 0.0, 0.0, 0.0, 0.0, 0.0, 0.0, 0.0, 0.0, 0.0, 0.0, 0.0, 0.0, 0.0, 0.0, 0.0, 0.0, 0.0, 0.0, 0.0, 0.0, 0.0, 0.0, 0.0, 0.0, 0.0, 0.0, 0.0, 0.0, 0.0, 0.0, 0.0, 0.0, 0.0, 0.0, 0.0, 0.0, 0.0, 0.0, 0.0, 0.0, 0.0, 0.0, 0.0, 0.0, 0.0, 0.0, 0.0, 0.0, 0.0, 0.0, 0.0, 0.0, 0.0, 0.0, 0.0, 0.0, 0.0, 0.0, 0.0, 0.0, 0.0, 0.0, 0.0, 0.0, 0.0, 0.0, 0.0, 0.0, 0.0, 0.0, 0.0, 0.0, 0.0, 0.0, 0.0, 0.0, 0.0, 0.0, 0.0, 0.0, 0.0, 0.0, 0.0, 0.0, 0.0, 0.0, 0.0, 0.0, 0.0, 0.0, 0.0, 0.0, 0.0, 0.0, 0.0, 0.0, 0.0, 0.0, 0.0, 0.0, 0.0, 0.0, 0.0, 0.0, 0.0, 0.0, 0.0, 0.0]",COMPLETE
