,number,value,datetime_start,datetime_complete,duration,params_batch_size_scaler,params_constant_learning_rate,params_depth,params_epochs,params_kernel_l2,params_num_trees,params_temperature,user_attrs_accuracy_test,user_attrs_accuracy_valid,user_attrs_approximate_feature_sparsity,user_attrs_approximate_feature_sparsity_history,user_attrs_approximate_weight_sparsity,user_attrs_approximate_weight_sparsity_history,user_attrs_auc_test,user_attrs_auc_valid,user_attrs_feature_sparsity,user_attrs_feature_sparsity_history,user_attrs_num_epochs,user_attrs_val_loss_history,user_attrs_weight_sparsity,user_attrs_weight_sparsity_history,state
98,98,0.5,2024-08-31 04:27:21.686495,2024-08-31 04:28:11.718126,0 days 00:00:50.031631,16,1.2023426631775667,2,340,0.7191678076861342,12,0.028840780791862353,0.859,0.85875,0,"[0, 0, 0, 0, 0, 0, 0, 0, 0, 0, 0, 0, 0, 0, 0, 0, 0, 0, 0, 0, 0, 0, 0, 0, 0, 0, 0, 0, 0, 0, 0, 0, 0, 0, 0, 0, 0, 0, 0, 0, 0, 0, 0, 0, 0, 0, 0, 0, 0, 0, 0, 0, 0, 0, 0, 0, 0, 0, 0, 0, 0, 0, 0, 0, 0, 0, 0, 0, 0, 0, 0, 0, 0, 0, 0, 0, 0, 0, 0, 0, 0, 0, 0, 0, 0, 0, 0, 0, 0, 0, 0, 0, 0, 0, 0, 0, 0, 0, 0, 0, 0, 0, 0, 0, 0, 0, 0, 0, 0, 0, 0, 0, 0, 0, 0, 0, 0, 0, 0, 0, 0, 0, 0, 0, 0, 0, 0, 0, 0, 0, 0, 0, 0, 0, 0, 0, 0, 0, 0, 0, 0, 0, 0, 0, 0, 0, 0, 0, 0, 0, 0, 0, 0, 0, 0, 0, 0, 0, 0, 0, 0, 0, 0, 0, 0, 0, 0, 0, 0, 0, 0, 0, 0, 0, 0, 0, 0, 0, 0, 0, 0, 0, 0, 0, 0, 0, 0, 0, 0, 0, 0, 0, 0, 0, 0, 0, 0, 0, 0, 0, 0, 0, 0, 0, 0, 0, 0, 0, 0, 0, 0, 0, 0, 0, 0, 0, 0, 0, 0, 0, 0, 0, 0, 0, 0, 0, 0, 0, 0, 0, 0, 0, 0, 0, 0, 0, 0, 0, 0, 0, 0, 0, 0, 0, 0, 0, 0, 0, 0, 0, 0, 0, 0, 0, 0, 0, 0, 0, 0, 0, 0, 0, 0, 0, 0, 0, 0, 0, 0, 0, 0, 0, 0, 0, 0, 0, 0, 0, 0, 0, 0, 0, 0, 0, 0, 0, 0, 0, 0, 0, 0, 0, 0, 0, 0, 0, 0, 0, 0, 0, 0, 0, 0, 0, 0, 0, 0, 0, 0, 0, 0, 0, 0, 0, 0, 0, 0, 0, 0, 0, 0, 0, 0, 0, 0, 0, 0, 0, 0, 0, 0, 0, 0, 0, 0, 0, 0, 0, 0, 0]",0.0,"[0.0, 0.0, 0.0, 0.0, 0.0, 0.0, 0.0, 0.0, 0.0, 0.0, 0.0, 0.0, 0.0, 0.0, 0.0, 0.0, 0.0, 0.0, 0.0, 0.0, 0.0, 0.0, 0.0, 0.0, 0.0, 0.0, 0.0, 0.0, 0.0, 0.0, 0.0, 0.0, 0.0, 0.0, 0.0, 0.0, 0.0, 0.0, 0.0, 0.0, 0.0, 0.0, 0.0, 0.0, 0.0, 0.0, 0.0, 0.0, 0.0, 0.0, 0.0, 0.0, 0.0, 0.0, 0.0, 0.0, 0.0, 0.0, 0.0, 0.0, 0.0, 0.0, 0.0, 0.0, 0.0, 0.0, 0.0, 0.0, 0.0, 0.0, 0.0, 0.0, 0.0, 0.0, 0.0, 0.0, 0.0, 0.0, 0.0, 0.0, 0.0, 0.0, 0.0, 0.0, 0.0, 0.0, 0.0, 0.0, 0.0, 0.0, 0.0, 0.0, 0.0, 0.0, 0.0, 0.0, 0.0, 0.0, 0.0, 0.0, 0.0, 0.0, 0.0, 0.0, 0.0, 0.0, 0.0, 0.0, 0.0, 0.0, 0.0, 0.0, 0.0, 0.0, 0.0, 0.0, 0.0, 0.0, 0.0, 0.0, 0.0, 0.0, 0.0, 0.0, 0.0, 0.0, 0.0, 0.0, 0.0, 0.0, 0.0, 0.0, 0.0, 0.0, 0.0, 0.0, 0.0, 0.0, 0.0, 0.0, 0.0, 0.0, 0.0, 0.0, 0.0, 0.0, 0.0, 0.0, 0.0, 0.0, 0.0, 0.0, 0.0, 0.0, 0.0, 0.0, 0.0, 0.0, 0.0, 0.0, 0.0, 0.0, 0.0, 0.0, 0.0, 0.0, 0.0, 0.0, 0.0, 0.0, 0.0, 0.0, 0.0, 0.0, 0.0, 0.0, 0.0, 0.0, 0.0, 0.0, 0.0, 0.0, 0.0, 0.0, 0.0, 0.0, 0.0, 0.0, 0.0, 0.0, 0.0, 0.0, 0.0, 0.0, 0.0, 0.0, 0.0, 0.0, 0.0, 0.0, 0.0, 0.0, 0.0, 0.0, 0.0, 0.0, 0.0, 0.0, 0.0, 0.0, 0.0, 0.0, 0.0, 0.0, 0.0, 0.0, 0.0, 0.0, 0.0, 0.0, 0.0, 0.0, 0.0, 0.0, 0.0, 0.0, 0.0, 0.0, 0.0, 0.0, 0.0, 0.0, 0.0, 0.0, 0.0, 0.0, 0.0, 0.0, 0.0, 0.0, 0.0, 0.0, 0.0, 0.0, 0.0, 0.0, 0.0, 0.0, 0.0, 0.0, 0.0, 0.0, 0.0, 0.0, 0.0, 0.0, 0.0, 0.0, 0.0, 0.0, 0.0, 0.0, 0.0, 0.0, 0.0, 0.0, 0.0, 0.0, 0.0, 0.0, 0.0, 0.0, 0.0, 0.0, 0.0, 0.0, 0.0, 0.0, 0.0, 0.0, 0.0, 0.0, 0.0, 0.0, 0.0, 0.0, 0.0, 0.0, 0.0, 0.0, 0.0, 0.0, 0.0, 0.0, 0.0, 0.0, 0.0, 0.0, 0.0, 0.0, 0.0, 0.0, 0.0, 0.0, 0.0, 0.0, 0.0, 0.0, 0.0, 0.0, 0.0, 0.0, 0.0, 0.0, 0.0, 0.0, 0.0, 0.0, 0.0, 0.0, 0.0, 0.0, 0.0, 0.0, 0.0, 0.0, 0.0, 0.0, 0.0, 0.0, 0.0, 0.0, 0.0, 0.0, 0.0, 0.0, 0.0, 0.0, 0.0, 0.0]",0.5,0.5,0,"[0, 0, 0, 0, 0, 0, 0, 0, 0, 0, 0, 0, 0, 0, 0, 0, 0, 0, 0, 0, 0, 0, 0, 0, 0, 0, 0, 0, 0, 0, 0, 0, 0, 0, 0, 0, 0, 0, 0, 0, 0, 0, 0, 0, 0, 0, 0, 0, 0, 0, 0, 0, 0, 0, 0, 0, 0, 0, 0, 0, 0, 0, 0, 0, 0, 0, 0, 0, 0, 0, 0, 0, 0, 0, 0, 0, 0, 0, 0, 0, 0, 0, 0, 0, 0, 0, 0, 0, 0, 0, 0, 0, 0, 0, 0, 0, 0, 0, 0, 0, 0, 0, 0, 0, 0, 0, 0, 0, 0, 0, 0, 0, 0, 0, 0, 0, 0, 0, 0, 0, 0, 0, 0, 0, 0, 0, 0, 0, 0, 0, 0, 0, 0, 0, 0, 0, 0, 0, 0, 0, 0, 0, 0, 0, 0, 0, 0, 0, 0, 0, 0, 0, 0, 0, 0, 0, 0, 0, 0, 0, 0, 0, 0, 0, 0, 0, 0, 0, 0, 0, 0, 0, 0, 0, 0, 0, 0, 0, 0, 0, 0, 0, 0, 0, 0, 0, 0, 0, 0, 0, 0, 0, 0, 0, 0, 0, 0, 0, 0, 0, 0, 0, 0, 0, 0, 0, 0, 0, 0, 0, 0, 0, 0, 0, 0, 0, 0, 0, 0, 0, 0, 0, 0, 0, 0, 0, 0, 0, 0, 0, 0, 0, 0, 0, 0, 0, 0, 0, 0, 0, 0, 0, 0, 0, 0, 0, 0, 0, 0, 0, 0, 0, 0, 0, 0, 0, 0, 0, 0, 0, 0, 0, 0, 0, 0, 0, 0, 0, 0, 0, 0, 0, 0, 0, 0, 0, 0, 0, 0, 0, 0, 0, 0, 0, 0, 0, 0, 0, 0, 0, 0, 0, 0, 0, 0, 0, 0, 0, 0, 0, 0, 0, 0, 0, 0, 0, 0, 0, 0, 0, 0, 0, 0, 0, 0, 0, 0, 0, 0, 0, 0, 0, 0, 0, 0, 0, 0, 0, 0, 0, 0, 0, 0, 0, 0, 0, 0, 0, 0, 0]",340,"[0.4131268262863159, 0.40729016065597534, 0.4072309732437134, 0.41249561309814453, 0.408375084400177, 0.4081077575683594, 0.40810438990592957, 0.4108141362667084, 0.44484183192253113, 0.4072283208370209, 0.4076440930366516, 0.40750017762184143, 0.4091997444629669, 0.40848350524902344, 0.4106561243534088, 0.4081284701824188, 0.4074244797229767, 0.4074908196926117, 0.40736305713653564, 0.41279739141464233, 0.40760838985443115, 0.4102798402309418, 0.40741121768951416, 0.4074298143386841, 0.4072265625, 0.41277554631233215, 0.4074842035770416, 0.4074142873287201, 0.4175146520137787, 0.4091816842556, 0.4268786609172821, 0.4130965769290924, 0.4081018567085266, 0.4108949899673462, 0.4229477047920227, 0.409236878156662, 0.41278931498527527, 0.40750834345817566, 0.41461220383644104, 0.4072263836860657, 0.4080997109413147, 0.40815842151641846, 0.422922819852829, 0.4124358892440796, 0.4092258810997009, 0.4106556177139282, 0.4075471758842468, 0.4073816239833832, 0.4073421061038971, 0.4080904424190521, 0.4199298918247223, 0.40723270177841187, 0.40840280055999756, 0.410859614610672, 0.4106195867061615, 0.4072335958480835, 0.40723225474357605, 0.40900519490242004, 0.40736472606658936, 0.4073365032672882, 0.40890586376190186, 0.42569226026535034, 0.40722641348838806, 0.4072292745113373, 0.40768367052078247, 0.4074312448501587, 0.4165276288986206, 0.4073934257030487, 0.41060900688171387, 0.4072270691394806, 0.4145681858062744, 0.40868568420410156, 0.40807807445526123, 0.4094008505344391, 0.40742284059524536, 0.4074840545654297, 0.40747085213661194, 0.40805259346961975, 0.4170271158218384, 0.40722694993019104, 0.40936169028282166, 0.4075564444065094, 0.4072623550891876, 0.40832820534706116, 0.40792426466941833, 0.4080692529678345, 0.4072262644767761, 0.4146604835987091, 0.42379093170166016, 0.4102175831794739, 0.40749695897102356, 0.40915656089782715, 0.4085173010826111, 0.40942150354385376, 0.41875067353248596, 0.41705963015556335, 0.4154339134693146, 0.4074855446815491, 0.4081915616989136, 0.4089691638946533, 0.4074886739253998, 0.40796759724617004, 0.40723851323127747, 0.41559523344039917, 0.4123498499393463, 0.4072262644767761, 0.4074357748031616, 0.4076671600341797, 0.40927058458328247, 0.43657931685447693, 0.4080718755722046, 0.40768566727638245, 0.41512390971183777, 0.4092696011066437, 0.4080924093723297, 0.40722617506980896, 0.40916046500205994, 0.4091314375400543, 0.40795350074768066, 0.4075513184070587, 0.4092998206615448, 0.4097358286380768, 0.40742528438568115, 0.42002543807029724, 0.40810462832450867, 0.41302189230918884, 0.40755271911621094, 0.41692787408828735, 0.40809717774391174, 0.40934696793556213, 0.408946692943573, 0.4083153009414673, 0.4087350368499756, 0.41262340545654297, 0.4107288718223572, 0.4080854654312134, 0.4072263836860657, 0.40961629152297974, 0.40744784474372864, 0.408112108707428, 0.4230343997478485, 0.41562941670417786, 0.40975403785705566, 0.40758171677589417, 0.40923911333084106, 0.4152922034263611, 0.4144253432750702, 0.4086233973503113, 0.4076319634914398, 0.40925976634025574, 0.4082733988761902, 0.40744057297706604, 0.4104371666908264, 0.4108586609363556, 0.4106256067752838, 0.40722641348838806, 0.4144492447376251, 0.4072262942790985, 0.40931037068367004, 0.4088383913040161, 0.41241589188575745, 0.41563740372657776, 0.4105638861656189, 0.40808555483818054, 0.4083806872367859, 0.4091137647628784, 0.4092063903808594, 0.4081735908985138, 0.4075431823730469, 0.4211176931858063, 0.40755215287208557, 0.4076394736766815, 0.4080895185470581, 0.4105909764766693, 0.4080541133880615, 0.4077286422252655, 0.40747490525245667, 0.4076817035675049, 0.41841286420822144, 0.40722617506980896, 0.4118756353855133, 0.40912434458732605, 0.41679996252059937, 0.4072989523410797, 0.4105249345302582, 0.4074828326702118, 0.4105018675327301, 0.40723294019699097, 0.4081912636756897, 0.407277375459671, 0.40744316577911377, 0.4092331826686859, 0.4073929488658905, 0.40916192531585693, 0.4090922176837921, 0.40956228971481323, 0.40756943821907043, 0.40806838870048523, 0.4146391749382019, 0.4129575788974762, 0.4129112660884857, 0.4090961217880249, 0.4095008075237274, 0.40744054317474365, 0.41809722781181335, 0.4090897738933563, 0.4143320918083191, 0.4095201790332794, 0.4092232882976532, 0.4073728919029236, 0.40722668170928955, 0.4072268307209015, 0.40808823704719543, 0.40743932127952576, 0.4072262942790985, 0.4183790683746338, 0.4092220664024353, 0.41290655732154846, 0.4129205644130707, 0.41294920444488525, 0.40778443217277527, 0.4125598967075348, 0.40807101130485535, 0.41179466247558594, 0.4098694920539856, 0.40722763538360596, 0.42037853598594666, 0.40804973244667053, 0.41292545199394226, 0.4081321954727173, 0.4122461676597595, 0.4080505669116974, 0.40870970487594604, 0.4170930087566376, 0.4122777581214905, 0.4079231321811676, 0.41160690784454346, 0.4072404205799103, 0.40882405638694763, 0.4072401821613312, 0.4224660396575928, 0.4103837311267853, 0.4128977954387665, 0.4092273712158203, 0.40743541717529297, 0.40744322538375854, 0.40803053975105286, 0.40850627422332764, 0.41169726848602295, 0.4074382483959198, 0.4072263836860657, 0.4074362814426422, 0.40743812918663025, 0.4143690764904022, 0.4073904752731323, 0.4171406924724579, 0.40805718302726746, 0.4074336886405945, 0.41126343607902527, 0.4125654101371765, 0.407260924577713, 0.40924492478370667, 0.4142504930496216, 0.40873515605926514, 0.40921759605407715, 0.40808218717575073, 0.40723952651023865, 0.4091682434082031, 0.4153253138065338, 0.415520578622818, 0.4142589867115021, 0.41686171293258667, 0.40808334946632385, 0.436443567276001, 0.4074338972568512, 0.4073595404624939, 0.4096057415008545, 0.4166722893714905, 0.4075072109699249, 0.4104905426502228, 0.4091414511203766, 0.4166642427444458, 0.4218900203704834, 0.41048556566238403, 0.41259831190109253, 0.40727928280830383, 0.40727877616882324, 0.40806862711906433, 0.4072800576686859, 0.40775951743125916, 0.4186624586582184, 0.41133633255958557, 0.4077270030975342, 0.4080396294593811, 0.41050660610198975, 0.4105577766895294, 0.40743333101272583, 0.4104522466659546, 0.40925920009613037, 0.4077518880367279, 0.4072261452674866, 0.4074406921863556, 0.40962570905685425, 0.4078156650066376, 0.40722736716270447, 0.4154774844646454, 0.40920308232307434, 0.418197900056839, 0.4153333306312561, 0.4076453447341919, 0.4105736017227173, 0.4080571234226227, 0.4152557849884033, 0.41414353251457214, 0.4128934144973755, 0.40783292055130005, 0.40943223237991333, 0.41262272000312805, 0.40926235914230347, 0.40878334641456604, 0.4080248177051544, 0.4107632339000702, 0.4222702383995056, 0.4128997325897217, 0.416900634765625, 0.40792521834373474, 0.4107961356639862, 0.40727856755256653, 0.40739643573760986, 0.41482189297676086, 0.42278414964675903, 0.4151074290275574, 0.40791937708854675, 0.41081005334854126, 0.40740668773651123, 0.4126628041267395, 0.4223014712333679, 0.40722793340682983, 0.4074658155441284, 0.4072296917438507]",0.0,"[0.0, 0.0, 0.0, 0.0, 0.0, 0.0, 0.0, 0.0, 0.0, 0.0, 0.0, 0.0, 0.0, 0.0, 0.0, 0.0, 0.0, 0.0, 0.0, 0.0, 0.0, 0.0, 0.0, 0.0, 0.0, 0.0, 0.0, 0.0, 0.0, 0.0, 0.0, 0.0, 0.0, 0.0, 0.0, 0.0, 0.0, 0.0, 0.0, 0.0, 0.0, 0.0, 0.0, 0.0, 0.0, 0.0, 0.0, 0.0, 0.0, 0.0, 0.0, 0.0, 0.0, 0.0, 0.0, 0.0, 0.0, 0.0, 0.0, 0.0, 0.0, 0.0, 0.0, 0.0, 0.0, 0.0, 0.0, 0.0, 0.0, 0.0, 0.0, 0.0, 0.0, 0.0, 0.0, 0.0, 0.0, 0.0, 0.0, 0.0, 0.0, 0.0, 0.0, 0.0, 0.0, 0.0, 0.0, 0.0, 0.0, 0.0, 0.0, 0.0, 0.0, 0.0, 0.0, 0.0, 0.0, 0.0, 0.0, 0.0, 0.0, 0.0, 0.0, 0.0, 0.0, 0.0, 0.0, 0.0, 0.0, 0.0, 0.0, 0.0, 0.0, 0.0, 0.0, 0.0, 0.0, 0.0, 0.0, 0.0, 0.0, 0.0, 0.0, 0.0, 0.0, 0.0, 0.0, 0.0, 0.0, 0.0, 0.0, 0.0, 0.0, 0.0, 0.0, 0.0, 0.0, 0.0, 0.0, 0.0, 0.0, 0.0, 0.0, 0.0, 0.0, 0.0, 0.0, 0.0, 0.0, 0.0, 0.0, 0.0, 0.0, 0.0, 0.0, 0.0, 0.0, 0.0, 0.0, 0.0, 0.0, 0.0, 0.0, 0.0, 0.0, 0.0, 0.0, 0.0, 0.0, 0.0, 0.0, 0.0, 0.0, 0.0, 0.0, 0.0, 0.0, 0.0, 0.0, 0.0, 0.0, 0.0, 0.0, 0.0, 0.0, 0.0, 0.0, 0.0, 0.0, 0.0, 0.0, 0.0, 0.0, 0.0, 0.0, 0.0, 0.0, 0.0, 0.0, 0.0, 0.0, 0.0, 0.0, 0.0, 0.0, 0.0, 0.0, 0.0, 0.0, 0.0, 0.0, 0.0, 0.0, 0.0, 0.0, 0.0, 0.0, 0.0, 0.0, 0.0, 0.0, 0.0, 0.0, 0.0, 0.0, 0.0, 0.0, 0.0, 0.0, 0.0, 0.0, 0.0, 0.0, 0.0, 0.0, 0.0, 0.0, 0.0, 0.0, 0.0, 0.0, 0.0, 0.0, 0.0, 0.0, 0.0, 0.0, 0.0, 0.0, 0.0, 0.0, 0.0, 0.0, 0.0, 0.0, 0.0, 0.0, 0.0, 0.0, 0.0, 0.0, 0.0, 0.0, 0.0, 0.0, 0.0, 0.0, 0.0, 0.0, 0.0, 0.0, 0.0, 0.0, 0.0, 0.0, 0.0, 0.0, 0.0, 0.0, 0.0, 0.0, 0.0, 0.0, 0.0, 0.0, 0.0, 0.0, 0.0, 0.0, 0.0, 0.0, 0.0, 0.0, 0.0, 0.0, 0.0, 0.0, 0.0, 0.0, 0.0, 0.0, 0.0, 0.0, 0.0, 0.0, 0.0, 0.0, 0.0, 0.0, 0.0, 0.0, 0.0, 0.0, 0.0, 0.0, 0.0, 0.0, 0.0, 0.0, 0.0, 0.0, 0.0, 0.0, 0.0, 0.0, 0.0, 0.0, 0.0, 0.0, 0.0, 0.0, 0.0, 0.0, 0.0, 0.0, 0.0, 0.0, 0.0, 0.0, 0.0]",COMPLETE
