,number,value,datetime_start,datetime_complete,duration,params_batch_size_scaler,params_constant_learning_rate,params_depth,params_epochs,params_kernel_l2,params_num_trees,params_temperature,user_attrs_accuracy_test,user_attrs_accuracy_valid,user_attrs_approximate_feature_sparsity,user_attrs_approximate_feature_sparsity_history,user_attrs_approximate_weight_sparsity,user_attrs_approximate_weight_sparsity_history,user_attrs_auc_test,user_attrs_auc_valid,user_attrs_feature_sparsity,user_attrs_feature_sparsity_history,user_attrs_num_epochs,user_attrs_val_loss_history,user_attrs_weight_sparsity,user_attrs_weight_sparsity_history,state
152,152,0.7933879506898018,2024-08-31 07:21:02.357717,2024-08-31 07:21:42.672633,0 days 00:00:40.314916,16,1.2759895457892052,5,105,0.007002471316297741,39,0.004080581130886633,0.878,0.87125,2,"[33, 33, 33, 33, 33, 8, 5, 3, 3, 3, 3, 3, 3, 2, 2, 2, 2, 2, 2, 2, 2, 2, 2, 2, 2, 2, 2, 2, 2, 2, 2, 2, 2, 2, 2, 2, 2, 2, 2, 2, 2, 2, 2, 2, 2, 2, 2, 2, 2, 2, 2, 2, 2, 2, 2, 2, 2, 2, 2, 2, 2, 2, 2, 2, 2, 2, 2, 2, 2, 2, 2, 2, 2, 2, 2, 2, 2, 2, 2, 2, 2, 2, 2, 2, 2, 2, 2, 2, 2, 2, 2, 2, 2, 2, 2, 2, 2, 2, 2, 2, 2, 2, 2, 2, 2]",1.9983457402812241,"[32.95616211745244, 32.95450785773367, 32.959470636889996, 32.95781637717121, 32.9586435070306, 7.985111662531017, 4.990901571546733, 2.9925558312655083, 2.9958643507030605, 2.997518610421836, 2.997518610421836, 2.9933829611248965, 2.997518610421836, 1.9966914805624483, 1.997518610421836, 1.9983457402812241, 1.9983457402812241, 1.997518610421836, 1.9983457402812241, 1.9966914805624483, 1.997518610421836, 1.9991728701406122, 1.9942100909842844, 1.997518610421836, 1.9966914805624483, 1.9983457402812241, 1.9983457402812241, 1.9966914805624483, 1.997518610421836, 1.9991728701406122, 1.9966914805624483, 1.9950372208436724, 1.9942100909842844, 1.997518610421836, 1.997518610421836, 1.9966914805624483, 1.9983457402812241, 1.9966914805624483, 1.9983457402812241, 1.9983457402812241, 1.9991728701406122, 1.9983457402812241, 1.997518610421836, 1.9958643507030605, 1.9983457402812241, 1.9966914805624483, 1.9950372208436724, 1.9966914805624483, 1.9966914805624483, 1.9991728701406122, 1.997518610421836, 1.9983457402812241, 1.9991728701406122, 1.9966914805624483, 1.9991728701406122, 1.9991728701406122, 2.0, 1.9983457402812241, 1.9991728701406122, 1.997518610421836, 1.9991728701406122, 1.9958643507030605, 1.9950372208436724, 1.9966914805624483, 1.9983457402812241, 1.997518610421836, 1.9966914805624483, 1.9966914805624483, 1.997518610421836, 1.997518610421836, 1.997518610421836, 1.9983457402812241, 1.9983457402812241, 1.9966914805624483, 1.997518610421836, 1.997518610421836, 1.9983457402812241, 1.9983457402812241, 1.997518610421836, 1.9983457402812241, 1.9983457402812241, 1.9983457402812241, 1.9983457402812241, 1.9966914805624483, 1.9966914805624483, 1.9966914805624483, 1.9966914805624483, 1.9983457402812241, 1.9950372208436724, 1.997518610421836, 1.9983457402812241, 1.9983457402812241, 1.9966914805624483, 1.997518610421836, 1.9983457402812241, 1.997518610421836, 1.9958643507030605, 1.9983457402812241, 2.0, 1.9991728701406122, 1.9983457402812241, 2.0, 1.9983457402812241, 1.9983457402812241, 1.9983457402812241]",0.8004276785640568,0.7933879506898018,2,"[33, 33, 33, 33, 33, 8, 5, 3, 3, 3, 3, 3, 3, 2, 2, 2, 2, 2, 2, 2, 2, 2, 2, 2, 2, 2, 2, 2, 2, 2, 2, 2, 2, 2, 2, 2, 2, 2, 2, 2, 2, 2, 2, 2, 2, 2, 2, 2, 2, 2, 2, 2, 2, 2, 2, 2, 2, 2, 2, 2, 2, 2, 2, 2, 2, 2, 2, 2, 2, 2, 2, 2, 2, 2, 2, 2, 2, 2, 2, 2, 2, 2, 2, 2, 2, 2, 2, 2, 2, 2, 2, 2, 2, 2, 2, 2, 2, 2, 2, 2, 2, 2, 2, 2, 2]",105,"[0.3844243884086609, 0.37563595175743103, 0.36822882294654846, 0.3637843728065491, 0.3596116006374359, 0.35863056778907776, 0.3691568374633789, 0.3753366470336914, 0.37155964970588684, 0.3703269958496094, 0.3687051832675934, 0.3664585053920746, 0.36572498083114624, 0.3729565143585205, 0.3729899227619171, 0.37156200408935547, 0.36876919865608215, 0.3677721917629242, 0.36662808060646057, 0.36583244800567627, 0.36642560362815857, 0.3638717234134674, 0.3629101812839508, 0.3621963858604431, 0.3620412051677704, 0.36189430952072144, 0.3591225743293762, 0.3587663769721985, 0.3572152256965637, 0.35747042298316956, 0.3553171157836914, 0.3549618422985077, 0.3535011410713196, 0.35313957929611206, 0.35170307755470276, 0.3507518768310547, 0.3497118353843689, 0.35013970732688904, 0.3479558825492859, 0.3469459116458893, 0.3460340201854706, 0.34605175256729126, 0.34482523798942566, 0.3446781635284424, 0.3432013988494873, 0.3445275127887726, 0.34267061948776245, 0.34195780754089355, 0.3404100835323334, 0.3401803970336914, 0.3395674228668213, 0.33890965580940247, 0.33849862217903137, 0.3391730785369873, 0.3379042446613312, 0.3377254605293274, 0.3374464809894562, 0.3369755446910858, 0.3369961082935333, 0.33686718344688416, 0.3363477289676666, 0.33781734108924866, 0.33591654896736145, 0.33551105856895447, 0.3356315493583679, 0.33569279313087463, 0.33537307381629944, 0.33551421761512756, 0.3348742723464966, 0.33618372678756714, 0.3351403772830963, 0.33504319190979004, 0.33465805649757385, 0.33423900604248047, 0.3362290859222412, 0.335077702999115, 0.33440354466438293, 0.33644530177116394, 0.3342057168483734, 0.3339129388332367, 0.33372142910957336, 0.33399391174316406, 0.33368822932243347, 0.33415085077285767, 0.33381757140159607, 0.3339226245880127, 0.333598792552948, 0.3382416069507599, 0.33332228660583496, 0.33343708515167236, 0.3334951102733612, 0.3337163031101227, 0.3337472081184387, 0.3335108160972595, 0.33278796076774597, 0.3330554962158203, 0.3346412777900696, 0.3351624608039856, 0.3329381048679352, 0.33346739411354065, 0.3328079283237457, 0.3332889676094055, 0.33276045322418213, 0.3325863778591156, 0.3340506851673126]",2.0,"[33.0, 33.0, 33.0, 33.0, 33.0, 8.0, 5.0, 3.0, 3.0, 3.0, 3.0, 3.0, 3.0, 2.0, 2.0, 2.0, 2.0, 2.0, 2.0, 2.0, 2.0, 2.0, 2.0, 2.0, 2.0, 2.0, 2.0, 2.0, 2.0, 2.0, 2.0, 2.0, 2.0, 2.0, 2.0, 2.0, 2.0, 2.0, 2.0, 2.0, 2.0, 2.0, 2.0, 2.0, 2.0, 2.0, 2.0, 2.0, 2.0, 2.0, 2.0, 2.0, 2.0, 2.0, 2.0, 2.0, 2.0, 2.0, 2.0, 2.0, 2.0, 2.0, 2.0, 2.0, 2.0, 2.0, 2.0, 2.0, 2.0, 2.0, 2.0, 2.0, 2.0, 2.0, 2.0, 2.0, 2.0, 2.0, 2.0, 2.0, 2.0, 2.0, 2.0, 2.0, 2.0, 2.0, 2.0, 2.0, 2.0, 2.0, 2.0, 2.0, 2.0, 2.0, 2.0, 2.0, 2.0, 2.0, 2.0, 2.0, 2.0, 2.0, 2.0, 2.0, 2.0]",COMPLETE
