,number,value,datetime_start,datetime_complete,duration,params_batch_size_scaler,params_constant_learning_rate,params_depth,params_epochs,params_kernel_l2,params_num_trees,params_temperature,user_attrs_accuracy_test,user_attrs_accuracy_valid,user_attrs_approximate_feature_sparsity,user_attrs_approximate_feature_sparsity_history,user_attrs_approximate_weight_sparsity,user_attrs_approximate_weight_sparsity_history,user_attrs_auc_test,user_attrs_auc_valid,user_attrs_feature_sparsity,user_attrs_feature_sparsity_history,user_attrs_num_epochs,user_attrs_val_loss_history,user_attrs_weight_sparsity,user_attrs_weight_sparsity_history,state
172,172,0.9069443907717278,2024-08-31 08:02:12.197283,2024-08-31 08:07:32.303580,0 days 00:05:20.106297,16,0.1287981038671414,6,330,0.0013180232612362722,7,0.0012293523444643138,0.921,0.9125,33,"[33, 33, 33, 33, 33, 33, 33, 33, 33, 33, 33, 33, 33, 33, 33, 33, 33, 33, 33, 33, 33, 33, 33, 33, 33, 33, 33, 33, 33, 33, 33, 33, 33, 33, 33, 33, 33, 33, 33, 33, 33, 33, 33, 33, 33, 33, 33, 33, 33, 33, 33, 33, 33, 33, 33, 33, 33, 33, 33, 33, 33, 33, 33, 33, 33, 33, 33, 33, 33, 33, 33, 33, 33, 33, 33, 33, 33, 33, 33, 33, 33, 33, 33, 33, 33, 33, 33, 33, 33, 33, 33, 33, 33, 33, 33, 33, 33, 33, 33, 33, 33, 33, 33, 33, 33, 33, 33, 33, 33, 33, 33, 33, 33, 33, 33, 33, 33, 33, 33, 33, 33, 33, 33, 33, 33, 33, 33, 33, 33, 33, 33, 33, 33, 33, 33, 33, 33, 33, 33, 33, 33, 33, 33, 33, 33, 33, 33, 33, 33, 33, 33, 33, 33, 33, 33, 33, 33, 33, 33, 33, 33, 33, 33, 33, 33, 33, 33, 33, 33, 33, 33, 33, 33, 33, 33, 33, 33, 33, 33, 33, 33, 33, 33, 33, 33, 33, 33, 33, 33, 33, 33, 33, 33, 33, 33, 33, 33, 33, 33, 33, 33, 33, 33, 33, 33, 33, 33, 33, 33, 33, 33, 33, 33, 33, 33, 33, 33, 33, 33, 33, 33, 33, 33, 33, 33, 33, 33, 33, 33, 33, 33, 33, 33, 33, 33, 33, 33, 33, 33, 33, 33, 33, 33, 33, 33, 33, 33, 33, 33, 33, 33, 33, 33, 33, 33, 33, 33, 33, 33, 33, 33, 33, 33, 33, 33, 33, 33, 33, 33, 33, 33, 33, 33, 33, 33, 33, 33, 33, 33, 33, 33, 33, 33, 33, 33, 33, 33, 33, 33, 33, 33, 33, 33, 33, 33, 33, 33, 33, 33, 33, 33, 33, 33, 33, 33, 33, 33, 33, 33, 33, 33, 33, 33, 33, 33, 33, 33, 33, 33, 33, 33, 33, 33, 33, 33, 33, 33, 33, 33, 33]",32.98185941043084,"[32.97959183673469, 32.97732426303855, 32.9750566893424, 32.97732426303855, 32.98185941043084, 32.97278911564626, 32.98185941043084, 32.965986394557824, 32.96371882086168, 32.97278911564626, 32.97052154195011, 32.97278911564626, 32.965986394557824, 32.9750566893424, 32.98412698412699, 32.981859410430836, 32.97732426303855, 32.98866213151928, 32.96825396825397, 32.97732426303855, 32.98412698412699, 32.977324263038554, 32.97732426303855, 32.98412698412699, 32.97732426303855, 32.99092970521542, 32.98866213151928, 32.993197278911566, 32.97732426303855, 32.98639455782313, 32.98412698412699, 32.98639455782313, 32.98412698412699, 32.9795918367347, 32.97278911564626, 32.97732426303855, 32.97278911564626, 32.97052154195011, 32.98639455782313, 32.9795918367347, 32.9750566893424, 32.98639455782313, 32.9795918367347, 32.9750566893424, 32.97505668934241, 32.9795918367347, 32.97959183673469, 32.9750566893424, 32.97732426303855, 32.9750566893424, 32.97278911564626, 32.98639455782313, 32.977324263038554, 32.977324263038554, 32.98412698412699, 32.97959183673469, 32.98639455782313, 32.97959183673469, 32.97732426303855, 32.97278911564626, 32.972789115646265, 32.97278911564626, 32.97732426303855, 32.9750566893424, 32.97732426303855, 32.97278911564626, 32.9750566893424, 32.96825396825397, 32.97278911564626, 32.96825396825397, 32.9750566893424, 32.961451247165535, 32.96371882086168, 32.97732426303855, 32.97278911564626, 32.97052154195011, 32.97505668934241, 32.97052154195011, 32.97732426303855, 32.9750566893424, 32.98185941043084, 32.98412698412699, 32.98412698412699, 32.9795918367347, 32.97278911564626, 32.97959183673469, 32.97278911564626, 32.98412698412699, 32.977324263038554, 32.97052154195011, 32.96825396825397, 32.97959183673469, 32.98185941043084, 32.97505668934241, 32.98639455782313, 32.97959183673469, 32.98412698412699, 32.97959183673469, 32.98185941043084, 32.98866213151928, 32.98866213151928, 32.97052154195011, 32.9750566893424, 32.97278911564626, 32.97959183673469, 32.9750566893424, 32.98185941043084, 32.98639455782313, 32.981859410430836, 32.986394557823125, 32.98639455782313, 32.98639455782313, 32.98185941043084, 32.9795918367347, 32.965986394557824, 32.97052154195011, 32.97278911564626, 32.96825396825397, 32.97959183673469, 32.977324263038554, 32.98412698412699, 32.98185941043084, 32.97278911564626, 32.97959183673469, 32.96371882086168, 32.965986394557824, 32.97052154195011, 32.9750566893424, 32.98185941043084, 32.96825396825397, 32.96371882086168, 32.96825396825397, 32.961451247165535, 32.956916099773245, 32.96371882086168, 32.97052154195011, 32.96371882086168, 32.95691609977324, 32.95918367346939, 32.965986394557824, 32.97052154195011, 32.96371882086168, 32.9750566893424, 32.977324263038554, 32.98639455782313, 32.981859410430836, 32.9750566893424, 32.96825396825397, 32.97278911564626, 32.96371882086168, 32.965986394557824, 32.97052154195011, 32.97278911564626, 32.981859410430836, 32.98639455782313, 32.98866213151928, 32.99092970521542, 32.9795918367347, 32.972789115646265, 32.97278911564626, 32.97732426303855, 32.98412698412699, 32.98185941043084, 32.9795918367347, 32.97052154195011, 32.9750566893424, 32.97278911564626, 32.97278911564626, 32.972789115646265, 32.96825396825397, 32.972789115646265, 32.9750566893424, 32.9750566893424, 32.9750566893424, 32.9750566893424, 32.981859410430836, 32.97959183673469, 32.9750566893424, 32.977324263038554, 32.98185941043084, 32.956916099773245, 32.96825396825397, 32.97732426303855, 32.97052154195011, 32.9750566893424, 32.9795918367347, 32.977324263038554, 32.97278911564626, 32.9750566893424, 32.97732426303855, 32.97732426303855, 32.97732426303855, 32.98412698412699, 32.98185941043084, 32.9795918367347, 32.98412698412699, 32.9750566893424, 32.97959183673469, 32.9795918367347, 32.98412698412699, 32.98185941043084, 32.98185941043084, 32.977324263038554, 32.98639455782313, 32.98639455782313, 32.98185941043084, 32.98639455782313, 32.98639455782313, 32.98412698412699, 32.97052154195011, 32.96825396825397, 32.965986394557824, 32.965986394557824, 32.96825396825397, 32.965986394557824, 32.97278911564626, 32.97052154195011, 32.972789115646265, 32.96825396825397, 32.97052154195011, 32.96825396825397, 32.95918367346939, 32.965986394557824, 32.961451247165535, 32.96825396825397, 32.96371882086168, 32.956916099773245, 32.96371882086168, 32.96371882086168, 32.97278911564626, 32.97959183673469, 32.98639455782313, 32.981859410430836, 32.98412698412699, 32.98185941043084, 32.98412698412699, 32.98185941043084, 32.98412698412699, 32.99092970521542, 32.98412698412699, 32.98412698412699, 32.9795918367347, 32.96825396825397, 32.97052154195011, 32.98412698412699, 32.98185941043084, 32.98412698412699, 32.97959183673469, 32.97278911564626, 32.97278911564626, 32.9750566893424, 32.9795918367347, 32.9750566893424, 32.97052154195011, 32.977324263038554, 32.9795918367347, 32.97959183673469, 32.97278911564626, 32.97278911564626, 32.97732426303855, 32.97278911564626, 32.97959183673469, 32.97052154195011, 32.97959183673469, 32.97959183673469, 32.97959183673469, 32.97732426303855, 32.97959183673469, 32.9795918367347, 32.9795918367347, 32.9795918367347, 32.98185941043084, 32.9795918367347, 32.97278911564626, 32.98185941043084, 32.98639455782313, 32.98639455782313, 32.99092970521542, 32.98866213151928, 32.9795918367347, 32.98412698412699, 32.97732426303855, 32.98185941043084, 32.97278911564626, 32.9750566893424, 32.9750566893424, 32.97732426303855, 32.98185941043084, 32.97278911564626, 32.9750566893424, 32.97052154195011, 32.9750566893424, 32.97732426303855, 32.97278911564626, 32.965986394557824, 32.96825396825397, 32.965986394557824, 32.965986394557824, 32.956916099773245, 32.96825396825397, 32.961451247165535, 32.9546485260771, 32.95918367346939, 32.961451247165535, 32.96825396825397, 32.97052154195011, 32.961451247165535, 32.965986394557824, 32.961451247165535, 32.954648526077094, 32.95918367346939, 32.97052154195011, 32.97278911564626, 32.9750566893424, 32.977324263038554, 32.97732426303855, 32.9750566893424, 32.96825396825397, 32.965986394557824, 32.965986394557824, 32.96825396825397, 32.961451247165535, 32.956916099773245, 32.95918367346939, 32.965986394557824, 32.97278911564626, 32.9795918367347, 32.9750566893424, 32.97278911564626, 32.98185941043084]",0.8959618226702665,0.9069443907717278,33,"[33, 33, 33, 33, 33, 33, 33, 33, 33, 33, 33, 33, 33, 33, 33, 33, 33, 33, 33, 33, 33, 33, 33, 33, 33, 33, 33, 33, 33, 33, 33, 33, 33, 33, 33, 33, 33, 33, 33, 33, 33, 33, 33, 33, 33, 33, 33, 33, 33, 33, 33, 33, 33, 33, 33, 33, 33, 33, 33, 33, 33, 33, 33, 33, 33, 33, 33, 33, 33, 33, 33, 33, 33, 33, 33, 33, 33, 33, 33, 33, 33, 33, 33, 33, 33, 33, 33, 33, 33, 33, 33, 33, 33, 33, 33, 33, 33, 33, 33, 33, 33, 33, 33, 33, 33, 33, 33, 33, 33, 33, 33, 33, 33, 33, 33, 33, 33, 33, 33, 33, 33, 33, 33, 33, 33, 33, 33, 33, 33, 33, 33, 33, 33, 33, 33, 33, 33, 33, 33, 33, 33, 33, 33, 33, 33, 33, 33, 33, 33, 33, 33, 33, 33, 33, 33, 33, 33, 33, 33, 33, 33, 33, 33, 33, 33, 33, 33, 33, 33, 33, 33, 33, 33, 33, 33, 33, 33, 33, 33, 33, 33, 33, 33, 33, 33, 33, 33, 33, 33, 33, 33, 33, 33, 33, 33, 33, 33, 33, 33, 33, 33, 33, 33, 33, 33, 33, 33, 33, 33, 33, 33, 33, 33, 33, 33, 33, 33, 33, 33, 33, 33, 33, 33, 33, 33, 33, 33, 33, 33, 33, 33, 33, 33, 33, 33, 33, 33, 33, 33, 33, 33, 33, 33, 33, 33, 33, 33, 33, 33, 33, 33, 33, 33, 33, 33, 33, 33, 33, 33, 33, 33, 33, 33, 33, 33, 33, 33, 33, 33, 33, 33, 33, 33, 33, 33, 33, 33, 33, 33, 33, 33, 33, 33, 33, 33, 33, 33, 33, 33, 33, 33, 33, 33, 33, 33, 33, 33, 33, 33, 33, 33, 33, 33, 33, 33, 33, 33, 33, 33, 33, 33, 33, 33, 33, 33, 33, 33, 33, 33, 33, 33, 33, 33, 33, 33, 33, 33, 33, 33, 33]",330,"[0.6803104877471924, 0.6066502332687378, 0.5537260174751282, 0.5145807862281799, 0.48562657833099365, 0.4640766978263855, 0.4475036561489105, 0.43450242280960083, 0.4242028295993805, 0.4160723388195038, 0.4093132019042969, 0.40383049845695496, 0.39944636821746826, 0.39567211270332336, 0.3925643265247345, 0.38983577489852905, 0.38752928376197815, 0.38551566004753113, 0.3837079703807831, 0.38208863139152527, 0.3805960714817047, 0.37924817204475403, 0.3780065178871155, 0.3768250346183777, 0.3757578134536743, 0.3747638463973999, 0.3738365173339844, 0.37295612692832947, 0.37210530042648315, 0.3712867796421051, 0.3704928457736969, 0.36975544691085815, 0.36906346678733826, 0.3683481216430664, 0.3676672875881195, 0.3670399785041809, 0.3663758933544159, 0.3657226860523224, 0.3651041090488434, 0.3644644618034363, 0.3638376295566559, 0.36323654651641846, 0.36263686418533325, 0.36204683780670166, 0.3614455759525299, 0.36085036396980286, 0.3602694272994995, 0.35967716574668884, 0.35911017656326294, 0.3585192859172821, 0.35795342922210693, 0.3573748767375946, 0.3568195104598999, 0.3562375009059906, 0.35562315583229065, 0.35503828525543213, 0.354440838098526, 0.35386788845062256, 0.3532783091068268, 0.3527029752731323, 0.3521087169647217, 0.3515063524246216, 0.3509173095226288, 0.35029956698417664, 0.34969979524612427, 0.3490646481513977, 0.34846794605255127, 0.3478258550167084, 0.347228080034256, 0.34662026166915894, 0.3460012674331665, 0.34536007046699524, 0.34472766518592834, 0.3440825939178467, 0.34341058135032654, 0.34276875853538513, 0.3421264588832855, 0.34145069122314453, 0.3408240079879761, 0.3401607871055603, 0.33947235345840454, 0.338811457157135, 0.3381060063838959, 0.33743590116500854, 0.3367418646812439, 0.33603712916374207, 0.33535560965538025, 0.3346739709377289, 0.3339628577232361, 0.33322298526763916, 0.33253589272499084, 0.3318104147911072, 0.33113762736320496, 0.33041203022003174, 0.32968994975090027, 0.3289552330970764, 0.32824552059173584, 0.3275032341480255, 0.3267700970172882, 0.32598793506622314, 0.32524895668029785, 0.32447701692581177, 0.323720782995224, 0.32301411032676697, 0.32225361466407776, 0.3214792311191559, 0.3207111358642578, 0.32002368569374084, 0.31923651695251465, 0.31845104694366455, 0.31764477491378784, 0.3169075846672058, 0.31613415479660034, 0.31532973051071167, 0.31458091735839844, 0.313770592212677, 0.3130221664905548, 0.3122514486312866, 0.31146880984306335, 0.3107120394706726, 0.3099483847618103, 0.3091902434825897, 0.308405339717865, 0.3076024651527405, 0.3068322241306305, 0.30604439973831177, 0.30521854758262634, 0.30447739362716675, 0.30373936891555786, 0.3029918372631073, 0.3022361099720001, 0.301523894071579, 0.30083489418029785, 0.3000820577144623, 0.299360990524292, 0.29859647154808044, 0.2978558838367462, 0.29715126752853394, 0.2964058816432953, 0.29571717977523804, 0.29496291279792786, 0.2942065894603729, 0.29347333312034607, 0.2927383482456207, 0.29202330112457275, 0.2913452684879303, 0.2906242907047272, 0.28995460271835327, 0.28926289081573486, 0.288613498210907, 0.2879799008369446, 0.2873220145702362, 0.28666841983795166, 0.28606757521629333, 0.28542977571487427, 0.2847650349140167, 0.2841441333293915, 0.28356337547302246, 0.2829909026622772, 0.28238892555236816, 0.2817574441432953, 0.2811774015426636, 0.2805781662464142, 0.27996665239334106, 0.27937522530555725, 0.2788119614124298, 0.278295636177063, 0.2777182459831238, 0.27720487117767334, 0.27663496136665344, 0.2760871350765228, 0.2755233645439148, 0.27497580647468567, 0.2745160758495331, 0.27402248978614807, 0.2735408544540405, 0.27304983139038086, 0.2725190222263336, 0.27202558517456055, 0.2715320885181427, 0.2710321545600891, 0.2705325484275818, 0.27002424001693726, 0.2695559859275818, 0.26911646127700806, 0.2687033712863922, 0.2682373821735382, 0.2677963972091675, 0.26737216114997864, 0.2669428288936615, 0.266533762216568, 0.26611635088920593, 0.2656865417957306, 0.2653335630893707, 0.26491740345954895, 0.26453763246536255, 0.26413410902023315, 0.26372435688972473, 0.2633296847343445, 0.2628750503063202, 0.262486070394516, 0.26210442185401917, 0.26167944073677063, 0.26128479838371277, 0.26095595955848694, 0.2605341672897339, 0.26017943024635315, 0.25979509949684143, 0.2593953013420105, 0.2589719295501709, 0.25859659910202026, 0.2582035958766937, 0.2579409182071686, 0.2575339376926422, 0.2571573555469513, 0.25682970881462097, 0.25647759437561035, 0.2560499906539917, 0.2557486891746521, 0.25539451837539673, 0.255036860704422, 0.2547188103199005, 0.25442448258399963, 0.25402289628982544, 0.2536938190460205, 0.25333595275878906, 0.2529991865158081, 0.2526838481426239, 0.2523793876171112, 0.25213658809661865, 0.2517772316932678, 0.2514207661151886, 0.25107523798942566, 0.250736802816391, 0.2504865229129791, 0.2501319944858551, 0.2498280555009842, 0.24960340559482574, 0.2493324726819992, 0.24891309440135956, 0.24859827756881714, 0.24829457700252533, 0.2478920817375183, 0.2475111037492752, 0.24720078706741333, 0.24693714082241058, 0.24671784043312073, 0.24638263881206512, 0.24612928926944733, 0.2458505481481552, 0.24547098577022552, 0.24524326622486115, 0.24488097429275513, 0.24461202323436737, 0.24435320496559143, 0.24414026737213135, 0.24383050203323364, 0.24364587664604187, 0.24336029589176178, 0.24307872354984283, 0.24273525178432465, 0.24239923059940338, 0.24211223423480988, 0.24180591106414795, 0.24154621362686157, 0.24132396280765533, 0.2409462332725525, 0.2407555729150772, 0.24045026302337646, 0.24009473621845245, 0.2398509532213211, 0.23950372636318207, 0.23925092816352844, 0.239018514752388, 0.23872917890548706, 0.2384232133626938, 0.2381562441587448, 0.23783327639102936, 0.23761259019374847, 0.2374054491519928, 0.23715777695178986, 0.2368113100528717, 0.23652228713035583, 0.2363315224647522, 0.23609142005443573, 0.2358328104019165, 0.23557338118553162, 0.2353038191795349, 0.23512300848960876, 0.23473262786865234, 0.23458179831504822, 0.23428478837013245, 0.23392148315906525, 0.23359712958335876, 0.23345206677913666, 0.23320512473583221, 0.23297607898712158, 0.2326309084892273, 0.23234251141548157, 0.2320491373538971, 0.2318001687526703, 0.23155422508716583, 0.23129183053970337, 0.23108452558517456, 0.23076604306697845, 0.23054538667201996, 0.23025532066822052, 0.2299877107143402, 0.2297855019569397, 0.2295207530260086, 0.22921711206436157, 0.2289801388978958, 0.22883063554763794, 0.2286197692155838, 0.2283685803413391, 0.22813178598880768, 0.22786371409893036, 0.22761495411396027, 0.22748258709907532, 0.2273210883140564, 0.22706276178359985, 0.2268511950969696, 0.22661222517490387, 0.22643864154815674, 0.2262672632932663, 0.22601746022701263, 0.22568827867507935, 0.22550542652606964, 0.22525544464588165, 0.22502757608890533]",33.0,"[33.0, 33.0, 33.0, 33.0, 33.0, 33.0, 33.0, 33.0, 33.0, 33.0, 33.0, 33.0, 33.0, 33.0, 33.0, 33.0, 33.0, 33.0, 33.0, 33.0, 33.0, 33.0, 33.0, 33.0, 33.0, 33.0, 33.0, 33.0, 33.0, 33.0, 33.0, 33.0, 33.0, 33.0, 33.0, 33.0, 33.0, 33.0, 33.0, 33.0, 33.0, 33.0, 33.0, 33.0, 33.0, 33.0, 33.0, 33.0, 33.0, 33.0, 33.0, 33.0, 33.0, 33.0, 33.0, 33.0, 33.0, 33.0, 33.0, 33.0, 33.0, 33.0, 33.0, 33.0, 33.0, 33.0, 33.0, 33.0, 33.0, 33.0, 33.0, 33.0, 33.0, 33.0, 33.0, 33.0, 33.0, 33.0, 33.0, 33.0, 33.0, 33.0, 33.0, 33.0, 33.0, 33.0, 33.0, 33.0, 33.0, 33.0, 33.0, 33.0, 33.0, 33.0, 33.0, 33.0, 33.0, 33.0, 33.0, 33.0, 33.0, 33.0, 33.0, 33.0, 33.0, 33.0, 33.0, 33.0, 33.0, 33.0, 33.0, 33.0, 33.0, 33.0, 33.0, 33.0, 33.0, 33.0, 33.0, 33.0, 33.0, 33.0, 33.0, 33.0, 33.0, 33.0, 33.0, 33.0, 33.0, 33.0, 33.0, 33.0, 33.0, 33.0, 33.0, 33.0, 33.0, 33.0, 33.0, 33.0, 33.0, 33.0, 33.0, 33.0, 33.0, 33.0, 33.0, 33.0, 33.0, 33.0, 33.0, 33.0, 33.0, 33.0, 33.0, 33.0, 33.0, 33.0, 33.0, 33.0, 33.0, 33.0, 33.0, 33.0, 33.0, 33.0, 33.0, 33.0, 33.0, 33.0, 33.0, 33.0, 33.0, 33.0, 33.0, 33.0, 33.0, 33.0, 33.0, 33.0, 33.0, 33.0, 33.0, 33.0, 33.0, 33.0, 33.0, 33.0, 33.0, 33.0, 33.0, 33.0, 33.0, 33.0, 33.0, 33.0, 33.0, 33.0, 33.0, 33.0, 33.0, 33.0, 33.0, 33.0, 33.0, 33.0, 33.0, 33.0, 33.0, 33.0, 33.0, 33.0, 33.0, 33.0, 33.0, 33.0, 33.0, 33.0, 33.0, 33.0, 33.0, 33.0, 33.0, 33.0, 33.0, 33.0, 33.0, 33.0, 33.0, 33.0, 33.0, 33.0, 33.0, 33.0, 33.0, 33.0, 33.0, 33.0, 33.0, 33.0, 33.0, 33.0, 33.0, 33.0, 33.0, 33.0, 33.0, 33.0, 33.0, 33.0, 33.0, 33.0, 33.0, 33.0, 33.0, 33.0, 33.0, 33.0, 33.0, 33.0, 33.0, 33.0, 33.0, 33.0, 33.0, 33.0, 33.0, 33.0, 33.0, 33.0, 33.0, 33.0, 33.0, 33.0, 33.0, 33.0, 33.0, 33.0, 33.0, 33.0, 33.0, 33.0, 33.0, 33.0, 33.0, 33.0, 33.0, 33.0, 33.0, 33.0, 33.0, 33.0, 33.0, 33.0, 33.0, 33.0, 33.0, 33.0, 33.0, 33.0, 33.0, 33.0, 33.0, 33.0, 33.0, 33.0, 33.0, 33.0, 33.0, 33.0, 33.0, 33.0, 33.0, 33.0, 33.0, 33.0, 33.0, 33.0, 33.0, 33.0, 33.0, 33.0, 33.0, 33.0, 33.0, 33.0, 33.0, 33.0, 33.0, 33.0]",COMPLETE
