,number,value,datetime_start,datetime_complete,duration,params_batch_size_scaler,params_constant_learning_rate,params_depth,params_epochs,params_kernel_l2,params_num_trees,params_temperature,user_attrs_accuracy_test,user_attrs_accuracy_valid,user_attrs_approximate_feature_sparsity,user_attrs_approximate_feature_sparsity_history,user_attrs_approximate_weight_sparsity,user_attrs_approximate_weight_sparsity_history,user_attrs_auc_test,user_attrs_auc_valid,user_attrs_feature_sparsity,user_attrs_feature_sparsity_history,user_attrs_num_epochs,user_attrs_val_loss_history,user_attrs_weight_sparsity,user_attrs_weight_sparsity_history,state
171,171,0.9234068864242378,2024-08-31 07:59:38.695597,2024-08-31 08:02:06.185262,0 days 00:02:27.489665,64,0.21281117464285096,2,495,0.0023754139582930094,88,0.007458533722610932,0.929,0.9275,33,"[33, 33, 33, 33, 33, 33, 33, 33, 33, 33, 33, 33, 33, 33, 33, 33, 33, 33, 33, 33, 33, 33, 33, 33, 33, 33, 33, 33, 33, 33, 33, 33, 33, 33, 33, 33, 33, 33, 33, 33, 33, 33, 33, 33, 33, 33, 33, 33, 33, 33, 33, 33, 33, 33, 33, 33, 33, 33, 33, 33, 33, 33, 33, 33, 33, 33, 33, 33, 33, 33, 33, 33, 33, 33, 33, 33, 33, 33, 33, 33, 33, 33, 33, 33, 33, 33, 33, 33, 33, 33, 33, 33, 33, 33, 33, 33, 33, 33, 33, 33, 33, 33, 33, 33, 33, 33, 33, 33, 33, 33, 33, 33, 33, 33, 33, 33, 33, 33, 33, 33, 33, 33, 33, 33, 33, 33, 33, 33, 33, 33, 33, 33, 33, 33, 33, 33, 33, 33, 33, 33, 33, 33, 33, 33, 33, 33, 33, 33, 33, 33, 33, 33, 33, 33, 33, 33, 33, 33, 33, 33, 33, 33, 33, 33, 33, 33, 33, 33, 33, 33, 33, 33, 33, 33, 33, 33, 33, 33, 33, 33, 33, 33, 33, 33, 33, 33, 33, 33, 33, 33, 33, 33, 33, 33, 33, 33, 33, 33, 33, 33, 33, 33, 33, 33, 33, 33, 33, 33, 33, 33, 33, 33, 33, 33, 33, 33, 33, 33, 33, 33, 33, 33, 33, 33, 33, 33, 33, 33, 33, 33, 33, 33, 33, 33, 33, 33, 33, 33, 33, 33, 33, 33, 33, 33, 33, 33, 33, 33, 33, 33, 33, 33, 33, 33, 33, 33, 33, 33, 33, 33, 33, 33, 33, 33, 33, 33, 33, 33, 33, 33, 33, 33, 33, 33, 33, 33, 33, 33, 33, 33, 33, 33, 33, 33, 33, 33, 33, 33, 33, 33, 33, 33, 33, 33, 33, 33, 33, 33, 33, 33, 33, 33, 33, 33, 33, 33, 33, 33, 33, 33, 33, 33, 33, 33, 33, 33, 33, 33, 33, 33, 33, 33, 33, 33, 33, 33, 33, 33, 33, 33, 33, 33, 33, 33, 33, 33, 33, 33, 33, 33, 33, 33, 33, 33, 33, 33, 33, 33, 33, 33, 33, 33, 33, 33, 33, 33, 33, 33, 33, 33, 33, 33, 33, 33, 33, 33, 33, 33, 33, 33, 33, 33, 33, 33, 33, 33, 33, 33, 33, 33, 33, 33, 33, 33, 33, 33, 33, 33, 33, 33, 33, 33, 33, 33, 33, 33, 33, 33, 33, 33, 33, 33, 33, 33, 33, 33, 33, 33, 33, 33, 33, 33, 33, 33, 33, 33, 33, 33, 33, 33, 33, 33, 33, 33, 33, 33, 33, 33, 33, 33, 33, 33, 33, 33, 33, 33, 33, 33, 33, 33, 33, 33, 33, 33, 33, 33, 33, 33, 33, 33, 33, 33, 33, 33, 33, 33, 33, 33, 33, 33, 33, 33, 33, 33, 33, 33, 33, 33, 33, 33, 33, 33, 33, 33, 33, 33, 33, 33, 33, 33, 33, 33, 33, 33, 33, 33, 33, 33, 33, 33, 33, 33, 33, 33, 33]",32.97727272727273,"[32.973484848484844, 32.97727272727273, 32.98106060606061, 32.96590909090909, 32.97727272727273, 32.97348484848485, 32.984848484848484, 32.97727272727273, 32.97727272727273, 32.95833333333333, 32.97727272727273, 32.96969696969697, 32.984848484848484, 32.97727272727273, 32.98106060606061, 32.98863636363636, 32.98106060606061, 32.98106060606061, 32.98863636363636, 32.97727272727273, 32.984848484848484, 32.984848484848484, 32.98106060606061, 32.973484848484844, 32.98106060606061, 32.973484848484844, 32.984848484848484, 32.96969696969697, 32.96969696969697, 32.98106060606061, 32.984848484848484, 32.97727272727273, 32.96969696969697, 32.984848484848484, 32.99242424242424, 32.98106060606061, 32.996212121212125, 32.98863636363636, 32.97727272727273, 32.98106060606061, 32.97727272727273, 32.984848484848484, 32.97348484848485, 32.97727272727273, 32.97348484848485, 32.96590909090909, 32.98106060606061, 32.99242424242424, 32.98106060606061, 32.984848484848484, 32.98863636363636, 32.98863636363636, 32.98106060606061, 32.973484848484844, 32.973484848484844, 32.96590909090909, 32.96969696969697, 32.98106060606061, 32.97727272727273, 32.984848484848484, 32.98106060606061, 32.97727272727273, 32.973484848484844, 32.973484848484844, 32.97727272727273, 32.97727272727273, 32.98106060606061, 32.973484848484844, 32.97727272727273, 32.973484848484844, 32.96590909090909, 32.95833333333333, 32.98863636363636, 32.984848484848484, 32.984848484848484, 32.984848484848484, 32.98106060606061, 32.99242424242424, 32.97727272727273, 32.984848484848484, 32.98106060606061, 32.99242424242424, 32.984848484848484, 32.984848484848484, 32.99242424242424, 32.99242424242424, 32.98106060606061, 32.984848484848484, 32.98863636363636, 32.98863636363636, 32.98863636363636, 32.99242424242424, 32.98863636363636, 32.98106060606061, 32.99242424242424, 32.99242424242424, 32.98106060606061, 32.98863636363636, 32.98863636363636, 32.984848484848484, 32.98106060606061, 32.984848484848484, 32.98863636363636, 32.96590909090909, 32.98106060606061, 32.98863636363636, 32.98863636363636, 32.984848484848484, 32.98106060606061, 32.984848484848484, 32.973484848484844, 32.973484848484844, 32.97727272727273, 32.984848484848484, 32.984848484848484, 32.97727272727273, 32.96590909090909, 32.984848484848484, 32.97348484848485, 32.98106060606061, 32.96969696969697, 32.97727272727273, 32.96969696969697, 32.94318181818182, 32.97727272727273, 32.97727272727273, 32.97348484848485, 32.958333333333336, 32.98106060606061, 32.98106060606061, 32.96212121212121, 32.984848484848484, 32.97348484848485, 32.98863636363637, 32.98106060606061, 32.96969696969697, 32.97727272727273, 32.984848484848484, 32.97727272727273, 32.97348484848485, 32.98106060606061, 32.99242424242424, 32.984848484848484, 32.97727272727273, 32.98106060606061, 32.97727272727273, 32.97348484848485, 32.98106060606061, 32.95833333333333, 32.96590909090909, 32.96969696969697, 32.95833333333333, 32.96969696969697, 32.96969696969697, 32.95075757575758, 32.98106060606061, 32.99242424242424, 32.973484848484844, 32.96969696969697, 32.98106060606061, 32.98106060606061, 32.973484848484844, 32.96590909090909, 32.973484848484844, 32.96969696969697, 32.96969696969697, 32.98106060606061, 32.98106060606061, 32.984848484848484, 32.98106060606061, 32.98106060606061, 32.97727272727273, 32.973484848484844, 32.973484848484844, 32.96969696969697, 32.973484848484844, 32.984848484848484, 32.98106060606061, 32.98106060606061, 32.98106060606061, 32.984848484848484, 32.984848484848484, 32.96590909090909, 32.984848484848484, 32.95454545454545, 32.96969696969697, 32.97727272727273, 32.98106060606061, 32.96590909090909, 32.98106060606061, 32.97348484848485, 32.98863636363636, 32.97348484848485, 32.96590909090909, 32.97348484848485, 32.97727272727273, 32.96590909090909, 32.97727272727273, 32.98106060606061, 32.97727272727273, 32.96590909090909, 32.97348484848485, 32.96590909090909, 32.973484848484844, 32.98863636363636, 32.95833333333333, 32.984848484848484, 32.984848484848484, 32.973484848484844, 32.96969696969697, 32.98106060606061, 32.98106060606061, 32.973484848484844, 32.96212121212121, 32.96969696969697, 32.973484848484844, 32.984848484848484, 32.984848484848484, 32.97727272727273, 32.98863636363636, 32.98106060606061, 32.96590909090909, 32.96590909090909, 32.96969696969697, 32.96969696969697, 32.96590909090909, 32.97727272727273, 32.984848484848484, 32.98106060606061, 32.96969696969697, 32.96590909090909, 32.96212121212121, 32.96212121212121, 32.96212121212121, 32.984848484848484, 32.96969696969697, 32.95833333333333, 32.95833333333333, 32.984848484848484, 32.98106060606061, 32.96969696969697, 32.96212121212121, 32.99242424242424, 32.97348484848485, 32.97727272727273, 32.96969696969697, 32.98106060606061, 32.98106060606061, 32.984848484848484, 32.97727272727273, 32.97727272727273, 32.96212121212121, 32.98863636363636, 32.98863636363636, 32.98863636363636, 32.97727272727273, 32.973484848484844, 32.99242424242424, 32.99242424242424, 32.97727272727273, 32.973484848484844, 32.98106060606061, 32.96969696969697, 32.97727272727273, 32.97727272727273, 32.96590909090909, 32.973484848484844, 32.98106060606061, 32.973484848484844, 32.984848484848484, 32.99242424242424, 32.98106060606061, 32.99242424242424, 32.984848484848484, 32.984848484848484, 32.98106060606061, 32.973484848484844, 32.984848484848484, 32.98863636363636, 32.99242424242424, 32.97727272727273, 32.98106060606061, 32.96969696969697, 32.973484848484844, 32.97727272727273, 32.96212121212121, 32.95833333333333, 32.973484848484844, 32.96590909090909, 32.98106060606061, 32.98106060606061, 32.96969696969697, 32.973484848484844, 32.97727272727273, 32.973484848484844, 32.98106060606061, 32.96212121212121, 32.96969696969697, 32.96590909090909, 32.973484848484844, 32.96590909090909, 32.97727272727273, 32.96212121212121, 32.96212121212121, 32.96212121212121, 32.984848484848484, 32.97727272727273, 32.96590909090909, 32.97727272727273, 32.96590909090909, 32.96590909090909, 32.97727272727273, 32.97727272727273, 32.96590909090909, 32.96212121212121, 32.98106060606061, 32.96590909090909, 32.96212121212121, 32.96212121212121, 32.95454545454545, 32.96590909090909, 32.973484848484844, 32.97727272727273, 32.97727272727273, 32.98106060606061, 32.97727272727273, 32.98863636363636, 32.97727272727273, 32.98106060606061, 32.973484848484844, 32.96590909090909, 32.97727272727273, 32.96969696969697, 32.984848484848484, 32.98863636363636, 32.98106060606061, 32.98106060606061, 32.97727272727273, 32.96590909090909, 32.973484848484844, 32.97727272727273, 32.98863636363637, 32.97727272727273, 32.973484848484844, 32.96969696969697, 32.97727272727273, 32.98106060606061, 32.973484848484844, 32.98106060606061, 32.98863636363636, 32.98863636363636, 32.984848484848484, 32.984848484848484, 32.97727272727273, 32.98106060606061, 32.99242424242424, 32.984848484848484, 32.98863636363636, 32.984848484848484, 32.996212121212125, 32.98106060606061, 32.98106060606061, 32.98106060606061, 32.98106060606061, 32.98863636363636, 32.98106060606061, 32.98106060606061, 32.98106060606061, 32.973484848484844, 32.973484848484844, 32.96969696969697, 32.96969696969697, 32.973484848484844, 32.96969696969697, 32.96969696969697, 32.984848484848484, 32.98863636363636, 32.98863636363636, 32.973484848484844, 32.98106060606061, 32.984848484848484, 32.984848484848484, 32.99242424242424, 32.97727272727273, 32.99242424242424, 32.97727272727273, 32.99242424242424, 32.98863636363636, 32.984848484848484, 32.96969696969697, 32.98106060606061, 32.97727272727273, 32.996212121212125, 32.98863636363636, 32.984848484848484, 32.98106060606061, 32.97727272727273, 32.98106060606061, 32.973484848484844, 32.96969696969697, 32.96969696969697, 32.95833333333333, 32.98106060606061, 32.97348484848485, 32.98106060606061, 32.97348484848485, 32.97348484848485, 32.984848484848484, 32.98106060606061, 32.99242424242424, 32.98863636363636, 32.97348484848485, 32.96212121212121, 32.96590909090909, 32.96212121212121, 32.97727272727273, 32.96590909090909, 32.96212121212121, 32.96590909090909, 32.95454545454545, 32.973484848484844, 32.97727272727273, 32.97727272727273, 32.96969696969697, 32.98106060606061, 32.96969696969697, 32.973484848484844, 32.973484848484844, 32.96969696969697, 32.96969696969697, 32.95833333333333, 32.96212121212121, 32.973484848484844, 32.98106060606061, 32.973484848484844, 32.98863636363636, 32.984848484848484, 32.98106060606061, 32.984848484848484, 32.98863636363636, 32.95833333333333, 32.973484848484844, 32.96969696969697, 32.96969696969697, 32.98863636363636, 32.984848484848484, 32.973484848484844, 32.98106060606061, 32.96969696969697, 32.96590909090909, 32.96590909090909, 32.97727272727273, 32.97727272727273, 32.97727272727273, 32.98106060606061, 32.97727272727273, 32.96212121212121, 32.98106060606061, 32.96969696969697, 32.97727272727273, 32.98106060606061, 32.96969696969697, 32.973484848484844, 32.95454545454545, 32.98106060606061, 32.97727272727273, 32.96969696969697, 32.96969696969697, 32.96969696969697, 32.97727272727273, 32.973484848484844, 32.96969696969697, 32.96212121212121, 32.95454545454545, 32.96590909090909, 32.95833333333333, 32.95454545454545, 32.95454545454545, 32.95454545454545, 32.95833333333333, 32.95454545454545, 32.96590909090909, 32.97727272727273, 32.984848484848484, 32.98106060606061, 32.97727272727273, 32.97727272727273, 32.98106060606061, 32.98863636363636, 32.97727272727273, 32.973484848484844, 32.96969696969697, 32.98106060606061, 32.984848484848484, 32.97727272727273]",0.9078344438114581,0.9234068864242378,33,"[33, 33, 33, 33, 33, 33, 33, 33, 33, 33, 33, 33, 33, 33, 33, 33, 33, 33, 33, 33, 33, 33, 33, 33, 33, 33, 33, 33, 33, 33, 33, 33, 33, 33, 33, 33, 33, 33, 33, 33, 33, 33, 33, 33, 33, 33, 33, 33, 33, 33, 33, 33, 33, 33, 33, 33, 33, 33, 33, 33, 33, 33, 33, 33, 33, 33, 33, 33, 33, 33, 33, 33, 33, 33, 33, 33, 33, 33, 33, 33, 33, 33, 33, 33, 33, 33, 33, 33, 33, 33, 33, 33, 33, 33, 33, 33, 33, 33, 33, 33, 33, 33, 33, 33, 33, 33, 33, 33, 33, 33, 33, 33, 33, 33, 33, 33, 33, 33, 33, 33, 33, 33, 33, 33, 33, 33, 33, 33, 33, 33, 33, 33, 33, 33, 33, 33, 33, 33, 33, 33, 33, 33, 33, 33, 33, 33, 33, 33, 33, 33, 33, 33, 33, 33, 33, 33, 33, 33, 33, 33, 33, 33, 33, 33, 33, 33, 33, 33, 33, 33, 33, 33, 33, 33, 33, 33, 33, 33, 33, 33, 33, 33, 33, 33, 33, 33, 33, 33, 33, 33, 33, 33, 33, 33, 33, 33, 33, 33, 33, 33, 33, 33, 33, 33, 33, 33, 33, 33, 33, 33, 33, 33, 33, 33, 33, 33, 33, 33, 33, 33, 33, 33, 33, 33, 33, 33, 33, 33, 33, 33, 33, 33, 33, 33, 33, 33, 33, 33, 33, 33, 33, 33, 33, 33, 33, 33, 33, 33, 33, 33, 33, 33, 33, 33, 33, 33, 33, 33, 33, 33, 33, 33, 33, 33, 33, 33, 33, 33, 33, 33, 33, 33, 33, 33, 33, 33, 33, 33, 33, 33, 33, 33, 33, 33, 33, 33, 33, 33, 33, 33, 33, 33, 33, 33, 33, 33, 33, 33, 33, 33, 33, 33, 33, 33, 33, 33, 33, 33, 33, 33, 33, 33, 33, 33, 33, 33, 33, 33, 33, 33, 33, 33, 33, 33, 33, 33, 33, 33, 33, 33, 33, 33, 33, 33, 33, 33, 33, 33, 33, 33, 33, 33, 33, 33, 33, 33, 33, 33, 33, 33, 33, 33, 33, 33, 33, 33, 33, 33, 33, 33, 33, 33, 33, 33, 33, 33, 33, 33, 33, 33, 33, 33, 33, 33, 33, 33, 33, 33, 33, 33, 33, 33, 33, 33, 33, 33, 33, 33, 33, 33, 33, 33, 33, 33, 33, 33, 33, 33, 33, 33, 33, 33, 33, 33, 33, 33, 33, 33, 33, 33, 33, 33, 33, 33, 33, 33, 33, 33, 33, 33, 33, 33, 33, 33, 33, 33, 33, 33, 33, 33, 33, 33, 33, 33, 33, 33, 33, 33, 33, 33, 33, 33, 33, 33, 33, 33, 33, 33, 33, 33, 33, 33, 33, 33, 33, 33, 33, 33, 33, 33, 33, 33, 33, 33, 33, 33, 33, 33, 33, 33, 33, 33, 33, 33, 33, 33, 33, 33, 33, 33, 33, 33, 33, 33, 33, 33, 33, 33, 33, 33, 33, 33, 33, 33, 33]",495,"[0.41168224811553955, 0.3984176218509674, 0.3925550878047943, 0.3964032828807831, 0.3867568075656891, 0.38218745589256287, 0.3823888897895813, 0.3772241473197937, 0.38659271597862244, 0.37913209199905396, 0.3744787871837616, 0.3713809847831726, 0.3759964108467102, 0.36987531185150146, 0.3704037070274353, 0.36817455291748047, 0.3679924011230469, 0.3711157739162445, 0.3703818619251251, 0.3792853057384491, 0.38962864875793457, 0.37732183933258057, 0.3713242709636688, 0.36284762620925903, 0.3604472875595093, 0.3595702648162842, 0.35830584168434143, 0.3624321222305298, 0.35686206817626953, 0.35583415627479553, 0.36217814683914185, 0.3580056130886078, 0.3537667393684387, 0.37085288763046265, 0.35283416509628296, 0.35294464230537415, 0.35268157720565796, 0.3515426516532898, 0.3610117733478546, 0.3546501398086548, 0.35054564476013184, 0.36302366852760315, 0.3498213589191437, 0.35272854566574097, 0.35167309641838074, 0.35330185294151306, 0.3474372625350952, 0.34762096405029297, 0.35154402256011963, 0.34446993470191956, 0.3435777723789215, 0.3432232141494751, 0.3762058913707733, 0.3422062397003174, 0.34062275290489197, 0.3410152792930603, 0.33900320529937744, 0.3390580415725708, 0.3393700122833252, 0.33926495909690857, 0.34762173891067505, 0.3394532799720764, 0.3359871208667755, 0.34167441725730896, 0.33687764406204224, 0.34399232268333435, 0.33505716919898987, 0.33605653047561646, 0.34198814630508423, 0.33523795008659363, 0.3334789276123047, 0.35473793745040894, 0.33555325865745544, 0.331917405128479, 0.33577847480773926, 0.33113420009613037, 0.3302074074745178, 0.34091758728027344, 0.3302096426486969, 0.3319064676761627, 0.33013638854026794, 0.32821977138519287, 0.32753345370292664, 0.32933518290519714, 0.33265289664268494, 0.32861775159835815, 0.3249055743217468, 0.3271084129810333, 0.34558433294296265, 0.328397661447525, 0.3238004744052887, 0.3251173794269562, 0.33796170353889465, 0.32360267639160156, 0.3231079578399658, 0.3219955563545227, 0.32613930106163025, 0.3245018720626831, 0.32320377230644226, 0.3224230706691742, 0.32588016986846924, 0.32375121116638184, 0.3208402395248413, 0.32341399788856506, 0.3179759979248047, 0.3272577226161957, 0.31564509868621826, 0.3150230050086975, 0.3198792636394501, 0.32539862394332886, 0.31815430521965027, 0.3153397738933563, 0.3216131627559662, 0.3182210326194763, 0.3203917443752289, 0.31518012285232544, 0.3135252594947815, 0.3128977119922638, 0.3119021952152252, 0.3140393793582916, 0.31807777285575867, 0.31041181087493896, 0.3102252185344696, 0.3105946481227875, 0.31344908475875854, 0.311848521232605, 0.30772891640663147, 0.3075357973575592, 0.30727729201316833, 0.3094969391822815, 0.30615994334220886, 0.31101834774017334, 0.3215181231498718, 0.30480268597602844, 0.30997949838638306, 0.3043487071990967, 0.3023698329925537, 0.30296993255615234, 0.30136239528656006, 0.302217960357666, 0.3048647344112396, 0.30079886317253113, 0.30290594696998596, 0.3041473627090454, 0.3050903081893921, 0.2995480000972748, 0.3038623034954071, 0.29936763644218445, 0.29963040351867676, 0.2982273995876312, 0.2982948124408722, 0.30136534571647644, 0.29951828718185425, 0.2975645661354065, 0.2977932095527649, 0.29598432779312134, 0.2981688678264618, 0.29414644837379456, 0.29355093836784363, 0.29604989290237427, 0.2975125014781952, 0.29277488589286804, 0.29748713970184326, 0.2903735041618347, 0.2921157479286194, 0.30767351388931274, 0.2940247356891632, 0.2901994585990906, 0.29093626141548157, 0.2885715067386627, 0.28626835346221924, 0.2861521542072296, 0.2893771529197693, 0.2841188609600067, 0.28845569491386414, 0.2883721888065338, 0.28279611468315125, 0.2828581631183624, 0.2897334694862366, 0.2826572358608246, 0.28219887614250183, 0.2821365296840668, 0.2838381230831146, 0.28384920954704285, 0.2806253433227539, 0.28108999133110046, 0.28275755047798157, 0.28475865721702576, 0.27983158826828003, 0.27763935923576355, 0.2764347195625305, 0.299735426902771, 0.27670711278915405, 0.28463509678840637, 0.2816574275493622, 0.27716580033302307, 0.2774319648742676, 0.27596336603164673, 0.272892028093338, 0.272010862827301, 0.2725064158439636, 0.2701656222343445, 0.2727130651473999, 0.2694466710090637, 0.271393358707428, 0.2709181010723114, 0.27014052867889404, 0.2857164740562439, 0.2660127878189087, 0.2832163870334625, 0.2649192214012146, 0.2649689316749573, 0.2683165669441223, 0.2648901045322418, 0.2636210322380066, 0.2632211446762085, 0.2657181918621063, 0.2650277018547058, 0.2621586322784424, 0.26623785495758057, 0.2620888650417328, 0.26305994391441345, 0.26089993119239807, 0.25993525981903076, 0.25956401228904724, 0.26004305481910706, 0.26111647486686707, 0.25926363468170166, 0.2580423057079315, 0.25799909234046936, 0.26216641068458557, 0.2581866383552551, 0.2579846978187561, 0.2567721903324127, 0.25753602385520935, 0.25761327147483826, 0.2584063410758972, 0.25932762026786804, 0.2548692524433136, 0.26341772079467773, 0.2648480236530304, 0.25662294030189514, 0.2529018521308899, 0.25541549921035767, 0.2551208734512329, 0.25356751680374146, 0.2534013092517853, 0.25381243228912354, 0.25766822695732117, 0.2529946565628052, 0.25200173258781433, 0.2514767050743103, 0.25113385915756226, 0.2521667778491974, 0.25853797793388367, 0.24977311491966248, 0.2514847218990326, 0.2547660171985626, 0.26108965277671814, 0.24918557703495026, 0.2504795491695404, 0.2513234615325928, 0.2509712278842926, 0.2513147294521332, 0.24916526675224304, 0.24818652868270874, 0.2502725422382355, 0.24614782631397247, 0.2516533136367798, 0.2453801929950714, 0.24514125287532806, 0.24524539709091187, 0.24512313306331635, 0.24500538408756256, 0.2467966228723526, 0.24466437101364136, 0.24579539895057678, 0.24566759169101715, 0.2440744936466217, 0.24382278323173523, 0.24416548013687134, 0.244845911860466, 0.24330158531665802, 0.24464163184165955, 0.24401551485061646, 0.24813644587993622, 0.2447649985551834, 0.24190233647823334, 0.24522408843040466, 0.24247442185878754, 0.24432463943958282, 0.24283458292484283, 0.24058036506175995, 0.24464571475982666, 0.24096068739891052, 0.24069088697433472, 0.24013680219650269, 0.24153408408164978, 0.24012674391269684, 0.24130535125732422, 0.2406187206506729, 0.2403205931186676, 0.24079886078834534, 0.23962798714637756, 0.24076490104198456, 0.2412109524011612, 0.23858800530433655, 0.2379191815853119, 0.23716416954994202, 0.23800350725650787, 0.23857374489307404, 0.23921920359134674, 0.237334743142128, 0.24303795397281647, 0.23639895021915436, 0.2389829456806183, 0.2351035177707672, 0.24085353314876556, 0.23530153930187225, 0.2346561998128891, 0.2367262989282608, 0.23604018986225128, 0.23397397994995117, 0.23442062735557556, 0.2348424792289734, 0.2376905083656311, 0.23631156980991364, 0.23454134166240692, 0.2336936891078949, 0.23428642749786377, 0.23325543105602264, 0.23716720938682556, 0.23404671251773834, 0.24462860822677612, 0.23548437654972076, 0.23806075751781464, 0.23470735549926758, 0.23039239645004272, 0.23254802823066711, 0.23249858617782593, 0.23128722608089447, 0.23655171692371368, 0.23068232834339142, 0.23021931946277618, 0.2312219738960266, 0.23037667572498322, 0.22977815568447113, 0.2303902804851532, 0.22947163879871368, 0.22873708605766296, 0.22767530381679535, 0.2278561145067215, 0.23413045704364777, 0.22718018293380737, 0.22757989168167114, 0.23355789482593536, 0.2314652055501938, 0.22819170355796814, 0.228133887052536, 0.22790232300758362, 0.23098796606063843, 0.22710557281970978, 0.2272844761610031, 0.2560771405696869, 0.2272047996520996, 0.22500856220722198, 0.22409048676490784, 0.22351716458797455, 0.2243112027645111, 0.22948729991912842, 0.22514310479164124,