,number,value,datetime_start,datetime_complete,duration,params_batch_size_scaler,params_constant_learning_rate,params_depth,params_epochs,params_kernel_l2,params_num_trees,params_temperature,user_attrs_accuracy_test,user_attrs_accuracy_valid,user_attrs_approximate_feature_sparsity,user_attrs_approximate_feature_sparsity_history,user_attrs_approximate_weight_sparsity,user_attrs_approximate_weight_sparsity_history,user_attrs_auc_test,user_attrs_auc_valid,user_attrs_feature_sparsity,user_attrs_feature_sparsity_history,user_attrs_num_epochs,user_attrs_val_loss_history,user_attrs_weight_sparsity,user_attrs_weight_sparsity_history,state
144,144,0.6635171516533344,2024-08-31 06:51:13.221726,2024-08-31 06:52:13.049207,0 days 00:00:59.827481,16,0.47893922262354416,1,490,0.012887038354580835,52,0.005052769916776086,0.829,0.83875,2,"[33, 33, 33, 33, 33, 33, 28, 19, 9, 6, 5, 5, 5, 3, 3, 3, 2, 2, 2, 2, 2, 2, 2, 2, 2, 2, 2, 2, 2, 2, 2, 2, 2, 2, 2, 2, 2, 2, 2, 2, 2, 2, 2, 2, 2, 2, 2, 2, 2, 2, 2, 2, 2, 2, 2, 2, 2, 2, 2, 2, 2, 2, 2, 2, 2, 2, 2, 2, 2, 2, 2, 2, 2, 2, 2, 2, 2, 2, 2, 2, 2, 2, 2, 2, 2, 2, 2, 2, 2, 2, 2, 2, 2, 2, 2, 2, 2, 2, 2, 2, 2, 2, 2, 2, 2, 2, 2, 2, 2, 2, 2, 2, 2, 2, 2, 2, 2, 2, 2, 2, 2, 2, 2, 2, 2, 2, 2, 2, 2, 2, 2, 2, 2, 2, 2, 2, 2, 2, 2, 2, 2, 2, 2, 2, 2, 2, 2, 2, 2, 2, 2, 2, 2, 2, 2, 2, 2, 2, 2, 2, 2, 2, 2, 2, 2, 2, 2, 2, 2, 2, 2, 2, 2, 2, 2, 2, 2, 2, 2, 2, 2, 2, 2, 2, 2, 2, 2, 2, 2, 2, 2, 2, 2, 2, 2, 2, 2, 2, 2, 2, 2, 2, 2, 2, 2, 2, 2, 2, 2, 2, 2, 2, 2, 2, 2, 2, 2, 2, 2, 2, 2, 2, 2, 2, 2, 2, 2, 2, 2, 2, 2, 2, 2, 2, 2, 2, 2, 2, 2, 2, 2, 2, 2, 2, 2, 2, 2, 2, 2, 2, 2, 2, 2, 2, 2, 2, 2, 2, 2, 2, 2, 2, 2, 2, 2, 2, 2, 2, 2, 2, 2, 2, 2, 2, 2, 2, 2, 2, 2, 2, 2, 2, 2, 2, 2, 2, 2, 2, 2, 2, 2, 2, 2, 2, 2, 2, 2, 2, 2, 2, 2, 2, 2, 2, 2, 2, 2, 2, 2, 2, 2, 2, 2, 2, 2, 2, 2, 2, 2, 2, 2, 2, 2, 2, 2, 2, 2, 2, 2, 2, 2, 2, 2, 2, 2, 2, 2, 2, 2, 2, 2, 2, 2, 2, 2, 2, 2, 2, 2, 2, 2, 2, 2, 2, 2, 2, 2, 2, 2, 2, 2, 2, 2, 2, 2, 2, 2, 2, 2, 2, 2, 2, 2, 2, 2, 2, 2, 2, 2, 2, 2, 2, 2, 2, 2, 2, 2, 2, 2, 2, 2, 2, 2, 2, 2, 2, 2, 2, 2, 2, 2, 2, 2, 2, 2, 2, 2, 2, 2, 2, 2, 2, 2, 2, 2, 2, 2, 2, 2, 2, 2, 2, 2, 2, 2, 2, 2, 2, 2, 2, 2, 2, 2, 2, 2, 2, 2, 2, 2, 2, 2, 2, 2, 2, 2, 2, 2, 2, 2, 2, 2, 2, 2, 2, 2, 2, 2, 2, 2, 2, 2, 2, 2, 2, 2, 2, 2, 2, 2, 2, 2, 2, 2, 2, 2, 2, 2, 2, 2, 2, 2, 2, 2, 2, 2, 2, 2, 2, 2, 2]",2.0,"[32.980769230769226, 33.0, 33.0, 33.0, 33.0, 33.0, 28.0, 18.98076923076923, 9.0, 6.0, 5.0, 4.980769230769231, 5.0, 3.0, 3.0, 3.0, 2.0, 2.0, 2.0, 2.0, 2.0, 2.0, 2.0, 2.0, 2.0, 2.0, 2.0, 2.0, 2.0, 2.0, 2.0, 2.0, 2.0, 2.0, 2.0, 2.0, 2.0, 2.0, 2.0, 2.0, 2.0, 2.0, 2.0, 2.0, 2.0, 2.0, 2.0, 2.0, 2.0, 2.0, 2.0, 2.0, 2.0, 2.0, 2.0, 2.0, 2.0, 2.0, 2.0, 2.0, 2.0, 2.0, 2.0, 2.0, 2.0, 2.0, 2.0, 2.0, 2.0, 2.0, 2.0, 2.0, 2.0, 2.0, 2.0, 2.0, 2.0, 2.0, 2.0, 2.0, 2.0, 2.0, 2.0, 2.0, 2.0, 2.0, 2.0, 2.0, 2.0, 2.0, 2.0, 2.0, 2.0, 2.0, 2.0, 2.0, 2.0, 2.0, 2.0, 2.0, 2.0, 2.0, 1.9807692307692308, 2.0, 2.0, 2.0, 1.9807692307692308, 2.0, 2.0, 1.9807692307692308, 1.9807692307692308, 2.0, 2.0, 2.0, 2.0, 2.0, 2.0, 2.0, 2.0, 2.0, 2.0, 2.0, 2.0, 2.0, 2.0, 2.0, 2.0, 2.0, 2.0, 2.0, 2.0, 2.0, 2.0, 2.0, 2.0, 2.0, 2.0, 2.0, 2.0, 2.0, 2.0, 2.0, 2.0, 1.9807692307692308, 2.0, 2.0, 2.0, 2.0, 2.0, 2.0, 2.0, 2.0, 2.0, 2.0, 2.0, 2.0, 2.0, 2.0, 2.0, 2.0, 2.0, 2.0, 2.0, 2.0, 2.0, 2.0, 2.0, 2.0, 2.0, 2.0, 2.0, 2.0, 2.0, 2.0, 2.0, 2.0, 2.0, 2.0, 2.0, 2.0, 2.0, 2.0, 2.0, 2.0, 2.0, 2.0, 2.0, 2.0, 2.0, 2.0, 2.0, 2.0, 2.0, 2.0, 1.9807692307692308, 2.0, 2.0, 2.0, 2.0, 2.0, 2.0, 2.0, 2.0, 2.0, 2.0, 2.0, 2.0, 2.0, 2.0, 2.0, 2.0, 2.0, 2.0, 2.0, 2.0, 2.0, 2.0, 2.0, 2.0, 2.0, 2.0, 2.0, 2.0, 2.0, 2.0, 2.0, 2.0, 2.0, 2.0, 2.0, 2.0, 2.0, 2.0, 2.0, 2.0, 2.0, 2.0, 2.0, 2.0, 2.0, 2.0, 2.0, 2.0, 2.0, 2.0, 2.0, 2.0, 2.0, 2.0, 2.0, 2.0, 2.0, 2.0, 2.0, 2.0, 2.0, 2.0, 2.0, 2.0, 2.0, 2.0, 2.0, 2.0, 2.0, 2.0, 2.0, 2.0, 2.0, 2.0, 2.0, 2.0, 2.0, 2.0, 2.0, 2.0, 2.0, 2.0, 2.0, 2.0, 2.0, 2.0, 2.0, 2.0, 2.0, 2.0, 2.0, 2.0, 2.0, 2.0, 2.0, 2.0, 2.0, 2.0, 2.0, 2.0, 2.0, 2.0, 2.0, 2.0, 2.0, 2.0, 2.0, 2.0, 2.0, 2.0, 2.0, 2.0, 2.0, 2.0, 2.0, 2.0, 2.0, 2.0, 2.0, 2.0, 2.0, 2.0, 2.0, 2.0, 2.0, 2.0, 2.0, 2.0, 2.0, 2.0, 2.0, 2.0, 2.0, 2.0, 2.0, 2.0, 2.0, 2.0, 2.0, 2.0, 2.0, 2.0, 2.0, 2.0, 2.0, 2.0, 2.0, 2.0, 2.0, 2.0, 2.0, 2.0, 1.9807692307692308, 1.9807692307692308, 2.0, 2.0, 2.0, 2.0, 2.0, 1.9807692307692308, 2.0, 2.0, 2.0, 2.0, 2.0, 1.9807692307692308, 2.0, 2.0, 2.0, 1.9807692307692308, 2.0, 2.0, 2.0, 2.0, 2.0, 2.0, 2.0, 2.0, 2.0, 2.0, 2.0, 2.0, 2.0, 2.0, 2.0, 2.0, 2.0, 2.0, 2.0, 2.0, 2.0, 2.0, 2.0, 2.0, 2.0, 2.0, 2.0, 2.0, 2.0, 2.0, 2.0, 2.0, 2.0, 2.0, 2.0, 2.0, 2.0, 2.0, 2.0, 2.0, 2.0, 2.0, 2.0, 2.0, 1.9807692307692308, 1.9807692307692308, 2.0, 2.0, 2.0, 2.0, 2.0, 2.0, 2.0, 2.0, 2.0, 2.0, 2.0, 2.0, 2.0, 2.0, 2.0, 2.0, 2.0, 2.0, 2.0, 2.0, 2.0, 2.0, 2.0, 2.0, 2.0, 2.0, 2.0, 2.0, 2.0, 2.0, 2.0, 2.0, 2.0, 2.0, 2.0, 2.0, 2.0, 2.0, 2.0, 2.0, 2.0, 2.0, 2.0, 2.0, 2.0, 2.0, 2.0, 2.0, 2.0, 2.0, 2.0, 2.0, 2.0, 2.0, 2.0, 2.0, 2.0, 2.0, 2.0, 2.0, 2.0, 2.0, 2.0, 2.0, 2.0, 2.0, 2.0, 2.0, 2.0, 2.0, 2.0, 2.0, 2.0, 2.0, 2.0, 2.0, 2.0, 2.0, 2.0]",0.6446635127436653,0.6635171516533344,2,"[33, 33, 33, 33, 33, 33, 28, 19, 9, 6, 5, 5, 5, 3, 3, 3, 2, 2, 2, 2, 2, 2, 2, 2, 2, 2, 2, 2, 2, 2, 2, 2, 2, 2, 2, 2, 2, 2, 2, 2, 2, 2, 2, 2, 2, 2, 2, 2, 2, 2, 2, 2, 2, 2, 2, 2, 2, 2, 2, 2, 2, 2, 2, 2, 2, 2, 2, 2, 2, 2, 2, 2, 2, 2, 2, 2, 2, 2, 2, 2, 2, 2, 2, 2, 2, 2, 2, 2, 2, 2, 2, 2, 2, 2, 2, 2, 2, 2, 2, 2, 2, 2, 2, 2, 2, 2, 2, 2, 2, 2, 2, 2, 2, 2, 2, 2, 2, 2, 2, 2, 2, 2, 2, 2, 2, 2, 2, 2, 2, 2, 2, 2, 2, 2, 2, 2, 2, 2, 2, 2, 2, 2, 2, 2, 2, 2, 2, 2, 2, 2, 2, 2, 2, 2, 2, 2, 2, 2, 2, 2, 2, 2, 2, 2, 2, 2, 2, 2, 2, 2, 2, 2, 2, 2, 2, 2, 2, 2, 2, 2, 2, 2, 2, 2, 2, 2, 2, 2, 2, 2, 2, 2, 2, 2, 2, 2, 2, 2, 2, 2, 2, 2, 2, 2, 2, 2, 2, 2, 2, 2, 2, 2, 2, 2, 2, 2, 2, 2, 2, 2, 2, 2, 2, 2, 2, 2, 2, 2, 2, 2, 2, 2, 2, 2, 2, 2, 2, 2, 2, 2, 2, 2, 2, 2, 2, 2, 2, 2, 2, 2, 2, 2, 2, 2, 2, 2, 2, 2, 2, 2, 2, 2, 2, 2, 2, 2, 2, 2, 2, 2, 2, 2, 2, 2, 2, 2, 2, 2, 2, 2, 2, 2, 2, 2, 2, 2, 2, 2, 2, 2, 2, 2, 2, 2, 2, 2, 2, 2, 2, 2, 2, 2, 2, 2, 2, 2, 2, 2, 2, 2, 2, 2, 2, 2, 2, 2, 2, 2, 2, 2, 2, 2, 2, 2, 2, 2, 2, 2, 2, 2, 2, 2, 2, 2, 2, 2, 2, 2, 2, 2, 2, 2, 2, 2, 2, 2, 2, 2, 2, 2, 2, 2, 2, 2, 2, 2, 2, 2, 2, 2, 2, 2, 2, 2, 2, 2, 2, 2, 2, 2, 2, 2, 2, 2, 2, 2, 2, 2, 2, 2, 2, 2, 2, 2, 2, 2, 2, 2, 2, 2, 2, 2, 2, 2, 2, 2, 2, 2, 2, 2, 2, 2, 2, 2, 2, 2, 2, 2, 2, 2, 2, 2, 2, 2, 2, 2, 2, 2, 2, 2, 2, 2, 2, 2, 2, 2, 2, 2, 2, 2, 2, 2, 2, 2, 2, 2, 2, 2, 2, 2, 2, 2, 2, 2, 2, 2, 2, 2, 2, 2, 2, 2, 2, 2, 2, 2, 2, 2, 2, 2, 2, 2, 2, 2, 2, 2, 2, 2, 2, 2, 2, 2, 2, 2, 2, 2, 2, 2, 2, 2, 2, 2, 2, 2, 2, 2, 2, 2, 2, 2]",490,"[0.4593343436717987, 0.9151611328125, 0.47618529200553894, 0.4296378791332245, 0.4161939322948456, 0.44727471470832825, 0.36840367317199707, 0.3760259747505188, 0.6544601321220398, 0.3765769600868225, 0.6073818802833557, 0.3482474088668823, 0.5301545262336731, 0.8940070867538452, 0.4051946997642517, 0.37812191247940063, 0.7388359904289246, 0.4181090295314789, 0.8887201547622681, 0.603594183921814, 0.3842602074146271, 0.3931317627429962, 0.37352216243743896, 0.461019366979599, 0.38152191042900085, 0.46354320645332336, 0.9388995170593262, 0.5686404705047607, 0.3942914307117462, 0.5767862200737, 0.5945984125137329, 0.41716697812080383, 0.36969783902168274, 0.3971503973007202, 0.37620288133621216, 0.3953026831150055, 0.3707531988620758, 0.4975612163543701, 0.36977002024650574, 0.638455867767334, 0.43626147508621216, 0.3694835901260376, 0.43444594740867615, 0.712012767791748, 0.8206367492675781, 0.3815983533859253, 0.370866596698761, 0.9424779415130615, 0.39101165533065796, 0.3703930974006653, 0.5095247030258179, 0.8320146799087524, 0.42998644709587097, 0.4734814167022705, 0.540402352809906, 0.4274207055568695, 0.37555575370788574, 0.5925147533416748, 0.4019935131072998, 0.37930870056152344, 0.37452462315559387, 0.6126590967178345, 0.3828352689743042, 0.8544914126396179, 0.5126804113388062, 0.4197055399417877, 0.49347996711730957, 0.4970139265060425, 0.4064863920211792, 0.8183313608169556, 0.5860834717750549, 0.48751944303512573, 0.4193028509616852, 0.3707549273967743, 0.5797665119171143, 0.3704599440097809, 0.3700505495071411, 0.36978039145469666, 0.38028019666671753, 0.37257838249206543, 0.37011927366256714, 0.3709399700164795, 0.42331305146217346, 0.4693528413772583, 0.37141647934913635, 0.3824705183506012, 0.38686707615852356, 0.44376903772354126, 0.4860773980617523, 0.6896272301673889, 0.38380345702171326, 0.46058136224746704, 0.3788752853870392, 0.3865811824798584, 0.3784036636352539, 0.4885357916355133, 0.7281676530838013, 0.8426216244697571, 0.6155349612236023, 0.3975892961025238, 0.4115585386753082, 0.40017709136009216, 0.4331499934196472, 0.4149153232574463, 0.5330498218536377, 0.3803754448890686, 0.37012752890586853, 0.3969695568084717, 0.4298544228076935, 0.5085952281951904, 0.7849477529525757, 0.9701395630836487, 0.3790832757949829, 0.461060494184494, 0.3734873831272125, 0.3701092600822449, 0.3752567172050476, 0.7159647941589355, 0.467115581035614, 0.4160742461681366, 0.6197327971458435, 0.586352527141571, 0.6651011109352112, 0.3868049383163452, 0.39423346519470215, 0.38254114985466003, 0.3850262761116028, 0.36927589774131775, 0.4466466009616852, 0.3756358027458191, 0.4166536331176758, 0.40616175532341003, 0.5061967372894287, 0.37876656651496887, 0.37493881583213806, 0.6273679137229919, 0.37474581599235535, 0.40143662691116333, 0.5339906811714172, 0.3889630138874054, 0.4485292434692383, 0.37983086705207825, 0.5812023878097534, 0.45958060026168823, 0.38601359724998474, 0.4307529032230377, 0.5960591435432434, 0.4532439112663269, 0.599087119102478, 0.3874604403972626, 0.37030673027038574, 0.4478142261505127, 0.4442029893398285, 0.37174099683761597, 0.37737274169921875, 0.460454523563385, 0.4638690650463104, 0.5816287994384766, 0.4030974507331848, 0.3775941729545593, 0.5432685613632202, 0.5363064408302307, 0.43189525604248047, 0.5626569986343384, 0.6463491916656494, 0.42521438002586365, 0.5026992559432983, 0.4223862886428833, 0.3724731504917145, 0.6094592809677124, 0.38076889514923096, 0.40922966599464417, 0.3836072087287903, 0.5133870840072632, 0.44561412930488586, 0.3847355544567108, 0.5198861956596375, 0.47542017698287964, 0.4575606882572174, 0.40372368693351746, 0.4343697428703308, 0.37411442399024963, 0.4559635818004608, 0.5031440258026123, 0.4547477066516876, 0.6933718919754028, 0.4053429365158081, 0.41156622767448425, 0.4914168119430542, 0.46647006273269653, 0.7790713310241699, 0.37377139925956726, 0.4960588216781616, 0.3768804669380188, 0.4348130524158478, 0.49922722578048706, 0.37216129899024963, 0.8599690794944763, 0.5856269598007202, 0.41432344913482666, 0.48038187623023987, 0.4649105370044708, 0.3903728127479553, 0.37056076526641846, 0.49542850255966187, 0.3745933175086975, 0.6001954674720764, 0.597496509552002, 0.6806981563568115, 0.5211593508720398, 0.43343889713287354, 0.670776903629303, 0.47397175431251526, 0.6583654880523682, 0.37606728076934814, 0.374666303396225, 1.0481165647506714, 0.4739317297935486, 1.313602328300476, 0.3722957968711853, 0.3764002323150635, 0.38781672716140747, 0.7419400215148926, 0.540855348110199, 0.6331464648246765, 0.4545564353466034, 0.4077151119709015, 0.37119051814079285, 0.46367961168289185, 0.37106654047966003, 0.5237661004066467, 0.4963068664073944, 0.40008479356765747, 0.7075465321540833, 0.3704475462436676, 0.5957082509994507, 0.9298090934753418, 0.634037971496582, 0.3936782479286194, 0.40901046991348267, 0.5687453746795654, 0.4293489456176758, 0.45234623551368713, 0.3875614404678345, 0.5408521294593811, 0.3713739812374115, 0.37907275557518005, 0.4471972584724426, 0.37573355436325073, 0.38199952244758606, 0.4118806719779968, 0.3810046315193176, 0.45248791575431824, 0.7983543872833252, 0.6118355393409729, 0.3695376515388489, 0.8244583010673523, 0.4338555634021759, 0.5149994492530823, 0.7021787166595459, 0.8322268724441528, 0.370598703622818, 0.38522350788116455, 0.3699103891849518, 0.4164539575576782, 0.5793076157569885, 0.3711651861667633, 0.37393707036972046, 0.5297248363494873, 0.38915693759918213, 0.6378881931304932, 0.5001916289329529, 0.3754191994667053, 0.4173640012741089, 0.6352689266204834, 0.37215739488601685, 0.45718148350715637, 0.6424083113670349, 0.3766351044178009, 0.5512425899505615, 0.43673765659332275, 0.4743562340736389, 0.3718907833099365, 0.6626993417739868, 0.3862193822860718, 0.9157865047454834, 0.5249439477920532, 0.6228510141372681, 0.41588401794433594, 0.6534748673439026, 0.37501591444015503, 0.421046644449234, 0.37606295943260193, 0.47952964901924133, 0.3725995719432831, 0.38873255252838135, 0.3714486062526703, 0.4579639732837677, 0.4140843152999878, 0.3698270916938782, 0.37063920497894287, 0.5529844760894775, 0.39882567524909973, 0.5500122904777527, 0.3777761161327362, 0.6161327958106995, 0.4472323954105377, 0.5758487582206726, 0.43934616446495056, 0.37521660327911377, 0.37475746870040894, 0.4102637469768524, 0.48146381974220276, 0.37095028162002563, 0.37025994062423706, 0.4662671685218811, 0.4853523373603821, 0.3791957199573517, 0.3763640522956848, 0.4888302981853485, 0.37659329175949097, 0.5793190598487854, 0.45411720871925354, 0.37923523783683777, 0.408466637134552, 0.7709465026855469, 0.37304309010505676, 0.6531385779380798, 0.4276092052459717, 0.4090889096260071, 0.5831291079521179, 0.8867225050926208, 0.7815887928009033, 0.400399774312973, 0.3744432330131531, 0.4422118067741394, 0.4047594964504242, 0.37133970856666565, 0.4502274990081787, 0.37239065766334534, 0.3979420065879822, 0.4690341055393219, 0.39042332768440247, 0.40948331356048584, 0.4893640875816345, 0.3924889862537384, 0.3715783655643463, 0.3725789785385132, 0.3700871169567108, 0.7920178771018982, 0.39093199372291565, 0.4407494068145752, 0.3724822700023651, 0.6308220028877258, 0.42977282404899597, 0.6324931383132935, 0.3817122280597687, 0.39969685673713684, 0.37154629826545715, 0.47179701924324036, 0.37549716234207153, 0.5147452354431152, 0.37162643671035767, 0.4302472174167633, 0.7144359350204468, 0.5157296061515808, 0.3700222671031952, 0.4128544330596924, 0.5540505051612854, 0.3918711841106415, 0.3729628324508667, 0.5728137493133545, 0.38536956906318665, 0.3799855411052704, 0.6952242851257324, 1.206484317779541, 0.3795773684978485, 0.3717256486415863, 0.4086369276046753, 0.4369775354862213, 0.5162044167518616, 0.424778014421463, 0.3723655343055725, 0.5295195579528809, 0.7884853482246399, 0.4277745187282562, 0.517238438129425, 0.6314196586608887, 0.6732919812202454, 0.47053036093711853, 0.4965222179889679, 0.3717067241668701, 0.3822314143180847, 0.37611037492752075, 0.6299570798873901, 0.40346255898475647, 0.5292716026306152, 0.3786449730396271, 0.7040601372718811, 0.8395033478736877, 0.37175917625427246, 0.47703486680984497, 0.3800606429576874, 0.4795905649662018, 0.4220655858516693, 0.38058868050575256, 0.4187316596508026, 0.6387233734130859, 0.48162609338760376, 0.5081303119659424, 0.4069136381149292, 0.38880226016044617, 0.39070984721183777, 0.37686270475387573, 0.4261723756790161, 0.5567901730537415, 0.7222263813018799, 0.6980867981910706, 0.6847071647644043, 0.5362288951873779, 0.69438636302948, 0.381285697221756, 0.4251141846179962, 0.3779714107513428, 0.37877699732780457, 0.3916514217853546, 0.9446312785148621, 0.3713815212249756, 0.37105000019073486, 0.722425639629364, 0.37219715118408203, 0.3875179588794708, 0.44695624709129333, 0.5736387372016907, 0.3846796452999115, 0.449523389339447, 0.3794112503528595, 0.48302435874938965, 0.538202166557312, 0.43352171778678894, 0.37804707884788513, 0.4413558542728424, 0.37016090750694275, 0.4814748466014862, 0.3742644786834717, 0.5119367837905884, 0.3764564096927643, 0.37081122398376465, 0.4029349088668823, 0.417697548866272, 0.42366424202919006, 0.40387022495269775, 0.46420028805732727, 0.5317134261131287, 0.36937496066093445, 0.5322224497795105, 0.412850022315979, 0.4543771743774414, 0.38783472776412964, 0.43029606342315674, 0.391640841960907, 0.38248714804649353, 0.37147265672683716, 0.42501750588417053, 0.46546509861946106, 0.5261864066123962, 0.49064895510673523, 0.3744831383228302, 0.37278228998184204, 0.40240126848220825, 0.38521435856819153, 0.45487332344055176, 0.6213567852973938, 0.5121409296989441, 0.40897125005722046, 0.4912070333957672, 0.39681628346443176, 0.42689475417137146, 0.3703096807003021, 0.6022862195968628, 0.3708590567111969, 0.6770245432853699, 0.42475003004074097, 0.36968639492988586, 0.5792585015296936, 0.4201604425907135, 0.4904443621635437, 0.46225109696388245, 0.4669681489467621, 0.4006558358669281]",2.0,"[33.0, 33.0, 33.0, 33.0, 33.0, 33.0, 28.0, 19.0, 9.0, 6.0, 5.0, 5.0, 5.0, 3.0, 3.0, 3.0, 2.0, 2.0, 2.0, 2.0, 2.0, 2.0, 2.0, 2.0, 2.0, 2.0, 2.0, 2.0, 2.0, 2.0, 2.0, 2.0, 2.0, 2.0, 2.0, 2.0, 2.0, 2.0, 2.0, 2.0, 2.0, 2.0, 2.0, 2.0, 2.0, 2.0, 2.0, 2.0, 2.0, 2.0, 2.0, 2.0, 2.0, 2.0, 2.0, 2.0, 2.0, 2.0, 2.0, 2.0, 2.0, 2.0, 2.0, 2.0, 2.0, 2.0, 2.0, 2.0, 2.0, 2.0, 2.0, 2.0, 2.0, 2.0, 2.0, 2.0, 2.0, 2.0, 2.0, 2.0, 2.0, 2.0, 2.0, 2.0, 2.0, 2.0, 2.0, 2.0, 2.0, 2.0, 2.0, 2.0, 2.0, 2.0, 2.0, 2.0, 2.0, 2.0, 2.0, 2.0, 2.0, 2.0, 2.0, 2.0, 2.0, 2.0, 2.0, 2.0, 2.0, 2.0, 2.0, 2.0, 2.0, 2.0, 2.0, 2.0, 2.0, 2.0, 2.0, 2.0, 2.0, 2.0, 2.0, 2.0, 2.0, 2.0, 2.0, 2.0, 2.0, 2.0, 2.0, 2.0, 2.0, 2.0, 2.0, 2.0, 2.0, 2.0, 2.0, 2.0, 2.0, 2.0, 2.0, 2.0, 2.0, 2.0, 2.0, 2.0, 2.0, 2.0, 2.0, 2.0, 2.0, 2.0, 2.0, 2.0, 2.0, 2.0, 2.0, 2.0, 2.0, 2.0, 2.0, 2.0, 2.0, 2.0, 2.0, 2.0, 2.0, 2.0, 2.0, 2.0, 2.0, 2.0, 2.0, 2.0, 2.0, 2.0, 2.0, 2.0, 2.0, 2.0, 2.0, 2.0, 2.0, 2.0, 2.0, 2.0, 2.0, 2.0, 2.0, 2.0, 2.0, 2.0, 2.0, 2.0, 2.0, 2.0, 2.0, 2.0, 2.0, 2.0, 2.0, 2.0, 2.0, 2.0, 2.0, 2.0, 2.0, 2.0, 2.0, 2.0, 2.0, 2.0, 2.0, 2.0, 2.0, 2.0, 2.0, 2.0, 2.0, 2.0, 2.0, 2.0, 2.0, 2.0, 2.0, 2.0, 2.0, 2.0, 2.0, 2.0, 2.0, 2.0, 2.0, 2.0, 2.0, 2.0, 2.0, 2.0, 2.0, 2.0, 2.0, 2.0, 2.0, 2.0, 2.0, 2.0, 2.0, 2.0, 2.0, 2.0, 2.0, 2.0, 2.0, 2.0, 2.0, 2.0, 2.0, 2.0, 2.0, 2.0, 2.0, 2.0, 2.0, 2.0, 2.0, 2.0, 2.0, 2.0, 2.0, 2.0, 2.0, 2.0, 2.0, 2.0, 2.0, 2.0, 2.0, 2.0, 2.0, 2.0, 2.0, 2.0, 2.0, 2.0, 2.0, 2.0, 2.0, 2.0, 2.0, 2.0, 2.0, 2.0, 2.0, 2.0, 2.0, 2.0, 2.0, 2.0, 2.0, 2.0, 2.0, 2.0, 2.0, 2.0, 2.0, 2.0, 2.0, 2.0, 2.0, 2.0, 2.0, 2.0, 2.0, 2.0, 2.0, 2.0, 2.0, 2.0, 2.0, 2.0, 2.0, 2.0, 2.0, 2.0, 2.0, 2.0, 2.0, 2.0, 2.0, 2.0, 2.0, 2.0, 2.0, 2.0, 2.0, 2.0, 2.0, 2.0, 2.0, 2.0, 2.0, 2.0, 2.0, 2.0, 2.0, 2.0, 2.0, 2.0, 2.0, 2.0, 2.0, 2.0, 2.0, 2.0, 2.0, 2.0, 2.0, 2.0, 2.0, 2.0, 2.0, 2.0, 2.0, 2.0, 2.0, 2.0, 2.0, 2.0, 2.0, 2.0, 2.0, 2.0, 2.0, 2.0, 2.0, 2.0, 2.0, 2.0, 2.0, 2.0, 2.0, 2.0, 2.0, 2.0, 2.0, 2.0, 2.0, 2.0, 2.0, 2.0, 2.0, 2.0, 2.0, 2.0, 2.0, 2.0, 2.0, 2.0, 2.0, 2.0, 2.0, 2.0, 2.0, 2.0, 2.0, 2.0, 2.0, 2.0, 2.0, 2.0, 2.0, 2.0, 2.0, 2.0, 2.0, 2.0, 2.0, 2.0, 2.0, 2.0, 2.0, 2.0, 2.0, 2.0, 2.0, 2.0, 2.0, 2.0, 2.0, 2.0, 2.0, 2.0, 2.0, 2.0, 2.0, 2.0, 2.0, 2.0, 2.0, 2.0, 2.0, 2.0, 2.0, 2.0, 2.0, 2.0, 2.0, 2.0, 2.0, 2.0, 2.0, 2.0, 2.0, 2.0, 2.0, 2.0, 2.0, 2.0, 2.0, 2.0, 2.0, 2.0, 2.0, 2.0, 2.0, 2.0, 2.0, 2.0, 2.0, 2.0, 2.0, 2.0, 2.0, 2.0, 2.0, 2.0, 2.0, 2.0, 2.0, 2.0, 2.0, 2.0, 2.0, 2.0, 2.0, 2.0, 2.0, 2.0]",COMPLETE
