,number,value,datetime_start,datetime_complete,duration,params_batch_size_scaler,params_constant_learning_rate,params_depth,params_epochs,params_kernel_l2,params_num_trees,params_temperature,user_attrs_accuracy_test,user_attrs_accuracy_valid,user_attrs_approximate_feature_sparsity,user_attrs_approximate_feature_sparsity_history,user_attrs_approximate_weight_sparsity,user_attrs_approximate_weight_sparsity_history,user_attrs_auc_test,user_attrs_auc_valid,user_attrs_feature_sparsity,user_attrs_feature_sparsity_history,user_attrs_num_epochs,user_attrs_val_loss_history,user_attrs_weight_sparsity,user_attrs_weight_sparsity_history,state
41,41,0.8796228310855201,2024-08-31 02:14:37.359087,2024-08-31 02:18:04.822537,0 days 00:03:27.463450,1,1.1295488160416336,3,230,0.0017594309569127866,53,0.000747905307151159,0.929,0.92,16,"[33, 27, 16, 16, 16, 16, 16, 16, 16, 16, 16, 16, 16, 16, 16, 16, 16, 16, 16, 16, 16, 16, 16, 16, 16, 16, 16, 16, 16, 16, 16, 16, 16, 16, 16, 16, 16, 16, 16, 16, 16, 16, 16, 16, 16, 16, 16, 16, 16, 16, 16, 16, 16, 16, 16, 16, 16, 16, 16, 16, 16, 16, 16, 16, 16, 16, 16, 16, 16, 16, 16, 16, 16, 16, 16, 16, 16, 16, 16, 16, 16, 16, 16, 16, 16, 16, 16, 16, 16, 16, 16, 16, 16, 16, 16, 16, 16, 16, 16, 16, 16, 16, 16, 16, 16, 16, 16, 16, 16, 16, 16, 16, 16, 16, 16, 16, 16, 16, 16, 16, 16, 16, 16, 16, 16, 16, 16, 16, 16, 16, 16, 16, 16, 16, 16, 16, 16, 16, 16, 16, 16, 16, 16, 16, 16, 16, 16, 16, 16, 16, 16, 16, 16, 16, 16, 16, 16, 16, 16, 16, 16, 16, 16, 16, 16, 16, 16, 16, 16, 16, 16, 16, 16, 16, 16, 16, 16, 16, 16, 16, 16, 16, 16, 16, 16, 16, 16, 16, 16, 16, 16, 16, 16, 16, 16, 16, 16, 16, 16, 16, 16, 16, 16, 16, 16, 16, 16, 16, 16, 16, 16, 16, 16, 16, 16, 16, 16, 16, 16, 16, 16, 16, 16, 16, 16, 16, 16, 16, 16, 16]",15.986522911051212,"[32.97574123989218, 26.983827493261455, 15.994609164420485, 15.994609164420485, 15.986522911051212, 15.991913746630727, 15.991913746630727, 15.986522911051212, 15.983827493261455, 15.994609164420485, 15.98921832884097, 15.994609164420485, 15.994609164420485, 15.98921832884097, 15.991913746630727, 15.991913746630727, 15.981132075471699, 15.98921832884097, 15.98921832884097, 15.98921832884097, 15.97843665768194, 15.97843665768194, 15.981132075471697, 15.981132075471697, 15.983827493261455, 15.98921832884097, 16.0, 15.983827493261455, 15.994609164420485, 15.98921832884097, 15.997304582210242, 15.983827493261455, 15.986522911051212, 15.98921832884097, 15.983827493261455, 15.983827493261455, 15.98921832884097, 15.991913746630727, 15.991913746630727, 16.0, 15.97843665768194, 15.994609164420485, 15.997304582210242, 15.991913746630727, 15.986522911051212, 15.983827493261455, 15.994609164420485, 15.986522911051212, 15.997304582210242, 15.986522911051212, 15.983827493261455, 15.978436657681941, 15.983827493261455, 15.98921832884097, 15.994609164420485, 15.98921832884097, 15.991913746630727, 15.983827493261455, 15.98921832884097, 15.98921832884097, 15.983827493261455, 15.986522911051212, 15.98921832884097, 15.98921832884097, 15.994609164420485, 15.997304582210242, 15.986522911051212, 15.986522911051212, 15.983827493261455, 15.981132075471697, 15.991913746630727, 15.991913746630727, 15.98921832884097, 15.991913746630727, 15.991913746630727, 15.98921832884097, 15.991913746630727, 15.983827493261455, 15.991913746630727, 15.981132075471697, 15.983827493261455, 15.98921832884097, 15.98921832884097, 15.981132075471697, 15.986522911051212, 15.991913746630727, 15.986522911051212, 15.991913746630727, 15.983827493261455, 15.991913746630727, 15.98921832884097, 15.997304582210242, 15.98921832884097, 15.991913746630727, 15.997304582210242, 15.981132075471697, 15.983827493261455, 15.994609164420485, 15.986522911051212, 15.991913746630727, 15.981132075471697, 15.986522911051212, 15.98921832884097, 15.991913746630727, 15.975741239892184, 15.986522911051212, 15.986522911051212, 15.983827493261455, 15.981132075471697, 15.981132075471697, 15.986522911051212, 15.98921832884097, 15.986522911051212, 15.991913746630727, 15.991913746630727, 15.994609164420485, 15.98921832884097, 15.98921832884097, 15.97843665768194, 15.98921832884097, 15.983827493261455, 15.986522911051212, 15.98921832884097, 15.986522911051212, 15.98921832884097, 15.981132075471697, 15.983827493261455, 15.994609164420485, 15.981132075471697, 15.991913746630727, 15.991913746630727, 15.991913746630727, 15.983827493261455, 15.98921832884097, 15.991913746630727, 15.997304582210242, 15.994609164420485, 15.97843665768194, 15.97843665768194, 15.991913746630727, 15.986522911051212, 15.983827493261455, 15.986522911051212, 15.975741239892184, 15.983827493261455, 15.994609164420485, 15.983827493261455, 15.986522911051212, 15.986522911051212, 15.983827493261455, 15.986522911051212, 15.98921832884097, 15.98921832884097, 15.983827493261455, 15.981132075471697, 15.98921832884097, 15.98921832884097, 15.986522911051212, 15.97843665768194, 15.973045822102424, 15.973045822102424, 15.975741239892182, 15.975741239892182, 15.981132075471697, 15.986522911051212, 15.986522911051212, 15.981132075471697, 15.981132075471697, 15.98921832884097, 15.986522911051212, 15.991913746630727, 15.983827493261455, 15.991913746630727, 15.983827493261455, 15.98921832884097, 15.994609164420485, 15.98921832884097, 15.991913746630727, 15.991913746630727, 15.986522911051212, 15.981132075471697, 15.97843665768194, 15.981132075471697, 15.981132075471697, 15.986522911051212, 15.981132075471697, 15.983827493261455, 15.973045822102426, 15.97843665768194, 15.97843665768194, 15.994609164420485, 15.986522911051212, 15.981132075471697, 15.975741239892182, 15.986522911051212, 15.983827493261455, 15.973045822102424, 15.981132075471699, 15.97843665768194, 15.981132075471697, 15.986522911051212, 15.97843665768194, 15.975741239892184, 15.975741239892182, 15.97843665768194, 15.981132075471697, 15.97843665768194, 15.97843665768194, 15.975741239892182, 15.975741239892182, 15.98921832884097, 15.981132075471697, 15.973045822102426, 15.97843665768194, 15.986522911051212, 15.970350404312669, 15.983827493261455, 15.986522911051212, 15.986522911051212, 15.981132075471697, 15.981132075471697, 15.983827493261455, 15.986522911051212, 15.981132075471697, 15.986522911051212, 15.98921832884097, 15.98921832884097, 15.97843665768194, 15.973045822102424, 15.986522911051212]",0.8947274994014152,0.8796228310855201,16,"[33, 27, 16, 16, 16, 16, 16, 16, 16, 16, 16, 16, 16, 16, 16, 16, 16, 16, 16, 16, 16, 16, 16, 16, 16, 16, 16, 16, 16, 16, 16, 16, 16, 16, 16, 16, 16, 16, 16, 16, 16, 16, 16, 16, 16, 16, 16, 16, 16, 16, 16, 16, 16, 16, 16, 16, 16, 16, 16, 16, 16, 16, 16, 16, 16, 16, 16, 16, 16, 16, 16, 16, 16, 16, 16, 16, 16, 16, 16, 16, 16, 16, 16, 16, 16, 16, 16, 16, 16, 16, 16, 16, 16, 16, 16, 16, 16, 16, 16, 16, 16, 16, 16, 16, 16, 16, 16, 16, 16, 16, 16, 16, 16, 16, 16, 16, 16, 16, 16, 16, 16, 16, 16, 16, 16, 16, 16, 16, 16, 16, 16, 16, 16, 16, 16, 16, 16, 16, 16, 16, 16, 16, 16, 16, 16, 16, 16, 16, 16, 16, 16, 16, 16, 16, 16, 16, 16, 16, 16, 16, 16, 16, 16, 16, 16, 16, 16, 16, 16, 16, 16, 16, 16, 16, 16, 16, 16, 16, 16, 16, 16, 16, 16, 16, 16, 16, 16, 16, 16, 16, 16, 16, 16, 16, 16, 16, 16, 16, 16, 16, 16, 16, 16, 16, 16, 16, 16, 16, 16, 16, 16, 16, 16, 16, 16, 16, 16, 16, 16, 16, 16, 16, 16, 16, 16, 16, 16, 16, 16, 16]",230,"[0.3963770568370819, 0.27600324153900146, 0.23722128570079803, 0.2279956042766571, 0.3542391061782837, 0.22871285676956177, 0.2187417596578598, 0.23686404526233673, 0.3186444342136383, 0.20218181610107422, 0.19494813680648804, 0.22607536613941193, 0.23277267813682556, 0.20450212061405182, 0.19535666704177856, 0.23411810398101807, 0.39159324765205383, 0.21836408972740173, 0.3377114236354828, 0.20015102624893188, 0.22100137174129486, 0.2047158032655716, 0.2378046214580536, 0.29456788301467896, 0.264901727437973, 0.193026602268219, 0.19457359611988068, 0.19978733360767365, 0.22418273985385895, 0.19474345445632935, 0.1865953803062439, 0.2128404676914215, 0.1983317732810974, 0.18950489163398743, 0.22428138554096222, 0.21944651007652283, 0.23586687445640564, 0.20424221456050873, 0.24463045597076416, 0.19151975214481354, 0.2156095951795578, 0.19380101561546326, 0.20623357594013214, 0.19291742146015167, 0.19265204668045044, 0.1943582147359848, 0.20261172950267792, 0.2399393618106842, 0.20331497490406036, 0.2590068280696869, 0.19454027712345123, 0.22186021506786346, 0.20787546038627625, 0.20805449783802032, 0.22106577455997467, 0.2133706510066986, 0.21156011521816254, 0.23710575699806213, 0.25164178013801575, 0.2149442881345749, 0.23355941474437714, 0.20130817592144012, 0.27509230375289917, 0.2106853425502777, 0.28304827213287354, 0.22779729962348938, 0.2314341962337494, 0.23236866295337677, 0.22297325730323792, 0.2210993766784668, 0.22523526847362518, 0.2127254605293274, 0.247381329536438, 0.2227625995874405, 0.22825798392295837, 0.23617184162139893, 0.2565516531467438, 0.24549907445907593, 0.23636600375175476, 0.23113320767879486, 0.24707156419754028, 0.2319919764995575, 0.27956143021583557, 0.27078333497047424, 0.2479645013809204, 0.23463623225688934, 0.3317123055458069, 0.2586391568183899, 0.272269070148468, 0.25965169072151184, 0.25559014081954956, 0.26856252551078796, 0.2617167532444, 0.26224184036254883, 0.3429539203643799, 0.2576916217803955, 0.2563926875591278, 0.27395039796829224, 0.2685825824737549, 0.2492368370294571, 0.4086151123046875, 0.26678332686424255, 0.25590306520462036, 0.28263795375823975, 0.2808465361595154, 0.27713146805763245, 0.2689138352870941, 0.2791537344455719, 0.35234856605529785, 0.2585478127002716, 0.28352731466293335, 0.276372492313385, 0.29574182629585266, 0.2852185070514679, 0.2902839779853821, 0.2950126528739929, 0.28271862864494324, 0.28216618299484253, 0.2781347632408142, 0.28546077013015747, 0.30891531705856323, 0.32133087515830994, 0.2852535843849182, 0.2855210602283478, 0.29200536012649536, 0.2981521487236023, 0.28110387921333313, 0.33514851331710815, 0.30478888750076294, 0.29223406314849854, 0.29748818278312683, 0.2865976393222809, 0.32032710313796997, 0.31743690371513367, 0.30822503566741943, 0.30336371064186096, 0.3004307448863983, 0.2980078458786011, 0.3006608486175537, 0.3028477430343628, 0.321440190076828, 0.33614617586135864, 0.29375529289245605, 0.29291096329689026, 0.3052568733692169, 0.31642261147499084, 0.2988038957118988, 0.3002253472805023, 0.31106406450271606, 0.3595229685306549, 0.33786964416503906, 0.3159247040748596, 0.3341710567474365, 0.30482256412506104, 0.29924777150154114, 0.3100253939628601, 0.3111557066440582, 0.310062050819397, 0.3204531967639923, 0.32178425788879395, 0.31956806778907776, 0.3609045445919037, 0.3204614222049713, 0.33356717228889465, 0.32166123390197754, 0.320801317691803, 0.325390100479126, 0.3394591808319092, 0.31606540083885193, 0.3306342363357544, 0.3259728252887726, 0.3297617435455322, 0.3257655203342438, 0.3339603543281555, 0.3204960525035858, 0.33223918080329895, 0.33054080605506897, 0.3353040814399719, 0.34986281394958496, 0.33901965618133545, 0.3463374376296997, 0.3480708599090576, 0.3662147521972656, 0.33756884932518005, 0.34216582775115967, 0.36545300483703613, 0.3465633690357208, 0.3700410723686218, 0.3454083204269409, 0.34616562724113464, 0.36795884370803833, 0.35285836458206177, 0.3553570508956909, 0.3461543023586273, 0.36498671770095825, 0.3484731912612915, 0.36822155117988586, 0.37655118107795715, 0.3513764441013336, 0.3596377670764923, 0.3638988733291626, 0.36962416768074036, 0.36439934372901917, 0.3845595419406891, 0.38651809096336365, 0.3714641332626343, 0.3758241534233093, 0.3923177421092987, 0.39215773344039917, 0.3823678493499756, 0.402883380651474, 0.3821444809436798, 0.3694570064544678, 0.4216758608818054, 0.37710776925086975, 0.40800654888153076, 0.4203331768512726, 0.41414791345596313, 0.41198527812957764, 0.3661297559738159, 0.39179134368896484, 0.4023408889770508, 0.3910287022590637, 0.39879658818244934, 0.39168497920036316, 0.3844050168991089, 0.38987377285957336, 0.39281079173088074, 0.4015747308731079, 0.4034572243690491]",16.0,"[33.0, 27.0, 16.0, 16.0, 16.0, 16.0, 16.0, 16.0, 16.0, 16.0, 16.0, 16.0, 16.0, 16.0, 16.0, 16.0, 16.0, 16.0, 16.0, 16.0, 16.0, 16.0, 16.0, 16.0, 16.0, 16.0, 16.0, 16.0, 16.0, 16.0, 16.0, 16.0, 16.0, 16.0, 16.0, 16.0, 16.0, 16.0, 16.0, 16.0, 16.0, 16.0, 16.0, 16.0, 16.0, 16.0, 16.0, 16.0, 16.0, 16.0, 16.0, 16.0, 16.0, 16.0, 16.0, 16.0, 16.0, 16.0, 16.0, 16.0, 16.0, 16.0, 16.0, 16.0, 16.0, 16.0, 16.0, 16.0, 16.0, 16.0, 16.0, 16.0, 16.0, 16.0, 16.0, 16.0, 16.0, 16.0, 16.0, 16.0, 16.0, 16.0, 16.0, 16.0, 16.0, 16.0, 16.0, 16.0, 16.0, 16.0, 16.0, 16.0, 16.0, 16.0, 16.0, 16.0, 16.0, 16.0, 16.0, 16.0, 16.0, 16.0, 16.0, 16.0, 16.0, 16.0, 16.0, 16.0, 16.0, 16.0, 16.0, 16.0, 16.0, 16.0, 16.0, 16.0, 16.0, 16.0, 16.0, 16.0, 16.0, 16.0, 16.0, 16.0, 16.0, 16.0, 16.0, 16.0, 16.0, 16.0, 16.0, 16.0, 16.0, 16.0, 16.0, 16.0, 16.0, 16.0, 16.0, 16.0, 16.0, 16.0, 16.0, 16.0, 16.0, 16.0, 16.0, 16.0, 16.0, 16.0, 16.0, 16.0, 16.0, 16.0, 16.0, 16.0, 16.0, 16.0, 16.0, 16.0, 16.0, 16.0, 16.0, 16.0, 16.0, 16.0, 16.0, 16.0, 16.0, 16.0, 16.0, 16.0, 16.0, 16.0, 16.0, 16.0, 16.0, 16.0, 16.0, 16.0, 16.0, 16.0, 16.0, 16.0, 16.0, 16.0, 16.0, 16.0, 16.0, 16.0, 16.0, 16.0, 16.0, 16.0, 16.0, 16.0, 16.0, 16.0, 16.0, 16.0, 16.0, 16.0, 16.0, 16.0, 16.0, 16.0, 16.0, 16.0, 16.0, 16.0, 16.0, 16.0, 16.0, 16.0, 16.0, 16.0, 16.0, 16.0, 16.0, 16.0, 16.0, 16.0, 16.0, 16.0, 16.0, 16.0, 16.0, 16.0, 16.0, 16.0]",COMPLETE
