,number,value,datetime_start,datetime_complete,duration,params_batch_size_scaler,params_constant_learning_rate,params_depth,params_epochs,params_kernel_l2,params_num_trees,params_temperature,user_attrs_accuracy_test,user_attrs_accuracy_valid,user_attrs_approximate_feature_sparsity,user_attrs_approximate_feature_sparsity_history,user_attrs_approximate_weight_sparsity,user_attrs_approximate_weight_sparsity_history,user_attrs_auc_test,user_attrs_auc_valid,user_attrs_feature_sparsity,user_attrs_feature_sparsity_history,user_attrs_num_epochs,user_attrs_val_loss_history,user_attrs_weight_sparsity,user_attrs_weight_sparsity_history,state
115,115,0.5,2024-08-31 05:28:20.437634,2024-08-31 05:30:20.069149,0 days 00:01:59.631515,1,1.14482137203962,1,240,0.16007952290316033,90,0.000735979335702458,0.859,0.85875,0,"[9, 4, 4, 4, 4, 4, 3, 3, 3, 3, 3, 3, 3, 3, 3, 3, 3, 2, 2, 2, 2, 2, 2, 2, 2, 2, 1, 1, 1, 1, 1, 1, 1, 1, 1, 1, 1, 1, 1, 1, 1, 1, 1, 1, 1, 1, 1, 1, 1, 1, 1, 1, 1, 1, 1, 1, 1, 1, 1, 1, 1, 2, 1, 1, 1, 1, 1, 1, 1, 1, 1, 1, 1, 1, 1, 0, 0, 0, 0, 0, 0, 0, 0, 0, 0, 0, 0, 0, 0, 0, 0, 0, 0, 0, 0, 0, 0, 0, 0, 0, 0, 0, 0, 0, 0, 0, 0, 0, 0, 0, 0, 0, 0, 0, 0, 0, 0, 0, 0, 0, 0, 0, 0, 0, 0, 0, 0, 0, 0, 0, 0, 0, 0, 0, 0, 0, 0, 0, 0, 0, 0, 0, 0, 0, 0, 0, 0, 0, 0, 0, 0, 0, 0, 0, 0, 0, 0, 0, 0, 0, 0, 0, 0, 0, 0, 0, 0, 0, 0, 0, 0, 0, 0, 0, 0, 0, 0, 0, 0, 0, 0, 0, 0, 0, 0, 0, 0, 0, 0, 0, 0, 0, 0, 0, 0, 0, 0, 0, 0, 0, 0, 0, 0, 0, 0, 0, 0, 0, 0, 0, 0, 0, 0, 0, 0, 0, 0, 0, 0, 0, 0, 0, 0, 0, 0, 0, 0, 0, 0, 0, 0, 0, 0, 0, 0, 0, 0, 0, 0, 0]",0.0,"[9.0, 4.0, 4.0, 4.0, 4.0, 4.0, 3.0, 3.0, 3.0, 2.966666666666667, 2.966666666666667, 2.911111111111111, 2.677777777777778, 1.9222222222222223, 1.7222222222222223, 1.6555555555555557, 1.3222222222222222, 0.8666666666666667, 0.24444444444444446, 0.044444444444444446, 0.044444444444444446, 0.044444444444444446, 0.03333333333333333, 0.022222222222222223, 0.022222222222222223, 0.022222222222222223, 0.011111111111111112, 0.011111111111111112, 0.011111111111111112, 0.011111111111111112, 0.011111111111111112, 0.011111111111111112, 0.011111111111111112, 0.011111111111111112, 0.011111111111111112, 0.011111111111111112, 0.011111111111111112, 0.011111111111111112, 0.011111111111111112, 0.011111111111111112, 0.011111111111111112, 0.011111111111111112, 0.011111111111111112, 0.011111111111111112, 0.011111111111111112, 0.011111111111111112, 0.011111111111111112, 0.011111111111111112, 0.011111111111111112, 0.011111111111111112, 0.011111111111111112, 0.011111111111111112, 0.011111111111111112, 0.011111111111111112, 0.011111111111111112, 0.011111111111111112, 0.011111111111111112, 0.011111111111111112, 0.011111111111111112, 0.011111111111111112, 0.011111111111111112, 0.022222222222222223, 0.011111111111111112, 0.011111111111111112, 0.011111111111111112, 0.011111111111111112, 0.011111111111111112, 0.011111111111111112, 0.011111111111111112, 0.011111111111111112, 0.011111111111111112, 0.011111111111111112, 0.011111111111111112, 0.011111111111111112, 0.011111111111111112, 0.0, 0.0, 0.0, 0.0, 0.0, 0.0, 0.0, 0.0, 0.0, 0.0, 0.0, 0.0, 0.0, 0.0, 0.0, 0.0, 0.0, 0.0, 0.0, 0.0, 0.0, 0.0, 0.0, 0.0, 0.0, 0.0, 0.0, 0.0, 0.0, 0.0, 0.0, 0.0, 0.0, 0.0, 0.0, 0.0, 0.0, 0.0, 0.0, 0.0, 0.0, 0.0, 0.0, 0.0, 0.0, 0.0, 0.0, 0.0, 0.0, 0.0, 0.0, 0.0, 0.0, 0.0, 0.0, 0.0, 0.0, 0.0, 0.0, 0.0, 0.0, 0.0, 0.0, 0.0, 0.0, 0.0, 0.0, 0.0, 0.0, 0.0, 0.0, 0.0, 0.0, 0.0, 0.0, 0.0, 0.0, 0.0, 0.0, 0.0, 0.0, 0.0, 0.0, 0.0, 0.0, 0.0, 0.0, 0.0, 0.0, 0.0, 0.0, 0.0, 0.0, 0.0, 0.0, 0.0, 0.0, 0.0, 0.0, 0.0, 0.0, 0.0, 0.0, 0.0, 0.0, 0.0, 0.0, 0.0, 0.0, 0.0, 0.0, 0.0, 0.0, 0.0, 0.0, 0.0, 0.0, 0.0, 0.0, 0.0, 0.0, 0.0, 0.0, 0.0, 0.0, 0.0, 0.0, 0.0, 0.0, 0.0, 0.0, 0.0, 0.0, 0.0, 0.0, 0.0, 0.0, 0.0, 0.0, 0.0, 0.0, 0.0, 0.0, 0.0, 0.0, 0.0, 0.0, 0.0, 0.0, 0.0, 0.0, 0.0, 0.0, 0.0, 0.0, 0.0, 0.0, 0.0, 0.0, 0.0, 0.0, 0.0, 0.0, 0.0, 0.0]",0.5,0.5,0,"[9, 4, 4, 4, 4, 4, 3, 3, 3, 3, 3, 3, 3, 3, 3, 3, 3, 2, 2, 2, 2, 2, 2, 2, 2, 2, 1, 1, 1, 1, 1, 1, 1, 1, 1, 1, 1, 1, 1, 1, 1, 1, 1, 1, 1, 1, 1, 1, 1, 1, 1, 1, 1, 1, 1, 1, 1, 1, 1, 1, 1, 2, 1, 1, 1, 1, 1, 1, 1, 1, 1, 1, 1, 1, 1, 0, 0, 0, 0, 0, 0, 0, 0, 0, 0, 0, 0, 0, 0, 0, 0, 0, 0, 0, 0, 0, 0, 0, 0, 0, 0, 0, 0, 0, 0, 0, 0, 0, 0, 0, 0, 0, 0, 0, 0, 0, 0, 0, 0, 0, 0, 0, 0, 0, 0, 0, 0, 0, 0, 0, 0, 0, 0, 0, 0, 0, 0, 0, 0, 0, 0, 0, 0, 0, 0, 0, 0, 0, 0, 0, 0, 0, 0, 0, 0, 0, 0, 0, 0, 0, 0, 0, 0, 0, 0, 0, 0, 0, 0, 0, 0, 0, 0, 0, 0, 0, 0, 0, 0, 0, 0, 0, 0, 0, 0, 0, 0, 0, 0, 0, 0, 0, 0, 0, 0, 0, 0, 0, 0, 0, 0, 0, 0, 0, 0, 0, 0, 0, 0, 0, 0, 0, 0, 0, 0, 0, 0, 0, 0, 0, 0, 0, 0, 0, 0, 0, 0, 0, 0, 0, 0, 0, 0, 0, 0, 0, 0, 0, 0, 0]",240,"[4.79870080947876, 1.0893123149871826, 7.939182281494141, 7.713891983032227, 3.0177066326141357, 1.1532562971115112, 12.273526191711426, 3.1600735187530518, 6.444265365600586, 1.0439846515655518, 1.3856958150863647, 2.500340461730957, 1.6257195472717285, 1.1853444576263428, 1.468807339668274, 1.3581154346466064, 1.7417426109313965, 12.633890151977539, 6.124833583831787, 5.936578750610352, 6.270270824432373, 4.619648456573486, 1.076461911201477, 1.263810157775879, 2.531888484954834, 6.586303234100342, 2.943626642227173, 4.517918586730957, 6.755103588104248, 9.135210037231445, 6.15566873550415, 7.486944198608398, 3.480896234512329, 11.584039688110352, 1.809719204902649, 3.467460870742798, 7.253034591674805, 11.427947044372559, 5.790002346038818, 3.8462975025177, 11.842979431152344, 5.0483174324035645, 0.5178015232086182, 11.427189826965332, 6.166274547576904, 1.1412185430526733, 4.6007771492004395, 0.8967212438583374, 5.3688554763793945, 1.4213885068893433, 5.1623053550720215, 6.310532093048096, 5.146864414215088, 12.533539772033691, 0.7660434246063232, 1.485318899154663, 7.174701690673828, 2.8339948654174805, 1.8126819133758545, 3.2213683128356934, 3.305013656616211, 7.084676742553711, 7.004205703735352, 5.221780776977539, 7.0053534507751465, 1.198987364768982, 0.7933738827705383, 8.688827514648438, 9.677628517150879, 3.28411865234375, 1.5076175928115845, 6.6915283203125, 1.0195847749710083, 10.442627906799316, 9.123917579650879, 21.87948989868164, 5.48696231842041, 4.805375576019287, 10.237245559692383, 9.779640197753906, 0.9078643321990967, 4.08094596862793, 7.4805803298950195, 1.2766010761260986, 7.679103374481201, 8.373135566711426, 4.00857400894165, 0.796769380569458, 12.834753036499023, 7.116982936859131, 1.784812569618225, 5.408761024475098, 10.07751178741455, 3.93953013420105, 10.0469331741333, 10.984046936035156, 5.094335556030273, 7.3850860595703125, 4.485349655151367, 7.6541008949279785, 10.103443145751953, 2.6999199390411377, 5.558463096618652, 6.701513767242432, 8.207298278808594, 4.499923229217529, 0.4524539113044739, 5.558248996734619, 10.654318809509277, 0.9281212091445923, 0.9967467784881592, 14.0382719039917, 0.8442142009735107, 0.6826626658439636, 2.773469924926758, 0.7913478016853333, 0.818203866481781, 3.787583112716675, 5.563445568084717, 5.350065231323242, 10.183206558227539, 1.1641677618026733, 5.249570369720459, 4.612320423126221, 3.3669955730438232, 10.854750633239746, 2.3803865909576416, 9.250308990478516, 4.643754959106445, 3.3931589126586914, 3.7795000076293945, 4.708910942077637, 0.9192734360694885, 2.769047260284424, 10.063199043273926, 9.99093246459961, 6.402888298034668, 9.066692352294922, 8.895743370056152, 3.6639633178710938, 1.892560601234436, 9.197412490844727, 10.167096138000488, 1.3538033962249756, 1.8860657215118408, 8.19381332397461, 4.143524169921875, 8.101119041442871, 4.650040149688721, 8.204479217529297, 10.236432075500488, 6.722548961639404, 4.332705497741699, 8.705862998962402, 3.52463960647583, 0.9221231937408447, 9.281974792480469, 6.575862884521484, 1.4246248006820679, 7.1102752685546875, 1.9226925373077393, 17.505434036254883, 8.228958129882812, 6.576837062835693, 9.15301513671875, 2.6663570404052734, 10.160869598388672, 11.157453536987305, 11.766241073608398, 3.599653720855713, 1.962875247001648, 3.565413236618042, 0.5056424736976624, 10.148191452026367, 2.821429491043091, 1.9653804302215576, 4.660953044891357, 8.29464340209961, 7.6725311279296875, 8.612792015075684, 16.177997589111328, 3.6076314449310303, 3.7076902389526367, 6.576633453369141, 13.833643913269043, 7.059324264526367, 1.038393497467041, 1.423978567123413, 4.929140090942383, 2.726325273513794, 8.189695358276367, 4.590463161468506, 2.389549732208252, 2.288973569869995, 2.784341812133789, 4.148746490478516, 6.183069229125977, 4.586062908172607, 10.236927032470703, 9.267585754394531, 7.232326507568359, 12.861858367919922, 8.34754467010498, 3.7160964012145996, 1.0668623447418213, 0.9052082896232605, 10.969866752624512, 11.868356704711914, 9.1118803024292, 4.96177864074707, 8.156463623046875, 0.6659297943115234, 9.940078735351562, 11.897879600524902, 4.5600786209106445, 11.989917755126953, 11.449728012084961, 7.212125778198242, 4.742899417877197, 0.5778210163116455, 8.291237831115723, 7.085052013397217, 0.6550912261009216, 10.329665184020996, 5.638723373413086, 0.9146008491516113, 9.66486644744873, 11.109222412109375, 12.960663795471191, 1.0230321884155273, 10.417701721191406, 11.168872833251953, 6.4124603271484375, 9.542840003967285, 2.492661237716675, 5.577612400054932, 1.902470350265503, 0.7840104699134827, 1.0247689485549927, 5.650564193725586]",0.0,"[9.0, 4.0, 4.0, 4.0, 4.0, 4.0, 3.0, 3.0, 3.0, 3.0, 3.0, 3.0, 3.0, 3.0, 3.0, 3.0, 3.0, 2.0, 2.0, 2.0, 2.0, 2.0, 2.0, 2.0, 2.0, 2.0, 1.0, 1.0, 1.0, 1.0, 1.0, 1.0, 1.0, 1.0, 1.0, 1.0, 1.0, 1.0, 1.0, 1.0, 1.0, 1.0, 1.0, 1.0, 1.0, 1.0, 1.0, 1.0, 1.0, 1.0, 1.0, 1.0, 1.0, 1.0, 1.0, 1.0, 1.0, 1.0, 1.0, 1.0, 1.0, 2.0, 1.0, 1.0, 1.0, 1.0, 1.0, 1.0, 1.0, 1.0, 1.0, 1.0, 1.0, 1.0, 1.0, 0.0, 0.0, 0.0, 0.0, 0.0, 0.0, 0.0, 0.0, 0.0, 0.0, 0.0, 0.0, 0.0, 0.0, 0.0, 0.0, 0.0, 0.0, 0.0, 0.0, 0.0, 0.0, 0.0, 0.0, 0.0, 0.0, 0.0, 0.0, 0.0, 0.0, 0.0, 0.0, 0.0, 0.0, 0.0, 0.0, 0.0, 0.0, 0.0, 0.0, 0.0, 0.0, 0.0, 0.0, 0.0, 0.0, 0.0, 0.0, 0.0, 0.0, 0.0, 0.0, 0.0, 0.0, 0.0, 0.0, 0.0, 0.0, 0.0, 0.0, 0.0, 0.0, 0.0, 0.0, 0.0, 0.0, 0.0, 0.0, 0.0, 0.0, 0.0, 0.0, 0.0, 0.0, 0.0, 0.0, 0.0, 0.0, 0.0, 0.0, 0.0, 0.0, 0.0, 0.0, 0.0, 0.0, 0.0, 0.0, 0.0, 0.0, 0.0, 0.0, 0.0, 0.0, 0.0, 0.0, 0.0, 0.0, 0.0, 0.0, 0.0, 0.0, 0.0, 0.0, 0.0, 0.0, 0.0, 0.0, 0.0, 0.0, 0.0, 0.0, 0.0, 0.0, 0.0, 0.0, 0.0, 0.0, 0.0, 0.0, 0.0, 0.0, 0.0, 0.0, 0.0, 0.0, 0.0, 0.0, 0.0, 0.0, 0.0, 0.0, 0.0, 0.0, 0.0, 0.0, 0.0, 0.0, 0.0, 0.0, 0.0, 0.0, 0.0, 0.0, 0.0, 0.0, 0.0, 0.0, 0.0, 0.0, 0.0, 0.0, 0.0, 0.0, 0.0, 0.0, 0.0, 0.0, 0.0, 0.0, 0.0, 0.0, 0.0, 0.0, 0.0]",COMPLETE
