,number,value,datetime_start,datetime_complete,duration,params_batch_size_scaler,params_constant_learning_rate,params_depth,params_epochs,params_kernel_l2,params_num_trees,params_temperature,user_attrs_accuracy_test,user_attrs_accuracy_valid,user_attrs_approximate_feature_sparsity,user_attrs_approximate_feature_sparsity_history,user_attrs_approximate_weight_sparsity,user_attrs_approximate_weight_sparsity_history,user_attrs_auc_test,user_attrs_auc_valid,user_attrs_feature_sparsity,user_attrs_feature_sparsity_history,user_attrs_num_epochs,user_attrs_val_loss_history,user_attrs_weight_sparsity,user_attrs_weight_sparsity_history,state
83,83,0.92481096469194,2024-08-31 03:52:08.647235,2024-08-31 03:59:14.721727,0 days 00:07:06.074492,16,1.3898932269398019,6,265,0.04447166021710893,86,0.0007631900691767868,0.946,0.94125,14,"[33, 33, 33, 33, 33, 33, 33, 33, 33, 33, 33, 33, 33, 33, 33, 33, 33, 33, 33, 33, 33, 33, 33, 33, 33, 33, 25, 21, 21, 20, 20, 17, 17, 16, 16, 15, 15, 15, 15, 15, 15, 15, 15, 15, 15, 15, 15, 15, 15, 15, 15, 15, 15, 15, 15, 15, 15, 15, 15, 15, 15, 15, 15, 15, 15, 15, 15, 15, 15, 15, 15, 15, 15, 15, 15, 15, 15, 15, 15, 15, 15, 15, 15, 15, 15, 15, 15, 15, 15, 15, 15, 15, 15, 15, 15, 15, 15, 15, 15, 15, 15, 15, 15, 15, 15, 15, 15, 15, 15, 15, 15, 15, 15, 15, 15, 15, 15, 15, 15, 15, 15, 15, 15, 15, 15, 15, 15, 15, 15, 15, 15, 15, 15, 15, 15, 15, 15, 15, 15, 15, 14, 14, 14, 14, 14, 14, 14, 14, 14, 14, 14, 14, 14, 14, 14, 14, 14, 14, 14, 14, 14, 14, 14, 14, 14, 14, 14, 14, 14, 14, 14, 14, 14, 14, 14, 14, 14, 14, 14, 14, 14, 14, 14, 14, 14, 14, 14, 14, 14, 14, 14, 14, 14, 14, 14, 14, 14, 14, 14, 14, 14, 14, 14, 14, 14, 14, 14, 14, 14, 14, 14, 14, 14, 14, 14, 14, 14, 14, 14, 14, 14, 14, 14, 14, 14, 14, 14, 14, 14, 14, 14, 14, 14, 14, 14, 14, 14, 14, 14, 14, 14, 14, 14, 14, 14, 14, 14, 14, 14, 14, 14, 14, 14, 14, 14, 14, 14, 14, 14, 14, 14, 14, 14, 14, 14]",13.963086009597637,"[32.89830195644149, 32.896456256921375, 32.89719453672942, 32.89368770764119, 32.90236249538575, 32.89405684754522, 32.89350313768919, 32.891103728313034, 32.89590254706534, 32.89645625692137, 32.895348837209305, 32.90033222591362, 32.8922111480251, 32.89885566629753, 32.900701365817646, 32.89774824658546, 32.897563676633446, 32.897563676633446, 32.90014765596161, 32.89811738648948, 32.89239571797712, 32.90107050572167, 32.903839055001846, 32.9031007751938, 32.90328534514581, 32.90494647471392, 24.928202288667407, 20.93798449612403, 20.93669250645995, 19.940383905500184, 19.936138796603913, 16.95201181247693, 16.950719822812847, 15.953303802141011, 15.955149501661129, 14.960132890365449, 14.959579180509412, 14.957918050941306, 14.9593946105574, 14.959210040605388, 14.95921004060539, 14.958102620893317, 14.958840900701365, 14.956995201181247, 14.961055740125506, 14.95828719084533, 14.958102620893317, 14.958840900701365, 14.958102620893317, 14.959210040605388, 14.958656330749353, 14.95422665190107, 14.954780361757106, 14.953303802141011, 14.9562569213732, 14.958471760797341, 14.95736434108527, 14.955518641565153, 14.959948320413435, 14.955703211517164, 14.959579180509413, 14.958102620893317, 14.96050203026947, 14.959763750461423, 14.964377999261721, 14.964747139165745, 14.961794019933555, 14.963639719453674, 14.96419342930971, 14.965854558877815, 14.961978589885568, 14.95828719084533, 14.95828719084533, 14.957733480989294, 14.95828719084533, 14.9562569213732, 14.956995201181247, 14.959025470653376, 14.959394610557402, 14.957733480989294, 14.959025470653376, 14.960502030269474, 14.961794019933553, 14.960686600221482, 14.961794019933556, 14.960686600221484, 14.959948320413435, 14.959948320413435, 14.958656330749353, 14.9593946105574, 14.959579180509412, 14.954780361757106, 14.960686600221484, 14.960686600221482, 14.958656330749353, 14.958102620893317, 14.960317460317459, 14.961794019933553, 14.960871170173494, 14.959948320413435, 14.960502030269472, 14.961978589885566, 14.960871170173496, 14.962716869693613, 14.963086009597639, 14.96105574012551, 14.962347729789588, 14.964562569213733, 14.961794019933556, 14.964931709117755, 14.965854558877815, 14.964193429309708, 14.963824289405686, 14.962901439645625, 14.96530084902178, 14.962163159837578, 14.961055740125508, 14.962347729789592, 14.961240310077518, 14.961609449981541, 14.96327057954965, 14.963270579549647, 14.959763750461422, 14.960317460317459, 14.959763750461423, 14.959948320413437, 14.959579180509412, 14.9625322997416, 14.960686600221482, 14.961424880029533, 14.961794019933555, 14.963639719453672, 14.960871170173496, 14.961055740125508, 14.958840900701366, 14.96124031007752, 14.962901439645625, 14.961978589885568, 14.96511627906977, 14.958840900701368, 13.963824289405684, 13.964193429309708, 13.963639719453672, 13.961978589885566, 13.960502030269472, 13.961978589885566, 13.96640826873385, 13.966039128829825, 13.965116279069766, 13.96345514950166, 13.964008859357696, 13.963824289405686, 13.96640826873385, 13.963824289405684, 13.96345514950166, 13.965669988925804, 13.964747139165743, 13.962901439645625, 13.964193429309708, 13.964747139165743, 13.966961978589886, 13.966777408637874, 13.968992248062017, 13.96751568844592, 13.968623108157992, 13.968438538205982, 13.966961978589884, 13.965669988925802, 13.966223698781839, 13.967700258397931, 13.966408268733849, 13.96530084902178, 13.962716869693613, 13.96345514950166, 13.964931709117756, 13.964193429309708, 13.965854558877814, 13.96640826873385, 13.963270579549649, 13.962163159837578, 13.967146548541898, 13.960871170173496, 13.96216315983758, 13.958840900701365, 13.959948320413435, 13.960317460317459, 13.962532299741602, 13.962716869693613, 13.962901439645625, 13.964747139165743, 13.965300849021778, 13.96548541897379, 13.96806939830196, 13.968623108157992, 13.967700258397933, 13.96751568844592, 13.965854558877814, 13.964931709117755, 13.964008859357696, 13.963824289405684, 13.966039128829825, 13.965485418973792, 13.966961978589886, 13.964008859357694, 13.964193429309706, 13.966961978589888, 13.964377999261718, 13.963639719453674, 13.964008859357696, 13.964008859357694, 13.962347729789588, 13.96142488002953, 13.963455149501659, 13.964008859357696, 13.965300849021778, 13.961794019933555, 13.962347729789588, 13.96437799926172, 13.966777408637872, 13.967884828349945, 13.968253968253967, 13.966223698781837, 13.966408268733849, 13.964747139165743, 13.964193429309708, 13.96548541897379, 13.964747139165745, 13.965854558877815, 13.966039128829825, 13.965854558877815, 13.96530084902178, 13.963270579549649, 13.963086009597637, 13.966777408637874, 13.966039128829827, 13.966039128829827, 13.961609449981543, 13.964747139165743, 13.965116279069766, 13.966408268733849, 13.96548541897379, 13.967515688445923, 13.968253968253968, 13.965485418973792, 13.966223698781837, 13.967331118493908, 13.965116279069766, 13.964931709117755, 13.96659283868586, 13.966777408637872, 13.968253968253968, 13.965669988925802, 13.966039128829825, 13.965300849021778, 13.96530084902178, 13.96345514950166, 13.966777408637872, 13.96234772978959, 13.961424880029531, 13.963824289405684, 13.961055740125508, 13.963824289405684, 13.962901439645625, 13.963086009597637, 13.963086009597637]",0.917898925849784,0.92481096469194,14,"[33, 33, 33, 33, 33, 33, 33, 33, 33, 33, 33, 33, 33, 33, 33, 33, 33, 33, 33, 33, 33, 33, 33, 33, 33, 33, 25, 21, 21, 20, 20, 17, 17, 16, 16, 15, 15, 15, 15, 15, 15, 15, 15, 15, 15, 15, 15, 15, 15, 15, 15, 15, 15, 15, 15, 15, 15, 15, 15, 15, 15, 15, 15, 15, 15, 15, 15, 15, 15, 15, 15, 15, 15, 15, 15, 15, 15, 15, 15, 15, 15, 15, 15, 15, 15, 15, 15, 15, 15, 15, 15, 15, 15, 15, 15, 15, 15, 15, 15, 15, 15, 15, 15, 15, 15, 15, 15, 15, 15, 15, 15, 15, 15, 15, 15, 15, 15, 15, 15, 15, 15, 15, 15, 15, 15, 15, 15, 15, 15, 15, 15, 15, 15, 15, 15, 15, 15, 15, 15, 15, 14, 14, 14, 14, 14, 14, 14, 14, 14, 14, 14, 14, 14, 14, 14, 14, 14, 14, 14, 14, 14, 14, 14, 14, 14, 14, 14, 14, 14, 14, 14, 14, 14, 14, 14, 14, 14, 14, 14, 14, 14, 14, 14, 14, 14, 14, 14, 14, 14, 14, 14, 14, 14, 14, 14, 14, 14, 14, 14, 14, 14, 14, 14, 14, 14, 14, 14, 14, 14, 14, 14, 14, 14, 14, 14, 14, 14, 14, 14, 14, 14, 14, 14, 14, 14, 14, 14, 14, 14, 14, 14, 14, 14, 14, 14, 14, 14, 14, 14, 14, 14, 14, 14, 14, 14, 14, 14, 14, 14, 14, 14, 14, 14, 14, 14, 14, 14, 14, 14, 14, 14, 14, 14, 14, 14]",265,"[0.38986361026763916, 0.38008609414100647, 0.3783350884914398, 0.36995628476142883, 0.3666225075721741, 0.36368095874786377, 0.36123189330101013, 0.35914888978004456, 0.35667845606803894, 0.35406723618507385, 0.35193032026290894, 0.34955504536628723, 0.34730565547943115, 0.3447994291782379, 0.3459438383579254, 0.34079036116600037, 0.34042975306510925, 0.3367694020271301, 0.3345407247543335, 0.33156248927116394, 0.3310895562171936, 0.33093342185020447, 0.32347336411476135, 0.32125604152679443, 0.3175463080406189, 0.3146970272064209, 0.311861515045166, 0.30851295590400696, 0.3040381371974945, 0.298833966255188, 0.2963896691799164, 0.29513928294181824, 0.2931779623031616, 0.292099267244339, 0.2846662700176239, 0.2811534106731415, 0.27805599570274353, 0.2752145528793335, 0.27136075496673584, 0.2685181498527527, 0.2670272886753082, 0.26492199301719666, 0.26139339804649353, 0.25902438163757324, 0.2595630884170532, 0.25486648082733154, 0.2538498342037201, 0.2533751428127289, 0.2503317892551422, 0.24912172555923462, 0.24752186238765717, 0.24557577073574066, 0.24506595730781555, 0.24202093482017517, 0.24054324626922607, 0.23953691124916077, 0.23878812789916992, 0.23710604012012482, 0.23699691891670227, 0.2355414181947708, 0.23416276276111603, 0.23230251669883728, 0.23119032382965088, 0.234232097864151, 0.22971801459789276, 0.22905497252941132, 0.22756868600845337, 0.22635658085346222, 0.2275937795639038, 0.22817295789718628, 0.2237510234117508, 0.22523441910743713, 0.2227727770805359, 0.2219693958759308, 0.22183091938495636, 0.22014889121055603, 0.21940754354000092, 0.21808673441410065, 0.2182299792766571, 0.2165144681930542, 0.21586763858795166, 0.21543902158737183, 0.21524204313755035, 0.21419723331928253, 0.2147453874349594, 0.21322108805179596, 0.2121364027261734, 0.21228913962841034, 0.21234790980815887, 0.21087218821048737, 0.2103116661310196, 0.20920707285404205, 0.20881614089012146, 0.20738017559051514, 0.20760869979858398, 0.2077760100364685, 0.20720511674880981, 0.2060927003622055, 0.20565591752529144, 0.2060679942369461, 0.20470565557479858, 0.20693759620189667, 0.20406728982925415, 0.20352692902088165, 0.204060360789299, 0.20709571242332458, 0.20232468843460083, 0.20174269378185272, 0.20029258728027344, 0.2033708542585373, 0.20005464553833008, 0.20086252689361572, 0.20037922263145447, 0.19867877662181854, 0.20107896625995636, 0.19834037125110626, 0.19893600046634674, 0.1994604468345642, 0.19848589599132538, 0.19862054288387299, 0.1986997276544571, 0.19734889268875122, 0.19730617105960846, 0.1962091028690338, 0.19786480069160461, 0.1950695961713791, 0.19673486053943634, 0.19504885375499725, 0.19672101736068726, 0.19494667649269104, 0.1934386044740677, 0.1950874775648117, 0.19846300780773163, 0.19432953000068665, 0.19412603974342346, 0.19341222941875458, 0.19411414861679077, 0.19321931898593903, 0.19321896135807037, 0.19930988550186157, 0.2012578845024109, 0.1955946534872055, 0.1939922571182251, 0.19429396092891693, 0.1914244294166565, 0.1921212375164032, 0.19148769974708557, 0.19075769186019897, 0.19104255735874176, 0.1907995194196701, 0.19059833884239197, 0.1940830945968628, 0.1889786720275879, 0.19165979325771332, 0.18959039449691772, 0.18938595056533813, 0.18949386477470398, 0.18830767273902893, 0.18933092057704926, 0.188987597823143, 0.18830986320972443, 0.1876126080751419, 0.18788322806358337, 0.1881837695837021, 0.188483327627182, 0.19020947813987732, 0.18960456550121307, 0.1862412840127945, 0.18633240461349487, 0.18598264455795288, 0.18699033558368683, 0.1857336163520813, 0.18529284000396729, 0.1854470819234848, 0.1891629546880722, 0.1841665506362915, 0.18573085963726044, 0.18500164151191711, 0.18414679169654846, 0.18410296738147736, 0.1880658119916916, 0.18336975574493408, 0.18557243049144745, 0.18352125585079193, 0.18306386470794678, 0.182787224650383, 0.18968616425991058, 0.18647699058055878, 0.18712979555130005, 0.18306171894073486, 0.188624307513237, 0.18209153413772583, 0.18489503860473633, 0.18412469327449799, 0.18439537286758423, 0.1818140596151352, 0.18190479278564453, 0.18136438727378845, 0.1823652684688568, 0.18070600926876068, 0.18534906208515167, 0.18143270909786224, 0.18057548999786377, 0.1813591718673706, 0.1805923581123352, 0.1858735829591751, 0.18028533458709717, 0.18376654386520386, 0.18003059923648834, 0.1797778159379959, 0.18079040944576263, 0.17986378073692322, 0.18373386561870575, 0.18028795719146729, 0.17895303666591644, 0.17974981665611267, 0.18063728511333466, 0.1784188598394394, 0.1797332614660263, 0.1788550168275833, 0.178042471408844, 0.17846016585826874, 0.18022501468658447, 0.17924369871616364, 0.17779453098773956, 0.178676038980484, 0.17862768471240997, 0.17748034000396729, 0.17879582941532135, 0.17863516509532928, 0.17791791260242462, 0.1806192845106125, 0.17829647660255432, 0.1780642867088318, 0.17817994952201843, 0.17687959969043732, 0.1783754676580429, 0.17705899477005005, 0.17793351411819458, 0.17635303735733032, 0.18011973798274994, 0.1760236769914627, 0.17793285846710205, 0.17665334045886993, 0.17638474702835083, 0.17641621828079224, 0.17564550042152405, 0.17615513503551483, 0.17578333616256714, 0.17561230063438416, 0.17887532711029053, 0.17526094615459442, 0.1769486665725708, 0.17707960307598114, 0.17622829973697662, 0.17523141205310822, 0.17699562013149261, 0.17956586182117462, 0.17572252452373505, 0.17481127381324768, 0.17558276653289795, 0.1784389466047287, 0.17607451975345612, 0.17917412519454956, 0.17519335448741913]",14.0,"[33.0, 33.0, 33.0, 33.0, 33.0, 33.0, 33.0, 33.0, 33.0, 33.0, 33.0, 33.0, 33.0, 33.0, 33.0, 33.0, 33.0, 33.0, 33.0, 33.0, 33.0, 33.0, 33.0, 33.0, 33.0, 33.0, 25.0, 21.0, 21.0, 20.0, 20.0, 17.0, 17.0, 16.0, 16.0, 15.0, 15.0, 15.0, 15.0, 15.0, 15.0, 15.0, 15.0, 15.0, 15.0, 15.0, 15.0, 15.0, 15.0, 15.0, 15.0, 15.0, 15.0, 15.0, 15.0, 15.0, 15.0, 15.0, 15.0, 15.0, 15.0, 15.0, 15.0, 15.0, 15.0, 15.0, 15.0, 15.0, 15.0, 15.0, 15.0, 15.0, 15.0, 15.0, 15.0, 15.0, 15.0, 15.0, 15.0, 15.0, 15.0, 15.0, 15.0, 15.0, 15.0, 15.0, 15.0, 15.0, 15.0, 15.0, 15.0, 15.0, 15.0, 15.0, 15.0, 15.0, 15.0, 15.0, 15.0, 15.0, 15.0, 15.0, 15.0, 15.0, 15.0, 15.0, 15.0, 15.0, 15.0, 15.0, 15.0, 15.0, 15.0, 15.0, 15.0, 15.0, 15.0, 15.0, 15.0, 15.0, 15.0, 15.0, 15.0, 15.0, 15.0, 15.0, 15.0, 15.0, 15.0, 15.0, 15.0, 15.0, 15.0, 15.0, 15.0, 15.0, 15.0, 15.0, 15.0, 15.0, 14.0, 14.0, 14.0, 14.0, 14.0, 14.0, 14.0, 14.0, 14.0, 14.0, 14.0, 14.0, 14.0, 14.0, 14.0, 14.0, 14.0, 14.0, 14.0, 14.0, 14.0, 14.0, 14.0, 14.0, 14.0, 14.0, 14.0, 14.0, 14.0, 14.0, 14.0, 14.0, 14.0, 14.0, 14.0, 14.0, 14.0, 14.0, 14.0, 14.0, 14.0, 14.0, 14.0, 14.0, 14.0, 14.0, 14.0, 14.0, 14.0, 14.0, 14.0, 14.0, 14.0, 14.0, 14.0, 14.0, 14.0, 14.0, 14.0, 14.0, 14.0, 14.0, 14.0, 14.0, 14.0, 14.0, 14.0, 14.0, 14.0, 14.0, 14.0, 14.0, 14.0, 14.0, 14.0, 14.0, 14.0, 14.0, 14.0, 14.0, 14.0, 14.0, 14.0, 14.0, 14.0, 14.0, 14.0, 14.0, 14.0, 14.0, 14.0, 14.0, 14.0, 14.0, 14.0, 14.0, 14.0, 14.0, 14.0, 14.0, 14.0, 14.0, 14.0, 14.0, 14.0, 14.0, 14.0, 14.0, 14.0, 14.0, 14.0, 14.0, 14.0, 14.0, 14.0, 14.0, 14.0, 14.0, 14.0, 14.0, 14.0, 14.0, 14.0, 14.0, 14.0]",COMPLETE
84,84,0.5,2024-08-31 03:59:17.742418,2024-08-31 03:59:44.987405,0 days 00:00:27.244987,1,5.732957608890084,1,55,0.19945711999052415,57,0.0037800165678581947,0.859,0.85875,5,"[18, 15, 7, 5, 4, 8, 1, 1, 2, 4, 3, 9, 5, 7, 6, 4, 2, 1, 3, 5, 2, 1, 7, 5, 5, 6, 4, 2, 10, 6, 9, 3, 5, 1, 1, 2, 3, 10, 2, 5, 5, 1, 1, 4, 4, 4, 13, 6, 2, 2, 8, 3, 1, 3, 5]",4.859649122807017,"[18.0, 15.0, 6.87719298245614, 4.912280701754385, 3.9298245614035086, 7.8245614035087705, 0.9824561403508771, 0.9824561403508771, 1.9649122807017543, 3.9298245614035086, 2.9473684210526314, 8.789473684210526, 4.912280701754385, 6.8771929824561395, 5.894736842105263, 3.9122807017543857, 1.9649122807017543, 0.9824561403508771, 2.9473684210526314, 4.912280701754385, 1.9649122807017543, 0.9824561403508771, 6.87719298245614, 4.912280701754385, 4.912280701754385, 5.894736842105262, 3.9298245614035086, 1.9649122807017543, 9.824561403508772, 5.894736842105263, 8.842105263157894, 2.8947368421052633, 4.824561403508772, 0.9649122807017544, 0.9649122807017544, 1.9298245614035088, 2.8947368421052633, 9.649122807017545, 1.9298245614035088, 4.824561403508772, 4.807017543859649, 0.9649122807017544, 0.9649122807017544, 3.8596491228070176, 3.8596491228070176, 3.8596491228070176, 12.543859649122808, 5.7894736842105265, 1.9298245614035088, 1.9298245614035088, 7.719298245614035, 2.8947368421052633, 0.9649122807017544, 2.8947368421052633, 4.859649122807017]",0.5,0.5,5,"[18, 15, 7, 5, 4, 8, 1, 1, 2, 4, 3, 9, 5, 7, 6, 4, 2, 1, 3, 5, 2, 1, 7, 5, 5, 6, 4, 2, 10, 6, 9, 3, 5, 1, 1, 2, 3, 10, 2, 5, 5, 1, 1, 4, 4, 4, 13, 6, 2, 2, 8, 3, 1, 3, 5]",55,"[18.9210147857666, 7.2573041915893555, 10.04894733428955, 32.68123245239258, 37.02293395996094, 62.347347259521484, 55.69865417480469, 17.168258666992188, 53.34751510620117, 59.835472106933594, 40.921348571777344, 42.29792404174805, 13.009736061096191, 29.192768096923828, 10.532501220703125, 44.51581954956055, 33.19537353515625, 4.561066150665283, 14.72500228881836, 26.948854446411133, 28.130762100219727, 1.297652006149292, 21.379243850708008, 16.932035446166992, 48.77652359008789, 60.63689422607422, 18.297765731811523, 40.878536224365234, 12.354192733764648, 24.207908630371094, 33.96955490112305, 25.151220321655273, 6.136078357696533, 22.851268768310547, 2.985812187194824, 5.440118312835693, 36.08552551269531, 37.51777648925781, 50.076499938964844, 37.34346389770508, 26.376188278198242, 59.2777099609375, 63.01377487182617, 37.510581970214844, 22.863691329956055, 37.552345275878906, 10.688192367553711, 68.91045379638672, 50.98643112182617, 55.378387451171875, 13.66972541809082, 13.60902214050293, 44.54557800292969, 24.935108184814453, 38.597530364990234]",5.0,"[18.0, 15.0, 7.0, 5.0, 4.0, 8.0, 1.0, 1.0, 2.0, 4.0, 3.0, 9.0, 5.0, 7.0, 6.0, 4.0, 2.0, 1.0, 3.0, 5.0, 2.0, 1.0, 7.0, 5.0, 5.0, 6.0, 4.0, 2.0, 10.0, 6.0, 9.0, 3.0, 5.0, 1.0, 1.0, 2.0, 3.0, 10.0, 2.0, 5.0, 5.0, 1.0, 1.0, 4.0, 4.0, 4.0, 13.0, 6.0, 2.0, 2.0, 8.0, 3.0, 1.0, 3.0, 5.0]",COMPLETE
