,number,value,datetime_start,datetime_complete,duration,params_batch_size_scaler,params_constant_learning_rate,params_depth,params_epochs,params_kernel_l2,params_num_trees,params_temperature,user_attrs_accuracy_test,user_attrs_accuracy_valid,user_attrs_approximate_feature_sparsity,user_attrs_approximate_feature_sparsity_history,user_attrs_approximate_weight_sparsity,user_attrs_approximate_weight_sparsity_history,user_attrs_auc_test,user_attrs_auc_valid,user_attrs_feature_sparsity,user_attrs_feature_sparsity_history,user_attrs_num_epochs,user_attrs_val_loss_history,user_attrs_weight_sparsity,user_attrs_weight_sparsity_history,state
148,148,0.8584972498099985,2024-08-31 06:56:39.182655,2024-08-31 07:01:20.800894,0 days 00:04:41.618239,4,0.0353885403065328,6,220,0.1843957394342517,20,0.029882193742796975,0.899,0.89375,33,"[33, 33, 33, 33, 33, 33, 33, 33, 33, 33, 33, 33, 33, 33, 33, 33, 33, 33, 33, 33, 33, 33, 33, 33, 33, 33, 33, 33, 33, 33, 33, 33, 33, 33, 33, 33, 33, 33, 33, 33, 33, 33, 33, 33, 33, 33, 33, 33, 33, 33, 33, 33, 33, 33, 33, 33, 33, 33, 33, 33, 33, 33, 33, 33, 33, 33, 33, 33, 33, 33, 33, 33, 33, 33, 33, 33, 33, 33, 33, 33, 33, 33, 33, 33, 33, 33, 33, 33, 33, 33, 33, 33, 33, 33, 33, 33, 33, 33, 33, 33, 33, 33, 33, 33, 33, 33, 33, 33, 33, 33, 33, 33, 33, 33, 33, 33, 33, 33, 33, 33, 33, 33, 33, 33, 33, 33, 33, 33, 33, 33, 33, 33, 33, 33, 33, 33, 33, 33, 33, 33, 33, 33, 33, 33, 33, 33, 33, 33, 33, 33, 33, 33, 33, 33, 33, 33, 33, 33, 33, 33, 33, 33, 33, 33, 33, 33, 33, 33, 33, 33, 33, 33, 33, 33, 33, 33, 33, 33, 33, 33, 33, 33, 33, 33, 33, 33, 33, 33, 33, 33, 33, 33, 33, 33, 33, 33, 33, 33, 33, 33, 33, 33, 33, 33, 33, 33, 33, 33, 33, 33, 33, 33, 33, 33, 33, 33, 33, 33, 33, 33]",32.95476190476191,"[32.9531746031746, 32.96111111111111, 32.965873015873015, 32.96190476190476, 32.958730158730155, 32.95, 32.95079365079365, 32.95952380952381, 32.955555555555556, 32.96666666666667, 32.95793650793651, 32.96111111111111, 32.95634920634921, 32.9531746031746, 32.9547619047619, 32.9515873015873, 32.95238095238095, 32.94761904761905, 32.9563492063492, 32.953968253968256, 32.96031746031746, 32.95793650793651, 32.95793650793651, 32.958730158730155, 32.9563492063492, 32.95238095238095, 32.948412698412696, 32.94285714285714, 32.94444444444444, 32.952380952380956, 32.94761904761905, 32.94761904761905, 32.95238095238095, 32.95, 32.9547619047619, 32.955555555555556, 32.96190476190476, 32.95634920634921, 32.95476190476191, 32.9563492063492, 32.95793650793651, 32.9547619047619, 32.9531746031746, 32.964285714285715, 32.95873015873016, 32.95873015873016, 32.955555555555556, 32.9531746031746, 32.95634920634921, 32.95634920634921, 32.955555555555556, 32.9515873015873, 32.945238095238096, 32.94920634920635, 32.95079365079365, 32.95238095238095, 32.9515873015873, 32.94761904761905, 32.95079365079365, 32.95238095238095, 32.9547619047619, 32.9563492063492, 32.96190476190476, 32.962698412698415, 32.964285714285715, 32.96349206349206, 32.95873015873016, 32.95873015873016, 32.96111111111111, 32.9531746031746, 32.95952380952381, 32.95396825396825, 32.95793650793651, 32.955555555555556, 32.9531746031746, 32.953968253968256, 32.9563492063492, 32.95238095238095, 32.95, 32.95634920634921, 32.95952380952381, 32.95952380952381, 32.95079365079365, 32.94920634920635, 32.94920634920635, 32.948412698412696, 32.95396825396825, 32.9515873015873, 32.94920634920635, 32.9420634920635, 32.941269841269836, 32.95079365079365, 32.946825396825396, 32.95079365079365, 32.94603174603174, 32.94126984126984, 32.948412698412696, 32.94920634920635, 32.95, 32.95079365079365, 32.95396825396825, 32.95238095238095, 32.94761904761905, 32.945238095238096, 32.94761904761905, 32.94920634920635, 32.9563492063492, 32.9515873015873, 32.948412698412696, 32.95079365079365, 32.94365079365079, 32.94603174603174, 32.94444444444444, 32.948412698412696, 32.946825396825396, 32.95, 32.953968253968256, 32.94920634920635, 32.94920634920635, 32.953968253968256, 32.955555555555556, 32.95634920634921, 32.95634920634921, 32.955555555555556, 32.962698412698415, 32.95873015873016, 32.9547619047619, 32.95634920634921, 32.957142857142856, 32.958730158730155, 32.9531746031746, 32.95793650793651, 32.955555555555556, 32.9515873015873, 32.9563492063492, 32.9531746031746, 32.96111111111111, 32.95793650793651, 32.955555555555556, 32.95079365079365, 32.9515873015873, 32.95793650793651, 32.95396825396825, 32.953968253968256, 32.953968253968256, 32.953968253968256, 32.95079365079365, 32.95634920634921, 32.9531746031746, 32.95079365079365, 32.953968253968256, 32.95079365079365, 32.94920634920635, 32.95079365079365, 32.94761904761905, 32.94603174603175, 32.946825396825396, 32.9515873015873, 32.9484126984127, 32.94444444444444, 32.93888888888889, 32.94603174603175, 32.94047619047619, 32.94047619047619, 32.94603174603174, 32.945238095238096, 32.945238095238096, 32.9531746031746, 32.950793650793656, 32.95079365079365, 32.955555555555556, 32.952380952380956, 32.948412698412696, 32.94761904761905, 32.94920634920635, 32.949999999999996, 32.94603174603174, 32.9515873015873, 32.9531746031746, 32.95, 32.95634920634921, 32.962698412698415, 32.96190476190476, 32.957142857142856, 32.953968253968256, 32.95238095238095, 32.95238095238095, 32.95238095238095, 32.9515873015873, 32.953968253968256, 32.955555555555556, 32.95079365079365, 32.955555555555556, 32.95873015873016, 32.95793650793651, 32.957142857142856, 32.948412698412696, 32.94920634920635, 32.9531746031746, 32.95, 32.95079365079365, 32.948412698412696, 32.952380952380956, 32.946825396825396, 32.946825396825396, 32.94444444444444, 32.95238095238095, 32.950793650793656, 32.945238095238096, 32.94603174603175, 32.94761904761904, 32.94761904761904, 32.945238095238096, 32.94761904761905, 32.94920634920635, 32.952380952380956, 32.9531746031746, 32.95952380952381, 32.95793650793651, 32.95476190476191]",0.8549690799957068,0.8584972498099985,33,"[33, 33, 33, 33, 33, 33, 33, 33, 33, 33, 33, 33, 33, 33, 33, 33, 33, 33, 33, 33, 33, 33, 33, 33, 33, 33, 33, 33, 33, 33, 33, 33, 33, 33, 33, 33, 33, 33, 33, 33, 33, 33, 33, 33, 33, 33, 33, 33, 33, 33, 33, 33, 33, 33, 33, 33, 33, 33, 33, 33, 33, 33, 33, 33, 33, 33, 33, 33, 33, 33, 33, 33, 33, 33, 33, 33, 33, 33, 33, 33, 33, 33, 33, 33, 33, 33, 33, 33, 33, 33, 33, 33, 33, 33, 33, 33, 33, 33, 33, 33, 33, 33, 33, 33, 33, 33, 33, 33, 33, 33, 33, 33, 33, 33, 33, 33, 33, 33, 33, 33, 33, 33, 33, 33, 33, 33, 33, 33, 33, 33, 33, 33, 33, 33, 33, 33, 33, 33, 33, 33, 33, 33, 33, 33, 33, 33, 33, 33, 33, 33, 33, 33, 33, 33, 33, 33, 33, 33, 33, 33, 33, 33, 33, 33, 33, 33, 33, 33, 33, 33, 33, 33, 33, 33, 33, 33, 33, 33, 33, 33, 33, 33, 33, 33, 33, 33, 33, 33, 33, 33, 33, 33, 33, 33, 33, 33, 33, 33, 33, 33, 33, 33, 33, 33, 33, 33, 33, 33, 33, 33, 33, 33, 33, 33, 33, 33, 33, 33, 33, 33]",220,"[0.5419991612434387, 0.4812656044960022, 0.4494127035140991, 0.4312109351158142, 0.4200081527233124, 0.4127851724624634, 0.40786492824554443, 0.4042295217514038, 0.40147554874420166, 0.39927923679351807, 0.3974275290966034, 0.39586588740348816, 0.39446163177490234, 0.3932262361049652, 0.3920849859714508, 0.3910435438156128, 0.39007171988487244, 0.38914966583251953, 0.3882947266101837, 0.3874860107898712, 0.3867177963256836, 0.38598132133483887, 0.3852800726890564, 0.3846113979816437, 0.38397160172462463, 0.3833521008491516, 0.3827548921108246, 0.38217630982398987, 0.3816239833831787, 0.3810887634754181, 0.3805663287639618, 0.38005974888801575, 0.379564106464386, 0.379088431596756, 0.37862205505371094, 0.3781636357307434, 0.3777172863483429, 0.3772778809070587, 0.37685108184814453, 0.3764323890209198, 0.37601637840270996, 0.37560713291168213, 0.37520331144332886, 0.37481334805488586, 0.3744211196899414, 0.37403348088264465, 0.3736494779586792, 0.37326911091804504, 0.37289223074913025, 0.37252095341682434, 0.3721560537815094, 0.3717840313911438, 0.3714195191860199, 0.3710579574108124, 0.370688259601593, 0.3703261911869049, 0.36996352672576904, 0.3696102797985077, 0.3692479431629181, 0.36889275908470154, 0.36853787302970886, 0.3681812584400177, 0.3678152561187744, 0.3674660921096802, 0.3671030104160309, 0.3667396903038025, 0.36637794971466064, 0.36601758003234863, 0.36566370725631714, 0.36530035734176636, 0.36493074893951416, 0.3645645081996918, 0.36419567465782166, 0.363834410905838, 0.3634614050388336, 0.3630874752998352, 0.36271438002586365, 0.3623451888561249, 0.36196666955947876, 0.3615871071815491, 0.3612039089202881, 0.360818475484848, 0.36043834686279297, 0.36005350947380066, 0.35966193675994873, 0.35927677154541016, 0.3588815927505493, 0.358481228351593, 0.3580840229988098, 0.35767805576324463, 0.35726726055145264, 0.35686779022216797, 0.35645633935928345, 0.35604146122932434, 0.3556240200996399, 0.35520702600479126, 0.3547793924808502, 0.3543584942817688, 0.35392504930496216, 0.3534928262233734, 0.353067010641098, 0.35263848304748535, 0.35220232605934143, 0.3517548739910126, 0.35130736231803894, 0.3508589565753937, 0.3504108190536499, 0.34994441270828247, 0.34948310256004333, 0.3490205705165863, 0.34857064485549927, 0.34810420870780945, 0.3476336598396301, 0.3471547067165375, 0.34667712450027466, 0.34620025753974915, 0.34572356939315796, 0.3452370762825012, 0.3447411060333252, 0.3442496061325073, 0.3437543511390686, 0.3432592749595642, 0.3427690863609314, 0.34226879477500916, 0.3417592942714691, 0.3412550985813141, 0.3407442569732666, 0.3402334451675415, 0.3397275507450104, 0.33921027183532715, 0.33869701623916626, 0.3381851613521576, 0.33765822649002075, 0.337137371301651, 0.3366141617298126, 0.33608540892601013, 0.3355579078197479, 0.335030198097229, 0.33449825644493103, 0.3339610993862152, 0.3334224224090576, 0.3328879475593567, 0.3323405981063843, 0.33180126547813416, 0.33125385642051697, 0.3307153284549713, 0.3301716148853302, 0.3296350836753845, 0.32908618450164795, 0.3285379707813263, 0.3279905617237091, 0.32743972539901733, 0.32689300179481506, 0.3263329267501831, 0.32578563690185547, 0.32523971796035767, 0.32468533515930176, 0.32413384318351746, 0.32358527183532715, 0.3230392336845398, 0.32248324155807495, 0.32192572951316833, 0.32137417793273926, 0.32081830501556396, 0.32026877999305725, 0.31971970200538635, 0.31917616724967957, 0.31862878799438477, 0.3180769085884094, 0.317534863948822, 0.31699198484420776, 0.31645405292510986, 0.31590139865875244, 0.31535547971725464, 0.3148147463798523, 0.31427085399627686, 0.3137359917163849, 0.31320229172706604, 0.3126641809940338, 0.3121293783187866, 0.3115958273410797, 0.31105944514274597, 0.3105328679084778, 0.3100060820579529, 0.3094724714756012, 0.3089512586593628, 0.30843597650527954, 0.3079167604446411, 0.30741065740585327, 0.3068886697292328, 0.306387722492218, 0.30588746070861816, 0.3053840100765228, 0.3048778474330902, 0.304378479719162, 0.3038787543773651, 0.30338263511657715, 0.30289191007614136, 0.3024047017097473, 0.3019283711910248, 0.3014436364173889, 0.30096039175987244, 0.30048438906669617, 0.30002012848854065, 0.29955193400382996, 0.29908549785614014, 0.2986229956150055, 0.2981594204902649, 0.2977103590965271, 0.2972528636455536, 0.29679352045059204, 0.29635855555534363, 0.29592177271842957, 0.2954937815666199, 0.2950538396835327, 0.2946203947067261, 0.29418864846229553, 0.2937656342983246, 0.2933467626571655, 0.2929316759109497]",33.0,"[33.0, 33.0, 33.0, 33.0, 33.0, 33.0, 33.0, 33.0, 33.0, 33.0, 33.0, 33.0, 33.0, 33.0, 33.0, 33.0, 33.0, 33.0, 33.0, 33.0, 33.0, 33.0, 33.0, 33.0, 33.0, 33.0, 33.0, 33.0, 33.0, 33.0, 33.0, 33.0, 33.0, 33.0, 33.0, 33.0, 33.0, 33.0, 33.0, 33.0, 33.0, 33.0, 33.0, 33.0, 33.0, 33.0, 33.0, 33.0, 33.0, 33.0, 33.0, 33.0, 33.0, 33.0, 33.0, 33.0, 33.0, 33.0, 33.0, 33.0, 33.0, 33.0, 33.0, 33.0, 33.0, 33.0, 33.0, 33.0, 33.0, 33.0, 33.0, 33.0, 33.0, 33.0, 33.0, 33.0, 33.0, 33.0, 33.0, 33.0, 33.0, 33.0, 33.0, 33.0, 33.0, 33.0, 33.0, 33.0, 33.0, 33.0, 33.0, 33.0, 33.0, 33.0, 33.0, 33.0, 33.0, 33.0, 33.0, 33.0, 33.0, 33.0, 33.0, 33.0, 33.0, 33.0, 33.0, 33.0, 33.0, 33.0, 33.0, 33.0, 33.0, 33.0, 33.0, 33.0, 33.0, 33.0, 33.0, 33.0, 33.0, 33.0, 33.0, 33.0, 33.0, 33.0, 33.0, 33.0, 33.0, 33.0, 33.0, 33.0, 33.0, 33.0, 33.0, 33.0, 33.0, 33.0, 33.0, 33.0, 33.0, 33.0, 33.0, 33.0, 33.0, 33.0, 33.0, 33.0, 33.0, 33.0, 33.0, 33.0, 33.0, 33.0, 33.0, 33.0, 33.0, 33.0, 33.0, 33.0, 33.0, 33.0, 33.0, 33.0, 33.0, 33.0, 33.0, 33.0, 33.0, 33.0, 33.0, 33.0, 33.0, 33.0, 33.0, 33.0, 33.0, 33.0, 33.0, 33.0, 33.0, 33.0, 33.0, 33.0, 33.0, 33.0, 33.0, 33.0, 33.0, 33.0, 33.0, 33.0, 33.0, 33.0, 33.0, 33.0, 33.0, 33.0, 33.0, 33.0, 33.0, 33.0, 33.0, 33.0, 33.0, 33.0, 33.0, 33.0, 33.0, 33.0, 33.0, 33.0, 33.0, 33.0, 33.0, 33.0, 33.0, 33.0, 33.0, 33.0]",COMPLETE
