,number,value,datetime_start,datetime_complete,duration,params_batch_size_scaler,params_constant_learning_rate,params_depth,params_epochs,params_kernel_l2,params_num_trees,params_temperature,user_attrs_accuracy_test,user_attrs_accuracy_valid,user_attrs_approximate_feature_sparsity,user_attrs_approximate_feature_sparsity_history,user_attrs_approximate_weight_sparsity,user_attrs_approximate_weight_sparsity_history,user_attrs_auc_test,user_attrs_auc_valid,user_attrs_feature_sparsity,user_attrs_feature_sparsity_history,user_attrs_num_epochs,user_attrs_val_loss_history,user_attrs_weight_sparsity,user_attrs_weight_sparsity_history,state
76,76,0.5,2024-08-31 03:39:19.675614,2024-08-31 03:40:05.024535,0 days 00:00:45.348921,4,0.7352268040155511,1,280,0.0791061304749782,86,0.060027865054488566,0.859,0.85875,0,"[0, 0, 0, 0, 0, 0, 0, 0, 0, 0, 0, 0, 0, 0, 0, 0, 0, 0, 0, 0, 0, 0, 0, 0, 0, 0, 0, 0, 0, 0, 0, 0, 0, 0, 0, 0, 0, 0, 0, 0, 0, 0, 0, 0, 0, 0, 0, 0, 0, 0, 0, 0, 0, 0, 0, 0, 0, 0, 0, 0, 0, 0, 0, 0, 0, 0, 0, 0, 0, 0, 0, 0, 0, 0, 0, 0, 0, 0, 0, 0, 0, 0, 0, 0, 0, 0, 0, 0, 0, 0, 0, 0, 0, 0, 0, 0, 0, 0, 0, 0, 0, 0, 0, 0, 0, 0, 0, 0, 0, 0, 0, 0, 0, 0, 0, 0, 0, 0, 0, 0, 0, 0, 0, 0, 0, 0, 0, 0, 0, 0, 0, 0, 0, 0, 0, 0, 0, 0, 0, 0, 0, 0, 0, 0, 0, 0, 0, 0, 0, 0, 0, 0, 0, 0, 0, 0, 0, 0, 0, 0, 0, 0, 0, 0, 0, 0, 0, 0, 0, 0, 0, 0, 0, 0, 0, 0, 0, 0, 0, 0, 0, 0, 0, 0, 0, 0, 0, 0, 0, 0, 0, 0, 0, 0, 0, 0, 0, 0, 0, 0, 0, 0, 0, 0, 0, 0, 0, 0, 0, 0, 0, 0, 0, 0, 0, 0, 0, 0, 0, 0, 0, 0, 0, 0, 0, 0, 0, 0, 0, 0, 0, 0, 0, 0, 0, 0, 0, 0, 0, 0, 0, 0, 0, 0, 0, 0, 0, 0, 0, 0, 0, 0, 0, 0, 0, 0, 0, 0, 0, 0, 0, 0, 0, 0, 0, 0, 0, 0, 0, 0, 0, 0, 0, 0, 0, 0, 0, 0, 0, 0]",0.0,"[0.0, 0.0, 0.0, 0.0, 0.0, 0.0, 0.0, 0.0, 0.0, 0.0, 0.0, 0.0, 0.0, 0.0, 0.0, 0.0, 0.0, 0.0, 0.0, 0.0, 0.0, 0.0, 0.0, 0.0, 0.0, 0.0, 0.0, 0.0, 0.0, 0.0, 0.0, 0.0, 0.0, 0.0, 0.0, 0.0, 0.0, 0.0, 0.0, 0.0, 0.0, 0.0, 0.0, 0.0, 0.0, 0.0, 0.0, 0.0, 0.0, 0.0, 0.0, 0.0, 0.0, 0.0, 0.0, 0.0, 0.0, 0.0, 0.0, 0.0, 0.0, 0.0, 0.0, 0.0, 0.0, 0.0, 0.0, 0.0, 0.0, 0.0, 0.0, 0.0, 0.0, 0.0, 0.0, 0.0, 0.0, 0.0, 0.0, 0.0, 0.0, 0.0, 0.0, 0.0, 0.0, 0.0, 0.0, 0.0, 0.0, 0.0, 0.0, 0.0, 0.0, 0.0, 0.0, 0.0, 0.0, 0.0, 0.0, 0.0, 0.0, 0.0, 0.0, 0.0, 0.0, 0.0, 0.0, 0.0, 0.0, 0.0, 0.0, 0.0, 0.0, 0.0, 0.0, 0.0, 0.0, 0.0, 0.0, 0.0, 0.0, 0.0, 0.0, 0.0, 0.0, 0.0, 0.0, 0.0, 0.0, 0.0, 0.0, 0.0, 0.0, 0.0, 0.0, 0.0, 0.0, 0.0, 0.0, 0.0, 0.0, 0.0, 0.0, 0.0, 0.0, 0.0, 0.0, 0.0, 0.0, 0.0, 0.0, 0.0, 0.0, 0.0, 0.0, 0.0, 0.0, 0.0, 0.0, 0.0, 0.0, 0.0, 0.0, 0.0, 0.0, 0.0, 0.0, 0.0, 0.0, 0.0, 0.0, 0.0, 0.0, 0.0, 0.0, 0.0, 0.0, 0.0, 0.0, 0.0, 0.0, 0.0, 0.0, 0.0, 0.0, 0.0, 0.0, 0.0, 0.0, 0.0, 0.0, 0.0, 0.0, 0.0, 0.0, 0.0, 0.0, 0.0, 0.0, 0.0, 0.0, 0.0, 0.0, 0.0, 0.0, 0.0, 0.0, 0.0, 0.0, 0.0, 0.0, 0.0, 0.0, 0.0, 0.0, 0.0, 0.0, 0.0, 0.0, 0.0, 0.0, 0.0, 0.0, 0.0, 0.0, 0.0, 0.0, 0.0, 0.0, 0.0, 0.0, 0.0, 0.0, 0.0, 0.0, 0.0, 0.0, 0.0, 0.0, 0.0, 0.0, 0.0, 0.0, 0.0, 0.0, 0.0, 0.0, 0.0, 0.0, 0.0, 0.0, 0.0, 0.0, 0.0, 0.0, 0.0, 0.0, 0.0, 0.0, 0.0, 0.0, 0.0, 0.0, 0.0, 0.0, 0.0, 0.0, 0.0, 0.0, 0.0, 0.0, 0.0, 0.0, 0.0, 0.0, 0.0, 0.0, 0.0, 0.0, 0.0]",0.5,0.5,0,"[0, 0, 0, 0, 0, 0, 0, 0, 0, 0, 0, 0, 0, 0, 0, 0, 0, 0, 0, 0, 0, 0, 0, 0, 0, 0, 0, 0, 0, 0, 0, 0, 0, 0, 0, 0, 0, 0, 0, 0, 0, 0, 0, 0, 0, 0, 0, 0, 0, 0, 0, 0, 0, 0, 0, 0, 0, 0, 0, 0, 0, 0, 0, 0, 0, 0, 0, 0, 0, 0, 0, 0, 0, 0, 0, 0, 0, 0, 0, 0, 0, 0, 0, 0, 0, 0, 0, 0, 0, 0, 0, 0, 0, 0, 0, 0, 0, 0, 0, 0, 0, 0, 0, 0, 0, 0, 0, 0, 0, 0, 0, 0, 0, 0, 0, 0, 0, 0, 0, 0, 0, 0, 0, 0, 0, 0, 0, 0, 0, 0, 0, 0, 0, 0, 0, 0, 0, 0, 0, 0, 0, 0, 0, 0, 0, 0, 0, 0, 0, 0, 0, 0, 0, 0, 0, 0, 0, 0, 0, 0, 0, 0, 0, 0, 0, 0, 0, 0, 0, 0, 0, 0, 0, 0, 0, 0, 0, 0, 0, 0, 0, 0, 0, 0, 0, 0, 0, 0, 0, 0, 0, 0, 0, 0, 0, 0, 0, 0, 0, 0, 0, 0, 0, 0, 0, 0, 0, 0, 0, 0, 0, 0, 0, 0, 0, 0, 0, 0, 0, 0, 0, 0, 0, 0, 0, 0, 0, 0, 0, 0, 0, 0, 0, 0, 0, 0, 0, 0, 0, 0, 0, 0, 0, 0, 0, 0, 0, 0, 0, 0, 0, 0, 0, 0, 0, 0, 0, 0, 0, 0, 0, 0, 0, 0, 0, 0, 0, 0, 0, 0, 0, 0, 0, 0, 0, 0, 0, 0, 0, 0]",280,"[3.3677806854248047, 3.837986946105957, 3.7010867595672607, 1.3708359003067017, 3.7582223415374756, 3.0166943073272705, 0.6191748976707458, 3.4822206497192383, 1.3334944248199463, 1.4306063652038574, 3.657008409500122, 0.690660297870636, 0.647458016872406, 3.381633996963501, 0.4414965808391571, 0.6665199995040894, 6.463923454284668, 1.473118782043457, 4.230945110321045, 4.6551618576049805, 5.713323593139648, 3.6595070362091064, 0.6026162505149841, 5.348094463348389, 3.1328461170196533, 0.6234339475631714, 0.6546401977539062, 1.0032997131347656, 5.596951484680176, 4.360879421234131, 2.6253719329833984, 1.2070833444595337, 0.46223726868629456, 0.9937685132026672, 6.385188102722168, 1.0253793001174927, 1.5496574640274048, 3.0002267360687256, 0.6869838237762451, 6.477292537689209, 2.9601693153381348, 2.5670571327209473, 2.298431634902954, 0.46678581833839417, 2.233267307281494, 3.1503427028656006, 2.7535018920898438, 0.7880074381828308, 1.7736756801605225, 4.127317428588867, 0.8104798793792725, 0.9177340865135193, 0.5818480849266052, 2.2601969242095947, 3.0783770084381104, 0.5000944137573242, 4.009948253631592, 2.0786848068237305, 5.481356620788574, 4.977574825286865, 4.518254280090332, 4.483559608459473, 3.880234479904175, 3.1841793060302734, 4.53378438949585, 5.972287178039551, 5.245535373687744, 1.4408655166625977, 4.885356426239014, 5.853015899658203, 0.850232720375061, 1.8829474449157715, 4.861116886138916, 2.453605890274048, 0.7371397614479065, 1.4862432479858398, 5.683193206787109, 1.5856231451034546, 5.876234531402588, 2.713749885559082, 1.6475430727005005, 0.41509395837783813, 3.5372393131256104, 4.909855842590332, 4.208307266235352, 0.435640424489975, 1.3322312831878662, 6.519775867462158, 1.469363808631897, 3.384894609451294, 0.48697030544281006, 7.048492431640625, 0.8539842367172241, 4.925536632537842, 2.84768009185791, 5.329159736633301, 7.648154258728027, 6.588374137878418, 6.564572334289551, 2.0555789470672607, 4.9323225021362305, 4.985439300537109, 1.388808012008667, 6.053790092468262, 3.9901089668273926, 1.0053969621658325, 1.8651795387268066, 3.4576070308685303, 1.3375194072723389, 2.025266170501709, 0.8999470472335815, 2.289560079574585, 1.5454562902450562, 0.9257102012634277, 2.7453670501708984, 0.9326164722442627, 2.2711057662963867, 3.6544411182403564, 0.8333828449249268, 2.205777168273926, 1.335359811782837, 0.7969892024993896, 2.8857803344726562, 1.7832821607589722, 6.650327205657959, 1.68947434425354, 2.85520601272583, 2.861307144165039, 2.384408950805664, 0.49093616008758545, 5.446249961853027, 4.402077674865723, 1.369052529335022, 0.9096713066101074, 2.8810226917266846, 0.7647386789321899, 0.9033951759338379, 6.364622116088867, 1.7433263063430786, 1.4472216367721558, 1.853049874305725, 2.292036533355713, 4.482018947601318, 3.6755707263946533, 1.7681684494018555, 2.1218101978302, 1.6912606954574585, 0.47996243834495544, 5.309790134429932, 2.6374895572662354, 1.4923852682113647, 0.7979596853256226, 0.9462672472000122, 5.833406448364258, 5.510960102081299, 0.9325078725814819, 0.4153604805469513, 4.904244422912598, 1.9139522314071655, 3.868753433227539, 6.714283466339111, 0.5917022228240967, 5.694404125213623, 0.4307657480239868, 0.46362200379371643, 1.0324786901474, 1.0631850957870483, 6.805767059326172, 1.9106664657592773, 2.3280134201049805, 6.7915802001953125, 3.1671841144561768, 5.82707405090332, 2.14945125579834, 0.8044836521148682, 5.4154372215271, 6.396981716156006, 0.6583619713783264, 3.804858684539795, 6.561709403991699, 4.699202060699463, 4.206276893615723, 7.481772422790527, 1.0011228322982788, 4.534284591674805, 3.073662519454956, 1.539601445198059, 3.0009658336639404, 2.9066567420959473, 3.4749131202697754, 3.939846992492676, 2.968052387237549, 3.196746587753296, 3.529794216156006, 2.97849178314209, 2.5805253982543945, 1.868346095085144, 1.820000410079956, 0.4074519872665405, 3.332761764526367, 5.259057521820068, 2.1713948249816895, 1.0099589824676514, 3.0083277225494385, 1.49580717086792, 2.719418525695801, 1.883602499961853, 3.4994897842407227, 5.227471828460693, 1.3490616083145142, 2.759521245956421, 1.9462571144104004, 3.383831739425659, 5.720600128173828, 6.48328971862793, 4.293879508972168, 3.0948517322540283, 4.41582727432251, 6.917901992797852, 3.5285446643829346, 3.0225512981414795, 2.131585121154785, 0.7530906200408936, 2.0414247512817383, 6.940366268157959, 0.723911464214325, 2.758803606033325, 3.953090190887451, 0.9224531650543213, 4.056830406188965, 1.0852428674697876, 6.545436382293701, 0.7406224012374878, 1.284881591796875, 3.362671136856079, 2.3443117141723633, 1.3677138090133667, 4.381690502166748, 0.7064093947410583, 3.0578043460845947, 0.9782702922821045, 2.71966552734375, 2.4162704944610596, 0.6559374928474426, 1.1339725255966187, 7.342367649078369, 4.345192909240723, 2.0019655227661133, 6.688620567321777, 0.6967179775238037, 6.573520660400391, 0.49539923667907715, 0.5978971719741821, 6.315286159515381, 6.655642032623291, 4.0949320793151855, 1.0275286436080933, 2.2201106548309326, 7.626879692077637, 0.7754127383232117, 0.7959810495376587, 1.0906343460083008, 5.806570529937744, 2.194143295288086, 1.2569117546081543, 3.8052103519439697, 1.714316964149475, 4.00325870513916, 3.9872336387634277, 0.5870830416679382, 6.191511154174805, 0.6697232723236084, 3.736248254776001, 0.45654910802841187, 1.782999873161316, 0.4163409173488617, 4.124389171600342, 1.6515357494354248, 3.706774950027466, 2.0853307247161865]",0.0,"[0.0, 0.0, 0.0, 0.0, 0.0, 0.0, 0.0, 0.0, 0.0, 0.0, 0.0, 0.0, 0.0, 0.0, 0.0, 0.0, 0.0, 0.0, 0.0, 0.0, 0.0, 0.0, 0.0, 0.0, 0.0, 0.0, 0.0, 0.0, 0.0, 0.0, 0.0, 0.0, 0.0, 0.0, 0.0, 0.0, 0.0, 0.0, 0.0, 0.0, 0.0, 0.0, 0.0, 0.0, 0.0, 0.0, 0.0, 0.0, 0.0, 0.0, 0.0, 0.0, 0.0, 0.0, 0.0, 0.0, 0.0, 0.0, 0.0, 0.0, 0.0, 0.0, 0.0, 0.0, 0.0, 0.0, 0.0, 0.0, 0.0, 0.0, 0.0, 0.0, 0.0, 0.0, 0.0, 0.0, 0.0, 0.0, 0.0, 0.0, 0.0, 0.0, 0.0, 0.0, 0.0, 0.0, 0.0, 0.0, 0.0, 0.0, 0.0, 0.0, 0.0, 0.0, 0.0, 0.0, 0.0, 0.0, 0.0, 0.0, 0.0, 0.0, 0.0, 0.0, 0.0, 0.0, 0.0, 0.0, 0.0, 0.0, 0.0, 0.0, 0.0, 0.0, 0.0, 0.0, 0.0, 0.0, 0.0, 0.0, 0.0, 0.0, 0.0, 0.0, 0.0, 0.0, 0.0, 0.0, 0.0, 0.0, 0.0, 0.0, 0.0, 0.0, 0.0, 0.0, 0.0, 0.0, 0.0, 0.0, 0.0, 0.0, 0.0, 0.0, 0.0, 0.0, 0.0, 0.0, 0.0, 0.0, 0.0, 0.0, 0.0, 0.0, 0.0, 0.0, 0.0, 0.0, 0.0, 0.0, 0.0, 0.0, 0.0, 0.0, 0.0, 0.0, 0.0, 0.0, 0.0, 0.0, 0.0, 0.0, 0.0, 0.0, 0.0, 0.0, 0.0, 0.0, 0.0, 0.0, 0.0, 0.0, 0.0, 0.0, 0.0, 0.0, 0.0, 0.0, 0.0, 0.0, 0.0, 0.0, 0.0, 0.0, 0.0, 0.0, 0.0, 0.0, 0.0, 0.0, 0.0, 0.0, 0.0, 0.0, 0.0, 0.0, 0.0, 0.0, 0.0, 0.0, 0.0, 0.0, 0.0, 0.0, 0.0, 0.0, 0.0, 0.0, 0.0, 0.0, 0.0, 0.0, 0.0, 0.0, 0.0, 0.0, 0.0, 0.0, 0.0, 0.0, 0.0, 0.0, 0.0, 0.0, 0.0, 0.0, 0.0, 0.0, 0.0, 0.0, 0.0, 0.0, 0.0, 0.0, 0.0, 0.0, 0.0, 0.0, 0.0, 0.0, 0.0, 0.0, 0.0, 0.0, 0.0, 0.0, 0.0, 0.0, 0.0, 0.0, 0.0, 0.0, 0.0, 0.0, 0.0, 0.0, 0.0, 0.0, 0.0, 0.0, 0.0, 0.0, 0.0, 0.0, 0.0, 0.0, 0.0, 0.0, 0.0, 0.0]",COMPLETE
77,77,0.5,2024-08-31 03:40:07.373277,2024-08-31 03:41:08.709699,0 days 00:01:01.336422,16,3.8393916303184494,4,305,0.0031193418111940714,66,0.03664724953433485,0.141,0.14125,0,"[0, 0, 0, 0, 0, 0, 0, 0, 0, 0, 0, 0, 0, 0, 0, 0, 0, 0, 0, 0, 0, 0, 0, 0, 0, 0, 0, 0, 0, 0, 0, 0, 0, 0, 0, 0, 0, 0, 0, 0, 0, 0, 0, 0, 0, 0, 0, 0, 0, 0, 0, 0, 0, 0, 0, 0, 0, 0, 0, 0, 0, 0, 0, 0, 0, 0, 0, 0, 0, 0, 0, 0, 0, 0, 0, 0, 0, 0, 0, 0, 0, 0, 0, 0, 0, 0, 0, 0, 0, 0, 0, 0, 0, 0, 0, 0, 0, 0, 0, 0, 0, 0, 0, 0, 0, 0, 0, 0, 0, 0, 0, 0, 0, 0, 0, 0, 0, 0, 0, 0, 0, 0, 0, 0, 0, 0, 0, 0, 0, 0, 0, 0, 0, 0, 0, 0, 0, 0, 0, 0, 0, 0, 0, 0, 0, 0, 0, 0, 0, 0, 0, 0, 0, 0, 0, 0, 0, 0, 0, 0, 0, 0, 0, 0, 0, 0, 0, 0, 0, 0, 0, 0, 0, 0, 0, 0, 0, 0, 0, 0, 0, 0, 0, 0, 0, 0, 0, 0, 0, 0, 0, 0, 0, 0, 0, 0, 0, 0, 0, 0, 0, 0, 0, 0, 0, 0, 0, 0, 0, 0, 0, 0, 0, 0, 0, 0, 0, 0, 0, 0, 0, 0, 0, 0, 0, 0, 0, 0, 0, 0, 0, 0, 0, 0, 0, 0, 0, 0, 0, 0, 0, 0, 0, 0, 0, 0, 0, 0, 0, 0, 0, 0, 0, 0, 0, 0, 0, 0, 0, 0, 0, 0, 0, 0, 0, 0, 0, 0, 0, 0, 0, 0, 0, 0, 0, 0, 0, 0, 0, 0, 0, 0, 0, 0, 0, 0, 0, 0, 0, 0, 0, 0, 0, 0, 0, 0, 0, 0, 0, 0, 0, 0, 0, 0, 0]",0.0,"[0.0, 0.0, 0.0, 0.0, 0.0, 0.0, 0.0, 0.0, 0.0, 0.0, 0.0, 0.0, 0.0, 0.0, 0.0, 0.0, 0.0, 0.0, 0.0, 0.0, 0.0, 0.0, 0.0, 0.0, 0.0, 0.0, 0.0, 0.0, 0.0, 0.0, 0.0, 0.0, 0.0, 0.0, 0.0, 0.0, 0.0, 0.0, 0.0, 0.0, 0.0, 0.0, 0.0, 0.0, 0.0, 0.0, 0.0, 0.0, 0.0, 0.0, 0.0, 0.0, 0.0, 0.0, 0.0, 0.0, 0.0, 0.0, 0.0, 0.0, 0.0, 0.0, 0.0, 0.0, 0.0, 0.0, 0.0, 0.0, 0.0, 0.0, 0.0, 0.0, 0.0, 0.0, 0.0, 0.0, 0.0, 0.0, 0.0, 0.0, 0.0, 0.0, 0.0, 0.0, 0.0, 0.0, 0.0, 0.0, 0.0, 0.0, 0.0, 0.0, 0.0, 0.0, 0.0, 0.0, 0.0, 0.0, 0.0, 0.0, 0.0, 0.0, 0.0, 0.0, 0.0, 0.0, 0.0, 0.0, 0.0, 0.0, 0.0, 0.0, 0.0, 0.0, 0.0, 0.0, 0.0, 0.0, 0.0, 0.0, 0.0, 0.0, 0.0, 0.0, 0.0, 0.0, 0.0, 0.0, 0.0, 0.0, 0.0, 0.0, 0.0, 0.0, 0.0, 0.0, 0.0, 0.0, 0.0, 0.0, 0.0, 0.0, 0.0, 0.0, 0.0, 0.0, 0.0, 0.0, 0.0, 0.0, 0.0, 0.0, 0.0, 0.0, 0.0, 0.0, 0.0, 0.0, 0.0, 0.0, 0.0, 0.0, 0.0, 0.0, 0.0, 0.0, 0.0, 0.0, 0.0, 0.0, 0.0, 0.0, 0.0, 0.0, 0.0, 0.0, 0.0, 0.0, 0.0, 0.0, 0.0, 0.0, 0.0, 0.0, 0.0, 0.0, 0.0, 0.0, 0.0, 0.0, 0.0, 0.0, 0.0, 0.0, 0.0, 0.0, 0.0, 0.0, 0.0, 0.0, 0.0, 0.0, 0.0, 0.0, 0.0, 0.0, 0.0, 0.0, 0.0, 0.0, 0.0, 0.0, 0.0, 0.0, 0.0, 0.0, 0.0, 0.0, 0.0, 0.0, 0.0, 0.0, 0.0, 0.0, 0.0, 0.0, 0.0, 0.0, 0.0, 0.0, 0.0, 0.0, 0.0, 0.0, 0.0, 0.0, 0.0, 0.0, 0.0, 0.0, 0.0, 0.0, 0.0, 0.0, 0.0, 0.0, 0.0, 0.0, 0.0, 0.0, 0.0, 0.0, 0.0, 0.0, 0.0, 0.0, 0.0, 0.0, 0.0, 0.0, 0.0, 0.0, 0.0, 0.0, 0.0, 0.0, 0.0, 0.0, 0.0, 0.0, 0.0, 0.0, 0.0, 0.0, 0.0, 0.0, 0.0, 0.0, 0.0, 0.0, 0.0, 0.0, 0.0, 0.0, 0.0, 0.0, 0.0, 0.0, 0.0, 0.0, 0.0, 0.0, 0.0, 0.0, 0.0, 0.0, 0.0, 0.0, 0.0, 0.0, 0.0, 0.0, 0.0, 0.0, 0.0]",0.5,0.5,0,"[0, 0, 0, 0, 0, 0, 0, 0, 0, 0, 0, 0, 0, 0, 0, 0, 0, 0, 0, 0, 0, 0, 0, 0, 0, 0, 0, 0, 0, 0, 0, 0, 0, 0, 0, 0, 0, 0, 0, 0, 0, 0, 0, 0, 0, 0, 0, 0, 0, 0, 0, 0, 0, 0, 0, 0, 0, 0, 0, 0, 0, 0, 0, 0, 0, 0, 0, 0, 0, 0, 0, 0, 0, 0, 0, 0, 0, 0, 0, 0, 0, 0, 0, 0, 0, 0, 0, 0, 0, 0, 0, 0, 0, 0, 0, 0, 0, 0, 0, 0, 0, 0, 0, 0, 0, 0, 0, 0, 0, 0, 0, 0, 0, 0, 0, 0, 0, 0, 0, 0, 0, 0, 0, 0, 0, 0, 0, 0, 0, 0, 0, 0, 0, 0, 0, 0, 0, 0, 0, 0, 0, 0, 0, 0, 0, 0, 0, 0, 0, 0, 0, 0, 0, 0, 0, 0, 0, 0, 0, 0, 0, 0, 0, 0, 0, 0, 0, 0, 0, 0, 0, 0, 0, 0, 0, 0, 0, 0, 0, 0, 0, 0, 0, 0, 0, 0, 0, 0, 0, 0, 0, 0, 0, 0, 0, 0, 0, 0, 0, 0, 0, 0, 0, 0, 0, 0, 0, 0, 0, 0, 0, 0, 0, 0, 0, 0, 0, 0, 0, 0, 0, 0, 0, 0, 0, 0, 0, 0, 0, 0, 0, 0, 0, 0, 0, 0, 0, 0, 0, 0, 0, 0, 0, 0, 0, 0, 0, 0, 0, 0, 0, 0, 0, 0, 0, 0, 0, 0, 0, 0, 0, 0, 0, 0, 0, 0, 0, 0, 0, 0, 0, 0, 0, 0, 0, 0, 0, 0, 0, 0, 0, 0, 0, 0, 0, 0, 0, 0, 0, 0, 0, 0, 0, 0, 0, 0, 0, 0, 0, 0, 0, 0, 0, 0, 0]",305,"[0.40842005610466003, 1.5204418897628784, 0.44687312841415405, 1.8958029747009277, 0.5996332764625549, 0.8028438687324524, 0.6175801753997803, 0.4306630790233612, 0.40837329626083374, 1.4899110794067383, 0.42081788182258606, 0.43493497371673584, 2.0618228912353516, 0.8125473856925964, 0.6057998538017273, 0.4528331756591797, 0.7693698406219482, 0.6730978488922119, 0.7987884283065796, 0.7206183075904846, 0.5240258574485779, 0.41781651973724365, 0.539963960647583, 0.40774208307266235, 1.330040454864502, 1.9893066883087158, 0.844493567943573, 0.4072835147380829, 0.510444700717926, 0.5105230808258057, 2.527661085128784, 0.7568707466125488, 0.5191659927368164, 0.7161622643470764, 0.43294674158096313, 0.4185744524002075, 1.027573823928833, 0.6105347275733948, 0.8259623646736145, 0.430923193693161, 1.5746525526046753, 0.45769593119621277, 0.725463330745697, 0.8048993945121765, 0.5506613254547119, 0.7349097728729248, 1.1884117126464844, 0.5740392804145813, 1.223097562789917, 0.8149629831314087, 0.45632433891296387, 0.7930396199226379, 0.41000649333000183, 0.4076114594936371, 0.970975935459137, 1.031225323677063, 0.8117716312408447, 0.42184749245643616, 1.1771336793899536, 2.4471962451934814, 0.4080982208251953, 1.4454331398010254, 0.43443548679351807, 0.5403181910514832, 0.40831276774406433, 0.4372750520706177, 0.7449172735214233, 0.4359731674194336, 0.6295990347862244, 1.7465388774871826, 1.813286304473877, 0.5787173509597778, 0.8042577505111694, 0.5796752572059631, 0.6962913274765015, 1.148444652557373, 0.5725063681602478, 2.2286531925201416, 0.5049393177032471, 0.41864269971847534, 0.4511280953884125, 0.40723717212677, 1.670904517173767, 0.4717752933502197, 0.48640215396881104, 1.469517469406128, 0.7106292247772217, 0.49474623799324036, 0.4086378514766693, 1.2868846654891968, 1.373386025428772, 0.613429605960846, 1.2392549514770508, 0.48383644223213196, 1.1668123006820679, 0.5188019275665283, 1.0578217506408691, 0.6261029243469238, 0.4112635850906372, 0.8489338159561157, 1.2236005067825317, 1.335565209388733, 1.7223570346832275, 1.7335386276245117, 2.4324045181274414, 0.4127691388130188, 0.41189706325531006, 0.7721613049507141, 0.49883773922920227, 0.40796783566474915, 0.4387913942337036, 1.2508673667907715, 2.037905216217041, 1.0935434103012085, 1.0185132026672363, 0.44658753275871277, 0.40927326679229736, 1.7612859010696411, 0.5551838874816895, 1.5066882371902466, 0.5518386363983154, 0.49653539061546326, 1.136259913444519, 0.4240860342979431, 0.5522937178611755, 0.6561565399169922, 2.1073732376098633, 0.8392540216445923, 1.2244929075241089, 2.330782413482666, 0.9710071682929993, 2.0702733993530273, 1.573354959487915, 0.8435251712799072, 0.5185558199882507, 0.9446265697479248, 0.9719188809394836, 0.5893077850341797, 0.6211141347885132, 0.7601147294044495, 1.2274503707885742, 0.48496368527412415, 1.819399356842041, 0.5347587466239929, 1.5229690074920654, 1.9530906677246094, 0.4266544580459595, 0.7114056348800659, 1.3148242235183716, 1.7696363925933838, 1.5648266077041626, 2.0031580924987793, 0.40723076462745667, 0.41937053203582764, 1.171818494796753, 0.5918734669685364, 0.9751427173614502, 0.7027193307876587, 1.172003149986267, 1.9167771339416504, 0.41249099373817444, 0.44639086723327637, 0.9253425002098083, 1.364035964012146, 0.4352092444896698, 0.516950249671936, 0.48320889472961426, 0.6966800093650818, 0.42832642793655396, 0.6792373061180115, 0.40851378440856934, 0.4869108200073242, 0.6361108422279358, 1.5526963472366333, 0.4072277843952179, 0.841677725315094, 0.655486524105072, 0.4606756865978241, 1.7316783666610718, 0.9346529245376587, 0.7601827383041382, 0.44494950771331787, 0.4081233739852905, 1.436006784439087, 0.40722671151161194, 0.4512163996696472, 1.3425891399383545, 0.6408829689025879, 0.7296465039253235, 0.5534437894821167, 0.4277433753013611, 0.9024333953857422, 1.0886753797531128, 0.46763649582862854, 0.4640748202800751, 0.7640033960342407, 0.4495454728603363, 1.8763569593429565, 1.4549938440322876, 1.4054254293441772, 1.018345832824707, 2.4793641567230225, 0.4304966330528259, 0.4371527135372162, 2.9938464164733887, 2.1138296127319336, 1.391264796257019, 1.2198338508605957, 0.4334810674190521, 0.8710787892341614, 0.9168365001678467, 1.397003173828125, 0.5532374978065491, 0.4198558032512665, 1.3561309576034546, 0.7564329504966736, 0.6196527481079102, 0.4318307936191559, 2.014476776123047, 1.7209770679473877, 1.1005057096481323, 0.7620741128921509, 0.4816599190235138, 0.414998859167099, 1.3780118227005005, 0.9513099193572998, 0.5973475575447083, 1.2348949909210205, 1.9295545816421509, 2.6408190727233887, 0.8217250108718872, 0.8733588457107544, 0.8507878184318542, 0.43843021988868713, 0.923478901386261, 0.41765666007995605, 2.586937665939331, 0.46836772561073303, 1.9775904417037964, 0.41526710987091064, 0.49142712354660034, 1.8111363649368286, 0.5974977016448975, 0.7246431112289429, 0.7151691317558289, 0.699185311794281, 1.4597822427749634, 0.4293915033340454, 1.668662667274475, 2.456042528152466, 1.0847299098968506, 2.022768974304199, 1.0188572406768799, 0.543900728225708, 0.9122752547264099, 0.41067221760749817, 1.419327735900879, 1.2350050210952759, 0.9508448243141174, 0.6048434972763062, 1.7370436191558838, 0.6939650177955627, 1.0294994115829468, 1.0050076246261597, 1.2201429605484009, 0.4904352128505707, 1.1279149055480957, 1.5876433849334717, 0.7141862511634827, 0.7747511267662048, 0.7908439040184021, 0.527583122253418, 0.6129081845283508, 0.7338338494300842, 0.5853424668312073, 1.1626700162887573, 0.40772706270217896, 0.526397168636322, 1.5523394346237183, 0.8494994640350342, 1.6063631772994995, 0.6062198877334595, 0.5694037079811096, 0.8983562588691711, 0.4581782817840576, 0.4872305393218994, 0.42357027530670166, 0.5822749137878418, 2.543227195739746, 0.4078848361968994, 1.1820334196090698, 0.792380154132843, 0.4787742495536804, 1.3022652864456177, 0.7293568253517151, 0.6682689785957336, 1.3209044933319092, 0.41975316405296326, 0.5480762720108032, 0.4269880950450897, 1.293695330619812, 0.5703640580177307, 0.7788243889808655, 0.48420441150665283, 1.3900343179702759]",0.0,"[0.0, 0.0, 0.0, 0.0, 0.0, 0.0, 0.0, 0.0, 0.0, 0.0, 0.0, 0.0, 0.0, 0.0, 0.0, 0.0, 0.0, 0.0, 0.0, 0.0, 0.0, 0.0, 0.0, 0.0, 0.0, 0.0, 0.0, 0.0, 0.0, 0.0, 0.0, 0.0, 0.0, 0.0, 0.0, 0.0, 0.0, 0.0, 0.0, 0.0, 0.0, 0.0, 0.0, 0.0, 0.0, 0.0, 0.0, 0.0, 0.0, 0.0, 0.0, 0.0, 0.0, 0.0, 0.0, 0.0, 0.0, 0.0, 0.0, 0.0, 0.0, 0.0, 0.0, 0.0, 0.0, 0.0, 0.0, 0.0, 0.0, 0.0, 0.0, 0.0, 0.0, 0.0, 0.0, 0.0, 0.0, 0.0, 0.0, 0.0, 0.0, 0.0, 0.0, 0.0, 0.0, 0.0, 0.0, 0.0, 0.0, 0.0, 0.0, 0.0, 0.0, 0.0, 0.0, 0.0, 0.0, 0.0, 0.0, 0.0, 0.0, 0.0, 0.0, 0.0, 0.0, 0.0, 0.0, 0.0, 0.0, 0.0, 0.0, 0.0, 0.0, 0.0, 0.0, 0.0, 0.0, 0.0, 0.0, 0.0, 0.0, 0.0, 0.0, 0.0, 0.0, 0.0, 0.0, 0.0, 0.0, 0.0, 0.0, 0.0, 0.0, 0.0, 0.0, 0.0, 0.0, 0.0, 0.0, 0.0, 0.0, 0.0, 0.0, 0.0, 0.0, 0.0, 0.0, 0.0, 0.0, 0.0, 0.0, 0.0, 0.0, 0.0, 0.0, 0.0, 0.0, 0.0, 0.0, 0.0, 0.0, 0.0, 0.0, 0.0, 0.0, 0.0, 0.0, 0.0, 0.0, 0.0, 0.0, 0.0, 0.0, 0.0, 0.0, 0.0, 0.0, 0.0, 0.0, 0.0, 0.0, 0.0, 0.0, 0.0, 0.0, 0.0, 0.0, 0.0, 0.0, 0.0, 0.0, 0.0, 0.0, 0.0, 0.0, 0.0, 0.0, 0.0, 0.0, 0.0, 0.0, 0.0, 0.0, 0.0, 0.0, 0.0, 0.0, 0.0, 0.0, 0.0, 0.0, 0.0, 0.0, 0.0, 0.0, 0.0, 0.0, 0.0, 0.0, 0.0, 0.0, 0.0, 0.0, 0.0, 0.0, 0.0, 0.0, 0.0, 0.0, 0.0, 0.0, 0.0, 0.0, 0.0, 0.0, 0.0, 0.0, 0.0, 0.0, 0.0, 0.0, 0.0, 0.0, 0.0, 0.0, 0.0, 0.0, 0.0, 0.0, 0.0, 0.0, 0.0, 0.0, 0.0, 0.0, 0.0, 0.0, 0.0, 0.0, 0.0, 0.0, 0.0, 0.0, 0.0, 0.0, 0.0, 0.0, 0.0, 0.0, 0.0, 0.0, 0.0, 0.0, 0.0, 0.0, 0.0, 0.0, 0.0, 0.0, 0.0, 0.0, 0.0, 0.0, 0.0, 0.0, 0.0, 0.0, 0.0, 0.0, 0.0, 0.0, 0.0, 0.0, 0.0, 0.0, 0.0, 0.0, 0.0, 0.0, 0.0, 0.0, 0.0, 0.0, 0.0, 0.0]",COMPLETE
