,number,value,datetime_start,datetime_complete,duration,params_batch_size_scaler,params_constant_learning_rate,params_depth,params_epochs,params_kernel_l2,params_num_trees,params_temperature,user_attrs_accuracy_test,user_attrs_accuracy_valid,user_attrs_approximate_feature_sparsity,user_attrs_approximate_feature_sparsity_history,user_attrs_approximate_weight_sparsity,user_attrs_approximate_weight_sparsity_history,user_attrs_auc_test,user_attrs_auc_valid,user_attrs_feature_sparsity,user_attrs_feature_sparsity_history,user_attrs_num_epochs,user_attrs_val_loss_history,user_attrs_weight_sparsity,user_attrs_weight_sparsity_history,state
123,123,0.8821218327729902,2024-08-31 05:38:47.328360,2024-08-31 05:39:21.675504,0 days 00:00:34.347144,16,0.29507413118772086,3,220,0.0022245067688888387,41,0.06361820408152537,0.93,0.93375,19,"[33, 33, 31, 27, 24, 23, 22, 22, 22, 22, 22, 22, 22, 22, 22, 22, 21, 21, 21, 21, 21, 21, 21, 21, 21, 21, 21, 21, 21, 21, 21, 21, 21, 21, 21, 21, 21, 21, 21, 21, 20, 20, 20, 20, 20, 20, 20, 20, 20, 20, 20, 20, 20, 20, 20, 20, 20, 20, 20, 20, 20, 20, 20, 20, 20, 20, 20, 20, 20, 20, 20, 20, 20, 20, 20, 20, 20, 20, 20, 20, 20, 20, 20, 20, 20, 20, 20, 20, 20, 20, 20, 20, 20, 20, 20, 20, 20, 20, 20, 20, 20, 20, 20, 20, 20, 20, 20, 20, 20, 20, 20, 20, 20, 20, 20, 20, 20, 20, 20, 20, 20, 20, 20, 20, 20, 20, 20, 20, 20, 20, 20, 20, 20, 20, 20, 20, 20, 20, 20, 20, 20, 20, 20, 20, 20, 20, 20, 20, 20, 20, 20, 19, 19, 19, 19, 19, 19, 19, 19, 19, 19, 19, 19, 19, 19, 19, 19, 19, 19, 19, 19, 19, 19, 19, 19, 19, 19, 19, 19, 19, 19, 19, 19, 19, 19, 19, 19, 19, 19, 19, 19, 19, 19, 19, 19, 19, 19, 19, 19, 19, 19, 19, 19, 19, 19, 19, 19, 19, 19, 19, 19, 19, 19, 19, 19, 19, 19, 19, 19, 19]",18.989547038327526,"[32.99651567944251, 32.97909407665505, 30.979094076655052, 26.96864111498258, 23.97212543554007, 22.96864111498258, 21.96864111498258, 21.982578397212546, 21.982578397212542, 21.975609756097562, 21.982578397212546, 21.989547038327526, 21.986062717770036, 21.99303135888502, 21.982578397212542, 21.98954703832753, 20.989547038327526, 20.982578397212542, 20.989547038327526, 20.97212543554007, 20.982578397212546, 20.982578397212546, 20.98954703832753, 20.98954703832753, 20.989547038327526, 20.982578397212542, 20.982578397212542, 20.975609756097562, 20.986062717770036, 20.99303135888502, 20.989547038327526, 20.986062717770036, 20.979094076655052, 20.989547038327526, 20.99303135888502, 20.989547038327526, 20.986062717770036, 20.986062717770036, 20.986062717770036, 20.98954703832753, 19.982578397212546, 19.958188153310104, 20.0, 19.99303135888502, 19.99651567944251, 19.989547038327526, 19.99303135888502, 19.975609756097562, 19.989547038327526, 19.986062717770036, 19.982578397212542, 19.99303135888502, 19.99651567944251, 19.986062717770036, 19.989547038327526, 19.986062717770036, 19.99303135888502, 19.979094076655052, 19.982578397212546, 19.986062717770036, 19.968641114982578, 19.982578397212542, 19.986062717770036, 19.972125435540068, 19.972125435540068, 19.975609756097562, 19.982578397212542, 19.986062717770036, 19.97212543554007, 19.975609756097562, 19.97212543554007, 19.975609756097562, 19.961672473867594, 19.97212543554007, 19.965156794425088, 19.975609756097562, 19.979094076655052, 19.979094076655052, 19.98954703832753, 19.97212543554007, 19.979094076655052, 19.989547038327526, 19.986062717770036, 19.986062717770036, 19.979094076655052, 19.97212543554007, 19.982578397212542, 19.99651567944251, 19.986062717770036, 19.99303135888502, 19.99303135888502, 19.989547038327526, 19.986062717770036, 19.99303135888502, 19.982578397212546, 19.986062717770036, 19.98954703832753, 19.982578397212546, 19.986062717770036, 19.982578397212546, 19.99303135888502, 19.99651567944251, 19.986062717770036, 19.979094076655052, 19.965156794425088, 19.986062717770036, 19.982578397212546, 19.982578397212546, 19.986062717770036, 19.979094076655052, 19.989547038327526, 19.986062717770036, 19.986062717770036, 19.989547038327526, 19.99303135888502, 19.99303135888502, 19.979094076655052, 19.979094076655052, 19.99303135888502, 19.99303135888502, 19.986062717770036, 19.982578397212546, 19.989547038327526, 19.986062717770036, 19.982578397212542, 19.986062717770036, 19.98954703832753, 19.989547038327526, 19.982578397212546, 19.982578397212546, 19.99303135888502, 19.982578397212546, 19.979094076655052, 19.989547038327526, 19.986062717770036, 19.97212543554007, 19.989547038327526, 19.989547038327526, 20.0, 19.986062717770036, 19.99303135888502, 19.986062717770036, 19.99303135888502, 19.99303135888502, 19.986062717770036, 19.99651567944251, 19.99651567944251, 19.986062717770036, 19.99651567944251, 20.0, 19.99651567944251, 18.98954703832753, 18.99303135888502, 18.99303135888502, 18.99303135888502, 18.99651567944251, 18.99303135888502, 18.98954703832753, 18.986062717770036, 18.98606271777004, 18.982578397212546, 18.982578397212546, 18.982578397212546, 18.975609756097562, 18.99303135888502, 18.989547038327526, 18.989547038327526, 18.986062717770036, 18.979094076655052, 18.986062717770036, 18.975609756097562, 18.99651567944251, 18.99651567944251, 18.99651567944251, 18.99651567944251, 18.989547038327526, 18.99651567944251, 18.975609756097562, 18.98954703832753, 18.98954703832753, 18.99303135888502, 18.99651567944251, 18.986062717770036, 18.989547038327526, 18.99651567944251, 18.99303135888502, 18.986062717770036, 18.989547038327526, 18.99303135888502, 18.99303135888502, 18.986062717770036, 18.99651567944251, 18.986062717770036, 18.989547038327526, 18.989547038327526, 18.989547038327526, 18.99303135888502, 18.99303135888502, 18.99651567944251, 18.99651567944251, 18.99651567944251, 18.99651567944251, 18.99303135888502, 18.986062717770036, 18.989547038327526, 18.986062717770036, 18.99303135888502, 18.986062717770036, 18.989547038327526, 18.986062717770036, 18.986062717770036, 18.99651567944251, 18.99303135888502, 18.989547038327526, 18.986062717770036, 18.989547038327526, 18.99303135888502, 18.982578397212546, 18.982578397212546, 18.989547038327526]",0.8843121227883322,0.8821218327729902,19,"[33, 33, 31, 27, 24, 23, 22, 22, 22, 22, 22, 22, 22, 22, 22, 22, 21, 21, 21, 21, 21, 21, 21, 21, 21, 21, 21, 21, 21, 21, 21, 21, 21, 21, 21, 21, 21, 21, 21, 21, 20, 20, 20, 20, 20, 20, 20, 20, 20, 20, 20, 20, 20, 20, 20, 20, 20, 20, 20, 20, 20, 20, 20, 20, 20, 20, 20, 20, 20, 20, 20, 20, 20, 20, 20, 20, 20, 20, 20, 20, 20, 20, 20, 20, 20, 20, 20, 20, 20, 20, 20, 20, 20, 20, 20, 20, 20, 20, 20, 20, 20, 20, 20, 20, 20, 20, 20, 20, 20, 20, 20, 20, 20, 20, 20, 20, 20, 20, 20, 20, 20, 20, 20, 20, 20, 20, 20, 20, 20, 20, 20, 20, 20, 20, 20, 20, 20, 20, 20, 20, 20, 20, 20, 20, 20, 20, 20, 20, 20, 20, 20, 19, 19, 19, 19, 19, 19, 19, 19, 19, 19, 19, 19, 19, 19, 19, 19, 19, 19, 19, 19, 19, 19, 19, 19, 19, 19, 19, 19, 19, 19, 19, 19, 19, 19, 19, 19, 19, 19, 19, 19, 19, 19, 19, 19, 19, 19, 19, 19, 19, 19, 19, 19, 19, 19, 19, 19, 19, 19, 19, 19, 19, 19, 19, 19, 19, 19, 19, 19, 19]",220,"[0.3867732286453247, 0.3828635811805725, 0.37503156065940857, 0.37292414903640747, 0.3747056722640991, 0.3735068142414093, 0.3699019253253937, 0.368455171585083, 0.36616066098213196, 0.36450695991516113, 0.3629887104034424, 0.36092257499694824, 0.3624352216720581, 0.35767054557800293, 0.355718731880188, 0.355631023645401, 0.35506466031074524, 0.3510754406452179, 0.349813312292099, 0.35095512866973877, 0.34691646695137024, 0.34587398171424866, 0.34497639536857605, 0.34266895055770874, 0.34167516231536865, 0.33961349725723267, 0.3380633592605591, 0.3371197581291199, 0.3354954123497009, 0.33364352583885193, 0.3314826190471649, 0.3296799957752228, 0.3280923068523407, 0.3266192376613617, 0.3246085047721863, 0.3233954608440399, 0.3231547474861145, 0.3193134069442749, 0.3186599910259247, 0.3168333172798157, 0.3155084550380707, 0.31466519832611084, 0.3120938539505005, 0.3107278347015381, 0.3092188239097595, 0.30835965275764465, 0.3057159185409546, 0.30428725481033325, 0.3027878999710083, 0.3015053868293762, 0.30039867758750916, 0.30036991834640503, 0.2978188693523407, 0.2966740131378174, 0.29532432556152344, 0.2938789129257202, 0.29343724250793457, 0.29185453057289124, 0.29051539301872253, 0.2892875075340271, 0.2893944978713989, 0.28808051347732544, 0.28643855452537537, 0.2865902781486511, 0.2858067750930786, 0.2843625545501709, 0.2833848297595978, 0.28261619806289673, 0.2816618084907532, 0.28341424465179443, 0.27987053990364075, 0.27957457304000854, 0.27944841980934143, 0.27832069993019104, 0.2778986692428589, 0.27663034200668335, 0.2761961817741394, 0.27685993909835815, 0.2737564742565155, 0.2741295397281647, 0.27280840277671814, 0.27286040782928467, 0.27127933502197266, 0.27133283019065857, 0.2698315978050232, 0.2697269320487976, 0.26848286390304565, 0.26828670501708984, 0.2677697241306305, 0.26718559861183167, 0.2666323184967041, 0.26590874791145325, 0.2643665671348572, 0.26426833868026733, 0.2657064199447632, 0.26289403438568115, 0.2626408040523529, 0.26200568675994873, 0.2614881992340088, 0.2610112428665161, 0.26013293862342834, 0.25917062163352966, 0.2602226436138153, 0.25857818126678467, 0.2575407326221466, 0.2576647102832794, 0.25688183307647705, 0.2578240931034088, 0.2554229199886322, 0.25494563579559326, 0.25484606623649597, 0.2537435293197632, 0.25464296340942383, 0.25310713052749634, 0.2525708079338074, 0.25337716937065125, 0.25188353657722473, 0.2516689598560333, 0.25042489171028137, 0.25105124711990356, 0.25278374552726746, 0.2500087022781372, 0.24991659820079803, 0.24921220541000366, 0.25092440843582153, 0.24824872612953186, 0.24715891480445862, 0.2469688057899475, 0.25026530027389526, 0.24661733210086823, 0.24659918248653412, 0.2485206425189972, 0.24567727744579315, 0.2457648515701294, 0.24510452151298523, 0.24470996856689453, 0.24525204300880432, 0.2478095293045044, 0.24411706626415253, 0.24300961196422577, 0.24297890067100525, 0.2431654930114746, 0.24283155798912048, 0.24317385256290436, 0.24225662648677826, 0.24248772859573364, 0.24302645027637482, 0.24392707645893097, 0.24186034500598907, 0.240957111120224, 0.24032913148403168, 0.24244940280914307, 0.2416769415140152, 0.24011966586112976, 0.24173368513584137, 0.24070805311203003, 0.23951426148414612, 0.23919597268104553, 0.23885411024093628, 0.23912635445594788, 0.23937809467315674, 0.23989862203598022, 0.23933571577072144, 0.2386166900396347, 0.23894764482975006, 0.2386181503534317, 0.23795494437217712, 0.2380114048719406, 0.23924505710601807, 0.23713593184947968, 0.23734433948993683, 0.23598457872867584, 0.23656918108463287, 0.23616477847099304, 0.23621776700019836, 0.23734478652477264, 0.23774315416812897, 0.23619194328784943, 0.2361001819372177, 0.23603187501430511, 0.23474368453025818, 0.2346840351819992, 0.23529326915740967, 0.2349226027727127, 0.2351585179567337, 0.23793914914131165, 0.23440606892108917, 0.23472602665424347, 0.23474916815757751, 0.23423534631729126, 0.2335544377565384, 0.23422493040561676, 0.23399926722049713, 0.23569731414318085, 0.23495273292064667, 0.2340625375509262, 0.2332165390253067, 0.2333163022994995, 0.23285618424415588, 0.2328752726316452, 0.23255577683448792, 0.2338351011276245, 0.2337585985660553, 0.23297925293445587, 0.2325456440448761, 0.23506563901901245, 0.23221808671951294, 0.2337658703327179, 0.23189063370227814, 0.23143741488456726, 0.23233066499233246, 0.23130302131175995, 0.23156431317329407, 0.23323029279708862, 0.23198944330215454, 0.2318507581949234, 0.2323407381772995, 0.23144790530204773, 0.23196806013584137, 0.23102699220180511]",19.0,"[33.0, 33.0, 31.0, 27.0, 24.0, 23.0, 22.0, 22.0, 22.0, 22.0, 22.0, 22.0, 22.0, 22.0, 22.0, 22.0, 21.0, 21.0, 21.0, 21.0, 21.0, 21.0, 21.0, 21.0, 21.0, 21.0, 21.0, 21.0, 21.0, 21.0, 21.0, 21.0, 21.0, 21.0, 21.0, 21.0, 21.0, 21.0, 21.0, 21.0, 20.0, 20.0, 20.0, 20.0, 20.0, 20.0, 20.0, 20.0, 20.0, 20.0, 20.0, 20.0, 20.0, 20.0, 20.0, 20.0, 20.0, 20.0, 20.0, 20.0, 20.0, 20.0, 20.0, 20.0, 20.0, 20.0, 20.0, 20.0, 20.0, 20.0, 20.0, 20.0, 20.0, 20.0, 20.0, 20.0, 20.0, 20.0, 20.0, 20.0, 20.0, 20.0, 20.0, 20.0, 20.0, 20.0, 20.0, 20.0, 20.0, 20.0, 20.0, 20.0, 20.0, 20.0, 20.0, 20.0, 20.0, 20.0, 20.0, 20.0, 20.0, 20.0, 20.0, 20.0, 20.0, 20.0, 20.0, 20.0, 20.0, 20.0, 20.0, 20.0, 20.0, 20.0, 20.0, 20.0, 20.0, 20.0, 20.0, 20.0, 20.0, 20.0, 20.0, 20.0, 20.0, 20.0, 20.0, 20.0, 20.0, 20.0, 20.0, 20.0, 20.0, 20.0, 20.0, 20.0, 20.0, 20.0, 20.0, 20.0, 20.0, 20.0, 20.0, 20.0, 20.0, 20.0, 20.0, 20.0, 20.0, 20.0, 20.0, 19.0, 19.0, 19.0, 19.0, 19.0, 19.0, 19.0, 19.0, 19.0, 19.0, 19.0, 19.0, 19.0, 19.0, 19.0, 19.0, 19.0, 19.0, 19.0, 19.0, 19.0, 19.0, 19.0, 19.0, 19.0, 19.0, 19.0, 19.0, 19.0, 19.0, 19.0, 19.0, 19.0, 19.0, 19.0, 19.0, 19.0, 19.0, 19.0, 19.0, 19.0, 19.0, 19.0, 19.0, 19.0, 19.0, 19.0, 19.0, 19.0, 19.0, 19.0, 19.0, 19.0, 19.0, 19.0, 19.0, 19.0, 19.0, 19.0, 19.0, 19.0, 19.0, 19.0, 19.0, 19.0, 19.0, 19.0, 19.0, 19.0]",COMPLETE
124,124,0.6861305406345403,2024-08-31 05:39:24.575316,2024-08-31 05:40:36.626084,0 days 00:01:12.050768,64,0.046709662233388016,6,70,0.020514562819036096,85,0.0001326760048187878,0.859,0.85875,33,"[33, 33, 33, 33, 33, 33, 33, 33, 33, 33, 33, 33, 33, 33, 33, 33, 33, 33, 33, 33, 33, 33, 33, 33, 33, 33, 33, 33, 33, 33, 33, 33, 33, 33, 33, 33, 33, 33, 33, 33, 33, 33, 33, 33, 33, 33, 33, 33, 33, 33, 33, 33, 33, 33, 33, 33, 33, 33, 33, 33, 33, 33, 33, 33, 33, 33, 33, 33, 33, 33]",32.895051353874884,"[32.90140056022409, 32.89953314659197, 32.90084033613445, 32.8984126984127, 32.90028011204482, 32.9000933706816, 32.899719887955186, 32.90270774976658, 32.90270774976658, 32.901027077497666, 32.901774042950514, 32.90270774976658, 32.90196078431373, 32.90382819794584, 32.90196078431373, 32.90028011204482, 32.89953314659197, 32.90084033613445, 32.90214752567694, 32.903081232492994, 32.90457516339869, 32.9015873015873, 32.90121381886088, 32.90065359477124, 32.901027077497666, 32.89953314659197, 32.901027077497666, 32.89915966386555, 32.89785247432306, 32.895051353874884, 32.89542483660131, 32.89729225023343, 32.895611577964516, 32.89598506069095, 32.898039215686275, 32.896918767507, 32.896918767507, 32.896918767507, 32.89579831932773, 32.895051353874884, 32.89281045751634, 32.89281045751634, 32.893183940242764, 32.89169000933707, 32.89225023342671, 32.89355742296919, 32.893744164332404, 32.89467787114846, 32.89355742296919, 32.893744164332404, 32.89075630252101, 32.89169000933707, 32.891316526610645, 32.89169000933707, 32.89355742296919, 32.896358543417364, 32.89411764705882, 32.896918767507, 32.8984126984127, 32.896918767507, 32.896732026143795, 32.89393090569561, 32.89411764705882, 32.89486461251167, 32.89449112978525, 32.896171802054155, 32.896918767507, 32.89579831932773, 32.89486461251167, 32.895051353874884]",0.7165556188541847,0.6861305406345403,33,"[33, 33, 33, 33, 33, 33, 33, 33, 33, 33, 33, 33, 33, 33, 33, 33, 33, 33, 33, 33, 33, 33, 33, 33, 33, 33, 33, 33, 33, 33, 33, 33, 33, 33, 33, 33, 33, 33, 33, 33, 33, 33, 33, 33, 33, 33, 33, 33, 33, 33, 33, 33, 33, 33, 33, 33, 33, 33, 33, 33, 33, 33, 33, 33, 33, 33, 33, 33, 33, 33]",70,"[0.7321829199790955, 0.6607407927513123, 0.6037182807922363, 0.5613489151000977, 0.5293372273445129, 0.5046154856681824, 0.48498499393463135, 0.4701043367385864, 0.45763128995895386, 0.44790327548980713, 0.440212607383728, 0.43412449955940247, 0.4287222921848297, 0.4246150553226471, 0.4207034707069397, 0.4177442491054535, 0.4154915511608124, 0.41351640224456787, 0.4116256833076477, 0.4098219573497772, 0.40842682123184204, 0.4073769748210907, 0.4063856899738312, 0.4053373634815216, 0.4044935703277588, 0.4037557542324066, 0.40304261445999146, 0.4024132788181305, 0.4018510580062866, 0.4015098512172699, 0.40105143189430237, 0.40067967772483826, 0.40021029114723206, 0.3997631371021271, 0.39943423867225647, 0.3991367220878601, 0.39897051453590393, 0.3987395167350769, 0.39840954542160034, 0.39808040857315063, 0.39787453413009644, 0.397642582654953, 0.397419273853302, 0.3971995413303375, 0.3969363868236542, 0.39675599336624146, 0.3965415954589844, 0.39638057351112366, 0.3961302638053894, 0.3959215581417084, 0.39569851756095886, 0.3955746591091156, 0.3954218924045563, 0.39521324634552, 0.39503273367881775, 0.3948454260826111, 0.39465877413749695, 0.394491970539093, 0.39436349272727966, 0.39417511224746704, 0.3940058648586273, 0.39384350180625916, 0.39366602897644043, 0.3934921622276306, 0.3933161199092865, 0.3931673467159271, 0.3929821252822876, 0.39283114671707153, 0.3926590085029602, 0.392484575510025]",33.0,"[33.0, 33.0, 33.0, 33.0, 33.0, 33.0, 33.0, 33.0, 33.0, 33.0, 33.0, 33.0, 33.0, 33.0, 33.0, 33.0, 33.0, 33.0, 33.0, 33.0, 33.0, 33.0, 33.0, 33.0, 33.0, 33.0, 33.0, 33.0, 33.0, 33.0, 33.0, 33.0, 33.0, 33.0, 33.0, 33.0, 33.0, 33.0, 33.0, 33.0, 33.0, 33.0, 33.0, 33.0, 33.0, 33.0, 33.0, 33.0, 33.0, 33.0, 33.0, 33.0, 33.0, 33.0, 33.0, 33.0, 33.0, 33.0, 33.0, 33.0, 33.0, 33.0, 33.0, 33.0, 33.0, 33.0, 33.0, 33.0, 33.0, 33.0]",COMPLETE
125,125,0.8927361492187399,2024-08-31 05:40:36.630556,2024-08-31 05:40:55.765349,0 days 00:00:19.134793,64,5.918996902906024,5,40,0.09195435046476931,29,0.0008771803568854937,0.89,0.89125,7,"[33, 33, 33, 33, 33, 33, 33, 33, 33, 33, 33, 33, 32, 26, 19, 15, 15, 15, 14, 14, 14, 13, 13, 13, 12, 12, 11, 10, 10, 9, 8, 8, 7, 7, 7, 7, 7, 7, 7, 7]",6.991101223581758,"[32.96885428253616, 32.95216907675194, 32.96774193548387, 32.966629588431594, 32.96885428253615, 32.951056729699665, 32.969966629588434, 32.963292547274754, 32.963292547274754, 32.95661846496107, 32.95661846496107, 32.95328142380423, 31.96218020022247, 25.96218020022247, 18.97441601779755, 14.987764182424916, 14.975528364849833, 14.971078976640712, 13.975528364849833, 13.979977753058954, 13.977753058954395, 12.989988876529477, 12.984427141268077, 12.985539488320356, 11.985539488320356, 11.978865406006674, 10.981090100111235, 9.991101223581758, 9.981090100111235, 8.983314794215795, 7.987764182424916, 7.991101223581758, 6.994438264738599, 6.9933259176863185, 6.991101223581758, 6.992213570634038, 6.994438264738599, 6.987764182424916, 6.992213570634038, 6.991101223581758]",0.867642566401638,0.8927361492187399,7,"[33, 33, 33, 33, 33, 33, 33, 33, 33, 33, 33, 33, 32, 26, 19, 15, 15, 15, 14, 14, 14, 13, 13, 13, 12, 12, 11, 10, 10, 9, 8, 8, 7, 7, 7, 7, 7, 7, 7, 7]",40,"[0.3837948739528656, 0.3861011266708374, 0.37174075841903687, 0.3688868284225464, 0.3589475154876709, 0.3520279824733734, 0.3496403098106384, 0.3400115668773651, 0.3317209482192993, 0.33421725034713745, 0.3230133354663849, 0.3092937171459198, 0.30696192383766174, 0.29654747247695923, 0.29187753796577454, 0.2910076379776001, 0.2902432680130005, 0.2761754095554352, 0.27221041917800903, 0.2857528328895569, 0.2727518081665039, 0.2754124402999878, 0.26667770743370056, 0.2761192321777344, 0.31609073281288147, 0.25725942850112915, 0.2594969570636749, 0.28697702288627625, 0.25771570205688477, 0.25834372639656067, 0.27863454818725586, 0.2561812996864319, 0.26489847898483276, 0.2578786313533783, 0.25173845887184143, 0.2578109800815582, 0.2508290112018585, 0.24491921067237854, 0.26436540484428406, 0.2826816439628601]",7.0,"[33.0, 33.0, 33.0, 33.0, 33.0, 33.0, 33.0, 33.0, 33.0, 33.0, 33.0, 33.0, 32.0, 26.0, 19.0, 15.0, 15.0, 15.0, 14.0, 14.0, 14.0, 13.0, 13.0, 13.0, 12.0, 12.0, 11.0, 10.0, 10.0, 9.0, 8.0, 8.0, 7.0, 7.0, 7.0, 7.0, 7.0, 7.0, 7.0, 7.0]",COMPLETE
