,number,value,datetime_start,datetime_complete,duration,params_batch_size_scaler,params_constant_learning_rate,params_depth,params_epochs,params_kernel_l2,params_num_trees,params_temperature,user_attrs_accuracy_test,user_attrs_accuracy_valid,user_attrs_approximate_feature_sparsity,user_attrs_approximate_feature_sparsity_history,user_attrs_approximate_weight_sparsity,user_attrs_approximate_weight_sparsity_history,user_attrs_auc_test,user_attrs_auc_valid,user_attrs_feature_sparsity,user_attrs_feature_sparsity_history,user_attrs_num_epochs,user_attrs_val_loss_history,user_attrs_weight_sparsity,user_attrs_weight_sparsity_history,state
49,49,0.5,2024-08-31 02:23:03.145449,2024-08-31 02:25:12.650518,0 days 00:02:09.505069,4,4.022552240999249,4,325,0.0017331581434570933,53,0.032773040180980054,0.859,0.85875,0,"[0, 0, 0, 0, 0, 0, 0, 0, 0, 0, 0, 0, 0, 0, 0, 0, 0, 0, 0, 0, 0, 0, 0, 0, 0, 0, 0, 0, 0, 0, 0, 0, 0, 0, 0, 0, 0, 0, 0, 0, 0, 0, 0, 0, 0, 0, 0, 0, 0, 0, 0, 0, 0, 0, 0, 0, 0, 0, 0, 0, 0, 0, 0, 0, 0, 0, 0, 0, 0, 0, 0, 0, 0, 0, 0, 0, 0, 0, 0, 0, 0, 0, 0, 0, 0, 0, 0, 0, 0, 0, 0, 0, 0, 0, 0, 0, 0, 0, 0, 0, 0, 0, 0, 0, 0, 0, 0, 0, 0, 0, 0, 0, 0, 0, 0, 0, 0, 0, 0, 0, 0, 0, 0, 0, 0, 0, 0, 0, 0, 0, 0, 0, 0, 0, 0, 0, 0, 0, 0, 0, 0, 0, 0, 0, 0, 0, 0, 0, 0, 0, 0, 0, 0, 0, 0, 0, 0, 0, 0, 0, 0, 0, 0, 0, 0, 0, 0, 0, 0, 0, 0, 0, 0, 0, 0, 0, 0, 0, 0, 0, 0, 0, 0, 0, 0, 0, 0, 0, 0, 0, 0, 0, 0, 0, 0, 0, 0, 0, 0, 0, 0, 0, 0, 0, 0, 0, 0, 0, 0, 0, 0, 0, 0, 0, 0, 0, 0, 0, 0, 0, 0, 0, 0, 0, 0, 0, 0, 0, 0, 0, 0, 0, 0, 0, 0, 0, 0, 0, 0, 0, 0, 0, 0, 0, 0, 0, 0, 0, 0, 0, 0, 0, 0, 0, 0, 0, 0, 0, 0, 0, 0, 0, 0, 0, 0, 0, 0, 0, 0, 0, 0, 0, 0, 0, 0, 0, 0, 0, 0, 0, 0, 0, 0, 0, 0, 0, 0, 0, 0, 0, 0, 0, 0, 0, 0, 0, 0, 0, 0, 0, 0, 0, 0, 0, 0, 0, 0, 0, 0, 0, 0, 0, 0, 0, 0, 0, 0, 0, 0, 0, 0, 0, 0, 0, 0]",0.0,"[0.0, 0.0, 0.0, 0.0, 0.0, 0.0, 0.0, 0.0, 0.0, 0.0, 0.0, 0.0, 0.0, 0.0, 0.0, 0.0, 0.0, 0.0, 0.0, 0.0, 0.0, 0.0, 0.0, 0.0, 0.0, 0.0, 0.0, 0.0, 0.0, 0.0, 0.0, 0.0, 0.0, 0.0, 0.0, 0.0, 0.0, 0.0, 0.0, 0.0, 0.0, 0.0, 0.0, 0.0, 0.0, 0.0, 0.0, 0.0, 0.0, 0.0, 0.0, 0.0, 0.0, 0.0, 0.0, 0.0, 0.0, 0.0, 0.0, 0.0, 0.0, 0.0, 0.0, 0.0, 0.0, 0.0, 0.0, 0.0, 0.0, 0.0, 0.0, 0.0, 0.0, 0.0, 0.0, 0.0, 0.0, 0.0, 0.0, 0.0, 0.0, 0.0, 0.0, 0.0, 0.0, 0.0, 0.0, 0.0, 0.0, 0.0, 0.0, 0.0, 0.0, 0.0, 0.0, 0.0, 0.0, 0.0, 0.0, 0.0, 0.0, 0.0, 0.0, 0.0, 0.0, 0.0, 0.0, 0.0, 0.0, 0.0, 0.0, 0.0, 0.0, 0.0, 0.0, 0.0, 0.0, 0.0, 0.0, 0.0, 0.0, 0.0, 0.0, 0.0, 0.0, 0.0, 0.0, 0.0, 0.0, 0.0, 0.0, 0.0, 0.0, 0.0, 0.0, 0.0, 0.0, 0.0, 0.0, 0.0, 0.0, 0.0, 0.0, 0.0, 0.0, 0.0, 0.0, 0.0, 0.0, 0.0, 0.0, 0.0, 0.0, 0.0, 0.0, 0.0, 0.0, 0.0, 0.0, 0.0, 0.0, 0.0, 0.0, 0.0, 0.0, 0.0, 0.0, 0.0, 0.0, 0.0, 0.0, 0.0, 0.0, 0.0, 0.0, 0.0, 0.0, 0.0, 0.0, 0.0, 0.0, 0.0, 0.0, 0.0, 0.0, 0.0, 0.0, 0.0, 0.0, 0.0, 0.0, 0.0, 0.0, 0.0, 0.0, 0.0, 0.0, 0.0, 0.0, 0.0, 0.0, 0.0, 0.0, 0.0, 0.0, 0.0, 0.0, 0.0, 0.0, 0.0, 0.0, 0.0, 0.0, 0.0, 0.0, 0.0, 0.0, 0.0, 0.0, 0.0, 0.0, 0.0, 0.0, 0.0, 0.0, 0.0, 0.0, 0.0, 0.0, 0.0, 0.0, 0.0, 0.0, 0.0, 0.0, 0.0, 0.0, 0.0, 0.0, 0.0, 0.0, 0.0, 0.0, 0.0, 0.0, 0.0, 0.0, 0.0, 0.0, 0.0, 0.0, 0.0, 0.0, 0.0, 0.0, 0.0, 0.0, 0.0, 0.0, 0.0, 0.0, 0.0, 0.0, 0.0, 0.0, 0.0, 0.0, 0.0, 0.0, 0.0, 0.0, 0.0, 0.0, 0.0, 0.0, 0.0, 0.0, 0.0, 0.0, 0.0, 0.0, 0.0, 0.0, 0.0, 0.0, 0.0, 0.0, 0.0, 0.0, 0.0, 0.0, 0.0, 0.0, 0.0, 0.0, 0.0, 0.0, 0.0, 0.0, 0.0, 0.0, 0.0, 0.0, 0.0, 0.0, 0.0, 0.0, 0.0, 0.0, 0.0, 0.0, 0.0, 0.0, 0.0, 0.0, 0.0, 0.0, 0.0, 0.0, 0.0, 0.0, 0.0, 0.0, 0.0, 0.0]",0.5,0.5,0,"[0, 0, 0, 0, 0, 0, 0, 0, 0, 0, 0, 0, 0, 0, 0, 0, 0, 0, 0, 0, 0, 0, 0, 0, 0, 0, 0, 0, 0, 0, 0, 0, 0, 0, 0, 0, 0, 0, 0, 0, 0, 0, 0, 0, 0, 0, 0, 0, 0, 0, 0, 0, 0, 0, 0, 0, 0, 0, 0, 0, 0, 0, 0, 0, 0, 0, 0, 0, 0, 0, 0, 0, 0, 0, 0, 0, 0, 0, 0, 0, 0, 0, 0, 0, 0, 0, 0, 0, 0, 0, 0, 0, 0, 0, 0, 0, 0, 0, 0, 0, 0, 0, 0, 0, 0, 0, 0, 0, 0, 0, 0, 0, 0, 0, 0, 0, 0, 0, 0, 0, 0, 0, 0, 0, 0, 0, 0, 0, 0, 0, 0, 0, 0, 0, 0, 0, 0, 0, 0, 0, 0, 0, 0, 0, 0, 0, 0, 0, 0, 0, 0, 0, 0, 0, 0, 0, 0, 0, 0, 0, 0, 0, 0, 0, 0, 0, 0, 0, 0, 0, 0, 0, 0, 0, 0, 0, 0, 0, 0, 0, 0, 0, 0, 0, 0, 0, 0, 0, 0, 0, 0, 0, 0, 0, 0, 0, 0, 0, 0, 0, 0, 0, 0, 0, 0, 0, 0, 0, 0, 0, 0, 0, 0, 0, 0, 0, 0, 0, 0, 0, 0, 0, 0, 0, 0, 0, 0, 0, 0, 0, 0, 0, 0, 0, 0, 0, 0, 0, 0, 0, 0, 0, 0, 0, 0, 0, 0, 0, 0, 0, 0, 0, 0, 0, 0, 0, 0, 0, 0, 0, 0, 0, 0, 0, 0, 0, 0, 0, 0, 0, 0, 0, 0, 0, 0, 0, 0, 0, 0, 0, 0, 0, 0, 0, 0, 0, 0, 0, 0, 0, 0, 0, 0, 0, 0, 0, 0, 0, 0, 0, 0, 0, 0, 0, 0, 0, 0, 0, 0, 0, 0, 0, 0, 0, 0, 0, 0, 0, 0, 0, 0, 0, 0, 0, 0]",325,"[0.6596415638923645, 1.1260682344436646, 0.5630816221237183, 0.6631545424461365, 0.6372823119163513, 0.4528413712978363, 1.2732906341552734, 2.3935561180114746, 1.6668479442596436, 0.5738033056259155, 1.385452151298523, 0.952473521232605, 0.4544235169887543, 0.7273269891738892, 0.665407657623291, 0.4557950496673584, 0.47080105543136597, 0.4169083833694458, 0.7396976947784424, 0.6496093273162842, 0.47491806745529175, 2.0788755416870117, 0.5205205678939819, 1.1203320026397705, 1.2625163793563843, 0.5140051245689392, 1.5071769952774048, 0.6991531848907471, 1.3150835037231445, 0.624172031879425, 1.3889633417129517, 0.44515591859817505, 0.40919914841651917, 0.4418877065181732, 0.5766199827194214, 0.5645108222961426, 0.9765521287918091, 0.44877296686172485, 1.5477497577667236, 1.5261964797973633, 0.4375077486038208, 0.40971943736076355, 0.5662850737571716, 0.40726104378700256, 1.7470190525054932, 0.4420287013053894, 0.5540148019790649, 1.5284478664398193, 0.761935293674469, 0.5822576880455017, 1.1201679706573486, 0.4164494574069977, 1.164162516593933, 0.8761120438575745, 0.7648866176605225, 1.3001124858856201, 1.1524887084960938, 0.44500505924224854, 0.652012050151825, 0.7005342245101929, 2.031187057495117, 0.42709892988204956, 0.43590182065963745, 0.40894949436187744, 0.7633545398712158, 0.6656647324562073, 1.4560803174972534, 1.2602324485778809, 0.827912449836731, 1.795282006263733, 0.4784720540046692, 1.4779868125915527, 1.6261204481124878, 0.45667555928230286, 0.5652872920036316, 0.958252489566803, 1.223687767982483, 0.4835565686225891, 0.47570326924324036, 0.5064131617546082, 1.038088321685791, 0.4074626863002777, 0.451038122177124, 0.413155734539032, 0.4971056878566742, 0.8939585089683533, 0.8648694753646851, 0.5440444946289062, 0.42168155312538147, 0.5383021235466003, 0.47318360209465027, 1.1269820928573608, 1.765770435333252, 0.4589601457118988, 2.086066484451294, 0.44021838903427124, 0.4552154242992401, 0.41788795590400696, 0.4608604907989502, 1.198541283607483, 0.48997509479522705, 0.6861149072647095, 1.405950903892517, 0.4576341211795807, 1.3559833765029907, 0.46561169624328613, 0.7554410696029663, 2.7520720958709717, 0.6205440759658813, 0.4512813687324524, 0.7279534935951233, 2.2434356212615967, 0.4159255623817444, 1.137131929397583, 0.4359060227870941, 0.41776835918426514, 1.1688801050186157, 0.8107970952987671, 0.47777801752090454, 1.098619818687439, 1.4852279424667358, 1.7272231578826904, 1.2030740976333618, 0.5172726511955261, 0.8103463053703308, 0.46291592717170715, 2.2950382232666016, 0.4198072850704193, 1.3315104246139526, 0.4217990040779114, 0.7468786835670471, 0.47691887617111206, 1.447844386100769, 0.6055921912193298, 1.3613389730453491, 1.276289701461792, 0.8651131987571716, 2.0532186031341553, 0.5297319889068604, 1.7307424545288086, 0.5365995764732361, 1.5187022686004639, 1.0166994333267212, 0.49613669514656067, 0.4744497239589691, 0.7792897820472717, 1.8184704780578613, 1.3418338298797607, 0.44989773631095886, 1.4299540519714355, 0.41469210386276245, 2.3330023288726807, 0.42727455496788025, 0.4085717797279358, 0.5662146806716919, 0.5099220871925354, 0.4220206141471863, 0.6935880184173584, 0.421081006526947, 1.3637696504592896, 1.2893328666687012, 1.2394895553588867, 0.715503990650177, 0.988627016544342, 1.0752003192901611, 0.45938095450401306, 1.3701821565628052, 0.6914972066879272, 1.074975609779358, 0.46696391701698303, 1.2316749095916748, 0.6634131073951721, 0.49027520418167114, 0.48527634143829346, 0.694104790687561, 0.4590725302696228, 2.320434808731079, 0.42651233077049255, 0.5478636622428894, 0.6648334264755249, 0.49365317821502686, 0.451950341463089, 0.43314892053604126, 1.9070167541503906, 0.9260044097900391, 1.4113061428070068, 2.134761095046997, 0.40757641196250916, 0.7903625965118408, 1.318813681602478, 1.0779962539672852, 0.9754149913787842, 0.4087894558906555, 0.4787796139717102, 1.0825164318084717, 1.9445570707321167, 0.7598316669464111, 1.5493260622024536, 0.4074850082397461, 0.4328429400920868, 2.444913864135742, 0.4975069761276245, 0.5056988000869751, 0.418650358915329, 0.8128044009208679, 0.6479812860488892, 0.49310943484306335, 0.9374381303787231, 1.2044891119003296, 2.1471269130706787, 1.5844850540161133, 0.44783616065979004, 0.916565477848053, 1.8219714164733887, 0.4441462457180023, 0.6236421465873718, 0.4092687666416168, 1.5427697896957397, 0.5154062509536743, 0.6136756539344788, 0.43303340673446655, 0.7833042144775391, 0.41038307547569275, 1.1638901233673096, 0.8395939469337463, 0.5190984606742859, 0.4286702275276184, 0.6515923142433167, 0.8037976026535034, 0.9015766382217407, 2.0861005783081055, 0.4264259338378906, 0.4613129794597626, 0.6447431445121765, 0.4077959954738617, 0.9829937219619751, 1.2547580003738403, 0.4204981327056885, 2.2410712242126465, 0.8255918622016907, 0.4832277297973633, 0.7451673746109009, 0.7423189282417297, 0.8258141875267029, 1.3322542905807495, 0.5125341415405273, 0.42819297313690186, 1.472975254058838, 0.6653231978416443, 0.4920346140861511, 1.0015571117401123, 0.6914384365081787, 0.46916675567626953, 0.4711028039455414, 0.4131779074668884, 0.5921092629432678, 0.40925028920173645, 0.442645788192749, 0.47376713156700134, 1.970766305923462, 0.5056303143501282, 0.9729052782058716, 0.4182741045951843, 1.2634319067001343, 0.46083199977874756, 0.5138390064239502, 0.4134644567966461, 0.4662603437900543, 1.342218279838562, 1.802196979522705, 0.4632324278354645, 0.41513344645500183, 0.6068986654281616, 1.1641045808792114, 0.4221629202365875, 0.5196213722229004, 0.7849054932594299, 1.7868516445159912, 0.4423130750656128, 0.4299639165401459, 0.992658793926239, 1.2248581647872925, 0.4073103964328766, 1.6034250259399414, 0.5271596312522888, 1.0309933423995972, 0.41546207666397095, 0.4090106189250946, 0.5348497629165649, 1.0696444511413574, 0.5228836536407471, 1.1370971202850342, 0.45893871784210205, 0.4163283407688141, 0.537590742111206, 0.4196518659591675, 1.0767109394073486, 0.453724205493927, 0.5819463729858398, 0.5631649494171143, 0.4886925220489502, 0.4127313196659088, 0.5165579319000244, 0.6589899659156799, 0.5185900330543518, 1.0268000364303589, 0.4335200786590576, 0.40786418318748474, 1.0589407682418823, 0.43036478757858276, 1.904449462890625, 0.7104062438011169, 0.41410428285598755, 0.5403080582618713, 0.8621482253074646, 2.160978317260742, 0.876883327960968, 0.41802433133125305, 0.9287381768226624, 0.449004203081131, 1.4307739734649658, 0.7485128045082092, 1.649058222770691, 0.41276511549949646, 1.6337379217147827]",0.0,"[0.0, 0.0, 0.0, 0.0, 0.0, 0.0, 0.0, 0.0, 0.0, 0.0, 0.0, 0.0, 0.0, 0.0, 0.0, 0.0, 0.0, 0.0, 0.0, 0.0, 0.0, 0.0, 0.0, 0.0, 0.0, 0.0, 0.0, 0.0, 0.0, 0.0, 0.0, 0.0, 0.0, 0.0, 0.0, 0.0, 0.0, 0.0, 0.0, 0.0, 0.0, 0.0, 0.0, 0.0, 0.0, 0.0, 0.0, 0.0, 0.0, 0.0, 0.0, 0.0, 0.0, 0.0, 0.0, 0.0, 0.0, 0.0, 0.0, 0.0, 0.0, 0.0, 0.0, 0.0, 0.0, 0.0, 0.0, 0.0, 0.0, 0.0, 0.0, 0.0, 0.0, 0.0, 0.0, 0.0, 0.0, 0.0, 0.0, 0.0, 0.0, 0.0, 0.0, 0.0, 0.0, 0.0, 0.0, 0.0, 0.0, 0.0, 0.0, 0.0, 0.0, 0.0, 0.0, 0.0, 0.0, 0.0, 0.0, 0.0, 0.0, 0.0, 0.0, 0.0, 0.0, 0.0, 0.0, 0.0, 0.0, 0.0, 0.0, 0.0, 0.0, 0.0, 0.0, 0.0, 0.0, 0.0, 0.0, 0.0, 0.0, 0.0, 0.0, 0.0, 0.0, 0.0, 0.0, 0.0, 0.0, 0.0, 0.0, 0.0, 0.0, 0.0, 0.0, 0.0, 0.0, 0.0, 0.0, 0.0, 0.0, 0.0, 0.0, 0.0, 0.0, 0.0, 0.0, 0.0, 0.0, 0.0, 0.0, 0.0, 0.0, 0.0, 0.0, 0.0, 0.0, 0.0, 0.0, 0.0, 0.0, 0.0, 0.0, 0.0, 0.0, 0.0, 0.0, 0.0, 0.0, 0.0, 0.0, 0.0, 0.0, 0.0, 0.0, 0.0, 0.0, 0.0, 0.0, 0.0, 0.0, 0.0, 0.0, 0.0, 0.0, 0.0, 0.0, 0.0, 0.0, 0.0, 0.0, 0.0, 0.0, 0.0, 0.0, 0.0, 0.0, 0.0, 0.0, 0.0, 0.0, 0.0, 0.0, 0.0, 0.0, 0.0, 0.0, 0.0, 0.0, 0.0, 0.0, 0.0, 0.0, 0.0, 0.0, 0.0, 0.0, 0.0, 0.0, 0.0, 0.0, 0.0, 0.0, 0.0, 0.0, 0.0, 0.0, 0.0, 0.0, 0.0, 0.0, 0.0, 0.0, 0.0, 0.0, 0.0, 0.0, 0.0, 0.0, 0.0, 0.0, 0.0, 0.0, 0.0, 0.0, 0.0, 0.0, 0.0, 0.0, 0.0, 0.0, 0.0, 0.0, 0.0, 0.0, 0.0, 0.0, 0.0, 0.0, 0.0, 0.0, 0.0, 0.0, 0.0, 0.0, 0.0, 0.0, 0.0, 0.0, 0.0, 0.0, 0.0, 0.0, 0.0, 0.0, 0.0, 0.0, 0.0, 0.0, 0.0, 0.0, 0.0, 0.0, 0.0, 0.0, 0.0, 0.0, 0.0, 0.0, 0.0, 0.0, 0.0, 0.0, 0.0, 0.0, 0.0, 0.0, 0.0, 0.0, 0.0, 0.0, 0.0, 0.0, 0.0, 0.0, 0.0, 0.0, 0.0, 0.0, 0.0, 0.0, 0.0, 0.0, 0.0, 0.0, 0.0, 0.0, 0.0, 0.0, 0.0, 0.0, 0.0, 0.0, 0.0, 0.0]",COMPLETE
