,number,value,datetime_start,datetime_complete,duration,params_batch_size_scaler,params_constant_learning_rate,params_depth,params_epochs,params_kernel_l2,params_num_trees,params_temperature,user_attrs_accuracy_test,user_attrs_accuracy_valid,user_attrs_approximate_feature_sparsity,user_attrs_approximate_feature_sparsity_history,user_attrs_approximate_weight_sparsity,user_attrs_approximate_weight_sparsity_history,user_attrs_auc_test,user_attrs_auc_valid,user_attrs_feature_sparsity,user_attrs_feature_sparsity_history,user_attrs_num_epochs,user_attrs_val_loss_history,user_attrs_weight_sparsity,user_attrs_weight_sparsity_history,state
101,101,0.9030928366245443,2024-08-31 04:29:25.773966,2024-08-31 04:29:32.882971,0 days 00:00:07.109005,4,0.10663990722216535,2,40,0.00994916458529811,9,0.00036997650211430586,0.904,0.8975,32,"[33, 33, 33, 33, 33, 33, 33, 33, 33, 33, 33, 33, 33, 33, 33, 33, 33, 33, 33, 33, 33, 33, 33, 33, 33, 33, 33, 33, 33, 33, 33, 33, 33, 33, 33, 33, 33, 33, 33, 32]",32.0,"[33.0, 33.0, 33.0, 33.0, 33.0, 33.0, 32.96296296296296, 32.96296296296296, 32.96296296296296, 33.0, 33.0, 32.96296296296296, 33.0, 33.0, 33.0, 32.925925925925924, 33.0, 33.0, 33.0, 33.0, 32.96296296296296, 33.0, 33.0, 33.0, 32.96296296296296, 33.0, 33.0, 33.0, 33.0, 33.0, 32.96296296296296, 33.0, 33.0, 33.0, 33.0, 33.0, 32.96296296296296, 33.0, 33.0, 32.0]",0.889926435984445,0.9030928366245443,32,"[33, 33, 33, 33, 33, 33, 33, 33, 33, 33, 33, 33, 33, 33, 33, 33, 33, 33, 33, 33, 33, 33, 33, 33, 33, 33, 33, 33, 33, 33, 33, 33, 33, 33, 33, 33, 33, 33, 33, 32]",40,"[0.3933602571487427, 0.3857799768447876, 0.3805862069129944, 0.3761539161205292, 0.3726361095905304, 0.3698444664478302, 0.3655681610107422, 0.36312979459762573, 0.3590466380119324, 0.35454753041267395, 0.351513147354126, 0.34710848331451416, 0.34324902296066284, 0.33937183022499084, 0.33504894375801086, 0.33074119687080383, 0.3266458511352539, 0.3223217725753784, 0.3178301751613617, 0.31350839138031006, 0.30948150157928467, 0.30514776706695557, 0.3016412556171417, 0.298123836517334, 0.2945595979690552, 0.2921760082244873, 0.2885742783546448, 0.2849920988082886, 0.2821177542209625, 0.2798294126987457, 0.276582270860672, 0.27452927827835083, 0.27103275060653687, 0.269265741109848, 0.2666832506656647, 0.2635385990142822, 0.2620200216770172, 0.25909027457237244, 0.2583155930042267, 0.2551799416542053]",32.0,"[33.0, 33.0, 33.0, 33.0, 33.0, 33.0, 33.0, 33.0, 33.0, 33.0, 33.0, 33.0, 33.0, 33.0, 33.0, 33.0, 33.0, 33.0, 33.0, 33.0, 33.0, 33.0, 33.0, 33.0, 33.0, 33.0, 33.0, 33.0, 33.0, 33.0, 33.0, 33.0, 33.0, 33.0, 33.0, 33.0, 33.0, 33.0, 33.0, 32.0]",COMPLETE
102,102,0.9217967049245792,2024-08-31 04:29:34.709683,2024-08-31 04:41:17.663913,0 days 00:11:42.954230,4,0.10806326309967598,6,325,0.34564434613344414,96,0.0013395215934437902,0.934,0.9325,33,"[33, 33, 33, 33, 33, 33, 33, 33, 33, 33, 33, 33, 33, 33, 33, 33, 33, 33, 33, 33, 33, 33, 33, 33, 33, 33, 33, 33, 33, 33, 33, 33, 33, 33, 33, 33, 33, 33, 33, 33, 33, 33, 33, 33, 33, 33, 33, 33, 33, 33, 33, 33, 33, 33, 33, 33, 33, 33, 33, 33, 33, 33, 33, 33, 33, 33, 33, 33, 33, 33, 33, 33, 33, 33, 33, 33, 33, 33, 33, 33, 33, 33, 33, 33, 33, 33, 33, 33, 33, 33, 33, 33, 33, 33, 33, 33, 33, 33, 33, 33, 33, 33, 33, 33, 33, 33, 33, 33, 33, 33, 33, 33, 33, 33, 33, 33, 33, 33, 33, 33, 33, 33, 33, 33, 33, 33, 33, 33, 33, 33, 33, 33, 33, 33, 33, 33, 33, 33, 33, 33, 33, 33, 33, 33, 33, 33, 33, 33, 33, 33, 33, 33, 33, 33, 33, 33, 33, 33, 33, 33, 33, 33, 33, 33, 33, 33, 33, 33, 33, 33, 33, 33, 33, 33, 33, 33, 33, 33, 33, 33, 33, 33, 33, 33, 33, 33, 33, 33, 33, 33, 33, 33, 33, 33, 33, 33, 33, 33, 33, 33, 33, 33, 33, 33, 33, 33, 33, 33, 33, 33, 33, 33, 33, 33, 33, 33, 33, 33, 33, 33, 33, 33, 33, 33, 33, 33, 33, 33, 33, 33, 33, 33, 33, 33, 33, 33, 33, 33, 33, 33, 33, 33, 33, 33, 33, 33, 33, 33, 33, 33, 33, 33, 33, 33, 33, 33, 33, 33, 33, 33, 33, 33, 33, 33, 33, 33, 33, 33, 33, 33, 33, 33, 33, 33, 33, 33, 33, 33, 33, 33, 33, 33, 33, 33, 33, 33, 33, 33, 33, 33, 33, 33, 33, 33, 33, 33, 33, 33, 33, 33, 33, 33, 33, 33, 33, 33, 33, 33, 33, 33, 33, 33, 33, 33, 33, 33, 33, 33, 33, 33, 33, 33, 33, 33, 33]",32.885747354497354,"[32.89715608465608, 32.892691798941804, 32.89021164021164, 32.892361111111114, 32.8926917989418, 32.89699074074074, 32.895833333333336, 32.892691798941804, 32.89401455026455, 32.89351851851852, 32.89037698412699, 32.89318783068783, 32.8926917989418, 32.892526455026456, 32.88938492063492, 32.8912037037037, 32.88839285714286, 32.8912037037037, 32.888392857142854, 32.892195767195766, 32.892526455026456, 32.89401455026455, 32.88773148148149, 32.888392857142854, 32.892195767195766, 32.895337301587304, 32.8926917989418, 32.88822751322751, 32.89054232804233, 32.89351851851852, 32.895006613756614, 32.895833333333336, 32.89021164021164, 32.88938492063492, 32.892526455026456, 32.894675925925924, 32.895171957671955, 32.89451058201058, 32.89632936507937, 32.89087301587301, 32.891699735449734, 32.89335317460318, 32.89368386243387, 32.89136904761905, 32.89087301587302, 32.88806216931217, 32.889054232804234, 32.88740079365079, 32.88690476190476, 32.8926917989418, 32.892195767195766, 32.89054232804233, 32.88888888888889, 32.89103835978836, 32.89368386243386, 32.89616402116402, 32.89368386243386, 32.895502645502646, 32.89864417989418, 32.89401455026455, 32.89583333333333, 32.89302248677249, 32.89335317460317, 32.88888888888889, 32.891369047619044, 32.889550264550266, 32.89302248677249, 32.891699735449734, 32.89434523809524, 32.89153439153439, 32.8912037037037, 32.89401455026455, 32.89417989417989, 32.895337301587304, 32.89335317460318, 32.895833333333336, 32.897652116402114, 32.8926917989418, 32.89351851851852, 32.89037698412699, 32.89302248677249, 32.892195767195766, 32.89054232804233, 32.89070767195767, 32.89087301587301, 32.8900462962963, 32.8912037037037, 32.891699735449734, 32.889880952380956, 32.88723544973545, 32.888723544973544, 32.88756613756614, 32.888392857142854, 32.89054232804233, 32.89037698412699, 32.89021164021164, 32.88888888888889, 32.89368386243386, 32.89351851851852, 32.89599867724868, 32.89351851851852, 32.892195767195766, 32.89087301587302, 32.8912037037037, 32.89186507936508, 32.888888888888886, 32.8900462962963, 32.89335317460318, 32.88938492063492, 32.889219576719576, 32.89186507936508, 32.892030423280424, 32.89021164021164, 32.88458994708995, 32.88558201058201, 32.88690476190476, 32.88508597883598, 32.886408730158735, 32.879794973544975, 32.87896825396826, 32.88128306878307, 32.88690476190476, 32.8885582010582, 32.886574074074076, 32.8900462962963, 32.89335317460317, 32.89302248677249, 32.89153439153439, 32.892857142857146, 32.89401455026455, 32.89649470899471, 32.89368386243386, 32.8900462962963, 32.89054232804233, 32.8912037037037, 32.892526455026456, 32.89236111111111, 32.89153439153439, 32.889384920634924, 32.886243386243386, 32.88541666666667, 32.886574074074076, 32.8859126984127, 32.88839285714286, 32.88558201058201, 32.88508597883598, 32.88492063492063, 32.88558201058201, 32.889384920634924, 32.886904761904766, 32.88343253968254, 32.883597883597886, 32.8817791005291, 32.88740079365079, 32.885416666666664, 32.886078042328045, 32.88475529100529, 32.8885582010582, 32.8885582010582, 32.88707010582011, 32.8859126984127, 32.8859126984127, 32.886243386243386, 32.885747354497354, 32.885912698412696, 32.88888888888889, 32.88773148148148, 32.88773148148148, 32.88707010582011, 32.88723544973545, 32.886408730158735, 32.88872354497355, 32.888392857142854, 32.89021164021164, 32.89087301587301, 32.89318783068783, 32.892195767195766, 32.89335317460317, 32.888888888888886, 32.88971560846561, 32.888723544973544, 32.89037698412699, 32.89103835978836, 32.89318783068783, 32.8900462962963, 32.88888888888889, 32.89070767195767, 32.889880952380956, 32.89153439153439, 32.889880952380956, 32.88806216931217, 32.88822751322752, 32.89136904761905, 32.88971560846561, 32.89103835978836, 32.89087301587301, 32.89451058201058, 32.89368386243386, 32.892857142857146, 32.89302248677249, 32.89037698412699, 32.89054232804233, 32.88673941798942, 32.88822751322751, 32.8885582010582, 32.88773148148148, 32.88442460317461, 32.88475529100529, 32.88475529100529, 32.88492063492063, 32.88045634920635, 32.883597883597886, 32.88475529100529, 32.88541666666667, 32.88458994708995, 32.889054232804234, 32.8885582010582, 32.88723544973545, 32.88839285714286, 32.88756613756614, 32.8874007936508, 32.88723544973545, 32.88558201058201, 32.88045634920635, 32.879960317460316, 32.87847222222222, 32.87847222222222, 32.87896825396825, 32.8806216931217, 32.88161375661375, 32.883101851851855, 32.88227513227513, 32.88293650793651, 32.883432539682545, 32.88525132275132, 32.886408730158735, 32.88425925925926, 32.883597883597886, 32.88161375661375, 32.88029100529101, 32.87830687830688, 32.87731481481482, 32.877149470899475, 32.87367724867725, 32.876818783068785, 32.87731481481482, 32.87582671957672, 32.874173280423285, 32.87185846560847, 32.87037037037037, 32.870205026455025, 32.870039682539684, 32.87152777777778, 32.87218915343915, 32.87285052910053, 32.872850529100525, 32.87533068783069, 32.87714947089947, 32.879960317460316, 32.8806216931217, 32.87847222222222, 32.88029100529101, 32.87830687830688, 32.87731481481482, 32.879629629629626, 32.8817791005291, 32.88029100529101, 32.87929894179894, 32.87863756613757, 32.880125661375665, 32.88194444444444, 32.88078703703704, 32.8817791005291, 32.88392857142857, 32.88425925925926, 32.882440476190474, 32.883267195767196, 32.88425925925926, 32.882771164021165, 32.88260582010582, 32.88128306878307, 32.87896825396825, 32.87731481481482, 32.87863756613757, 32.879794973544975, 32.88227513227513, 32.88111772486773, 32.882109788359784, 32.88458994708995, 32.883101851851855, 32.882109788359784, 32.879464285714285, 32.8806216931217, 32.88210978835979, 32.882109788359784, 32.883432539682545, 32.883267195767196, 32.883597883597886, 32.883597883597886, 32.88525132275132, 32.88425925925926, 32.88492063492063, 32.88525132275132, 32.88541666666667, 32.88475529100529, 32.883597883597886, 32.88525132275132, 32.886904761904766, 32.886243386243386, 32.88673941798942, 32.88773148148148, 32.88723544973545, 32.88690476190476, 32.886078042328045, 32.88806216931217, 32.88673941798942, 32.88740079365079, 32.886078042328045, 32.886078042328045, 32.88508597883598, 32.883597883597886, 32.88458994708994, 32.88558201058201, 32.88508597883598, 32.885747354497354]",0.9065629669993973,0.9217967049245792,33,"[33, 33, 33, 33, 33, 33, 33, 33, 33, 33, 33, 33, 33, 33, 33, 33, 33, 33, 33, 33, 33, 33, 33, 33, 33, 33, 33, 33, 33, 33, 33, 33, 33, 33, 33, 33, 33, 33, 33, 33, 33, 33, 33, 33, 33, 33, 33, 33, 33, 33, 33, 33, 33, 33, 33, 33, 33, 33, 33, 33, 33, 33, 33, 33, 33, 33, 33, 33, 33, 33, 33, 33, 33, 33, 33, 33, 33, 33, 33, 33, 33, 33, 33, 33, 33, 33, 33, 33, 33, 33, 33, 33, 33, 33, 33, 33, 33, 33, 33, 33, 33, 33, 33, 33, 33, 33, 33, 33, 33, 33, 33, 33, 33, 33, 33, 33, 33, 33, 33, 33, 33, 33, 33, 33, 33, 33, 33, 33, 33, 33, 33, 33, 33, 33, 33, 33, 33, 33, 33, 33, 33, 33, 33, 33, 33, 33, 33, 33, 33, 33, 33, 33, 33, 33, 33, 33, 33, 33, 33, 33, 33, 33, 33, 33, 33, 33, 33, 33, 33, 33, 33, 33, 33, 33, 33, 33, 33, 33, 33, 33, 33, 33, 33, 33, 33, 33, 33, 33, 33, 33, 33, 33, 33, 33, 33, 33, 33, 33, 33, 33, 33, 33, 33, 33, 33, 33, 33, 33, 33, 33, 33, 33, 33, 33, 33, 33, 33, 33, 33, 33, 33, 33, 33, 33, 33, 33, 33, 33, 33, 33, 33, 33, 33, 33, 33, 33, 33, 33, 33, 33, 33, 33, 33, 33, 33, 33, 33, 33, 33, 33, 33, 33, 33, 33, 33, 33, 33, 33, 33, 33, 33, 33, 33, 33, 33, 33, 33, 33, 33, 33, 33, 33, 33, 33, 33, 33, 33, 33, 33, 33, 33, 33, 33, 33, 33, 33, 33, 33, 33, 33, 33, 33, 33, 33, 33, 33, 33, 33, 33, 33, 33, 33, 33, 33, 33, 33, 33, 33, 33, 33, 33, 33, 33, 33, 33, 33, 33, 33, 33, 33, 33, 33, 33, 33, 33]",325,"[0.4045961797237396, 0.39888203144073486, 0.3945053815841675, 0.3910123407840729, 0.3879420757293701, 0.3854202330112457, 0.38324183225631714, 0.3813648521900177, 0.37972724437713623, 0.37839046120643616, 0.377094030380249, 0.37605175375938416, 0.37473925948143005, 0.37360909581184387, 0.37264251708984375, 0.3717663288116455, 0.37137702107429504, 0.37049785256385803, 0.36939799785614014, 0.3685692548751831, 0.36779168248176575, 0.36732959747314453, 0.3661557734012604, 0.36571499705314636, 0.3648495376110077, 0.3640102744102478, 0.36336052417755127, 0.3629131019115448, 0.3619913160800934, 0.36153358221054077, 0.36061152815818787, 0.3598129153251648, 0.3591901361942291, 0.35842108726501465, 0.35811638832092285, 0.3570703864097595, 0.35664382576942444, 0.3557545840740204, 0.3550519645214081, 0.35455989837646484, 0.3538416624069214, 0.35304996371269226, 0.3526299297809601, 0.3516935110092163, 0.35108670592308044, 0.350383996963501, 0.3497692048549652, 0.3493131995201111, 0.34857216477394104, 0.34809401631355286, 0.3472198247909546, 0.3465496897697449, 0.3458922505378723, 0.34520062804222107, 0.344657301902771, 0.3438696265220642, 0.3433067202568054, 0.342688649892807, 0.3421363830566406, 0.34136173129081726, 0.3410106599330902, 0.3399795591831207, 0.3392238914966583, 0.3387887179851532, 0.33831530809402466, 0.3374316394329071, 0.3367656469345093, 0.3358433246612549, 0.3351718783378601, 0.33445149660110474, 0.3337751030921936, 0.33303916454315186, 0.3324059247970581, 0.3315522372722626, 0.3310089409351349, 0.3301995098590851, 0.3294132351875305, 0.3287757635116577, 0.3281329870223999, 0.32738205790519714, 0.3262009024620056, 0.3254517614841461, 0.32457906007766724, 0.32379573583602905, 0.3230534791946411, 0.32203006744384766, 0.3212428689002991, 0.32030442357063293, 0.3195435404777527, 0.318528413772583, 0.31753700971603394, 0.3166099190711975, 0.3159389793872833, 0.3148881793022156, 0.3136720359325409, 0.3126524090766907, 0.3119592070579529, 0.3106395900249481, 0.30970683693885803, 0.30862492322921753, 0.3075579106807709, 0.30670514702796936, 0.3054509460926056, 0.3044356405735016, 0.3035985827445984, 0.30246543884277344, 0.30133184790611267, 0.30044838786125183, 0.29911014437675476, 0.29799067974090576, 0.29698023200035095, 0.29585668444633484, 0.2947692275047302, 0.2935599088668823, 0.2927902042865753, 0.29144051671028137, 0.2904949188232422, 0.2894023358821869, 0.28824272751808167, 0.2872738242149353, 0.2862347364425659, 0.28515368700027466, 0.284100741147995, 0.2834555506706238, 0.2822491228580475, 0.2814650237560272, 0.2803078293800354, 0.279420405626297, 0.2783607542514801, 0.2774520516395569, 0.2765410542488098, 0.2757939398288727, 0.27517545223236084, 0.2739483416080475, 0.2733563184738159, 0.27242597937583923, 0.27183687686920166, 0.27106961607933044, 0.2699899971485138, 0.2692621052265167, 0.2686358690261841, 0.26814791560173035, 0.2674911320209503, 0.2663990557193756, 0.26574915647506714, 0.26523199677467346, 0.2644670009613037, 0.26377227902412415, 0.2632201611995697, 0.26244664192199707, 0.2618999779224396, 0.2611245810985565, 0.2605958878993988, 0.2599143087863922, 0.25940120220184326, 0.258765310049057, 0.2583942711353302, 0.25793954730033875, 0.2571117877960205, 0.25639230012893677, 0.2559746205806732, 0.25531628727912903, 0.254774272441864, 0.25443339347839355, 0.2540000379085541, 0.2531623840332031, 0.25273242592811584, 0.2524818778038025, 0.25176677107810974, 0.2512887716293335, 0.2506840229034424, 0.2505982220172882, 0.24992705881595612, 0.24926210939884186, 0.24887044727802277, 0.24852977693080902, 0.24848251044750214, 0.2476530224084854, 0.24703752994537354, 0.24658939242362976, 0.24638181924819946, 0.24594102799892426, 0.24530208110809326, 0.2450776845216751, 0.24459686875343323, 0.24415773153305054, 0.2438458651304245, 0.24299044907093048, 0.24271932244300842, 0.24239560961723328, 0.2419530302286148, 0.2416357398033142, 0.24129001796245575, 0.24093160033226013, 0.24040846526622772, 0.23990966379642487, 0.23968350887298584, 0.23913545906543732, 0.2388973981142044, 0.2386922687292099, 0.23838651180267334, 0.23801469802856445, 0.2374250739812851, 0.23705177009105682, 0.23656795918941498, 0.23626145720481873, 0.23579181730747223, 0.23544429242610931, 0.23558932542800903, 0.2352346032857895, 0.23468728363513947, 0.23434127867221832, 0.23467758297920227, 0.2338438183069229, 0.23314768075942993, 0.23309560120105743, 0.23258572816848755, 0.23225268721580505, 0.23198214173316956, 0.23166492581367493, 0.23156391084194183, 0.23091812431812286, 0.23049041628837585, 0.2301645129919052, 0.22972343862056732, 0.22980643808841705, 0.22932018339633942, 0.22889503836631775, 0.22872179746627808, 0.22843831777572632, 0.22804194688796997, 0.2279907613992691, 0.22804155945777893, 0.2275463491678238, 0.22750160098075867, 0.22660380601882935, 0.22702038288116455, 0.22659575939178467, 0.22600699961185455, 0.22591881453990936, 0.22598783671855927, 0.22542722523212433, 0.22477573156356812, 0.22494350373744965, 0.22451850771903992, 0.22470970451831818, 0.22414298355579376, 0.22387327253818512, 0.22346553206443787, 0.2233894169330597, 0.22312822937965393, 0.2230653315782547, 0.2227732241153717, 0.22275187075138092, 0.22220958769321442, 0.22199930250644684, 0.2216210812330246, 0.22120648622512817, 0.22190596163272858, 0.22112832963466644, 0.2208598107099533, 0.2212928831577301, 0.22050757706165314, 0.22027739882469177, 0.22023352980613708, 0.22004707157611847, 0.21963179111480713, 0.2197607159614563, 0.21918801963329315, 0.21854081749916077, 0.21866995096206665, 0.2185966819524765, 0.21806497871875763, 0.21825863420963287, 0.21822042763233185, 0.21800631284713745, 0.21795791387557983, 0.21774235367774963, 0.21716704964637756, 0.21674026548862457, 0.21688775718212128, 0.2167263776063919, 0.21672111749649048, 0.21667669713497162, 0.21599015593528748, 0.21590016782283783, 0.21548476815223694, 0.21529750525951385, 0.21572145819664001, 0.21520976722240448, 0.21501874923706055, 0.21497848629951477, 0.2146856188774109, 0.21510764956474304, 0.21493913233280182, 0.2145809382200241, 0.21422557532787323, 0.21395330131053925, 0.21434462070465088, 0.21360154449939728, 0.2143760472536087, 0.21361133456230164, 0.2134852409362793, 0.2134058028459549, 0.2130114585161209, 0.212801992893219, 0.2127874493598938, 0.2129105180501938, 0.21274179220199585, 0.21257998049259186, 0.2126224935054779, 0.21227014064788818, 0.21195203065872192, 0.21198482811450958, 0.21220415830612183, 0.21172641217708588, 0.21129389107227325, 0.21177589893341064, 0.21152593195438385, 0.21137739717960358, 0.2107822597026825, 0.21134178340435028, 0.21097837388515472, 0.2108602076768875, 0.2107955515384674]",33.0,"[33.0, 33.0, 33.0, 33.0, 33.0, 33.0, 33.0, 33.0, 33.0, 33.0, 33.0, 33.0, 33.0, 33.0, 33.0, 33.0, 33.0, 33.0, 33.0, 33.0, 33.0, 33.0, 33.0, 33.0, 33.0, 33.0, 33.0, 33.0, 33.0, 33.0, 33.0, 33.0, 33.0, 33.0, 33.0, 33.0, 33.0, 33.0, 33.0, 33.0, 33.0, 33.0, 33.0, 33.0, 33.0, 33.0, 33.0, 33.0, 33.0, 33.0, 33.0, 33.0, 33.0, 33.0, 33.0, 33.0, 33.0, 33.0, 33.0, 33.0, 33.0, 33.0, 33.0, 33.0, 33.0, 33.0, 33.0, 33.0, 33.0, 33.0, 33.0, 33.0, 33.0, 33.0, 33.0, 33.0, 33.0, 33.0, 33.0, 33.0, 33.0, 33.0, 33.0, 33.0, 33.0, 33.0, 33.0, 33.0, 33.0, 33.0, 33.0, 33.0, 33.0, 33.0, 33.0, 33.0, 33.0, 33.0, 33.0, 33.0, 33.0, 33.0, 33.0, 33.0, 33.0, 33.0, 33.0, 33.0, 33.0, 33.0, 33.0, 33.0, 33.0, 33.0, 33.0, 33.0, 33.0, 33.0, 33.0, 33.0, 33.0, 33.0, 33.0, 33.0, 33.0, 33.0, 33.0, 33.0, 33.0, 33.0, 33.0, 33.0, 33.0, 33.0, 33.0, 33.0, 33.0, 33.0, 33.0, 33.0, 33.0, 33.0, 33.0, 33.0, 33.0, 33.0, 33.0, 33.0, 33.0, 33.0, 33.0, 33.0, 33.0, 33.0, 33.0, 33.0, 33.0, 33.0, 33.0, 33.0, 33.0, 33.0, 33.0, 33.0, 33.0, 33.0, 33.0, 33.0, 33.0, 33.0, 33.0, 33.0, 33.0, 33.0, 33.0, 33.0, 33.0, 33.0, 33.0, 33.0, 33.0, 33.0, 33.0, 33.0, 33.0, 33.0, 33.0, 33.0, 33.0, 33.0, 33.0, 33.0, 33.0, 33.0, 33.0, 33.0, 33.0, 33.0, 33.0, 33.0, 33.0, 33.0, 33.0, 33.0, 33.0, 33.0, 33.0, 33.0, 33.0, 33.0, 33.0, 33.0, 33.0, 33.0, 33.0, 33.0, 33.0, 33.0, 33.0, 33.0, 33.0, 33.0, 33.0, 33.0, 33.0, 33.0, 33.0, 33.0, 33.0, 33.0, 33.0, 33.0, 33.0, 33.0, 33.0, 33.0, 33.0, 33.0, 33.0, 33.0, 33.0, 33.0, 33.0, 33.0, 33.0, 33.0, 33.0, 33.0, 33.0, 33.0, 33.0, 33.0, 33.0, 33.0, 33.0, 33.0, 33.0, 33.0, 33.0, 33.0, 33.0, 33.0, 33.0, 33.0, 33.0, 33.0, 33.0, 33.0, 33.0, 33.0, 33.0, 33.0, 33.0, 33.0, 33.0, 33.0, 33.0, 33.0, 33.0, 33.0, 33.0, 33.0, 33.0, 33.0, 33.0, 33.0, 33.0, 33.0, 33.0, 33.0, 33.0, 33.0, 33.0, 33.0, 33.0, 33.0, 33.0, 33.0, 33.0, 33.0, 33.0, 33.0, 33.0, 33.0, 33.0, 33.0, 33.0, 33.0, 33.0, 33.0, 33.0, 33.0, 33.0, 33.0, 33.0, 33.0, 33.0, 33.0, 33.0, 33.0, 33.0, 33.0, 33.0, 33.0, 33.0]",COMPLETE
