,number,value,datetime_start,datetime_complete,duration,params_batch_size_scaler,params_constant_learning_rate,params_depth,params_epochs,params_kernel_l2,params_num_trees,params_temperature,user_attrs_accuracy_test,user_attrs_accuracy_valid,user_attrs_approximate_feature_sparsity,user_attrs_approximate_feature_sparsity_history,user_attrs_approximate_weight_sparsity,user_attrs_approximate_weight_sparsity_history,user_attrs_auc_test,user_attrs_auc_valid,user_attrs_feature_sparsity,user_attrs_feature_sparsity_history,user_attrs_num_epochs,user_attrs_val_loss_history,user_attrs_weight_sparsity,user_attrs_weight_sparsity_history,state
61,61,0.5,2024-08-31 03:19:19.996118,2024-08-31 03:19:46.640492,0 days 00:00:26.644374,16,2.940060294857154,2,230,0.13973074195701699,75,0.010093607053523052,0.859,0.85875,0,"[3, 2, 2, 0, 0, 0, 0, 0, 0, 0, 0, 0, 0, 0, 0, 0, 0, 0, 0, 0, 0, 0, 0, 0, 0, 0, 0, 0, 0, 0, 0, 0, 0, 0, 0, 0, 0, 0, 0, 0, 0, 0, 0, 0, 0, 0, 0, 0, 0, 0, 0, 0, 0, 0, 0, 0, 0, 0, 0, 0, 0, 0, 0, 0, 0, 0, 0, 0, 0, 0, 0, 0, 0, 0, 0, 0, 0, 0, 0, 0, 0, 0, 0, 0, 0, 0, 0, 0, 0, 0, 0, 0, 0, 0, 0, 0, 0, 0, 0, 0, 0, 0, 0, 0, 0, 0, 0, 0, 0, 0, 0, 0, 0, 0, 0, 0, 0, 0, 0, 0, 0, 0, 0, 0, 0, 0, 0, 0, 0, 0, 0, 0, 0, 0, 0, 0, 0, 0, 0, 0, 0, 0, 0, 0, 0, 0, 0, 0, 0, 0, 0, 0, 0, 0, 0, 0, 0, 0, 0, 0, 0, 0, 0, 0, 0, 0, 0, 0, 0, 0, 0, 0, 0, 0, 0, 0, 0, 0, 0, 0, 0, 0, 0, 0, 0, 0, 0, 0, 0, 0, 0, 0, 0, 0, 0, 0, 0, 0, 0, 0, 0, 0, 0, 0, 0, 0, 0, 0, 0, 0, 0, 0, 0, 0, 0, 0, 0, 0, 0, 0, 0, 0, 0, 0, 0, 0, 0, 0, 0, 0]",0.0,"[3.0, 2.0, 1.9955555555555555, 0.0, 0.0, 0.0, 0.0, 0.0, 0.0, 0.0, 0.0, 0.0, 0.0, 0.0, 0.0, 0.0, 0.0, 0.0, 0.0, 0.0, 0.0, 0.0, 0.0, 0.0, 0.0, 0.0, 0.0, 0.0, 0.0, 0.0, 0.0, 0.0, 0.0, 0.0, 0.0, 0.0, 0.0, 0.0, 0.0, 0.0, 0.0, 0.0, 0.0, 0.0, 0.0, 0.0, 0.0, 0.0, 0.0, 0.0, 0.0, 0.0, 0.0, 0.0, 0.0, 0.0, 0.0, 0.0, 0.0, 0.0, 0.0, 0.0, 0.0, 0.0, 0.0, 0.0, 0.0, 0.0, 0.0, 0.0, 0.0, 0.0, 0.0, 0.0, 0.0, 0.0, 0.0, 0.0, 0.0, 0.0, 0.0, 0.0, 0.0, 0.0, 0.0, 0.0, 0.0, 0.0, 0.0, 0.0, 0.0, 0.0, 0.0, 0.0, 0.0, 0.0, 0.0, 0.0, 0.0, 0.0, 0.0, 0.0, 0.0, 0.0, 0.0, 0.0, 0.0, 0.0, 0.0, 0.0, 0.0, 0.0, 0.0, 0.0, 0.0, 0.0, 0.0, 0.0, 0.0, 0.0, 0.0, 0.0, 0.0, 0.0, 0.0, 0.0, 0.0, 0.0, 0.0, 0.0, 0.0, 0.0, 0.0, 0.0, 0.0, 0.0, 0.0, 0.0, 0.0, 0.0, 0.0, 0.0, 0.0, 0.0, 0.0, 0.0, 0.0, 0.0, 0.0, 0.0, 0.0, 0.0, 0.0, 0.0, 0.0, 0.0, 0.0, 0.0, 0.0, 0.0, 0.0, 0.0, 0.0, 0.0, 0.0, 0.0, 0.0, 0.0, 0.0, 0.0, 0.0, 0.0, 0.0, 0.0, 0.0, 0.0, 0.0, 0.0, 0.0, 0.0, 0.0, 0.0, 0.0, 0.0, 0.0, 0.0, 0.0, 0.0, 0.0, 0.0, 0.0, 0.0, 0.0, 0.0, 0.0, 0.0, 0.0, 0.0, 0.0, 0.0, 0.0, 0.0, 0.0, 0.0, 0.0, 0.0, 0.0, 0.0, 0.0, 0.0, 0.0, 0.0, 0.0, 0.0, 0.0, 0.0, 0.0, 0.0, 0.0, 0.0, 0.0, 0.0, 0.0, 0.0, 0.0, 0.0, 0.0, 0.0, 0.0, 0.0]",0.5,0.5,0,"[3, 2, 2, 0, 0, 0, 0, 0, 0, 0, 0, 0, 0, 0, 0, 0, 0, 0, 0, 0, 0, 0, 0, 0, 0, 0, 0, 0, 0, 0, 0, 0, 0, 0, 0, 0, 0, 0, 0, 0, 0, 0, 0, 0, 0, 0, 0, 0, 0, 0, 0, 0, 0, 0, 0, 0, 0, 0, 0, 0, 0, 0, 0, 0, 0, 0, 0, 0, 0, 0, 0, 0, 0, 0, 0, 0, 0, 0, 0, 0, 0, 0, 0, 0, 0, 0, 0, 0, 0, 0, 0, 0, 0, 0, 0, 0, 0, 0, 0, 0, 0, 0, 0, 0, 0, 0, 0, 0, 0, 0, 0, 0, 0, 0, 0, 0, 0, 0, 0, 0, 0, 0, 0, 0, 0, 0, 0, 0, 0, 0, 0, 0, 0, 0, 0, 0, 0, 0, 0, 0, 0, 0, 0, 0, 0, 0, 0, 0, 0, 0, 0, 0, 0, 0, 0, 0, 0, 0, 0, 0, 0, 0, 0, 0, 0, 0, 0, 0, 0, 0, 0, 0, 0, 0, 0, 0, 0, 0, 0, 0, 0, 0, 0, 0, 0, 0, 0, 0, 0, 0, 0, 0, 0, 0, 0, 0, 0, 0, 0, 0, 0, 0, 0, 0, 0, 0, 0, 0, 0, 0, 0, 0, 0, 0, 0, 0, 0, 0, 0, 0, 0, 0, 0, 0, 0, 0, 0, 0, 0, 0]",230,"[10.202932357788086, 7.668526649475098, 1.258162021636963, 0.6924270391464233, 6.692498207092285, 8.630709648132324, 8.055323600769043, 9.71096134185791, 12.122164726257324, 3.9287803173065186, 1.8984527587890625, 2.5766642093658447, 7.467717170715332, 4.111822605133057, 0.5620271563529968, 3.225951910018921, 5.582475662231445, 8.070932388305664, 10.732303619384766, 9.403069496154785, 12.37314224243164, 0.5225221514701843, 2.0375657081604004, 12.335593223571777, 7.855948448181152, 1.0012692213058472, 3.3881995677948, 9.628921508789062, 12.497455596923828, 8.441173553466797, 13.133644104003906, 10.929837226867676, 13.721691131591797, 1.2195525169372559, 4.5141425132751465, 9.865315437316895, 12.627041816711426, 11.385114669799805, 4.888364791870117, 7.706593036651611, 9.521688461303711, 12.120926856994629, 4.924897193908691, 1.5805703401565552, 4.456361770629883, 4.6597065925598145, 6.431241989135742, 12.844210624694824, 1.8880648612976074, 1.2658780813217163, 4.011646270751953, 6.53057861328125, 2.4946959018707275, 10.049756050109863, 12.457100868225098, 5.621333122253418, 1.6147555112838745, 1.0241570472717285, 12.794167518615723, 2.4234249591827393, 1.204183578491211, 3.6610655784606934, 4.739205837249756, 1.6669642925262451, 3.190359592437744, 0.953054666519165, 3.541558265686035, 5.785362720489502, 8.04916000366211, 2.370326042175293, 6.323709011077881, 1.8687701225280762, 2.973471164703369, 10.143424034118652, 10.596885681152344, 4.896770477294922, 7.254566669464111, 9.625947952270508, 4.181070804595947, 7.370791435241699, 10.066604614257812, 12.333902359008789, 7.609081268310547, 3.9598169326782227, 3.258615493774414, 5.333983898162842, 7.856996536254883, 12.200277328491211, 4.25788688659668, 1.95731782913208, 11.167084693908691, 2.9895524978637695, 9.795686721801758, 12.406048774719238, 2.249490261077881, 1.7013425827026367, 1.3238310813903809, 3.016233205795288, 6.066521167755127, 2.4800734519958496, 2.963901996612549, 4.335475444793701, 7.596068859100342, 10.750129699707031, 7.33220100402832, 7.9138946533203125, 10.2559175491333, 12.70511245727539, 4.10385274887085, 5.949997425079346, 8.009054183959961, 10.20615291595459, 8.934865951538086, 7.247979164123535, 10.460301399230957, 4.772540092468262, 7.256197452545166, 0.5077474117279053, 8.746289253234863, 1.725209355354309, 12.13428020477295, 6.192127704620361, 1.4061322212219238, 4.146788120269775, 6.271322250366211, 8.527739524841309, 9.983354568481445, 12.407176971435547, 3.724454879760742, 1.2284438610076904, 4.046139717102051, 2.586397409439087, 5.989467144012451, 5.734302997589111, 7.853351593017578, 7.825936317443848, 10.831681251525879, 7.067381381988525, 9.893420219421387, 0.4973182678222656, 3.207742214202881, 10.581131935119629, 12.450407981872559, 2.2707295417785645, 5.397866725921631, 7.780050754547119, 10.373591423034668, 12.572778701782227, 4.976437091827393, 1.871083378791809, 7.7197442054748535, 10.066780090332031, 12.531982421875, 3.483649492263794, 8.252996444702148, 2.2673473358154297, 8.20578670501709, 1.2436825037002563, 4.151844024658203, 5.822631359100342, 6.417123794555664, 7.923277378082275, 9.976655960083008, 12.204998970031738, 6.371427059173584, 3.234462261199951, 5.4167633056640625, 10.304110527038574, 11.783742904663086, 6.514286518096924, 1.1896823644638062, 1.3948882818222046, 3.7575745582580566, 6.4320244789123535, 8.222753524780273, 10.357583999633789, 11.619318962097168, 5.091424465179443, 1.5738407373428345, 11.125382423400879, 1.2598342895507812, 3.7918541431427, 6.2554545402526855, 5.324609279632568, 8.022244453430176, 10.144655227661133, 12.380071640014648, 3.4614932537078857, 1.6124770641326904, 0.5253815650939941, 3.10575795173645, 4.574178695678711, 4.602786064147949, 7.324295520782471, 9.723557472229004, 6.845563888549805, 12.085819244384766, 3.506330966949463, 1.6002845764160156, 2.2580678462982178, 3.078031301498413, 5.968846321105957, 7.997626781463623, 10.262395858764648, 12.187984466552734, 5.149300575256348, 1.4079861640930176, 3.8038153648376465, 1.5506397485733032, 4.721722602844238, 10.74121379852295, 5.528005599975586, 1.1353319883346558, 3.724644422531128, 9.725732803344727, 11.729562759399414, 5.545413970947266, 5.981189727783203, 12.205774307250977, 10.058563232421875, 0.6541227102279663, 5.300066947937012, 7.4820637702941895, 9.8789701461792, 2.2844254970550537, 6.706966400146484, 9.973481178283691, 10.816115379333496, 10.06546401977539, 0.6625763177871704]",0.0,"[3.0, 2.0, 2.0, 0.0, 0.0, 0.0, 0.0, 0.0, 0.0, 0.0, 0.0, 0.0, 0.0, 0.0, 0.0, 0.0, 0.0, 0.0, 0.0, 0.0, 0.0, 0.0, 0.0, 0.0, 0.0, 0.0, 0.0, 0.0, 0.0, 0.0, 0.0, 0.0, 0.0, 0.0, 0.0, 0.0, 0.0, 0.0, 0.0, 0.0, 0.0, 0.0, 0.0, 0.0, 0.0, 0.0, 0.0, 0.0, 0.0, 0.0, 0.0, 0.0, 0.0, 0.0, 0.0, 0.0, 0.0, 0.0, 0.0, 0.0, 0.0, 0.0, 0.0, 0.0, 0.0, 0.0, 0.0, 0.0, 0.0, 0.0, 0.0, 0.0, 0.0, 0.0, 0.0, 0.0, 0.0, 0.0, 0.0, 0.0, 0.0, 0.0, 0.0, 0.0, 0.0, 0.0, 0.0, 0.0, 0.0, 0.0, 0.0, 0.0, 0.0, 0.0, 0.0, 0.0, 0.0, 0.0, 0.0, 0.0, 0.0, 0.0, 0.0, 0.0, 0.0, 0.0, 0.0, 0.0, 0.0, 0.0, 0.0, 0.0, 0.0, 0.0, 0.0, 0.0, 0.0, 0.0, 0.0, 0.0, 0.0, 0.0, 0.0, 0.0, 0.0, 0.0, 0.0, 0.0, 0.0, 0.0, 0.0, 0.0, 0.0, 0.0, 0.0, 0.0, 0.0, 0.0, 0.0, 0.0, 0.0, 0.0, 0.0, 0.0, 0.0, 0.0, 0.0, 0.0, 0.0, 0.0, 0.0, 0.0, 0.0, 0.0, 0.0, 0.0, 0.0, 0.0, 0.0, 0.0, 0.0, 0.0, 0.0, 0.0, 0.0, 0.0, 0.0, 0.0, 0.0, 0.0, 0.0, 0.0, 0.0, 0.0, 0.0, 0.0, 0.0, 0.0, 0.0, 0.0, 0.0, 0.0, 0.0, 0.0, 0.0, 0.0, 0.0, 0.0, 0.0, 0.0, 0.0, 0.0, 0.0, 0.0, 0.0, 0.0, 0.0, 0.0, 0.0, 0.0, 0.0, 0.0, 0.0, 0.0, 0.0, 0.0, 0.0, 0.0, 0.0, 0.0, 0.0, 0.0, 0.0, 0.0, 0.0, 0.0, 0.0, 0.0, 0.0, 0.0, 0.0, 0.0, 0.0, 0.0, 0.0, 0.0, 0.0, 0.0, 0.0, 0.0]",COMPLETE
62,62,0.7566049645115998,2024-08-31 03:19:47.801744,2024-08-31 03:20:41.641541,0 days 00:00:53.839797,64,0.2349358257234412,5,180,0.001982871047093504,72,0.011024505164553817,0.88,0.87375,33,"[33, 33, 33, 33, 33, 33, 33, 33, 33, 33, 33, 33, 33, 33, 33, 33, 33, 33, 33, 33, 33, 33, 33, 33, 33, 33, 33, 33, 33, 33, 33, 33, 33, 33, 33, 33, 33, 33, 33, 33, 33, 33, 33, 33, 33, 33, 33, 33, 33, 33, 33, 33, 33, 33, 33, 33, 33, 33, 33, 33, 33, 33, 33, 33, 33, 33, 33, 33, 33, 33, 33, 33, 33, 33, 33, 33, 33, 33, 33, 33, 33, 33, 33, 33, 33, 33, 33, 33, 33, 33, 33, 33, 33, 33, 33, 33, 33, 33, 33, 33, 33, 33, 33, 33, 33, 33, 33, 33, 33, 33, 33, 33, 33, 33, 33, 33, 33, 33, 33, 33, 33, 33, 33, 33, 33, 33, 33, 33, 33, 33, 33, 33, 33, 33, 33, 33, 33, 33, 33, 33, 33, 33, 33, 33, 33, 33, 33, 33, 33, 33, 33, 33, 33, 33, 33, 33, 33, 33, 33, 33, 33, 33, 33, 33, 33, 33, 33, 33, 33, 33, 33, 33, 33, 33, 33, 33, 33, 33, 33, 33]",32.93458781362007,"[32.932795698924735, 32.941756272401435, 32.93682795698925, 32.93996415770609, 32.935931899641574, 32.935483870967744, 32.93503584229391, 32.93189964157706, 32.93189964157706, 32.93682795698925, 32.94399641577061, 32.93996415770609, 32.935483870967744, 32.933243727598565, 32.92562724014337, 32.93189964157706, 32.933243727598565, 32.935483870967744, 32.93637992831541, 32.933691756272395, 32.9336917562724, 32.93413978494623, 32.9413082437276, 32.937275985663085, 32.93637992831542, 32.937275985663085, 32.93503584229391, 32.939516129032256, 32.9413082437276, 32.94265232974911, 32.93458781362007, 32.933243727598565, 32.92965949820788, 32.93010752688172, 32.933243727598565, 32.93413978494624, 32.93503584229391, 32.935483870967744, 32.93503584229391, 32.941308243727605, 32.939068100358426, 32.93817204301075, 32.93637992831541, 32.931451612903224, 32.93055555555556, 32.92921146953405, 32.93413978494623, 32.93010752688172, 32.93279569892473, 32.933243727598565, 32.93413978494623, 32.93100358422939, 32.93189964157706, 32.9336917562724, 32.93817204301075, 32.93637992831542, 32.9336917562724, 32.93682795698925, 32.931003584229394, 32.93503584229391, 32.93817204301075, 32.9336917562724, 32.931003584229394, 32.932795698924735, 32.93100358422939, 32.93772401433692, 32.93951612903226, 32.93996415770609, 32.93637992831542, 32.935483870967744, 32.93862007168459, 32.93055555555556, 32.93682795698925, 32.93458781362007, 32.937275985663085, 32.933243727598565, 32.933243727598565, 32.93593189964158, 32.93593189964158, 32.93817204301075, 32.94086021505376, 32.94086021505376, 32.94265232974911, 32.939516129032256, 32.93951612903226, 32.93862007168459, 32.941756272401435, 32.94444444444444, 32.943548387096776, 32.94220430107527, 32.94399641577061, 32.941756272401435, 32.93951612903226, 32.939068100358426, 32.93503584229391, 32.9336917562724, 32.931003584229394, 32.93503584229391, 32.937275985663085, 32.937275985663085, 32.93637992831542, 32.931451612903224, 32.93189964157706, 32.931003584229394, 32.931003584229394, 32.93503584229391, 32.9336917562724, 32.93279569892473, 32.926971326164875, 32.928763440860216, 32.933243727598565, 32.93189964157706, 32.93189964157706, 32.93145161290323, 32.933243727598565, 32.93010752688172, 32.92921146953405, 32.93682795698925, 32.939068100358426, 32.939516129032256, 32.939516129032256, 32.939068100358426, 32.935483870967744, 32.93637992831541, 32.93503584229391, 32.93458781362007, 32.93413978494624, 32.93503584229391, 32.92965949820789, 32.93010752688172, 32.93010752688172, 32.9323476702509, 32.92921146953405, 32.92965949820789, 32.92741935483871, 32.931451612903224, 32.928315412186386, 32.92831541218638, 32.929211469534046, 32.93055555555556, 32.93234767025089, 32.928763440860216, 32.9336917562724, 32.931003584229394, 32.93279569892473, 32.93189964157706, 32.932795698924735, 32.93637992831541, 32.939516129032256, 32.93637992831541, 32.933691756272395, 32.9323476702509, 32.93279569892473, 32.93458781362007, 32.93637992831541, 32.93279569892473, 32.9336917562724, 32.93055555555556, 32.9323476702509, 32.926523297491045, 32.92607526881721, 32.931451612903224, 32.9336917562724, 32.9323476702509, 32.93458781362007, 32.928763440860216, 32.9336917562724, 32.93682795698925, 32.93862007168459, 32.939068100358426, 32.935931899641574, 32.937724014336915, 32.9336917562724, 32.93682795698925, 32.937724014336915, 32.937275985663085, 32.93189964157706, 32.939068100358426, 32.93413978494624, 32.93458781362007]",0.7887284406245098,0.7566049645115998,33,"[33, 33, 33, 33, 33, 33, 33, 33, 33, 33, 33, 33, 33, 33, 33, 33, 33, 33, 33, 33, 33, 33, 33, 33, 33, 33, 33, 33, 33, 33, 33, 33, 33, 33, 33, 33, 33, 33, 33, 33, 33, 33, 33, 33, 33, 33, 33, 33, 33, 33, 33, 33, 33, 33, 33, 33, 33, 33, 33, 33, 33, 33, 33, 33, 33, 33, 33, 33, 33, 33, 33, 33, 33, 33, 33, 33, 33, 33, 33, 33, 33, 33, 33, 33, 33, 33, 33, 33, 33, 33, 33, 33, 33, 33, 33, 33, 33, 33, 33, 33, 33, 33, 33, 33, 33, 33, 33, 33, 33, 33, 33, 33, 33, 33, 33, 33, 33, 33, 33, 33, 33, 33, 33, 33, 33, 33, 33, 33, 33, 33, 33, 33, 33, 33, 33, 33, 33, 33, 33, 33, 33, 33, 33, 33, 33, 33, 33, 33, 33, 33, 33, 33, 33, 33, 33, 33, 33, 33, 33, 33, 33, 33, 33, 33, 33, 33, 33, 33, 33, 33, 33, 33, 33, 33, 33, 33, 33, 33, 33, 33]",180,"[0.4395001232624054, 0.4066992700099945, 0.4019719064235687, 0.3992527723312378, 0.39701738953590393, 0.39540034532546997, 0.39368900656700134, 0.3923857808113098, 0.3911250829696655, 0.3901667892932892, 0.3888648748397827, 0.3876725435256958, 0.3864114284515381, 0.38537874817848206, 0.3846627175807953, 0.38351061940193176, 0.3827335238456726, 0.38199955224990845, 0.38111254572868347, 0.3803403973579407, 0.3796672523021698, 0.3789018392562866, 0.3782651126384735, 0.3776928782463074, 0.3771291971206665, 0.37647154927253723, 0.37596452236175537, 0.37540966272354126, 0.3748268783092499, 0.3742436468601227, 0.37377244234085083, 0.37334144115448, 0.37282225489616394, 0.372517853975296, 0.37203651666641235, 0.37166109681129456, 0.37138262391090393, 0.3712185025215149, 0.3706274926662445, 0.370033860206604, 0.3697662055492401, 0.36959633231163025, 0.36896637082099915, 0.3686666786670685, 0.36835479736328125, 0.36818575859069824, 0.36801525950431824, 0.3677383065223694, 0.36738017201423645, 0.36713850498199463, 0.3671987056732178, 0.3669624626636505, 0.3666384518146515, 0.3665786683559418, 0.3661312460899353, 0.3659519851207733, 0.3661350905895233, 0.3667968809604645, 0.36619284749031067, 0.3653179407119751, 0.36474159359931946, 0.3645462095737457, 0.36425572633743286, 0.36402052640914917, 0.36368560791015625, 0.36348211765289307, 0.3632366955280304, 0.363331139087677, 0.3631337881088257, 0.36257344484329224, 0.36234936118125916, 0.3621412217617035, 0.3618955612182617, 0.3617526888847351, 0.3616085946559906, 0.36152514815330505, 0.361389696598053, 0.3611159920692444, 0.360944926738739, 0.3609427511692047, 0.360632985830307, 0.3604429364204407, 0.36028212308883667, 0.3599391281604767, 0.35976722836494446, 0.35947340726852417, 0.3592943251132965, 0.35906359553337097, 0.3588947057723999, 0.35876864194869995, 0.3585836887359619, 0.3583982586860657, 0.3586408495903015, 0.35789284110069275, 0.35775160789489746, 0.35737746953964233, 0.3574105501174927, 0.35713160037994385, 0.3574465811252594, 0.35711127519607544, 0.35645201802253723, 0.35633814334869385, 0.35604771971702576, 0.35628414154052734, 0.35659050941467285, 0.3563838601112366, 0.3566204011440277, 0.3557695150375366, 0.3550373911857605, 0.35458076000213623, 0.3543775677680969, 0.35388219356536865, 0.3537245988845825, 0.35345298051834106, 0.3533060848712921, 0.3530501127243042, 0.35279837250709534, 0.3526169955730438, 0.3523966073989868, 0.3523227572441101, 0.352111279964447, 0.35208019614219666, 0.35204556584358215, 0.3520614206790924, 0.3517034649848938, 0.351528137922287, 0.3516901731491089, 0.3514273166656494, 0.35088810324668884, 0.35020798444747925, 0.3500322699546814, 0.3496631681919098, 0.34946969151496887, 0.34939929842948914, 0.3492504358291626, 0.34917712211608887, 0.3491038382053375, 0.34908348321914673, 0.34917038679122925, 0.34864720702171326, 0.3485127389431, 0.3481675088405609, 0.3478478491306305, 0.34782737493515015, 0.3473629653453827, 0.347349613904953, 0.34720200300216675, 0.34701746702194214, 0.3470682203769684, 0.3466910421848297, 0.3465713858604431, 0.34642481803894043, 0.3463119864463806, 0.3463219106197357, 0.3463396728038788, 0.3461717963218689, 0.3456217050552368, 0.3454367518424988, 0.34525957703590393, 0.34538546204566956, 0.3452698588371277, 0.3451460599899292, 0.3449879586696625, 0.34506720304489136, 0.3445478081703186, 0.3445199728012085, 0.3441123962402344, 0.3437977731227875, 0.3437626361846924, 0.3437173366546631, 0.343593031167984, 0.3436344265937805, 0.34332141280174255, 0.34336912631988525, 0.34337112307548523, 0.3430461585521698, 0.3430183529853821, 0.34274330735206604, 0.3421122431755066, 0.3419637382030487]",33.0,"[33.0, 33.0, 33.0, 33.0, 33.0, 33.0, 33.0, 33.0, 33.0, 33.0, 33.0, 33.0, 33.0, 33.0, 33.0, 33.0, 33.0, 33.0, 33.0, 33.0, 33.0, 33.0, 33.0, 33.0, 33.0, 33.0, 33.0, 33.0, 33.0, 33.0, 33.0, 33.0, 33.0, 33.0, 33.0, 33.0, 33.0, 33.0, 33.0, 33.0, 33.0, 33.0, 33.0, 33.0, 33.0, 33.0, 33.0, 33.0, 33.0, 33.0, 33.0, 33.0, 33.0, 33.0, 33.0, 33.0, 33.0, 33.0, 33.0, 33.0, 33.0, 33.0, 33.0, 33.0, 33.0, 33.0, 33.0, 33.0, 33.0, 33.0, 33.0, 33.0, 33.0, 33.0, 33.0, 33.0, 33.0, 33.0, 33.0, 33.0, 33.0, 33.0, 33.0, 33.0, 33.0, 33.0, 33.0, 33.0, 33.0, 33.0, 33.0, 33.0, 33.0, 33.0, 33.0, 33.0, 33.0, 33.0, 33.0, 33.0, 33.0, 33.0, 33.0, 33.0, 33.0, 33.0, 33.0, 33.0, 33.0, 33.0, 33.0, 33.0, 33.0, 33.0, 33.0, 33.0, 33.0, 33.0, 33.0, 33.0, 33.0, 33.0, 33.0, 33.0, 33.0, 33.0, 33.0, 33.0, 33.0, 33.0, 33.0, 33.0, 33.0, 33.0, 33.0, 33.0, 33.0, 33.0, 33.0, 33.0, 33.0, 33.0, 33.0, 33.0, 33.0, 33.0, 33.0, 33.0, 33.0, 33.0, 33.0, 33.0, 33.0, 33.0, 33.0, 33.0, 33.0, 33.0, 33.0, 33.0, 33.0, 33.0, 33.0, 33.0, 33.0, 33.0, 33.0, 33.0, 33.0, 33.0, 33.0, 33.0, 33.0, 33.0, 33.0, 33.0, 33.0, 33.0, 33.0, 33.0]",COMPLETE
