,number,value,datetime_start,datetime_complete,duration,params_batch_size_scaler,params_constant_learning_rate,params_depth,params_epochs,params_kernel_l2,params_num_trees,params_temperature,user_attrs_accuracy_test,user_attrs_accuracy_valid,user_attrs_approximate_feature_sparsity,user_attrs_approximate_feature_sparsity_history,user_attrs_approximate_weight_sparsity,user_attrs_approximate_weight_sparsity_history,user_attrs_auc_test,user_attrs_auc_valid,user_attrs_feature_sparsity,user_attrs_feature_sparsity_history,user_attrs_num_epochs,user_attrs_val_loss_history,user_attrs_weight_sparsity,user_attrs_weight_sparsity_history,state
68,68,0.9106928933029332,2024-08-31 03:28:23.373439,2024-08-31 03:29:43.917664,0 days 00:01:20.544225,16,0.06887033235116627,5,455,0.024482894825974932,5,0.027693170400312564,0.923,0.91625,33,"[33, 33, 33, 33, 33, 33, 33, 33, 33, 33, 33, 33, 33, 33, 33, 33, 33, 33, 33, 33, 33, 33, 33, 33, 33, 33, 33, 33, 33, 33, 33, 33, 33, 33, 33, 33, 33, 33, 33, 33, 33, 33, 33, 33, 33, 33, 33, 33, 33, 33, 33, 33, 33, 33, 33, 33, 33, 33, 33, 33, 33, 33, 33, 33, 33, 33, 33, 33, 33, 33, 33, 33, 33, 33, 33, 33, 33, 33, 33, 33, 33, 33, 33, 33, 33, 33, 33, 33, 33, 33, 33, 33, 33, 33, 33, 33, 33, 33, 33, 33, 33, 33, 33, 33, 33, 33, 33, 33, 33, 33, 33, 33, 33, 33, 33, 33, 33, 33, 33, 33, 33, 33, 33, 33, 33, 33, 33, 33, 33, 33, 33, 33, 33, 33, 33, 33, 33, 33, 33, 33, 33, 33, 33, 33, 33, 33, 33, 33, 33, 33, 33, 33, 33, 33, 33, 33, 33, 33, 33, 33, 33, 33, 33, 33, 33, 33, 33, 33, 33, 33, 33, 33, 33, 33, 33, 33, 33, 33, 33, 33, 33, 33, 33, 33, 33, 33, 33, 33, 33, 33, 33, 33, 33, 33, 33, 33, 33, 33, 33, 33, 33, 33, 33, 33, 33, 33, 33, 33, 33, 33, 33, 33, 33, 33, 33, 33, 33, 33, 33, 33, 33, 33, 33, 33, 33, 33, 33, 33, 33, 33, 33, 33, 33, 33, 33, 33, 33, 33, 33, 33, 33, 33, 33, 33, 33, 33, 33, 33, 33, 33, 33, 33, 33, 33, 33, 33, 33, 33, 33, 33, 33, 33, 33, 33, 33, 33, 33, 33, 33, 33, 33, 33, 33, 33, 33, 33, 33, 33, 33, 33, 33, 33, 33, 33, 33, 33, 33, 33, 33, 33, 33, 33, 33, 33, 33, 33, 33, 33, 33, 33, 33, 33, 33, 33, 33, 33, 33, 33, 33, 33, 33, 33, 33, 33, 33, 33, 33, 33, 33, 33, 33, 33, 33, 33, 33, 33, 33, 33, 33, 33, 33, 33, 33, 33, 33, 33, 33, 33, 33, 33, 33, 33, 33, 33, 33, 33, 33, 33, 33, 33, 33, 33, 33, 33, 33, 33, 33, 33, 33, 33, 33, 33, 33, 33, 33, 33, 33, 33, 33, 33, 33, 33, 33, 33, 33, 33, 33, 33, 33, 33, 33, 33, 33, 33, 33, 33, 33, 33, 33, 33, 33, 33, 33, 33, 33, 33, 33, 33, 33, 33, 33, 33, 33, 33, 33, 33, 33, 33, 33, 33, 33, 33, 33, 33, 33, 33, 33, 33, 33, 33, 33, 33, 33, 33, 33, 33, 33, 33, 33, 33, 33, 33, 33, 33, 33, 33, 33, 33, 33, 33, 33, 33, 33, 33, 33, 33, 33, 33, 33, 33, 33, 33, 33, 33, 33]",32.99354838709677,"[32.9741935483871, 32.9741935483871, 32.96774193548387, 32.96774193548387, 32.987096774193546, 32.95483870967742, 32.9741935483871, 32.961290322580645, 32.980645161290326, 32.961290322580645, 32.980645161290326, 32.961290322580645, 32.96774193548387, 32.95483870967742, 32.961290322580645, 32.96774193548387, 32.980645161290326, 32.980645161290326, 32.96774193548387, 32.9741935483871, 32.96774193548387, 32.9741935483871, 32.987096774193546, 32.9741935483871, 32.9741935483871, 32.96774193548387, 32.9741935483871, 32.9741935483871, 32.980645161290326, 32.987096774193546, 32.9741935483871, 32.9741935483871, 32.980645161290326, 32.96774193548387, 32.980645161290326, 32.987096774193546, 32.9741935483871, 32.9741935483871, 32.980645161290326, 32.980645161290326, 32.987096774193546, 32.987096774193546, 32.9741935483871, 32.987096774193546, 32.987096774193546, 32.980645161290326, 32.980645161290326, 32.980645161290326, 32.987096774193546, 32.961290322580645, 32.980645161290326, 32.980645161290326, 32.96774193548387, 32.9741935483871, 32.980645161290326, 32.980645161290326, 32.980645161290326, 32.96774193548387, 32.980645161290326, 32.987096774193546, 32.987096774193546, 32.987096774193546, 33.0, 32.987096774193546, 32.9741935483871, 32.99354838709677, 32.987096774193546, 32.980645161290326, 32.987096774193546, 32.99354838709677, 32.99354838709677, 32.987096774193546, 33.0, 33.0, 32.99354838709677, 32.987096774193546, 32.980645161290326, 32.980645161290326, 32.987096774193546, 32.987096774193546, 32.980645161290326, 32.99354838709677, 33.0, 32.987096774193546, 32.99354838709677, 32.987096774193546, 32.99354838709677, 33.0, 32.980645161290326, 32.980645161290326, 33.0, 33.0, 32.99354838709677, 32.987096774193546, 32.99354838709677, 32.9741935483871, 32.99354838709677, 32.99354838709677, 33.0, 32.980645161290326, 32.99354838709677, 33.0, 33.0, 32.99354838709677, 32.99354838709677, 32.987096774193546, 32.961290322580645, 32.980645161290326, 32.987096774193546, 32.99354838709677, 32.987096774193546, 32.980645161290326, 32.987096774193546, 32.9741935483871, 32.980645161290326, 32.9741935483871, 32.961290322580645, 32.9741935483871, 32.96774193548387, 32.9741935483871, 32.980645161290326, 32.99354838709677, 32.9741935483871, 32.96774193548387, 32.99354838709677, 32.96774193548387, 32.96774193548387, 32.9741935483871, 32.980645161290326, 32.987096774193546, 32.9741935483871, 32.9741935483871, 32.9741935483871, 32.96774193548387, 32.96774193548387, 32.9741935483871, 32.980645161290326, 32.980645161290326, 32.96774193548387, 32.987096774193546, 32.99354838709677, 33.0, 32.980645161290326, 32.987096774193546, 32.980645161290326, 32.95483870967742, 32.961290322580645, 32.96774193548387, 32.96774193548387, 32.96774193548387, 32.980645161290326, 32.980645161290326, 32.9741935483871, 32.987096774193546, 32.987096774193546, 32.987096774193546, 32.99354838709677, 32.980645161290326, 32.987096774193546, 32.987096774193546, 32.980645161290326, 32.987096774193546, 32.99354838709677, 33.0, 32.99354838709677, 32.99354838709677, 32.987096774193546, 32.987096774193546, 32.980645161290326, 32.980645161290326, 32.987096774193546, 32.987096774193546, 32.987096774193546, 32.980645161290326, 32.987096774193546, 32.99354838709677, 32.96774193548387, 32.99354838709677, 32.987096774193546, 32.99354838709677, 33.0, 33.0, 33.0, 32.99354838709677, 32.980645161290326, 32.987096774193546, 32.99354838709677, 32.987096774193546, 32.987096774193546, 32.9741935483871, 32.980645161290326, 32.987096774193546, 33.0, 33.0, 32.99354838709677, 32.987096774193546, 32.987096774193546, 32.980645161290326, 32.99354838709677, 32.987096774193546, 32.987096774193546, 32.99354838709677, 32.987096774193546, 33.0, 32.99354838709677, 32.980645161290326, 33.0, 32.980645161290326, 32.9741935483871, 32.987096774193546, 32.980645161290326, 32.980645161290326, 32.980645161290326, 32.980645161290326, 32.9741935483871, 32.987096774193546, 32.99354838709677, 32.980645161290326, 32.99354838709677, 32.980645161290326, 32.9741935483871, 32.980645161290326, 32.987096774193546, 32.987096774193546, 33.0, 32.9741935483871, 32.987096774193546, 32.980645161290326, 32.96774193548387, 32.9741935483871, 32.9741935483871, 32.987096774193546, 32.987096774193546, 32.99354838709677, 32.99354838709677, 32.980645161290326, 32.99354838709677, 32.987096774193546, 32.980645161290326, 32.96774193548387, 32.96774193548387, 32.95483870967742, 32.96774193548387, 32.96774193548387, 32.9741935483871, 32.96774193548387, 32.96774193548387, 32.9741935483871, 32.980645161290326, 32.980645161290326, 32.987096774193546, 32.987096774193546, 32.980645161290326, 32.987096774193546, 32.99354838709677, 32.980645161290326, 32.980645161290326, 32.987096774193546, 32.987096774193546, 32.980645161290326, 32.9741935483871, 32.9741935483871, 32.96774193548387, 32.961290322580645, 32.9741935483871, 32.9741935483871, 32.980645161290326, 32.980645161290326, 32.987096774193546, 32.9741935483871, 32.96774193548387, 32.9741935483871, 32.9741935483871, 32.96774193548387, 32.9741935483871, 32.980645161290326, 32.96774193548387, 32.961290322580645, 32.9741935483871, 32.96774193548387, 32.96774193548387, 32.96774193548387, 32.95483870967742, 32.961290322580645, 32.961290322580645, 32.95483870967742, 32.95483870967742, 32.96774193548387, 32.9483870967742, 32.96774193548387, 32.9741935483871, 32.9741935483871, 32.9741935483871, 32.980645161290326, 32.980645161290326, 32.980645161290326, 32.980645161290326, 32.9741935483871, 32.9741935483871, 32.9741935483871, 32.9741935483871, 32.9741935483871, 32.96774193548387, 32.961290322580645, 32.96774193548387, 32.961290322580645, 32.961290322580645, 32.9741935483871, 32.96774193548387, 32.9741935483871, 32.980645161290326, 32.9741935483871, 32.9741935483871, 32.95483870967742, 32.96774193548387, 32.980645161290326, 32.987096774193546, 32.980645161290326, 32.980645161290326, 32.987096774193546, 32.980645161290326, 32.980645161290326, 32.980645161290326, 32.987096774193546, 32.987096774193546, 32.9741935483871, 32.987096774193546, 32.987096774193546, 32.987096774193546, 32.987096774193546, 32.980645161290326, 32.980645161290326, 32.9741935483871, 32.980645161290326, 32.980645161290326, 32.961290322580645, 32.980645161290326, 32.987096774193546, 32.987096774193546, 32.980645161290326, 32.9741935483871, 32.980645161290326, 32.980645161290326, 32.9741935483871, 32.9741935483871, 32.961290322580645, 32.9741935483871, 32.96774193548387, 32.96774193548387, 32.95483870967742, 32.980645161290326, 32.980645161290326, 32.980645161290326, 32.980645161290326, 32.980645161290326, 32.9741935483871, 32.9741935483871, 32.961290322580645, 32.987096774193546, 32.987096774193546, 32.987096774193546, 32.987096774193546, 32.96774193548387, 32.987096774193546, 32.980645161290326, 32.980645161290326, 32.987096774193546, 32.980645161290326, 32.9741935483871, 32.980645161290326, 32.980645161290326, 32.987096774193546, 32.99354838709677, 32.99354838709677, 32.99354838709677, 32.99354838709677, 32.980645161290326, 32.987096774193546, 32.987096774193546, 32.980645161290326, 32.980645161290326, 32.96774193548387, 32.961290322580645, 32.961290322580645, 32.96774193548387, 32.96774193548387, 32.96774193548387, 32.96774193548387, 32.96774193548387, 32.96774193548387, 32.961290322580645, 32.95483870967742, 32.961290322580645, 32.95483870967742, 32.9741935483871, 32.980645161290326, 32.9741935483871, 32.980645161290326, 32.9741935483871, 32.96774193548387, 32.96774193548387, 32.96774193548387, 32.980645161290326, 32.987096774193546, 32.987096774193546, 32.96774193548387, 32.980645161290326, 32.9741935483871, 32.9741935483871, 32.980645161290326, 32.980645161290326, 32.9741935483871, 32.9741935483871, 32.961290322580645, 32.961290322580645, 32.9741935483871, 32.980645161290326, 32.9741935483871, 32.980645161290326, 32.980645161290326, 32.980645161290326, 32.980645161290326, 32.9741935483871, 32.9741935483871, 32.987096774193546, 32.980645161290326, 32.99354838709677, 32.9741935483871, 32.987096774193546, 32.99354838709677, 32.99354838709677, 32.987096774193546, 32.987096774193546, 32.980645161290326, 32.987096774193546, 32.987096774193546, 32.980645161290326, 32.987096774193546, 32.9741935483871, 32.987096774193546, 32.9741935483871, 32.980645161290326, 32.99354838709677, 32.987096774193546, 32.987096774193546, 32.99354838709677, 32.99354838709677, 33.0, 32.99354838709677, 32.99354838709677, 32.987096774193546, 32.99354838709677, 32.99354838709677, 32.987096774193546, 32.99354838709677]",0.8965893047333614,0.9106928933029332,33,"[33, 33, 33, 33, 33, 33, 33, 33, 33, 33, 33, 33, 33, 33, 33, 33, 33, 33, 33, 33, 33, 33, 33, 33, 33, 33, 33, 33, 33, 33, 33, 33, 33, 33, 33, 33, 33, 33, 33, 33, 33, 33, 33, 33, 33, 33, 33, 33, 33, 33, 33, 33, 33, 33, 33, 33, 33, 33, 33, 33, 33, 33, 33, 33, 33, 33, 33, 33, 33, 33, 33, 33, 33, 33, 33, 33, 33, 33, 33, 33, 33, 33, 33, 33, 33, 33, 33, 33, 33, 33, 33, 33, 33, 33, 33, 33, 33, 33, 33, 33, 33, 33, 33, 33, 33, 33, 33, 33, 33, 33, 33, 33, 33, 33, 33, 33, 33, 33, 33, 33, 33, 33, 33, 33, 33, 33, 33, 33, 33, 33, 33, 33, 33, 33, 33, 33, 33, 33, 33, 33, 33, 33, 33, 33, 33, 33, 33, 33, 33, 33, 33, 33, 33, 33, 33, 33, 33, 33, 33, 33, 33, 33, 33, 33, 33, 33, 33, 33, 33, 33, 33, 33, 33, 33, 33, 33, 33, 33, 33, 33, 33, 33, 33, 33, 33, 33, 33, 33, 33, 33, 33, 33, 33, 33, 33, 33, 33, 33, 33, 33, 33, 33, 33, 33, 33, 33, 33, 33, 33, 33, 33, 33, 33, 33, 33, 33, 33, 33, 33, 33, 33, 33, 33, 33, 33, 33, 33, 33, 33, 33, 33, 33, 33, 33, 33, 33, 33, 33, 33, 33, 33, 33, 33, 33, 33, 33, 33, 33, 33, 33, 33, 33, 33, 33, 33, 33, 33, 33, 33, 33, 33, 33, 33, 33, 33, 33, 33, 33, 33, 33, 33, 33, 33, 33, 33, 33, 33, 33, 33, 33, 33, 33, 33, 33, 33, 33, 33, 33, 33, 33, 33, 33, 33, 33, 33, 33, 33, 33, 33, 33, 33, 33, 33, 33, 33, 33, 33, 33, 33, 33, 33, 33, 33, 33, 33, 33, 33, 33, 33, 33, 33, 33, 33, 33, 33, 33, 33, 33, 33, 33, 33, 33, 33, 33, 33, 33, 33, 33, 33, 33, 33, 33, 33, 33, 33, 33, 33, 33, 33, 33, 33, 33, 33, 33, 33, 33, 33, 33, 33, 33, 33, 33, 33, 33, 33, 33, 33, 33, 33, 33, 33, 33, 33, 33, 33, 33, 33, 33, 33, 33, 33, 33, 33, 33, 33, 33, 33, 33, 33, 33, 33, 33, 33, 33, 33, 33, 33, 33, 33, 33, 33, 33, 33, 33, 33, 33, 33, 33, 33, 33, 33, 33, 33, 33, 33, 33, 33, 33, 33, 33, 33, 33, 33, 33, 33, 33, 33, 33, 33, 33, 33, 33, 33, 33, 33, 33, 33, 33, 33, 33, 33, 33, 33, 33, 33, 33, 33, 33, 33, 33, 33, 33, 33, 33, 33]",455,"[0.6574878692626953, 0.5993991494178772, 0.5552414059638977, 0.5217931270599365, 0.4959345757961273, 0.4755898714065552, 0.45974963903427124, 0.44704028964042664, 0.4367569386959076, 0.42834264039993286, 0.4215795397758484, 0.4158112406730652, 0.41112440824508667, 0.40704914927482605, 0.40355801582336426, 0.4005345106124878, 0.3979529142379761, 0.3957012891769409, 0.3936489522457123, 0.3918578326702118, 0.39026886224746704, 0.3887743353843689, 0.3874056935310364, 0.38617947697639465, 0.38506436347961426, 0.3839905560016632, 0.38303419947624207, 0.38211825489997864, 0.3812793791294098, 0.38046279549598694, 0.3797031342983246, 0.3789716064929962, 0.3782978355884552, 0.37762925028800964, 0.3769613206386566, 0.3763640224933624, 0.3757864832878113, 0.37525302171707153, 0.3746930658817291, 0.3741518259048462, 0.37363213300704956, 0.37311282753944397, 0.37261512875556946, 0.37214088439941406, 0.37168627977371216, 0.37121787667274475, 0.370767742395401, 0.3703066110610962, 0.36986294388771057, 0.3694230914115906, 0.36899182200431824, 0.3685494661331177, 0.36812418699264526, 0.3677136301994324, 0.36729905009269714, 0.3668769896030426, 0.3664550483226776, 0.366054892539978, 0.3656812608242035, 0.36526256799697876, 0.3648528754711151, 0.36444148421287537, 0.36402642726898193, 0.36362171173095703, 0.3632027506828308, 0.3627966642379761, 0.3623766601085663, 0.3619537055492401, 0.36154937744140625, 0.3611658215522766, 0.360765278339386, 0.3603487014770508, 0.3599318265914917, 0.35951316356658936, 0.35910332202911377, 0.3586927056312561, 0.358271986246109, 0.35786551237106323, 0.35743507742881775, 0.3569945991039276, 0.3565686047077179, 0.35613927245140076, 0.355694055557251, 0.3552568554878235, 0.35481929779052734, 0.3543819487094879, 0.35392361879348755, 0.3534538745880127, 0.35299596190452576, 0.3525458574295044, 0.3520916700363159, 0.3516448140144348, 0.3511875569820404, 0.3507292866706848, 0.3502742052078247, 0.3497885465621948, 0.3492805063724518, 0.34880000352859497, 0.3483394980430603, 0.3478410840034485, 0.3473374545574188, 0.3468494415283203, 0.3463415503501892, 0.34582510590553284, 0.34530794620513916, 0.3447999060153961, 0.3442669212818146, 0.34376442432403564, 0.34322673082351685, 0.3426875174045563, 0.3421705961227417, 0.34163764119148254, 0.3411296010017395, 0.34054651856422424, 0.3400067389011383, 0.33945316076278687, 0.338899701833725, 0.3383338451385498, 0.3377857506275177, 0.3372296392917633, 0.33665522933006287, 0.33609962463378906, 0.3355085253715515, 0.3349466621875763, 0.3343541622161865, 0.3337748050689697, 0.33318793773651123, 0.33260831236839294, 0.33205536007881165, 0.33144694566726685, 0.330851674079895, 0.33025383949279785, 0.32965171337127686, 0.32905787229537964, 0.328477144241333, 0.3279170095920563, 0.32732945680618286, 0.32673880457878113, 0.32610130310058594, 0.32551032304763794, 0.3249167501926422, 0.32434311509132385, 0.3237704038619995, 0.32319778203964233, 0.3225972354412079, 0.32199424505233765, 0.3214281499385834, 0.32083624601364136, 0.32026398181915283, 0.3196831941604614, 0.3190896809101105, 0.31856662034988403, 0.31800320744514465, 0.3174302577972412, 0.3168720006942749, 0.3163350820541382, 0.3157579302787781, 0.31518831849098206, 0.31463807821273804, 0.3140530288219452, 0.3135077953338623, 0.3129246234893799, 0.3123534321784973, 0.3117941617965698, 0.31127798557281494, 0.3107330799102783, 0.3101657032966614, 0.3096632659435272, 0.30912715196609497, 0.3086000084877014, 0.3080611824989319, 0.30754998326301575, 0.3070359528064728, 0.30653396248817444, 0.30603185296058655, 0.3055031895637512, 0.3049969971179962, 0.3044852912425995, 0.3040038049221039, 0.3035121560096741, 0.3030146658420563, 0.3025089502334595, 0.30202972888946533, 0.3015763461589813, 0.30108892917633057, 0.30058449506759644, 0.30012592673301697, 0.29965803027153015, 0.2992379069328308, 0.2987704277038574, 0.298294335603714, 0.2977922260761261, 0.29732516407966614, 0.2968920171260834, 0.2965046763420105, 0.29607436060905457, 0.29566577076911926, 0.2951909601688385, 0.2947750389575958, 0.29434072971343994, 0.29388535022735596, 0.2934396266937256, 0.2930758595466614, 0.29266881942749023, 0.2922338843345642, 0.2918582260608673, 0.29146650433540344, 0.2910730540752411, 0.29066407680511475, 0.29027649760246277, 0.2898778021335602, 0.2894878089427948, 0.28911077976226807, 0.2887289226055145, 0.28835609555244446, 0.28802067041397095, 0.2876551151275635, 0.28730639815330505, 0.2869291305541992, 0.2865351736545563, 0.2861716151237488, 0.2858335077762604, 0.2854856848716736, 0.2851358652114868, 0.2847912907600403, 0.2844155728816986, 0.28407061100006104, 0.2837163209915161, 0.2833947241306305, 0.2830369472503662, 0.28264036774635315, 0.28231850266456604, 0.2819708585739136, 0.2816726267337799, 0.28139376640319824, 0.28106677532196045, 0.2807140648365021, 0.28038179874420166, 0.28005900979042053, 0.27976489067077637, 0.27946776151657104, 0.2791808247566223, 0.2788584232330322, 0.2785433828830719, 0.27826735377311707, 0.2779611647129059, 0.2776227295398712, 0.2773268222808838, 0.2770273685455322, 0.276759535074234, 0.27638834714889526, 0.276149719953537, 0.27589693665504456, 0.275613009929657, 0.27532607316970825, 0.2750142812728882, 0.27474597096443176, 0.27444714307785034, 0.2741720676422119, 0.27391156554222107, 0.27364420890808105, 0.27337363362312317, 0.27311718463897705, 0.2728588581085205, 0.2725675702095032, 0.2722673714160919, 0.27199995517730713, 0.27176591753959656, 0.27150431275367737, 0.271243691444397, 0.2709730267524719, 0.2706854045391083, 0.27044230699539185, 0.27017658948898315, 0.2698785960674286, 0.2695949077606201, 0.26928502321243286, 0.26902660727500916, 0.2687915563583374, 0.2685103714466095, 0.26825541257858276, 0.26799336075782776, 0.26772651076316833, 0.2674769163131714, 0.26721054315567017, 0.2669661045074463, 0.2667587995529175, 0.26651254296302795, 0.26625534892082214, 0.266027569770813, 0.26576998829841614, 0.26556649804115295, 0.2653563916683197, 0.2650512456893921, 0.2648598551750183, 0.26463019847869873, 0.26440033316612244, 0.2641836106777191, 0.26398715376853943, 0.26378291845321655, 0.26352959871292114, 0.2633129060268402, 0.2630985379219055, 0.2628648579120636, 0.262643426656723, 0.26242998242378235, 0.2622033953666687, 0.2619989514350891, 0.2618494927883148, 0.2616228759288788, 0.26137635111808777, 0.2611350119113922, 0.2609545886516571, 0.260743111371994, 0.26053404808044434, 0.26033148169517517, 0.26011621952056885, 0.2598639726638794, 0.25966817140579224, 0.25944992899894714, 0.25923842191696167, 0.2589859366416931, 0.2587931454181671, 0.25858351588249207, 0.2583680748939514, 0.25816503167152405, 0.25794705748558044, 0.257737398147583, 0.2575947642326355, 0.25739073753356934, 0.25719356536865234, 0.25695332884788513, 0.2567380666732788, 0.2565729022026062, 0.2563677728176117, 0.25616294145584106, 0.25591808557510376, 0.2556479275226593, 0.25547221302986145, 0.25524187088012695, 0.25509700179100037, 0.254927396774292, 0.2546783685684204, 0.2544921934604645, 0.25430378317832947, 0.25415119528770447, 0.2539505660533905, 0.2537245750427246, 0.25356361269950867, 0.25334882736206055, 0.25316908955574036, 0.25298872590065, 0.25278741121292114, 0.2526405453681946, 0.25242647528648376, 0.25226449966430664, 0.25208115577697754, 0.2519279718399048, 0.2517351508140564, 0.2515472173690796, 0.2513512969017029, 0.2511855363845825, 0.25097113847732544, 0.25076884031295776, 0.2505769431591034, 0.2503742277622223, 0.25020909309387207, 0.2500408887863159, 0.24982784688472748, 0.24964596331119537, 0.24946920573711395, 0.2493155598640442, 0.2491120845079422, 0.2489405870437622, 0.2487638145685196, 0.2485569417476654, 0.24834413826465607, 0.24818111956119537, 0.24799451231956482, 0.2478436678647995, 0.24765363335609436, 0.2474675327539444, 0.24735507369041443, 0.24719156324863434, 0.24697309732437134, 0.24682338535785675, 0.24662603437900543, 0.24646234512329102, 0.24621643126010895, 0.24607516825199127, 0.24591794610023499, 0.2457457333803177, 0.24555227160453796, 0.24541178345680237, 0.24521568417549133, 0.24510477483272552, 0.24493408203125, 0.24470500648021698, 0.24450862407684326, 0.24431230127811432, 0.24405929446220398, 0.2438899278640747, 0.2436952441930771, 0.24359969794750214, 0.24343547224998474, 0.24328526854515076, 0.24314670264720917, 0.2429371476173401, 0.24274274706840515, 0.2425834834575653, 0.24242496490478516, 0.24232877790927887, 0.2421741634607315, 0.24202032387256622, 0.24178335070610046, 0.24161915481090546, 0.24147693812847137, 0.24134723842144012, 0.2412356585264206, 0.24105234444141388, 0.24089501798152924, 0.2407250851392746, 0.24060705304145813, 0.24047346413135529, 0.24027369916439056, 0.2401319295167923, 0.24009370803833008, 0.23994766175746918, 0.23982934653759003, 0.23965583741664886, 0.2395162135362625, 0.23938213288784027, 0.2391825169324875, 0.23898524045944214, 0.23887771368026733, 0.23873160779476166, 0.23859761655330658, 0.2