,number,value,datetime_start,datetime_complete,duration,params_batch_size_scaler,params_constant_learning_rate,params_depth,params_epochs,params_kernel_l2,params_num_trees,params_temperature,user_attrs_accuracy_test,user_attrs_accuracy_valid,user_attrs_approximate_feature_sparsity,user_attrs_approximate_feature_sparsity_history,user_attrs_approximate_weight_sparsity,user_attrs_approximate_weight_sparsity_history,user_attrs_auc_test,user_attrs_auc_valid,user_attrs_feature_sparsity,user_attrs_feature_sparsity_history,user_attrs_num_epochs,user_attrs_val_loss_history,user_attrs_weight_sparsity,user_attrs_weight_sparsity_history,state
26,26,0.5,2024-08-31 01:29:58.362693,2024-08-31 01:34:38.574328,0 days 00:04:40.211635,1,2.187810322758516,4,440,0.6061607721136786,12,0.00045815137535979,0.859,0.85875,0,"[0, 0, 0, 0, 0, 0, 0, 0, 0, 0, 0, 0, 0, 0, 0, 0, 0, 0, 0, 0, 0, 0, 0, 0, 0, 0, 0, 0, 0, 0, 0, 0, 0, 0, 0, 0, 0, 0, 0, 0, 0, 0, 0, 0, 0, 0, 0, 0, 0, 0, 0, 0, 0, 0, 0, 0, 0, 0, 0, 0, 0, 0, 0, 0, 0, 0, 0, 0, 0, 0, 0, 0, 0, 0, 0, 0, 0, 0, 0, 0, 0, 0, 0, 0, 0, 0, 0, 0, 0, 0, 0, 0, 0, 0, 0, 0, 0, 0, 0, 0, 0, 0, 0, 0, 0, 0, 0, 0, 0, 0, 0, 0, 0, 0, 0, 0, 0, 0, 0, 0, 0, 0, 0, 0, 0, 0, 0, 0, 0, 0, 0, 0, 0, 0, 0, 0, 0, 0, 0, 0, 0, 0, 0, 0, 0, 0, 0, 0, 0, 0, 0, 0, 0, 0, 0, 0, 0, 0, 0, 0, 0, 0, 0, 0, 0, 0, 0, 0, 0, 0, 0, 0, 0, 0, 0, 0, 0, 0, 0, 0, 0, 0, 0, 0, 0, 0, 0, 0, 0, 0, 0, 0, 0, 0, 0, 0, 0, 0, 0, 0, 0, 0, 0, 0, 0, 0, 0, 0, 0, 0, 0, 0, 0, 0, 0, 0, 0, 0, 0, 0, 0, 0, 0, 0, 0, 0, 0, 0, 0, 0, 0, 0, 0, 0, 0, 0, 0, 0, 0, 0, 0, 0, 0, 0, 0, 0, 0, 0, 0, 0, 0, 0, 0, 0, 0, 0, 0, 0, 0, 0, 0, 0, 0, 0, 0, 0, 0, 0, 0, 0, 0, 0, 0, 0, 0, 0, 0, 0, 0, 0, 0, 0, 0, 0, 0, 0, 0, 0, 0, 0, 0, 0, 0, 0, 0, 0, 0, 0, 0, 0, 0, 0, 0, 0, 0, 0, 0, 0, 0, 0, 0, 0, 0, 0, 0, 0, 0, 0, 0, 0, 0, 0, 0, 0, 0, 0, 0, 0, 0, 0, 0, 0, 0, 0, 0, 0, 0, 0, 0, 0, 0, 0, 0, 0, 0, 0, 0, 0, 0, 0, 0, 0, 0, 0, 0, 0, 0, 0, 0, 0, 0, 0, 0, 0, 0, 0, 0, 0, 0, 0, 0, 0, 0, 0, 0, 0, 0, 0, 0, 0, 0, 0, 0, 0, 0, 0, 0, 0, 0, 0, 0, 0, 0, 0, 0, 0, 0, 0, 0, 0, 0, 0, 0, 0, 0, 0, 0, 0, 0, 0, 0, 0, 0, 0, 0, 0, 0, 0, 0, 0, 0, 0, 0, 0, 0, 0, 0, 0, 0, 0, 0, 0, 0, 0, 0, 0, 0, 0, 0, 0]",0.0,"[0.0, 0.0, 0.0, 0.0, 0.0, 0.0, 0.0, 0.0, 0.0, 0.0, 0.0, 0.0, 0.0, 0.0, 0.0, 0.0, 0.0, 0.0, 0.0, 0.0, 0.0, 0.0, 0.0, 0.0, 0.0, 0.0, 0.0, 0.0, 0.0, 0.0, 0.0, 0.0, 0.0, 0.0, 0.0, 0.0, 0.0, 0.0, 0.0, 0.0, 0.0, 0.0, 0.0, 0.0, 0.0, 0.0, 0.0, 0.0, 0.0, 0.0, 0.0, 0.0, 0.0, 0.0, 0.0, 0.0, 0.0, 0.0, 0.0, 0.0, 0.0, 0.0, 0.0, 0.0, 0.0, 0.0, 0.0, 0.0, 0.0, 0.0, 0.0, 0.0, 0.0, 0.0, 0.0, 0.0, 0.0, 0.0, 0.0, 0.0, 0.0, 0.0, 0.0, 0.0, 0.0, 0.0, 0.0, 0.0, 0.0, 0.0, 0.0, 0.0, 0.0, 0.0, 0.0, 0.0, 0.0, 0.0, 0.0, 0.0, 0.0, 0.0, 0.0, 0.0, 0.0, 0.0, 0.0, 0.0, 0.0, 0.0, 0.0, 0.0, 0.0, 0.0, 0.0, 0.0, 0.0, 0.0, 0.0, 0.0, 0.0, 0.0, 0.0, 0.0, 0.0, 0.0, 0.0, 0.0, 0.0, 0.0, 0.0, 0.0, 0.0, 0.0, 0.0, 0.0, 0.0, 0.0, 0.0, 0.0, 0.0, 0.0, 0.0, 0.0, 0.0, 0.0, 0.0, 0.0, 0.0, 0.0, 0.0, 0.0, 0.0, 0.0, 0.0, 0.0, 0.0, 0.0, 0.0, 0.0, 0.0, 0.0, 0.0, 0.0, 0.0, 0.0, 0.0, 0.0, 0.0, 0.0, 0.0, 0.0, 0.0, 0.0, 0.0, 0.0, 0.0, 0.0, 0.0, 0.0, 0.0, 0.0, 0.0, 0.0, 0.0, 0.0, 0.0, 0.0, 0.0, 0.0, 0.0, 0.0, 0.0, 0.0, 0.0, 0.0, 0.0, 0.0, 0.0, 0.0, 0.0, 0.0, 0.0, 0.0, 0.0, 0.0, 0.0, 0.0, 0.0, 0.0, 0.0, 0.0, 0.0, 0.0, 0.0, 0.0, 0.0, 0.0, 0.0, 0.0, 0.0, 0.0, 0.0, 0.0, 0.0, 0.0, 0.0, 0.0, 0.0, 0.0, 0.0, 0.0, 0.0, 0.0, 0.0, 0.0, 0.0, 0.0, 0.0, 0.0, 0.0, 0.0, 0.0, 0.0, 0.0, 0.0, 0.0, 0.0, 0.0, 0.0, 0.0, 0.0, 0.0, 0.0, 0.0, 0.0, 0.0, 0.0, 0.0, 0.0, 0.0, 0.0, 0.0, 0.0, 0.0, 0.0, 0.0, 0.0, 0.0, 0.0, 0.0, 0.0, 0.0, 0.0, 0.0, 0.0, 0.0, 0.0, 0.0, 0.0, 0.0, 0.0, 0.0, 0.0, 0.0, 0.0, 0.0, 0.0, 0.0, 0.0, 0.0, 0.0, 0.0, 0.0, 0.0, 0.0, 0.0, 0.0, 0.0, 0.0, 0.0, 0.0, 0.0, 0.0, 0.0, 0.0, 0.0, 0.0, 0.0, 0.0, 0.0, 0.0, 0.0, 0.0, 0.0, 0.0, 0.0, 0.0, 0.0, 0.0, 0.0, 0.0, 0.0, 0.0, 0.0, 0.0, 0.0, 0.0, 0.0, 0.0, 0.0, 0.0, 0.0, 0.0, 0.0, 0.0, 0.0, 0.0, 0.0, 0.0, 0.0, 0.0, 0.0, 0.0, 0.0, 0.0, 0.0, 0.0, 0.0, 0.0, 0.0, 0.0, 0.0, 0.0, 0.0, 0.0, 0.0, 0.0, 0.0, 0.0, 0.0, 0.0, 0.0, 0.0, 0.0, 0.0, 0.0, 0.0, 0.0, 0.0, 0.0, 0.0, 0.0, 0.0, 0.0, 0.0, 0.0, 0.0, 0.0, 0.0, 0.0, 0.0, 0.0, 0.0, 0.0, 0.0, 0.0, 0.0, 0.0, 0.0, 0.0, 0.0, 0.0, 0.0, 0.0, 0.0, 0.0, 0.0, 0.0, 0.0, 0.0, 0.0, 0.0, 0.0, 0.0, 0.0, 0.0, 0.0, 0.0, 0.0, 0.0, 0.0, 0.0, 0.0, 0.0, 0.0, 0.0, 0.0, 0.0, 0.0, 0.0, 0.0, 0.0, 0.0, 0.0, 0.0, 0.0, 0.0, 0.0, 0.0, 0.0, 0.0, 0.0, 0.0, 0.0, 0.0, 0.0, 0.0, 0.0, 0.0]",0.5,0.5,0,"[0, 0, 0, 0, 0, 0, 0, 0, 0, 0, 0, 0, 0, 0, 0, 0, 0, 0, 0, 0, 0, 0, 0, 0, 0, 0, 0, 0, 0, 0, 0, 0, 0, 0, 0, 0, 0, 0, 0, 0, 0, 0, 0, 0, 0, 0, 0, 0, 0, 0, 0, 0, 0, 0, 0, 0, 0, 0, 0, 0, 0, 0, 0, 0, 0, 0, 0, 0, 0, 0, 0, 0, 0, 0, 0, 0, 0, 0, 0, 0, 0, 0, 0, 0, 0, 0, 0, 0, 0, 0, 0, 0, 0, 0, 0, 0, 0, 0, 0, 0, 0, 0, 0, 0, 0, 0, 0, 0, 0, 0, 0, 0, 0, 0, 0, 0, 0, 0, 0, 0, 0, 0, 0, 0, 0, 0, 0, 0, 0, 0, 0, 0, 0, 0, 0, 0, 0, 0, 0, 0, 0, 0, 0, 0, 0, 0, 0, 0, 0, 0, 0, 0, 0, 0, 0, 0, 0, 0, 0, 0, 0, 0, 0, 0, 0, 0, 0, 0, 0, 0, 0, 0, 0, 0, 0, 0, 0, 0, 0, 0, 0, 0, 0, 0, 0, 0, 0, 0, 0, 0, 0, 0, 0, 0, 0, 0, 0, 0, 0, 0, 0, 0, 0, 0, 0, 0, 0, 0, 0, 0, 0, 0, 0, 0, 0, 0, 0, 0, 0, 0, 0, 0, 0, 0, 0, 0, 0, 0, 0, 0, 0, 0, 0, 0, 0, 0, 0, 0, 0, 0, 0, 0, 0, 0, 0, 0, 0, 0, 0, 0, 0, 0, 0, 0, 0, 0, 0, 0, 0, 0, 0, 0, 0, 0, 0, 0, 0, 0, 0, 0, 0, 0, 0, 0, 0, 0, 0, 0, 0, 0, 0, 0, 0, 0, 0, 0, 0, 0, 0, 0, 0, 0, 0, 0, 0, 0, 0, 0, 0, 0, 0, 0, 0, 0, 0, 0, 0, 0, 0, 0, 0, 0, 0, 0, 0, 0, 0, 0, 0, 0, 0, 0, 0, 0, 0, 0, 0, 0, 0, 0, 0, 0, 0, 0, 0, 0, 0, 0, 0, 0, 0, 0, 0, 0, 0, 0, 0, 0, 0, 0, 0, 0, 0, 0, 0, 0, 0, 0, 0, 0, 0, 0, 0, 0, 0, 0, 0, 0, 0, 0, 0, 0, 0, 0, 0, 0, 0, 0, 0, 0, 0, 0, 0, 0, 0, 0, 0, 0, 0, 0, 0, 0, 0, 0, 0, 0, 0, 0, 0, 0, 0, 0, 0, 0, 0, 0, 0, 0, 0, 0, 0, 0, 0, 0, 0, 0, 0, 0, 0, 0, 0, 0, 0, 0, 0, 0, 0, 0, 0, 0, 0, 0, 0, 0, 0, 0, 0, 0, 0, 0]",440,"[0.42447251081466675, 0.4160299003124237, 0.4313422441482544, 0.4106440842151642, 0.407814621925354, 0.40777671337127686, 0.41771411895751953, 0.4099607467651367, 0.40803390741348267, 0.42909911274909973, 0.423439621925354, 0.40839770436286926, 0.41389912366867065, 0.412597119808197, 0.40859875082969666, 0.4114640951156616, 0.4340532720088959, 0.41118115186691284, 0.4091947078704834, 0.40820133686065674, 0.40993931889533997, 0.44729068875312805, 0.4224909245967865, 0.41044190526008606, 0.4072655439376831, 0.4353733956813812, 0.42999276518821716, 0.42876049876213074, 0.4206613600254059, 0.4138657748699188, 0.40730589628219604, 0.4098321795463562, 0.40745365619659424, 0.41664576530456543, 0.40864571928977966, 0.40971824526786804, 0.45519328117370605, 0.4489811360836029, 0.44007372856140137, 0.4134691655635834, 0.40818703174591064, 0.41071003675460815, 0.4076674282550812, 0.4109314978122711, 0.4470379650592804, 0.40895622968673706, 0.4073764383792877, 0.4090869128704071, 0.4154386520385742, 0.4078388512134552, 0.4191166162490845, 0.4161728024482727, 0.41556137800216675, 0.437179833650589, 0.4089324474334717, 0.4118841886520386, 0.4202274978160858, 0.4087882339954376, 0.4074786305427551, 0.41064971685409546, 0.4217304289340973, 0.4262262284755707, 0.4098218083381653, 0.43555450439453125, 0.42402809858322144, 0.41136372089385986, 0.40722620487213135, 0.4072466790676117, 0.4072292745113373, 0.43725287914276123, 0.41737720370292664, 0.42955437302589417, 0.4298723638057709, 0.4088825285434723, 0.4090556800365448, 0.4096747636795044, 0.40892863273620605, 0.4077105224132538, 0.4088646173477173, 0.4109336733818054, 0.4294426739215851, 0.4212842881679535, 0.4128091037273407, 0.4072703421115875, 0.4226970672607422, 0.4233512878417969, 0.41335976123809814, 0.40854525566101074, 0.4204466640949249, 0.4111388921737671, 0.40841174125671387, 0.41232144832611084, 0.41038814187049866, 0.4419187605381012, 0.4382069706916809, 0.40753498673439026, 0.40769335627555847, 0.41322267055511475, 0.4113118052482605, 0.41141632199287415, 0.4158208966255188, 0.41362547874450684, 0.41009292006492615, 0.4079998731613159, 0.4216826558113098, 0.41138508915901184, 0.408209890127182, 0.4159259498119354, 0.4398162066936493, 0.40878158807754517, 0.4113371670246124, 0.4124968349933624, 0.44996127486228943, 0.41199490427970886, 0.4086708128452301, 0.4072369337081909, 0.4313645660877228, 0.40820157527923584, 0.40848541259765625, 0.411988765001297, 0.40736711025238037, 0.4198274314403534, 0.4072415828704834, 0.40736865997314453, 0.42039716243743896, 0.4240128993988037, 0.40738028287887573, 0.4158158004283905, 0.4114404618740082, 0.40806126594543457, 0.41806483268737793, 0.42124050855636597, 0.4092314541339874, 0.4085129499435425, 0.41234710812568665, 0.41097787022590637, 0.4072270691394806, 0.40845492482185364, 0.4131193459033966, 0.40831637382507324, 0.4072290062904358, 0.4149385392665863, 0.4098759889602661, 0.41271278262138367, 0.42149418592453003, 0.40814363956451416, 0.4171925485134125, 0.5213636755943298, 0.4240330159664154, 0.4072296619415283, 0.40848225355148315, 0.417018860578537, 0.40722665190696716, 0.4072926342487335, 0.42274636030197144, 0.4072646200656891, 0.4112905263900757, 0.4350670278072357, 0.4088507890701294, 0.407326340675354, 0.4096750319004059, 0.44379448890686035, 0.4190598726272583, 0.4358152151107788, 0.4099195599555969, 0.43400973081588745, 0.42295822501182556, 0.4079882800579071, 0.40723294019699097, 0.44433003664016724, 0.407467246055603, 0.4138903319835663, 0.43793022632598877, 0.4092954993247986, 0.4099891781806946, 0.41838669776916504, 0.4094846844673157, 0.41633331775665283, 0.4072842001914978, 0.42585334181785583, 0.4258404076099396, 0.42905762791633606, 0.4139152765274048, 0.4073757231235504, 0.4278991222381592, 0.40809735655784607, 0.4079505503177643, 0.4072341024875641, 0.41234448552131653, 0.4075215458869934, 0.4082544445991516, 0.40722721815109253, 0.408291220664978, 0.4120446443557739, 0.4210192561149597, 0.4104110598564148, 0.4108504354953766, 0.45259562134742737, 0.4122141897678375, 0.4139970541000366, 0.4178677797317505, 0.4280921518802643, 0.40935444831848145, 0.4235999584197998, 0.4265744090080261, 0.4442285895347595, 0.4083155691623688, 0.41736042499542236, 0.43443652987480164, 0.4167209267616272, 0.4073372781276703, 0.44297119975090027, 0.41498905420303345, 0.41032931208610535, 0.4102822542190552, 0.4326135218143463, 0.41070756316185, 0.4074006676673889, 0.40770983695983887, 0.4086917042732239, 0.4282326400279999, 0.40753164887428284, 0.4088315963745117, 0.42153412103652954, 0.41787272691726685, 0.40765631198883057, 0.4496763348579407, 0.40813499689102173, 0.40790030360221863, 0.4168364703655243, 0.41100791096687317, 0.4125013053417206, 0.41254913806915283, 0.40847480297088623, 0.41459083557128906, 0.4085935652256012, 0.4096750319004059, 0.4131772518157959, 0.4134160876274109, 0.4099832773208618, 0.41014912724494934, 0.413180947303772, 0.4111502170562744, 0.4131206274032593, 0.4111381769180298, 0.4076743423938751, 0.40755707025527954, 0.42020562291145325, 0.4124702513217926, 0.420136421918869, 0.4187225103378296, 0.4092869460582733, 0.4083852767944336, 0.4074236750602722, 0.4092903137207031, 0.4072839617729187, 0.4072539508342743, 0.4112184941768646, 0.41292357444763184, 0.40892520546913147, 0.4072289764881134, 0.40880081057548523, 0.40907248854637146, 0.40905502438545227, 0.4117186367511749, 0.4192073941230774, 0.40723717212677, 0.40837082266807556, 0.46011343598365784, 0.4086795151233673, 0.4144972562789917, 0.4079991281032562, 0.407735675573349, 0.4376603066921234, 0.40858498215675354, 0.40843361616134644, 0.4076218008995056, 0.40770459175109863, 0.4219091832637787, 0.4229238033294678, 0.4634283483028412, 0.4134790301322937, 0.41305240988731384, 0.4152206480503082, 0.40748775005340576, 0.40805140137672424, 0.4207090139389038, 0.41149207949638367, 0.41119280457496643, 0.4216415286064148, 0.4112012982368469, 0.42613232135772705, 0.40782222151756287, 0.4113417863845825, 0.40743041038513184, 0.4141216576099396, 0.40799272060394287, 0.4073632061481476, 0.4282936751842499, 0.407303124666214, 0.41041824221611023, 0.40832602977752686, 0.41041281819343567, 0.4118717610836029, 0.4074113070964813, 0.4167567491531372, 0.40723568201065063, 0.4072340726852417, 0.40793609619140625, 0.4237161874771118, 0.4074956774711609, 0.4166502058506012, 0.407499223947525, 0.4073880910873413, 0.42069417238235474, 0.4152495265007019, 0.4086180031299591, 0.40842822194099426, 0.4074746072292328, 0.40872275829315186, 0.40751221776008606, 0.40758395195007324, 0.4247268736362457, 0.4079573452472687, 0.41296741366386414, 0.41459816694259644, 0.40752190351486206, 0.4170653223991394, 0.409874826669693, 0.40726590156555176, 0.4125463366508484, 0.41166603565216064, 0.409098744392395, 0.4081631004810333, 0.4184177815914154, 0.40822046995162964, 0.41172805428504944, 0.4219248294830322, 0.41442635655403137, 0.435342401266098, 0.41458019614219666, 0.413219690322876, 0.4081958532333374, 0.4186895489692688, 0.4072265326976776, 0.40777236223220825, 0.4209069013595581, 0.40723395347595215, 0.4176073372364044, 0.42418861389160156, 0.42650824785232544, 0.41093072295188904, 0.42418280243873596, 0.41728827357292175, 0.4117739796638489, 0.412522554397583, 0.4162396192550659, 0.4072512686252594, 0.4162393808364868, 0.42258140444755554, 0.4113539755344391, 0.4131500720977783, 0.42334216833114624, 0.40809139609336853, 0.41311267018318176, 0.40737706422805786, 0.4193059504032135, 0.4100969731807709, 0.4172481298446655, 0.4100355803966522, 0.40866562724113464, 0.4103733003139496, 0.40863171219825745, 0.40866443514823914, 0.4253111183643341, 0.4213992655277252, 0.40731632709503174, 0.4160382151603699, 0.4078800678253174, 0.40845271944999695, 0.4108288586139679, 0.42134377360343933, 0.4075883626937866, 0.41558903455734253, 0.4427238702774048, 0.4084221124649048, 0.4153776168823242, 0.41074734926223755, 0.4602001905441284, 0.4515070617198944, 0.40837496519088745, 0.4143550992012024, 0.42760375142097473, 0.40791016817092896, 0.40724432468414307, 0.40768784284591675, 0.4109611213207245, 0.413431316614151, 0.4107752740383148, 0.4179772436618805, 0.4727628827095032, 0.41112110018730164, 0.417021781206131, 0.42992955446243286, 0.40800967812538147, 0.41890254616737366, 0.4221079647541046, 0.4090503752231598, 0.43151935935020447, 0.40843892097473145, 0.41377532482147217, 0.40742096304893494, 0.4114675521850586, 0.40723365545272827, 0.4072589576244354, 0.41550177335739136, 0.413343608379364, 0.40857529640197754, 0.4314332604408264, 0.41337814927101135, 0.40932801365852356, 0.41632792353630066, 0.4345260560512543, 0.44878852367401123, 0.40850138664245605, 0.4072652757167816, 0.4245545268058777, 0.4372676610946655, 0.4157155156135559, 0.4328422248363495, 0.4272747039794922, 0.4137839376926422, 0.41482895612716675, 0.40889641642570496, 0.418781042098999, 0.40740662813186646, 0.4115951657295227, 0.44274723529815674, 0.4082278311252594, 0.41193854808807373]",0.0,"[0.0, 0.0, 0.0, 0.0, 0.0, 0.0, 0.0, 0.0, 0.0, 0.0, 0.0, 0.0, 0.0, 0.0, 0.0, 0.0, 0.0, 0.0, 0.0, 0.0, 0.0, 0.0, 0.0, 0.0, 0.0, 0.0, 0.0, 0.0, 0.0, 0.0, 0.0, 0.0, 0.0, 0.0, 0.0, 0.0, 0.0, 0.0, 0.0, 0.0, 0.0, 0.0, 0.0, 0.0, 0.0, 0.0, 0.0, 0.0, 0.0, 0.0, 0.0, 0.0, 0.0, 0.0, 0.0, 0.0, 0.0, 0.0, 0.0, 0.0, 0.0, 0.0, 0.0, 0.0, 0.0, 0.0, 0.0, 0.0, 0.0, 0.0, 0.0, 0.0, 0.0, 0.0, 0.0, 0.0, 0.0, 0.0, 0.0, 0.0, 0.0, 0.0, 0.0, 0.0, 0.0, 0.0, 0.0, 0.0, 0.0, 0.0, 0.0, 0.0, 0.0, 0.0, 0.0, 0.0, 0.0, 0.0, 0.0, 0.0, 0.0, 0.0, 0.0, 0.0, 0.0, 0.0, 0.0, 0.0, 0.0, 0.0, 0.0, 0.0, 0.0, 0.0, 0.0, 0.0, 0.0, 0.0, 0.0, 0.0, 0.0, 0.0, 0.0, 0.0, 0.0, 0.0, 0.0, 0.0, 0.0, 0.0, 0.0, 0.0, 0.0, 0.0, 0.0, 0.0, 0.0, 0.0, 0.0, 0.0, 0.0, 0.0, 0.0, 0.0, 0.0, 0.0, 0.0, 0.0, 0.0, 0.0, 0.0, 0.0, 0.0, 0.0, 0.0, 0.0, 0.0, 0.0, 0.0, 0.0, 0.0, 0.0, 0.0, 0.0, 0.0, 0.0, 0.0, 0.0, 0.0, 0.0, 0.0, 0.0, 0.0, 0.0, 0.0, 0.0, 0.0, 0.0, 0.0, 0.0, 0.0, 0.0, 0.0, 0.0, 0.0, 0.0, 0.0, 0.0, 0.0, 0.0, 0.0, 0.0, 0.0, 0.0, 0.0, 0.0, 0.0, 0.0, 0.0, 0.0, 0.0, 0.0, 0.0, 0.0, 0.0, 0.0, 0.0, 0.0, 0.0, 0.0, 0.0, 0.0, 0.0, 0.0, 0.0, 0.0, 0.0, 0.0, 0.0, 0.0, 0.0, 0.0, 0.0, 0.0, 0.0, 0.0, 0.0, 0.0, 0.0, 0.0, 0.0, 0.0, 0.0, 0.0, 0.0, 0.0, 0.0, 0.0, 0.0, 0.0, 0.0, 0.0, 0.0, 0.0, 0.0, 0.0, 0.0, 0.0, 0.0, 0.0, 0.0, 0.0, 0.0, 0.0, 0.0, 0.0, 0.0, 0.0, 0.0, 0.0, 0.0, 0.0, 0.0, 0.0, 0.0, 0.0, 0.0, 0.0, 0.0, 0.0, 0.0, 0.0, 0.0, 0.0, 0.0, 0.0, 0.0, 0.0, 0.0, 0.0, 0.0, 0.0, 0.0, 0.0, 0.0, 0.0, 0.0, 0.0, 0.0, 0.0, 0.0, 0.0, 0.0, 0.0, 0.0, 0.0, 0.0, 0.0, 0.0, 0.0, 0.0, 0.0, 0.0, 0.0, 0.0, 0.0, 0.0, 0.0, 0.0, 0.0, 0.0, 0.0, 0.0, 0.0, 0.0, 0.0, 0.0, 0.0, 0.0, 0.0, 0.0, 0.0, 0.0, 0.0, 0.0, 0.0, 0.0, 0.0, 0.0, 0.0, 0.0, 0.0, 0.0, 0.0, 0.0, 0.0, 0.0, 0.0, 0.0, 0.0, 0.0, 0.0, 0.0, 0.0, 0.0, 0.0, 0.0, 0.0, 0.0, 0.0, 0.0, 0.0, 0.0, 0.0, 0.0, 0.0, 0.0, 0.0, 0.0, 0.0, 0.0, 0.0, 0.0, 0.0, 0.0, 0.0, 0.0, 0.0, 0.0, 0.0, 0.0, 0.0, 0.0, 0.0, 0.0, 0.0, 0.0, 0.0, 0.0, 0.0, 0.0, 0.0, 0.0, 0.0, 0.0, 0.0, 0.0, 0.0, 0.0, 0.0, 0.0, 0.0, 0.0, 0.0, 0.0, 0.0, 0.0, 0.0, 0.0, 0.0, 0.0, 0.0, 0.0, 0.0, 0.0, 0.0, 0.0, 0.0, 0.0, 0.0, 0.0, 0.0, 0.0, 0.0, 0.0, 0.0, 0.0, 0.0, 0.0, 0.0, 0.0, 0.0, 0.0, 0.0, 0.0, 0.0, 0.0, 0.0, 0.0, 0.0, 0.0, 0.0, 0.0, 0.0, 0.0, 0.0, 0.0, 0.0, 0.0, 0.0]",COMPLETE
