,number,value,datetime_start,datetime_complete,duration,params_batch_size_scaler,params_constant_learning_rate,params_depth,params_epochs,params_kernel_l2,params_num_trees,params_temperature,user_attrs_accuracy_test,user_attrs_accuracy_valid,user_attrs_approximate_feature_sparsity,user_attrs_approximate_feature_sparsity_history,user_attrs_approximate_weight_sparsity,user_attrs_approximate_weight_sparsity_history,user_attrs_auc_test,user_attrs_auc_valid,user_attrs_feature_sparsity,user_attrs_feature_sparsity_history,user_attrs_num_epochs,user_attrs_val_loss_history,user_attrs_weight_sparsity,user_attrs_weight_sparsity_history,state
168,168,0.5,2024-08-31 07:45:20.509351,2024-08-31 07:49:04.082793,0 days 00:03:43.573442,1,2.838134790099105,4,360,0.049848573403536385,31,0.045193709385098584,0.859,0.85875,0,"[0, 0, 0, 0, 0, 0, 0, 0, 0, 0, 0, 0, 0, 0, 0, 0, 0, 0, 0, 0, 0, 0, 0, 0, 0, 0, 0, 0, 0, 0, 0, 0, 0, 0, 0, 0, 0, 0, 0, 0, 0, 0, 0, 0, 0, 0, 0, 0, 0, 0, 0, 0, 0, 0, 0, 0, 0, 0, 0, 0, 0, 0, 0, 0, 0, 0, 0, 0, 0, 0, 0, 0, 0, 0, 0, 0, 0, 0, 0, 0, 0, 0, 0, 0, 0, 0, 0, 0, 0, 0, 0, 0, 0, 0, 0, 0, 0, 0, 0, 0, 0, 0, 0, 0, 0, 0, 0, 0, 0, 0, 0, 0, 0, 0, 0, 0, 0, 0, 0, 0, 0, 0, 0, 0, 0, 0, 0, 0, 0, 0, 0, 0, 0, 0, 0, 0, 0, 0, 0, 0, 0, 0, 0, 0, 0, 0, 0, 0, 0, 0, 0, 0, 0, 0, 0, 0, 0, 0, 0, 0, 0, 0, 0, 0, 0, 0, 0, 0, 0, 0, 0, 0, 0, 0, 0, 0, 0, 0, 0, 0, 0, 0, 0, 0, 0, 0, 0, 0, 0, 0, 0, 0, 0, 0, 0, 0, 0, 0, 0, 0, 0, 0, 0, 0, 0, 0, 0, 0, 0, 0, 0, 0, 0, 0, 0, 0, 0, 0, 0, 0, 0, 0, 0, 0, 0, 0, 0, 0, 0, 0, 0, 0, 0, 0, 0, 0, 0, 0, 0, 0, 0, 0, 0, 0, 0, 0, 0, 0, 0, 0, 0, 0, 0, 0, 0, 0, 0, 0, 0, 0, 0, 0, 0, 0, 0, 0, 0, 0, 0, 0, 0, 0, 0, 0, 0, 0, 0, 0, 0, 0, 0, 0, 0, 0, 0, 0, 0, 0, 0, 0, 0, 0, 0, 0, 0, 0, 0, 0, 0, 0, 0, 0, 0, 0, 0, 0, 0, 0, 0, 0, 0, 0, 0, 0, 0, 0, 0, 0, 0, 0, 0, 0, 0, 0, 0, 0, 0, 0, 0, 0, 0, 0, 0, 0, 0, 0, 0, 0, 0, 0, 0, 0, 0, 0, 0, 0, 0, 0, 0, 0, 0, 0, 0, 0, 0, 0, 0, 0, 0, 0]",0.0,"[0.0, 0.0, 0.0, 0.0, 0.0, 0.0, 0.0, 0.0, 0.0, 0.0, 0.0, 0.0, 0.0, 0.0, 0.0, 0.0, 0.0, 0.0, 0.0, 0.0, 0.0, 0.0, 0.0, 0.0, 0.0, 0.0, 0.0, 0.0, 0.0, 0.0, 0.0, 0.0, 0.0, 0.0, 0.0, 0.0, 0.0, 0.0, 0.0, 0.0, 0.0, 0.0, 0.0, 0.0, 0.0, 0.0, 0.0, 0.0, 0.0, 0.0, 0.0, 0.0, 0.0, 0.0, 0.0, 0.0, 0.0, 0.0, 0.0, 0.0, 0.0, 0.0, 0.0, 0.0, 0.0, 0.0, 0.0, 0.0, 0.0, 0.0, 0.0, 0.0, 0.0, 0.0, 0.0, 0.0, 0.0, 0.0, 0.0, 0.0, 0.0, 0.0, 0.0, 0.0, 0.0, 0.0, 0.0, 0.0, 0.0, 0.0, 0.0, 0.0, 0.0, 0.0, 0.0, 0.0, 0.0, 0.0, 0.0, 0.0, 0.0, 0.0, 0.0, 0.0, 0.0, 0.0, 0.0, 0.0, 0.0, 0.0, 0.0, 0.0, 0.0, 0.0, 0.0, 0.0, 0.0, 0.0, 0.0, 0.0, 0.0, 0.0, 0.0, 0.0, 0.0, 0.0, 0.0, 0.0, 0.0, 0.0, 0.0, 0.0, 0.0, 0.0, 0.0, 0.0, 0.0, 0.0, 0.0, 0.0, 0.0, 0.0, 0.0, 0.0, 0.0, 0.0, 0.0, 0.0, 0.0, 0.0, 0.0, 0.0, 0.0, 0.0, 0.0, 0.0, 0.0, 0.0, 0.0, 0.0, 0.0, 0.0, 0.0, 0.0, 0.0, 0.0, 0.0, 0.0, 0.0, 0.0, 0.0, 0.0, 0.0, 0.0, 0.0, 0.0, 0.0, 0.0, 0.0, 0.0, 0.0, 0.0, 0.0, 0.0, 0.0, 0.0, 0.0, 0.0, 0.0, 0.0, 0.0, 0.0, 0.0, 0.0, 0.0, 0.0, 0.0, 0.0, 0.0, 0.0, 0.0, 0.0, 0.0, 0.0, 0.0, 0.0, 0.0, 0.0, 0.0, 0.0, 0.0, 0.0, 0.0, 0.0, 0.0, 0.0, 0.0, 0.0, 0.0, 0.0, 0.0, 0.0, 0.0, 0.0, 0.0, 0.0, 0.0, 0.0, 0.0, 0.0, 0.0, 0.0, 0.0, 0.0, 0.0, 0.0, 0.0, 0.0, 0.0, 0.0, 0.0, 0.0, 0.0, 0.0, 0.0, 0.0, 0.0, 0.0, 0.0, 0.0, 0.0, 0.0, 0.0, 0.0, 0.0, 0.0, 0.0, 0.0, 0.0, 0.0, 0.0, 0.0, 0.0, 0.0, 0.0, 0.0, 0.0, 0.0, 0.0, 0.0, 0.0, 0.0, 0.0, 0.0, 0.0, 0.0, 0.0, 0.0, 0.0, 0.0, 0.0, 0.0, 0.0, 0.0, 0.0, 0.0, 0.0, 0.0, 0.0, 0.0, 0.0, 0.0, 0.0, 0.0, 0.0, 0.0, 0.0, 0.0, 0.0, 0.0, 0.0, 0.0, 0.0, 0.0, 0.0, 0.0, 0.0, 0.0, 0.0, 0.0, 0.0, 0.0, 0.0, 0.0, 0.0, 0.0, 0.0, 0.0, 0.0, 0.0, 0.0, 0.0, 0.0, 0.0, 0.0, 0.0, 0.0, 0.0, 0.0, 0.0, 0.0, 0.0, 0.0, 0.0, 0.0, 0.0, 0.0, 0.0, 0.0, 0.0, 0.0, 0.0, 0.0, 0.0, 0.0, 0.0, 0.0, 0.0, 0.0, 0.0, 0.0, 0.0, 0.0, 0.0, 0.0, 0.0, 0.0, 0.0, 0.0, 0.0]",0.5,0.5,0,"[0, 0, 0, 0, 0, 0, 0, 0, 0, 0, 0, 0, 0, 0, 0, 0, 0, 0, 0, 0, 0, 0, 0, 0, 0, 0, 0, 0, 0, 0, 0, 0, 0, 0, 0, 0, 0, 0, 0, 0, 0, 0, 0, 0, 0, 0, 0, 0, 0, 0, 0, 0, 0, 0, 0, 0, 0, 0, 0, 0, 0, 0, 0, 0, 0, 0, 0, 0, 0, 0, 0, 0, 0, 0, 0, 0, 0, 0, 0, 0, 0, 0, 0, 0, 0, 0, 0, 0, 0, 0, 0, 0, 0, 0, 0, 0, 0, 0, 0, 0, 0, 0, 0, 0, 0, 0, 0, 0, 0, 0, 0, 0, 0, 0, 0, 0, 0, 0, 0, 0, 0, 0, 0, 0, 0, 0, 0, 0, 0, 0, 0, 0, 0, 0, 0, 0, 0, 0, 0, 0, 0, 0, 0, 0, 0, 0, 0, 0, 0, 0, 0, 0, 0, 0, 0, 0, 0, 0, 0, 0, 0, 0, 0, 0, 0, 0, 0, 0, 0, 0, 0, 0, 0, 0, 0, 0, 0, 0, 0, 0, 0, 0, 0, 0, 0, 0, 0, 0, 0, 0, 0, 0, 0, 0, 0, 0, 0, 0, 0, 0, 0, 0, 0, 0, 0, 0, 0, 0, 0, 0, 0, 0, 0, 0, 0, 0, 0, 0, 0, 0, 0, 0, 0, 0, 0, 0, 0, 0, 0, 0, 0, 0, 0, 0, 0, 0, 0, 0, 0, 0, 0, 0, 0, 0, 0, 0, 0, 0, 0, 0, 0, 0, 0, 0, 0, 0, 0, 0, 0, 0, 0, 0, 0, 0, 0, 0, 0, 0, 0, 0, 0, 0, 0, 0, 0, 0, 0, 0, 0, 0, 0, 0, 0, 0, 0, 0, 0, 0, 0, 0, 0, 0, 0, 0, 0, 0, 0, 0, 0, 0, 0, 0, 0, 0, 0, 0, 0, 0, 0, 0, 0, 0, 0, 0, 0, 0, 0, 0, 0, 0, 0, 0, 0, 0, 0, 0, 0, 0, 0, 0, 0, 0, 0, 0, 0, 0, 0, 0, 0, 0, 0, 0, 0, 0, 0, 0, 0, 0, 0, 0, 0, 0, 0, 0, 0, 0, 0, 0, 0, 0]",360,"[0.7776039242744446, 0.4222928583621979, 0.6793088316917419, 0.4369334876537323, 0.4741576313972473, 0.446377158164978, 0.4097853899002075, 0.530051589012146, 0.510458767414093, 0.4702252149581909, 0.44287967681884766, 0.44169390201568604, 0.42940548062324524, 0.4221065044403076, 0.41094768047332764, 0.5096994638442993, 0.4141671061515808, 0.5307153463363647, 0.7380668520927429, 0.41134318709373474, 0.4447251260280609, 0.5099164247512817, 0.7869166731834412, 0.4451180398464203, 1.008458137512207, 0.5363519191741943, 0.47292909026145935, 0.5286041498184204, 0.4150365889072418, 0.7736112475395203, 0.4621218740940094, 0.4080374240875244, 0.4084300696849823, 0.5041465163230896, 0.4407506585121155, 0.4105675220489502, 0.42209744453430176, 0.4618125557899475, 0.4202963709831238, 0.4083758294582367, 0.4778311848640442, 0.40899014472961426, 0.5597159266471863, 0.4396449625492096, 0.5175009965896606, 0.4446347951889038, 0.4457531273365021, 0.4083906412124634, 0.49170002341270447, 0.410671591758728, 0.42974475026130676, 0.44170475006103516, 0.41806212067604065, 0.47280654311180115, 0.4790770709514618, 0.4244089126586914, 0.4542246162891388, 0.46418842673301697, 0.4508286714553833, 0.40804749727249146, 0.44219666719436646, 0.46648839116096497, 0.4080369472503662, 0.5580030083656311, 0.4455104172229767, 0.41651150584220886, 0.5134451389312744, 0.5486423373222351, 0.4451841711997986, 0.4272676408290863, 0.42869988083839417, 0.4089915454387665, 0.40723076462745667, 0.41929176449775696, 0.4576406180858612, 0.4416857957839966, 0.6167355179786682, 0.4746694266796112, 0.4080377221107483, 0.48186981678009033, 0.43963488936424255, 0.45205074548721313, 0.5336014628410339, 0.5646399855613708, 0.4460124969482422, 0.5496390461921692, 0.7554331421852112, 0.5297433733940125, 0.45816734433174133, 0.4327099621295929, 0.6708351373672485, 0.4399830996990204, 0.41286197304725647, 0.5211117267608643, 0.4397747814655304, 0.4123164713382721, 0.5027391314506531, 0.4748299717903137, 0.5453101992607117, 0.48714226484298706, 0.44127142429351807, 0.5753490924835205, 0.42870330810546875, 0.5141682624816895, 0.8156290650367737, 0.543290376663208, 0.44940829277038574, 0.4082118570804596, 0.7185516953468323, 0.4084414541721344, 0.41601839661598206, 0.459320992231369, 0.5561885237693787, 0.47482460737228394, 0.5243968367576599, 0.414992094039917, 0.4080466032028198, 0.4085758924484253, 0.4625801146030426, 0.40815502405166626, 0.4147455096244812, 0.47456398606300354, 0.8617317080497742, 0.45179325342178345, 0.42441269755363464, 0.525061845779419, 0.40794485807418823, 0.5460565686225891, 0.40835556387901306, 0.4606262445449829, 0.504041314125061, 0.4453076124191284, 0.44688665866851807, 0.4282434582710266, 0.49329739809036255, 0.45666009187698364, 0.42932647466659546, 0.47247207164764404, 0.4318563938140869, 0.4445446729660034, 0.4278494119644165, 0.42817366123199463, 0.4252406656742096, 0.42297878861427307, 0.4113451838493347, 0.5027112364768982, 0.41908469796180725, 0.6560719013214111, 0.41018906235694885, 0.4142058491706848, 0.43941637873649597, 0.5044354200363159, 0.44091951847076416, 0.510784387588501, 0.4520646929740906, 0.44192829728126526, 0.44980648159980774, 0.521748960018158, 0.4218921661376953, 0.5010073781013489, 0.5036216974258423, 0.4491572082042694, 0.4091496765613556, 0.5644800066947937, 0.4453945457935333, 0.48774319887161255, 0.42452338337898254, 0.4510168731212616, 0.4659453332424164, 0.414885938167572, 0.4144853949546814, 0.4080265164375305, 0.42401641607284546, 0.5542173981666565, 0.44519925117492676, 0.42903053760528564, 0.41406872868537903, 0.4104880094528198, 0.4510989785194397, 0.41417545080184937, 0.4105246663093567, 0.7203693985939026, 0.6363630890846252, 0.4080618619918823, 0.41940170526504517, 0.4084339141845703, 0.41327226161956787, 0.43963921070098877, 0.4597019851207733, 0.7030946612358093, 0.426393061876297, 0.4582303762435913, 0.42920130491256714, 0.40864795446395874, 0.5192990303039551, 0.41036444902420044, 0.4723641872406006, 0.45832234621047974, 0.42184776067733765, 0.4242360293865204, 0.4820946156978607, 0.4716944992542267, 0.45498761534690857, 0.5450243949890137, 0.40992245078086853, 0.42643070220947266, 0.40821269154548645, 0.45979544520378113, 0.5648202300071716, 0.44690993428230286, 0.45830538868904114, 0.4098261594772339, 0.4395884573459625, 0.4275333881378174, 0.4197242856025696, 0.42763710021972656, 0.7200202941894531, 0.5203683972358704, 0.42394503951072693, 0.40839383006095886, 0.42465874552726746, 0.4628710448741913, 0.48137709498405457, 0.45587897300720215, 0.40805914998054504, 0.6487720012664795, 0.4274739921092987, 0.5296274423599243, 0.5179011225700378, 0.6384397745132446, 0.47269877791404724, 0.4642719030380249, 0.6232563853263855, 0.6075825691223145, 0.4309841990470886, 0.7431052923202515, 0.41192400455474854, 0.5157204866409302, 0.6193733215332031, 0.5336896777153015, 0.4093572199344635, 0.40724050998687744, 0.40824881196022034, 0.47300341725349426, 0.4776589274406433, 0.44862425327301025, 0.5389434695243835, 0.4407205879688263, 0.43095508217811584, 0.4727262258529663, 0.5392228364944458, 0.4095035791397095, 0.5077813863754272, 0.4084891080856323, 0.7374335527420044, 1.4949127435684204, 0.5021966695785522, 0.5091849565505981, 0.6048054695129395, 0.49254554510116577, 0.5039057731628418, 0.4101238548755646, 0.40808045864105225, 0.42139095067977905, 0.8582862615585327, 0.523195207118988, 0.4303630590438843, 0.4082931578159332, 0.4213242828845978, 0.40727946162223816, 0.4451461732387543, 0.4310515224933624, 0.40723559260368347, 0.5052182078361511, 0.9388743042945862, 0.8661797046661377, 0.4328022301197052, 0.42576342821121216, 0.8966255784034729, 0.45406749844551086, 1.0730373859405518, 0.5319681167602539, 0.47239887714385986, 0.42785176634788513, 0.42863574624061584, 0.4202721416950226, 0.46872857213020325, 0.46760135889053345, 0.5188524127006531, 0.44130486249923706, 0.6526485681533813, 0.42385372519493103, 0.4211727976799011, 0.4613083600997925, 0.4577479660511017, 0.40839314460754395, 0.5695760846138, 0.411448210477829, 0.4248606860637665, 0.4608016908168793, 0.42956897616386414, 0.46550309658050537, 0.4275485575199127, 0.707994818687439, 0.4625014066696167, 0.41008487343788147, 0.41458195447921753, 0.42945292592048645, 0.502938985824585, 0.5280184745788574, 0.4295222759246826, 0.4095875918865204, 0.4396119713783264, 0.40803855657577515, 0.40840357542037964, 0.45494452118873596, 0.6769227385520935, 0.5147109031677246, 0.6769790649414062, 0.46657517552375793, 0.4277315139770508, 0.47166916728019714, 0.4277184307575226, 0.5471356511116028, 0.4149523973464966, 0.4094655513763428, 0.8493189811706543, 0.40836676955223083, 0.44156700372695923, 0.42139914631843567, 0.42207130789756775, 0.5696291923522949, 0.5317086577415466, 0.5277713537216187, 0.4237082600593567, 0.4284401834011078, 0.4095192849636078, 0.4105750024318695, 0.5378291606903076, 0.4202217161655426, 0.6052920818328857, 0.41621533036231995, 1.0574983358383179, 0.42776480317115784, 0.4218146502971649, 0.5267025232315063, 0.5680344104766846, 0.4832340180873871, 0.4092143774032593, 0.4218790829181671, 0.46607089042663574, 0.4732998013496399, 0.4404180943965912, 0.42215052247047424, 0.5325453877449036, 0.45451343059539795, 0.46943527460098267, 0.4093587100505829, 0.5302322506904602, 0.40805137157440186]",0.0,"[0.0, 0.0, 0.0, 0.0, 0.0, 0.0, 0.0, 0.0, 0.0, 0.0, 0.0, 0.0, 0.0, 0.0, 0.0, 0.0, 0.0, 0.0, 0.0, 0.0, 0.0, 0.0, 0.0, 0.0, 0.0, 0.0, 0.0, 0.0, 0.0, 0.0, 0.0, 0.0, 0.0, 0.0, 0.0, 0.0, 0.0, 0.0, 0.0, 0.0, 0.0, 0.0, 0.0, 0.0, 0.0, 0.0, 0.0, 0.0, 0.0, 0.0, 0.0, 0.0, 0.0, 0.0, 0.0, 0.0, 0.0, 0.0, 0.0, 0.0, 0.0, 0.0, 0.0, 0.0, 0.0, 0.0, 0.0, 0.0, 0.0, 0.0, 0.0, 0.0, 0.0, 0.0, 0.0, 0.0, 0.0, 0.0, 0.0, 0.0, 0.0, 0.0, 0.0, 0.0, 0.0, 0.0, 0.0, 0.0, 0.0, 0.0, 0.0, 0.0, 0.0, 0.0, 0.0, 0.0, 0.0, 0.0, 0.0, 0.0, 0.0, 0.0, 0.0, 0.0, 0.0, 0.0, 0.0, 0.0, 0.0, 0.0, 0.0, 0.0, 0.0, 0.0, 0.0, 0.0, 0.0, 0.0, 0.0, 0.0, 0.0, 0.0, 0.0, 0.0, 0.0, 0.0, 0.0, 0.0, 0.0, 0.0, 0.0, 0.0, 0.0, 0.0, 0.0, 0.0, 0.0, 0.0, 0.0, 0.0, 0.0, 0.0, 0.0, 0.0, 0.0, 0.0, 0.0, 0.0, 0.0, 0.0, 0.0, 0.0, 0.0, 0.0, 0.0, 0.0, 0.0, 0.0, 0.0, 0.0, 0.0, 0.0, 0.0, 0.0, 0.0, 0.0, 0.0, 0.0, 0.0, 0.0, 0.0, 0.0, 0.0, 0.0, 0.0, 0.0, 0.0, 0.0, 0.0, 0.0, 0.0, 0.0, 0.0, 0.0, 0.0, 0.0, 0.0, 0.0, 0.0, 0.0, 0.0, 0.0, 0.0, 0.0, 0.0, 0.0, 0.0, 0.0, 0.0, 0.0, 0.0, 0.0, 0.0, 0.0, 0.0, 0.0, 0.0, 0.0, 0.0, 0.0, 0.0, 0.0, 0.0, 0.0, 0.0, 0.0, 0.0, 0.0, 0.0, 0.0, 0.0, 0.0, 0.0, 0.0, 0.0, 0.0, 0.0, 0.0, 0.0, 0.0, 0.0, 0.0, 0.0, 0.0, 0.0, 0.0, 0.0, 0.0, 0.0, 0.0, 0.0, 0.0, 0.0, 0.0, 0.0, 0.0, 0.0, 0.0, 0.0, 0.0, 0.0, 0.0, 0.0, 0.0, 0.0, 0.0, 0.0, 0.0, 0.0, 0.0, 0.0, 0.0, 0.0, 0.0, 0.0, 0.0, 0.0, 0.0, 0.0, 0.0, 0.0, 0.0, 0.0, 0.0, 0.0, 0.0, 0.0, 0.0, 0.0, 0.0, 0.0, 0.0, 0.0, 0.0, 0.0, 0.0, 0.0, 0.0, 0.0, 0.0, 0.0, 0.0, 0.0, 0.0, 0.0, 0.0, 0.0, 0.0, 0.0, 0.0, 0.0, 0.0, 0.0, 0.0, 0.0, 0.0, 0.0, 0.0, 0.0, 0.0, 0.0, 0.0, 0.0, 0.0, 0.0, 0.0, 0.0, 0.0, 0.0, 0.0, 0.0, 0.0, 0.0, 0.0, 0.0, 0.0, 0.0, 0.0, 0.0, 0.0, 0.0, 0.0, 0.0, 0.0, 0.0, 0.0, 0.0, 0.0, 0.0, 0.0, 0.0, 0.0, 0.0, 0.0, 0.0, 0.0, 0.0, 0.0, 0.0, 0.0, 0.0, 0.0, 0.0, 0.0, 0.0, 0.0, 0.0, 0.0, 0.0, 0.0]",COMPLETE
