,number,value,datetime_start,datetime_complete,duration,params_batch_size_scaler,params_constant_learning_rate,params_depth,params_epochs,params_kernel_l2,params_num_trees,params_temperature,user_attrs_accuracy_test,user_attrs_accuracy_valid,user_attrs_approximate_feature_sparsity,user_attrs_approximate_feature_sparsity_history,user_attrs_approximate_weight_sparsity,user_attrs_approximate_weight_sparsity_history,user_attrs_auc_test,user_attrs_auc_valid,user_attrs_feature_sparsity,user_attrs_feature_sparsity_history,user_attrs_num_epochs,user_attrs_val_loss_history,user_attrs_weight_sparsity,user_attrs_weight_sparsity_history,state
130,130,0.9179322693253984,2024-08-31 05:46:00.678485,2024-08-31 06:10:41.669710,0 days 00:24:40.991225,1,0.013063398334200952,6,475,0.5226287270136386,47,0.001402812189937541,0.927,0.91875,33,"[33, 33, 33, 33, 33, 33, 33, 33, 33, 33, 33, 33, 33, 33, 33, 33, 33, 33, 33, 33, 33, 33, 33, 33, 33, 33, 33, 33, 33, 33, 33, 33, 33, 33, 33, 33, 33, 33, 33, 33, 33, 33, 33, 33, 33, 33, 33, 33, 33, 33, 33, 33, 33, 33, 33, 33, 33, 33, 33, 33, 33, 33, 33, 33, 33, 33, 33, 33, 33, 33, 33, 33, 33, 33, 33, 33, 33, 33, 33, 33, 33, 33, 33, 33, 33, 33, 33, 33, 33, 33, 33, 33, 33, 33, 33, 33, 33, 33, 33, 33, 33, 33, 33, 33, 33, 33, 33, 33, 33, 33, 33, 33, 33, 33, 33, 33, 33, 33, 33, 33, 33, 33, 33, 33, 33, 33, 33, 33, 33, 33, 33, 33, 33, 33, 33, 33, 33, 33, 33, 33, 33, 33, 33, 33, 33, 33, 33, 33, 33, 33, 33, 33, 33, 33, 33, 33, 33, 33, 33, 33, 33, 33, 33, 33, 33, 33, 33, 33, 33, 33, 33, 33, 33, 33, 33, 33, 33, 33, 33, 33, 33, 33, 33, 33, 33, 33, 33, 33, 33, 33, 33, 33, 33, 33, 33, 33, 33, 33, 33, 33, 33, 33, 33, 33, 33, 33, 33, 33, 33, 33, 33, 33, 33, 33, 33, 33, 33, 33, 33, 33, 33, 33, 33, 33, 33, 33, 33, 33, 33, 33, 33, 33, 33, 33, 33, 33, 33, 33, 33, 33, 33, 33, 33, 33, 33, 33, 33, 33, 33, 33, 33, 33, 33, 33, 33, 33, 33, 33, 33, 33, 33, 33, 33, 33, 33, 33, 33, 33, 33, 33, 33, 33, 33, 33, 33, 33, 33, 33, 33, 33, 33, 33, 33, 33, 33, 33, 33, 33, 33, 33, 33, 33, 33, 33, 33, 33, 33, 33, 33, 33, 33, 33, 33, 33, 33, 33, 33, 33, 33, 33, 33, 33, 33, 33, 33, 33, 33, 33, 33, 33, 33, 33, 33, 33, 33, 33, 33, 33, 33, 33, 33, 33, 33, 33, 33, 33, 33, 33, 33, 33, 33, 33, 33, 33, 33, 33, 33, 33, 33, 33, 33, 33, 33, 33, 33, 33, 33, 33, 33, 33, 33, 33, 33, 33, 33, 33, 33, 33, 33, 33, 33, 33, 33, 33, 33, 33, 33, 33, 33, 33, 33, 33, 33, 33, 33, 33, 33, 33, 33, 33, 33, 33, 33, 33, 33, 33, 33, 33, 33, 33, 33, 33, 33, 33, 33, 33, 33, 33, 33, 33, 33, 33, 33, 33, 33, 33, 33, 33, 33, 33, 33, 33, 33, 33, 33, 33, 33, 33, 33, 33, 33, 33, 33, 33, 33, 33, 33, 33, 33, 33, 33, 33, 33, 33, 33, 33, 33, 33, 33, 33, 33, 33, 33, 33, 33, 33, 33, 33, 33, 33, 33, 33, 33, 33, 33, 33, 33, 33, 33, 33, 33, 33, 33, 33, 33]",32.89294157379263,"[32.92874029044242, 32.92367443431273, 32.9338061465721, 32.933468422830124, 32.926376224248564, 32.933130699088146, 32.929753461668355, 32.924349881796694, 32.92299898682877, 32.92705167173252, 32.92570077676461, 32.91827085444107, 32.920297196892946, 32.91827085444106, 32.91759540695711, 32.92198581560284, 32.924012158054715, 32.9290780141844, 32.926038500506586, 32.92874029044242, 32.928064842958456, 32.92570077676461, 32.92637622424857, 32.92536305302263, 32.92131036811888, 32.919284025667004, 32.92164809186086, 32.92671394799054, 32.92434988179669, 32.926376224248564, 32.93009118541033, 32.922661263086795, 32.91894630192503, 32.922323539344816, 32.929753461668355, 32.931104356636276, 32.9290780141844, 32.926038500506586, 32.928064842958456, 32.92401215805471, 32.93211752786221, 32.93279297534616, 32.9290780141844, 32.92874029044242, 32.93042890915231, 32.93144208037825, 32.928402566700434, 32.926376224248564, 32.92806484295846, 32.92333671057075, 32.924012158054715, 32.92333671057075, 32.92131036811888, 32.92333671057075, 32.91995947315096, 32.918946301925025, 32.91962174940898, 32.91793313069909, 32.92131036811888, 32.91624451198919, 32.919284025667004, 32.91995947315096, 32.91658223573118, 32.92164809186086, 32.91995947315096, 32.918946301925025, 32.915569064505235, 32.915231340763256, 32.9145558932793, 32.91759540695711, 32.919284025667004, 32.91658223573117, 32.91016548463357, 32.91016548463357, 32.91117865585951, 32.91691995947315, 32.91759540695711, 32.919284025667004, 32.92131036811888, 32.915231340763256, 32.912191827085444, 32.91050320837555, 32.912191827085444, 32.911854103343465, 32.909827760891595, 32.91320499831138, 32.91658223573117, 32.91759540695711, 32.91658223573117, 32.91658223573117, 32.916919959473155, 32.9145558932793, 32.91084093211753, 32.91860857818305, 32.91421816953732, 32.91691995947315, 32.918946301925025, 32.91658223573117, 32.91388044579534, 32.91421816953732, 32.91658223573117, 32.91151637960149, 32.90915231340763, 32.91252955082742, 32.91050320837555, 32.91117865585951, 32.9128672745694, 32.91388044579534, 32.91590678824721, 32.91793313069909, 32.91624451198919, 32.911854103343465, 32.920972644376896, 32.91793313069908, 32.91590678824721, 32.9145558932793, 32.91962174940898, 32.916919959473155, 32.91827085444107, 32.91489361702128, 32.91320499831138, 32.91016548463357, 32.912191827085444, 32.91590678824721, 32.91320499831138, 32.91421816953732, 32.919284025667004, 32.91793313069909, 32.9145558932793, 32.91252955082742, 32.91421816953732, 32.915231340763256, 32.91624451198919, 32.912191827085444, 32.9128672745694, 32.91590678824721, 32.91489361702128, 32.91691995947315, 32.91860857818305, 32.91860857818305, 32.918946301925025, 32.91827085444107, 32.918946301925025, 32.91421816953732, 32.91421816953732, 32.91421816953732, 32.917257683215134, 32.9128672745694, 32.914218169537314, 32.91827085444107, 32.91827085444107, 32.91860857818305, 32.91624451198919, 32.92029719689294, 32.918946301925025, 32.92198581560284, 32.92164809186086, 32.91759540695711, 32.91151637960149, 32.908476865923674, 32.90881458966565, 32.91016548463357, 32.90915231340763, 32.908476865923674, 32.90611279972982, 32.90678824721378, 32.90509962850388, 32.907125970955754, 32.906450523471804, 32.90746369469774, 32.91016548463357, 32.90577507598784, 32.908476865923674, 32.913204998311386, 32.9128672745694, 32.91252955082742, 32.91252955082742, 32.91320499831138, 32.917595406957105, 32.91624451198919, 32.915231340763256, 32.92198581560284, 32.92333671057075, 32.918946301925025, 32.91388044579534, 32.9128672745694, 32.91050320837555, 32.91658223573117, 32.91624451198919, 32.91827085444107, 32.91860857818305, 32.91354272205336, 32.912191827085444, 32.91489361702128, 32.91590678824721, 32.9145558932793, 32.915569064505235, 32.918946301925025, 32.91827085444107, 32.92164809186086, 32.92063492063492, 32.92029719689294, 32.922323539344816, 32.92333671057075, 32.91624451198919, 32.92198581560284, 32.92299898682877, 32.91995947315096, 32.91658223573117, 32.91489361702128, 32.91320499831138, 32.91590678824721, 32.91658223573117, 32.91962174940898, 32.918946301925025, 32.92198581560284, 32.918946301925025, 32.91962174940898, 32.919284025667004, 32.918946301925025, 32.918946301925025, 32.91793313069909, 32.91759540695711, 32.919284025667004, 32.921310368118874, 32.918946301925025, 32.91860857818305, 32.918946301925025, 32.91725768321513, 32.912191827085444, 32.91016548463357, 32.913542722053364, 32.91354272205336, 32.91455589327929, 32.91320499831138, 32.915231340763256, 32.91252955082742, 32.915231340763256, 32.91962174940898, 32.92164809186086, 32.91827085444107, 32.9162445119892, 32.91793313069909, 32.91860857818305, 32.91827085444106, 32.92063492063492, 32.92434988179669, 32.92434988179669, 32.92772711921648, 32.926376224248564, 32.92299898682877, 32.91995947315096, 32.919284025667004, 32.922323539344816, 32.92671394799054, 32.92299898682877, 32.91759540695711, 32.913204998311386, 32.911854103343465, 32.915569064505235, 32.9128672745694, 32.91016548463357, 32.91354272205336, 32.91117865585951, 32.9128672745694, 32.91252955082742, 32.91084093211752, 32.912191827085444, 32.91624451198919, 32.91691995947315, 32.91624451198919, 32.9145558932793, 32.915231340763256, 32.91658223573117, 32.91117865585951, 32.913542722053364, 32.91252955082742, 32.9128672745694, 32.914218169537314, 32.913880445795336, 32.91489361702128, 32.91286727456941, 32.91354272205336, 32.911854103343465, 32.91354272205336, 32.912191827085444, 32.911854103343465, 32.90982776089159, 32.91252955082742, 32.913880445795336, 32.91354272205336, 32.91219182708545, 32.915569064505235, 32.91827085444107, 32.917257683215134, 32.9145558932793, 32.91320499831138, 32.913880445795336, 32.91117865585951, 32.90949003714962, 32.908476865923674, 32.91050320837555, 32.91286727456941, 32.91354272205336, 32.91354272205336, 32.91084093211753, 32.90982776089159, 32.908476865923674, 32.908476865923674, 32.90746369469773, 32.90780141843972, 32.90408645727795, 32.90611279972982, 32.903073286052006, 32.90037149611618, 32.903073286052006, 32.90070921985816, 32.90408645727795, 32.90408645727795, 32.90273556231003, 32.90273556231003, 32.90442418101992, 32.90543735224586, 32.90746369469774, 32.90780141843972, 32.906112799729826, 32.90374873353596, 32.90206011482607, 32.901046943600136, 32.89902060114826, 32.901046943600136, 32.90206011482607, 32.903073286052006, 32.9064505234718, 32.90374873353596, 32.9064505234718, 32.906788247213775, 32.90509962850388, 32.90341100979399, 32.901046943600136, 32.90172239108409, 32.90374873353597, 32.89935832489024, 32.89935832489024, 32.90037149611618, 32.90273556231003, 32.90172239108409, 32.904761904761905, 32.904761904761905, 32.90374873353597, 32.90442418101993, 32.90611279972982, 32.90746369469774, 32.90442418101993, 32.90577507598784, 32.90374873353596, 32.90577507598784, 32.90543735224586, 32.90509962850388, 32.908476865923674, 32.91016548463357, 32.90881458966565, 32.90712597095576, 32.90915231340763, 32.908476865923674, 32.90509962850388, 32.90712597095576, 32.90881458966565, 32.906788247213775, 32.9064505234718, 32.901384667342114, 32.90509962850388, 32.90442418101993, 32.90206011482607, 32.90442418101993, 32.90037149611617, 32.904761904761905, 32.90239783856805, 32.90408645727795, 32.90442418101992, 32.90442418101993, 32.90341100979399, 32.90408645727795, 32.9064505234718, 32.904761904761905, 32.90374873353596, 32.90577507598784, 32.90442418101993, 32.90543735224586, 32.90341100979399, 32.901046943600136, 32.899020601148266, 32.89800742992232, 32.8983451536643, 32.89969604863222, 32.901046943600136, 32.899020601148266, 32.90172239108409, 32.90206011482607, 32.8983451536643, 32.90273556231003, 32.899020601148266, 32.897669706180345, 32.899358324890244, 32.89733198243837, 32.8983451536643, 32.899358324890244, 32.89969604863222, 32.899358324890244, 32.897669706180345, 32.89868287740628, 32.89902060114826, 32.89969604863222, 32.90341100979399, 32.901046943600136, 32.89935832489024, 32.89969604863222, 32.90070921985816, 32.90172239108409, 32.90172239108409, 32.90172239108409, 32.90374873353596, 32.90442418101993, 32.90408645727795, 32.90341100979399, 32.902735562310035, 32.90442418101993, 32.9064505234718, 32.90577507598784, 32.90678824721378, 32.90273556231003, 32.90172239108409, 32.902397838568056, 32.90442418101993, 32.90206011482607, 32.90239783856805, 32.90341100979399, 32.8983451536643, 32.90070921985816, 32.89902060114826, 32.90037149611618, 32.90070921985816, 32.901384667342114, 32.90206011482607, 32.901046943600136, 32.896318811212424, 32.89631881121243, 32.89463019250253, 32.89294157379264, 32.89327929753462, 32.89294157379263, 32.890577507598785, 32.88922661263087, 32.88618709895306, 32.88753799392097, 32.890577507598785, 32.890239783856806, 32.8919284025667, 32.89159067882472, 32.8919284025667, 32.89327929753462, 32.89327929753462, 32.8919284025667, 32.89125295508274, 32.89564336372847, 32.89564336372847, 32.89699425869639, 32.89564336372847, 32.900033772374194, 32.89902060114826, 32.89699425869639, 32.892603850050655, 32.89463019250253, 32.892603850050655, 32.89294157379263]",0.9024843335892799,0.9179322693253984,33,"[33, 33, 33, 33, 33, 33, 33, 33, 33, 33, 33, 33, 33, 33, 33, 33, 33, 33, 33, 33, 33, 33, 33, 33, 33, 33, 33, 33, 33, 33, 33, 33, 33, 33, 33, 33, 33, 33, 33, 33, 33, 33, 33, 33, 33, 33, 33, 33, 33, 33, 33, 33, 33, 33, 33, 33, 33, 33, 33, 33, 33, 33, 33, 33, 33, 33, 33, 33, 33, 33, 33, 33, 33, 33, 33, 33, 33, 33, 33, 33, 33, 33, 33, 33, 33, 33, 33, 33, 33, 33, 33, 33, 33, 33, 33, 33, 33, 33, 33, 33, 33, 33, 33, 33, 33, 33, 33, 33, 33, 33, 33, 33, 33, 33, 33, 33, 33, 33, 33, 33, 33, 33, 33, 33, 33, 33, 33, 33, 33, 33, 33, 33, 33, 33, 33, 33, 33, 33, 33, 33, 33, 33, 33, 33, 33, 33, 33, 33, 33, 33, 33, 33, 33, 33, 33, 33, 33, 33, 33, 33, 33, 33, 33, 33, 33, 33, 33, 33, 33, 33, 33, 33, 33, 33, 33, 33, 33, 33, 33, 33, 33, 33, 33, 33, 33, 33, 33, 33, 33, 33, 33, 33, 33, 33, 33, 33, 33, 33, 33, 33, 33, 33, 33, 33, 33, 33, 33, 33, 33, 33, 33, 33, 33, 33, 33, 33, 33, 33, 33, 33, 33, 33, 33, 33, 33, 33, 33, 33, 33, 33, 33, 33, 33, 33, 33, 33, 33, 33, 33, 33, 33, 33, 33, 33, 33, 33, 33, 33, 33, 33, 33, 33, 33, 33, 33, 33, 33, 33, 33, 33, 33, 33, 33, 33, 33, 33, 33, 33, 33, 33, 33, 33, 33, 33, 33, 33, 33, 33, 33, 33, 33, 33, 33, 33, 33, 33, 33, 33, 33, 33, 33, 33, 33, 33, 33, 33, 33, 33, 33, 33, 33, 33, 33, 33, 33, 33, 33, 33, 33, 33, 33, 33, 33, 33, 33, 33, 33, 33, 33, 33, 33, 33, 33, 33, 33, 33, 33, 33, 33, 33, 33, 33, 33, 33, 33, 33, 33, 33, 33, 33, 33, 33, 33, 33, 33, 33, 33, 33, 33, 33, 33, 33, 33, 33, 33, 33, 33, 33, 33, 33, 33, 33, 33, 33, 33, 33, 33, 33, 33, 33, 33, 33, 33, 33, 33, 33, 33, 33, 33, 33, 33, 33, 33, 33, 33, 33, 33, 33, 33, 33, 33, 33, 33, 33, 33, 33, 33, 33, 33, 33, 33, 33, 33, 33, 33, 33, 33, 33, 33, 33, 33, 33, 33, 33, 33, 33, 33, 33, 33, 33, 33, 33, 33, 33, 33, 33, 33, 33, 33, 33, 33, 33, 33, 33, 33, 33, 33, 33, 33, 33, 33, 33, 33, 33, 33, 33, 33, 33, 33, 33, 33, 33, 33, 33, 33, 33, 33, 33, 33, 33, 33, 33, 33, 33, 33, 33, 33, 33, 33, 33, 33, 33, 33, 33, 33]",475,"[0.4660601317882538, 0.42248761653900146, 0.4107174575328827, 0.405670166015625, 0.40258997678756714, 0.40028950572013855, 0.3983374834060669, 0.3965744078159332, 0.3950277268886566, 0.39359068870544434, 0.3922617733478546, 0.39108356833457947, 0.38995251059532166, 0.38891375064849854, 0.387967973947525, 0.38705605268478394, 0.38621264696121216, 0.38543862104415894, 0.3847143054008484, 0.38401103019714355, 0.38331717252731323, 0.3826617896556854, 0.38207146525382996, 0.38148215413093567, 0.3809165060520172, 0.38037970662117004, 0.3798433244228363, 0.3793717324733734, 0.37884166836738586, 0.37837904691696167, 0.37788525223731995, 0.3774200677871704, 0.3769839107990265, 0.37653568387031555, 0.3760489225387573, 0.37562575936317444, 0.37518155574798584, 0.3747860789299011, 0.37435147166252136, 0.3739522695541382, 0.3735004663467407, 0.3730807900428772, 0.37267163395881653, 0.37225571274757385, 0.3718648850917816, 0.3714546859264374, 0.37107524275779724, 0.3706592321395874, 0.3702525198459625, 0.3698368966579437, 0.36945465207099915, 0.36905479431152344, 0.36863526701927185, 0.3682977259159088, 0.3679274320602417, 0.36750179529190063, 0.36710360646247864, 0.3666882812976837, 0.366305947303772, 0.36591315269470215, 0.36553138494491577, 0.36514127254486084, 0.36468979716300964, 0.36432263255119324, 0.3639557361602783, 0.3635783791542053, 0.36315983533859253, 0.36277616024017334, 0.36233875155448914, 0.36197006702423096, 0.3615827262401581, 0.36120614409446716, 0.3607957363128662, 0.36038535833358765, 0.36001285910606384, 0.35958442091941833, 0.35920512676239014, 0.35879334807395935, 0.35840901732444763, 0.35798579454421997, 0.35759690403938293, 0.35721999406814575, 0.35683003067970276, 0.3564569056034088, 0.3560584783554077, 0.35566246509552, 0.35522422194480896, 0.35485556721687317, 0.3544260263442993, 0.3540360629558563, 0.3536215126514435, 0.35320308804512024, 0.35278069972991943, 0.35236644744873047, 0.35195475816726685, 0.3515625, 0.3511159420013428, 0.3506961762905121, 0.35027045011520386, 0.349831223487854, 0.34942179918289185, 0.3490259051322937, 0.34857162833213806, 0.34814274311065674, 0.34768879413604736, 0.34725382924079895, 0.34681832790374756, 0.3464060127735138, 0.3459666073322296, 0.3455420434474945, 0.34509754180908203, 0.3446647524833679, 0.34417015314102173, 0.343720942735672, 0.34328320622444153, 0.3428107798099518, 0.3423474431037903, 0.34187957644462585, 0.34143519401550293, 0.34093597531318665, 0.340463250875473, 0.34003111720085144, 0.339560866355896, 0.33908611536026, 0.33860111236572266, 0.3381388783454895, 0.337612509727478, 0.33713534474372864, 0.3366253674030304, 0.33608299493789673, 0.3355966806411743, 0.3351497948169708, 0.334575891494751, 0.3340573012828827, 0.33353522419929504, 0.3330196738243103, 0.3324899673461914, 0.33201754093170166, 0.33143848180770874, 0.33090996742248535, 0.3304041624069214, 0.32984718680381775, 0.3293011784553528, 0.328740656375885, 0.3281950354576111, 0.3276481628417969, 0.32708805799484253, 0.32654091715812683, 0.3259803354740143, 0.3254188895225525, 0.32488319277763367, 0.32429739832878113, 0.3237345516681671, 0.32316750288009644, 0.3225564956665039, 0.32199952006340027, 0.32137662172317505, 0.3208199739456177, 0.3202555775642395, 0.319649338722229, 0.31904032826423645, 0.31847867369651794, 0.31787222623825073, 0.3173023462295532, 0.31671345233917236, 0.316132128238678, 0.3155459463596344, 0.31494438648223877, 0.3143726587295532, 0.31379544734954834, 0.3131750822067261, 0.3125607669353485, 0.31196829676628113, 0.3113960027694702, 0.3107873797416687, 0.31022557616233826, 0.30960017442703247, 0.30900973081588745, 0.3084203600883484, 0.3078443109989166, 0.30730560421943665, 0.30667784810066223, 0.30607423186302185, 0.30548226833343506, 0.3049199879169464, 0.3043878674507141, 0.30379197001457214, 0.30321523547172546, 0.30264347791671753, 0.3020853102207184, 0.30154404044151306, 0.3009730279445648, 0.3004470765590668, 0.29986533522605896, 0.2993095815181732, 0.29874545335769653, 0.2981903553009033, 0.29769396781921387, 0.29716137051582336, 0.29662373661994934, 0.296056866645813, 0.2955764830112457, 0.2950798273086548, 0.2945777475833893, 0.29406407475471497, 0.293563574552536, 0.2930612564086914, 0.29260018467903137, 0.29211220145225525, 0.2915739417076111, 0.2910970449447632, 0.2906312346458435, 0.29014334082603455, 0.289684534072876, 0.2892359495162964, 0.2887634038925171, 0.2883155047893524, 0.28787121176719666, 0.28739526867866516, 0.28695428371429443, 0.28655728697776794, 0.286108136177063, 0.28568539023399353, 0.2852514982223511, 0.28484025597572327, 0.28444182872772217, 0.28403112292289734, 0.283566951751709, 0.28318825364112854, 0.2828159034252167, 0.2824137210845947, 0.2820160984992981, 0.28164082765579224, 0.2812499701976776, 0.28086650371551514, 0.2804830074310303, 0.28011488914489746, 0.2797365188598633, 0.2794053852558136, 0.2790195643901825, 0.2786344587802887, 0.2782864272594452, 0.27792444825172424, 0.27759233117103577, 0.2772272825241089, 0.2768750786781311, 0.276546835899353, 0.27620697021484375, 0.27590706944465637, 0.27557307481765747, 0.2752573490142822, 0.274929940700531, 0.27460095286369324, 0.274274617433548, 0.2739785313606262, 0.2736856937408447, 0.27335092425346375, 0.27305975556373596, 0.2727492153644562, 0.2724478244781494, 0.27211254835128784, 0.27181652188301086, 0.27153754234313965, 0.2712540328502655, 0.27091601490974426, 0.2706039249897003, 0.2703021466732025, 0.2699960768222809, 0.2696756422519684, 0.26940345764160156, 0.26912209391593933, 0.2688773274421692, 0.2685977816581726, 0.26829993724823, 0.2680249512195587, 0.26778993010520935, 0.2674819231033325, 0.2671993374824524, 0.2669524550437927, 0.266674280166626, 0.26644641160964966, 0.26617175340652466, 0.2658995985984802, 0.2656078040599823, 0.2653578817844391, 0.265079140663147, 0.2648473083972931, 0.2645629942417145, 0.26430413126945496, 0.26406025886535645, 0.2638384997844696, 0.2635824978351593, 0.26331380009651184, 0.26305654644966125, 0.26284071803092957, 0.2625807225704193, 0.26237162947654724, 0.26210182905197144, 0.2618286609649658, 0.2616100609302521, 0.26137498021125793, 0.26112282276153564, 0.26088976860046387, 0.26062506437301636, 0.26035937666893005, 0.26013609766960144, 0.2598807215690613, 0.25967201590538025, 0.25944897532463074, 0.2592123746871948, 0.2589842677116394, 0.2587292492389679, 0.25847795605659485, 0.25830668210983276, 0.2580544948577881, 0.2578788101673126, 0.2576208710670471, 0.25743523240089417, 0.25718197226524353, 0.25694945454597473, 0.25670626759529114, 0.25645625591278076, 0.25623461604118347, 0.256012499332428, 0.2557801306247711, 0.2555414140224457, 0.255387544631958, 0.25516605377197266, 0.2549641728401184, 0.2547622621059418, 0.2545389235019684, 0.2543075680732727, 0.254110723733902, 0.2539175748825073, 0.25373372435569763, 0.2535973787307739, 0.25336283445358276, 0.25311627984046936, 0.2529340088367462, 0.2526995539665222, 0.25256383419036865, 0.2522902488708496, 0.2520269453525543, 0.25180932879447937, 0.25161096453666687, 0.2514507472515106, 0.2512466311454773, 0.2510349750518799, 0.2507951855659485, 0.2505892515182495, 0.25040262937545776, 0.25021398067474365, 0.25009170174598694, 0.24988938868045807, 0.24964021146297455, 0.2494782954454422, 0.24928998947143555, 0.24910427629947662, 0.24888472259044647, 0.24868462979793549, 0.24852505326271057, 0.24835899472236633, 0.24817314743995667, 0.24799177050590515, 0.24777337908744812, 0.24753190577030182, 0.24734202027320862, 0.24718809127807617, 0.24697983264923096, 0.2468462884426117, 0.24659226834774017, 0.24649347364902496, 0.2462720274925232, 0.2460489124059677, 0.2458788901567459, 0.24569669365882874, 0.24558742344379425, 0.24536560475826263, 0.24518918991088867, 0.24500241875648499, 0.24490724503993988, 0.24472354352474213, 0.24451303482055664, 0.24438905715942383, 0.24415425956249237, 0.2440185397863388, 0.24381858110427856, 0.24367476999759674, 0.24356739223003387, 0.24331024289131165, 0.24312904477119446, 0.24294812977313995, 0.24279330670833588, 0.24266918003559113, 0.24247559905052185, 0.24228477478027344, 0.24221040308475494, 0.24206514656543732, 0.241832435131073, 0.241640105843544,