,number,value,datetime_start,datetime_complete,duration,params_batch_size_scaler,params_constant_learning_rate,params_depth,params_epochs,params_kernel_l2,params_num_trees,params_temperature,user_attrs_accuracy_test,user_attrs_accuracy_valid,user_attrs_approximate_feature_sparsity,user_attrs_approximate_feature_sparsity_history,user_attrs_approximate_weight_sparsity,user_attrs_approximate_weight_sparsity_history,user_attrs_auc_test,user_attrs_auc_valid,user_attrs_feature_sparsity,user_attrs_feature_sparsity_history,user_attrs_num_epochs,user_attrs_val_loss_history,user_attrs_weight_sparsity,user_attrs_weight_sparsity_history,state
59,59,0.5,2024-08-31 03:05:03.107659,2024-08-31 03:10:30.760525,0 days 00:05:27.652866,1,1.6497291404491463,4,350,0.03265344834209241,2,0.000135966682748355,0.859,0.85875,0,"[24, 16, 10, 6, 6, 5, 5, 5, 2, 0, 0, 0, 0, 0, 0, 0, 0, 0, 0, 0, 0, 0, 0, 0, 0, 0, 0, 0, 0, 0, 0, 0, 0, 0, 0, 0, 0, 0, 0, 0, 0, 0, 0, 0, 0, 0, 0, 0, 0, 0, 0, 0, 0, 0, 0, 0, 0, 0, 0, 0, 0, 0, 0, 0, 0, 0, 0, 0, 0, 0, 0, 0, 0, 0, 0, 0, 0, 0, 0, 0, 0, 0, 0, 0, 0, 0, 0, 0, 0, 0, 0, 0, 0, 0, 0, 0, 0, 0, 0, 0, 0, 0, 0, 0, 0, 0, 0, 0, 0, 0, 0, 0, 0, 0, 0, 0, 0, 0, 0, 0, 0, 0, 0, 0, 0, 0, 0, 0, 0, 0, 0, 0, 0, 0, 0, 0, 0, 0, 0, 0, 0, 0, 0, 0, 0, 0, 0, 0, 0, 0, 0, 0, 0, 0, 0, 0, 0, 0, 0, 0, 0, 0, 0, 0, 0, 0, 0, 0, 0, 0, 0, 0, 0, 0, 0, 0, 0, 0, 0, 0, 0, 0, 0, 0, 0, 0, 0, 0, 0, 0, 0, 0, 0, 0, 0, 0, 0, 0, 0, 0, 0, 0, 0, 0, 0, 0, 0, 0, 0, 0, 0, 0, 0, 0, 0, 0, 0, 0, 0, 0, 0, 0, 0, 0, 0, 0, 0, 0, 0, 0, 0, 0, 0, 0, 0, 0, 0, 0, 0, 0, 0, 0, 0, 0, 0, 0, 0, 0, 0, 0, 0, 0, 0, 0, 0, 0, 0, 0, 0, 0, 0, 0, 0, 0, 0, 0, 0, 0, 0, 0, 0, 0, 0, 0, 0, 0, 0, 0, 0, 0, 0, 0, 0, 0, 0, 0, 0, 0, 0, 0, 0, 0, 0, 0, 0, 0, 0, 0, 0, 0, 0, 0, 0, 0, 0, 0, 0, 0, 0, 0, 0, 0, 0, 0, 0, 0, 0, 0, 0, 0, 0, 0, 0, 0, 0, 0, 0, 0, 0, 0, 0, 0, 0, 0, 0, 0, 0, 0, 0, 0, 0, 0, 0, 0, 0, 0, 0, 0, 0, 0]",0.0,"[24.0, 15.966666666666667, 9.966666666666667, 6.0, 6.0, 5.0, 5.0, 5.0, 1.9666666666666668, 0.0, 0.0, 0.0, 0.0, 0.0, 0.0, 0.0, 0.0, 0.0, 0.0, 0.0, 0.0, 0.0, 0.0, 0.0, 0.0, 0.0, 0.0, 0.0, 0.0, 0.0, 0.0, 0.0, 0.0, 0.0, 0.0, 0.0, 0.0, 0.0, 0.0, 0.0, 0.0, 0.0, 0.0, 0.0, 0.0, 0.0, 0.0, 0.0, 0.0, 0.0, 0.0, 0.0, 0.0, 0.0, 0.0, 0.0, 0.0, 0.0, 0.0, 0.0, 0.0, 0.0, 0.0, 0.0, 0.0, 0.0, 0.0, 0.0, 0.0, 0.0, 0.0, 0.0, 0.0, 0.0, 0.0, 0.0, 0.0, 0.0, 0.0, 0.0, 0.0, 0.0, 0.0, 0.0, 0.0, 0.0, 0.0, 0.0, 0.0, 0.0, 0.0, 0.0, 0.0, 0.0, 0.0, 0.0, 0.0, 0.0, 0.0, 0.0, 0.0, 0.0, 0.0, 0.0, 0.0, 0.0, 0.0, 0.0, 0.0, 0.0, 0.0, 0.0, 0.0, 0.0, 0.0, 0.0, 0.0, 0.0, 0.0, 0.0, 0.0, 0.0, 0.0, 0.0, 0.0, 0.0, 0.0, 0.0, 0.0, 0.0, 0.0, 0.0, 0.0, 0.0, 0.0, 0.0, 0.0, 0.0, 0.0, 0.0, 0.0, 0.0, 0.0, 0.0, 0.0, 0.0, 0.0, 0.0, 0.0, 0.0, 0.0, 0.0, 0.0, 0.0, 0.0, 0.0, 0.0, 0.0, 0.0, 0.0, 0.0, 0.0, 0.0, 0.0, 0.0, 0.0, 0.0, 0.0, 0.0, 0.0, 0.0, 0.0, 0.0, 0.0, 0.0, 0.0, 0.0, 0.0, 0.0, 0.0, 0.0, 0.0, 0.0, 0.0, 0.0, 0.0, 0.0, 0.0, 0.0, 0.0, 0.0, 0.0, 0.0, 0.0, 0.0, 0.0, 0.0, 0.0, 0.0, 0.0, 0.0, 0.0, 0.0, 0.0, 0.0, 0.0, 0.0, 0.0, 0.0, 0.0, 0.0, 0.0, 0.0, 0.0, 0.0, 0.0, 0.0, 0.0, 0.0, 0.0, 0.0, 0.0, 0.0, 0.0, 0.0, 0.0, 0.0, 0.0, 0.0, 0.0, 0.0, 0.0, 0.0, 0.0, 0.0, 0.0, 0.0, 0.0, 0.0, 0.0, 0.0, 0.0, 0.0, 0.0, 0.0, 0.0, 0.0, 0.0, 0.0, 0.0, 0.0, 0.0, 0.0, 0.0, 0.0, 0.0, 0.0, 0.0, 0.0, 0.0, 0.0, 0.0, 0.0, 0.0, 0.0, 0.0, 0.0, 0.0, 0.0, 0.0, 0.0, 0.0, 0.0, 0.0, 0.0, 0.0, 0.0, 0.0, 0.0, 0.0, 0.0, 0.0, 0.0, 0.0, 0.0, 0.0, 0.0, 0.0, 0.0, 0.0, 0.0, 0.0, 0.0, 0.0, 0.0, 0.0, 0.0, 0.0, 0.0, 0.0, 0.0, 0.0, 0.0, 0.0, 0.0, 0.0, 0.0, 0.0, 0.0, 0.0, 0.0, 0.0, 0.0, 0.0, 0.0, 0.0, 0.0, 0.0, 0.0, 0.0, 0.0, 0.0, 0.0, 0.0, 0.0, 0.0, 0.0, 0.0, 0.0, 0.0, 0.0, 0.0, 0.0, 0.0, 0.0, 0.0, 0.0, 0.0, 0.0, 0.0, 0.0, 0.0, 0.0, 0.0, 0.0, 0.0, 0.0, 0.0, 0.0, 0.0]",0.5,0.5,0,"[24, 16, 10, 6, 6, 5, 5, 5, 2, 0, 0, 0, 0, 0, 0, 0, 0, 0, 0, 0, 0, 0, 0, 0, 0, 0, 0, 0, 0, 0, 0, 0, 0, 0, 0, 0, 0, 0, 0, 0, 0, 0, 0, 0, 0, 0, 0, 0, 0, 0, 0, 0, 0, 0, 0, 0, 0, 0, 0, 0, 0, 0, 0, 0, 0, 0, 0, 0, 0, 0, 0, 0, 0, 0, 0, 0, 0, 0, 0, 0, 0, 0, 0, 0, 0, 0, 0, 0, 0, 0, 0, 0, 0, 0, 0, 0, 0, 0, 0, 0, 0, 0, 0, 0, 0, 0, 0, 0, 0, 0, 0, 0, 0, 0, 0, 0, 0, 0, 0, 0, 0, 0, 0, 0, 0, 0, 0, 0, 0, 0, 0, 0, 0, 0, 0, 0, 0, 0, 0, 0, 0, 0, 0, 0, 0, 0, 0, 0, 0, 0, 0, 0, 0, 0, 0, 0, 0, 0, 0, 0, 0, 0, 0, 0, 0, 0, 0, 0, 0, 0, 0, 0, 0, 0, 0, 0, 0, 0, 0, 0, 0, 0, 0, 0, 0, 0, 0, 0, 0, 0, 0, 0, 0, 0, 0, 0, 0, 0, 0, 0, 0, 0, 0, 0, 0, 0, 0, 0, 0, 0, 0, 0, 0, 0, 0, 0, 0, 0, 0, 0, 0, 0, 0, 0, 0, 0, 0, 0, 0, 0, 0, 0, 0, 0, 0, 0, 0, 0, 0, 0, 0, 0, 0, 0, 0, 0, 0, 0, 0, 0, 0, 0, 0, 0, 0, 0, 0, 0, 0, 0, 0, 0, 0, 0, 0, 0, 0, 0, 0, 0, 0, 0, 0, 0, 0, 0, 0, 0, 0, 0, 0, 0, 0, 0, 0, 0, 0, 0, 0, 0, 0, 0, 0, 0, 0, 0, 0, 0, 0, 0, 0, 0, 0, 0, 0, 0, 0, 0, 0, 0, 0, 0, 0, 0, 0, 0, 0, 0, 0, 0, 0, 0, 0, 0, 0, 0, 0, 0, 0, 0, 0, 0, 0, 0, 0, 0, 0, 0, 0, 0, 0, 0, 0, 0, 0, 0, 0, 0, 0, 0]",350,"[0.29580071568489075, 0.2625698149204254, 0.30718478560447693, 0.30436864495277405, 0.30322808027267456, 0.3024497926235199, 0.30330246686935425, 0.2941833734512329, 0.38306260108947754, 0.41204193234443665, 0.4096496105194092, 0.4083287715911865, 0.40951457619667053, 0.4082285761833191, 0.42187395691871643, 0.40722981095314026, 0.4072909653186798, 0.408751904964447, 0.40730610489845276, 0.4078384339809418, 0.40723133087158203, 0.407813161611557, 0.4075065851211548, 0.408966988325119, 0.407227486371994, 0.4073140323162079, 0.4088420867919922, 0.40727725625038147, 0.40729132294654846, 0.407327264547348, 0.4072457253932953, 0.4102736711502075, 0.4073379933834076, 0.41203564405441284, 0.4077259302139282, 0.40725380182266235, 0.409125417470932, 0.40764009952545166, 0.40799373388290405, 0.4072283208370209, 0.407352089881897, 0.4080396294593811, 0.4072522222995758, 0.4074257016181946, 0.4072280824184418, 0.40722647309303284, 0.4079474210739136, 0.4074563682079315, 0.40722954273223877, 0.4075988531112671, 0.4072275161743164, 0.4104423522949219, 0.40748634934425354, 0.4090432822704315, 0.4086481034755707, 0.40951916575431824, 0.40729671716690063, 0.41441628336906433, 0.4078267812728882, 0.40795207023620605, 0.4073042571544647, 0.4075670540332794, 0.40744566917419434, 0.4105767011642456, 0.40751051902770996, 0.4087119400501251, 0.407322496175766, 0.4081527590751648, 0.4073130786418915, 0.4077832102775574, 0.407339483499527, 0.40805381536483765, 0.40753689408302307, 0.40723010897636414, 0.40736931562423706, 0.40756866335868835, 0.4084528386592865, 0.4072648584842682, 0.4110458493232727, 0.4077698588371277, 0.40977299213409424, 0.40777164697647095, 0.40723469853401184, 0.4089721739292145, 0.4075406789779663, 0.4090341329574585, 0.4072434902191162, 0.4076997637748718, 0.4072639048099518, 0.40723252296447754, 0.40728431940078735, 0.4097432792186737, 0.4078049957752228, 0.40823641419410706, 0.40804633498191833, 0.40804988145828247, 0.40886494517326355, 0.408340722322464, 0.4084685146808624, 0.4072715640068054, 0.40744006633758545, 0.4072788953781128, 0.4072447717189789, 0.40756434202194214, 0.40736904740333557, 0.4074217677116394, 0.40736207365989685, 0.4072312116622925, 0.40731576085090637, 0.4074488580226898, 0.40789833664894104, 0.4081166386604309, 0.40736114978790283, 0.40725162625312805, 0.4072651267051697, 0.40896880626678467, 0.4072377383708954, 0.4077337384223938, 0.40858137607574463, 0.40723150968551636, 0.4072330892086029, 0.40824398398399353, 0.40729671716690063, 0.40765562653541565, 0.4105510711669922, 0.4072495400905609, 0.4094700217247009, 0.4072418510913849, 0.40726515650749207, 0.4073171615600586, 0.4075457453727722, 0.4075486660003662, 0.4087870419025421, 0.4072272479534149, 0.4072592556476593, 0.4074266850948334, 0.4075702726840973, 0.40852805972099304, 0.40723830461502075, 0.4089411497116089, 0.4106874465942383, 0.40769490599632263, 0.41037872433662415, 0.4076053500175476, 0.4072551727294922, 0.4085322618484497, 0.4084002375602722, 0.40762969851493835, 0.40789803862571716, 0.4081825315952301, 0.40792709589004517, 0.4072651267051697, 0.40819594264030457, 0.4072992205619812, 0.4073285758495331, 0.40976443886756897, 0.4074394106864929, 0.40743157267570496, 0.4075900614261627, 0.4077221751213074, 0.4072282314300537, 0.40725022554397583, 0.40890926122665405, 0.4073903560638428, 0.4076612889766693, 0.4073033034801483, 0.4079955816268921, 0.4075373113155365, 0.40724414587020874, 0.4077836573123932, 0.4081454873085022, 0.40734967589378357, 0.40733563899993896, 0.4072541892528534, 0.4072261452674866, 0.40728163719177246, 0.408062219619751, 0.40821459889411926, 0.40772107243537903, 0.40800023078918457, 0.4081854522228241, 0.4072442948818207, 0.40803492069244385, 0.40857207775115967, 0.4072262942790985, 0.4092959463596344, 0.40959712862968445, 0.4109114110469818, 0.40737298130989075, 0.4107736349105835, 0.4072827398777008, 0.4098633825778961, 0.4077562689781189, 0.40726062655448914, 0.40785178542137146, 0.40759041905403137, 0.40722736716270447, 0.40737229585647583, 0.4100402891635895, 0.4072321653366089, 0.40780016779899597, 0.4074145257472992, 0.40856704115867615, 0.4118368625640869, 0.40722769498825073, 0.40728214383125305, 0.40767571330070496, 0.40740859508514404, 0.4077848494052887, 0.40767747163772583, 0.40864792466163635, 0.407655268907547, 0.407363623380661, 0.4072294533252716, 0.41082051396369934, 0.40723717212677, 0.4095654785633087, 0.4082778990268707, 0.4072430729866028, 0.4072588086128235, 0.4073289632797241, 0.4072721600532532, 0.4073414206504822, 0.4081343412399292, 0.4076274633407593, 0.4072527587413788, 0.41114571690559387, 0.4072292745113373, 0.4078468084335327, 0.4073166251182556, 0.4082981050014496, 0.40779945254325867, 0.40758028626441956, 0.40752464532852173, 0.4075203835964203, 0.40801215171813965, 0.4076603949069977, 0.4083601236343384, 0.4072946608066559, 0.4077358543872833, 0.40909063816070557, 0.40819844603538513, 0.40815335512161255, 0.4072631001472473, 0.40731745958328247, 0.407274067401886, 0.40797343850135803, 0.40723028779029846, 0.4073791205883026, 0.40827643871307373, 0.4081059694290161, 0.40723010897636414, 0.4106702506542206, 0.40723636746406555, 0.4073837399482727, 0.4092656672000885, 0.4073367416858673, 0.41018375754356384, 0.4072595238685608, 0.40729817748069763, 0.40854889154434204, 0.40735748410224915, 0.4079717695713043, 0.4080970287322998, 0.4091147184371948, 0.4076359272003174, 0.40744781494140625, 0.4078761339187622, 0.40765875577926636, 0.40871813893318176, 0.40734413266181946, 0.4080204665660858, 0.40778884291648865, 0.4094282388687134, 0.407815545797348, 0.4079211354255676, 0.4072718918323517, 0.4089130759239197, 0.40744900703430176, 0.40788424015045166, 0.40725448727607727, 0.40854427218437195, 0.4081592261791229, 0.4073326587677002, 0.4079863429069519, 0.40769192576408386, 0.4076445698738098, 0.40725016593933105, 0.4077354669570923, 0.407770574092865, 0.4072979986667633, 0.40722668170928955, 0.41024675965309143, 0.4078840911388397, 0.40725165605545044, 0.40722644329071045, 0.40799349546432495, 0.4083999991416931, 0.40986260771751404, 0.4072344899177551, 0.4072801470756531, 0.4105840027332306, 0.4072359800338745, 0.40771374106407166, 0.40801453590393066, 0.4079648554325104, 0.4073580205440521, 0.4086442291736603, 0.40954339504241943, 0.4084712266921997, 0.4086402952671051, 0.4073267877101898, 0.40748369693756104, 0.40734970569610596, 0.40774431824684143, 0.40745681524276733, 0.40727952122688293, 0.40725699067115784, 0.40745964646339417, 0.407840758562088, 0.4082701802253723, 0.4085599482059479, 0.40737420320510864, 0.407306432723999, 0.40747109055519104, 0.4073207378387451, 0.40892142057418823, 0.40754085779190063, 0.40791988372802734, 0.40724125504493713, 0.4073134958744049, 0.40759047865867615, 0.40768373012542725, 0.40911582112312317, 0.40762415528297424, 0.40753158926963806, 0.4090961813926697, 0.4074505865573883, 0.41038694977760315, 0.40870752930641174, 0.4096493124961853, 0.41065895557403564, 0.4072280526161194, 0.40728527307510376, 0.40737274289131165, 0.4115571677684784, 0.4097040593624115, 0.40741580724716187, 0.40831223130226135, 0.40753063559532166]",0.0,"[24.0, 16.0, 10.0, 6.0, 6.0, 5.0, 5.0, 5.0, 2.0, 0.0, 0.0, 0.0, 0.0, 0.0, 0.0, 0.0, 0.0, 0.0, 0.0, 0.0, 0.0, 0.0, 0.0, 0.0, 0.0, 0.0, 0.0, 0.0, 0.0, 0.0, 0.0, 0.0, 0.0, 0.0, 0.0, 0.0, 0.0, 0.0, 0.0, 0.0, 0.0, 0.0, 0.0, 0.0, 0.0, 0.0, 0.0, 0.0, 0.0, 0.0, 0.0, 0.0, 0.0, 0.0, 0.0, 0.0, 0.0, 0.0, 0.0, 0.0, 0.0, 0.0, 0.0, 0.0, 0.0, 0.0, 0.0, 0.0, 0.0, 0.0, 0.0, 0.0, 0.0, 0.0, 0.0, 0.0, 0.0, 0.0, 0.0, 0.0, 0.0, 0.0, 0.0, 0.0, 0.0, 0.0, 0.0, 0.0, 0.0, 0.0, 0.0, 0.0, 0.0, 0.0, 0.0, 0.0, 0.0, 0.0, 0.0, 0.0, 0.0, 0.0, 0.0, 0.0, 0.0, 0.0, 0.0, 0.0, 0.0, 0.0, 0.0, 0.0, 0.0, 0.0, 0.0, 0.0, 0.0, 0.0, 0.0, 0.0, 0.0, 0.0, 0.0, 0.0, 0.0, 0.0, 0.0, 0.0, 0.0, 0.0, 0.0, 0.0, 0.0, 0.0, 0.0, 0.0, 0.0, 0.0, 0.0, 0.0, 0.0, 0.0, 0.0, 0.0, 0.0, 0.0, 0.0, 0.0, 0.0, 0.0, 0.0, 0.0, 0.0, 0.0, 0.0, 0.0, 0.0, 0.0, 0.0, 0.0, 0.0, 0.0, 0.0, 0.0, 0.0, 0.0, 0.0, 0.0, 0.0, 0.0, 0.0, 0.0, 0.0, 0.0, 0.0, 0.0, 0.0, 0.0, 0.0, 0.0, 0.0, 0.0, 0.0, 0.0, 0.0, 0.0, 0.0, 0.0, 0.0, 0.0, 0.0, 0.0, 0.0, 0.0, 0.0, 0.0, 0.0, 0.0, 0.0, 0.0, 0.0, 0.0, 0.0, 0.0, 0.0, 0.0, 0.0, 0.0, 0.0, 0.0, 0.0, 0.0, 0.0, 0.0, 0.0, 0.0, 0.0, 0.0, 0.0, 0.0, 0.0, 0.0, 0.0, 0.0, 0.0, 0.0, 0.0, 0.0, 0.0, 0.0, 0.0, 0.0, 0.0, 0.0, 0.0, 0.0, 0.0, 0.0, 0.0, 0.0, 0.0, 0.0, 0.0, 0.0, 0.0, 0.0, 0.0, 0.0, 0.0, 0.0, 0.0, 0.0, 0.0, 0.0, 0.0, 0.0, 0.0, 0.0, 0.0, 0.0, 0.0, 0.0, 0.0, 0.0, 0.0, 0.0, 0.0, 0.0, 0.0, 0.0, 0.0, 0.0, 0.0, 0.0, 0.0, 0.0, 0.0, 0.0, 0.0, 0.0, 0.0, 0.0, 0.0, 0.0, 0.0, 0.0, 0.0, 0.0, 0.0, 0.0, 0.0, 0.0, 0.0, 0.0, 0.0, 0.0, 0.0, 0.0, 0.0, 0.0, 0.0, 0.0, 0.0, 0.0, 0.0, 0.0, 0.0, 0.0, 0.0, 0.0, 0.0, 0.0, 0.0, 0.0, 0.0, 0.0, 0.0, 0.0, 0.0, 0.0, 0.0, 0.0, 0.0, 0.0, 0.0, 0.0, 0.0, 0.0, 0.0, 0.0, 0.0, 0.0, 0.0, 0.0, 0.0, 0.0, 0.0, 0.0, 0.0, 0.0, 0.0, 0.0, 0.0, 0.0, 0.0, 0.0, 0.0, 0.0, 0.0, 0.0]",COMPLETE
