,number,value,datetime_start,datetime_complete,duration,params_batch_size_scaler,params_constant_learning_rate,params_depth,params_epochs,params_kernel_l2,params_num_trees,params_temperature,user_attrs_accuracy_test,user_attrs_accuracy_valid,user_attrs_approximate_feature_sparsity,user_attrs_approximate_feature_sparsity_history,user_attrs_approximate_weight_sparsity,user_attrs_approximate_weight_sparsity_history,user_attrs_auc_test,user_attrs_auc_valid,user_attrs_feature_sparsity,user_attrs_feature_sparsity_history,user_attrs_num_epochs,user_attrs_val_loss_history,user_attrs_weight_sparsity,user_attrs_weight_sparsity_history,state
31,31,0.6088418286509255,2024-08-31 01:54:11.485024,2024-08-31 01:55:06.758821,0 days 00:00:55.273797,1,0.02590774887304369,2,110,0.035378013531072304,1,0.00513599645702601,0.859,0.85875,1,"[16, 5, 3, 2, 1, 1, 1, 1, 1, 1, 1, 1, 1, 1, 1, 1, 1, 1, 1, 1, 1, 1, 1, 1, 1, 1, 1, 1, 1, 1, 1, 1, 1, 1, 1, 1, 1, 1, 1, 1, 1, 1, 1, 1, 1, 1, 1, 1, 1, 1, 1, 1, 1, 1, 1, 1, 1, 1, 1, 1, 1, 1, 1, 1, 1, 1, 1, 1, 1, 1, 1, 1, 1, 1, 1, 1, 1, 1, 1, 1, 1, 1, 1, 1, 1, 1, 1, 1, 1, 1, 1, 1, 1, 1, 1, 1, 1, 1, 1, 1, 1, 1, 1, 1, 1, 1, 1, 1, 1, 1]",1.0,"[16.0, 5.0, 3.0, 2.0, 1.0, 1.0, 1.0, 1.0, 1.0, 1.0, 1.0, 1.0, 1.0, 1.0, 1.0, 1.0, 1.0, 1.0, 1.0, 1.0, 1.0, 1.0, 1.0, 1.0, 1.0, 1.0, 1.0, 1.0, 1.0, 1.0, 1.0, 1.0, 1.0, 1.0, 1.0, 1.0, 1.0, 1.0, 1.0, 1.0, 1.0, 1.0, 1.0, 1.0, 1.0, 1.0, 1.0, 1.0, 1.0, 1.0, 1.0, 1.0, 1.0, 1.0, 1.0, 1.0, 1.0, 1.0, 1.0, 1.0, 1.0, 1.0, 1.0, 1.0, 1.0, 1.0, 1.0, 1.0, 1.0, 1.0, 1.0, 1.0, 1.0, 1.0, 1.0, 1.0, 1.0, 1.0, 1.0, 1.0, 1.0, 1.0, 1.0, 1.0, 1.0, 1.0, 1.0, 1.0, 1.0, 1.0, 1.0, 1.0, 1.0, 1.0, 1.0, 1.0, 1.0, 1.0, 1.0, 1.0, 1.0, 1.0, 1.0, 1.0, 1.0, 1.0, 1.0, 1.0, 1.0, 1.0]",0.6144865793145584,0.6088418286509255,1,"[16, 5, 3, 2, 1, 1, 1, 1, 1, 1, 1, 1, 1, 1, 1, 1, 1, 1, 1, 1, 1, 1, 1, 1, 1, 1, 1, 1, 1, 1, 1, 1, 1, 1, 1, 1, 1, 1, 1, 1, 1, 1, 1, 1, 1, 1, 1, 1, 1, 1, 1, 1, 1, 1, 1, 1, 1, 1, 1, 1, 1, 1, 1, 1, 1, 1, 1, 1, 1, 1, 1, 1, 1, 1, 1, 1, 1, 1, 1, 1, 1, 1, 1, 1, 1, 1, 1, 1, 1, 1, 1, 1, 1, 1, 1, 1, 1, 1, 1, 1, 1, 1, 1, 1, 1, 1, 1, 1, 1, 1]",110,"[0.4703877568244934, 0.4222038686275482, 0.4116617441177368, 0.4053882360458374, 0.40316081047058105, 0.40254783630371094, 0.40218502283096313, 0.40186551213264465, 0.4016335606575012, 0.4014306664466858, 0.4012698829174042, 0.40111488103866577, 0.4009738564491272, 0.4008503258228302, 0.400729775428772, 0.4006241261959076, 0.40051108598709106, 0.4004080891609192, 0.4003070890903473, 0.4002099931240082, 0.4001089334487915, 0.40000516176223755, 0.3999098837375641, 0.39981043338775635, 0.3997287452220917, 0.3996184170246124, 0.3995453715324402, 0.3994174301624298, 0.3993190824985504, 0.3992246687412262, 0.3991371989250183, 0.3990247845649719, 0.39892691373825073, 0.39884018898010254, 0.3987374007701874, 0.39863288402557373, 0.3985355794429779, 0.3984372019767761, 0.39833980798721313, 0.3982546329498291, 0.3981468677520752, 0.3980535566806793, 0.39795589447021484, 0.39785730838775635, 0.39793261885643005, 0.3977063000202179, 0.3975912928581238, 0.3974919617176056, 0.3973936140537262, 0.39730116724967957, 0.3972139060497284, 0.3971270024776459, 0.39701423048973083, 0.39693182706832886, 0.3968746066093445, 0.3967456519603729, 0.3966488242149353, 0.3965699076652527, 0.3964720070362091, 0.39638152718544006, 0.3962947428226471, 0.39622947573661804, 0.3961508274078369, 0.3960382342338562, 0.3959571421146393, 0.39591658115386963, 0.3958783447742462, 0.3957488238811493, 0.39566582441329956, 0.39553773403167725, 0.3954549729824066, 0.3953907787799835, 0.39542117714881897, 0.3952192962169647, 0.3951457738876343, 0.3951174020767212, 0.3951190114021301, 0.3951443135738373, 0.3948432505130768, 0.394788920879364, 0.3947472870349884, 0.3946281671524048, 0.39455223083496094, 0.3944788873195648, 0.39441078901290894, 0.3946515619754791, 0.3942927122116089, 0.3942379057407379, 0.3941264748573303, 0.3941690921783447, 0.3941320478916168, 0.3939414322376251, 0.3938581943511963, 0.3938947021961212, 0.39375901222229004, 0.39368095993995667, 0.3936251699924469, 0.3935248553752899, 0.39352625608444214, 0.39342567324638367, 0.39335620403289795, 0.39329880475997925, 0.3934866189956665, 0.3932071030139923, 0.39318397641181946, 0.3931520879268646, 0.3929867148399353, 0.39294663071632385, 0.39288270473480225, 0.39285174012184143]",1.0,"[16.0, 5.0, 3.0, 2.0, 1.0, 1.0, 1.0, 1.0, 1.0, 1.0, 1.0, 1.0, 1.0, 1.0, 1.0, 1.0, 1.0, 1.0, 1.0, 1.0, 1.0, 1.0, 1.0, 1.0, 1.0, 1.0, 1.0, 1.0, 1.0, 1.0, 1.0, 1.0, 1.0, 1.0, 1.0, 1.0, 1.0, 1.0, 1.0, 1.0, 1.0, 1.0, 1.0, 1.0, 1.0, 1.0, 1.0, 1.0, 1.0, 1.0, 1.0, 1.0, 1.0, 1.0, 1.0, 1.0, 1.0, 1.0, 1.0, 1.0, 1.0, 1.0, 1.0, 1.0, 1.0, 1.0, 1.0, 1.0, 1.0, 1.0, 1.0, 1.0, 1.0, 1.0, 1.0, 1.0, 1.0, 1.0, 1.0, 1.0, 1.0, 1.0, 1.0, 1.0, 1.0, 1.0, 1.0, 1.0, 1.0, 1.0, 1.0, 1.0, 1.0, 1.0, 1.0, 1.0, 1.0, 1.0, 1.0, 1.0, 1.0, 1.0, 1.0, 1.0, 1.0, 1.0, 1.0, 1.0, 1.0, 1.0]",COMPLETE
32,32,0.5,2024-08-31 01:55:07.434254,2024-08-31 01:55:47.883659,0 days 00:00:40.449405,16,1.7133036545468212,4,140,0.649807955165658,56,0.020368739131425968,0.859,0.85875,0,"[0, 0, 0, 0, 0, 0, 0, 0, 0, 0, 0, 0, 0, 0, 0, 0, 0, 0, 0, 0, 0, 0, 0, 0, 0, 0, 0, 0, 0, 0, 0, 0, 0, 0, 0, 0, 0, 0, 0, 0, 0, 0, 0, 0, 0, 0, 0, 0, 0, 0, 0, 0, 0, 0, 0, 0, 0, 0, 0, 0, 0, 0, 0, 0, 0, 0, 0, 0, 0, 0, 0, 0, 0, 0, 0, 0, 0, 0, 0, 0, 0, 0, 0, 0, 0, 0, 0, 0, 0, 0, 0, 0, 0, 0, 0, 0, 0, 0, 0, 0, 0, 0, 0, 0, 0, 0, 0, 0, 0, 0, 0, 0, 0, 0, 0, 0, 0, 0, 0, 0, 0, 0, 0, 0, 0, 0, 0, 0, 0, 0, 0, 0, 0, 0, 0, 0, 0, 0, 0, 0]",0.0,"[0.0, 0.0, 0.0, 0.0, 0.0, 0.0, 0.0, 0.0, 0.0, 0.0, 0.0, 0.0, 0.0, 0.0, 0.0, 0.0, 0.0, 0.0, 0.0, 0.0, 0.0, 0.0, 0.0, 0.0, 0.0, 0.0, 0.0, 0.0, 0.0, 0.0, 0.0, 0.0, 0.0, 0.0, 0.0, 0.0, 0.0, 0.0, 0.0, 0.0, 0.0, 0.0, 0.0, 0.0, 0.0, 0.0, 0.0, 0.0, 0.0, 0.0, 0.0, 0.0, 0.0, 0.0, 0.0, 0.0, 0.0, 0.0, 0.0, 0.0, 0.0, 0.0, 0.0, 0.0, 0.0, 0.0, 0.0, 0.0, 0.0, 0.0, 0.0, 0.0, 0.0, 0.0, 0.0, 0.0, 0.0, 0.0, 0.0, 0.0, 0.0, 0.0, 0.0, 0.0, 0.0, 0.0, 0.0, 0.0, 0.0, 0.0, 0.0, 0.0, 0.0, 0.0, 0.0, 0.0, 0.0, 0.0, 0.0, 0.0, 0.0, 0.0, 0.0, 0.0, 0.0, 0.0, 0.0, 0.0, 0.0, 0.0, 0.0, 0.0, 0.0, 0.0, 0.0, 0.0, 0.0, 0.0, 0.0, 0.0, 0.0, 0.0, 0.0, 0.0, 0.0, 0.0, 0.0, 0.0, 0.0, 0.0, 0.0, 0.0, 0.0, 0.0, 0.0, 0.0, 0.0, 0.0, 0.0, 0.0]",0.5,0.5,0,"[0, 0, 0, 0, 0, 0, 0, 0, 0, 0, 0, 0, 0, 0, 0, 0, 0, 0, 0, 0, 0, 0, 0, 0, 0, 0, 0, 0, 0, 0, 0, 0, 0, 0, 0, 0, 0, 0, 0, 0, 0, 0, 0, 0, 0, 0, 0, 0, 0, 0, 0, 0, 0, 0, 0, 0, 0, 0, 0, 0, 0, 0, 0, 0, 0, 0, 0, 0, 0, 0, 0, 0, 0, 0, 0, 0, 0, 0, 0, 0, 0, 0, 0, 0, 0, 0, 0, 0, 0, 0, 0, 0, 0, 0, 0, 0, 0, 0, 0, 0, 0, 0, 0, 0, 0, 0, 0, 0, 0, 0, 0, 0, 0, 0, 0, 0, 0, 0, 0, 0, 0, 0, 0, 0, 0, 0, 0, 0, 0, 0, 0, 0, 0, 0, 0, 0, 0, 0, 0, 0]",140,"[0.419251024723053, 0.4072600305080414, 0.40760791301727295, 0.5243216156959534, 0.4074687063694, 0.4122394919395447, 0.411137193441391, 0.4073425531387329, 0.41226035356521606, 0.41050565242767334, 0.4080522954463959, 0.41105028986930847, 0.4109937250614166, 0.4181697368621826, 0.43239131569862366, 0.41028690338134766, 0.4077662229537964, 0.42668038606643677, 0.4138402044773102, 0.40785205364227295, 0.4148646593093872, 0.41788250207901, 0.4072502851486206, 0.40782684087753296, 0.4150724709033966, 0.420978844165802, 0.40756022930145264, 0.41716182231903076, 0.4127611517906189, 0.4172070622444153, 0.4076836407184601, 0.4135464131832123, 0.4767458736896515, 0.4136018455028534, 0.4171164631843567, 0.41332679986953735, 0.42015212774276733, 0.40753501653671265, 0.41178417205810547, 0.41110289096832275, 0.4188172221183777, 0.4191514253616333, 0.4214778244495392, 0.4072295129299164, 0.43839019536972046, 0.44217050075531006, 0.41517603397369385, 0.40773215889930725, 0.41101157665252686, 0.4073193669319153, 0.4423809051513672, 0.42529502511024475, 0.4163461923599243, 0.42220836877822876, 0.4141494333744049, 0.45330917835235596, 0.4092107117176056, 0.40875765681266785, 0.41790977120399475, 0.40955600142478943, 0.41661348938941956, 0.40889793634414673, 0.41654643416404724, 0.41087833046913147, 0.4282110333442688, 0.42044007778167725, 0.41791656613349915, 0.4078598916530609, 0.40743395686149597, 0.42379969358444214, 0.41783902049064636, 0.4074554741382599, 0.4072434902191162, 0.41638901829719543, 0.40953320264816284, 0.4153313934803009, 0.41151463985443115, 0.41925299167633057, 0.41271454095840454, 0.4156804382801056, 0.4072268009185791, 0.42738696932792664, 0.4444754719734192, 0.4078597128391266, 0.4072359502315521, 0.40749484300613403, 0.41990578174591064, 0.41836288571357727, 0.40796947479248047, 0.41923171281814575, 0.41978704929351807, 0.41241705417633057, 0.4080180823802948, 0.4102784991264343, 0.4072400629520416, 0.40801897644996643, 0.42741167545318604, 0.40854647755622864, 0.4153607189655304, 0.40727299451828003, 0.42436522245407104, 0.45165035128593445, 0.4073294699192047, 0.4101107120513916, 0.40807464718818665, 0.4132072329521179, 0.4072280824184418, 0.42100459337234497, 0.41291749477386475, 0.43784594535827637, 0.40723124146461487, 0.4072292745113373, 0.4237600266933441, 0.407227098941803, 0.4123489260673523, 0.40909668803215027, 0.42431890964508057, 0.4092167019844055, 0.4194219708442688, 0.4108697175979614, 0.4216814935207367, 0.4218955934047699, 0.4104035198688507, 0.40732237696647644, 0.4075677990913391, 0.41943779587745667, 0.43816378712654114, 0.416451632976532, 0.41536009311676025, 0.407571405172348, 0.40800344944000244, 0.43215808272361755, 0.4072314500808716, 0.40894490480422974, 0.41441288590431213, 0.4570872485637665, 0.41674500703811646, 0.4360373318195343, 0.40778645873069763, 0.40757298469543457]",0.0,"[0.0, 0.0, 0.0, 0.0, 0.0, 0.0, 0.0, 0.0, 0.0, 0.0, 0.0, 0.0, 0.0, 0.0, 0.0, 0.0, 0.0, 0.0, 0.0, 0.0, 0.0, 0.0, 0.0, 0.0, 0.0, 0.0, 0.0, 0.0, 0.0, 0.0, 0.0, 0.0, 0.0, 0.0, 0.0, 0.0, 0.0, 0.0, 0.0, 0.0, 0.0, 0.0, 0.0, 0.0, 0.0, 0.0, 0.0, 0.0, 0.0, 0.0, 0.0, 0.0, 0.0, 0.0, 0.0, 0.0, 0.0, 0.0, 0.0, 0.0, 0.0, 0.0, 0.0, 0.0, 0.0, 0.0, 0.0, 0.0, 0.0, 0.0, 0.0, 0.0, 0.0, 0.0, 0.0, 0.0, 0.0, 0.0, 0.0, 0.0, 0.0, 0.0, 0.0, 0.0, 0.0, 0.0, 0.0, 0.0, 0.0, 0.0, 0.0, 0.0, 0.0, 0.0, 0.0, 0.0, 0.0, 0.0, 0.0, 0.0, 0.0, 0.0, 0.0, 0.0, 0.0, 0.0, 0.0, 0.0, 0.0, 0.0, 0.0, 0.0, 0.0, 0.0, 0.0, 0.0, 0.0, 0.0, 0.0, 0.0, 0.0, 0.0, 0.0, 0.0, 0.0, 0.0, 0.0, 0.0, 0.0, 0.0, 0.0, 0.0, 0.0, 0.0, 0.0, 0.0, 0.0, 0.0, 0.0, 0.0]",COMPLETE
