,number,value,datetime_start,datetime_complete,duration,params_batch_size_scaler,params_constant_learning_rate,params_depth,params_epochs,params_kernel_l2,params_num_trees,params_temperature,user_attrs_accuracy_test,user_attrs_accuracy_valid,user_attrs_approximate_feature_sparsity,user_attrs_approximate_feature_sparsity_history,user_attrs_approximate_weight_sparsity,user_attrs_approximate_weight_sparsity_history,user_attrs_auc_test,user_attrs_auc_valid,user_attrs_feature_sparsity,user_attrs_feature_sparsity_history,user_attrs_num_epochs,user_attrs_val_loss_history,user_attrs_weight_sparsity,user_attrs_weight_sparsity_history,state
118,118,0.8992928082853497,2024-08-31 05:32:43.970643,2024-08-31 05:33:34.336382,0 days 00:00:50.365739,16,0.156333472825749,3,475,0.5623950572843863,64,0.0013150000098718047,0.913,0.90375,7,"[33, 33, 33, 33, 33, 33, 33, 33, 33, 33, 33, 33, 33, 33, 33, 33, 33, 33, 33, 33, 33, 33, 33, 33, 33, 33, 33, 33, 33, 33, 33, 33, 33, 33, 33, 33, 33, 33, 33, 33, 33, 33, 33, 33, 33, 33, 33, 33, 33, 33, 33, 33, 33, 33, 33, 33, 33, 33, 33, 33, 33, 33, 33, 33, 33, 33, 33, 33, 33, 33, 33, 33, 33, 33, 33, 33, 33, 33, 33, 33, 33, 33, 32, 32, 32, 31, 29, 28, 28, 26, 26, 24, 22, 21, 20, 19, 19, 18, 18, 18, 18, 18, 18, 16, 16, 15, 14, 13, 13, 13, 13, 13, 13, 13, 13, 13, 13, 13, 13, 13, 13, 13, 13, 13, 13, 13, 13, 13, 13, 13, 13, 13, 13, 13, 13, 13, 13, 13, 13, 13, 13, 13, 13, 13, 13, 13, 13, 13, 13, 13, 13, 13, 13, 13, 13, 13, 13, 13, 13, 13, 13, 13, 13, 13, 13, 13, 13, 13, 13, 13, 13, 13, 13, 13, 13, 13, 13, 13, 13, 13, 12, 12, 12, 12, 12, 11, 11, 11, 11, 11, 11, 10, 10, 10, 10, 9, 9, 9, 9, 9, 9, 9, 9, 9, 9, 9, 9, 9, 9, 9, 8, 8, 8, 8, 8, 8, 8, 8, 8, 7, 7, 7, 7, 7, 7, 7, 7, 7, 7, 7, 7, 7, 7, 7, 7, 7, 7, 7, 7, 7, 7, 7, 7, 7, 7, 7, 7, 7, 7, 7, 7, 7, 7, 7, 7, 7, 7, 7, 7, 7, 7, 7, 7, 7, 7, 7, 7, 7, 7, 7, 7, 7, 7, 7, 7, 7, 7, 7, 7, 7, 7, 7, 7, 7, 7, 7, 7, 7, 7, 7, 7, 7, 7, 7, 7, 7, 7, 7, 7, 7, 7, 7, 7, 7, 7, 7, 7, 7, 7, 7, 7, 7, 7, 7, 7, 7, 7, 7, 7, 7, 7, 7, 7, 7, 7, 7, 7, 7, 7, 7, 7, 7, 7, 7, 7, 7, 7, 7, 7, 7, 7, 7, 7, 7, 7, 7, 7, 7, 7, 7, 7, 7, 7, 7, 7, 7, 7, 7, 7, 7, 7, 7, 7, 7, 7, 7, 7, 7, 7, 7, 7, 7, 7, 7, 7, 7, 7, 7, 7, 7, 7, 7, 7, 7, 7, 7, 7, 7, 7, 7, 7, 7, 7, 7, 7, 7, 7, 7, 7, 7, 7, 7, 7, 7, 7, 7, 7, 7, 7, 7, 7, 7, 7, 7, 7, 7, 7, 7, 7, 7, 7, 7, 7, 7, 7, 7, 7, 7, 7, 7, 7, 7, 7, 7, 7, 7, 7, 7, 7, 7, 7, 7, 7, 7, 7, 7, 7, 7, 7, 7, 7, 7, 7, 7, 7, 7, 7, 7, 7, 7, 7, 7, 7, 7, 7, 7, 7, 7, 7, 7, 7, 7, 7, 7, 7]",6.982142857142858,"[32.979910714285715, 32.97544642857143, 32.973214285714285, 32.97098214285714, 32.979910714285715, 32.97544642857143, 32.97991071428571, 32.97098214285714, 32.97544642857143, 32.96875, 32.97767857142857, 32.979910714285715, 32.973214285714285, 32.97544642857143, 32.97098214285714, 32.96205357142857, 32.964285714285715, 32.964285714285715, 32.970982142857146, 32.96875, 32.964285714285715, 32.94642857142857, 32.941964285714285, 32.948660714285715, 32.953125, 32.966517857142854, 32.964285714285715, 32.964285714285715, 32.957589285714285, 32.96205357142857, 32.95982142857143, 32.96205357142857, 32.973214285714285, 32.979910714285715, 32.966517857142854, 32.95535714285714, 32.964285714285715, 32.957589285714285, 32.950892857142854, 32.94642857142857, 32.966517857142854, 32.948660714285715, 32.955357142857146, 32.953125, 32.955357142857146, 32.950892857142854, 32.948660714285715, 32.96205357142857, 32.95089285714286, 32.95982142857143, 32.953125, 32.950892857142854, 32.95758928571429, 32.95982142857143, 32.95982142857143, 32.95982142857142, 32.96651785714286, 32.953125, 32.955357142857146, 32.96651785714286, 32.96205357142857, 32.957589285714285, 32.96205357142857, 32.97098214285714, 32.96205357142857, 32.96875, 32.96205357142857, 32.964285714285715, 32.96651785714286, 32.953125, 32.957589285714285, 32.95535714285714, 32.964285714285715, 32.957589285714285, 32.953125, 32.94642857142857, 32.95089285714286, 32.953125, 32.95982142857143, 32.953125, 32.941964285714285, 32.953125, 31.964285714285715, 31.964285714285715, 31.957589285714285, 30.959821428571427, 28.96875, 27.957589285714285, 27.970982142857142, 25.970982142857142, 25.973214285714285, 23.979910714285715, 21.970982142857146, 20.97767857142857, 19.979910714285715, 18.97544642857143, 18.973214285714285, 17.986607142857142, 17.993303571428573, 17.986607142857142, 17.99107142857143, 17.979910714285715, 17.97544642857143, 15.979910714285715, 15.986607142857144, 14.984375, 13.977678571428573, 12.986607142857144, 12.986607142857142, 12.982142857142858, 12.979910714285715, 12.986607142857142, 12.997767857142858, 12.991071428571429, 12.986607142857144, 12.99107142857143, 12.988839285714286, 12.984375, 12.986607142857142, 12.984375, 12.988839285714285, 12.984375, 12.986607142857142, 12.99107142857143, 12.995535714285715, 12.984375000000002, 12.986607142857142, 12.977678571428571, 12.975446428571429, 12.979910714285714, 12.977678571428571, 12.977678571428571, 12.988839285714288, 12.986607142857142, 12.984375, 12.984375, 12.984375, 12.988839285714286, 12.991071428571429, 12.986607142857142, 12.986607142857142, 12.984375, 12.988839285714286, 12.988839285714286, 12.979910714285715, 12.977678571428571, 12.986607142857144, 12.986607142857142, 12.99107142857143, 12.991071428571429, 12.99107142857143, 12.979910714285715, 12.979910714285715, 12.986607142857142, 12.970982142857142, 12.979910714285715, 12.982142857142858, 12.986607142857144, 12.979910714285715, 12.979910714285714, 12.982142857142858, 12.988839285714285, 12.986607142857142, 12.97544642857143, 12.988839285714286, 12.991071428571429, 12.984375000000002, 12.977678571428571, 12.979910714285715, 12.984375, 12.977678571428571, 12.979910714285715, 12.986607142857144, 12.970982142857142, 12.99107142857143, 12.986607142857142, 12.991071428571429, 12.988839285714288, 12.991071428571429, 12.988839285714286, 11.977678571428573, 11.986607142857142, 11.988839285714285, 11.991071428571429, 11.979910714285715, 10.986607142857142, 10.988839285714286, 10.982142857142858, 10.984375, 10.986607142857142, 10.993303571428573, 9.995535714285715, 9.986607142857144, 9.986607142857144, 9.997767857142858, 8.991071428571429, 8.993303571428571, 8.993303571428571, 8.988839285714286, 8.988839285714286, 8.991071428571429, 8.988839285714286, 8.995535714285715, 8.991071428571429, 8.986607142857142, 8.986607142857144, 8.988839285714285, 8.993303571428573, 8.986607142857142, 8.982142857142858, 7.984375, 7.986607142857142, 7.979910714285714, 7.9888392857142865, 7.986607142857142, 7.993303571428571, 7.986607142857142, 7.991071428571429, 7.991071428571429, 6.993303571428571, 6.986607142857143, 6.986607142857143, 6.982142857142858, 6.993303571428571, 6.986607142857143, 6.991071428571429, 6.977678571428571, 6.982142857142858, 6.977678571428571, 6.977678571428571, 6.982142857142858, 6.984375, 6.975446428571429, 6.982142857142858, 6.982142857142858, 6.988839285714286, 6.995535714285714, 6.993303571428571, 6.991071428571429, 6.993303571428571, 6.993303571428571, 6.9888392857142865, 6.986607142857142, 6.986607142857142, 6.993303571428571, 6.988839285714286, 6.984375, 6.984375, 6.991071428571429, 6.995535714285714, 6.995535714285714, 6.995535714285714, 6.993303571428571, 6.993303571428571, 6.986607142857142, 6.988839285714286, 6.991071428571429, 6.991071428571429, 6.986607142857142, 6.9888392857142865, 6.986607142857143, 6.993303571428571, 6.988839285714286, 6.991071428571429, 6.991071428571429, 6.986607142857142, 6.984375, 6.984375, 6.991071428571429, 6.991071428571429, 6.993303571428571, 6.984375, 6.9888392857142865, 6.979910714285714, 6.986607142857142, 6.993303571428571, 6.986607142857143, 6.991071428571429, 6.993303571428571, 6.984375, 6.991071428571429, 6.984375, 6.9799107142857135, 6.979910714285714, 6.986607142857142, 6.979910714285714, 6.984375, 6.984375, 6.984375, 6.979910714285714, 6.977678571428571, 6.982142857142857, 6.9799107142857135, 6.984375, 6.979910714285714, 6.979910714285714, 6.984375, 6.984375, 6.984375, 6.986607142857142, 6.982142857142858, 6.979910714285714, 6.991071428571429, 6.991071428571429, 6.977678571428571, 6.984375, 6.986607142857142, 6.977678571428571, 6.982142857142857, 6.986607142857142, 6.982142857142858, 6.984375, 6.984375, 6.982142857142857, 6.982142857142858, 6.982142857142858, 6.982142857142858, 6.9888392857142865, 6.993303571428571, 6.991071428571429, 6.993303571428571, 6.991071428571429, 6.984375, 6.977678571428571, 6.982142857142857, 6.977678571428571, 6.986607142857143, 6.991071428571429, 6.993303571428571, 6.986607142857143, 6.986607142857142, 6.986607142857142, 6.988839285714286, 6.984375, 6.991071428571429, 6.986607142857143, 6.984375, 6.995535714285714, 6.991071428571429, 6.991071428571429, 6.991071428571429, 6.9888392857142865, 6.991071428571429, 6.991071428571429, 6.991071428571429, 6.982142857142858, 6.977678571428571, 6.975446428571429, 6.982142857142857, 6.984375, 6.984375, 6.982142857142858, 6.984375, 6.977678571428571, 6.975446428571429, 6.984375, 6.986607142857143, 6.991071428571429, 6.991071428571429, 6.988839285714286, 6.986607142857143, 6.986607142857143, 6.9888392857142865, 6.991071428571429, 6.986607142857143, 6.979910714285715, 6.988839285714286, 6.988839285714286, 6.979910714285714, 6.9888392857142865, 6.9888392857142865, 6.988839285714286, 6.988839285714286, 6.986607142857143, 6.988839285714286, 6.986607142857142, 6.988839285714286, 6.991071428571429, 6.991071428571429, 6.991071428571429, 6.986607142857142, 6.993303571428571, 6.991071428571429, 6.984375, 6.982142857142858, 6.984375, 6.984375, 6.984375, 6.9888392857142865, 6.982142857142858, 6.991071428571429, 6.993303571428571, 6.986607142857143, 6.984375, 6.993303571428571, 6.977678571428571, 6.988839285714286, 6.977678571428571, 6.986607142857142, 6.979910714285714, 6.984375, 6.984375, 6.984375, 6.993303571428571, 6.986607142857142, 6.979910714285715, 6.979910714285714, 6.984375, 6.984375, 6.984375, 6.984375, 6.984375, 6.9888392857142865, 6.982142857142858, 6.982142857142858, 6.982142857142858, 6.979910714285714, 6.984375, 6.982142857142858, 6.9888392857142865, 6.982142857142858, 6.984375, 6.984375, 6.979910714285714, 6.982142857142858, 6.982142857142858, 6.982142857142857, 6.982142857142857, 6.977678571428571, 6.977678571428571, 6.970982142857142, 6.977678571428571, 6.975446428571429, 6.979910714285714, 6.979910714285714, 6.966517857142857, 6.982142857142858, 6.979910714285714, 6.982142857142858, 6.973214285714286, 6.977678571428571, 6.970982142857143, 6.973214285714286, 6.977678571428571, 6.977678571428571, 6.9799107142857135, 6.973214285714286, 6.977678571428571, 6.96875, 6.977678571428571, 6.977678571428571, 6.970982142857143, 6.975446428571429, 6.979910714285714, 6.979910714285714, 6.979910714285714, 6.982142857142857, 6.984375, 6.975446428571429, 6.966517857142857, 6.970982142857143, 6.977678571428571, 6.979910714285714, 6.973214285714286, 6.984375, 6.982142857142857, 6.984375, 6.984375, 6.986607142857142, 6.988839285714286, 6.986607142857143, 6.986607142857143, 6.9888392857142865, 6.986607142857143, 6.982142857142858]",0.877921713356286,0.8992928082853497,7,"[33, 33, 33, 33, 33, 33, 33, 33, 33, 33, 33, 33, 33, 33, 33, 33, 33, 33, 33, 33, 33, 33, 33, 33, 33, 33, 33, 33, 33, 33, 33, 33, 33, 33, 33, 33, 33, 33, 33, 33, 33, 33, 33, 33, 33, 33, 33, 33, 33, 33, 33, 33, 33, 33, 33, 33, 33, 33, 33, 33, 33, 33, 33, 33, 33, 33, 33, 33, 33, 33, 33, 33, 33, 33, 33, 33, 33, 33, 33, 33, 33, 33, 32, 32, 32, 31, 29, 28, 28, 26, 26, 24, 22, 21, 20, 19, 19, 18, 18, 18, 18, 18, 18, 16, 16, 15, 14, 13, 13, 13, 13, 13, 13, 13, 13, 13, 13, 13, 13, 13, 13, 13, 13, 13, 13, 13, 13, 13, 13, 13, 13, 13, 13, 13, 13, 13, 13, 13, 13, 13, 13, 13, 13, 13, 13, 13, 13, 13, 13, 13, 13, 13, 13, 13, 13, 13, 13, 13, 13, 13, 13, 13, 13, 13, 13, 13, 13, 13, 13, 13, 13, 13, 13, 13, 13, 13, 13, 13, 13, 13, 12, 12, 12, 12, 12, 11, 11, 11, 11, 11, 11, 10, 10, 10, 10, 9, 9, 9, 9, 9, 9, 9, 9, 9, 9, 9, 9, 9, 9, 9, 8, 8, 8, 8, 8, 8, 8, 8, 8, 7, 7, 7, 7, 7, 7, 7, 7, 7, 7, 7, 7, 7, 7, 7, 7, 7, 7, 7, 7, 7, 7, 7, 7, 7, 7, 7, 7, 7, 7, 7, 7, 7, 7, 7, 7, 7, 7, 7, 7, 7, 7, 7, 7, 7, 7, 7, 7, 7, 7, 7, 7, 7, 7, 7, 7, 7, 7, 7, 7, 7, 7, 7, 7, 7, 7, 7, 7, 7, 7, 7, 7, 7, 7, 7, 7, 7, 7, 7, 7, 7, 7, 7, 7, 7, 7, 7, 7, 7, 7, 7, 7, 7, 7, 7, 7, 7, 7, 7, 7, 7, 7, 7, 7, 7, 7, 7, 7, 7, 7, 7, 7, 7, 7, 7, 7, 7, 7, 7, 7, 7, 7, 7, 7, 7, 7, 7, 7, 7, 7, 7, 7, 7, 7, 7, 7, 7, 7, 7, 7, 7, 7, 7, 7, 7, 7, 7, 7, 7, 7, 7, 7, 7, 7, 7, 7, 7, 7, 7, 7, 7, 7, 7, 7, 7, 7, 7, 7, 7, 7, 7, 7, 7, 7, 7, 7, 7, 7, 7, 7, 7, 7, 7, 7, 7, 7, 7, 7, 7, 7, 7, 7, 7, 7, 7, 7, 7, 7, 7, 7, 7, 7, 7, 7, 7, 7, 7, 7, 7, 7, 7, 7, 7, 7, 7, 7, 7, 7, 7, 7, 7, 7, 7, 7, 7, 7, 7, 7, 7, 7, 7, 7, 7, 7, 7, 7, 7, 7, 7, 7, 7, 7, 7, 7, 7, 7, 7, 7, 7, 7, 7, 7, 7, 7, 7, 7]",475,"[0.4792131781578064, 0.47035112977027893, 0.46360230445861816, 0.45867323875427246, 0.4538751244544983, 0.45005476474761963, 0.44731175899505615, 0.44469010829925537, 0.4415816068649292, 0.439276784658432, 0.43807098269462585, 0.43535128235816956, 0.43344131112098694, 0.43319812417030334, 0.430134654045105, 0.43246451020240784, 0.4266561269760132, 0.4256950318813324, 0.4234517812728882, 0.42163312435150146, 0.42008885741233826, 0.41875481605529785, 0.4180511236190796, 0.4160730838775635, 0.41474810242652893, 0.4135705828666687, 0.4121326506137848, 0.41079914569854736, 0.40941375494003296, 0.40884727239608765, 0.4072032570838928, 0.4055599272251129, 0.40543845295906067, 0.4032630920410156, 0.40203866362571716, 0.4011523723602295, 0.3997126817703247, 0.4005226790904999, 0.39732906222343445, 0.3963977098464966, 0.39503273367881775, 0.3952258825302124, 0.39345210790634155, 0.39220404624938965, 0.39073246717453003, 0.38947808742523193, 0.3885200619697571, 0.38696420192718506, 0.38681358098983765, 0.3855683207511902, 0.3843899667263031, 0.383116751909256, 0.38255006074905396, 0.38104161620140076, 0.3807384967803955, 0.38038817048072815, 0.37818312644958496, 0.378113716840744, 0.3763832747936249, 0.3750018775463104, 0.3741437792778015, 0.3734006881713867, 0.3722926080226898, 0.3713029623031616, 0.3705905079841614, 0.3701307773590088, 0.3688369691371918, 0.3672298192977905, 0.36666053533554077, 0.3655093312263489, 0.36571231484413147, 0.36347976326942444, 0.3627241849899292, 0.36266791820526123, 0.3604854643344879, 0.35956066846847534, 0.35839328169822693, 0.3578702211380005, 0.3564276397228241, 0.35555338859558105, 0.35468778014183044, 0.35326170921325684, 0.3522915244102478, 0.3513723313808441, 0.3502900302410126, 0.34889712929725647, 0.345846951007843, 0.3454160988330841, 0.34291326999664307, 0.33987465500831604, 0.3394486904144287, 0.33578479290008545, 0.33333706855773926, 0.33123070001602173, 0.3283422589302063, 0.3245014548301697, 0.3239830732345581, 0.323953777551651, 0.3242648243904114, 0.32352274656295776, 0.32179561257362366, 0.3211539089679718, 0.3204696774482727, 0.31897053122520447, 0.31831130385398865, 0.31781327724456787, 0.3146432042121887, 0.31341180205345154, 0.3131239414215088, 0.3123432695865631, 0.31188175082206726, 0.31179219484329224, 0.31054168939590454, 0.3099417984485626, 0.31026896834373474, 0.3089647889137268, 0.30861061811447144, 0.30960890650749207, 0.3077523112297058, 0.3069502115249634, 0.30634623765945435, 0.3066225051879883, 0.3052046298980713, 0.304605096578598, 0.3040945529937744, 0.30344557762145996, 0.3035508096218109, 0.30258604884147644, 0.3020223379135132, 0.30244433879852295, 0.3005930185317993, 0.3001677989959717, 0.2995806932449341, 0.3005428612232208, 0.2987336218357086, 0.29879260063171387, 0.298081636428833, 0.2976045310497284, 0.2970462739467621, 0.2969677448272705, 0.2965155839920044, 0.2958993911743164, 0.2959037125110626, 0.2951064705848694, 0.29494091868400574, 0.29454749822616577, 0.2939763367176056, 0.2939600944519043, 0.29322129487991333, 0.29281938076019287, 0.2920481562614441, 0.29183194041252136, 0.29160600900650024, 0.2912086248397827, 0.29046154022216797, 0.2904495894908905, 0.2902153432369232, 0.28990066051483154, 0.28937047719955444, 0.2897840440273285, 0.2887410819530487, 0.28883248567581177, 0.2887139320373535, 0.2877712547779083, 0.2876574397087097, 0.28740769624710083, 0.2871108949184418, 0.28677842020988464, 0.286670982837677, 0.28605639934539795, 0.285899817943573, 0.28520673513412476, 0.28504762053489685, 0.28478753566741943, 0.2845957577228546, 0.2843242287635803, 0.2838740646839142, 0.2836107611656189, 0.28360289335250854, 0.2833971083164215, 0.28833308815956116, 0.287660151720047, 0.28752315044403076, 0.28706836700439453, 0.2868896722793579, 0.28987327218055725, 0.2894897758960724, 0.2893475294113159, 0.2901257276535034, 0.28839027881622314, 0.28854498267173767, 0.28752216696739197, 0.2872292995452881, 0.2868815064430237, 0.28654682636260986, 0.2892932593822479, 0.2890304625034332, 0.28866612911224365, 0.28844353556632996, 0.2881367802619934, 0.2876792848110199, 0.2879036068916321, 0.2873726189136505, 0.2868466079235077, 0.2870558798313141, 0.2864933907985687, 0.2865733504295349, 0.28774985671043396, 0.2869096100330353, 0.28627681732177734, 0.2916775345802307, 0.289911687374115, 0.2889311909675598, 0.28829890489578247, 0.2873498499393463, 0.2867726981639862, 0.2860748767852783, 0.2856169641017914, 0.2855362594127655, 0.2898227870464325, 0.2902330756187439, 0.28871914744377136, 0.2879756689071655, 0.2876359820365906, 0.2882387042045593, 0.286957710981369, 0.2860355079174042, 0.285664439201355, 0.2857572138309479, 0.28432682156562805, 0.28420647978782654, 0.2838030159473419, 0.28392380475997925, 0.28319212794303894, 0.28333353996276855, 0.28258129954338074, 0.28224730491638184, 0.28178122639656067, 0.28154098987579346, 0.2814452648162842, 0.281471312046051, 0.28113701939582825, 0.2821882963180542, 0.2808508574962616, 0.2800869047641754, 0.2803528308868408, 0.27945420145988464, 0.27951130270957947, 0.28049513697624207, 0.2788356840610504, 0.27948153018951416, 0.27859824895858765, 0.27855101227760315, 0.2783566117286682, 0.27809441089630127, 0.2787208557128906, 0.27792784571647644, 0.2776625156402588, 0.27733954787254333, 0.2771427035331726, 0.27736079692840576, 0.27705812454223633, 0.27692103385925293, 0.2765439450740814, 0.2768050730228424, 0.2763296961784363, 0.27576944231987, 0.27568483352661133, 0.27561962604522705, 0.2758283317089081, 0.27538594603538513, 0.2753288447856903, 0.27511703968048096, 0.2761814594268799, 0.2747887670993805, 0.27451029419898987, 0.2744840085506439, 0.27430689334869385, 0.27448025345802307, 0.27562233805656433, 0.2737056314945221, 0.2750621438026428, 0.2736552655696869, 0.27414199709892273, 0.2731130123138428, 0.2731423079967499, 0.2729804217815399, 0.2731062173843384, 0.27296990156173706, 0.27275678515434265, 0.2727929949760437, 0.272521048784256, 0.2721542418003082, 0.27205774188041687, 0.27202892303466797, 0.27303436398506165, 0.2725425958633423, 0.27203649282455444, 0.27121418714523315, 0.2717522382736206, 0.2713143825531006, 0.2720893919467926, 0.2710673213005066, 0.271135151386261, 0.2708998918533325, 0.2706754207611084, 0.27186688780784607, 0.27018114924430847, 0.2700066566467285, 0.27013450860977173, 0.26997846364974976, 0.2699737250804901, 0.27056244015693665, 0.26982641220092773, 0.2698246240615845, 0.26943400502204895, 0.27098947763442993, 0.26948899030685425, 0.26950252056121826, 0.2696246802806854, 0.2693409025669098, 0.27096834778785706, 0.26938799023628235, 0.26871591806411743, 0.26878395676612854, 0.26855310797691345, 0.2683725655078888, 0.2685610055923462, 0.26813599467277527, 0.26802608370780945, 0.26773378252983093, 0.26778140664100647, 0.26799696683883667, 0.26774874329566956, 0.2672247588634491, 0.2672155499458313, 0.26841089129447937, 0.2669067680835724, 0.2671816349029541, 0.2669001519680023, 0.2672716975212097, 0.2666836977005005, 0.26660454273223877, 0.26643791794776917, 0.2664037048816681, 0.26642361283302307, 0.2670193910598755, 0.266606867313385, 0.2667609453201294, 0.26764628291130066, 0.2665379047393799, 0.26629406213760376, 0.2665969133377075, 0.26612386107444763, 0.2680002748966217, 0.2659986913204193, 0.26598966121673584, 0.2658975124359131, 0.26582515239715576, 0.265354186296463, 0.2657936215400696, 0.2648772895336151, 0.2651744484901428, 0.2651609182357788, 0.2650206387042999, 0.26501399278640747, 0.2651176154613495, 0.2649674415588379, 0.2645612359046936, 0.26446542143821716, 0.2645730972290039, 0.26434147357940674, 0.26453906297683716, 0.2660265862941742, 0.2643096446990967, 0.2642921805381775, 0.2638905346393585, 0.26447609066963196, 0.26387640833854675, 0.264143705368042, 0.2634606957435608, 0.2636443078517914, 0.2637820839881897, 0.2633458971977234, 0.26350080966949463, 0.2640046179294586, 0.2633610665798187, 0.2635180950164795, 0.2632124125957489, 0.2630174160003662, 0.262966126203537, 0.2629442512989044, 0.26481059193611145, 0.263520210981369, 0.2631727159023285, 0.26423558592796326, 0.2622627913951874, 0.2622261941432953, 0.2625534236431122, 0.26324349641799927, 0.26244091987609863, 0.2633955478668213, 0.26216748356819153, 0.26219630241394043, 0.26209086179733276, 0.2619170844554901, 0.26259225606918335, 0.2622590959072113, 0.2622441351413727, 0.26189637184143066, 0.26170292496681213, 0.26160189509391785, 0.2613460123538971, 0.26143792271614075, 0.2615494728088379, 0.26140981912612915, 0.26197150349617004, 0.2616737186908722, 0.26125821471214294, 0.26078471541404724, 0.2611110210418701, 0.26082587242126465, 0.26122546195983887, 0.26070326566696167, 0.26054710149765015, 0.2606416344642639, 0.2605358958244324, 0.26084500551223755, 0.26170864701271057, 0.26077932119369507, 0.26092806458473206, 0.260871946811676, 0.26053935289382935, 0.26062583923339844, 0.2602168619632721, 0.2602495849132538, 0.2610844671726227, 0.26014214754104614, 0.25995728373527527, 0.26098185777664185, 0.2603769898414612, 0.26061639189720154, 0.2600453495979309, 0.2596149146556854, 0.25971344113349915, 0.2603583335876465, 0.2597646713256836, 0.25984570384025574, 0.25961485505104065, 0.2595856189727783, 0.25948601961135864, 0.2591208517551422, 0.2591399848461151, 0.2593320608139038, 0.25923290848731995, 0.2589540481567383, 0.2596