,number,value,datetime_start,datetime_complete,duration,params_batch_size_scaler,params_constant_learning_rate,params_depth,params_epochs,params_kernel_l2,params_num_trees,params_temperature,user_attrs_accuracy_test,user_attrs_accuracy_valid,user_attrs_approximate_feature_sparsity,user_attrs_approximate_feature_sparsity_history,user_attrs_approximate_weight_sparsity,user_attrs_approximate_weight_sparsity_history,user_attrs_auc_test,user_attrs_auc_valid,user_attrs_feature_sparsity,user_attrs_feature_sparsity_history,user_attrs_num_epochs,user_attrs_val_loss_history,user_attrs_weight_sparsity,user_attrs_weight_sparsity_history,state
139,139,0.5,2024-08-31 06:16:00.944879,2024-08-31 06:17:43.366255,0 days 00:01:42.421376,4,5.200293061110915,1,470,0.48731288569083514,77,0.0009673109505658959,0.859,0.85875,2,"[24, 14, 7, 3, 5, 3, 6, 7, 3, 6, 3, 3, 3, 6, 3, 5, 1, 3, 3, 2, 2, 2, 1, 5, 4, 3, 1, 4, 5, 2, 4, 1, 1, 3, 0, 0, 1, 2, 2, 2, 4, 2, 4, 2, 1, 2, 2, 1, 0, 6, 0, 1, 2, 3, 2, 5, 4, 2, 1, 1, 2, 2, 2, 2, 3, 3, 2, 3, 3, 0, 0, 4, 2, 0, 2, 2, 2, 2, 2, 3, 2, 2, 1, 1, 1, 3, 4, 1, 2, 2, 1, 1, 2, 0, 1, 2, 2, 3, 1, 2, 2, 1, 2, 3, 1, 1, 2, 2, 0, 2, 1, 1, 1, 3, 2, 2, 1, 1, 1, 2, 2, 2, 4, 1, 2, 2, 2, 2, 3, 1, 1, 3, 2, 1, 4, 3, 2, 3, 1, 4, 3, 1, 2, 2, 3, 1, 3, 1, 3, 3, 0, 5, 1, 3, 1, 7, 1, 2, 1, 2, 2, 0, 0, 2, 0, 2, 4, 1, 1, 1, 0, 2, 4, 2, 3, 3, 1, 1, 1, 2, 3, 4, 2, 0, 3, 2, 4, 2, 2, 2, 2, 3, 2, 2, 2, 1, 1, 3, 2, 3, 2, 2, 2, 0, 0, 4, 1, 3, 3, 1, 0, 2, 3, 3, 1, 2, 2, 2, 1, 2, 2, 1, 2, 3, 2, 1, 2, 0, 4, 1, 3, 1, 2, 1, 5, 0, 2, 0, 0, 2, 1, 4, 3, 4, 0, 1, 2, 0, 4, 3, 2, 4, 1, 3, 2, 2, 5, 2, 2, 2, 2, 4, 1, 1, 2, 3, 2, 4, 2, 2, 2, 2, 2, 3, 2, 3, 2, 2, 2, 1, 0, 5, 0, 5, 1, 2, 7, 1, 4, 5, 2, 2, 5, 4, 4, 3, 1, 1, 4, 3, 4, 2, 4, 2, 3, 2, 2, 0, 1, 1, 1, 2, 3, 2, 0, 2, 5, 1, 4, 3, 0, 3, 2, 3, 2, 3, 4, 2, 3, 2, 2, 2, 1, 2, 2, 2, 0, 1, 4, 2, 2, 2, 1, 2, 3, 3, 1, 2, 0, 4, 0, 0, 1, 1, 2, 0, 2, 2, 0, 2, 1, 3, 3, 2, 2, 2, 1, 0, 2, 0, 5, 1, 3, 2, 2, 3, 2, 2, 2, 1, 2, 3, 2, 3, 4, 3, 1, 1, 0, 4, 2, 2, 2, 2, 2, 3, 5, 1, 3, 1, 2, 1, 4, 2, 2, 1, 1, 2, 1, 3, 1, 4, 1, 1, 1, 2, 2, 2, 4, 2, 5, 2, 1, 2, 2, 3, 2, 2, 2, 1, 2, 2, 5, 1, 2, 2, 4, 0, 2, 3, 1, 1, 2, 1, 3, 2, 2, 1, 1, 1, 1, 1, 4, 0, 4, 2, 2, 2, 3, 4, 2, 2, 2, 3, 1, 2, 4, 1, 2, 2]",2.0,"[24.0, 14.0, 7.0, 3.0, 5.0, 3.0, 6.0, 7.0, 3.0, 5.987012987012987, 3.0, 3.0, 3.0, 6.0, 3.0, 5.0, 1.0, 3.0, 3.0, 2.0, 2.0, 2.0, 1.0, 5.0, 4.0, 3.0, 1.0, 3.987012987012987, 5.0, 2.0, 4.0, 0.987012987012987, 1.0, 3.0, 0.0, 0.0, 1.0, 2.0, 2.0, 2.0, 3.987012987012987, 2.0, 4.0, 2.0, 1.0, 2.0, 2.0, 1.0, 0.0, 5.987012987012987, 0.0, 1.0, 2.0, 3.0, 2.0, 5.0, 4.0, 2.0, 1.0, 1.0, 2.0, 2.0, 2.0, 2.0, 3.0, 3.0, 2.0, 3.0, 3.0, 0.0, 0.0, 4.0, 2.0, 0.0, 2.0, 2.0, 2.0, 2.0, 2.0, 3.0, 2.0, 2.0, 1.0, 1.0, 1.0, 3.0, 4.0, 1.0, 2.0, 2.0, 1.0, 1.0, 2.0, 0.0, 1.0, 2.0, 2.0, 3.0, 1.0, 2.0, 2.0, 1.0, 2.0, 2.987012987012987, 1.0, 1.0, 2.0, 2.0, 0.0, 2.0, 1.0, 1.0, 1.0, 3.0, 2.0, 2.0, 1.0, 1.0, 1.0, 1.987012987012987, 2.0, 2.0, 4.0, 1.0, 2.0, 2.0, 2.0, 2.0, 3.0, 1.0, 1.0, 3.0, 2.0, 1.0, 4.0, 3.0, 2.0, 3.0, 1.0, 4.0, 3.0, 1.0, 2.0, 2.0, 3.0, 1.0, 3.0, 1.0, 3.0, 3.0, 0.0, 5.0, 1.0, 3.0, 1.0, 7.0, 1.0, 2.0, 1.0, 2.0, 2.0, 0.0, 0.0, 2.0, 0.0, 2.0, 4.0, 1.0, 1.0, 1.0, 0.0, 2.0, 4.0, 2.0, 3.0, 3.0, 1.0, 1.0, 1.0, 2.0, 3.0, 4.0, 2.0, 0.0, 3.0, 2.0, 4.0, 2.0, 2.0, 2.0, 2.0, 3.0, 2.0, 2.0, 2.0, 1.0, 1.0, 3.0, 2.0, 3.0, 2.0, 2.0, 2.0, 0.0, 0.0, 4.0, 1.0, 3.0, 3.0, 1.0, 0.0, 2.0, 3.0, 3.0, 1.0, 2.0, 2.0, 2.0, 1.0, 2.0, 2.0, 1.0, 2.0, 3.0, 2.0, 1.0, 2.0, 0.0, 4.0, 1.0, 3.0, 1.0, 2.0, 1.0, 5.0, 0.0, 2.0, 0.0, 0.0, 2.0, 1.0, 4.0, 3.0, 4.0, 0.0, 1.0, 2.0, 0.0, 4.0, 3.0, 2.0, 4.0, 1.0, 3.0, 1.987012987012987, 2.0, 5.0, 2.0, 2.0, 2.0, 2.0, 4.0, 1.0, 1.0, 2.0, 3.0, 2.0, 4.0, 2.0, 2.0, 2.0, 2.0, 2.0, 3.0, 2.0, 3.0, 2.0, 2.0, 2.0, 1.0, 0.0, 5.0, 0.0, 5.0, 1.0, 2.0, 7.0, 1.0, 4.0, 5.0, 2.0, 2.0, 5.0, 4.0, 4.0, 3.0, 1.0, 1.0, 4.0, 3.0, 4.0, 2.0, 4.0, 2.0, 3.0, 2.0, 2.0, 0.0, 1.0, 1.0, 1.0, 2.0, 3.0, 2.0, 0.0, 2.0, 5.0, 1.0, 4.0, 3.0, 0.0, 2.987012987012987, 2.0, 3.0, 2.0, 3.0, 3.987012987012987, 2.0, 3.0, 2.0, 2.0, 2.0, 1.0, 2.0, 2.0, 2.0, 0.0, 1.0, 4.0, 2.0, 2.0, 2.0, 1.0, 2.0, 3.0, 3.0, 1.0, 2.0, 0.0, 4.0, 0.0, 0.0, 1.0, 1.0, 2.0, 0.0, 2.0, 2.0, 0.0, 2.0, 1.0, 3.0, 3.0, 2.0, 2.0, 2.0, 1.0, 0.0, 2.0, 0.0, 5.0, 1.0, 3.0, 2.0, 2.0, 3.0, 2.0, 2.0, 2.0, 1.0, 2.0, 3.0, 2.0, 3.0, 4.0, 3.0, 1.0, 1.0, 0.0, 4.0, 2.0, 2.0, 2.0, 2.0, 2.0, 3.0, 5.0, 1.0, 3.0, 1.0, 2.0, 1.0, 4.0, 2.0, 2.0, 1.0, 1.0, 2.0, 1.0, 3.0, 1.0, 3.987012987012987, 1.0, 1.0, 1.0, 2.0, 2.0, 2.0, 4.0, 2.0, 5.0, 2.0, 1.0, 2.0, 2.0, 3.0, 2.0, 2.0, 2.0, 1.0, 2.0, 2.0, 5.0, 1.0, 2.0, 2.0, 4.0, 0.0, 2.0, 3.0, 1.0, 1.0, 2.0, 1.0, 3.0, 2.0, 2.0, 1.0, 1.0, 1.0, 1.0, 1.0, 4.0, 0.0, 4.0, 2.0, 2.0, 2.0, 3.0, 4.0, 2.0, 2.0, 2.0, 3.0, 1.0, 2.0, 4.0, 1.0, 2.0, 2.0]",0.5,0.5,2,"[24, 14, 7, 3, 5, 3, 6, 7, 3, 6, 3, 3, 3, 6, 3, 5, 1, 3, 3, 2, 2, 2, 1, 5, 4, 3, 1, 4, 5, 2, 4, 1, 1, 3, 0, 0, 1, 2, 2, 2, 4, 2, 4, 2, 1, 2, 2, 1, 0, 6, 0, 1, 2, 3, 2, 5, 4, 2, 1, 1, 2, 2, 2, 2, 3, 3, 2, 3, 3, 0, 0, 4, 2, 0, 2, 2, 2, 2, 2, 3, 2, 2, 1, 1, 1, 3, 4, 1, 2, 2, 1, 1, 2, 0, 1, 2, 2, 3, 1, 2, 2, 1, 2, 3, 1, 1, 2, 2, 0, 2, 1, 1, 1, 3, 2, 2, 1, 1, 1, 2, 2, 2, 4, 1, 2, 2, 2, 2, 3, 1, 1, 3, 2, 1, 4, 3, 2, 3, 1, 4, 3, 1, 2, 2, 3, 1, 3, 1, 3, 3, 0, 5, 1, 3, 1, 7, 1, 2, 1, 2, 2, 0, 0, 2, 0, 2, 4, 1, 1, 1, 0, 2, 4, 2, 3, 3, 1, 1, 1, 2, 3, 4, 2, 0, 3, 2, 4, 2, 2, 2, 2, 3, 2, 2, 2, 1, 1, 3, 2, 3, 2, 2, 2, 0, 0, 4, 1, 3, 3, 1, 0, 2, 3, 3, 1, 2, 2, 2, 1, 2, 2, 1, 2, 3, 2, 1, 2, 0, 4, 1, 3, 1, 2, 1, 5, 0, 2, 0, 0, 2, 1, 4, 3, 4, 0, 1, 2, 0, 4, 3, 2, 4, 1, 3, 2, 2, 5, 2, 2, 2, 2, 4, 1, 1, 2, 3, 2, 4, 2, 2, 2, 2, 2, 3, 2, 3, 2, 2, 2, 1, 0, 5, 0, 5, 1, 2, 7, 1, 4, 5, 2, 2, 5, 4, 4, 3, 1, 1, 4, 3, 4, 2, 4, 2, 3, 2, 2, 0, 1, 1, 1, 2, 3, 2, 0, 2, 5, 1, 4, 3, 0, 3, 2, 3, 2, 3, 4, 2, 3, 2, 2, 2, 1, 2, 2, 2, 0, 1, 4, 2, 2, 2, 1, 2, 3, 3, 1, 2, 0, 4, 0, 0, 1, 1, 2, 0, 2, 2, 0, 2, 1, 3, 3, 2, 2, 2, 1, 0, 2, 0, 5, 1, 3, 2, 2, 3, 2, 2, 2, 1, 2, 3, 2, 3, 4, 3, 1, 1, 0, 4, 2, 2, 2, 2, 2, 3, 5, 1, 3, 1, 2, 1, 4, 2, 2, 1, 1, 2, 1, 3, 1, 4, 1, 1, 1, 2, 2, 2, 4, 2, 5, 2, 1, 2, 2, 3, 2, 2, 2, 1, 2, 2, 5, 1, 2, 2, 4, 0, 2, 3, 1, 1, 2, 1, 3, 2, 2, 1, 1, 1, 1, 1, 4, 0, 4, 2, 2, 2, 3, 4, 2, 2, 2, 3, 1, 2, 4, 1, 2, 2]",470,"[26.230613708496094, 25.617965698242188, 5.920184135437012, 59.44498062133789, 6.847627639770508, 12.301020622253418, 66.53318786621094, 68.70068359375, 36.8682746887207, 40.32774353027344, 21.221599578857422, 68.38772583007812, 29.234594345092773, 68.84156799316406, 62.678550720214844, 52.634952545166016, 58.907283782958984, 26.036762237548828, 50.870243072509766, 20.799545288085938, 63.78911209106445, 44.74028778076172, 57.77336883544922, 20.723312377929688, 47.343414306640625, 44.81633377075195, 27.90795135498047, 32.78513717651367, 66.28007507324219, 15.771886825561523, 25.477584838867188, 33.20292663574219, 42.911075592041016, 49.850433349609375, 29.582120895385742, 33.52532958984375, 29.270244598388672, 7.200857639312744, 77.8915023803711, 48.6345100402832, 21.25971031188965, 51.8245735168457, 37.71840286254883, 49.31904602050781, 23.74444580078125, 34.43413162231445, 49.457191467285156, 9.346941947937012, 22.18996810913086, 57.5355339050293, 38.89147186279297, 18.504974365234375, 64.1329345703125, 39.86239242553711, 23.475393295288086, 21.9909610748291, 64.12574005126953, 106.2159652709961, 31.671018600463867, 18.483665466308594, 72.48308563232422, 27.213397979736328, 4.230869770050049, 61.46735763549805, 61.60124588012695, 72.1688003540039, 7.852407455444336, 32.69218826293945, 14.578847885131836, 54.55714416503906, 30.924104690551758, 62.25474166870117, 10.023337364196777, 50.54007339477539, 4.758312702178955, 18.109498977661133, 19.056861877441406, 64.5337142944336, 75.54859161376953, 56.90799331665039, 20.226642608642578, 18.36326026916504, 5.561586380004883, 57.00690460205078, 55.38969421386719, 23.875001907348633, 74.43572235107422, 44.80172348022461, 55.458984375, 21.364412307739258, 15.8204984664917, 33.519283294677734, 14.737518310546875, 42.197349548339844, 2.6358935832977295, 52.98896789550781, 7.549854755401611, 36.85171890258789, 49.382225036621094, 23.90508270263672, 30.401010513305664, 50.301334381103516, 69.14490509033203, 31.371538162231445, 25.7590274810791, 57.502445220947266, 36.296165466308594, 27.738473892211914, 38.678863525390625, 10.356620788574219, 16.835596084594727, 1.4219775199890137, 68.96531677246094, 53.78193664550781, 23.020708084106445, 53.14967727661133, 49.15450668334961, 2.933143377304077, 34.698768615722656, 71.10594177246094, 28.728578567504883, 60.58632278442383, 39.243961334228516, 16.301048278808594, 6.507385730743408, 49.436824798583984, 96.2238540649414, 41.64838790893555, 46.309696197509766, 16.51911163330078, 5.120990753173828, 40.094810485839844, 54.184661865234375, 45.041587829589844, 71.17155456542969, 54.651554107666016, 35.282432556152344, 50.493961334228516, 10.272385597229004, 49.19866180419922, 68.82089233398438, 40.25617599487305, 53.34700012207031, 8.387502670288086, 56.45090866088867, 41.55744934082031, 61.879905700683594, 55.24020004272461, 27.1104736328125, 68.42568969726562, 37.13813400268555, 73.54020690917969, 29.707242965698242, 47.03578567504883, 11.936309814453125, 79.16634368896484, 46.65293502807617, 61.45148468017578, 83.03024291992188, 54.47265625, 43.415748596191406, 4.7621750831604, 73.4484634399414, 54.245704650878906, 99.20726776123047, 23.8983097076416, 64.50814819335938, 30.746826171875, 32.9051399230957, 13.840398788452148, 69.9913558959961, 23.968053817749023, 17.31686019897461, 27.698728561401367, 54.413734436035156, 63.04682922363281, 66.52809143066406, 39.009803771972656, 5.935662746429443, 71.64997863769531, 5.2835307121276855, 13.552865028381348, 18.1926212310791, 12.28160285949707, 45.72340774536133, 5.318027973175049, 67.21176147460938, 71.0357437133789, 30.751440048217773, 9.907251358032227, 10.184638977050781, 30.848398208618164, 67.3061752319336, 56.0230598449707, 9.632726669311523, 63.775699615478516, 21.147809982299805, 4.414510250091553, 69.45294189453125, 5.837591171264648, 21.547496795654297, 43.767574310302734, 16.830364227294922, 33.43846893310547, 22.431684494018555, 67.2230453491211, 11.160055160522461, 19.294538497924805, 47.780216217041016, 17.12188148498535, 41.764801025390625, 2.0316715240478516, 55.3084831237793, 4.608195781707764, 23.59200668334961, 54.413944244384766, 16.686851501464844, 31.20291519165039, 28.935686111450195, 3.2177886962890625, 42.330284118652344, 57.12834548950195, 22.15081214904785, 61.705562591552734, 58.415462493896484, 67.0090103149414, 64.30652618408203, 52.03611373901367, 6.566885948181152, 74.51995849609375, 13.230643272399902, 17.760234832763672, 24.509374618530273, 26.333698272705078, 40.085819244384766, 30.093360900878906, 5.320881366729736, 6.715920925140381, 67.71000671386719, 40.853416442871094, 44.40431594848633, 74.70172119140625, 61.700496673583984, 55.44017028808594, 0.4908473491668701, 44.591346740722656, 13.844490051269531, 37.43363571166992, 4.07965612411499, 18.504165649414062, 42.12013626098633, 36.91523742675781, 8.36121940612793, 57.91428756713867, 16.298067092895508, 37.34150314331055, 33.147247314453125, 3.518801212310791, 73.81436157226562, 31.6845760345459, 15.371978759765625, 36.566497802734375, 61.244728088378906, 25.505931854248047, 28.519874572753906, 33.12144470214844, 49.063350677490234, 20.455236434936523, 13.446765899658203, 73.33313751220703, 46.21174621582031, 20.8270263671875, 24.365877151489258, 42.079307556152344, 45.54478073120117, 48.914329528808594, 31.0913143157959, 122.74249267578125, 17.642101287841797, 13.748235702514648, 50.530052185058594, 40.10808563232422, 55.17989730834961, 37.88351821899414, 45.63408279418945, 149.1969451904297, 53.04671859741211, 2.618438720703125, 45.291236877441406, 68.44938659667969, 68.14404296875, 65.12796783447266, 29.307600021362305, 25.142536163330078, 59.84286117553711, 56.609283447265625, 22.47662353515625, 6.13948917388916, 76.81231689453125, 61.4622688293457, 46.370662689208984, 41.5560417175293, 33.306339263916016, 10.578991889953613, 51.08461380004883, 35.43312072753906, 18.41025733947754, 6.5573883056640625, 45.33209991455078, 26.868444442749023, 4.358794689178467, 51.372371673583984, 30.661537170410156, 41.171852111816406, 26.610788345336914, 81.22537231445312, 69.35746002197266, 13.095159530639648, 59.7571907043457, 30.134777069091797, 8.300004005432129, 40.74534606933594, 19.41869354248047, 49.348087310791016, 28.052858352661133, 77.2098159790039, 49.063533782958984, 39.4957275390625, 58.6019172668457, 48.97850036621094, 12.129962921142578, 82.22899627685547, 8.902631759643555, 28.915929794311523, 50.133872985839844, 22.09396743774414, 41.051422119140625, 31.420852661132812, 72.27005004882812, 19.231534957885742, 75.20276641845703, 16.874784469604492, 57.29608917236328, 51.04886245727539, 59.61927795410156, 10.4051513671875, 32.392494201660156, 31.329500198364258, 3.530083656311035, 67.92073822021484, 43.404483795166016, 16.614587783813477, 64.73982238769531, 7.818538665771484, 25.155641555786133, 6.076755523681641, 34.26488494873047, 74.97352600097656, 79.65467071533203, 39.69300842285156, 63.87789535522461, 52.51839828491211, 16.236087799072266, 69.6728286743164, 54.12836456298828, 15.723491668701172, 57.29417419433594, 5.848793983459473, 49.462249755859375, 37.94010543823242, 55.0323371887207, 86.26089477539062, 6.684814929962158, 29.955738067626953, 11.792202949523926, 47.9656982421875, 16.02858543395996, 65.57633209228516, 13.209181785583496, 42.09202194213867, 48.589515686035156, 30.863014221191406, 10.985627174377441, 39.84751510620117, 76.48306274414062, 64.67513275146484, 17.102699279785156, 3.4156429767608643, 23.8842830657959, 52.861572265625, 13.010383605957031, 66.92198181152344, 38.5329475402832, 4.843942165374756, 19.858118057250977, 30.295114517211914, 18.468748092651367, 17.802623748779297, 6.1526618003845215, 24.6510009765625, 51.091793060302734, 34.971431732177734, 7.229406356811523, 24.374855041503906, 60.30302810668945, 5.4168853759765625, 39.70981216430664, 42.1295166015625, 49.769412994384766, 43.01145553588867, 7.5333638191223145, 41.20017623901367, 62.396114349365234, 63.38230895996094, 30.763151168823242, 69.07015228271484, 67.63568115234375, 38.65693664550781, 76.14285278320312, 43.244407653808594, 35.43473434448242, 52.84821319580078, 17.08661651611328, 61.08086395263672, 31.960529327392578, 53.692073822021484, 41.725704193115234, 19.55491828918457, 27.865610122680664, 15.633458137512207, 59.750205993652344, 37.630855560302734, 77.15194702148438, 12.488831520080566, 27.168832778930664, 11.447579383850098, 23.72272300720215, 15.714635848999023, 59.384376525878906, 47.37105941772461, 6.191379547119141, 40.17228317260742, 138.13230895996094, 82.83415985107422, 54.4412841796875, 35.98408508300781, 52.497039794921875, 3.437060594558716, 10.803993225097656, 18.348901748657227, 48.425045013427734, 10.494516372680664, 20.40955352783203, 0.5173463225364685, 48.3169059753418, 59.04634094238281, 14.798365592956543, 41.59275817871094, 3.2323334217071533, 25.126995086669922, 54.728572845458984, 29.152908325195312, 48.73196792602539, 32.010868072509766, 49.072731018066406, 72.26122283935547, 69.3934555053711, 56.1805534362793, 57.671119689941406, 16.79914665222168]",2.0,"[24.0, 14.0, 7.0, 3.0, 5.0, 3.0, 6.0, 7.0, 3.0, 6.0, 3.0, 3.0, 3.0, 6.0, 3.0, 5.0, 1.0, 3.0, 3.0, 2.0, 2.0, 2.0, 1.0, 5.0, 4.0, 3.0, 1.0, 4.0, 5.0, 2.0, 4.0, 1.0, 1.0, 3.0, 0.0, 0.0, 1.0, 2.0, 2.0, 2.0, 4.0, 2.0, 4.0, 2.0, 1.0, 2.0, 2.0, 1.0, 0.0, 6.0, 0.0, 1.0, 2.0, 3.0, 2.0, 5.0, 4.0, 2.0, 1.0, 1.0, 2.0, 2.0, 2.0, 2.0, 3.0, 3.0, 2.0, 3.0, 3.0, 0.0, 0.0, 4.0, 2.0, 0.0, 2.0, 2.0, 2.0, 2.0, 2.0, 3.0, 2.0, 2.0, 1.0, 1.0, 1.0, 3.0, 4.0, 1.0, 2.0, 2.0, 1.0, 1.0, 2.0, 0.0, 1.0, 2.0, 2.0, 3.0, 1.0, 2.0, 2.0, 1.0, 2.0, 3.0, 1.0, 1.0, 2.0, 2.0, 0.0, 2.0, 1.0, 1.0, 1.0, 3.0, 2.0, 2.0, 1.0, 1.0, 1.0, 2.0, 2.0, 2.0, 4.0, 1.0, 2.0, 2.0, 2.0, 2.0, 3.0, 1.0, 1.0, 3.0, 2.0, 1.0, 4.0, 3.0, 2.0, 3.0, 1.0, 4.0, 3.0, 1.0, 2.0, 2.0, 3.0, 1.0, 3.0, 1.0, 3.0, 3.0, 0.0, 5.0, 1.0, 3.0, 1.0, 7.0, 1.0, 2.0, 1.0, 2.0, 2.0, 0.0, 0.0, 2.0, 0.0, 2.0, 4.0, 1.0, 1.0, 1.0, 0.0, 2.0, 4.0, 2.0, 3.0, 3.0, 1.0, 1.0, 1.0, 2.0, 3.0, 4.0, 2.0, 0.0, 3.0, 2.0, 4.0, 2.0, 2.0, 2.0, 2.0, 3.0, 2.0, 2.0, 2.0, 1.0, 1.0, 3.0, 2.0, 3.0, 2.0, 2.0, 2.0, 0.0, 0.0, 4.0, 1.0, 3.0, 3.0, 1.0, 0.0, 2.0, 3.0, 3.0, 1.0, 2.0, 2.0, 2.0, 1.0, 2.0, 2.0, 1.0, 2.0, 3.0, 2.0, 1.0, 2.0, 0.0, 4.0, 1.0, 3.0, 1.0, 2.0, 1.0, 5.0, 0.0, 2.0, 0.0, 0.0, 2.0, 1.0, 4.0, 3.0, 4.0, 0.0, 1.0, 2.0, 0.0, 4.0, 3.0, 2.0, 4.0, 1.0, 3.0, 2.0, 2.0, 5.0, 2.0, 2.0, 2.0, 2.0, 4.0, 1.0, 1.0, 2.0, 3.0, 2.0, 4.0, 2.0, 2.0, 2.0, 2.0, 2.0, 3.0, 2.0, 3.0, 2.0, 2.0, 2.0, 1.0, 0.0, 5.0, 0.0, 5.0, 1.0, 2.0, 7.0, 1.0, 4.0, 5.0, 2.0, 2.0, 5.0, 4.0, 4.0, 3.0, 1.0, 1.0, 4.0, 3.0, 4.0, 2.0, 4.0, 2.0, 3.0, 2.0, 2.0, 0.0, 1.0, 1.0, 1.0, 2.0, 3.0, 2.0, 0.0, 2.0, 5.0, 1.0, 4.0, 3.0, 0.0, 3.0, 2.0, 3.0, 2.0, 3.0, 4.0, 2.0, 3.0, 2.0, 2.0, 2.0, 1.0, 2.0, 2.0, 2.0, 0.0, 1.0, 4.0, 2.0, 2.0, 2.0, 1.0, 2.0, 3.0, 3.0, 1.0, 2.0, 0.0, 4.0, 0.0, 0.0, 1.0, 1.0, 2.0, 0.0, 2.0, 2.0, 0.0, 2.0, 1.0, 3.0, 3.0, 2.0, 2.0, 2.0, 1.0, 0.0, 2.0, 0.0, 5.0, 1.0, 3.0, 2.0, 2.0, 3.0, 2.0, 2.0, 2.0, 1.0, 2.0, 3.0, 2.0, 3.0, 4.0, 3.0, 1.0, 1.0, 0.0, 4.0, 2.0, 2.0, 2.0, 2.0, 2.0, 3.0, 5.0, 1.0, 3.0, 1.0, 2.0, 1.0, 4.0, 2.0, 2.0, 1.0, 1.0, 2.0, 1.0, 3.0, 1.0, 4.0, 1.0, 1.0, 1.0, 2.0, 2.0, 2.0, 4.0, 2.0, 5.0, 2.0, 1.0, 2.0, 2.0, 3.0, 2.0, 2.0, 2.0, 1.0, 2.0, 2.0, 5.0, 1.0, 2.0, 2.0, 4.0, 0.0, 2.0, 3.0, 1.0, 1.0, 2.0, 1.0, 3.0, 2.0, 2.0, 1.0, 1.0, 1.0, 1.0, 1.0, 4.0, 0.0, 4.0, 2.0, 2.0, 2.0, 3.0, 4.0, 2.0, 2.0, 2.0, 3.0, 1.0, 2.0, 4.0, 1.0, 2.0, 2.0]",COMPLETE
