,number,value,datetime_start,datetime_complete,duration,params_batch_size_scaler,params_constant_learning_rate,params_depth,params_epochs,params_kernel_l2,params_num_trees,params_temperature,user_attrs_accuracy_test,user_attrs_accuracy_valid,user_attrs_approximate_feature_sparsity,user_attrs_approximate_feature_sparsity_history,user_attrs_approximate_weight_sparsity,user_attrs_approximate_weight_sparsity_history,user_attrs_auc_test,user_attrs_auc_valid,user_attrs_feature_sparsity,user_attrs_feature_sparsity_history,user_attrs_num_epochs,user_attrs_val_loss_history,user_attrs_weight_sparsity,user_attrs_weight_sparsity_history,state
153,153,0.6088418286509255,2024-08-31 07:21:45.518341,2024-08-31 07:23:25.489832,0 days 00:01:39.971491,4,6.312555557124258,4,345,0.02020824304963511,37,0.0005932047155724298,0.852,0.8425,1,"[33, 21, 14, 14, 13, 13, 13, 13, 13, 13, 13, 13, 13, 13, 13, 13, 13, 13, 13, 13, 12, 12, 12, 12, 11, 11, 11, 11, 11, 11, 11, 11, 11, 10, 10, 10, 10, 10, 10, 10, 10, 10, 10, 10, 10, 10, 10, 10, 10, 10, 10, 10, 10, 10, 10, 10, 10, 10, 7, 7, 7, 7, 6, 6, 6, 6, 6, 6, 6, 6, 6, 6, 6, 6, 6, 6, 6, 6, 6, 6, 5, 5, 4, 4, 3, 2, 1, 1, 1, 1, 1, 1, 1, 1, 1, 1, 1, 1, 1, 1, 1, 1, 1, 1, 1, 1, 1, 1, 1, 1, 1, 1, 1, 1, 1, 1, 1, 1, 1, 1, 1, 1, 1, 1, 1, 1, 1, 1, 1, 1, 1, 1, 1, 1, 1, 1, 1, 1, 1, 1, 1, 1, 1, 1, 1, 1, 1, 1, 1, 1, 1, 1, 1, 1, 1, 1, 1, 1, 1, 1, 1, 1, 1, 1, 1, 1, 1, 1, 1, 1, 1, 1, 1, 1, 1, 1, 1, 1, 1, 1, 1, 1, 1, 1, 1, 1, 1, 1, 1, 1, 1, 1, 1, 1, 1, 1, 1, 1, 1, 1, 1, 1, 1, 1, 1, 1, 1, 1, 1, 1, 1, 1, 1, 1, 1, 1, 1, 1, 1, 1, 1, 1, 1, 1, 1, 1, 1, 1, 1, 1, 1, 1, 1, 1, 1, 1, 1, 1, 1, 1, 1, 1, 1, 1, 1, 1, 1, 1, 1, 1, 1, 1, 1, 1, 1, 1, 1, 1, 1, 1, 1, 1, 1, 1, 1, 1, 1, 1, 1, 1, 1, 1, 1, 1, 1, 1, 1, 1, 1, 1, 1, 1, 1, 1, 1, 1, 1, 1, 1, 1, 1, 1, 1, 1, 1, 1, 1, 1, 1, 1, 1, 1, 1, 1, 1, 1, 1, 1, 1, 1, 1, 1, 1, 1, 1, 1, 1, 1, 1, 1, 1, 1, 1, 1, 1, 1, 1, 1, 1, 1, 1, 1, 1, 1, 1, 1, 1, 1, 1, 1, 1, 1, 1, 1, 1]",0.3891891891891892,"[32.97117117117117, 20.974774774774776, 13.983783783783784, 13.992792792792791, 12.989189189189188, 12.987387387387388, 12.987387387387388, 12.994594594594593, 12.992792792792793, 12.994594594594593, 12.992792792792791, 12.99099099099099, 12.994594594594595, 12.992792792792791, 12.992792792792793, 12.983783783783784, 12.998198198198198, 12.99099099099099, 12.992792792792793, 12.996396396396396, 11.992792792792793, 11.994594594594595, 11.989189189189188, 11.99099099099099, 10.994594594594595, 10.983783783783785, 10.994594594594595, 10.994594594594595, 10.98918918918919, 10.99099099099099, 10.992792792792791, 10.992792792792791, 10.989189189189188, 9.98918918918919, 9.992792792792793, 9.983783783783785, 9.992792792792793, 9.996396396396396, 9.992792792792793, 9.98918918918919, 9.99099099099099, 9.98918918918919, 9.992792792792793, 9.983783783783784, 9.983783783783784, 9.985585585585586, 9.989189189189188, 9.99099099099099, 9.985585585585586, 9.99099099099099, 9.96936936936937, 9.981981981981983, 9.981981981981981, 9.987387387387388, 9.974774774774776, 9.976576576576576, 9.981981981981983, 9.976576576576576, 6.981981981981982, 6.990990990990991, 6.992792792792793, 6.992792792792793, 5.992792792792793, 5.992792792792793, 5.990990990990991, 5.989189189189189, 5.990990990990991, 5.989189189189189, 5.992792792792793, 5.987387387387388, 5.9837837837837835, 5.994594594594595, 5.992792792792793, 5.992792792792793, 5.996396396396396, 5.996396396396396, 5.996396396396396, 5.994594594594595, 5.994594594594595, 5.990990990990991, 4.996396396396396, 4.996396396396396, 3.9945945945945946, 3.992792792792793, 2.992792792792793, 1.9945945945945946, 0.9981981981981982, 1.0, 0.9981981981981982, 0.9981981981981982, 1.0, 0.9963963963963964, 0.9981981981981982, 0.9981981981981982, 0.9981981981981982, 0.9963963963963964, 1.0, 0.9963963963963964, 1.0, 0.9981981981981982, 1.0, 1.0, 1.0, 0.9981981981981982, 1.0, 0.9963963963963964, 1.0, 0.9981981981981982, 0.9981981981981982, 1.0, 0.9963963963963964, 0.9981981981981982, 0.9981981981981982, 0.9981981981981982, 0.9981981981981982, 0.9981981981981982, 0.9981981981981982, 0.9981981981981982, 0.9981981981981982, 0.9981981981981982, 0.9981981981981982, 0.9981981981981982, 0.9981981981981982, 0.9981981981981982, 0.9981981981981982, 0.9963963963963964, 0.9963963963963964, 0.9963963963963964, 0.9963963963963964, 0.9981981981981982, 0.9981981981981982, 0.9981981981981982, 0.9981981981981982, 0.9981981981981982, 0.9981981981981982, 0.9963963963963964, 0.9963963963963964, 0.9963963963963964, 0.9963963963963964, 0.9963963963963964, 0.9963963963963964, 0.9963963963963964, 0.9963963963963964, 0.9963963963963964, 0.9963963963963964, 0.9963963963963964, 0.9963963963963964, 0.9963963963963964, 0.9963963963963964, 0.9963963963963964, 0.9945945945945946, 0.9945945945945946, 0.9945945945945946, 0.9945945945945946, 0.9945945945945946, 0.990990990990991, 0.990990990990991, 0.990990990990991, 0.990990990990991, 0.990990990990991, 0.9927927927927928, 0.990990990990991, 0.9891891891891892, 0.9891891891891892, 0.9873873873873874, 0.9837837837837838, 0.9837837837837838, 0.9819819819819819, 0.9819819819819819, 0.9801801801801802, 0.9801801801801802, 0.9783783783783784, 0.9783783783783784, 0.9765765765765766, 0.9765765765765766, 0.9765765765765766, 0.9765765765765766, 0.9765765765765766, 0.9765765765765766, 0.9747747747747748, 0.9747747747747748, 0.9747747747747748, 0.9747747747747748, 0.972972972972973, 0.972972972972973, 0.972972972972973, 0.9711711711711711, 0.9711711711711711, 0.9693693693693693, 0.9693693693693693, 0.9693693693693693, 0.9693693693693693, 0.9675675675675676, 0.9675675675675676, 0.9675675675675676, 0.9675675675675676, 0.9675675675675676, 0.9657657657657658, 0.9657657657657658, 0.9657657657657658, 0.9621621621621622, 0.9621621621621622, 0.9621621621621622, 0.9585585585585585, 0.9585585585585585, 0.954954954954955, 0.9513513513513514, 0.9495495495495495, 0.9495495495495495, 0.9495495495495495, 0.9477477477477477, 0.9477477477477477, 0.9459459459459459, 0.9405405405405406, 0.9405405405405406, 0.9351351351351351, 0.9333333333333333, 0.9333333333333333, 0.9333333333333333, 0.9333333333333333, 0.9297297297297298, 0.9279279279279279, 0.9261261261261261, 0.9243243243243243, 0.9225225225225225, 0.9225225225225225, 0.918918918918919, 0.9171171171171171, 0.9153153153153153, 0.9117117117117117, 0.9117117117117117, 0.9081081081081082, 0.9009009009009009, 0.9027027027027027, 0.8936936936936937, 0.8936936936936937, 0.8918918918918919, 0.8900900900900901, 0.8882882882882883, 0.8882882882882883, 0.8864864864864865, 0.8828828828828829, 0.8774774774774775, 0.872072072072072, 0.8666666666666667, 0.8576576576576577, 0.8558558558558559, 0.8522522522522522, 0.8468468468468469, 0.8432432432432433, 0.8396396396396396, 0.8396396396396396, 0.8396396396396396, 0.836036036036036, 0.8306306306306306, 0.8288288288288288, 0.8252252252252252, 0.8234234234234235, 0.8234234234234235, 0.8198198198198198, 0.8198198198198198, 0.8198198198198198, 0.8198198198198198, 0.8162162162162162, 0.8144144144144144, 0.8108108108108109, 0.8072072072072072, 0.8036036036036036, 0.8, 0.790990990990991, 0.7873873873873873, 0.7837837837837838, 0.7801801801801802, 0.7783783783783784, 0.7747747747747747, 0.7711711711711712, 0.7693693693693694, 0.7657657657657657, 0.7585585585585586, 0.7549549549549549, 0.7477477477477478, 0.7477477477477478, 0.7405405405405405, 0.7405405405405405, 0.7351351351351352, 0.7279279279279279, 0.7279279279279279, 0.7261261261261261, 0.7243243243243244, 0.7207207207207207, 0.7153153153153153, 0.7099099099099099, 0.7063063063063063, 0.7009009009009008, 0.6990990990990991, 0.6936936936936937, 0.6882882882882883, 0.6828828828828829, 0.6774774774774774, 0.6684684684684684, 0.6612612612612613, 0.654054054054054, 0.6522522522522523, 0.6486486486486487, 0.6414414414414414, 0.6360360360360361, 0.6342342342342342, 0.6270270270270271, 0.618018018018018, 0.6144144144144145, 0.6126126126126126, 0.6054054054054054, 0.5981981981981982, 0.5927927927927928, 0.581981981981982, 0.5801801801801801, 0.5765765765765766, 0.5693693693693693, 0.5621621621621622, 0.5531531531531532, 0.5459459459459459, 0.5405405405405406, 0.5333333333333333, 0.5297297297297298, 0.5243243243243243, 0.518918918918919, 0.5081081081081081, 0.4918918918918919, 0.4882882882882883, 0.4882882882882883, 0.4864864864864865, 0.4702702702702703, 0.46846846846846846, 0.4666666666666667, 0.4594594594594595, 0.45585585585585586, 0.45585585585585586, 0.436036036036036, 0.43423423423423424, 0.42342342342342343, 0.418018018018018, 0.4072072072072072, 0.3945945945945946, 0.3927927927927928, 0.3891891891891892]",0.6144865793145584,0.6088418286509255,1,"[33, 21, 14, 14, 13, 13, 13, 13, 13, 13, 13, 13, 13, 13, 13, 13, 13, 13, 13, 13, 12, 12, 12, 12, 11, 11, 11, 11, 11, 11, 11, 11, 11, 10, 10, 10, 10, 10, 10, 10, 10, 10, 10, 10, 10, 10, 10, 10, 10, 10, 10, 10, 10, 10, 10, 10, 10, 10, 7, 7, 7, 7, 6, 6, 6, 6, 6, 6, 6, 6, 6, 6, 6, 6, 6, 6, 6, 6, 6, 6, 5, 5, 4, 4, 3, 2, 1, 1, 1, 1, 1, 1, 1, 1, 1, 1, 1, 1, 1, 1, 1, 1, 1, 1, 1, 1, 1, 1, 1, 1, 1, 1, 1, 1, 1, 1, 1, 1, 1, 1, 1, 1, 1, 1, 1, 1, 1, 1, 1, 1, 1, 1, 1, 1, 1, 1, 1, 1, 1, 1, 1, 1, 1, 1, 1, 1, 1, 1, 1, 1, 1, 1, 1, 1, 1, 1, 1, 1, 1, 1, 1, 1, 1, 1, 1, 1, 1, 1, 1, 1, 1, 1, 1, 1, 1, 1, 1, 1, 1, 1, 1, 1, 1, 1, 1, 1, 1, 1, 1, 1, 1, 1, 1, 1, 1, 1, 1, 1, 1, 1, 1, 1, 1, 1, 1, 1, 1, 1, 1, 1, 1, 1, 1, 1, 1, 1, 1, 1, 1, 1, 1, 1, 1, 1, 1, 1, 1, 1, 1, 1, 1, 1, 1, 1, 1, 1, 1, 1, 1, 1, 1, 1, 1, 1, 1, 1, 1, 1, 1, 1, 1, 1, 1, 1, 1, 1, 1, 1, 1, 1, 1, 1, 1, 1, 1, 1, 1, 1, 1, 1, 1, 1, 1, 1, 1, 1, 1, 1, 1, 1, 1, 1, 1, 1, 1, 1, 1, 1, 1, 1, 1, 1, 1, 1, 1, 1, 1, 1, 1, 1, 1, 1, 1, 1, 1, 1, 1, 1, 1, 1, 1, 1, 1, 1, 1, 1, 1, 1, 1, 1, 1, 1, 1, 1, 1, 1, 1, 1, 1, 1, 1, 1, 1, 1, 1, 1, 1, 1, 1, 1, 1, 1, 1, 1, 1]",345,"[0.3618389368057251, 0.28086143732070923, 0.37863537669181824, 0.32876455783843994, 0.3043452799320221, 0.2920163869857788, 0.23145438730716705, 0.22418272495269775, 0.27243277430534363, 0.2175011783838272, 0.23488745093345642, 0.22157566249370575, 0.2185717523097992, 0.21407991647720337, 0.24788746237754822, 0.2479325234889984, 0.27493542432785034, 0.2156512439250946, 0.21142563223838806, 0.2612919509410858, 0.21662630140781403, 0.25243571400642395, 0.21987192332744598, 0.2600000500679016, 0.20544235408306122, 0.3567112684249878, 0.20909814536571503, 0.20704732835292816, 0.2180648297071457, 0.247561976313591, 0.2734275162220001, 0.2552065849304199, 0.2832963466644287, 0.22966690361499786, 0.2127850353717804, 0.2530398964881897, 0.21240077912807465, 0.21586951613426208, 0.28719303011894226, 0.2827818989753723, 0.20622961223125458, 0.2178420126438141, 0.2556115984916687, 0.25141972303390503, 0.20534515380859375, 0.24837757647037506, 0.223292276263237, 0.21290497481822968, 0.21178379654884338, 0.24575823545455933, 0.22358593344688416, 0.22216108441352844, 0.2599872648715973, 0.2524755597114563, 0.4329462945461273, 0.3702513873577118, 0.20999093353748322, 0.24160856008529663, 1.293992519378662, 0.9545911550521851, 0.4189935028553009, 0.8709657192230225, 1.5817298889160156, 1.3895930051803589, 0.46866223216056824, 0.5188229084014893, 0.37734919786453247, 1.0422834157943726, 1.2053624391555786, 0.3537507951259613, 0.3466048538684845, 0.40810471773147583, 0.364915668964386, 0.3662269711494446, 0.45701363682746887, 0.5161464810371399, 0.5840131640434265, 0.3856014907360077, 1.4092222452163696, 0.541329026222229, 1.0955616235733032, 0.3715951442718506, 0.3869149684906006, 0.4109703302383423, 0.4149632155895233, 0.7217841148376465, 2.1024365425109863, 0.4243322014808655, 0.8190980553627014, 1.9493768215179443, 0.4395643472671509, 0.3943292498588562, 0.4883451461791992, 1.536999225616455, 0.44993263483047485, 1.620365858078003, 0.8903945684432983, 0.5716105699539185, 0.40681788325309753, 0.542855978012085, 0.5143678188323975, 1.7066649198532104, 0.42273640632629395, 1.5941672325134277, 1.1557000875473022, 0.4293631315231323, 0.6384608745574951, 0.5840899348258972, 0.3937406837940216, 0.9217715263366699, 1.813485860824585, 1.9563779830932617, 0.457367867231369, 0.9910575747489929, 0.5436754822731018, 1.386281132698059, 0.4475984275341034, 1.5498520135879517, 0.4178173542022705, 0.41489487886428833, 0.4918675124645233, 0.9430301785469055, 0.4766329824924469, 0.3996390998363495, 0.630841076374054, 0.4317200183868408, 0.7493773698806763, 0.5987589955329895, 2.629257917404175, 0.4344600737094879, 0.4599120020866394, 0.5429248213768005, 0.6402449607849121, 1.4658715724945068, 0.577315092086792, 0.49415069818496704, 0.8873531818389893, 0.4630241394042969, 0.41599041223526, 0.5445541143417358, 1.1269739866256714, 0.4414338767528534, 0.5283997654914856, 0.5904735326766968, 1.2740089893341064, 0.9857097864151001, 0.3966481685638428, 0.6324352622032166, 0.4331054389476776, 1.0826197862625122, 0.5413402318954468, 0.4927152395248413, 0.8165931105613708, 0.42447394132614136, 1.8359227180480957, 1.328442096710205, 0.5833652019500732, 1.175459861755371, 0.4242130517959595, 1.1722413301467896, 0.42961546778678894, 0.3948183059692383, 0.5883632302284241, 0.8002845048904419, 0.6009687185287476, 2.2745330333709717, 0.4737088084220886, 0.8583909869194031, 1.4987901449203491, 0.44512471556663513, 0.43383312225341797, 0.4234080910682678, 1.408411979675293, 0.4027864933013916, 0.528403103351593, 0.4412325322628021, 0.389870822429657, 2.2673990726470947, 0.6541082262992859, 0.39197468757629395, 0.4047667980194092, 0.6982424259185791, 2.289207696914673, 0.410970538854599, 2.132533311843872, 0.7253488302230835, 1.8431018590927124, 1.5266255140304565, 1.9948087930679321, 0.3938671946525574, 0.6136036515235901, 0.6900789141654968, 0.42352747917175293, 2.215444564819336, 1.115950584411621, 1.3467183113098145, 0.4113859236240387, 0.7806048393249512, 0.5978721976280212, 0.5290777683258057, 0.8374636769294739, 1.0535731315612793, 0.3840319812297821, 0.5702208280563354, 0.43268585205078125, 1.2317290306091309, 0.5140788555145264, 0.9110555052757263, 0.4938623011112213, 0.6683252453804016, 0.5167800784111023, 0.6424999237060547, 1.3633145093917847, 0.48846670985221863, 0.42348340153694153, 0.9096443057060242, 0.8909152150154114, 0.8557261824607849, 0.4046328663825989, 0.4945146441459656, 0.6727128028869629, 0.42678046226501465, 0.5149012207984924, 0.4789195656776428, 0.48488956689834595, 1.0579394102096558, 0.9328585863113403, 0.38728728890419006, 0.45735034346580505, 1.5156140327453613, 0.7044901251792908, 1.2570195198059082, 0.8902465105056763, 1.095171332359314, 1.222949743270874, 0.58921217918396, 1.2858474254608154, 0.4327785074710846, 1.4513468742370605, 0.3978455662727356, 0.41796788573265076, 0.525545060634613, 1.4591879844665527, 0.43313053250312805, 0.9764801859855652, 0.5339051485061646, 0.49763935804367065, 0.397579550743103, 0.7871645092964172, 0.44037091732025146, 1.0768486261367798, 0.4970751106739044, 1.5657610893249512, 0.7016401886940002, 0.8424221873283386, 1.2751498222351074, 0.7625505328178406, 0.39216968417167664, 0.6499696969985962, 1.6505382061004639, 0.42534229159355164, 1.5501574277877808, 0.5559122562408447, 0.9442784190177917, 0.5749574899673462, 2.128309488296509, 1.6546947956085205, 0.7810587882995605, 1.4299544095993042, 0.4311104118824005, 0.42306405305862427, 0.6458662152290344, 0.43123215436935425, 0.474679559469223, 1.6366583108901978, 0.4914088547229767, 0.5244033932685852, 1.5713717937469482, 0.449794203042984, 0.4514743387699127, 0.42884591221809387, 0.39305540919303894, 0.4599900543689728, 0.8218100666999817, 0.39791378378868103, 0.38488316535949707, 0.5464192032814026, 0.5745064616203308, 0.5271443128585815, 1.090578556060791, 0.4270417392253876, 1.9293078184127808, 0.5254721641540527, 1.0099378824234009, 0.446859747171402, 0.9130815267562866, 0.4681714177131653, 1.8732469081878662, 0.39878013730049133, 1.3530185222625732, 1.3714054822921753, 0.9483877420425415, 1.3044036626815796, 0.5020645260810852, 0.5901234149932861, 0.5383751392364502, 0.40117278695106506, 1.7490543127059937, 0.481355220079422, 1.2579455375671387, 0.5725455284118652, 0.78083336353302, 0.4565407931804657, 0.42526283860206604, 0.40847718715667725, 0.47949787974357605, 0.8516156673431396, 0.42330074310302734, 0.8087956309318542, 0.4912397861480713, 1.3844257593154907, 0.45210781693458557, 1.8452562093734741, 0.43614888191223145, 1.4698959589004517, 0.41417229175567627, 1.16110360622406, 0.5094733834266663, 0.5601673126220703, 0.42655810713768005, 0.6438167691230774, 1.2414445877075195, 0.8820345997810364, 1.5284496545791626, 1.9733549356460571, 0.5825177431106567, 0.6442952156066895, 1.987215518951416, 0.40752261877059937, 0.4208877682685852, 0.46861031651496887, 0.4095928966999054, 0.49923670291900635, 0.46763402223587036, 0.6518192887306213]",1.0,"[33.0, 21.0, 14.0, 14.0, 13.0, 13.0, 13.0, 13.0, 13.0, 13.0, 13.0, 13.0, 13.0, 13.0, 13.0, 13.0, 13.0, 13.0, 13.0, 13.0, 12.0, 12.0, 12.0, 12.0, 11.0, 11.0, 11.0, 11.0, 11.0, 11.0, 11.0, 11.0, 11.0, 10.0, 10.0, 10.0, 10.0, 10.0, 10.0, 10.0, 10.0, 10.0, 10.0, 10.0, 10.0, 10.0, 10.0, 10.0, 10.0, 10.0, 10.0, 10.0, 10.0, 10.0, 10.0, 10.0, 10.0, 10.0, 7.0, 7.0, 7.0, 7.0, 6.0, 6.0, 6.0, 6.0, 6.0, 6.0, 6.0, 6.0, 6.0, 6.0, 6.0, 6.0, 6.0, 6.0, 6.0, 6.0, 6.0, 6.0, 5.0, 5.0, 4.0, 4.0, 3.0, 2.0, 1.0, 1.0, 1.0, 1.0, 1.0, 1.0, 1.0, 1.0, 1.0, 1.0, 1.0, 1.0, 1.0, 1.0, 1.0, 1.0, 1.0, 1.0, 1.0, 1.0, 1.0, 1.0, 1.0, 1.0, 1.0, 1.0, 1.0, 1.0, 1.0, 1.0, 1.0, 1.0, 1.0, 1.0, 1.0, 1.0, 1.0, 1.0, 1.0, 1.0, 1.0, 1.0, 1.0, 1.0, 1.0, 1.0, 1.0, 1.0, 1.0, 1.0, 1.0, 1.0, 1.0, 1.0, 1.0, 1.0, 1.0, 1.0, 1.0, 1.0, 1.0, 1.0, 1.0, 1.0, 1.0, 1.0, 1.0, 1.0, 1.0, 1.0, 1.0, 1.0, 1.0, 1.0, 1.0, 1.0, 1.0, 1.0, 1.0, 1.0, 1.0, 1.0, 1.0, 1.0, 1.0, 1.0, 1.0, 1.0, 1.0, 1.0, 1.0, 1.0, 1.0, 1.0, 1.0, 1.0, 1.0, 1.0, 1.0, 1.0, 1.0, 1.0, 1.0, 1.0, 1.0, 1.0, 1.0, 1.0, 1.0, 1.0, 1.0, 1.0, 1.0, 1.0, 1.0, 1.0, 1.0, 1.0, 1.0, 1.0, 1.0, 1.0, 1.0, 1.0, 1.0, 1.0, 1.0, 1.0, 1.0, 1.0, 1.0, 1.0, 1.0, 1.0, 1.0, 1.0, 1.0, 1.0, 1.0, 1.0, 1.0, 1.0, 1.0, 1.0, 1.0, 1.0, 1.0, 1.0, 1.0, 1.0, 1.0, 1.0, 1.0, 1.0, 1.0, 1.0, 1.0, 1.0, 1.0, 1.0, 1.0, 1.0, 1.0, 1.0, 1.0, 1.0, 1.0, 1.0, 1.0, 1.0, 1.0, 1.0, 1.0, 1.0, 1.0, 1.0, 1.0, 1.0, 1.0, 1.0, 1.0, 1.0, 1.0, 1.0, 1.0, 1.0, 1.0, 1.0, 1.0, 1.0, 1.0, 1.0, 1.0, 1.0, 1.0, 1.0, 1.0, 1.0, 1.0, 1.0, 1.0, 1.0, 1.0, 1.0, 1.0, 1.0, 1.0, 1.0, 1.0, 1.0, 1.0, 1.0, 1.0, 1.0, 1.0, 1.0, 1.0, 1.0, 1.0, 1.0, 1.0, 1.0, 1.0, 1.0, 1.0, 1.0, 1.0, 1.0, 1.0, 1.0, 1.0, 1.0, 1.0, 1.0, 1.0, 1.0, 1.0, 1.0, 1.0, 1.0, 1.0, 1.0, 1.0, 1.0, 1.0, 1.0, 1.0, 1.0, 1.0, 1.0, 1.0, 1.0, 1.0, 1.0, 1.0, 1.0, 1.0, 1.0, 1.0]",COMPLETE
154,154,0.7064317089822365,2024-08-31 07:23:28.441815,2024-08-31 07:24:16.683864,0 days 00:00:48.242049,4,0.05727344589260095,6,35,0.5532733264315906,39,0.00014357526474764753,0.865,0.865,33,"[33, 33, 33, 33, 33, 33, 33, 33, 33, 33, 33, 33, 33, 33, 33, 33, 33, 33, 33, 33, 33, 33, 33, 33, 33, 33, 33, 33, 33, 33, 33, 33, 33, 33, 33]",32.92226292226292,"[32.93365893365893, 32.93121693121693, 32.926332926332925, 32.93528693528694, 32.927960927960925, 32.932437932437935, 32.92999592999593, 32.92714692714693, 32.92063492063492, 32.92185592185592, 32.92796092796093, 32.924297924297925, 32.922262922262924, 32.92104192104192, 32.92185592185592, 32.930402930402934, 32.93365893365893, 32.93325193325193, 32.927960927960925, 32.932437932437935, 32.93610093610094, 32.93325193325194, 32.94139194139194, 32.93732193732194, 32.934472934472936, 32.92999592999593, 32.93080993080993, 32.93528693528694, 32.93162393162393, 32.92918192918193, 32.926332926332925, 32.925925925925924, 32.92673992673993, 32.91982091982092, 32.92226292226292]",0.7424103567565783,0.7064317089822365,33,"[33, 33, 33, 33, 33, 33, 33, 33, 33, 33, 33, 33, 33, 33, 33, 33, 33, 33, 33, 33, 33, 33, 33, 33, 33, 33, 33, 33, 33, 33, 33, 33, 33, 33, 33]",35,"[0.4758484661579132, 0.4295915365219116, 0.4164493978023529, 0.41074395179748535, 0.40711769461631775, 0.4044800102710724, 0.40223926305770874, 0.40025588870048523, 0.39850327372550964, 0.3968794345855713, 0.3954234719276428, 0.39407575130462646, 0.3928300738334656, 0.39167025685310364, 0.3905796706676483, 0.38957682251930237, 0.3886539041996002, 0.387787789106369, 0.38695576786994934, 0.3861938416957855, 0.3854340612888336, 0.3847306966781616, 0.3840785324573517, 0.3834291696548462, 0.3827827572822571, 0.382162868976593, 0.38157787919044495, 0.38102084398269653, 0.3804764449596405, 0.3799192011356354, 0.3793974816799164, 0.3788779377937317, 0.37836065888404846, 0.3778943121433258, 0.3773912489414215]",33.0,"[33.0, 33.0, 33.0, 33.0, 33.0, 33.0, 33.0, 33.0, 33.0, 33.0, 33.0, 33.0, 33.0, 33.0, 33.0, 33.0, 33.0, 33.0, 33.0, 33.0, 33.0, 33.0, 33.0, 33.0, 33.0, 33.0, 33.0, 33.0, 33.0, 33.0, 33.0, 33.0, 33.0, 33.0, 33.0]",COMPLETE
