,number,value,datetime_start,datetime_complete,duration,params_batch_size_scaler,params_constant_learning_rate,params_depth,params_epochs,params_kernel_l2,params_num_trees,params_temperature,user_attrs_accuracy_test,user_attrs_accuracy_valid,user_attrs_approximate_feature_sparsity,user_attrs_approximate_feature_sparsity_history,user_attrs_approximate_weight_sparsity,user_attrs_approximate_weight_sparsity_history,user_attrs_auc_test,user_attrs_auc_valid,user_attrs_feature_sparsity,user_attrs_feature_sparsity_history,user_attrs_num_epochs,user_attrs_val_loss_history,user_attrs_weight_sparsity,user_attrs_weight_sparsity_history,state
90,90,0.8693176694877046,2024-08-31 04:11:34.257314,2024-08-31 04:16:51.320233,0 days 00:05:17.062919,4,9.554431415078671,5,295,0.07638760062635769,100,0.0015030253401163267,0.903,0.91125,7,"[10, 8, 7, 7, 7, 7, 7, 7, 7, 7, 7, 7, 7, 7, 7, 7, 7, 7, 7, 7, 7, 7, 7, 7, 7, 7, 7, 7, 7, 7, 7, 7, 7, 7, 7, 7, 7, 7, 7, 7, 7, 7, 7, 7, 7, 7, 7, 7, 7, 7, 7, 7, 7, 7, 7, 7, 7, 7, 7, 7, 7, 7, 7, 7, 7, 7, 7, 7, 7, 7, 7, 7, 7, 7, 7, 7, 7, 7, 7, 7, 7, 7, 7, 7, 7, 7, 7, 7, 7, 7, 7, 7, 7, 7, 7, 7, 7, 7, 7, 7, 7, 7, 7, 7, 7, 7, 7, 7, 7, 7, 7, 7, 7, 7, 7, 7, 7, 7, 7, 7, 7, 7, 7, 7, 7, 7, 7, 7, 7, 7, 7, 7, 7, 7, 7, 7, 7, 7, 7, 7, 7, 7, 7, 7, 7, 7, 7, 7, 7, 7, 7, 7, 7, 7, 7, 7, 7, 7, 7, 7, 7, 7, 7, 7, 7, 7, 7, 7, 7, 7, 7, 7, 7, 7, 7, 7, 7, 7, 7, 7, 7, 7, 7, 7, 7, 7, 7, 7, 7, 7, 7, 7, 7, 7, 7, 7, 7, 7, 7, 7, 7, 7, 7, 7, 7, 7, 7, 7, 7, 7, 7, 7, 7, 7, 7, 7, 7, 7, 7, 7, 7, 7, 7, 7, 7, 7, 7, 7, 7, 7, 7, 7, 7, 7, 7, 7, 7, 7, 7, 7, 7, 7, 7, 7, 7, 7, 7, 7, 7, 7, 7, 7, 7, 7, 7, 7, 7, 7, 7, 7, 7, 7, 7, 7, 7, 7, 7, 7, 7, 7, 7, 7, 7, 7, 7, 7, 7, 7, 7, 7, 7, 7, 7, 7, 7, 7, 7, 7, 7, 7, 7, 7, 7, 7, 7]",5.27,"[9.983548387096775, 7.9880645161290325, 6.99, 6.994193548387097, 6.990645161290323, 6.991612903225806, 6.991290322580644, 6.992903225806451, 6.992903225806452, 6.9880645161290325, 6.990322580645161, 6.991290322580645, 6.99225806451613, 6.99, 6.991290322580645, 6.990645161290322, 6.990645161290323, 6.991290322580645, 6.990967741935483, 6.990645161290322, 6.9883870967741935, 6.991612903225806, 6.991612903225806, 6.990322580645161, 6.992580645161291, 6.991935483870969, 6.991290322580646, 6.99, 6.98741935483871, 6.990322580645161, 6.991612903225806, 6.988387096774193, 6.990967741935483, 6.987741935483871, 6.988709677419355, 6.983548387096775, 6.987096774193548, 6.989354838709677, 6.986774193548388, 6.985806451612904, 6.986774193548388, 6.986774193548388, 6.98516129032258, 6.986451612903226, 6.986451612903226, 6.981612903225807, 6.985161290322581, 6.98258064516129, 6.986129032258065, 6.98258064516129, 6.982258064516129, 6.985806451612903, 6.984516129032258, 6.983548387096774, 6.982903225806451, 6.980645161290322, 6.983870967741935, 6.981290322580645, 6.981935483870968, 6.974838709677419, 6.976774193548387, 6.980322580645161, 6.980967741935484, 6.9799999999999995, 6.982258064516129, 6.981612903225806, 6.981935483870967, 6.980967741935484, 6.9803225806451605, 6.975806451612903, 6.975483870967742, 6.9722580645161285, 6.97741935483871, 6.977096774193549, 6.970322580645161, 6.976129032258064, 6.973548387096774, 6.9712903225806455, 6.976774193548387, 6.978387096774194, 6.973870967741936, 6.971935483870968, 6.972903225806452, 6.972258064516129, 6.969677419354838, 6.975806451612903, 6.970645161290323, 6.9722580645161285, 6.9716129032258065, 6.968064516129032, 6.968387096774193, 6.970645161290323, 6.970967741935484, 6.9638709677419355, 6.965483870967741, 6.969354838709678, 6.96741935483871, 6.9712903225806455, 6.967741935483871, 6.962903225806452, 6.962903225806452, 6.9632258064516135, 6.967741935483871, 6.963225806451613, 6.961935483870968, 6.961935483870968, 6.965483870967742, 6.960645161290323, 6.961935483870968, 6.959354838709678, 6.962580645161291, 6.958064516129031, 6.958709677419355, 6.959677419354838, 6.958709677419355, 6.954516129032258, 6.952903225806451, 6.95225806451613, 6.953870967741937, 6.950322580645161, 6.954516129032258, 6.955161290322581, 6.949032258064516, 6.951612903225807, 6.944516129032258, 6.940967741935484, 6.940645161290322, 6.948387096774193, 6.943225806451613, 6.937741935483871, 6.937741935483872, 6.9322580645161285, 6.935483870967742, 6.934193548387097, 6.938064516129032, 6.9306451612903235, 6.929032258064516, 6.9238709677419354, 6.931935483870968, 6.927096774193548, 6.920322580645161, 6.921935483870968, 6.918709677419355, 6.92032258064516, 6.910322580645161, 6.91258064516129, 6.911935483870967, 6.914193548387097, 6.906451612903226, 6.906129032258065, 6.901290322580644, 6.902258064516129, 6.901290322580645, 6.908387096774193, 6.910322580645162, 6.906451612903226, 6.909677419354839, 6.901612903225806, 6.904193548387096, 6.898709677419355, 6.902258064516129, 6.8987096774193555, 6.8993548387096775, 6.89258064516129, 6.891935483870968, 6.888064516129033, 6.887419354838711, 6.880967741935484, 6.886774193548388, 6.868709677419355, 6.8758064516129025, 6.880322580645161, 6.866774193548387, 6.878709677419355, 6.877741935483872, 6.878387096774194, 6.870322580645162, 6.851612903225806, 6.862903225806451, 6.858709677419355, 6.857096774193549, 6.855806451612903, 6.844516129032257, 6.8425806451612905, 6.839032258064516, 6.830967741935484, 6.82516129032258, 6.820967741935483, 6.809677419354839, 6.806774193548387, 6.8022580645161295, 6.799354838709677, 6.811935483870968, 6.789354838709677, 6.80258064516129, 6.78741935483871, 6.791935483870968, 6.7790322580645155, 6.783870967741936, 6.775483870967742, 6.772258064516129, 6.773548387096774, 6.768064516129032, 6.756774193548387, 6.752580645161291, 6.749032258064516, 6.74, 6.73, 6.734516129032258, 6.7054838709677425, 6.695806451612903, 6.678064516129032, 6.669354838709677, 6.666774193548386, 6.658064516129032, 6.630322580645161, 6.658064516129032, 6.623548387096775, 6.636774193548387, 6.642258064516128, 6.625483870967742, 6.624193548387097, 6.62, 6.616451612903226, 6.603225806451613, 6.607096774193549, 6.596129032258064, 6.582903225806452, 6.6003225806451615, 6.579354838709677, 6.56483870967742, 6.543548387096774, 6.530322580645161, 6.524193548387098, 6.518064516129033, 6.508064516129032, 6.494516129032258, 6.501612903225807, 6.458064516129032, 6.437741935483871, 6.428709677419356, 6.3999999999999995, 6.420967741935484, 6.40483870967742, 6.389677419354839, 6.368064516129032, 6.358064516129033, 6.340645161290323, 6.330322580645161, 6.328709677419355, 6.339032258064516, 6.306774193548387, 6.28225806451613, 6.251612903225807, 6.236451612903226, 6.257096774193549, 6.2461290322580645, 6.227741935483872, 6.200645161290322, 6.1899999999999995, 6.160322580645162, 6.137741935483871, 6.123870967741936, 6.136774193548387, 6.116451612903226, 6.104516129032258, 6.075483870967742, 6.073870967741935, 6.023870967741935, 5.980967741935484, 5.9467741935483875, 5.92516129032258, 5.832903225806453, 5.833870967741936, 5.791935483870968, 5.744838709677419, 5.709354838709677, 5.68, 5.670322580645161, 5.67516129032258, 5.658064516129032, 5.601612903225806, 5.563548387096774, 5.557419354838709, 5.458709677419354, 5.38741935483871, 5.35741935483871, 5.412580645161291, 5.3187096774193545, 5.404193548387097, 5.300322580645162, 5.271290322580645, 5.293225806451614, 5.203870967741936, 5.27]",0.8667013433069957,0.8693176694877046,7,"[10, 8, 7, 7, 7, 7, 7, 7, 7, 7, 7, 7, 7, 7, 7, 7, 7, 7, 7, 7, 7, 7, 7, 7, 7, 7, 7, 7, 7, 7, 7, 7, 7, 7, 7, 7, 7, 7, 7, 7, 7, 7, 7, 7, 7, 7, 7, 7, 7, 7, 7, 7, 7, 7, 7, 7, 7, 7, 7, 7, 7, 7, 7, 7, 7, 7, 7, 7, 7, 7, 7, 7, 7, 7, 7, 7, 7, 7, 7, 7, 7, 7, 7, 7, 7, 7, 7, 7, 7, 7, 7, 7, 7, 7, 7, 7, 7, 7, 7, 7, 7, 7, 7, 7, 7, 7, 7, 7, 7, 7, 7, 7, 7, 7, 7, 7, 7, 7, 7, 7, 7, 7, 7, 7, 7, 7, 7, 7, 7, 7, 7, 7, 7, 7, 7, 7, 7, 7, 7, 7, 7, 7, 7, 7, 7, 7, 7, 7, 7, 7, 7, 7, 7, 7, 7, 7, 7, 7, 7, 7, 7, 7, 7, 7, 7, 7, 7, 7, 7, 7, 7, 7, 7, 7, 7, 7, 7, 7, 7, 7, 7, 7, 7, 7, 7, 7, 7, 7, 7, 7, 7, 7, 7, 7, 7, 7, 7, 7, 7, 7, 7, 7, 7, 7, 7, 7, 7, 7, 7, 7, 7, 7, 7, 7, 7, 7, 7, 7, 7, 7, 7, 7, 7, 7, 7, 7, 7, 7, 7, 7, 7, 7, 7, 7, 7, 7, 7, 7, 7, 7, 7, 7, 7, 7, 7, 7, 7, 7, 7, 7, 7, 7, 7, 7, 7, 7, 7, 7, 7, 7, 7, 7, 7, 7, 7, 7, 7, 7, 7, 7, 7, 7, 7, 7, 7, 7, 7, 7, 7, 7, 7, 7, 7, 7, 7, 7, 7, 7, 7, 7, 7, 7, 7, 7, 7]",295,"[3.70613431930542, 1.1686040163040161, 1.3057796955108643, 5.114491939544678, 2.8722565174102783, 0.5471798181533813, 2.277272939682007, 1.8603895902633667, 0.9817829132080078, 0.2786007225513458, 0.3945334553718567, 0.5320806503295898, 0.47314679622650146, 0.7795025706291199, 0.3194632828235626, 0.33818158507347107, 0.3535253405570984, 0.35077521204948425, 0.5947933793067932, 0.35348036885261536, 0.3640086352825165, 0.5618320107460022, 1.3997117280960083, 0.8115565776824951, 0.2871643304824829, 0.3666609227657318, 0.33168861269950867, 2.827812433242798, 3.1692676544189453, 0.3612971901893616, 0.3549124002456665, 0.40853211283683777, 0.4047459661960602, 2.547982692718506, 0.34491807222366333, 0.6443231105804443, 0.4633815288543701, 0.5469133257865906, 0.344733327627182, 0.5925570130348206, 0.46794235706329346, 0.5349292159080505, 0.3552921712398529, 0.47647541761398315, 2.3589026927948, 3.469034433364868, 0.642463743686676, 0.4903682768344879, 0.3861384093761444, 0.3294052183628082, 0.3826749324798584, 0.5077298879623413, 1.0841147899627686, 0.38623887300491333, 0.37980228662490845, 0.3981030285358429, 0.3735576570034027, 0.36369267106056213, 0.35764405131340027, 0.4146973788738251, 0.45207884907722473, 2.663083076477051, 0.3617294728755951, 0.43524062633514404, 0.39104315638542175, 1.0494848489761353, 0.3922434151172638, 0.8344018459320068, 4.062678337097168, 0.3436223268508911, 0.4111202359199524, 0.5469872951507568, 0.34909048676490784, 2.0928139686584473, 0.5646185278892517, 0.30925875902175903, 0.9503996968269348, 0.32803669571876526, 0.44891220331192017, 0.5963457226753235, 0.6673851609230042, 0.6787907481193542, 0.5404371619224548, 0.3897424042224884, 1.382603406906128, 0.4485121965408325, 0.7191010117530823, 0.5529953241348267, 0.39709362387657166, 0.5428569912910461, 0.43093931674957275, 0.3708973824977875, 0.5190589427947998, 0.6500458717346191, 0.3052830398082733, 0.34953391551971436, 2.3053083419799805, 0.48442286252975464, 4.536365509033203, 0.3574623167514801, 0.39924392104148865, 0.45903122425079346, 0.5745999813079834, 0.3985225260257721, 0.5536535382270813, 0.5804922580718994, 0.7117059826850891, 0.4112422466278076, 0.34915995597839355, 0.2973686456680298, 1.5702199935913086, 0.7373076677322388, 1.5674943923950195, 0.31881871819496155, 0.7504178881645203, 0.39615878462791443, 0.3195379078388214, 0.5111269950866699, 0.3058020770549774, 1.0460203886032104, 0.7992528676986694, 0.34393319487571716, 0.4267463684082031, 0.38886067271232605, 0.44031134247779846, 0.3128049671649933, 0.7221086621284485, 0.5053967833518982, 0.33481934666633606, 0.43422210216522217, 0.5094652771949768, 0.4175358712673187, 0.3887659013271332, 1.3336303234100342, 0.4530898928642273, 0.3736616373062134, 1.5726748704910278, 0.39016687870025635, 0.3506890535354614, 1.5248647928237915, 0.3196686804294586, 0.3400495648384094, 1.195703387260437, 0.4107789993286133, 0.4292457103729248, 0.3780626654624939, 0.3147229254245758, 0.6295378804206848, 0.9377444386482239, 0.4139702618122101, 0.8470353484153748, 1.1475398540496826, 0.45812296867370605, 0.33390727639198303, 0.8791061639785767, 0.39258965849876404, 1.0861414670944214, 0.7765709161758423, 0.3259262442588806, 0.4361498951911926, 0.34849318861961365, 0.5395522713661194, 0.8696250915527344, 0.4119137227535248, 0.3572162389755249, 0.4545774459838867, 0.5438377261161804, 0.49710413813591003, 1.8222436904907227, 0.3212171792984009, 0.4520489573478699, 0.4055241346359253, 0.31798189878463745, 1.862144112586975, 0.4531296491622925, 0.9510397911071777, 0.5901600122451782, 2.7380282878875732, 0.4411877691745758, 0.3502970039844513, 0.5266181230545044, 1.6239902973175049, 0.4664704203605652, 0.40517130494117737, 0.47217413783073425, 0.29558199644088745, 0.29484930634498596, 0.5352928638458252, 0.34759360551834106, 0.31949952244758606, 2.3382880687713623, 2.855574369430542, 2.1187210083007812, 0.4765012860298157, 0.3975270986557007, 0.30598509311676025, 1.1607524156570435, 0.38416779041290283, 0.35285839438438416, 0.42919865250587463, 1.3935444355010986, 1.0691030025482178, 0.3525536060333252, 0.33094531297683716, 0.4538007378578186, 0.4090644419193268, 1.0040233135223389, 0.36300376057624817, 1.4113304615020752, 1.0270161628723145, 2.6147396564483643, 0.5730103850364685, 0.320389062166214, 1.2801975011825562, 0.43435782194137573, 0.3756701648235321, 0.30717793107032776, 0.5608580708503723, 1.6087397336959839, 0.371099591255188, 0.8081167340278625, 0.8011656403541565, 3.524761915206909, 0.32227256894111633, 0.367476224899292, 1.1787577867507935, 0.49370747804641724, 0.35427969694137573, 0.36417630314826965, 0.5480201244354248, 0.3982265889644623, 0.5377650856971741, 0.6254345178604126, 0.5069943070411682, 0.3491503894329071, 0.32829201221466064, 0.3367474377155304, 0.4230203330516815, 0.8520482778549194, 0.31677180528640747, 0.42618751525878906, 0.6075431108474731, 1.1276606321334839, 0.3430594503879547, 0.32321059703826904, 0.35982513427734375, 0.7232236266136169, 0.29648444056510925, 0.5672704577445984, 0.460145503282547, 0.45553508400917053, 0.36006733775138855, 0.8193533420562744, 0.5044689774513245, 0.5051872730255127, 0.48384398221969604, 0.41457512974739075, 0.4466605484485626, 0.4339810609817505, 0.5496104955673218, 0.3600687086582184, 0.4208894371986389, 0.38631725311279297, 0.40393340587615967, 0.42489323019981384, 0.3749600648880005, 0.6668443083763123, 1.164050579071045, 0.6103775501251221, 0.3665076494216919, 0.40522658824920654, 0.5029428005218506, 1.3435838222503662, 3.5343964099884033, 0.5760948061943054, 0.3557984232902527, 0.32470834255218506, 1.3646104335784912, 0.5006595849990845, 0.5267230868339539, 0.3769661784172058, 1.0675147771835327, 0.4080672860145569, 0.4257846176624298, 0.48998624086380005, 0.7083761692047119, 0.5605359673500061, 0.48658424615859985, 0.38893672823905945, 0.8385400176048279, 0.4109659492969513, 0.7239255309104919, 0.5132266879081726, 0.6554704904556274, 0.3466942608356476]",7.0,"[10.0, 8.0, 7.0, 7.0, 7.0, 7.0, 7.0, 7.0, 7.0, 7.0, 7.0, 7.0, 7.0, 7.0, 7.0, 7.0, 7.0, 7.0, 7.0, 7.0, 7.0, 7.0, 7.0, 7.0, 7.0, 7.0, 7.0, 7.0, 7.0, 7.0, 7.0, 7.0, 7.0, 7.0, 7.0, 7.0, 7.0, 7.0, 7.0, 7.0, 7.0, 7.0, 7.0, 7.0, 7.0, 7.0, 7.0, 7.0, 7.0, 7.0, 7.0, 7.0, 7.0, 7.0, 7.0, 7.0, 7.0, 7.0, 7.0, 7.0, 7.0, 7.0, 7.0, 7.0, 7.0, 7.0, 7.0, 7.0, 7.0, 7.0, 7.0, 7.0, 7.0, 7.0, 7.0, 7.0, 7.0, 7.0, 7.0, 7.0, 7.0, 7.0, 7.0, 7.0, 7.0, 7.0, 7.0, 7.0, 7.0, 7.0, 7.0, 7.0, 7.0, 7.0, 7.0, 7.0, 7.0, 7.0, 7.0, 7.0, 7.0, 7.0, 7.0, 7.0, 7.0, 7.0, 7.0, 7.0, 7.0, 7.0, 7.0, 7.0, 7.0, 7.0, 7.0, 7.0, 7.0, 7.0, 7.0, 7.0, 7.0, 7.0, 7.0, 7.0, 7.0, 7.0, 7.0, 7.0, 7.0, 7.0, 7.0, 7.0, 7.0, 7.0, 7.0, 7.0, 7.0, 7.0, 7.0, 7.0, 7.0, 7.0, 7.0, 7.0, 7.0, 7.0, 7.0, 7.0, 7.0, 7.0, 7.0, 7.0, 7.0, 7.0, 7.0, 7.0, 7.0, 7.0, 7.0, 7.0, 7.0, 7.0, 7.0, 7.0, 7.0, 7.0, 7.0, 7.0, 7.0, 7.0, 7.0, 7.0, 7.0, 7.0, 7.0, 7.0, 7.0, 7.0, 7.0, 7.0, 7.0, 7.0, 7.0, 7.0, 7.0, 7.0, 7.0, 7.0, 7.0, 7.0, 7.0, 7.0, 7.0, 7.0, 7.0, 7.0, 7.0, 7.0, 7.0, 7.0, 7.0, 7.0, 7.0, 7.0, 7.0, 7.0, 7.0, 7.0, 7.0, 7.0, 7.0, 7.0, 7.0, 7.0, 7.0, 7.0, 7.0, 7.0, 7.0, 7.0, 7.0, 7.0, 7.0, 7.0, 7.0, 7.0, 7.0, 7.0, 7.0, 7.0, 7.0, 7.0, 7.0, 7.0, 7.0, 7.0, 7.0, 7.0, 7.0, 7.0, 7.0, 7.0, 7.0, 7.0, 7.0, 7.0, 7.0, 7.0, 7.0, 7.0, 7.0, 7.0, 7.0, 7.0, 7.0, 7.0, 7.0, 7.0, 7.0, 7.0, 7.0, 7.0, 7.0, 7.0, 7.0, 7.0, 7.0, 7.0, 7.0, 7.0, 7.0, 7.0, 7.0, 7.0, 7.0, 7.0, 7.0, 7.0, 7.0, 7.0, 7.0, 7.0, 7.0, 7.0, 7.0, 7.0, 7.0, 7.0, 7.0, 7.0, 7.0, 7.0, 7.0, 7.0, 7.0]",COMPLETE
