,number,value,datetime_start,datetime_complete,duration,params_batch_size_scaler,params_constant_learning_rate,params_depth,params_epochs,params_kernel_l2,params_num_trees,params_temperature,user_attrs_accuracy_test,user_attrs_accuracy_valid,user_attrs_approximate_feature_sparsity,user_attrs_approximate_feature_sparsity_history,user_attrs_approximate_weight_sparsity,user_attrs_approximate_weight_sparsity_history,user_attrs_auc_test,user_attrs_auc_valid,user_attrs_feature_sparsity,user_attrs_feature_sparsity_history,user_attrs_num_epochs,user_attrs_val_loss_history,user_attrs_weight_sparsity,user_attrs_weight_sparsity_history,state
163,163,0.7342041194883487,2024-08-31 07:39:35.448652,2024-08-31 07:42:11.519718,0 days 00:02:36.071066,4,0.0239931909471167,6,140,0.04576471083520163,25,0.0002595361151367148,0.881,0.875,33,"[33, 33, 33, 33, 33, 33, 33, 33, 33, 33, 33, 33, 33, 33, 33, 33, 33, 33, 33, 33, 33, 33, 33, 33, 33, 33, 33, 33, 33, 33, 33, 33, 33, 33, 33, 33, 33, 33, 33, 33, 33, 33, 33, 33, 33, 33, 33, 33, 33, 33, 33, 33, 33, 33, 33, 33, 33, 33, 33, 33, 33, 33, 33, 33, 33, 33, 33, 33, 33, 33, 33, 33, 33, 33, 33, 33, 33, 33, 33, 33, 33, 33, 33, 33, 33, 33, 33, 33, 33, 33, 33, 33, 33, 33, 33, 33, 33, 33, 33, 33, 33, 33, 33, 33, 33, 33, 33, 33, 33, 33, 33, 33, 33, 33, 33, 33, 33, 33, 33, 33, 33, 33, 33, 33, 33, 33, 33, 33, 33, 33, 33, 33, 33, 33, 33, 33, 33, 33, 33, 33]",32.934603174603176,"[32.94222222222222, 32.944761904761904, 32.9384126984127, 32.9384126984127, 32.941587301587305, 32.94539682539683, 32.93777777777778, 32.94222222222222, 32.94031746031746, 32.932698412698414, 32.92825396825397, 32.94095238095238, 32.939682539682536, 32.93396825396825, 32.93333333333334, 32.93396825396825, 32.94412698412699, 32.94222222222223, 32.94285714285714, 32.94285714285714, 32.9415873015873, 32.937777777777775, 32.93396825396826, 32.93650793650794, 32.93396825396825, 32.93650793650794, 32.93714285714286, 32.93650793650794, 32.932698412698414, 32.9384126984127, 32.94222222222222, 32.94412698412699, 32.94666666666667, 32.94920634920635, 32.94349206349206, 32.93904761904762, 32.93650793650794, 32.93333333333334, 32.93777777777778, 32.93904761904762, 32.943492063492066, 32.941587301587305, 32.94095238095238, 32.94603174603175, 32.94730158730159, 32.94603174603174, 32.94539682539683, 32.943492063492066, 32.941587301587305, 32.93777777777778, 32.9352380952381, 32.94031746031746, 32.943492063492066, 32.9384126984127, 32.94095238095238, 32.944761904761904, 32.95111111111111, 32.94857142857143, 32.946666666666665, 32.94730158730159, 32.946666666666665, 32.94730158730159, 32.94222222222223, 32.944761904761904, 32.94412698412699, 32.944761904761904, 32.94603174603175, 32.943492063492066, 32.943492063492066, 32.94730158730159, 32.94539682539683, 32.94730158730159, 32.944761904761904, 32.94730158730159, 32.943492063492066, 32.943492063492066, 32.94666666666667, 32.94539682539683, 32.944761904761904, 32.94412698412698, 32.93714285714286, 32.94285714285714, 32.94412698412698, 32.94539682539683, 32.946666666666665, 32.944761904761904, 32.94539682539683, 32.94730158730159, 32.94095238095238, 32.94095238095238, 32.94412698412698, 32.93904761904762, 32.9384126984127, 32.943492063492066, 32.94285714285714, 32.94539682539683, 32.949841269841265, 32.94412698412698, 32.94222222222222, 32.93396825396825, 32.93333333333334, 32.93650793650794, 32.937777777777775, 32.9384126984127, 32.939682539682536, 32.94285714285714, 32.94349206349206, 32.948571428571434, 32.94730158730159, 32.95174603174603, 32.948571428571434, 32.950476190476195, 32.94984126984127, 32.95111111111111, 32.95174603174603, 32.95047619047619, 32.94920634920635, 32.95492063492063, 32.951746031746026, 32.95238095238095, 32.950476190476195, 32.94984126984127, 32.94920634920635, 32.94730158730159, 32.94603174603174, 32.94984126984127, 32.94857142857143, 32.95301587301587, 32.95111111111111, 32.94666666666667, 32.94539682539683, 32.94603174603174, 32.94222222222222, 32.94031746031746, 32.93714285714286, 32.9384126984127, 32.93777777777778, 32.93777777777778, 32.93714285714286, 32.934603174603176]",0.7678068676260539,0.7342041194883487,33,"[33, 33, 33, 33, 33, 33, 33, 33, 33, 33, 33, 33, 33, 33, 33, 33, 33, 33, 33, 33, 33, 33, 33, 33, 33, 33, 33, 33, 33, 33, 33, 33, 33, 33, 33, 33, 33, 33, 33, 33, 33, 33, 33, 33, 33, 33, 33, 33, 33, 33, 33, 33, 33, 33, 33, 33, 33, 33, 33, 33, 33, 33, 33, 33, 33, 33, 33, 33, 33, 33, 33, 33, 33, 33, 33, 33, 33, 33, 33, 33, 33, 33, 33, 33, 33, 33, 33, 33, 33, 33, 33, 33, 33, 33, 33, 33, 33, 33, 33, 33, 33, 33, 33, 33, 33, 33, 33, 33, 33, 33, 33, 33, 33, 33, 33, 33, 33, 33, 33, 33, 33, 33, 33, 33, 33, 33, 33, 33, 33, 33, 33, 33, 33, 33, 33, 33, 33, 33, 33, 33]",140,"[0.5836086869239807, 0.5116569995880127, 0.4701351821422577, 0.4449254274368286, 0.4288839101791382, 0.41822463274002075, 0.4109230935573578, 0.40567147731781006, 0.40182363986968994, 0.3988886773586273, 0.3965497612953186, 0.3946384787559509, 0.3930429220199585, 0.39165711402893066, 0.390447199344635, 0.38936588168144226, 0.388374924659729, 0.38746964931488037, 0.38662758469581604, 0.3858315944671631, 0.3850769102573395, 0.3843604028224945, 0.3836787939071655, 0.383022278547287, 0.3823915421962738, 0.38178756833076477, 0.3812028169631958, 0.380636602640152, 0.3800916373729706, 0.37956222891807556, 0.3790488541126251, 0.37855011224746704, 0.3780694305896759, 0.3776009678840637, 0.3771449625492096, 0.3766971826553345, 0.376262903213501, 0.3758389353752136, 0.3754256069660187, 0.37502366304397583, 0.37463006377220154, 0.3742454946041107, 0.37386953830718994, 0.37350159883499146, 0.3731412887573242, 0.37278681993484497, 0.37243956327438354, 0.37209632992744446, 0.3717588782310486, 0.371427983045578, 0.3711041510105133, 0.3707841634750366, 0.3704732060432434, 0.3701629936695099, 0.3698582351207733, 0.36955782771110535, 0.36926203966140747, 0.36896973848342896, 0.3686777353286743, 0.36839762330055237, 0.3681166172027588, 0.3678397834300995, 0.36756253242492676, 0.3672915995121002, 0.36701980233192444, 0.3667536973953247, 0.3664889633655548, 0.36622369289398193, 0.3659626841545105, 0.36570608615875244, 0.36544620990753174, 0.3651944100856781, 0.3649400770664215, 0.3646899163722992, 0.36443889141082764, 0.3641897439956665, 0.3639379143714905, 0.3636930584907532, 0.36345070600509644, 0.36320173740386963, 0.36296311020851135, 0.3627196252346039, 0.3624754846096039, 0.3622366189956665, 0.36199748516082764, 0.36175960302352905, 0.3615212142467499, 0.3612854480743408, 0.36104488372802734, 0.36080610752105713, 0.3605719804763794, 0.360336035490036, 0.36010003089904785, 0.35986554622650146, 0.3596331775188446, 0.35939785838127136, 0.3591627776622772, 0.3589312732219696, 0.35869908332824707, 0.3584648072719574, 0.3582368791103363, 0.3580035865306854, 0.357771098613739, 0.3575403690338135, 0.35730671882629395, 0.35707366466522217, 0.35684022307395935, 0.3566037714481354, 0.3563714623451233, 0.3561423122882843, 0.3559117019176483, 0.35568276047706604, 0.3554476499557495, 0.35521453619003296, 0.3549841046333313, 0.35475021600723267, 0.35451504588127136, 0.354279100894928, 0.3540457487106323, 0.35380658507347107, 0.3535684645175934, 0.35333186388015747, 0.35309597849845886, 0.3528585135936737, 0.3526234030723572, 0.3523867428302765, 0.35214856266975403, 0.351913183927536, 0.35167303681373596, 0.3514341115951538, 0.35119688510894775, 0.3509542942047119, 0.35070860385894775, 0.35046565532684326, 0.35022780299186707, 0.34999001026153564, 0.349752277135849, 0.3495098948478699, 0.34926655888557434, 0.3490227460861206]",33.0,"[33.0, 33.0, 33.0, 33.0, 33.0, 33.0, 33.0, 33.0, 33.0, 33.0, 33.0, 33.0, 33.0, 33.0, 33.0, 33.0, 33.0, 33.0, 33.0, 33.0, 33.0, 33.0, 33.0, 33.0, 33.0, 33.0, 33.0, 33.0, 33.0, 33.0, 33.0, 33.0, 33.0, 33.0, 33.0, 33.0, 33.0, 33.0, 33.0, 33.0, 33.0, 33.0, 33.0, 33.0, 33.0, 33.0, 33.0, 33.0, 33.0, 33.0, 33.0, 33.0, 33.0, 33.0, 33.0, 33.0, 33.0, 33.0, 33.0, 33.0, 33.0, 33.0, 33.0, 33.0, 33.0, 33.0, 33.0, 33.0, 33.0, 33.0, 33.0, 33.0, 33.0, 33.0, 33.0, 33.0, 33.0, 33.0, 33.0, 33.0, 33.0, 33.0, 33.0, 33.0, 33.0, 33.0, 33.0, 33.0, 33.0, 33.0, 33.0, 33.0, 33.0, 33.0, 33.0, 33.0, 33.0, 33.0, 33.0, 33.0, 33.0, 33.0, 33.0, 33.0, 33.0, 33.0, 33.0, 33.0, 33.0, 33.0, 33.0, 33.0, 33.0, 33.0, 33.0, 33.0, 33.0, 33.0, 33.0, 33.0, 33.0, 33.0, 33.0, 33.0, 33.0, 33.0, 33.0, 33.0, 33.0, 33.0, 33.0, 33.0, 33.0, 33.0, 33.0, 33.0, 33.0, 33.0, 33.0, 33.0]",COMPLETE
