,number,value,datetime_start,datetime_complete,duration,params_batch_size_scaler,params_constant_learning_rate,params_depth,params_epochs,params_kernel_l2,params_num_trees,params_temperature,user_attrs_accuracy_test,user_attrs_accuracy_valid,user_attrs_approximate_feature_sparsity,user_attrs_approximate_feature_sparsity_history,user_attrs_approximate_weight_sparsity,user_attrs_approximate_weight_sparsity_history,user_attrs_auc_test,user_attrs_auc_valid,user_attrs_feature_sparsity,user_attrs_feature_sparsity_history,user_attrs_num_epochs,user_attrs_val_loss_history,user_attrs_weight_sparsity,user_attrs_weight_sparsity_history,state
95,95,0.6088418286509255,2024-08-31 04:23:13.403840,2024-08-31 04:23:36.802869,0 days 00:00:23.399029,16,1.694754237835163,4,90,0.006131632149740116,80,0.005030801633553078,0.859,0.85875,1,"[33, 33, 33, 5, 2, 1, 1, 1, 1, 1, 1, 1, 1, 1, 1, 1, 1, 1, 1, 1, 1, 1, 1, 1, 1, 1, 1, 1, 1, 1, 1, 1, 1, 1, 1, 1, 1, 1, 1, 1, 1, 1, 1, 1, 1, 1, 1, 1, 1, 1, 1, 1, 1, 1, 1, 1, 1, 1, 1, 1, 1, 1, 1, 1, 1, 1, 1, 1, 1, 1, 1, 1, 1, 1, 1, 1, 1, 1, 1, 1, 1, 1, 1, 1, 1, 1, 1, 1, 1, 1]",1.0,"[32.96, 32.964166666666664, 32.958333333333336, 4.994166666666667, 1.9991666666666665, 0.9975, 1.0, 0.9975, 0.9983333333333333, 1.0, 0.9991666666666666, 1.0, 0.9991666666666666, 1.0, 1.0, 0.9991666666666666, 1.0, 0.9983333333333333, 0.9991666666666666, 1.0, 0.9991666666666666, 1.0, 1.0, 1.0, 1.0, 0.9991666666666666, 1.0, 0.9991666666666666, 1.0, 1.0, 1.0, 1.0, 0.9991666666666666, 0.9983333333333333, 0.9991666666666666, 0.9991666666666666, 0.9991666666666666, 0.9991666666666666, 1.0, 0.9975, 0.9975, 0.9983333333333333, 1.0, 0.9975, 0.9983333333333333, 1.0, 0.9983333333333333, 0.9983333333333333, 0.9991666666666666, 0.9991666666666666, 1.0, 0.9991666666666666, 1.0, 0.9991666666666666, 1.0, 0.9991666666666666, 0.9983333333333333, 1.0, 1.0, 1.0, 1.0, 1.0, 1.0, 1.0, 1.0, 1.0, 1.0, 1.0, 1.0, 0.9983333333333333, 0.9991666666666666, 1.0, 0.9991666666666666, 0.9991666666666666, 0.9975, 0.9983333333333333, 0.9991666666666666, 0.9983333333333333, 0.9983333333333333, 1.0, 0.9991666666666666, 0.9983333333333333, 0.9991666666666666, 0.9991666666666666, 1.0, 1.0, 1.0, 1.0, 0.9991666666666666, 1.0]",0.6144865793145584,0.6088418286509255,1,"[33, 33, 33, 5, 2, 1, 1, 1, 1, 1, 1, 1, 1, 1, 1, 1, 1, 1, 1, 1, 1, 1, 1, 1, 1, 1, 1, 1, 1, 1, 1, 1, 1, 1, 1, 1, 1, 1, 1, 1, 1, 1, 1, 1, 1, 1, 1, 1, 1, 1, 1, 1, 1, 1, 1, 1, 1, 1, 1, 1, 1, 1, 1, 1, 1, 1, 1, 1, 1, 1, 1, 1, 1, 1, 1, 1, 1, 1, 1, 1, 1, 1, 1, 1, 1, 1, 1, 1, 1, 1]",90,"[0.3980446755886078, 0.49537813663482666, 0.4729119539260864, 0.3645628094673157, 0.46739456057548523, 0.39576226472854614, 0.39026400446891785, 0.3884672522544861, 0.39490440487861633, 0.3857709765434265, 0.38506999611854553, 0.40205734968185425, 0.4414098262786865, 0.3834715783596039, 0.38704177737236023, 0.3892848491668701, 0.4136105477809906, 0.3828454613685608, 0.4320787191390991, 0.38659459352493286, 0.3859022259712219, 0.38305678963661194, 0.3824025094509125, 0.38261333107948303, 0.3856758177280426, 0.3864057660102844, 0.4012039601802826, 0.395656943321228, 0.39171507954597473, 0.39168110489845276, 0.38605865836143494, 0.4297580420970917, 0.41332492232322693, 0.4439532160758972, 0.43118080496788025, 0.38243991136550903, 0.383795827627182, 0.3833138644695282, 0.4267069101333618, 0.383576899766922, 0.38261473178863525, 0.3950921297073364, 0.38249969482421875, 0.3935040533542633, 0.3954611122608185, 0.3884442448616028, 0.394307404756546, 0.40834102034568787, 0.38276490569114685, 0.3832082450389862, 0.42531657218933105, 0.38239097595214844, 0.3830525875091553, 0.3889243006706238, 0.3830036222934723, 0.39371517300605774, 0.4112725555896759, 0.4463099241256714, 0.3853283226490021, 0.40238723158836365, 0.4281732141971588, 0.42718684673309326, 0.3902803361415863, 0.3858560621738434, 0.3838438391685486, 0.39173534512519836, 0.41639918088912964, 0.41638821363449097, 0.3904898464679718, 0.4079242944717407, 0.3883616626262665, 0.4396936297416687, 0.49284353852272034, 0.3873789310455322, 0.38586872816085815, 0.4065428078174591, 0.3830859065055847, 0.42435020208358765, 0.4523094594478607, 0.38800740242004395, 0.38624846935272217, 0.38879653811454773, 0.40212613344192505, 0.3933146595954895, 0.42971402406692505, 0.45398810505867004, 0.5137891173362732, 0.41075411438941956, 0.3983854055404663, 0.3923342227935791]",1.0,"[33.0, 33.0, 33.0, 5.0, 2.0, 1.0, 1.0, 1.0, 1.0, 1.0, 1.0, 1.0, 1.0, 1.0, 1.0, 1.0, 1.0, 1.0, 1.0, 1.0, 1.0, 1.0, 1.0, 1.0, 1.0, 1.0, 1.0, 1.0, 1.0, 1.0, 1.0, 1.0, 1.0, 1.0, 1.0, 1.0, 1.0, 1.0, 1.0, 1.0, 1.0, 1.0, 1.0, 1.0, 1.0, 1.0, 1.0, 1.0, 1.0, 1.0, 1.0, 1.0, 1.0, 1.0, 1.0, 1.0, 1.0, 1.0, 1.0, 1.0, 1.0, 1.0, 1.0, 1.0, 1.0, 1.0, 1.0, 1.0, 1.0, 1.0, 1.0, 1.0, 1.0, 1.0, 1.0, 1.0, 1.0, 1.0, 1.0, 1.0, 1.0, 1.0, 1.0, 1.0, 1.0, 1.0, 1.0, 1.0, 1.0, 1.0]",COMPLETE
96,96,0.5,2024-08-31 04:23:38.758312,2024-08-31 04:25:33.858795,0 days 00:01:55.100483,64,1.5728228653531497,6,140,0.004208433167688623,89,0.05033308146444863,0.859,0.85875,0,"[33, 0, 0, 0, 0, 0, 0, 0, 0, 0, 0, 0, 0, 0, 0, 0, 0, 0, 0, 0, 0, 0, 0, 0, 0, 0, 0, 0, 0, 0, 0, 0, 0, 0, 0, 0, 0, 0, 0, 0, 0, 0, 0, 0, 0, 0, 0, 0, 0, 0, 0, 0, 0, 0, 0, 0, 0, 0, 0, 0, 0, 0, 0, 0, 0, 0, 0, 0, 0, 0, 0, 0, 0, 0, 0, 0, 0, 0, 0, 0, 0, 0, 0, 0, 0, 0, 0, 0, 0, 0, 0, 0, 0, 0, 0, 0, 0, 0, 0, 0, 0, 0, 0, 0, 0, 0, 0, 0, 0, 0, 0, 0, 0, 0, 0, 0, 0, 0, 0, 0, 0, 0, 0, 0, 0, 0, 0, 0, 0, 0, 0, 0, 0, 0, 0, 0, 0, 0, 0, 0]",0.0,"[32.89620117710005, 0.0, 0.0, 0.0, 0.0, 0.0, 0.0, 0.0, 0.0, 0.0, 0.0, 0.0, 0.0, 0.0, 0.0, 0.0, 0.0, 0.0, 0.0, 0.0, 0.0, 0.0, 0.0, 0.0, 0.0, 0.0, 0.0, 0.0, 0.0, 0.0, 0.0, 0.0, 0.0, 0.0, 0.0, 0.0, 0.0, 0.0, 0.0, 0.0, 0.0, 0.0, 0.0, 0.0, 0.0, 0.0, 0.0, 0.0, 0.0, 0.0, 0.0, 0.0, 0.0, 0.0, 0.0, 0.0, 0.0, 0.0, 0.0, 0.0, 0.0, 0.0, 0.0, 0.0, 0.0, 0.0, 0.0, 0.0, 0.0, 0.0, 0.0, 0.0, 0.0, 0.0, 0.0, 0.0, 0.0, 0.0, 0.0, 0.0, 0.0, 0.0, 0.0, 0.0, 0.0, 0.0, 0.0, 0.0, 0.0, 0.0, 0.0, 0.0, 0.0, 0.0, 0.0, 0.0, 0.0, 0.0, 0.0, 0.0, 0.0, 0.0, 0.0, 0.0, 0.0, 0.0, 0.0, 0.0, 0.0, 0.0, 0.0, 0.0, 0.0, 0.0, 0.0, 0.0, 0.0, 0.0, 0.0, 0.0, 0.0, 0.0, 0.0, 0.0, 0.0, 0.0, 0.0, 0.0, 0.0, 0.0, 0.0, 0.0, 0.0, 0.0, 0.0, 0.0, 0.0, 0.0, 0.0, 0.0]",0.5,0.5,0,"[33, 0, 0, 0, 0, 0, 0, 0, 0, 0, 0, 0, 0, 0, 0, 0, 0, 0, 0, 0, 0, 0, 0, 0, 0, 0, 0, 0, 0, 0, 0, 0, 0, 0, 0, 0, 0, 0, 0, 0, 0, 0, 0, 0, 0, 0, 0, 0, 0, 0, 0, 0, 0, 0, 0, 0, 0, 0, 0, 0, 0, 0, 0, 0, 0, 0, 0, 0, 0, 0, 0, 0, 0, 0, 0, 0, 0, 0, 0, 0, 0, 0, 0, 0, 0, 0, 0, 0, 0, 0, 0, 0, 0, 0, 0, 0, 0, 0, 0, 0, 0, 0, 0, 0, 0, 0, 0, 0, 0, 0, 0, 0, 0, 0, 0, 0, 0, 0, 0, 0, 0, 0, 0, 0, 0, 0, 0, 0, 0, 0, 0, 0, 0, 0, 0, 0, 0, 0, 0, 0]",140,"[0.3973645269870758, 0.40756475925445557, 0.40843692421913147, 0.40779998898506165, 0.4094686508178711, 0.4078086018562317, 0.40799930691719055, 0.40738731622695923, 0.40812140703201294, 0.40729668736457825, 0.40812742710113525, 0.4078788459300995, 0.40884530544281006, 0.4075712263584137, 0.4102204144001007, 0.40727782249450684, 0.40752720832824707, 0.4073437452316284, 0.4075976610183716, 0.40730658173561096, 0.4073641300201416, 0.4090881049633026, 0.40736815333366394, 0.40749192237854004, 0.4072554111480713, 0.40815362334251404, 0.4074966013431549, 0.4087582528591156, 0.408447265625, 0.4078231155872345, 0.40724465250968933, 0.4089617133140564, 0.40745261311531067, 0.4102950394153595, 0.4084746837615967, 0.4072747826576233, 0.40828803181648254, 0.40729820728302, 0.40723198652267456, 0.4075901508331299, 0.4074227213859558, 0.40865790843963623, 0.4072551727294922, 0.4081287384033203, 0.4073164761066437, 0.4073007106781006, 0.4072341024875641, 0.4120638370513916, 0.4085705280303955, 0.41071605682373047, 0.40742775797843933, 0.4091220796108246, 0.41247162222862244, 0.4072839319705963, 0.4124867618083954, 0.4072824716567993, 0.40726912021636963, 0.4072558283805847, 0.40779000520706177, 0.40753883123397827, 0.40724125504493713, 0.4092726409435272, 0.40725380182266235, 0.407947838306427, 0.4098483622074127, 0.40972763299942017, 0.407478928565979, 0.40762338042259216, 0.4098657965660095, 0.4096664488315582, 0.40761348605155945, 0.410697340965271, 0.40824317932128906, 0.40885254740715027, 0.40727943181991577, 0.4073062241077423, 0.4150724411010742, 0.40723687410354614, 0.407606840133667, 0.40722787380218506, 0.4073147475719452, 0.40829208493232727, 0.40733715891838074, 0.4074506461620331, 0.4073864817619324, 0.4072979688644409, 0.40744781494140625, 0.4072873592376709, 0.40959984064102173, 0.409486323595047, 0.40765511989593506, 0.4072595238685608, 0.40991467237472534, 0.4125806391239166, 0.40784531831741333, 0.40726080536842346, 0.4072270095348358, 0.40723296999931335, 0.4080595374107361, 0.4130786061286926, 0.4077252149581909, 0.407276451587677, 0.4074762761592865, 0.40857449173927307, 0.4079166352748871, 0.4077339172363281, 0.407685250043869, 0.4132273197174072, 0.4076295495033264, 0.408162385225296, 0.40723568201065063, 0.4105563759803772, 0.40737250447273254, 0.4073622524738312, 0.40824663639068604, 0.40828773379325867, 0.4075814485549927, 0.40934646129608154, 0.4073682129383087, 0.40845513343811035, 0.4072776734828949, 0.4075007736682892, 0.40998855233192444, 0.40722838044166565, 0.4074139893054962, 0.4081522822380066, 0.4072458744049072, 0.4084424674510956, 0.4086936116218567, 0.40925830602645874, 0.4072861075401306, 0.40734878182411194, 0.40779852867126465, 0.4088268280029297, 0.4084272086620331, 0.4079647958278656, 0.4116572439670563, 0.4083622097969055, 0.4077191948890686, 0.40808045864105225]",0.0,"[33.0, 0.0, 0.0, 0.0, 0.0, 0.0, 0.0, 0.0, 0.0, 0.0, 0.0, 0.0, 0.0, 0.0, 0.0, 0.0, 0.0, 0.0, 0.0, 0.0, 0.0, 0.0, 0.0, 0.0, 0.0, 0.0, 0.0, 0.0, 0.0, 0.0, 0.0, 0.0, 0.0, 0.0, 0.0, 0.0, 0.0, 0.0, 0.0, 0.0, 0.0, 0.0, 0.0, 0.0, 0.0, 0.0, 0.0, 0.0, 0.0, 0.0, 0.0, 0.0, 0.0, 0.0, 0.0, 0.0, 0.0, 0.0, 0.0, 0.0, 0.0, 0.0, 0.0, 0.0, 0.0, 0.0, 0.0, 0.0, 0.0, 0.0, 0.0, 0.0, 0.0, 0.0, 0.0, 0.0, 0.0, 0.0, 0.0, 0.0, 0.0, 0.0, 0.0, 0.0, 0.0, 0.0, 0.0, 0.0, 0.0, 0.0, 0.0, 0.0, 0.0, 0.0, 0.0, 0.0, 0.0, 0.0, 0.0, 0.0, 0.0, 0.0, 0.0, 0.0, 0.0, 0.0, 0.0, 0.0, 0.0, 0.0, 0.0, 0.0, 0.0, 0.0, 0.0, 0.0, 0.0, 0.0, 0.0, 0.0, 0.0, 0.0, 0.0, 0.0, 0.0, 0.0, 0.0, 0.0, 0.0, 0.0, 0.0, 0.0, 0.0, 0.0, 0.0, 0.0, 0.0, 0.0, 0.0, 0.0]",COMPLETE
