,number,value,datetime_start,datetime_complete,duration,params_batch_size_scaler,params_constant_learning_rate,params_depth,params_epochs,params_kernel_l2,params_num_trees,params_temperature,user_attrs_accuracy_test,user_attrs_accuracy_valid,user_attrs_approximate_feature_sparsity,user_attrs_approximate_feature_sparsity_history,user_attrs_approximate_weight_sparsity,user_attrs_approximate_weight_sparsity_history,user_attrs_auc_test,user_attrs_auc_valid,user_attrs_feature_sparsity,user_attrs_feature_sparsity_history,user_attrs_num_epochs,user_attrs_val_loss_history,user_attrs_weight_sparsity,user_attrs_weight_sparsity_history,state
9,9,0.9355025698496734,2024-08-31 00:44:16.342788,2024-08-31 00:45:09.439792,0 days 00:00:53.097004,16,0.9571449652053156,4,185,0.045554755437308525,92,0.0003882770578326459,0.952,0.95625,20,"[33, 33, 33, 33, 33, 33, 33, 33, 33, 33, 33, 33, 33, 33, 33, 33, 33, 33, 33, 33, 33, 33, 33, 33, 33, 33, 33, 33, 33, 33, 33, 33, 33, 33, 33, 33, 33, 33, 33, 33, 33, 33, 33, 33, 33, 33, 33, 33, 33, 33, 33, 33, 33, 33, 33, 33, 33, 33, 33, 33, 33, 33, 33, 33, 33, 33, 33, 33, 33, 33, 32, 32, 31, 30, 30, 30, 30, 30, 30, 30, 30, 29, 29, 29, 29, 29, 29, 29, 29, 29, 28, 25, 25, 24, 24, 23, 23, 22, 21, 21, 21, 21, 21, 21, 21, 21, 21, 21, 21, 21, 21, 21, 21, 21, 21, 21, 21, 21, 21, 21, 21, 21, 21, 21, 21, 21, 21, 21, 21, 21, 21, 21, 21, 21, 21, 21, 21, 21, 21, 21, 21, 21, 21, 21, 21, 21, 21, 21, 21, 21, 21, 21, 21, 21, 21, 21, 21, 21, 21, 21, 21, 21, 21, 21, 21, 21, 21, 21, 21, 21, 20, 20, 20, 20, 20, 20, 20, 20, 20, 20, 20, 20, 20, 20, 20]",19.973188405797103,"[32.948550724637684, 32.9572463768116, 32.93985507246377, 32.946376811594206, 32.958695652173915, 32.95434782608696, 32.948550724637684, 32.94927536231884, 32.95289855072464, 32.94492753623189, 32.94927536231884, 32.948550724637684, 32.95, 32.9572463768116, 32.95507246376812, 32.947826086956525, 32.95072463768116, 32.95289855072464, 32.9572463768116, 32.9536231884058, 32.9536231884058, 32.96231884057971, 32.96376811594203, 32.96594202898551, 32.95217391304348, 32.95, 32.95434782608696, 32.948550724637684, 32.95, 32.948550724637684, 32.95, 32.95, 32.94927536231884, 32.9536231884058, 32.94420289855073, 32.94565217391305, 32.95507246376812, 32.95434782608696, 32.9572463768116, 32.96086956521739, 32.9536231884058, 32.95579710144928, 32.96304347826087, 32.95144927536232, 32.95144927536232, 32.957971014492756, 32.95507246376812, 32.960144927536234, 32.95652173913044, 32.96231884057971, 32.958695652173915, 32.96159420289855, 32.95434782608696, 32.95289855072464, 32.95, 32.9572463768116, 32.948550724637684, 32.95507246376812, 32.9536231884058, 32.947101449275365, 32.95507246376812, 32.95434782608696, 32.95507246376812, 32.946376811594206, 32.95217391304348, 32.946376811594206, 32.95434782608696, 32.9572463768116, 32.95217391304348, 32.95289855072464, 31.94347826086957, 31.955797101449278, 30.955797101449278, 29.95507246376812, 29.96521739130435, 29.96304347826087, 29.961594202898553, 29.946376811594206, 29.95289855072464, 29.947826086956525, 29.95507246376812, 28.955797101449278, 28.961594202898553, 28.95289855072464, 28.960869565217394, 28.96594202898551, 28.957246376811597, 28.958695652173915, 28.960869565217394, 28.955797101449278, 27.957971014492756, 24.969565217391306, 24.96376811594203, 23.967391304347828, 23.96304347826087, 22.96449275362319, 22.968840579710147, 21.968115942028987, 20.96376811594203, 20.961594202898553, 20.960869565217394, 20.96376811594203, 20.96594202898551, 20.96594202898551, 20.961594202898553, 20.971739130434784, 20.97826086956522, 20.970289855072465, 20.970289855072465, 20.967391304347828, 20.973188405797103, 20.967391304347828, 20.97608695652174, 20.973913043478262, 20.973188405797103, 20.96449275362319, 20.971739130434784, 20.97608695652174, 20.97753623188406, 20.973188405797103, 20.968840579710147, 20.969565217391306, 20.968840579710147, 20.967391304347828, 20.971014492753625, 20.971014492753625, 20.967391304347828, 20.972463768115944, 20.97463768115942, 20.97536231884058, 20.973913043478262, 20.971014492753625, 20.96594202898551, 20.968115942028987, 20.973188405797103, 20.97608695652174, 20.97463768115942, 20.97536231884058, 20.971739130434784, 20.967391304347828, 20.972463768115944, 20.96521739130435, 20.969565217391306, 20.967391304347828, 20.970289855072465, 20.97463768115942, 20.97536231884058, 20.970289855072465, 20.971739130434784, 20.96594202898551, 20.968115942028987, 20.968115942028987, 20.967391304347828, 20.971014492753625, 20.96521739130435, 20.969565217391306, 20.971739130434784, 20.96666666666667, 20.968115942028987, 20.969565217391306, 20.96594202898551, 20.968115942028987, 20.96666666666667, 20.968115942028987, 20.96304347826087, 20.967391304347828, 20.97463768115942, 20.967391304347828, 20.96304347826087, 20.96449275362319, 19.971014492753625, 19.967391304347828, 19.96666666666667, 19.96666666666667, 19.968115942028987, 19.96449275362319, 19.959420289855075, 19.96594202898551, 19.957246376811597, 19.962318840579712, 19.96594202898551, 19.962318840579712, 19.96666666666667, 19.96594202898551, 19.973188405797103]",0.9162559136056275,0.9355025698496734,20,"[33, 33, 33, 33, 33, 33, 33, 33, 33, 33, 33, 33, 33, 33, 33, 33, 33, 33, 33, 33, 33, 33, 33, 33, 33, 33, 33, 33, 33, 33, 33, 33, 33, 33, 33, 33, 33, 33, 33, 33, 33, 33, 33, 33, 33, 33, 33, 33, 33, 33, 33, 33, 33, 33, 33, 33, 33, 33, 33, 33, 33, 33, 33, 33, 33, 33, 33, 33, 33, 33, 32, 32, 31, 30, 30, 30, 30, 30, 30, 30, 30, 29, 29, 29, 29, 29, 29, 29, 29, 29, 28, 25, 25, 24, 24, 23, 23, 22, 21, 21, 21, 21, 21, 21, 21, 21, 21, 21, 21, 21, 21, 21, 21, 21, 21, 21, 21, 21, 21, 21, 21, 21, 21, 21, 21, 21, 21, 21, 21, 21, 21, 21, 21, 21, 21, 21, 21, 21, 21, 21, 21, 21, 21, 21, 21, 21, 21, 21, 21, 21, 21, 21, 21, 21, 21, 21, 21, 21, 21, 21, 21, 21, 21, 21, 21, 21, 21, 21, 21, 21, 20, 20, 20, 20, 20, 20, 20, 20, 20, 20, 20, 20, 20, 20, 20]",185,"[0.39182358980178833, 0.376854807138443, 0.3675287365913391, 0.36390942335128784, 0.36349716782569885, 0.35423529148101807, 0.35260310769081116, 0.3507045805454254, 0.3414028584957123, 0.3377546966075897, 0.33392611145973206, 0.3308213949203491, 0.34058308601379395, 0.3249746263027191, 0.3199896514415741, 0.31573861837387085, 0.3222805857658386, 0.3127736449241638, 0.30550384521484375, 0.2997019290924072, 0.2955106198787689, 0.2902281880378723, 0.2874082624912262, 0.2892714738845825, 0.2847246825695038, 0.27301764488220215, 0.2686249613761902, 0.26688051223754883, 0.2665301561355591, 0.26163098216056824, 0.2586993873119354, 0.2699907124042511, 0.26114529371261597, 0.25208765268325806, 0.24996089935302734, 0.24842952191829681, 0.2471991330385208, 0.25496962666511536, 0.2598956823348999, 0.24387843906879425, 0.2441074401140213, 0.23923279345035553, 0.2394031137228012, 0.25342002511024475, 0.23986706137657166, 0.23464460670948029, 0.23257362842559814, 0.23064567148685455, 0.23224100470542908, 0.23103214800357819, 0.22534164786338806, 0.23259346187114716, 0.23347042500972748, 0.24289363622665405, 0.22211286425590515, 0.21960937976837158, 0.21795743703842163, 0.2273206263780594, 0.21802884340286255, 0.2155308872461319, 0.22536340355873108, 0.21461808681488037, 0.21217337250709534, 0.22293907403945923, 0.2142391800880432, 0.21147054433822632, 0.21240678429603577, 0.20825891196727753, 0.211258664727211, 0.20504158735275269, 0.22228437662124634, 0.20657695829868317, 0.20903785526752472, 0.20562471449375153, 0.2053227424621582, 0.20539070665836334, 0.20523077249526978, 0.2046438455581665, 0.20589156448841095, 0.20963619649410248, 0.2002764344215393, 0.20216703414916992, 0.22059009969234467, 0.20305706560611725, 0.2043318748474121, 0.20075584948062897, 0.19978176057338715, 0.20537354052066803, 0.20118987560272217, 0.19948075711727142, 0.19863060116767883, 0.1960277408361435, 0.23547273874282837, 0.19414854049682617, 0.19444014132022858, 0.19314928352832794, 0.1922180950641632, 0.19312505424022675, 0.1953849196434021, 0.19203606247901917, 0.19284968078136444, 0.18676568567752838, 0.18860849738121033, 0.18763482570648193, 0.186599463224411, 0.18598875403404236, 0.1864977329969406, 0.18510130047798157, 0.19473321735858917, 0.18506675958633423, 0.18432262539863586, 0.18782766163349152, 0.18526607751846313, 0.18307603895664215, 0.20116320252418518, 0.18366403877735138, 0.19178220629692078, 0.1861419826745987, 0.1850629597902298, 0.18135838210582733, 0.18192371726036072, 0.19732394814491272, 0.18190880119800568, 0.18052563071250916, 0.19808945059776306, 0.18322964012622833, 0.1898253858089447, 0.17900249361991882, 0.1912667602300644, 0.1782900094985962, 0.18630823493003845, 0.17944736778736115, 0.17707225680351257, 0.17952920496463776, 0.1812131106853485, 0.18161505460739136, 0.17968125641345978, 0.17728574573993683, 0.17716529965400696, 0.17830587923526764, 0.17540885508060455, 0.17575418949127197, 0.17719002068042755, 0.2004462033510208, 0.174148827791214, 0.17376591265201569, 0.16990011930465698, 0.17964041233062744, 0.18066219985485077, 0.17687124013900757, 0.17318880558013916, 0.1728212535381317, 0.17274877429008484, 0.17424099147319794, 0.17410112917423248, 0.16991394758224487, 0.1808372288942337, 0.18111495673656464, 0.17316162586212158, 0.17417217791080475, 0.18253770470619202, 0.17168495059013367, 0.17662200331687927, 0.17219963669776917, 0.18245166540145874, 0.1792115420103073, 0.16875974833965302, 0.1769549548625946, 0.17301200330257416, 0.17065495252609253, 0.17611421644687653, 0.16795381903648376, 0.16954420506954193, 0.1681412160396576, 0.16755759716033936, 0.1673385053873062, 0.16794197261333466, 0.18662668764591217, 0.1718698889017105, 0.1698923110961914, 0.1680060178041458, 0.16434350609779358, 0.16514909267425537, 0.16738948225975037, 0.16403645277023315]",20.0,"[33.0, 33.0, 33.0, 33.0, 33.0, 33.0, 33.0, 33.0, 33.0, 33.0, 33.0, 33.0, 33.0, 33.0, 33.0, 33.0, 33.0, 33.0, 33.0, 33.0, 33.0, 33.0, 33.0, 33.0, 33.0, 33.0, 33.0, 33.0, 33.0, 33.0, 33.0, 33.0, 33.0, 33.0, 33.0, 33.0, 33.0, 33.0, 33.0, 33.0, 33.0, 33.0, 33.0, 33.0, 33.0, 33.0, 33.0, 33.0, 33.0, 33.0, 33.0, 33.0, 33.0, 33.0, 33.0, 33.0, 33.0, 33.0, 33.0, 33.0, 33.0, 33.0, 33.0, 33.0, 33.0, 33.0, 33.0, 33.0, 33.0, 33.0, 32.0, 32.0, 31.0, 30.0, 30.0, 30.0, 30.0, 30.0, 30.0, 30.0, 30.0, 29.0, 29.0, 29.0, 29.0, 29.0, 29.0, 29.0, 29.0, 29.0, 28.0, 25.0, 25.0, 24.0, 24.0, 23.0, 23.0, 22.0, 21.0, 21.0, 21.0, 21.0, 21.0, 21.0, 21.0, 21.0, 21.0, 21.0, 21.0, 21.0, 21.0, 21.0, 21.0, 21.0, 21.0, 21.0, 21.0, 21.0, 21.0, 21.0, 21.0, 21.0, 21.0, 21.0, 21.0, 21.0, 21.0, 21.0, 21.0, 21.0, 21.0, 21.0, 21.0, 21.0, 21.0, 21.0, 21.0, 21.0, 21.0, 21.0, 21.0, 21.0, 21.0, 21.0, 21.0, 21.0, 21.0, 21.0, 21.0, 21.0, 21.0, 21.0, 21.0, 21.0, 21.0, 21.0, 21.0, 21.0, 21.0, 21.0, 21.0, 21.0, 21.0, 21.0, 21.0, 21.0, 21.0, 21.0, 21.0, 21.0, 20.0, 20.0, 20.0, 20.0, 20.0, 20.0, 20.0, 20.0, 20.0, 20.0, 20.0, 20.0, 20.0, 20.0, 20.0]",COMPLETE
10,10,0.5,2024-08-31 00:45:09.447345,2024-08-31 00:45:28.883032,0 days 00:00:19.435687,64,3.572023037077471,1,245,0.6078676658547038,55,0.02305975020638388,0.859,0.85875,0,"[2, 4, 3, 1, 1, 1, 2, 2, 2, 1, 1, 1, 2, 1, 1, 2, 2, 1, 1, 1, 2, 2, 0, 0, 2, 0, 0, 2, 2, 0, 1, 0, 0, 1, 1, 0, 0, 2, 0, 0, 2, 0, 0, 2, 0, 0, 3, 0, 0, 2, 1, 1, 1, 0, 2, 2, 0, 1, 1, 1, 2, 1, 1, 1, 0, 2, 2, 0, 1, 1, 0, 0, 2, 0, 0, 3, 0, 0, 3, 3, 0, 0, 0, 1, 1, 0, 0, 2, 0, 0, 1, 0, 0, 3, 0, 0, 2, 0, 0, 4, 3, 0, 0, 2, 0, 0, 1, 0, 0, 2, 2, 0, 0, 3, 2, 0, 0, 2, 0, 0, 3, 3, 0, 0, 1, 0, 0, 3, 1, 0, 0, 0, 2, 2, 0, 2, 2, 0, 3, 2, 0, 0, 2, 2, 0, 0, 2, 0, 0, 3, 2, 2, 0, 0, 2, 2, 0, 0, 2, 0, 0, 0, 0, 0, 0, 0, 1, 1, 1, 0, 0, 2, 0, 0, 0, 2, 2, 0, 0, 1, 1, 1, 0, 0, 2, 0, 0, 1, 0, 0, 3, 0, 0, 2, 2, 0, 0, 3, 0, 0, 2, 2, 0, 3, 3, 0, 0, 3, 0, 0, 2, 0, 0, 3, 3, 0, 0, 2, 0, 0, 0, 0, 0, 0, 0, 0, 0, 0, 0, 0, 0, 0, 0, 0, 0, 0, 0, 0, 1, 1, 1, 0, 0, 2, 0]",0.0,"[2.0, 4.0, 3.0, 1.0, 1.0, 1.0, 2.0, 2.0, 2.0, 1.0, 1.0, 1.0, 2.0, 1.0, 1.0, 2.0, 2.0, 1.0, 1.0, 1.0, 2.0, 2.0, 0.0, 0.0, 2.0, 0.0, 0.0, 2.0, 2.0, 0.0, 1.0, 0.0, 0.0, 1.0, 1.0, 0.0, 0.0, 2.0, 0.0, 0.0, 2.0, 0.0, 0.0, 2.0, 0.0, 0.0, 3.0, 0.0, 0.0, 2.0, 1.0, 1.0, 1.0, 0.0, 2.0, 2.0, 0.0, 1.0, 1.0, 1.0, 2.0, 1.0, 1.0, 1.0, 0.0, 2.0, 2.0, 0.0, 1.0, 1.0, 0.0, 0.0, 2.0, 0.0, 0.0, 3.0, 0.0, 0.0, 3.0, 3.0, 0.0, 0.0, 0.0, 1.0, 1.0, 0.0, 0.0, 2.0, 0.0, 0.0, 1.0, 0.0, 0.0, 3.0, 0.0, 0.0, 2.0, 0.0, 0.0, 4.0, 3.0, 0.0, 0.0, 2.0, 0.0, 0.0, 1.0, 0.0, 0.0, 2.0, 2.0, 0.0, 0.0, 3.0, 2.0, 0.0, 0.0, 2.0, 0.0, 0.0, 3.0, 3.0, 0.0, 0.0, 1.0, 0.0, 0.0, 3.0, 1.0, 0.0, 0.0, 0.0, 2.0, 2.0, 0.0, 2.0, 2.0, 0.0, 3.0, 2.0, 0.0, 0.0, 2.0, 2.0, 0.0, 0.0, 2.0, 0.0, 0.0, 3.0, 2.0, 2.0, 0.0, 0.0, 2.0, 2.0, 0.0, 0.0, 2.0, 0.0, 0.0, 0.0, 0.0, 0.0, 0.0, 0.0, 1.0, 1.0, 1.0, 0.0, 0.0, 2.0, 0.0, 0.0, 0.0, 2.0, 2.0, 0.0, 0.0, 1.0, 1.0, 1.0, 0.0, 0.0, 2.0, 0.0, 0.0, 1.0, 0.0, 0.0, 3.0, 0.0, 0.0, 2.0, 2.0, 0.0, 0.0, 3.0, 0.0, 0.0, 2.0, 2.0, 0.0, 3.0, 3.0, 0.0, 0.0, 3.0, 0.0, 0.0, 2.0, 0.0, 0.0, 3.0, 3.0, 0.0, 0.0, 2.0, 0.0, 0.0, 0.0, 0.0, 0.0, 0.0, 0.0, 0.0, 0.0, 0.0, 0.0, 0.0, 0.0, 0.0, 0.0, 0.0, 0.0, 0.0, 0.0, 0.0, 1.0, 1.0, 1.0, 0.0, 0.0, 2.0, 0.0]",0.5,0.5,0,"[2, 4, 3, 1, 1, 1, 2, 2, 2, 1, 1, 1, 2, 1, 1, 2, 2, 1, 1, 1, 2, 2, 0, 0, 2, 0, 0, 2, 2, 0, 1, 0, 0, 1, 1, 0, 0, 2, 0, 0, 2, 0, 0, 2, 0, 0, 3, 0, 0, 2, 1, 1, 1, 0, 2, 2, 0, 1, 1, 1, 2, 1, 1, 1, 0, 2, 2, 0, 1, 1, 0, 0, 2, 0, 0, 3, 0, 0, 3, 3, 0, 0, 0, 1, 1, 0, 0, 2, 0, 0, 1, 0, 0, 3, 0, 0, 2, 0, 0, 4, 3, 0, 0, 2, 0, 0, 1, 0, 0, 2, 2, 0, 0, 3, 2, 0, 0, 2, 0, 0, 3, 3, 0, 0, 1, 0, 0, 3, 1, 0, 0, 0, 2, 2, 0, 2, 2, 0, 3, 2, 0, 0, 2, 2, 0, 0, 2, 0, 0, 3, 2, 2, 0, 0, 2, 2, 0, 0, 2, 0, 0, 0, 0, 0, 0, 0, 1, 1, 1, 0, 0, 2, 0, 0, 0, 2, 2, 0, 0, 1, 1, 1, 0, 0, 2, 0, 0, 1, 0, 0, 3, 0, 0, 2, 2, 0, 0, 3, 0, 0, 2, 2, 0, 3, 3, 0, 0, 3, 0, 0, 2, 0, 0, 3, 3, 0, 0, 2, 0, 0, 0, 0, 0, 0, 0, 0, 0, 0, 0, 0, 0, 0, 0, 0, 0, 0, 0, 0, 1, 1, 1, 0, 0, 2, 0]",245,"[12.841711044311523, 24.564613342285156, 4.563709259033203, 19.91444969177246, 17.41472625732422, 9.840731620788574, 21.015764236450195, 16.154327392578125, 14.370993614196777, 30.07897186279297, 11.808492660522461, 19.617284774780273, 9.71500015258789, 22.391002655029297, 2.394136905670166, 19.726932525634766, 34.425010681152344, 13.920661926269531, 29.767505645751953, 9.778095245361328, 25.648767471313477, 5.387876987457275, 21.650230407714844, 0.8981506824493408, 15.04076862335205, 27.955137252807617, 9.94410514831543, 24.95063018798828, 10.881909370422363, 10.009199142456055, 16.78169822692871, 4.604533672332764, 11.90887451171875, 23.675460815429688, 4.239171504974365, 16.121871948242188, 17.88836097717285, 7.58773946762085, 15.80541706085205, 19.027420043945312, 4.3764472007751465, 20.635814666748047, 1.8611652851104736, 11.80713176727295, 22.71371078491211, 1.8810369968414307, 14.966743469238281, 26.636093139648438, 9.938879013061523, 23.287477493286133, 1.667940616607666, 15.602258682250977, 21.72498321533203, 4.737226486206055, 22.674692153930664, 8.599339485168457, 10.98959732055664, 22.689342498779297, 2.870211601257324, 15.166099548339844, 31.300050735473633, 9.604405403137207, 24.028535842895508, 12.506381034851074, 12.14017105102539, 25.110300064086914, 6.129395008087158, 11.015739440917969, 22.045557022094727, 5.0453200340271, 15.04171371459961, 22.737449645996094, 6.022076606750488, 22.507837295532227, 0.7853711843490601, 17.34729766845703, 29.58453369140625, 12.060772895812988, 27.036941528320312, 7.750547409057617, 15.732122421264648, 5.122332572937012, 11.560341835021973, 24.716577529907227, 5.1487908363342285, 16.207595825195312, 20.718338012695312, 8.718239784240723, 16.082508087158203, 6.5392680168151855, 11.055866241455078, 22.762134552001953, 3.8445534706115723, 13.857604026794434, 20.630840301513672, 2.455637216567993, 12.600951194763184, 27.67682647705078, 11.29772663116455, 27.257396697998047, 10.047016143798828, 17.366043090820312, 3.2026255130767822, 8.550092697143555, 19.512619018554688, 3.716245412826538, 15.320135116577148, 25.288328170776367, 8.696784973144531, 22.0073184967041, 34.17301940917969, 17.222448348999023, 14.137742042541504, 8.894515037536621, 3.76267147064209, 22.840309143066406, 5.424346923828125, 14.811113357543945, 26.950462341308594, 8.005166053771973, 23.966012954711914, 16.995525360107422, 16.937963485717773, 0.4293852150440216, 15.410477638244629, 27.219514846801758, 8.113297462463379, 20.63006019592285, 28.74750518798828, 13.52777099609375, 13.00617790222168, 10.880444526672363, 23.347389221191406, 7.426724433898926, 9.984264373779297, 22.357521057128906, 19.420738220214844, 15.615337371826172, 30.349279403686523, 3.5883400440216064, 25.354843139648438, 8.916153907775879, 20.424697875976562, 25.028898239135742, 17.477235794067383, 15.545459747314453, 11.707533836364746, 26.805381774902344, 7.888795375823975, 21.288881301879883, 22.306489944458008, 20.894508361816406, 17.700660705566406, 11.165613174438477, 8.82060432434082, 3.6548426151275635, 20.825380325317383, 3.445796012878418, 14.369073867797852, 18.406078338623047, 1.1727532148361206, 7.021241664886475, 19.59345245361328, 3.3141863346099854, 16.381397247314453, 0.41923820972442627, 17.4776554107666, 28.66998863220215, 10.344021797180176, 20.06303596496582, 2.9255406856536865, 12.420485496520996, 16.665054321289062, 4.792288303375244, 10.508784294128418, 23.128650665283203, 9.218108177185059, 12.683837890625, 6.312496185302734, 18.06379508972168, 19.362794876098633, 11.011295318603516, 20.058364868164062, 2.2423200607299805, 12.83349323272705, 18.917640686035156, 3.638434410095215, 14.652240753173828, 25.303598403930664, 8.650703430175781, 18.090185165405273, 32.17361831665039, 14.519474029541016, 27.38686752319336, 3.9805612564086914, 23.128280639648438, 4.604565620422363, 16.489288330078125, 26.362565994262695, 9.615890502929688, 22.94009780883789, 24.09502601623535, 15.956276893615723, 31.7871036529541, 4.299318790435791, 26.145673751831055, 8.778592109680176, 20.198814392089844, 24.281970977783203, 6.384137153625488, 18.541748046875, 30.165647506713867, 13.01578140258789, 27.161548614501953, 10.96432876586914, 17.332897186279297, 0.41598397493362427, 13.272851943969727, 20.327896118164062, 3.883603572845459, 10.471789360046387, 21.387462615966797, 6.054139614105225, 18.488771438598633, 3.2569210529327393, 10.99179458618164, 23.96747589111328, 7.709528923034668, 12.221660614013672, 4.320294380187988, 11.546300888061523, 19.200727462768555, 3.8783838748931885, 14.929862976074219, 4.972955703735352, 10.776042938232422, 23.573022842407227, 7.847387790679932, 20.420631408691406, 1.6831432580947876, 13.867745399475098, 23.490581512451172, 5.423821449279785, 17.79560661315918, 32.31291961669922]",0.0,"[2.0, 4.0, 3.0, 1.0, 1.0, 1.0, 2.0, 2.0, 2.0, 1.0, 1.0, 1.0, 2.0, 1.0, 1.0, 2.0, 2.0, 1.0, 1.0, 1.0, 2.0, 2.0, 0.0, 0.0, 2.0, 0.0, 0.0, 2.0, 2.0, 0.0, 1.0, 0.0, 0.0, 1.0, 1.0, 0.0, 0.0, 2.0, 0.0, 0.0, 2.0, 0.0, 0.0, 2.0, 0.0, 0.0, 3.0, 0.0, 0.0, 2.0, 1.0, 1.0, 1.0, 0.0, 2.0, 2.0, 0.0, 1.0, 1.0, 1.0, 2.0, 1.0, 1.0, 1.0, 0.0, 2.0, 2.0, 0.0, 1.0, 1.0, 0.0, 0.0, 2.0, 0.0, 0.0, 3.0, 0.0, 0.0, 3.0, 3.0, 0.0, 0.0, 0.0, 1.0, 1.0, 0.0, 0.0, 2.0, 0.0, 0.0, 1.0, 0.0, 0.0, 3.0, 0.0, 0.0, 2.0, 0.0, 0.0, 4.0, 3.0, 0.0, 0.0, 2.0, 0.0, 0.0, 1.0, 0.0, 0.0, 2.0, 2.0, 0.0, 0.0, 3.0, 2.0, 0.0, 0.0, 2.0, 0.0, 0.0, 3.0, 3.0, 0.0, 0.0, 1.0, 0.0, 0.0, 3.0, 1.0, 0.0, 0.0, 0.0, 2.0, 2.0, 0.0, 2.0, 2.0, 0.0, 3.0, 2.0, 0.0, 0.0, 2.0, 2.0, 0.0, 0.0, 2.0, 0.0, 0.0, 3.0, 2.0, 2.0, 0.0, 0.0, 2.0, 2.0, 0.0, 0.0, 2.0, 0.0, 0.0, 0.0, 0.0, 0.0, 0.0, 0.0, 1.0, 1.0, 1.0, 0.0, 0.0, 2.0, 0.0, 0.0, 0.0, 2.0, 2.0, 0.0, 0.0, 1.0, 1.0, 1.0, 0.0, 0.0, 2.0, 0.0, 0.0, 1.0, 0.0, 0.0, 3.0, 0.0, 0.0, 2.0, 2.0, 0.0, 0.0, 3.0, 0.0, 0.0, 2.0, 2.0, 0.0, 3.0, 3.0, 0.0, 0.0, 3.0, 0.0, 0.0, 2.0, 0.0, 0.0, 3.0, 3.0, 0.0, 0.0, 2.0, 0.0, 0.0, 0.0, 0.0, 0.0, 0.0, 0.0, 0.0, 0.0, 0.0, 0.0, 0.0, 0.0, 0.0, 0.0, 0.0, 0.0, 0.0, 0.0, 0.0, 1.0, 1.0, 1.0, 0.0, 0.0, 2.0, 0.0]",COMPLETE
