,number,value,datetime_start,datetime_complete,duration,params_batch_size_scaler,params_constant_learning_rate,params_depth,params_epochs,params_kernel_l2,params_num_trees,params_temperature,user_attrs_accuracy_test,user_attrs_accuracy_valid,user_attrs_approximate_feature_sparsity,user_attrs_approximate_feature_sparsity_history,user_attrs_approximate_weight_sparsity,user_attrs_approximate_weight_sparsity_history,user_attrs_auc_test,user_attrs_auc_valid,user_attrs_feature_sparsity,user_attrs_feature_sparsity_history,user_attrs_num_epochs,user_attrs_val_loss_history,user_attrs_weight_sparsity,user_attrs_weight_sparsity_history,state
50,50,0.8044337957774601,2024-08-31 02:25:12.657227,2024-08-31 02:29:53.976165,0 days 00:04:41.318938,16,0.10632209632873643,6,310,0.001471154986564289,73,0.04329380884373884,0.879,0.8775,33,"[33, 33, 33, 33, 33, 33, 33, 33, 33, 33, 33, 33, 33, 33, 33, 33, 33, 33, 33, 33, 33, 33, 33, 33, 33, 33, 33, 33, 33, 33, 33, 33, 33, 33, 33, 33, 33, 33, 33, 33, 33, 33, 33, 33, 33, 33, 33, 33, 33, 33, 33, 33, 33, 33, 33, 33, 33, 33, 33, 33, 33, 33, 33, 33, 33, 33, 33, 33, 33, 33, 33, 33, 33, 33, 33, 33, 33, 33, 33, 33, 33, 33, 33, 33, 33, 33, 33, 33, 33, 33, 33, 33, 33, 33, 33, 33, 33, 33, 33, 33, 33, 33, 33, 33, 33, 33, 33, 33, 33, 33, 33, 33, 33, 33, 33, 33, 33, 33, 33, 33, 33, 33, 33, 33, 33, 33, 33, 33, 33, 33, 33, 33, 33, 33, 33, 33, 33, 33, 33, 33, 33, 33, 33, 33, 33, 33, 33, 33, 33, 33, 33, 33, 33, 33, 33, 33, 33, 33, 33, 33, 33, 33, 33, 33, 33, 33, 33, 33, 33, 33, 33, 33, 33, 33, 33, 33, 33, 33, 33, 33, 33, 33, 33, 33, 33, 33, 33, 33, 33, 33, 33, 33, 33, 33, 33, 33, 33, 33, 33, 33, 33, 33, 33, 33, 33, 33, 33, 33, 33, 33, 33, 33, 33, 33, 33, 33, 33, 33, 33, 33, 33, 33, 33, 33, 33, 33, 33, 33, 33, 33, 33, 33, 33, 33, 33, 33, 33, 33, 33, 33, 33, 33, 33, 33, 33, 33, 33, 33, 33, 33, 33, 33, 33, 33, 33, 33, 33, 33, 33, 33, 33, 33, 33, 33, 33, 33, 33, 33, 33, 33, 33, 33, 33, 33, 33, 33, 33, 33, 33, 33, 33, 33, 33, 33, 33, 33, 33, 33, 33, 33, 33, 33, 33, 33, 33, 33, 33, 33, 33, 33, 33, 33, 33, 33, 33, 33, 33, 33, 33, 33]",32.913676886279625,"[32.90976299195477, 32.91041530767558, 32.913676886279625, 32.90889323766036, 32.90671885192433, 32.90715372907154, 32.909328114807565, 32.91019786910198, 32.90867579908676, 32.91041530767558, 32.91280713198522, 32.90976299195477, 32.90998043052838, 32.910632746249185, 32.91411176342683, 32.911937377690805, 32.9117199391172, 32.913459447706025, 32.91389432485323, 32.912372254838004, 32.913459447706025, 32.914981517721245, 32.91258969341161, 32.911937377690805, 32.91454664057404, 32.91106762339639, 32.90824092193955, 32.91389432485323, 32.914981517721245, 32.91411176342683, 32.913459447706025, 32.91454664057404, 32.910850184822785, 32.912154816264405, 32.91128506196999, 32.91128506196999, 32.90824092193955, 32.904544466188305, 32.903674711893885, 32.89997825614264, 32.900413133289845, 32.901935203305065, 32.904761904761905, 32.90541422048272, 32.904761904761905, 32.904979343335505, 32.90758860621874, 32.908023483365945, 32.90867579908675, 32.90671885192433, 32.904761904761905, 32.908023483365945, 32.90824092193955, 32.90802348336595, 32.90715372907154, 32.90584909762992, 32.90911067623396, 32.91106762339639, 32.91237225483801, 32.91019786910198, 32.90715372907154, 32.908023483365945, 32.909328114807565, 32.91041530767558, 32.908893237660365, 32.90606653620352, 32.90715372907154, 32.906066536203525, 32.90889323766036, 32.90650141335073, 32.90867579908676, 32.910415307675585, 32.908893237660365, 32.90845836051316, 32.90650141335073, 32.9115025005436, 32.910850184822785, 32.91411176342683, 32.91411176342683, 32.914981517721245, 32.91998260491411, 32.91759078060448, 32.91759078060448, 32.91737334203087, 32.91606871058925, 32.912154816264405, 32.91128506196999, 32.90845836051315, 32.910850184822785, 32.91019786910198, 32.91019786910198, 32.91411176342683, 32.913894324853224, 32.912372254838004, 32.91345944770602, 32.91541639486845, 32.91585127201566, 32.91693846488367, 32.91737334203088, 32.91737334203088, 32.9117199391172, 32.913459447706025, 32.9115025005436, 32.91258969341161, 32.911067623396384, 32.913894324853224, 32.91237225483801, 32.91128506196999, 32.91237225483801, 32.91128506196999, 32.914981517721245, 32.91541639486845, 32.91585127201566, 32.91432920200044, 32.91324200913242, 32.914981517721245, 32.913676886279625, 32.914764079147645, 32.91563383344205, 32.916286149162865, 32.918243096325284, 32.91541639486845, 32.91280713198521, 32.9115025005436, 32.909110676233965, 32.909110676233965, 32.90715372907154, 32.9045444661883, 32.909110676233965, 32.90976299195477, 32.913894324853224, 32.914981517721245, 32.91563383344205, 32.913459447706025, 32.90845836051315, 32.90867579908676, 32.912372254838004, 32.90867579908676, 32.90867579908676, 32.90954555338117, 32.910632746249185, 32.90954555338117, 32.913676886279625, 32.91606871058926, 32.91541639486845, 32.913676886279625, 32.912154816264405, 32.910632746249185, 32.91389432485323, 32.91106762339639, 32.91585127201566, 32.91585127201566, 32.91737334203088, 32.914981517721245, 32.91454664057404, 32.913894324853224, 32.91324200913242, 32.911937377690805, 32.91411176342683, 32.913676886279625, 32.91280713198522, 32.91563383344205, 32.914764079147645, 32.91411176342683, 32.91628614916286, 32.915198956294844, 32.91432920200043, 32.915416394868444, 32.91476407914764, 32.91715590345727, 32.91715590345727, 32.91606871058926, 32.918025657751684, 32.919330289193304, 32.91759078060448, 32.91737334203088, 32.91432920200044, 32.913676886279625, 32.91389432485323, 32.91432920200044, 32.912154816264405, 32.91106762339639, 32.913459447706025, 32.915198956294844, 32.915198956294844, 32.913676886279625, 32.91411176342683, 32.91606871058926, 32.916286149162865, 32.91672102631007, 32.91563383344205, 32.915198956294844, 32.91585127201566, 32.91541639486845, 32.91389432485323, 32.91585127201566, 32.917590780604485, 32.91759078060448, 32.91606871058926, 32.9191128506197, 32.91824309632529, 32.91563383344205, 32.91324200913242, 32.91411176342683, 32.913676886279625, 32.91411176342683, 32.91585127201566, 32.916503587736464, 32.917590780604485, 32.91563383344205, 32.91693846488367, 32.91563383344205, 32.916721026310064, 32.91737334203088, 32.916503587736464, 32.91606871058926, 32.91759078060448, 32.91693846488367, 32.91693846488367, 32.91737334203087, 32.92020004348771, 32.919765166340504, 32.91824309632529, 32.91846053489889, 32.91846053489889, 32.92041748206132, 32.91867797347249, 32.918243096325284, 32.917808219178085, 32.91846053489889, 32.918025657751684, 32.91759078060448, 32.91846053489889, 32.918243096325284, 32.91628614916286, 32.914981517721245, 32.91454664057404, 32.917808219178085, 32.91541639486845, 32.915198956294844, 32.91258969341161, 32.9119373776908, 32.910632746249185, 32.909110676233965, 32.90867579908676, 32.90998043052837, 32.90998043052838, 32.910415307675585, 32.90998043052837, 32.909110676233965, 32.91041530767558, 32.90976299195477, 32.90737116764514, 32.90867579908676, 32.90802348336595, 32.908023483365945, 32.907806044792345, 32.91128506196999, 32.91476407914764, 32.916938464883664, 32.91606871058926, 32.915198956294844, 32.916503587736464, 32.91541639486845, 32.91824309632529, 32.9186779734725, 32.91606871058926, 32.913459447706025, 32.912154816264405, 32.909328114807565, 32.9117199391172, 32.912154816264405, 32.915198956294844, 32.91563383344205, 32.91715590345727, 32.91715590345727, 32.91541639486845, 32.91389432485323, 32.91606871058926, 32.91563383344205, 32.91715590345727, 32.91867797347249, 32.91737334203088, 32.91715590345727, 32.91759078060448, 32.91454664057404, 32.91432920200043, 32.91389432485323, 32.915198956294844, 32.915198956294844, 32.91302457055882, 32.91476407914764, 32.91737334203088, 32.91541639486845, 32.913676886279625, 32.91432920200043, 32.91432920200043, 32.91563383344205, 32.91606871058926, 32.91454664057404, 32.912154816264405, 32.91411176342683, 32.91541639486845, 32.91563383344205, 32.91759078060448, 32.91628614916286, 32.91541639486845, 32.91324200913242, 32.91302457055881, 32.913676886279625]",0.824866453653019,0.8044337957774601,33,"[33, 33, 33, 33, 33, 33, 33, 33, 33, 33, 33, 33, 33, 33, 33, 33, 33, 33, 33, 33, 33, 33, 33, 33, 33, 33, 33, 33, 33, 33, 33, 33, 33, 33, 33, 33, 33, 33, 33, 33, 33, 33, 33, 33, 33, 33, 33, 33, 33, 33, 33, 33, 33, 33, 33, 33, 33, 33, 33, 33, 33, 33, 33, 33, 33, 33, 33, 33, 33, 33, 33, 33, 33, 33, 33, 33, 33, 33, 33, 33, 33, 33, 33, 33, 33, 33, 33, 33, 33, 33, 33, 33, 33, 33, 33, 33, 33, 33, 33, 33, 33, 33, 33, 33, 33, 33, 33, 33, 33, 33, 33, 33, 33, 33, 33, 33, 33, 33, 33, 33, 33, 33, 33, 33, 33, 33, 33, 33, 33, 33, 33, 33, 33, 33, 33, 33, 33, 33, 33, 33, 33, 33, 33, 33, 33, 33, 33, 33, 33, 33, 33, 33, 33, 33, 33, 33, 33, 33, 33, 33, 33, 33, 33, 33, 33, 33, 33, 33, 33, 33, 33, 33, 33, 33, 33, 33, 33, 33, 33, 33, 33, 33, 33, 33, 33, 33, 33, 33, 33, 33, 33, 33, 33, 33, 33, 33, 33, 33, 33, 33, 33, 33, 33, 33, 33, 33, 33, 33, 33, 33, 33, 33, 33, 33, 33, 33, 33, 33, 33, 33, 33, 33, 33, 33, 33, 33, 33, 33, 33, 33, 33, 33, 33, 33, 33, 33, 33, 33, 33, 33, 33, 33, 33, 33, 33, 33, 33, 33, 33, 33, 33, 33, 33, 33, 33, 33, 33, 33, 33, 33, 33, 33, 33, 33, 33, 33, 33, 33, 33, 33, 33, 33, 33, 33, 33, 33, 33, 33, 33, 33, 33, 33, 33, 33, 33, 33, 33, 33, 33, 33, 33, 33, 33, 33, 33, 33, 33, 33, 33, 33, 33, 33, 33, 33, 33, 33, 33, 33, 33, 33]",310,"[0.46551093459129333, 0.42014235258102417, 0.4065820276737213, 0.4013684391975403, 0.3983266353607178, 0.396333247423172, 0.39486971497535706, 0.39359593391418457, 0.3924822211265564, 0.3914036154747009, 0.39038029313087463, 0.3893727958202362, 0.3884110152721405, 0.38755810260772705, 0.3867397606372833, 0.38591599464416504, 0.3851345479488373, 0.38436663150787354, 0.38363540172576904, 0.38295355439186096, 0.3822990357875824, 0.3817046284675598, 0.38109835982322693, 0.380486398935318, 0.3799293637275696, 0.3793923854827881, 0.37883660197257996, 0.3783646821975708, 0.37786784768104553, 0.3774021863937378, 0.37691617012023926, 0.37647658586502075, 0.3760484457015991, 0.3756415843963623, 0.37524592876434326, 0.3748367726802826, 0.3744904696941376, 0.3740968704223633, 0.37377968430519104, 0.3734050989151001, 0.3730805218219757, 0.37271517515182495, 0.3724209666252136, 0.372137188911438, 0.3717931807041168, 0.37146273255348206, 0.371176540851593, 0.37087687849998474, 0.37060320377349854, 0.3703533113002777, 0.370060533285141, 0.36982405185699463, 0.3695400357246399, 0.36932894587516785, 0.36902305483818054, 0.36879265308380127, 0.3685879409313202, 0.36835455894470215, 0.3681061267852783, 0.36789047718048096, 0.3676683008670807, 0.3673664331436157, 0.3671295642852783, 0.36689209938049316, 0.3666418194770813, 0.36644381284713745, 0.366260290145874, 0.36603692173957825, 0.36581066250801086, 0.365602046251297, 0.3653641939163208, 0.3651573956012726, 0.36494994163513184, 0.36476826667785645, 0.3645826578140259, 0.3643677830696106, 0.3641730546951294, 0.3639752268791199, 0.36376655101776123, 0.3635353744029999, 0.36334842443466187, 0.36312785744667053, 0.3629191219806671, 0.3627080023288727, 0.3625270128250122, 0.362379252910614, 0.3621852397918701, 0.36202776432037354, 0.3618628978729248, 0.3616420030593872, 0.36146149039268494, 0.3612816333770752, 0.36110255122184753, 0.36087071895599365, 0.36064621806144714, 0.3604615330696106, 0.36028632521629333, 0.36013489961624146, 0.35989558696746826, 0.35970747470855713, 0.35953643918037415, 0.35934585332870483, 0.35914504528045654, 0.35899731516838074, 0.3587968945503235, 0.3585996627807617, 0.35836368799209595, 0.3581828773021698, 0.3580997586250305, 0.35786888003349304, 0.35769888758659363, 0.3574787378311157, 0.35728031396865845, 0.35707274079322815, 0.35691115260124207, 0.35677120089530945, 0.35656243562698364, 0.35636886954307556, 0.3561513125896454, 0.3559512197971344, 0.3557772934436798, 0.35559242963790894, 0.3554038107395172, 0.35521775484085083, 0.3550274670124054, 0.3548468351364136, 0.3547053933143616, 0.3544979989528656, 0.3543452322483063, 0.3541908264160156, 0.35403165221214294, 0.35384032130241394, 0.3536533713340759, 0.35347914695739746, 0.3532613515853882, 0.3531387448310852, 0.3529333472251892, 0.3526711165904999, 0.3524739146232605, 0.35227760672569275, 0.3521220088005066, 0.3519306182861328, 0.35173964500427246, 0.351546049118042, 0.3513736426830292, 0.35124191641807556, 0.35105687379837036, 0.35084864497184753, 0.35063353180885315, 0.3504717946052551, 0.35027438402175903, 0.3500908613204956, 0.349895715713501, 0.3497285544872284, 0.34949126839637756, 0.3493461608886719, 0.3491284251213074, 0.3489750325679779, 0.3488101661205292, 0.34858620166778564, 0.3483771085739136, 0.3482205867767334, 0.3480197787284851, 0.3478453457355499, 0.34766077995300293, 0.34746915102005005, 0.34729811549186707, 0.34716227650642395, 0.3469434678554535, 0.34673988819122314, 0.34654176235198975, 0.346358984708786, 0.34618788957595825, 0.3460206985473633, 0.3458486497402191, 0.3456992208957672, 0.3454515039920807, 0.34527456760406494, 0.34513890743255615, 0.34496334195137024, 0.34479397535324097, 0.34460175037384033, 0.34440621733665466, 0.3442012369632721, 0.344089150428772, 0.34388020634651184, 0.3436506986618042, 0.34349432587623596, 0.34330853819847107, 0.34312599897384644, 0.34294188022613525, 0.34274905920028687, 0.34258610010147095, 0.3423902094364166, 0.34223732352256775, 0.34199562668800354, 0.34186676144599915, 0.34169241786003113, 0.34147360920906067, 0.3412940502166748, 0.3410445749759674, 0.340859055519104, 0.340656042098999, 0.3404788672924042, 0.3402465581893921, 0.340066522359848, 0.3398303687572479, 0.339635968208313, 0.33948054909706116, 0.33934909105300903, 0.3391857445240021, 0.33897027373313904, 0.33879512548446655, 0.33857467770576477, 0.33839938044548035, 0.33818328380584717, 0.3379960358142853, 0.33782604336738586, 0.3376529812812805, 0.3374798595905304, 0.33731770515441895, 0.33709716796875, 0.3368840515613556, 0.3366692364215851, 0.33645448088645935, 0.33627480268478394, 0.33605217933654785, 0.33588820695877075, 0.33569657802581787, 0.33551350235939026, 0.3353205919265747, 0.3351325988769531, 0.33489713072776794, 0.3346639573574066, 0.3344877362251282, 0.33429011702537537, 0.3340926766395569, 0.333865761756897, 0.3336847424507141, 0.3334670960903168, 0.3332233726978302, 0.33305203914642334, 0.33278679847717285, 0.33261317014694214, 0.3323836624622345, 0.33217012882232666, 0.3319246768951416, 0.3317694067955017, 0.33154842257499695, 0.3313325047492981, 0.3311212658882141, 0.33093175292015076, 0.33069202303886414, 0.3304271399974823, 0.33020031452178955, 0.3300200402736664, 0.32976582646369934, 0.3295346796512604, 0.32934898138046265, 0.32916581630706787, 0.32896214723587036, 0.3287082314491272, 0.32847413420677185, 0.32822903990745544, 0.32802948355674744, 0.3278161287307739, 0.3275744616985321, 0.32734519243240356, 0.32718953490257263, 0.3269626200199127, 0.3267480432987213, 0.3265618085861206, 0.326346218585968, 0.3260730504989624, 0.3258250057697296, 0.32557177543640137, 0.32537174224853516, 0.32514888048171997, 0.32489609718322754, 0.324657142162323, 0.32440945506095886, 0.3241315484046936, 0.32389718294143677, 0.32372620701789856, 0.3234798014163971, 0.32322895526885986, 0.322997510433197, 0.32279765605926514, 0.3225112557411194, 0.32222679257392883, 0.32200515270233154, 0.3217543065547943, 0.32151615619659424, 0.3213006556034088, 0.32102665305137634, 0.32078227400779724, 0.3205016851425171, 0.32023465633392334, 0.319975882768631, 0.3197588622570038, 0.3195086121559143, 0.3193110525608063, 0.3190152645111084, 0.3188074827194214, 0.3184914290904999, 0.3182310163974762, 0.31796273589134216, 0.3177029490470886, 0.317442387342453, 0.31716597080230713]",33.0,"[33.0, 33.0, 33.0, 33.0, 33.0, 33.0, 33.0, 33.0, 33.0, 33.0, 33.0, 33.0, 33.0, 33.0, 33.0, 33.0, 33.0, 33.0, 33.0, 33.0, 33.0, 33.0, 33.0, 33.0, 33.0, 33.0, 33.0, 33.0, 33.0, 33.0, 33.0, 33.0, 33.0, 33.0, 33.0, 33.0, 33.0, 33.0, 33.0, 33.0, 33.0, 33.0, 33.0, 33.0, 33.0, 33.0, 33.0, 33.0, 33.0, 33.0, 33.0, 33.0, 33.0, 33.0, 33.0, 33.0, 33.0, 33.0, 33.0, 33.0, 33.0, 33.0, 33.0, 33.0, 33.0, 33.0, 33.0, 33.0, 33.0, 33.0, 33.0, 33.0, 33.0, 33.0, 33.0, 33.0, 33.0, 33.0, 33.0, 33.0, 33.0, 33.0, 33.0, 33.0, 33.0, 33.0, 33.0, 33.0, 33.0, 33.0, 33.0, 33.0, 33.0, 33.0, 33.0, 33.0, 33.0, 33.0, 33.0, 33.0, 33.0, 33.0, 33.0, 33.0, 33.0, 33.0, 33.0, 33.0, 33.0, 33.0, 33.0, 33.0, 33.0, 33.0, 33.0, 33.0, 33.0, 33.0, 33.0, 33.0, 33.0, 33.0, 33.0, 33.0, 33.0, 33.0, 33.0, 33.0, 33.0, 33.0, 33.0, 33.0, 33.0, 33.0, 33.0, 33.0, 33.0, 33.0, 33.0, 33.0, 33.0, 33.0, 33.0, 33.0, 33.0, 33.0, 33.0, 33.0, 33.0, 33.0, 33.0, 33.0, 33.0, 33.0, 33.0, 33.0, 33.0, 33.0, 33.0, 33.0, 33.0, 33.0, 33.0, 33.0, 33.0, 33.0, 33.0, 33.0, 33.0, 33.0, 33.0, 33.0, 33.0, 33.0, 33.0, 33.0, 33.0, 33.0, 33.0, 33.0, 33.0, 33.0, 33.0, 33.0, 33.0, 33.0, 33.0, 33.0, 33.0, 33.0, 33.0, 33.0, 33.0, 33.0, 33.0, 33.0, 33.0, 33.0, 33.0, 33.0, 33.0, 33.0, 33.0, 33.0, 33.0, 33.0, 33.0, 33.0, 33.0, 33.0, 33.0, 33.0, 33.0, 33.0, 33.0, 33.0, 33.0, 33.0, 33.0, 33.0, 33.0, 33.0, 33.0, 33.0, 33.0, 33.0, 33.0, 33.0, 33.0, 33.0, 33.0, 33.0, 33.0, 33.0, 33.0, 33.0, 33.0, 33.0, 33.0, 33.0, 33.0, 33.0, 33.0, 33.0, 33.0, 33.0, 33.0, 33.0, 33.0, 33.0, 33.0, 33.0, 33.0, 33.0, 33.0, 33.0, 33.0, 33.0, 33.0, 33.0, 33.0, 33.0, 33.0, 33.0, 33.0, 33.0, 33.0, 33.0, 33.0, 33.0, 33.0, 33.0, 33.0, 33.0, 33.0, 33.0, 33.0, 33.0, 33.0, 33.0, 33.0, 33.0, 33.0, 33.0, 33.0, 33.0, 33.0, 33.0, 33.0, 33.0, 33.0, 33.0, 33.0, 33.0, 33.0, 33.0, 33.0, 33.0, 33.0, 33.0, 33.0, 33.0, 33.0, 33.0, 33.0, 33.0, 33.0, 33.0, 33.0, 33.0]",COMPLETE
