,number,value,datetime_start,datetime_complete,duration,params_batch_size_scaler,params_constant_learning_rate,params_depth,params_epochs,params_kernel_l2,params_num_trees,params_temperature,user_attrs_accuracy_test,user_attrs_accuracy_valid,user_attrs_approximate_feature_sparsity,user_attrs_approximate_feature_sparsity_history,user_attrs_approximate_weight_sparsity,user_attrs_approximate_weight_sparsity_history,user_attrs_auc_test,user_attrs_auc_valid,user_attrs_feature_sparsity,user_attrs_feature_sparsity_history,user_attrs_num_epochs,user_attrs_val_loss_history,user_attrs_weight_sparsity,user_attrs_weight_sparsity_history,state
64,64,0.9090311859952854,2024-08-31 03:21:35.865557,2024-08-31 03:25:16.554086,0 days 00:03:40.688529,1,0.02380265227624386,5,145,0.3694310883571553,42,0.0022853568947488628,0.917,0.9075,33,"[33, 33, 33, 33, 33, 33, 33, 33, 33, 33, 33, 33, 33, 33, 33, 33, 33, 33, 33, 33, 33, 33, 33, 33, 33, 33, 33, 33, 33, 33, 33, 33, 33, 33, 33, 33, 33, 33, 33, 33, 33, 33, 33, 33, 33, 33, 33, 33, 33, 33, 33, 33, 33, 33, 33, 33, 33, 33, 33, 33, 33, 33, 33, 33, 33, 33, 33, 33, 33, 33, 33, 33, 33, 33, 33, 33, 33, 33, 33, 33, 33, 33, 33, 33, 33, 33, 33, 33, 33, 33, 33, 33, 33, 33, 33, 33, 33, 33, 33, 33, 33, 33, 33, 33, 33, 33, 33, 33, 33, 33, 33, 33, 33, 33, 33, 33, 33, 33, 33, 33, 33, 33, 33, 33, 33, 33, 33, 33, 33, 33, 33, 33, 33, 33, 33, 33, 33, 33, 33, 33, 33, 33, 33, 33, 33]",32.933179723502306,"[32.95468509984639, 32.947004608294925, 32.95161290322581, 32.9531490015361, 32.94777265745007, 32.95238095238095, 32.94930875576037, 32.9431643625192, 32.94930875576037, 32.95007680491551, 32.9431643625192, 32.946236559139784, 32.95007680491551, 32.94546850998464, 32.95084485407066, 32.946236559139784, 32.94777265745007, 32.94854070660522, 32.95084485407066, 32.944700460829495, 32.945468509984636, 32.94239631336406, 32.94777265745007, 32.944700460829495, 32.952380952380956, 32.944700460829495, 32.95468509984639, 32.94777265745007, 32.95161290322581, 32.952380952380956, 32.946236559139784, 32.945468509984636, 32.93855606758832, 32.94162826420891, 32.95238095238095, 32.93701996927803, 32.94546850998464, 32.93778801843318, 32.946236559139784, 32.94086021505377, 32.93778801843318, 32.922427035330266, 32.93241167434716, 32.93932411674347, 32.933179723502306, 32.934715821812595, 32.93932411674347, 32.944700460829495, 32.94239631336405, 32.93778801843318, 32.9531490015361, 32.93701996927803, 32.94777265745008, 32.93701996927803, 32.935483870967744, 32.93087557603687, 32.93164362519201, 32.92857142857143, 32.936251920122885, 32.94162826420891, 32.95007680491551, 32.94777265745007, 32.945468509984636, 32.94162826420891, 32.933179723502306, 32.93855606758832, 32.93778801843318, 32.936251920122885, 32.93932411674347, 32.94777265745008, 32.93778801843318, 32.935483870967744, 32.94239631336405, 32.946236559139784, 32.944700460829495, 32.95161290322581, 32.93778801843318, 32.934715821812595, 32.93164362519201, 32.92933947772657, 32.93548387096774, 32.93778801843318, 32.93855606758832, 32.944700460829495, 32.9431643625192, 32.94009216589862, 32.946236559139784, 32.944700460829495, 32.943932411674346, 32.95007680491552, 32.9531490015361, 32.94086021505376, 32.93932411674347, 32.94086021505377, 32.9331797235023, 32.933179723502306, 32.95007680491551, 32.9531490015361, 32.95007680491552, 32.94930875576037, 32.94930875576037, 32.94162826420891, 32.93394777265745, 32.93394777265745, 32.92857142857143, 32.937788018433174, 32.934715821812595, 32.93164362519201, 32.933179723502306, 32.93394777265745, 32.93932411674347, 32.93164362519201, 32.926267281105986, 32.93241167434716, 32.92857142857143, 32.933179723502306, 32.93087557603686, 32.93394777265745, 32.936251920122885, 32.934715821812595, 32.93010752688172, 32.925499231950845, 32.93394777265745, 32.93394777265745, 32.936251920122885, 32.94162826420891, 32.934715821812595, 32.94086021505376, 32.93010752688172, 32.926267281105986, 32.926267281105986, 32.933179723502306, 32.93010752688172, 32.933179723502306, 32.94239631336406, 32.93855606758832, 32.933179723502306, 32.93394777265745, 32.94086021505376, 32.94162826420891, 32.93010752688172, 32.94162826420891, 32.94086021505376, 32.93701996927803, 32.933179723502306]",0.8910245295948613,0.9090311859952854,33,"[33, 33, 33, 33, 33, 33, 33, 33, 33, 33, 33, 33, 33, 33, 33, 33, 33, 33, 33, 33, 33, 33, 33, 33, 33, 33, 33, 33, 33, 33, 33, 33, 33, 33, 33, 33, 33, 33, 33, 33, 33, 33, 33, 33, 33, 33, 33, 33, 33, 33, 33, 33, 33, 33, 33, 33, 33, 33, 33, 33, 33, 33, 33, 33, 33, 33, 33, 33, 33, 33, 33, 33, 33, 33, 33, 33, 33, 33, 33, 33, 33, 33, 33, 33, 33, 33, 33, 33, 33, 33, 33, 33, 33, 33, 33, 33, 33, 33, 33, 33, 33, 33, 33, 33, 33, 33, 33, 33, 33, 33, 33, 33, 33, 33, 33, 33, 33, 33, 33, 33, 33, 33, 33, 33, 33, 33, 33, 33, 33, 33, 33, 33, 33, 33, 33, 33, 33, 33, 33, 33, 33, 33, 33, 33, 33]",145,"[0.41683968901634216, 0.40695154666900635, 0.40205857157707214, 0.39838072657585144, 0.3952731192111969, 0.3927650451660156, 0.3909375071525574, 0.38885241746902466, 0.387284517288208, 0.38598397374153137, 0.38455867767333984, 0.38333916664123535, 0.38192689418792725, 0.3807881474494934, 0.3796672821044922, 0.3786342740058899, 0.3774946331977844, 0.3765106201171875, 0.3754253387451172, 0.37444809079170227, 0.3737519383430481, 0.3726192116737366, 0.3713895082473755, 0.37049704790115356, 0.36950984597206116, 0.3685778081417084, 0.367436945438385, 0.36655765771865845, 0.365619957447052, 0.36441871523857117, 0.3636852204799652, 0.36266037821769714, 0.3616951107978821, 0.360502690076828, 0.3597245514392853, 0.35864096879959106, 0.35759007930755615, 0.35657891631126404, 0.35566699504852295, 0.3547710180282593, 0.3535235524177551, 0.35246649384498596, 0.35154736042022705, 0.35037216544151306, 0.3493596911430359, 0.34812870621681213, 0.34697332978248596, 0.34602952003479004, 0.3448512554168701, 0.3437148630619049, 0.3425837457180023, 0.34139662981033325, 0.3402806520462036, 0.339074969291687, 0.3376661539077759, 0.33658766746520996, 0.33548370003700256, 0.3339531421661377, 0.33275315165519714, 0.331315279006958, 0.3299109637737274, 0.3284693658351898, 0.32703983783721924, 0.3257179260253906, 0.32427164912223816, 0.32304203510284424, 0.32141926884651184, 0.3199174404144287, 0.3184013068675995, 0.3168949782848358, 0.3154408037662506, 0.3138655126094818, 0.3123432993888855, 0.31095895171165466, 0.30950817465782166, 0.3081662058830261, 0.3065820038318634, 0.30518585443496704, 0.3042798340320587, 0.30244168639183044, 0.30108213424682617, 0.2997998297214508, 0.2984239459037781, 0.29709094762802124, 0.2959294021129608, 0.29470932483673096, 0.2935817837715149, 0.2923286557197571, 0.2913617193698883, 0.2902330160140991, 0.2889253497123718, 0.28792130947113037, 0.28661927580833435, 0.2856362760066986, 0.2846387028694153, 0.2837233245372772, 0.28275173902511597, 0.28191760182380676, 0.2810100317001343, 0.28059789538383484, 0.27923789620399475, 0.2782873511314392, 0.2775507867336273, 0.2766471207141876, 0.2759641706943512, 0.27516135573387146, 0.2744159400463104, 0.2736501395702362, 0.27303269505500793, 0.27233487367630005, 0.27169543504714966, 0.2708272933959961, 0.270331472158432, 0.26967066526412964, 0.2689594328403473, 0.2682627737522125, 0.26744669675827026, 0.2670474350452423, 0.266232430934906, 0.26551714539527893, 0.2650231122970581, 0.26466572284698486, 0.2639888525009155, 0.2632480561733246, 0.2628367841243744, 0.2621101140975952, 0.2618047595024109, 0.2612111568450928, 0.2605290710926056, 0.26021939516067505, 0.2595377266407013, 0.2589777708053589, 0.25842222571372986, 0.25817468762397766, 0.2574487030506134, 0.2570033669471741, 0.25656625628471375, 0.25585269927978516, 0.2556418478488922, 0.2552053928375244, 0.2546589970588684, 0.2542969882488251, 0.2539311647415161, 0.2532665729522705, 0.25283244252204895]",33.0,"[33.0, 33.0, 33.0, 33.0, 33.0, 33.0, 33.0, 33.0, 33.0, 33.0, 33.0, 33.0, 33.0, 33.0, 33.0, 33.0, 33.0, 33.0, 33.0, 33.0, 33.0, 33.0, 33.0, 33.0, 33.0, 33.0, 33.0, 33.0, 33.0, 33.0, 33.0, 33.0, 33.0, 33.0, 33.0, 33.0, 33.0, 33.0, 33.0, 33.0, 33.0, 33.0, 33.0, 33.0, 33.0, 33.0, 33.0, 33.0, 33.0, 33.0, 33.0, 33.0, 33.0, 33.0, 33.0, 33.0, 33.0, 33.0, 33.0, 33.0, 33.0, 33.0, 33.0, 33.0, 33.0, 33.0, 33.0, 33.0, 33.0, 33.0, 33.0, 33.0, 33.0, 33.0, 33.0, 33.0, 33.0, 33.0, 33.0, 33.0, 33.0, 33.0, 33.0, 33.0, 33.0, 33.0, 33.0, 33.0, 33.0, 33.0, 33.0, 33.0, 33.0, 33.0, 33.0, 33.0, 33.0, 33.0, 33.0, 33.0, 33.0, 33.0, 33.0, 33.0, 33.0, 33.0, 33.0, 33.0, 33.0, 33.0, 33.0, 33.0, 33.0, 33.0, 33.0, 33.0, 33.0, 33.0, 33.0, 33.0, 33.0, 33.0, 33.0, 33.0, 33.0, 33.0, 33.0, 33.0, 33.0, 33.0, 33.0, 33.0, 33.0, 33.0, 33.0, 33.0, 33.0, 33.0, 33.0, 33.0, 33.0, 33.0, 33.0, 33.0, 33.0]",COMPLETE
65,65,0.926382501835607,2024-08-31 03:25:16.559892,2024-08-31 03:27:14.043405,0 days 00:01:57.483513,4,0.3541243490651267,5,150,0.6057862835226964,100,0.0003568594604366918,0.945,0.945,17,"[33, 33, 33, 33, 33, 33, 33, 33, 33, 33, 33, 33, 33, 33, 33, 33, 33, 33, 33, 33, 33, 33, 33, 33, 33, 33, 33, 33, 33, 33, 33, 33, 33, 33, 33, 33, 33, 33, 33, 33, 33, 30, 28, 24, 24, 22, 22, 21, 21, 21, 21, 20, 19, 19, 19, 19, 19, 19, 19, 19, 19, 19, 19, 19, 19, 19, 19, 19, 19, 19, 18, 18, 18, 18, 18, 18, 18, 18, 18, 18, 18, 18, 18, 18, 18, 18, 18, 18, 18, 18, 18, 18, 18, 18, 18, 18, 18, 18, 18, 18, 18, 18, 18, 18, 18, 18, 18, 18, 18, 18, 18, 18, 18, 18, 18, 18, 18, 18, 17, 17, 17, 17, 17, 17, 17, 17, 17, 17, 17, 17, 17, 17, 17, 17, 17, 17, 17, 17, 17, 17, 17, 17, 17, 17, 17, 17, 17, 17, 17, 17]",16.921935483870968,"[32.92354838709678, 32.92451612903226, 32.92806451612903, 32.920967741935485, 32.92612903225807, 32.92193548387097, 32.920645161290324, 32.928064516129034, 32.935483870967744, 32.92387096774194, 32.92935483870968, 32.92677419354839, 32.92774193548387, 32.918064516129036, 32.91709677419355, 32.91870967741936, 32.92612903225807, 32.91161290322581, 32.92322580645162, 32.93258064516129, 32.91548387096774, 32.913548387096775, 32.910645161290326, 32.90516129032258, 32.910322580645165, 32.9083870967742, 32.90967741935484, 32.9158064516129, 32.913870967741936, 32.92032258064516, 32.91451612903226, 32.91709677419355, 32.914516129032265, 32.92032258064516, 32.91903225806452, 32.91935483870968, 32.91290322580645, 32.91967741935484, 32.91096774193549, 32.91548387096774, 32.91032258064516, 29.9158064516129, 27.915483870967744, 23.93516129032258, 23.933225806451617, 21.93064516129033, 21.93193548387097, 20.94032258064516, 20.942258064516132, 20.943870967741933, 20.94451612903226, 19.955161290322582, 18.9541935483871, 18.947741935483876, 18.94709677419355, 18.951290322580643, 18.94548387096774, 18.94741935483871, 18.94290322580645, 18.940967741935484, 18.94225806451613, 18.94451612903226, 18.948064516129033, 18.94451612903226, 18.94451612903226, 18.945806451612903, 18.940645161290327, 18.93193548387097, 18.93806451612903, 18.93258064516129, 17.934838709677418, 17.939032258064515, 17.93967741935484, 17.93806451612903, 17.940322580645162, 17.941935483870967, 17.934193548387096, 17.936451612903227, 17.941290322580645, 17.941290322580645, 17.938387096774193, 17.936451612903227, 17.933548387096774, 17.936129032258066, 17.94064516129032, 17.940967741935484, 17.939354838709676, 17.940645161290323, 17.940322580645162, 17.93967741935484, 17.94258064516129, 17.940322580645162, 17.93935483870968, 17.940322580645162, 17.938709677419357, 17.936774193548388, 17.93774193548387, 17.94225806451613, 17.93741935483871, 17.93193548387097, 17.933225806451613, 17.93548387096774, 17.926451612903225, 17.93, 17.92806451612903, 17.92709677419355, 17.92483870967742, 17.92322580645161, 17.931612903225805, 17.931290322580647, 17.931290322580647, 17.934193548387096, 17.933225806451613, 17.93258064516129, 17.933548387096774, 17.92516129032258, 17.92225806451613, 17.921935483870968, 16.920645161290324, 16.919677419354837, 16.926451612903225, 16.921612903225807, 16.925806451612903, 16.92290322580645, 16.92225806451613, 16.92774193548387, 16.927096774193547, 16.92967741935484, 16.925483870967742, 16.92322580645161, 16.925806451612903, 16.924193548387098, 16.921935483870968, 16.92516129032258, 16.923870967741937, 16.92258064516129, 16.91935483870968, 16.915806451612905, 16.919032258064515, 16.92225806451613, 16.91709677419355, 16.91967741935484, 16.92225806451613, 16.91903225806452, 16.919354838709676, 16.921935483870968, 16.92225806451613, 16.92322580645161, 16.920645161290324, 16.921935483870968]",0.9092958165110345,0.926382501835607,17,"[33, 33, 33, 33, 33, 33, 33, 33, 33, 33, 33, 33, 33, 33, 33, 33, 33, 33, 33, 33, 33, 33, 33, 33, 33, 33, 33, 33, 33, 33, 33, 33, 33, 33, 33, 33, 33, 33, 33, 33, 33, 30, 28, 24, 24, 22, 22, 21, 21, 21, 21, 20, 19, 19, 19, 19, 19, 19, 19, 19, 19, 19, 19, 19, 19, 19, 19, 19, 19, 19, 18, 18, 18, 18, 18, 18, 18, 18, 18, 18, 18, 18, 18, 18, 18, 18, 18, 18, 18, 18, 18, 18, 18, 18, 18, 18, 18, 18, 18, 18, 18, 18, 18, 18, 18, 18, 18, 18, 18, 18, 18, 18, 18, 18, 18, 18, 18, 18, 17, 17, 17, 17, 17, 17, 17, 17, 17, 17, 17, 17, 17, 17, 17, 17, 17, 17, 17, 17, 17, 17, 17, 17, 17, 17, 17, 17, 17, 17, 17, 17]",150,"[0.39715641736984253, 0.3870348036289215, 0.38124892115592957, 0.3766171932220459, 0.3750772476196289, 0.369724839925766, 0.36663222312927246, 0.36324676871299744, 0.35931968688964844, 0.35834652185440063, 0.3532274663448334, 0.35175472497940063, 0.34741270542144775, 0.3459983170032501, 0.34266018867492676, 0.3395257890224457, 0.3361947536468506, 0.3348757028579712, 0.3303316831588745, 0.32676154375076294, 0.3230662941932678, 0.3194461166858673, 0.31462857127189636, 0.3135647177696228, 0.3063565194606781, 0.30168938636779785, 0.29728880524635315, 0.2950313091278076, 0.28724297881126404, 0.28439536690711975, 0.2879592180252075, 0.2770399749279022, 0.27536994218826294, 0.27100640535354614, 0.268843412399292, 0.2646790146827698, 0.26225095987319946, 0.26194363832473755, 0.25947436690330505, 0.25802281498908997, 0.25599879026412964, 0.25865355134010315, 0.25254544615745544, 0.2489040046930313, 0.24699310958385468, 0.24443338811397552, 0.24336645007133484, 0.24054937064647675, 0.23854438960552216, 0.2398940622806549, 0.23690631985664368, 0.23804274201393127, 0.23528189957141876, 0.23668725788593292, 0.23456384241580963, 0.23310066759586334, 0.23288384079933167, 0.2314845472574234, 0.23058348894119263, 0.22894646227359772, 0.2279553860425949, 0.22682924568653107, 0.23092541098594666, 0.22894416749477386, 0.22586418688297272, 0.22439509630203247, 0.22420847415924072, 0.22633014619350433, 0.22220046818256378, 0.2245020866394043, 0.22415363788604736, 0.22597217559814453, 0.22478941082954407, 0.22170387208461761, 0.22183555364608765, 0.22069524228572845, 0.2220870554447174, 0.2191169112920761, 0.21836861968040466, 0.2185414433479309, 0.2172309309244156, 0.21847465634346008, 0.2184782475233078, 0.2150140404701233, 0.21476303040981293, 0.21494628489017487, 0.21432651579380035, 0.21405130624771118, 0.2166091352701187, 0.21280379593372345, 0.21232721209526062, 0.2120126336812973, 0.21477574110031128, 0.2123980075120926, 0.2115398347377777, 0.2128407061100006, 0.21148711442947388, 0.2117551863193512, 0.2118719518184662, 0.21022498607635498, 0.2082427740097046, 0.20791052281856537, 0.20827779173851013, 0.20822352170944214, 0.20644725859165192, 0.20711611211299896, 0.20562337338924408, 0.2061358392238617, 0.20494091510772705, 0.20510271191596985, 0.20641356706619263, 0.20499739050865173, 0.20395182073116302, 0.20407961308956146, 0.2035997211933136, 0.20391014218330383, 0.20583505928516388, 0.2053549885749817, 0.20285585522651672, 0.20406612753868103, 0.20356762409210205, 0.20300322771072388, 0.2056373953819275, 0.202307790517807, 0.2027348130941391, 0.2000892013311386, 0.2057105451822281, 0.20077376067638397, 0.20053474605083466, 0.2018279880285263, 0.20074957609176636, 0.20056042075157166, 0.20163807272911072, 0.20199242234230042, 0.19904166460037231, 0.20020629465579987, 0.20201091468334198, 0.19815917313098907, 0.19992944598197937, 0.2020930051803589, 0.1986672282218933, 0.19756659865379333, 0.19754615426063538, 0.19859352707862854, 0.19897256791591644, 0.19599266350269318, 0.19597865641117096, 0.1939792037010193, 0.19629178941249847, 0.1973792016506195]",17.0,"[33.0, 33.0, 33.0, 33.0, 33.0, 33.0, 33.0, 33.0, 33.0, 33.0, 33.0, 33.0, 33.0, 33.0, 33.0, 33.0, 33.0, 33.0, 33.0, 33.0, 33.0, 33.0, 33.0, 33.0, 33.0, 33.0, 33.0, 33.0, 33.0, 33.0, 33.0, 33.0, 33.0, 33.0, 33.0, 33.0, 33.0, 33.0, 33.0, 33.0, 33.0, 30.0, 28.0, 24.0, 24.0, 22.0, 22.0, 21.0, 21.0, 21.0, 21.0, 20.0, 19.0, 19.0, 19.0, 19.0, 19.0, 19.0, 19.0, 19.0, 19.0, 19.0, 19.0, 19.0, 19.0, 19.0, 19.0, 19.0, 19.0, 19.0, 18.0, 18.0, 18.0, 18.0, 18.0, 18.0, 18.0, 18.0, 18.0, 18.0, 18.0, 18.0, 18.0, 18.0, 18.0, 18.0, 18.0, 18.0, 18.0, 18.0, 18.0, 18.0, 18.0, 18.0, 18.0, 18.0, 18.0, 18.0, 18.0, 18.0, 18.0, 18.0, 18.0, 18.0, 18.0, 18.0, 18.0, 18.0, 18.0, 18.0, 18.0, 18.0, 18.0, 18.0, 18.0, 18.0, 18.0, 18.0, 17.0, 17.0, 17.0, 17.0, 17.0, 17.0, 17.0, 17.0, 17.0, 17.0, 17.0, 17.0, 17.0, 17.0, 17.0, 17.0, 17.0, 17.0, 17.0, 17.0, 17.0, 17.0, 17.0, 17.0, 17.0, 17.0, 17.0, 17.0, 17.0, 17.0, 17.0, 17.0]",COMPLETE
