,number,value,datetime_start,datetime_complete,duration,params_batch_size_scaler,params_constant_learning_rate,params_depth,params_epochs,params_kernel_l2,params_num_trees,params_temperature,user_attrs_accuracy_test,user_attrs_accuracy_valid,user_attrs_approximate_feature_sparsity,user_attrs_approximate_feature_sparsity_history,user_attrs_approximate_weight_sparsity,user_attrs_approximate_weight_sparsity_history,user_attrs_auc_test,user_attrs_auc_valid,user_attrs_feature_sparsity,user_attrs_feature_sparsity_history,user_attrs_num_epochs,user_attrs_val_loss_history,user_attrs_weight_sparsity,user_attrs_weight_sparsity_history,state
63,63,0.5,2024-08-31 03:20:42.810979,2024-08-31 03:21:34.782254,0 days 00:00:51.971275,4,0.1868603278872871,1,390,0.35817249862903455,67,0.010420022071896231,0.859,0.85875,0,"[33, 30, 4, 0, 0, 0, 0, 0, 0, 0, 0, 0, 0, 0, 0, 0, 0, 0, 0, 0, 0, 0, 0, 0, 0, 0, 0, 0, 0, 0, 0, 0, 0, 0, 0, 0, 0, 0, 0, 0, 0, 0, 0, 0, 0, 0, 0, 0, 0, 0, 0, 0, 0, 0, 0, 0, 0, 0, 0, 0, 0, 0, 0, 0, 0, 0, 0, 0, 0, 0, 0, 0, 0, 0, 0, 0, 0, 0, 0, 0, 0, 0, 0, 0, 0, 0, 0, 0, 0, 0, 0, 0, 0, 0, 0, 0, 0, 0, 0, 0, 0, 0, 0, 0, 0, 0, 0, 0, 0, 0, 0, 0, 0, 0, 0, 0, 0, 0, 0, 0, 0, 0, 0, 0, 0, 0, 0, 0, 0, 0, 0, 0, 0, 0, 0, 0, 0, 0, 0, 0, 0, 0, 0, 0, 0, 0, 0, 0, 0, 0, 0, 0, 0, 0, 0, 0, 0, 0, 0, 0, 0, 0, 0, 0, 0, 0, 0, 0, 0, 0, 0, 0, 0, 0, 0, 0, 0, 0, 0, 0, 0, 0, 0, 0, 0, 0, 0, 0, 0, 0, 0, 0, 0, 0, 0, 0, 0, 0, 0, 0, 0, 0, 0, 0, 0, 0, 0, 0, 0, 0, 0, 0, 0, 0, 0, 0, 0, 0, 0, 0, 0, 0, 0, 0, 0, 0, 0, 0, 0, 0, 0, 0, 0, 0, 0, 0, 0, 0, 0, 0, 0, 0, 0, 0, 0, 0, 0, 0, 0, 0, 0, 0, 0, 0, 0, 0, 0, 0, 0, 0, 0, 0, 0, 0, 0, 0, 0, 0, 0, 0, 0, 0, 0, 0, 0, 0, 0, 0, 0, 0, 0, 0, 0, 0, 0, 0, 0, 0, 0, 0, 0, 0, 0, 0, 0, 0, 0, 0, 0, 0, 0, 0, 0, 0, 0, 0, 0, 0, 0, 0, 0, 0, 0, 0, 0, 0, 0, 0, 0, 0, 0, 0, 0, 0, 0, 0, 0, 0, 0, 0, 0, 0, 0, 0, 0, 0, 0, 0, 0, 0, 0, 0, 0, 0, 0, 0, 0, 0, 0, 0, 0, 0, 0, 0, 0, 0, 0, 0, 0, 0, 0, 0, 0, 0, 0, 0, 0, 0, 0, 0, 0, 0, 0, 0, 0, 0, 0, 0, 0, 0, 0, 0, 0, 0, 0, 0, 0, 0, 0, 0]",0.0,"[32.97014925373134, 30.0, 4.0, 0.0, 0.0, 0.0, 0.0, 0.0, 0.0, 0.0, 0.0, 0.0, 0.0, 0.0, 0.0, 0.0, 0.0, 0.0, 0.0, 0.0, 0.0, 0.0, 0.0, 0.0, 0.0, 0.0, 0.0, 0.0, 0.0, 0.0, 0.0, 0.0, 0.0, 0.0, 0.0, 0.0, 0.0, 0.0, 0.0, 0.0, 0.0, 0.0, 0.0, 0.0, 0.0, 0.0, 0.0, 0.0, 0.0, 0.0, 0.0, 0.0, 0.0, 0.0, 0.0, 0.0, 0.0, 0.0, 0.0, 0.0, 0.0, 0.0, 0.0, 0.0, 0.0, 0.0, 0.0, 0.0, 0.0, 0.0, 0.0, 0.0, 0.0, 0.0, 0.0, 0.0, 0.0, 0.0, 0.0, 0.0, 0.0, 0.0, 0.0, 0.0, 0.0, 0.0, 0.0, 0.0, 0.0, 0.0, 0.0, 0.0, 0.0, 0.0, 0.0, 0.0, 0.0, 0.0, 0.0, 0.0, 0.0, 0.0, 0.0, 0.0, 0.0, 0.0, 0.0, 0.0, 0.0, 0.0, 0.0, 0.0, 0.0, 0.0, 0.0, 0.0, 0.0, 0.0, 0.0, 0.0, 0.0, 0.0, 0.0, 0.0, 0.0, 0.0, 0.0, 0.0, 0.0, 0.0, 0.0, 0.0, 0.0, 0.0, 0.0, 0.0, 0.0, 0.0, 0.0, 0.0, 0.0, 0.0, 0.0, 0.0, 0.0, 0.0, 0.0, 0.0, 0.0, 0.0, 0.0, 0.0, 0.0, 0.0, 0.0, 0.0, 0.0, 0.0, 0.0, 0.0, 0.0, 0.0, 0.0, 0.0, 0.0, 0.0, 0.0, 0.0, 0.0, 0.0, 0.0, 0.0, 0.0, 0.0, 0.0, 0.0, 0.0, 0.0, 0.0, 0.0, 0.0, 0.0, 0.0, 0.0, 0.0, 0.0, 0.0, 0.0, 0.0, 0.0, 0.0, 0.0, 0.0, 0.0, 0.0, 0.0, 0.0, 0.0, 0.0, 0.0, 0.0, 0.0, 0.0, 0.0, 0.0, 0.0, 0.0, 0.0, 0.0, 0.0, 0.0, 0.0, 0.0, 0.0, 0.0, 0.0, 0.0, 0.0, 0.0, 0.0, 0.0, 0.0, 0.0, 0.0, 0.0, 0.0, 0.0, 0.0, 0.0, 0.0, 0.0, 0.0, 0.0, 0.0, 0.0, 0.0, 0.0, 0.0, 0.0, 0.0, 0.0, 0.0, 0.0, 0.0, 0.0, 0.0, 0.0, 0.0, 0.0, 0.0, 0.0, 0.0, 0.0, 0.0, 0.0, 0.0, 0.0, 0.0, 0.0, 0.0, 0.0, 0.0, 0.0, 0.0, 0.0, 0.0, 0.0, 0.0, 0.0, 0.0, 0.0, 0.0, 0.0, 0.0, 0.0, 0.0, 0.0, 0.0, 0.0, 0.0, 0.0, 0.0, 0.0, 0.0, 0.0, 0.0, 0.0, 0.0, 0.0, 0.0, 0.0, 0.0, 0.0, 0.0, 0.0, 0.0, 0.0, 0.0, 0.0, 0.0, 0.0, 0.0, 0.0, 0.0, 0.0, 0.0, 0.0, 0.0, 0.0, 0.0, 0.0, 0.0, 0.0, 0.0, 0.0, 0.0, 0.0, 0.0, 0.0, 0.0, 0.0, 0.0, 0.0, 0.0, 0.0, 0.0, 0.0, 0.0, 0.0, 0.0, 0.0, 0.0, 0.0, 0.0, 0.0, 0.0, 0.0, 0.0, 0.0, 0.0, 0.0, 0.0, 0.0, 0.0, 0.0, 0.0, 0.0, 0.0, 0.0, 0.0, 0.0, 0.0, 0.0, 0.0, 0.0, 0.0, 0.0, 0.0, 0.0, 0.0, 0.0, 0.0, 0.0, 0.0, 0.0, 0.0, 0.0, 0.0, 0.0, 0.0, 0.0, 0.0, 0.0, 0.0, 0.0, 0.0, 0.0, 0.0, 0.0, 0.0, 0.0, 0.0, 0.0, 0.0, 0.0, 0.0, 0.0, 0.0, 0.0, 0.0]",0.5,0.5,0,"[33, 30, 4, 0, 0, 0, 0, 0, 0, 0, 0, 0, 0, 0, 0, 0, 0, 0, 0, 0, 0, 0, 0, 0, 0, 0, 0, 0, 0, 0, 0, 0, 0, 0, 0, 0, 0, 0, 0, 0, 0, 0, 0, 0, 0, 0, 0, 0, 0, 0, 0, 0, 0, 0, 0, 0, 0, 0, 0, 0, 0, 0, 0, 0, 0, 0, 0, 0, 0, 0, 0, 0, 0, 0, 0, 0, 0, 0, 0, 0, 0, 0, 0, 0, 0, 0, 0, 0, 0, 0, 0, 0, 0, 0, 0, 0, 0, 0, 0, 0, 0, 0, 0, 0, 0, 0, 0, 0, 0, 0, 0, 0, 0, 0, 0, 0, 0, 0, 0, 0, 0, 0, 0, 0, 0, 0, 0, 0, 0, 0, 0, 0, 0, 0, 0, 0, 0, 0, 0, 0, 0, 0, 0, 0, 0, 0, 0, 0, 0, 0, 0, 0, 0, 0, 0, 0, 0, 0, 0, 0, 0, 0, 0, 0, 0, 0, 0, 0, 0, 0, 0, 0, 0, 0, 0, 0, 0, 0, 0, 0, 0, 0, 0, 0, 0, 0, 0, 0, 0, 0, 0, 0, 0, 0, 0, 0, 0, 0, 0, 0, 0, 0, 0, 0, 0, 0, 0, 0, 0, 0, 0, 0, 0, 0, 0, 0, 0, 0, 0, 0, 0, 0, 0, 0, 0, 0, 0, 0, 0, 0, 0, 0, 0, 0, 0, 0, 0, 0, 0, 0, 0, 0, 0, 0, 0, 0, 0, 0, 0, 0, 0, 0, 0, 0, 0, 0, 0, 0, 0, 0, 0, 0, 0, 0, 0, 0, 0, 0, 0, 0, 0, 0, 0, 0, 0, 0, 0, 0, 0, 0, 0, 0, 0, 0, 0, 0, 0, 0, 0, 0, 0, 0, 0, 0, 0, 0, 0, 0, 0, 0, 0, 0, 0, 0, 0, 0, 0, 0, 0, 0, 0, 0, 0, 0, 0, 0, 0, 0, 0, 0, 0, 0, 0, 0, 0, 0, 0, 0, 0, 0, 0, 0, 0, 0, 0, 0, 0, 0, 0, 0, 0, 0, 0, 0, 0, 0, 0, 0, 0, 0, 0, 0, 0, 0, 0, 0, 0, 0, 0, 0, 0, 0, 0, 0, 0, 0, 0, 0, 0, 0, 0, 0, 0, 0, 0, 0, 0, 0, 0, 0, 0, 0, 0, 0, 0, 0, 0, 0, 0, 0]",390,"[0.7255432605743408, 0.5697773098945618, 0.4058847725391388, 0.41123053431510925, 0.40739762783050537, 0.40775027871131897, 0.44535255432128906, 0.42714744806289673, 0.41034451127052307, 0.40833449363708496, 0.4299752712249756, 0.41661807894706726, 0.40809929370880127, 0.46406933665275574, 0.41625896096229553, 0.4097757339477539, 0.4073725938796997, 0.4335578680038452, 0.4631744623184204, 0.4072851538658142, 0.47076091170310974, 0.4586077630519867, 0.5329801440238953, 0.4093204438686371, 0.4158770740032196, 0.5471702814102173, 0.4548819065093994, 0.4517101049423218, 0.4211382269859314, 0.46985962986946106, 0.4767315685749054, 0.40727823972702026, 0.4112452268600464, 0.40933310985565186, 0.4113761782646179, 0.5060330033302307, 0.41164618730545044, 0.4342476725578308, 0.4321671426296234, 0.411438912153244, 0.4081396162509918, 0.4115180969238281, 0.40723538398742676, 0.41126662492752075, 0.4393526315689087, 0.41302257776260376, 0.4074462652206421, 0.4396534264087677, 0.40729182958602905, 0.4443780481815338, 0.43912234902381897, 0.40866827964782715, 0.4411267936229706, 0.4128205180168152, 0.4075925350189209, 0.4109693765640259, 0.4467034637928009, 0.4076631963253021, 0.4321818947792053, 0.4074917733669281, 0.45055752992630005, 0.4376319944858551, 0.44346457719802856, 0.41539713740348816, 0.5029820799827576, 0.40769994258880615, 0.45128804445266724, 0.41406697034835815, 0.4498778283596039, 0.42451146245002747, 0.4340442419052124, 0.41162753105163574, 0.41878822445869446, 0.4280407726764679, 0.40802791714668274, 0.40950679779052734, 0.4079609811306, 0.4437395930290222, 0.42544323205947876, 0.40787965059280396, 0.45615196228027344, 0.43426021933555603, 0.45196983218193054, 0.4210861623287201, 0.4117693305015564, 0.4088903069496155, 0.42047518491744995, 0.44239866733551025, 0.4351591467857361, 0.49395421147346497, 0.40739890933036804, 0.5283399224281311, 0.4074994623661041, 0.42454391717910767, 0.41890665888786316, 0.4075358211994171, 0.40784627199172974, 0.4073031544685364, 0.408192902803421, 0.45813557505607605, 0.4490562677383423, 0.4197729229927063, 0.4142508804798126, 0.4118086099624634, 0.4078938961029053, 0.43062546849250793, 0.4254764914512634, 0.5159868001937866, 0.40722882747650146, 0.437046617269516, 0.41610899567604065, 0.4187493622303009, 0.4446508288383484, 0.40727388858795166, 0.4386843740940094, 0.4715845584869385, 0.4074915945529938, 0.41702404618263245, 0.5422604084014893, 0.4082757830619812, 0.4077899158000946, 0.4081583023071289, 0.41270941495895386, 0.41276219487190247, 0.49713030457496643, 0.4194392263889313, 0.4266394376754761, 0.465407133102417, 0.43467462062835693, 0.41377830505371094, 0.4086918532848358, 0.41916802525520325, 0.40782630443573, 0.4370201528072357, 0.4140734076499939, 0.41945257782936096, 0.42201152443885803, 0.4145791232585907, 0.40730732679367065, 0.4185275137424469, 0.41930538415908813, 0.41354578733444214, 0.45204052329063416, 0.40729644894599915, 0.4075864553451538, 0.41374415159225464, 0.42064693570137024, 0.41419437527656555, 0.40992680191993713, 0.4401423931121826, 0.4086223244667053, 0.47526875138282776, 0.46505624055862427, 0.4341403841972351, 0.408189058303833, 0.4078429341316223, 0.41410937905311584, 0.4208049774169922, 0.4388726055622101, 0.41195565462112427, 0.4078748822212219, 0.49503734707832336, 0.41220635175704956, 0.4212535619735718, 0.40819063782691956, 0.40878555178642273, 0.40796688199043274, 0.45331278443336487, 0.4456774592399597, 0.4078766107559204, 0.40772271156311035, 0.4137971103191376, 0.41289353370666504, 0.4082573354244232, 0.4577018618583679, 0.4113507866859436, 0.4189980626106262, 0.412933886051178, 0.4188220500946045, 0.47131121158599854, 0.41802772879600525, 0.41624167561531067, 0.41659173369407654, 0.42980122566223145, 0.41788944602012634, 0.4993874430656433, 0.423736572265625, 0.5244556665420532, 0.4072272777557373, 0.4254521429538727, 0.41341716051101685, 0.4115529954433441, 0.40724095702171326, 0.4125325679779053, 0.5412124991416931, 0.43180426955223083, 0.4111977815628052, 0.44802674651145935, 0.46766340732574463, 0.42700934410095215, 0.4174022674560547, 0.49814024567604065, 0.41868332028388977, 0.4183747172355652, 0.42529088258743286, 0.48343712091445923, 0.4154115617275238, 0.4095739424228668, 0.4277409613132477, 0.44724327325820923, 0.4392505884170532, 0.41065284609794617, 0.41937825083732605, 0.40884479880332947, 0.48781272768974304, 0.43463361263275146, 0.5457691550254822, 0.4123345613479614, 0.46104326844215393, 0.41211891174316406, 0.4297223687171936, 0.4449440836906433, 0.4147111475467682, 0.4085357189178467, 0.4119223654270172, 0.40783846378326416, 0.42398080229759216, 0.41357049345970154, 0.4608662724494934, 0.4077503979206085, 0.410475492477417, 0.40988093614578247, 0.45671436190605164, 0.5687185525894165, 0.44169825315475464, 0.4187961518764496, 0.41124776005744934, 0.4861060082912445, 0.4081723690032959, 0.40823063254356384, 0.4141668379306793, 0.4423535168170929, 0.41857609152793884, 0.4529295861721039, 0.41459760069847107, 0.4135727286338806, 0.4367745518684387, 0.5453649759292603, 0.44166281819343567, 0.42116454243659973, 0.43069708347320557, 0.42805376648902893, 0.41051581501960754, 0.46826237440109253, 0.4295125901699066, 0.4429095387458801, 0.43889275193214417, 0.5030262470245361, 0.4143178462982178, 0.4508357346057892, 0.44233497977256775, 0.4196016788482666, 0.4361027479171753, 0.41727280616760254, 0.40757858753204346, 0.41813451051712036, 0.42570817470550537, 0.41551244258880615, 0.6430708169937134, 0.4136592149734497, 0.42281535267829895, 0.40783974528312683, 0.4267902374267578, 0.4255906939506531, 0.40730786323547363, 0.44444379210472107, 0.4143015146255493, 0.4193033277988434, 0.40816378593444824, 0.4388022720813751, 0.4231584668159485, 0.40724074840545654, 0.4183719754219055, 0.417443186044693, 0.4126417636871338, 0.40825653076171875, 0.4238203465938568, 0.4146415591239929, 0.4323732852935791, 0.4112386703491211, 0.4387601912021637, 0.41830337047576904, 0.4439469575881958, 0.41550585627555847, 0.40723878145217896, 0.4658472537994385, 0.46064379811286926, 0.41030675172805786, 0.4232712984085083, 0.4377511739730835, 0.4293570816516876, 0.4075389802455902, 0.5034389495849609, 0.4075759947299957, 0.4244418442249298, 0.44630035758018494, 0.411210834980011, 0.41319501399993896, 0.47261929512023926, 0.4455893635749817, 0.41078686714172363, 0.4072916507720947, 0.41038674116134644, 0.40897464752197266, 0.433047890663147, 0.4365366995334625, 0.4073295295238495, 0.4112241268157959, 0.4122500717639923, 0.4073306918144226, 0.40756484866142273, 0.4073544442653656, 0.4246765971183777, 0.4346151351928711, 0.46146419644355774, 0.5329240560531616, 0.43000054359436035, 0.40732845664024353, 0.4277857840061188, 0.41245558857917786, 0.41391605138778687, 0.4297593832015991, 0.4603014290332794, 0.4159431457519531, 0.43991270661354065, 0.40761876106262207, 0.43813908100128174, 0.4661044776439667, 0.4422644376754761, 0.40782028436660767, 0.4790966808795929, 0.4116588234901428, 0.5994704365730286, 0.4087334871292114, 0.4384413957595825, 0.4072290360927582, 0.4075084328651428, 0.45664989948272705, 0.41067391633987427, 0.4139191508293152, 0.40808162093162537, 0.42554232478141785, 0.4073571264743805, 0.423778772354126, 0.4294919967651367, 0.40724465250968933, 0.4121180474758148, 0.4078027606010437, 0.4072979688644409, 0.4072268009185791, 0.4988326132297516, 0.4227982759475708, 0.40730854868888855, 0.40764424204826355, 0.43556201457977295, 0.41834557056427, 0.40829914808273315, 0.42756566405296326, 0.4075114130973816, 0.41577503085136414, 0.4277212917804718, 0.40735703706741333, 0.4228780269622803, 0.5832939147949219, 0.4472397267818451, 0.4135729670524597, 0.4199138581752777, 0.4145902693271637, 0.40874382853507996, 0.412169486284256, 0.4312637746334076, 0.4199694097042084, 0.41322821378707886, 0.43057140707969666, 0.4333750903606415, 0.44666361808776855, 0.4198988378047943, 0.4257456958293915, 0.46452704071998596, 0.4115637242794037]",0.0,"[33.0, 30.0, 4.0, 0.0, 0.0, 0.0, 0.0, 0.0, 0.0, 0.0, 0.0, 0.0, 0.0, 0.0, 0.0, 0.0, 0.0, 0.0, 0.0, 0.0, 0.0, 0.0, 0.0, 0.0, 0.0, 0.0, 0.0, 0.0, 0.0, 0.0, 0.0, 0.0, 0.0, 0.0, 0.0, 0.0, 0.0, 0.0, 0.0, 0.0, 0.0, 0.0, 0.0, 0.0, 0.0, 0.0, 0.0, 0.0, 0.0, 0.0, 0.0, 0.0, 0.0, 0.0, 0.0, 0.0, 0.0, 0.0, 0.0, 0.0, 0.0, 0.0, 0.0, 0.0, 0.0, 0.0, 0.0, 0.0, 0.0, 0.0, 0.0, 0.0, 0.0, 0.0, 0.0, 0.0, 0.0, 0.0, 0.0, 0.0, 0.0, 0.0, 0.0, 0.0, 0.0, 0.0, 0.0, 0.0, 0.0, 0.0, 0.0, 0.0, 0.0, 0.0, 0.0, 0.0, 0.0, 0.0, 0.0, 0.0, 0.0, 0.0, 0.0, 0.0, 0.0, 0.0, 0.0, 0.0, 0.0, 0.0, 0.0, 0.0, 0.0, 0.0, 0.0, 0.0, 0.0, 0.0, 0.0, 0.0, 0.0, 0.0, 0.0, 0.0, 0.0, 0.0, 0.0, 0.0, 0.0, 0.0, 0.0, 0.0, 0.0, 0.0, 0.0, 0.0, 0.0, 0.0, 0.0, 0.0, 0.0, 0.0, 0.0, 0.0, 0.0, 0.0, 0.0, 0.0, 0.0, 0.0, 0.0, 0.0, 0.0, 0.0, 0.0, 0.0, 0.0, 0.0, 0.0, 0.0, 0.0, 0.0, 0.0, 0.0, 0.0, 0.0, 0.0, 0.0, 0.0, 0.0, 0.0, 0.0, 0.0, 0.0, 0.0, 0.0, 0.0, 0.0, 0.0, 0.0, 0.0, 0.0, 0.0, 0.0, 0.0, 0.0, 0.0, 0.0, 0.0, 0.0, 0.0, 0.0, 0.0, 0.0, 0.0, 0.0, 0.0, 0.0, 0.0, 0.0, 0.0, 0.0, 0.0, 0.0, 0.0, 0.0, 0.0, 0.0, 0.0, 0.0, 0.0, 0.0, 0.0, 0.0, 0.0, 0.0, 0.0, 0.0, 0.0, 0.0, 0.0, 0.0, 0.0, 0.0, 0.0, 0.0, 0.0, 0.0, 0.0, 0.0, 0.0, 0.0, 0.0, 0.0, 0.0, 0.0, 0.0, 0.0, 0.0, 0.0, 0.0, 0.0, 0.0, 0.0, 0.0, 0.0, 0.0, 0.0, 0.0, 0.0, 0.0, 0.0, 0.0, 0.0, 0.0, 0.0, 0.0, 0.0, 0.0, 0.0, 0.0, 0.0, 0.0, 0.0, 0.0, 0.0, 0.0, 0.0, 0.0, 0.0, 0.0, 0.0, 0.0, 0.0, 0.0, 0.0, 0.0, 0.0, 0.0, 0.0, 0.0, 0.0, 0.0, 0.0, 0.0, 0.0, 0.0, 0.0, 0.0, 0.0, 0.0, 0.0, 0.0, 0.0, 0.0, 0.0, 0.0, 0.0, 0.0, 0.0, 0.0, 0.0, 0.0, 0.0, 0.0, 0.0, 0.0, 0.0, 0.0, 0.0, 0.0, 0.0, 0.0, 0.0, 0.0, 0.0, 0.0, 0.0, 0.0, 0.0, 0.0, 0.0, 0.0, 0.0, 0.0, 0.0, 0.0, 0.0, 0.0, 0.0, 0.0, 0.0, 0.0, 0.0, 0.0, 0.0, 0.0, 0.0, 0.0, 0.0, 0.0, 0.0, 0.0, 0.0, 0.0, 0.0, 0.0, 0.0, 0.0, 0.0, 0.0, 0.0, 0.0, 0.0, 0.0, 0.0, 0.0, 0.0, 0.0, 0.0, 0.0, 0.0, 0.0, 0.0, 0.0, 0.0, 0.0, 0.0, 0.0, 0.0, 0.0, 0.0, 0.0, 0.0, 0.0, 0.0, 0.0, 0.0, 0.0, 0.0, 0.0, 0.0, 0.0, 0.0, 0.0, 0.0, 0.0, 0.0, 0.0, 0.0]",COMPLETE
