,number,value,datetime_start,datetime_complete,duration,params_batch_size_scaler,params_constant_learning_rate,params_depth,params_epochs,params_kernel_l2,params_num_trees,params_temperature,user_attrs_accuracy_test,user_attrs_accuracy_valid,user_attrs_approximate_feature_sparsity,user_attrs_approximate_feature_sparsity_history,user_attrs_approximate_weight_sparsity,user_attrs_approximate_weight_sparsity_history,user_attrs_auc_test,user_attrs_auc_valid,user_attrs_feature_sparsity,user_attrs_feature_sparsity_history,user_attrs_num_epochs,user_attrs_val_loss_history,user_attrs_weight_sparsity,user_attrs_weight_sparsity_history,state
116,116,0.9131146062784198,2024-08-31 05:30:22.840834,2024-08-31 05:31:42.217632,0 days 00:01:19.376798,4,1.2675409455319784,1,480,0.0011727450271162647,67,0.00012480410719951487,0.902,0.89875,30,"[33, 33, 33, 33, 33, 33, 33, 33, 33, 33, 33, 33, 33, 33, 33, 33, 33, 33, 33, 33, 33, 33, 33, 33, 33, 32, 32, 31, 31, 31, 31, 31, 31, 31, 31, 31, 31, 31, 31, 31, 31, 31, 31, 31, 31, 31, 31, 31, 31, 31, 31, 31, 31, 31, 31, 31, 31, 31, 31, 31, 31, 31, 31, 31, 31, 31, 31, 31, 31, 31, 31, 31, 31, 31, 31, 31, 31, 31, 31, 31, 31, 31, 31, 31, 31, 31, 31, 31, 31, 31, 31, 31, 31, 31, 31, 31, 31, 31, 31, 31, 31, 31, 31, 31, 31, 31, 31, 31, 31, 31, 31, 31, 31, 31, 31, 31, 31, 31, 31, 31, 31, 31, 31, 31, 31, 31, 31, 31, 31, 31, 31, 31, 31, 31, 31, 31, 31, 31, 31, 31, 31, 31, 31, 31, 31, 31, 31, 31, 31, 31, 31, 31, 31, 31, 31, 31, 31, 31, 31, 31, 31, 31, 31, 31, 31, 31, 31, 31, 31, 31, 31, 31, 31, 31, 31, 31, 31, 31, 31, 31, 31, 31, 31, 31, 31, 31, 31, 31, 31, 31, 31, 31, 31, 31, 31, 31, 31, 31, 31, 31, 31, 31, 31, 31, 31, 31, 31, 31, 31, 31, 31, 31, 31, 31, 30, 30, 30, 30, 30, 30, 30, 30, 30, 30, 30, 30, 30, 30, 30, 30, 30, 30, 30, 30, 30, 30, 30, 30, 30, 30, 30, 30, 30, 30, 30, 30, 30, 30, 30, 30, 30, 30, 30, 30, 30, 30, 30, 30, 30, 30, 30, 30, 30, 30, 30, 30, 30, 30, 30, 30, 30, 30, 30, 30, 30, 30, 30, 30, 30, 30, 30, 30, 30, 30, 30, 30, 30, 30, 30, 30, 30, 30, 30, 30, 30, 30, 30, 30, 30, 30, 30, 30, 30, 30, 30, 30, 30, 30, 30, 30, 30, 30, 30, 30, 30, 30, 30, 30, 30, 30, 30, 30, 30, 30, 30, 30, 30, 30, 30, 30, 30, 30, 30, 30, 30, 30, 30, 30, 30, 30, 30, 30, 30, 30, 30, 30, 30, 30, 30, 30, 30, 30, 30, 30, 30, 30, 30, 30, 30, 30, 30, 30, 30, 30, 30, 30, 30, 30, 30, 30, 30, 30, 30, 30, 30, 30, 30, 30, 30, 30, 30, 30, 30, 30, 30, 30, 30, 30, 30, 30, 30, 30, 30, 30, 30, 30, 30, 30, 30, 30, 30, 30, 30, 30, 30, 30, 30, 30, 30, 30, 30, 30, 30, 30, 30, 30, 30, 30, 30, 30, 30, 30, 30, 30, 30, 30, 30, 30, 30, 30, 30, 30, 30, 30, 30, 30, 30, 30, 30, 30, 30, 30, 30, 30, 30, 30, 30, 30, 30, 30, 30, 30, 30, 30, 30, 30, 30, 30, 30, 30, 30, 30, 30, 30, 30, 30, 30, 30, 30, 30, 30, 30, 30, 30, 30, 30, 30, 30, 30, 30]",30.0,"[33.0, 33.0, 32.97014925373134, 33.0, 32.98507462686567, 33.0, 32.95522388059702, 32.98507462686567, 33.0, 33.0, 32.97014925373134, 33.0, 32.98507462686567, 32.98507462686567, 32.98507462686567, 32.97014925373134, 32.97014925373134, 32.98507462686567, 32.98507462686567, 32.98507462686567, 32.97014925373134, 33.0, 33.0, 32.95522388059702, 33.0, 32.0, 31.98507462686567, 31.0, 30.970149253731343, 30.98507462686567, 31.0, 30.970149253731343, 30.970149253731343, 30.970149253731343, 30.970149253731343, 31.0, 30.98507462686567, 30.970149253731343, 30.98507462686567, 31.0, 31.0, 31.0, 31.0, 31.0, 30.98507462686567, 30.955223880597014, 31.0, 30.98507462686567, 30.98507462686567, 31.0, 30.98507462686567, 30.98507462686567, 31.0, 30.98507462686567, 30.970149253731343, 30.98507462686567, 30.970149253731343, 31.0, 30.955223880597014, 30.98507462686567, 30.98507462686567, 30.970149253731343, 30.98507462686567, 30.98507462686567, 30.98507462686567, 30.98507462686567, 30.98507462686567, 31.0, 31.0, 31.0, 30.98507462686567, 30.98507462686567, 30.970149253731343, 30.98507462686567, 31.0, 30.98507462686567, 30.98507462686567, 30.98507462686567, 30.970149253731343, 31.0, 31.0, 31.0, 30.98507462686567, 31.0, 30.970149253731343, 31.0, 31.0, 31.0, 30.98507462686567, 30.98507462686567, 30.98507462686567, 31.0, 31.0, 31.0, 30.98507462686567, 31.0, 30.970149253731343, 31.0, 30.98507462686567, 30.98507462686567, 31.0, 31.0, 30.98507462686567, 30.970149253731343, 30.970149253731343, 31.0, 30.98507462686567, 31.0, 31.0, 30.98507462686567, 31.0, 30.98507462686567, 31.0, 30.970149253731343, 31.0, 30.970149253731343, 31.0, 31.0, 31.0, 30.970149253731343, 31.0, 31.0, 31.0, 31.0, 31.0, 30.98507462686567, 30.970149253731343, 31.0, 31.0, 30.955223880597014, 31.0, 30.98507462686567, 31.0, 31.0, 30.98507462686567, 30.98507462686567, 30.98507462686567, 31.0, 30.98507462686567, 30.98507462686567, 30.98507462686567, 30.98507462686567, 30.98507462686567, 30.98507462686567, 30.98507462686567, 31.0, 30.98507462686567, 30.98507462686567, 31.0, 31.0, 30.98507462686567, 30.98507462686567, 30.98507462686567, 31.0, 30.98507462686567, 31.0, 30.970149253731343, 31.0, 30.970149253731343, 30.98507462686567, 30.98507462686567, 30.970149253731343, 30.98507462686567, 30.970149253731343, 31.0, 30.955223880597014, 31.0, 30.98507462686567, 31.0, 31.0, 30.970149253731343, 30.970149253731343, 30.98507462686567, 30.98507462686567, 30.98507462686567, 30.98507462686567, 30.955223880597014, 31.0, 30.970149253731343, 30.98507462686567, 30.98507462686567, 30.98507462686567, 31.0, 31.0, 31.0, 30.98507462686567, 31.0, 30.98507462686567, 31.0, 30.98507462686567, 31.0, 31.0, 31.0, 31.0, 31.0, 30.98507462686567, 30.98507462686567, 31.0, 31.0, 31.0, 30.98507462686567, 30.98507462686567, 30.955223880597014, 30.98507462686567, 31.0, 31.0, 31.0, 31.0, 31.0, 31.0, 30.98507462686567, 30.98507462686567, 31.0, 31.0, 29.98507462686567, 29.98507462686567, 29.98507462686567, 29.970149253731343, 30.0, 30.0, 30.0, 30.0, 30.0, 29.98507462686567, 29.98507462686567, 29.940298507462686, 29.98507462686567, 30.0, 29.970149253731343, 30.0, 30.0, 29.970149253731343, 29.98507462686567, 29.98507462686567, 30.0, 30.0, 30.0, 29.970149253731343, 30.0, 29.98507462686567, 30.0, 29.970149253731343, 29.98507462686567, 29.98507462686567, 30.0, 30.0, 30.0, 30.0, 30.0, 29.98507462686567, 30.0, 30.0, 29.970149253731343, 30.0, 30.0, 30.0, 29.98507462686567, 30.0, 30.0, 29.970149253731343, 29.98507462686567, 30.0, 30.0, 29.98507462686567, 30.0, 30.0, 30.0, 29.98507462686567, 29.98507462686567, 29.970149253731343, 29.940298507462686, 29.970149253731343, 30.0, 29.940298507462686, 29.970149253731343, 29.970149253731343, 30.0, 29.970149253731343, 29.970149253731343, 30.0, 30.0, 30.0, 29.970149253731343, 29.98507462686567, 30.0, 29.970149253731343, 30.0, 30.0, 30.0, 29.98507462686567, 29.98507462686567, 30.0, 29.98507462686567, 29.970149253731343, 29.98507462686567, 29.98507462686567, 29.955223880597014, 29.970149253731343, 29.98507462686567, 30.0, 30.0, 29.970149253731343, 29.98507462686567, 30.0, 29.970149253731343, 30.0, 29.970149253731343, 30.0, 30.0, 29.970149253731343, 30.0, 29.955223880597014, 29.940298507462686, 29.955223880597014, 29.98507462686567, 29.98507462686567, 29.970149253731343, 29.955223880597014, 29.98507462686567, 29.98507462686567, 29.98507462686567, 30.0, 29.955223880597014, 29.98507462686567, 29.98507462686567, 29.98507462686567, 29.98507462686567, 29.970149253731343, 29.98507462686567, 29.98507462686567, 30.0, 29.98507462686567, 29.98507462686567, 29.955223880597014, 30.0, 29.970149253731343, 29.98507462686567, 29.940298507462686, 29.970149253731343, 29.970149253731343, 29.970149253731343, 29.98507462686567, 29.940298507462686, 29.970149253731343, 30.0, 30.0, 30.0, 29.98507462686567, 29.970149253731343, 29.98507462686567, 29.98507462686567, 29.970149253731343, 29.98507462686567, 29.970149253731343, 30.0, 29.970149253731343, 29.98507462686567, 30.0, 29.970149253731343, 29.970149253731343, 29.970149253731343, 30.0, 29.970149253731343, 29.98507462686567, 29.98507462686567, 29.970149253731343, 30.0, 29.970149253731343, 29.98507462686567, 29.970149253731343, 30.0, 30.0, 29.98507462686567, 29.955223880597014, 29.970149253731343, 30.0, 30.0, 30.0, 30.0, 30.0, 30.0, 29.925373134328357, 29.98507462686567, 30.0, 29.98507462686567, 29.970149253731343, 29.98507462686567, 29.98507462686567, 29.970149253731343, 29.970149253731343, 29.955223880597014, 29.98507462686567, 29.970149253731343, 29.970149253731343, 30.0, 29.98507462686567, 29.970149253731343, 30.0, 29.98507462686567, 29.970149253731343, 29.970149253731343, 30.0, 29.98507462686567, 30.0, 29.970149253731343, 29.970149253731343, 29.970149253731343, 29.98507462686567, 30.0, 29.940298507462686, 29.970149253731343, 29.955223880597014, 29.955223880597014, 29.98507462686567, 29.970149253731343, 29.98507462686567, 29.98507462686567, 29.98507462686567, 29.98507462686567, 29.98507462686567, 29.970149253731343, 29.98507462686567, 29.970149253731343, 29.98507462686567, 29.970149253731343, 29.955223880597014, 29.955223880597014, 29.970149253731343, 29.98507462686567, 29.970149253731343, 29.970149253731343, 29.970149253731343, 29.970149253731343, 29.955223880597014, 29.98507462686567, 30.0, 29.970149253731343, 29.970149253731343, 30.0, 29.940298507462686, 29.955223880597014, 29.98507462686567, 30.0, 29.98507462686567, 29.970149253731343, 30.0, 30.0, 29.98507462686567, 30.0, 29.98507462686567, 30.0, 29.98507462686567, 29.970149253731343, 29.98507462686567, 29.98507462686567, 29.98507462686567, 30.0, 30.0, 30.0, 30.0, 30.0, 30.0, 30.0, 30.0, 29.98507462686567, 29.940298507462686, 29.940298507462686, 29.98507462686567, 30.0, 30.0, 29.98507462686567, 29.98507462686567, 29.98507462686567, 29.970149253731343, 29.940298507462686, 29.98507462686567, 29.970149253731343, 29.970149253731343, 29.970149253731343, 30.0]",0.8893732610077693,0.9131146062784198,30,"[33, 33, 33, 33, 33, 33, 33, 33, 33, 33, 33, 33, 33, 33, 33, 33, 33, 33, 33, 33, 33, 33, 33, 33, 33, 32, 32, 31, 31, 31, 31, 31, 31, 31, 31, 31, 31, 31, 31, 31, 31, 31, 31, 31, 31, 31, 31, 31, 31, 31, 31, 31, 31, 31, 31, 31, 31, 31, 31, 31, 31, 31, 31, 31, 31, 31, 31, 31, 31, 31, 31, 31, 31, 31, 31, 31, 31, 31, 31, 31, 31, 31, 31, 31, 31, 31, 31, 31, 31, 31, 31, 31, 31, 31, 31, 31, 31, 31, 31, 31, 31, 31, 31, 31, 31, 31, 31, 31, 31, 31, 31, 31, 31, 31, 31, 31, 31, 31, 31, 31, 31, 31, 31, 31, 31, 31, 31, 31, 31, 31, 31, 31, 31, 31, 31, 31, 31, 31, 31, 31, 31, 31, 31, 31, 31, 31, 31, 31, 31, 31, 31, 31, 31, 31, 31, 31, 31, 31, 31, 31, 31, 31, 31, 31, 31, 31, 31, 31, 31, 31, 31, 31, 31, 31, 31, 31, 31, 31, 31, 31, 31, 31, 31, 31, 31, 31, 31, 31, 31, 31, 31, 31, 31, 31, 31, 31, 31, 31, 31, 31, 31, 31, 31, 31, 31, 31, 31, 31, 31, 31, 31, 31, 31, 31, 30, 30, 30, 30, 30, 30, 30, 30, 30, 30, 30, 30, 30, 30, 30, 30, 30, 30, 30, 30, 30, 30, 30, 30, 30, 30, 30, 30, 30, 30, 30, 30, 30, 30, 30, 30, 30, 30, 30, 30, 30, 30, 30, 30, 30, 30, 30, 30, 30, 30, 30, 30, 30, 30, 30, 30, 30, 30, 30, 30, 30, 30, 30, 30, 30, 30, 30, 30, 30, 30, 30, 30, 30, 30, 30, 30, 30, 30, 30, 30, 30, 30, 30, 30, 30, 30, 30, 30, 30, 30, 30, 30, 30, 30, 30, 30, 30, 30, 30, 30, 30, 30, 30, 30, 30, 30, 30, 30, 30, 30, 30, 30, 30, 30, 30, 30, 30, 30, 30, 30, 30, 30, 30, 30, 30, 30, 30, 30, 30, 30, 30, 30, 30, 30, 30, 30, 30, 30, 30, 30, 30, 30, 30, 30, 30, 30, 30, 30, 30, 30, 30, 30, 30, 30, 30, 30, 30, 30, 30, 30, 30, 30, 30, 30, 30, 30, 30, 30, 30, 30, 30, 30, 30, 30, 30, 30, 30, 30, 30, 30, 30, 30, 30, 30, 30, 30, 30, 30, 30, 30, 30, 30, 30, 30, 30, 30, 30, 30, 30, 30, 30, 30, 30, 30, 30, 30, 30, 30, 30, 30, 30, 30, 30, 30, 30, 30, 30, 30, 30, 30, 30, 30, 30, 30, 30, 30, 30, 30, 30, 30, 30, 30, 30, 30, 30, 30, 30, 30, 30, 30, 30, 30, 30, 30, 30, 30, 30, 30, 30, 30, 30, 30, 30, 30, 30, 30, 30, 30, 30, 30, 30, 30, 30, 30, 30, 30]",480,"[6.180120468139648, 1.5592939853668213, 1.9641144275665283, 1.1841423511505127, 1.5302096605300903, 1.2077908515930176, 1.7083847522735596, 0.3613394796848297, 0.7119648456573486, 0.4409133791923523, 8.361950874328613, 0.5991628766059875, 1.074543833732605, 0.7709665894508362, 0.5827240943908691, 0.5278179049491882, 0.5559117197990417, 7.9635162353515625, 0.6597320437431335, 0.42373329401016235, 0.4171147048473358, 0.37761732935905457, 0.7854407429695129, 0.4401925206184387, 0.543196439743042, 0.33556297421455383, 0.4052302837371826, 0.6744902729988098, 0.402902752161026, 0.2735224664211273, 0.3294201195240021, 0.484115332365036, 0.3962240219116211, 2.4380762577056885, 0.33864548802375793, 0.5727823972702026, 0.3485357165336609, 0.6110698580741882, 0.32324591279029846, 0.30301541090011597, 0.33159324526786804, 0.3453487157821655, 0.4393698573112488, 0.4683041274547577, 0.6440348625183105, 0.6370695233345032, 0.6384532451629639, 0.30051493644714355, 0.2854982018470764, 0.3093125820159912, 0.3192209005355835, 0.3574392795562744, 0.5922234058380127, 0.675886332988739, 0.30554401874542236, 0.2981322705745697, 0.2925030589103699, 0.3391185998916626, 1.2585787773132324, 0.342609167098999, 0.39578190445899963, 0.38094720244407654, 0.34834885597229004, 0.40405359864234924, 0.3351288139820099, 0.5703670382499695, 1.0563559532165527, 0.35134100914001465, 0.34977567195892334, 0.4544757604598999, 0.3477133512496948, 0.3973162770271301, 1.2718490362167358, 0.3296695649623871, 0.39325085282325745, 0.4391159117221832, 0.7519683241844177, 0.3208492398262024, 0.6083884239196777, 0.6797943115234375, 0.3831428289413452, 0.3568788766860962, 0.4445633292198181, 0.3653125762939453, 0.9464321732521057, 0.471863329410553, 0.3730365037918091, 0.41164305806159973, 0.35982567071914673, 0.5035560727119446, 0.45073169469833374, 0.452250599861145, 0.41434261202812195, 0.4041011929512024, 0.592046320438385, 0.4287949800491333, 0.373967707157135, 0.44623836874961853, 0.37227892875671387, 0.40295514464378357, 0.45279738306999207, 0.4031984210014343, 0.5008062720298767, 0.5791651010513306, 0.38659751415252686, 0.5178837180137634, 0.5151344537734985, 0.4492109715938568, 0.5946370363235474, 0.41793909668922424, 0.41953903436660767, 0.607036828994751, 0.47034478187561035, 0.41946807503700256, 0.4499286711215973, 0.4154762327671051, 0.45120909810066223, 0.6349928379058838, 0.44579941034317017, 0.4737873375415802, 0.4723101854324341, 0.47183719277381897, 0.4630526006221771, 0.46544119715690613, 0.5951419472694397, 0.44375184178352356, 0.47059085965156555, 0.6590774655342102, 0.518427848815918, 0.47816574573516846, 0.4549548029899597, 1.1778817176818848, 0.4670102000236511, 0.5774444937705994, 0.5535591840744019, 0.5214986205101013, 0.48742207884788513, 0.6243711709976196, 0.4997466206550598, 0.5004570484161377, 0.5164950489997864, 0.5977256894111633, 1.0954817533493042, 0.4907543957233429, 0.5276930928230286, 0.494498074054718, 0.49036499857902527, 0.5315493941307068, 0.49177086353302, 0.5232441425323486, 0.5140774250030518, 0.49831241369247437, 0.5216090679168701, 0.5132631659507751, 0.5182165503501892, 0.511044979095459, 0.5045301914215088, 0.5227378606796265, 0.5039573907852173, 0.5242426991462708, 0.5443882942199707, 0.5402795672416687, 0.5163708329200745, 0.5462271571159363, 0.5341924428939819, 0.5133846402168274, 0.5176361203193665, 0.5649034976959229, 0.526380717754364, 0.5406257510185242, 0.5314372181892395, 0.5336587429046631, 0.5400387048721313, 0.524960994720459, 0.5637755393981934, 0.5381438732147217, 0.5264123678207397, 0.5491428971290588, 0.5432098507881165, 0.5434330701828003, 0.5383233428001404, 0.5504509210586548, 0.5499151349067688, 0.5369557738304138, 0.5500709414482117, 0.5516676902770996, 0.5466528534889221, 0.5538171529769897, 0.5367497801780701, 0.5428248643875122, 0.5500919222831726, 0.5388668775558472, 0.5413616299629211, 0.5654942989349365, 0.5568398833274841, 0.5836770534515381, 0.5504609942436218, 0.5569594502449036, 0.5702747106552124, 0.5545132160186768, 0.5780872106552124, 0.5722584128379822, 0.5537022352218628, 0.5525946617126465, 0.5662824511528015, 0.55949467420578, 0.5613817572593689, 0.5582041144371033, 0.5584782361984253, 0.5597724318504333, 0.5580188035964966, 0.5675478577613831, 0.567328155040741, 0.580668568611145, 0.5621339082717896, 0.5721820592880249, 0.5598129034042358, 0.5553209185600281, 0.5643922686576843, 0.5710840821266174, 0.5616253018379211, 0.5542052984237671, 0.5751069784164429, 0.5739706158638, 0.5636600852012634, 0.5633571147918701, 0.5753633975982666, 0.563758909702301, 0.5716201663017273, 0.5713820457458496, 0.5666894912719727, 0.5664627552032471, 0.5877144932746887, 0.593773603439331, 0.5700787901878357, 0.5688799023628235, 0.5678899884223938, 0.5700549483299255, 0.5802560448646545, 0.5793783068656921, 0.5853967666625977, 0.5709660053253174, 0.5797693133354187, 0.5757556557655334, 0.5779737234115601, 0.5765929222106934, 0.5854294300079346, 0.5787386298179626, 0.5855611562728882, 0.5791255831718445, 0.5821125507354736, 0.5762627720832825, 0.5860777497291565, 0.5921477675437927, 0.5786482691764832, 0.5882121920585632, 0.5792388319969177, 0.5873062014579773, 0.5831882953643799, 0.5992124676704407, 0.5916494131088257, 0.5841142535209656, 0.5840362310409546, 0.5936470627784729, 0.5808151364326477, 0.5888135433197021, 0.5828477740287781, 0.593112051486969, 0.5836195349693298, 0.5935025215148926, 0.6049962043762207, 0.5923166275024414, 0.5918989777565002, 0.6031282544136047, 0.6053911447525024, 0.5918883085250854, 0.5955204963684082, 0.5903127789497375, 0.5971338152885437, 0.6049319505691528, 0.5958291888237, 0.5945404767990112, 0.5887311697006226, 0.5916984677314758, 0.6025820374488831, 0.5983758568763733, 0.6090614795684814, 0.5924554467201233, 0.593287467956543, 0.5984249711036682, 0.6029478311538696, 0.6041830778121948, 0.5986413359642029, 0.5995566844940186, 0.5982410311698914, 0.6038986444473267, 0.609768807888031, 0.6091400384902954, 0.5990492701530457, 0.6006207466125488, 0.6078855991363525, 0.6019787788391113, 0.6040912866592407, 0.6066213250160217, 0.6023665070533752, 0.6094157099723816, 0.6166986227035522, 0.6017429232597351, 0.6171287298202515, 0.6180950403213501, 0.609237015247345, 0.6082788109779358, 0.6178674101829529, 0.6051247715950012, 0.6096451282501221, 0.6131108999252319, 0.6093223094940186, 0.6126948595046997, 0.6065744161605835, 0.6036803722381592, 0.6047733426094055, 0.6022341251373291, 0.6257875561714172, 0.6160216331481934, 0.6110953092575073, 0.6125234365463257, 0.6198675632476807, 0.6121899485588074, 0.607907235622406, 0.6065108776092529, 0.6168138384819031, 0.6102027297019958, 0.612663984298706, 0.6168175339698792, 0.6017980575561523, 0.609427809715271, 0.6195822954177856, 0.6103267073631287, 0.6192987561225891, 0.613339364528656, 0.613784670829773, 0.6199828386306763, 0.6086291670799255, 0.6169835925102234, 0.6201808452606201, 0.6285810470581055, 0.6056708693504333, 0.6233424544334412, 0.6052647233009338, 0.624647855758667, 0.6313187479972839, 0.6170645356178284, 0.6238306760787964, 0.6105575561523438, 0.6177050471305847, 0.6207802295684814, 0.6303619146347046, 0.6126794219017029, 0.61676424741745, 0.6521342396736145, 0.6238254904747009, 0.6148262619972229, 0.6168704032897949, 0.6120774745941162, 0.6236741542816162, 0.6081308722496033, 0.6168826818466187, 0.6160183548927307, 0.6173509359359741, 0.6165763735771179, 0.6170045733451843, 0.6309621930122375, 0.6216288208961487, 0.6276792883872986, 0.625465989112854, 0.6261159777641296, 0.6269651651382446, 0.6146302819252014, 0.6163195967674255, 0.624704122543335, 0.6268796324729919, 0.6243746280670166, 0.6151362657546997, 0.6237544417381287, 0.6262609362602234, 0.6254701018333435, 0.6242207884788513, 0.6242658495903015, 0.624987781047821, 0.6273737549781799, 0.6261424422264099, 0.6256661415100098, 0.6224649548530579, 0.6303507089614868, 0.6280657052993774, 0.6246188282966614, 0.6198612451553345, 0.6307394504547119, 0.6262147426605225, 0.6307608485221863, 0.6258851289749146, 0.6240373849868774, 0.6431246995925903, 0.6394683718681335, 0.6332206130027771, 0.6397954821586609, 0.6376583576202393, 0.6272561550140381, 0.6244866847991943, 0.6379919648170471, 0.6311215162277222, 0.6279885172843933, 0.6238799095153809, 0.6239748001098633, 0.6188992261886597, 0.6235734820365906, 0.6245689988136292, 0.6266705989837646, 0.6393096446990967, 0.6324731707572937, 0.6240682005882263, 0.6333849430084229, 0.6223285794258118, 0.6479145288467407, 0.6311977505683899, 0.6295135617256165, 0.6442055702209473, 0.6250910758972168, 0.6430454850196838, 0.6437690854072571, 0.6228767037391663, 0.6285886168479919, 0.622768223285675, 0.6297180652618408, 0.6326298117637634, 0.6384394764900208, 0.6353342533111572, 0.6373730301856995, 0.6320730447769165, 0.6447362303733826, 0.6284305453300476, 0.6331013441085815, 0.6386430859565735, 0.6325940489768982, 0.6337808966636658, 0.6318906545639038, 0.6385748982429504, 0.6311583518981934, 0.6225293874740601, 0.630378246307373, 0.632605791091919, 0.628562331199646, 0.6527048349380493, 0.6233245134353638, 0.6274182796478271, 0.6341977119445801, 0.6358673572540283, 0.6274546384811401, 0.6284286379814148, 0.6397631764411926, 0.6489437818527222, 0.6273438930511475, 0.6366223692893982, 0.6324597001075745, 0.6409340500831604, 0.6496119499206543, 0.6433714032173157, 0.628305196762085, 0.646816611289978, 0.6392120122909546, 0.6307910680770874, 0.6505562663078308, 0.6442713141441345, 0.6273323893547058, 0.6456179618835449, 0.6316997408866882, 0.639850914478302, 0.6328892707824707, 0.6314641237258911, 0.6459739208221436]",30.0,"[33.0, 33.0, 33.0, 33.0, 33.0, 33.0, 33.0, 33.0, 33.0, 33.0, 33.0, 33.0, 33.0, 33.0, 33.0, 33.0, 33.0, 33.0, 33.0, 33.0, 33.0, 33.0, 33.0, 33.0, 33.0, 32.0, 32.0, 31.0, 31.0, 31.0, 31.0, 31.0, 31.0, 31.0, 31.0, 31.0, 31.0, 31.0, 31.0, 31.0, 31.0, 31.0, 31.0, 31.0, 31.0, 31.0, 31.0, 31.0, 31.0, 31.0, 31.0, 31.0, 31.0, 31.0, 31.0, 31.0, 31.0, 31.0, 31.0, 31.0, 31.0, 31.0, 31.0, 31.0, 31.0, 31.0, 31.0, 31.0, 31.0, 31.0, 31.0, 31.0, 31.0, 31.0, 31.0, 31.0, 31.0, 31.0, 31.0, 31.0, 31.0, 31.0, 31.0, 31.0, 31.0, 31.0, 31.0, 31.0, 31.0, 31.0, 31.0, 31.0, 31.0, 31.0, 31.0, 31.0, 31.0, 31.0, 31.0, 31.0, 31.0, 31.0, 31.0, 31.0, 31.0, 31.0, 31.0, 31.0, 31.0, 31.0, 31.0, 31.0, 31.0, 31.0, 31.0, 31.0, 31.0, 31.0, 31.0, 31.0, 31.0, 31.0, 31.0, 31.0, 31.0, 31.0, 31.0, 31.0, 31.0, 31.0, 31.0, 31.0