,number,value,datetime_start,datetime_complete,duration,params_batch_size_scaler,params_constant_learning_rate,params_depth,params_epochs,params_kernel_l2,params_num_trees,params_temperature,user_attrs_accuracy_test,user_attrs_accuracy_valid,user_attrs_approximate_feature_sparsity,user_attrs_approximate_feature_sparsity_history,user_attrs_approximate_weight_sparsity,user_attrs_approximate_weight_sparsity_history,user_attrs_auc_test,user_attrs_auc_valid,user_attrs_feature_sparsity,user_attrs_feature_sparsity_history,user_attrs_num_epochs,user_attrs_val_loss_history,user_attrs_weight_sparsity,user_attrs_weight_sparsity_history,state
80,80,0.91797091368139,2024-08-31 03:45:59.615825,2024-08-31 03:48:16.194562,0 days 00:02:16.578737,16,2.2723612614667523,5,290,0.012789701982629858,95,0.0007701499332528351,0.933,0.92625,10,"[33, 33, 33, 33, 33, 33, 33, 33, 33, 33, 33, 33, 33, 33, 33, 23, 20, 18, 17, 16, 15, 15, 15, 15, 15, 15, 15, 15, 15, 15, 15, 15, 15, 14, 14, 14, 14, 14, 14, 13, 13, 13, 13, 13, 13, 13, 13, 13, 13, 13, 13, 13, 13, 13, 13, 13, 13, 13, 13, 13, 13, 13, 13, 13, 13, 13, 13, 13, 13, 13, 13, 13, 13, 13, 13, 13, 13, 13, 13, 13, 13, 13, 13, 13, 13, 13, 13, 13, 13, 13, 13, 13, 13, 13, 13, 13, 13, 13, 13, 13, 12, 12, 12, 12, 12, 12, 12, 12, 12, 12, 12, 11, 11, 11, 11, 11, 11, 11, 11, 11, 11, 11, 11, 11, 11, 11, 11, 11, 11, 11, 11, 11, 11, 11, 11, 11, 11, 11, 11, 11, 11, 11, 11, 11, 11, 11, 11, 11, 11, 11, 11, 11, 11, 11, 11, 10, 10, 10, 10, 10, 10, 10, 10, 10, 10, 10, 10, 10, 10, 10, 10, 10, 10, 10, 10, 10, 10, 10, 10, 10, 10, 10, 10, 10, 10, 10, 10, 10, 10, 10, 10, 10, 10, 10, 10, 10, 10, 10, 10, 10, 10, 10, 10, 10, 10, 10, 10, 10, 10, 10, 10, 10, 10, 10, 10, 10, 10, 10, 10, 10, 10, 10, 10, 10, 10, 10, 10, 10, 10, 10, 10, 10, 10, 10, 10, 10, 10, 10, 10, 10, 10, 10, 10, 10, 10, 10, 10, 10, 10, 10, 10, 10, 10, 10, 10, 10, 10, 10, 10, 10, 10, 10, 10, 10, 10, 10, 10, 10, 10, 10, 10, 10, 10, 10, 10, 10, 10, 10, 10, 10, 10, 10, 10, 10, 10, 10, 10, 10, 10, 10]",9.98030560271647,"[32.928013582342956, 32.93073005093378, 32.92122241086587, 32.92699490662139, 32.916808149405774, 32.92563667232598, 32.92427843803056, 32.92529711375212, 32.924957555178274, 32.92190152801358, 32.92427843803056, 32.922241086587434, 32.9195246179966, 32.926994906621395, 32.91952461799661, 22.945331069609505, 19.95483870967742, 17.961629881154497, 16.966383701188455, 15.968760611205434, 14.963667232597624, 14.969779286926993, 14.964006791171478, 14.97113752122241, 14.969779286926995, 14.970458404074703, 14.969779286926995, 14.969439728353143, 14.967062818336164, 14.972156196943972, 14.968421052631578, 14.968760611205433, 14.965704584040749, 13.971477079796264, 13.972495755517826, 13.974872665534807, 13.975891341256368, 13.974872665534804, 13.975891341256368, 12.973174872665535, 12.975891341256368, 12.974872665534805, 12.973853989813243, 12.979626485568762, 12.974193548387097, 12.976910016977929, 12.973174872665535, 12.971477079796266, 12.972835314091682, 12.971477079796264, 12.972495755517826, 12.973174872665536, 12.977928692699491, 12.975212224108658, 12.973514431239389, 12.973853989813241, 12.976230899830222, 12.972835314091682, 12.97521222410866, 12.97792869269949, 12.976570458404074, 12.977928692699493, 12.978268251273345, 12.978268251273345, 12.980984719864177, 12.97792869269949, 12.973853989813241, 12.976570458404074, 12.976910016977927, 12.975212224108658, 12.969439728353143, 12.973514431239389, 12.971477079796264, 12.974193548387095, 12.97113752122241, 12.973514431239389, 12.971816638370118, 12.971816638370118, 12.973853989813241, 12.971816638370118, 12.967402376910018, 12.974193548387097, 12.974193548387097, 12.973853989813243, 12.977928692699491, 12.973514431239389, 12.97453310696095, 12.97623089983022, 12.975551782682512, 12.978607809847198, 12.976570458404074, 12.978268251273345, 12.976910016977929, 12.979286926994906, 12.97113752122241, 12.975212224108658, 12.978268251273345, 12.973174872665535, 12.973853989813243, 12.975551782682514, 11.981663837011883, 11.97623089983022, 11.975551782682512, 11.976570458404074, 11.975891341256366, 11.973853989813243, 11.972156196943972, 11.979626485568762, 11.977589134125637, 11.98132427843803, 11.97962648556876, 10.983701188455008, 10.9830220713073, 10.98471986417657, 10.981663837011885, 10.980305602716468, 10.981663837011885, 10.983361629881154, 10.984040747028862, 10.983701188455008, 10.9830220713073, 10.980645161290322, 10.976230899830222, 10.977249575551781, 10.976910016977929, 10.978268251273343, 10.978268251273343, 10.977249575551783, 10.978268251273345, 10.9786078098472, 10.982003395585737, 10.982682512733446, 10.981663837011885, 10.980645161290324, 10.984380305602716, 10.978947368421052, 10.981324278438032, 10.978947368421053, 10.978268251273345, 10.978268251273345, 10.977589134125639, 10.976230899830222, 10.978607809847198, 10.976570458404076, 10.974872665534804, 10.975891341256366, 10.975551782682514, 10.976230899830222, 10.978607809847198, 10.976910016977929, 10.974193548387099, 10.975551782682512, 10.97521222410866, 10.977589134125637, 10.97792869269949, 9.98132427843803, 9.978607809847198, 9.980305602716468, 9.982003395585737, 9.982342954159593, 9.980305602716468, 9.981663837011885, 9.98030560271647, 9.981324278438029, 9.98064516129032, 9.979966044142614, 9.976570458404074, 9.976570458404074, 9.979286926994906, 9.979966044142614, 9.978607809847198, 9.97623089983022, 9.979286926994906, 9.976570458404073, 9.977249575551783, 9.976570458404074, 9.978268251273345, 9.975891341256366, 9.977589134125637, 9.979966044142614, 9.978947368421052, 9.9786078098472, 9.977928692699491, 9.979966044142614, 9.97962648556876, 9.978268251273343, 9.9786078098472, 9.978268251273345, 9.978268251273345, 9.98030560271647, 9.9786078098472, 9.980645161290324, 9.980984719864178, 9.979966044142616, 9.984040747028862, 9.982003395585737, 9.981324278438029, 9.98132427843803, 9.982003395585737, 9.979286926994906, 9.985059422750425, 9.97962648556876, 9.98132427843803, 9.983361629881154, 9.980984719864177, 9.979966044142614, 9.980645161290322, 9.980645161290322, 9.983361629881154, 9.979966044142612, 9.985059422750425, 9.98471986417657, 9.986078098471987, 9.980305602716468, 9.983361629881154, 9.983361629881154, 9.983701188455008, 9.982682512733446, 9.981663837011885, 9.98030560271647, 9.979286926994906, 9.977249575551783, 9.977928692699491, 9.977589134125637, 9.979286926994908, 9.98030560271647, 9.979966044142614, 9.980305602716468, 9.979286926994908, 9.980984719864177, 9.978947368421053, 9.978607809847198, 9.9786078098472, 9.978268251273345, 9.981663837011885, 9.978947368421053, 9.977249575551783, 9.9786078098472, 9.977928692699491, 9.979966044142616, 9.98030560271647, 9.980645161290324, 9.97623089983022, 9.977589134125637, 9.979966044142616, 9.97623089983022, 9.976910016977929, 9.978268251273345, 9.979626485568762, 9.9786078098472, 9.980984719864177, 9.981663837011885, 9.975551782682512, 9.977249575551783, 9.980305602716468, 9.978947368421052, 9.979626485568762, 9.978947368421052, 9.979286926994906, 9.976910016977929, 9.9786078098472, 9.97623089983022, 9.981663837011885, 9.979286926994906, 9.980305602716468, 9.982003395585739, 9.978268251273345, 9.978947368421053, 9.98132427843803, 9.979626485568762, 9.977589134125637, 9.978268251273345, 9.977249575551783, 9.977589134125637, 9.9786078098472, 9.977589134125637, 9.975891341256366, 9.97962648556876, 9.97962648556876, 9.977249575551783, 9.981663837011885, 9.977928692699491, 9.98030560271647, 9.982682512733447, 9.980305602716466, 9.980305602716468, 9.985059422750423, 9.980645161290322, 9.980984719864177, 9.98030560271647]",0.912457995855316,0.91797091368139,10,"[33, 33, 33, 33, 33, 33, 33, 33, 33, 33, 33, 33, 33, 33, 33, 23, 20, 18, 17, 16, 15, 15, 15, 15, 15, 15, 15, 15, 15, 15, 15, 15, 15, 14, 14, 14, 14, 14, 14, 13, 13, 13, 13, 13, 13, 13, 13, 13, 13, 13, 13, 13, 13, 13, 13, 13, 13, 13, 13, 13, 13, 13, 13, 13, 13, 13, 13, 13, 13, 13, 13, 13, 13, 13, 13, 13, 13, 13, 13, 13, 13, 13, 13, 13, 13, 13, 13, 13, 13, 13, 13, 13, 13, 13, 13, 13, 13, 13, 13, 13, 12, 12, 12, 12, 12, 12, 12, 12, 12, 12, 12, 11, 11, 11, 11, 11, 11, 11, 11, 11, 11, 11, 11, 11, 11, 11, 11, 11, 11, 11, 11, 11, 11, 11, 11, 11, 11, 11, 11, 11, 11, 11, 11, 11, 11, 11, 11, 11, 11, 11, 11, 11, 11, 11, 11, 10, 10, 10, 10, 10, 10, 10, 10, 10, 10, 10, 10, 10, 10, 10, 10, 10, 10, 10, 10, 10, 10, 10, 10, 10, 10, 10, 10, 10, 10, 10, 10, 10, 10, 10, 10, 10, 10, 10, 10, 10, 10, 10, 10, 10, 10, 10, 10, 10, 10, 10, 10, 10, 10, 10, 10, 10, 10, 10, 10, 10, 10, 10, 10, 10, 10, 10, 10, 10, 10, 10, 10, 10, 10, 10, 10, 10, 10, 10, 10, 10, 10, 10, 10, 10, 10, 10, 10, 10, 10, 10, 10, 10, 10, 10, 10, 10, 10, 10, 10, 10, 10, 10, 10, 10, 10, 10, 10, 10, 10, 10, 10, 10, 10, 10, 10, 10, 10, 10, 10, 10, 10, 10, 10, 10, 10, 10, 10, 10, 10, 10, 10, 10, 10, 10]",290,"[0.3804106116294861, 0.3646126687526703, 0.358259379863739, 0.36582323908805847, 0.36043626070022583, 0.34069427847862244, 0.3497130572795868, 0.3309204876422882, 0.3235500454902649, 0.32090914249420166, 0.3166007101535797, 0.3329257667064667, 0.301693320274353, 0.29387497901916504, 0.2887077033519745, 0.2918572425842285, 0.2738460302352905, 0.2642905116081238, 0.2862217426300049, 0.26008686423301697, 0.2631639540195465, 0.24800342321395874, 0.2479369193315506, 0.2443506121635437, 0.24198488891124725, 0.2365199625492096, 0.23751872777938843, 0.23100309073925018, 0.23028510808944702, 0.23005643486976624, 0.2294648289680481, 0.22465330362319946, 0.221506267786026, 0.23201104998588562, 0.23484884202480316, 0.22809650003910065, 0.23820824921131134, 0.2290305495262146, 0.22371503710746765, 0.23143598437309265, 0.22639131546020508, 0.22396571934223175, 0.22459794580936432, 0.22269363701343536, 0.23171740770339966, 0.22142809629440308, 0.2204977571964264, 0.22715631127357483, 0.22401706874370575, 0.21913111209869385, 0.24975329637527466, 0.21771368384361267, 0.21805843710899353, 0.2204664796590805, 0.21782439947128296, 0.2191178947687149, 0.2381860613822937, 0.22784394025802612, 0.2169644683599472, 0.2276856005191803, 0.2164669930934906, 0.21640796959400177, 0.21444885432720184, 0.2137637585401535, 0.21527160704135895, 0.2219506800174713, 0.2134595364332199, 0.2128211408853531, 0.22315120697021484, 0.2128213495016098, 0.21574918925762177, 0.21849769353866577, 0.22480539977550507, 0.21200218796730042, 0.20978258550167084, 0.21068121492862701, 0.21632611751556396, 0.22053849697113037, 0.2319750338792801, 0.21071837842464447, 0.21339893341064453, 0.20812837779521942, 0.21536630392074585, 0.21418072283267975, 0.207283616065979, 0.21389491856098175, 0.20840974152088165, 0.20656676590442657, 0.20458845794200897, 0.20642462372779846, 0.2116084098815918, 0.2085256576538086, 0.21822991967201233, 0.22619804739952087, 0.20960325002670288, 0.20991508662700653, 0.2059047669172287, 0.20536786317825317, 0.2121357023715973, 0.21494585275650024, 0.21835224330425262, 0.21683017909526825, 0.21629899740219116, 0.2049238085746765, 0.208872988820076, 0.20531147718429565, 0.20675596594810486, 0.2000264674425125, 0.2015506774187088, 0.20013800263404846, 0.20355597138404846, 0.23063810169696808, 0.20688828825950623, 0.20462718605995178, 0.20709125697612762, 0.20200806856155396, 0.20857563614845276, 0.20148605108261108, 0.20650272071361542, 0.20000818371772766, 0.20387274026870728, 0.20125091075897217, 0.20393125712871552, 0.2361694574356079, 0.23249317705631256, 0.20656539499759674, 0.20904020965099335, 0.20263424515724182, 0.19834397733211517, 0.20104123651981354, 0.20975011587142944, 0.1981182098388672, 0.200358584523201, 0.19940656423568726, 0.19811226427555084, 0.20220039784908295, 0.1983633041381836, 0.19691939651966095, 0.19903461635112762, 0.1991860419511795, 0.19725389778614044, 0.1972770243883133, 0.20070964097976685, 0.2079598605632782, 0.19773851335048676, 0.20362892746925354, 0.2159116417169571, 0.19970643520355225, 0.20231075584888458, 0.20103728771209717, 0.20147228240966797, 0.2005241960287094, 0.20985719561576843, 0.20018714666366577, 0.19794458150863647, 0.20174351334571838, 0.20197218656539917, 0.2006133645772934, 0.20095866918563843, 0.20284685492515564, 0.2017592042684555, 0.20575784146785736, 0.215373232960701, 0.20505279302597046, 0.2047557383775711, 0.20062236487865448, 0.20210444927215576, 0.19898951053619385, 0.20159339904785156, 0.20157930254936218, 0.20539125800132751, 0.20865002274513245, 0.19976776838302612, 0.20045191049575806, 0.20017623901367188, 0.20126928389072418, 0.22318504750728607, 0.2012893557548523, 0.2000960111618042, 0.21497054398059845, 0.20478206872940063, 0.20036190748214722, 0.20407572388648987, 0.20771080255508423, 0.22139310836791992, 0.2115401327610016, 0.20200464129447937, 0.19969041645526886, 0.1996266394853592, 0.2006874978542328, 0.20130906999111176, 0.22976192831993103, 0.20144617557525635, 0.20571115612983704, 0.2220953106880188, 0.19880269467830658, 0.20013950765132904, 0.20967979729175568, 0.20018085837364197, 0.1995936781167984, 0.20300354063510895, 0.2081252634525299, 0.19935739040374756, 0.2202850729227066, 0.21970251202583313, 0.2038094848394394, 0.2100364714860916, 0.2013826221227646, 0.20653505623340607, 0.2739966809749603, 0.20030784606933594, 0.19872838258743286, 0.2005067765712738, 0.20966863632202148, 0.20085319876670837, 0.20053620636463165, 0.1999107152223587, 0.20501743257045746, 0.2018091082572937, 0.19928711652755737, 0.20246994495391846, 0.19990648329257965, 0.20082485675811768, 0.20337778329849243, 0.2002728283405304, 0.20007608830928802, 0.20777231454849243, 0.2003181278705597, 0.20338918268680573, 0.20176368951797485, 0.20213213562965393, 0.20044954121112823, 0.20199483633041382, 0.21804924309253693, 0.19989299774169922, 0.19910019636154175, 0.20082692801952362, 0.19958704710006714, 0.20200121402740479, 0.20045925676822662, 0.20699472725391388, 0.20422597229480743, 0.2047479748725891, 0.20732030272483826, 0.20846275985240936, 0.20012317597866058, 0.2003868818283081, 0.20390263199806213, 0.20473985373973846, 0.19922009110450745, 0.20357899367809296, 0.2002529352903366, 0.2026076763868332, 0.2002275139093399, 0.20389513671398163, 0.20055459439754486, 0.2034936100244522, 0.1990160346031189, 0.2038217931985855, 0.21288062632083893, 0.2017718106508255, 0.20179662108421326, 0.20534856617450714, 0.20186851918697357, 0.20010551810264587, 0.19973784685134888, 0.22916965186595917, 0.20082800090312958, 0.20099879801273346, 0.20396670699119568, 0.2023463249206543, 0.20294445753097534, 0.2085404396057129, 0.20087242126464844, 0.20256966352462769, 0.21478426456451416, 0.20691385865211487, 0.20113424956798553, 0.20140279829502106, 0.21514953672885895, 0.20770412683486938, 0.2012447863817215, 0.2000412791967392, 0.20300287008285522, 0.20021659135818481, 0.2019035965204239, 0.21291092038154602, 0.20194904506206512, 0.20154829323291779, 0.202123761177063]",10.0,"[33.0, 33.0, 33.0, 33.0, 33.0, 33.0, 33.0, 33.0, 33.0, 33.0, 33.0, 33.0, 33.0, 33.0, 33.0, 23.0, 20.0, 18.0, 17.0, 16.0, 15.0, 15.0, 15.0, 15.0, 15.0, 15.0, 15.0, 15.0, 15.0, 15.0, 15.0, 15.0, 15.0, 14.0, 14.0, 14.0, 14.0, 14.0, 14.0, 13.0, 13.0, 13.0, 13.0, 13.0, 13.0, 13.0, 13.0, 13.0, 13.0, 13.0, 13.0, 13.0, 13.0, 13.0, 13.0, 13.0, 13.0, 13.0, 13.0, 13.0, 13.0, 13.0, 13.0, 13.0, 13.0, 13.0, 13.0, 13.0, 13.0, 13.0, 13.0, 13.0, 13.0, 13.0, 13.0, 13.0, 13.0, 13.0, 13.0, 13.0, 13.0, 13.0, 13.0, 13.0, 13.0, 13.0, 13.0, 13.0, 13.0, 13.0, 13.0, 13.0, 13.0, 13.0, 13.0, 13.0, 13.0, 13.0, 13.0, 13.0, 12.0, 12.0, 12.0, 12.0, 12.0, 12.0, 12.0, 12.0, 12.0, 12.0, 12.0, 11.0, 11.0, 11.0, 11.0, 11.0, 11.0, 11.0, 11.0, 11.0, 11.0, 11.0, 11.0, 11.0, 11.0, 11.0, 11.0, 11.0, 11.0, 11.0, 11.0, 11.0, 11.0, 11.0, 11.0, 11.0, 11.0, 11.0, 11.0, 11.0, 11.0, 11.0, 11.0, 11.0, 11.0, 11.0, 11.0, 11.0, 11.0, 11.0, 11.0, 11.0, 11.0, 11.0, 11.0, 10.0, 10.0, 10.0, 10.0, 10.0, 10.0, 10.0, 10.0, 10.0, 10.0, 10.0, 10.0, 10.0, 10.0, 10.0, 10.0, 10.0, 10.0, 10.0, 10.0, 10.0, 10.0, 10.0, 10.0, 10.0, 10.0, 10.0, 10.0, 10.0, 10.0, 10.0, 10.0, 10.0, 10.0, 10.0, 10.0, 10.0, 10.0, 10.0, 10.0, 10.0, 10.0, 10.0, 10.0, 10.0, 10.0, 10.0, 10.0, 10.0, 10.0, 10.0, 10.0, 10.0, 10.0, 10.0, 10.0, 10.0, 10.0, 10.0, 10.0, 10.0, 10.0, 10.0, 10.0, 10.0, 10.0, 10.0, 10.0, 10.0, 10.0, 10.0, 10.0, 10.0, 10.0, 10.0, 10.0, 10.0, 10.0, 10.0, 10.0, 10.0, 10.0, 10.0, 10.0, 10.0, 10.0, 10.0, 10.0, 10.0, 10.0, 10.0, 10.0, 10.0, 10.0, 10.0, 10.0, 10.0, 10.0, 10.0, 10.0, 10.0, 10.0, 10.0, 10.0, 10.0, 10.0, 10.0, 10.0, 10.0, 10.0, 10.0, 10.0, 10.0, 10.0, 10.0, 10.0, 10.0, 10.0, 10.0, 10.0, 10.0, 10.0, 10.0, 10.0, 10.0, 10.0, 10.0, 10.0, 10.0, 10.0, 10.0, 10.0, 10.0, 10.0, 10.0]",COMPLETE
