,number,value,datetime_start,datetime_complete,duration,params_batch_size_scaler,params_constant_learning_rate,params_depth,params_epochs,params_kernel_l2,params_num_trees,params_temperature,user_attrs_accuracy_test,user_attrs_accuracy_valid,user_attrs_approximate_feature_sparsity,user_attrs_approximate_feature_sparsity_history,user_attrs_approximate_weight_sparsity,user_attrs_approximate_weight_sparsity_history,user_attrs_auc_test,user_attrs_auc_valid,user_attrs_feature_sparsity,user_attrs_feature_sparsity_history,user_attrs_num_epochs,user_attrs_val_loss_history,user_attrs_weight_sparsity,user_attrs_weight_sparsity_history,state
150,150,0.7411214592108822,2024-08-31 07:03:31.270568,2024-08-31 07:07:11.822415,0 days 00:03:40.551847,4,0.05503772552874565,6,80,0.001524969790723126,78,0.00964002405713178,0.879,0.87375,33,"[33, 33, 33, 33, 33, 33, 33, 33, 33, 33, 33, 33, 33, 33, 33, 33, 33, 33, 33, 33, 33, 33, 33, 33, 33, 33, 33, 33, 33, 33, 33, 33, 33, 33, 33, 33, 33, 33, 33, 33, 33, 33, 33, 33, 33, 33, 33, 33, 33, 33, 33, 33, 33, 33, 33, 33, 33, 33, 33, 33, 33, 33, 33, 33, 33, 33, 33, 33, 33, 33, 33, 33, 33, 33, 33, 33, 33, 33, 33, 33]",32.9006919006919,"[32.9015059015059, 32.9023199023199, 32.9010989010989, 32.898656898656895, 32.904761904761905, 32.9015059015059, 32.904761904761905, 32.906796906796906, 32.9035409035409, 32.8972323972324, 32.8974358974359, 32.896621896621895, 32.90354090354091, 32.9015059015059, 32.901098901098905, 32.898656898656895, 32.901709401709404, 32.9008954008954, 32.90150590150591, 32.8980463980464, 32.8992673992674, 32.8962148962149, 32.9006919006919, 32.9002849002849, 32.9019129019129, 32.905372405372404, 32.90822140822141, 32.90394790394791, 32.90923890923891, 32.906796906796906, 32.90455840455841, 32.90516890516891, 32.90618640618641, 32.905372405372404, 32.90659340659341, 32.90822140822141, 32.903133903133906, 32.9008954008954, 32.9033374033374, 32.9004884004884, 32.901709401709404, 32.9015059015059, 32.8998778998779, 32.9039479039479, 32.9029304029304, 32.902116402116405, 32.9025234025234, 32.9008954008954, 32.9019129019129, 32.9019129019129, 32.900081400081405, 32.9004884004884, 32.9033374033374, 32.9023199023199, 32.902726902726904, 32.9019129019129, 32.9008954008954, 32.9019129019129, 32.90516890516891, 32.905372405372404, 32.90394790394791, 32.904151404151406, 32.9023199023199, 32.90618640618641, 32.905779405779406, 32.905779405779406, 32.90761090761091, 32.90720390720391, 32.906796906796906, 32.9070004070004, 32.91168091168092, 32.9055759055759, 32.906796906796906, 32.90944240944241, 32.91066341066341, 32.906796906796906, 32.90883190883191, 32.90516890516891, 32.9055759055759, 32.9006919006919]",0.7750724494092588,0.7411214592108822,33,"[33, 33, 33, 33, 33, 33, 33, 33, 33, 33, 33, 33, 33, 33, 33, 33, 33, 33, 33, 33, 33, 33, 33, 33, 33, 33, 33, 33, 33, 33, 33, 33, 33, 33, 33, 33, 33, 33, 33, 33, 33, 33, 33, 33, 33, 33, 33, 33, 33, 33, 33, 33, 33, 33, 33, 33, 33, 33, 33, 33, 33, 33, 33, 33, 33, 33, 33, 33, 33, 33, 33, 33, 33, 33, 33, 33, 33, 33, 33, 33]",80,"[0.4204280972480774, 0.40159890055656433, 0.39728817343711853, 0.39428070187568665, 0.3919188976287842, 0.3898089528083801, 0.38791054487228394, 0.38618239760398865, 0.3845788538455963, 0.3831278085708618, 0.38179197907447815, 0.3804984390735626, 0.3793453872203827, 0.3782965838909149, 0.3773189187049866, 0.3763798773288727, 0.3754832148551941, 0.3747352659702301, 0.3739483654499054, 0.3732304275035858, 0.3725184500217438, 0.3718375265598297, 0.37122777104377747, 0.3706526458263397, 0.37007370591163635, 0.36947813630104065, 0.36892130970954895, 0.36847513914108276, 0.3680610656738281, 0.36751997470855713, 0.3669646382331848, 0.36649081110954285, 0.36604607105255127, 0.36562883853912354, 0.3651196360588074, 0.3646981716156006, 0.3642778694629669, 0.3638124465942383, 0.36345309019088745, 0.3630326986312866, 0.3626609444618225, 0.3621457815170288, 0.3617575168609619, 0.3613937795162201, 0.36101704835891724, 0.3606376349925995, 0.3601647615432739, 0.35978642106056213, 0.3593665659427643, 0.35899031162261963, 0.35856562852859497, 0.3581629991531372, 0.35784462094306946, 0.3574025332927704, 0.35700008273124695, 0.35659122467041016, 0.35623350739479065, 0.35587719082832336, 0.35551372170448303, 0.3551684319972992, 0.35475072264671326, 0.3543739318847656, 0.35392895340919495, 0.3535129427909851, 0.35312652587890625, 0.35271891951560974, 0.3524108827114105, 0.35200241208076477, 0.3516016900539398, 0.3512190282344818, 0.3508646488189697, 0.350488543510437, 0.350149929523468, 0.3497156500816345, 0.3492674231529236, 0.3489221930503845, 0.34852203726768494, 0.3480852544307709, 0.34769684076309204, 0.3472793996334076]",33.0,"[33.0, 33.0, 33.0, 33.0, 33.0, 33.0, 33.0, 33.0, 33.0, 33.0, 33.0, 33.0, 33.0, 33.0, 33.0, 33.0, 33.0, 33.0, 33.0, 33.0, 33.0, 33.0, 33.0, 33.0, 33.0, 33.0, 33.0, 33.0, 33.0, 33.0, 33.0, 33.0, 33.0, 33.0, 33.0, 33.0, 33.0, 33.0, 33.0, 33.0, 33.0, 33.0, 33.0, 33.0, 33.0, 33.0, 33.0, 33.0, 33.0, 33.0, 33.0, 33.0, 33.0, 33.0, 33.0, 33.0, 33.0, 33.0, 33.0, 33.0, 33.0, 33.0, 33.0, 33.0, 33.0, 33.0, 33.0, 33.0, 33.0, 33.0, 33.0, 33.0, 33.0, 33.0, 33.0, 33.0, 33.0, 33.0, 33.0, 33.0]",COMPLETE
151,151,0.9367649521454058,2024-08-31 07:07:16.166945,2024-08-31 07:20:59.199157,0 days 00:13:43.032212,1,0.5468595970911657,6,285,0.025564371253512467,2,0.00011468417735570167,0.948,0.95625,22,"[33, 33, 33, 33, 33, 33, 33, 33, 33, 32, 31, 30, 29, 29, 29, 29, 29, 27, 27, 26, 25, 25, 25, 25, 25, 25, 25, 25, 25, 25, 25, 25, 25, 25, 25, 24, 24, 24, 24, 24, 24, 24, 24, 24, 24, 24, 24, 24, 24, 24, 24, 24, 24, 24, 24, 24, 24, 24, 24, 24, 24, 24, 24, 24, 24, 23, 23, 23, 23, 23, 23, 23, 23, 23, 23, 23, 23, 23, 23, 23, 23, 23, 23, 23, 23, 23, 23, 23, 23, 23, 23, 23, 23, 23, 23, 23, 23, 23, 23, 23, 23, 23, 23, 23, 23, 23, 23, 23, 23, 23, 23, 23, 23, 23, 23, 23, 23, 23, 23, 23, 23, 23, 23, 23, 23, 23, 23, 23, 23, 23, 23, 23, 23, 23, 23, 23, 23, 23, 23, 23, 23, 23, 23, 23, 23, 23, 23, 23, 23, 23, 23, 23, 23, 23, 23, 23, 23, 23, 23, 23, 23, 23, 23, 23, 23, 23, 23, 23, 23, 23, 23, 23, 23, 23, 23, 23, 23, 23, 23, 22, 22, 22, 22, 22, 22, 22, 22, 22, 22, 22, 22, 22, 22, 22, 22, 22, 22, 22, 22, 22, 22, 22, 22, 22, 22, 22, 22, 22, 22, 22, 22, 22, 22, 22, 22, 22, 22, 22, 22, 22, 22, 22, 22, 22, 22, 22, 22, 22, 22, 22, 22, 22, 22, 22, 22, 22, 22, 22, 22, 22, 22, 22, 22, 22, 22, 22, 22, 22, 22, 22, 22, 22, 22, 22, 22, 22, 22, 22, 22, 22, 22, 22, 22, 22, 22, 22, 22, 22, 22, 22, 22, 22, 22, 22, 22, 22, 22, 22, 22, 22, 22, 22, 22, 22, 22]",21.087301587301585,"[32.992063492063494, 32.992063492063494, 33.0, 33.0, 32.98412698412699, 32.96825396825397, 32.98412698412699, 32.992063492063494, 32.96825396825397, 31.960317460317462, 30.960317460317462, 29.984126984126984, 28.984126984126984, 28.96825396825397, 28.976190476190474, 28.992063492063494, 28.992063492063494, 26.992063492063494, 26.992063492063494, 25.96825396825397, 24.976190476190474, 24.976190476190474, 24.992063492063494, 24.976190476190474, 24.984126984126984, 24.992063492063494, 24.992063492063494, 24.96825396825397, 24.952380952380953, 24.944444444444443, 24.92857142857143, 24.952380952380953, 24.944444444444443, 24.952380952380953, 24.960317460317462, 23.944444444444443, 23.960317460317462, 23.92857142857143, 23.952380952380953, 23.952380952380953, 23.976190476190474, 23.976190476190474, 23.944444444444443, 23.976190476190474, 23.984126984126984, 23.960317460317462, 23.952380952380953, 23.960317460317462, 23.976190476190474, 23.952380952380953, 23.936507936507937, 23.92063492063492, 23.91269841269841, 23.944444444444443, 23.936507936507937, 23.944444444444443, 23.944444444444443, 23.936507936507937, 23.936507936507937, 23.960317460317462, 23.91269841269841, 23.88095238095238, 23.944444444444443, 23.880952380952383, 23.91269841269841, 22.92857142857143, 22.904761904761905, 22.88095238095238, 22.92857142857143, 22.960317460317462, 22.91269841269841, 22.91269841269841, 22.92857142857143, 22.92857142857143, 22.92857142857143, 22.8968253968254, 22.904761904761905, 22.92857142857143, 22.857142857142858, 22.873015873015873, 22.88095238095238, 22.849206349206348, 22.873015873015873, 22.873015873015873, 22.88888888888889, 22.873015873015873, 22.865079365079367, 22.865079365079367, 22.873015873015873, 22.857142857142858, 22.88095238095238, 22.825396825396826, 22.825396825396826, 22.833333333333336, 22.77777777777778, 22.833333333333336, 22.833333333333332, 22.841269841269842, 22.833333333333332, 22.85714285714286, 22.873015873015873, 22.849206349206348, 22.857142857142858, 22.85714285714286, 22.80952380952381, 22.81746031746032, 22.793650793650794, 22.78571428571429, 22.825396825396826, 22.873015873015873, 22.80952380952381, 22.761904761904763, 22.73015873015873, 22.738095238095237, 22.761904761904763, 22.730158730158728, 22.722222222222225, 22.738095238095237, 22.738095238095237, 22.76984126984127, 22.738095238095237, 22.666666666666668, 22.65873015873016, 22.706349206349206, 22.738095238095237, 22.77777777777778, 22.62698412698413, 22.73015873015873, 22.714285714285715, 22.634920634920633, 22.690476190476193, 22.6984126984127, 22.674603174603174, 22.650793650793652, 22.674603174603174, 22.6984126984127, 22.65873015873016, 22.650793650793652, 22.674603174603174, 22.61904761904762, 22.62698412698413, 22.666666666666664, 22.626984126984127, 22.634920634920633, 22.57142857142857, 22.58730158730159, 22.555555555555557, 22.53174603174603, 22.58730158730159, 22.563492063492063, 22.58730158730159, 22.6031746031746, 22.547619047619047, 22.57142857142857, 22.626984126984127, 22.571428571428573, 22.555555555555557, 22.547619047619047, 22.571428571428573, 22.547619047619047, 22.492063492063494, 22.492063492063494, 22.539682539682538, 22.539682539682538, 22.492063492063494, 22.476190476190478, 22.484126984126984, 22.444444444444446, 22.523809523809526, 22.452380952380953, 22.484126984126984, 22.476190476190478, 22.42857142857143, 22.43650793650794, 22.333333333333336, 22.452380952380953, 22.301587301587304, 22.38095238095238, 22.373015873015873, 21.325396825396826, 21.412698412698415, 21.317460317460316, 21.357142857142858, 21.357142857142858, 21.28571428571429, 21.261904761904763, 21.22222222222222, 21.325396825396826, 21.269841269841272, 21.285714285714285, 21.30952380952381, 21.325396825396826, 21.34920634920635, 21.27777777777778, 21.30952380952381, 21.30952380952381, 21.285714285714285, 21.341269841269842, 21.27777777777778, 21.333333333333332, 21.333333333333336, 21.317460317460316, 21.27777777777778, 21.26984126984127, 21.27777777777778, 21.253968253968253, 21.246031746031747, 21.29365079365079, 21.21428571428571, 21.277777777777775, 21.26984126984127, 21.1984126984127, 21.230158730158728, 21.238095238095237, 21.246031746031743, 21.285714285714285, 21.325396825396826, 21.26190476190476, 21.269841269841265, 21.26984126984127, 21.28571428571429, 21.285714285714285, 21.26190476190476, 21.317460317460316, 21.341269841269842, 21.317460317460316, 21.253968253968253, 21.261904761904763, 21.3015873015873, 21.29365079365079, 21.285714285714285, 21.19047619047619, 21.246031746031747, 21.253968253968253, 21.206349206349206, 21.230158730158728, 21.27777777777778, 21.26984126984127, 21.285714285714285, 21.325396825396826, 21.238095238095234, 21.158730158730155, 21.174603174603174, 21.206349206349202, 21.27777777777778, 21.27777777777778, 21.238095238095237, 21.23015873015873, 21.285714285714285, 21.230158730158724, 21.19047619047619, 21.21428571428571, 21.190476190476186, 21.19047619047619, 21.22222222222222, 21.230158730158728, 21.230158730158724, 21.214285714285715, 21.238095238095237, 21.246031746031747, 21.198412698412696, 21.29365079365079, 21.246031746031747, 21.1031746031746, 21.119047619047617, 21.1031746031746, 21.134920634920633, 21.103174603174597, 21.047619047619044, 21.126984126984123, 21.11904761904762, 21.07936507936508, 21.1031746031746, 21.071428571428566, 21.095238095238095, 21.07142857142857, 21.087301587301585, 21.055555555555557, 21.079365079365076, 21.07142857142857, 21.1031746031746, 21.063492063492063, 21.126984126984127, 21.039682539682538, 21.087301587301585]",0.9218372014299986,0.9367649521454058,22,"[33, 33, 33, 33, 33, 33, 33, 33, 33, 32, 31, 30, 29, 29, 29, 29, 29, 27, 27, 26, 25, 25, 25, 25, 25, 25, 25, 25, 25, 25, 25, 25, 25, 25, 25, 24, 24, 24, 24, 24, 24, 24, 24, 24, 24, 24, 24, 24, 24, 24, 24, 24, 24, 24, 24, 24, 24, 24, 24, 24, 24, 24, 24, 24, 24, 23, 23, 23, 23, 23, 23, 23, 23, 23, 23, 23, 23, 23, 23, 23, 23, 23, 23, 23, 23, 23, 23, 23, 23, 23, 23, 23, 23, 23, 23, 23, 23, 23, 23, 23, 23, 23, 23, 23, 23, 23, 23, 23, 23, 23, 23, 23, 23, 23, 23, 23, 23, 23, 23, 23, 23, 23, 23, 23, 23, 23, 23, 23, 23, 23, 23, 23, 23, 23, 23, 23, 23, 23, 23, 23, 23, 23, 23, 23, 23, 23, 23, 23, 23, 23, 23, 23, 23, 23, 23, 23, 23, 23, 23, 23, 23, 23, 23, 23, 23, 23, 23, 23, 23, 23, 23, 23, 23, 23, 23, 23, 23, 23, 23, 22, 22, 22, 22, 22, 22, 22, 22, 22, 22, 22, 22, 22, 22, 22, 22, 22, 22, 22, 22, 22, 22, 22, 22, 22, 22, 22, 22, 22, 22, 22, 22, 22, 22, 22, 22, 22, 22, 22, 22, 22, 22, 22, 22, 22, 22, 22, 22, 22, 22, 22, 22, 22, 22, 22, 22, 22, 22, 22, 22, 22, 22, 22, 22, 22, 22, 22, 22, 22, 22, 22, 22, 22, 22, 22, 22, 22, 22, 22, 22, 22, 22, 22, 22, 22, 22, 22, 22, 22, 22, 22, 22, 22, 22, 22, 22, 22, 22, 22, 22, 22, 22, 22, 22, 22, 22]",285,"[0.34025460481643677, 0.2802172005176544, 0.24863234162330627, 0.24202795326709747, 0.22703158855438232, 0.21349819004535675, 0.2093503624200821, 0.20113372802734375, 0.2021750807762146, 0.19672273099422455, 0.2025858759880066, 0.1937825232744217, 0.19385547935962677, 0.18251363933086395, 0.1841120719909668, 0.18805810809135437, 0.18272094428539276, 0.17862342298030853, 0.17672300338745117, 0.18775372207164764, 0.17866285145282745, 0.1800902783870697, 0.17852792143821716, 0.18219728767871857, 0.1804123818874359, 0.1826300024986267, 0.18024639785289764, 0.17903070151805878, 0.18016548454761505, 0.183750718832016, 0.1751100718975067, 0.1844172477722168, 0.1712886244058609, 0.17289739847183228, 0.17629145085811615, 0.1784762144088745, 0.18626239895820618, 0.17846107482910156, 0.17903940379619598, 0.1767539232969284, 0.18826836347579956, 0.18311448395252228, 0.1783200204372406, 0.17855051159858704, 0.19352883100509644, 0.18896503746509552, 0.18143168091773987, 0.17382654547691345, 0.17712049186229706, 0.17865219712257385, 0.16982662677764893, 0.18259313702583313, 0.1862565577030182, 0.1858571618795395, 0.17674203217029572, 0.17219620943069458, 0.19159342348575592, 0.1800207644701004, 0.18229034543037415, 0.1801546812057495, 0.18778051435947418, 0.18110179901123047, 0.18615660071372986, 0.16911260783672333, 0.1702602207660675, 0.1790141612291336, 0.1834985613822937, 0.18530532717704773, 0.19779817759990692, 0.1784694641828537, 0.19471684098243713, 0.19919992983341217, 0.17670868337154388, 0.1906314641237259, 0.1730002462863922, 0.17720288038253784, 0.18134021759033203, 0.19293548166751862, 0.1747416853904724, 0.18834735453128815, 0.1772179752588272, 0.17371292412281036, 0.19760334491729736, 0.18250876665115356, 0.19941718876361847, 0.18083304166793823, 0.18158142268657684, 0.1865260899066925, 0.17705917358398438, 0.18186943233013153, 0.17523512244224548, 0.1864776760339737, 0.18912705779075623, 0.18191678822040558, 0.18512274324893951, 0.18680568039417267, 0.1950661838054657, 0.182994082570076, 0.18500956892967224, 0.18980005383491516, 0.20104938745498657, 0.18282510340213776, 0.1893664300441742, 0.19804741442203522, 0.1814330518245697, 0.19383275508880615, 0.20646946132183075, 0.18489408493041992, 0.19031168520450592, 0.18583084642887115, 0.1977493166923523, 0.19890105724334717, 0.1842542439699173, 0.18273326754570007, 0.1901647001504898, 0.19457826018333435, 0.18837520480155945, 0.19847142696380615, 0.19946366548538208, 0.1921667456626892, 0.194579616189003, 0.1896553933620453, 0.20601530373096466, 0.18499785661697388, 0.2075258195400238, 0.19936174154281616, 0.19232507050037384, 0.20151539146900177, 0.1915246993303299, 0.1880410760641098, 0.18827465176582336, 0.20432017743587494, 0.19170232117176056, 0.19221876561641693, 0.19546663761138916, 0.19527578353881836, 0.1890926957130432, 0.19315339624881744, 0.2234780490398407, 0.1953069269657135, 0.19514743983745575, 0.19486865401268005, 0.20698794722557068, 0.19675903022289276, 0.21842658519744873, 0.20511561632156372, 0.20727747678756714, 0.21231955289840698, 0.2029169797897339, 0.2038591504096985, 0.19392603635787964, 0.20445038378238678, 0.19748938083648682, 0.19454669952392578, 0.20972654223442078, 0.2001141607761383, 0.20133459568023682, 0.2090921550989151, 0.212785542011261, 0.20009608566761017, 0.19789904356002808, 0.211069256067276, 0.19312411546707153, 0.20208238065242767, 0.20553943514823914, 0.20362138748168945, 0.2059495896100998, 0.20079456269741058, 0.2000354528427124, 0.19964836537837982, 0.23309537768363953, 0.22469964623451233, 0.21779735386371613, 0.20482154190540314, 0.20198558270931244, 0.22532230615615845, 0.2183157354593277, 0.20837953686714172, 0.21211962401866913, 0.2165478765964508, 0.21497952938079834, 0.21632236242294312, 0.2111499011516571, 0.22388821840286255, 0.21473032236099243, 0.19928987324237823, 0.21065908670425415, 0.21127305924892426, 0.21756605803966522, 0.21779446303844452, 0.22581064701080322, 0.21223768591880798, 0.21045437455177307, 0.216584250330925, 0.21462608873844147, 0.21722856163978577, 0.2109866589307785, 0.21689189970493317, 0.21093586087226868, 0.2196938842535019, 0.22501298785209656, 0.23761598765850067, 0.22652240097522736, 0.21931444108486176, 0.20935699343681335, 0.2317589372396469, 0.20939552783966064, 0.22503313422203064, 0.20799440145492554, 0.2357468605041504, 0.20054635405540466, 0.2184312641620636, 0.209862619638443, 0.24424049258232117, 0.2242574244737625, 0.2065020501613617, 0.21594232320785522, 0.21087095141410828, 0.21829436719417572, 0.23889188468456268, 0.23054327070713043, 0.20500169694423676, 0.22819118201732635, 0.21595564484596252, 0.21038295328617096, 0.21563100814819336, 0.21923403441905975, 0.2215164601802826, 0.20438021421432495, 0.21270526945590973, 0.2188306301832199, 0.22870589792728424, 0.23661816120147705, 0.2261320948600769, 0.22612668573856354, 0.23048272728919983, 0.2281671017408371, 0.23579801619052887, 0.24681498110294342, 0.230453222990036, 0.208714559674263, 0.2416437715291977, 0.22591938078403473, 0.22836840152740479, 0.21418306231498718, 0.2162279486656189, 0.2354871779680252, 0.22193336486816406, 0.23399709165096283, 0.239482581615448, 0.2291247546672821, 0.2284996062517166, 0.22337287664413452, 0.23049718141555786, 0.21617208421230316, 0.22050589323043823, 0.23058821260929108, 0.2261446714401245, 0.22872695326805115, 0.2313196212053299, 0.2124214619398117, 0.24689336121082306, 0.2266308218240738, 0.24162791669368744, 0.2344791442155838, 0.22694960236549377, 0.2248203456401825, 0.24551363289356232, 0.24735862016677856, 0.2377488762140274, 0.2391371876001358, 0.21465599536895752, 0.22601409256458282, 0.22721463441848755, 0.22250820696353912, 0.2301393300294876, 0.22970934212207794, 0.2388310432434082, 0.2321290820837021, 0.2211666852235794, 0.27824294567108154, 0.23743528127670288, 0.22851616144180298, 0.22875471413135529, 0.22692573070526123]",22.0,"[33.0, 33.0, 33.0, 33.0, 33.0, 33.0, 33.0, 33.0, 33.0, 32.0, 31.0, 30.0, 29.0, 29.0, 29.0, 29.0, 29.0, 27.0, 27.0, 26.0, 25.0, 25.0, 25.0, 25.0, 25.0, 25.0, 25.0, 25.0, 25.0, 25.0, 25.0, 25.0, 25.0, 25.0, 25.0, 24.0, 24.0, 24.0, 24.0, 24.0, 24.0, 24.0, 24.0, 24.0, 24.0, 24.0, 24.0, 24.0, 24.0, 24.0, 24.0, 24.0, 24.0, 24.0, 24.0, 24.0, 24.0, 24.0, 24.0, 24.0, 24.0, 24.0, 24.0, 24.0, 24.0, 23.0, 23.0, 23.0, 23.0, 23.0, 23.0, 23.0, 23.0, 23.0, 23.0, 23.0, 23.0, 23.0, 23.0, 23.0, 23.0, 23.0, 23.0, 23.0, 23.0, 23.0, 23.0, 23.0, 23.0, 23.0, 23.0, 23.0, 23.0, 23.0, 23.0, 23.0, 23.0, 23.0, 23.0, 23.0, 23.0, 23.0, 23.0, 23.0, 23.0, 23.0, 23.0, 23.0, 23.0, 23.0, 23.0, 23.0, 23.0, 23.0, 23.0, 23.0, 23.0, 23.0, 23.0, 23.0, 23.0, 23.0, 23.0, 23.0, 23.0, 23.0, 23.0, 23.0, 23.0, 23.0, 23.0, 23.0, 23.0, 23.0, 23.0, 23.0, 23.0, 23.0, 23.0, 23.0, 23.0, 23.0, 23.0, 23.0, 23.0, 23.0, 23.0, 23.0, 23.0, 23.0, 23.0, 23.0, 23.0, 23.0, 23.0, 23.0, 23.0, 23.0, 23.0, 23.0, 23.0, 23.0, 23.0, 23.0, 23.0, 23.0, 23.0, 23.0, 23.0, 23.0, 23.0, 23.0, 23.0, 23.0, 23.0, 23.0, 23.0, 23.0, 23.0, 22.0, 22.0, 22.0, 22.0, 22.0, 22.0, 22.0, 22.0, 22.0, 22.0, 22.0, 22.0, 22.0, 22.0, 22.0, 22.0, 22.0, 22.0, 22.0, 22.0, 22.0, 22.0, 22.0, 22.0, 22.0, 22.0, 22.0, 22.0, 22.0, 22.0, 22.0, 22.0, 22.0, 22.0, 22.0, 22.0, 22.0, 22.0, 22.0, 22.0, 22.0, 22.0, 22.0, 22.0, 22.0, 22.0, 22.0, 22.0, 22.0, 22.0, 22.0, 22.0, 22.0, 22.0, 22.0, 22.0, 22.0, 22.0, 22.0, 22.0, 22.0, 22.0, 22.0, 22.0, 22.0, 22.0, 22.0, 22.0, 22.0, 22.0, 22.0, 22.0, 22.0, 22.0, 22.0, 22.0, 22.0, 22.0, 22.0, 22.0, 22.0, 22.0, 22.0, 22.0, 22.0, 22.0, 22.0, 22.0, 22.0, 22.0, 22.0, 22.0, 22.0, 22.0, 22.0, 22.0, 22.0, 22.0, 22.0, 22.0, 22.0, 22.0, 22.0, 22.0, 22.0, 22.0]",COMPLETE
