,number,value,datetime_start,datetime_complete,duration,params_batch_size_scaler,params_constant_learning_rate,params_depth,params_epochs,params_kernel_l2,params_num_trees,params_temperature,user_attrs_accuracy_test,user_attrs_accuracy_valid,user_attrs_approximate_feature_sparsity,user_attrs_approximate_feature_sparsity_history,user_attrs_approximate_weight_sparsity,user_attrs_approximate_weight_sparsity_history,user_attrs_auc_test,user_attrs_auc_valid,user_attrs_feature_sparsity,user_attrs_feature_sparsity_history,user_attrs_num_epochs,user_attrs_val_loss_history,user_attrs_weight_sparsity,user_attrs_weight_sparsity_history,state
42,42,0.7254962579381948,2024-08-31 02:18:05.953504,2024-08-31 02:19:07.364018,0 days 00:01:01.410514,16,0.012158562051367618,3,255,0.0015245589629157969,75,0.0003414246243206491,0.874,0.86875,33,"[33, 33, 33, 33, 33, 33, 33, 33, 33, 33, 33, 33, 33, 33, 33, 33, 33, 33, 33, 33, 33, 33, 33, 33, 33, 33, 33, 33, 33, 33, 33, 33, 33, 33, 33, 33, 33, 33, 33, 33, 33, 33, 33, 33, 33, 33, 33, 33, 33, 33, 33, 33, 33, 33, 33, 33, 33, 33, 33, 33, 33, 33, 33, 33, 33, 33, 33, 33, 33, 33, 33, 33, 33, 33, 33, 33, 33, 33, 33, 33, 33, 33, 33, 33, 33, 33, 33, 33, 33, 33, 33, 33, 33, 33, 33, 33, 33, 33, 33, 33, 33, 33, 33, 33, 33, 33, 33, 33, 33, 33, 33, 33, 33, 33, 33, 33, 33, 33, 33, 33, 33, 33, 33, 33, 33, 33, 33, 33, 33, 33, 33, 33, 33, 33, 33, 33, 33, 33, 33, 33, 33, 33, 33, 33, 33, 33, 33, 33, 33, 33, 33, 33, 33, 33, 33, 33, 33, 33, 33, 33, 33, 33, 33, 33, 33, 33, 33, 33, 33, 33, 33, 33, 33, 33, 33, 33, 33, 33, 33, 33, 33, 33, 33, 33, 33, 33, 33, 33, 33, 33, 33, 33, 33, 33, 33, 33, 33, 33, 33, 33, 33, 33, 33, 33, 33, 33, 33, 33, 33, 33, 33, 33, 33, 33, 33, 33, 33, 33, 33, 33, 33, 33, 33, 33, 33, 33, 33, 33, 33, 33, 33, 33, 33, 33, 33, 33, 33, 33, 33, 33, 33, 33, 33, 33, 33, 33, 33, 33, 33, 33, 33, 33, 33, 33, 33]",32.965714285714284,"[32.969523809523814, 32.96952380952381, 32.965714285714284, 32.97714285714286, 32.97714285714286, 32.967619047619046, 32.96, 32.96380952380952, 32.97142857142857, 32.96952380952381, 32.96952380952381, 32.96380952380952, 32.967619047619046, 32.97142857142857, 32.96190476190476, 32.965714285714284, 32.97333333333333, 32.97714285714286, 32.97714285714286, 32.97714285714286, 32.97714285714285, 32.97714285714286, 32.97714285714286, 32.97904761904762, 32.97714285714286, 32.9752380952381, 32.97904761904762, 32.98095238095238, 32.97904761904762, 32.97714285714286, 32.97904761904762, 32.973333333333336, 32.9752380952381, 32.97714285714286, 32.9752380952381, 32.9752380952381, 32.971428571428575, 32.97142857142857, 32.96952380952381, 32.96952380952381, 32.973333333333336, 32.96952380952381, 32.97714285714286, 32.97904761904762, 32.97714285714286, 32.973333333333336, 32.9752380952381, 32.969523809523814, 32.969523809523814, 32.96380952380952, 32.965714285714284, 32.971428571428575, 32.97142857142857, 32.97333333333333, 32.97714285714285, 32.97523809523809, 32.9752380952381, 32.97142857142857, 32.98095238095238, 32.9847619047619, 32.986666666666665, 32.988571428571426, 32.9847619047619, 32.9847619047619, 32.98095238095238, 32.98285714285714, 32.98095238095238, 32.97904761904762, 32.97714285714286, 32.97714285714286, 32.98095238095238, 32.98095238095238, 32.98285714285714, 32.98095238095238, 32.97714285714286, 32.973333333333336, 32.98095238095238, 32.97714285714286, 32.97714285714286, 32.97333333333333, 32.96952380952381, 32.967619047619046, 32.96952380952381, 32.96380952380952, 32.965714285714284, 32.96380952380952, 32.96380952380952, 32.965714285714284, 32.96761904761905, 32.97333333333333, 32.973333333333336, 32.97714285714286, 32.97904761904762, 32.97904761904762, 32.97904761904762, 32.97333333333333, 32.965714285714284, 32.96952380952381, 32.967619047619046, 32.97333333333333, 32.97333333333333, 32.97714285714286, 32.9752380952381, 32.97142857142857, 32.967619047619046, 32.973333333333336, 32.97333333333333, 32.971428571428575, 32.971428571428575, 32.965714285714284, 32.96380952380952, 32.967619047619046, 32.96952380952381, 32.97333333333333, 32.97714285714286, 32.97904761904762, 32.97714285714285, 32.97904761904762, 32.97714285714285, 32.97904761904762, 32.9752380952381, 32.971428571428575, 32.97714285714285, 32.9752380952381, 32.96952380952381, 32.967619047619046, 32.965714285714284, 32.96380952380952, 32.965714285714284, 32.965714285714284, 32.96380952380952, 32.96380952380952, 32.96, 32.965714285714284, 32.967619047619046, 32.965714285714284, 32.96380952380952, 32.965714285714284, 32.967619047619046, 32.96952380952381, 32.971428571428575, 32.971428571428575, 32.967619047619046, 32.96380952380952, 32.96380952380953, 32.965714285714284, 32.96380952380952, 32.95809523809524, 32.95809523809524, 32.95619047619048, 32.95619047619048, 32.95619047619048, 32.95428571428572, 32.96190476190476, 32.96190476190476, 32.96761904761905, 32.96952380952381, 32.97142857142857, 32.973333333333336, 32.97142857142857, 32.971428571428575, 32.96761904761905, 32.96952380952381, 32.96761904761905, 32.96761904761905, 32.96380952380952, 32.965714285714284, 32.965714285714284, 32.96761904761905, 32.97333333333333, 32.967619047619046, 32.96952380952381, 32.96190476190476, 32.965714285714284, 32.96952380952381, 32.96952380952381, 32.96380952380952, 32.96380952380952, 32.96380952380952, 32.96190476190476, 32.96190476190476, 32.96380952380952, 32.967619047619046, 32.967619047619046, 32.96952380952381, 32.96380952380952, 32.96380952380952, 32.96952380952381, 32.967619047619046, 32.965714285714284, 32.96190476190476, 32.96190476190476, 32.965714285714284, 32.971428571428575, 32.97142857142857, 32.96952380952381, 32.96952380952381, 32.967619047619046, 32.96, 32.96380952380952, 32.96571428571429, 32.96571428571429, 32.969523809523814, 32.965714285714284, 32.96, 32.96, 32.96, 32.96, 32.95428571428572, 32.95619047619048, 32.96380952380952, 32.96, 32.96190476190476, 32.96380952380952, 32.967619047619046, 32.97142857142857, 32.97333333333333, 32.97714285714286, 32.971428571428575, 32.97333333333333, 32.97714285714285, 32.97904761904762, 32.9752380952381, 32.973333333333336, 32.9752380952381, 32.9752380952381, 32.97333333333333, 32.9752380952381, 32.971428571428575, 32.967619047619046, 32.971428571428575, 32.97333333333333, 32.9752380952381, 32.97904761904762, 32.97714285714286, 32.97904761904762, 32.97714285714286, 32.97714285714286, 32.97904761904762, 32.98095238095238, 32.98095238095238, 32.97904761904762, 32.97714285714286, 32.97714285714286, 32.97904761904762, 32.97714285714286, 32.973333333333336, 32.973333333333336, 32.97714285714286, 32.973333333333336, 32.973333333333336, 32.971428571428575, 32.9752380952381, 32.967619047619046, 32.965714285714284]",0.7623411686027792,0.7254962579381948,33,"[33, 33, 33, 33, 33, 33, 33, 33, 33, 33, 33, 33, 33, 33, 33, 33, 33, 33, 33, 33, 33, 33, 33, 33, 33, 33, 33, 33, 33, 33, 33, 33, 33, 33, 33, 33, 33, 33, 33, 33, 33, 33, 33, 33, 33, 33, 33, 33, 33, 33, 33, 33, 33, 33, 33, 33, 33, 33, 33, 33, 33, 33, 33, 33, 33, 33, 33, 33, 33, 33, 33, 33, 33, 33, 33, 33, 33, 33, 33, 33, 33, 33, 33, 33, 33, 33, 33, 33, 33, 33, 33, 33, 33, 33, 33, 33, 33, 33, 33, 33, 33, 33, 33, 33, 33, 33, 33, 33, 33, 33, 33, 33, 33, 33, 33, 33, 33, 33, 33, 33, 33, 33, 33, 33, 33, 33, 33, 33, 33, 33, 33, 33, 33, 33, 33, 33, 33, 33, 33, 33, 33, 33, 33, 33, 33, 33, 33, 33, 33, 33, 33, 33, 33, 33, 33, 33, 33, 33, 33, 33, 33, 33, 33, 33, 33, 33, 33, 33, 33, 33, 33, 33, 33, 33, 33, 33, 33, 33, 33, 33, 33, 33, 33, 33, 33, 33, 33, 33, 33, 33, 33, 33, 33, 33, 33, 33, 33, 33, 33, 33, 33, 33, 33, 33, 33, 33, 33, 33, 33, 33, 33, 33, 33, 33, 33, 33, 33, 33, 33, 33, 33, 33, 33, 33, 33, 33, 33, 33, 33, 33, 33, 33, 33, 33, 33, 33, 33, 33, 33, 33, 33, 33, 33, 33, 33, 33, 33, 33, 33, 33, 33, 33, 33, 33, 33]",255,"[0.5113932490348816, 0.4368670582771301, 0.4140799641609192, 0.40586140751838684, 0.40211018919944763, 0.4003950357437134, 0.3990052342414856, 0.398164838552475, 0.39737990498542786, 0.3966168463230133, 0.3959360420703888, 0.3952752351760864, 0.3946426808834076, 0.3940386176109314, 0.39344120025634766, 0.39282938838005066, 0.3922692537307739, 0.3917190134525299, 0.39118054509162903, 0.390654593706131, 0.3901495337486267, 0.3896777033805847, 0.389222115278244, 0.38873180747032166, 0.38826993107795715, 0.38782626390457153, 0.387410432100296, 0.3869665563106537, 0.38656190037727356, 0.38613495230674744, 0.3857397139072418, 0.38535064458847046, 0.384995698928833, 0.3846236765384674, 0.38424474000930786, 0.3838893175125122, 0.3835694193840027, 0.38322722911834717, 0.38286975026130676, 0.38255366683006287, 0.38224872946739197, 0.38194915652275085, 0.3816410005092621, 0.3813387155532837, 0.3810587227344513, 0.3807504177093506, 0.38046959042549133, 0.3801998794078827, 0.379937082529068, 0.3796692192554474, 0.3794284760951996, 0.3791635036468506, 0.37893882393836975, 0.3786885738372803, 0.37844327092170715, 0.3782307803630829, 0.3779711127281189, 0.37774261832237244, 0.3775496780872345, 0.3773048520088196, 0.3770941495895386, 0.37686336040496826, 0.376649409532547, 0.37643906474113464, 0.37624403834342957, 0.3760548532009125, 0.3758583068847656, 0.37567198276519775, 0.3754873275756836, 0.37530437111854553, 0.37511277198791504, 0.37494614720344543, 0.3747538626194, 0.3745793402194977, 0.3743802607059479, 0.37421196699142456, 0.37403422594070435, 0.3738580644130707, 0.37369808554649353, 0.3735239505767822, 0.37336623668670654, 0.3732202649116516, 0.3730601966381073, 0.37291648983955383, 0.37274590134620667, 0.37262508273124695, 0.3724876046180725, 0.3723564147949219, 0.372224897146225, 0.37210696935653687, 0.3719334006309509, 0.3718096613883972, 0.3716593086719513, 0.3715434968471527, 0.3714093267917633, 0.3712891638278961, 0.3711131811141968, 0.3709675669670105, 0.3708486557006836, 0.3707136809825897, 0.3706085681915283, 0.37047919631004333, 0.37035074830055237, 0.3702152371406555, 0.3701246678829193, 0.3699794113636017, 0.36982834339141846, 0.36969852447509766, 0.3695727586746216, 0.36946526169776917, 0.36934182047843933, 0.3692193925380707, 0.36909741163253784, 0.36901238560676575, 0.36887362599372864, 0.3687628209590912, 0.368638813495636, 0.3685731887817383, 0.3684904873371124, 0.3683217167854309, 0.36818042397499084, 0.36806514859199524, 0.3679582476615906, 0.3678267300128937, 0.3677110970020294, 0.3676303029060364, 0.36751803755760193, 0.3673963248729706, 0.36728131771087646, 0.3671713173389435, 0.3670681118965149, 0.36697426438331604, 0.36686232686042786, 0.3667580485343933, 0.36666813492774963, 0.3665662109851837, 0.36649608612060547, 0.36637961864471436, 0.3662562668323517, 0.36616989970207214, 0.3660600185394287, 0.3659568428993225, 0.36581355333328247, 0.3656884729862213, 0.3656136393547058, 0.36551910638809204, 0.36543938517570496, 0.36533358693122864, 0.3652428686618805, 0.36515629291534424, 0.36507752537727356, 0.3649946451187134, 0.3648444414138794, 0.36472979187965393, 0.36465194821357727, 0.3645569980144501, 0.36446961760520935, 0.3643789291381836, 0.3642859160900116, 0.36416786909103394, 0.36408331990242004, 0.36397361755371094, 0.36387112736701965, 0.3637539744377136, 0.36365970969200134, 0.36355865001678467, 0.3634600043296814, 0.36338216066360474, 0.3633195459842682, 0.3632248640060425, 0.3631545901298523, 0.36303210258483887, 0.36294400691986084, 0.36287030577659607, 0.36275261640548706, 0.36264097690582275, 0.3625508248806, 0.36250218749046326, 0.362417608499527, 0.362304151058197, 0.36218369007110596, 0.3620779514312744, 0.36196908354759216, 0.3618784248828888, 0.36175617575645447, 0.36166441440582275, 0.36159610748291016, 0.3615165948867798, 0.3614656925201416, 0.36135220527648926, 0.3612706661224365, 0.36114704608917236, 0.3610023260116577, 0.36090508103370667, 0.36081504821777344, 0.36074382066726685, 0.3606601059436798, 0.3605695366859436, 0.3604872226715088, 0.3604012429714203, 0.3602677583694458, 0.36016586422920227, 0.36007726192474365, 0.36000964045524597, 0.35990241169929504, 0.3598339855670929, 0.3597446084022522, 0.3596805930137634, 0.35958153009414673, 0.35948359966278076, 0.35939475893974304, 0.3592985272407532, 0.35921192169189453, 0.3591324985027313, 0.3590557873249054, 0.35897353291511536, 0.35887402296066284, 0.3587503731250763, 0.3586750030517578, 0.35858482122421265, 0.35850822925567627, 0.3584141433238983, 0.3583076000213623, 0.35822227597236633, 0.3581394553184509, 0.35799849033355713, 0.3578951954841614, 0.35783499479293823, 0.35772600769996643, 0.35766613483428955, 0.35757747292518616, 0.3575228452682495, 0.35743698477745056, 0.3573468029499054, 0.3572515547275543, 0.35717296600341797, 0.35710427165031433, 0.3570064604282379, 0.3569035828113556, 0.3567858636379242, 0.356680303812027, 0.35658031702041626, 0.3564983010292053, 0.35640639066696167, 0.3563010096549988, 0.35623446106910706, 0.35613948106765747, 0.35604697465896606, 0.3559454083442688, 0.3558591902256012, 0.3557780385017395, 0.3557014763355255, 0.35561251640319824, 0.3555595278739929, 0.35550299286842346]",33.0,"[33.0, 33.0, 33.0, 33.0, 33.0, 33.0, 33.0, 33.0, 33.0, 33.0, 33.0, 33.0, 33.0, 33.0, 33.0, 33.0, 33.0, 33.0, 33.0, 33.0, 33.0, 33.0, 33.0, 33.0, 33.0, 33.0, 33.0, 33.0, 33.0, 33.0, 33.0, 33.0, 33.0, 33.0, 33.0, 33.0, 33.0, 33.0, 33.0, 33.0, 33.0, 33.0, 33.0, 33.0, 33.0, 33.0, 33.0, 33.0, 33.0, 33.0, 33.0, 33.0, 33.0, 33.0, 33.0, 33.0, 33.0, 33.0, 33.0, 33.0, 33.0, 33.0, 33.0, 33.0, 33.0, 33.0, 33.0, 33.0, 33.0, 33.0, 33.0, 33.0, 33.0, 33.0, 33.0, 33.0, 33.0, 33.0, 33.0, 33.0, 33.0, 33.0, 33.0, 33.0, 33.0, 33.0, 33.0, 33.0, 33.0, 33.0, 33.0, 33.0, 33.0, 33.0, 33.0, 33.0, 33.0, 33.0, 33.0, 33.0, 33.0, 33.0, 33.0, 33.0, 33.0, 33.0, 33.0, 33.0, 33.0, 33.0, 33.0, 33.0, 33.0, 33.0, 33.0, 33.0, 33.0, 33.0, 33.0, 33.0, 33.0, 33.0, 33.0, 33.0, 33.0, 33.0, 33.0, 33.0, 33.0, 33.0, 33.0, 33.0, 33.0, 33.0, 33.0, 33.0, 33.0, 33.0, 33.0, 33.0, 33.0, 33.0, 33.0, 33.0, 33.0, 33.0, 33.0, 33.0, 33.0, 33.0, 33.0, 33.0, 33.0, 33.0, 33.0, 33.0, 33.0, 33.0, 33.0, 33.0, 33.0, 33.0, 33.0, 33.0, 33.0, 33.0, 33.0, 33.0, 33.0, 33.0, 33.0, 33.0, 33.0, 33.0, 33.0, 33.0, 33.0, 33.0, 33.0, 33.0, 33.0, 33.0, 33.0, 33.0, 33.0, 33.0, 33.0, 33.0, 33.0, 33.0, 33.0, 33.0, 33.0, 33.0, 33.0, 33.0, 33.0, 33.0, 33.0, 33.0, 33.0, 33.0, 33.0, 33.0, 33.0, 33.0, 33.0, 33.0, 33.0, 33.0, 33.0, 33.0, 33.0, 33.0, 33.0, 33.0, 33.0, 33.0, 33.0, 33.0, 33.0, 33.0, 33.0, 33.0, 33.0, 33.0, 33.0, 33.0, 33.0, 33.0, 33.0, 33.0, 33.0, 33.0, 33.0, 33.0, 33.0, 33.0, 33.0, 33.0, 33.0, 33.0, 33.0, 33.0, 33.0, 33.0, 33.0, 33.0, 33.0, 33.0, 33.0, 33.0, 33.0, 33.0, 33.0]",COMPLETE
