,number,value,datetime_start,datetime_complete,duration,params_batch_size_scaler,params_constant_learning_rate,params_depth,params_epochs,params_kernel_l2,params_num_trees,params_temperature,user_attrs_accuracy_test,user_attrs_accuracy_valid,user_attrs_approximate_feature_sparsity,user_attrs_approximate_feature_sparsity_history,user_attrs_approximate_weight_sparsity,user_attrs_approximate_weight_sparsity_history,user_attrs_auc_test,user_attrs_auc_valid,user_attrs_feature_sparsity,user_attrs_feature_sparsity_history,user_attrs_num_epochs,user_attrs_val_loss_history,user_attrs_weight_sparsity,user_attrs_weight_sparsity_history,state
131,131,0.7848604294676096,2024-08-31 06:10:44.542876,2024-08-31 06:11:13.524059,0 days 00:00:28.981183,16,0.9342434352926441,3,235,0.06785485933198214,29,0.0009549913047474663,0.889,0.885,2,"[33, 33, 33, 33, 33, 33, 33, 33, 33, 33, 33, 33, 33, 33, 33, 33, 33, 32, 31, 28, 23, 19, 17, 16, 16, 16, 16, 15, 15, 14, 14, 14, 14, 14, 13, 12, 11, 10, 7, 7, 7, 7, 7, 7, 7, 7, 7, 7, 7, 7, 7, 7, 7, 7, 7, 7, 7, 7, 7, 7, 7, 7, 7, 7, 7, 7, 7, 7, 7, 7, 7, 7, 7, 7, 7, 7, 7, 7, 7, 7, 7, 7, 7, 7, 7, 7, 7, 7, 7, 7, 7, 7, 7, 7, 6, 6, 6, 5, 5, 5, 5, 5, 5, 5, 5, 5, 5, 5, 5, 5, 5, 5, 5, 4, 4, 4, 4, 4, 4, 4, 4, 4, 4, 4, 4, 4, 4, 4, 4, 4, 4, 4, 4, 4, 4, 4, 4, 4, 4, 4, 4, 4, 4, 4, 4, 4, 4, 4, 4, 4, 3, 3, 3, 3, 3, 3, 3, 3, 3, 3, 3, 2, 2, 2, 2, 2, 2, 2, 2, 2, 2, 2, 2, 2, 2, 2, 2, 2, 2, 2, 2, 2, 2, 2, 2, 2, 2, 2, 2, 2, 2, 2, 2, 2, 2, 2, 2, 2, 2, 2, 2, 2, 2, 2, 2, 2, 2, 2, 2, 2, 2, 2, 2, 2, 2, 2, 2, 2, 2, 2, 2, 2, 2, 2, 2, 2, 2, 2, 2, 2, 2, 2, 2, 2, 2]",1.9852216748768474,"[32.970443349753694, 32.97536945812808, 32.98522167487685, 32.96551724137931, 32.99014778325123, 32.97536945812808, 32.98029556650246, 32.98029556650246, 32.970443349753694, 32.99014778325123, 32.98522167487685, 32.98522167487685, 32.970443349753694, 32.970443349753694, 32.96551724137931, 32.97536945812808, 32.97536945812808, 31.980295566502463, 30.995073891625616, 27.985221674876847, 22.980295566502463, 19.0, 16.995073891625616, 15.995073891625616, 16.0, 16.0, 15.990147783251231, 14.990147783251231, 14.985221674876847, 13.995073891625616, 14.0, 13.990147783251231, 13.995073891625616, 13.990147783251231, 12.990147783251231, 11.995073891625616, 11.0, 9.985221674876847, 7.0, 6.990147783251231, 6.990147783251231, 7.0, 6.985221674876847, 6.995073891625616, 6.995073891625616, 7.0, 6.995073891625616, 7.0, 6.995073891625616, 6.985221674876847, 6.995073891625616, 6.995073891625616, 6.995073891625616, 6.995073891625616, 7.0, 7.0, 6.995073891625616, 7.0, 6.985221674876847, 7.0, 6.995073891625616, 6.995073891625616, 7.0, 7.0, 6.995073891625616, 6.995073891625616, 6.995073891625616, 7.0, 6.995073891625616, 6.980295566502463, 6.990147783251231, 7.0, 6.990147783251231, 6.985221674876847, 7.0, 6.985221674876847, 6.995073891625616, 6.995073891625616, 6.980295566502463, 6.995073891625616, 6.990147783251231, 6.995073891625616, 7.0, 6.990147783251231, 7.0, 6.995073891625616, 6.985221674876847, 6.995073891625616, 6.995073891625616, 7.0, 6.990147783251231, 6.985221674876847, 6.995073891625616, 6.990147783251231, 6.0, 5.990147783251231, 5.990147783251231, 5.0, 4.990147783251231, 4.995073891625616, 4.995073891625616, 5.0, 4.995073891625616, 5.0, 4.995073891625616, 5.0, 5.0, 5.0, 4.995073891625616, 5.0, 5.0, 5.0, 5.0, 3.9950738916256157, 3.9950738916256157, 3.9950738916256157, 4.0, 3.9950738916256157, 3.9852216748768474, 3.9950738916256157, 4.0, 4.0, 4.0, 4.0, 3.9950738916256157, 4.0, 3.9950738916256157, 3.9950738916256157, 3.9950738916256157, 4.0, 4.0, 4.0, 4.0, 4.0, 4.0, 4.0, 4.0, 4.0, 4.0, 3.9950738916256157, 4.0, 4.0, 3.9901477832512313, 4.0, 4.0, 4.0, 4.0, 3.9950738916256157, 4.0, 4.0, 3.0, 3.0, 2.9950738916256157, 2.9950738916256157, 3.0, 2.9901477832512313, 3.0, 3.0, 2.9950738916256157, 2.9950738916256157, 2.9901477832512313, 2.0, 1.9950738916256157, 2.0, 2.0, 1.9950738916256157, 2.0, 1.9950738916256157, 1.9852216748768474, 2.0, 1.9901477832512315, 1.9901477832512315, 1.9950738916256157, 1.9950738916256157, 1.9901477832512315, 1.9852216748768474, 2.0, 2.0, 2.0, 2.0, 2.0, 1.9950738916256157, 2.0, 1.9950738916256157, 1.9950738916256157, 1.9901477832512315, 1.9950738916256157, 1.9950738916256157, 2.0, 2.0, 2.0, 1.9950738916256157, 1.9950738916256157, 1.9950738916256157, 2.0, 2.0, 2.0, 2.0, 2.0, 1.9901477832512315, 1.9901477832512315, 1.9950738916256157, 2.0, 2.0, 2.0, 1.9950738916256157, 2.0, 2.0, 2.0, 2.0, 2.0, 2.0, 2.0, 1.9950738916256157, 1.9950738916256157, 1.9852216748768474, 2.0, 2.0, 1.9950738916256157, 1.9950738916256157, 1.9950738916256157, 2.0, 2.0, 1.9901477832512315, 1.9950738916256157, 1.9950738916256157, 1.9901477832512315, 1.9950738916256157, 1.9901477832512315, 1.9950738916256157, 1.9950738916256157, 1.9950738916256157, 1.9950738916256157, 1.9901477832512315, 1.9852216748768474]",0.755244841849751,0.7848604294676096,2,"[33, 33, 33, 33, 33, 33, 33, 33, 33, 33, 33, 33, 33, 33, 33, 33, 33, 32, 31, 28, 23, 19, 17, 16, 16, 16, 16, 15, 15, 14, 14, 14, 14, 14, 13, 12, 11, 10, 7, 7, 7, 7, 7, 7, 7, 7, 7, 7, 7, 7, 7, 7, 7, 7, 7, 7, 7, 7, 7, 7, 7, 7, 7, 7, 7, 7, 7, 7, 7, 7, 7, 7, 7, 7, 7, 7, 7, 7, 7, 7, 7, 7, 7, 7, 7, 7, 7, 7, 7, 7, 7, 7, 7, 7, 6, 6, 6, 5, 5, 5, 5, 5, 5, 5, 5, 5, 5, 5, 5, 5, 5, 5, 5, 4, 4, 4, 4, 4, 4, 4, 4, 4, 4, 4, 4, 4, 4, 4, 4, 4, 4, 4, 4, 4, 4, 4, 4, 4, 4, 4, 4, 4, 4, 4, 4, 4, 4, 4, 4, 4, 3, 3, 3, 3, 3, 3, 3, 3, 3, 3, 3, 2, 2, 2, 2, 2, 2, 2, 2, 2, 2, 2, 2, 2, 2, 2, 2, 2, 2, 2, 2, 2, 2, 2, 2, 2, 2, 2, 2, 2, 2, 2, 2, 2, 2, 2, 2, 2, 2, 2, 2, 2, 2, 2, 2, 2, 2, 2, 2, 2, 2, 2, 2, 2, 2, 2, 2, 2, 2, 2, 2, 2, 2, 2, 2, 2, 2, 2, 2, 2, 2, 2, 2, 2, 2]",235,"[0.3897321820259094, 0.3848503828048706, 0.3752276301383972, 0.36923009157180786, 0.35587599873542786, 0.34923991560935974, 0.3430444598197937, 0.3374253809452057, 0.33274468779563904, 0.3171635568141937, 0.30904296040534973, 0.2996951937675476, 0.2922596335411072, 0.2864547073841095, 0.27959007024765015, 0.27734723687171936, 0.27696463465690613, 0.2669215798377991, 0.2633003890514374, 0.2619142532348633, 0.2542121708393097, 0.2494780719280243, 0.2563175857067108, 0.25461065769195557, 0.24608562886714935, 0.2484407275915146, 0.24570471048355103, 0.2455456554889679, 0.24174810945987701, 0.247552752494812, 0.24755887687206268, 0.244352325797081, 0.2490864396095276, 0.2437281608581543, 0.24827377498149872, 0.24432562291622162, 0.25251010060310364, 0.2575005888938904, 0.26296889781951904, 0.25454655289649963, 0.2511484920978546, 0.24814260005950928, 0.24714317917823792, 0.24938182532787323, 0.24977730214595795, 0.24530908465385437, 0.2443489134311676, 0.2442016452550888, 0.24153122305870056, 0.24338020384311676, 0.24221384525299072, 0.24044638872146606, 0.24208033084869385, 0.2424737513065338, 0.2409224510192871, 0.24084502458572388, 0.24368980526924133, 0.24226486682891846, 0.2375388741493225, 0.2381758689880371, 0.23880819976329803, 0.23872244358062744, 0.23968961834907532, 0.2414816915988922, 0.23911583423614502, 0.24737603962421417, 0.23721763491630554, 0.24048833549022675, 0.23610375821590424, 0.23960073292255402, 0.23956550657749176, 0.23487253487110138, 0.23571647703647614, 0.24194812774658203, 0.23452728986740112, 0.23831424117088318, 0.23950502276420593, 0.24218282103538513, 0.2358943521976471, 0.2388816773891449, 0.24146680533885956, 0.24034368991851807, 0.23467345535755157, 0.23668964207172394, 0.24648895859718323, 0.23240499198436737, 0.23464025557041168, 0.23738588392734528, 0.23479238152503967, 0.23362553119659424, 0.23622451722621918, 0.24453245103359222, 0.24463830888271332, 0.23753266036510468, 0.2777324914932251, 0.27538570761680603, 0.2745039463043213, 0.3049982488155365, 0.3011392652988434, 0.307827353477478, 0.30072087049484253, 0.31464672088623047, 0.30235061049461365, 0.3034137487411499, 0.3057045340538025, 0.30278265476226807, 0.29728373885154724, 0.29939332604408264, 0.2973955571651459, 0.297098845243454, 0.2995392978191376, 0.2994522750377655, 0.2977199852466583, 0.3074728548526764, 0.32325926423072815, 0.3058937191963196, 0.3038559854030609, 0.30380013585090637, 0.30574455857276917, 0.3036760091781616, 0.3065777122974396, 0.3054441511631012, 0.3034748136997223, 0.3146977424621582, 0.30466899275779724, 0.32404589653015137, 0.30770382285118103, 0.3060343861579895, 0.30524057149887085, 0.3027905523777008, 0.3033156991004944, 0.32755497097969055, 0.3040993809700012, 0.3024838864803314, 0.3039219379425049, 0.30240777134895325, 0.30514222383499146, 0.306007981300354, 0.30285000801086426, 0.30551567673683167, 0.3015838861465454, 0.3020012676715851, 0.30168628692626953, 0.34091484546661377, 0.3090425431728363, 0.3025781512260437, 0.301721453666687, 0.3020811378955841, 0.30127155780792236, 0.3120183050632477, 0.3215656578540802, 0.3128669261932373, 0.31064438819885254, 0.3087828755378723, 0.30722373723983765, 0.3067198693752289, 0.31835708022117615, 0.3065018355846405, 0.3058514893054962, 0.3055371046066284, 0.3061588704586029, 0.32955002784729004, 0.328200101852417, 0.3370644748210907, 0.3279801607131958, 0.3293071687221527, 0.34526553750038147, 0.33428823947906494, 0.3282541334629059, 0.3272661864757538, 0.327599436044693, 0.351382851600647, 0.3300081491470337, 0.337687224149704, 0.32709309458732605, 0.3267982602119446, 0.3335677981376648, 0.3288456201553345, 0.3268953561782837, 0.3298170864582062, 0.32730868458747864, 0.3302210867404938, 0.3377494513988495, 0.32805657386779785, 0.32717782258987427, 0.3275671899318695, 0.3269728124141693, 0.3277866244316101, 0.33175987005233765, 0.32911795377731323, 0.3359743356704712, 0.32779937982559204, 0.33601731061935425, 0.3272421360015869, 0.32972753047943115, 0.3490978479385376, 0.3369782567024231, 0.3310004770755768, 0.32713958621025085, 0.3404204249382019, 0.3357725143432617, 0.3268556594848633, 0.32822808623313904, 0.3265637457370758, 0.3268115222454071, 0.32578006386756897, 0.3259676396846771, 0.32643404603004456, 0.33123844861984253, 0.326924592256546, 0.3266903758049011, 0.3285715579986572, 0.3264789283275604, 0.327096164226532, 0.32588642835617065, 0.3297806680202484, 0.33670365810394287, 0.3378078043460846, 0.32766351103782654, 0.32637953758239746, 0.32617878913879395, 0.33442631363868713, 0.32925280928611755, 0.32512298226356506, 0.34939029812812805, 0.328152060508728, 0.32565316557884216, 0.3376462161540985, 0.3254762887954712, 0.33402320742607117, 0.32590699195861816, 0.32706207036972046, 0.3254499137401581, 0.3270378112792969, 0.32629525661468506]",2.0,"[33.0, 33.0, 33.0, 33.0, 33.0, 33.0, 33.0, 33.0, 33.0, 33.0, 33.0, 33.0, 33.0, 33.0, 33.0, 33.0, 33.0, 32.0, 31.0, 28.0, 23.0, 19.0, 17.0, 16.0, 16.0, 16.0, 16.0, 15.0, 15.0, 14.0, 14.0, 14.0, 14.0, 14.0, 13.0, 12.0, 11.0, 10.0, 7.0, 7.0, 7.0, 7.0, 7.0, 7.0, 7.0, 7.0, 7.0, 7.0, 7.0, 7.0, 7.0, 7.0, 7.0, 7.0, 7.0, 7.0, 7.0, 7.0, 7.0, 7.0, 7.0, 7.0, 7.0, 7.0, 7.0, 7.0, 7.0, 7.0, 7.0, 7.0, 7.0, 7.0, 7.0, 7.0, 7.0, 7.0, 7.0, 7.0, 7.0, 7.0, 7.0, 7.0, 7.0, 7.0, 7.0, 7.0, 7.0, 7.0, 7.0, 7.0, 7.0, 7.0, 7.0, 7.0, 6.0, 6.0, 6.0, 5.0, 5.0, 5.0, 5.0, 5.0, 5.0, 5.0, 5.0, 5.0, 5.0, 5.0, 5.0, 5.0, 5.0, 5.0, 5.0, 4.0, 4.0, 4.0, 4.0, 4.0, 4.0, 4.0, 4.0, 4.0, 4.0, 4.0, 4.0, 4.0, 4.0, 4.0, 4.0, 4.0, 4.0, 4.0, 4.0, 4.0, 4.0, 4.0, 4.0, 4.0, 4.0, 4.0, 4.0, 4.0, 4.0, 4.0, 4.0, 4.0, 4.0, 4.0, 4.0, 4.0, 3.0, 3.0, 3.0, 3.0, 3.0, 3.0, 3.0, 3.0, 3.0, 3.0, 3.0, 2.0, 2.0, 2.0, 2.0, 2.0, 2.0, 2.0, 2.0, 2.0, 2.0, 2.0, 2.0, 2.0, 2.0, 2.0, 2.0, 2.0, 2.0, 2.0, 2.0, 2.0, 2.0, 2.0, 2.0, 2.0, 2.0, 2.0, 2.0, 2.0, 2.0, 2.0, 2.0, 2.0, 2.0, 2.0, 2.0, 2.0, 2.0, 2.0, 2.0, 2.0, 2.0, 2.0, 2.0, 2.0, 2.0, 2.0, 2.0, 2.0, 2.0, 2.0, 2.0, 2.0, 2.0, 2.0, 2.0, 2.0, 2.0, 2.0, 2.0, 2.0, 2.0, 2.0, 2.0, 2.0, 2.0, 2.0, 2.0, 2.0, 2.0, 2.0, 2.0, 2.0, 2.0]",COMPLETE
132,132,0.5,2024-08-31 06:11:17.492415,2024-08-31 06:11:45.162159,0 days 00:00:27.669744,16,7.560353438138128,3,195,0.7697690734213738,45,0.000768460410822182,0.859,0.85875,2,"[33, 15, 15, 15, 14, 12, 10, 11, 12, 12, 11, 11, 13, 9, 11, 11, 10, 9, 8, 10, 9, 10, 9, 9, 10, 8, 8, 8, 9, 9, 7, 8, 8, 6, 8, 8, 7, 7, 7, 7, 7, 8, 6, 6, 7, 6, 5, 4, 4, 7, 7, 6, 6, 6, 6, 7, 6, 6, 7, 6, 7, 6, 6, 7, 6, 5, 5, 5, 5, 5, 4, 7, 6, 6, 4, 4, 5, 6, 6, 5, 4, 3, 6, 6, 6, 5, 5, 5, 6, 7, 5, 4, 3, 4, 6, 5, 3, 5, 5, 3, 3, 3, 3, 3, 3, 3, 2, 2, 3, 3, 4, 3, 2, 3, 3, 3, 2, 4, 2, 3, 3, 3, 3, 3, 3, 4, 3, 3, 2, 2, 2, 3, 3, 2, 3, 3, 2, 3, 3, 2, 2, 2, 2, 3, 2, 3, 5, 3, 3, 2, 3, 3, 3, 3, 3, 3, 2, 3, 3, 3, 2, 3, 3, 3, 2, 2, 2, 4, 3, 3, 3, 2, 3, 3, 3, 2, 3, 2, 3, 3, 2, 2, 2, 3, 2, 2, 2, 2, 2, 2, 2, 2, 2, 3, 2]",1.9904761904761905,"[32.974603174603175, 14.977777777777778, 14.977777777777778, 14.987301587301587, 13.980952380952381, 11.99047619047619, 9.996825396825397, 10.993650793650794, 11.977777777777778, 11.993650793650794, 10.99047619047619, 11.0, 12.942857142857143, 9.0, 10.99047619047619, 10.993650793650794, 9.99047619047619, 8.987301587301587, 7.993650793650794, 9.977777777777778, 8.996825396825397, 9.99047619047619, 8.993650793650794, 8.99047619047619, 9.942857142857143, 7.987301587301587, 7.9904761904761905, 7.946031746031746, 8.968253968253968, 8.987301587301587, 6.9904761904761905, 7.965079365079365, 7.974603174603175, 5.980952380952381, 7.949206349206349, 7.984126984126984, 6.987301587301587, 6.980952380952381, 6.965079365079365, 6.974603174603175, 6.974603174603175, 7.968253968253968, 5.987301587301587, 5.993650793650794, 6.926984126984127, 5.958730158730159, 4.984126984126984, 3.996825396825397, 3.9936507936507937, 6.863492063492064, 6.980952380952381, 5.980952380952381, 5.977777777777778, 5.965079365079365, 5.958730158730159, 6.958730158730159, 5.980952380952381, 5.980952380952381, 6.93015873015873, 5.980952380952381, 6.968253968253968, 5.984126984126984, 5.857142857142858, 6.895238095238096, 5.977777777777778, 4.9904761904761905, 4.987301587301587, 4.9904761904761905, 4.9714285714285715, 4.9904761904761905, 3.9936507936507937, 6.917460317460318, 5.965079365079365, 5.958730158730159, 3.965079365079365, 3.9714285714285715, 4.923809523809524, 5.8730158730158735, 5.933333333333334, 4.926984126984127, 3.9682539682539684, 2.984126984126984, 5.907936507936508, 5.917460317460318, 5.93015873015873, 4.961904761904762, 4.980952380952381, 4.980952380952381, 5.961904761904762, 6.888888888888889, 4.987301587301587, 3.996825396825397, 2.9936507936507937, 3.9904761904761905, 5.876190476190477, 4.895238095238096, 2.9936507936507937, 4.980952380952381, 4.965079365079365, 2.965079365079365, 2.9873015873015873, 2.996825396825397, 3.0, 2.9936507936507937, 3.0, 2.9936507936507937, 2.0, 2.0, 2.9746031746031747, 2.9904761904761905, 3.9714285714285715, 3.0, 1.9936507936507937, 2.9936507936507937, 3.0, 2.996825396825397, 1.9968253968253968, 3.9365079365079367, 1.9968253968253968, 2.9936507936507937, 2.9936507936507937, 2.9936507936507937, 3.0, 2.996825396825397, 3.0, 3.920634920634921, 2.996825396825397, 2.9936507936507937, 1.9968253968253968, 2.0, 1.9904761904761905, 2.965079365079365, 2.9904761904761905, 2.0, 2.9873015873015873, 2.9936507936507937, 1.9968253968253968, 2.984126984126984, 2.9904761904761905, 1.9968253968253968, 1.9968253968253968, 2.0, 2.0, 2.965079365079365, 1.9968253968253968, 2.977777777777778, 4.917460317460318, 2.9873015873015873, 2.9873015873015873, 1.9936507936507937, 2.920634920634921, 2.980952380952381, 2.9873015873015873, 2.977777777777778, 2.980952380952381, 2.9873015873015873, 1.9936507936507937, 2.977777777777778, 2.980952380952381, 2.9555555555555557, 1.9936507936507937, 2.9873015873015873, 2.996825396825397, 2.9936507936507937, 1.9968253968253968, 1.9968253968253968, 1.9936507936507937, 3.923809523809524, 2.977777777777778, 2.9904761904761905, 2.9904761904761905, 2.0, 2.977777777777778, 2.9904761904761905, 3.0, 2.0, 2.9904761904761905, 1.9968253968253968, 2.984126984126984, 2.9904761904761905, 2.0, 1.9968253968253968, 1.9904761904761905, 2.996825396825397, 2.0, 2.0, 2.0, 1.9968253968253968, 2.0, 1.9968253968253968, 1.9968253968253968, 1.9904761904761905, 1.9968253968253968, 2.958730158730159, 1.9904761904761905]",0.5,0.5,2,"[33, 15, 15, 15, 14, 12, 10, 11, 12, 12, 11, 11, 13, 9, 11, 11, 10, 9, 8, 10, 9, 10, 9, 9, 10, 8, 8, 8, 9, 9, 7, 8, 8, 6, 8, 8, 7, 7, 7, 7, 7, 8, 6, 6, 7, 6, 5, 4, 4, 7, 7, 6, 6, 6, 6, 7, 6, 6, 7, 6, 7, 6, 6, 7, 6, 5, 5, 5, 5, 5, 4, 7, 6, 6, 4, 4, 5, 6, 6, 5, 4, 3, 6, 6, 6, 5, 5, 5, 6, 7, 5, 4, 3, 4, 6, 5, 3, 5, 5, 3, 3, 3, 3, 3, 3, 3, 2, 2, 3, 3, 4, 3, 2, 3, 3, 3, 2, 4, 2, 3, 3, 3, 3, 3, 3, 4, 3, 3, 2, 2, 2, 3, 3, 2, 3, 3, 2, 3, 3, 2, 2, 2, 2, 3, 2, 3, 5, 3, 3, 2, 3, 3, 3, 3, 3, 3, 2, 3, 3, 3, 2, 3, 3, 3, 2, 2, 2, 4, 3, 3, 3, 2, 3, 3, 3, 2, 3, 2, 3, 3, 2, 2, 2, 3, 2, 2, 2, 2, 2, 2, 2, 2, 2, 3, 2]",195,"[0.8865320682525635, 10.016355514526367, 7.564907073974609, 15.034102439880371, 5.065659999847412, 7.608895778656006, 18.82590675354004, 14.920169830322266, 22.394372940063477, 5.586976528167725, 31.10027503967285, 17.711450576782227, 43.99821853637695, 25.23480224609375, 22.395322799682617, 5.756143569946289, 23.616914749145508, 19.147632598876953, 24.201414108276367, 18.481861114501953, 25.456409454345703, 33.87556838989258, 24.68462371826172, 3.8295798301696777, 39.532100677490234, 29.368236541748047, 19.086816787719727, 59.298667907714844, 56.718292236328125, 41.16191101074219, 21.702959060668945, 59.182437896728516, 45.56718444824219, 22.124841690063477, 7.594666957855225, 7.67215633392334, 38.694793701171875, 6.131625175476074, 52.225040435791016, 25.455312728881836, 48.50678253173828, 57.230098724365234, 23.79269790649414, 9.706382751464844, 25.096240997314453, 56.858245849609375, 44.708282470703125, 34.81239318847656, 15.185341835021973, 28.609365463256836, 30.907060623168945, 22.426071166992188, 9.584373474121094, 4.047475337982178, 38.20637512207031, 48.83930969238281, 35.89421463012695, 36.31587219238281, 55.84795379638672, 48.7423095703125, 59.88138198852539, 44.918888092041016, 37.946651458740234, 43.415225982666016, 48.453548431396484, 43.777671813964844, 3.0386104583740234, 59.407527923583984, 55.86516189575195, 9.425443649291992, 49.18805694580078, 6.171358585357666, 22.112438201904297, 43.4056282043457, 18.282928466796875, 40.83369064331055, 43.76759338378906, 47.461273193359375, 58.009727478027344, 62.78904342651367, 53.27888107299805, 45.82941436767578, 58.605438232421875, 56.661521911621094, 63.324668884277344, 14.852909088134766, 15.505807876586914, 31.690900802612305, 41.22514724731445, 51.21498107910156, 42.7599983215332, 56.567176818847656, 26.742910385131836, 30.544727325439453, 37.179840087890625, 50.774349212646484, 46.8642692565918, 51.49742126464844, 39.12603759765625, 29.737829208374023, 39.75102615356445, 9.751986503601074, 19.437793731689453, 21.18035316467285, 22.879722595214844, 31.797924041748047, 16.881729125976562, 2.6541614532470703, 39.213321685791016, 46.03464889526367, 52.62501907348633, 14.089746475219727, 48.386749267578125, 9.789942741394043, 20.528480529785156, 9.08431625366211, 20.764455795288086, 37.299354553222656, 73.49919128417969, 7.9829936027526855, 12.619536399841309, 3.8746089935302734, 12.04112434387207, 22.979578018188477, 30.37131118774414, 41.12150573730469, 46.939456939697266, 42.90696334838867, 30.113758087158203, 41.913230895996094, 29.895017623901367, 37.022010803222656, 26.310718536376953, 28.367843627929688, 36.03950119018555, 24.901622772216797, 24.131834030151367, 18.057641983032227, 5.997055530548096, 17.18511390686035, 22.68520736694336, 15.709726333618164, 30.244413375854492, 14.720427513122559, 8.186807632446289, 70.1534652709961, 64.71878051757812, 22.660070419311523, 10.353214263916016, 47.41557693481445, 58.95066833496094, 54.522438049316406, 5.0175395011901855, 19.82512855529785, 23.963905334472656, 15.507713317871094, 9.919442176818848, 65.46298217773438, 36.984718322753906, 47.12803268432617, 39.152469635009766, 48.292991638183594, 49.92436981201172, 48.2951545715332, 50.40018081665039, 57.64548873901367, 48.126949310302734, 48.48432159423828, 58.2887077331543, 72.67048645019531, 33.266719818115234, 15.874654769897461, 58.93755340576172, 26.430089950561523, 6.147174835205078, 16.93436050415039, 25.68368148803711, 15.493638038635254, 7.965674877166748, 16.313825607299805, 27.130189895629883, 61.213008880615234, 66.38521575927734, 21.160531997680664, 7.924070358276367, 34.94741439819336, 49.033451080322266, 38.76813507080078, 3.5113420486450195, 15.267962455749512, 61.466102600097656, 50.31391906738281, 51.24919128417969, 59.70222473144531, 50.5296516418457]",2.0,"[33.0, 15.0, 15.0, 15.0, 14.0, 12.0, 10.0, 11.0, 12.0, 12.0, 11.0, 11.0, 13.0, 9.0, 11.0, 11.0, 10.0, 9.0, 8.0, 10.0, 9.0, 10.0, 9.0, 9.0, 10.0, 8.0, 8.0, 8.0, 9.0, 9.0, 7.0, 8.0, 8.0, 6.0, 8.0, 8.0, 7.0, 7.0, 7.0, 7.0, 7.0, 8.0, 6.0, 6.0, 7.0, 6.0, 5.0, 4.0, 4.0, 7.0, 7.0, 6.0, 6.0, 6.0, 6.0, 7.0, 6.0, 6.0, 7.0, 6.0, 7.0, 6.0, 6.0, 7.0, 6.0, 5.0, 5.0, 5.0, 5.0, 5.0, 4.0, 7.0, 6.0, 6.0, 4.0, 4.0, 5.0, 6.0, 6.0, 5.0, 4.0, 3.0, 6.0, 6.0, 6.0, 5.0, 5.0, 5.0, 6.0, 7.0, 5.0, 4.0, 3.0, 4.0, 6.0, 5.0, 3.0, 5.0, 5.0, 3.0, 3.0, 3.0, 3.0, 3.0, 3.0, 3.0, 2.0, 2.0, 3.0, 3.0, 4.0, 3.0, 2.0, 3.0, 3.0, 3.0, 2.0, 4.0, 2.0, 3.0, 3.0, 3.0, 3.0, 3.0, 3.0, 4.0, 3.0, 3.0, 2.0, 2.0, 2.0, 3.0, 3.0, 2.0, 3.0, 3.0, 2.0, 3.0, 3.0, 2.0, 2.0, 2.0, 2.0, 3.0, 2.0, 3.0, 5.0, 3.0, 3.0, 2.0, 3.0, 3.0, 3.0, 3.0, 3.0, 3.0, 2.0, 3.0, 3.0, 3.0, 2.0, 3.0, 3.0, 3.0, 2.0, 2.0, 2.0, 4.0, 3.0, 3.0, 3.0, 2.0, 3.0, 3.0, 3.0, 2.0, 3.0, 2.0, 3.0, 3.0, 2.0, 2.0, 2.0, 3.0, 2.0, 2.0, 2.0, 2.0, 2.0, 2.0, 2.0, 2.0, 2.0, 3.0, 2.0]",COMPLETE
