,number,value,datetime_start,datetime_complete,duration,params_batch_size_scaler,params_constant_learning_rate,params_depth,params_epochs,params_kernel_l2,params_num_trees,params_temperature,user_attrs_accuracy_test,user_attrs_accuracy_valid,user_attrs_approximate_feature_sparsity,user_attrs_approximate_feature_sparsity_history,user_attrs_approximate_weight_sparsity,user_attrs_approximate_weight_sparsity_history,user_attrs_auc_test,user_attrs_auc_valid,user_attrs_feature_sparsity,user_attrs_feature_sparsity_history,user_attrs_num_epochs,user_attrs_val_loss_history,user_attrs_weight_sparsity,user_attrs_weight_sparsity_history,state
127,127,0.5,2024-08-31 05:42:31.697992,2024-08-31 05:44:01.789841,0 days 00:01:30.091849,4,4.050968501747475,6,130,0.005019211283584466,13,0.007436065177303202,0.859,0.85875,0,"[0, 0, 0, 0, 0, 0, 0, 0, 0, 0, 0, 0, 0, 0, 0, 0, 0, 0, 0, 0, 0, 0, 0, 0, 0, 0, 0, 0, 0, 0, 0, 0, 0, 0, 0, 0, 0, 0, 0, 0, 0, 0, 0, 0, 0, 0, 0, 0, 0, 0, 0, 0, 0, 0, 0, 0, 0, 0, 0, 0, 0, 0, 0, 0, 0, 0, 0, 0, 0, 0, 0, 0, 0, 0, 0, 0, 0, 0, 0, 0, 0, 0, 0, 0, 0, 0, 0, 0, 0, 0, 0, 0, 0, 0, 0, 0, 0, 0, 0, 0, 0, 0, 0, 0, 0, 0, 0, 0, 0, 0, 0, 0, 0, 0, 0, 0, 0, 0, 0, 0, 0, 0, 0, 0, 0, 0, 0, 0, 0, 0]",0.0,"[0.0, 0.0, 0.0, 0.0, 0.0, 0.0, 0.0, 0.0, 0.0, 0.0, 0.0, 0.0, 0.0, 0.0, 0.0, 0.0, 0.0, 0.0, 0.0, 0.0, 0.0, 0.0, 0.0, 0.0, 0.0, 0.0, 0.0, 0.0, 0.0, 0.0, 0.0, 0.0, 0.0, 0.0, 0.0, 0.0, 0.0, 0.0, 0.0, 0.0, 0.0, 0.0, 0.0, 0.0, 0.0, 0.0, 0.0, 0.0, 0.0, 0.0, 0.0, 0.0, 0.0, 0.0, 0.0, 0.0, 0.0, 0.0, 0.0, 0.0, 0.0, 0.0, 0.0, 0.0, 0.0, 0.0, 0.0, 0.0, 0.0, 0.0, 0.0, 0.0, 0.0, 0.0, 0.0, 0.0, 0.0, 0.0, 0.0, 0.0, 0.0, 0.0, 0.0, 0.0, 0.0, 0.0, 0.0, 0.0, 0.0, 0.0, 0.0, 0.0, 0.0, 0.0, 0.0, 0.0, 0.0, 0.0, 0.0, 0.0, 0.0, 0.0, 0.0, 0.0, 0.0, 0.0, 0.0, 0.0, 0.0, 0.0, 0.0, 0.0, 0.0, 0.0, 0.0, 0.0, 0.0, 0.0, 0.0, 0.0, 0.0, 0.0, 0.0, 0.0, 0.0, 0.0, 0.0, 0.0, 0.0, 0.0]",0.5,0.5,0,"[0, 0, 0, 0, 0, 0, 0, 0, 0, 0, 0, 0, 0, 0, 0, 0, 0, 0, 0, 0, 0, 0, 0, 0, 0, 0, 0, 0, 0, 0, 0, 0, 0, 0, 0, 0, 0, 0, 0, 0, 0, 0, 0, 0, 0, 0, 0, 0, 0, 0, 0, 0, 0, 0, 0, 0, 0, 0, 0, 0, 0, 0, 0, 0, 0, 0, 0, 0, 0, 0, 0, 0, 0, 0, 0, 0, 0, 0, 0, 0, 0, 0, 0, 0, 0, 0, 0, 0, 0, 0, 0, 0, 0, 0, 0, 0, 0, 0, 0, 0, 0, 0, 0, 0, 0, 0, 0, 0, 0, 0, 0, 0, 0, 0, 0, 0, 0, 0, 0, 0, 0, 0, 0, 0, 0, 0, 0, 0, 0, 0]",130,"[0.40904685854911804, 0.4072338044643402, 0.40856751799583435, 0.4073457717895508, 0.40729281306266785, 0.4073399305343628, 0.4074799418449402, 0.4074530303478241, 0.40726155042648315, 0.4074910879135132, 0.4072731137275696, 0.4085054397583008, 0.40806370973587036, 0.40736591815948486, 0.4072307348251343, 0.4073231816291809, 0.40829622745513916, 0.40790897607803345, 0.4089527130126953, 0.4077335596084595, 0.408589631319046, 0.4075227677822113, 0.4095847010612488, 0.4082413613796234, 0.4082181453704834, 0.4074263274669647, 0.4074733257293701, 0.4072597920894623, 0.40974557399749756, 0.40793511271476746, 0.40725621581077576, 0.4081761837005615, 0.407497376203537, 0.40722861886024475, 0.40882474184036255, 0.4073859453201294, 0.40743958950042725, 0.40723299980163574, 0.4072597026824951, 0.4113733768463135, 0.4077833294868469, 0.40793049335479736, 0.4077818989753723, 0.4080031216144562, 0.4074438512325287, 0.4081050455570221, 0.4075043201446533, 0.40756863355636597, 0.40756186842918396, 0.4079364836215973, 0.409591406583786, 0.40725162625312805, 0.40728065371513367, 0.40969550609588623, 0.4082224369049072, 0.410420686006546, 0.4141339063644409, 0.4086478352546692, 0.4105015695095062, 0.41025981307029724, 0.40738028287887573, 0.40803325176239014, 0.4081551730632782, 0.4079473614692688, 0.40786078572273254, 0.4074985086917877, 0.4073372185230255, 0.4076807498931885, 0.40724417567253113, 0.4079101085662842, 0.4100585877895355, 0.41287752985954285, 0.4079212248325348, 0.40722736716270447, 0.4072466790676117, 0.40752774477005005, 0.4103877544403076, 0.40732142329216003, 0.4078734517097473, 0.40785014629364014, 0.4077353775501251, 0.40733498334884644, 0.4077244997024536, 0.4075438976287842, 0.40749117732048035, 0.4109795093536377, 0.4075833559036255, 0.40757256746292114, 0.4072967767715454, 0.4073663651943207, 0.40725240111351013, 0.4089619517326355, 0.40726348757743835, 0.4088228940963745, 0.4073837995529175, 0.4087916314601898, 0.4096682369709015, 0.4141708016395569, 0.40836426615715027, 0.40943801403045654, 0.40733417868614197, 0.40834376215934753, 0.4073849022388458, 0.40744492411613464, 0.40763673186302185, 0.40727517008781433, 0.4074241518974304, 0.4083848297595978, 0.40805312991142273, 0.4072262942790985, 0.4073737859725952, 0.4097389876842499, 0.4073141813278198, 0.40728265047073364, 0.40853947401046753, 0.4080253839492798, 0.40757012367248535, 0.40790748596191406, 0.4074136018753052, 0.4072842001914978, 0.4092554748058319, 0.4093902111053467, 0.41083160042762756, 0.40734973549842834, 0.4072442650794983, 0.41092559695243835, 0.41114333271980286, 0.41044899821281433, 0.4072314202785492, 0.40731269121170044]",0.0,"[0.0, 0.0, 0.0, 0.0, 0.0, 0.0, 0.0, 0.0, 0.0, 0.0, 0.0, 0.0, 0.0, 0.0, 0.0, 0.0, 0.0, 0.0, 0.0, 0.0, 0.0, 0.0, 0.0, 0.0, 0.0, 0.0, 0.0, 0.0, 0.0, 0.0, 0.0, 0.0, 0.0, 0.0, 0.0, 0.0, 0.0, 0.0, 0.0, 0.0, 0.0, 0.0, 0.0, 0.0, 0.0, 0.0, 0.0, 0.0, 0.0, 0.0, 0.0, 0.0, 0.0, 0.0, 0.0, 0.0, 0.0, 0.0, 0.0, 0.0, 0.0, 0.0, 0.0, 0.0, 0.0, 0.0, 0.0, 0.0, 0.0, 0.0, 0.0, 0.0, 0.0, 0.0, 0.0, 0.0, 0.0, 0.0, 0.0, 0.0, 0.0, 0.0, 0.0, 0.0, 0.0, 0.0, 0.0, 0.0, 0.0, 0.0, 0.0, 0.0, 0.0, 0.0, 0.0, 0.0, 0.0, 0.0, 0.0, 0.0, 0.0, 0.0, 0.0, 0.0, 0.0, 0.0, 0.0, 0.0, 0.0, 0.0, 0.0, 0.0, 0.0, 0.0, 0.0, 0.0, 0.0, 0.0, 0.0, 0.0, 0.0, 0.0, 0.0, 0.0, 0.0, 0.0, 0.0, 0.0, 0.0, 0.0]",COMPLETE
128,128,0.7384549986474475,2024-08-31 05:44:04.053874,2024-08-31 05:44:59.333164,0 days 00:00:55.279290,16,0.028579634319994256,4,185,0.08738275655844269,20,0.0018064167207618833,0.881,0.8775,33,"[33, 33, 33, 33, 33, 33, 33, 33, 33, 33, 33, 33, 33, 33, 33, 33, 33, 33, 33, 33, 33, 33, 33, 33, 33, 33, 33, 33, 33, 33, 33, 33, 33, 33, 33, 33, 33, 33, 33, 33, 33, 33, 33, 33, 33, 33, 33, 33, 33, 33, 33, 33, 33, 33, 33, 33, 33, 33, 33, 33, 33, 33, 33, 33, 33, 33, 33, 33, 33, 33, 33, 33, 33, 33, 33, 33, 33, 33, 33, 33, 33, 33, 33, 33, 33, 33, 33, 33, 33, 33, 33, 33, 33, 33, 33, 33, 33, 33, 33, 33, 33, 33, 33, 33, 33, 33, 33, 33, 33, 33, 33, 33, 33, 33, 33, 33, 33, 33, 33, 33, 33, 33, 33, 33, 33, 33, 33, 33, 33, 33, 33, 33, 33, 33, 33, 33, 33, 33, 33, 33, 33, 33, 33, 33, 33, 33, 33, 33, 33, 33, 33, 33, 33, 33, 33, 33, 33, 33, 33, 33, 33, 33, 33, 33, 33, 33, 33, 33, 33, 33, 33, 33, 33, 33, 33, 33, 33, 33, 33, 33, 33, 33, 33, 33, 33]",32.98,"[32.97, 32.97333333333333, 32.97, 32.96666666666667, 32.96666666666667, 32.96666666666667, 32.97, 32.97, 32.97333333333333, 32.96666666666667, 32.989999999999995, 32.98, 32.96666666666667, 32.973333333333336, 32.96, 32.973333333333336, 32.96666666666666, 32.98, 32.98, 32.980000000000004, 32.986666666666665, 32.973333333333336, 32.97333333333333, 32.983333333333334, 32.983333333333334, 32.98, 32.986666666666665, 32.986666666666665, 32.986666666666665, 32.99, 32.986666666666665, 32.989999999999995, 32.983333333333334, 32.986666666666665, 32.97333333333333, 32.97666666666667, 32.989999999999995, 32.97666666666667, 32.98, 32.980000000000004, 32.989999999999995, 32.983333333333334, 32.983333333333334, 32.986666666666665, 32.986666666666665, 32.986666666666665, 32.983333333333334, 32.983333333333334, 32.97666666666667, 32.97666666666667, 32.97333333333333, 32.97333333333333, 32.97333333333333, 32.97333333333333, 32.986666666666665, 32.97666666666667, 32.983333333333334, 32.986666666666665, 32.989999999999995, 32.983333333333334, 32.980000000000004, 32.98, 32.97666666666667, 32.98, 32.97333333333333, 32.97333333333333, 32.980000000000004, 32.983333333333334, 32.983333333333334, 32.97666666666667, 32.973333333333336, 32.97666666666667, 32.97666666666667, 32.97333333333333, 32.96666666666667, 32.96666666666667, 32.97, 32.980000000000004, 32.96666666666667, 32.973333333333336, 32.97666666666667, 32.970000000000006, 32.97, 32.96333333333334, 32.97, 32.97, 32.96666666666667, 32.97333333333333, 32.97333333333333, 32.97333333333333, 32.97666666666667, 32.97333333333333, 32.98, 32.97333333333333, 32.98, 32.983333333333334, 32.986666666666665, 32.983333333333334, 32.97333333333333, 32.97333333333333, 32.98, 32.98, 32.983333333333334, 32.983333333333334, 32.98, 32.986666666666665, 32.986666666666665, 32.97333333333333, 32.96666666666667, 32.96666666666667, 32.96666666666667, 32.97, 32.97333333333333, 32.96666666666667, 32.97333333333333, 32.98, 32.97666666666667, 32.98, 32.97333333333333, 32.97666666666667, 32.983333333333334, 32.980000000000004, 32.97333333333333, 32.97, 32.98, 32.983333333333334, 32.986666666666665, 32.98, 32.97333333333333, 32.97666666666667, 32.98, 32.98, 32.98, 32.98, 32.96666666666667, 32.96666666666667, 32.97666666666667, 32.97333333333333, 32.97, 32.97666666666667, 32.97666666666667, 32.98, 32.97333333333333, 32.97333333333333, 32.98, 32.986666666666665, 32.989999999999995, 32.98, 32.97666666666667, 32.98, 32.986666666666665, 32.986666666666665, 32.983333333333334, 32.983333333333334, 32.98, 32.983333333333334, 32.986666666666665, 32.986666666666665, 32.986666666666665, 32.989999999999995, 32.989999999999995, 32.986666666666665, 32.986666666666665, 32.986666666666665, 32.983333333333334, 32.986666666666665, 32.98, 32.989999999999995, 32.986666666666665, 32.98, 32.96666666666667, 32.983333333333334, 32.986666666666665, 32.983333333333334, 32.986666666666665, 32.983333333333334, 32.97333333333333, 32.980000000000004, 32.983333333333334, 32.97666666666667, 32.96666666666667, 32.97, 32.97, 32.97666666666667, 32.98]",0.7714066331459144,0.7384549986474475,33,"[33, 33, 33, 33, 33, 33, 33, 33, 33, 33, 33, 33, 33, 33, 33, 33, 33, 33, 33, 33, 33, 33, 33, 33, 33, 33, 33, 33, 33, 33, 33, 33, 33, 33, 33, 33, 33, 33, 33, 33, 33, 33, 33, 33, 33, 33, 33, 33, 33, 33, 33, 33, 33, 33, 33, 33, 33, 33, 33, 33, 33, 33, 33, 33, 33, 33, 33, 33, 33, 33, 33, 33, 33, 33, 33, 33, 33, 33, 33, 33, 33, 33, 33, 33, 33, 33, 33, 33, 33, 33, 33, 33, 33, 33, 33, 33, 33, 33, 33, 33, 33, 33, 33, 33, 33, 33, 33, 33, 33, 33, 33, 33, 33, 33, 33, 33, 33, 33, 33, 33, 33, 33, 33, 33, 33, 33, 33, 33, 33, 33, 33, 33, 33, 33, 33, 33, 33, 33, 33, 33, 33, 33, 33, 33, 33, 33, 33, 33, 33, 33, 33, 33, 33, 33, 33, 33, 33, 33, 33, 33, 33, 33, 33, 33, 33, 33, 33, 33, 33, 33, 33, 33, 33, 33, 33, 33, 33, 33, 33, 33, 33, 33, 33, 33, 33]",185,"[0.6204968094825745, 0.5398292541503906, 0.4930797815322876, 0.4654063284397125, 0.44768771529197693, 0.43606796860694885, 0.4281865060329437, 0.42243602871894836, 0.41819772124290466, 0.415043443441391, 0.41246047616004944, 0.4104234576225281, 0.40872833132743835, 0.4072969853878021, 0.4060762822628021, 0.4050530195236206, 0.4041082262992859, 0.4032033085823059, 0.4023939371109009, 0.40160220861434937, 0.400873064994812, 0.40019363164901733, 0.3995398283004761, 0.3989191949367523, 0.3983432650566101, 0.39778900146484375, 0.3972264528274536, 0.3967062830924988, 0.396201491355896, 0.395700067281723, 0.39519473910331726, 0.3947189450263977, 0.3942650258541107, 0.39383870363235474, 0.39339596033096313, 0.39297187328338623, 0.3925645351409912, 0.39216864109039307, 0.39177852869033813, 0.3914097547531128, 0.3910420536994934, 0.3906683027744293, 0.39032503962516785, 0.38997146487236023, 0.3896307349205017, 0.38928574323654175, 0.3889645040035248, 0.3886641561985016, 0.38833945989608765, 0.38805046677589417, 0.3877490758895874, 0.38744980096817017, 0.3871612548828125, 0.3868655264377594, 0.38658690452575684, 0.38631686568260193, 0.3860253095626831, 0.38575828075408936, 0.38549187779426575, 0.3852369785308838, 0.38500046730041504, 0.38474780321121216, 0.38451263308525085, 0.38425612449645996, 0.38400906324386597, 0.3837657868862152, 0.3835110366344452, 0.3832683265209198, 0.3830409348011017, 0.38280418515205383, 0.3825600743293762, 0.38232898712158203, 0.3821156620979309, 0.3818970024585724, 0.38168618083000183, 0.3814602792263031, 0.38127222657203674, 0.3810381293296814, 0.38083353638648987, 0.380638986825943, 0.3804314136505127, 0.38025107979774475, 0.38004156947135925, 0.3798178732395172, 0.3796057105064392, 0.37938666343688965, 0.37917423248291016, 0.3789670467376709, 0.37876686453819275, 0.37856751680374146, 0.3783803880214691, 0.378173828125, 0.37798285484313965, 0.3777948021888733, 0.3775951862335205, 0.3773898184299469, 0.3772050440311432, 0.37702617049217224, 0.3768368661403656, 0.3766343295574188, 0.3764587342739105, 0.37627872824668884, 0.3760867714881897, 0.37588346004486084, 0.3756791651248932, 0.37548258900642395, 0.3752962350845337, 0.37509116530418396, 0.3748953938484192, 0.37470635771751404, 0.37450477480888367, 0.3743118941783905, 0.37413010001182556, 0.37394699454307556, 0.3737502694129944, 0.3735811114311218, 0.3734087347984314, 0.3732031285762787, 0.37301304936408997, 0.3728432059288025, 0.3726462423801422, 0.3724609315395355, 0.37227022647857666, 0.37209221720695496, 0.37191280722618103, 0.37172845005989075, 0.3715374767780304, 0.37134236097335815, 0.37117627263069153, 0.37097376585006714, 0.37078484892845154, 0.3705897629261017, 0.37044182419776917, 0.3702458441257477, 0.37005630135536194, 0.36988121271133423, 0.36967793107032776, 0.36949336528778076, 0.36930781602859497, 0.3691345155239105, 0.36894524097442627, 0.3687394857406616, 0.3685648441314697, 0.36838409304618835, 0.3682151734828949, 0.3680419921875, 0.3678380250930786, 0.3676565885543823, 0.36745917797088623, 0.3672608435153961, 0.3670784831047058, 0.36689749360084534, 0.36673504114151, 0.36654818058013916, 0.36638739705085754, 0.36619216203689575, 0.3660042881965637, 0.36579909920692444, 0.36561545729637146, 0.3654354214668274, 0.3652288317680359, 0.36500948667526245, 0.3648219406604767, 0.36463409662246704, 0.36443570256233215, 0.36421942710876465, 0.36403343081474304, 0.36383724212646484, 0.3636624813079834, 0.36349260807037354, 0.3632892370223999, 0.3630918264389038, 0.3629016876220703, 0.36270663142204285, 0.3625282347202301, 0.3623404800891876, 0.36213985085487366, 0.36196574568748474, 0.3617565631866455, 0.3615380823612213, 0.36137068271636963, 0.36116546392440796, 0.36094701290130615, 0.360757976770401, 0.36056846380233765]",33.0,"[33.0, 33.0, 33.0, 33.0, 33.0, 33.0, 33.0, 33.0, 33.0, 33.0, 33.0, 33.0, 33.0, 33.0, 33.0, 33.0, 33.0, 33.0, 33.0, 33.0, 33.0, 33.0, 33.0, 33.0, 33.0, 33.0, 33.0, 33.0, 33.0, 33.0, 33.0, 33.0, 33.0, 33.0, 33.0, 33.0, 33.0, 33.0, 33.0, 33.0, 33.0, 33.0, 33.0, 33.0, 33.0, 33.0, 33.0, 33.0, 33.0, 33.0, 33.0, 33.0, 33.0, 33.0, 33.0, 33.0, 33.0, 33.0, 33.0, 33.0, 33.0, 33.0, 33.0, 33.0, 33.0, 33.0, 33.0, 33.0, 33.0, 33.0, 33.0, 33.0, 33.0, 33.0, 33.0, 33.0, 33.0, 33.0, 33.0, 33.0, 33.0, 33.0, 33.0, 33.0, 33.0, 33.0, 33.0, 33.0, 33.0, 33.0, 33.0, 33.0, 33.0, 33.0, 33.0, 33.0, 33.0, 33.0, 33.0, 33.0, 33.0, 33.0, 33.0, 33.0, 33.0, 33.0, 33.0, 33.0, 33.0, 33.0, 33.0, 33.0, 33.0, 33.0, 33.0, 33.0, 33.0, 33.0, 33.0, 33.0, 33.0, 33.0, 33.0, 33.0, 33.0, 33.0, 33.0, 33.0, 33.0, 33.0, 33.0, 33.0, 33.0, 33.0, 33.0, 33.0, 33.0, 33.0, 33.0, 33.0, 33.0, 33.0, 33.0, 33.0, 33.0, 33.0, 33.0, 33.0, 33.0, 33.0, 33.0, 33.0, 33.0, 33.0, 33.0, 33.0, 33.0, 33.0, 33.0, 33.0, 33.0, 33.0, 33.0, 33.0, 33.0, 33.0, 33.0, 33.0, 33.0, 33.0, 33.0, 33.0, 33.0, 33.0, 33.0, 33.0, 33.0, 33.0, 33.0, 33.0, 33.0, 33.0, 33.0, 33.0, 33.0]",COMPLETE
129,129,0.8106941814481329,2024-08-31 05:45:03.379396,2024-08-31 05:46:00.670925,0 days 00:00:57.291529,4,0.06941055558859521,4,50,0.01548266196392209,87,0.09333578920973369,0.874,0.87125,33,"[33, 33, 33, 33, 33, 33, 33, 33, 33, 33, 33, 33, 33, 33, 33, 33, 33, 33, 33, 33, 33, 33, 33, 33, 33, 33, 33, 33, 33, 33, 33, 33, 33, 33, 33, 33, 33, 33, 33, 33, 33, 33, 33, 33, 33, 33, 33, 33, 33, 33]",32.959386973180074,"[32.953256704980845, 32.943295019157084, 32.95862068965517, 32.95632183908046, 32.959386973180074, 32.95402298850575, 32.94712643678161, 32.959386973180074, 32.95785440613027, 32.96168582375479, 32.950957854406134, 32.95708812260536, 32.953256704980845, 32.95249042145594, 32.95402298850575, 32.9632183908046, 32.953256704980845, 32.94712643678161, 32.94789272030651, 32.948659003831416, 32.95249042145594, 32.946360153256705, 32.946360153256705, 32.94712643678161, 32.94329501915709, 32.9448275862069, 32.93563218390805, 32.94099616858237, 32.945593869731795, 32.948659003831416, 32.95632183908046, 32.955555555555556, 32.952490421455934, 32.952490421455934, 32.953256704980845, 32.955555555555556, 32.946360153256705, 32.94712643678161, 32.94942528735632, 32.94482758620689, 32.95172413793104, 32.95095785440613, 32.95478927203065, 32.94942528735632, 32.95402298850575, 32.939463601532566, 32.94942528735632, 32.948659003831416, 32.95019157088122, 32.959386973180074]",0.8278800188244618,0.8106941814481329,33,"[33, 33, 33, 33, 33, 33, 33, 33, 33, 33, 33, 33, 33, 33, 33, 33, 33, 33, 33, 33, 33, 33, 33, 33, 33, 33, 33, 33, 33, 33, 33, 33, 33, 33, 33, 33, 33, 33, 33, 33, 33, 33, 33, 33, 33, 33, 33, 33, 33, 33]",50,"[0.3945394456386566, 0.38652539253234863, 0.3811657726764679, 0.37748169898986816, 0.3741224706172943, 0.37166985869407654, 0.36956775188446045, 0.36773112416267395, 0.3661361634731293, 0.3650701940059662, 0.3639252483844757, 0.3622841536998749, 0.3603658378124237, 0.36079493165016174, 0.3575862944126129, 0.35639339685440063, 0.3559665381908417, 0.35420796275138855, 0.35262805223464966, 0.35151195526123047, 0.35042834281921387, 0.34912165999412537, 0.3483499586582184, 0.34729525446891785, 0.34608662128448486, 0.34453773498535156, 0.3441424071788788, 0.34245821833610535, 0.3415359854698181, 0.3402542173862457, 0.3392447233200073, 0.33861666917800903, 0.3371100127696991, 0.33646953105926514, 0.3350955843925476, 0.3350556194782257, 0.33349788188934326, 0.33208340406417847, 0.3314094841480255, 0.3301895260810852, 0.3297838866710663, 0.32844772934913635, 0.3272897005081177, 0.3264627754688263, 0.32546618580818176, 0.32437053322792053, 0.3235739767551422, 0.32424208521842957, 0.3222625255584717, 0.3204505145549774]",33.0,"[33.0, 33.0, 33.0, 33.0, 33.0, 33.0, 33.0, 33.0, 33.0, 33.0, 33.0, 33.0, 33.0, 33.0, 33.0, 33.0, 33.0, 33.0, 33.0, 33.0, 33.0, 33.0, 33.0, 33.0, 33.0, 33.0, 33.0, 33.0, 33.0, 33.0, 33.0, 33.0, 33.0, 33.0, 33.0, 33.0, 33.0, 33.0, 33.0, 33.0, 33.0, 33.0, 33.0, 33.0, 33.0, 33.0, 33.0, 33.0, 33.0, 33.0]",COMPLETE
