,number,value,datetime_start,datetime_complete,duration,params_batch_size_scaler,params_constant_learning_rate,params_depth,params_epochs,params_kernel_l2,params_num_trees,params_temperature,user_attrs_accuracy_test,user_attrs_accuracy_valid,user_attrs_approximate_feature_sparsity,user_attrs_approximate_feature_sparsity_history,user_attrs_approximate_weight_sparsity,user_attrs_approximate_weight_sparsity_history,user_attrs_auc_test,user_attrs_auc_valid,user_attrs_feature_sparsity,user_attrs_feature_sparsity_history,user_attrs_num_epochs,user_attrs_val_loss_history,user_attrs_weight_sparsity,user_attrs_weight_sparsity_history,state
112,112,0.5,2024-08-31 05:14:04.716387,2024-08-31 05:20:38.963681,0 days 00:06:34.247294,4,1.729725988214954,4,345,0.3582941596595269,80,0.0012149228632960282,0.859,0.85875,0,"[33, 33, 13, 9, 8, 7, 5, 5, 5, 4, 4, 2, 2, 2, 2, 2, 2, 2, 2, 1, 1, 1, 1, 1, 1, 1, 1, 1, 0, 0, 0, 0, 0, 0, 0, 0, 0, 0, 0, 0, 0, 0, 0, 0, 0, 0, 0, 0, 0, 0, 0, 0, 0, 0, 0, 0, 0, 0, 0, 0, 0, 0, 0, 0, 0, 0, 0, 0, 0, 0, 0, 0, 0, 0, 0, 0, 0, 0, 0, 0, 0, 0, 0, 0, 0, 0, 0, 0, 0, 0, 0, 0, 0, 0, 0, 0, 0, 0, 0, 0, 0, 0, 0, 0, 0, 0, 0, 0, 0, 0, 0, 0, 0, 0, 0, 0, 0, 0, 0, 0, 0, 0, 0, 0, 0, 0, 0, 0, 0, 0, 0, 0, 0, 0, 0, 0, 0, 0, 0, 0, 0, 0, 0, 0, 0, 0, 0, 0, 0, 0, 0, 0, 0, 0, 0, 0, 0, 0, 0, 0, 0, 0, 0, 0, 0, 0, 0, 0, 0, 0, 0, 0, 0, 0, 0, 0, 0, 0, 0, 0, 0, 0, 0, 0, 0, 0, 0, 0, 0, 0, 0, 0, 0, 0, 0, 0, 0, 0, 0, 0, 0, 0, 0, 0, 0, 0, 0, 0, 0, 0, 0, 0, 0, 0, 0, 0, 0, 0, 0, 0, 0, 0, 0, 0, 0, 0, 0, 0, 0, 0, 0, 0, 0, 0, 0, 0, 0, 0, 0, 0, 0, 0, 0, 0, 0, 0, 0, 0, 0, 0, 0, 0, 0, 0, 0, 0, 0, 0, 0, 0, 0, 0, 0, 0, 0, 0, 0, 0, 0, 0, 0, 0, 0, 0, 0, 0, 0, 0, 0, 0, 0, 0, 0, 0, 0, 0, 0, 0, 0, 0, 0, 0, 0, 0, 0, 0, 0, 0, 0, 0, 0, 0, 0, 0, 0, 0, 0, 0, 0, 0, 0, 0, 0, 0, 0, 0, 0, 0, 0, 0, 0, 0, 0, 0, 0, 0, 0, 0, 0, 0, 0, 0, 0, 0, 0, 0, 0, 0, 0, 0, 0, 0, 0, 0, 0]",0.0,"[32.9525, 32.9525, 12.978333333333333, 8.9875, 7.994166666666667, 6.991666666666667, 4.991666666666667, 4.990833333333333, 4.99, 3.9924999999999997, 3.995, 1.9975, 1.9966666666666666, 1.9958333333333333, 1.995, 1.9983333333333333, 1.9958333333333333, 1.9991666666666665, 1.9966666666666666, 0.9991666666666666, 0.9991666666666666, 0.9983333333333333, 1.0, 1.0, 1.0, 0.9983333333333333, 1.0, 1.0, 0.0, 0.0, 0.0, 0.0, 0.0, 0.0, 0.0, 0.0, 0.0, 0.0, 0.0, 0.0, 0.0, 0.0, 0.0, 0.0, 0.0, 0.0, 0.0, 0.0, 0.0, 0.0, 0.0, 0.0, 0.0, 0.0, 0.0, 0.0, 0.0, 0.0, 0.0, 0.0, 0.0, 0.0, 0.0, 0.0, 0.0, 0.0, 0.0, 0.0, 0.0, 0.0, 0.0, 0.0, 0.0, 0.0, 0.0, 0.0, 0.0, 0.0, 0.0, 0.0, 0.0, 0.0, 0.0, 0.0, 0.0, 0.0, 0.0, 0.0, 0.0, 0.0, 0.0, 0.0, 0.0, 0.0, 0.0, 0.0, 0.0, 0.0, 0.0, 0.0, 0.0, 0.0, 0.0, 0.0, 0.0, 0.0, 0.0, 0.0, 0.0, 0.0, 0.0, 0.0, 0.0, 0.0, 0.0, 0.0, 0.0, 0.0, 0.0, 0.0, 0.0, 0.0, 0.0, 0.0, 0.0, 0.0, 0.0, 0.0, 0.0, 0.0, 0.0, 0.0, 0.0, 0.0, 0.0, 0.0, 0.0, 0.0, 0.0, 0.0, 0.0, 0.0, 0.0, 0.0, 0.0, 0.0, 0.0, 0.0, 0.0, 0.0, 0.0, 0.0, 0.0, 0.0, 0.0, 0.0, 0.0, 0.0, 0.0, 0.0, 0.0, 0.0, 0.0, 0.0, 0.0, 0.0, 0.0, 0.0, 0.0, 0.0, 0.0, 0.0, 0.0, 0.0, 0.0, 0.0, 0.0, 0.0, 0.0, 0.0, 0.0, 0.0, 0.0, 0.0, 0.0, 0.0, 0.0, 0.0, 0.0, 0.0, 0.0, 0.0, 0.0, 0.0, 0.0, 0.0, 0.0, 0.0, 0.0, 0.0, 0.0, 0.0, 0.0, 0.0, 0.0, 0.0, 0.0, 0.0, 0.0, 0.0, 0.0, 0.0, 0.0, 0.0, 0.0, 0.0, 0.0, 0.0, 0.0, 0.0, 0.0, 0.0, 0.0, 0.0, 0.0, 0.0, 0.0, 0.0, 0.0, 0.0, 0.0, 0.0, 0.0, 0.0, 0.0, 0.0, 0.0, 0.0, 0.0, 0.0, 0.0, 0.0, 0.0, 0.0, 0.0, 0.0, 0.0, 0.0, 0.0, 0.0, 0.0, 0.0, 0.0, 0.0, 0.0, 0.0, 0.0, 0.0, 0.0, 0.0, 0.0, 0.0, 0.0, 0.0, 0.0, 0.0, 0.0, 0.0, 0.0, 0.0, 0.0, 0.0, 0.0, 0.0, 0.0, 0.0, 0.0, 0.0, 0.0, 0.0, 0.0, 0.0, 0.0, 0.0, 0.0, 0.0, 0.0, 0.0, 0.0, 0.0, 0.0, 0.0, 0.0, 0.0, 0.0, 0.0, 0.0, 0.0, 0.0, 0.0, 0.0, 0.0, 0.0, 0.0, 0.0, 0.0, 0.0, 0.0, 0.0, 0.0, 0.0, 0.0, 0.0, 0.0, 0.0, 0.0, 0.0, 0.0, 0.0, 0.0, 0.0, 0.0, 0.0, 0.0, 0.0, 0.0, 0.0, 0.0, 0.0, 0.0, 0.0, 0.0, 0.0, 0.0, 0.0, 0.0, 0.0, 0.0, 0.0, 0.0, 0.0, 0.0, 0.0, 0.0, 0.0]",0.5,0.5,0,"[33, 33, 13, 9, 8, 7, 5, 5, 5, 4, 4, 2, 2, 2, 2, 2, 2, 2, 2, 1, 1, 1, 1, 1, 1, 1, 1, 1, 0, 0, 0, 0, 0, 0, 0, 0, 0, 0, 0, 0, 0, 0, 0, 0, 0, 0, 0, 0, 0, 0, 0, 0, 0, 0, 0, 0, 0, 0, 0, 0, 0, 0, 0, 0, 0, 0, 0, 0, 0, 0, 0, 0, 0, 0, 0, 0, 0, 0, 0, 0, 0, 0, 0, 0, 0, 0, 0, 0, 0, 0, 0, 0, 0, 0, 0, 0, 0, 0, 0, 0, 0, 0, 0, 0, 0, 0, 0, 0, 0, 0, 0, 0, 0, 0, 0, 0, 0, 0, 0, 0, 0, 0, 0, 0, 0, 0, 0, 0, 0, 0, 0, 0, 0, 0, 0, 0, 0, 0, 0, 0, 0, 0, 0, 0, 0, 0, 0, 0, 0, 0, 0, 0, 0, 0, 0, 0, 0, 0, 0, 0, 0, 0, 0, 0, 0, 0, 0, 0, 0, 0, 0, 0, 0, 0, 0, 0, 0, 0, 0, 0, 0, 0, 0, 0, 0, 0, 0, 0, 0, 0, 0, 0, 0, 0, 0, 0, 0, 0, 0, 0, 0, 0, 0, 0, 0, 0, 0, 0, 0, 0, 0, 0, 0, 0, 0, 0, 0, 0, 0, 0, 0, 0, 0, 0, 0, 0, 0, 0, 0, 0, 0, 0, 0, 0, 0, 0, 0, 0, 0, 0, 0, 0, 0, 0, 0, 0, 0, 0, 0, 0, 0, 0, 0, 0, 0, 0, 0, 0, 0, 0, 0, 0, 0, 0, 0, 0, 0, 0, 0, 0, 0, 0, 0, 0, 0, 0, 0, 0, 0, 0, 0, 0, 0, 0, 0, 0, 0, 0, 0, 0, 0, 0, 0, 0, 0, 0, 0, 0, 0, 0, 0, 0, 0, 0, 0, 0, 0, 0, 0, 0, 0, 0, 0, 0, 0, 0, 0, 0, 0, 0, 0, 0, 0, 0, 0, 0, 0, 0, 0, 0, 0, 0, 0, 0, 0, 0, 0, 0, 0, 0, 0, 0, 0, 0, 0]",345,"[0.42188507318496704, 0.4251490533351898, 0.6607992649078369, 0.2994438111782074, 0.29786428809165955, 0.29604411125183105, 0.36117202043533325, 0.33781394362449646, 0.32183483242988586, 0.35958611965179443, 0.342502236366272, 0.5699590444564819, 0.38206371665000916, 0.4248480498790741, 0.38238537311553955, 0.673582911491394, 0.38898926973342896, 0.4479505121707916, 0.44717171788215637, 0.478527307510376, 0.394310861825943, 0.4719480872154236, 0.4994349777698517, 0.3953554034233093, 0.4454796612262726, 0.39354512095451355, 0.41368743777275085, 0.393530935049057, 0.41021764278411865, 0.4126904010772705, 0.5631102919578552, 0.4392198920249939, 0.41964757442474365, 0.7824509143829346, 0.4095834493637085, 0.4112683832645416, 0.41492050886154175, 0.42826735973358154, 0.4643263518810272, 0.617616593837738, 0.4179864823818207, 0.4905077815055847, 0.45490238070487976, 0.40918782353401184, 0.4150514304637909, 0.4099298119544983, 0.7091503143310547, 0.41446295380592346, 0.4485095143318176, 0.4176526367664337, 1.126341700553894, 0.5225743651390076, 0.41085487604141235, 0.4073120951652527, 0.4082697927951813, 0.501495897769928, 0.4176931381225586, 1.1473060846328735, 0.5728872418403625, 0.4077206552028656, 0.4145450294017792, 0.5297529101371765, 0.5119955539703369, 0.5932670831680298, 0.42529892921447754, 0.4150373935699463, 0.41580256819725037, 0.6953585147857666, 0.42048606276512146, 0.4076681137084961, 0.4076100289821625, 0.48559534549713135, 0.4619610607624054, 0.7798151969909668, 0.40845757722854614, 0.41518324613571167, 0.4395468831062317, 0.4081434905529022, 0.4095616936683655, 0.6593930721282959, 0.4638982117176056, 0.4141073524951935, 0.40805262327194214, 0.4196827709674835, 0.47734329104423523, 0.8609510064125061, 0.5031678080558777, 0.460884690284729, 0.7009370923042297, 0.6202152967453003, 0.5197390913963318, 0.5367761254310608, 0.4254230856895447, 0.40830451250076294, 0.41130325198173523, 0.40886977314949036, 0.5222727060317993, 0.45766136050224304, 0.4280063211917877, 0.607660710811615, 0.8875089287757874, 0.4463348686695099, 0.41481536626815796, 0.5732812881469727, 0.4083547592163086, 0.5028685927391052, 0.4214957356452942, 0.48237475752830505, 0.6171721816062927, 0.4169465899467468, 0.4248753786087036, 0.4077494442462921, 0.409017413854599, 0.4178725481033325, 0.4079224467277527, 0.5031391382217407, 0.42926377058029175, 0.5869877338409424, 0.5049439072608948, 0.5805031061172485, 0.41488468647003174, 0.42253971099853516, 0.4189435839653015, 0.43030938506126404, 0.506134033203125, 0.42036181688308716, 0.6138150691986084, 0.40891093015670776, 0.44035494327545166, 0.4769200384616852, 0.4660229980945587, 0.4296506643295288, 0.43874838948249817, 0.5128054618835449, 0.4269123375415802, 0.5075152516365051, 0.41674092411994934, 0.6341322660446167, 0.4417058229446411, 0.44389808177948, 0.4094841480255127, 0.7679110169410706, 0.6214834451675415, 0.41365188360214233, 0.4161194860935211, 0.7391040325164795, 0.4109262228012085, 0.41764476895332336, 0.4350391626358032, 0.795724093914032, 0.42507606744766235, 0.49534812569618225, 0.44168034195899963, 0.41721999645233154, 0.4080656170845032, 0.4076935648918152, 0.42379772663116455, 0.7202188372612, 0.49855518341064453, 0.6353968381881714, 0.4117952585220337, 0.5000461935997009, 0.5023137331008911, 0.408630907535553, 0.4074176549911499, 0.4077701270580292, 0.772983729839325, 0.6497673988342285, 0.45099204778671265, 0.4791289269924164, 0.41904228925704956, 0.41482776403427124, 0.49327483773231506, 0.4756237268447876, 0.4077697694301605, 0.5473177433013916, 0.40959277749061584, 0.6012358665466309, 0.7908012866973877, 0.5499177575111389, 0.46056973934173584, 0.4073046147823334, 0.45278221368789673, 0.44123780727386475, 0.4196321964263916, 0.48833099007606506, 0.4946516752243042, 0.4763118326663971, 0.4670836627483368, 0.4149850010871887, 0.557440996170044, 0.4081242084503174, 0.4547542333602905, 0.4205751121044159, 0.4074501693248749, 0.4446854889392853, 0.43285059928894043, 0.40820708870887756, 0.4073943793773651, 0.46945738792419434, 0.5753934979438782, 0.4611128568649292, 0.4156724214553833, 0.42446956038475037, 0.5612468719482422, 0.49371883273124695, 0.4082263708114624, 0.4728250801563263, 0.5298352241516113, 0.44520923495292664, 0.4145691990852356, 0.43616563081741333, 0.4159075617790222, 0.46796756982803345, 0.4204116463661194, 0.6038647890090942, 0.4089641869068146, 0.8672975301742554, 0.5789384245872498, 0.510480523109436, 0.46890926361083984, 0.4105032682418823, 0.42245930433273315, 0.5642762780189514, 0.6067954897880554, 0.4534153342247009, 0.5696958303451538, 0.4122021794319153, 0.5142627358436584, 0.5291270017623901, 0.4331360161304474, 0.43344172835350037, 0.5578116774559021, 0.44641193747520447, 0.45745649933815, 0.44307297468185425, 0.6451740264892578, 0.4084815979003906, 0.40843087434768677, 0.5760418176651001, 0.4645962119102478, 0.4077366292476654, 0.4630785882472992, 0.478886216878891, 0.578309953212738, 0.43152916431427, 0.4764043390750885, 0.4078592360019684, 0.9419857263565063, 0.41889843344688416, 0.4207305610179901, 0.44363144040107727, 0.6033681035041809, 0.4338745176792145, 0.4815695583820343, 1.0193616151809692, 0.4397178292274475, 0.47981128096580505, 0.714881181716919, 0.43503743410110474, 0.43868157267570496, 0.407265305519104, 0.49317020177841187, 0.45593416690826416, 0.4362906515598297, 0.4618045389652252, 0.41958358883857727, 0.4188063442707062, 0.5658972859382629, 0.6207097768783569, 0.42818522453308105, 0.4085310399532318, 0.45484307408332825, 0.42207416892051697, 0.6050290465354919, 0.7142906785011292, 0.4192768931388855, 0.416629433631897, 0.4336680471897125, 0.44420966506004333, 1.2120349407196045, 0.4281176030635834, 0.47462376952171326, 0.533639132976532, 0.4303297698497772, 0.7566981315612793, 0.46722015738487244, 1.14315664768219, 0.41728469729423523, 0.7317432165145874, 0.49259671568870544, 0.5851666927337646, 0.42752140760421753, 0.4073193371295929, 0.5947544574737549, 0.429190993309021, 0.6913163065910339, 0.472360223531723, 0.5950523018836975, 0.41567569971084595, 0.7342679500579834, 0.9265101552009583, 0.40775489807128906, 0.7904341220855713, 0.40776634216308594, 0.4089045822620392, 0.4138701558113098, 0.40745845437049866, 0.47630804777145386, 1.104181170463562, 0.5199750661849976, 0.4777885377407074, 0.7159903645515442, 0.4163435399532318, 0.40732094645500183, 0.42497003078460693, 0.422068327665329, 0.5505058765411377, 0.4631282091140747, 0.6431321501731873, 0.7019309997558594, 0.4080081880092621, 0.40730270743370056, 0.4077397584915161, 0.4471467137336731, 0.41616275906562805, 0.4290943145751953, 0.5711960196495056, 0.5464304089546204, 0.4585496187210083, 0.49378031492233276, 0.7099175453186035, 0.40772387385368347, 0.4204048812389374, 0.8313772082328796, 0.4684334099292755, 0.4145115613937378, 0.6914891600608826, 0.4079066216945648, 0.41331976652145386, 0.46605464816093445, 0.6209794878959656, 0.641431987285614, 0.4509548246860504, 0.4460306167602539]",0.0,"[33.0, 33.0, 13.0, 9.0, 8.0, 7.0, 5.0, 5.0, 5.0, 4.0, 4.0, 2.0, 2.0, 2.0, 2.0, 2.0, 2.0, 2.0, 2.0, 1.0, 1.0, 1.0, 1.0, 1.0, 1.0, 1.0, 1.0, 1.0, 0.0, 0.0, 0.0, 0.0, 0.0, 0.0, 0.0, 0.0, 0.0, 0.0, 0.0, 0.0, 0.0, 0.0, 0.0, 0.0, 0.0, 0.0, 0.0, 0.0, 0.0, 0.0, 0.0, 0.0, 0.0, 0.0, 0.0, 0.0, 0.0, 0.0, 0.0, 0.0, 0.0, 0.0, 0.0, 0.0, 0.0, 0.0, 0.0, 0.0, 0.0, 0.0, 0.0, 0.0, 0.0, 0.0, 0.0, 0.0, 0.0, 0.0, 0.0, 0.0, 0.0, 0.0, 0.0, 0.0, 0.0, 0.0, 0.0, 0.0, 0.0, 0.0, 0.0, 0.0, 0.0, 0.0, 0.0, 0.0, 0.0, 0.0, 0.0, 0.0, 0.0, 0.0, 0.0, 0.0, 0.0, 0.0, 0.0, 0.0, 0.0, 0.0, 0.0, 0.0, 0.0, 0.0, 0.0, 0.0, 0.0, 0.0, 0.0, 0.0, 0.0, 0.0, 0.0, 0.0, 0.0, 0.0, 0.0, 0.0, 0.0, 0.0, 0.0, 0.0, 0.0, 0.0, 0.0, 0.0, 0.0, 0.0, 0.0, 0.0, 0.0, 0.0, 0.0, 0.0, 0.0, 0.0, 0.0, 0.0, 0.0, 0.0, 0.0, 0.0, 0.0, 0.0, 0.0, 0.0, 0.0, 0.0, 0.0, 0.0, 0.0, 0.0, 0.0, 0.0, 0.0, 0.0, 0.0, 0.0, 0.0, 0.0, 0.0, 0.0, 0.0, 0.0, 0.0, 0.0, 0.0, 0.0, 0.0, 0.0, 0.0, 0.0, 0.0, 0.0, 0.0, 0.0, 0.0, 0.0, 0.0, 0.0, 0.0, 0.0, 0.0, 0.0, 0.0, 0.0, 0.0, 0.0, 0.0, 0.0, 0.0, 0.0, 0.0, 0.0, 0.0, 0.0, 0.0, 0.0, 0.0, 0.0, 0.0, 0.0, 0.0, 0.0, 0.0, 0.0, 0.0, 0.0, 0.0, 0.0, 0.0, 0.0, 0.0, 0.0, 0.0, 0.0, 0.0, 0.0, 0.0, 0.0, 0.0, 0.0, 0.0, 0.0, 0.0, 0.0, 0.0, 0.0, 0.0, 0.0, 0.0, 0.0, 0.0, 0.0, 0.0, 0.0, 0.0, 0.0, 0.0, 0.0, 0.0, 0.0, 0.0, 0.0, 0.0, 0.0, 0.0, 0.0, 0.0, 0.0, 0.0, 0.0, 0.0, 0.0, 0.0, 0.0, 0.0, 0.0, 0.0, 0.0, 0.0, 0.0, 0.0, 0.0, 0.0, 0.0, 0.0, 0.0, 0.0, 0.0, 0.0, 0.0, 0.0, 0.0, 0.0, 0.0, 0.0, 0.0, 0.0, 0.0, 0.0, 0.0, 0.0, 0.0, 0.0, 0.0, 0.0, 0.0, 0.0, 0.0, 0.0, 0.0, 0.0, 0.0, 0.0, 0.0, 0.0, 0.0, 0.0, 0.0, 0.0, 0.0, 0.0, 0.0, 0.0, 0.0, 0.0, 0.0, 0.0, 0.0, 0.0, 0.0, 0.0, 0.0, 0.0, 0.0, 0.0, 0.0, 0.0, 0.0, 0.0, 0.0, 0.0, 0.0, 0.0, 0.0, 0.0, 0.0, 0.0, 0.0, 0.0, 0.0, 0.0, 0.0, 0.0]",COMPLETE
113,113,0.9207790702167948,2024-08-31 05:20:42.227043,2024-08-31 05:21:43.404536,0 days 00:01:01.177493,16,0.6988847117655613,4,110,0.038278250648665406,98,0.001322241609228246,0.928,0.9275,15,"[33, 33, 33, 33, 33, 33, 33, 33, 33, 33, 33, 33, 33, 33, 33, 33, 33, 33, 33, 33, 33, 33, 33, 33, 33, 33, 33, 33, 33, 33, 33, 33, 32, 30, 22, 21, 21, 20, 19, 18, 18, 18, 17, 17, 17, 16, 16, 16, 16, 16, 16, 16, 16, 16, 16, 16, 15, 15, 15, 15, 15, 15, 15, 15, 15, 15, 15, 15, 15, 15, 15, 15, 15, 15, 15, 15, 15, 15, 15, 15, 15, 15, 15, 15, 15, 15, 15, 15, 15, 15, 15, 15, 15, 15, 15, 15, 15, 15, 15, 15, 15, 15, 15, 15, 15, 15, 15, 15, 15, 15]",14.98639455782313,"[32.95782312925171, 32.94761904761905, 32.953061224489794, 32.94761904761905, 32.948299319727894, 32.94897959183673, 32.936734693877554, 32.936734693877554, 32.94285714285714, 32.957142857142856, 32.95238095238095, 32.95578231292517, 32.95034013605442, 32.94489795918367, 32.95510204081632, 32.95034013605442, 32.94761904761905, 32.946938775510205, 32.953061224489794, 32.95034013605442, 32.94489795918367, 32.95102040816327, 32.94421768707483, 32.95238095238095, 32.9421768707483, 32.95034013605442, 32.94353741496599, 32.946938775510205, 32.95170068027211, 32.94761904761905, 32.94761904761905, 32.94625850340136, 31.949659863945577, 29.954421768707483, 21.963265306122448, 20.970748299319727, 20.966666666666665, 19.963945578231293, 18.970068027210885, 17.97687074829932, 17.976870748299323, 17.973469387755102, 16.972108843537413, 16.973469387755102, 16.972108843537416, 15.972789115646258, 15.982312925170067, 15.974149659863945, 15.97482993197279, 15.976190476190474, 15.974149659863945, 15.969387755102042, 15.975510204081631, 15.97482993197279, 15.975510204081633, 15.976870748299321, 14.976190476190476, 14.97891156462585, 14.974829931972788, 14.977551020408164, 14.970748299319729, 14.976190476190476, 14.970748299319729, 14.972108843537415, 14.968027210884353, 14.965986394557824, 14.970748299319729, 14.970068027210884, 14.975510204081631, 14.974149659863945, 14.97687074829932, 14.972108843537415, 14.973469387755102, 14.97687074829932, 14.976190476190476, 14.974829931972788, 14.978231292517005, 14.97278911564626, 14.972108843537415, 14.979591836734693, 14.976190476190476, 14.977551020408164, 14.977551020408164, 14.980952380952383, 14.976870748299321, 14.970748299319727, 14.971428571428572, 14.967346938775512, 14.972108843537415, 14.972108843537415, 14.978231292517007, 14.97891156462585, 14.97891156462585, 14.978231292517005, 14.978231292517007, 14.978911564625848, 14.981632653061224, 14.979591836734695, 14.980952380952381, 14.97687074829932, 14.981632653061224, 14.982312925170069, 14.980272108843538, 14.979591836734695, 14.977551020408162, 14.979591836734695, 14.980952380952381, 14.982312925170069, 14.985714285714284, 14.98639455782313]",0.9018651078691204,0.9207790702167948,15,"[33, 33, 33, 33, 33, 33, 33, 33, 33, 33, 33, 33, 33, 33, 33, 33, 33, 33, 33, 33, 33, 33, 33, 33, 33, 33, 33, 33, 33, 33, 33, 33, 32, 30, 22, 21, 21, 20, 19, 18, 18, 18, 17, 17, 17, 16, 16, 16, 16, 16, 16, 16, 16, 16, 16, 16, 15, 15, 15, 15, 15, 15, 15, 15, 15, 15, 15, 15, 15, 15, 15, 15, 15, 15, 15, 15, 15, 15, 15, 15, 15, 15, 15, 15, 15, 15, 15, 15, 15, 15, 15, 15, 15, 15, 15, 15, 15, 15, 15, 15, 15, 15, 15, 15, 15, 15, 15, 15, 15, 15]",110,"[0.3872756063938141, 0.3785463273525238, 0.3720594346523285, 0.3679422438144684, 0.3640690743923187, 0.3680754005908966, 0.35808154940605164, 0.3602936565876007, 0.355854868888855, 0.3483627438545227, 0.3558368384838104, 0.34379908442497253, 0.3447566628456116, 0.3403274118900299, 0.33792614936828613, 0.3345748484134674, 0.36359405517578125, 0.33441105484962463, 0.3294863998889923, 0.32620933651924133, 0.32266438007354736, 0.3233071267604828, 0.3171772360801697, 0.3152799904346466, 0.3120042681694031, 0.3100596070289612, 0.30566492676734924, 0.3029082417488098, 0.3029569983482361, 0.30265796184539795, 0.29220256209373474, 0.28952091932296753, 0.2859029471874237, 0.2842038869857788, 0.27879151701927185, 0.27238938212394714, 0.27514350414276123, 0.272798091173172, 0.2734279930591583, 0.26585590839385986, 0.2621980607509613, 0.2602568566799164, 0.2589970529079437, 0.2593843340873718, 0.25450921058654785, 0.2533876299858093, 0.2582099139690399, 0.2520850598812103, 0.2614690661430359, 0.25028377771377563, 0.24719686806201935, 0.2456188052892685, 0.2528321146965027, 0.24575425684452057, 0.2433185577392578, 0.24986818432807922, 0.2435481995344162, 0.24130679666996002, 0.24205365777015686, 0.2420566976070404, 0.238103985786438, 0.2383200228214264, 0.23853343725204468, 0.23537766933441162, 0.23601070046424866, 0.23245100677013397, 0.23494952917099, 0.2323361188173294, 0.23177199065685272, 0.23087561130523682, 0.2294347733259201, 0.2273440808057785, 0.2276243418455124, 0.22769871354103088, 0.22758062183856964, 0.22551074624061584, 0.2254091501235962, 0.22791630029678345, 0.22347483038902283, 0.22225898504257202, 0.22315558791160583, 0.2212064415216446, 0.22415193915367126, 0.22034752368927002, 0.2199888825416565, 0.21958009898662567, 0.2201264351606369, 0.21794714033603668, 0.21740368008613586, 0.2178579568862915, 0.2155408412218094, 0.22175361216068268, 0.21768279373645782, 0.21483875811100006, 0.2171209156513214, 0.21473605930805206, 0.21232280135154724, 0.2117823362350464, 0.2127138078212738, 0.21178285777568817, 0.21191051602363586, 0.210358664393425, 0.21320569515228271, 0.21207080781459808, 0.21036182343959808, 0.21241949498653412, 0.21081583201885223, 0.20766215026378632, 0.2080051302909851, 0.20944812893867493]",15.0,"[33.0, 33.0, 33.0, 33.0, 33.0, 33.0, 33.0, 33.0, 33.0, 33.0, 33.0, 33.0, 33.0, 33.0, 33.0, 33.0, 33.0, 33.0, 33.0, 33.0, 33.0, 33.0, 33.0, 33.0, 33.0, 33.0, 33.0, 33.0, 33.0, 33.0, 33.0, 33.0, 32.0, 30.0, 22.0, 21.0, 21.0, 20.0, 19.0, 18.0, 18.0, 18.0, 17.0, 17.0, 17.0, 16.0, 16.0, 16.0, 16.0, 16.0, 16.0, 16.0, 16.0, 16.0, 16.0, 16.0, 15.0, 15.0, 15.0, 15.0, 15.0, 15.0, 15.0, 15.0, 15.0, 15.0, 15.0, 15.0, 15.0, 15.0, 15.0, 15.0, 15.0, 15.0, 15.0, 15.0, 15.0, 15.0, 15.0, 15.0, 15.0, 15.0, 15.0, 15.0, 15.0, 15.0, 15.0, 15.0, 15.0, 15.0, 15.0, 15.0, 15.0, 15.0, 15.0, 15.0, 15.0, 15.0, 15.0, 15.0, 15.0, 15.0, 15.0, 15.0, 15.0, 15.0, 15.0, 15.0, 15.0, 15.0]",COMPLETE
