,number,value,datetime_start,datetime_complete,duration,params_batch_size_scaler,params_constant_learning_rate,params_depth,params_epochs,params_kernel_l2,params_num_trees,params_temperature,user_attrs_accuracy_test,user_attrs_accuracy_valid,user_attrs_approximate_feature_sparsity,user_attrs_approximate_feature_sparsity_history,user_attrs_approximate_weight_sparsity,user_attrs_approximate_weight_sparsity_history,user_attrs_auc_test,user_attrs_auc_valid,user_attrs_feature_sparsity,user_attrs_feature_sparsity_history,user_attrs_num_epochs,user_attrs_val_loss_history,user_attrs_weight_sparsity,user_attrs_weight_sparsity_history,state
91,91,0.9310327060066212,2024-08-31 04:16:53.153473,2024-08-31 04:17:49.949924,0 days 00:00:56.796451,4,0.09591976600409886,2,335,0.0072282900534544935,18,0.0008924622207814884,0.946,0.94875,32,"[33, 33, 33, 33, 33, 33, 33, 33, 33, 33, 33, 33, 33, 33, 33, 33, 33, 33, 33, 33, 33, 33, 33, 33, 33, 33, 33, 33, 33, 33, 33, 33, 33, 33, 33, 33, 33, 33, 33, 33, 33, 33, 33, 33, 33, 33, 33, 33, 33, 33, 33, 33, 33, 33, 33, 33, 33, 33, 33, 33, 33, 33, 33, 33, 33, 33, 33, 33, 33, 33, 33, 33, 33, 33, 33, 33, 33, 33, 33, 33, 33, 33, 33, 33, 33, 33, 33, 33, 33, 33, 33, 33, 33, 33, 33, 33, 33, 33, 33, 33, 33, 33, 33, 33, 33, 33, 33, 33, 33, 33, 33, 33, 33, 33, 33, 33, 33, 33, 33, 33, 33, 33, 33, 33, 33, 33, 33, 33, 33, 33, 33, 33, 33, 33, 33, 33, 33, 33, 33, 33, 33, 33, 33, 33, 33, 33, 33, 33, 33, 33, 33, 33, 33, 33, 33, 33, 33, 33, 33, 33, 33, 33, 33, 33, 33, 33, 33, 33, 33, 33, 33, 33, 33, 33, 33, 33, 33, 33, 33, 33, 33, 33, 33, 33, 33, 33, 33, 33, 33, 33, 33, 33, 33, 33, 33, 33, 33, 33, 33, 33, 33, 33, 33, 33, 33, 33, 33, 33, 33, 33, 33, 33, 33, 33, 33, 33, 33, 33, 33, 33, 33, 33, 33, 33, 33, 33, 33, 33, 33, 33, 33, 33, 33, 33, 33, 33, 33, 33, 33, 33, 33, 33, 33, 33, 33, 33, 33, 33, 33, 33, 33, 33, 33, 33, 33, 33, 33, 33, 33, 33, 33, 33, 33, 33, 33, 33, 33, 33, 33, 33, 33, 33, 33, 33, 33, 33, 33, 33, 33, 33, 33, 33, 33, 33, 32, 32, 32, 32, 32, 32, 32, 32, 32, 32, 32, 32, 32, 32, 32, 32, 32, 32, 32, 32, 32, 32, 32, 32, 32, 32, 32, 32, 32, 32, 32, 32, 32, 32, 32, 32, 32, 32, 32, 32, 32, 32, 32, 32, 32, 32, 32, 32, 32, 32, 32]",32.0,"[33.0, 33.0, 32.98148148148148, 33.0, 33.0, 33.0, 33.0, 32.98148148148148, 32.98148148148148, 33.0, 33.0, 33.0, 33.0, 33.0, 33.0, 33.0, 32.98148148148148, 32.98148148148148, 32.98148148148148, 32.98148148148148, 32.98148148148148, 32.98148148148148, 33.0, 33.0, 33.0, 33.0, 32.98148148148148, 33.0, 33.0, 32.94444444444444, 32.98148148148148, 33.0, 32.98148148148148, 33.0, 32.98148148148148, 32.98148148148148, 33.0, 32.98148148148148, 33.0, 33.0, 33.0, 32.98148148148148, 33.0, 33.0, 32.98148148148148, 33.0, 32.98148148148148, 33.0, 32.96296296296296, 32.96296296296296, 33.0, 32.98148148148148, 32.98148148148148, 32.98148148148148, 32.96296296296296, 33.0, 32.925925925925924, 32.96296296296296, 33.0, 33.0, 32.98148148148148, 33.0, 33.0, 32.98148148148148, 32.98148148148148, 33.0, 33.0, 33.0, 33.0, 33.0, 33.0, 32.98148148148148, 33.0, 33.0, 32.98148148148148, 33.0, 32.96296296296296, 33.0, 32.98148148148148, 33.0, 32.96296296296296, 33.0, 33.0, 32.96296296296296, 32.94444444444444, 32.98148148148148, 33.0, 32.98148148148148, 33.0, 33.0, 32.98148148148148, 32.96296296296296, 33.0, 33.0, 32.98148148148148, 32.98148148148148, 32.98148148148148, 33.0, 32.96296296296296, 32.96296296296296, 32.98148148148148, 32.98148148148148, 32.96296296296296, 32.96296296296296, 32.96296296296296, 32.98148148148148, 33.0, 33.0, 33.0, 32.98148148148148, 33.0, 33.0, 32.98148148148148, 33.0, 32.94444444444444, 32.98148148148148, 33.0, 33.0, 33.0, 32.98148148148148, 33.0, 33.0, 33.0, 33.0, 33.0, 32.98148148148148, 33.0, 33.0, 33.0, 33.0, 32.98148148148148, 32.96296296296296, 32.98148148148148, 32.98148148148148, 33.0, 33.0, 32.98148148148148, 32.94444444444444, 32.96296296296296, 33.0, 33.0, 33.0, 33.0, 32.98148148148148, 32.96296296296296, 33.0, 32.96296296296296, 32.98148148148148, 33.0, 32.98148148148148, 32.96296296296296, 33.0, 32.98148148148148, 33.0, 32.98148148148148, 33.0, 32.98148148148148, 32.96296296296296, 32.96296296296296, 32.96296296296296, 32.94444444444444, 32.94444444444444, 32.98148148148148, 32.98148148148148, 32.94444444444444, 33.0, 33.0, 33.0, 33.0, 33.0, 33.0, 33.0, 33.0, 33.0, 33.0, 32.98148148148148, 32.98148148148148, 32.98148148148148, 33.0, 32.98148148148148, 32.96296296296296, 33.0, 33.0, 33.0, 33.0, 33.0, 33.0, 32.98148148148148, 32.98148148148148, 33.0, 33.0, 33.0, 32.98148148148148, 32.98148148148148, 33.0, 33.0, 32.96296296296296, 32.98148148148148, 33.0, 32.98148148148148, 32.96296296296296, 32.98148148148148, 33.0, 32.98148148148148, 33.0, 33.0, 32.98148148148148, 32.98148148148148, 32.98148148148148, 33.0, 32.98148148148148, 33.0, 33.0, 32.94444444444444, 32.96296296296296, 32.98148148148148, 32.96296296296296, 33.0, 33.0, 33.0, 33.0, 32.98148148148148, 32.96296296296296, 32.94444444444444, 32.98148148148148, 32.98148148148148, 32.98148148148148, 32.96296296296296, 32.96296296296296, 33.0, 32.98148148148148, 33.0, 33.0, 32.96296296296296, 32.98148148148148, 32.96296296296296, 32.94444444444444, 32.96296296296296, 33.0, 33.0, 33.0, 33.0, 33.0, 33.0, 32.98148148148148, 32.98148148148148, 32.98148148148148, 32.98148148148148, 32.96296296296296, 32.94444444444444, 33.0, 32.98148148148148, 33.0, 32.96296296296296, 32.98148148148148, 32.98148148148148, 32.96296296296296, 32.98148148148148, 33.0, 32.96296296296296, 32.98148148148148, 33.0, 32.98148148148148, 32.925925925925924, 32.96296296296296, 33.0, 32.96296296296296, 32.98148148148148, 32.98148148148148, 32.98148148148148, 32.96296296296296, 32.94444444444444, 32.96296296296296, 32.98148148148148, 32.96296296296296, 32.96296296296296, 32.96296296296296, 32.96296296296296, 32.98148148148148, 33.0, 32.96296296296296, 32.98148148148148, 32.94444444444444, 32.925925925925924, 31.98148148148148, 31.944444444444443, 31.98148148148148, 31.962962962962962, 31.944444444444443, 31.98148148148148, 31.962962962962962, 31.962962962962962, 31.962962962962962, 31.925925925925924, 31.962962962962962, 31.944444444444443, 31.962962962962962, 31.98148148148148, 31.98148148148148, 31.98148148148148, 32.0, 32.0, 32.0, 32.0, 31.98148148148148, 31.98148148148148, 31.98148148148148, 32.0, 31.98148148148148, 32.0, 32.0, 32.0, 31.944444444444443, 31.98148148148148, 31.962962962962962, 31.98148148148148, 31.98148148148148, 31.962962962962962, 31.98148148148148, 32.0, 31.98148148148148, 32.0, 31.962962962962962, 31.98148148148148, 31.98148148148148, 31.98148148148148, 32.0, 32.0, 31.98148148148148, 32.0, 32.0, 32.0, 31.98148148148148, 32.0, 32.0]",0.9221757114903525,0.9310327060066212,32,"[33, 33, 33, 33, 33, 33, 33, 33, 33, 33, 33, 33, 33, 33, 33, 33, 33, 33, 33, 33, 33, 33, 33, 33, 33, 33, 33, 33, 33, 33, 33, 33, 33, 33, 33, 33, 33, 33, 33, 33, 33, 33, 33, 33, 33, 33, 33, 33, 33, 33, 33, 33, 33, 33, 33, 33, 33, 33, 33, 33, 33, 33, 33, 33, 33, 33, 33, 33, 33, 33, 33, 33, 33, 33, 33, 33, 33, 33, 33, 33, 33, 33, 33, 33, 33, 33, 33, 33, 33, 33, 33, 33, 33, 33, 33, 33, 33, 33, 33, 33, 33, 33, 33, 33, 33, 33, 33, 33, 33, 33, 33, 33, 33, 33, 33, 33, 33, 33, 33, 33, 33, 33, 33, 33, 33, 33, 33, 33, 33, 33, 33, 33, 33, 33, 33, 33, 33, 33, 33, 33, 33, 33, 33, 33, 33, 33, 33, 33, 33, 33, 33, 33, 33, 33, 33, 33, 33, 33, 33, 33, 33, 33, 33, 33, 33, 33, 33, 33, 33, 33, 33, 33, 33, 33, 33, 33, 33, 33, 33, 33, 33, 33, 33, 33, 33, 33, 33, 33, 33, 33, 33, 33, 33, 33, 33, 33, 33, 33, 33, 33, 33, 33, 33, 33, 33, 33, 33, 33, 33, 33, 33, 33, 33, 33, 33, 33, 33, 33, 33, 33, 33, 33, 33, 33, 33, 33, 33, 33, 33, 33, 33, 33, 33, 33, 33, 33, 33, 33, 33, 33, 33, 33, 33, 33, 33, 33, 33, 33, 33, 33, 33, 33, 33, 33, 33, 33, 33, 33, 33, 33, 33, 33, 33, 33, 33, 33, 33, 33, 33, 33, 33, 33, 33, 33, 33, 33, 33, 33, 33, 33, 33, 33, 33, 33, 32, 32, 32, 32, 32, 32, 32, 32, 32, 32, 32, 32, 32, 32, 32, 32, 32, 32, 32, 32, 32, 32, 32, 32, 32, 32, 32, 32, 32, 32, 32, 32, 32, 32, 32, 32, 32, 32, 32, 32, 32, 32, 32, 32, 32, 32, 32, 32, 32, 32, 32]",335,"[0.3925868272781372, 0.38048774003982544, 0.3727654218673706, 0.36736369132995605, 0.36231282353401184, 0.3574408292770386, 0.3535754680633545, 0.3486781716346741, 0.34373682737350464, 0.3401097357273102, 0.33463332056999207, 0.3309991955757141, 0.32661381363868713, 0.32248151302337646, 0.31758826971054077, 0.31228169798851013, 0.3085148334503174, 0.3036116659641266, 0.29840609431266785, 0.29314303398132324, 0.2900165319442749, 0.2840416729450226, 0.27980801463127136, 0.27668648958206177, 0.27222099900245667, 0.26944994926452637, 0.26752275228500366, 0.26285576820373535, 0.2593086361885071, 0.25710374116897583, 0.25584736466407776, 0.2521463632583618, 0.2497902810573578, 0.2479163110256195, 0.24513666331768036, 0.24383050203323364, 0.24273669719696045, 0.2402099221944809, 0.23880666494369507, 0.2391776144504547, 0.23654568195343018, 0.23469848930835724, 0.23217040300369263, 0.23278331756591797, 0.23020309209823608, 0.2283141165971756, 0.2275366336107254, 0.2272080034017563, 0.22573408484458923, 0.2257816344499588, 0.2259637415409088, 0.22299574315547943, 0.2213258296251297, 0.22166980803012848, 0.2198270559310913, 0.21916554868221283, 0.2187100648880005, 0.2196875363588333, 0.21699678897857666, 0.21721133589744568, 0.2159062772989273, 0.2147289216518402, 0.21505945920944214, 0.21450862288475037, 0.21329879760742188, 0.21236979961395264, 0.21179643273353577, 0.21104730665683746, 0.21168005466461182, 0.20968462526798248, 0.20923496782779694, 0.21033479273319244, 0.20733314752578735, 0.20915623009204865, 0.20716769993305206, 0.20655064284801483, 0.2068958729505539, 0.2101544886827469, 0.2059330940246582, 0.2044924795627594, 0.20424482226371765, 0.2049572616815567, 0.20557360351085663, 0.2048177719116211, 0.20571129024028778, 0.20407846570014954, 0.2049863189458847, 0.20136487483978271, 0.20422250032424927, 0.20006456971168518, 0.1996326595544815, 0.20037801563739777, 0.20290277898311615, 0.20008517801761627, 0.20005159080028534, 0.20093849301338196, 0.20017005503177643, 0.19930599629878998, 0.1985563486814499, 0.20053032040596008, 0.19824914634227753, 0.19878894090652466, 0.19849927723407745, 0.19788803160190582, 0.1980661004781723, 0.19616861641407013, 0.20032788813114166, 0.1974598467350006, 0.19825825095176697, 0.19528566300868988, 0.1966973841190338, 0.19706279039382935, 0.19571609795093536, 0.19568176567554474, 0.19562318921089172, 0.19479043781757355, 0.19530370831489563, 0.19674621522426605, 0.1961967498064041, 0.19390425086021423, 0.19349607825279236, 0.19390404224395752, 0.19473858177661896, 0.1921682357788086, 0.1909666508436203, 0.1954202502965927, 0.19303031265735626, 0.19509154558181763, 0.1929737627506256, 0.19267408549785614, 0.19194459915161133, 0.19059455394744873, 0.1925443708896637, 0.19129914045333862, 0.19145722687244415, 0.19237132370471954, 0.19218437373638153, 0.19200952351093292, 0.19209495186805725, 0.19282983243465424, 0.19092370569705963, 0.19386374950408936, 0.19093024730682373, 0.19184744358062744, 0.19176441431045532, 0.19112826883792877, 0.19055868685245514, 0.18974849581718445, 0.1911795288324356, 0.18984057009220123, 0.18859204649925232, 0.19051101803779602, 0.18940991163253784, 0.18868786096572876, 0.1905280500650406, 0.18956977128982544, 0.1901863068342209, 0.18852132558822632, 0.1895572692155838, 0.18904434144496918, 0.18923741579055786, 0.19054067134857178, 0.18919289112091064, 0.19187414646148682, 0.1914421021938324, 0.19062060117721558, 0.19001640379428864, 0.18803682923316956, 0.18942834436893463, 0.19019031524658203, 0.18848329782485962, 0.1876155287027359, 0.1866273283958435, 0.18697790801525116, 0.18816600739955902, 0.18724538385868073, 0.18722552061080933, 0.1870274394750595, 0.18703807890415192, 0.18714284896850586, 0.18847908079624176, 0.18876394629478455, 0.18751269578933716, 0.18722793459892273, 0.18863141536712646, 0.19140353798866272, 0.18815751373767853, 0.18675565719604492, 0.1873522251844406, 0.18603551387786865, 0.18721777200698853, 0.18938350677490234, 0.1875811517238617, 0.18676166236400604, 0.1869562566280365, 0.18741361796855927, 0.18635104596614838, 0.18625496327877045, 0.1865883469581604, 0.18594910204410553, 0.1851312220096588, 0.18458881974220276, 0.18895667791366577, 0.18490983545780182, 0.18613018095493317, 0.1871069371700287, 0.18660297989845276, 0.18467175960540771, 0.18888410925865173, 0.18519386649131775, 0.18700309097766876, 0.1877623349428177, 0.18652066588401794, 0.18846313655376434, 0.18755431473255157, 0.1872009038925171, 0.1880868673324585, 0.18713240325450897, 0.18726663291454315, 0.18716686964035034, 0.18625006079673767, 0.18881534039974213, 0.1875571608543396, 0.18697597086429596, 0.1878240555524826, 0.18720850348472595, 0.1883438229560852, 0.18832743167877197, 0.1868860274553299, 0.18676552176475525, 0.18966007232666016, 0.1899309754371643, 0.18977099657058716, 0.1885865330696106, 0.18777790665626526, 0.18739968538284302, 0.18633762001991272, 0.18790967762470245, 0.18782274425029755, 0.190505251288414, 0.19042211771011353, 0.18734116852283478, 0.18910226225852966, 0.18861205875873566, 0.18932919204235077, 0.1884002834558487, 0.18777154386043549, 0.18718786537647247, 0.18951070308685303, 0.18789421021938324, 0.1909143626689911, 0.19157738983631134, 0.18975389003753662, 0.18935443460941315, 0.1889737844467163, 0.19054386019706726, 0.19018062949180603, 0.1876106858253479, 0.19105401635169983, 0.19038861989974976, 0.1882290095090866, 0.18859030306339264, 0.1901387721300125, 0.19168934226036072, 0.19301675260066986, 0.1929348111152649, 0.19217737019062042, 0.18923074007034302, 0.1903223842382431, 0.19176870584487915, 0.1930915266275406, 0.1917831003665924, 0.19094839692115784, 0.1927085518836975, 0.18951724469661713, 0.1905125230550766, 0.19001345336437225, 0.1919480562210083, 0.19128593802452087, 0.1920027881860733, 0.19262205064296722, 0.19044652581214905, 0.19074125587940216, 0.1912832111120224, 0.19160790741443634, 0.19265787303447723, 0.19210004806518555, 0.19156679511070251, 0.19392842054367065, 0.1929849237203598, 0.19237545132637024, 0.1919133961200714, 0.19254471361637115, 0.19137327373027802, 0.192127525806427, 0.19154182076454163, 0.19313238561153412, 0.19144541025161743, 0.19236625730991364, 0.19501760601997375, 0.19380304217338562, 0.19351522624492645, 0.1923140287399292, 0.19170311093330383, 0.19244207441806793, 0.19544172286987305, 0.19370979070663452, 0.1940574198961258, 0.19405269622802734, 0.19481156766414642, 0.19591480493545532, 0.19548667967319489, 0.19512584805488586, 0.195154070854187, 0.19349825382232666, 0.1936991810798645, 0.194961279630661, 0.19663815200328827, 0.1947704553604126, 0.19417478144168854, 0.19354236125946045, 0.1942097693681717, 0.19701220095157623, 0.19476664066314697, 0.1968526840209961, 0.19611023366451263, 0.194729745388031, 0.1992412954568863, 0.19521550834178925, 0.19651441276073456, 0.19612930715084076, 0.1981182098388672, 0.19586002826690674, 0.19470860064029694, 0.19626250863075256]",32.0,"[33.0, 33.0, 33.0, 33.0, 33.0, 33.0, 33.0, 33.0, 33.0, 33.0, 33.0, 33.0, 33.0, 33.0, 33.0, 33.0, 33.0, 33.0, 33.0, 33.0, 33.0, 33.0, 33.0, 33.0, 33.0, 33.0, 33.0, 33.0, 33.0, 33.0, 33.0, 33.0, 33.0, 33.0, 33.0, 33.0, 33.0, 33.0, 33.0, 33.0, 33.0, 33.0, 33.0, 33.0, 33.0, 33.0, 33.0, 33.0, 33.0, 33.0, 33.0, 33.0, 33.0, 33.0, 33.0, 33.0, 33.0, 33.0, 33.0, 33.0, 33.0, 33.0, 33.0, 33.0, 33.0, 33.0, 33.0, 33.0, 33.0, 33.0, 33.0, 33.0, 33.0, 33.0, 33.0, 33.0, 33.0, 33.0, 33.0, 33.0, 33.0, 33.0, 33.0, 33.0, 33.0, 33.0, 33.0, 33.0, 33.0, 33.0, 33.0, 33.0, 33.0, 33.0, 33.0, 33.0, 33.0, 33.0, 33.0, 33.0, 33.0, 33.0, 33.0, 33.0, 33.0, 33.0, 33.0, 33.0, 33.0, 33.0, 33.0, 33.0, 33.0, 33.0, 33.0, 33.0, 33.0, 33.0, 33.0, 33.0, 33.0, 33.0, 33.0, 33.0, 33.0, 33.0, 33.0, 33.0, 33.0, 33.0, 33.0, 33.0, 33.0, 33.0, 33.0, 33.0, 33.0, 33.0, 33.0, 33.0, 33.0, 33.0, 33.0, 33.0, 33.0, 33.0, 33.0, 33.0, 33.0, 33.0, 33.0, 33.0, 33.0, 33.0, 33.0, 33.0, 33.0, 33.0, 33.0, 33.0, 33.0, 33.0, 33.0, 33.0, 33.0, 33.0, 33.0, 33.0, 33.0, 33.0, 33.0, 33.0, 33.0, 33.0, 33.0, 33.0, 33.0, 33.0, 33.0, 33.0, 33.0, 33.0, 33.0, 33.0, 33.0, 33.0, 33.0, 33.0, 33.0, 33.0, 33.0, 33.0, 33.0, 33.0, 33.0, 33.0, 33.0, 33.0, 33.0, 33.0, 33.0, 33.0, 33.0, 33.0, 33.0, 33.0, 33.0, 33.0, 33.0, 33.0, 33.0, 33.0, 33.0, 33.0, 33.0, 33.0, 33.0, 33.0, 33.0, 33.0, 33.0, 33.0, 33.0, 33.0, 33.0, 33.0, 33.0, 33.0, 33.0, 33.0, 33.0, 33.0, 33.0, 33.0, 33.0, 33.0, 33.0, 33.0, 33.0, 33.0, 33.0, 33.0, 33.0, 33.0, 33.0, 33.0, 33.0, 33.0, 33.0, 33.0, 33.0, 33.0, 33.0, 33.0, 33.0, 33.0, 33.0, 33.0, 33.0, 33.0, 33.0, 33.0, 33.0, 33.0, 33.0, 33.0, 33.0, 33.0, 33.0, 33.0, 33.0, 33.0, 33.0, 33.0, 33.0, 33.0, 33.0, 33.0, 33.0, 33.0, 33.0, 33.0, 33.0, 33.0, 32.0, 32.0, 32.0, 32.0, 32.0, 32.0, 32.0, 32.0, 32.0, 32.0, 32.0, 32.0, 32.0, 32.0, 32.0, 32.0, 32.0, 32.0, 32.0, 32.0, 32.0, 32.0, 32.0, 32.0, 32.0, 32.0, 32.0, 32.0, 32.0, 32.0, 32.0, 32.0, 32.0, 32.0, 32.0, 32.0, 32.0, 32.0, 32.0, 32.0, 32.0, 32.0, 32.0, 32.0, 32.0, 32.0, 32.0, 32.0, 32.0, 32.0, 32.0]",COMPLETE
92,92,0.5650899769422009,2024-08-31 04:17:53.017719,2024-08-31 04:18:24.493644,0 days 00:00:31.475925,16,3.0363190850820736,5,30,0.09207064077297132,83,0.0021861622843750254,0.84,0.85625,1,"[33, 33, 33, 23, 6, 5, 3, 3, 3, 3, 3, 1, 1, 1, 1, 1, 1, 1, 1, 1, 1, 1, 1, 1, 1, 1, 1, 1, 1, 1]",0.998056743101438,"[32.929265448892345, 32.9277108433735, 32.935483870967744, 22.952584531675086, 5.9875631558492035, 4.991061018266615, 2.9937815779246018, 2.9937815779246018, 2.9972794403420133, 2.9953361834434515, 2.996890788962301, 0.9984453944811504, 0.9984453944811504, 0.998056743101438, 0.9992226972405752, 0.9984453944811504, 0.9988340458608628, 0.9996113486202876, 0.9992226972405752, 0.9996113486202876, 0.998056743101438, 0.9972794403420132, 0.9988340458608628, 0.9984453944811504, 0.9988340458608628, 0.9984453944811504, 0.9984453944811504, 0.9992226972405752, 0.9988340458608628, 0.998056743101438]",0.5511851980283853,0.5650899769422009,1,"[33, 33, 33, 23, 6, 5, 3, 3, 3, 3, 3, 1, 1, 1, 1, 1, 1, 1, 1, 1, 1, 1, 1, 1, 1, 1, 1, 1, 1, 1]",30,"[0.37327492237091064, 0.45554476976394653, 0.35526084899902344, 0.3561552166938782, 0.44654399156570435, 0.39456871151924133, 0.37874138355255127, 0.3922814428806305, 0.37216949462890625, 0.3816010653972626, 0.3712642788887024, 0.39721211791038513, 0.3978710174560547, 0.4075155556201935, 0.39460209012031555, 0.40967005491256714, 0.4625410735607147, 0.4628206491470337, 0.3973236083984375, 0.3962371349334717, 0.39699995517730713, 0.48584121465682983, 0.4267945885658264, 0.39590272307395935, 0.4274233877658844, 0.39289912581443787, 0.4073716104030609, 0.39221787452697754, 0.3933090567588806, 0.4124358296394348]",1.0,"[33.0, 33.0, 33.0, 23.0, 6.0, 5.0, 3.0, 3.0, 3.0, 3.0, 3.0, 1.0, 1.0, 1.0, 1.0, 1.0, 1.0, 1.0, 1.0, 1.0, 1.0, 1.0, 1.0, 1.0, 1.0, 1.0, 1.0, 1.0, 1.0, 1.0]",COMPLETE
