,number,value,datetime_start,datetime_complete,duration,params_batch_size_scaler,params_constant_learning_rate,params_depth,params_epochs,params_kernel_l2,params_num_trees,params_temperature,user_attrs_accuracy_test,user_attrs_accuracy_valid,user_attrs_approximate_feature_sparsity,user_attrs_approximate_feature_sparsity_history,user_attrs_approximate_weight_sparsity,user_attrs_approximate_weight_sparsity_history,user_attrs_auc_test,user_attrs_auc_valid,user_attrs_feature_sparsity,user_attrs_feature_sparsity_history,user_attrs_num_epochs,user_attrs_val_loss_history,user_attrs_weight_sparsity,user_attrs_weight_sparsity_history,state
140,140,0.9297059164509023,2024-08-31 06:17:43.387484,2024-08-31 06:19:08.333672,0 days 00:01:24.946188,1,0.38027271011683367,2,110,0.0034050479037951147,42,0.0022596842645509203,0.94,0.93,17,"[33, 32, 18, 17, 17, 17, 17, 17, 17, 17, 17, 17, 17, 17, 17, 17, 17, 17, 17, 17, 17, 17, 17, 17, 17, 17, 17, 17, 17, 17, 17, 17, 17, 17, 17, 17, 17, 17, 17, 17, 17, 17, 17, 17, 17, 17, 17, 17, 17, 17, 17, 17, 17, 17, 17, 17, 17, 17, 17, 17, 17, 17, 17, 17, 17, 17, 17, 17, 17, 17, 17, 17, 17, 17, 17, 17, 17, 17, 17, 17, 17, 17, 17, 17, 17, 17, 17, 17, 17, 17, 17, 17, 17, 17, 17, 17, 17, 17, 17, 17, 17, 17, 17, 17, 17, 17, 17, 17, 17, 17]",17.0,"[32.98412698412699, 31.992063492063494, 18.0, 17.0, 17.0, 17.0, 17.0, 17.0, 17.0, 17.0, 17.0, 17.0, 17.0, 17.0, 17.0, 17.0, 16.992063492063494, 16.992063492063494, 16.992063492063494, 16.984126984126984, 17.0, 16.976190476190474, 16.992063492063494, 16.992063492063494, 17.0, 17.0, 17.0, 16.992063492063494, 16.984126984126984, 16.992063492063494, 16.992063492063494, 16.992063492063494, 17.0, 16.984126984126984, 16.992063492063494, 17.0, 16.976190476190474, 16.984126984126984, 16.992063492063494, 17.0, 16.984126984126984, 17.0, 16.992063492063494, 17.0, 16.992063492063494, 17.0, 16.992063492063494, 17.0, 16.976190476190474, 16.992063492063494, 17.0, 16.984126984126984, 17.0, 16.992063492063494, 16.96825396825397, 17.0, 17.0, 16.992063492063494, 16.984126984126984, 17.0, 16.984126984126984, 16.984126984126984, 16.992063492063494, 16.984126984126984, 16.992063492063494, 16.984126984126984, 16.992063492063494, 17.0, 16.992063492063494, 16.976190476190474, 16.976190476190474, 16.992063492063494, 17.0, 16.992063492063494, 16.96825396825397, 16.992063492063494, 17.0, 16.992063492063494, 16.984126984126984, 17.0, 16.984126984126984, 16.992063492063494, 16.984126984126984, 16.976190476190474, 16.992063492063494, 16.992063492063494, 16.984126984126984, 17.0, 16.984126984126984, 17.0, 17.0, 16.992063492063494, 16.984126984126984, 16.960317460317462, 16.992063492063494, 16.976190476190474, 16.992063492063494, 16.984126984126984, 16.984126984126984, 17.0, 17.0, 16.984126984126984, 16.992063492063494, 17.0, 17.0, 16.976190476190474, 16.992063492063494, 17.0, 17.0, 17.0]",0.9133166555206038,0.9297059164509023,17,"[33, 32, 18, 17, 17, 17, 17, 17, 17, 17, 17, 17, 17, 17, 17, 17, 17, 17, 17, 17, 17, 17, 17, 17, 17, 17, 17, 17, 17, 17, 17, 17, 17, 17, 17, 17, 17, 17, 17, 17, 17, 17, 17, 17, 17, 17, 17, 17, 17, 17, 17, 17, 17, 17, 17, 17, 17, 17, 17, 17, 17, 17, 17, 17, 17, 17, 17, 17, 17, 17, 17, 17, 17, 17, 17, 17, 17, 17, 17, 17, 17, 17, 17, 17, 17, 17, 17, 17, 17, 17, 17, 17, 17, 17, 17, 17, 17, 17, 17, 17, 17, 17, 17, 17, 17, 17, 17, 17, 17, 17]",110,"[0.330046147108078, 0.5479310154914856, 0.25243034958839417, 0.230849489569664, 0.22258533537387848, 0.21184378862380981, 0.22138941287994385, 0.21796132624149323, 0.18667086958885193, 0.2318839430809021, 0.19515883922576904, 0.20571821928024292, 0.18248416483402252, 0.19486618041992188, 0.18367308378219604, 0.1871907114982605, 0.19096212089061737, 0.20248596370220184, 0.19255386292934418, 0.19617719948291779, 0.18751846253871918, 0.19479674100875854, 0.1915791928768158, 0.21559195220470428, 0.19314409792423248, 0.21824872493743896, 0.18569689989089966, 0.24269872903823853, 0.19527290761470795, 0.19226236641407013, 0.18983767926692963, 0.18736585974693298, 0.1837160289287567, 0.17784267663955688, 0.19946126639842987, 0.18429423868656158, 0.1793690323829651, 0.17470917105674744, 0.17793357372283936, 0.17438086867332458, 0.18024389445781708, 0.1717926561832428, 0.1730976104736328, 0.196289524435997, 0.1757470965385437, 0.19019310176372528, 0.1904289871454239, 0.17871953547000885, 0.29422327876091003, 0.2887978255748749, 0.17767728865146637, 0.17690663039684296, 0.18356604874134064, 0.17837151885032654, 0.18309055268764496, 0.20740997791290283, 0.19369901716709137, 0.17631211876869202, 0.1808433085680008, 0.18838337063789368, 0.1950015425682068, 0.20224863290786743, 0.18823961913585663, 0.1830500364303589, 0.22110572457313538, 0.18737773597240448, 0.2632334530353546, 0.18225409090518951, 0.19552049040794373, 0.18723227083683014, 0.18991070985794067, 0.20232310891151428, 0.18776336312294006, 0.1948503702878952, 0.19255441427230835, 0.18109512329101562, 0.1890619993209839, 0.20045602321624756, 0.21604348719120026, 0.19230325520038605, 0.1871350258588791, 0.18556532263755798, 0.1847064197063446, 0.19992953538894653, 0.1883322298526764, 0.19016878306865692, 0.18846867978572845, 0.20440226793289185, 0.19227461516857147, 0.1930808424949646, 0.1990704983472824, 0.184302419424057, 0.20040376484394073, 0.19769267737865448, 0.18870265781879425, 0.1992201954126358, 0.18581527471542358, 0.21490347385406494, 0.19437547028064728, 0.19320626556873322, 0.195128932595253, 0.19350071251392365, 0.19669820368289948, 0.1892254650592804, 0.1975322663784027, 0.19040003418922424, 0.21328991651535034, 0.23736965656280518, 0.20008516311645508, 0.19816188514232635]",17.0,"[33.0, 32.0, 18.0, 17.0, 17.0, 17.0, 17.0, 17.0, 17.0, 17.0, 17.0, 17.0, 17.0, 17.0, 17.0, 17.0, 17.0, 17.0, 17.0, 17.0, 17.0, 17.0, 17.0, 17.0, 17.0, 17.0, 17.0, 17.0, 17.0, 17.0, 17.0, 17.0, 17.0, 17.0, 17.0, 17.0, 17.0, 17.0, 17.0, 17.0, 17.0, 17.0, 17.0, 17.0, 17.0, 17.0, 17.0, 17.0, 17.0, 17.0, 17.0, 17.0, 17.0, 17.0, 17.0, 17.0, 17.0, 17.0, 17.0, 17.0, 17.0, 17.0, 17.0, 17.0, 17.0, 17.0, 17.0, 17.0, 17.0, 17.0, 17.0, 17.0, 17.0, 17.0, 17.0, 17.0, 17.0, 17.0, 17.0, 17.0, 17.0, 17.0, 17.0, 17.0, 17.0, 17.0, 17.0, 17.0, 17.0, 17.0, 17.0, 17.0, 17.0, 17.0, 17.0, 17.0, 17.0, 17.0, 17.0, 17.0, 17.0, 17.0, 17.0, 17.0, 17.0, 17.0, 17.0, 17.0, 17.0, 17.0]",COMPLETE
141,141,0.6998235241076374,2024-08-31 06:19:12.149312,2024-08-31 06:19:32.678648,0 days 00:00:20.529336,16,0.026424852334040922,3,65,0.015038712120516265,89,0.0003235943166483007,0.865,0.8625,33,"[33, 33, 33, 33, 33, 33, 33, 33, 33, 33, 33, 33, 33, 33, 33, 33, 33, 33, 33, 33, 33, 33, 33, 33, 33, 33, 33, 33, 33, 33, 33, 33, 33, 33, 33, 33, 33, 33, 33, 33, 33, 33, 33, 33, 33, 33, 33, 33, 33, 33, 33, 33, 33, 33, 33, 33, 33, 33, 33, 33, 33, 33, 33, 33, 33]",32.97592295345105,"[32.97752808988764, 32.97110754414125, 32.971107544141255, 32.96629213483146, 32.97110754414125, 32.96950240770465, 32.96468699839486, 32.95987158908507, 32.96789727126806, 32.95666131621188, 32.95505617977528, 32.97271268057785, 32.96468699839486, 32.963081861958266, 32.96147672552167, 32.96789727126806, 32.97271268057785, 32.96950240770465, 32.96950240770465, 32.97271268057785, 32.96950240770465, 32.97110754414125, 32.97271268057785, 32.959871589085076, 32.96468699839486, 32.96147672552167, 32.95666131621188, 32.95987158908507, 32.96147672552167, 32.95987158908507, 32.974317817014445, 32.97592295345104, 32.974317817014445, 32.97752808988764, 32.96789727126806, 32.974317817014445, 32.96950240770465, 32.96789727126806, 32.96468699839486, 32.96789727126806, 32.966292134831455, 32.96147672552166, 32.96789727126806, 32.96950240770465, 32.96789727126806, 32.96468699839487, 32.95666131621188, 32.95987158908507, 32.96950240770465, 32.96789727126806, 32.96468699839487, 32.96789727126806, 32.96629213483146, 32.97592295345105, 32.97752808988764, 32.97913322632424, 32.98073836276083, 32.974317817014445, 32.97752808988764, 32.97752808988764, 32.97913322632424, 32.974317817014445, 32.974317817014445, 32.97752808988764, 32.97592295345105]",0.7356153865206946,0.6998235241076374,33,"[33, 33, 33, 33, 33, 33, 33, 33, 33, 33, 33, 33, 33, 33, 33, 33, 33, 33, 33, 33, 33, 33, 33, 33, 33, 33, 33, 33, 33, 33, 33, 33, 33, 33, 33, 33, 33, 33, 33, 33, 33, 33, 33, 33, 33, 33, 33, 33, 33, 33, 33, 33, 33, 33, 33, 33, 33, 33, 33, 33, 33, 33, 33, 33, 33]",65,"[0.41891878843307495, 0.4079340398311615, 0.4052874445915222, 0.4033223092556, 0.40154075622558594, 0.3998885750770569, 0.39833202958106995, 0.39685505628585815, 0.3954147696495056, 0.3941363990306854, 0.3928496539592743, 0.3917233347892761, 0.39051055908203125, 0.3894428312778473, 0.388471782207489, 0.38761332631111145, 0.38668766617774963, 0.3858031928539276, 0.38503390550613403, 0.3842579126358032, 0.3835377097129822, 0.38285836577415466, 0.3821997046470642, 0.38165611028671265, 0.3809565603733063, 0.38039180636405945, 0.3798511028289795, 0.3793761134147644, 0.37882959842681885, 0.3784562945365906, 0.37798047065734863, 0.3775799572467804, 0.37706321477890015, 0.37668082118034363, 0.37641093134880066, 0.3759429156780243, 0.375461220741272, 0.37506353855133057, 0.37469595670700073, 0.3744231164455414, 0.374050110578537, 0.37364426255226135, 0.37339290976524353, 0.3734031319618225, 0.37289437651634216, 0.37257862091064453, 0.3722887337207794, 0.37190327048301697, 0.3716627359390259, 0.37147971987724304, 0.37101706862449646, 0.3707999289035797, 0.3704911470413208, 0.3701919615268707, 0.3700019121170044, 0.36980071663856506, 0.36943915486335754, 0.3691978454589844, 0.3689664900302887, 0.3687243163585663, 0.3684595823287964, 0.36825135350227356, 0.36807820200920105, 0.3678269684314728, 0.3677063286304474]",33.0,"[33.0, 33.0, 33.0, 33.0, 33.0, 33.0, 33.0, 33.0, 33.0, 33.0, 33.0, 33.0, 33.0, 33.0, 33.0, 33.0, 33.0, 33.0, 33.0, 33.0, 33.0, 33.0, 33.0, 33.0, 33.0, 33.0, 33.0, 33.0, 33.0, 33.0, 33.0, 33.0, 33.0, 33.0, 33.0, 33.0, 33.0, 33.0, 33.0, 33.0, 33.0, 33.0, 33.0, 33.0, 33.0, 33.0, 33.0, 33.0, 33.0, 33.0, 33.0, 33.0, 33.0, 33.0, 33.0, 33.0, 33.0, 33.0, 33.0, 33.0, 33.0, 33.0, 33.0, 33.0, 33.0]",COMPLETE
