,number,value,datetime_start,datetime_complete,duration,params_batch_size_scaler,params_constant_learning_rate,params_depth,params_epochs,params_kernel_l2,params_num_trees,params_temperature,user_attrs_accuracy_test,user_attrs_accuracy_valid,user_attrs_approximate_feature_sparsity,user_attrs_approximate_feature_sparsity_history,user_attrs_approximate_weight_sparsity,user_attrs_approximate_weight_sparsity_history,user_attrs_auc_test,user_attrs_auc_valid,user_attrs_feature_sparsity,user_attrs_feature_sparsity_history,user_attrs_num_epochs,user_attrs_val_loss_history,user_attrs_weight_sparsity,user_attrs_weight_sparsity_history,state
79,79,0.5,2024-08-31 03:41:55.541542,2024-08-31 03:45:59.607082,0 days 00:04:04.065540,1,1.2535408954904816,2,470,0.1513915285783247,42,0.08220096287584788,0.859,0.85875,0,"[0, 0, 0, 0, 0, 0, 0, 0, 0, 0, 0, 0, 0, 0, 0, 0, 0, 0, 0, 0, 0, 0, 0, 0, 0, 0, 0, 0, 0, 0, 0, 0, 0, 0, 0, 0, 0, 0, 0, 0, 0, 0, 0, 0, 0, 0, 0, 0, 0, 0, 0, 0, 0, 0, 0, 0, 0, 0, 0, 0, 0, 0, 0, 0, 0, 0, 0, 0, 0, 0, 0, 0, 0, 0, 0, 0, 0, 0, 0, 0, 0, 0, 0, 0, 0, 0, 0, 0, 0, 0, 0, 0, 0, 0, 0, 0, 0, 0, 0, 0, 0, 0, 0, 0, 0, 0, 0, 0, 0, 0, 0, 0, 0, 0, 0, 0, 0, 0, 0, 0, 0, 0, 0, 0, 0, 0, 0, 0, 0, 0, 0, 0, 0, 0, 0, 0, 0, 0, 0, 0, 0, 0, 0, 0, 0, 0, 0, 0, 0, 0, 0, 0, 0, 0, 0, 0, 0, 0, 0, 0, 0, 0, 0, 0, 0, 0, 0, 0, 0, 0, 0, 0, 0, 0, 0, 0, 0, 0, 0, 0, 0, 0, 0, 0, 0, 0, 0, 0, 0, 0, 0, 0, 0, 0, 0, 0, 0, 0, 0, 0, 0, 0, 0, 0, 0, 0, 0, 0, 0, 0, 0, 0, 0, 0, 0, 0, 0, 0, 0, 0, 0, 0, 0, 0, 0, 0, 0, 0, 0, 0, 0, 0, 0, 0, 0, 0, 0, 0, 0, 0, 0, 0, 0, 0, 0, 0, 0, 0, 0, 0, 0, 0, 0, 0, 0, 0, 0, 0, 0, 0, 0, 0, 0, 0, 0, 0, 0, 0, 0, 0, 0, 0, 0, 0, 0, 0, 0, 0, 0, 0, 0, 0, 0, 0, 0, 0, 0, 0, 0, 0, 0, 0, 0, 0, 0, 0, 0, 0, 0, 0, 0, 0, 0, 0, 0, 0, 0, 0, 0, 0, 0, 0, 0, 0, 0, 0, 0, 0, 0, 0, 0, 0, 0, 0, 0, 0, 0, 0, 0, 0, 0, 0, 0, 0, 0, 0, 0, 0, 0, 0, 0, 0, 0, 0, 0, 0, 0, 0, 0, 0, 0, 0, 0, 0, 0, 0, 0, 0, 0, 0, 0, 0, 0, 0, 0, 0, 0, 0, 0, 0, 0, 0, 0, 0, 0, 0, 0, 0, 0, 0, 0, 0, 0, 0, 0, 0, 0, 0, 0, 0, 0, 0, 0, 0, 0, 0, 0, 0, 0, 0, 0, 0, 0, 0, 0, 0, 0, 0, 0, 0, 0, 0, 0, 0, 0, 0, 0, 0, 0, 0, 0, 0, 0, 0, 0, 0, 0, 0, 0, 0, 0, 0, 0, 0, 0, 0, 0, 0, 0, 0, 0, 0, 0, 0, 0, 0, 0, 0, 0, 0, 0, 0, 0, 0, 0, 0, 0, 0, 0, 0, 0, 0, 0, 0, 0, 0, 0, 0, 0, 0]",0.0,"[0.0, 0.0, 0.0, 0.0, 0.0, 0.0, 0.0, 0.0, 0.0, 0.0, 0.0, 0.0, 0.0, 0.0, 0.0, 0.0, 0.0, 0.0, 0.0, 0.0, 0.0, 0.0, 0.0, 0.0, 0.0, 0.0, 0.0, 0.0, 0.0, 0.0, 0.0, 0.0, 0.0, 0.0, 0.0, 0.0, 0.0, 0.0, 0.0, 0.0, 0.0, 0.0, 0.0, 0.0, 0.0, 0.0, 0.0, 0.0, 0.0, 0.0, 0.0, 0.0, 0.0, 0.0, 0.0, 0.0, 0.0, 0.0, 0.0, 0.0, 0.0, 0.0, 0.0, 0.0, 0.0, 0.0, 0.0, 0.0, 0.0, 0.0, 0.0, 0.0, 0.0, 0.0, 0.0, 0.0, 0.0, 0.0, 0.0, 0.0, 0.0, 0.0, 0.0, 0.0, 0.0, 0.0, 0.0, 0.0, 0.0, 0.0, 0.0, 0.0, 0.0, 0.0, 0.0, 0.0, 0.0, 0.0, 0.0, 0.0, 0.0, 0.0, 0.0, 0.0, 0.0, 0.0, 0.0, 0.0, 0.0, 0.0, 0.0, 0.0, 0.0, 0.0, 0.0, 0.0, 0.0, 0.0, 0.0, 0.0, 0.0, 0.0, 0.0, 0.0, 0.0, 0.0, 0.0, 0.0, 0.0, 0.0, 0.0, 0.0, 0.0, 0.0, 0.0, 0.0, 0.0, 0.0, 0.0, 0.0, 0.0, 0.0, 0.0, 0.0, 0.0, 0.0, 0.0, 0.0, 0.0, 0.0, 0.0, 0.0, 0.0, 0.0, 0.0, 0.0, 0.0, 0.0, 0.0, 0.0, 0.0, 0.0, 0.0, 0.0, 0.0, 0.0, 0.0, 0.0, 0.0, 0.0, 0.0, 0.0, 0.0, 0.0, 0.0, 0.0, 0.0, 0.0, 0.0, 0.0, 0.0, 0.0, 0.0, 0.0, 0.0, 0.0, 0.0, 0.0, 0.0, 0.0, 0.0, 0.0, 0.0, 0.0, 0.0, 0.0, 0.0, 0.0, 0.0, 0.0, 0.0, 0.0, 0.0, 0.0, 0.0, 0.0, 0.0, 0.0, 0.0, 0.0, 0.0, 0.0, 0.0, 0.0, 0.0, 0.0, 0.0, 0.0, 0.0, 0.0, 0.0, 0.0, 0.0, 0.0, 0.0, 0.0, 0.0, 0.0, 0.0, 0.0, 0.0, 0.0, 0.0, 0.0, 0.0, 0.0, 0.0, 0.0, 0.0, 0.0, 0.0, 0.0, 0.0, 0.0, 0.0, 0.0, 0.0, 0.0, 0.0, 0.0, 0.0, 0.0, 0.0, 0.0, 0.0, 0.0, 0.0, 0.0, 0.0, 0.0, 0.0, 0.0, 0.0, 0.0, 0.0, 0.0, 0.0, 0.0, 0.0, 0.0, 0.0, 0.0, 0.0, 0.0, 0.0, 0.0, 0.0, 0.0, 0.0, 0.0, 0.0, 0.0, 0.0, 0.0, 0.0, 0.0, 0.0, 0.0, 0.0, 0.0, 0.0, 0.0, 0.0, 0.0, 0.0, 0.0, 0.0, 0.0, 0.0, 0.0, 0.0, 0.0, 0.0, 0.0, 0.0, 0.0, 0.0, 0.0, 0.0, 0.0, 0.0, 0.0, 0.0, 0.0, 0.0, 0.0, 0.0, 0.0, 0.0, 0.0, 0.0, 0.0, 0.0, 0.0, 0.0, 0.0, 0.0, 0.0, 0.0, 0.0, 0.0, 0.0, 0.0, 0.0, 0.0, 0.0, 0.0, 0.0, 0.0, 0.0, 0.0, 0.0, 0.0, 0.0, 0.0, 0.0, 0.0, 0.0, 0.0, 0.0, 0.0, 0.0, 0.0, 0.0, 0.0, 0.0, 0.0, 0.0, 0.0, 0.0, 0.0, 0.0, 0.0, 0.0, 0.0, 0.0, 0.0, 0.0, 0.0, 0.0, 0.0, 0.0, 0.0, 0.0, 0.0, 0.0, 0.0, 0.0, 0.0, 0.0, 0.0, 0.0, 0.0, 0.0, 0.0, 0.0, 0.0, 0.0, 0.0, 0.0, 0.0, 0.0, 0.0, 0.0, 0.0, 0.0, 0.0, 0.0, 0.0, 0.0, 0.0, 0.0, 0.0, 0.0, 0.0, 0.0, 0.0, 0.0, 0.0, 0.0, 0.0, 0.0, 0.0, 0.0, 0.0, 0.0, 0.0, 0.0, 0.0, 0.0, 0.0, 0.0, 0.0, 0.0, 0.0, 0.0, 0.0, 0.0, 0.0, 0.0, 0.0, 0.0, 0.0, 0.0, 0.0, 0.0, 0.0, 0.0, 0.0, 0.0, 0.0, 0.0, 0.0, 0.0, 0.0, 0.0, 0.0, 0.0, 0.0, 0.0, 0.0, 0.0, 0.0, 0.0, 0.0, 0.0, 0.0, 0.0, 0.0, 0.0, 0.0, 0.0, 0.0, 0.0, 0.0, 0.0, 0.0, 0.0, 0.0, 0.0]",0.5,0.5,0,"[0, 0, 0, 0, 0, 0, 0, 0, 0, 0, 0, 0, 0, 0, 0, 0, 0, 0, 0, 0, 0, 0, 0, 0, 0, 0, 0, 0, 0, 0, 0, 0, 0, 0, 0, 0, 0, 0, 0, 0, 0, 0, 0, 0, 0, 0, 0, 0, 0, 0, 0, 0, 0, 0, 0, 0, 0, 0, 0, 0, 0, 0, 0, 0, 0, 0, 0, 0, 0, 0, 0, 0, 0, 0, 0, 0, 0, 0, 0, 0, 0, 0, 0, 0, 0, 0, 0, 0, 0, 0, 0, 0, 0, 0, 0, 0, 0, 0, 0, 0, 0, 0, 0, 0, 0, 0, 0, 0, 0, 0, 0, 0, 0, 0, 0, 0, 0, 0, 0, 0, 0, 0, 0, 0, 0, 0, 0, 0, 0, 0, 0, 0, 0, 0, 0, 0, 0, 0, 0, 0, 0, 0, 0, 0, 0, 0, 0, 0, 0, 0, 0, 0, 0, 0, 0, 0, 0, 0, 0, 0, 0, 0, 0, 0, 0, 0, 0, 0, 0, 0, 0, 0, 0, 0, 0, 0, 0, 0, 0, 0, 0, 0, 0, 0, 0, 0, 0, 0, 0, 0, 0, 0, 0, 0, 0, 0, 0, 0, 0, 0, 0, 0, 0, 0, 0, 0, 0, 0, 0, 0, 0, 0, 0, 0, 0, 0, 0, 0, 0, 0, 0, 0, 0, 0, 0, 0, 0, 0, 0, 0, 0, 0, 0, 0, 0, 0, 0, 0, 0, 0, 0, 0, 0, 0, 0, 0, 0, 0, 0, 0, 0, 0, 0, 0, 0, 0, 0, 0, 0, 0, 0, 0, 0, 0, 0, 0, 0, 0, 0, 0, 0, 0, 0, 0, 0, 0, 0, 0, 0, 0, 0, 0, 0, 0, 0, 0, 0, 0, 0, 0, 0, 0, 0, 0, 0, 0, 0, 0, 0, 0, 0, 0, 0, 0, 0, 0, 0, 0, 0, 0, 0, 0, 0, 0, 0, 0, 0, 0, 0, 0, 0, 0, 0, 0, 0, 0, 0, 0, 0, 0, 0, 0, 0, 0, 0, 0, 0, 0, 0, 0, 0, 0, 0, 0, 0, 0, 0, 0, 0, 0, 0, 0, 0, 0, 0, 0, 0, 0, 0, 0, 0, 0, 0, 0, 0, 0, 0, 0, 0, 0, 0, 0, 0, 0, 0, 0, 0, 0, 0, 0, 0, 0, 0, 0, 0, 0, 0, 0, 0, 0, 0, 0, 0, 0, 0, 0, 0, 0, 0, 0, 0, 0, 0, 0, 0, 0, 0, 0, 0, 0, 0, 0, 0, 0, 0, 0, 0, 0, 0, 0, 0, 0, 0, 0, 0, 0, 0, 0, 0, 0, 0, 0, 0, 0, 0, 0, 0, 0, 0, 0, 0, 0, 0, 0, 0, 0, 0, 0, 0, 0, 0, 0, 0, 0, 0, 0, 0, 0, 0, 0, 0, 0, 0, 0, 0, 0, 0, 0, 0, 0]",470,"[2.2142422199249268, 2.5995497703552246, 2.1076035499572754, 0.4103558659553528, 1.3829140663146973, 1.219322681427002, 1.3726810216903687, 0.43496477603912354, 1.399884819984436, 0.668630838394165, 0.4362082779407501, 2.037976026535034, 1.9256783723831177, 2.353372812271118, 0.4183124899864197, 1.1514289379119873, 1.6932927370071411, 0.41192418336868286, 0.5071947574615479, 0.7478951811790466, 0.9540841579437256, 1.5550624132156372, 0.8613855242729187, 0.6071408987045288, 0.42275023460388184, 0.951367199420929, 0.5585542321205139, 0.9726886749267578, 1.8988869190216064, 0.4420904219150543, 0.8080644011497498, 1.816616415977478, 0.5808695554733276, 0.4072261154651642, 0.5489009022712708, 1.2294011116027832, 0.5743501782417297, 1.4929978847503662, 0.4773882031440735, 0.9104025363922119, 2.5949866771698, 1.1647894382476807, 0.7016919851303101, 3.3547000885009766, 1.6635653972625732, 0.9925662875175476, 1.4937949180603027, 0.8651109933853149, 1.0387184619903564, 1.7375661134719849, 2.0770492553710938, 0.9624778032302856, 2.2924108505249023, 2.8218319416046143, 1.4949856996536255, 4.028297424316406, 2.4784340858459473, 0.4471314549446106, 3.4456331729888916, 0.45742267370224, 1.2972813844680786, 0.6334266066551208, 0.5515733957290649, 1.6506085395812988, 1.1381800174713135, 2.8013253211975098, 0.9412934184074402, 1.2023030519485474, 0.7012885808944702, 0.4092206656932831, 1.5952030420303345, 0.4160948097705841, 1.783318281173706, 0.9601356983184814, 0.6475975513458252, 1.4000967741012573, 0.4151475131511688, 0.9861263036727905, 2.0845787525177, 0.8379552960395813, 0.42232728004455566, 0.9590805172920227, 0.689853847026825, 1.922272801399231, 0.4606335461139679, 0.6925046443939209, 0.600003719329834, 3.427813768386841, 1.6766552925109863, 0.7203482985496521, 0.7340356707572937, 2.0017082691192627, 0.4596404731273651, 1.1836603879928589, 1.4946098327636719, 1.4278841018676758, 0.7378529906272888, 1.0734612941741943, 1.812930703163147, 1.3630305528640747, 2.0340425968170166, 1.7205053567886353, 0.4728274643421173, 0.5441381335258484, 0.5832957029342651, 1.4683839082717896, 1.656185507774353, 0.5839798450469971, 2.8744866847991943, 0.7731389403343201, 2.307790994644165, 2.3182687759399414, 0.4083581566810608, 0.6895594000816345, 0.4102998971939087, 2.7415518760681152, 1.389105200767517, 0.453802227973938, 0.5254930853843689, 1.4637634754180908, 1.2869873046875, 1.5368112325668335, 3.0302698612213135, 1.1199744939804077, 0.8930898308753967, 2.022459030151367, 0.7106475830078125, 0.4490009546279907, 2.3231093883514404, 1.6383787393569946, 0.6487482190132141, 0.8225626945495605, 1.2350561618804932, 2.857814073562622, 0.4540703594684601, 0.6908912658691406, 0.8018817901611328, 1.2844212055206299, 1.2979609966278076, 0.5859269499778748, 1.6073007583618164, 1.3426328897476196, 0.4494231045246124, 0.9254207015037537, 0.5907127857208252, 0.5183133482933044, 0.42060622572898865, 0.6273277401924133, 1.1551645994186401, 0.41940534114837646, 2.805663824081421, 0.9447896480560303, 1.010208010673523, 0.9700019955635071, 0.865675687789917, 4.721720218658447, 2.208613872528076, 0.5126121044158936, 0.4214231073856354, 1.8404061794281006, 2.0726983547210693, 2.419699192047119, 0.5362975001335144, 0.4575335681438446, 0.7411602735519409, 0.9783887267112732, 0.40803977847099304, 0.40827837586402893, 2.5832302570343018, 1.0745927095413208, 0.9511903524398804, 1.4310117959976196, 0.4783285856246948, 0.7399849891662598, 0.45733320713043213, 2.4023170471191406, 1.7883342504501343, 1.6851565837860107, 0.4079710841178894, 0.40735557675361633, 1.2414394617080688, 0.49322837591171265, 4.691599369049072, 1.7585349082946777, 1.9130746126174927, 0.4139072299003601, 0.8938936591148376, 1.775757908821106, 1.4120018482208252, 0.726890504360199, 0.9112144708633423, 0.45763659477233887, 1.4332530498504639, 0.8437016010284424, 1.1045711040496826, 0.908882737159729, 1.269296407699585, 1.1684517860412598, 0.5211355686187744, 0.628512442111969, 1.5300865173339844, 0.4408695101737976, 0.6955704689025879, 0.9962825179100037, 2.180830240249634, 0.44523414969444275, 0.7279924750328064, 0.4493766725063324, 0.5093468427658081, 1.9273022413253784, 0.44997701048851013, 1.1851575374603271, 0.6818599700927734, 0.8162529468536377, 0.8471233248710632, 0.43237969279289246, 1.3119993209838867, 1.2147374153137207, 1.1383594274520874, 2.2478909492492676, 0.5039944648742676, 1.0893352031707764, 0.8343231081962585, 0.8276359438896179, 2.3608298301696777, 2.1105940341949463, 1.1690441370010376, 1.007237195968628, 0.9343128204345703, 0.7408438324928284, 1.5065401792526245, 1.3309544324874878, 0.4237019717693329, 2.065403699874878, 0.44060108065605164, 1.4934898614883423, 0.6894463300704956, 0.6387147903442383, 2.2475547790527344, 0.45549529790878296, 0.7259530425071716, 1.0038151741027832, 0.42043179273605347, 0.47959214448928833, 0.4369812309741974, 0.4906906187534332, 1.911508321762085, 0.8006950616836548, 0.9979270696640015, 0.43325379490852356, 0.9463438987731934, 2.1111998558044434, 2.3625741004943848, 0.41512009501457214, 1.4560374021530151, 0.41585981845855713, 0.5457819700241089, 0.8799969553947449, 3.1718599796295166, 1.1265298128128052, 0.43827372789382935, 0.5815427899360657, 2.5664498805999756, 0.5991390347480774, 2.860116958618164, 0.5264988541603088, 1.5578912496566772, 0.7397910952568054, 0.6509713530540466, 1.020798683166504, 0.8843730092048645, 1.0691145658493042, 1.184046745300293, 2.084770917892456, 1.073702335357666, 0.6476277709007263, 0.7825963497161865, 1.0528602600097656, 1.2677377462387085, 2.8654656410217285, 1.1057403087615967, 0.4212980568408966, 2.1734821796417236, 0.48405396938323975, 1.2366544008255005, 1.153648853302002, 0.7935584783554077, 1.3796733617782593, 1.1035579442977905, 0.7234276533126831, 1.8096219301223755, 1.935518503189087, 0.8619686961174011, 0.9426417350769043, 2.878952741622925, 0.925818920135498, 2.313361883163452, 0.5494889616966248, 1.4698611497879028, 0.441272497177124, 0.6906282305717468, 2.2794272899627686, 1.8117151260375977, 2.2612102031707764, 1.0829975605010986, 0.5519718527793884, 3.133552312850952, 1.0022101402282715, 0.7953231930732727, 0.43202853202819824, 0.6221011877059937, 1.4488366842269897, 1.2881184816360474, 0.6427321434020996, 0.41490378975868225, 0.45719268918037415, 1.559484839439392, 2.3677988052368164, 0.9983503818511963, 0.40733975172042847, 2.0898468494415283, 0.8902028799057007, 0.9400151968002319, 1.4667232036590576, 4.715808868408203, 0.6161178350448608, 0.5244504809379578, 2.423107624053955, 0.7667272686958313, 0.4557007849216461, 2.891680955886841, 0.7947099804878235, 0.4235077202320099, 2.268324613571167, 0.5861265659332275, 2.623185634613037, 2.350217819213867, 1.9835819005966187, 0.4593990743160248, 1.135514259338379, 1.1097944974899292, 0.4574795663356781, 0.617580771446228, 0.423383891582489, 0.43893635272979736, 1.685947060585022, 1.6823385953903198, 3.279815912246704, 1.4611130952835083, 1.2180343866348267, 2.0941708087921143, 0.5803186893463135, 1.858272671699524, 0.8232696652412415, 0.4072331488132477, 0.4074958860874176, 0.49232155084609985, 1.765419602394104, 2.152967929840088, 0.7735437154769897, 0.8835476040840149, 0.9066278338432312, 0.7012174129486084, 2.6747331619262695, 1.0007970333099365, 0.8034470081329346, 0.9672317504882812, 0.45178642868995667, 0.5843667387962341, 2.776185989379883, 2.1129324436187744, 0.6639768481254578, 1.1087652444839478, 1.6050851345062256, 1.7225147485733032, 0.44099849462509155, 0.5692725777626038, 0.7046467065811157, 0.717858076095581, 0.45282265543937683, 0.4093035161495209, 0.46226245164871216, 0.5020936727523804, 1.4851164817810059, 2.4796290397644043, 1.0288419723510742, 3.120335340499878, 0.4378761351108551, 0.812652587890625, 1.7320305109024048, 1.125661015510559, 1.8888533115386963, 0.43789541721343994, 0.42309558391571045, 0.6462588310241699, 1.9437566995620728, 0.42100751399993896, 1.1997251510620117, 2.5472424030303955, 2.4453063011169434, 0.43948230147361755, 1.2962896823883057, 0.5519871711730957, 0.40788501501083374, 2.0050225257873535, 2.105872869491577, 2.4215617179870605, 2.389662981033325, 1.9156206846237183, 1.913449764251709, 1.238943338394165, 0.46032020449638367, 1.4933630228042603, 2.9586734771728516, 0.44297099113464355, 2.1460113525390625, 3.0885322093963623, 1.2750531435012817, 0.9437514543533325, 0.6235677003860474, 0.9592933058738708, 0.4156562387943268, 1.2451300621032715, 2.032365322113037, 0.4126976430416107, 1.6886869668960571, 0.4235648214817047, 1.099463939666748, 1.7982513904571533, 0.9485887885093689, 0.6561353206634521, 0.768994927406311, 1.4361932277679443, 0.6212473511695862, 1.205978512763977, 0.5178216099739075, 0.9432435631752014, 0.6854142546653748, 1.174931287765503, 0.6699175834655762, 2.129210948944092, 0.9475834369659424, 0.4076652526855469, 2.0780246257781982, 2.5447869300842285, 0.4525097906589508, 3.0626120567321777, 0.6288762092590332, 0.9975082874298096, 1.0232867002487183, 0.6255453824996948, 0.44493988156318665, 0.6127811670303345, 2.4193100929260254, 2.44547176361084, 1.7967909574508667, 1.0184956789016724, 1.7853021621704102, 0.950791597366333, 1.8490731716156006, 1.8418692350387573, 0.5646812915802002, 0.9452124238014221, 0.40840616822242737, 0.6899504661560059, 0.9521385431289673, 0.8038159012794495, 0.4129560589790344, 2.016319513320923, 0.4536898136138916]",0.0,"[0.0, 0.0, 0.0, 0.0, 0.0, 0.0, 0.0, 0.0, 0.0, 0.0, 0.0, 0.0, 0.0, 0.0, 0.0, 0.0, 0.0, 0.0, 0.0, 0.0, 0.0, 0.0, 0.0, 0.0, 0.0, 0.0, 0.0, 0.0, 0.0, 0.0, 0.0, 0.0, 0.0, 0.0, 0.0, 0.0, 0.0, 0.0, 0.0, 0.0, 0.0, 0.0, 0.0, 0.0, 0.0, 0.0, 0.0, 0.0, 0.0, 0.0, 0.0, 0.0, 0.0, 0.0, 0.0, 0.0, 0.0, 0.0, 0.0, 0.0, 0.0, 0.0, 0.0, 0.0, 0.0, 0.0, 0.0, 0.0, 0.0, 0.0, 0.0, 0.0, 0.0, 0.0, 0.0, 0.0, 0.0, 0.0, 0.0, 0.0, 0.0, 0.0, 0.0, 0.0, 0.0, 0.0, 0.0, 0.0, 0.0, 0.0, 0.0, 0.0, 0.0, 0.0, 0.0, 0.0, 0.0, 0.0, 0.0, 0.0, 0.0, 0.0, 0.0, 0.0, 0.0, 0.0, 0.0, 0.0, 0.0, 0.0, 0.0, 0.0, 0.0, 0.0, 0.0, 0.0, 0.0, 0.0, 0.0, 0.0, 0.0, 0.0, 0.0, 0.0, 0.0, 0.0, 0.0, 0.0, 0.0, 0.0, 0.0, 0.0, 0.0, 0.0, 0.0, 0.0, 0.0, 0.0, 0.0, 0.0, 0.0, 0.0, 0.0, 0.0, 0.0, 0.0, 0.0, 0.0, 0.0, 0.0, 0.0, 0.0, 0.0, 0.0, 0.0, 0.0, 0.0, 0.0, 0.0, 0.0, 0.0, 0.0, 0.0, 0.0, 0.0, 0.0, 0.0, 0.0, 0.0, 0.0, 0.0, 0.0, 0.0, 0.0, 0.0, 0.0, 0.0, 0.0, 0.0, 0.0, 0.0, 0.0, 0.0, 0.0, 0.0, 0.0, 0.0, 0.0, 0.0, 0.0, 0.0, 0.0, 0.0, 0.0, 0.0, 0.0, 0.0, 0.0, 0.0, 0.0, 0.0, 0.0, 0.0, 0.0, 0.0, 0.0, 0.0, 0.0, 0.0, 0.0, 0.0, 0.0, 0.0, 0.0, 0.0, 0.0, 0.0, 0.0, 0.0, 0.0, 0.0, 0.0, 0.0, 0.0, 0.0, 0.0, 0.0, 0.0, 0.0, 0.0, 0.0, 0.0, 0.0, 0.0, 0.0, 0.0, 0.0, 0.0, 0.0, 0.0, 0.0, 0.0, 0.0, 0.0, 0.0, 0.0, 0.0, 0.0, 0.0, 0.0, 0.0, 0.0, 0.0, 0.0, 0.0, 0.0, 0.0, 0.0, 0.0, 0.0, 0.0, 0.0, 0.0, 0.0, 0.0, 0.0, 0.0, 0.0, 0.0, 0.0, 0.0, 0.0, 0.0, 0.0, 0.0, 0.0, 0.0, 0.0, 0.0, 0.0, 0.0, 0.0, 0.0, 0.0, 0.0, 0.0, 0.0, 0.0, 0.0, 0.0, 0.0, 0.0, 0.0, 0.0, 0.0, 0.0, 0.0, 0.0, 0.0, 0.0, 0.0, 0.0, 0.0, 0.0, 0.0, 0.0, 0.0, 0.0, 0.0, 0.0, 0.0, 0.0, 0.0, 0.0, 0.0, 0.0, 0.0, 0.0, 0.0, 0.0, 0.0, 0.0, 0.0, 0.0, 0.0, 0.0, 0.0, 0.0, 0.0, 0.0, 0.0, 0.0, 0.0, 0.0, 0.0, 0.0, 0.0, 0.0, 0.0, 0.0, 0.0, 0.0, 0.0, 0.0, 0.0, 0.0, 0.0, 0.0, 0.0, 0.0, 0.0, 0.0, 0.0, 0.0, 0.0, 0.0, 0.0, 0.0, 0.0, 0.0, 0.0, 0.0, 0.0, 0.0, 0.0, 0.0, 0.0, 0.0, 0.0, 0.0, 0.0, 0.0, 0.0, 0.0, 0.0, 0.0, 0.0, 0.0, 0.0, 0.0, 0.0, 0.0, 0.0, 0.0, 0.0, 0.0, 0.0, 0.0, 0.0, 0.0, 0.0, 0.0, 0.0, 0.0, 0.0, 0.0, 0.0, 0.0, 0.0, 0.0, 0.0, 0.0, 0.0, 0.0, 0.0, 0.0, 0.0, 0.0, 0.0, 0.0, 0.0, 0.0, 0.0, 0.0, 0.0, 0.0, 0.0, 0.0, 0.0, 0.0, 0.0, 0.0, 0.0, 0.0, 0.0, 0.0, 0.0, 0.0, 0.0, 0.0, 0.0, 0.0, 0.0, 0.0, 0.0, 0.0, 0.0, 0.0, 0.0, 0.0, 0.0, 0.0, 0.0, 0.0, 0.0, 0.0, 0.0, 0.0, 0.0, 0.0, 0.0, 0.0, 0.0, 0.0, 0.0, 0.0, 0.0, 0.0, 0.0, 0.0, 0.0, 0.0, 0.0, 0.0, 0.0, 0.0, 0.0, 0.0, 0.0, 0.0]",COMPLETE
