,number,value,datetime_start,datetime_complete,duration,params_batch_size_scaler,params_constant_learning_rate,params_depth,params_epochs,params_kernel_l2,params_num_trees,params_temperature,user_attrs_accuracy_test,user_attrs_accuracy_valid,user_attrs_approximate_feature_sparsity,user_attrs_approximate_feature_sparsity_history,user_attrs_approximate_weight_sparsity,user_attrs_approximate_weight_sparsity_history,user_attrs_auc_test,user_attrs_auc_valid,user_attrs_feature_sparsity,user_attrs_feature_sparsity_history,user_attrs_num_epochs,user_attrs_val_loss_history,user_attrs_weight_sparsity,user_attrs_weight_sparsity_history,state
58,58,0.7019489636871868,2024-08-31 03:04:15.500627,2024-08-31 03:05:01.380384,0 days 00:00:45.879757,64,0.01805249377215244,2,205,0.11492111840777514,18,0.0021547787967878354,0.86,0.86125,33,"[33, 33, 33, 33, 33, 33, 33, 33, 33, 33, 33, 33, 33, 33, 33, 33, 33, 33, 33, 33, 33, 33, 33, 33, 33, 33, 33, 33, 33, 33, 33, 33, 33, 33, 33, 33, 33, 33, 33, 33, 33, 33, 33, 33, 33, 33, 33, 33, 33, 33, 33, 33, 33, 33, 33, 33, 33, 33, 33, 33, 33, 33, 33, 33, 33, 33, 33, 33, 33, 33, 33, 33, 33, 33, 33, 33, 33, 33, 33, 33, 33, 33, 33, 33, 33, 33, 33, 33, 33, 33, 33, 33, 33, 33, 33, 33, 33, 33, 33, 33, 33, 33, 33, 33, 33, 33, 33, 33, 33, 33, 33, 33, 33, 33, 33, 33, 33, 33, 33, 33, 33, 33, 33, 33, 33, 33, 33, 33, 33, 33, 33, 33, 33, 33, 33, 33, 33, 33, 33, 33, 33, 33, 33, 33, 33, 33, 33, 33, 33, 33, 33, 33, 33, 33, 33, 33, 33, 33, 33, 33, 33, 33, 33, 33, 33, 33, 33, 33, 33, 33, 33, 33, 33, 33, 33, 33, 33, 33, 33, 33, 33, 33, 33, 33, 33, 33, 33, 33, 33, 33, 33, 33, 33, 33, 33, 33, 33, 33, 33, 33, 33, 33, 33, 33, 33]",32.98148148148148,"[32.96296296296296, 33.0, 33.0, 33.0, 32.98148148148148, 33.0, 32.98148148148148, 33.0, 32.98148148148148, 32.98148148148148, 33.0, 33.0, 33.0, 33.0, 33.0, 33.0, 33.0, 32.96296296296296, 33.0, 33.0, 33.0, 33.0, 33.0, 33.0, 33.0, 33.0, 33.0, 33.0, 33.0, 33.0, 33.0, 32.98148148148148, 32.98148148148148, 33.0, 33.0, 33.0, 33.0, 33.0, 33.0, 33.0, 33.0, 33.0, 32.98148148148148, 32.96296296296296, 32.96296296296296, 32.96296296296296, 32.96296296296296, 32.96296296296296, 32.98148148148148, 32.98148148148148, 33.0, 33.0, 33.0, 33.0, 33.0, 33.0, 33.0, 33.0, 33.0, 33.0, 33.0, 33.0, 33.0, 33.0, 33.0, 32.98148148148148, 32.98148148148148, 33.0, 33.0, 33.0, 33.0, 33.0, 32.98148148148148, 32.98148148148148, 32.98148148148148, 32.98148148148148, 33.0, 33.0, 33.0, 33.0, 33.0, 32.98148148148148, 32.98148148148148, 32.96296296296296, 32.98148148148148, 33.0, 32.98148148148148, 32.98148148148148, 32.98148148148148, 32.98148148148148, 32.98148148148148, 32.98148148148148, 32.98148148148148, 32.98148148148148, 33.0, 33.0, 33.0, 33.0, 33.0, 33.0, 33.0, 33.0, 33.0, 33.0, 33.0, 33.0, 33.0, 33.0, 33.0, 33.0, 33.0, 33.0, 32.98148148148148, 33.0, 33.0, 33.0, 33.0, 33.0, 32.98148148148148, 33.0, 32.98148148148148, 32.98148148148148, 32.98148148148148, 32.98148148148148, 32.98148148148148, 32.98148148148148, 32.98148148148148, 32.98148148148148, 32.98148148148148, 32.98148148148148, 32.98148148148148, 33.0, 33.0, 33.0, 33.0, 33.0, 33.0, 33.0, 33.0, 33.0, 33.0, 33.0, 33.0, 32.98148148148148, 32.98148148148148, 32.98148148148148, 32.98148148148148, 32.98148148148148, 33.0, 32.98148148148148, 32.98148148148148, 33.0, 32.98148148148148, 32.98148148148148, 33.0, 32.98148148148148, 32.98148148148148, 32.98148148148148, 32.98148148148148, 32.98148148148148, 32.98148148148148, 32.98148148148148, 32.96296296296296, 32.96296296296296, 32.98148148148148, 32.98148148148148, 32.96296296296296, 32.98148148148148, 32.96296296296296, 32.96296296296296, 32.96296296296296, 32.96296296296296, 32.96296296296296, 32.96296296296296, 32.96296296296296, 32.96296296296296, 32.98148148148148, 32.98148148148148, 32.98148148148148, 32.98148148148148, 33.0, 32.98148148148148, 32.98148148148148, 32.98148148148148, 32.96296296296296, 32.96296296296296, 32.96296296296296, 32.96296296296296, 32.96296296296296, 32.96296296296296, 32.98148148148148, 32.96296296296296, 32.98148148148148, 33.0, 33.0, 32.98148148148148, 32.98148148148148, 32.98148148148148, 32.98148148148148, 33.0, 32.98148148148148, 32.98148148148148, 32.98148148148148, 32.98148148148148, 32.98148148148148]",0.7382078782024291,0.7019489636871868,33,"[33, 33, 33, 33, 33, 33, 33, 33, 33, 33, 33, 33, 33, 33, 33, 33, 33, 33, 33, 33, 33, 33, 33, 33, 33, 33, 33, 33, 33, 33, 33, 33, 33, 33, 33, 33, 33, 33, 33, 33, 33, 33, 33, 33, 33, 33, 33, 33, 33, 33, 33, 33, 33, 33, 33, 33, 33, 33, 33, 33, 33, 33, 33, 33, 33, 33, 33, 33, 33, 33, 33, 33, 33, 33, 33, 33, 33, 33, 33, 33, 33, 33, 33, 33, 33, 33, 33, 33, 33, 33, 33, 33, 33, 33, 33, 33, 33, 33, 33, 33, 33, 33, 33, 33, 33, 33, 33, 33, 33, 33, 33, 33, 33, 33, 33, 33, 33, 33, 33, 33, 33, 33, 33, 33, 33, 33, 33, 33, 33, 33, 33, 33, 33, 33, 33, 33, 33, 33, 33, 33, 33, 33, 33, 33, 33, 33, 33, 33, 33, 33, 33, 33, 33, 33, 33, 33, 33, 33, 33, 33, 33, 33, 33, 33, 33, 33, 33, 33, 33, 33, 33, 33, 33, 33, 33, 33, 33, 33, 33, 33, 33, 33, 33, 33, 33, 33, 33, 33, 33, 33, 33, 33, 33, 33, 33, 33, 33, 33, 33, 33, 33, 33, 33, 33, 33]",205,"[1.0611594915390015, 0.896027147769928, 0.7815294861793518, 0.7024661302566528, 0.6472831964492798, 0.6083921790122986, 0.5800510048866272, 0.5598222613334656, 0.5442594289779663, 0.5326369404792786, 0.5236348509788513, 0.5166286826133728, 0.511232316493988, 0.5071726441383362, 0.5037972331047058, 0.5009710788726807, 0.498543381690979, 0.4964287281036377, 0.4944259226322174, 0.49319636821746826, 0.4917890429496765, 0.490662157535553, 0.48965418338775635, 0.4888489544391632, 0.4880645275115967, 0.48746123909950256, 0.4867842197418213, 0.4861655533313751, 0.48554566502571106, 0.48495233058929443, 0.48438185453414917, 0.48398253321647644, 0.4834960997104645, 0.4830252528190613, 0.48257124423980713, 0.48201969265937805, 0.4815082550048828, 0.4810373783111572, 0.4806506335735321, 0.48028576374053955, 0.47986090183258057, 0.47939223051071167, 0.47898492217063904, 0.4785839319229126, 0.4782322347164154, 0.477824330329895, 0.4773988723754883, 0.4770122170448303, 0.4766439199447632, 0.47626104950904846, 0.47585973143577576, 0.4755648076534271, 0.47514453530311584, 0.4748093783855438, 0.47448480129241943, 0.4741869270801544, 0.4738713800907135, 0.47348201274871826, 0.47316688299179077, 0.4727996587753296, 0.47245657444000244, 0.47214603424072266, 0.47183677554130554, 0.47156602144241333, 0.4712122082710266, 0.4709222912788391, 0.4706517159938812, 0.4703518748283386, 0.47009456157684326, 0.46978142857551575, 0.46948912739753723, 0.46920573711395264, 0.4688986539840698, 0.46852707862854004, 0.4683037996292114, 0.46798667311668396, 0.46770530939102173, 0.4674069583415985, 0.46713948249816895, 0.4668937027454376, 0.46664178371429443, 0.46639907360076904, 0.46616095304489136, 0.46589910984039307, 0.4656601846218109, 0.4654122292995453, 0.4651242196559906, 0.4648999869823456, 0.46464261412620544, 0.4644208550453186, 0.4641953408718109, 0.4639514982700348, 0.4636729955673218, 0.4634433686733246, 0.4632164239883423, 0.4629441797733307, 0.46273311972618103, 0.46249067783355713, 0.46229344606399536, 0.462041437625885, 0.4618716537952423, 0.4616430401802063, 0.46135616302490234, 0.4611331820487976, 0.4609169363975525, 0.4606897234916687, 0.4605410099029541, 0.46030867099761963, 0.46007969975471497, 0.45988643169403076, 0.45976296067237854, 0.4595276713371277, 0.45936262607574463, 0.459113210439682, 0.45888033509254456, 0.45868372917175293, 0.4585171639919281, 0.45830586552619934, 0.4581226706504822, 0.45788562297821045, 0.4576646685600281, 0.45749151706695557, 0.45727720856666565, 0.45704859495162964, 0.4568343758583069, 0.45662984251976013, 0.4564966857433319, 0.4563552737236023, 0.45619988441467285, 0.4560055136680603, 0.45584192872047424, 0.45567113161087036, 0.4554615914821625, 0.4552769064903259, 0.4551192820072174, 0.45498329401016235, 0.45485374331474304, 0.45465847849845886, 0.45448538661003113, 0.4543469548225403, 0.45416590571403503, 0.4539754390716553, 0.45385822653770447, 0.4536784887313843, 0.4535069167613983, 0.45333272218704224, 0.4531327784061432, 0.45297154784202576, 0.45282280445098877, 0.4526953101158142, 0.4525589346885681, 0.45243558287620544, 0.4522632956504822, 0.452085942029953, 0.45193326473236084, 0.45181509852409363, 0.45168715715408325, 0.4515286386013031, 0.45134150981903076, 0.4512215852737427, 0.45106053352355957, 0.45089399814605713, 0.4507187008857727, 0.4505494236946106, 0.45039448142051697, 0.45028606057167053, 0.450173944234848, 0.4500722587108612, 0.44992804527282715, 0.44974738359451294, 0.4496292769908905, 0.4494558572769165, 0.44933196902275085, 0.44919413328170776, 0.44901102781295776, 0.4488418698310852, 0.448714017868042, 0.4485654830932617, 0.4483979046344757, 0.44828560948371887, 0.4481666088104248, 0.4480428397655487, 0.4479178488254547, 0.44776245951652527, 0.4475928246974945, 0.4474828243255615, 0.4473569393157959, 0.44723647832870483, 0.44708478450775146, 0.44697368144989014, 0.44683876633644104, 0.446712851524353, 0.44659411907196045, 0.4464198052883148, 0.44628989696502686, 0.44617393612861633, 0.44610491394996643, 0.44601574540138245, 0.44587820768356323, 0.4457389712333679, 0.44556063413619995, 0.44544947147369385, 0.445326030254364, 0.4451747536659241, 0.4450760781764984]",33.0,"[33.0, 33.0, 33.0, 33.0, 33.0, 33.0, 33.0, 33.0, 33.0, 33.0, 33.0, 33.0, 33.0, 33.0, 33.0, 33.0, 33.0, 33.0, 33.0, 33.0, 33.0, 33.0, 33.0, 33.0, 33.0, 33.0, 33.0, 33.0, 33.0, 33.0, 33.0, 33.0, 33.0, 33.0, 33.0, 33.0, 33.0, 33.0, 33.0, 33.0, 33.0, 33.0, 33.0, 33.0, 33.0, 33.0, 33.0, 33.0, 33.0, 33.0, 33.0, 33.0, 33.0, 33.0, 33.0, 33.0, 33.0, 33.0, 33.0, 33.0, 33.0, 33.0, 33.0, 33.0, 33.0, 33.0, 33.0, 33.0, 33.0, 33.0, 33.0, 33.0, 33.0, 33.0, 33.0, 33.0, 33.0, 33.0, 33.0, 33.0, 33.0, 33.0, 33.0, 33.0, 33.0, 33.0, 33.0, 33.0, 33.0, 33.0, 33.0, 33.0, 33.0, 33.0, 33.0, 33.0, 33.0, 33.0, 33.0, 33.0, 33.0, 33.0, 33.0, 33.0, 33.0, 33.0, 33.0, 33.0, 33.0, 33.0, 33.0, 33.0, 33.0, 33.0, 33.0, 33.0, 33.0, 33.0, 33.0, 33.0, 33.0, 33.0, 33.0, 33.0, 33.0, 33.0, 33.0, 33.0, 33.0, 33.0, 33.0, 33.0, 33.0, 33.0, 33.0, 33.0, 33.0, 33.0, 33.0, 33.0, 33.0, 33.0, 33.0, 33.0, 33.0, 33.0, 33.0, 33.0, 33.0, 33.0, 33.0, 33.0, 33.0, 33.0, 33.0, 33.0, 33.0, 33.0, 33.0, 33.0, 33.0, 33.0, 33.0, 33.0, 33.0, 33.0, 33.0, 33.0, 33.0, 33.0, 33.0, 33.0, 33.0, 33.0, 33.0, 33.0, 33.0, 33.0, 33.0, 33.0, 33.0, 33.0, 33.0, 33.0, 33.0, 33.0, 33.0, 33.0, 33.0, 33.0, 33.0, 33.0, 33.0, 33.0, 33.0, 33.0, 33.0, 33.0, 33.0, 33.0, 33.0, 33.0, 33.0, 33.0, 33.0]",COMPLETE
