,number,value,datetime_start,datetime_complete,duration,params_batch_size_scaler,params_constant_learning_rate,params_depth,params_epochs,params_kernel_l2,params_num_trees,params_temperature,user_attrs_accuracy_test,user_attrs_accuracy_valid,user_attrs_approximate_feature_sparsity,user_attrs_approximate_feature_sparsity_history,user_attrs_approximate_weight_sparsity,user_attrs_approximate_weight_sparsity_history,user_attrs_auc_test,user_attrs_auc_valid,user_attrs_feature_sparsity,user_attrs_feature_sparsity_history,user_attrs_num_epochs,user_attrs_val_loss_history,user_attrs_weight_sparsity,user_attrs_weight_sparsity_history,state
46,46,0.5,2024-08-31 02:20:41.942858,2024-08-31 02:21:50.751389,0 days 00:01:08.808531,4,2.584331974802535,3,395,0.029524506260353137,9,0.03963213386788726,0.859,0.85875,0,"[0, 0, 0, 0, 0, 0, 0, 0, 0, 0, 0, 0, 0, 0, 0, 0, 0, 0, 0, 0, 0, 0, 0, 0, 0, 0, 0, 0, 0, 0, 0, 0, 0, 0, 0, 0, 0, 0, 0, 0, 0, 0, 0, 0, 0, 0, 0, 0, 0, 0, 0, 0, 0, 0, 0, 0, 0, 0, 0, 0, 0, 0, 0, 0, 0, 0, 0, 0, 0, 0, 0, 0, 0, 0, 0, 0, 0, 0, 0, 0, 0, 0, 0, 0, 0, 0, 0, 0, 0, 0, 0, 0, 0, 0, 0, 0, 0, 0, 0, 0, 0, 0, 0, 0, 0, 0, 0, 0, 0, 0, 0, 0, 0, 0, 0, 0, 0, 0, 0, 0, 0, 0, 0, 0, 0, 0, 0, 0, 0, 0, 0, 0, 0, 0, 0, 0, 0, 0, 0, 0, 0, 0, 0, 0, 0, 0, 0, 0, 0, 0, 0, 0, 0, 0, 0, 0, 0, 0, 0, 0, 0, 0, 0, 0, 0, 0, 0, 0, 0, 0, 0, 0, 0, 0, 0, 0, 0, 0, 0, 0, 0, 0, 0, 0, 0, 0, 0, 0, 0, 0, 0, 0, 0, 0, 0, 0, 0, 0, 0, 0, 0, 0, 0, 0, 0, 0, 0, 0, 0, 0, 0, 0, 0, 0, 0, 0, 0, 0, 0, 0, 0, 0, 0, 0, 0, 0, 0, 0, 0, 0, 0, 0, 0, 0, 0, 0, 0, 0, 0, 0, 0, 0, 0, 0, 0, 0, 0, 0, 0, 0, 0, 0, 0, 0, 0, 0, 0, 0, 0, 0, 0, 0, 0, 0, 0, 0, 0, 0, 0, 0, 0, 0, 0, 0, 0, 0, 0, 0, 0, 0, 0, 0, 0, 0, 0, 0, 0, 0, 0, 0, 0, 0, 0, 0, 0, 0, 0, 0, 0, 0, 0, 0, 0, 0, 0, 0, 0, 0, 0, 0, 0, 0, 0, 0, 0, 0, 0, 0, 0, 0, 0, 0, 0, 0, 0, 0, 0, 0, 0, 0, 0, 0, 0, 0, 0, 0, 0, 0, 0, 0, 0, 0, 0, 0, 0, 0, 0, 0, 0, 0, 0, 0, 0, 0, 0, 0, 0, 0, 0, 0, 0, 0, 0, 0, 0, 0, 0, 0, 0, 0, 0, 0, 0, 0, 0, 0, 0, 0, 0, 0, 0, 0, 0, 0, 0, 0, 0, 0, 0, 0, 0, 0, 0, 0, 0]",0.0,"[0.0, 0.0, 0.0, 0.0, 0.0, 0.0, 0.0, 0.0, 0.0, 0.0, 0.0, 0.0, 0.0, 0.0, 0.0, 0.0, 0.0, 0.0, 0.0, 0.0, 0.0, 0.0, 0.0, 0.0, 0.0, 0.0, 0.0, 0.0, 0.0, 0.0, 0.0, 0.0, 0.0, 0.0, 0.0, 0.0, 0.0, 0.0, 0.0, 0.0, 0.0, 0.0, 0.0, 0.0, 0.0, 0.0, 0.0, 0.0, 0.0, 0.0, 0.0, 0.0, 0.0, 0.0, 0.0, 0.0, 0.0, 0.0, 0.0, 0.0, 0.0, 0.0, 0.0, 0.0, 0.0, 0.0, 0.0, 0.0, 0.0, 0.0, 0.0, 0.0, 0.0, 0.0, 0.0, 0.0, 0.0, 0.0, 0.0, 0.0, 0.0, 0.0, 0.0, 0.0, 0.0, 0.0, 0.0, 0.0, 0.0, 0.0, 0.0, 0.0, 0.0, 0.0, 0.0, 0.0, 0.0, 0.0, 0.0, 0.0, 0.0, 0.0, 0.0, 0.0, 0.0, 0.0, 0.0, 0.0, 0.0, 0.0, 0.0, 0.0, 0.0, 0.0, 0.0, 0.0, 0.0, 0.0, 0.0, 0.0, 0.0, 0.0, 0.0, 0.0, 0.0, 0.0, 0.0, 0.0, 0.0, 0.0, 0.0, 0.0, 0.0, 0.0, 0.0, 0.0, 0.0, 0.0, 0.0, 0.0, 0.0, 0.0, 0.0, 0.0, 0.0, 0.0, 0.0, 0.0, 0.0, 0.0, 0.0, 0.0, 0.0, 0.0, 0.0, 0.0, 0.0, 0.0, 0.0, 0.0, 0.0, 0.0, 0.0, 0.0, 0.0, 0.0, 0.0, 0.0, 0.0, 0.0, 0.0, 0.0, 0.0, 0.0, 0.0, 0.0, 0.0, 0.0, 0.0, 0.0, 0.0, 0.0, 0.0, 0.0, 0.0, 0.0, 0.0, 0.0, 0.0, 0.0, 0.0, 0.0, 0.0, 0.0, 0.0, 0.0, 0.0, 0.0, 0.0, 0.0, 0.0, 0.0, 0.0, 0.0, 0.0, 0.0, 0.0, 0.0, 0.0, 0.0, 0.0, 0.0, 0.0, 0.0, 0.0, 0.0, 0.0, 0.0, 0.0, 0.0, 0.0, 0.0, 0.0, 0.0, 0.0, 0.0, 0.0, 0.0, 0.0, 0.0, 0.0, 0.0, 0.0, 0.0, 0.0, 0.0, 0.0, 0.0, 0.0, 0.0, 0.0, 0.0, 0.0, 0.0, 0.0, 0.0, 0.0, 0.0, 0.0, 0.0, 0.0, 0.0, 0.0, 0.0, 0.0, 0.0, 0.0, 0.0, 0.0, 0.0, 0.0, 0.0, 0.0, 0.0, 0.0, 0.0, 0.0, 0.0, 0.0, 0.0, 0.0, 0.0, 0.0, 0.0, 0.0, 0.0, 0.0, 0.0, 0.0, 0.0, 0.0, 0.0, 0.0, 0.0, 0.0, 0.0, 0.0, 0.0, 0.0, 0.0, 0.0, 0.0, 0.0, 0.0, 0.0, 0.0, 0.0, 0.0, 0.0, 0.0, 0.0, 0.0, 0.0, 0.0, 0.0, 0.0, 0.0, 0.0, 0.0, 0.0, 0.0, 0.0, 0.0, 0.0, 0.0, 0.0, 0.0, 0.0, 0.0, 0.0, 0.0, 0.0, 0.0, 0.0, 0.0, 0.0, 0.0, 0.0, 0.0, 0.0, 0.0, 0.0, 0.0, 0.0, 0.0, 0.0, 0.0, 0.0, 0.0, 0.0, 0.0, 0.0, 0.0, 0.0, 0.0, 0.0, 0.0, 0.0, 0.0, 0.0, 0.0, 0.0, 0.0, 0.0, 0.0, 0.0, 0.0, 0.0, 0.0, 0.0, 0.0, 0.0, 0.0, 0.0, 0.0, 0.0, 0.0, 0.0, 0.0, 0.0, 0.0, 0.0, 0.0, 0.0, 0.0, 0.0, 0.0, 0.0, 0.0, 0.0, 0.0, 0.0, 0.0, 0.0, 0.0, 0.0, 0.0, 0.0, 0.0, 0.0, 0.0, 0.0, 0.0, 0.0, 0.0]",0.5,0.5,0,"[0, 0, 0, 0, 0, 0, 0, 0, 0, 0, 0, 0, 0, 0, 0, 0, 0, 0, 0, 0, 0, 0, 0, 0, 0, 0, 0, 0, 0, 0, 0, 0, 0, 0, 0, 0, 0, 0, 0, 0, 0, 0, 0, 0, 0, 0, 0, 0, 0, 0, 0, 0, 0, 0, 0, 0, 0, 0, 0, 0, 0, 0, 0, 0, 0, 0, 0, 0, 0, 0, 0, 0, 0, 0, 0, 0, 0, 0, 0, 0, 0, 0, 0, 0, 0, 0, 0, 0, 0, 0, 0, 0, 0, 0, 0, 0, 0, 0, 0, 0, 0, 0, 0, 0, 0, 0, 0, 0, 0, 0, 0, 0, 0, 0, 0, 0, 0, 0, 0, 0, 0, 0, 0, 0, 0, 0, 0, 0, 0, 0, 0, 0, 0, 0, 0, 0, 0, 0, 0, 0, 0, 0, 0, 0, 0, 0, 0, 0, 0, 0, 0, 0, 0, 0, 0, 0, 0, 0, 0, 0, 0, 0, 0, 0, 0, 0, 0, 0, 0, 0, 0, 0, 0, 0, 0, 0, 0, 0, 0, 0, 0, 0, 0, 0, 0, 0, 0, 0, 0, 0, 0, 0, 0, 0, 0, 0, 0, 0, 0, 0, 0, 0, 0, 0, 0, 0, 0, 0, 0, 0, 0, 0, 0, 0, 0, 0, 0, 0, 0, 0, 0, 0, 0, 0, 0, 0, 0, 0, 0, 0, 0, 0, 0, 0, 0, 0, 0, 0, 0, 0, 0, 0, 0, 0, 0, 0, 0, 0, 0, 0, 0, 0, 0, 0, 0, 0, 0, 0, 0, 0, 0, 0, 0, 0, 0, 0, 0, 0, 0, 0, 0, 0, 0, 0, 0, 0, 0, 0, 0, 0, 0, 0, 0, 0, 0, 0, 0, 0, 0, 0, 0, 0, 0, 0, 0, 0, 0, 0, 0, 0, 0, 0, 0, 0, 0, 0, 0, 0, 0, 0, 0, 0, 0, 0, 0, 0, 0, 0, 0, 0, 0, 0, 0, 0, 0, 0, 0, 0, 0, 0, 0, 0, 0, 0, 0, 0, 0, 0, 0, 0, 0, 0, 0, 0, 0, 0, 0, 0, 0, 0, 0, 0, 0, 0, 0, 0, 0, 0, 0, 0, 0, 0, 0, 0, 0, 0, 0, 0, 0, 0, 0, 0, 0, 0, 0, 0, 0, 0, 0, 0, 0, 0, 0, 0, 0, 0, 0, 0, 0, 0, 0, 0, 0, 0, 0]",395,"[0.4085427224636078, 0.40724098682403564, 0.4120432138442993, 0.4101603031158447, 0.41823723912239075, 0.4077782928943634, 0.4572438895702362, 0.40725040435791016, 0.4074033796787262, 0.4106183648109436, 0.40986841917037964, 0.40825799107551575, 0.4083501696586609, 0.40731316804885864, 0.409500390291214, 0.4074104428291321, 0.4076635241508484, 0.4109145998954773, 0.4073483347892761, 0.4141620993614197, 0.4262080490589142, 0.4080052673816681, 0.4129284620285034, 0.417958527803421, 0.40912550687789917, 0.408534973859787, 0.4114769697189331, 0.4100697338581085, 0.40744808316230774, 0.4079681634902954, 0.4074985980987549, 0.4131649434566498, 0.4073196053504944, 0.4077983498573303, 0.408214271068573, 0.40864241123199463, 0.4355875849723816, 0.4123898446559906, 0.41720783710479736, 0.4131416082382202, 0.4082183837890625, 0.41347357630729675, 0.4635935127735138, 0.41840943694114685, 0.4231387674808502, 0.41123566031455994, 0.40728336572647095, 0.4074626863002777, 0.4116607904434204, 0.4163753390312195, 0.4083673357963562, 0.4097250699996948, 0.40739575028419495, 0.4187977612018585, 0.42667168378829956, 0.410665899515152, 0.41075289249420166, 0.41818684339523315, 0.4261054992675781, 0.40859225392341614, 0.408883661031723, 0.41683050990104675, 0.40965574979782104, 0.40751752257347107, 0.41479912400245667, 0.4117756187915802, 0.4094412624835968, 0.4342043995857239, 0.40723028779029846, 0.43049362301826477, 0.4136444330215454, 0.41209423542022705, 0.4280397295951843, 0.4085147976875305, 0.4109494388103485, 0.40869101881980896, 0.410429984331131, 0.40761157870292664, 0.41445136070251465, 0.41185683012008667, 0.4097980260848999, 0.41013747453689575, 0.4074026346206665, 0.4072421193122864, 0.4088687002658844, 0.40785786509513855, 0.4133736789226532, 0.41488075256347656, 0.41590893268585205, 0.4153333604335785, 0.4072314202785492, 0.40853673219680786, 0.4086371660232544, 0.4203644096851349, 0.42736342549324036, 0.43123626708984375, 0.4101818799972534, 0.4077451229095459, 0.40728244185447693, 0.4218570291996002, 0.4082528054714203, 0.4102373421192169, 0.42105162143707275, 0.41500622034072876, 0.4075765907764435, 0.407235324382782, 0.4200405478477478, 0.4106019139289856, 0.42593562602996826, 0.40890079736709595, 0.4087343215942383, 0.4133715331554413, 0.4074600338935852, 0.40876874327659607, 0.40732306241989136, 0.40803441405296326, 0.421448290348053, 0.42551949620246887, 0.4102671146392822, 0.42383959889411926, 0.40833038091659546, 0.4091516137123108, 0.4110105037689209, 0.4108958840370178, 0.4101155400276184, 0.40992915630340576, 0.4093722999095917, 0.4072462022304535, 0.4090585708618164, 0.4117708206176758, 0.40839987993240356, 0.4077569842338562, 0.4223155677318573, 0.40828537940979004, 0.4072524905204773, 0.4073154926300049, 0.4073270559310913, 0.4074007272720337, 0.40937939286231995, 0.41208726167678833, 0.40794578194618225, 0.41101279854774475, 0.41390538215637207, 0.4086260497570038, 0.41727709770202637, 0.41821521520614624, 0.4095478951931, 0.40854740142822266, 0.40722978115081787, 0.40737593173980713, 0.40976253151893616, 0.4096427857875824, 0.40725767612457275, 0.40781810879707336, 0.4091747999191284, 0.4085351228713989, 0.4094225764274597, 0.40825679898262024, 0.40855762362480164, 0.4184589087963104, 0.41684451699256897, 0.40852177143096924, 0.420291543006897, 0.42622488737106323, 0.4080413579940796, 0.40901169180870056, 0.40842726826667786, 0.4099345803260803, 0.4148316979408264, 0.4080168902873993, 0.40739667415618896, 0.41305628418922424, 0.42054927349090576, 0.41102108359336853, 0.4111386835575104, 0.41359955072402954, 0.4080359935760498, 0.4078574776649475, 0.40737059712409973, 0.40738531947135925, 0.4330648183822632, 0.40732911229133606, 0.41101956367492676, 0.407273530960083, 0.4140222668647766, 0.4087304174900055, 0.415261834859848, 0.4105713367462158, 0.4152580201625824, 0.41101497411727905, 0.4085218012332916, 0.4075024425983429, 0.41515541076660156, 0.42610275745391846, 0.40926823019981384, 0.4072628319263458, 0.4074873626232147, 0.4112432897090912, 0.407584011554718, 0.42981255054473877, 0.407759428024292, 0.42512404918670654, 0.41144177317619324, 0.42363640666007996, 0.4083467125892639, 0.40722739696502686, 0.4184553027153015, 0.41271859407424927, 0.4073013961315155, 0.4249418377876282, 0.4075629413127899, 0.408081591129303, 0.41338661313056946, 0.41627952456474304, 0.40725862979888916, 0.41645774245262146, 0.4072263240814209, 0.40966153144836426, 0.4078086018562317, 0.4095076024532318, 0.4085404872894287, 0.41553443670272827, 0.4078390598297119, 0.4079858660697937, 0.407253235578537, 0.41651272773742676, 0.4072262942790985, 0.40949684381484985, 0.4135868549346924, 0.4093070328235626, 0.4078057110309601, 0.4074498414993286, 0.41153523325920105, 0.40839019417762756, 0.4082489311695099, 0.41195908188819885, 0.4073595702648163, 0.4093122184276581, 0.4072844982147217, 0.4237947463989258, 0.4078734517097473, 0.40901073813438416, 0.4079533517360687, 0.4130050241947174, 0.4171886742115021, 0.41537025570869446, 0.40752482414245605, 0.41431593894958496, 0.411671906709671, 0.4242953062057495, 0.4075702428817749, 0.40784573554992676, 0.43052396178245544, 0.4082769453525543, 0.40741202235221863, 0.4089277386665344, 0.40731924772262573, 0.40728819370269775, 0.41228893399238586, 0.42928677797317505, 0.41160184144973755, 0.4073631167411804, 0.4078504145145416, 0.40737292170524597, 0.408264696598053, 0.40761834383010864, 0.4100510776042938, 0.40783238410949707, 0.41160717606544495, 0.4096551835536957, 0.4084305167198181, 0.40791812539100647, 0.40974265336990356, 0.407353937625885, 0.4085184335708618, 0.4128028452396393, 0.4113032817840576, 0.40794429183006287, 0.4109726846218109, 0.4096513092517853, 0.4079433083534241, 0.40723368525505066, 0.40837863087654114, 0.40741652250289917, 0.4184064567089081, 0.41247236728668213, 0.4073970913887024, 0.40872424840927124, 0.40954524278640747, 0.40861034393310547, 0.41068512201309204, 0.41096410155296326, 0.42133140563964844, 0.40995943546295166, 0.4074845016002655, 0.4157577455043793, 0.4073801338672638, 0.42365846037864685, 0.4075638949871063, 0.4121054708957672, 0.41310298442840576, 0.4226047992706299, 0.4085356891155243, 0.4098678529262543, 0.41000521183013916, 0.4091867208480835, 0.4072517156600952, 0.40765580534935, 0.40907299518585205, 0.4087445139884949, 0.40838339924812317, 0.4150073230266571, 0.41475141048431396, 0.409592866897583, 0.4095580577850342, 0.4074384570121765, 0.40801551938056946, 0.41041168570518494, 0.4072524607181549, 0.4099910855293274, 0.40759754180908203, 0.4075622856616974, 0.407253623008728, 0.42413198947906494, 0.41541004180908203, 0.4129510819911957, 0.4073885679244995, 0.41555359959602356, 0.41096770763397217, 0.40760093927383423, 0.41755712032318115, 0.4072301387786865, 0.4139014482498169, 0.4076656401157379, 0.41447609663009644, 0.4074258506298065, 0.408372700214386, 0.4087821841239929, 0.4257514476776123, 0.40723809599876404, 0.40987899899482727, 0.4074583351612091, 0.40785008668899536, 0.4096038043498993, 0.411061555147171, 0.41395068168640137, 0.41568881273269653, 0.4075677990913391, 0.41064453125, 0.4073978066444397, 0.4076743423938751, 0.40842726826667786, 0.40758761763572693, 0.41089341044425964, 0.41254085302352905, 0.41709816455841064, 0.4096977710723877, 0.41043204069137573, 0.41946396231651306, 0.4127087891101837, 0.4087982177734375, 0.40742918848991394, 0.40765249729156494, 0.40742889046669006, 0.40726956725120544, 0.4072490930557251, 0.40772733092308044, 0.4080873727798462, 0.4093260169029236, 0.41378822922706604, 0.40724363923072815, 0.4141843318939209, 0.4104418456554413, 0.4112169146537781, 0.40797439217567444, 0.4072261452674866, 0.4078048765659332, 0.41340500116348267, 0.40724068880081177, 0.40753960609436035, 0.4199114143848419, 0.41062355041503906, 0.4170578718185425, 0.4117802083492279, 0.40787509083747864, 0.411459743976593, 0.4074137508869171, 0.41291090846061707, 0.4107533395290375, 0.40726619958877563, 0.41075003147125244, 0.40891018509864807, 0.41912388801574707, 0.4113277494907379, 0.41046226024627686]",0.0,"[0.0, 0.0, 0.0, 0.0, 0.0, 0.0, 0.0, 0.0, 0.0, 0.0, 0.0, 0.0, 0.0, 0.0, 0.0, 0.0, 0.0, 0.0, 0.0, 0.0, 0.0, 0.0, 0.0, 0.0, 0.0, 0.0, 0.0, 0.0, 0.0, 0.0, 0.0, 0.0, 0.0, 0.0, 0.0, 0.0, 0.0, 0.0, 0.0, 0.0, 0.0, 0.0, 0.0, 0.0, 0.0, 0.0, 0.0, 0.0, 0.0, 0.0, 0.0, 0.0, 0.0, 0.0, 0.0, 0.0, 0.0, 0.0, 0.0, 0.0, 0.0, 0.0, 0.0, 0.0, 0.0, 0.0, 0.0, 0.0, 0.0, 0.0, 0.0, 0.0, 0.0, 0.0, 0.0, 0.0, 0.0, 0.0, 0.0, 0.0, 0.0, 0.0, 0.0, 0.0, 0.0, 0.0, 0.0, 0.0, 0.0, 0.0, 0.0, 0.0, 0.0, 0.0, 0.0, 0.0, 0.0, 0.0, 0.0, 0.0, 0.0, 0.0, 0.0, 0.0, 0.0, 0.0, 0.0, 0.0, 0.0, 0.0, 0.0, 0.0, 0.0, 0.0, 0.0, 0.0, 0.0, 0.0, 0.0, 0.0, 0.0, 0.0, 0.0, 0.0, 0.0, 0.0, 0.0, 0.0, 0.0, 0.0, 0.0, 0.0, 0.0, 0.0, 0.0, 0.0, 0.0, 0.0, 0.0, 0.0, 0.0, 0.0, 0.0, 0.0, 0.0, 0.0, 0.0, 0.0, 0.0, 0.0, 0.0, 0.0, 0.0, 0.0, 0.0, 0.0, 0.0, 0.0, 0.0, 0.0, 0.0, 0.0, 0.0, 0.0, 0.0, 0.0, 0.0, 0.0, 0.0, 0.0, 0.0, 0.0, 0.0, 0.0, 0.0, 0.0, 0.0, 0.0, 0.0, 0.0, 0.0, 0.0, 0.0, 0.0, 0.0, 0.0, 0.0, 0.0, 0.0, 0.0, 0.0, 0.0, 0.0, 0.0, 0.0, 0.0, 0.0, 0.0, 0.0, 0.0, 0.0, 0.0, 0.0, 0.0, 0.0, 0.0, 0.0, 0.0, 0.0, 0.0, 0.0, 0.0, 0.0, 0.0, 0.0, 0.0, 0.0, 0.0, 0.0, 0.0, 0.0, 0.0, 0.0, 0.0, 0.0, 0.0, 0.0, 0.0, 0.0, 0.0, 0.0, 0.0, 0.0, 0.0, 0.0, 0.0, 0.0, 0.0, 0.0, 0.0, 0.0, 0.0, 0.0, 0.0, 0.0, 0.0, 0.0, 0.0, 0.0, 0.0, 0.0, 0.0, 0.0, 0.0, 0.0, 0.0, 0.0, 0.0, 0.0, 0.0, 0.0, 0.0, 0.0, 0.0, 0.0, 0.0, 0.0, 0.0, 0.0, 0.0, 0.0, 0.0, 0.0, 0.0, 0.0, 0.0, 0.0, 0.0, 0.0, 0.0, 0.0, 0.0, 0.0, 0.0, 0.0, 0.0, 0.0, 0.0, 0.0, 0.0, 0.0, 0.0, 0.0, 0.0, 0.0, 0.0, 0.0, 0.0, 0.0, 0.0, 0.0, 0.0, 0.0, 0.0, 0.0, 0.0, 0.0, 0.0, 0.0, 0.0, 0.0, 0.0, 0.0, 0.0, 0.0, 0.0, 0.0, 0.0, 0.0, 0.0, 0.0, 0.0, 0.0, 0.0, 0.0, 0.0, 0.0, 0.0, 0.0, 0.0, 0.0, 0.0, 0.0, 0.0, 0.0, 0.0, 0.0, 0.0, 0.0, 0.0, 0.0, 0.0, 0.0, 0.0, 0.0, 0.0, 0.0, 0.0, 0.0, 0.0, 0.0, 0.0, 0.0, 0.0, 0.0, 0.0, 0.0, 0.0, 0.0, 0.0, 0.0, 0.0, 0.0, 0.0, 0.0, 0.0, 0.0, 0.0, 0.0, 0.0, 0.0, 0.0, 0.0, 0.0, 0.0, 0.0, 0.0, 0.0, 0.0, 0.0, 0.0, 0.0, 0.0, 0.0, 0.0, 0.0, 0.0, 0.0, 0.0, 0.0, 0.0, 0.0, 0.0, 0.0, 0.0]",COMPLETE
