,number,value,datetime_start,datetime_complete,duration,params_batch_size_scaler,params_constant_learning_rate,params_depth,params_epochs,params_kernel_l2,params_num_trees,params_temperature,user_attrs_accuracy_test,user_attrs_accuracy_valid,user_attrs_approximate_feature_sparsity,user_attrs_approximate_feature_sparsity_history,user_attrs_approximate_weight_sparsity,user_attrs_approximate_weight_sparsity_history,user_attrs_auc_test,user_attrs_auc_valid,user_attrs_feature_sparsity,user_attrs_feature_sparsity_history,user_attrs_num_epochs,user_attrs_val_loss_history,user_attrs_weight_sparsity,user_attrs_weight_sparsity_history,state
33,33,0.913604101454316,2024-08-31 01:55:48.539557,2024-08-31 01:56:34.698481,0 days 00:00:46.158924,16,0.08099524319415842,1,375,0.052512638496283535,75,0.015671733098533577,0.914,0.91375,25,"[33, 33, 33, 33, 33, 33, 33, 33, 33, 33, 33, 33, 33, 33, 33, 33, 33, 33, 33, 33, 33, 33, 33, 33, 33, 33, 33, 33, 33, 33, 33, 33, 33, 33, 33, 33, 33, 33, 33, 33, 33, 33, 33, 33, 33, 33, 33, 33, 33, 33, 33, 33, 33, 33, 33, 33, 33, 33, 33, 33, 33, 33, 33, 33, 33, 33, 33, 33, 33, 33, 33, 33, 33, 33, 33, 33, 33, 33, 33, 33, 33, 33, 33, 33, 33, 33, 33, 33, 33, 33, 33, 33, 33, 33, 33, 33, 33, 33, 33, 33, 33, 33, 33, 33, 33, 33, 33, 33, 33, 33, 33, 33, 33, 33, 33, 33, 33, 33, 33, 33, 33, 33, 33, 33, 33, 33, 33, 33, 33, 33, 33, 33, 33, 33, 33, 33, 33, 33, 33, 33, 33, 33, 33, 33, 33, 33, 33, 33, 33, 33, 33, 33, 33, 33, 33, 33, 33, 33, 33, 33, 33, 33, 33, 33, 33, 33, 33, 33, 33, 33, 33, 33, 33, 33, 33, 33, 33, 33, 33, 33, 33, 33, 33, 33, 33, 33, 33, 33, 33, 33, 33, 33, 33, 33, 33, 33, 33, 33, 33, 33, 33, 33, 33, 33, 33, 33, 33, 33, 33, 33, 33, 33, 33, 33, 33, 33, 33, 33, 33, 33, 32, 32, 32, 32, 32, 32, 32, 32, 32, 32, 32, 32, 32, 32, 32, 32, 32, 32, 32, 32, 32, 32, 32, 32, 32, 32, 32, 32, 32, 32, 32, 32, 31, 31, 31, 31, 31, 31, 31, 31, 31, 31, 31, 31, 31, 31, 31, 31, 31, 31, 31, 31, 31, 31, 31, 31, 31, 31, 31, 31, 31, 31, 31, 31, 31, 30, 30, 30, 30, 30, 30, 30, 30, 30, 30, 29, 29, 29, 29, 29, 29, 29, 29, 29, 29, 29, 29, 29, 29, 29, 29, 29, 29, 29, 29, 29, 29, 29, 29, 29, 29, 29, 29, 29, 29, 29, 29, 29, 29, 29, 29, 29, 29, 29, 29, 29, 29, 29, 29, 29, 29, 29, 29, 29, 29, 29, 29, 29, 29, 29, 28, 28, 27, 26, 26, 26, 26, 26, 26, 26, 25, 25, 25, 25, 25, 25, 25, 25, 25, 25, 25, 25, 25, 25, 25]",24.933333333333334,"[33.0, 32.96, 33.0, 33.0, 33.0, 33.0, 32.986666666666665, 33.0, 33.0, 32.97333333333333, 32.97333333333333, 32.986666666666665, 32.986666666666665, 33.0, 32.986666666666665, 33.0, 33.0, 33.0, 33.0, 33.0, 33.0, 32.986666666666665, 32.986666666666665, 32.986666666666665, 32.986666666666665, 32.97333333333333, 32.96, 33.0, 33.0, 33.0, 33.0, 32.986666666666665, 32.986666666666665, 33.0, 33.0, 32.986666666666665, 33.0, 33.0, 33.0, 33.0, 33.0, 33.0, 33.0, 33.0, 33.0, 33.0, 33.0, 33.0, 32.986666666666665, 32.97333333333333, 33.0, 32.986666666666665, 32.986666666666665, 32.986666666666665, 33.0, 32.97333333333333, 32.97333333333333, 33.0, 33.0, 33.0, 33.0, 33.0, 32.986666666666665, 32.986666666666665, 32.986666666666665, 32.986666666666665, 32.986666666666665, 32.986666666666665, 32.986666666666665, 32.986666666666665, 32.986666666666665, 33.0, 32.986666666666665, 32.986666666666665, 32.97333333333333, 33.0, 33.0, 32.97333333333333, 33.0, 32.986666666666665, 33.0, 32.97333333333333, 32.96, 33.0, 33.0, 32.97333333333333, 32.986666666666665, 32.986666666666665, 32.986666666666665, 32.986666666666665, 32.986666666666665, 32.986666666666665, 32.97333333333333, 32.986666666666665, 32.97333333333333, 33.0, 33.0, 32.986666666666665, 33.0, 32.986666666666665, 32.986666666666665, 32.97333333333333, 32.986666666666665, 32.986666666666665, 32.986666666666665, 33.0, 32.986666666666665, 33.0, 33.0, 32.986666666666665, 33.0, 33.0, 33.0, 33.0, 32.986666666666665, 33.0, 33.0, 32.986666666666665, 32.986666666666665, 32.97333333333333, 32.986666666666665, 32.96, 32.946666666666665, 32.97333333333333, 32.97333333333333, 32.97333333333333, 32.946666666666665, 32.97333333333333, 32.97333333333333, 32.97333333333333, 32.97333333333333, 32.97333333333333, 32.986666666666665, 32.986666666666665, 32.986666666666665, 32.97333333333333, 32.96, 32.96, 32.97333333333333, 32.96, 32.97333333333333, 32.96, 32.96, 32.986666666666665, 32.97333333333333, 32.97333333333333, 32.986666666666665, 32.96, 32.97333333333333, 32.986666666666665, 32.97333333333333, 32.96, 32.986666666666665, 32.986666666666665, 32.986666666666665, 32.986666666666665, 32.986666666666665, 32.986666666666665, 32.986666666666665, 32.97333333333333, 32.986666666666665, 32.96, 32.97333333333333, 32.97333333333333, 32.986666666666665, 32.986666666666665, 32.96, 32.97333333333333, 32.97333333333333, 32.986666666666665, 32.986666666666665, 32.986666666666665, 32.97333333333333, 32.986666666666665, 32.96, 32.96, 32.97333333333333, 32.986666666666665, 32.986666666666665, 32.96, 32.93333333333334, 32.946666666666665, 32.96, 32.93333333333334, 32.96, 32.96, 32.946666666666665, 32.97333333333333, 32.946666666666665, 32.97333333333333, 32.96, 32.97333333333333, 32.97333333333333, 32.96, 32.97333333333333, 32.986666666666665, 32.986666666666665, 32.986666666666665, 32.986666666666665, 32.97333333333333, 32.986666666666665, 32.96, 32.986666666666665, 32.97333333333333, 32.97333333333333, 32.986666666666665, 32.986666666666665, 32.97333333333333, 32.96, 32.97333333333333, 32.986666666666665, 32.97333333333333, 32.97333333333333, 32.97333333333333, 32.96, 32.986666666666665, 32.97333333333333, 32.96, 32.96, 32.986666666666665, 31.986666666666665, 31.986666666666665, 31.986666666666665, 31.973333333333333, 31.973333333333333, 31.986666666666665, 31.973333333333333, 31.986666666666665, 31.986666666666665, 31.96, 31.96, 31.973333333333333, 31.933333333333334, 31.96, 31.986666666666665, 31.986666666666665, 31.986666666666665, 31.986666666666665, 31.986666666666665, 31.973333333333333, 31.973333333333333, 31.96, 31.96, 31.973333333333333, 31.96, 31.986666666666665, 31.96, 31.973333333333333, 31.946666666666665, 31.973333333333333, 31.986666666666665, 31.946666666666665, 30.986666666666665, 30.986666666666665, 30.986666666666665, 31.0, 30.986666666666665, 30.986666666666665, 30.986666666666665, 31.0, 31.0, 31.0, 31.0, 30.973333333333333, 30.96, 30.973333333333333, 30.973333333333333, 30.986666666666665, 30.96, 30.946666666666665, 30.986666666666665, 30.973333333333333, 30.986666666666665, 30.946666666666665, 30.946666666666665, 30.986666666666665, 30.973333333333333, 30.986666666666665, 30.973333333333333, 30.973333333333333, 30.973333333333333, 30.973333333333333, 30.986666666666665, 30.986666666666665, 30.973333333333333, 29.973333333333333, 30.0, 30.0, 30.0, 30.0, 30.0, 29.986666666666668, 29.973333333333333, 29.973333333333333, 29.973333333333333, 28.973333333333333, 28.946666666666665, 28.96, 28.973333333333333, 28.973333333333333, 28.946666666666665, 28.96, 28.986666666666665, 28.986666666666665, 28.986666666666665, 28.986666666666665, 28.973333333333333, 28.96, 28.96, 28.986666666666665, 28.973333333333333, 28.946666666666665, 28.973333333333333, 28.986666666666665, 29.0, 29.0, 29.0, 28.986666666666665, 29.0, 28.986666666666665, 28.986666666666665, 29.0, 29.0, 28.973333333333333, 28.973333333333333, 29.0, 29.0, 29.0, 29.0, 29.0, 29.0, 29.0, 29.0, 29.0, 29.0, 28.973333333333333, 28.986666666666665, 28.986666666666665, 28.986666666666665, 28.986666666666665, 29.0, 28.986666666666665, 28.986666666666665, 28.96, 28.986666666666665, 28.986666666666665, 29.0, 29.0, 28.986666666666665, 29.0, 28.0, 28.0, 27.0, 26.0, 26.0, 26.0, 26.0, 26.0, 26.0, 26.0, 25.0, 24.973333333333333, 24.986666666666665, 25.0, 24.986666666666665, 24.986666666666665, 24.973333333333333, 24.94666666666667, 24.96, 24.946666666666665, 24.92, 24.946666666666665, 24.96, 24.973333333333333, 24.933333333333334]",0.9028723817072465,0.913604101454316,25,"[33, 33, 33, 33, 33, 33, 33, 33, 33, 33, 33, 33, 33, 33, 33, 33, 33, 33, 33, 33, 33, 33, 33, 33, 33, 33, 33, 33, 33, 33, 33, 33, 33, 33, 33, 33, 33, 33, 33, 33, 33, 33, 33, 33, 33, 33, 33, 33, 33, 33, 33, 33, 33, 33, 33, 33, 33, 33, 33, 33, 33, 33, 33, 33, 33, 33, 33, 33, 33, 33, 33, 33, 33, 33, 33, 33, 33, 33, 33, 33, 33, 33, 33, 33, 33, 33, 33, 33, 33, 33, 33, 33, 33, 33, 33, 33, 33, 33, 33, 33, 33, 33, 33, 33, 33, 33, 33, 33, 33, 33, 33, 33, 33, 33, 33, 33, 33, 33, 33, 33, 33, 33, 33, 33, 33, 33, 33, 33, 33, 33, 33, 33, 33, 33, 33, 33, 33, 33, 33, 33, 33, 33, 33, 33, 33, 33, 33, 33, 33, 33, 33, 33, 33, 33, 33, 33, 33, 33, 33, 33, 33, 33, 33, 33, 33, 33, 33, 33, 33, 33, 33, 33, 33, 33, 33, 33, 33, 33, 33, 33, 33, 33, 33, 33, 33, 33, 33, 33, 33, 33, 33, 33, 33, 33, 33, 33, 33, 33, 33, 33, 33, 33, 33, 33, 33, 33, 33, 33, 33, 33, 33, 33, 33, 33, 33, 33, 33, 33, 33, 33, 32, 32, 32, 32, 32, 32, 32, 32, 32, 32, 32, 32, 32, 32, 32, 32, 32, 32, 32, 32, 32, 32, 32, 32, 32, 32, 32, 32, 32, 32, 32, 32, 31, 31, 31, 31, 31, 31, 31, 31, 31, 31, 31, 31, 31, 31, 31, 31, 31, 31, 31, 31, 31, 31, 31, 31, 31, 31, 31, 31, 31, 31, 31, 31, 31, 30, 30, 30, 30, 30, 30, 30, 30, 30, 30, 29, 29, 29, 29, 29, 29, 29, 29, 29, 29, 29, 29, 29, 29, 29, 29, 29, 29, 29, 29, 29, 29, 29, 29, 29, 29, 29, 29, 29, 29, 29, 29, 29, 29, 29, 29, 29, 29, 29, 29, 29, 29, 29, 29, 29, 29, 29, 29, 29, 29, 29, 29, 29, 29, 29, 28, 28, 27, 26, 26, 26, 26, 26, 26, 26, 25, 25, 25, 25, 25, 25, 25, 25, 25, 25, 25, 25, 25, 25, 25]",375,"[0.437498539686203, 0.4305766820907593, 0.42066067457199097, 0.41772744059562683, 0.4110674560070038, 0.422787070274353, 0.40520626306533813, 0.4027898907661438, 0.40151867270469666, 0.398817777633667, 0.39781561493873596, 0.39766925573349, 0.394616037607193, 0.3962281346321106, 0.3923444449901581, 0.3969300389289856, 0.3943265974521637, 0.3920796513557434, 0.3918198347091675, 0.388645201921463, 0.3867916464805603, 0.38458389043807983, 0.38346171379089355, 0.38386520743370056, 0.38607871532440186, 0.38360852003097534, 0.38451945781707764, 0.3786565363407135, 0.3778171241283417, 0.37866678833961487, 0.3767743706703186, 0.37579527497291565, 0.3744434118270874, 0.3734733462333679, 0.37342455983161926, 0.37254947423934937, 0.37658604979515076, 0.370235413312912, 0.37425121665000916, 0.36810004711151123, 0.36746352910995483, 0.36764413118362427, 0.3658805787563324, 0.36807310581207275, 0.36453425884246826, 0.3637813627719879, 0.3658686876296997, 0.36561131477355957, 0.3669176399707794, 0.3612919747829437, 0.3620172142982483, 0.35991930961608887, 0.36657458543777466, 0.3587697744369507, 0.3588297367095947, 0.3576992452144623, 0.361995130777359, 0.3598519265651703, 0.36016249656677246, 0.3553570806980133, 0.35480716824531555, 0.35477161407470703, 0.35390499234199524, 0.3552055060863495, 0.35283032059669495, 0.35333743691444397, 0.3525054454803467, 0.35213184356689453, 0.3510371446609497, 0.35298916697502136, 0.35020115971565247, 0.355164110660553, 0.34943535923957825, 0.3487083315849304, 0.3480212390422821, 0.349856972694397, 0.347929984331131, 0.34842976927757263, 0.3466852605342865, 0.3550761938095093, 0.3462531268596649, 0.3460235297679901, 0.3460519015789032, 0.34540751576423645, 0.34441322088241577, 0.3441944420337677, 0.3436688482761383, 0.3432080149650574, 0.3425164520740509, 0.3420380651950836, 0.3451756238937378, 0.3431054949760437, 0.34026461839675903, 0.3408580422401428, 0.3394363522529602, 0.34023213386535645, 0.339535117149353, 0.33863747119903564, 0.34233853220939636, 0.33800673484802246, 0.33671241998672485, 0.33943653106689453, 0.3361814022064209, 0.338461697101593, 0.33522310853004456, 0.3393300771713257, 0.33722934126853943, 0.33701619505882263, 0.33390533924102783, 0.33489522337913513, 0.33160725235939026, 0.33911341428756714, 0.33056697249412537, 0.33285436034202576, 0.33092665672302246, 0.3337211310863495, 0.32890793681144714, 0.3341737687587738, 0.3278880715370178, 0.3293972909450531, 0.33083584904670715, 0.3328205943107605, 0.3257557153701782, 0.32517707347869873, 0.324003666639328, 0.32708021998405457, 0.32296237349510193, 0.3245965838432312, 0.3215654492378235, 0.32617080211639404, 0.3253607153892517, 0.3197435438632965, 0.3217654526233673, 0.3181266784667969, 0.318185418844223, 0.31868982315063477, 0.32065626978874207, 0.3162122666835785, 0.3149278163909912, 0.3144022226333618, 0.31397804617881775, 0.3128248155117035, 0.3122750520706177, 0.31211498379707336, 0.31221577525138855, 0.309448778629303, 0.3101351261138916, 0.30944404006004333, 0.3088396489620209, 0.3105483949184418, 0.3098473846912384, 0.30558350682258606, 0.3060539960861206, 0.303945392370224, 0.30317261815071106, 0.3038392961025238, 0.30385369062423706, 0.30203160643577576, 0.3016044497489929, 0.30173712968826294, 0.3040134608745575, 0.30061963200569153, 0.2986297905445099, 0.3033953905105591, 0.2976570725440979, 0.29619425535202026, 0.2957182824611664, 0.29692351818084717, 0.2957557737827301, 0.29526540637016296, 0.2937944233417511, 0.29287368059158325, 0.29664695262908936, 0.29806119203567505, 0.3084809482097626, 0.30504000186920166, 0.2896800935268402, 0.28920409083366394, 0.28910312056541443, 0.2917305529117584, 0.2893522083759308, 0.28737547993659973, 0.28791573643684387, 0.28686028718948364, 0.2857503890991211, 0.2861293852329254, 0.285096138715744, 0.28433313965797424, 0.2839580774307251, 0.2849009931087494, 0.2839442193508148, 0.2853285074234009, 0.2818634510040283, 0.280626505613327, 0.2803955376148224, 0.28030505776405334, 0.2796577513217926, 0.2789475619792938, 0.27912190556526184, 0.2789515256881714, 0.27837249636650085, 0.2774040400981903, 0.27722451090812683, 0.2868730425834656, 0.27658095955848694, 0.27769389748573303, 0.2748406231403351, 0.27653056383132935, 0.2738545835018158, 0.27761340141296387, 0.2781522870063782, 0.2733103632926941, 0.2755218744277954, 0.27259355783462524, 0.27249783277511597, 0.27227967977523804, 0.2721622586250305, 0.27157852053642273, 0.27218934893608093, 0.2719899117946625, 0.27127310633659363, 0.2695378363132477, 0.2695882320404053, 0.2698490619659424, 0.26987424492836, 0.26863810420036316, 0.2686745226383209, 0.2679840326309204, 0.26920363306999207, 0.26743483543395996, 0.26797258853912354, 0.2680763006210327, 0.26662877202033997, 0.26679542660713196, 0.26809796690940857, 0.26544055342674255, 0.26606297492980957, 0.2674662470817566, 0.26545393466949463, 0.26480963826179504, 0.26627880334854126, 0.265267550945282, 0.26553359627723694, 0.2638735771179199, 0.26424092054367065, 0.26730015873908997, 0.2656156122684479, 0.262728750705719, 0.2626153826713562, 0.2623496949672699, 0.26569488644599915, 0.26204806566238403, 0.26308438181877136, 0.2634681165218353, 0.26519009470939636, 0.26101481914520264, 0.2611492872238159, 0.26011109352111816, 0.26024743914604187, 0.2607135474681854, 0.25941523909568787, 0.2593373954296112, 0.2601223289966583, 0.26124829053878784, 0.25900712609291077, 0.2588984966278076, 0.25912442803382874, 0.26109933853149414, 0.2580760419368744, 0.2577659487724304, 0.2576860189437866, 0.257824182510376, 0.261117547750473, 0.2575349807739258, 0.25700247287750244, 0.2619347870349884, 0.25720998644828796, 0.25669482350349426, 0.2565239667892456, 0.25691908597946167, 0.2594052851200104, 0.25639259815216064, 0.2557435631752014, 0.25688761472702026, 0.2555959224700928, 0.2543632984161377, 0.2581438720226288, 0.2545379102230072, 0.25429636240005493, 0.25510790944099426, 0.25756537914276123, 0.25355660915374756, 0.257677286863327, 0.252823144197464, 0.25408658385276794, 0.2543453872203827, 0.25221413373947144, 0.25164178013801575, 0.2511364817619324, 0.25108322501182556, 0.252042293548584, 0.25201910734176636, 0.2511506974697113, 0.2510547637939453, 0.25491616129875183, 0.25150468945503235, 0.251397967338562, 0.25174981355667114, 0.25075623393058777, 0.2525443732738495, 0.2514500916004181, 0.25103187561035156, 0.25001129508018494, 0.2499675303697586, 0.2502896785736084, 0.2525158226490021, 0.2522083818912506, 0.2513170540332794, 0.2530153691768646, 0.2508150041103363, 0.25467726588249207, 0.24958601593971252, 0.24943658709526062, 0.2496594935655594, 0.24943500757217407, 0.25008076429367065, 0.24994446337223053, 0.24872712790966034, 0.25184035301208496, 0.24902890622615814, 0.24882978200912476, 0.2500563859939575, 0.2483188807964325, 0.25004884600639343, 0.24825933575630188, 0.2482990026473999, 0.24791419506072998, 0.24983754754066467, 0.24939098954200745, 0.2476542443037033, 0.2477378100156784, 0.24841350317001343, 0.24739226698875427, 0.24773722887039185, 0.2472846657037735, 0.24689702689647675, 0.24754294753074646, 0.2467057853937149, 0.2479037493467331, 0.24671804904937744, 0.24691253900527954, 0.2462567836046219, 0.24574600160121918, 0.2449827641248703, 0.2467699497938156, 0.24580320715904236, 0.24472011625766754, 0.2447572648525238, 0.24443727731704712, 0.24437624216079712, 0.24915271997451782, 0.24338379502296448, 0.24338169395923615, 0.24325168132781982, 0.24410706758499146, 0.24398647248744965, 0.245932936668396, 0.2435162216424942, 0.2440718710422516, 0.24327854812145233, 0.2434622198343277, 0.24438229203224182, 0.24250847101211548, 0.2429264783859253, 0.24525336921215057]",25.0,"[33.0, 33.0, 33.0, 33.0, 33.0, 33.0, 33.0, 33.0, 33.0, 33.0, 33.0, 33.0, 33.0, 33.0, 33.0, 33.0, 33.0, 33.0, 33.0, 33.0, 33.0, 33.0, 33.0, 33.0, 33.0, 33.0, 33.0, 33.0, 33.0, 33.0, 33.0, 33.0, 33.0, 33.0, 33.0, 33.0, 33.0, 33.0, 33.0, 33.0, 33.0, 33.0, 33.0, 33.0, 33.0, 33.0, 33.0, 33.0, 33.0, 33.0, 33.0, 33.0, 33.0, 33.0, 33.0, 33.0, 33.0, 33.0, 33.0, 33.0, 33.0, 33.0, 33.0, 33.0, 33.0, 33.0, 33.0, 33.0, 33.0, 33.0, 33.0, 33.0, 33.0, 33.0, 33.0, 33.0, 33.0, 33.0, 33.0, 33.0, 33.0, 33.0, 33.0, 33.0, 33.0, 33.0, 33.0, 33.0, 33.0, 33.0, 33.0, 33.0, 33.0, 33.0, 33.0, 33.0, 33.0, 33.0, 33.0, 33.0, 33.0, 33.0, 33.0, 33.0, 33.0, 33.0, 33.0, 33.0, 33.0, 33.0, 33.0, 33.0, 33.0, 33.0, 33.0, 33.0, 33.0, 33.0, 33.0, 33.0, 33.0, 33.0, 33.0, 33.0, 33.0, 33.0, 33.0, 33.0, 33.0, 33.0, 33.0, 33.0, 33.0, 33.0, 33.0, 33.0, 33.0, 33.0, 33.0, 33.0, 33.0, 33.0, 33.0, 33.0, 33.0, 33.0, 33.0, 33.0, 33.0, 33.0, 33.0, 33.0, 33.0, 33.0, 33.0, 33.0, 33.0, 33.0, 33.0, 33.0, 33.0, 33.0, 33.0, 33.0, 33.0, 33.0, 33.0, 33.0, 33.0, 33.0, 33.0, 33.0, 33.0, 33.0, 33.0, 33.0, 33.0, 33.0, 33.0, 33.0, 33.0, 33.0, 33.0, 33.0, 33.0, 33.0, 33.0, 33.0, 33.0, 33.0, 33.0, 33.0, 33.0, 33.0, 33.0, 33.0, 33.0, 33.0, 33.0, 33.0, 33.0, 33.0, 33.0, 33.0, 33.0, 33.0, 33.0, 33.0, 33.0, 33.0, 33.0, 33.0, 33.0, 33.0, 33.0, 33.0, 33.0, 33.0, 33.0, 33.0, 32.0, 32.0, 32.0, 32.0, 32.0, 32.0, 32.0, 32.0, 32.0, 32.0, 32.0, 32.0, 32.0, 32.0, 32.0, 32.0, 32.0, 32.0, 32.0, 32.0, 32.0, 32.0, 32.0, 32.0, 32.0, 32.0, 32.0, 32.0, 32.0, 32.0, 32.0, 32.0, 31.0, 31.0, 31.0, 31.0, 31.0, 31.0, 31.0, 31.0, 31.0, 31.0, 31.0, 31.0, 31.0, 31.0, 31.0, 31.0, 31.0, 31.0, 31.0, 31.0, 31.0, 31.0, 31.0, 31.0, 31.0, 31.0, 31.0, 31.0, 31.0, 31.0, 31.0, 31.0, 31.0, 30.0, 30.0, 30.0, 30.0, 30.0, 30.0, 30.0, 30.0, 30.0, 30.0, 29.0, 29.0, 29.0, 29.0, 29.0, 29.0, 29.0, 29.0, 29.0, 29.0, 29.0, 29.0, 29.0, 29.0, 29.0, 29.0, 29.0, 29.0, 29.0, 29.0, 29.0, 29.0, 29.0, 29.0, 29.0, 29.0, 29.0, 29.0, 29.0, 29.0, 29.0, 29.0, 29.0, 29.0, 29.0, 29.0, 29.0, 29.0, 29.0, 29.0, 29.0, 29.0, 29.0, 29.0, 29.0, 29.0, 29.0, 29.0, 29.0, 29.0, 29.0, 29.0, 29.0, 29.0, 29.0, 28.0, 28.0, 27.0, 26.0, 26.0, 26.0, 26.0, 26.0, 26.0, 26.0, 25.0, 25.0, 25.0, 25.0, 25.0, 25.0, 25.0, 25.0, 25.0, 25.0, 25.0, 25.0, 25.0, 25.0, 25.0]",COMPLETE
