,number,value,datetime_start,datetime_complete,duration,params_batch_size_scaler,params_constant_learning_rate,params_depth,params_epochs,params_kernel_l2,params_num_trees,params_temperature,user_attrs_accuracy_test,user_attrs_accuracy_valid,user_attrs_approximate_feature_sparsity,user_attrs_approximate_feature_sparsity_history,user_attrs_approximate_weight_sparsity,user_attrs_approximate_weight_sparsity_history,user_attrs_auc_test,user_attrs_auc_valid,user_attrs_feature_sparsity,user_attrs_feature_sparsity_history,user_attrs_num_epochs,user_attrs_val_loss_history,user_attrs_weight_sparsity,user_attrs_weight_sparsity_history,state
54,54,0.5,2024-08-31 02:47:24.645310,2024-08-31 02:48:24.409329,0 days 00:00:59.764019,1,1.3428269705174354,3,75,0.7566860331389332,68,0.0004574774857342795,0.859,0.85875,0,"[10, 5, 4, 4, 2, 2, 2, 2, 1, 0, 0, 0, 0, 0, 0, 0, 0, 0, 0, 0, 0, 0, 0, 0, 0, 0, 0, 0, 0, 0, 0, 0, 0, 0, 0, 0, 0, 0, 0, 0, 0, 0, 0, 0, 0, 0, 0, 0, 0, 0, 0, 0, 0, 0, 0, 0, 0, 0, 0, 0, 0, 0, 0, 0, 0, 0, 0, 0, 0, 0, 0, 0, 0, 0, 0]",0.0,"[9.991596638655462, 4.993697478991597, 3.9936974789915967, 3.9936974789915967, 2.0, 1.9978991596638656, 1.9978991596638656, 2.0, 1.0, 0.0, 0.0, 0.0, 0.0, 0.0, 0.0, 0.0, 0.0, 0.0, 0.0, 0.0, 0.0, 0.0, 0.0, 0.0, 0.0, 0.0, 0.0, 0.0, 0.0, 0.0, 0.0, 0.0, 0.0, 0.0, 0.0, 0.0, 0.0, 0.0, 0.0, 0.0, 0.0, 0.0, 0.0, 0.0, 0.0, 0.0, 0.0, 0.0, 0.0, 0.0, 0.0, 0.0, 0.0, 0.0, 0.0, 0.0, 0.0, 0.0, 0.0, 0.0, 0.0, 0.0, 0.0, 0.0, 0.0, 0.0, 0.0, 0.0, 0.0, 0.0, 0.0, 0.0, 0.0, 0.0, 0.0]",0.5,0.5,0,"[10, 5, 4, 4, 2, 2, 2, 2, 1, 0, 0, 0, 0, 0, 0, 0, 0, 0, 0, 0, 0, 0, 0, 0, 0, 0, 0, 0, 0, 0, 0, 0, 0, 0, 0, 0, 0, 0, 0, 0, 0, 0, 0, 0, 0, 0, 0, 0, 0, 0, 0, 0, 0, 0, 0, 0, 0, 0, 0, 0, 0, 0, 0, 0, 0, 0, 0, 0, 0, 0, 0, 0, 0, 0, 0]",75,"[0.37506788969039917, 0.44042760133743286, 0.842384934425354, 0.43191608786582947, 0.44345107674598694, 1.609289526939392, 0.9291602969169617, 0.4046143591403961, 0.6814442276954651, 1.4881740808486938, 1.856286644935608, 0.43121376633644104, 0.4511466324329376, 1.4612704515457153, 0.806906521320343, 1.1950581073760986, 0.866282045841217, 1.8021453619003296, 1.269201636314392, 1.1912668943405151, 1.2219655513763428, 1.0646936893463135, 0.43604522943496704, 0.4115413427352905, 0.8506473302841187, 1.6421769857406616, 0.621569037437439, 0.8511123061180115, 0.8916133046150208, 0.5934917330741882, 0.6158650517463684, 0.8837582468986511, 0.7397806644439697, 1.5581343173980713, 0.6688902378082275, 0.42058512568473816, 1.3023954629898071, 0.42575645446777344, 0.853617787361145, 0.7291175723075867, 0.7708069086074829, 1.4387775659561157, 0.40847742557525635, 1.0209987163543701, 0.8199167847633362, 0.5866518616676331, 0.6282931566238403, 0.6586582064628601, 0.6520190238952637, 0.7931745648384094, 1.5743049383163452, 0.49032002687454224, 0.6323933005332947, 1.0425015687942505, 1.443915605545044, 0.4236185550689697, 1.4659664630889893, 0.52915358543396, 1.0389991998672485, 0.9370778799057007, 0.445119708776474, 0.6021493077278137, 0.5602173209190369, 0.5987249612808228, 0.4330657124519348, 1.589497685432434, 0.41360151767730713, 0.9542250633239746, 1.3785042762756348, 0.7666015028953552, 0.6838989853858948, 1.3635013103485107, 0.6781175136566162, 1.5847880840301514, 0.566358208656311]",0.0,"[10.0, 5.0, 4.0, 4.0, 2.0, 2.0, 2.0, 2.0, 1.0, 0.0, 0.0, 0.0, 0.0, 0.0, 0.0, 0.0, 0.0, 0.0, 0.0, 0.0, 0.0, 0.0, 0.0, 0.0, 0.0, 0.0, 0.0, 0.0, 0.0, 0.0, 0.0, 0.0, 0.0, 0.0, 0.0, 0.0, 0.0, 0.0, 0.0, 0.0, 0.0, 0.0, 0.0, 0.0, 0.0, 0.0, 0.0, 0.0, 0.0, 0.0, 0.0, 0.0, 0.0, 0.0, 0.0, 0.0, 0.0, 0.0, 0.0, 0.0, 0.0, 0.0, 0.0, 0.0, 0.0, 0.0, 0.0, 0.0, 0.0, 0.0, 0.0, 0.0, 0.0, 0.0, 0.0]",COMPLETE
55,55,0.5,2024-08-31 02:48:24.414852,2024-08-31 02:48:41.773064,0 days 00:00:17.358212,16,2.709005162695755,3,125,0.12122037032514653,1,0.009751698085958454,0.859,0.85875,0,"[0, 0, 0, 0, 0, 0, 0, 0, 0, 0, 0, 0, 0, 0, 0, 0, 0, 0, 0, 0, 0, 0, 0, 0, 0, 0, 0, 0, 0, 0, 0, 0, 0, 0, 0, 0, 0, 0, 0, 0, 0, 0, 0, 0, 0, 0, 0, 0, 0, 0, 0, 0, 0, 0, 0, 0, 0, 0, 0, 0, 0, 0, 0, 0, 0, 0, 0, 0, 0, 0, 0, 0, 0, 0, 0, 0, 0, 0, 0, 0, 0, 0, 0, 0, 0, 0, 0, 0, 0, 0, 0, 0, 0, 0, 0, 0, 0, 0, 0, 0, 0, 0, 0, 0, 0, 0, 0, 0, 0, 0, 0, 0, 0, 0, 0, 0, 0, 0, 0, 0, 0, 0, 0, 0, 0]",0.0,"[0.0, 0.0, 0.0, 0.0, 0.0, 0.0, 0.0, 0.0, 0.0, 0.0, 0.0, 0.0, 0.0, 0.0, 0.0, 0.0, 0.0, 0.0, 0.0, 0.0, 0.0, 0.0, 0.0, 0.0, 0.0, 0.0, 0.0, 0.0, 0.0, 0.0, 0.0, 0.0, 0.0, 0.0, 0.0, 0.0, 0.0, 0.0, 0.0, 0.0, 0.0, 0.0, 0.0, 0.0, 0.0, 0.0, 0.0, 0.0, 0.0, 0.0, 0.0, 0.0, 0.0, 0.0, 0.0, 0.0, 0.0, 0.0, 0.0, 0.0, 0.0, 0.0, 0.0, 0.0, 0.0, 0.0, 0.0, 0.0, 0.0, 0.0, 0.0, 0.0, 0.0, 0.0, 0.0, 0.0, 0.0, 0.0, 0.0, 0.0, 0.0, 0.0, 0.0, 0.0, 0.0, 0.0, 0.0, 0.0, 0.0, 0.0, 0.0, 0.0, 0.0, 0.0, 0.0, 0.0, 0.0, 0.0, 0.0, 0.0, 0.0, 0.0, 0.0, 0.0, 0.0, 0.0, 0.0, 0.0, 0.0, 0.0, 0.0, 0.0, 0.0, 0.0, 0.0, 0.0, 0.0, 0.0, 0.0, 0.0, 0.0, 0.0, 0.0, 0.0, 0.0]",0.5,0.5,0,"[0, 0, 0, 0, 0, 0, 0, 0, 0, 0, 0, 0, 0, 0, 0, 0, 0, 0, 0, 0, 0, 0, 0, 0, 0, 0, 0, 0, 0, 0, 0, 0, 0, 0, 0, 0, 0, 0, 0, 0, 0, 0, 0, 0, 0, 0, 0, 0, 0, 0, 0, 0, 0, 0, 0, 0, 0, 0, 0, 0, 0, 0, 0, 0, 0, 0, 0, 0, 0, 0, 0, 0, 0, 0, 0, 0, 0, 0, 0, 0, 0, 0, 0, 0, 0, 0, 0, 0, 0, 0, 0, 0, 0, 0, 0, 0, 0, 0, 0, 0, 0, 0, 0, 0, 0, 0, 0, 0, 0, 0, 0, 0, 0, 0, 0, 0, 0, 0, 0, 0, 0, 0, 0, 0, 0]",125,"[0.40880176424980164, 0.4075104594230652, 0.4072405695915222, 0.4072626531124115, 0.40764498710632324, 0.40750908851623535, 0.4072744846343994, 0.4073128402233124, 0.4073050618171692, 0.4072679579257965, 0.40772679448127747, 0.4073386490345001, 0.4073543846607208, 0.40781161189079285, 0.4076058268547058, 0.4073096811771393, 0.4075126647949219, 0.40745484828948975, 0.40722671151161194, 0.40753692388534546, 0.4072552025318146, 0.407251238822937, 0.40726473927497864, 0.40730738639831543, 0.407294362783432, 0.4072583317756653, 0.40732306241989136, 0.40731674432754517, 0.4072346091270447, 0.40728992223739624, 0.4076637923717499, 0.4073719084262848, 0.4072263240814209, 0.40748023986816406, 0.40735194087028503, 0.4072333872318268, 0.4074280858039856, 0.40737369656562805, 0.4075331389904022, 0.4073180854320526, 0.4073188304901123, 0.40747421979904175, 0.407368928194046, 0.40746548771858215, 0.407319039106369, 0.4073937237262726, 0.40723273158073425, 0.4072282314300537, 0.40727299451828003, 0.4072633385658264, 0.4072261154651642, 0.4072778820991516, 0.40723368525505066, 0.40740475058555603, 0.4074791669845581, 0.40747031569480896, 0.4072355031967163, 0.40722620487213135, 0.40752455592155457, 0.4073033928871155, 0.4074305295944214, 0.4072498679161072, 0.40735411643981934, 0.4072800576686859, 0.40727317333221436, 0.40733230113983154, 0.4072326421737671, 0.407367467880249, 0.407418817281723, 0.4083298146724701, 0.4072307348251343, 0.4073997437953949, 0.4072262942790985, 0.4074054956436157, 0.40723299980163574, 0.40741556882858276, 0.40764743089675903, 0.4074106514453888, 0.40741485357284546, 0.40723514556884766, 0.4072612524032593, 0.40725842118263245, 0.4078594446182251, 0.4072810113430023, 0.40775561332702637, 0.4073461890220642, 0.40765753388404846, 0.40724101662635803, 0.40737292170524597, 0.4073423445224762, 0.40723034739494324, 0.4072318375110626, 0.40724509954452515, 0.4073035717010498, 0.40736332535743713, 0.4074217975139618, 0.4076058566570282, 0.4072738587856293, 0.4077394902706146, 0.40731728076934814, 0.40745848417282104, 0.4072515070438385, 0.40730684995651245, 0.4072517454624176, 0.407455176115036, 0.40723296999931335, 0.40773293375968933, 0.4072337746620178, 0.4073300063610077, 0.40741318464279175, 0.40727248787879944, 0.40726226568222046, 0.4075652062892914, 0.4074603021144867, 0.4074605107307434, 0.40742623805999756, 0.40763238072395325, 0.40729957818984985, 0.4072447121143341, 0.4075956642627716, 0.4072893559932709, 0.40739157795906067, 0.40735968947410583, 0.4072604477405548, 0.40793782472610474]",0.0,"[0.0, 0.0, 0.0, 0.0, 0.0, 0.0, 0.0, 0.0, 0.0, 0.0, 0.0, 0.0, 0.0, 0.0, 0.0, 0.0, 0.0, 0.0, 0.0, 0.0, 0.0, 0.0, 0.0, 0.0, 0.0, 0.0, 0.0, 0.0, 0.0, 0.0, 0.0, 0.0, 0.0, 0.0, 0.0, 0.0, 0.0, 0.0, 0.0, 0.0, 0.0, 0.0, 0.0, 0.0, 0.0, 0.0, 0.0, 0.0, 0.0, 0.0, 0.0, 0.0, 0.0, 0.0, 0.0, 0.0, 0.0, 0.0, 0.0, 0.0, 0.0, 0.0, 0.0, 0.0, 0.0, 0.0, 0.0, 0.0, 0.0, 0.0, 0.0, 0.0, 0.0, 0.0, 0.0, 0.0, 0.0, 0.0, 0.0, 0.0, 0.0, 0.0, 0.0, 0.0, 0.0, 0.0, 0.0, 0.0, 0.0, 0.0, 0.0, 0.0, 0.0, 0.0, 0.0, 0.0, 0.0, 0.0, 0.0, 0.0, 0.0, 0.0, 0.0, 0.0, 0.0, 0.0, 0.0, 0.0, 0.0, 0.0, 0.0, 0.0, 0.0, 0.0, 0.0, 0.0, 0.0, 0.0, 0.0, 0.0, 0.0, 0.0, 0.0, 0.0, 0.0]",COMPLETE
56,56,0.9039043681003723,2024-08-31 02:48:42.961354,2024-08-31 02:49:17.425867,0 days 00:00:34.464513,16,0.48756011605893024,4,135,0.42156192981103136,68,0.0005452472392235014,0.917,0.915,13,"[33, 33, 33, 33, 33, 33, 33, 33, 33, 33, 33, 33, 33, 33, 33, 33, 33, 33, 33, 33, 33, 33, 33, 33, 33, 33, 33, 33, 33, 33, 33, 33, 33, 33, 33, 33, 33, 33, 33, 33, 33, 33, 33, 33, 33, 33, 33, 33, 33, 33, 33, 33, 33, 33, 33, 33, 33, 33, 33, 33, 32, 30, 27, 24, 21, 20, 20, 20, 20, 20, 19, 19, 18, 18, 17, 17, 17, 17, 17, 17, 17, 17, 16, 16, 16, 15, 15, 15, 15, 15, 15, 15, 15, 15, 15, 15, 15, 15, 15, 15, 15, 15, 15, 15, 15, 15, 15, 15, 15, 15, 15, 15, 15, 15, 15, 15, 15, 15, 15, 15, 15, 15, 15, 15, 15, 15, 15, 15, 15, 15, 15, 15, 14, 13, 13]",12.970588235294118,"[32.94803921568627, 32.955882352941174, 32.95490196078431, 32.955882352941174, 32.95490196078431, 32.96078431372549, 32.950980392156865, 32.95, 32.95882352941177, 32.95392156862745, 32.94019607843137, 32.95490196078431, 32.93921568627451, 32.94117647058824, 32.950980392156865, 32.95196078431373, 32.95196078431373, 32.94313725490196, 32.949999999999996, 32.94803921568627, 32.94705882352941, 32.94901960784314, 32.93921568627451, 32.95392156862745, 32.95, 32.95196078431373, 32.94509803921569, 32.95196078431373, 32.95392156862745, 32.937254901960785, 32.94509803921569, 32.94901960784314, 32.94901960784314, 32.94509803921569, 32.94509803921569, 32.956862745098036, 32.95392156862745, 32.94607843137255, 32.94901960784314, 32.95196078431373, 32.94901960784314, 32.95196078431373, 32.94607843137255, 32.930392156862744, 32.93921568627451, 32.937254901960785, 32.9343137254902, 32.924509803921566, 32.94117647058823, 32.931372549019606, 32.9264705882353, 32.925490196078435, 32.93529411764706, 32.93529411764706, 32.9343137254902, 32.92843137254902, 32.92941176470588, 32.92745098039216, 32.92156862745098, 32.9421568627451, 31.944117647058825, 29.937254901960785, 26.950000000000003, 23.94705882352941, 20.948039215686276, 19.950000000000003, 19.95980392156863, 19.965686274509803, 19.956862745098036, 19.958823529411767, 18.96078431372549, 18.961764705882352, 17.96764705882353, 17.96078431372549, 16.96470588235294, 16.968627450980392, 16.96372549019608, 16.969607843137254, 16.976470588235294, 16.973529411764705, 16.97352941176471, 16.969607843137254, 15.962745098039218, 15.970588235294116, 15.963725490196076, 14.96764705882353, 14.969607843137254, 14.96764705882353, 14.962745098039218, 14.96764705882353, 14.957843137254901, 14.963725490196078, 14.969607843137254, 14.971568627450981, 14.979411764705883, 14.98235294117647, 14.972549019607841, 14.97843137254902, 14.972549019607843, 14.972549019607843, 14.96764705882353, 14.958823529411763, 14.972549019607843, 14.972549019607843, 14.968627450980392, 14.969607843137254, 14.972549019607843, 14.97450980392157, 14.966666666666669, 14.961764705882354, 14.966666666666667, 14.972549019607843, 14.977450980392156, 14.970588235294116, 14.975490196078432, 14.979411764705883, 14.973529411764707, 14.964705882352943, 14.969607843137258, 14.980392156862745, 14.983333333333333, 14.976470588235294, 14.974509803921569, 14.971568627450981, 14.971568627450981, 14.972549019607843, 14.968627450980392, 14.974509803921567, 14.964705882352941, 14.971568627450981, 14.971568627450981, 14.969607843137254, 13.968627450980392, 12.970588235294118, 12.970588235294118]",0.9046557517813059,0.9039043681003723,13,"[33, 33, 33, 33, 33, 33, 33, 33, 33, 33, 33, 33, 33, 33, 33, 33, 33, 33, 33, 33, 33, 33, 33, 33, 33, 33, 33, 33, 33, 33, 33, 33, 33, 33, 33, 33, 33, 33, 33, 33, 33, 33, 33, 33, 33, 33, 33, 33, 33, 33, 33, 33, 33, 33, 33, 33, 33, 33, 33, 33, 32, 30, 27, 24, 21, 20, 20, 20, 20, 20, 19, 19, 18, 18, 17, 17, 17, 17, 17, 17, 17, 17, 16, 16, 16, 15, 15, 15, 15, 15, 15, 15, 15, 15, 15, 15, 15, 15, 15, 15, 15, 15, 15, 15, 15, 15, 15, 15, 15, 15, 15, 15, 15, 15, 15, 15, 15, 15, 15, 15, 15, 15, 15, 15, 15, 15, 15, 15, 15, 15, 15, 15, 14, 13, 13]",135,"[0.41793861985206604, 0.40794476866722107, 0.4020894169807434, 0.39835184812545776, 0.39449796080589294, 0.39324715733528137, 0.3890910744667053, 0.3865925669670105, 0.38735830783843994, 0.3822912275791168, 0.37994900345802307, 0.37758418917655945, 0.3761015832424164, 0.3724851906299591, 0.3720780611038208, 0.3684391677379608, 0.3666543662548065, 0.36586272716522217, 0.36528903245925903, 0.3606707751750946, 0.3591146171092987, 0.35724037885665894, 0.3549645245075226, 0.3546077609062195, 0.3536805808544159, 0.34927842020988464, 0.34774982929229736, 0.348112553358078, 0.3436230719089508, 0.34153199195861816, 0.3431674838066101, 0.3384653329849243, 0.3350125551223755, 0.33264270424842834, 0.3306049406528473, 0.3266620635986328, 0.32490643858909607, 0.3224993944168091, 0.3200707733631134, 0.3184432089328766, 0.3148951232433319, 0.3125919699668884, 0.31116026639938354, 0.3080676198005676, 0.30801549553871155, 0.3035537302494049, 0.3006218671798706, 0.29894348978996277, 0.3017427921295166, 0.29494690895080566, 0.2936723232269287, 0.291189968585968, 0.2889936566352844, 0.2870221734046936, 0.286462664604187, 0.28374871611595154, 0.2845127582550049, 0.28053370118141174, 0.280032753944397, 0.27838027477264404, 0.27737197279930115, 0.2765905261039734, 0.27135518193244934, 0.267558217048645, 0.2643167972564697, 0.2626059055328369, 0.2617429494857788, 0.2636874318122864, 0.2588706314563751, 0.2596319317817688, 0.26054447889328003, 0.25951242446899414, 0.2598721385002136, 0.25917795300483704, 0.25738078355789185, 0.2545345425605774, 0.25432589650154114, 0.2536020576953888, 0.25321266055107117, 0.2522684633731842, 0.2512790858745575, 0.2507378160953522, 0.25070327520370483, 0.25031477212905884, 0.2501239478588104, 0.2502681016921997, 0.24946926534175873, 0.24894879758358002, 0.24781902134418488, 0.24779553711414337, 0.24647605419158936, 0.2454681247472763, 0.2450498789548874, 0.24597419798374176, 0.247310072183609, 0.24362480640411377, 0.2429802566766739, 0.2438613772392273, 0.24243129789829254, 0.2418563812971115, 0.24086551368236542, 0.24266919493675232, 0.2400592863559723, 0.24007536470890045, 0.2414039969444275, 0.2386099100112915, 0.23846331238746643, 0.24293416738510132, 0.2371566891670227, 0.24059811234474182, 0.23907782137393951, 0.2365894466638565, 0.2350274920463562, 0.23569458723068237, 0.2350286841392517, 0.23740237951278687, 0.23506158590316772, 0.23425666987895966, 0.23325128853321075, 0.23292091488838196, 0.23481714725494385, 0.23401401937007904, 0.23600195348262787, 0.23178769648075104, 0.23276765644550323, 0.23111581802368164, 0.23075971007347107, 0.230239599943161, 0.23347550630569458, 0.233263298869133, 0.22932960093021393, 0.233864426612854, 0.24272121489048004, 0.2579842507839203, 0.24832768738269806]",13.0,"[33.0, 33.0, 33.0, 33.0, 33.0, 33.0, 33.0, 33.0, 33.0, 33.0, 33.0, 33.0, 33.0, 33.0, 33.0, 33.0, 33.0, 33.0, 33.0, 33.0, 33.0, 33.0, 33.0, 33.0, 33.0, 33.0, 33.0, 33.0, 33.0, 33.0, 33.0, 33.0, 33.0, 33.0, 33.0, 33.0, 33.0, 33.0, 33.0, 33.0, 33.0, 33.0, 33.0, 33.0, 33.0, 33.0, 33.0, 33.0, 33.0, 33.0, 33.0, 33.0, 33.0, 33.0, 33.0, 33.0, 33.0, 33.0, 33.0, 33.0, 32.0, 30.0, 27.0, 24.0, 21.0, 20.0, 20.0, 20.0, 20.0, 20.0, 19.0, 19.0, 18.0, 18.0, 17.0, 17.0, 17.0, 17.0, 17.0, 17.0, 17.0, 17.0, 16.0, 16.0, 16.0, 15.0, 15.0, 15.0, 15.0, 15.0, 15.0, 15.0, 15.0, 15.0, 15.0, 15.0, 15.0, 15.0, 15.0, 15.0, 15.0, 15.0, 15.0, 15.0, 15.0, 15.0, 15.0, 15.0, 15.0, 15.0, 15.0, 15.0, 15.0, 15.0, 15.0, 15.0, 15.0, 15.0, 15.0, 15.0, 15.0, 15.0, 15.0, 15.0, 15.0, 15.0, 15.0, 15.0, 15.0, 15.0, 15.0, 15.0, 14.0, 13.0, 13.0]",COMPLETE
