,number,value,datetime_start,datetime_complete,duration,params_batch_size_scaler,params_constant_learning_rate,params_depth,params_epochs,params_kernel_l2,params_num_trees,params_temperature,user_attrs_accuracy_test,user_attrs_accuracy_valid,user_attrs_approximate_feature_sparsity,user_attrs_approximate_feature_sparsity_history,user_attrs_approximate_weight_sparsity,user_attrs_approximate_weight_sparsity_history,user_attrs_auc_test,user_attrs_auc_valid,user_attrs_feature_sparsity,user_attrs_feature_sparsity_history,user_attrs_num_epochs,user_attrs_val_loss_history,user_attrs_weight_sparsity,user_attrs_weight_sparsity_history,state
85,85,0.7273769499297962,2024-08-31 03:59:44.994965,2024-08-31 03:59:58.551503,0 days 00:00:13.556538,64,0.13951635470551155,3,70,0.7756229625568701,47,0.0755511290482538,0.871,0.8675,33,"[33, 33, 33, 33, 33, 33, 33, 33, 33, 33, 33, 33, 33, 33, 33, 33, 33, 33, 33, 33, 33, 33, 33, 33, 33, 33, 33, 33, 33, 33, 33, 33, 33, 33, 33, 33, 33, 33, 33, 33, 33, 33, 33, 33, 33, 33, 33, 33, 33, 33, 33, 33, 33, 33, 33, 33, 33, 33, 33, 33, 33, 33, 33, 33, 33, 33, 33, 33, 33, 33]",32.972644376899694,"[32.97872340425532, 32.98176291793313, 32.972644376899694, 32.97872340425532, 32.954407294832826, 32.963525835866264, 32.96048632218845, 32.98176291793313, 32.963525835866264, 32.95744680851064, 32.96656534954407, 32.95744680851064, 32.95744680851064, 32.96656534954407, 32.96352583586626, 32.96656534954407, 32.97872340425532, 32.95744680851064, 32.96960486322188, 32.97568389057751, 32.960486322188444, 32.972644376899694, 32.951367781155014, 32.963525835866264, 32.96960486322188, 32.97568389057751, 32.96656534954407, 32.972644376899694, 32.96960486322189, 32.960486322188444, 32.96352583586626, 32.96352583586626, 32.972644376899694, 32.96960486322188, 32.96656534954407, 32.96960486322188, 32.97568389057751, 32.96352583586626, 32.96960486322188, 32.972644376899694, 32.972644376899694, 32.96352583586626, 32.95744680851064, 32.96960486322188, 32.972644376899694, 32.963525835866264, 32.96048632218845, 32.95744680851064, 32.96656534954408, 32.963525835866264, 32.96656534954407, 32.97872340425532, 32.963525835866264, 32.9483282674772, 32.96960486322189, 32.96048632218845, 32.960486322188444, 32.972644376899694, 32.95744680851064, 32.96960486322189, 32.97872340425532, 32.97872340425532, 32.984802431610944, 32.98176291793313, 32.97872340425532, 32.96960486322188, 32.96352583586626, 32.97872340425532, 32.97568389057751, 32.972644376899694]",0.7560663479718294,0.7273769499297962,33,"[33, 33, 33, 33, 33, 33, 33, 33, 33, 33, 33, 33, 33, 33, 33, 33, 33, 33, 33, 33, 33, 33, 33, 33, 33, 33, 33, 33, 33, 33, 33, 33, 33, 33, 33, 33, 33, 33, 33, 33, 33, 33, 33, 33, 33, 33, 33, 33, 33, 33, 33, 33, 33, 33, 33, 33, 33, 33, 33, 33, 33, 33, 33, 33, 33, 33, 33, 33, 33, 33]",70,"[0.5525994300842285, 0.542782187461853, 0.5368981957435608, 0.533446192741394, 0.5301515460014343, 0.5273070931434631, 0.5245941877365112, 0.521806001663208, 0.5199060440063477, 0.5173681974411011, 0.5149836540222168, 0.5130833387374878, 0.5114427208900452, 0.5092053413391113, 0.5077730417251587, 0.5059930086135864, 0.5044627785682678, 0.5029632449150085, 0.5016379356384277, 0.5001991987228394, 0.49895423650741577, 0.49810653924942017, 0.4963405132293701, 0.4946976602077484, 0.49373650550842285, 0.4926300048828125, 0.49223148822784424, 0.490759938955307, 0.489714115858078, 0.48895081877708435, 0.487820029258728, 0.48679062724113464, 0.48573172092437744, 0.48493853211402893, 0.48359525203704834, 0.4827498197555542, 0.48205429315567017, 0.4822261929512024, 0.4802781939506531, 0.47925087809562683, 0.4784025251865387, 0.4772135019302368, 0.47647202014923096, 0.47577759623527527, 0.47528618574142456, 0.47419121861457825, 0.47346365451812744, 0.47294968366622925, 0.4720599055290222, 0.47146159410476685, 0.4703705906867981, 0.4692474603652954, 0.4691562354564667, 0.4684123694896698, 0.46719714999198914, 0.46618470549583435, 0.4655822813510895, 0.4647189974784851, 0.4638141393661499, 0.46292200684547424, 0.4622180461883545, 0.4615694284439087, 0.46099427342414856, 0.46033406257629395, 0.4592517018318176, 0.4585055410861969, 0.4577195644378662, 0.4569672644138336, 0.4563473165035248, 0.45546066761016846]",33.0,"[33.0, 33.0, 33.0, 33.0, 33.0, 33.0, 33.0, 33.0, 33.0, 33.0, 33.0, 33.0, 33.0, 33.0, 33.0, 33.0, 33.0, 33.0, 33.0, 33.0, 33.0, 33.0, 33.0, 33.0, 33.0, 33.0, 33.0, 33.0, 33.0, 33.0, 33.0, 33.0, 33.0, 33.0, 33.0, 33.0, 33.0, 33.0, 33.0, 33.0, 33.0, 33.0, 33.0, 33.0, 33.0, 33.0, 33.0, 33.0, 33.0, 33.0, 33.0, 33.0, 33.0, 33.0, 33.0, 33.0, 33.0, 33.0, 33.0, 33.0, 33.0, 33.0, 33.0, 33.0, 33.0, 33.0, 33.0, 33.0, 33.0, 33.0]",COMPLETE
86,86,0.8851618554443456,2024-08-31 04:00:00.582351,2024-08-31 04:00:36.683248,0 days 00:00:36.100897,64,0.2788643240641128,3,250,0.30649697671523607,93,0.00945922127902546,0.88,0.87625,12,"[33, 33, 33, 33, 33, 33, 33, 33, 33, 33, 33, 33, 33, 33, 33, 33, 33, 33, 33, 33, 33, 33, 33, 33, 33, 33, 33, 33, 33, 33, 33, 33, 33, 33, 33, 33, 33, 33, 33, 33, 33, 33, 33, 33, 33, 33, 33, 33, 33, 33, 33, 33, 33, 33, 33, 33, 33, 33, 33, 33, 33, 32, 31, 31, 31, 31, 31, 31, 31, 30, 30, 30, 30, 29, 29, 28, 27, 27, 26, 26, 25, 24, 23, 23, 23, 22, 22, 22, 20, 20, 20, 19, 19, 19, 16, 16, 14, 14, 14, 14, 14, 14, 14, 14, 14, 13, 13, 13, 13, 13, 13, 13, 13, 13, 13, 13, 13, 13, 13, 13, 13, 13, 13, 13, 13, 13, 13, 13, 13, 13, 13, 13, 13, 13, 13, 13, 13, 13, 13, 13, 13, 13, 13, 13, 13, 13, 13, 13, 13, 13, 13, 13, 13, 13, 13, 13, 13, 13, 13, 13, 13, 13, 13, 13, 13, 13, 13, 13, 12, 12, 12, 12, 12, 12, 12, 12, 12, 12, 12, 12, 12, 12, 12, 12, 12, 12, 12, 12, 12, 12, 12, 12, 12, 12, 12, 12, 12, 12, 12, 12, 12, 12, 12, 12, 12, 12, 12, 12, 12, 12, 12, 12, 12, 12, 12, 12, 12, 12, 12, 12, 12, 12, 12, 12, 12, 12, 12, 12, 12, 12, 12, 12, 12, 12, 12, 12, 12, 12, 12, 12, 12, 12, 12, 12, 12, 12, 12, 12, 12, 12]",11.98310291858679,"[32.96006144393241, 32.963133640552996, 32.96006144393241, 32.953917050691246, 32.96006144393241, 32.9615975422427, 32.966205837173575, 32.955453149001535, 32.97081413210445, 32.964669738863286, 32.966205837173575, 32.97081413210445, 32.96774193548387, 32.97081413210445, 32.97081413210445, 32.964669738863286, 32.963133640552996, 32.97388632872504, 32.97081413210445, 32.966205837173575, 32.97081413210445, 32.956989247311824, 32.953917050691246, 32.95852534562212, 32.97235023041474, 32.966205837173575, 32.963133640552996, 32.963133640552996, 32.955453149001535, 32.97235023041475, 32.97235023041475, 32.96774193548387, 32.97235023041475, 32.96927803379416, 32.97235023041475, 32.97235023041475, 32.975422427035326, 32.97235023041475, 32.96927803379416, 32.96927803379416, 32.964669738863286, 32.964669738863286, 32.97542242703533, 32.97542242703533, 32.963133640552996, 32.955453149001535, 32.963133640552996, 32.964669738863286, 32.95698924731183, 32.96774193548387, 32.97081413210445, 32.97235023041474, 32.955453149001535, 32.9615975422427, 32.95852534562212, 32.956989247311824, 32.958525345622114, 32.96774193548387, 32.964669738863286, 32.96927803379416, 32.96774193548387, 31.956989247311828, 30.972350230414747, 30.964669738863286, 30.956989247311828, 30.967741935483872, 30.96466973886329, 30.963133640552996, 30.96774193548387, 29.96774193548387, 29.964669738863286, 29.96620583717358, 29.96774193548387, 28.96006144393241, 28.96620583717358, 27.96620583717358, 26.972350230414744, 26.964669738863286, 25.958525345622117, 25.967741935483872, 24.97388632872504, 23.970814132104454, 22.973886328725037, 22.963133640552996, 22.97542242703533, 21.97388632872504, 21.972350230414744, 21.973886328725033, 19.97542242703533, 19.978494623655916, 19.980030721966205, 18.97695852534562, 18.97695852534562, 18.980030721966205, 15.981566820276498, 15.976958525345621, 13.972350230414747, 13.976958525345623, 13.98310291858679, 13.981566820276496, 13.98310291858679, 13.987711213517665, 13.989247311827956, 13.989247311827958, 13.990783410138249, 12.989247311827956, 12.989247311827958, 12.987711213517665, 12.987711213517665, 12.98310291858679, 12.98310291858679, 12.981566820276498, 12.978494623655914, 12.981566820276498, 12.98463901689708, 12.981566820276498, 12.984639016897082, 12.984639016897079, 12.990783410138249, 12.987711213517665, 12.986175115207372, 12.987711213517665, 12.980030721966207, 12.984639016897082, 12.990783410138249, 12.986175115207372, 12.987711213517665, 12.980030721966205, 12.98463901689708, 12.987711213517663, 12.99231950844854, 12.973886328725039, 12.976958525345621, 12.992319508448539, 12.987711213517663, 12.986175115207374, 12.987711213517665, 12.98310291858679, 12.98463901689708, 12.983102918586788, 12.978494623655914, 12.983102918586788, 12.978494623655914, 12.98463901689708, 12.989247311827956, 12.98463901689708, 12.986175115207374, 12.987711213517665, 12.98463901689708, 12.987711213517663, 12.990783410138247, 12.989247311827956, 12.98463901689708, 12.983102918586788, 12.978494623655914, 12.973886328725039, 12.976958525345623, 12.981566820276498, 12.98463901689708, 12.978494623655912, 12.973886328725037, 12.972350230414746, 12.970814132104454, 12.973886328725039, 12.981566820276496, 12.978494623655914, 12.973886328725039, 12.986175115207374, 11.97542242703533, 11.973886328725039, 11.978494623655912, 11.980030721966205, 11.97542242703533, 11.973886328725037, 11.975422427035332, 11.981566820276498, 11.98463901689708, 11.986175115207374, 11.987711213517665, 11.98310291858679, 11.980030721966207, 11.98310291858679, 11.989247311827956, 11.987711213517665, 11.986175115207372, 11.990783410138249, 11.98310291858679, 11.987711213517665, 11.986175115207372, 11.986175115207374, 11.981566820276498, 11.986175115207374, 11.983102918586788, 11.986175115207374, 11.990783410138249, 11.987711213517663, 11.981566820276498, 11.978494623655914, 11.97542242703533, 11.978494623655914, 11.980030721966207, 11.981566820276498, 11.978494623655914, 11.973886328725039, 11.97542242703533, 11.976958525345623, 11.976958525345623, 11.984639016897082, 11.978494623655914, 11.98310291858679, 11.981566820276496, 11.983102918586788, 11.986175115207374, 11.981566820276496, 11.987711213517665, 11.976958525345623, 11.98463901689708, 11.981566820276498, 11.975422427035332, 11.98310291858679, 11.984639016897082, 11.984639016897082, 11.987711213517665, 11.987711213517665, 11.986175115207374, 11.98310291858679, 11.986175115207374, 11.987711213517665, 11.986175115207374, 11.986175115207374, 11.98310291858679, 11.987711213517665, 11.98310291858679, 11.987711213517665, 11.986175115207374, 11.98310291858679, 11.978494623655914, 11.98310291858679, 11.987711213517663, 11.990783410138249, 11.98310291858679, 11.981566820276498, 11.981566820276498, 11.980030721966207, 11.98310291858679, 11.981566820276498, 11.98310291858679, 11.98310291858679, 11.98310291858679, 11.98310291858679]",0.8779629950709633,0.8851618554443456,12,"[33, 33, 33, 33, 33, 33, 33, 33, 33, 33, 33, 33, 33, 33, 33, 33, 33, 33, 33, 33, 33, 33, 33, 33, 33, 33, 33, 33, 33, 33, 33, 33, 33, 33, 33, 33, 33, 33, 33, 33, 33, 33, 33, 33, 33, 33, 33, 33, 33, 33, 33, 33, 33, 33, 33, 33, 33, 33, 33, 33, 33, 32, 31, 31, 31, 31, 31, 31, 31, 30, 30, 30, 30, 29, 29, 28, 27, 27, 26, 26, 25, 24, 23, 23, 23, 22, 22, 22, 20, 20, 20, 19, 19, 19, 16, 16, 14, 14, 14, 14, 14, 14, 14, 14, 14, 13, 13, 13, 13, 13, 13, 13, 13, 13, 13, 13, 13, 13, 13, 13, 13, 13, 13, 13, 13, 13, 13, 13, 13, 13, 13, 13, 13, 13, 13, 13, 13, 13, 13, 13, 13, 13, 13, 13, 13, 13, 13, 13, 13, 13, 13, 13, 13, 13, 13, 13, 13, 13, 13, 13, 13, 13, 13, 13, 13, 13, 13, 13, 12, 12, 12, 12, 12, 12, 12, 12, 12, 12, 12, 12, 12, 12, 12, 12, 12, 12, 12, 12, 12, 12, 12, 12, 12, 12, 12, 12, 12, 12, 12, 12, 12, 12, 12, 12, 12, 12, 12, 12, 12, 12, 12, 12, 12, 12, 12, 12, 12, 12, 12, 12, 12, 12, 12, 12, 12, 12, 12, 12, 12, 12, 12, 12, 12, 12, 12, 12, 12, 12, 12, 12, 12, 12, 12, 12, 12, 12, 12, 12, 12, 12]",250,"[0.43117818236351013, 0.425569087266922, 0.42094191908836365, 0.4229004979133606, 0.41417908668518066, 0.413796603679657, 0.41000157594680786, 0.40808165073394775, 0.4060823321342468, 0.4048353433609009, 0.4036603271961212, 0.4020830988883972, 0.403667151927948, 0.4005119204521179, 0.40018776059150696, 0.40001097321510315, 0.39760491251945496, 0.3969173729419708, 0.39644110202789307, 0.39481788873672485, 0.40018588304519653, 0.3928309977054596, 0.39253413677215576, 0.3993525803089142, 0.3906370997428894, 0.39118966460227966, 0.3890667259693146, 0.38937056064605713, 0.39339450001716614, 0.39129438996315, 0.38746821880340576, 0.38713008165359497, 0.3869553804397583, 0.3858800530433655, 0.38654616475105286, 0.38688477873802185, 0.38369429111480713, 0.3841799795627594, 0.3829534947872162, 0.3836434483528137, 0.38228821754455566, 0.3822351396083832, 0.3809017241001129, 0.382938027381897, 0.3799266815185547, 0.3828373849391937, 0.38285091519355774, 0.3786671757698059, 0.3779626190662384, 0.37731024622917175, 0.376656174659729, 0.38807007670402527, 0.3761013150215149, 0.3784399926662445, 0.3739090859889984, 0.3768143951892853, 0.3726519048213959, 0.3726149797439575, 0.37585243582725525, 0.37300795316696167, 0.37126800417900085, 0.3693276643753052, 0.36789485812187195, 0.3674289584159851, 0.36680886149406433, 0.3667142987251282, 0.3671836853027344, 0.3651057183742523, 0.3649829924106598, 0.36722415685653687, 0.3677942156791687, 0.3636574149131775, 0.3644055426120758, 0.36122703552246094, 0.3614391088485718, 0.3621726632118225, 0.360214501619339, 0.3593529760837555, 0.3577064871788025, 0.3574380576610565, 0.3556782007217407, 0.35765376687049866, 0.35463976860046387, 0.3522723913192749, 0.3514940142631531, 0.35577282309532166, 0.35436367988586426, 0.3534162640571594, 0.35107171535491943, 0.3512672781944275, 0.35470113158226013, 0.3557872474193573, 0.34987568855285645, 0.34782496094703674, 0.344868540763855, 0.3449191153049469, 0.3416990041732788, 0.34113752841949463, 0.34045031666755676, 0.3401828110218048, 0.3392588794231415, 0.33992981910705566, 0.3434630334377289, 0.33916088938713074, 0.3390069305896759, 0.33630484342575073, 0.33486130833625793, 0.33528605103492737, 0.3340882956981659, 0.3346356153488159, 0.3363852798938751, 0.3328433632850647, 0.33273670077323914, 0.3330952525138855, 0.33328843116760254, 0.33266204595565796, 0.33188533782958984, 0.33467045426368713, 0.33320263028144836, 0.33054742217063904, 0.331142783164978, 0.3301631808280945, 0.32979655265808105, 0.3294152021408081, 0.32831358909606934, 0.3279424011707306, 0.32826441526412964, 0.32750093936920166, 0.334603875875473, 0.3277658224105835, 0.33323392271995544, 0.3299013078212738, 0.3260478079319, 0.3278172016143799, 0.32474541664123535, 0.32516005635261536, 0.32454583048820496, 0.32728326320648193, 0.3264952600002289, 0.3230193853378296, 0.3268434405326843, 0.3221723139286041, 0.32221999764442444, 0.3217359781265259, 0.324066162109375, 0.32116150856018066, 0.32142409682273865, 0.3206343948841095, 0.32590895891189575, 0.3198450207710266, 0.3229818046092987, 0.3204570710659027, 0.3253392279148102, 0.3193550109863281, 0.31915244460105896, 0.3182017207145691, 0.31813132762908936, 0.31786882877349854, 0.3178178071975708, 0.31711438298225403, 0.3177996575832367, 0.31664037704467773, 0.32707270979881287, 0.3170194923877716, 0.3152872622013092, 0.3148113191127777, 0.3146158456802368, 0.31478771567344666, 0.32409924268722534, 0.31330591440200806, 0.3156501352787018, 0.31235185265541077, 0.31387925148010254, 0.31292757391929626, 0.3146396577358246, 0.3148747384548187, 0.3154277503490448, 0.31082475185394287, 0.3126227557659149, 0.3103562593460083, 0.30937278270721436, 0.3097921311855316, 0.3088065981864929, 0.3083564341068268, 0.3075326085090637, 0.3111177384853363, 0.31398648023605347, 0.3071369528770447, 0.3062410354614258, 0.30600735545158386, 0.30719876289367676, 0.30899035930633545, 0.3094901144504547, 0.3049035668373108, 0.3043243885040283, 0.30514824390411377, 0.3120296001434326, 0.30599501729011536, 0.30261439085006714, 0.30229321122169495, 0.30253851413726807, 0.3022330403327942, 0.30272677540779114, 0.3013096749782562, 0.30671411752700806, 0.3034431040287018, 0.300047904253006, 0.30123206973075867, 0.29922622442245483, 0.3007489740848541, 0.29863378405570984, 0.2979927659034729, 0.29936039447784424, 0.2975737750530243, 0.2986566722393036, 0.2972753942012787, 0.29617583751678467, 0.29628127813339233, 0.29653510451316833, 0.2956470251083374, 0.2966819405555725, 0.2952152490615845, 0.29467320442199707, 0.2940227687358856, 0.3022933900356293, 0.29331329464912415, 0.29417046904563904, 0.2925621271133423, 0.29287102818489075, 0.2957296669483185, 0.2925530970096588, 0.2953227460384369, 0.29337504506111145, 0.30435892939567566, 0.2923961281776428, 0.29033276438713074, 0.2899637818336487, 0.2896656394004822, 0.29133474826812744, 0.2901066839694977, 0.2892056107521057, 0.2881251871585846, 0.2880139946937561, 0.28919604420661926, 0.2883152961730957, 0.287619411945343, 0.2875208556652069, 0.2872183620929718, 0.2871759235858917, 0.2865748107433319]",12.0,"[33.0, 33.0, 33.0, 33.0, 33.0, 33.0, 33.0, 33.0, 33.0, 33.0, 33.0, 33.0, 33.0, 33.0, 33.0, 33.0, 33.0, 33.0, 33.0, 33.0, 33.0, 33.0, 33.0, 33.0, 33.0, 33.0, 33.0, 33.0, 33.0, 33.0, 33.0, 33.0, 33.0, 33.0, 33.0, 33.0, 33.0, 33.0, 33.0, 33.0, 33.0, 33.0, 33.0, 33.0, 33.0, 33.0, 33.0, 33.0, 33.0, 33.0, 33.0, 33.0, 33.0, 33.0, 33.0, 33.0, 33.0, 33.0, 33.0, 33.0, 33.0, 32.0, 31.0, 31.0, 31.0, 31.0, 31.0, 31.0, 31.0, 30.0, 30.0, 30.0, 30.0, 29.0, 29.0, 28.0, 27.0, 27.0, 26.0, 26.0, 25.0, 24.0, 23.0, 23.0, 23.0, 22.0, 22.0, 22.0, 20.0, 20.0, 20.0, 19.0, 19.0, 19.0, 16.0, 16.0, 14.0, 14.0, 14.0, 14.0, 14.0, 14.0, 14.0, 14.0, 14.0, 13.0, 13.0, 13.0, 13.0, 13.0, 13.0, 13.0, 13.0, 13.0, 13.0, 13.0, 13.0, 13.0, 13.0, 13.0, 13.0, 13.0, 13.0, 13.0, 13.0, 13.0, 13.0, 13.0, 13.0, 13.0, 13.0, 13.0, 13.0, 13.0, 13.0, 13.0, 13.0, 13.0, 13.0, 13.0, 13.0, 13.0, 13.0, 13.0, 13.0, 13.0, 13.0, 13.0, 13.0, 13.0, 13.0, 13.0, 13.0, 13.0, 13.0, 13.0, 13.0, 13.0, 13.0, 13.0, 13.0, 13.0, 13.0, 13.0, 13.0, 13.0, 13.0, 13.0, 12.0, 12.0, 12.0, 12.0, 12.0, 12.0, 12.0, 12.0, 12.0, 12.0, 12.0, 12.0, 12.0, 12.0, 12.0, 12.0, 12.0, 12.0, 12.0, 12.0, 12.0, 12.0, 12.0, 12.0, 12.0, 12.0, 12.0, 12.0, 12.0, 12.0, 12.0, 12.0, 12.0, 12.0, 12.0, 12.0, 12.0, 12.0, 12.0, 12.0, 12.0, 12.0, 12.0, 12.0, 12.0, 12.0, 12.0, 12.0, 12.0, 12.0, 12.0, 12.0, 12.0, 12.0, 12.0, 12.0, 12.0, 12.0, 12.0, 12.0, 12.0, 12.0, 12.0, 12.0, 12.0, 12.0, 12.0, 12.0, 12.0, 12.0, 12.0, 12.0, 12.0, 12.0, 12.0, 12.0, 12.0, 12.0, 12.0, 12.0, 12.0, 12.0]",COMPLETE
