,number,value,datetime_start,datetime_complete,duration,params_batch_size_scaler,params_constant_learning_rate,params_depth,params_epochs,params_kernel_l2,params_num_trees,params_temperature,user_attrs_accuracy_test,user_attrs_accuracy_valid,user_attrs_approximate_feature_sparsity,user_attrs_approximate_feature_sparsity_history,user_attrs_approximate_weight_sparsity,user_attrs_approximate_weight_sparsity_history,user_attrs_auc_test,user_attrs_auc_valid,user_attrs_feature_sparsity,user_attrs_feature_sparsity_history,user_attrs_num_epochs,user_attrs_val_loss_history,user_attrs_weight_sparsity,user_attrs_weight_sparsity_history,state
66,66,0.5,2024-08-31 03:27:16.011491,2024-08-31 03:27:42.135270,0 days 00:00:26.123779,16,0.8867409765671896,1,325,0.26520061723154076,51,0.019996084211292127,0.859,0.85875,0,"[2, 0, 0, 0, 0, 0, 0, 0, 0, 0, 0, 0, 0, 0, 0, 0, 0, 0, 0, 0, 0, 0, 0, 0, 0, 0, 0, 0, 0, 0, 0, 0, 0, 0, 0, 0, 0, 0, 0, 0, 0, 0, 0, 0, 0, 0, 0, 0, 0, 0, 0, 0, 0, 0, 0, 0, 0, 0, 0, 0, 0, 0, 0, 0, 0, 0, 0, 0, 0, 0, 0, 0, 0, 0, 0, 0, 0, 0, 0, 0, 0, 0, 0, 0, 0, 0, 0, 0, 0, 0, 0, 0, 0, 0, 0, 0, 0, 0, 0, 0, 0, 0, 0, 0, 0, 0, 0, 0, 0, 0, 0, 0, 0, 0, 0, 0, 0, 0, 0, 0, 0, 0, 0, 0, 0, 0, 0, 0, 0, 0, 0, 0, 0, 0, 0, 0, 0, 0, 0, 0, 0, 0, 0, 0, 0, 0, 0, 0, 0, 0, 0, 0, 0, 0, 0, 0, 0, 0, 0, 0, 0, 0, 0, 0, 0, 0, 0, 0, 0, 0, 0, 0, 0, 0, 0, 0, 0, 0, 0, 0, 0, 0, 0, 0, 0, 0, 0, 0, 0, 0, 0, 0, 0, 0, 0, 0, 0, 0, 0, 0, 0, 0, 0, 0, 0, 0, 0, 0, 0, 0, 0, 0, 0, 0, 0, 0, 0, 0, 0, 0, 0, 0, 0, 0, 0, 0, 0, 0, 0, 0, 0, 0, 0, 0, 0, 0, 0, 0, 0, 0, 0, 0, 0, 0, 0, 0, 0, 0, 0, 0, 0, 0, 0, 0, 0, 0, 0, 0, 0, 0, 0, 0, 0, 0, 0, 0, 0, 0, 0, 0, 0, 0, 0, 0, 0, 0, 0, 0, 0, 0, 0, 0, 0, 0, 0, 0, 0, 0, 0, 0, 0, 0, 0, 0, 0, 0, 0, 0, 0, 0, 0, 0, 0, 0, 0, 0, 0, 0, 0, 0, 0, 0, 0, 0, 0, 0, 0, 0, 0, 0, 0, 0, 0, 0, 0]",0.0,"[2.0, 0.0, 0.0, 0.0, 0.0, 0.0, 0.0, 0.0, 0.0, 0.0, 0.0, 0.0, 0.0, 0.0, 0.0, 0.0, 0.0, 0.0, 0.0, 0.0, 0.0, 0.0, 0.0, 0.0, 0.0, 0.0, 0.0, 0.0, 0.0, 0.0, 0.0, 0.0, 0.0, 0.0, 0.0, 0.0, 0.0, 0.0, 0.0, 0.0, 0.0, 0.0, 0.0, 0.0, 0.0, 0.0, 0.0, 0.0, 0.0, 0.0, 0.0, 0.0, 0.0, 0.0, 0.0, 0.0, 0.0, 0.0, 0.0, 0.0, 0.0, 0.0, 0.0, 0.0, 0.0, 0.0, 0.0, 0.0, 0.0, 0.0, 0.0, 0.0, 0.0, 0.0, 0.0, 0.0, 0.0, 0.0, 0.0, 0.0, 0.0, 0.0, 0.0, 0.0, 0.0, 0.0, 0.0, 0.0, 0.0, 0.0, 0.0, 0.0, 0.0, 0.0, 0.0, 0.0, 0.0, 0.0, 0.0, 0.0, 0.0, 0.0, 0.0, 0.0, 0.0, 0.0, 0.0, 0.0, 0.0, 0.0, 0.0, 0.0, 0.0, 0.0, 0.0, 0.0, 0.0, 0.0, 0.0, 0.0, 0.0, 0.0, 0.0, 0.0, 0.0, 0.0, 0.0, 0.0, 0.0, 0.0, 0.0, 0.0, 0.0, 0.0, 0.0, 0.0, 0.0, 0.0, 0.0, 0.0, 0.0, 0.0, 0.0, 0.0, 0.0, 0.0, 0.0, 0.0, 0.0, 0.0, 0.0, 0.0, 0.0, 0.0, 0.0, 0.0, 0.0, 0.0, 0.0, 0.0, 0.0, 0.0, 0.0, 0.0, 0.0, 0.0, 0.0, 0.0, 0.0, 0.0, 0.0, 0.0, 0.0, 0.0, 0.0, 0.0, 0.0, 0.0, 0.0, 0.0, 0.0, 0.0, 0.0, 0.0, 0.0, 0.0, 0.0, 0.0, 0.0, 0.0, 0.0, 0.0, 0.0, 0.0, 0.0, 0.0, 0.0, 0.0, 0.0, 0.0, 0.0, 0.0, 0.0, 0.0, 0.0, 0.0, 0.0, 0.0, 0.0, 0.0, 0.0, 0.0, 0.0, 0.0, 0.0, 0.0, 0.0, 0.0, 0.0, 0.0, 0.0, 0.0, 0.0, 0.0, 0.0, 0.0, 0.0, 0.0, 0.0, 0.0, 0.0, 0.0, 0.0, 0.0, 0.0, 0.0, 0.0, 0.0, 0.0, 0.0, 0.0, 0.0, 0.0, 0.0, 0.0, 0.0, 0.0, 0.0, 0.0, 0.0, 0.0, 0.0, 0.0, 0.0, 0.0, 0.0, 0.0, 0.0, 0.0, 0.0, 0.0, 0.0, 0.0, 0.0, 0.0, 0.0, 0.0, 0.0, 0.0, 0.0, 0.0, 0.0, 0.0, 0.0, 0.0, 0.0, 0.0, 0.0, 0.0, 0.0, 0.0, 0.0, 0.0, 0.0, 0.0, 0.0, 0.0, 0.0, 0.0, 0.0, 0.0, 0.0, 0.0, 0.0, 0.0, 0.0, 0.0, 0.0, 0.0, 0.0, 0.0, 0.0, 0.0, 0.0, 0.0, 0.0, 0.0, 0.0, 0.0, 0.0, 0.0, 0.0, 0.0, 0.0, 0.0, 0.0, 0.0, 0.0, 0.0, 0.0, 0.0, 0.0, 0.0, 0.0, 0.0]",0.5,0.5,0,"[2, 0, 0, 0, 0, 0, 0, 0, 0, 0, 0, 0, 0, 0, 0, 0, 0, 0, 0, 0, 0, 0, 0, 0, 0, 0, 0, 0, 0, 0, 0, 0, 0, 0, 0, 0, 0, 0, 0, 0, 0, 0, 0, 0, 0, 0, 0, 0, 0, 0, 0, 0, 0, 0, 0, 0, 0, 0, 0, 0, 0, 0, 0, 0, 0, 0, 0, 0, 0, 0, 0, 0, 0, 0, 0, 0, 0, 0, 0, 0, 0, 0, 0, 0, 0, 0, 0, 0, 0, 0, 0, 0, 0, 0, 0, 0, 0, 0, 0, 0, 0, 0, 0, 0, 0, 0, 0, 0, 0, 0, 0, 0, 0, 0, 0, 0, 0, 0, 0, 0, 0, 0, 0, 0, 0, 0, 0, 0, 0, 0, 0, 0, 0, 0, 0, 0, 0, 0, 0, 0, 0, 0, 0, 0, 0, 0, 0, 0, 0, 0, 0, 0, 0, 0, 0, 0, 0, 0, 0, 0, 0, 0, 0, 0, 0, 0, 0, 0, 0, 0, 0, 0, 0, 0, 0, 0, 0, 0, 0, 0, 0, 0, 0, 0, 0, 0, 0, 0, 0, 0, 0, 0, 0, 0, 0, 0, 0, 0, 0, 0, 0, 0, 0, 0, 0, 0, 0, 0, 0, 0, 0, 0, 0, 0, 0, 0, 0, 0, 0, 0, 0, 0, 0, 0, 0, 0, 0, 0, 0, 0, 0, 0, 0, 0, 0, 0, 0, 0, 0, 0, 0, 0, 0, 0, 0, 0, 0, 0, 0, 0, 0, 0, 0, 0, 0, 0, 0, 0, 0, 0, 0, 0, 0, 0, 0, 0, 0, 0, 0, 0, 0, 0, 0, 0, 0, 0, 0, 0, 0, 0, 0, 0, 0, 0, 0, 0, 0, 0, 0, 0, 0, 0, 0, 0, 0, 0, 0, 0, 0, 0, 0, 0, 0, 0, 0, 0, 0, 0, 0, 0, 0, 0, 0, 0, 0, 0, 0, 0, 0, 0, 0, 0, 0, 0, 0]",325,"[1.8463809490203857, 4.884398460388184, 2.0745906829833984, 3.127547025680542, 1.8240232467651367, 0.6269217133522034, 0.6893115043640137, 2.988964557647705, 0.4408872723579407, 4.429263114929199, 2.2545011043548584, 0.40754544734954834, 1.4029263257980347, 1.0963391065597534, 1.6564995050430298, 3.9430768489837646, 0.42326855659484863, 1.5794099569320679, 1.303436279296875, 4.240510940551758, 2.4636340141296387, 1.012933611869812, 0.5413056015968323, 4.292593002319336, 0.6927434802055359, 1.1875474452972412, 0.9483727812767029, 2.3178534507751465, 4.429444789886475, 4.0200395584106445, 0.5958675146102905, 3.775485038757324, 0.641203761100769, 0.48950567841529846, 0.9572783708572388, 3.4264936447143555, 3.430379629135132, 0.4145755469799042, 2.887516498565674, 2.928865909576416, 2.3620052337646484, 2.9809179306030273, 2.18476939201355, 3.2434146404266357, 1.3560725450515747, 1.1421769857406616, 0.782898485660553, 0.5126606225967407, 0.9215517640113831, 4.4421772956848145, 1.6243816614151, 0.6963459253311157, 1.892950415611267, 1.4235124588012695, 4.729151725769043, 1.4609798192977905, 2.1851015090942383, 1.030886173248291, 1.5586093664169312, 3.102795362472534, 2.3955159187316895, 0.9120287299156189, 0.4265606701374054, 2.0705983638763428, 0.5506263971328735, 1.3713774681091309, 1.6549861431121826, 0.7541375160217285, 1.5617151260375977, 2.344914197921753, 4.951915740966797, 0.4376186430454254, 4.015868663787842, 0.4147004783153534, 3.6200320720672607, 0.5671910047531128, 3.7643628120422363, 2.1663568019866943, 2.0677003860473633, 3.2457637786865234, 3.682981491088867, 0.5357825756072998, 2.884916067123413, 1.6184279918670654, 4.236526966094971, 0.4276936650276184, 1.4235072135925293, 4.624378204345703, 2.7205231189727783, 2.3490242958068848, 0.814318835735321, 0.5144128203392029, 4.808690071105957, 4.817164421081543, 1.0184308290481567, 2.553603172302246, 1.019708514213562, 3.611159563064575, 1.104569435119629, 4.088822841644287, 2.9663140773773193, 3.094667434692383, 1.309257984161377, 2.9388837814331055, 0.5431810617446899, 4.996063709259033, 1.0109151601791382, 0.476288765668869, 3.662992238998413, 0.5978626608848572, 0.4109761118888855, 1.8233604431152344, 1.842391014099121, 1.1301807165145874, 1.0688186883926392, 0.47383126616477966, 2.8078250885009766, 4.249594688415527, 3.501777410507202, 1.5765091180801392, 0.9458508491516113, 1.5394433736801147, 4.208911895751953, 1.7846261262893677, 3.589132308959961, 0.703184962272644, 1.16387140750885, 2.3032262325286865, 0.9929190278053284, 4.067715644836426, 3.6248626708984375, 1.9295710325241089, 0.6632319092750549, 3.1269478797912598, 3.7221601009368896, 3.2570300102233887, 0.6385276317596436, 0.8160726428031921, 0.4083734154701233, 0.4122118651866913, 3.3920397758483887, 1.4797419309616089, 1.0673298835754395, 1.3610366582870483, 1.8864587545394897, 1.621915340423584, 1.6318316459655762, 0.43607962131500244, 3.1237008571624756, 2.624868392944336, 0.5211847424507141, 1.7944576740264893, 1.4980984926223755, 2.313692092895508, 0.8873306512832642, 3.784994602203369, 0.7493000030517578, 1.9447450637817383, 0.4104998707771301, 0.878715455532074, 3.3283913135528564, 0.6767911314964294, 0.9933046102523804, 3.023188591003418, 0.40760815143585205, 0.579049825668335, 0.5414701104164124, 0.5422956943511963, 0.45108136534690857, 3.6300387382507324, 4.146803855895996, 3.0351781845092773, 0.7384246587753296, 0.7817683219909668, 3.916318893432617, 1.730439305305481, 1.5288937091827393, 1.3123409748077393, 0.5195521712303162, 0.46339407563209534, 4.172092437744141, 1.3648393154144287, 0.40939491987228394, 2.666499614715576, 0.49056077003479004, 0.6135897636413574, 1.6231716871261597, 1.8488013744354248, 0.48469799757003784, 0.9078378081321716, 2.125412940979004, 2.325719118118286, 4.6312360763549805, 0.7774942517280579, 0.4877680242061615, 0.7339891195297241, 0.5588687658309937, 0.5193967819213867, 2.5529825687408447, 0.9495342373847961, 2.1790478229522705, 1.3996679782867432, 1.519646406173706, 3.296718120574951, 0.4360926151275635, 4.533301830291748, 0.8524311184883118, 1.868051290512085, 4.274490833282471, 3.810544967651367, 1.1503239870071411, 1.1771358251571655, 0.8146989941596985, 4.856633186340332, 1.8336726427078247, 0.9377569556236267, 3.437912702560425, 0.40918177366256714, 1.4912089109420776, 0.4610085189342499, 2.7813031673431396, 2.5684709548950195, 2.1422431468963623, 2.931771755218506, 0.4508013427257538, 2.2796218395233154, 4.391203880310059, 3.3624258041381836, 1.4539119005203247, 3.2359533309936523, 1.0436835289001465, 3.2798655033111572, 1.1138652563095093, 2.717062473297119, 0.6655573844909668, 0.6566014289855957, 1.7757748365402222, 0.9232795238494873, 2.2809770107269287, 4.088537216186523, 2.6559395790100098, 0.5134702324867249, 1.2862918376922607, 1.523036003112793, 1.686242699623108, 0.43234604597091675, 0.7850063443183899, 0.5212204456329346, 0.4457671344280243, 0.4114232361316681, 0.48622745275497437, 0.8974446654319763, 1.7950738668441772, 0.6290097236633301, 0.4994717538356781, 1.253260612487793, 2.691410541534424, 4.399017810821533, 2.784010887145996, 2.367863178253174, 0.4765196144580841, 3.1650238037109375, 0.40775778889656067, 1.4382498264312744, 2.524845838546753, 1.6380720138549805, 4.029094219207764, 3.4826509952545166, 0.8893436193466187, 0.9251585602760315, 1.7247315645217896, 1.076756238937378, 1.041975736618042, 0.6817125678062439, 1.5588860511779785, 4.653186798095703, 3.134615898132324, 2.5068516731262207, 0.47933924198150635, 4.710970878601074, 0.43474048376083374, 0.9030244946479797, 2.101278305053711, 0.4159521758556366, 1.3239024877548218, 4.097405910491943, 3.7525980472564697, 3.0222084522247314, 3.3468947410583496, 2.8902878761291504, 2.201042890548706, 0.7796047925949097, 2.9205503463745117, 2.5645036697387695, 1.0324385166168213, 2.7803046703338623, 1.5529358386993408, 0.7341731786727905, 0.6395279169082642, 0.7448849678039551, 3.3738596439361572, 0.9493845105171204, 0.8098277449607849, 1.7441428899765015, 0.7143875956535339, 1.0510998964309692, 2.8635754585266113, 2.6663665771484375, 2.954347610473633, 1.8836630582809448, 0.5741689205169678, 2.798940658569336, 0.6920803785324097, 0.46133366227149963, 2.3326728343963623, 1.9560558795928955, 2.037125587463379, 0.7492431402206421, 3.6324706077575684, 1.2879595756530762, 0.654310405254364, 3.2515432834625244, 2.473109483718872, 1.966820240020752, 2.34403920173645]",0.0,"[2.0, 0.0, 0.0, 0.0, 0.0, 0.0, 0.0, 0.0, 0.0, 0.0, 0.0, 0.0, 0.0, 0.0, 0.0, 0.0, 0.0, 0.0, 0.0, 0.0, 0.0, 0.0, 0.0, 0.0, 0.0, 0.0, 0.0, 0.0, 0.0, 0.0, 0.0, 0.0, 0.0, 0.0, 0.0, 0.0, 0.0, 0.0, 0.0, 0.0, 0.0, 0.0, 0.0, 0.0, 0.0, 0.0, 0.0, 0.0, 0.0, 0.0, 0.0, 0.0, 0.0, 0.0, 0.0, 0.0, 0.0, 0.0, 0.0, 0.0, 0.0, 0.0, 0.0, 0.0, 0.0, 0.0, 0.0, 0.0, 0.0, 0.0, 0.0, 0.0, 0.0, 0.0, 0.0, 0.0, 0.0, 0.0, 0.0, 0.0, 0.0, 0.0, 0.0, 0.0, 0.0, 0.0, 0.0, 0.0, 0.0, 0.0, 0.0, 0.0, 0.0, 0.0, 0.0, 0.0, 0.0, 0.0, 0.0, 0.0, 0.0, 0.0, 0.0, 0.0, 0.0, 0.0, 0.0, 0.0, 0.0, 0.0, 0.0, 0.0, 0.0, 0.0, 0.0, 0.0, 0.0, 0.0, 0.0, 0.0, 0.0, 0.0, 0.0, 0.0, 0.0, 0.0, 0.0, 0.0, 0.0, 0.0, 0.0, 0.0, 0.0, 0.0, 0.0, 0.0, 0.0, 0.0, 0.0, 0.0, 0.0, 0.0, 0.0, 0.0, 0.0, 0.0, 0.0, 0.0, 0.0, 0.0, 0.0, 0.0, 0.0, 0.0, 0.0, 0.0, 0.0, 0.0, 0.0, 0.0, 0.0, 0.0, 0.0, 0.0, 0.0, 0.0, 0.0, 0.0, 0.0, 0.0, 0.0, 0.0, 0.0, 0.0, 0.0, 0.0, 0.0, 0.0, 0.0, 0.0, 0.0, 0.0, 0.0, 0.0, 0.0, 0.0, 0.0, 0.0, 0.0, 0.0, 0.0, 0.0, 0.0, 0.0, 0.0, 0.0, 0.0, 0.0, 0.0, 0.0, 0.0, 0.0, 0.0, 0.0, 0.0, 0.0, 0.0, 0.0, 0.0, 0.0, 0.0, 0.0, 0.0, 0.0, 0.0, 0.0, 0.0, 0.0, 0.0, 0.0, 0.0, 0.0, 0.0, 0.0, 0.0, 0.0, 0.0, 0.0, 0.0, 0.0, 0.0, 0.0, 0.0, 0.0, 0.0, 0.0, 0.0, 0.0, 0.0, 0.0, 0.0, 0.0, 0.0, 0.0, 0.0, 0.0, 0.0, 0.0, 0.0, 0.0, 0.0, 0.0, 0.0, 0.0, 0.0, 0.0, 0.0, 0.0, 0.0, 0.0, 0.0, 0.0, 0.0, 0.0, 0.0, 0.0, 0.0, 0.0, 0.0, 0.0, 0.0, 0.0, 0.0, 0.0, 0.0, 0.0, 0.0, 0.0, 0.0, 0.0, 0.0, 0.0, 0.0, 0.0, 0.0, 0.0, 0.0, 0.0, 0.0, 0.0, 0.0, 0.0, 0.0, 0.0, 0.0, 0.0, 0.0, 0.0, 0.0, 0.0, 0.0, 0.0, 0.0, 0.0, 0.0, 0.0, 0.0, 0.0, 0.0, 0.0, 0.0, 0.0, 0.0, 0.0, 0.0, 0.0, 0.0, 0.0, 0.0, 0.0, 0.0, 0.0, 0.0, 0.0, 0.0]",COMPLETE
