,number,value,datetime_start,datetime_complete,duration,params_batch_size_scaler,params_constant_learning_rate,params_depth,params_epochs,params_kernel_l2,params_num_trees,params_temperature,user_attrs_accuracy_test,user_attrs_accuracy_valid,user_attrs_approximate_feature_sparsity,user_attrs_approximate_feature_sparsity_history,user_attrs_approximate_weight_sparsity,user_attrs_approximate_weight_sparsity_history,user_attrs_auc_test,user_attrs_auc_valid,user_attrs_feature_sparsity,user_attrs_feature_sparsity_history,user_attrs_num_epochs,user_attrs_val_loss_history,user_attrs_weight_sparsity,user_attrs_weight_sparsity_history,state
57,57,0.9290489623990417,2024-08-31 02:49:18.363652,2024-08-31 03:04:13.653973,0 days 00:14:55.290321,1,0.017161170387205632,4,440,0.25681095816367017,80,0.0016066166150296415,0.939,0.94375,33,"[33, 33, 33, 33, 33, 33, 33, 33, 33, 33, 33, 33, 33, 33, 33, 33, 33, 33, 33, 33, 33, 33, 33, 33, 33, 33, 33, 33, 33, 33, 33, 33, 33, 33, 33, 33, 33, 33, 33, 33, 33, 33, 33, 33, 33, 33, 33, 33, 33, 33, 33, 33, 33, 33, 33, 33, 33, 33, 33, 33, 33, 33, 33, 33, 33, 33, 33, 33, 33, 33, 33, 33, 33, 33, 33, 33, 33, 33, 33, 33, 33, 33, 33, 33, 33, 33, 33, 33, 33, 33, 33, 33, 33, 33, 33, 33, 33, 33, 33, 33, 33, 33, 33, 33, 33, 33, 33, 33, 33, 33, 33, 33, 33, 33, 33, 33, 33, 33, 33, 33, 33, 33, 33, 33, 33, 33, 33, 33, 33, 33, 33, 33, 33, 33, 33, 33, 33, 33, 33, 33, 33, 33, 33, 33, 33, 33, 33, 33, 33, 33, 33, 33, 33, 33, 33, 33, 33, 33, 33, 33, 33, 33, 33, 33, 33, 33, 33, 33, 33, 33, 33, 33, 33, 33, 33, 33, 33, 33, 33, 33, 33, 33, 33, 33, 33, 33, 33, 33, 33, 33, 33, 33, 33, 33, 33, 33, 33, 33, 33, 33, 33, 33, 33, 33, 33, 33, 33, 33, 33, 33, 33, 33, 33, 33, 33, 33, 33, 33, 33, 33, 33, 33, 33, 33, 33, 33, 33, 33, 33, 33, 33, 33, 33, 33, 33, 33, 33, 33, 33, 33, 33, 33, 33, 33, 33, 33, 33, 33, 33, 33, 33, 33, 33, 33, 33, 33, 33, 33, 33, 33, 33, 33, 33, 33, 33, 33, 33, 33, 33, 33, 33, 33, 33, 33, 33, 33, 33, 33, 33, 33, 33, 33, 33, 33, 33, 33, 33, 33, 33, 33, 33, 33, 33, 33, 33, 33, 33, 33, 33, 33, 33, 33, 33, 33, 33, 33, 33, 33, 33, 33, 33, 33, 33, 33, 33, 33, 33, 33, 33, 33, 33, 33, 33, 33, 33, 33, 33, 33, 33, 33, 33, 33, 33, 33, 33, 33, 33, 33, 33, 33, 33, 33, 33, 33, 33, 33, 33, 33, 33, 33, 33, 33, 33, 33, 33, 33, 33, 33, 33, 33, 33, 33, 33, 33, 33, 33, 33, 33, 33, 33, 33, 33, 33, 33, 33, 33, 33, 33, 33, 33, 33, 33, 33, 33, 33, 33, 33, 33, 33, 33, 33, 33, 33, 33, 33, 33, 33, 33, 33, 33, 33, 33, 33, 33, 33, 33, 33, 33, 33, 33, 33, 33, 33, 33, 33, 33, 33, 33, 33, 33, 33, 33, 33, 33, 33, 33, 33, 33, 33, 33, 33, 33, 33, 33, 33, 33, 33, 33, 33, 33]",32.93083333333333,"[32.94916666666666, 32.95583333333333, 32.9425, 32.95166666666667, 32.95166666666667, 32.95333333333333, 32.961666666666666, 32.961666666666666, 32.957499999999996, 32.955, 32.95249999999999, 32.950833333333335, 32.95166666666667, 32.94833333333334, 32.95, 32.943333333333335, 32.932500000000005, 32.94583333333333, 32.942499999999995, 32.95666666666666, 32.955, 32.94833333333333, 32.954166666666666, 32.9525, 32.95666666666666, 32.95333333333333, 32.95583333333333, 32.94583333333333, 32.95333333333333, 32.947500000000005, 32.95916666666667, 32.96, 32.94833333333333, 32.95, 32.95166666666667, 32.939166666666665, 32.94583333333333, 32.94083333333334, 32.94416666666667, 32.94833333333334, 32.946666666666665, 32.946666666666665, 32.95333333333333, 32.954166666666666, 32.95166666666667, 32.950833333333335, 32.9525, 32.955000000000005, 32.94583333333333, 32.94416666666667, 32.945, 32.94583333333333, 32.945, 32.95333333333333, 32.9425, 32.94916666666667, 32.946666666666665, 32.949999999999996, 32.95, 32.94166666666666, 32.94833333333333, 32.95, 32.9525, 32.943333333333335, 32.945, 32.94833333333333, 32.9425, 32.94416666666667, 32.9475, 32.946666666666665, 32.949999999999996, 32.95166666666667, 32.94416666666667, 32.94166666666667, 32.9475, 32.94416666666667, 32.94416666666666, 32.94916666666667, 32.94083333333333, 32.95166666666667, 32.95166666666667, 32.94833333333334, 32.947500000000005, 32.94583333333333, 32.94916666666666, 32.95166666666666, 32.94166666666666, 32.94833333333333, 32.945, 32.95, 32.946666666666665, 32.95, 32.95333333333333, 32.959999999999994, 32.955, 32.946666666666665, 32.94083333333333, 32.94416666666667, 32.946666666666665, 32.950833333333335, 32.94916666666667, 32.9525, 32.95333333333333, 32.95333333333333, 32.95333333333333, 32.95, 32.9525, 32.95, 32.958333333333336, 32.9425, 32.950833333333335, 32.950833333333335, 32.95333333333333, 32.94916666666667, 32.9525, 32.95333333333333, 32.95333333333333, 32.95, 32.939166666666665, 32.9425, 32.94833333333334, 32.943333333333335, 32.95333333333333, 32.9525, 32.94416666666667, 32.94083333333333, 32.9475, 32.93833333333333, 32.94, 32.9375, 32.9375, 32.93833333333333, 32.93666666666667, 32.94, 32.94166666666666, 32.9475, 32.95333333333333, 32.95666666666666, 32.95916666666667, 32.95333333333333, 32.961666666666666, 32.96, 32.95916666666667, 32.95333333333333, 32.9475, 32.946666666666665, 32.945, 32.94416666666667, 32.94416666666667, 32.94166666666667, 32.946666666666665, 32.950833333333335, 32.950833333333335, 32.94583333333333, 32.942499999999995, 32.94333333333333, 32.92833333333333, 32.935, 32.9325, 32.945, 32.9425, 32.943333333333335, 32.942499999999995, 32.945, 32.94416666666667, 32.943333333333335, 32.9425, 32.943333333333335, 32.94166666666666, 32.93833333333333, 32.93666666666667, 32.93416666666667, 32.9425, 32.94416666666667, 32.94083333333333, 32.94083333333333, 32.94166666666666, 32.9475, 32.943333333333335, 32.94833333333334, 32.94416666666666, 32.94416666666667, 32.94083333333333, 32.945, 32.94083333333333, 32.94, 32.939166666666665, 32.94, 32.93833333333333, 32.9325, 32.939166666666665, 32.9325, 32.931666666666665, 32.935833333333335, 32.9375, 32.945, 32.94916666666666, 32.955, 32.957499999999996, 32.94833333333333, 32.945, 32.9475, 32.939166666666665, 32.94416666666667, 32.9425, 32.939166666666665, 32.943333333333335, 32.949999999999996, 32.94583333333333, 32.935833333333335, 32.93833333333333, 32.9375, 32.93666666666667, 32.94, 32.94166666666667, 32.94, 32.939166666666665, 32.9425, 32.94583333333333, 32.94583333333333, 32.945, 32.94416666666667, 32.93333333333334, 32.93083333333334, 32.93083333333333, 32.92166666666667, 32.92916666666667, 32.927499999999995, 32.939166666666665, 32.93083333333333, 32.92583333333333, 32.93083333333333, 32.93833333333333, 32.9375, 32.94083333333333, 32.9475, 32.9475, 32.94833333333333, 32.94916666666667, 32.946666666666665, 32.93666666666667, 32.92916666666667, 32.932500000000005, 32.9325, 32.93416666666667, 32.93083333333333, 32.931666666666665, 32.925, 32.93, 32.93, 32.925, 32.92333333333333, 32.92583333333333, 32.925, 32.92916666666667, 32.9375, 32.93416666666667, 32.93, 32.93666666666667, 32.943333333333335, 32.93666666666667, 32.935833333333335, 32.942499999999995, 32.935833333333335, 32.94416666666667, 32.946666666666665, 32.946666666666665, 32.94583333333333, 32.93833333333333, 32.9375, 32.943333333333335, 32.94166666666666, 32.94416666666667, 32.94083333333333, 32.9375, 32.9375, 32.94916666666667, 32.95, 32.94833333333334, 32.95, 32.94833333333333, 32.9525, 32.946666666666665, 32.9475, 32.93833333333333, 32.939166666666665, 32.9375, 32.93833333333333, 32.9425, 32.94416666666667, 32.94416666666667, 32.95, 32.94166666666666, 32.94, 32.94083333333333, 32.9425, 32.94083333333334, 32.945, 32.94583333333333, 32.945, 32.935833333333335, 32.935833333333335, 32.94083333333333, 32.9425, 32.943333333333335, 32.939166666666665, 32.9375, 32.94, 32.931666666666665, 32.92666666666667, 32.9275, 32.9325, 32.93416666666666, 32.928333333333335, 32.92666666666666, 32.93083333333333, 32.9325, 32.92916666666667, 32.9375, 32.94083333333333, 32.93416666666667, 32.93833333333333, 32.93083333333333, 32.928333333333335, 32.928333333333335, 32.927499999999995, 32.92583333333333, 32.925, 32.925, 32.9275, 32.92666666666667, 32.92583333333334, 32.9225, 32.92666666666667, 32.92166666666666, 32.92916666666667, 32.93416666666667, 32.93333333333334, 32.935833333333335, 32.935, 32.9375, 32.935833333333335, 32.93666666666667, 32.93666666666667, 32.93416666666667, 32.93333333333333, 32.935833333333335, 32.935833333333335, 32.93416666666667, 32.93416666666667, 32.93833333333333, 32.935, 32.932500000000005, 32.93833333333333, 32.94, 32.93416666666667, 32.93, 32.935833333333335, 32.931666666666665, 32.935833333333335, 32.9325, 32.9375, 32.93833333333333, 32.93083333333333, 32.93666666666667, 32.935833333333335, 32.935, 32.93416666666667, 32.93416666666667, 32.94, 32.9425, 32.93666666666667, 32.93833333333333, 32.93749999999999, 32.935833333333335, 32.934999999999995, 32.932500000000005, 32.94083333333334, 32.93666666666667, 32.939166666666665, 32.9425, 32.943333333333335, 32.93666666666667, 32.94, 32.939166666666665, 32.93833333333333, 32.9375, 32.939166666666665, 32.93083333333333, 32.931666666666665, 32.935833333333335, 32.93, 32.93083333333333, 32.927499999999995, 32.92916666666667, 32.931666666666665, 32.93416666666667, 32.94166666666667, 32.934999999999995, 32.9375, 32.935, 32.92916666666667, 32.93416666666667, 32.931666666666665, 32.93666666666667, 32.935833333333335, 32.93833333333333, 32.93333333333333, 32.93666666666667, 32.928333333333335, 32.92916666666667, 32.92666666666666, 32.91916666666667, 32.91916666666667, 32.920833333333334, 32.92666666666666, 32.92916666666667, 32.91416666666667, 32.913333333333334, 32.9175, 32.91833333333334, 32.913333333333334, 32.91166666666667, 32.91083333333333, 32.91916666666667, 32.92166666666667, 32.915, 32.91833333333334, 32.92166666666667, 32.92333333333333, 32.92583333333334, 32.924166666666665, 32.9325, 32.93333333333334, 32.92583333333333, 32.9275, 32.928333333333335, 32.92333333333333, 32.92666666666667, 32.93083333333333]",0.9136551655809576,0.9290489623990417,33,"[33, 33, 33, 33, 33, 33, 33, 33, 33, 33, 33, 33, 33, 33, 33, 33, 33, 33, 33, 33, 33, 33, 33, 33, 33, 33, 33, 33, 33, 33, 33, 33, 33, 33, 33, 33, 33, 33, 33, 33, 33, 33, 33, 33, 33, 33, 33, 33, 33, 33, 33, 33, 33, 33, 33, 33, 33, 33, 33, 33, 33, 33, 33, 33, 33, 33, 33, 33, 33, 33, 33, 33, 33, 33, 33, 33, 33, 33, 33, 33, 33, 33, 33, 33, 33, 33, 33, 33, 33, 33, 33, 33, 33, 33, 33, 33, 33, 33, 33, 33, 33, 33, 33, 33, 33, 33, 33, 33, 33, 33, 33, 33, 33, 33, 33, 33, 33, 33, 33, 33, 33, 33, 33, 33, 33, 33, 33, 33, 33, 33, 33, 33, 33, 33, 33, 33, 33, 33, 33, 33, 33, 33, 33, 33, 33, 33, 33, 33, 33, 33, 33, 33, 33, 33, 33, 33, 33, 33, 33, 33, 33, 33, 33, 33, 33, 33, 33, 33, 33, 33, 33, 33, 33, 33, 33, 33, 33, 33, 33, 33, 33, 33, 33, 33, 33, 33, 33, 33, 33, 33, 33, 33, 33, 33, 33, 33, 33, 33, 33, 33, 33, 33, 33, 33, 33, 33, 33, 33, 33, 33, 33, 33, 33, 33, 33, 33, 33, 33, 33, 33, 33, 33, 33, 33, 33, 33, 33, 33, 33, 33, 33, 33, 33, 33, 33, 33, 33, 33, 33, 33, 33, 33, 33, 33, 33, 33, 33, 33, 33, 33, 33, 33, 33, 33, 33, 33, 33, 33, 33, 33, 33, 33, 33, 33, 33, 33, 33, 33, 33, 33, 33, 33, 33, 33, 33, 33, 33, 33, 33, 33, 33, 33, 33, 33, 33, 33, 33, 33, 33, 33, 33, 33, 33, 33, 33, 33, 33, 33, 33, 33, 33, 33, 33, 33, 33, 33, 33, 33, 33, 33, 33, 33, 33, 33, 33, 33, 33, 33, 33, 33, 33, 33, 33, 33, 33, 33, 33, 33, 33, 33, 33, 33, 33, 33, 33, 33, 33, 33, 33, 33, 33, 33, 33, 33, 33, 33, 33, 33, 33, 33, 33, 33, 33, 33, 33, 33, 33, 33, 33, 33, 33, 33, 33, 33, 33, 33, 33, 33, 33, 33, 33, 33, 33, 33, 33, 33, 33, 33, 33, 33, 33, 33, 33, 33, 33, 33, 33, 33, 33, 33, 33, 33, 33, 33, 33, 33, 33, 33, 33, 33, 33, 33, 33, 33, 33, 33, 33, 33, 33, 33, 33, 33, 33, 33, 33, 33, 33, 33, 33, 33, 33, 33, 33, 33, 33, 33, 33, 33, 33, 33, 33, 33, 33, 33, 33, 33, 33, 33, 33, 33]",440,"[0.41122958064079285, 0.40363192558288574, 0.3983324468135834, 0.39381054043769836, 0.39035916328430176, 0.3878723084926605, 0.38566383719444275, 0.3838554620742798, 0.3822760283946991, 0.38081783056259155, 0.3794962763786316, 0.37806618213653564, 0.37665310502052307, 0.3761935830116272, 0.3744935691356659, 0.37312233448028564, 0.37176644802093506, 0.3705448806285858, 0.3694048225879669, 0.3682916760444641, 0.3673630952835083, 0.3660813868045807, 0.36522236466407776, 0.36428797245025635, 0.36332255601882935, 0.36183953285217285, 0.3615979254245758, 0.3600118160247803, 0.3588496148586273, 0.35759028792381287, 0.35672974586486816, 0.35576343536376953, 0.35475364327430725, 0.35408371686935425, 0.35293006896972656, 0.3520994484424591, 0.3511371910572052, 0.3506752848625183, 0.34942424297332764, 0.34915173053741455, 0.3475275933742523, 0.3467558026313782, 0.34655383229255676, 0.3448275625705719, 0.34385696053504944, 0.3430209457874298, 0.34279465675354004, 0.3423171639442444, 0.34030628204345703, 0.3396969139575958, 0.33848410844802856, 0.33794131875038147, 0.33690014481544495, 0.3358663320541382, 0.3349749743938446, 0.3338869512081146, 0.33308613300323486, 0.33201107382774353, 0.3310735821723938, 0.3303894102573395, 0.33091670274734497, 0.328578919172287, 0.32700634002685547, 0.32598069310188293, 0.32508423924446106, 0.3238446116447449, 0.3230619728565216, 0.32188114523887634, 0.3206923305988312, 0.3193637728691101, 0.31847235560417175, 0.31746184825897217, 0.3158194422721863, 0.3146009147167206, 0.31325843930244446, 0.3120930790901184, 0.31172794103622437, 0.30969318747520447, 0.3086477220058441, 0.30848973989486694, 0.30575576424598694, 0.3054714500904083, 0.3033895790576935, 0.302138090133667, 0.3014765679836273, 0.3010104298591614, 0.2983952462673187, 0.2972516119480133, 0.29594892263412476, 0.29473504424095154, 0.2934742271900177, 0.2922508120536804, 0.29097750782966614, 0.2899564802646637, 0.28886526823043823, 0.28812873363494873, 0.2866152226924896, 0.2854348421096802, 0.2843567728996277, 0.28345587849617004, 0.2823353111743927, 0.28144192695617676, 0.28076115250587463, 0.27950039505958557, 0.2788139283657074, 0.2777312397956848, 0.2774556875228882, 0.27624329924583435, 0.2754645049571991, 0.2746203541755676, 0.2737572193145752, 0.272988498210907, 0.2724437415599823, 0.27213457226753235, 0.2707686126232147, 0.2702585756778717, 0.270059734582901, 0.2688867449760437, 0.26853325963020325, 0.26758721470832825, 0.26709020137786865, 0.26629480719566345, 0.2654772698879242, 0.26481932401657104, 0.2642003893852234, 0.2636069059371948, 0.2631251811981201, 0.2627227306365967, 0.26194092631340027, 0.2614547908306122, 0.2625466585159302, 0.26094651222229004, 0.26053816080093384, 0.259904682636261, 0.2592887878417969, 0.25831329822540283, 0.2575860023498535, 0.2572630047798157, 0.25801989436149597, 0.2565051317214966, 0.25563687086105347, 0.25498420000076294, 0.25441572070121765, 0.2543013095855713, 0.25433480739593506, 0.2532213628292084, 0.2527083158493042, 0.25204965472221375, 0.25170695781707764, 0.2513551712036133, 0.25092387199401855, 0.250211626291275, 0.24968233704566956, 0.24949795007705688, 0.2490975558757782, 0.24850820004940033, 0.24850299954414368, 0.2477501630783081, 0.24699975550174713, 0.24650076031684875, 0.24609747529029846, 0.2458266019821167, 0.246087908744812, 0.24520817399024963, 0.2446935772895813, 0.24472041428089142, 0.24408020079135895, 0.24354663491249084, 0.24380561709403992, 0.24234391748905182, 0.24240978062152863, 0.24178530275821686, 0.24165616929531097, 0.2413056194782257, 0.2405465543270111, 0.24059481918811798, 0.2398463487625122, 0.23950093984603882, 0.23909856379032135, 0.23863975703716278, 0.23882220685482025, 0.23800930380821228, 0.2376684993505478, 0.23780429363250732, 0.2377164214849472, 0.23816004395484924, 0.23633167147636414, 0.23619499802589417, 0.23529165983200073, 0.23558059334754944, 0.2354564070701599, 0.2362273633480072, 0.23443329334259033, 0.23399338126182556, 0.23356541991233826, 0.23312637209892273, 0.23309938609600067, 0.23243658244609833, 0.23225252330303192, 0.23175852000713348, 0.23225578665733337, 0.2317294180393219, 0.23136253654956818, 0.2308962494134903, 0.23157306015491486, 0.23125497996807098, 0.22983422875404358, 0.23047490417957306, 0.22952578961849213, 0.22981925308704376, 0.22990554571151733, 0.22880084812641144, 0.22824153304100037, 0.22814105451107025, 0.228188157081604, 0.22800126671791077, 0.22740554809570312, 0.22678601741790771, 0.22678962349891663, 0.22747720777988434, 0.22733193635940552, 0.2264137715101242, 0.22587823867797852, 0.22714176774024963, 0.2265433669090271, 0.2256394922733307, 0.22633738815784454, 0.22487562894821167, 0.22521339356899261, 0.22453898191452026, 0.22412222623825073, 0.2238762229681015, 0.2238016277551651, 0.2236517071723938, 0.22465643286705017, 0.22330527007579803, 0.22334644198417664, 0.2233324497938156, 0.22312666475772858, 0.22375741600990295, 0.22315092384815216, 0.2226768434047699, 0.22298750281333923, 0.22192661464214325, 0.22209908068180084, 0.22112062573432922, 0.2214130014181137, 0.22161509096622467, 0.22241127490997314, 0.22160638868808746, 0.22130611538887024, 0.22223953902721405, 0.22122639417648315, 0.2211483120918274, 0.22028848528862, 0.2197626680135727, 0.22103334963321686, 0.22089754045009613, 0.22050519287586212, 0.21916231513023376, 0.21943628787994385, 0.21973392367362976, 0.21953485906124115, 0.21912702918052673, 0.22009946405887604, 0.21944087743759155, 0.2191573679447174, 0.21936959028244019, 0.21937881410121918, 0.2186470627784729, 0.21842843294143677, 0.21827203035354614, 0.22028888761997223, 0.2185097485780716, 0.21829891204833984, 0.21815110743045807, 0.2185564637184143, 0.21871507167816162, 0.2183958888053894, 0.21802130341529846, 0.21660852432250977, 0.21695737540721893, 0.21691399812698364, 0.21738186478614807, 0.21791520714759827, 0.21718595921993256, 0.21639971435070038, 0.2168230414390564, 0.21704192459583282, 0.21717792749404907, 0.21608024835586548, 0.21587155759334564, 0.21740053594112396, 0.21587124466896057, 0.2165205180644989, 0.215684711933136, 0.21600519120693207, 0.21560020744800568, 0.21533645689487457, 0.2150159776210785, 0.2152479737997055, 0.21581950783729553, 0.21536453068256378, 0.21554382145404816, 0.2169588804244995, 0.21518835425376892, 0.21437738835811615, 0.21600854396820068, 0.21587440371513367, 0.21398775279521942, 0.21427105367183685, 0.2138010561466217, 0.2151160091161728, 0.21521396934986115, 0.21438859403133392, 0.21550258994102478, 0.21422170102596283, 0.2148400843143463, 0.21408887207508087, 0.2126414179801941, 0.21368470788002014, 0.21410320699214935, 0.21419577300548553, 0.2129642814397812, 0.21312184631824493, 0.2131815105676651, 0.21348068118095398, 0.21342575550079346, 0.2128429263830185, 0.21409554779529572, 0.212766632437706, 0.21345388889312744, 0.21377724409103394, 0.21283914148807526, 0.213572695851326, 0.21210964024066925, 0.2134634256362915, 0.2132461667060852, 0.21243637800216675, 0.21198372542858124, 0.21273750066757202, 0.21238042414188385, 0.21310092508792877, 0.21283219754695892, 0.21405549347400665, 0.2126150131225586, 0.21345537900924683, 0.21243685483932495, 0.21161237359046936, 0.21154290437698364, 0.2122238278388977, 0.21268297731876373, 0.21245242655277252, 0.21238794922828674, 0.2106800526380539, 0.21126386523246765, 0.21163995563983917, 0.21177633106708527, 0.21109560132026672, 0.21142369508743286, 0.21145032346248627, 0.21183361113071442, 0.21060900390148163, 0.21092014014720917, 0.21069158613681793, 0.21194986999034882, 0.21203292906284332, 0.2115982472896576, 0.2114994078874588, 0.2101682871580124, 0.20996874570846558, 0.2094174027442932, 0.21064357459545135, 0.21103091537952423, 0.2122606337070465, 0.2112952023744583, 0.21173572540283203, 0.21044030785560608, 0.21149678528308868, 0.21166285872459412, 0.2091405689716339, 0.21001653373241425, 0.21173715591430664, 0.20967335999011993, 0.20902974903583527, 0.20902225375175476, 0.21090321242809296, 0.2105783075094223, 0.20960427820682526, 0.2100580334663391, 0.20815739035606384, 0.2090555727481842, 0.20904982089996338, 0.20963157713413239, 0.20948255062103271, 0.20944400131702423, 0.20796555280685425, 0.2098071426153183, 0.20892353355884552, 0.2092108130455017, 0.20904505252838135, 0.2086588442325592, 0.20882727205753326, 0.20846153795719147, 0.20770509541034698, 0.20841747522354126, 0.2100374549627304, 0.21000461280345917, 0.20826303958892822, 0.20952089130878448, 0.20818351209163666, 0.20754212141036987, 0.20777417719364166, 0.2091536968946457, 0.2092650830745697, 0.2085544466972351, 0.20908643305301666, 0.20784929394721985, 0.20887786149978638, 0.2089700847864151, 0.20783984661102295, 0.20735186338424683, 0.2071511596441269, 0.20668955147266388, 0.2090206742286682, 0.20674915611743927, 0.2082381248474121, 0.20687703788280487, 0.20711512863636017, 0.2086038440465927, 0.2077031284570694, 0.2071342021226883, 0.20845454931259155, 0.20675475895404816, 0.2074020802974701, 0.207228884100914, 0.20730677247047424, 0.20771156251430511, 0.2059074342250824, 0.20692755281925201]",33.0,"[33.0, 33.0, 33.0, 33.0, 33.0, 33.0, 33.0, 33.0, 33.0, 33.0, 33.0, 33.0, 33.0, 33.0, 33.0, 33.0, 33.0, 33.0, 33.0, 33.0, 33.0, 33.0, 33.0, 33.0, 33.0, 33.0, 33.0, 33.0, 33.0, 33.0, 33.0, 33.0, 33.0, 33.0, 33.0, 33.0, 33.0, 33.0, 33.0, 33.0, 33.0, 33.0, 33.0, 33.0, 33.0, 33.0, 33.0, 33.0, 33.0, 33.0, 33.0, 33.0, 33.0, 33.0, 33.0, 33.0, 33.0, 33.0, 33.0, 33.0, 33.0, 33.0, 33.0, 33.0, 33.0, 33.0, 33.0, 33.0, 33.0, 33.0, 33.0, 33.0, 33.0, 33.0, 33.0, 33.0, 33.0, 33.0, 33.0, 33.0, 33.0, 33.0, 33.0, 33.0, 33.0, 33.0, 33.0, 33.0, 33.0, 33.0, 33.0, 33.0, 33.0, 33.0, 33.0, 33.0, 33.0, 33.0, 33.0, 33.0, 33.0, 33.0, 33.0, 33.0, 33.0, 33.0, 33.0, 33.0, 33.0, 33.0, 33.0, 33.0, 33.0, 33.0, 33.0, 33.0, 33.0, 33.0, 33.0, 33.0, 33.0, 33.0, 33.0, 33.0, 33.0, 33.0, 33.0, 33.0, 33.0, 33.0, 33.0, 33.0, 33.0, 33.0, 33.0, 33.0, 33.0, 33.0, 33.0, 33.0, 33.0, 33.0, 33.0, 33.0, 33.0, 33.0, 33.0, 33.0, 33.0, 33.0, 33.0, 33.0, 33.0, 33.0, 33.0, 33.0, 33.0, 33.0, 33.0, 33.0, 33.0, 33.0, 33.0, 33.0, 33.0, 33.0, 33.0, 33.0, 33.0, 33.0, 33.0, 33.0, 33.0, 33.0, 33.0, 33.0, 33.0, 33.0, 33.0, 33.0, 33.0, 33.0, 33.0, 33.0, 33.0, 33.0, 33.0, 33.0, 33.0, 33.0, 33.0, 33.0, 33.0, 33.0, 33.0, 33.0, 33.0, 33.0, 33.0, 33.0, 33.0, 33.0, 33.0, 33.0, 33.0, 33.0, 33.0, 33.0, 33.0, 33.0, 33.0, 33.0, 33.0, 33.0, 33.0, 33.0, 33.0, 33.0, 33.0, 33.0, 33.