,number,value,datetime_start,datetime_complete,duration,params_batch_size_scaler,params_constant_learning_rate,params_depth,params_epochs,params_kernel_l2,params_num_trees,params_temperature,user_attrs_accuracy_test,user_attrs_accuracy_valid,user_attrs_approximate_feature_sparsity,user_attrs_approximate_feature_sparsity_history,user_attrs_approximate_weight_sparsity,user_attrs_approximate_weight_sparsity_history,user_attrs_auc_test,user_attrs_auc_valid,user_attrs_feature_sparsity,user_attrs_feature_sparsity_history,user_attrs_num_epochs,user_attrs_val_loss_history,user_attrs_weight_sparsity,user_attrs_weight_sparsity_history,state
105,105,0.9248624904999291,2024-08-31 04:42:28.971722,2024-08-31 04:46:03.949002,0 days 00:03:34.977280,1,0.15925538406803014,5,185,0.0023559549682999957,31,0.000406814438848085,0.928,0.93625,33,"[33, 33, 33, 33, 33, 33, 33, 33, 33, 33, 33, 33, 33, 33, 33, 33, 33, 33, 33, 33, 33, 33, 33, 33, 33, 33, 33, 33, 33, 33, 33, 33, 33, 33, 33, 33, 33, 33, 33, 33, 33, 33, 33, 33, 33, 33, 33, 33, 33, 33, 33, 33, 33, 33, 33, 33, 33, 33, 33, 33, 33, 33, 33, 33, 33, 33, 33, 33, 33, 33, 33, 33, 33, 33, 33, 33, 33, 33, 33, 33, 33, 33, 33, 33, 33, 33, 33, 33, 33, 33, 33, 33, 33, 33, 33, 33, 33, 33, 33, 33, 33, 33, 33, 33, 33, 33, 33, 33, 33, 33, 33, 33, 33, 33, 33, 33, 33, 33, 33, 33, 33, 33, 33, 33, 33, 33, 33, 33, 33, 33, 33, 33, 33, 33, 33, 33, 33, 33, 33, 33, 33, 33, 33, 33, 33, 33, 33, 33, 33, 33, 33, 33, 33, 33, 33, 33, 33, 33, 33, 33, 33, 33, 33, 33, 33, 33, 33, 33, 33, 33, 33, 33, 33, 33, 33, 33, 33, 33, 33, 33, 33, 33, 33, 33, 33]",32.97294484911551,"[32.95213319458897, 32.95421436004162, 32.95109261186264, 32.96357960457856, 32.966701352757546, 32.95525494276795, 32.9531737773153, 32.960457856399586, 32.96566077003122, 32.96462018730489, 32.96357960457856, 32.96462018730489, 32.95525494276795, 32.956295525494276, 32.95941727367326, 32.960457856399586, 32.950052029136316, 32.95109261186265, 32.960457856399586, 32.96462018730489, 32.95421436004162, 32.9531737773153, 32.966701352757546, 32.965660770031214, 32.965660770031214, 32.96462018730489, 32.96253902185224, 32.956295525494276, 32.95525494276795, 32.95941727367325, 32.956295525494276, 32.95629552549427, 32.95317377731529, 32.95837669094693, 32.956295525494276, 32.95525494276795, 32.956295525494276, 32.9531737773153, 32.95941727367326, 32.9573361082206, 32.9687825182102, 32.96462018730489, 32.96253902185224, 32.95941727367326, 32.95941727367325, 32.9687825182102, 32.95837669094693, 32.96462018730489, 32.95941727367326, 32.9573361082206, 32.94901144640999, 32.96149843912591, 32.95525494276795, 32.958376690946935, 32.95941727367326, 32.94693028095733, 32.945889698231014, 32.9573361082206, 32.965660770031214, 32.97398543184183, 32.96253902185224, 32.96149843912591, 32.96774193548387, 32.96878251821019, 32.96357960457856, 32.9573361082206, 32.95941727367325, 32.95941727367326, 32.96253902185224, 32.96149843912591, 32.96462018730489, 32.95941727367325, 32.95421436004162, 32.960457856399586, 32.95941727367326, 32.956295525494276, 32.96149843912591, 32.9531737773153, 32.954214360041625, 32.96045785639958, 32.96462018730489, 32.95941727367326, 32.96982310093652, 32.97398543184183, 32.97918834547347, 32.96357960457856, 32.96357960457856, 32.9573361082206, 32.956295525494276, 32.9573361082206, 32.94588969823101, 32.956295525494276, 32.943808532778355, 32.95213319458897, 32.96566077003122, 32.95317377731529, 32.950052029136316, 32.947970863683665, 32.95109261186264, 32.94693028095734, 32.94901144640999, 32.9573361082206, 32.956295525494276, 32.96253902185224, 32.95941727367326, 32.96149843912591, 32.96149843912591, 32.960457856399586, 32.96149843912591, 32.96566077003122, 32.96774193548387, 32.96462018730489, 32.96774193548387, 32.9573361082206, 32.97086368366285, 32.9687825182102, 32.96670135275754, 32.96357960457856, 32.9687825182102, 32.96253902185224, 32.96253902185224, 32.956295525494276, 32.96462018730489, 32.96774193548387, 32.966701352757546, 32.95837669094693, 32.95837669094693, 32.96774193548387, 32.96462018730489, 32.9573361082206, 32.956295525494276, 32.96045785639958, 32.95525494276795, 32.9531737773153, 32.950052029136316, 32.95109261186264, 32.950052029136316, 32.95525494276795, 32.96462018730489, 32.960457856399586, 32.96357960457856, 32.96774193548387, 32.96566077003122, 32.95837669094693, 32.9687825182102, 32.96149843912591, 32.960457856399586, 32.96149843912591, 32.966701352757546, 32.96357960457856, 32.96253902185224, 32.95525494276795, 32.95941727367325, 32.96357960457856, 32.96566077003122, 32.960457856399586, 32.956295525494276, 32.9573361082206, 32.94901144640999, 32.9573361082206, 32.9573361082206, 32.9573361082206, 32.96149843912591, 32.9573361082206, 32.96774193548387, 32.954214360041625, 32.9573361082206, 32.956295525494276, 32.9573361082206, 32.96149843912591, 32.96462018730489, 32.96982310093652, 32.96774193548387, 32.960457856399586, 32.966701352757546, 32.971904266389174, 32.97086368366285, 32.96774193548387, 32.96878251821019, 32.96357960457856, 32.96357960457856, 32.96045785639958, 32.96566077003122, 32.96149843912591, 32.97294484911551]",0.9048291349829507,0.9248624904999291,33,"[33, 33, 33, 33, 33, 33, 33, 33, 33, 33, 33, 33, 33, 33, 33, 33, 33, 33, 33, 33, 33, 33, 33, 33, 33, 33, 33, 33, 33, 33, 33, 33, 33, 33, 33, 33, 33, 33, 33, 33, 33, 33, 33, 33, 33, 33, 33, 33, 33, 33, 33, 33, 33, 33, 33, 33, 33, 33, 33, 33, 33, 33, 33, 33, 33, 33, 33, 33, 33, 33, 33, 33, 33, 33, 33, 33, 33, 33, 33, 33, 33, 33, 33, 33, 33, 33, 33, 33, 33, 33, 33, 33, 33, 33, 33, 33, 33, 33, 33, 33, 33, 33, 33, 33, 33, 33, 33, 33, 33, 33, 33, 33, 33, 33, 33, 33, 33, 33, 33, 33, 33, 33, 33, 33, 33, 33, 33, 33, 33, 33, 33, 33, 33, 33, 33, 33, 33, 33, 33, 33, 33, 33, 33, 33, 33, 33, 33, 33, 33, 33, 33, 33, 33, 33, 33, 33, 33, 33, 33, 33, 33, 33, 33, 33, 33, 33, 33, 33, 33, 33, 33, 33, 33, 33, 33, 33, 33, 33, 33, 33, 33, 33, 33, 33, 33]",185,"[0.3717328906059265, 0.361324667930603, 0.3518785238265991, 0.3429601192474365, 0.3329199254512787, 0.3230551481246948, 0.31129351258277893, 0.3009487986564636, 0.28903499245643616, 0.277953177690506, 0.26931795477867126, 0.2643502950668335, 0.25871366262435913, 0.2517698407173157, 0.24689620733261108, 0.24330411851406097, 0.2384413182735443, 0.23272235691547394, 0.23179006576538086, 0.2259804606437683, 0.22386762499809265, 0.21841497719287872, 0.21741296350955963, 0.21402578055858612, 0.21043355762958527, 0.20675481855869293, 0.20575563609600067, 0.204776331782341, 0.20354098081588745, 0.20087207853794098, 0.2002081274986267, 0.19858558475971222, 0.19412407279014587, 0.1938639134168625, 0.19087687134742737, 0.19008855521678925, 0.19060003757476807, 0.19068481028079987, 0.1910516321659088, 0.19004406034946442, 0.18867227435112, 0.1860990971326828, 0.19314557313919067, 0.18315109610557556, 0.18532855808734894, 0.18449264764785767, 0.1828361451625824, 0.1904122233390808, 0.18919481337070465, 0.18159812688827515, 0.1842571496963501, 0.18284279108047485, 0.18176914751529694, 0.1783716082572937, 0.1842794567346573, 0.18132227659225464, 0.18646860122680664, 0.18348993360996246, 0.1837470978498459, 0.18108461797237396, 0.17719505727291107, 0.1807829737663269, 0.18301011621952057, 0.17612725496292114, 0.17785830795764923, 0.1811865270137787, 0.18155363202095032, 0.1815340667963028, 0.18131399154663086, 0.17985649406909943, 0.17726756632328033, 0.17843939363956451, 0.18294259905815125, 0.18103191256523132, 0.17737585306167603, 0.17856542766094208, 0.17959126830101013, 0.18091794848442078, 0.17831209301948547, 0.1825299710035324, 0.18159784376621246, 0.18000246584415436, 0.17451533675193787, 0.18294507265090942, 0.18238314986228943, 0.18111656606197357, 0.18567900359630585, 0.17914961278438568, 0.17848286032676697, 0.18046322464942932, 0.1857973039150238, 0.18282145261764526, 0.18173250555992126, 0.18031488358974457, 0.19900384545326233, 0.18221718072891235, 0.1837015002965927, 0.1784057468175888, 0.19015806913375854, 0.1887437254190445, 0.1856122612953186, 0.18434840440750122, 0.18084369599819183, 0.1783769577741623, 0.19173520803451538, 0.18621882796287537, 0.1815645843744278, 0.1910422146320343, 0.18186908960342407, 0.18213075399398804, 0.18897303938865662, 0.19164349138736725, 0.18591131269931793, 0.1919991374015808, 0.1844726800918579, 0.19037647545337677, 0.1946798712015152, 0.1867208033800125, 0.18645034730434418, 0.19327490031719208, 0.19345605373382568, 0.19261610507965088, 0.19834278523921967, 0.1869053691625595, 0.1946573257446289, 0.19380629062652588, 0.19501937925815582, 0.19046062231063843, 0.1927778273820877, 0.19473019242286682, 0.19512735307216644, 0.19133520126342773, 0.19440898299217224, 0.19439102709293365, 0.1981763243675232, 0.2028588354587555, 0.19947360455989838, 0.1959267407655716, 0.1988958865404129, 0.1996488720178604, 0.20865440368652344, 0.20474182069301605, 0.20318067073822021, 0.20053236186504364, 0.20754703879356384, 0.21240757405757904, 0.20834138989448547, 0.20419761538505554, 0.2074567824602127, 0.20743484795093536, 0.213323712348938, 0.20833180844783783, 0.21341943740844727, 0.2124364674091339, 0.21201151609420776, 0.21271759271621704, 0.20905138552188873, 0.2194983810186386, 0.21611760556697845, 0.21537715196609497, 0.21575362980365753, 0.2179352343082428, 0.2179649919271469, 0.21719907224178314, 0.21925239264965057, 0.22479724884033203, 0.2225567251443863, 0.22398579120635986, 0.22196674346923828, 0.22354787588119507, 0.2283911257982254, 0.22577762603759766, 0.2253192961215973, 0.22943666577339172, 0.2309851497411728, 0.22916795313358307, 0.22804389894008636, 0.23052263259887695, 0.23354142904281616, 0.23665112257003784, 0.23908381164073944, 0.23909536004066467, 0.23178623616695404, 0.23564985394477844, 0.2379186600446701]",33.0,"[33.0, 33.0, 33.0, 33.0, 33.0, 33.0, 33.0, 33.0, 33.0, 33.0, 33.0, 33.0, 33.0, 33.0, 33.0, 33.0, 33.0, 33.0, 33.0, 33.0, 33.0, 33.0, 33.0, 33.0, 33.0, 33.0, 33.0, 33.0, 33.0, 33.0, 33.0, 33.0, 33.0, 33.0, 33.0, 33.0, 33.0, 33.0, 33.0, 33.0, 33.0, 33.0, 33.0, 33.0, 33.0, 33.0, 33.0, 33.0, 33.0, 33.0, 33.0, 33.0, 33.0, 33.0, 33.0, 33.0, 33.0, 33.0, 33.0, 33.0, 33.0, 33.0, 33.0, 33.0, 33.0, 33.0, 33.0, 33.0, 33.0, 33.0, 33.0, 33.0, 33.0, 33.0, 33.0, 33.0, 33.0, 33.0, 33.0, 33.0, 33.0, 33.0, 33.0, 33.0, 33.0, 33.0, 33.0, 33.0, 33.0, 33.0, 33.0, 33.0, 33.0, 33.0, 33.0, 33.0, 33.0, 33.0, 33.0, 33.0, 33.0, 33.0, 33.0, 33.0, 33.0, 33.0, 33.0, 33.0, 33.0, 33.0, 33.0, 33.0, 33.0, 33.0, 33.0, 33.0, 33.0, 33.0, 33.0, 33.0, 33.0, 33.0, 33.0, 33.0, 33.0, 33.0, 33.0, 33.0, 33.0, 33.0, 33.0, 33.0, 33.0, 33.0, 33.0, 33.0, 33.0, 33.0, 33.0, 33.0, 33.0, 33.0, 33.0, 33.0, 33.0, 33.0, 33.0, 33.0, 33.0, 33.0, 33.0, 33.0, 33.0, 33.0, 33.0, 33.0, 33.0, 33.0, 33.0, 33.0, 33.0, 33.0, 33.0, 33.0, 33.0, 33.0, 33.0, 33.0, 33.0, 33.0, 33.0, 33.0, 33.0, 33.0, 33.0, 33.0, 33.0, 33.0, 33.0, 33.0, 33.0, 33.0, 33.0, 33.0, 33.0]",COMPLETE
