,number,value,datetime_start,datetime_complete,duration,params_batch_size_scaler,params_constant_learning_rate,params_depth,params_epochs,params_kernel_l2,params_num_trees,params_temperature,user_attrs_accuracy_test,user_attrs_accuracy_valid,user_attrs_approximate_feature_sparsity,user_attrs_approximate_feature_sparsity_history,user_attrs_approximate_weight_sparsity,user_attrs_approximate_weight_sparsity_history,user_attrs_auc_test,user_attrs_auc_valid,user_attrs_feature_sparsity,user_attrs_feature_sparsity_history,user_attrs_num_epochs,user_attrs_val_loss_history,user_attrs_weight_sparsity,user_attrs_weight_sparsity_history,state
156,156,0.9263567389316124,2024-08-31 07:25:19.997612,2024-08-31 07:28:43.009280,0 days 00:03:23.011668,1,0.01401386732308211,3,300,0.16553740255913457,100,0.006901376797034805,0.939,0.93875,33,"[33, 33, 33, 33, 33, 33, 33, 33, 33, 33, 33, 33, 33, 33, 33, 33, 33, 33, 33, 33, 33, 33, 33, 33, 33, 33, 33, 33, 33, 33, 33, 33, 33, 33, 33, 33, 33, 33, 33, 33, 33, 33, 33, 33, 33, 33, 33, 33, 33, 33, 33, 33, 33, 33, 33, 33, 33, 33, 33, 33, 33, 33, 33, 33, 33, 33, 33, 33, 33, 33, 33, 33, 33, 33, 33, 33, 33, 33, 33, 33, 33, 33, 33, 33, 33, 33, 33, 33, 33, 33, 33, 33, 33, 33, 33, 33, 33, 33, 33, 33, 33, 33, 33, 33, 33, 33, 33, 33, 33, 33, 33, 33, 33, 33, 33, 33, 33, 33, 33, 33, 33, 33, 33, 33, 33, 33, 33, 33, 33, 33, 33, 33, 33, 33, 33, 33, 33, 33, 33, 33, 33, 33, 33, 33, 33, 33, 33, 33, 33, 33, 33, 33, 33, 33, 33, 33, 33, 33, 33, 33, 33, 33, 33, 33, 33, 33, 33, 33, 33, 33, 33, 33, 33, 33, 33, 33, 33, 33, 33, 33, 33, 33, 33, 33, 33, 33, 33, 33, 33, 33, 33, 33, 33, 33, 33, 33, 33, 33, 33, 33, 33, 33, 33, 33, 33, 33, 33, 33, 33, 33, 33, 33, 33, 33, 33, 33, 33, 33, 33, 33, 33, 33, 33, 33, 33, 33, 33, 33, 33, 33, 33, 33, 33, 33, 33, 33, 33, 33, 33, 33, 33, 33, 33, 33, 33, 33, 33, 33, 33, 33, 33, 33, 33, 33, 33, 33, 33, 33, 33, 33, 33, 33, 33, 33, 33, 33, 33, 33, 33, 33, 33, 33, 33, 33, 33, 33, 33, 33, 33, 33, 33, 33, 33, 33, 33, 33, 33, 33, 33, 33, 33, 33, 33, 33, 33, 33, 33, 33, 33, 33]",32.964285714285715,"[32.96714285714286, 32.964285714285715, 32.96857142857143, 32.955714285714286, 32.965714285714284, 32.965714285714284, 32.964285714285715, 32.972857142857144, 32.955714285714286, 32.962857142857146, 32.964285714285715, 32.95857142857143, 32.957142857142856, 32.971428571428575, 32.95428571428572, 32.95428571428572, 32.96285714285714, 32.957142857142856, 32.95142857142857, 32.95285714285714, 32.95142857142857, 32.96142857142857, 32.97571428571429, 32.97428571428571, 32.964285714285715, 32.971428571428575, 32.955714285714286, 32.96857142857143, 32.96857142857143, 32.964285714285715, 32.97428571428571, 32.96714285714285, 32.96142857142857, 32.94571428571429, 32.965714285714284, 32.964285714285715, 32.96857142857143, 32.95857142857143, 32.95857142857143, 32.96, 32.96714285714286, 32.96, 32.955714285714286, 32.955714285714286, 32.95, 32.94571428571429, 32.95142857142857, 32.964285714285715, 32.96, 32.965714285714284, 32.955714285714286, 32.96714285714286, 32.95857142857143, 32.957142857142856, 32.96714285714286, 32.96857142857143, 32.95285714285714, 32.95428571428572, 32.96, 32.95285714285714, 32.955714285714286, 32.94714285714286, 32.95, 32.95285714285714, 32.95142857142857, 32.95142857142857, 32.95857142857143, 32.95428571428572, 32.94857142857143, 32.95428571428572, 32.94571428571429, 32.95428571428572, 32.96, 32.96142857142857, 32.957142857142856, 32.957142857142856, 32.95857142857143, 32.957142857142856, 32.965714285714284, 32.96714285714286, 32.958571428571425, 32.962857142857146, 32.96857142857143, 32.97428571428571, 32.96142857142858, 32.962857142857146, 32.964285714285715, 32.972857142857144, 32.96857142857143, 32.962857142857146, 32.94571428571429, 32.957142857142856, 32.962857142857146, 32.970000000000006, 32.97, 32.972857142857144, 32.964285714285715, 32.965714285714284, 32.965714285714284, 32.965714285714284, 32.95285714285714, 32.95857142857143, 32.94714285714286, 32.95285714285714, 32.962857142857146, 32.957142857142856, 32.95857142857143, 32.955714285714286, 32.964285714285715, 32.97, 32.96714285714286, 32.96857142857143, 32.96, 32.96714285714286, 32.95285714285714, 32.96142857142857, 32.962857142857146, 32.964285714285715, 32.95285714285714, 32.96, 32.95, 32.94714285714286, 32.95285714285714, 32.93857142857143, 32.95142857142857, 32.955714285714286, 32.94714285714286, 32.95, 32.94714285714286, 32.96714285714286, 32.96285714285714, 32.965714285714284, 32.96857142857143, 32.97, 32.96857142857143, 32.962857142857146, 32.96714285714285, 32.96285714285714, 32.96142857142858, 32.96142857142857, 32.95285714285714, 32.96142857142857, 32.96142857142857, 32.972857142857144, 32.965714285714284, 32.964285714285715, 32.96857142857143, 32.97714285714286, 32.971428571428575, 32.96857142857143, 32.95857142857143, 32.965714285714284, 32.962857142857146, 32.96142857142857, 32.964285714285715, 32.964285714285715, 32.96714285714286, 32.96714285714286, 32.95857142857143, 32.96, 32.95285714285715, 32.964285714285715, 32.96857142857143, 32.97142857142857, 32.96857142857143, 32.965714285714284, 32.96714285714286, 32.97142857142857, 32.965714285714284, 32.972857142857144, 32.96714285714286, 32.965714285714284, 32.964285714285715, 32.96, 32.95857142857143, 32.96142857142857, 32.96, 32.971428571428575, 32.965714285714284, 32.962857142857146, 32.972857142857144, 32.96857142857143, 32.965714285714284, 32.965714285714284, 32.95857142857143, 32.972857142857144, 32.955714285714286, 32.957142857142856, 32.95857142857143, 32.955714285714286, 32.955714285714286, 32.957142857142856, 32.96, 32.95857142857143, 32.964285714285715, 32.96142857142857, 32.962857142857146, 32.96857142857143, 32.96142857142858, 32.97428571428571, 32.97, 32.971428571428575, 32.965714285714284, 32.971428571428575, 32.971428571428575, 32.964285714285715, 32.97857142857143, 32.96857142857143, 32.964285714285715, 32.96714285714285, 32.965714285714284, 32.971428571428575, 32.97, 32.965714285714284, 32.965714285714284, 32.964285714285715, 32.958571428571425, 32.95857142857143, 32.95142857142857, 32.95428571428572, 32.95428571428572, 32.94857142857143, 32.93571428571428, 32.94285714285714, 32.95142857142857, 32.95285714285714, 32.95285714285714, 32.94285714285714, 32.94428571428572, 32.95, 32.96142857142857, 32.96, 32.96, 32.96, 32.957142857142856, 32.96142857142857, 32.955714285714286, 32.955714285714286, 32.95714285714286, 32.95857142857143, 32.957142857142856, 32.96, 32.95428571428572, 32.94714285714286, 32.95142857142857, 32.94714285714286, 32.95857142857143, 32.96142857142857, 32.96142857142857, 32.955714285714286, 32.955714285714286, 32.94857142857143, 32.95857142857143, 32.957142857142856, 32.95857142857143, 32.95285714285714, 32.95857142857143, 32.955714285714286, 32.957142857142856, 32.95285714285714, 32.95428571428572, 32.95857142857143, 32.96142857142858, 32.965714285714284, 32.96571428571429, 32.96, 32.955714285714286, 32.95142857142857, 32.95428571428572, 32.96, 32.96142857142858, 32.958571428571425, 32.96142857142857, 32.962857142857146, 32.95857142857143, 32.964285714285715, 32.96142857142857, 32.95428571428572, 32.95285714285714, 32.95857142857143, 32.96142857142857, 32.96142857142857, 32.964285714285715, 32.97571428571429, 32.98142857142857, 32.97571428571429, 32.97714285714286, 32.97428571428571, 32.965714285714284, 32.96857142857143, 32.95714285714286, 32.96, 32.96857142857143, 32.96142857142857, 32.96142857142857, 32.965714285714284, 32.96142857142857, 32.95714285714286, 32.955714285714286, 32.964285714285715]",0.9101792452051289,0.9263567389316124,33,"[33, 33, 33, 33, 33, 33, 33, 33, 33, 33, 33, 33, 33, 33, 33, 33, 33, 33, 33, 33, 33, 33, 33, 33, 33, 33, 33, 33, 33, 33, 33, 33, 33, 33, 33, 33, 33, 33, 33, 33, 33, 33, 33, 33, 33, 33, 33, 33, 33, 33, 33, 33, 33, 33, 33, 33, 33, 33, 33, 33, 33, 33, 33, 33, 33, 33, 33, 33, 33, 33, 33, 33, 33, 33, 33, 33, 33, 33, 33, 33, 33, 33, 33, 33, 33, 33, 33, 33, 33, 33, 33, 33, 33, 33, 33, 33, 33, 33, 33, 33, 33, 33, 33, 33, 33, 33, 33, 33, 33, 33, 33, 33, 33, 33, 33, 33, 33, 33, 33, 33, 33, 33, 33, 33, 33, 33, 33, 33, 33, 33, 33, 33, 33, 33, 33, 33, 33, 33, 33, 33, 33, 33, 33, 33, 33, 33, 33, 33, 33, 33, 33, 33, 33, 33, 33, 33, 33, 33, 33, 33, 33, 33, 33, 33, 33, 33, 33, 33, 33, 33, 33, 33, 33, 33, 33, 33, 33, 33, 33, 33, 33, 33, 33, 33, 33, 33, 33, 33, 33, 33, 33, 33, 33, 33, 33, 33, 33, 33, 33, 33, 33, 33, 33, 33, 33, 33, 33, 33, 33, 33, 33, 33, 33, 33, 33, 33, 33, 33, 33, 33, 33, 33, 33, 33, 33, 33, 33, 33, 33, 33, 33, 33, 33, 33, 33, 33, 33, 33, 33, 33, 33, 33, 33, 33, 33, 33, 33, 33, 33, 33, 33, 33, 33, 33, 33, 33, 33, 33, 33, 33, 33, 33, 33, 33, 33, 33, 33, 33, 33, 33, 33, 33, 33, 33, 33, 33, 33, 33, 33, 33, 33, 33, 33, 33, 33, 33, 33, 33, 33, 33, 33, 33, 33, 33, 33, 33, 33, 33, 33, 33]",300,"[0.4134060740470886, 0.40173107385635376, 0.396001935005188, 0.39122483134269714, 0.3883017599582672, 0.38611340522766113, 0.38386863470077515, 0.3809388279914856, 0.37941673398017883, 0.37755513191223145, 0.3758736848831177, 0.37440627813339233, 0.3738865554332733, 0.3707546889781952, 0.3691997230052948, 0.3677579164505005, 0.36628589034080505, 0.36453261971473694, 0.36331886053085327, 0.36223304271698, 0.3605806827545166, 0.3608727753162384, 0.3578058183193207, 0.35795101523399353, 0.35603439807891846, 0.3552548885345459, 0.352803498506546, 0.35158616304397583, 0.3512393832206726, 0.35075515508651733, 0.3495802581310272, 0.3472031354904175, 0.3467027246952057, 0.3453163206577301, 0.34516099095344543, 0.3426457941532135, 0.3418828248977661, 0.34062689542770386, 0.3398333489894867, 0.3390881419181824, 0.33792755007743835, 0.3373962640762329, 0.33594584465026855, 0.3355433940887451, 0.3338124454021454, 0.3330572247505188, 0.33339816331863403, 0.33221325278282166, 0.3296413719654083, 0.32939383387565613, 0.3288571536540985, 0.3267153799533844, 0.32561028003692627, 0.3245997726917267, 0.3234274685382843, 0.3233256936073303, 0.3212165832519531, 0.3233116865158081, 0.31888771057128906, 0.3183431029319763, 0.3164709508419037, 0.31531572341918945, 0.3140682876110077, 0.31323081254959106, 0.3122515082359314, 0.31070125102996826, 0.3102450966835022, 0.3075123727321625, 0.3068346679210663, 0.30809611082077026, 0.30405715107917786, 0.30260026454925537, 0.30107298493385315, 0.29991284012794495, 0.2993869483470917, 0.2969311475753784, 0.29574185609817505, 0.2945955693721771, 0.2931802272796631, 0.2933412790298462, 0.2919725179672241, 0.2898022532463074, 0.28809574246406555, 0.28729239106178284, 0.2863435745239258, 0.2843973934650421, 0.28412869572639465, 0.2822951078414917, 0.2807731330394745, 0.2800549268722534, 0.28028735518455505, 0.27818581461906433, 0.2768780589103699, 0.27592211961746216, 0.2746569514274597, 0.27409613132476807, 0.2730320990085602, 0.272065132856369, 0.27138400077819824, 0.27056601643562317, 0.2697100043296814, 0.268911749124527, 0.26824361085891724, 0.26757577061653137, 0.26668620109558105, 0.2661736011505127, 0.2653542160987854, 0.26487934589385986, 0.2640362083911896, 0.2645357549190521, 0.2632831633090973, 0.26283732056617737, 0.26167649030685425, 0.26113665103912354, 0.26062631607055664, 0.26093176007270813, 0.2600918114185333, 0.2600999176502228, 0.25872695446014404, 0.2583548426628113, 0.2574998438358307, 0.2571766972541809, 0.25764092803001404, 0.2582283914089203, 0.2556467652320862, 0.2549436390399933, 0.2551700472831726, 0.2541341483592987, 0.2536848783493042, 0.25428953766822815, 0.2531561255455017, 0.25255975127220154, 0.2534659504890442, 0.2525184452533722, 0.2508544623851776, 0.25172749161720276, 0.2502489686012268, 0.2501484453678131, 0.24925878643989563, 0.2493644505739212, 0.24822577834129333, 0.24813243746757507, 0.24823547899723053, 0.2474220097064972, 0.24734045565128326, 0.24614715576171875, 0.24676527082920074, 0.2490815967321396, 0.2451002150774002, 0.24459895491600037, 0.24502453207969666, 0.24364715814590454, 0.24629150331020355, 0.24581432342529297, 0.24301673471927643, 0.2435591071844101, 0.24188536405563354, 0.24279996752738953, 0.24115605652332306, 0.24073825776576996, 0.2402624487876892, 0.24027475714683533, 0.24154913425445557, 0.24002622067928314, 0.23961305618286133, 0.24119186401367188, 0.23901653289794922, 0.23778821527957916, 0.23779495060443878, 0.23738031089305878, 0.2367544025182724, 0.2371380627155304, 0.23623774945735931, 0.2361760288476944, 0.23543287813663483, 0.2350405901670456, 0.23514299094676971, 0.23471908271312714, 0.234513059258461, 0.2344122678041458, 0.2339620143175125, 0.23562006652355194, 0.23458951711654663, 0.23306763172149658, 0.2326931208372116, 0.2353157103061676, 0.23226068913936615, 0.23215200006961823, 0.23168067634105682, 0.23119892179965973, 0.23067399859428406, 0.23128606379032135, 0.23060959577560425, 0.23018676042556763, 0.231399267911911, 0.22917990386486053, 0.22887378931045532, 0.22875341773033142, 0.22961141169071198, 0.22809138894081116, 0.22806431353092194, 0.2285003513097763, 0.22741878032684326, 0.22783924639225006, 0.2287949174642563, 0.22665652632713318, 0.22662237286567688, 0.22604691982269287, 0.22585426270961761, 0.2255374938249588, 0.2257954180240631, 0.22581906616687775, 0.22532899677753448, 0.22499112784862518, 0.22484250366687775, 0.2245064228773117, 0.22668321430683136, 0.2247951477766037, 0.22450193762779236, 0.22382785379886627, 0.2247493714094162, 0.22387395799160004, 0.2251257449388504, 0.22298292815685272, 0.22280453145503998, 0.22365474700927734, 0.223072350025177, 0.22208167612552643, 0.2224944680929184, 0.2223152369260788, 0.22186557948589325, 0.22326312959194183, 0.22225543856620789, 0.22226780652999878, 0.22236089408397675, 0.2209377884864807, 0.22174929082393646, 0.2208499163389206, 0.2206525206565857, 0.2200801819562912, 0.2202281355857849, 0.2210715264081955, 0.21963158249855042, 0.21948924660682678, 0.22017861902713776, 0.22259759902954102, 0.22028683125972748, 0.21899229288101196, 0.21952322125434875, 0.22038684785366058, 0.2191898375749588, 0.22013048827648163, 0.2192249447107315, 0.220842644572258, 0.21832261979579926, 0.21832412481307983, 0.22099822759628296, 0.21809789538383484, 0.21828590333461761, 0.21914705634117126, 0.2184407114982605, 0.2188636064529419, 0.21735559403896332, 0.21670027077198029, 0.22129887342453003, 0.2198510318994522, 0.2176288664340973, 0.21692496538162231, 0.21645064651966095, 0.22043703496456146, 0.2179451882839203, 0.218018040060997, 0.2161925882101059, 0.21633398532867432, 0.21630825102329254, 0.21586070954799652, 0.21543727815151215, 0.21587921679019928, 0.21582387387752533, 0.21619325876235962, 0.21594522893428802, 0.2149549275636673, 0.21508342027664185, 0.21689315140247345, 0.21587516367435455, 0.21472208201885223, 0.2149956375360489, 0.21525724232196808, 0.21470415592193604, 0.21747583150863647, 0.21584247052669525, 0.2148207277059555, 0.21503449976444244, 0.2153460532426834, 0.21684715151786804, 0.21483838558197021, 0.2151143103837967, 0.2141983062028885, 0.21564900875091553, 0.21424943208694458]",33.0,"[33.0, 33.0, 33.0, 33.0, 33.0, 33.0, 33.0, 33.0, 33.0, 33.0, 33.0, 33.0, 33.0, 33.0, 33.0, 33.0, 33.0, 33.0, 33.0, 33.0, 33.0, 33.0, 33.0, 33.0, 33.0, 33.0, 33.0, 33.0, 33.0, 33.0, 33.0, 33.0, 33.0, 33.0, 33.0, 33.0, 33.0, 33.0, 33.0, 33.0, 33.0, 33.0, 33.0, 33.0, 33.0, 33.0, 33.0, 33.0, 33.0, 33.0, 33.0, 33.0, 33.0, 33.0, 33.0, 33.0, 33.0, 33.0, 33.0, 33.0, 33.0, 33.0, 33.0, 33.0, 33.0, 33.0, 33.0, 33.0, 33.0, 33.0, 33.0, 33.0, 33.0, 33.0, 33.0, 33.0, 33.0, 33.0, 33.0, 33.0, 33.0, 33.0, 33.0, 33.0, 33.0, 33.0, 33.0, 33.0, 33.0, 33.0, 33.0, 33.0, 33.0, 33.0, 33.0, 33.0, 33.0, 33.0, 33.0, 33.0, 33.0, 33.0, 33.0, 33.0, 33.0, 33.0, 33.0, 33.0, 33.0, 33.0, 33.0, 33.0, 33.0, 33.0, 33.0, 33.0, 33.0, 33.0, 33.0, 33.0, 33.0, 33.0, 33.0, 33.0, 33.0, 33.0, 33.0, 33.0, 33.0, 33.0, 33.0, 33.0, 33.0, 33.0, 33.0, 33.0, 33.0, 33.0, 33.0, 33.0, 33.0, 33.0, 33.0, 33.0, 33.0, 33.0, 33.0, 33.0, 33.0, 33.0, 33.0, 33.0, 33.0, 33.0, 33.0, 33.0, 33.0, 33.0, 33.0, 33.0, 33.0, 33.0, 33.0, 33.0, 33.0, 33.0, 33.0, 33.0, 33.0, 33.0, 33.0, 33.0, 33.0, 33.0, 33.0, 33.0, 33.0, 33.0, 33.0, 33.0, 33.0, 33.0, 33.0, 33.0, 33.0, 33.0, 33.0, 33.0, 33.0, 33.0, 33.0, 33.0, 33.0, 33.0, 33.0, 33.0, 33.0, 33.0, 33.0, 33.0, 33.0, 33.0, 33.0, 33.0, 33.0, 33.0, 33.0, 33.0, 33.0, 33.0, 33.0, 33.0, 33.0, 33.0, 33.0, 33.0, 33.0, 33.0, 33.0, 33.0, 33.0, 33.0, 33.0, 33.0, 33.0, 33.0, 33.0, 33.0, 33.0, 33.0, 33.0, 33.0, 33.0, 33.0, 33.0, 33.0, 33.0, 33.0, 33.0, 33.0, 33.0, 33.0, 33.0, 33.0, 33.0, 33.0, 33.0, 33.0, 33.0, 33.0, 33.0, 33.0, 33.0, 33.0, 33.0, 33.0, 33.0, 33.0, 33.0, 33.0, 33.0, 33.0, 33.0, 33.0, 33.0, 33.0, 33.0, 33.0, 33.0, 33.0, 33.0, 33.0, 33.0, 33.0, 33.0, 33.0, 33.0, 33.0, 33.0, 33.0, 33.0, 33.0, 33.0, 33.0, 33.0, 33.0, 33.0, 33.0, 33.0, 33.0, 33.0, 33.0, 33.0, 33.0, 33.0, 33.0, 33.0, 33.0, 33.0, 33.0]",COMPLETE
157,157,0.5,2024-08-31 07:28:46.573869,2024-08-31 07:30:34.073477,0 days 00:01:47.499608,1,4.617969940991576,3,105,0.6011429979765209,99,0.0007278307134601384,0.141,0.14125,0,"[23, 22, 19, 17, 15, 14, 14, 14, 14, 7, 2, 1, 1, 7, 1, 0, 0, 0, 0, 0, 0, 0, 0, 0, 0, 0, 0, 0, 0, 0, 0, 0, 0, 0, 0, 0, 0, 0, 0, 0, 0, 0, 0, 0, 0, 0, 0, 0, 0, 0, 0, 0, 0, 0, 0, 0, 0, 0, 0, 0, 0, 0, 0, 0, 0, 0, 0, 0, 0, 0, 0, 0, 0, 0, 0, 0, 0, 0, 0, 0, 0, 0, 0, 0, 0, 0, 0, 0, 0, 0, 0, 0, 0, 0, 0, 0, 0, 0, 0, 0, 0, 0, 0, 0, 0]",0.0,"[22.956709956709954, 21.9033189033189, 18.855699855699854, 16.734487734487736, 14.694083694083695, 13.773448773448774, 13.497835497835498, 13.027417027417027, 12.278499278499279, 6.406926406926407, 1.914862914862915, 0.9711399711399712, 0.9336219336219336, 3.0404040404040407, 0.8759018759018758, 0.0, 0.0, 0.0, 0.0, 0.0, 0.0, 0.0, 0.0, 0.0, 0.0, 0.0, 0.0, 0.0, 0.0, 0.0, 0.0, 0.0, 0.0, 0.0, 0.0, 0.0, 0.0, 0.0, 0.0, 0.0, 0.0, 0.0, 0.0, 0.0, 0.0, 0.0, 0.0, 0.0, 0.0, 0.0, 0.0, 0.0, 0.0, 0.0, 0.0, 0.0, 0.0, 0.0, 0.0, 0.0, 0.0, 0.0, 0.0, 0.0, 0.0, 0.0, 0.0, 0.0, 0.0, 0.0, 0.0, 0.0, 0.0, 0.0, 0.0, 0.0, 0.0, 0.0, 0.0, 0.0, 0.0, 0.0, 0.0, 0.0, 0.0, 0.0, 0.0, 0.0, 0.0, 0.0, 0.0, 0.0, 0.0, 0.0, 0.0, 0.0, 0.0, 0.0, 0.0, 0.0, 0.0, 0.0, 0.0, 0.0, 0.0]",0.5,0.5,0,"[23, 22, 19, 17, 15, 14, 14, 14, 14, 7, 2, 1, 1, 7, 1, 0, 0, 0, 0, 0, 0, 0, 0, 0, 0, 0, 0, 0, 0, 0, 0, 0, 0, 0, 0, 0, 0, 0, 0, 0, 0, 0, 0, 0, 0, 0, 0, 0, 0, 0, 0, 0, 0, 0, 0, 0, 0, 0, 0, 0, 0, 0, 0, 0, 0, 0, 0, 0, 0, 0, 0, 0, 0, 0, 0, 0, 0, 0, 0, 0, 0, 0, 0, 0, 0, 0, 0, 0, 0, 0, 0, 0, 0, 0, 0, 0, 0, 0, 0, 0, 0, 0, 0, 0, 0]",105,"[2.694492816925049, 5.543109893798828, 3.116715431213379, 3.7047457695007324, 1.6694027185440063, 1.628129243850708, 4.634976387023926, 15.5784273147583, 2.185044288635254, 0.9497642517089844, 2.880491256713867, 12.485299110412598, 2.4714555740356445, 11.603858947753906, 8.79153823852539, 5.7157301902771, 9.533821105957031, 1.278857707977295, 0.727765679359436, 1.2637540102005005, 1.1606088876724243, 20.53655433654785, 5.186161518096924, 15.660345077514648, 1.5208667516708374, 0.962644636631012, 11.209115982055664, 1.2023338079452515, 1.3364731073379517, 9.619397163391113, 3.972896099090576, 7.453338146209717, 6.385661602020264, 2.1353752613067627, 10.361668586730957, 4.121987819671631, 12.628674507141113, 12.593990325927734, 5.4175333976745605, 6.438020706176758, 0.42802393436431885, 1.9240789413452148, 2.9595203399658203, 3.771543025970459, 7.007045745849609, 3.9617819786071777, 6.861195087432861, 8.099339485168457, 9.70214557647705, 7.449929714202881, 2.0726571083068848, 8.702208518981934, 4.0257344245910645, 8.272749900817871, 6.791726112365723, 13.373368263244629, 6.2650346755981445, 8.294465065002441, 10.272228240966797, 13.548247337341309, 6.3445258140563965, 3.8360936641693115, 7.141607284545898, 5.0229172706604, 7.350273609161377, 9.16765022277832, 0.8193241953849792, 1.1540638208389282, 10.278825759887695, 0.7863762378692627, 11.438952445983887, 10.024567604064941, 5.055049419403076, 12.290435791015625, 14.592944145202637, 3.009073495864868, 1.9310780763626099, 11.300753593444824, 11.245824813842773, 1.2480827569961548, 7.260342597961426, 5.401151180267334, 5.207438945770264, 2.2117137908935547, 4.014990329742432, 12.264032363891602, 5.0363078117370605, 11.066283226013184, 7.385621547698975, 10.0156888961792, 8.144752502441406, 7.3341240882873535, 0.4155401587486267, 1.8895295858383179, 3.0409369468688965, 13.51861572265625, 5.280554294586182, 9.090348243713379, 8.674267768859863, 5.2858476638793945, 8.36388111114502, 5.998196601867676, 1.8230022192001343, 12.972652435302734, 17.959741592407227]",0.0,"[23.0, 22.0, 19.0, 17.0, 15.0, 14.0, 14.0, 14.0, 14.0, 7.0, 2.0, 1.0, 1.0, 7.0, 1.0, 0.0, 0.0, 0.0, 0.0, 0.0, 0.0, 0.0, 0.0, 0.0, 0.0, 0.0, 0.0, 0.0, 0.0, 0.0, 0.0, 0.0, 0.0, 0.0, 0.0, 0.0, 0.0, 0.0, 0.0, 0.0, 0.0, 0.0, 0.0, 0.0, 0.0, 0.0, 0.0, 0.0, 0.0, 0.0, 0.0, 0.0, 0.0, 0.0, 0.0, 0.0, 0.0, 0.0, 0.0, 0.0, 0.0, 0.0, 0.0, 0.0, 0.0, 0.0, 0.0, 0.0, 0.0, 0.0, 0.0, 0.0, 0.0, 0.0, 0.0, 0.0, 0.0, 0.0, 0.0, 0.0, 0.0, 0.0, 0.0, 0.0, 0.0, 0.0, 0.0, 0.0, 0.0, 0.0, 0.0, 0.0, 0.0, 0.0, 0.0, 0.0, 0.0, 0.0, 0.0, 0.0, 0.0, 0.0, 0.0, 0.0, 0.0]",COMPLETE
