,number,value,datetime_start,datetime_complete,duration,params_batch_size_scaler,params_constant_learning_rate,params_depth,params_epochs,params_kernel_l2,params_num_trees,params_temperature,user_attrs_accuracy_test,user_attrs_accuracy_valid,user_attrs_approximate_feature_sparsity,user_attrs_approximate_feature_sparsity_history,user_attrs_approximate_weight_sparsity,user_attrs_approximate_weight_sparsity_history,user_attrs_auc_test,user_attrs_auc_valid,user_attrs_feature_sparsity,user_attrs_feature_sparsity_history,user_attrs_num_epochs,user_attrs_val_loss_history,user_attrs_weight_sparsity,user_attrs_weight_sparsity_history,state
78,78,0.6638520694052633,2024-08-31 03:41:10.307524,2024-08-31 03:41:54.053577,0 days 00:00:43.746053,16,0.9380330389810033,5,170,0.277605194413589,6,0.0002938773332043488,0.882,0.8675,1,"[33, 33, 33, 33, 33, 33, 33, 33, 33, 33, 33, 33, 33, 33, 33, 33, 33, 33, 31, 25, 21, 19, 17, 16, 16, 15, 15, 14, 14, 13, 12, 12, 11, 9, 9, 9, 9, 9, 8, 8, 8, 8, 8, 8, 8, 8, 8, 8, 8, 7, 7, 7, 7, 7, 7, 7, 7, 7, 7, 7, 7, 7, 7, 7, 7, 7, 7, 7, 7, 7, 7, 7, 7, 7, 7, 7, 7, 6, 6, 6, 6, 6, 6, 5, 5, 5, 5, 5, 5, 5, 4, 4, 4, 4, 4, 4, 4, 4, 4, 4, 4, 4, 4, 4, 4, 4, 4, 4, 4, 4, 4, 4, 4, 4, 4, 4, 4, 3, 3, 3, 3, 3, 3, 3, 3, 3, 3, 3, 2, 2, 2, 2, 2, 1, 1, 1, 1, 1, 1, 1, 1, 1, 1, 1, 1, 1, 1, 1, 1, 1, 1, 1, 1, 1, 1, 1, 1, 1, 1, 1, 1, 1, 1, 1, 1, 1, 1, 1, 1, 1]",0.989247311827957,"[32.994623655913976, 32.97849462365591, 32.994623655913976, 32.983870967741936, 32.97849462365591, 32.98924731182795, 32.98924731182795, 32.96774193548387, 32.983870967741936, 32.97849462365591, 32.97849462365591, 32.96236559139785, 32.983870967741936, 32.97311827956989, 32.946236559139784, 32.983870967741936, 32.97849462365591, 32.983870967741936, 30.973118279569892, 24.978494623655912, 20.967741935483872, 18.983870967741936, 16.978494623655912, 15.973118279569892, 15.962365591397848, 14.946236559139784, 14.973118279569892, 13.96774193548387, 13.97311827956989, 12.956989247311828, 11.96774193548387, 11.978494623655914, 10.978494623655914, 8.994623655913978, 8.983870967741936, 8.978494623655914, 8.983870967741936, 8.978494623655914, 7.983870967741936, 7.994623655913978, 7.983870967741936, 7.983870967741936, 7.994623655913978, 7.978494623655914, 7.994623655913978, 7.989247311827957, 7.983870967741936, 7.983870967741936, 7.983870967741936, 6.967741935483871, 6.994623655913978, 6.978494623655914, 6.989247311827957, 6.989247311827957, 6.989247311827957, 6.973118279569893, 6.978494623655914, 6.962365591397849, 6.989247311827956, 6.978494623655914, 6.96774193548387, 6.983870967741936, 6.96774193548387, 6.989247311827956, 6.989247311827957, 6.989247311827957, 6.978494623655914, 6.96774193548387, 6.973118279569893, 6.967741935483871, 6.973118279569893, 6.967741935483871, 6.967741935483871, 6.962365591397849, 6.983870967741936, 6.96774193548387, 6.973118279569892, 5.973118279569892, 5.978494623655914, 5.951612903225806, 5.983870967741936, 5.978494623655914, 5.967741935483871, 4.973118279569892, 4.978494623655914, 4.96236559139785, 4.956989247311828, 4.96236559139785, 4.940860215053764, 4.951612903225806, 3.967741935483871, 3.9623655913978495, 3.978494623655914, 3.967741935483871, 3.9623655913978495, 3.9516129032258065, 3.967741935483871, 3.967741935483871, 3.9516129032258065, 3.946236559139785, 3.9731182795698925, 3.956989247311828, 3.946236559139785, 3.9623655913978495, 3.956989247311828, 3.9731182795698925, 3.946236559139785, 3.956989247311828, 3.913978494623656, 3.924731182795699, 3.935483870967742, 3.946236559139785, 3.9623655913978495, 3.935483870967742, 3.9516129032258065, 3.935483870967742, 3.9408602150537635, 2.9623655913978495, 2.9623655913978495, 2.978494623655914, 2.9731182795698925, 2.9731182795698925, 2.967741935483871, 2.967741935483871, 2.9731182795698925, 2.9731182795698925, 2.978494623655914, 2.967741935483871, 1.978494623655914, 1.978494623655914, 1.989247311827957, 1.978494623655914, 1.978494623655914, 0.989247311827957, 0.9838709677419355, 0.967741935483871, 0.978494623655914, 0.978494623655914, 0.9838709677419355, 0.989247311827957, 0.989247311827957, 0.978494623655914, 0.989247311827957, 0.978494623655914, 0.9838709677419355, 0.9731182795698925, 0.9838709677419355, 0.9838709677419355, 0.9838709677419355, 0.989247311827957, 0.978494623655914, 0.9838709677419355, 0.9838709677419355, 0.9838709677419355, 0.9838709677419355, 0.9838709677419355, 0.989247311827957, 0.989247311827957, 0.989247311827957, 0.989247311827957, 0.989247311827957, 0.989247311827957, 0.989247311827957, 0.989247311827957, 0.989247311827957, 0.989247311827957, 0.989247311827957, 0.989247311827957, 0.989247311827957, 0.989247311827957]",0.6697050008669159,0.6638520694052633,1,"[33, 33, 33, 33, 33, 33, 33, 33, 33, 33, 33, 33, 33, 33, 33, 33, 33, 33, 31, 25, 21, 19, 17, 16, 16, 15, 15, 14, 14, 13, 12, 12, 11, 9, 9, 9, 9, 9, 8, 8, 8, 8, 8, 8, 8, 8, 8, 8, 8, 7, 7, 7, 7, 7, 7, 7, 7, 7, 7, 7, 7, 7, 7, 7, 7, 7, 7, 7, 7, 7, 7, 7, 7, 7, 7, 7, 7, 6, 6, 6, 6, 6, 6, 5, 5, 5, 5, 5, 5, 5, 4, 4, 4, 4, 4, 4, 4, 4, 4, 4, 4, 4, 4, 4, 4, 4, 4, 4, 4, 4, 4, 4, 4, 4, 4, 4, 4, 3, 3, 3, 3, 3, 3, 3, 3, 3, 3, 3, 2, 2, 2, 2, 2, 1, 1, 1, 1, 1, 1, 1, 1, 1, 1, 1, 1, 1, 1, 1, 1, 1, 1, 1, 1, 1, 1, 1, 1, 1, 1, 1, 1, 1, 1, 1, 1, 1, 1, 1, 1, 1]",170,"[0.4736559987068176, 0.4480490982532501, 0.4336289167404175, 0.4231984317302704, 0.41458365321159363, 0.40658366680145264, 0.3993993103504181, 0.3934524655342102, 0.38586968183517456, 0.379486620426178, 0.3740590214729309, 0.3672342300415039, 0.36184772849082947, 0.35547560453414917, 0.3490164279937744, 0.34327083826065063, 0.33822402358055115, 0.33334532380104065, 0.3289737403392792, 0.3260873556137085, 0.31911760568618774, 0.31206214427948, 0.30809876322746277, 0.3051190674304962, 0.30269935727119446, 0.30254819989204407, 0.30043551325798035, 0.299561083316803, 0.2975958585739136, 0.29772239923477173, 0.2976698577404022, 0.2963308095932007, 0.29567086696624756, 0.29878294467926025, 0.2958725094795227, 0.29371708631515503, 0.29250767827033997, 0.2912578284740448, 0.2942505478858948, 0.2926587164402008, 0.29097145795822144, 0.29092937707901, 0.2884363532066345, 0.2880144417285919, 0.2862076461315155, 0.2855340242385864, 0.2842182517051697, 0.2830340266227722, 0.2818920612335205, 0.28613799810409546, 0.2838481366634369, 0.2823805809020996, 0.2809324264526367, 0.28014683723449707, 0.2798876464366913, 0.2788730561733246, 0.27625495195388794, 0.27698177099227905, 0.27568161487579346, 0.27386292815208435, 0.27340638637542725, 0.2724817991256714, 0.2720215618610382, 0.2695903778076172, 0.2700890302658081, 0.2684558629989624, 0.2680424749851227, 0.2676233947277069, 0.26919540762901306, 0.2666347622871399, 0.2676459848880768, 0.2647605240345001, 0.26547956466674805, 0.26311370730400085, 0.2634143829345703, 0.26357269287109375, 0.26283228397369385, 0.29562991857528687, 0.29432299733161926, 0.2942585349082947, 0.2926957607269287, 0.29267796874046326, 0.2928347587585449, 0.3028046488761902, 0.3008214235305786, 0.3004794716835022, 0.29961302876472473, 0.3044920861721039, 0.29959267377853394, 0.2986169159412384, 0.3182659447193146, 0.3102751672267914, 0.3059968650341034, 0.30483195185661316, 0.30274343490600586, 0.3020543158054352, 0.3015473186969757, 0.3023168444633484, 0.304410457611084, 0.3001517355442047, 0.2997124195098877, 0.2989102303981781, 0.2987481355667114, 0.29828402400016785, 0.29803454875946045, 0.2994382977485657, 0.2973228394985199, 0.29810088872909546, 0.2977336049079895, 0.2973800003528595, 0.2980307638645172, 0.2991265058517456, 0.2963533401489258, 0.2979087829589844, 0.2956658601760864, 0.296057790517807, 0.29596805572509766, 0.32544466853141785, 0.32061663269996643, 0.3198796510696411, 0.31790655851364136, 0.3174336850643158, 0.3176099956035614, 0.31726697087287903, 0.31794631481170654, 0.31709179282188416, 0.31667354702949524, 0.3171223998069763, 0.3375551104545593, 0.3375249207019806, 0.33614569902420044, 0.3364838659763336, 0.33604130148887634, 0.36315858364105225, 0.3635023236274719, 0.3637165129184723, 0.36712342500686646, 0.3652064800262451, 0.3647778630256653, 0.3639874756336212, 0.36335423588752747, 0.36678943037986755, 0.3631448447704315, 0.36568760871887207, 0.3652826249599457, 0.36363041400909424, 0.36452773213386536, 0.36400485038757324, 0.3628428280353546, 0.36337193846702576, 0.36381053924560547, 0.36560356616973877, 0.36526939272880554, 0.36479195952415466, 0.3643273115158081, 0.36332350969314575, 0.36312809586524963, 0.3637622594833374, 0.3626672327518463, 0.3643846809864044, 0.36293086409568787, 0.3629711866378784, 0.36541470885276794, 0.36378735303878784, 0.3666783273220062, 0.36375942826271057, 0.3640407919883728, 0.36266764998435974, 0.36343178153038025, 0.36965709924697876]",1.0,"[33.0, 33.0, 33.0, 33.0, 33.0, 33.0, 33.0, 33.0, 33.0, 33.0, 33.0, 33.0, 33.0, 33.0, 33.0, 33.0, 33.0, 33.0, 31.0, 25.0, 21.0, 19.0, 17.0, 16.0, 16.0, 15.0, 15.0, 14.0, 14.0, 13.0, 12.0, 12.0, 11.0, 9.0, 9.0, 9.0, 9.0, 9.0, 8.0, 8.0, 8.0, 8.0, 8.0, 8.0, 8.0, 8.0, 8.0, 8.0, 8.0, 7.0, 7.0, 7.0, 7.0, 7.0, 7.0, 7.0, 7.0, 7.0, 7.0, 7.0, 7.0, 7.0, 7.0, 7.0, 7.0, 7.0, 7.0, 7.0, 7.0, 7.0, 7.0, 7.0, 7.0, 7.0, 7.0, 7.0, 7.0, 6.0, 6.0, 6.0, 6.0, 6.0, 6.0, 5.0, 5.0, 5.0, 5.0, 5.0, 5.0, 5.0, 4.0, 4.0, 4.0, 4.0, 4.0, 4.0, 4.0, 4.0, 4.0, 4.0, 4.0, 4.0, 4.0, 4.0, 4.0, 4.0, 4.0, 4.0, 4.0, 4.0, 4.0, 4.0, 4.0, 4.0, 4.0, 4.0, 4.0, 3.0, 3.0, 3.0, 3.0, 3.0, 3.0, 3.0, 3.0, 3.0, 3.0, 3.0, 2.0, 2.0, 2.0, 2.0, 2.0, 1.0, 1.0, 1.0, 1.0, 1.0, 1.0, 1.0, 1.0, 1.0, 1.0, 1.0, 1.0, 1.0, 1.0, 1.0, 1.0, 1.0, 1.0, 1.0, 1.0, 1.0, 1.0, 1.0, 1.0, 1.0, 1.0, 1.0, 1.0, 1.0, 1.0, 1.0, 1.0, 1.0, 1.0, 1.0, 1.0, 1.0]",COMPLETE
