,number,value,datetime_start,datetime_complete,duration,params_batch_size_scaler,params_constant_learning_rate,params_depth,params_epochs,params_kernel_l2,params_num_trees,params_temperature,user_attrs_accuracy_test,user_attrs_accuracy_valid,user_attrs_approximate_feature_sparsity,user_attrs_approximate_feature_sparsity_history,user_attrs_approximate_weight_sparsity,user_attrs_approximate_weight_sparsity_history,user_attrs_auc_test,user_attrs_auc_valid,user_attrs_feature_sparsity,user_attrs_feature_sparsity_history,user_attrs_num_epochs,user_attrs_val_loss_history,user_attrs_weight_sparsity,user_attrs_weight_sparsity_history,state
53,53,0.9243987582280274,2024-08-31 02:31:24.301076,2024-08-31 02:47:23.578834,0 days 00:15:59.277758,4,0.0666753038479429,6,490,0.17585273749135513,40,0.09173397648279137,0.935,0.9375,33,"[33, 33, 33, 33, 33, 33, 33, 33, 33, 33, 33, 33, 33, 33, 33, 33, 33, 33, 33, 33, 33, 33, 33, 33, 33, 33, 33, 33, 33, 33, 33, 33, 33, 33, 33, 33, 33, 33, 33, 33, 33, 33, 33, 33, 33, 33, 33, 33, 33, 33, 33, 33, 33, 33, 33, 33, 33, 33, 33, 33, 33, 33, 33, 33, 33, 33, 33, 33, 33, 33, 33, 33, 33, 33, 33, 33, 33, 33, 33, 33, 33, 33, 33, 33, 33, 33, 33, 33, 33, 33, 33, 33, 33, 33, 33, 33, 33, 33, 33, 33, 33, 33, 33, 33, 33, 33, 33, 33, 33, 33, 33, 33, 33, 33, 33, 33, 33, 33, 33, 33, 33, 33, 33, 33, 33, 33, 33, 33, 33, 33, 33, 33, 33, 33, 33, 33, 33, 33, 33, 33, 33, 33, 33, 33, 33, 33, 33, 33, 33, 33, 33, 33, 33, 33, 33, 33, 33, 33, 33, 33, 33, 33, 33, 33, 33, 33, 33, 33, 33, 33, 33, 33, 33, 33, 33, 33, 33, 33, 33, 33, 33, 33, 33, 33, 33, 33, 33, 33, 33, 33, 33, 33, 33, 33, 33, 33, 33, 33, 33, 33, 33, 33, 33, 33, 33, 33, 33, 33, 33, 33, 33, 33, 33, 33, 33, 33, 33, 33, 33, 33, 33, 33, 33, 33, 33, 33, 33, 33, 33, 33, 33, 33, 33, 33, 33, 33, 33, 33, 33, 33, 33, 33, 33, 33, 33, 33, 33, 33, 33, 33, 33, 33, 33, 33, 33, 33, 33, 33, 33, 33, 33, 33, 33, 33, 33, 33, 33, 33, 33, 33, 33, 33, 33, 33, 33, 33, 33, 33, 33, 33, 33, 33, 33, 33, 33, 33, 33, 33, 33, 33, 33, 33, 33, 33, 33, 33, 33, 33, 33, 33, 33, 33, 33, 33, 33, 33, 33, 33, 33, 33, 33, 33, 33, 33, 33, 33, 33, 33, 33, 33, 33, 33, 33, 33, 33, 33, 33, 33, 33, 33, 33, 33, 33, 33, 33, 33, 33, 33, 33, 33, 33, 33, 33, 33, 33, 33, 33, 33, 33, 33, 33, 33, 33, 33, 33, 33, 33, 33, 33, 33, 33, 33, 33, 33, 33, 33, 33, 33, 33, 33, 33, 33, 33, 33, 33, 33, 33, 33, 33, 33, 33, 33, 33, 33, 33, 33, 33, 33, 33, 33, 33, 33, 33, 33, 33, 33, 33, 33, 33, 33, 33, 33, 33, 33, 33, 33, 33, 33, 33, 33, 33, 33, 33, 33, 33, 33, 33, 33, 33, 33, 33, 33, 33, 33, 33, 33, 33, 33, 33, 33, 33, 33, 33, 33, 33, 33, 33, 33, 33, 33, 33, 33, 33, 33, 33, 33, 33, 33, 33, 33, 33, 33, 33, 33, 33, 33, 33, 33, 33, 33, 33, 33, 33, 33, 33, 33, 33, 33, 33, 33, 33, 33, 33, 33, 33, 33, 33, 33, 33, 33, 33, 33, 33, 33, 33, 33, 33, 33, 33, 33]",32.9218253968254,"[32.92738095238096, 32.93214285714286, 32.929761904761904, 32.93134920634921, 32.926587301587304, 32.92738095238095, 32.92698412698413, 32.92619047619048, 32.93452380952381, 32.93015873015873, 32.93611111111111, 32.93174603174603, 32.92738095238095, 32.922222222222224, 32.926984126984124, 32.92777777777778, 32.921031746031744, 32.91825396825397, 32.928174603174604, 32.92619047619048, 32.92301587301587, 32.92738095238095, 32.92579365079365, 32.92579365079365, 32.9313492063492, 32.92857142857143, 32.93492063492064, 32.93333333333334, 32.93373015873016, 32.93293650793651, 32.93333333333334, 32.92579365079365, 32.92579365079365, 32.929761904761904, 32.92619047619048, 32.932539682539684, 32.93492063492064, 32.93492063492064, 32.92698412698413, 32.92460317460318, 32.925000000000004, 32.93293650793651, 32.93492063492064, 32.932539682539684, 32.92539682539683, 32.92777777777778, 32.92460317460317, 32.928174603174604, 32.93015873015873, 32.926984126984124, 32.925, 32.9202380952381, 32.92460317460317, 32.9218253968254, 32.928174603174604, 32.926984126984124, 32.92619047619048, 32.926587301587304, 32.921031746031744, 32.92777777777778, 32.92301587301587, 32.923809523809524, 32.925396825396824, 32.92936507936508, 32.92936507936508, 32.92857142857143, 32.925, 32.93174603174603, 32.92539682539683, 32.93293650793651, 32.9265873015873, 32.92896825396825, 32.929761904761904, 32.93174603174603, 32.928174603174604, 32.92619047619048, 32.928174603174604, 32.93293650793651, 32.92857142857142, 32.92619047619048, 32.93174603174603, 32.93373015873016, 32.93730158730158, 32.93333333333333, 32.93373015873016, 32.93769841269841, 32.93690476190476, 32.93571428571428, 32.938095238095244, 32.94484126984127, 32.94126984126984, 32.93611111111111, 32.93888888888889, 32.93611111111112, 32.93015873015873, 32.93730158730159, 32.93412698412698, 32.93214285714286, 32.93055555555556, 32.93373015873016, 32.933730158730164, 32.92420634920635, 32.923809523809524, 32.92460317460317, 32.928174603174604, 32.92777777777778, 32.925, 32.92857142857143, 32.92777777777778, 32.935317460317464, 32.92896825396826, 32.932539682539684, 32.93174603174603, 32.93134920634921, 32.93809523809524, 32.93650793650794, 32.93412698412698, 32.93095238095238, 32.93412698412698, 32.929761904761904, 32.93412698412698, 32.9313492063492, 32.93055555555556, 32.9313492063492, 32.92619047619048, 32.924206349206344, 32.93293650793651, 32.928174603174604, 32.926587301587304, 32.92777777777778, 32.93293650793651, 32.93452380952381, 32.927777777777784, 32.92976190476191, 32.93174603174603, 32.92976190476191, 32.925396825396824, 32.9313492063492, 32.93214285714286, 32.93214285714286, 32.93174603174604, 32.930952380952384, 32.92579365079365, 32.93134920634921, 32.92420634920635, 32.921031746031744, 32.92261904761905, 32.92063492063492, 32.922619047619044, 32.92857142857143, 32.93214285714286, 32.932539682539684, 32.929761904761904, 32.93174603174603, 32.935317460317464, 32.93452380952381, 32.93333333333334, 32.93492063492064, 32.932539682539684, 32.935317460317464, 32.93888888888889, 32.94166666666667, 32.9436507936508, 32.94126984126984, 32.94166666666667, 32.94285714285714, 32.94404761904762, 32.94285714285714, 32.93849206349206, 32.929761904761904, 32.93174603174603, 32.93174603174603, 32.93015873015873, 32.92896825396825, 32.92579365079365, 32.92777777777778, 32.92738095238095, 32.93373015873016, 32.93571428571428, 32.93730158730159, 32.93531746031746, 32.932539682539684, 32.93174603174603, 32.933730158730164, 32.93333333333334, 32.932539682539684, 32.932539682539684, 32.929761904761904, 32.93174603174603, 32.93531746031746, 32.93690476190476, 32.938095238095244, 32.93492063492064, 32.93293650793651, 32.935317460317464, 32.93095238095238, 32.932539682539684, 32.92896825396826, 32.92619047619048, 32.92777777777778, 32.93214285714286, 32.92896825396826, 32.93015873015873, 32.93015873015873, 32.93412698412698, 32.93333333333333, 32.93015873015873, 32.93015873015873, 32.928174603174604, 32.92619047619048, 32.92420634920635, 32.923809523809524, 32.92420634920635, 32.926984126984124, 32.92896825396826, 32.93055555555556, 32.93214285714286, 32.92936507936508, 32.93015873015873, 32.93333333333334, 32.9313492063492, 32.9313492063492, 32.926984126984124, 32.92579365079365, 32.92777777777778, 32.92936507936508, 32.92936507936508, 32.928174603174604, 32.928174603174604, 32.92936507936508, 32.925, 32.92301587301587, 32.923809523809524, 32.92261904761905, 32.923809523809524, 32.92579365079365, 32.9218253968254, 32.923809523809524, 32.92142857142858, 32.91904761904762, 32.91984126984127, 32.9202380952381, 32.91984126984127, 32.91706349206349, 32.922222222222224, 32.92142857142857, 32.92142857142858, 32.9202380952381, 32.91984126984127, 32.92063492063492, 32.922619047619044, 32.925, 32.925, 32.926587301587304, 32.92579365079365, 32.92857142857143, 32.92857142857143, 32.93015873015873, 32.92619047619048, 32.929365079365084, 32.93214285714286, 32.93492063492064, 32.935317460317464, 32.93452380952381, 32.935317460317464, 32.93134920634921, 32.93412698412698, 32.935317460317464, 32.93293650793651, 32.93293650793651, 32.93531746031746, 32.93571428571429, 32.93333333333334, 32.93492063492064, 32.93730158730159, 32.94166666666666, 32.93650793650794, 32.93611111111111, 32.93650793650794, 32.93452380952381, 32.93611111111111, 32.935317460317464, 32.935317460317464, 32.93571428571428, 32.93214285714286, 32.932539682539684, 32.93492063492064, 32.93015873015873, 32.92142857142857, 32.92857142857143, 32.92539682539683, 32.92460317460318, 32.92777777777778, 32.92619047619048, 32.925, 32.925, 32.92698412698413, 32.926984126984124, 32.9313492063492, 32.93174603174603, 32.93650793650794, 32.93730158730159, 32.93769841269842, 32.944047619047616, 32.93888888888889, 32.935317460317464, 32.93690476190476, 32.93571428571428, 32.93571428571429, 32.93174603174603, 32.93134920634921, 32.92936507936508, 32.92896825396826, 32.93015873015873, 32.93373015873016, 32.93452380952381, 32.93174603174603, 32.932539682539684, 32.93134920634921, 32.93015873015873, 32.93015873015873, 32.93174603174603, 32.92896825396825, 32.93293650793651, 32.93611111111111, 32.93571428571428, 32.93611111111111, 32.93611111111111, 32.93769841269842, 32.93650793650794, 32.94007936507937, 32.93333333333334, 32.93412698412698, 32.932539682539684, 32.93174603174603, 32.929761904761904, 32.93015873015873, 32.930952380952384, 32.92936507936508, 32.93055555555556, 32.93333333333334, 32.933730158730164, 32.93373015873016, 32.93492063492064, 32.93373015873016, 32.93214285714286, 32.93015873015873, 32.92857142857143, 32.926587301587304, 32.926587301587304, 32.92777777777778, 32.93015873015873, 32.93333333333334, 32.93690476190476, 32.93412698412698, 32.93412698412698, 32.93174603174603, 32.93015873015873, 32.92936507936508, 32.9313492063492, 32.932539682539684, 32.93095238095238, 32.9313492063492, 32.93055555555556, 32.92936507936508, 32.92896825396826, 32.92579365079365, 32.92936507936508, 32.92777777777778, 32.928174603174604, 32.92579365079365, 32.92738095238095, 32.92936507936508, 32.93055555555556, 32.93015873015873, 32.93055555555556, 32.93293650793651, 32.93373015873016, 32.93293650793651, 32.92896825396826, 32.92936507936508, 32.929761904761904, 32.93095238095238, 32.929761904761904, 32.92936507936508, 32.93015873015873, 32.929761904761904, 32.92896825396825, 32.92738095238095, 32.92579365079365, 32.92738095238095, 32.9234126984127, 32.926587301587304, 32.92579365079365, 32.92579365079365, 32.92619047619048, 32.92777777777778, 32.926587301587304, 32.92301587301587, 32.924206349206344, 32.923809523809524, 32.9218253968254, 32.9234126984127, 32.923809523809524, 32.92142857142857, 32.92301587301588, 32.92063492063492, 32.91904761904762, 32.916269841269845, 32.91388888888889, 32.91388888888889, 32.912301587301585, 32.91111111111111, 32.911904761904765, 32.912301587301585, 32.912301587301585, 32.91388888888889, 32.913492063492065, 32.91269841269842, 32.90952380952381, 32.90873015873016, 32.91111111111111, 32.912301587301585, 32.911904761904765, 32.913492063492065, 32.91587301587302, 32.91904761904762, 32.91904761904762, 32.919444444444444, 32.92301587301588, 32.921031746031744, 32.922619047619044, 32.919444444444444, 32.91587301587302, 32.916269841269845, 32.91666666666667, 32.92301587301587, 32.9202380952381, 32.92222222222222, 32.921031746031744, 32.92063492063492, 32.9218253968254, 32.91706349206349, 32.91706349206349, 32.91547619047619, 32.91468253968254, 32.91269841269842, 32.90952380952381, 32.90992063492064, 32.91071428571429, 32.91388888888889, 32.91269841269841, 32.91468253968254, 32.91349206349206, 32.915476190476184, 32.91666666666667, 32.915079365079364, 32.9186507936508, 32.92103174603175, 32.92142857142857, 32.92301587301587, 32.91865079365079, 32.9218253968254, 32.9218253968254, 32.925396825396824, 32.9218253968254, 32.92142857142857, 32.925396825396824, 32.92261904761905, 32.92261904761905, 32.9202380952381, 32.914682539682545, 32.91309523809524, 32.91150793650794, 32.91111111111111, 32.91428571428572, 32.916269841269845, 32.916269841269845, 32.916269841269845, 32.9186507936508, 32.9202380952381, 32.91904761904762, 32.91706349206349, 32.91587301587302, 32.91825396825397, 32.91904761904762, 32.917857142857144, 32.919444444444444, 32.92142857142857, 32.9218253968254]",0.9087096161626169,0.9243987582280274,33,"[33, 33, 33, 33, 33, 33, 33, 33, 33, 33, 33, 33, 33, 33, 33, 33, 33, 33, 33, 33, 33, 33, 33, 33, 33, 33, 33, 33, 33, 33, 33, 33, 33, 33, 33, 33, 33, 33, 33, 33, 33, 33, 33, 33, 33, 33, 33, 33, 33, 33, 33, 33, 33, 33, 33, 33, 33, 33, 33, 33, 33, 33, 33, 33, 33, 33, 33, 33, 33, 33, 33, 33, 33, 33, 33, 33, 33, 33, 33, 33, 33, 33, 33, 33, 33, 33, 33, 33, 33, 33, 33, 33, 33, 33, 33, 33, 33, 33, 33, 33, 33, 33, 33, 33, 33, 33, 33, 33, 33, 33, 33, 33, 33, 33, 33, 33, 33, 33, 33, 33, 33, 33, 33, 33, 33, 33, 33, 33, 33, 33, 33, 33, 33, 33, 33, 33, 33, 33, 33, 33, 33, 33, 33, 33, 33, 33, 33, 33, 33, 33, 33, 33, 33, 33, 33, 33, 33, 33, 33, 33, 33, 33, 33, 33, 33, 33, 33, 33, 33, 33, 33, 33, 33, 33, 33, 33, 33, 33, 33, 33, 33, 33, 33, 33, 33, 33, 33, 33, 33, 33, 33, 33, 33, 33, 33, 33, 33, 33, 33, 33, 33, 33, 33, 33, 33, 33, 33, 33, 33, 33, 33, 33, 33, 33, 33, 33, 33, 33, 33, 33, 33, 33, 33, 33, 33, 33, 33, 33, 33, 33, 33, 33, 33, 33, 33, 33, 33, 33, 33, 33, 33, 33, 33, 33, 33, 33, 33, 33, 33, 33, 33, 33, 33, 33, 33, 33, 33, 33, 33, 33, 33, 33, 33, 33, 33, 33, 33, 33, 33, 33, 33, 33, 33, 33, 33, 33, 33, 33, 33, 33, 33, 33, 33, 33, 33, 33, 33, 33, 33, 33, 33, 33, 33, 33, 33, 33, 33, 33, 33, 33, 33, 33, 33, 33, 33, 33, 33, 33, 33, 33, 33, 33, 33, 33, 33, 33, 33, 33, 33, 33, 33, 33, 33, 33, 33, 33, 33, 33, 33, 33, 33, 33, 33, 33, 33, 33, 33, 33, 33, 33, 33, 33, 33, 33, 33, 33, 33, 33, 33, 33, 33, 33, 33, 33, 33, 33, 33, 33, 33, 33, 33, 33, 33, 33, 33, 33, 33, 33, 33, 33, 33, 33, 33, 33, 33, 33, 33, 33, 33, 33, 33, 33, 33, 33, 33, 33, 33, 33, 33, 33, 33, 33, 33, 33, 33, 33, 33, 33, 33, 33, 33, 33, 33, 33, 33, 33, 33, 33, 33, 33, 33, 33, 33, 33, 33, 33, 33, 33, 33, 33, 33, 33, 33, 33, 33, 33, 33, 33, 33, 33, 33, 33, 33, 33, 33, 33, 33, 33, 33, 33, 33, 33, 33, 33, 33, 33, 33, 33, 33, 33, 33, 33, 33, 33, 33, 33, 33, 33, 33, 33, 33, 33, 33, 33, 33, 33, 33, 33, 33, 33, 33, 33, 33, 33, 33, 33, 33, 33, 33, 33, 33, 33, 33, 33, 33, 33, 33, 33, 33, 33]",490,"[0.4313337802886963, 0.4088971018791199, 0.4016749858856201, 0.3977302610874176, 0.39476871490478516, 0.3922848105430603, 0.39017924666404724, 0.38828158378601074, 0.3865905702114105, 0.3850395977497101, 0.3836538791656494, 0.38236409425735474, 0.38116294145584106, 0.3800444006919861, 0.3790380358695984, 0.37807899713516235, 0.37717297673225403, 0.3763209283351898, 0.37551039457321167, 0.37472620606422424, 0.37398234009742737, 0.3732810318470001, 0.3725622296333313, 0.3719243109226227, 0.37124329805374146, 0.37061041593551636, 0.3699707090854645, 0.3693343698978424, 0.36872628331184387, 0.3681471645832062, 0.3675427734851837, 0.36693355441093445, 0.3663603663444519, 0.3657611608505249, 0.36520400643348694, 0.36461612582206726, 0.36402061581611633, 0.36346855759620667, 0.36288177967071533, 0.36233028769493103, 0.3617687225341797, 0.3612215518951416, 0.36068835854530334, 0.360093891620636, 0.35953372716903687, 0.3589576482772827, 0.35833725333213806, 0.3577997088432312, 0.35721397399902344, 0.35664084553718567, 0.3560372292995453, 0.3554852604866028, 0.3548731505870819, 0.35431233048439026, 0.353677362203598, 0.35310786962509155, 0.352497935295105, 0.3518642783164978, 0.3512902855873108, 0.3507099449634552, 0.35009974241256714, 0.34949368238449097, 0.3489183187484741, 0.34829166531562805, 0.347651869058609, 0.3470780849456787, 0.3464701771736145, 0.3457704782485962, 0.34511104226112366, 0.34450146555900574, 0.3438529670238495, 0.34321966767311096, 0.3425648510456085, 0.34185710549354553, 0.3411765396595001, 0.340474933385849, 0.33979561924934387, 0.33911269903182983, 0.3384277820587158, 0.33771368861198425, 0.3369961082935333, 0.336293488740921, 0.33554893732070923, 0.3348373770713806, 0.33414360880851746, 0.33335915207862854, 0.3325841426849365, 0.3318793773651123, 0.3310733735561371, 0.3303159773349762, 0.32958176732063293, 0.32879185676574707, 0.32803329825401306, 0.32728466391563416, 0.32649093866348267, 0.32562702894210815, 0.3248150646686554, 0.32402199506759644, 0.32324329018592834, 0.3223510980606079, 0.3215242326259613, 0.3207363188266754, 0.3199167847633362, 0.3191135823726654, 0.31829962134361267, 0.31753283739089966, 0.31670963764190674, 0.31584781408309937, 0.3149871826171875, 0.31411072611808777, 0.3132420778274536, 0.31242913007736206, 0.31156525015830994, 0.3107870817184448, 0.30987656116485596, 0.30904361605644226, 0.308197557926178, 0.307371586561203, 0.30654633045196533, 0.3057102859020233, 0.3048345446586609, 0.30403149127960205, 0.3032098412513733, 0.3023444414138794, 0.30149510502815247, 0.3006768822669983, 0.29987606406211853, 0.29905542731285095, 0.29824912548065186, 0.2974136471748352, 0.2966385781764984, 0.29581066966056824, 0.295051634311676, 0.2942948043346405, 0.2935134470462799, 0.2927318811416626, 0.29200324416160583, 0.2912493646144867, 0.29052937030792236, 0.2897638976573944, 0.2890612483024597, 0.28834086656570435, 0.2876516282558441, 0.2869129776954651, 0.2862504720687866, 0.2855145335197449, 0.2848729193210602, 0.2842037081718445, 0.28353744745254517, 0.28291139006614685, 0.28223299980163574, 0.28162655234336853, 0.2810032367706299, 0.2803468406200409, 0.27970972657203674, 0.27911263704299927, 0.2785061001777649, 0.27794671058654785, 0.2773701846599579, 0.27677130699157715, 0.27624624967575073, 0.27570006251335144, 0.2751193344593048, 0.27458861470222473, 0.2740623354911804, 0.2734908163547516, 0.2729753851890564, 0.27247822284698486, 0.2719452381134033, 0.27150478959083557, 0.27097100019454956, 0.2705111503601074, 0.26998674869537354, 0.2694970369338989, 0.26900672912597656, 0.2685773968696594, 0.2681214213371277, 0.26767978072166443, 0.26718324422836304, 0.26671645045280457, 0.2662328779697418, 0.2657715380191803, 0.26533040404319763, 0.26493194699287415, 0.26448795199394226, 0.2640516757965088, 0.263659805059433, 0.2632603347301483, 0.2628638446331024, 0.2624880373477936, 0.2620570659637451, 0.26168331503868103, 0.2612460255622864, 0.26083216071128845, 0.26044991612434387, 0.2600407898426056, 0.25967806577682495, 0.2592794597148895, 0.258916437625885, 0.25846806168556213, 0.25813257694244385, 0.2577185332775116, 0.2573275864124298, 0.2569565773010254, 0.25653180480003357, 0.2562077045440674, 0.25586485862731934, 0.25548502802848816, 0.2551214098930359, 0.2547738552093506, 0.2544126510620117, 0.2540304958820343, 0.25368812680244446, 0.25334253907203674, 0.2530088722705841, 0.2526765763759613, 0.25238341093063354, 0.2520506680011749, 0.2516798675060272, 0.25127965211868286, 0.2509905993938446, 0.2506623864173889, 0.2502850890159607, 0.24999289214611053, 0.24965545535087585, 0.24933555722236633, 0.249007448554039, 0.2486838698387146, 0.24841228127479553, 0.24813823401927948, 0.24783138930797577, 0.24744635820388794, 0.24716582894325256, 0.24681368470191956, 0.24650166928768158, 0.2462315559387207, 0.2458605021238327, 0.24557611346244812, 0.24525980651378632, 0.24495698511600494, 0.24467840790748596, 0.24442043900489807, 0.24408750236034393, 0.24377715587615967, 0.24349701404571533, 0.2432444989681244, 0.2429623156785965, 0.24271120131015778, 0.24248163402080536, 0.242187038064003, 0.24183529615402222, 0.24146848917007446, 0.24122469127178192, 0.24098941683769226, 0.24077340960502625, 0.24048607051372528, 0.24015012383460999, 0.2398793250322342, 0.23959362506866455, 0.23931638896465302, 0.2391081303358078, 0.23873861134052277, 0.23844867944717407, 0.23813661932945251, 0.2379339039325714, 0.2376658320426941, 0.2374892234802246, 0.23725944757461548, 0.23698455095291138, 0.23662874102592468, 0.23641280829906464, 0.236207976937294, 0.23594436049461365, 0.23575448989868164, 0.23543965816497803, 0.23510423302650452, 0.2349979430437088, 0.2347327172756195, 0.2344096153974533, 0.23423175513744354, 0.23398973047733307, 0.23371532559394836, 0.2335118055343628, 0.23331421613693237, 0.2330268919467926, 0.23268325626850128, 0.23251906037330627, 0.2323426455259323, 0.23213346302509308, 0.23180082440376282, 0.23149600625038147, 0.23131956160068512, 0.231077179312706, 0.23083704710006714, 0.23066049814224243, 0.23050908744335175, 0.23013095557689667, 0.22996342182159424, 0.2297527939081192, 0.22960302233695984, 0.22935476899147034, 0.22909308969974518, 0.22883427143096924, 0.22869916260242462, 0.22850054502487183, 0.22843113541603088, 0.22817079722881317, 0.22796684503555298, 0.22770284116268158, 0.2273803949356079, 0.2272987812757492, 0.2270401567220688, 0.2269233763217926, 0.22681474685668945, 0.22650815546512604, 0.2262970209121704, 0.2261357307434082, 0.2259264439344406, 0.22569173574447632, 0.2255791276693344, 0.22534790635108948, 0.2251438945531845, 0.2249682992696762, 0.22483469545841217, 0.224579319357872, 0.22434595227241516, 0.22420889139175415, 0.223994180560112, 0.22374266386032104, 0.22362643480300903, 0.22348596155643463, 0.22336198389530182, 0.2231024205684662, 0.22297587990760803, 0.22276709973812103, 0.22258493304252625, 0.22254502773284912, 0.2223004549741745, 0.2221868634223938, 0.22207818925380707, 0.22173920273780823, 0.2215512990951538, 0.22136622667312622, 0.2211950123310089, 0.22105467319488525, 0.22088927030563354, 0.22079244256019592, 0.22057436406612396, 0.22041191160678864, 0.2200811505317688, 0.21994136273860931, 0.21989324688911438, 0.21985039114952087, 0.21967138350009918, 0.21939407289028168, 0.2193225622177124, 0.21918487548828125, 0.2189701795578003, 0.21869702637195587, 0.21853655576705933, 0.21854443848133087, 0.21841920912265778, 0.21817909181118011, 0.21814903616905212, 0.2179490625858307, 0.21777933835983276, 0.21760870516300201, 0.2173636555671692, 0.21716661751270294, 0.21707989275455475, 0.21700172126293182, 0.2167907953262329, 0.21659761667251587, 0.2164473682641983, 0.2163420170545578, 0.21626996994018555, 0.21601909399032593, 0.21596868336200714, 0.21580363810062408, 0.215791717171669, 0.21563531458377838, 0.21545915305614471, 0.21532385051250458, 0.21521779894828