,number,value,datetime_start,datetime_complete,duration,params_batch_size_scaler,params_constant_learning_rate,params_depth,params_epochs,params_kernel_l2,params_num_trees,params_temperature,user_attrs_accuracy_test,user_attrs_accuracy_valid,user_attrs_approximate_feature_sparsity,user_attrs_approximate_feature_sparsity_history,user_attrs_approximate_weight_sparsity,user_attrs_approximate_weight_sparsity_history,user_attrs_auc_test,user_attrs_auc_valid,user_attrs_feature_sparsity,user_attrs_feature_sparsity_history,user_attrs_num_epochs,user_attrs_val_loss_history,user_attrs_weight_sparsity,user_attrs_weight_sparsity_history,state
149,149,0.5,2024-08-31 07:01:24.571404,2024-08-31 07:03:31.233020,0 days 00:02:06.661616,16,6.307605887360826,4,500,0.0034964896557116844,54,0.06170697108023527,0.859,0.85875,0,"[0, 0, 0, 0, 0, 0, 0, 0, 0, 0, 0, 0, 0, 0, 0, 0, 0, 0, 0, 0, 0, 0, 0, 0, 0, 0, 0, 0, 0, 0, 0, 0, 0, 0, 0, 0, 0, 0, 0, 0, 0, 0, 0, 0, 0, 0, 0, 0, 0, 0, 0, 0, 0, 0, 0, 0, 0, 0, 0, 0, 0, 0, 0, 0, 0, 0, 0, 0, 0, 0, 0, 0, 0, 0, 0, 0, 0, 0, 0, 0, 0, 0, 0, 0, 0, 0, 0, 0, 0, 0, 0, 0, 0, 0, 0, 0, 0, 0, 0, 0, 0, 0, 0, 0, 0, 0, 0, 0, 0, 0, 0, 0, 0, 0, 0, 0, 0, 0, 0, 0, 0, 0, 0, 0, 0, 0, 0, 0, 0, 0, 0, 0, 0, 0, 0, 0, 0, 0, 0, 0, 0, 0, 0, 0, 0, 0, 0, 0, 0, 0, 0, 0, 0, 0, 0, 0, 0, 0, 0, 0, 0, 0, 0, 0, 0, 0, 0, 0, 0, 0, 0, 0, 0, 0, 0, 0, 0, 0, 0, 0, 0, 0, 0, 0, 0, 0, 0, 0, 0, 0, 0, 0, 0, 0, 0, 0, 0, 0, 0, 0, 0, 0, 0, 0, 0, 0, 0, 0, 0, 0, 0, 0, 0, 0, 0, 0, 0, 0, 0, 0, 0, 0, 0, 0, 0, 0, 0, 0, 0, 0, 0, 0, 0, 0, 0, 0, 0, 0, 0, 0, 0, 0, 0, 0, 0, 0, 0, 0, 0, 0, 0, 0, 0, 0, 0, 0, 0, 0, 0, 0, 0, 0, 0, 0, 0, 0, 0, 0, 0, 0, 0, 0, 0, 0, 0, 0, 0, 0, 0, 0, 0, 0, 0, 0, 0, 0, 0, 0, 0, 0, 0, 0, 0, 0, 0, 0, 0, 0, 0, 0, 0, 0, 0, 0, 0, 0, 0, 0, 0, 0, 0, 0, 0, 0, 0, 0, 0, 0, 0, 0, 0, 0, 0, 0, 0, 0, 0, 0, 0, 0, 0, 0, 0, 0, 0, 0, 0, 0, 0, 0, 0, 0, 0, 0, 0, 0, 0, 0, 0, 0, 0, 0, 0, 0, 0, 0, 0, 0, 0, 0, 0, 0, 0, 0, 0, 0, 0, 0, 0, 0, 0, 0, 0, 0, 0, 0, 0, 0, 0, 0, 0, 0, 0, 0, 0, 0, 0, 0, 0, 0, 0, 0, 0, 0, 0, 0, 0, 0, 0, 0, 0, 0, 0, 0, 0, 0, 0, 0, 0, 0, 0, 0, 0, 0, 0, 0, 0, 0, 0, 0, 0, 0, 0, 0, 0, 0, 0, 0, 0, 0, 0, 0, 0, 0, 0, 0, 0, 0, 0, 0, 0, 0, 0, 0, 0, 0, 0, 0, 0, 0, 0, 0, 0, 0, 0, 0, 0, 0, 0, 0, 0, 0, 0, 0, 0, 0, 0, 0, 0, 0, 0, 0, 0, 0, 0, 0, 0, 0, 0, 0, 0, 0, 0, 0, 0, 0, 0, 0, 0, 0, 0, 0, 0, 0, 0, 0, 0, 0, 0, 0]",0.0,"[0.0, 0.0, 0.0, 0.0, 0.0, 0.0, 0.0, 0.0, 0.0, 0.0, 0.0, 0.0, 0.0, 0.0, 0.0, 0.0, 0.0, 0.0, 0.0, 0.0, 0.0, 0.0, 0.0, 0.0, 0.0, 0.0, 0.0, 0.0, 0.0, 0.0, 0.0, 0.0, 0.0, 0.0, 0.0, 0.0, 0.0, 0.0, 0.0, 0.0, 0.0, 0.0, 0.0, 0.0, 0.0, 0.0, 0.0, 0.0, 0.0, 0.0, 0.0, 0.0, 0.0, 0.0, 0.0, 0.0, 0.0, 0.0, 0.0, 0.0, 0.0, 0.0, 0.0, 0.0, 0.0, 0.0, 0.0, 0.0, 0.0, 0.0, 0.0, 0.0, 0.0, 0.0, 0.0, 0.0, 0.0, 0.0, 0.0, 0.0, 0.0, 0.0, 0.0, 0.0, 0.0, 0.0, 0.0, 0.0, 0.0, 0.0, 0.0, 0.0, 0.0, 0.0, 0.0, 0.0, 0.0, 0.0, 0.0, 0.0, 0.0, 0.0, 0.0, 0.0, 0.0, 0.0, 0.0, 0.0, 0.0, 0.0, 0.0, 0.0, 0.0, 0.0, 0.0, 0.0, 0.0, 0.0, 0.0, 0.0, 0.0, 0.0, 0.0, 0.0, 0.0, 0.0, 0.0, 0.0, 0.0, 0.0, 0.0, 0.0, 0.0, 0.0, 0.0, 0.0, 0.0, 0.0, 0.0, 0.0, 0.0, 0.0, 0.0, 0.0, 0.0, 0.0, 0.0, 0.0, 0.0, 0.0, 0.0, 0.0, 0.0, 0.0, 0.0, 0.0, 0.0, 0.0, 0.0, 0.0, 0.0, 0.0, 0.0, 0.0, 0.0, 0.0, 0.0, 0.0, 0.0, 0.0, 0.0, 0.0, 0.0, 0.0, 0.0, 0.0, 0.0, 0.0, 0.0, 0.0, 0.0, 0.0, 0.0, 0.0, 0.0, 0.0, 0.0, 0.0, 0.0, 0.0, 0.0, 0.0, 0.0, 0.0, 0.0, 0.0, 0.0, 0.0, 0.0, 0.0, 0.0, 0.0, 0.0, 0.0, 0.0, 0.0, 0.0, 0.0, 0.0, 0.0, 0.0, 0.0, 0.0, 0.0, 0.0, 0.0, 0.0, 0.0, 0.0, 0.0, 0.0, 0.0, 0.0, 0.0, 0.0, 0.0, 0.0, 0.0, 0.0, 0.0, 0.0, 0.0, 0.0, 0.0, 0.0, 0.0, 0.0, 0.0, 0.0, 0.0, 0.0, 0.0, 0.0, 0.0, 0.0, 0.0, 0.0, 0.0, 0.0, 0.0, 0.0, 0.0, 0.0, 0.0, 0.0, 0.0, 0.0, 0.0, 0.0, 0.0, 0.0, 0.0, 0.0, 0.0, 0.0, 0.0, 0.0, 0.0, 0.0, 0.0, 0.0, 0.0, 0.0, 0.0, 0.0, 0.0, 0.0, 0.0, 0.0, 0.0, 0.0, 0.0, 0.0, 0.0, 0.0, 0.0, 0.0, 0.0, 0.0, 0.0, 0.0, 0.0, 0.0, 0.0, 0.0, 0.0, 0.0, 0.0, 0.0, 0.0, 0.0, 0.0, 0.0, 0.0, 0.0, 0.0, 0.0, 0.0, 0.0, 0.0, 0.0, 0.0, 0.0, 0.0, 0.0, 0.0, 0.0, 0.0, 0.0, 0.0, 0.0, 0.0, 0.0, 0.0, 0.0, 0.0, 0.0, 0.0, 0.0, 0.0, 0.0, 0.0, 0.0, 0.0, 0.0, 0.0, 0.0, 0.0, 0.0, 0.0, 0.0, 0.0, 0.0, 0.0, 0.0, 0.0, 0.0, 0.0, 0.0, 0.0, 0.0, 0.0, 0.0, 0.0, 0.0, 0.0, 0.0, 0.0, 0.0, 0.0, 0.0, 0.0, 0.0, 0.0, 0.0, 0.0, 0.0, 0.0, 0.0, 0.0, 0.0, 0.0, 0.0, 0.0, 0.0, 0.0, 0.0, 0.0, 0.0, 0.0, 0.0, 0.0, 0.0, 0.0, 0.0, 0.0, 0.0, 0.0, 0.0, 0.0, 0.0, 0.0, 0.0, 0.0, 0.0, 0.0, 0.0, 0.0, 0.0, 0.0, 0.0, 0.0, 0.0, 0.0, 0.0, 0.0, 0.0, 0.0, 0.0, 0.0, 0.0, 0.0, 0.0, 0.0, 0.0, 0.0, 0.0, 0.0, 0.0, 0.0, 0.0, 0.0, 0.0, 0.0, 0.0, 0.0, 0.0, 0.0, 0.0, 0.0, 0.0, 0.0, 0.0, 0.0, 0.0, 0.0, 0.0, 0.0, 0.0, 0.0, 0.0, 0.0, 0.0, 0.0, 0.0, 0.0, 0.0, 0.0, 0.0, 0.0, 0.0, 0.0, 0.0, 0.0, 0.0, 0.0, 0.0, 0.0, 0.0, 0.0, 0.0, 0.0, 0.0, 0.0, 0.0, 0.0, 0.0, 0.0, 0.0, 0.0, 0.0, 0.0, 0.0, 0.0, 0.0, 0.0, 0.0, 0.0, 0.0, 0.0, 0.0, 0.0, 0.0, 0.0, 0.0, 0.0, 0.0, 0.0, 0.0, 0.0, 0.0, 0.0, 0.0, 0.0, 0.0, 0.0, 0.0, 0.0, 0.0, 0.0]",0.5,0.5,0,"[0, 0, 0, 0, 0, 0, 0, 0, 0, 0, 0, 0, 0, 0, 0, 0, 0, 0, 0, 0, 0, 0, 0, 0, 0, 0, 0, 0, 0, 0, 0, 0, 0, 0, 0, 0, 0, 0, 0, 0, 0, 0, 0, 0, 0, 0, 0, 0, 0, 0, 0, 0, 0, 0, 0, 0, 0, 0, 0, 0, 0, 0, 0, 0, 0, 0, 0, 0, 0, 0, 0, 0, 0, 0, 0, 0, 0, 0, 0, 0, 0, 0, 0, 0, 0, 0, 0, 0, 0, 0, 0, 0, 0, 0, 0, 0, 0, 0, 0, 0, 0, 0, 0, 0, 0, 0, 0, 0, 0, 0, 0, 0, 0, 0, 0, 0, 0, 0, 0, 0, 0, 0, 0, 0, 0, 0, 0, 0, 0, 0, 0, 0, 0, 0, 0, 0, 0, 0, 0, 0, 0, 0, 0, 0, 0, 0, 0, 0, 0, 0, 0, 0, 0, 0, 0, 0, 0, 0, 0, 0, 0, 0, 0, 0, 0, 0, 0, 0, 0, 0, 0, 0, 0, 0, 0, 0, 0, 0, 0, 0, 0, 0, 0, 0, 0, 0, 0, 0, 0, 0, 0, 0, 0, 0, 0, 0, 0, 0, 0, 0, 0, 0, 0, 0, 0, 0, 0, 0, 0, 0, 0, 0, 0, 0, 0, 0, 0, 0, 0, 0, 0, 0, 0, 0, 0, 0, 0, 0, 0, 0, 0, 0, 0, 0, 0, 0, 0, 0, 0, 0, 0, 0, 0, 0, 0, 0, 0, 0, 0, 0, 0, 0, 0, 0, 0, 0, 0, 0, 0, 0, 0, 0, 0, 0, 0, 0, 0, 0, 0, 0, 0, 0, 0, 0, 0, 0, 0, 0, 0, 0, 0, 0, 0, 0, 0, 0, 0, 0, 0, 0, 0, 0, 0, 0, 0, 0, 0, 0, 0, 0, 0, 0, 0, 0, 0, 0, 0, 0, 0, 0, 0, 0, 0, 0, 0, 0, 0, 0, 0, 0, 0, 0, 0, 0, 0, 0, 0, 0, 0, 0, 0, 0, 0, 0, 0, 0, 0, 0, 0, 0, 0, 0, 0, 0, 0, 0, 0, 0, 0, 0, 0, 0, 0, 0, 0, 0, 0, 0, 0, 0, 0, 0, 0, 0, 0, 0, 0, 0, 0, 0, 0, 0, 0, 0, 0, 0, 0, 0, 0, 0, 0, 0, 0, 0, 0, 0, 0, 0, 0, 0, 0, 0, 0, 0, 0, 0, 0, 0, 0, 0, 0, 0, 0, 0, 0, 0, 0, 0, 0, 0, 0, 0, 0, 0, 0, 0, 0, 0, 0, 0, 0, 0, 0, 0, 0, 0, 0, 0, 0, 0, 0, 0, 0, 0, 0, 0, 0, 0, 0, 0, 0, 0, 0, 0, 0, 0, 0, 0, 0, 0, 0, 0, 0, 0, 0, 0, 0, 0, 0, 0, 0, 0, 0, 0, 0, 0, 0, 0, 0, 0, 0, 0, 0, 0, 0, 0, 0, 0, 0, 0, 0, 0, 0, 0, 0, 0, 0, 0, 0, 0, 0, 0, 0, 0, 0, 0, 0, 0, 0, 0]",500,"[2.3544375896453857, 0.6176031827926636, 2.6455957889556885, 2.721747636795044, 3.625302314758301, 3.0766141414642334, 1.0946279764175415, 0.5299380421638489, 1.6057249307632446, 1.1192184686660767, 2.4941630363464355, 0.9521837830543518, 1.7518730163574219, 0.4112969934940338, 2.865199327468872, 3.2370803356170654, 0.49587684869766235, 0.48658180236816406, 1.6652576923370361, 2.176856756210327, 1.686492919921875, 0.45657795667648315, 0.687519371509552, 2.3702523708343506, 0.40864744782447815, 1.7878329753875732, 0.4373534321784973, 2.3664298057556152, 1.1799315214157104, 0.49118930101394653, 0.7413444519042969, 1.7616304159164429, 0.542705774307251, 2.118157386779785, 0.8007736802101135, 0.792625367641449, 0.8253753185272217, 2.291658401489258, 0.7378695607185364, 3.0936901569366455, 0.8468109369277954, 0.40734389424324036, 2.1508688926696777, 0.6607069373130798, 0.6588668823242188, 2.0559067726135254, 0.4362402856349945, 2.8613269329071045, 1.1635998487472534, 0.9840921759605408, 2.438821792602539, 1.532393455505371, 0.7120479345321655, 1.3352782726287842, 0.40766143798828125, 2.2659151554107666, 1.2791062593460083, 1.3117663860321045, 0.8214583396911621, 1.9541504383087158, 1.3624138832092285, 2.756664991378784, 1.4630000591278076, 0.4103880822658539, 0.632117509841919, 2.503736972808838, 3.6199636459350586, 3.2839319705963135, 0.8542330861091614, 3.3743085861206055, 1.5702226161956787, 3.229010820388794, 2.6307568550109863, 2.9446215629577637, 2.7792716026306152, 1.0404781103134155, 4.2531633377075195, 0.5873690843582153, 0.8964800834655762, 1.2124934196472168, 1.1084389686584473, 1.7369998693466187, 0.826955258846283, 1.5379220247268677, 4.0660080909729, 1.3458282947540283, 2.3811147212982178, 3.132978916168213, 1.941865086555481, 1.150833249092102, 1.3286911249160767, 2.9413633346557617, 1.942570447921753, 2.272033452987671, 2.133030652999878, 1.1462119817733765, 0.8055697679519653, 0.9038902521133423, 3.006878614425659, 2.295947313308716, 1.7710598707199097, 3.458937168121338, 3.9287710189819336, 0.7273197770118713, 1.0482770204544067, 0.4078204333782196, 4.211427688598633, 0.4155527949333191, 1.4243828058242798, 1.8850228786468506, 2.770406484603882, 0.960213840007782, 0.452060341835022, 0.4197239577770233, 1.2081698179244995, 2.433471441268921, 1.4817217588424683, 0.7174618244171143, 3.170933485031128, 3.2916011810302734, 1.8914287090301514, 0.9411910176277161, 3.195789098739624, 0.6884526610374451, 0.5397779941558838, 2.2579152584075928, 0.9251253008842468, 1.8071366548538208, 1.806916356086731, 3.0750184059143066, 1.308729648590088, 1.4120962619781494, 0.7821589708328247, 0.6189584136009216, 1.2878270149230957, 2.8848235607147217, 0.764036238193512, 0.8873424530029297, 4.360186576843262, 3.566847801208496, 2.9765310287475586, 1.2646114826202393, 0.4189067482948303, 0.7745327949523926, 1.9816291332244873, 1.3248357772827148, 3.3716516494750977, 3.835354804992676, 2.345264196395874, 1.8701034784317017, 4.693491458892822, 0.43039870262145996, 2.646785259246826, 1.922632098197937, 2.4398882389068604, 2.328805446624756, 1.7880680561065674, 0.6521431803703308, 2.050929307937622, 0.914097011089325, 0.43906649947166443, 3.101914405822754, 1.8186752796173096, 3.0553982257843018, 0.5343165397644043, 0.8255051374435425, 4.542783260345459, 2.477419376373291, 1.1359785795211792, 1.8154687881469727, 1.1576201915740967, 0.9630961418151855, 3.776090621948242, 0.9332817196846008, 2.2261600494384766, 0.6241624355316162, 0.5122462511062622, 0.5008718967437744, 2.0509727001190186, 0.41898617148399353, 2.3607587814331055, 1.0117316246032715, 1.4409377574920654, 0.5352452993392944, 0.8459677696228027, 2.3021793365478516, 1.8544803857803345, 1.2250945568084717, 1.440024971961975, 1.2029589414596558, 0.44443780183792114, 4.876169204711914, 1.3051135540008545, 2.9088168144226074, 1.096206545829773, 0.512488842010498, 1.3103666305541992, 3.9751296043395996, 0.4547017812728882, 1.1165465116500854, 2.0133798122406006, 3.099461317062378, 2.4599056243896484, 1.582944393157959, 1.8033636808395386, 2.2323458194732666, 1.8864704370498657, 2.772606134414673, 1.4499706029891968, 2.456831455230713, 0.41803616285324097, 2.2035868167877197, 0.4739200174808502, 0.7124478220939636, 1.9268498420715332, 0.8559848666191101, 1.6356244087219238, 1.686795949935913, 0.5690080523490906, 2.7334442138671875, 0.4189603328704834, 1.6148446798324585, 3.7922022342681885, 0.5613903403282166, 4.106498718261719, 1.1868840456008911, 2.6374013423919678, 3.492659568786621, 2.2837750911712646, 1.6271159648895264, 0.9695892333984375, 0.8244733214378357, 1.343400478363037, 0.6114437580108643, 0.41051119565963745, 1.7235047817230225, 0.9080854654312134, 2.3801887035369873, 1.5061981678009033, 2.4061665534973145, 2.0057578086853027, 1.1695075035095215, 1.49053156375885, 1.7475123405456543, 1.0796749591827393, 1.8208098411560059, 2.292642593383789, 3.941754102706909, 1.4449069499969482, 1.834233045578003, 0.468349426984787, 3.4190826416015625, 0.8793288469314575, 2.202882766723633, 2.6017160415649414, 0.826163113117218, 0.5507811307907104, 0.7533857822418213, 0.8139631152153015, 1.0008291006088257, 0.7063835859298706, 0.763994574546814, 0.7948322892189026, 1.40732741355896, 1.504184365272522, 2.5644571781158447, 2.896111249923706, 3.8720672130584717, 1.5737435817718506, 1.1668686866760254, 0.8912481665611267, 1.5384840965270996, 1.5249345302581787, 0.4197222590446472, 2.1490731239318848, 2.0439071655273438, 1.9502739906311035, 1.208356499671936, 0.7979406118392944, 0.5076445937156677, 2.9561498165130615, 2.865915298461914, 0.5953126549720764, 1.6543300151824951, 2.8794543743133545, 2.1526055335998535, 1.643345832824707, 3.732333183288574, 1.1543444395065308, 1.2367688417434692, 0.6094802021980286, 0.9911257028579712, 2.0062544345855713, 1.0810858011245728, 1.2753992080688477, 0.5550371408462524, 1.2547601461410522, 2.964622735977173, 0.5754275321960449, 1.9707684516906738, 2.588395357131958, 1.3841214179992676, 0.9532217979431152, 3.4167771339416504, 0.4580443203449249, 1.203028917312622, 0.804919421672821, 3.8611557483673096, 0.45163723826408386, 0.8202705979347229, 1.1126511096954346, 1.9275174140930176, 2.6669375896453857, 3.4027512073516846, 0.42588984966278076, 2.9193146228790283, 2.0384275913238525, 2.0983664989471436, 1.2297958135604858, 2.0688986778259277, 0.45377591252326965, 2.0494494438171387, 1.628395438194275, 1.2690479755401611, 0.8632227182388306, 2.5526702404022217, 1.339475154876709, 0.7026715874671936, 1.9507066011428833, 1.7153520584106445, 1.6917412281036377, 2.4212746620178223, 2.1941280364990234, 2.5565383434295654, 0.612562894821167, 2.201500177383423, 2.0596113204956055, 4.4764885902404785, 0.41213661432266235, 3.5455965995788574, 1.4758108854293823, 0.6070442199707031, 3.3848464488983154, 1.329514503479004, 2.5465645790100098, 0.7719854712486267, 0.7102532386779785, 1.4742375612258911, 0.40974947810173035, 0.6746695041656494, 1.6247107982635498, 1.3538142442703247, 3.248020648956299, 1.2495750188827515, 2.8143720626831055, 1.6802964210510254, 4.0546488761901855, 2.6160128116607666, 2.0341880321502686, 1.1069514751434326, 0.7732192277908325, 0.573514997959137, 2.2124276161193848, 0.5129679441452026, 0.7046115398406982, 1.4857770204544067, 0.9012998938560486, 1.352647304534912, 1.151983618736267, 1.759641408920288, 2.3506345748901367, 0.6396419405937195, 0.4129900634288788, 1.5034734010696411, 0.6904398202896118, 1.6191216707229614, 0.4152219891548157, 0.5493261218070984, 0.5221697688102722, 1.98859441280365, 0.9654747843742371, 0.4073607325553894, 0.5459908843040466, 1.2861703634262085, 2.3192126750946045, 0.6220570206642151, 1.2974988222122192, 1.5634057521820068, 2.082226037979126, 0.8179661631584167, 1.3724576234817505, 3.966384172439575, 0.9809867143630981, 0.4684084355831146, 1.2020148038864136, 1.19365656375885, 4.255487442016602, 2.004645586013794, 0.5835393071174622, 2.419517993927002, 0.8721531629562378, 0.5153895616531372, 0.45343345403671265, 3.6367576122283936, 2.285486936569214, 0.5171782970428467, 2.430405378341675, 1.7829455137252808, 1.959441065788269, 0.9060293436050415, 1.8152602910995483, 0.4696027338504791, 3.124419927597046, 3.285914421081543, 2.1067087650299072, 1.904110074043274, 1.6130088567733765, 3.8597660064697266, 2.211883783340454, 1.3911460638046265, 1.7039217948913574, 2.254359722137451, 2.7165050506591797, 0.6907127499580383, 3.1603569984436035, 1.3091905117034912, 3.3467607498168945, 0.5678024888038635, 2.2640748023986816, 3.9388043880462646, 0.4185081124305725, 1.8136450052261353, 2.501784324645996, 0.9139163494110107, 0.44092515110969543, 0.4226330518722534, 3.3932464122772217, 0.5849601030349731, 0.7365438342094421, 0.43266162276268005, 0.619550883769989, 1.1185426712036133, 1.8732054233551025, 4.324035167694092, 2.4522311687469482, 0.5473802089691162, 0.5121476650238037, 0.5720212459564209, 1.474563479423523, 1.4051686525344849, 0.6497379541397095, 3.8581953048706055, 0.5002239346504211, 2.651960849761963, 0.8153595924377441, 2.6321916580200195, 0.9851782321929932, 2.0191080570220947, 0.43686816096305847, 1.7966874837875366, 1.7682087421417236, 4.061559677124023, 0.49036839604377747, 4.3038153648376465, 0.7301077246665955, 0.7410984635353088, 1.3527592420578003, 3.1031055450439453, 2.057798385620117, 1.036054015159607, 3.4442262649536133, 1.2986253499984741, 0.6742792725563049, 0.41227322816848755, 4.03928279876709, 1.6768460273742676, 0.9628901481628418, 0.4801402986049652, 3.928962469100952, 1.7466892004013062, 2.659712553024292, 4.067139148712158, 2.196331739425659, 0.6279222965240479, 0.41382765769958496, 2.3690690994262695, 2.0290536880493164, 0.5184047818183899, 0.9509831070899963, 0.5512800812721252, 1.950454831123352, 4.258703231811523, 0.6429927349090576, 1.499971866607666, 2.4501771926879883, 0.6123539805412292, 2.12544322013855, 3.1349425315856934, 1.864408254623413, 2.689737319946289]",0.0,"[0.0, 0.0, 0.0, 0.0, 0.0, 0.0, 0.0, 0.0, 0.0, 0.0, 0.0, 0.0, 0.0, 0.0, 0.0, 0.0, 0.0, 0.0, 0.0, 0.0, 0.0, 0.0, 0.0, 0.0, 0.0, 0.0, 0.0, 0.0, 0.0, 0.0, 0.0, 0.0, 0.0, 0.0, 0.0, 0.0, 0.0, 0.0, 0.0, 0.0, 0.0, 0.0, 0.0, 0.0, 0.0, 0.0, 0.0, 0.0, 0.0, 0.0, 0.0, 0.0, 0.0, 0.0, 0.0, 0.0, 0.0, 0.0, 0.0, 0.0, 0.0, 0.0, 0.0, 0.0, 0.0, 0.0, 0.0, 0.0, 0.0, 0.0, 0.0, 0.0, 0.0, 0.0, 0.0, 0.0, 0.0, 0.0, 0.0, 0.0, 0.0, 0.0, 0.0, 0.0, 0.0, 0.0, 0.0, 0.0, 0.0, 0.0, 0.0, 0.0, 0.0, 0.0, 0.0, 0.0, 0.0, 0.0, 0.0, 0.0, 0.0, 0.0, 0.0, 0.0, 0.0, 0.0, 0.0, 0.0, 0.0, 0.0, 0.0, 0.0, 0.0, 0.0, 0.0, 0.0, 0.0, 0.0, 0.0, 0.0, 0.0, 0.0, 0.0, 0.0, 0.0, 0.0, 0.0, 0.0, 0.0, 0.0, 0.0, 0.0, 0.0, 0.0, 0.0, 0.0, 0.0, 0.0, 0.0, 0.0, 0.0, 0.0, 0.0, 0.0, 0.0, 0.0, 0.0, 0.0, 0.0, 0.0, 0.0, 0.0, 0.0, 0.0, 0.0, 0.0, 0.0, 0.0, 0.0, 0.0, 0.0, 0.0, 0.0, 0.0, 0.0, 0.0, 0.0, 0.0, 0.0, 0.0, 0.0, 0.0, 0.0, 0.0, 0.0, 0.0, 0.0, 0.0, 0.0, 0.0, 0.0, 0.0, 0.0, 0.0, 0.0, 0.0, 0.0, 0.0, 0.0, 0.0, 0.0, 0.0, 0.0, 0.0, 0.0, 0.0, 0.0, 0.0, 0.0, 0.0, 0.0, 0.0, 0.0, 0.0, 0.0, 0.0, 0.0, 0.0, 0.0, 0.0, 0.0, 0.0, 0.0, 0.0, 0.0, 0.0, 0.0, 0.0, 0.0, 0.0, 0.0, 0.0, 0.0, 0.0, 0.0, 0.0, 0.0, 0.0, 0.0, 0.0, 0.0, 0.0, 0.0, 0.0, 0.0, 0.0, 0.0, 0.0, 0.0, 0.0, 0.0, 0.0, 0.0, 0.0, 0.0, 0.0, 0.0, 0.0, 0.0, 0.0, 0.0, 0.0, 0.0, 0.0, 0.0, 0.0, 0.0, 0.0, 0.0, 0.0, 0.0, 0.0, 0.0, 0.0, 0.0, 0.0, 0.0, 0.0, 0.0, 0.0, 0.0, 0.0, 0.0, 0.0, 0.0, 0.0, 0.0, 0.0, 0.0, 0.0, 0.0, 0.0, 0.0, 0.0, 0.0, 0.0, 0.0, 0.0, 0.0, 0.0, 0.0, 0.0, 0.0, 0.0, 0.0, 0.0, 0.0, 0.0, 0.0, 0.0, 0.0, 0.0, 0.0, 0.0, 0.0, 0.0, 0.0, 0.0, 0.0, 0.0, 0.0, 0.0, 0.0, 0.0, 0.0, 0.0, 0.0, 0.0, 0.0, 0.0, 0.0, 0.0, 0.0, 0.0, 0.0, 0.0, 0.0, 0.0, 0.0, 0.0, 0.0, 0.0, 0.0, 0.0, 0.0, 0.0, 0.0, 0.0, 0.0, 0.0, 0.0, 0.0, 0.0, 0.0, 0.0, 0.0, 0.0, 0.0, 0.0, 0.0, 0.0, 0.0, 0.0, 0.0, 0.0, 0.0, 0.0, 0.0, 0.0, 0.0, 0.0, 0.0, 0.0, 0.0, 0.0, 0.0, 0.0, 0.0, 0.0, 0.0, 0.0, 0.0, 0.0, 0.0, 0.0, 0.0, 0.0, 0.0, 0.0, 0.0, 0.0, 0.0, 0.0, 0.0, 0.0, 0.0, 0.0, 0.0, 0.0, 0.0, 0.0, 0.0, 0.0, 0.0, 0.0, 0.0, 0.0, 0.0, 0.0, 0.0, 0.0, 0.0, 0.0, 0.0, 0.0, 0.0, 0.0, 0.0, 0.0, 0.0, 0.0, 0.0, 0.0, 0.0, 0.0, 0.0, 0.0, 0.0, 0.0, 0.0, 0.0, 0.0, 0.0, 0.0, 0.0, 0.0, 0.0, 0.0, 0.0, 0.0, 0.0, 0.0, 0.0, 0.0, 0.0, 0.0, 0.0, 0.0, 0.0, 0.0, 0.0, 0.0, 0.0, 0.0, 0.0, 0.0, 0.0, 0.0, 0.0, 0.0, 0.0, 0.0, 0.0, 0.0, 0.0, 0.0, 0.0, 0.0, 0.0, 0.0, 0.0, 0.0, 0.0, 0.0, 0.0, 0.0, 0.0, 0.0, 0.0, 0.0, 0.0, 0.0, 0.0, 0.0, 0.0, 0.0, 0.0, 0.0, 0.0, 0.0, 0.0, 0.0, 0.0, 0.0, 0.0, 0.0, 0.0, 0.0, 0.0, 0.0, 0.0, 0.0, 0.0, 0.0, 0.0, 0.0, 0.0, 0.0, 0.0, 0.0]",COMPLETE
