,number,value,datetime_start,datetime_complete,duration,params_batch_size_scaler,params_constant_learning_rate,params_depth,params_epochs,params_kernel_l2,params_num_trees,params_temperature,user_attrs_accuracy_test,user_attrs_accuracy_valid,user_attrs_approximate_feature_sparsity,user_attrs_approximate_feature_sparsity_history,user_attrs_approximate_weight_sparsity,user_attrs_approximate_weight_sparsity_history,user_attrs_auc_test,user_attrs_auc_valid,user_attrs_feature_sparsity,user_attrs_feature_sparsity_history,user_attrs_num_epochs,user_attrs_val_loss_history,user_attrs_weight_sparsity,user_attrs_weight_sparsity_history,state
25,25,0.9207275444088059,2024-08-31 01:25:31.576636,2024-08-31 01:29:57.953848,0 days 00:04:26.377212,1,0.24950497768776436,2,415,0.0013372375720898367,86,0.03988972804453153,0.921,0.93125,32,"[33, 33, 33, 33, 33, 33, 33, 33, 33, 33, 33, 33, 33, 33, 33, 33, 33, 33, 33, 33, 33, 33, 33, 33, 33, 33, 33, 33, 33, 33, 33, 33, 33, 33, 33, 33, 33, 33, 33, 33, 33, 33, 33, 33, 33, 33, 33, 33, 33, 33, 33, 33, 33, 33, 33, 33, 33, 33, 33, 33, 33, 33, 33, 33, 33, 33, 33, 33, 33, 33, 33, 33, 33, 33, 33, 33, 33, 33, 33, 33, 33, 33, 33, 33, 33, 33, 33, 33, 33, 33, 33, 33, 33, 33, 33, 33, 33, 33, 33, 33, 33, 33, 33, 33, 33, 33, 33, 33, 33, 33, 33, 33, 33, 33, 33, 33, 33, 33, 33, 33, 33, 33, 33, 33, 33, 33, 33, 33, 33, 33, 33, 33, 33, 33, 33, 33, 33, 33, 33, 33, 33, 33, 33, 33, 33, 33, 33, 33, 33, 33, 33, 33, 33, 33, 33, 33, 33, 33, 33, 33, 33, 33, 33, 33, 33, 33, 33, 33, 33, 33, 33, 33, 33, 33, 33, 33, 33, 33, 33, 33, 33, 33, 33, 33, 33, 33, 33, 33, 33, 33, 33, 33, 33, 33, 33, 33, 33, 33, 33, 33, 33, 33, 33, 33, 33, 33, 33, 33, 33, 33, 33, 33, 33, 33, 33, 33, 33, 33, 33, 33, 33, 33, 33, 33, 33, 33, 33, 33, 33, 33, 33, 33, 33, 33, 33, 33, 33, 32, 32, 32, 32, 32, 32, 32, 32, 32, 32, 32, 32, 32, 32, 32, 32, 32, 32, 32, 32, 32, 32, 32, 32, 32, 32, 32, 32, 32, 32, 32, 32, 32, 32, 32, 32, 32, 32, 32, 32, 32, 32, 32, 32, 32, 32, 32, 32, 32, 32, 32, 32, 32, 32, 32, 32, 32, 32, 32, 32, 32, 32, 32, 32, 32, 32, 32, 32, 32, 32, 32, 32, 32, 32, 32, 32, 32, 32, 32, 32, 32, 32, 32, 32, 32, 32, 32, 32, 32, 32, 32, 32, 32, 32, 32, 32, 32, 32, 32, 32, 32, 32, 32, 32, 32, 32, 32, 32, 32, 32, 32, 32, 32, 32, 32, 32, 32, 32, 32, 32, 32, 32, 32, 32, 32, 32, 32, 32, 32, 32, 32, 32, 32, 32, 32, 32, 32, 32, 32, 32, 32, 32, 32, 32, 32, 32, 32, 32, 32, 32, 32, 32, 32, 32, 32, 32, 32, 32, 32, 32, 32, 32, 32, 32, 32, 32, 32, 32, 32, 32, 32, 32, 32, 32, 32, 32, 32, 32]",31.984496124031008,"[32.98449612403101, 32.98449612403101, 32.980620155038764, 32.98062015503876, 32.97674418604651, 32.98837209302326, 32.98449612403101, 32.96124031007752, 32.980620155038764, 32.98449612403101, 32.98449612403101, 32.98837209302326, 32.97286821705426, 32.97674418604652, 32.98449612403101, 32.968992248062015, 32.992248062015506, 32.992248062015506, 32.98837209302326, 32.98837209302326, 32.98449612403101, 32.992248062015506, 32.97674418604651, 32.97286821705426, 32.97674418604651, 32.97674418604652, 32.98449612403101, 32.968992248062015, 32.980620155038764, 32.992248062015506, 32.98837209302326, 32.992248062015506, 32.97674418604652, 32.992248062015506, 32.96511627906977, 32.98449612403101, 32.980620155038764, 32.98449612403101, 32.98837209302326, 32.992248062015506, 32.992248062015506, 32.968992248062015, 32.98837209302326, 32.98449612403101, 32.97286821705426, 32.98062015503876, 32.98449612403101, 32.97286821705426, 32.98062015503876, 32.97286821705426, 32.97674418604651, 32.94961240310077, 32.968992248062015, 32.96511627906977, 32.97286821705426, 32.97674418604651, 32.98837209302326, 32.97674418604652, 32.96511627906977, 32.97674418604652, 32.97286821705426, 32.98449612403101, 32.95736434108527, 32.97286821705426, 32.98837209302326, 32.98449612403101, 32.98837209302326, 32.98449612403101, 32.980620155038764, 32.96511627906977, 32.96511627906977, 32.98449612403101, 32.96511627906977, 32.96511627906977, 32.99612403100775, 32.98449612403101, 32.98062015503876, 32.97286821705426, 32.961240310077514, 32.98837209302326, 32.97674418604652, 32.97674418604652, 32.992248062015506, 32.96511627906977, 32.98449612403101, 32.98062015503876, 32.98449612403101, 32.98837209302326, 32.96511627906977, 32.968992248062015, 32.98449612403101, 32.98449612403101, 32.992248062015506, 32.98062015503876, 32.98449612403101, 32.98062015503876, 32.992248062015506, 32.97286821705426, 32.992248062015506, 32.97674418604652, 32.98449612403101, 32.98837209302326, 32.98837209302326, 32.98837209302326, 32.98837209302326, 32.98837209302326, 32.97674418604651, 32.97286821705426, 32.968992248062015, 32.97674418604651, 32.98449612403101, 32.980620155038764, 32.97674418604651, 32.98837209302326, 32.98837209302326, 32.97286821705426, 32.96511627906977, 32.97286821705426, 32.980620155038764, 32.98062015503876, 32.98837209302326, 32.980620155038764, 32.98837209302326, 32.98837209302326, 32.98449612403101, 32.98062015503876, 32.97674418604651, 32.961240310077514, 32.980620155038764, 32.992248062015506, 32.97674418604651, 32.98062015503876, 32.968992248062015, 32.992248062015506, 32.97674418604651, 32.98449612403101, 32.97674418604651, 32.968992248062015, 32.98062015503876, 32.992248062015506, 32.97286821705426, 32.980620155038764, 32.968992248062015, 32.96511627906977, 32.98062015503876, 32.97674418604651, 32.98449612403101, 32.97674418604651, 32.97286821705426, 32.97286821705426, 32.97674418604651, 32.96511627906977, 32.968992248062015, 32.98062015503876, 32.980620155038764, 32.98062015503876, 32.968992248062015, 32.97674418604651, 32.968992248062015, 32.98449612403101, 32.97674418604651, 32.980620155038764, 32.98062015503876, 32.98449612403101, 32.968992248062015, 32.97674418604651, 32.97674418604651, 32.97286821705426, 32.97674418604651, 32.98062015503876, 32.98837209302326, 32.98837209302326, 32.98449612403101, 32.97286821705426, 32.968992248062015, 32.98449612403101, 32.98062015503876, 32.98449612403101, 32.97286821705426, 32.97286821705426, 32.98449612403101, 32.98449612403101, 32.992248062015506, 32.98449612403101, 32.98449612403101, 32.98062015503876, 32.98837209302326, 32.99612403100775, 32.98837209302326, 32.992248062015506, 32.98837209302326, 32.98449612403101, 32.98062015503876, 32.98062015503876, 32.97674418604651, 32.98449612403101, 32.98837209302326, 32.98062015503876, 32.98062015503876, 32.980620155038764, 32.98449612403101, 32.992248062015506, 32.97674418604651, 32.97674418604651, 32.98062015503876, 32.992248062015506, 32.97286821705426, 32.98837209302326, 32.97674418604651, 32.98449612403101, 32.98449612403101, 32.98449612403101, 32.97674418604651, 32.98449612403101, 32.98449612403101, 32.98837209302326, 32.98449612403101, 32.98837209302326, 32.968992248062015, 32.97286821705426, 32.97674418604651, 32.97674418604651, 32.98449612403101, 32.98449612403101, 32.97674418604651, 32.98449612403101, 32.97286821705426, 32.98062015503876, 32.96511627906977, 32.96511627906977, 32.97286821705426, 32.968992248062015, 32.97286821705426, 32.96511627906977, 32.96511627906977, 32.980620155038764, 32.98449612403101, 31.980620155038757, 31.984496124031008, 31.97674418604651, 31.968992248062015, 31.972868217054263, 31.984496124031008, 31.980620155038757, 31.97674418604651, 31.980620155038757, 31.980620155038757, 31.980620155038757, 31.98837209302326, 31.988372093023255, 31.984496124031008, 31.984496124031008, 31.984496124031008, 31.98062015503876, 31.98062015503876, 31.968992248062015, 31.968992248062015, 31.968992248062015, 31.98837209302326, 31.97674418604651, 31.968992248062015, 31.980620155038757, 31.97674418604651, 31.968992248062015, 31.984496124031008, 31.98837209302326, 31.972868217054263, 31.97674418604651, 31.97674418604651, 31.972868217054266, 31.976744186046513, 31.968992248062015, 31.96511627906977, 31.972868217054263, 31.98062015503876, 31.968992248062015, 31.980620155038757, 31.976744186046513, 31.98449612403101, 31.98837209302326, 31.984496124031008, 31.96511627906977, 31.98837209302326, 31.97674418604651, 31.980620155038757, 31.980620155038757, 31.980620155038757, 31.98062015503876, 31.972868217054263, 31.97674418604651, 31.980620155038757, 31.972868217054263, 31.97674418604651, 31.972868217054263, 31.980620155038757, 31.984496124031008, 31.968992248062015, 31.98062015503876, 31.97674418604651, 31.97674418604651, 31.97674418604651, 31.98062015503876, 31.97674418604651, 31.98062015503876, 31.98449612403101, 31.98449612403101, 31.972868217054266, 31.972868217054266, 31.976744186046513, 31.972868217054263, 31.972868217054263, 31.97674418604651, 31.984496124031008, 31.98449612403101, 31.98837209302326, 31.996124031007753, 31.98837209302326, 31.992248062015506, 31.98837209302326, 31.98837209302326, 31.97674418604651, 31.980620155038757, 31.984496124031008, 31.968992248062015, 31.984496124031008, 31.984496124031008, 31.97674418604651, 31.980620155038757, 31.972868217054263, 31.980620155038757, 31.984496124031008, 31.972868217054263, 31.980620155038757, 31.972868217054263, 31.98062015503876, 31.98062015503876, 31.984496124031008, 31.984496124031008, 31.98837209302326, 31.984496124031008, 31.968992248062015, 31.976744186046513, 31.984496124031008, 31.972868217054263, 31.984496124031008, 31.968992248062015, 31.968992248062015, 31.980620155038757, 31.984496124031008, 31.984496124031008, 31.98062015503876, 31.972868217054263, 31.968992248062015, 31.97674418604651, 31.972868217054263, 31.972868217054263, 31.972868217054263, 31.972868217054263, 31.972868217054263, 31.972868217054263, 31.95736434108527, 31.968992248062015, 31.972868217054263, 31.972868217054263, 31.98062015503876, 31.968992248062015, 31.97674418604651, 31.984496124031008, 31.984496124031008, 31.984496124031008, 31.97674418604651, 31.984496124031008, 31.984496124031008, 31.980620155038757, 31.972868217054263, 31.97674418604651, 31.980620155038757, 31.97674418604651, 31.980620155038757, 31.97674418604651, 31.97674418604651, 31.980620155038757, 31.972868217054263, 31.97674418604651, 31.968992248062015, 31.97674418604651, 31.972868217054263, 31.97674418604651, 31.972868217054263, 31.968992248062015, 31.968992248062015, 31.968992248062015, 31.968992248062015, 31.968992248062015, 31.972868217054263, 31.968992248062015, 31.97674418604651, 31.980620155038757, 31.972868217054263, 31.980620155038757, 31.97674418604651, 31.97674418604651, 31.972868217054263, 31.968992248062015, 31.96511627906977, 31.97674418604651, 31.980620155038757, 31.984496124031008, 31.98062015503876, 31.972868217054263, 31.972868217054263, 31.984496124031008, 31.984496124031008, 31.980620155038757, 31.984496124031008]",0.9003665816263344,0.9207275444088059,32,"[33, 33, 33, 33, 33, 33, 33, 33, 33, 33, 33, 33, 33, 33, 33, 33, 33, 33, 33, 33, 33, 33, 33, 33, 33, 33, 33, 33, 33, 33, 33, 33, 33, 33, 33, 33, 33, 33, 33, 33, 33, 33, 33, 33, 33, 33, 33, 33, 33, 33, 33, 33, 33, 33, 33, 33, 33, 33, 33, 33, 33, 33, 33, 33, 33, 33, 33, 33, 33, 33, 33, 33, 33, 33, 33, 33, 33, 33, 33, 33, 33, 33, 33, 33, 33, 33, 33, 33, 33, 33, 33, 33, 33, 33, 33, 33, 33, 33, 33, 33, 33, 33, 33, 33, 33, 33, 33, 33, 33, 33, 33, 33, 33, 33, 33, 33, 33, 33, 33, 33, 33, 33, 33, 33, 33, 33, 33, 33, 33, 33, 33, 33, 33, 33, 33, 33, 33, 33, 33, 33, 33, 33, 33, 33, 33, 33, 33, 33, 33, 33, 33, 33, 33, 33, 33, 33, 33, 33, 33, 33, 33, 33, 33, 33, 33, 33, 33, 33, 33, 33, 33, 33, 33, 33, 33, 33, 33, 33, 33, 33, 33, 33, 33, 33, 33, 33, 33, 33, 33, 33, 33, 33, 33, 33, 33, 33, 33, 33, 33, 33, 33, 33, 33, 33, 33, 33, 33, 33, 33, 33, 33, 33, 33, 33, 33, 33, 33, 33, 33, 33, 33, 33, 33, 33, 33, 33, 33, 33, 33, 33, 33, 33, 33, 33, 33, 33, 33, 32, 32, 32, 32, 32, 32, 32, 32, 32, 32, 32, 32, 32, 32, 32, 32, 32, 32, 32, 32, 32, 32, 32, 32, 32, 32, 32, 32, 32, 32, 32, 32, 32, 32, 32, 32, 32, 32, 32, 32, 32, 32, 32, 32, 32, 32, 32, 32, 32, 32, 32, 32, 32, 32, 32, 32, 32, 32, 32, 32, 32, 32, 32, 32, 32, 32, 32, 32, 32, 32, 32, 32, 32, 32, 32, 32, 32, 32, 32, 32, 32, 32, 32, 32, 32, 32, 32, 32, 32, 32, 32, 32, 32, 32, 32, 32, 32, 32, 32, 32, 32, 32, 32, 32, 32, 32, 32, 32, 32, 32, 32, 32, 32, 32, 32, 32, 32, 32, 32, 32, 32, 32, 32, 32, 32, 32, 32, 32, 32, 32, 32, 32, 32, 32, 32, 32, 32, 32, 32, 32, 32, 32, 32, 32, 32, 32, 32, 32, 32, 32, 32, 32, 32, 32, 32, 32, 32, 32, 32, 32, 32, 32, 32, 32, 32, 32, 32, 32, 32, 32, 32, 32, 32, 32, 32, 32, 32, 32]",415,"[0.3628884255886078, 0.503345787525177, 0.32119983434677124, 0.29076090455055237, 0.24876226484775543, 0.22675825655460358, 0.2177862673997879, 0.22029761970043182, 0.2019793689250946, 0.28333696722984314, 0.2340308427810669, 0.1977255642414093, 0.2107599973678589, 0.21460974216461182, 0.1979254186153412, 0.19774694740772247, 0.19939830899238586, 0.24009227752685547, 0.21450170874595642, 0.1915852427482605, 0.19376075267791748, 0.1906728595495224, 0.21048861742019653, 0.205825075507164, 0.17877794802188873, 0.18072421848773956, 0.18663902580738068, 0.20220525562763214, 0.20983153581619263, 0.21395303308963776, 0.18521709740161896, 0.19048671424388885, 0.18759998679161072, 0.20238374173641205, 0.17935596406459808, 0.2300962656736374, 0.26367059350013733, 0.24114663898944855, 0.19915936887264252, 0.19228149950504303, 0.1890154480934143, 0.19762447476387024, 0.20565558969974518, 0.20551320910453796, 0.26859280467033386, 0.2052343189716339, 0.20232568681240082, 0.2590734362602234, 0.21831783652305603, 0.2076091766357422, 0.21289725601673126, 0.25490546226501465, 0.21911855041980743, 0.23805612325668335, 0.21087299287319183, 0.2279013991355896, 0.22705398499965668, 0.2324504256248474, 0.21613754332065582, 0.2253543883562088, 0.21468092501163483, 0.2251703441143036, 0.21966557204723358, 0.21967613697052002, 0.28099068999290466, 0.2351306974887848, 0.24012130498886108, 0.2381967306137085, 0.23930548131465912, 0.25310018658638, 0.2720491886138916, 0.22998271882534027, 0.24327224493026733, 0.2405567318201065, 0.25574254989624023, 0.24518361687660217, 0.24429082870483398, 0.25458085536956787, 0.27295365929603577, 0.25739309191703796, 0.26582443714141846, 0.27907994389533997, 0.25154536962509155, 0.24925750494003296, 0.25437256693840027, 0.272525817155838, 0.2721711993217468, 0.2985563278198242, 0.2836642265319824, 0.33038395643234253, 0.2806693911552429, 0.28506195545196533, 0.28175243735313416, 0.31374621391296387, 0.2820368707180023, 0.2840271592140198, 0.2861219644546509, 0.28384047746658325, 0.28928643465042114, 0.2969738245010376, 0.28735867142677307, 0.29593518376350403, 0.285887211561203, 0.29648569226264954, 0.2992299199104309, 0.3084942698478699, 0.29795411229133606, 0.30678069591522217, 0.29614439606666565, 0.3123805820941925, 0.3298327922821045, 0.3217869699001312, 0.3055529296398163, 0.3139982223510742, 0.31367671489715576, 0.3164963722229004, 0.3249918222427368, 0.31882306933403015, 0.3219189941883087, 0.32293346524238586, 0.32806843519210815, 0.3328535854816437, 0.32574957609176636, 0.33200427889823914, 0.3351973593235016, 0.32870057225227356, 0.32886847853660583, 0.3331850469112396, 0.3326009511947632, 0.33895954489707947, 0.3377804160118103, 0.34139445424079895, 0.34448814392089844, 0.34038710594177246, 0.34255900979042053, 0.3476368188858032, 0.35025253891944885, 0.347313791513443, 0.35016483068466187, 0.3494233191013336, 0.3587491512298584, 0.3502427339553833, 0.3562369644641876, 0.3551705479621887, 0.35338228940963745, 0.36151713132858276, 0.36082959175109863, 0.35755226016044617, 0.3617422878742218, 0.3682807981967926, 0.3685576617717743, 0.3692924976348877, 0.36516639590263367, 0.3660791516304016, 0.3654758930206299, 0.36745986342430115, 0.37216129899024963, 0.3675529360771179, 0.36928582191467285, 0.3748566806316376, 0.370817095041275, 0.3723719120025635, 0.3747139275074005, 0.3750342130661011, 0.3767137825489044, 0.3806706368923187, 0.3763589560985565, 0.3792070746421814, 0.3778228461742401, 0.38056960701942444, 0.38405516743659973, 0.3811480700969696, 0.3854335844516754, 0.38218775391578674, 0.38480377197265625, 0.3857058584690094, 0.385704904794693, 0.38666778802871704, 0.38773927092552185, 0.3855447769165039, 0.3872780203819275, 0.38840699195861816, 0.38975536823272705, 0.3931834399700165, 0.39155417680740356, 0.3899882137775421, 0.39445582032203674, 0.3938336670398712, 0.3950766623020172, 0.39358386397361755, 0.39502379298210144, 0.3940819203853607, 0.39827167987823486, 0.39716824889183044, 0.39647433161735535, 0.39694568514823914, 0.3999131917953491, 0.3995688557624817, 0.401394248008728, 0.40138936042785645, 0.40203866362571716, 0.4013409912586212, 0.401931494474411, 0.40361565351486206, 0.4020431935787201, 0.4033467471599579, 0.4051717519760132, 0.40276896953582764, 0.407435804605484, 0.40680962800979614, 0.4058131277561188, 0.40614086389541626, 0.40784457325935364, 0.40812546014785767, 0.4098145365715027, 0.4099361002445221, 0.4109466075897217, 0.4096229672431946, 0.41070541739463806, 0.41205188632011414, 0.4140225946903229, 0.4107534885406494, 0.4127606153488159, 0.4113222062587738, 0.41297397017478943, 0.4145297706127167, 0.4140542149543762, 0.41504257917404175, 0.41572311520576477, 0.4153303802013397, 0.41619789600372314, 0.41620633006095886, 0.4168274402618408, 0.4175914525985718, 0.4184175133705139, 0.4179811179637909, 0.42091885209083557, 0.4193035960197449, 0.418812096118927, 0.4210447371006012, 0.42097899317741394, 0.4220917522907257, 0.42234519124031067, 0.42257049679756165, 0.4218797981739044, 0.42332303524017334, 0.42543113231658936, 0.42325323820114136, 0.4230062961578369, 0.4224500358104706, 0.4250127673149109, 0.42489951848983765, 0.42560550570487976, 0.42671969532966614, 0.42759203910827637, 0.42558369040489197, 0.4262121319770813, 0.4262833893299103, 0.4266831576824188, 0.42858973145484924, 0.4293127954006195, 0.42791908979415894, 0.42817234992980957, 0.4287205636501312, 0.4306921362876892, 0.4307170510292053, 0.429920494556427, 0.43138572573661804, 0.430433452129364, 0.4318496286869049, 0.43115121126174927, 0.4312760531902313, 0.4312702417373657, 0.43247905373573303, 0.4323241710662842, 0.43319594860076904, 0.4333568811416626, 0.43361812829971313, 0.43354663252830505, 0.43295738101005554, 0.43328434228897095, 0.43495842814445496, 0.43489089608192444, 0.4346795976161957, 0.4363398849964142, 0.43584227561950684, 0.43663471937179565, 0.4369097948074341, 0.4381798803806305, 0.43723610043525696, 0.4382723271846771, 0.4370100498199463, 0.43775123357772827, 0.43888363242149353, 0.4383028745651245, 0.4389529526233673, 0.44082263112068176, 0.4395633637905121, 0.4407174587249756, 0.4394248127937317, 0.4399610757827759, 0.44007110595703125, 0.4409119486808777, 0.44170448184013367, 0.4429876208305359, 0.4415569603443146, 0.44134390354156494, 0.44285738468170166, 0.4430451989173889, 0.44392481446266174, 0.4423846900463104, 0.44326138496398926, 0.4442419409751892, 0.4433283507823944, 0.4442315399646759, 0.4447046220302582, 0.4453658163547516, 0.4457443654537201, 0.44623658061027527, 0.44565293192863464, 0.44634562730789185, 0.4462931454181671, 0.44679591059684753, 0.4465903341770172, 0.44749337434768677, 0.4474309980869293, 0.4471054971218109, 0.44753989577293396, 0.4486348032951355, 0.44894421100616455, 0.44767215847969055, 0.44904255867004395, 0.44996973872184753, 0.44888344407081604, 0.4496876895427704, 0.44893360137939453, 0.44911301136016846, 0.45002901554107666, 0.45004814863204956, 0.45045047998428345, 0.44992756843566895, 0.45039254426956177, 0.4516201317310333, 0.4512422978878021, 0.4523439407348633, 0.45147478580474854, 0.45179349184036255, 0.45193034410476685, 0.45256707072257996, 0.4525240957736969, 0.4531155526638031, 0.4538906514644623, 0.4529252350330353, 0.4526757299900055, 0.4542388617992401, 0.45360973477363586, 0.4532690942287445, 0.45564553141593933, 0.4542708098888397, 0.45364394783973694, 0.45430731773376465, 0.45448794960975647, 0.45399513840675354, 0.45520728826522827, 0.45537012815475464, 0.4548518657684326, 0.4557981491088867, 0.45479294657707214, 0.45554596185684204, 0.4558067321777344, 0.4558793306350708, 0.4566952586174011, 0.4572966694831848, 0.4561242163181305, 0.45685333013534546, 0.45701780915260315, 0.4566037654876709, 0.4572349190711975, 0.4571930766105652, 0.45758897066116333, 0.45758625864982605, 0.4585075080394745, 0.45845240354537964, 0.45871978998184204, 0.4583914875984192, 0.457999587059021, 0.45933282375335693, 0.45941853523254395, 0.4595274329185486, 0.46041470766067505, 0.45952317118644714, 0.46033385396003723, 0.4599463641643524, 0.45987242460250854, 0.46013495326042175, 0.4600071310997009, 0.4603213965892792, 0.46048617362976074, 0.46037542819976807, 0.46135449409484863, 0.46134108304977417, 0.4617463946342468, 0.4619974195957184, 0.46178194880485535, 0.46166080236434937, 0.4628583788871765, 0.46211981773376465, 0.4620139002799988, 0.4626259505748749, 0.46279168128967285, 0.46324747800827026, 0.4632963538169861, 0.463021844625473, 0.46385303139686584, 0.463797390460968]",32.0,"[33.0, 33.0, 33.0, 33.0, 33.0, 33.0, 33.0, 33.0, 33.0, 33.0, 33.0, 33.0, 33.0, 33.0, 33.0, 33.0, 33.0, 33.0, 33.0, 33.0, 33.0, 33.0, 33.0, 33.0, 33.0, 33.0, 33.0, 33.0, 33.0, 33.0, 33.0, 33.0, 33.0, 33.0, 33.0, 33.0, 33.0, 33.0, 33.0, 33.0, 33.0, 33.0, 33.0, 33.0, 33.0, 33.0, 33.0, 33.0, 33.0, 33.0, 33.0, 33.0, 33.0, 33.0, 33.0, 33.0, 33.0, 33.0, 33.0, 33.0, 33.0, 33.0, 33.0, 33.0, 33.0, 33.0, 33.0, 33.0, 33.0, 33.0, 33.0, 33.0, 33.0, 33.0, 33.0, 33.0, 33.0, 33.0, 33.0, 33.0, 33.0, 33.0, 33.0, 33.0, 33.0, 33.0, 33.0, 33.0, 33.0, 33.0, 33.0, 33.0, 33.0, 33.0, 33.0, 33.0, 33.0, 33.0, 33.0, 33.0, 33.0, 33.0, 33.0, 33.0, 33.0, 33.0, 33.0, 33.0, 33.0, 33.0, 33.0, 33.0, 33.0, 33.0, 33.0, 33.0, 33.0, 33.0, 33.0, 33.0, 33.0, 33.0, 33.0, 33.0, 33.0, 33.0, 33.0, 33.0, 33.0, 33.0, 33.0, 33.0, 33.0, 33.0, 33.0, 33.0, 33.0, 33.0, 33.0, 33.0, 33.0, 33.0, 33.0, 33.0, 33.0, 33.0, 33.0, 33.0, 33.0, 33.0, 33.0, 33.0, 33.0, 33.0, 33.0, 33.0, 33.0, 33.0, 33.0, 33.0, 33.0, 33.0, 33.0, 33.0, 33.0, 33.0, 33.0, 33.0, 33.0, 33.0, 33.0, 33.0, 33.0, 33.0, 33.0, 33.0, 33.0, 33.0, 33.0, 33.0, 33.0, 33.0, 33.0, 33.0, 33.0, 33.0, 33.0, 33.0, 33.0, 33.0, 33.0, 33.0, 33.0, 33.0, 33.0, 33.0, 33.0, 33.0, 33.0, 33.0, 33.0, 33.0, 