,number,value,datetime_start,datetime_complete,duration,params_batch_size_scaler,params_constant_learning_rate,params_depth,params_epochs,params_kernel_l2,params_num_trees,params_temperature,user_attrs_accuracy_test,user_attrs_accuracy_valid,user_attrs_approximate_feature_sparsity,user_attrs_approximate_feature_sparsity_history,user_attrs_approximate_weight_sparsity,user_attrs_approximate_weight_sparsity_history,user_attrs_auc_test,user_attrs_auc_valid,user_attrs_feature_sparsity,user_attrs_feature_sparsity_history,user_attrs_num_epochs,user_attrs_val_loss_history,user_attrs_weight_sparsity,user_attrs_weight_sparsity_history,state
155,155,0.9271425075034457,2024-08-31 07:24:16.688443,2024-08-31 07:25:17.284006,0 days 00:01:00.595563,1,0.034027223617118414,1,190,0.0013341153738887545,9,0.0007032746155418007,0.947,0.945,27,"[33, 32, 32, 32, 31, 31, 31, 31, 31, 31, 31, 31, 31, 31, 31, 31, 31, 31, 31, 31, 31, 31, 31, 31, 31, 31, 31, 31, 31, 30, 30, 30, 30, 30, 30, 30, 30, 30, 30, 30, 29, 29, 29, 29, 29, 29, 29, 29, 29, 29, 29, 29, 29, 29, 29, 29, 29, 29, 29, 29, 29, 28, 28, 28, 28, 28, 28, 28, 28, 28, 28, 28, 28, 28, 28, 28, 28, 28, 28, 28, 28, 28, 28, 28, 28, 28, 28, 28, 28, 28, 28, 28, 28, 28, 28, 28, 28, 28, 28, 28, 28, 28, 28, 28, 28, 28, 28, 28, 28, 28, 28, 28, 28, 28, 28, 28, 28, 28, 28, 28, 27, 27, 27, 27, 27, 27, 27, 27, 27, 27, 27, 27, 27, 27, 27, 27, 27, 27, 27, 27, 27, 27, 27, 27, 27, 27, 27, 27, 27, 27, 27, 27, 27, 27, 27, 27, 27, 27, 27, 27, 27, 27, 27, 27, 27, 27, 27, 27, 27, 27, 27, 27, 27, 27, 27, 27, 27, 27, 27, 27, 27, 27, 27, 27, 27, 27, 27, 27, 27, 27]",27.0,"[33.0, 32.0, 32.0, 32.0, 31.0, 30.88888888888889, 31.0, 31.0, 31.0, 31.0, 31.0, 31.0, 31.0, 31.0, 31.0, 31.0, 30.88888888888889, 31.0, 31.0, 30.88888888888889, 31.0, 31.0, 31.0, 31.0, 31.0, 31.0, 31.0, 31.0, 31.0, 29.88888888888889, 30.0, 30.0, 30.0, 30.0, 30.0, 30.0, 30.0, 30.0, 30.0, 30.0, 29.0, 28.88888888888889, 29.0, 29.0, 29.0, 29.0, 29.0, 28.88888888888889, 29.0, 29.0, 29.0, 29.0, 29.0, 29.0, 29.0, 29.0, 29.0, 29.0, 29.0, 29.0, 29.0, 28.0, 28.0, 28.0, 28.0, 28.0, 28.0, 28.0, 28.0, 28.0, 28.0, 28.0, 28.0, 27.88888888888889, 28.0, 28.0, 28.0, 28.0, 28.0, 28.0, 28.0, 28.0, 28.0, 28.0, 28.0, 28.0, 28.0, 28.0, 28.0, 28.0, 27.88888888888889, 28.0, 28.0, 28.0, 28.0, 28.0, 28.0, 28.0, 28.0, 28.0, 28.0, 28.0, 28.0, 28.0, 28.0, 28.0, 28.0, 28.0, 28.0, 28.0, 28.0, 28.0, 27.88888888888889, 28.0, 28.0, 28.0, 28.0, 28.0, 28.0, 28.0, 27.0, 27.0, 26.88888888888889, 26.88888888888889, 27.0, 27.0, 27.0, 26.88888888888889, 27.0, 27.0, 27.0, 27.0, 27.0, 27.0, 27.0, 27.0, 27.0, 27.0, 27.0, 27.0, 27.0, 27.0, 27.0, 27.0, 27.0, 27.0, 26.88888888888889, 27.0, 27.0, 27.0, 27.0, 26.88888888888889, 26.77777777777778, 27.0, 27.0, 27.0, 27.0, 27.0, 27.0, 27.0, 27.0, 27.0, 26.88888888888889, 27.0, 27.0, 27.0, 27.0, 27.0, 27.0, 27.0, 27.0, 27.0, 27.0, 27.0, 27.0, 27.0, 27.0, 27.0, 26.88888888888889, 27.0, 27.0, 27.0, 27.0, 27.0, 27.0, 27.0, 27.0, 27.0, 27.0, 27.0]",0.921251001081581,0.9271425075034457,27,"[33, 32, 32, 32, 31, 31, 31, 31, 31, 31, 31, 31, 31, 31, 31, 31, 31, 31, 31, 31, 31, 31, 31, 31, 31, 31, 31, 31, 31, 30, 30, 30, 30, 30, 30, 30, 30, 30, 30, 30, 29, 29, 29, 29, 29, 29, 29, 29, 29, 29, 29, 29, 29, 29, 29, 29, 29, 29, 29, 29, 29, 28, 28, 28, 28, 28, 28, 28, 28, 28, 28, 28, 28, 28, 28, 28, 28, 28, 28, 28, 28, 28, 28, 28, 28, 28, 28, 28, 28, 28, 28, 28, 28, 28, 28, 28, 28, 28, 28, 28, 28, 28, 28, 28, 28, 28, 28, 28, 28, 28, 28, 28, 28, 28, 28, 28, 28, 28, 28, 28, 27, 27, 27, 27, 27, 27, 27, 27, 27, 27, 27, 27, 27, 27, 27, 27, 27, 27, 27, 27, 27, 27, 27, 27, 27, 27, 27, 27, 27, 27, 27, 27, 27, 27, 27, 27, 27, 27, 27, 27, 27, 27, 27, 27, 27, 27, 27, 27, 27, 27, 27, 27, 27, 27, 27, 27, 27, 27, 27, 27, 27, 27, 27, 27, 27, 27, 27, 27, 27, 27]",190,"[0.40343812108039856, 0.3890223801136017, 0.3813348412513733, 0.37181949615478516, 0.36575743556022644, 0.3603454530239105, 0.35666993260383606, 0.35071131587028503, 0.34668204188346863, 0.342989057302475, 0.33923834562301636, 0.33848798274993896, 0.33440738916397095, 0.3341752290725708, 0.3298003077507019, 0.32857319712638855, 0.327128529548645, 0.32580652832984924, 0.32495003938674927, 0.322046160697937, 0.32384568452835083, 0.3191663324832916, 0.31905925273895264, 0.3174557387828827, 0.31505095958709717, 0.31368333101272583, 0.3122628331184387, 0.31219521164894104, 0.3084394335746765, 0.30539876222610474, 0.30271607637405396, 0.2969687879085541, 0.2924354076385498, 0.28681251406669617, 0.28190088272094727, 0.2768346071243286, 0.2727978825569153, 0.2679954469203949, 0.26233339309692383, 0.25827351212501526, 0.25352975726127625, 0.25114595890045166, 0.2469106912612915, 0.24534259736537933, 0.24365684390068054, 0.24076204001903534, 0.23786209523677826, 0.23574748635292053, 0.2343083620071411, 0.23198184370994568, 0.23109647631645203, 0.22809578478336334, 0.2271193563938141, 0.2297353893518448, 0.22791138291358948, 0.22383630275726318, 0.22266270220279694, 0.21986395120620728, 0.22167600691318512, 0.21872751414775848, 0.2204614132642746, 0.2197723388671875, 0.21559301018714905, 0.21583501994609833, 0.214708149433136, 0.21481890976428986, 0.21185140311717987, 0.21254028379917145, 0.2135273814201355, 0.21106278896331787, 0.2102188915014267, 0.20858485996723175, 0.20780624449253082, 0.20843033492565155, 0.20638011395931244, 0.2073441743850708, 0.20771995186805725, 0.20748025178909302, 0.20537887513637543, 0.20458699762821198, 0.2036508172750473, 0.20467056334018707, 0.20458781719207764, 0.20282121002674103, 0.20460855960845947, 0.20310372114181519, 0.2008505016565323, 0.20232833921909332, 0.20090818405151367, 0.20060375332832336, 0.2005109041929245, 0.2009246051311493, 0.2017366737127304, 0.19892793893814087, 0.20341990888118744, 0.19921784102916718, 0.19747047126293182, 0.19765914976596832, 0.20000587403774261, 0.19784070551395416, 0.20200294256210327, 0.1984877735376358, 0.19667965173721313, 0.1961778849363327, 0.20000991225242615, 0.19988103210926056, 0.19785885512828827, 0.1942470371723175, 0.1994374394416809, 0.19517464935779572, 0.19686263799667358, 0.19568508863449097, 0.1961362510919571, 0.19606313109397888, 0.19668634235858917, 0.19785352051258087, 0.19588178396224976, 0.19451627135276794, 0.19347186386585236, 0.1974392831325531, 0.19471736252307892, 0.19383874535560608, 0.19479677081108093, 0.19453582167625427, 0.1952698528766632, 0.1950531005859375, 0.19245316088199615, 0.19848065078258514, 0.19338947534561157, 0.1932799220085144, 0.1947108805179596, 0.19554519653320312, 0.1940174102783203, 0.19417273998260498, 0.1939331591129303, 0.19396322965621948, 0.19345591962337494, 0.19321522116661072, 0.19326400756835938, 0.19767937064170837, 0.1913943737745285, 0.1923779994249344, 0.18910326063632965, 0.1955336034297943, 0.19175727665424347, 0.19571596384048462, 0.19390054047107697, 0.1912350207567215, 0.19120164215564728, 0.19026492536067963, 0.18864084780216217, 0.1922152191400528, 0.18802747130393982, 0.1898137927055359, 0.19146408140659332, 0.18823298811912537, 0.18684931099414825, 0.18769122660160065, 0.19171880185604095, 0.1934376358985901, 0.18774664402008057, 0.18646350502967834, 0.19026777148246765, 0.1895924210548401, 0.18701930344104767, 0.19200003147125244, 0.19254173338413239, 0.18591703474521637, 0.18728923797607422, 0.186767116189003, 0.18601638078689575, 0.18746575713157654, 0.18840470910072327, 0.1861259788274765, 0.18692883849143982, 0.18410851061344147, 0.18638303875923157, 0.18483620882034302, 0.189982607960701, 0.18527984619140625, 0.18427890539169312, 0.1876647025346756, 0.18537713587284088, 0.18523715436458588, 0.18651315569877625, 0.18769718706607819, 0.187242329120636, 0.18419569730758667, 0.18389253318309784, 0.18843130767345428]",27.0,"[33.0, 32.0, 32.0, 32.0, 31.0, 31.0, 31.0, 31.0, 31.0, 31.0, 31.0, 31.0, 31.0, 31.0, 31.0, 31.0, 31.0, 31.0, 31.0, 31.0, 31.0, 31.0, 31.0, 31.0, 31.0, 31.0, 31.0, 31.0, 31.0, 30.0, 30.0, 30.0, 30.0, 30.0, 30.0, 30.0, 30.0, 30.0, 30.0, 30.0, 29.0, 29.0, 29.0, 29.0, 29.0, 29.0, 29.0, 29.0, 29.0, 29.0, 29.0, 29.0, 29.0, 29.0, 29.0, 29.0, 29.0, 29.0, 29.0, 29.0, 29.0, 28.0, 28.0, 28.0, 28.0, 28.0, 28.0, 28.0, 28.0, 28.0, 28.0, 28.0, 28.0, 28.0, 28.0, 28.0, 28.0, 28.0, 28.0, 28.0, 28.0, 28.0, 28.0, 28.0, 28.0, 28.0, 28.0, 28.0, 28.0, 28.0, 28.0, 28.0, 28.0, 28.0, 28.0, 28.0, 28.0, 28.0, 28.0, 28.0, 28.0, 28.0, 28.0, 28.0, 28.0, 28.0, 28.0, 28.0, 28.0, 28.0, 28.0, 28.0, 28.0, 28.0, 28.0, 28.0, 28.0, 28.0, 28.0, 28.0, 27.0, 27.0, 27.0, 27.0, 27.0, 27.0, 27.0, 27.0, 27.0, 27.0, 27.0, 27.0, 27.0, 27.0, 27.0, 27.0, 27.0, 27.0, 27.0, 27.0, 27.0, 27.0, 27.0, 27.0, 27.0, 27.0, 27.0, 27.0, 27.0, 27.0, 27.0, 27.0, 27.0, 27.0, 27.0, 27.0, 27.0, 27.0, 27.0, 27.0, 27.0, 27.0, 27.0, 27.0, 27.0, 27.0, 27.0, 27.0, 27.0, 27.0, 27.0, 27.0, 27.0, 27.0, 27.0, 27.0, 27.0, 27.0, 27.0, 27.0, 27.0, 27.0, 27.0, 27.0, 27.0, 27.0, 27.0, 27.0, 27.0, 27.0]",COMPLETE
