,number,value,datetime_start,datetime_complete,duration,params_batch_size_scaler,params_constant_learning_rate,params_depth,params_epochs,params_kernel_l2,params_num_trees,params_temperature,user_attrs_accuracy_test,user_attrs_accuracy_valid,user_attrs_approximate_feature_sparsity,user_attrs_approximate_feature_sparsity_history,user_attrs_approximate_weight_sparsity,user_attrs_approximate_weight_sparsity_history,user_attrs_auc_test,user_attrs_auc_valid,user_attrs_feature_sparsity,user_attrs_feature_sparsity_history,user_attrs_num_epochs,user_attrs_val_loss_history,user_attrs_weight_sparsity,user_attrs_weight_sparsity_history,state
169,169,0.5,2024-08-31 07:49:07.434818,2024-08-31 07:57:31.186576,0 days 00:08:23.751758,4,3.970950349945226,6,315,0.2409573582159314,54,0.0005049971835348108,0.859,0.85875,0,"[33, 33, 24, 15, 15, 15, 14, 13, 13, 13, 13, 13, 11, 9, 9, 9, 9, 8, 8, 8, 8, 8, 7, 7, 7, 6, 6, 6, 6, 6, 6, 6, 6, 6, 3, 3, 2, 2, 2, 2, 2, 1, 1, 0, 0, 0, 0, 0, 0, 0, 0, 0, 0, 0, 0, 0, 0, 0, 0, 0, 0, 0, 0, 0, 0, 0, 0, 0, 0, 0, 0, 0, 0, 0, 0, 0, 0, 0, 0, 0, 0, 0, 0, 0, 0, 0, 0, 0, 0, 0, 0, 0, 0, 0, 0, 0, 0, 0, 0, 0, 0, 0, 0, 0, 0, 0, 0, 0, 0, 0, 0, 0, 0, 0, 0, 0, 0, 0, 0, 0, 0, 0, 0, 0, 0, 0, 0, 0, 0, 0, 0, 0, 0, 0, 0, 0, 0, 0, 0, 0, 0, 0, 0, 0, 0, 0, 0, 0, 0, 0, 0, 0, 0, 0, 0, 0, 0, 0, 0, 0, 0, 0, 0, 0, 0, 0, 0, 0, 0, 0, 0, 0, 0, 0, 0, 0, 0, 0, 0, 0, 0, 0, 0, 0, 0, 0, 0, 0, 0, 0, 0, 0, 0, 0, 0, 0, 0, 0, 0, 0, 0, 0, 0, 0, 0, 0, 0, 0, 0, 0, 0, 0, 0, 0, 0, 0, 0, 0, 0, 0, 0, 0, 0, 0, 0, 0, 0, 0, 0, 0, 0, 0, 0, 0, 0, 0, 0, 0, 0, 0, 0, 0, 0, 0, 0, 0, 0, 0, 0, 0, 0, 0, 0, 0, 0, 0, 0, 0, 0, 0, 0, 0, 0, 0, 0, 0, 0, 0, 0, 0, 0, 0, 0, 0, 0, 0, 0, 0, 0, 0, 0, 0, 0, 0, 0, 0, 0, 0, 0, 0, 0, 0, 0, 0, 0, 0, 0, 0, 0, 0, 0, 0, 0, 0, 0, 0, 0, 0, 0, 0, 0, 0, 0, 0, 0]",0.0,"[32.92886537330982, 32.918577307466194, 23.93298059964727, 14.966784244562021, 14.965608465608465, 14.962962962962964, 13.961787184009408, 12.971193415637858, 12.973251028806585, 12.969429747207524, 12.970311581422692, 12.969429747207524, 10.971487360376248, 8.975896531452086, 8.973838918283363, 8.977954144620812, 8.975308641975309, 7.980893592004703, 7.975896531452087, 7.980305702527925, 7.976190476190476, 7.980011757789535, 6.982951205173428, 6.977954144620812, 6.980893592004703, 5.9829512051734275, 5.980305702527924, 5.981775426219871, 5.981775426219871, 5.97854203409759, 5.980305702527925, 5.979423868312757, 5.977366255144033, 5.980011757789535, 2.990593768371546, 2.9891240446796004, 1.9947089947089947, 1.9947089947089947, 1.9938271604938271, 1.9926513815402704, 1.9911816578483243, 0.9952968841857731, 0.9947089947089947, 0.0, 0.0, 0.0, 0.0, 0.0, 0.0, 0.0, 0.0, 0.0, 0.0, 0.0, 0.0, 0.0, 0.0, 0.0, 0.0, 0.0, 0.0, 0.0, 0.0, 0.0, 0.0, 0.0, 0.0, 0.0, 0.0, 0.0, 0.0, 0.0, 0.0, 0.0, 0.0, 0.0, 0.0, 0.0, 0.0, 0.0, 0.0, 0.0, 0.0, 0.0, 0.0, 0.0, 0.0, 0.0, 0.0, 0.0, 0.0, 0.0, 0.0, 0.0, 0.0, 0.0, 0.0, 0.0, 0.0, 0.0, 0.0, 0.0, 0.0, 0.0, 0.0, 0.0, 0.0, 0.0, 0.0, 0.0, 0.0, 0.0, 0.0, 0.0, 0.0, 0.0, 0.0, 0.0, 0.0, 0.0, 0.0, 0.0, 0.0, 0.0, 0.0, 0.0, 0.0, 0.0, 0.0, 0.0, 0.0, 0.0, 0.0, 0.0, 0.0, 0.0, 0.0, 0.0, 0.0, 0.0, 0.0, 0.0, 0.0, 0.0, 0.0, 0.0, 0.0, 0.0, 0.0, 0.0, 0.0, 0.0, 0.0, 0.0, 0.0, 0.0, 0.0, 0.0, 0.0, 0.0, 0.0, 0.0, 0.0, 0.0, 0.0, 0.0, 0.0, 0.0, 0.0, 0.0, 0.0, 0.0, 0.0, 0.0, 0.0, 0.0, 0.0, 0.0, 0.0, 0.0, 0.0, 0.0, 0.0, 0.0, 0.0, 0.0, 0.0, 0.0, 0.0, 0.0, 0.0, 0.0, 0.0, 0.0, 0.0, 0.0, 0.0, 0.0, 0.0, 0.0, 0.0, 0.0, 0.0, 0.0, 0.0, 0.0, 0.0, 0.0, 0.0, 0.0, 0.0, 0.0, 0.0, 0.0, 0.0, 0.0, 0.0, 0.0, 0.0, 0.0, 0.0, 0.0, 0.0, 0.0, 0.0, 0.0, 0.0, 0.0, 0.0, 0.0, 0.0, 0.0, 0.0, 0.0, 0.0, 0.0, 0.0, 0.0, 0.0, 0.0, 0.0, 0.0, 0.0, 0.0, 0.0, 0.0, 0.0, 0.0, 0.0, 0.0, 0.0, 0.0, 0.0, 0.0, 0.0, 0.0, 0.0, 0.0, 0.0, 0.0, 0.0, 0.0, 0.0, 0.0, 0.0, 0.0, 0.0, 0.0, 0.0, 0.0, 0.0, 0.0, 0.0, 0.0, 0.0, 0.0, 0.0, 0.0, 0.0, 0.0, 0.0, 0.0, 0.0, 0.0, 0.0, 0.0, 0.0, 0.0, 0.0, 0.0, 0.0, 0.0, 0.0, 0.0, 0.0, 0.0, 0.0, 0.0, 0.0, 0.0, 0.0, 0.0, 0.0, 0.0, 0.0, 0.0, 0.0, 0.0, 0.0, 0.0, 0.0, 0.0, 0.0, 0.0, 0.0]",0.5,0.5,0,"[33, 33, 24, 15, 15, 15, 14, 13, 13, 13, 13, 13, 11, 9, 9, 9, 9, 8, 8, 8, 8, 8, 7, 7, 7, 6, 6, 6, 6, 6, 6, 6, 6, 6, 3, 3, 2, 2, 2, 2, 2, 1, 1, 0, 0, 0, 0, 0, 0, 0, 0, 0, 0, 0, 0, 0, 0, 0, 0, 0, 0, 0, 0, 0, 0, 0, 0, 0, 0, 0, 0, 0, 0, 0, 0, 0, 0, 0, 0, 0, 0, 0, 0, 0, 0, 0, 0, 0, 0, 0, 0, 0, 0, 0, 0, 0, 0, 0, 0, 0, 0, 0, 0, 0, 0, 0, 0, 0, 0, 0, 0, 0, 0, 0, 0, 0, 0, 0, 0, 0, 0, 0, 0, 0, 0, 0, 0, 0, 0, 0, 0, 0, 0, 0, 0, 0, 0, 0, 0, 0, 0, 0, 0, 0, 0, 0, 0, 0, 0, 0, 0, 0, 0, 0, 0, 0, 0, 0, 0, 0, 0, 0, 0, 0, 0, 0, 0, 0, 0, 0, 0, 0, 0, 0, 0, 0, 0, 0, 0, 0, 0, 0, 0, 0, 0, 0, 0, 0, 0, 0, 0, 0, 0, 0, 0, 0, 0, 0, 0, 0, 0, 0, 0, 0, 0, 0, 0, 0, 0, 0, 0, 0, 0, 0, 0, 0, 0, 0, 0, 0, 0, 0, 0, 0, 0, 0, 0, 0, 0, 0, 0, 0, 0, 0, 0, 0, 0, 0, 0, 0, 0, 0, 0, 0, 0, 0, 0, 0, 0, 0, 0, 0, 0, 0, 0, 0, 0, 0, 0, 0, 0, 0, 0, 0, 0, 0, 0, 0, 0, 0, 0, 0, 0, 0, 0, 0, 0, 0, 0, 0, 0, 0, 0, 0, 0, 0, 0, 0, 0, 0, 0, 0, 0, 0, 0, 0, 0, 0, 0, 0, 0, 0, 0, 0, 0, 0, 0, 0, 0, 0, 0, 0, 0, 0, 0]",315,"[0.357756644487381, 0.33189716935157776, 0.3092851936817169, 0.26495444774627686, 0.25296682119369507, 0.24039924144744873, 0.24339839816093445, 0.23605407774448395, 0.23708172142505646, 0.22871673107147217, 0.23036643862724304, 0.22195123136043549, 0.24395869672298431, 0.25470733642578125, 0.22774463891983032, 0.2316863238811493, 0.23357895016670227, 0.23784662783145905, 0.22030231356620789, 0.23491036891937256, 0.22217682003974915, 0.23704789578914642, 0.237155020236969, 0.22020258009433746, 0.22224700450897217, 0.2695426046848297, 0.2644783556461334, 0.28305134177207947, 0.2654828131198883, 0.2627665400505066, 0.2678526043891907, 0.26727262139320374, 0.25990229845046997, 0.27215567231178284, 0.3573917746543884, 0.3552144765853882, 0.3760603666305542, 0.37660834193229675, 0.37613940238952637, 0.38196811079978943, 0.3772090673446655, 0.39306414127349854, 0.39903855323791504, 0.4092901945114136, 0.40740159153938293, 0.4251461327075958, 0.4081912338733673, 0.4144618511199951, 0.4101512134075165, 0.41128209233283997, 0.4078163802623749, 0.4072391092777252, 0.4226893186569214, 0.43234938383102417, 0.4155910015106201, 0.4082980453968048, 0.41583091020584106, 0.4158582389354706, 0.4072878360748291, 0.4082419276237488, 0.4099542200565338, 0.41119325160980225, 0.4164647161960602, 0.4082614481449127, 0.4126221537590027, 0.44004055857658386, 0.41717833280563354, 0.4237958788871765, 0.40987464785575867, 0.42333313822746277, 0.4102019965648651, 0.4112623333930969, 0.41034454107284546, 0.41172435879707336, 0.4073566496372223, 0.41569820046424866, 0.4078114330768585, 0.41559043526649475, 0.407268226146698, 0.40810608863830566, 0.4088284969329834, 0.411998987197876, 0.4154636263847351, 0.4197605550289154, 0.40804794430732727, 0.4145856499671936, 0.4106421172618866, 0.4074019193649292, 0.4161721467971802, 0.4103149175643921, 0.43186503648757935, 0.4143150746822357, 0.41029736399650574, 0.40806207060813904, 0.4106786251068115, 0.40722739696502686, 0.40893813967704773, 0.4077417254447937, 0.4089639186859131, 0.4209490716457367, 0.419173926115036, 0.41466042399406433, 0.4231072962284088, 0.41479411721229553, 0.40766769647598267, 0.4081669747829437, 0.41340172290802, 0.40883204340934753, 0.41280537843704224, 0.40881624817848206, 0.41467589139938354, 0.4110982418060303, 0.4072261452674866, 0.40722617506980896, 0.4104727804660797, 0.4119987189769745, 0.4153761565685272, 0.410388708114624, 0.40727221965789795, 0.4080122411251068, 0.4083341360092163, 0.4080086052417755, 0.4083866775035858, 0.4079117476940155, 0.4075298309326172, 0.4080008566379547, 0.4157024621963501, 0.4072541296482086, 0.4093915820121765, 0.42469459772109985, 0.410465806722641, 0.4153498113155365, 0.4106042981147766, 0.4193717837333679, 0.4242743253707886, 0.4072321057319641, 0.4078304171562195, 0.4093461334705353, 0.4072261154651642, 0.4140668511390686, 0.4080217480659485, 0.41044360399246216, 0.41043075919151306, 0.40831923484802246, 0.4117313325405121, 0.407741904258728, 0.4107029438018799, 0.42101216316223145, 0.4072522222995758, 0.4298512637615204, 0.4117128849029541, 0.41841191053390503, 0.4114883840084076, 0.41474372148513794, 0.40722665190696716, 0.4104096591472626, 0.42114242911338806, 0.40788406133651733, 0.42074695229530334, 0.41416698694229126, 0.4081127941608429, 0.4082062542438507, 0.4078958034515381, 0.4280167520046234, 0.408710241317749, 0.40793150663375854, 0.4271954298019409, 0.42138803005218506, 0.4096274971961975, 0.40737098455429077, 0.4160436689853668, 0.4101600646972656, 0.40732523798942566, 0.4082199037075043, 0.40802332758903503, 0.41148361563682556, 0.4104587137699127, 0.41150057315826416, 0.4082418382167816, 0.41372525691986084, 0.41509395837783813, 0.40739715099334717, 0.4072263836860657, 0.41426920890808105, 0.41024845838546753, 0.4107028841972351, 0.41001033782958984, 0.40888839960098267, 0.40812504291534424, 0.4238961338996887, 0.41539978981018066, 0.40831515192985535, 0.4210375249385834, 0.4097537696361542, 0.40722736716270447, 0.4135284721851349, 0.4184773564338684, 0.4178982973098755, 0.4140946865081787, 0.4105956256389618, 0.41823291778564453, 0.4074862003326416, 0.4072643518447876, 0.4087536633014679, 0.4134703576564789, 0.4099130928516388, 0.4072303771972656, 0.4078578054904938, 0.4187207520008087, 0.40797755122184753, 0.4072682857513428, 0.40727177262306213, 0.41508957743644714, 0.4167732298374176, 0.4097769558429718, 0.40740472078323364, 0.4114149212837219, 0.407705157995224, 0.4120156466960907, 0.4098765254020691, 0.4103259742259979, 0.4095246493816376, 0.40765827894210815, 0.4072284996509552, 0.41615086793899536, 0.4145473539829254, 0.40965279936790466, 0.41402164101600647, 0.4080604910850525, 0.41069740056991577, 0.4076681435108185, 0.40789976716041565, 0.41488581895828247, 0.40981194376945496, 0.4074558615684509, 0.42112937569618225, 0.40723273158073425, 0.41424912214279175, 0.41433125734329224, 0.40738898515701294, 0.41044846177101135, 0.41436412930488586, 0.41483959555625916, 0.4078678786754608, 0.40814656019210815, 0.40811553597450256, 0.41376563906669617, 0.43799281120300293, 0.40977346897125244, 0.4073127806186676, 0.40800368785858154, 0.41036364436149597, 0.41086700558662415, 0.40782463550567627, 0.42913714051246643, 0.40792563557624817, 0.40816962718963623, 0.4240567684173584, 0.41063031554222107, 0.4191845953464508, 0.4310133457183838, 0.414345920085907, 0.40723326802253723, 0.41136181354522705, 0.4097428023815155, 0.41322261095046997, 0.42808282375335693, 0.4078979194164276, 0.4072543680667877, 0.4103681147098541, 0.4200817942619324, 0.4148147702217102, 0.41058775782585144, 0.4175846576690674, 0.41012582182884216, 0.4078797996044159, 0.4101601839065552, 0.4072341024875641, 0.4123624861240387, 0.40807828307151794, 0.42139050364494324, 0.4099019765853882, 0.40782108902931213, 0.4078582525253296, 0.41295087337493896, 0.407448947429657, 0.41201648116111755, 0.4142700135707855, 0.4097488820552826, 0.4100397825241089, 0.4183543920516968, 0.41297054290771484, 0.40722793340682983, 0.4111005663871765, 0.41009411215782166, 0.4180065095424652, 0.41204166412353516, 0.4097314774990082, 0.4084579348564148, 0.4072295129299164, 0.42081207036972046, 0.4098672568798065, 0.40791529417037964, 0.4108510911464691, 0.4091232717037201, 0.40759509801864624, 0.4072778820991516, 0.4105432629585266, 0.4074530303478241, 0.4072386622428894, 0.4092712104320526, 0.4149434566497803, 0.4157252907752991, 0.4073898196220398, 0.41737228631973267]",0.0,"[33.0, 33.0, 24.0, 15.0, 15.0, 15.0, 14.0, 13.0, 13.0, 13.0, 13.0, 13.0, 11.0, 9.0, 9.0, 9.0, 9.0, 8.0, 8.0, 8.0, 8.0, 8.0, 7.0, 7.0, 7.0, 6.0, 6.0, 6.0, 6.0, 6.0, 6.0, 6.0, 6.0, 6.0, 3.0, 3.0, 2.0, 2.0, 2.0, 2.0, 2.0, 1.0, 1.0, 0.0, 0.0, 0.0, 0.0, 0.0, 0.0, 0.0, 0.0, 0.0, 0.0, 0.0, 0.0, 0.0, 0.0, 0.0, 0.0, 0.0, 0.0, 0.0, 0.0, 0.0, 0.0, 0.0, 0.0, 0.0, 0.0, 0.0, 0.0, 0.0, 0.0, 0.0, 0.0, 0.0, 0.0, 0.0, 0.0, 0.0, 0.0, 0.0, 0.0, 0.0, 0.0, 0.0, 0.0, 0.0, 0.0, 0.0, 0.0, 0.0, 0.0, 0.0, 0.0, 0.0, 0.0, 0.0, 0.0, 0.0, 0.0, 0.0, 0.0, 0.0, 0.0, 0.0, 0.0, 0.0, 0.0, 0.0, 0.0, 0.0, 0.0, 0.0, 0.0, 0.0, 0.0, 0.0, 0.0, 0.0, 0.0, 0.0, 0.0, 0.0, 0.0, 0.0, 0.0, 0.0, 0.0, 0.0, 0.0, 0.0, 0.0, 0.0, 0.0, 0.0, 0.0, 0.0, 0.0, 0.0, 0.0, 0.0, 0.0, 0.0, 0.0, 0.0, 0.0, 0.0, 0.0, 0.0, 0.0, 0.0, 0.0, 0.0, 0.0, 0.0, 0.0, 0.0, 0.0, 0.0, 0.0, 0.0, 0.0, 0.0, 0.0, 0.0, 0.0, 0.0, 0.0, 0.0, 0.0, 0.0, 0.0, 0.0, 0.0, 0.0, 0.0, 0.0, 0.0, 0.0, 0.0, 0.0, 0.0, 0.0, 0.0, 0.0, 0.0, 0.0, 0.0, 0.0, 0.0, 0.0, 0.0, 0.0, 0.0, 0.0, 0.0, 0.0, 0.0, 0.0, 0.0, 0.0, 0.0, 0.0, 0.0, 0.0, 0.0, 0.0, 0.0, 0.0, 0.0, 0.0, 0.0, 0.0, 0.0, 0.0, 0.0, 0.0, 0.0, 0.0, 0.0, 0.0, 0.0, 0.0, 0.0, 0.0, 0.0, 0.0, 0.0, 0.0, 0.0, 0.0, 0.0, 0.0, 0.0, 0.0, 0.0, 0.0, 0.0, 0.0, 0.0, 0.0, 0.0, 0.0, 0.0, 0.0, 0.0, 0.0, 0.0, 0.0, 0.0, 0.0, 0.0, 0.0, 0.0, 0.0, 0.0, 0.0, 0.0, 0.0, 0.0, 0.0, 0.0, 0.0, 0.0, 0.0, 0.0, 0.0, 0.0, 0.0, 0.0, 0.0, 0.0, 0.0, 0.0, 0.0, 0.0, 0.0, 0.0, 0.0, 0.0, 0.0, 0.0, 0.0, 0.0, 0.0, 0.0, 0.0, 0.0, 0.0, 0.0, 0.0, 0.0, 0.0, 0.0, 0.0, 0.0, 0.0, 0.0, 0.0, 0.0, 0.0, 0.0, 0.0, 0.0, 0.0, 0.0, 0.0, 0.0, 0.0, 0.0, 0.0, 0.0, 0.0, 0.0]",COMPLETE
170,170,0.9190271927451663,2024-08-31 07:57:31.194723,2024-08-31 07:59:33.283641,0 days 00:02:02.088918,1,0.9181282389926069,4,50,0.014139152917700215,94,0.0008292753769789111,0.928,0.9275,15,"[33, 33, 20, 15, 15, 15, 15, 15, 15, 15, 15, 15, 15, 15, 15, 15, 15, 15, 15, 15, 15, 15, 15, 15, 15, 15, 15, 15, 15, 15, 15, 15, 15, 15, 15, 15, 15, 15, 15, 15, 15, 15, 15, 15, 15, 15, 15, 15, 15, 15]",14.976595744680852,"[32.9531914893617, 32.95602836879433, 19.96241134751773, 14.980141843971632, 14.974468085106382, 14.983687943262414, 14.982978723404257, 14.981560283687944, 14.980141843971632, 14.985106382978724, 14.979432624113477, 14.978014184397164, 14.977304964539007, 14.98581560283688, 14.980851063829789, 14.97517730496454, 14.979432624113475, 14.981560283687946, 14.985815602836881, 14.979432624113473, 14.97659574468085, 14.975177304964541, 14.97517730496454, 14.974468085106382, 14.982978723404255, 14.980141843971632, 14.978014184397164, 14.986524822695037, 14.977304964539005, 14.97872340425532, 14.97872340425532, 14.986524822695037, 14.97872340425532, 14.976595744680852, 14.980851063829787, 14.981560283687944, 14.978014184397164, 14.980851063829787, 14.973758865248225, 14.978014184397162, 14.973049645390073, 14.978014184397164, 14.97517730496454, 14.981560283687942, 14.984397163120569, 14.9822695035461, 14.97517730496454, 14.97872340425532, 14.974468085106382, 14.976595744680852]",0.9203097779869384,0.9190271927451663,15,"[33, 33, 20, 15, 15, 15, 15, 15, 15, 15, 15, 15, 15, 15, 15, 15, 15, 15, 15, 15, 15, 15, 15, 15, 15, 15, 15, 15, 15, 15, 15, 15, 15, 15, 15, 15, 15, 15, 15, 15, 15, 15, 15, 15, 15, 15, 15, 15, 15, 15]",50,"[0.33931446075439453, 0.29728183150291443, 0.3149225413799286, 0.24657219648361206, 0.22352686524391174, 0.2327636480331421, 0.22022949159145355, 0.2286146879196167, 0.2230432629585266, 0.2551349997520447, 0.2015087902545929, 0.2076358199119568, 0.22158977389335632, 0.2080988734960556, 0.21475476026535034, 0.20075637102127075, 0.22244849801063538, 0.19350360333919525, 0.19779647886753082, 0.1975359320640564, 0.21969850361347198, 0.1990538239479065, 0.19313758611679077, 0.19497570395469666, 0.2128070890903473, 0.20070946216583252, 0.19174104928970337, 0.19591808319091797, 0.2039305865764618, 0.19825883209705353, 0.21044522523880005, 0.19918835163116455, 0.21572574973106384, 0.20628628134727478, 0.1997305154800415, 0.258353590965271, 0.1998472809791565, 0.21572481095790863, 0.20514358580112457, 0.24204427003860474, 0.21275566518306732, 0.21166282892227173, 0.21448607742786407, 0.2324073165655136, 0.20666168630123138, 0.20700116455554962, 0.21818283200263977, 0.22332046926021576, 0.21166454255580902, 0.22123321890830994]",15.0,"[33.0, 33.0, 20.0, 15.0, 15.0, 15.0, 15.0, 15.0, 15.0, 15.0, 15.0, 15.0, 15.0, 15.0, 15.0, 15.0, 15.0, 15.0, 15.0, 15.0, 15.0, 15.0, 15.0, 15.0, 15.0, 15.0, 15.0, 15.0, 15.0, 15.0, 15.0, 15.0, 15.0, 15.0, 15.0, 15.0, 15.0, 15.0, 15.0, 15.0, 15.0, 15.0, 15.0, 15.0, 15.0, 15.0, 15.0, 15.0, 15.0, 15.0]",COMPLETE
