,number,value,datetime_start,datetime_complete,duration,params_batch_size_scaler,params_constant_learning_rate,params_depth,params_epochs,params_kernel_l2,params_num_trees,params_temperature,user_attrs_accuracy_test,user_attrs_accuracy_valid,user_attrs_approximate_feature_sparsity,user_attrs_approximate_feature_sparsity_history,user_attrs_approximate_weight_sparsity,user_attrs_approximate_weight_sparsity_history,user_attrs_auc_test,user_attrs_auc_valid,user_attrs_feature_sparsity,user_attrs_feature_sparsity_history,user_attrs_num_epochs,user_attrs_val_loss_history,user_attrs_weight_sparsity,user_attrs_weight_sparsity_history,state
51,51,0.9270394558874677,2024-08-31 02:29:55.132183,2024-08-31 02:30:17.291878,0 days 00:00:22.159695,16,0.38414518095726347,2,125,0.0015838351129273758,71,0.0002999214489371711,0.939,0.9425,33,"[33, 33, 33, 33, 33, 33, 33, 33, 33, 33, 33, 33, 33, 33, 33, 33, 33, 33, 33, 33, 33, 33, 33, 33, 33, 33, 33, 33, 33, 33, 33, 33, 33, 33, 33, 33, 33, 33, 33, 33, 33, 33, 33, 33, 33, 33, 33, 33, 33, 33, 33, 33, 33, 33, 33, 33, 33, 33, 33, 33, 33, 33, 33, 33, 33, 33, 33, 33, 33, 33, 33, 33, 33, 33, 33, 33, 33, 33, 33, 33, 33, 33, 33, 33, 33, 33, 33, 33, 33, 33, 33, 33, 33, 33, 33, 33, 33, 33, 33, 33, 33, 33, 33, 33, 33, 33, 33, 33, 33, 33, 33, 33, 33, 33, 33, 33, 33, 33, 33, 33, 33, 33, 33, 33, 33]",32.971830985915496,"[32.981220657277, 32.990610328638496, 32.97652582159624, 32.971830985915496, 32.95774647887324, 32.97652582159624, 32.967136150234744, 32.97652582159624, 32.97652582159625, 32.98122065727699, 32.985915492957744, 32.985915492957744, 32.971830985915496, 32.971830985915496, 32.97652582159625, 32.97652582159625, 32.97652582159625, 32.985915492957744, 32.97652582159625, 32.985915492957744, 32.971830985915496, 32.98122065727699, 32.96244131455399, 32.97183098591549, 32.985915492957744, 32.99530516431925, 32.990610328638496, 32.98122065727699, 32.971830985915496, 32.985915492957744, 32.985915492957744, 32.990610328638496, 32.990610328638496, 32.95774647887324, 32.971830985915496, 32.99530516431925, 32.97652582159625, 32.985915492957744, 32.985915492957744, 32.97652582159625, 32.98122065727699, 32.97652582159625, 32.97652582159624, 32.97652582159625, 32.985915492957744, 32.985915492957744, 32.95774647887324, 32.985915492957744, 32.98122065727699, 32.97652582159624, 32.985915492957744, 32.985915492957744, 32.95774647887324, 32.985915492957744, 32.96244131455399, 32.971830985915496, 32.971830985915496, 32.985915492957744, 32.98122065727699, 32.990610328638496, 32.971830985915496, 32.985915492957744, 32.98122065727699, 32.96244131455399, 32.985915492957744, 32.971830985915496, 32.967136150234744, 32.990610328638496, 32.967136150234744, 32.97183098591549, 32.96244131455399, 32.971830985915496, 32.967136150234744, 32.96244131455399, 32.971830985915496, 32.967136150234744, 32.948356807511736, 32.948356807511736, 32.967136150234744, 32.967136150234744, 32.95774647887324, 32.96244131455399, 32.971830985915496, 32.971830985915496, 32.967136150234744, 32.95774647887324, 32.967136150234744, 32.95774647887324, 32.96244131455399, 32.967136150234744, 32.985915492957744, 32.98122065727699, 32.98122065727699, 32.96244131455399, 32.98122065727699, 32.990610328638496, 32.98122065727699, 32.985915492957744, 32.97652582159624, 32.990610328638496, 32.985915492957744, 32.99530516431925, 32.990610328638496, 32.98122065727699, 32.98122065727699, 32.98122065727699, 32.971830985915496, 32.990610328638496, 32.985915492957744, 32.98122065727699, 32.967136150234744, 32.990610328638496, 32.985915492957744, 32.98122065727699, 32.967136150234744, 32.990610328638496, 32.98122065727699, 32.97652582159624, 32.97652582159624, 32.967136150234744, 32.990610328638496, 32.985915492957744, 32.990610328638496, 32.97652582159625, 32.971830985915496]",0.9106911384671275,0.9270394558874677,33,"[33, 33, 33, 33, 33, 33, 33, 33, 33, 33, 33, 33, 33, 33, 33, 33, 33, 33, 33, 33, 33, 33, 33, 33, 33, 33, 33, 33, 33, 33, 33, 33, 33, 33, 33, 33, 33, 33, 33, 33, 33, 33, 33, 33, 33, 33, 33, 33, 33, 33, 33, 33, 33, 33, 33, 33, 33, 33, 33, 33, 33, 33, 33, 33, 33, 33, 33, 33, 33, 33, 33, 33, 33, 33, 33, 33, 33, 33, 33, 33, 33, 33, 33, 33, 33, 33, 33, 33, 33, 33, 33, 33, 33, 33, 33, 33, 33, 33, 33, 33, 33, 33, 33, 33, 33, 33, 33, 33, 33, 33, 33, 33, 33, 33, 33, 33, 33, 33, 33, 33, 33, 33, 33, 33, 33]",125,"[0.4137084186077118, 0.3753879964351654, 0.36745402216911316, 0.36739981174468994, 0.37407436966896057, 0.35601961612701416, 0.37252822518348694, 0.3515983819961548, 0.35054969787597656, 0.342350035905838, 0.3526228964328766, 0.34658700227737427, 0.3356180489063263, 0.3392103314399719, 0.3360506296157837, 0.3274642825126648, 0.33137673139572144, 0.3351096212863922, 0.3167884647846222, 0.31285157799720764, 0.3099041283130646, 0.30624061822891235, 0.3074200749397278, 0.32738059759140015, 0.2964438796043396, 0.30142951011657715, 0.294933944940567, 0.2836889326572418, 0.28892049193382263, 0.28007256984710693, 0.27780061960220337, 0.2665828764438629, 0.27778396010398865, 0.2613033950328827, 0.27616429328918457, 0.2562100291252136, 0.26135537028312683, 0.2628304660320282, 0.2888033092021942, 0.2491806596517563, 0.24904361367225647, 0.24665950238704681, 0.2450421154499054, 0.23806394636631012, 0.2382085621356964, 0.23503726720809937, 0.233544260263443, 0.23231811821460724, 0.22977687418460846, 0.22886094450950623, 0.22715365886688232, 0.22895236313343048, 0.22723379731178284, 0.226787269115448, 0.22258831560611725, 0.2211187481880188, 0.22573167085647583, 0.223456472158432, 0.21765513718128204, 0.2161874920129776, 0.2177392840385437, 0.21615591645240784, 0.2149025946855545, 0.21899501979351044, 0.23844751715660095, 0.21319694817066193, 0.2141897827386856, 0.21080198884010315, 0.2139633297920227, 0.2097032219171524, 0.2097054272890091, 0.2105138748884201, 0.2129475474357605, 0.2115115225315094, 0.2064753770828247, 0.21386270225048065, 0.20909236371517181, 0.21031971275806427, 0.20607759058475494, 0.23050439357757568, 0.20359086990356445, 0.20231731235980988, 0.20212166011333466, 0.201851487159729, 0.2008693516254425, 0.2025221437215805, 0.20009973645210266, 0.2025916874408722, 0.2005915492773056, 0.20262391865253448, 0.19986525177955627, 0.2290562242269516, 0.19637037813663483, 0.19625069200992584, 0.1983819454908371, 0.19796930253505707, 0.19790084660053253, 0.19829273223876953, 0.20223520696163177, 0.1999463438987732, 0.19550468027591705, 0.19591033458709717, 0.19519276916980743, 0.19797177612781525, 0.19401711225509644, 0.1949680745601654, 0.19396652281284332, 0.19639015197753906, 0.22162337601184845, 0.19457900524139404, 0.19438436627388, 0.22536234557628632, 0.20350907742977142, 0.19783692061901093, 0.1932855248451233, 0.19056954979896545, 0.19077929854393005, 0.19655266404151917, 0.20972491800785065, 0.19124139845371246, 0.19220441579818726, 0.18979674577713013, 0.1926179677248001, 0.20376132428646088, 0.192712664604187]",33.0,"[33.0, 33.0, 33.0, 33.0, 33.0, 33.0, 33.0, 33.0, 33.0, 33.0, 33.0, 33.0, 33.0, 33.0, 33.0, 33.0, 33.0, 33.0, 33.0, 33.0, 33.0, 33.0, 33.0, 33.0, 33.0, 33.0, 33.0, 33.0, 33.0, 33.0, 33.0, 33.0, 33.0, 33.0, 33.0, 33.0, 33.0, 33.0, 33.0, 33.0, 33.0, 33.0, 33.0, 33.0, 33.0, 33.0, 33.0, 33.0, 33.0, 33.0, 33.0, 33.0, 33.0, 33.0, 33.0, 33.0, 33.0, 33.0, 33.0, 33.0, 33.0, 33.0, 33.0, 33.0, 33.0, 33.0, 33.0, 33.0, 33.0, 33.0, 33.0, 33.0, 33.0, 33.0, 33.0, 33.0, 33.0, 33.0, 33.0, 33.0, 33.0, 33.0, 33.0, 33.0, 33.0, 33.0, 33.0, 33.0, 33.0, 33.0, 33.0, 33.0, 33.0, 33.0, 33.0, 33.0, 33.0, 33.0, 33.0, 33.0, 33.0, 33.0, 33.0, 33.0, 33.0, 33.0, 33.0, 33.0, 33.0, 33.0, 33.0, 33.0, 33.0, 33.0, 33.0, 33.0, 33.0, 33.0, 33.0, 33.0, 33.0, 33.0, 33.0, 33.0, 33.0]",COMPLETE
52,52,0.925287578415839,2024-08-31 02:30:18.638237,2024-08-31 02:31:22.957101,0 days 00:01:04.318864,16,1.9400247254663279,5,75,0.04601938191146271,66,0.00011597897301372503,0.943,0.94875,33,"[33, 33, 33, 33, 33, 33, 33, 33, 33, 33, 33, 33, 33, 33, 33, 33, 33, 33, 33, 33, 33, 33, 33, 33, 33, 33, 33, 33, 33, 33, 33, 33, 33, 33, 33, 33, 33, 33, 33, 33, 33, 33, 33, 33, 33, 33, 33, 33, 33, 33, 33, 33, 33, 33, 33, 33, 33, 33, 33, 33, 33, 33, 33, 33, 33, 33, 33, 33, 33, 33, 33, 33, 33, 33, 33]",32.946236559139784,"[32.94232649071358, 32.93988269794722, 32.94330400782014, 32.937927663734115, 32.93597262952102, 32.93988269794722, 32.93890518084066, 32.93890518084066, 32.93597262952102, 32.94037145650049, 32.945259042033236, 32.95161290322581, 32.94428152492669, 32.94477028347996, 32.94672531769306, 32.93841642228739, 32.94086021505377, 32.93939393939394, 32.950146627565985, 32.95063538611926, 32.94330400782014, 32.94868035190616, 32.94916911045944, 32.94232649071359, 32.93890518084066, 32.94428152492669, 32.93646138807429, 32.93939393939394, 32.93988269794721, 32.93597262952102, 32.93499511241447, 32.94330400782014, 32.94770283479961, 32.94232649071358, 32.950146627565985, 32.941837732160316, 32.937927663734115, 32.93841642228739, 32.94721407624633, 32.94428152492669, 32.94916911045943, 32.94574780058651, 32.93988269794721, 32.940371456500486, 32.94281524926686, 32.93206256109482, 32.93499511241447, 32.94379276637341, 32.94134897360704, 32.94574780058651, 32.94134897360704, 32.94477028347996, 32.94134897360704, 32.940371456500486, 32.946236559139784, 32.93939393939394, 32.94477028347996, 32.93695014662757, 32.93597262952102, 32.934506353861195, 32.937927663734115, 32.93695014662757, 32.94037145650049, 32.94330400782014, 32.93939393939394, 32.93597262952102, 32.93841642228739, 32.934506353861195, 32.93890518084066, 32.941837732160316, 32.94477028347996, 32.93499511241447, 32.93304007820137, 32.93988269794721, 32.946236559139784]",0.9128130186015406,0.925287578415839,33,"[33, 33, 33, 33, 33, 33, 33, 33, 33, 33, 33, 33, 33, 33, 33, 33, 33, 33, 33, 33, 33, 33, 33, 33, 33, 33, 33, 33, 33, 33, 33, 33, 33, 33, 33, 33, 33, 33, 33, 33, 33, 33, 33, 33, 33, 33, 33, 33, 33, 33, 33, 33, 33, 33, 33, 33, 33, 33, 33, 33, 33, 33, 33, 33, 33, 33, 33, 33, 33, 33, 33, 33, 33, 33, 33]",75,"[0.3788732588291168, 0.3695690631866455, 0.3644030690193176, 0.36033016443252563, 0.35480985045433044, 0.34799864888191223, 0.3417265713214874, 0.34384289383888245, 0.33079349994659424, 0.3288671374320984, 0.3215785324573517, 0.3213634192943573, 0.30753108859062195, 0.3014153242111206, 0.29688042402267456, 0.28972363471984863, 0.2791619300842285, 0.2775542140007019, 0.26382771134376526, 0.2665323317050934, 0.2586759328842163, 0.2565608024597168, 0.2480669617652893, 0.2462916523218155, 0.2422972470521927, 0.24682006239891052, 0.23908798396587372, 0.23831358551979065, 0.230287566781044, 0.2422569841146469, 0.23333579301834106, 0.22701245546340942, 0.2264701873064041, 0.2194950133562088, 0.22914323210716248, 0.21875980496406555, 0.21495558321475983, 0.21143034100532532, 0.21160022914409637, 0.20953381061553955, 0.20769855380058289, 0.20853491127490997, 0.20809246599674225, 0.21332156658172607, 0.20276722311973572, 0.20101085305213928, 0.20570695400238037, 0.20371073484420776, 0.19865569472312927, 0.20942066609859467, 0.1957220584154129, 0.19440077245235443, 0.1997748166322708, 0.1940450519323349, 0.21855120360851288, 0.19449341297149658, 0.1935276985168457, 0.19645637273788452, 0.19459712505340576, 0.19289107620716095, 0.19259172677993774, 0.19337359070777893, 0.214420884847641, 0.18986694514751434, 0.1898520290851593, 0.18634572625160217, 0.19036969542503357, 0.1857854127883911, 0.18481901288032532, 0.18707126379013062, 0.18387192487716675, 0.18452028930187225, 0.18923957645893097, 0.18744146823883057, 0.18952278792858124]",33.0,"[33.0, 33.0, 33.0, 33.0, 33.0, 33.0, 33.0, 33.0, 33.0, 33.0, 33.0, 33.0, 33.0, 33.0, 33.0, 33.0, 33.0, 33.0, 33.0, 33.0, 33.0, 33.0, 33.0, 33.0, 33.0, 33.0, 33.0, 33.0, 33.0, 33.0, 33.0, 33.0, 33.0, 33.0, 33.0, 33.0, 33.0, 33.0, 33.0, 33.0, 33.0, 33.0, 33.0, 33.0, 33.0, 33.0, 33.0, 33.0, 33.0, 33.0, 33.0, 33.0, 33.0, 33.0, 33.0, 33.0, 33.0, 33.0, 33.0, 33.0, 33.0, 33.0, 33.0, 33.0, 33.0, 33.0, 33.0, 33.0, 33.0, 33.0, 33.0, 33.0, 33.0, 33.0, 33.0]",COMPLETE
