,number,value,datetime_start,datetime_complete,duration,params_batch_size_scaler,params_constant_learning_rate,params_depth,params_epochs,params_kernel_l2,params_num_trees,params_temperature,user_attrs_accuracy_test,user_attrs_accuracy_valid,user_attrs_approximate_feature_sparsity,user_attrs_approximate_feature_sparsity_history,user_attrs_approximate_weight_sparsity,user_attrs_approximate_weight_sparsity_history,user_attrs_auc_test,user_attrs_auc_valid,user_attrs_feature_sparsity,user_attrs_feature_sparsity_history,user_attrs_num_epochs,user_attrs_val_loss_history,user_attrs_weight_sparsity,user_attrs_weight_sparsity_history,state
43,43,0.8204325591580683,2024-08-31 02:19:08.115146,2024-08-31 02:19:32.675171,0 days 00:00:24.560025,64,0.11990720982851898,3,255,0.014945321976948625,63,0.08554264622581083,0.874,0.875,33,"[33, 33, 33, 33, 33, 33, 33, 33, 33, 33, 33, 33, 33, 33, 33, 33, 33, 33, 33, 33, 33, 33, 33, 33, 33, 33, 33, 33, 33, 33, 33, 33, 33, 33, 33, 33, 33, 33, 33, 33, 33, 33, 33, 33, 33, 33, 33, 33, 33, 33, 33, 33, 33, 33, 33, 33, 33, 33, 33, 33, 33, 33, 33, 33, 33, 33, 33, 33, 33, 33, 33, 33, 33, 33, 33, 33, 33, 33, 33, 33, 33, 33, 33, 33, 33, 33, 33, 33, 33, 33, 33, 33, 33, 33, 33, 33, 33, 33, 33, 33, 33, 33, 33, 33, 33, 33, 33, 33, 33, 33, 33, 33, 33, 33, 33, 33, 33, 33, 33, 33, 33, 33, 33, 33, 33, 33, 33, 33, 33, 33, 33, 33, 33, 33, 33, 33, 33, 33, 33, 33, 33, 33, 33, 33, 33, 33, 33, 33, 33, 33, 33, 33, 33, 33, 33, 33, 33, 33, 33, 33, 33, 33, 33, 33, 33, 33, 33, 33, 33, 33, 33, 33, 33, 33, 33, 33, 33, 33, 33, 33, 33, 33, 33, 33, 33, 33, 33, 33, 33, 33, 33, 33, 33, 33, 33, 33, 33, 33, 33, 33, 33, 33, 33, 33, 33, 33, 33, 33, 33, 33, 33, 33, 33, 33, 33, 33, 33, 33, 33, 33, 33, 33, 33, 33, 33, 33, 33, 33, 33, 33, 33, 33, 33, 33, 33, 33, 33, 33, 33, 33, 33, 33, 33, 33, 33, 33, 33, 33, 33, 33, 33, 33, 33, 33, 33]",32.9750566893424,"[32.97052154195011, 32.97732426303855, 32.977324263038554, 32.97505668934241, 32.965986394557824, 32.97278911564626, 32.9750566893424, 32.96825396825397, 32.95918367346938, 32.961451247165535, 32.97052154195011, 32.961451247165535, 32.97052154195011, 32.9750566893424, 32.97052154195011, 32.950113378684804, 32.961451247165535, 32.961451247165535, 32.956916099773245, 32.956916099773245, 32.956916099773245, 32.961451247165535, 32.97278911564626, 32.965986394557824, 32.96371882086168, 32.961451247165535, 32.965986394557824, 32.9750566893424, 32.96825396825397, 32.9546485260771, 32.95918367346939, 32.95691609977324, 32.95918367346939, 32.9750566893424, 32.965986394557824, 32.97052154195011, 32.97278911564626, 32.97052154195011, 32.97052154195011, 32.97052154195011, 32.96825396825397, 32.97052154195011, 32.9750566893424, 32.96371882086168, 32.96371882086168, 32.961451247165535, 32.965986394557824, 32.965986394557824, 32.97052154195011, 32.96825396825397, 32.961451247165535, 32.96371882086168, 32.96825396825397, 32.961451247165535, 32.965986394557824, 32.96371882086168, 32.96825396825397, 32.97278911564626, 32.9750566893424, 32.961451247165535, 32.96825396825397, 32.95918367346939, 32.961451247165535, 32.95238095238095, 32.956916099773245, 32.9546485260771, 32.96371882086168, 32.95691609977324, 32.950113378684804, 32.961451247165535, 32.961451247165535, 32.96825396825397, 32.96825396825397, 32.9750566893424, 32.96825396825397, 32.97505668934241, 32.97278911564626, 32.96371882086168, 32.961451247165535, 32.95238095238095, 32.96371882086168, 32.95918367346939, 32.96825396825397, 32.965986394557824, 32.972789115646265, 32.97732426303855, 32.97052154195011, 32.97278911564626, 32.9750566893424, 32.97052154195011, 32.9750566893424, 32.9750566893424, 32.96825396825397, 32.965986394557824, 32.97052154195011, 32.97052154195011, 32.96825396825397, 32.96825396825397, 32.96371882086168, 32.97278911564626, 32.97278911564626, 32.97959183673469, 32.98412698412699, 32.98412698412699, 32.97959183673469, 32.98185941043084, 32.97732426303855, 32.97959183673469, 32.9795918367347, 32.97732426303855, 32.97732426303855, 32.9795918367347, 32.97278911564626, 32.9795918367347, 32.97052154195011, 32.97732426303855, 32.98412698412699, 32.98412698412699, 32.97732426303855, 32.9795918367347, 32.97732426303855, 32.9750566893424, 32.97732426303855, 32.98185941043084, 32.977324263038554, 32.9795918367347, 32.97959183673469, 32.98412698412699, 32.98185941043084, 32.9750566893424, 32.9795918367347, 32.9795918367347, 32.981859410430836, 32.97732426303855, 32.98185941043084, 32.9750566893424, 32.9750566893424, 32.97052154195011, 32.965986394557824, 32.97052154195011, 32.9750566893424, 32.97505668934241, 32.97052154195011, 32.965986394557824, 32.97052154195011, 32.97278911564626, 32.96825396825397, 32.97052154195011, 32.97278911564626, 32.977324263038554, 32.97052154195011, 32.965986394557824, 32.965986394557824, 32.9750566893424, 32.977324263038554, 32.965986394557824, 32.98185941043084, 32.977324263038554, 32.98185941043084, 32.9750566893424, 32.96825396825397, 32.97732426303855, 32.97052154195011, 32.97732426303855, 32.9795918367347, 32.96825396825397, 32.96825396825397, 32.97732426303855, 32.97278911564626, 32.96825396825397, 32.97732426303855, 32.97732426303855, 32.97278911564626, 32.9750566893424, 32.97732426303855, 32.9750566893424, 32.98639455782313, 32.98185941043084, 32.97732426303855, 32.97732426303855, 32.97278911564626, 32.97278911564626, 32.9795918367347, 32.98185941043084, 32.97278911564626, 32.97278911564626, 32.96825396825397, 32.97052154195011, 32.9750566893424, 32.96825396825397, 32.965986394557824, 32.965986394557824, 32.96825396825397, 32.9750566893424, 32.97732426303855, 32.96825396825397, 32.97052154195011, 32.96825396825397, 32.96371882086168, 32.96825396825397, 32.97732426303855, 32.977324263038554, 32.9795918367347, 32.98639455782313, 32.98185941043084, 32.98185941043084, 32.98185941043084, 32.98412698412699, 32.98185941043084, 32.9795918367347, 32.97278911564626, 32.98185941043084, 32.98185941043084, 32.9795918367347, 32.97732426303855, 32.97959183673469, 32.98185941043084, 32.98639455782313, 32.9795918367347, 32.97732426303855, 32.9795918367347, 32.97732426303855, 32.97732426303855, 32.97278911564626, 32.97052154195011, 32.97278911564626, 32.98185941043084, 32.97959183673469, 32.97959183673469, 32.9795918367347, 32.97278911564626, 32.97278911564626, 32.96825396825397, 32.97052154195011, 32.9750566893424, 32.98185941043084, 32.98185941043084, 32.9795918367347, 32.9750566893424, 32.97959183673469, 32.9750566893424, 32.977324263038554, 32.9795918367347, 32.9795918367347, 32.98185941043084, 32.98185941043084, 32.97732426303855, 32.97505668934241, 32.9750566893424, 32.97959183673469, 32.981859410430836, 32.98639455782313, 32.97732426303855, 32.97278911564626, 32.9750566893424]",0.8355253923826981,0.8204325591580683,33,"[33, 33, 33, 33, 33, 33, 33, 33, 33, 33, 33, 33, 33, 33, 33, 33, 33, 33, 33, 33, 33, 33, 33, 33, 33, 33, 33, 33, 33, 33, 33, 33, 33, 33, 33, 33, 33, 33, 33, 33, 33, 33, 33, 33, 33, 33, 33, 33, 33, 33, 33, 33, 33, 33, 33, 33, 33, 33, 33, 33, 33, 33, 33, 33, 33, 33, 33, 33, 33, 33, 33, 33, 33, 33, 33, 33, 33, 33, 33, 33, 33, 33, 33, 33, 33, 33, 33, 33, 33, 33, 33, 33, 33, 33, 33, 33, 33, 33, 33, 33, 33, 33, 33, 33, 33, 33, 33, 33, 33, 33, 33, 33, 33, 33, 33, 33, 33, 33, 33, 33, 33, 33, 33, 33, 33, 33, 33, 33, 33, 33, 33, 33, 33, 33, 33, 33, 33, 33, 33, 33, 33, 33, 33, 33, 33, 33, 33, 33, 33, 33, 33, 33, 33, 33, 33, 33, 33, 33, 33, 33, 33, 33, 33, 33, 33, 33, 33, 33, 33, 33, 33, 33, 33, 33, 33, 33, 33, 33, 33, 33, 33, 33, 33, 33, 33, 33, 33, 33, 33, 33, 33, 33, 33, 33, 33, 33, 33, 33, 33, 33, 33, 33, 33, 33, 33, 33, 33, 33, 33, 33, 33, 33, 33, 33, 33, 33, 33, 33, 33, 33, 33, 33, 33, 33, 33, 33, 33, 33, 33, 33, 33, 33, 33, 33, 33, 33, 33, 33, 33, 33, 33, 33, 33, 33, 33, 33, 33, 33, 33, 33, 33, 33, 33, 33, 33]",255,"[0.40683305263519287, 0.3979196548461914, 0.39629536867141724, 0.3940099775791168, 0.3922303020954132, 0.39038410782814026, 0.38882872462272644, 0.3871765434741974, 0.3859649896621704, 0.38509896397590637, 0.3839912712574005, 0.38264209032058716, 0.3816874027252197, 0.38081425428390503, 0.3801426291465759, 0.37924960255622864, 0.37952935695648193, 0.37758827209472656, 0.3768886625766754, 0.3763107657432556, 0.37579432129859924, 0.3757850229740143, 0.3746994137763977, 0.37365972995758057, 0.3732041120529175, 0.37296634912490845, 0.3725072145462036, 0.3726830780506134, 0.37208643555641174, 0.3716748356819153, 0.3713549077510834, 0.3708810806274414, 0.3706195056438446, 0.3701842129230499, 0.3700367212295532, 0.37228119373321533, 0.36930859088897705, 0.36891213059425354, 0.3686477243900299, 0.3683628439903259, 0.3685914874076843, 0.36940789222717285, 0.3674190938472748, 0.36757928133010864, 0.3665226101875305, 0.36682459712028503, 0.36731278896331787, 0.3656609356403351, 0.36489009857177734, 0.36441558599472046, 0.3642318844795227, 0.3649124503135681, 0.36364856362342834, 0.36353397369384766, 0.3639336824417114, 0.36330440640449524, 0.3629470467567444, 0.36281463503837585, 0.36306166648864746, 0.3618079721927643, 0.3623597323894501, 0.3614024817943573, 0.36093953251838684, 0.3609252870082855, 0.360629677772522, 0.3603784441947937, 0.36013203859329224, 0.3595520257949829, 0.3593030273914337, 0.36015084385871887, 0.35878321528434753, 0.35842859745025635, 0.35866397619247437, 0.3579970896244049, 0.35764992237091064, 0.3570796847343445, 0.3576635718345642, 0.357679545879364, 0.3565689027309418, 0.3566449284553528, 0.3559224009513855, 0.3555196523666382, 0.35570284724235535, 0.355901300907135, 0.3551517128944397, 0.35495296120643616, 0.3544674813747406, 0.3541833758354187, 0.35402098298072815, 0.35359352827072144, 0.3533203601837158, 0.3532645106315613, 0.35342833399772644, 0.3533724844455719, 0.354964941740036, 0.35287630558013916, 0.3524007499217987, 0.35264092683792114, 0.35222476720809937, 0.3531826436519623, 0.3521060645580292, 0.35135069489479065, 0.351108193397522, 0.3508186340332031, 0.350746750831604, 0.3504282236099243, 0.3505367338657379, 0.35036948323249817, 0.35000211000442505, 0.3496856689453125, 0.34960728883743286, 0.3494821786880493, 0.3490726351737976, 0.34896519780158997, 0.34902331233024597, 0.3482665717601776, 0.34849798679351807, 0.3481403589248657, 0.34797996282577515, 0.3475659489631653, 0.3478805124759674, 0.34706997871398926, 0.34677183628082275, 0.34715306758880615, 0.34750035405158997, 0.3463519215583801, 0.3459533452987671, 0.34565284848213196, 0.34514957666397095, 0.34499043226242065, 0.34544041752815247, 0.34463921189308167, 0.3445504903793335, 0.344272255897522, 0.3437381684780121, 0.34339481592178345, 0.3433489203453064, 0.34280091524124146, 0.3426303565502167, 0.34225720167160034, 0.3421798348426819, 0.3421281576156616, 0.3416507840156555, 0.34151339530944824, 0.3414243459701538, 0.34102484583854675, 0.340912401676178, 0.3405407965183258, 0.34063616394996643, 0.3408665359020233, 0.3400939702987671, 0.33996865153312683, 0.34001216292381287, 0.3392316699028015, 0.33975106477737427, 0.33903443813323975, 0.3390139639377594, 0.33976849913597107, 0.3388351798057556, 0.33836787939071655, 0.3382170498371124, 0.3382102847099304, 0.33780354261398315, 0.3376117944717407, 0.33833739161491394, 0.33775579929351807, 0.33743053674697876, 0.3373510241508484, 0.3369767665863037, 0.33677759766578674, 0.33667227625846863, 0.33637192845344543, 0.3362516164779663, 0.3367055654525757, 0.33619269728660583, 0.3359006941318512, 0.3353778123855591, 0.3351729214191437, 0.3353414237499237, 0.33454978466033936, 0.33420878648757935, 0.33393096923828125, 0.33390599489212036, 0.33311259746551514, 0.33343932032585144, 0.3331991136074066, 0.3325919210910797, 0.3324087858200073, 0.33251267671585083, 0.33240973949432373, 0.3320116698741913, 0.33177998661994934, 0.33128640055656433, 0.33130791783332825, 0.33121761679649353, 0.33079710602760315, 0.3306763172149658, 0.3301120698451996, 0.3300241231918335, 0.329685240983963, 0.3296644985675812, 0.32906395196914673, 0.32895320653915405, 0.3282565176486969, 0.3282555639743805, 0.32795923948287964, 0.32781660556793213, 0.3274608552455902, 0.32787322998046875, 0.3273995518684387, 0.3271375298500061, 0.32729488611221313, 0.3278757333755493, 0.3278977870941162, 0.3273512125015259, 0.3267727792263031, 0.3261798620223999, 0.3258604109287262, 0.32635220885276794, 0.3255516290664673, 0.3252481520175934, 0.32489925622940063, 0.32464370131492615, 0.3249225318431854, 0.32475367188453674, 0.3244270980358124, 0.3243773579597473, 0.32409989833831787, 0.32383328676223755, 0.32422110438346863, 0.3236101269721985, 0.32350632548332214, 0.3238033652305603, 0.3233412802219391, 0.32300373911857605, 0.3228757083415985, 0.32279545068740845, 0.32221904397010803, 0.3217426538467407, 0.32117247581481934, 0.32104480266571045, 0.3208830952644348, 0.3206726312637329, 0.3205620050430298, 0.3205547332763672, 0.319857120513916, 0.3199569582939148, 0.3195125162601471, 0.3190266489982605, 0.3185445964336395, 0.31877782940864563, 0.31801798939704895, 0.31763094663619995, 0.317169725894928, 0.31722018122673035]",33.0,"[33.0, 33.0, 33.0, 33.0, 33.0, 33.0, 33.0, 33.0, 33.0, 33.0, 33.0, 33.0, 33.0, 33.0, 33.0, 33.0, 33.0, 33.0, 33.0, 33.0, 33.0, 33.0, 33.0, 33.0, 33.0, 33.0, 33.0, 33.0, 33.0, 33.0, 33.0, 33.0, 33.0, 33.0, 33.0, 33.0, 33.0, 33.0, 33.0, 33.0, 33.0, 33.0, 33.0, 33.0, 33.0, 33.0, 33.0, 33.0, 33.0, 33.0, 33.0, 33.0, 33.0, 33.0, 33.0, 33.0, 33.0, 33.0, 33.0, 33.0, 33.0, 33.0, 33.0, 33.0, 33.0, 33.0, 33.0, 33.0, 33.0, 33.0, 33.0, 33.0, 33.0, 33.0, 33.0, 33.0, 33.0, 33.0, 33.0, 33.0, 33.0, 33.0, 33.0, 33.0, 33.0, 33.0, 33.0, 33.0, 33.0, 33.0, 33.0, 33.0, 33.0, 33.0, 33.0, 33.0, 33.0, 33.0, 33.0, 33.0, 33.0, 33.0, 33.0, 33.0, 33.0, 33.0, 33.0, 33.0, 33.0, 33.0, 33.0, 33.0, 33.0, 33.0, 33.0, 33.0, 33.0, 33.0, 33.0, 33.0, 33.0, 33.0, 33.0, 33.0, 33.0, 33.0, 33.0, 33.0, 33.0, 33.0, 33.0, 33.0, 33.0, 33.0, 33.0, 33.0, 33.0, 33.0, 33.0, 33.0, 33.0, 33.0, 33.0, 33.0, 33.0, 33.0, 33.0, 33.0, 33.0, 33.0, 33.0, 33.0, 33.0, 33.0, 33.0, 33.0, 33.0, 33.0, 33.0, 33.0, 33.0, 33.0, 33.0, 33.0, 33.0, 33.0, 33.0, 33.0, 33.0, 33.0, 33.0, 33.0, 33.0, 33.0, 33.0, 33.0, 33.0, 33.0, 33.0, 33.0, 33.0, 33.0, 33.0, 33.0, 33.0, 33.0, 33.0, 33.0, 33.0, 33.0, 33.0, 33.0, 33.0, 33.0, 33.0, 33.0, 33.0, 33.0, 33.0, 33.0, 33.0, 33.0, 33.0, 33.0, 33.0, 33.0, 33.0, 33.0, 33.0, 33.0, 33.0, 33.0, 33.0, 33.0, 33.0, 33.0, 33.0, 33.0, 33.0, 33.0, 33.0, 33.0, 33.0, 33.0, 33.0, 33.0, 33.0, 33.0, 33.0, 33.0, 33.0, 33.0, 33.0, 33.0, 33.0, 33.0, 33.0, 33.0, 33.0, 33.0, 33.0, 33.0, 33.0, 33.0, 33.0, 33.0, 33.0, 33.0, 33.0, 33.0, 33.0, 33.0, 33.0, 33.0, 33.0]",COMPLETE
