,number,value,datetime_start,datetime_complete,duration,params_batch_size_scaler,params_constant_learning_rate,params_depth,params_epochs,params_kernel_l2,params_num_trees,params_temperature,user_attrs_accuracy_test,user_attrs_accuracy_valid,user_attrs_approximate_feature_sparsity,user_attrs_approximate_feature_sparsity_history,user_attrs_approximate_weight_sparsity,user_attrs_approximate_weight_sparsity_history,user_attrs_auc_test,user_attrs_auc_valid,user_attrs_feature_sparsity,user_attrs_feature_sparsity_history,user_attrs_num_epochs,user_attrs_val_loss_history,user_attrs_weight_sparsity,user_attrs_weight_sparsity_history,state
69,69,0.5487305329056691,2024-08-31 03:29:45.143843,2024-08-31 03:30:35.915300,0 days 00:00:50.771457,4,0.48291135506057214,1,350,0.008431659710515684,33,0.0015026422945138575,0.859,0.85875,1,"[33, 33, 33, 29, 18, 10, 4, 3, 3, 3, 3, 3, 3, 3, 3, 3, 3, 3, 3, 2, 2, 2, 2, 2, 2, 2, 2, 2, 2, 2, 2, 2, 2, 2, 2, 2, 2, 2, 2, 1, 1, 1, 1, 1, 1, 1, 1, 1, 1, 1, 1, 1, 1, 1, 1, 1, 1, 1, 1, 1, 1, 1, 1, 1, 1, 1, 1, 1, 1, 1, 1, 1, 1, 1, 1, 1, 1, 1, 1, 1, 1, 1, 1, 1, 1, 1, 1, 1, 1, 1, 1, 1, 1, 1, 1, 1, 1, 1, 1, 1, 1, 1, 1, 1, 1, 1, 1, 1, 1, 1, 1, 1, 1, 1, 1, 1, 1, 1, 1, 1, 1, 1, 1, 1, 1, 1, 1, 1, 1, 1, 1, 1, 1, 1, 1, 1, 1, 1, 1, 1, 1, 1, 1, 1, 1, 1, 1, 1, 1, 1, 1, 1, 1, 1, 1, 1, 1, 1, 1, 1, 1, 1, 1, 1, 1, 1, 1, 1, 1, 1, 1, 1, 1, 1, 1, 1, 1, 1, 1, 1, 1, 1, 1, 1, 1, 1, 1, 1, 1, 1, 1, 1, 1, 1, 1, 1, 1, 1, 1, 1, 1, 1, 1, 1, 1, 1, 1, 1, 1, 1, 1, 1, 1, 1, 1, 1, 1, 1, 1, 1, 1, 1, 1, 1, 1, 1, 1, 1, 1, 1, 1, 1, 1, 1, 1, 1, 1, 1, 1, 1, 1, 1, 1, 1, 1, 1, 1, 1, 1, 1, 1, 1, 1, 1, 1, 1, 1, 1, 1, 1, 1, 1, 1, 1, 1, 1, 1, 1, 1, 1, 1, 1, 1, 1, 1, 1, 1, 1, 1, 1, 1, 1, 1, 1, 1, 1, 1, 1, 1, 1, 1, 1, 1, 1, 1, 1, 1, 1, 1, 1, 1, 1, 1, 1, 1, 1, 1, 1, 1, 1, 1, 1, 1, 1, 1, 1, 1, 1, 1, 1, 1, 1, 1, 1, 1, 1, 1, 1, 1, 1, 1, 1, 1, 1, 1, 1, 1, 1, 1, 1, 1, 1, 1, 1, 1, 1, 1, 1, 1, 1]",1.0,"[33.0, 33.0, 33.0, 29.0, 18.0, 10.0, 4.0, 3.0, 3.0, 3.0, 3.0, 3.0, 3.0, 3.0, 3.0, 3.0, 3.0, 3.0, 3.0, 2.0, 2.0, 2.0, 2.0, 2.0, 2.0, 2.0, 2.0, 2.0, 2.0, 2.0, 2.0, 2.0, 2.0, 2.0, 2.0, 2.0, 2.0, 2.0, 2.0, 1.0, 1.0, 1.0, 0.9696969696969697, 1.0, 1.0, 1.0, 1.0, 1.0, 1.0, 1.0, 1.0, 1.0, 1.0, 1.0, 1.0, 1.0, 1.0, 1.0, 1.0, 1.0, 1.0, 1.0, 1.0, 1.0, 1.0, 1.0, 1.0, 1.0, 1.0, 1.0, 1.0, 1.0, 1.0, 1.0, 1.0, 1.0, 1.0, 1.0, 1.0, 1.0, 1.0, 1.0, 1.0, 1.0, 1.0, 1.0, 1.0, 1.0, 1.0, 1.0, 1.0, 1.0, 1.0, 1.0, 1.0, 1.0, 1.0, 1.0, 1.0, 1.0, 1.0, 1.0, 1.0, 1.0, 1.0, 1.0, 1.0, 1.0, 1.0, 1.0, 1.0, 1.0, 1.0, 1.0, 1.0, 1.0, 1.0, 1.0, 1.0, 1.0, 1.0, 1.0, 1.0, 1.0, 1.0, 1.0, 1.0, 1.0, 1.0, 1.0, 1.0, 1.0, 1.0, 1.0, 1.0, 1.0, 1.0, 1.0, 1.0, 1.0, 1.0, 1.0, 1.0, 1.0, 1.0, 1.0, 1.0, 1.0, 1.0, 1.0, 1.0, 1.0, 1.0, 1.0, 1.0, 1.0, 1.0, 1.0, 1.0, 1.0, 1.0, 1.0, 1.0, 1.0, 1.0, 1.0, 1.0, 1.0, 1.0, 1.0, 1.0, 1.0, 1.0, 1.0, 1.0, 1.0, 1.0, 1.0, 1.0, 1.0, 1.0, 1.0, 1.0, 1.0, 1.0, 1.0, 1.0, 1.0, 1.0, 1.0, 1.0, 1.0, 1.0, 1.0, 1.0, 1.0, 1.0, 1.0, 1.0, 1.0, 1.0, 1.0, 1.0, 1.0, 1.0, 1.0, 1.0, 1.0, 1.0, 1.0, 1.0, 1.0, 1.0, 1.0, 1.0, 1.0, 1.0, 1.0, 1.0, 1.0, 1.0, 1.0, 1.0, 1.0, 1.0, 1.0, 1.0, 1.0, 1.0, 1.0, 1.0, 1.0, 1.0, 1.0, 1.0, 1.0, 1.0, 1.0, 1.0, 1.0, 1.0, 1.0, 1.0, 1.0, 1.0, 1.0, 1.0, 1.0, 1.0, 1.0, 1.0, 1.0, 1.0, 1.0, 1.0, 1.0, 1.0, 1.0, 1.0, 1.0, 1.0, 1.0, 1.0, 1.0, 1.0, 1.0, 1.0, 1.0, 1.0, 1.0, 1.0, 1.0, 1.0, 1.0, 1.0, 1.0, 1.0, 1.0, 1.0, 1.0, 1.0, 1.0, 1.0, 1.0, 1.0, 1.0, 1.0, 1.0, 1.0, 1.0, 1.0, 1.0, 1.0, 1.0, 1.0, 1.0, 1.0, 1.0, 1.0, 1.0, 1.0, 1.0, 1.0, 1.0, 1.0, 1.0, 1.0, 1.0, 1.0, 1.0, 1.0, 1.0, 1.0, 1.0, 1.0, 1.0, 1.0, 1.0, 1.0, 1.0, 1.0, 1.0, 1.0, 1.0, 1.0, 1.0, 1.0, 1.0, 1.0, 1.0, 1.0, 1.0, 1.0, 1.0, 1.0, 1.0, 1.0, 1.0, 1.0, 1.0, 1.0, 1.0, 1.0, 1.0, 1.0, 1.0, 1.0, 1.0, 1.0, 1.0]",0.530222343315252,0.5487305329056691,1,"[33, 33, 33, 29, 18, 10, 4, 3, 3, 3, 3, 3, 3, 3, 3, 3, 3, 3, 3, 2, 2, 2, 2, 2, 2, 2, 2, 2, 2, 2, 2, 2, 2, 2, 2, 2, 2, 2, 2, 1, 1, 1, 1, 1, 1, 1, 1, 1, 1, 1, 1, 1, 1, 1, 1, 1, 1, 1, 1, 1, 1, 1, 1, 1, 1, 1, 1, 1, 1, 1, 1, 1, 1, 1, 1, 1, 1, 1, 1, 1, 1, 1, 1, 1, 1, 1, 1, 1, 1, 1, 1, 1, 1, 1, 1, 1, 1, 1, 1, 1, 1, 1, 1, 1, 1, 1, 1, 1, 1, 1, 1, 1, 1, 1, 1, 1, 1, 1, 1, 1, 1, 1, 1, 1, 1, 1, 1, 1, 1, 1, 1, 1, 1, 1, 1, 1, 1, 1, 1, 1, 1, 1, 1, 1, 1, 1, 1, 1, 1, 1, 1, 1, 1, 1, 1, 1, 1, 1, 1, 1, 1, 1, 1, 1, 1, 1, 1, 1, 1, 1, 1, 1, 1, 1, 1, 1, 1, 1, 1, 1, 1, 1, 1, 1, 1, 1, 1, 1, 1, 1, 1, 1, 1, 1, 1, 1, 1, 1, 1, 1, 1, 1, 1, 1, 1, 1, 1, 1, 1, 1, 1, 1, 1, 1, 1, 1, 1, 1, 1, 1, 1, 1, 1, 1, 1, 1, 1, 1, 1, 1, 1, 1, 1, 1, 1, 1, 1, 1, 1, 1, 1, 1, 1, 1, 1, 1, 1, 1, 1, 1, 1, 1, 1, 1, 1, 1, 1, 1, 1, 1, 1, 1, 1, 1, 1, 1, 1, 1, 1, 1, 1, 1, 1, 1, 1, 1, 1, 1, 1, 1, 1, 1, 1, 1, 1, 1, 1, 1, 1, 1, 1, 1, 1, 1, 1, 1, 1, 1, 1, 1, 1, 1, 1, 1, 1, 1, 1, 1, 1, 1, 1, 1, 1, 1, 1, 1, 1, 1, 1, 1, 1, 1, 1, 1, 1, 1, 1, 1, 1, 1, 1, 1, 1, 1, 1, 1, 1, 1, 1, 1, 1, 1, 1, 1, 1, 1, 1, 1, 1, 1]",350,"[0.3802751898765564, 0.36783114075660706, 0.36548951268196106, 0.3576752543449402, 0.34845152497291565, 0.3378872573375702, 0.35788464546203613, 0.35872021317481995, 0.4018930196762085, 0.44145146012306213, 0.35782545804977417, 0.35273754596710205, 0.3534523844718933, 0.35439398884773254, 0.39891716837882996, 0.4082685708999634, 0.39445358514785767, 0.5169935822486877, 0.37840065360069275, 0.5707827806472778, 0.37474527955055237, 0.3833557367324829, 0.3748689293861389, 0.3919370174407959, 0.5009522438049316, 0.45199355483055115, 0.38427525758743286, 0.3781442642211914, 0.42396044731140137, 0.5365155935287476, 0.4168265163898468, 0.39353862404823303, 0.3750123977661133, 0.3841210901737213, 0.4064241349697113, 0.4808748960494995, 0.3876827359199524, 0.37456753849983215, 0.39721688628196716, 0.6502619981765747, 0.41092750430107117, 0.402689665555954, 0.3929772675037384, 0.42051011323928833, 0.39395132660865784, 0.42169246077537537, 0.39405596256256104, 0.4058632254600525, 0.4151654541492462, 0.40263593196868896, 0.41824260354042053, 0.3941653072834015, 0.39474257826805115, 0.45826610922813416, 0.3924230933189392, 0.446615993976593, 0.3920289874076843, 0.41733109951019287, 0.39398810267448425, 0.39186587929725647, 0.3966211974620819, 0.7825626134872437, 0.4014853537082672, 0.3970263600349426, 0.4764716625213623, 0.39817705750465393, 0.4069634974002838, 0.4198243319988251, 0.433644562959671, 0.40111464262008667, 0.6983627080917358, 0.39212262630462646, 0.42806389927864075, 0.44827771186828613, 0.7614787817001343, 0.4035603702068329, 0.44110655784606934, 0.49751046299934387, 0.4246736168861389, 0.42032599449157715, 0.4162502586841583, 0.3936261832714081, 0.3948180079460144, 0.4595813751220703, 0.39562541246414185, 0.3987959027290344, 0.4167715013027191, 0.43005359172821045, 0.39570334553718567, 0.3923190236091614, 0.39700332283973694, 0.40377166867256165, 0.44888678193092346, 0.39213934540748596, 0.39231249690055847, 0.8129845261573792, 0.43957260251045227, 0.3981342017650604, 0.4188552498817444, 0.40376925468444824, 0.4537392854690552, 0.4110402762889862, 0.39389315247535706, 0.39589428901672363, 0.4661022126674652, 0.4137645959854126, 0.4182046055793762, 0.46732258796691895, 0.40325862169265747, 0.5278502106666565, 0.438448041677475, 0.4001917243003845, 0.46594691276550293, 0.42293471097946167, 0.571244478225708, 0.5971934795379639, 0.43656671047210693, 0.5518138408660889, 0.39221903681755066, 0.3960598409175873, 0.3923400640487671, 0.42064356803894043, 0.4012162387371063, 0.39219096302986145, 0.46333616971969604, 0.39281558990478516, 0.4231981337070465, 0.4409896731376648, 0.39207518100738525, 0.42439019680023193, 0.5271751880645752, 0.4052802324295044, 0.5270111560821533, 0.4003598392009735, 0.4171510636806488, 0.5917866826057434, 0.5101020336151123, 0.39353400468826294, 0.5787118673324585, 0.42568179965019226, 0.8313915729522705, 0.39297905564308167, 0.3942444324493408, 0.3936925232410431, 0.41028761863708496, 0.5441195964813232, 0.3970605432987213, 0.4058769941329956, 0.4349402189254761, 0.40044134855270386, 0.4039817154407501, 0.5639251470565796, 0.39260444045066833, 0.4059685468673706, 0.3921123445034027, 0.3980002701282501, 0.40093544125556946, 0.3950686752796173, 0.3925027847290039, 0.3965297341346741, 0.44955605268478394, 0.7864232659339905, 0.509175181388855, 0.4904666244983673, 0.4966585636138916, 0.6175821423530579, 0.5374408960342407, 0.463522732257843, 0.5516024231910706, 0.392141729593277, 0.39997974038124084, 0.46714770793914795, 0.3921542763710022, 0.3945131003856659, 0.5827431678771973, 0.41917169094085693, 0.40000206232070923, 0.47757166624069214, 0.3999062776565552, 0.4077783524990082, 0.39388856291770935, 0.39243948459625244, 0.45007437467575073, 0.39661017060279846, 0.46426525712013245, 0.40005362033843994, 0.39570677280426025, 0.39889758825302124, 0.5903699994087219, 0.39248961210250854, 0.6419336199760437, 0.42027488350868225, 0.4264046847820282, 0.39206069707870483, 0.4908093512058258, 0.6335486769676208, 0.41766780614852905, 0.398213267326355, 0.39308711886405945, 0.43765193223953247, 0.39633461833000183, 0.4264638423919678, 0.3948923945426941, 0.4976882040500641, 0.4311281442642212, 0.3945847451686859, 0.39221805334091187, 0.4620843529701233, 0.3941397964954376, 0.6319148540496826, 0.3943999409675598, 0.3948526084423065, 0.3967565894126892, 0.45841580629348755, 0.398042231798172, 0.39316031336784363, 0.41805145144462585, 0.4386689364910126, 0.4720766842365265, 0.3924030065536499, 0.3960709869861603, 0.5840944647789001, 0.3943544030189514, 0.41291749477386475, 0.40107858180999756, 0.3923510015010834, 0.5041322112083435, 0.3922467529773712, 0.3923306167125702, 0.40086469054222107, 0.39613550901412964, 0.39487916231155396, 0.4843473434448242, 0.4068567752838135, 0.4618622958660126, 0.39325860142707825, 0.3990662693977356, 0.40240707993507385, 0.46192988753318787, 0.4672718048095703, 0.42577943205833435, 0.43598130345344543, 0.3931470811367035, 0.3968522548675537, 0.4046372175216675, 0.39265793561935425, 0.5363399386405945, 0.3985307216644287, 0.39305323362350464, 0.4564807116985321, 0.39274710416793823, 0.3944760859012604, 0.4193931818008423, 0.39748015999794006, 0.46655747294425964, 0.507327675819397, 0.5371757745742798, 0.4920922815799713, 0.5077325105667114, 0.4114321768283844, 0.39479079842567444, 0.5366379022598267, 0.3932635188102722, 0.9302926659584045, 0.39227554202079773, 0.3922847807407379, 0.4042479693889618, 0.393243670463562, 0.39223358035087585, 0.4402998387813568, 0.39506280422210693, 0.5336786508560181, 0.44748568534851074, 0.3939865827560425, 0.39721643924713135, 0.427794873714447, 0.41467708349227905, 0.6575100421905518, 0.3989366590976715, 0.3935564160346985, 0.39725449681282043, 0.4153424799442291, 0.44538360834121704, 0.40644821524620056, 0.39494937658309937, 0.41629788279533386, 0.556001603603363, 0.3958107829093933, 0.6931895613670349, 0.4230438470840454, 0.39301517605781555, 0.4018470346927643, 0.6288092136383057, 0.42561405897140503, 0.41258326172828674, 0.6086999773979187, 0.4191798269748688, 0.3938302993774414, 0.4894595444202423, 0.41737785935401917, 0.594968855381012, 0.4443637728691101, 0.4566037356853485, 0.4487158954143524, 0.4785451591014862, 0.4653529226779938, 0.4116551876068115, 0.39229267835617065, 0.40589505434036255, 0.3950868546962738, 0.439426988363266, 0.4903092086315155, 0.40490809082984924, 0.4001374840736389, 0.41010308265686035, 0.3923913836479187, 0.3996371924877167, 0.6192784309387207, 0.5091591477394104, 0.42831844091415405, 0.43880587816238403, 0.43066349625587463, 0.3994237184524536, 0.4948021173477173, 0.39237144589424133, 0.4609786868095398, 0.39588871598243713, 0.3925081193447113, 0.4062577188014984, 0.42608532309532166, 0.4071162939071655, 0.4063812494277954, 0.41549980640411377, 0.4122338891029358, 0.39256492257118225, 0.7868396043777466, 0.3968041241168976, 0.520437479019165, 0.4345366656780243, 0.40696337819099426, 0.41581833362579346, 0.4749159514904022, 0.42207634449005127, 0.4438563287258148, 0.4021854102611542, 0.4012176990509033, 0.39230209589004517, 0.42721736431121826, 0.3963643014431, 0.4459521770477295]",1.0,"[33.0, 33.0, 33.0, 29.0, 18.0, 10.0, 4.0, 3.0, 3.0, 3.0, 3.0, 3.0, 3.0, 3.0, 3.0, 3.0, 3.0, 3.0, 3.0, 2.0, 2.0, 2.0, 2.0, 2.0, 2.0, 2.0, 2.0, 2.0, 2.0, 2.0, 2.0, 2.0, 2.0, 2.0, 2.0, 2.0, 2.0, 2.0, 2.0, 1.0, 1.0, 1.0, 1.0, 1.0, 1.0, 1.0, 1.0, 1.0, 1.0, 1.0, 1.0, 1.0, 1.0, 1.0, 1.0, 1.0, 1.0, 1.0, 1.0, 1.0, 1.0, 1.0, 1.0, 1.0, 1.0, 1.0, 1.0, 1.0, 1.0, 1.0, 1.0, 1.0, 1.0, 1.0, 1.0, 1.0, 1.0, 1.0, 1.0, 1.0, 1.0, 1.0, 1.0, 1.0, 1.0, 1.0, 1.0, 1.0, 1.0, 1.0, 1.0, 1.0, 1.0, 1.0, 1.0, 1.0, 1.0, 1.0, 1.0, 1.0, 1.0, 1.0, 1.0, 1.0, 1.0, 1.0, 1.0, 1.0, 1.0, 1.0, 1.0, 1.0, 1.0, 1.0, 1.0, 1.0, 1.0, 1.0, 1.0, 1.0, 1.0, 1.0, 1.0, 1.0, 1.0, 1.0, 1.0, 1.0, 1.0, 1.0, 1.0, 1.0, 1.0, 1.0, 1.0, 1.0, 1.0, 1.0, 1.0, 1.0, 1.0, 1.0, 1.0, 1.0, 1.0, 1.0, 1.0, 1.0, 1.0, 1.0, 1.0, 1.0, 1.0, 1.0, 1.0, 1.0, 1.0, 1.0, 1.0, 1.0, 1.0, 1.0, 1.0, 1.0, 1.0, 1.0, 1.0, 1.0, 1.0, 1.0, 1.0, 1.0, 1.0, 1.0, 1.0, 1.0, 1.0, 1.0, 1.0, 1.0, 1.0, 1.0, 1.0, 1.0, 1.0, 1.0, 1.0, 1.0, 1.0, 1.0, 1.0, 1.0, 1.0, 1.0, 1.0, 1.0, 1.0, 1.0, 1.0, 1.0, 1.0, 1.0, 1.0, 1.0, 1.0, 1.0, 1.0, 1.0, 1.0, 1.0, 1.0, 1.0, 1.0, 1.0, 1.0, 1.0, 1.0, 1.0, 1.0, 1.0, 1.0, 1.0, 1.0, 1.0, 1.0, 1.0, 1.0, 1.0, 1.0, 1.0, 1.0, 1.0, 1.0, 1.0, 1.0, 1.0, 1.0, 1.0, 1.0, 1.0, 1.0, 1.0, 1.0, 1.0, 1.0, 1.0, 1.0, 1.0, 1.0, 1.0, 1.0, 1.0, 1.0, 1.0, 1.0, 1.0, 1.0, 1.0, 1.0, 1.0, 1.0, 1.0, 1.0, 1.0, 1.0, 1.0, 1.0, 1.0, 1.0, 1.0, 1.0, 1.0, 1.0, 1.0, 1.0, 1.0, 1.0, 1.0, 1.0, 1.0, 1.0, 1.0, 1.0, 1.0, 1.0, 1.0, 1.0, 1.0, 1.0, 1.0, 1.0, 1.0, 1.0, 1.0, 1.0, 1.0, 1.0, 1.0, 1.0, 1.0, 1.0, 1.0, 1.0, 1.0, 1.0, 1.0, 1.0, 1.0, 1.0, 1.0, 1.0, 1.0, 1.0, 1.0, 1.0, 1.0, 1.0, 1.0, 1.0, 1.0, 1.0, 1.0, 1.0, 1.0, 1.0, 1.0, 1.0, 1.0, 1.0, 1.0, 1.0, 1.0, 1.0, 1.0, 1.0, 1.0, 1.0, 1.0, 1.0, 1.0, 1.0, 1.0, 1.0, 1.0, 1.0, 1.0, 1.0, 1.0, 1.0, 1.0]",COMPLETE
70,70,0.9240251961201068,2024-08-31 03:30:35.922836,2024-08-31 03:30:51.006763,0 days 00:00:15.083927,16,6.26860941844733,5,10,0.0033029471131785686,2,0.00011002927394138441,0.929,0.92875,33,"[33, 33, 33, 33, 33, 33, 33, 33, 33, 33]",33.0,"[32.95161290322581, 32.983870967741936, 32.983870967741936, 32.983870967741936, 32.96774193548387, 32.983870967741936, 33.0, 32.935483870967744, 33.0, 33.0]",0.9062409696249143,0.9240251961201068,33,"[33, 33, 33, 33, 33, 33, 33, 33, 33, 33]",10,"[0.34461072087287903, 0.3031715750694275, 0.2747088670730591, 0.26271122694015503, 0.2532461881637573, 0.23019926249980927, 0.2131938338279724, 0.2114643156528473, 0.2555282711982727, 0.20051001012325287]",33.0,"[33.0, 33.0, 33.0, 33.0, 33.0, 33.0, 33.0, 33.0, 33.0, 33.0]",COMPLETE
