,number,value,datetime_start,datetime_complete,duration,params_batch_size_scaler,params_constant_learning_rate,params_depth,params_epochs,params_kernel_l2,params_num_trees,params_temperature,user_attrs_accuracy_test,user_attrs_accuracy_valid,user_attrs_approximate_feature_sparsity,user_attrs_approximate_feature_sparsity_history,user_attrs_approximate_weight_sparsity,user_attrs_approximate_weight_sparsity_history,user_attrs_auc_test,user_attrs_auc_valid,user_attrs_feature_sparsity,user_attrs_feature_sparsity_history,user_attrs_num_epochs,user_attrs_val_loss_history,user_attrs_weight_sparsity,user_attrs_weight_sparsity_history,state
16,16,0.732490886372712,2024-08-31 01:08:01.340748,2024-08-31 01:11:48.101441,0 days 00:03:46.760693,4,0.07263556081524769,6,50,0.004444760996394966,84,0.031281190376515555,0.876,0.87125,33,"[33, 33, 33, 33, 33, 33, 33, 33, 33, 33, 33, 33, 33, 33, 33, 33, 33, 33, 33, 33, 33, 33, 33, 33, 33, 33, 33, 33, 33, 33, 33, 33, 33, 33, 33, 33, 33, 33, 33, 33, 33, 33, 33, 33, 33, 33, 33, 33, 33, 33]",32.90136054421769,"[32.90362811791383, 32.90608465608466, 32.90778533635677, 32.90230536659108, 32.90589569160998, 32.90589569160998, 32.90060468631897, 32.90325018896448, 32.90778533635677, 32.8994708994709, 32.9021164021164, 32.897203325774754, 32.90419501133787, 32.90230536659108, 32.90154950869236, 32.89890400604686, 32.90154950869236, 32.902116402116405, 32.90721844293273, 32.90362811791383, 32.90362811791383, 32.90684051398337, 32.9030612244898, 32.90325018896448, 32.90400604686319, 32.90721844293273, 32.90438397581255, 32.905706727135296, 32.90684051398337, 32.90608465608466, 32.904572940287224, 32.906840513983376, 32.902872260015116, 32.90532879818594, 32.904572940287224, 32.90419501133787, 32.90665154950869, 32.90400604686319, 32.91043083900227, 32.911375661375665, 32.90873015873016, 32.907407407407405, 32.90684051398337, 32.905706727135296, 32.900226757369616, 32.9021164021164, 32.89777021919879, 32.89795918367347, 32.90230536659108, 32.90136054421769]",0.7669399516178304,0.732490886372712,33,"[33, 33, 33, 33, 33, 33, 33, 33, 33, 33, 33, 33, 33, 33, 33, 33, 33, 33, 33, 33, 33, 33, 33, 33, 33, 33, 33, 33, 33, 33, 33, 33, 33, 33, 33, 33, 33, 33, 33, 33, 33, 33, 33, 33, 33, 33, 33, 33, 33, 33]",50,"[0.4073643386363983, 0.3980931341648102, 0.39396780729293823, 0.39082103967666626, 0.3880065679550171, 0.38561302423477173, 0.3835130035877228, 0.3815793991088867, 0.3799229860305786, 0.37845513224601746, 0.37708336114883423, 0.3756996989250183, 0.37466609477996826, 0.37346509099006653, 0.37253493070602417, 0.37157657742500305, 0.37086257338523865, 0.3699686527252197, 0.369270920753479, 0.3684885799884796, 0.3677673041820526, 0.3670753240585327, 0.36642247438430786, 0.3658355474472046, 0.36514732241630554, 0.36453479528427124, 0.3639954626560211, 0.36349380016326904, 0.36311638355255127, 0.3623102605342865, 0.36167117953300476, 0.36120113730430603, 0.360646516084671, 0.36012813448905945, 0.3595227003097534, 0.3590129017829895, 0.35841670632362366, 0.35789740085601807, 0.35730090737342834, 0.35679295659065247, 0.35625922679901123, 0.35574451088905334, 0.3552841544151306, 0.3549470007419586, 0.3543875515460968, 0.35370975732803345, 0.3531453013420105, 0.3525874614715576, 0.3520492911338806, 0.3515668213367462]",33.0,"[33.0, 33.0, 33.0, 33.0, 33.0, 33.0, 33.0, 33.0, 33.0, 33.0, 33.0, 33.0, 33.0, 33.0, 33.0, 33.0, 33.0, 33.0, 33.0, 33.0, 33.0, 33.0, 33.0, 33.0, 33.0, 33.0, 33.0, 33.0, 33.0, 33.0, 33.0, 33.0, 33.0, 33.0, 33.0, 33.0, 33.0, 33.0, 33.0, 33.0, 33.0, 33.0, 33.0, 33.0, 33.0, 33.0, 33.0, 33.0, 33.0, 33.0]",COMPLETE
17,17,0.9282631938272082,2024-08-31 01:11:48.610453,2024-08-31 01:21:46.290994,0 days 00:09:57.680541,1,0.4152785512595276,6,270,0.21130192088804792,10,0.000492616321299019,0.932,0.93625,10,"[33, 33, 33, 33, 33, 24, 17, 17, 17, 17, 16, 16, 16, 16, 16, 16, 16, 15, 15, 15, 14, 14, 14, 14, 14, 14, 14, 14, 14, 14, 14, 14, 13, 13, 13, 13, 12, 12, 12, 12, 12, 12, 12, 12, 12, 12, 12, 12, 12, 11, 11, 11, 11, 10, 10, 10, 10, 10, 10, 10, 10, 10, 10, 10, 10, 10, 10, 10, 10, 10, 10, 10, 10, 10, 10, 10, 10, 10, 10, 10, 10, 10, 10, 10, 10, 10, 10, 10, 10, 10, 10, 10, 10, 10, 10, 10, 10, 10, 10, 10, 10, 10, 10, 10, 10, 10, 10, 10, 10, 10, 10, 10, 10, 10, 10, 10, 10, 10, 10, 10, 10, 10, 10, 10, 10, 10, 10, 10, 10, 10, 10, 10, 10, 10, 10, 10, 10, 10, 10, 10, 10, 10, 10, 10, 10, 10, 10, 10, 10, 10, 10, 10, 10, 10, 10, 10, 10, 10, 10, 10, 10, 10, 10, 10, 10, 10, 10, 10, 10, 10, 10, 10, 10, 10, 10, 10, 10, 10, 10, 10, 10, 10, 10, 10, 10, 10, 10, 10, 10, 10, 10, 10, 10, 10, 10, 10, 10, 10, 10, 10, 10, 10, 10, 10, 10, 10, 10, 10, 10, 10, 10, 10, 10, 10, 10, 10, 10, 10, 10, 10, 10, 10, 10, 10, 10, 10, 10, 10, 10, 10, 10, 10, 10, 10, 10, 10, 10, 10, 10, 10, 10, 10, 10, 10, 10, 10, 10, 10, 10, 10, 10, 10, 10, 10, 10, 10, 10, 10, 10, 10, 10, 10, 10, 10, 10, 10, 10, 10, 10, 10]",9.536507936507936,"[32.96666666666667, 32.96190476190476, 32.96825396825397, 32.971428571428575, 32.95873015873016, 23.977777777777778, 16.97936507936508, 16.963492063492062, 16.963492063492062, 16.969841269841268, 15.965079365079365, 15.980952380952381, 15.97936507936508, 15.974603174603175, 15.976190476190476, 15.977777777777778, 15.974603174603175, 14.971428571428572, 14.961904761904762, 14.971428571428572, 13.980952380952381, 13.976190476190476, 13.966666666666667, 13.955555555555556, 13.963492063492064, 13.946031746031746, 13.931746031746032, 13.944444444444445, 13.946031746031746, 13.944444444444445, 13.94920634920635, 13.941269841269841, 12.950793650793651, 12.946031746031746, 12.958730158730159, 12.946031746031746, 11.938095238095238, 11.936507936507937, 11.93968253968254, 11.936507936507937, 11.934920634920635, 11.923809523809524, 11.93015873015873, 11.915873015873016, 11.920634920634921, 11.922222222222222, 11.926984126984127, 11.89047619047619, 11.90952380952381, 10.923809523809524, 10.885714285714286, 10.896825396825397, 10.884126984126985, 9.907936507936508, 9.906349206349207, 9.90952380952381, 9.903174603174604, 9.893650793650794, 9.904761904761905, 9.88888888888889, 9.871428571428572, 9.896825396825397, 9.882539682539683, 9.893650793650794, 9.88888888888889, 9.880952380952381, 9.865079365079366, 9.877777777777778, 9.873015873015873, 9.887301587301588, 9.85873015873016, 9.885714285714286, 9.871428571428572, 9.88888888888889, 9.874603174603175, 9.852380952380953, 9.857142857142858, 9.83015873015873, 9.847619047619048, 9.857142857142858, 9.85873015873016, 9.855555555555556, 9.826984126984128, 9.825396825396826, 9.807936507936509, 9.793650793650794, 9.803174603174604, 9.807936507936509, 9.790476190476191, 9.785714285714286, 9.790476190476191, 9.765079365079366, 9.768253968253969, 9.77936507936508, 9.757142857142858, 9.744444444444445, 9.747619047619049, 9.757142857142858, 9.738095238095239, 9.765079365079366, 9.773015873015874, 9.750793650793652, 9.746031746031747, 9.731746031746031, 9.7, 9.73968253968254, 9.733333333333334, 9.75079365079365, 9.736507936507937, 9.719047619047618, 9.714285714285715, 9.72063492063492, 9.704761904761906, 9.679365079365079, 9.703174603174602, 9.728571428571428, 9.69047619047619, 9.653968253968255, 9.693650793650795, 9.685714285714287, 9.715873015873017, 9.725396825396826, 9.755555555555556, 9.712698412698414, 9.693650793650795, 9.692063492063493, 9.706349206349207, 9.70952380952381, 9.682539682539684, 9.75873015873016, 9.714285714285715, 9.709523809523809, 9.711111111111112, 9.68888888888889, 9.717460317460318, 9.715873015873015, 9.734920634920636, 9.676190476190477, 9.646031746031746, 9.76984126984127, 9.715873015873015, 9.71904761904762, 9.725396825396825, 9.722222222222221, 9.728571428571428, 9.746031746031747, 9.733333333333334, 9.693650793650793, 9.631746031746031, 9.68095238095238, 9.623809523809523, 9.673015873015874, 9.719047619047618, 9.696825396825396, 9.70952380952381, 9.714285714285715, 9.677777777777777, 9.736507936507937, 9.755555555555556, 9.653968253968253, 9.6984126984127, 9.700000000000001, 9.658730158730158, 9.707936507936509, 9.638095238095238, 9.636507936507936, 9.6984126984127, 9.703174603174602, 9.6984126984127, 9.687301587301587, 9.703174603174604, 9.657142857142858, 9.601587301587301, 9.587301587301589, 9.668253968253968, 9.703174603174604, 9.6984126984127, 9.704761904761906, 9.634920634920636, 9.641269841269843, 9.653968253968253, 9.647619047619049, 9.680952380952382, 9.587301587301589, 9.63809523809524, 9.595238095238095, 9.592063492063492, 9.720634920634922, 9.65873015873016, 9.693650793650795, 9.590476190476192, 9.765079365079366, 9.72857142857143, 9.711111111111112, 9.657142857142858, 9.653968253968255, 9.725396825396826, 9.649206349206349, 9.657142857142858, 9.652380952380954, 9.617460317460317, 9.684126984126985, 9.650793650793652, 9.61904761904762, 9.706349206349207, 9.715873015873017, 9.644444444444446, 9.680952380952382, 9.603174603174605, 9.606349206349206, 9.625396825396825, 9.600000000000001, 9.715873015873017, 9.65873015873016, 9.617460317460317, 9.660317460317462, 9.63015873015873, 9.58095238095238, 9.612698412698412, 9.653968253968255, 9.71904761904762, 9.634920634920634, 9.639682539682541, 9.715873015873017, 9.723809523809525, 9.55079365079365, 9.631746031746031, 9.63015873015873, 9.707936507936507, 9.679365079365079, 9.704761904761906, 9.61111111111111, 9.742857142857144, 9.685714285714287, 9.733333333333334, 9.673015873015874, 9.66825396825397, 9.66984126984127, 9.703174603174604, 9.622222222222224, 9.65079365079365, 9.67936507936508, 9.696825396825398, 9.614285714285714, 9.574603174603174, 9.615873015873015, 9.736507936507937, 9.677777777777779, 9.673015873015874, 9.696825396825398, 9.584126984126984, 9.584126984126984, 9.6, 9.722222222222223, 9.712698412698414, 9.596825396825396, 9.669841269841271, 9.674603174603176, 9.60952380952381, 9.623809523809523, 9.598412698412698, 9.596825396825396, 9.674603174603176, 9.62063492063492, 9.625396825396825, 9.61111111111111, 9.585714285714285, 9.565079365079365, 9.603174603174603, 9.536507936507936]",0.9229600640692213,0.9282631938272082,10,"[33, 33, 33, 33, 33, 24, 17, 17, 17, 17, 16, 16, 16, 16, 16, 16, 16, 15, 15, 15, 14, 14, 14, 14, 14, 14, 14, 14, 14, 14, 14, 14, 13, 13, 13, 13, 12, 12, 12, 12, 12, 12, 12, 12, 12, 12, 12, 12, 12, 11, 11, 11, 11, 10, 10, 10, 10, 10, 10, 10, 10, 10, 10, 10, 10, 10, 10, 10, 10, 10, 10, 10, 10, 10, 10, 10, 10, 10, 10, 10, 10, 10, 10, 10, 10, 10, 10, 10, 10, 10, 10, 10, 10, 10, 10, 10, 10, 10, 10, 10, 10, 10, 10, 10, 10, 10, 10, 10, 10, 10, 10, 10, 10, 10, 10, 10, 10, 10, 10, 10, 10, 10, 10, 10, 10, 10, 10, 10, 10, 10, 10, 10, 10, 10, 10, 10, 10, 10, 10, 10, 10, 10, 10, 10, 10, 10, 10, 10, 10, 10, 10, 10, 10, 10, 10, 10, 10, 10, 10, 10, 10, 10, 10, 10, 10, 10, 10, 10, 10, 10, 10, 10, 10, 10, 10, 10, 10, 10, 10, 10, 10, 10, 10, 10, 10, 10, 10, 10, 10, 10, 10, 10, 10, 10, 10, 10, 10, 10, 10, 10, 10, 10, 10, 10, 10, 10, 10, 10, 10, 10, 10, 10, 10, 10, 10, 10, 10, 10, 10, 10, 10, 10, 10, 10, 10, 10, 10, 10, 10, 10, 10, 10, 10, 10, 10, 10, 10, 10, 10, 10, 10, 10, 10, 10, 10, 10, 10, 10, 10, 10, 10, 10, 10, 10, 10, 10, 10, 10, 10, 10, 10, 10, 10, 10, 10, 10, 10, 10, 10, 10]",270,"[0.3785334527492523, 0.3505198657512665, 0.32719284296035767, 0.3077700436115265, 0.28684332966804504, 0.2763230502605438, 0.2620247006416321, 0.25522086024284363, 0.24878118932247162, 0.24181950092315674, 0.23762036859989166, 0.23759853839874268, 0.22695568203926086, 0.22833390533924103, 0.21951662003993988, 0.22587747871875763, 0.21778371930122375, 0.21818429231643677, 0.2161189615726471, 0.2161034643650055, 0.22101947665214539, 0.21008539199829102, 0.21042001247406006, 0.21539254486560822, 0.20894725620746613, 0.20582567155361176, 0.20446047186851501, 0.20261400938034058, 0.20560222864151, 0.2035023719072342, 0.20325300097465515, 0.20206719636917114, 0.21687781810760498, 0.21620601415634155, 0.21596355736255646, 0.21725107729434967, 0.2280641496181488, 0.22207722067832947, 0.23198992013931274, 0.2337401956319809, 0.21610994637012482, 0.22717449069023132, 0.2113087773323059, 0.2097143679857254, 0.21520540118217468, 0.2135031819343567, 0.22227993607521057, 0.2163417637348175, 0.21634544432163239, 0.21129558980464935, 0.21913759410381317, 0.21574297547340393, 0.21450231969356537, 0.21284544467926025, 0.2131563425064087, 0.2175091803073883, 0.212215855717659, 0.21421603858470917, 0.22003357112407684, 0.21171964704990387, 0.21641473472118378, 0.21438859403133392, 0.2180623561143875, 0.22143112123012543, 0.2104935199022293, 0.2151218205690384, 0.20665892958641052, 0.207973912358284, 0.2137802094221115, 0.21469886600971222, 0.22272571921348572, 0.21292848885059357, 0.2132808119058609, 0.2144036442041397, 0.2113942950963974, 0.20608484745025635, 0.21113775670528412, 0.21299037337303162, 0.23627306520938873, 0.20977835357189178, 0.2128361165523529, 0.2122960239648819, 0.2100486308336258, 0.22407464683055878, 0.21030022203922272, 0.2089991420507431, 0.22141976654529572, 0.20625685155391693, 0.216769739985466, 0.21402844786643982, 0.23598617315292358, 0.21786607801914215, 0.2191852182149887, 0.2224755734205246, 0.21135631203651428, 0.21217603981494904, 0.22648653388023376, 0.20543663203716278, 0.20663924515247345, 0.21605312824249268, 0.22091259062290192, 0.21000289916992188, 0.2085210084915161, 0.21422377228736877, 0.2100992351770401, 0.21183525025844574, 0.2115556001663208, 0.20824860036373138, 0.20847122371196747, 0.22489593923091888, 0.20776523649692535, 0.21247640252113342, 0.207729771733284, 0.20805571973323822, 0.2076210081577301, 0.21126128733158112, 0.2098589688539505, 0.21053938567638397, 0.20722895860671997, 0.21696990728378296, 0.2095915973186493, 0.20770347118377686, 0.2118273377418518, 0.2101450115442276, 0.2079189270734787, 0.21354879438877106, 0.2091413289308548, 0.21775928139686584, 0.20693258941173553, 0.2124365270137787, 0.2080424278974533, 0.21515144407749176, 0.21123526990413666, 0.21048904955387115, 0.22281648218631744, 0.2056281864643097, 0.21410511434078217, 0.20773422718048096, 0.21229572594165802, 0.22257159650325775, 0.2101021707057953, 0.2100335657596588, 0.2036387324333191, 0.2235463708639145, 0.2155642956495285, 0.2160266935825348, 0.2064129114151001, 0.20640867948532104, 0.21712499856948853, 0.20678333938121796, 0.212029367685318, 0.20950546860694885, 0.2078227549791336, 0.21490825712680817, 0.2121269404888153, 0.20709644258022308, 0.2195601463317871, 0.20776931941509247, 0.20685407519340515, 0.20480039715766907, 0.21477386355400085, 0.22399699687957764, 0.20925502479076385, 0.210538849234581, 0.20588436722755432, 0.2121448963880539, 0.21455278992652893, 0.2096531093120575, 0.22402901947498322, 0.2027895152568817, 0.20672160387039185, 0.21350747346878052, 0.25505658984184265, 0.20473983883857727, 0.20646324753761292, 0.2194250077009201, 0.21013736724853516, 0.20621614158153534, 0.20652398467063904, 0.22420629858970642, 0.2070295512676239, 0.20673970878124237, 0.20601524412631989, 0.22044840455055237, 0.20898942649364471, 0.21020297706127167, 0.2079048603773117, 0.20513209700584412, 0.20492497086524963, 0.20796510577201843, 0.2089323252439499, 0.20790135860443115, 0.2139156460762024, 0.20881235599517822, 0.20126789808273315, 0.20258685946464539, 0.21725454926490784, 0.21213260293006897, 0.2156466543674469, 0.21122688055038452, 0.20832176506519318, 0.21956850588321686, 0.20629249513149261, 0.21287813782691956, 0.20995689928531647, 0.2097225785255432, 0.22685614228248596, 0.210274338722229, 0.2155589461326599, 0.20203843712806702, 0.2072434276342392, 0.2048707753419876, 0.21192844212055206, 0.2064616084098816, 0.2094036042690277, 0.2032569944858551, 0.20877809822559357, 0.20639783143997192, 0.2047012448310852, 0.22055405378341675, 0.2135007530450821, 0.20841896533966064, 0.20553594827651978, 0.20712485909461975, 0.20765067636966705, 0.2049521505832672, 0.20633375644683838, 0.22414706647396088, 0.20479732751846313, 0.21552373468875885, 0.20787203311920166, 0.20732809603214264, 0.20936408638954163, 0.2072519063949585, 0.21091623604297638, 0.2090887576341629, 0.2046922892332077, 0.21413284540176392, 0.20400181412696838, 0.20269694924354553, 0.21553795039653778, 0.20544187724590302, 0.21770459413528442, 0.20490989089012146, 0.21259814500808716, 0.20816269516944885, 0.2164018452167511, 0.20779642462730408, 0.20522908866405487, 0.21127641201019287, 0.20384164154529572, 0.20705446600914001, 0.2092299908399582, 0.20600442588329315, 0.20949465036392212, 0.2081514298915863, 0.20862466096878052, 0.2093360275030136, 0.20607921481132507, 0.20847424864768982, 0.20820753276348114, 0.20690330862998962, 0.2080860286951065, 0.20335958898067474, 0.21688470244407654, 0.21241287887096405, 0.21518686413764954, 0.20548848807811737, 0.20782145857810974, 0.20283803343772888]",10.0,"[33.0, 33.0, 33.0, 33.0, 33.0, 24.0, 17.0, 17.0, 17.0, 17.0, 16.0, 16.0, 16.0, 16.0, 16.0, 16.0, 16.0, 15.0, 15.0, 15.0, 14.0, 14.0, 14.0, 14.0, 14.0, 14.0, 14.0, 14.0, 14.0, 14.0, 14.0, 14.0, 13.0, 13.0, 13.0, 13.0, 12.0, 12.0, 12.0, 12.0, 12.0, 12.0, 12.0, 12.0, 12.0, 12.0, 12.0, 12.0, 12.0, 11.0, 11.0, 11.0, 11.0, 10.0, 10.0, 10.0, 10.0, 10.0, 10.0, 10.0, 10.0, 10.0, 10.0, 10.0, 10.0, 10.0, 10.0, 10.0, 10.0, 10.0, 10.0, 10.0, 10.0, 10.0, 10.0, 10.0, 10.0, 10.0, 10.0, 10.0, 10.0, 10.0, 10.0, 10.0, 10.0, 10.0, 10.0, 10.0, 10.0, 10.0, 10.0, 10.0, 10.0, 10.0, 10.0, 10.0, 10.0, 10.0, 10.0, 10.0, 10.0, 10.0, 10.0, 10.0, 10.0, 10.0, 10.0, 10.0, 10.0, 10.0, 10.0, 10.0, 10.0, 10.0, 10.0, 10.0, 10.0, 10.0, 10.0, 10.0, 10.0, 10.0, 10.0, 10.0, 10.0, 10.0, 10.0, 10.0, 10.0, 10.0, 10.0, 10.0, 10.0, 10.0, 10.0, 10.0, 10.0, 10.0, 10.0, 10.0, 10.0, 10.0, 10.0, 10.0, 10.0, 10.0, 10.0, 10.0, 10.0, 10.0, 10.0, 10.0, 10.0, 10.0, 10.0, 10.0, 10.0, 10.0, 10.0, 10.0, 10.0, 10.0, 10.0, 10.0, 10.0, 10.0, 10.0, 10.0, 10.0, 10.0, 10.0, 10.0, 10.0, 10.0, 10.0, 10.0, 10.0, 10.0, 10.0, 10.0, 10.0, 10.0, 10.0, 10.0, 10.0, 10.0, 10.0, 10.0, 10.0, 10.0, 10.0, 10.0, 10.0, 10.0, 10.0, 10.0, 10.0, 10.0, 10.0, 10.0, 10.0, 10.0, 10.0, 10.0, 10.0, 10.0, 10.0, 10.0, 10.0, 10.0, 10.0, 10.0, 10.0, 10.0, 10.0, 10.0, 10.0, 10.0, 10.0, 10.0, 10.0, 10.0, 10.0, 10.0, 10.0, 10.0, 10.0, 10.0, 10.0, 10.0, 10.0, 10.0, 10.0, 10.0, 10.0, 10.0, 10.0, 10.0, 10.0, 10.0, 10.0, 10.0, 10.0, 10.0, 10.0, 10.0, 10.0, 10.0, 10.0, 10.0, 10.0, 10.0, 10.0, 10.0, 10.0, 10.0, 10.0, 10.0, 10.0, 10.0, 10.0, 10.0, 10.0, 10.0, 10.0, 10.0, 10.0, 10.0, 10.0, 10.0]",COMPLETE
18,18,0.6619327330576703,2024-08-31 01:21:46.712603,2024-08-31 01:22:05.087186,0 days 00:00:18.374583,1,1.2633838963929545,1,30,0.16912656200652615,85,0.0008204635632995884,0.859,0.85875,2,"[6, 3, 3, 3, 3, 2, 2, 2, 2, 2, 2, 2, 2, 2, 2, 2, 2, 2, 2, 2, 2, 2, 2, 2, 2, 2, 2, 2, 2, 2]",0.023529411764705882,"[5.988235294117647, 3.0, 3.0, 3.0, 3.0, 2.0, 2.0, 2.0, 1.9764705882352942, 1.8941176470588235, 1.6, 0.9529411764705882, 0.3529411764705882, 0.10588235294117647, 0.03529411764705882, 0.023529411764705882, 0.023529411764705882, 0.023529411764705882, 0.023529411764705882, 0.023529411764705882, 0.023529411764705882, 0.023529411764705882, 0.023529411764705882, 0.023529411764705882, 0.023529411764705882, 0.023529411764705882, 0.023529411764705882, 0.023529411764705882, 0.023529411764705882, 0.023529411764705882]",0.6497576763348443,0.6619327330576703,2,"[6, 3, 3, 3, 3, 2, 2, 2, 2, 2, 2, 2, 2, 2, 2, 2, 2, 2, 2, 2, 2, 2, 2, 2, 2, 2, 2, 2, 2, 2]",30,"[17.656875610351562, 1.5455600023269653, 12.099475860595703, 3.2218151092529297, 2.405862331390381, 2.571079730987549, 2.2562479972839355, 3.0379769802093506, 3.815873146057129, 1.9269776344299316, 13.020666122436523, 7.8957061767578125, 2.0433034896850586, 5.549442768096924, 3.7387027740478516, 1.5424102544784546, 11.791394233703613, 11.571999549865723, 3.057746171951294, 5.628446578979492, 1.7647250890731812, 1.2090156078338623, 1.607503056526184, 18.043134689331055, 1.4585700035095215, 1.3734463453292847, 2.8803317546844482, 1.8261851072311401, 4.376368999481201, 3.321536064147949]",2.0,"[6.0, 3.0, 3.0, 3.0, 3.0, 2.0, 2.0, 2.0, 2.0, 2.0, 2.0, 2.0, 2.0, 2.0, 2.0, 2.0, 2.0, 2.0, 2.0, 2.0, 2.0, 2.0, 2.0, 2.0, 2.0, 2.0, 2.0, 2.0, 2.0, 2.0]",COMPLETE
19,19,0.5,2024-08-31 01:22:05.481336,2024-08-31 01:22:13.448844,0 days 00:00:07.967508,16,3.0690448521974916,3,35,0.449494408065706,8,0.002174856145676305,0.859,0.85875,0,"[2, 0, 0, 0, 0, 0, 0, 0, 0, 0, 0, 0, 0, 0, 0, 0, 0, 0, 0, 0, 0, 0, 0, 0, 0, 0, 0, 0, 0, 0, 0, 0, 0, 0, 0]",0.0,"[2.0, 0.0, 0.0, 0.0, 0.0, 0.0, 0.0, 0.0, 0.0, 0.0, 0.0, 0.0, 0.0, 0.0, 0.0, 0.0, 0.0, 0.0, 0.0, 0.0, 0.0, 0.0, 0.0, 0.0, 0.0, 0.0, 0.0, 0.0, 0.0, 0.0, 0.0, 0.0, 0.0, 0.0, 0.0]",0.5,0.5,0,"[2, 0, 0, 0, 0, 0, 0, 0, 0, 0, 0, 0, 0, 0, 0, 0, 0, 0, 0, 0, 0, 0, 0, 0, 0, 0, 0, 0, 0, 0, 0, 0, 0, 0, 0]",35,"[0.40958091616630554, 0.4168085753917694, 0.4081016480922699, 0.40761277079582214, 0.4352298676967621, 0.4074120819568634, 0.40774479508399963, 0.4147862493991852, 0.4072268009185791, 0.4097062349319458, 0.40810248255729675, 0.41037461161613464, 0.4075356721878052, 0.4079487919807434, 0.41046324372291565, 0.40890029072761536, 0.4123474359512329, 0.40783020853996277, 0.40722912549972534, 0.4080808162689209, 0.4072546362876892, 0.4074220657348633, 0.415943443775177, 0.4096771478652954, 0.41208431124687195, 0.41258761286735535, 0.43487006425857544, 0.40797874331474304, 0.40835872292518616, 0.4072484076023102, 0.40927860140800476, 0.42403021454811096, 0.4072321057319641, 0.4076434373855591, 0.40724876523017883]",0.0,"[2.0, 0.0, 0.0, 0.0, 0.0, 0.0, 0.0, 0.0, 0.0, 0.0, 0.0, 0.0, 0.0, 0.0, 0.0, 0.0, 0.0, 0.0, 0.0, 0.0, 0.0, 0.0, 0.0, 0.0, 0.0, 0.0, 0.0, 0.0, 0.0, 0.0, 0.0, 0.0, 0.0, 0.0, 0.0]",COMPLETE
