,number,value,datetime_start,datetime_complete,duration,params_batch_size_scaler,params_constant_learning_rate,params_depth,params_epochs,params_kernel_l2,params_num_trees,params_temperature,user_attrs_accuracy_test,user_attrs_accuracy_valid,user_attrs_approximate_feature_sparsity,user_attrs_approximate_feature_sparsity_history,user_attrs_approximate_weight_sparsity,user_attrs_approximate_weight_sparsity_history,user_attrs_auc_test,user_attrs_auc_valid,user_attrs_feature_sparsity,user_attrs_feature_sparsity_history,user_attrs_num_epochs,user_attrs_val_loss_history,user_attrs_weight_sparsity,user_attrs_weight_sparsity_history,state
97,97,0.8908812201311332,2024-08-31 04:25:35.830465,2024-08-31 04:27:18.945469,0 days 00:01:43.115004,16,0.03767960990441936,3,500,0.006980865331720372,92,0.0001509706208288147,0.883,0.885,33,"[33, 33, 33, 33, 33, 33, 33, 33, 33, 33, 33, 33, 33, 33, 33, 33, 33, 33, 33, 33, 33, 33, 33, 33, 33, 33, 33, 33, 33, 33, 33, 33, 33, 33, 33, 33, 33, 33, 33, 33, 33, 33, 33, 33, 33, 33, 33, 33, 33, 33, 33, 33, 33, 33, 33, 33, 33, 33, 33, 33, 33, 33, 33, 33, 33, 33, 33, 33, 33, 33, 33, 33, 33, 33, 33, 33, 33, 33, 33, 33, 33, 33, 33, 33, 33, 33, 33, 33, 33, 33, 33, 33, 33, 33, 33, 33, 33, 33, 33, 33, 33, 33, 33, 33, 33, 33, 33, 33, 33, 33, 33, 33, 33, 33, 33, 33, 33, 33, 33, 33, 33, 33, 33, 33, 33, 33, 33, 33, 33, 33, 33, 33, 33, 33, 33, 33, 33, 33, 33, 33, 33, 33, 33, 33, 33, 33, 33, 33, 33, 33, 33, 33, 33, 33, 33, 33, 33, 33, 33, 33, 33, 33, 33, 33, 33, 33, 33, 33, 33, 33, 33, 33, 33, 33, 33, 33, 33, 33, 33, 33, 33, 33, 33, 33, 33, 33, 33, 33, 33, 33, 33, 33, 33, 33, 33, 33, 33, 33, 33, 33, 33, 33, 33, 33, 33, 33, 33, 33, 33, 33, 33, 33, 33, 33, 33, 33, 33, 33, 33, 33, 33, 33, 33, 33, 33, 33, 33, 33, 33, 33, 33, 33, 33, 33, 33, 33, 33, 33, 33, 33, 33, 33, 33, 33, 33, 33, 33, 33, 33, 33, 33, 33, 33, 33, 33, 33, 33, 33, 33, 33, 33, 33, 33, 33, 33, 33, 33, 33, 33, 33, 33, 33, 33, 33, 33, 33, 33, 33, 33, 33, 33, 33, 33, 33, 33, 33, 33, 33, 33, 33, 33, 33, 33, 33, 33, 33, 33, 33, 33, 33, 33, 33, 33, 33, 33, 33, 33, 33, 33, 33, 33, 33, 33, 33, 33, 33, 33, 33, 33, 33, 33, 33, 33, 33, 33, 33, 33, 33, 33, 33, 33, 33, 33, 33, 33, 33, 33, 33, 33, 33, 33, 33, 33, 33, 33, 33, 33, 33, 33, 33, 33, 33, 33, 33, 33, 33, 33, 33, 33, 33, 33, 33, 33, 33, 33, 33, 33, 33, 33, 33, 33, 33, 33, 33, 33, 33, 33, 33, 33, 33, 33, 33, 33, 33, 33, 33, 33, 33, 33, 33, 33, 33, 33, 33, 33, 33, 33, 33, 33, 33, 33, 33, 33, 33, 33, 33, 33, 33, 33, 33, 33, 33, 33, 33, 33, 33, 33, 33, 33, 33, 33, 33, 33, 33, 33, 33, 33, 33, 33, 33, 33, 33, 33, 33, 33, 33, 33, 33, 33, 33, 33, 33, 33, 33, 33, 33, 33, 33, 33, 33, 33, 33, 33, 33, 33, 33, 33, 33, 33, 33, 33, 33, 33, 33, 33, 33, 33, 33, 33, 33, 33, 33, 33, 33, 33, 33, 33, 33, 33, 33, 33, 33, 33, 33, 33, 33, 33, 33, 33, 33, 33, 33, 33, 33, 33, 33, 33, 33, 33, 33]",32.965838509316775,"[32.96894409937888, 32.96894409937888, 32.95962732919255, 32.96739130434783, 32.964285714285715, 32.9611801242236, 32.96583850931677, 32.954968944099384, 32.9611801242236, 32.96583850931677, 32.95962732919255, 32.954968944099384, 32.953416149068325, 32.953416149068325, 32.95031055900621, 32.95962732919255, 32.95962732919254, 32.95496894409938, 32.96583850931677, 32.964285714285715, 32.964285714285715, 32.96739130434783, 32.96739130434783, 32.9611801242236, 32.96273291925466, 32.95962732919255, 32.95341614906832, 32.95031055900621, 32.9611801242236, 32.95652173913044, 32.96273291925466, 32.9611801242236, 32.95496894409938, 32.95496894409938, 32.964285714285715, 32.96739130434783, 32.96894409937888, 32.95652173913044, 32.95496894409938, 32.95807453416149, 32.95807453416149, 32.95962732919255, 32.96273291925466, 32.965838509316775, 32.9611801242236, 32.95807453416149, 32.96118012422361, 32.96273291925466, 32.96273291925466, 32.953416149068325, 32.95496894409938, 32.95962732919255, 32.95652173913044, 32.95186335403727, 32.9472049689441, 32.95031055900621, 32.9472049689441, 32.95807453416149, 32.9611801242236, 32.953416149068325, 32.94875776397516, 32.95186335403727, 32.95652173913044, 32.95807453416149, 32.964285714285715, 32.96583850931677, 32.96894409937888, 32.96583850931677, 32.96894409937888, 32.964285714285715, 32.96273291925466, 32.9611801242236, 32.96273291925466, 32.95807453416149, 32.964285714285715, 32.96273291925466, 32.964285714285715, 32.972049689441, 32.97049689440994, 32.964285714285715, 32.97204968944099, 32.96273291925466, 32.964285714285715, 32.951863354037265, 32.95807453416149, 32.96739130434783, 32.96894409937888, 32.96739130434783, 32.95962732919255, 32.96894409937888, 32.96273291925466, 32.9611801242236, 32.96273291925466, 32.96583850931677, 32.96583850931677, 32.965838509316775, 32.96739130434783, 32.9611801242236, 32.9580745341615, 32.95652173913044, 32.953416149068325, 32.953416149068325, 32.953416149068325, 32.95186335403727, 32.95496894409938, 32.95652173913044, 32.964285714285715, 32.964285714285715, 32.96273291925466, 32.975155279503106, 32.97204968944099, 32.964285714285715, 32.96273291925466, 32.964285714285715, 32.96583850931677, 32.964285714285715, 32.96739130434783, 32.96739130434783, 32.96273291925466, 32.96273291925466, 32.9611801242236, 32.964285714285715, 32.96739130434783, 32.96739130434783, 32.964285714285715, 32.96739130434783, 32.962732919254655, 32.96583850931677, 32.962732919254655, 32.97049689440994, 32.97049689440994, 32.965838509316775, 32.965838509316775, 32.96583850931677, 32.964285714285715, 32.964285714285715, 32.964285714285715, 32.96739130434783, 32.97204968944099, 32.97049689440994, 32.97360248447205, 32.96894409937888, 32.96583850931677, 32.96273291925466, 32.96583850931677, 32.97204968944099, 32.97049689440994, 32.97360248447205, 32.96894409937889, 32.97049689440994, 32.96739130434783, 32.97049689440994, 32.97049689440993, 32.97670807453416, 32.97670807453416, 32.97670807453416, 32.97360248447205, 32.96894409937888, 32.97049689440994, 32.96894409937888, 32.96894409937888, 32.964285714285715, 32.96739130434783, 32.964285714285715, 32.964285714285715, 32.96894409937889, 32.96739130434783, 32.96894409937889, 32.97204968944099, 32.976708074534166, 32.976708074534166, 32.976708074534166, 32.976708074534166, 32.976708074534166, 32.976708074534166, 32.97049689440994, 32.965838509316775, 32.965838509316775, 32.97360248447205, 32.96894409937889, 32.96894409937889, 32.97826086956522, 32.97049689440994, 32.96739130434783, 32.96739130434783, 32.964285714285715, 32.9611801242236, 32.95807453416149, 32.96273291925466, 32.962732919254655, 32.97049689440994, 32.95807453416149, 32.95652173913044, 32.95496894409938, 32.95807453416149, 32.95496894409938, 32.95496894409938, 32.94875776397516, 32.95186335403727, 32.9611801242236, 32.95962732919255, 32.9611801242236, 32.95962732919255, 32.964285714285715, 32.9611801242236, 32.97204968944099, 32.964285714285715, 32.96583850931677, 32.96273291925466, 32.95652173913044, 32.95496894409938, 32.964285714285715, 32.96583850931677, 32.96273291925466, 32.96894409937888, 32.96583850931677, 32.97204968944099, 32.97670807453416, 32.97981366459627, 32.97826086956522, 32.975155279503106, 32.975155279503106, 32.97360248447205, 32.97204968944099, 32.97360248447205, 32.96583850931677, 32.964285714285715, 32.964285714285715, 32.964285714285715, 32.964285714285715, 32.96739130434783, 32.97204968944099, 32.96739130434783, 32.96894409937888, 32.96273291925466, 32.9611801242236, 32.95652173913044, 32.95496894409938, 32.954968944099384, 32.95496894409938, 32.95807453416149, 32.95962732919254, 32.95962732919255, 32.95962732919255, 32.95962732919255, 32.964285714285715, 32.964285714285715, 32.96739130434783, 32.9611801242236, 32.954968944099384, 32.954968944099384, 32.954968944099384, 32.95652173913044, 32.95031055900621, 32.95031055900621, 32.94565217391305, 32.94875776397516, 32.95496894409938, 32.95652173913044, 32.9611801242236, 32.964285714285715, 32.97049689440994, 32.96739130434783, 32.953416149068325, 32.95496894409938, 32.95962732919254, 32.9611801242236, 32.9611801242236, 32.96273291925466, 32.964285714285715, 32.9611801242236, 32.96583850931677, 32.96273291925466, 32.964285714285715, 32.96894409937889, 32.975155279503106, 32.976708074534166, 32.965838509316775, 32.96273291925466, 32.965838509316775, 32.97049689440994, 32.97049689440994, 32.97049689440994, 32.96894409937889, 32.965838509316775, 32.96894409937888, 32.96739130434783, 32.96583850931677, 32.964285714285715, 32.96739130434783, 32.95807453416149, 32.95186335403727, 32.95031055900621, 32.95186335403727, 32.95031055900621, 32.953416149068325, 32.953416149068325, 32.951863354037265, 32.95652173913044, 32.95807453416149, 32.96583850931677, 32.97204968944099, 32.97049689440994, 32.975155279503106, 32.97049689440994, 32.96583850931677, 32.96894409937888, 32.96583850931677, 32.96894409937888, 32.96894409937889, 32.96583850931677, 32.96894409937888, 32.964285714285715, 32.95962732919254, 32.9611801242236, 32.964285714285715, 32.96583850931677, 32.96583850931677, 32.975155279503106, 32.97360248447205, 32.97204968944099, 32.97826086956522, 32.97360248447205, 32.97049689440994, 32.97049689440994, 32.96739130434783, 32.96583850931677, 32.96894409937888, 32.96894409937888, 32.97049689440994, 32.96739130434783, 32.96739130434783, 32.964285714285715, 32.964285714285715, 32.96894409937888, 32.97204968944099, 32.97360248447205, 32.97204968944099, 32.9611801242236, 32.9611801242236, 32.9611801242236, 32.962732919254655, 32.96273291925466, 32.954968944099384, 32.953416149068325, 32.954968944099384, 32.951863354037265, 32.94875776397516, 32.95031055900621, 32.94875776397516, 32.94565217391305, 32.94409937888199, 32.94565217391305, 32.95186335403727, 32.94875776397516, 32.95652173913044, 32.95031055900621, 32.94409937888199, 32.942546583850934, 32.9472049689441, 32.9472049689441, 32.95496894409938, 32.95807453416149, 32.9611801242236, 32.9611801242236, 32.96273291925466, 32.96273291925466, 32.96583850931677, 32.9611801242236, 32.95962732919254, 32.96273291925466, 32.95807453416149, 32.95807453416149, 32.95496894409938, 32.95652173913044, 32.96273291925466, 32.964285714285715, 32.96583850931677, 32.95962732919254, 32.95652173913044, 32.95652173913044, 32.951863354037265, 32.95652173913044, 32.95807453416149, 32.96273291925466, 32.9611801242236, 32.96273291925466, 32.97049689440994, 32.96583850931677, 32.96894409937888, 32.964285714285715, 32.964285714285715, 32.9611801242236, 32.96583850931677, 32.96739130434783, 32.96273291925466, 32.96273291925466, 32.96583850931677, 32.964285714285715, 32.964285714285715, 32.9611801242236, 32.96583850931677, 32.9611801242236, 32.964285714285715, 32.964285714285715, 32.96583850931677, 32.97204968944099, 32.97360248447205, 32.97204968944099, 32.97204968944099, 32.965838509316775, 32.97049689440994, 32.96273291925466, 32.965838509316775, 32.96273291925466, 32.96583850931677, 32.964285714285715, 32.96739130434783, 32.96894409937889, 32.96894409937889, 32.964285714285715, 32.97049689440994, 32.96894409937888, 32.96583850931677, 32.95807453416149, 32.954968944099384, 32.9580745341615, 32.96273291925466, 32.95962732919255, 32.9580745341615, 32.95807453416149, 32.953416149068325, 32.954968944099384, 32.95962732919255, 32.95962732919255, 32.95652173913044, 32.95652173913044, 32.95496894409938, 32.95496894409938, 32.951863354037265, 32.96583850931677, 32.9611801242236, 32.96273291925466, 32.96273291925466, 32.964285714285715, 32.96273291925466, 32.964285714285715, 32.96118012422361, 32.964285714285715, 32.95962732919255, 32.9611801242236, 32.96894409937888, 32.97204968944099, 32.96739130434783, 32.96739130434783, 32.975155279503106, 32.97204968944099, 32.97204968944099, 32.975155279503106, 32.96894409937888, 32.96894409937889, 32.97204968944099, 32.96739130434783, 32.96894409937889, 32.97049689440994, 32.973602484472046, 32.97360248447205, 32.975155279503106, 32.975155279503106, 32.98136645962733, 32.97981366459628, 32.97826086956522, 32.97826086956522, 32.98136645962733, 32.97826086956522, 32.976708074534166, 32.975155279503106, 32.97670807453416, 32.97670807453416, 32.975155279503106, 32.975155279503106, 32.97049689440994, 32.97204968944099, 32.97049689440994, 32.97204968944099, 32.97360248447205, 32.97049689440993, 32.97049689440993, 32.96739130434783, 32.96739130434783, 32.9611801242236, 32.964285714285715, 32.96894409937888, 32.97204968944099, 32.97826086956522, 32.97204968944099, 32.96583850931677, 32.96273291925466, 32.96273291925466, 32.965838509316775]",0.877921713356286,0.8908812201311332,33,"[33, 33, 33, 33, 33, 33, 33, 33, 33, 33, 33, 33, 33, 33, 33, 33, 33, 33, 33, 33, 33, 33, 33, 33, 33, 33, 33, 33, 33, 33, 33, 33, 33, 33, 33, 33, 33, 33, 33, 33, 33, 33, 33, 33, 33, 33, 33, 33, 33, 33, 33, 33, 33, 33, 33, 33, 33, 33, 33, 33, 33, 33, 33, 33, 33, 33, 33, 33, 33, 33, 33, 33, 33, 33, 33, 33, 33, 33, 33, 33, 33, 33, 33, 33, 33, 33, 33, 33, 33, 33, 33, 33, 33, 33, 33, 33, 33, 33, 33, 33, 33, 33, 33, 33, 33, 33, 33, 33, 33, 33, 33, 33, 33, 33, 33, 33, 33, 33, 33, 33, 33, 33, 33, 33, 33, 33, 33, 33, 33, 33, 33, 33, 33, 33, 33, 33, 33, 33, 33, 33, 33, 33, 33, 33, 33, 33, 33, 33, 33, 33, 33, 33, 33, 33, 33, 33, 33, 33, 33, 33, 33, 33, 33, 33, 33, 33, 33, 33, 33, 33, 33, 33, 33, 33, 33, 33, 33, 33, 33, 33, 33, 33, 33, 33, 33, 33, 33, 33, 33, 33, 33, 33, 33, 33, 33, 33, 33, 33, 33, 33, 33, 33, 33, 33, 33, 33, 33, 33, 33, 33, 33, 33, 33, 33, 33, 33, 33, 33, 33, 33, 33, 33, 33, 33, 33, 33, 33, 33, 33, 33, 33, 33, 33, 33, 33, 33, 33, 33, 33, 33, 33, 33, 33, 33, 33, 33, 33, 33, 33, 33, 33, 33, 33, 33, 33, 33, 33, 33, 33, 33, 33, 33, 33, 33, 33, 33, 33, 33, 33, 33, 33, 33, 33, 33, 33, 33, 33, 33, 33, 33, 33, 33, 33, 33, 33, 33, 33, 33, 33, 33, 33, 33, 33, 33, 33, 33, 33, 33, 33, 33, 33, 33, 33, 33, 33, 33, 33, 33, 33, 33, 33, 33, 33, 33, 33, 33, 33, 33, 33, 33, 33, 33, 33, 33, 33, 33, 33, 33, 33, 33, 33, 33, 33, 33, 33, 33, 33, 33, 33, 33, 33, 33, 33, 33, 33, 33, 33, 33, 33, 33, 33, 33, 33, 33, 33, 33, 33, 33, 33, 33, 33, 33, 33, 33, 33, 33, 33, 33, 33, 33, 33, 33, 33, 33, 33, 33, 33, 33, 33, 33, 33, 33, 33, 33, 33, 33, 33, 33, 33, 33, 33, 33, 33, 33, 33, 33, 33, 33, 33, 33, 33, 33, 33, 33, 33, 33, 33, 33, 33, 33, 33, 33, 33, 33, 33, 33, 33, 33, 33, 33, 33, 33, 33, 33, 33, 33, 33, 33, 33, 33, 33, 33, 33, 33, 33, 33, 33, 33, 33, 33, 33, 33, 33, 33, 33, 33, 33, 33, 33, 33, 33, 33, 33, 33, 33, 33, 33, 33, 33, 33, 33, 33, 33, 33, 33, 33, 33, 33, 33, 33, 33, 33, 33, 33, 33, 33, 33, 33, 33, 33, 33, 33, 33, 33, 33, 33, 33, 33, 33, 33, 33, 33, 33, 33, 33, 33, 33, 33, 33, 33]",500,"[0.40834853053092957, 0.40132445096969604, 0.3987821936607361, 0.39667996764183044, 0.3949987292289734, 0.39309293031692505, 0.3914691209793091, 0.3899635374546051, 0.3885427713394165, 0.3872235119342804, 0.386017769575119, 0.3848477602005005, 0.383813738822937, 0.3827849328517914, 0.38190963864326477, 0.38098570704460144, 0.3800426721572876, 0.3793032765388489, 0.3784908354282379, 0.3777969479560852, 0.37712496519088745, 0.3765687644481659, 0.3758644461631775, 0.3753184974193573, 0.3747829496860504, 0.37424877285957336, 0.37374141812324524, 0.37325114011764526, 0.3728555738925934, 0.37235087156295776, 0.37187743186950684, 0.3715243637561798, 0.371303528547287, 0.37107574939727783, 0.3703608214855194, 0.3698822259902954, 0.36969977617263794, 0.3691461980342865, 0.36879271268844604, 0.36845624446868896, 0.3681090176105499, 0.3677751123905182, 0.36744749546051025, 0.3671364188194275, 0.36685293912887573, 0.366539865732193, 0.36629951000213623, 0.3660425543785095, 0.3655533194541931, 0.3651852011680603, 0.3650189936161041, 0.3646046817302704, 0.36429813504219055, 0.36398911476135254, 0.3636866509914398, 0.3634472191333771, 0.3632030785083771, 0.3630777597427368, 0.36270561814308167, 0.3622417747974396, 0.3619616627693176, 0.36205852031707764, 0.3616237938404083, 0.361191064119339, 0.3609650731086731, 0.36056604981422424, 0.36032748222351074, 0.3599628210067749, 0.35980701446533203, 0.35948431491851807, 0.3592286705970764, 0.3589527904987335, 0.35878291726112366, 0.3584229648113251, 0.3582397401332855, 0.35800468921661377, 0.35774871706962585, 0.35742729902267456, 0.35740211606025696, 0.35684385895729065, 0.35670363903045654, 0.3564518094062805, 0.356090247631073, 0.35585862398147583, 0.355716347694397, 0.3557129204273224, 0.35518357157707214, 0.35486266016960144, 0.3547568917274475, 0.3548135757446289, 0.354114830493927, 0.3537784516811371, 0.35374876856803894, 0.35336101055145264, 0.353003591299057, 0.3528488576412201, 0.35273846983909607, 0.35229140520095825, 0.3521602153778076, 0.3518019914627075, 0.3515600264072418, 0.35137516260147095, 0.3510340452194214, 0.3509611189365387, 0.35075560212135315, 0.3503882586956024, 0.3501998484134674, 0.349772572517395, 0.3498232662677765, 0.34926074743270874, 0.34911900758743286, 0.3489258289337158, 0.3492222726345062, 0.3482321500778198, 0.34800082445144653, 0.3477875590324402, 0.34790992736816406, 0.3475463390350342, 0.3471103608608246, 0.3470228910446167, 0.34665805101394653, 0.3462974429130554, 0.3462629020214081, 0.34592270851135254, 0.34559014439582825, 0.345531702041626, 0.3451765775680542, 0.3449889123439789, 0.344843327999115, 0.34444674849510193, 0.3442670702934265, 0.34408873319625854, 0.34382468461990356, 0.34358006715774536, 0.3433438837528229, 0.3430855870246887, 0.3429757356643677, 0.3429334759712219, 0.3425862789154053, 0.3422938585281372, 0.3423512578010559, 0.34180209040641785, 0.3419414758682251, 0.3416406214237213, 0.34123244881629944, 0.34107506275177, 0.3409665822982788, 0.3406323492527008, 0.3406967520713806, 0.34006789326667786, 0.3398881256580353, 0.3396506607532501, 0.33945906162261963, 0.33918511867523193, 0.3389650285243988, 0.33888617157936096, 0.338802307844162, 0.33856695890426636, 0.33825960755348206, 0.338054895401001, 0.33774811029434204, 0.33755165338516235, 0.3374759554862976, 0.33724457025527954, 0.3371162712574005, 0.3368181884288788, 0.3366883397102356, 0.3364696502685547, 0.33615642786026, 0.33585891127586365, 0.33562976121902466, 0.3354833722114563, 0.3352958559989929, 0.3350452482700348, 0.3348866403102875, 0.33458831906318665, 0.3344288170337677, 0.3342008590698242, 0.33394062519073486, 0.3337573707103729, 0.333474338054657, 0.3332761824131012, 0.3330404758453369, 0.33290648460388184, 0.33268260955810547, 0.33266720175743103, 0.3321876525878906, 0.33202609419822693, 0.3318973779678345, 0.33178189396858215, 0.33147966861724854, 0.33110928535461426, 0.3309149146080017, 0.3307911157608032, 0.3305682837963104, 0.33050042390823364, 0.330160915851593, 0.3300550580024719, 0.32987549901008606, 0.3297189772129059, 0.32940396666526794, 0.32920363545417786, 0.32908836007118225, 0.32894229888916016, 0.3286120891571045, 0.3284313976764679, 0.3283099830150604, 0.32808205485343933, 0.3280142843723297, 0.32777416706085205, 0.32742801308631897, 0.3271651864051819, 0.32698601484298706, 0.3269563615322113, 0.32670772075653076, 0.3265518546104431, 0.3265841007232666, 0.3259525001049042, 0.32568976283073425, 0.32601019740104675, 0.32531508803367615, 0.3251212239265442, 0.3247443735599518, 0.3246886134147644, 0.32452574372291565, 0.324133962392807, 0.3239630460739136, 0.32377636432647705, 0.3235644996166229, 0.32350385189056396, 0.32333266735076904, 0.3231830596923828, 0.32293078303337097, 0.3226613700389862, 0.3224773406982422, 0.322274386882782, 0.3221028447151184, 0.32184359431266785, 0.3216068744659424, 0.32160621881484985, 0.32110676169395447, 0.32092106342315674, 0.3207319378852844, 0.3206084370613098, 0.3203752040863037, 0.32019272446632385, 0.3201705813407898, 0.3197665512561798, 0.3194979131221771, 0.3191874027252197, 0.31902390718460083, 0.3189036250114441, 0.31865382194519043, 0.3186281621456146, 0.31830349564552307, 0.31811782717704773, 0.31793925166130066, 0.31753072142601013, 0.31734707951545715, 0.31724995374679565, 0.31709912419319153, 0.31671831011772156, 0.3165660798549652, 0.31627964973449707, 0.3161833584308624, 0.3158476650714874, 0.315641313791275, 0.315579891204834, 0.3153759837150574, 0.31501343846321106, 0.31480056047439575, 0.3145638108253479, 0.3143206834793091, 0.31422045826911926, 0.3139115571975708, 0.3137787878513336, 0.31346645951271057, 0.31340721249580383, 0.31313586235046387, 0.3127625584602356, 0.31254473328590393, 0.3123762011528015, 0.31216660141944885, 0.312004953622818, 0.31173476576805115, 0.3117234706878662, 0.31148821115493774, 0.31122878193855286, 0.3111885190010071, 0.31103989481925964, 0.310752272605896, 0.3102443814277649, 0.30998551845550537, 0.3097534775733948, 0.3097054064273834, 0.3093438744544983, 0.3091254234313965, 0.30900058150291443, 0.3086901903152466, 0.3085775673389435, 0.3084603548049927, 0.30813729763031006, 0.3077554404735565, 0.30762940645217896, 0.30741438269615173, 0.3071129024028778, 0.3068828880786896, 0.3067091405391693, 0.30649664998054504, 0.3061091899871826, 0.30592095851898193, 0.305797278881073, 0.30567821860313416, 0.305507093667984, 0.30511781573295593, 0.30491361021995544, 0.3046870529651642, 0.30448731780052185, 0.3043418824672699, 0.30390751361846924, 0.30377674102783203, 0.30340680480003357, 0.30333879590034485, 0.3030916452407837, 0.302734911441803, 0.30247101187705994, 0.3022828996181488, 0.30202630162239075, 0.301817387342453, 0.30169910192489624, 0.3013777434825897, 0.3010275959968567, 0.3008063733577728, 0.30049198865890503, 0.30027487874031067, 0.2999851703643799, 0.29978764057159424, 0.2995534837245941, 0.29921725392341614, 0.29920873045921326, 0.29897189140319824, 0.29861247539520264, 0.2984340190887451, 0.2981124222278595, 0.29789960384368896, 0.2978840470314026, 0.29750344157218933, 0.29720431566238403, 0.29690754413604736, 0.2966998815536499, 0.29646968841552734, 0.2963423430919647, 0.29608380794525146, 0.29591935873031616, 0.2956431806087494, 0.29519400000572205, 0.29496583342552185, 0.29483288526535034, 0.29447516798973083, 0.29419028759002686, 0.29396626353263855, 0.293758362531662, 0.29345688223838806, 0.29308658838272095, 0.29279807209968567, 0.29254773259162903, 0.29234400391578674, 0.2922798991203308, 0.2919835150241852, 0.29