,number,value,datetime_start,datetime_complete,duration,params_batch_size_scaler,params_constant_learning_rate,params_depth,params_epochs,params_kernel_l2,params_num_trees,params_temperature,user_attrs_accuracy_test,user_attrs_accuracy_valid,user_attrs_approximate_feature_sparsity,user_attrs_approximate_feature_sparsity_history,user_attrs_approximate_weight_sparsity,user_attrs_approximate_weight_sparsity_history,user_attrs_auc_test,user_attrs_auc_valid,user_attrs_feature_sparsity,user_attrs_feature_sparsity_history,user_attrs_num_epochs,user_attrs_val_loss_history,user_attrs_weight_sparsity,user_attrs_weight_sparsity_history,state
45,45,0.8892710386314745,2024-08-31 02:20:03.440049,2024-08-31 02:20:41.036775,0 days 00:00:37.596726,16,2.2598912562598517,1,415,0.014966575193590312,50,0.00020907148647717318,0.835,0.82625,12,"[33, 33, 33, 33, 33, 33, 33, 33, 33, 33, 33, 33, 33, 33, 33, 33, 31, 31, 30, 30, 30, 28, 28, 27, 27, 27, 27, 27, 27, 27, 26, 26, 26, 26, 26, 25, 25, 25, 24, 24, 24, 23, 21, 21, 21, 21, 21, 21, 21, 21, 21, 21, 21, 21, 21, 21, 21, 21, 21, 21, 21, 21, 21, 21, 21, 21, 21, 21, 21, 21, 21, 21, 21, 20, 20, 20, 18, 18, 18, 18, 18, 18, 18, 18, 18, 18, 18, 17, 17, 17, 17, 17, 17, 17, 17, 17, 17, 17, 17, 17, 17, 16, 16, 16, 16, 16, 16, 16, 16, 16, 16, 16, 16, 16, 16, 16, 16, 16, 16, 15, 15, 15, 15, 15, 15, 15, 15, 15, 15, 15, 15, 15, 15, 15, 15, 15, 15, 15, 15, 15, 15, 15, 15, 15, 15, 15, 15, 15, 15, 15, 15, 15, 15, 15, 15, 15, 15, 15, 15, 15, 15, 15, 15, 15, 15, 15, 15, 15, 15, 15, 15, 15, 15, 15, 15, 15, 15, 15, 15, 15, 15, 15, 15, 15, 15, 15, 15, 15, 15, 15, 15, 15, 15, 15, 15, 15, 15, 15, 15, 15, 15, 15, 15, 15, 15, 15, 15, 15, 15, 15, 15, 15, 15, 15, 15, 15, 15, 15, 15, 15, 15, 15, 13, 13, 13, 13, 13, 13, 13, 13, 13, 13, 13, 13, 13, 13, 13, 13, 13, 13, 13, 13, 13, 13, 13, 13, 13, 13, 13, 13, 13, 13, 13, 13, 13, 13, 13, 13, 13, 13, 13, 13, 13, 13, 13, 13, 13, 13, 13, 13, 13, 13, 13, 13, 13, 13, 13, 13, 13, 13, 13, 13, 13, 13, 13, 13, 13, 13, 13, 13, 13, 13, 13, 13, 13, 13, 13, 13, 13, 13, 13, 13, 13, 13, 13, 13, 13, 13, 13, 13, 13, 13, 13, 13, 13, 13, 13, 13, 13, 13, 13, 13, 13, 13, 13, 13, 13, 13, 13, 13, 13, 13, 12, 12, 12, 12, 12, 12, 12, 12, 12, 12, 12, 12, 12, 12, 12, 12, 12, 12, 12, 12, 12, 12, 12, 12, 12, 12, 12, 12, 12, 12, 12, 12, 12, 12, 12, 12, 12, 12, 12, 12, 12, 12, 12, 12, 12, 12, 12, 12, 12, 12, 12, 12, 12, 12, 12, 12, 12, 12, 12, 12, 12, 12, 12, 12, 12, 12, 12, 12, 12, 12, 12, 12, 12, 12, 12, 12, 12, 12, 12, 12, 12, 12, 12]",11.44,"[32.980000000000004, 32.980000000000004, 33.0, 32.94, 33.0, 33.0, 32.980000000000004, 33.0, 33.0, 32.96, 33.0, 32.980000000000004, 32.94, 32.980000000000004, 33.0, 32.980000000000004, 30.98, 31.0, 29.98, 29.98, 30.0, 28.0, 27.98, 27.0, 26.96, 26.98, 27.0, 27.0, 27.0, 27.0, 26.0, 25.98, 26.0, 26.0, 26.0, 25.0, 25.0, 24.98, 24.0, 24.0, 23.96, 23.0, 21.0, 21.0, 21.0, 20.98, 21.0, 20.98, 21.0, 20.98, 21.0, 21.0, 21.0, 21.0, 21.0, 21.0, 20.98, 21.0, 21.0, 21.0, 20.98, 20.98, 21.0, 21.0, 21.0, 21.0, 21.0, 21.0, 21.0, 20.98, 21.0, 21.0, 21.0, 20.0, 20.0, 19.98, 18.0, 18.0, 18.0, 17.98, 18.0, 17.98, 18.0, 17.98, 18.0, 18.0, 17.96, 16.98, 17.0, 17.0, 17.0, 17.0, 16.96, 16.98, 17.0, 16.96, 17.0, 16.96, 16.96, 17.0, 16.98, 15.98, 16.0, 16.0, 16.0, 15.98, 16.0, 16.0, 16.0, 16.0, 16.0, 16.0, 15.98, 16.0, 15.98, 15.98, 16.0, 16.0, 15.98, 14.98, 15.0, 14.96, 14.98, 15.0, 15.0, 15.0, 14.98, 15.0, 14.98, 15.0, 15.0, 15.0, 15.0, 15.0, 14.98, 14.96, 15.0, 14.98, 14.96, 14.98, 14.96, 14.98, 14.98, 14.96, 14.98, 14.98, 14.98, 14.96, 14.98, 14.96, 14.900000000000002, 14.96, 14.9, 14.940000000000001, 14.920000000000002, 14.96, 14.9, 14.96, 14.96, 14.920000000000002, 14.98, 14.92, 14.940000000000001, 14.899999999999999, 14.940000000000001, 14.940000000000001, 14.96, 14.98, 14.98, 15.0, 14.98, 14.98, 14.96, 14.940000000000001, 14.96, 14.96, 14.940000000000001, 15.0, 14.98, 15.0, 14.98, 14.88, 14.98, 14.96, 14.92, 14.98, 14.940000000000001, 14.98, 14.96, 14.940000000000001, 14.98, 15.0, 15.0, 14.9, 14.940000000000001, 14.98, 14.94, 14.920000000000002, 14.920000000000002, 14.9, 14.940000000000001, 14.940000000000001, 14.900000000000002, 14.879999999999999, 14.96, 14.899999999999999, 14.940000000000001, 14.96, 14.92, 14.98, 14.92, 14.940000000000001, 14.96, 14.940000000000001, 14.96, 14.920000000000002, 14.96, 14.96, 14.9, 14.96, 14.9, 14.96, 12.96, 12.98, 12.96, 12.94, 12.9, 12.92, 12.9, 12.86, 12.879999999999999, 12.94, 12.94, 12.9, 12.96, 12.92, 12.92, 12.94, 12.94, 12.92, 12.9, 12.94, 12.92, 12.94, 12.98, 12.96, 12.879999999999999, 12.96, 12.96, 12.98, 12.96, 12.96, 12.98, 12.86, 12.96, 12.96, 12.96, 12.96, 12.96, 12.98, 12.98, 12.98, 12.98, 12.96, 12.940000000000001, 12.92, 12.92, 12.96, 12.96, 12.96, 12.940000000000001, 12.92, 12.92, 12.940000000000001, 12.96, 12.92, 12.94, 12.94, 12.92, 12.94, 12.94, 12.92, 12.92, 12.94, 12.92, 12.879999999999999, 12.92, 12.92, 12.88, 12.92, 12.86, 12.92, 12.88, 12.84, 12.88, 12.86, 12.84, 12.84, 12.84, 12.84, 12.86, 12.86, 12.88, 12.86, 12.84, 12.879999999999999, 12.86, 12.860000000000001, 12.8, 12.82, 12.780000000000001, 12.84, 12.82, 12.88, 12.88, 12.84, 12.84, 12.84, 12.86, 12.84, 12.82, 12.82, 12.82, 12.84, 12.76, 12.8, 12.700000000000001, 12.780000000000001, 12.74, 12.8, 12.74, 12.74, 11.8, 11.760000000000002, 11.74, 11.780000000000001, 11.760000000000002, 11.760000000000002, 11.780000000000001, 11.780000000000001, 11.76, 11.7, 11.76, 11.780000000000001, 11.76, 11.719999999999999, 11.719999999999999, 11.719999999999999, 11.68, 11.68, 11.7, 11.68, 11.7, 11.64, 11.64, 11.64, 11.64, 11.58, 11.68, 11.66, 11.6, 11.68, 11.68, 11.66, 11.7, 11.72, 11.719999999999999, 11.68, 11.66, 11.66, 11.68, 11.66, 11.64, 11.579999999999998, 11.64, 11.66, 11.66, 11.62, 11.54, 11.68, 11.66, 11.54, 11.58, 11.6, 11.62, 11.58, 11.54, 11.579999999999998, 11.6, 11.559999999999999, 11.52, 11.54, 11.479999999999999, 11.44, 11.44, 11.42, 11.5, 11.52, 11.52, 11.52, 11.5, 11.5, 11.52, 11.54, 11.6, 11.44, 11.54, 11.459999999999999, 11.219999999999999, 11.52, 11.399999999999999, 11.36, 11.48, 11.46, 11.44]",0.9131845540336364,0.8892710386314745,12,"[33, 33, 33, 33, 33, 33, 33, 33, 33, 33, 33, 33, 33, 33, 33, 33, 31, 31, 30, 30, 30, 28, 28, 27, 27, 27, 27, 27, 27, 27, 26, 26, 26, 26, 26, 25, 25, 25, 24, 24, 24, 23, 21, 21, 21, 21, 21, 21, 21, 21, 21, 21, 21, 21, 21, 21, 21, 21, 21, 21, 21, 21, 21, 21, 21, 21, 21, 21, 21, 21, 21, 21, 21, 20, 20, 20, 18, 18, 18, 18, 18, 18, 18, 18, 18, 18, 18, 17, 17, 17, 17, 17, 17, 17, 17, 17, 17, 17, 17, 17, 17, 16, 16, 16, 16, 16, 16, 16, 16, 16, 16, 16, 16, 16, 16, 16, 16, 16, 16, 15, 15, 15, 15, 15, 15, 15, 15, 15, 15, 15, 15, 15, 15, 15, 15, 15, 15, 15, 15, 15, 15, 15, 15, 15, 15, 15, 15, 15, 15, 15, 15, 15, 15, 15, 15, 15, 15, 15, 15, 15, 15, 15, 15, 15, 15, 15, 15, 15, 15, 15, 15, 15, 15, 15, 15, 15, 15, 15, 15, 15, 15, 15, 15, 15, 15, 15, 15, 15, 15, 15, 15, 15, 15, 15, 15, 15, 15, 15, 15, 15, 15, 15, 15, 15, 15, 15, 15, 15, 15, 15, 15, 15, 15, 15, 15, 15, 15, 15, 15, 15, 15, 15, 13, 13, 13, 13, 13, 13, 13, 13, 13, 13, 13, 13, 13, 13, 13, 13, 13, 13, 13, 13, 13, 13, 13, 13, 13, 13, 13, 13, 13, 13, 13, 13, 13, 13, 13, 13, 13, 13, 13, 13, 13, 13, 13, 13, 13, 13, 13, 13, 13, 13, 13, 13, 13, 13, 13, 13, 13, 13, 13, 13, 13, 13, 13, 13, 13, 13, 13, 13, 13, 13, 13, 13, 13, 13, 13, 13, 13, 13, 13, 13, 13, 13, 13, 13, 13, 13, 13, 13, 13, 13, 13, 13, 13, 13, 13, 13, 13, 13, 13, 13, 13, 13, 13, 13, 13, 13, 13, 13, 13, 13, 12, 12, 12, 12, 12, 12, 12, 12, 12, 12, 12, 12, 12, 12, 12, 12, 12, 12, 12, 12, 12, 12, 12, 12, 12, 12, 12, 12, 12, 12, 12, 12, 12, 12, 12, 12, 12, 12, 12, 12, 12, 12, 12, 12, 12, 12, 12, 12, 12, 12, 12, 12, 12, 12, 12, 12, 12, 12, 12, 12, 12, 12, 12, 12, 12, 12, 12, 12, 12, 12, 12, 12, 12, 12, 12, 12, 12, 12, 12, 12, 12, 12, 12]",415,"[12.471634864807129, 6.030117034912109, 9.719446182250977, 9.137324333190918, 7.581996917724609, 3.8789596557617188, 12.287327766418457, 0.8476930260658264, 0.9804158210754395, 1.6859501600265503, 2.1626675128936768, 2.6056036949157715, 1.672057032585144, 0.7406377196311951, 3.1459274291992188, 1.15785813331604, 1.7053875923156738, 1.3062963485717773, 0.6145432591438293, 0.5807077884674072, 0.7695426344871521, 1.1412768363952637, 0.8927119374275208, 1.3675928115844727, 1.0361679792404175, 0.5256017446517944, 0.6079363226890564, 0.43433859944343567, 1.5864447355270386, 0.661305844783783, 0.7379286289215088, 0.7855436205863953, 1.623165249824524, 0.5424098372459412, 3.567091941833496, 1.208834171295166, 2.0718894004821777, 1.8112012147903442, 1.1932120323181152, 0.8658117055892944, 0.4594429135322571, 3.019272804260254, 2.247877597808838, 0.6352605223655701, 0.9203749895095825, 1.3207091093063354, 2.3675947189331055, 1.4354313611984253, 0.6529015898704529, 2.199913501739502, 5.620368480682373, 0.9638494253158569, 0.6594903469085693, 0.6829581260681152, 0.9339627027511597, 0.5000098943710327, 0.4578486979007721, 1.13524329662323, 2.324798345565796, 0.961131751537323, 0.6024599075317383, 8.120041847229004, 1.2319048643112183, 0.7627824544906616, 0.633975088596344, 0.8310489654541016, 2.2454328536987305, 0.7573816776275635, 0.9535111784934998, 1.0170918703079224, 0.5951400995254517, 1.1774977445602417, 0.4541371464729309, 1.4928468465805054, 0.5064837336540222, 0.5356486439704895, 0.9506886005401611, 0.7991375923156738, 0.7599256634712219, 0.7227989435195923, 2.166046142578125, 0.4737749993801117, 1.7914811372756958, 2.0425586700439453, 0.7174633145332336, 1.2902884483337402, 3.1611037254333496, 0.44516316056251526, 0.5478237271308899, 1.2187470197677612, 0.42575037479400635, 6.36672306060791, 0.8090839385986328, 0.847687840461731, 1.1319010257720947, 2.6827285289764404, 0.8736944794654846, 0.632171094417572, 0.48830336332321167, 0.7474554181098938, 0.4819037616252899, 0.5500606298446655, 0.5744585990905762, 1.0226256847381592, 0.6782872080802917, 2.9086313247680664, 0.47337889671325684, 0.4645521640777588, 0.5982763767242432, 0.7204331159591675, 0.5992054343223572, 0.6120132207870483, 0.7777202129364014, 0.5512450337409973, 1.1804860830307007, 0.4193311631679535, 1.1649324893951416, 1.0558743476867676, 0.7116904258728027, 0.9954926371574402, 0.47726505994796753, 0.47170528769493103, 0.8322314620018005, 0.829942524433136, 0.4586884379386902, 0.6011788845062256, 0.8951662182807922, 4.543251991271973, 0.4369295537471771, 0.5881836414337158, 0.5101169943809509, 0.8095147013664246, 0.37259018421173096, 0.7109843492507935, 0.9141067266464233, 2.339646577835083, 1.2255901098251343, 0.42124229669570923, 1.8037234544754028, 0.4283168315887451, 0.5278812646865845, 1.2139207124710083, 0.7426530718803406, 2.455935001373291, 1.5497674942016602, 0.4988970160484314, 0.5672687292098999, 0.5022045373916626, 7.238576889038086, 0.4130527079105377, 0.5433938503265381, 0.40091198682785034, 0.6261154413223267, 8.206892013549805, 0.5863673090934753, 2.6418395042419434, 1.2962820529937744, 0.3737436532974243, 1.485982060432434, 0.38908806443214417, 1.5096150636672974, 0.39599159359931946, 0.6656381487846375, 0.4115179479122162, 0.6911048889160156, 0.3880120515823364, 0.8074838519096375, 0.3795306086540222, 0.6741117835044861, 2.029719591140747, 3.4727094173431396, 0.4004058837890625, 0.43681949377059937, 3.0135724544525146, 0.47835224866867065, 0.7862369418144226, 0.7618942856788635, 0.8543450832366943, 0.4789746403694153, 0.44399183988571167, 0.3937684893608093, 1.6172523498535156, 0.5256913900375366, 0.4647992253303528, 0.3862561285495758, 0.4730735123157501, 4.196737766265869, 3.253727912902832, 0.3640446364879608, 0.377008855342865, 0.6777961254119873, 0.7601740956306458, 0.44617411494255066, 0.7946017384529114, 0.8542892932891846, 0.6059819459915161, 1.0365653038024902, 0.48322632908821106, 7.414295673370361, 0.5143506526947021, 0.4072205722332001, 0.7260638475418091, 0.4108203053474426, 0.7749658226966858, 10.859777450561523, 1.0190829038619995, 0.4847182035446167, 0.5816165208816528, 0.47306403517723083, 0.6933774352073669, 0.43860504031181335, 2.9071295261383057, 0.40660181641578674, 0.6525523662567139, 0.8088547587394714, 0.7028456926345825, 0.5096303820610046, 0.782392680644989, 0.5595986247062683, 0.38050293922424316, 0.8878754377365112, 0.472478449344635, 0.906080961227417, 0.753623366355896, 1.1029057502746582, 1.6258217096328735, 1.0634496212005615, 1.2787116765975952, 3.114525079727173, 0.8332165479660034, 0.8864362239837646, 0.6469932794570923, 3.510319709777832, 0.6613355875015259, 1.0104405879974365, 0.6667401790618896, 0.48338204622268677, 0.7289676070213318, 0.5780146718025208, 1.0595195293426514, 2.0335803031921387, 1.778385043144226, 0.7660182118415833, 1.2240256071090698, 1.569513201713562, 0.9060288071632385, 1.948091983795166, 2.055624485015869, 0.8451924324035645, 5.017589569091797, 3.013293743133545, 0.792080283164978, 0.8012242913246155, 1.9980647563934326, 0.9924180507659912, 0.6882681846618652, 0.5148586630821228, 0.5932504534721375, 0.554638683795929, 1.218156099319458, 0.872307300567627, 1.2593439817428589, 2.894745111465454, 1.1246775388717651, 0.5961523652076721, 0.9353584051132202, 2.006413221359253, 0.9922131896018982, 0.9700981974601746, 0.5577298998832703, 0.6538549065589905, 3.1363492012023926, 9.567371368408203, 3.495891809463501, 0.5404141545295715, 2.204857110977173, 0.7483465671539307, 1.482694149017334, 0.6431584358215332, 0.6371685266494751, 11.201236724853516, 3.6349287033081055, 1.108934760093689, 0.6038081049919128, 1.2872203588485718, 3.9883880615234375, 1.0558289289474487, 1.0073764324188232, 0.531165361404419, 4.620242595672607, 1.7918871641159058, 1.3823117017745972, 0.9145761132240295, 0.7504103779792786, 7.832371234893799, 1.0355833768844604, 0.7689483165740967, 1.7890058755874634, 0.8727395534515381, 0.8775793313980103, 0.8439499139785767, 0.8681167364120483, 4.753905773162842, 1.8551592826843262, 9.379720687866211, 2.285691022872925, 1.8496809005737305, 0.7834922671318054, 0.9179657101631165, 1.7888988256454468, 1.2972949743270874, 5.536579608917236, 3.4523398876190186, 0.8061063885688782, 1.55674409866333, 3.6645874977111816, 1.9303175210952759, 1.5117872953414917, 1.5479590892791748, 0.647316575050354, 0.7316992282867432, 0.8316586017608643, 0.9973757863044739, 0.5594698786735535, 0.705247163772583, 0.6025693416595459, 0.5876358151435852, 2.049981117248535, 0.4527133107185364, 0.42704635858535767, 0.9605213403701782, 2.873030662536621, 7.183084011077881, 0.5443947911262512, 1.0375969409942627, 0.851813554763794, 4.448809623718262, 1.0099613666534424, 3.317244529724121, 1.468798041343689, 0.5851545333862305, 0.7125459909439087, 6.704249858856201, 2.237963914871216, 0.7215892672538757, 0.7975627183914185, 5.1295905113220215, 0.761860191822052, 3.7497987747192383, 0.5643582344055176, 8.16192626953125, 1.874271273612976, 1.0663198232650757, 2.6081676483154297, 1.8015360832214355, 0.7280555963516235, 1.7871878147125244, 5.704717636108398, 1.5998915433883667, 0.9460282921791077, 1.3851993083953857, 0.8412712812423706, 0.47870510816574097, 2.180178642272949, 1.3014113903045654, 5.767739295959473, 0.6283270120620728, 0.9603524208068848, 1.9935914278030396, 0.8535935282707214, 4.592238903045654, 0.5907119512557983, 0.9255068898200989, 4.403133392333984, 2.5680410861968994, 6.462048530578613, 0.7547192573547363, 1.1101956367492676, 1.0012696981430054, 0.6378183364868164, 0.6208319067955017, 0.9040276408195496, 0.9140405058860779, 1.0542118549346924, 0.4868485927581787, 1.0796732902526855, 1.7451624870300293, 6.495631217956543, 0.6271036863327026, 8.582666397094727, 1.2829972505569458, 0.9836395382881165, 0.6924108266830444, 0.905780017375946, 0.5477346181869507, 1.1421676874160767, 0.5848078727722168, 2.445510149002075, 0.7607832551002502, 1.0124973058700562, 0.8347094058990479, 0.9539486169815063, 0.525251030921936, 0.6750282049179077, 1.3017985820770264, 0.6209086179733276, 0.5999321937561035, 0.8191210031509399, 1.1764053106307983, 0.6361313462257385, 1.5202820301055908, 9.645415306091309, 0.5656050443649292, 1.6853266954421997, 1.0553905963897705]",12.0,"[33.0, 33.0, 33.0, 33.0, 33.0, 33.0, 33.0, 33.0, 33.0, 33.0, 33.0, 33.0, 33.0, 33.0, 33.0, 33.0, 31.0, 31.0, 30.0, 30.0, 30.0, 28.0, 28.0, 27.0, 27.0, 27.0, 27.0, 27.0, 27.0, 27.0, 26.0, 26.0, 26.0, 26.0, 26.0, 25.0, 25.0, 25.0, 24.0, 24.0, 24.0, 23.0, 21.0, 21.0, 21.0, 21.0, 21.0, 21.0, 21.0, 21.0, 21.0, 21.0, 21.0, 21.0, 21.0, 21.0, 21.0, 21.0, 21.0, 21.0, 21.0, 21.0, 21.0, 21.0, 21.0, 21.0, 21.0, 21.0, 21.0, 21.0, 21.0, 21.0, 21.0, 20.0, 20.0, 20.0, 18.0, 18.0, 18.0, 18.0, 18.0, 18.0, 18.0, 18.0, 18.0, 18.0, 18.0, 17.0, 17.0, 17.0, 17.0, 17.0, 17.0, 17.0, 17.0, 17.0, 17.0, 17.0, 17.0, 17.0, 17.0, 16.0, 16.0, 16.0, 16.0, 16.0, 16.0, 16.0, 16.0, 16.0, 16.0, 16.0, 16.0, 16.0, 16.0, 16.0, 16.0, 16.0, 16.0, 15.0, 15.0, 15.0, 15.0, 15.0, 15.0, 15.0, 15.0, 15.0, 15.0, 15.0, 15.0, 15.0, 15.0, 15.0, 15.0, 15.0, 15.0, 15.0, 15.0, 15.0, 15.0, 15.0, 15.0, 15.0, 15.0, 15.0, 15.0, 15.0, 15.0, 15.0, 15.0, 15.0, 15.0, 15.0, 15.0, 15.0, 15.0, 15.0, 15.0, 15.0, 15.0, 15.0, 15.0, 15.0, 15.0, 15.0, 15.0, 15.0, 15.0, 15.0, 15.0, 15.0, 15.0, 15.0, 15.0, 15.0, 15.0, 15.0, 15.0, 15.0, 15.0, 15.0, 15.0, 15.0, 15.0, 15.0, 15.0, 15.0, 15.0, 15.0, 15.0, 15.0, 15.0, 15.0, 15.0, 15.0, 15.0, 15.0, 15.0, 15.0, 15.0, 15.0, 15.0, 15.0, 15.0, 15.0, 15.0, 15.0, 15.0, 15.0, 15.0, 15.0, 15.0, 15.0, 15.0, 15.0, 15.0, 15.0, 15.0, 15.0, 15.0, 15.0, 13.0, 13.0, 13.0, 13.0, 13.0, 13.0, 13.0, 13.0, 13.0, 13.0, 13.0, 13.0, 13.0, 13.0, 13.0, 13.0, 13.0, 13.0, 13.0, 13.0, 13.0, 13.0, 13.0, 13.0, 13.0, 13.0, 13.0, 13.0, 13.0, 13.0, 13.0, 13.0, 13.0, 13.0, 13.0, 13.0, 13.0, 13.0, 13.0, 13.0, 13.0, 13.0, 13.0, 13.0, 13.0, 13.0, 13.0, 13.0, 13.0, 13.0, 13.0, 13.0, 13.0, 13.0, 13.0, 13.0, 13.0, 13.0, 13.0, 13.0, 13.0, 13.0, 13.0, 13.0, 13.0, 13.0, 13.0, 13.0, 13.0, 13.0, 13.0, 13.0, 13.0, 13.0, 13.0, 13.0, 13.0, 13.0, 13.0, 13.0, 13.0, 13.0, 13.0, 13.0, 13.0, 13.0, 13.0, 13.0, 13.0, 13.0, 13.0, 13.0, 13.0, 13.0, 13.0, 13.0, 13.0, 13.0, 13.0, 13.0, 13.0, 13.0, 13.0, 13.0, 13.0, 13.0, 13.0, 13.0, 13.0, 13.0, 12.0, 12.0, 12.0, 12.0, 12.0, 12.0, 12.0, 12.0, 12.0, 12.0, 12.0, 12.0, 12.0, 12.0, 12.0, 12.0, 12.0, 12.0, 12.0, 12.0, 12.0, 12.0, 12.0, 12.0, 12.0, 12.0, 12.0, 12.0, 12.0, 12.0, 12.0, 12.0, 12.0, 12.0, 12.0, 12.0, 12.0, 12.0, 12.0, 12.0, 12.0, 12.0, 12.0, 12.0, 12.0, 12.0, 12.0, 12.0, 12.0, 12.0, 12.0, 12.0, 12.0, 12.0, 12.0, 12.0, 12.0, 12.0, 12.0, 12.0, 12.0, 12.0, 12.0, 12.0, 12.0, 12.0, 12.0, 12.0, 12.0, 12.0, 12.0, 12.0, 12.0, 12.0, 12.0, 12.0, 12.0, 12.0, 12.0, 12.0, 12.0, 12.0, 12.0]",COMPLETE
