,number,value,datetime_start,datetime_complete,duration,params_batch_size_scaler,params_constant_learning_rate,params_depth,params_epochs,params_kernel_l2,params_num_trees,params_temperature,user_attrs_accuracy_test,user_attrs_accuracy_valid,user_attrs_approximate_feature_sparsity,user_attrs_approximate_feature_sparsity_history,user_attrs_approximate_weight_sparsity,user_attrs_approximate_weight_sparsity_history,user_attrs_auc_test,user_attrs_auc_valid,user_attrs_feature_sparsity,user_attrs_feature_sparsity_history,user_attrs_num_epochs,user_attrs_val_loss_history,user_attrs_weight_sparsity,user_attrs_weight_sparsity_history,state
44,44,0.5,2024-08-31 02:19:33.532733,2024-08-31 02:20:03.430764,0 days 00:00:29.898031,64,4.836688965348927,1,405,0.6245741707152902,56,0.01591427821331555,0.859,0.85875,3,"[2, 7, 6, 0, 0, 4, 3, 2, 2, 2, 1, 0, 4, 3, 2, 2, 1, 1, 4, 2, 1, 1, 2, 1, 1, 1, 0, 3, 0, 0, 3, 2, 0, 0, 2, 0, 0, 3, 0, 0, 3, 0, 0, 3, 0, 0, 3, 3, 0, 0, 2, 0, 0, 2, 2, 0, 0, 3, 0, 0, 3, 2, 0, 3, 3, 0, 0, 3, 0, 0, 3, 2, 0, 3, 2, 0, 3, 2, 0, 0, 3, 0, 0, 3, 2, 0, 0, 2, 0, 0, 2, 2, 0, 0, 3, 2, 0, 3, 2, 0, 0, 2, 0, 0, 3, 3, 0, 0, 2, 0, 0, 2, 2, 0, 3, 2, 0, 0, 2, 1, 1, 2, 0, 0, 3, 2, 0, 3, 3, 0, 0, 2, 2, 2, 0, 3, 3, 0, 3, 2, 0, 0, 0, 2, 2, 0, 0, 2, 0, 0, 3, 2, 0, 0, 2, 0, 0, 2, 2, 0, 3, 3, 0, 0, 0, 2, 0, 0, 2, 2, 0, 0, 2, 0, 0, 3, 2, 0, 0, 2, 1, 0, 4, 3, 0, 0, 2, 0, 0, 3, 2, 0, 0, 2, 0, 0, 3, 2, 0, 0, 2, 0, 0, 3, 2, 0, 0, 2, 0, 0, 2, 1, 1, 1, 2, 2, 0, 3, 2, 0, 0, 2, 0, 0, 3, 2, 0, 0, 2, 0, 0, 3, 2, 0, 0, 3, 1, 0, 0, 2, 0, 0, 3, 2, 1, 1, 1, 1, 1, 0, 4, 3, 0, 0, 2, 2, 0, 0, 0, 3, 2, 0, 3, 3, 0, 0, 3, 0, 0, 3, 0, 0, 3, 2, 0, 0, 2, 0, 0, 3, 0, 0, 3, 2, 0, 3, 3, 0, 0, 3, 0, 0, 2, 2, 0, 0, 2, 2, 0, 0, 2, 0, 0, 3, 2, 0, 0, 2, 0, 0, 2, 2, 0, 3, 2, 0, 0, 3, 2, 0, 3, 3, 1, 3, 1, 0, 0, 2, 0, 0, 3, 0, 0, 3, 2, 1, 2, 2, 1, 2, 1, 1, 4, 2, 0, 0, 3, 0, 0, 3, 2, 0, 0, 2, 0, 0, 3, 1, 0, 3, 0, 0, 3, 3, 0, 0, 2, 0, 0, 0, 3, 2, 0, 0, 2, 0, 0, 2, 2, 0, 2, 2, 0, 0, 2, 0, 0, 0, 2, 0, 0, 3, 0, 0, 3, 2, 0, 3, 3, 0, 3, 2, 0, 0, 3]",3.0,"[2.0, 7.0, 6.0, 0.0, 0.0, 4.0, 3.0, 2.0, 2.0, 2.0, 1.0, 0.0, 4.0, 3.0, 2.0, 2.0, 1.0, 1.0, 4.0, 2.0, 1.0, 1.0, 2.0, 1.0, 1.0, 1.0, 0.0, 3.0, 0.0, 0.0, 3.0, 2.0, 0.0, 0.0, 2.0, 0.0, 0.0, 3.0, 0.0, 0.0, 3.0, 0.0, 0.0, 3.0, 0.0, 0.0, 3.0, 3.0, 0.0, 0.0, 2.0, 0.0, 0.0, 2.0, 2.0, 0.0, 0.0, 3.0, 0.0, 0.0, 3.0, 2.0, 0.0, 3.0, 3.0, 0.0, 0.0, 3.0, 0.0, 0.0, 3.0, 2.0, 0.0, 3.0, 2.0, 0.0, 3.0, 2.0, 0.0, 0.0, 3.0, 0.0, 0.0, 3.0, 2.0, 0.0, 0.0, 2.0, 0.0, 0.0, 2.0, 2.0, 0.0, 0.0, 3.0, 2.0, 0.0, 3.0, 2.0, 0.0, 0.0, 2.0, 0.0, 0.0, 3.0, 3.0, 0.0, 0.0, 2.0, 0.0, 0.0, 2.0, 2.0, 0.0, 3.0, 2.0, 0.0, 0.0, 2.0, 1.0, 1.0, 2.0, 0.0, 0.0, 3.0, 2.0, 0.0, 3.0, 3.0, 0.0, 0.0, 2.0, 2.0, 2.0, 0.0, 3.0, 3.0, 0.0, 3.0, 2.0, 0.0, 0.0, 0.0, 2.0, 2.0, 0.0, 0.0, 2.0, 0.0, 0.0, 3.0, 2.0, 0.0, 0.0, 2.0, 0.0, 0.0, 2.0, 2.0, 0.0, 3.0, 3.0, 0.0, 0.0, 0.0, 2.0, 0.0, 0.0, 2.0, 2.0, 0.0, 0.0, 2.0, 0.0, 0.0, 3.0, 2.0, 0.0, 0.0, 2.0, 1.0, 0.0, 4.0, 3.0, 0.0, 0.0, 2.0, 0.0, 0.0, 3.0, 2.0, 0.0, 0.0, 2.0, 0.0, 0.0, 3.0, 2.0, 0.0, 0.0, 2.0, 0.0, 0.0, 3.0, 2.0, 0.0, 0.0, 2.0, 0.0, 0.0, 2.0, 1.0, 1.0, 1.0, 2.0, 2.0, 0.0, 3.0, 2.0, 0.0, 0.0, 2.0, 0.0, 0.0, 3.0, 2.0, 0.0, 0.0, 2.0, 0.0, 0.0, 3.0, 2.0, 0.0, 0.0, 3.0, 1.0, 0.0, 0.0, 2.0, 0.0, 0.0, 3.0, 2.0, 1.0, 1.0, 1.0, 1.0, 1.0, 0.0, 4.0, 3.0, 0.0, 0.0, 2.0, 2.0, 0.0, 0.0, 0.0, 3.0, 2.0, 0.0, 3.0, 3.0, 0.0, 0.0, 3.0, 0.0, 0.0, 3.0, 0.0, 0.0, 3.0, 2.0, 0.0, 0.0, 2.0, 0.0, 0.0, 3.0, 0.0, 0.0, 3.0, 2.0, 0.0, 3.0, 3.0, 0.0, 0.0, 3.0, 0.0, 0.0, 2.0, 2.0, 0.0, 0.0, 2.0, 2.0, 0.0, 0.0, 2.0, 0.0, 0.0, 3.0, 2.0, 0.0, 0.0, 2.0, 0.0, 0.0, 2.0, 2.0, 0.0, 3.0, 2.0, 0.0, 0.0, 3.0, 2.0, 0.0, 3.0, 3.0, 1.0, 3.0, 1.0, 0.0, 0.0, 2.0, 0.0, 0.0, 3.0, 0.0, 0.0, 3.0, 2.0, 1.0, 2.0, 2.0, 1.0, 2.0, 1.0, 1.0, 4.0, 2.0, 0.0, 0.0, 3.0, 0.0, 0.0, 3.0, 2.0, 0.0, 0.0, 2.0, 0.0, 0.0, 3.0, 1.0, 0.0, 3.0, 0.0, 0.0, 3.0, 3.0, 0.0, 0.0, 2.0, 0.0, 0.0, 0.0, 3.0, 2.0, 0.0, 0.0, 2.0, 0.0, 0.0, 2.0, 2.0, 0.0, 2.0, 2.0, 0.0, 0.0, 2.0, 0.0, 0.0, 0.0, 2.0, 0.0, 0.0, 3.0, 0.0, 0.0, 3.0, 2.0, 0.0, 3.0, 3.0, 0.0, 3.0, 2.0, 0.0, 0.0, 3.0]",0.5,0.5,3,"[2, 7, 6, 0, 0, 4, 3, 2, 2, 2, 1, 0, 4, 3, 2, 2, 1, 1, 4, 2, 1, 1, 2, 1, 1, 1, 0, 3, 0, 0, 3, 2, 0, 0, 2, 0, 0, 3, 0, 0, 3, 0, 0, 3, 0, 0, 3, 3, 0, 0, 2, 0, 0, 2, 2, 0, 0, 3, 0, 0, 3, 2, 0, 3, 3, 0, 0, 3, 0, 0, 3, 2, 0, 3, 2, 0, 3, 2, 0, 0, 3, 0, 0, 3, 2, 0, 0, 2, 0, 0, 2, 2, 0, 0, 3, 2, 0, 3, 2, 0, 0, 2, 0, 0, 3, 3, 0, 0, 2, 0, 0, 2, 2, 0, 3, 2, 0, 0, 2, 1, 1, 2, 0, 0, 3, 2, 0, 3, 3, 0, 0, 2, 2, 2, 0, 3, 3, 0, 3, 2, 0, 0, 0, 2, 2, 0, 0, 2, 0, 0, 3, 2, 0, 0, 2, 0, 0, 2, 2, 0, 3, 3, 0, 0, 0, 2, 0, 0, 2, 2, 0, 0, 2, 0, 0, 3, 2, 0, 0, 2, 1, 0, 4, 3, 0, 0, 2, 0, 0, 3, 2, 0, 0, 2, 0, 0, 3, 2, 0, 0, 2, 0, 0, 3, 2, 0, 0, 2, 0, 0, 2, 1, 1, 1, 2, 2, 0, 3, 2, 0, 0, 2, 0, 0, 3, 2, 0, 0, 2, 0, 0, 3, 2, 0, 0, 3, 1, 0, 0, 2, 0, 0, 3, 2, 1, 1, 1, 1, 1, 0, 4, 3, 0, 0, 2, 2, 0, 0, 0, 3, 2, 0, 3, 3, 0, 0, 3, 0, 0, 3, 0, 0, 3, 2, 0, 0, 2, 0, 0, 3, 0, 0, 3, 2, 0, 3, 3, 0, 0, 3, 0, 0, 2, 2, 0, 0, 2, 2, 0, 0, 2, 0, 0, 3, 2, 0, 0, 2, 0, 0, 2, 2, 0, 3, 2, 0, 0, 3, 2, 0, 3, 3, 1, 3, 1, 0, 0, 2, 0, 0, 3, 0, 0, 3, 2, 1, 2, 2, 1, 2, 1, 1, 4, 2, 0, 0, 3, 0, 0, 3, 2, 0, 0, 2, 0, 0, 3, 1, 0, 3, 0, 0, 3, 3, 0, 0, 2, 0, 0, 0, 3, 2, 0, 0, 2, 0, 0, 2, 2, 0, 2, 2, 0, 0, 2, 0, 0, 0, 2, 0, 0, 3, 0, 0, 3, 2, 0, 3, 3, 0, 3, 2, 0, 0, 3]",405,"[17.99808120727539, 30.980457305908203, 58.748348236083984, 27.467023849487305, 3.4438822269439697, 16.063356399536133, 40.53300857543945, 7.9912109375, 30.690073013305664, 51.748348236083984, 25.827707290649414, 20.934097290039062, 44.67118835449219, 11.366510391235352, 21.985811233520508, 21.10039710998535, 42.35979080200195, 14.588924407958984, 38.51739501953125, 3.95821475982666, 31.135835647583008, 20.8690242767334, 24.427379608154297, 40.993892669677734, 8.299317359924316, 26.64630126953125, 33.603065490722656, 14.415166854858398, 44.950321197509766, 11.973867416381836, 33.83938217163086, 33.36798858642578, 26.488697052001953, 29.659378051757812, 16.97738265991211, 42.31595230102539, 13.829992294311523, 30.025720596313477, 35.39925765991211, 5.425868988037109, 20.95455551147461, 39.75115203857422, 10.529792785644531, 29.348678588867188, 38.39910125732422, 9.076776504516602, 31.23849105834961, 31.797048568725586, 25.395751953125, 34.1720085144043, 18.509702682495117, 42.4461669921875, 14.880239486694336, 34.52483367919922, 53.346588134765625, 26.523273468017578, 46.74365234375, 15.079339981079102, 41.390750885009766, 14.302956581115723, 36.54367446899414, 10.698007583618164, 16.085140228271484, 38.505645751953125, 42.161346435546875, 28.136302947998047, 21.0595760345459, 16.313989639282227, 41.75709915161133, 11.019643783569336, 37.93758773803711, 9.923921585083008, 13.55229377746582, 37.87312698364258, 16.678129196166992, 16.26017189025879, 41.06596374511719, 4.835833549499512, 34.32807922363281, 3.7237865924835205, 23.768505096435547, 43.63145446777344, 11.943581581115723, 35.32441711425781, 32.00310134887695, 30.66924285888672, 3.364192008972168, 14.117871284484863, 39.46589660644531, 10.959177017211914, 30.922151565551758, 19.235675811767578, 31.565855026245117, 0.9913362264633179, 25.68157386779785, 46.231441497802734, 15.015933990478516, 41.488468170166016, 6.856287002563477, 31.6648006439209, 7.326847076416016, 22.390623092651367, 46.324275970458984, 16.599567413330078, 34.10457229614258, 31.9011173248291, 28.322004318237305, 37.84920883178711, 15.37483024597168, 41.391639709472656, 10.589437484741211, 34.403499603271484, 8.47385311126709, 13.009718894958496, 34.12240982055664, 41.21623229980469, 27.409751892089844, 44.69725036621094, 18.859291076660156, 27.64544105529785, 36.62377166748047, 22.761192321777344, 48.01459884643555, 19.87677764892578, 43.583953857421875, 9.378350257873535, 24.691259384155273, 46.726749420166016, 8.860273361206055, 38.411163330078125, 9.119268417358398, 30.62628173828125, 32.87484359741211, 6.346249580383301, 13.010773658752441, 32.82432556152344, 33.72215270996094, 24.167552947998047, 48.6595573425293, 14.712202072143555, 43.18028259277344, 9.339105606079102, 18.338485717773438, 41.312255859375, 11.611538887023926, 33.172393798828125, 0.4358263313770294, 25.809947967529297, 46.49921417236328, 16.241039276123047, 38.40245819091797, 3.9557981491088867, 32.321327209472656, 1.8364458084106445, 25.44751739501953, 46.511322021484375, 15.414902687072754, 35.900421142578125, 29.582612991333008, 26.077577590942383, 50.020103454589844, 15.844718933105469, 44.08894348144531, 15.706059455871582, 1.298075556755066, 22.09288787841797, 46.998046875, 16.03260040283203, 33.11848068237305, 34.62556838989258, 27.733800888061523, 27.587139129638672, 17.17774200439453, 46.609474182128906, 17.591659545898438, 39.127845764160156, 4.349205017089844, 31.852998733520508, 2.6328818798065186, 23.490009307861328, 45.407371520996094, 19.17853546142578, 39.97063064575195, 6.234991073608398, 34.42628479003906, 4.258087635040283, 21.969371795654297, 48.0695915222168, 19.44556427001953, 42.506080627441406, 8.182727813720703, 38.04249572753906, 8.006168365478516, 26.509920120239258, 46.44059753417969, 17.867191314697266, 38.15388488769531, 20.175764083862305, 28.812341690063477, 11.412372589111328, 17.379629135131836, 42.72737121582031, 16.825572967529297, 37.64130783081055, 18.13034439086914, 30.0173282623291, 36.19346618652344, 16.70062255859375, 36.861202239990234, 4.7132344245910645, 29.036497116088867, 34.22648620605469, 6.349573135375977, 22.796066284179688, 43.85911560058594, 11.362805366516113, 12.353232383728027, 35.01007080078125, 20.313018798828125, 29.7227840423584, 6.5295515060424805, 16.498123168945312, 47.24698257446289, 17.291601181030273, 38.82046890258789, 5.563063144683838, 33.560546875, 2.235503911972046, 24.19189453125, 45.85759735107422, 18.659526824951172, 41.5809440612793, 4.118655204772949, 33.779457092285156, 2.6285436153411865, 20.993030548095703, 27.638498306274414, 9.23267936706543, 4.210913181304932, 26.980125427246094, 45.855438232421875, 16.699966430664062, 38.663909912109375, 17.807573318481445, 24.860576629638672, 44.04537582397461, 14.169949531555176, 34.56477355957031, 9.013862609863281, 17.986295700073242, 47.7540397644043, 11.302027702331543, 34.22694396972656, 2.103121042251587, 29.975244522094727, 24.007850646972656, 25.221647262573242, 24.76117706298828, 0.5181916952133179, 41.468597412109375, 10.11190414428711, 19.587779998779297, 42.10124969482422, 9.907329559326172, 28.748823165893555, 45.66701126098633, 17.997737884521484, 35.84715270996094, 6.894240856170654, 25.931015014648438, 48.4954719543457, 22.232572555541992, 42.47734451293945, 4.3953962326049805, 32.6966667175293, 1.7917133569717407, 19.63875961303711, 37.794158935546875, 10.053230285644531, 29.722274780273438, 43.81065368652344, 17.860977172851562, 37.30665588378906, 14.966465950012207, 22.466279983520508, 40.52680969238281, 4.748067855834961, 35.571571350097656, 9.027918815612793, 27.399211883544922, 49.05194854736328, 22.643882751464844, 42.649696350097656, 8.290063858032227, 38.816402435302734, 10.763230323791504, 30.671236038208008, 29.139699935913086, 25.792808532714844, 39.9176025390625, 14.513317108154297, 40.824851989746094, 10.346086502075195, 34.98111343383789, 28.512378692626953, 28.561594009399414, 29.537878036499023, 17.8740177154541, 39.611881256103516, 10.418320655822754, 35.95219802856445, 6.0104546546936035, 13.287671089172363, 31.253007888793945, 26.021303176879883, 47.2070426940918, 19.059715270996094, 44.29655456542969, 11.120092391967773, 18.869020462036133, 44.85848617553711, 12.43790054321289, 23.0210018157959, 45.5335578918457, 9.491947174072266, 32.37449645996094, 12.130602836608887, 20.107280731201172, 33.357730865478516, 3.589198589324951, 21.42947006225586, 40.4056396484375, 11.499359130859375, 36.985137939453125, 10.425540924072266, 15.567748069763184, 36.694522857666016, 3.675847053527832, 4.109100341796875, 33.210750579833984, 30.10016441345215, 23.38485336303711, 47.1279296875, 11.938101768493652, 37.605106353759766, 4.9690632820129395, 27.723316192626953, 40.94477462768555, 12.029499053955078, 35.1976432800293, 27.549671173095703, 28.117143630981445, 38.07573699951172, 16.65091323852539, 38.953006744384766, 9.848200798034668, 30.367082595825195, 38.689208984375, 7.295517444610596, 25.943620681762695, 50.3776741027832, 22.967134475708008, 43.9128303527832, 9.566960334777832, 36.8057975769043, 2.2276501655578613, 24.783607482910156, 50.8127555847168, 23.177227020263672, 15.083971977233887, 34.28464889526367, 28.511014938354492, 26.741069793701172, 29.651107788085938, 16.155277252197266, 41.593177795410156, 14.1439790725708, 33.46623992919922, 10.346936225891113, 14.597070693969727, 36.05258560180664, 30.872512817382812, 26.012659072875977, 49.50067901611328, 19.050697326660156, 44.82794952392578, 16.621248245239258, 41.732933044433594, 19.916336059570312, 30.699853897094727, 16.165672302246094, 19.144332885742188, 40.014652252197266, 11.264318466186523, 35.87556457519531, 6.588008403778076, 13.87695598602295, 34.951778411865234, 25.891807556152344, 23.225427627563477, 45.052024841308594, 7.9560723304748535, 35.65043640136719, 5.858710765838623, 28.353063583374023]",3.0,"[2.0, 7.0, 6.0, 0.0, 0.0, 4.0, 3.0, 2.0, 2.0, 2.0, 1.0, 0.0, 4.0, 3.0, 2.0, 2.0, 1.0, 1.0, 4.0, 2.0, 1.0, 1.0, 2.0, 1.0, 1.0, 1.0, 0.0, 3.0, 0.0, 0.0, 3.0, 2.0, 0.0, 0.0, 2.0, 0.0, 0.0, 3.0, 0.0, 0.0, 3.0, 0.0, 0.0, 3.0, 0.0, 0.0, 3.0, 3.0, 0.0, 0.0, 2.0, 0.0, 0.0, 2.0, 2.0, 0.0, 0.0, 3.0, 0.0, 0.0, 3.0, 2.0, 0.0, 3.0, 3.0, 0.0, 0.0, 3.0, 0.0, 0.0, 3.0, 2.0, 0.0, 3.0, 2.0, 0.0, 3.0, 2.0, 0.0, 0.0, 3.0, 0.0, 0.0, 3.0, 2.0, 0.0, 0.0, 2.0, 0.0, 0.0, 2.0, 2.0, 0.0, 0.0, 3.0, 2.0, 0.0, 3.0, 2.0, 0.0, 0.0, 2.0, 0.0, 0.0, 3.0, 3.0, 0.0, 0.0, 2.0, 0.0, 0.0, 2.0, 2.0, 0.0, 3.0, 2.0, 0.0, 0.0, 2.0, 1.0, 1.0, 2.0, 0.0, 0.0, 3.0, 2.0, 0.0, 3.0, 3.0, 0.0, 0.0, 2.0, 2.0, 2.0, 0.0, 3.0, 3.0, 0.0, 3.0, 2.0, 0.0, 0.0, 0.0, 2.0, 2.0, 0.0, 0.0, 2.0, 0.0, 0.0, 3.0, 2.0, 0.0, 0.0, 2.0, 0.0, 0.0, 2.0, 2.0, 0.0, 3.0, 3.0, 0.0, 0.0, 0.0, 2.0, 0.0, 0.0, 2.0, 2.0, 0.0, 0.0, 2.0, 0.0, 0.0, 3.0, 2.0, 0.0, 0.0, 2.0, 1.0, 0.0, 4.0, 3.0, 0.0, 0.0, 2.0, 0.0, 0.0, 3.0, 2.0, 0.0, 0.0, 2.0, 0.0, 0.0, 3.0, 2.0, 0.0, 0.0, 2.0, 0.0, 0.0, 3.0, 2.0, 0.0, 0.0, 2.0, 0.0, 0.0, 2.0, 1.0, 1.0, 1.0, 2.0, 2.0, 0.0, 3.0, 2.0, 0.0, 0.0, 2.0, 0.0, 0.0, 3.0, 2.0, 0.0, 0.0, 2.0, 0.0, 0.0, 3.0, 2.0, 0.0, 0.0, 3.0, 1.0, 0.0, 0.0, 2.0, 0.0, 0.0, 3.0, 2.0, 1.0, 1.0, 1.0, 1.0, 1.0, 0.0, 4.0, 3.0, 0.0, 0.0, 2.0, 2.0, 0.0, 0.0, 0.0, 3.0, 2.0, 0.0, 3.0, 3.0, 0.0, 0.0, 3.0, 0.0, 0.0, 3.0, 0.0, 0.0, 3.0, 2.0, 0.0, 0.0, 2.0, 0.0, 0.0, 3.0, 0.0, 0.0, 3.0, 2.0, 0.0, 3.0, 3.0, 0.0, 0.0, 3.0, 0.0, 0.0, 2.0, 2.0, 0.0, 0.0, 2.0, 2.0, 0.0, 0.0, 2.0, 0.0, 0.0, 3.0, 2.0, 0.0, 0.0, 2.0, 0.0, 0.0, 2.0, 2.0, 0.0, 3.0, 2.0, 0.0, 0.0, 3.0, 2.0, 0.0, 3.0, 3.0, 1.0, 3.0, 1.0, 0.0, 0.0, 2.0, 0.0, 0.0, 3.0, 0.0, 0.0, 3.0, 2.0, 1.0, 2.0, 2.0, 1.0, 2.0, 1.0, 1.0, 4.0, 2.0, 0.0, 0.0, 3.0, 0.0, 0.0, 3.0, 2.0, 0.0, 0.0, 2.0, 0.0, 0.0, 3.0, 1.0, 0.0, 3.0, 0.0, 0.0, 3.0, 3.0, 0.0, 0.0, 2.0, 0.0, 0.0, 0.0, 3.0, 2.0, 0.0, 0.0, 2.0, 0.0, 0.0, 2.0, 2.0, 0.0, 2.0, 2.0, 0.0, 0.0, 2.0, 0.0, 0.0, 0.0, 2.0, 0.0, 0.0, 3.0, 0.0, 0.0, 3.0, 2.0, 0.0, 3.0, 3.0, 0.0, 3.0, 2.0, 0.0, 0.0, 3.0]",COMPLETE
