,number,value,datetime_start,datetime_complete,duration,params_batch_size_scaler,params_constant_learning_rate,params_depth,params_epochs,params_kernel_l2,params_num_trees,params_temperature,user_attrs_accuracy_test,user_attrs_accuracy_valid,user_attrs_approximate_feature_sparsity,user_attrs_approximate_feature_sparsity_history,user_attrs_approximate_weight_sparsity,user_attrs_approximate_weight_sparsity_history,user_attrs_auc_test,user_attrs_auc_valid,user_attrs_feature_sparsity,user_attrs_feature_sparsity_history,user_attrs_num_epochs,user_attrs_val_loss_history,user_attrs_weight_sparsity,user_attrs_weight_sparsity_history,state
103,103,0.5,2024-08-31 04:41:20.142777,2024-08-31 04:41:35.809267,0 days 00:00:15.666490,16,4.812115505253116,1,155,0.060164126174844866,62,0.055824329805037896,0.859,0.85875,3,"[1, 3, 0, 3, 2, 4, 3, 3, 2, 3, 2, 3, 3, 3, 3, 3, 3, 3, 3, 3, 3, 3, 3, 3, 3, 2, 3, 3, 3, 2, 2, 3, 3, 3, 3, 2, 3, 3, 3, 3, 2, 3, 3, 3, 3, 3, 3, 3, 2, 3, 3, 2, 3, 3, 3, 2, 2, 3, 3, 3, 2, 3, 3, 3, 3, 3, 1, 3, 3, 3, 2, 3, 3, 3, 2, 2, 3, 3, 3, 3, 3, 3, 3, 3, 3, 2, 3, 3, 3, 3, 3, 3, 4, 3, 4, 2, 3, 2, 3, 3, 3, 3, 3, 2, 3, 3, 3, 2, 2, 3, 3, 3, 3, 3, 3, 3, 3, 3, 3, 2, 2, 3, 3, 3, 3, 3, 2, 3, 3, 3, 3, 3, 3, 3, 3, 3, 2, 3, 3, 3, 2, 3, 3, 3, 3, 3, 3, 3, 3, 2, 3, 3, 3, 3, 3]",3.0,"[1.0, 3.0, 0.0, 3.0, 2.0, 4.0, 3.0, 3.0, 2.0, 3.0, 2.0, 3.0, 3.0, 3.0, 3.0, 3.0, 3.0, 3.0, 3.0, 3.0, 3.0, 3.0, 3.0, 3.0, 3.0, 2.0, 3.0, 3.0, 3.0, 2.0, 2.0, 3.0, 3.0, 3.0, 3.0, 2.0, 3.0, 3.0, 3.0, 3.0, 2.0, 3.0, 3.0, 3.0, 3.0, 3.0, 3.0, 3.0, 2.0, 3.0, 3.0, 2.0, 3.0, 3.0, 3.0, 2.0, 2.0, 3.0, 3.0, 3.0, 2.0, 3.0, 3.0, 3.0, 3.0, 3.0, 1.0, 3.0, 3.0, 3.0, 2.0, 3.0, 3.0, 3.0, 2.0, 2.0, 3.0, 3.0, 3.0, 3.0, 3.0, 3.0, 3.0, 3.0, 3.0, 2.0, 3.0, 3.0, 3.0, 2.9838709677419355, 3.0, 3.0, 4.0, 3.0, 4.0, 2.0, 3.0, 2.0, 3.0, 3.0, 3.0, 3.0, 3.0, 2.0, 3.0, 3.0, 3.0, 2.0, 2.0, 3.0, 3.0, 3.0, 3.0, 3.0, 3.0, 3.0, 2.9838709677419355, 3.0, 3.0, 2.0, 2.0, 3.0, 3.0, 3.0, 3.0, 3.0, 2.0, 3.0, 3.0, 3.0, 3.0, 3.0, 3.0, 3.0, 3.0, 3.0, 2.0, 3.0, 3.0, 3.0, 2.0, 3.0, 3.0, 3.0, 3.0, 3.0, 3.0, 3.0, 3.0, 2.0, 3.0, 3.0, 3.0, 3.0, 3.0]",0.5,0.5,3,"[1, 3, 0, 3, 2, 4, 3, 3, 2, 3, 2, 3, 3, 3, 3, 3, 3, 3, 3, 3, 3, 3, 3, 3, 3, 2, 3, 3, 3, 2, 2, 3, 3, 3, 3, 2, 3, 3, 3, 3, 2, 3, 3, 3, 3, 3, 3, 3, 2, 3, 3, 2, 3, 3, 3, 2, 2, 3, 3, 3, 2, 3, 3, 3, 3, 3, 1, 3, 3, 3, 2, 3, 3, 3, 2, 2, 3, 3, 3, 3, 3, 3, 3, 3, 3, 2, 3, 3, 3, 3, 3, 3, 4, 3, 4, 2, 3, 2, 3, 3, 3, 3, 3, 2, 3, 3, 3, 2, 2, 3, 3, 3, 3, 3, 3, 3, 3, 3, 3, 2, 2, 3, 3, 3, 3, 3, 2, 3, 3, 3, 3, 3, 3, 3, 3, 3, 2, 3, 3, 3, 2, 3, 3, 3, 3, 3, 3, 3, 3, 2, 3, 3, 3, 3, 3]",155,"[45.66230773925781, 12.199419975280762, 19.421140670776367, 8.912395477294922, 17.833818435668945, 29.087400436401367, 20.49559783935547, 27.142480850219727, 29.869657516479492, 21.1805477142334, 12.339449882507324, 10.330461502075195, 33.285743713378906, 40.0024528503418, 16.670520782470703, 2.979963779449463, 27.011274337768555, 3.136794090270996, 31.34316635131836, 25.281064987182617, 18.29058074951172, 33.527252197265625, 24.696077346801758, 5.503594398498535, 30.700551986694336, 26.565650939941406, 18.604320526123047, 10.088922500610352, 5.050060272216797, 21.219127655029297, 7.143056869506836, 29.116731643676758, 20.679773330688477, 24.355287551879883, 16.330123901367188, 33.2056770324707, 15.904363632202148, 44.01801681518555, 44.70270538330078, 14.368727684020996, 7.978097915649414, 39.30094528198242, 29.152568817138672, 22.546188354492188, 26.725757598876953, 5.960029125213623, 29.281126022338867, 12.644763946533203, 3.9546446800231934, 4.788661956787109, 19.27422523498535, 36.49838638305664, 20.830551147460938, 2.1521825790405273, 9.375470161437988, 35.84073257446289, 24.305978775024414, 8.149750709533691, 20.479881286621094, 11.19015121459961, 29.09091567993164, 24.258464813232422, 9.112072944641113, 27.234498977661133, 37.21187973022461, 6.276803016662598, 31.698036193847656, 8.87150764465332, 35.869239807128906, 29.019859313964844, 1.8404103517532349, 35.126617431640625, 37.51997375488281, 8.781949043273926, 46.42604064941406, 1.5875067710876465, 39.771568298339844, 24.20578384399414, 2.1353819370269775, 36.760887145996094, 41.76836395263672, 37.418521881103516, 27.602861404418945, 9.986889839172363, 35.93294143676758, 9.617510795593262, 32.387962341308594, 20.55063247680664, 7.65610408782959, 34.877498626708984, 16.82355308532715, 11.240203857421875, 4.198340892791748, 51.49986267089844, 24.953327178955078, 23.90350914001465, 21.534404754638672, 31.153457641601562, 24.567283630371094, 25.11212921142578, 31.94976043701172, 37.25837707519531, 16.604246139526367, 36.16581726074219, 23.77447509765625, 5.8458638191223145, 39.87188720703125, 13.384023666381836, 4.0243730545043945, 37.46950912475586, 29.457212448120117, 8.129683494567871, 32.75202178955078, 21.248125076293945, 51.90279769897461, 42.985939025878906, 17.97235870361328, 6.743057727813721, 2.2068071365356445, 10.20600414276123, 81.85717010498047, 46.66231918334961, 21.727794647216797, 7.433836460113525, 44.489498138427734, 34.968910217285156, 30.82109832763672, 22.290197372436523, 40.54431915283203, 32.10342788696289, 19.839441299438477, 4.909017562866211, 38.23078536987305, 8.143582344055176, 37.452880859375, 29.966970443725586, 22.859960556030273, 7.0336480140686035, 37.62710952758789, 10.160411834716797, 49.576236724853516, 37.887821197509766, 30.35271453857422, 23.601673126220703, 30.184616088867188, 24.03386688232422, 2.2900800704956055, 25.000734329223633, 3.0611495971679688, 33.42404556274414, 15.047630310058594, 6.019529819488525, 40.4077262878418, 23.448514938354492, 26.897445678710938]",3.0,"[1.0, 3.0, 0.0, 3.0, 2.0, 4.0, 3.0, 3.0, 2.0, 3.0, 2.0, 3.0, 3.0, 3.0, 3.0, 3.0, 3.0, 3.0, 3.0, 3.0, 3.0, 3.0, 3.0, 3.0, 3.0, 2.0, 3.0, 3.0, 3.0, 2.0, 2.0, 3.0, 3.0, 3.0, 3.0, 2.0, 3.0, 3.0, 3.0, 3.0, 2.0, 3.0, 3.0, 3.0, 3.0, 3.0, 3.0, 3.0, 2.0, 3.0, 3.0, 2.0, 3.0, 3.0, 3.0, 2.0, 2.0, 3.0, 3.0, 3.0, 2.0, 3.0, 3.0, 3.0, 3.0, 3.0, 1.0, 3.0, 3.0, 3.0, 2.0, 3.0, 3.0, 3.0, 2.0, 2.0, 3.0, 3.0, 3.0, 3.0, 3.0, 3.0, 3.0, 3.0, 3.0, 2.0, 3.0, 3.0, 3.0, 3.0, 3.0, 3.0, 4.0, 3.0, 4.0, 2.0, 3.0, 2.0, 3.0, 3.0, 3.0, 3.0, 3.0, 2.0, 3.0, 3.0, 3.0, 2.0, 2.0, 3.0, 3.0, 3.0, 3.0, 3.0, 3.0, 3.0, 3.0, 3.0, 3.0, 2.0, 2.0, 3.0, 3.0, 3.0, 3.0, 3.0, 2.0, 3.0, 3.0, 3.0, 3.0, 3.0, 3.0, 3.0, 3.0, 3.0, 2.0, 3.0, 3.0, 3.0, 2.0, 3.0, 3.0, 3.0, 3.0, 3.0, 3.0, 3.0, 3.0, 2.0, 3.0, 3.0, 3.0, 3.0, 3.0]",COMPLETE
