,number,value,datetime_start,datetime_complete,duration,params_batch_size_scaler,params_constant_learning_rate,params_depth,params_epochs,params_kernel_l2,params_num_trees,params_temperature,user_attrs_accuracy_test,user_attrs_accuracy_valid,user_attrs_approximate_feature_sparsity,user_attrs_approximate_feature_sparsity_history,user_attrs_approximate_weight_sparsity,user_attrs_approximate_weight_sparsity_history,user_attrs_auc_test,user_attrs_auc_valid,user_attrs_feature_sparsity,user_attrs_feature_sparsity_history,user_attrs_num_epochs,user_attrs_val_loss_history,user_attrs_weight_sparsity,user_attrs_weight_sparsity_history,state
81,81,0.5,2024-08-31 03:48:19.462050,2024-08-31 03:49:45.111895,0 days 00:01:25.649845,16,8.106793563883002,2,305,0.4449980433668761,100,0.0056380513461874995,0.859,0.85875,9,"[19, 24, 23, 21, 20, 19, 18, 17, 15, 15, 15, 15, 15, 15, 15, 15, 15, 15, 15, 15, 11, 11, 11, 11, 11, 11, 11, 11, 10, 10, 10, 10, 10, 10, 10, 10, 10, 10, 10, 10, 10, 10, 10, 10, 10, 10, 10, 10, 10, 10, 10, 10, 10, 11, 10, 10, 10, 10, 10, 9, 9, 9, 9, 10, 9, 9, 9, 9, 9, 9, 9, 9, 9, 9, 9, 10, 9, 9, 10, 10, 10, 9, 9, 9, 9, 9, 9, 9, 9, 9, 9, 9, 9, 9, 9, 9, 9, 9, 9, 10, 9, 9, 9, 9, 9, 9, 10, 10, 10, 8, 8, 10, 9, 9, 9, 9, 9, 9, 8, 9, 9, 9, 9, 9, 9, 9, 9, 9, 9, 10, 9, 9, 9, 9, 9, 9, 10, 10, 10, 10, 9, 9, 9, 9, 9, 9, 9, 9, 9, 9, 9, 9, 9, 10, 9, 9, 9, 9, 9, 9, 8, 9, 9, 9, 9, 9, 9, 9, 9, 10, 9, 9, 9, 9, 9, 9, 9, 9, 9, 9, 9, 8, 9, 9, 9, 9, 9, 9, 9, 8, 8, 9, 9, 9, 9, 9, 9, 9, 9, 8, 8, 8, 9, 9, 9, 9, 9, 9, 9, 9, 9, 9, 9, 9, 9, 8, 9, 8, 9, 8, 8, 8, 9, 10, 9, 9, 9, 9, 9, 8, 8, 8, 8, 8, 8, 8, 10, 9, 9, 9, 9, 9, 8, 10, 9, 9, 9, 9, 9, 9, 9, 8, 8, 8, 9, 9, 9, 10, 9, 9, 9, 9, 9, 9, 9, 9, 9, 9, 9, 9, 9, 9, 9, 8, 8, 9, 9, 9, 9, 9, 9, 9, 9, 9, 9, 9, 9, 9, 9, 9, 9, 9, 9, 9, 9, 9, 9, 9, 10, 10, 9, 9, 9, 9, 9]",6.98,"[18.986666666666665, 23.973333333333333, 22.986666666666665, 20.983333333333334, 19.99, 18.99, 17.99, 16.986666666666665, 14.993333333333332, 14.996666666666666, 14.993333333333332, 14.996666666666666, 14.986666666666666, 14.986666666666665, 14.993333333333332, 14.98, 14.993333333333332, 14.976666666666665, 14.993333333333332, 14.976666666666667, 10.98, 10.996666666666666, 10.99, 10.993333333333332, 11.0, 11.0, 10.996666666666666, 10.996666666666666, 10.0, 10.0, 9.996666666666666, 9.996666666666666, 10.0, 10.0, 9.993333333333332, 9.993333333333334, 9.996666666666666, 9.996666666666666, 9.989999999999998, 9.996666666666666, 10.0, 9.983333333333334, 9.983333333333333, 9.986666666666666, 9.973333333333334, 9.976666666666667, 9.973333333333333, 9.963333333333335, 9.93, 9.936666666666667, 9.940000000000001, 9.926666666666668, 9.913333333333332, 10.85, 9.906666666666666, 9.883333333333331, 9.853333333333333, 9.870000000000001, 9.873333333333333, 8.853333333333333, 8.863333333333333, 8.833333333333334, 8.836666666666666, 9.72, 8.79, 8.77, 8.78, 8.78, 8.776666666666667, 8.786666666666667, 8.77, 8.766666666666667, 8.753333333333334, 8.776666666666667, 8.75, 9.703333333333333, 8.75, 8.75, 9.656666666666668, 9.670000000000002, 9.67, 8.716666666666667, 8.7, 8.683333333333334, 8.683333333333334, 8.68, 8.686666666666667, 8.64, 8.653333333333332, 8.653333333333332, 8.643333333333334, 8.596666666666668, 8.61, 8.606666666666666, 8.593333333333334, 8.593333333333334, 8.61, 8.603333333333332, 8.6, 9.503333333333334, 8.59, 8.586666666666666, 8.603333333333332, 8.600000000000001, 8.559999999999999, 8.573333333333334, 9.473333333333333, 9.446666666666667, 9.446666666666667, 7.586666666666667, 7.5600000000000005, 9.383333333333333, 8.476666666666667, 8.473333333333333, 8.489999999999998, 8.46, 8.459999999999999, 8.45, 7.54, 8.416666666666666, 8.4, 8.39, 8.383333333333333, 8.33, 8.343333333333334, 8.363333333333333, 8.346666666666668, 8.356666666666667, 8.34, 9.226666666666667, 8.333333333333334, 8.33, 8.333333333333334, 8.32, 8.323333333333334, 8.323333333333334, 9.173333333333334, 9.19, 9.176666666666666, 9.196666666666667, 8.296666666666667, 8.29, 8.313333333333334, 8.280000000000001, 8.233333333333333, 8.286666666666665, 8.226666666666667, 8.23, 8.23, 8.253333333333334, 8.253333333333334, 8.236666666666666, 8.233333333333334, 9.093333333333332, 8.226666666666667, 8.22, 8.219999999999999, 8.213333333333333, 8.206666666666667, 8.21, 7.3, 8.136666666666667, 8.156666666666666, 8.16, 8.156666666666666, 8.139999999999999, 8.113333333333333, 8.096666666666668, 8.086666666666666, 8.903333333333332, 8.063333333333333, 8.03, 8.013333333333334, 8.05, 8.033333333333333, 8.026666666666667, 8.003333333333334, 7.99, 7.953333333333333, 7.976666666666667, 7.956666666666667, 7.046666666666667, 7.883333333333335, 7.926666666666667, 7.8933333333333335, 7.883333333333334, 7.8533333333333335, 7.840000000000001, 7.856666666666667, 6.969999999999999, 6.956666666666667, 7.75, 7.766666666666667, 7.776666666666666, 7.786666666666667, 7.83, 7.83, 7.793333333333333, 7.776666666666666, 6.9399999999999995, 6.949999999999999, 6.933333333333334, 7.77, 7.756666666666666, 7.753333333333334, 7.73, 7.723333333333334, 7.703333333333333, 7.706666666666667, 7.716666666666667, 7.6866666666666665, 7.716666666666666, 7.713333333333333, 7.726666666666667, 7.713333333333333, 6.84, 7.653333333333333, 6.8533333333333335, 7.676666666666667, 6.846666666666667, 6.816666666666667, 6.816666666666666, 7.666666666666667, 8.459999999999999, 7.653333333333334, 7.636666666666667, 7.656666666666666, 7.59, 7.61, 6.76, 6.766666666666667, 6.8100000000000005, 6.796666666666667, 6.7666666666666675, 6.779999999999999, 6.800000000000001, 8.373333333333333, 7.596666666666667, 7.603333333333333, 7.569999999999999, 7.593333333333333, 7.576666666666666, 6.726666666666667, 8.283333333333335, 7.56, 7.523333333333333, 7.543333333333333, 7.533333333333333, 7.553333333333335, 7.543333333333333, 7.52, 6.736666666666666, 6.703333333333333, 6.696666666666666, 7.5, 7.516666666666667, 7.5566666666666675, 8.27, 7.496666666666666, 7.449999999999999, 7.533333333333334, 7.51, 7.506666666666667, 7.44, 7.459999999999999, 7.41, 7.383333333333333, 7.370000000000001, 7.313333333333333, 7.306666666666667, 7.34, 7.303333333333333, 7.32, 6.513333333333334, 6.49, 7.27, 7.273333333333333, 7.2700000000000005, 7.266666666666666, 7.27, 7.286666666666667, 7.263333333333334, 7.25, 7.25, 7.2233333333333345, 7.233333333333334, 7.223333333333333, 7.203333333333333, 7.24, 7.226666666666667, 7.213333333333334, 7.193333333333333, 7.18, 7.153333333333333, 7.143333333333333, 7.116666666666667, 7.116666666666667, 7.073333333333333, 7.823333333333334, 7.793333333333334, 7.093333333333334, 7.016666666666667, 7.026666666666666, 7.036666666666667, 6.98]",0.5,0.5,9,"[19, 24, 23, 21, 20, 19, 18, 17, 15, 15, 15, 15, 15, 15, 15, 15, 15, 15, 15, 15, 11, 11, 11, 11, 11, 11, 11, 11, 10, 10, 10, 10, 10, 10, 10, 10, 10, 10, 10, 10, 10, 10, 10, 10, 10, 10, 10, 10, 10, 10, 10, 10, 10, 11, 10, 10, 10, 10, 10, 9, 9, 9, 9, 10, 9, 9, 9, 9, 9, 9, 9, 9, 9, 9, 9, 10, 9, 9, 10, 10, 10, 9, 9, 9, 9, 9, 9, 9, 9, 9, 9, 9, 9, 9, 9, 9, 9, 9, 9, 10, 9, 9, 9, 9, 9, 9, 10, 10, 10, 8, 8, 10, 9, 9, 9, 9, 9, 9, 8, 9, 9, 9, 9, 9, 9, 9, 9, 9, 9, 10, 9, 9, 9, 9, 9, 9, 10, 10, 10, 10, 9, 9, 9, 9, 9, 9, 9, 9, 9, 9, 9, 9, 9, 10, 9, 9, 9, 9, 9, 9, 8, 9, 9, 9, 9, 9, 9, 9, 9, 10, 9, 9, 9, 9, 9, 9, 9, 9, 9, 9, 9, 8, 9, 9, 9, 9, 9, 9, 9, 8, 8, 9, 9, 9, 9, 9, 9, 9, 9, 8, 8, 8, 9, 9, 9, 9, 9, 9, 9, 9, 9, 9, 9, 9, 9, 8, 9, 8, 9, 8, 8, 8, 9, 10, 9, 9, 9, 9, 9, 8, 8, 8, 8, 8, 8, 8, 10, 9, 9, 9, 9, 9, 8, 10, 9, 9, 9, 9, 9, 9, 9, 8, 8, 8, 9, 9, 9, 10, 9, 9, 9, 9, 9, 9, 9, 9, 9, 9, 9, 9, 9, 9, 9, 8, 8, 9, 9, 9, 9, 9, 9, 9, 9, 9, 9, 9, 9, 9, 9, 9, 9, 9, 9, 9, 9, 9, 9, 9, 10, 10, 9, 9, 9, 9, 9]",305,"[30.74950408935547, 33.22761535644531, 32.87525939941406, 56.32661056518555, 29.157896041870117, 62.22743606567383, 56.378013610839844, 125.68771362304688, 15.970300674438477, 112.98188781738281, 58.49298858642578, 9.138970375061035, 29.783248901367188, 21.642780303955078, 118.76050567626953, 18.112651824951172, 124.78750610351562, 118.04618835449219, 65.73429870605469, 13.749175071716309, 7.4227094650268555, 146.56985473632812, 127.24057006835938, 83.74686431884766, 8.879566192626953, 14.138518333435059, 64.42500305175781, 42.83602523803711, 8.030645370483398, 28.504343032836914, 123.79480743408203, 23.001249313354492, 17.030397415161133, 50.367374420166016, 27.87810707092285, 83.83670043945312, 45.677310943603516, 106.79730224609375, 10.699882507324219, 98.63609313964844, 15.304399490356445, 137.7458953857422, 91.6955795288086, 29.285083770751953, 146.22320556640625, 41.43305587768555, 134.7967529296875, 18.58032989501953, 114.24113464355469, 21.618154525756836, 24.93942642211914, 9.350218772888184, 86.18254089355469, 152.53948974609375, 20.03614044189453, 69.1242446899414, 13.69807243347168, 82.45214080810547, 105.05842590332031, 20.7700138092041, 62.66181564331055, 131.23904418945312, 73.4623794555664, 68.19218444824219, 115.19819641113281, 68.22552490234375, 15.077588081359863, 15.755105018615723, 67.44115447998047, 13.987693786621094, 77.7175064086914, 25.30158042907715, 116.90827178955078, 42.50979995727539, 37.567691802978516, 105.1334457397461, 9.939579010009766, 16.88742446899414, 56.40782165527344, 128.00927734375, 32.4957160949707, 28.387453079223633, 7.569682598114014, 149.1190185546875, 15.314355850219727, 56.632476806640625, 68.14105224609375, 17.124122619628906, 10.737222671508789, 10.242405891418457, 57.87959289550781, 8.073805809020996, 7.51152229309082, 150.33570861816406, 123.3814468383789, 151.99530029296875, 28.217653274536133, 126.2492904663086, 28.399145126342773, 145.62051391601562, 27.356834411621094, 10.531290054321289, 135.0717010498047, 33.412540435791016, 7.914873123168945, 13.069753646850586, 15.117293357849121, 146.9671173095703, 11.016348838806152, 53.94210433959961, 33.62266540527344, 129.71583557128906, 62.09239196777344, 48.85025405883789, 24.95821762084961, 65.1714096069336, 91.85784912109375, 29.809471130371094, 49.7413444519043, 19.50418472290039, 22.333881378173828, 31.008508682250977, 29.3957576751709, 24.260160446166992, 86.29063415527344, 15.18780517578125, 137.33261108398438, 18.592294692993164, 9.039085388183594, 94.48611450195312, 10.636238098144531, 151.16329956054688, 20.454992294311523, 132.26458740234375, 89.63282012939453, 147.30209350585938, 25.852706909179688, 103.63203430175781, 31.875646591186523, 42.947608947753906, 21.594850540161133, 132.82196044921875, 95.02149200439453, 85.30502319335938, 5.845231533050537, 48.474220275878906, 8.835762977600098, 19.767473220825195, 33.60688781738281, 16.822250366210938, 72.02843475341797, 16.81450653076172, 57.370445251464844, 129.30718994140625, 34.062313079833984, 92.8605728149414, 106.38018798828125, 13.455463409423828, 116.89160919189453, 6.791834831237793, 36.797367095947266, 151.03610229492188, 12.482745170593262, 94.15573120117188, 85.32149505615234, 29.669450759887695, 15.789664268493652, 37.694786071777344, 42.463539123535156, 120.065185546875, 18.195384979248047, 125.139892578125, 132.69024658203125, 31.24810791015625, 93.85895538330078, 94.3354721069336, 110.77591705322266, 9.052311897277832, 36.143341064453125, 86.1259994506836, 19.694543838500977, 9.463024139404297, 72.86552429199219, 26.724863052368164, 60.867271423339844, 8.711722373962402, 124.83049011230469, 13.666028022766113, 32.560150146484375, 113.69940185546875, 13.481466293334961, 41.867679595947266, 16.15659523010254, 55.351112365722656, 28.84320831298828, 39.5318717956543, 13.978131294250488, 105.39006805419922, 83.30635070800781, 18.535987854003906, 74.69867706298828, 51.79778289794922, 33.415069580078125, 62.275142669677734, 39.56827163696289, 154.08575439453125, 19.019180297851562, 20.762962341308594, 35.938961029052734, 18.237804412841797, 43.275238037109375, 68.55467224121094, 40.57736587524414, 113.75896453857422, 21.00572967529297, 33.163455963134766, 20.430328369140625, 16.506505966186523, 10.83503532409668, 18.276304244995117, 61.405609130859375, 82.97474670410156, 159.5032958984375, 76.5711669921875, 27.82335662841797, 38.938987731933594, 41.11772537231445, 111.58109283447266, 24.76321792602539, 95.3244857788086, 9.61827564239502, 62.037109375, 44.863502502441406, 112.29949188232422, 12.569482803344727, 40.952980041503906, 152.0678253173828, 103.69481658935547, 96.47098541259766, 9.602006912231445, 16.576173782348633, 87.95427703857422, 154.3817596435547, 26.444843292236328, 19.248085021972656, 51.33754348754883, 34.60161590576172, 14.791335105895996, 118.392333984375, 18.95980453491211, 125.46228790283203, 23.185279846191406, 75.49945068359375, 14.857619285583496, 10.191727638244629, 109.48822021484375, 21.277185440063477, 118.95649719238281, 154.69606018066406, 6.39350700378418, 78.65518188476562, 44.398311614990234, 49.792781829833984, 12.89518928527832, 50.672096252441406, 117.37647247314453, 45.07014465332031, 59.405059814453125, 23.848060607910156, 27.143274307250977, 23.042095184326172, 12.144880294799805, 103.47747039794922, 30.069917678833008, 109.0398941040039, 162.781494140625, 10.6802978515625, 144.34298706054688, 121.813232421875, 140.3513641357422, 9.555614471435547, 8.461313247680664, 53.061607360839844, 97.14263916015625, 4.725020885467529, 19.29033088684082, 56.509132385253906, 11.032739639282227, 8.790002822875977, 92.76659393310547, 63.006465911865234, 39.44721603393555, 11.814043998718262, 65.08342742919922, 14.308403015136719, 15.776144027709961, 30.382726669311523, 132.0745086669922, 131.92909240722656, 31.499773025512695, 22.04253387451172, 15.107453346252441, 17.4898681640625, 20.91278839111328, 45.8771858215332]",8.9,"[19.0, 24.0, 23.0, 21.0, 20.0, 19.0, 18.0, 17.0, 15.0, 15.0, 15.0, 15.0, 15.0, 15.0, 15.0, 15.0, 15.0, 15.0, 15.0, 15.0, 11.0, 11.0, 11.0, 11.0, 11.0, 11.0, 11.0, 11.0, 10.0, 10.0, 10.0, 10.0, 10.0, 10.0, 10.0, 10.0, 10.0, 10.0, 10.0, 10.0, 10.0, 10.0, 10.0, 10.0, 10.0, 10.0, 10.0, 10.0, 10.0, 10.0, 10.0, 10.0, 10.0, 10.99, 10.0, 10.0, 10.0, 10.0, 10.0, 9.0, 9.0, 9.0, 9.0, 9.99, 9.0, 9.0, 9.0, 9.0, 9.0, 9.0, 9.0, 9.0, 9.0, 9.0, 9.0, 9.986666666666666, 9.0, 9.0, 9.986666666666666, 9.986666666666666, 9.986666666666666, 9.0, 9.0, 9.0, 9.0, 9.0, 9.0, 9.0, 9.0, 9.0, 9.0, 9.0, 9.0, 9.0, 9.0, 9.0, 9.0, 9.0, 9.0, 9.976666666666667, 9.0, 9.0, 9.0, 9.0, 9.0, 9.0, 9.973333333333333, 9.973333333333333, 9.973333333333333, 8.0, 8.0, 9.946666666666665, 8.973333333333333, 8.973333333333333, 8.973333333333333, 8.973333333333333, 8.973333333333333, 8.973333333333333, 8.0, 8.973333333333333, 8.973333333333333, 8.973333333333333, 8.973333333333333, 8.973333333333333, 8.973333333333333, 8.973333333333333, 8.973333333333333, 8.973333333333333, 8.973333333333333, 9.946666666666665, 8.973333333333333, 8.973333333333333, 8.973333333333333, 8.973333333333333, 8.973333333333333, 8.973333333333333, 9.946666666666665, 9.946666666666665, 9.946666666666665, 9.946666666666665, 8.973333333333333, 8.973333333333333, 8.973333333333333, 8.973333333333333, 8.973333333333333, 8.973333333333333, 8.973333333333333, 8.973333333333333, 8.973333333333333, 8.973333333333333, 8.973333333333333, 8.973333333333333, 8.973333333333333, 9.94, 8.973333333333333, 8.973333333333333, 8.973333333333333, 8.973333333333333, 8.973333333333333, 8.973333333333333, 8.0, 8.96, 8.96, 8.96, 8.96, 8.96, 8.96, 8.96, 8.96, 9.906666666666666, 8.96, 8.96, 8.96, 8.96, 8.96, 8.96, 8.96, 8.96, 8.96, 8.96, 8.96, 8.0, 8.946666666666667, 8.946666666666667, 8.946666666666667, 8.946666666666667, 8.946666666666667, 8.946666666666667, 8.946666666666667, 8.0, 8.0, 8.946666666666667, 8.946666666666667, 8.946666666666667, 8.946666666666667, 8.946666666666667, 8.946666666666667, 8.946666666666667, 8.946666666666667, 8.0, 8.0, 8.0, 8.94, 8.94, 8.94, 8.94, 8.94, 8.94, 8.94, 8.94, 8.94, 8.94, 8.94, 8.94, 8.94, 8.0, 8.94, 8.0, 8.936666666666667, 8.0, 8.0, 8.0, 8.936666666666667, 9.873333333333335, 8.936666666666667, 8.936666666666667, 8.936666666666667, 8.936666666666667, 8.936666666666667, 8.0, 8.0, 8.0, 8.0, 8.0, 8.0, 8.0, 9.863333333333333, 8.936666666666667, 8.936666666666667, 8.936666666666667, 8.936666666666667, 8.936666666666667, 8.0, 9.853333333333333, 8.926666666666666, 8.926666666666666, 8.926666666666666, 8.926666666666666, 8.926666666666666, 8.926666666666666, 8.926666666666666, 8.0, 8.0, 8.0, 8.923333333333334, 8.923333333333334, 8.923333333333334, 9.846666666666668, 8.923333333333334, 8.923333333333334, 8.923333333333334, 8.923333333333334, 8.923333333333334, 8.923333333333334, 8.923333333333334, 8.923333333333334, 8.923333333333334, 8.923333333333334, 8.923333333333334, 8.923333333333334, 8.923333333333334, 8.923333333333334, 8.923333333333334, 8.0, 8.0, 8.916666666666666, 8.916666666666666, 8.916666666666666, 8.916666666666666, 8.916666666666666, 8.916666666666666, 8.916666666666666, 8.916666666666666, 8.916666666666666, 8.916666666666666, 8.916666666666666, 8.916666666666666, 8.916666666666666, 8.916666666666666, 8.916666666666666, 8.916666666666666, 8.916666666666666, 8.916666666666666, 8.916666666666666, 8.916666666666666, 8.916666666666666, 8.916666666666666, 8.9, 9.8, 9.8, 8.9, 8.9, 8.9, 8.9, 8.9]",COMPLETE
