,number,value,datetime_start,datetime_complete,duration,params_batch_size_scaler,params_constant_learning_rate,params_depth,params_epochs,params_kernel_l2,params_num_trees,params_temperature,user_attrs_accuracy_test,user_attrs_accuracy_valid,user_attrs_approximate_feature_sparsity,user_attrs_approximate_feature_sparsity_history,user_attrs_approximate_weight_sparsity,user_attrs_approximate_weight_sparsity_history,user_attrs_auc_test,user_attrs_auc_valid,user_attrs_feature_sparsity,user_attrs_feature_sparsity_history,user_attrs_num_epochs,user_attrs_val_loss_history,user_attrs_weight_sparsity,user_attrs_weight_sparsity_history,state
117,117,0.6536370779714289,2024-08-31 05:31:44.575301,2024-08-31 05:32:41.230328,0 days 00:00:56.655027,64,0.47815241265437625,6,55,0.9233077896609623,59,0.008409782109206053,0.86,0.85875,3,"[33, 33, 33, 33, 33, 33, 33, 33, 33, 33, 33, 33, 33, 33, 33, 33, 33, 33, 33, 33, 33, 33, 33, 33, 33, 33, 33, 33, 33, 30, 22, 15, 13, 8, 5, 4, 4, 4, 3, 3, 3, 3, 3, 3, 3, 3, 3, 3, 3, 3, 3, 3, 3, 3, 3]",2.9930051116491794,"[32.911487758945384, 32.91633037395749, 32.916061339790154, 32.91041162227603, 32.91498520312079, 32.91471616895346, 32.91417810061878, 32.912832929782084, 32.91794457896153, 32.917675544794186, 32.91310196394942, 32.90718321226796, 32.90664514393328, 32.91740651062685, 32.90879741727199, 32.906645143933275, 32.91337099811676, 32.91068065644337, 32.908797417272, 32.9061070755986, 32.90960451977401, 32.91229486144741, 32.909604519774014, 32.91041162227603, 32.90879741727199, 32.91606133979015, 32.91202582728006, 32.911487758945384, 32.91821361312886, 29.925208501479688, 21.951035781544253, 14.965832660747916, 12.968253968253967, 7.980629539951574, 4.984934086629002, 3.989507667473769, 3.987624428302394, 3.988700564971751, 2.992467043314501, 2.9911218724778044, 2.9921980091471614, 2.9927360774818403, 2.9921980091471614, 2.990314769975787, 2.98923863330643, 2.9895076674737693, 2.990314769975787, 2.9919289749798224, 2.9927360774818403, 2.992467043314501, 2.994619316653215, 2.992467043314501, 2.993543179983858, 2.9932741458165184, 2.9930051116491794]",0.6971573411273211,0.6536370779714289,3,"[33, 33, 33, 33, 33, 33, 33, 33, 33, 33, 33, 33, 33, 33, 33, 33, 33, 33, 33, 33, 33, 33, 33, 33, 33, 33, 33, 33, 33, 30, 22, 15, 13, 8, 5, 4, 4, 4, 3, 3, 3, 3, 3, 3, 3, 3, 3, 3, 3, 3, 3, 3, 3, 3, 3]",55,"[0.4617508053779602, 0.428507000207901, 0.41731348633766174, 0.4122764468193054, 0.40965980291366577, 0.40764519572257996, 0.40594473481178284, 0.4045120179653168, 0.40325501561164856, 0.40201377868652344, 0.40084388852119446, 0.399956613779068, 0.39902931451797485, 0.39761531352996826, 0.39664962887763977, 0.39570674300193787, 0.3949921429157257, 0.39425572752952576, 0.3935760259628296, 0.3928941488265991, 0.39229610562324524, 0.3916500210762024, 0.390877902507782, 0.3902856111526489, 0.38959041237831116, 0.3889774978160858, 0.3886765241622925, 0.38788872957229614, 0.3875708281993866, 0.38557037711143494, 0.3821289539337158, 0.3810478448867798, 0.37847691774368286, 0.3828051686286926, 0.3831538259983063, 0.3854728043079376, 0.38534682989120483, 0.38523128628730774, 0.3860389292240143, 0.3859056234359741, 0.38576048612594604, 0.3858325481414795, 0.3858411908149719, 0.38544365763664246, 0.3853498697280884, 0.3851853311061859, 0.38521915674209595, 0.38514065742492676, 0.3850085139274597, 0.38476696610450745, 0.38468751311302185, 0.3845047056674957, 0.3845526874065399, 0.3843347430229187, 0.3842858076095581]",3.0,"[33.0, 33.0, 33.0, 33.0, 33.0, 33.0, 33.0, 33.0, 33.0, 33.0, 33.0, 33.0, 33.0, 33.0, 33.0, 33.0, 33.0, 33.0, 33.0, 33.0, 33.0, 33.0, 33.0, 33.0, 33.0, 33.0, 33.0, 33.0, 33.0, 30.0, 22.0, 15.0, 13.0, 8.0, 5.0, 4.0, 4.0, 4.0, 3.0, 3.0, 3.0, 3.0, 3.0, 3.0, 3.0, 3.0, 3.0, 3.0, 3.0, 3.0, 3.0, 3.0, 3.0, 3.0, 3.0]",COMPLETE
