,number,value,datetime_start,datetime_complete,duration,params_batch_size_scaler,params_constant_learning_rate,params_depth,params_epochs,params_kernel_l2,params_num_trees,params_temperature,user_attrs_accuracy_test,user_attrs_accuracy_valid,user_attrs_approximate_feature_sparsity,user_attrs_approximate_feature_sparsity_history,user_attrs_approximate_weight_sparsity,user_attrs_approximate_weight_sparsity_history,user_attrs_auc_test,user_attrs_auc_valid,user_attrs_feature_sparsity,user_attrs_feature_sparsity_history,user_attrs_num_epochs,user_attrs_val_loss_history,user_attrs_weight_sparsity,user_attrs_weight_sparsity_history,state
29,29,0.8961754969020108,2024-08-31 01:45:28.460732,2024-08-31 01:46:30.242693,0 days 00:01:01.781961,4,0.023950352828995325,4,250,0.10578639177686232,8,0.023581017965740247,0.912,0.9025,33,"[33, 33, 33, 33, 33, 33, 33, 33, 33, 33, 33, 33, 33, 33, 33, 33, 33, 33, 33, 33, 33, 33, 33, 33, 33, 33, 33, 33, 33, 33, 33, 33, 33, 33, 33, 33, 33, 33, 33, 33, 33, 33, 33, 33, 33, 33, 33, 33, 33, 33, 33, 33, 33, 33, 33, 33, 33, 33, 33, 33, 33, 33, 33, 33, 33, 33, 33, 33, 33, 33, 33, 33, 33, 33, 33, 33, 33, 33, 33, 33, 33, 33, 33, 33, 33, 33, 33, 33, 33, 33, 33, 33, 33, 33, 33, 33, 33, 33, 33, 33, 33, 33, 33, 33, 33, 33, 33, 33, 33, 33, 33, 33, 33, 33, 33, 33, 33, 33, 33, 33, 33, 33, 33, 33, 33, 33, 33, 33, 33, 33, 33, 33, 33, 33, 33, 33, 33, 33, 33, 33, 33, 33, 33, 33, 33, 33, 33, 33, 33, 33, 33, 33, 33, 33, 33, 33, 33, 33, 33, 33, 33, 33, 33, 33, 33, 33, 33, 33, 33, 33, 33, 33, 33, 33, 33, 33, 33, 33, 33, 33, 33, 33, 33, 33, 33, 33, 33, 33, 33, 33, 33, 33, 33, 33, 33, 33, 33, 33, 33, 33, 33, 33, 33, 33, 33, 33, 33, 33, 33, 33, 33, 33, 33, 33, 33, 33, 33, 33, 33, 33, 33, 33, 33, 33, 33, 33, 33, 33, 33, 33, 33, 33, 33, 33, 33, 33, 33, 33, 33, 33, 33, 33, 33, 33, 33, 33, 33, 33, 33, 33]",32.983333333333334,"[32.96666666666667, 32.983333333333334, 32.975, 32.96666666666667, 32.99166666666667, 32.983333333333334, 32.975, 32.99166666666667, 32.99166666666667, 33.0, 33.0, 32.99166666666667, 32.99166666666667, 33.0, 32.96666666666667, 32.983333333333334, 32.983333333333334, 32.96666666666667, 32.96666666666667, 32.983333333333334, 32.983333333333334, 32.983333333333334, 32.99166666666667, 32.975, 32.983333333333334, 32.983333333333334, 32.975, 32.983333333333334, 32.975, 32.983333333333334, 33.0, 32.983333333333334, 32.975, 32.99166666666667, 32.983333333333334, 32.99166666666667, 32.99166666666667, 32.983333333333334, 32.983333333333334, 32.96666666666667, 32.958333333333336, 32.975, 32.983333333333334, 33.0, 32.99166666666667, 33.0, 32.983333333333334, 32.99166666666667, 33.0, 32.983333333333334, 32.99166666666667, 32.99166666666667, 32.958333333333336, 32.94166666666667, 32.975, 33.0, 33.0, 33.0, 32.99166666666667, 32.975, 32.99166666666667, 32.958333333333336, 32.958333333333336, 32.983333333333334, 32.983333333333334, 32.96666666666667, 32.96666666666667, 32.975, 32.983333333333334, 32.983333333333334, 33.0, 32.99166666666667, 32.983333333333334, 32.983333333333334, 32.975, 32.983333333333334, 33.0, 33.0, 33.0, 33.0, 33.0, 32.975, 32.983333333333334, 32.99166666666667, 32.99166666666667, 33.0, 32.99166666666667, 33.0, 32.99166666666667, 32.975, 32.96666666666667, 32.958333333333336, 32.975, 32.983333333333334, 32.975, 32.975, 32.975, 32.975, 32.983333333333334, 32.94166666666667, 32.958333333333336, 32.983333333333334, 32.983333333333334, 32.983333333333334, 32.99166666666667, 32.96666666666667, 32.96666666666667, 32.958333333333336, 32.983333333333334, 32.96666666666667, 32.975, 32.975, 32.99166666666667, 32.99166666666667, 32.983333333333334, 32.958333333333336, 32.99166666666667, 32.99166666666667, 33.0, 32.983333333333334, 32.96666666666667, 32.975, 32.983333333333334, 32.99166666666667, 33.0, 33.0, 33.0, 32.99166666666667, 33.0, 33.0, 32.99166666666667, 32.99166666666667, 32.983333333333334, 32.96666666666667, 32.99166666666667, 32.975, 32.99166666666667, 32.983333333333334, 32.975, 32.958333333333336, 32.99166666666667, 32.99166666666667, 32.99166666666667, 32.99166666666667, 32.983333333333334, 32.975, 32.975, 32.975, 32.975, 32.95, 32.93333333333334, 32.975, 32.983333333333334, 32.958333333333336, 32.95, 32.958333333333336, 32.95, 32.96666666666667, 32.96666666666667, 32.975, 32.958333333333336, 32.96666666666667, 32.96666666666667, 32.96666666666667, 32.95, 32.958333333333336, 32.95, 32.96666666666667, 32.958333333333336, 32.958333333333336, 32.96666666666667, 32.958333333333336, 32.958333333333336, 32.96666666666667, 32.96666666666667, 32.958333333333336, 32.958333333333336, 32.958333333333336, 32.958333333333336, 32.958333333333336, 32.958333333333336, 32.958333333333336, 32.96666666666667, 32.95, 32.95, 32.96666666666667, 32.958333333333336, 32.958333333333336, 32.95, 32.96666666666667, 32.975, 32.975, 32.958333333333336, 32.96666666666667, 32.983333333333334, 32.96666666666667, 32.975, 32.983333333333334, 32.983333333333334, 32.975, 32.975, 32.983333333333334, 32.96666666666667, 32.975, 32.958333333333336, 32.95, 32.975, 32.958333333333336, 32.96666666666667, 32.96666666666667, 32.96666666666667, 32.983333333333334, 32.983333333333334, 32.99166666666667, 32.983333333333334, 32.99166666666667, 32.975, 32.983333333333334, 32.983333333333334, 32.975, 32.99166666666667, 32.99166666666667, 33.0, 33.0, 33.0, 32.99166666666667, 33.0, 32.983333333333334, 32.983333333333334, 32.983333333333334, 32.99166666666667, 32.96666666666667, 32.99166666666667, 32.975, 32.975, 32.975, 32.983333333333334, 32.975, 32.96666666666667, 32.975, 32.96666666666667, 32.983333333333334, 32.96666666666667, 32.99166666666667, 32.99166666666667, 32.975, 32.99166666666667, 32.99166666666667, 32.983333333333334, 32.983333333333334]",0.8801839513206021,0.8961754969020108,33,"[33, 33, 33, 33, 33, 33, 33, 33, 33, 33, 33, 33, 33, 33, 33, 33, 33, 33, 33, 33, 33, 33, 33, 33, 33, 33, 33, 33, 33, 33, 33, 33, 33, 33, 33, 33, 33, 33, 33, 33, 33, 33, 33, 33, 33, 33, 33, 33, 33, 33, 33, 33, 33, 33, 33, 33, 33, 33, 33, 33, 33, 33, 33, 33, 33, 33, 33, 33, 33, 33, 33, 33, 33, 33, 33, 33, 33, 33, 33, 33, 33, 33, 33, 33, 33, 33, 33, 33, 33, 33, 33, 33, 33, 33, 33, 33, 33, 33, 33, 33, 33, 33, 33, 33, 33, 33, 33, 33, 33, 33, 33, 33, 33, 33, 33, 33, 33, 33, 33, 33, 33, 33, 33, 33, 33, 33, 33, 33, 33, 33, 33, 33, 33, 33, 33, 33, 33, 33, 33, 33, 33, 33, 33, 33, 33, 33, 33, 33, 33, 33, 33, 33, 33, 33, 33, 33, 33, 33, 33, 33, 33, 33, 33, 33, 33, 33, 33, 33, 33, 33, 33, 33, 33, 33, 33, 33, 33, 33, 33, 33, 33, 33, 33, 33, 33, 33, 33, 33, 33, 33, 33, 33, 33, 33, 33, 33, 33, 33, 33, 33, 33, 33, 33, 33, 33, 33, 33, 33, 33, 33, 33, 33, 33, 33, 33, 33, 33, 33, 33, 33, 33, 33, 33, 33, 33, 33, 33, 33, 33, 33, 33, 33, 33, 33, 33, 33, 33, 33, 33, 33, 33, 33, 33, 33, 33, 33, 33, 33, 33, 33]",250,"[0.5659952759742737, 0.5048105120658875, 0.47428762912750244, 0.45733124017715454, 0.4472603499889374, 0.44069984555244446, 0.43616223335266113, 0.43276268243789673, 0.43005940318107605, 0.4278520941734314, 0.4259529113769531, 0.4242687523365021, 0.42274796962738037, 0.42133957147598267, 0.420028954744339, 0.4188031256198883, 0.4176466763019562, 0.41654685139656067, 0.4154950678348541, 0.4144839942455292, 0.41351932287216187, 0.41258758306503296, 0.41167908906936646, 0.41080600023269653, 0.4099562168121338, 0.4091314375400543, 0.40833115577697754, 0.4075445830821991, 0.40677571296691895, 0.40602245926856995, 0.40528640151023865, 0.4045600891113281, 0.40384116768836975, 0.4031343162059784, 0.4024355709552765, 0.4017459750175476, 0.40106964111328125, 0.40039387345314026, 0.3997251093387604, 0.39906424283981323, 0.3983994722366333, 0.3977394998073578, 0.3970874845981598, 0.3964439630508423, 0.39580443501472473, 0.3951636254787445, 0.3945288062095642, 0.39389586448669434, 0.3932567238807678, 0.3926176130771637, 0.39198383688926697, 0.3913521468639374, 0.3907284438610077, 0.3901006281375885, 0.3894713222980499, 0.38883697986602783, 0.3882015645503998, 0.387572318315506, 0.38694876432418823, 0.38631153106689453, 0.38568103313446045, 0.38505062460899353, 0.38441407680511475, 0.38378092646598816, 0.3831455111503601, 0.38251590728759766, 0.38188308477401733, 0.38124048709869385, 0.380598783493042, 0.37994739413261414, 0.3792966902256012, 0.3786526620388031, 0.37800490856170654, 0.37735676765441895, 0.37669673562049866, 0.3760421872138977, 0.37538647651672363, 0.3747372031211853, 0.3740704357624054, 0.3734230697154999, 0.3727600574493408, 0.372104287147522, 0.3714428246021271, 0.37077799439430237, 0.37010523676872253, 0.36943745613098145, 0.3687766194343567, 0.368103563785553, 0.3674301505088806, 0.36675259470939636, 0.36607280373573303, 0.36539319157600403, 0.36470749974250793, 0.36402809619903564, 0.3633318245410919, 0.3626565933227539, 0.3619746267795563, 0.3612849712371826, 0.36058226227760315, 0.3598749041557312, 0.3591856360435486, 0.3584849238395691, 0.357767790555954, 0.3570678234100342, 0.3563670217990875, 0.3556729257106781, 0.35496842861175537, 0.35426396131515503, 0.35357722640037537, 0.35287269949913025, 0.35216549038887024, 0.35145828127861023, 0.35075005888938904, 0.35005319118499756, 0.3493419885635376, 0.3486331105232239, 0.3479306101799011, 0.3472203016281128, 0.34651198983192444, 0.3458019495010376, 0.3450961410999298, 0.3444055914878845, 0.3437005281448364, 0.3429976999759674, 0.34229958057403564, 0.3416132628917694, 0.3409205675125122, 0.34023135900497437, 0.3395513892173767, 0.33886483311653137, 0.33817532658576965, 0.3374904692173004, 0.3368093967437744, 0.33613404631614685, 0.33546286821365356, 0.3347844183444977, 0.33409979939460754, 0.33344122767448425, 0.3327895700931549, 0.33211272954940796, 0.33147168159484863, 0.330831378698349, 0.3301801383495331, 0.3295292258262634, 0.3288928270339966, 0.3282504975795746, 0.3276123106479645, 0.3269842565059662, 0.3263621926307678, 0.3257412016391754, 0.3251192569732666, 0.32451021671295166, 0.32390618324279785, 0.32329678535461426, 0.3226921558380127, 0.3221072852611542, 0.3215045630931854, 0.3209037482738495, 0.3203224837779999, 0.31974831223487854, 0.31916239857673645, 0.31860485672950745, 0.31804749369621277, 0.31748905777931213, 0.316926509141922, 0.3163667619228363, 0.31582438945770264, 0.3152751922607422, 0.3147427439689636, 0.3142046332359314, 0.31367433071136475, 0.3131369352340698, 0.3126300573348999, 0.3121153712272644, 0.3115960359573364, 0.31108614802360535, 0.31057968735694885, 0.3100835680961609, 0.3095910847187042, 0.3091038465499878, 0.30860522389411926, 0.3081228733062744, 0.3076402544975281, 0.30715644359588623, 0.3066846430301666, 0.30623194575309753, 0.3057764172554016, 0.30530858039855957, 0.3048420250415802, 0.30439263582229614, 0.303952693939209, 0.30349740386009216, 0.30302947759628296, 0.3025796711444855, 0.3021460473537445, 0.3017124533653259, 0.30127692222595215, 0.3008342981338501, 0.30041322112083435, 0.30000418424606323, 0.2995806932449341, 0.2991698682308197, 0.29874545335769653, 0.2983439564704895, 0.29794129729270935, 0.2975272238254547, 0.2971372902393341, 0.29672303795814514, 0.29632818698883057, 0.2959223687648773, 0.2955380380153656, 0.29514965415000916, 0.29475781321525574, 0.29436659812927246, 0.29398617148399353, 0.29361069202423096, 0.2932227849960327, 0.29285064339637756, 0.2924743890762329, 0.29210448265075684, 0.2917412519454956, 0.2913806140422821, 0.29101142287254333, 0.2906365990638733, 0.29027652740478516, 0.28991690278053284, 0.28956174850463867, 0.28920355439186096, 0.288862943649292, 0.2885158956050873, 0.28816279768943787, 0.2878127992153168, 0.2874702513217926, 0.28713512420654297, 0.28680479526519775, 0.2864654064178467, 0.28612789511680603, 0.28577664494514465, 0.2854441702365875, 0.2851264476776123, 0.28480100631713867, 0.2844866216182709, 0.2841426134109497, 0.2838313579559326, 0.2835003137588501, 0.28318843245506287, 0.2828500270843506, 0.28250887989997864, 0.2822152376174927, 0.28190097212791443]",33.0,"[33.0, 33.0, 33.0, 33.0, 33.0, 33.0, 33.0, 33.0, 33.0, 33.0, 33.0, 33.0, 33.0, 33.0, 33.0, 33.0, 33.0, 33.0, 33.0, 33.0, 33.0, 33.0, 33.0, 33.0, 33.0, 33.0, 33.0, 33.0, 33.0, 33.0, 33.0, 33.0, 33.0, 33.0, 33.0, 33.0, 33.0, 33.0, 33.0, 33.0, 33.0, 33.0, 33.0, 33.0, 33.0, 33.0, 33.0, 33.0, 33.0, 33.0, 33.0, 33.0, 33.0, 33.0, 33.0, 33.0, 33.0, 33.0, 33.0, 33.0, 33.0, 33.0, 33.0, 33.0, 33.0, 33.0, 33.0, 33.0, 33.0, 33.0, 33.0, 33.0, 33.0, 33.0, 33.0, 33.0, 33.0, 33.0, 33.0, 33.0, 33.0, 33.0, 33.0, 33.0, 33.0, 33.0, 33.0, 33.0, 33.0, 33.0, 33.0, 33.0, 33.0, 33.0, 33.0, 33.0, 33.0, 33.0, 33.0, 33.0, 33.0, 33.0, 33.0, 33.0, 33.0, 33.0, 33.0, 33.0, 33.0, 33.0, 33.0, 33.0, 33.0, 33.0, 33.0, 33.0, 33.0, 33.0, 33.0, 33.0, 33.0, 33.0, 33.0, 33.0, 33.0, 33.0, 33.0, 33.0, 33.0, 33.0, 33.0, 33.0, 33.0, 33.0, 33.0, 33.0, 33.0, 33.0, 33.0, 33.0, 33.0, 33.0, 33.0, 33.0, 33.0, 33.0, 33.0, 33.0, 33.0, 33.0, 33.0, 33.0, 33.0, 33.0, 33.0, 33.0, 33.0, 33.0, 33.0, 33.0, 33.0, 33.0, 33.0, 33.0, 33.0, 33.0, 33.0, 33.0, 33.0, 33.0, 33.0, 33.0, 33.0, 33.0, 33.0, 33.0, 33.0, 33.0, 33.0, 33.0, 33.0, 33.0, 33.0, 33.0, 33.0, 33.0, 33.0, 33.0, 33.0, 33.0, 33.0, 33.0, 33.0, 33.0, 33.0, 33.0, 33.0, 33.0, 33.0, 33.0, 33.0, 33.0, 33.0, 33.0, 33.0, 33.0, 33.0, 33.0, 33.0, 33.0, 33.0, 33.0, 33.0, 33.0, 33.0, 33.0, 33.0, 33.0, 33.0, 33.0, 33.0, 33.0, 33.0, 33.0, 33.0, 33.0, 33.0, 33.0, 33.0, 33.0, 33.0, 33.0, 33.0, 33.0, 33.0, 33.0, 33.0, 33.0, 33.0, 33.0, 33.0, 33.0, 33.0, 33.0, 33.0, 33.0, 33.0, 33.0, 33.0, 33.0]",COMPLETE
