,number,value,datetime_start,datetime_complete,duration,params_batch_size_scaler,params_constant_learning_rate,params_depth,params_epochs,params_kernel_l2,params_num_trees,params_temperature,user_attrs_accuracy_test,user_attrs_accuracy_valid,user_attrs_approximate_feature_sparsity,user_attrs_approximate_feature_sparsity_history,user_attrs_approximate_weight_sparsity,user_attrs_approximate_weight_sparsity_history,user_attrs_auc_test,user_attrs_auc_valid,user_attrs_feature_sparsity,user_attrs_feature_sparsity_history,user_attrs_num_epochs,user_attrs_val_loss_history,user_attrs_weight_sparsity,user_attrs_weight_sparsity_history,state
71,71,0.7793664901907743,2024-08-31 03:30:52.341767,2024-08-31 03:33:16.539972,0 days 00:02:24.198205,64,0.5421790163035778,6,170,0.0913350016245017,93,0.0003847346103563189,0.88,0.87375,33,"[33, 33, 33, 33, 33, 33, 33, 33, 33, 33, 33, 33, 33, 33, 33, 33, 33, 33, 33, 33, 33, 33, 33, 33, 33, 33, 33, 33, 33, 33, 33, 33, 33, 33, 33, 33, 33, 33, 33, 33, 33, 33, 33, 33, 33, 33, 33, 33, 33, 33, 33, 33, 33, 33, 33, 33, 33, 33, 33, 33, 33, 33, 33, 33, 33, 33, 33, 33, 33, 33, 33, 33, 33, 33, 33, 33, 33, 33, 33, 33, 33, 33, 33, 33, 33, 33, 33, 33, 33, 33, 33, 33, 33, 33, 33, 33, 33, 33, 33, 33, 33, 33, 33, 33, 33, 33, 33, 33, 33, 33, 33, 33, 33, 33, 33, 33, 33, 33, 33, 33, 33, 33, 33, 33, 33, 33, 33, 33, 33, 33, 33, 33, 33, 33, 33, 33, 33, 33, 33, 33, 33, 33, 33, 33, 33, 33, 33, 33, 33, 33, 33, 33, 33, 33, 33, 33, 33, 33, 33, 33, 33, 33, 33, 33, 33, 33, 33, 33, 33, 33]",32.896910735620416,"[32.89725209080048, 32.900665642601126, 32.90561529271207, 32.90237241850145, 32.899982932240995, 32.90168970814132, 32.90493258235194, 32.90134835296125, 32.898446833930706, 32.89759344598055, 32.90322580645161, 32.906298003072195, 32.90424987199181, 32.904079194401774, 32.90339648404164, 32.90493258235194, 32.89605734767025, 32.8994708994709, 32.896910735620416, 32.898446833930706, 32.8994708994709, 32.896228025260285, 32.897764123570575, 32.90237241850145, 32.901519030551285, 32.900324287421064, 32.89861751152074, 32.90117767537122, 32.90305512886158, 32.90254309609148, 32.90254309609148, 32.90168970814132, 32.90271377368152, 32.901860385731354, 32.90305512886158, 32.90220174091142, 32.90237241850145, 32.90134835296126, 32.8989588667008, 32.89912954429083, 32.899982932240995, 32.89861751152074, 32.892985151049665, 32.89435057176993, 32.89417989417989, 32.89417989417989, 32.894009216589865, 32.89383853899983, 32.8931558286397, 32.89435057176993, 32.892302440689534, 32.89230244068954, 32.8926437958696, 32.8926437958696, 32.8931558286397, 32.89161973032941, 32.891449052739375, 32.89196108550947, 32.894521249359954, 32.8931558286397, 32.89383853899983, 32.89503328213005, 32.89349718381977, 32.89230244068954, 32.89110769755931, 32.8916197303294, 32.89110769755931, 32.896228025260285, 32.896910735620416, 32.897081413210444, 32.89793480116061, 32.89674005803038, 32.89435057176993, 32.89144905273937, 32.89196108550947, 32.896228025260285, 32.89793480116061, 32.89827615634068, 32.89964157706093, 32.897764123570575, 32.89827615634067, 32.8994708994709, 32.898105478750644, 32.896228025260285, 32.896228025260285, 32.89383853899983, 32.89110769755931, 32.89281447345963, 32.89759344598054, 32.90049496501109, 32.90049496501109, 32.8994708994709, 32.90168970814132, 32.900665642601126, 32.905103259941974, 32.902201740911416, 32.902543096091485, 32.90271377368151, 32.899300221880864, 32.89639870285031, 32.897764123570575, 32.89588667008022, 32.897081413210444, 32.90015360983103, 32.90117767537122, 32.89878818911077, 32.89605734767025, 32.89588667008022, 32.89656938044035, 32.898446833930706, 32.90134835296126, 32.899982932240995, 32.8984468339307, 32.89674005803038, 32.89759344598054, 32.896740058030375, 32.89605734767025, 32.89537463731012, 32.89639870285032, 32.89571599249019, 32.89520395972009, 32.89656938044035, 32.90049496501109, 32.90168970814132, 32.898446833930706, 32.89708141321045, 32.89503328213006, 32.89810547875064, 32.89810547875064, 32.89691073562041, 32.89503328213006, 32.89503328213006, 32.89810547875064, 32.89964157706093, 32.89435057176993, 32.89742276839051, 32.8994708994709, 32.89810547875064, 32.89639870285032, 32.90134835296126, 32.90168970814132, 32.902543096091485, 32.90305512886158, 32.90288445127155, 32.89912954429084, 32.89912954429084, 32.89179040791944, 32.8931558286397, 32.89486260454002, 32.89383853899983, 32.888376856118796, 32.88871821129885, 32.88974227683905, 32.89025430960915, 32.8931558286397, 32.89435057176993, 32.89383853899983, 32.89161973032941, 32.89537463731012, 32.89349718381977, 32.89503328213006, 32.89810547875064, 32.895886670080216, 32.89742276839051, 32.895545314900154, 32.89452124935996, 32.89247311827957, 32.898105478750644, 32.89520395972009, 32.896910735620416]",0.8085188946408078,0.7793664901907743,33,"[33, 33, 33, 33, 33, 33, 33, 33, 33, 33, 33, 33, 33, 33, 33, 33, 33, 33, 33, 33, 33, 33, 33, 33, 33, 33, 33, 33, 33, 33, 33, 33, 33, 33, 33, 33, 33, 33, 33, 33, 33, 33, 33, 33, 33, 33, 33, 33, 33, 33, 33, 33, 33, 33, 33, 33, 33, 33, 33, 33, 33, 33, 33, 33, 33, 33, 33, 33, 33, 33, 33, 33, 33, 33, 33, 33, 33, 33, 33, 33, 33, 33, 33, 33, 33, 33, 33, 33, 33, 33, 33, 33, 33, 33, 33, 33, 33, 33, 33, 33, 33, 33, 33, 33, 33, 33, 33, 33, 33, 33, 33, 33, 33, 33, 33, 33, 33, 33, 33, 33, 33, 33, 33, 33, 33, 33, 33, 33, 33, 33, 33, 33, 33, 33, 33, 33, 33, 33, 33, 33, 33, 33, 33, 33, 33, 33, 33, 33, 33, 33, 33, 33, 33, 33, 33, 33, 33, 33, 33, 33, 33, 33, 33, 33, 33, 33, 33, 33, 33, 33]",170,"[0.417743980884552, 0.40416619181632996, 0.4001545011997223, 0.3977712392807007, 0.3954857289791107, 0.3940885066986084, 0.39229899644851685, 0.3907790780067444, 0.38907817006111145, 0.3878530263900757, 0.3865630626678467, 0.3852987587451935, 0.3846515417098999, 0.38356077671051025, 0.38276779651641846, 0.38216304779052734, 0.3813478350639343, 0.381012886762619, 0.3796766698360443, 0.378751665353775, 0.3783881366252899, 0.37747108936309814, 0.3769400417804718, 0.3764023184776306, 0.37651297450065613, 0.37584471702575684, 0.3751886785030365, 0.37512126564979553, 0.3743049204349518, 0.3736552298069, 0.37317410111427307, 0.37276405096054077, 0.3722892105579376, 0.3720511496067047, 0.3720455467700958, 0.37099188566207886, 0.3706701397895813, 0.3701813817024231, 0.3702694773674011, 0.36945217847824097, 0.36911460757255554, 0.3686264753341675, 0.3690756559371948, 0.36792609095573425, 0.3677883446216583, 0.36713284254074097, 0.36649784445762634, 0.36595892906188965, 0.3655855059623718, 0.36562788486480713, 0.36488255858421326, 0.36531826853752136, 0.3643501400947571, 0.3640284240245819, 0.36499449610710144, 0.36408114433288574, 0.3632550537586212, 0.36303961277008057, 0.3631294369697571, 0.36255890130996704, 0.36199498176574707, 0.3616759479045868, 0.36146631836891174, 0.36123523116111755, 0.3610394299030304, 0.3606654107570648, 0.36033621430397034, 0.36012905836105347, 0.35999512672424316, 0.3599312901496887, 0.35863885283470154, 0.3582720160484314, 0.35812559723854065, 0.3578067421913147, 0.35751453042030334, 0.3576709032058716, 0.35746821761131287, 0.3571593761444092, 0.35678595304489136, 0.35671722888946533, 0.3569217622280121, 0.3554583787918091, 0.35599058866500854, 0.35539957880973816, 0.35477447509765625, 0.35463467240333557, 0.35446131229400635, 0.3544323742389679, 0.35373374819755554, 0.3537956476211548, 0.35338133573532104, 0.35345137119293213, 0.3531792163848877, 0.35298579931259155, 0.35260018706321716, 0.3523784577846527, 0.35217180848121643, 0.35200607776641846, 0.3516767621040344, 0.3511205315589905, 0.35110050439834595, 0.3506403863430023, 0.351561576128006, 0.3505398631095886, 0.3498215079307556, 0.3497719466686249, 0.3493479788303375, 0.34899401664733887, 0.34895193576812744, 0.3494628667831421, 0.348192036151886, 0.3479496240615845, 0.3481784760951996, 0.34738194942474365, 0.34739428758621216, 0.3479975163936615, 0.3465828001499176, 0.3465128242969513, 0.34600064158439636, 0.34553760290145874, 0.3452754616737366, 0.34495294094085693, 0.3445287346839905, 0.3442070782184601, 0.3442278802394867, 0.3437308967113495, 0.34392470121383667, 0.3435719609260559, 0.34336787462234497, 0.34338656067848206, 0.34328529238700867, 0.34325677156448364, 0.34238702058792114, 0.3418841063976288, 0.341896653175354, 0.341444194316864, 0.34214234352111816, 0.34143802523612976, 0.3405051827430725, 0.33970755338668823, 0.3394029140472412, 0.33971619606018066, 0.33926135301589966, 0.33927273750305176, 0.3385039269924164, 0.33820611238479614, 0.33812415599823, 0.33802086114883423, 0.33775198459625244, 0.3375380039215088, 0.33706343173980713, 0.3366410434246063, 0.3360960781574249, 0.33640748262405396, 0.33584073185920715, 0.3354496657848358, 0.33514508605003357, 0.3352054953575134, 0.33495470881462097, 0.33474597334861755, 0.33444979786872864, 0.3336816728115082, 0.3333771526813507, 0.33351317048072815, 0.33319091796875, 0.3329489529132843, 0.33241939544677734, 0.3316882848739624, 0.3313359320163727, 0.3313155770301819]",33.0,"[33.0, 33.0, 33.0, 33.0, 33.0, 33.0, 33.0, 33.0, 33.0, 33.0, 33.0, 33.0, 33.0, 33.0, 33.0, 33.0, 33.0, 33.0, 33.0, 33.0, 33.0, 33.0, 33.0, 33.0, 33.0, 33.0, 33.0, 33.0, 33.0, 33.0, 33.0, 33.0, 33.0, 33.0, 33.0, 33.0, 33.0, 33.0, 33.0, 33.0, 33.0, 33.0, 33.0, 33.0, 33.0, 33.0, 33.0, 33.0, 33.0, 33.0, 33.0, 33.0, 33.0, 33.0, 33.0, 33.0, 33.0, 33.0, 33.0, 33.0, 33.0, 33.0, 33.0, 33.0, 33.0, 33.0, 33.0, 33.0, 33.0, 33.0, 33.0, 33.0, 33.0, 33.0, 33.0, 33.0, 33.0, 33.0, 33.0, 33.0, 33.0, 33.0, 33.0, 33.0, 33.0, 33.0, 33.0, 33.0, 33.0, 33.0, 33.0, 33.0, 33.0, 33.0, 33.0, 33.0, 33.0, 33.0, 33.0, 33.0, 33.0, 33.0, 33.0, 33.0, 33.0, 33.0, 33.0, 33.0, 33.0, 33.0, 33.0, 33.0, 33.0, 33.0, 33.0, 33.0, 33.0, 33.0, 33.0, 33.0, 33.0, 33.0, 33.0, 33.0, 33.0, 33.0, 33.0, 33.0, 33.0, 33.0, 33.0, 33.0, 33.0, 33.0, 33.0, 33.0, 33.0, 33.0, 33.0, 33.0, 33.0, 33.0, 33.0, 33.0, 33.0, 33.0, 33.0, 33.0, 33.0, 33.0, 33.0, 33.0, 33.0, 33.0, 33.0, 33.0, 33.0, 33.0, 33.0, 33.0, 33.0, 33.0, 33.0, 33.0, 33.0, 33.0, 33.0, 33.0, 33.0, 33.0]",COMPLETE
