,number,value,datetime_start,datetime_complete,duration,params_batch_size_scaler,params_constant_learning_rate,params_depth,params_epochs,params_kernel_l2,params_num_trees,params_temperature,user_attrs_accuracy_test,user_attrs_accuracy_valid,user_attrs_approximate_feature_sparsity,user_attrs_approximate_feature_sparsity_history,user_attrs_approximate_weight_sparsity,user_attrs_approximate_weight_sparsity_history,user_attrs_auc_test,user_attrs_auc_valid,user_attrs_feature_sparsity,user_attrs_feature_sparsity_history,user_attrs_num_epochs,user_attrs_val_loss_history,user_attrs_weight_sparsity,user_attrs_weight_sparsity_history,state
6,6,0.5,2024-08-31 00:42:53.605995,2024-08-31 00:43:16.586544,0 days 00:00:22.980549,4,0.0949339331408446,1,125,0.8218788763843337,45,0.0004917593352751778,0.859,0.85875,0,"[33, 33, 33, 33, 33, 33, 27, 8, 5, 4, 3, 3, 3, 2, 1, 0, 0, 0, 0, 0, 0, 0, 0, 0, 0, 0, 0, 0, 0, 0, 0, 0, 0, 0, 0, 0, 0, 0, 0, 0, 0, 0, 0, 0, 0, 0, 0, 0, 0, 0, 0, 0, 0, 0, 0, 0, 0, 0, 0, 0, 0, 0, 0, 0, 0, 0, 0, 0, 0, 0, 0, 0, 0, 0, 0, 0, 0, 0, 0, 0, 0, 0, 0, 0, 0, 0, 0, 0, 0, 0, 0, 0, 0, 0, 0, 0, 0, 0, 0, 0, 0, 0, 0, 0, 0, 0, 0, 0, 0, 0, 0, 0, 0, 0, 0, 0, 0, 0, 0, 0, 0, 0, 0, 0, 0]",0.0,"[33.0, 32.977777777777774, 33.0, 33.0, 32.977777777777774, 33.0, 26.955555555555556, 8.0, 4.977777777777778, 3.977777777777778, 3.0, 3.0, 3.0, 2.0, 0.9777777777777777, 0.0, 0.0, 0.0, 0.0, 0.0, 0.0, 0.0, 0.0, 0.0, 0.0, 0.0, 0.0, 0.0, 0.0, 0.0, 0.0, 0.0, 0.0, 0.0, 0.0, 0.0, 0.0, 0.0, 0.0, 0.0, 0.0, 0.0, 0.0, 0.0, 0.0, 0.0, 0.0, 0.0, 0.0, 0.0, 0.0, 0.0, 0.0, 0.0, 0.0, 0.0, 0.0, 0.0, 0.0, 0.0, 0.0, 0.0, 0.0, 0.0, 0.0, 0.0, 0.0, 0.0, 0.0, 0.0, 0.0, 0.0, 0.0, 0.0, 0.0, 0.0, 0.0, 0.0, 0.0, 0.0, 0.0, 0.0, 0.0, 0.0, 0.0, 0.0, 0.0, 0.0, 0.0, 0.0, 0.0, 0.0, 0.0, 0.0, 0.0, 0.0, 0.0, 0.0, 0.0, 0.0, 0.0, 0.0, 0.0, 0.0, 0.0, 0.0, 0.0, 0.0, 0.0, 0.0, 0.0, 0.0, 0.0, 0.0, 0.0, 0.0, 0.0, 0.0, 0.0, 0.0, 0.0, 0.0, 0.0, 0.0, 0.0]",0.5,0.5,0,"[33, 33, 33, 33, 33, 33, 27, 8, 5, 4, 3, 3, 3, 2, 1, 0, 0, 0, 0, 0, 0, 0, 0, 0, 0, 0, 0, 0, 0, 0, 0, 0, 0, 0, 0, 0, 0, 0, 0, 0, 0, 0, 0, 0, 0, 0, 0, 0, 0, 0, 0, 0, 0, 0, 0, 0, 0, 0, 0, 0, 0, 0, 0, 0, 0, 0, 0, 0, 0, 0, 0, 0, 0, 0, 0, 0, 0, 0, 0, 0, 0, 0, 0, 0, 0, 0, 0, 0, 0, 0, 0, 0, 0, 0, 0, 0, 0, 0, 0, 0, 0, 0, 0, 0, 0, 0, 0, 0, 0, 0, 0, 0, 0, 0, 0, 0, 0, 0, 0, 0, 0, 0, 0, 0, 0]",125,"[0.8788323998451233, 0.7292513847351074, 0.6277996897697449, 0.5510258674621582, 0.4980252981185913, 0.46065762639045715, 0.4256892502307892, 0.3848544657230377, 0.39129820466041565, 0.38460394740104675, 0.3869900405406952, 0.3843625783920288, 0.38403308391571045, 0.38833847641944885, 0.39458906650543213, 0.41342827677726746, 0.4079592525959015, 0.40921729803085327, 0.4073573648929596, 0.41278624534606934, 0.4072425961494446, 0.41316795349121094, 0.414275199174881, 0.4083159267902374, 0.40723082423210144, 0.41012492775917053, 0.40723612904548645, 0.40838509798049927, 0.4086001217365265, 0.40727341175079346, 0.40728959441185, 0.41129279136657715, 0.40863800048828125, 0.40958476066589355, 0.40911799669265747, 0.4078776240348816, 0.4095146656036377, 0.40803053975105286, 0.4136155843734741, 0.40893876552581787, 0.41007569432258606, 0.4088972210884094, 0.40806037187576294, 0.40723946690559387, 0.40728169679641724, 0.40748560428619385, 0.41953718662261963, 0.4101095497608185, 0.4079646170139313, 0.41076385974884033, 0.40751197934150696, 0.4080919325351715, 0.40733328461647034, 0.41488438844680786, 0.4098115563392639, 0.4140745997428894, 0.4198808968067169, 0.41439658403396606, 0.4094699025154114, 0.41245415806770325, 0.4072527587413788, 0.4162548780441284, 0.4093891978263855, 0.40770843625068665, 0.4077320396900177, 0.4252655804157257, 0.40833649039268494, 0.408137708902359, 0.41042596101760864, 0.40804314613342285, 0.4084400236606598, 0.4161286950111389, 0.4076847732067108, 0.4094691872596741, 0.4134185016155243, 0.43253040313720703, 0.4091889262199402, 0.4078921973705292, 0.4079585671424866, 0.4072442650794983, 0.40738627314567566, 0.40977558493614197, 0.40725284814834595, 0.41586944460868835, 0.4073666036128998, 0.4075731635093689, 0.407598614692688, 0.40810221433639526, 0.4206264615058899, 0.4084848165512085, 0.40907272696495056, 0.4103274643421173, 0.408586323261261, 0.4140382409095764, 0.41060757637023926, 0.4072287380695343, 0.4087100327014923, 0.4168190360069275, 0.4079175293445587, 0.40981021523475647, 0.4096282124519348, 0.41165000200271606, 0.4098288416862488, 0.41318079829216003, 0.40727588534355164, 0.4139438569545746, 0.41352859139442444, 0.4102391004562378, 0.40966686606407166, 0.4102602005004883, 0.4088887870311737, 0.4103822410106659, 0.4072277843952179, 0.4232332706451416, 0.4104458689689636, 0.41588810086250305, 0.40968823432922363, 0.4081641137599945, 0.40911877155303955, 0.41065940260887146, 0.408082515001297, 0.407241553068161, 0.4113146960735321, 0.40962815284729004, 0.4073580503463745]",0.0,"[33.0, 33.0, 33.0, 33.0, 33.0, 33.0, 27.0, 8.0, 5.0, 4.0, 3.0, 3.0, 3.0, 2.0, 1.0, 0.0, 0.0, 0.0, 0.0, 0.0, 0.0, 0.0, 0.0, 0.0, 0.0, 0.0, 0.0, 0.0, 0.0, 0.0, 0.0, 0.0, 0.0, 0.0, 0.0, 0.0, 0.0, 0.0, 0.0, 0.0, 0.0, 0.0, 0.0, 0.0, 0.0, 0.0, 0.0, 0.0, 0.0, 0.0, 0.0, 0.0, 0.0, 0.0, 0.0, 0.0, 0.0, 0.0, 0.0, 0.0, 0.0, 0.0, 0.0, 0.0, 0.0, 0.0, 0.0, 0.0, 0.0, 0.0, 0.0, 0.0, 0.0, 0.0, 0.0, 0.0, 0.0, 0.0, 0.0, 0.0, 0.0, 0.0, 0.0, 0.0, 0.0, 0.0, 0.0, 0.0, 0.0, 0.0, 0.0, 0.0, 0.0, 0.0, 0.0, 0.0, 0.0, 0.0, 0.0, 0.0, 0.0, 0.0, 0.0, 0.0, 0.0, 0.0, 0.0, 0.0, 0.0, 0.0, 0.0, 0.0, 0.0, 0.0, 0.0, 0.0, 0.0, 0.0, 0.0, 0.0, 0.0, 0.0, 0.0, 0.0, 0.0]",COMPLETE
7,7,0.9123932449665726,2024-08-31 00:43:16.750754,2024-08-31 00:43:28.105634,0 days 00:00:11.354880,16,0.6165826838494066,1,100,0.002854848005699731,7,0.00019967009922020233,0.921,0.925,15,"[33, 33, 33, 33, 33, 33, 33, 33, 33, 33, 33, 33, 32, 32, 32, 30, 30, 29, 29, 26, 26, 24, 23, 23, 23, 22, 22, 22, 21, 21, 21, 21, 21, 21, 21, 20, 19, 19, 19, 19, 19, 19, 18, 17, 17, 17, 17, 17, 17, 16, 16, 16, 16, 16, 16, 16, 16, 16, 16, 16, 16, 16, 16, 15, 15, 15, 15, 15, 15, 15, 15, 15, 15, 15, 15, 15, 15, 15, 15, 15, 15, 15, 15, 15, 15, 15, 15, 15, 15, 15, 15, 15, 15, 15, 15, 15, 15, 15, 15, 15]",15.0,"[33.0, 33.0, 33.0, 33.0, 33.0, 33.0, 33.0, 33.0, 33.0, 33.0, 33.0, 33.0, 32.0, 31.857142857142858, 32.0, 30.0, 30.0, 29.0, 29.0, 26.0, 26.0, 24.0, 23.0, 23.0, 23.0, 22.0, 22.0, 22.0, 21.0, 21.0, 21.0, 21.0, 21.0, 21.0, 21.0, 20.0, 19.0, 19.0, 19.0, 19.0, 19.0, 19.0, 18.0, 17.0, 17.0, 17.0, 17.0, 17.0, 17.0, 16.0, 16.0, 16.0, 16.0, 16.0, 16.0, 16.0, 16.0, 16.0, 16.0, 16.0, 16.0, 16.0, 16.0, 15.0, 15.0, 15.0, 15.0, 14.857142857142858, 15.0, 15.0, 15.0, 15.0, 15.0, 14.857142857142858, 14.857142857142858, 15.0, 15.0, 15.0, 15.0, 15.0, 15.0, 15.0, 15.0, 15.0, 15.0, 15.0, 15.0, 15.0, 15.0, 15.0, 15.0, 15.0, 15.0, 15.0, 15.0, 15.0, 15.0, 15.0, 15.0, 15.0]",0.9169659590980771,0.9123932449665726,15,"[33, 33, 33, 33, 33, 33, 33, 33, 33, 33, 33, 33, 32, 32, 32, 30, 30, 29, 29, 26, 26, 24, 23, 23, 23, 22, 22, 22, 21, 21, 21, 21, 21, 21, 21, 20, 19, 19, 19, 19, 19, 19, 18, 17, 17, 17, 17, 17, 17, 16, 16, 16, 16, 16, 16, 16, 16, 16, 16, 16, 16, 16, 16, 15, 15, 15, 15, 15, 15, 15, 15, 15, 15, 15, 15, 15, 15, 15, 15, 15, 15, 15, 15, 15, 15, 15, 15, 15, 15, 15, 15, 15, 15, 15, 15, 15, 15, 15, 15, 15]",100,"[0.39245539903640747, 0.37681102752685547, 0.36622631549835205, 0.35847049951553345, 0.35453492403030396, 0.3498222231864929, 0.34370288252830505, 0.3396347463130951, 0.3363024592399597, 0.3306329846382141, 0.3283686339855194, 0.3221570551395416, 0.3173070251941681, 0.316349595785141, 0.3044763505458832, 0.3000754714012146, 0.292208194732666, 0.28882819414138794, 0.2852843105792999, 0.28128430247306824, 0.27295994758605957, 0.2700769305229187, 0.260413259267807, 0.25759509205818176, 0.2535523474216461, 0.24959059059619904, 0.24766165018081665, 0.2464461475610733, 0.244601771235466, 0.2441175878047943, 0.2413186877965927, 0.23718734085559845, 0.2374437004327774, 0.23692402243614197, 0.23568597435951233, 0.23571830987930298, 0.23420175909996033, 0.23224863409996033, 0.24159371852874756, 0.23101092875003815, 0.2330351322889328, 0.2268858700990677, 0.23230981826782227, 0.237749844789505, 0.22864894568920135, 0.22918134927749634, 0.2236810326576233, 0.22471784055233002, 0.22311633825302124, 0.22016683220863342, 0.22044114768505096, 0.21686214208602905, 0.21803444623947144, 0.2162465900182724, 0.21831995248794556, 0.22130078077316284, 0.2205532193183899, 0.21485348045825958, 0.22500455379486084, 0.21554866433143616, 0.2142346203327179, 0.216295063495636, 0.21315623819828033, 0.2271973192691803, 0.22466449439525604, 0.2278262972831726, 0.2248101383447647, 0.2258579134941101, 0.22538284957408905, 0.22471098601818085, 0.22577719390392303, 0.22708290815353394, 0.22817374765872955, 0.22360098361968994, 0.22353467345237732, 0.23618850111961365, 0.22322812676429749, 0.22198277711868286, 0.24042321741580963, 0.2249869555234909, 0.22277389466762543, 0.22706365585327148, 0.2262519896030426, 0.22183971107006073, 0.2231888324022293, 0.22190120816230774, 0.22149735689163208, 0.22414293885231018, 0.224441260099411, 0.21958428621292114, 0.2194746732711792, 0.2264600396156311, 0.22253157198429108, 0.2216411978006363, 0.2234605997800827, 0.2206106036901474, 0.21853673458099365, 0.221753790974617, 0.2245548814535141, 0.2202574759721756]",15.0,"[33.0, 33.0, 33.0, 33.0, 33.0, 33.0, 33.0, 33.0, 33.0, 33.0, 33.0, 33.0, 32.0, 32.0, 32.0, 30.0, 30.0, 29.0, 29.0, 26.0, 26.0, 24.0, 23.0, 23.0, 23.0, 22.0, 22.0, 22.0, 21.0, 21.0, 21.0, 21.0, 21.0, 21.0, 21.0, 20.0, 19.0, 19.0, 19.0, 19.0, 19.0, 19.0, 18.0, 17.0, 17.0, 17.0, 17.0, 17.0, 17.0, 16.0, 16.0, 16.0, 16.0, 16.0, 16.0, 16.0, 16.0, 16.0, 16.0, 16.0, 16.0, 16.0, 16.0, 15.0, 15.0, 15.0, 15.0, 15.0, 15.0, 15.0, 15.0, 15.0, 15.0, 15.0, 15.0, 15.0, 15.0, 15.0, 15.0, 15.0, 15.0, 15.0, 15.0, 15.0, 15.0, 15.0, 15.0, 15.0, 15.0, 15.0, 15.0, 15.0, 15.0, 15.0, 15.0, 15.0, 15.0, 15.0, 15.0, 15.0]",COMPLETE
8,8,0.5,2024-08-31 00:43:28.303272,2024-08-31 00:44:16.149423,0 days 00:00:47.846151,64,1.1087543492396918,5,135,0.6028052870732895,55,0.032929047866544256,0.859,0.85875,0,"[33, 33, 0, 0, 0, 0, 0, 0, 0, 0, 0, 0, 0, 0, 0, 0, 0, 0, 0, 0, 0, 0, 0, 0, 0, 0, 0, 0, 0, 0, 0, 0, 0, 0, 0, 0, 0, 0, 0, 0, 0, 0, 0, 0, 0, 0, 0, 0, 0, 0, 0, 0, 0, 0, 0, 0, 0, 0, 0, 0, 0, 0, 0, 0, 0, 0, 0, 0, 0, 0, 0, 0, 0, 0, 0, 0, 0, 0, 0, 0, 0, 0, 0, 0, 0, 0, 0, 0, 0, 0, 0, 0, 0, 0, 0, 0, 0, 0, 0, 0, 0, 0, 0, 0, 0, 0, 0, 0, 0, 0, 0, 0, 0, 0, 0, 0, 0, 0, 0, 0, 0, 0, 0, 0, 0, 0, 0, 0, 0, 0, 0, 0, 0, 0, 0]",0.0,"[32.94310850439883, 32.9524926686217, 0.0, 0.0, 0.0, 0.0, 0.0, 0.0, 0.0, 0.0, 0.0, 0.0, 0.0, 0.0, 0.0, 0.0, 0.0, 0.0, 0.0, 0.0, 0.0, 0.0, 0.0, 0.0, 0.0, 0.0, 0.0, 0.0, 0.0, 0.0, 0.0, 0.0, 0.0, 0.0, 0.0, 0.0, 0.0, 0.0, 0.0, 0.0, 0.0, 0.0, 0.0, 0.0, 0.0, 0.0, 0.0, 0.0, 0.0, 0.0, 0.0, 0.0, 0.0, 0.0, 0.0, 0.0, 0.0, 0.0, 0.0, 0.0, 0.0, 0.0, 0.0, 0.0, 0.0, 0.0, 0.0, 0.0, 0.0, 0.0, 0.0, 0.0, 0.0, 0.0, 0.0, 0.0, 0.0, 0.0, 0.0, 0.0, 0.0, 0.0, 0.0, 0.0, 0.0, 0.0, 0.0, 0.0, 0.0, 0.0, 0.0, 0.0, 0.0, 0.0, 0.0, 0.0, 0.0, 0.0, 0.0, 0.0, 0.0, 0.0, 0.0, 0.0, 0.0, 0.0, 0.0, 0.0, 0.0, 0.0, 0.0, 0.0, 0.0, 0.0, 0.0, 0.0, 0.0, 0.0, 0.0, 0.0, 0.0, 0.0, 0.0, 0.0, 0.0, 0.0, 0.0, 0.0, 0.0, 0.0, 0.0, 0.0, 0.0, 0.0, 0.0]",0.5,0.5,0,"[33, 33, 0, 0, 0, 0, 0, 0, 0, 0, 0, 0, 0, 0, 0, 0, 0, 0, 0, 0, 0, 0, 0, 0, 0, 0, 0, 0, 0, 0, 0, 0, 0, 0, 0, 0, 0, 0, 0, 0, 0, 0, 0, 0, 0, 0, 0, 0, 0, 0, 0, 0, 0, 0, 0, 0, 0, 0, 0, 0, 0, 0, 0, 0, 0, 0, 0, 0, 0, 0, 0, 0, 0, 0, 0, 0, 0, 0, 0, 0, 0, 0, 0, 0, 0, 0, 0, 0, 0, 0, 0, 0, 0, 0, 0, 0, 0, 0, 0, 0, 0, 0, 0, 0, 0, 0, 0, 0, 0, 0, 0, 0, 0, 0, 0, 0, 0, 0, 0, 0, 0, 0, 0, 0, 0, 0, 0, 0, 0, 0, 0, 0, 0, 0, 0]",135,"[0.420684814453125, 0.4126512408256531, 0.40766650438308716, 0.40840962529182434, 0.40730735659599304, 0.40757277607917786, 0.40723109245300293, 0.40722694993019104, 0.40750786662101746, 0.41252365708351135, 0.4085208773612976, 0.40813714265823364, 0.41067397594451904, 0.4072522222995758, 0.4073486328125, 0.4090854525566101, 0.40739017724990845, 0.40849894285202026, 0.4072374105453491, 0.4075126647949219, 0.40880438685417175, 0.4074765145778656, 0.40725940465927124, 0.40722984075546265, 0.40729403495788574, 0.40741610527038574, 0.4072260558605194, 0.40734049677848816, 0.4073929488658905, 0.4100292921066284, 0.40956127643585205, 0.4075843095779419, 0.40777188539505005, 0.4074002206325531, 0.4089185297489166, 0.407368928194046, 0.4081581234931946, 0.41005921363830566, 0.40729132294654846, 0.4086686074733734, 0.40878403186798096, 0.40752869844436646, 0.4078832268714905, 0.40799590945243835, 0.40745002031326294, 0.4083574712276459, 0.4072374701499939, 0.4073578119277954, 0.4074571132659912, 0.40723973512649536, 0.407877653837204, 0.4088893234729767, 0.40733200311660767, 0.4072909653186798, 0.40877655148506165, 0.407248318195343, 0.4072861075401306, 0.40774354338645935, 0.407512903213501, 0.40759536623954773, 0.40757766366004944, 0.40727806091308594, 0.40737998485565186, 0.40794241428375244, 0.407234787940979, 0.40744635462760925, 0.40723636746406555, 0.4158518314361572, 0.4074932038784027, 0.40776312351226807, 0.4074659049510956, 0.40723705291748047, 0.4074798822402954, 0.407227486371994, 0.4074520766735077, 0.40733277797698975, 0.40797218680381775, 0.4076509177684784, 0.40879327058792114, 0.4075939953327179, 0.4099849760532379, 0.4072321057319641, 0.4080342948436737, 0.4072360098361969, 0.40902501344680786, 0.4092017412185669, 0.4072553217411041, 0.4079611301422119, 0.4093904197216034, 0.4072391390800476, 0.40744930505752563, 0.4074442386627197, 0.40793687105178833, 0.40768060088157654, 0.4078092575073242, 0.40803468227386475, 0.40780794620513916, 0.40846171975135803, 0.4076762795448303, 0.4072350263595581, 0.40722939372062683, 0.4072595238685608, 0.4142221510410309, 0.4077988564968109, 0.407853364944458, 0.40729254484176636, 0.4073110818862915, 0.4078647196292877, 0.4148857891559601, 0.40732482075691223, 0.40818771719932556, 0.4143638610839844, 0.4072900116443634, 0.4078109860420227, 0.408148854970932, 0.407248318195343, 0.4076531231403351, 0.4077107906341553, 0.40793976187705994, 0.4076930284500122, 0.40830758213996887, 0.41181838512420654, 0.4092787206172943, 0.4073837995529175, 0.40860921144485474, 0.4077059030532837, 0.40752533078193665, 0.40724578499794006, 0.4087715148925781, 0.4078311622142792, 0.40995320677757263, 0.4081551730632782, 0.4080551862716675, 0.40880316495895386, 0.407238245010376]",0.0,"[33.0, 33.0, 0.0, 0.0, 0.0, 0.0, 0.0, 0.0, 0.0, 0.0, 0.0, 0.0, 0.0, 0.0, 0.0, 0.0, 0.0, 0.0, 0.0, 0.0, 0.0, 0.0, 0.0, 0.0, 0.0, 0.0, 0.0, 0.0, 0.0, 0.0, 0.0, 0.0, 0.0, 0.0, 0.0, 0.0, 0.0, 0.0, 0.0, 0.0, 0.0, 0.0, 0.0, 0.0, 0.0, 0.0, 0.0, 0.0, 0.0, 0.0, 0.0, 0.0, 0.0, 0.0, 0.0, 0.0, 0.0, 0.0, 0.0, 0.0, 0.0, 0.0, 0.0, 0.0, 0.0, 0.0, 0.0, 0.0, 0.0, 0.0, 0.0, 0.0, 0.0, 0.0, 0.0, 0.0, 0.0, 0.0, 0.0, 0.0, 0.0, 0.0, 0.0, 0.0, 0.0, 0.0, 0.0, 0.0, 0.0, 0.0, 0.0, 0.0, 0.0, 0.0, 0.0, 0.0, 0.0, 0.0, 0.0, 0.0, 0.0, 0.0, 0.0, 0.0, 0.0, 0.0, 0.0, 0.0, 0.0, 0.0, 0.0, 0.0, 0.0, 0.0, 0.0, 0.0, 0.0, 0.0, 0.0, 0.0, 0.0, 0.0, 0.0, 0.0, 0.0, 0.0, 0.0, 0.0, 0.0, 0.0, 0.0, 0.0, 0.0, 0.0, 0.0]",COMPLETE
