,number,value,datetime_start,datetime_complete,duration,params_batch_size_scaler,params_constant_learning_rate,params_depth,params_epochs,params_kernel_l2,params_num_trees,params_temperature,user_attrs_accuracy_test,user_attrs_accuracy_valid,user_attrs_approximate_feature_sparsity,user_attrs_approximate_feature_sparsity_history,user_attrs_approximate_weight_sparsity,user_attrs_approximate_weight_sparsity_history,user_attrs_auc_test,user_attrs_auc_valid,user_attrs_feature_sparsity,user_attrs_feature_sparsity_history,user_attrs_num_epochs,user_attrs_val_loss_history,user_attrs_weight_sparsity,user_attrs_weight_sparsity_history,state
164,164,0.7872177351831098,2024-08-31 07:42:15.019287,2024-08-31 07:44:07.308458,0 days 00:01:52.289171,1,4.382091044032773,1,300,0.0027870685150287824,30,0.0001657268151343582,0.867,0.86875,25,"[31, 30, 30, 30, 30, 30, 30, 30, 30, 30, 30, 30, 30, 30, 30, 30, 30, 30, 30, 30, 30, 30, 30, 30, 30, 30, 30, 30, 30, 30, 30, 30, 30, 30, 30, 30, 30, 30, 30, 30, 30, 30, 30, 30, 30, 30, 30, 30, 30, 30, 30, 30, 30, 30, 30, 30, 30, 30, 30, 30, 30, 30, 30, 30, 30, 30, 30, 30, 30, 30, 30, 30, 30, 30, 30, 30, 30, 30, 30, 30, 30, 30, 30, 30, 30, 30, 30, 30, 30, 30, 30, 30, 30, 30, 30, 30, 30, 30, 30, 30, 30, 30, 30, 30, 30, 30, 30, 30, 30, 30, 30, 30, 30, 30, 30, 30, 30, 30, 30, 30, 30, 30, 30, 30, 30, 30, 30, 30, 29, 29, 29, 29, 29, 29, 29, 29, 29, 29, 29, 29, 29, 29, 29, 29, 29, 29, 29, 29, 29, 29, 29, 29, 29, 29, 29, 29, 28, 28, 28, 28, 28, 28, 28, 28, 28, 28, 28, 28, 28, 28, 28, 28, 28, 28, 28, 28, 28, 28, 28, 28, 28, 28, 28, 28, 28, 28, 28, 28, 28, 28, 28, 28, 28, 28, 28, 28, 28, 27, 27, 27, 27, 27, 27, 27, 27, 27, 27, 27, 27, 27, 27, 27, 27, 27, 27, 27, 27, 27, 27, 27, 27, 27, 27, 27, 27, 27, 27, 27, 27, 27, 27, 27, 27, 27, 27, 27, 27, 27, 27, 27, 27, 27, 27, 27, 27, 27, 26, 26, 26, 26, 26, 26, 26, 26, 26, 26, 26, 26, 26, 26, 26, 26, 26, 26, 26, 26, 26, 26, 26, 26, 26, 26, 26, 26, 26, 26, 26, 26, 26, 26, 26, 26, 26, 26, 25, 25, 25, 25, 25, 25, 25, 25, 25, 25, 25, 25, 25, 25, 25, 25]",11.6,"[31.0, 30.0, 30.0, 30.0, 30.0, 30.0, 30.0, 30.0, 30.0, 30.0, 30.0, 30.0, 30.0, 30.0, 30.0, 30.0, 30.0, 30.0, 30.0, 29.96666666666667, 30.0, 30.0, 30.0, 30.0, 30.0, 30.0, 30.0, 30.0, 30.0, 30.0, 30.0, 30.0, 30.0, 30.0, 30.0, 30.0, 30.0, 30.0, 29.96666666666667, 30.0, 30.0, 30.0, 30.0, 30.0, 30.0, 30.0, 30.0, 30.0, 30.0, 30.0, 30.0, 30.0, 29.96666666666667, 29.96666666666667, 29.96666666666667, 29.96666666666667, 29.96666666666667, 29.96666666666667, 29.96666666666667, 29.96666666666667, 29.96666666666667, 29.96666666666667, 29.9, 29.9, 29.833333333333336, 29.8, 29.766666666666666, 29.766666666666666, 29.733333333333334, 29.733333333333334, 29.633333333333333, 29.6, 29.5, 29.46666666666667, 29.366666666666667, 29.266666666666666, 29.23333333333333, 29.2, 29.133333333333333, 29.099999999999998, 29.066666666666666, 29.066666666666666, 29.033333333333335, 28.966666666666665, 28.9, 28.9, 28.866666666666664, 28.766666666666662, 28.766666666666662, 28.666666666666664, 28.63333333333333, 28.599999999999998, 28.53333333333333, 28.366666666666664, 28.333333333333332, 28.266666666666662, 28.066666666666666, 28.03333333333333, 27.766666666666666, 27.76666666666667, 27.8, 27.76666666666667, 27.76666666666667, 27.7, 27.566666666666666, 27.533333333333335, 27.533333333333335, 27.433333333333334, 27.133333333333336, 26.96666666666667, 26.86666666666667, 26.833333333333336, 26.700000000000003, 26.533333333333335, 26.433333333333334, 26.333333333333336, 26.333333333333336, 26.1, 25.866666666666667, 25.76666666666667, 25.633333333333333, 25.46666666666667, 25.26666666666667, 25.099999999999998, 25.099999999999998, 25.033333333333335, 24.966666666666665, 24.9, 24.066666666666666, 24.03333333333333, 24.0, 24.03333333333333, 24.0, 23.966666666666665, 23.900000000000002, 23.833333333333332, 23.866666666666667, 23.666666666666668, 23.566666666666666, 23.533333333333335, 23.433333333333334, 23.400000000000002, 23.333333333333336, 23.3, 23.26666666666667, 23.233333333333338, 23.233333333333338, 23.1, 22.966666666666672, 22.900000000000002, 22.83333333333334, 22.733333333333338, 22.633333333333336, 22.533333333333335, 22.500000000000004, 22.333333333333332, 21.500000000000004, 21.500000000000004, 21.366666666666667, 21.166666666666664, 21.066666666666663, 20.93333333333333, 20.799999999999997, 20.7, 20.53333333333333, 20.366666666666667, 20.299999999999997, 20.2, 20.2, 20.233333333333334, 20.0, 19.96666666666667, 19.96666666666667, 19.9, 19.766666666666662, 19.633333333333333, 19.633333333333333, 19.566666666666666, 19.499999999999996, 19.466666666666665, 19.43333333333333, 19.366666666666664, 19.23333333333333, 19.133333333333333, 19.0, 19.0, 18.999999999999996, 18.866666666666664, 18.633333333333333, 18.5, 18.433333333333334, 18.366666666666664, 18.333333333333332, 18.2, 18.099999999999998, 18.0, 18.0, 17.3, 17.26666666666667, 17.233333333333334, 17.133333333333333, 16.9, 16.833333333333332, 16.833333333333332, 16.833333333333332, 16.666666666666664, 16.6, 16.633333333333333, 16.566666666666666, 16.5, 16.466666666666665, 16.4, 16.333333333333332, 16.333333333333332, 16.333333333333332, 16.333333333333332, 16.3, 16.3, 16.3, 16.3, 16.3, 16.3, 16.266666666666666, 16.266666666666666, 16.23333333333333, 16.23333333333333, 16.23333333333333, 16.23333333333333, 16.23333333333333, 16.23333333333333, 16.23333333333333, 16.23333333333333, 16.23333333333333, 16.23333333333333, 16.23333333333333, 16.2, 16.2, 16.066666666666666, 16.066666666666666, 15.999999999999998, 15.966666666666665, 15.966666666666665, 15.933333333333332, 15.899999999999999, 15.799999999999999, 15.766666666666664, 14.933333333333332, 14.866666666666665, 14.799999999999999, 14.6, 14.533333333333333, 14.5, 14.433333333333334, 14.4, 14.3, 14.200000000000001, 14.133333333333335, 14.066666666666666, 14.066666666666666, 13.966666666666665, 13.933333333333334, 13.899999999999999, 13.799999999999997, 13.766666666666664, 13.599999999999998, 13.499999999999998, 13.466666666666665, 13.433333333333332, 13.366666666666665, 13.366666666666665, 13.299999999999999, 13.299999999999999, 13.166666666666666, 13.133333333333333, 13.033333333333333, 12.966666666666667, 12.866666666666667, 12.766666666666667, 12.666666666666668, 12.666666666666668, 12.633333333333333, 12.633333333333333, 12.600000000000001, 12.533333333333333, 11.966666666666667, 11.833333333333332, 11.833333333333332, 11.833333333333332, 11.733333333333333, 11.733333333333333, 11.733333333333333, 11.733333333333333, 11.7, 11.7, 11.7, 11.7, 11.633333333333333, 11.633333333333333, 11.6, 11.6]",0.742245229897869,0.7872177351831098,25,"[31, 30, 30, 30, 30, 30, 30, 30, 30, 30, 30, 30, 30, 30, 30, 30, 30, 30, 30, 30, 30, 30, 30, 30, 30, 30, 30, 30, 30, 30, 30, 30, 30, 30, 30, 30, 30, 30, 30, 30, 30, 30, 30, 30, 30, 30, 30, 30, 30, 30, 30, 30, 30, 30, 30, 30, 30, 30, 30, 30, 30, 30, 30, 30, 30, 30, 30, 30, 30, 30, 30, 30, 30, 30, 30, 30, 30, 30, 30, 30, 30, 30, 30, 30, 30, 30, 30, 30, 30, 30, 30, 30, 30, 30, 30, 30, 30, 30, 30, 30, 30, 30, 30, 30, 30, 30, 30, 30, 30, 30, 30, 30, 30, 30, 30, 30, 30, 30, 30, 30, 30, 30, 30, 30, 30, 30, 30, 30, 29, 29, 29, 29, 29, 29, 29, 29, 29, 29, 29, 29, 29, 29, 29, 29, 29, 29, 29, 29, 29, 29, 29, 29, 29, 29, 29, 29, 28, 28, 28, 28, 28, 28, 28, 28, 28, 28, 28, 28, 28, 28, 28, 28, 28, 28, 28, 28, 28, 28, 28, 28, 28, 28, 28, 28, 28, 28, 28, 28, 28, 28, 28, 28, 28, 28, 28, 28, 28, 27, 27, 27, 27, 27, 27, 27, 27, 27, 27, 27, 27, 27, 27, 27, 27, 27, 27, 27, 27, 27, 27, 27, 27, 27, 27, 27, 27, 27, 27, 27, 27, 27, 27, 27, 27, 27, 27, 27, 27, 27, 27, 27, 27, 27, 27, 27, 27, 27, 26, 26, 26, 26, 26, 26, 26, 26, 26, 26, 26, 26, 26, 26, 26, 26, 26, 26, 26, 26, 26, 26, 26, 26, 26, 26, 26, 26, 26, 26, 26, 26, 26, 26, 26, 26, 26, 26, 25, 25, 25, 25, 25, 25, 25, 25, 25, 25, 25, 25, 25, 25, 25, 25]",300,"[5.2441511154174805, 2.2885563373565674, 11.744180679321289, 2.9081249237060547, 3.4590747356414795, 3.1177620887756348, 2.768564462661743, 3.2869153022766113, 2.5108747482299805, 2.4055826663970947, 4.167361259460449, 5.013282299041748, 2.758239507675171, 2.9841718673706055, 5.522166728973389, 5.736253261566162, 8.345560073852539, 3.4326469898223877, 2.2957923412323, 3.80949330329895, 3.7555270195007324, 3.1301331520080566, 3.0187113285064697, 3.1374804973602295, 2.9142651557922363, 2.9844865798950195, 4.031181812286377, 3.683634042739868, 2.2809836864471436, 2.471403121948242, 4.436091423034668, 2.7604804039001465, 3.105780601501465, 5.101940155029297, 3.2880735397338867, 2.820479393005371, 3.335700273513794, 2.552011489868164, 2.4401140213012695, 7.694124221801758, 2.3974595069885254, 2.508220672607422, 2.2659223079681396, 2.9567501544952393, 6.925066947937012, 12.49317741394043, 8.36351490020752, 2.7609009742736816, 2.351158857345581, 6.5498433113098145, 3.457772731781006, 3.3540544509887695, 3.8409993648529053, 4.1024088859558105, 7.424551486968994, 19.976917266845703, 3.329366683959961, 2.6993350982666016, 2.944096088409424, 3.743162155151367, 4.508196830749512, 2.7663393020629883, 2.919186592102051, 3.0549404621124268, 10.977594375610352, 2.920004367828369, 3.3544390201568604, 6.137268543243408, 3.166501998901367, 2.886496067047119, 6.125034809112549, 2.763742446899414, 2.670375347137451, 2.8250441551208496, 5.490438461303711, 2.582575798034668, 3.0593087673187256, 3.53916072845459, 5.141147613525391, 4.063570976257324, 6.061326503753662, 2.9115171432495117, 2.697953701019287, 4.4022417068481445, 2.546550989151001, 2.5819756984710693, 2.8299639225006104, 9.328182220458984, 3.539569139480591, 2.2862064838409424, 2.8851232528686523, 8.373221397399902, 8.316136360168457, 15.591771125793457, 3.2310569286346436, 14.260704040527344, 10.845516204833984, 3.313502788543701, 12.275612831115723, 3.040156364440918, 7.6836419105529785, 13.922996520996094, 3.608323335647583, 5.839022159576416, 3.4308910369873047, 3.7434678077697754, 5.13115119934082, 3.2015955448150635, 3.243964195251465, 5.600282192230225, 4.530209541320801, 4.228540897369385, 3.449434518814087, 4.871786117553711, 3.6762583255767822, 3.300823926925659, 4.736088275909424, 4.449066162109375, 3.3856427669525146, 4.734067916870117, 7.720869064331055, 2.5658929347991943, 3.483569383621216, 4.323485851287842, 3.529142141342163, 5.351562976837158, 3.092376470565796, 4.267744541168213, 3.3992221355438232, 13.497084617614746, 3.8820276260375977, 4.0381178855896, 9.165760040283203, 9.608885765075684, 3.0110063552856445, 3.029121160507202, 5.217634201049805, 3.100778102874756, 2.827331781387329, 7.353397846221924, 3.8064768314361572, 4.193379878997803, 4.9708638191223145, 9.747557640075684, 3.97236967086792, 5.637205600738525, 4.044171333312988, 5.88911247253418, 5.533499717712402, 3.0723540782928467, 2.8718883991241455, 3.864337682723999, 11.590764045715332, 3.5787603855133057, 5.694662570953369, 2.5208022594451904, 5.2054924964904785, 17.919845581054688, 3.783877372741699, 3.2537026405334473, 4.414834499359131, 11.449074745178223, 8.98427677154541, 4.69493293762207, 3.7581450939178467, 7.276212692260742, 5.723167896270752, 4.146387100219727, 3.2402467727661133, 10.889739036560059, 3.4156334400177, 4.519442558288574, 2.8495001792907715, 5.910583019256592, 3.156825065612793, 5.164217472076416, 4.714227199554443, 8.16555404663086, 3.429550886154175, 3.5567243099212646, 6.596487045288086, 8.639561653137207, 8.148937225341797, 3.4162845611572266, 5.167961597442627, 5.858990669250488, 7.071354866027832, 3.6596221923828125, 7.4716477394104, 6.734076976776123, 3.9439547061920166, 7.907322406768799, 4.045242786407471, 8.549071311950684, 6.868699550628662, 3.4137651920318604, 3.068596124649048, 4.825341701507568, 4.525132656097412, 4.460434436798096, 18.03957748413086, 4.945291042327881, 2.99161958694458, 11.422222137451172, 9.741011619567871, 12.094405174255371, 8.371480941772461, 6.639317512512207, 3.554694414138794, 3.0176405906677246, 4.304500579833984, 4.041196346282959, 3.7920165061950684, 3.936276912689209, 3.564639091491699, 2.9507927894592285, 3.634213447570801, 4.312460899353027, 9.092263221740723, 11.930987358093262, 4.169003486633301, 2.675175189971924, 3.5051281452178955, 3.7575507164001465, 4.583803176879883, 5.294671058654785, 23.640274047851562, 3.8250184059143066, 3.6031734943389893, 12.990535736083984, 5.9962382316589355, 5.865701675415039, 7.9604973793029785, 3.81649112701416, 10.504901885986328, 4.408006191253662, 2.6691884994506836, 4.729483127593994, 8.5632905960083, 3.8011417388916016, 5.700973987579346, 5.53028678894043, 6.871148109436035, 3.5409650802612305, 6.300121307373047, 4.950263023376465, 6.836249351501465, 3.5126349925994873, 3.6173675060272217, 7.140024185180664, 10.991159439086914, 7.935507297515869, 9.165997505187988, 4.2044758796691895, 8.252728462219238, 3.0308241844177246, 3.930269479751587, 14.505658149719238, 4.283547878265381, 17.891918182373047, 9.360188484191895, 12.612724304199219, 26.571300506591797, 2.863881826400757, 7.910791397094727, 3.8919992446899414, 4.556525707244873, 3.995997905731201, 3.6218652725219727, 3.812730073928833, 11.709359169006348, 3.0445775985717773, 3.9419665336608887, 3.0842983722686768, 13.913908958435059, 8.310783386230469, 10.327980995178223, 5.928734302520752, 5.7231292724609375, 3.0658223628997803, 2.8871963024139404, 2.471806049346924, 20.238805770874023, 5.949413299560547, 7.532983303070068, 2.824704170227051, 4.720973968505859, 14.275259971618652, 15.363018035888672, 11.041725158691406, 3.60749888420105, 9.496042251586914, 4.344331741333008, 9.621227264404297, 5.4778242111206055, 4.296694755554199, 13.635095596313477, 5.284189224243164, 11.272004127502441, 3.109647274017334]",25.0,"[31.0, 30.0, 30.0, 30.0, 30.0, 30.0, 30.0, 30.0, 30.0, 30.0, 30.0, 30.0, 30.0, 30.0, 30.0, 30.0, 30.0, 30.0, 30.0, 30.0, 30.0, 30.0, 30.0, 30.0, 30.0, 30.0, 30.0, 30.0, 30.0, 30.0, 30.0, 30.0, 30.0, 30.0, 30.0, 30.0, 30.0, 30.0, 30.0, 30.0, 30.0, 30.0, 30.0, 30.0, 30.0, 30.0, 30.0, 30.0, 30.0, 30.0, 30.0, 30.0, 30.0, 30.0, 30.0, 30.0, 30.0, 30.0, 30.0, 30.0, 30.0, 30.0, 30.0, 30.0, 30.0, 30.0, 30.0, 30.0, 30.0, 30.0, 30.0, 30.0, 30.0, 30.0, 30.0, 30.0, 30.0, 30.0, 30.0, 30.0, 30.0, 30.0, 30.0, 30.0, 30.0, 30.0, 30.0, 30.0, 30.0, 30.0, 30.0, 30.0, 30.0, 30.0, 30.0, 30.0, 30.0, 30.0, 30.0, 30.0, 30.0, 30.0, 30.0, 30.0, 30.0, 30.0, 30.0, 30.0, 30.0, 30.0, 30.0, 30.0, 30.0, 30.0, 30.0, 30.0, 30.0, 30.0, 30.0, 30.0, 30.0, 30.0, 30.0, 30.0, 30.0, 30.0, 30.0, 30.0, 29.0, 29.0, 29.0, 29.0, 29.0, 29.0, 29.0, 29.0, 29.0, 29.0, 29.0, 29.0, 29.0, 29.0, 29.0, 29.0, 29.0, 29.0, 29.0, 29.0, 29.0, 29.0, 29.0, 29.0, 29.0, 29.0, 29.0, 29.0, 28.0, 28.0, 28.0, 28.0, 28.0, 28.0, 28.0, 28.0, 28.0, 28.0, 28.0, 28.0, 28.0, 28.0, 28.0, 28.0, 28.0, 28.0, 28.0, 28.0, 28.0, 28.0, 28.0, 28.0, 28.0, 28.0, 28.0, 28.0, 28.0, 28.0, 28.0, 28.0, 28.0, 28.0, 28.0, 28.0, 28.0, 28.0, 28.0, 28.0, 28.0, 27.0, 27.0, 27.0, 27.0, 27.0, 27.0, 27.0, 27.0, 27.0, 27.0, 27.0, 27.0, 27.0, 27.0, 27.0, 27.0, 27.0, 27.0, 27.0, 27.0, 27.0, 27.0, 27.0, 27.0, 27.0, 27.0, 27.0, 27.0, 27.0, 27.0, 27.0, 27.0, 27.0, 27.0, 27.0, 27.0, 27.0, 27.0, 27.0, 27.0, 27.0, 27.0, 27.0, 27.0, 27.0, 27.0, 27.0, 27.0, 27.0, 26.0, 26.0, 26.0, 26.0, 26.0, 26.0, 26.0, 26.0, 26.0, 26.0, 26.0, 26.0, 26.0, 26.0, 26.0, 26.0, 26.0, 26.0, 26.0, 26.0, 26.0, 26.0, 26.0, 26.0, 26.0, 26.0, 26.0, 26.0, 26.0, 26.0, 26.0, 26.0, 26.0, 26.0, 26.0, 26.0, 26.0, 26.0, 25.0, 25.0, 25.0, 25.0, 25.0, 25.0, 25.0, 25.0, 25.0, 25.0, 25.0, 25.0, 25.0, 25.0, 25.0, 25.0]",COMPLETE
