,number,value,datetime_start,datetime_complete,duration,params_batch_size_scaler,params_constant_learning_rate,params_depth,params_epochs,params_kernel_l2,params_num_trees,params_temperature,user_attrs_accuracy_test,user_attrs_accuracy_valid,user_attrs_approximate_feature_sparsity,user_attrs_approximate_feature_sparsity_history,user_attrs_approximate_weight_sparsity,user_attrs_approximate_weight_sparsity_history,user_attrs_auc_test,user_attrs_auc_valid,user_attrs_feature_sparsity,user_attrs_feature_sparsity_history,user_attrs_num_epochs,user_attrs_val_loss_history,user_attrs_weight_sparsity,user_attrs_weight_sparsity_history,state
21,21,0.7212840231350879,2024-08-31 01:22:57.091074,2024-08-31 01:23:21.992317,0 days 00:00:24.901243,64,0.028791739360637853,2,240,0.001005163167265144,23,0.0001232917683327737,0.87,0.86875,33,"[33, 33, 33, 33, 33, 33, 33, 33, 33, 33, 33, 33, 33, 33, 33, 33, 33, 33, 33, 33, 33, 33, 33, 33, 33, 33, 33, 33, 33, 33, 33, 33, 33, 33, 33, 33, 33, 33, 33, 33, 33, 33, 33, 33, 33, 33, 33, 33, 33, 33, 33, 33, 33, 33, 33, 33, 33, 33, 33, 33, 33, 33, 33, 33, 33, 33, 33, 33, 33, 33, 33, 33, 33, 33, 33, 33, 33, 33, 33, 33, 33, 33, 33, 33, 33, 33, 33, 33, 33, 33, 33, 33, 33, 33, 33, 33, 33, 33, 33, 33, 33, 33, 33, 33, 33, 33, 33, 33, 33, 33, 33, 33, 33, 33, 33, 33, 33, 33, 33, 33, 33, 33, 33, 33, 33, 33, 33, 33, 33, 33, 33, 33, 33, 33, 33, 33, 33, 33, 33, 33, 33, 33, 33, 33, 33, 33, 33, 33, 33, 33, 33, 33, 33, 33, 33, 33, 33, 33, 33, 33, 33, 33, 33, 33, 33, 33, 33, 33, 33, 33, 33, 33, 33, 33, 33, 33, 33, 33, 33, 33, 33, 33, 33, 33, 33, 33, 33, 33, 33, 33, 33, 33, 33, 33, 33, 33, 33, 33, 33, 33, 33, 33, 33, 33, 33, 33, 33, 33, 33, 33, 33, 33, 33, 33, 33, 33, 33, 33, 33, 33, 33, 33, 33, 33, 33, 33, 33, 33, 33, 33, 33, 33, 33, 33, 33, 33, 33, 33, 33, 33]",33.0,"[32.98550724637681, 32.971014492753625, 32.98550724637681, 32.971014492753625, 32.98550724637681, 32.98550724637681, 32.98550724637681, 32.98550724637681, 32.98550724637681, 32.971014492753625, 32.98550724637681, 32.98550724637681, 32.98550724637681, 32.971014492753625, 32.98550724637681, 32.98550724637681, 32.98550724637681, 32.971014492753625, 32.98550724637681, 32.971014492753625, 32.98550724637681, 32.98550724637681, 32.98550724637681, 32.98550724637681, 32.98550724637681, 32.98550724637681, 32.971014492753625, 32.98550724637681, 32.98550724637681, 32.971014492753625, 32.971014492753625, 32.971014492753625, 32.971014492753625, 32.98550724637681, 32.98550724637681, 32.98550724637681, 32.98550724637681, 32.98550724637681, 32.98550724637681, 32.98550724637681, 32.98550724637681, 32.971014492753625, 32.95652173913044, 32.95652173913044, 32.94202898550725, 32.98550724637681, 32.971014492753625, 32.95652173913044, 32.98550724637681, 32.971014492753625, 32.971014492753625, 32.98550724637681, 32.98550724637681, 32.971014492753625, 32.98550724637681, 32.971014492753625, 32.94202898550725, 32.971014492753625, 32.98550724637681, 32.971014492753625, 32.971014492753625, 32.971014492753625, 32.95652173913044, 32.95652173913044, 32.98550724637681, 32.98550724637681, 32.98550724637681, 32.98550724637681, 32.98550724637681, 32.98550724637681, 32.98550724637681, 32.98550724637681, 32.98550724637681, 32.98550724637681, 32.98550724637681, 32.98550724637681, 32.971014492753625, 32.971014492753625, 32.95652173913044, 32.971014492753625, 32.98550724637681, 32.98550724637681, 32.98550724637681, 32.98550724637681, 32.98550724637681, 32.98550724637681, 32.98550724637681, 32.98550724637681, 32.98550724637681, 32.98550724637681, 33.0, 33.0, 32.98550724637681, 33.0, 33.0, 32.98550724637681, 32.98550724637681, 33.0, 33.0, 33.0, 32.971014492753625, 33.0, 33.0, 32.98550724637681, 32.98550724637681, 32.971014492753625, 32.971014492753625, 32.95652173913044, 32.971014492753625, 32.971014492753625, 32.98550724637681, 32.971014492753625, 32.971014492753625, 32.98550724637681, 32.98550724637681, 33.0, 33.0, 33.0, 33.0, 33.0, 33.0, 33.0, 33.0, 33.0, 32.98550724637681, 32.98550724637681, 32.98550724637681, 32.98550724637681, 32.95652173913044, 32.98550724637681, 32.98550724637681, 32.98550724637681, 32.98550724637681, 32.98550724637681, 32.971014492753625, 32.971014492753625, 32.971014492753625, 32.98550724637681, 32.971014492753625, 32.98550724637681, 32.98550724637681, 32.98550724637681, 33.0, 33.0, 33.0, 33.0, 33.0, 33.0, 33.0, 33.0, 33.0, 33.0, 33.0, 33.0, 32.98550724637681, 32.98550724637681, 33.0, 33.0, 33.0, 33.0, 33.0, 33.0, 33.0, 33.0, 33.0, 32.98550724637681, 32.98550724637681, 32.98550724637681, 32.98550724637681, 32.98550724637681, 32.98550724637681, 32.971014492753625, 32.98550724637681, 33.0, 33.0, 33.0, 32.98550724637681, 32.971014492753625, 32.95652173913044, 32.95652173913044, 32.971014492753625, 32.971014492753625, 32.971014492753625, 32.971014492753625, 32.971014492753625, 32.971014492753625, 32.971014492753625, 32.971014492753625, 32.971014492753625, 32.971014492753625, 32.95652173913044, 32.95652173913044, 32.971014492753625, 32.971014492753625, 32.971014492753625, 32.971014492753625, 32.971014492753625, 32.98550724637681, 32.98550724637681, 33.0, 32.98550724637681, 32.971014492753625, 32.98550724637681, 32.971014492753625, 32.98550724637681, 32.98550724637681, 32.98550724637681, 32.98550724637681, 32.98550724637681, 32.98550724637681, 32.98550724637681, 32.971014492753625, 32.971014492753625, 32.98550724637681, 33.0, 32.971014492753625, 33.0, 32.98550724637681, 32.98550724637681, 32.98550724637681, 33.0, 33.0, 32.98550724637681, 32.98550724637681, 33.0, 33.0, 33.0, 33.0, 33.0, 33.0, 33.0, 33.0, 33.0, 33.0, 32.98550724637681, 32.98550724637681, 32.98550724637681, 32.98550724637681, 32.98550724637681, 33.0]",0.7557608632832173,0.7212840231350879,33,"[33, 33, 33, 33, 33, 33, 33, 33, 33, 33, 33, 33, 33, 33, 33, 33, 33, 33, 33, 33, 33, 33, 33, 33, 33, 33, 33, 33, 33, 33, 33, 33, 33, 33, 33, 33, 33, 33, 33, 33, 33, 33, 33, 33, 33, 33, 33, 33, 33, 33, 33, 33, 33, 33, 33, 33, 33, 33, 33, 33, 33, 33, 33, 33, 33, 33, 33, 33, 33, 33, 33, 33, 33, 33, 33, 33, 33, 33, 33, 33, 33, 33, 33, 33, 33, 33, 33, 33, 33, 33, 33, 33, 33, 33, 33, 33, 33, 33, 33, 33, 33, 33, 33, 33, 33, 33, 33, 33, 33, 33, 33, 33, 33, 33, 33, 33, 33, 33, 33, 33, 33, 33, 33, 33, 33, 33, 33, 33, 33, 33, 33, 33, 33, 33, 33, 33, 33, 33, 33, 33, 33, 33, 33, 33, 33, 33, 33, 33, 33, 33, 33, 33, 33, 33, 33, 33, 33, 33, 33, 33, 33, 33, 33, 33, 33, 33, 33, 33, 33, 33, 33, 33, 33, 33, 33, 33, 33, 33, 33, 33, 33, 33, 33, 33, 33, 33, 33, 33, 33, 33, 33, 33, 33, 33, 33, 33, 33, 33, 33, 33, 33, 33, 33, 33, 33, 33, 33, 33, 33, 33, 33, 33, 33, 33, 33, 33, 33, 33, 33, 33, 33, 33, 33, 33, 33, 33, 33, 33, 33, 33, 33, 33, 33, 33, 33, 33, 33, 33, 33, 33]",240,"[0.7184946537017822, 0.566528856754303, 0.4963069260120392, 0.4573855698108673, 0.43344220519065857, 0.41929638385772705, 0.4112608730792999, 0.4059617519378662, 0.40222594141960144, 0.4000881314277649, 0.39789271354675293, 0.39691922068595886, 0.3956303298473358, 0.39469611644744873, 0.39403706789016724, 0.3933478891849518, 0.3927799463272095, 0.3923319876194, 0.3919788599014282, 0.3914279043674469, 0.391045480966568, 0.39061373472213745, 0.39017677307128906, 0.389743447303772, 0.3893240690231323, 0.3888953924179077, 0.38852062821388245, 0.3881209194660187, 0.38769492506980896, 0.38737785816192627, 0.3870236575603485, 0.3867298364639282, 0.38633328676223755, 0.38601699471473694, 0.3856613039970398, 0.38536614179611206, 0.3851497173309326, 0.38469964265823364, 0.38442081212997437, 0.3840881586074829, 0.38384994864463806, 0.3835844397544861, 0.38325557112693787, 0.3829411566257477, 0.38262835144996643, 0.38231390714645386, 0.38201799988746643, 0.3818075656890869, 0.38152939081192017, 0.3812568187713623, 0.3810010850429535, 0.3808470666408539, 0.3806060552597046, 0.3803636431694031, 0.38010650873184204, 0.37982937693595886, 0.37979626655578613, 0.37950170040130615, 0.379256010055542, 0.37902364134788513, 0.3788396716117859, 0.378673791885376, 0.37852489948272705, 0.37829312682151794, 0.3781391382217407, 0.3778454065322876, 0.3775859475135803, 0.37742727994918823, 0.3771650791168213, 0.3770040273666382, 0.376831591129303, 0.37665295600891113, 0.37645184993743896, 0.3762432336807251, 0.3761063516139984, 0.37595614790916443, 0.3757113516330719, 0.3755577802658081, 0.3753810524940491, 0.37523213028907776, 0.37515008449554443, 0.3749642074108124, 0.3747798800468445, 0.3746258616447449, 0.3744245767593384, 0.3742924928665161, 0.37412673234939575, 0.3740312159061432, 0.37391871213912964, 0.3737443685531616, 0.3735533654689789, 0.3734111487865448, 0.37327346205711365, 0.3731713891029358, 0.3730321228504181, 0.37291380763053894, 0.3726969063282013, 0.37256717681884766, 0.3724880516529083, 0.37236443161964417, 0.3722268044948578, 0.3721317946910858, 0.37200531363487244, 0.37184494733810425, 0.37171366810798645, 0.37157484889030457, 0.3714928925037384, 0.3713687062263489, 0.37125250697135925, 0.3711242973804474, 0.37105637788772583, 0.3709527254104614, 0.3708299696445465, 0.37070345878601074, 0.3705287277698517, 0.37041014432907104, 0.3703240156173706, 0.3702806234359741, 0.37010177969932556, 0.36998486518859863, 0.36985623836517334, 0.3697485029697418, 0.36962273716926575, 0.3695763349533081, 0.3694603443145752, 0.36936160922050476, 0.369306743144989, 0.3692549765110016, 0.36905449628829956, 0.3689793646335602, 0.3688373565673828, 0.3687213063240051, 0.36857813596725464, 0.36852505803108215, 0.36837872862815857, 0.368274986743927, 0.36823582649230957, 0.36812180280685425, 0.3679548501968384, 0.3678510785102844, 0.36773890256881714, 0.36769580841064453, 0.3676210641860962, 0.3674560487270355, 0.36737969517707825, 0.3672909438610077, 0.36732369661331177, 0.3671379089355469, 0.3669736981391907, 0.36695969104766846, 0.3669503927230835, 0.36688312888145447, 0.3667204678058624, 0.36650481820106506, 0.36638379096984863, 0.36628440022468567, 0.3662673234939575, 0.36608371138572693, 0.36595797538757324, 0.36586153507232666, 0.3657536804676056, 0.36560067534446716, 0.3655322790145874, 0.3654567003250122, 0.36531198024749756, 0.3652435541152954, 0.3651576638221741, 0.365054726600647, 0.3649357855319977, 0.3649044334888458, 0.3647402822971344, 0.36461350321769714, 0.3645419180393219, 0.3644370138645172, 0.3643130362033844, 0.36417296528816223, 0.3640829920768738, 0.3640168011188507, 0.364074170589447, 0.3638058602809906, 0.3637320399284363, 0.36361178755760193, 0.36350560188293457, 0.36341622471809387, 0.36334559321403503, 0.36328360438346863, 0.36322855949401855, 0.36315953731536865, 0.36315658688545227, 0.3630218803882599, 0.3628542423248291, 0.36272093653678894, 0.3626565933227539, 0.3625866174697876, 0.3626267910003662, 0.36251282691955566, 0.36244088411331177, 0.36226943135261536, 0.3621584177017212, 0.3620683252811432, 0.36213982105255127, 0.36203041672706604, 0.36185920238494873, 0.3617582321166992, 0.36180251836776733, 0.36179596185684204, 0.3615857660770416, 0.3614172637462616, 0.3613041043281555, 0.3612038493156433, 0.36111128330230713, 0.36099615693092346, 0.3608688414096832, 0.3607773184776306, 0.36063817143440247, 0.36051619052886963, 0.36045315861701965, 0.36037811636924744, 0.36031585931777954, 0.3601580858230591, 0.36009520292282104, 0.3599937856197357, 0.35989752411842346, 0.35977843403816223, 0.3596828579902649, 0.35966986417770386, 0.3596471846103668, 0.3595271408557892, 0.35945186018943787, 0.35935384035110474, 0.35924407839775085, 0.35918113589286804, 0.359206885099411, 0.3590470254421234, 0.3589133024215698, 0.3588365316390991, 0.358847051858902, 0.35875338315963745, 0.3586283028125763, 0.35860443115234375]",33.0,"[33.0, 33.0, 33.0, 33.0, 33.0, 33.0, 33.0, 33.0, 33.0, 33.0, 33.0, 33.0, 33.0, 33.0, 33.0, 33.0, 33.0, 33.0, 33.0, 33.0, 33.0, 33.0, 33.0, 33.0, 33.0, 33.0, 33.0, 33.0, 33.0, 33.0, 33.0, 33.0, 33.0, 33.0, 33.0, 33.0, 33.0, 33.0, 33.0, 33.0, 33.0, 33.0, 33.0, 33.0, 33.0, 33.0, 33.0, 33.0, 33.0, 33.0, 33.0, 33.0, 33.0, 33.0, 33.0, 33.0, 33.0, 33.0, 33.0, 33.0, 33.0, 33.0, 33.0, 33.0, 33.0, 33.0, 33.0, 33.0, 33.0, 33.0, 33.0, 33.0, 33.0, 33.0, 33.0, 33.0, 33.0, 33.0, 33.0, 33.0, 33.0, 33.0, 33.0, 33.0, 33.0, 33.0, 33.0, 33.0, 33.0, 33.0, 33.0, 33.0, 33.0, 33.0, 33.0, 33.0, 33.0, 33.0, 33.0, 33.0, 33.0, 33.0, 33.0, 33.0, 33.0, 33.0, 33.0, 33.0, 33.0, 33.0, 33.0, 33.0, 33.0, 33.0, 33.0, 33.0, 33.0, 33.0, 33.0, 33.0, 33.0, 33.0, 33.0, 33.0, 33.0, 33.0, 33.0, 33.0, 33.0, 33.0, 33.0, 33.0, 33.0, 33.0, 33.0, 33.0, 33.0, 33.0, 33.0, 33.0, 33.0, 33.0, 33.0, 33.0, 33.0, 33.0, 33.0, 33.0, 33.0, 33.0, 33.0, 33.0, 33.0, 33.0, 33.0, 33.0, 33.0, 33.0, 33.0, 33.0, 33.0, 33.0, 33.0, 33.0, 33.0, 33.0, 33.0, 33.0, 33.0, 33.0, 33.0, 33.0, 33.0, 33.0, 33.0, 33.0, 33.0, 33.0, 33.0, 33.0, 33.0, 33.0, 33.0, 33.0, 33.0, 33.0, 33.0, 33.0, 33.0, 33.0, 33.0, 33.0, 33.0, 33.0, 33.0, 33.0, 33.0, 33.0, 33.0, 33.0, 33.0, 33.0, 33.0, 33.0, 33.0, 33.0, 33.0, 33.0, 33.0, 33.0, 33.0, 33.0, 33.0, 33.0, 33.0, 33.0, 33.0, 33.0, 33.0, 33.0, 33.0, 33.0, 33.0, 33.0, 33.0, 33.0, 33.0, 33.0, 33.0, 33.0, 33.0, 33.0, 33.0, 33.0, 33.0, 33.0, 33.0, 33.0, 33.0, 33.0]",COMPLETE
22,22,0.7512720433847304,2024-08-31 01:23:22.472208,2024-08-31 01:23:29.475571,0 days 00:00:07.003363,64,0.5426128522863245,3,25,0.020809641474160673,70,0.0013059932630084053,0.885,0.8825,33,"[33, 33, 33, 33, 33, 33, 33, 33, 33, 33, 33, 33, 33, 33, 33, 33, 33, 33, 33, 33, 33, 33, 33, 33, 33]",32.97959183673469,"[32.96326530612245, 32.953061224489794, 32.96326530612245, 32.971428571428575, 32.96530612244898, 32.97959183673469, 32.96122448979592, 32.97142857142857, 32.98367346938775, 32.96938775510204, 32.97551020408163, 32.96938775510204, 32.963265306122445, 32.97551020408163, 32.97551020408163, 32.9734693877551, 32.97551020408163, 32.96530612244898, 32.96938775510204, 32.97551020408164, 32.97959183673469, 32.9734693877551, 32.98367346938775, 32.967346938775506, 32.97959183673469]",0.7820325465038515,0.7512720433847304,33,"[33, 33, 33, 33, 33, 33, 33, 33, 33, 33, 33, 33, 33, 33, 33, 33, 33, 33, 33, 33, 33, 33, 33, 33, 33]",25,"[0.4266168177127838, 0.3866238296031952, 0.38259220123291016, 0.38054996728897095, 0.3782263696193695, 0.3715883493423462, 0.37865185737609863, 0.36862730979919434, 0.36965763568878174, 0.37034305930137634, 0.365559846162796, 0.367623507976532, 0.3621159791946411, 0.3600258231163025, 0.35828492045402527, 0.3640351891517639, 0.3767409026622772, 0.358722984790802, 0.3552512228488922, 0.3541654944419861, 0.35199612379074097, 0.3487623333930969, 0.3511313498020172, 0.3489820063114166, 0.3477082848548889]",33.0,"[33.0, 33.0, 33.0, 33.0, 33.0, 33.0, 33.0, 33.0, 33.0, 33.0, 33.0, 33.0, 33.0, 33.0, 33.0, 33.0, 33.0, 33.0, 33.0, 33.0, 33.0, 33.0, 33.0, 33.0, 33.0]",COMPLETE
