,number,value,datetime_start,datetime_complete,duration,params_batch_size_scaler,params_constant_learning_rate,params_depth,params_epochs,params_kernel_l2,params_num_trees,params_temperature,user_attrs_accuracy_test,user_attrs_accuracy_valid,user_attrs_approximate_feature_sparsity,user_attrs_approximate_feature_sparsity_history,user_attrs_approximate_weight_sparsity,user_attrs_approximate_weight_sparsity_history,user_attrs_auc_test,user_attrs_auc_valid,user_attrs_feature_sparsity,user_attrs_feature_sparsity_history,user_attrs_num_epochs,user_attrs_val_loss_history,user_attrs_weight_sparsity,user_attrs_weight_sparsity_history,state
38,38,0.9084644021074055,2024-08-31 02:00:55.090800,2024-08-31 02:09:30.104762,0 days 00:08:35.013962,4,0.07529572647651371,6,220,0.14049016941962664,39,0.0017264273234682743,0.92,0.91125,33,"[33, 33, 33, 33, 33, 33, 33, 33, 33, 33, 33, 33, 33, 33, 33, 33, 33, 33, 33, 33, 33, 33, 33, 33, 33, 33, 33, 33, 33, 33, 33, 33, 33, 33, 33, 33, 33, 33, 33, 33, 33, 33, 33, 33, 33, 33, 33, 33, 33, 33, 33, 33, 33, 33, 33, 33, 33, 33, 33, 33, 33, 33, 33, 33, 33, 33, 33, 33, 33, 33, 33, 33, 33, 33, 33, 33, 33, 33, 33, 33, 33, 33, 33, 33, 33, 33, 33, 33, 33, 33, 33, 33, 33, 33, 33, 33, 33, 33, 33, 33, 33, 33, 33, 33, 33, 33, 33, 33, 33, 33, 33, 33, 33, 33, 33, 33, 33, 33, 33, 33, 33, 33, 33, 33, 33, 33, 33, 33, 33, 33, 33, 33, 33, 33, 33, 33, 33, 33, 33, 33, 33, 33, 33, 33, 33, 33, 33, 33, 33, 33, 33, 33, 33, 33, 33, 33, 33, 33, 33, 33, 33, 33, 33, 33, 33, 33, 33, 33, 33, 33, 33, 33, 33, 33, 33, 33, 33, 33, 33, 33, 33, 33, 33, 33, 33, 33, 33, 33, 33, 33, 33, 33, 33, 33, 33, 33, 33, 33, 33, 33, 33, 33, 33, 33, 33, 33, 33, 33, 33, 33, 33, 33, 33, 33, 33, 33, 33, 33, 33, 33]",32.92755392755393,"[32.93569393569394, 32.942205942205945, 32.94098494098494, 32.92877492877493, 32.93528693528694, 32.93528693528693, 32.936100936100935, 32.927960927960925, 32.932437932437935, 32.93325193325193, 32.934472934472936, 32.94098494098495, 32.934472934472936, 32.94057794057794, 32.93325193325193, 32.93528693528693, 32.92673992673993, 32.938135938135936, 32.93284493284493, 32.93772893772894, 32.939763939763935, 32.947496947496944, 32.942205942205945, 32.942205942205945, 32.934472934472936, 32.935693935693934, 32.93894993894994, 32.93243793243793, 32.934065934065934, 32.93121693121693, 32.93528693528694, 32.94057794057794, 32.94098494098494, 32.94301994301995, 32.94301994301994, 32.94342694342694, 32.936100936100935, 32.93121693121693, 32.93487993487993, 32.940170940170944, 32.94342694342694, 32.94301994301994, 32.94098494098494, 32.93772893772894, 32.93935693935694, 32.945868945868945, 32.94546194546195, 32.942205942205945, 32.94098494098494, 32.93854293854294, 32.94139194139194, 32.934065934065934, 32.935693935693934, 32.93528693528694, 32.93691493691494, 32.932437932437935, 32.93528693528694, 32.93935693935694, 32.937728937728934, 32.93894993894994, 32.93528693528694, 32.93691493691494, 32.940170940170944, 32.934472934472936, 32.93284493284493, 32.93284493284494, 32.93813593813594, 32.93365893365893, 32.93121693121693, 32.93528693528693, 32.935693935693934, 32.93284493284493, 32.92918192918193, 32.927960927960925, 32.92673992673993, 32.92755392755393, 32.93121693121693, 32.93325193325194, 32.93162393162393, 32.934472934472936, 32.93854293854294, 32.93732193732193, 32.93365893365893, 32.93406593406593, 32.924704924704926, 32.92755392755393, 32.92755392755392, 32.925925925925924, 32.92673992673993, 32.93203093203093, 32.93203093203093, 32.93528693528693, 32.932437932437935, 32.929995929995926, 32.93365893365893, 32.93528693528694, 32.93569393569394, 32.934472934472936, 32.930809930809936, 32.932437932437935, 32.92551892551892, 32.929995929995926, 32.93325193325194, 32.93732193732194, 32.937728937728934, 32.932437932437935, 32.93284493284494, 32.93487993487994, 32.93162393162393, 32.93203093203093, 32.93203093203093, 32.925925925925924, 32.93121693121693, 32.93121693121693, 32.924704924704926, 32.92958892958893, 32.92918192918193, 32.92958892958893, 32.92714692714693, 32.922262922262924, 32.925925925925924, 32.92511192511193, 32.92918192918193, 32.928367928367926, 32.93284493284493, 32.92958892958893, 32.934472934472936, 32.92796092796093, 32.92958892958893, 32.92958892958893, 32.934065934065934, 32.93487993487994, 32.93691493691494, 32.93284493284493, 32.934065934065934, 32.934472934472936, 32.929995929995926, 32.93080993080993, 32.93203093203093, 32.930402930402934, 32.93284493284494, 32.934065934065934, 32.93487993487994, 32.93121693121694, 32.934065934065934, 32.93203093203093, 32.93284493284493, 32.93528693528693, 32.93203093203093, 32.93284493284493, 32.934472934472936, 32.93365893365893, 32.934472934472936, 32.93284493284494, 32.934472934472936, 32.93691493691493, 32.94301994301994, 32.942205942205945, 32.94301994301995, 32.94301994301994, 32.942205942205945, 32.940170940170944, 32.93935693935694, 32.93650793650794, 32.93365893365893, 32.93406593406593, 32.93487993487993, 32.93365893365893, 32.93528693528693, 32.934472934472936, 32.934065934065934, 32.93732193732194, 32.93650793650794, 32.940170940170944, 32.93365893365893, 32.93691493691493, 32.937728937728934, 32.932437932437935, 32.93691493691493, 32.93935693935694, 32.93732193732194, 32.932437932437935, 32.93284493284493, 32.93080993080993, 32.93284493284493, 32.93080993080993, 32.93080993080993, 32.93365893365894, 32.934065934065934, 32.93121693121693, 32.93121693121694, 32.92836792836793, 32.92348392348392, 32.92389092389092, 32.928367928367926, 32.92918192918193, 32.93040293040293, 32.92796092796093, 32.92877492877493, 32.93040293040293, 32.93162393162393, 32.92796092796093, 32.92673992673993, 32.92918192918193, 32.930402930402934, 32.93203093203093, 32.932437932437935, 32.93365893365893, 32.936100936100935, 32.93487993487994, 32.93284493284494, 32.930402930402934, 32.92836792836793, 32.924704924704926, 32.928367928367926, 32.924704924704926, 32.924297924297925, 32.922669922669925, 32.924297924297925, 32.92755392755393]",0.8928656940694689,0.9084644021074055,33,"[33, 33, 33, 33, 33, 33, 33, 33, 33, 33, 33, 33, 33, 33, 33, 33, 33, 33, 33, 33, 33, 33, 33, 33, 33, 33, 33, 33, 33, 33, 33, 33, 33, 33, 33, 33, 33, 33, 33, 33, 33, 33, 33, 33, 33, 33, 33, 33, 33, 33, 33, 33, 33, 33, 33, 33, 33, 33, 33, 33, 33, 33, 33, 33, 33, 33, 33, 33, 33, 33, 33, 33, 33, 33, 33, 33, 33, 33, 33, 33, 33, 33, 33, 33, 33, 33, 33, 33, 33, 33, 33, 33, 33, 33, 33, 33, 33, 33, 33, 33, 33, 33, 33, 33, 33, 33, 33, 33, 33, 33, 33, 33, 33, 33, 33, 33, 33, 33, 33, 33, 33, 33, 33, 33, 33, 33, 33, 33, 33, 33, 33, 33, 33, 33, 33, 33, 33, 33, 33, 33, 33, 33, 33, 33, 33, 33, 33, 33, 33, 33, 33, 33, 33, 33, 33, 33, 33, 33, 33, 33, 33, 33, 33, 33, 33, 33, 33, 33, 33, 33, 33, 33, 33, 33, 33, 33, 33, 33, 33, 33, 33, 33, 33, 33, 33, 33, 33, 33, 33, 33, 33, 33, 33, 33, 33, 33, 33, 33, 33, 33, 33, 33, 33, 33, 33, 33, 33, 33, 33, 33, 33, 33, 33, 33, 33, 33, 33, 33, 33, 33]",220,"[0.45349007844924927, 0.4084222912788391, 0.3978894352912903, 0.39334484934806824, 0.3901899755001068, 0.3876875936985016, 0.3855145573616028, 0.3836268186569214, 0.38191765546798706, 0.38041314482688904, 0.3790322542190552, 0.3777952492237091, 0.3766697347164154, 0.37566593289375305, 0.3746265470981598, 0.37368035316467285, 0.3727905750274658, 0.3719173073768616, 0.3711107671260834, 0.37042754888534546, 0.36971428990364075, 0.3688644766807556, 0.3681766986846924, 0.36749809980392456, 0.36677879095077515, 0.3661041259765625, 0.3654772639274597, 0.36482012271881104, 0.3641492426395416, 0.36354994773864746, 0.3629130423069, 0.36232107877731323, 0.3616361916065216, 0.3610101044178009, 0.36032164096832275, 0.35973137617111206, 0.3590698540210724, 0.35843926668167114, 0.35780274868011475, 0.3572099208831787, 0.35660919547080994, 0.355932354927063, 0.35528504848480225, 0.3546549081802368, 0.35400164127349854, 0.35337889194488525, 0.35271769762039185, 0.3521482050418854, 0.35151341557502747, 0.35084640979766846, 0.35027122497558594, 0.3496735095977783, 0.34902262687683105, 0.3482327163219452, 0.34756049513816833, 0.3469540774822235, 0.34626126289367676, 0.3455994725227356, 0.344911128282547, 0.34416699409484863, 0.34347274899482727, 0.3427894711494446, 0.3421357274055481, 0.3414475917816162, 0.34071266651153564, 0.3399435877799988, 0.33926647901535034, 0.3385489583015442, 0.33782845735549927, 0.33704066276550293, 0.3362605571746826, 0.33547651767730713, 0.33472445607185364, 0.3340102434158325, 0.3331868052482605, 0.33236584067344666, 0.3315129578113556, 0.3307029604911804, 0.3298671841621399, 0.32904165983200073, 0.3282143473625183, 0.3273633122444153, 0.3265165090560913, 0.32567185163497925, 0.3247561752796173, 0.3238655924797058, 0.3229178488254547, 0.32200175523757935, 0.3210847079753876, 0.32014328241348267, 0.3192060589790344, 0.3182818293571472, 0.31729769706726074, 0.31627678871154785, 0.3154042363166809, 0.31438592076301575, 0.31344708800315857, 0.31242167949676514, 0.31141552329063416, 0.3104356825351715, 0.3093641400337219, 0.3083347976207733, 0.3072764277458191, 0.3062939941883087, 0.30523085594177246, 0.3042864501476288, 0.3032006323337555, 0.30216169357299805, 0.30115607380867004, 0.30015748739242554, 0.2990894615650177, 0.29811689257621765, 0.2970796525478363, 0.296070396900177, 0.29503199458122253, 0.2941015660762787, 0.2931247055530548, 0.2921184003353119, 0.2911042273044586, 0.2902035117149353, 0.28921040892601013, 0.2883199453353882, 0.28738170862197876, 0.2864890992641449, 0.2856035530567169, 0.28464949131011963, 0.28377828001976013, 0.2828648090362549, 0.2819863557815552, 0.2811269462108612, 0.2803080379962921, 0.2794463336467743, 0.27868402004241943, 0.27783000469207764, 0.27702152729034424, 0.2762753665447235, 0.2755354940891266, 0.2747533321380615, 0.27404412627220154, 0.2733902633190155, 0.2726300060749054, 0.2719835340976715, 0.2712472975254059, 0.2704903483390808, 0.2698421776294708, 0.2692459523677826, 0.2685231864452362, 0.26787206530570984, 0.26723235845565796, 0.2666545808315277, 0.26603689789772034, 0.2653893828392029, 0.2647640109062195, 0.2641558349132538, 0.26363512873649597, 0.2630220353603363, 0.2625400125980377, 0.2619970738887787, 0.26128965616226196, 0.260710746049881, 0.2601744830608368, 0.2596781849861145, 0.2591496407985687, 0.25854042172431946, 0.25803855061531067, 0.25759246945381165, 0.2570982277393341, 0.2565792202949524, 0.2560373842716217, 0.25550705194473267, 0.254954993724823, 0.25448963046073914, 0.25398993492126465, 0.2534960210323334, 0.25303933024406433, 0.2526368796825409, 0.25214701890945435, 0.2516738474369049, 0.25123804807662964, 0.2507896423339844, 0.2503598928451538, 0.24981547892093658, 0.2493484616279602, 0.24891872704029083, 0.24859385192394257, 0.2481519728899002, 0.24761813879013062, 0.24719177186489105, 0.24674850702285767, 0.24630649387836456, 0.24586737155914307, 0.24549175798892975, 0.2451423853635788, 0.24456922709941864, 0.2442629486322403, 0.24389058351516724, 0.24352210760116577, 0.2431602030992508, 0.24267569184303284, 0.2422621101140976, 0.24189786612987518, 0.24142543971538544, 0.24112607538700104, 0.24076950550079346, 0.24036893248558044, 0.23998306691646576, 0.23956897854804993, 0.23939505219459534, 0.2389046996831894, 0.238497793674469, 0.23823213577270508, 0.23787689208984375, 0.2374819964170456, 0.2370835542678833, 0.23653675615787506, 0.23618833720684052, 0.23591291904449463, 0.2355349361896515, 0.23533573746681213, 0.2349708527326584]",33.0,"[33.0, 33.0, 33.0, 33.0, 33.0, 33.0, 33.0, 33.0, 33.0, 33.0, 33.0, 33.0, 33.0, 33.0, 33.0, 33.0, 33.0, 33.0, 33.0, 33.0, 33.0, 33.0, 33.0, 33.0, 33.0, 33.0, 33.0, 33.0, 33.0, 33.0, 33.0, 33.0, 33.0, 33.0, 33.0, 33.0, 33.0, 33.0, 33.0, 33.0, 33.0, 33.0, 33.0, 33.0, 33.0, 33.0, 33.0, 33.0, 33.0, 33.0, 33.0, 33.0, 33.0, 33.0, 33.0, 33.0, 33.0, 33.0, 33.0, 33.0, 33.0, 33.0, 33.0, 33.0, 33.0, 33.0, 33.0, 33.0, 33.0, 33.0, 33.0, 33.0, 33.0, 33.0, 33.0, 33.0, 33.0, 33.0, 33.0, 33.0, 33.0, 33.0, 33.0, 33.0, 33.0, 33.0, 33.0, 33.0, 33.0, 33.0, 33.0, 33.0, 33.0, 33.0, 33.0, 33.0, 33.0, 33.0, 33.0, 33.0, 33.0, 33.0, 33.0, 33.0, 33.0, 33.0, 33.0, 33.0, 33.0, 33.0, 33.0, 33.0, 33.0, 33.0, 33.0, 33.0, 33.0, 33.0, 33.0, 33.0, 33.0, 33.0, 33.0, 33.0, 33.0, 33.0, 33.0, 33.0, 33.0, 33.0, 33.0, 33.0, 33.0, 33.0, 33.0, 33.0, 33.0, 33.0, 33.0, 33.0, 33.0, 33.0, 33.0, 33.0, 33.0, 33.0, 33.0, 33.0, 33.0, 33.0, 33.0, 33.0, 33.0, 33.0, 33.0, 33.0, 33.0, 33.0, 33.0, 33.0, 33.0, 33.0, 33.0, 33.0, 33.0, 33.0, 33.0, 33.0, 33.0, 33.0, 33.0, 33.0, 33.0, 33.0, 33.0, 33.0, 33.0, 33.0, 33.0, 33.0, 33.0, 33.0, 33.0, 33.0, 33.0, 33.0, 33.0, 33.0, 33.0, 33.0, 33.0, 33.0, 33.0, 33.0, 33.0, 33.0, 33.0, 33.0, 33.0, 33.0, 33.0, 33.0, 33.0, 33.0, 33.0, 33.0, 33.0, 33.0, 33.0, 33.0, 33.0, 33.0, 33.0, 33.0, 33.0, 33.0, 33.0, 33.0, 33.0, 33.0]",COMPLETE
