,number,value,datetime_start,datetime_complete,duration,params_batch_size_scaler,params_constant_learning_rate,params_depth,params_epochs,params_kernel_l2,params_num_trees,params_temperature,user_attrs_accuracy_test,user_attrs_accuracy_valid,user_attrs_approximate_feature_sparsity,user_attrs_approximate_feature_sparsity_history,user_attrs_approximate_weight_sparsity,user_attrs_approximate_weight_sparsity_history,user_attrs_auc_test,user_attrs_auc_valid,user_attrs_feature_sparsity,user_attrs_feature_sparsity_history,user_attrs_num_epochs,user_attrs_val_loss_history,user_attrs_weight_sparsity,user_attrs_weight_sparsity_history,state
142,142,0.9284821785111619,2024-08-31 06:19:39.038047,2024-08-31 06:26:42.161048,0 days 00:07:03.123001,4,0.22440726949620285,6,265,0.0013834715612055862,23,0.001405168874150756,0.945,0.94375,33,"[33, 33, 33, 33, 33, 33, 33, 33, 33, 33, 33, 33, 33, 33, 33, 33, 33, 33, 33, 33, 33, 33, 33, 33, 33, 33, 33, 33, 33, 33, 33, 33, 33, 33, 33, 33, 33, 33, 33, 33, 33, 33, 33, 33, 33, 33, 33, 33, 33, 33, 33, 33, 33, 33, 33, 33, 33, 33, 33, 33, 33, 33, 33, 33, 33, 33, 33, 33, 33, 33, 33, 33, 33, 33, 33, 33, 33, 33, 33, 33, 33, 33, 33, 33, 33, 33, 33, 33, 33, 33, 33, 33, 33, 33, 33, 33, 33, 33, 33, 33, 33, 33, 33, 33, 33, 33, 33, 33, 33, 33, 33, 33, 33, 33, 33, 33, 33, 33, 33, 33, 33, 33, 33, 33, 33, 33, 33, 33, 33, 33, 33, 33, 33, 33, 33, 33, 33, 33, 33, 33, 33, 33, 33, 33, 33, 33, 33, 33, 33, 33, 33, 33, 33, 33, 33, 33, 33, 33, 33, 33, 33, 33, 33, 33, 33, 33, 33, 33, 33, 33, 33, 33, 33, 33, 33, 33, 33, 33, 33, 33, 33, 33, 33, 33, 33, 33, 33, 33, 33, 33, 33, 33, 33, 33, 33, 33, 33, 33, 33, 33, 33, 33, 33, 33, 33, 33, 33, 33, 33, 33, 33, 33, 33, 33, 33, 33, 33, 33, 33, 33, 33, 33, 33, 33, 33, 33, 33, 33, 33, 33, 33, 33, 33, 33, 33, 33, 33, 33, 33, 33, 33, 33, 33, 33, 33, 33, 33, 33, 33, 33, 33, 33, 33, 33, 33, 33, 33, 33, 33, 33, 33, 33, 33, 33, 33]",32.95583160800552,"[32.951000690131124, 32.95169082125604, 32.9496204278813, 32.96273291925466, 32.94547964113181, 32.95307108350587, 32.95169082125604, 32.95031055900621, 32.951000690131124, 32.94616977225673, 32.95307108350587, 32.95031055900621, 32.94547964113182, 32.955141476880605, 32.94893029675638, 32.951000690131124, 32.94824016563147, 32.94893029675639, 32.94616977225673, 32.94893029675639, 32.95031055900621, 32.94685990338164, 32.94409937888199, 32.947550034506556, 32.94409937888199, 32.946859903381636, 32.94824016563147, 32.943409247757074, 32.93788819875777, 32.94202898550725, 32.9447895100069, 32.947550034506556, 32.95307108350587, 32.94547964113182, 32.95652173913044, 32.95859213250518, 32.95376121463078, 32.94547964113181, 32.95583160800552, 32.94409937888199, 32.95307108350587, 32.955831608005525, 32.95307108350586, 32.95721187025535, 32.95652173913043, 32.95721187025534, 32.95652173913043, 32.95376121463078, 32.95307108350587, 32.95721187025534, 32.95307108350587, 32.94824016563147, 32.94133885438233, 32.94824016563147, 32.947550034506556, 32.94893029675638, 32.95307108350587, 32.955831608005525, 32.95514147688061, 32.95652173913044, 32.95790200138026, 32.95238095238095, 32.955831608005525, 32.955831608005525, 32.94893029675638, 32.94824016563147, 32.95376121463078, 32.952380952380956, 32.947550034506556, 32.94685990338164, 32.94685990338164, 32.95445134575569, 32.95652173913044, 32.95307108350587, 32.95445134575569, 32.951000690131124, 32.95031055900621, 32.951690821256044, 32.950310559006205, 32.955141476880605, 32.952380952380956, 32.95583160800552, 32.94685990338164, 32.95376121463078, 32.95307108350587, 32.950310559006205, 32.94893029675639, 32.93926846100759, 32.94271911663216, 32.94271911663216, 32.95307108350586, 32.94685990338164, 32.94616977225673, 32.94064872325742, 32.95238095238095, 32.95445134575569, 32.947550034506556, 32.946859903381636, 32.948240165631475, 32.94202898550725, 32.939958592132506, 32.94616977225673, 32.94064872325742, 32.946169772256724, 32.94962042788129, 32.94962042788129, 32.94824016563147, 32.94202898550724, 32.951000690131124, 32.955831608005525, 32.95583160800552, 32.94893029675638, 32.95169082125604, 32.951000690131124, 32.948240165631475, 32.95445134575569, 32.94409937888199, 32.95238095238095, 32.952380952380956, 32.95445134575569, 32.952380952380956, 32.947550034506556, 32.947550034506556, 32.94616977225673, 32.95376121463078, 32.944099378881994, 32.95031055900621, 32.94616977225673, 32.94409937888199, 32.94547964113181, 32.946169772256724, 32.943409247757074, 32.943409247757074, 32.94271911663216, 32.93788819875776, 32.93650793650794, 32.94685990338164, 32.94616977225673, 32.95307108350587, 32.95169082125604, 32.95031055900621, 32.95169082125604, 32.95652173913044, 32.95790200138026, 32.94685990338164, 32.95721187025535, 32.9648033126294, 32.95928226363009, 32.959282263630094, 32.95307108350587, 32.955141476880605, 32.95583160800552, 32.95721187025534, 32.958592132505174, 32.96204278812974, 32.95445134575569, 32.95169082125604, 32.95031055900621, 32.95445134575569, 32.955141476880605, 32.95307108350586, 32.95445134575569, 32.955141476880605, 32.95583160800552, 32.959972394755006, 32.955141476880605, 32.955141476880605, 32.95376121463078, 32.95307108350587, 32.958592132505174, 32.95928226363009, 32.95445134575569, 32.955141476880605, 32.95652173913044, 32.955831608005525, 32.951000690131124, 32.95031055900621, 32.947550034506556, 32.958592132505174, 32.95238095238095, 32.94893029675638, 32.951000690131124, 32.9496204278813, 32.95445134575569, 32.95583160800552, 32.95307108350586, 32.95583160800552, 32.95238095238095, 32.95859213250518, 32.963423050379575, 32.959972394755, 32.95652173913044, 32.95721187025535, 32.955141476880605, 32.95514147688061, 32.96066252587992, 32.95376121463078, 32.95790200138026, 32.95790200138026, 32.955831608005525, 32.95307108350587, 32.95031055900621, 32.95928226363009, 32.96273291925466, 32.958592132505174, 32.95928226363009, 32.95307108350586, 32.951000690131124, 32.95445134575569, 32.958592132505174, 32.95721187025535, 32.959972394755006, 32.95376121463078, 32.955141476880605, 32.951000690131124, 32.951000690131124, 32.94893029675639, 32.94547964113182, 32.955141476880605, 32.95307108350586, 32.94685990338164, 32.943409247757074, 32.95376121463078, 32.95169082125604, 32.95652173913044, 32.95376121463078, 32.95652173913044, 32.947550034506556, 32.95376121463078, 32.95376121463078, 32.95169082125604, 32.951000690131124, 32.95928226363009, 32.96066252587992, 32.96273291925466, 32.959972394755006, 32.96066252587992, 32.96204278812974, 32.959282263630094, 32.959282263630094, 32.95721187025535, 32.95307108350587, 32.95238095238095, 32.953761214630774, 32.95376121463078, 32.95790200138026, 32.95583160800552, 32.96273291925466, 32.963423050379575, 32.96135265700483, 32.95307108350587, 32.951690821256044, 32.95790200138026, 32.95445134575569, 32.95031055900621, 32.94893029675638, 32.95031055900621, 32.955141476880605, 32.95583160800552, 32.95307108350587, 32.95307108350587, 32.95583160800552, 32.95445134575569, 32.95721187025535, 32.95583160800552]",0.9194346056357797,0.9284821785111619,33,"[33, 33, 33, 33, 33, 33, 33, 33, 33, 33, 33, 33, 33, 33, 33, 33, 33, 33, 33, 33, 33, 33, 33, 33, 33, 33, 33, 33, 33, 33, 33, 33, 33, 33, 33, 33, 33, 33, 33, 33, 33, 33, 33, 33, 33, 33, 33, 33, 33, 33, 33, 33, 33, 33, 33, 33, 33, 33, 33, 33, 33, 33, 33, 33, 33, 33, 33, 33, 33, 33, 33, 33, 33, 33, 33, 33, 33, 33, 33, 33, 33, 33, 33, 33, 33, 33, 33, 33, 33, 33, 33, 33, 33, 33, 33, 33, 33, 33, 33, 33, 33, 33, 33, 33, 33, 33, 33, 33, 33, 33, 33, 33, 33, 33, 33, 33, 33, 33, 33, 33, 33, 33, 33, 33, 33, 33, 33, 33, 33, 33, 33, 33, 33, 33, 33, 33, 33, 33, 33, 33, 33, 33, 33, 33, 33, 33, 33, 33, 33, 33, 33, 33, 33, 33, 33, 33, 33, 33, 33, 33, 33, 33, 33, 33, 33, 33, 33, 33, 33, 33, 33, 33, 33, 33, 33, 33, 33, 33, 33, 33, 33, 33, 33, 33, 33, 33, 33, 33, 33, 33, 33, 33, 33, 33, 33, 33, 33, 33, 33, 33, 33, 33, 33, 33, 33, 33, 33, 33, 33, 33, 33, 33, 33, 33, 33, 33, 33, 33, 33, 33, 33, 33, 33, 33, 33, 33, 33, 33, 33, 33, 33, 33, 33, 33, 33, 33, 33, 33, 33, 33, 33, 33, 33, 33, 33, 33, 33, 33, 33, 33, 33, 33, 33, 33, 33, 33, 33, 33, 33, 33, 33, 33, 33, 33, 33]",265,"[0.3971952199935913, 0.38299986720085144, 0.3764815032482147, 0.37200728058815, 0.36847731471061707, 0.36562007665634155, 0.36313891410827637, 0.36056289076805115, 0.35839542746543884, 0.35614505410194397, 0.35413631796836853, 0.3519093990325928, 0.3497980535030365, 0.34750548005104065, 0.3451443016529083, 0.34268394112586975, 0.34054458141326904, 0.3380025029182434, 0.3355446755886078, 0.3327119052410126, 0.32992374897003174, 0.32731232047080994, 0.32449591159820557, 0.3213573694229126, 0.3183692693710327, 0.31520241498947144, 0.31192153692245483, 0.3084395229816437, 0.30556032061576843, 0.3017434775829315, 0.2984105050563812, 0.29497388005256653, 0.29177573323249817, 0.28878021240234375, 0.2856764495372772, 0.2828194499015808, 0.28001868724823, 0.27769899368286133, 0.2748318910598755, 0.2722136676311493, 0.2699023187160492, 0.26790717244148254, 0.26562508940696716, 0.26379260420799255, 0.2616801857948303, 0.2598836123943329, 0.2579231560230255, 0.25607064366340637, 0.2549089193344116, 0.25343871116638184, 0.25126418471336365, 0.2500097453594208, 0.2483227550983429, 0.24719291925430298, 0.2449415773153305, 0.24454885721206665, 0.24261461198329926, 0.24094365537166595, 0.23966775834560394, 0.23847387731075287, 0.23689323663711548, 0.23596812784671783, 0.23474551737308502, 0.2332424521446228, 0.23215730488300323, 0.23063068091869354, 0.22894205152988434, 0.2278304547071457, 0.22725902497768402, 0.22566945850849152, 0.22505265474319458, 0.22350870072841644, 0.22357213497161865, 0.22169530391693115, 0.22062313556671143, 0.21927638351917267, 0.2182120382785797, 0.2168220579624176, 0.215822234749794, 0.21526293456554413, 0.21386362612247467, 0.21322214603424072, 0.21232905983924866, 0.21148256957530975, 0.21021075546741486, 0.2096605747938156, 0.20881514251232147, 0.20827077329158783, 0.20713268220424652, 0.20653440058231354, 0.20555727183818817, 0.20483164489269257, 0.2034570723772049, 0.20313745737075806, 0.2023254781961441, 0.20152607560157776, 0.20089298486709595, 0.201873779296875, 0.1999186873435974, 0.19969898462295532, 0.19876818358898163, 0.198135107755661, 0.1978684961795807, 0.19795045256614685, 0.19652193784713745, 0.19637402892112732, 0.19538016617298126, 0.19630086421966553, 0.19438046216964722, 0.19396014511585236, 0.19359198212623596, 0.19435706734657288, 0.19358940422534943, 0.19464704394340515, 0.19193969666957855, 0.19235248863697052, 0.1910415142774582, 0.19124723970890045, 0.19071121513843536, 0.1906610131263733, 0.19018323719501495, 0.18997691571712494, 0.18791384994983673, 0.18807391822338104, 0.19006270170211792, 0.18830326199531555, 0.1874660700559616, 0.18785817921161652, 0.18704940378665924, 0.18612989783287048, 0.1875995397567749, 0.18508100509643555, 0.18537986278533936, 0.18517623841762543, 0.18589052557945251, 0.18480877578258514, 0.18472789227962494, 0.18545390665531158, 0.18412937223911285, 0.18548978865146637, 0.18581430613994598, 0.1861463040113449, 0.18405769765377045, 0.1834133267402649, 0.18362589180469513, 0.182545468211174, 0.1811726987361908, 0.18172653019428253, 0.18235689401626587, 0.1810699999332428, 0.18097719550132751, 0.18184901773929596, 0.18192197382450104, 0.18085172772407532, 0.18095329403877258, 0.18041503429412842, 0.1800873726606369, 0.18183431029319763, 0.17854921519756317, 0.18494941294193268, 0.1805698424577713, 0.17747032642364502, 0.1804288923740387, 0.17937815189361572, 0.18049980700016022, 0.17848600447177887, 0.17816253006458282, 0.17778150737285614, 0.17769724130630493, 0.17751742899417877, 0.17684446275234222, 0.1792479008436203, 0.17775782942771912, 0.17608290910720825, 0.1760885864496231, 0.1767800748348236, 0.17619295418262482, 0.17617690563201904, 0.17727674543857574, 0.17635032534599304, 0.17611004412174225, 0.17716838419437408, 0.1769455373287201, 0.1763818860054016, 0.17480313777923584, 0.1743674874305725, 0.1784081608057022, 0.17503879964351654, 0.173904150724411, 0.17485402524471283, 0.17610107362270355, 0.17688784003257751, 0.17379814386367798, 0.1760440617799759, 0.1743617057800293, 0.17433437705039978, 0.17391225695610046, 0.17506490647792816, 0.17305292189121246, 0.17491644620895386, 0.17610371112823486, 0.17514796555042267, 0.17347405850887299, 0.174916073679924, 0.17330282926559448, 0.1746768206357956, 0.17484624683856964, 0.17221122980117798, 0.17469172179698944, 0.1730678677558899, 0.17264896631240845, 0.17297369241714478, 0.17203404009342194, 0.17197342216968536, 0.17194917798042297, 0.173794224858284, 0.1726474016904831, 0.17159084975719452, 0.17288975417613983, 0.1722187101840973, 0.1704024076461792, 0.17358778417110443, 0.17250265181064606, 0.1713167130947113, 0.17136678099632263, 0.17453253269195557, 0.17332832515239716, 0.17185348272323608, 0.17326359450817108, 0.1738830804824829, 0.17291128635406494, 0.1716303825378418, 0.17131033539772034, 0.17100737988948822, 0.17177601158618927, 0.1744454950094223, 0.17313770949840546, 0.1742364764213562, 0.1720920205116272, 0.17152777314186096, 0.17181310057640076, 0.17346486449241638, 0.17407600581645966, 0.17453420162200928, 0.17541569471359253, 0.17360654473304749, 0.17337198555469513, 0.17544427514076233, 0.17356979846954346, 0.17409086227416992, 0.17441315948963165, 0.17300739884376526, 0.17550605535507202, 0.17448201775550842, 0.17595583200454712, 0.17375004291534424, 0.17369256913661957, 0.17436376214027405, 0.17246927320957184, 0.1736609786748886, 0.17462199926376343, 0.1748366504907608, 0.17581027746200562, 0.17502546310424805, 0.17666013538837433]",33.0,"[33.0, 33.0, 33.0, 33.0, 33.0, 33.0, 33.0, 33.0, 33.0, 33.0, 33.0, 33.0, 33.0, 33.0, 33.0, 33.0, 33.0, 33.0, 33.0, 33.0, 33.0, 33.0, 33.0, 33.0, 33.0, 33.0, 33.0, 33.0, 33.0, 33.0, 33.0, 33.0, 33.0, 33.0, 33.0, 33.0, 33.0, 33.0, 33.0, 33.0, 33.0, 33.0, 33.0, 33.0, 33.0, 33.0, 33.0, 33.0, 33.0, 33.0, 33.0, 33.0, 33.0, 33.0, 33.0, 33.0, 33.0, 33.0, 33.0, 33.0, 33.0, 33.0, 33.0, 33.0, 33.0, 33.0, 33.0, 33.0, 33.0, 33.0, 33.0, 33.0, 33.0, 33.0, 33.0, 33.0, 33.0, 33.0, 33.0, 33.0, 33.0, 33.0, 33.0, 33.0, 33.0, 33.0, 33.0, 33.0, 33.0, 33.0, 33.0, 33.0, 33.0, 33.0, 33.0, 33.0, 33.0, 33.0, 33.0, 33.0, 33.0, 33.0, 33.0, 33.0, 33.0, 33.0, 33.0, 33.0, 33.0, 33.0, 33.0, 33.0, 33.0, 33.0, 33.0, 33.0, 33.0, 33.0, 33.0, 33.0, 33.0, 33.0, 33.0, 33.0, 33.0, 33.0, 33.0, 33.0, 33.0, 33.0, 33.0, 33.0, 33.0, 33.0, 33.0, 33.0, 33.0, 33.0, 33.0, 33.0, 33.0, 33.0, 33.0, 33.0, 33.0, 33.0, 33.0, 33.0, 33.0, 33.0, 33.0, 33.0, 33.0, 33.0, 33.0, 33.0, 33.0, 33.0, 33.0, 33.0, 33.0, 33.0, 33.0, 33.0, 33.0, 33.0, 33.0, 33.0, 33.0, 33.0, 33.0, 33.0, 33.0, 33.0, 33.0, 33.0, 33.0, 33.0, 33.0, 33.0, 33.0, 33.0, 33.0, 33.0, 33.0, 33.0, 33.0, 33.0, 33.0, 33.0, 33.0, 33.0, 33.0, 33.0, 33.0, 33.0, 33.0, 33.0, 33.0, 33.0, 33.0, 33.0, 33.0, 33.0, 33.0, 33.0, 33.0, 33.0, 33.0, 33.0, 33.0, 33.0, 33.0, 33.0, 33.0, 33.0, 33.0, 33.0, 33.0, 33.0, 33.0, 33.0, 33.0, 33.0, 33.0, 33.0, 33.0, 33.0, 33.0, 33.0, 33.0, 33.0, 33.0, 33.0, 33.0, 33.0, 33.0, 33.0, 33.0, 33.0, 33.0, 33.0, 33.0, 33.0, 33.0, 33.0, 33.0, 33.0, 33.0, 33.0, 33.0, 33.0, 33.0, 33.0, 33.0, 33.0, 33.0, 33.0, 33.0, 33.0, 33.0, 33.0, 33.0, 33.0, 33.0]",COMPLETE
