,number,value,datetime_start,datetime_complete,duration,params_batch_size_scaler,params_constant_learning_rate,params_depth,params_epochs,params_kernel_l2,params_num_trees,params_temperature,user_attrs_accuracy_test,user_attrs_accuracy_valid,user_attrs_approximate_feature_sparsity,user_attrs_approximate_feature_sparsity_history,user_attrs_approximate_weight_sparsity,user_attrs_approximate_weight_sparsity_history,user_attrs_auc_test,user_attrs_auc_valid,user_attrs_feature_sparsity,user_attrs_feature_sparsity_history,user_attrs_num_epochs,user_attrs_val_loss_history,user_attrs_weight_sparsity,user_attrs_weight_sparsity_history,state
143,143,0.9300537156548286,2024-08-31 06:26:45.696965,2024-08-31 06:51:08.777485,0 days 00:24:23.080520,1,0.08097780175219309,6,465,0.04145754695712847,48,0.04625817679560901,0.931,0.93875,33,"[33, 33, 33, 33, 33, 33, 33, 33, 33, 33, 33, 33, 33, 33, 33, 33, 33, 33, 33, 33, 33, 33, 33, 33, 33, 33, 33, 33, 33, 33, 33, 33, 33, 33, 33, 33, 33, 33, 33, 33, 33, 33, 33, 33, 33, 33, 33, 33, 33, 33, 33, 33, 33, 33, 33, 33, 33, 33, 33, 33, 33, 33, 33, 33, 33, 33, 33, 33, 33, 33, 33, 33, 33, 33, 33, 33, 33, 33, 33, 33, 33, 33, 33, 33, 33, 33, 33, 33, 33, 33, 33, 33, 33, 33, 33, 33, 33, 33, 33, 33, 33, 33, 33, 33, 33, 33, 33, 33, 33, 33, 33, 33, 33, 33, 33, 33, 33, 33, 33, 33, 33, 33, 33, 33, 33, 33, 33, 33, 33, 33, 33, 33, 33, 33, 33, 33, 33, 33, 33, 33, 33, 33, 33, 33, 33, 33, 33, 33, 33, 33, 33, 33, 33, 33, 33, 33, 33, 33, 33, 33, 33, 33, 33, 33, 33, 33, 33, 33, 33, 33, 33, 33, 33, 33, 33, 33, 33, 33, 33, 33, 33, 33, 33, 33, 33, 33, 33, 33, 33, 33, 33, 33, 33, 33, 33, 33, 33, 33, 33, 33, 33, 33, 33, 33, 33, 33, 33, 33, 33, 33, 33, 33, 33, 33, 33, 33, 33, 33, 33, 33, 33, 33, 33, 33, 33, 33, 33, 33, 33, 33, 33, 33, 33, 33, 33, 33, 33, 33, 33, 33, 33, 33, 33, 33, 33, 33, 33, 33, 33, 33, 33, 33, 33, 33, 33, 33, 33, 33, 33, 33, 33, 33, 33, 33, 33, 33, 33, 33, 33, 33, 33, 33, 33, 33, 33, 33, 33, 33, 33, 33, 33, 33, 33, 33, 33, 33, 33, 33, 33, 33, 33, 33, 33, 33, 33, 33, 33, 33, 33, 33, 33, 33, 33, 33, 33, 33, 33, 33, 33, 33, 33, 33, 33, 33, 33, 33, 33, 33, 33, 33, 33, 33, 33, 33, 33, 33, 33, 33, 33, 33, 33, 33, 33, 33, 33, 33, 33, 33, 33, 33, 33, 33, 33, 33, 33, 33, 33, 33, 33, 33, 33, 33, 33, 33, 33, 33, 33, 33, 33, 33, 33, 33, 33, 33, 33, 33, 33, 33, 33, 33, 33, 33, 33, 33, 33, 33, 33, 33, 33, 33, 33, 33, 33, 33, 33, 33, 33, 33, 33, 33, 33, 33, 33, 33, 33, 33, 33, 33, 33, 33, 33, 33, 33, 33, 33, 33, 33, 33, 33, 33, 33, 33, 33, 33, 33, 33, 33, 33, 33, 33, 33, 33, 33, 33, 33, 33, 33, 33, 33, 33, 33, 33, 33, 33, 33, 33, 33, 33, 33, 33, 33, 33, 33, 33, 33, 33, 33, 33, 33, 33, 33, 33, 33, 33, 33, 33, 33, 33, 33, 33, 33, 33, 33, 33, 33]",32.920304232804234,"[32.92162698412698, 32.91567460317461, 32.9160052910053, 32.91600529100529, 32.923611111111114, 32.91501322751323, 32.922619047619044, 32.9186507936508, 32.923611111111114, 32.92096560846561, 32.91865079365079, 32.920304232804234, 32.91269841269841, 32.916997354497354, 32.923280423280424, 32.92526455026455, 32.922949735449734, 32.927248677248684, 32.92791005291006, 32.92559523809524, 32.925925925925924, 32.923611111111114, 32.92361111111111, 32.92493386243386, 32.92592592592593, 32.92559523809524, 32.93220899470899, 32.919642857142854, 32.92096560846561, 32.925925925925924, 32.93154761904762, 32.928902116402114, 32.9265873015873, 32.93022486772487, 32.93783068783069, 32.92824074074074, 32.92857142857143, 32.92989417989418, 32.92691798941799, 32.93055555555556, 32.9318783068783, 32.929894179894184, 32.93419312169313, 32.929894179894184, 32.929563492063494, 32.93683862433863, 32.92724867724868, 32.919642857142854, 32.92526455026455, 32.928902116402114, 32.926256613756614, 32.92890211640212, 32.923280423280424, 32.923280423280424, 32.92493386243386, 32.928902116402114, 32.93088624338625, 32.933201058201064, 32.92791005291005, 32.92427248677249, 32.92427248677249, 32.92559523809524, 32.93154761904761, 32.92890211640212, 32.929563492063494, 32.92493386243386, 32.93121693121693, 32.92824074074074, 32.92526455026455, 32.925925925925924, 32.92493386243386, 32.923611111111114, 32.92361111111111, 32.92526455026455, 32.923941798941804, 32.926256613756614, 32.92228835978836, 32.92460317460318, 32.92460317460318, 32.919973544973544, 32.92427248677249, 32.926587301587304, 32.92559523809524, 32.9212962962963, 32.92195767195767, 32.920634920634924, 32.91865079365079, 32.920634920634924, 32.919312169312164, 32.92757936507937, 32.923611111111114, 32.92261904761905, 32.922949735449734, 32.919973544973544, 32.919642857142854, 32.917328042328045, 32.920304232804234, 32.9212962962963, 32.919973544973544, 32.926587301587304, 32.923611111111114, 32.92691798941799, 32.93154761904762, 32.93055555555556, 32.92724867724868, 32.9239417989418, 32.92526455026455, 32.925925925925924, 32.92460317460318, 32.92890211640212, 32.92526455026455, 32.925595238095234, 32.929894179894184, 32.9239417989418, 32.92989417989418, 32.929563492063494, 32.92526455026455, 32.91865079365079, 32.91931216931217, 32.92162698412699, 32.9212962962963, 32.923611111111114, 32.926256613756614, 32.926587301587304, 32.92228835978836, 32.929894179894184, 32.929894179894184, 32.928902116402114, 32.93386243386243, 32.92493386243386, 32.92824074074074, 32.92361111111111, 32.929563492063494, 32.92791005291006, 32.928902116402114, 32.92791005291006, 32.93154761904762, 32.929563492063494, 32.92526455026455, 32.92460317460317, 32.91931216931217, 32.92526455026455, 32.93187830687831, 32.93220899470899, 32.93088624338624, 32.923941798941804, 32.92096560846561, 32.9239417989418, 32.92526455026455, 32.920304232804234, 32.92427248677249, 32.92261904761905, 32.92261904761905, 32.92493386243386, 32.92824074074074, 32.923611111111114, 32.92195767195767, 32.92096560846561, 32.9183201058201, 32.91633597883598, 32.916666666666664, 32.92162698412698, 32.92691798941799, 32.92824074074074, 32.92261904761905, 32.92228835978836, 32.92096560846561, 32.920634920634924, 32.91898148148148, 32.9239417989418, 32.92195767195768, 32.92460317460318, 32.926587301587304, 32.925925925925924, 32.926256613756614, 32.923280423280424, 32.92162698412698, 32.9212962962963, 32.92228835978836, 32.91964285714286, 32.922619047619044, 32.91931216931217, 32.92460317460318, 32.92460317460318, 32.92757936507937, 32.92261904761905, 32.92526455026455, 32.92460317460317, 32.92493386243386, 32.92757936507937, 32.92724867724868, 32.92724867724868, 32.92724867724868, 32.926256613756614, 32.92559523809524, 32.923611111111114, 32.92228835978836, 32.923280423280424, 32.91798941798942, 32.9186507936508, 32.91534391534392, 32.91666666666667, 32.91765873015873, 32.92228835978836, 32.91964285714286, 32.9212962962963, 32.9212962962963, 32.91832010582011, 32.91600529100529, 32.922949735449734, 32.916666666666664, 32.91567460317461, 32.91832010582011, 32.91765873015873, 32.9186507936508, 32.92559523809524, 32.9239417989418, 32.92427248677249, 32.923280423280424, 32.926587301587304, 32.923280423280424, 32.91765873015873, 32.91798941798942, 32.917328042328045, 32.92096560846561, 32.919973544973544, 32.923611111111114, 32.9212962962963, 32.91964285714286, 32.917328042328045, 32.91798941798942, 32.91501322751323, 32.91203703703704, 32.919973544973544, 32.91798941798942, 32.91931216931217, 32.919973544973544, 32.923280423280424, 32.920304232804234, 32.92162698412699, 32.92691798941799, 32.92559523809524, 32.92195767195767, 32.9239417989418, 32.92096560846561, 32.9239417989418, 32.92427248677249, 32.92857142857143, 32.9239417989418, 32.919642857142854, 32.92096560846561, 32.926917989417994, 32.92228835978836, 32.926917989417994, 32.92691798941799, 32.929232804232804, 32.929563492063494, 32.92857142857143, 32.92724867724868, 32.93121693121693, 32.92691798941799, 32.929232804232804, 32.926917989417994, 32.92559523809524, 32.923611111111114, 32.92724867724868, 32.926256613756614, 32.92691798941799, 32.92526455026455, 32.926256613756614, 32.92890211640212, 32.93121693121693, 32.925925925925924, 32.926256613756614, 32.926256613756614, 32.923280423280424, 32.92427248677249, 32.92493386243387, 32.926917989417994, 32.925925925925924, 32.925925925925924, 32.93220899470899, 32.9318783068783, 32.93220899470899, 32.92989417989418, 32.93220899470899, 32.93452380952381, 32.93088624338624, 32.926256613756614, 32.92427248677249, 32.92824074074074, 32.92361111111111, 32.92592592592593, 32.92427248677249, 32.926256613756614, 32.92791005291005, 32.9239417989418, 32.925595238095234, 32.92824074074074, 32.92724867724868, 32.92559523809524, 32.92791005291006, 32.926587301587304, 32.92493386243386, 32.920634920634924, 32.9239417989418, 32.9239417989418, 32.92162698412698, 32.92063492063492, 32.9239417989418, 32.92162698412699, 32.9212962962963, 32.919973544973544, 32.92162698412699, 32.92162698412698, 32.92195767195768, 32.923280423280424, 32.92195767195768, 32.9239417989418, 32.92261904761905, 32.92559523809524, 32.9212962962963, 32.923280423280424, 32.91832010582011, 32.92063492063492, 32.923611111111114, 32.922949735449734, 32.922288359788354, 32.92691798941799, 32.92757936507937, 32.92791005291005, 32.9318783068783, 32.929563492063494, 32.92691798941799, 32.926256613756614, 32.92757936507937, 32.92791005291005, 32.92824074074074, 32.92923280423281, 32.93055555555556, 32.926256613756614, 32.93022486772487, 32.92228835978836, 32.923280423280424, 32.919973544973544, 32.9239417989418, 32.92691798941799, 32.926256613756614, 32.92427248677249, 32.92195767195767, 32.92361111111111, 32.92791005291006, 32.923280423280424, 32.92460317460318, 32.922949735449734, 32.92228835978836, 32.92526455026455, 32.925925925925924, 32.92559523809524, 32.92691798941799, 32.92791005291005, 32.926256613756614, 32.92261904761905, 32.92228835978836, 32.925925925925924, 32.92824074074074, 32.92857142857143, 32.926256613756614, 32.92857142857143, 32.92691798941799, 32.92724867724868, 32.92691798941799, 32.929232804232804, 32.92857142857143, 32.925925925925924, 32.92559523809524, 32.92361111111111, 32.92261904761905, 32.923611111111114, 32.92493386243386, 32.923280423280424, 32.922949735449734, 32.92427248677249, 32.925925925925924, 32.92691798941799, 32.92526455026455, 32.92526455026455, 32.929232804232804, 32.92824074074074, 32.92791005291005, 32.926587301587304, 32.92526455026455, 32.92096560846561, 32.92261904761905, 32.923280423280424, 32.92724867724868, 32.92757936507936, 32.926256613756614, 32.92724867724868, 32.92526455026455, 32.92493386243386, 32.92427248677249, 32.922949735449734, 32.919973544973544, 32.92195767195767, 32.923280423280424, 32.926256613756614, 32.925595238095234, 32.923280423280424, 32.92625661375662, 32.92923280423281, 32.92989417989418, 32.929232804232804, 32.929232804232804, 32.929563492063494, 32.92824074074074, 32.926587301587304, 32.92427248677249, 32.92361111111111, 32.92493386243386, 32.9239417989418, 32.923941798941804, 32.92361111111111, 32.92460317460317, 32.92791005291005, 32.92195767195768, 32.91931216931217, 32.91865079365079, 32.920634920634924, 32.92096560846561, 32.91832010582011, 32.91600529100529, 32.91236772486772, 32.914351851851855, 32.917328042328045, 32.91931216931217, 32.922949735449734, 32.91798941798942, 32.91798941798942, 32.91898148148149, 32.916997354497354, 32.91567460317461, 32.91931216931217, 32.91964285714286, 32.91931216931217, 32.92162698412698, 32.920634920634924, 32.922619047619044, 32.92096560846561, 32.919642857142854, 32.922949735449734, 32.92460317460317, 32.92427248677249, 32.9212962962963, 32.92228835978836, 32.9212962962963, 32.9212962962963, 32.922949735449734, 32.9239417989418, 32.92228835978836, 32.92526455026455, 32.922949735449734, 32.92162698412699, 32.92096560846561, 32.920304232804234]",0.8977782181160677,0.9300537156548286,33,"[33, 33, 33, 33, 33, 33, 33, 33, 33, 33, 33, 33, 33, 33, 33, 33, 33, 33, 33, 33, 33, 33, 33, 33, 33, 33, 33, 33, 33, 33, 33, 33, 33, 33, 33, 33, 33, 33, 33, 33, 33, 33, 33, 33, 33, 33, 33, 33, 33, 33, 33, 33, 33, 33, 33, 33, 33, 33, 33, 33, 33, 33, 33, 33, 33, 33, 33, 33, 33, 33, 33, 33, 33, 33, 33, 33, 33, 33, 33, 33, 33, 33, 33, 33, 33, 33, 33, 33, 33, 33, 33, 33, 33, 33, 33, 33, 33, 33, 33, 33, 33, 33, 33, 33, 33, 33, 33, 33, 33, 33, 33, 33, 33, 33, 33, 33, 33, 33, 33, 33, 33, 33, 33, 33, 33, 33, 33, 33, 33, 33, 33, 33, 33, 33, 33, 33, 33, 33, 33, 33, 33, 33, 33, 33, 33, 33, 33, 33, 33, 33, 33, 33, 33, 33, 33, 33, 33, 33, 33, 33, 33, 33, 33, 33, 33, 33, 33, 33, 33, 33, 33, 33, 33, 33, 33, 33, 33, 33, 33, 33, 33, 33, 33, 33, 33, 33, 33, 33, 33, 33, 33, 33, 33, 33, 33, 33, 33, 33, 33, 33, 33, 33, 33, 33, 33, 33, 33, 33, 33, 33, 33, 33, 33, 33, 33, 33, 33, 33, 33, 33, 33, 33, 33, 33, 33, 33, 33, 33, 33, 33, 33, 33, 33, 33, 33, 33, 33, 33, 33, 33, 33, 33, 33, 33, 33, 33, 33, 33, 33, 33, 33, 33, 33, 33, 33, 33, 33, 33, 33, 33, 33, 33, 33, 33, 33, 33, 33, 33, 33, 33, 33, 33, 33, 33, 33, 33, 33, 33, 33, 33, 33, 33, 33, 33, 33, 33, 33, 33, 33, 33, 33, 33, 33, 33, 33, 33, 33, 33, 33, 33, 33, 33, 33, 33, 33, 33, 33, 33, 33, 33, 33, 33, 33, 33, 33, 33, 33, 33, 33, 33, 33, 33, 33, 33, 33, 33, 33, 33, 33, 33, 33, 33, 33, 33, 33, 33, 33, 33, 33, 33, 33, 33, 33, 33, 33, 33, 33, 33, 33, 33, 33, 33, 33, 33, 33, 33, 33, 33, 33, 33, 33, 33, 33, 33, 33, 33, 33, 33, 33, 33, 33, 33, 33, 33, 33, 33, 33, 33, 33, 33, 33, 33, 33, 33, 33, 33, 33, 33, 33, 33, 33, 33, 33, 33, 33, 33, 33, 33, 33, 33, 33, 33, 33, 33, 33, 33, 33, 33, 33, 33, 33, 33, 33, 33, 33, 33, 33, 33, 33, 33, 33, 33, 33, 33, 33, 33, 33, 33, 33, 33, 33, 33, 33, 33, 33, 33, 33, 33, 33, 33, 33, 33, 33, 33, 33, 33, 33, 33, 33, 33, 33, 33, 33, 33, 33, 33, 33, 33, 33, 33, 33, 33, 33, 33, 33]",465,"[0.38950076699256897, 0.3798992931842804, 0.37485381960868835, 0.3711058497428894, 0.36711034178733826, 0.36423251032829285, 0.3611549437046051, 0.3583517074584961, 0.355657160282135, 0.3528532087802887, 0.3500764071941376, 0.3474094271659851, 0.3448065519332886, 0.34136825799942017, 0.33831924200057983, 0.33502647280693054, 0.3316861093044281, 0.328346848487854, 0.32497233152389526, 0.3209054172039032, 0.31698542833328247, 0.31322723627090454, 0.3089476227760315, 0.30463799834251404, 0.30078446865081787, 0.29602518677711487, 0.2919212281703949, 0.2881600856781006, 0.28387460112571716, 0.2810029983520508, 0.27712157368659973, 0.2738080620765686, 0.2706540822982788, 0.2677759826183319, 0.26484400033950806, 0.26232782006263733, 0.2597402334213257, 0.2576161026954651, 0.25486963987350464, 0.2527218461036682, 0.2506464123725891, 0.2488187551498413, 0.24678094685077667, 0.24543312191963196, 0.24314886331558228, 0.24131330847740173, 0.23943738639354706, 0.23870202898979187, 0.23771904408931732, 0.2351570874452591, 0.23363207280635834, 0.23339754343032837, 0.2300664484500885, 0.2293912172317505, 0.22845160961151123, 0.22697272896766663, 0.2262270599603653, 0.22459575533866882, 0.2244577556848526, 0.22289519011974335, 0.22222234308719635, 0.2217530608177185, 0.21847790479660034, 0.2184334695339203, 0.21776971220970154, 0.2158031463623047, 0.21479633450508118, 0.21397347748279572, 0.2129906266927719, 0.21300099790096283, 0.21213701367378235, 0.21242254972457886, 0.21024800837039948, 0.21005958318710327, 0.21002693474292755, 0.20843841135501862, 0.20769071578979492, 0.20728783309459686, 0.20732861757278442, 0.2051907777786255, 0.20529530942440033, 0.20342150330543518, 0.2037554532289505, 0.2030314803123474, 0.20269528031349182, 0.20367947220802307, 0.2004651129245758, 0.20164409279823303, 0.20014454424381256, 0.19923870265483856, 0.19996601343154907, 0.199632465839386, 0.1979561597108841, 0.19768528640270233, 0.1983422040939331, 0.19849927723407745, 0.19615043699741364, 0.20009860396385193, 0.1958887130022049, 0.19767428934574127, 0.1965264528989792, 0.1945030242204666, 0.1945844143629074, 0.19461046159267426, 0.19451965391635895, 0.19402073323726654, 0.19287170469760895, 0.1922696828842163, 0.19347938895225525, 0.1927526444196701, 0.19362019002437592, 0.19323934614658356, 0.19181832671165466, 0.19361990690231323, 0.1926252692937851, 0.1932404339313507, 0.19113793969154358, 0.18975868821144104, 0.18973250687122345, 0.19262860715389252, 0.18984957039356232, 0.19238130748271942, 0.18946728110313416, 0.19440044462680817, 0.19096866250038147, 0.18940012156963348, 0.18905825912952423, 0.18872235715389252, 0.1928717941045761, 0.19037260115146637, 0.18787281215190887, 0.18847525119781494, 0.18953178822994232, 0.18799221515655518, 0.18837064504623413, 0.18757742643356323, 0.18941232562065125, 0.18619316816329956, 0.18544089794158936, 0.18704217672348022, 0.18683487176895142, 0.19204726815223694, 0.18493925034999847, 0.18812458217144012, 0.18576744198799133, 0.1869344562292099, 0.18554265797138214, 0.18955232203006744, 0.18834052979946136, 0.1861308068037033, 0.18499986827373505, 0.1873456984758377, 0.1875154674053192, 0.18472842872142792, 0.18616458773612976, 0.18707731366157532, 0.1872308850288391, 0.1845189332962036, 0.1857070028781891, 0.18653881549835205, 0.1843523234128952, 0.18572477996349335, 0.1874871850013733, 0.18336625397205353, 0.18462350964546204, 0.18537719547748566, 0.18706531822681427, 0.1845569610595703, 0.18393200635910034, 0.18595227599143982, 0.18591994047164917, 0.1852731704711914, 0.1844269335269928, 0.18784931302070618, 0.1860780119895935, 0.18660573661327362, 0.1851487159729004, 0.1848059594631195, 0.18273934721946716, 0.18291474878787994, 0.1819436252117157, 0.18449163436889648, 0.1841796636581421, 0.18564903736114502, 0.1850619912147522, 0.18480846285820007, 0.1854603886604309, 0.1864035427570343, 0.18451443314552307, 0.18630985915660858, 0.18483495712280273, 0.1905398815870285, 0.184264674782753, 0.1847681850194931, 0.1887233406305313, 0.18485333025455475, 0.18419206142425537, 0.186777725815773, 0.18598690629005432, 0.18778762221336365, 0.1848447620868683, 0.1852443665266037, 0.18234868347644806, 0.18495681881904602, 0.18164697289466858, 0.18166235089302063, 0.18667086958885193, 0.1841554045677185, 0.18487754464149475, 0.18208347260951996, 0.18449760973453522, 0.18346795439720154, 0.18469811975955963, 0.18406754732131958, 0.18475458025932312, 0.18314845860004425, 0.18053001165390015, 0.18538698554039001, 0.1819348782300949, 0.18218876421451569, 0.18667000532150269, 0.18383538722991943, 0.18314144015312195, 0.18742583692073822, 0.1821925789117813, 0.18291625380516052, 0.1844983696937561, 0.18477003276348114, 0.18261152505874634, 0.18550600111484528, 0.18355518579483032, 0.18376466631889343, 0.18332044780254364, 0.18424652516841888, 0.18415063619613647, 0.18322786688804626, 0.18561579287052155, 0.1841936856508255, 0.18297642469406128, 0.18328453600406647, 0.18125563859939575, 0.18189683556556702, 0.18336772918701172, 0.1849251240491867, 0.18070773780345917, 0.18542182445526123, 0.18325883150100708, 0.18571315705776215, 0.18317560851573944, 0.18274946510791779, 0.1842917799949646, 0.1828746646642685, 0.18263167142868042, 0.18536008894443512, 0.1867491602897644, 0.1828688681125641, 0.18179476261138916, 0.18411749601364136, 0.18423408269882202, 0.18534161150455475, 0.18332234025001526, 0.18340709805488586, 0.18426750600337982, 0.18449129164218903, 0.182635098695755, 0.1854025423526764, 0.18530650436878204, 0.18426595628261566, 0.18479079008102417, 0.18524198234081268, 0.18255563080310822, 0.18387728929519653, 0.1876235008239746, 0.18812307715415955, 0.18388861417770386, 0.1844024658203125, 0.1838960498571396, 0.18377189338207245, 0.1847173273563385, 0.184120312333107, 0.1853012889623642, 0.1857374608516693, 0.18490652740001678, 0.1875295490026474, 0.18758028745651245, 0.18474683165550232, 0.1870676577091217, 0.18539755046367645, 0.18533380329608917, 0.18866866827011108, 0.18729741871356964, 0.1879616677761078, 0.1899489015340805, 0.18884500861167908, 0.18696963787078857, 0.18802903592586517, 0.18767616152763367, 0.18523575365543365, 0.1889171600341797, 0.18909649550914764, 0.18810933828353882, 0.18750625848770142, 0.18802419304847717, 0.18919222056865692, 0.188622385263443, 0.19083254039287567, 0.19125092029571533, 0.19033436477184296, 0.18796545267105103, 0.18848557770252228, 0.18896934390068054, 0.18841545283794403, 0.1898682713508606, 0.1920979917049408, 0.19035446643829346, 0.19461938738822937, 0.19031593203544617, 0.1894403100013733, 0.1878564953804016, 0.19219624996185303, 0.1942020058631897, 0.19287046790122986, 0.19316525757312775, 0.19214601814746857, 0.19226351380348206, 0.19525004923343658, 0.1906488537788391, 0.1932060271501541, 0.1921600103378296, 0.1940421611070633, 0.1925210803747177, 0.19565968215465546, 0.1923995167016983, 0.1923593133687973, 0.19175079464912415, 0.19484464824199677, 0.19534499943256378, 0.195912167429924, 0.1940816044807434, 0.19461023807525635, 0.19591058790683746, 0.19372886419296265, 0.19673973321914673, 0.1944362223148346, 0.1972997635602951, 0.19639135897159576, 0.19803966581821442, 0.19866357743740082, 0.19839221239089966, 0.19634748995304108, 0.1966189444065094, 0.1961819976568222, 0.1975768804550171, 0.19796106219291687, 0.19757080078125, 0.19793763756752014, 0.1998170018196106, 0.20008443295955658, 0.20227181911468506, 0.19993698596954346, 0.20029544830322266, 0.20395955443382263, 0.20057959854602814, 0.2002149522304535, 0.20076385140419006, 0.20260873436927795, 0.2029438465833664, 0.20339135825634003, 0.20344838500022888, 0.20326896011829376, 0.20336388051509857, 0.20321547985076904, 0.2025754302740097, 0.20526081323623657, 0.2042110413312912, 0.2046593427658081, 0.2040448784828186, 0.20516394078731537, 0.2047751545906067, 0.20416074991226196, 0.20851393043994904, 0.21037845313549042, 0.2065509855747223, 0.20709024369716644, 0.2091788500547409, 0.21058546006679535, 0.21130847930908203, 0.20824216306209564, 0.21013377606868744, 0.2084759920835495, 0.20964404940605164, 0.21105057001113892, 0.21123306453227997, 0.21045298874378204, 0.2139095813035965, 0.21166746318340302, 0.21278399229049683, 0.2106214016675949, 0.21312770247459412, 0.21232804656028748, 0.2111053466796875, 0.2154209315776825, 0.21087174117565155, 0.21452957391738892, 0.21474264562129974, 0.21258197724819183, 0.21596474945545197, 0.21503198146820068, 0