,number,value,datetime_start,datetime_complete,duration,params_batch_size_scaler,params_constant_learning_rate,params_depth,params_epochs,params_kernel_l2,params_num_trees,params_temperature,user_attrs_accuracy_test,user_attrs_accuracy_valid,user_attrs_approximate_feature_sparsity,user_attrs_approximate_feature_sparsity_history,user_attrs_approximate_weight_sparsity,user_attrs_approximate_weight_sparsity_history,user_attrs_auc_test,user_attrs_auc_valid,user_attrs_feature_sparsity,user_attrs_feature_sparsity_history,user_attrs_num_epochs,user_attrs_val_loss_history,user_attrs_weight_sparsity,user_attrs_weight_sparsity_history,state
106,106,0.8325926498434904,2024-08-31 04:46:06.308311,2024-08-31 04:49:00.605245,0 days 00:02:54.296934,4,0.9230653343989477,5,345,0.05866855907407033,31,0.002686735896847317,0.889,0.88625,4,"[33, 33, 29, 7, 5, 5, 5, 5, 5, 5, 4, 4, 4, 4, 4, 4, 4, 4, 4, 4, 4, 4, 4, 4, 4, 4, 4, 4, 4, 4, 4, 4, 4, 4, 4, 4, 4, 4, 4, 4, 4, 4, 4, 4, 4, 4, 4, 4, 4, 4, 4, 4, 4, 4, 4, 4, 4, 4, 4, 4, 4, 4, 4, 4, 4, 4, 4, 4, 4, 4, 4, 4, 4, 4, 4, 4, 4, 4, 4, 4, 4, 4, 4, 4, 4, 4, 4, 4, 4, 4, 4, 4, 4, 4, 4, 4, 4, 4, 4, 4, 4, 4, 4, 4, 4, 4, 4, 4, 4, 4, 4, 4, 4, 4, 4, 4, 4, 4, 4, 4, 4, 4, 4, 4, 4, 4, 4, 4, 4, 4, 4, 4, 4, 4, 4, 4, 4, 4, 4, 4, 4, 4, 4, 4, 4, 4, 4, 4, 4, 4, 4, 4, 4, 4, 4, 4, 4, 4, 4, 4, 4, 4, 4, 4, 4, 4, 4, 4, 4, 4, 4, 4, 4, 4, 4, 4, 4, 4, 4, 4, 4, 4, 4, 4, 4, 4, 4, 4, 4, 4, 4, 4, 4, 4, 4, 4, 4, 4, 4, 4, 4, 4, 4, 4, 4, 4, 4, 4, 4, 4, 4, 4, 4, 4, 4, 4, 4, 4, 4, 4, 4, 4, 4, 4, 4, 4, 4, 4, 4, 4, 4, 4, 4, 4, 4, 4, 4, 4, 4, 4, 4, 4, 4, 4, 4, 4, 4, 4, 4, 4, 4, 4, 4, 4, 4, 4, 4, 4, 4, 4, 4, 4, 4, 4, 4, 4, 4, 4, 4, 4, 4, 4, 4, 4, 4, 4, 4, 4, 4, 4, 4, 4, 4, 4, 4, 4, 4, 4, 4, 4, 4, 4, 4, 4, 4, 4, 4, 4, 4, 4, 4, 4, 4, 4, 4, 4, 4, 4, 4, 4, 4, 4, 4, 4, 4, 4, 4, 4, 4, 4, 4, 4, 4, 4, 4, 4, 4, 4, 4, 4, 4, 4, 4, 4, 4, 4, 4, 4, 4, 4, 4, 4, 4, 4, 4]",3.988553590010406,"[32.94588969823101, 32.9573361082206, 28.969823100936527, 6.990634755463059, 4.990634755463059, 4.9937565036420395, 4.99687825182102, 4.995837669094692, 4.995837669094692, 4.99687825182102, 3.9916753381893857, 3.997918834547346, 3.9979188345473466, 3.9937565036420395, 3.992715920915713, 3.998959417273673, 3.998959417273673, 3.994797086368366, 3.9968782518210197, 3.995837669094693, 3.994797086368366, 3.9968782518210197, 3.9968782518210197, 3.9979188345473466, 3.9947970863683664, 3.9968782518210197, 3.9968782518210197, 3.9968782518210197, 3.995837669094693, 3.9937565036420395, 3.994797086368366, 3.994797086368366, 3.995837669094693, 3.9979188345473466, 3.9968782518210197, 3.998959417273673, 3.9968782518210197, 3.997918834547346, 3.9947970863683664, 3.994797086368366, 3.9968782518210197, 3.995837669094693, 4.0, 3.9968782518210197, 3.994797086368366, 3.9958376690946933, 3.9968782518210197, 3.9958376690946933, 3.995837669094693, 3.998959417273673, 3.998959417273673, 3.994797086368366, 3.997918834547346, 3.994797086368366, 3.9968782518210197, 3.9968782518210197, 3.9968782518210197, 3.998959417273673, 3.9947970863683664, 3.9937565036420395, 3.9968782518210197, 3.9968782518210197, 3.998959417273673, 3.994797086368366, 3.9906347554630592, 3.9937565036420395, 3.9968782518210197, 3.9937565036420395, 3.9947970863683664, 3.991675338189386, 3.9947970863683664, 3.995837669094693, 3.994797086368366, 3.991675338189386, 3.9916753381893857, 3.9947970863683664, 3.995837669094693, 3.9927159209157126, 3.9958376690946933, 3.9947970863683664, 3.987513007284079, 3.9916753381893857, 3.9937565036420395, 3.992715920915713, 3.9906347554630592, 3.9906347554630592, 3.9916753381893857, 3.9937565036420395, 3.9968782518210197, 3.9916753381893857, 3.9968782518210197, 3.997918834547346, 3.994797086368366, 3.9947970863683664, 3.9937565036420395, 3.9968782518210197, 3.9937565036420395, 3.992715920915713, 3.992715920915713, 3.995837669094693, 3.9937565036420395, 3.994797086368366, 3.9947970863683664, 3.995837669094693, 3.9947970863683664, 3.9937565036420395, 3.992715920915713, 3.9927159209157126, 3.994797086368366, 3.995837669094693, 3.995837669094693, 3.992715920915713, 3.9916753381893857, 3.9968782518210197, 3.9927159209157126, 3.992715920915713, 3.9937565036420395, 3.9927159209157126, 3.9937565036420395, 3.9916753381893857, 3.9979188345473466, 3.991675338189386, 3.995837669094693, 3.9937565036420395, 3.994797086368366, 3.994797086368366, 3.9937565036420395, 3.992715920915713, 3.995837669094693, 3.992715920915713, 3.9906347554630592, 3.988553590010406, 3.9937565036420395, 3.9927159209157126, 3.994797086368366, 3.992715920915713, 3.995837669094693, 3.992715920915713, 3.994797086368366, 3.994797086368366, 3.9937565036420395, 3.9937565036420395, 3.991675338189386, 3.988553590010406, 3.9927159209157126, 3.995837669094693, 3.9937565036420395, 3.9968782518210197, 3.9927159209157126, 3.9916753381893857, 3.992715920915713, 3.992715920915713, 3.9937565036420395, 3.991675338189386, 3.992715920915713, 3.9968782518210197, 3.9947970863683664, 3.995837669094693, 3.9947970863683664, 3.9968782518210197, 3.9937565036420395, 3.9906347554630592, 3.994797086368366, 3.995837669094693, 3.9927159209157126, 3.9937565036420395, 3.992715920915713, 3.9916753381893857, 3.9937565036420395, 3.989594172736733, 3.992715920915713, 3.9906347554630592, 3.991675338189386, 3.9906347554630592, 3.988553590010406, 3.9937565036420395, 3.994797086368366, 3.9906347554630592, 3.989594172736733, 3.9916753381893857, 3.991675338189386, 3.995837669094693, 3.9937565036420395, 3.991675338189386, 3.9906347554630592, 3.9906347554630592, 3.9937565036420395, 3.992715920915713, 3.994797086368366, 3.9947970863683664, 3.9854318418314256, 3.9968782518210197, 3.9937565036420395, 3.991675338189386, 3.991675338189386, 3.9916753381893857, 3.9906347554630592, 3.987513007284079, 3.9854318418314256, 3.989594172736733, 3.9885535900104054, 3.991675338189386, 3.9906347554630592, 3.9906347554630592, 3.988553590010406, 3.988553590010406, 3.991675338189386, 3.988553590010406, 3.9937565036420395, 3.991675338189386, 3.987513007284079, 3.9916753381893857, 3.9937565036420395, 3.991675338189386, 3.9916753381893857, 3.988553590010406, 3.9927159209157126, 3.991675338189386, 3.9927159209157126, 3.987513007284079, 3.9937565036420395, 3.995837669094693, 3.9906347554630592, 3.9864724245577525, 3.9916753381893857, 3.9927159209157126, 3.992715920915713, 3.991675338189386, 3.9958376690946933, 3.988553590010406, 3.992715920915713, 3.989594172736733, 3.991675338189386, 3.987513007284079, 3.988553590010406, 3.9927159209157126, 3.991675338189386, 3.9937565036420395, 3.9937565036420395, 3.992715920915713, 3.987513007284079, 3.991675338189386, 3.9906347554630592, 3.992715920915713, 3.994797086368366, 3.991675338189386, 3.994797086368366, 3.9906347554630592, 3.991675338189386, 3.9885535900104054, 3.9906347554630592, 3.9927159209157126, 3.987513007284079, 3.9947970863683664, 3.9906347554630592, 3.988553590010406, 3.9916753381893857, 3.989594172736733, 3.992715920915713, 3.991675338189386, 3.991675338189386, 3.988553590010406, 3.989594172736733, 3.991675338189386, 3.992715920915713, 3.9906347554630592, 3.988553590010406, 3.9916753381893857, 3.989594172736733, 3.991675338189386, 3.9854318418314256, 3.991675338189386, 3.9854318418314256, 3.988553590010406, 3.9895941727367323, 3.989594172736733, 3.9885535900104054, 3.9906347554630592, 3.991675338189386, 3.9854318418314256, 3.9885535900104054, 3.987513007284079, 3.9843912591050987, 3.988553590010406, 3.9895941727367323, 3.9895941727367323, 3.9906347554630592, 3.9916753381893857, 3.989594172736733, 3.9854318418314256, 3.9864724245577525, 3.9916753381893857, 3.9906347554630592, 3.9906347554630592, 3.9854318418314256, 3.988553590010406, 3.988553590010406, 3.989594172736733, 3.988553590010406, 3.989594172736733, 3.989594172736733, 3.9937565036420395, 3.988553590010406, 3.9864724245577525, 3.987513007284079, 3.9864724245577525, 3.9812695109261185, 3.9833506763787723, 3.987513007284079, 3.978147762747138, 3.991675338189386, 3.9771071800208118, 3.9833506763787723, 3.9854318418314256, 3.9843912591050987, 3.9864724245577525, 3.988553590010406, 3.988553590010406, 3.9864724245577525, 3.988553590010406, 3.9823100936524454, 3.9906347554630592, 3.9812695109261185, 3.988553590010406, 3.9812695109261185, 3.9906347554630592, 3.987513007284079, 3.9864724245577525, 3.9854318418314256, 3.979188345473465, 3.988553590010406, 3.9843912591050987, 3.9823100936524454, 3.9854318418314256, 3.987513007284079, 3.9812695109261185, 3.9895941727367323, 3.9854318418314256, 3.9823100936524454, 3.980228928199792, 3.9843912591050987, 3.9843912591050987, 3.987513007284079, 3.9823100936524454, 3.988553590010406]",0.8364913845061469,0.8325926498434904,4,"[33, 33, 29, 7, 5, 5, 5, 5, 5, 5, 4, 4, 4, 4, 4, 4, 4, 4, 4, 4, 4, 4, 4, 4, 4, 4, 4, 4, 4, 4, 4, 4, 4, 4, 4, 4, 4, 4, 4, 4, 4, 4, 4, 4, 4, 4, 4, 4, 4, 4, 4, 4, 4, 4, 4, 4, 4, 4, 4, 4, 4, 4, 4, 4, 4, 4, 4, 4, 4, 4, 4, 4, 4, 4, 4, 4, 4, 4, 4, 4, 4, 4, 4, 4, 4, 4, 4, 4, 4, 4, 4, 4, 4, 4, 4, 4, 4, 4, 4, 4, 4, 4, 4, 4, 4, 4, 4, 4, 4, 4, 4, 4, 4, 4, 4, 4, 4, 4, 4, 4, 4, 4, 4, 4, 4, 4, 4, 4, 4, 4, 4, 4, 4, 4, 4, 4, 4, 4, 4, 4, 4, 4, 4, 4, 4, 4, 4, 4, 4, 4, 4, 4, 4, 4, 4, 4, 4, 4, 4, 4, 4, 4, 4, 4, 4, 4, 4, 4, 4, 4, 4, 4, 4, 4, 4, 4, 4, 4, 4, 4, 4, 4, 4, 4, 4, 4, 4, 4, 4, 4, 4, 4, 4, 4, 4, 4, 4, 4, 4, 4, 4, 4, 4, 4, 4, 4, 4, 4, 4, 4, 4, 4, 4, 4, 4, 4, 4, 4, 4, 4, 4, 4, 4, 4, 4, 4, 4, 4, 4, 4, 4, 4, 4, 4, 4, 4, 4, 4, 4, 4, 4, 4, 4, 4, 4, 4, 4, 4, 4, 4, 4, 4, 4, 4, 4, 4, 4, 4, 4, 4, 4, 4, 4, 4, 4, 4, 4, 4, 4, 4, 4, 4, 4, 4, 4, 4, 4, 4, 4, 4, 4, 4, 4, 4, 4, 4, 4, 4, 4, 4, 4, 4, 4, 4, 4, 4, 4, 4, 4, 4, 4, 4, 4, 4, 4, 4, 4, 4, 4, 4, 4, 4, 4, 4, 4, 4, 4, 4, 4, 4, 4, 4, 4, 4, 4, 4, 4, 4, 4, 4, 4, 4, 4, 4, 4, 4, 4, 4, 4, 4, 4, 4, 4, 4, 4]",345,"[0.3724135458469391, 0.35970550775527954, 0.34354496002197266, 0.3453195095062256, 0.3488759994506836, 0.3468513786792755, 0.33727607131004333, 0.332341730594635, 0.32867535948753357, 0.3256807029247284, 0.32666680216789246, 0.32197272777557373, 0.32240229845046997, 0.31837308406829834, 0.3165505826473236, 0.31571725010871887, 0.31588780879974365, 0.31263136863708496, 0.3111993074417114, 0.3132813572883606, 0.3118550777435303, 0.30890631675720215, 0.3085142970085144, 0.3130009174346924, 0.3071739375591278, 0.30842703580856323, 0.3060457110404968, 0.30544671416282654, 0.3047943413257599, 0.304322749376297, 0.3042932152748108, 0.30481457710266113, 0.3056201636791229, 0.3045557141304016, 0.3022061586380005, 0.30194291472435, 0.3038426637649536, 0.30113571882247925, 0.30281463265419006, 0.30037856101989746, 0.29954075813293457, 0.3015097677707672, 0.3008681535720825, 0.3004048764705658, 0.2995815575122833, 0.2984083294868469, 0.29844096302986145, 0.2981293201446533, 0.2973312437534332, 0.29743286967277527, 0.29841849207878113, 0.2973567247390747, 0.29691755771636963, 0.2966820001602173, 0.299101859331131, 0.29694488644599915, 0.29613885283470154, 0.2982162833213806, 0.2974095940589905, 0.2960779070854187, 0.2976023256778717, 0.29862162470817566, 0.2976580858230591, 0.29828938841819763, 0.29565998911857605, 0.2959544062614441, 0.2968485355377197, 0.2959286570549011, 0.30021733045578003, 0.29536017775535583, 0.2988085448741913, 0.297385573387146, 0.2956300377845764, 0.2948839068412781, 0.2982158362865448, 0.3027350902557373, 0.29451462626457214, 0.29947879910469055, 0.2955726981163025, 0.29781800508499146, 0.296417236328125, 0.29413461685180664, 0.2956558167934418, 0.29465460777282715, 0.29656320810317993, 0.2958134710788727, 0.2954995930194855, 0.29472851753234863, 0.2943025231361389, 0.2950247824192047, 0.29542484879493713, 0.29493579268455505, 0.29494979977607727, 0.29465925693511963, 0.2944677174091339, 0.2939172387123108, 0.2944539189338684, 0.29416319727897644, 0.2945680618286133, 0.29340025782585144, 0.2942585051059723, 0.2938474118709564, 0.2984056770801544, 0.2945931553840637, 0.2935572862625122, 0.2971643805503845, 0.2962174415588379, 0.29441508650779724, 0.2970966696739197, 0.29691025614738464, 0.2946990728378296, 0.301830917596817, 0.29314568638801575, 0.29323720932006836, 0.2962147295475006, 0.29376962780952454, 0.29360973834991455, 0.2937639355659485, 0.29455289244651794, 0.2933330833911896, 0.2949945330619812, 0.2947082817554474, 0.2951466143131256, 0.2936466634273529, 0.2931936979293823, 0.29330798983573914, 0.2935715913772583, 0.29330670833587646, 0.2945016026496887, 0.2956083416938782, 0.2936152517795563, 0.295379102230072, 0.29336798191070557, 0.29462307691574097, 0.2951079308986664, 0.2949003279209137, 0.29327040910720825, 0.29415786266326904, 0.29462292790412903, 0.29292213916778564, 0.29544392228126526, 0.2931774854660034, 0.2944408357143402, 0.29312577843666077, 0.29331350326538086, 0.29478919506073, 0.29565897583961487, 0.2938132584095001, 0.29411089420318604, 0.2932441830635071, 0.2943345308303833, 0.29324010014533997, 0.29412803053855896, 0.2943588197231293, 0.2944158911705017, 0.2927245497703552, 0.2929534316062927, 0.29496651887893677, 0.2935223877429962, 0.2931221127510071, 0.2956358790397644, 0.29353541135787964, 0.2955600619316101, 0.29480379819869995, 0.29564934968948364, 0.29294586181640625, 0.29306358098983765, 0.294170618057251, 0.29444706439971924, 0.29238635301589966, 0.2933989465236664, 0.2938358187675476, 0.29319363832473755, 0.2950873374938965, 0.2930298149585724, 0.2936318516731262, 0.29592618346214294, 0.2940860688686371, 0.2940186560153961, 0.2947694659233093, 0.293475478887558, 0.29275834560394287, 0.29418811202049255, 0.29254692792892456, 0.2926092743873596, 0.29214441776275635, 0.2933991551399231, 0.29485630989074707, 0.29419589042663574, 0.2938286364078522, 0.29356804490089417, 0.29637736082077026, 0.29378798604011536, 0.2928171455860138, 0.2928367853164673, 0.29272449016571045, 0.2930469214916229, 0.2931426465511322, 0.2951207756996155, 0.2938539981842041, 0.3051404058933258, 0.29263103008270264, 0.2939341962337494, 0.29304400086402893, 0.29502230882644653, 0.2952067255973816, 0.2938787341117859, 0.2952843904495239, 0.29287418723106384, 0.29219040274620056, 0.293425977230072, 0.2931877374649048, 0.29262009263038635, 0.29366764426231384, 0.29242825508117676, 0.29338064789772034, 0.2970449924468994, 0.29362061619758606, 0.29328587651252747, 0.2947215735912323, 0.293244332075119, 0.2924560606479645, 0.2943290174007416, 0.2931833267211914, 0.2931686341762543, 0.2994779348373413, 0.2944047451019287, 0.2923520803451538, 0.297692209482193, 0.29206541180610657, 0.2920701801776886, 0.2932834029197693, 0.2952505648136139, 0.29340389370918274, 0.2949638366699219, 0.29226234555244446, 0.29227519035339355, 0.29206016659736633, 0.2918500602245331, 0.2922612130641937, 0.29434096813201904, 0.2938607931137085, 0.2964795231819153, 0.3086398243904114, 0.3074168562889099, 0.2923429012298584, 0.29625073075294495, 0.29345569014549255, 0.29307499527931213, 0.2924047112464905, 0.29309171438217163, 0.29824554920196533, 0.29459911584854126, 0.2939744293689728, 0.2938804030418396, 0.29356253147125244, 0.29722321033477783, 0.2940255403518677, 0.29366108775138855, 0.29351863265037537, 0.2926148474216461, 0.2943725883960724, 0.2954481542110443, 0.2916671633720398, 0.2929854393005371, 0.2985643148422241, 0.29458463191986084, 0.29469624161720276, 0.2939729392528534, 0.29294440150260925, 0.2932513654232025, 0.2996675372123718, 0.2923765480518341, 0.29370155930519104, 0.292815625667572, 0.2921617031097412, 0.2918708324432373, 0.2931731939315796, 0.29424354434013367, 0.29216468334198, 0.29365625977516174, 0.29265066981315613, 0.2923811674118042, 0.2918916940689087, 0.293519526720047, 0.2965151071548462, 0.29381462931632996, 0.2927964925765991, 0.2932252883911133, 0.29201993346214294, 0.2927245795726776, 0.3006950914859772, 0.29223209619522095, 0.2917752265930176, 0.2918345332145691, 0.2921990156173706, 0.2924937903881073, 0.29265084862709045, 0.29199010133743286, 0.2927108705043793, 0.29701387882232666, 0.29537713527679443, 0.2923387289047241, 0.29165980219841003, 0.3035716712474823, 0.2931734025478363, 0.29414868354797363, 0.29182156920433044, 0.2935241162776947, 0.29195210337638855, 0.2912255525588989, 0.29285046458244324, 0.2917579412460327, 0.29324784874916077, 0.29713478684425354, 0.2917788028717041, 0.29325544834136963, 0.29169392585754395, 0.29162687063217163, 0.2922624349594116, 0.29665407538414, 0.29475298523902893, 0.2914210557937622, 0.2960244119167328, 0.29225221276283264, 0.29883116483688354, 0.2920140326023102, 0.29750820994377136, 0.29179972410202026, 0.29411664605140686, 0.2938598692417145, 0.2924123704433441, 0.2939402461051941, 0.29212668538093567, 0.293607622385025, 0.29307204484939575, 0.293613076210022, 0.2930808365345001, 0.29499003291130066, 0.2918529808521271, 0.29444798827171326, 0.2959146499633789, 0.29208889603614807, 0.29381266236305237, 0.292268306016922]",4.0,"[33.0, 33.0, 29.0, 7.0, 5.0, 5.0, 5.0, 5.0, 5.0, 5.0, 4.0, 4.0, 4.0, 4.0, 4.0, 4.0, 4.0, 4.0, 4.0, 4.0, 4.0, 4.0, 4.0, 4.0, 4.0, 4.0, 4.0, 4.0, 4.0, 4.0, 4.0, 4.0, 4.0, 4.0, 4.0, 4.0, 4.0, 4.0, 4.0, 4.0, 4.0, 4.0, 4.0, 4.0, 4.0, 4.0, 4.0, 4.0, 4.0, 4.0, 4.0, 4.0, 4.0, 4.0, 4.0, 4.0, 4.0, 4.0, 4.0, 4.0, 4.0, 4.0, 4.0, 4.0, 4.0, 4.0, 4.0, 4.0, 4.0, 4.0, 4.0, 4.0, 4.0, 4.0, 4.0, 4.0, 4.0, 4.0, 4.0, 4.0, 4.0, 4.0, 4.0, 4.0, 4.0, 4.0, 4.0, 4.0, 4.0, 4.0, 4.0, 4.0, 4.0, 4.0, 4.0, 4.0, 4.0, 4.0, 4.0, 4.0, 4.0, 4.0, 4.0, 4.0, 4.0, 4.0, 4.0, 4.0, 4.0, 4.0, 4.0, 4.0, 4.0, 4.0, 4.0, 4.0, 4.0, 4.0, 4.0, 4.0, 4.0, 4.0, 4.0, 4.0, 4.0, 4.0, 4.0, 4.0, 4.0, 4.0, 4.0, 4.0, 4.0, 4.0, 4.0, 4.0, 4.0, 4.0, 4.0, 4.0, 4.0, 4.0, 4.0, 4.0, 4.0, 4.0, 4.0, 4.0, 4.0, 4.0, 4.0, 4.0, 4.0, 4.0, 4.0, 4.0, 4.0, 4.0, 4.0, 4.0, 4.0, 4.0, 4.0, 4.0, 4.0, 4.0, 4.0, 4.0, 4.0, 4.0, 4.0, 4.0, 4.0, 4.0, 4.0, 4.0, 4.0, 4.0, 4.0, 4.0, 4.0, 4.0, 4.0, 4.0, 4.0, 4.0, 4.0, 4.0, 4.0, 4.0, 4.0, 4.0, 4.0, 4.0, 4.0, 4.0, 4.0, 4.0, 4.0, 4.0, 4.0, 4.0, 4.0, 4.0, 4.0, 4.0, 4.0, 4.0, 4.0, 4.0, 4.0, 4.0, 4.0, 4.0, 4.0, 4.0, 4.0, 4.0, 4.0, 4.0, 4.0, 4.0, 4.0, 4.0, 4.0, 4.0, 4.0, 4.0, 4.0, 4.0, 4.0, 4.0, 4.0, 4.0, 4.0, 4.0, 4.0, 4.0, 4.0, 4.0, 4.0, 4.0, 4.0, 4.0, 4.0, 4.0, 4.0, 4.0, 4.0, 4.0, 4.0, 4.0, 4.0, 4.0, 4.0, 4.0, 4.0, 4.0, 4.0, 4.0, 4.0, 4.0, 4.0, 4.0, 4.0, 4.0, 4.0, 4.0, 4.0, 4.0, 4.0, 4.0, 4.0, 4.0, 4.0, 4.0, 4.0, 4.0, 4.0, 4.0, 4.0, 4.0, 4.0, 4.0, 4.0, 4.0, 4.0, 4.0, 4.0, 4.0, 4.0, 4.0, 4.0, 4.0, 4.0, 4.0, 4.0, 4.0, 4.0, 4.0, 4.0, 4.0, 4.0, 4.0, 4.0, 4.0, 4.0, 4.0, 4.0, 4.0, 4.0, 4.0, 4.0, 4.0, 4.0, 4.0, 4.0, 4.0, 4.0, 4.0, 4.0, 4.0, 4.0, 4.0, 4.0, 4.0, 4.0, 4.0, 4.0, 4.0, 4.0, 4.0, 4.0, 4.0, 4.0, 4.0, 4.0, 4.0, 4.0, 4.0, 4.0, 4.0, 4.0, 4.0, 4.0]",COMPLETE
