,number,value,datetime_start,datetime_complete,duration,params_batch_size_scaler,params_constant_learning_rate,params_depth,params_epochs,params_kernel_l2,params_num_trees,params_temperature,user_attrs_accuracy_test,user_attrs_accuracy_valid,user_attrs_approximate_feature_sparsity,user_attrs_approximate_feature_sparsity_history,user_attrs_approximate_weight_sparsity,user_attrs_approximate_weight_sparsity_history,user_attrs_auc_test,user_attrs_auc_valid,user_attrs_feature_sparsity,user_attrs_feature_sparsity_history,user_attrs_num_epochs,user_attrs_val_loss_history,user_attrs_weight_sparsity,user_attrs_weight_sparsity_history,state
165,165,0.9411832901804692,2024-08-31 07:44:07.314592,2024-08-31 07:44:36.088395,0 days 00:00:28.773803,4,0.7761450654698024,2,175,0.05158923800550722,87,0.0004671567493072935,0.875,0.875,16,"[33, 33, 33, 33, 33, 33, 33, 33, 33, 33, 33, 33, 32, 27, 26, 24, 23, 23, 23, 21, 21, 21, 21, 19, 19, 19, 19, 19, 18, 18, 18, 18, 18, 18, 18, 18, 18, 17, 17, 17, 17, 17, 17, 17, 17, 17, 17, 17, 17, 17, 17, 16, 16, 16, 16, 16, 16, 16, 16, 16, 16, 16, 16, 16, 16, 16, 16, 16, 16, 16, 16, 16, 16, 16, 16, 16, 16, 16, 16, 16, 16, 16, 16, 16, 16, 16, 16, 16, 16, 16, 16, 16, 16, 16, 16, 16, 16, 16, 16, 16, 16, 16, 16, 16, 16, 16, 16, 16, 16, 16, 16, 16, 16, 16, 16, 16, 16, 16, 16, 16, 16, 16, 16, 16, 16, 16, 16, 16, 16, 16, 16, 16, 16, 16, 16, 16, 16, 16, 16, 16, 16, 16, 16, 16, 16, 16, 16, 16, 16, 16, 16, 16, 16, 16, 16, 16, 16, 16, 16, 16, 16, 16, 16, 16, 16, 16, 16, 16, 16, 16, 16, 16, 16, 16, 16]",15.942528735632184,"[32.980842911877396, 32.980842911877396, 32.97318007662835, 32.97701149425287, 32.96934865900383, 32.99233716475096, 32.98084291187739, 32.96168582375479, 32.984674329501914, 32.984674329501914, 32.96168582375479, 32.980842911877396, 31.992337164750957, 26.984674329501914, 25.992337164750957, 23.988505747126435, 22.992337164750957, 22.984674329501914, 22.992337164750957, 20.988505747126435, 20.980842911877392, 20.980842911877392, 20.969348659003828, 18.988505747126435, 18.977011494252874, 18.988505747126435, 18.988505747126435, 18.988505747126435, 17.980842911877392, 17.988505747126435, 17.988505747126435, 17.988505747126435, 17.988505747126435, 17.988505747126435, 17.973180076628353, 17.99616858237548, 17.988505747126435, 16.977011494252874, 16.988505747126435, 16.980842911877392, 16.984674329501914, 16.973180076628353, 16.992337164750957, 16.992337164750957, 16.988505747126435, 16.992337164750957, 16.992337164750957, 16.980842911877396, 16.980842911877392, 16.992337164750957, 16.97701149425287, 15.984674329501916, 15.980842911877396, 15.992337164750957, 15.988505747126435, 15.988505747126435, 15.977011494252872, 15.992337164750957, 15.980842911877396, 15.980842911877394, 16.0, 15.996168582375478, 15.996168582375478, 15.996168582375478, 15.973180076628353, 15.992337164750957, 15.984674329501916, 15.992337164750957, 15.984674329501914, 15.988505747126435, 15.980842911877394, 15.988505747126437, 15.980842911877394, 15.988505747126435, 16.0, 15.988505747126435, 15.973180076628353, 15.988505747126435, 15.984674329501914, 15.977011494252872, 15.988505747126435, 15.988505747126435, 15.984674329501914, 15.980842911877394, 15.96551724137931, 16.0, 15.980842911877394, 15.973180076628353, 15.977011494252872, 15.977011494252874, 15.973180076628353, 15.96934865900383, 15.988505747126437, 15.973180076628353, 15.980842911877392, 15.96168582375479, 15.977011494252872, 15.973180076628353, 15.969348659003833, 15.980842911877392, 15.977011494252872, 15.96551724137931, 15.969348659003831, 15.977011494252872, 15.973180076628351, 15.977011494252872, 15.96168582375479, 15.973180076628353, 15.965517241379311, 15.977011494252872, 15.973180076628353, 15.96168582375479, 15.988505747126437, 15.969348659003831, 15.980842911877394, 15.977011494252872, 15.957854406130267, 15.969348659003833, 15.961685823754788, 15.957854406130267, 15.969348659003831, 15.969348659003833, 15.973180076628351, 15.969348659003831, 15.957854406130268, 15.96168582375479, 15.938697318007662, 15.946360153256704, 15.965517241379311, 15.957854406130268, 15.965517241379311, 15.96168582375479, 15.973180076628353, 15.965517241379311, 15.954022988505747, 15.942528735632182, 15.961685823754788, 15.961685823754788, 15.957854406130267, 15.961685823754788, 15.957854406130267, 15.96551724137931, 15.96551724137931, 15.977011494252872, 15.988505747126435, 15.961685823754788, 15.973180076628351, 15.973180076628353, 15.950191570881225, 15.96168582375479, 15.957854406130268, 15.965517241379311, 15.950191570881225, 15.954022988505747, 15.954022988505745, 15.954022988505745, 15.93103448275862, 15.957854406130267, 15.942528735632184, 15.977011494252872, 15.942528735632182, 15.961685823754788, 15.93103448275862, 15.954022988505745, 15.942528735632182, 15.946360153256704, 15.93486590038314, 15.950191570881225, 15.946360153256705, 15.942528735632182, 15.954022988505747, 15.954022988505745, 15.961685823754788, 15.961685823754788, 15.942528735632184]",0.9329337263352571,0.9411832901804692,16,"[33, 33, 33, 33, 33, 33, 33, 33, 33, 33, 33, 33, 32, 27, 26, 24, 23, 23, 23, 21, 21, 21, 21, 19, 19, 19, 19, 19, 18, 18, 18, 18, 18, 18, 18, 18, 18, 17, 17, 17, 17, 17, 17, 17, 17, 17, 17, 17, 17, 17, 17, 16, 16, 16, 16, 16, 16, 16, 16, 16, 16, 16, 16, 16, 16, 16, 16, 16, 16, 16, 16, 16, 16, 16, 16, 16, 16, 16, 16, 16, 16, 16, 16, 16, 16, 16, 16, 16, 16, 16, 16, 16, 16, 16, 16, 16, 16, 16, 16, 16, 16, 16, 16, 16, 16, 16, 16, 16, 16, 16, 16, 16, 16, 16, 16, 16, 16, 16, 16, 16, 16, 16, 16, 16, 16, 16, 16, 16, 16, 16, 16, 16, 16, 16, 16, 16, 16, 16, 16, 16, 16, 16, 16, 16, 16, 16, 16, 16, 16, 16, 16, 16, 16, 16, 16, 16, 16, 16, 16, 16, 16, 16, 16, 16, 16, 16, 16, 16, 16, 16, 16, 16, 16, 16, 16]",175,"[0.6420151591300964, 0.5336329936981201, 0.37024569511413574, 1.7279375791549683, 0.5598409175872803, 0.307271271944046, 0.2820225954055786, 0.39357298612594604, 0.29143545031547546, 0.24853521585464478, 0.43725600838661194, 0.8333377242088318, 0.2292345017194748, 0.2361621856689453, 0.23200225830078125, 0.23468583822250366, 0.25900354981422424, 0.4105794429779053, 0.2944335639476776, 0.2239082008600235, 0.2021026462316513, 0.2118142545223236, 0.4360899329185486, 0.2542603611946106, 0.2453644573688507, 0.23747500777244568, 0.21829958260059357, 0.229230135679245, 0.23266282677650452, 0.24378947913646698, 0.2914212942123413, 0.6818822622299194, 0.22340303659439087, 0.22039319574832916, 0.21939392387866974, 0.2306145280599594, 0.2649250328540802, 0.247343048453331, 0.2167235016822815, 1.0550907850265503, 0.21279458701610565, 0.21875347197055817, 0.2896149456501007, 0.23211242258548737, 0.3732483386993408, 0.22612442076206207, 0.2549866735935211, 0.20438134670257568, 0.23289455473423004, 0.2492830902338028, 0.37074416875839233, 0.22082644701004028, 0.23931659758090973, 0.24626275897026062, 0.20720578730106354, 0.2014245092868805, 0.3619518280029297, 0.23458397388458252, 0.2297656238079071, 0.2533814013004303, 0.2019544541835785, 0.20099619030952454, 0.19603082537651062, 0.20106913149356842, 0.23160198330879211, 0.2083864063024521, 0.27839726209640503, 0.2166176438331604, 0.2142406851053238, 0.24115128815174103, 0.2457076460123062, 0.22426088154315948, 0.2040649652481079, 0.29172199964523315, 0.23094767332077026, 0.1902882158756256, 0.19764333963394165, 0.28150853514671326, 0.19728320837020874, 0.19300711154937744, 0.1970009058713913, 0.20820045471191406, 0.19661308825016022, 0.27255940437316895, 0.28371062874794006, 0.2139517366886139, 0.20981377363204956, 0.2379276603460312, 0.19527128338813782, 0.19390039145946503, 0.21201834082603455, 0.23182033002376556, 0.2626113295555115, 0.19308245182037354, 0.20251144468784332, 0.21327340602874756, 0.2582266926765442, 0.24236780405044556, 0.2084331065416336, 0.19987085461616516, 0.19070890545845032, 0.2890531122684479, 0.20384745299816132, 0.19436851143836975, 0.24980276823043823, 0.30302703380584717, 0.24738183617591858, 0.2635699212551117, 0.21863992512226105, 0.2141595333814621, 0.21351391077041626, 0.1936299204826355, 0.19719892740249634, 0.1961536854505539, 0.1852598637342453, 0.22312581539154053, 0.18298250436782837, 0.22854405641555786, 0.20627287030220032, 0.1851685643196106, 0.20786449313163757, 0.608717679977417, 0.21166908740997314, 0.2423834353685379, 0.36554989218711853, 0.36623096466064453, 0.18544331192970276, 0.2375636249780655, 0.22963155806064606, 0.1906232237815857, 0.22578905522823334, 0.1928943246603012, 0.6882168054580688, 0.22473253309726715, 0.27425438165664673, 0.18807506561279297, 0.18426479399204254, 0.19437216222286224, 0.3625132739543915, 0.2216307520866394, 0.19506944715976715, 0.19244806468486786, 0.2138991802930832, 0.19077089428901672, 0.20637920498847961, 0.20483693480491638, 0.1929023712873459, 0.20963804423809052, 0.2637721300125122, 0.21415594220161438, 0.2555682957172394, 0.1958300769329071, 0.23555946350097656, 0.250588595867157, 0.19790107011795044, 0.22969898581504822, 0.20520412921905518, 0.20554673671722412, 0.2015671581029892, 0.23480583727359772, 0.20177143812179565, 0.27050668001174927, 0.21182270348072052, 0.18932022154331207, 0.19748666882514954, 0.19144822657108307, 0.20055419206619263, 0.26211684942245483, 0.2081335484981537, 0.22980426251888275, 0.20929008722305298, 0.1933336704969406, 0.25226280093193054, 0.20678430795669556, 0.7723513245582581]",16.0,"[33.0, 33.0, 33.0, 33.0, 33.0, 33.0, 33.0, 33.0, 33.0, 33.0, 33.0, 33.0, 32.0, 27.0, 26.0, 24.0, 23.0, 23.0, 23.0, 21.0, 21.0, 21.0, 21.0, 19.0, 19.0, 19.0, 19.0, 19.0, 18.0, 18.0, 18.0, 18.0, 18.0, 18.0, 18.0, 18.0, 18.0, 17.0, 17.0, 17.0, 17.0, 17.0, 17.0, 17.0, 17.0, 17.0, 17.0, 17.0, 17.0, 17.0, 17.0, 16.0, 16.0, 16.0, 16.0, 16.0, 16.0, 16.0, 16.0, 16.0, 16.0, 16.0, 16.0, 16.0, 16.0, 16.0, 16.0, 16.0, 16.0, 16.0, 16.0, 16.0, 16.0, 16.0, 16.0, 16.0, 16.0, 16.0, 16.0, 16.0, 16.0, 16.0, 16.0, 16.0, 16.0, 16.0, 16.0, 16.0, 16.0, 16.0, 16.0, 16.0, 16.0, 16.0, 16.0, 16.0, 16.0, 16.0, 16.0, 16.0, 16.0, 16.0, 16.0, 16.0, 16.0, 16.0, 16.0, 16.0, 16.0, 16.0, 16.0, 16.0, 16.0, 16.0, 16.0, 16.0, 16.0, 16.0, 16.0, 16.0, 16.0, 16.0, 16.0, 16.0, 16.0, 16.0, 16.0, 16.0, 16.0, 16.0, 16.0, 16.0, 16.0, 16.0, 16.0, 16.0, 16.0, 16.0, 16.0, 16.0, 16.0, 16.0, 16.0, 16.0, 16.0, 16.0, 16.0, 16.0, 16.0, 16.0, 16.0, 16.0, 16.0, 16.0, 16.0, 16.0, 16.0, 16.0, 16.0, 16.0, 16.0, 16.0, 16.0, 16.0, 16.0, 16.0, 16.0, 16.0, 16.0, 16.0, 16.0, 16.0, 16.0, 16.0, 16.0]",COMPLETE
166,166,0.6947095876647216,2024-08-31 07:44:39.042521,2024-08-31 07:44:43.453074,0 days 00:00:04.410553,16,0.026941999102069954,2,25,0.029722578090917783,92,0.009029080647187668,0.86,0.85875,33,"[33, 33, 33, 33, 33, 33, 33, 33, 33, 33, 33, 33, 33, 33, 33, 33, 33, 33, 33, 33, 33, 33, 33, 33, 33]",32.98550724637681,"[32.98550724637681, 32.981884057971016, 32.971014492753625, 32.97826086956522, 32.98913043478261, 32.9963768115942, 32.992753623188406, 32.981884057971016, 32.97463768115942, 32.96739130434783, 32.981884057971016, 32.96739130434783, 32.96376811594203, 32.971014492753625, 32.960144927536234, 32.96376811594203, 32.971014492753625, 32.96376811594203, 32.97826086956522, 32.98913043478261, 32.98550724637681, 32.98550724637681, 32.98913043478261, 32.981884057971016, 32.98550724637681]",0.7204897662629315,0.6947095876647216,33,"[33, 33, 33, 33, 33, 33, 33, 33, 33, 33, 33, 33, 33, 33, 33, 33, 33, 33, 33, 33, 33, 33, 33, 33, 33]",25,"[0.41863468289375305, 0.4136505126953125, 0.4106069505214691, 0.40768787264823914, 0.4051046669483185, 0.40254509449005127, 0.40034401416778564, 0.3983311057090759, 0.39651355147361755, 0.3946930766105652, 0.3931652903556824, 0.3917914927005768, 0.39034581184387207, 0.3892280161380768, 0.38786396384239197, 0.3875485956668854, 0.38581275939941406, 0.38472044467926025, 0.38384056091308594, 0.3829716145992279, 0.3822040557861328, 0.3813167214393616, 0.3806585371494293, 0.3798447847366333, 0.3792395293712616]",33.0,"[33.0, 33.0, 33.0, 33.0, 33.0, 33.0, 33.0, 33.0, 33.0, 33.0, 33.0, 33.0, 33.0, 33.0, 33.0, 33.0, 33.0, 33.0, 33.0, 33.0, 33.0, 33.0, 33.0, 33.0, 33.0]",COMPLETE
167,167,0.6867810539604023,2024-08-31 07:44:46.343470,2024-08-31 07:45:17.585944,0 days 00:00:31.242474,64,0.693564729476082,6,40,0.01226864870088094,21,0.0068759621252755514,0.859,0.85875,2,"[33, 33, 33, 33, 33, 33, 33, 33, 33, 33, 33, 33, 33, 33, 33, 33, 33, 33, 33, 33, 33, 31, 24, 13, 7, 6, 5, 5, 4, 3, 3, 3, 2, 2, 2, 2, 2, 2, 2, 2]",1.99848828420257,"[32.950113378684804, 32.95086923658352, 32.94860166288738, 32.94784580498867, 32.94255479969765, 32.9395313681028, 32.94784580498867, 32.94860166288738, 32.94708994708995, 32.952380952380956, 32.95313681027967, 32.94406651549509, 32.944822373393805, 32.94406651549509, 32.94784580498866, 32.95389266817838, 32.952380952380956, 32.96069538926682, 32.94860166288738, 32.95389266817838, 32.95842781557067, 30.95540438397581, 23.96220710506425, 12.983371126228269, 6.98941798941799, 5.99395313681028, 4.994708994708995, 4.99244142101285, 3.99848828420257, 2.99697656840514, 2.99546485260771, 2.996220710506425, 1.997732426303855, 1.99697656840514, 1.999244142101285, 1.99848828420257, 1.99697656840514, 1.997732426303855, 1.997732426303855, 1.99848828420257]",0.7347732395412777,0.6867810539604023,2,"[33, 33, 33, 33, 33, 33, 33, 33, 33, 33, 33, 33, 33, 33, 33, 33, 33, 33, 33, 33, 33, 31, 24, 13, 7, 6, 5, 5, 4, 3, 3, 3, 2, 2, 2, 2, 2, 2, 2, 2]",40,"[0.47125494480133057, 0.42222222685813904, 0.4047366976737976, 0.3960937261581421, 0.3911014795303345, 0.3871879577636719, 0.38462743163108826, 0.3821111023426056, 0.3802487850189209, 0.37859076261520386, 0.3773247003555298, 0.3759966194629669, 0.37497326731681824, 0.3736279010772705, 0.37302926182746887, 0.3719000220298767, 0.3706873953342438, 0.36946624517440796, 0.3688194751739502, 0.367838054895401, 0.36731159687042236, 0.36623072624206543, 0.3683430552482605, 0.37299007177352905, 0.3784593641757965, 0.3773325979709625, 0.37617018818855286, 0.37558218836784363, 0.3789046108722687, 0.3801162838935852, 0.3798486292362213, 0.37953585386276245, 0.3846655786037445, 0.3839412033557892, 0.38334956765174866, 0.3828562796115875, 0.3824577033519745, 0.38204747438430786, 0.38170164823532104, 0.38133057951927185]",2.0,"[33.0, 33.0, 33.0, 33.0, 33.0, 33.0, 33.0, 33.0, 33.0, 33.0, 33.0, 33.0, 33.0, 33.0, 33.0, 33.0, 33.0, 33.0, 33.0, 33.0, 33.0, 31.0, 24.0, 13.0, 7.0, 6.0, 5.0, 5.0, 4.0, 3.0, 3.0, 3.0, 2.0, 2.0, 2.0, 2.0, 2.0, 2.0, 2.0, 2.0]",COMPLETE
