,number,value,datetime_start,datetime_complete,duration,params_batch_size_scaler,params_constant_learning_rate,params_depth,params_epochs,params_kernel_l2,params_num_trees,params_temperature,user_attrs_accuracy_test,user_attrs_accuracy_valid,user_attrs_approximate_feature_sparsity,user_attrs_approximate_feature_sparsity_history,user_attrs_approximate_weight_sparsity,user_attrs_approximate_weight_sparsity_history,user_attrs_auc_test,user_attrs_auc_valid,user_attrs_feature_sparsity,user_attrs_feature_sparsity_history,user_attrs_num_epochs,user_attrs_val_loss_history,user_attrs_weight_sparsity,user_attrs_weight_sparsity_history,state
34,34,0.9031958882405224,2024-08-31 01:56:35.618352,2024-08-31 01:59:42.230022,0 days 00:03:06.611670,4,0.014201687009174313,3,495,0.6867868269708968,56,0.0002599191299420903,0.898,0.895,33,"[33, 33, 33, 33, 33, 33, 33, 33, 33, 33, 33, 33, 33, 33, 33, 33, 33, 33, 33, 33, 33, 33, 33, 33, 33, 33, 33, 33, 33, 33, 33, 33, 33, 33, 33, 33, 33, 33, 33, 33, 33, 33, 33, 33, 33, 33, 33, 33, 33, 33, 33, 33, 33, 33, 33, 33, 33, 33, 33, 33, 33, 33, 33, 33, 33, 33, 33, 33, 33, 33, 33, 33, 33, 33, 33, 33, 33, 33, 33, 33, 33, 33, 33, 33, 33, 33, 33, 33, 33, 33, 33, 33, 33, 33, 33, 33, 33, 33, 33, 33, 33, 33, 33, 33, 33, 33, 33, 33, 33, 33, 33, 33, 33, 33, 33, 33, 33, 33, 33, 33, 33, 33, 33, 33, 33, 33, 33, 33, 33, 33, 33, 33, 33, 33, 33, 33, 33, 33, 33, 33, 33, 33, 33, 33, 33, 33, 33, 33, 33, 33, 33, 33, 33, 33, 33, 33, 33, 33, 33, 33, 33, 33, 33, 33, 33, 33, 33, 33, 33, 33, 33, 33, 33, 33, 33, 33, 33, 33, 33, 33, 33, 33, 33, 33, 33, 33, 33, 33, 33, 33, 33, 33, 33, 33, 33, 33, 33, 33, 33, 33, 33, 33, 33, 33, 33, 33, 33, 33, 33, 33, 33, 33, 33, 33, 33, 33, 33, 33, 33, 33, 33, 33, 33, 33, 33, 33, 33, 33, 33, 33, 33, 33, 33, 33, 33, 33, 33, 33, 33, 33, 33, 33, 33, 33, 33, 33, 33, 33, 33, 33, 33, 33, 33, 33, 33, 33, 33, 33, 33, 33, 33, 33, 33, 33, 33, 33, 33, 33, 33, 33, 33, 33, 33, 33, 33, 33, 33, 33, 33, 33, 33, 33, 33, 33, 33, 33, 33, 33, 33, 33, 33, 33, 33, 33, 33, 33, 33, 33, 33, 33, 33, 33, 33, 33, 33, 33, 33, 33, 33, 33, 33, 33, 33, 33, 33, 33, 33, 33, 33, 33, 33, 33, 33, 33, 33, 33, 33, 33, 33, 33, 33, 33, 33, 33, 33, 33, 33, 33, 33, 33, 33, 33, 33, 33, 33, 33, 33, 33, 33, 33, 33, 33, 33, 33, 33, 33, 33, 33, 33, 33, 33, 33, 33, 33, 33, 33, 33, 33, 33, 33, 33, 33, 33, 33, 33, 33, 33, 33, 33, 33, 33, 33, 33, 33, 33, 33, 33, 33, 33, 33, 33, 33, 33, 33, 33, 33, 33, 33, 33, 33, 33, 33, 33, 33, 33, 33, 33, 33, 33, 33, 33, 33, 33, 33, 33, 33, 33, 33, 33, 33, 33, 33, 33, 33, 33, 33, 33, 33, 33, 33, 33, 33, 33, 33, 33, 33, 33, 33, 33, 33, 33, 33, 33, 33, 33, 33, 33, 33, 33, 33, 33, 33, 33, 33, 33, 33, 33, 33, 33, 33, 33, 33, 33, 33, 33, 33, 33, 33, 33, 33, 33, 33, 33, 33, 33, 33, 33, 33, 33, 33, 33, 33, 33, 33, 33, 33, 33, 33, 33, 33, 33, 33, 33, 33, 33]",32.920918367346935,"[32.98214285714286, 32.9719387755102, 32.98214285714286, 32.984693877551024, 32.974489795918366, 32.96938775510204, 32.974489795918366, 32.97193877551021, 32.96938775510204, 32.96683673469388, 32.9719387755102, 32.9795918367347, 32.9795918367347, 32.977040816326536, 32.97448979591837, 32.98214285714286, 32.974489795918366, 32.9795918367347, 32.977040816326536, 32.98214285714286, 32.984693877551024, 32.974489795918366, 32.97704081632653, 32.96938775510204, 32.97193877551021, 32.977040816326536, 32.964285714285715, 32.97193877551021, 32.97193877551021, 32.98214285714286, 32.98979591836735, 32.98724489795919, 32.984693877551024, 32.97193877551021, 32.97193877551021, 32.97193877551021, 32.984693877551024, 32.98724489795919, 32.984693877551024, 32.977040816326536, 32.97704081632653, 32.9795918367347, 32.96683673469388, 32.96683673469388, 32.964285714285715, 32.964285714285715, 32.9719387755102, 32.96938775510204, 32.96683673469388, 32.96173469387755, 32.964285714285715, 32.977040816326536, 32.9795918367347, 32.97448979591837, 32.9795918367347, 32.977040816326536, 32.977040816326536, 32.96938775510204, 32.974489795918366, 32.97704081632653, 32.96683673469388, 32.974489795918366, 32.9719387755102, 32.96938775510204, 32.9719387755102, 32.964285714285715, 32.96938775510204, 32.96938775510204, 32.96683673469388, 32.964285714285715, 32.9719387755102, 32.9795918367347, 32.984693877551024, 32.9795918367347, 32.97704081632653, 32.984693877551024, 32.98214285714286, 32.98214285714286, 32.9795918367347, 32.974489795918366, 32.97704081632653, 32.974489795918366, 32.964285714285715, 32.97193877551021, 32.95918367346939, 32.95663265306123, 32.96938775510204, 32.964285714285715, 32.95918367346939, 32.96173469387755, 32.974489795918366, 32.974489795918366, 32.97704081632653, 32.97704081632653, 32.95918367346939, 32.9515306122449, 32.95663265306123, 32.96173469387755, 32.9515306122449, 32.93622448979592, 32.9515306122449, 32.94897959183674, 32.95663265306123, 32.96173469387755, 32.94387755102041, 32.95663265306123, 32.964285714285715, 32.9719387755102, 32.97704081632653, 32.96173469387755, 32.97704081632653, 32.97704081632653, 32.96173469387755, 32.9719387755102, 32.964285714285715, 32.96938775510204, 32.964285714285715, 32.95408163265306, 32.9719387755102, 32.9719387755102, 32.977040816326536, 32.9795918367347, 32.96938775510204, 32.96938775510205, 32.96173469387755, 32.96173469387755, 32.95663265306123, 32.96173469387755, 32.96683673469388, 32.9719387755102, 32.95918367346938, 32.95918367346939, 32.96173469387755, 32.95408163265306, 32.96173469387755, 32.96173469387755, 32.94642857142858, 32.94642857142858, 32.95663265306123, 32.95918367346939, 32.96683673469388, 32.964285714285715, 32.96683673469388, 32.95663265306123, 32.96683673469388, 32.96173469387755, 32.96683673469388, 32.96173469387755, 32.94642857142857, 32.94897959183673, 32.95663265306122, 32.96173469387755, 32.95663265306123, 32.96173469387755, 32.964285714285715, 32.96938775510204, 32.96683673469388, 32.964285714285715, 32.96683673469388, 32.96938775510204, 32.96683673469388, 32.964285714285715, 32.95918367346939, 32.964285714285715, 32.96683673469388, 32.964285714285715, 32.96683673469388, 32.96683673469388, 32.97448979591837, 32.964285714285715, 32.96938775510205, 32.96938775510204, 32.964285714285715, 32.95918367346939, 32.9515306122449, 32.94897959183674, 32.94642857142858, 32.94387755102041, 32.95663265306123, 32.954081632653065, 32.96173469387755, 32.96938775510204, 32.96683673469388, 32.964285714285715, 32.9719387755102, 32.977040816326536, 32.96683673469388, 32.95918367346939, 32.96938775510204, 32.9719387755102, 32.96683673469388, 32.964285714285715, 32.96173469387755, 32.964285714285715, 32.96683673469388, 32.96938775510204, 32.964285714285715, 32.96173469387755, 32.964285714285715, 32.96938775510204, 32.97704081632653, 32.974489795918366, 32.96683673469388, 32.95663265306123, 32.9515306122449, 32.95918367346939, 32.96173469387755, 32.96683673469388, 32.974489795918366, 32.974489795918366, 32.97704081632653, 32.974489795918366, 32.974489795918366, 32.97193877551021, 32.96683673469388, 32.9515306122449, 32.96173469387755, 32.95663265306123, 32.94387755102041, 32.94897959183674, 32.9515306122449, 32.95663265306123, 32.94642857142857, 32.954081632653065, 32.964285714285715, 32.96938775510204, 32.96938775510204, 32.964285714285715, 32.95663265306123, 32.964285714285715, 32.96173469387755, 32.96938775510204, 32.96683673469388, 32.96938775510204, 32.9515306122449, 32.964285714285715, 32.96938775510204, 32.96683673469388, 32.96938775510204, 32.9719387755102, 32.9515306122449, 32.95663265306122, 32.94897959183673, 32.94897959183673, 32.95408163265306, 32.9515306122449, 32.94897959183674, 32.964285714285715, 32.95663265306123, 32.95918367346939, 32.95408163265306, 32.941326530612244, 32.93877551020408, 32.94642857142858, 32.954081632653065, 32.954081632653065, 32.96173469387755, 32.95918367346939, 32.95918367346939, 32.95663265306123, 32.96173469387755, 32.96173469387755, 32.95663265306123, 32.94897959183673, 32.94642857142857, 32.94387755102041, 32.94897959183673, 32.9515306122449, 32.94642857142857, 32.951530612244895, 32.94897959183673, 32.94642857142857, 32.94642857142857, 32.93877551020408, 32.93112244897959, 32.91836734693878, 32.93622448979592, 32.94642857142858, 32.94897959183674, 32.94897959183673, 32.94897959183673, 32.94642857142857, 32.94387755102041, 32.94387755102041, 32.94642857142857, 32.93877551020408, 32.92857142857143, 32.933673469387756, 32.93112244897959, 32.941326530612244, 32.94642857142857, 32.94387755102041, 32.951530612244895, 32.94387755102041, 32.92602040816327, 32.93877551020408, 32.941326530612244, 32.933673469387756, 32.941326530612244, 32.94387755102041, 32.941326530612244, 32.941326530612244, 32.933673469387756, 32.94387755102041, 32.933673469387756, 32.93112244897959, 32.93877551020408, 32.943877551020414, 32.9515306122449, 32.94642857142857, 32.94897959183674, 32.94387755102041, 32.951530612244895, 32.94897959183673, 32.94387755102041, 32.94642857142857, 32.94642857142857, 32.9515306122449, 32.94387755102041, 32.93877551020408, 32.94387755102041, 32.93877551020408, 32.93877551020408, 32.92857142857143, 32.94387755102041, 32.94897959183673, 32.94897959183673, 32.93877551020408, 32.93112244897959, 32.93112244897959, 32.92857142857143, 32.941326530612244, 32.93877551020408, 32.94897959183673, 32.954081632653065, 32.93877551020408, 32.94642857142857, 32.94642857142857, 32.93877551020408, 32.92091836734694, 32.92602040816327, 32.941326530612244, 32.94387755102041, 32.941326530612244, 32.92602040816327, 32.923469387755105, 32.93112244897959, 32.93877551020408, 32.93622448979592, 32.93622448979592, 32.93877551020408, 32.941326530612244, 32.94897959183673, 32.94897959183673, 32.94642857142857, 32.941326530612244, 32.933673469387756, 32.94897959183673, 32.941326530612244, 32.94642857142857, 32.92602040816327, 32.92602040816327, 32.933673469387756, 32.923469387755105, 32.92857142857143, 32.93622448979592, 32.94387755102041, 32.94387755102041, 32.93622448979592, 32.93112244897959, 32.93622448979592, 32.933673469387756, 32.92857142857143, 32.92091836734694, 32.90816326530612, 32.910714285714285, 32.892857142857146, 32.900510204081634, 32.892857142857146, 32.89795918367347, 32.91581632653062, 32.92857142857143, 32.933673469387756, 32.92857142857143, 32.92857142857143, 32.92857142857143, 32.93877551020408, 32.941326530612244, 32.92602040816327, 32.923469387755105, 32.93622448979592, 32.941326530612244, 32.94387755102041, 32.941326530612244, 32.933673469387756, 32.93877551020408, 32.93112244897959, 32.92602040816327, 32.92602040816327, 32.923469387755105, 32.92602040816327, 32.923469387755105, 32.90561224489796, 32.913265306122454, 32.91326530612245, 32.91581632653062, 32.91836734693878, 32.923469387755105, 32.92091836734694, 32.92602040816327, 32.91326530612245, 32.91581632653061, 32.91836734693878, 32.91836734693878, 32.91836734693878, 32.91836734693878, 32.92091836734694, 32.90561224489796, 32.913265306122454, 32.90561224489796, 32.910714285714285, 32.913265306122454, 32.90561224489796, 32.900510204081634, 32.900510204081634, 32.90561224489796, 32.913265306122454, 32.92091836734694, 32.93112244897959, 32.923469387755105, 32.92602040816327, 32.93622448979592, 32.94642857142857, 32.941326530612244, 32.93622448979592, 32.93877551020408, 32.933673469387756, 32.93622448979592, 32.933673469387756, 32.923469387755105, 32.923469387755105, 32.92602040816327, 32.92602040816327, 32.923469387755105, 32.923469387755105, 32.92857142857143, 32.92091836734694, 32.910714285714285, 32.910714285714285, 32.91836734693878, 32.923469387755105, 32.92602040816327, 32.933673469387756, 32.933673469387756, 32.92857142857143, 32.923469387755105, 32.923469387755105, 32.92857142857143, 32.92602040816327, 32.93622448979592, 32.93877551020408, 32.93622448979592, 32.933673469387756, 32.913265306122454, 32.90561224489796, 32.900510204081634, 32.90816326530612, 32.91581632653062, 32.91581632653062, 32.91836734693878, 32.90816326530612, 32.900510204081634, 32.875, 32.875, 32.892857142857146, 32.90816326530612, 32.90561224489796, 32.900510204081634, 32.88775510204082, 32.89795918367347, 32.9030612244898, 32.89795918367347, 32.90816326530612, 32.90561224489796, 32.91326530612245, 32.91326530612245, 32.92091836734694, 32.91836734693878, 32.900510204081634, 32.910714285714285, 32.91836734693877, 32.91836734693878, 32.91581632653061, 32.91581632653061, 32.920918367346935]",0.8865578480667773,0.9031958882405224,33,"[33, 33, 33, 33, 33, 33, 33, 33, 33, 33, 33, 33, 33, 33, 33, 33, 33, 33, 33, 33, 33, 33, 33, 33, 33, 33, 33, 33, 33, 33, 33, 33, 33, 33, 33, 33, 33, 33, 33, 33, 33, 33, 33, 33, 33, 33, 33, 33, 33, 33, 33, 33, 33, 33, 33, 33, 33, 33, 33, 33, 33, 33, 33, 33, 33, 33, 33, 33, 33, 33, 33, 33, 33, 33, 33, 33, 33, 33, 33, 33, 33, 33, 33, 33, 33, 33, 33, 33, 33, 33, 33, 33, 33, 33, 33, 33, 33, 33, 33, 33, 33, 33, 33, 33, 33, 33, 33, 33, 33, 33, 33, 33, 33, 33, 33, 33, 33, 33, 33, 33, 33, 33, 33, 33, 33, 33, 33, 33, 33, 33, 33, 33, 33, 33, 33, 33, 33, 33, 33, 33, 33, 33, 33, 33, 33, 33, 33, 33, 33, 33, 33, 33, 33, 33, 33, 33, 33, 33, 33, 33, 33, 33, 33, 33, 33, 33, 33, 33, 33, 33, 33, 33, 33, 33, 33, 33, 33, 33, 33, 33, 33, 33, 33, 33, 33, 33, 33, 33, 33, 33, 33, 33, 33, 33, 33, 33, 33, 33, 33, 33, 33, 33, 33, 33, 33, 33, 33, 33, 33, 33, 33, 33, 33, 33, 33, 33, 33, 33, 33, 33, 33, 33, 33, 33, 33, 33, 33, 33, 33, 33, 33, 33, 33, 33, 33, 33, 33, 33, 33, 33, 33, 33, 33, 33, 33, 33, 33, 33, 33, 33, 33, 33, 33, 33, 33, 33, 33, 33, 33, 33, 33, 33, 33, 33, 33, 33, 33, 33, 33, 33, 33, 33, 33, 33, 33, 33, 33, 33, 33, 33, 33, 33, 33, 33, 33, 33, 33, 33, 33, 33, 33, 33, 33, 33, 33, 33, 33, 33, 33, 33, 33, 33, 33, 33, 33, 33, 33, 33, 33, 33, 33, 33, 33, 33, 33, 33, 33, 33, 33, 33, 33, 33, 33, 33, 33, 33, 33, 33, 33, 33, 33, 33, 33, 33, 33, 33, 33, 33, 33, 33, 33, 33, 33, 33, 33, 33, 33, 33, 33, 33, 33, 33, 33, 33, 33, 33, 33, 33, 33, 33, 33, 33, 33, 33, 33, 33, 33, 33, 33, 33, 33, 33, 33, 33, 33, 33, 33, 33, 33, 33, 33, 33, 33, 33, 33, 33, 33, 33, 33, 33, 33, 33, 33, 33, 33, 33, 33, 33, 33, 33, 33, 33, 33, 33, 33, 33, 33, 33, 33, 33, 33, 33, 33, 33, 33, 33, 33, 33, 33, 33, 33, 33, 33, 33, 33, 33, 33, 33, 33, 33, 33, 33, 33, 33, 33, 33, 33, 33, 33, 33, 33, 33, 33, 33, 33, 33, 33, 33, 33, 33, 33, 33, 33, 33, 33, 33, 33, 33, 33, 33, 33, 33, 33, 33, 33, 33, 33, 33, 33, 33, 33, 33, 33, 33, 33, 33, 33, 33, 33, 33, 33, 33, 33, 33, 33, 33, 33, 33, 33, 33, 33, 33, 33, 33, 33]",495,"[0.5158987641334534, 0.5039318799972534, 0.4996313750743866, 0.49631160497665405, 0.4933401048183441, 0.4907372295856476, 0.48820576071739197, 0.48587945103645325, 0.4837762713432312, 0.4818473756313324, 0.4801027774810791, 0.47848525643348694, 0.4768710434436798, 0.47530990839004517, 0.47402748465538025, 0.4725656807422638, 0.47129562497138977, 0.4700043499469757, 0.4687808156013489, 0.46767470240592957, 0.4666794240474701, 0.46551769971847534, 0.46444499492645264, 0.4634810984134674, 0.4626227915287018, 0.46154114603996277, 0.46057355403900146, 0.4596717357635498, 0.45867595076560974, 0.4578567445278168, 0.45701634883880615, 0.45609354972839355, 0.45529505610466003, 0.454426109790802, 0.4534434378147125, 0.45260971784591675, 0.4517894983291626, 0.4510401487350464, 0.4502418637275696, 0.44944894313812256, 0.448598176240921, 0.4479081332683563, 0.44716036319732666, 0.4463588297367096, 0.445657342672348, 0.4448687434196472, 0.44408896565437317, 0.4433617889881134, 0.4425645172595978, 0.4418107867240906, 0.441140741109848, 0.44031307101249695, 0.43965744972229004, 0.43886080384254456, 0.438120573759079, 0.4374118149280548, 0.43683478236198425, 0.4360463619232178, 0.43547043204307556, 0.43470439314842224, 0.4339568018913269, 0.43337640166282654, 0.4326898157596588, 0.4320217967033386, 0.4313310384750366, 0.43061375617980957, 0.42993998527526855, 0.42939555644989014, 0.4287068545818329, 0.42794686555862427, 0.4273862838745117, 0.42680442333221436, 0.4261287450790405, 0.4254092872142792, 0.4248182773590088, 0.4241587817668915, 0.4235111176967621, 0.42293116450309753, 0.42241135239601135, 0.42167747020721436, 0.4210084080696106, 0.42043232917785645, 0.4198216497898102, 0.41934338212013245, 0.4186467230319977, 0.4180205464363098, 0.4175397753715515, 0.4168919026851654, 0.41648659110069275, 0.41569235920906067, 0.41509315371513367, 0.4145834445953369, 0.4140530824661255, 0.41345474123954773, 0.4128750264644623, 0.41230839490890503, 0.41179612278938293, 0.411255806684494, 0.4107626974582672, 0.4102081060409546, 0.40956664085388184, 0.40903595089912415, 0.4085468649864197, 0.4081438481807709, 0.407510370016098, 0.4069744050502777, 0.40639060735702515, 0.4059147238731384, 0.40546944737434387, 0.40483158826828003, 0.40442249178886414, 0.4038398861885071, 0.4032907485961914, 0.402804970741272, 0.40234607458114624, 0.40188395977020264, 0.40131253004074097, 0.40082794427871704, 0.4002431631088257, 0.3998880386352539, 0.39937034249305725, 0.39876827597618103, 0.39831992983818054, 0.3979167938232422, 0.39755985140800476, 0.397038996219635, 0.3964407742023468, 0.39586639404296875, 0.3953985571861267, 0.39503413438796997, 0.3945181369781494, 0.39402514696121216, 0.39360618591308594, 0.3931227922439575, 0.39281073212623596, 0.39215388894081116, 0.3917164206504822, 0.39143073558807373, 0.390755832195282, 0.39030030369758606, 0.3899203836917877, 0.38948068022727966, 0.3889961540699005, 0.3885074853897095, 0.3881078064441681, 0.38770201802253723, 0.38728368282318115, 0.386796236038208, 0.3864228427410126, 0.38593560457229614, 0.3854423761367798, 0.38508862257003784, 0.38463059067726135, 0.38411927223205566, 0.38365817070007324, 0.38325896859169006, 0.38289010524749756, 0.3824925124645233, 0.3820939362049103, 0.38152262568473816, 0.3811362087726593, 0.38069358468055725, 0.3805049657821655, 0.37994590401649475, 0.37949222326278687, 0.3790108859539032, 0.3786212205886841, 0.3783298432826996, 0.3779135048389435, 0.3773081302642822, 0.3769686222076416, 0.3765223026275635, 0.37609684467315674, 0.37560465931892395, 0.37530502676963806, 0.37483638525009155, 0.37447482347488403, 0.37398990988731384, 0.37355950474739075, 0.3733096420764923, 0.37284043431282043, 0.37237825989723206, 0.37209710478782654, 0.37159648537635803, 0.37108561396598816, 0.3708471655845642, 0.37032410502433777, 0.3700478672981262, 0.36952948570251465, 0.36907851696014404, 0.36869657039642334, 0.3682582378387451, 0.36784762144088745, 0.36744698882102966, 0.36723610758781433, 0.3669164776802063, 0.36637288331985474, 0.3658822774887085, 0.36550411581993103, 0.36511489748954773, 0.3648422658443451, 0.3642460107803345, 0.36387184262275696, 0.36356788873672485, 0.36303919553756714, 0.3627222776412964, 0.36233893036842346, 0.3618580996990204, 0.36161261796951294, 0.3610793948173523, 0.36079901456832886, 0.36032313108444214, 0.3598393201828003, 0.35976654291152954, 0.359100341796875, 0.3586970865726471, 0.3585304319858551, 0.357888400554657, 0.35747048258781433, 0.35724717378616333, 0.3566858172416687, 0.35628825426101685, 0.35594698786735535, 0.3555363714694977, 0.3551262617111206, 0.35471510887145996, 0.35440516471862793, 0.35389381647109985, 0.3535793721675873, 0.35326290130615234, 0.35288527607917786, 0.35244324803352356, 0.35213756561279297, 0.35163193941116333, 0.351186603307724, 0.3508194386959076, 0.3505759835243225, 0.3499840199947357, 0.3496115803718567, 0.34923094511032104, 0.3488025367259979, 0.34843143820762634, 0.3480285704135895, 0.3476724326610565, 0.34727492928504944, 0.34699273109436035, 0.3466387987136841, 0.34612220525741577, 0.34567806124687195, 0.3452810049057007, 0.3448469936847687, 0.34445488452911377, 0.34406036138534546, 0.3437460958957672, 0.3432994782924652, 0.3429184854030609, 0.34262070059776306, 0.34223687648773193, 0.34186694025993347, 0.3414739966392517, 0.3410283327102661, 0.34063756465911865, 0.3402467370033264, 0.339864045381546, 0.3396618962287903, 0.3391292095184326, 0.33881041407585144, 0.3384494483470917, 0.33808979392051697, 0.3375888466835022, 0.33720892667770386, 0.3368067443370819, 0.33639511466026306, 0.33607566356658936, 0.33571234345436096, 0.3353448510169983, 0.33500343561172485, 0.33454903960227966, 0.3341565728187561, 0.33380866050720215, 0.3334493637084961, 0.3331107199192047, 0.3327685296535492, 0.33240458369255066, 0.3320523798465729, 0.3316304385662079, 0.3312501609325409, 0.3308958411216736, 0.3305717706680298, 0.33020496368408203, 0.32992467284202576, 0.3295038938522339, 0.32922908663749695, 0.32884007692337036, 0.32845863699913025, 0.3280490040779114, 0.32768234610557556, 0.32730644941329956, 0.3269665539264679, 0.3266238868236542, 0.32626211643218994, 0.3259824514389038, 0.32564422488212585, 0.3252497613430023, 0.32490283250808716, 0.32459506392478943, 0.32430899143218994, 0.32419854402542114, 0.32362401485443115, 0.32328492403030396, 0.32287663221359253, 0.3225838541984558, 0.3222755193710327, 0.32205188274383545, 0.3216623365879059, 0.3213120996952057, 0.3210427165031433, 0.32066604495048523, 0.32042762637138367, 0.3200162947177887, 0.319704532623291, 0.31938767433166504, 0.3191007971763611, 0.3188682794570923, 0.3184245824813843, 0.3181218206882477, 0.3178250789642334, 0.3174690306186676, 0.3171962797641754, 0.31689831614494324, 0.31654736399650574, 0.3162432014942169, 0.31600233912467957, 0.31577059626579285, 0.31553494930267334, 0.3151523470878601, 0.3148922026157379, 0.31461700797080994, 0.3142479956150055, 0.314072847366333, 0.3138065040111542, 0.3134307563304901, 0.3131355345249176, 0.3129270672798157, 0.3125951886177063, 0.312328577041626, 0.31213200092315674, 0.3118038475513458, 0.3115158975124359, 0.3112192153930664, 0.31104496121406555, 0.3107081353664398, 0.3104727864265442, 0.3101711571216583, 0.3099062144756317, 0.3096810579299927, 0.3093545436859131, 0.3090825378894806, 0.30883169174194336, 0.3085218071937561, 0.3083564043045044, 0.308102011680603, 0.30779749155044556, 0.30765673518180847, 0.3072870671749115, 0.30703532695770264, 0.30685490369796753, 0.3066728711128235, 0.3064418137073517, 0.30609098076820374, 0.30576640367507935, 0.3055367171764374, 0.30528348684310913, 0.30502721667289734, 0.30481043457984