,number,value,datetime_start,datetime_complete,duration,params_batch_size_scaler,params_constant_learning_rate,params_depth,params_epochs,params_kernel_l2,params_num_trees,params_temperature,user_attrs_accuracy_test,user_attrs_accuracy_valid,user_attrs_approximate_feature_sparsity,user_attrs_approximate_feature_sparsity_history,user_attrs_approximate_weight_sparsity,user_attrs_approximate_weight_sparsity_history,user_attrs_auc_test,user_attrs_auc_valid,user_attrs_feature_sparsity,user_attrs_feature_sparsity_history,user_attrs_num_epochs,user_attrs_val_loss_history,user_attrs_weight_sparsity,user_attrs_weight_sparsity_history,state
40,40,0.8335845216472799,2024-08-31 02:11:48.572263,2024-08-31 02:14:36.659124,0 days 00:02:48.086861,16,0.18721804284397728,6,185,0.16371877742309657,46,0.09598462998969638,0.885,0.885,33,"[33, 33, 33, 33, 33, 33, 33, 33, 33, 33, 33, 33, 33, 33, 33, 33, 33, 33, 33, 33, 33, 33, 33, 33, 33, 33, 33, 33, 33, 33, 33, 33, 33, 33, 33, 33, 33, 33, 33, 33, 33, 33, 33, 33, 33, 33, 33, 33, 33, 33, 33, 33, 33, 33, 33, 33, 33, 33, 33, 33, 33, 33, 33, 33, 33, 33, 33, 33, 33, 33, 33, 33, 33, 33, 33, 33, 33, 33, 33, 33, 33, 33, 33, 33, 33, 33, 33, 33, 33, 33, 33, 33, 33, 33, 33, 33, 33, 33, 33, 33, 33, 33, 33, 33, 33, 33, 33, 33, 33, 33, 33, 33, 33, 33, 33, 33, 33, 33, 33, 33, 33, 33, 33, 33, 33, 33, 33, 33, 33, 33, 33, 33, 33, 33, 33, 33, 33, 33, 33, 33, 33, 33, 33, 33, 33, 33, 33, 33, 33, 33, 33, 33, 33, 33, 33, 33, 33, 33, 33, 33, 33, 33, 33, 33, 33, 33, 33, 33, 33, 33, 33, 33, 33, 33, 33, 33, 33, 33, 33, 33, 33, 33, 33, 33, 33]",32.92201518288475,"[32.92615596963423, 32.92788129744651, 32.91545893719807, 32.915804002760524, 32.92615596963423, 32.91890959282264, 32.92512077294686, 32.928226363008974, 32.9271911663216, 32.92408557625949, 32.925810904071774, 32.92443064182195, 32.93064182194617, 32.93305728088337, 32.92891649413389, 32.92615596963423, 32.927536231884055, 32.930986887508624, 32.92857142857142, 32.92788129744651, 32.92201518288475, 32.92512077294686, 32.92615596963423, 32.93271221532091, 32.92926155969634, 32.92512077294686, 32.92512077294686, 32.92684610075914, 32.92891649413389, 32.924085576259486, 32.924775707384406, 32.924085576259486, 32.92443064182194, 32.92615596963423, 32.92443064182194, 32.92132505175984, 32.91787439613526, 32.92028985507246, 32.92028985507246, 32.923395445134574, 32.92132505175984, 32.924775707384406, 32.92443064182194, 32.917184265010356, 32.92028985507247, 32.92305037957212, 32.92201518288475, 32.92512077294686, 32.92546583850932, 32.92650103519669, 32.92167011732229, 32.92305037957212, 32.92857142857143, 32.92546583850932, 32.92546583850932, 32.923395445134574, 32.92305037957212, 32.922360248447205, 32.92270531400966, 32.923395445134574, 32.922360248447205, 32.91959972394755, 32.92201518288475, 32.928226363008974, 32.9296066252588, 32.932367149758456, 32.93064182194617, 32.932367149758456, 32.93374741200828, 32.93167701863354, 32.92891649413389, 32.92512077294686, 32.924775707384406, 32.92546583850932, 32.92512077294686, 32.92891649413389, 32.92857142857143, 32.92857142857143, 32.929951690821255, 32.92788129744651, 32.92788129744651, 32.927536231884055, 32.929951690821255, 32.92443064182195, 32.92305037957212, 32.92028985507246, 32.923395445134574, 32.924085576259486, 32.9247757073844, 32.92339544513458, 32.928226363008974, 32.9271911663216, 32.92684610075915, 32.92926155969634, 32.92512077294686, 32.92546583850931, 32.92512077294686, 32.92650103519669, 32.92270531400966, 32.92028985507246, 32.91821946169772, 32.921670117322286, 32.92097998619737, 32.92443064182194, 32.92443064182194, 32.92443064182195, 32.92615596963423, 32.9296066252588, 32.92926155969634, 32.927536231884055, 32.9296066252588, 32.93443754313319, 32.931677018633536, 32.92926155969634, 32.929951690821255, 32.93133195307109, 32.935127674258105, 32.934782608695656, 32.93064182194617, 32.92857142857143, 32.92650103519669, 32.92822636300897, 32.93064182194617, 32.93029675638371, 32.92788129744651, 32.92650103519669, 32.92684610075914, 32.925810904071774, 32.92132505175984, 32.91752933057281, 32.91649413388544, 32.918219461697724, 32.92443064182195, 32.92650103519669, 32.93098688750863, 32.92926155969634, 32.922360248447205, 32.92443064182195, 32.9271911663216, 32.922360248447205, 32.92097998619738, 32.918219461697724, 32.918219461697724, 32.91614906832298, 32.9168391994479, 32.91856452726018, 32.922360248447205, 32.92167011732229, 32.91787439613527, 32.917184265010356, 32.916494133885436, 32.92132505175984, 32.91959972394755, 32.92132505175984, 32.92201518288475, 32.922360248447205, 32.92339544513458, 32.91649413388544, 32.92201518288475, 32.92512077294686, 32.92270531400966, 32.922360248447205, 32.92443064182195, 32.92167011732229, 32.92028985507247, 32.92339544513458, 32.924775707384406, 32.924085576259486, 32.91959972394755, 32.92270531400966, 32.91994478951001, 32.92028985507247, 32.92443064182195, 32.92201518288475, 32.922360248447205, 32.923395445134574, 32.92374051069703, 32.924775707384406, 32.92615596963423, 32.92615596963423, 32.92650103519669, 32.92926155969634, 32.92443064182195, 32.92028985507247, 32.92201518288475]",0.8415772917543904,0.8335845216472799,33,"[33, 33, 33, 33, 33, 33, 33, 33, 33, 33, 33, 33, 33, 33, 33, 33, 33, 33, 33, 33, 33, 33, 33, 33, 33, 33, 33, 33, 33, 33, 33, 33, 33, 33, 33, 33, 33, 33, 33, 33, 33, 33, 33, 33, 33, 33, 33, 33, 33, 33, 33, 33, 33, 33, 33, 33, 33, 33, 33, 33, 33, 33, 33, 33, 33, 33, 33, 33, 33, 33, 33, 33, 33, 33, 33, 33, 33, 33, 33, 33, 33, 33, 33, 33, 33, 33, 33, 33, 33, 33, 33, 33, 33, 33, 33, 33, 33, 33, 33, 33, 33, 33, 33, 33, 33, 33, 33, 33, 33, 33, 33, 33, 33, 33, 33, 33, 33, 33, 33, 33, 33, 33, 33, 33, 33, 33, 33, 33, 33, 33, 33, 33, 33, 33, 33, 33, 33, 33, 33, 33, 33, 33, 33, 33, 33, 33, 33, 33, 33, 33, 33, 33, 33, 33, 33, 33, 33, 33, 33, 33, 33, 33, 33, 33, 33, 33, 33, 33, 33, 33, 33, 33, 33, 33, 33, 33, 33, 33, 33, 33, 33, 33, 33, 33, 33]",185,"[0.4470110237598419, 0.41462790966033936, 0.40442195534706116, 0.3998846709728241, 0.39702728390693665, 0.394607812166214, 0.3927004933357239, 0.3910541832447052, 0.38954582810401917, 0.38802164793014526, 0.3866572976112366, 0.38544365763664246, 0.38434383273124695, 0.3833100497722626, 0.3823093771934509, 0.38141191005706787, 0.3805607855319977, 0.37971317768096924, 0.37891262769699097, 0.3781822621822357, 0.3775325417518616, 0.3768453896045685, 0.3762255907058716, 0.3755413889884949, 0.3749603033065796, 0.3744165003299713, 0.3738732933998108, 0.37332189083099365, 0.3728439211845398, 0.3723388910293579, 0.37181925773620605, 0.3713334798812866, 0.37097159028053284, 0.37040475010871887, 0.3699514865875244, 0.3695036768913269, 0.3690430521965027, 0.3686196506023407, 0.3681887090206146, 0.36782288551330566, 0.36741599440574646, 0.3671552240848541, 0.3666813373565674, 0.36632630228996277, 0.3658723831176758, 0.36539512872695923, 0.36504021286964417, 0.36463984847068787, 0.3642813563346863, 0.36392638087272644, 0.3635624945163727, 0.363226979970932, 0.3628285527229309, 0.36241868138313293, 0.3619818389415741, 0.36163613200187683, 0.36127620935440063, 0.3608967661857605, 0.360457181930542, 0.3600735366344452, 0.35971882939338684, 0.3593858778476715, 0.35900524258613586, 0.3586609363555908, 0.3582856357097626, 0.3579019606113434, 0.35749420523643494, 0.3572426736354828, 0.356901079416275, 0.35655850172042847, 0.3561475872993469, 0.3558128774166107, 0.3554205000400543, 0.355047345161438, 0.3546823263168335, 0.35432666540145874, 0.35391902923583984, 0.353556752204895, 0.3531551659107208, 0.3527434468269348, 0.35237640142440796, 0.3520869314670563, 0.3518356680870056, 0.3514116704463959, 0.3510385751724243, 0.3506927788257599, 0.35030391812324524, 0.34992653131484985, 0.3495064675807953, 0.3491441607475281, 0.3488009572029114, 0.34837794303894043, 0.3480433523654938, 0.3477000296115875, 0.34730064868927, 0.34697356820106506, 0.34658950567245483, 0.34620586037635803, 0.3457985818386078, 0.34534385800361633, 0.34499770402908325, 0.3445795476436615, 0.3442092537879944, 0.34390759468078613, 0.3435748815536499, 0.34326744079589844, 0.3427872955799103, 0.34239745140075684, 0.3419171869754791, 0.34145382046699524, 0.34101036190986633, 0.34063366055488586, 0.3402918577194214, 0.3399018347263336, 0.33948028087615967, 0.33908745646476746, 0.3387098014354706, 0.3383397161960602, 0.3379806578159332, 0.3375471234321594, 0.33718231320381165, 0.3367828130722046, 0.3363964557647705, 0.3359656035900116, 0.335620641708374, 0.33503246307373047, 0.33457592129707336, 0.3341997265815735, 0.33371037244796753, 0.33318912982940674, 0.3327377438545227, 0.33225780725479126, 0.3318387269973755, 0.33147522807121277, 0.33100464940071106, 0.3305812180042267, 0.33009201288223267, 0.32966282963752747, 0.3291859030723572, 0.32873302698135376, 0.32829663157463074, 0.3277846872806549, 0.3273144066333771, 0.3268088102340698, 0.3263409435749054, 0.3259112238883972, 0.3253638744354248, 0.3249013423919678, 0.32444146275520325, 0.323871910572052, 0.32344532012939453, 0.32296666502952576, 0.3225308358669281, 0.32201263308525085, 0.32164114713668823, 0.32105594873428345, 0.3205505311489105, 0.320029616355896, 0.3194367289543152, 0.31886497139930725, 0.31838998198509216, 0.3178369700908661, 0.3172357380390167, 0.3166750967502594, 0.3161640465259552, 0.3157152235507965, 0.3152123987674713, 0.31467318534851074, 0.314083069562912, 0.3134784996509552, 0.3130791187286377, 0.31252411007881165, 0.3120226562023163, 0.31138327717781067, 0.3108832538127899, 0.3102424144744873, 0.3097246587276459, 0.3091319799423218, 0.30855029821395874, 0.3079789876937866, 0.3074011504650116, 0.3067983388900757, 0.30626460909843445, 0.3056640923023224, 0.30512145161628723]",33.0,"[33.0, 33.0, 33.0, 33.0, 33.0, 33.0, 33.0, 33.0, 33.0, 33.0, 33.0, 33.0, 33.0, 33.0, 33.0, 33.0, 33.0, 33.0, 33.0, 33.0, 33.0, 33.0, 33.0, 33.0, 33.0, 33.0, 33.0, 33.0, 33.0, 33.0, 33.0, 33.0, 33.0, 33.0, 33.0, 33.0, 33.0, 33.0, 33.0, 33.0, 33.0, 33.0, 33.0, 33.0, 33.0, 33.0, 33.0, 33.0, 33.0, 33.0, 33.0, 33.0, 33.0, 33.0, 33.0, 33.0, 33.0, 33.0, 33.0, 33.0, 33.0, 33.0, 33.0, 33.0, 33.0, 33.0, 33.0, 33.0, 33.0, 33.0, 33.0, 33.0, 33.0, 33.0, 33.0, 33.0, 33.0, 33.0, 33.0, 33.0, 33.0, 33.0, 33.0, 33.0, 33.0, 33.0, 33.0, 33.0, 33.0, 33.0, 33.0, 33.0, 33.0, 33.0, 33.0, 33.0, 33.0, 33.0, 33.0, 33.0, 33.0, 33.0, 33.0, 33.0, 33.0, 33.0, 33.0, 33.0, 33.0, 33.0, 33.0, 33.0, 33.0, 33.0, 33.0, 33.0, 33.0, 33.0, 33.0, 33.0, 33.0, 33.0, 33.0, 33.0, 33.0, 33.0, 33.0, 33.0, 33.0, 33.0, 33.0, 33.0, 33.0, 33.0, 33.0, 33.0, 33.0, 33.0, 33.0, 33.0, 33.0, 33.0, 33.0, 33.0, 33.0, 33.0, 33.0, 33.0, 33.0, 33.0, 33.0, 33.0, 33.0, 33.0, 33.0, 33.0, 33.0, 33.0, 33.0, 33.0, 33.0, 33.0, 33.0, 33.0, 33.0, 33.0, 33.0, 33.0, 33.0, 33.0, 33.0, 33.0, 33.0, 33.0, 33.0, 33.0, 33.0, 33.0, 33.0, 33.0, 33.0, 33.0, 33.0, 33.0, 33.0]",COMPLETE
