,number,value,datetime_start,datetime_complete,duration,params_batch_size_scaler,params_constant_learning_rate,params_depth,params_epochs,params_kernel_l2,params_num_trees,params_temperature,user_attrs_accuracy_test,user_attrs_accuracy_valid,user_attrs_approximate_feature_sparsity,user_attrs_approximate_feature_sparsity_history,user_attrs_approximate_weight_sparsity,user_attrs_approximate_weight_sparsity_history,user_attrs_auc_test,user_attrs_auc_valid,user_attrs_feature_sparsity,user_attrs_feature_sparsity_history,user_attrs_num_epochs,user_attrs_val_loss_history,user_attrs_weight_sparsity,user_attrs_weight_sparsity_history,state
3,3,0.9208305960247839,2024-08-31 00:33:55.072764,2024-08-31 00:37:17.130421,0 days 00:03:22.057657,1,0.13613886451377225,4,280,0.012153301979682367,10,0.0004733294368347969,0.934,0.935,32,"[33, 33, 33, 33, 33, 33, 33, 33, 33, 33, 33, 33, 33, 33, 33, 33, 33, 33, 33, 33, 33, 33, 33, 33, 33, 33, 33, 33, 33, 33, 33, 33, 33, 33, 33, 33, 33, 33, 33, 33, 33, 33, 33, 33, 33, 33, 33, 33, 33, 33, 33, 33, 33, 33, 33, 33, 33, 33, 33, 33, 33, 33, 33, 33, 33, 33, 33, 33, 33, 33, 33, 33, 33, 33, 33, 32, 32, 32, 32, 32, 32, 32, 32, 32, 32, 32, 32, 32, 32, 32, 32, 32, 32, 32, 32, 32, 32, 32, 32, 32, 32, 32, 32, 32, 32, 32, 32, 32, 32, 32, 32, 32, 32, 32, 32, 32, 32, 32, 32, 32, 32, 32, 32, 32, 32, 32, 32, 32, 32, 32, 32, 32, 32, 32, 32, 32, 32, 32, 32, 32, 32, 32, 32, 32, 32, 32, 32, 32, 32, 32, 32, 32, 32, 32, 32, 32, 32, 32, 32, 32, 32, 32, 32, 32, 32, 32, 32, 32, 32, 32, 32, 32, 32, 32, 32, 32, 32, 32, 32, 32, 32, 32, 32, 32, 32, 32, 32, 32, 32, 32, 32, 32, 32, 32, 32, 32, 32, 32, 32, 32, 32, 32, 32, 32, 32, 32, 32, 32, 32, 32, 32, 32, 32, 32, 32, 32, 32, 32, 32, 32, 32, 32, 32, 32, 32, 32, 32, 32, 32, 32, 32, 32, 32, 32, 32, 32, 32, 32, 32, 32, 32, 32, 32, 32, 32, 32, 32, 32, 32, 32, 32, 32, 32, 32, 32, 32, 32, 32, 32, 32, 32, 32, 32, 32, 32, 32, 32, 32, 32, 32, 32, 32, 32, 32, 32, 32, 32, 32, 32, 32]",31.986666666666665,"[32.98, 32.98, 32.986666666666665, 32.96666666666667, 32.986666666666665, 32.98, 32.99333333333333, 32.98, 32.96666666666667, 32.986666666666665, 32.99333333333333, 32.98, 32.98, 32.99333333333333, 32.986666666666665, 32.986666666666665, 32.97333333333333, 32.96666666666667, 32.97333333333333, 32.959999999999994, 32.980000000000004, 32.97333333333333, 32.97333333333333, 32.98, 32.986666666666665, 32.980000000000004, 32.97333333333333, 32.96666666666667, 32.96, 32.96, 32.96, 32.986666666666665, 32.986666666666665, 32.96666666666667, 32.97333333333333, 32.986666666666665, 32.99333333333333, 32.99333333333333, 32.99333333333333, 32.97333333333333, 33.0, 32.986666666666665, 32.973333333333336, 32.98, 32.986666666666665, 32.986666666666665, 32.986666666666665, 32.99333333333333, 32.95333333333333, 32.98, 32.96666666666667, 32.99333333333333, 32.99333333333333, 32.980000000000004, 32.96666666666667, 32.96666666666667, 32.98, 32.986666666666665, 32.98, 32.99333333333333, 32.97333333333333, 33.0, 32.99333333333333, 32.99333333333333, 32.99333333333333, 32.99333333333333, 32.98, 32.986666666666665, 33.0, 32.99333333333333, 32.986666666666665, 32.99333333333333, 32.986666666666665, 32.99333333333333, 32.980000000000004, 31.96666666666667, 31.979999999999997, 31.979999999999997, 31.986666666666665, 31.973333333333333, 31.953333333333333, 31.98, 31.96666666666667, 31.993333333333332, 31.979999999999997, 31.993333333333332, 31.973333333333333, 31.993333333333332, 31.979999999999997, 31.986666666666665, 32.0, 31.973333333333333, 31.973333333333333, 31.993333333333332, 31.979999999999997, 31.986666666666665, 31.986666666666665, 31.97333333333333, 31.986666666666665, 31.986666666666665, 31.993333333333332, 31.993333333333332, 31.986666666666665, 31.993333333333332, 32.0, 31.98, 31.993333333333332, 31.986666666666665, 32.0, 31.993333333333332, 31.959999999999997, 31.993333333333332, 31.973333333333333, 31.986666666666665, 31.979999999999997, 31.973333333333333, 31.979999999999997, 31.993333333333332, 31.993333333333332, 31.986666666666665, 32.0, 31.986666666666665, 31.986666666666665, 31.986666666666665, 31.979999999999997, 31.973333333333333, 31.993333333333332, 31.986666666666665, 31.993333333333332, 31.973333333333333, 31.979999999999997, 31.97333333333333, 31.986666666666665, 32.0, 31.993333333333332, 31.96666666666667, 31.993333333333332, 31.979999999999997, 31.986666666666665, 31.973333333333333, 31.98, 31.973333333333333, 31.979999999999997, 31.993333333333332, 31.986666666666665, 31.993333333333332, 31.979999999999997, 31.986666666666665, 31.993333333333332, 31.986666666666665, 31.993333333333332, 31.979999999999997, 31.973333333333333, 31.979999999999997, 31.993333333333332, 31.96, 31.993333333333332, 31.973333333333333, 31.979999999999997, 31.986666666666665, 31.98, 31.96666666666667, 31.966666666666665, 31.986666666666665, 31.986666666666665, 31.979999999999997, 31.986666666666665, 31.986666666666665, 31.973333333333333, 31.979999999999997, 31.993333333333332, 31.979999999999997, 31.973333333333333, 31.979999999999997, 31.986666666666665, 31.986666666666665, 31.973333333333333, 31.979999999999997, 32.0, 31.986666666666665, 31.98, 31.96666666666667, 31.96, 31.973333333333333, 31.986666666666665, 31.993333333333332, 31.993333333333332, 31.973333333333333, 31.993333333333332, 31.986666666666665, 31.986666666666665, 32.0, 31.979999999999997, 31.979999999999997, 31.96, 31.96666666666667, 31.973333333333333, 31.973333333333333, 31.966666666666665, 31.966666666666665, 31.979999999999997, 31.973333333333333, 31.973333333333333, 31.979999999999997, 31.993333333333332, 32.0, 32.0, 31.986666666666665, 31.973333333333333, 31.96666666666667, 31.986666666666665, 31.973333333333333, 31.979999999999997, 31.979999999999997, 31.979999999999997, 31.986666666666665, 31.979999999999997, 31.986666666666665, 31.979999999999997, 31.993333333333332, 31.993333333333332, 31.979999999999997, 31.979999999999997, 31.993333333333332, 31.993333333333332, 32.0, 31.986666666666665, 31.986666666666665, 31.993333333333332, 31.979999999999997, 31.97333333333333, 31.993333333333332, 31.986666666666665, 31.993333333333332, 31.979999999999997, 31.986666666666665, 31.97333333333333, 31.986666666666665, 31.986666666666665, 31.966666666666665, 31.98, 31.95333333333333, 31.953333333333333, 31.986666666666665, 31.96, 31.979999999999997, 31.973333333333333, 31.973333333333333, 31.98, 31.986666666666665, 31.986666666666665, 31.993333333333332, 31.993333333333332, 31.986666666666665, 31.986666666666665, 31.979999999999997, 31.979999999999997, 31.979999999999997, 31.966666666666665, 32.0, 31.98, 31.979999999999997, 31.979999999999997, 31.993333333333332, 31.993333333333332, 31.993333333333332, 31.986666666666665, 31.98, 31.966666666666665, 31.986666666666665, 31.986666666666665, 31.973333333333333, 31.966666666666665, 31.946666666666665, 31.966666666666665, 31.96666666666667, 31.97333333333333, 31.979999999999997, 31.979999999999997, 31.986666666666665]",0.8996358952765462,0.9208305960247839,32,"[33, 33, 33, 33, 33, 33, 33, 33, 33, 33, 33, 33, 33, 33, 33, 33, 33, 33, 33, 33, 33, 33, 33, 33, 33, 33, 33, 33, 33, 33, 33, 33, 33, 33, 33, 33, 33, 33, 33, 33, 33, 33, 33, 33, 33, 33, 33, 33, 33, 33, 33, 33, 33, 33, 33, 33, 33, 33, 33, 33, 33, 33, 33, 33, 33, 33, 33, 33, 33, 33, 33, 33, 33, 33, 33, 32, 32, 32, 32, 32, 32, 32, 32, 32, 32, 32, 32, 32, 32, 32, 32, 32, 32, 32, 32, 32, 32, 32, 32, 32, 32, 32, 32, 32, 32, 32, 32, 32, 32, 32, 32, 32, 32, 32, 32, 32, 32, 32, 32, 32, 32, 32, 32, 32, 32, 32, 32, 32, 32, 32, 32, 32, 32, 32, 32, 32, 32, 32, 32, 32, 32, 32, 32, 32, 32, 32, 32, 32, 32, 32, 32, 32, 32, 32, 32, 32, 32, 32, 32, 32, 32, 32, 32, 32, 32, 32, 32, 32, 32, 32, 32, 32, 32, 32, 32, 32, 32, 32, 32, 32, 32, 32, 32, 32, 32, 32, 32, 32, 32, 32, 32, 32, 32, 32, 32, 32, 32, 32, 32, 32, 32, 32, 32, 32, 32, 32, 32, 32, 32, 32, 32, 32, 32, 32, 32, 32, 32, 32, 32, 32, 32, 32, 32, 32, 32, 32, 32, 32, 32, 32, 32, 32, 32, 32, 32, 32, 32, 32, 32, 32, 32, 32, 32, 32, 32, 32, 32, 32, 32, 32, 32, 32, 32, 32, 32, 32, 32, 32, 32, 32, 32, 32, 32, 32, 32, 32, 32, 32, 32, 32, 32, 32, 32, 32, 32, 32, 32, 32, 32, 32]",280,"[0.3663255572319031, 0.3448329567909241, 0.32578930258750916, 0.3107434809207916, 0.2963796555995941, 0.2838623523712158, 0.2729850113391876, 0.26466071605682373, 0.25538572669029236, 0.2531735897064209, 0.24357514083385468, 0.2378859519958496, 0.23044165968894958, 0.2261977642774582, 0.22112895548343658, 0.21707473695278168, 0.21435262262821198, 0.21271467208862305, 0.2057306170463562, 0.20393258333206177, 0.20168262720108032, 0.2001771330833435, 0.2016579657793045, 0.19819921255111694, 0.19522935152053833, 0.19591167569160461, 0.19455823302268982, 0.19270871579647064, 0.19430378079414368, 0.19113627076148987, 0.1907833069562912, 0.18600758910179138, 0.18595357239246368, 0.18791037797927856, 0.18651637434959412, 0.1861659586429596, 0.1828070431947708, 0.18300969898700714, 0.18188679218292236, 0.18199318647384644, 0.18702289462089539, 0.1802547425031662, 0.18085840344429016, 0.18391361832618713, 0.1785023808479309, 0.17885562777519226, 0.1797950714826584, 0.18162432312965393, 0.1786094605922699, 0.1768447309732437, 0.17951756715774536, 0.1780717521905899, 0.18409860134124756, 0.1781158596277237, 0.17927150428295135, 0.17693208158016205, 0.17773398756980896, 0.18084412813186646, 0.1787545084953308, 0.1774100363254547, 0.1770533323287964, 0.17977553606033325, 0.1795920729637146, 0.18131610751152039, 0.17951492965221405, 0.18038900196552277, 0.17999261617660522, 0.18415383994579315, 0.1834832727909088, 0.1809798628091812, 0.18198052048683167, 0.18895937502384186, 0.1794736087322235, 0.18235738575458527, 0.18003231287002563, 0.18422043323516846, 0.18171809613704681, 0.186696857213974, 0.18571405112743378, 0.18442268669605255, 0.18445730209350586, 0.18606017529964447, 0.18634909391403198, 0.1851574331521988, 0.18324430286884308, 0.19248701632022858, 0.18940167129039764, 0.19230535626411438, 0.19170093536376953, 0.19230316579341888, 0.1991848200559616, 0.194473996758461, 0.1915777623653412, 0.19460192322731018, 0.1930447369813919, 0.1960998773574829, 0.2063247114419937, 0.1986885666847229, 0.1994544416666031, 0.1982521116733551, 0.1989387571811676, 0.19784259796142578, 0.19885417819023132, 0.19965332746505737, 0.20559024810791016, 0.20142225921154022, 0.20322982966899872, 0.20856773853302002, 0.20223255455493927, 0.20170581340789795, 0.20481443405151367, 0.2054433822631836, 0.20309647917747498, 0.20521682500839233, 0.20931006968021393, 0.20990458130836487, 0.2098870426416397, 0.21360601484775543, 0.21037262678146362, 0.21195834875106812, 0.21444517374038696, 0.21406657993793488, 0.21599559485912323, 0.21477526426315308, 0.21548080444335938, 0.21872171759605408, 0.21589921414852142, 0.21551184356212616, 0.22498555481433868, 0.2212037295103073, 0.22067195177078247, 0.22461053729057312, 0.22393301129341125, 0.22355590760707855, 0.22516003251075745, 0.22252865135669708, 0.22268590331077576, 0.23056362569332123, 0.2293507158756256, 0.2269371598958969, 0.22898755967617035, 0.2290899157524109, 0.23383724689483643, 0.2370108813047409, 0.2338501513004303, 0.2378026843070984, 0.24420207738876343, 0.23822170495986938, 0.24139471352100372, 0.2354319989681244, 0.2391088455915451, 0.24038361012935638, 0.24028858542442322, 0.24180053174495697, 0.24252185225486755, 0.24274064600467682, 0.24689584970474243, 0.24497109651565552, 0.2451198250055313, 0.2431998997926712, 0.24679511785507202, 0.24717378616333008, 0.25153809785842896, 0.25161680579185486, 0.25005894899368286, 0.2514151334762573, 0.24815770983695984, 0.25286999344825745, 0.25235486030578613, 0.2532353103160858, 0.25171589851379395, 0.255096435546875, 0.2538940906524658, 0.25633448362350464, 0.25504788756370544, 0.2612508535385132, 0.2603939175605774, 0.2592286169528961, 0.2626991868019104, 0.2599603831768036, 0.2590864896774292, 0.26357361674308777, 0.2646840214729309, 0.26054418087005615, 0.2644110918045044, 0.2632323205471039, 0.2636854648590088, 0.2641882300376892, 0.27003514766693115, 0.26670050621032715, 0.2743019759654999, 0.26628369092941284, 0.2703774571418762, 0.2661069631576538, 0.277835488319397, 0.27253836393356323, 0.2712022662162781, 0.2757527232170105, 0.2744738459587097, 0.27943482995033264, 0.277044415473938, 0.28036221861839294, 0.2756158709526062, 0.2792983949184418, 0.2794126868247986, 0.27779126167297363, 0.277139276266098, 0.2822677493095398, 0.276569128036499, 0.27966639399528503, 0.28753092885017395, 0.282953143119812, 0.28164950013160706, 0.2825036644935608, 0.28324103355407715, 0.28756415843963623, 0.28199222683906555, 0.2846197783946991, 0.2815236747264862, 0.28428909182548523, 0.2837895452976227, 0.2862573564052582, 0.2879617214202881, 0.28481748700141907, 0.28436601161956787, 0.2853412926197052, 0.28888875246047974, 0.2914043664932251, 0.2930775582790375, 0.290601521730423, 0.2887839376926422, 0.29196032881736755, 0.2914808988571167, 0.28880855441093445, 0.29237791895866394, 0.29437315464019775, 0.290164977312088, 0.2985709011554718, 0.2968677878379822, 0.29692524671554565, 0.29151201248168945, 0.29416725039482117, 0.297792911529541, 0.298407644033432, 0.2950557768344879, 0.29488128423690796, 0.29373523592948914, 0.2962021827697754, 0.29617348313331604, 0.2999894917011261, 0.29655224084854126, 0.298295795917511, 0.29991236329078674, 0.29973819851875305, 0.30158761143684387, 0.29649287462234497, 0.29828301072120667, 0.30010485649108887, 0.30382347106933594, 0.30132290720939636, 0.29983484745025635, 0.3007666766643524, 0.30629977583885193, 0.29897385835647583, 0.30624985694885254, 0.30657267570495605, 0.3027094602584839, 0.3019460439682007, 0.3023020029067993, 0.30349496006965637, 0.3028956651687622, 0.30383992195129395, 0.3010391592979431, 0.3063019812107086, 0.3018111288547516, 0.3043559789657593, 0.3050491213798523, 0.30557167530059814, 0.3043134808540344, 0.3080866038799286]",32.0,"[33.0, 33.0, 33.0, 33.0, 33.0, 33.0, 33.0, 33.0, 33.0, 33.0, 33.0, 33.0, 33.0, 33.0, 33.0, 33.0, 33.0, 33.0, 33.0, 33.0, 33.0, 33.0, 33.0, 33.0, 33.0, 33.0, 33.0, 33.0, 33.0, 33.0, 33.0, 33.0, 33.0, 33.0, 33.0, 33.0, 33.0, 33.0, 33.0, 33.0, 33.0, 33.0, 33.0, 33.0, 33.0, 33.0, 33.0, 33.0, 33.0, 33.0, 33.0, 33.0, 33.0, 33.0, 33.0, 33.0, 33.0, 33.0, 33.0, 33.0, 33.0, 33.0, 33.0, 33.0, 33.0, 33.0, 33.0, 33.0, 33.0, 33.0, 33.0, 33.0, 33.0, 33.0, 33.0, 32.0, 32.0, 32.0, 32.0, 32.0, 32.0, 32.0, 32.0, 32.0, 32.0, 32.0, 32.0, 32.0, 32.0, 32.0, 32.0, 32.0, 32.0, 32.0, 32.0, 32.0, 32.0, 32.0, 32.0, 32.0, 32.0, 32.0, 32.0, 32.0, 32.0, 32.0, 32.0, 32.0, 32.0, 32.0, 32.0, 32.0, 32.0, 32.0, 32.0, 32.0, 32.0, 32.0, 32.0, 32.0, 32.0, 32.0, 32.0, 32.0, 32.0, 32.0, 32.0, 32.0, 32.0, 32.0, 32.0, 32.0, 32.0, 32.0, 32.0, 32.0, 32.0, 32.0, 32.0, 32.0, 32.0, 32.0, 32.0, 32.0, 32.0, 32.0, 32.0, 32.0, 32.0, 32.0, 32.0, 32.0, 32.0, 32.0, 32.0, 32.0, 32.0, 32.0, 32.0, 32.0, 32.0, 32.0, 32.0, 32.0, 32.0, 32.0, 32.0, 32.0, 32.0, 32.0, 32.0, 32.0, 32.0, 32.0, 32.0, 32.0, 32.0, 32.0, 32.0, 32.0, 32.0, 32.0, 32.0, 32.0, 32.0, 32.0, 32.0, 32.0, 32.0, 32.0, 32.0, 32.0, 32.0, 32.0, 32.0, 32.0, 32.0, 32.0, 32.0, 32.0, 32.0, 32.0, 32.0, 32.0, 32.0, 32.0, 32.0, 32.0, 32.0, 32.0, 32.0, 32.0, 32.0, 32.0, 32.0, 32.0, 32.0, 32.0, 32.0, 32.0, 32.0, 32.0, 32.0, 32.0, 32.0, 32.0, 32.0, 32.0, 32.0, 32.0, 32.0, 32.0, 32.0, 32.0, 32.0, 32.0, 32.0, 32.0, 32.0, 32.0, 32.0, 32.0, 32.0, 32.0, 32.0, 32.0, 32.0, 32.0, 32.0, 32.0, 32.0, 32.0, 32.0, 32.0, 32.0, 32.0, 32.0, 32.0, 32.0, 32.0, 32.0, 32.0, 32.0, 32.0, 32.0, 32.0, 32.0, 32.0, 32.0, 32.0, 32.0, 32.0, 32.0, 32.0, 32.0, 32.0, 32.0, 32.0, 32.0, 32.0]",COMPLETE
