,number,value,datetime_start,datetime_complete,duration,params_batch_size_scaler,params_constant_learning_rate,params_depth,params_epochs,params_kernel_l2,params_num_trees,params_temperature,user_attrs_accuracy_test,user_attrs_accuracy_valid,user_attrs_approximate_feature_sparsity,user_attrs_approximate_feature_sparsity_history,user_attrs_approximate_weight_sparsity,user_attrs_approximate_weight_sparsity_history,user_attrs_auc_test,user_attrs_auc_valid,user_attrs_feature_sparsity,user_attrs_feature_sparsity_history,user_attrs_num_epochs,user_attrs_val_loss_history,user_attrs_weight_sparsity,user_attrs_weight_sparsity_history,state
75,75,0.5,2024-08-31 03:38:47.489279,2024-08-31 03:39:18.047062,0 days 00:00:30.557783,64,0.4103652138366518,1,370,0.7092267600661196,75,0.00571416644878427,0.859,0.85875,0,"[33, 33, 33, 33, 33, 33, 33, 33, 33, 33, 33, 26, 17, 4, 1, 1, 0, 0, 0, 0, 0, 0, 0, 0, 0, 0, 0, 0, 0, 0, 0, 0, 0, 0, 0, 0, 0, 0, 0, 0, 0, 0, 0, 0, 0, 0, 0, 0, 0, 0, 0, 0, 0, 0, 0, 0, 0, 0, 0, 0, 0, 0, 0, 0, 0, 0, 0, 0, 0, 0, 0, 0, 0, 0, 0, 0, 0, 0, 0, 0, 0, 0, 0, 0, 0, 0, 0, 0, 0, 0, 0, 0, 0, 0, 0, 0, 0, 0, 0, 0, 0, 0, 0, 0, 0, 0, 0, 0, 0, 0, 0, 0, 0, 0, 0, 0, 0, 0, 0, 0, 0, 0, 0, 0, 0, 0, 0, 0, 0, 0, 0, 0, 0, 0, 0, 0, 0, 0, 0, 0, 0, 0, 0, 0, 0, 0, 0, 0, 0, 0, 0, 0, 0, 0, 0, 0, 0, 0, 0, 0, 0, 0, 0, 0, 0, 0, 0, 0, 0, 0, 0, 0, 0, 0, 0, 0, 0, 0, 0, 0, 0, 0, 0, 0, 0, 0, 0, 0, 0, 0, 0, 0, 0, 0, 0, 0, 0, 0, 0, 0, 0, 0, 0, 0, 0, 0, 0, 0, 0, 0, 0, 0, 0, 0, 0, 0, 0, 0, 0, 0, 0, 0, 0, 0, 0, 0, 0, 0, 0, 0, 0, 0, 0, 0, 0, 0, 0, 0, 0, 0, 0, 0, 0, 0, 0, 0, 0, 0, 0, 0, 0, 0, 0, 0, 0, 0, 0, 0, 0, 0, 0, 0, 0, 0, 0, 0, 0, 0, 0, 0, 0, 0, 0, 0, 0, 0, 0, 0, 0, 0, 0, 0, 0, 0, 0, 0, 0, 0, 0, 0, 0, 0, 0, 0, 0, 0, 0, 0, 0, 0, 0, 0, 0, 0, 0, 0, 0, 0, 0, 0, 0, 0, 0, 0, 0, 0, 0, 0, 0, 0, 0, 0, 0, 0, 0, 0, 0, 0, 0, 0, 0, 0, 0, 0, 0, 0, 0, 0, 0, 0, 0, 0, 0, 0, 0, 0, 0, 0, 0, 0, 0, 0, 0, 0, 0, 0, 0, 0, 0, 0, 0, 0, 0, 0, 0, 0, 0, 0, 0, 0]",0.0,"[32.986666666666665, 32.97333333333333, 32.97333333333333, 32.986666666666665, 32.97333333333333, 32.986666666666665, 32.97333333333333, 32.97333333333333, 32.986666666666665, 32.986666666666665, 32.986666666666665, 25.986666666666665, 17.0, 4.0, 1.0, 1.0, 0.0, 0.0, 0.0, 0.0, 0.0, 0.0, 0.0, 0.0, 0.0, 0.0, 0.0, 0.0, 0.0, 0.0, 0.0, 0.0, 0.0, 0.0, 0.0, 0.0, 0.0, 0.0, 0.0, 0.0, 0.0, 0.0, 0.0, 0.0, 0.0, 0.0, 0.0, 0.0, 0.0, 0.0, 0.0, 0.0, 0.0, 0.0, 0.0, 0.0, 0.0, 0.0, 0.0, 0.0, 0.0, 0.0, 0.0, 0.0, 0.0, 0.0, 0.0, 0.0, 0.0, 0.0, 0.0, 0.0, 0.0, 0.0, 0.0, 0.0, 0.0, 0.0, 0.0, 0.0, 0.0, 0.0, 0.0, 0.0, 0.0, 0.0, 0.0, 0.0, 0.0, 0.0, 0.0, 0.0, 0.0, 0.0, 0.0, 0.0, 0.0, 0.0, 0.0, 0.0, 0.0, 0.0, 0.0, 0.0, 0.0, 0.0, 0.0, 0.0, 0.0, 0.0, 0.0, 0.0, 0.0, 0.0, 0.0, 0.0, 0.0, 0.0, 0.0, 0.0, 0.0, 0.0, 0.0, 0.0, 0.0, 0.0, 0.0, 0.0, 0.0, 0.0, 0.0, 0.0, 0.0, 0.0, 0.0, 0.0, 0.0, 0.0, 0.0, 0.0, 0.0, 0.0, 0.0, 0.0, 0.0, 0.0, 0.0, 0.0, 0.0, 0.0, 0.0, 0.0, 0.0, 0.0, 0.0, 0.0, 0.0, 0.0, 0.0, 0.0, 0.0, 0.0, 0.0, 0.0, 0.0, 0.0, 0.0, 0.0, 0.0, 0.0, 0.0, 0.0, 0.0, 0.0, 0.0, 0.0, 0.0, 0.0, 0.0, 0.0, 0.0, 0.0, 0.0, 0.0, 0.0, 0.0, 0.0, 0.0, 0.0, 0.0, 0.0, 0.0, 0.0, 0.0, 0.0, 0.0, 0.0, 0.0, 0.0, 0.0, 0.0, 0.0, 0.0, 0.0, 0.0, 0.0, 0.0, 0.0, 0.0, 0.0, 0.0, 0.0, 0.0, 0.0, 0.0, 0.0, 0.0, 0.0, 0.0, 0.0, 0.0, 0.0, 0.0, 0.0, 0.0, 0.0, 0.0, 0.0, 0.0, 0.0, 0.0, 0.0, 0.0, 0.0, 0.0, 0.0, 0.0, 0.0, 0.0, 0.0, 0.0, 0.0, 0.0, 0.0, 0.0, 0.0, 0.0, 0.0, 0.0, 0.0, 0.0, 0.0, 0.0, 0.0, 0.0, 0.0, 0.0, 0.0, 0.0, 0.0, 0.0, 0.0, 0.0, 0.0, 0.0, 0.0, 0.0, 0.0, 0.0, 0.0, 0.0, 0.0, 0.0, 0.0, 0.0, 0.0, 0.0, 0.0, 0.0, 0.0, 0.0, 0.0, 0.0, 0.0, 0.0, 0.0, 0.0, 0.0, 0.0, 0.0, 0.0, 0.0, 0.0, 0.0, 0.0, 0.0, 0.0, 0.0, 0.0, 0.0, 0.0, 0.0, 0.0, 0.0, 0.0, 0.0, 0.0, 0.0, 0.0, 0.0, 0.0, 0.0, 0.0, 0.0, 0.0, 0.0, 0.0, 0.0, 0.0, 0.0, 0.0, 0.0, 0.0, 0.0, 0.0, 0.0, 0.0, 0.0, 0.0, 0.0, 0.0, 0.0, 0.0, 0.0, 0.0, 0.0, 0.0, 0.0, 0.0, 0.0, 0.0, 0.0, 0.0, 0.0, 0.0, 0.0, 0.0, 0.0, 0.0, 0.0, 0.0, 0.0, 0.0, 0.0, 0.0, 0.0, 0.0, 0.0, 0.0, 0.0, 0.0, 0.0, 0.0, 0.0, 0.0, 0.0, 0.0, 0.0, 0.0, 0.0]",0.5,0.5,0,"[33, 33, 33, 33, 33, 33, 33, 33, 33, 33, 33, 26, 17, 4, 1, 1, 0, 0, 0, 0, 0, 0, 0, 0, 0, 0, 0, 0, 0, 0, 0, 0, 0, 0, 0, 0, 0, 0, 0, 0, 0, 0, 0, 0, 0, 0, 0, 0, 0, 0, 0, 0, 0, 0, 0, 0, 0, 0, 0, 0, 0, 0, 0, 0, 0, 0, 0, 0, 0, 0, 0, 0, 0, 0, 0, 0, 0, 0, 0, 0, 0, 0, 0, 0, 0, 0, 0, 0, 0, 0, 0, 0, 0, 0, 0, 0, 0, 0, 0, 0, 0, 0, 0, 0, 0, 0, 0, 0, 0, 0, 0, 0, 0, 0, 0, 0, 0, 0, 0, 0, 0, 0, 0, 0, 0, 0, 0, 0, 0, 0, 0, 0, 0, 0, 0, 0, 0, 0, 0, 0, 0, 0, 0, 0, 0, 0, 0, 0, 0, 0, 0, 0, 0, 0, 0, 0, 0, 0, 0, 0, 0, 0, 0, 0, 0, 0, 0, 0, 0, 0, 0, 0, 0, 0, 0, 0, 0, 0, 0, 0, 0, 0, 0, 0, 0, 0, 0, 0, 0, 0, 0, 0, 0, 0, 0, 0, 0, 0, 0, 0, 0, 0, 0, 0, 0, 0, 0, 0, 0, 0, 0, 0, 0, 0, 0, 0, 0, 0, 0, 0, 0, 0, 0, 0, 0, 0, 0, 0, 0, 0, 0, 0, 0, 0, 0, 0, 0, 0, 0, 0, 0, 0, 0, 0, 0, 0, 0, 0, 0, 0, 0, 0, 0, 0, 0, 0, 0, 0, 0, 0, 0, 0, 0, 0, 0, 0, 0, 0, 0, 0, 0, 0, 0, 0, 0, 0, 0, 0, 0, 0, 0, 0, 0, 0, 0, 0, 0, 0, 0, 0, 0, 0, 0, 0, 0, 0, 0, 0, 0, 0, 0, 0, 0, 0, 0, 0, 0, 0, 0, 0, 0, 0, 0, 0, 0, 0, 0, 0, 0, 0, 0, 0, 0, 0, 0, 0, 0, 0, 0, 0, 0, 0, 0, 0, 0, 0, 0, 0, 0, 0, 0, 0, 0, 0, 0, 0, 0, 0, 0, 0, 0, 0, 0, 0, 0, 0, 0, 0, 0, 0, 0, 0, 0, 0, 0, 0, 0, 0, 0, 0]",370,"[1.2041348218917847, 0.8789483904838562, 1.6502349376678467, 1.1425046920776367, 1.6019068956375122, 0.6819100975990295, 1.0583590269088745, 0.6569911241531372, 0.6222806572914124, 0.6210840344429016, 0.9355052709579468, 0.9288985729217529, 1.5043600797653198, 1.1327179670333862, 0.45416828989982605, 0.5041066408157349, 0.42346641421318054, 1.1016229391098022, 1.026811122894287, 0.6150592565536499, 0.632367730140686, 0.8836253881454468, 0.5398696064949036, 0.91376131772995, 0.4948844611644745, 0.6367235779762268, 0.449383020401001, 0.8785824775695801, 0.42577072978019714, 1.2489807605743408, 0.6274460554122925, 0.41671791672706604, 0.5856990218162537, 0.4092459976673126, 1.5028589963912964, 0.8788149952888489, 0.40872296690940857, 1.7505905628204346, 0.9932278394699097, 1.5024992227554321, 0.44942912459373474, 0.4851130545139313, 0.41276252269744873, 0.4083171486854553, 0.660188615322113, 1.405707597732544, 1.0658360719680786, 1.521346092224121, 0.8384380340576172, 0.7325794696807861, 0.4453295171260834, 0.4416578710079193, 0.6999325752258301, 0.4199165105819702, 0.7332603335380554, 1.9539741277694702, 0.45243075489997864, 0.6294493675231934, 0.7232993841171265, 0.9018772840499878, 0.9326849579811096, 0.6005394458770752, 0.41071975231170654, 1.2375768423080444, 0.90259850025177, 0.49862053990364075, 0.4242266118526459, 0.6377659440040588, 0.42231500148773193, 1.2126133441925049, 0.5791835188865662, 0.6160026788711548, 1.1173204183578491, 0.5302065014839172, 0.9653522968292236, 0.4072367548942566, 0.5451279282569885, 0.5756192207336426, 0.40906158089637756, 1.139373779296875, 0.4074384272098541, 1.2320923805236816, 0.8473385572433472, 1.380155086517334, 0.8144505023956299, 0.4160151779651642, 1.370844841003418, 1.1661022901535034, 0.5186082720756531, 0.49903810024261475, 0.6946343183517456, 0.4132521450519562, 0.7441275715827942, 0.6084009408950806, 1.0887054204940796, 0.8425652980804443, 1.3035238981246948, 0.42462944984436035, 0.7961145043373108, 0.4491075873374939, 0.4222044348716736, 1.186880111694336, 1.0638691186904907, 1.4253665208816528, 0.40936514735221863, 1.2082103490829468, 0.5588996410369873, 0.45471084117889404, 0.5216702818870544, 1.1112332344055176, 0.63175368309021, 0.4095965325832367, 1.3036328554153442, 1.0572535991668701, 0.7739118933677673, 1.513129472732544, 0.4513236880302429, 1.0429351329803467, 0.4316462576389313, 0.8308043479919434, 0.9197807312011719, 0.5000421404838562, 0.5125253200531006, 1.261202096939087, 0.8883612155914307, 0.4073472321033478, 0.5703861117362976, 0.42010414600372314, 0.6411147117614746, 0.408618688583374, 1.142356276512146, 0.4388931393623352, 0.8509025573730469, 0.4874272048473358, 0.45105645060539246, 0.41165146231651306, 1.7215129137039185, 1.7390353679656982, 1.547295093536377, 0.41454461216926575, 0.764418363571167, 1.3273310661315918, 0.41693970561027527, 1.2837491035461426, 0.42026421427726746, 0.422298789024353, 0.824074387550354, 0.5782919526100159, 0.41006705164909363, 0.523983895778656, 0.4270738661289215, 1.0492734909057617, 0.4078005254268646, 0.4664572775363922, 0.4352078139781952, 0.9325488805770874, 0.4134804606437683, 0.5332359075546265, 0.5570423007011414, 1.3946564197540283, 0.4880110025405884, 0.408879816532135, 0.634680449962616, 0.6024605631828308, 1.145324945449829, 1.0343844890594482, 1.0818499326705933, 1.0111618041992188, 1.599830150604248, 1.6191061735153198, 0.6211073398590088, 0.6659336686134338, 0.43931376934051514, 0.4130912125110626, 0.40752673149108887, 1.1656643152236938, 0.9328022599220276, 0.4161573648452759, 0.7320513129234314, 1.1372720003128052, 1.2952419519424438, 0.43103599548339844, 0.42610710859298706, 0.9414356350898743, 0.4353504180908203, 1.3202519416809082, 0.5114340782165527, 1.8721448183059692, 0.7436017394065857, 1.3627755641937256, 0.48534178733825684, 0.43448179960250854, 0.40726032853126526, 0.617078959941864, 0.580483615398407, 1.045296549797058, 0.4291054904460907, 0.5397118330001831, 0.41912704706192017, 0.5195021629333496, 0.4845314919948578, 0.6472259759902954, 0.5095254778862, 0.8409597873687744, 1.205539345741272, 0.4747754633426666, 0.7208629846572876, 0.9691080451011658, 0.4740074872970581, 0.40764331817626953, 0.4765534996986389, 0.450948566198349, 0.8526263236999512, 0.45240768790245056, 0.5056998133659363, 1.0036603212356567, 1.3235533237457275, 0.4146570563316345, 0.5773898959159851, 0.4610644280910492, 0.9290524125099182, 0.5475047826766968, 0.45253700017929077, 0.5165786147117615, 1.5272408723831177, 0.4600990414619446, 0.578995943069458, 1.479262351989746, 0.4718993306159973, 0.4203680455684662, 1.1942191123962402, 0.5569911003112793, 0.5829183459281921, 1.22397780418396, 0.6305824518203735, 0.4077027142047882, 1.1759018898010254, 0.8923113942146301, 0.5362918376922607, 0.8487959504127502, 1.3117276430130005, 0.6725600957870483, 0.44080865383148193, 0.40722694993019104, 1.2503782510757446, 0.6794221997261047, 0.4556595981121063, 0.8572847843170166, 0.6265334486961365, 0.6718018054962158, 0.41319510340690613, 0.49719515442848206, 0.7278416156768799, 0.9959753155708313, 0.4629344642162323, 0.41553550958633423, 0.8715007305145264, 0.4074566662311554, 0.5299794673919678, 0.7861955165863037, 1.463187575340271, 0.7956875562667847, 0.4158165752887726, 0.7568498253822327, 0.40735897421836853, 1.0966190099716187, 0.810376763343811, 1.7400000095367432, 1.2227901220321655, 0.7354593873023987, 1.4333202838897705, 0.5813876986503601, 1.2335468530654907, 0.7161099314689636, 1.2235602140426636, 0.4743790924549103, 0.7408943176269531, 0.431997150182724, 0.45747020840644836, 0.47345083951950073, 0.42237934470176697, 0.6435878872871399, 0.4584791958332062, 1.0744150876998901, 0.47333604097366333, 0.4288104772567749, 0.408507764339447, 0.5303256511688232, 1.841957688331604, 1.474378228187561, 0.48474356532096863, 0.4871847629547119, 0.9424380660057068, 0.4072401821613312, 0.6885892748832703, 0.7078423500061035, 0.8674059510231018, 0.434487521648407, 0.4990302622318268, 1.0251057147979736, 0.788678765296936, 1.16129732131958, 1.0717238187789917, 0.6367067098617554, 1.1030170917510986, 0.5006681680679321, 0.4483660161495209, 0.5924637913703918, 0.614946186542511, 0.40814492106437683, 0.4314614236354828, 0.6600831747055054, 0.40954434871673584, 1.7549018859863281, 0.8712727427482605, 0.7653846740722656, 1.164314866065979, 0.6019341349601746, 0.5472908020019531, 1.1814630031585693, 0.8625491261482239, 1.431337833404541, 0.4740208387374878, 0.8006412386894226, 1.0135388374328613, 0.7027504444122314, 1.913378119468689, 0.8915132284164429, 0.9626820087432861, 0.795500636100769, 1.194124698638916, 0.9160728454589844, 1.889836072921753, 1.2582409381866455, 0.563947856426239, 0.43438804149627686, 1.5141808986663818, 0.9943179488182068, 0.7668194770812988, 0.42578423023223877, 0.853191077709198, 0.9739376306533813, 0.6056516766548157, 0.7676081657409668, 1.0849783420562744, 0.7089306712150574, 1.739565372467041, 1.101436972618103, 0.6895794868469238, 0.5471742749214172, 1.7681360244750977, 1.4555466175079346, 0.41751229763031006, 1.7097586393356323, 1.4174350500106812, 0.4072345793247223, 1.394391655921936, 0.4506340026855469, 0.41062554717063904, 0.7821335792541504, 0.7183520793914795, 1.2048711776733398, 0.44624122977256775, 0.42423972487449646, 0.7721609473228455, 0.42604681849479675, 0.6419456005096436, 0.483724445104599, 0.40946879982948303, 0.6035504341125488]",0.0,"[33.0, 33.0, 33.0, 33.0, 33.0, 33.0, 33.0, 33.0, 33.0, 33.0, 33.0, 26.0, 17.0, 4.0, 1.0, 1.0, 0.0, 0.0, 0.0, 0.0, 0.0, 0.0, 0.0, 0.0, 0.0, 0.0, 0.0, 0.0, 0.0, 0.0, 0.0, 0.0, 0.0, 0.0, 0.0, 0.0, 0.0, 0.0, 0.0, 0.0, 0.0, 0.0, 0.0, 0.0, 0.0, 0.0, 0.0, 0.0, 0.0, 0.0, 0.0, 0.0, 0.0, 0.0, 0.0, 0.0, 0.0, 0.0, 0.0, 0.0, 0.0, 0.0, 0.0, 0.0, 0.0, 0.0, 0.0, 0.0, 0.0, 0.0, 0.0, 0.0, 0.0, 0.0, 0.0, 0.0, 0.0, 0.0, 0.0, 0.0, 0.0, 0.0, 0.0, 0.0, 0.0, 0.0, 0.0, 0.0, 0.0, 0.0, 0.0, 0.0, 0.0, 0.0, 0.0, 0.0, 0.0, 0.0, 0.0, 0.0, 0.0, 0.0, 0.0, 0.0, 0.0, 0.0, 0.0, 0.0, 0.0, 0.0, 0.0, 0.0, 0.0, 0.0, 0.0, 0.0, 0.0, 0.0, 0.0, 0.0, 0.0, 0.0, 0.0, 0.0, 0.0, 0.0, 0.0, 0.0, 0.0, 0.0, 0.0, 0.0, 0.0, 0.0, 0.0, 0.0, 0.0, 0.0, 0.0, 0.0, 0.0, 0.0, 0.0, 0.0, 0.0, 0.0, 0.0, 0.0, 0.0, 0.0, 0.0, 0.0, 0.0, 0.0, 0.0, 0.0, 0.0, 0.0, 0.0, 0.0, 0.0, 0.0, 0.0, 0.0, 0.0, 0.0, 0.0, 0.0, 0.0, 0.0, 0.0, 0.0, 0.0, 0.0, 0.0, 0.0, 0.0, 0.0, 0.0, 0.0, 0.0, 0.0, 0.0, 0.0, 0.0, 0.0, 0.0, 0.0, 0.0, 0.0, 0.0, 0.0, 0.0, 0.0, 0.0, 0.0, 0.0, 0.0, 0.0, 0.0, 0.0, 0.0, 0.0, 0.0, 0.0, 0.0, 0.0, 0.0, 0.0, 0.0, 0.0, 0.0, 0.0, 0.0, 0.0, 0.0, 0.0, 0.0, 0.0, 0.0, 0.0, 0.0, 0.0, 0.0, 0.0, 0.0, 0.0, 0.0, 0.0, 0.0, 0.0, 0.0, 0.0, 0.0, 0.0, 0.0, 0.0, 0.0, 0.0, 0.0, 0.0, 0.0, 0.0, 0.0, 0.0, 0.0, 0.0, 0.0, 0.0, 0.0, 0.0, 0.0, 0.0, 0.0, 0.0, 0.0, 0.0, 0.0, 0.0, 0.0, 0.0, 0.0, 0.0, 0.0, 0.0, 0.0, 0.0, 0.0, 0.0, 0.0, 0.0, 0.0, 0.0, 0.0, 0.0, 0.0, 0.0, 0.0, 0.0, 0.0, 0.0, 0.0, 0.0, 0.0, 0.0, 0.0, 0.0, 0.0, 0.0, 0.0, 0.0, 0.0, 0.0, 0.0, 0.0, 0.0, 0.0, 0.0, 0.0, 0.0, 0.0, 0.0, 0.0, 0.0, 0.0, 0.0, 0.0, 0.0, 0.0, 0.0, 0.0, 0.0, 0.0, 0.0, 0.0, 0.0, 0.0, 0.0, 0.0, 0.0, 0.0, 0.0, 0.0, 0.0, 0.0, 0.0, 0.0, 0.0, 0.0, 0.0, 0.0, 0.0, 0.0, 0.0, 0.0, 0.0, 0.0, 0.0, 0.0, 0.0, 0.0, 0.0, 0.0, 0.0, 0.0, 0.0, 0.0, 0.0, 0.0, 0.0, 0.0, 0.0, 0.0, 0.0, 0.0, 0.0, 0.0, 0.0, 0.0, 0.0, 0.0, 0.0, 0.0, 0.0, 0.0, 0.0, 0.0, 0.0, 0.0, 0.0]",COMPLETE
