,number,value,datetime_start,datetime_complete,duration,params_batch_size_scaler,params_constant_learning_rate,params_depth,params_epochs,params_kernel_l2,params_num_trees,params_temperature,user_attrs_accuracy_test,user_attrs_accuracy_valid,user_attrs_approximate_feature_sparsity,user_attrs_approximate_feature_sparsity_history,user_attrs_approximate_weight_sparsity,user_attrs_approximate_weight_sparsity_history,user_attrs_auc_test,user_attrs_auc_valid,user_attrs_feature_sparsity,user_attrs_feature_sparsity_history,user_attrs_num_epochs,user_attrs_val_loss_history,user_attrs_weight_sparsity,user_attrs_weight_sparsity_history,state
104,104,0.9197227911530187,2024-08-31 04:41:38.011607,2024-08-31 04:42:28.957991,0 days 00:00:50.946384,16,8.24467562780735,1,495,0.0027363525220648202,61,0.0012110449673564002,0.894,0.90625,25,"[33, 29, 29, 29, 29, 29, 29, 29, 29, 29, 29, 29, 29, 29, 29, 29, 29, 29, 29, 29, 29, 29, 29, 29, 29, 29, 29, 29, 29, 29, 29, 29, 29, 29, 29, 29, 29, 29, 29, 29, 29, 29, 29, 29, 29, 29, 29, 29, 29, 29, 29, 29, 29, 29, 29, 29, 29, 29, 29, 29, 29, 29, 29, 29, 29, 29, 29, 29, 29, 29, 29, 29, 29, 29, 29, 29, 29, 29, 29, 29, 29, 29, 29, 29, 29, 29, 29, 29, 29, 29, 29, 29, 29, 29, 29, 29, 29, 29, 29, 29, 29, 29, 29, 29, 29, 29, 29, 29, 29, 29, 29, 29, 29, 29, 29, 29, 29, 29, 29, 29, 29, 29, 29, 29, 29, 29, 29, 29, 29, 29, 29, 29, 29, 29, 29, 29, 29, 29, 29, 29, 29, 29, 29, 29, 29, 29, 29, 29, 29, 29, 29, 29, 29, 29, 29, 29, 29, 29, 29, 29, 29, 29, 29, 29, 29, 29, 28, 28, 28, 28, 28, 28, 28, 28, 28, 28, 28, 28, 28, 28, 28, 28, 28, 28, 28, 28, 28, 28, 28, 28, 28, 28, 28, 28, 28, 28, 28, 28, 28, 28, 28, 28, 28, 28, 28, 28, 28, 28, 28, 28, 28, 28, 28, 28, 28, 28, 28, 28, 28, 28, 28, 28, 28, 28, 28, 28, 28, 28, 28, 28, 28, 28, 28, 28, 28, 28, 28, 28, 28, 28, 28, 28, 28, 28, 28, 28, 28, 28, 28, 28, 28, 28, 28, 28, 28, 28, 28, 28, 28, 28, 28, 28, 28, 28, 28, 28, 28, 28, 28, 28, 28, 28, 28, 28, 28, 28, 28, 28, 28, 28, 28, 28, 28, 28, 28, 28, 28, 28, 28, 28, 28, 28, 28, 28, 28, 28, 28, 28, 28, 28, 28, 28, 28, 28, 28, 28, 28, 28, 28, 28, 28, 28, 28, 28, 28, 28, 28, 28, 28, 28, 28, 28, 28, 28, 28, 28, 28, 28, 28, 28, 28, 28, 28, 28, 28, 28, 28, 28, 28, 28, 28, 28, 28, 28, 28, 28, 28, 28, 28, 28, 28, 28, 28, 28, 28, 28, 28, 28, 28, 28, 28, 28, 28, 28, 28, 28, 28, 28, 27, 26, 26, 26, 26, 26, 26, 26, 26, 26, 26, 26, 26, 26, 26, 26, 26, 26, 26, 26, 26, 26, 26, 26, 26, 26, 26, 26, 26, 26, 26, 26, 26, 26, 26, 26, 26, 26, 26, 26, 26, 26, 26, 26, 26, 26, 26, 26, 26, 26, 26, 26, 26, 26, 26, 26, 26, 26, 26, 26, 26, 26, 26, 26, 26, 26, 26, 26, 26, 26, 26, 26, 26, 26, 26, 26, 26, 26, 26, 26, 26, 26, 26, 26, 26, 26, 26, 26, 26, 26, 26, 26, 26, 26, 26, 26, 26, 26, 26, 26, 25, 25, 25, 25, 25, 25, 25, 25, 25, 25, 25, 25, 25, 25, 25, 25, 25, 25, 25, 25, 25, 25, 25, 25, 25, 25, 25]",25.0,"[32.98360655737705, 29.0, 28.98360655737705, 29.0, 29.0, 29.0, 29.0, 29.0, 29.0, 29.0, 29.0, 29.0, 29.0, 29.0, 29.0, 29.0, 29.0, 29.0, 29.0, 29.0, 28.98360655737705, 29.0, 28.98360655737705, 29.0, 29.0, 29.0, 29.0, 29.0, 29.0, 29.0, 29.0, 29.0, 29.0, 29.0, 29.0, 29.0, 29.0, 29.0, 29.0, 29.0, 29.0, 29.0, 29.0, 29.0, 29.0, 29.0, 29.0, 29.0, 29.0, 29.0, 28.98360655737705, 29.0, 29.0, 29.0, 29.0, 29.0, 28.98360655737705, 29.0, 29.0, 28.983606557377048, 29.0, 29.0, 29.0, 29.0, 29.0, 29.0, 29.0, 29.0, 29.0, 29.0, 29.0, 29.0, 28.98360655737705, 29.0, 29.0, 29.0, 29.0, 29.0, 29.0, 29.0, 29.0, 29.0, 29.0, 29.0, 29.0, 29.0, 29.0, 29.0, 29.0, 29.0, 28.98360655737705, 29.0, 29.0, 29.0, 29.0, 29.0, 29.0, 28.98360655737705, 28.98360655737705, 29.0, 28.98360655737705, 29.0, 29.0, 29.0, 29.0, 29.0, 29.0, 29.0, 29.0, 29.0, 29.0, 29.0, 29.0, 29.0, 29.0, 29.0, 29.0, 29.0, 29.0, 29.0, 29.0, 29.0, 29.0, 29.0, 29.0, 29.0, 29.0, 29.0, 29.0, 29.0, 29.0, 28.98360655737705, 29.0, 29.0, 29.0, 29.0, 29.0, 29.0, 29.0, 29.0, 29.0, 29.0, 29.0, 29.0, 29.0, 29.0, 28.98360655737705, 29.0, 29.0, 29.0, 29.0, 29.0, 29.0, 29.0, 29.0, 29.0, 29.0, 29.0, 29.0, 29.0, 29.0, 29.0, 29.0, 29.0, 29.0, 29.0, 28.0, 27.98360655737705, 28.0, 28.0, 28.0, 28.0, 28.0, 28.0, 28.0, 28.0, 28.0, 28.0, 28.0, 28.0, 27.9672131147541, 28.0, 28.0, 28.0, 28.0, 28.0, 28.0, 28.0, 28.0, 28.0, 28.0, 28.0, 28.0, 28.0, 28.0, 28.0, 28.0, 28.0, 28.0, 28.0, 28.0, 28.0, 28.0, 28.0, 28.0, 28.0, 28.0, 28.0, 28.0, 28.0, 28.0, 28.0, 28.0, 28.0, 28.0, 28.0, 28.0, 28.0, 28.0, 28.0, 28.0, 28.0, 28.0, 28.0, 28.0, 28.0, 28.0, 28.0, 28.0, 28.0, 28.0, 28.0, 28.0, 28.0, 28.0, 28.0, 28.0, 28.0, 28.0, 28.0, 28.0, 28.0, 27.98360655737705, 28.0, 28.0, 28.0, 28.0, 28.0, 28.0, 28.0, 28.0, 28.0, 28.0, 28.0, 28.0, 28.0, 28.0, 28.0, 28.0, 28.0, 28.0, 28.0, 28.0, 28.0, 28.0, 27.98360655737705, 28.0, 28.0, 28.0, 28.0, 28.0, 28.0, 28.0, 28.0, 28.0, 28.0, 28.0, 28.0, 27.98360655737705, 28.0, 28.0, 28.0, 27.98360655737705, 28.0, 28.0, 28.0, 28.0, 28.0, 28.0, 28.0, 28.0, 28.0, 28.0, 28.0, 28.0, 28.0, 28.0, 28.0, 28.0, 28.0, 28.0, 28.0, 28.0, 28.0, 28.0, 28.0, 28.0, 28.0, 28.0, 28.0, 27.98360655737705, 28.0, 28.0, 28.0, 28.0, 28.0, 28.0, 28.0, 28.0, 28.0, 28.0, 28.0, 27.98360655737705, 28.0, 28.0, 28.0, 28.0, 28.0, 28.0, 28.0, 28.0, 28.0, 28.0, 28.0, 28.0, 28.0, 28.0, 28.0, 28.0, 28.0, 28.0, 28.0, 28.0, 28.0, 28.0, 28.0, 28.0, 28.0, 28.0, 28.0, 28.0, 28.0, 28.0, 28.0, 28.0, 28.0, 28.0, 28.0, 28.0, 28.0, 28.0, 28.0, 28.0, 28.0, 28.0, 28.0, 28.0, 28.0, 27.0, 26.0, 26.0, 26.0, 26.0, 26.0, 26.0, 26.0, 26.0, 26.0, 26.0, 26.0, 26.0, 26.0, 26.0, 26.0, 26.0, 26.0, 26.0, 26.0, 26.0, 26.0, 26.0, 26.0, 25.98360655737705, 26.0, 26.0, 26.0, 26.0, 26.0, 26.0, 26.0, 26.0, 26.0, 25.98360655737705, 26.0, 26.0, 26.0, 26.0, 26.0, 26.0, 26.0, 26.0, 26.0, 26.0, 26.0, 26.0, 26.0, 26.0, 26.0, 26.0, 25.98360655737705, 26.0, 26.0, 26.0, 26.0, 26.0, 26.0, 26.0, 26.0, 26.0, 26.0, 26.0, 26.0, 26.0, 26.0, 26.0, 26.0, 26.0, 26.0, 25.98360655737705, 25.98360655737705, 26.0, 26.0, 26.0, 26.0, 26.0, 26.0, 25.98360655737705, 26.0, 26.0, 26.0, 26.0, 25.98360655737705, 26.0, 26.0, 26.0, 26.0, 26.0, 26.0, 26.0, 26.0, 26.0, 26.0, 26.0, 26.0, 26.0, 26.0, 26.0, 26.0, 25.0, 25.0, 25.0, 24.98360655737705, 25.0, 25.0, 25.0, 25.0, 25.0, 25.0, 25.0, 25.0, 25.0, 25.0, 25.0, 25.0, 25.0, 24.98360655737705, 25.0, 25.0, 25.0, 25.0, 25.0, 25.0, 25.0, 25.0, 25.0]",0.8740329758336841,0.9197227911530187,25,"[33, 29, 29, 29, 29, 29, 29, 29, 29, 29, 29, 29, 29, 29, 29, 29, 29, 29, 29, 29, 29, 29, 29, 29, 29, 29, 29, 29, 29, 29, 29, 29, 29, 29, 29, 29, 29, 29, 29, 29, 29, 29, 29, 29, 29, 29, 29, 29, 29, 29, 29, 29, 29, 29, 29, 29, 29, 29, 29, 29, 29, 29, 29, 29, 29, 29, 29, 29, 29, 29, 29, 29, 29, 29, 29, 29, 29, 29, 29, 29, 29, 29, 29, 29, 29, 29, 29, 29, 29, 29, 29, 29, 29, 29, 29, 29, 29, 29, 29, 29, 29, 29, 29, 29, 29, 29, 29, 29, 29, 29, 29, 29, 29, 29, 29, 29, 29, 29, 29, 29, 29, 29, 29, 29, 29, 29, 29, 29, 29, 29, 29, 29, 29, 29, 29, 29, 29, 29, 29, 29, 29, 29, 29, 29, 29, 29, 29, 29, 29, 29, 29, 29, 29, 29, 29, 29, 29, 29, 29, 29, 29, 29, 29, 29, 29, 29, 28, 28, 28, 28, 28, 28, 28, 28, 28, 28, 28, 28, 28, 28, 28, 28, 28, 28, 28, 28, 28, 28, 28, 28, 28, 28, 28, 28, 28, 28, 28, 28, 28, 28, 28, 28, 28, 28, 28, 28, 28, 28, 28, 28, 28, 28, 28, 28, 28, 28, 28, 28, 28, 28, 28, 28, 28, 28, 28, 28, 28, 28, 28, 28, 28, 28, 28, 28, 28, 28, 28, 28, 28, 28, 28, 28, 28, 28, 28, 28, 28, 28, 28, 28, 28, 28, 28, 28, 28, 28, 28, 28, 28, 28, 28, 28, 28, 28, 28, 28, 28, 28, 28, 28, 28, 28, 28, 28, 28, 28, 28, 28, 28, 28, 28, 28, 28, 28, 28, 28, 28, 28, 28, 28, 28, 28, 28, 28, 28, 28, 28, 28, 28, 28, 28, 28, 28, 28, 28, 28, 28, 28, 28, 28, 28, 28, 28, 28, 28, 28, 28, 28, 28, 28, 28, 28, 28, 28, 28, 28, 28, 28, 28, 28, 28, 28, 28, 28, 28, 28, 28, 28, 28, 28, 28, 28, 28, 28, 28, 28, 28, 28, 28, 28, 28, 28, 28, 28, 28, 28, 28, 28, 28, 28, 28, 28, 28, 28, 28, 28, 28, 28, 27, 26, 26, 26, 26, 26, 26, 26, 26, 26, 26, 26, 26, 26, 26, 26, 26, 26, 26, 26, 26, 26, 26, 26, 26, 26, 26, 26, 26, 26, 26, 26, 26, 26, 26, 26, 26, 26, 26, 26, 26, 26, 26, 26, 26, 26, 26, 26, 26, 26, 26, 26, 26, 26, 26, 26, 26, 26, 26, 26, 26, 26, 26, 26, 26, 26, 26, 26, 26, 26, 26, 26, 26, 26, 26, 26, 26, 26, 26, 26, 26, 26, 26, 26, 26, 26, 26, 26, 26, 26, 26, 26, 26, 26, 26, 26, 26, 26, 26, 26, 25, 25, 25, 25, 25, 25, 25, 25, 25, 25, 25, 25, 25, 25, 25, 25, 25, 25, 25, 25, 25, 25, 25, 25, 25, 25, 25]",495,"[30.374290466308594, 10.491887092590332, 19.63761329650879, 93.95780944824219, 67.768798828125, 3.6944644451141357, 10.897439956665039, 7.502589225769043, 3.495743989944458, 14.92987060546875, 10.348987579345703, 7.585318565368652, 32.929447174072266, 4.351224899291992, 4.659955024719238, 8.941402435302734, 12.121194839477539, 11.337005615234375, 2.715811252593994, 3.9356682300567627, 19.16512680053711, 31.219369888305664, 8.860956192016602, 4.160179615020752, 8.6234712600708, 2.7325143814086914, 3.380265235900879, 3.5221710205078125, 5.554873466491699, 4.208960056304932, 7.3025312423706055, 3.7130701541900635, 3.02815318107605, 13.977662086486816, 7.055471420288086, 29.938814163208008, 2.7625951766967773, 3.7573800086975098, 4.3258891105651855, 5.140356540679932, 3.3349950313568115, 3.4333605766296387, 3.1925253868103027, 12.455282211303711, 6.28425407409668, 2.8608996868133545, 3.12371826171875, 4.835007190704346, 5.88496208190918, 4.433880805969238, 3.5062923431396484, 3.439210891723633, 3.040591239929199, 4.641845226287842, 4.440053939819336, 3.2943549156188965, 5.417040824890137, 3.154529333114624, 4.03188419342041, 5.622213363647461, 2.920356512069702, 5.077726364135742, 12.532934188842773, 3.1043484210968018, 3.8408493995666504, 3.4474029541015625, 2.819868803024292, 12.428257942199707, 3.186532497406006, 3.02315092086792, 5.320086479187012, 5.527512073516846, 3.635099172592163, 3.0242230892181396, 2.971991777420044, 3.0005369186401367, 2.7893378734588623, 2.8520822525024414, 2.842841386795044, 2.765598773956299, 2.873264789581299, 2.8596301078796387, 2.8231313228607178, 2.758528232574463, 2.8093316555023193, 2.75174617767334, 2.7325754165649414, 2.7323837280273438, 2.699014902114868, 2.653994083404541, 2.802452325820923, 9.361540794372559, 23.672019958496094, 3.7290148735046387, 9.056349754333496, 11.063098907470703, 3.34133243560791, 2.997466802597046, 2.96250581741333, 2.6597890853881836, 3.03312349319458, 7.819056987762451, 3.1325137615203857, 3.5262179374694824, 3.162954092025757, 3.0883820056915283, 2.8373966217041016, 3.2225959300994873, 2.749469518661499, 2.610051155090332, 2.685361862182617, 2.6531283855438232, 2.641512393951416, 2.6136703491210938, 2.610705614089966, 2.5527288913726807, 2.536583185195923, 2.5231683254241943, 2.4987621307373047, 2.4828336238861084, 2.462660551071167, 2.461897850036621, 2.440587282180786, 2.419682502746582, 2.410567283630371, 2.3852765560150146, 2.382554531097412, 2.3702585697174072, 2.3642537593841553, 2.345712900161743, 2.3321378231048584, 2.307894706726074, 2.2946672439575195, 2.2811803817749023, 2.2791547775268555, 2.2756667137145996, 2.2447397708892822, 2.232656478881836, 2.225118637084961, 2.2203590869903564, 2.206557035446167, 2.200573444366455, 2.1970529556274414, 2.1802375316619873, 2.1661908626556396, 2.16770601272583, 2.1499998569488525, 2.136093854904175, 2.1249160766601562, 2.121938705444336, 2.107595920562744, 2.0882089138031006, 2.1040663719177246, 2.0933966636657715, 2.079725980758667, 2.0644302368164062, 2.0789833068847656, 2.0309364795684814, 2.0496628284454346, 2.032111644744873, 2.026087522506714, 2.00542950630188, 2.0042924880981445, 1.999172568321228, 1.979720950126648, 1.9424962997436523, 14.252963066101074, 37.18474197387695, 26.917909622192383, 7.195064544677734, 18.389501571655273, 3.353847026824951, 3.300476312637329, 4.1995391845703125, 3.7451889514923096, 5.642602920532227, 3.6055972576141357, 2.856274366378784, 2.452427864074707, 4.923034191131592, 2.7360339164733887, 2.7673046588897705, 19.56760597229004, 2.7970545291900635, 2.4887337684631348, 2.9336533546447754, 2.452763557434082, 2.335801362991333, 4.958566188812256, 3.6874659061431885, 2.506633996963501, 2.701653480529785, 3.0854971408843994, 2.692507028579712, 3.0384676456451416, 2.318150281906128, 5.13569450378418, 3.6450324058532715, 4.370649337768555, 4.651086807250977, 4.217998504638672, 2.486550807952881, 2.5469183921813965, 2.3303658962249756, 2.353255271911621, 2.3326046466827393, 2.3100388050079346, 2.302161693572998, 2.284541606903076, 2.2676925659179688, 2.2576792240142822, 2.2402472496032715, 2.2299418449401855, 2.2186267375946045, 2.207594871520996, 2.1914103031158447, 2.1821789741516113, 2.171356201171875, 2.1592228412628174, 2.1468586921691895, 2.1363723278045654, 2.1253490447998047, 2.116483688354492, 2.112955093383789, 2.096296787261963, 2.0934371948242188, 2.0798914432525635, 2.0793590545654297, 2.0663998126983643, 2.0591351985931396, 2.0511603355407715, 2.039961814880371, 2.0287139415740967, 2.021615505218506, 2.016038417816162, 2.00787615776062, 2.0002353191375732, 1.9874686002731323, 1.9788644313812256, 1.9687004089355469, 1.9692471027374268, 1.9522640705108643, 1.9535871744155884, 1.9290913343429565, 1.922014594078064, 1.9197331666946411, 1.9006354808807373, 1.909860372543335, 1.8953993320465088, 1.8888616561889648, 1.8775655031204224, 1.8744393587112427, 1.862040400505066, 1.8568342924118042, 1.8523350954055786, 1.8414278030395508, 1.8231959342956543, 1.8279505968093872, 1.791730523109436, 1.8106484413146973, 1.7823643684387207, 1.7917230129241943, 1.7846403121948242, 1.796025037765503, 1.7741466760635376, 1.7528942823410034, 1.7483694553375244, 1.7448513507843018, 1.727670431137085, 1.7167587280273438, 1.7059450149536133, 1.7060575485229492, 1.7098385095596313, 1.7406753301620483, 4.257884502410889, 5.459371566772461, 7.736522197723389, 21.27385902404785, 10.932547569274902, 5.521831512451172, 4.849259376525879, 2.6516430377960205, 2.689685583114624, 2.586665630340576, 2.9346463680267334, 4.378527641296387, 3.1976211071014404, 5.942916393280029, 19.915220260620117, 2.683974504470825, 3.2293920516967773, 2.4113550186157227, 2.247811794281006, 4.182049751281738, 3.0599629878997803, 2.576176166534424, 4.484273433685303, 3.3279941082000732, 2.2932181358337402, 2.123333692550659, 2.162538528442383, 2.588444709777832, 2.3315978050231934, 4.662341117858887, 2.2984681129455566, 8.562821388244629, 2.242814779281616, 2.2862300872802734, 2.2726621627807617, 2.1792495250701904, 2.251526117324829, 2.11159086227417, 2.1348354816436768, 2.1395680904388428, 2.100489854812622, 2.084080219268799, 2.065671443939209, 2.042325496673584, 2.023556709289551, 2.0072481632232666, 1.9979366064071655, 1.970359206199646, 1.9503593444824219, 1.938893437385559, 1.9177138805389404, 1.9035285711288452, 1.8898869752883911, 1.8741344213485718, 1.864527702331543, 1.846051812171936, 1.8329418897628784, 1.8244123458862305, 1.80645751953125, 1.79366135597229, 1.774283766746521, 1.767868995666504, 1.7560184001922607, 1.7433220148086548, 1.7337956428527832, 1.7205910682678223, 1.7111496925354004, 1.7003141641616821, 1.6885442733764648, 1.680755615234375, 1.6724956035614014, 1.6654309034347534, 1.657554030418396, 1.6485133171081543, 1.6358004808425903, 1.6340886354446411, 1.631294846534729, 1.6205881834030151, 1.6098955869674683, 1.603063941001892, 1.5951405763626099, 1.5883491039276123, 1.5932018756866455, 1.5645791292190552, 1.5739392042160034, 1.5609979629516602, 1.5807044506072998, 1.5500738620758057, 1.5464484691619873, 1.5418701171875, 1.5289655923843384, 1.5231313705444336, 1.5240548849105835, 1.506866455078125, 1.5813411474227905, 3.2331185340881348, 19.286449432373047, 3.689906358718872, 4.042105197906494, 6.3926544189453125, 2.251735210418701, 11.07404899597168, 10.711852073669434, 10.982244491577148, 3.5956859588623047, 3.0083723068237305, 2.197470188140869, 2.0578300952911377, 2.455737829208374, 3.7230136394500732, 5.683098793029785, 2.9933080673217773, 2.090825080871582, 2.0212204456329346, 4.428961277008057, 2.181194543838501, 3.326108455657959, 2.3030245304107666, 2.279738664627075, 2.454392671585083, 10.801268577575684, 8.165562629699707, 4.205726146697998, 2.7873549461364746, 2.284430980682373, 2.2248008251190186, 2.239563226699829, 2.125509738922119, 2.1341121196746826, 2.184674024581909, 2.159907579421997, 2.088299512863159, 2.134885549545288, 2.168517589569092, 2.137726068496704, 2.0825252532958984, 2.072572946548462, 2.0559747219085693, 2.042555809020996, 2.032918930053711, 2.02872371673584, 2.0138916969299316, 1.9971078634262085, 1.9761178493499756, 1.9764857292175293, 1.9619389772415161, 1.9575657844543457, 1.9336360692977905, 1.9377285242080688, 1.917576551437378, 1.9137673377990723, 1.9095796346664429, 1.8961496353149414, 1.8885369300842285, 1.883186936378479, 1.8667514324188232, 1.8737435340881348, 1.8478022813796997, 1.848374366760254, 1.8423724174499512, 1.8159369230270386, 1.814581274986267, 1.8032279014587402, 1.8035539388656616, 1.7856686115264893, 1.784203290939331, 1.7885991334915161, 1.7628555297851562, 1.7374681234359741, 1.771876573562622, 1.7484335899353027, 1.741054892539978, 1.756940484046936, 1.7271203994750977, 1.7208939790725708, 1.7087401151657104, 1.7093054056167603, 1.69502592086792, 1.6987696886062622, 1.6984584331512451, 1.6762369871139526, 1.690290093421936, 1.653157353401184, 1.6497584581375122, 1.7131695747375488, 1.6464407444000244, 1.635823369026184, 1.6245415210723877, 1.609846830368042, 1.6438989639282227, 1.6259723901748657, 1.6338180303573608, 1.6965099573135376, 1.5821130275726318, 3.3979265689849854, 2.9317123889923096, 4.579066276550293, 3.5281476974487305, 2.9982008934020996, 2.390252113342285, 5.318613052368164, 2.828096628189087, 2.369810104370117, 8.869067192077637, 2.530381679534912, 6.676821708679199, 4.8782057762146, 2.549072504043579, 2.911721706390381, 19.34977912902832, 1.8066366910934448, 2.3564445972442627, 2.6085445880889893, 1.9984112977981567, 2.462613344192505, 2.7528138160705566, 2.144587993621826, 1.8972362279891968, 2.317214012145996, 1.8553266525268555, 1.7607768774032593]",25.0,"[33.0, 29.0, 29.0, 29.0, 29.0, 29.0, 29.0, 29.0, 29.0, 29.0, 29.0, 29.0, 29.0, 29.0, 29.0, 29.0, 29.0, 29.0, 29.0, 29.0, 29.0, 29.0, 29.0, 29.0, 29.0, 29.0, 29.0, 29.0, 29.0, 29.0, 29.0, 29.0, 29.0, 29.0, 29.0, 29.0, 29.0, 29.0, 29.0, 29.0, 29.0, 29.0, 29.0, 29.0, 29.0, 29.0, 29.0, 29.0, 29.0, 29.0, 29.0, 29.0, 29.0, 29.0, 29.0, 29.0, 29.0, 29.0, 29.0, 29.0, 29.0, 29.0, 29.0, 29.0, 29.0, 29.0, 29.0, 29.0, 29.0, 29.0, 29.0, 29.0, 29.0, 29.0, 29.0, 29.0, 29.0, 29.0, 29.0, 29.0, 29.0, 29.0, 29.0, 29.0, 29.0, 29.0, 29.0, 29.0, 29.0, 29.0, 29.0, 29.0, 29.0, 29.0, 29.0, 29.0, 29.0, 29.0, 29.0, 29.0, 29.0, 29.0, 29.0, 29.0, 29.0, 29.0, 29.0, 29.0, 29.0, 29.0, 29.0, 29.0, 29.0, 29.0, 29.0, 29.0, 29.0, 29.0, 29.0, 29.0, 29.0, 29.0, 29.0, 29.0, 29.0, 29.0, 29.0, 29.0, 29.0, 29.0, 29.0, 29.0, 29.0, 29.0, 29.0, 29.0, 29.0, 29.0, 29.0, 29.0, 29.0, 29.0, 29.0, 29.0, 29.0, 29.0, 29.0, 29.0, 29.0, 29.0, 29.0, 29.0, 29.0, 29.0, 29.0, 29.0, 29.0, 29.0, 29.0, 29.0, 29.0, 29.0, 29.0, 29.0, 29.0, 29.0, 28.0, 28.0, 28.0, 28.0, 28.0, 28.0, 28.0, 28.0, 28.0, 28.0, 28.0, 28.0, 28.0, 28.0, 28.0, 28.0, 28.0, 28.0, 28.0, 28.0, 28.0, 28.0, 28.0, 28.0, 28.0, 28.0, 28.0, 28.0, 28.0, 28.0, 28.0, 28.0, 28.0, 28.0, 28.0, 28.0, 28.0, 28.0, 28.0, 28.0, 28.0, 28.0, 28.0, 28.0, 28.0, 28.0, 28.0, 28.0, 28.0, 28.0, 28.0, 28.0, 28.0, 28.0, 28.0, 28.0, 28.0, 28.0, 28.0, 28.0, 28.0, 28.0, 28.0, 28.0, 28.0, 28.0, 28.0, 28.0, 28.0, 28.0, 28.0, 28.0, 28.0, 28.0, 28.0, 28.0, 28.0, 28.0, 28.0, 28.0, 28.0, 28.0, 28.0, 28.0, 28.0, 28.0, 28.0, 28.0, 28.0, 28.0, 28.0, 28.0, 28.0, 28.0, 28.0, 28.0, 28.0, 28.0, 28.0, 28.0, 28.0, 28.0, 28.0, 28.0, 28.0, 28.0, 28.0, 28.0, 28.0, 28.0, 28.0, 28.0, 28.0, 28.0, 28.0, 28.0, 28.0, 28.0, 28.0, 28.0, 28.0, 28.0, 28.0, 28.0, 28.0, 28.0, 28.0, 28.0, 28.0, 28.0, 28.0, 28.0, 28.0, 28.0, 28.0, 28.0, 28.0, 28.0, 28.0, 28.0, 28.0, 28.0, 28.0, 28.0, 28.0, 28.0, 28.0, 28.0, 28.0, 28.0, 28.0, 28.0, 28.0, 28.0, 28.0, 28.0, 28.0, 28.0, 28.0, 28.0, 28.0, 28.0, 28.0, 28.0, 28.0, 28.0, 28.0, 28.0, 28.0, 28.0, 28.0, 28.0, 28.0, 28.0, 28.0, 28.0, 28.0, 28.0, 28.0, 28.0, 28.0, 28.0, 28.0, 28.0, 28.0, 28.0, 28.0, 28.0, 28.0, 28.0, 28.0, 28.0, 28.0, 28.0, 28.0, 28.0, 28.0, 28.0, 28.0, 28.0, 28.0, 28.0, 27.0, 26.0, 26.0, 26.0, 26.0, 26.0, 26.0, 26.0, 26.0, 26.0, 26.0, 26.0, 26.0, 26.0, 26.0, 26.0, 26.0, 26.0, 26.0, 26.0, 26.0, 26.0, 26.0, 26.0, 26.0, 26.0, 26.0, 26.0, 26.0, 26.0, 26.0, 26.0, 26.0, 26.0, 26.0, 26.0, 26.0, 26.0, 26.0, 26.0, 26.0, 26.0, 26.0, 26.0, 26.0, 26.0, 26.0, 26.0, 26.0, 26.0, 26.0, 26.0, 26.0, 26.0, 26.0, 26.0, 26.0, 26.0, 26.0, 26.0, 26.0, 26.0, 26.0, 26.0, 26.0, 26.0, 26.0, 26.0, 26.0, 26.0, 26.0, 26.0, 26.0, 26.0, 26.0, 26.0, 26.0, 26.0, 26.0, 26.0, 26.0, 26.0, 26.0, 26.0, 26.0, 26.0, 26.0, 26.0, 26.0, 26.0, 26.0, 26.0, 26.0, 26.0, 26.0, 26.0, 26.0, 26.0, 26.0, 26.0, 25.0, 25.0, 25.0, 25.0, 25.0, 25.0, 25.0, 25.0, 25.0, 25.0, 25.0, 25.0, 25.0, 25.0, 25.0, 25.0, 25.0, 25.0, 25.0, 25.0, 25.0, 25.0, 25.0, 25.0, 25.0, 25.0, 25.0]",COMPLETE
