,number,value,datetime_start,datetime_complete,duration,params_batch_size_scaler,params_constant_learning_rate,params_depth,params_epochs,params_kernel_l2,params_num_trees,params_temperature,user_attrs_accuracy_test,user_attrs_accuracy_valid,user_attrs_approximate_feature_sparsity,user_attrs_approximate_feature_sparsity_history,user_attrs_approximate_weight_sparsity,user_attrs_approximate_weight_sparsity_history,user_attrs_auc_test,user_attrs_auc_valid,user_attrs_feature_sparsity,user_attrs_feature_sparsity_history,user_attrs_num_epochs,user_attrs_val_loss_history,user_attrs_weight_sparsity,user_attrs_weight_sparsity_history,state
11,11,0.8478700519122515,2024-08-31 00:45:29.096849,2024-08-31 00:47:18.503637,0 days 00:01:49.406788,1,0.016629186638230587,4,75,0.01747353439334124,90,0.0001403869611170852,0.877,0.8725,33,"[33, 33, 33, 33, 33, 33, 33, 33, 33, 33, 33, 33, 33, 33, 33, 33, 33, 33, 33, 33, 33, 33, 33, 33, 33, 33, 33, 33, 33, 33, 33, 33, 33, 33, 33, 33, 33, 33, 33, 33, 33, 33, 33, 33, 33, 33, 33, 33, 33, 33, 33, 33, 33, 33, 33, 33, 33, 33, 33, 33, 33, 33, 33, 33, 33, 33, 33, 33, 33, 33, 33, 33, 33, 33, 33]",32.951851851851856,"[32.94740740740741, 32.946666666666665, 32.94814814814815, 32.95333333333333, 32.95407407407407, 32.95481481481482, 32.943703703703704, 32.93925925925926, 32.94222222222223, 32.94814814814815, 32.94074074074074, 32.94074074074074, 32.94592592592593, 32.94888888888889, 32.94148148148148, 32.946666666666665, 32.94222222222222, 32.94518518518518, 32.94962962962963, 32.94518518518519, 32.95111111111111, 32.95407407407407, 32.95111111111111, 32.94740740740741, 32.94814814814815, 32.951851851851856, 32.94592592592593, 32.94222222222222, 32.94148148148148, 32.937777777777775, 32.94296296296296, 32.942962962962966, 32.94518518518519, 32.94148148148148, 32.93925925925926, 32.94444444444444, 32.943703703703704, 32.942962962962966, 32.943703703703704, 32.942962962962966, 32.94814814814815, 32.94814814814815, 32.94814814814815, 32.94814814814815, 32.95407407407408, 32.95185185185185, 32.943703703703704, 32.94592592592593, 32.946666666666665, 32.94518518518519, 32.94296296296296, 32.94222222222223, 32.94518518518518, 32.93925925925926, 32.94666666666667, 32.94148148148148, 32.94740740740741, 32.947407407407404, 32.952592592592595, 32.95481481481482, 32.94740740740741, 32.94740740740741, 32.943703703703704, 32.94888888888889, 32.93851851851852, 32.943703703703704, 32.94296296296296, 32.940000000000005, 32.94518518518519, 32.94888888888889, 32.95037037037037, 32.94592592592593, 32.955555555555556, 32.956296296296294, 32.951851851851856]",0.8526738166596488,0.8478700519122515,33,"[33, 33, 33, 33, 33, 33, 33, 33, 33, 33, 33, 33, 33, 33, 33, 33, 33, 33, 33, 33, 33, 33, 33, 33, 33, 33, 33, 33, 33, 33, 33, 33, 33, 33, 33, 33, 33, 33, 33, 33, 33, 33, 33, 33, 33, 33, 33, 33, 33, 33, 33, 33, 33, 33, 33, 33, 33, 33, 33, 33, 33, 33, 33, 33, 33, 33, 33, 33, 33, 33, 33, 33, 33, 33, 33]",75,"[0.39726462960243225, 0.3900338113307953, 0.3844495415687561, 0.38031500577926636, 0.3771424889564514, 0.375123530626297, 0.37228307127952576, 0.37059351801872253, 0.36888378858566284, 0.36783745884895325, 0.36617445945739746, 0.36508437991142273, 0.36452022194862366, 0.3622971773147583, 0.3614473342895508, 0.3599858582019806, 0.35872524976730347, 0.3578040301799774, 0.3563750386238098, 0.3552283048629761, 0.3542504608631134, 0.3530292510986328, 0.3523555397987366, 0.35090968012809753, 0.35071519017219543, 0.3489442765712738, 0.3491865396499634, 0.34702441096305847, 0.34595710039138794, 0.3453174829483032, 0.3440147042274475, 0.3430321514606476, 0.3424588739871979, 0.34216272830963135, 0.34283316135406494, 0.3396419882774353, 0.3394385874271393, 0.3374191224575043, 0.3367087244987488, 0.3355916142463684, 0.33520999550819397, 0.3343428373336792, 0.33303096890449524, 0.3321628272533417, 0.3312623202800751, 0.3303658664226532, 0.32978275418281555, 0.3286936581134796, 0.32779544591903687, 0.32797449827194214, 0.32658350467681885, 0.32534703612327576, 0.3251350522041321, 0.32389023900032043, 0.32291701436042786, 0.3215312957763672, 0.3207125961780548, 0.3195667564868927, 0.31860414147377014, 0.3175475001335144, 0.3165853023529053, 0.31616950035095215, 0.31464335322380066, 0.3145810663700104, 0.3130769431591034, 0.31133803725242615, 0.3112806975841522, 0.30992284417152405, 0.3083896338939667, 0.3071475028991699, 0.30650195479393005, 0.304935485124588, 0.3041054606437683, 0.30313166975975037, 0.3013266921043396]",33.0,"[33.0, 33.0, 33.0, 33.0, 33.0, 33.0, 33.0, 33.0, 33.0, 33.0, 33.0, 33.0, 33.0, 33.0, 33.0, 33.0, 33.0, 33.0, 33.0, 33.0, 33.0, 33.0, 33.0, 33.0, 33.0, 33.0, 33.0, 33.0, 33.0, 33.0, 33.0, 33.0, 33.0, 33.0, 33.0, 33.0, 33.0, 33.0, 33.0, 33.0, 33.0, 33.0, 33.0, 33.0, 33.0, 33.0, 33.0, 33.0, 33.0, 33.0, 33.0, 33.0, 33.0, 33.0, 33.0, 33.0, 33.0, 33.0, 33.0, 33.0, 33.0, 33.0, 33.0, 33.0, 33.0, 33.0, 33.0, 33.0, 33.0, 33.0, 33.0, 33.0, 33.0, 33.0, 33.0]",COMPLETE
12,12,0.8950676920302456,2024-08-31 00:47:18.732313,2024-08-31 00:52:48.231237,0 days 00:05:29.498924,4,0.06673313327910636,6,220,0.0016232952403500431,66,0.00014900281162899664,0.901,0.895,33,"[33, 33, 33, 33, 33, 33, 33, 33, 33, 33, 33, 33, 33, 33, 33, 33, 33, 33, 33, 33, 33, 33, 33, 33, 33, 33, 33, 33, 33, 33, 33, 33, 33, 33, 33, 33, 33, 33, 33, 33, 33, 33, 33, 33, 33, 33, 33, 33, 33, 33, 33, 33, 33, 33, 33, 33, 33, 33, 33, 33, 33, 33, 33, 33, 33, 33, 33, 33, 33, 33, 33, 33, 33, 33, 33, 33, 33, 33, 33, 33, 33, 33, 33, 33, 33, 33, 33, 33, 33, 33, 33, 33, 33, 33, 33, 33, 33, 33, 33, 33, 33, 33, 33, 33, 33, 33, 33, 33, 33, 33, 33, 33, 33, 33, 33, 33, 33, 33, 33, 33, 33, 33, 33, 33, 33, 33, 33, 33, 33, 33, 33, 33, 33, 33, 33, 33, 33, 33, 33, 33, 33, 33, 33, 33, 33, 33, 33, 33, 33, 33, 33, 33, 33, 33, 33, 33, 33, 33, 33, 33, 33, 33, 33, 33, 33, 33, 33, 33, 33, 33, 33, 33, 33, 33, 33, 33, 33, 33, 33, 33, 33, 33, 33, 33, 33, 33, 33, 33, 33, 33, 33, 33, 33, 33, 33, 33, 33, 33, 33, 33, 33, 33, 33, 33, 33, 33, 33, 33, 33, 33, 33, 33, 33, 33, 33, 33, 33, 33, 33, 33]",32.91702741702742,"[32.917508417508415, 32.91558441558442, 32.916065416065415, 32.917508417508415, 32.917748917748916, 32.91798941798942, 32.91341991341991, 32.91510341510341, 32.91125541125541, 32.91510341510341, 32.91125541125541, 32.919432419432425, 32.913179413179414, 32.91438191438192, 32.91654641654642, 32.91390091390092, 32.92039442039442, 32.91558441558441, 32.92303992303992, 32.91702741702742, 32.91847041847042, 32.91654641654642, 32.91582491582491, 32.917508417508415, 32.91847041847042, 32.916305916305916, 32.91149591149591, 32.91245791245792, 32.91390091390092, 32.91438191438191, 32.91293891293891, 32.91077441077441, 32.91606541606542, 32.916065416065415, 32.91534391534392, 32.92111592111592, 32.923520923520925, 32.91390091390091, 32.91919191919192, 32.91822991822992, 32.91895141895142, 32.91991341991342, 32.91943241943242, 32.91943241943242, 32.91822991822992, 32.919913419913414, 32.91991341991342, 32.91943241943242, 32.917748917748916, 32.917508417508415, 32.92063492063492, 32.91895141895142, 32.91847041847042, 32.91341991341991, 32.914622414622414, 32.91582491582492, 32.913660413660416, 32.91245791245792, 32.90909090909091, 32.909090909090914, 32.91173641173641, 32.911976911976915, 32.91293891293891, 32.91414141414141, 32.91390091390092, 32.913660413660416, 32.91702741702742, 32.911976911976915, 32.90957190957191, 32.914622414622414, 32.916065416065415, 32.913179413179414, 32.917748917748916, 32.91678691678691, 32.91822991822992, 32.91414141414141, 32.91702741702742, 32.913419913419915, 32.913179413179414, 32.917267917267914, 32.91269841269841, 32.91173641173641, 32.917267917267914, 32.91654641654642, 32.914622414622414, 32.917748917748916, 32.916065416065415, 32.91726791726792, 32.91582491582491, 32.91510341510341, 32.91414141414141, 32.91101491101491, 32.91245791245791, 32.91245791245791, 32.916305916305916, 32.916305916305916, 32.916305916305916, 32.91847041847042, 32.92135642135642, 32.918951418951416, 32.91991341991342, 32.91510341510342, 32.91847041847042, 32.91726791726792, 32.91967291967292, 32.91822991822992, 32.91654641654642, 32.91750841750842, 32.91943241943242, 32.914622414622414, 32.91847041847042, 32.916305916305916, 32.91847041847042, 32.92087542087542, 32.91558441558441, 32.91366041366041, 32.91390091390091, 32.911495911495905, 32.91678691678692, 32.91943241943242, 32.91678691678692, 32.91967291967292, 32.92135642135642, 32.92015392015392, 32.91991341991342, 32.922318422318426, 32.916065416065415, 32.91534391534392, 32.91438191438191, 32.913179413179414, 32.913419913419915, 32.91269841269841, 32.91390091390092, 32.91101491101491, 32.91221741221741, 32.913660413660416, 32.91221741221741, 32.913419913419915, 32.91654641654642, 32.91414141414141, 32.91366041366041, 32.911736411736406, 32.91510341510342, 32.912217412217416, 32.91269841269841, 32.911736411736406, 32.91221741221741, 32.91534391534391, 32.913419913419915, 32.91558441558442, 32.90933140933141, 32.90692640692641, 32.90909090909091, 32.911736411736406, 32.91438191438191, 32.91245791245791, 32.916305916305916, 32.913179413179414, 32.91269841269841, 32.91582491582491, 32.91366041366041, 32.91534391534392, 32.911976911976915, 32.91125541125541, 32.91029341029341, 32.90981240981241, 32.91173641173641, 32.912217412217416, 32.91438191438191, 32.91582491582492, 32.91510341510341, 32.91438191438191, 32.91221741221741, 32.913419913419915, 32.91438191438191, 32.917267917267914, 32.91919191919192, 32.91702741702742, 32.91582491582491, 32.91341991341991, 32.91750841750842, 32.92303992303992, 32.921837421837424, 32.92111592111592, 32.92424242424242, 32.92448292448293, 32.923280423280424, 32.92135642135642, 32.92448292448292, 32.92688792688793, 32.92424242424242, 32.92376142376142, 32.92376142376142, 32.923280423280424, 32.91895141895142, 32.91750841750842, 32.91582491582492, 32.91750841750842, 32.916305916305916, 32.91798941798942, 32.91678691678691, 32.91847041847042, 32.91510341510342, 32.912217412217416, 32.91510341510342, 32.91534391534392, 32.917748917748916, 32.91534391534392, 32.916065416065415, 32.91654641654642, 32.91414141414142, 32.91510341510342, 32.914622414622414, 32.91702741702742, 32.91967291967292, 32.92087542087542, 32.919191919191924, 32.919191919191924, 32.91822991822992, 32.91702741702742]",0.8785822207911229,0.8950676920302456,33,"[33, 33, 33, 33, 33, 33, 33, 33, 33, 33, 33, 33, 33, 33, 33, 33, 33, 33, 33, 33, 33, 33, 33, 33, 33, 33, 33, 33, 33, 33, 33, 33, 33, 33, 33, 33, 33, 33, 33, 33, 33, 33, 33, 33, 33, 33, 33, 33, 33, 33, 33, 33, 33, 33, 33, 33, 33, 33, 33, 33, 33, 33, 33, 33, 33, 33, 33, 33, 33, 33, 33, 33, 33, 33, 33, 33, 33, 33, 33, 33, 33, 33, 33, 33, 33, 33, 33, 33, 33, 33, 33, 33, 33, 33, 33, 33, 33, 33, 33, 33, 33, 33, 33, 33, 33, 33, 33, 33, 33, 33, 33, 33, 33, 33, 33, 33, 33, 33, 33, 33, 33, 33, 33, 33, 33, 33, 33, 33, 33, 33, 33, 33, 33, 33, 33, 33, 33, 33, 33, 33, 33, 33, 33, 33, 33, 33, 33, 33, 33, 33, 33, 33, 33, 33, 33, 33, 33, 33, 33, 33, 33, 33, 33, 33, 33, 33, 33, 33, 33, 33, 33, 33, 33, 33, 33, 33, 33, 33, 33, 33, 33, 33, 33, 33, 33, 33, 33, 33, 33, 33, 33, 33, 33, 33, 33, 33, 33, 33, 33, 33, 33, 33, 33, 33, 33, 33, 33, 33, 33, 33, 33, 33, 33, 33, 33, 33, 33, 33, 33, 33]",220,"[0.4163883626461029, 0.3989868462085724, 0.3943515419960022, 0.39123380184173584, 0.3885878026485443, 0.38632750511169434, 0.38441920280456543, 0.38260459899902344, 0.381053626537323, 0.37959998846054077, 0.3782005310058594, 0.3769914507865906, 0.3758693337440491, 0.37490367889404297, 0.3738919496536255, 0.3730568587779999, 0.37214139103889465, 0.37135475873947144, 0.3706185519695282, 0.36992618441581726, 0.3692174553871155, 0.36852237582206726, 0.36791297793388367, 0.3673252761363983, 0.3667168915271759, 0.366119921207428, 0.3655744194984436, 0.36512964963912964, 0.36448031663894653, 0.3639603555202484, 0.3633995056152344, 0.3628796339035034, 0.36239850521087646, 0.3618970215320587, 0.36139002442359924, 0.36086776852607727, 0.36035430431365967, 0.35992175340652466, 0.35943838953971863, 0.35887065529823303, 0.35843154788017273, 0.3579116463661194, 0.35743895173072815, 0.3570505380630493, 0.35653114318847656, 0.35600540041923523, 0.35556820034980774, 0.35518133640289307, 0.3545890748500824, 0.3541277050971985, 0.3536994457244873, 0.3532142639160156, 0.35278797149658203, 0.35224583745002747, 0.3519003391265869, 0.3513730764389038, 0.3509737253189087, 0.3504128158092499, 0.34998881816864014, 0.34940841794013977, 0.3489171862602234, 0.34844398498535156, 0.34795424342155457, 0.34755828976631165, 0.3470442295074463, 0.3466126322746277, 0.3461710214614868, 0.34563812613487244, 0.3452003002166748, 0.3447263836860657, 0.3442913293838501, 0.3438582718372345, 0.3434264063835144, 0.3429538607597351, 0.34253421425819397, 0.34200263023376465, 0.34149646759033203, 0.3410544991493225, 0.3405645489692688, 0.34011971950531006, 0.3397614657878876, 0.3392033874988556, 0.3387363851070404, 0.33828121423721313, 0.3377716839313507, 0.3373364508152008, 0.33691492676734924, 0.3364126980304718, 0.33590778708457947, 0.33537188172340393, 0.33486485481262207, 0.3344268798828125, 0.33405601978302, 0.3335435390472412, 0.3329729735851288, 0.3324466943740845, 0.33194389939308167, 0.33156678080558777, 0.33096379041671753, 0.3304065465927124, 0.329925000667572, 0.32949259877204895, 0.32892704010009766, 0.3284314274787903, 0.32791194319725037, 0.32733258605003357, 0.326853483915329, 0.3263457119464874, 0.32573023438453674, 0.3251587748527527, 0.32462334632873535, 0.3239941895008087, 0.32341456413269043, 0.3229594826698303, 0.3223207890987396, 0.3217674493789673, 0.3211990296840668, 0.32055121660232544, 0.31988418102264404, 0.3193049132823944, 0.31871625781059265, 0.31808608770370483, 0.31751200556755066, 0.31686684489250183, 0.316232293844223, 0.3155721426010132, 0.3149203062057495, 0.314192533493042, 0.31354379653930664, 0.3128073811531067, 0.3121216297149658, 0.3114379942417145, 0.3107759356498718, 0.3101101517677307, 0.3093697428703308, 0.3085726499557495, 0.30786198377609253, 0.3070945739746094, 0.30638495087623596, 0.3056284189224243, 0.30495816469192505, 0.30408036708831787, 0.30327969789505005, 0.3024822175502777, 0.3017094135284424, 0.30102768540382385, 0.3001564145088196, 0.2993133068084717, 0.29859158396720886, 0.2977695167064667, 0.2969989478588104, 0.2960870563983917, 0.29527947306632996, 0.29444050788879395, 0.2936176359653473, 0.2927801012992859, 0.2919978201389313, 0.2911762297153473, 0.29037266969680786, 0.2895084321498871, 0.2886902093887329, 0.2878418266773224, 0.28703588247299194, 0.28622037172317505, 0.2853953540325165, 0.2845621407032013, 0.28375378251075745, 0.28296568989753723, 0.2821815609931946, 0.28128859400749207, 0.2805062234401703, 0.2797156572341919, 0.2789744436740875, 0.27815479040145874, 0.277424156665802, 0.2766619026660919, 0.27596691250801086, 0.2751776874065399, 0.27442944049835205, 0.27375274896621704, 0.27308496832847595, 0.27230367064476013, 0.2716480791568756, 0.2709706425666809, 0.27026432752609253, 0.26964396238327026, 0.26903557777404785, 0.26825419068336487, 0.26759082078933716, 0.26695090532302856, 0.2663411796092987, 0.26575714349746704, 0.2651898264884949, 0.26455211639404297, 0.263947993516922, 0.2633827328681946, 0.2628270089626312, 0.26225370168685913, 0.26168137788772583, 0.26113468408584595, 0.26059046387672424, 0.26015761494636536, 0.25960874557495117, 0.2590538561344147, 0.2585170269012451, 0.25804218649864197, 0.25754377245903015, 0.25699102878570557, 0.2565128803253174, 0.25608688592910767, 0.25557366013526917, 0.2551509737968445, 0.2547159194946289, 0.25422126054763794, 0.2537720799446106, 0.2533321678638458, 0.25291818380355835, 0.2525637745857239, 0.25205421447753906, 0.25164103507995605]",33.0,"[33.0, 33.0, 33.0, 33.0, 33.0, 33.0, 33.0, 33.0, 33.0, 33.0, 33.0, 33.0, 33.0, 33.0, 33.0, 33.0, 33.0, 33.0, 33.0, 33.0, 33.0, 33.0, 33.0, 33.0, 33.0, 33.0, 33.0, 33.0, 33.0, 33.0, 33.0, 33.0, 33.0, 33.0, 33.0, 33.0, 33.0, 33.0, 33.0, 33.0, 33.0, 33.0, 33.0, 33.0, 33.0, 33.0, 33.0, 33.0, 33.0, 33.0, 33.0, 33.0, 33.0, 33.0, 33.0, 33.0, 33.0, 33.0, 33.0, 33.0, 33.0, 33.0, 33.0, 33.0, 33.0, 33.0, 33.0, 33.0, 33.0, 33.0, 33.0, 33.0, 33.0, 33.0, 33.0, 33.0, 33.0, 33.0, 33.0, 33.0, 33.0, 33.0, 33.0, 33.0, 33.0, 33.0, 33.0, 33.0, 33.0, 33.0, 33.0, 33.0, 33.0, 33.0, 33.0, 33.0, 33.0, 33.0, 33.0, 33.0, 33.0, 33.0, 33.0, 33.0, 33.0, 33.0, 33.0, 33.0, 33.0, 33.0, 33.0, 33.0, 33.0, 33.0, 33.0, 33.0, 33.0, 33.0, 33.0, 33.0, 33.0, 33.0, 33.0, 33.0, 33.0, 33.0, 33.0, 33.0, 33.0, 33.0, 33.0, 33.0, 33.0, 33.0, 33.0, 33.0, 33.0, 33.0, 33.0, 33.0, 33.0, 33.0, 33.0, 33.0, 33.0, 33.0, 33.0, 33.0, 33.0, 33.0, 33.0, 33.0, 33.0, 33.0, 33.0, 33.0, 33.0, 33.0, 33.0, 33.0, 33.0, 33.0, 33.0, 33.0, 33.0, 33.0, 33.0, 33.0, 33.0, 33.0, 33.0, 33.0, 33.0, 33.0, 33.0, 33.0, 33.0, 33.0, 33.0, 33.0, 33.0, 33.0, 33.0, 33.0, 33.0, 33.0, 33.0, 33.0, 33.0, 33.0, 33.0, 33.0, 33.0, 33.0, 33.0, 33.0, 33.0, 33.0, 33.0, 33.0, 33.0, 33.0, 33.0, 33.0, 33.0, 33.0, 33.0, 33.0, 33.0, 33.0, 33.0, 33.0, 33.0, 33.0, 33.0, 33.0, 33.0, 33.0, 33.0, 33.0]",COMPLETE
