,number,value,datetime_start,datetime_complete,duration,params_batch_size_scaler,params_constant_learning_rate,params_depth,params_epochs,params_kernel_l2,params_num_trees,params_temperature,user_attrs_accuracy_test,user_attrs_accuracy_valid,user_attrs_approximate_feature_sparsity,user_attrs_approximate_feature_sparsity_history,user_attrs_approximate_weight_sparsity,user_attrs_approximate_weight_sparsity_history,user_attrs_auc_test,user_attrs_auc_valid,user_attrs_feature_sparsity,user_attrs_feature_sparsity_history,user_attrs_num_epochs,user_attrs_val_loss_history,user_attrs_weight_sparsity,user_attrs_weight_sparsity_history,state
161,161,0.9167085313856578,2024-08-31 07:36:36.993939,2024-08-31 07:38:07.578437,0 days 00:01:30.584498,16,6.041300762057653,5,240,0.009131123168437456,18,0.00014269440416652486,0.916,0.9275,28,"[33, 33, 33, 33, 33, 33, 33, 33, 33, 33, 33, 33, 33, 33, 33, 33, 33, 33, 33, 33, 33, 33, 33, 33, 33, 32, 32, 32, 32, 31, 31, 31, 31, 31, 31, 31, 31, 31, 31, 31, 31, 31, 31, 31, 31, 31, 31, 31, 31, 31, 31, 31, 31, 31, 31, 31, 31, 31, 31, 31, 31, 30, 30, 30, 30, 30, 30, 30, 30, 30, 30, 30, 30, 30, 30, 30, 30, 30, 30, 30, 30, 30, 30, 30, 30, 30, 30, 30, 30, 30, 30, 30, 30, 30, 30, 30, 30, 30, 30, 30, 30, 30, 30, 30, 30, 30, 30, 30, 30, 30, 30, 30, 30, 30, 30, 30, 30, 30, 30, 30, 30, 30, 30, 30, 30, 30, 30, 30, 30, 30, 30, 30, 29, 29, 29, 29, 29, 29, 29, 29, 29, 29, 29, 29, 29, 29, 29, 29, 29, 29, 29, 29, 29, 29, 29, 29, 29, 29, 29, 29, 29, 29, 29, 29, 29, 29, 29, 29, 29, 29, 29, 29, 29, 29, 29, 29, 29, 29, 29, 29, 29, 29, 29, 29, 29, 29, 29, 29, 29, 29, 29, 29, 29, 29, 29, 29, 29, 29, 29, 29, 29, 29, 29, 29, 29, 29, 29, 29, 29, 29, 29, 29, 29, 29, 29, 29, 29, 29, 29, 29, 29, 29, 29, 29, 29, 29, 29, 29, 29, 29, 29, 29, 29, 29, 29, 29, 29, 28, 28, 28]",27.96594982078853,"[32.97670250896057, 32.96774193548387, 32.96057347670251, 32.9820788530466, 32.96774193548387, 32.96415770609319, 32.95519713261649, 32.971326164874554, 32.960573476702514, 32.982078853046595, 32.96594982078853, 32.9820788530466, 32.971326164874554, 32.98028673835125, 32.96057347670251, 32.95878136200717, 32.96594982078853, 32.96774193548387, 32.973118279569896, 32.96236559139785, 32.98028673835125, 32.97670250896057, 32.98745519713262, 32.97311827956989, 32.96415770609319, 31.969534050179213, 31.96415770609319, 31.969534050179213, 31.973118279569892, 30.96415770609319, 30.976702508960575, 30.967741935483872, 30.973118279569892, 30.980286738351253, 30.969534050179213, 30.976702508960578, 30.97670250896057, 30.971326164874554, 30.983870967741936, 30.980286738351253, 30.97670250896057, 30.971326164874554, 30.971326164874554, 30.971326164874554, 30.967741935483872, 30.967741935483872, 30.971326164874554, 30.980286738351253, 30.982078853046595, 30.973118279569896, 30.97670250896057, 30.974910394265233, 30.978494623655916, 30.97491039426523, 30.985663082437277, 30.973118279569896, 30.980286738351253, 30.973118279569896, 30.96236559139785, 30.97491039426523, 30.976702508960578, 29.967741935483872, 29.983870967741936, 29.971326164874554, 29.974910394265233, 29.971326164874554, 29.982078853046595, 29.982078853046595, 29.969534050179213, 29.978494623655912, 29.976702508960575, 29.971326164874554, 29.985663082437277, 29.983870967741936, 29.980286738351253, 29.973118279569896, 29.96415770609319, 29.983870967741936, 29.969534050179213, 29.967741935483872, 29.980286738351253, 29.973118279569896, 29.971326164874558, 29.983870967741936, 29.967741935483872, 29.980286738351253, 29.980286738351253, 29.983870967741936, 29.973118279569896, 29.969534050179213, 29.976702508960575, 29.969534050179213, 29.971326164874554, 29.974910394265233, 29.97491039426523, 29.960573476702507, 29.96594982078853, 29.978494623655912, 29.985663082437277, 29.973118279569892, 29.962365591397848, 29.971326164874554, 29.97132616487455, 29.96594982078853, 29.978494623655916, 29.985663082437277, 29.978494623655912, 29.983870967741936, 29.982078853046595, 29.98924731182796, 29.989247311827956, 29.98745519713262, 29.985663082437277, 29.978494623655916, 29.983870967741936, 29.978494623655912, 29.967741935483872, 29.973118279569896, 29.978494623655916, 29.973118279569892, 29.971326164874554, 29.980286738351253, 29.980286738351253, 29.985663082437277, 29.974910394265233, 29.96594982078853, 29.97132616487455, 29.96594982078853, 29.980286738351253, 29.980286738351253, 29.983870967741936, 29.9820788530466, 28.983870967741936, 28.97491039426523, 28.967741935483872, 28.973118279569896, 28.973118279569896, 28.967741935483872, 28.97670250896057, 28.962365591397848, 28.974910394265233, 28.974910394265237, 28.973118279569896, 28.982078853046595, 28.973118279569892, 28.982078853046595, 28.978494623655916, 28.982078853046595, 28.976702508960575, 28.973118279569896, 28.973118279569896, 28.980286738351253, 28.978494623655912, 28.980286738351253, 28.976702508960575, 28.983870967741936, 28.982078853046595, 28.976702508960575, 28.974910394265233, 28.980286738351257, 28.980286738351253, 28.980286738351257, 28.967741935483872, 28.980286738351257, 28.978494623655916, 28.973118279569892, 28.973118279569892, 28.96594982078853, 28.967741935483872, 28.973118279569896, 28.969534050179213, 28.960573476702507, 28.96594982078853, 28.974910394265233, 28.974910394265233, 28.982078853046595, 28.983870967741936, 28.982078853046595, 28.982078853046595, 28.982078853046595, 28.976702508960578, 28.983870967741936, 28.982078853046595, 28.978494623655916, 28.983870967741936, 28.976702508960578, 28.973118279569892, 28.973118279569892, 28.973118279569896, 28.978494623655916, 28.982078853046595, 28.969534050179213, 28.97670250896057, 28.96594982078853, 28.978494623655912, 28.96415770609319, 28.967741935483872, 28.97132616487455, 28.982078853046595, 28.980286738351257, 28.974910394265233, 28.976702508960575, 28.978494623655916, 28.974910394265233, 28.96594982078853, 28.958781362007166, 28.951612903225808, 28.95340501792115, 28.949820788530467, 28.958781362007166, 28.96057347670251, 28.946236559139788, 28.951612903225808, 28.95519713261649, 28.955197132616487, 28.96057347670251, 28.967741935483872, 28.96415770609319, 28.962365591397848, 28.967741935483872, 28.969534050179213, 28.96594982078853, 28.96594982078853, 28.956989247311828, 28.969534050179213, 28.971326164874554, 28.971326164874554, 28.969534050179213, 28.962365591397848, 28.955197132616487, 28.95340501792115, 28.95878136200717, 28.96594982078853, 28.960573476702507, 28.96415770609319, 28.964157706093193, 28.96415770609319, 27.967741935483872, 27.960573476702507, 27.96594982078853]",0.8918336512025363,0.9167085313856578,28,"[33, 33, 33, 33, 33, 33, 33, 33, 33, 33, 33, 33, 33, 33, 33, 33, 33, 33, 33, 33, 33, 33, 33, 33, 33, 32, 32, 32, 32, 31, 31, 31, 31, 31, 31, 31, 31, 31, 31, 31, 31, 31, 31, 31, 31, 31, 31, 31, 31, 31, 31, 31, 31, 31, 31, 31, 31, 31, 31, 31, 31, 30, 30, 30, 30, 30, 30, 30, 30, 30, 30, 30, 30, 30, 30, 30, 30, 30, 30, 30, 30, 30, 30, 30, 30, 30, 30, 30, 30, 30, 30, 30, 30, 30, 30, 30, 30, 30, 30, 30, 30, 30, 30, 30, 30, 30, 30, 30, 30, 30, 30, 30, 30, 30, 30, 30, 30, 30, 30, 30, 30, 30, 30, 30, 30, 30, 30, 30, 30, 30, 30, 30, 29, 29, 29, 29, 29, 29, 29, 29, 29, 29, 29, 29, 29, 29, 29, 29, 29, 29, 29, 29, 29, 29, 29, 29, 29, 29, 29, 29, 29, 29, 29, 29, 29, 29, 29, 29, 29, 29, 29, 29, 29, 29, 29, 29, 29, 29, 29, 29, 29, 29, 29, 29, 29, 29, 29, 29, 29, 29, 29, 29, 29, 29, 29, 29, 29, 29, 29, 29, 29, 29, 29, 29, 29, 29, 29, 29, 29, 29, 29, 29, 29, 29, 29, 29, 29, 29, 29, 29, 29, 29, 29, 29, 29, 29, 29, 29, 29, 29, 29, 29, 29, 29, 29, 29, 29, 28, 28, 28]",240,"[0.3622009754180908, 0.34571534395217896, 0.32448890805244446, 0.28648075461387634, 0.27075204253196716, 0.25404587388038635, 0.2436474859714508, 0.24010442197322845, 0.22040235996246338, 0.22418051958084106, 0.20829568803310394, 0.22800615429878235, 0.23722593486309052, 0.21694757044315338, 0.19516031444072723, 0.19580622017383575, 0.21544645726680756, 0.20595797896385193, 0.18552112579345703, 0.19608229398727417, 0.1873798370361328, 0.17618276178836823, 0.1800050586462021, 0.17786771059036255, 0.19153743982315063, 0.18829050660133362, 0.18371029198169708, 0.18995000422000885, 0.22134508192539215, 0.17920178174972534, 0.19223634898662567, 0.17854873836040497, 0.17265906929969788, 0.19034217298030853, 0.17998118698596954, 0.22142602503299713, 0.17702390253543854, 0.1760980635881424, 0.19922120869159698, 0.18062713742256165, 0.18591460585594177, 0.17705610394477844, 0.19430185854434967, 0.18519774079322815, 0.18349649012088776, 0.18231849372386932, 0.1860576868057251, 0.1845754235982895, 0.1877647042274475, 0.1814907193183899, 0.184434711933136, 0.17976869642734528, 0.187191903591156, 0.18766486644744873, 0.20132623612880707, 0.20006310939788818, 0.19188708066940308, 0.22042062878608704, 0.23310163617134094, 0.20622748136520386, 0.21052543818950653, 0.20743294060230255, 0.25982987880706787, 0.20628784596920013, 0.22253097593784332, 0.21545785665512085, 0.21331201493740082, 0.219934344291687, 0.21638309955596924, 0.230006143450737, 0.24583925306797028, 0.23850484192371368, 0.2277923822402954, 0.23675735294818878, 0.2259778082370758, 0.23293755948543549, 0.23551484942436218, 0.24141840636730194, 0.2452332079410553, 0.24109020829200745, 0.2382790446281433, 0.24174262583255768, 0.32016974687576294, 0.2368914633989334, 0.24659138917922974, 0.24622054398059845, 0.24936355650424957, 0.24692822992801666, 0.2835378050804138, 0.25943657755851746, 0.25717413425445557, 0.25890547037124634, 0.25753429532051086, 0.2674018442630768, 0.26598232984542847, 0.26111066341400146, 0.2663743197917938, 0.27526816725730896, 0.2794228792190552, 0.26848921179771423, 0.2654834985733032, 0.27745679020881653, 0.2769724130630493, 0.2768982946872711, 0.27254801988601685, 0.2967153489589691, 0.2837790250778198, 0.2805468440055847, 0.2780812978744507, 0.2878195345401764, 0.2950539290904999, 0.2859647870063782, 0.2829091548919678, 0.2940995693206787, 0.2911773920059204, 0.29301729798316956, 0.29739880561828613, 0.28890740871429443, 0.299787700176239, 0.29562070965766907, 0.29803934693336487, 0.32548922300338745, 0.3131207227706909, 0.302577942609787, 0.30274978280067444, 0.30654284358024597, 0.3020995259284973, 0.302818238735199, 0.30846646428108215, 0.3065454363822937, 0.3022145926952362, 0.3071807622909546, 0.3146921694278717, 0.2989119291305542, 0.3033948838710785, 0.3091880679130554, 0.30726611614227295, 0.31127381324768066, 0.30805742740631104, 0.313848614692688, 0.30993157625198364, 0.3195728063583374, 0.3160198926925659, 0.3204716145992279, 0.3156002163887024, 0.31718549132347107, 0.32119888067245483, 0.3208880126476288, 0.3250871002674103, 0.32437974214553833, 0.3218258023262024, 0.3216805160045624, 0.32474854588508606, 0.3234729766845703, 0.3219245672225952, 0.3189818263053894, 0.32859015464782715, 0.3284570574760437, 0.3291304111480713, 0.3321555256843567, 0.328235387802124, 0.32940050959587097, 0.3293435275554657, 0.3228254020214081, 0.32892081141471863, 0.33398696780204773, 0.33311787247657776, 0.3332180678844452, 0.327889621257782, 0.33199241757392883, 0.3294348418712616, 0.3384331166744232, 0.3370758295059204, 0.3361741006374359, 0.33684077858924866, 0.3375643789768219, 0.33819320797920227, 0.34052082896232605, 0.3389091491699219, 0.33772021532058716, 0.34109893441200256, 0.3356426954269409, 0.3379763066768646, 0.340043306350708, 0.33893337845802307, 0.34150227904319763, 0.3409762680530548, 0.338700532913208, 0.34131136536598206, 0.3381578326225281, 0.34162089228630066, 0.34136196970939636, 0.34399062395095825, 0.3474905490875244, 0.3436602056026459, 0.3427739441394806, 0.3463020324707031, 0.34348246455192566, 0.3450746536254883, 0.34671351313591003, 0.34360775351524353, 0.34472277760505676, 0.34568700194358826, 0.344743549823761, 0.3427647352218628, 0.35013607144355774, 0.35043442249298096, 0.35097628831863403, 0.3502999246120453, 0.3487725555896759, 0.3469497561454773, 0.3488492965698242, 0.3477397859096527, 0.3534803092479706, 0.35058584809303284, 0.34967929124832153, 0.3513437509536743, 0.35285690426826477, 0.35098034143447876, 0.352939635515213, 0.35109108686447144, 0.35316285490989685, 0.3469882309436798, 0.3518010079860687, 0.35131970047950745, 0.35466086864471436, 0.3524607717990875, 0.3549017012119293, 0.35287484526634216, 0.3543015718460083, 0.3543431758880615, 0.3546474575996399, 0.35255321860313416, 0.35651373863220215, 0.3591936528682709, 0.35459697246551514, 0.35786914825439453, 0.3878139555454254, 0.40041691064834595, 0.3803834617137909]",28.0,"[33.0, 33.0, 33.0, 33.0, 33.0, 33.0, 33.0, 33.0, 33.0, 33.0, 33.0, 33.0, 33.0, 33.0, 33.0, 33.0, 33.0, 33.0, 33.0, 33.0, 33.0, 33.0, 33.0, 33.0, 33.0, 32.0, 32.0, 32.0, 32.0, 31.0, 31.0, 31.0, 31.0, 31.0, 31.0, 31.0, 31.0, 31.0, 31.0, 31.0, 31.0, 31.0, 31.0, 31.0, 31.0, 31.0, 31.0, 31.0, 31.0, 31.0, 31.0, 31.0, 31.0, 31.0, 31.0, 31.0, 31.0, 31.0, 31.0, 31.0, 31.0, 30.0, 30.0, 30.0, 30.0, 30.0, 30.0, 30.0, 30.0, 30.0, 30.0, 30.0, 30.0, 30.0, 30.0, 30.0, 30.0, 30.0, 30.0, 30.0, 30.0, 30.0, 30.0, 30.0, 30.0, 30.0, 30.0, 30.0, 30.0, 30.0, 30.0, 30.0, 30.0, 30.0, 30.0, 30.0, 30.0, 30.0, 30.0, 30.0, 30.0, 30.0, 30.0, 30.0, 30.0, 30.0, 30.0, 30.0, 30.0, 30.0, 30.0, 30.0, 30.0, 30.0, 30.0, 30.0, 30.0, 30.0, 30.0, 30.0, 30.0, 30.0, 30.0, 30.0, 30.0, 30.0, 30.0, 30.0, 30.0, 30.0, 30.0, 30.0, 29.0, 29.0, 29.0, 29.0, 29.0, 29.0, 29.0, 29.0, 29.0, 29.0, 29.0, 29.0, 29.0, 29.0, 29.0, 29.0, 29.0, 29.0, 29.0, 29.0, 29.0, 29.0, 29.0, 29.0, 29.0, 29.0, 29.0, 29.0, 29.0, 29.0, 29.0, 29.0, 29.0, 29.0, 29.0, 29.0, 29.0, 29.0, 29.0, 29.0, 29.0, 29.0, 29.0, 29.0, 29.0, 29.0, 29.0, 29.0, 29.0, 29.0, 29.0, 29.0, 29.0, 29.0, 29.0, 29.0, 29.0, 29.0, 29.0, 29.0, 29.0, 29.0, 29.0, 29.0, 29.0, 29.0, 29.0, 29.0, 29.0, 29.0, 29.0, 29.0, 29.0, 29.0, 29.0, 29.0, 29.0, 29.0, 29.0, 29.0, 29.0, 29.0, 29.0, 29.0, 29.0, 29.0, 29.0, 29.0, 29.0, 29.0, 29.0, 29.0, 29.0, 29.0, 29.0, 29.0, 29.0, 29.0, 29.0, 29.0, 29.0, 29.0, 29.0, 29.0, 29.0, 28.0, 28.0, 28.0]",COMPLETE
162,162,0.5,2024-08-31 07:38:11.032133,2024-08-31 07:39:32.089697,0 days 00:01:21.057564,1,3.629441849436969,1,200,0.06945520237849163,4,0.009014371399758312,0.859,0.85875,0,"[0, 0, 0, 0, 0, 0, 0, 0, 0, 0, 0, 0, 0, 0, 0, 0, 0, 0, 0, 0, 0, 0, 0, 0, 0, 0, 0, 0, 0, 0, 0, 0, 0, 0, 0, 0, 0, 0, 0, 0, 0, 0, 0, 0, 0, 0, 0, 0, 0, 0, 0, 0, 0, 0, 0, 0, 0, 0, 0, 0, 0, 0, 0, 0, 0, 0, 0, 0, 0, 0, 0, 0, 0, 0, 0, 0, 0, 0, 0, 0, 0, 0, 0, 0, 0, 0, 0, 0, 0, 0, 0, 0, 0, 0, 0, 0, 0, 0, 0, 0, 0, 0, 0, 0, 0, 0, 0, 0, 0, 0, 0, 0, 0, 0, 0, 0, 0, 0, 0, 0, 0, 0, 0, 0, 0, 0, 0, 0, 0, 0, 0, 0, 0, 0, 0, 0, 0, 0, 0, 0, 0, 0, 0, 0, 0, 0, 0, 0, 0, 0, 0, 0, 0, 0, 0, 0, 0, 0, 0, 0, 0, 0, 0, 0, 0, 0, 0, 0, 0, 0, 0, 0, 0, 0, 0, 0, 0, 0, 0, 0, 0, 0, 0, 0, 0, 0, 0, 0, 0, 0, 0, 0, 0, 0, 0, 0, 0, 0, 0, 0]",0.0,"[0.0, 0.0, 0.0, 0.0, 0.0, 0.0, 0.0, 0.0, 0.0, 0.0, 0.0, 0.0, 0.0, 0.0, 0.0, 0.0, 0.0, 0.0, 0.0, 0.0, 0.0, 0.0, 0.0, 0.0, 0.0, 0.0, 0.0, 0.0, 0.0, 0.0, 0.0, 0.0, 0.0, 0.0, 0.0, 0.0, 0.0, 0.0, 0.0, 0.0, 0.0, 0.0, 0.0, 0.0, 0.0, 0.0, 0.0, 0.0, 0.0, 0.0, 0.0, 0.0, 0.0, 0.0, 0.0, 0.0, 0.0, 0.0, 0.0, 0.0, 0.0, 0.0, 0.0, 0.0, 0.0, 0.0, 0.0, 0.0, 0.0, 0.0, 0.0, 0.0, 0.0, 0.0, 0.0, 0.0, 0.0, 0.0, 0.0, 0.0, 0.0, 0.0, 0.0, 0.0, 0.0, 0.0, 0.0, 0.0, 0.0, 0.0, 0.0, 0.0, 0.0, 0.0, 0.0, 0.0, 0.0, 0.0, 0.0, 0.0, 0.0, 0.0, 0.0, 0.0, 0.0, 0.0, 0.0, 0.0, 0.0, 0.0, 0.0, 0.0, 0.0, 0.0, 0.0, 0.0, 0.0, 0.0, 0.0, 0.0, 0.0, 0.0, 0.0, 0.0, 0.0, 0.0, 0.0, 0.0, 0.0, 0.0, 0.0, 0.0, 0.0, 0.0, 0.0, 0.0, 0.0, 0.0, 0.0, 0.0, 0.0, 0.0, 0.0, 0.0, 0.0, 0.0, 0.0, 0.0, 0.0, 0.0, 0.0, 0.0, 0.0, 0.0, 0.0, 0.0, 0.0, 0.0, 0.0, 0.0, 0.0, 0.0, 0.0, 0.0, 0.0, 0.0, 0.0, 0.0, 0.0, 0.0, 0.0, 0.0, 0.0, 0.0, 0.0, 0.0, 0.0, 0.0, 0.0, 0.0, 0.0, 0.0, 0.0, 0.0, 0.0, 0.0, 0.0, 0.0, 0.0, 0.0, 0.0, 0.0, 0.0, 0.0, 0.0, 0.0, 0.0, 0.0, 0.0, 0.0]",0.5,0.5,0,"[0, 0, 0, 0, 0, 0, 0, 0, 0, 0, 0, 0, 0, 0, 0, 0, 0, 0, 0, 0, 0, 0, 0, 0, 0, 0, 0, 0, 0, 0, 0, 0, 0, 0, 0, 0, 0, 0, 0, 0, 0, 0, 0, 0, 0, 0, 0, 0, 0, 0, 0, 0, 0, 0, 0, 0, 0, 0, 0, 0, 0, 0, 0, 0, 0, 0, 0, 0, 0, 0, 0, 0, 0, 0, 0, 0, 0, 0, 0, 0, 0, 0, 0, 0, 0, 0, 0, 0, 0, 0, 0, 0, 0, 0, 0, 0, 0, 0, 0, 0, 0, 0, 0, 0, 0, 0, 0, 0, 0, 0, 0, 0, 0, 0, 0, 0, 0, 0, 0, 0, 0, 0, 0, 0, 0, 0, 0, 0, 0, 0, 0, 0, 0, 0, 0, 0, 0, 0, 0, 0, 0, 0, 0, 0, 0, 0, 0, 0, 0, 0, 0, 0, 0, 0, 0, 0, 0, 0, 0, 0, 0, 0, 0, 0, 0, 0, 0, 0, 0, 0, 0, 0, 0, 0, 0, 0, 0, 0, 0, 0, 0, 0, 0, 0, 0, 0, 0, 0, 0, 0, 0, 0, 0, 0, 0, 0, 0, 0, 0, 0]",200,"[0.758681058883667, 0.41650599241256714, 0.6423726677894592, 0.4470265507698059, 0.42852988839149475, 0.7833299040794373, 0.4874745309352875, 0.717986524105072, 0.5538694858551025, 0.4475238025188446, 0.5187508463859558, 0.4222181439399719, 0.40827125310897827, 0.4142295718193054, 0.4501630663871765, 0.7547576427459717, 0.4081348180770874, 0.5291284322738647, 0.5752843618392944, 0.4553449749946594, 0.7022598385810852, 0.44597867131233215, 0.4563470482826233, 0.5046312212944031, 0.7195920348167419, 0.45021122694015503, 0.5372675657272339, 0.41010093688964844, 0.41416412591934204, 0.4803954064846039, 0.4749041497707367, 0.4076650142669678, 0.40790504217147827, 0.4384811520576477, 0.5479786396026611, 0.46220192313194275, 0.49825114011764526, 0.6307955384254456, 0.4072277843952179, 0.583321750164032, 0.41339725255966187, 0.6185619831085205, 0.4247364401817322, 0.4629061818122864, 0.5070713758468628, 0.7024425268173218, 0.9953449368476868, 0.5669723749160767, 1.1957764625549316, 0.4456958770751953, 0.64408278465271, 0.4410451650619507, 0.48409363627433777, 0.41766372323036194, 1.412175178527832, 0.45081496238708496, 0.5884449481964111, 0.4292617440223694, 0.5624033808708191, 1.0196144580841064, 1.7188507318496704, 0.7001903653144836, 0.5062742233276367, 0.5902256965637207, 0.42619162797927856, 0.9029031991958618, 0.5932080745697021, 0.625389814376831, 0.40919265151023865, 0.6087637543678284, 0.8668269515037537, 0.4081765115261078, 0.40991267561912537, 2.287505865097046, 0.696227490901947, 0.4702022671699524, 0.40722763538360596, 1.0238258838653564, 0.4649825394153595, 0.40948039293289185, 0.6078053116798401, 1.2096662521362305, 0.6213818788528442, 0.6978647112846375, 0.5009633302688599, 0.40722647309303284, 0.546610951423645, 0.7122572064399719, 0.539182722568512, 0.46801742911338806, 0.4096039831638336, 0.440974622964859, 1.1007544994354248, 0.40722981095314026, 1.1542752981185913, 0.4652606248855591, 0.4102431535720825, 0.4204040467739105, 0.4412638545036316, 0.5479533672332764, 0.4770442545413971, 0.42644187808036804, 0.5857527256011963, 0.5446523427963257, 1.2058916091918945, 0.4887385964393616, 0.594117283821106, 0.6970117688179016, 0.7529909610748291, 0.5378624200820923, 0.7395687103271484, 0.7599496245384216, 1.2062221765518188, 0.41328296065330505, 0.4234481155872345, 0.833911657333374, 0.5279839038848877, 0.6978303790092468, 0.9033543467521667, 0.4106706380844116, 0.7165478467941284, 0.998375654220581, 0.44632813334465027, 0.40773171186447144, 0.41520699858665466, 0.5143888592720032, 0.4688209295272827, 0.4610784649848938, 0.4469742178916931, 0.6654078960418701, 0.8404194116592407, 0.5843181014060974, 1.1428112983703613, 0.5018554925918579, 0.46818602085113525, 0.4547433853149414, 0.4202042520046234, 0.4695756137371063, 0.4618126153945923, 0.5454370975494385, 0.4727132320404053, 0.4691917896270752, 0.452749103307724, 0.44347766041755676, 0.40737518668174744, 0.6672213673591614, 0.41321608424186707, 0.5846070647239685, 0.4655713737010956, 0.46236228942871094, 0.9489883184432983, 0.40733954310417175, 0.4367464780807495, 0.41951069235801697, 0.58249431848526, 0.5036695599555969, 0.46700939536094666, 0.9262175559997559, 0.570574164390564, 1.0283840894699097, 0.9878480434417725, 0.6639254689216614, 0.830990195274353, 0.431039035320282, 0.5343775153160095, 0.4566396474838257, 1.0874024629592896, 0.679791271686554, 0.5613735914230347, 0.46891579031944275, 0.7524795532226562, 0.40838009119033813, 0.4476048946380615, 0.4584369659423828, 0.5952333211898804, 0.4352433383464813, 0.43483448028564453, 0.5389836430549622, 0.5583401918411255, 0.4294297397136688, 0.40998372435569763, 0.5722925662994385, 0.5540775656700134, 0.6997915506362915, 0.8523572683334351, 0.41526877880096436, 0.46234458684921265, 0.43154507875442505, 0.5502710342407227, 0.536162257194519, 0.46733543276786804, 0.6976666450500488, 0.4073468744754791, 0.8648027181625366, 0.44893282651901245, 0.7652634978294373, 0.866148054599762, 0.5548633337020874, 0.4799371361732483, 0.43886786699295044]",0.0,"[0.0, 0.0, 0.0, 0.0, 0.0, 0.0, 0.0, 0.0, 0.0, 0.0, 0.0, 0.0, 0.0, 0.0, 0.0, 0.0, 0.0, 0.0, 0.0, 0.0, 0.0, 0.0, 0.0, 0.0, 0.0, 0.0, 0.0, 0.0, 0.0, 0.0, 0.0, 0.0, 0.0, 0.0, 0.0, 0.0, 0.0, 0.0, 0.0, 0.0, 0.0, 0.0, 0.0, 0.0, 0.0, 0.0, 0.0, 0.0, 0.0, 0.0, 0.0, 0.0, 0.0, 0.0, 0.0, 0.0, 0.0, 0.0, 0.0, 0.0, 0.0, 0.0, 0.0, 0.0, 0.0, 0.0, 0.0, 0.0, 0.0, 0.0, 0.0, 0.0, 0.0, 0.0, 0.0, 0.0, 0.0, 0.0, 0.0, 0.0, 0.0, 0.0, 0.0, 0.0, 0.0, 0.0, 0.0, 0.0, 0.0, 0.0, 0.0, 0.0, 0.0, 0.0, 0.0, 0.0, 0.0, 0.0, 0.0, 0.0, 0.0, 0.0, 0.0, 0.0, 0.0, 0.0, 0.0, 0.0, 0.0, 0.0, 0.0, 0.0, 0.0, 0.0, 0.0, 0.0, 0.0, 0.0, 0.0, 0.0, 0.0, 0.0, 0.0, 0.0, 0.0, 0.0, 0.0, 0.0, 0.0, 0.0, 0.0, 0.0, 0.0, 0.0, 0.0, 0.0, 0.0, 0.0, 0.0, 0.0, 0.0, 0.0, 0.0, 0.0, 0.0, 0.0, 0.0, 0.0, 0.0, 0.0, 0.0, 0.0, 0.0, 0.0, 0.0, 0.0, 0.0, 0.0, 0.0, 0.0, 0.0, 0.0, 0.0, 0.0, 0.0, 0.0, 0.0, 0.0, 0.0, 0.0, 0.0, 0.0, 0.0, 0.0, 0.0, 0.0, 0.0, 0.0, 0.0, 0.0, 0.0, 0.0, 0.0, 0.0, 0.0, 0.0, 0.0, 0.0, 0.0, 0.0, 0.0, 0.0, 0.0, 0.0, 0.0, 0.0, 0.0, 0.0, 0.0, 0.0]",COMPLETE
