,number,value,datetime_start,datetime_complete,duration,params_batch_size_scaler,params_constant_learning_rate,params_depth,params_epochs,params_kernel_l2,params_num_trees,params_temperature,user_attrs_accuracy_test,user_attrs_accuracy_valid,user_attrs_approximate_feature_sparsity,user_attrs_approximate_feature_sparsity_history,user_attrs_approximate_weight_sparsity,user_attrs_approximate_weight_sparsity_history,user_attrs_auc_test,user_attrs_auc_valid,user_attrs_feature_sparsity,user_attrs_feature_sparsity_history,user_attrs_num_epochs,user_attrs_val_loss_history,user_attrs_weight_sparsity,user_attrs_weight_sparsity_history,state
89,89,0.5204299828676688,2024-08-31 04:06:11.036923,2024-08-31 04:11:34.248988,0 days 00:05:23.212065,1,9.486236346831838,2,465,0.5904038181609884,67,0.05919236065183876,0.363,0.37,8,"[19, 19, 20, 21, 20, 19, 20, 20, 20, 14, 21, 18, 21, 19, 20, 18, 17, 15, 0, 0, 0, 0, 0, 14, 0, 1, 13, 18, 20, 3, 0, 0, 0, 0, 0, 1, 0, 0, 0, 7, 0, 0, 0, 0, 0, 0, 0, 0, 0, 3, 0, 11, 3, 0, 0, 6, 0, 0, 0, 0, 0, 1, 0, 0, 0, 6, 0, 0, 0, 0, 18, 8, 6, 0, 0, 0, 0, 0, 0, 0, 0, 0, 0, 0, 0, 14, 0, 0, 7, 3, 0, 0, 0, 0, 0, 0, 0, 0, 0, 0, 0, 0, 1, 0, 0, 0, 0, 0, 0, 0, 0, 6, 0, 0, 0, 2, 0, 0, 13, 0, 0, 0, 5, 0, 0, 0, 0, 0, 0, 15, 0, 0, 0, 0, 0, 0, 0, 0, 0, 1, 0, 0, 0, 0, 0, 0, 0, 0, 0, 0, 0, 0, 0, 1, 0, 0, 0, 0, 10, 1, 0, 0, 0, 0, 0, 0, 1, 0, 0, 0, 0, 0, 0, 0, 0, 0, 0, 0, 10, 0, 0, 0, 0, 0, 0, 7, 0, 0, 0, 0, 0, 0, 1, 5, 16, 1, 0, 0, 0, 0, 0, 0, 3, 1, 0, 0, 0, 9, 0, 0, 0, 0, 0, 0, 0, 0, 0, 0, 0, 0, 18, 0, 0, 0, 0, 0, 0, 0, 0, 0, 0, 0, 0, 0, 0, 0, 0, 0, 2, 0, 0, 0, 0, 0, 0, 0, 0, 0, 0, 0, 0, 0, 0, 0, 0, 0, 0, 0, 0, 0, 0, 0, 0, 3, 0, 0, 0, 0, 0, 1, 0, 1, 0, 0, 0, 0, 0, 0, 0, 0, 0, 7, 0, 0, 0, 0, 0, 0, 0, 0, 0, 0, 0, 0, 0, 0, 0, 0, 0, 0, 0, 0, 0, 0, 0, 0, 0, 0, 0, 0, 0, 0, 0, 0, 0, 0, 0, 0, 0, 0, 0, 0, 0, 0, 0, 0, 0, 0, 0, 0, 0, 0, 0, 5, 4, 0, 0, 0, 0, 0, 0, 0, 0, 0, 0, 0, 0, 0, 0, 0, 1, 0, 0, 0, 0, 0, 1, 0, 17, 0, 0, 0, 0, 0, 0, 0, 0, 0, 1, 11, 13, 0, 0, 0, 0, 0, 0, 0, 0, 0, 0, 0, 0, 0, 0, 0, 0, 0, 0, 0, 0, 2, 2, 0, 15, 0, 0, 0, 0, 0, 0, 0, 0, 0, 0, 0, 0, 0, 0, 0, 0, 0, 0, 0, 0, 0, 0, 0, 0, 0, 0, 0, 0, 0, 0, 0, 0, 0, 0, 0, 0, 0, 4, 0, 0, 0, 0, 0, 0, 0, 0, 0, 0, 0, 0, 0, 0, 0, 0, 0, 0, 0, 0, 0, 0, 0, 0, 0, 0, 0, 0, 0, 0, 0, 8]",1.08955223880597,"[18.81592039800995, 17.592039800995025, 18.08457711442786, 18.47761194029851, 16.53731343283582, 15.07960199004975, 15.373134328358208, 15.034825870646765, 15.009950248756219, 9.950248756218906, 14.587064676616915, 12.313432835820898, 14.09950248756219, 11.601990049751244, 12.024875621890548, 10.293532338308458, 9.592039800995025, 7.114427860696518, 0.0, 0.0, 0.0, 0.0, 0.0, 6.243781094527364, 0.0, 0.5920398009950248, 7.014925373134329, 8.91044776119403, 9.029850746268657, 1.3880597014925373, 0.0, 0.0, 0.0, 0.0, 0.0, 0.5024875621890548, 0.0, 0.0, 0.0, 3.0696517412935322, 0.0, 0.0, 0.0, 0.0, 0.0, 0.0, 0.0, 0.0, 0.0, 1.2786069651741294, 0.0, 5.0497512437810945, 1.2288557213930347, 0.0, 0.0, 2.4527363184079602, 0.0, 0.0, 0.0, 0.0, 0.0, 0.4079601990049751, 0.0, 0.0, 0.0, 2.1393034825870645, 0.0, 0.0, 0.0, 0.0, 8.074626865671641, 3.174129353233831, 2.0248756218905473, 0.0, 0.0, 0.0, 0.0, 0.0, 0.0, 0.0, 0.0, 0.0, 0.0, 0.0, 0.0, 5.393034825870647, 0.0, 0.0, 2.5671641791044775, 1.2189054726368158, 0.0, 0.0, 0.0, 0.0, 0.0, 0.0, 0.0, 0.0, 0.0, 0.0, 0.0, 0.0, 0.34328358208955223, 0.0, 0.0, 0.0, 0.0, 0.0, 0.0, 0.0, 0.0, 2.2238805970149254, 0.0, 0.0, 0.0, 0.7661691542288557, 0.0, 0.0, 4.358208955223881, 0.0, 0.0, 0.0, 1.8358208955223878, 0.0, 0.0, 0.0, 0.0, 0.0, 0.0, 4.796019900497512, 0.0, 0.0, 0.0, 0.0, 0.0, 0.0, 0.0, 0.0, 0.0, 0.31840796019900497, 0.0, 0.0, 0.0, 0.0, 0.0, 0.0, 0.0, 0.0, 0.0, 0.0, 0.0, 0.0, 0.0, 0.2835820895522388, 0.0, 0.0, 0.0, 0.0, 2.9502487562189055, 0.29850746268656714, 0.0, 0.0, 0.0, 0.0, 0.0, 0.0, 0.2736318407960199, 0.0, 0.0, 0.0, 0.0, 0.0, 0.0, 0.0, 0.0, 0.0, 0.0, 0.0, 2.8159203980099505, 0.0, 0.0, 0.0, 0.0, 0.0, 0.0, 1.527363184079602, 0.0, 0.0, 0.0, 0.0, 0.0, 0.0, 0.24875621890547264, 1.3034825870646767, 4.278606965174129, 0.263681592039801, 0.0, 0.0, 0.0, 0.0, 0.0, 0.0, 0.7661691542288556, 0.27860696517412936, 0.0, 0.0, 0.0, 2.0945273631840795, 0.0, 0.0, 0.0, 0.0, 0.0, 0.0, 0.0, 0.0, 0.0, 0.0, 0.0, 0.0, 3.965174129353234, 0.0, 0.0, 0.0, 0.0, 0.0, 0.0, 0.0, 0.0, 0.0, 0.0, 0.0, 0.0, 0.0, 0.0, 0.0, 0.0, 0.0, 0.44776119402985076, 0.0, 0.0, 0.0, 0.0, 0.0, 0.0, 0.0, 0.0, 0.0, 0.0, 0.0, 0.0, 0.0, 0.0, 0.0, 0.0, 0.0, 0.0, 0.0, 0.0, 0.0, 0.0, 0.0, 0.0, 0.5870646766169154, 0.0, 0.0, 0.0, 0.0, 0.0, 0.2537313432835821, 0.0, 0.208955223880597, 0.0, 0.0, 0.0, 0.0, 0.0, 0.0, 0.0, 0.0, 0.0, 1.4527363184079602, 0.0, 0.0, 0.0, 0.0, 0.0, 0.0, 0.0, 0.0, 0.0, 0.0, 0.0, 0.0, 0.0, 0.0, 0.0, 0.0, 0.0, 0.0, 0.0, 0.0, 0.0, 0.0, 0.0, 0.0, 0.0, 0.0, 0.0, 0.0, 0.0, 0.0, 0.0, 0.0, 0.0, 0.0, 0.0, 0.0, 0.0, 0.0, 0.0, 0.0, 0.0, 0.0, 0.0, 0.0, 0.0, 0.0, 0.0, 0.0, 0.0, 0.0, 0.0, 1.099502487562189, 0.9154228855721394, 0.0, 0.0, 0.0, 0.0, 0.0, 0.0, 0.0, 0.0, 0.0, 0.0, 0.0, 0.0, 0.0, 0.0, 0.0, 0.21393034825870647, 0.0, 0.0, 0.0, 0.0, 0.0, 0.19900497512437812, 0.0, 3.7363184079601997, 0.0, 0.0, 0.0, 0.0, 0.0, 0.0, 0.0, 0.0, 0.0, 0.1890547263681592, 2.353233830845771, 2.3383084577114426, 0.0, 0.0, 0.0, 0.0, 0.0, 0.0, 0.0, 0.0, 0.0, 0.0, 0.0, 0.0, 0.0, 0.0, 0.0, 0.0, 0.0, 0.0, 0.0, 0.0, 0.2885572139303483, 0.42786069651741293, 0.0, 2.3482587064676617, 0.0, 0.0, 0.0, 0.0, 0.0, 0.0, 0.0, 0.0, 0.0, 0.0, 0.0, 0.0, 0.0, 0.0, 0.0, 0.0, 0.0, 0.0, 0.0, 0.0, 0.0, 0.0, 0.0, 0.0, 0.0, 0.0, 0.0, 0.0, 0.0, 0.0, 0.0, 0.0, 0.0, 0.0, 0.0, 0.0, 0.0, 0.7114427860696517, 0.0, 0.0, 0.0, 0.0, 0.0, 0.0, 0.0, 0.0, 0.0, 0.0, 0.0, 0.0, 0.0, 0.0, 0.0, 0.0, 0.0, 0.0, 0.0, 0.0, 0.0, 0.0, 0.0, 0.0, 0.0, 0.0, 0.0, 0.0, 0.0, 0.0, 0.0, 1.08955223880597]",0.562294107448047,0.5204299828676688,8,"[19, 19, 20, 21, 20, 19, 20, 20, 20, 14, 21, 18, 21, 19, 20, 18, 17, 15, 0, 0, 0, 0, 0, 14, 0, 1, 13, 18, 20, 3, 0, 0, 0, 0, 0, 1, 0, 0, 0, 7, 0, 0, 0, 0, 0, 0, 0, 0, 0, 3, 0, 11, 3, 0, 0, 6, 0, 0, 0, 0, 0, 1, 0, 0, 0, 6, 0, 0, 0, 0, 18, 8, 6, 0, 0, 0, 0, 0, 0, 0, 0, 0, 0, 0, 0, 14, 0, 0, 7, 3, 0, 0, 0, 0, 0, 0, 0, 0, 0, 0, 0, 0, 1, 0, 0, 0, 0, 0, 0, 0, 0, 6, 0, 0, 0, 2, 0, 0, 13, 0, 0, 0, 5, 0, 0, 0, 0, 0, 0, 15, 0, 0, 0, 0, 0, 0, 0, 0, 0, 1, 0, 0, 0, 0, 0, 0, 0, 0, 0, 0, 0, 0, 0, 1, 0, 0, 0, 0, 10, 1, 0, 0, 0, 0, 0, 0, 1, 0, 0, 0, 0, 0, 0, 0, 0, 0, 0, 0, 10, 0, 0, 0, 0, 0, 0, 7, 0, 0, 0, 0, 0, 0, 1, 5, 16, 1, 0, 0, 0, 0, 0, 0, 3, 1, 0, 0, 0, 9, 0, 0, 0, 0, 0, 0, 0, 0, 0, 0, 0, 0, 18, 0, 0, 0, 0, 0, 0, 0, 0, 0, 0, 0, 0, 0, 0, 0, 0, 0, 2, 0, 0, 0, 0, 0, 0, 0, 0, 0, 0, 0, 0, 0, 0, 0, 0, 0, 0, 0, 0, 0, 0, 0, 0, 3, 0, 0, 0, 0, 0, 1, 0, 1, 0, 0, 0, 0, 0, 0, 0, 0, 0, 7, 0, 0, 0, 0, 0, 0, 0, 0, 0, 0, 0, 0, 0, 0, 0, 0, 0, 0, 0, 0, 0, 0, 0, 0, 0, 0, 0, 0, 0, 0, 0, 0, 0, 0, 0, 0, 0, 0, 0, 0, 0, 0, 0, 0, 0, 0, 0, 0, 0, 0, 0, 5, 4, 0, 0, 0, 0, 0, 0, 0, 0, 0, 0, 0, 0, 0, 0, 0, 1, 0, 0, 0, 0, 0, 1, 0, 17, 0, 0, 0, 0, 0, 0, 0, 0, 0, 1, 11, 13, 0, 0, 0, 0, 0, 0, 0, 0, 0, 0, 0, 0, 0, 0, 0, 0, 0, 0, 0, 0, 2, 2, 0, 15, 0, 0, 0, 0, 0, 0, 0, 0, 0, 0, 0, 0, 0, 0, 0, 0, 0, 0, 0, 0, 0, 0, 0, 0, 0, 0, 0, 0, 0, 0, 0, 0, 0, 0, 0, 0, 0, 4, 0, 0, 0, 0, 0, 0, 0, 0, 0, 0, 0, 0, 0, 0, 0, 0, 0, 0, 0, 0, 0, 0, 0, 0, 0, 0, 0, 0, 0, 0, 0, 8]",465,"[56.283958435058594, 23.937551498413086, 46.304931640625, 44.36042785644531, 66.45625305175781, 57.84343719482422, 37.0239143371582, 121.51104736328125, 117.62846374511719, 16.82093048095703, 75.40618133544922, 29.90245819091797, 40.53325271606445, 100.88165283203125, 85.61676788330078, 16.42290687561035, 72.41439056396484, 63.30379867553711, 16.496734619140625, 76.37857055664062, 113.00794219970703, 70.82865905761719, 103.76364135742188, 120.788330078125, 99.509765625, 65.95585632324219, 31.12546157836914, 90.56863403320312, 136.0412139892578, 50.17686080932617, 16.134531021118164, 67.9828872680664, 41.734718322753906, 5.256575107574463, 126.4054183959961, 69.27999114990234, 9.837173461914062, 129.5934295654297, 73.5489501953125, 188.79843139648438, 29.976539611816406, 141.6958465576172, 0.44167259335517883, 126.57826232910156, 71.09785461425781, 12.730892181396484, 81.83179473876953, 78.68376159667969, 70.62820434570312, 94.06521606445312, 30.241552352905273, 43.586612701416016, 49.534481048583984, 105.31436157226562, 40.788082122802734, 57.687644958496094, 36.72317886352539, 119.56355285644531, 62.384315490722656, 7.091476917266846, 113.04721069335938, 60.248863220214844, 42.08146667480469, 61.11434555053711, 8.23351001739502, 268.5648193359375, 141.4243621826172, 24.786069869995117, 146.928466796875, 84.56584167480469, 17.34368133544922, 33.845802307128906, 117.39093780517578, 98.7609634399414, 42.08565902709961, 121.02201080322266, 28.922225952148438, 150.60406494140625, 95.7082290649414, 41.0899543762207, 100.73004150390625, 105.2069320678711, 51.182334899902344, 43.951942443847656, 143.79588317871094, 42.66111755371094, 104.2614974975586, 1.5813899040222168, 119.8611831665039, 108.84390258789062, 39.0612678527832, 115.85047912597656, 58.08961868286133, 97.04928588867188, 106.70186614990234, 51.76841735839844, 35.762699127197266, 115.01332092285156, 83.62957763671875, 107.87200164794922, 51.091148376464844, 100.70899200439453, 70.57093048095703, 18.468032836914062, 252.74232482910156, 84.94437408447266, 26.350261688232422, 85.219970703125, 28.088315963745117, 111.86795043945312, 62.95600128173828, 45.47410202026367, 60.14460372924805, 6.6790995597839355, 43.710445404052734, 159.72210693359375, 106.70906066894531, 48.615352630615234, 112.59514617919922, 120.29004669189453, 123.5577621459961, 103.46247863769531, 45.288021087646484, 77.42467498779297, 19.192432403564453, 137.13827514648438, 78.69190216064453, 0.6634819507598877, 118.55696105957031, 37.10551071166992, 70.64779663085938, 14.10014533996582, 136.469970703125, 78.33625793457031, 19.202985763549805, 228.2335205078125, 85.28289031982422, 28.470823287963867, 149.5053253173828, 95.27029418945312, 126.29473876953125, 73.57339477539062, 16.649682998657227, 265.4284973144531, 80.39241790771484, 27.27313232421875, 69.42638397216797, 28.041994094848633, 181.12152099609375, 31.806076049804688, 29.122821807861328, 191.48390197753906, 95.3536605834961, 38.70834732055664, 118.56421661376953, 102.29180908203125, 47.635677337646484, 28.233205795288086, 69.7662124633789, 86.67829895019531, 71.5585708618164, 2.5782089233398438, 125.65103149414062, 72.33721160888672, 15.036184310913086, 139.84007263183594, 79.95286560058594, 187.74276733398438, 106.9582290649414, 49.08186340332031, 45.427249908447266, 114.43700408935547, 67.19364166259766, 4.487021446228027, 128.2753448486328, 72.66162109375, 18.336231231689453, 139.1107635498047, 47.92708969116211, 49.14719772338867, 29.14138412475586, 118.87535858154297, 51.050655364990234, 30.683921813964844, 117.30755615234375, 70.76095581054688, 115.46295166015625, 48.208133697509766, 114.3311996459961, 58.172122955322266, 0.8047469258308411, 83.64762878417969, 114.6327133178711, 144.07472229003906, 27.758630752563477, 140.7786407470703, 82.22826385498047, 27.36154556274414, 148.7545623779297, 59.3626823425293, 1.746850609779358, 111.73021697998047, 58.933589935302734, 12.95960807800293, 126.62675476074219, 63.00852966308594, 2.116795539855957, 145.4200439453125, 40.3192138671875, 22.884872436523438, 176.59600830078125, 96.39463806152344, 39.528873443603516, 123.50619506835938, 101.64372253417969, 49.706214904785156, 62.292720794677734, 2.4547512531280518, 82.30938720703125, 30.720827102661133, 98.94349670410156, 130.07850646972656, 71.81111145019531, 16.511615753173828, 141.81341552734375, 85.53844451904297, 24.371231079101562, 181.15985107421875, 50.10335922241211, 32.24363327026367, 115.0978775024414, 60.86539077758789, 3.216137409210205, 126.88098907470703, 71.85169982910156, 139.86134338378906, 80.97887420654297, 26.15765380859375, 33.44041061401367, 73.23700714111328, 16.06902313232422, 105.89810180664062, 50.45750045776367, 24.296064376831055, 116.05107116699219, 59.906166076660156, 2.280909776687622, 303.3533630371094, 69.7436294555664, 13.368568420410156, 137.35755920410156, 82.13754272460938, 96.33200073242188, 40.11591339111328, 106.55782318115234, 107.1985855102539, 53.230594635009766, 32.286598205566406, 117.11753845214844, 62.56282043457031, 7.7047882080078125, 11.701227188110352, 138.44273376464844, 85.79322052001953, 19.244237899780273, 140.61093139648438, 84.1662826538086, 31.416414260864258, 71.26078796386719, 12.326761245727539, 167.9253387451172, 96.8916244506836, 69.46719360351562, 12.348503112792969, 136.65232849121094, 7.168512344360352, 125.70228576660156, 70.56993865966797, 13.578731536865234, 137.71701049804688, 80.3543472290039, 5.822912693023682, 38.714900970458984, 125.05858612060547, 104.99433898925781, 48.43296813964844, 47.322689056396484, 125.46434783935547, 70.87493896484375, 15.471104621887207, 248.17640686035156, 80.67123413085938, 26.95720672607422, 147.4764862060547, 117.29210662841797, 61.844329833984375, 4.7724738121032715, 125.47392272949219, 71.31767272949219, 17.530488967895508, 74.44373321533203, 40.980613708496094, 78.11534881591797, 21.7961368560791, 146.58572387695312, 91.67864227294922, 42.53779602050781, 162.58291625976562, 106.97429656982422, 52.648643493652344, 18.222850799560547, 119.21854400634766, 26.157249450683594, 116.24504089355469, 62.83197784423828, 4.04322624206543, 125.87548828125, 69.7647705078125, 12.932516098022461, 138.94659423828125, 82.61247253417969, 25.800931930541992, 178.3101043701172, 93.21211242675781, 38.853694915771484, 160.13783264160156, 102.8311996459961, 49.467796325683594, 33.039119720458984, 114.27843475341797, 60.43901062011719, 7.034506797790527, 127.84387969970703, 111.32954406738281, 93.45925903320312, 4.995743274688721, 126.22640991210938, 91.73107147216797, 38.837955474853516, 158.50413513183594, 104.93438720703125, 73.29114532470703, 16.54002571105957, 224.8568572998047, 83.40447998046875, 73.04170227050781, 17.70357894897461, 135.45770263671875, 50.769126892089844, 34.49939727783203, 118.71406555175781, 59.546627044677734, 106.74383544921875, 47.00627136230469, 42.67218780517578, 116.18328094482422, 16.998184204101562, 61.137447357177734, 126.845947265625, 81.18041229248047, 17.720211029052734, 139.0507049560547, 85.3464126586914, 29.2795467376709, 148.12246704101562, 94.16771697998047, 35.05074691772461, 95.85153198242188, 90.03970336914062, 22.258155822753906, 137.42684936523438, 72.82083129882812, 16.683544158935547, 137.6318817138672, 84.19950866699219, 27.88872528076172, 176.57701110839844, 95.18352508544922, 40.9331169128418, 100.28760528564453, 104.65948486328125, 50.07783126831055, 48.655147552490234, 116.096435546875, 62.352508544921875, 4.824251174926758, 125.19275665283203, 72.06421661376953, 18.150493621826172, 137.17147827148438, 82.34657287597656, 30.8199462890625, 52.2252197265625, 105.2524185180664, 26.908056259155273, 65.42550659179688, 8.141131401062012, 130.09432983398438, 74.70325469970703, 16.927112579345703, 139.06939697265625, 80.00306701660156, 27.864404678344727, 183.95791625976562, 91.85134887695312, 37.068084716796875, 102.52025604248047, 104.09707641601562, 49.611141204833984, 38.19245910644531, 115.04093933105469, 60.245323181152344, 4.487768173217773, 128.34019470214844, 72.51521301269531, 14.4059476852417, 137.58978271484375, 81.97477722167969, 25.989999771118164, 47.620819091796875, 46.23784637451172, 113.5922622680664, 58.506752014160156, 4.260467052459717, 126.72006225585938, 69.91161346435547, 15.103707313537598, 138.51666259765625, 81.21487426757812, 25.959402084350586, 188.1445770263672, 90.17620086669922, 52.069976806640625, 14.687138557434082, 140.19424438476562, 84.31432342529297, 26.929603576660156, 149.84791564941406, 95.24298858642578, 39.1495246887207, 103.035400390625, 108.18315124511719, 52.51512145996094, 39.39348602294922, 117.1451644897461, 62.66883850097656, 6.666680335998535, 127.80537414550781, 71.95458221435547, 16.651090621948242, 139.6789093017578, 82.98770141601562, 25.515676498413086, 180.94369506835938, 93.60382843017578, 38.58598709106445, 131.72598266601562, 16.679597854614258, 136.89134216308594, 81.38892364501953, 24.45357894897461, 146.59495544433594, 91.89118194580078, 38.581031799316406, 26.576074600219727]",5.970149253731344,"[19.0, 19.0, 20.0, 21.0, 20.0, 19.0, 20.0, 20.0, 20.0, 14.0, 20.800995024875625, 17.86069651741294, 20.75621890547264, 18.681592039800996, 19.572139303482587, 17.611940298507463, 16.437810945273633, 14.298507462686567, 0.0, 0.0, 0.0, 0.0, 0.0, 13.303482587064677, 0.0, 0.9502487562189055, 12.35323383084577, 17.07462686567164, 18.70646766169154, 2.716417910447761, 0.0, 0.0, 0.0, 0.0, 0.0, 0.9054726368159204, 0.0, 0.0, 0.0, 6.338308457711443, 0.0, 0.0, 0.0, 0.0, 0.0, 0.0, 0.0, 0.0, 0.0, 2.716417910447761, 0.0, 9.960199004975124, 2.716417910447761, 0.0, 0.0, 5.432835820895522, 0.0, 0.0, 0.0, 0.0, 0.0, 0.900497512437811, 0.0, 0.0, 0.0, 5.402985074626866, 0.0, 0.0, 0.0, 0.0, 16.208955223880597, 7.164179104477611, 5.343283582089553, 0.0, 0.0, 0.0, 0.0, 0.0, 0.0, 0.0, 0.0, 0.0, 0.0, 0.0, 0.0, 12.46766169154229, 0.0, 0.0, 6.233830845771145, 2.6716417910447765, 0.0, 0.0, 0.0, 0.0, 0.0, 0.0, 0.0, 0.0, 0.0, 0.0, 0.0, 0.0, 0.8805970149253731, 0.0, 0.0, 0.0, 0.0, 0.0, 0.0, 0.0, 0.0, 5.2835820895522385, 0.0, 0.0, 0.0, 1.7412935323383085, 0.0, 0.0, 11.318407960199005, 0.0, 0.0, 0.0, 4.353233830845771, 0.0, 0.0, 0.0, 0.0, 0.0, 0.0, 13.059701492537314, 0.0, 0.0, 0.0, 0.0, 0.0, 0.0, 0.0, 0.0, 0.0, 0.8706467661691543, 0.0, 0.0, 0.0, 0.0, 0.0, 0.0, 0.0, 0.0, 0.0, 0.0, 0.0, 0.0, 0.0, 0.845771144278607, 0.0, 0.0, 0.0, 0.0, 8.45771144278607, 0.845771144278607, 0.0, 0.0, 0.0, 0.0, 0.0, 0.0, 0.8407960199004975, 0.0, 0.0, 0.0, 0.0, 0.0, 0.0, 0.0, 0.0, 0.0, 0.0, 0.0, 8.407960199004975, 0.0, 0.0, 0.0, 0.0, 0.0, 0.0, 5.756218905472637, 0.0, 0.0, 0.0, 0.0, 0.0, 0.0, 0.8109452736318408, 4.054726368159203, 12.97512437810945, 0.8109452736318408, 0.0, 0.0, 0.0, 0.0, 0.0, 0.0, 2.432835820895522, 0.7960199004975125, 0.0, 0.0, 0.0, 7.164179104477613, 0.0, 0.0, 0.0, 0.0, 0.0, 0.0, 0.0, 0.0, 0.0, 0.0, 0.0, 0.0, 14.328358208955226, 0.0, 0.0, 0.0, 0.0, 0.0, 0.0, 0.0, 0.0, 0.0, 0.0, 0.0, 0.0, 0.0, 0.0, 0.0, 0.0, 0.0, 1.572139303482587, 0.0, 0.0, 0.0, 0.0, 0.0, 0.0, 0.0, 0.0, 0.0, 0.0, 0.0, 0.0, 0.0, 0.0, 0.0, 0.0, 0.0, 0.0, 0.0, 0.0, 0.0, 0.0, 0.0, 0.0, 2.328358208955224, 0.0, 0.0, 0.0, 0.0, 0.0, 0.7761194029850746, 0.0, 0.7761194029850746, 0.0, 0.0, 0.0, 0.0, 0.0, 0.0, 0.0, 0.0, 0.0, 5.432835820895523, 0.0, 0.0, 0.0, 0.0, 0.0, 0.0, 0.0, 0.0, 0.0, 0.0, 0.0, 0.0, 0.0, 0.0, 0.0, 0.0, 0.0, 0.0, 0.0, 0.0, 0.0, 0.0, 0.0, 0.0, 0.0, 0.0, 0.0, 0.0, 0.0, 0.0, 0.0, 0.0, 0.0, 0.0, 0.0, 0.0, 0.0, 0.0, 0.0, 0.0, 0.0, 0.0, 0.0, 0.0, 0.0, 0.0, 0.0, 0.0, 0.0, 0.0, 0.0, 3.8805970149253732, 3.1044776119402986, 0.0, 0.0, 0.0, 0.0, 0.0, 0.0, 0.0, 0.0, 0.0, 0.0, 0.0, 0.0, 0.0, 0.0, 0.0, 0.7761194029850746, 0.0, 0.0, 0.0, 0.0, 0.0, 0.7761194029850746, 0.0, 13.194029850746269, 0.0, 0.0, 0.0, 0.0, 0.0, 0.0, 0.0, 0.0, 0.0, 0.7761194029850746, 8.537313432835822, 9.960199004975124, 0.0, 0.0, 0.0, 0.0, 0.0, 0.0, 0.0, 0.0, 0.0, 0.0, 0.0, 0.0, 0.0, 0.0, 0.0, 0.0, 0.0, 0.0, 0.0, 0.0, 1.5223880597014925, 1.5223880597014925, 0.0, 11.417910447761194, 0.0, 0.0, 0.0, 0.0, 0.0, 0.0, 0.0, 0.0, 0.0, 0.0, 0.0, 0.0, 0.0, 0.0, 0.0, 0.0, 0.0, 0.0, 0.0, 0.0, 0.0, 0.0, 0.0, 0.0, 0.0, 0.0, 0.0, 0.0, 0.0, 0.0, 0.0, 0.0, 0.0, 0.0, 0.0, 0.0, 0.0, 2.985074626865672, 0.0, 0.0, 0.0, 0.0, 0.0, 0.0, 0.0, 0.0, 0.0, 0.0, 0.0, 0.0, 0.0, 0.0, 0.0, 0.0, 0.0, 0.0, 0.0, 0.0, 0.0, 0.0, 0.0, 0.0, 0.0, 0.0, 0.0, 0.0, 0.0, 0.0, 0.0, 5.970149253731344]",COMPLETE
