,number,value,datetime_start,datetime_complete,duration,params_batch_size_scaler,params_constant_learning_rate,params_depth,params_epochs,params_kernel_l2,params_num_trees,params_temperature,user_attrs_accuracy_test,user_attrs_accuracy_valid,user_attrs_approximate_feature_sparsity,user_attrs_approximate_feature_sparsity_history,user_attrs_approximate_weight_sparsity,user_attrs_approximate_weight_sparsity_history,user_attrs_auc_test,user_attrs_auc_valid,user_attrs_feature_sparsity,user_attrs_feature_sparsity_history,user_attrs_num_epochs,user_attrs_val_loss_history,user_attrs_weight_sparsity,user_attrs_weight_sparsity_history,state
158,158,0.9240251961201067,2024-08-31 07:30:38.064555,2024-08-31 07:35:52.060288,0 days 00:05:13.995733,1,0.013419880075435405,2,235,0.020926296114938476,3,0.002102144970935923,0.934,0.93,18,"[33, 33, 33, 33, 33, 33, 33, 33, 33, 33, 33, 33, 33, 33, 33, 33, 33, 33, 33, 33, 33, 33, 33, 33, 33, 33, 33, 33, 33, 33, 33, 33, 33, 33, 33, 33, 33, 33, 33, 33, 33, 33, 33, 33, 33, 33, 33, 32, 32, 31, 29, 29, 29, 29, 28, 28, 28, 28, 27, 25, 25, 25, 24, 24, 24, 24, 24, 24, 24, 24, 24, 23, 23, 23, 23, 23, 23, 23, 22, 22, 22, 22, 22, 22, 22, 22, 22, 22, 21, 21, 20, 20, 20, 20, 20, 20, 20, 20, 20, 20, 20, 20, 20, 20, 20, 20, 20, 20, 20, 20, 20, 20, 20, 20, 20, 20, 20, 20, 20, 20, 20, 20, 20, 20, 20, 20, 20, 20, 20, 20, 20, 20, 20, 20, 20, 20, 20, 20, 20, 20, 20, 20, 20, 20, 20, 20, 20, 20, 19, 18, 18, 18, 18, 18, 18, 18, 18, 18, 18, 18, 18, 18, 18, 18, 18, 18, 18, 18, 18, 18, 18, 18, 18, 18, 18, 18, 18, 18, 18, 18, 18, 18, 18, 18, 18, 18, 18, 18, 18, 18, 18, 18, 18, 18, 18, 18, 18, 18, 18, 18, 18, 18, 18, 18, 18, 18, 18, 18, 18, 18, 18, 18, 18, 18, 18, 18, 18, 18, 18, 18, 18, 18, 18, 18, 18, 18, 18, 18, 18, 18, 18, 18, 18, 18, 18]",18.0,"[33.0, 33.0, 33.0, 33.0, 33.0, 33.0, 33.0, 33.0, 33.0, 33.0, 33.0, 33.0, 33.0, 33.0, 33.0, 33.0, 33.0, 33.0, 33.0, 33.0, 33.0, 33.0, 33.0, 33.0, 32.888888888888886, 33.0, 32.888888888888886, 33.0, 33.0, 33.0, 33.0, 33.0, 33.0, 33.0, 33.0, 33.0, 33.0, 33.0, 33.0, 33.0, 33.0, 33.0, 32.77777777777778, 33.0, 33.0, 33.0, 33.0, 32.0, 32.0, 31.0, 29.0, 29.0, 29.0, 29.0, 28.0, 28.0, 28.0, 28.0, 27.0, 25.0, 25.0, 25.0, 24.0, 24.0, 24.0, 24.0, 24.0, 24.0, 24.0, 24.0, 24.0, 23.0, 23.0, 23.0, 23.0, 23.0, 23.0, 23.0, 22.0, 22.0, 22.0, 22.0, 22.0, 22.0, 22.0, 22.0, 22.0, 22.0, 21.0, 21.0, 20.0, 20.0, 20.0, 20.0, 20.0, 19.88888888888889, 20.0, 20.0, 20.0, 20.0, 20.0, 20.0, 20.0, 20.0, 20.0, 20.0, 20.0, 20.0, 20.0, 19.88888888888889, 20.0, 20.0, 20.0, 20.0, 20.0, 20.0, 20.0, 20.0, 20.0, 20.0, 20.0, 20.0, 20.0, 19.88888888888889, 20.0, 20.0, 20.0, 20.0, 20.0, 19.88888888888889, 20.0, 20.0, 20.0, 20.0, 20.0, 20.0, 20.0, 20.0, 20.0, 20.0, 20.0, 20.0, 20.0, 20.0, 20.0, 20.0, 20.0, 20.0, 19.0, 18.0, 18.0, 18.0, 18.0, 18.0, 18.0, 18.0, 18.0, 18.0, 18.0, 18.0, 18.0, 18.0, 18.0, 18.0, 18.0, 18.0, 18.0, 18.0, 18.0, 18.0, 18.0, 18.0, 18.0, 18.0, 18.0, 18.0, 18.0, 18.0, 18.0, 18.0, 18.0, 18.0, 18.0, 18.0, 17.88888888888889, 18.0, 18.0, 18.0, 18.0, 18.0, 18.0, 18.0, 18.0, 18.0, 18.0, 18.0, 17.88888888888889, 17.88888888888889, 18.0, 18.0, 18.0, 18.0, 18.0, 18.0, 18.0, 18.0, 18.0, 18.0, 18.0, 18.0, 18.0, 18.0, 18.0, 17.88888888888889, 17.88888888888889, 17.88888888888889, 17.88888888888889, 17.88888888888889, 18.0, 18.0, 18.0, 18.0, 18.0, 18.0, 18.0, 18.0, 18.0, 18.0, 18.0, 17.88888888888889, 18.0, 17.77777777777778, 18.0, 18.0, 18.0]",0.910897547040514,0.9240251961201067,18,"[33, 33, 33, 33, 33, 33, 33, 33, 33, 33, 33, 33, 33, 33, 33, 33, 33, 33, 33, 33, 33, 33, 33, 33, 33, 33, 33, 33, 33, 33, 33, 33, 33, 33, 33, 33, 33, 33, 33, 33, 33, 33, 33, 33, 33, 33, 33, 32, 32, 31, 29, 29, 29, 29, 28, 28, 28, 28, 27, 25, 25, 25, 24, 24, 24, 24, 24, 24, 24, 24, 24, 23, 23, 23, 23, 23, 23, 23, 22, 22, 22, 22, 22, 22, 22, 22, 22, 22, 21, 21, 20, 20, 20, 20, 20, 20, 20, 20, 20, 20, 20, 20, 20, 20, 20, 20, 20, 20, 20, 20, 20, 20, 20, 20, 20, 20, 20, 20, 20, 20, 20, 20, 20, 20, 20, 20, 20, 20, 20, 20, 20, 20, 20, 20, 20, 20, 20, 20, 20, 20, 20, 20, 20, 20, 20, 20, 20, 20, 19, 18, 18, 18, 18, 18, 18, 18, 18, 18, 18, 18, 18, 18, 18, 18, 18, 18, 18, 18, 18, 18, 18, 18, 18, 18, 18, 18, 18, 18, 18, 18, 18, 18, 18, 18, 18, 18, 18, 18, 18, 18, 18, 18, 18, 18, 18, 18, 18, 18, 18, 18, 18, 18, 18, 18, 18, 18, 18, 18, 18, 18, 18, 18, 18, 18, 18, 18, 18, 18, 18, 18, 18, 18, 18, 18, 18, 18, 18, 18, 18, 18, 18, 18, 18, 18, 18]",235,"[0.4618262052536011, 0.43502068519592285, 0.4221680760383606, 0.4128263592720032, 0.40550705790519714, 0.3995420038700104, 0.39458969235420227, 0.39028850197792053, 0.3865237534046173, 0.3830209970474243, 0.37999245524406433, 0.37712904810905457, 0.3746596872806549, 0.3722364902496338, 0.37012168765068054, 0.36804017424583435, 0.36603763699531555, 0.36414435505867004, 0.3622448444366455, 0.3604690134525299, 0.3589268624782562, 0.35730281472206116, 0.35542353987693787, 0.35359829664230347, 0.3521513342857361, 0.3502095341682434, 0.3484189212322235, 0.3468834161758423, 0.3452274799346924, 0.34347212314605713, 0.34182071685791016, 0.339920312166214, 0.3381659686565399, 0.3360098600387573, 0.33416977524757385, 0.3321312367916107, 0.33016014099121094, 0.3282138705253601, 0.32636550068855286, 0.3243122398853302, 0.32228198647499084, 0.32014214992523193, 0.31862446665763855, 0.31627386808395386, 0.31427815556526184, 0.31231096386909485, 0.3102498948574066, 0.30844253301620483, 0.3066801130771637, 0.30555665493011475, 0.303252249956131, 0.30159974098205566, 0.2999236583709717, 0.29818612337112427, 0.2972203195095062, 0.29521244764328003, 0.2938774824142456, 0.2923806607723236, 0.2907923460006714, 0.2879117727279663, 0.28666743636131287, 0.28526854515075684, 0.28343257308006287, 0.28240448236465454, 0.28130418062210083, 0.27964505553245544, 0.2782261371612549, 0.2770054340362549, 0.27606135606765747, 0.2750842869281769, 0.27389559149742126, 0.27253323793411255, 0.2716367542743683, 0.2707075774669647, 0.26954421401023865, 0.26832085847854614, 0.2676157057285309, 0.266814261674881, 0.26532265543937683, 0.26531317830085754, 0.26458853483200073, 0.2636389434337616, 0.26250964403152466, 0.2617231607437134, 0.2605290114879608, 0.259853333234787, 0.25895634293556213, 0.25864177942276, 0.26281920075416565, 0.26171573996543884, 0.26057612895965576, 0.2605411410331726, 0.2595946788787842, 0.25811871886253357, 0.256997287273407, 0.25707826018333435, 0.2562234401702881, 0.2560725212097168, 0.2551129162311554, 0.25497859716415405, 0.2541819214820862, 0.2537277638912201, 0.25332263112068176, 0.2533849775791168, 0.25266095995903015, 0.2508509159088135, 0.2510383427143097, 0.25047680735588074, 0.25068169832229614, 0.24994009733200073, 0.24895989894866943, 0.24894896149635315, 0.24915076792240143, 0.24820870161056519, 0.24848073720932007, 0.24743050336837769, 0.2475249320268631, 0.24690967798233032, 0.2465314120054245, 0.24662524461746216, 0.24594831466674805, 0.24511323869228363, 0.2451605647802353, 0.24499723315238953, 0.2442241609096527, 0.244178906083107, 0.24375352263450623, 0.24293474853038788, 0.24252203106880188, 0.24359245598316193, 0.24284173548221588, 0.24326057732105255, 0.24280208349227905, 0.2420155107975006, 0.24171538650989532, 0.24153192341327667, 0.24186277389526367, 0.2409723848104477, 0.24108853936195374, 0.24004200100898743, 0.24086743593215942, 0.24080297350883484, 0.24134939908981323, 0.2406918853521347, 0.23982028663158417, 0.23917455971240997, 0.23906950652599335, 0.23879697918891907, 0.23819854855537415, 0.23623934388160706, 0.2366844117641449, 0.23590300977230072, 0.23538094758987427, 0.23514768481254578, 0.23508277535438538, 0.2351706176996231, 0.23359864950180054, 0.23388759791851044, 0.23510746657848358, 0.23433689773082733, 0.2335655838251114, 0.23276486992835999, 0.233047753572464, 0.23344701528549194, 0.2328045815229416, 0.23364385962486267, 0.23268575966358185, 0.2322610467672348, 0.23243679106235504, 0.23196914792060852, 0.23126859962940216, 0.23252981901168823, 0.23246970772743225, 0.23220360279083252, 0.23226188123226166, 0.23116733133792877, 0.2332935780286789, 0.23237842321395874, 0.23089653253555298, 0.23071451485157013, 0.23022043704986572, 0.23197823762893677, 0.23110038042068481, 0.23062099516391754, 0.23214516043663025, 0.2308504432439804, 0.23063190281391144, 0.23074300587177277, 0.23085010051727295, 0.23119406402111053, 0.23118752241134644, 0.22963495552539825, 0.2287251502275467, 0.22877345979213715, 0.22936567664146423, 0.2298893928527832, 0.23079532384872437, 0.22874927520751953, 0.22793692350387573, 0.22902823984622955, 0.22855137288570404, 0.22903867065906525, 0.22805678844451904, 0.22891254723072052, 0.22806604206562042, 0.2283114790916443, 0.22870579361915588, 0.22764404118061066, 0.22836440801620483, 0.22788116335868835, 0.22701670229434967, 0.22724232077598572, 0.22791215777397156, 0.22792261838912964, 0.22775615751743317, 0.22865113615989685, 0.22921563684940338, 0.22682230174541473, 0.22616589069366455, 0.22574450075626373, 0.22507362067699432, 0.22474098205566406, 0.22700124979019165, 0.2251487523317337, 0.22723393142223358, 0.22668321430683136, 0.2259547859430313, 0.2267424464225769, 0.22736261785030365, 0.22630664706230164, 0.22755423188209534, 0.2274826467037201, 0.22590622305870056, 0.22576898336410522, 0.22614388167858124]",18.0,"[33.0, 33.0, 33.0, 33.0, 33.0, 33.0, 33.0, 33.0, 33.0, 33.0, 33.0, 33.0, 33.0, 33.0, 33.0, 33.0, 33.0, 33.0, 33.0, 33.0, 33.0, 33.0, 33.0, 33.0, 33.0, 33.0, 33.0, 33.0, 33.0, 33.0, 33.0, 33.0, 33.0, 33.0, 33.0, 33.0, 33.0, 33.0, 33.0, 33.0, 33.0, 33.0, 33.0, 33.0, 33.0, 33.0, 33.0, 32.0, 32.0, 31.0, 29.0, 29.0, 29.0, 29.0, 28.0, 28.0, 28.0, 28.0, 27.0, 25.0, 25.0, 25.0, 24.0, 24.0, 24.0, 24.0, 24.0, 24.0, 24.0, 24.0, 24.0, 23.0, 23.0, 23.0, 23.0, 23.0, 23.0, 23.0, 22.0, 22.0, 22.0, 22.0, 22.0, 22.0, 22.0, 22.0, 22.0, 22.0, 21.0, 21.0, 20.0, 20.0, 20.0, 20.0, 20.0, 20.0, 20.0, 20.0, 20.0, 20.0, 20.0, 20.0, 20.0, 20.0, 20.0, 20.0, 20.0, 20.0, 20.0, 20.0, 20.0, 20.0, 20.0, 20.0, 20.0, 20.0, 20.0, 20.0, 20.0, 20.0, 20.0, 20.0, 20.0, 20.0, 20.0, 20.0, 20.0, 20.0, 20.0, 20.0, 20.0, 20.0, 20.0, 20.0, 20.0, 20.0, 20.0, 20.0, 20.0, 20.0, 20.0, 20.0, 20.0, 20.0, 20.0, 20.0, 20.0, 20.0, 19.0, 18.0, 18.0, 18.0, 18.0, 18.0, 18.0, 18.0, 18.0, 18.0, 18.0, 18.0, 18.0, 18.0, 18.0, 18.0, 18.0, 18.0, 18.0, 18.0, 18.0, 18.0, 18.0, 18.0, 18.0, 18.0, 18.0, 18.0, 18.0, 18.0, 18.0, 18.0, 18.0, 18.0, 18.0, 18.0, 18.0, 18.0, 18.0, 18.0, 18.0, 18.0, 18.0, 18.0, 18.0, 18.0, 18.0, 18.0, 18.0, 18.0, 18.0, 18.0, 18.0, 18.0, 18.0, 18.0, 18.0, 18.0, 18.0, 18.0, 18.0, 18.0, 18.0, 18.0, 18.0, 18.0, 18.0, 18.0, 18.0, 18.0, 18.0, 18.0, 18.0, 18.0, 18.0, 18.0, 18.0, 18.0, 18.0, 18.0, 18.0, 18.0, 18.0, 18.0, 18.0, 18.0, 18.0]",COMPLETE
159,159,0.7064059460782419,2024-08-31 07:35:58.382556,2024-08-31 07:36:08.680348,0 days 00:00:10.297792,64,0.21040097109258166,1,20,0.005468489382278565,47,0.0019665356087708607,0.874,0.87,33,"[33, 33, 33, 33, 33, 33, 33, 33, 33, 33, 33, 33, 33, 33, 33, 33, 33, 33, 33, 33]",33.0,"[33.0, 32.97872340425532, 33.0, 32.97872340425532, 32.97872340425532, 33.0, 33.0, 33.0, 32.97872340425532, 33.0, 32.97872340425532, 32.97872340425532, 33.0, 32.97872340425532, 32.97872340425532, 33.0, 33.0, 33.0, 33.0, 33.0]",0.7484870251570769,0.7064059460782419,33,"[33, 33, 33, 33, 33, 33, 33, 33, 33, 33, 33, 33, 33, 33, 33, 33, 33, 33, 33, 33]",20,"[0.41066738963127136, 0.40073099732398987, 0.3976067006587982, 0.39110004901885986, 0.4119410812854767, 0.38764452934265137, 0.3819636404514313, 0.39379093050956726, 0.39201676845550537, 0.3770923912525177, 0.37712451815605164, 0.37467920780181885, 0.37313607335090637, 0.37457069754600525, 0.3744443953037262, 0.37072426080703735, 0.37286490201950073, 0.3686593770980835, 0.3749924898147583, 0.37020719051361084]",33.0,"[33.0, 33.0, 33.0, 33.0, 33.0, 33.0, 33.0, 33.0, 33.0, 33.0, 33.0, 33.0, 33.0, 33.0, 33.0, 33.0, 33.0, 33.0, 33.0, 33.0]",COMPLETE
160,160,0.8356197910628486,2024-08-31 07:36:08.684537,2024-08-31 07:36:33.215827,0 days 00:00:24.531290,64,1.5863744580276433,2,155,0.020432718787107465,53,0.0042647491724794795,0.872,0.8675,4,"[33, 33, 33, 33, 33, 33, 33, 33, 31, 29, 25, 17, 10, 10, 8, 5, 5, 5, 5, 5, 5, 5, 5, 5, 5, 5, 5, 5, 5, 5, 5, 5, 5, 5, 5, 5, 5, 5, 5, 5, 5, 5, 5, 5, 5, 5, 4, 4, 4, 4, 4, 4, 4, 4, 4, 4, 4, 4, 4, 4, 4, 4, 4, 4, 4, 4, 4, 4, 4, 4, 4, 4, 4, 4, 4, 4, 4, 4, 4, 4, 4, 4, 4, 4, 4, 4, 4, 4, 4, 4, 4, 4, 4, 4, 4, 4, 4, 4, 4, 4, 4, 4, 4, 4, 4, 4, 4, 4, 4, 4, 4, 4, 4, 4, 4, 4, 4, 4, 4, 4, 4, 4, 4, 4, 4, 4, 4, 4, 4, 4, 4, 4, 4, 4, 4, 4, 4, 4, 4, 4, 4, 4, 4, 4, 4, 4, 4, 4, 4, 4, 4, 4, 4, 4, 4]",4.0,"[32.9811320754717, 32.9685534591195, 32.9685534591195, 32.9811320754717, 32.9937106918239, 33.0, 32.9874213836478, 32.9937106918239, 30.9937106918239, 28.9937106918239, 24.9937106918239, 16.9937106918239, 10.0, 9.9937106918239, 8.0, 4.9937106918239, 5.0, 5.0, 5.0, 5.0, 5.0, 5.0, 5.0, 4.987421383647799, 4.987421383647799, 4.9937106918239, 4.9937106918239, 4.9937106918239, 5.0, 4.9937106918239, 5.0, 4.9937106918239, 5.0, 4.987421383647799, 5.0, 5.0, 5.0, 5.0, 5.0, 4.987421383647799, 5.0, 5.0, 5.0, 4.9937106918239, 4.9937106918239, 5.0, 4.0, 3.9937106918238996, 3.9937106918238996, 4.0, 4.0, 3.9937106918238996, 4.0, 4.0, 4.0, 3.9937106918238996, 4.0, 4.0, 3.9937106918238996, 4.0, 4.0, 3.987421383647799, 4.0, 4.0, 3.9937106918238996, 4.0, 4.0, 4.0, 4.0, 4.0, 4.0, 4.0, 4.0, 4.0, 4.0, 3.9937106918238996, 4.0, 4.0, 4.0, 4.0, 4.0, 4.0, 4.0, 4.0, 4.0, 4.0, 4.0, 4.0, 4.0, 4.0, 4.0, 4.0, 4.0, 4.0, 4.0, 4.0, 4.0, 3.9937106918238996, 4.0, 4.0, 3.9937106918238996, 4.0, 4.0, 3.9937106918238996, 4.0, 4.0, 4.0, 4.0, 4.0, 4.0, 3.9937106918238996, 4.0, 4.0, 3.9937106918238996, 4.0, 4.0, 3.9937106918238996, 4.0, 4.0, 4.0, 4.0, 4.0, 3.9874213836477987, 4.0, 4.0, 4.0, 4.0, 4.0, 4.0, 4.0, 3.9937106918238996, 4.0, 3.9937106918238996, 3.9937106918238996, 4.0, 4.0, 4.0, 4.0, 4.0, 4.0, 4.0, 4.0, 4.0, 4.0, 4.0, 4.0, 3.9937106918238996, 4.0, 3.9874213836477987, 3.9937106918238996, 4.0, 4.0, 3.9937106918238996, 4.0, 4.0]",0.8296468762126504,0.8356197910628486,4,"[33, 33, 33, 33, 33, 33, 33, 33, 31, 29, 25, 17, 10, 10, 8, 5, 5, 5, 5, 5, 5, 5, 5, 5, 5, 5, 5, 5, 5, 5, 5, 5, 5, 5, 5, 5, 5, 5, 5, 5, 5, 5, 5, 5, 5, 5, 4, 4, 4, 4, 4, 4, 4, 4, 4, 4, 4, 4, 4, 4, 4, 4, 4, 4, 4, 4, 4, 4, 4, 4, 4, 4, 4, 4, 4, 4, 4, 4, 4, 4, 4, 4, 4, 4, 4, 4, 4, 4, 4, 4, 4, 4, 4, 4, 4, 4, 4, 4, 4, 4, 4, 4, 4, 4, 4, 4, 4, 4, 4, 4, 4, 4, 4, 4, 4, 4, 4, 4, 4, 4, 4, 4, 4, 4, 4, 4, 4, 4, 4, 4, 4, 4, 4, 4, 4, 4, 4, 4, 4, 4, 4, 4, 4, 4, 4, 4, 4, 4, 4, 4, 4, 4, 4, 4, 4]",155,"[3.1665329933166504, 2.181913137435913, 1.4674583673477173, 1.067404866218567, 1.1040459871292114, 0.4947277009487152, 0.4127836227416992, 1.4330873489379883, 0.5715146660804749, 0.9301668405532837, 0.5396192669868469, 0.7038213610649109, 1.493986964225769, 0.8320121765136719, 1.7541698217391968, 0.9227449297904968, 2.971156358718872, 0.38426512479782104, 0.3524063229560852, 1.3188036680221558, 1.8081668615341187, 0.41472724080085754, 1.3248498439788818, 1.464390754699707, 0.44308605790138245, 0.38458603620529175, 0.4339448809623718, 0.8602960705757141, 0.3829089105129242, 1.4280238151550293, 0.4766949713230133, 1.6383545398712158, 0.7565392851829529, 1.0560851097106934, 1.4828475713729858, 0.5536524653434753, 0.7015340924263, 0.8925974369049072, 0.9835813045501709, 0.4351497292518616, 0.3637203872203827, 0.45813795924186707, 0.7462421655654907, 0.42986923456192017, 0.5353972315788269, 0.3332985043525696, 2.095759868621826, 1.0605214834213257, 0.3334396481513977, 0.8309653997421265, 0.3916563093662262, 1.156450629234314, 1.0101851224899292, 1.3074232339859009, 0.7346352934837341, 1.4212759733200073, 1.0568487644195557, 0.6950557827949524, 0.3656327724456787, 0.6948278546333313, 1.6323800086975098, 0.34748607873916626, 0.39105355739593506, 0.5748504996299744, 0.8130139708518982, 0.429454505443573, 0.331442654132843, 0.3405870795249939, 1.164423942565918, 0.9644331932067871, 0.41795217990875244, 0.4673103988170624, 0.4124601483345032, 0.48737579584121704, 0.46906861662864685, 0.5308351516723633, 1.3017399311065674, 0.48570936918258667, 0.8424103260040283, 1.967531442642212, 0.36445197463035583, 0.7787497043609619, 0.5481240153312683, 0.6299077868461609, 0.3304396867752075, 1.5100200176239014, 0.4547514021396637, 0.416563481092453, 0.42473646998405457, 1.1074947118759155, 0.4094688296318054, 0.39274510741233826, 0.9086140394210815, 0.38780534267425537, 0.40065887570381165, 0.33050891757011414, 1.1404767036437988, 0.6739216446876526, 0.49046188592910767, 0.34698981046676636, 0.33660393953323364, 0.4778566360473633, 0.5339340567588806, 0.3845773935317993, 0.33311405777931213, 0.3799406886100769, 0.6301105618476868, 1.295456886291504, 0.8579866290092468, 1.4539153575897217, 0.4316914677619934, 0.3660691976547241, 0.4755159020423889, 0.42046278715133667, 0.8538234829902649, 0.8654102087020874, 1.3102322816848755, 0.36493119597435, 0.7915035486221313, 1.0247197151184082, 0.3356459140777588, 0.32064056396484375, 0.4756701588630676, 0.6012782454490662, 0.3153189420700073, 1.3036866188049316, 0.3866739273071289, 0.45219480991363525, 0.696546196937561, 0.5312871336936951, 0.3610244393348694, 0.7301210165023804, 1.1371310949325562, 0.3537374436855316, 0.43061935901641846, 0.865321934223175, 1.0528150796890259, 0.35876360535621643, 0.361438512802124, 0.5357009172439575, 0.3349180221557617, 0.8168132901191711, 0.3310512900352478, 0.9812318682670593, 0.613826334476471, 0.5270670652389526, 0.5903140306472778, 0.9857656955718994, 0.3292669653892517, 0.3209472894668579, 1.4608960151672363, 0.33445826172828674, 0.9580161571502686, 0.4295499324798584, 0.5150557160377502]",4.0,"[33.0, 33.0, 33.0, 33.0, 33.0, 33.0, 33.0, 33.0, 31.0, 29.0, 25.0, 17.0, 10.0, 10.0, 8.0, 5.0, 5.0, 5.0, 5.0, 5.0, 5.0, 5.0, 5.0, 5.0, 5.0, 5.0, 5.0, 5.0, 5.0, 5.0, 5.0, 5.0, 5.0, 5.0, 5.0, 5.0, 5.0, 5.0, 5.0, 5.0, 5.0, 5.0, 5.0, 5.0, 5.0, 5.0, 4.0, 4.0, 4.0, 4.0, 4.0, 4.0, 4.0, 4.0, 4.0, 4.0, 4.0, 4.0, 4.0, 4.0, 4.0, 4.0, 4.0, 4.0, 4.0, 4.0, 4.0, 4.0, 4.0, 4.0, 4.0, 4.0, 4.0, 4.0, 4.0, 4.0, 4.0, 4.0, 4.0, 4.0, 4.0, 4.0, 4.0, 4.0, 4.0, 4.0, 4.0, 4.0, 4.0, 4.0, 4.0, 4.0, 4.0, 4.0, 4.0, 4.0, 4.0, 4.0, 4.0, 4.0, 4.0, 4.0, 4.0, 4.0, 4.0, 4.0, 4.0, 4.0, 4.0, 4.0, 4.0, 4.0, 4.0, 4.0, 4.0, 4.0, 4.0, 4.0, 4.0, 4.0, 4.0, 4.0, 4.0, 4.0, 4.0, 4.0, 4.0, 4.0, 4.0, 4.0, 4.0, 4.0, 4.0, 4.0, 4.0, 4.0, 4.0, 4.0, 4.0, 4.0, 4.0, 4.0, 4.0, 4.0, 4.0, 4.0, 4.0, 4.0, 4.0, 4.0, 4.0, 4.0, 4.0, 4.0, 4.0]",COMPLETE
