,number,value,datetime_start,datetime_complete,duration,params_batch_size_scaler,params_constant_learning_rate,params_depth,params_epochs,params_kernel_l2,params_num_trees,params_temperature,user_attrs_accuracy_test,user_attrs_accuracy_valid,user_attrs_approximate_feature_sparsity,user_attrs_approximate_feature_sparsity_history,user_attrs_approximate_weight_sparsity,user_attrs_approximate_weight_sparsity_history,user_attrs_auc_test,user_attrs_auc_valid,user_attrs_feature_sparsity,user_attrs_feature_sparsity_history,user_attrs_num_epochs,user_attrs_val_loss_history,user_attrs_weight_sparsity,user_attrs_weight_sparsity_history,state
20,20,0.8512063479795442,2024-08-31 01:22:13.455195,2024-08-31 01:22:56.602885,0 days 00:00:43.147690,16,0.035589095788926224,3,295,0.07270060821878746,44,0.0013135133735791755,0.884,0.88125,33,"[33, 33, 33, 33, 33, 33, 33, 33, 33, 33, 33, 33, 33, 33, 33, 33, 33, 33, 33, 33, 33, 33, 33, 33, 33, 33, 33, 33, 33, 33, 33, 33, 33, 33, 33, 33, 33, 33, 33, 33, 33, 33, 33, 33, 33, 33, 33, 33, 33, 33, 33, 33, 33, 33, 33, 33, 33, 33, 33, 33, 33, 33, 33, 33, 33, 33, 33, 33, 33, 33, 33, 33, 33, 33, 33, 33, 33, 33, 33, 33, 33, 33, 33, 33, 33, 33, 33, 33, 33, 33, 33, 33, 33, 33, 33, 33, 33, 33, 33, 33, 33, 33, 33, 33, 33, 33, 33, 33, 33, 33, 33, 33, 33, 33, 33, 33, 33, 33, 33, 33, 33, 33, 33, 33, 33, 33, 33, 33, 33, 33, 33, 33, 33, 33, 33, 33, 33, 33, 33, 33, 33, 33, 33, 33, 33, 33, 33, 33, 33, 33, 33, 33, 33, 33, 33, 33, 33, 33, 33, 33, 33, 33, 33, 33, 33, 33, 33, 33, 33, 33, 33, 33, 33, 33, 33, 33, 33, 33, 33, 33, 33, 33, 33, 33, 33, 33, 33, 33, 33, 33, 33, 33, 33, 33, 33, 33, 33, 33, 33, 33, 33, 33, 33, 33, 33, 33, 33, 33, 33, 33, 33, 33, 33, 33, 33, 33, 33, 33, 33, 33, 33, 33, 33, 33, 33, 33, 33, 33, 33, 33, 33, 33, 33, 33, 33, 33, 33, 33, 33, 33, 33, 33, 33, 33, 33, 33, 33, 33, 33, 33, 33, 33, 33, 33, 33, 33, 33, 33, 33, 33, 33, 33, 33, 33, 33, 33, 33, 33, 33, 33, 33, 33, 33, 33, 33, 33, 33, 33, 33, 33, 33, 33, 33, 33, 33, 33, 33, 33, 33, 33, 33, 33, 33, 33, 33]",32.97402597402598,"[32.97727272727273, 32.990259740259745, 32.98376623376623, 32.98376623376623, 32.96428571428571, 32.98701298701299, 32.97402597402597, 32.97727272727273, 32.97402597402598, 32.96428571428571, 32.98701298701299, 32.98701298701299, 32.98376623376623, 32.98701298701299, 32.990259740259745, 32.990259740259745, 32.990259740259745, 32.98376623376623, 32.98051948051948, 32.99025974025974, 32.98376623376623, 32.98051948051948, 32.97077922077922, 32.964285714285715, 32.95779220779221, 32.98051948051948, 32.990259740259745, 32.993506493506494, 32.98051948051948, 32.980519480519476, 32.980519480519476, 32.98376623376623, 32.97402597402598, 32.97727272727273, 32.967532467532465, 32.97077922077922, 32.98051948051948, 32.97402597402598, 32.97402597402598, 32.98051948051948, 32.97402597402598, 32.98051948051948, 32.97727272727273, 32.98701298701299, 32.98701298701299, 32.993506493506494, 32.98376623376623, 32.97727272727273, 32.97727272727273, 32.98701298701299, 32.98051948051948, 32.98051948051948, 32.97727272727273, 32.98051948051948, 32.97727272727273, 32.98701298701299, 32.98376623376623, 32.98701298701299, 32.98701298701299, 32.98051948051948, 32.97727272727273, 32.97727272727273, 32.98376623376623, 32.98051948051948, 32.980519480519476, 32.98376623376623, 32.98051948051948, 32.97727272727273, 32.97727272727273, 32.98701298701299, 32.980519480519476, 32.97727272727273, 32.980519480519476, 32.97402597402597, 32.97402597402598, 32.97402597402598, 32.98051948051948, 32.98051948051948, 32.97727272727273, 32.97402597402598, 32.97077922077922, 32.964285714285715, 32.97077922077922, 32.97402597402597, 32.967532467532465, 32.980519480519476, 32.97727272727273, 32.97077922077922, 32.97727272727273, 32.97402597402598, 32.967532467532465, 32.97077922077922, 32.96103896103896, 32.9512987012987, 32.967532467532465, 32.967532467532465, 32.964285714285715, 32.964285714285715, 32.967532467532465, 32.967532467532465, 32.97402597402598, 32.96428571428571, 32.967532467532465, 32.97077922077922, 32.97077922077922, 32.964285714285715, 32.967532467532465, 32.967532467532465, 32.97402597402598, 32.967532467532465, 32.97402597402598, 32.967532467532465, 32.97077922077922, 32.98051948051948, 32.98051948051948, 32.97727272727273, 32.98051948051948, 32.97402597402598, 32.97077922077922, 32.98051948051948, 32.98376623376623, 32.97402597402598, 32.97077922077922, 32.97402597402598, 32.98051948051948, 32.990259740259745, 32.98376623376623, 32.98051948051948, 32.98701298701299, 32.98701298701299, 32.98051948051948, 32.98051948051948, 32.98051948051948, 32.97727272727273, 32.97402597402598, 32.97402597402598, 32.97727272727273, 32.97077922077922, 32.96428571428571, 32.967532467532465, 32.97077922077922, 32.97402597402598, 32.97402597402598, 32.97077922077922, 32.97077922077922, 32.964285714285715, 32.967532467532465, 32.97402597402598, 32.97727272727273, 32.97727272727273, 32.97402597402598, 32.980519480519476, 32.98376623376623, 32.97402597402598, 32.98376623376623, 32.97727272727273, 32.98376623376623, 32.98701298701299, 32.98376623376623, 32.98701298701299, 32.98051948051948, 32.98701298701299, 32.98376623376623, 32.98376623376623, 32.98376623376623, 32.97727272727273, 32.98376623376623, 32.98376623376623, 32.990259740259745, 32.98376623376623, 32.990259740259745, 32.98376623376623, 32.98376623376623, 32.98051948051948, 32.98376623376623, 32.97077922077922, 32.98051948051948, 32.98376623376623, 32.990259740259745, 32.993506493506494, 32.993506493506494, 32.990259740259745, 32.98376623376623, 32.98376623376623, 32.98701298701299, 32.990259740259745, 32.98376623376623, 32.98701298701299, 32.990259740259745, 32.98701298701299, 32.98701298701299, 32.990259740259745, 32.993506493506494, 32.98701298701299, 32.98051948051948, 32.98701298701299, 32.98701298701299, 32.990259740259745, 32.990259740259745, 32.990259740259745, 32.993506493506494, 32.98376623376623, 32.990259740259745, 32.97727272727273, 32.967532467532465, 32.97077922077922, 32.97402597402598, 32.97727272727273, 32.980519480519476, 32.98701298701299, 32.98701298701299, 32.980519480519476, 32.97402597402597, 32.97727272727273, 32.97727272727273, 32.97727272727273, 32.97077922077922, 32.967532467532465, 32.97402597402598, 32.967532467532465, 32.97727272727273, 32.98051948051948, 32.97077922077922, 32.980519480519476, 32.98376623376623, 32.993506493506494, 32.993506493506494, 32.993506493506494, 32.990259740259745, 32.990259740259745, 32.98376623376623, 32.98051948051948, 32.97402597402598, 32.97727272727273, 32.990259740259745, 32.97727272727273, 32.98376623376623, 32.97402597402598, 32.967532467532465, 32.97077922077922, 32.96103896103896, 32.967532467532465, 32.967532467532465, 32.97077922077922, 32.97727272727273, 32.97077922077922, 32.98051948051948, 32.98051948051948, 32.98376623376623, 32.97402597402598, 32.95779220779221, 32.95454545454545, 32.967532467532465, 32.97077922077922, 32.97727272727273, 32.97727272727273, 32.97402597402598, 32.98051948051948, 32.97402597402598, 32.98376623376623, 32.990259740259745, 32.993506493506494, 32.98701298701299, 32.97727272727273, 32.980519480519476, 32.98376623376623, 32.97727272727273, 32.98051948051948, 32.97402597402598, 32.97727272727273, 32.967532467532465, 32.97727272727273, 32.967532467532465, 32.98051948051948, 32.97402597402597, 32.97402597402597, 32.980519480519476, 32.97727272727273, 32.980519480519476, 32.98376623376623, 32.98376623376623, 32.97727272727273, 32.98051948051948, 32.97077922077922, 32.964285714285715, 32.97402597402598, 32.97077922077922, 32.98376623376623, 32.98051948051948, 32.97727272727273, 32.97727272727273, 32.97402597402597, 32.97402597402598, 32.967532467532465, 32.97402597402598]",0.8503785533235908,0.8512063479795442,33,"[33, 33, 33, 33, 33, 33, 33, 33, 33, 33, 33, 33, 33, 33, 33, 33, 33, 33, 33, 33, 33, 33, 33, 33, 33, 33, 33, 33, 33, 33, 33, 33, 33, 33, 33, 33, 33, 33, 33, 33, 33, 33, 33, 33, 33, 33, 33, 33, 33, 33, 33, 33, 33, 33, 33, 33, 33, 33, 33, 33, 33, 33, 33, 33, 33, 33, 33, 33, 33, 33, 33, 33, 33, 33, 33, 33, 33, 33, 33, 33, 33, 33, 33, 33, 33, 33, 33, 33, 33, 33, 33, 33, 33, 33, 33, 33, 33, 33, 33, 33, 33, 33, 33, 33, 33, 33, 33, 33, 33, 33, 33, 33, 33, 33, 33, 33, 33, 33, 33, 33, 33, 33, 33, 33, 33, 33, 33, 33, 33, 33, 33, 33, 33, 33, 33, 33, 33, 33, 33, 33, 33, 33, 33, 33, 33, 33, 33, 33, 33, 33, 33, 33, 33, 33, 33, 33, 33, 33, 33, 33, 33, 33, 33, 33, 33, 33, 33, 33, 33, 33, 33, 33, 33, 33, 33, 33, 33, 33, 33, 33, 33, 33, 33, 33, 33, 33, 33, 33, 33, 33, 33, 33, 33, 33, 33, 33, 33, 33, 33, 33, 33, 33, 33, 33, 33, 33, 33, 33, 33, 33, 33, 33, 33, 33, 33, 33, 33, 33, 33, 33, 33, 33, 33, 33, 33, 33, 33, 33, 33, 33, 33, 33, 33, 33, 33, 33, 33, 33, 33, 33, 33, 33, 33, 33, 33, 33, 33, 33, 33, 33, 33, 33, 33, 33, 33, 33, 33, 33, 33, 33, 33, 33, 33, 33, 33, 33, 33, 33, 33, 33, 33, 33, 33, 33, 33, 33, 33, 33, 33, 33, 33, 33, 33, 33, 33, 33, 33, 33, 33, 33, 33, 33, 33, 33, 33]",295,"[0.44523289799690247, 0.42362210154533386, 0.4176323413848877, 0.41493427753448486, 0.41292643547058105, 0.41110411286354065, 0.4094621241092682, 0.40798094868659973, 0.4065965414047241, 0.4052436053752899, 0.40399429202079773, 0.4028351604938507, 0.40177035331726074, 0.4007203280925751, 0.3997799754142761, 0.3988681435585022, 0.3980230987071991, 0.39718377590179443, 0.3964298963546753, 0.39568623900413513, 0.3949550986289978, 0.3942990005016327, 0.3936288356781006, 0.39303410053253174, 0.39247044920921326, 0.3919079899787903, 0.3913676142692566, 0.39086249470710754, 0.39037570357322693, 0.3898831605911255, 0.38939711451530457, 0.38891762495040894, 0.38848793506622314, 0.3881302773952484, 0.38768085837364197, 0.3871980905532837, 0.3867941200733185, 0.38641753792762756, 0.38609325885772705, 0.3856199383735657, 0.38521039485931396, 0.38485363125801086, 0.3844830393791199, 0.384129136800766, 0.3837718963623047, 0.38342130184173584, 0.383011132478714, 0.38268497586250305, 0.38228338956832886, 0.38193032145500183, 0.3816380202770233, 0.38133105635643005, 0.38109415769577026, 0.38072359561920166, 0.3804231286048889, 0.380160927772522, 0.37973108887672424, 0.37943434715270996, 0.3791237771511078, 0.3788208067417145, 0.37843191623687744, 0.37804698944091797, 0.37773048877716064, 0.37741073966026306, 0.37714967131614685, 0.3768113851547241, 0.37651148438453674, 0.3761829137802124, 0.37587806582450867, 0.37552669644355774, 0.37518075108528137, 0.3748757839202881, 0.3746117651462555, 0.3743407428264618, 0.37407928705215454, 0.3737753629684448, 0.37345317006111145, 0.3731551766395569, 0.37281644344329834, 0.3725328743457794, 0.3722301721572876, 0.3719410300254822, 0.3716154992580414, 0.37128543853759766, 0.37100374698638916, 0.3706730008125305, 0.37033993005752563, 0.37011539936065674, 0.3697965741157532, 0.3695392608642578, 0.36923614144325256, 0.3689832389354706, 0.36868035793304443, 0.36831119656562805, 0.36808308959007263, 0.3678000271320343, 0.3675764203071594, 0.36726415157318115, 0.366880863904953, 0.36651894450187683, 0.3663020431995392, 0.3659699261188507, 0.3657110929489136, 0.3654225468635559, 0.3651241958141327, 0.36486053466796875, 0.36452147364616394, 0.3642580509185791, 0.36389243602752686, 0.36353299021720886, 0.3632628321647644, 0.3629876971244812, 0.36268478631973267, 0.3624245822429657, 0.3620971739292145, 0.3617953360080719, 0.3615052103996277, 0.36118602752685547, 0.36092856526374817, 0.3606317639350891, 0.36033326387405396, 0.3600669801235199, 0.359719455242157, 0.35948100686073303, 0.3592122197151184, 0.3589327335357666, 0.35862967371940613, 0.35827499628067017, 0.3579607307910919, 0.35766780376434326, 0.3573431670665741, 0.35698384046554565, 0.356704443693161, 0.3564164340496063, 0.3563077449798584, 0.355956107378006, 0.3556841015815735, 0.35538360476493835, 0.3550143837928772, 0.3547627627849579, 0.35447925329208374, 0.3542303144931793, 0.3539600670337677, 0.35372674465179443, 0.3534243702888489, 0.35310181975364685, 0.3528396189212799, 0.35250863432884216, 0.3521684408187866, 0.351868599653244, 0.35166916251182556, 0.35126036405563354, 0.3509954512119293, 0.35074687004089355, 0.3504237234592438, 0.35014060139656067, 0.3497978150844574, 0.34949368238449097, 0.34921300411224365, 0.34895947575569153, 0.3486406207084656, 0.34834450483322144, 0.3480277359485626, 0.34774863719940186, 0.3475346267223358, 0.34721097350120544, 0.3468739688396454, 0.3466205298900604, 0.34631669521331787, 0.3460083305835724, 0.34570103883743286, 0.34547099471092224, 0.3452173173427582, 0.34489676356315613, 0.3446981906890869, 0.34437891840934753, 0.34404900670051575, 0.34381526708602905, 0.34352222084999084, 0.34325188398361206, 0.3429354131221771, 0.34264084696769714, 0.3423505425453186, 0.3421020805835724, 0.34179574251174927, 0.3415231704711914, 0.3412005603313446, 0.34087449312210083, 0.34055042266845703, 0.34019771218299866, 0.33994996547698975, 0.3396555781364441, 0.3394205868244171, 0.3391192555427551, 0.33876869082450867, 0.33845463395118713, 0.33816051483154297, 0.33786913752555847, 0.33757737278938293, 0.33730098605155945, 0.337096631526947, 0.33676669001579285, 0.3363940119743347, 0.33616265654563904, 0.33586376905441284, 0.3355436325073242, 0.3352532982826233, 0.33486706018447876, 0.3345780074596405, 0.33419322967529297, 0.33388030529022217, 0.3335374891757965, 0.33327507972717285, 0.3330579102039337, 0.3327650725841522, 0.33240628242492676, 0.3320857584476471, 0.3318299353122711, 0.33156031370162964, 0.33118683099746704, 0.3309566080570221, 0.33062008023262024, 0.3303145170211792, 0.3300192654132843, 0.32975417375564575, 0.3294697105884552, 0.3292190134525299, 0.32884886860847473, 0.3285270929336548, 0.328215092420578, 0.3278827369213104, 0.3275964856147766, 0.32727107405662537, 0.32699328660964966, 0.3266463577747345, 0.32635921239852905, 0.326076477766037, 0.32573944330215454, 0.3254626989364624, 0.32518917322158813, 0.3249661326408386, 0.32465606927871704, 0.3243948817253113, 0.3240867853164673, 0.32381099462509155, 0.32344764471054077, 0.3231370449066162, 0.32280635833740234, 0.32253551483154297, 0.3221736252307892, 0.3219822943210602, 0.3215998411178589, 0.3213407099246979, 0.3209352493286133, 0.32059475779533386, 0.32030123472213745, 0.3199811279773712, 0.3196839988231659, 0.3193383514881134, 0.31903189420700073, 0.31874769926071167, 0.318436861038208, 0.3181339502334595, 0.31788966059684753, 0.31750208139419556, 0.3171941637992859, 0.31695321202278137, 0.3165851831436157, 0.3163062334060669, 0.3159645199775696, 0.31565049290657043, 0.3154313862323761, 0.31508147716522217, 0.31478428840637207, 0.3145444989204407, 0.31417369842529297, 0.3138497471809387, 0.3135315179824829, 0.3132728338241577, 0.31291672587394714, 0.3125956654548645, 0.3123275637626648, 0.312038779258728, 0.31167981028556824, 0.3113750219345093, 0.3110889792442322, 0.310897558927536, 0.31060245633125305, 0.3102744519710541, 0.30998364090919495, 0.3096845746040344, 0.30938178300857544, 0.30908283591270447, 0.30876868963241577, 0.30849528312683105]",33.0,"[33.0, 33.0, 33.0, 33.0, 33.0, 33.0, 33.0, 33.0, 33.0, 33.0, 33.0, 33.0, 33.0, 33.0, 33.0, 33.0, 33.0, 33.0, 33.0, 33.0, 33.0, 33.0, 33.0, 33.0, 33.0, 33.0, 33.0, 33.0, 33.0, 33.0, 33.0, 33.0, 33.0, 33.0, 33.0, 33.0, 33.0, 33.0, 33.0, 33.0, 33.0, 33.0, 33.0, 33.0, 33.0, 33.0, 33.0, 33.0, 33.0, 33.0, 33.0, 33.0, 33.0, 33.0, 33.0, 33.0, 33.0, 33.0, 33.0, 33.0, 33.0, 33.0, 33.0, 33.0, 33.0, 33.0, 33.0, 33.0, 33.0, 33.0, 33.0, 33.0, 33.0, 33.0, 33.0, 33.0, 33.0, 33.0, 33.0, 33.0, 33.0, 33.0, 33.0, 33.0, 33.0, 33.0, 33.0, 33.0, 33.0, 33.0, 33.0, 33.0, 33.0, 33.0, 33.0, 33.0, 33.0, 33.0, 33.0, 33.0, 33.0, 33.0, 33.0, 33.0, 33.0, 33.0, 33.0, 33.0, 33.0, 33.0, 33.0, 33.0, 33.0, 33.0, 33.0, 33.0, 33.0, 33.0, 33.0, 33.0, 33.0, 33.0, 33.0, 33.0, 33.0, 33.0, 33.0, 33.0, 33.0, 33.0, 33.0, 33.0, 33.0, 33.0, 33.0, 33.0, 33.0, 33.0, 33.0, 33.0, 33.0, 33.0, 33.0, 33.0, 33.0, 33.0, 33.0, 33.0, 33.0, 33.0, 33.0, 33.0, 33.0, 33.0, 33.0, 33.0, 33.0, 33.0, 33.0, 33.0, 33.0, 33.0, 33.0, 33.0, 33.0, 33.0, 33.0, 33.0, 33.0, 33.0, 33.0, 33.0, 33.0, 33.0, 33.0, 33.0, 33.0, 33.0, 33.0, 33.0, 33.0, 33.0, 33.0, 33.0, 33.0, 33.0, 33.0, 33.0, 33.0, 33.0, 33.0, 33.0, 33.0, 33.0, 33.0, 33.0, 33.0, 33.0, 33.0, 33.0, 33.0, 33.0, 33.0, 33.0, 33.0, 33.0, 33.0, 33.0, 33.0, 33.0, 33.0, 33.0, 33.0, 33.0, 33.0, 33.0, 33.0, 33.0, 33.0, 33.0, 33.0, 33.0, 33.0, 33.0, 33.0, 33.0, 33.0, 33.0, 33.0, 33.0, 33.0, 33.0, 33.0, 33.0, 33.0, 33.0, 33.0, 33.0, 33.0, 33.0, 33.0, 33.0, 33.0, 33.0, 33.0, 33.0, 33.0, 33.0, 33.0, 33.0, 33.0, 33.0, 33.0, 33.0, 33.0, 33.0, 33.0, 33.0, 33.0, 33.0, 33.0, 33.0, 33.0, 33.0, 33.0, 33.0, 33.0, 33.0, 33.0, 33.0, 33.0, 33.0, 33.0, 33.0, 33.0, 33.0, 33.0, 33.0, 33.0, 33.0, 33.0, 33.0, 33.0, 33.0, 33.0, 33.0, 33.0, 33.0, 33.0, 33.0, 33.0, 33.0, 33.0, 33.0, 33.0]",COMPLETE
