,number,value,datetime_start,datetime_complete,duration,params_batch_size_scaler,params_constant_learning_rate,params_depth,params_epochs,params_kernel_l2,params_num_trees,params_temperature,user_attrs_accuracy_test,user_attrs_accuracy_valid,user_attrs_approximate_feature_sparsity,user_attrs_approximate_feature_sparsity_history,user_attrs_approximate_weight_sparsity,user_attrs_approximate_weight_sparsity_history,user_attrs_auc_test,user_attrs_auc_valid,user_attrs_feature_sparsity,user_attrs_feature_sparsity_history,user_attrs_num_epochs,user_attrs_val_loss_history,user_attrs_weight_sparsity,user_attrs_weight_sparsity_history,state
100,100,0.8861923716041272,2024-08-31 04:28:46.106727,2024-08-31 04:29:24.055623,0 days 00:00:37.948896,64,0.9253415448941423,3,470,0.013905963662814177,85,0.0018622404969757585,0.885,0.895,7,"[33, 33, 33, 33, 33, 33, 33, 33, 33, 33, 33, 33, 33, 33, 33, 33, 33, 33, 33, 33, 33, 33, 33, 33, 33, 33, 33, 33, 33, 33, 33, 33, 33, 33, 33, 33, 33, 33, 33, 33, 33, 33, 33, 33, 33, 33, 33, 33, 33, 33, 33, 33, 31, 30, 25, 20, 20, 19, 18, 17, 17, 17, 17, 16, 15, 14, 13, 13, 13, 13, 13, 13, 13, 13, 13, 13, 13, 13, 13, 13, 13, 13, 13, 13, 13, 13, 13, 13, 13, 13, 13, 13, 13, 13, 13, 13, 12, 12, 12, 12, 12, 12, 11, 10, 10, 10, 9, 9, 9, 8, 8, 8, 7, 7, 7, 7, 7, 7, 7, 7, 7, 7, 7, 7, 7, 7, 7, 7, 7, 7, 7, 7, 7, 7, 7, 7, 7, 7, 7, 7, 7, 7, 7, 7, 7, 7, 7, 7, 7, 7, 7, 7, 7, 7, 7, 7, 7, 7, 7, 7, 7, 7, 7, 7, 7, 7, 7, 7, 7, 7, 7, 7, 7, 7, 7, 7, 7, 7, 7, 7, 7, 7, 7, 7, 7, 7, 7, 7, 7, 7, 7, 7, 7, 7, 7, 7, 7, 7, 7, 7, 7, 7, 7, 7, 7, 7, 7, 7, 7, 7, 7, 7, 7, 7, 7, 7, 7, 7, 7, 7, 7, 7, 7, 7, 7, 7, 7, 7, 7, 7, 7, 7, 7, 7, 7, 7, 7, 7, 7, 7, 7, 7, 7, 7, 7, 7, 7, 7, 7, 7, 7, 7, 7, 7, 7, 7, 7, 7, 7, 7, 7, 7, 7, 7, 7, 7, 7, 7, 7, 7, 7, 7, 7, 7, 7, 7, 7, 7, 7, 7, 7, 7, 7, 7, 7, 7, 7, 7, 7, 7, 7, 7, 7, 7, 7, 7, 7, 7, 7, 7, 7, 7, 7, 7, 7, 7, 7, 7, 7, 7, 7, 7, 7, 7, 7, 7, 7, 7, 7, 7, 7, 7, 7, 7, 7, 7, 7, 7, 7, 7, 7, 7, 7, 7, 7, 7, 7, 7, 7, 7, 7, 7, 7, 7, 7, 7, 7, 7, 7, 7, 7, 7, 7, 7, 7, 7, 7, 7, 7, 7, 7, 7, 7, 7, 7, 7, 7, 7, 7, 7, 7, 7, 7, 7, 7, 7, 7, 7, 7, 7, 7, 7, 7, 7, 7, 7, 7, 7, 7, 7, 7, 7, 7, 7, 7, 7, 7, 7, 7, 7, 7, 7, 7, 7, 7, 7, 7, 7, 7, 7, 7, 7, 7, 7, 7, 7, 7, 7, 7, 7, 7, 7, 7, 7, 7, 7, 7, 7, 7, 7, 7, 7, 7, 7, 7, 7, 7, 7, 7, 7, 7, 7, 7, 7, 7, 7, 7, 7, 7, 7, 7, 7, 7, 7, 7, 7, 7, 7, 7, 7, 7, 7, 7, 7, 7, 7, 7, 7, 7, 7]",6.994957983193277,"[32.969747899159664, 32.964705882352945, 32.969747899159664, 32.964705882352945, 32.976470588235294, 32.97310924369748, 32.96806722689075, 32.971428571428575, 32.97310924369748, 32.98151260504201, 32.978151260504205, 32.971428571428575, 32.97478991596638, 32.976470588235294, 32.976470588235294, 32.96134453781512, 32.969747899159664, 32.96638655462185, 32.95966386554622, 32.96806722689075, 32.95462184873949, 32.95294117647059, 32.95966386554622, 32.971428571428575, 32.94957983193277, 32.971428571428575, 32.95462184873949, 32.963025210084034, 32.964705882352945, 32.963025210084034, 32.96638655462185, 32.97983193277311, 32.96638655462185, 32.96806722689075, 32.971428571428575, 32.97310924369748, 32.96638655462185, 32.969747899159664, 32.95966386554622, 32.944537815126054, 32.96638655462185, 32.97310924369748, 32.96638655462185, 32.963025210084034, 32.976470588235294, 32.95462184873949, 32.971428571428575, 32.96806722689075, 32.97478991596638, 32.963025210084034, 32.963025210084034, 32.96806722689075, 30.961344537815126, 29.968067226890756, 24.9781512605042, 19.98655462184874, 19.98655462184874, 18.97310924369748, 17.991596638655462, 16.983193277310924, 16.984873949579832, 16.976470588235294, 16.974789915966387, 15.97983193277311, 14.984873949579832, 13.988235294117647, 12.988235294117647, 12.99327731092437, 12.989915966386555, 12.988235294117647, 12.994957983193277, 12.984873949579832, 12.991596638655462, 12.989915966386555, 12.991596638655462, 12.98655462184874, 12.991596638655462, 12.98655462184874, 12.989915966386555, 12.984873949579832, 12.99327731092437, 12.988235294117647, 12.99327731092437, 12.99327731092437, 12.98655462184874, 12.988235294117647, 12.99327731092437, 12.996638655462185, 12.994957983193277, 12.989915966386555, 12.989915966386555, 12.978151260504202, 12.988235294117647, 12.988235294117647, 12.98655462184874, 12.99327731092437, 11.998319327731092, 11.989915966386555, 11.991596638655462, 11.988235294117647, 11.98655462184874, 11.994957983193277, 10.998319327731092, 9.998319327731092, 9.991596638655462, 9.99327731092437, 8.996638655462185, 8.99327731092437, 8.988235294117647, 7.994957983193277, 7.989915966386555, 7.99327731092437, 6.99327731092437, 6.994957983193277, 6.994957983193277, 6.994957983193277, 6.996638655462185, 6.996638655462185, 6.99327731092437, 6.996638655462185, 6.991596638655462, 6.99327731092437, 6.991596638655462, 6.989915966386555, 6.989915966386555, 6.991596638655462, 6.991596638655462, 6.994957983193277, 6.99327731092437, 6.996638655462185, 6.989915966386555, 6.994957983193277, 6.991596638655462, 6.996638655462185, 6.994957983193277, 6.99327731092437, 6.9865546218487395, 6.988235294117647, 6.994957983193277, 6.996638655462185, 6.991596638655462, 6.99327731092437, 6.994957983193277, 6.996638655462185, 6.99327731092437, 6.99327731092437, 6.991596638655462, 6.989915966386555, 6.991596638655462, 6.99327731092437, 6.989915966386555, 6.991596638655462, 6.99327731092437, 6.988235294117647, 6.996638655462185, 6.996638655462185, 6.996638655462185, 6.99327731092437, 6.994957983193277, 6.99327731092437, 6.989915966386555, 6.99327731092437, 6.996638655462185, 6.994957983193277, 6.989915966386555, 6.988235294117647, 6.996638655462185, 6.99327731092437, 6.996638655462185, 6.996638655462185, 6.994957983193277, 6.998319327731092, 6.989915966386555, 6.998319327731092, 6.9865546218487395, 6.9865546218487395, 6.988235294117647, 6.989915966386555, 6.994957983193277, 6.998319327731092, 6.991596638655462, 6.994957983193277, 6.994957983193277, 6.998319327731092, 6.99327731092437, 6.99327731092437, 6.994957983193277, 6.996638655462185, 6.99327731092437, 6.996638655462185, 6.99327731092437, 6.994957983193277, 6.994957983193277, 6.991596638655462, 6.994957983193277, 6.996638655462185, 6.99327731092437, 6.996638655462185, 6.99327731092437, 6.99327731092437, 6.994957983193277, 6.996638655462185, 6.998319327731092, 6.994957983193277, 6.996638655462185, 6.998319327731092, 6.994957983193277, 6.996638655462185, 6.998319327731092, 6.989915966386555, 6.996638655462185, 6.994957983193277, 6.998319327731092, 6.996638655462185, 6.996638655462185, 6.994957983193277, 6.99327731092437, 6.994957983193277, 6.996638655462185, 6.998319327731092, 6.994957983193277, 7.0, 6.989915966386555, 6.994957983193277, 6.989915966386555, 6.99327731092437, 7.0, 6.998319327731092, 6.996638655462185, 6.996638655462185, 6.99327731092437, 6.99327731092437, 6.996638655462185, 6.998319327731092, 6.996638655462185, 6.994957983193277, 6.998319327731092, 6.996638655462185, 6.994957983193277, 6.99327731092437, 6.996638655462185, 6.994957983193277, 6.99327731092437, 6.989915966386555, 6.991596638655462, 6.99327731092437, 6.989915966386555, 6.994957983193277, 6.994957983193277, 6.994957983193277, 7.0, 6.998319327731092, 6.996638655462185, 6.988235294117647, 6.991596638655462, 6.99327731092437, 6.996638655462185, 6.996638655462185, 6.996638655462185, 6.989915966386555, 6.994957983193277, 6.994957983193277, 6.996638655462185, 6.996638655462185, 6.99327731092437, 6.994957983193277, 6.998319327731092, 6.99327731092437, 6.991596638655462, 6.99327731092437, 6.991596638655462, 6.996638655462185, 6.994957983193277, 6.99327731092437, 6.998319327731092, 6.996638655462185, 6.996638655462185, 6.998319327731092, 6.99327731092437, 6.988235294117647, 6.99327731092437, 6.994957983193277, 6.991596638655462, 6.991596638655462, 6.996638655462185, 6.99327731092437, 6.99327731092437, 6.99327731092437, 6.991596638655462, 6.998319327731092, 6.988235294117647, 6.994957983193277, 6.99327731092437, 6.9865546218487395, 6.991596638655462, 6.996638655462185, 6.994957983193277, 6.989915966386555, 6.989915966386555, 6.998319327731092, 6.998319327731092, 6.991596638655462, 6.994957983193277, 6.991596638655462, 6.99327731092437, 6.998319327731092, 6.998319327731092, 6.994957983193277, 6.998319327731092, 6.989915966386555, 6.998319327731092, 6.998319327731092, 6.991596638655462, 6.996638655462185, 6.996638655462185, 6.99327731092437, 6.99327731092437, 6.99327731092437, 6.994957983193277, 6.994957983193277, 6.99327731092437, 6.994957983193277, 6.998319327731092, 6.994957983193277, 7.0, 6.989915966386555, 6.996638655462185, 6.991596638655462, 6.996638655462185, 6.994957983193277, 6.996638655462185, 6.99327731092437, 6.99327731092437, 6.991596638655462, 6.996638655462185, 6.991596638655462, 6.991596638655462, 6.989915966386555, 6.996638655462185, 6.998319327731092, 6.989915966386555, 6.996638655462185, 6.991596638655462, 6.998319327731092, 6.994957983193277, 6.996638655462185, 6.994957983193277, 6.989915966386555, 6.988235294117647, 6.996638655462185, 7.0, 6.996638655462185, 6.994957983193277, 6.996638655462185, 6.998319327731092, 6.998319327731092, 6.998319327731092, 6.991596638655462, 6.994957983193277, 6.994957983193277, 6.991596638655462, 6.99327731092437, 6.991596638655462, 6.998319327731092, 6.996638655462185, 6.996638655462185, 6.99327731092437, 6.99327731092437, 6.988235294117647, 6.996638655462185, 6.994957983193277, 6.989915966386555, 6.99327731092437, 6.994957983193277, 6.99327731092437, 6.989915966386555, 6.994957983193277, 6.99327731092437, 6.991596638655462, 6.991596638655462, 6.996638655462185, 6.99327731092437, 6.988235294117647, 6.991596638655462, 6.989915966386555, 6.991596638655462, 6.994957983193277, 6.99327731092437, 6.996638655462185, 6.99327731092437, 6.991596638655462, 6.996638655462185, 6.994957983193277, 6.994957983193277, 6.991596638655462, 6.991596638655462, 6.991596638655462, 6.989915966386555, 6.994957983193277, 6.994957983193277, 6.994957983193277, 6.998319327731092, 6.994957983193277, 6.99327731092437, 6.989915966386555, 6.991596638655462, 6.998319327731092, 6.99327731092437, 6.99327731092437, 6.99327731092437, 6.994957983193277, 6.994957983193277, 6.991596638655462, 6.996638655462185, 6.996638655462185, 6.994957983193277, 6.988235294117647, 6.996638655462185, 6.99327731092437, 6.99327731092437, 6.994957983193277, 6.989915966386555, 6.994957983193277, 6.991596638655462, 6.994957983193277, 6.984873949579832, 6.9865546218487395, 6.988235294117647, 6.9865546218487395, 6.996638655462185, 6.99327731092437, 6.99327731092437, 6.996638655462185, 6.988235294117647, 6.99327731092437, 6.991596638655462, 6.989915966386555, 6.991596638655462, 6.991596638655462, 6.998319327731092, 6.996638655462185, 6.994957983193277, 6.99327731092437, 6.994957983193277, 6.991596638655462, 6.994957983193277, 6.998319327731092, 6.994957983193277, 6.99327731092437, 6.994957983193277, 6.99327731092437, 6.99327731092437, 6.99327731092437, 6.991596638655462, 6.994957983193277, 6.994957983193277, 6.99327731092437, 6.996638655462185, 6.991596638655462, 6.99327731092437, 6.989915966386555, 6.989915966386555, 6.989915966386555, 6.9865546218487395, 6.994957983193277, 6.996638655462185, 6.998319327731092, 6.994957983193277, 6.996638655462185, 6.994957983193277]",0.8826443415153693,0.8861923716041272,7,"[33, 33, 33, 33, 33, 33, 33, 33, 33, 33, 33, 33, 33, 33, 33, 33, 33, 33, 33, 33, 33, 33, 33, 33, 33, 33, 33, 33, 33, 33, 33, 33, 33, 33, 33, 33, 33, 33, 33, 33, 33, 33, 33, 33, 33, 33, 33, 33, 33, 33, 33, 33, 31, 30, 25, 20, 20, 19, 18, 17, 17, 17, 17, 16, 15, 14, 13, 13, 13, 13, 13, 13, 13, 13, 13, 13, 13, 13, 13, 13, 13, 13, 13, 13, 13, 13, 13, 13, 13, 13, 13, 13, 13, 13, 13, 13, 12, 12, 12, 12, 12, 12, 11, 10, 10, 10, 9, 9, 9, 8, 8, 8, 7, 7, 7, 7, 7, 7, 7, 7, 7, 7, 7, 7, 7, 7, 7, 7, 7, 7, 7, 7, 7, 7, 7, 7, 7, 7, 7, 7, 7, 7, 7, 7, 7, 7, 7, 7, 7, 7, 7, 7, 7, 7, 7, 7, 7, 7, 7, 7, 7, 7, 7, 7, 7, 7, 7, 7, 7, 7, 7, 7, 7, 7, 7, 7, 7, 7, 7, 7, 7, 7, 7, 7, 7, 7, 7, 7, 7, 7, 7, 7, 7, 7, 7, 7, 7, 7, 7, 7, 7, 7, 7, 7, 7, 7, 7, 7, 7, 7, 7, 7, 7, 7, 7, 7, 7, 7, 7, 7, 7, 7, 7, 7, 7, 7, 7, 7, 7, 7, 7, 7, 7, 7, 7, 7, 7, 7, 7, 7, 7, 7, 7, 7, 7, 7, 7, 7, 7, 7, 7, 7, 7, 7, 7, 7, 7, 7, 7, 7, 7, 7, 7, 7, 7, 7, 7, 7, 7, 7, 7, 7, 7, 7, 7, 7, 7, 7, 7, 7, 7, 7, 7, 7, 7, 7, 7, 7, 7, 7, 7, 7, 7, 7, 7, 7, 7, 7, 7, 7, 7, 7, 7, 7, 7, 7, 7, 7, 7, 7, 7, 7, 7, 7, 7, 7, 7, 7, 7, 7, 7, 7, 7, 7, 7, 7, 7, 7, 7, 7, 7, 7, 7, 7, 7, 7, 7, 7, 7, 7, 7, 7, 7, 7, 7, 7, 7, 7, 7, 7, 7, 7, 7, 7, 7, 7, 7, 7, 7, 7, 7, 7, 7, 7, 7, 7, 7, 7, 7, 7, 7, 7, 7, 7, 7, 7, 7, 7, 7, 7, 7, 7, 7, 7, 7, 7, 7, 7, 7, 7, 7, 7, 7, 7, 7, 7, 7, 7, 7, 7, 7, 7, 7, 7, 7, 7, 7, 7, 7, 7, 7, 7, 7, 7, 7, 7, 7, 7, 7, 7, 7, 7, 7, 7, 7, 7, 7, 7, 7, 7, 7, 7, 7, 7, 7, 7, 7, 7, 7, 7, 7, 7, 7, 7, 7, 7, 7, 7, 7, 7, 7, 7, 7, 7, 7, 7, 7, 7, 7, 7, 7, 7, 7, 7, 7, 7, 7, 7, 7, 7]",470,"[0.5104045271873474, 0.4784352779388428, 0.44281160831451416, 0.3965803384780884, 0.39084354043006897, 0.39389052987098694, 0.3882523775100708, 0.36956173181533813, 0.3764411509037018, 0.36115601658821106, 0.704909086227417, 0.40397322177886963, 0.36021173000335693, 0.486558735370636, 0.3521406054496765, 0.3503704071044922, 0.38373780250549316, 0.4163181185722351, 0.3474941551685333, 0.4943872392177582, 0.34535956382751465, 0.46859580278396606, 0.41829124093055725, 0.42085856199264526, 0.37620553374290466, 0.3679635524749756, 0.3528832197189331, 0.3589591085910797, 0.46177157759666443, 0.3293226361274719, 0.3600838780403137, 0.32391902804374695, 0.3240199387073517, 0.33211663365364075, 0.32094311714172363, 0.34738102555274963, 0.32406163215637207, 0.39742937684059143, 0.3174596428871155, 0.3418041467666626, 0.35731422901153564, 0.3100367486476898, 0.3106068968772888, 0.3544958233833313, 0.3273496627807617, 0.32046225666999817, 0.3690260052680969, 0.3031776249408722, 0.3742865324020386, 0.30753177404403687, 0.3062165677547455, 0.4158311188220978, 0.29496273398399353, 0.28733786940574646, 0.2945922017097473, 0.3396065831184387, 0.30966806411743164, 0.3040364384651184, 0.27498680353164673, 0.33392563462257385, 0.26877617835998535, 0.38117215037345886, 0.2694297730922699, 0.29205799102783203, 0.28286054730415344, 0.29508504271507263, 0.2840922772884369, 0.26625487208366394, 0.26633989810943604, 0.29950642585754395, 0.30923542380332947, 0.3049447238445282, 0.2720835506916046, 0.2690444588661194, 0.3207593858242035, 0.3192422091960907, 0.2921307682991028, 0.2708374857902527, 0.2594008147716522, 0.28041744232177734, 0.308222234249115, 0.2573510408401489, 0.2627686858177185, 0.2992110550403595, 0.26730796694755554, 0.25371864438056946, 0.3410153090953827, 0.25398698449134827, 0.27159595489501953, 0.2550647258758545, 0.2941139042377472, 0.2577045261859894, 0.25852712988853455, 0.2753920257091522, 0.24953964352607727, 0.248033344745636, 0.31452637910842896, 0.25787657499313354, 0.2550298571586609, 0.25510719418525696, 0.24900966882705688, 0.24739235639572144, 0.2677108347415924, 0.2606029808521271, 0.2633417248725891, 0.2607901096343994, 0.40460386872291565, 0.26544424891471863, 0.29199323058128357, 0.28293392062187195, 0.2601427733898163, 0.27570411562919617, 0.6526542901992798, 0.29849836230278015, 0.26090869307518005, 0.26042211055755615, 0.25886064767837524, 0.3131605386734009, 0.2641434967517853, 0.386661559343338, 0.2568494379520416, 0.2530180513858795, 0.25478100776672363, 0.2526954412460327, 0.2494785338640213, 0.2531640827655792, 0.24822355806827545, 0.2798144221305847, 0.25188952684402466, 0.25010067224502563, 0.2514050304889679, 0.25287750363349915, 0.24686215817928314, 0.322174072265625, 0.25866034626960754, 0.25975301861763, 0.2521360516548157, 0.2428576797246933, 0.29585781693458557, 0.2557951807975769, 0.24723024666309357, 0.25720736384391785, 0.24117161333560944, 0.24075466394424438, 0.24321694672107697, 0.24139723181724548, 0.24316363036632538, 0.25314274430274963, 0.2515188753604889, 0.2616933286190033, 0.24008160829544067, 0.2578023672103882, 0.24472947418689728, 0.27955543994903564, 0.33436307311058044, 0.26399558782577515, 0.2378072887659073, 0.23841913044452667, 0.24445828795433044, 0.242428719997406, 0.2571682631969452, 0.23874400556087494, 0.24382001161575317, 0.23479041457176208, 0.23776434361934662, 0.27671632170677185, 0.2402081936597824, 0.24398048222064972, 0.23601345717906952, 0.23961113393306732, 0.32909637689590454, 0.23850302398204803, 0.23917298018932343, 0.23793955147266388, 0.24867267906665802, 0.2622504234313965, 0.2393166720867157, 0.23431545495986938, 0.2468230128288269, 0.23957470059394836, 0.24333086609840393, 0.24288839101791382, 0.23681096732616425, 0.24011284112930298, 0.23196454346179962, 0.2314102202653885, 0.232355535030365, 0.23724132776260376, 0.24010857939720154, 0.234389990568161, 0.239013671875, 0.23302656412124634, 0.23122002184391022, 0.23371872305870056, 0.23303647339344025, 0.2329784333705902, 0.24892979860305786, 0.2345624417066574, 0.2362995147705078, 0.23007984459400177, 0.24809367954730988, 0.23303142189979553, 0.2468927800655365, 0.2737704813480377, 0.2723025977611542, 0.23139940202236176, 0.23547714948654175, 0.23179054260253906, 0.2317638248205185, 0.23476986587047577, 0.24128457903862, 0.26224619150161743, 0.24624009430408478, 0.24565723538398743, 0.24328821897506714, 0.2391899675130844, 0.22998064756393433, 0.2298465222120285, 0.23033134639263153, 0.23501180112361908, 0.23083630204200745, 0.23186402022838593, 0.2483440339565277, 0.23792453110218048, 0.2556338906288147, 0.2669873535633087, 0.322579026222229, 0.2503264546394348, 0.23909634351730347, 0.235939621925354, 0.2376280575990677, 0.23375996947288513, 0.24844737350940704, 0.24049824476242065, 0.2290823608636856, 0.262582927942276, 0.22758692502975464, 0.22723305225372314, 0.27414804697036743, 0.23302137851715088, 0.22843129932880402, 0.22867125272750854, 0.2303445041179657, 0.23008733987808228, 0.23886671662330627, 0.27202296257019043, 0.23872244358062744, 0.24810142815113068, 0.23102469742298126, 0.22819167375564575, 0.22749534249305725, 0.2280321717262268, 0.2260361611843109, 0.22792010009288788, 0.24413056671619415, 0.2493964433670044, 0.22751101851463318, 0.2378116101026535, 0.22832316160202026, 0.23072199523448944, 0.23187345266342163, 0.22752709686756134, 0.22957414388656616, 0.2733546197414398, 0.25197383761405945, 0.2455635666847229, 0.23179958760738373, 0.23408670723438263, 0.23410136997699738, 0.22660182416439056, 0.22898226976394653, 0.2291044294834137, 0.2328181266784668, 0.22637122869491577, 0.22540752589702606, 0.2296874076128006, 0.22768960893154144, 0.22851380705833435, 0.23378662765026093, 0.22601187229156494, 0.22957324981689453, 0.23387548327445984, 0.23781372606754303, 0.23167124390602112, 0.22516626119613647, 0.23335114121437073, 0.22800733149051666, 0.23632027208805084, 0.22644180059432983, 0.22977152466773987, 0.2493465095758438, 0.24452942609786987, 0.23113441467285156, 0.23571079969406128, 0.2584846019744873, 0.22544710338115692, 0.22677144408226013, 0.2247716784477234, 0.22516405582427979, 0.2297237068414688, 0.22596575319766998, 0.22464220225811005, 0.2248302847146988, 0.2278108149766922, 0.22919949889183044, 0.22754482924938202, 0.22837619483470917, 0.23717552423477173, 0.2249879390001297, 0.23832301795482635, 0.225330650806427, 0.22581952810287476, 0.2288503795862198, 0.23278290033340454, 0.26281625032424927, 0.22661449015140533, 0.22604474425315857, 0.2438243329524994, 0.2259545773267746, 0.24394160509109497, 0.2280297726392746, 0.22458308935165405, 0.22592222690582275, 0.2247157096862793, 0.24763265252113342, 0.25875401496887207, 0.24253152310848236, 0.2276066541671753, 0.24395374953746796, 0.2244507372379303, 0.22838562726974487, 0.2239292711019516, 0.2524494230747223, 0.22590073943138123, 0.2290174514055252, 0.23751206696033478, 0.2313883900642395, 0.22671812772750854, 0.2358444184064865, 0.2276098132133484, 0.22315722703933716, 0.226466566324234, 0.22611719369888306, 0.22546476125717163, 0.22574983537197113, 0.22562402486801147, 0.2240734100341797, 0.23235879838466644, 0.3255618214607239, 0.2335817962884903, 0.22497202455997467, 0.2247944474220276, 0.2290288209915161, 0.2244640290737152, 0.22636394202709198, 0.2236824929714203, 0.2262369990348816, 0.23088592290878296, 0.2242535650730133, 0.22745226323604584, 0.22651416063308716, 0.2276259958744049, 0.22787564992904663, 0.22417490184307098, 0.25906336307525635, 0.22920650243759155, 0.22545653581619263, 0.24021753668785095, 0.22414879500865936, 0.23428499698638916, 0.22807694971561432, 0.23115812242031097, 0.22841598093509674, 0.2264474630355835, 0.23993851244449615, 0.22327232360839844, 0.25429943203926086, 0.23412635922431946, 0.22520585358142853, 0.22624129056930542, 0.22506925463676453, 0.22821541130542755, 0.22540999948978424, 0.2248554676771164, 0.22675570845603943, 0.22370225191116333, 0.23154185712337494, 0.22614003717899323, 0.24565358459949493, 0.22143228352069855, 0.22566813230514526, 0.23516039550304413, 0.22373363375663757, 0.22496870160102844, 0.22598254680633545, 0.22366435825824738, 0.222118079662323, 0.2223537266254425, 0.23623134195804596, 0.22335153818130493, 0.22388817369937897, 0.22131413221359253, 0.23097169399261475, 0.23636238276958466, 0.22713212668895721, 0.22271329164505005, 0.23162442445755005, 0.22792470455169678, 0.22215285897254944, 0.22156015038490295, 0.24334926903247833, 0.2333081066608429, 0.24734924733638763, 0.22398081421852112, 0.29341283440589905, 0.22509358823299408, 0.2316933125257492, 0.24800491333007812, 0.2258707582950592, 0.24725723266601562, 0.2267322540283203, 0.2284223437309265, 0.22434315085411072, 0.23028035461902618, 0.22120241820812225, 0.25194525718688965, 0.22419540584087372, 0.23100046813488007, 0.2325744479894638, 0.21955108642578125, 0.22231781482696533, 0.2369021475315094, 0.223274827003479, 0.2240561544895172, 0.2625780701637268, 0.22785450518131256, 0.25301551818847656, 0.2224600464105606, 0.23020410537719727, 0.22345300018787384, 0.2221703678369522, 0.22111450135707855, 0.22114166617393494, 0.2256862223148346, 0.2304811030626297, 0.23025599122047424, 0.2224399447441101, 0.2197437733411789