,number,value,datetime_start,datetime_complete,duration,params_batch_size_scaler,params_constant_learning_rate,params_depth,params_epochs,params_kernel_l2,params_num_trees,params_temperature,user_attrs_accuracy_test,user_attrs_accuracy_valid,user_attrs_approximate_feature_sparsity,user_attrs_approximate_feature_sparsity_history,user_attrs_approximate_weight_sparsity,user_attrs_approximate_weight_sparsity_history,user_attrs_auc_test,user_attrs_auc_valid,user_attrs_feature_sparsity,user_attrs_feature_sparsity_history,user_attrs_num_epochs,user_attrs_val_loss_history,user_attrs_weight_sparsity,user_attrs_weight_sparsity_history,state
23,23,0.6967963828882792,2024-08-31 01:23:29.874057,2024-08-31 01:25:03.066931,0 days 00:01:33.192874,64,0.06208355536987696,6,140,0.002728160248170085,42,0.012766163080476534,0.859,0.85875,33,"[33, 33, 33, 33, 33, 33, 33, 33, 33, 33, 33, 33, 33, 33, 33, 33, 33, 33, 33, 33, 33, 33, 33, 33, 33, 33, 33, 33, 33, 33, 33, 33, 33, 33, 33, 33, 33, 33, 33, 33, 33, 33, 33, 33, 33, 33, 33, 33, 33, 33, 33, 33, 33, 33, 33, 33, 33, 33, 33, 33, 33, 33, 33, 33, 33, 33, 33, 33, 33, 33, 33, 33, 33, 33, 33, 33, 33, 33, 33, 33, 33, 33, 33, 33, 33, 33, 33, 33, 33, 33, 33, 33, 33, 33, 33, 33, 33, 33, 33, 33, 33, 33, 33, 33, 33, 33, 33, 33, 33, 33, 33, 33, 33, 33, 33, 33, 33, 33, 33, 33, 33, 33, 33, 33, 33, 33, 33, 33, 33, 33, 33, 33, 33, 33, 33, 33, 33, 33, 33, 33]",32.92819349962207,"[32.92403628117914, 32.926303854875286, 32.926303854875286, 32.921390778533635, 32.918745275888135, 32.92176870748299, 32.92252456538171, 32.9244142101285, 32.925170068027214, 32.92668178382464, 32.92252456538171, 32.91874527588813, 32.925170068027214, 32.92630385487528, 32.92554799697657, 32.92743764172336, 32.92592592592593, 32.925925925925924, 32.924036281179134, 32.92365835222978, 32.92365835222978, 32.925170068027214, 32.92025699168556, 32.91912320483749, 32.91912320483749, 32.919501133786845, 32.92252456538171, 32.925170068027214, 32.923280423280424, 32.92743764172336, 32.92479213907785, 32.92214663643235, 32.924036281179134, 32.92819349962207, 32.93008314436886, 32.930839002267575, 32.93272864701436, 32.93424036281179, 32.932350718065, 32.931594860166285, 32.93046107331822, 32.93310657596372, 32.93575207860922, 32.93764172335601, 32.93877551020408, 32.93650793650794, 32.93726379440665, 32.9368858654573, 32.93197278911565, 32.931594860166285, 32.930839002267575, 32.92932728647014, 32.92932728647015, 32.93046107331822, 32.932350718065, 32.928193499622076, 32.93008314436886, 32.92743764172336, 32.92819349962207, 32.93008314436886, 32.93046107331821, 32.927059712774, 32.925170068027214, 32.92554799697657, 32.92819349962207, 32.92932728647015, 32.92819349962207, 32.925925925925924, 32.926303854875286, 32.92743764172336, 32.92819349962207, 32.92857142857143, 32.9297052154195, 32.93046107331821, 32.92932728647015, 32.93046107331822, 32.92932728647015, 32.92857142857142, 32.92781557067271, 32.92554799697657, 32.92365835222978, 32.922524565381714, 32.921390778533635, 32.92063492063492, 32.92479213907785, 32.92857142857142, 32.92781557067271, 32.930839002267575, 32.93121693121693, 32.93083900226757, 32.928949357520786, 32.92819349962207, 32.928193499622076, 32.928949357520786, 32.92743764172335, 32.925925925925924, 32.92668178382464, 32.92630385487528, 32.9244142101285, 32.928193499622076, 32.92781557067272, 32.930839002267575, 32.93121693121693, 32.92781557067271, 32.932350718065, 32.92932728647014, 32.93008314436886, 32.93197278911564, 32.930839002267575, 32.92932728647015, 32.93348450491308, 32.932350718065, 32.93159486016629, 32.93386243386244, 32.9368858654573, 32.93575207860922, 32.9368858654573, 32.93613000755858, 32.93613000755858, 32.935374149659864, 32.932350718065, 32.93159486016629, 32.930839002267575, 32.9297052154195, 32.927059712774, 32.9244142101285, 32.92365835222978, 32.921768707483, 32.92214663643235, 32.9244142101285, 32.9244142101285, 32.92252456538171, 32.92252456538171, 32.92101284958427, 32.924036281179134, 32.92668178382464, 32.928193499622076, 32.92932728647014, 32.93083900226757, 32.92819349962207]",0.731999108314963,0.6967963828882792,33,"[33, 33, 33, 33, 33, 33, 33, 33, 33, 33, 33, 33, 33, 33, 33, 33, 33, 33, 33, 33, 33, 33, 33, 33, 33, 33, 33, 33, 33, 33, 33, 33, 33, 33, 33, 33, 33, 33, 33, 33, 33, 33, 33, 33, 33, 33, 33, 33, 33, 33, 33, 33, 33, 33, 33, 33, 33, 33, 33, 33, 33, 33, 33, 33, 33, 33, 33, 33, 33, 33, 33, 33, 33, 33, 33, 33, 33, 33, 33, 33, 33, 33, 33, 33, 33, 33, 33, 33, 33, 33, 33, 33, 33, 33, 33, 33, 33, 33, 33, 33, 33, 33, 33, 33, 33, 33, 33, 33, 33, 33, 33, 33, 33, 33, 33, 33, 33, 33, 33, 33, 33, 33, 33, 33, 33, 33, 33, 33, 33, 33, 33, 33, 33, 33, 33, 33, 33, 33, 33, 33]",140,"[0.742251992225647, 0.6865612268447876, 0.639966607093811, 0.6022017002105713, 0.5710827708244324, 0.5455975532531738, 0.5242789387702942, 0.5068796873092651, 0.4906352162361145, 0.47763144969940186, 0.4670933783054352, 0.4576820433139801, 0.4502735435962677, 0.4441419541835785, 0.4383488595485687, 0.433503657579422, 0.4296361804008484, 0.42594006657600403, 0.42258816957473755, 0.4195270836353302, 0.416858971118927, 0.4144883453845978, 0.4127117395401001, 0.41087424755096436, 0.40887296199798584, 0.4071357846260071, 0.4058836102485657, 0.4047527313232422, 0.4036460220813751, 0.4026438593864441, 0.401693195104599, 0.4006587862968445, 0.3998506963253021, 0.39906901121139526, 0.3984716534614563, 0.39782989025115967, 0.39720457792282104, 0.39665237069129944, 0.39609137177467346, 0.39572563767433167, 0.3951934576034546, 0.39491748809814453, 0.3944767415523529, 0.3940016031265259, 0.39355018734931946, 0.3931635916233063, 0.3928404152393341, 0.39249175786972046, 0.39213457703590393, 0.39180877804756165, 0.3915129005908966, 0.3912406265735626, 0.39094457030296326, 0.3906695544719696, 0.39039215445518494, 0.39010539650917053, 0.3898163139820099, 0.38956958055496216, 0.3893378973007202, 0.3890923261642456, 0.3888412415981293, 0.3886197805404663, 0.38837119936943054, 0.3881894648075104, 0.3879501223564148, 0.3877457082271576, 0.387552946805954, 0.3873307406902313, 0.38713696599006653, 0.38692569732666016, 0.3867422938346863, 0.38651448488235474, 0.38631561398506165, 0.3861145079135895, 0.385945200920105, 0.3857693374156952, 0.3855936527252197, 0.38543111085891724, 0.38525334000587463, 0.38505232334136963, 0.38487035036087036, 0.38471031188964844, 0.38455361127853394, 0.3843730092048645, 0.3841812014579773, 0.3840348422527313, 0.3838741183280945, 0.3837079107761383, 0.38351914286613464, 0.38334858417510986, 0.38316425681114197, 0.3830457031726837, 0.3828800320625305, 0.3827130198478699, 0.38253965973854065, 0.38238099217414856, 0.38221609592437744, 0.3820817470550537, 0.3819221258163452, 0.3817645311355591, 0.3816490173339844, 0.38147610425949097, 0.3813609778881073, 0.3812091052532196, 0.38106033205986023, 0.38090428709983826, 0.38078534603118896, 0.38062161207199097, 0.38049277663230896, 0.3803550601005554, 0.3802357614040375, 0.38010743260383606, 0.3799572288990021, 0.37982258200645447, 0.37968090176582336, 0.37958064675331116, 0.3794945776462555, 0.37939441204071045, 0.37924307584762573, 0.37915173172950745, 0.37907516956329346, 0.37896278500556946, 0.3788505792617798, 0.3787202835083008, 0.3785634934902191, 0.37845098972320557, 0.3783009350299835, 0.37817713618278503, 0.3780442178249359, 0.3779219686985016, 0.3778110146522522, 0.37771597504615784, 0.37758293747901917, 0.37748923897743225, 0.37734881043434143, 0.3772489130496979, 0.3771260976791382, 0.3770254850387573, 0.37689581513404846, 0.3768194317817688]",33.0,"[33.0, 33.0, 33.0, 33.0, 33.0, 33.0, 33.0, 33.0, 33.0, 33.0, 33.0, 33.0, 33.0, 33.0, 33.0, 33.0, 33.0, 33.0, 33.0, 33.0, 33.0, 33.0, 33.0, 33.0, 33.0, 33.0, 33.0, 33.0, 33.0, 33.0, 33.0, 33.0, 33.0, 33.0, 33.0, 33.0, 33.0, 33.0, 33.0, 33.0, 33.0, 33.0, 33.0, 33.0, 33.0, 33.0, 33.0, 33.0, 33.0, 33.0, 33.0, 33.0, 33.0, 33.0, 33.0, 33.0, 33.0, 33.0, 33.0, 33.0, 33.0, 33.0, 33.0, 33.0, 33.0, 33.0, 33.0, 33.0, 33.0, 33.0, 33.0, 33.0, 33.0, 33.0, 33.0, 33.0, 33.0, 33.0, 33.0, 33.0, 33.0, 33.0, 33.0, 33.0, 33.0, 33.0, 33.0, 33.0, 33.0, 33.0, 33.0, 33.0, 33.0, 33.0, 33.0, 33.0, 33.0, 33.0, 33.0, 33.0, 33.0, 33.0, 33.0, 33.0, 33.0, 33.0, 33.0, 33.0, 33.0, 33.0, 33.0, 33.0, 33.0, 33.0, 33.0, 33.0, 33.0, 33.0, 33.0, 33.0, 33.0, 33.0, 33.0, 33.0, 33.0, 33.0, 33.0, 33.0, 33.0, 33.0, 33.0, 33.0, 33.0, 33.0, 33.0, 33.0, 33.0, 33.0, 33.0, 33.0]",COMPLETE
24,24,0.698174698251987,2024-08-31 01:25:03.480169,2024-08-31 01:25:31.573261,0 days 00:00:28.093092,4,0.010299100652526216,5,35,0.0076573852220852305,25,0.09211667604991841,0.859,0.85875,33,"[33, 33, 33, 33, 33, 33, 33, 33, 33, 33, 33, 33, 33, 33, 33, 33, 33, 33, 33, 33, 33, 33, 33, 33, 33, 33, 33, 33, 33, 33, 33, 33, 33, 33, 33]",32.96387096774193,"[32.957419354838706, 32.969032258064516, 32.95870967741936, 32.969032258064516, 32.96645161290323, 32.95870967741935, 32.96258064516129, 32.961290322580645, 32.969032258064516, 32.969032258064516, 32.96645161290323, 32.96516129032258, 32.96387096774194, 32.95870967741936, 32.95612903225807, 32.94967741935484, 32.961290322580645, 32.96258064516129, 32.96645161290323, 32.96645161290323, 32.96516129032258, 32.971612903225804, 32.97032258064516, 32.96774193548387, 32.961290322580645, 32.95096774193548, 32.95870967741936, 32.95612903225806, 32.95483870967742, 32.95612903225806, 32.95870967741935, 32.95870967741936, 32.965161290322584, 32.96387096774194, 32.96387096774193]",0.7318174687703829,0.698174698251987,33,"[33, 33, 33, 33, 33, 33, 33, 33, 33, 33, 33, 33, 33, 33, 33, 33, 33, 33, 33, 33, 33, 33, 33, 33, 33, 33, 33, 33, 33, 33, 33, 33, 33, 33, 33]",35,"[0.7277780771255493, 0.6106327176094055, 0.539336621761322, 0.494598388671875, 0.4655851125717163, 0.4462345838546753, 0.43286558985710144, 0.4233590066432953, 0.4164743721485138, 0.41133949160575867, 0.40738776326179504, 0.4042944014072418, 0.40180855989456177, 0.39977726340293884, 0.3980959355831146, 0.3966459035873413, 0.3953942358493805, 0.3942936360836029, 0.39329856634140015, 0.3924025595188141, 0.39156270027160645, 0.3907833397388458, 0.3900562524795532, 0.3893694579601288, 0.3887171149253845, 0.3880936801433563, 0.38749435544013977, 0.38691994547843933, 0.38636845350265503, 0.385833740234375, 0.3853149712085724, 0.3848128616809845, 0.3843245804309845, 0.38385000824928284, 0.38338810205459595]",33.0,"[33.0, 33.0, 33.0, 33.0, 33.0, 33.0, 33.0, 33.0, 33.0, 33.0, 33.0, 33.0, 33.0, 33.0, 33.0, 33.0, 33.0, 33.0, 33.0, 33.0, 33.0, 33.0, 33.0, 33.0, 33.0, 33.0, 33.0, 33.0, 33.0, 33.0, 33.0, 33.0, 33.0, 33.0, 33.0]",COMPLETE
