,number,value,datetime_start,datetime_complete,duration,params_batch_size_scaler,params_constant_learning_rate,params_depth,params_epochs,params_kernel_l2,params_num_trees,params_temperature,user_attrs_accuracy_test,user_attrs_accuracy_valid,user_attrs_approximate_feature_sparsity,user_attrs_approximate_feature_sparsity_history,user_attrs_approximate_weight_sparsity,user_attrs_approximate_weight_sparsity_history,user_attrs_auc_test,user_attrs_auc_valid,user_attrs_feature_sparsity,user_attrs_feature_sparsity_history,user_attrs_num_epochs,user_attrs_val_loss_history,user_attrs_weight_sparsity,user_attrs_weight_sparsity_history,state
82,82,0.7860584045033556,2024-08-31 03:49:47.394642,2024-08-31 03:52:05.928796,0 days 00:02:18.534154,4,1.8656172885310707,5,135,0.09065171795619265,29,0.0005886081532041379,0.891,0.8825,2,"[33, 33, 33, 33, 33, 21, 15, 15, 15, 15, 14, 13, 13, 13, 13, 13, 13, 13, 13, 13, 13, 13, 12, 12, 9, 8, 8, 8, 8, 8, 8, 7, 7, 7, 7, 7, 7, 7, 7, 7, 7, 7, 6, 6, 6, 6, 6, 6, 6, 6, 6, 6, 6, 6, 6, 5, 5, 5, 5, 5, 5, 5, 5, 5, 5, 5, 5, 5, 4, 4, 4, 4, 4, 4, 4, 4, 4, 4, 4, 4, 3, 3, 3, 3, 3, 3, 3, 3, 3, 3, 3, 3, 3, 3, 3, 3, 2, 2, 2, 2, 2, 2, 2, 2, 2, 2, 2, 2, 2, 2, 2, 2, 2, 2, 2, 2, 2, 2, 2, 2, 2, 2, 2, 2, 2, 2, 2, 2, 2, 2, 2, 2, 2, 2, 2]",1.9899888765294773,"[32.95550611790879, 32.947719688542826, 32.96106785317019, 32.95550611790879, 32.96218020022247, 20.97330367074527, 14.989988876529477, 14.987764182424918, 14.991101223581758, 14.983314794215795, 13.981090100111233, 12.985539488320356, 12.984427141268077, 12.982202447163514, 12.978865406006674, 12.986651835372637, 12.974416017797552, 12.984427141268077, 12.981090100111235, 12.979977753058956, 12.983314794215797, 12.984427141268077, 11.986651835372637, 11.987764182424916, 8.988876529477198, 7.994438264738599, 7.992213570634037, 7.985539488320355, 7.989988876529478, 7.992213570634038, 7.984427141268075, 6.985539488320356, 6.984427141268076, 6.991101223581758, 6.984427141268075, 6.992213570634038, 6.989988876529478, 6.995550611790879, 6.986651835372636, 6.989988876529478, 6.994438264738599, 6.983314794215795, 5.9933259176863185, 5.991101223581758, 5.991101223581758, 5.994438264738599, 5.988876529477197, 5.987764182424916, 5.988876529477197, 5.991101223581757, 5.988876529477197, 5.994438264738599, 5.989988876529477, 5.987764182424916, 5.987764182424916, 4.986651835372636, 4.989988876529477, 4.994438264738599, 4.9933259176863185, 4.992213570634037, 4.991101223581757, 4.989988876529477, 4.9933259176863185, 4.989988876529477, 4.992213570634037, 4.988876529477197, 4.991101223581757, 4.981090100111235, 3.989988876529477, 3.993325917686318, 3.992213570634038, 3.991101223581757, 3.9966629588431593, 3.9911012235817576, 3.9888765294771966, 3.995550611790879, 3.995550611790879, 3.9944382647385983, 3.9933259176863185, 3.989988876529477, 2.991101223581757, 2.992213570634038, 2.9888765294771966, 2.9877641824249164, 2.9888765294771966, 2.9955506117908786, 2.9944382647385983, 2.995550611790879, 2.9944382647385983, 2.996662958843159, 2.993325917686318, 2.991101223581757, 2.993325917686318, 2.9899888765294773, 2.993325917686318, 2.991101223581757, 1.996662958843159, 1.993325917686318, 1.996662958843159, 1.993325917686318, 1.9922135706340378, 1.9899888765294773, 1.993325917686318, 1.9922135706340378, 1.9955506117908788, 1.9944382647385983, 1.9955506117908788, 1.9866518353726361, 1.9911012235817576, 1.9911012235817576, 1.988876529477197, 1.9922135706340378, 1.993325917686318, 1.9866518353726363, 1.9899888765294773, 1.988876529477197, 1.9866518353726363, 1.9911012235817576, 1.9911012235817576, 1.9955506117908786, 1.996662958843159, 1.993325917686318, 1.9922135706340378, 1.9844271412680756, 1.9944382647385983, 1.9911012235817576, 1.9899888765294773, 1.9866518353726363, 1.9877641824249166, 1.988876529477197, 1.9833147942157954, 1.9922135706340378, 1.9922135706340378, 1.988876529477197, 1.9899888765294773]",0.7573006712406807,0.7860584045033556,2,"[33, 33, 33, 33, 33, 21, 15, 15, 15, 15, 14, 13, 13, 13, 13, 13, 13, 13, 13, 13, 13, 13, 12, 12, 9, 8, 8, 8, 8, 8, 8, 7, 7, 7, 7, 7, 7, 7, 7, 7, 7, 7, 6, 6, 6, 6, 6, 6, 6, 6, 6, 6, 6, 6, 6, 5, 5, 5, 5, 5, 5, 5, 5, 5, 5, 5, 5, 5, 4, 4, 4, 4, 4, 4, 4, 4, 4, 4, 4, 4, 3, 3, 3, 3, 3, 3, 3, 3, 3, 3, 3, 3, 3, 3, 3, 3, 2, 2, 2, 2, 2, 2, 2, 2, 2, 2, 2, 2, 2, 2, 2, 2, 2, 2, 2, 2, 2, 2, 2, 2, 2, 2, 2, 2, 2, 2, 2, 2, 2, 2, 2, 2, 2, 2, 2]",135,"[0.36079683899879456, 0.3375476598739624, 0.30386197566986084, 0.2740473747253418, 0.274448961019516, 0.24284732341766357, 0.23723511397838593, 0.23519092798233032, 0.22563327848911285, 0.21937143802642822, 0.2386353462934494, 0.22926221787929535, 0.22747325897216797, 0.22180800139904022, 0.21940571069717407, 0.21842330694198608, 0.22631032764911652, 0.22051778435707092, 0.2146233767271042, 0.21699607372283936, 0.2162751406431198, 0.2212553769350052, 0.21803127229213715, 0.21378879249095917, 0.2567102313041687, 0.23045070469379425, 0.22574715316295624, 0.2239069938659668, 0.21907572448253632, 0.227131187915802, 0.2243947982788086, 0.22268764674663544, 0.22717376053333282, 0.22536064684391022, 0.23337921500205994, 0.21987371146678925, 0.2184038907289505, 0.2191675305366516, 0.2295602560043335, 0.22187848389148712, 0.22416163980960846, 0.21642841398715973, 0.2677817940711975, 0.26383987069129944, 0.26095375418663025, 0.2636350095272064, 0.25992974638938904, 0.2675807476043701, 0.2715536952018738, 0.2665718197822571, 0.2610967457294464, 0.26145270466804504, 0.26421675086021423, 0.2628635764122009, 0.2588375210762024, 0.27929791808128357, 0.2733173668384552, 0.273906946182251, 0.2737427055835724, 0.270475834608078, 0.27310052514076233, 0.27326440811157227, 0.28326088190078735, 0.271236777305603, 0.2702428996562958, 0.27336880564689636, 0.2714070677757263, 0.2715756893157959, 0.28402188420295715, 0.2731327712535858, 0.2801348567008972, 0.2807169556617737, 0.27060529589653015, 0.27598151564598083, 0.2750183641910553, 0.2776763439178467, 0.2734346389770508, 0.2747449278831482, 0.2822469174861908, 0.2700927257537842, 0.30178284645080566, 0.2972654104232788, 0.2991926670074463, 0.29579246044158936, 0.2975994646549225, 0.3002554774284363, 0.29782235622406006, 0.2971956133842468, 0.29654577374458313, 0.29613032937049866, 0.29657015204429626, 0.29556092619895935, 0.2961103618144989, 0.29570987820625305, 0.2952013313770294, 0.2946813702583313, 0.3221089243888855, 0.32239603996276855, 0.32276180386543274, 0.33375564217567444, 0.3282370865345001, 0.32231128215789795, 0.320728600025177, 0.32371070981025696, 0.32154738903045654, 0.32185912132263184, 0.3215565085411072, 0.3231048285961151, 0.3218159079551697, 0.3212856352329254, 0.34329214692115784, 0.3222106695175171, 0.3206429183483124, 0.32161176204681396, 0.32520657777786255, 0.32204461097717285, 0.3232271075248718, 0.32825687527656555, 0.32555195689201355, 0.3216206729412079, 0.3210698962211609, 0.3209926187992096, 0.3224056363105774, 0.32698172330856323, 0.3264539837837219, 0.33076778054237366, 0.325863242149353, 0.32271429896354675, 0.323578417301178, 0.32184895873069763, 0.32219287753105164, 0.3227737843990326, 0.3214120864868164, 0.3229723870754242, 0.3225856125354767]",2.0,"[33.0, 33.0, 33.0, 33.0, 33.0, 21.0, 15.0, 15.0, 15.0, 15.0, 14.0, 13.0, 13.0, 13.0, 13.0, 13.0, 13.0, 13.0, 13.0, 13.0, 13.0, 13.0, 12.0, 12.0, 9.0, 8.0, 8.0, 8.0, 8.0, 8.0, 8.0, 7.0, 7.0, 7.0, 7.0, 7.0, 7.0, 7.0, 7.0, 7.0, 7.0, 7.0, 6.0, 6.0, 6.0, 6.0, 6.0, 6.0, 6.0, 6.0, 6.0, 6.0, 6.0, 6.0, 6.0, 5.0, 5.0, 5.0, 5.0, 5.0, 5.0, 5.0, 5.0, 5.0, 5.0, 5.0, 5.0, 5.0, 4.0, 4.0, 4.0, 4.0, 4.0, 4.0, 4.0, 4.0, 4.0, 4.0, 4.0, 4.0, 3.0, 3.0, 3.0, 3.0, 3.0, 3.0, 3.0, 3.0, 3.0, 3.0, 3.0, 3.0, 3.0, 3.0, 3.0, 3.0, 2.0, 2.0, 2.0, 2.0, 2.0, 2.0, 2.0, 2.0, 2.0, 2.0, 2.0, 2.0, 2.0, 2.0, 2.0, 2.0, 2.0, 2.0, 2.0, 2.0, 2.0, 2.0, 2.0, 2.0, 2.0, 2.0, 2.0, 2.0, 2.0, 2.0, 2.0, 2.0, 2.0, 2.0, 2.0, 2.0, 2.0, 2.0, 2.0]",COMPLETE
