,number,value,datetime_start,datetime_complete,duration,params_batch_size_scaler,params_constant_learning_rate,params_depth,params_epochs,params_kernel_l2,params_num_trees,params_temperature,user_attrs_accuracy_test,user_attrs_accuracy_valid,user_attrs_approximate_feature_sparsity,user_attrs_approximate_feature_sparsity_history,user_attrs_approximate_weight_sparsity,user_attrs_approximate_weight_sparsity_history,user_attrs_auc_test,user_attrs_auc_valid,user_attrs_feature_sparsity,user_attrs_feature_sparsity_history,user_attrs_num_epochs,user_attrs_val_loss_history,user_attrs_weight_sparsity,user_attrs_weight_sparsity_history,state
94,94,0.8059409256611405,2024-08-31 04:19:01.127112,2024-08-31 04:23:13.396725,0 days 00:04:12.269613,16,0.06093550204037459,6,425,0.274345173435881,29,0.0006851990012428111,0.89,0.88875,33,"[33, 33, 33, 33, 33, 33, 33, 33, 33, 33, 33, 33, 33, 33, 33, 33, 33, 33, 33, 33, 33, 33, 33, 33, 33, 33, 33, 33, 33, 33, 33, 33, 33, 33, 33, 33, 33, 33, 33, 33, 33, 33, 33, 33, 33, 33, 33, 33, 33, 33, 33, 33, 33, 33, 33, 33, 33, 33, 33, 33, 33, 33, 33, 33, 33, 33, 33, 33, 33, 33, 33, 33, 33, 33, 33, 33, 33, 33, 33, 33, 33, 33, 33, 33, 33, 33, 33, 33, 33, 33, 33, 33, 33, 33, 33, 33, 33, 33, 33, 33, 33, 33, 33, 33, 33, 33, 33, 33, 33, 33, 33, 33, 33, 33, 33, 33, 33, 33, 33, 33, 33, 33, 33, 33, 33, 33, 33, 33, 33, 33, 33, 33, 33, 33, 33, 33, 33, 33, 33, 33, 33, 33, 33, 33, 33, 33, 33, 33, 33, 33, 33, 33, 33, 33, 33, 33, 33, 33, 33, 33, 33, 33, 33, 33, 33, 33, 33, 33, 33, 33, 33, 33, 33, 33, 33, 33, 33, 33, 33, 33, 33, 33, 33, 33, 33, 33, 33, 33, 33, 33, 33, 33, 33, 33, 33, 33, 33, 33, 33, 33, 33, 33, 33, 33, 33, 33, 33, 33, 33, 33, 33, 33, 33, 33, 33, 33, 33, 33, 33, 33, 33, 33, 33, 33, 33, 33, 33, 33, 33, 33, 33, 33, 33, 33, 33, 33, 33, 33, 33, 33, 33, 33, 33, 33, 33, 33, 33, 33, 33, 33, 33, 33, 33, 33, 33, 33, 33, 33, 33, 33, 33, 33, 33, 33, 33, 33, 33, 33, 33, 33, 33, 33, 33, 33, 33, 33, 33, 33, 33, 33, 33, 33, 33, 33, 33, 33, 33, 33, 33, 33, 33, 33, 33, 33, 33, 33, 33, 33, 33, 33, 33, 33, 33, 33, 33, 33, 33, 33, 33, 33, 33, 33, 33, 33, 33, 33, 33, 33, 33, 33, 33, 33, 33, 33, 33, 33, 33, 33, 33, 33, 33, 33, 33, 33, 33, 33, 33, 33, 33, 33, 33, 33, 33, 33, 33, 33, 33, 33, 33, 33, 33, 33, 33, 33, 33, 33, 33, 33, 33, 33, 33, 33, 33, 33, 33, 33, 33, 33, 33, 33, 33, 33, 33, 33, 33, 33, 33, 33, 33, 33, 33, 33, 33, 33, 33, 33, 33, 33, 33, 33, 33, 33, 33, 33, 33, 33, 33, 33, 33, 33, 33, 33, 33, 33, 33, 33, 33, 33, 33, 33, 33, 33, 33, 33, 33, 33, 33, 33, 33, 33, 33, 33, 33, 33, 33]",32.94362342638205,"[32.94854953475643, 32.944718117131906, 32.94307608100711, 32.94690749863164, 32.93541324575807, 32.94362342638205, 32.94143404488232, 32.93814997263273, 32.94417077175698, 32.94252873563219, 32.94581280788177, 32.940886699507395, 32.935960591133004, 32.93650793650794, 32.93377120963328, 32.93431855500821, 32.94088669950739, 32.939244663382595, 32.932129173508486, 32.93869731800766, 32.93979200875752, 32.93869731800766, 32.93705528188287, 32.93869731800766, 32.93869731800766, 32.939244663382595, 32.94307608100712, 32.941981390257254, 32.93541324575807, 32.93979200875753, 32.94252873563218, 32.94143404488232, 32.94252873563218, 32.939244663382595, 32.93979200875753, 32.94252873563218, 32.94526546250684, 32.94143404488232, 32.94143404488232, 32.93541324575807, 32.93158182813355, 32.93705528188287, 32.935960591133004, 32.93431855500821, 32.94143404488232, 32.94252873563218, 32.93814997263273, 32.93650793650794, 32.940339354132455, 32.94088669950739, 32.93869731800766, 32.93869731800766, 32.940339354132455, 32.93541324575807, 32.928845101258894, 32.933223864258345, 32.93869731800766, 32.944718117131906, 32.9480021893815, 32.94581280788177, 32.94307608100711, 32.94307608100711, 32.937602627257796, 32.937602627257796, 32.93541324575808, 32.93541324575807, 32.92939244663383, 32.93267651888342, 32.933223864258345, 32.934865900383144, 32.934865900383144, 32.93705528188287, 32.935960591133004, 32.937602627257796, 32.94143404488232, 32.94143404488232, 32.94198139025725, 32.93979200875753, 32.941981390257254, 32.94143404488232, 32.94362342638205, 32.944718117131906, 32.946360153256705, 32.94143404488232, 32.93431855500821, 32.93705528188287, 32.93979200875753, 32.94143404488232, 32.937602627257796, 32.94088669950739, 32.93924466338259, 32.940339354132455, 32.9376026272578, 32.93869731800766, 32.93869731800766, 32.941981390257254, 32.940339354132455, 32.94307608100711, 32.94307608100711, 32.94417077175698, 32.94417077175698, 32.94526546250684, 32.94417077175698, 32.94307608100711, 32.946360153256705, 32.94745484400657, 32.94362342638205, 32.94307608100711, 32.94088669950739, 32.94088669950739, 32.94417077175697, 32.94417077175698, 32.94417077175698, 32.94526546250684, 32.94581280788177, 32.94581280788177, 32.949096880131364, 32.952380952380956, 32.9480021893815, 32.94471811713191, 32.94690749863164, 32.95402298850575, 32.95675971538041, 32.95402298850575, 32.95073891625616, 32.94964422550629, 32.951833607006016, 32.95073891625616, 32.9480021893815, 32.94854953475643, 32.94581280788177, 32.94526546250684, 32.9480021893815, 32.947454844006565, 32.94417077175698, 32.941981390257254, 32.940339354132455, 32.94198139025725, 32.935960591133004, 32.93650793650794, 32.93869731800766, 32.935960591133004, 32.935960591133004, 32.939244663382595, 32.94198139025725, 32.94307608100711, 32.944718117131906, 32.94417077175697, 32.94417077175698, 32.94471811713191, 32.9480021893815, 32.94471811713191, 32.94417077175698, 32.94143404488232, 32.94307608100711, 32.94362342638205, 32.94143404488232, 32.94362342638205, 32.94198139025725, 32.94252873563218, 32.94252873563218, 32.939244663382595, 32.94198139025725, 32.94088669950739, 32.945265462506846, 32.94417077175698, 32.94417077175698, 32.94471811713191, 32.94307608100711, 32.94307608100711, 32.94362342638205, 32.94143404488232, 32.94854953475643, 32.94581280788177, 32.94854953475643, 32.94964422550629, 32.95019157088122, 32.95073891625616, 32.9480021893815, 32.94307608100711, 32.945265462506846, 32.949096880131364, 32.94745484400657, 32.94909688013136, 32.947454844006565, 32.94690749863163, 32.94964422550629, 32.95019157088122, 32.94690749863164, 32.94854953475643, 32.9480021893815, 32.9496442255063, 32.94854953475643, 32.94854953475643, 32.94964422550629, 32.95128626163109, 32.9480021893815, 32.947454844006565, 32.94690749863164, 32.946360153256705, 32.94854953475643, 32.94854953475643, 32.946360153256705, 32.944718117131906, 32.94581280788177, 32.94854953475643, 32.946360153256705, 32.94362342638205, 32.941981390257254, 32.94143404488232, 32.94252873563218, 32.94307608100711, 32.94088669950739, 32.94417077175697, 32.94417077175698, 32.94252873563218, 32.94088669950739, 32.941981390257254, 32.941981390257254, 32.94526546250684, 32.944718117131906, 32.94307608100711, 32.94581280788177, 32.9463601532567, 32.94854953475643, 32.95019157088122, 32.953475643130815, 32.953475643130815, 32.95949644225506, 32.95402298850575, 32.953475643130815, 32.949096880131364, 32.94745484400657, 32.94854953475643, 32.9496442255063, 32.94854953475643, 32.947454844006565, 32.95019157088122, 32.94581280788177, 32.94417077175698, 32.94198139025725, 32.94252873563218, 32.944718117131906, 32.94198139025725, 32.94088669950739, 32.94307608100711, 32.941434044882314, 32.944718117131906, 32.944718117131906, 32.94198139025725, 32.940339354132455, 32.94362342638204, 32.94471811713191, 32.9480021893815, 32.9480021893815, 32.946360153256705, 32.9480021893815, 32.946360153256705, 32.94581280788177, 32.94690749863163, 32.94471811713191, 32.944718117131906, 32.94143404488232, 32.9376026272578, 32.93705528188287, 32.93431855500821, 32.93431855500821, 32.93267651888342, 32.93431855500821, 32.93650793650794, 32.9376026272578, 32.93377120963328, 32.93650793650794, 32.932129173508486, 32.93103448275862, 32.93103448275862, 32.93486590038314, 32.93650793650794, 32.94088669950739, 32.941981390257254, 32.94088669950739, 32.94088669950739, 32.939244663382595, 32.937602627257796, 32.93541324575808, 32.93869731800766, 32.94088669950739, 32.94307608100711, 32.941981390257254, 32.94252873563218, 32.944718117131906, 32.939244663382595, 32.935960591133004, 32.93705528188287, 32.938149972632736, 32.93541324575807, 32.93377120963328, 32.93377120963328, 32.935960591133004, 32.93869731800766, 32.93814997263273, 32.93979200875753, 32.93979200875753, 32.941981390257254, 32.941981390257254, 32.94362342638205, 32.94307608100711, 32.94417077175698, 32.939244663382595, 32.939244663382595, 32.93979200875753, 32.94362342638205, 32.94252873563218, 32.94362342638205, 32.94526546250684, 32.941981390257254, 32.94307608100711, 32.941981390257254, 32.94143404488232, 32.93869731800766, 32.93869731800766, 32.93869731800766, 32.94088669950739, 32.94362342638205, 32.940339354132455, 32.939244663382595, 32.935960591133004, 32.93869731800766, 32.9376026272578, 32.937602627257796, 32.93541324575807, 32.93814997263273, 32.940339354132455, 32.94362342638205, 32.940339354132455, 32.93541324575807, 32.934318555008204, 32.93979200875752, 32.937602627257796, 32.94033935413246, 32.939244663382595, 32.937602627257796, 32.937602627257796, 32.93541324575807, 32.93705528188286, 32.93650793650793, 32.93814997263273, 32.93650793650794, 32.93541324575807, 32.93650793650794, 32.93486590038314, 32.93103448275862, 32.93103448275862, 32.930487137383686, 32.92829775588396, 32.93158182813355, 32.93267651888341, 32.93212917350848, 32.93158182813355, 32.93267651888341, 32.93158182813355, 32.93267651888342, 32.934865900383144, 32.93705528188286, 32.940339354132455, 32.94307608100711, 32.94143404488232, 32.93705528188287, 32.93869731800766, 32.93979200875753, 32.94143404488232, 32.94033935413246, 32.94143404488232, 32.94362342638205, 32.94526546250684, 32.94088669950739, 32.94088669950739, 32.939244663382595, 32.93814997263273, 32.93814997263273, 32.93814997263273, 32.93869731800766, 32.94143404488232, 32.93541324575808, 32.933223864258345, 32.93650793650794, 32.934865900383144, 32.93431855500821, 32.934865900383144, 32.93322386425835, 32.93377120963328, 32.928845101258894, 32.934865900383144, 32.934865900383144, 32.93377120963328, 32.93650793650794, 32.938149972632736, 32.941981390257254, 32.94143404488232, 32.940339354132455, 32.940339354132455, 32.94252873563219, 32.94088669950739, 32.94088669950739, 32.94143404488232, 32.941981390257254, 32.94362342638205, 32.94307608100711, 32.93869731800766, 32.93650793650794, 32.93869731800766, 32.93869731800766, 32.941981390257254, 32.94088669950739, 32.94252873563219, 32.94143404488232, 32.940339354132455, 32.94088669950739, 32.94088669950739, 32.94362342638205, 32.941981390257254, 32.94417077175698, 32.94307608100711, 32.94417077175698, 32.94362342638205]",0.8213987896201257,0.8059409256611405,33,"[33, 33, 33, 33, 33, 33, 33, 33, 33, 33, 33, 33, 33, 33, 33, 33, 33, 33, 33, 33, 33, 33, 33, 33, 33, 33, 33, 33, 33, 33, 33, 33, 33, 33, 33, 33, 33, 33, 33, 33, 33, 33, 33, 33, 33, 33, 33, 33, 33, 33, 33, 33, 33, 33, 33, 33, 33, 33, 33, 33, 33, 33, 33, 33, 33, 33, 33, 33, 33, 33, 33, 33, 33, 33, 33, 33, 33, 33, 33, 33, 33, 33, 33, 33, 33, 33, 33, 33, 33, 33, 33, 33, 33, 33, 33, 33, 33, 33, 33, 33, 33, 33, 33, 33, 33, 33, 33, 33, 33, 33, 33, 33, 33, 33, 33, 33, 33, 33, 33, 33, 33, 33, 33, 33, 33, 33, 33, 33, 33, 33, 33, 33, 33, 33, 33, 33, 33, 33, 33, 33, 33, 33, 33, 33, 33, 33, 33, 33, 33, 33, 33, 33, 33, 33, 33, 33, 33, 33, 33, 33, 33, 33, 33, 33, 33, 33, 33, 33, 33, 33, 33, 33, 33, 33, 33, 33, 33, 33, 33, 33, 33, 33, 33, 33, 33, 33, 33, 33, 33, 33, 33, 33, 33, 33, 33, 33, 33, 33, 33, 33, 33, 33, 33, 33, 33, 33, 33, 33, 33, 33, 33, 33, 33, 33, 33, 33, 33, 33, 33, 33, 33, 33, 33, 33, 33, 33, 33, 33, 33, 33, 33, 33, 33, 33, 33, 33, 33, 33, 33, 33, 33, 33, 33, 33, 33, 33, 33, 33, 33, 33, 33, 33, 33, 33, 33, 33, 33, 33, 33, 33, 33, 33, 33, 33, 33, 33, 33, 33, 33, 33, 33, 33, 33, 33, 33, 33, 33, 33, 33, 33, 33, 33, 33, 33, 33, 33, 33, 33, 33, 33, 33, 33, 33, 33, 33, 33, 33, 33, 33, 33, 33, 33, 33, 33, 33, 33, 33, 33, 33, 33, 33, 33, 33, 33, 33, 33, 33, 33, 33, 33, 33, 33, 33, 33, 33, 33, 33, 33, 33, 33, 33, 33, 33, 33, 33, 33, 33, 33, 33, 33, 33, 33, 33, 33, 33, 33, 33, 33, 33, 33, 33, 33, 33, 33, 33, 33, 33, 33, 33, 33, 33, 33, 33, 33, 33, 33, 33, 33, 33, 33, 33, 33, 33, 33, 33, 33, 33, 33, 33, 33, 33, 33, 33, 33, 33, 33, 33, 33, 33, 33, 33, 33, 33, 33, 33, 33, 33, 33, 33, 33, 33, 33, 33, 33, 33, 33, 33, 33, 33, 33, 33, 33, 33, 33, 33, 33, 33, 33, 33, 33, 33, 33, 33, 33, 33]",425,"[0.693906307220459, 0.6002957820892334, 0.5402899384498596, 0.5012034773826599, 0.47490811347961426, 0.4566476047039032, 0.44358187913894653, 0.43412163853645325, 0.42698338627815247, 0.42147576808929443, 0.4174041748046875, 0.4140626788139343, 0.4115271270275116, 0.40932220220565796, 0.40743476152420044, 0.40593770146369934, 0.40462246537208557, 0.4034167528152466, 0.40236353874206543, 0.4014137387275696, 0.40056321024894714, 0.39977023005485535, 0.3990657329559326, 0.3983720541000366, 0.39770302176475525, 0.3970932066440582, 0.39649203419685364, 0.3959346413612366, 0.395391583442688, 0.39486998319625854, 0.3943876028060913, 0.39390823245048523, 0.39345070719718933, 0.3929959833621979, 0.3925466239452362, 0.39211341738700867, 0.3916971683502197, 0.39128798246383667, 0.3908931612968445, 0.3905026614665985, 0.3901064693927765, 0.3897101581096649, 0.3893498480319977, 0.388982355594635, 0.38863375782966614, 0.38827061653137207, 0.38793110847473145, 0.3876158893108368, 0.38730257749557495, 0.3870004415512085, 0.3866770565509796, 0.38636845350265503, 0.3860589861869812, 0.38575905561447144, 0.38546180725097656, 0.38517776131629944, 0.3848995268344879, 0.38461822271347046, 0.3843325674533844, 0.3840714693069458, 0.38380706310272217, 0.3835447430610657, 0.3832736611366272, 0.38302478194236755, 0.38277530670166016, 0.38252437114715576, 0.38228869438171387, 0.38204264640808105, 0.38181138038635254, 0.38159194588661194, 0.3813707232475281, 0.3811425268650055, 0.38090288639068604, 0.380684494972229, 0.3804832398891449, 0.38026177883148193, 0.3800392150878906, 0.379841148853302, 0.379629522562027, 0.3794310688972473, 0.3792416751384735, 0.37905409932136536, 0.37886524200439453, 0.37866678833961487, 0.3784730136394501, 0.37827980518341064, 0.37807413935661316, 0.37789809703826904, 0.3777141571044922, 0.3775150775909424, 0.3773227035999298, 0.3771446943283081, 0.3769659399986267, 0.37680232524871826, 0.3766237497329712, 0.37645065784454346, 0.37628528475761414, 0.376107394695282, 0.3759400546550751, 0.37577587366104126, 0.3756106495857239, 0.37544041872024536, 0.3752795457839966, 0.37511032819747925, 0.37493976950645447, 0.3747757077217102, 0.3746190369129181, 0.37447816133499146, 0.3743067979812622, 0.3741438388824463, 0.37396523356437683, 0.37381815910339355, 0.3736472725868225, 0.37350228428840637, 0.3733423352241516, 0.37318897247314453, 0.3730267584323883, 0.37287887930870056, 0.3727475106716156, 0.3726097047328949, 0.37244290113449097, 0.372290700674057, 0.3721289038658142, 0.37196481227874756, 0.37183213233947754, 0.3716817796230316, 0.37153205275535583, 0.37139227986335754, 0.3712387979030609, 0.37109556794166565, 0.37094050645828247, 0.37079405784606934, 0.37065795063972473, 0.3705039620399475, 0.37034687399864197, 0.37020018696784973, 0.3700522482395172, 0.36989715695381165, 0.36975789070129395, 0.3696101903915405, 0.3694671392440796, 0.3693017065525055, 0.3691443204879761, 0.36902564764022827, 0.3688715100288391, 0.3687170147895813, 0.36857905983924866, 0.3684459328651428, 0.36829933524131775, 0.36814117431640625, 0.36801066994667053, 0.3678601384162903, 0.36769741773605347, 0.36754363775253296, 0.36739349365234375, 0.36725279688835144, 0.3671143352985382, 0.36697086691856384, 0.36683160066604614, 0.3666955828666687, 0.366558313369751, 0.36641544103622437, 0.36625826358795166, 0.36609774827957153, 0.3659411370754242, 0.36578860878944397, 0.3656424283981323, 0.36549699306488037, 0.36535313725471497, 0.3652099668979645, 0.3650681674480438, 0.3649214208126068, 0.36477434635162354, 0.3646373748779297, 0.3645019829273224, 0.36438876390457153, 0.3642596900463104, 0.3641141653060913, 0.3639673590660095, 0.36381804943084717, 0.3636651933193207, 0.3635324239730835, 0.3633849620819092, 0.36322903633117676, 0.3630935251712799, 0.3629361093044281, 0.36280250549316406, 0.362638920545578, 0.3624940812587738, 0.36234933137893677, 0.3622082769870758, 0.3620508909225464, 0.3619128465652466, 0.36177781224250793, 0.36161303520202637, 0.3614489734172821, 0.36131441593170166, 0.36117035150527954, 0.36102360486984253, 0.36089247465133667, 0.36074215173721313, 0.36059921979904175, 0.3604654371738434, 0.36030569672584534, 0.36014947295188904, 0.3600190281867981, 0.35986578464508057, 0.3597257137298584, 0.35959213972091675, 0.3594372868537903, 0.3592855930328369, 0.35912322998046875, 0.3589695394039154, 0.35882508754730225, 0.35867512226104736, 0.3585279583930969, 0.3584006428718567, 0.3582362234592438, 0.358092725276947, 0.3579575717449188, 0.3577919006347656, 0.35764679312705994, 0.3575032949447632, 0.3573577404022217, 0.3572319746017456, 0.35707464814186096, 0.356913685798645, 0.35674911737442017, 0.35659244656562805, 0.35645073652267456, 0.3562992215156555, 0.3561669886112213, 0.3560062348842621, 0.3558546006679535, 0.3556908071041107, 0.35554417967796326, 0.35540610551834106, 0.3552519679069519, 0.35509762167930603, 0.35494938492774963, 0.3548128604888916, 0.35467272996902466, 0.35452157258987427, 0.35436806082725525, 0.3542060852050781, 0.3540436923503876, 0.35388001799583435, 0.3537299335002899, 0.3535947799682617, 0.35344207286834717, 0.35329505801200867, 0.3531394302845001, 0.3529846668243408, 0.3528437316417694, 0.3526952266693115, 0.3525574803352356, 0.3523893654346466, 0.3522461950778961, 0.3520795702934265, 0.3519344627857208, 0.35177135467529297, 0.35160622000694275, 0.35143834352493286, 0.3512778580188751, 0.35113227367401123, 0.3509829044342041, 0.3507990539073944, 0.35064053535461426, 0.35047808289527893, 0.3503146469593048, 0.35013434290885925, 0.34996533393859863, 0.3498068153858185, 0.34965628385543823, 0.3494751453399658, 0.349328875541687, 0.3491874039173126, 0.3490341901779175, 0.3488560616970062, 0.3486969470977783, 0.34852704405784607, 0.34835711121559143, 0.3482016623020172, 0.348063588142395, 0.3479093611240387, 0.34773609042167664, 0.3475531339645386, 0.3473912179470062, 0.3472188115119934, 0.3470518887042999, 0.34689220786094666, 0.34671711921691895, 0.34656330943107605, 0.34639739990234375, 0.3462282419204712, 0.3460642695426941, 0.3458857238292694, 0.3457116186618805, 0.34553322196006775, 0.3453713357448578, 0.3452102541923523, 0.34505921602249146, 0.34489357471466064, 0.344730943441391, 0.3445607125759125, 0.3443949222564697, 0.34422019124031067, 0.3440485894680023, 0.3438672721385956, 0.34370720386505127, 0.34352436661720276, 0.3433492183685303, 0.34318801760673523, 0.34301427006721497, 0.3428330719470978, 0.342681348323822, 0.34249913692474365, 0.34233275055885315, 0.3421725928783417, 0.3420032858848572, 0.3418072760105133, 0.3416561782360077, 0.34149783849716187, 0.3413170874118805, 0.3411486744880676, 0.34097614884376526, 0.3408169448375702, 0.3406546115875244, 0.3404768407344818, 0.34031009674072266, 0.34014615416526794, 0.3399665951728821, 0.3397882878780365, 0.3396089971065521, 0.33945098519325256, 0.33929240703582764, 0.33911487460136414, 0.33894893527030945, 0.3387700021266937, 0.338601291179657, 0.33841124176979065, 0.3382357656955719, 0.3380616009235382, 0.33788546919822693, 0.3377242684364319, 0.33754271268844604, 0.33735230565071106, 0.3371727764606476, 0.33699971437454224, 0.3368173837661743, 0.33666202425956726, 0.33647894859313965, 0.33628344535827637, 0.3361085057258606, 0.3359347879886627, 0.3357686996459961, 0.33556893467903137, 0.33539658784866333, 0.33519747853279114, 0.33502233028411865, 0.33484721183776855, 0.33467280864715576, 0.33446499705314636, 0.33428242802619934, 0.3341122567653656, 0.33393394947052, 0.3337441682815552, 0.3335755169391632, 0.3333849310874939, 0.3332114517688751, 0.3330405354499817, 0.33286505937576294, 0.33270198106765747, 0.3325057327747345, 0.33232080936431885, 0.33214884996414185, 0.33196213841438293, 0.33177828788757324, 0.33160409331321716, 0.3314199149608612, 0.33121559023857117, 0.3310301601886749, 0.3308481276035309, 0.33067893981933594, 0.33049777150154114, 0.3303135931491852, 0.33011284470558167, 0.3299503028392792, 0.3297654092311859, 0.32957035303115845, 0.3293650448322296, 0.329169362783432, 0.32898199558258057, 0.3287847638130188, 0.32859206199645996, 0.3283991515636444, 0.3281870186328888, 0.32798516750335693, 0.32777801156044006, 0.3275940418243408, 0.32742270827293396, 0.32723647356033325, 0.32705172896385193, 0.32685592770576477, 0.32667219638824463, 0.3265003561973572, 0.32632678747177124, 0.3261169195175171, 0.32592299580574036, 0.3257456123828888, 0.32555699348449707, 0.3253817856311798, 0.32517009973526, 0.32497259974479675, 0.32478663325309753, 0.3245868980884552, 0.32439032196998596, 0.32419803738594055, 0.3240010738372803, 0.32381823658943176, 0.3236417770385742, 0.3234526813030243, 0.32326969504356384, 0.32308995723724365, 0.3228921592235565]",33.0,"[33.0, 33.0, 33.0, 33.0, 33.0, 33.0, 33.0, 33.0, 33.0, 33.0, 33.0, 33.0, 33.0, 33.0, 33.0, 33.0, 33.0, 33.0, 33.0, 33.0, 33.0, 33.0, 33.0, 33.0, 33.0, 33.0, 33.0, 33.0, 33.0, 33.0, 33.0, 33.0, 33.0, 33.0, 33.0, 33.0, 33.0, 33.0, 33.0, 33.0, 33.0, 33.0, 33.0, 33.0, 33.0, 33.0, 33.0, 33.0, 33.0, 33.0, 33.0, 33.0, 33.0, 33.0, 33.0, 33.0, 33.0, 33.0, 33.0, 33.0, 33.0, 33.0, 33.0, 33.0, 33.0, 33.0, 33.0, 33.0, 33.0, 33.0, 33.0, 33.0, 33.0, 33.0, 33.0, 33.0, 33.0, 33.0, 33.0, 33.0, 33.0, 33.0, 33.0, 33.0, 33.0, 33.0, 33.0, 33.0, 33.0, 33.0, 33.0, 33.0, 33.0, 33.0, 33.0, 33.0, 33.0, 33.0, 33.0, 33.0, 33.0, 33.0, 33.0, 33.0, 33.0, 33.0, 33.0, 33.0, 33.0, 33.0, 33.0, 33.0, 33.0, 33.0, 33.0, 33.0, 33.0, 33.0, 33.0, 33.0, 33.0, 33.0, 33.0, 33.0, 33.0, 33.0, 33.0, 33.0, 33.0, 33.0, 33.0, 33.0, 33.0, 33.0, 33.0, 33.0, 33.0, 33.0, 33.0, 33.0