,number,value,datetime_start,datetime_complete,duration,params_batch_size_scaler,params_constant_learning_rate,params_depth,params_epochs,params_kernel_l2,params_num_trees,params_temperature,user_attrs_accuracy_test,user_attrs_accuracy_valid,user_attrs_approximate_feature_sparsity,user_attrs_approximate_feature_sparsity_history,user_attrs_approximate_weight_sparsity,user_attrs_approximate_weight_sparsity_history,user_attrs_auc_test,user_attrs_auc_valid,user_attrs_feature_sparsity,user_attrs_feature_sparsity_history,user_attrs_num_epochs,user_attrs_val_loss_history,user_attrs_weight_sparsity,user_attrs_weight_sparsity_history,state
93,93,0.5,2024-08-31 04:18:26.789492,2024-08-31 04:18:58.844837,0 days 00:00:32.055345,16,0.16847269747374682,1,315,0.8397964628453827,22,0.0001969239728147457,0.859,0.85875,0,"[33, 33, 33, 33, 33, 33, 33, 33, 33, 25, 9, 8, 7, 5, 5, 4, 4, 4, 4, 3, 2, 2, 2, 2, 2, 2, 2, 2, 2, 1, 1, 1, 1, 1, 1, 1, 1, 1, 1, 1, 1, 1, 1, 1, 1, 1, 1, 1, 0, 0, 0, 0, 0, 0, 0, 0, 0, 0, 0, 0, 0, 0, 0, 0, 0, 0, 0, 0, 0, 0, 0, 0, 0, 0, 0, 0, 0, 0, 0, 0, 0, 0, 0, 0, 0, 0, 0, 0, 0, 0, 0, 0, 0, 0, 0, 0, 0, 0, 0, 0, 0, 0, 0, 0, 0, 0, 0, 0, 0, 0, 0, 0, 0, 0, 0, 0, 0, 0, 0, 0, 0, 0, 0, 0, 0, 0, 0, 0, 0, 0, 0, 0, 0, 0, 0, 0, 0, 0, 0, 0, 0, 0, 0, 0, 0, 0, 0, 0, 0, 0, 0, 0, 0, 0, 0, 0, 0, 0, 0, 0, 0, 0, 0, 0, 0, 0, 0, 0, 0, 0, 0, 0, 0, 0, 0, 0, 0, 0, 0, 0, 0, 0, 0, 0, 0, 0, 0, 0, 0, 0, 0, 0, 0, 0, 0, 0, 0, 0, 0, 0, 0, 0, 0, 0, 0, 0, 0, 0, 0, 0, 0, 0, 0, 0, 0, 0, 0, 0, 0, 0, 0, 0, 0, 0, 0, 0, 0, 0, 0, 0, 0, 0, 0, 0, 0, 0, 0, 0, 0, 0, 0, 0, 0, 0, 0, 0, 0, 0, 0, 0, 0, 0, 0, 0, 0, 0, 0, 0, 0, 0, 0, 0, 0, 0, 0, 0, 0, 0, 0, 0, 0, 0, 0, 0, 0, 0, 0, 0, 0, 0, 0, 0, 0, 0, 0, 0, 0, 0, 0, 0, 0, 0, 0, 0, 0, 0, 0, 0, 0, 0, 0, 0, 0, 0, 0, 0, 0, 0, 0, 0, 0, 0, 0, 0, 0]",0.0,"[33.0, 33.0, 33.0, 32.90909090909091, 33.0, 33.0, 33.0, 32.90909090909091, 32.95454545454545, 25.0, 9.0, 8.0, 7.0, 5.0, 5.0, 4.0, 4.0, 4.0, 4.0, 3.0, 1.9545454545454546, 2.0, 1.9545454545454546, 2.0, 2.0, 2.0, 2.0, 2.0, 2.0, 1.0, 1.0, 1.0, 1.0, 1.0, 1.0, 1.0, 1.0, 1.0, 1.0, 1.0, 1.0, 1.0, 1.0, 1.0, 1.0, 1.0, 1.0, 1.0, 0.0, 0.0, 0.0, 0.0, 0.0, 0.0, 0.0, 0.0, 0.0, 0.0, 0.0, 0.0, 0.0, 0.0, 0.0, 0.0, 0.0, 0.0, 0.0, 0.0, 0.0, 0.0, 0.0, 0.0, 0.0, 0.0, 0.0, 0.0, 0.0, 0.0, 0.0, 0.0, 0.0, 0.0, 0.0, 0.0, 0.0, 0.0, 0.0, 0.0, 0.0, 0.0, 0.0, 0.0, 0.0, 0.0, 0.0, 0.0, 0.0, 0.0, 0.0, 0.0, 0.0, 0.0, 0.0, 0.0, 0.0, 0.0, 0.0, 0.0, 0.0, 0.0, 0.0, 0.0, 0.0, 0.0, 0.0, 0.0, 0.0, 0.0, 0.0, 0.0, 0.0, 0.0, 0.0, 0.0, 0.0, 0.0, 0.0, 0.0, 0.0, 0.0, 0.0, 0.0, 0.0, 0.0, 0.0, 0.0, 0.0, 0.0, 0.0, 0.0, 0.0, 0.0, 0.0, 0.0, 0.0, 0.0, 0.0, 0.0, 0.0, 0.0, 0.0, 0.0, 0.0, 0.0, 0.0, 0.0, 0.0, 0.0, 0.0, 0.0, 0.0, 0.0, 0.0, 0.0, 0.0, 0.0, 0.0, 0.0, 0.0, 0.0, 0.0, 0.0, 0.0, 0.0, 0.0, 0.0, 0.0, 0.0, 0.0, 0.0, 0.0, 0.0, 0.0, 0.0, 0.0, 0.0, 0.0, 0.0, 0.0, 0.0, 0.0, 0.0, 0.0, 0.0, 0.0, 0.0, 0.0, 0.0, 0.0, 0.0, 0.0, 0.0, 0.0, 0.0, 0.0, 0.0, 0.0, 0.0, 0.0, 0.0, 0.0, 0.0, 0.0, 0.0, 0.0, 0.0, 0.0, 0.0, 0.0, 0.0, 0.0, 0.0, 0.0, 0.0, 0.0, 0.0, 0.0, 0.0, 0.0, 0.0, 0.0, 0.0, 0.0, 0.0, 0.0, 0.0, 0.0, 0.0, 0.0, 0.0, 0.0, 0.0, 0.0, 0.0, 0.0, 0.0, 0.0, 0.0, 0.0, 0.0, 0.0, 0.0, 0.0, 0.0, 0.0, 0.0, 0.0, 0.0, 0.0, 0.0, 0.0, 0.0, 0.0, 0.0, 0.0, 0.0, 0.0, 0.0, 0.0, 0.0, 0.0, 0.0, 0.0, 0.0, 0.0, 0.0, 0.0, 0.0, 0.0, 0.0, 0.0, 0.0, 0.0, 0.0, 0.0, 0.0, 0.0, 0.0, 0.0, 0.0, 0.0, 0.0, 0.0, 0.0, 0.0, 0.0, 0.0, 0.0, 0.0, 0.0, 0.0, 0.0, 0.0, 0.0, 0.0, 0.0, 0.0, 0.0, 0.0, 0.0, 0.0, 0.0, 0.0, 0.0, 0.0]",0.5,0.5,0,"[33, 33, 33, 33, 33, 33, 33, 33, 33, 25, 9, 8, 7, 5, 5, 4, 4, 4, 4, 3, 2, 2, 2, 2, 2, 2, 2, 2, 2, 1, 1, 1, 1, 1, 1, 1, 1, 1, 1, 1, 1, 1, 1, 1, 1, 1, 1, 1, 0, 0, 0, 0, 0, 0, 0, 0, 0, 0, 0, 0, 0, 0, 0, 0, 0, 0, 0, 0, 0, 0, 0, 0, 0, 0, 0, 0, 0, 0, 0, 0, 0, 0, 0, 0, 0, 0, 0, 0, 0, 0, 0, 0, 0, 0, 0, 0, 0, 0, 0, 0, 0, 0, 0, 0, 0, 0, 0, 0, 0, 0, 0, 0, 0, 0, 0, 0, 0, 0, 0, 0, 0, 0, 0, 0, 0, 0, 0, 0, 0, 0, 0, 0, 0, 0, 0, 0, 0, 0, 0, 0, 0, 0, 0, 0, 0, 0, 0, 0, 0, 0, 0, 0, 0, 0, 0, 0, 0, 0, 0, 0, 0, 0, 0, 0, 0, 0, 0, 0, 0, 0, 0, 0, 0, 0, 0, 0, 0, 0, 0, 0, 0, 0, 0, 0, 0, 0, 0, 0, 0, 0, 0, 0, 0, 0, 0, 0, 0, 0, 0, 0, 0, 0, 0, 0, 0, 0, 0, 0, 0, 0, 0, 0, 0, 0, 0, 0, 0, 0, 0, 0, 0, 0, 0, 0, 0, 0, 0, 0, 0, 0, 0, 0, 0, 0, 0, 0, 0, 0, 0, 0, 0, 0, 0, 0, 0, 0, 0, 0, 0, 0, 0, 0, 0, 0, 0, 0, 0, 0, 0, 0, 0, 0, 0, 0, 0, 0, 0, 0, 0, 0, 0, 0, 0, 0, 0, 0, 0, 0, 0, 0, 0, 0, 0, 0, 0, 0, 0, 0, 0, 0, 0, 0, 0, 0, 0, 0, 0, 0, 0, 0, 0, 0, 0, 0, 0, 0, 0, 0, 0, 0, 0, 0, 0, 0, 0]",315,"[1.1063487529754639, 0.8956798315048218, 0.7478048801422119, 0.6435566544532776, 0.5697838068008423, 0.5186465382575989, 0.4802633225917816, 0.4526849389076233, 0.43590858578681946, 0.41495442390441895, 0.39556872844696045, 0.3916812837123871, 0.39910250902175903, 0.3963451385498047, 0.3917585611343384, 0.39457961916923523, 0.39084023237228394, 0.3905535638332367, 0.3909858763217926, 0.39320194721221924, 0.39569932222366333, 0.39543232321739197, 0.3998354971408844, 0.39742451906204224, 0.39434900879859924, 0.39444872736930847, 0.39410144090652466, 0.39502307772636414, 0.39450082182884216, 0.3980174660682678, 0.39782628417015076, 0.3976976275444031, 0.39867863059043884, 0.39818480610847473, 0.3974573612213135, 0.39851027727127075, 0.39729931950569153, 0.39749622344970703, 0.3973042964935303, 0.3978397250175476, 0.397502601146698, 0.39817386865615845, 0.3974030315876007, 0.3984507620334625, 0.3988886773586273, 0.3974780738353729, 0.3984583616256714, 0.3971128463745117, 0.40806978940963745, 0.4073311686515808, 0.4113200008869171, 0.4103999733924866, 0.4076286554336548, 0.4072408378124237, 0.4083053171634674, 0.4073695242404938, 0.40767502784729004, 0.4108251631259918, 0.4099152088165283, 0.4104088544845581, 0.40761902928352356, 0.40856051445007324, 0.4072261452674866, 0.40814054012298584, 0.4086284637451172, 0.4076493978500366, 0.4072362780570984, 0.4074837565422058, 0.40728920698165894, 0.40775394439697266, 0.40727099776268005, 0.409686803817749, 0.4074767231941223, 0.4075355529785156, 0.4072350561618805, 0.40756678581237793, 0.40878307819366455, 0.4078415036201477, 0.40724632143974304, 0.40821048617362976, 0.4085862338542938, 0.4073132276535034, 0.4072703421115875, 0.40829208493232727, 0.4076736569404602, 0.4072296619415283, 0.4078137278556824, 0.40723341703414917, 0.40896525979042053, 0.4129568934440613, 0.40859362483024597, 0.40987706184387207, 0.40722692012786865, 0.4144054353237152, 0.40876615047454834, 0.4081283509731293, 0.4089176654815674, 0.40750324726104736, 0.40724241733551025, 0.407227486371994, 0.4073207974433899, 0.4075653553009033, 0.40723761916160583, 0.40726524591445923, 0.4083203971385956, 0.40759095549583435, 0.40726760029792786, 0.4083189368247986, 0.40849873423576355, 0.40737688541412354, 0.40799176692962646, 0.4075738489627838, 0.40739336609840393, 0.4073421359062195, 0.4092836081981659, 0.40774673223495483, 0.40724027156829834, 0.40758517384529114, 0.4077633023262024, 0.40735092759132385, 0.407562255859375, 0.4088810980319977, 0.4080860912799835, 0.40740126371383667, 0.40725722908973694, 0.4077712297439575, 0.40771377086639404, 0.40732067823410034, 0.4079921245574951, 0.4072398245334625, 0.4097958505153656, 0.41055968403816223, 0.40727564692497253, 0.40879425406455994, 0.407256156206131, 0.4072832763195038, 0.40744686126708984, 0.4072679579257965, 0.40922054648399353, 0.4133519232273102, 0.40725281834602356, 0.40758728981018066, 0.40727779269218445, 0.4078095555305481, 0.407232403755188, 0.40763258934020996, 0.4073081314563751, 0.4072425961494446, 0.4085138738155365, 0.4072452485561371, 0.4072732627391815, 0.40723881125450134, 0.40797778964042664, 0.407323956489563, 0.4107341468334198, 0.4103246331214905, 0.4072309136390686, 0.40722930431365967, 0.4075537919998169, 0.40858158469200134, 0.40730613470077515, 0.4072829782962799, 0.4076591432094574, 0.40926989912986755, 0.4096270799636841, 0.4093313217163086, 0.40799155831336975, 0.40850287675857544, 0.4086970090866089, 0.4082363247871399, 0.40731266140937805, 0.4110892117023468, 0.40733417868614197, 0.410257488489151, 0.4077719748020172, 0.40802863240242004, 0.4085790514945984, 0.4081363379955292, 0.4074340760707855, 0.40777406096458435, 0.4073146879673004, 0.4076894521713257, 0.40727123618125916, 0.40824925899505615, 0.4082721471786499, 0.40747177600860596, 0.4072588384151459, 0.4072552025318146, 0.4077915549278259, 0.4080981910228729, 0.40804600715637207, 0.41148772835731506, 0.40864163637161255, 0.4073883295059204, 0.4075089991092682, 0.4123842120170593, 0.4088675379753113, 0.407301127910614, 0.4083167016506195, 0.4095988869667053, 0.4078427255153656, 0.40729227662086487, 0.4085257649421692, 0.4093950688838959, 0.4073118269443512, 0.4072657525539398, 0.40822097659111023, 0.4082588255405426, 0.40733757615089417, 0.40803197026252747, 0.407262921333313, 0.40763306617736816, 0.40773823857307434, 0.40764763951301575, 0.4092303216457367, 0.4075568914413452, 0.407235324382782, 0.4082563519477844, 0.4087693393230438, 0.4100262522697449, 0.4073321223258972, 0.40722939372062683, 0.4074774980545044, 0.4072321355342865, 0.4074569642543793, 0.40723714232444763, 0.40735819935798645, 0.4077232778072357, 0.4074387848377228, 0.40782466530799866, 0.4072344899177551, 0.4074558913707733, 0.4075108468532562, 0.40764182806015015, 0.4072413742542267, 0.4090690612792969, 0.4105537533760071, 0.4090559780597687, 0.4079073667526245, 0.4081161618232727, 0.40722739696502686, 0.40880316495895386, 0.4078315496444702, 0.40847355127334595, 0.4075700342655182, 0.4074789881706238, 0.40920397639274597, 0.40851688385009766, 0.4090295732021332, 0.4080442488193512, 0.4075784981250763, 0.4081489145755768, 0.40821343660354614, 0.4081265330314636, 0.40779441595077515, 0.4084547162055969, 0.4075300693511963, 0.40722954273223877, 0.40731698274612427, 0.40788134932518005, 0.4072270095348358, 0.407252699136734, 0.4073984920978546, 0.40732380747795105, 0.40723729133605957, 0.4089888036251068, 0.40749305486679077, 0.40745556354522705, 0.4074893295764923, 0.40770411491394043, 0.407293438911438, 0.40725788474082947, 0.40741002559661865, 0.40750041604042053, 0.40841856598854065, 0.40993064641952515, 0.40798667073249817, 0.4072776734828949, 0.40726184844970703, 0.4083550274372101, 0.4079173803329468, 0.40731295943260193, 0.4074040651321411, 0.4072839021682739, 0.4090602397918701, 0.4072560966014862, 0.4074832797050476, 0.4074362814426422, 0.41268226504325867, 0.40834900736808777, 0.4077604413032532, 0.4073607325553894, 0.40748319029808044, 0.4072859585285187, 0.40726515650749207, 0.4072376489639282, 0.40750670433044434, 0.40725404024124146, 0.40926018357276917, 0.40733036398887634, 0.4076084792613983, 0.41024962067604065, 0.4074975848197937, 0.40799304842948914, 0.40940967202186584, 0.407336950302124, 0.40732041001319885, 0.4081554114818573, 0.4081818461418152, 0.4120754897594452, 0.40722957253456116, 0.4072979688644409, 0.40814900398254395, 0.4072555601596832, 0.40764862298965454]",0.0,"[33.0, 33.0, 33.0, 33.0, 33.0, 33.0, 33.0, 33.0, 33.0, 25.0, 9.0, 8.0, 7.0, 5.0, 5.0, 4.0, 4.0, 4.0, 4.0, 3.0, 2.0, 2.0, 2.0, 2.0, 2.0, 2.0, 2.0, 2.0, 2.0, 1.0, 1.0, 1.0, 1.0, 1.0, 1.0, 1.0, 1.0, 1.0, 1.0, 1.0, 1.0, 1.0, 1.0, 1.0, 1.0, 1.0, 1.0, 1.0, 0.0, 0.0, 0.0, 0.0, 0.0, 0.0, 0.0, 0.0, 0.0, 0.0, 0.0, 0.0, 0.0, 0.0, 0.0, 0.0, 0.0, 0.0, 0.0, 0.0, 0.0, 0.0, 0.0, 0.0, 0.0, 0.0, 0.0, 0.0, 0.0, 0.0, 0.0, 0.0, 0.0, 0.0, 0.0, 0.0, 0.0, 0.0, 0.0, 0.0, 0.0, 0.0, 0.0, 0.0, 0.0, 0.0, 0.0, 0.0, 0.0, 0.0, 0.0, 0.0, 0.0, 0.0, 0.0, 0.0, 0.0, 0.0, 0.0, 0.0, 0.0, 0.0, 0.0, 0.0, 0.0, 0.0, 0.0, 0.0, 0.0, 0.0, 0.0, 0.0, 0.0, 0.0, 0.0, 0.0, 0.0, 0.0, 0.0, 0.0, 0.0, 0.0, 0.0, 0.0, 0.0, 0.0, 0.0, 0.0, 0.0, 0.0, 0.0, 0.0, 0.0, 0.0, 0.0, 0.0, 0.0, 0.0, 0.0, 0.0, 0.0, 0.0, 0.0, 0.0, 0.0, 0.0, 0.0, 0.0, 0.0, 0.0, 0.0, 0.0, 0.0, 0.0, 0.0, 0.0, 0.0, 0.0, 0.0, 0.0, 0.0, 0.0, 0.0, 0.0, 0.0, 0.0, 0.0, 0.0, 0.0, 0.0, 0.0, 0.0, 0.0, 0.0, 0.0, 0.0, 0.0, 0.0, 0.0, 0.0, 0.0, 0.0, 0.0, 0.0, 0.0, 0.0, 0.0, 0.0, 0.0, 0.0, 0.0, 0.0, 0.0, 0.0, 0.0, 0.0, 0.0, 0.0, 0.0, 0.0, 0.0, 0.0, 0.0, 0.0, 0.0, 0.0, 0.0, 0.0, 0.0, 0.0, 0.0, 0.0, 0.0, 0.0, 0.0, 0.0, 0.0, 0.0, 0.0, 0.0, 0.0, 0.0, 0.0, 0.0, 0.0, 0.0, 0.0, 0.0, 0.0, 0.0, 0.0, 0.0, 0.0, 0.0, 0.0, 0.0, 0.0, 0.0, 0.0, 0.0, 0.0, 0.0, 0.0, 0.0, 0.0, 0.0, 0.0, 0.0, 0.0, 0.0, 0.0, 0.0, 0.0, 0.0, 0.0, 0.0, 0.0, 0.0, 0.0, 0.0, 0.0, 0.0, 0.0, 0.0, 0.0, 0.0, 0.0, 0.0, 0.0, 0.0, 0.0, 0.0, 0.0, 0.0, 0.0, 0.0, 0.0, 0.0, 0.0, 0.0, 0.0, 0.0, 0.0, 0.0, 0.0, 0.0, 0.0, 0.0, 0.0, 0.0, 0.0, 0.0, 0.0, 0.0, 0.0, 0.0, 0.0, 0.0, 0.0, 0.0, 0.0, 0.0, 0.0, 0.0, 0.0, 0.0, 0.0]",COMPLETE
