,number,value,datetime_start,datetime_complete,duration,params_batch_size_scaler,params_constant_learning_rate,params_depth,params_epochs,params_kernel_l2,params_num_trees,params_temperature,user_attrs_accuracy_test,user_attrs_accuracy_valid,user_attrs_approximate_feature_sparsity,user_attrs_approximate_feature_sparsity_history,user_attrs_approximate_weight_sparsity,user_attrs_approximate_weight_sparsity_history,user_attrs_auc_test,user_attrs_auc_valid,user_attrs_feature_sparsity,user_attrs_feature_sparsity_history,user_attrs_num_epochs,user_attrs_val_loss_history,user_attrs_weight_sparsity,user_attrs_weight_sparsity_history,state
88,88,0.9319730520024218,2024-08-31 04:02:19.366896,2024-08-31 04:06:08.925549,0 days 00:03:49.558653,4,0.21390251568503346,4,455,0.4375221626371801,89,0.027701260186648112,0.944,0.94375,15,"[33, 33, 33, 33, 33, 33, 33, 33, 33, 33, 33, 33, 33, 33, 33, 33, 33, 33, 33, 33, 33, 33, 33, 33, 33, 32, 32, 31, 28, 27, 23, 22, 21, 20, 20, 20, 20, 20, 20, 20, 19, 19, 19, 19, 19, 19, 19, 19, 18, 18, 18, 17, 17, 17, 17, 17, 17, 16, 16, 16, 16, 16, 16, 16, 16, 16, 16, 16, 16, 16, 16, 16, 16, 16, 16, 16, 16, 16, 16, 16, 16, 16, 16, 16, 16, 16, 16, 16, 16, 16, 16, 16, 16, 16, 16, 16, 16, 16, 16, 16, 16, 16, 16, 16, 16, 16, 16, 16, 16, 16, 16, 16, 16, 16, 16, 16, 16, 16, 16, 16, 16, 16, 16, 16, 16, 16, 16, 16, 16, 16, 16, 16, 16, 16, 16, 16, 16, 16, 16, 16, 16, 16, 16, 16, 16, 16, 16, 16, 16, 16, 16, 16, 16, 16, 16, 16, 16, 16, 16, 16, 16, 16, 16, 16, 16, 16, 16, 16, 16, 16, 16, 16, 16, 16, 16, 16, 16, 16, 16, 16, 16, 16, 16, 16, 16, 16, 16, 16, 16, 16, 16, 16, 16, 16, 16, 16, 16, 16, 16, 16, 16, 16, 16, 16, 16, 16, 16, 16, 16, 16, 16, 16, 16, 16, 16, 16, 16, 16, 16, 16, 16, 16, 16, 16, 16, 16, 16, 16, 16, 16, 16, 16, 16, 16, 16, 16, 16, 16, 16, 16, 16, 16, 16, 16, 16, 16, 16, 16, 16, 16, 16, 16, 16, 16, 16, 16, 16, 16, 16, 16, 16, 16, 16, 16, 16, 16, 16, 16, 16, 16, 16, 16, 16, 16, 16, 16, 16, 16, 16, 16, 16, 16, 16, 16, 16, 16, 16, 16, 16, 16, 16, 16, 16, 16, 16, 16, 16, 16, 16, 16, 16, 15, 15, 15, 15, 15, 15, 15, 15, 15, 15, 15, 15, 15, 15, 15, 15, 15, 15, 15, 15, 15, 15, 15, 15, 15, 15, 15, 15, 15, 15, 15, 15, 15, 15, 15, 15, 15, 15, 15, 15, 15, 15, 15, 15, 15, 15, 15, 15, 15, 15, 15, 15, 15, 15, 15, 15, 15, 15, 15, 15, 15, 15, 15, 15, 15, 15, 15, 15, 15, 15, 15, 15, 15, 15, 15, 15, 15, 15, 15, 15, 15, 15, 15, 15, 15, 15, 15, 15, 15, 15, 15, 15, 15, 15, 15, 15, 15, 15, 15, 15, 15, 15, 15, 15, 15, 15, 15, 15, 15, 15, 15, 15, 15, 15, 15, 15, 15, 15, 15, 15, 15, 15, 15, 15, 15, 15, 15, 15, 15, 15, 15, 15, 15, 15, 15, 15, 15, 15, 15, 15, 15, 15, 15, 15, 15, 15, 15, 15, 15, 15, 15, 15, 15, 15]",14.777528089887639,"[32.95056179775281, 32.943820224719104, 32.94232209737828, 32.94531835205993, 32.93932584269663, 32.94082397003746, 32.9250936329588, 32.94307116104869, 32.93782771535581, 32.9370786516854, 32.93033707865169, 32.93558052434457, 32.93333333333333, 32.932584269662925, 32.94157303370787, 32.93707865168539, 32.93857677902622, 32.93857677902622, 32.94681647940075, 32.936329588014985, 32.93857677902622, 32.94232209737828, 32.939325842696626, 32.93558052434457, 32.94157303370787, 31.943071161048692, 31.939325842696633, 30.931835205992513, 27.938576779026217, 26.945318352059928, 22.951310861423224, 21.962546816479403, 20.95880149812734, 19.963295880149815, 19.9685393258427, 19.96928838951311, 19.967041198501875, 19.9625468164794, 19.966292134831463, 19.975280898876406, 18.972284644194758, 18.966292134831463, 18.971535580524346, 18.960299625468167, 18.96928838951311, 18.967790262172286, 18.967790262172286, 18.96479400749064, 17.96928838951311, 17.963295880149815, 17.9685393258427, 16.967041198501875, 16.964044943820227, 16.957303370786516, 16.96554307116105, 16.9625468164794, 16.96928838951311, 15.967790262172286, 15.96179775280899, 15.958052434456928, 15.965543071161049, 15.953558052434458, 15.96179775280899, 15.95805243445693, 15.96179775280899, 15.968539325842698, 15.967790262172286, 15.961048689138579, 15.96928838951311, 15.96928838951311, 15.970037453183522, 15.97303370786517, 15.96629213483146, 15.97303370786517, 15.96928838951311, 15.967041198501875, 15.967041198501873, 15.967790262172286, 15.970786516853934, 15.970037453183522, 15.956554307116104, 15.95880149812734, 15.965543071161047, 15.962546816479403, 15.964794007490639, 15.9625468164794, 15.96554307116105, 15.968539325842698, 15.963295880149811, 15.9625468164794, 15.957303370786516, 15.959550561797753, 15.957303370786516, 15.95880149812734, 15.961797752808987, 15.961797752808987, 15.961048689138575, 15.966292134831463, 15.964794007490635, 15.960299625468163, 15.956554307116104, 15.955805243445692, 15.95580524344569, 15.961048689138575, 15.953558052434456, 15.955805243445692, 15.954307116104868, 15.960299625468165, 15.962546816479401, 15.955805243445695, 15.952808988764044, 15.953558052434456, 15.945318352059925, 15.954307116104868, 15.958052434456928, 15.961048689138579, 15.953558052434458, 15.960299625468165, 15.95805243445693, 15.961048689138575, 15.95131086142322, 15.957303370786518, 15.955056179775282, 15.946816479400749, 15.95805243445693, 15.950561797752808, 15.956554307116104, 15.950561797752808, 15.952808988764044, 15.956554307116104, 15.958052434456928, 15.950561797752808, 15.95131086142322, 15.952808988764044, 15.949063670411984, 15.952059925093632, 15.953558052434456, 15.949812734082398, 15.946816479400749, 15.946816479400749, 15.945318352059925, 15.958052434456928, 15.949063670411984, 15.955056179775283, 15.950561797752806, 15.952059925093632, 15.948314606741572, 15.94831460674157, 15.946067415730335, 15.946816479400747, 15.951310861423218, 15.94007490636704, 15.945318352059925, 15.945318352059923, 15.941573033707863, 15.938576779026215, 15.950561797752808, 15.950561797752808, 15.948314606741572, 15.945318352059925, 15.941573033707865, 15.949063670411983, 15.941573033707863, 15.946067415730337, 15.946067415730337, 15.939325842696627, 15.946067415730337, 15.938576779026217, 15.939325842696627, 15.935580524344568, 15.940823970037451, 15.940823970037453, 15.937078651685392, 15.93258426966292, 15.934082397003744, 15.935580524344568, 15.934082397003744, 15.934082397003744, 15.938576779026215, 15.940074906367041, 15.941573033707863, 15.940074906367041, 15.93258426966292, 15.935580524344568, 15.929588014981272, 15.933333333333332, 15.929588014981272, 15.92883895131086, 15.929588014981272, 15.928089887640448, 15.915355805243445, 15.919101123595505, 15.924344569288388, 15.92134831460674, 15.92134831460674, 15.919101123595505, 15.919850187265917, 15.922097378277153, 15.92134831460674, 15.9250936329588, 15.916853932584269, 15.92134831460674, 15.92134831460674, 15.926591760299626, 15.920599250936329, 15.915355805243445, 15.916853932584269, 15.913857677902621, 15.912359550561797, 15.910112359550562, 15.907865168539326, 15.913857677902621, 15.9250936329588, 15.92883895131086, 15.918352059925093, 15.92134831460674, 15.922846441947565, 15.927340823970036, 15.931835205992508, 15.931835205992508, 15.934082397003744, 15.92134831460674, 15.928089887640448, 15.922846441947565, 15.919850187265917, 15.92134831460674, 15.928089887640448, 15.92883895131086, 15.92883895131086, 15.931835205992508, 15.931086142322096, 15.929588014981272, 15.920599250936329, 15.93258426966292, 15.9250936329588, 15.924344569288388, 15.928089887640448, 15.92883895131086, 15.927340823970036, 15.92134831460674, 15.926591760299624, 15.92134831460674, 15.926591760299624, 15.918352059925093, 15.922846441947565, 15.920599250936329, 15.925842696629214, 15.915355805243445, 15.912359550561797, 15.912359550561796, 15.916104868913857, 15.915355805243445, 15.919101123595505, 15.923595505617977, 15.926591760299624, 15.924344569288388, 15.922846441947565, 15.920599250936329, 15.91310861423221, 15.917602996254681, 15.916853932584269, 15.91310861423221, 15.910861423220974, 15.910861423220974, 15.910861423220974, 15.90187265917603, 15.897378277153559, 15.900374531835206, 15.904868913857678, 15.910112359550562, 15.90936329588015, 15.910112359550562, 15.907116104868914, 15.90936329588015, 15.904119850187266, 15.903370786516854, 15.898876404494382, 15.89812734082397, 15.89812734082397, 15.892134831460675, 15.89812734082397, 15.904119850187266, 15.900374531835206, 15.910861423220974, 15.905617977528088, 15.911610486891385, 15.91310861423221, 15.916853932584269, 15.922097378277153, 15.912359550561797, 15.915355805243445, 15.918352059925093, 15.916104868913857, 15.908614232209738, 15.911610486891385, 15.917602996254681, 15.904868913857678, 15.911610486891385, 15.900374531835206, 15.910112359550562, 15.910112359550562, 14.916104868913857, 14.913857677902621, 14.90561797752809, 14.910861423220974, 14.898876404494382, 14.90561797752809, 14.90187265917603, 14.896629213483147, 14.895880149812735, 14.899625468164794, 14.900374531835206, 14.89812734082397, 14.898876404494382, 14.895131086142323, 14.883146067415732, 14.883895131086142, 14.888389513108613, 14.881647940074906, 14.88614232209738, 14.872659176029963, 14.878651685393258, 14.876404494382022, 14.864419475655431, 14.870411985018729, 14.873408239700375, 14.869662921348315, 14.874906367041199, 14.877153558052434, 14.880898876404494, 14.878651685393258, 14.87191011235955, 14.866666666666667, 14.873408239700375, 14.862921348314607, 14.868913857677903, 14.869662921348315, 14.876404494382022, 14.872659176029963, 14.868913857677903, 14.874906367041199, 14.872659176029963, 14.869662921348315, 14.862172284644195, 14.87940074906367, 14.865917602996255, 14.859176029962548, 14.87191011235955, 14.865917602996255, 14.865168539325843, 14.876404494382022, 14.870411985018727, 14.873408239700375, 14.873408239700375, 14.880149812734082, 14.880898876404494, 14.88689138576779, 14.880149812734082, 14.868913857677903, 14.873408239700375, 14.880149812734082, 14.880149812734084, 14.877902621722846, 14.869662921348315, 14.877153558052434, 14.862172284644195, 14.865917602996255, 14.870411985018727, 14.862921348314607, 14.867415730337079, 14.856928838951312, 14.858426966292136, 14.854681647940076, 14.867415730337079, 14.851685393258428, 14.855430711610488, 14.854681647940076, 14.850187265917604, 14.84868913857678, 14.843445692883897, 14.838202247191012, 14.841947565543073, 14.838202247191012, 14.854681647940076, 14.843445692883897, 14.847940074906369, 14.841947565543073, 14.847191011235957, 14.84868913857678, 14.850187265917604, 14.826217228464419, 14.832209737827716, 14.829962546816482, 14.831460674157306, 14.834456928838952, 14.820973782771535, 14.820224719101123, 14.82247191011236, 14.817977528089887, 14.822471910112359, 14.817977528089887, 14.821722846441949, 14.826966292134834, 14.82921348314607, 14.825468164794009, 14.82696629213483, 14.830711610486894, 14.826966292134834, 14.826966292134834, 14.823220973782771, 14.826217228464422, 14.83295880149813, 14.829213483146068, 14.817228464419475, 14.823220973782774, 14.815730337078652, 14.817228464419479, 14.819475655430711, 14.820973782771533, 14.814981273408238, 14.803745318352059, 14.803745318352059, 14.802996254681645, 14.80749063670412, 14.813483146067416, 14.817228464419475, 14.811985018726592, 14.806741573033706, 14.811985018726592, 14.794756554307117, 14.803745318352059, 14.804494382022472, 14.8, 14.794756554307117, 14.791760299625466, 14.788014981273406, 14.788764044943818, 14.793258426966293, 14.806741573033708, 14.791011235955054, 14.795505617977526, 14.785018726591758, 14.791760299625466, 14.779775280898875, 14.790262172284645, 14.78202247191011, 14.792509363295878, 14.787265917602994, 14.777528089887639, 14.788014981273406, 14.786516853932586, 14.783520599250934, 14.780524344569287, 14.772284644194755, 14.777528089887639]",0.9236783659046062,0.9319730520024218,15,"[33, 33, 33, 33, 33, 33, 33, 33, 33, 33, 33, 33, 33, 33, 33, 33, 33, 33, 33, 33, 33, 33, 33, 33, 33, 32, 32, 31, 28, 27, 23, 22, 21, 20, 20, 20, 20, 20, 20, 20, 19, 19, 19, 19, 19, 19, 19, 19, 18, 18, 18, 17, 17, 17, 17, 17, 17, 16, 16, 16, 16, 16, 16, 16, 16, 16, 16, 16, 16, 16, 16, 16, 16, 16, 16, 16, 16, 16, 16, 16, 16, 16, 16, 16, 16, 16, 16, 16, 16, 16, 16, 16, 16, 16, 16, 16, 16, 16, 16, 16, 16, 16, 16, 16, 16, 16, 16, 16, 16, 16, 16, 16, 16, 16, 16, 16, 16, 16, 16, 16, 16, 16, 16, 16, 16, 16, 16, 16, 16, 16, 16, 16, 16, 16, 16, 16, 16, 16, 16, 16, 16, 16, 16, 16, 16, 16, 16, 16, 16, 16, 16, 16, 16, 16, 16, 16, 16, 16, 16, 16, 16, 16, 16, 16, 16, 16, 16, 16, 16, 16, 16, 16, 16, 16, 16, 16, 16, 16, 16, 16, 16, 16, 16, 16, 16, 16, 16, 16, 16, 16, 16, 16, 16, 16, 16, 16, 16, 16, 16, 16, 16, 16, 16, 16, 16, 16, 16, 16, 16, 16, 16, 16, 16, 16, 16, 16, 16, 16, 16, 16, 16, 16, 16, 16, 16, 16, 16, 16, 16, 16, 16, 16, 16, 16, 16, 16, 16, 16, 16, 16, 16, 16, 16, 16, 16, 16, 16, 16, 16, 16, 16, 16, 16, 16, 16, 16, 16, 16, 16, 16, 16, 16, 16, 16, 16, 16, 16, 16, 16, 16, 16, 16, 16, 16, 16, 16, 16, 16, 16, 16, 16, 16, 16, 16, 16, 16, 16, 16, 16, 16, 16, 16, 16, 16, 16, 16, 16, 16, 16, 16, 16, 15, 15, 15, 15, 15, 15, 15, 15, 15, 15, 15, 15, 15, 15, 15, 15, 15, 15, 15, 15, 15, 15, 15, 15, 15, 15, 15, 15, 15, 15, 15, 15, 15, 15, 15, 15, 15, 15, 15, 15, 15, 15, 15, 15, 15, 15, 15, 15, 15, 15, 15, 15, 15, 15, 15, 15, 15, 15, 15, 15, 15, 15, 15, 15, 15, 15, 15, 15, 15, 15, 15, 15, 15, 15, 15, 15, 15, 15, 15, 15, 15, 15, 15, 15, 15, 15, 15, 15, 15, 15, 15, 15, 15, 15, 15, 15, 15, 15, 15, 15, 15, 15, 15, 15, 15, 15, 15, 15, 15, 15, 15, 15, 15, 15, 15, 15, 15, 15, 15, 15, 15, 15, 15, 15, 15, 15, 15, 15, 15, 15, 15, 15, 15, 15, 15, 15, 15, 15, 15, 15, 15, 15, 15, 15, 15, 15, 15, 15, 15, 15, 15, 15, 15, 15]",455,"[0.4038412570953369, 0.39425280690193176, 0.39127594232559204, 0.3846386671066284, 0.3859410583972931, 0.3775850534439087, 0.3737426996231079, 0.37114495038986206, 0.36758339405059814, 0.36380207538604736, 0.3622066378593445, 0.3585057854652405, 0.3580428659915924, 0.3544262945652008, 0.35067710280418396, 0.3486337959766388, 0.34615832567214966, 0.34292975068092346, 0.3428868055343628, 0.3384809195995331, 0.3396366834640503, 0.3328661620616913, 0.3297172486782074, 0.32857081294059753, 0.324548602104187, 0.32289573550224304, 0.3172576427459717, 0.31860846281051636, 0.31196534633636475, 0.30562981963157654, 0.3016328513622284, 0.30215680599212646, 0.2918493151664734, 0.29200345277786255, 0.28528136014938354, 0.2822432816028595, 0.2798725366592407, 0.2768647074699402, 0.2755400538444519, 0.2735835015773773, 0.2727382481098175, 0.271391898393631, 0.2692742943763733, 0.26748231053352356, 0.26693475246429443, 0.26627907156944275, 0.26730984449386597, 0.2637297511100769, 0.26066529750823975, 0.25927266478538513, 0.2599179744720459, 0.25615930557250977, 0.2576817274093628, 0.2564034163951874, 0.25461772084236145, 0.253781259059906, 0.2525228261947632, 0.25223004817962646, 0.25079256296157837, 0.2526681423187256, 0.25099772214889526, 0.2494005262851715, 0.24670186638832092, 0.247998908162117, 0.24545705318450928, 0.244495689868927, 0.24461357295513153, 0.2441972941160202, 0.24128027260303497, 0.24164903163909912, 0.2441079318523407, 0.2392655611038208, 0.238378643989563, 0.23911124467849731, 0.23705464601516724, 0.24050427973270416, 0.23671871423721313, 0.2348760962486267, 0.23454409837722778, 0.2360449582338333, 0.2341831922531128, 0.2346011996269226, 0.23207996785640717, 0.22990472614765167, 0.23008392751216888, 0.22973372042179108, 0.23027338087558746, 0.2295464277267456, 0.22798223793506622, 0.22682994604110718, 0.23842668533325195, 0.22659525275230408, 0.22756029665470123, 0.22886575758457184, 0.22653138637542725, 0.22452852129936218, 0.2249114215373993, 0.22432748973369598, 0.2228413224220276, 0.22389093041419983, 0.22205312550067902, 0.2221795618534088, 0.2230338156223297, 0.22235089540481567, 0.22047337889671326, 0.22246165573596954, 0.22372356057167053, 0.220518097281456, 0.22111254930496216, 0.22356551885604858, 0.2193259447813034, 0.22039371728897095, 0.2184402346611023, 0.22183725237846375, 0.21953001618385315, 0.21804127097129822, 0.21664077043533325, 0.2173399031162262, 0.21718943119049072, 0.21716363728046417, 0.21740363538265228, 0.21597792208194733, 0.2143453061580658, 0.2150738537311554, 0.21799495816230774, 0.21346358954906464, 0.21270395815372467, 0.21308988332748413, 0.2129991501569748, 0.2150769680738449, 0.21397672593593597, 0.21208113431930542, 0.21296963095664978, 0.21195797622203827, 0.21351343393325806, 0.2153894305229187, 0.21357953548431396, 0.21215574443340302, 0.21265678107738495, 0.21152161061763763, 0.2098238170146942, 0.21274350583553314, 0.2142246961593628, 0.21158435940742493, 0.20944052934646606, 0.21508893370628357, 0.20831821858882904, 0.21073898673057556, 0.20867469906806946, 0.21013608574867249, 0.21252000331878662, 0.20878654718399048, 0.2087724357843399, 0.20773480832576752, 0.20762066543102264, 0.21054324507713318, 0.20903818309307098, 0.20717664062976837, 0.20827287435531616, 0.20753991603851318, 0.20925253629684448, 0.20472252368927002, 0.20803485810756683, 0.20518368482589722, 0.20513665676116943, 0.20691607892513275, 0.20439006388187408, 0.21233409643173218, 0.20912574231624603, 0.2058425098657608, 0.2082628309726715, 0.2057005912065506, 0.20333434641361237, 0.20365461707115173, 0.20556750893592834, 0.20309187471866608, 0.2033025175333023, 0.20543460547924042, 0.20382064580917358, 0.20335297286510468, 0.2070033848285675, 0.2060461789369583, 0.20402801036834717, 0.2063269168138504, 0.20268182456493378, 0.20273683965206146, 0.20154879987239838, 0.20475107431411743, 0.2022029310464859, 0.20253971219062805, 0.20135241746902466, 0.20271173119544983, 0.20135797560214996, 0.20134328305721283, 0.20277725160121918, 0.2017686516046524, 0.1995415836572647, 0.20316968858242035, 0.20020027458667755, 0.201914981007576, 0.19990472495555878, 0.19867944717407227, 0.19996760785579681, 0.19964858889579773, 0.2004327028989792, 0.2029557079076767, 0.19956541061401367, 0.19974344968795776, 0.20102427899837494, 0.19898749887943268, 0.1980978399515152, 0.1994123011827469, 0.19678443670272827, 0.20076829195022583, 0.2009870558977127, 0.19832909107208252, 0.1976294368505478, 0.19933055341243744, 0.19846828281879425, 0.20221926271915436, 0.19811713695526123, 0.19731301069259644, 0.1990256905555725, 0.198460653424263, 0.19719144701957703, 0.19753915071487427, 0.19881659746170044, 0.19748753309249878, 0.19707801938056946, 0.19541051983833313, 0.2068300098180771, 0.19677166640758514, 0.19555586576461792, 0.19507147371768951, 0.19445161521434784, 0.1956622451543808, 0.19629135727882385, 0.19457179307937622, 0.19699513912200928, 0.19876617193222046, 0.19340179860591888, 0.19534656405448914, 0.19364453852176666, 0.1977059692144394, 0.19633100926876068, 0.19472427666187286, 0.19138559699058533, 0.19259287416934967, 0.1962483525276184, 0.19206403195858002, 0.1924302875995636, 0.19397102296352386, 0.19210538268089294, 0.1958543211221695, 0.19227872788906097, 0.19192887842655182, 0.19855153560638428, 0.19578492641448975, 0.19205868244171143, 0.19357046484947205, 0.1935020089149475, 0.1944248527288437, 0.19231551885604858, 0.1910180300474167, 0.19573871791362762, 0.19260002672672272, 0.19360527396202087, 0.1967807412147522, 0.1922512948513031, 0.19377121329307556, 0.19206862151622772, 0.19924907386302948, 0.19144517183303833, 0.19160354137420654, 0.19119128584861755, 0.19105739891529083, 0.195240318775177, 0.19100899994373322, 0.1907978504896164, 0.1930692493915558, 0.19254301488399506, 0.19207170605659485, 0.19164270162582397, 0.1912432461977005, 0.18866963684558868, 0.19038301706314087, 0.19633281230926514, 0.19156703352928162, 0.19208258390426636, 0.19551882147789001, 0.19233988225460052, 0.19111131131649017, 0.1893945336341858, 0.19060824811458588, 0.19294586777687073, 0.19831623136997223, 0.19143085181713104, 0.1902884989976883, 0.19246496260166168, 0.1986149549484253, 0.1970140039920807, 0.19515836238861084, 0.19268861413002014, 0.1926402598619461, 0.19318458437919617, 0.19309963285923004, 0.19295412302017212, 0.1931079924106598, 0.1942036747932434, 0.19702449440956116, 0.19417503476142883, 0.19319039583206177, 0.19207745790481567, 0.19082246720790863, 0.1939525157213211, 0.19075071811676025, 0.19069676101207733, 0.19131523370742798, 0.18990951776504517, 0.1927306354045868, 0.19229863584041595, 0.1897321194410324, 0.2012685388326645, 0.1881769746541977, 0.18982085585594177, 0.1899673342704773, 0.19670173525810242, 0.18901656568050385, 0.19225424528121948, 0.19303637742996216, 0.18882626295089722, 0.18849660456180573, 0.18815964460372925, 0.18833890557289124, 0.18943187594413757, 0.1890883445739746, 0.19163136184215546, 0.19082267582416534, 0.19612327218055725, 0.1892070323228836, 0.1876463145017624, 0.18777920305728912, 0.191383957862854, 0.18786674737930298, 0.19070439040660858, 0.18934161961078644, 0.18734951317310333, 0.18872642517089844, 0.18786615133285522, 0.1897650957107544, 0.1912005990743637, 0.19251936674118042, 0.18835240602493286, 0.19049625098705292, 0.187996044754982, 0.19075779616832733, 0.19053791463375092, 0.19043835997581482, 0.1865200400352478, 0.18766701221466064, 0.19052334129810333, 0.1901465356349945, 0.18963055312633514, 0.18732236325740814, 0.19030407071113586, 0.1867009401321411, 0.18728084862232208, 0.18773888051509857, 0.1848650574684143, 0.18578073382377625, 0.18428727984428406, 0.186561718583107, 0.18588048219680786, 0.186539426445961, 0.1862395703792572, 0.19390340149402618, 0.18993473052978516, 0.19278252124786377, 0.18810713291168213, 0.18794965744018555, 0.18407224118709564, 0.19085922837257385, 0.18575504422187805, 0.1908223181962967, 0.1854427307844162, 0.19069181382656097, 0.18830503523349762, 0.184885174036026, 0.1836681365966797, 0.18353410065174103, 0.1893746703863144, 0.18568705022335052, 0.1842452436685562, 0.1881454437971115, 0.18564800918102264, 0.18987144529819489, 0.1841326355934143, 0.18462471663951874, 0.1892368495464325, 0.18552419543266296, 0.18779034912586212, 0.1847744733095169, 0.1869848221540451, 0.18381130695343018, 0.18791384994983673, 0.18579259514808655, 0.1869356781244278, 0.1848229616880417, 0.18639406561851501, 0.18603114783763885, 0.18951815366744995, 0.