,number,value,datetime_start,datetime_complete,duration,params_batch_size_scaler,params_constant_learning_rate,params_depth,params_epochs,params_kernel_l2,params_num_trees,params_temperature,user_attrs_accuracy_test,user_attrs_accuracy_valid,user_attrs_approximate_feature_sparsity,user_attrs_approximate_feature_sparsity_history,user_attrs_approximate_weight_sparsity,user_attrs_approximate_weight_sparsity_history,user_attrs_auc_test,user_attrs_auc_valid,user_attrs_feature_sparsity,user_attrs_feature_sparsity_history,user_attrs_num_epochs,user_attrs_val_loss_history,user_attrs_weight_sparsity,user_attrs_weight_sparsity_history,state
39,39,0.9034019914724788,2024-08-31 02:09:30.954042,2024-08-31 02:11:48.562058,0 days 00:02:17.608016,1,0.12328254848192301,2,270,0.004255525571551712,50,0.003040806091698093,0.917,0.92,33,"[33, 33, 33, 33, 33, 33, 33, 33, 33, 33, 33, 33, 33, 33, 33, 33, 33, 33, 33, 33, 33, 33, 33, 33, 33, 33, 33, 33, 33, 33, 33, 33, 33, 33, 33, 33, 33, 33, 33, 33, 33, 33, 33, 33, 33, 33, 33, 33, 33, 33, 33, 33, 33, 33, 33, 33, 33, 33, 33, 33, 33, 33, 33, 33, 33, 33, 33, 33, 33, 33, 33, 33, 33, 33, 33, 33, 33, 33, 33, 33, 33, 33, 33, 33, 33, 33, 33, 33, 33, 33, 33, 33, 33, 33, 33, 33, 33, 33, 33, 33, 33, 33, 33, 33, 33, 33, 33, 33, 33, 33, 33, 33, 33, 33, 33, 33, 33, 33, 33, 33, 33, 33, 33, 33, 33, 33, 33, 33, 33, 33, 33, 33, 33, 33, 33, 33, 33, 33, 33, 33, 33, 33, 33, 33, 33, 33, 33, 33, 33, 33, 33, 33, 33, 33, 33, 33, 33, 33, 33, 33, 33, 33, 33, 33, 33, 33, 33, 33, 33, 33, 33, 33, 33, 33, 33, 33, 33, 33, 33, 33, 33, 33, 33, 33, 33, 33, 33, 33, 33, 33, 33, 33, 33, 33, 33, 33, 33, 33, 33, 33, 33, 33, 33, 33, 33, 33, 33, 33, 33, 33, 33, 33, 33, 33, 33, 33, 33, 33, 33, 33, 33, 33, 33, 33, 33, 33, 33, 33, 33, 33, 33, 33, 33, 33, 33, 33, 33, 33, 33, 33, 33, 33, 33, 33, 33, 33, 33, 33, 33, 33, 33, 33, 33, 33, 33, 33, 33, 33, 33, 33, 33, 33, 33, 33, 33, 33, 33, 33, 33, 33]",32.980000000000004,"[32.99333333333333, 32.99333333333333, 32.986666666666665, 32.99333333333333, 32.99333333333333, 33.0, 32.986666666666665, 32.986666666666665, 32.986666666666665, 32.99333333333333, 32.986666666666665, 32.99333333333333, 32.986666666666665, 32.97333333333333, 33.0, 32.98, 33.0, 32.98, 32.99333333333333, 32.986666666666665, 32.99333333333333, 32.99333333333333, 33.0, 32.99333333333333, 32.986666666666665, 32.986666666666665, 32.986666666666665, 32.986666666666665, 32.986666666666665, 32.97333333333333, 32.98, 32.98, 32.98, 33.0, 33.0, 32.986666666666665, 32.986666666666665, 32.986666666666665, 32.98, 32.986666666666665, 33.0, 32.99333333333333, 32.986666666666665, 32.986666666666665, 32.986666666666665, 32.97333333333333, 32.986666666666665, 32.99333333333333, 32.986666666666665, 32.99333333333333, 32.97333333333333, 32.980000000000004, 32.97333333333333, 32.99333333333333, 32.99333333333333, 32.99333333333333, 32.99333333333333, 32.99333333333333, 32.99333333333333, 32.98, 32.986666666666665, 32.99333333333333, 32.99333333333333, 32.980000000000004, 32.986666666666665, 32.99333333333333, 32.96, 32.986666666666665, 32.99333333333333, 32.986666666666665, 32.99333333333333, 32.980000000000004, 33.0, 32.99333333333333, 32.986666666666665, 32.986666666666665, 33.0, 33.0, 32.986666666666665, 32.99333333333333, 32.986666666666665, 32.980000000000004, 32.97333333333333, 32.97333333333333, 32.99333333333333, 32.97333333333333, 32.98, 32.96666666666667, 32.99333333333333, 32.99333333333333, 32.97333333333333, 32.986666666666665, 32.986666666666665, 32.97333333333333, 32.98, 32.98, 32.97333333333333, 33.0, 32.986666666666665, 32.98, 32.986666666666665, 32.99333333333333, 32.99333333333333, 32.986666666666665, 32.986666666666665, 32.97333333333333, 32.98, 32.986666666666665, 32.97333333333333, 32.99333333333333, 32.986666666666665, 32.986666666666665, 32.97333333333333, 32.99333333333333, 32.986666666666665, 32.986666666666665, 32.98, 32.99333333333333, 32.99333333333333, 32.98, 32.99333333333333, 32.986666666666665, 32.98, 32.99333333333333, 32.99333333333333, 32.97333333333333, 32.99333333333333, 32.99333333333333, 32.98, 32.986666666666665, 32.986666666666665, 32.97333333333333, 32.99333333333333, 32.98, 32.980000000000004, 32.986666666666665, 32.980000000000004, 32.95333333333333, 32.97333333333333, 32.980000000000004, 32.96666666666667, 32.980000000000004, 32.99333333333333, 32.980000000000004, 32.97333333333333, 32.96666666666667, 32.98, 32.97333333333333, 32.99333333333333, 32.99333333333333, 32.96, 33.0, 32.986666666666665, 32.99333333333333, 32.98, 32.986666666666665, 32.99333333333333, 32.97333333333333, 32.986666666666665, 32.986666666666665, 32.98, 33.0, 32.98, 32.986666666666665, 32.99333333333333, 33.0, 33.0, 32.96666666666667, 32.986666666666665, 32.980000000000004, 32.986666666666665, 32.98, 32.98, 32.986666666666665, 32.986666666666665, 32.97333333333333, 32.97333333333333, 32.96666666666667, 32.99333333333333, 32.99333333333333, 32.97333333333333, 32.98, 32.986666666666665, 32.98, 32.98, 32.99333333333333, 32.95333333333333, 32.97333333333333, 32.99333333333333, 32.98, 32.99333333333333, 32.99333333333333, 32.99333333333333, 32.986666666666665, 32.986666666666665, 32.99333333333333, 32.986666666666665, 32.98, 33.0, 32.986666666666665, 32.99333333333333, 33.0, 33.0, 32.98, 33.0, 32.99333333333333, 32.97333333333333, 32.99333333333333, 32.99333333333333, 32.986666666666665, 32.99333333333333, 32.986666666666665, 32.98, 32.99333333333333, 32.98, 33.0, 32.99333333333333, 33.0, 32.97333333333333, 32.96666666666667, 32.96666666666667, 32.97333333333333, 32.99333333333333, 32.986666666666665, 32.986666666666665, 32.986666666666665, 32.99333333333333, 32.96666666666667, 32.96666666666667, 32.96, 32.986666666666665, 32.99333333333333, 32.986666666666665, 32.986666666666665, 32.99333333333333, 32.99333333333333, 32.986666666666665, 32.97333333333333, 32.97333333333333, 32.986666666666665, 32.98, 32.96666666666667, 32.99333333333333, 32.99333333333333, 32.99333333333333, 32.99333333333333, 32.96666666666667, 32.986666666666665, 32.99333333333333, 33.0, 32.98, 32.986666666666665, 32.986666666666665, 32.99333333333333, 32.986666666666665, 32.99333333333333, 32.99333333333333, 32.99333333333333, 32.99333333333333, 32.99333333333333, 32.986666666666665, 32.99333333333333, 32.986666666666665, 32.986666666666665, 32.99333333333333, 32.986666666666665, 32.986666666666665, 32.98, 33.0, 32.980000000000004]",0.895507723808816,0.9034019914724788,33,"[33, 33, 33, 33, 33, 33, 33, 33, 33, 33, 33, 33, 33, 33, 33, 33, 33, 33, 33, 33, 33, 33, 33, 33, 33, 33, 33, 33, 33, 33, 33, 33, 33, 33, 33, 33, 33, 33, 33, 33, 33, 33, 33, 33, 33, 33, 33, 33, 33, 33, 33, 33, 33, 33, 33, 33, 33, 33, 33, 33, 33, 33, 33, 33, 33, 33, 33, 33, 33, 33, 33, 33, 33, 33, 33, 33, 33, 33, 33, 33, 33, 33, 33, 33, 33, 33, 33, 33, 33, 33, 33, 33, 33, 33, 33, 33, 33, 33, 33, 33, 33, 33, 33, 33, 33, 33, 33, 33, 33, 33, 33, 33, 33, 33, 33, 33, 33, 33, 33, 33, 33, 33, 33, 33, 33, 33, 33, 33, 33, 33, 33, 33, 33, 33, 33, 33, 33, 33, 33, 33, 33, 33, 33, 33, 33, 33, 33, 33, 33, 33, 33, 33, 33, 33, 33, 33, 33, 33, 33, 33, 33, 33, 33, 33, 33, 33, 33, 33, 33, 33, 33, 33, 33, 33, 33, 33, 33, 33, 33, 33, 33, 33, 33, 33, 33, 33, 33, 33, 33, 33, 33, 33, 33, 33, 33, 33, 33, 33, 33, 33, 33, 33, 33, 33, 33, 33, 33, 33, 33, 33, 33, 33, 33, 33, 33, 33, 33, 33, 33, 33, 33, 33, 33, 33, 33, 33, 33, 33, 33, 33, 33, 33, 33, 33, 33, 33, 33, 33, 33, 33, 33, 33, 33, 33, 33, 33, 33, 33, 33, 33, 33, 33, 33, 33, 33, 33, 33, 33, 33, 33, 33, 33, 33, 33, 33, 33, 33, 33, 33, 33]",270,"[0.3654215633869171, 0.3466457426548004, 0.3591887950897217, 0.3317290246486664, 0.3043665885925293, 0.2812117338180542, 0.30819475650787354, 0.2783390283584595, 0.24583680927753448, 0.2419581413269043, 0.23661747574806213, 0.23902973532676697, 0.2223699390888214, 0.21216343343257904, 0.21256498992443085, 0.21673168241977692, 0.20625154674053192, 0.20247270166873932, 0.20587387681007385, 0.20161955058574677, 0.19913047552108765, 0.19807426631450653, 0.19742856919765472, 0.20307466387748718, 0.1925923228263855, 0.19202546775341034, 0.19033202528953552, 0.18532133102416992, 0.19136270880699158, 0.18786682188510895, 0.18517930805683136, 0.19812116026878357, 0.18544816970825195, 0.18221209943294525, 0.18407705426216125, 0.18092790246009827, 0.1834758222103119, 0.18681851029396057, 0.17859409749507904, 0.18591491878032684, 0.1818903386592865, 0.19622856378555298, 0.17586511373519897, 0.17496295273303986, 0.18635660409927368, 0.18049535155296326, 0.17649465799331665, 0.183196023106575, 0.18668125569820404, 0.18419116735458374, 0.18339361250400543, 0.1813242882490158, 0.18308429419994354, 0.19058078527450562, 0.18671397864818573, 0.18619264662265778, 0.19332444667816162, 0.18174192309379578, 0.18029767274856567, 0.19129900634288788, 0.1936797946691513, 0.18371014297008514, 0.19142939150333405, 0.19295473396778107, 0.1907309740781784, 0.17907646298408508, 0.188397616147995, 0.18864813446998596, 0.19455383718013763, 0.1880570650100708, 0.19408439099788666, 0.1852630227804184, 0.19549159705638885, 0.19475239515304565, 0.19524766504764557, 0.20201058685779572, 0.20231515169143677, 0.19806590676307678, 0.19037063419818878, 0.22464144229888916, 0.20301921665668488, 0.20379091799259186, 0.20066379010677338, 0.19804030656814575, 0.19984689354896545, 0.2048666775226593, 0.20278991758823395, 0.2341739535331726, 0.20129556953907013, 0.202754408121109, 0.22658298909664154, 0.1973828673362732, 0.20059216022491455, 0.2109949290752411, 0.2115143984556198, 0.21129198372364044, 0.20948170125484467, 0.23813661932945251, 0.19980457425117493, 0.21427802741527557, 0.20430365204811096, 0.214137464761734, 0.2091793566942215, 0.21442987024784088, 0.20902734994888306, 0.23483119904994965, 0.21935570240020752, 0.2334689348936081, 0.21696047484874725, 0.2222425490617752, 0.2279687076807022, 0.22305309772491455, 0.23538900911808014, 0.22921039164066315, 0.24352599680423737, 0.2236212193965912, 0.2263152301311493, 0.23764349520206451, 0.23211544752120972, 0.24373312294483185, 0.23119397461414337, 0.23376069962978363, 0.2483641803264618, 0.23430828750133514, 0.2376687377691269, 0.23521895706653595, 0.24157533049583435, 0.2458335906267166, 0.2631473243236542, 0.2541675865650177, 0.2412225753068924, 0.24364648759365082, 0.25416630506515503, 0.2601090967655182, 0.26549628376960754, 0.25172021985054016, 0.2625772953033447, 0.26523783802986145, 0.25780051946640015, 0.25628671050071716, 0.2621030807495117, 0.26474589109420776, 0.25440284609794617, 0.2671733796596527, 0.26457348465919495, 0.27119970321655273, 0.2727201581001282, 0.28489795327186584, 0.2681269645690918, 0.2709135413169861, 0.27466946840286255, 0.2720585763454437, 0.277290940284729, 0.2811185419559479, 0.2813323140144348, 0.2905769348144531, 0.28136709332466125, 0.28011053800582886, 0.2936094105243683, 0.28806790709495544, 0.30166879296302795, 0.2898397147655487, 0.29386094212532043, 0.2924616038799286, 0.299673855304718, 0.29472866654396057, 0.2911228835582733, 0.29177126288414, 0.3007703125476837, 0.30231431126594543, 0.30075493454933167, 0.3055385649204254, 0.3064223527908325, 0.3068288266658783, 0.3118972182273865, 0.3122454881668091, 0.30553919076919556, 0.30726200342178345, 0.31288793683052063, 0.3188028335571289, 0.3098932206630707, 0.31300267577171326, 0.31451180577278137, 0.3228517770767212, 0.31171849370002747, 0.3216745853424072, 0.33285200595855713, 0.32174330949783325, 0.32505470514297485, 0.31768977642059326, 0.3408907353878021, 0.32911741733551025, 0.3316749632358551, 0.3241221308708191, 0.3221777081489563, 0.330436110496521, 0.32891610264778137, 0.3329342305660248, 0.3420589864253998, 0.33354830741882324, 0.3362480401992798, 0.33097168803215027, 0.33477601408958435, 0.342158704996109, 0.3336428701877594, 0.35217246413230896, 0.34207776188850403, 0.3468894958496094, 0.34558579325675964, 0.33895161747932434, 0.34876832365989685, 0.3413587212562561, 0.34580081701278687, 0.3467400074005127, 0.3465905785560608, 0.3555724024772644, 0.34688183665275574, 0.3500138223171234, 0.351340115070343, 0.35717543959617615, 0.35229209065437317, 0.34910961985588074, 0.36270812153816223, 0.35038620233535767, 0.36333340406417847, 0.35951364040374756, 0.3604588210582733, 0.3595423996448517, 0.3548155725002289, 0.35735180974006653, 0.3597472310066223, 0.35813042521476746, 0.35655680298805237, 0.3656328618526459, 0.3636362850666046, 0.36290454864501953, 0.3650749623775482, 0.3629199266433716, 0.3616936504840851, 0.3671324551105499, 0.36846768856048584, 0.3673749566078186, 0.3679576516151428, 0.3703629672527313, 0.36688709259033203, 0.372974693775177, 0.3689989745616913, 0.3685492277145386, 0.38159218430519104, 0.3734518885612488, 0.37326034903526306, 0.3742341101169586, 0.3763003647327423, 0.37728244066238403, 0.37468117475509644, 0.3744341731071472, 0.37520748376846313, 0.379623144865036, 0.37611493468284607, 0.37977465987205505, 0.384630024433136, 0.38628342747688293, 0.38428595662117004, 0.38260746002197266, 0.3857051730155945, 0.38308820128440857, 0.3807103633880615, 0.38231831789016724, 0.37977084517478943, 0.39608868956565857]",33.0,"[33.0, 33.0, 33.0, 33.0, 33.0, 33.0, 33.0, 33.0, 33.0, 33.0, 33.0, 33.0, 33.0, 33.0, 33.0, 33.0, 33.0, 33.0, 33.0, 33.0, 33.0, 33.0, 33.0, 33.0, 33.0, 33.0, 33.0, 33.0, 33.0, 33.0, 33.0, 33.0, 33.0, 33.0, 33.0, 33.0, 33.0, 33.0, 33.0, 33.0, 33.0, 33.0, 33.0, 33.0, 33.0, 33.0, 33.0, 33.0, 33.0, 33.0, 33.0, 33.0, 33.0, 33.0, 33.0, 33.0, 33.0, 33.0, 33.0, 33.0, 33.0, 33.0, 33.0, 33.0, 33.0, 33.0, 33.0, 33.0, 33.0, 33.0, 33.0, 33.0, 33.0, 33.0, 33.0, 33.0, 33.0, 33.0, 33.0, 33.0, 33.0, 33.0, 33.0, 33.0, 33.0, 33.0, 33.0, 33.0, 33.0, 33.0, 33.0, 33.0, 33.0, 33.0, 33.0, 33.0, 33.0, 33.0, 33.0, 33.0, 33.0, 33.0, 33.0, 33.0, 33.0, 33.0, 33.0, 33.0, 33.0, 33.0, 33.0, 33.0, 33.0, 33.0, 33.0, 33.0, 33.0, 33.0, 33.0, 33.0, 33.0, 33.0, 33.0, 33.0, 33.0, 33.0, 33.0, 33.0, 33.0, 33.0, 33.0, 33.0, 33.0, 33.0, 33.0, 33.0, 33.0, 33.0, 33.0, 33.0, 33.0, 33.0, 33.0, 33.0, 33.0, 33.0, 33.0, 33.0, 33.0, 33.0, 33.0, 33.0, 33.0, 33.0, 33.0, 33.0, 33.0, 33.0, 33.0, 33.0, 33.0, 33.0, 33.0, 33.0, 33.0, 33.0, 33.0, 33.0, 33.0, 33.0, 33.0, 33.0, 33.0, 33.0, 33.0, 33.0, 33.0, 33.0, 33.0, 33.0, 33.0, 33.0, 33.0, 33.0, 33.0, 33.0, 33.0, 33.0, 33.0, 33.0, 33.0, 33.0, 33.0, 33.0, 33.0, 33.0, 33.0, 33.0, 33.0, 33.0, 33.0, 33.0, 33.0, 33.0, 33.0, 33.0, 33.0, 33.0, 33.0, 33.0, 33.0, 33.0, 33.0, 33.0, 33.0, 33.0, 33.0, 33.0, 33.0, 33.0, 33.0, 33.0, 33.0, 33.0, 33.0, 33.0, 33.0, 33.0, 33.0, 33.0, 33.0, 33.0, 33.0, 33.0, 33.0, 33.0, 33.0, 33.0, 33.0, 33.0, 33.0, 33.0, 33.0, 33.0, 33.0, 33.0, 33.0, 33.0, 33.0, 33.0, 33.0, 33.0, 33.0, 33.0, 33.0, 33.0, 33.0, 33.0, 33.0, 33.0, 33.0, 33.0, 33.0, 33.0, 33.0, 33.0, 33.0, 33.0, 33.0, 33.0]",COMPLETE
