,number,value,datetime_start,datetime_complete,duration,params_batch_size_scaler,params_constant_learning_rate,params_depth,params_epochs,params_kernel_l2,params_num_trees,params_temperature,user_attrs_accuracy_test,user_attrs_accuracy_valid,user_attrs_approximate_feature_sparsity,user_attrs_approximate_feature_sparsity_history,user_attrs_approximate_weight_sparsity,user_attrs_approximate_weight_sparsity_history,user_attrs_auc_test,user_attrs_auc_valid,user_attrs_feature_sparsity,user_attrs_feature_sparsity_history,user_attrs_num_epochs,user_attrs_val_loss_history,user_attrs_weight_sparsity,user_attrs_weight_sparsity_history,state
60,60,0.5,2024-08-31 03:10:30.770250,2024-08-31 03:19:18.712397,0 days 00:08:47.942147,16,8.282214231337491,6,360,0.010964408687891931,80,0.06692066794737174,0.859,0.85875,0,"[0, 0, 0, 0, 0, 0, 0, 0, 0, 0, 0, 0, 0, 0, 0, 0, 0, 0, 0, 0, 0, 0, 0, 0, 0, 0, 0, 0, 0, 0, 0, 0, 0, 0, 0, 0, 0, 0, 0, 0, 0, 0, 0, 0, 0, 0, 0, 0, 0, 0, 0, 0, 0, 0, 0, 0, 0, 0, 0, 0, 0, 0, 0, 0, 0, 0, 0, 0, 0, 0, 0, 0, 0, 0, 0, 0, 0, 0, 0, 0, 0, 0, 0, 0, 0, 0, 0, 0, 0, 0, 0, 0, 0, 0, 0, 0, 0, 0, 0, 0, 0, 0, 0, 0, 0, 0, 0, 0, 0, 0, 0, 0, 0, 0, 0, 0, 0, 0, 0, 0, 0, 0, 0, 0, 0, 0, 0, 0, 0, 0, 0, 0, 0, 0, 0, 0, 0, 0, 0, 0, 0, 0, 0, 0, 0, 0, 0, 0, 0, 0, 0, 0, 0, 0, 0, 0, 0, 0, 0, 0, 0, 0, 0, 0, 0, 0, 0, 0, 0, 0, 0, 0, 0, 0, 0, 0, 0, 0, 0, 0, 0, 0, 0, 0, 0, 0, 0, 0, 0, 0, 0, 0, 0, 0, 0, 0, 0, 0, 0, 0, 0, 0, 0, 0, 0, 0, 0, 0, 0, 0, 0, 0, 0, 0, 0, 0, 0, 0, 0, 0, 0, 0, 0, 0, 0, 0, 0, 0, 0, 0, 0, 0, 0, 0, 0, 0, 0, 0, 0, 0, 0, 0, 0, 0, 0, 0, 0, 0, 0, 0, 0, 0, 0, 0, 0, 0, 0, 0, 0, 0, 0, 0, 0, 0, 0, 0, 0, 0, 0, 0, 0, 0, 0, 0, 0, 0, 0, 0, 0, 0, 0, 0, 0, 0, 0, 0, 0, 0, 0, 0, 0, 0, 0, 0, 0, 0, 0, 0, 0, 0, 0, 0, 0, 0, 0, 0, 0, 0, 0, 0, 0, 0, 0, 0, 0, 0, 0, 0, 0, 0, 0, 0, 0, 0, 0, 0, 0, 0, 0, 0, 0, 0, 0, 0, 0, 0, 0, 0, 0, 0, 0, 0, 0, 0, 0, 0, 0, 0, 0, 0, 0, 0, 0, 0, 0, 0, 0, 0, 0, 0]",0.0,"[0.0, 0.0, 0.0, 0.0, 0.0, 0.0, 0.0, 0.0, 0.0, 0.0, 0.0, 0.0, 0.0, 0.0, 0.0, 0.0, 0.0, 0.0, 0.0, 0.0, 0.0, 0.0, 0.0, 0.0, 0.0, 0.0, 0.0, 0.0, 0.0, 0.0, 0.0, 0.0, 0.0, 0.0, 0.0, 0.0, 0.0, 0.0, 0.0, 0.0, 0.0, 0.0, 0.0, 0.0, 0.0, 0.0, 0.0, 0.0, 0.0, 0.0, 0.0, 0.0, 0.0, 0.0, 0.0, 0.0, 0.0, 0.0, 0.0, 0.0, 0.0, 0.0, 0.0, 0.0, 0.0, 0.0, 0.0, 0.0, 0.0, 0.0, 0.0, 0.0, 0.0, 0.0, 0.0, 0.0, 0.0, 0.0, 0.0, 0.0, 0.0, 0.0, 0.0, 0.0, 0.0, 0.0, 0.0, 0.0, 0.0, 0.0, 0.0, 0.0, 0.0, 0.0, 0.0, 0.0, 0.0, 0.0, 0.0, 0.0, 0.0, 0.0, 0.0, 0.0, 0.0, 0.0, 0.0, 0.0, 0.0, 0.0, 0.0, 0.0, 0.0, 0.0, 0.0, 0.0, 0.0, 0.0, 0.0, 0.0, 0.0, 0.0, 0.0, 0.0, 0.0, 0.0, 0.0, 0.0, 0.0, 0.0, 0.0, 0.0, 0.0, 0.0, 0.0, 0.0, 0.0, 0.0, 0.0, 0.0, 0.0, 0.0, 0.0, 0.0, 0.0, 0.0, 0.0, 0.0, 0.0, 0.0, 0.0, 0.0, 0.0, 0.0, 0.0, 0.0, 0.0, 0.0, 0.0, 0.0, 0.0, 0.0, 0.0, 0.0, 0.0, 0.0, 0.0, 0.0, 0.0, 0.0, 0.0, 0.0, 0.0, 0.0, 0.0, 0.0, 0.0, 0.0, 0.0, 0.0, 0.0, 0.0, 0.0, 0.0, 0.0, 0.0, 0.0, 0.0, 0.0, 0.0, 0.0, 0.0, 0.0, 0.0, 0.0, 0.0, 0.0, 0.0, 0.0, 0.0, 0.0, 0.0, 0.0, 0.0, 0.0, 0.0, 0.0, 0.0, 0.0, 0.0, 0.0, 0.0, 0.0, 0.0, 0.0, 0.0, 0.0, 0.0, 0.0, 0.0, 0.0, 0.0, 0.0, 0.0, 0.0, 0.0, 0.0, 0.0, 0.0, 0.0, 0.0, 0.0, 0.0, 0.0, 0.0, 0.0, 0.0, 0.0, 0.0, 0.0, 0.0, 0.0, 0.0, 0.0, 0.0, 0.0, 0.0, 0.0, 0.0, 0.0, 0.0, 0.0, 0.0, 0.0, 0.0, 0.0, 0.0, 0.0, 0.0, 0.0, 0.0, 0.0, 0.0, 0.0, 0.0, 0.0, 0.0, 0.0, 0.0, 0.0, 0.0, 0.0, 0.0, 0.0, 0.0, 0.0, 0.0, 0.0, 0.0, 0.0, 0.0, 0.0, 0.0, 0.0, 0.0, 0.0, 0.0, 0.0, 0.0, 0.0, 0.0, 0.0, 0.0, 0.0, 0.0, 0.0, 0.0, 0.0, 0.0, 0.0, 0.0, 0.0, 0.0, 0.0, 0.0, 0.0, 0.0, 0.0, 0.0, 0.0, 0.0, 0.0, 0.0, 0.0, 0.0, 0.0, 0.0, 0.0, 0.0, 0.0, 0.0, 0.0, 0.0, 0.0, 0.0, 0.0, 0.0, 0.0, 0.0, 0.0, 0.0, 0.0, 0.0, 0.0, 0.0, 0.0, 0.0, 0.0, 0.0, 0.0, 0.0, 0.0, 0.0, 0.0, 0.0, 0.0, 0.0, 0.0, 0.0, 0.0, 0.0, 0.0, 0.0, 0.0, 0.0, 0.0, 0.0, 0.0, 0.0, 0.0]",0.5,0.5,0,"[0, 0, 0, 0, 0, 0, 0, 0, 0, 0, 0, 0, 0, 0, 0, 0, 0, 0, 0, 0, 0, 0, 0, 0, 0, 0, 0, 0, 0, 0, 0, 0, 0, 0, 0, 0, 0, 0, 0, 0, 0, 0, 0, 0, 0, 0, 0, 0, 0, 0, 0, 0, 0, 0, 0, 0, 0, 0, 0, 0, 0, 0, 0, 0, 0, 0, 0, 0, 0, 0, 0, 0, 0, 0, 0, 0, 0, 0, 0, 0, 0, 0, 0, 0, 0, 0, 0, 0, 0, 0, 0, 0, 0, 0, 0, 0, 0, 0, 0, 0, 0, 0, 0, 0, 0, 0, 0, 0, 0, 0, 0, 0, 0, 0, 0, 0, 0, 0, 0, 0, 0, 0, 0, 0, 0, 0, 0, 0, 0, 0, 0, 0, 0, 0, 0, 0, 0, 0, 0, 0, 0, 0, 0, 0, 0, 0, 0, 0, 0, 0, 0, 0, 0, 0, 0, 0, 0, 0, 0, 0, 0, 0, 0, 0, 0, 0, 0, 0, 0, 0, 0, 0, 0, 0, 0, 0, 0, 0, 0, 0, 0, 0, 0, 0, 0, 0, 0, 0, 0, 0, 0, 0, 0, 0, 0, 0, 0, 0, 0, 0, 0, 0, 0, 0, 0, 0, 0, 0, 0, 0, 0, 0, 0, 0, 0, 0, 0, 0, 0, 0, 0, 0, 0, 0, 0, 0, 0, 0, 0, 0, 0, 0, 0, 0, 0, 0, 0, 0, 0, 0, 0, 0, 0, 0, 0, 0, 0, 0, 0, 0, 0, 0, 0, 0, 0, 0, 0, 0, 0, 0, 0, 0, 0, 0, 0, 0, 0, 0, 0, 0, 0, 0, 0, 0, 0, 0, 0, 0, 0, 0, 0, 0, 0, 0, 0, 0, 0, 0, 0, 0, 0, 0, 0, 0, 0, 0, 0, 0, 0, 0, 0, 0, 0, 0, 0, 0, 0, 0, 0, 0, 0, 0, 0, 0, 0, 0, 0, 0, 0, 0, 0, 0, 0, 0, 0, 0, 0, 0, 0, 0, 0, 0, 0, 0, 0, 0, 0, 0, 0, 0, 0, 0, 0, 0, 0, 0, 0, 0, 0, 0, 0, 0, 0, 0, 0, 0, 0, 0, 0, 0]",360,"[0.5782279372215271, 0.407817542552948, 0.676063597202301, 0.4307068884372711, 0.5532984733581543, 0.5178860425949097, 0.7897523641586304, 0.47813093662261963, 0.49626728892326355, 0.6278608441352844, 0.4090900421142578, 0.5687119364738464, 0.7146088480949402, 0.5971103310585022, 0.7513293623924255, 0.4076058566570282, 0.40979617834091187, 0.7770123481750488, 0.45918896794319153, 0.43932679295539856, 0.4114052653312683, 0.6593257188796997, 0.41861286759376526, 0.45211806893348694, 0.41537588834762573, 0.4134219288825989, 0.4072270095348358, 0.5446596741676331, 0.4583868682384491, 0.40726807713508606, 0.41641369462013245, 0.440484881401062, 0.7026289105415344, 0.5159786343574524, 0.47287291288375854, 0.4145788550376892, 0.4843600392341614, 0.4839719831943512, 0.42035213112831116, 0.4477967321872711, 0.42555657029151917, 0.40736281871795654, 0.5519337058067322, 0.6079729795455933, 0.6870074272155762, 0.4697975516319275, 0.4999413788318634, 0.5545972585678101, 0.4082387089729309, 0.473359614610672, 0.4079476296901703, 0.4470585286617279, 0.4119916260242462, 0.42826634645462036, 0.41479671001434326, 0.6719366312026978, 0.42466193437576294, 0.5622473359107971, 0.618705153465271, 0.43103790283203125, 0.4443260431289673, 0.4172040820121765, 0.42586570978164673, 0.6422231793403625, 0.44875144958496094, 0.5944452285766602, 0.41930878162384033, 0.46277710795402527, 0.4092211127281189, 0.5814317464828491, 0.4345419704914093, 0.4191271960735321, 0.40781036019325256, 0.47896629571914673, 0.4244435131549835, 0.4562775790691376, 0.46200934052467346, 0.49981680512428284, 0.6747608184814453, 0.4835619628429413, 0.5135349035263062, 0.4170060455799103, 0.45158499479293823, 0.411408007144928, 0.47017502784729004, 0.4800228774547577, 0.5337376594543457, 0.42225486040115356, 0.4105556011199951, 0.8357266187667847, 0.8797083497047424, 0.40910789370536804, 0.42452162504196167, 0.5779649019241333, 0.4075690507888794, 0.41380447149276733, 0.4073203206062317, 0.41139477491378784, 0.4480745792388916, 0.5228660106658936, 0.49517226219177246, 0.43507111072540283, 0.42481133341789246, 0.4799876809120178, 0.7235110998153687, 0.6364850401878357, 0.7054585218429565, 0.407259076833725, 0.8113888502120972, 0.5280841588973999, 0.502079963684082, 0.44599586725234985, 0.5556653738021851, 0.5243915319442749, 0.44041070342063904, 0.40798377990722656, 0.6108189821243286, 0.4106005132198334, 0.5863056778907776, 0.4112139642238617, 0.426522821187973, 0.47435110807418823, 0.496093213558197, 0.43555697798728943, 0.44932878017425537, 0.521608829498291, 0.5785633325576782, 0.4221631586551666, 0.4261302649974823, 0.6428964734077454, 0.46374350786209106, 0.656425416469574, 0.5303983092308044, 0.46524685621261597, 0.5377252101898193, 0.4376939833164215, 0.4195482134819031, 0.40750449895858765, 0.7798550128936768, 0.461894690990448, 0.432265967130661, 0.5186710953712463, 0.4830021262168884, 0.4166111350059509, 0.41174057126045227, 0.41056621074676514, 0.42690739035606384, 0.4607958495616913, 0.40874195098876953, 0.5314203500747681, 0.6111499667167664, 0.41031086444854736, 0.44826313853263855, 0.4903378188610077, 0.40727123618125916, 0.4170721769332886, 0.41619667410850525, 0.43581971526145935, 0.5226839780807495, 0.5414541363716125, 0.4095415472984314, 0.41215601563453674, 0.4075009226799011, 0.41725802421569824, 0.5839738249778748, 0.4634031355381012, 0.41277140378952026, 0.41827091574668884, 0.4098426401615143, 0.49266135692596436, 0.41581833362579346, 0.4077833294868469, 0.562385082244873, 0.40737292170524597, 0.44718289375305176, 0.4122616648674011, 0.6821324229240417, 0.4935637414455414, 0.4190131723880768, 0.6114541888237, 0.43923380970954895, 0.4075356721878052, 0.40774551033973694, 0.40974125266075134, 0.42623835802078247, 0.4745233952999115, 0.4223528206348419, 0.4320600628852844, 0.5379679203033447, 0.4075852334499359, 0.7440114617347717, 0.4157475531101227, 0.4640659689903259, 0.7198349833488464, 0.46968093514442444, 0.40722912549972534, 0.40954041481018066, 0.4409445822238922, 0.433341383934021, 0.4072484076023102, 0.4142795503139496, 0.4283742904663086, 0.43198132514953613, 0.4961090087890625, 0.4315297603607178, 0.43570178747177124, 0.4190458357334137, 0.4762474000453949, 0.416647344827652, 0.5284433960914612, 0.4947211742401123, 0.4078686237335205, 0.4954572319984436, 0.4309929311275482, 0.800282895565033, 0.4079649746417999, 0.5252716541290283, 0.4072292447090149, 0.6329888701438904, 0.7746848464012146, 0.4074736535549164, 0.409631609916687, 0.6079113483428955, 0.49525871872901917, 0.4074857234954834, 0.41096562147140503, 0.41788047552108765, 0.41663867235183716, 0.40761226415634155, 0.7201265692710876, 0.40726855397224426, 0.4075535535812378, 0.40724968910217285, 0.8444851040840149, 0.4098271131515503, 0.5613158941268921, 0.4286409020423889, 0.41019225120544434, 0.46826815605163574, 0.41462111473083496, 0.6139917969703674, 0.4138619303703308, 0.5235297083854675, 0.4072553217411041, 0.5281438231468201, 0.4687107503414154, 0.4074796438217163, 0.41927269101142883, 0.43181541562080383, 0.6115062236785889, 0.5134998559951782, 0.44630879163742065, 0.40801024436950684, 0.6315441727638245, 0.4076767861843109, 0.4805055856704712, 0.4113923907279968, 0.48333245515823364, 0.45122215151786804, 0.5463187098503113, 0.40778374671936035, 0.41930022835731506, 0.40724968910217285, 0.4251832664012909, 0.49401894211769104, 0.5469621419906616, 0.41383835673332214, 0.4115108549594879, 0.4094766676425934, 0.610720694065094, 0.4100647270679474, 0.48622754216194153, 0.5571630597114563, 0.40826359391212463, 0.521618127822876, 0.4092327356338501, 0.42794349789619446, 0.40722912549972534, 0.41071274876594543, 0.6950042247772217, 0.43081867694854736, 0.4558451175689697, 0.4080911874771118, 0.5004053711891174, 0.43083977699279785, 0.5425332188606262, 0.4900279641151428, 0.45911312103271484, 0.41447198390960693, 0.4072299897670746, 0.40757590532302856, 0.48890507221221924, 0.40772542357444763, 0.48142188787460327, 0.40804600715637207, 0.49792930483818054, 0.762857973575592, 0.446014404296875, 0.49233222007751465, 0.5562970638275146, 0.5983797311782837, 0.40751326084136963, 0.41280806064605713, 0.7259024977684021, 0.48011916875839233, 0.4249032735824585, 0.40810298919677734, 0.4114910364151001, 0.4074399471282959, 0.4605911374092102, 0.4333992004394531, 0.48796555399894714, 0.6243746280670166, 0.44034674763679504, 0.4073103666305542, 0.40747004747390747, 0.471437007188797, 0.7079122066497803, 0.4113292694091797, 0.42116644978523254, 0.5937483906745911, 0.5562607645988464, 0.46601662039756775, 0.4950675070285797, 0.4945065677165985, 0.5074266195297241, 0.43100443482398987, 0.5555063486099243, 0.5818884968757629, 0.43546268343925476, 0.52543044090271, 0.5256244540214539, 0.439362496137619, 0.4160946309566498, 0.4093060791492462, 0.5311629772186279, 0.482979416847229, 0.6286643743515015, 0.7340617179870605, 0.5195784568786621, 0.4676859676837921, 0.5812236070632935, 0.5278105735778809, 0.5349785089492798, 0.52161705493927, 0.8600355386734009, 0.40734368562698364, 0.4486407935619354, 0.6862143874168396, 0.4077106714248657, 1.1930919885635376, 0.5116801261901855, 0.41765323281288147, 0.7574179172515869, 0.4349421262741089, 0.5084477066993713, 0.4115768074989319, 0.6283867359161377, 0.40734484791755676, 0.5198625922203064]",0.0,"[0.0, 0.0, 0.0, 0.0, 0.0, 0.0, 0.0, 0.0, 0.0, 0.0, 0.0, 0.0, 0.0, 0.0, 0.0, 0.0, 0.0, 0.0, 0.0, 0.0, 0.0, 0.0, 0.0, 0.0, 0.0, 0.0, 0.0, 0.0, 0.0, 0.0, 0.0, 0.0, 0.0, 0.0, 0.0, 0.0, 0.0, 0.0, 0.0, 0.0, 0.0, 0.0, 0.0, 0.0, 0.0, 0.0, 0.0, 0.0, 0.0, 0.0, 0.0, 0.0, 0.0, 0.0, 0.0, 0.0, 0.0, 0.0, 0.0, 0.0, 0.0, 0.0, 0.0, 0.0, 0.0, 0.0, 0.0, 0.0, 0.0, 0.0, 0.0, 0.0, 0.0, 0.0, 0.0, 0.0, 0.0, 0.0, 0.0, 0.0, 0.0, 0.0, 0.0, 0.0, 0.0, 0.0, 0.0, 0.0, 0.0, 0.0, 0.0, 0.0, 0.0, 0.0, 0.0, 0.0, 0.0, 0.0, 0.0, 0.0, 0.0, 0.0, 0.0, 0.0, 0.0, 0.0, 0.0, 0.0, 0.0, 0.0, 0.0, 0.0, 0.0, 0.0, 0.0, 0.0, 0.0, 0.0, 0.0, 0.0, 0.0, 0.0, 0.0, 0.0, 0.0, 0.0, 0.0, 0.0, 0.0, 0.0, 0.0, 0.0, 0.0, 0.0, 0.0, 0.0, 0.0, 0.0, 0.0, 0.0, 0.0, 0.0, 0.0, 0.0, 0.0, 0.0, 0.0, 0.0, 0.0, 0.0, 0.0, 0.0, 0.0, 0.0, 0.0, 0.0, 0.0, 0.0, 0.0, 0.0, 0.0, 0.0, 0.0, 0.0, 0.0, 0.0, 0.0, 0.0, 0.0, 0.0, 0.0, 0.0, 0.0, 0.0, 0.0, 0.0, 0.0, 0.0, 0.0, 0.0, 0.0, 0.0, 0.0, 0.0, 0.0, 0.0, 0.0, 0.0, 0.0, 0.0, 0.0, 0.0, 0.0, 0.0, 0.0, 0.0, 0.0, 0.0, 0.0, 0.0, 0.0, 0.0, 0.0, 0.0, 0.0, 0.0, 0.0, 0.0, 0.0, 0.0, 0.0, 0.0, 0.0, 0.0, 0.0, 0.0, 0.0, 0.0, 0.0, 0.0, 0.0, 0.0, 0.0, 0.0, 0.0, 0.0, 0.0, 0.0, 0.0, 0.0, 0.0, 0.0, 0.0, 0.0, 0.0, 0.0, 0.0, 0.0, 0.0, 0.0, 0.0, 0.0, 0.0, 0.0, 0.0, 0.0, 0.0, 0.0, 0.0, 0.0, 0.0, 0.0, 0.0, 0.0, 0.0, 0.0, 0.0, 0.0, 0.0, 0.0, 0.0, 0.0, 0.0, 0.0, 0.0, 0.0, 0.0, 0.0, 0.0, 0.0, 0.0, 0.0, 0.0, 0.0, 0.0, 0.0, 0.0, 0.0, 0.0, 0.0, 0.0, 0.0, 0.0, 0.0, 0.0, 0.0, 0.0, 0.0, 0.0, 0.0, 0.0, 0.0, 0.0, 0.0, 0.0, 0.0, 0.0, 0.0, 0.0, 0.0, 0.0, 0.0, 0.0, 0.0, 0.0, 0.0, 0.0, 0.0, 0.0, 0.0, 0.0, 0.0, 0.0, 0.0, 0.0, 0.0, 0.0, 0.0, 0.0, 0.0, 0.0, 0.0, 0.0, 0.0, 0.0, 0.0, 0.0, 0.0, 0.0, 0.0, 0.0, 0.0, 0.0, 0.0, 0.0, 0.0, 0.0, 0.0, 0.0, 0.0, 0.0, 0.0, 0.0, 0.0, 0.0, 0.0, 0.0, 0.0, 0.0, 0.0, 0.0, 0.0, 0.0, 0.0, 0.0, 0.0, 0.0, 0.0, 0.0, 0.0]",COMPLETE
