,number,value,datetime_start,datetime_complete,duration,params_batch_size_scaler,params_constant_learning_rate,params_depth,params_epochs,params_kernel_l2,params_num_trees,params_temperature,user_attrs_accuracy_test,user_attrs_accuracy_valid,user_attrs_approximate_feature_sparsity,user_attrs_approximate_feature_sparsity_history,user_attrs_approximate_weight_sparsity,user_attrs_approximate_weight_sparsity_history,user_attrs_auc_test,user_attrs_auc_valid,user_attrs_feature_sparsity,user_attrs_feature_sparsity_history,user_attrs_num_epochs,user_attrs_val_loss_history,user_attrs_weight_sparsity,user_attrs_weight_sparsity_history,state
111,111,0.924038077572104,2024-08-31 05:00:14.553355,2024-08-31 05:14:00.115322,0 days 00:13:45.561967,1,0.023587971090621745,6,340,0.1455796832437398,21,0.05805876113659723,0.937,0.94125,33,"[33, 33, 33, 33, 33, 33, 33, 33, 33, 33, 33, 33, 33, 33, 33, 33, 33, 33, 33, 33, 33, 33, 33, 33, 33, 33, 33, 33, 33, 33, 33, 33, 33, 33, 33, 33, 33, 33, 33, 33, 33, 33, 33, 33, 33, 33, 33, 33, 33, 33, 33, 33, 33, 33, 33, 33, 33, 33, 33, 33, 33, 33, 33, 33, 33, 33, 33, 33, 33, 33, 33, 33, 33, 33, 33, 33, 33, 33, 33, 33, 33, 33, 33, 33, 33, 33, 33, 33, 33, 33, 33, 33, 33, 33, 33, 33, 33, 33, 33, 33, 33, 33, 33, 33, 33, 33, 33, 33, 33, 33, 33, 33, 33, 33, 33, 33, 33, 33, 33, 33, 33, 33, 33, 33, 33, 33, 33, 33, 33, 33, 33, 33, 33, 33, 33, 33, 33, 33, 33, 33, 33, 33, 33, 33, 33, 33, 33, 33, 33, 33, 33, 33, 33, 33, 33, 33, 33, 33, 33, 33, 33, 33, 33, 33, 33, 33, 33, 33, 33, 33, 33, 33, 33, 33, 33, 33, 33, 33, 33, 33, 33, 33, 33, 33, 33, 33, 33, 33, 33, 33, 33, 33, 33, 33, 33, 33, 33, 33, 33, 33, 33, 33, 33, 33, 33, 33, 33, 33, 33, 33, 33, 33, 33, 33, 33, 33, 33, 33, 33, 33, 33, 33, 33, 33, 33, 33, 33, 33, 33, 33, 33, 33, 33, 33, 33, 33, 33, 33, 33, 33, 33, 33, 33, 33, 33, 33, 33, 33, 33, 33, 33, 33, 33, 33, 33, 33, 33, 33, 33, 33, 33, 33, 33, 33, 33, 33, 33, 33, 33, 33, 33, 33, 33, 33, 33, 33, 33, 33, 33, 33, 33, 33, 33, 33, 33, 33, 33, 33, 33, 33, 33, 33, 33, 33, 33, 33, 33, 33, 33, 33, 33, 33, 33, 33, 33, 33, 33, 33, 33, 33, 33, 33, 33, 33, 33, 33, 33, 33, 33, 33, 33, 33, 33, 33, 33, 33, 33, 33, 33, 33, 33, 33, 33, 33, 33, 33, 33, 33, 33, 33]",32.9395313681028,"[32.95389266817838, 32.953136810279666, 32.94784580498867, 32.94860166288738, 32.95086923658352, 32.94406651549509, 32.945578231292515, 32.95086923658352, 32.93877551020408, 32.944822373393805, 32.94633408919123, 32.941043083900226, 32.948601662887384, 32.950113378684804, 32.95540438397582, 32.944822373393805, 32.94633408919123, 32.944822373393805, 32.940287226001516, 32.949357520786094, 32.94708994708995, 32.94179894179894, 32.94708994708995, 32.93877551020408, 32.95086923658353, 32.94406651549509, 32.94557823129252, 32.949357520786094, 32.94784580498866, 32.95011337868481, 32.94784580498866, 32.944822373393805, 32.93650793650794, 32.928949357520786, 32.94331065759637, 32.94331065759638, 32.93801965230537, 32.94406651549509, 32.94557823129252, 32.94860166288738, 32.952380952380956, 32.94633408919124, 32.961451247165535, 32.95011337868481, 32.94633408919123, 32.949357520786094, 32.94255479969765, 32.95389266817838, 32.95011337868481, 32.94784580498867, 32.95389266817838, 32.95389266817838, 32.95842781557067, 32.949357520786094, 32.95540438397582, 32.95389266817838, 32.952380952380956, 32.949357520786094, 32.9395313681028, 32.95011337868481, 32.95162509448224, 32.9546485260771, 32.95313681027967, 32.95086923658352, 32.949357520786094, 32.94331065759637, 32.94406651549509, 32.94784580498867, 32.94784580498867, 32.95011337868481, 32.95842781557067, 32.95389266817838, 32.9546485260771, 32.94633408919123, 32.95011337868481, 32.95389266817838, 32.952380952380956, 32.95540438397581, 32.95616024187453, 32.95767195767196, 32.952380952380956, 32.956916099773245, 32.95616024187453, 32.95389266817838, 32.95162509448224, 32.961451247165535, 32.94179894179894, 32.94784580498866, 32.95767195767196, 32.960695389266824, 32.95767195767196, 32.95389266817838, 32.948601662887384, 32.94784580498867, 32.94708994708995, 32.944822373393805, 32.95918367346939, 32.95616024187453, 32.95389266817838, 32.945578231292515, 32.954648526077094, 32.95162509448224, 32.9599395313681, 32.95162509448224, 32.94708994708995, 32.94860166288738, 32.94331065759637, 32.94179894179894, 32.941043083900226, 32.949357520786094, 32.94633408919123, 32.95162509448224, 32.949357520786094, 32.95162509448224, 32.9546485260771, 32.94633408919123, 32.94633408919123, 32.9395313681028, 32.93801965230537, 32.94406651549509, 32.949357520786094, 32.945578231292515, 32.94784580498866, 32.95086923658352, 32.95389266817838, 32.95011337868481, 32.94406651549509, 32.945578231292515, 32.94633408919124, 32.94406651549509, 32.94331065759638, 32.94331065759638, 32.95086923658353, 32.950113378684804, 32.95389266817838, 32.95238095238095, 32.956916099773245, 32.95616024187453, 32.956916099773245, 32.95086923658353, 32.952380952380956, 32.952380952380956, 32.95691609977324, 32.953136810279666, 32.9546485260771, 32.95086923658352, 32.95011337868481, 32.94406651549509, 32.94784580498866, 32.952380952380956, 32.95540438397582, 32.94784580498867, 32.95086923658352, 32.95086923658353, 32.94633408919123, 32.95842781557067, 32.95616024187453, 32.950113378684804, 32.95086923658352, 32.953136810279666, 32.94784580498867, 32.94860166288738, 32.9546485260771, 32.95616024187453, 32.953136810279666, 32.94708994708995, 32.940287226001516, 32.93575207860923, 32.9395313681028, 32.937263794406654, 32.93197278911565, 32.93424036281179, 32.93575207860922, 32.94179894179894, 32.940287226001516, 32.94331065759637, 32.94633408919123, 32.94784580498867, 32.94633408919123, 32.95162509448224, 32.949357520786094, 32.94633408919123, 32.95162509448224, 32.944822373393805, 32.949357520786094, 32.94557823129252, 32.94179894179894, 32.949357520786094, 32.94331065759637, 32.94784580498866, 32.94860166288738, 32.93877551020408, 32.93877551020408, 32.944822373393805, 32.944822373393805, 32.945578231292515, 32.95086923658352, 32.9546485260771, 32.95162509448224, 32.95011337868481, 32.952380952380956, 32.95011337868481, 32.95162509448224, 32.94784580498867, 32.94028722600151, 32.950113378684804, 32.95086923658352, 32.9546485260771, 32.95011337868481, 32.95011337868481, 32.95086923658352, 32.953136810279666, 32.95086923658353, 32.95011337868481, 32.93877551020409, 32.94557823129252, 32.945578231292515, 32.94633408919123, 32.9395313681028, 32.95086923658353, 32.949357520786094, 32.94708994708995, 32.949357520786094, 32.94255479969766, 32.94255479969766, 32.94406651549509, 32.94860166288738, 32.944822373393805, 32.94860166288738, 32.945578231292515, 32.94633408919123, 32.950113378684804, 32.949357520786094, 32.941043083900226, 32.94179894179894, 32.94708994708995, 32.95011337868481, 32.95086923658352, 32.953136810279666, 32.95238095238095, 32.9546485260771, 32.95993953136811, 32.956916099773245, 32.949357520786094, 32.950113378684804, 32.953136810279666, 32.94708994708995, 32.94784580498866, 32.94406651549509, 32.94633408919123, 32.94860166288738, 32.94406651549509, 32.94406651549509, 32.94633408919123, 32.94557823129252, 32.945578231292515, 32.940287226001516, 32.94557823129252, 32.94784580498866, 32.948601662887384, 32.94255479969766, 32.94255479969766, 32.94331065759637, 32.94784580498867, 32.94784580498867, 32.94633408919123, 32.945578231292515, 32.94255479969765, 32.95086923658352, 32.94860166288738, 32.944822373393805, 32.941043083900226, 32.94179894179894, 32.9395313681028, 32.94179894179894, 32.94406651549509, 32.94255479969765, 32.94557823129252, 32.94255479969766, 32.94179894179894, 32.94255479969766, 32.93801965230537, 32.93877551020408, 32.94406651549509, 32.94406651549509, 32.94028722600151, 32.94708994708995, 32.94708994708995, 32.944822373393805, 32.94633408919123, 32.94179894179894, 32.948601662887384, 32.93877551020408, 32.937263794406654, 32.944822373393805, 32.94784580498866, 32.94255479969765, 32.94179894179894, 32.94633408919124, 32.94406651549509, 32.949357520786094, 32.94784580498866, 32.953136810279666, 32.95389266817838, 32.94784580498867, 32.949357520786094, 32.95162509448224, 32.95011337868481, 32.94708994708995, 32.94255479969766, 32.94331065759637, 32.94633408919123, 32.94633408919123, 32.94708994708994, 32.94633408919123, 32.95162509448224, 32.9546485260771, 32.953136810279666, 32.95616024187453, 32.95918367346939, 32.95616024187453, 32.9546485260771, 32.953136810279666, 32.950113378684804, 32.949357520786094, 32.95086923658352, 32.94784580498866, 32.94860166288738, 32.95086923658352, 32.95162509448224, 32.94784580498866, 32.949357520786094, 32.94860166288738, 32.94255479969766, 32.94406651549509, 32.94784580498867, 32.94633408919123, 32.941043083900226, 32.9448223733938, 32.9395313681028]",0.9131762976907009,0.924038077572104,33,"[33, 33, 33, 33, 33, 33, 33, 33, 33, 33, 33, 33, 33, 33, 33, 33, 33, 33, 33, 33, 33, 33, 33, 33, 33, 33, 33, 33, 33, 33, 33, 33, 33, 33, 33, 33, 33, 33, 33, 33, 33, 33, 33, 33, 33, 33, 33, 33, 33, 33, 33, 33, 33, 33, 33, 33, 33, 33, 33, 33, 33, 33, 33, 33, 33, 33, 33, 33, 33, 33, 33, 33, 33, 33, 33, 33, 33, 33, 33, 33, 33, 33, 33, 33, 33, 33, 33, 33, 33, 33, 33, 33, 33, 33, 33, 33, 33, 33, 33, 33, 33, 33, 33, 33, 33, 33, 33, 33, 33, 33, 33, 33, 33, 33, 33, 33, 33, 33, 33, 33, 33, 33, 33, 33, 33, 33, 33, 33, 33, 33, 33, 33, 33, 33, 33, 33, 33, 33, 33, 33, 33, 33, 33, 33, 33, 33, 33, 33, 33, 33, 33, 33, 33, 33, 33, 33, 33, 33, 33, 33, 33, 33, 33, 33, 33, 33, 33, 33, 33, 33, 33, 33, 33, 33, 33, 33, 33, 33, 33, 33, 33, 33, 33, 33, 33, 33, 33, 33, 33, 33, 33, 33, 33, 33, 33, 33, 33, 33, 33, 33, 33, 33, 33, 33, 33, 33, 33, 33, 33, 33, 33, 33, 33, 33, 33, 33, 33, 33, 33, 33, 33, 33, 33, 33, 33, 33, 33, 33, 33, 33, 33, 33, 33, 33, 33, 33, 33, 33, 33, 33, 33, 33, 33, 33, 33, 33, 33, 33, 33, 33, 33, 33, 33, 33, 33, 33, 33, 33, 33, 33, 33, 33, 33, 33, 33, 33, 33, 33, 33, 33, 33, 33, 33, 33, 33, 33, 33, 33, 33, 33, 33, 33, 33, 33, 33, 33, 33, 33, 33, 33, 33, 33, 33, 33, 33, 33, 33, 33, 33, 33, 33, 33, 33, 33, 33, 33, 33, 33, 33, 33, 33, 33, 33, 33, 33, 33, 33, 33, 33, 33, 33, 33, 33, 33, 33, 33, 33, 33, 33, 33, 33, 33, 33, 33, 33, 33, 33, 33, 33, 33]",340,"[0.45335179567337036, 0.4153915345668793, 0.4029586911201477, 0.39694491028785706, 0.3928810954093933, 0.38983142375946045, 0.3872973918914795, 0.38512638211250305, 0.38316622376441956, 0.3814757466316223, 0.3798912763595581, 0.37846922874450684, 0.3771457374095917, 0.3759077787399292, 0.374733567237854, 0.3736252188682556, 0.37255847454071045, 0.37152957916259766, 0.37053847312927246, 0.36961209774017334, 0.3686366379261017, 0.3677067458629608, 0.36673396825790405, 0.36578765511512756, 0.36484214663505554, 0.36391326785087585, 0.36297401785850525, 0.3620363473892212, 0.36104434728622437, 0.360078364610672, 0.35912349820137024, 0.35809746384620667, 0.3570805490016937, 0.35608282685279846, 0.3550572693347931, 0.3540450632572174, 0.3529919385910034, 0.35188180208206177, 0.350798100233078, 0.3496883809566498, 0.3485107421875, 0.34730374813079834, 0.3461235463619232, 0.34483450651168823, 0.3435678780078888, 0.34231841564178467, 0.34098953008651733, 0.3396446704864502, 0.33831360936164856, 0.3369326889514923, 0.3356049656867981, 0.3341594636440277, 0.332768052816391, 0.3312923014163971, 0.32984474301338196, 0.32836899161338806, 0.3268897533416748, 0.32540568709373474, 0.3238561153411865, 0.32236790657043457, 0.32085204124450684, 0.3193363845348358, 0.3177753686904907, 0.31622669100761414, 0.3147650957107544, 0.31328579783439636, 0.31175944209098816, 0.31030669808387756, 0.3088389039039612, 0.3073725402355194, 0.3058718144893646, 0.3044820725917816, 0.30306488275527954, 0.30171826481819153, 0.3003308176994324, 0.2989707291126251, 0.29765474796295166, 0.29638975858688354, 0.2950875759124756, 0.2938535809516907, 0.2926655411720276, 0.2914946675300598, 0.29035863280296326, 0.28918641805648804, 0.2880471348762512, 0.2870093882083893, 0.2859078049659729, 0.2848217785358429, 0.283832311630249, 0.28286901116371155, 0.2818835377693176, 0.28098198771476746, 0.2800966203212738, 0.27910730242729187, 0.2782345116138458, 0.27736252546310425, 0.27647385001182556, 0.27565741539001465, 0.2748555541038513, 0.2740229070186615, 0.27327674627304077, 0.2725498378276825, 0.2717113792896271, 0.27095967531204224, 0.27026471495628357, 0.2694788873195648, 0.2688158452510834, 0.2681291401386261, 0.26743748784065247, 0.26674965023994446, 0.2661019265651703, 0.2654617726802826, 0.2648111581802368, 0.26408183574676514, 0.2634127140045166, 0.2628500461578369, 0.26220735907554626, 0.26158207654953003, 0.26095837354660034, 0.2603709101676941, 0.25980517268180847, 0.2591885030269623, 0.2585703730583191, 0.2579948902130127, 0.257404088973999, 0.25680434703826904, 0.2563215494155884, 0.2557550072669983, 0.25508734583854675, 0.2543994188308716, 0.2538708448410034, 0.25334659218788147, 0.2528844177722931, 0.25237780809402466, 0.2518708407878876, 0.2513231039047241, 0.25086042284965515, 0.25039181113243103, 0.2498491108417511, 0.24932223558425903, 0.24878768622875214, 0.24836160242557526, 0.24782989919185638, 0.2473720759153366, 0.24690881371498108, 0.24635422229766846, 0.24594108760356903, 0.24529710412025452, 0.24475587904453278, 0.24434934556484222, 0.24390234053134918, 0.24356390535831451, 0.24313850700855255, 0.24275386333465576, 0.24229569733142853, 0.2418552190065384, 0.24143560230731964, 0.24093984067440033, 0.24059824645519257, 0.24002987146377563, 0.23954832553863525, 0.23927748203277588, 0.23879459500312805, 0.23826724290847778, 0.2379041463136673, 0.23755264282226562, 0.23713113367557526, 0.2366926521062851, 0.23623281717300415, 0.23592787981033325, 0.23554040491580963, 0.23527494072914124, 0.23488520085811615, 0.2346140742301941, 0.23401443660259247, 0.23372629284858704, 0.23344379663467407, 0.23303544521331787, 0.23269709944725037, 0.23240496218204498, 0.23203504085540771, 0.23174133896827698, 0.23132407665252686, 0.23097801208496094, 0.2305116206407547, 0.2302740514278412, 0.22991050779819489, 0.2296401560306549, 0.2293289601802826, 0.22886984050273895, 0.2285808026790619, 0.22835443913936615, 0.22827264666557312, 0.22784669697284698, 0.227488175034523, 0.22724649310112, 0.2272152304649353, 0.22659583389759064, 0.226352259516716, 0.22615262866020203, 0.2256133109331131, 0.2254106104373932, 0.2253563106060028, 0.22499792277812958, 0.22473058104515076, 0.2244781106710434, 0.22420747578144073, 0.22390903532505035, 0.2235761433839798, 0.2232695370912552, 0.2230309098958969, 0.22283491492271423, 0.2224912792444229, 0.22219344973564148, 0.2219116985797882, 0.22165843844413757, 0.2213267683982849, 0.22121624648571014, 0.22112001478672028, 0.22082480788230896, 0.22057783603668213, 0.2204761505126953, 0.2200743705034256, 0.21993029117584229, 0.21984481811523438, 0.21955986320972443, 0.21946343779563904, 0.21918052434921265, 0.2189621478319168, 0.21877163648605347, 0.21851566433906555, 0.2181161642074585, 0.21807178854942322, 0.21784912049770355, 0.21770572662353516, 0.21773339807987213, 0.21748928725719452, 0.2171355038881302, 0.21681760251522064, 0.21672338247299194, 0.2166232466697693, 0.21635228395462036, 0.2160206437110901, 0.2160356491804123, 0.21567602455615997, 0.21549543738365173, 0.2154478281736374, 0.21537569165229797, 0.21506859362125397, 0.21482720971107483, 0.21490129828453064, 0.21461427211761475, 0.21438327431678772, 0.21413566172122955, 0.21414583921432495, 0.21378135681152344, 0.21370337903499603, 0.21346713602542877, 0.21351663768291473, 0.2131243497133255, 0.21316330134868622, 0.21312245726585388, 0.21296995878219604, 0.21257616579532623, 0.2123459428548813, 0.21234451234340668, 0.21217671036720276, 0.2119823843240738, 0.2119358777999878, 0.21171465516090393, 0.21157844364643097, 0.21142764389514923, 0.21121542155742645, 0.21125896275043488, 0.21105636656284332, 0.2110583484172821, 0.21081507205963135, 0.21079090237617493, 0.21059753000736237, 0.2105589658021927, 0.21041344106197357, 0.2102648764848709, 0.21029974520206451, 0.21038830280303955, 0.21005533635616302, 0.2096274346113205, 0.2094843089580536, 0.20949514210224152, 0.20947498083114624, 0.2092970609664917, 0.20934253931045532, 0.20899364352226257, 0.20896263420581818, 0.2089843899011612, 0.20873023569583893, 0.20888878405094147, 0.20844779908657074, 0.2083091288805008, 0.20820394158363342, 0.20803798735141754, 0.2080983966588974, 0.20801523327827454, 0.20774251222610474, 0.20756593346595764, 0.20764407515525818, 0.2077450007200241, 0.20741233229637146, 0.20740583539009094, 0.20726610720157623, 0.2074369192123413, 0.20737093687057495, 0.2072046399116516, 0.20688588917255402, 0.2067856639623642, 0.20637546479701996, 0.20635303854942322, 0.20620161294937134, 0.2063712179660797, 0.2063010036945343, 0.20628200471401215, 0.2061440348625183, 0.2063952386379242, 0.20618000626564026, 0.20560047030448914, 0.20569147169589996, 0.205363929271698, 0.2051633596420288, 0.20549896359443665, 0.2054702788591385, 0.20538431406021118, 0.20513296127319336, 0.20483916997909546, 0.20478671789169312, 0.20462076365947723, 0.20463451743125916, 0.20483316481113434, 0.20462438464164734, 0.20439215004444122, 0.2043103724718094, 0.20449256896972656]",33.0,"[33.0, 33.0, 33.0, 33.0, 33.0, 33.0, 33.0, 33.0, 33.0, 33.0, 33.0, 33.0, 33.0, 33.0, 33.0, 33.0, 33.0, 33.0, 33.0, 33.0, 33.0, 33.0, 33.0, 33.0, 33.0, 33.0, 33.0, 33.0, 33.0, 33.0, 33.0, 33.0, 33.0, 33.0, 33.0, 33.0, 33.0, 33.0, 33.0, 33.0, 33.0, 33.0, 33.0, 33.0, 33.0, 33.0, 33.0, 33.0, 33.0, 33.0, 33.0, 33.0, 33.0, 33.0, 33.0, 33.0, 33.0, 33.0, 33.0, 33.0, 33.0, 33.0, 33.0, 33.0, 33.0, 33.0, 33.0, 33.0, 33.0, 33.0, 33.0, 33.0, 33.0, 33.0, 33.0, 33.0, 33.0, 33.0, 33.0, 33.0, 33.0, 33.0, 33.0, 33.0, 33.0, 33.0, 33.0, 33.0, 33.0, 33.0, 33.0, 33.0, 33.0, 33.0, 33.0, 33.0, 33.0, 33.0, 33.0, 33.0, 33.0, 33.0, 33.0, 33.0, 33.0, 33.0, 33.0, 33.0, 33.0, 33.0, 33.0, 33.0, 33.0, 33.0, 33.0, 33.0, 33.0, 33.0, 33.0, 33.0, 33.0, 33.0, 33.0, 33.0, 33.0, 33.0, 33.0, 33.0, 33.0, 33.0, 33.0, 33.0, 33.0, 33.0, 33.0, 33.0, 33.0, 33.0, 33.0, 33.0, 33.0, 33.0, 33.0, 33.0, 33.0, 33.0, 33.0, 33.0, 33.0, 33.0, 33.0, 33.0, 33.0, 33.0, 33.0, 33.0, 33.0, 33.0, 33.0, 33.0, 33.0, 33.0, 33.0, 33.0, 33.0, 33.0, 33.0, 33.0, 33.0, 33.0, 33.0, 33.0, 33.0, 33.0, 33.0, 33.0, 33.0, 33.0, 33.0, 33.0, 33.0, 33.0, 33.0, 33.0, 33.0, 33.0, 33.0, 33.0, 33.0, 33.0, 33.0, 33.0, 33.0, 33.0, 33.0, 33.0, 33.0, 33.0, 33.0, 33.0, 33.0, 33.0, 33.0, 33.0, 33.0, 33.0, 33.0, 33.0, 33.0, 33.0, 33.0, 33.0, 33.0, 33.0, 33.0, 33.0, 33.0, 33.0, 33.0, 33.0, 33.0, 33.0, 33.0, 33.0, 33.0, 33.0, 33.0, 33.0, 33.0, 33.0, 33.0, 33.0, 33.0, 33.0, 33.0, 33.0, 33.0, 33.0, 33.0, 33.0, 33.0, 33.0, 33.0, 33.0, 33.0, 33.0, 33.0, 33.0, 33.0, 33.0, 33.0, 33.0, 33.0, 33.0, 33.0, 33.0, 33.0, 33.0, 33.0, 33.0, 33.0, 33.0, 33.0, 33.0, 33.0, 33.0, 33.0, 33.0, 33.0, 33.0, 33.0, 33.0, 33.0, 33.0, 33.0, 33.0, 33.0, 33.0, 33.0, 33.0, 33.0, 33.0, 33.0, 33.0, 33.0, 33.0, 33.0, 33.0, 33.0, 33.0, 33.0, 33.0, 33.0, 33.0, 33.0, 33.0, 33.0, 33.0, 33.0, 33.0, 33.0, 33.0, 33.0, 33.0, 33.0, 33.0, 33.0, 33.0, 33.0, 33.0, 33.0, 33.0, 33.0, 33.0, 33.0, 33.0, 33.0, 33.0, 33.0, 33.0, 33.0, 33.0, 33.0, 33.0, 33.0, 33.0, 33.0, 33.0, 33.0, 33.0, 33.0, 33.0, 33.0, 33.0, 33.0, 33.0, 33.0, 33.0, 33.0, 33.0]",COMPLETE
