,number,value,datetime_start,datetime_complete,duration,params_batch_size_scaler,params_constant_learning_rate,params_depth,params_epochs,params_kernel_l2,params_num_trees,params_temperature,user_attrs_accuracy_test,user_attrs_accuracy_valid,user_attrs_approximate_feature_sparsity,user_attrs_approximate_feature_sparsity_history,user_attrs_approximate_weight_sparsity,user_attrs_approximate_weight_sparsity_history,user_attrs_auc_test,user_attrs_auc_valid,user_attrs_feature_sparsity,user_attrs_feature_sparsity_history,user_attrs_num_epochs,user_attrs_val_loss_history,user_attrs_weight_sparsity,user_attrs_weight_sparsity_history,state
47,47,0.932797464930247,2024-08-31 02:21:51.568717,2024-08-31 02:22:14.494292,0 days 00:00:22.925575,64,3.296642545465834,2,175,0.06082025352150752,57,0.00024278800689882788,0.908,0.89625,21,"[33, 33, 33, 33, 33, 33, 33, 33, 33, 33, 33, 33, 33, 33, 33, 33, 33, 33, 33, 33, 33, 33, 33, 33, 33, 33, 33, 33, 33, 33, 33, 33, 33, 33, 33, 33, 33, 33, 33, 32, 32, 31, 31, 30, 30, 30, 30, 30, 29, 28, 28, 28, 28, 28, 28, 28, 28, 28, 28, 28, 27, 27, 27, 27, 27, 27, 27, 27, 27, 27, 27, 27, 27, 27, 27, 27, 27, 27, 27, 27, 27, 27, 27, 27, 27, 26, 26, 26, 26, 26, 26, 26, 26, 26, 26, 26, 26, 26, 25, 25, 25, 25, 25, 25, 24, 24, 24, 24, 24, 24, 24, 24, 24, 24, 24, 24, 24, 24, 24, 24, 24, 24, 24, 24, 24, 24, 24, 24, 24, 24, 24, 24, 24, 23, 23, 22, 22, 22, 22, 22, 22, 22, 22, 22, 22, 22, 22, 22, 22, 22, 22, 22, 22, 22, 22, 22, 22, 21, 21, 21, 21, 21, 21, 21, 21, 21, 21, 21, 21, 21, 21, 21, 21, 21, 21]",20.953216374269005,"[32.994152046783626, 32.9766081871345, 32.994152046783626, 32.98245614035088, 32.98830409356725, 32.97076023391813, 32.98245614035088, 32.95906432748538, 32.98830409356725, 32.9766081871345, 32.96491228070175, 32.97076023391813, 32.95906432748538, 32.97076023391813, 32.96491228070175, 32.97076023391813, 32.953216374269005, 32.96491228070175, 32.96491228070175, 32.95906432748538, 32.9766081871345, 32.95906432748538, 32.98245614035088, 32.994152046783626, 32.9766081871345, 32.98245614035088, 32.96491228070175, 32.9766081871345, 32.95906432748538, 32.96491228070175, 32.93567251461988, 32.96491228070175, 32.9766081871345, 32.96491228070175, 32.953216374269005, 32.97076023391813, 32.96491228070175, 32.98245614035088, 32.9766081871345, 31.964912280701753, 31.982456140350877, 30.95906432748538, 30.95906432748538, 29.976608187134502, 29.98830409356725, 29.982456140350877, 29.964912280701753, 29.982456140350877, 28.982456140350877, 27.94736842105263, 28.0, 27.98830409356725, 27.970760233918128, 27.976608187134502, 27.976608187134502, 27.98830409356725, 27.98830409356725, 27.98830409356725, 27.976608187134502, 27.976608187134502, 26.976608187134502, 27.0, 26.994152046783626, 26.976608187134502, 26.982456140350877, 26.970760233918128, 26.982456140350877, 26.982456140350877, 27.0, 26.970760233918128, 26.976608187134502, 26.964912280701753, 26.970760233918128, 26.982456140350877, 26.98830409356725, 27.0, 26.98830409356725, 26.95906432748538, 26.994152046783626, 26.970760233918128, 26.982456140350877, 26.982456140350877, 26.982456140350877, 26.994152046783626, 26.98830409356725, 25.98830409356725, 25.982456140350877, 25.994152046783626, 25.964912280701753, 25.964912280701753, 25.976608187134502, 25.982456140350877, 25.994152046783626, 25.982456140350877, 25.976608187134502, 25.994152046783626, 25.982456140350877, 25.994152046783626, 24.982456140350877, 24.982456140350877, 24.98830409356725, 24.994152046783626, 24.970760233918128, 24.976608187134502, 23.98830409356725, 23.964912280701753, 23.982456140350877, 23.98830409356725, 23.982456140350877, 23.976608187134502, 23.994152046783626, 23.976608187134502, 23.98830409356725, 23.98830409356725, 23.98830409356725, 23.994152046783626, 23.976608187134502, 23.98830409356725, 23.98830409356725, 23.976608187134502, 23.982456140350877, 24.0, 23.953216374269005, 23.982456140350877, 23.964912280701753, 23.976608187134502, 23.976608187134502, 23.964912280701753, 23.98830409356725, 23.95906432748538, 23.970760233918128, 23.964912280701753, 23.976608187134502, 22.970760233918128, 22.98830409356725, 21.994152046783626, 21.970760233918128, 21.982456140350877, 21.994152046783626, 21.982456140350877, 21.994152046783626, 21.970760233918128, 21.970760233918128, 21.964912280701753, 21.970760233918128, 21.976608187134502, 21.98830409356725, 21.964912280701753, 21.970760233918128, 21.98830409356725, 21.976608187134502, 21.964912280701753, 21.95906432748538, 21.95906432748538, 21.982456140350877, 21.970760233918128, 21.98830409356725, 20.964912280701753, 20.98830409356725, 20.994152046783626, 20.95906432748538, 20.976608187134502, 20.970760233918128, 20.953216374269005, 20.964912280701753, 20.953216374269005, 20.98830409356725, 20.982456140350877, 20.976608187134502, 20.970760233918128, 20.976608187134502, 20.976608187134502, 20.976608187134502, 20.982456140350877, 20.953216374269005]",0.9105342679513537,0.932797464930247,21,"[33, 33, 33, 33, 33, 33, 33, 33, 33, 33, 33, 33, 33, 33, 33, 33, 33, 33, 33, 33, 33, 33, 33, 33, 33, 33, 33, 33, 33, 33, 33, 33, 33, 33, 33, 33, 33, 33, 33, 32, 32, 31, 31, 30, 30, 30, 30, 30, 29, 28, 28, 28, 28, 28, 28, 28, 28, 28, 28, 28, 27, 27, 27, 27, 27, 27, 27, 27, 27, 27, 27, 27, 27, 27, 27, 27, 27, 27, 27, 27, 27, 27, 27, 27, 27, 26, 26, 26, 26, 26, 26, 26, 26, 26, 26, 26, 26, 26, 25, 25, 25, 25, 25, 25, 24, 24, 24, 24, 24, 24, 24, 24, 24, 24, 24, 24, 24, 24, 24, 24, 24, 24, 24, 24, 24, 24, 24, 24, 24, 24, 24, 24, 24, 23, 23, 22, 22, 22, 22, 22, 22, 22, 22, 22, 22, 22, 22, 22, 22, 22, 22, 22, 22, 22, 22, 22, 22, 21, 21, 21, 21, 21, 21, 21, 21, 21, 21, 21, 21, 21, 21, 21, 21, 21, 21]",175,"[1.753294825553894, 1.5728967189788818, 3.741787910461426, 4.942984104156494, 10.508289337158203, 2.4110476970672607, 3.9522719383239746, 2.3914458751678467, 3.6577646732330322, 1.2984048128128052, 2.4501559734344482, 3.7432663440704346, 3.2681145668029785, 3.622488021850586, 1.1631231307983398, 0.5074699521064758, 7.161390781402588, 1.2003754377365112, 8.306302070617676, 2.580061435699463, 0.4660922586917877, 0.8442481160163879, 1.9498077630996704, 3.1172935962677, 1.128937005996704, 2.1993463039398193, 5.296710014343262, 3.3795056343078613, 1.2105029821395874, 1.4518029689788818, 1.3797930479049683, 4.964628219604492, 0.6345437169075012, 2.099113941192627, 1.0620315074920654, 0.43793028593063354, 0.611574649810791, 3.1235086917877197, 0.8859612941741943, 1.1412911415100098, 0.42346227169036865, 3.1763105392456055, 0.6479374170303345, 0.7086396217346191, 2.228501796722412, 1.1868044137954712, 0.3625960946083069, 0.5747391581535339, 1.876495361328125, 0.8106608390808105, 0.7267613410949707, 0.4066774249076843, 0.3824187219142914, 5.5664381980896, 0.5411449074745178, 5.245511531829834, 0.8858575224876404, 0.3621268570423126, 2.3812363147735596, 2.7968153953552246, 2.0728824138641357, 0.6038248538970947, 0.5531365275382996, 1.47691011428833, 0.9026390314102173, 0.3703651428222656, 0.4583444893360138, 0.3295537233352661, 3.461698293685913, 0.4017612338066101, 0.48113465309143066, 0.8698757886886597, 1.1937451362609863, 5.005688190460205, 0.495356023311615, 3.882963180541992, 0.4236808121204376, 2.588817834854126, 0.6082466840744019, 0.6973955631256104, 0.35595598816871643, 1.2126399278640747, 0.5230916738510132, 0.3721524178981781, 1.819862961769104, 0.9642067551612854, 0.7288256883621216, 0.3783840537071228, 1.2003532648086548, 1.2709983587265015, 1.1316509246826172, 0.543146550655365, 1.0102328062057495, 0.43235787749290466, 0.7433875799179077, 1.2415950298309326, 2.5109965801239014, 2.800032615661621, 1.6983524560928345, 1.282875418663025, 0.37178748846054077, 0.375221848487854, 0.5128036141395569, 2.460416555404663, 1.168658971786499, 0.4382345676422119, 0.616864025592804, 1.0947527885437012, 0.3536950945854187, 1.2740554809570312, 1.5829108953475952, 0.32343751192092896, 0.30413663387298584, 0.3093637526035309, 0.8085152506828308, 0.7334720492362976, 1.9717313051223755, 0.3561664819717407, 0.30940738320350647, 0.5629781484603882, 0.37838348746299744, 2.1293325424194336, 1.176297664642334, 0.358550101518631, 0.5390051603317261, 2.3280482292175293, 0.3931616246700287, 0.31408634781837463, 0.324917197227478, 0.35273510217666626, 0.291018545627594, 0.33943477272987366, 3.3576877117156982, 0.4109618365764618, 0.3705988824367523, 0.7583715319633484, 0.36144793033599854, 0.5971715450286865, 1.331810712814331, 0.2863917648792267, 0.4906295835971832, 0.7919151782989502, 0.45415982604026794, 0.4059850573539734, 0.4827713370323181, 0.5022578239440918, 0.3472807705402374, 0.9102301001548767, 0.7394303679466248, 2.212040662765503, 0.7452715039253235, 0.442971795797348, 0.3707568645477295, 1.254615068435669, 0.9335891008377075, 0.4311355948448181, 0.4480917453765869, 0.8226445913314819, 0.5282628536224365, 0.34525957703590393, 0.2828288972377777, 1.4630552530288696, 0.2895105481147766, 0.749148964881897, 0.7385705709457397, 0.5304132103919983, 0.3411951959133148, 0.35971516370773315, 0.5685416460037231, 0.3464410901069641, 0.743712306022644, 0.35128065943717957, 0.3523930013179779, 0.384308397769928, 0.9893022775650024]",21.0,"[33.0, 33.0, 33.0, 33.0, 33.0, 33.0, 33.0, 33.0, 33.0, 33.0, 33.0, 33.0, 33.0, 33.0, 33.0, 33.0, 33.0, 33.0, 33.0, 33.0, 33.0, 33.0, 33.0, 33.0, 33.0, 33.0, 33.0, 33.0, 33.0, 33.0, 33.0, 33.0, 33.0, 33.0, 33.0, 33.0, 33.0, 33.0, 33.0, 32.0, 32.0, 31.0, 31.0, 30.0, 30.0, 30.0, 30.0, 30.0, 29.0, 28.0, 28.0, 28.0, 28.0, 28.0, 28.0, 28.0, 28.0, 28.0, 28.0, 28.0, 27.0, 27.0, 27.0, 27.0, 27.0, 27.0, 27.0, 27.0, 27.0, 27.0, 27.0, 27.0, 27.0, 27.0, 27.0, 27.0, 27.0, 27.0, 27.0, 27.0, 27.0, 27.0, 27.0, 27.0, 27.0, 26.0, 26.0, 26.0, 26.0, 26.0, 26.0, 26.0, 26.0, 26.0, 26.0, 26.0, 26.0, 26.0, 25.0, 25.0, 25.0, 25.0, 25.0, 25.0, 24.0, 24.0, 24.0, 24.0, 24.0, 24.0, 24.0, 24.0, 24.0, 24.0, 24.0, 24.0, 24.0, 24.0, 24.0, 24.0, 24.0, 24.0, 24.0, 24.0, 24.0, 24.0, 24.0, 24.0, 24.0, 24.0, 24.0, 24.0, 24.0, 23.0, 23.0, 22.0, 22.0, 22.0, 22.0, 22.0, 22.0, 22.0, 22.0, 22.0, 22.0, 22.0, 22.0, 22.0, 22.0, 22.0, 22.0, 22.0, 22.0, 22.0, 22.0, 22.0, 22.0, 21.0, 21.0, 21.0, 21.0, 21.0, 21.0, 21.0, 21.0, 21.0, 21.0, 21.0, 21.0, 21.0, 21.0, 21.0, 21.0, 21.0, 21.0]",COMPLETE
48,48,0.8375133645064472,2024-08-31 02:22:15.567906,2024-08-31 02:23:02.310751,0 days 00:00:46.742845,1,3.188684501066668,2,85,0.001109947199357935,18,0.001891534163297564,0.859,0.85875,3,"[5, 4, 3, 3, 3, 3, 3, 3, 3, 3, 3, 3, 3, 3, 3, 3, 3, 3, 3, 3, 3, 3, 3, 3, 3, 3, 3, 3, 3, 3, 3, 3, 3, 3, 3, 3, 3, 3, 3, 3, 3, 3, 3, 3, 3, 3, 3, 3, 3, 3, 3, 3, 3, 3, 3, 3, 3, 3, 3, 3, 3, 3, 3, 3, 3, 3, 3, 3, 3, 3, 3, 3, 3, 3, 3, 3, 3, 3, 3, 3, 3, 3, 3, 3, 3]",2.962962962962963,"[5.0, 4.0, 3.0, 3.0, 3.0, 3.0, 3.0, 3.0, 3.0, 3.0, 3.0, 3.0, 3.0, 3.0, 3.0, 3.0, 3.0, 3.0, 3.0, 3.0, 3.0, 3.0, 2.962962962962963, 2.9814814814814814, 3.0, 3.0, 3.0, 3.0, 2.9814814814814814, 3.0, 3.0, 3.0, 3.0, 3.0, 3.0, 3.0, 3.0, 3.0, 2.9814814814814814, 3.0, 3.0, 3.0, 3.0, 3.0, 3.0, 3.0, 3.0, 3.0, 2.9814814814814814, 3.0, 2.9814814814814814, 3.0, 2.9814814814814814, 3.0, 3.0, 2.9814814814814814, 2.962962962962963, 2.9814814814814814, 2.9814814814814814, 3.0, 2.9814814814814814, 3.0, 3.0, 3.0, 2.962962962962963, 2.962962962962963, 3.0, 2.9814814814814814, 2.9444444444444446, 3.0, 2.9814814814814814, 2.9814814814814814, 2.9814814814814814, 2.9814814814814814, 2.9814814814814814, 2.9814814814814814, 3.0, 2.9814814814814814, 2.9814814814814814, 2.962962962962963, 2.962962962962963, 2.962962962962963, 2.925925925925926, 2.925925925925926, 2.962962962962963]",0.8335356137352521,0.8375133645064472,3,"[5, 4, 3, 3, 3, 3, 3, 3, 3, 3, 3, 3, 3, 3, 3, 3, 3, 3, 3, 3, 3, 3, 3, 3, 3, 3, 3, 3, 3, 3, 3, 3, 3, 3, 3, 3, 3, 3, 3, 3, 3, 3, 3, 3, 3, 3, 3, 3, 3, 3, 3, 3, 3, 3, 3, 3, 3, 3, 3, 3, 3, 3, 3, 3, 3, 3, 3, 3, 3, 3, 3, 3, 3, 3, 3, 3, 3, 3, 3, 3, 3, 3, 3, 3, 3]",85,"[0.5414965152740479, 0.4385959506034851, 1.005167007446289, 0.36377882957458496, 0.8301481604576111, 2.1858229637145996, 1.077950358390808, 0.7494679093360901, 0.45290976762771606, 0.41604816913604736, 0.49402350187301636, 0.3583286702632904, 0.4200487434864044, 0.445612370967865, 0.7101491689682007, 0.3567434251308441, 0.545645534992218, 0.41499489545822144, 0.46468260884284973, 0.8074831366539001, 0.41881367564201355, 0.5591854453086853, 0.4480104446411133, 1.4098767042160034, 0.4166914224624634, 0.3658818006515503, 0.449164479970932, 0.47504517436027527, 0.5111059546470642, 0.5173768997192383, 0.5146444439888, 0.38370978832244873, 0.8547813892364502, 0.5533751249313354, 0.34571969509124756, 0.3766074478626251, 0.6093588471412659, 0.47009313106536865, 0.7113688588142395, 0.36758312582969666, 0.43268561363220215, 1.318800687789917, 0.5847101807594299, 0.6554973125457764, 0.6473434567451477, 0.49330344796180725, 0.8284231424331665, 0.49541839957237244, 0.44844645261764526, 0.7626105546951294, 1.0593762397766113, 0.39233720302581787, 0.5001628994941711, 0.3059666156768799, 0.38501468300819397, 0.47106072306632996, 1.3456060886383057, 0.4443988502025604, 0.3942081332206726, 0.3329659402370453, 0.5786096453666687, 0.5611122250556946, 1.198177695274353, 0.7798282504081726, 1.0201969146728516, 1.5221972465515137, 0.6522231101989746, 0.34361645579338074, 0.37531283497810364, 0.46988973021507263, 0.3541606664657593, 0.5778223276138306, 0.6904602646827698, 0.34555068612098694, 0.6368615627288818, 0.42632487416267395, 0.6275843381881714, 0.39798814058303833, 0.3407926559448242, 0.34165626764297485, 1.9238841533660889, 0.3177618980407715, 0.5028525590896606, 1.0294538736343384, 0.49338263273239136]",3.0,"[5.0, 4.0, 3.0, 3.0, 3.0, 3.0, 3.0, 3.0, 3.0, 3.0, 3.0, 3.0, 3.0, 3.0, 3.0, 3.0, 3.0, 3.0, 3.0, 3.0, 3.0, 3.0, 3.0, 3.0, 3.0, 3.0, 3.0, 3.0, 3.0, 3.0, 3.0, 3.0, 3.0, 3.0, 3.0, 3.0, 3.0, 3.0, 3.0, 3.0, 3.0, 3.0, 3.0, 3.0, 3.0, 3.0, 3.0, 3.0, 3.0, 3.0, 3.0, 3.0, 3.0, 3.0, 3.0, 3.0, 3.0, 3.0, 3.0, 3.0, 3.0, 3.0, 3.0, 3.0, 3.0, 3.0, 3.0, 3.0, 3.0, 3.0, 3.0, 3.0, 3.0, 3.0, 3.0, 3.0, 3.0, 3.0, 3.0, 3.0, 3.0, 3.0, 3.0, 3.0, 3.0]",COMPLETE
