,number,value,datetime_start,datetime_complete,duration,params_batch_size_scaler,params_constant_learning_rate,params_depth,params_epochs,params_kernel_l2,params_num_trees,params_temperature,user_attrs_accuracy_test,user_attrs_accuracy_valid,user_attrs_approximate_feature_sparsity,user_attrs_approximate_feature_sparsity_history,user_attrs_approximate_weight_sparsity,user_attrs_approximate_weight_sparsity_history,user_attrs_auc_test,user_attrs_auc_valid,user_attrs_feature_sparsity,user_attrs_feature_sparsity_history,user_attrs_num_epochs,user_attrs_val_loss_history,user_attrs_weight_sparsity,user_attrs_weight_sparsity_history,state
21,21,0.9248624904999291,2024-08-31 01:20:24.913479,2024-08-31 01:22:35.304628,0 days 00:02:10.391149,1,0.011533284318779029,2,195,0.058203800125910955,76,0.031127580555249997,0.933,0.93125,33,"[33, 33, 33, 33, 33, 33, 33, 33, 33, 33, 33, 33, 33, 33, 33, 33, 33, 33, 33, 33, 33, 33, 33, 33, 33, 33, 33, 33, 33, 33, 33, 33, 33, 33, 33, 33, 33, 33, 33, 33, 33, 33, 33, 33, 33, 33, 33, 33, 33, 33, 33, 33, 33, 33, 33, 33, 33, 33, 33, 33, 33, 33, 33, 33, 33, 33, 33, 33, 33, 33, 33, 33, 33, 33, 33, 33, 33, 33, 33, 33, 33, 33, 33, 33, 33, 33, 33, 33, 33, 33, 33, 33, 33, 33, 33, 33, 33, 33, 33, 33, 33, 33, 33, 33, 33, 33, 33, 33, 33, 33, 33, 33, 33, 33, 33, 33, 33, 33, 33, 33, 33, 33, 33, 33, 33, 33, 33, 33, 33, 33, 33, 33, 33, 33, 33, 33, 33, 33, 33, 33, 33, 33, 33, 33, 33, 33, 33, 33, 33, 33, 33, 33, 33, 33, 33, 33, 33, 33, 33, 33, 33, 33, 33, 33, 33, 33, 33, 33, 33, 33, 33, 33, 33, 33, 33, 33, 33, 33, 33, 33, 33, 33, 33, 33, 33, 33, 33, 33, 33, 33, 33, 33, 33, 33, 33]",32.978070175438596,"[32.973684210526315, 32.98684210526316, 32.98245614035088, 32.973684210526315, 32.973684210526315, 32.95614035087719, 32.96491228070175, 32.95614035087719, 32.96052631578947, 32.973684210526315, 32.978070175438596, 32.969298245614034, 32.973684210526315, 32.94298245614035, 32.978070175438596, 32.98245614035088, 32.96491228070175, 32.96052631578947, 32.96052631578947, 32.978070175438596, 32.96491228070175, 32.969298245614034, 32.969298245614034, 32.969298245614034, 32.94736842105263, 32.969298245614034, 32.95175438596491, 32.969298245614034, 32.96052631578947, 32.96491228070175, 32.978070175438596, 32.969298245614034, 32.98245614035088, 32.98245614035088, 32.98245614035088, 32.978070175438596, 32.973684210526315, 32.973684210526315, 32.969298245614034, 32.973684210526315, 32.96491228070175, 32.973684210526315, 32.95614035087719, 32.978070175438596, 32.96491228070175, 32.978070175438596, 32.98245614035088, 32.973684210526315, 32.969298245614034, 32.969298245614034, 32.93859649122807, 32.978070175438596, 32.969298245614034, 32.978070175438596, 32.98245614035088, 32.98245614035088, 32.99122807017544, 32.98684210526316, 32.98245614035088, 32.98245614035088, 32.96491228070175, 32.973684210526315, 32.978070175438596, 32.978070175438596, 32.969298245614034, 32.969298245614034, 32.969298245614034, 32.969298245614034, 32.96491228070175, 32.969298245614034, 32.99122807017544, 32.98684210526316, 32.98684210526316, 32.98245614035088, 32.973684210526315, 32.978070175438596, 32.98684210526316, 32.978070175438596, 32.98245614035088, 32.98684210526316, 32.969298245614034, 32.98245614035088, 32.98684210526316, 32.98245614035088, 32.99561403508772, 32.98684210526316, 32.98684210526316, 32.978070175438596, 32.98245614035088, 32.973684210526315, 32.98684210526316, 32.978070175438596, 32.969298245614034, 32.969298245614034, 32.98684210526316, 32.973684210526315, 32.99561403508772, 32.99122807017544, 32.98245614035088, 32.98245614035088, 32.978070175438596, 32.98684210526316, 32.973684210526315, 32.96052631578947, 32.978070175438596, 32.98245614035088, 32.973684210526315, 32.978070175438596, 32.969298245614034, 32.973684210526315, 32.98684210526316, 32.973684210526315, 32.969298245614034, 32.973684210526315, 32.973684210526315, 32.969298245614034, 32.98245614035088, 32.98245614035088, 32.978070175438596, 32.978070175438596, 32.99122807017544, 32.99122807017544, 32.96491228070175, 32.98684210526316, 32.99561403508772, 33.0, 32.99122807017544, 32.98245614035088, 32.96491228070175, 32.969298245614034, 32.969298245614034, 32.969298245614034, 32.973684210526315, 32.96491228070175, 32.98684210526316, 32.99122807017544, 32.98245614035088, 32.973684210526315, 32.95614035087719, 32.96052631578947, 32.978070175438596, 32.973684210526315, 32.969298245614034, 32.96491228070175, 32.969298245614034, 32.973684210526315, 32.978070175438596, 32.973684210526315, 32.98245614035088, 32.969298245614034, 32.969298245614034, 32.98245614035088, 32.969298245614034, 32.98245614035088, 32.98684210526316, 32.978070175438596, 32.978070175438596, 32.969298245614034, 32.98245614035088, 32.98684210526316, 32.99122807017544, 32.99122807017544, 33.0, 32.99122807017544, 32.978070175438596, 32.978070175438596, 32.969298245614034, 32.978070175438596, 32.98684210526316, 32.98684210526316, 32.98245614035088, 32.978070175438596, 32.96491228070175, 32.98245614035088, 32.978070175438596, 32.978070175438596, 32.969298245614034, 32.98245614035088, 32.98245614035088, 32.98684210526316, 32.978070175438596, 32.978070175438596, 32.98245614035088, 32.973684210526315, 32.973684210526315, 32.98245614035088, 32.98245614035088, 32.969298245614034, 32.973684210526315, 32.96491228070175, 32.973684210526315, 32.969298245614034, 32.95614035087719, 32.96052631578947, 32.978070175438596]",0.9070748602613958,0.9248624904999291,33,"[33, 33, 33, 33, 33, 33, 33, 33, 33, 33, 33, 33, 33, 33, 33, 33, 33, 33, 33, 33, 33, 33, 33, 33, 33, 33, 33, 33, 33, 33, 33, 33, 33, 33, 33, 33, 33, 33, 33, 33, 33, 33, 33, 33, 33, 33, 33, 33, 33, 33, 33, 33, 33, 33, 33, 33, 33, 33, 33, 33, 33, 33, 33, 33, 33, 33, 33, 33, 33, 33, 33, 33, 33, 33, 33, 33, 33, 33, 33, 33, 33, 33, 33, 33, 33, 33, 33, 33, 33, 33, 33, 33, 33, 33, 33, 33, 33, 33, 33, 33, 33, 33, 33, 33, 33, 33, 33, 33, 33, 33, 33, 33, 33, 33, 33, 33, 33, 33, 33, 33, 33, 33, 33, 33, 33, 33, 33, 33, 33, 33, 33, 33, 33, 33, 33, 33, 33, 33, 33, 33, 33, 33, 33, 33, 33, 33, 33, 33, 33, 33, 33, 33, 33, 33, 33, 33, 33, 33, 33, 33, 33, 33, 33, 33, 33, 33, 33, 33, 33, 33, 33, 33, 33, 33, 33, 33, 33, 33, 33, 33, 33, 33, 33, 33, 33, 33, 33, 33, 33, 33, 33, 33, 33, 33, 33]",195,"[0.4162062704563141, 0.406717985868454, 0.40021786093711853, 0.3955860137939453, 0.3925497531890869, 0.38853228092193604, 0.3853646218776703, 0.38314446806907654, 0.381596177816391, 0.37909290194511414, 0.37671059370040894, 0.3751887083053589, 0.3729414641857147, 0.3709757626056671, 0.3699664771556854, 0.3696490526199341, 0.3664129376411438, 0.36496758460998535, 0.36343640089035034, 0.3632545471191406, 0.3600411117076874, 0.35876959562301636, 0.3572031855583191, 0.3583768904209137, 0.3562626242637634, 0.35287800431251526, 0.35193488001823425, 0.35067227482795715, 0.349558025598526, 0.34821784496307373, 0.34648674726486206, 0.34571734070777893, 0.3446042239665985, 0.3435644209384918, 0.34214791655540466, 0.3409782350063324, 0.3395252227783203, 0.3387058973312378, 0.33745574951171875, 0.3362272381782532, 0.3351605534553528, 0.3340078294277191, 0.33279433846473694, 0.33183419704437256, 0.33130183815956116, 0.3311139941215515, 0.3279816806316376, 0.3270843029022217, 0.32556605339050293, 0.3246930241584778, 0.3237512707710266, 0.32421234250068665, 0.3211352825164795, 0.3211655020713806, 0.31810617446899414, 0.3169329762458801, 0.31602174043655396, 0.31421366333961487, 0.312605619430542, 0.3132117688655853, 0.30967840552330017, 0.30833399295806885, 0.309912770986557, 0.3054620921611786, 0.3044620752334595, 0.3023972809314728, 0.3022536039352417, 0.2995833456516266, 0.2983519434928894, 0.2974250614643097, 0.29528841376304626, 0.29377955198287964, 0.29168662428855896, 0.2931506633758545, 0.29053372144699097, 0.28793254494667053, 0.28588685393333435, 0.2846795916557312, 0.28324127197265625, 0.2828556001186371, 0.2806284725666046, 0.2799352705478668, 0.2797783613204956, 0.2773873805999756, 0.2755625545978546, 0.2752063274383545, 0.2735201418399811, 0.2725735902786255, 0.2718757390975952, 0.27070724964141846, 0.2706228494644165, 0.2688392996788025, 0.26778745651245117, 0.26659873127937317, 0.2666521966457367, 0.26546162366867065, 0.26425331830978394, 0.2631818950176239, 0.2631782293319702, 0.26167911291122437, 0.26219698786735535, 0.2599423825740814, 0.2590697109699249, 0.258675217628479, 0.2585194706916809, 0.25680574774742126, 0.2569558620452881, 0.25526171922683716, 0.25502461194992065, 0.2542140483856201, 0.25345268845558167, 0.25280654430389404, 0.25269654393196106, 0.2522173225879669, 0.25662216544151306, 0.25178298354148865, 0.24968183040618896, 0.2493336796760559, 0.2495599240064621, 0.24831052124500275, 0.24943707883358002, 0.24723495543003082, 0.24736259877681732, 0.24615444242954254, 0.24543319642543793, 0.2451646775007248, 0.24426127970218658, 0.24407978355884552, 0.24352522194385529, 0.24306878447532654, 0.24254177510738373, 0.24191385507583618, 0.24172143638134003, 0.24363131821155548, 0.24121223390102386, 0.2393207997083664, 0.23968607187271118, 0.23903542757034302, 0.23895005881786346, 0.23906183242797852, 0.23947639763355255, 0.23696203529834747, 0.23636232316493988, 0.2354504019021988, 0.23530864715576172, 0.23519141972064972, 0.23491165041923523, 0.23425622284412384, 0.2346431314945221, 0.23336181044578552, 0.23322154581546783, 0.23243197798728943, 0.23225654661655426, 0.23337478935718536, 0.2315494865179062, 0.23057612776756287, 0.23297882080078125, 0.23018987476825714, 0.23045669496059418, 0.23387227952480316, 0.231230691075325, 0.2284201830625534, 0.22893506288528442, 0.2285626381635666, 0.22969432175159454, 0.2272038608789444, 0.22977006435394287, 0.2300005704164505, 0.2270466834306717, 0.22677168250083923, 0.22637242078781128, 0.22663567960262299, 0.2291237711906433, 0.22566446661949158, 0.2244553565979004, 0.22468240559101105, 0.223822683095932, 0.22460483014583588, 0.2253866344690323, 0.22327543795108795, 0.22305653989315033, 0.22632203996181488, 0.22270146012306213, 0.22213831543922424, 0.22241079807281494, 0.2224455028772354, 0.22225092351436615, 0.22119352221488953, 0.22093039751052856, 0.22172994911670685, 0.22064828872680664, 0.22090214490890503, 0.22182926535606384, 0.21992118656635284, 0.22077898681163788]",33.0,"[33.0, 33.0, 33.0, 33.0, 33.0, 33.0, 33.0, 33.0, 33.0, 33.0, 33.0, 33.0, 33.0, 33.0, 33.0, 33.0, 33.0, 33.0, 33.0, 33.0, 33.0, 33.0, 33.0, 33.0, 33.0, 33.0, 33.0, 33.0, 33.0, 33.0, 33.0, 33.0, 33.0, 33.0, 33.0, 33.0, 33.0, 33.0, 33.0, 33.0, 33.0, 33.0, 33.0, 33.0, 33.0, 33.0, 33.0, 33.0, 33.0, 33.0, 33.0, 33.0, 33.0, 33.0, 33.0, 33.0, 33.0, 33.0, 33.0, 33.0, 33.0, 33.0, 33.0, 33.0, 33.0, 33.0, 33.0, 33.0, 33.0, 33.0, 33.0, 33.0, 33.0, 33.0, 33.0, 33.0, 33.0, 33.0, 33.0, 33.0, 33.0, 33.0, 33.0, 33.0, 33.0, 33.0, 33.0, 33.0, 33.0, 33.0, 33.0, 33.0, 33.0, 33.0, 33.0, 33.0, 33.0, 33.0, 33.0, 33.0, 33.0, 33.0, 33.0, 33.0, 33.0, 33.0, 33.0, 33.0, 33.0, 33.0, 33.0, 33.0, 33.0, 33.0, 33.0, 33.0, 33.0, 33.0, 33.0, 33.0, 33.0, 33.0, 33.0, 33.0, 33.0, 33.0, 33.0, 33.0, 33.0, 33.0, 33.0, 33.0, 33.0, 33.0, 33.0, 33.0, 33.0, 33.0, 33.0, 33.0, 33.0, 33.0, 33.0, 33.0, 33.0, 33.0, 33.0, 33.0, 33.0, 33.0, 33.0, 33.0, 33.0, 33.0, 33.0, 33.0, 33.0, 33.0, 33.0, 33.0, 33.0, 33.0, 33.0, 33.0, 33.0, 33.0, 33.0, 33.0, 33.0, 33.0, 33.0, 33.0, 33.0, 33.0, 33.0, 33.0, 33.0, 33.0, 33.0, 33.0, 33.0, 33.0, 33.0, 33.0, 33.0, 33.0, 33.0, 33.0, 33.0, 33.0, 33.0, 33.0, 33.0, 33.0, 33.0]",COMPLETE
22,22,0.7695508237688553,2024-08-31 01:22:35.853946,2024-08-31 01:25:04.104726,0 days 00:02:28.250780,4,0.03605021282221285,5,110,0.6952032143696818,96,0.015579998815213634,0.877,0.87,33,"[33, 33, 33, 33, 33, 33, 33, 33, 33, 33, 33, 33, 33, 33, 33, 33, 33, 33, 33, 33, 33, 33, 33, 33, 33, 33, 33, 33, 33, 33, 33, 33, 33, 33, 33, 33, 33, 33, 33, 33, 33, 33, 33, 33, 33, 33, 33, 33, 33, 33, 33, 33, 33, 33, 33, 33, 33, 33, 33, 33, 33, 33, 33, 33, 33, 33, 33, 33, 33, 33, 33, 33, 33, 33, 33, 33, 33, 33, 33, 33, 33, 33, 33, 33, 33, 33, 33, 33, 33, 33, 33, 33, 33, 33, 33, 33, 33, 33, 33, 33, 33, 33, 33, 33, 33, 33, 33, 33, 33, 33]",32.91532258064516,"[32.9247311827957, 32.924059139784944, 32.934475806451616, 32.92338709677419, 32.928763440860216, 32.9317876344086, 32.93010752688172, 32.92775537634409, 32.92943548387097, 32.921370967741936, 32.930443548387096, 32.92607526881721, 32.924059139784944, 32.92372311827957, 32.928091397849464, 32.9317876344086, 32.93111559139785, 32.92842741935484, 32.93010752688172, 32.93346774193548, 32.92943548387097, 32.929771505376344, 32.924731182795696, 32.926411290322584, 32.92506720430108, 32.924059139784944, 32.924059139784944, 32.91935483870968, 32.92271505376344, 32.9176747311828, 32.928091397849464, 32.93245967741935, 32.939516129032256, 32.931451612903224, 32.93077956989247, 32.931451612903224, 32.92842741935484, 32.92909946236559, 32.92573924731183, 32.928763440860216, 32.928763440860216, 32.931451612903224, 32.93245967741935, 32.932123655913976, 32.935483870967744, 32.932795698924735, 32.933803763440864, 32.937836021505376, 32.937836021505376, 32.933803763440864, 32.93077956989247, 32.93145161290323, 32.93581989247312, 32.930443548387096, 32.933803763440864, 32.935483870967744, 32.93581989247312, 32.93850806451613, 32.937836021505376, 32.937163978494624, 32.92775537634409, 32.93279569892473, 32.92943548387097, 32.93447580645161, 32.929771505376344, 32.93077956989247, 32.93279569892473, 32.931451612903224, 32.92540322580645, 32.926411290322584, 32.92674731182796, 32.921370967741936, 32.919690860215056, 32.922379032258064, 32.926411290322584, 32.92775537634409, 32.93413978494624, 32.93245967741935, 32.9317876344086, 32.929771505376344, 32.92943548387097, 32.930443548387096, 32.93010752688172, 32.931451612903224, 32.9317876344086, 32.93010752688172, 32.92909946236559, 32.929771505376344, 32.9317876344086, 32.92909946236559, 32.930443548387096, 32.929771505376344, 32.92943548387097, 32.92943548387097, 32.92573924731183, 32.92204301075269, 32.92204301075269, 32.92405913978495, 32.923051075268816, 32.921370967741936, 32.92103494623656, 32.92002688172043, 32.918010752688176, 32.91599462365591, 32.915658602150536, 32.91633064516129, 32.912298387096776, 32.91532258064516, 32.914986559139784, 32.91532258064516]",0.8001552192471867,0.7695508237688553,33,"[33, 33, 33, 33, 33, 33, 33, 33, 33, 33, 33, 33, 33, 33, 33, 33, 33, 33, 33, 33, 33, 33, 33, 33, 33, 33, 33, 33, 33, 33, 33, 33, 33, 33, 33, 33, 33, 33, 33, 33, 33, 33, 33, 33, 33, 33, 33, 33, 33, 33, 33, 33, 33, 33, 33, 33, 33, 33, 33, 33, 33, 33, 33, 33, 33, 33, 33, 33, 33, 33, 33, 33, 33, 33, 33, 33, 33, 33, 33, 33, 33, 33, 33, 33, 33, 33, 33, 33, 33, 33, 33, 33, 33, 33, 33, 33, 33, 33, 33, 33, 33, 33, 33, 33, 33, 33, 33, 33, 33, 33]",110,"[0.4212591052055359, 0.41278427839279175, 0.4094054698944092, 0.4066241383552551, 0.40413933992385864, 0.40195193886756897, 0.40001219511032104, 0.3982420861721039, 0.39673247933387756, 0.3953075110912323, 0.394013911485672, 0.3928542733192444, 0.3917616307735443, 0.3907463550567627, 0.38981056213378906, 0.3889842927455902, 0.38821902871131897, 0.3874320089817047, 0.3867333233356476, 0.38607051968574524, 0.3855026960372925, 0.3848506212234497, 0.38426893949508667, 0.3836981952190399, 0.3832641839981079, 0.38264796137809753, 0.3821481764316559, 0.38181695342063904, 0.3812442421913147, 0.380727082490921, 0.38024505972862244, 0.3799556791782379, 0.37939462065696716, 0.3789016604423523, 0.378462553024292, 0.37810733914375305, 0.37768012285232544, 0.3771900534629822, 0.3768824636936188, 0.3764302432537079, 0.37604519724845886, 0.3755285143852234, 0.3751857876777649, 0.3747745752334595, 0.3744105100631714, 0.37396734952926636, 0.3735647201538086, 0.3731921315193176, 0.37273648381233215, 0.3723723292350769, 0.3719147741794586, 0.37163159251213074, 0.3711485266685486, 0.3709430992603302, 0.37037724256515503, 0.37002208828926086, 0.36980143189430237, 0.3692537248134613, 0.36885136365890503, 0.36862537264823914, 0.3681408166885376, 0.36788350343704224, 0.3675561547279358, 0.3671596944332123, 0.3668942153453827, 0.3664085865020752, 0.3660227656364441, 0.36563149094581604, 0.3652808368206024, 0.3650209903717041, 0.36456021666526794, 0.364309698343277, 0.36389514803886414, 0.36365240812301636, 0.3631349205970764, 0.362804114818573, 0.36257535219192505, 0.3622525930404663, 0.3618433475494385, 0.361586332321167, 0.3611355125904083, 0.3608100414276123, 0.36063072085380554, 0.36018872261047363, 0.35986483097076416, 0.3596469461917877, 0.3591882586479187, 0.35891175270080566, 0.3586040735244751, 0.35828572511672974, 0.3578794002532959, 0.35761141777038574, 0.3572981357574463, 0.3570243716239929, 0.35676807165145874, 0.3563777506351471, 0.3560996353626251, 0.35589465498924255, 0.35553139448165894, 0.35528111457824707, 0.35480421781539917, 0.3545188903808594, 0.35415783524513245, 0.35395678877830505, 0.35360297560691833, 0.3533802330493927, 0.3531908392906189, 0.35272157192230225, 0.3525373935699463, 0.352218359708786]",33.0,"[33.0, 33.0, 33.0, 33.0, 33.0, 33.0, 33.0, 33.0, 33.0, 33.0, 33.0, 33.0, 33.0, 33.0, 33.0, 33.0, 33.0, 33.0, 33.0, 33.0, 33.0, 33.0, 33.0, 33.0, 33.0, 33.0, 33.0, 33.0, 33.0, 33.0, 33.0, 33.0, 33.0, 33.0, 33.0, 33.0, 33.0, 33.0, 33.0, 33.0, 33.0, 33.0, 33.0, 33.0, 33.0, 33.0, 33.0, 33.0, 33.0, 33.0, 33.0, 33.0, 33.0, 33.0, 33.0, 33.0, 33.0, 33.0, 33.0, 33.0, 33.0, 33.0, 33.0, 33.0, 33.0, 33.0, 33.0, 33.0, 33.0, 33.0, 33.0, 33.0, 33.0, 33.0, 33.0, 33.0, 33.0, 33.0, 33.0, 33.0, 33.0, 33.0, 33.0, 33.0, 33.0, 33.0, 33.0, 33.0, 33.0, 33.0, 33.0, 33.0, 33.0, 33.0, 33.0, 33.0, 33.0, 33.0, 33.0, 33.0, 33.0, 33.0, 33.0, 33.0, 33.0, 33.0, 33.0, 33.0, 33.0, 33.0]",COMPLETE
