,number,value,datetime_start,datetime_complete,duration,params_batch_size_scaler,params_constant_learning_rate,params_depth,params_epochs,params_kernel_l2,params_num_trees,params_temperature,user_attrs_accuracy_test,user_attrs_accuracy_valid,user_attrs_approximate_feature_sparsity,user_attrs_approximate_feature_sparsity_history,user_attrs_approximate_weight_sparsity,user_attrs_approximate_weight_sparsity_history,user_attrs_auc_test,user_attrs_auc_valid,user_attrs_feature_sparsity,user_attrs_feature_sparsity_history,user_attrs_num_epochs,user_attrs_val_loss_history,user_attrs_weight_sparsity,user_attrs_weight_sparsity_history,state
148,148,0.9247079130759619,2024-08-31 06:35:19.480797,2024-08-31 06:36:24.707257,0 days 00:01:05.226460,64,1.0034747803015038,4,405,0.013281341741153098,97,0.0011520122513435347,0.929,0.935,14,"[33, 33, 33, 33, 33, 33, 33, 33, 33, 33, 33, 33, 33, 33, 33, 33, 33, 33, 33, 33, 33, 33, 33, 33, 33, 33, 33, 33, 33, 33, 33, 33, 33, 33, 33, 33, 33, 33, 33, 33, 33, 33, 33, 33, 33, 33, 33, 33, 33, 33, 33, 33, 33, 33, 33, 33, 33, 33, 33, 33, 33, 33, 33, 33, 33, 33, 33, 33, 33, 33, 33, 33, 33, 33, 33, 33, 33, 33, 33, 33, 32, 32, 29, 28, 25, 22, 22, 20, 20, 20, 20, 20, 19, 19, 19, 19, 19, 19, 19, 17, 17, 17, 17, 17, 16, 16, 16, 16, 16, 16, 16, 16, 16, 16, 16, 16, 16, 16, 15, 15, 15, 15, 15, 15, 15, 15, 15, 15, 15, 15, 15, 15, 15, 15, 15, 15, 15, 15, 15, 15, 15, 15, 15, 15, 15, 15, 15, 15, 15, 15, 15, 15, 15, 15, 15, 15, 15, 15, 15, 15, 15, 15, 15, 15, 15, 15, 15, 15, 15, 15, 15, 15, 15, 15, 15, 15, 15, 15, 15, 15, 15, 15, 15, 15, 15, 15, 15, 15, 15, 15, 15, 15, 15, 15, 15, 15, 15, 15, 15, 15, 15, 15, 15, 15, 15, 15, 15, 15, 15, 15, 15, 15, 15, 15, 15, 15, 15, 15, 15, 15, 15, 15, 15, 15, 15, 15, 15, 15, 15, 15, 15, 15, 15, 15, 15, 15, 15, 15, 15, 15, 15, 15, 15, 15, 15, 15, 15, 15, 15, 15, 15, 15, 15, 15, 15, 15, 15, 15, 15, 15, 15, 15, 15, 15, 15, 15, 15, 15, 15, 15, 15, 15, 15, 15, 15, 15, 15, 15, 15, 15, 15, 15, 15, 15, 15, 15, 15, 15, 15, 15, 15, 15, 15, 15, 15, 15, 15, 15, 15, 15, 15, 15, 15, 15, 15, 15, 15, 15, 15, 15, 15, 15, 15, 15, 15, 15, 15, 15, 15, 15, 15, 15, 15, 15, 15, 15, 15, 15, 15, 15, 15, 15, 15, 15, 15, 15, 15, 15, 15, 15, 15, 15, 15, 15, 15, 15, 15, 15, 15, 15, 15, 15, 15, 15, 15, 15, 15, 15, 15, 15, 15, 15, 15, 15, 15, 15, 15, 15, 15, 15, 15, 15, 15, 15, 15, 15, 15, 15, 15, 15, 15, 15, 15, 15, 15, 14, 14, 14, 14, 14, 14, 14, 14, 14, 14, 14, 14, 14, 14, 14, 14, 14, 14, 14, 14]",13.978694158075601,"[32.94707903780069, 32.947766323024055, 32.94845360824742, 32.932646048109966, 32.94364261168385, 32.95120274914089, 32.95395189003436, 32.950515463917526, 32.947766323024055, 32.953264604811, 32.95601374570447, 32.94845360824742, 32.95395189003436, 32.95463917525773, 32.94295532646048, 32.94639175257732, 32.945017182130584, 32.95189003436426, 32.94639175257732, 32.95120274914089, 32.94570446735395, 32.9553264604811, 32.94982817869416, 32.95257731958763, 32.95463917525773, 32.95120274914089, 32.95257731958763, 32.953264604811, 32.95463917525773, 32.94089347079038, 32.94432989690722, 32.94914089347079, 32.94707903780069, 32.947766323024055, 32.95257731958763, 32.94570446735395, 32.95463917525773, 32.95463917525773, 32.94845360824742, 32.960824742268045, 32.96151202749141, 32.95463917525773, 32.94364261168385, 32.953264604811, 32.93127147766323, 32.94364261168385, 32.945017182130584, 32.94432989690722, 32.94432989690722, 32.95257731958763, 32.95120274914089, 32.95120274914089, 32.94707903780069, 32.94845360824742, 32.94158075601375, 32.960137457044674, 32.94982817869416, 32.950515463917526, 32.94364261168385, 32.94158075601375, 32.94982817869416, 32.95189003436426, 32.95876288659794, 32.945017182130584, 32.93951890034364, 32.94364261168385, 32.94914089347079, 32.945017182130584, 32.94432989690722, 32.94982817869416, 32.94639175257732, 32.95120274914089, 32.94845360824742, 32.95120274914089, 32.945017182130584, 32.94845360824742, 32.94432989690722, 32.94845360824742, 32.942268041237114, 32.94020618556701, 31.942268041237114, 31.956013745704468, 28.957388316151203, 27.964948453608248, 24.971821305841924, 21.96975945017182, 21.973883161512028, 19.97044673539519, 19.964948453608248, 19.971134020618557, 19.96975945017182, 19.975257731958763, 18.9786941580756, 18.974570446735395, 18.974570446735395, 18.969072164948454, 18.962199312714777, 18.971821305841924, 18.96975945017182, 16.973883161512028, 16.973883161512028, 16.978006872852234, 16.96769759450172, 16.974570446735395, 15.975257731958763, 15.980068728522337, 15.978006872852234, 15.980068728522337, 15.978694158075601, 15.977319587628866, 15.977319587628866, 15.978694158075601, 15.977319587628866, 15.980068728522337, 15.978694158075601, 15.97938144329897, 15.97594501718213, 15.970446735395189, 14.977319587628866, 14.981443298969072, 14.976632302405498, 14.981443298969072, 14.974570446735395, 14.977319587628866, 14.976632302405498, 14.980068728522337, 14.978006872852234, 14.977319587628866, 14.976632302405498, 14.980068728522337, 14.985567010309278, 14.980756013745705, 14.977319587628866, 14.978006872852234, 14.976632302405498, 14.974570446735395, 14.981443298969072, 14.98213058419244, 14.978006872852234, 14.974570446735395, 14.980756013745705, 14.97938144329897, 14.977319587628866, 14.980756013745705, 14.983505154639175, 14.978694158075601, 14.984192439862543, 14.98487972508591, 14.98213058419244, 14.978006872852234, 14.976632302405498, 14.980756013745705, 14.982817869415808, 14.984192439862543, 14.980756013745705, 14.978694158075601, 14.976632302405498, 14.97594501718213, 14.978694158075601, 14.98487972508591, 14.97594501718213, 14.980756013745705, 14.978006872852234, 14.977319587628866, 14.978694158075601, 14.98487972508591, 14.981443298969072, 14.980756013745705, 14.97938144329897, 14.975257731958763, 14.980756013745705, 14.978006872852234, 14.978694158075601, 14.980068728522337, 14.982817869415808, 14.981443298969072, 14.980068728522337, 14.98213058419244, 14.980756013745705, 14.980756013745705, 14.976632302405498, 14.980068728522337, 14.980756013745705, 14.978006872852234, 14.978006872852234, 14.980068728522337, 14.978694158075601, 14.975257731958763, 14.978694158075601, 14.977319587628866, 14.98487972508591, 14.983505154639175, 14.984192439862543, 14.98213058419244, 14.980068728522337, 14.982817869415808, 14.980068728522337, 14.981443298969072, 14.981443298969072, 14.980068728522337, 14.98487972508591, 14.98831615120275, 14.985567010309278, 14.98487972508591, 14.98831615120275, 14.980068728522337, 14.983505154639175, 14.980068728522337, 14.977319587628866, 14.980756013745705, 14.97594501718213, 14.980756013745705, 14.976632302405498, 14.980068728522337, 14.98213058419244, 14.980756013745705, 14.978006872852234, 14.976632302405498, 14.981443298969072, 14.97319587628866, 14.97938144329897, 14.975257731958763, 14.973883161512028, 14.978006872852234, 14.980756013745705, 14.976632302405498, 14.978006872852234, 14.977319587628866, 14.971821305841924, 14.98213058419244, 14.984192439862543, 14.981443298969072, 14.97938144329897, 14.978694158075601, 14.980756013745705, 14.980756013745705, 14.981443298969072, 14.977319587628866, 14.978694158075601, 14.97938144329897, 14.977319587628866, 14.976632302405498, 14.980068728522337, 14.98213058419244, 14.980068728522337, 14.976632302405498, 14.980756013745705, 14.97319587628866, 14.982817869415808, 14.981443298969072, 14.983505154639175, 14.978006872852234, 14.980068728522337, 14.980756013745705, 14.984192439862543, 14.98213058419244, 14.980756013745705, 14.982817869415808, 14.98213058419244, 14.982817869415808, 14.984192439862543, 14.985567010309278, 14.98487972508591, 14.98487972508591, 14.980756013745705, 14.982817869415808, 14.982817869415808, 14.97938144329897, 14.981443298969072, 14.97938144329897, 14.980068728522337, 14.980756013745705, 14.98487972508591, 14.986941580756014, 14.983505154639175, 14.984192439862543, 14.982817869415808, 14.980068728522337, 14.980756013745705, 14.982817869415808, 14.984192439862543, 14.980068728522337, 14.983505154639175, 14.985567010309278, 14.983505154639175, 14.980068728522337, 14.978694158075601, 14.98213058419244, 14.98487972508591, 14.987628865979381, 14.983505154639175, 14.982817869415808, 14.98213058419244, 14.98487972508591, 14.984192439862543, 14.977319587628866, 14.980068728522337, 14.980068728522337, 14.973883161512028, 14.97938144329897, 14.972508591065292, 14.974570446735395, 14.974570446735395, 14.97938144329897, 14.97938144329897, 14.975257731958763, 14.97594501718213, 14.977319587628866, 14.967697594501718, 14.974570446735395, 14.978006872852234, 14.97319587628866, 14.978694158075601, 14.976632302405498, 14.982817869415808, 14.975257731958763, 14.978006872852234, 14.98213058419244, 14.978694158075601, 14.976632302405498, 14.978006872852234, 14.97938144329897, 14.978006872852234, 14.977319587628866, 14.980756013745705, 14.97938144329897, 14.97938144329897, 14.97594501718213, 14.976632302405498, 14.978006872852234, 14.97938144329897, 14.97594501718213, 14.982817869415808, 14.981443298969072, 14.977319587628866, 14.97594501718213, 14.973883161512028, 14.978694158075601, 14.974570446735395, 14.983505154639175, 14.976632302405498, 14.97938144329897, 14.980756013745705, 14.98213058419244, 14.981443298969072, 14.981443298969072, 14.978694158075601, 14.980756013745705, 14.972508591065292, 14.969072164948454, 14.977319587628866, 14.968384879725086, 14.978006872852234, 14.97938144329897, 14.978694158075601, 14.97594501718213, 14.98213058419244, 14.97938144329897, 14.97594501718213, 14.981443298969072, 14.980756013745705, 14.980068728522337, 14.978694158075601, 14.983505154639175, 14.97594501718213, 14.978006872852234, 14.97319587628866, 14.974570446735395, 14.978006872852234, 14.98213058419244, 14.980068728522337, 14.978006872852234, 14.978694158075601, 14.974570446735395, 14.978006872852234, 14.971821305841924, 14.971821305841924, 14.97594501718213, 14.97938144329897, 14.977319587628866, 14.977319587628866, 14.974570446735395, 14.978006872852234, 14.982817869415808, 14.980756013745705, 13.980068728522337, 13.97938144329897, 13.983505154639175, 13.980756013745705, 13.981443298969072, 13.980756013745705, 13.980756013745705, 13.984192439862543, 13.986941580756014, 13.980756013745705, 13.980068728522337, 13.982817869415808, 13.985567010309278, 13.985567010309278, 13.985567010309278, 13.983505154639175, 13.986254295532646, 13.977319587628866, 13.978694158075601, 13.978694158075601]",0.9080408523848446,0.9247079130759619,14,"[33, 33, 33, 33, 33, 33, 33, 33, 33, 33, 33, 33, 33, 33, 33, 33, 33, 33, 33, 33, 33, 33, 33, 33, 33, 33, 33, 33, 33, 33, 33, 33, 33, 33, 33, 33, 33, 33, 33, 33, 33, 33, 33, 33, 33, 33, 33, 33, 33, 33, 33, 33, 33, 33, 33, 33, 33, 33, 33, 33, 33, 33, 33, 33, 33, 33, 33, 33, 33, 33, 33, 33, 33, 33, 33, 33, 33, 33, 33, 33, 32, 32, 29, 28, 25, 22, 22, 20, 20, 20, 20, 20, 19, 19, 19, 19, 19, 19, 19, 17, 17, 17, 17, 17, 16, 16, 16, 16, 16, 16, 16, 16, 16, 16, 16, 16, 16, 16, 15, 15, 15, 15, 15, 15, 15, 15, 15, 15, 15, 15, 15, 15, 15, 15, 15, 15, 15, 15, 15, 15, 15, 15, 15, 15, 15, 15, 15, 15, 15, 15, 15, 15, 15, 15, 15, 15, 15, 15, 15, 15, 15, 15, 15, 15, 15, 15, 15, 15, 15, 15, 15, 15, 15, 15, 15, 15, 15, 15, 15, 15, 15, 15, 15, 15, 15, 15, 15, 15, 15, 15, 15, 15, 15, 15, 15, 15, 15, 15, 15, 15, 15, 15, 15, 15, 15, 15, 15, 15, 15, 15, 15, 15, 15, 15, 15, 15, 15, 15, 15, 15, 15, 15, 15, 15, 15, 15, 15, 15, 15, 15, 15, 15, 15, 15, 15, 15, 15, 15, 15, 15, 15, 15, 15, 15, 15, 15, 15, 15, 15, 15, 15, 15, 15, 15, 15, 15, 15, 15, 15, 15, 15, 15, 15, 15, 15, 15, 15, 15, 15, 15, 15, 15, 15, 15, 15, 15, 15, 15, 15, 15, 15, 15, 15, 15, 15, 15, 15, 15, 15, 15, 15, 15, 15, 15, 15, 15, 15, 15, 15, 15, 15, 15, 15, 15, 15, 15, 15, 15, 15, 15, 15, 15, 15, 15, 15, 15, 15, 15, 15, 15, 15, 15, 15, 15, 15, 15, 15, 15, 15, 15, 15, 15, 15, 15, 15, 15, 15, 15, 15, 15, 15, 15, 15, 15, 15, 15, 15, 15, 15, 15, 15, 15, 15, 15, 15, 15, 15, 15, 15, 15, 15, 15, 15, 15, 15, 15, 15, 15, 15, 15, 15, 15, 15, 15, 15, 15, 15, 15, 15, 15, 15, 15, 15, 15, 15, 14, 14, 14, 14, 14, 14, 14, 14, 14, 14, 14, 14, 14, 14, 14, 14, 14, 14, 14, 14]",405,"[0.41265687346458435, 0.3873732388019562, 0.38927212357521057, 0.3823670446872711, 0.37962958216667175, 0.3820389211177826, 0.370776891708374, 0.3696468472480774, 0.3690400719642639, 0.3686106503009796, 0.36474573612213135, 0.3695540726184845, 0.36369600892066956, 0.36277633905410767, 0.36118370294570923, 0.39554551243782043, 0.3694724142551422, 0.35561707615852356, 0.35387682914733887, 0.40044915676116943, 0.35437843203544617, 0.36197754740715027, 0.3491811454296112, 0.3485216200351715, 0.3557159900665283, 0.3452211022377014, 0.3578963875770569, 0.34847575426101685, 0.38922441005706787, 0.3656555414199829, 0.340652197599411, 0.33951812982559204, 0.3384171426296234, 0.33632001280784607, 0.34038230776786804, 0.3438187837600708, 0.34386810660362244, 0.32998180389404297, 0.3329564929008484, 0.32929664850234985, 0.32871609926223755, 0.33225804567337036, 0.3479699194431305, 0.3398053050041199, 0.32423609495162964, 0.32437047362327576, 0.3230859339237213, 0.32333919405937195, 0.32165414094924927, 0.32111209630966187, 0.3303447961807251, 0.3268524408340454, 0.35727009177207947, 0.3156183660030365, 0.33217689394950867, 0.3120065927505493, 0.310046911239624, 0.32296380400657654, 0.3090868592262268, 0.3399348556995392, 0.3064057528972626, 0.31414133310317993, 0.30454832315444946, 0.32598820328712463, 0.3138742744922638, 0.300578773021698, 0.3120725452899933, 0.2964616119861603, 0.2947433590888977, 0.2945196032524109, 0.30276671051979065, 0.29183006286621094, 0.2903117537498474, 0.29480019211769104, 0.2884444296360016, 0.28868579864501953, 0.2861819565296173, 0.28948232531547546, 0.27930888533592224, 0.27786779403686523, 0.28907015919685364, 0.29093945026397705, 0.2816714942455292, 0.26922866702079773, 0.27697521448135376, 0.2755952775478363, 0.27131569385528564, 0.26299118995666504, 0.26489055156707764, 0.2768796980381012, 0.25882312655448914, 0.267151802778244, 0.25939127802848816, 0.2599520683288574, 0.2579794228076935, 0.2578650116920471, 0.25590190291404724, 0.2560180127620697, 0.258009135723114, 0.2544640600681305, 0.25401246547698975, 0.25765183568000793, 0.2571190893650055, 0.25345921516418457, 0.2704225480556488, 0.2618812322616577, 0.2618767023086548, 0.2557237148284912, 0.24894440174102783, 0.250803679227829, 0.2473108470439911, 0.25550875067710876, 0.24867886304855347, 0.24627438187599182, 0.25168782472610474, 0.24537856876850128, 0.25342854857444763, 0.24520501494407654, 0.24645251035690308, 0.24604342877864838, 0.24476002156734467, 0.2454194873571396, 0.24223464727401733, 0.24527692794799805, 0.24244660139083862, 0.24313077330589294, 0.24925164878368378, 0.2435910403728485, 0.2430109977722168, 0.23988990485668182, 0.24050350487232208, 0.23701982200145721, 0.23823504149913788, 0.23664823174476624, 0.23997358977794647, 0.23552842438220978, 0.23694640398025513, 0.2346094846725464, 0.23548106849193573, 0.24024638533592224, 0.23376159369945526, 0.23903696238994598, 0.23411837220191956, 0.2342027723789215, 0.23404651880264282, 0.23320358991622925, 0.24037183821201324, 0.2504216134548187, 0.23049522936344147, 0.23901405930519104, 0.24206562340259552, 0.23110240697860718, 0.2312423139810562, 0.22915653884410858, 0.2343173772096634, 0.23078541457653046, 0.2369784414768219, 0.22953563928604126, 0.24828824400901794, 0.22980476915836334, 0.22797757387161255, 0.22669273614883423, 0.2452135533094406, 0.22778064012527466, 0.22847497463226318, 0.22686238586902618, 0.22473421692848206, 0.226925790309906, 0.22654739022254944, 0.22238153219223022, 0.2221921980381012, 0.22347700595855713, 0.22404120862483978, 0.22705908119678497, 0.22227555513381958, 0.22824274003505707, 0.22194714844226837, 0.2325107753276825, 0.22185970842838287, 0.22860576212406158, 0.2200060337781906, 0.2186100333929062, 0.2185988575220108, 0.2179357409477234, 0.21983283758163452, 0.2248813956975937, 0.21758876740932465, 0.2169943004846573, 0.21911627054214478, 0.21763381361961365, 0.21868424117565155, 0.22285489737987518, 0.2163364291191101, 0.218556746840477, 0.22178693115711212, 0.2156408727169037, 0.21531842648983002, 0.22217653691768646, 0.2153680920600891, 0.21537433564662933, 0.21590179204940796, 0.21338896453380585, 0.2127138078212738, 0.21305331587791443, 0.21540506184101105, 0.21716640889644623, 0.22286321222782135, 0.2146558165550232, 0.2212287336587906, 0.21282121539115906, 0.2124401479959488, 0.21453379094600677, 0.2171788215637207, 0.2145361304283142, 0.21112382411956787, 0.21730493009090424, 0.20997333526611328, 0.2103300541639328, 0.21076756715774536, 0.21134807169437408, 0.2117108553647995, 0.21455517411231995, 0.22485516965389252, 0.20883718132972717, 0.20896920561790466, 0.20923279225826263, 0.20842784643173218, 0.21497780084609985, 0.20807607471942902, 0.21129967272281647, 0.21764501929283142, 0.21040382981300354, 0.20887348055839539, 0.20838789641857147, 0.21460208296775818, 0.21018598973751068, 0.21463194489479065, 0.20811662077903748, 0.20635326206684113, 0.20609742403030396, 0.2063305526971817, 0.2121056616306305, 0.2082521617412567, 0.21054410934448242, 0.20648351311683655, 0.21650996804237366, 0.2055394947528839, 0.2096068561077118, 0.2126985788345337, 0.20521366596221924, 0.20938605070114136, 0.21470575034618378, 0.21292412281036377, 0.20573310554027557, 0.20388658344745636, 0.2049044370651245, 0.2065863460302353, 0.20648770034313202, 0.20743528008460999, 0.2025490701198578, 0.20439189672470093, 0.20640721917152405, 0.20215341448783875, 0.20131878554821014, 0.20682908594608307, 0.2105594128370285, 0.20100708305835724, 0.20664426684379578, 0.20585863292217255, 0.20239534974098206, 0.2020876705646515, 0.2118512988090515, 0.2010323405265808, 0.20116285979747772, 0.20264951884746552, 0.20751947164535522, 0.2032393515110016, 0.21505330502986908, 0.20820418000221252, 0.2149614840745926, 0.2019532322883606, 0.20307743549346924, 0.20270225405693054, 0.20424579083919525, 0.2032902091741562, 0.21373242139816284, 0.20098739862442017, 0.2013757824897766, 0.20246917009353638, 0.20489922165870667, 0.20072287321090698, 0.20114079117774963, 0.20930162072181702, 0.2007468193769455, 0.2004365473985672, 0.20147794485092163, 0.1990441083908081, 0.2057216465473175, 0.20241767168045044, 0.19772613048553467, 0.19978992640972137, 0.19663697481155396, 0.1993725746870041, 0.199056014418602, 0.20485606789588928, 0.20844069123268127, 0.20022591948509216, 0.19953365623950958, 0.198958620429039, 0.1985434889793396, 0.20075897872447968, 0.21483737230300903, 0.21544606983661652, 0.2070753276348114, 0.1985776722431183, 0.20223304629325867, 0.20074063539505005, 0.20032855868339539, 0.20242711901664734, 0.1996895670890808, 0.19907937943935394, 0.19963759183883667, 0.1974969357252121, 0.19649334251880646, 0.19544470310211182, 0.19600044190883636, 0.19662146270275116, 0.20113259553909302, 0.19703912734985352, 0.1976056843996048, 0.19808834791183472, 0.2240401804447174, 0.19740942120552063, 0.2048107087612152, 0.1973155438899994, 0.19889669120311737, 0.1969628781080246, 0.1960565149784088, 0.20310252904891968, 0.21000778675079346, 0.19545897841453552, 0.1958557516336441, 0.1969282031059265, 0.19722318649291992, 0.19766880571842194, 0.19620566070079803, 0.19749200344085693, 0.19830629229545593, 0.2055424153804779, 0.1976982057094574, 0.19617746770381927, 0.1945706605911255, 0.2001882791519165, 0.19927340745925903, 0.1946505308151245, 0.1947210282087326, 0.20536665618419647, 0.1933005452156067, 0.19419951736927032, 0.21891364455223083, 0.19609017670154572, 0.20183983445167542, 0.19734714925289154, 0.2225337028503418, 0.19935807585716248, 0.1956976056098938, 0.19616621732711792, 0.19558849930763245, 0.1944093555212021, 0.19358772039413452, 0.19378431141376495, 0.19135278463363647, 0.1949351280927658, 0.1933870166540146, 0.19349341094493866, 0.2084883749485016, 0.1984684020280838, 0.192956805229187, 0.20850269496440887, 0.19902795553207397, 0.19573307037353516, 0.1953454613685608, 0.1951160877943039, 0.19811952114105225, 0.1980975866317749, 0.3582586944103241, 0.2071215957403183, 0.2083723396062851, 0.2023942619562149, 0.2006463259458542, 0.20084930956363678, 0.19983552396297455, 0.19718407094478607, 0.19846175611019135, 0.19741275906562805, 0.19890709221363068, 0.20021767914295197, 0.19287127256393433, 0.19432735443115234, 0.19335170090198517, 0.19692857563495636, 0.19295568764209747, 0.19397670030593872, 0.19195231795310974, 0.19340915977954865]",14.0,"[33.0, 33.0, 33.0, 33.0, 33.0, 33.0, 33.0, 33.0, 33.0, 33.0, 33.0, 33.0, 33.0, 33.0, 33.0, 33.0, 33.0, 33.0, 33.0, 33.0, 33.0, 33.0, 33.0, 33.0, 33.0, 33.0, 33.0, 33.0, 33.0, 33.0, 33.0, 33.0, 33.0, 33.0, 33.0, 33.0, 33.0, 33.0, 33.0, 33.0, 33.0, 33.0, 33.0, 33.0, 33.0, 33.0, 33.0, 33.0, 33.0, 33.0, 33.0, 33.0, 33.0, 33.0, 33.0, 33.0, 33.0, 33.0, 33.0, 33.0, 33.0, 33.0, 33.0, 33.0, 33.0, 33.0, 33.0, 33.0, 33.0, 33.0, 33.0, 33.0, 33.0, 33.0, 33.0, 33.0, 33.0, 33.0, 33.0, 33.0, 32.0, 32.0, 29.0, 28.0, 25.0, 22.0, 22.0, 20.0, 20.0, 20.0, 20.0, 20.0, 19.0, 19.0, 19.0, 19.0, 19.0, 19.0, 19.0, 17.0, 17.0, 17.0, 17.0, 17.0, 16.0, 16.0, 16.0, 16.0, 16.0, 16.0, 16.0, 16.0, 16.0, 16.0, 16.0, 16.0, 16.0, 16.0, 15.0, 15.0, 15.0, 15.0, 15.0, 15.0, 15.0, 15.0, 15.0, 15.0, 15.0, 15.0, 15.0, 15.0, 15.0, 15.0, 15.0, 15.0, 15.0, 15.0, 15.0, 15.0, 15.0, 15.0, 15.0, 15.0, 15.0, 15.0, 15.0, 15.0, 15.0, 15.0, 15.0, 15.0, 15.0, 15.0, 15.0, 15.0, 15.0, 15.0, 15.0, 15.0, 15.0, 15.0, 15.0, 15.0, 15.0, 15.0, 15.0, 15.0, 15.0, 15.0, 15.0, 15.0, 15.0, 15.0, 15.0, 15.0, 15.0, 15.0, 15.0, 15.0, 15.0, 15.0, 15.0, 15.0, 15.0, 15.0, 15.0, 15.0, 15.0, 15.0, 15.0, 15.0, 15.0, 15.0, 15.0, 15.0, 15.0, 15.0, 15.0, 15.0, 15.0, 15.0, 15.0, 15.0, 15.0, 15.0, 15.0, 15.0, 15.0, 15.0, 15.0, 15.0, 15.0, 15.0, 15.0, 15.0, 15.0, 15.0, 15.0, 15.0, 15.0, 15.0, 15.0, 15.0, 15.0, 15.0, 15.0, 15.0, 15.0, 15.0, 15.0, 15.0, 15.0, 15.0, 15.0, 15.0, 15.0, 15.0, 15.0, 15.0, 15.0, 15.0, 15.0, 15.0, 15.0, 15.0, 15.0, 15.0, 15.0, 15.0, 15.0, 15.0, 15.0, 15.0, 15.0, 15.0, 15.0, 15