,number,value,datetime_start,datetime_complete,duration,params_batch_size_scaler,params_constant_learning_rate,params_depth,params_epochs,params_kernel_l2,params_num_trees,params_temperature,user_attrs_accuracy_test,user_attrs_accuracy_valid,user_attrs_approximate_feature_sparsity,user_attrs_approximate_feature_sparsity_history,user_attrs_approximate_weight_sparsity,user_attrs_approximate_weight_sparsity_history,user_attrs_auc_test,user_attrs_auc_valid,user_attrs_feature_sparsity,user_attrs_feature_sparsity_history,user_attrs_num_epochs,user_attrs_val_loss_history,user_attrs_weight_sparsity,user_attrs_weight_sparsity_history,state
54,54,0.5,2024-08-31 02:35:58.542379,2024-08-31 02:40:03.778101,0 days 00:04:05.235722,4,7.732340308192193,5,410,0.0338393170814385,2,0.001004372027504614,0.859,0.85875,0,"[3, 1, 0, 0, 0, 0, 0, 0, 0, 0, 0, 0, 0, 0, 0, 0, 0, 0, 0, 0, 0, 0, 0, 0, 0, 0, 0, 0, 0, 0, 0, 0, 0, 0, 0, 0, 0, 0, 0, 0, 0, 0, 0, 0, 0, 0, 0, 0, 0, 0, 0, 0, 0, 0, 0, 0, 0, 0, 0, 0, 0, 0, 0, 0, 0, 0, 0, 0, 0, 0, 0, 0, 0, 0, 0, 0, 0, 0, 0, 0, 0, 0, 0, 0, 0, 0, 0, 0, 0, 0, 0, 0, 0, 0, 0, 0, 0, 0, 0, 0, 0, 0, 0, 0, 0, 0, 0, 0, 0, 0, 0, 0, 0, 0, 0, 0, 0, 0, 0, 0, 0, 0, 0, 0, 0, 0, 0, 0, 0, 0, 0, 0, 0, 0, 0, 0, 0, 0, 0, 0, 0, 0, 0, 0, 0, 0, 0, 0, 0, 0, 0, 0, 0, 0, 0, 0, 0, 0, 0, 0, 0, 0, 0, 0, 0, 0, 0, 0, 0, 0, 0, 0, 0, 0, 0, 0, 0, 0, 0, 0, 0, 0, 0, 0, 0, 0, 0, 0, 0, 0, 0, 0, 0, 0, 0, 0, 0, 0, 0, 0, 0, 0, 0, 0, 0, 0, 0, 0, 0, 0, 0, 0, 0, 0, 0, 0, 0, 0, 0, 0, 0, 0, 0, 0, 0, 0, 0, 0, 0, 0, 0, 0, 0, 0, 0, 0, 0, 0, 0, 0, 0, 0, 0, 0, 0, 0, 0, 0, 0, 0, 0, 0, 0, 0, 0, 0, 0, 0, 0, 0, 0, 0, 0, 0, 0, 0, 0, 0, 0, 0, 0, 0, 0, 0, 0, 0, 0, 0, 0, 0, 0, 0, 0, 0, 0, 0, 0, 0, 0, 0, 0, 0, 0, 0, 0, 0, 0, 0, 0, 0, 0, 0, 0, 0, 0, 0, 0, 0, 0, 0, 0, 0, 0, 0, 0, 0, 0, 0, 0, 0, 0, 0, 0, 0, 0, 0, 0, 0, 0, 0, 0, 0, 0, 0, 0, 0, 0, 0, 0, 0, 0, 0, 0, 0, 0, 0, 0, 0, 0, 0, 0, 0, 0, 0, 0, 0, 0, 0, 0, 0, 0, 0, 0, 0, 0, 0, 0, 0, 0, 0, 0, 0, 0, 0, 0, 0, 0, 0, 0, 0, 0, 0, 0, 0, 0, 0, 0, 0, 0, 0, 0, 0, 0, 0, 0, 0, 0, 0, 0, 0, 0, 0, 0, 0, 0, 0, 0, 0, 0, 0]",0.0,"[3.0, 1.0, 0.0, 0.0, 0.0, 0.0, 0.0, 0.0, 0.0, 0.0, 0.0, 0.0, 0.0, 0.0, 0.0, 0.0, 0.0, 0.0, 0.0, 0.0, 0.0, 0.0, 0.0, 0.0, 0.0, 0.0, 0.0, 0.0, 0.0, 0.0, 0.0, 0.0, 0.0, 0.0, 0.0, 0.0, 0.0, 0.0, 0.0, 0.0, 0.0, 0.0, 0.0, 0.0, 0.0, 0.0, 0.0, 0.0, 0.0, 0.0, 0.0, 0.0, 0.0, 0.0, 0.0, 0.0, 0.0, 0.0, 0.0, 0.0, 0.0, 0.0, 0.0, 0.0, 0.0, 0.0, 0.0, 0.0, 0.0, 0.0, 0.0, 0.0, 0.0, 0.0, 0.0, 0.0, 0.0, 0.0, 0.0, 0.0, 0.0, 0.0, 0.0, 0.0, 0.0, 0.0, 0.0, 0.0, 0.0, 0.0, 0.0, 0.0, 0.0, 0.0, 0.0, 0.0, 0.0, 0.0, 0.0, 0.0, 0.0, 0.0, 0.0, 0.0, 0.0, 0.0, 0.0, 0.0, 0.0, 0.0, 0.0, 0.0, 0.0, 0.0, 0.0, 0.0, 0.0, 0.0, 0.0, 0.0, 0.0, 0.0, 0.0, 0.0, 0.0, 0.0, 0.0, 0.0, 0.0, 0.0, 0.0, 0.0, 0.0, 0.0, 0.0, 0.0, 0.0, 0.0, 0.0, 0.0, 0.0, 0.0, 0.0, 0.0, 0.0, 0.0, 0.0, 0.0, 0.0, 0.0, 0.0, 0.0, 0.0, 0.0, 0.0, 0.0, 0.0, 0.0, 0.0, 0.0, 0.0, 0.0, 0.0, 0.0, 0.0, 0.0, 0.0, 0.0, 0.0, 0.0, 0.0, 0.0, 0.0, 0.0, 0.0, 0.0, 0.0, 0.0, 0.0, 0.0, 0.0, 0.0, 0.0, 0.0, 0.0, 0.0, 0.0, 0.0, 0.0, 0.0, 0.0, 0.0, 0.0, 0.0, 0.0, 0.0, 0.0, 0.0, 0.0, 0.0, 0.0, 0.0, 0.0, 0.0, 0.0, 0.0, 0.0, 0.0, 0.0, 0.0, 0.0, 0.0, 0.0, 0.0, 0.0, 0.0, 0.0, 0.0, 0.0, 0.0, 0.0, 0.0, 0.0, 0.0, 0.0, 0.0, 0.0, 0.0, 0.0, 0.0, 0.0, 0.0, 0.0, 0.0, 0.0, 0.0, 0.0, 0.0, 0.0, 0.0, 0.0, 0.0, 0.0, 0.0, 0.0, 0.0, 0.0, 0.0, 0.0, 0.0, 0.0, 0.0, 0.0, 0.0, 0.0, 0.0, 0.0, 0.0, 0.0, 0.0, 0.0, 0.0, 0.0, 0.0, 0.0, 0.0, 0.0, 0.0, 0.0, 0.0, 0.0, 0.0, 0.0, 0.0, 0.0, 0.0, 0.0, 0.0, 0.0, 0.0, 0.0, 0.0, 0.0, 0.0, 0.0, 0.0, 0.0, 0.0, 0.0, 0.0, 0.0, 0.0, 0.0, 0.0, 0.0, 0.0, 0.0, 0.0, 0.0, 0.0, 0.0, 0.0, 0.0, 0.0, 0.0, 0.0, 0.0, 0.0, 0.0, 0.0, 0.0, 0.0, 0.0, 0.0, 0.0, 0.0, 0.0, 0.0, 0.0, 0.0, 0.0, 0.0, 0.0, 0.0, 0.0, 0.0, 0.0, 0.0, 0.0, 0.0, 0.0, 0.0, 0.0, 0.0, 0.0, 0.0, 0.0, 0.0, 0.0, 0.0, 0.0, 0.0, 0.0, 0.0, 0.0, 0.0, 0.0, 0.0, 0.0, 0.0, 0.0, 0.0, 0.0, 0.0, 0.0, 0.0, 0.0, 0.0, 0.0, 0.0, 0.0, 0.0, 0.0, 0.0, 0.0, 0.0, 0.0, 0.0, 0.0, 0.0, 0.0, 0.0, 0.0, 0.0, 0.0, 0.0, 0.0, 0.0, 0.0, 0.0, 0.0, 0.0, 0.0, 0.0, 0.0, 0.0, 0.0, 0.0, 0.0, 0.0, 0.0, 0.0, 0.0, 0.0, 0.0, 0.0, 0.0, 0.0, 0.0, 0.0, 0.0, 0.0, 0.0, 0.0, 0.0, 0.0, 0.0, 0.0, 0.0, 0.0]",0.5,0.5,0,"[3, 1, 0, 0, 0, 0, 0, 0, 0, 0, 0, 0, 0, 0, 0, 0, 0, 0, 0, 0, 0, 0, 0, 0, 0, 0, 0, 0, 0, 0, 0, 0, 0, 0, 0, 0, 0, 0, 0, 0, 0, 0, 0, 0, 0, 0, 0, 0, 0, 0, 0, 0, 0, 0, 0, 0, 0, 0, 0, 0, 0, 0, 0, 0, 0, 0, 0, 0, 0, 0, 0, 0, 0, 0, 0, 0, 0, 0, 0, 0, 0, 0, 0, 0, 0, 0, 0, 0, 0, 0, 0, 0, 0, 0, 0, 0, 0, 0, 0, 0, 0, 0, 0, 0, 0, 0, 0, 0, 0, 0, 0, 0, 0, 0, 0, 0, 0, 0, 0, 0, 0, 0, 0, 0, 0, 0, 0, 0, 0, 0, 0, 0, 0, 0, 0, 0, 0, 0, 0, 0, 0, 0, 0, 0, 0, 0, 0, 0, 0, 0, 0, 0, 0, 0, 0, 0, 0, 0, 0, 0, 0, 0, 0, 0, 0, 0, 0, 0, 0, 0, 0, 0, 0, 0, 0, 0, 0, 0, 0, 0, 0, 0, 0, 0, 0, 0, 0, 0, 0, 0, 0, 0, 0, 0, 0, 0, 0, 0, 0, 0, 0, 0, 0, 0, 0, 0, 0, 0, 0, 0, 0, 0, 0, 0, 0, 0, 0, 0, 0, 0, 0, 0, 0, 0, 0, 0, 0, 0, 0, 0, 0, 0, 0, 0, 0, 0, 0, 0, 0, 0, 0, 0, 0, 0, 0, 0, 0, 0, 0, 0, 0, 0, 0, 0, 0, 0, 0, 0, 0, 0, 0, 0, 0, 0, 0, 0, 0, 0, 0, 0, 0, 0, 0, 0, 0, 0, 0, 0, 0, 0, 0, 0, 0, 0, 0, 0, 0, 0, 0, 0, 0, 0, 0, 0, 0, 0, 0, 0, 0, 0, 0, 0, 0, 0, 0, 0, 0, 0, 0, 0, 0, 0, 0, 0, 0, 0, 0, 0, 0, 0, 0, 0, 0, 0, 0, 0, 0, 0, 0, 0, 0, 0, 0, 0, 0, 0, 0, 0, 0, 0, 0, 0, 0, 0, 0, 0, 0, 0, 0, 0, 0, 0, 0, 0, 0, 0, 0, 0, 0, 0, 0, 0, 0, 0, 0, 0, 0, 0, 0, 0, 0, 0, 0, 0, 0, 0, 0, 0, 0, 0, 0, 0, 0, 0, 0, 0, 0, 0, 0, 0, 0, 0, 0, 0, 0, 0, 0, 0, 0, 0, 0, 0, 0, 0, 0, 0, 0, 0, 0, 0]",410,"[0.3482542335987091, 0.38948819041252136, 0.4081900119781494, 0.41642069816589355, 0.41167059540748596, 0.4107389450073242, 0.41257861256599426, 0.4078395366668701, 0.40728557109832764, 0.40915608406066895, 0.4072510004043579, 0.4076983332633972, 0.4079434275627136, 0.40774405002593994, 0.4073317348957062, 0.40784090757369995, 0.4074878394603729, 0.40768054127693176, 0.4083464443683624, 0.4097439646720886, 0.41165053844451904, 0.40732643008232117, 0.4073641300201416, 0.4081188440322876, 0.40726238489151, 0.4078638553619385, 0.40853703022003174, 0.4081004858016968, 0.4080349802970886, 0.4078708291053772, 0.40735599398612976, 0.4075365960597992, 0.40722620487213135, 0.40760791301727295, 0.4076289236545563, 0.4077928066253662, 0.40723052620887756, 0.40826356410980225, 0.40835297107696533, 0.40875884890556335, 0.4072697162628174, 0.4073292016983032, 0.4072621166706085, 0.4077293872833252, 0.40727007389068604, 0.40801185369491577, 0.40826746821403503, 0.4074002802371979, 0.4085890054702759, 0.40725845098495483, 0.4080975651741028, 0.40726950764656067, 0.4077412784099579, 0.408218115568161, 0.4084599018096924, 0.4098558723926544, 0.4081086218357086, 0.40739136934280396, 0.40732046961784363, 0.4072326719760895, 0.40723758935928345, 0.41040125489234924, 0.4077223539352417, 0.4072304964065552, 0.40741440653800964, 0.40893325209617615, 0.407263845205307, 0.40726956725120544, 0.40767911076545715, 0.40726256370544434, 0.4073617160320282, 0.4079546332359314, 0.40746915340423584, 0.40926316380500793, 0.4074108898639679, 0.4076367914676666, 0.40773090720176697, 0.40754151344299316, 0.40807169675827026, 0.4072631597518921, 0.41163405776023865, 0.40739738941192627, 0.4074406921863556, 0.4073997437953949, 0.40736159682273865, 0.4072590172290802, 0.407379686832428, 0.40722981095314026, 0.4075465798377991, 0.4080359935760498, 0.40722787380218506, 0.4075281023979187, 0.4082506597042084, 0.4075496196746826, 0.4073915481567383, 0.40734928846359253, 0.40785491466522217, 0.40783026814460754, 0.4072261154651642, 0.4073988199234009, 0.40800562500953674, 0.4091554284095764, 0.40722721815109253, 0.4075067937374115, 0.40723365545272827, 0.40724581480026245, 0.4072268307209015, 0.40766066312789917, 0.40723443031311035, 0.4090249240398407, 0.4075869619846344, 0.4074462056159973, 0.40738505125045776, 0.40722620487213135, 0.40730273723602295, 0.407647967338562, 0.4073011875152588, 0.407232403755188, 0.4076184034347534, 0.4074121117591858, 0.40726691484451294, 0.40725505352020264, 0.4090772271156311, 0.41005459427833557, 0.4078201651573181, 0.4075254499912262, 0.4077080488204956, 0.40726935863494873, 0.4080977737903595, 0.4089386463165283, 0.4072268307209015, 0.40777289867401123, 0.4083544611930847, 0.4073220491409302, 0.40808653831481934, 0.40863922238349915, 0.40722981095314026, 0.407288521528244, 0.40749791264533997, 0.4080990254878998, 0.4077361226081848, 0.4083036184310913, 0.4100121259689331, 0.4076158106327057, 0.40753960609436035, 0.40940725803375244, 0.40728995203971863, 0.4072988033294678, 0.40731433033943176, 0.4072631001472473, 0.40756726264953613, 0.4072381854057312, 0.4073644280433655, 0.40771007537841797, 0.408249169588089, 0.40723592042922974, 0.4080670177936554, 0.4086838662624359, 0.40731388330459595, 0.4072478413581848, 0.4079449772834778, 0.40722858905792236, 0.40768763422966003, 0.4076226055622101, 0.40847647190093994, 0.40756821632385254, 0.4088182747364044, 0.4082084894180298, 0.4076715409755707, 0.4072697162628174, 0.4079449772834778, 0.40776970982551575, 0.4073368012905121, 0.40742409229278564, 0.40772300958633423, 0.40736106038093567, 0.40730059146881104, 0.40794095396995544, 0.4076593816280365, 0.4098774194717407, 0.40722736716270447, 0.40800055861473083, 0.40724846720695496, 0.4072340726852417, 0.40722939372062683, 0.40724635124206543, 0.4073851704597473, 0.40806353092193604, 0.40733855962753296, 0.40802326798439026, 0.40804043412208557, 0.4077204465866089, 0.40743327140808105, 0.4080123007297516, 0.4079015254974365, 0.40767157077789307, 0.407903790473938, 0.4075123965740204, 0.40723609924316406, 0.40751391649246216, 0.4072618782520294, 0.40790608525276184, 0.40785473585128784, 0.40728864073753357, 0.40761634707450867, 0.40722715854644775, 0.4072348475456238, 0.4072343707084656, 0.40772923827171326, 0.40858131647109985, 0.40746861696243286, 0.40723130106925964, 0.40722742676734924, 0.4075412452220917, 0.40791642665863037, 0.4072536528110504, 0.40752869844436646, 0.4072469472885132, 0.40741294622421265, 0.41102370619773865, 0.4078250825405121, 0.4076453149318695, 0.40805643796920776, 0.4073438346385956, 0.40727028250694275, 0.4073446989059448, 0.407260924577713, 0.4072573781013489, 0.40759146213531494, 0.40880048274993896, 0.40853336453437805, 0.40740296244621277, 0.40751853585243225, 0.40776729583740234, 0.4073299169540405, 0.4077035188674927, 0.40724417567253113, 0.4074593484401703, 0.40726515650749207, 0.4072268307209015, 0.40763118863105774, 0.4073346257209778, 0.4072262942790985, 0.40852072834968567, 0.4072416424751282, 0.4076373279094696, 0.407368004322052, 0.40726712346076965, 0.40732184052467346, 0.40722665190696716, 0.4072798490524292, 0.40727293491363525, 0.40724220871925354, 0.40863731503486633, 0.40743502974510193, 0.4072860777378082, 0.4073778986930847, 0.40730082988739014, 0.40750831365585327, 0.407470166683197, 0.4076857268810272, 0.40793895721435547, 0.40727683901786804, 0.40722736716270447, 0.40773528814315796, 0.40746673941612244, 0.4077525734901428, 0.40722617506980896, 0.4072476923465729, 0.40796035528182983, 0.40756821632385254, 0.4073421359062195, 0.40730398893356323, 0.40723320841789246, 0.4076797366142273, 0.40722891688346863, 0.4075429141521454, 0.4076671898365021, 0.4082253575325012, 0.40736159682273865, 0.40799444913864136, 0.40945079922676086, 0.4072275161743164, 0.40727972984313965, 0.4082140028476715, 0.40732017159461975, 0.4073188304901123, 0.4075005352497101, 0.4073483943939209, 0.40812942385673523, 0.40722617506980896, 0.4076533615589142, 0.40746378898620605, 0.4076192080974579, 0.408479779958725, 0.4073874354362488, 0.4076164662837982, 0.4078267812728882, 0.40791720151901245, 0.40900030732154846, 0.40734535455703735, 0.40968891978263855, 0.4078929126262665, 0.4082086980342865, 0.4079365134239197, 0.40730831027030945, 0.40743717551231384, 0.40749794244766235, 0.40754234790802, 0.4073468744754791, 0.4076792895793915, 0.40737205743789673, 0.4074537754058838, 0.4072340428829193, 0.40731126070022583, 0.40725967288017273, 0.40746819972991943, 0.4073982238769531, 0.4077531695365906, 0.4072265923023224, 0.40723946690559387, 0.40723109245300293, 0.40722960233688354, 0.40814927220344543, 0.4074104428291321, 0.4079327881336212, 0.40790730714797974, 0.4073670506477356, 0.4076372981071472, 0.4073256254196167, 0.4078092873096466, 0.40758606791496277, 0.40839606523513794, 0.4073745608329773, 0.40747952461242676, 0.40751317143440247, 0.4102528393268585, 0.4072263836860657, 0.4076578915119171, 0.4087110459804535, 0.40745270252227783, 0.40742751955986023, 0.4073900878429413, 0.4075291156768799, 0.4072772264480591, 0.4072643518447876, 0.4072364866733551, 0.4074118435382843, 0.40733933448791504, 0.4072940945625305, 0.4074658155441284, 0.4074772894382477, 0.40722671151161194, 0.40747374296188354, 0.40770423412323, 0.40767088532447815, 0.4076552987098694, 0.4072265625, 0.40740975737571716, 0.4078943133354187, 0.4078029692173004, 0.41092178225517273, 0.4074615240097046, 0.40725472569465637, 0.4076062738895416, 0.40722712874412537, 0.4077088236808777, 0.407265841960907, 0.40759041905403137, 0.40751802921295166, 0.40795063972473145, 0.4078630208969116, 0.4077737033367157, 0.4073549509048462, 0.40733203291893005, 0.40791842341423035, 0.4073218107223511, 0.40808993577957153, 0.40722620487213135, 0.4073343575000763, 0.40760281682014465, 0.40753501653671265, 0.40744927525520325, 0.4073632061481476, 0.40806153416633606, 0.4072780907154083, 0.4087807834148407, 0.4073563516139984, 0.40800726413726807, 0.40751904249191284, 0.4079085886478424, 0.40724673867225647, 0.4111374020576477, 0.4072268307209015, 0.40727612376213074, 0.40728065371513367, 0.4073221981525421, 0.4077260196208954, 0.40811747312545776, 0.4072697162628174, 0.40841448307037354, 0.4076368808746338, 0.4094025790691376, 0.4072900116443634, 0.40824994444847107, 0.40735113620758057, 0.4081541895866394, 0.4081301987171173, 0.40723279118537903, 0.4072737395763397]",0.0,"[3.0, 1.0, 0.0, 0.0, 0.0, 0.0, 0.0, 0.0, 0.0, 0.0, 0.0, 0.0, 0.0, 0.0, 0.0, 0.0, 0.0, 0.0, 0.0, 0.0, 0.0, 0.0, 0.0, 0.0, 0.0, 0.0, 0.0, 0.0, 0.0, 0.0, 0.0, 0.0, 0.0, 0.0, 0.0, 0.0, 0.0, 0.0, 0.0, 0.0, 0.0, 0.0, 0.0, 0.0, 0.0, 0.0, 0.0, 0.0, 0.0, 0.0, 0.0, 0.0, 0.0, 0.0, 0.0, 0.0, 0.0, 0.0, 0.0, 0.0, 0.0, 0.0, 0.0, 0.0, 0.0, 0.0, 0.0, 0.0, 0.0, 0.0, 0.0, 0.0, 0.0, 0.0, 0.0, 0.0, 0.0, 0.0, 0.0, 0.0, 0.0, 0.0, 0.0, 0.0, 0.0, 0.0, 0.0, 0.0, 0.0, 0.0, 0.0, 0.0, 0.0, 0.0, 0.0, 0.0, 0.0, 0.0, 0.0, 0.0, 0.0, 0.0, 0.0, 0.0, 0.0, 0.0, 0.0, 0.0, 0.0, 0.0, 0.0, 0.0, 0.0, 0.0, 0.0, 0.0, 0.0, 0.0, 0.0, 0.0, 0.0, 0.0, 0.0, 0.0, 0.0, 0.0, 0.0, 0.0, 0.0, 0.0, 0.0, 0.0, 0.0, 0.0, 0.0, 0.0, 0.0, 0.0, 0.0, 0.0, 0.0, 0.0, 0.0, 0.0, 0.0, 0.0, 0.0, 0.0, 0.0, 0.0, 0.0, 0.0, 0.0, 0.0, 0.0, 0.0, 0.0, 0.0, 0.0, 0.0, 0.0, 0.0, 0.0, 0.0, 0.0, 0.0, 0.0, 0.0, 0.0, 0.0, 0.0, 0.0, 0.0, 0.0, 0.0, 0.0, 0.0, 0.0, 0.0, 0.0, 0.0, 0.0, 0.0, 0.0, 0.0, 0.0, 0.0, 0.0, 0.0, 0.0, 0.0, 0.0, 0.0, 0.0, 0.0, 0.0, 0.0, 0.0, 0.0, 0.0, 0.0, 0.0, 0.0, 0.0, 0.0, 0.0, 0.0, 0.0, 0.0, 0.0, 0.0, 0.0, 0.0, 0.0, 0.0, 0.0, 0.0, 0.0, 0.0, 0.0, 0.0, 0.0, 0.0, 0.0, 0.0, 0.0, 0.0, 0.0, 0.0, 0.0, 0.0, 0.0, 0.0, 0.0, 0.0, 0.0, 0.0, 0.0, 0.0, 0.0, 0.0, 0.0, 0.0, 0.0, 0.0, 0.0, 0.0, 0.0, 0.0, 0.0, 0.0, 0.0, 0.0, 0.0, 0.0, 0.0, 0.0, 0.0, 0.0, 0.0, 0.0, 0.0, 0.0, 0.0, 0.0, 0.0, 0.0, 0.0, 0.0, 0.0, 0.0, 0.0, 0.0, 0.0, 0.0, 0.0, 0.0, 0.0, 0.0, 0.0, 0.0, 0.0, 0.0, 0.0, 0.0, 0.0, 0.0, 0.0, 0.0, 0.0, 0.0, 0.0, 0.0, 0.0, 0.0, 0.0, 0.0, 0.0, 0.0, 0.0, 0.0, 0.0, 0.0, 0.0, 0.0, 0.0, 0.0, 0.0, 0.0, 0.0, 0.0, 0.0, 0.0, 0.0, 0.0, 0.0, 0.0, 0.0, 0.0, 0.0, 0.0, 0.0, 0.0, 0.0, 0.0, 0.0, 0.0, 0.0, 0.0, 0.0, 0.0, 0.0, 0.0, 0.0, 0.0, 0.0, 0.0, 0.0, 0.0, 0.0, 0.0, 0.0, 0.0, 0.0, 0.0, 0.0, 0.0, 0.0, 0.0, 0.0, 0.0, 0.0, 0.0, 0.0, 0.0, 0.0, 0.0, 0.0, 0.0, 0.0, 0.0, 0.0, 0.0, 0.0, 0.0, 0.0, 0.0, 0.0, 0.0, 0.0, 0.0, 0.0, 0.0, 0.0, 0.0, 0.0, 0.0, 0.0, 0.0, 0.0, 0.0, 0.0, 0.0, 0.0, 0.0, 0.0, 0.0, 0.0, 0.0, 0.0, 0.0, 0.0, 0.0, 0.0, 0.0, 0.0, 0.0, 0.0, 0.0, 0.0, 0.0, 0.0, 0.0, 0.0, 0.0, 0.0, 0.0, 0.0, 0.0, 0.0]",COMPLETE
