,number,value,datetime_start,datetime_complete,duration,params_batch_size_scaler,params_constant_learning_rate,params_depth,params_epochs,params_kernel_l2,params_num_trees,params_temperature,user_attrs_accuracy_test,user_attrs_accuracy_valid,user_attrs_approximate_feature_sparsity,user_attrs_approximate_feature_sparsity_history,user_attrs_approximate_weight_sparsity,user_attrs_approximate_weight_sparsity_history,user_attrs_auc_test,user_attrs_auc_valid,user_attrs_feature_sparsity,user_attrs_feature_sparsity_history,user_attrs_num_epochs,user_attrs_val_loss_history,user_attrs_weight_sparsity,user_attrs_weight_sparsity_history,state
99,99,0.5,2024-08-31 04:39:12.011017,2024-08-31 04:40:50.118069,0 days 00:01:38.107052,64,1.623900759917383,4,470,0.004852210719617298,10,0.010750370508187557,0.859,0.85875,0,"[33, 33, 33, 27, 3, 0, 0, 0, 0, 0, 0, 0, 0, 0, 0, 0, 0, 0, 0, 0, 0, 0, 0, 0, 0, 0, 0, 0, 0, 0, 0, 0, 0, 0, 0, 0, 0, 0, 0, 0, 0, 0, 0, 0, 0, 0, 0, 0, 0, 0, 0, 0, 0, 0, 0, 0, 0, 0, 0, 0, 0, 0, 0, 0, 0, 0, 0, 0, 0, 0, 0, 0, 0, 0, 0, 0, 0, 0, 0, 0, 0, 0, 0, 0, 0, 0, 0, 0, 0, 0, 0, 0, 0, 0, 0, 0, 0, 0, 0, 0, 0, 0, 0, 0, 0, 0, 0, 0, 0, 0, 0, 0, 0, 0, 0, 0, 0, 0, 0, 0, 0, 0, 0, 0, 0, 0, 0, 0, 0, 0, 0, 0, 0, 0, 0, 0, 0, 0, 0, 0, 0, 0, 0, 0, 0, 0, 0, 0, 0, 0, 0, 0, 0, 0, 0, 0, 0, 0, 0, 0, 0, 0, 0, 0, 0, 0, 0, 0, 0, 0, 0, 0, 0, 0, 0, 0, 0, 0, 0, 0, 0, 0, 0, 0, 0, 0, 0, 0, 0, 0, 0, 0, 0, 0, 0, 0, 0, 0, 0, 0, 0, 0, 0, 0, 0, 0, 0, 0, 0, 0, 0, 0, 0, 0, 0, 0, 0, 0, 0, 0, 0, 0, 0, 0, 0, 0, 0, 0, 0, 0, 0, 0, 0, 0, 0, 0, 0, 0, 0, 0, 0, 0, 0, 0, 0, 0, 0, 0, 0, 0, 0, 0, 0, 0, 0, 0, 0, 0, 0, 0, 0, 0, 0, 0, 0, 0, 0, 0, 0, 0, 0, 0, 0, 0, 0, 0, 0, 0, 0, 0, 0, 0, 0, 0, 0, 0, 0, 0, 0, 0, 0, 0, 0, 0, 0, 0, 0, 0, 0, 0, 0, 0, 0, 0, 0, 0, 0, 0, 0, 0, 0, 0, 0, 0, 0, 0, 0, 0, 0, 0, 0, 0, 0, 0, 0, 0, 0, 0, 0, 0, 0, 0, 0, 0, 0, 0, 0, 0, 0, 0, 0, 0, 0, 0, 0, 0, 0, 0, 0, 0, 0, 0, 0, 0, 0, 0, 0, 0, 0, 0, 0, 0, 0, 0, 0, 0, 0, 0, 0, 0, 0, 0, 0, 0, 0, 0, 0, 0, 0, 0, 0, 0, 0, 0, 0, 0, 0, 0, 0, 0, 0, 0, 0, 0, 0, 0, 0, 0, 0, 0, 0, 0, 0, 0, 0, 0, 0, 0, 0, 0, 0, 0, 0, 0, 0, 0, 0, 0, 0, 0, 0, 0, 0, 0, 0, 0, 0, 0, 0, 0, 0, 0, 0, 0, 0, 0, 0, 0, 0, 0, 0, 0, 0, 0, 0, 0, 0, 0, 0, 0, 0, 0, 0, 0, 0, 0, 0, 0, 0, 0, 0, 0, 0, 0, 0, 0, 0, 0, 0, 0]",0.0,"[32.99333333333333, 32.98, 32.980000000000004, 26.986666666666665, 3.0, 0.0, 0.0, 0.0, 0.0, 0.0, 0.0, 0.0, 0.0, 0.0, 0.0, 0.0, 0.0, 0.0, 0.0, 0.0, 0.0, 0.0, 0.0, 0.0, 0.0, 0.0, 0.0, 0.0, 0.0, 0.0, 0.0, 0.0, 0.0, 0.0, 0.0, 0.0, 0.0, 0.0, 0.0, 0.0, 0.0, 0.0, 0.0, 0.0, 0.0, 0.0, 0.0, 0.0, 0.0, 0.0, 0.0, 0.0, 0.0, 0.0, 0.0, 0.0, 0.0, 0.0, 0.0, 0.0, 0.0, 0.0, 0.0, 0.0, 0.0, 0.0, 0.0, 0.0, 0.0, 0.0, 0.0, 0.0, 0.0, 0.0, 0.0, 0.0, 0.0, 0.0, 0.0, 0.0, 0.0, 0.0, 0.0, 0.0, 0.0, 0.0, 0.0, 0.0, 0.0, 0.0, 0.0, 0.0, 0.0, 0.0, 0.0, 0.0, 0.0, 0.0, 0.0, 0.0, 0.0, 0.0, 0.0, 0.0, 0.0, 0.0, 0.0, 0.0, 0.0, 0.0, 0.0, 0.0, 0.0, 0.0, 0.0, 0.0, 0.0, 0.0, 0.0, 0.0, 0.0, 0.0, 0.0, 0.0, 0.0, 0.0, 0.0, 0.0, 0.0, 0.0, 0.0, 0.0, 0.0, 0.0, 0.0, 0.0, 0.0, 0.0, 0.0, 0.0, 0.0, 0.0, 0.0, 0.0, 0.0, 0.0, 0.0, 0.0, 0.0, 0.0, 0.0, 0.0, 0.0, 0.0, 0.0, 0.0, 0.0, 0.0, 0.0, 0.0, 0.0, 0.0, 0.0, 0.0, 0.0, 0.0, 0.0, 0.0, 0.0, 0.0, 0.0, 0.0, 0.0, 0.0, 0.0, 0.0, 0.0, 0.0, 0.0, 0.0, 0.0, 0.0, 0.0, 0.0, 0.0, 0.0, 0.0, 0.0, 0.0, 0.0, 0.0, 0.0, 0.0, 0.0, 0.0, 0.0, 0.0, 0.0, 0.0, 0.0, 0.0, 0.0, 0.0, 0.0, 0.0, 0.0, 0.0, 0.0, 0.0, 0.0, 0.0, 0.0, 0.0, 0.0, 0.0, 0.0, 0.0, 0.0, 0.0, 0.0, 0.0, 0.0, 0.0, 0.0, 0.0, 0.0, 0.0, 0.0, 0.0, 0.0, 0.0, 0.0, 0.0, 0.0, 0.0, 0.0, 0.0, 0.0, 0.0, 0.0, 0.0, 0.0, 0.0, 0.0, 0.0, 0.0, 0.0, 0.0, 0.0, 0.0, 0.0, 0.0, 0.0, 0.0, 0.0, 0.0, 0.0, 0.0, 0.0, 0.0, 0.0, 0.0, 0.0, 0.0, 0.0, 0.0, 0.0, 0.0, 0.0, 0.0, 0.0, 0.0, 0.0, 0.0, 0.0, 0.0, 0.0, 0.0, 0.0, 0.0, 0.0, 0.0, 0.0, 0.0, 0.0, 0.0, 0.0, 0.0, 0.0, 0.0, 0.0, 0.0, 0.0, 0.0, 0.0, 0.0, 0.0, 0.0, 0.0, 0.0, 0.0, 0.0, 0.0, 0.0, 0.0, 0.0, 0.0, 0.0, 0.0, 0.0, 0.0, 0.0, 0.0, 0.0, 0.0, 0.0, 0.0, 0.0, 0.0, 0.0, 0.0, 0.0, 0.0, 0.0, 0.0, 0.0, 0.0, 0.0, 0.0, 0.0, 0.0, 0.0, 0.0, 0.0, 0.0, 0.0, 0.0, 0.0, 0.0, 0.0, 0.0, 0.0, 0.0, 0.0, 0.0, 0.0, 0.0, 0.0, 0.0, 0.0, 0.0, 0.0, 0.0, 0.0, 0.0, 0.0, 0.0, 0.0, 0.0, 0.0, 0.0, 0.0, 0.0, 0.0, 0.0, 0.0, 0.0, 0.0, 0.0, 0.0, 0.0, 0.0, 0.0, 0.0, 0.0, 0.0, 0.0, 0.0, 0.0, 0.0, 0.0, 0.0, 0.0, 0.0, 0.0, 0.0, 0.0, 0.0, 0.0, 0.0, 0.0, 0.0, 0.0, 0.0, 0.0, 0.0, 0.0, 0.0, 0.0, 0.0, 0.0, 0.0, 0.0, 0.0, 0.0, 0.0, 0.0, 0.0, 0.0, 0.0, 0.0, 0.0, 0.0, 0.0, 0.0, 0.0, 0.0, 0.0, 0.0, 0.0, 0.0, 0.0, 0.0, 0.0, 0.0, 0.0, 0.0, 0.0, 0.0, 0.0, 0.0, 0.0, 0.0, 0.0, 0.0, 0.0, 0.0, 0.0, 0.0, 0.0, 0.0, 0.0, 0.0, 0.0, 0.0, 0.0, 0.0, 0.0, 0.0, 0.0, 0.0, 0.0, 0.0, 0.0, 0.0, 0.0, 0.0, 0.0, 0.0, 0.0, 0.0, 0.0, 0.0, 0.0, 0.0, 0.0, 0.0, 0.0, 0.0, 0.0]",0.5,0.5,0,"[33, 33, 33, 27, 3, 0, 0, 0, 0, 0, 0, 0, 0, 0, 0, 0, 0, 0, 0, 0, 0, 0, 0, 0, 0, 0, 0, 0, 0, 0, 0, 0, 0, 0, 0, 0, 0, 0, 0, 0, 0, 0, 0, 0, 0, 0, 0, 0, 0, 0, 0, 0, 0, 0, 0, 0, 0, 0, 0, 0, 0, 0, 0, 0, 0, 0, 0, 0, 0, 0, 0, 0, 0, 0, 0, 0, 0, 0, 0, 0, 0, 0, 0, 0, 0, 0, 0, 0, 0, 0, 0, 0, 0, 0, 0, 0, 0, 0, 0, 0, 0, 0, 0, 0, 0, 0, 0, 0, 0, 0, 0, 0, 0, 0, 0, 0, 0, 0, 0, 0, 0, 0, 0, 0, 0, 0, 0, 0, 0, 0, 0, 0, 0, 0, 0, 0, 0, 0, 0, 0, 0, 0, 0, 0, 0, 0, 0, 0, 0, 0, 0, 0, 0, 0, 0, 0, 0, 0, 0, 0, 0, 0, 0, 0, 0, 0, 0, 0, 0, 0, 0, 0, 0, 0, 0, 0, 0, 0, 0, 0, 0, 0, 0, 0, 0, 0, 0, 0, 0, 0, 0, 0, 0, 0, 0, 0, 0, 0, 0, 0, 0, 0, 0, 0, 0, 0, 0, 0, 0, 0, 0, 0, 0, 0, 0, 0, 0, 0, 0, 0, 0, 0, 0, 0, 0, 0, 0, 0, 0, 0, 0, 0, 0, 0, 0, 0, 0, 0, 0, 0, 0, 0, 0, 0, 0, 0, 0, 0, 0, 0, 0, 0, 0, 0, 0, 0, 0, 0, 0, 0, 0, 0, 0, 0, 0, 0, 0, 0, 0, 0, 0, 0, 0, 0, 0, 0, 0, 0, 0, 0, 0, 0, 0, 0, 0, 0, 0, 0, 0, 0, 0, 0, 0, 0, 0, 0, 0, 0, 0, 0, 0, 0, 0, 0, 0, 0, 0, 0, 0, 0, 0, 0, 0, 0, 0, 0, 0, 0, 0, 0, 0, 0, 0, 0, 0, 0, 0, 0, 0, 0, 0, 0, 0, 0, 0, 0, 0, 0, 0, 0, 0, 0, 0, 0, 0, 0, 0, 0, 0, 0, 0, 0, 0, 0, 0, 0, 0, 0, 0, 0, 0, 0, 0, 0, 0, 0, 0, 0, 0, 0, 0, 0, 0, 0, 0, 0, 0, 0, 0, 0, 0, 0, 0, 0, 0, 0, 0, 0, 0, 0, 0, 0, 0, 0, 0, 0, 0, 0, 0, 0, 0, 0, 0, 0, 0, 0, 0, 0, 0, 0, 0, 0, 0, 0, 0, 0, 0, 0, 0, 0, 0, 0, 0, 0, 0, 0, 0, 0, 0, 0, 0, 0, 0, 0, 0, 0, 0, 0, 0, 0, 0, 0, 0, 0, 0, 0, 0, 0, 0, 0, 0, 0, 0, 0, 0, 0, 0, 0, 0, 0, 0, 0, 0, 0, 0, 0, 0, 0, 0, 0]",470,"[0.38839825987815857, 0.37986159324645996, 0.37312203645706177, 0.3729879856109619, 0.39844390749931335, 0.4073616862297058, 0.40754497051239014, 0.4077719449996948, 0.4072653651237488, 0.4073411524295807, 0.4074835181236267, 0.4074449837207794, 0.4073190689086914, 0.407268226146698, 0.4072669744491577, 0.4072703421115875, 0.40795058012008667, 0.4078804850578308, 0.4072451889514923, 0.407316118478775, 0.40861037373542786, 0.4072508215904236, 0.4084826707839966, 0.4078997075557709, 0.4072265625, 0.40723735094070435, 0.407255083322525, 0.4075746238231659, 0.407774418592453, 0.40726086497306824, 0.40724819898605347, 0.4074632227420807, 0.4072358012199402, 0.40739914774894714, 0.4072343409061432, 0.40724968910217285, 0.40727531909942627, 0.4074205756187439, 0.4072749614715576, 0.4075094163417816, 0.4072299897670746, 0.4072290062904358, 0.4073115587234497, 0.4073028862476349, 0.4072265625, 0.40785667300224304, 0.4072346091270447, 0.4075073003768921, 0.40724778175354004, 0.40857669711112976, 0.40767303109169006, 0.40754616260528564, 0.40771111845970154, 0.40785104036331177, 0.4074947237968445, 0.40724343061447144, 0.40780776739120483, 0.40726539492607117, 0.40726733207702637, 0.4072936177253723, 0.4072761535644531, 0.40741196274757385, 0.4074317216873169, 0.4072839021682739, 0.40838587284088135, 0.4072515070438385, 0.4072563648223877, 0.4072335958480835, 0.4073382616043091, 0.4074528217315674, 0.4080333411693573, 0.4072265625, 0.40722692012786865, 0.40738463401794434, 0.4072415828704834, 0.4075489044189453, 0.40764302015304565, 0.4072422385215759, 0.4072282016277313, 0.4072844386100769, 0.40727919340133667, 0.4073691964149475, 0.4072476327419281, 0.40734443068504333, 0.407846063375473, 0.40756475925445557, 0.40723830461502075, 0.4073351323604584, 0.40725889801979065, 0.408038854598999, 0.40724295377731323, 0.40730831027030945, 0.40723878145217896, 0.4072265625, 0.40750983357429504, 0.4086431562900543, 0.4083072543144226, 0.40723228454589844, 0.4072490930557251, 0.40775203704833984, 0.4085811674594879, 0.4073549509048462, 0.40749701857566833, 0.4074971079826355, 0.40773075819015503, 0.4073832035064697, 0.4075244069099426, 0.40724486112594604, 0.40770575404167175, 0.40727701783180237, 0.4073176681995392, 0.412261962890625, 0.40955793857574463, 0.4072405695915222, 0.4085090756416321, 0.40740835666656494, 0.40801316499710083, 0.4072270095348358, 0.4072360098361969, 0.4072784185409546, 0.40727463364601135, 0.4072457551956177, 0.4072459042072296, 0.4072267413139343, 0.407307893037796, 0.40734222531318665, 0.4073677957057953, 0.40931403636932373, 0.40796220302581787, 0.4072261154651642, 0.40725991129875183, 0.4074365198612213, 0.4073442220687866, 0.4072982668876648, 0.40725380182266235, 0.4081040918827057, 0.4073455035686493, 0.40787020325660706, 0.4073086678981781, 0.407623291015625, 0.4088810980319977, 0.4086400270462036, 0.4072285592556, 0.407400906085968, 0.40722835063934326, 0.40723729133605957, 0.40724343061447144, 0.4075580835342407, 0.4074338972568512, 0.40727052092552185, 0.4075345993041992, 0.40724313259124756, 0.4072977304458618, 0.40731772780418396, 0.4072268009185791, 0.4075172543525696, 0.40802398324012756, 0.40727120637893677, 0.4072328805923462, 0.40737298130989075, 0.4072391092777252, 0.4072490632534027, 0.40727558732032776, 0.4083467125892639, 0.40734198689460754, 0.40734341740608215, 0.4073852598667145, 0.4072776436805725, 0.40723347663879395, 0.40730056166648865, 0.40728750824928284, 0.4097129702568054, 0.4075619578361511, 0.4074191749095917, 0.40722930431365967, 0.4076404273509979, 0.4072267413139343, 0.4074890911579132, 0.40733107924461365, 0.40723052620887756, 0.4074404537677765, 0.407243013381958, 0.40772169828414917, 0.40743088722229004, 0.4073534309864044, 0.40829306840896606, 0.40734797716140747, 0.4073337912559509, 0.40763065218925476, 0.40723326802253723, 0.4074150025844574, 0.407338410615921, 0.40755176544189453, 0.4072287380695343, 0.40732669830322266, 0.4072369337081909, 0.407469242811203, 0.4072577953338623, 0.4072282910346985, 0.41125792264938354, 0.40856117010116577, 0.40722617506980896, 0.4072344899177551, 0.4072829484939575, 0.4074733257293701, 0.4074108898639679, 0.4073197841644287, 0.40836602449417114, 0.4073455035686493, 0.40726426243782043, 0.40722906589508057, 0.40745243430137634, 0.40742164850234985, 0.4087972939014435, 0.407326340675354, 0.40725767612457275, 0.40735408663749695, 0.4078487455844879, 0.4076005220413208, 0.4073115289211273, 0.40831810235977173, 0.4082885682582855, 0.40724068880081177, 0.4072262942790985, 0.407309889793396, 0.4072398245334625, 0.40791836380958557, 0.4075217545032501, 0.40729817748069763, 0.4073907434940338, 0.4072449505329132, 0.4073115587234497, 0.40723717212677, 0.4079243540763855, 0.40735405683517456, 0.40726226568222046, 0.4073444604873657, 0.40727710723876953, 0.40741583704948425, 0.4092450737953186, 0.4072361886501312, 0.40725746750831604, 0.40750807523727417, 0.40740126371383667, 0.4072283208370209, 0.4073220193386078, 0.40723076462745667, 0.40722665190696716, 0.40724194049835205, 0.4073452651500702, 0.4072283208370209, 0.40802201628685, 0.40727508068084717, 0.4077284336090088, 0.4072617292404175, 0.4077588617801666, 0.4073368012905121, 0.4072800874710083, 0.4072701334953308, 0.40722647309303284, 0.4072597920894623, 0.40804943442344666, 0.40731948614120483, 0.40730103850364685, 0.40742775797843933, 0.40724968910217285, 0.40724629163742065, 0.40882638096809387, 0.4075494110584259, 0.40733882784843445, 0.4072648584842682, 0.4072788953781128, 0.40722644329071045, 0.4074176847934723, 0.40722644329071045, 0.40774208307266235, 0.4073595404624939, 0.4075055420398712, 0.4074961543083191, 0.4072438180446625, 0.4072498381137848, 0.40722671151161194, 0.4075115919113159, 0.40736132860183716, 0.4074868857860565, 0.4072880446910858, 0.40738487243652344, 0.4074576497077942, 0.40734168887138367, 0.4072454869747162, 0.4072711169719696, 0.40759316086769104, 0.4075193703174591, 0.40761008858680725, 0.4072330594062805, 0.4083910286426544, 0.4090540409088135, 0.4072646200656891, 0.40760084986686707, 0.40755486488342285, 0.40722617506980896, 0.4079705774784088, 0.407369464635849, 0.4092023968696594, 0.40724238753318787, 0.40724945068359375, 0.4073050618171692, 0.4072261452674866, 0.4077073633670807, 0.40736275911331177, 0.40731918811798096, 0.4072328805923462, 0.4072302281856537, 0.4072648584842682, 0.4081825911998749, 0.4074127972126007, 0.4073319137096405, 0.4072970449924469, 0.40750834345817566, 0.4072355329990387, 0.4072827100753784, 0.4072946608066559, 0.4074838161468506, 0.4072447717189789, 0.4073188006877899, 0.4072268605232239, 0.4077373147010803, 0.40726473927497864, 0.40779468417167664, 0.4078058898448944, 0.4072825610637665, 0.40755629539489746, 0.40791961550712585, 0.4072321951389313, 0.40744709968566895, 0.40724989771842957, 0.4075734317302704, 0.4074137210845947, 0.40766602754592896, 0.4074702560901642, 0.40765517950057983, 0.4079577922821045, 0.4072490632534027, 0.4072696268558502, 0.4080567955970764, 0.40725526213645935, 0.4073520600795746, 0.4073950946331024, 0.4077199697494507, 0.4072653651237488, 0.40797939896583557, 0.4084022045135498, 0.407594233751297, 0.40726685523986816, 0.40845516324043274, 0.40732720494270325, 0.407868355512619, 0.40724655985832214, 0.40732038021087646, 0.4074932038784027, 0.4073241353034973, 0.4073392152786255, 0.40747055411338806, 0.40726935863494873, 0.4082888066768646, 0.4075824022293091, 0.4072398245334625, 0.407614529132843, 0.4076148271560669, 0.40731048583984375, 0.40737998485565186, 0.40739890933036804, 0.40753087401390076, 0.4072657823562622, 0.4075087606906891, 0.40729832649230957, 0.40743550658226013, 0.4086337387561798, 0.40736398100852966, 0.40761488676071167, 0.4072500467300415, 0.40723252296447754, 0.4072262644767761, 0.4082504212856293, 0.4072600305080414, 0.4072291851043701, 0.4074884057044983, 0.40794485807418823, 0.40726691484451294, 0.40724989771842957, 0.4072261154651642, 0.4072566330432892, 0.40727341175079346, 0.4074588119983673, 0.4072435796260834, 0.40723395347595215, 0.4072760343551636, 0.40724799036979675, 0.40889737010002136, 0.4077703356742859, 0.4072556793689728, 0.4083370268344879, 0.40819165110588074, 0.40745535492897034, 0.4072275459766388, 0.4074667990207672, 0.40724608302116394, 0.4073246121406555, 0.4076170027256012, 0.4072937071323395, 0.40755218267440796, 0.4073358476161957, 0.40747642517089844, 0.4075528681278229, 0.4072425961494446, 0.40753334760665894, 0.4076319932937622, 0.4075224995613098, 0.40754440426826477, 0.40725404024124146, 0.4073644280433655, 0.4073919355869293, 0.4072267413139343, 0.40724658966064453, 0.4072517454624176, 0.4090045094490051, 0.40776726603507996, 0.4072623550891876, 0.40722647309303284, 0.40740203857421875, 0.4073212444782257, 0.4075811803340912, 0.40724700689315796, 0.40730926394462585, 0.40732628107070923, 0.40722715854644775, 0.4072788953781128, 0.4073123037815094, 0.40743979811668396, 0.40759116411209106, 0.4077089726924896, 0.4072449505329132, 0.4096009135246277, 0.40722787380218506, 0.4072280526161194, 0.4072872996330261, 0.4083039164543152, 0.4085160493850708, 0.40733063220977783, 0.4072759747505188, 0.4072299301624298, 0.40775778889656067, 0.4072718918323517, 0.4077242910861969, 0.4072262644767761, 0.40734246373176575, 0.4074776768684387, 0.40729522705078125, 0.40735897421836853, 0.40756770968437195, 0.40727102756500244, 0.40730124711990356, 0.40801405906677246, 0.4078872799873352, 0.40805450081825256, 0.40723273158073425, 0.40736067295074463, 0.4072275459766388, 0.4075149893760681, 0.40884795784950256]",0.0,"[33.0, 33.0, 33.0, 27.0, 3.0, 0.0, 0.0, 0.0, 0.0, 0.0, 0.0, 0.0, 0.0, 0.0, 0.0, 0.0, 0.0, 0.0, 0.0, 0.0, 0.0, 0.0, 0.0, 0.0, 0.0, 0.0, 0.0, 0.0, 0.0, 0.0, 0.0, 0.0, 0.0, 0.0, 0.0, 0.0, 0.0, 0.0, 0.0, 0.0, 0.0, 0.0, 0.0, 0.0, 0.0, 0.0, 0.0, 0.0, 0.0, 0.0, 0.0, 0.0, 0.0, 0.0, 0.0, 0.0, 0.0, 0.0, 0.0, 0.0, 0.0, 0.0, 0.0, 0.0, 0.0, 0.0, 0.0, 0.0, 0.0, 0.0, 0.0, 0.0, 0.0, 0.0, 0.0, 0.0, 0.0, 0.0, 0.0, 0.0, 0.0, 0.0, 0.0, 0.0, 0.0, 0.0, 0.0, 0.0, 0.0, 0.0, 0.0, 0.0, 0.0, 0.0, 0.0, 0.0, 0.0, 0.0, 0.0, 0.0, 0.0, 0.0, 0.0, 0.0, 0.0, 0.0, 0.0, 0.0, 0.0, 0.0, 0.0, 0.0, 0.0, 0.0, 0.0, 0.0, 0.0, 0.0, 0.0, 0.0, 0.0, 0.0, 0.0, 0.0, 0.0, 0.0, 0.0, 0.0, 0.0, 0.0, 0.0, 0.0, 0.0, 0.0, 0.0, 0.0, 0.0, 0.0, 0.0, 0.0, 0.0, 0.0, 0.0, 0.0, 0.0, 0.0, 0.0, 0.0, 0.0, 0.0, 0.0, 0.0, 0.0, 0.0, 0.0, 0.0, 0.0, 0.0, 0.0, 0.0, 0.0, 0.0, 0.0, 0.0, 0.0, 0.0, 0.0, 0.0, 0.0, 0.0, 0.0, 0.0, 0.0, 0.0, 0.0, 0.0, 0.0, 0.0, 0.0, 0.0, 0.0, 0.0, 0.0, 0.0, 0.0, 0.0, 0.0, 0.0, 0.0, 0.0, 0.0, 0.0, 0.0, 0.0, 0.0, 0.0, 0.0, 0.0, 0.0, 0.0, 0.0, 0.0, 0.0, 0.0, 0.0, 0.0, 0.0, 0.0, 0.0, 0.0, 0.0, 0.0, 0.0, 0.0, 0.0, 0.0, 0.0, 0.0, 0.0, 0.0, 0.0, 0.0, 0.0, 0.0, 0.0, 0.0, 0.0, 0.0, 0.0, 0.0, 0.0, 0.0, 0.0, 0.0, 0.0, 0.0, 0.0, 0.0, 0.0, 0.0, 0.0, 0.0, 0.0, 0.0, 0.0, 0.0, 0.0, 0.0, 0.0, 0.0, 0.0, 0.0, 0.0, 0.0, 0.0, 0.0, 0.0, 0.0, 0.0, 0.0, 0.0, 0.0, 0.0, 0.0, 0.0, 0.0, 0.0, 0.0, 0.0, 0.0, 0.0, 0.0, 0.0, 0.0, 0.0, 0.0, 0.0, 0.0, 0.0, 0.0, 0.0, 0.0, 0.0, 0.0, 0.0, 0.0, 0.0, 0.0, 0.0, 0.0, 0.0, 0.0, 0.0, 0.0, 0.0, 0.0, 0.0, 0.0, 0.0, 0.0, 0.0, 0.0, 0.0, 0.0, 0.0, 0.0, 0.0, 0.0, 0.0, 0.0, 0.0, 0.0, 0.0, 0.0, 0.0, 0.0, 0.0, 0.0, 0.0, 0.0, 0.0, 0.0, 0.0, 0.0, 0.0, 0.0, 0.0, 0.0, 0.0, 0.0, 0.0, 0.0, 0.0, 0.0, 0.0, 0.0, 0.0, 0.0, 0.0, 0.0, 0.0, 0.0, 0.0, 0.0, 0.0, 0.0, 0.0, 0.0, 0.0, 0.0, 0.0, 0.0, 0.0, 0.0, 0.0, 0.0, 0.0, 0.0, 0.0, 0.0, 0.0, 0.0, 0.0, 0.0, 0.0, 0.0, 0.0, 0.0, 0.0, 0.0, 0.0, 0.0, 0.0, 0.0, 0.0, 0.0, 0.0, 0.0, 0.0, 0.0, 0.0, 0.0, 0.0, 0.0, 0.0, 0.0, 0.0, 0.0, 0.0, 0.0, 0.0, 0.0, 0.0, 0.0, 0.0, 0.0, 0.0, 0.0, 0.0, 0.0, 0.0, 0.0, 0.0, 0.0, 0.0, 0.0, 0.0, 0.0, 0.0, 0.0, 0.0, 0.0, 0.0, 0.0, 0.0, 0.0, 0.0, 0.0, 0.0, 0.0, 0.0, 0.0, 0.0, 0.0, 0.0, 0.0, 0.0, 0.0, 0.0, 0.0, 0.0, 0.0, 0.0, 0.0, 0.0, 0.0, 0.0, 0.0, 0.0, 0.0, 0.0, 0.0, 0.0, 0.0, 0.0, 0.0, 0.0, 0.0, 0.0, 0.0, 0.0, 0.0, 0.0, 0.0, 0.0, 0.0, 0.0, 0.0, 0.0, 0.0, 0.0, 0.0, 0.0, 0.0, 0.0, 0.0, 0.0, 0.0, 0.0, 0.0]",COMPLETE
100,100,0.6474990660947302,2024-08-31 04:40:50.137001,2024-08-31 04:41:12.681075,0 days 00:00:22.544074,64,0.013549594432595204,4,20,0.004712385768723371,88,0.0726151249980382,0.859,0.85875,33,"[33, 33, 33, 33, 33, 33, 33, 33, 33, 33, 33, 33, 33, 33, 33, 33, 33, 33, 33, 33]",32.94848484848485,"[32.95378787878788, 32.95681818181818, 32.95530303030303, 32.95151515151515, 32.95075757575758, 32.946969696969695, 32.94621212121212, 32.94848484848485, 32.94772727272727, 32.946969696969695, 32.948484848484846, 32.948484848484846, 32.94924242424243, 32.95, 32.95, 32.95, 32.94848484848485, 32.94848484848485, 32.94924242424243, 32.94848484848485]",0.6622908049108729,0.6474990660947302,33,"[33, 33, 33, 33, 33, 33, 33, 33, 33, 33, 33, 33, 33, 33, 33, 33, 33, 33, 33, 33]",20,"[0.5780787467956543, 0.5375838279724121, 0.5074664354324341, 0.48416441679000854, 0.4664863348007202, 0.4532484710216522, 0.44235020875930786, 0.4352661371231079, 0.4292103946208954, 0.4236401617527008, 0.4200200140476227, 0.4165504574775696, 0.4139906167984009, 0.4118071496486664, 0.4100862741470337, 0.40827733278274536, 0.40700942277908325, 0.4057723879814148, 0.4047890603542328, 0.4041108191013336]",33.0,"[33.0, 33.0, 33.0, 33.0, 33.0, 33.0, 33.0, 33.0, 33.0, 33.0, 33.0, 33.0, 33.0, 33.0, 33.0, 33.0, 33.0, 33.0, 33.0, 33.0]",COMPLETE
