,number,value,datetime_start,datetime_complete,duration,params_batch_size_scaler,params_constant_learning_rate,params_depth,params_epochs,params_kernel_l2,params_num_trees,params_temperature,user_attrs_accuracy_test,user_attrs_accuracy_valid,user_attrs_approximate_feature_sparsity,user_attrs_approximate_feature_sparsity_history,user_attrs_approximate_weight_sparsity,user_attrs_approximate_weight_sparsity_history,user_attrs_auc_test,user_attrs_auc_valid,user_attrs_feature_sparsity,user_attrs_feature_sparsity_history,user_attrs_num_epochs,user_attrs_val_loss_history,user_attrs_weight_sparsity,user_attrs_weight_sparsity_history,state
82,82,0.9470701137432211,2024-08-31 03:47:01.591585,2024-08-31 03:53:09.767068,0 days 00:06:08.175483,1,0.04214632932702885,2,430,0.2562595827529753,94,0.00030021937107698073,0.955,0.955,21,"[33, 33, 33, 33, 33, 33, 33, 33, 33, 33, 33, 33, 33, 33, 33, 33, 33, 33, 33, 33, 33, 33, 33, 33, 33, 33, 33, 33, 33, 33, 33, 33, 33, 33, 33, 33, 33, 33, 33, 33, 33, 33, 33, 33, 33, 33, 33, 33, 33, 33, 33, 33, 33, 33, 33, 33, 33, 33, 33, 33, 33, 33, 33, 33, 33, 33, 32, 31, 31, 31, 31, 29, 29, 29, 28, 28, 28, 27, 27, 26, 26, 26, 25, 25, 25, 25, 25, 24, 24, 24, 23, 23, 23, 23, 23, 23, 23, 23, 23, 23, 23, 23, 23, 23, 23, 23, 23, 23, 23, 23, 23, 23, 23, 23, 23, 23, 22, 22, 22, 22, 22, 22, 22, 22, 22, 22, 22, 22, 22, 22, 22, 22, 22, 22, 22, 22, 22, 22, 22, 22, 22, 22, 22, 22, 22, 22, 22, 22, 22, 22, 22, 22, 22, 22, 22, 22, 22, 22, 22, 22, 22, 21, 21, 21, 21, 21, 21, 21, 21, 21, 21, 21, 21, 21, 21, 21, 21, 21, 21, 21, 21, 21, 21, 21, 21, 21, 21, 21, 21, 21, 21, 21, 21, 21, 21, 21, 21, 21, 21, 21, 21, 21, 21, 21, 21, 21, 21, 21, 21, 21, 21, 21, 21, 21, 21, 21, 21, 21, 21, 21, 21, 21, 21, 21, 21, 21, 21, 21, 21, 21, 21, 21, 21, 21, 21, 21, 21, 21, 21, 21, 21, 21, 21, 21, 21, 21, 21, 21, 21, 21, 21, 21, 21, 21, 21, 21, 21, 21, 21, 21, 21, 21, 21, 21, 21, 21, 21, 21, 21, 21, 21, 21, 21, 21, 21, 21, 21, 21, 21, 21, 21, 21, 21, 21, 21, 21, 21, 21, 21, 21, 21, 21, 21, 21, 21, 21, 21, 21, 21, 21, 21, 21, 21, 21, 21, 21, 21, 21, 21, 21, 21, 21, 21, 21, 21, 21, 21, 21, 21, 21, 21, 21, 21, 21, 21, 21, 21, 21, 21, 21, 21, 21, 21, 21, 21, 21, 21, 21, 21, 21, 21, 21, 21, 21, 21, 21, 21, 21, 21, 21, 21, 21, 21, 21, 21, 21, 21, 21, 21, 21, 21, 21, 21, 21, 21, 21, 21, 21, 21, 21, 21, 21, 21, 21, 21, 21, 21, 21, 21, 21, 21, 21, 21, 21, 21, 21, 21, 21, 21, 21, 21, 21, 21, 21, 21, 21, 21, 21, 21, 21, 21, 21, 21, 21, 21, 21, 21, 21, 21, 21, 21, 21, 21, 21, 21, 21, 21, 21, 21, 21, 21, 21, 21, 21, 21, 21, 21, 21, 21, 21]",20.75531914893617,"[32.97517730496454, 32.98581560283688, 32.96808510638298, 32.97872340425532, 32.97872340425532, 32.98581560283688, 32.96099290780142, 32.97163120567376, 32.97517730496454, 32.96808510638298, 32.96808510638298, 32.98581560283688, 32.97517730496454, 32.97163120567376, 32.95744680851064, 32.97872340425532, 32.97163120567376, 32.97163120567376, 32.97163120567376, 32.9645390070922, 32.9822695035461, 32.97517730496454, 32.96099290780142, 32.96099290780142, 32.9645390070922, 32.99290780141844, 32.97517730496454, 32.96808510638298, 32.97517730496454, 32.98581560283688, 32.97517730496454, 32.9468085106383, 32.97163120567376, 32.96808510638298, 32.97163120567376, 32.97872340425532, 32.97517730496454, 32.98581560283688, 32.96099290780142, 32.97872340425532, 32.9645390070922, 32.95390070921986, 32.97163120567376, 32.97163120567376, 32.97517730496454, 32.97163120567376, 32.95744680851064, 32.93971631205674, 32.95390070921986, 32.96099290780142, 32.97872340425532, 32.9645390070922, 32.97517730496454, 32.95390070921986, 32.95390070921986, 32.9468085106383, 32.9468085106383, 32.94326241134752, 32.95744680851064, 32.95390070921986, 32.95035460992908, 32.94326241134752, 32.95390070921986, 32.9468085106383, 32.9645390070922, 32.92553191489362, 31.93617021276596, 30.96099290780142, 30.94326241134752, 30.95390070921986, 30.925531914893618, 28.95035460992908, 28.95390070921986, 28.95035460992908, 27.94326241134752, 27.9468085106383, 27.93971631205674, 26.94326241134752, 26.95035460992908, 25.93262411347518, 25.95390070921986, 25.95390070921986, 24.94326241134752, 24.93617021276596, 24.95390070921986, 24.95390070921986, 24.95035460992908, 23.9468085106383, 23.93617021276596, 23.94326241134752, 22.95035460992908, 22.96099290780142, 22.95744680851064, 22.97517730496454, 22.9645390070922, 22.96808510638298, 22.96099290780142, 22.95035460992908, 22.9645390070922, 22.93617021276596, 22.93617021276596, 22.95390070921986, 22.9468085106383, 22.95744680851064, 22.93262411347518, 22.94326241134752, 22.95035460992908, 22.93617021276596, 22.96808510638298, 22.95390070921986, 22.9468085106383, 22.93971631205674, 22.95035460992908, 22.929078014184398, 22.93971631205674, 22.95035460992908, 21.96099290780142, 21.93617021276596, 21.9645390070922, 21.95744680851064, 21.93617021276596, 21.95744680851064, 21.95035460992908, 21.929078014184398, 21.95035460992908, 21.9468085106383, 21.914893617021278, 21.925531914893618, 21.929078014184398, 21.914893617021278, 21.925531914893618, 21.918439716312058, 21.9468085106383, 21.95035460992908, 21.93617021276596, 21.911347517730498, 21.93971631205674, 21.925531914893618, 21.914893617021278, 21.921985815602838, 21.93617021276596, 21.911347517730498, 21.95390070921986, 21.93971631205674, 21.95035460992908, 21.95035460992908, 21.95035460992908, 21.95035460992908, 21.925531914893618, 21.921985815602838, 21.929078014184398, 21.918439716312058, 21.921985815602838, 21.93617021276596, 21.918439716312058, 21.93262411347518, 21.93971631205674, 21.929078014184398, 21.93971631205674, 21.925531914893618, 21.921985815602838, 20.911347517730498, 20.95035460992908, 20.93262411347518, 20.93617021276596, 20.911347517730498, 20.918439716312058, 20.918439716312058, 20.907801418439718, 20.918439716312058, 20.879432624113477, 20.897163120567377, 20.914893617021278, 20.900709219858157, 20.921985815602838, 20.890070921985817, 20.929078014184398, 20.893617021276597, 20.907801418439718, 20.911347517730498, 20.907801418439718, 20.904255319148938, 20.904255319148938, 20.93262411347518, 20.900709219858157, 20.907801418439718, 20.925531914893618, 20.907801418439718, 20.890070921985817, 20.921985815602838, 20.868794326241137, 20.907801418439718, 20.890070921985817, 20.907801418439718, 20.897163120567377, 20.882978723404257, 20.868794326241137, 20.900709219858157, 20.904255319148938, 20.900709219858157, 20.900709219858157, 20.907801418439718, 20.890070921985817, 20.918439716312058, 20.897163120567377, 20.879432624113477, 20.861702127659576, 20.890070921985817, 20.879432624113477, 20.882978723404257, 20.872340425531917, 20.893617021276597, 20.890070921985817, 20.879432624113477, 20.890070921985817, 20.900709219858157, 20.872340425531917, 20.847517730496456, 20.886524822695037, 20.890070921985817, 20.868794326241137, 20.872340425531917, 20.882978723404257, 20.893617021276597, 20.861702127659576, 20.868794326241137, 20.851063829787236, 20.865248226950357, 20.882978723404257, 20.868794326241137, 20.861702127659576, 20.879432624113477, 20.893617021276597, 20.861702127659576, 20.890070921985817, 20.875886524822697, 20.907801418439718, 20.897163120567377, 20.890070921985817, 20.829787234042556, 20.897163120567377, 20.865248226950357, 20.886524822695037, 20.893617021276597, 20.882978723404257, 20.882978723404257, 20.897163120567377, 20.879432624113477, 20.900709219858157, 20.893617021276597, 20.897163120567377, 20.882978723404257, 20.914893617021278, 20.879432624113477, 20.882978723404257, 20.890070921985817, 20.858156028368796, 20.861702127659576, 20.879432624113477, 20.843971631205676, 20.890070921985817, 20.886524822695037, 20.875886524822697, 20.907801418439718, 20.886524822695037, 20.886524822695037, 20.893617021276597, 20.897163120567377, 20.897163120567377, 20.875886524822697, 20.886524822695037, 20.897163120567377, 20.886524822695037, 20.875886524822697, 20.861702127659576, 20.858156028368796, 20.858156028368796, 20.858156028368796, 20.858156028368796, 20.829787234042556, 20.879432624113477, 20.868794326241137, 20.861702127659576, 20.858156028368796, 20.868794326241137, 20.861702127659576, 20.875886524822697, 20.854609929078016, 20.865248226950357, 20.872340425531917, 20.868794326241137, 20.868794326241137, 20.872340425531917, 20.858156028368796, 20.865248226950357, 20.833333333333336, 20.847517730496456, 20.833333333333336, 20.851063829787236, 20.833333333333336, 20.840425531914896, 20.847517730496456, 20.812056737588655, 20.826241134751776, 20.826241134751776, 20.804964539007095, 20.826241134751776, 20.78723404255319, 20.819148936170215, 20.79432624113475, 20.81560283687943, 20.847517730496456, 20.801418439716315, 20.797872340425535, 20.78368794326241, 20.797872340425535, 20.790780141843975, 20.797872340425535, 20.790780141843975, 20.78368794326241, 20.76595744680851, 20.769503546099287, 20.804964539007095, 20.755319148936167, 20.783687943262414, 20.77304964539007, 20.75177304964539, 20.79078014184397, 20.78723404255319, 20.808510638297875, 20.73049645390071, 20.787234042553195, 20.76950354609929, 20.75177304964539, 20.79432624113475, 20.794326241134755, 20.797872340425535, 20.780141843971634, 20.81205673758865, 20.787234042553195, 20.801418439716315, 20.794326241134755, 20.794326241134755, 20.78723404255319, 20.794326241134755, 20.80851063829787, 20.804964539007095, 20.797872340425535, 20.787234042553195, 20.780141843971634, 20.804964539007095, 20.797872340425535, 20.77304964539007, 20.80141843971631, 20.80496453900709, 20.78723404255319, 20.78368794326241, 20.81205673758865, 20.804964539007095, 20.808510638297875, 20.812056737588655, 20.826241134751772, 20.80141843971631, 20.780141843971634, 20.829787234042556, 20.801418439716315, 20.812056737588655, 20.815602836879435, 20.80851063829787, 20.780141843971634, 20.80496453900709, 20.804964539007095, 20.815602836879435, 20.78014184397163, 20.783687943262414, 20.76950354609929, 20.79078014184397, 20.79432624113475, 20.773049645390067, 20.794326241134748, 20.790780141843967, 20.78723404255319, 20.762411347517727, 20.773049645390067, 20.776595744680847, 20.78014184397163, 20.769503546099287, 20.77659574468085, 20.77304964539007, 20.755319148936167, 20.77659574468085, 20.77304964539007, 20.78014184397163, 20.77659574468085, 20.75531914893617, 20.79787234042553, 20.762411347517727, 20.77304964539007, 20.76950354609929, 20.751773049645386, 20.762411347517727, 20.748226950354606, 20.76241134751773, 20.755319148936167, 20.75886524822695, 20.76595744680851, 20.75531914893617, 20.79078014184397, 20.76950354609929, 20.79432624113475, 20.76241134751773, 20.74113475177305, 20.76950354609929, 20.780141843971627, 20.741134751773046, 20.77304964539007, 20.748226950354606, 20.75177304964539, 20.755319148936167, 20.769503546099287, 20.72695035460993, 20.75177304964539, 20.75177304964539, 20.76595744680851, 20.751773049645386, 20.737588652482266, 20.73758865248227, 20.73758865248227, 20.76241134751773, 20.75531914893617]",0.9185346642558145,0.9470701137432211,21,"[33, 33, 33, 33, 33, 33, 33, 33, 33, 33, 33, 33, 33, 33, 33, 33, 33, 33, 33, 33, 33, 33, 33, 33, 33, 33, 33, 33, 33, 33, 33, 33, 33, 33, 33, 33, 33, 33, 33, 33, 33, 33, 33, 33, 33, 33, 33, 33, 33, 33, 33, 33, 33, 33, 33, 33, 33, 33, 33, 33, 33, 33, 33, 33, 33, 33, 32, 31, 31, 31, 31, 29, 29, 29, 28, 28, 28, 27, 27, 26, 26, 26, 25, 25, 25, 25, 25, 24, 24, 24, 23, 23, 23, 23, 23, 23, 23, 23, 23, 23, 23, 23, 23, 23, 23, 23, 23, 23, 23, 23, 23, 23, 23, 23, 23, 23, 22, 22, 22, 22, 22, 22, 22, 22, 22, 22, 22, 22, 22, 22, 22, 22, 22, 22, 22, 22, 22, 22, 22, 22, 22, 22, 22, 22, 22, 22, 22, 22, 22, 22, 22, 22, 22, 22, 22, 22, 22, 22, 22, 22, 22, 21, 21, 21, 21, 21, 21, 21, 21, 21, 21, 21, 21, 21, 21, 21, 21, 21, 21, 21, 21, 21, 21, 21, 21, 21, 21, 21, 21, 21, 21, 21, 21, 21, 21, 21, 21, 21, 21, 21, 21, 21, 21, 21, 21, 21, 21, 21, 21, 21, 21, 21, 21, 21, 21, 21, 21, 21, 21, 21, 21, 21, 21, 21, 21, 21, 21, 21, 21, 21, 21, 21, 21, 21, 21, 21, 21, 21, 21, 21, 21, 21, 21, 21, 21, 21, 21, 21, 21, 21, 21, 21, 21, 21, 21, 21, 21, 21, 21, 21, 21, 21, 21, 21, 21, 21, 21, 21, 21, 21, 21, 21, 21, 21, 21, 21, 21, 21, 21, 21, 21, 21, 21, 21, 21, 21, 21, 21, 21, 21, 21, 21, 21, 21, 21, 21, 21, 21, 21, 21, 21, 21, 21, 21, 21, 21, 21, 21, 21, 21, 21, 21, 21, 21, 21, 21, 21, 21, 21, 21, 21, 21, 21, 21, 21, 21, 21, 21, 21, 21, 21, 21, 21, 21, 21, 21, 21, 21, 21, 21, 21, 21, 21, 21, 21, 21, 21, 21, 21, 21, 21, 21, 21, 21, 21, 21, 21, 21, 21, 21, 21, 21, 21, 21, 21, 21, 21, 21, 21, 21, 21, 21, 21, 21, 21, 21, 21, 21, 21, 21, 21, 21, 21, 21, 21, 21, 21, 21, 21, 21, 21, 21, 21, 21, 21, 21, 21, 21, 21, 21, 21, 21, 21, 21, 21, 21, 21, 21, 21, 21, 21, 21, 21, 21, 21, 21, 21, 21, 21, 21, 21, 21, 21, 21, 21, 21, 21, 21, 21, 21]",430,"[0.4355233311653137, 0.42464107275009155, 0.4127066731452942, 0.4038805365562439, 0.3962116539478302, 0.41349583864212036, 0.39086833596229553, 0.3879496455192566, 0.3750721216201782, 0.37156346440315247, 0.37718191742897034, 0.3612555265426636, 0.3619442284107208, 0.36840516328811646, 0.34990790486335754, 0.3455789089202881, 0.34118029475212097, 0.3368757367134094, 0.33061423897743225, 0.3258790969848633, 0.3249368667602539, 0.32320553064346313, 0.3204557001590729, 0.3133641183376312, 0.30238983035087585, 0.2965061366558075, 0.2974984645843506, 0.291409969329834, 0.2910464107990265, 0.28602123260498047, 0.2859574854373932, 0.28286781907081604, 0.27911195158958435, 0.2804199457168579, 0.2712750732898712, 0.27088114619255066, 0.26935437321662903, 0.26521673798561096, 0.26605749130249023, 0.2645176947116852, 0.25961384177207947, 0.25674939155578613, 0.2576636075973511, 0.25712311267852783, 0.2650536894798279, 0.25333455204963684, 0.25343257188796997, 0.2536362409591675, 0.2525898218154907, 0.2465909719467163, 0.2623586356639862, 0.24654053151607513, 0.24533945322036743, 0.24611085653305054, 0.2460930496454239, 0.24134540557861328, 0.2443952113389969, 0.24020172655582428, 0.2610546946525574, 0.241889089345932, 0.23862574994564056, 0.23711846768856049, 0.24446110427379608, 0.23832593858242035, 0.23508064448833466, 0.2550656199455261, 0.24149936437606812, 0.23459523916244507, 0.23024117946624756, 0.2320360392332077, 0.23678676784038544, 0.23935139179229736, 0.23265498876571655, 0.2373785376548767, 0.2311592847108841, 0.23209790885448456, 0.23121222853660583, 0.22734084725379944, 0.22897134721279144, 0.2297724336385727, 0.22548852860927582, 0.22512376308441162, 0.22518210113048553, 0.2226850837469101, 0.22287380695343018, 0.219523087143898, 0.22226782143115997, 0.22397960722446442, 0.22578486800193787, 0.22125685214996338, 0.21760404109954834, 0.2192639857530594, 0.21675550937652588, 0.2180805206298828, 0.2154463827610016, 0.21439573168754578, 0.21459220349788666, 0.2323707938194275, 0.21717648208141327, 0.21612264215946198, 0.2217109650373459, 0.21375922858715057, 0.21397365629673004, 0.21198968589305878, 0.2221742570400238, 0.21841149032115936, 0.21007470786571503, 0.21218900382518768, 0.21966882050037384, 0.21454624831676483, 0.21134579181671143, 0.21310098469257355, 0.21529443562030792, 0.20738153159618378, 0.21471276879310608, 0.2286951243877411, 0.21207879483699799, 0.2183670997619629, 0.21169504523277283, 0.20862999558448792, 0.20761863887310028, 0.21867220103740692, 0.20545849204063416, 0.20356149971485138, 0.20469851791858673, 0.21094943583011627, 0.20622210204601288, 0.2030007243156433, 0.2213038206100464, 0.21298421919345856, 0.20196598768234253, 0.21378512680530548, 0.20999875664710999, 0.20637191832065582, 0.20899610221385956, 0.20479612052440643, 0.20593827962875366, 0.20968446135520935, 0.20467311143875122, 0.20730344951152802, 0.19909940659999847, 0.20986343920230865, 0.2090076506137848, 0.2034522444009781, 0.2077351212501526, 0.2035282850265503, 0.20641189813613892, 0.2080468386411667, 0.2006721943616867, 0.19949588179588318, 0.19766448438167572, 0.2009579837322235, 0.20206163823604584, 0.1995517611503601, 0.2038406878709793, 0.20427559316158295, 0.2026040256023407, 0.2076137214899063, 0.1990116685628891, 0.2088274210691452, 0.20486421883106232, 0.19634777307510376, 0.1957053393125534, 0.21179942786693573, 0.19665010273456573, 0.19663065671920776, 0.20138150453567505, 0.1993171125650406, 0.20595555007457733, 0.19535724818706512, 0.1996864527463913, 0.1996670961380005, 0.2017822116613388, 0.19489477574825287, 0.20434150099754333, 0.199817955493927, 0.20174184441566467, 0.1945297122001648, 0.1969538927078247, 0.19937780499458313, 0.2009492665529251, 0.19482877850532532, 0.19330114126205444, 0.19440630078315735, 0.19373804330825806, 0.19249773025512695, 0.19560271501541138, 0.19905030727386475, 0.20058052241802216, 0.1997516006231308, 0.20204120874404907, 0.1906495839357376, 0.1942761391401291, 0.1955864280462265, 0.19837650656700134, 0.19686739146709442, 0.19323259592056274, 0.1966666728258133, 0.19335827231407166, 0.1951334923505783, 0.19192618131637573, 0.19645608961582184, 0.19122254848480225, 0.20213451981544495, 0.19681717455387115, 0.1885954886674881, 0.19665788114070892, 0.1896715611219406, 0.19795477390289307, 0.20072659850120544, 0.19997373223304749, 0.19831028580665588, 0.19127017259597778, 0.19933034479618073, 0.1948363184928894, 0.19724012911319733, 0.19455653429031372, 0.19999481737613678, 0.1893118917942047, 0.19434349238872528, 0.1908721923828125, 0.1906067132949829, 0.19992418587207794, 0.1905890256166458, 0.18648861348628998, 0.19068801403045654, 0.18502210080623627, 0.18857185542583466, 0.1994742751121521, 0.19102060794830322, 0.19575577974319458, 0.19389620423316956, 0.19231311976909637, 0.18766534328460693, 0.19111689925193787, 0.195323646068573, 0.1971091628074646, 0.19046056270599365, 0.19621051847934723, 0.19210904836654663, 0.19529902935028076, 0.1895110011100769, 0.1868262141942978, 0.19728659093379974, 0.19728465378284454, 0.18697786331176758, 0.19084849953651428, 0.19228944182395935, 0.1934894621372223, 0.19274474680423737, 0.19941848516464233, 0.19087818264961243, 0.18923118710517883, 0.19995899498462677, 0.18386703729629517, 0.1912318766117096, 0.18189513683319092, 0.18340320885181427, 0.19204527139663696, 0.1857929229736328, 0.18724170327186584, 0.19101789593696594, 0.1851586103439331, 0.19720105826854706, 0.18721814453601837, 0.18451794981956482, 0.19367508590221405, 0.18947955965995789, 0.18380184471607208, 0.18827691674232483, 0.18456964194774628, 0.1859200894832611, 0.19349557161331177, 0.18524299561977386, 0.19071100652217865, 0.18528026342391968, 0.190622940659523, 0.18149854242801666, 0.19413729012012482, 0.18817681074142456, 0.18567097187042236, 0.1913280487060547, 0.18908314406871796, 0.1909274160861969, 0.19267073273658752, 0.19067177176475525, 0.18634822964668274, 0.19047588109970093, 0.19318851828575134, 0.18921765685081482, 0.18527936935424805, 0.1846867799758911, 0.1818763017654419, 0.18240779638290405, 0.19468429684638977, 0.1844569593667984, 0.18262507021427155, 0.1993633657693863, 0.1851394772529602, 0.19938631355762482, 0.1882539540529251, 0.18777744472026825, 0.1852094680070877, 0.18231582641601562, 0.19161945581436157, 0.19131503999233246, 0.1796695590019226, 0.17955195903778076, 0.18109282851219177, 0.1899508833885193, 0.18446220457553864, 0.1899290233850479, 0.1801629215478897, 0.19020578265190125, 0.18331338465213776, 0.18817847967147827, 0.17814750969409943, 0.18389075994491577, 0.18533463776111603, 0.18294253945350647, 0.1859978884458542, 0.18287381529808044, 0.17737987637519836, 0.2136256843805313, 0.1820104718208313, 0.1849118024110794, 0.1859438270330429, 0.18821226060390472, 0.18803679943084717, 0.18548250198364258, 0.18531310558319092, 0.19189174473285675, 0.18325944244861603, 0.19307266175746918, 0.18481405079364777, 0.18242166936397552, 0.18378110229969025, 0.1773415505886078, 0.18335092067718506, 0.18738754093647003, 0.17941054701805115, 0.18587268888950348, 0.17993611097335815, 0.18245422840118408, 0.1840762495994568, 0.1770530492067337, 0.18237105011940002, 0.18317054212093353, 0.17904597520828247, 0.18986517190933228, 0.18063578009605408, 0.1809701770544052, 0.18128342926502228, 0.17984789609909058, 0.1808714121580124, 0.18094930052757263, 0.1852472871541977, 0.18160086870193481, 0.19056692719459534, 0.18337482213974, 0.19350570440292358, 0.1815890669822693, 0.17994184792041779, 0.178111732006073, 0.1806613802909851, 0.18830342590808868, 0.17853207886219025, 0.18253467977046967, 0.18200275301933289, 0.17914865911006927, 0.17506851255893707, 0.1740550547838211, 0.18380561470985413, 0.18438170850276947, 0.1827627718448639, 0.17867013812065125, 0.17370614409446716, 0.1859419196844101, 0.1751873940229416, 0.19094908237457275, 0.18209797143936157, 0.1859320104122162, 0.17542226612567902, 0.17151281237602234, 0.17075136303901672, 0.18331414461135864, 0.1809721440076828, 0.1844414472579956, 0.17246629297733307, 0.18247364461421967, 0.17271776497364044, 0.17884518206119537, 0.17831340432167053, 0.17553004622459412, 0.18717561662197113, 0.1939152479171753, 0.18392114341259003, 0.1706732213497162, 0.1784878969192505, 0.18355964124202728, 0.18358653783798218, 0.18100613355636597, 0.17314140498638153, 0.18399301171302795, 0.17521554231643677, 0.179331436753273, 0.17956112325191498, 0.17711353302001953, 0.18324781954288483, 0.18380039930343628, 0.17786884307861328, 0.18786296248435974, 0.17423199117183685, 0.17391645908355713, 0.17340271174907684, 0.1718822419643402, 0.1728883534669876, 0.17874017357826233, 0.17343644797801971, 0.17849424481391907, 0.17267456650733948, 0.17251092195510864, 0.1705995351076126, 0.1743427813053131, 0.17764770984649658, 0.17028139531612396, 0.1808561086654663, 0.1772546023130417, 0.1712305247783661, 0.1785968840122223]",21.0,"[33.0, 33.0, 33.0, 33.0, 33.0, 33.0, 33.0, 33.0, 33.0, 33.0, 33.0, 33.0, 33.0, 33.0, 33.0, 33.0, 33.0, 33.0, 33.0, 33.0, 33.0, 33.0, 33.0, 33.0, 33.0, 33.0, 33.0, 33.0, 33.0, 33.0, 33.0, 33.0, 33.0, 33.0, 33.0, 33.0, 33.0, 33.0, 33.0, 33.0, 33.0, 33.0, 33.0, 33.0, 33.0, 33.0, 33.0, 33.0, 33.0, 33.0, 33.0, 33.0, 33.0, 33.0, 33.0, 33.0, 33.0, 33.0, 33.0, 33.0, 33.0, 33.0, 33.0, 33.0, 33.0, 33.0