,number,value,datetime_start,datetime_complete,duration,params_batch_size_scaler,params_constant_learning_rate,params_depth,params_epochs,params_kernel_l2,params_num_trees,params_temperature,user_attrs_accuracy_test,user_attrs_accuracy_valid,user_attrs_approximate_feature_sparsity,user_attrs_approximate_feature_sparsity_history,user_attrs_approximate_weight_sparsity,user_attrs_approximate_weight_sparsity_history,user_attrs_auc_test,user_attrs_auc_valid,user_attrs_feature_sparsity,user_attrs_feature_sparsity_history,user_attrs_num_epochs,user_attrs_val_loss_history,user_attrs_weight_sparsity,user_attrs_weight_sparsity_history,state
18,18,0.5,2024-08-31 01:16:07.072822,2024-08-31 01:18:27.605133,0 days 00:02:20.532311,4,6.348074190853715,4,295,0.1550122744363175,62,0.0008626507146510411,0.859,0.85875,0,"[22, 9, 8, 8, 8, 8, 8, 7, 7, 7, 7, 7, 7, 7, 7, 6, 6, 4, 4, 3, 2, 2, 2, 2, 2, 2, 2, 2, 2, 2, 2, 2, 2, 2, 2, 2, 2, 2, 2, 2, 2, 2, 2, 2, 2, 2, 2, 2, 2, 2, 2, 2, 2, 2, 2, 2, 2, 2, 2, 2, 2, 2, 2, 2, 2, 2, 2, 2, 2, 1, 1, 1, 1, 1, 1, 1, 1, 1, 1, 1, 1, 1, 1, 1, 1, 0, 0, 0, 0, 0, 0, 0, 0, 0, 0, 0, 0, 0, 0, 0, 0, 0, 0, 0, 0, 0, 0, 0, 0, 0, 0, 0, 0, 0, 0, 0, 0, 0, 0, 0, 0, 0, 0, 0, 0, 0, 0, 0, 0, 0, 0, 0, 0, 0, 0, 0, 0, 0, 0, 0, 0, 0, 0, 0, 0, 0, 0, 0, 0, 0, 0, 0, 0, 0, 0, 0, 0, 0, 0, 0, 0, 0, 0, 0, 0, 0, 0, 0, 0, 0, 0, 0, 0, 0, 0, 0, 0, 0, 0, 0, 0, 0, 0, 0, 0, 0, 0, 0, 0, 0, 0, 0, 0, 0, 0, 0, 0, 0, 0, 0, 0, 0, 0, 0, 0, 0, 0, 0, 0, 0, 0, 0, 0, 0, 0, 0, 0, 0, 0, 0, 0, 0, 0, 0, 0, 0, 0, 0, 0, 0, 0, 0, 0, 0, 0, 0, 0, 0, 0, 0, 0, 0, 0, 0, 0, 0, 0, 0, 0, 0, 0, 0, 0, 0, 0, 0, 0, 0, 0, 0, 0, 0, 0, 0, 0, 0, 0, 0, 0, 0, 0, 0, 0, 0, 0, 0, 0, 0, 0, 0, 0, 0, 0, 0, 0, 0, 0, 0, 0, 0, 0, 0, 0, 0, 0]",0.0,"[21.970967741935485, 8.993548387096773, 7.991397849462365, 7.993548387096775, 7.9860215053763435, 7.988172043010753, 7.98494623655914, 6.978494623655914, 6.988172043010753, 6.991397849462365, 6.983870967741936, 6.98494623655914, 6.987096774193549, 6.982795698924731, 6.98494623655914, 5.983870967741936, 5.989247311827957, 3.993548387096774, 3.9946236559139785, 2.994623655913978, 1.9978494623655914, 2.0, 1.9989247311827958, 1.9978494623655914, 2.0, 1.9978494623655914, 1.9989247311827958, 1.9989247311827958, 1.9989247311827958, 1.9989247311827958, 1.9989247311827958, 1.9989247311827958, 1.9989247311827958, 1.9989247311827958, 1.9989247311827958, 1.9978494623655914, 1.9989247311827958, 1.9978494623655914, 1.9978494623655914, 1.9978494623655914, 1.996774193548387, 1.996774193548387, 1.9946236559139785, 1.9946236559139785, 1.9946236559139785, 1.9935483870967743, 1.9935483870967743, 1.9924731182795699, 1.9913978494623656, 1.9903225806451612, 1.989247311827957, 1.989247311827957, 1.9881720430107528, 1.9870967741935484, 1.9838709677419355, 1.9827956989247313, 1.9827956989247313, 1.9817204301075269, 1.9795698924731182, 1.9774193548387098, 1.9741935483870967, 1.9741935483870967, 1.9731182795698925, 1.9709677419354839, 1.967741935483871, 1.9634408602150537, 1.9623655913978495, 1.9591397849462364, 1.950537634408602, 0.9741935483870968, 0.9709677419354839, 0.9688172043010753, 0.9655913978494624, 0.956989247311828, 0.953763440860215, 0.9494623655913978, 0.9473118279569892, 0.9376344086021505, 0.9279569892473118, 0.9225806451612903, 0.9172043010752688, 0.910752688172043, 0.8989247311827957, 0.8838709677419355, 0.867741935483871, 0.0, 0.0, 0.0, 0.0, 0.0, 0.0, 0.0, 0.0, 0.0, 0.0, 0.0, 0.0, 0.0, 0.0, 0.0, 0.0, 0.0, 0.0, 0.0, 0.0, 0.0, 0.0, 0.0, 0.0, 0.0, 0.0, 0.0, 0.0, 0.0, 0.0, 0.0, 0.0, 0.0, 0.0, 0.0, 0.0, 0.0, 0.0, 0.0, 0.0, 0.0, 0.0, 0.0, 0.0, 0.0, 0.0, 0.0, 0.0, 0.0, 0.0, 0.0, 0.0, 0.0, 0.0, 0.0, 0.0, 0.0, 0.0, 0.0, 0.0, 0.0, 0.0, 0.0, 0.0, 0.0, 0.0, 0.0, 0.0, 0.0, 0.0, 0.0, 0.0, 0.0, 0.0, 0.0, 0.0, 0.0, 0.0, 0.0, 0.0, 0.0, 0.0, 0.0, 0.0, 0.0, 0.0, 0.0, 0.0, 0.0, 0.0, 0.0, 0.0, 0.0, 0.0, 0.0, 0.0, 0.0, 0.0, 0.0, 0.0, 0.0, 0.0, 0.0, 0.0, 0.0, 0.0, 0.0, 0.0, 0.0, 0.0, 0.0, 0.0, 0.0, 0.0, 0.0, 0.0, 0.0, 0.0, 0.0, 0.0, 0.0, 0.0, 0.0, 0.0, 0.0, 0.0, 0.0, 0.0, 0.0, 0.0, 0.0, 0.0, 0.0, 0.0, 0.0, 0.0, 0.0, 0.0, 0.0, 0.0, 0.0, 0.0, 0.0, 0.0, 0.0, 0.0, 0.0, 0.0, 0.0, 0.0, 0.0, 0.0, 0.0, 0.0, 0.0, 0.0, 0.0, 0.0, 0.0, 0.0, 0.0, 0.0, 0.0, 0.0, 0.0, 0.0, 0.0, 0.0, 0.0, 0.0, 0.0, 0.0, 0.0, 0.0, 0.0, 0.0, 0.0, 0.0, 0.0, 0.0, 0.0, 0.0, 0.0, 0.0, 0.0, 0.0, 0.0, 0.0, 0.0, 0.0, 0.0, 0.0, 0.0, 0.0, 0.0, 0.0, 0.0, 0.0, 0.0, 0.0, 0.0, 0.0, 0.0, 0.0, 0.0, 0.0, 0.0, 0.0, 0.0, 0.0]",0.5,0.5,0,"[22, 9, 8, 8, 8, 8, 8, 7, 7, 7, 7, 7, 7, 7, 7, 6, 6, 4, 4, 3, 2, 2, 2, 2, 2, 2, 2, 2, 2, 2, 2, 2, 2, 2, 2, 2, 2, 2, 2, 2, 2, 2, 2, 2, 2, 2, 2, 2, 2, 2, 2, 2, 2, 2, 2, 2, 2, 2, 2, 2, 2, 2, 2, 2, 2, 2, 2, 2, 2, 1, 1, 1, 1, 1, 1, 1, 1, 1, 1, 1, 1, 1, 1, 1, 1, 0, 0, 0, 0, 0, 0, 0, 0, 0, 0, 0, 0, 0, 0, 0, 0, 0, 0, 0, 0, 0, 0, 0, 0, 0, 0, 0, 0, 0, 0, 0, 0, 0, 0, 0, 0, 0, 0, 0, 0, 0, 0, 0, 0, 0, 0, 0, 0, 0, 0, 0, 0, 0, 0, 0, 0, 0, 0, 0, 0, 0, 0, 0, 0, 0, 0, 0, 0, 0, 0, 0, 0, 0, 0, 0, 0, 0, 0, 0, 0, 0, 0, 0, 0, 0, 0, 0, 0, 0, 0, 0, 0, 0, 0, 0, 0, 0, 0, 0, 0, 0, 0, 0, 0, 0, 0, 0, 0, 0, 0, 0, 0, 0, 0, 0, 0, 0, 0, 0, 0, 0, 0, 0, 0, 0, 0, 0, 0, 0, 0, 0, 0, 0, 0, 0, 0, 0, 0, 0, 0, 0, 0, 0, 0, 0, 0, 0, 0, 0, 0, 0, 0, 0, 0, 0, 0, 0, 0, 0, 0, 0, 0, 0, 0, 0, 0, 0, 0, 0, 0, 0, 0, 0, 0, 0, 0, 0, 0, 0, 0, 0, 0, 0, 0, 0, 0, 0, 0, 0, 0, 0, 0, 0, 0, 0, 0, 0, 0, 0, 0, 0, 0, 0, 0, 0, 0, 0, 0, 0, 0]",295,"[0.4343900978565216, 4.500007629394531, 1.1160800457000732, 0.3931093215942383, 3.515606164932251, 0.359539270401001, 0.5953854322433472, 0.8458801507949829, 0.43096381425857544, 0.5637580752372742, 0.43615737557411194, 0.48171406984329224, 1.0795166492462158, 0.47535714507102966, 0.3245510458946228, 3.4542837142944336, 0.3376438617706299, 1.5305460691452026, 0.8197067975997925, 0.4629508852958679, 0.6460781097412109, 1.2159148454666138, 4.123918533325195, 1.3456034660339355, 2.435664176940918, 1.228601098060608, 0.4557340741157532, 2.992311477661133, 0.7519184947013855, 0.9141553640365601, 0.8367794752120972, 3.2137563228607178, 0.9107615947723389, 0.9768332839012146, 1.7244244813919067, 1.4471380710601807, 1.4198875427246094, 0.49962401390075684, 3.2450058460235596, 3.9391348361968994, 1.5350730419158936, 0.6330282688140869, 2.052910566329956, 0.5841882228851318, 2.6387109756469727, 0.6833205223083496, 1.6889491081237793, 2.733752727508545, 0.5767770409584045, 0.5620669722557068, 0.8825433254241943, 0.648567795753479, 0.5948162078857422, 0.8960302472114563, 0.4358803927898407, 1.965408444404602, 2.193439245223999, 1.2571507692337036, 0.4227795898914337, 0.5380682945251465, 1.6622003316879272, 0.9636627435684204, 0.6850346326828003, 2.4679677486419678, 3.1447842121124268, 0.9101132154464722, 0.4495772421360016, 0.771877110004425, 0.6290751099586487, 0.7648760080337524, 0.6207923889160156, 2.771754264831543, 0.8683174252510071, 0.4106380343437195, 0.48858219385147095, 4.780865669250488, 3.2725634574890137, 2.7265708446502686, 3.826777696609497, 0.44663146138191223, 2.7820117473602295, 0.5463144183158875, 0.8667038679122925, 0.9919806718826294, 4.10432243347168, 3.8478784561157227, 2.4721896648406982, 0.41445213556289673, 2.8575751781463623, 4.629361152648926, 3.8843016624450684, 1.3091590404510498, 2.9282381534576416, 2.4118492603302, 1.381290078163147, 4.9675092697143555, 0.5631605386734009, 1.697351098060608, 3.6853466033935547, 1.2575981616973877, 3.9876723289489746, 2.0328965187072754, 1.1634821891784668, 3.9988696575164795, 4.345781326293945, 4.322896957397461, 0.702961266040802, 1.1100445985794067, 1.4379452466964722, 1.8182241916656494, 3.194718599319458, 4.5443830490112305, 1.8668746948242188, 3.2145349979400635, 0.4537854790687561, 0.5153758525848389, 1.7356802225112915, 4.045698165893555, 1.5047056674957275, 5.344400405883789, 3.8817005157470703, 1.5663402080535889, 2.8542776107788086, 3.231660842895508, 0.6116277575492859, 0.692982017993927, 2.263179063796997, 0.7151238918304443, 4.990217208862305, 0.643523097038269, 1.8892384767532349, 0.48611363768577576, 3.1165213584899902, 3.0101583003997803, 2.4573562145233154, 2.0484790802001953, 1.152894139289856, 3.1107733249664307, 0.4638267457485199, 1.2124557495117188, 1.800990343093872, 1.705744743347168, 0.8388729691505432, 0.42934954166412354, 1.7023680210113525, 4.035884857177734, 0.9147691130638123, 0.44439497590065, 1.8697402477264404, 2.5724129676818848, 2.0527024269104004, 0.8903723955154419, 0.8360540866851807, 4.578920364379883, 2.519916296005249, 1.2432000637054443, 0.5774502754211426, 4.6310715675354, 5.828647613525391, 4.765460014343262, 3.759655237197876, 1.3701655864715576, 3.930485248565674, 0.7105339169502258, 1.5885980129241943, 2.0785751342773438, 0.425536572933197, 2.5164923667907715, 1.0428926944732666, 1.6803785562515259, 1.6702226400375366, 4.408820629119873, 3.9234282970428467, 3.5449371337890625, 1.3179856538772583, 3.695530652999878, 2.8938443660736084, 0.8903917670249939, 0.5797114372253418, 1.4141669273376465, 1.1526168584823608, 2.776153326034546, 0.7962732911109924, 3.769989013671875, 0.5575243234634399, 0.6331275701522827, 0.5698739290237427, 0.6392776966094971, 4.957475185394287, 0.6191365718841553, 2.680962324142456, 1.9555799961090088, 2.807636022567749, 2.0245985984802246, 5.392595291137695, 2.148284673690796, 0.5022111535072327, 1.9196494817733765, 2.349390983581543, 2.5023984909057617, 5.276173114776611, 0.610790491104126, 0.9211142063140869, 0.885857105255127, 0.832064151763916, 0.41221854090690613, 1.0471278429031372, 2.2739181518554688, 3.441195011138916, 4.725428581237793, 5.044104099273682, 5.607579231262207, 4.34986686706543, 0.6397949457168579, 5.150357723236084, 3.3639066219329834, 1.3275097608566284, 5.668910026550293, 0.4145772159099579, 1.071262240409851, 1.1760048866271973, 1.5399653911590576, 3.355224370956421, 2.232764482498169, 2.5082602500915527, 2.1622791290283203, 1.7667535543441772, 0.8123052716255188, 2.7870376110076904, 5.388864517211914, 2.674738883972168, 0.4074069559574127, 2.0435845851898193, 2.0185158252716064, 2.211263656616211, 5.288390636444092, 1.3400306701660156, 0.6794261932373047, 0.7381097674369812, 3.924067735671997, 1.8512252569198608, 0.82513427734375, 1.0431939363479614, 0.6248168349266052, 0.44738659262657166, 0.4210217595100403, 0.5598664283752441, 0.8149904012680054, 2.4707834720611572, 1.36592698097229, 0.4413224458694458, 1.1536668539047241, 0.5893722772598267, 1.3031785488128662, 2.0283286571502686, 0.8305712342262268, 4.400938510894775, 0.670870304107666, 2.9685301780700684, 0.6824185848236084, 1.2334330081939697, 2.2810699939727783, 6.1478705406188965, 0.5356155037879944, 3.112070322036743, 1.2321836948394775, 0.41556280851364136, 0.5392343401908875, 0.5801700353622437, 2.359678268432617, 0.6921374797821045, 1.361202597618103, 3.9149951934814453, 2.765446662902832, 0.8774808645248413, 4.004629135131836, 1.563418984413147, 0.5841717720031738, 4.07620906829834, 0.631401538848877, 0.42108142375946045, 2.3962182998657227, 5.294561862945557, 2.0151572227478027, 1.039522647857666, 3.4224233627319336, 2.7010324001312256, 3.2494430541992188, 5.57270622253418, 2.3443703651428223, 2.529428720474243, 1.4315071105957031, 0.4573303163051605, 0.4158309996128082, 4.029931545257568]",0.0,"[22.0, 9.0, 8.0, 8.0, 8.0, 8.0, 8.0, 7.0, 7.0, 7.0, 7.0, 7.0, 7.0, 7.0, 7.0, 6.0, 6.0, 4.0, 4.0, 3.0, 2.0, 2.0, 2.0, 2.0, 2.0, 2.0, 2.0, 2.0, 2.0, 2.0, 2.0, 2.0, 2.0, 2.0, 2.0, 2.0, 2.0, 2.0, 2.0, 2.0, 2.0, 2.0, 2.0, 2.0, 2.0, 2.0, 2.0, 2.0, 2.0, 2.0, 2.0, 2.0, 2.0, 2.0, 2.0, 2.0, 2.0, 2.0, 2.0, 2.0, 2.0, 2.0, 2.0, 2.0, 2.0, 2.0, 2.0, 2.0, 2.0, 1.0, 1.0, 1.0, 1.0, 1.0, 1.0, 1.0, 1.0, 1.0, 1.0, 1.0, 1.0, 1.0, 1.0, 1.0, 1.0, 0.0, 0.0, 0.0, 0.0, 0.0, 0.0, 0.0, 0.0, 0.0, 0.0, 0.0, 0.0, 0.0, 0.0, 0.0, 0.0, 0.0, 0.0, 0.0, 0.0, 0.0, 0.0, 0.0, 0.0, 0.0, 0.0, 0.0, 0.0, 0.0, 0.0, 0.0, 0.0, 0.0, 0.0, 0.0, 0.0, 0.0, 0.0, 0.0, 0.0, 0.0, 0.0, 0.0, 0.0, 0.0, 0.0, 0.0, 0.0, 0.0, 0.0, 0.0, 0.0, 0.0, 0.0, 0.0, 0.0, 0.0, 0.0, 0.0, 0.0, 0.0, 0.0, 0.0, 0.0, 0.0, 0.0, 0.0, 0.0, 0.0, 0.0, 0.0, 0.0, 0.0, 0.0, 0.0, 0.0, 0.0, 0.0, 0.0, 0.0, 0.0, 0.0, 0.0, 0.0, 0.0, 0.0, 0.0, 0.0, 0.0, 0.0, 0.0, 0.0, 0.0, 0.0, 0.0, 0.0, 0.0, 0.0, 0.0, 0.0, 0.0, 0.0, 0.0, 0.0, 0.0, 0.0, 0.0, 0.0, 0.0, 0.0, 0.0, 0.0, 0.0, 0.0, 0.0, 0.0, 0.0, 0.0, 0.0, 0.0, 0.0, 0.0, 0.0, 0.0, 0.0, 0.0, 0.0, 0.0, 0.0, 0.0, 0.0, 0.0, 0.0, 0.0, 0.0, 0.0, 0.0, 0.0, 0.0, 0.0, 0.0, 0.0, 0.0, 0.0, 0.0, 0.0, 0.0, 0.0, 0.0, 0.0, 0.0, 0.0, 0.0, 0.0, 0.0, 0.0, 0.0, 0.0, 0.0, 0.0, 0.0, 0.0, 0.0, 0.0, 0.0, 0.0, 0.0, 0.0, 0.0, 0.0, 0.0, 0.0, 0.0, 0.0, 0.0, 0.0, 0.0, 0.0, 0.0, 0.0, 0.0, 0.0, 0.0, 0.0, 0.0, 0.0, 0.0, 0.0, 0.0, 0.0, 0.0, 0.0, 0.0, 0.0, 0.0, 0.0, 0.0, 0.0, 0.0, 0.0, 0.0, 0.0, 0.0, 0.0, 0.0, 0.0, 0.0, 0.0, 0.0, 0.0]",COMPLETE
19,19,0.8683580013139081,2024-08-31 01:18:28.037923,2024-08-31 01:18:38.762470,0 days 00:00:10.724547,64,1.654445194287417,2,130,0.0014930951369986462,50,0.0020102491014919233,0.892,0.895,6,"[33, 33, 33, 33, 33, 33, 33, 33, 33, 33, 33, 33, 33, 33, 33, 33, 33, 32, 31, 29, 27, 23, 21, 21, 17, 15, 15, 14, 13, 13, 11, 11, 11, 11, 11, 10, 10, 10, 10, 10, 10, 10, 8, 8, 8, 8, 8, 8, 8, 8, 8, 8, 8, 8, 8, 8, 8, 8, 8, 8, 8, 8, 8, 8, 8, 8, 8, 8, 7, 7, 7, 7, 7, 7, 7, 7, 7, 6, 6, 6, 6, 6, 6, 6, 6, 6, 6, 6, 6, 6, 6, 6, 6, 6, 6, 6, 6, 6, 6, 6, 6, 6, 6, 6, 6, 6, 6, 6, 6, 6, 6, 6, 6, 6, 6, 6, 6, 6, 6, 6, 6, 6, 6, 6, 6, 6, 6, 6, 6, 6]",5.993333333333333,"[32.99333333333333, 32.96, 32.98, 32.96666666666667, 32.986666666666665, 33.0, 32.99333333333333, 32.99333333333333, 32.986666666666665, 32.980000000000004, 32.96666666666667, 32.95333333333333, 32.98, 32.99333333333333, 32.96, 32.986666666666665, 32.97333333333333, 31.986666666666665, 30.98, 28.986666666666665, 26.973333333333333, 22.986666666666665, 20.993333333333332, 20.986666666666665, 16.993333333333332, 14.993333333333332, 14.993333333333332, 13.986666666666666, 13.0, 12.986666666666666, 10.993333333333332, 10.993333333333332, 10.98, 11.0, 10.993333333333332, 9.993333333333332, 10.0, 10.0, 9.993333333333332, 9.993333333333334, 10.0, 10.0, 8.0, 8.0, 8.0, 8.0, 7.993333333333333, 7.993333333333333, 7.993333333333333, 7.986666666666666, 8.0, 8.0, 8.0, 8.0, 7.993333333333333, 8.0, 8.0, 7.993333333333333, 8.0, 8.0, 7.98, 8.0, 8.0, 8.0, 7.993333333333333, 7.993333333333333, 7.9799999999999995, 7.993333333333333, 7.0, 7.0, 7.0, 7.0, 7.0, 7.0, 6.993333333333333, 7.0, 6.993333333333333, 6.0, 6.0, 5.993333333333333, 6.0, 6.0, 6.0, 5.993333333333333, 5.986666666666666, 6.0, 6.0, 6.0, 6.0, 5.993333333333333, 6.0, 6.0, 5.993333333333333, 6.0, 6.0, 6.0, 6.0, 5.986666666666666, 6.0, 6.0, 6.0, 5.993333333333333, 6.0, 6.0, 5.993333333333333, 6.0, 6.0, 5.986666666666666, 6.0, 6.0, 6.0, 6.0, 6.0, 6.0, 6.0, 6.0, 5.986666666666666, 6.0, 5.993333333333333, 6.0, 6.0, 6.0, 6.0, 6.0, 6.0, 6.0, 6.0, 6.0, 6.0, 5.993333333333333]",0.8692690659599237,0.8683580013139081,6,"[33, 33, 33, 33, 33, 33, 33, 33, 33, 33, 33, 33, 33, 33, 33, 33, 33, 32, 31, 29, 27, 23, 21, 21, 17, 15, 15, 14, 13, 13, 11, 11, 11, 11, 11, 10, 10, 10, 10, 10, 10, 10, 8, 8, 8, 8, 8, 8, 8, 8, 8, 8, 8, 8, 8, 8, 8, 8, 8, 8, 8, 8, 8, 8, 8, 8, 8, 8, 7, 7, 7, 7, 7, 7, 7, 7, 7, 6, 6, 6, 6, 6, 6, 6, 6, 6, 6, 6, 6, 6, 6, 6, 6, 6, 6, 6, 6, 6, 6, 6, 6, 6, 6, 6, 6, 6, 6, 6, 6, 6, 6, 6, 6, 6, 6, 6, 6, 6, 6, 6, 6, 6, 6, 6, 6, 6, 6, 6, 6, 6]",130,"[1.4982281923294067, 1.9926502704620361, 0.8387265801429749, 0.5349274277687073, 1.8606876134872437, 1.3176051378250122, 0.4667659103870392, 0.5660041570663452, 0.7398054003715515, 0.3937203586101532, 2.001955032348633, 1.8315578699111938, 1.1237486600875854, 1.2585545778274536, 0.8678205609321594, 1.0969067811965942, 0.3998268246650696, 0.3496074676513672, 2.040477752685547, 0.3625621497631073, 0.6540090441703796, 0.5629714727401733, 1.1713861227035522, 0.5608740448951721, 1.2848236560821533, 0.32503336668014526, 0.37182721495628357, 0.7093546986579895, 0.2774008512496948, 0.8254299163818359, 1.2204867601394653, 0.4962445795536041, 0.9497595429420471, 0.4228963851928711, 0.4261733889579773, 0.3286451995372772, 0.29530346393585205, 0.4346718490123749, 0.3522280156612396, 0.33268243074417114, 0.2718479633331299, 0.25866401195526123, 0.716661274433136, 1.5039044618606567, 0.6129478812217712, 0.31038323044776917, 0.8723081350326538, 0.8826590180397034, 0.39856988191604614, 0.44164788722991943, 0.5999031662940979, 0.3812311291694641, 0.5556451082229614, 0.893522322177887, 0.4582342505455017, 1.5119725465774536, 0.8761180639266968, 0.41111069917678833, 0.4950236976146698, 0.6966664791107178, 0.8427628874778748, 1.0998516082763672, 0.46511510014533997, 0.2916443645954132, 0.6699680089950562, 0.5919269323348999, 0.5471548438072205, 0.6990345120429993, 1.172577977180481, 0.2907102406024933, 0.7986028790473938, 0.37506693601608276, 0.34424036741256714, 0.9101481437683105, 0.2838754653930664, 0.628994345664978, 0.32645729184150696, 0.62263023853302, 0.36377257108688354, 0.3070189952850342, 0.35101205110549927, 0.5038416981697083, 0.7847687602043152, 0.6817136406898499, 1.038779377937317, 0.2835541367530823, 0.7979701161384583, 0.7703118324279785, 0.9342113733291626, 0.319262832403183, 0.4353320002555847, 0.41738468408584595, 0.5517306327819824, 0.39002278447151184, 0.9584193229675293, 0.3118632137775421, 1.001103401184082, 0.35735780000686646, 0.5187131762504578, 0.792145311832428, 0.763217568397522, 1.2553439140319824, 0.31432586908340454, 0.9053360223770142, 0.28142425417900085, 0.9267280697822571, 0.273726224899292, 0.7446646094322205, 0.7221933007240295, 0.996636152267456, 0.4050523638725281, 0.35970166325569153, 0.7637676000595093, 0.5312106013298035, 0.29092344641685486, 0.30448034405708313, 0.7680159211158752, 0.6041435599327087, 1.0669673681259155, 0.4714396297931671, 0.4755854904651642, 0.7074898481369019, 0.32606980204582214, 0.48471397161483765, 0.49193963408470154, 0.30532437562942505, 0.517902672290802, 0.28540197014808655, 0.283545583486557, 0.2849225699901581]",6.0,"[33.0, 33.0, 33.0, 33.0, 33.0, 33.0, 33.0, 33.0, 33.0, 33.0, 33.0, 33.0, 33.0, 33.0, 33.0, 33.0, 33.0, 32.0, 31.0, 29.0, 27.0, 23.0, 21.0, 21.0, 17.0, 15.0, 15.0, 14.0, 13.0, 13.0, 11.0, 11.0, 11.0, 11.0, 11.0, 10.0, 10.0, 10.0, 10.0, 10.0, 10.0, 10.0, 8.0, 8.0, 8.0, 8.0, 8.0, 8.0, 8.0, 8.0, 8.0, 8.0, 8.0, 8.0, 8.0, 8.0, 8.0, 8.0, 8.0, 8.0, 8.0, 8.0, 8.0, 8.0, 8.0, 8.0, 8.0, 8.0, 7.0, 7.0, 7.0, 7.0, 7.0, 7.0, 7.0, 7.0, 7.0, 6.0, 6.0, 6.0, 6.0, 6.0, 6.0, 6.0, 6.0, 6.0, 6.0, 6.0, 6.0, 6.0, 6.0, 6.0, 6.0, 6.0, 6.0, 6.0, 6.0, 6.0, 6.0, 6.0, 6.0, 6.0, 6.0, 6.0, 6.0, 6.0, 6.0, 6.0, 6.0, 6.0, 6.0, 6.0, 6.0, 6.0, 6.0, 6.0, 6.0, 6.0, 6.0, 6.0, 6.0, 6.0, 6.0, 6.0, 6.0, 6.0, 6.0, 6.0, 6.0, 6.0]",COMPLETE
