,number,value,datetime_start,datetime_complete,duration,params_batch_size_scaler,params_constant_learning_rate,params_depth,params_epochs,params_kernel_l2,params_num_trees,params_temperature,user_attrs_accuracy_test,user_attrs_accuracy_valid,user_attrs_approximate_feature_sparsity,user_attrs_approximate_feature_sparsity_history,user_attrs_approximate_weight_sparsity,user_attrs_approximate_weight_sparsity_history,user_attrs_auc_test,user_attrs_auc_valid,user_attrs_feature_sparsity,user_attrs_feature_sparsity_history,user_attrs_num_epochs,user_attrs_val_loss_history,user_attrs_weight_sparsity,user_attrs_weight_sparsity_history,state
169,169,0.9252746969638417,2024-08-31 07:24:05.286132,2024-08-31 07:25:48.118815,0 days 00:01:42.832683,1,0.030870603272943494,1,285,0.018226387924496407,70,0.015325755636920284,0.939,0.935,33,"[33, 33, 33, 33, 33, 33, 33, 33, 33, 33, 33, 33, 33, 33, 33, 33, 33, 33, 33, 33, 33, 33, 33, 33, 33, 33, 33, 33, 33, 33, 33, 33, 33, 33, 33, 33, 33, 33, 33, 33, 33, 33, 33, 33, 33, 33, 33, 33, 33, 33, 33, 33, 33, 33, 33, 33, 33, 33, 33, 33, 33, 33, 33, 33, 33, 33, 33, 33, 33, 33, 33, 33, 33, 33, 33, 33, 33, 33, 33, 33, 33, 33, 33, 33, 33, 33, 33, 33, 33, 33, 33, 33, 33, 33, 33, 33, 33, 33, 33, 33, 33, 33, 33, 33, 33, 33, 33, 33, 33, 33, 33, 33, 33, 33, 33, 33, 33, 33, 33, 33, 33, 33, 33, 33, 33, 33, 33, 33, 33, 33, 33, 33, 33, 33, 33, 33, 33, 33, 33, 33, 33, 33, 33, 33, 33, 33, 33, 33, 33, 33, 33, 33, 33, 33, 33, 33, 33, 33, 33, 33, 33, 33, 33, 33, 33, 33, 33, 33, 33, 33, 33, 33, 33, 33, 33, 33, 33, 33, 33, 33, 33, 33, 33, 33, 33, 33, 33, 33, 33, 33, 33, 33, 33, 33, 33, 33, 33, 33, 33, 33, 33, 33, 33, 33, 33, 33, 33, 33, 33, 33, 33, 33, 33, 33, 33, 33, 33, 33, 33, 33, 33, 33, 33, 33, 33, 33, 33, 33, 33, 33, 33, 33, 33, 33, 33, 33, 33, 33, 33, 33, 33, 33, 33, 33, 33, 33, 33, 33, 33, 33, 33, 33, 33, 33, 33, 33, 33, 33, 33, 33, 33, 33, 33, 33, 33, 33, 33, 33, 33, 33, 33, 33, 33, 33, 33, 33, 33, 33, 33, 33, 33, 33, 33, 33, 33]",33.0,"[32.98571428571429, 33.0, 32.957142857142856, 33.0, 32.98571428571429, 33.0, 33.0, 32.98571428571429, 32.98571428571429, 32.971428571428575, 33.0, 33.0, 33.0, 32.971428571428575, 32.98571428571429, 32.971428571428575, 33.0, 33.0, 32.98571428571429, 33.0, 32.971428571428575, 32.971428571428575, 33.0, 33.0, 33.0, 33.0, 33.0, 33.0, 33.0, 32.98571428571429, 32.98571428571429, 32.98571428571429, 32.98571428571429, 32.98571428571429, 33.0, 32.971428571428575, 32.971428571428575, 32.98571428571429, 33.0, 32.98571428571429, 33.0, 32.98571428571429, 32.957142857142856, 33.0, 32.98571428571429, 33.0, 32.98571428571429, 32.98571428571429, 32.98571428571429, 33.0, 33.0, 32.971428571428575, 33.0, 32.971428571428575, 33.0, 32.98571428571429, 32.98571428571429, 32.98571428571429, 32.971428571428575, 32.957142857142856, 33.0, 32.98571428571429, 32.98571428571429, 32.98571428571429, 32.98571428571429, 32.98571428571429, 32.957142857142856, 33.0, 33.0, 33.0, 32.971428571428575, 32.98571428571429, 32.971428571428575, 32.98571428571429, 33.0, 32.98571428571429, 32.98571428571429, 33.0, 32.971428571428575, 33.0, 32.98571428571429, 32.971428571428575, 32.971428571428575, 33.0, 32.98571428571429, 32.94285714285714, 32.971428571428575, 32.971428571428575, 32.957142857142856, 32.971428571428575, 32.971428571428575, 33.0, 33.0, 33.0, 32.957142857142856, 32.98571428571429, 33.0, 32.94285714285714, 32.971428571428575, 32.98571428571429, 33.0, 32.957142857142856, 32.971428571428575, 33.0, 33.0, 32.98571428571429, 32.971428571428575, 32.971428571428575, 32.98571428571429, 33.0, 32.971428571428575, 33.0, 32.98571428571429, 32.98571428571429, 32.971428571428575, 32.957142857142856, 32.98571428571429, 32.971428571428575, 32.98571428571429, 32.98571428571429, 32.98571428571429, 32.971428571428575, 32.98571428571429, 32.98571428571429, 32.971428571428575, 32.98571428571429, 33.0, 32.957142857142856, 32.957142857142856, 32.971428571428575, 32.971428571428575, 33.0, 32.957142857142856, 33.0, 32.98571428571429, 32.98571428571429, 32.98571428571429, 32.971428571428575, 32.971428571428575, 32.94285714285714, 32.98571428571429, 33.0, 32.971428571428575, 32.98571428571429, 32.98571428571429, 32.957142857142856, 33.0, 33.0, 32.98571428571429, 32.98571428571429, 32.957142857142856, 32.98571428571429, 32.971428571428575, 32.98571428571429, 33.0, 32.971428571428575, 32.98571428571429, 33.0, 32.98571428571429, 33.0, 33.0, 33.0, 33.0, 32.971428571428575, 32.971428571428575, 32.971428571428575, 32.98571428571429, 32.971428571428575, 33.0, 33.0, 32.971428571428575, 32.98571428571429, 32.94285714285714, 32.957142857142856, 33.0, 32.957142857142856, 32.957142857142856, 32.94285714285714, 32.98571428571429, 32.971428571428575, 32.971428571428575, 32.971428571428575, 32.98571428571429, 33.0, 33.0, 32.98571428571429, 32.957142857142856, 32.98571428571429, 32.971428571428575, 32.91428571428572, 32.98571428571429, 32.98571428571429, 32.94285714285714, 32.971428571428575, 32.957142857142856, 32.92857142857143, 32.971428571428575, 32.971428571428575, 32.957142857142856, 32.957142857142856, 32.971428571428575, 32.957142857142856, 33.0, 33.0, 32.98571428571429, 32.971428571428575, 32.98571428571429, 33.0, 32.971428571428575, 33.0, 32.98571428571429, 32.98571428571429, 32.98571428571429, 33.0, 33.0, 32.98571428571429, 32.98571428571429, 32.98571428571429, 32.957142857142856, 32.957142857142856, 32.94285714285714, 32.98571428571429, 33.0, 33.0, 32.971428571428575, 32.98571428571429, 32.98571428571429, 32.98571428571429, 32.957142857142856, 32.98571428571429, 32.98571428571429, 32.94285714285714, 32.98571428571429, 32.957142857142856, 32.98571428571429, 32.957142857142856, 32.94285714285714, 33.0, 32.971428571428575, 32.971428571428575, 33.0, 32.971428571428575, 32.94285714285714, 32.98571428571429, 32.92857142857143, 32.957142857142856, 33.0, 32.94285714285714, 32.92857142857143, 32.94285714285714, 32.98571428571429, 32.94285714285714, 32.98571428571429, 32.98571428571429, 32.98571428571429, 32.98571428571429, 32.98571428571429, 32.98571428571429, 32.971428571428575, 32.98571428571429, 32.98571428571429, 32.971428571428575, 32.94285714285714, 32.971428571428575, 32.98571428571429, 32.971428571428575, 32.971428571428575, 32.957142857142856, 32.971428571428575, 32.98571428571429, 32.98571428571429, 32.94285714285714, 32.957142857142856, 32.98571428571429, 32.971428571428575, 32.957142857142856, 33.0, 33.0, 32.98571428571429, 33.0, 32.94285714285714, 32.98571428571429, 32.971428571428575, 32.98571428571429, 33.0]",0.9070996292902022,0.9252746969638417,33,"[33, 33, 33, 33, 33, 33, 33, 33, 33, 33, 33, 33, 33, 33, 33, 33, 33, 33, 33, 33, 33, 33, 33, 33, 33, 33, 33, 33, 33, 33, 33, 33, 33, 33, 33, 33, 33, 33, 33, 33, 33, 33, 33, 33, 33, 33, 33, 33, 33, 33, 33, 33, 33, 33, 33, 33, 33, 33, 33, 33, 33, 33, 33, 33, 33, 33, 33, 33, 33, 33, 33, 33, 33, 33, 33, 33, 33, 33, 33, 33, 33, 33, 33, 33, 33, 33, 33, 33, 33, 33, 33, 33, 33, 33, 33, 33, 33, 33, 33, 33, 33, 33, 33, 33, 33, 33, 33, 33, 33, 33, 33, 33, 33, 33, 33, 33, 33, 33, 33, 33, 33, 33, 33, 33, 33, 33, 33, 33, 33, 33, 33, 33, 33, 33, 33, 33, 33, 33, 33, 33, 33, 33, 33, 33, 33, 33, 33, 33, 33, 33, 33, 33, 33, 33, 33, 33, 33, 33, 33, 33, 33, 33, 33, 33, 33, 33, 33, 33, 33, 33, 33, 33, 33, 33, 33, 33, 33, 33, 33, 33, 33, 33, 33, 33, 33, 33, 33, 33, 33, 33, 33, 33, 33, 33, 33, 33, 33, 33, 33, 33, 33, 33, 33, 33, 33, 33, 33, 33, 33, 33, 33, 33, 33, 33, 33, 33, 33, 33, 33, 33, 33, 33, 33, 33, 33, 33, 33, 33, 33, 33, 33, 33, 33, 33, 33, 33, 33, 33, 33, 33, 33, 33, 33, 33, 33, 33, 33, 33, 33, 33, 33, 33, 33, 33, 33, 33, 33, 33, 33, 33, 33, 33, 33, 33, 33, 33, 33, 33, 33, 33, 33, 33, 33, 33, 33, 33, 33, 33, 33, 33, 33, 33, 33, 33, 33]",285,"[0.39665699005126953, 0.3853689432144165, 0.37771740555763245, 0.37571433186531067, 0.3653947412967682, 0.37043341994285583, 0.3618202209472656, 0.35087668895721436, 0.34842148423194885, 0.3464534878730774, 0.3417971134185791, 0.34062156081199646, 0.33542779088020325, 0.33365920186042786, 0.3329731822013855, 0.32940539717674255, 0.32632407546043396, 0.3258673846721649, 0.32423630356788635, 0.32162049412727356, 0.3191174864768982, 0.31512829661369324, 0.3156101703643799, 0.305881142616272, 0.30395054817199707, 0.31858235597610474, 0.29373207688331604, 0.29305195808410645, 0.28349199891090393, 0.2788844704627991, 0.28148913383483887, 0.2712881565093994, 0.2680214047431946, 0.2805202007293701, 0.2992750406265259, 0.25735464692115784, 0.2526988685131073, 0.2745605707168579, 0.2700401246547699, 0.24832595884799957, 0.26853451132774353, 0.2465781420469284, 0.2414705902338028, 0.24430641531944275, 0.24372413754463196, 0.24429087340831757, 0.241981640458107, 0.23864880204200745, 0.237844318151474, 0.23713555932044983, 0.2501528859138489, 0.24675875902175903, 0.24414880573749542, 0.23389579355716705, 0.2404903620481491, 0.23969882726669312, 0.23770225048065186, 0.23462466895580292, 0.23268279433250427, 0.23419299721717834, 0.2362642139196396, 0.25804921984672546, 0.23245316743850708, 0.22960342466831207, 0.2310778796672821, 0.23196381330490112, 0.230741485953331, 0.228898823261261, 0.2323925942182541, 0.23156052827835083, 0.2272806614637375, 0.2256207913160324, 0.2277156114578247, 0.226872056722641, 0.2249387502670288, 0.2271084040403366, 0.23185089230537415, 0.226619154214859, 0.23043589293956757, 0.22222906351089478, 0.2244958132505417, 0.22355729341506958, 0.2228170931339264, 0.22317802906036377, 0.2232084721326828, 0.22281618416309357, 0.22227363288402557, 0.22320953011512756, 0.22898465394973755, 0.22602485120296478, 0.22339972853660583, 0.22551855444908142, 0.22164121270179749, 0.2196771651506424, 0.22828729450702667, 0.21690036356449127, 0.2206582874059677, 0.21646587550640106, 0.21403619647026062, 0.2214364856481552, 0.2173725962638855, 0.22648870944976807, 0.21442435681819916, 0.2153335064649582, 0.2136305868625641, 0.21543215215206146, 0.22058416903018951, 0.2150002419948578, 0.21257483959197998, 0.2129366248846054, 0.2145308256149292, 0.2127973735332489, 0.21118316054344177, 0.2239522486925125, 0.2122270166873932, 0.21852944791316986, 0.21477380394935608, 0.21113041043281555, 0.2153809517621994, 0.20943957567214966, 0.2185271978378296, 0.21043939888477325, 0.22741959989070892, 0.21157436072826385, 0.21674247086048126, 0.2107592225074768, 0.21262051165103912, 0.21359750628471375, 0.2197934091091156, 0.21087318658828735, 0.20742395520210266, 0.2138475477695465, 0.21360179781913757, 0.21442890167236328, 0.20782186090946198, 0.20837830007076263, 0.217125803232193, 0.2082047015428543, 0.20880548655986786, 0.20852069556713104, 0.2099340558052063, 0.21620577573776245, 0.22602279484272003, 0.20792968571186066, 0.20692701637744904, 0.2078704833984375, 0.21229396760463715, 0.21156127750873566, 0.20557208359241486, 0.21149961650371552, 0.21035625040531158, 0.2122236043214798, 0.20755527913570404, 0.22869734466075897, 0.2107209414243698, 0.2113964855670929, 0.20514258742332458, 0.20935523509979248, 0.2058226615190506, 0.2062453031539917, 0.20519250631332397, 0.2053370475769043, 0.20576520264148712, 0.20509125292301178, 0.20727089047431946, 0.20677974820137024, 0.21048645675182343, 0.21209442615509033, 0.21343155205249786, 0.2099633812904358, 0.20971561968326569, 0.20828239619731903, 0.20509092509746552, 0.20808494091033936, 0.20977801084518433, 0.2080356776714325, 0.21374021470546722, 0.20380409061908722, 0.21410955488681793, 0.2064414918422699, 0.2083912342786789, 0.20520555973052979, 0.20573872327804565, 0.20655246078968048, 0.21003346145153046, 0.20479895174503326, 0.21177563071250916, 0.20991915464401245, 0.20523475110530853, 0.21099670231342316, 0.20722076296806335, 0.21004705131053925, 0.22345249354839325, 0.21457833051681519, 0.21658815443515778, 0.20745040476322174, 0.20490194857120514, 0.20658926665782928, 0.2083788812160492, 0.21062619984149933, 0.20595605671405792, 0.20807166397571564, 0.20997536182403564, 0.21735018491744995, 0.21172046661376953, 0.21254000067710876, 0.2044515460729599, 0.20312350988388062, 0.21359920501708984, 0.21103444695472717, 0.21348927915096283, 0.21946755051612854, 0.20925003290176392, 0.2175360918045044, 0.21369686722755432, 0.21841925382614136, 0.20649407804012299, 0.21007724106311798, 0.21442823112010956, 0.2079848349094391, 0.20666436851024628, 0.20590916275978088, 0.20802976191043854, 0.21227265894412994, 0.21201390027999878, 0.20857156813144684, 0.21155916154384613, 0.2132812887430191, 0.20785318315029144, 0.21112720668315887, 0.2291109710931778, 0.2150251716375351, 0.20726743340492249, 0.2221662700176239, 0.20616959035396576, 0.21469968557357788, 0.23359888792037964, 0.20941394567489624, 0.2150154709815979, 0.2121623158454895, 0.21017871797084808, 0.20950394868850708, 0.21509699523448944, 0.2116989642381668, 0.22824899852275848, 0.2107718139886856, 0.21810775995254517, 0.21269267797470093, 0.21214288473129272, 0.21439649164676666, 0.21300846338272095, 0.21200917661190033, 0.2153872549533844, 0.2158319354057312, 0.2147464156150818, 0.21332263946533203, 0.2118530422449112, 0.21223436295986176, 0.21672192215919495, 0.2123452126979828, 0.22697818279266357, 0.2163805067539215, 0.2206660509109497, 0.21554887294769287, 0.21249133348464966, 0.209906667470932, 0.22691713273525238, 0.21654018759727478, 0.2087155282497406, 0.2114173322916031, 0.2207745611667633, 0.21238543093204498, 0.22040215134620667, 0.21485742926597595, 0.21913805603981018, 0.22054803371429443, 0.2192259430885315, 0.22849486768245697, 0.2178935408592224, 0.2173425853252411, 0.24949000775814056, 0.22858615219593048, 0.20957811176776886, 0.22070075571537018, 0.21876071393489838]",33.0,"[33.0, 33.0, 33.0, 33.0, 33.0, 33.0, 33.0, 33.0, 33.0, 33.0, 33.0, 33.0, 33.0, 33.0, 33.0, 33.0, 33.0, 33.0, 33.0, 33.0, 33.0, 33.0, 33.0, 33.0, 33.0, 33.0, 33.0, 33.0, 33.0, 33.0, 33.0, 33.0, 33.0, 33.0, 33.0, 33.0, 33.0, 33.0, 33.0, 33.0, 33.0, 33.0, 33.0, 33.0, 33.0, 33.0, 33.0, 33.0, 33.0, 33.0, 33.0, 33.0, 33.0, 33.0, 33.0, 33.0, 33.0, 33.0, 33.0, 33.0, 33.0, 33.0, 33.0, 33.0, 33.0, 33.0, 33.0, 33.0, 33.0, 33.0, 33.0, 33.0, 33.0, 33.0, 33.0, 33.0, 33.0, 33.0, 33.0, 33.0, 33.0, 33.0, 33.0, 33.0, 33.0, 33.0, 33.0, 33.0, 33.0, 33.0, 33.0, 33.0, 33.0, 33.0, 33.0, 33.0, 33.0, 33.0, 33.0, 33.0, 33.0, 33.0, 33.0, 33.0, 33.0, 33.0, 33.0, 33.0, 33.0, 33.0, 33.0, 33.0, 33.0, 33.0, 33.0, 33.0, 33.0, 33.0, 33.0, 33.0, 33.0, 33.0, 33.0, 33.0, 33.0, 33.0, 33.0, 33.0, 33.0, 33.0, 33.0, 33.0, 33.0, 33.0, 33.0, 33.0, 33.0, 33.0, 33.0, 33.0, 33.0, 33.0, 33.0, 33.0, 33.0, 33.0, 33.0, 33.0, 33.0, 33.0, 33.0, 33.0, 33.0, 33.0, 33.0, 33.0, 33.0, 33.0, 33.0, 33.0, 33.0, 33.0, 33.0, 33.0, 33.0, 33.0, 33.0, 33.0, 33.0, 33.0, 33.0, 33.0, 33.0, 33.0, 33.0, 33.0, 33.0, 33.0, 33.0, 33.0, 33.0, 33.0, 33.0, 33.0, 33.0, 33.0, 33.0, 33.0, 33.0, 33.0, 33.0, 33.0, 33.0, 33.0, 33.0, 33.0, 33.0, 33.0, 33.0, 33.0, 33.0, 33.0, 33.0, 33.0, 33.0, 33.0, 33.0, 33.0, 33.0, 33.0, 33.0, 33.0, 33.0, 33.0, 33.0, 33.0, 33.0, 33.0, 33.0, 33.0, 33.0, 33.0, 33.0, 33.0, 33.0, 33.0, 33.0, 33.0, 33.0, 33.0, 33.0, 33.0, 33.0, 33.0, 33.0, 33.0, 33.0, 33.0, 33.0, 33.0, 33.0, 33.0, 33.0, 33.0, 33.0, 33.0, 33.0, 33.0, 33.0, 33.0, 33.0, 33.0, 33.0, 33.0, 33.0, 33.0, 33.0, 33.0, 33.0, 33.0, 33.0, 33.0, 33.0, 33.0, 33.0, 33.0, 33.0, 33.0, 33.0, 33.0, 33.0, 33.0, 33.0, 33.0, 33.0, 33.0, 33.0, 33.0, 33.0, 33.0, 33.0, 33.0, 33.0, 33.0, 33.0]",COMPLETE
