,number,value,datetime_start,datetime_complete,duration,params_batch_size_scaler,params_constant_learning_rate,params_depth,params_epochs,params_kernel_l2,params_num_trees,params_temperature,user_attrs_accuracy_test,user_attrs_accuracy_valid,user_attrs_approximate_feature_sparsity,user_attrs_approximate_feature_sparsity_history,user_attrs_approximate_weight_sparsity,user_attrs_approximate_weight_sparsity_history,user_attrs_auc_test,user_attrs_auc_valid,user_attrs_feature_sparsity,user_attrs_feature_sparsity_history,user_attrs_num_epochs,user_attrs_val_loss_history,user_attrs_weight_sparsity,user_attrs_weight_sparsity_history,state
136,136,0.8033388723576922,2024-08-31 06:17:30.591159,2024-08-31 06:22:54.491883,0 days 00:05:23.900724,4,0.42663641461729856,6,140,0.23979770275430873,74,0.009547983186594767,0.894,0.87875,5,"[33, 33, 23, 5, 5, 5, 5, 5, 5, 5, 5, 5, 5, 5, 5, 5, 5, 5, 5, 5, 5, 5, 5, 5, 5, 5, 5, 5, 5, 5, 5, 5, 5, 5, 5, 5, 5, 5, 5, 5, 5, 5, 5, 5, 5, 5, 5, 5, 5, 5, 5, 5, 5, 5, 5, 5, 5, 5, 5, 5, 5, 5, 5, 5, 5, 5, 5, 5, 5, 5, 5, 5, 5, 5, 5, 5, 5, 5, 5, 5, 5, 5, 5, 5, 5, 5, 5, 5, 5, 5, 5, 5, 5, 5, 5, 5, 5, 5, 5, 5, 5, 5, 5, 5, 5, 5, 5, 5, 5, 5, 5, 5, 5, 5, 5, 5, 5, 5, 5, 5, 5, 5, 5, 5, 5, 5, 5, 5, 5, 5, 5, 5, 5, 5, 5, 5, 5, 5, 5, 5]",4.985842985842986,"[32.91891891891892, 32.90304590304591, 22.932432432432435, 4.987558987558987, 4.985628485628485, 4.986700986700987, 4.985199485199486, 4.984984984984985, 4.984341484341484, 4.985628485628485, 4.986271986271986, 4.985842985842986, 4.988845988845989, 4.987558987558987, 4.984770484770484, 4.986271986271986, 4.985628485628485, 4.985842985842986, 4.984126984126984, 4.985842985842986, 4.987344487344487, 4.984770484770485, 4.984341484341484, 4.9839124839124835, 4.985628485628486, 4.985199485199485, 4.9839124839124835, 4.986057486057486, 4.986915486915487, 4.985413985413985, 4.983697983697984, 4.988416988416988, 4.987129987129987, 4.987344487344487, 4.989274989274989, 4.98948948948949, 4.988845988845989, 4.988631488631489, 4.99056199056199, 4.985628485628486, 4.987987987987988, 4.984984984984985, 4.986486486486486, 4.986700986700987, 4.985842985842986, 4.984126984126984, 4.988631488631489, 4.989060489060489, 4.99056199056199, 4.986486486486486, 4.986057486057486, 4.9860574860574856, 4.986271986271986, 4.986915486915486, 4.987344487344487, 4.987558987558987, 4.986486486486486, 4.985413985413985, 4.987129987129987, 4.985628485628485, 4.986486486486487, 4.985413985413985, 4.985199485199485, 4.985628485628485, 4.984770484770484, 4.985199485199485, 4.986271986271986, 4.984984984984985, 4.986486486486487, 4.985199485199485, 4.983697983697984, 4.986915486915486, 4.986915486915487, 4.986271986271986, 4.985628485628485, 4.985199485199486, 4.984555984555985, 4.983054483054484, 4.985199485199485, 4.984984984984985, 4.987987987987988, 4.986700986700987, 4.989274989274989, 4.988631488631489, 4.989060489060489, 4.987344487344488, 4.985842985842986, 4.986271986271986, 4.984341484341484, 4.986915486915486, 4.9860574860574856, 4.986271986271986, 4.986271986271986, 4.985413985413985, 4.987773487773487, 4.9839124839124835, 4.985628485628485, 4.986486486486486, 4.984555984555985, 4.985413985413985, 4.9860574860574856, 4.987129987129987, 4.985413985413985, 4.985199485199485, 4.986486486486486, 4.986271986271986, 4.984770484770484, 4.986486486486487, 4.984555984555985, 4.985199485199485, 4.984984984984985, 4.985628485628485, 4.985628485628486, 4.985199485199486, 4.984555984555985, 4.985413985413985, 4.985199485199485, 4.984984984984985, 4.985628485628485, 4.985842985842986, 4.988631488631489, 4.987987987987988, 4.987773487773488, 4.986700986700987, 4.986486486486487, 4.986915486915486, 4.985628485628485, 4.986271986271986, 4.987987987987988, 4.987773487773487, 4.985842985842986, 4.987987987987988, 4.987129987129987, 4.987558987558987, 4.986271986271986, 4.988202488202488, 4.986486486486487, 4.986700986700987, 4.985628485628486, 4.985842985842986]",0.8195782660028568,0.8033388723576922,5,"[33, 33, 23, 5, 5, 5, 5, 5, 5, 5, 5, 5, 5, 5, 5, 5, 5, 5, 5, 5, 5, 5, 5, 5, 5, 5, 5, 5, 5, 5, 5, 5, 5, 5, 5, 5, 5, 5, 5, 5, 5, 5, 5, 5, 5, 5, 5, 5, 5, 5, 5, 5, 5, 5, 5, 5, 5, 5, 5, 5, 5, 5, 5, 5, 5, 5, 5, 5, 5, 5, 5, 5, 5, 5, 5, 5, 5, 5, 5, 5, 5, 5, 5, 5, 5, 5, 5, 5, 5, 5, 5, 5, 5, 5, 5, 5, 5, 5, 5, 5, 5, 5, 5, 5, 5, 5, 5, 5, 5, 5, 5, 5, 5, 5, 5, 5, 5, 5, 5, 5, 5, 5, 5, 5, 5, 5, 5, 5, 5, 5, 5, 5, 5, 5, 5, 5, 5, 5, 5, 5]",140,"[0.38983890414237976, 0.379482239484787, 0.37279587984085083, 0.37928470969200134, 0.3786191940307617, 0.37572696805000305, 0.3748042583465576, 0.3728388845920563, 0.3721839189529419, 0.3710148334503174, 0.37067097425460815, 0.36840543150901794, 0.3675992488861084, 0.3665522634983063, 0.3661763668060303, 0.36561164259910583, 0.3644629418849945, 0.36407405138015747, 0.36213698983192444, 0.36223211884498596, 0.3602735102176666, 0.3597480058670044, 0.3591579794883728, 0.3575685918331146, 0.35622042417526245, 0.3552834391593933, 0.3554221987724304, 0.3534758388996124, 0.35101479291915894, 0.3497314453125, 0.34873467683792114, 0.3473329246044159, 0.34705451130867004, 0.3444981873035431, 0.34316810965538025, 0.34220272302627563, 0.3410934507846832, 0.33993738889694214, 0.3388305902481079, 0.3375400900840759, 0.33682700991630554, 0.3361336886882782, 0.33592724800109863, 0.3344265818595886, 0.3347166180610657, 0.3335222005844116, 0.332969069480896, 0.33254218101501465, 0.3318327069282532, 0.331168532371521, 0.3308410942554474, 0.33072853088378906, 0.3316190242767334, 0.3299890160560608, 0.32960015535354614, 0.3295633792877197, 0.32908114790916443, 0.32897090911865234, 0.3281876742839813, 0.32897379994392395, 0.3278864026069641, 0.32889431715011597, 0.32713302969932556, 0.32721760869026184, 0.32701724767684937, 0.32628607749938965, 0.326445072889328, 0.32608330249786377, 0.3258563280105591, 0.325937420129776, 0.3265977203845978, 0.3268814980983734, 0.32581692934036255, 0.32500985264778137, 0.3248905539512634, 0.3252768814563751, 0.32506054639816284, 0.3254970610141754, 0.32475200295448303, 0.3244496285915375, 0.32464730739593506, 0.32411953806877136, 0.32525280117988586, 0.3243941068649292, 0.3237348794937134, 0.3237694501876831, 0.32393479347229004, 0.3242367208003998, 0.3243788182735443, 0.3236047327518463, 0.3232499361038208, 0.3247961401939392, 0.3237592577934265, 0.32365721464157104, 0.3233025372028351, 0.32287663221359253, 0.3224993646144867, 0.3228839039802551, 0.32249847054481506, 0.32264411449432373, 0.32243260741233826, 0.32355767488479614, 0.322513222694397, 0.3223589360713959, 0.3223828077316284, 0.3220720589160919, 0.3219847083091736, 0.3221229612827301, 0.3223084509372711, 0.3228267729282379, 0.3220871388912201, 0.3227689862251282, 0.32197368144989014, 0.32287922501564026, 0.3217860758304596, 0.3219386637210846, 0.32198140025138855, 0.3218749761581421, 0.32167160511016846, 0.3216438293457031, 0.32363075017929077, 0.32266703248023987, 0.3217821419239044, 0.32182180881500244, 0.32142412662506104, 0.32178154587745667, 0.3224063813686371, 0.3241446018218994, 0.32214775681495667, 0.3215389549732208, 0.3240722715854645, 0.3232565224170685, 0.32185637950897217, 0.32197684049606323, 0.32163143157958984, 0.3216564953327179, 0.3213939666748047, 0.32197147607803345, 0.32178589701652527, 0.32311055064201355]",5.0,"[33.0, 33.0, 23.0, 5.0, 5.0, 5.0, 5.0, 5.0, 5.0, 5.0, 5.0, 5.0, 5.0, 5.0, 5.0, 5.0, 5.0, 5.0, 5.0, 5.0, 5.0, 5.0, 5.0, 5.0, 5.0, 5.0, 5.0, 5.0, 5.0, 5.0, 5.0, 5.0, 5.0, 5.0, 5.0, 5.0, 5.0, 5.0, 5.0, 5.0, 5.0, 5.0, 5.0, 5.0, 5.0, 5.0, 5.0, 5.0, 5.0, 5.0, 5.0, 5.0, 5.0, 5.0, 5.0, 5.0, 5.0, 5.0, 5.0, 5.0, 5.0, 5.0, 5.0, 5.0, 5.0, 5.0, 5.0, 5.0, 5.0, 5.0, 5.0, 5.0, 5.0, 5.0, 5.0, 5.0, 5.0, 5.0, 5.0, 5.0, 5.0, 5.0, 5.0, 5.0, 5.0, 5.0, 5.0, 5.0, 5.0, 5.0, 5.0, 5.0, 5.0, 5.0, 5.0, 5.0, 5.0, 5.0, 5.0, 5.0, 5.0, 5.0, 5.0, 5.0, 5.0, 5.0, 5.0, 5.0, 5.0, 5.0, 5.0, 5.0, 5.0, 5.0, 5.0, 5.0, 5.0, 5.0, 5.0, 5.0, 5.0, 5.0, 5.0, 5.0, 5.0, 5.0, 5.0, 5.0, 5.0, 5.0, 5.0, 5.0, 5.0, 5.0, 5.0, 5.0, 5.0, 5.0, 5.0, 5.0]",COMPLETE
137,137,0.8313045046437634,2024-08-31 06:22:57.377414,2024-08-31 06:23:25.098854,0 days 00:00:27.721440,16,0.027682181228494744,1,260,0.004566488096691557,76,0.0006651002506892763,0.864,0.86125,33,"[33, 33, 33, 33, 33, 33, 33, 33, 33, 33, 33, 33, 33, 33, 33, 33, 33, 33, 33, 33, 33, 33, 33, 33, 33, 33, 33, 33, 33, 33, 33, 33, 33, 33, 33, 33, 33, 33, 33, 33, 33, 33, 33, 33, 33, 33, 33, 33, 33, 33, 33, 33, 33, 33, 33, 33, 33, 33, 33, 33, 33, 33, 33, 33, 33, 33, 33, 33, 33, 33, 33, 33, 33, 33, 33, 33, 33, 33, 33, 33, 33, 33, 33, 33, 33, 33, 33, 33, 33, 33, 33, 33, 33, 33, 33, 33, 33, 33, 33, 33, 33, 33, 33, 33, 33, 33, 33, 33, 33, 33, 33, 33, 33, 33, 33, 33, 33, 33, 33, 33, 33, 33, 33, 33, 33, 33, 33, 33, 33, 33, 33, 33, 33, 33, 33, 33, 33, 33, 33, 33, 33, 33, 33, 33, 33, 33, 33, 33, 33, 33, 33, 33, 33, 33, 33, 33, 33, 33, 33, 33, 33, 33, 33, 33, 33, 33, 33, 33, 33, 33, 33, 33, 33, 33, 33, 33, 33, 33, 33, 33, 33, 33, 33, 33, 33, 33, 33, 33, 33, 33, 33, 33, 33, 33, 33, 33, 33, 33, 33, 33, 33, 33, 33, 33, 33, 33, 33, 33, 33, 33, 33, 33, 33, 33, 33, 33, 33, 33, 33, 33, 33, 33, 33, 33, 33, 33, 33, 33, 33, 33, 33, 33, 33, 33, 33, 33, 33, 33, 33, 33, 33, 33, 33, 33, 33, 33, 33, 33, 33, 33, 33, 33, 33, 33, 33, 33, 33, 33, 33, 33]",32.973684210526315,"[32.973684210526315, 32.98684210526316, 32.96052631578947, 32.973684210526315, 32.973684210526315, 32.98684210526316, 32.973684210526315, 32.98684210526316, 32.96052631578947, 32.98684210526316, 32.98684210526316, 32.96052631578947, 32.973684210526315, 32.973684210526315, 32.973684210526315, 32.96052631578947, 32.98684210526316, 32.98684210526316, 32.98684210526316, 32.98684210526316, 32.973684210526315, 32.98684210526316, 32.98684210526316, 32.98684210526316, 32.98684210526316, 32.973684210526315, 32.98684210526316, 32.973684210526315, 32.94736842105263, 32.973684210526315, 32.973684210526315, 32.98684210526316, 33.0, 32.973684210526315, 33.0, 32.98684210526316, 32.98684210526316, 33.0, 32.98684210526316, 32.973684210526315, 32.96052631578947, 33.0, 33.0, 33.0, 33.0, 33.0, 32.98684210526316, 33.0, 33.0, 33.0, 33.0, 33.0, 33.0, 32.98684210526316, 32.98684210526316, 33.0, 33.0, 32.98684210526316, 32.98684210526316, 32.98684210526316, 33.0, 33.0, 32.98684210526316, 33.0, 32.98684210526316, 33.0, 33.0, 33.0, 33.0, 33.0, 33.0, 33.0, 32.98684210526316, 32.973684210526315, 33.0, 33.0, 32.98684210526316, 32.973684210526315, 32.973684210526315, 32.98684210526316, 32.98684210526316, 33.0, 32.98684210526316, 33.0, 33.0, 33.0, 33.0, 33.0, 33.0, 33.0, 33.0, 33.0, 33.0, 32.973684210526315, 33.0, 33.0, 32.98684210526316, 33.0, 33.0, 33.0, 33.0, 32.98684210526316, 32.98684210526316, 32.98684210526316, 32.98684210526316, 33.0, 32.98684210526316, 33.0, 33.0, 33.0, 33.0, 32.98684210526316, 32.98684210526316, 32.973684210526315, 33.0, 33.0, 32.98684210526316, 32.98684210526316, 32.973684210526315, 33.0, 32.973684210526315, 33.0, 32.98684210526316, 32.98684210526316, 33.0, 33.0, 33.0, 33.0, 33.0, 33.0, 33.0, 33.0, 32.98684210526316, 33.0, 32.98684210526316, 32.98684210526316, 32.973684210526315, 32.98684210526316, 32.98684210526316, 32.98684210526316, 32.973684210526315, 32.973684210526315, 32.98684210526316, 32.973684210526315, 32.973684210526315, 33.0, 32.98684210526316, 32.98684210526316, 32.973684210526315, 32.98684210526316, 32.98684210526316, 32.973684210526315, 32.98684210526316, 32.96052631578947, 32.98684210526316, 32.973684210526315, 32.98684210526316, 32.98684210526316, 33.0, 32.98684210526316, 33.0, 33.0, 33.0, 33.0, 33.0, 32.98684210526316, 33.0, 32.98684210526316, 33.0, 33.0, 33.0, 32.98684210526316, 33.0, 33.0, 33.0, 33.0, 33.0, 33.0, 33.0, 33.0, 32.98684210526316, 33.0, 33.0, 33.0, 33.0, 33.0, 33.0, 33.0, 33.0, 33.0, 32.98684210526316, 33.0, 32.98684210526316, 33.0, 32.973684210526315, 32.98684210526316, 32.98684210526316, 32.973684210526315, 33.0, 33.0, 32.973684210526315, 32.98684210526316, 33.0, 33.0, 32.973684210526315, 33.0, 33.0, 33.0, 32.98684210526316, 33.0, 32.973684210526315, 32.96052631578947, 32.973684210526315, 32.973684210526315, 32.98684210526316, 32.98684210526316, 32.973684210526315, 32.98684210526316, 32.973684210526315, 32.98684210526316, 33.0, 33.0, 33.0, 32.98684210526316, 32.98684210526316, 33.0, 33.0, 33.0, 33.0, 32.98684210526316, 33.0, 33.0, 33.0, 33.0, 32.98684210526316, 32.98684210526316, 32.98684210526316, 33.0, 33.0, 33.0, 33.0, 32.98684210526316, 32.98684210526316, 32.98684210526316, 32.98684210526316, 32.98684210526316, 33.0, 32.98684210526316, 32.98684210526316, 32.98684210526316, 32.98684210526316, 32.98684210526316, 32.98684210526316, 32.98684210526316, 32.98684210526316, 32.98684210526316, 32.98684210526316, 32.98684210526316, 32.98684210526316, 32.973684210526315]",0.8393067974471388,0.8313045046437634,33,"[33, 33, 33, 33, 33, 33, 33, 33, 33, 33, 33, 33, 33, 33, 33, 33, 33, 33, 33, 33, 33, 33, 33, 33, 33, 33, 33, 33, 33, 33, 33, 33, 33, 33, 33, 33, 33, 33, 33, 33, 33, 33, 33, 33, 33, 33, 33, 33, 33, 33, 33, 33, 33, 33, 33, 33, 33, 33, 33, 33, 33, 33, 33, 33, 33, 33, 33, 33, 33, 33, 33, 33, 33, 33, 33, 33, 33, 33, 33, 33, 33, 33, 33, 33, 33, 33, 33, 33, 33, 33, 33, 33, 33, 33, 33, 33, 33, 33, 33, 33, 33, 33, 33, 33, 33, 33, 33, 33, 33, 33, 33, 33, 33, 33, 33, 33, 33, 33, 33, 33, 33, 33, 33, 33, 33, 33, 33, 33, 33, 33, 33, 33, 33, 33, 33, 33, 33, 33, 33, 33, 33, 33, 33, 33, 33, 33, 33, 33, 33, 33, 33, 33, 33, 33, 33, 33, 33, 33, 33, 33, 33, 33, 33, 33, 33, 33, 33, 33, 33, 33, 33, 33, 33, 33, 33, 33, 33, 33, 33, 33, 33, 33, 33, 33, 33, 33, 33, 33, 33, 33, 33, 33, 33, 33, 33, 33, 33, 33, 33, 33, 33, 33, 33, 33, 33, 33, 33, 33, 33, 33, 33, 33, 33, 33, 33, 33, 33, 33, 33, 33, 33, 33, 33, 33, 33, 33, 33, 33, 33, 33, 33, 33, 33, 33, 33, 33, 33, 33, 33, 33, 33, 33, 33, 33, 33, 33, 33, 33, 33, 33, 33, 33, 33, 33, 33, 33, 33, 33, 33, 33]",260,"[0.4339818060398102, 0.42784854769706726, 0.42397555708885193, 0.4191237688064575, 0.41488856077194214, 0.4117266535758972, 0.4079340398311615, 0.40519893169403076, 0.40273961424827576, 0.400405615568161, 0.398931086063385, 0.3964696228504181, 0.3947732448577881, 0.39444202184677124, 0.39271220564842224, 0.3903072476387024, 0.38931411504745483, 0.3879939019680023, 0.38776737451553345, 0.38634273409843445, 0.38490521907806396, 0.384225070476532, 0.383134126663208, 0.382332444190979, 0.38158118724823, 0.3808244466781616, 0.3801017701625824, 0.3793065547943115, 0.3786388635635376, 0.3780962824821472, 0.3775605857372284, 0.37682750821113586, 0.3761478364467621, 0.37574833631515503, 0.3753449320793152, 0.3748934864997864, 0.37397369742393494, 0.37350547313690186, 0.373148649930954, 0.37240123748779297, 0.3726561665534973, 0.3715372085571289, 0.37090057134628296, 0.3704899251461029, 0.3703073263168335, 0.37001746892929077, 0.36901673674583435, 0.3685658276081085, 0.36810195446014404, 0.36760735511779785, 0.36779919266700745, 0.3668552339076996, 0.3666818141937256, 0.36622729897499084, 0.36547568440437317, 0.36510559916496277, 0.36461424827575684, 0.3641858696937561, 0.3637136220932007, 0.36348873376846313, 0.3628731966018677, 0.36248016357421875, 0.3620239496231079, 0.36176732182502747, 0.3613477647304535, 0.3618846535682678, 0.36036041378974915, 0.35998257994651794, 0.3611733317375183, 0.3591771721839905, 0.35975074768066406, 0.35842087864875793, 0.3582150340080261, 0.3576943874359131, 0.35730263590812683, 0.3569699227809906, 0.35662680864334106, 0.3570382595062256, 0.3558278977870941, 0.35560721158981323, 0.3553254306316376, 0.3548318147659302, 0.3543471097946167, 0.3539986312389374, 0.3536226749420166, 0.35325145721435547, 0.3528674840927124, 0.35252052545547485, 0.3541933298110962, 0.35182294249534607, 0.35221341252326965, 0.3520439565181732, 0.3513035476207733, 0.35148993134498596, 0.3501414954662323, 0.34969139099121094, 0.3499624729156494, 0.34915077686309814, 0.34886401891708374, 0.3491743206977844, 0.3482889235019684, 0.34814321994781494, 0.3485775887966156, 0.3487894535064697, 0.3473285436630249, 0.34717079997062683, 0.3474167585372925, 0.34678566455841064, 0.3459321856498718, 0.3458404242992401, 0.3460645377635956, 0.3449828624725342, 0.34471702575683594, 0.3454187512397766, 0.3443542420864105, 0.343912810087204, 0.34361493587493896, 0.34332916140556335, 0.34302258491516113, 0.3430384695529938, 0.34257301688194275, 0.3424075245857239, 0.34193122386932373, 0.34206271171569824, 0.3414430320262909, 0.3412899672985077, 0.34119969606399536, 0.3407732844352722, 0.34075668454170227, 0.3401705026626587, 0.33989307284355164, 0.3396706283092499, 0.3399406373500824, 0.3395964503288269, 0.3391304910182953, 0.33873963356018066, 0.3384838402271271, 0.33885514736175537, 0.3385443091392517, 0.33779454231262207, 0.3375527262687683, 0.3374052941799164, 0.3371662497520447, 0.3373660147190094, 0.3367924392223358, 0.3366101384162903, 0.33637991547584534, 0.3363916873931885, 0.33598366379737854, 0.3362489342689514, 0.3357745409011841, 0.3362564444541931, 0.3350393772125244, 0.3349134027957916, 0.33544257283210754, 0.3374428153038025, 0.33451148867607117, 0.33425089716911316, 0.33425867557525635, 0.334323912858963, 0.333577960729599, 0.33343181014060974, 0.3333436846733093, 0.3330766558647156, 0.33291494846343994, 0.332663893699646, 0.3325235843658447, 0.33223599195480347, 0.33236071467399597, 0.33247148990631104, 0.33179935812950134, 0.3318898677825928, 0.3322957754135132, 0.3312956690788269, 0.33095893263816833, 0.3307470381259918, 0.33065280318260193, 0.330727756023407, 0.3304207921028137, 0.3308506906032562, 0.33001065254211426, 0.3302125036716461, 0.3301183581352234, 0.3295082151889801, 0.3299136459827423, 0.32911837100982666, 0.32969334721565247, 0.3288315236568451, 0.32856637239456177, 0.32843396067619324, 0.32837870717048645, 0.3281518518924713, 0.32815301418304443, 0.32876625657081604, 0.3281868100166321, 0.3279345631599426, 0.3277621567249298, 0.32883280515670776, 0.3272593021392822, 0.3273671269416809, 0.32757067680358887, 0.32677409052848816, 0.3265257775783539, 0.32657450437545776, 0.3268522620201111, 0.32606884837150574, 0.3261495530605316, 0.32598891854286194, 0.3258894681930542, 0.3255123794078827, 0.32612258195877075, 0.32519280910491943, 0.32516852021217346, 0.325679212808609, 0.32484057545661926, 0.3250771462917328, 0.3262540102005005, 0.32461297512054443, 0.32510924339294434, 0.32460421323776245, 0.32495686411857605, 0.324529230594635, 0.3243975341320038, 0.3237510919570923, 0.3243001103401184, 0.32420527935028076, 0.3237667381763458, 0.3232487440109253, 0.32307934761047363, 0.32298099994659424, 0.32353588938713074, 0.3232647180557251, 0.32320278882980347, 0.3224542737007141, 0.3226405680179596, 0.32282528281211853, 0.32233431935310364, 0.32194310426712036, 0.3218870162963867, 0.32197147607803345, 0.32163283228874207, 0.3216701149940491, 0.32150185108184814, 0.32120946049690247, 0.32155048847198486, 0.3209441304206848, 0.32132697105407715, 0.32087242603302, 0.3220136761665344, 0.3206036686897278, 0.3206220269203186, 0.3205925226211548, 0.3200785517692566, 0.3200705647468567, 0.31992703676223755, 0.32020801305770874, 0.31966716051101685, 0.31976163387298584, 0.3204568922519684, 0.31951990723609924]",33.0,"[33.0, 33.0, 33.0, 33.0, 33.0, 33.0, 33.0, 33.0, 33.0, 33.0, 33.0, 33.0, 33.0, 33.0, 33.0, 33.0, 33.0, 33.0, 33.0, 33.0, 33.0, 33.0, 33.0, 33.0, 33.0, 33.0, 33.0, 33.0, 33.0, 33.0, 33.0, 33.0, 33.0, 33.0, 33.0, 33.0, 33.0, 33.0, 33.0, 33.0, 33.0, 33.0, 33.0, 33.0, 33.0, 33.0, 33.0, 33.0, 33.0, 33.0, 33.0, 33.0, 33.0, 33.0, 33.0, 33.0, 33.0, 33.0, 33.0, 33.0, 33.0, 33.0, 33.0, 33.0, 33.0, 33.0, 33.0, 33.0, 33.0, 33.0, 33.0, 33.0, 33.0, 33.0, 33.0, 33.0, 33.0, 33.0, 33.0, 33.0, 33.0, 33.0, 33.0, 33.0, 33.0, 33.0, 33.0, 33.0, 33.0, 33.0, 33.0, 33.0, 33.0, 33.0, 33.0, 33.0, 33.0, 33.0, 33.0, 33.0, 33.0, 33.0, 33.0, 33.0, 33.0, 33.0, 33.0, 33.0, 33.0, 33.0, 33.0, 33.0, 33.0, 33.0, 33.0, 33.0, 33.0, 33.0, 33.0, 33.0, 33.0, 33.0, 33.0, 33.0, 33.0, 33.0, 33.0, 33.0, 33.0, 33.0, 33.0, 33.0, 33.0, 33.0, 33.0, 33.0, 33.0, 33.0, 33.0, 33.0, 33.0, 33.0, 33.0, 33.0, 33.0, 33.0, 33.0, 33.0, 33.0, 33.0, 33.0, 33.0, 33.0, 33.0, 33.0, 33.0, 33.0, 33.0, 33.0, 33.0, 33.0, 33.0, 33.0, 33.0, 33.0, 33.0, 33.0, 33.0, 33.0, 33.0, 33.0, 33.0, 33.0, 33.0, 33.0, 33.0, 33.0, 33.0, 33.0, 33.0, 33.0, 33.0, 33.0, 33.0, 33.0, 33.0, 33.0, 33.0, 33.0, 33.0, 33.0, 33.0, 33.0, 33.0, 33.0, 33.0, 33.0, 33.0, 33.0, 33.0, 33.0, 33.0, 33.0, 33.0, 33.0, 33.0, 33.0, 33.0, 33.0, 33.0, 33.0, 33.0, 33.0, 33.0, 33.0, 33.0, 33.0, 33.0, 33.0, 33.0, 33.0, 33.0, 33.0, 33.0, 33.0, 33.0, 33.0, 33.0, 33.0, 33.0, 33.0, 33.0, 33.0, 33.0, 33.0, 33.0, 33.0, 33.0, 33.0, 33.0, 33.0, 33.0, 33.0, 33.0, 33.0, 33.0, 33.0, 33.0, 33.0, 33.0, 33.0, 33.0, 33.0, 33.0, 33.0, 33.0, 33.0, 33.0, 33.0, 33.0]",COMPLETE
