,number,value,datetime_start,datetime_complete,duration,params_batch_size_scaler,params_constant_learning_rate,params_depth,params_epochs,params_kernel_l2,params_num_trees,params_temperature,user_attrs_accuracy_test,user_attrs_accuracy_valid,user_attrs_approximate_feature_sparsity,user_attrs_approximate_feature_sparsity_history,user_attrs_approximate_weight_sparsity,user_attrs_approximate_weight_sparsity_history,user_attrs_auc_test,user_attrs_auc_valid,user_attrs_feature_sparsity,user_attrs_feature_sparsity_history,user_attrs_num_epochs,user_attrs_val_loss_history,user_attrs_weight_sparsity,user_attrs_weight_sparsity_history,state
13,13,0.9051023431361184,2024-08-31 00:53:09.188187,2024-08-31 00:57:54.512985,0 days 00:04:45.324798,1,0.5127370874628439,4,330,0.09042943346173951,60,0.001969043480269282,0.923,0.91375,11,"[33, 33, 14, 14, 13, 12, 12, 12, 12, 12, 12, 12, 12, 12, 12, 12, 12, 12, 12, 12, 12, 12, 12, 12, 12, 12, 12, 12, 12, 12, 12, 12, 12, 12, 12, 12, 12, 12, 12, 12, 12, 12, 12, 12, 12, 12, 12, 12, 12, 12, 12, 12, 12, 12, 12, 12, 12, 12, 12, 12, 12, 12, 12, 12, 12, 12, 12, 12, 12, 12, 12, 12, 12, 12, 12, 12, 12, 12, 12, 12, 12, 12, 12, 12, 12, 12, 12, 12, 12, 12, 12, 12, 12, 12, 12, 12, 12, 12, 12, 12, 12, 12, 12, 12, 12, 12, 12, 12, 12, 12, 12, 12, 12, 12, 12, 12, 12, 12, 12, 12, 12, 12, 12, 12, 12, 12, 12, 12, 12, 12, 12, 12, 12, 12, 12, 12, 12, 11, 11, 11, 11, 11, 11, 11, 11, 11, 11, 11, 11, 11, 11, 11, 11, 11, 11, 11, 11, 11, 11, 11, 11, 11, 11, 11, 11, 11, 11, 11, 11, 11, 11, 11, 11, 11, 11, 11, 11, 11, 11, 11, 11, 11, 11, 11, 11, 11, 11, 11, 11, 11, 11, 11, 11, 11, 11, 11, 11, 11, 11, 11, 11, 11, 11, 11, 11, 11, 11, 11, 11, 11, 11, 11, 11, 11, 11, 11, 11, 11, 11, 11, 11, 11, 11, 11, 11, 11, 11, 11, 11, 11, 11, 11, 11, 11, 11, 11, 11, 11, 11, 11, 11, 11, 11, 11, 11, 11, 11, 11, 11, 11, 11, 11, 11, 11, 11, 11, 11, 11, 11, 11, 11, 11, 11, 11, 11, 11, 11, 11, 11, 11, 11, 11, 11, 11, 11, 11, 11, 11, 11, 11, 11, 11, 11, 11, 11, 11, 11, 11, 11, 11, 11, 11, 11, 11, 11, 11, 11, 11, 11, 11, 11, 11, 11, 11, 11, 11, 11, 11, 11, 11, 11, 11, 11, 11, 11, 11, 11, 11, 11, 11, 11, 11, 11, 11, 11, 11, 11, 11, 11, 11]",10.790000000000001,"[32.96111111111111, 32.96666666666667, 13.984444444444446, 13.98777777777778, 12.987777777777778, 11.984444444444446, 11.985555555555555, 11.984444444444444, 11.991111111111111, 11.99111111111111, 11.986666666666666, 11.977777777777778, 11.982222222222223, 11.986666666666668, 11.98, 11.985555555555557, 11.98777777777778, 11.976666666666667, 11.984444444444446, 11.985555555555557, 11.984444444444446, 11.982222222222223, 11.989999999999998, 11.984444444444446, 11.986666666666665, 11.98, 11.982222222222223, 11.984444444444444, 11.982222222222223, 11.985555555555555, 11.985555555555555, 11.985555555555555, 11.97888888888889, 11.98, 11.98, 11.968888888888888, 11.974444444444444, 11.986666666666666, 11.983333333333334, 11.98, 11.97111111111111, 11.975555555555557, 11.973333333333333, 11.977777777777778, 11.965555555555556, 11.973333333333333, 11.971111111111112, 11.966666666666667, 11.974444444444444, 11.974444444444444, 11.983333333333334, 11.975555555555555, 11.973333333333333, 11.975555555555555, 11.976666666666667, 11.973333333333334, 11.973333333333333, 11.968888888888888, 11.971111111111112, 11.97111111111111, 11.968888888888888, 11.967777777777778, 11.973333333333333, 11.976666666666667, 11.966666666666667, 11.973333333333333, 11.962222222222223, 11.965555555555556, 11.953333333333333, 11.967777777777778, 11.96111111111111, 11.952222222222222, 11.965555555555556, 11.96111111111111, 11.951111111111109, 11.973333333333334, 11.962222222222223, 11.95, 11.948888888888888, 11.956666666666667, 11.952222222222225, 11.965555555555556, 11.953333333333335, 11.955555555555556, 11.951111111111112, 11.95888888888889, 11.952222222222222, 11.953333333333333, 11.940000000000001, 11.946666666666667, 11.946666666666665, 11.94, 11.935555555555556, 11.94777777777778, 11.944444444444445, 11.946666666666667, 11.94888888888889, 11.945555555555556, 11.95111111111111, 11.951111111111112, 11.951111111111112, 11.947777777777777, 11.942222222222222, 11.954444444444444, 11.95111111111111, 11.947777777777778, 11.94888888888889, 11.943333333333333, 11.947777777777778, 11.953333333333333, 11.936666666666667, 11.932222222222222, 11.93, 11.933333333333334, 11.927777777777777, 11.934444444444445, 11.932222222222224, 11.931111111111111, 11.941111111111113, 11.944444444444445, 11.950000000000001, 11.937777777777779, 11.932222222222222, 11.925555555555555, 11.918888888888887, 11.92, 11.922222222222222, 11.931111111111111, 11.92222222222222, 11.94, 11.934444444444445, 11.94, 11.932222222222222, 11.928888888888888, 11.927777777777777, 11.928888888888888, 11.927777777777777, 10.945555555555554, 10.935555555555556, 10.937777777777777, 10.932222222222222, 10.937777777777779, 10.944444444444443, 10.95, 10.942222222222222, 10.933333333333334, 10.941111111111109, 10.956666666666667, 10.955555555555556, 10.953333333333333, 10.946666666666665, 10.955555555555556, 10.96, 10.954444444444444, 10.947777777777777, 10.948888888888888, 10.95, 10.947777777777778, 10.942222222222222, 10.945555555555556, 10.947777777777777, 10.937777777777777, 10.931111111111111, 10.931111111111111, 10.942222222222222, 10.934444444444445, 10.93, 10.936666666666667, 10.92111111111111, 10.924444444444443, 10.92, 10.913333333333334, 10.918888888888889, 10.901111111111112, 10.92, 10.924444444444445, 10.913333333333332, 10.925555555555556, 10.921111111111111, 10.914444444444444, 10.922222222222222, 10.92, 10.915555555555555, 10.918888888888889, 10.91888888888889, 10.92222222222222, 10.911111111111111, 10.921111111111111, 10.924444444444443, 10.928888888888888, 10.915555555555555, 10.92, 10.918888888888889, 10.912222222222223, 10.914444444444444, 10.91, 10.908888888888889, 10.915555555555555, 10.911111111111111, 10.897777777777778, 10.908888888888889, 10.902222222222221, 10.902222222222221, 10.906666666666666, 10.912222222222223, 10.915555555555555, 10.904444444444445, 10.893333333333334, 10.912222222222223, 10.898888888888887, 10.912222222222223, 10.897777777777778, 10.90111111111111, 10.895555555555553, 10.883333333333335, 10.89222222222222, 10.886666666666667, 10.883333333333333, 10.875555555555556, 10.894444444444444, 10.877777777777778, 10.893333333333334, 10.89, 10.891111111111112, 10.883333333333333, 10.877777777777776, 10.894444444444442, 10.894444444444444, 10.875555555555554, 10.904444444444444, 10.882222222222222, 10.90111111111111, 10.874444444444444, 10.87888888888889, 10.867777777777778, 10.898888888888887, 10.883333333333333, 10.883333333333333, 10.883333333333333, 10.88888888888889, 10.88111111111111, 10.863333333333335, 10.878888888888888, 10.856666666666666, 10.875555555555557, 10.879999999999999, 10.856666666666666, 10.866666666666667, 10.86, 10.858888888888888, 10.875555555555554, 10.862222222222222, 10.846666666666668, 10.863333333333333, 10.874444444444443, 10.858888888888888, 10.872222222222224, 10.865555555555556, 10.864444444444445, 10.843333333333334, 10.863333333333333, 10.868888888888888, 10.834444444444445, 10.85888888888889, 10.847777777777779, 10.845555555555555, 10.860000000000001, 10.846666666666666, 10.837777777777779, 10.83888888888889, 10.857777777777779, 10.812222222222223, 10.822222222222221, 10.832222222222223, 10.843333333333334, 10.85888888888889, 10.81, 10.845555555555556, 10.845555555555556, 10.828888888888889, 10.812222222222223, 10.812222222222223, 10.80888888888889, 10.824444444444445, 10.812222222222221, 10.804444444444446, 10.81888888888889, 10.806666666666667, 10.793333333333333, 10.767777777777779, 10.743333333333334, 10.815555555555557, 10.786666666666667, 10.766666666666667, 10.790000000000001, 10.756666666666666, 10.771111111111113, 10.784444444444444, 10.77111111111111, 10.782222222222222, 10.807777777777778, 10.767777777777779, 10.77111111111111, 10.82, 10.776666666666666, 10.763333333333334, 10.80111111111111, 10.721111111111112, 10.823333333333332, 10.753333333333334, 10.736666666666666, 10.745555555555555, 10.754444444444445, 10.717777777777778, 10.751111111111111, 10.75, 10.803333333333333, 10.745555555555557, 10.775555555555556, 10.826666666666666, 10.802222222222222, 10.746666666666668, 10.751111111111111, 10.78888888888889, 10.848888888888888, 10.784444444444444, 10.827777777777778, 10.787777777777778, 10.793333333333333, 10.790000000000001]",0.9037723230872118,0.9051023431361184,11,"[33, 33, 14, 14, 13, 12, 12, 12, 12, 12, 12, 12, 12, 12, 12, 12, 12, 12, 12, 12, 12, 12, 12, 12, 12, 12, 12, 12, 12, 12, 12, 12, 12, 12, 12, 12, 12, 12, 12, 12, 12, 12, 12, 12, 12, 12, 12, 12, 12, 12, 12, 12, 12, 12, 12, 12, 12, 12, 12, 12, 12, 12, 12, 12, 12, 12, 12, 12, 12, 12, 12, 12, 12, 12, 12, 12, 12, 12, 12, 12, 12, 12, 12, 12, 12, 12, 12, 12, 12, 12, 12, 12, 12, 12, 12, 12, 12, 12, 12, 12, 12, 12, 12, 12, 12, 12, 12, 12, 12, 12, 12, 12, 12, 12, 12, 12, 12, 12, 12, 12, 12, 12, 12, 12, 12, 12, 12, 12, 12, 12, 12, 12, 12, 12, 12, 12, 12, 11, 11, 11, 11, 11, 11, 11, 11, 11, 11, 11, 11, 11, 11, 11, 11, 11, 11, 11, 11, 11, 11, 11, 11, 11, 11, 11, 11, 11, 11, 11, 11, 11, 11, 11, 11, 11, 11, 11, 11, 11, 11, 11, 11, 11, 11, 11, 11, 11, 11, 11, 11, 11, 11, 11, 11, 11, 11, 11, 11, 11, 11, 11, 11, 11, 11, 11, 11, 11, 11, 11, 11, 11, 11, 11, 11, 11, 11, 11, 11, 11, 11, 11, 11, 11, 11, 11, 11, 11, 11, 11, 11, 11, 11, 11, 11, 11, 11, 11, 11, 11, 11, 11, 11, 11, 11, 11, 11, 11, 11, 11, 11, 11, 11, 11, 11, 11, 11, 11, 11, 11, 11, 11, 11, 11, 11, 11, 11, 11, 11, 11, 11, 11, 11, 11, 11, 11, 11, 11, 11, 11, 11, 11, 11, 11, 11, 11, 11, 11, 11, 11, 11, 11, 11, 11, 11, 11, 11, 11, 11, 11, 11, 11, 11, 11, 11, 11, 11, 11, 11, 11, 11, 11, 11, 11, 11, 11, 11, 11, 11, 11, 11, 11, 11, 11, 11, 11, 11, 11, 11, 11, 11, 11]",330,"[0.34538373351097107, 0.3243565261363983, 0.28327590227127075, 0.26294025778770447, 0.25055569410324097, 0.24989290535449982, 0.24343013763427734, 0.24854032695293427, 0.2300303429365158, 0.24477162957191467, 0.2605404555797577, 0.2262987345457077, 0.24781517684459686, 0.22038859128952026, 0.24931684136390686, 0.2347782701253891, 0.2196347862482071, 0.21679455041885376, 0.21806015074253082, 0.21384723484516144, 0.2128579020500183, 0.22892557084560394, 0.21227861940860748, 0.21183471381664276, 0.22014589607715607, 0.21756893396377563, 0.21491077542304993, 0.21054242551326752, 0.2135017216205597, 0.21092021465301514, 0.20490318536758423, 0.2042779177427292, 0.20715293288230896, 0.20921218395233154, 0.206284299492836, 0.21171794831752777, 0.20636658370494843, 0.21108518540859222, 0.20298168063163757, 0.2039414793252945, 0.20618373155593872, 0.2131442129611969, 0.2107163369655609, 0.2055019736289978, 0.20707374811172485, 0.20669059455394745, 0.20317064225673676, 0.22484688460826874, 0.20376266539096832, 0.21203184127807617, 0.20933414995670319, 0.210622176527977, 0.24114246666431427, 0.20677250623703003, 0.2285422533750534, 0.21444988250732422, 0.2223699986934662, 0.20313097536563873, 0.20621176064014435, 0.22846537828445435, 0.2637347877025604, 0.21198061108589172, 0.22257587313652039, 0.21771453320980072, 0.2032347321510315, 0.21086101233959198, 0.2343398481607437, 0.21122507750988007, 0.20189222693443298, 0.2081838995218277, 0.2105036973953247, 0.20468832552433014, 0.21004588901996613, 0.20468217134475708, 0.20632915198802948, 0.20908688008785248, 0.2240319848060608, 0.23475706577301025, 0.23287834227085114, 0.20539209246635437, 0.22318224608898163, 0.2121678739786148, 0.20718997716903687, 0.21413423120975494, 0.21081385016441345, 0.20751850306987762, 0.20923414826393127, 0.20722231268882751, 0.22191782295703888, 0.213874951004982, 0.21053333580493927, 0.2124233841896057, 0.22079236805438995, 0.22514906525611877, 0.21476958692073822, 0.20908574759960175, 0.22042711079120636, 0.2178797870874405, 0.22033220529556274, 0.21370571851730347, 0.21914991736412048, 0.21169669926166534, 0.22271162271499634, 0.20580808818340302, 0.24092382192611694, 0.21028795838356018, 0.22491689026355743, 0.2152540534734726, 0.21062974631786346, 0.2092541754245758, 0.2138281613588333, 0.2274407595396042, 0.22068412601947784, 0.21316023170948029, 0.21386297047138214, 0.21739529073238373, 0.21941524744033813, 0.2210516482591629, 0.220169335603714, 0.21538148820400238, 0.21929821372032166, 0.21601198613643646, 0.21087931096553802, 0.22135940194129944, 0.2142089456319809, 0.21769019961357117, 0.21437309682369232, 0.21345242857933044, 0.21923738718032837, 0.22593973577022552, 0.22843560576438904, 0.22466787695884705, 0.22105583548545837, 0.21977919340133667, 0.2274962067604065, 0.22265024483203888, 0.21799936890602112, 0.2262519896030426, 0.2184082418680191, 0.21625982224941254, 0.2551945745944977, 0.22243045270442963, 0.23733575642108917, 0.21249012649059296, 0.21845847368240356, 0.22446925938129425, 0.24830710887908936, 0.22331811487674713, 0.22136598825454712, 0.21738524734973907, 0.21556787192821503, 0.230438694357872, 0.21764035522937775, 0.23096799850463867, 0.2209779918193817, 0.22312277555465698, 0.21969470381736755, 0.22248956561088562, 0.2236662656068802, 0.217809796333313, 0.21613670885562897, 0.2262648046016693, 0.21189439296722412, 0.22290317714214325, 0.2435794621706009, 0.2476397007703781, 0.2195115089416504, 0.22734296321868896, 0.21852359175682068, 0.2190004289150238, 0.21238431334495544, 0.2237720936536789, 0.22199615836143494, 0.2155936062335968, 0.2216363549232483, 0.22525237500667572, 0.22248610854148865, 0.21835018694400787, 0.21829666197299957, 0.2139945775270462, 0.2523646652698517, 0.21644873917102814, 0.2154698371887207, 0.2184181958436966, 0.23024488985538483, 0.22218161821365356, 0.21252256631851196, 0.22628359496593475, 0.22019949555397034, 0.2302599549293518, 0.2230461835861206, 0.21902696788311005, 0.22560176253318787, 0.24305683374404907, 0.24789655208587646, 0.21601440012454987, 0.22526589035987854, 0.21472519636154175, 0.2347124218940735, 0.23055464029312134, 0.22403405606746674, 0.2484905868768692, 0.2179637849330902, 0.21803152561187744, 0.2250141203403473, 0.22131295502185822, 0.23512765765190125, 0.22467041015625, 0.2249372899532318, 0.23743562400341034, 0.22342728078365326, 0.21946561336517334, 0.2189435213804245, 0.2219351977109909, 0.25974854826927185, 0.23046328127384186, 0.23271846771240234, 0.2202097326517105, 0.21607562899589539, 0.21456614136695862, 0.22651761770248413, 0.22532837092876434, 0.22125877439975739, 0.24914197623729706, 0.2235223352909088, 0.21634332835674286, 0.21767623722553253, 0.24381352961063385, 0.219681054353714, 0.22254328429698944, 0.22650282084941864, 0.22003813087940216, 0.21965660154819489, 0.22566714882850647, 0.21949200332164764, 0.21580083668231964, 0.23024757206439972, 0.22207540273666382, 0.2197805792093277, 0.21992281079292297, 0.2188723385334015, 0.22712107002735138, 0.2326061874628067, 0.21959325671195984, 0.2298092395067215, 0.2170635610818863, 0.22824497520923615, 0.2243104726076126, 0.2191956639289856, 0.23168562352657318, 0.21913690865039825, 0.23074617981910706, 0.2232467085123062, 0.23206621408462524, 0.24297749996185303, 0.22427046298980713, 0.22683735191822052, 0.22160235047340393, 0.23980087041854858, 0.24056243896484375, 0.22964026033878326, 0.21734774112701416, 0.22841329872608185, 0.23479868471622467, 0.21748769283294678, 0.230577290058136, 0.23495274782180786, 0.2236015647649765, 0.22707870602607727, 0.22319914400577545, 0.235905259847641, 0.22706647217273712, 0.25186362862586975, 0.23763753473758698, 0.22014738619327545, 0.2194085270166397, 0.22026309370994568, 0.22999423742294312, 0.22443971037864685, 0.21971292793750763, 0.23097071051597595, 0.24119365215301514, 0.22987625002861023, 0.2227066457271576, 0.22274458408355713, 0.22167615592479706, 0.22417673468589783, 0.23083317279815674, 0.23215259611606598, 0.2265027016401291, 0.2283509224653244, 0.22332656383514404, 0.22826939821243286, 0.22909103333950043, 0.23941518366336823, 0.2215333878993988, 0.22242231667041779, 0.23021693527698517, 0.2228427678346634, 0.2325534075498581, 0.22084856033325195, 0.24479323625564575, 0.2382860779762268, 0.22053897380828857, 0.232831671833992, 0.21669717133045197, 0.23498046398162842, 0.22617222368717194, 0.2224934995174408, 0.2299376130104065, 0.22279448807239532, 0.2245083600282669, 0.22502830624580383, 0.24666059017181396, 0.23001091182231903, 0.22075575590133667, 0.2366461306810379, 0.22237980365753174, 0.2390821874141693, 0.2235184907913208, 0.2314051240682602, 0.2225782722234726, 0.22597716748714447, 0.22742155194282532, 0.23326440155506134, 0.23154836893081665, 0.2515629231929779, 0.22784197330474854, 0.22773130238056183, 0.23174592852592468]",11.0,"[33.0, 33.0, 14.0, 14.0, 13.0, 12.0, 12.0, 12.0, 12.0, 12.0, 12.0, 12.0, 12.0, 12.0, 12.0, 12.0, 12.0, 12.0, 12.0, 12.0, 12.0, 12.0, 12.0, 12.0, 12.0, 12.0, 12.0, 12.0, 12.0, 12.0, 12.0, 12.0, 12.0, 12.0, 12.0, 12.0, 12.0, 12.0, 12.0, 12.0, 12.0, 12.0, 12.0, 12.0, 12.0, 12.0, 12.0, 12.0, 12.0, 12.0, 12.0, 12.0, 12.0, 12.0, 12.0, 12.0, 12.0, 12.0, 12.0, 12.0, 12.0, 12.0, 12.0, 12.0, 12.0, 12.0, 12.0, 12.0, 12.0, 12.0, 12.0, 12.0, 12.0, 12.0, 12.0, 12.0, 12.0, 12.0, 12.0, 12.0, 12.0, 12.0, 12.0, 12.0, 12.0, 12.0, 12.0, 12.0, 12.0, 12.0, 12.0, 12.0, 12.0, 12.0, 12.0, 12.0, 12.0, 12.0, 12.0, 12.0, 12.0, 12.0, 12.0, 12.0, 12.0, 12.0, 12.0, 12.0, 12.0, 12.0, 12.0, 12.0, 12.0, 12.0, 12.0, 12.0, 12.0, 12.0, 12.0, 12.0, 12.0, 12.0, 12.0, 12.0, 12.0, 12.0, 12.0, 12.0, 12.0, 12.0, 12.0, 12.0, 12.0, 12.0, 12.0, 12.0, 12.0, 11.0, 11.0, 11.0, 11.0, 11.0, 11.0, 11.0, 11.0, 11.0, 11.0, 11.0, 11.0, 11.0, 11.0, 11.0, 11.0, 11.0, 11.0, 11.0, 11.0, 11.0, 11.0, 11.0, 11.0, 11.0, 11.0, 11.0, 11.0, 11.0, 11.0, 11.0, 11.0, 11.0, 11.0, 11.0, 11.0, 11.0, 11.0, 11.0, 11.0, 11.0, 11.0, 11.0, 11.0, 11.0, 11.0, 11.0, 11.0, 11.0, 11.0, 11.0, 11.0, 11.0, 11.0, 11.0, 11.0, 11.0, 11.0, 11.0, 11.0, 11.0, 11.0, 11.0, 11.0, 11.0, 11.0, 11.0, 11.0, 11.0, 11.0, 11.0, 11.0, 11.0, 11.0, 11.0, 11.0, 11.0, 11.0, 11.0, 11.0, 11.0, 11.0, 11.0, 11.0, 11.0, 11.0, 11.0, 11.0, 11.0, 11.0, 11.0, 11.0, 11.0, 11.0, 11.0, 11.0, 11.0, 11.0, 11.0, 11.0, 11.0, 11.0, 11.0, 11.0, 11.0, 11.0, 11.0, 11.0, 11.0, 11.0, 11.0, 11.0, 11.0, 11.0, 11.0, 11.0, 11.0, 11.0, 11.0, 11.0, 11.0, 11.0, 11.0, 11.0, 11.0, 11.0, 11.0, 11.0, 11.0, 11.0, 11.0, 11.0, 11.0, 11.0, 11.0, 11.0, 11.0, 11.0, 11.0, 11.0, 11.0, 11.0, 11.0, 11.0, 11.0, 11.0, 11.0, 11.0, 11.0, 11.0, 11.0, 11.0, 11.0, 11.0, 11.0, 11.0, 11.0, 11.0, 11.0, 11.0, 11.0, 11.0, 11.0, 11.0, 11.0, 11.0, 11.0, 11.0, 11.0, 11.0, 11.0, 11.0, 11.0, 11.0, 11.0, 11.0, 11.0, 11.0, 11.0, 11.0, 11.0, 11.0, 11.0, 11.0, 11.0, 11.0, 11.0, 11.0, 11.0, 11.0, 11.0, 11.0, 11.0]",COMPLETE
