,number,value,datetime_start,datetime_complete,duration,params_batch_size_scaler,params_constant_learning_rate,params_depth,params_epochs,params_kernel_l2,params_num_trees,params_temperature,user_attrs_accuracy_test,user_attrs_accuracy_valid,user_attrs_approximate_feature_sparsity,user_attrs_approximate_feature_sparsity_history,user_attrs_approximate_weight_sparsity,user_attrs_approximate_weight_sparsity_history,user_attrs_auc_test,user_attrs_auc_valid,user_attrs_feature_sparsity,user_attrs_feature_sparsity_history,user_attrs_num_epochs,user_attrs_val_loss_history,user_attrs_weight_sparsity,user_attrs_weight_sparsity_history,state
147,147,0.7000553902435882,2024-08-31 06:34:58.165601,2024-08-31 06:35:15.241888,0 days 00:00:17.076287,64,0.09213375944422618,4,75,0.13761852796101576,48,0.031004807220290365,0.862,0.85875,33,"[33, 33, 33, 33, 33, 33, 33, 33, 33, 33, 33, 33, 33, 33, 33, 33, 33, 33, 33, 33, 33, 33, 33, 33, 33, 33, 33, 33, 33, 33, 33, 33, 33, 33, 33, 33, 33, 33, 33, 33, 33, 33, 33, 33, 33, 33, 33, 33, 33, 33, 33, 33, 33, 33, 33, 33, 33, 33, 33, 33, 33, 33, 33, 33, 33, 33, 33, 33, 33, 33, 33, 33, 33, 33, 33]",32.96388888888889,"[32.96805555555555, 32.9625, 32.96666666666667, 32.96388888888889, 32.96944444444444, 32.975, 32.96666666666667, 32.97083333333333, 32.96388888888889, 32.97083333333333, 32.96527777777778, 32.96111111111111, 32.96527777777778, 32.959722222222226, 32.96388888888889, 32.958333333333336, 32.95833333333333, 32.94583333333333, 32.951388888888886, 32.94722222222222, 32.954166666666666, 32.95555555555555, 32.954166666666666, 32.94861111111111, 32.954166666666666, 32.951388888888886, 32.94583333333333, 32.94444444444444, 32.94861111111111, 32.949999999999996, 32.951388888888886, 32.956944444444446, 32.956944444444446, 32.949999999999996, 32.94861111111111, 32.95, 32.951388888888886, 32.958333333333336, 32.95972222222222, 32.96388888888889, 32.956944444444446, 32.9625, 32.96388888888889, 32.96666666666666, 32.96388888888889, 32.95694444444444, 32.952777777777776, 32.955555555555556, 32.952777777777776, 32.95138888888889, 32.954166666666666, 32.951388888888886, 32.95, 32.94861111111111, 32.94583333333333, 32.948611111111106, 32.951388888888886, 32.955555555555556, 32.955555555555556, 32.952777777777776, 32.956944444444446, 32.958333333333336, 32.95972222222222, 32.95972222222222, 32.96527777777778, 32.954166666666666, 32.954166666666666, 32.96111111111111, 32.954166666666666, 32.954166666666666, 32.96527777777778, 32.96666666666666, 32.9625, 32.96111111111111, 32.96388888888889]",0.7394133042710063,0.7000553902435882,33,"[33, 33, 33, 33, 33, 33, 33, 33, 33, 33, 33, 33, 33, 33, 33, 33, 33, 33, 33, 33, 33, 33, 33, 33, 33, 33, 33, 33, 33, 33, 33, 33, 33, 33, 33, 33, 33, 33, 33, 33, 33, 33, 33, 33, 33, 33, 33, 33, 33, 33, 33, 33, 33, 33, 33, 33, 33, 33, 33, 33, 33, 33, 33, 33, 33, 33, 33, 33, 33, 33, 33, 33, 33, 33, 33]",75,"[0.4997619688510895, 0.4554367959499359, 0.4324529767036438, 0.42332154512405396, 0.4172210395336151, 0.4139135777950287, 0.41156136989593506, 0.40971821546554565, 0.40839070081710815, 0.40699833631515503, 0.4060121476650238, 0.40488311648368835, 0.40397128462791443, 0.4030953347682953, 0.4022563099861145, 0.40143924951553345, 0.40055570006370544, 0.3998197913169861, 0.3990783989429474, 0.39828723669052124, 0.3974496126174927, 0.3966594934463501, 0.3960772454738617, 0.3954354524612427, 0.39478954672813416, 0.39418667554855347, 0.3936600387096405, 0.3931625783443451, 0.39257606863975525, 0.39208394289016724, 0.3915308117866516, 0.39119061827659607, 0.39060744643211365, 0.3901774287223816, 0.3897048830986023, 0.3891696035861969, 0.38872042298316956, 0.3883282542228699, 0.38780227303504944, 0.38737261295318604, 0.3870353698730469, 0.38665515184402466, 0.3862636685371399, 0.38593578338623047, 0.38573479652404785, 0.38546866178512573, 0.38516131043434143, 0.3849615752696991, 0.3846241235733032, 0.3843163549900055, 0.3840060830116272, 0.38369372487068176, 0.38342759013175964, 0.3832016885280609, 0.38299182057380676, 0.38276368379592896, 0.3823566436767578, 0.3822017014026642, 0.38202226161956787, 0.3819555938243866, 0.3817635476589203, 0.38159775733947754, 0.3812800347805023, 0.38120001554489136, 0.38092371821403503, 0.3809330463409424, 0.38072869181632996, 0.38047686219215393, 0.38023388385772705, 0.3800317347049713, 0.37982338666915894, 0.37967899441719055, 0.37949562072753906, 0.37925490736961365, 0.3790086805820465]",33.0,"[33.0, 33.0, 33.0, 33.0, 33.0, 33.0, 33.0, 33.0, 33.0, 33.0, 33.0, 33.0, 33.0, 33.0, 33.0, 33.0, 33.0, 33.0, 33.0, 33.0, 33.0, 33.0, 33.0, 33.0, 33.0, 33.0, 33.0, 33.0, 33.0, 33.0, 33.0, 33.0, 33.0, 33.0, 33.0, 33.0, 33.0, 33.0, 33.0, 33.0, 33.0, 33.0, 33.0, 33.0, 33.0, 33.0, 33.0, 33.0, 33.0, 33.0, 33.0, 33.0, 33.0, 33.0, 33.0, 33.0, 33.0, 33.0, 33.0, 33.0, 33.0, 33.0, 33.0, 33.0, 33.0, 33.0, 33.0, 33.0, 33.0, 33.0, 33.0, 33.0, 33.0, 33.0, 33.0]",COMPLETE
