,number,value,datetime_start,datetime_complete,duration,params_batch_size_scaler,params_constant_learning_rate,params_depth,params_epochs,params_kernel_l2,params_num_trees,params_temperature,user_attrs_accuracy_test,user_attrs_accuracy_valid,user_attrs_approximate_feature_sparsity,user_attrs_approximate_feature_sparsity_history,user_attrs_approximate_weight_sparsity,user_attrs_approximate_weight_sparsity_history,user_attrs_auc_test,user_attrs_auc_valid,user_attrs_feature_sparsity,user_attrs_feature_sparsity_history,user_attrs_num_epochs,user_attrs_val_loss_history,user_attrs_weight_sparsity,user_attrs_weight_sparsity_history,state
176,176,0.8407466089577618,2024-08-31 07:37:29.118114,2024-08-31 07:42:49.558771,0 days 00:05:20.440657,4,0.01789096615488678,5,425,0.05011964867980138,98,0.00269404032334821,0.876,0.87,33,"[33, 33, 33, 33, 33, 33, 33, 33, 33, 33, 33, 33, 33, 33, 33, 33, 33, 33, 33, 33, 33, 33, 33, 33, 33, 33, 33, 33, 33, 33, 33, 33, 33, 33, 33, 33, 33, 33, 33, 33, 33, 33, 33, 33, 33, 33, 33, 33, 33, 33, 33, 33, 33, 33, 33, 33, 33, 33, 33, 33, 33, 33, 33, 33, 33, 33, 33, 33, 33, 33, 33, 33, 33, 33, 33, 33, 33, 33, 33, 33, 33, 33, 33, 33, 33, 33, 33, 33, 33, 33, 33, 33, 33, 33, 33, 33, 33, 33, 33, 33, 33, 33, 33, 33, 33, 33, 33, 33, 33, 33, 33, 33, 33, 33, 33, 33, 33, 33, 33, 33, 33, 33, 33, 33, 33, 33, 33, 33, 33, 33, 33, 33, 33, 33, 33, 33, 33, 33, 33, 33, 33, 33, 33, 33, 33, 33, 33, 33, 33, 33, 33, 33, 33, 33, 33, 33, 33, 33, 33, 33, 33, 33, 33, 33, 33, 33, 33, 33, 33, 33, 33, 33, 33, 33, 33, 33, 33, 33, 33, 33, 33, 33, 33, 33, 33, 33, 33, 33, 33, 33, 33, 33, 33, 33, 33, 33, 33, 33, 33, 33, 33, 33, 33, 33, 33, 33, 33, 33, 33, 33, 33, 33, 33, 33, 33, 33, 33, 33, 33, 33, 33, 33, 33, 33, 33, 33, 33, 33, 33, 33, 33, 33, 33, 33, 33, 33, 33, 33, 33, 33, 33, 33, 33, 33, 33, 33, 33, 33, 33, 33, 33, 33, 33, 33, 33, 33, 33, 33, 33, 33, 33, 33, 33, 33, 33, 33, 33, 33, 33, 33, 33, 33, 33, 33, 33, 33, 33, 33, 33, 33, 33, 33, 33, 33, 33, 33, 33, 33, 33, 33, 33, 33, 33, 33, 33, 33, 33, 33, 33, 33, 33, 33, 33, 33, 33, 33, 33, 33, 33, 33, 33, 33, 33, 33, 33, 33, 33, 33, 33, 33, 33, 33, 33, 33, 33, 33, 33, 33, 33, 33, 33, 33, 33, 33, 33, 33, 33, 33, 33, 33, 33, 33, 33, 33, 33, 33, 33, 33, 33, 33, 33, 33, 33, 33, 33, 33, 33, 33, 33, 33, 33, 33, 33, 33, 33, 33, 33, 33, 33, 33, 33, 33, 33, 33, 33, 33, 33, 33, 33, 33, 33, 33, 33, 33, 33, 33, 33, 33, 33, 33, 33, 33, 33, 33, 33, 33, 33, 33, 33, 33, 33, 33, 33, 33, 33, 33, 33, 33, 33, 33, 33, 33, 33, 33, 33, 33, 33, 33, 33, 33, 33, 33, 33, 33, 33]",32.932192231731406,"[32.91770901909151, 32.92100065832785, 32.92297564186965, 32.92890059249506, 32.93252139565503, 32.935154707044106, 32.93153390388414, 32.92758393680053, 32.925608953258724, 32.92001316655695, 32.91935483870967, 32.925279789335086, 32.92626728110599, 32.92824226464779, 32.9312047399605, 32.93087557603687, 32.9302172481896, 32.92988808426596, 32.93943383805135, 32.934825543120475, 32.92890059249506, 32.92758393680053, 32.923963133640555, 32.92132982225149, 32.92725477287689, 32.92132982225148, 32.92363396971692, 32.9302172481896, 32.931204739960506, 32.92527978933509, 32.92165898617511, 32.925938117182355, 32.925938117182355, 32.923963133640555, 32.924292297564186, 32.925279789335086, 32.92857142857143, 32.93054641211323, 32.93285055957867, 32.93449637919684, 32.935483870967744, 32.933179723502306, 32.934825543120475, 32.93811718235681, 32.93811718235681, 32.93712969058591, 32.93877551020408, 32.937788018433174, 32.93449637919684, 32.93153390388414, 32.92857142857143, 32.92198815009875, 32.92100065832785, 32.92725477287689, 32.92725477287689, 32.92692560895326, 32.925279789335086, 32.925279789335086, 32.93054641211323, 32.93054641211323, 32.92922975641869, 32.9321922317314, 32.93021724818959, 32.93054641211324, 32.92955892034233, 32.92725477287689, 32.92725477287689, 32.92725477287689, 32.92922975641869, 32.93054641211323, 32.92692560895326, 32.925938117182355, 32.92626728110599, 32.925938117182355, 32.922975641869655, 32.92198815009875, 32.924621461487824, 32.92462146148782, 32.924292297564186, 32.924950625411455, 32.924950625411455, 32.92297564186965, 32.92626728110599, 32.9302172481896, 32.93153390388413, 32.92955892034233, 32.92955892034233, 32.93186306780777, 32.9292297564187, 32.93153390388413, 32.93186306780777, 32.93252139565504, 32.93054641211323, 32.9312047399605, 32.92922975641869, 32.92363396971692, 32.92198815009875, 32.924950625411455, 32.924292297564186, 32.926267281105986, 32.926596445029624, 32.92824226464779, 32.92791310072416, 32.92988808426596, 32.92955892034233, 32.92824226464779, 32.9302172481896, 32.9302172481896, 32.93153390388414, 32.92922975641869, 32.93252139565504, 32.92890059249506, 32.92758393680053, 32.92857142857143, 32.9321922317314, 32.93054641211323, 32.92890059249506, 32.925608953258724, 32.924621461487824, 32.92890059249506, 32.92824226464779, 32.9292297564187, 32.92922975641869, 32.92758393680053, 32.923963133640555, 32.926925608953255, 32.923963133640555, 32.92363396971692, 32.92626728110599, 32.92824226464779, 32.92955892034233, 32.926925608953255, 32.92725477287689, 32.92791310072416, 32.92890059249506, 32.93087557603687, 32.93252139565504, 32.934496379196844, 32.93745885450955, 32.933838051349575, 32.93252139565504, 32.9321922317314, 32.93087557603686, 32.93186306780777, 32.9321922317314, 32.935154707044106, 32.934496379196844, 32.93614219881501, 32.936800526662275, 32.936800526662275, 32.93252139565503, 32.93153390388413, 32.9312047399605, 32.93285055957867, 32.93021724818959, 32.9292297564187, 32.9312047399605, 32.9292297564187, 32.93350888742594, 32.9321922317314, 32.92988808426596, 32.92890059249506, 32.92791310072416, 32.92824226464779, 32.926596445029624, 32.92527978933509, 32.92791310072416, 32.9292297564187, 32.93087557603687, 32.92725477287689, 32.926596445029624, 32.926596445029624, 32.924292297564186, 32.924950625411455, 32.92725477287689, 32.92725477287689, 32.92857142857142, 32.92824226464779, 32.92955892034233, 32.92857142857143, 32.92857142857143, 32.92988808426596, 32.9302172481896, 32.92824226464779, 32.93087557603687, 32.93153390388413, 32.933179723502306, 32.934825543120475, 32.9321922317314, 32.93186306780777, 32.9302172481896, 32.92922975641869, 32.92824226464779, 32.93153390388414, 32.93383805134957, 32.9321922317314, 32.9312047399605, 32.9312047399605, 32.92988808426596, 32.925938117182355, 32.92791310072416, 32.925938117182355, 32.92890059249506, 32.93087557603686, 32.92922975641869, 32.927583936800524, 32.92988808426596, 32.93252139565504, 32.92890059249506, 32.927583936800524, 32.92857142857142, 32.927583936800524, 32.92857142857142, 32.92955892034233, 32.93153390388414, 32.9321922317314, 32.9312047399605, 32.92988808426596, 32.926925608953255, 32.92857142857143, 32.924950625411455, 32.925938117182355, 32.923963133640555, 32.924950625411455, 32.92725477287689, 32.926925608953255, 32.926267281105986, 32.92626728110599, 32.926267281105986, 32.925608953258724, 32.926596445029624, 32.924292297564186, 32.925279789335086, 32.92725477287689, 32.924950625411455, 32.924950625411455, 32.924292297564186, 32.92462146148782, 32.92725477287689, 32.92824226464779, 32.927913100724155, 32.926925608953255, 32.925938117182355, 32.92922975641869, 32.92824226464779, 32.92725477287689, 32.926596445029624, 32.92791310072416, 32.92857142857143, 32.92857142857143, 32.92955892034233, 32.92955892034233, 32.92955892034233, 32.92988808426596, 32.93153390388413, 32.93153390388413, 32.93054641211323, 32.92857142857142, 32.92824226464779, 32.92725477287689, 32.92922975641869, 32.93087557603686, 32.93087557603686, 32.9321922317314, 32.92791310072416, 32.926925608953255, 32.92330480579328, 32.924950625411455, 32.926596445029624, 32.92725477287689, 32.92857142857142, 32.92725477287689, 32.92955892034232, 32.92955892034233, 32.93285055957867, 32.92988808426596, 32.92922975641869, 32.92857142857142, 32.92890059249506, 32.926925608953255, 32.92955892034233, 32.92922975641869, 32.92824226464779, 32.927913100724155, 32.92857142857142, 32.92824226464779, 32.924950625411455, 32.92824226464779, 32.927583936800524, 32.92824226464779, 32.927583936800524, 32.92396313364055, 32.92330480579328, 32.92264647794602, 32.923304805793286, 32.926267281105986, 32.925608953258724, 32.92890059249506, 32.9312047399605, 32.93252139565504, 32.935154707044106, 32.934825543120475, 32.935154707044106, 32.93285055957867, 32.93186306780777, 32.93252139565503, 32.9312047399605, 32.9312047399605, 32.93054641211323, 32.93153390388413, 32.92988808426596, 32.92725477287689, 32.92824226464779, 32.92890059249506, 32.93054641211323, 32.92890059249506, 32.92791310072416, 32.925938117182355, 32.925938117182355, 32.92857142857143, 32.92791310072416, 32.92758393680053, 32.92791310072416, 32.93054641211324, 32.92988808426596, 32.92824226464779, 32.92857142857143, 32.9282422646478, 32.92955892034233, 32.93054641211323, 32.93087557603686, 32.93054641211323, 32.932192231731406, 32.92955892034233, 32.9302172481896, 32.92988808426596, 32.93087557603687, 32.9292297564187, 32.9312047399605, 32.9321922317314, 32.93186306780777, 32.93285055957867, 32.93548387096774, 32.936142198815006, 32.935813034891375, 32.936142198815006, 32.935154707044106, 32.934167215273206, 32.936142198815006, 32.93614219881501, 32.93745885450954, 32.935483870967744, 32.93449637919684, 32.934167215273206, 32.935813034891375, 32.93383805134957, 32.93087557603687, 32.92988808426596, 32.933838051349575, 32.935154707044106, 32.935154707044106, 32.935813034891375, 32.933838051349575, 32.93811718235681, 32.935813034891375, 32.934825543120475, 32.935813034891375, 32.936142198815006, 32.93712969058591, 32.934167215273206, 32.934825543120475, 32.93745885450955, 32.93811718235681, 32.93712969058591, 32.93515470704411, 32.934825543120475, 32.93581303489138, 32.93712969058591, 32.933838051349575, 32.932850559578675, 32.93087557603687, 32.93054641211323, 32.92791310072416, 32.92857142857143, 32.92791310072416, 32.92857142857143, 32.926596445029624, 32.92791310072416, 32.92824226464779, 32.92626728110599, 32.927583936800524, 32.9282422646478, 32.92758393680053, 32.9282422646478, 32.92692560895326, 32.92955892034233, 32.92725477287689, 32.92791310072416, 32.92857142857143, 32.9292297564187, 32.92922975641869, 32.92890059249506, 32.92626728110599, 32.92626728110599, 32.92791310072416, 32.92890059249506, 32.92791310072416, 32.92955892034233, 32.927583936800524, 32.9292297564187, 32.92955892034233, 32.93252139565504, 32.934167215273206, 32.93350888742594, 32.93186306780777, 32.932192231731406, 32.93153390388414, 32.92955892034233, 32.9302172481896, 32.93285055957867, 32.9292297564187, 32.927583936800524, 32.92988808426597, 32.93153390388414, 32.932192231731406]",0.8467457624319884,0.8407466089577618,33,"[33, 33, 33, 33, 33, 33, 33, 33, 33, 33, 33, 33, 33, 33, 33, 33, 33, 33, 33, 33, 33, 33, 33, 33, 33, 33, 33, 33, 33, 33, 33, 33, 33, 33, 33, 33, 33, 33, 33, 33, 33, 33, 33, 33, 33, 33, 33, 33, 33, 33, 33, 33, 33, 33, 33, 33, 33, 33, 33, 33, 33, 33, 33, 33, 33, 33, 33, 33, 33, 33, 33, 33, 33, 33, 33, 33, 33, 33, 33, 33, 33, 33, 33, 33, 33, 33, 33, 33, 33, 33, 33, 33, 33, 33, 33, 33, 33, 33, 33, 33, 33, 33, 33, 33, 33, 33, 33, 33, 33, 33, 33, 33, 33, 33, 33, 33, 33, 33, 33, 33, 33, 33, 33, 33, 33, 33, 33, 33, 33, 33, 33, 33, 33, 33, 33, 33, 33, 33, 33, 33, 33, 33, 33, 33, 33, 33, 33, 33, 33, 33, 33, 33, 33, 33, 33, 33, 33, 33, 33, 33, 33, 33, 33, 33, 33, 33, 33, 33, 33, 33, 33, 33, 33, 33, 33, 33, 33, 33, 33, 33, 33, 33, 33, 33, 33, 33, 33, 33, 33, 33, 33, 33, 33, 33, 33, 33, 33, 33, 33, 33, 33, 33, 33, 33, 33, 33, 33, 33, 33, 33, 33, 33, 33, 33, 33, 33, 33, 33, 33, 33, 33, 33, 33, 33, 33, 33, 33, 33, 33, 33, 33, 33, 33, 33, 33, 33, 33, 33, 33, 33, 33, 33, 33, 33, 33, 33, 33, 33, 33, 33, 33, 33, 33, 33, 33, 33, 33, 33, 33, 33, 33, 33, 33, 33, 33, 33, 33, 33, 33, 33, 33, 33, 33, 33, 33, 33, 33, 33, 33, 33, 33, 33, 33, 33, 33, 33, 33, 33, 33, 33, 33, 33, 33, 33, 33, 33, 33, 33, 33, 33, 33, 33, 33, 33, 33, 33, 33, 33, 33, 33, 33, 33, 33, 33, 33, 33, 33, 33, 33, 33, 33, 33, 33, 33, 33, 33, 33, 33, 33, 33, 33, 33, 33, 33, 33, 33, 33, 33, 33, 33, 33, 33, 33, 33, 33, 33, 33, 33, 33, 33, 33, 33, 33, 33, 33, 33, 33, 33, 33, 33, 33, 33, 33, 33, 33, 33, 33, 33, 33, 33, 33, 33, 33, 33, 33, 33, 33, 33, 33, 33, 33, 33, 33, 33, 33, 33, 33, 33, 33, 33, 33, 33, 33, 33, 33, 33, 33, 33, 33, 33, 33, 33, 33, 33, 33, 33, 33, 33, 33, 33, 33, 33, 33, 33, 33, 33, 33, 33, 33, 33, 33, 33, 33, 33, 33]",425,"[0.4417831003665924, 0.410188227891922, 0.4032452702522278, 0.4006052315235138, 0.39875853061676025, 0.39718207716941833, 0.3956991136074066, 0.39435479044914246, 0.3930846154689789, 0.3918612003326416, 0.3907177448272705, 0.3896569311618805, 0.3886254131793976, 0.38768520951271057, 0.3867938220500946, 0.3859315812587738, 0.3850865066051483, 0.3843151032924652, 0.38354751467704773, 0.38285255432128906, 0.3821554481983185, 0.3815101981163025, 0.3808891773223877, 0.38028961420059204, 0.37975287437438965, 0.3792339563369751, 0.3787267208099365, 0.3782344460487366, 0.377709299325943, 0.37722641229629517, 0.3768078088760376, 0.3763915002346039, 0.3759520649909973, 0.3755432069301605, 0.3751528859138489, 0.3747982680797577, 0.37444615364074707, 0.37407413125038147, 0.3737509548664093, 0.37338459491729736, 0.37300604581832886, 0.37270230054855347, 0.3723798096179962, 0.3720709979534149, 0.3717726469039917, 0.3715175986289978, 0.3711962103843689, 0.37092125415802, 0.370629221200943, 0.3703838586807251, 0.3701081871986389, 0.36982807517051697, 0.3696097135543823, 0.36929595470428467, 0.36902859807014465, 0.368795782327652, 0.3685266077518463, 0.368259996175766, 0.36803242564201355, 0.3677913248538971, 0.36758261919021606, 0.36734700202941895, 0.3671156167984009, 0.36690300703048706, 0.3666699528694153, 0.36640089750289917, 0.3661523163318634, 0.36594077944755554, 0.3657531440258026, 0.3655226230621338, 0.3652675747871399, 0.3650713264942169, 0.3648647964000702, 0.3646589517593384, 0.36444512009620667, 0.3642236590385437, 0.36399951577186584, 0.3637303411960602, 0.3635454475879669, 0.36334362626075745, 0.36311185359954834, 0.3629169762134552, 0.3627631664276123, 0.36254242062568665, 0.3622962236404419, 0.3620990812778473, 0.3619389832019806, 0.3616558909416199, 0.36145293712615967, 0.3612560033798218, 0.3610684275627136, 0.3608677387237549, 0.3606642484664917, 0.36043041944503784, 0.3602266311645508, 0.36005699634552, 0.35986045002937317, 0.35965344309806824, 0.3594494163990021, 0.35924598574638367, 0.35906773805618286, 0.3588431477546692, 0.35862988233566284, 0.3584526479244232, 0.3582684397697449, 0.35804757475852966, 0.3578503131866455, 0.35768023133277893, 0.3575001060962677, 0.3573126494884491, 0.3571455478668213, 0.35696572065353394, 0.35672518610954285, 0.3565326929092407, 0.3563627004623413, 0.35617759823799133, 0.3559892177581787, 0.3558117151260376, 0.35558608174324036, 0.35543105006217957, 0.3552316725254059, 0.355042040348053, 0.3548509180545807, 0.3546646535396576, 0.3544516861438751, 0.3542558550834656, 0.354083776473999, 0.35390666127204895, 0.35371115803718567, 0.35353314876556396, 0.3533584475517273, 0.3531695306301117, 0.35299697518348694, 0.3527863323688507, 0.3525984287261963, 0.35245513916015625, 0.35224950313568115, 0.35208168625831604, 0.3518522381782532, 0.3517282009124756, 0.35150519013404846, 0.3513457775115967, 0.35116127133369446, 0.35100826621055603, 0.3507685363292694, 0.3506024479866028, 0.3504467010498047, 0.35029011964797974, 0.3501397967338562, 0.34993618726730347, 0.3497898578643799, 0.34964585304260254, 0.3494318723678589, 0.34925392270088196, 0.3490521311759949, 0.34885090589523315, 0.3486761748790741, 0.3485686182975769, 0.348392516374588, 0.34821563959121704, 0.3480217754840851, 0.34790661931037903, 0.34770771861076355, 0.34750446677207947, 0.3473590016365051, 0.34721753001213074, 0.3470101058483124, 0.34682509303092957, 0.34662848711013794, 0.3464357852935791, 0.3462889492511749, 0.3461150825023651, 0.3459516167640686, 0.34577247500419617, 0.3456280529499054, 0.34545817971229553, 0.3453259766101837, 0.34519246220588684, 0.34503400325775146, 0.34482699632644653, 0.3446672856807709, 0.34453463554382324, 0.3443363606929779, 0.3441605269908905, 0.3440246284008026, 0.3438390791416168, 0.3436971604824066, 0.34356823563575745, 0.3434286415576935, 0.34325894713401794, 0.34307628870010376, 0.3429186940193176, 0.34273502230644226, 0.3425918519496918, 0.3424430191516876, 0.3423224687576294, 0.34219253063201904, 0.34199920296669006, 0.34183773398399353, 0.34165623784065247, 0.34146803617477417, 0.34132301807403564, 0.34119364619255066, 0.3410147428512573, 0.34085047245025635, 0.34067457914352417, 0.3405267000198364, 0.3404059112071991, 0.34023621678352356, 0.3400895297527313, 0.33994975686073303, 0.33977454900741577, 0.3396223187446594, 0.3394816517829895, 0.33930978178977966, 0.33919835090637207, 0.33900657296180725, 0.3388942778110504, 0.3387164771556854, 0.338532030582428, 0.3383871018886566, 0.3382442891597748, 0.3381020426750183, 0.3379668891429901, 0.33780086040496826, 0.33762603998184204, 0.33747225999832153, 0.3373074233531952, 0.3371708393096924, 0.33701565861701965, 0.33689072728157043, 0.3367384374141693, 0.3365824818611145, 0.3364446759223938, 0.33628350496292114, 0.33616042137145996, 0.33600226044654846, 0.33584558963775635, 0.33573830127716064, 0.3356283903121948, 0.3354298770427704, 0.335284948348999, 0.3351481258869171, 0.33503562211990356, 0.33484891057014465, 0.3347040116786957, 0.33455878496170044, 0.33438369631767273, 0.33424755930900574, 0.33411189913749695, 0.33395150303840637, 0.33384332060813904, 0.33373814821243286, 0.33355656266212463, 0.33335354924201965, 0.3332459628582001, 0.3331303000450134, 0.33297431468963623, 0.33281081914901733, 0.33267197012901306, 0.3325124979019165, 0.33235397934913635, 0.3322455585002899, 0.3320814073085785, 0.3319120705127716, 0.3318260908126831, 0.33165907859802246, 0.33152779936790466, 0.33140304684638977, 0.33127570152282715, 0.3311382532119751, 0.3309510350227356, 0.33081576228141785, 0.33062657713890076, 0.33053115010261536, 0.3303621709346771, 0.3302541673183441, 0.33010169863700867, 0.32995539903640747, 0.3298000693321228, 0.3296119272708893, 0.3294468820095062, 0.3293176591396332, 0.329193115234375, 0.32903313636779785, 0.3289009928703308, 0.3287685811519623, 0.32864275574684143, 0.32849422097206116, 0.3283888101577759, 0.3281925916671753, 0.32803285121917725, 0.327867329120636, 0.32774248719215393, 0.3275917172431946, 0.3274528980255127, 0.3273376226425171, 0.3271653354167938, 0.32704541087150574, 0.32687416672706604, 0.32672879099845886, 0.32659217715263367, 0.3264363408088684, 0.32633739709854126, 0.32619354128837585, 0.32606440782546997, 0.3259703814983368, 0.32579854130744934, 0.3255884647369385, 0.3254772424697876, 0.325291246175766, 0.32514244318008423, 0.32500362396240234, 0.3248857259750366, 0.3247356414794922, 0.32459861040115356, 0.32445672154426575, 0.3243230879306793, 0.324146568775177, 0.32401126623153687, 0.3238496482372284, 0.3236927390098572, 0.3235369622707367, 0.3233749270439148, 0.32326245307922363, 0.32306644320487976, 0.32290518283843994, 0.32274070382118225, 0.32260072231292725, 0.32243603467941284, 0.3223309814929962, 0.3221747577190399, 0.32202404737472534, 0.3218514323234558, 0.3216918706893921, 0.32153698801994324, 0.3213726282119751, 0.3212193250656128, 0.32107746601104736, 0.3209153115749359, 0.32081741094589233, 0.32063063979148865, 0.32048460841178894, 0.32033947110176086, 0.3201686441898346, 0.32004451751708984, 0.3198615312576294, 0.31970763206481934, 0.31956595182418823, 0.31938475370407104, 0.3192497193813324, 0.31906163692474365, 0.31891289353370667, 0.3187832832336426, 0.318597674369812, 0.31842240691185, 0.31828898191452026, 0.31813231110572815, 0.31794947385787964, 0.3177664577960968, 0.3175728917121887, 0.3173932433128357, 0.31724870204925537, 0.31711146235466003, 0.3169250786304474, 0.31682252883911133, 0.31664684414863586, 0.3165116012096405, 0.31628701090812683, 0.31614065170288086, 0.3159647285938263, 0.31578993797302246, 0.31563204526901245, 0.3154643177986145, 0.3152666985988617, 0.3150869309902191, 0.31495657563209534, 0.31473129987716675, 0.3145378530025482, 0.3143875002861023, 0.3142017424106598, 0.31402286887168884, 0.31384801864624023, 0.3136579394340515, 0.31349802017211914, 0.3133671283721924, 0.3131835460662842, 0.3130059540271759, 0.3127952814102173, 0.3126246929168701, 0.3124600350856781, 0.3123133182525635, 0.3121287226676941, 0.31196853518486023, 0.31174004077911377, 0.3115832209587097, 0.3113936483860016, 0.3112005293369293, 0.3110434412956238, 0.3108629584312439, 0.310678631067276, 0.3104914724826813, 0.310309499502182, 0.3100801110267639, 0.3099009692668915, 0.3097614347934723, 0.30947989225387573, 0.3092983365058899, 0.3091168999671936, 0.3089064955711365, 0.3086948096752167, 0.30854111909866333, 0.3083474636077881, 0.3081667423248291, 0.3079749345779419, 0.3077572286128998, 0.30756446719169617, 0.30734381079673767, 0.30714690685272217, 0.30693691968917847, 0.30676451325416565, 0.30655455589294434, 0.3063999116420746, 0.3061788082122803, 0.30599069595336914]",33.0,"[33.0, 33.0, 33.0, 33.0, 33.0, 33.0, 33.0, 33.0, 33.0, 33.0, 33.0, 33.0, 33.0, 33.0, 33.0, 33.0, 33.0, 33.0, 33.0, 33.0, 33.0, 33.0, 33.0, 33.0, 33.0, 33.0, 33.0, 33.0, 33.0, 33.0, 33.0, 33.0, 33.0, 33.0, 33.0, 33.0, 33.0, 33.0, 33.0, 33.0, 33.0, 33.0, 33.0, 33.0, 33.0, 33.0, 33.0, 33.0, 33.0, 33.0, 33.0, 33.0, 33.0, 33.0, 33.0, 33.0, 33.0, 33.0, 33.0, 33.0, 33.0, 33.0, 33.0, 33.0, 33.0, 33.0, 33.0, 33.0, 33.0, 33.0, 33.0, 33.0, 33.0, 33.0, 33.0, 33.0, 33.0, 33.0, 33.0, 33.0, 33.0, 33.0, 33.0, 33.0, 33.0, 33.0, 33.0, 33.0, 33.0, 33.0, 33.0, 33.0, 33.0, 33.0, 33.0, 33.0, 33.0, 33.0, 33.0, 33.0, 33.0, 33.0, 33.0, 33.0, 33.0, 33.0, 33.0, 33.0, 33.0, 33.0, 33.0, 33.0, 33.0, 33.0, 33.0, 33.0, 33.0, 33.0, 33.0, 33.0, 33.0, 33.0, 33.0, 33.0, 33.0, 33.0, 33.0, 33.0, 33.0, 33.0, 33.0, 33.0, 33.0, 33.0, 33.0, 33.0, 33.0, 33.0, 33.0, 33.0, 33.0, 33.0, 33.0, 33.0, 33.0, 33.0