,number,value,datetime_start,datetime_complete,duration,params_batch_size_scaler,params_constant_learning_rate,params_depth,params_epochs,params_kernel_l2,params_num_trees,params_temperature,user_attrs_accuracy_test,user_attrs_accuracy_valid,user_attrs_approximate_feature_sparsity,user_attrs_approximate_feature_sparsity_history,user_attrs_approximate_weight_sparsity,user_attrs_approximate_weight_sparsity_history,user_attrs_auc_test,user_attrs_auc_valid,user_attrs_feature_sparsity,user_attrs_feature_sparsity_history,user_attrs_num_epochs,user_attrs_val_loss_history,user_attrs_weight_sparsity,user_attrs_weight_sparsity_history,state
87,87,0.896999909829836,2024-08-31 04:02:04.948131,2024-08-31 04:04:32.368463,0 days 00:02:27.420332,1,0.0890487196819779,3,180,0.5557920251351604,45,0.0156759025968044,0.923,0.92375,7,"[33, 33, 33, 33, 33, 33, 33, 33, 33, 23, 18, 14, 13, 13, 13, 13, 13, 13, 13, 13, 13, 13, 13, 13, 13, 13, 13, 11, 9, 8, 8, 8, 8, 8, 8, 8, 8, 8, 8, 8, 8, 8, 8, 8, 8, 8, 8, 8, 8, 8, 8, 8, 8, 7, 7, 7, 7, 7, 7, 7, 7, 7, 7, 7, 7, 7, 7, 7, 7, 7, 7, 7, 7, 7, 7, 7, 7, 7, 7, 7, 7, 7, 7, 7, 7, 7, 7, 7, 7, 7, 7, 7, 7, 7, 7, 7, 7, 7, 7, 7, 7, 7, 7, 7, 7, 7, 7, 7, 7, 7, 7, 7, 7, 7, 7, 7, 7, 7, 7, 7, 7, 7, 7, 7, 7, 7, 7, 7, 7, 7, 7, 7, 7, 7, 7, 7, 7, 7, 7, 7, 7, 7, 7, 7, 7, 7, 7, 7, 7, 7, 7, 7, 7, 7, 7, 7, 7, 7, 7, 7, 7, 7, 7, 7, 7, 7, 7, 7, 7, 7, 7, 7, 7, 7, 7, 7, 7, 7, 7, 7]",6.942857142857143,"[32.977777777777774, 32.95873015873016, 32.96507936507936, 32.96507936507936, 32.96825396825397, 32.95873015873016, 32.95873015873016, 32.974603174603175, 32.96507936507936, 22.96825396825397, 17.98095238095238, 13.993650793650794, 12.974603174603175, 12.984126984126984, 12.980952380952381, 12.980952380952381, 12.987301587301587, 12.968253968253968, 12.99047619047619, 12.980952380952381, 12.971428571428572, 12.952380952380953, 12.974603174603175, 12.968253968253968, 12.958730158730159, 12.961904761904762, 12.955555555555556, 10.974603174603175, 8.99047619047619, 7.987301587301587, 7.9904761904761905, 7.987301587301587, 7.984126984126984, 7.984126984126984, 7.9904761904761905, 7.987301587301587, 7.996825396825397, 7.977777777777778, 7.984126984126984, 7.965079365079365, 7.977777777777778, 7.968253968253968, 7.980952380952381, 7.984126984126984, 7.949206349206349, 7.974603174603175, 7.968253968253968, 7.965079365079365, 7.958730158730159, 7.946031746031746, 7.946031746031746, 7.965079365079365, 7.965079365079365, 6.946031746031746, 6.961904761904762, 6.980952380952381, 6.968253968253968, 6.9714285714285715, 6.9523809523809526, 6.968253968253968, 6.974603174603175, 6.961904761904762, 6.942857142857143, 6.958730158730159, 6.958730158730159, 6.958730158730159, 6.974603174603175, 6.9714285714285715, 6.965079365079365, 6.965079365079365, 6.9714285714285715, 6.9714285714285715, 6.977777777777778, 6.961904761904762, 6.9714285714285715, 6.961904761904762, 6.949206349206349, 6.949206349206349, 6.958730158730159, 6.965079365079365, 6.965079365079365, 6.949206349206349, 6.968253968253968, 6.942857142857143, 6.9714285714285715, 6.955555555555556, 6.958730158730159, 6.949206349206349, 6.961904761904762, 6.958730158730159, 6.942857142857143, 6.946031746031746, 6.946031746031746, 6.946031746031746, 6.942857142857143, 6.946031746031746, 6.9523809523809526, 6.955555555555556, 6.949206349206349, 6.9523809523809526, 6.958730158730159, 6.942857142857143, 6.942857142857143, 6.968253968253968, 6.958730158730159, 6.955555555555556, 6.958730158730159, 6.961904761904762, 6.9714285714285715, 6.955555555555556, 6.965079365079365, 6.968253968253968, 6.968253968253968, 6.961904761904762, 6.9523809523809526, 6.955555555555556, 6.958730158730159, 6.955555555555556, 6.9523809523809526, 6.9523809523809526, 6.955555555555556, 6.955555555555556, 6.958730158730159, 6.93968253968254, 6.949206349206349, 6.968253968253968, 6.9523809523809526, 6.946031746031746, 6.949206349206349, 6.965079365079365, 6.923809523809524, 6.9523809523809526, 6.936507936507937, 6.946031746031746, 6.93968253968254, 6.955555555555556, 6.955555555555556, 6.955555555555556, 6.946031746031746, 6.955555555555556, 6.946031746031746, 6.9523809523809526, 6.9523809523809526, 6.9523809523809526, 6.942857142857143, 6.955555555555556, 6.949206349206349, 6.93968253968254, 6.949206349206349, 6.949206349206349, 6.942857142857143, 6.968253968253968, 6.942857142857143, 6.936507936507937, 6.949206349206349, 6.942857142857143, 6.946031746031746, 6.93968253968254, 6.93968253968254, 6.942857142857143, 6.946031746031746, 6.942857142857143, 6.936507936507937, 6.949206349206349, 6.942857142857143, 6.942857142857143, 6.942857142857143, 6.949206349206349, 6.955555555555556, 6.942857142857143, 6.946031746031746, 6.946031746031746, 6.949206349206349, 6.93968253968254, 6.949206349206349, 6.936507936507937, 6.949206349206349, 6.93968253968254, 6.936507936507937, 6.942857142857143]",0.8876724543630645,0.896999909829836,7,"[33, 33, 33, 33, 33, 33, 33, 33, 33, 23, 18, 14, 13, 13, 13, 13, 13, 13, 13, 13, 13, 13, 13, 13, 13, 13, 13, 11, 9, 8, 8, 8, 8, 8, 8, 8, 8, 8, 8, 8, 8, 8, 8, 8, 8, 8, 8, 8, 8, 8, 8, 8, 8, 7, 7, 7, 7, 7, 7, 7, 7, 7, 7, 7, 7, 7, 7, 7, 7, 7, 7, 7, 7, 7, 7, 7, 7, 7, 7, 7, 7, 7, 7, 7, 7, 7, 7, 7, 7, 7, 7, 7, 7, 7, 7, 7, 7, 7, 7, 7, 7, 7, 7, 7, 7, 7, 7, 7, 7, 7, 7, 7, 7, 7, 7, 7, 7, 7, 7, 7, 7, 7, 7, 7, 7, 7, 7, 7, 7, 7, 7, 7, 7, 7, 7, 7, 7, 7, 7, 7, 7, 7, 7, 7, 7, 7, 7, 7, 7, 7, 7, 7, 7, 7, 7, 7, 7, 7, 7, 7, 7, 7, 7, 7, 7, 7, 7, 7, 7, 7, 7, 7, 7, 7, 7, 7, 7, 7, 7, 7]",180,"[0.4668760299682617, 0.4506464898586273, 0.43133431673049927, 0.4131532609462738, 0.4017714560031891, 0.39148643612861633, 0.37978610396385193, 0.3671949505805969, 0.35953599214553833, 0.33789950609207153, 0.3289971947669983, 0.31985318660736084, 0.31304556131362915, 0.30794525146484375, 0.3053852319717407, 0.30504047870635986, 0.29259228706359863, 0.29247531294822693, 0.28598418831825256, 0.28536680340766907, 0.2852128744125366, 0.28336161375045776, 0.27803921699523926, 0.27770593762397766, 0.27902111411094666, 0.27986252307891846, 0.2721368670463562, 0.27625471353530884, 0.2792838215827942, 0.2763667404651642, 0.27846837043762207, 0.2753426432609558, 0.2730461061000824, 0.27066269516944885, 0.2696382701396942, 0.27176254987716675, 0.2688118815422058, 0.26887938380241394, 0.26509854197502136, 0.26808488368988037, 0.266579270362854, 0.26527291536331177, 0.26398229598999023, 0.26203668117523193, 0.2637333869934082, 0.26234570145606995, 0.26847103238105774, 0.25848475098609924, 0.2624572813510895, 0.2577291429042816, 0.25707072019577026, 0.2630598545074463, 0.26261594891548157, 0.25885388255119324, 0.260074645280838, 0.2558806538581848, 0.2589111030101776, 0.2560482323169708, 0.2599984407424927, 0.2566361129283905, 0.2568032443523407, 0.2539219558238983, 0.25444555282592773, 0.2536913752555847, 0.2643071413040161, 0.2542525827884674, 0.2601138651371002, 0.2550467550754547, 0.254447340965271, 0.25115007162094116, 0.25429871678352356, 0.2545038163661957, 0.25722557306289673, 0.2506161034107208, 0.25866422057151794, 0.24840997159481049, 0.26646846532821655, 0.2558373808860779, 0.2505623698234558, 0.24736638367176056, 0.2508465647697449, 0.25297772884368896, 0.25270184874534607, 0.2587326169013977, 0.25042518973350525, 0.24924343824386597, 0.26065903902053833, 0.25064757466316223, 0.24977447092533112, 0.25218120217323303, 0.2523806691169739, 0.25175416469573975, 0.2460799366235733, 0.24755620956420898, 0.2539549171924591, 0.2498854100704193, 0.24719171226024628, 0.2524985074996948, 0.24792970716953278, 0.24954897165298462, 0.24534210562705994, 0.25386497378349304, 0.2541784346103668, 0.25400999188423157, 0.24981872737407684, 0.25817179679870605, 0.2489577829837799, 0.24859143793582916, 0.25177663564682007, 0.2508731186389923, 0.2474273443222046, 0.25012922286987305, 0.25271764397621155, 0.24427686631679535, 0.24864862859249115, 0.2493615746498108, 0.25121963024139404, 0.24831649661064148, 0.2543647289276123, 0.2501923143863678, 0.24813038110733032, 0.24704082310199738, 0.24734918773174286, 0.24837641417980194, 0.2483048439025879, 0.24563555419445038, 0.2436750829219818, 0.24310515820980072, 0.24789157509803772, 0.24347679316997528, 0.2556075155735016, 0.24181248247623444, 0.24755863845348358, 0.2494005560874939, 0.2573600709438324, 0.2481229603290558, 0.24671608209609985, 0.24329403042793274, 0.24709056317806244, 0.2498602718114853, 0.24229075014591217, 0.24550499022006989, 0.24293097853660583, 0.2479512244462967, 0.24696269631385803, 0.24526359140872955, 0.24564659595489502, 0.2507328689098358, 0.2514899969100952, 0.2424347847700119, 0.2430594265460968, 0.2446582168340683, 0.24651730060577393, 0.2477438896894455, 0.24532489478588104, 0.24879753589630127, 0.24079327285289764, 0.2500249743461609, 0.24924501776695251, 0.2517276704311371, 0.24351492524147034, 0.24379292130470276, 0.24717676639556885, 0.2444005012512207, 0.25074532628059387, 0.2487322837114334, 0.2461422085762024, 0.2409890592098236, 0.2437490075826645, 0.24238070845603943, 0.24365395307540894, 0.24263334274291992, 0.23934684693813324, 0.24271108210086823, 0.2509017884731293, 0.2505561411380768, 0.25260090827941895, 0.24689829349517822, 0.24206183850765228, 0.23978185653686523]",7.0,"[33.0, 33.0, 33.0, 33.0, 33.0, 33.0, 33.0, 33.0, 33.0, 23.0, 18.0, 14.0, 13.0, 13.0, 13.0, 13.0, 13.0, 13.0, 13.0, 13.0, 13.0, 13.0, 13.0, 13.0, 13.0, 13.0, 13.0, 11.0, 9.0, 8.0, 8.0, 8.0, 8.0, 8.0, 8.0, 8.0, 8.0, 8.0, 8.0, 8.0, 8.0, 8.0, 8.0, 8.0, 8.0, 8.0, 8.0, 8.0, 8.0, 8.0, 8.0, 8.0, 8.0, 7.0, 7.0, 7.0, 7.0, 7.0, 7.0, 7.0, 7.0, 7.0, 7.0, 7.0, 7.0, 7.0, 7.0, 7.0, 7.0, 7.0, 7.0, 7.0, 7.0, 7.0, 7.0, 7.0, 7.0, 7.0, 7.0, 7.0, 7.0, 7.0, 7.0, 7.0, 7.0, 7.0, 7.0, 7.0, 7.0, 7.0, 7.0, 7.0, 7.0, 7.0, 7.0, 7.0, 7.0, 7.0, 7.0, 7.0, 7.0, 7.0, 7.0, 7.0, 7.0, 7.0, 7.0, 7.0, 7.0, 7.0, 7.0, 7.0, 7.0, 7.0, 7.0, 7.0, 7.0, 7.0, 7.0, 7.0, 7.0, 7.0, 7.0, 7.0, 7.0, 7.0, 7.0, 7.0, 7.0, 7.0, 7.0, 7.0, 7.0, 7.0, 7.0, 7.0, 7.0, 7.0, 7.0, 7.0, 7.0, 7.0, 7.0, 7.0, 7.0, 7.0, 7.0, 7.0, 7.0, 7.0, 7.0, 7.0, 7.0, 7.0, 7.0, 7.0, 7.0, 7.0, 7.0, 7.0, 7.0, 7.0, 7.0, 7.0, 7.0, 7.0, 7.0, 7.0, 7.0, 7.0, 7.0, 7.0, 7.0, 7.0, 7.0, 7.0, 7.0, 7.0, 7.0, 7.0]",COMPLETE
