,number,value,datetime_start,datetime_complete,duration,params_batch_size_scaler,params_constant_learning_rate,params_depth,params_epochs,params_kernel_l2,params_num_trees,params_temperature,user_attrs_accuracy_test,user_attrs_accuracy_valid,user_attrs_approximate_feature_sparsity,user_attrs_approximate_feature_sparsity_history,user_attrs_approximate_weight_sparsity,user_attrs_approximate_weight_sparsity_history,user_attrs_auc_test,user_attrs_auc_valid,user_attrs_feature_sparsity,user_attrs_feature_sparsity_history,user_attrs_num_epochs,user_attrs_val_loss_history,user_attrs_weight_sparsity,user_attrs_weight_sparsity_history,state
109,109,0.7538354523321869,2024-08-31 04:49:45.658011,2024-08-31 04:50:22.373208,0 days 00:00:36.715197,64,0.019987350677964415,1,485,0.07001225435362401,76,0.0045427326354817174,0.878,0.8725,33,"[33, 33, 33, 33, 33, 33, 33, 33, 33, 33, 33, 33, 33, 33, 33, 33, 33, 33, 33, 33, 33, 33, 33, 33, 33, 33, 33, 33, 33, 33, 33, 33, 33, 33, 33, 33, 33, 33, 33, 33, 33, 33, 33, 33, 33, 33, 33, 33, 33, 33, 33, 33, 33, 33, 33, 33, 33, 33, 33, 33, 33, 33, 33, 33, 33, 33, 33, 33, 33, 33, 33, 33, 33, 33, 33, 33, 33, 33, 33, 33, 33, 33, 33, 33, 33, 33, 33, 33, 33, 33, 33, 33, 33, 33, 33, 33, 33, 33, 33, 33, 33, 33, 33, 33, 33, 33, 33, 33, 33, 33, 33, 33, 33, 33, 33, 33, 33, 33, 33, 33, 33, 33, 33, 33, 33, 33, 33, 33, 33, 33, 33, 33, 33, 33, 33, 33, 33, 33, 33, 33, 33, 33, 33, 33, 33, 33, 33, 33, 33, 33, 33, 33, 33, 33, 33, 33, 33, 33, 33, 33, 33, 33, 33, 33, 33, 33, 33, 33, 33, 33, 33, 33, 33, 33, 33, 33, 33, 33, 33, 33, 33, 33, 33, 33, 33, 33, 33, 33, 33, 33, 33, 33, 33, 33, 33, 33, 33, 33, 33, 33, 33, 33, 33, 33, 33, 33, 33, 33, 33, 33, 33, 33, 33, 33, 33, 33, 33, 33, 33, 33, 33, 33, 33, 33, 33, 33, 33, 33, 33, 33, 33, 33, 33, 33, 33, 33, 33, 33, 33, 33, 33, 33, 33, 33, 33, 33, 33, 33, 33, 33, 33, 33, 33, 33, 33, 33, 33, 33, 33, 33, 33, 33, 33, 33, 33, 33, 33, 33, 33, 33, 33, 33, 33, 33, 33, 33, 33, 33, 33, 33, 33, 33, 33, 33, 33, 33, 33, 33, 33, 33, 33, 33, 33, 33, 33, 33, 33, 33, 33, 33, 33, 33, 33, 33, 33, 33, 33, 33, 33, 33, 33, 33, 33, 33, 33, 33, 33, 33, 33, 33, 33, 33, 33, 33, 33, 33, 33, 33, 33, 33, 33, 33, 33, 33, 33, 33, 33, 33, 33, 33, 33, 33, 33, 33, 33, 33, 33, 33, 33, 33, 33, 33, 33, 33, 33, 33, 33, 33, 33, 33, 33, 33, 33, 33, 33, 33, 33, 33, 33, 33, 33, 33, 33, 33, 33, 33, 33, 33, 33, 33, 33, 33, 33, 33, 33, 33, 33, 33, 33, 33, 33, 33, 33, 33, 33, 33, 33, 33, 33, 33, 33, 33, 33, 33, 33, 33, 33, 33, 33, 33, 33, 33, 33, 33, 33, 33, 33, 33, 33, 33, 33, 33, 33, 33, 33, 33, 33, 33, 33, 33, 33, 33, 33, 33, 33, 33, 33, 33, 33, 33, 33, 33, 33, 33, 33, 33, 33, 33, 33, 33, 33, 33, 33, 33, 33, 33, 33, 33, 33, 33, 33, 33, 33, 33, 33, 33, 33, 33, 33, 33, 33, 33, 33, 33, 33, 33, 33, 33, 33, 33, 33, 33, 33, 33, 33]",32.96052631578947,"[33.0, 33.0, 32.98684210526316, 33.0, 33.0, 32.98684210526316, 33.0, 32.973684210526315, 32.973684210526315, 32.98684210526316, 32.98684210526316, 33.0, 32.98684210526316, 32.98684210526316, 32.96052631578947, 32.96052631578947, 32.98684210526316, 32.98684210526316, 33.0, 33.0, 33.0, 33.0, 33.0, 33.0, 32.98684210526316, 32.98684210526316, 32.973684210526315, 32.973684210526315, 32.98684210526316, 33.0, 33.0, 32.98684210526316, 33.0, 33.0, 33.0, 33.0, 33.0, 32.973684210526315, 33.0, 32.98684210526316, 32.98684210526316, 32.98684210526316, 32.98684210526316, 32.98684210526316, 32.98684210526316, 32.96052631578947, 32.96052631578947, 32.96052631578947, 32.96052631578947, 32.973684210526315, 32.98684210526316, 32.98684210526316, 32.98684210526316, 32.96052631578947, 32.973684210526315, 32.973684210526315, 32.98684210526316, 32.98684210526316, 32.98684210526316, 33.0, 32.98684210526316, 32.98684210526316, 32.98684210526316, 32.98684210526316, 33.0, 33.0, 33.0, 32.98684210526316, 32.98684210526316, 32.98684210526316, 33.0, 33.0, 32.98684210526316, 32.98684210526316, 32.98684210526316, 33.0, 32.973684210526315, 32.973684210526315, 32.98684210526316, 33.0, 33.0, 32.98684210526316, 32.98684210526316, 32.98684210526316, 32.98684210526316, 32.98684210526316, 32.98684210526316, 32.96052631578947, 32.973684210526315, 32.973684210526315, 32.973684210526315, 32.96052631578947, 32.973684210526315, 32.96052631578947, 32.96052631578947, 32.94736842105263, 32.94736842105263, 32.96052631578947, 32.96052631578947, 32.96052631578947, 32.96052631578947, 32.973684210526315, 32.98684210526316, 32.98684210526316, 32.96052631578947, 32.96052631578947, 32.973684210526315, 32.98684210526316, 32.973684210526315, 32.98684210526316, 32.98684210526316, 32.98684210526316, 32.973684210526315, 32.973684210526315, 32.973684210526315, 32.973684210526315, 32.973684210526315, 32.973684210526315, 32.973684210526315, 32.973684210526315, 32.98684210526316, 32.973684210526315, 32.973684210526315, 32.98684210526316, 32.98684210526316, 32.98684210526316, 32.98684210526316, 32.98684210526316, 32.98684210526316, 32.98684210526316, 32.98684210526316, 33.0, 33.0, 32.98684210526316, 32.973684210526315, 32.98684210526316, 33.0, 33.0, 32.98684210526316, 33.0, 33.0, 33.0, 33.0, 33.0, 33.0, 33.0, 33.0, 32.98684210526316, 32.98684210526316, 32.973684210526315, 32.98684210526316, 32.98684210526316, 32.98684210526316, 32.98684210526316, 32.98684210526316, 32.98684210526316, 33.0, 33.0, 33.0, 33.0, 33.0, 33.0, 33.0, 32.98684210526316, 32.98684210526316, 32.98684210526316, 32.98684210526316, 32.98684210526316, 32.973684210526315, 32.973684210526315, 32.98684210526316, 32.98684210526316, 33.0, 33.0, 32.973684210526315, 32.98684210526316, 32.973684210526315, 32.973684210526315, 32.973684210526315, 32.973684210526315, 32.98684210526316, 32.98684210526316, 32.98684210526316, 32.98684210526316, 32.98684210526316, 32.98684210526316, 32.98684210526316, 32.98684210526316, 32.98684210526316, 32.98684210526316, 32.98684210526316, 32.98684210526316, 32.98684210526316, 32.98684210526316, 32.98684210526316, 32.98684210526316, 32.98684210526316, 32.98684210526316, 32.98684210526316, 32.98684210526316, 32.98684210526316, 32.98684210526316, 32.98684210526316, 32.98684210526316, 32.98684210526316, 32.98684210526316, 32.98684210526316, 32.98684210526316, 32.98684210526316, 32.973684210526315, 32.973684210526315, 32.973684210526315, 32.973684210526315, 32.973684210526315, 32.98684210526316, 33.0, 33.0, 33.0, 33.0, 33.0, 33.0, 33.0, 33.0, 33.0, 33.0, 33.0, 32.98684210526316, 33.0, 33.0, 32.98684210526316, 32.98684210526316, 32.98684210526316, 32.98684210526316, 32.96052631578947, 32.94736842105263, 32.96052631578947, 32.98684210526316, 32.98684210526316, 32.973684210526315, 32.98684210526316, 32.98684210526316, 32.98684210526316, 32.98684210526316, 32.98684210526316, 32.98684210526316, 32.973684210526315, 32.973684210526315, 32.973684210526315, 32.973684210526315, 32.98684210526316, 32.98684210526316, 32.98684210526316, 33.0, 33.0, 32.98684210526316, 32.973684210526315, 32.973684210526315, 32.973684210526315, 32.98684210526316, 32.98684210526316, 32.98684210526316, 32.98684210526316, 32.98684210526316, 32.973684210526315, 32.973684210526315, 32.98684210526316, 33.0, 32.973684210526315, 32.98684210526316, 32.973684210526315, 32.96052631578947, 32.973684210526315, 32.973684210526315, 32.973684210526315, 32.98684210526316, 32.98684210526316, 32.98684210526316, 32.98684210526316, 32.98684210526316, 32.98684210526316, 32.98684210526316, 32.98684210526316, 32.98684210526316, 32.98684210526316, 32.96052631578947, 32.98684210526316, 33.0, 32.973684210526315, 32.98684210526316, 32.98684210526316, 32.98684210526316, 32.98684210526316, 32.98684210526316, 32.98684210526316, 32.98684210526316, 32.973684210526315, 32.98684210526316, 32.973684210526315, 32.98684210526316, 32.98684210526316, 33.0, 33.0, 32.98684210526316, 32.98684210526316, 32.98684210526316, 32.98684210526316, 32.98684210526316, 32.98684210526316, 32.98684210526316, 32.98684210526316, 32.98684210526316, 32.98684210526316, 32.96052631578947, 32.96052631578947, 32.973684210526315, 32.973684210526315, 32.98684210526316, 32.98684210526316, 32.98684210526316, 32.98684210526316, 32.96052631578947, 32.973684210526315, 32.96052631578947, 32.98684210526316, 33.0, 33.0, 33.0, 33.0, 33.0, 33.0, 33.0, 33.0, 32.98684210526316, 32.98684210526316, 33.0, 33.0, 32.98684210526316, 33.0, 33.0, 33.0, 33.0, 33.0, 33.0, 33.0, 33.0, 32.98684210526316, 32.98684210526316, 32.973684210526315, 32.98684210526316, 32.98684210526316, 32.973684210526315, 32.96052631578947, 32.96052631578947, 32.973684210526315, 32.98684210526316, 32.98684210526316, 32.98684210526316, 32.98684210526316, 32.98684210526316, 32.98684210526316, 32.98684210526316, 32.98684210526316, 32.98684210526316, 32.98684210526316, 32.98684210526316, 32.98684210526316, 32.98684210526316, 32.98684210526316, 32.973684210526315, 32.973684210526315, 32.98684210526316, 32.98684210526316, 32.98684210526316, 33.0, 33.0, 33.0, 33.0, 32.98684210526316, 33.0, 33.0, 33.0, 33.0, 33.0, 33.0, 33.0, 33.0, 32.98684210526316, 32.98684210526316, 33.0, 33.0, 33.0, 33.0, 33.0, 33.0, 33.0, 32.98684210526316, 33.0, 33.0, 32.98684210526316, 32.98684210526316, 32.98684210526316, 32.98684210526316, 32.98684210526316, 33.0, 32.98684210526316, 32.98684210526316, 32.973684210526315, 32.973684210526315, 32.94736842105263, 32.94736842105263, 32.973684210526315, 32.973684210526315, 32.973684210526315, 33.0, 33.0, 33.0, 33.0, 33.0, 33.0, 32.98684210526316, 32.973684210526315, 32.973684210526315, 32.973684210526315, 33.0, 33.0, 33.0, 32.98684210526316, 32.98684210526316, 32.973684210526315, 32.973684210526315, 32.98684210526316, 32.98684210526316, 32.973684210526315, 32.973684210526315, 32.973684210526315, 32.973684210526315, 32.98684210526316, 32.98684210526316, 32.98684210526316, 32.98684210526316, 33.0, 33.0, 33.0, 33.0, 32.98684210526316, 33.0, 32.98684210526316, 32.973684210526315, 32.973684210526315, 33.0, 32.973684210526315, 32.973684210526315, 32.96052631578947, 32.96052631578947, 32.96052631578947, 32.94736842105263, 32.94736842105263, 32.96052631578947, 32.98684210526316, 32.98684210526316, 32.98684210526316, 32.98684210526316, 32.98684210526316, 32.98684210526316, 32.973684210526315, 32.96052631578947, 32.973684210526315, 32.98684210526316, 32.98684210526316, 32.98684210526316, 32.98684210526316, 32.98684210526316, 32.98684210526316, 32.98684210526316, 32.98684210526316, 32.98684210526316, 32.98684210526316, 32.973684210526315, 32.973684210526315, 32.973684210526315, 32.96052631578947, 32.96052631578947, 32.96052631578947, 32.96052631578947, 32.96052631578947]",0.7919649270552102,0.7538354523321869,33,"[33, 33, 33, 33, 33, 33, 33, 33, 33, 33, 33, 33, 33, 33, 33, 33, 33, 33, 33, 33, 33, 33, 33, 33, 33, 33, 33, 33, 33, 33, 33, 33, 33, 33, 33, 33, 33, 33, 33, 33, 33, 33, 33, 33, 33, 33, 33, 33, 33, 33, 33, 33, 33, 33, 33, 33, 33, 33, 33, 33, 33, 33, 33, 33, 33, 33, 33, 33, 33, 33, 33, 33, 33, 33, 33, 33, 33, 33, 33, 33, 33, 33, 33, 33, 33, 33, 33, 33, 33, 33, 33, 33, 33, 33, 33, 33, 33, 33, 33, 33, 33, 33, 33, 33, 33, 33, 33, 33, 33, 33, 33, 33, 33, 33, 33, 33, 33, 33, 33, 33, 33, 33, 33, 33, 33, 33, 33, 33, 33, 33, 33, 33, 33, 33, 33, 33, 33, 33, 33, 33, 33, 33, 33, 33, 33, 33, 33, 33, 33, 33, 33, 33, 33, 33, 33, 33, 33, 33, 33, 33, 33, 33, 33, 33, 33, 33, 33, 33, 33, 33, 33, 33, 33, 33, 33, 33, 33, 33, 33, 33, 33, 33, 33, 33, 33, 33, 33, 33, 33, 33, 33, 33, 33, 33, 33, 33, 33, 33, 33, 33, 33, 33, 33, 33, 33, 33, 33, 33, 33, 33, 33, 33, 33, 33, 33, 33, 33, 33, 33, 33, 33, 33, 33, 33, 33, 33, 33, 33, 33, 33, 33, 33, 33, 33, 33, 33, 33, 33, 33, 33, 33, 33, 33, 33, 33, 33, 33, 33, 33, 33, 33, 33, 33, 33, 33, 33, 33, 33, 33, 33, 33, 33, 33, 33, 33, 33, 33, 33, 33, 33, 33, 33, 33, 33, 33, 33, 33, 33, 33, 33, 33, 33, 33, 33, 33, 33, 33, 33, 33, 33, 33, 33, 33, 33, 33, 33, 33, 33, 33, 33, 33, 33, 33, 33, 33, 33, 33, 33, 33, 33, 33, 33, 33, 33, 33, 33, 33, 33, 33, 33, 33, 33, 33, 33, 33, 33, 33, 33, 33, 33, 33, 33, 33, 33, 33, 33, 33, 33, 33, 33, 33, 33, 33, 33, 33, 33, 33, 33, 33, 33, 33, 33, 33, 33, 33, 33, 33, 33, 33, 33, 33, 33, 33, 33, 33, 33, 33, 33, 33, 33, 33, 33, 33, 33, 33, 33, 33, 33, 33, 33, 33, 33, 33, 33, 33, 33, 33, 33, 33, 33, 33, 33, 33, 33, 33, 33, 33, 33, 33, 33, 33, 33, 33, 33, 33, 33, 33, 33, 33, 33, 33, 33, 33, 33, 33, 33, 33, 33, 33, 33, 33, 33, 33, 33, 33, 33, 33, 33, 33, 33, 33, 33, 33, 33, 33, 33, 33, 33, 33, 33, 33, 33, 33, 33, 33, 33, 33, 33, 33, 33, 33, 33, 33, 33, 33, 33, 33, 33, 33, 33, 33, 33, 33, 33, 33, 33, 33, 33, 33, 33, 33, 33, 33, 33, 33, 33, 33, 33, 33, 33, 33, 33, 33, 33, 33]",485,"[0.4773247241973877, 0.4646172821521759, 0.46273672580718994, 0.46160057187080383, 0.46068453788757324, 0.45980170369148254, 0.4586813449859619, 0.45788514614105225, 0.4573912024497986, 0.4559301733970642, 0.4557274281978607, 0.45437154173851013, 0.4534854590892792, 0.45296841859817505, 0.4518933892250061, 0.45116424560546875, 0.45054861903190613, 0.4499098062515259, 0.4491123855113983, 0.4484919607639313, 0.4478677809238434, 0.4472310245037079, 0.4464681148529053, 0.446145623922348, 0.4453004002571106, 0.44469496607780457, 0.4442886710166931, 0.4437504708766937, 0.443184494972229, 0.4426482915878296, 0.44203823804855347, 0.4417852759361267, 0.4410897195339203, 0.44067060947418213, 0.4402672052383423, 0.43978774547576904, 0.4392291009426117, 0.4387543797492981, 0.4383539855480194, 0.4379637539386749, 0.4375549554824829, 0.43714964389801025, 0.43701690435409546, 0.4372495412826538, 0.4360932409763336, 0.43548116087913513, 0.43508294224739075, 0.4347052276134491, 0.4343675673007965, 0.4352229833602905, 0.43436527252197266, 0.43470844626426697, 0.432974636554718, 0.4325985014438629, 0.43228575587272644, 0.4320765435695648, 0.431644082069397, 0.43143540620803833, 0.4310919940471649, 0.4309111535549164, 0.4307476878166199, 0.43023478984832764, 0.4303357005119324, 0.4297844171524048, 0.429546594619751, 0.42952173948287964, 0.42908886075019836, 0.42923301458358765, 0.4285234808921814, 0.42843446135520935, 0.42822369933128357, 0.42807233333587646, 0.4276449978351593, 0.4273974597454071, 0.4271260201931, 0.42715948820114136, 0.426967054605484, 0.42655259370803833, 0.42633888125419617, 0.4261711835861206, 0.4260437786579132, 0.4257933795452118, 0.42572811245918274, 0.425398051738739, 0.42545589804649353, 0.42511188983917236, 0.4248467683792114, 0.42462044954299927, 0.424485445022583, 0.4243026077747345, 0.4241487979888916, 0.4239169955253601, 0.4238632917404175, 0.4240775406360626, 0.42356637120246887, 0.42326077818870544, 0.4231366217136383, 0.4230138659477234, 0.42282435297966003, 0.42281243205070496, 0.422853022813797, 0.42270931601524353, 0.42230024933815, 0.42212826013565063, 0.4220823645591736, 0.4218028783798218, 0.42177659273147583, 0.4217224419116974, 0.42163336277008057, 0.42167723178863525, 0.42163825035095215, 0.4219295382499695, 0.42089518904685974, 0.42117777466773987, 0.4207262098789215, 0.42085662484169006, 0.42053166031837463, 0.42036283016204834, 0.42016303539276123, 0.4200431704521179, 0.41995275020599365, 0.4197990298271179, 0.42000269889831543, 0.41962558031082153, 0.41952842473983765, 0.41923826932907104, 0.41937482357025146, 0.41918668150901794, 0.4190590977668762, 0.41890257596969604, 0.4186047315597534, 0.4184572994709015, 0.41827628016471863, 0.4182034432888031, 0.4181022346019745, 0.41806116700172424, 0.4178166091442108, 0.41804951429367065, 0.41782620549201965, 0.4175706207752228, 0.41736748814582825, 0.41727370023727417, 0.41716134548187256, 0.417225182056427, 0.41698604822158813, 0.4171191155910492, 0.4168025255203247, 0.4167053997516632, 0.41689541935920715, 0.41678932309150696, 0.41637322306632996, 0.4162796437740326, 0.416115939617157, 0.4161030650138855, 0.4158855676651001, 0.4157570004463196, 0.4159344732761383, 0.41569650173187256, 0.4157433807849884, 0.41545307636260986, 0.41536208987236023, 0.415245920419693, 0.4152259826660156, 0.4150996506214142, 0.41631394624710083, 0.41493213176727295, 0.4147395193576813, 0.41464999318122864, 0.4152106046676636, 0.41444501280784607, 0.41437262296676636, 0.41437041759490967, 0.4162141680717468, 0.4151947498321533, 0.41420313715934753, 0.41387295722961426, 0.4139115810394287, 0.4137548506259918, 0.4139504134654999, 0.4141349792480469, 0.41471707820892334, 0.41412267088890076, 0.4137673079967499, 0.4132820963859558, 0.41305482387542725, 0.4129544496536255, 0.413124680519104, 0.41290777921676636, 0.4132739007472992, 0.4130460023880005, 0.41320496797561646, 0.41349896788597107, 0.41341903805732727, 0.4123397767543793, 0.41217249631881714, 0.41197118163108826, 0.4118511974811554, 0.41172677278518677, 0.4116445779800415, 0.4115227162837982, 0.41138121485710144, 0.41134679317474365, 0.411170095205307, 0.41114866733551025, 0.4119596779346466, 0.41090357303619385, 0.41101616621017456, 0.4107038378715515, 0.41057032346725464, 0.4104010760784149, 0.41087618470191956, 0.4109075665473938, 0.412480890750885, 0.4109770655632019, 0.41259002685546875, 0.41045063734054565, 0.40968313813209534, 0.40959176421165466, 0.4094182848930359, 0.4095318913459778, 0.40929776430130005, 0.408959299325943, 0.408835232257843, 0.40872251987457275, 0.408687025308609, 0.40861645340919495, 0.4088064432144165, 0.4083564877510071, 0.4082534909248352, 0.4081384241580963, 0.40803420543670654, 0.40801361203193665, 0.40788039565086365, 0.40778836607933044, 0.4076724648475647, 0.40805286169052124, 0.407457172870636, 0.40733611583709717, 0.4071637988090515, 0.4070591628551483, 0.4069559872150421, 0.4068562686443329, 0.407199501991272, 0.4067772626876831, 0.406734436750412, 0.40678292512893677, 0.40655022859573364, 0.4068595767021179, 0.4064089059829712, 0.40638628602027893, 0.40625911951065063, 0.4061146080493927, 0.406222939491272, 0.40590643882751465, 0.4057951867580414, 0.40576037764549255, 0.4055795669555664, 0.4055129289627075, 0.4052537679672241, 0.40517762303352356, 0.40556490421295166, 0.4049072265625, 0.4047723114490509, 0.4046708047389984, 0.4052787125110626, 0.40463411808013916, 0.4044490158557892, 0.4043644368648529, 0.4043125808238983, 0.40490761399269104, 0.40480175614356995, 0.4046217203140259, 0.4040290117263794, 0.4037278890609741, 0.40366658568382263, 0.40421944856643677, 0.4033166468143463, 0.40415164828300476, 0.40332451462745667, 0.40341925621032715, 0.40345630049705505, 0.40336108207702637, 0.4029447138309479, 0.4030340909957886, 0.4028503894805908, 0.4025835692882538, 0.40251198410987854, 0.4026501178741455, 0.4028010964393616, 0.40307068824768066, 0.40238484740257263, 0.4025028944015503, 0.40227168798446655, 0.4022108018398285, 0.40297573804855347, 0.4022130072116852, 0.4018373191356659, 0.40176093578338623, 0.40169671177864075, 0.40152591466903687, 0.40143275260925293, 0.40135806798934937, 0.40124380588531494, 0.40115559101104736, 0.4011336863040924, 0.4009345769882202, 0.40076106786727905, 0.40071040391921997, 0.4006168246269226, 0.40050408244132996, 0.4005790948867798, 0.400274395942688, 0.40024134516716003, 0.4001498818397522, 0.39997196197509766, 0.399910569190979, 0.40000590682029724, 0.3997960686683655, 0.3997557759284973, 0.3996445834636688, 0.3995165526866913, 0.3993810713291168, 0.39941170811653137, 0.3993690013885498, 0.3992798328399658, 0.3989757299423218, 0.3990103602409363, 0.39933857321739197, 0.3987874686717987, 0.39898282289505005, 0.39874449372291565, 0.3985123038291931, 0.39871513843536377, 0.39850956201553345, 0.3985603451728821, 0.3983836770057678, 0.39806389808654785, 0.39804646372795105, 0.3984512984752655, 0.39793160557746887, 0.39767974615097046, 0.39775681495666504, 0.3974451720714569, 0.3973731994628906, 0.39734694361686707, 0.39737921953201294, 0.39767181873321533, 0.3981068730354309, 0.39792972803115845, 0.39707642793655396, 0.3970850706100464, 0.39655348658561707, 0.3964381515979767, 0.3964860439300537, 0.3963789641857147, 0.39694470167160034, 0.39625969529151917, 0.39635127782821655, 0.3964431881904602, 0.39636337757110596, 0.39688366651535034, 0.3960978388786316, 0.3955315053462982, 0.39556530117988586, 0.39507970213890076, 0.3952468931674957, 0.3952975571155548, 0.39497897028923035, 0.3946772515773773, 0.3944965600967407, 0.3945683240890503, 0.3944837152957916, 0.39465099573135376, 0.39418089389801025, 0.39404335618019104, 0.393907368183136, 0.3938851058483124, 0.3939207196235657, 0.39359647035598755, 0.3934800326824188, 0.3935634195804596, 0.39324796199798584, 0.3932209014892578, 0.3930278718471527, 0.39300137758255005, 0.3928805887699127, 0.3928602933883667, 0.39282622933387756, 0.39254990220069885, 0.39244022965431213, 0.392450213432312, 0.39235010743141174, 0.392391562461853, 0.3922876715660095, 0.39220744371414185, 0.39253470301628113, 0.39213839173316956, 0.39195796847343445, 0.3918684422969818, 0.39180660247802734, 0.39181584119796753, 0.39181557297706604, 0.3915524184703827, 0.3913954794406891, 0.3912973403930664, 0.39183366298675537, 0.39222508668899536, 0.39208531379699707, 0.39225834608078003, 0.391724169254303, 0.3911575376987457, 0.3910558223724365, 0.3907490670681, 0.39062148332595825, 0.3904220461845398, 0.3906412422657013, 0.3908460736274719, 0.3904678225517273, 0.39085569977760315, 0.3907642662525177, 0.3901193141937256, 0.3900182247161865, 0.39007285237312317, 0.3898654580116272, 0.3899703621864319, 0.38955333828926086, 0.3894645571708679, 0.3893755078315735, 0.38922134041786194, 0.389164537191391, 0.38907402753829956, 0.3890143632888794, 0.3889755308628082, 0.38894975185394287, 0.38877782225608826, 0.38920480012893677, 0.3889176547527313, 0.38856279850006104, 0.38880446553230286, 0.3891986906528473, 0.3884051442146301, 0.3883506655693054, 0.3883016109466553, 0.3884076178073883, 0.38830170035362244, 0.3884272873401642, 0.38806864619255066, 0.38804110884666443, 0.3882458508014679, 0.38855862617492676, 0.3885957598686218, 0.38786548376083374, 0.3874649703502655, 0.3875637352466583, 0.3879075348377228, 0.38811102509498596, 0.38716110587120056, 0.38704413175582886, 0.3874240219593048, 0.38694486021995544, 0.38692784309387207, 0.38693955540657043, 0.3867920935153961, 0.3866322636604309, 0.38655930757522583, 0.3864772915840149, 0.3864467740058899, 0.3