,number,value,datetime_start,datetime_complete,duration,params_batch_size_scaler,params_constant_learning_rate,params_depth,params_epochs,params_kernel_l2,params_num_trees,params_temperature,user_attrs_accuracy_test,user_attrs_accuracy_valid,user_attrs_approximate_feature_sparsity,user_attrs_approximate_feature_sparsity_history,user_attrs_approximate_weight_sparsity,user_attrs_approximate_weight_sparsity_history,user_attrs_auc_test,user_attrs_auc_valid,user_attrs_feature_sparsity,user_attrs_feature_sparsity_history,user_attrs_num_epochs,user_attrs_val_loss_history,user_attrs_weight_sparsity,user_attrs_weight_sparsity_history,state
53,53,0.8629284692970591,2024-08-31 02:34:56.559976,2024-08-31 02:35:56.985852,0 days 00:01:00.425876,16,0.04258433297085861,4,350,0.10372212882610538,12,0.07023976698491509,0.9,0.8925,33,"[33, 33, 33, 33, 33, 33, 33, 33, 33, 33, 33, 33, 33, 33, 33, 33, 33, 33, 33, 33, 33, 33, 33, 33, 33, 33, 33, 33, 33, 33, 33, 33, 33, 33, 33, 33, 33, 33, 33, 33, 33, 33, 33, 33, 33, 33, 33, 33, 33, 33, 33, 33, 33, 33, 33, 33, 33, 33, 33, 33, 33, 33, 33, 33, 33, 33, 33, 33, 33, 33, 33, 33, 33, 33, 33, 33, 33, 33, 33, 33, 33, 33, 33, 33, 33, 33, 33, 33, 33, 33, 33, 33, 33, 33, 33, 33, 33, 33, 33, 33, 33, 33, 33, 33, 33, 33, 33, 33, 33, 33, 33, 33, 33, 33, 33, 33, 33, 33, 33, 33, 33, 33, 33, 33, 33, 33, 33, 33, 33, 33, 33, 33, 33, 33, 33, 33, 33, 33, 33, 33, 33, 33, 33, 33, 33, 33, 33, 33, 33, 33, 33, 33, 33, 33, 33, 33, 33, 33, 33, 33, 33, 33, 33, 33, 33, 33, 33, 33, 33, 33, 33, 33, 33, 33, 33, 33, 33, 33, 33, 33, 33, 33, 33, 33, 33, 33, 33, 33, 33, 33, 33, 33, 33, 33, 33, 33, 33, 33, 33, 33, 33, 33, 33, 33, 33, 33, 33, 33, 33, 33, 33, 33, 33, 33, 33, 33, 33, 33, 33, 33, 33, 33, 33, 33, 33, 33, 33, 33, 33, 33, 33, 33, 33, 33, 33, 33, 33, 33, 33, 33, 33, 33, 33, 33, 33, 33, 33, 33, 33, 33, 33, 33, 33, 33, 33, 33, 33, 33, 33, 33, 33, 33, 33, 33, 33, 33, 33, 33, 33, 33, 33, 33, 33, 33, 33, 33, 33, 33, 33, 33, 33, 33, 33, 33, 33, 33, 33, 33, 33, 33, 33, 33, 33, 33, 33, 33, 33, 33, 33, 33, 33, 33, 33, 33, 33, 33, 33, 33, 33, 33, 33, 33, 33, 33, 33, 33, 33, 33, 33, 33, 33, 33, 33, 33, 33, 33, 33, 33, 33, 33, 33, 33, 33, 33, 33, 33, 33, 33, 33, 33, 33, 33, 33, 33, 33, 33, 33, 33, 33, 33]",32.955555555555556,"[32.96666666666667, 32.983333333333334, 32.983333333333334, 32.98888888888889, 32.97222222222222, 32.983333333333334, 32.98888888888889, 32.977777777777774, 32.977777777777774, 32.98888888888889, 32.977777777777774, 32.98888888888889, 32.977777777777774, 32.977777777777774, 32.98888888888889, 32.98888888888889, 32.983333333333334, 32.97222222222222, 32.97222222222222, 32.96666666666667, 32.977777777777774, 32.983333333333334, 32.983333333333334, 32.983333333333334, 32.98888888888889, 32.98888888888889, 32.983333333333334, 32.96111111111111, 32.98888888888889, 32.96666666666667, 32.96666666666667, 32.977777777777774, 32.98888888888889, 32.98888888888889, 32.983333333333334, 32.98888888888889, 32.983333333333334, 32.96666666666667, 32.96666666666667, 32.96666666666667, 32.983333333333334, 32.98888888888889, 32.97222222222222, 32.96111111111111, 32.97222222222222, 32.983333333333334, 32.983333333333334, 32.98888888888889, 32.98888888888889, 32.97222222222222, 32.97222222222222, 32.977777777777774, 32.977777777777774, 32.97222222222222, 32.99444444444444, 32.98888888888889, 32.99444444444444, 32.977777777777774, 32.99444444444444, 32.98888888888889, 32.99444444444444, 32.98888888888889, 32.983333333333334, 32.977777777777774, 32.96666666666667, 32.97222222222222, 32.96666666666667, 32.96666666666667, 32.977777777777774, 32.96666666666667, 32.977777777777774, 32.96666666666667, 32.97222222222222, 32.96111111111111, 32.96111111111111, 32.97222222222222, 32.97222222222222, 32.983333333333334, 32.98888888888889, 32.983333333333334, 32.98888888888889, 32.983333333333334, 32.98888888888889, 32.983333333333334, 32.977777777777774, 32.99444444444444, 32.98888888888889, 32.99444444444444, 32.983333333333334, 32.96666666666667, 32.977777777777774, 32.96666666666667, 32.96111111111111, 32.96111111111111, 32.955555555555556, 32.97222222222222, 32.97222222222222, 32.983333333333334, 32.97777777777778, 32.97777777777778, 32.97222222222222, 32.96666666666667, 32.977777777777774, 32.96111111111111, 32.977777777777774, 32.96666666666667, 32.977777777777774, 32.955555555555556, 32.95, 32.955555555555556, 32.97222222222222, 32.977777777777774, 32.97222222222222, 32.97222222222222, 32.96666666666667, 32.977777777777774, 32.97222222222222, 32.96666666666667, 32.98888888888889, 32.99444444444444, 32.98888888888889, 32.977777777777774, 32.98888888888889, 32.98888888888889, 32.98888888888889, 32.99444444444444, 32.99444444444444, 32.983333333333334, 32.983333333333334, 32.983333333333334, 32.96666666666667, 32.96666666666667, 32.95, 32.955555555555556, 32.96666666666667, 32.97222222222222, 32.977777777777774, 32.977777777777774, 32.983333333333334, 32.977777777777774, 32.983333333333334, 32.98888888888889, 32.98888888888889, 32.983333333333334, 32.977777777777774, 32.983333333333334, 32.983333333333334, 32.977777777777774, 32.983333333333334, 32.983333333333334, 32.977777777777774, 32.97222222222222, 32.97222222222222, 32.97222222222222, 32.97222222222222, 32.97222222222222, 32.96666666666667, 32.96666666666667, 32.97222222222222, 32.977777777777774, 32.977777777777774, 32.977777777777774, 32.97222222222222, 32.977777777777774, 32.97222222222222, 32.97222222222222, 32.955555555555556, 32.95, 32.955555555555556, 32.96111111111111, 32.96111111111111, 32.93888888888889, 32.95, 32.955555555555556, 32.96666666666667, 32.96666666666667, 32.96111111111111, 32.97222222222222, 32.977777777777774, 32.97222222222222, 32.977777777777774, 32.977777777777774, 32.977777777777774, 32.97222222222222, 32.97222222222222, 32.96666666666667, 32.96666666666667, 32.95, 32.977777777777774, 32.97222222222222, 32.977777777777774, 32.97222222222222, 32.977777777777774, 32.97222222222222, 32.96666666666667, 32.96666666666667, 32.97222222222222, 32.98888888888889, 32.98888888888889, 32.977777777777774, 32.977777777777774, 32.977777777777774, 32.983333333333334, 32.977777777777774, 32.97222222222222, 32.96111111111111, 32.977777777777774, 32.977777777777774, 32.983333333333334, 32.983333333333334, 32.983333333333334, 32.98888888888889, 32.98888888888889, 32.977777777777774, 32.97222222222222, 32.977777777777774, 32.97222222222222, 32.96666666666667, 32.96111111111111, 32.955555555555556, 32.97222222222222, 32.96111111111111, 32.955555555555556, 32.97222222222222, 32.97222222222222, 32.96666666666667, 32.983333333333334, 32.977777777777774, 32.983333333333334, 32.98888888888889, 32.983333333333334, 32.97222222222222, 32.983333333333334, 32.97222222222222, 32.977777777777774, 32.96666666666667, 32.96111111111111, 32.96666666666667, 32.96666666666667, 32.96666666666667, 32.983333333333334, 32.983333333333334, 32.98888888888889, 32.98888888888889, 32.96666666666667, 32.97222222222222, 32.97222222222222, 32.96666666666667, 32.96111111111111, 32.97222222222222, 32.97222222222222, 32.977777777777774, 32.96666666666667, 32.96666666666667, 32.955555555555556, 32.96111111111111, 32.96111111111111, 32.96666666666667, 32.96111111111111, 32.96111111111111, 32.96666666666667, 32.96666666666667, 32.96111111111111, 32.97222222222222, 32.96666666666667, 32.96111111111111, 32.96666666666667, 32.95, 32.92777777777778, 32.93333333333334, 32.94444444444444, 32.95, 32.94444444444444, 32.95, 32.96111111111111, 32.95, 32.96666666666667, 32.96666666666667, 32.96666666666667, 32.961111111111116, 32.96666666666667, 32.961111111111116, 32.96666666666667, 32.97222222222222, 32.97222222222222, 32.97222222222222, 32.977777777777774, 32.96666666666667, 32.96666666666667, 32.96666666666667, 32.96111111111111, 32.97222222222222, 32.97222222222222, 32.96666666666667, 32.97222222222222, 32.977777777777774, 32.97222222222222, 32.97222222222222, 32.96666666666667, 32.977777777777774, 32.977777777777774, 32.96666666666667, 32.977777777777774, 32.983333333333334, 32.977777777777774, 32.983333333333334, 32.977777777777774, 32.983333333333334, 32.97222222222222, 32.97222222222222, 32.97222222222222, 32.98888888888889, 32.977777777777774, 32.97222222222222, 32.97222222222222, 32.97222222222222, 32.96111111111111, 32.983333333333334, 32.977777777777774, 32.96666666666667, 32.977777777777774, 32.97222222222222, 32.983333333333334, 32.977777777777774, 32.96111111111111, 32.96666666666667, 32.95, 32.955555555555556, 32.96666666666667, 32.96111111111111, 32.96666666666667, 32.955555555555556, 32.95, 32.96666666666667, 32.955555555555556, 32.97222222222222, 32.983333333333334, 32.977777777777774, 32.977777777777774, 32.977777777777774, 32.977777777777774, 32.977777777777774, 32.983333333333334, 32.97222222222222, 32.96111111111111, 32.96111111111111, 32.96666666666667, 32.955555555555556, 32.94444444444444, 32.955555555555556]",0.8571404981877327,0.8629284692970591,33,"[33, 33, 33, 33, 33, 33, 33, 33, 33, 33, 33, 33, 33, 33, 33, 33, 33, 33, 33, 33, 33, 33, 33, 33, 33, 33, 33, 33, 33, 33, 33, 33, 33, 33, 33, 33, 33, 33, 33, 33, 33, 33, 33, 33, 33, 33, 33, 33, 33, 33, 33, 33, 33, 33, 33, 33, 33, 33, 33, 33, 33, 33, 33, 33, 33, 33, 33, 33, 33, 33, 33, 33, 33, 33, 33, 33, 33, 33, 33, 33, 33, 33, 33, 33, 33, 33, 33, 33, 33, 33, 33, 33, 33, 33, 33, 33, 33, 33, 33, 33, 33, 33, 33, 33, 33, 33, 33, 33, 33, 33, 33, 33, 33, 33, 33, 33, 33, 33, 33, 33, 33, 33, 33, 33, 33, 33, 33, 33, 33, 33, 33, 33, 33, 33, 33, 33, 33, 33, 33, 33, 33, 33, 33, 33, 33, 33, 33, 33, 33, 33, 33, 33, 33, 33, 33, 33, 33, 33, 33, 33, 33, 33, 33, 33, 33, 33, 33, 33, 33, 33, 33, 33, 33, 33, 33, 33, 33, 33, 33, 33, 33, 33, 33, 33, 33, 33, 33, 33, 33, 33, 33, 33, 33, 33, 33, 33, 33, 33, 33, 33, 33, 33, 33, 33, 33, 33, 33, 33, 33, 33, 33, 33, 33, 33, 33, 33, 33, 33, 33, 33, 33, 33, 33, 33, 33, 33, 33, 33, 33, 33, 33, 33, 33, 33, 33, 33, 33, 33, 33, 33, 33, 33, 33, 33, 33, 33, 33, 33, 33, 33, 33, 33, 33, 33, 33, 33, 33, 33, 33, 33, 33, 33, 33, 33, 33, 33, 33, 33, 33, 33, 33, 33, 33, 33, 33, 33, 33, 33, 33, 33, 33, 33, 33, 33, 33, 33, 33, 33, 33, 33, 33, 33, 33, 33, 33, 33, 33, 33, 33, 33, 33, 33, 33, 33, 33, 33, 33, 33, 33, 33, 33, 33, 33, 33, 33, 33, 33, 33, 33, 33, 33, 33, 33, 33, 33, 33, 33, 33, 33, 33, 33, 33, 33, 33, 33, 33, 33, 33, 33, 33, 33, 33, 33, 33, 33, 33, 33, 33, 33, 33]",350,"[0.5467100739479065, 0.5044987797737122, 0.47801730036735535, 0.46076297760009766, 0.4489341378211975, 0.440635085105896, 0.4348524212837219, 0.43041977286338806, 0.4271983206272125, 0.42460155487060547, 0.42250359058380127, 0.4206569790840149, 0.4191383719444275, 0.41779446601867676, 0.4166049063205719, 0.41553106904029846, 0.4145967364311218, 0.4136888384819031, 0.4128389358520508, 0.4120369255542755, 0.4112989008426666, 0.41057929396629333, 0.4099028408527374, 0.409246027469635, 0.40862584114074707, 0.40801239013671875, 0.4074389636516571, 0.40688472986221313, 0.4063541293144226, 0.4058534502983093, 0.40532973408699036, 0.40483370423316956, 0.4043439030647278, 0.403859943151474, 0.4034046232700348, 0.40294742584228516, 0.40252599120140076, 0.40212416648864746, 0.4017208218574524, 0.4013013541698456, 0.4009053707122803, 0.40051987767219543, 0.4001447558403015, 0.3997592628002167, 0.3993874788284302, 0.3990502655506134, 0.39869120717048645, 0.39835819602012634, 0.3980209231376648, 0.39770546555519104, 0.3973647356033325, 0.39704036712646484, 0.39674633741378784, 0.3964359164237976, 0.3961206376552582, 0.3958110809326172, 0.39552852511405945, 0.39520224928855896, 0.3948972225189209, 0.39459171891212463, 0.3942930996417999, 0.3939996659755707, 0.39370083808898926, 0.39343470335006714, 0.3931494653224945, 0.3928620517253876, 0.3926057815551758, 0.3923031985759735, 0.39205071330070496, 0.3917423486709595, 0.39144837856292725, 0.39115771651268005, 0.39087429642677307, 0.3906029462814331, 0.39032256603240967, 0.39004915952682495, 0.3897668719291687, 0.38947662711143494, 0.3892001807689667, 0.38892900943756104, 0.38864895701408386, 0.38840168714523315, 0.38814154267311096, 0.3878594636917114, 0.387596994638443, 0.3873259425163269, 0.3870568573474884, 0.3868130147457123, 0.3865387737751007, 0.3862704932689667, 0.38600021600723267, 0.3857536017894745, 0.3854876756668091, 0.3852250576019287, 0.38499686121940613, 0.3847568929195404, 0.38450169563293457, 0.38424983620643616, 0.38397642970085144, 0.38369041681289673, 0.3834245800971985, 0.3831486403942108, 0.38287222385406494, 0.3826083838939667, 0.38232240080833435, 0.382078617811203, 0.38180220127105713, 0.3815325200557709, 0.38126373291015625, 0.3809681236743927, 0.380698561668396, 0.3804547190666199, 0.3801876902580261, 0.37994247674942017, 0.3796520531177521, 0.37935692071914673, 0.37908658385276794, 0.3788085877895355, 0.3785551190376282, 0.37829217314720154, 0.3780261278152466, 0.3777539134025574, 0.37748104333877563, 0.3772042989730835, 0.3769257366657257, 0.37662896513938904, 0.37636277079582214, 0.37606433033943176, 0.37575381994247437, 0.37549418210983276, 0.3752148747444153, 0.37494704127311707, 0.37466564774513245, 0.3743659257888794, 0.37408143281936646, 0.3737582862377167, 0.3734685778617859, 0.37319129705429077, 0.37292230129241943, 0.3726394772529602, 0.3723827302455902, 0.3720877766609192, 0.37179991602897644, 0.3715246617794037, 0.3712320625782013, 0.37092941999435425, 0.37063923478126526, 0.37036341428756714, 0.37006402015686035, 0.3697606325149536, 0.3694649934768677, 0.3691662847995758, 0.36890122294425964, 0.3686172366142273, 0.36832886934280396, 0.36802688241004944, 0.3677261471748352, 0.3674463629722595, 0.36716228723526, 0.3668774664402008, 0.3665812015533447, 0.3662962019443512, 0.3659948706626892, 0.36571064591407776, 0.36539068818092346, 0.3650977611541748, 0.36482155323028564, 0.3645459711551666, 0.3642559051513672, 0.36394527554512024, 0.36364495754241943, 0.36335060000419617, 0.363059401512146, 0.36272552609443665, 0.3624344766139984, 0.3621518015861511, 0.3618197739124298, 0.3614639937877655, 0.36114081740379333, 0.3608301877975464, 0.36050787568092346, 0.36017733812332153, 0.3598882555961609, 0.3595912456512451, 0.35930195450782776, 0.3589744567871094, 0.35863620042800903, 0.358337938785553, 0.3580029606819153, 0.3576853573322296, 0.35736194252967834, 0.3570556938648224, 0.35672542452812195, 0.35637912154197693, 0.35605481266975403, 0.3557099997997284, 0.35538390278816223, 0.3550533652305603, 0.35471126437187195, 0.35441115498542786, 0.35411810874938965, 0.35378071665763855, 0.35345664620399475, 0.35312774777412415, 0.35279229283332825, 0.35247257351875305, 0.3521496653556824, 0.35179969668388367, 0.3514709174633026, 0.3511338531970978, 0.35080116987228394, 0.35046279430389404, 0.35010865330696106, 0.34975120425224304, 0.3494455814361572, 0.34909823536872864, 0.34876057505607605, 0.34840869903564453, 0.3480914235115051, 0.347757488489151, 0.34741154313087463, 0.34706127643585205, 0.34671497344970703, 0.34634771943092346, 0.3460175395011902, 0.34567463397979736, 0.3453388214111328, 0.3449963331222534, 0.344656765460968, 0.3443140387535095, 0.3439558148384094, 0.3435967266559601, 0.34328019618988037, 0.34296607971191406, 0.34264668822288513, 0.34228065609931946, 0.3419431746006012, 0.341609388589859, 0.34129104018211365, 0.34091317653656006, 0.3405897617340088, 0.340243935585022, 0.3399064242839813, 0.33954766392707825, 0.3392370939254761, 0.3389015197753906, 0.3385666310787201, 0.33820122480392456, 0.3378675878047943, 0.33758345246315, 0.33722376823425293, 0.33688628673553467, 0.33656084537506104, 0.3362487554550171, 0.335936963558197, 0.3355984091758728, 0.3352713882923126, 0.33494067192077637, 0.3346230685710907, 0.33426594734191895, 0.3339495062828064, 0.33363065123558044, 0.3333275616168976, 0.3329847455024719, 0.33269795775413513, 0.33241426944732666, 0.3320752680301666, 0.3317100405693054, 0.33138611912727356, 0.3310616612434387, 0.33068642020225525, 0.3303636908531189, 0.3301018476486206, 0.32977524399757385, 0.3294190466403961, 0.32910260558128357, 0.32877403497695923, 0.3284701108932495, 0.3281465470790863, 0.32785022258758545, 0.3275747001171112, 0.3272653818130493, 0.32695215940475464, 0.3266267776489258, 0.32630959153175354, 0.3259936273097992, 0.3257024884223938, 0.32540440559387207, 0.32513973116874695, 0.32478955388069153, 0.32446327805519104, 0.3241594731807709, 0.32386210560798645, 0.32353267073631287, 0.32318314909935, 0.3228621184825897, 0.3225567638874054, 0.3222086727619171, 0.321892648935318, 0.3215845227241516, 0.32130005955696106, 0.3209995925426483, 0.3207506835460663, 0.3204849362373352, 0.32018378376960754, 0.3198779225349426, 0.319572389125824, 0.3193035423755646, 0.3190337121486664, 0.3187547028064728, 0.3184489905834198, 0.31813833117485046, 0.3178374171257019, 0.3175353705883026, 0.3172547519207001, 0.3169794976711273, 0.31669068336486816, 0.31640902161598206, 0.31611350178718567, 0.3158479630947113, 0.3155444860458374, 0.3152633011341095, 0.3150108754634857, 0.31475234031677246, 0.3144923746585846, 0.3142092525959015, 0.3139464855194092, 0.3136835992336273, 0.3134298026561737, 0.3131329119205475, 0.31287017464637756, 0.3126036822795868, 0.31232014298439026, 0.3120464086532593, 0.31177201867103577, 0.31154105067253113, 0.3112909197807312, 0.3110019266605377, 0.31075045466423035, 0.31048962473869324, 0.31023040413856506, 0.30998000502586365, 0.30972757935523987, 0.3094862699508667, 0.3092232048511505, 0.3089483380317688, 0.30869731307029724, 0.3084436357021332, 0.3081948161125183, 0.3079307973384857]",33.0,"[33.0, 33.0, 33.0, 33.0, 33.0, 33.0, 33.0, 33.0, 33.0, 33.0, 33.0, 33.0, 33.0, 33.0, 33.0, 33.0, 33.0, 33.0, 33.0, 33.0, 33.0, 33.0, 33.0, 33.0, 33.0, 33.0, 33.0, 33.0, 33.0, 33.0, 33.0, 33.0, 33.0, 33.0, 33.0, 33.0, 33.0, 33.0, 33.0, 33.0, 33.0, 33.0, 33.0, 33.0, 33.0, 33.0, 33.0, 33.0, 33.0, 33.0, 33.0, 33.0, 33.0, 33.0, 33.0, 33.0, 33.0, 33.0, 33.0, 33.0, 33.0, 33.0, 33.0, 33.0, 33.0, 33.0, 33.0, 33.0, 33.0, 33.0, 33.0, 33.0, 33.0, 33.0, 33.0, 33.0, 33.0, 33.0, 33.0, 33.0, 33.0, 33.0, 33.0, 33.0, 33.0, 33.0, 33.0, 33.0, 33.0, 33.0, 33.0, 33.0, 33.0, 33.0, 33.0, 33.0, 33.0, 33.0, 33.0, 33.0, 33.0, 33.0, 33.0, 33.0, 33.0, 33.0, 33.0, 33.0, 33.0, 33.0, 33.0, 33.0, 33.0, 33.0, 33.0, 33.0, 33.0, 33.0, 33.0, 33.0, 33.0, 33.0, 33.0, 33.0, 33.0, 33.0, 33.0, 33.0, 33.0, 33.0, 33.0, 33.0, 33.0, 33.0, 33.0, 33.0, 33.0, 33.0, 33.0, 33.0, 33.0, 33.0, 33.0, 33.0, 33.0, 33.0, 33.0, 33.0, 33.0, 33.0, 33.0, 33.0, 33.0, 33.0, 33.0, 33.0, 33.0, 33.0, 33.0, 33.0, 33.0, 33.0, 33.0, 33.0, 33.0, 33.0, 33.0, 33.0, 33.0, 33.0, 33.0, 33.0, 33.0, 33.0, 33.0, 33.0, 33.0, 33.0, 33.0, 33.0, 33.0, 33.0, 33.0, 33.0, 33.0, 33.0, 33.0, 33.0, 33.0, 33.0, 33.0, 33.0, 33.0, 33.0, 33.0, 33.0, 33.0, 33.0, 33.0, 33.0, 33.0, 33.0, 33.0, 33.0, 33.0, 33.0, 33.0, 33.0, 33.0, 33.0, 33.0, 33.0, 33.0, 33.0, 33.0, 33.0, 33.0, 33.0, 33.0, 33.0, 33.0, 33.0, 33.0, 33.0, 33.0, 33.0, 33.0, 33.0, 33.0, 33.0, 33.0, 33.0, 33.0, 33.0, 33.0, 33.0, 33.0, 33.0, 33.0, 33.0, 33.0, 33.0, 33.0, 33.0, 33.0, 33.0, 33.0, 33.0, 33.0, 33.0, 33.0, 33.0, 33.0, 33.0, 33.0, 33.0, 33.0, 33.0, 33.0, 33.0, 33.0, 33.0, 33.0, 33.0, 33.0, 33.0, 33.0, 33.0, 33.0, 33.0, 33.0, 33.0, 33.0, 33.0, 33.0, 33.0, 33.0, 33.0, 33.0, 33.0, 33.0, 33.0, 33.0, 33.0, 33.0, 33.0, 33.0, 33.0, 33.0, 33.0, 33.0, 33.0, 33.0, 33.0, 33.0, 33.0, 33.0, 33.0, 33.0, 33.0, 33.0, 33.0, 33.0, 33.0, 33.0, 33.0, 33.0, 33.0, 33.0, 33.0, 33.0, 33.0, 33.0, 33.0, 33.0, 33.0, 33.0, 33.0, 33.0, 33.0, 33.0, 33.0, 33.0, 33.0, 33.0, 33.0, 33.0, 33.0, 33.0, 33.0, 33.0, 33.0, 33.0, 33.0, 33.0, 33.0, 33.0, 33.0, 33.0, 33.0, 33.0, 33.0, 33.0, 33.0, 33.0, 33.0, 33.0, 33.0, 33.0, 33.0]",COMPLETE
