,number,value,datetime_start,datetime_complete,duration,params_batch_size_scaler,params_constant_learning_rate,params_depth,params_epochs,params_kernel_l2,params_num_trees,params_temperature,user_attrs_accuracy_test,user_attrs_accuracy_valid,user_attrs_approximate_feature_sparsity,user_attrs_approximate_feature_sparsity_history,user_attrs_approximate_weight_sparsity,user_attrs_approximate_weight_sparsity_history,user_attrs_auc_test,user_attrs_auc_valid,user_attrs_feature_sparsity,user_attrs_feature_sparsity_history,user_attrs_num_epochs,user_attrs_val_loss_history,user_attrs_weight_sparsity,user_attrs_weight_sparsity_history,state
44,44,0.8439540905050816,2024-08-31 02:19:07.284258,2024-08-31 02:21:20.964221,0 days 00:02:13.679963,16,0.04987477833292895,5,495,0.8070772657583994,35,0.05186149556408705,0.888,0.8825,33,"[33, 33, 33, 33, 33, 33, 33, 33, 33, 33, 33, 33, 33, 33, 33, 33, 33, 33, 33, 33, 33, 33, 33, 33, 33, 33, 33, 33, 33, 33, 33, 33, 33, 33, 33, 33, 33, 33, 33, 33, 33, 33, 33, 33, 33, 33, 33, 33, 33, 33, 33, 33, 33, 33, 33, 33, 33, 33, 33, 33, 33, 33, 33, 33, 33, 33, 33, 33, 33, 33, 33, 33, 33, 33, 33, 33, 33, 33, 33, 33, 33, 33, 33, 33, 33, 33, 33, 33, 33, 33, 33, 33, 33, 33, 33, 33, 33, 33, 33, 33, 33, 33, 33, 33, 33, 33, 33, 33, 33, 33, 33, 33, 33, 33, 33, 33, 33, 33, 33, 33, 33, 33, 33, 33, 33, 33, 33, 33, 33, 33, 33, 33, 33, 33, 33, 33, 33, 33, 33, 33, 33, 33, 33, 33, 33, 33, 33, 33, 33, 33, 33, 33, 33, 33, 33, 33, 33, 33, 33, 33, 33, 33, 33, 33, 33, 33, 33, 33, 33, 33, 33, 33, 33, 33, 33, 33, 33, 33, 33, 33, 33, 33, 33, 33, 33, 33, 33, 33, 33, 33, 33, 33, 33, 33, 33, 33, 33, 33, 33, 33, 33, 33, 33, 33, 33, 33, 33, 33, 33, 33, 33, 33, 33, 33, 33, 33, 33, 33, 33, 33, 33, 33, 33, 33, 33, 33, 33, 33, 33, 33, 33, 33, 33, 33, 33, 33, 33, 33, 33, 33, 33, 33, 33, 33, 33, 33, 33, 33, 33, 33, 33, 33, 33, 33, 33, 33, 33, 33, 33, 33, 33, 33, 33, 33, 33, 33, 33, 33, 33, 33, 33, 33, 33, 33, 33, 33, 33, 33, 33, 33, 33, 33, 33, 33, 33, 33, 33, 33, 33, 33, 33, 33, 33, 33, 33, 33, 33, 33, 33, 33, 33, 33, 33, 33, 33, 33, 33, 33, 33, 33, 33, 33, 33, 33, 33, 33, 33, 33, 33, 33, 33, 33, 33, 33, 33, 33, 33, 33, 33, 33, 33, 33, 33, 33, 33, 33, 33, 33, 33, 33, 33, 33, 33, 33, 33, 33, 33, 33, 33, 33, 33, 33, 33, 33, 33, 33, 33, 33, 33, 33, 33, 33, 33, 33, 33, 33, 33, 33, 33, 33, 33, 33, 33, 33, 33, 33, 33, 33, 33, 33, 33, 33, 33, 33, 33, 33, 33, 33, 33, 33, 33, 33, 33, 33, 33, 33, 33, 33, 33, 33, 33, 33, 33, 33, 33, 33, 33, 33, 33, 33, 33, 33, 33, 33, 33, 33, 33, 33, 33, 33, 33, 33, 33, 33, 33, 33, 33, 33, 33, 33, 33, 33, 33, 33, 33, 33, 33, 33, 33, 33, 33, 33, 33, 33, 33, 33, 33, 33, 33, 33, 33, 33, 33, 33, 33, 33, 33, 33, 33, 33, 33, 33, 33, 33, 33, 33, 33, 33, 33, 33, 33, 33, 33, 33, 33, 33, 33, 33, 33, 33, 33, 33, 33, 33, 33, 33, 33, 33, 33, 33, 33, 33, 33, 33, 33]",32.935483870967744,"[32.95944700460829, 32.963133640552996, 32.95944700460829, 32.96497695852535, 32.95944700460829, 32.96497695852535, 32.95944700460829, 32.96036866359447, 32.95299539170507, 32.952073732718894, 32.952073732718894, 32.944700460829495, 32.95023041474654, 32.93824884792627, 32.94285714285714, 32.94930875576037, 32.94930875576037, 32.952073732718894, 32.95668202764977, 32.96497695852535, 32.95944700460829, 32.96036866359447, 32.94562211981567, 32.953917050691246, 32.952073732718894, 32.95852534562212, 32.95760368663594, 32.9557603686636, 32.94838709677419, 32.94746543778802, 32.95483870967742, 32.951152073732715, 32.95760368663595, 32.95115207373272, 32.94838709677419, 32.95023041474654, 32.94746543778802, 32.951152073732715, 32.952073732718894, 32.952995391705066, 32.95576036866359, 32.94377880184332, 32.944700460829495, 32.941935483870964, 32.94930875576037, 32.94930875576037, 32.94285714285714, 32.94562211981567, 32.9483870967742, 32.953917050691246, 32.95668202764977, 32.95483870967742, 32.952995391705066, 32.953917050691246, 32.952995391705066, 32.952995391705066, 32.953917050691246, 32.94746543778802, 32.94654377880184, 32.944700460829495, 32.95115207373272, 32.94930875576037, 32.9557603686636, 32.952073732718894, 32.952073732718894, 32.95576036866359, 32.952995391705066, 32.94930875576037, 32.94654377880184, 32.953917050691246, 32.94930875576037, 32.94285714285714, 32.94746543778802, 32.94838709677419, 32.94930875576037, 32.95115207373272, 32.95760368663594, 32.95299539170507, 32.952995391705066, 32.954838709677425, 32.953917050691246, 32.94930875576037, 32.951152073732715, 32.95483870967742, 32.95483870967742, 32.95483870967742, 32.95023041474654, 32.9483870967742, 32.951152073732715, 32.94930875576037, 32.94746543778802, 32.951152073732715, 32.95023041474654, 32.95023041474654, 32.95115207373272, 32.95115207373272, 32.95023041474655, 32.944700460829495, 32.94285714285715, 32.94930875576037, 32.944700460829495, 32.94930875576037, 32.94746543778802, 32.94562211981567, 32.94930875576037, 32.943778801843315, 32.9483870967742, 32.94746543778802, 32.94746543778802, 32.95115207373272, 32.95576036866359, 32.952073732718894, 32.95483870967742, 32.95483870967742, 32.952073732718894, 32.952073732718894, 32.953917050691246, 32.9557603686636, 32.95576036866359, 32.95852534562212, 32.95760368663595, 32.954838709677425, 32.95668202764977, 32.95668202764977, 32.95760368663594, 32.95668202764977, 32.95852534562212, 32.95668202764977, 32.95299539170507, 32.95023041474654, 32.95668202764977, 32.95668202764977, 32.9594470046083, 32.95852534562212, 32.95852534562212, 32.95483870967742, 32.95668202764977, 32.95668202764977, 32.952073732718894, 32.95023041474654, 32.9483870967742, 32.94562211981567, 32.952073732718894, 32.95299539170507, 32.95115207373272, 32.94930875576037, 32.95023041474654, 32.953917050691246, 32.95299539170507, 32.953917050691246, 32.95483870967742, 32.952995391705066, 32.952073732718894, 32.94930875576037, 32.95207373271889, 32.95483870967742, 32.952995391705066, 32.9557603686636, 32.9557603686636, 32.95115207373272, 32.95115207373272, 32.94746543778802, 32.94746543778802, 32.944700460829495, 32.94009216589862, 32.93824884792627, 32.93824884792627, 32.9483870967742, 32.94838709677419, 32.95023041474654, 32.951152073732715, 32.95023041474654, 32.944700460829495, 32.94101382488479, 32.934562211981564, 32.9483870967742, 32.94838709677419, 32.95023041474654, 32.95023041474654, 32.94838709677419, 32.95115207373272, 32.944700460829495, 32.94377880184332, 32.944700460829495, 32.946543778801846, 32.94562211981567, 32.94746543778802, 32.9483870967742, 32.945622119815674, 32.94746543778802, 32.94562211981567, 32.94193548387097, 32.94746543778802, 32.95023041474654, 32.95299539170507, 32.95576036866359, 32.9557603686636, 32.962211981566824, 32.95944700460829, 32.95668202764977, 32.953917050691246, 32.953917050691246, 32.95760368663595, 32.95115207373272, 32.94562211981567, 32.94654377880184, 32.94562211981567, 32.943778801843315, 32.94009216589862, 32.944700460829495, 32.946543778801846, 32.95115207373272, 32.95023041474654, 32.9483870967742, 32.94654377880184, 32.95299539170507, 32.95483870967742, 32.95668202764977, 32.95023041474654, 32.951152073732715, 32.952073732718894, 32.952073732718894, 32.952073732718894, 32.94930875576037, 32.94377880184332, 32.94930875576037, 32.94930875576037, 32.94654377880184, 32.944700460829495, 32.94838709677419, 32.94930875576037, 32.944700460829495, 32.942857142857136, 32.942857142857136, 32.944700460829495, 32.95023041474654, 32.94746543778802, 32.94930875576037, 32.95115207373272, 32.952073732718894, 32.94930875576037, 32.94746543778802, 32.94930875576037, 32.94838709677419, 32.94838709677419, 32.9483870967742, 32.95299539170507, 32.94930875576037, 32.94285714285714, 32.93824884792627, 32.93917050691245, 32.946543778801846, 32.945622119815674, 32.94562211981567, 32.95115207373272, 32.94838709677419, 32.95023041474654, 32.95023041474654, 32.94654377880184, 32.941935483870964, 32.93732718894009, 32.94562211981567, 32.93917050691244, 32.93824884792627, 32.934562211981564, 32.937327188940095, 32.94193548387097, 32.93917050691244, 32.93824884792627, 32.93824884792627, 32.93824884792627, 32.93732718894009, 32.936405529953916, 32.93364055299539, 32.934562211981564, 32.93917050691244, 32.935483870967744, 32.92903225806452, 32.93271889400922, 32.92626728110599, 32.93179723502304, 32.93548387096774, 32.94101382488479, 32.93824884792627, 32.93364055299539, 32.936405529953916, 32.937327188940095, 32.935483870967744, 32.936405529953916, 32.93917050691244, 32.94101382488479, 32.94009216589862, 32.93364055299539, 32.93179723502304, 32.93364055299539, 32.93087557603687, 32.92626728110599, 32.92258064516129, 32.92534562211981, 32.92903225806452, 32.93456221198157, 32.934562211981564, 32.92903225806452, 32.92534562211981, 32.927188940092165, 32.93271889400922, 32.93271889400921, 32.93179723502304, 32.936405529953916, 32.93917050691244, 32.94101382488479, 32.943778801843315, 32.94193548387097, 32.936405529953916, 32.93917050691244, 32.93179723502304, 32.93917050691245, 32.936405529953916, 32.93364055299539, 32.93179723502304, 32.937327188940095, 32.936405529953916, 32.94193548387097, 32.93917050691245, 32.943778801843315, 32.94285714285714, 32.94193548387097, 32.94193548387097, 32.94285714285714, 32.93917050691244, 32.941935483870964, 32.94285714285714, 32.94101382488479, 32.93824884792627, 32.93917050691245, 32.93824884792627, 32.93917050691244, 32.94009216589862, 32.93179723502304, 32.93087557603686, 32.92903225806452, 32.92903225806452, 32.93271889400922, 32.93271889400922, 32.93364055299539, 32.93364055299539, 32.94009216589862, 32.94193548387097, 32.94285714285714, 32.944700460829495, 32.94654377880184, 32.951152073732715, 32.95023041474654, 32.951152073732715, 32.952073732718894, 32.94930875576037, 32.952073732718894, 32.94746543778802, 32.944700460829495, 32.94654377880184, 32.951152073732715, 32.952995391705066, 32.951152073732715, 32.9483870967742, 32.9483870967742, 32.94377880184332, 32.94377880184332, 32.94101382488479, 32.94193548387097, 32.943778801843315, 32.94193548387097, 32.943778801843315, 32.94009216589862, 32.936405529953916, 32.934562211981564, 32.93364055299539, 32.92903225806452, 32.92995391705069, 32.93087557603687, 32.934562211981564, 32.93548387096774, 32.936405529953916, 32.93917050691245, 32.94009216589862, 32.93824884792627, 32.934562211981564, 32.934562211981564, 32.93179723502304, 32.93824884792627, 32.94101382488479, 32.93917050691244, 32.93364055299539, 32.93456221198157, 32.93456221198157, 32.93917050691244, 32.936405529953916, 32.93179723502304, 32.93179723502304, 32.93179723502304, 32.928110599078344, 32.92903225806452, 32.92534562211982, 32.92258064516129, 32.91244239631337, 32.91612903225806, 32.92073732718894, 32.92626728110599, 32.927188940092165, 32.93179723502304, 32.93179723502304, 32.93087557603687, 32.93087557603686, 32.93179723502304, 32.936405529953916, 32.937327188940095, 32.935483870967744, 32.935483870967744, 32.937327188940095, 32.93917050691244, 32.93824884792626, 32.93917050691244, 32.944700460829495, 32.952995391705066, 32.952073732718894, 32.952073732718894, 32.94930875576037, 32.94562211981567, 32.943778801843315, 32.94562211981567, 32.944700460829495, 32.941935483870964, 32.941935483870964, 32.94101382488479, 32.93917050691244, 32.93917050691244, 32.93917050691245, 32.94009216589862, 32.935483870967744, 32.944700460829495, 32.943778801843315, 32.94285714285714, 32.94193548387097, 32.946543778801846, 32.94746543778802, 32.95115207373272, 32.94930875576037, 32.94285714285714, 32.94101382488479, 32.93917050691245, 32.94285714285714, 32.941935483870964, 32.94377880184332, 32.94377880184332, 32.937327188940095, 32.93271889400922, 32.92995391705069, 32.92534562211981, 32.92811059907834, 32.92811059907834, 32.93087557603687, 32.92258064516129, 32.92626728110599, 32.93364055299539, 32.935483870967744, 32.936405529953916, 32.93732718894009, 32.94101382488479, 32.93732718894009, 32.93917050691244, 32.936405529953916, 32.936405529953916, 32.935483870967744, 32.93271889400922, 32.92995391705069, 32.92903225806452, 32.92626728110599, 32.92258064516129, 32.92073732718894, 32.918894009216594, 32.91520737327189, 32.917050691244235, 32.919815668202766, 32.91981566820276, 32.92258064516129, 32.92350230414746, 32.92258064516129, 32.92258064516129, 32.92626728110599, 32.92442396313364, 32.92442396313364, 32.927188940092165, 32.92350230414746, 32.92903225806452, 32.936405529953916, 32.935483870967744]",0.8482731858750485,0.8439540905050816,33,"[33, 33, 33, 33, 33, 33, 33, 33, 33, 33, 33, 33, 33, 33, 33, 33, 33, 33, 33, 33, 33, 33, 33, 33, 33, 33, 33, 33, 33, 33, 33, 33, 33, 33, 33, 33, 33, 33, 33, 33, 33, 33, 33, 33, 33, 33, 33, 33, 33, 33, 33, 33, 33, 33, 33, 33, 33, 33, 33, 33, 33, 33, 33, 33, 33, 33, 33, 33, 33, 33, 33, 33, 33, 33, 33, 33, 33, 33, 33, 33, 33, 33, 33, 33, 33, 33, 33, 33, 33, 33, 33, 33, 33, 33, 33, 33, 33, 33, 33, 33, 33, 33, 33, 33, 33, 33, 33, 33, 33, 33, 33, 33, 33, 33, 33, 33, 33, 33, 33, 33, 33, 33, 33, 33, 33, 33, 33, 33, 33, 33, 33, 33, 33, 33, 33, 33, 33, 33, 33, 33, 33, 33, 33, 33, 33, 33, 33, 33, 33, 33, 33, 33, 33, 33, 33, 33, 33, 33, 33, 33, 33, 33, 33, 33, 33, 33, 33, 33, 33, 33, 33, 33, 33, 33, 33, 33, 33, 33, 33, 33, 33, 33, 33, 33, 33, 33, 33, 33, 33, 33, 33, 33, 33, 33, 33, 33, 33, 33, 33, 33, 33, 33, 33, 33, 33, 33, 33, 33, 33, 33, 33, 33, 33, 33, 33, 33, 33, 33, 33, 33, 33, 33, 33, 33, 33, 33, 33, 33, 33, 33, 33, 33, 33, 33, 33, 33, 33, 33, 33, 33, 33, 33, 33, 33, 33, 33, 33, 33, 33, 33, 33, 33, 33, 33, 33, 33, 33, 33, 33, 33, 33, 33, 33, 33, 33, 33, 33, 33, 33, 33, 33, 33, 33, 33, 33, 33, 33, 33, 33, 33, 33, 33, 33, 33, 33, 33, 33, 33, 33, 33, 33, 33, 33, 33, 33, 33, 33, 33, 33, 33, 33, 33, 33, 33, 33, 33, 33, 33, 33, 33, 33, 33, 33, 33, 33, 33, 33, 33, 33, 33, 33, 33, 33, 33, 33, 33, 33, 33, 33, 33, 33, 33, 33, 33, 33, 33, 33, 33, 33, 33, 33, 33, 33, 33, 33, 33, 33, 33, 33, 33, 33, 33, 33, 33, 33, 33, 33, 33, 33, 33, 33, 33, 33, 33, 33, 33, 33, 33, 33, 33, 33, 33, 33, 33, 33, 33, 33, 33, 33, 33, 33, 33, 33, 33, 33, 33, 33, 33, 33, 33, 33, 33, 33, 33, 33, 33, 33, 33, 33, 33, 33, 33, 33, 33, 33, 33, 33, 33, 33, 33, 33, 33, 33, 33, 33, 33, 33, 33, 33, 33, 33, 33, 33, 33, 33, 33, 33, 33, 33, 33, 33, 33, 33, 33, 33, 33, 33, 33, 33, 33, 33, 33, 33, 33, 33, 33, 33, 33, 33, 33, 33, 33, 33, 33, 33, 33, 33, 33, 33, 33, 33, 33, 33, 33, 33, 33, 33, 33, 33, 33, 33, 33, 33, 33, 33, 33, 33, 33, 33, 33, 33, 33, 33, 33, 33, 33, 33, 33, 33, 33, 33, 33, 33, 33, 33]",495,"[0.5704300403594971, 0.5127339363098145, 0.4839916229248047, 0.46821925044059753, 0.45916977524757385, 0.4534984529018402, 0.44955161213874817, 0.4467385411262512, 0.44466742873191833, 0.4429435431957245, 0.44147610664367676, 0.44016021490097046, 0.4390544891357422, 0.4379670321941376, 0.43696334958076477, 0.4360484182834625, 0.4351538419723511, 0.4343104660511017, 0.43350356817245483, 0.4326949417591095, 0.43193304538726807, 0.4312228858470917, 0.4305081069469452, 0.42981764674186707, 0.42913758754730225, 0.4284966289997101, 0.42786937952041626, 0.4272381663322449, 0.42666831612586975, 0.4260867238044739, 0.4255506098270416, 0.42505303025245667, 0.42452487349510193, 0.42401614785194397, 0.4235451817512512, 0.42306163907051086, 0.4225984513759613, 0.4221569299697876, 0.42171040177345276, 0.4212805926799774, 0.42083629965782166, 0.4204179346561432, 0.41999855637550354, 0.41961565613746643, 0.41923442482948303, 0.4188605546951294, 0.4184783101081848, 0.4181039333343506, 0.4177493751049042, 0.4174076020717621, 0.41703614592552185, 0.416670024394989, 0.4163491129875183, 0.4160047471523285, 0.4157026708126068, 0.41540127992630005, 0.4150673747062683, 0.41475191712379456, 0.41444873809814453, 0.41415637731552124, 0.41385918855667114, 0.413578599691391, 0.4132826626300812, 0.4129728674888611, 0.4126855134963989, 0.4124346077442169, 0.4121330678462982, 0.41185200214385986, 0.4115890562534332, 0.41129928827285767, 0.41103774309158325, 0.4107767939567566, 0.4105297327041626, 0.41028058528900146, 0.4100097715854645, 0.4097641110420227, 0.40947139263153076, 0.4092229902744293, 0.40897148847579956, 0.40871521830558777, 0.4084812104701996, 0.4082387089729309, 0.40798869729042053, 0.4077356457710266, 0.4075019359588623, 0.40726959705352783, 0.40704020857810974, 0.40678831934928894, 0.40655407309532166, 0.40634575486183167, 0.4060959219932556, 0.405879408121109, 0.40564605593681335, 0.4053989350795746, 0.4051781892776489, 0.4049452841281891, 0.4047187864780426, 0.4044918715953827, 0.4042638838291168, 0.40403321385383606, 0.40380558371543884, 0.40359729528427124, 0.4033949673175812, 0.40317872166633606, 0.40293270349502563, 0.40269050002098083, 0.4024606943130493, 0.40223994851112366, 0.4020185172557831, 0.4018000662326813, 0.40159469842910767, 0.4013819396495819, 0.4011823236942291, 0.4009816348552704, 0.40075814723968506, 0.4005213677883148, 0.40031325817108154, 0.4001232981681824, 0.39991217851638794, 0.39970099925994873, 0.399496853351593, 0.39930278062820435, 0.3991168737411499, 0.39890220761299133, 0.3987008035182953, 0.39847609400749207, 0.39829006791114807, 0.3980945348739624, 0.39788419008255005, 0.39768069982528687, 0.3974686563014984, 0.39724892377853394, 0.3970615267753601, 0.3968515694141388, 0.39662888646125793, 0.3964257538318634, 0.3962097465991974, 0.3960103988647461, 0.39583274722099304, 0.3956787884235382, 0.39548277854919434, 0.3952888250350952, 0.39510712027549744, 0.39490410685539246, 0.3947042226791382, 0.39449912309646606, 0.3942989110946655, 0.3940775394439697, 0.39388906955718994, 0.39368996024131775, 0.3934735059738159, 0.3932858407497406, 0.3930838406085968, 0.39288437366485596, 0.39271533489227295, 0.3924947679042816, 0.392302542924881, 0.3921085596084595, 0.39191338419914246, 0.3917125463485718, 0.3915020227432251, 0.39131638407707214, 0.3911236822605133, 0.3909328579902649, 0.3907544016838074, 0.39055344462394714, 0.3903416693210602, 0.39013347029685974, 0.38993415236473083, 0.3897819519042969, 0.3896130323410034, 0.3894311189651489, 0.38923701643943787, 0.38905203342437744, 0.3888477683067322, 0.38864752650260925, 0.38845524191856384, 0.38825497031211853, 0.38806816935539246, 0.3879072070121765, 0.38771671056747437, 0.3875267505645752, 0.38734614849090576, 0.38715869188308716, 0.38699015974998474, 0.38681724667549133, 0.3866320550441742, 0.3864172697067261, 0.3862369656562805, 0.38604697585105896, 0.38587477803230286, 0.3856871426105499, 0.38551151752471924, 0.38535159826278687, 0.3851502537727356, 0.3849810063838959, 0.3848029375076294, 0.38461676239967346, 0.38444527983665466, 0.38425981998443604, 0.38408005237579346, 0.3838857412338257, 0.3836885392665863, 0.38349997997283936, 0.38333481550216675, 0.38313308358192444, 0.3829347491264343, 0.3827347159385681, 0.38255760073661804, 0.38238513469696045, 0.38219061493873596, 0.38200539350509644, 0.38183295726776123, 0.3816555440425873, 0.3814812898635864, 0.3812910318374634, 0.3811527490615845, 0.3809525966644287, 0.3807600140571594, 0.3805730938911438, 0.38040074706077576, 0.380217045545578, 0.38002222776412964, 0.37984782457351685, 0.37964722514152527, 0.3795054256916046, 0.37931907176971436, 0.3791532814502716, 0.37898677587509155, 0.3788028061389923, 0.37865501642227173, 0.37846240401268005, 0.3783036470413208, 0.37811487913131714, 0.3779238760471344, 0.377756804227829, 0.37755438685417175, 0.3773956000804901, 0.3772555887699127, 0.37708592414855957, 0.3768945634365082, 0.37671878933906555, 0.37655937671661377, 0.37636852264404297, 0.3761960566043854, 0.3760106563568115, 0.3758496344089508, 0.3756800591945648, 0.37545785307884216, 0.3752859830856323, 0.3751073181629181, 0.3749507963657379, 0.3747723400592804, 0.3745870590209961, 0.37443119287490845, 0.3742333948612213, 0.3740580081939697, 0.37386855483055115, 0.37369486689567566, 0.37354907393455505, 0.3733494281768799, 0.37315747141838074, 0.37296637892723083, 0.37279608845710754, 0.37261486053466797, 0.3724425137042999, 0.37226155400276184, 0.3721141517162323, 0.3719130754470825, 0.37176549434661865, 0.3715780973434448, 0.3713856041431427, 0.37115931510925293, 0.3709585666656494, 0.3707788586616516, 0.3706188201904297, 0.3704601228237152, 0.370290607213974, 0.3701442778110504, 0.37000128626823425, 0.3698163628578186, 0.36959853768348694, 0.36943161487579346, 0.3692739009857178, 0.3691040277481079, 0.36893752217292786, 0.36872729659080505, 0.36853358149528503, 0.36839279532432556, 0.36820101737976074, 0.36800429224967957, 0.3678317368030548, 0.3676171898841858, 0.3674299120903015, 0.3672477602958679, 0.367035835981369, 0.3668968975543976, 0.36671382188796997, 0.3665519952774048, 0.36638695001602173, 0.36619216203689575, 0.36602264642715454, 0.3658123314380646, 0.3656335473060608, 0.3654349446296692, 0.3652130365371704, 0.36500251293182373, 0.36482688784599304, 0.36465921998023987, 0.36450839042663574, 0.36430808901786804, 0.36415112018585205, 0.3639580011367798, 0.3637530505657196, 0.3635729253292084, 0.3633860647678375, 0.36321282386779785, 0.3630349338054657, 0.36284178495407104, 0.3626682758331299, 0.36249732971191406, 0.3623146712779999, 0.36213910579681396, 0.361979216337204, 0.3618214726448059, 0.36165115237236023, 0.3614503741264343, 0.3612521290779114, 0.36104491353034973, 0.3608494997024536, 0.36067432165145874, 0.36049267649650574, 0.3603017330169678, 0.36014825105667114, 0.35995614528656006, 0.3597586750984192, 0.359569787979126, 0.3593759834766388, 0.35915887355804443, 0.35898876190185547, 0.35880669951438904, 0.3586348593235016, 0.35848158597946167, 0.35827961564064026, 0.3580760061740875, 0.3578757345676422, 0.35772061347961426, 0.3575185537338257, 0.35733506083488464, 0.35715973377227783, 0.3569614291191101, 0.35677024722099304, 0.3565864861011505, 0.3564011752605438, 0.3561737835407257, 0.35597750544548035, 0.355774462223053, 0.3555786609649658, 0.3554152548313141, 0.35521388053894043, 0.3550161123275757, 0.3548378348350525, 0.3546443283557892, 0.35448044538497925, 0.35427165031433105, 0.3540882170200348, 0.35389208793640137, 0.35372284054756165, 0.35350722074508667, 0.35330823063850403, 0.35307514667510986, 0.3528791666030884, 0.352