,number,value,datetime_start,datetime_complete,duration,params_batch_size_scaler,params_constant_learning_rate,params_depth,params_epochs,params_kernel_l2,params_num_trees,params_temperature,user_attrs_accuracy_test,user_attrs_accuracy_valid,user_attrs_approximate_feature_sparsity,user_attrs_approximate_feature_sparsity_history,user_attrs_approximate_weight_sparsity,user_attrs_approximate_weight_sparsity_history,user_attrs_auc_test,user_attrs_auc_valid,user_attrs_feature_sparsity,user_attrs_feature_sparsity_history,user_attrs_num_epochs,user_attrs_val_loss_history,user_attrs_weight_sparsity,user_attrs_weight_sparsity_history,state
93,93,0.9321533923303835,2024-08-31 04:10:59.487868,2024-08-31 04:12:00.826364,0 days 00:01:01.338496,1,0.2671574879880525,2,80,0.009790415131886504,83,0.02764651703410065,0.948,0.95,27,"[32, 32, 29, 28, 28, 27, 27, 27, 27, 27, 27, 27, 27, 27, 27, 27, 27, 27, 27, 27, 27, 27, 27, 27, 27, 27, 27, 27, 27, 27, 27, 27, 27, 27, 27, 27, 27, 27, 27, 27, 27, 27, 27, 27, 27, 27, 27, 27, 27, 27, 27, 27, 27, 27, 27, 27, 27, 27, 27, 27, 27, 27, 27, 27, 27, 27, 27, 27, 27, 27, 27, 27, 27, 27, 27, 27, 27, 27, 27, 27]",26.987951807228917,"[31.971887550200805, 31.983935742971887, 28.983935742971887, 27.99598393574297, 27.991967871485944, 26.987951807228917, 26.983935742971887, 26.983935742971887, 26.97590361445783, 26.967871485943775, 26.991967871485944, 26.987951807228917, 26.987951807228917, 26.971887550200805, 26.99598393574297, 26.983935742971887, 26.97590361445783, 26.983935742971887, 26.97590361445783, 26.983935742971887, 26.979919678714857, 26.983935742971887, 26.979919678714857, 26.987951807228917, 26.979919678714857, 26.967871485943775, 26.99598393574297, 26.979919678714857, 26.983935742971887, 26.979919678714857, 26.979919678714857, 26.983935742971887, 26.979919678714857, 26.987951807228917, 26.97590361445783, 26.979919678714857, 26.979919678714857, 26.979919678714857, 26.983935742971887, 26.983935742971887, 26.991967871485944, 26.991967871485944, 26.987951807228917, 26.983935742971887, 26.983935742971887, 26.983935742971887, 26.983935742971887, 26.99598393574297, 26.971887550200805, 26.97590361445783, 26.987951807228917, 26.983935742971887, 26.983935742971887, 26.991967871485944, 26.991967871485944, 26.987951807228917, 26.97590361445783, 26.987951807228917, 26.987951807228917, 26.979919678714857, 26.97590361445783, 26.95983935742972, 26.983935742971887, 26.971887550200805, 26.971887550200805, 26.983935742971887, 26.99598393574297, 26.991967871485944, 26.983935742971887, 26.983935742971887, 26.983935742971887, 26.99598393574297, 26.983935742971887, 26.983935742971887, 26.979919678714857, 26.979919678714857, 26.97590361445783, 26.979919678714857, 26.983935742971887, 26.987951807228917]",0.9020384910707652,0.9321533923303835,27,"[32, 32, 29, 28, 28, 27, 27, 27, 27, 27, 27, 27, 27, 27, 27, 27, 27, 27, 27, 27, 27, 27, 27, 27, 27, 27, 27, 27, 27, 27, 27, 27, 27, 27, 27, 27, 27, 27, 27, 27, 27, 27, 27, 27, 27, 27, 27, 27, 27, 27, 27, 27, 27, 27, 27, 27, 27, 27, 27, 27, 27, 27, 27, 27, 27, 27, 27, 27, 27, 27, 27, 27, 27, 27, 27, 27, 27, 27, 27, 27]",80,"[0.4079141318798065, 0.3616989850997925, 0.2775944769382477, 0.27980148792266846, 0.2377866506576538, 0.24160785973072052, 0.27824077010154724, 0.21271495521068573, 0.19966089725494385, 0.19974301755428314, 0.20932088792324066, 0.20549851655960083, 0.20429126918315887, 0.20632526278495789, 0.22059878706932068, 0.20243486762046814, 0.2437884658575058, 0.19529388844966888, 0.17926102876663208, 0.1867130845785141, 0.19301442801952362, 0.19526557624340057, 0.1736290156841278, 0.1950744390487671, 0.18563762307167053, 0.17680446803569794, 0.18710047006607056, 0.18240265548229218, 0.18295498192310333, 0.19512209296226501, 0.19023390114307404, 0.18215574324131012, 0.2829255163669586, 0.20130468904972076, 0.1890600025653839, 0.19851453602313995, 0.17416049540042877, 0.20920147001743317, 0.1857142448425293, 0.19626611471176147, 0.18560947477817535, 0.1778704673051834, 0.172816663980484, 0.18467377126216888, 0.19180433452129364, 0.18188785016536713, 0.201078400015831, 0.18210311233997345, 0.172943577170372, 0.22013914585113525, 0.17326870560646057, 0.23757578432559967, 0.20595835149288177, 0.19368082284927368, 0.1789250522851944, 0.18268318474292755, 0.20189209282398224, 0.1854543536901474, 0.1857801079750061, 0.1767568588256836, 0.19645634293556213, 0.19884656369686127, 0.1997101604938507, 0.18717055022716522, 0.32115069031715393, 0.18279825150966644, 0.1867552250623703, 0.20784561336040497, 0.19030249118804932, 0.19754791259765625, 0.206873819231987, 0.19721001386642456, 0.19165191054344177, 0.21037495136260986, 0.1956624984741211, 0.1958909034729004, 0.20620395243167877, 0.22805295884609222, 0.20727668702602386, 0.20759275555610657]",27.0,"[32.0, 32.0, 29.0, 28.0, 28.0, 27.0, 27.0, 27.0, 27.0, 27.0, 27.0, 27.0, 27.0, 27.0, 27.0, 27.0, 27.0, 27.0, 27.0, 27.0, 27.0, 27.0, 27.0, 27.0, 27.0, 27.0, 27.0, 27.0, 27.0, 27.0, 27.0, 27.0, 27.0, 27.0, 27.0, 27.0, 27.0, 27.0, 27.0, 27.0, 27.0, 27.0, 27.0, 27.0, 27.0, 27.0, 27.0, 27.0, 27.0, 27.0, 27.0, 27.0, 27.0, 27.0, 27.0, 27.0, 27.0, 27.0, 27.0, 27.0, 27.0, 27.0, 27.0, 27.0, 27.0, 27.0, 27.0, 27.0, 27.0, 27.0, 27.0, 27.0, 27.0, 27.0, 27.0, 27.0, 27.0, 27.0, 27.0, 27.0]",COMPLETE
94,94,0.7330447888085945,2024-08-31 04:12:03.024470,2024-08-31 04:12:56.369034,0 days 00:00:53.344564,64,0.15335563217371667,5,170,0.1525154426864622,32,0.027899613436575234,0.876,0.86875,33,"[33, 33, 33, 33, 33, 33, 33, 33, 33, 33, 33, 33, 33, 33, 33, 33, 33, 33, 33, 33, 33, 33, 33, 33, 33, 33, 33, 33, 33, 33, 33, 33, 33, 33, 33, 33, 33, 33, 33, 33, 33, 33, 33, 33, 33, 33, 33, 33, 33, 33, 33, 33, 33, 33, 33, 33, 33, 33, 33, 33, 33, 33, 33, 33, 33, 33, 33, 33, 33, 33, 33, 33, 33, 33, 33, 33, 33, 33, 33, 33, 33, 33, 33, 33, 33, 33, 33, 33, 33, 33, 33, 33, 33, 33, 33, 33, 33, 33, 33, 33, 33, 33, 33, 33, 33, 33, 33, 33, 33, 33, 33, 33, 33, 33, 33, 33, 33, 33, 33, 33, 33, 33, 33, 33, 33, 33, 33, 33, 33, 33, 33, 33, 33, 33, 33, 33, 33, 33, 33, 33, 33, 33, 33, 33, 33, 33, 33, 33, 33, 33, 33, 33, 33, 33, 33, 33, 33, 33, 33, 33, 33, 33, 33, 33, 33, 33, 33, 33, 33, 33]",32.95161290322581,"[32.944556451612904, 32.95362903225807, 32.957661290322584, 32.94959677419355, 32.94959677419355, 32.957661290322584, 32.957661290322584, 32.96068548387097, 32.961693548387096, 32.95060483870968, 32.953629032258064, 32.94959677419355, 32.95564516129032, 32.949596774193544, 32.95564516129032, 32.95060483870968, 32.95866935483871, 32.953629032258064, 32.953629032258064, 32.96068548387097, 32.961693548387096, 32.953629032258064, 32.94657258064516, 32.944556451612904, 32.944556451612904, 32.94959677419355, 32.94758064516129, 32.947580645161295, 32.94858870967742, 32.94657258064517, 32.95060483870968, 32.95060483870968, 32.94959677419355, 32.95463709677419, 32.953629032258064, 32.95564516129032, 32.95161290322581, 32.944556451612904, 32.95060483870968, 32.947580645161295, 32.94657258064516, 32.943548387096776, 32.94657258064516, 32.94959677419355, 32.953629032258064, 32.95060483870968, 32.94254032258065, 32.94153225806452, 32.94052419354839, 32.94052419354839, 32.934475806451616, 32.93245967741935, 32.93548387096774, 32.94254032258065, 32.939516129032256, 32.93750000000001, 32.94052419354839, 32.944556451612904, 32.944556451612904, 32.94556451612903, 32.943548387096776, 32.93750000000001, 32.939516129032256, 32.943548387096776, 32.947580645161295, 32.9375, 32.94254032258065, 32.939516129032256, 32.943548387096776, 32.94153225806452, 32.939516129032256, 32.939516129032256, 32.944556451612904, 32.93245967741936, 32.934475806451616, 32.934475806451616, 32.93548387096774, 32.930443548387096, 32.92741935483871, 32.926411290322584, 32.93346774193549, 32.93850806451613, 32.94153225806451, 32.944556451612904, 32.93850806451613, 32.935483870967744, 32.935483870967744, 32.940524193548384, 32.93951612903226, 32.94254032258065, 32.94556451612903, 32.94153225806452, 32.93951612903226, 32.94657258064517, 32.944556451612904, 32.947580645161295, 32.94556451612903, 32.94657258064516, 32.949596774193544, 32.94657258064517, 32.94758064516129, 32.95060483870968, 32.94959677419355, 32.943548387096776, 32.947580645161295, 32.95463709677419, 32.94959677419355, 32.952620967741936, 32.95665322580645, 32.956653225806456, 32.95564516129032, 32.95967741935484, 32.95463709677419, 32.94858870967742, 32.94758064516129, 32.95161290322581, 32.944556451612904, 32.94556451612903, 32.943548387096776, 32.95060483870968, 32.944556451612904, 32.94858870967742, 32.94657258064516, 32.944556451612904, 32.952620967741936, 32.94959677419355, 32.94556451612903, 32.94858870967742, 32.94959677419355, 32.947580645161295, 32.94657258064516, 32.94758064516129, 32.94556451612903, 32.948588709677416, 32.94758064516129, 32.94758064516129, 32.93548387096774, 32.94052419354839, 32.934475806451616, 32.94052419354839, 32.944556451612904, 32.938508064516135, 32.93951612903226, 32.944556451612904, 32.952620967741936, 32.953629032258064, 32.95463709677419, 32.95866935483871, 32.95161290322581, 32.95060483870968, 32.94959677419355, 32.947580645161295, 32.94153225806452, 32.939516129032256, 32.94052419354839, 32.943548387096776, 32.94153225806452, 32.94556451612903, 32.952620967741936, 32.94959677419355, 32.95463709677419, 32.952620967741936, 32.94556451612903, 32.944556451612904, 32.94254032258065, 32.94153225806452, 32.94556451612903, 32.94657258064517, 32.94858870967742, 32.95161290322581]",0.7674518448798289,0.7330447888085945,33,"[33, 33, 33, 33, 33, 33, 33, 33, 33, 33, 33, 33, 33, 33, 33, 33, 33, 33, 33, 33, 33, 33, 33, 33, 33, 33, 33, 33, 33, 33, 33, 33, 33, 33, 33, 33, 33, 33, 33, 33, 33, 33, 33, 33, 33, 33, 33, 33, 33, 33, 33, 33, 33, 33, 33, 33, 33, 33, 33, 33, 33, 33, 33, 33, 33, 33, 33, 33, 33, 33, 33, 33, 33, 33, 33, 33, 33, 33, 33, 33, 33, 33, 33, 33, 33, 33, 33, 33, 33, 33, 33, 33, 33, 33, 33, 33, 33, 33, 33, 33, 33, 33, 33, 33, 33, 33, 33, 33, 33, 33, 33, 33, 33, 33, 33, 33, 33, 33, 33, 33, 33, 33, 33, 33, 33, 33, 33, 33, 33, 33, 33, 33, 33, 33, 33, 33, 33, 33, 33, 33, 33, 33, 33, 33, 33, 33, 33, 33, 33, 33, 33, 33, 33, 33, 33, 33, 33, 33, 33, 33, 33, 33, 33, 33, 33, 33, 33, 33, 33, 33]",170,"[0.620439350605011, 0.5190483331680298, 0.46924155950546265, 0.44339457154273987, 0.42727160453796387, 0.41881805658340454, 0.41299933195114136, 0.4092240631580353, 0.4065708518028259, 0.4043448567390442, 0.4024621844291687, 0.40123450756073, 0.3999857008457184, 0.39908063411712646, 0.3981957733631134, 0.39730599522590637, 0.3963257074356079, 0.3955475687980652, 0.39483967423439026, 0.39412975311279297, 0.3934005796909332, 0.39292481541633606, 0.39226531982421875, 0.3917282223701477, 0.39124003052711487, 0.390657514333725, 0.390174001455307, 0.3895653188228607, 0.3891056180000305, 0.38860446214675903, 0.3880698084831238, 0.3875683844089508, 0.387023389339447, 0.38647517561912537, 0.38597774505615234, 0.3856445550918579, 0.3852929174900055, 0.38490569591522217, 0.38444754481315613, 0.3840698003768921, 0.38365310430526733, 0.38326913118362427, 0.38295885920524597, 0.38256919384002686, 0.3822767734527588, 0.3820311427116394, 0.3817102313041687, 0.3814561069011688, 0.3811701536178589, 0.38092273473739624, 0.38083377480506897, 0.3806522488594055, 0.38030683994293213, 0.38019368052482605, 0.3797996938228607, 0.37941619753837585, 0.3791385889053345, 0.3790629208087921, 0.378909707069397, 0.3787023425102234, 0.3783155679702759, 0.378002405166626, 0.3777972459793091, 0.3776235282421112, 0.37739989161491394, 0.37732601165771484, 0.3771018087863922, 0.37688973546028137, 0.37671372294425964, 0.3764576315879822, 0.3763420879840851, 0.37612074613571167, 0.3759452700614929, 0.3756831884384155, 0.37543097138404846, 0.37527352571487427, 0.37506526708602905, 0.37483954429626465, 0.3746035695075989, 0.374428391456604, 0.3741905987262726, 0.37394124269485474, 0.3737979531288147, 0.3737375736236572, 0.3735648989677429, 0.3732653558254242, 0.3730618357658386, 0.37278634309768677, 0.37278321385383606, 0.37267762422561646, 0.3724237382411957, 0.3721340596675873, 0.3718952536582947, 0.3716411888599396, 0.37136584520339966, 0.3711237609386444, 0.37098339200019836, 0.37078556418418884, 0.3705284893512726, 0.3703978657722473, 0.37033045291900635, 0.37005865573883057, 0.36998140811920166, 0.36985427141189575, 0.36965781450271606, 0.36959391832351685, 0.369383305311203, 0.36932572722435, 0.369192898273468, 0.36902254819869995, 0.36886873841285706, 0.3687080442905426, 0.368645578622818, 0.3685579299926758, 0.3684690594673157, 0.36826273798942566, 0.3681482672691345, 0.3679693341255188, 0.3678807020187378, 0.3676941394805908, 0.3675898313522339, 0.3674854040145874, 0.36726704239845276, 0.36711806058883667, 0.36696064472198486, 0.36678487062454224, 0.36670804023742676, 0.3665781319141388, 0.3664828836917877, 0.3664204478263855, 0.3662869334220886, 0.3660930395126343, 0.36582207679748535, 0.36574408411979675, 0.3656790256500244, 0.36542588472366333, 0.3654102385044098, 0.3651030659675598, 0.36501243710517883, 0.36489495635032654, 0.3646828532218933, 0.36470723152160645, 0.3646731674671173, 0.3644680678844452, 0.3640586733818054, 0.3638388514518738, 0.3639751076698303, 0.36366111040115356, 0.3635815680027008, 0.36342474818229675, 0.36326685547828674, 0.3630068898200989, 0.3628116846084595, 0.3625786602497101, 0.3624305725097656, 0.36221209168434143, 0.3620888888835907, 0.36197176575660706, 0.3619459271430969, 0.3619438409805298, 0.3616373836994171, 0.36170119047164917, 0.3616178631782532, 0.3614734709262848, 0.3613744378089905, 0.3611374795436859, 0.36095547676086426, 0.36067840456962585, 0.3605298101902008, 0.36034920811653137]",33.0,"[33.0, 33.0, 33.0, 33.0, 33.0, 33.0, 33.0, 33.0, 33.0, 33.0, 33.0, 33.0, 33.0, 33.0, 33.0, 33.0, 33.0, 33.0, 33.0, 33.0, 33.0, 33.0, 33.0, 33.0, 33.0, 33.0, 33.0, 33.0, 33.0, 33.0, 33.0, 33.0, 33.0, 33.0, 33.0, 33.0, 33.0, 33.0, 33.0, 33.0, 33.0, 33.0, 33.0, 33.0, 33.0, 33.0, 33.0, 33.0, 33.0, 33.0, 33.0, 33.0, 33.0, 33.0, 33.0, 33.0, 33.0, 33.0, 33.0, 33.0, 33.0, 33.0, 33.0, 33.0, 33.0, 33.0, 33.0, 33.0, 33.0, 33.0, 33.0, 33.0, 33.0, 33.0, 33.0, 33.0, 33.0, 33.0, 33.0, 33.0, 33.0, 33.0, 33.0, 33.0, 33.0, 33.0, 33.0, 33.0, 33.0, 33.0, 33.0, 33.0, 33.0, 33.0, 33.0, 33.0, 33.0, 33.0, 33.0, 33.0, 33.0, 33.0, 33.0, 33.0, 33.0, 33.0, 33.0, 33.0, 33.0, 33.0, 33.0, 33.0, 33.0, 33.0, 33.0, 33.0, 33.0, 33.0, 33.0, 33.0, 33.0, 33.0, 33.0, 33.0, 33.0, 33.0, 33.0, 33.0, 33.0, 33.0, 33.0, 33.0, 33.0, 33.0, 33.0, 33.0, 33.0, 33.0, 33.0, 33.0, 33.0, 33.0, 33.0, 33.0, 33.0, 33.0, 33.0, 33.0, 33.0, 33.0, 33.0, 33.0, 33.0, 33.0, 33.0, 33.0, 33.0, 33.0, 33.0, 33.0, 33.0, 33.0, 33.0, 33.0, 33.0, 33.0, 33.0, 33.0, 33.0, 33.0]",COMPLETE
