,number,value,datetime_start,datetime_complete,duration,params_batch_size_scaler,params_constant_learning_rate,params_depth,params_epochs,params_kernel_l2,params_num_trees,params_temperature,user_attrs_accuracy_test,user_attrs_accuracy_valid,user_attrs_approximate_feature_sparsity,user_attrs_approximate_feature_sparsity_history,user_attrs_approximate_weight_sparsity,user_attrs_approximate_weight_sparsity_history,user_attrs_auc_test,user_attrs_auc_valid,user_attrs_feature_sparsity,user_attrs_feature_sparsity_history,user_attrs_num_epochs,user_attrs_val_loss_history,user_attrs_weight_sparsity,user_attrs_weight_sparsity_history,state
144,144,0.7130914196648246,2024-08-31 06:30:46.158881,2024-08-31 06:33:09.121293,0 days 00:02:22.962412,64,0.07155773107332851,6,355,0.07011796122534573,11,0.02385045764961887,0.872,0.8675,33,"[33, 33, 33, 33, 33, 33, 33, 33, 33, 33, 33, 33, 33, 33, 33, 33, 33, 33, 33, 33, 33, 33, 33, 33, 33, 33, 33, 33, 33, 33, 33, 33, 33, 33, 33, 33, 33, 33, 33, 33, 33, 33, 33, 33, 33, 33, 33, 33, 33, 33, 33, 33, 33, 33, 33, 33, 33, 33, 33, 33, 33, 33, 33, 33, 33, 33, 33, 33, 33, 33, 33, 33, 33, 33, 33, 33, 33, 33, 33, 33, 33, 33, 33, 33, 33, 33, 33, 33, 33, 33, 33, 33, 33, 33, 33, 33, 33, 33, 33, 33, 33, 33, 33, 33, 33, 33, 33, 33, 33, 33, 33, 33, 33, 33, 33, 33, 33, 33, 33, 33, 33, 33, 33, 33, 33, 33, 33, 33, 33, 33, 33, 33, 33, 33, 33, 33, 33, 33, 33, 33, 33, 33, 33, 33, 33, 33, 33, 33, 33, 33, 33, 33, 33, 33, 33, 33, 33, 33, 33, 33, 33, 33, 33, 33, 33, 33, 33, 33, 33, 33, 33, 33, 33, 33, 33, 33, 33, 33, 33, 33, 33, 33, 33, 33, 33, 33, 33, 33, 33, 33, 33, 33, 33, 33, 33, 33, 33, 33, 33, 33, 33, 33, 33, 33, 33, 33, 33, 33, 33, 33, 33, 33, 33, 33, 33, 33, 33, 33, 33, 33, 33, 33, 33, 33, 33, 33, 33, 33, 33, 33, 33, 33, 33, 33, 33, 33, 33, 33, 33, 33, 33, 33, 33, 33, 33, 33, 33, 33, 33, 33, 33, 33, 33, 33, 33, 33, 33, 33, 33, 33, 33, 33, 33, 33, 33, 33, 33, 33, 33, 33, 33, 33, 33, 33, 33, 33, 33, 33, 33, 33, 33, 33, 33, 33, 33, 33, 33, 33, 33, 33, 33, 33, 33, 33, 33, 33, 33, 33, 33, 33, 33, 33, 33, 33, 33, 33, 33, 33, 33, 33, 33, 33, 33, 33, 33, 33, 33, 33, 33, 33, 33, 33, 33, 33, 33, 33, 33, 33, 33, 33, 33, 33, 33, 33, 33, 33, 33, 33, 33, 33, 33, 33, 33, 33, 33, 33, 33, 33, 33, 33, 33, 33, 33, 33, 33]",32.95959595959596,"[32.95959595959596, 32.96103896103896, 32.96536796536797, 32.96681096681097, 32.96248196248196, 32.95815295815296, 32.95238095238095, 32.95670995670996, 32.96103896103896, 32.96103896103896, 32.96392496392497, 32.95382395382396, 32.94805194805195, 32.95815295815296, 32.96248196248196, 32.96969696969697, 32.971139971139976, 32.96392496392497, 32.96681096681097, 32.96248196248197, 32.968253968253975, 32.96536796536797, 32.95526695526696, 32.95959595959596, 32.96103896103896, 32.95815295815296, 32.96248196248196, 32.96681096681097, 32.96392496392497, 32.96536796536797, 32.96248196248197, 32.95382395382396, 32.95815295815296, 32.96103896103896, 32.95526695526696, 32.95670995670996, 32.96681096681097, 32.96392496392497, 32.96103896103896, 32.96825396825397, 32.96825396825397, 32.96681096681097, 32.95959595959596, 32.95670995670996, 32.95959595959596, 32.95959595959596, 32.95526695526696, 32.95815295815296, 32.959595959595966, 32.95670995670996, 32.96536796536796, 32.96248196248196, 32.96825396825397, 32.96536796536797, 32.96536796536797, 32.97113997113997, 32.96681096681097, 32.96825396825397, 32.95815295815296, 32.95815295815296, 32.96248196248197, 32.95959595959596, 32.96536796536797, 32.95959595959596, 32.96392496392496, 32.96392496392496, 32.96392496392497, 32.95959595959596, 32.96681096681097, 32.96103896103896, 32.95093795093795, 32.95526695526696, 32.95670995670996, 32.96248196248196, 32.961038961038966, 32.95959595959596, 32.96392496392497, 32.96392496392497, 32.96536796536797, 32.96681096681097, 32.95959595959596, 32.95670995670996, 32.95815295815296, 32.95670995670996, 32.95526695526696, 32.952380952380956, 32.95670995670996, 32.95238095238095, 32.95382395382396, 32.95670995670996, 32.95815295815296, 32.95526695526696, 32.95238095238095, 32.95238095238095, 32.95959595959596, 32.95526695526695, 32.95238095238095, 32.95093795093795, 32.95526695526696, 32.95382395382395, 32.94949494949495, 32.95382395382396, 32.94949494949495, 32.95815295815296, 32.95815295815296, 32.95238095238095, 32.961038961038966, 32.95959595959596, 32.95670995670996, 32.95959595959596, 32.96248196248197, 32.95959595959596, 32.95670995670996, 32.96103896103896, 32.95526695526696, 32.95959595959596, 32.95959595959596, 32.95670995670996, 32.95815295815296, 32.95959595959596, 32.96536796536797, 32.96248196248197, 32.96103896103896, 32.95526695526696, 32.96103896103896, 32.96536796536797, 32.96536796536797, 32.95959595959596, 32.95959595959596, 32.95670995670996, 32.96248196248196, 32.96248196248196, 32.95670995670996, 32.95815295815296, 32.95815295815296, 32.95382395382396, 32.95815295815296, 32.95815295815296, 32.961038961038966, 32.96536796536797, 32.96681096681097, 32.96825396825397, 32.96681096681097, 32.96536796536797, 32.96969696969697, 32.97402597402598, 32.96536796536797, 32.96248196248196, 32.96536796536797, 32.95815295815296, 32.95959595959596, 32.95959595959596, 32.95959595959596, 32.96103896103896, 32.95815295815296, 32.96248196248196, 32.96681096681097, 32.96392496392497, 32.96392496392497, 32.96825396825397, 32.96392496392497, 32.96392496392497, 32.95959595959596, 32.96536796536797, 32.96825396825397, 32.96969696969697, 32.96536796536797, 32.96392496392497, 32.96392496392497, 32.96681096681097, 32.96248196248196, 32.96536796536797, 32.961038961038966, 32.96248196248196, 32.96248196248197, 32.96248196248196, 32.96536796536797, 32.96969696969697, 32.96392496392497, 32.96248196248196, 32.96392496392496, 32.95959595959596, 32.95670995670996, 32.95959595959596, 32.96248196248196, 32.96825396825397, 32.96825396825397, 32.96825396825397, 32.961038961038966, 32.961038961038966, 32.95670995670996, 32.95959595959596, 32.96536796536797, 32.96825396825397, 32.96825396825397, 32.96825396825397, 32.97113997113997, 32.971139971139976, 32.97258297258298, 32.96681096681097, 32.96969696969697, 32.97113997113997, 32.96536796536797, 32.96825396825397, 32.96536796536797, 32.969696969696976, 32.96681096681097, 32.96969696969697, 32.96681096681097, 32.97113997113997, 32.97258297258297, 32.96825396825397, 32.96536796536797, 32.95526695526695, 32.95815295815296, 32.96392496392497, 32.96681096681097, 32.97113997113997, 32.97113997113997, 32.97402597402598, 32.97691197691198, 32.96825396825397, 32.96825396825397, 32.96825396825397, 32.95959595959596, 32.961038961038966, 32.96103896103896, 32.96392496392497, 32.96681096681097, 32.96392496392497, 32.96536796536797, 32.96392496392497, 32.96825396825397, 32.97113997113997, 32.97258297258298, 32.97402597402598, 32.97546897546898, 32.97835497835498, 32.97691197691198, 32.97979797979798, 32.97691197691198, 32.97402597402598, 32.97113997113997, 32.97835497835498, 32.97691197691198, 32.97402597402598, 32.97402597402598, 32.97546897546897, 32.97402597402598, 32.97258297258298, 32.97691197691198, 32.97258297258297, 32.97402597402598, 32.96392496392497, 32.96392496392497, 32.95670995670996, 32.95670995670996, 32.96103896103896, 32.95815295815296, 32.95670995670996, 32.961038961038966, 32.95959595959596, 32.95815295815296, 32.95382395382396, 32.95526695526696, 32.95526695526696, 32.95959595959596, 32.95526695526696, 32.95959595959596, 32.95670995670996, 32.96103896103896, 32.95959595959596, 32.96392496392497, 32.97113997113997, 32.96825396825397, 32.96536796536797, 32.97258297258297, 32.97258297258297, 32.97691197691198, 32.97258297258298, 32.97258297258298, 32.97113997113997, 32.97402597402598, 32.97402597402598, 32.96969696969697, 32.96825396825397, 32.96536796536797, 32.96681096681097, 32.96392496392497, 32.96825396825397, 32.96681096681097, 32.961038961038966, 32.961038961038966, 32.961038961038966, 32.96248196248197, 32.96392496392497, 32.96392496392497, 32.96681096681097, 32.97402597402598, 32.97402597402598, 32.96969696969697, 32.97402597402598, 32.97258297258297, 32.97691197691198, 32.97546897546898, 32.97691197691198, 32.97258297258297, 32.97546897546898, 32.97113997113997, 32.97402597402598, 32.97258297258297, 32.96969696969697, 32.97258297258297, 32.97113997113997, 32.97402597402598, 32.971139971139976, 32.96681096681097, 32.96536796536797, 32.96681096681097, 32.96825396825397, 32.96536796536797, 32.96681096681097, 32.97258297258297, 32.97113997113997, 32.96681096681097, 32.96392496392497, 32.95959595959596, 32.96248196248197, 32.96248196248197, 32.96248196248196, 32.96248196248197, 32.96392496392497, 32.96248196248197, 32.96392496392497, 32.96681096681097, 32.96825396825397, 32.96969696969697, 32.96825396825397, 32.96825396825397, 32.96825396825397, 32.96825396825397, 32.96825396825397, 32.96825396825397, 32.97113997113997, 32.97113997113997, 32.96969696969697, 32.96969696969697, 32.96825396825397, 32.96681096681097, 32.96392496392497, 32.96248196248197, 32.95382395382396, 32.952380952380956, 32.95815295815296, 32.95959595959596]",0.7511703366111016,0.7130914196648246,33,"[33, 33, 33, 33, 33, 33, 33, 33, 33, 33, 33, 33, 33, 33, 33, 33, 33, 33, 33, 33, 33, 33, 33, 33, 33, 33, 33, 33, 33, 33, 33, 33, 33, 33, 33, 33, 33, 33, 33, 33, 33, 33, 33, 33, 33, 33, 33, 33, 33, 33, 33, 33, 33, 33, 33, 33, 33, 33, 33, 33, 33, 33, 33, 33, 33, 33, 33, 33, 33, 33, 33, 33, 33, 33, 33, 33, 33, 33, 33, 33, 33, 33, 33, 33, 33, 33, 33, 33, 33, 33, 33, 33, 33, 33, 33, 33, 33, 33, 33, 33, 33, 33, 33, 33, 33, 33, 33, 33, 33, 33, 33, 33, 33, 33, 33, 33, 33, 33, 33, 33, 33, 33, 33, 33, 33, 33, 33, 33, 33, 33, 33, 33, 33, 33, 33, 33, 33, 33, 33, 33, 33, 33, 33, 33, 33, 33, 33, 33, 33, 33, 33, 33, 33, 33, 33, 33, 33, 33, 33, 33, 33, 33, 33, 33, 33, 33, 33, 33, 33, 33, 33, 33, 33, 33, 33, 33, 33, 33, 33, 33, 33, 33, 33, 33, 33, 33, 33, 33, 33, 33, 33, 33, 33, 33, 33, 33, 33, 33, 33, 33, 33, 33, 33, 33, 33, 33, 33, 33, 33, 33, 33, 33, 33, 33, 33, 33, 33, 33, 33, 33, 33, 33, 33, 33, 33, 33, 33, 33, 33, 33, 33, 33, 33, 33, 33, 33, 33, 33, 33, 33, 33, 33, 33, 33, 33, 33, 33, 33, 33, 33, 33, 33, 33, 33, 33, 33, 33, 33, 33, 33, 33, 33, 33, 33, 33, 33, 33, 33, 33, 33, 33, 33, 33, 33, 33, 33, 33, 33, 33, 33, 33, 33, 33, 33, 33, 33, 33, 33, 33, 33, 33, 33, 33, 33, 33, 33, 33, 33, 33, 33, 33, 33, 33, 33, 33, 33, 33, 33, 33, 33, 33, 33, 33, 33, 33, 33, 33, 33, 33, 33, 33, 33, 33, 33, 33, 33, 33, 33, 33, 33, 33, 33, 33, 33, 33, 33, 33, 33, 33, 33, 33, 33, 33, 33, 33, 33, 33, 33, 33, 33, 33, 33, 33, 33, 33]",355,"[0.613309919834137, 0.599039614200592, 0.5859376788139343, 0.5737290382385254, 0.5629464387893677, 0.5524308085441589, 0.5429342985153198, 0.5339468121528625, 0.525661051273346, 0.5182743668556213, 0.5108886361122131, 0.5040815472602844, 0.49780896306037903, 0.49234622716903687, 0.48687544465065, 0.4820537865161896, 0.4771692752838135, 0.4731002748012543, 0.4690112769603729, 0.4651682376861572, 0.46145206689834595, 0.45797470211982727, 0.45481014251708984, 0.4518623352050781, 0.4489442706108093, 0.44631481170654297, 0.44377341866493225, 0.441351979970932, 0.4390016198158264, 0.4369129240512848, 0.4349191188812256, 0.4328779876232147, 0.43094003200531006, 0.4291936755180359, 0.4275316894054413, 0.42582106590270996, 0.4243926703929901, 0.4230232238769531, 0.4217158854007721, 0.42059820890426636, 0.4194418787956238, 0.4182285964488983, 0.4171796441078186, 0.4160464107990265, 0.4149532616138458, 0.41403883695602417, 0.4129948019981384, 0.41211092472076416, 0.4112776815891266, 0.4103652536869049, 0.40950995683670044, 0.4087609350681305, 0.4081135094165802, 0.407528281211853, 0.40683823823928833, 0.40619125962257385, 0.4055499732494354, 0.4049108028411865, 0.4042438566684723, 0.403728187084198, 0.4031575322151184, 0.4026722013950348, 0.4021545648574829, 0.40170764923095703, 0.4011826813220978, 0.40066206455230713, 0.4002574682235718, 0.3998969793319702, 0.39955008029937744, 0.39914461970329285, 0.3987368643283844, 0.3983444273471832, 0.3979162275791168, 0.3975391089916229, 0.3971887528896332, 0.3967289626598358, 0.3964499533176422, 0.39610275626182556, 0.39579522609710693, 0.3954998254776001, 0.3951684832572937, 0.3948320746421814, 0.3945176303386688, 0.39424610137939453, 0.39396244287490845, 0.39366814494132996, 0.39338818192481995, 0.3930838108062744, 0.3928578495979309, 0.39259666204452515, 0.392352819442749, 0.3920751214027405, 0.39181649684906006, 0.3915342390537262, 0.39132386445999146, 0.39107048511505127, 0.39084625244140625, 0.3906160593032837, 0.3903541564941406, 0.390158474445343, 0.38994109630584717, 0.38974684476852417, 0.3895528018474579, 0.3893755078315735, 0.38917505741119385, 0.3889515995979309, 0.3887616991996765, 0.3885740041732788, 0.3883758783340454, 0.38818594813346863, 0.38799136877059937, 0.38780906796455383, 0.38757210969924927, 0.387422651052475, 0.3872103989124298, 0.3870035409927368, 0.3868280053138733, 0.38667261600494385, 0.386503130197525, 0.38630908727645874, 0.38614118099212646, 0.385976105928421, 0.38580408692359924, 0.38564828038215637, 0.3854931592941284, 0.3853180706501007, 0.38517075777053833, 0.38500964641571045, 0.38486817479133606, 0.3847118020057678, 0.38456490635871887, 0.3844161927700043, 0.3842698037624359, 0.3840852975845337, 0.3839104175567627, 0.38376063108444214, 0.38360896706581116, 0.38344627618789673, 0.383350133895874, 0.383188396692276, 0.38301315903663635, 0.38288506865501404, 0.38276758790016174, 0.382615327835083, 0.38244178891181946, 0.38227617740631104, 0.38214075565338135, 0.3819747269153595, 0.38183799386024475, 0.3817187249660492, 0.38156718015670776, 0.3814374804496765, 0.3813498616218567, 0.38122931122779846, 0.38111287355422974, 0.380985826253891, 0.38085639476776123, 0.3807533383369446, 0.38062137365341187, 0.3804914057254791, 0.38037869334220886, 0.38026514649391174, 0.38014456629753113, 0.3800260126590729, 0.3799129128456116, 0.37976378202438354, 0.3796156942844391, 0.37949812412261963, 0.3794296383857727, 0.3793041706085205, 0.3791525363922119, 0.37902796268463135, 0.3788873553276062, 0.37880048155784607, 0.37869495153427124, 0.37855803966522217, 0.3784199655056, 0.3783218264579773, 0.378214031457901, 0.3781017065048218, 0.3779870569705963, 0.37786614894866943, 0.377733051776886, 0.37760934233665466, 0.3774830102920532, 0.3773796856403351, 0.3772636651992798, 0.3771510720252991, 0.37704014778137207, 0.37691229581832886, 0.3767967224121094, 0.37667742371559143, 0.3765663802623749, 0.3764549195766449, 0.3763321042060852, 0.37624073028564453, 0.37612929940223694, 0.3760153651237488, 0.3759075403213501, 0.37579724192619324, 0.37570226192474365, 0.37559494376182556, 0.3755049407482147, 0.37541094422340393, 0.37528592348098755, 0.37517300248146057, 0.375082790851593, 0.37496811151504517, 0.3748687505722046, 0.37479907274246216, 0.37467825412750244, 0.37456122040748596, 0.37448593974113464, 0.3743824064731598, 0.37430840730667114, 0.37420904636383057, 0.37409308552742004, 0.3739955425262451, 0.37387925386428833, 0.3737983703613281, 0.37371331453323364, 0.37364065647125244, 0.3735576868057251, 0.3734642267227173, 0.3733624219894409, 0.3732664883136749, 0.3731701970100403, 0.3730691969394684, 0.37300679087638855, 0.3729174733161926, 0.37285175919532776, 0.37277260422706604, 0.37268275022506714, 0.37258946895599365, 0.3724876642227173, 0.3723641335964203, 0.3722740411758423, 0.37217211723327637, 0.37208953499794006, 0.37199974060058594, 0.3719085454940796, 0.3718063235282898, 0.3717212975025177, 0.371638685464859, 0.37153610587120056, 0.37147149443626404, 0.37138253450393677, 0.37129247188568115, 0.3712000250816345, 0.3711417019367218, 0.3711073398590088, 0.3710080683231354, 0.3709341287612915, 0.37085965275764465, 0.3707811236381531, 0.37069475650787354, 0.3706103563308716, 0.3704809248447418, 0.3704301714897156, 0.3703351616859436, 0.370212584733963, 0.3701390326023102, 0.37003257870674133, 0.36993807554244995, 0.36983680725097656, 0.36973315477371216, 0.36963513493537903, 0.36956459283828735, 0.36948397755622864, 0.36939603090286255, 0.36929380893707275, 0.3692026138305664, 0.3691284954547882, 0.36901959776878357, 0.36891964077949524, 0.36886996030807495, 0.3687625825405121, 0.3686889410018921, 0.3685990273952484, 0.36850932240486145, 0.36841556429862976, 0.3683144450187683, 0.36821362376213074, 0.3681636154651642, 0.36808669567108154, 0.3679977059364319, 0.36793458461761475, 0.3678545355796814, 0.3677476644515991, 0.36765286326408386, 0.3675777316093445, 0.36751019954681396, 0.3674188256263733, 0.36733949184417725, 0.36728435754776, 0.36718928813934326, 0.3670969009399414, 0.3670295774936676, 0.3669639825820923, 0.366871178150177, 0.3667990565299988, 0.36671769618988037, 0.3666573762893677, 0.3665705621242523, 0.36648473143577576, 0.3664272427558899, 0.3663260340690613, 0.36627197265625, 0.36620157957077026, 0.3661230504512787, 0.36602604389190674, 0.3659493327140808, 0.3658783733844757, 0.36579400300979614, 0.3657299280166626, 0.3656391501426697, 0.3655638098716736, 0.36548981070518494, 0.3654126822948456, 0.3653501570224762, 0.36523672938346863, 0.36517134308815, 0.36508992314338684, 0.36497604846954346, 0.3648870885372162, 0.3648104965686798, 0.3647531270980835, 0.3646486699581146, 0.36458224058151245, 0.3644736409187317, 0.3643738925457001, 0.3642701208591461, 0.3641703724861145, 0.36410263180732727, 0.36399590969085693, 0.3638964593410492, 0.3638441860675812, 0.36377185583114624, 0.36369192600250244, 0.36360490322113037, 0.36352425813674927, 0.3634447157382965, 0.3633687496185303, 0.36325713992118835, 0.3631490468978882, 0.36307239532470703, 0.3630114793777466, 0.36293286085128784, 0.3628847599029541, 0.36277443170547485, 0.36268851161003113, 0.362632155418396, 0.3625135123729706, 0.36240848898887634, 0.3623175024986267]",33.0,"[33.0, 33.0, 33.0, 33.0, 33.0, 33.0, 33.0, 33.0, 33.0, 33.0, 33.0, 33.0, 33.0, 33.0, 33.0, 33.0, 33.0, 33.0, 33.0, 33.0, 33.0, 33.0, 33.0, 33.0, 33.0, 33.0, 33.0, 33.0, 33.0, 33.0, 33.0, 33.0, 33.0, 33.0, 33.0, 33.0, 33.0, 33.0, 33.0, 33.0, 33.0, 33.0, 33.0, 33.0, 33.0, 33.0, 33.0, 33.0, 33.0, 33.0, 33.0, 33.0, 33.0, 33.0, 33.0, 33.0, 33.0, 33.0, 33.0, 33.0, 33.0, 33.0, 33.0, 33.0, 33.0, 33.0, 33.0, 33.0, 33.0, 33.0, 33.0, 33.0, 33.0, 33.0, 33.0, 33.0, 33.0, 33.0, 33.0, 33.0, 33.0, 33.0, 33.0, 33.0, 33.0, 33.0, 33.0, 33.0, 33.0, 33.0, 33.0, 33.0, 33.0, 33.0, 33.0, 33.0, 33.0, 33.0, 33.0, 33.0, 33.0, 33.0, 33.0, 33.0, 33.0, 33.0, 33.0, 33.0, 33.0, 33.0, 33.0, 33.0, 33.0, 33.0, 33.0, 33.0, 33.0, 33.0, 33.0, 33.0, 33.0, 33.0, 33.0, 33.0, 33.0, 33.0, 33.0, 33.0, 33.0, 33.0, 33.0, 33.0, 33.0, 33.0, 33.0, 33.0, 33.0, 33.0, 33.0, 33.0, 33.0, 33.0, 33.0, 33.0, 33.0, 33.0, 33.0, 33.0, 33.0, 33.0, 33.0, 33.0, 33.0, 33.0, 33.0, 33.0, 33.0, 33.0, 33.0, 33.0, 33.0, 33.0, 33.0, 33.0, 33.0, 33.0, 33.0, 33.0, 33.0, 33.0, 33.0, 33.0, 33.0, 33.0, 33.0, 33.0, 33.0, 33.0, 33.0, 33.0, 33.0, 33.0, 33.0, 33.0, 33.0, 33.0, 33.0, 33.0, 33.0, 33.0, 33.0, 33.0, 33.0, 33.0, 33.0, 33.0, 33.0, 33.0, 33.0, 33.0, 33.0, 33.0, 33.0, 33.0, 33.0, 33.0, 33.0, 33.0, 33.0, 33.0, 33.0, 33.0, 33.0, 33.0, 33.0, 33.0, 33.0, 33.0, 33.0, 33.0, 33.0, 33.0, 33.0, 33.0, 33.0, 33.0, 33.0, 33.0, 33.0, 33.0, 33.0, 33.0, 33.0, 33.0, 33.0, 33.0, 33.0, 33.0, 33.0, 33.0, 33.0, 33.0, 33.0, 33.0, 33.0, 33.0, 33.0, 33.0, 33.0, 33.0, 33.0, 33.0, 33.0, 33.0, 33.0, 33.0, 33.0, 33.0, 33.0, 33.0, 33.0, 33.0, 33.0, 33.0, 33.0, 33.0, 33.0, 33.0, 33.0, 33.0, 33.0, 33.0, 33.0, 33.0, 33.0, 33.0, 33.0, 33.0, 33.0, 33.0, 33.0, 33.0, 33.0, 33.0, 33.0, 33.0, 33.0, 33.0, 33.0, 33.0, 33.0, 33.0, 33.0, 33.0, 33.0, 33.0, 33.0, 33.0, 33.0, 33.0, 33.0, 33.0, 33.0, 33.0, 33.0, 33.0, 33.0, 33.0, 33.0, 33.0, 33.0, 33.0, 33.0, 33.0, 33.0, 33.0, 33.0, 33.0, 33.0, 33.0, 33.0, 33.0, 33.0, 33.0, 33.0, 33.0, 33.0, 33.0, 33.0, 33.0, 33.0, 33.0, 33.0, 33.0, 33.0, 33.0, 33.0, 33.0, 33.0, 33.0, 33.0, 33.0, 33.0, 33.0, 33.0, 33.0, 33.0, 33.0, 33.0, 33.0, 33.0, 33.0, 33.0, 33.0, 33.0]",COMPLETE
