,number,value,datetime_start,datetime_complete,duration,params_batch_size_scaler,params_constant_learning_rate,params_depth,params_epochs,params_kernel_l2,params_num_trees,params_temperature,user_attrs_accuracy_test,user_attrs_accuracy_valid,user_attrs_approximate_feature_sparsity,user_attrs_approximate_feature_sparsity_history,user_attrs_approximate_weight_sparsity,user_attrs_approximate_weight_sparsity_history,user_attrs_auc_test,user_attrs_auc_valid,user_attrs_feature_sparsity,user_attrs_feature_sparsity_history,user_attrs_num_epochs,user_attrs_val_loss_history,user_attrs_weight_sparsity,user_attrs_weight_sparsity_history,state
72,72,0.9332483157501514,2024-08-31 03:07:03.131654,2024-08-31 03:20:03.868928,0 days 00:13:00.737274,4,0.15055887652848624,5,495,0.18960393884125223,88,0.001240606002165035,0.948,0.9475,32,"[33, 33, 33, 33, 33, 33, 33, 33, 33, 33, 33, 33, 33, 33, 33, 33, 33, 33, 33, 33, 33, 33, 33, 33, 33, 33, 33, 33, 33, 33, 33, 33, 33, 33, 33, 33, 33, 33, 33, 33, 33, 33, 33, 33, 33, 33, 33, 33, 33, 33, 33, 33, 33, 33, 33, 33, 33, 33, 33, 33, 33, 33, 33, 33, 33, 33, 33, 33, 33, 33, 33, 33, 33, 33, 33, 33, 33, 33, 33, 33, 33, 33, 33, 33, 33, 33, 33, 33, 33, 33, 33, 33, 33, 33, 33, 33, 33, 33, 33, 33, 33, 33, 33, 33, 33, 33, 33, 33, 33, 33, 33, 33, 33, 33, 33, 33, 33, 33, 33, 33, 33, 33, 33, 33, 33, 33, 33, 33, 33, 33, 33, 33, 33, 33, 33, 33, 33, 33, 33, 33, 33, 33, 33, 33, 33, 33, 33, 33, 33, 33, 33, 33, 33, 33, 33, 33, 33, 33, 33, 33, 33, 33, 33, 33, 33, 33, 33, 33, 33, 33, 33, 33, 33, 33, 33, 33, 33, 33, 33, 33, 33, 33, 33, 33, 33, 33, 33, 33, 33, 33, 33, 33, 33, 33, 33, 33, 33, 33, 33, 33, 33, 33, 33, 33, 33, 33, 33, 33, 33, 33, 33, 33, 33, 33, 33, 33, 33, 33, 33, 33, 33, 33, 33, 33, 33, 33, 33, 33, 33, 33, 33, 33, 33, 33, 33, 33, 33, 33, 33, 33, 33, 33, 33, 33, 33, 33, 33, 33, 33, 33, 33, 33, 33, 33, 33, 33, 33, 33, 33, 33, 33, 33, 33, 33, 33, 33, 33, 33, 33, 33, 33, 33, 33, 33, 33, 33, 33, 33, 33, 33, 33, 33, 33, 33, 33, 33, 33, 33, 33, 33, 33, 33, 33, 33, 33, 33, 33, 33, 33, 33, 33, 33, 33, 33, 33, 33, 33, 33, 33, 33, 33, 33, 33, 33, 33, 33, 33, 33, 33, 33, 33, 33, 33, 33, 33, 33, 33, 33, 33, 33, 33, 33, 33, 33, 33, 33, 33, 33, 33, 33, 33, 33, 33, 33, 33, 33, 33, 33, 33, 33, 33, 33, 33, 33, 33, 33, 33, 33, 33, 33, 33, 33, 33, 33, 33, 33, 33, 33, 33, 33, 33, 33, 33, 33, 33, 33, 33, 32, 32, 32, 32, 32, 32, 32, 32, 32, 32, 32, 32, 32, 32, 32, 32, 32, 32, 32, 32, 32, 32, 32, 32, 32, 32, 32, 32, 32, 32, 32, 32, 32, 32, 32, 32, 32, 32, 32, 32, 32, 32, 32, 32, 32, 32, 32, 32, 32, 32, 32, 32, 32, 32, 32, 32, 32, 32, 32, 32, 32, 32, 32, 32, 32, 32, 32, 32, 32, 32, 32, 32, 32, 32, 32, 32, 32, 32, 32, 32, 32, 32, 32, 32, 32, 32, 32, 32, 32, 32, 32, 32, 32, 32, 32, 32, 32, 32, 32, 32, 32, 32, 32, 32, 32, 32, 32, 32, 32, 32, 32, 32, 32, 32, 32, 32, 32, 32]",31.90175953079179,"[32.92302052785924, 32.931451612903224, 32.92851906158358, 32.926319648093845, 32.926319648093845, 32.92118768328446, 32.925586510263926, 32.93181818181818, 32.92851906158358, 32.93145161290323, 32.931451612903224, 32.92851906158358, 32.927052785923756, 32.92851906158358, 32.929618768328446, 32.93035190615836, 32.93218475073314, 32.92741935483871, 32.93255131964809, 32.93035190615836, 32.922287390029325, 32.9266862170088, 32.92375366568915, 32.92338709677419, 32.927052785923756, 32.93071847507331, 32.931451612903224, 32.93328445747801, 32.93035190615836, 32.92778592375367, 32.93291788856305, 32.932917888563054, 32.933284457478, 32.93438416422287, 32.932184750733136, 32.92925219941349, 32.93181818181818, 32.92485337243402, 32.92485337243402, 32.928885630498534, 32.93438416422288, 32.92595307917889, 32.932917888563054, 32.93438416422288, 32.93768328445748, 32.92815249266862, 32.93658357771261, 32.935483870967744, 32.92521994134898, 32.92925219941349, 32.926319648093845, 32.92448680351906, 32.92412023460411, 32.9208211143695, 32.927052785923756, 32.928152492668616, 32.9299853372434, 32.93145161290323, 32.928885630498534, 32.93401759530792, 32.92485337243402, 32.92265395894428, 32.929618768328446, 32.92595307917889, 32.9299853372434, 32.92521994134898, 32.931085043988276, 32.9325513196481, 32.93071847507331, 32.93071847507331, 32.92851906158358, 32.92815249266862, 32.93181818181818, 32.932184750733136, 32.936217008797655, 32.939516129032256, 32.93768328445748, 32.93695014662757, 32.932184750733136, 32.93035190615836, 32.93181818181818, 32.93841642228739, 32.93218475073314, 32.92925219941349, 32.9299853372434, 32.93035190615836, 32.92925219941349, 32.92815249266862, 32.92375366568915, 32.9299853372434, 32.92851906158358, 32.92558651026393, 32.9241202346041, 32.92595307917889, 32.9266862170088, 32.929618768328446, 32.928885630498534, 32.92558651026393, 32.91678885630498, 32.9208211143695, 32.92338709677419, 32.92741935483871, 32.9299853372434, 32.924486803519066, 32.921554252199414, 32.92192082111437, 32.931451612903224, 32.928885630498534, 32.926319648093845, 32.92851906158358, 32.92851906158358, 32.92778592375367, 32.92925219941349, 32.92851906158358, 32.927052785923756, 32.925586510263926, 32.92412023460411, 32.91788856304985, 32.92118768328446, 32.924853372434015, 32.92192082111437, 32.922287390029325, 32.9208211143695, 32.91678885630499, 32.919721407624635, 32.92008797653959, 32.9241202346041, 32.92338709677419, 32.92595307917889, 32.92595307917889, 32.91935483870968, 32.91532258064516, 32.91532258064516, 32.91385630498534, 32.918988269794724, 32.92008797653959, 32.919721407624635, 32.91532258064516, 32.91788856304986, 32.9208211143695, 32.92045454545455, 32.92302052785924, 32.9299853372434, 32.923753665689155, 32.92521994134898, 32.92521994134897, 32.92008797653959, 32.9208211143695, 32.923753665689155, 32.92192082111437, 32.918255131964806, 32.919721407624635, 32.92045454545455, 32.91348973607038, 32.91348973607038, 32.9116568914956, 32.91092375366569, 32.91275659824047, 32.914956011730204, 32.91348973607038, 32.9175219941349, 32.91935483870968, 32.91825513196481, 32.92008797653959, 32.921554252199414, 32.92118768328446, 32.92118768328446, 32.9208211143695, 32.918988269794724, 32.91825513196481, 32.91788856304986, 32.91385630498534, 32.9175219941349, 32.914956011730204, 32.91092375366569, 32.91202346041056, 32.91202346041055, 32.91605571847507, 32.91385630498534, 32.91825513196481, 32.91715542521994, 32.91862170087976, 32.92008797653959, 32.92412023460411, 32.91935483870967, 32.917521994134894, 32.91642228739003, 32.91862170087976, 32.91568914956012, 32.91678885630499, 32.91458944281525, 32.912390029325515, 32.917155425219946, 32.919721407624635, 32.91458944281525, 32.917155425219946, 32.91825513196481, 32.91532258064516, 32.90945747800587, 32.91129032258065, 32.91935483870968, 32.91678885630498, 32.918988269794724, 32.917155425219946, 32.919721407624635, 32.921554252199414, 32.922287390029325, 32.92338709677419, 32.92192082111437, 32.9208211143695, 32.917155425219946, 32.9208211143695, 32.92265395894429, 32.918255131964806, 32.91788856304985, 32.919721407624635, 32.91935483870967, 32.921554252199414, 32.91935483870967, 32.92118768328446, 32.92412023460411, 32.92045454545454, 32.91862170087977, 32.91239002932551, 32.91348973607038, 32.912390029325515, 32.91642228739003, 32.91935483870968, 32.912390029325515, 32.91348973607038, 32.913123167155426, 32.91019061583578, 32.9116568914956, 32.910557184750736, 32.91202346041056, 32.91019061583578, 32.91239002932551, 32.91458944281525, 32.91422287390029, 32.910557184750736, 32.916422287390034, 32.913123167155426, 32.914956011730204, 32.91642228739003, 32.91532258064516, 32.91422287390029, 32.92045454545455, 32.91862170087977, 32.91348973607038, 32.917521994134894, 32.915689149560116, 32.91678885630498, 32.91385630498534, 32.91275659824047, 32.91422287390029, 32.91385630498534, 32.911656891495596, 32.90945747800586, 32.90909090909091, 32.912390029325515, 32.90982404692082, 32.910557184750736, 32.910923753665685, 32.91275659824046, 32.917521994134894, 32.91129032258064, 32.91202346041056, 32.91129032258065, 32.91055718475073, 32.908357771260995, 32.90909090909091, 32.91422287390029, 32.90982404692082, 32.91532258064517, 32.91605571847507, 32.91092375366569, 32.91202346041056, 32.913123167155426, 32.91532258064516, 32.91422287390029, 32.91532258064516, 32.910557184750736, 32.912390029325515, 32.91129032258065, 32.9116568914956, 32.90689149560117, 32.90945747800586, 32.91129032258065, 32.91862170087977, 32.91935483870968, 32.919721407624635, 32.92338709677419, 32.92192082111437, 32.921554252199414, 32.915689149560116, 32.92008797653959, 32.9175219941349, 32.91678885630498, 32.92008797653959, 32.91862170087976, 32.91605571847508, 32.917155425219946, 32.91605571847508, 32.916422287390034, 32.91422287390029, 32.911656891495596, 32.90872434017595, 32.91055718475073, 32.91458944281525, 32.91642228739003, 32.918988269794724, 32.91825513196481, 32.91385630498534, 32.913123167155426, 32.919721407624635, 32.92265395894428, 32.9175219941349, 32.91825513196481, 32.91935483870968, 32.915689149560116, 32.90982404692082, 32.909824046920825, 32.91348973607038, 32.91092375366569, 32.91202346041056, 32.913856304985345, 32.90725806451613, 32.908357771260995, 32.91532258064516, 32.91678885630498, 32.91935483870967, 32.91605571847507, 32.91678885630498, 32.91385630498534, 32.913123167155426, 32.913123167155426, 32.907624633431084, 32.91019061583577, 32.90689149560117, 32.90432551319648, 32.90799120234604, 32.9116568914956, 32.91129032258065, 32.910923753665685, 32.91092375366569, 32.912390029325515, 32.912390029325515, 32.910557184750736, 32.90945747800586, 32.909090909090914, 32.91129032258064, 32.91385630498534, 32.91385630498534, 32.911656891495596, 32.91055718475073, 32.90945747800586, 32.913123167155426, 32.91385630498534, 32.91422287390029, 32.913123167155426, 32.90945747800587, 32.90689149560117, 32.908357771260995, 32.913123167155426, 32.907624633431084, 32.90615835777126, 32.90909090909091, 32.90799120234604, 32.90615835777126, 32.90652492668622, 32.90945747800586, 32.90689149560117, 32.907624633431084, 32.90615835777126, 32.903225806451616, 32.90542521994135, 32.89956011730205, 31.907258064516128, 31.906891495601172, 31.906524926686217, 31.906891495601172, 31.910557184750736, 31.908357771260995, 31.908357771261, 31.907991202346043, 31.910923753665692, 31.910923753665692, 31.908357771261, 31.909824046920818, 31.909090909090907, 31.906524926686217, 31.90909090909091, 31.912390029325515, 31.908357771260995, 31.911656891495596, 31.9116568914956, 31.91385630498534, 31.91385630498534, 31.910557184750736, 31.913856304985337, 31.90982404692082, 31.90982404692082, 31.911656891495603, 31.908357771260995, 31.909090909090907, 31.90542521994135, 31.906524926686217, 31.90542521994135, 31.909457478005862, 31.909457478005862, 31.910190615835774, 31.911656891495603, 31.913856304985337, 31.91715542521994, 31.909824046920818, 31.9116568914956, 31.91202346041056, 31.915322580645164, 31.914222873900297, 31.91202346041056, 31.914956011730208, 31.916788856304986, 31.91568914956012, 31.913856304985337, 31.91092375366569, 31.914222873900297, 31.91239002932551, 31.912023460410555, 31.911290322580644, 31.909457478005866, 31.907624633431087, 31.908357771261, 31.90725806451613, 31.912023460410555, 31.91239002932551, 31.915689149560116, 31.91568914956012, 31.91312316715543, 31.91385630498534, 31.91568914956012, 31.91385630498534, 31.911656891495603, 31.912023460410555, 31.911290322580648, 31.910190615835777, 31.912023460410555, 31.913489736070385, 31.913123167155426, 31.913123167155426, 31.914956011730208, 31.917155425219942, 31.914222873900297, 31.91568914956012, 31.913123167155426, 31.91239002932551, 31.9116568914956, 31.913856304985337, 31.90799120234604, 31.907624633431084, 31.902859237536653, 31.903958944281527, 31.90579178885631, 31.90542521994135, 31.907624633431087, 31.908357771261, 31.90542521994135, 31.903592375366568, 31.9024926686217, 31.905791788856305, 31.906891495601172, 31.907258064516128, 31.90909090909091, 31.911290322580644, 31.91275659824047, 31.905791788856305, 31.90909090909091, 31.913123167155426, 31.906524926686217, 31.909457478005866, 31.907258064516128, 31.90542521994135, 31.905425219941346, 31.905058651026394, 31.90542521994135, 31.90615835777126, 31.905058651026394, 31.903958944281523, 31.90652492668622, 31.90615835777126, 31.903225806451612, 31.901026392961878, 31.89992668621701, 31.900659824046922, 31.899560117302055, 31.90175953079179]",0.9135065514081194,0.9332483157501514,32,"[33, 33, 33, 33, 33, 33, 33, 33, 33, 33, 33, 33, 33, 33, 33, 33, 33, 33, 33, 33, 33, 33, 33, 33, 33, 33, 33, 33, 33, 33, 33, 33, 33, 33, 33, 33, 33, 33, 33, 33, 33, 33, 33, 33, 33, 33, 33, 33, 33, 33, 33, 33, 33, 33, 33, 33, 33, 33, 33, 33, 33, 33, 33, 33, 33, 33, 33, 33, 33, 33, 33, 33, 33, 33, 33, 33, 33, 33, 33, 33, 33, 33, 33, 33, 33, 33, 33, 33, 33, 33, 33, 33, 33, 33, 33, 33, 33, 33, 33, 33, 33, 33, 33, 33, 33, 33, 33, 33, 33, 33, 33, 33, 33, 33, 33, 33, 33, 33, 33, 33, 33, 33, 33, 33, 33, 33, 33, 33, 33, 33, 33, 33, 33, 33, 33, 33, 33, 33, 33, 33, 33, 33, 33, 33, 33, 33, 33, 33, 33, 33, 33, 33, 33, 33, 33, 33, 33, 33, 33, 33, 33, 33, 33, 33, 33, 33, 33, 33, 33, 33, 33, 33, 33, 33, 33, 33, 33, 33, 33, 33, 33, 33, 33, 33, 33, 33, 33, 33, 33, 33, 33, 33, 33, 33, 33, 33, 33, 33, 33, 33, 33, 33, 33, 33, 33, 33, 33, 33, 33, 33, 33, 33, 33, 33, 33, 33, 33, 33, 33, 33, 33, 33, 33, 33, 33, 33, 33, 33, 33, 33, 33, 33, 33, 33, 33, 33, 33, 33, 33, 33, 33, 33, 33, 33, 33, 33, 33, 33, 33, 33, 33, 33, 33, 33, 33, 33, 33, 33, 33, 33, 33, 33, 33, 33, 33, 33, 33, 33, 33, 33, 33, 33, 33, 33, 33, 33, 33, 33, 33, 33, 33, 33, 33, 33, 33, 33, 33, 33, 33, 33, 33, 33, 33, 33, 33, 33, 33, 33, 33, 33, 33, 33, 33, 33, 33, 33, 33, 33, 33, 33, 33, 33, 33, 33, 33, 33, 33, 33, 33, 33, 33, 33, 33, 33, 33, 33, 33, 33, 33, 33, 33, 33, 33, 33, 33, 33, 33, 33, 33, 33, 33, 33, 33, 33, 33, 33, 33, 33, 33, 33, 33, 33, 33, 33, 33, 33, 33, 33, 33, 33, 33, 33, 33, 33, 33, 33, 33, 33, 33, 33, 33, 33, 33, 33, 33, 33, 33, 32, 32, 32, 32, 32, 32, 32, 32, 32, 32, 32, 32, 32, 32, 32, 32, 32, 32, 32, 32, 32, 32, 32, 32, 32, 32, 32, 32, 32, 32, 32, 32, 32, 32, 32, 32, 32, 32, 32, 32, 32, 32, 32, 32, 32, 32, 32, 32, 32, 32, 32, 32, 32, 32, 32, 32, 32, 32, 32, 32, 32, 32, 32, 32, 32, 32, 32, 32, 32, 32, 32, 32, 32, 32, 32, 32, 32, 32, 32, 32, 32, 32, 32, 32, 32, 32, 32, 32, 32, 32, 32, 32, 32, 32, 32, 32, 32, 32, 32, 32, 32, 32, 32, 32, 32, 32, 32, 32, 32, 32, 32, 32, 32, 32, 32, 32, 32, 32]",495,"[0.399539977312088, 0.39088940620422363, 0.3854272961616516, 0.3809911608695984, 0.37771663069725037, 0.3762624263763428, 0.3730562925338745, 0.37093573808670044, 0.368916392326355, 0.3674237132072449, 0.3654972016811371, 0.3642290532588959, 0.3622383177280426, 0.3606864809989929, 0.3589898943901062, 0.35758450627326965, 0.35575759410858154, 0.35458073019981384, 0.35263025760650635, 0.35130634903907776, 0.34975147247314453, 0.34870094060897827, 0.34765854477882385, 0.34601351618766785, 0.3452368676662445, 0.3427959680557251, 0.3414204716682434, 0.34001076221466064, 0.33908921480178833, 0.33767810463905334, 0.33591294288635254, 0.3354851007461548, 0.3330237865447998, 0.3317472040653229, 0.33038270473480225, 0.3287493884563446, 0.32882654666900635, 0.3256005346775055, 0.32401588559150696, 0.3228965103626251, 0.3204675018787384, 0.31944456696510315, 0.3169262111186981, 0.3155231773853302, 0.3137242794036865, 0.3111713230609894, 0.3104434311389923, 0.30694228410720825, 0.30536577105522156, 0.3027553856372833, 0.3008597493171692, 0.2982730269432068, 0.29595494270324707, 0.29404130578041077, 0.2912917137145996, 0.2893311381340027, 0.28697893023490906, 0.2848456799983978, 0.28403356671333313, 0.28048789501190186, 0.2789103090763092, 0.2769884467124939, 0.27537211775779724, 0.27293241024017334, 0.271235853433609, 0.2696850895881653, 0.26801782846450806, 0.26666486263275146, 0.2660163938999176, 0.2639707624912262, 0.2627200782299042, 0.2614519000053406, 0.2606249153614044, 0.2600015699863434, 0.25817668437957764, 0.25699102878570557, 0.2560104727745056, 0.25492575764656067, 0.2541085183620453, 0.25255241990089417, 0.2518772780895233, 0.25075238943099976, 0.25001585483551025, 0.24923714995384216, 0.2483735829591751, 0.24747046828269958, 0.2466445118188858, 0.24560487270355225, 0.24529175460338593, 0.2450658679008484, 0.24341700971126556, 0.24257728457450867, 0.2423495501279831, 0.2422029674053192, 0.24075236916542053, 0.23995767533779144, 0.23906204104423523, 0.23832465708255768, 0.23931755125522614, 0.23723743855953217, 0.23655946552753448, 0.23578546941280365, 0.23530352115631104, 0.23523816466331482, 0.23450063169002533, 0.2344076782464981, 0.23329505324363708, 0.23286323249340057, 0.23167084157466888, 0.23266273736953735, 0.23057179152965546, 0.23032210767269135, 0.22965744137763977, 0.22891564667224884, 0.22851316630840302, 0.22779281437397003, 0.22862637042999268, 0.22804875671863556, 0.22613853216171265, 0.2257668524980545, 0.225428506731987, 0.22571295499801636, 0.22435638308525085, 0.22445639967918396, 0.22340309619903564, 0.22352248430252075, 0.22286085784435272, 0.22245624661445618, 0.22227247059345245, 0.22264261543750763, 0.22133329510688782, 0.22097784280776978, 0.2218557745218277, 0.2198493927717209, 0.2197621464729309, 0.22016434371471405, 0.21982228755950928, 0.2194080799818039, 0.2180659919977188, 0.21821634471416473, 0.21755768358707428, 0.21896499395370483, 0.21686798334121704, 0.21712644398212433, 0.21613332629203796, 0.21631385385990143, 0.21517938375473022, 0.21521452069282532, 0.21547859907150269, 0.21535241603851318, 0.21388283371925354, 0.21503306925296783, 0.21436570584774017, 0.21345588564872742, 0.21296024322509766, 0.21321582794189453, 0.2127276211977005, 0.2126585841178894, 0.2125929892063141, 0.21173028647899628, 0.21148374676704407, 0.21184830367565155, 0.21140682697296143, 0.2110941857099533, 0.21206603944301605, 0.2115214318037033, 0.2111896276473999, 0.21026353538036346, 0.20923204720020294, 0.20964843034744263, 0.20999984443187714, 0.2089177519083023, 0.20921021699905396, 0.20812749862670898, 0.20845100283622742, 0.20785413682460785, 0.20858056843280792, 0.2111022174358368, 0.20813968777656555, 0.20793750882148743, 0.20692934095859528, 0.2071695476770401, 0.20855712890625, 0.20791184902191162, 0.20640307664871216, 0.20598454773426056, 0.2062414288520813, 0.2060842514038086, 0.2056129276752472, 0.205831378698349, 0.20518355071544647, 0.2065073400735855, 0.2052777111530304, 0.20583702623844147, 0.2046060562133789, 0.20551282167434692, 0.20583981275558472, 0.2065058946609497, 0.20565862953662872, 0.20480558276176453, 0.20286056399345398, 0.20473870635032654, 0.20407871901988983, 0.20469148457050323, 0.20360001921653748, 0.20614176988601685, 0.2044847309589386, 0.20359306037425995, 0.20352770388126373, 0.20284126698970795, 0.20289891958236694, 0.2023203819990158, 0.2022475004196167, 0.20464515686035156, 0.20266477763652802, 0.20374765992164612, 0.20329108834266663, 0.20242168009281158, 0.20189490914344788, 0.20244987308979034, 0.20349353551864624, 0.20104031264781952, 0.20076556503772736, 0.2010238766670227, 0.20076410472393036, 0.20366714894771576, 0.20039810240268707, 0.2007654309272766, 0.20075002312660217, 0.20118644833564758, 0.20095962285995483, 0.2008049339056015, 0.20018191635608673, 0.19957025349140167, 0.2000596970319748, 0.1999155879020691, 0.20084072649478912, 0.20086470246315002, 0.20132900774478912, 0.19799579679965973, 0.20001718401908875, 0.20070625841617584, 0.19972915947437286, 0.20198708772659302, 0.1982560008764267, 0.20058050751686096, 0.19883209466934204, 0.20203951001167297, 0.19871951639652252, 0.19909290969371796, 0.2007739096879959, 0.1981411576271057, 0.1981339007616043, 0.19908085465431213, 0.19769534468650818, 0.1979958415031433, 0.19773606956005096, 0.19679825007915497, 0.19830670952796936, 0.1971304714679718, 0.19765311479568481, 0.19844470918178558, 0.1969796121120453, 0.19686196744441986, 0.19829756021499634, 0.1984892040491104, 0.1963523030281067, 0.19661492109298706, 0.19625058770179749, 0.19617469608783722, 0.19722746312618256, 0.19933395087718964, 0.19641990959644318, 0.19672566652297974, 0.19710828363895416, 0.19761700928211212, 0.19710998237133026, 0.19571343064308167, 0.1948729157447815, 0.19685249030590057, 0.1960328072309494, 0.1954052597284317, 0.1958860605955124, 0.19661162793636322, 0.19524309039115906, 0.19774974882602692, 0.1976321041584015, 0.19815535843372345, 0.1948605477809906, 0.19472552835941315, 0.19673915207386017, 0.19554412364959717, 0.1957630217075348, 0.19620096683502197, 0.1946200579404831, 0.19518691301345825, 0.1954539716243744, 0.19561037421226501, 0.19406788051128387, 0.19410079717636108, 0.19440680742263794, 0.19544655084609985, 0.19666697084903717, 0.19397279620170593, 0.19595997035503387, 0.19337216019630432, 0.19429552555084229, 0.19486016035079956, 0.19435472786426544, 0.19322502613067627, 0.19504882395267487, 0.19489562511444092, 0.1930907964706421, 0.19642847776412964, 0.19319508969783783, 0.1940739005804062, 0.19237525761127472, 0.1927555501461029, 0.19183006882667542, 0.19337430596351624, 0.1931747943162918, 0.1930992305278778, 0.19352158904075623, 0.19257184863090515, 0.1935950666666031, 0.19342370331287384, 0.1929120272397995, 0.19295677542686462, 0.19327908754348755, 0.19485563039779663, 0.1937231421470642, 0.19245567917823792, 0.19292254745960236, 0.19332872331142426, 0.19268596172332764, 0.19167326390743256, 0.19127225875854492, 0.19165003299713135, 0.19067929685115814, 0.19194577634334564, 0.1926509290933609, 0.19019478559494019, 0.191579207777977, 0.19155217707157135, 0.19192472100257874, 0.19169096648693085, 0.19314724206924438, 0.19134682416915894, 0.19209283590316772, 0.19253729283809662, 0.1902395486831665, 0.190704345703125, 0.19183479249477386, 0.19079050421714783, 0.1926237940788269, 0.1919798105955124, 0.1927649825811386, 0.19118091464042664, 0.19276699423789978, 0.19039970636367798, 0.1924586296081543, 0.19129550457000732, 0.19153538346290588, 0.19065514206886292, 0.19378861784934998, 0.19139063358306885, 0.18968023359775543, 0.191027238