,number,value,datetime_start,datetime_complete,duration,params_batch_size_scaler,params_constant_learning_rate,params_depth,params_epochs,params_kernel_l2,params_num_trees,params_temperature,user_attrs_accuracy_test,user_attrs_accuracy_valid,user_attrs_approximate_feature_sparsity,user_attrs_approximate_feature_sparsity_history,user_attrs_approximate_weight_sparsity,user_attrs_approximate_weight_sparsity_history,user_attrs_auc_test,user_attrs_auc_valid,user_attrs_feature_sparsity,user_attrs_feature_sparsity_history,user_attrs_num_epochs,user_attrs_val_loss_history,user_attrs_weight_sparsity,user_attrs_weight_sparsity_history,state
52,52,0.6936533086009455,2024-08-31 02:33:33.412930,2024-08-31 02:34:55.584154,0 days 00:01:22.171224,64,0.010559717759749822,4,465,0.001855596886297776,38,0.0016513037452481388,0.859,0.85875,33,"[33, 33, 33, 33, 33, 33, 33, 33, 33, 33, 33, 33, 33, 33, 33, 33, 33, 33, 33, 33, 33, 33, 33, 33, 33, 33, 33, 33, 33, 33, 33, 33, 33, 33, 33, 33, 33, 33, 33, 33, 33, 33, 33, 33, 33, 33, 33, 33, 33, 33, 33, 33, 33, 33, 33, 33, 33, 33, 33, 33, 33, 33, 33, 33, 33, 33, 33, 33, 33, 33, 33, 33, 33, 33, 33, 33, 33, 33, 33, 33, 33, 33, 33, 33, 33, 33, 33, 33, 33, 33, 33, 33, 33, 33, 33, 33, 33, 33, 33, 33, 33, 33, 33, 33, 33, 33, 33, 33, 33, 33, 33, 33, 33, 33, 33, 33, 33, 33, 33, 33, 33, 33, 33, 33, 33, 33, 33, 33, 33, 33, 33, 33, 33, 33, 33, 33, 33, 33, 33, 33, 33, 33, 33, 33, 33, 33, 33, 33, 33, 33, 33, 33, 33, 33, 33, 33, 33, 33, 33, 33, 33, 33, 33, 33, 33, 33, 33, 33, 33, 33, 33, 33, 33, 33, 33, 33, 33, 33, 33, 33, 33, 33, 33, 33, 33, 33, 33, 33, 33, 33, 33, 33, 33, 33, 33, 33, 33, 33, 33, 33, 33, 33, 33, 33, 33, 33, 33, 33, 33, 33, 33, 33, 33, 33, 33, 33, 33, 33, 33, 33, 33, 33, 33, 33, 33, 33, 33, 33, 33, 33, 33, 33, 33, 33, 33, 33, 33, 33, 33, 33, 33, 33, 33, 33, 33, 33, 33, 33, 33, 33, 33, 33, 33, 33, 33, 33, 33, 33, 33, 33, 33, 33, 33, 33, 33, 33, 33, 33, 33, 33, 33, 33, 33, 33, 33, 33, 33, 33, 33, 33, 33, 33, 33, 33, 33, 33, 33, 33, 33, 33, 33, 33, 33, 33, 33, 33, 33, 33, 33, 33, 33, 33, 33, 33, 33, 33, 33, 33, 33, 33, 33, 33, 33, 33, 33, 33, 33, 33, 33, 33, 33, 33, 33, 33, 33, 33, 33, 33, 33, 33, 33, 33, 33, 33, 33, 33, 33, 33, 33, 33, 33, 33, 33, 33, 33, 33, 33, 33, 33, 33, 33, 33, 33, 33, 33, 33, 33, 33, 33, 33, 33, 33, 33, 33, 33, 33, 33, 33, 33, 33, 33, 33, 33, 33, 33, 33, 33, 33, 33, 33, 33, 33, 33, 33, 33, 33, 33, 33, 33, 33, 33, 33, 33, 33, 33, 33, 33, 33, 33, 33, 33, 33, 33, 33, 33, 33, 33, 33, 33, 33, 33, 33, 33, 33, 33, 33, 33, 33, 33, 33, 33, 33, 33, 33, 33, 33, 33, 33, 33, 33, 33, 33, 33, 33, 33, 33, 33, 33, 33, 33, 33, 33, 33, 33, 33, 33, 33, 33, 33, 33, 33, 33, 33, 33, 33, 33, 33, 33, 33, 33, 33, 33, 33, 33, 33]",32.95789473684211,"[32.95789473684211, 32.96140350877193, 32.96315789473684, 32.96491228070175, 32.96842105263158, 32.97017543859649, 32.97017543859649, 32.96491228070175, 32.96491228070175, 32.96666666666667, 32.96140350877193, 32.96140350877193, 32.96315789473684, 32.959649122807015, 32.959649122807015, 32.959649122807015, 32.96315789473684, 32.96140350877192, 32.959649122807015, 32.959649122807015, 32.96315789473684, 32.96491228070175, 32.96666666666667, 32.97017543859649, 32.968421052631584, 32.968421052631584, 32.96842105263158, 32.96491228070175, 32.96315789473684, 32.959649122807015, 32.9578947368421, 32.959649122807015, 32.96140350877192, 32.96315789473684, 32.95789473684211, 32.9578947368421, 32.95614035087719, 32.95789473684211, 32.9578947368421, 32.9578947368421, 32.96491228070175, 32.96315789473684, 32.96315789473684, 32.96315789473684, 32.96491228070175, 32.96666666666667, 32.96842105263158, 32.96666666666667, 32.96666666666667, 32.96491228070175, 32.96491228070175, 32.96315789473684, 32.95614035087719, 32.95438596491228, 32.95614035087719, 32.95789473684211, 32.959649122807015, 32.95789473684211, 32.95789473684211, 32.95789473684211, 32.96315789473684, 32.959649122807015, 32.959649122807015, 32.95614035087719, 32.9578947368421, 32.9578947368421, 32.9578947368421, 32.96140350877193, 32.959649122807015, 32.95789473684211, 32.95789473684211, 32.95614035087719, 32.95614035087719, 32.95789473684211, 32.95789473684211, 32.96140350877193, 32.95789473684211, 32.959649122807015, 32.959649122807015, 32.959649122807015, 32.96140350877192, 32.959649122807015, 32.95789473684211, 32.95614035087719, 32.95614035087719, 32.95614035087719, 32.95614035087719, 32.95789473684211, 32.95789473684211, 32.959649122807015, 32.95789473684211, 32.96140350877192, 32.96140350877192, 32.96315789473684, 32.96140350877193, 32.96491228070175, 32.96491228070175, 32.96491228070175, 32.96491228070175, 32.96140350877193, 32.959649122807015, 32.9578947368421, 32.96140350877193, 32.96140350877193, 32.959649122807015, 32.96315789473684, 32.9578947368421, 32.96140350877193, 32.95789473684211, 32.9578947368421, 32.9578947368421, 32.959649122807015, 32.95789473684211, 32.96491228070175, 32.96491228070175, 32.96842105263158, 32.96842105263158, 32.96842105263158, 32.96315789473684, 32.96315789473684, 32.959649122807015, 32.95789473684211, 32.96140350877193, 32.96315789473684, 32.96315789473684, 32.96491228070175, 32.96491228070175, 32.96666666666667, 32.959649122807015, 32.96315789473684, 32.96315789473684, 32.96140350877193, 32.959649122807015, 32.96666666666667, 32.97017543859649, 32.973684210526315, 32.973684210526315, 32.970175438596485, 32.96666666666667, 32.96842105263158, 32.970175438596485, 32.96842105263158, 32.96842105263158, 32.96666666666667, 32.96666666666667, 32.96491228070175, 32.96491228070175, 32.96491228070175, 32.96140350877193, 32.96315789473684, 32.96842105263158, 32.970175438596485, 32.96491228070175, 32.96491228070175, 32.96315789473684, 32.959649122807015, 32.959649122807015, 32.96315789473684, 32.96140350877193, 32.96491228070175, 32.96140350877193, 32.959649122807015, 32.96140350877193, 32.96491228070175, 32.96491228070175, 32.96491228070175, 32.96666666666667, 32.96666666666667, 32.96842105263158, 32.96666666666667, 32.96666666666667, 32.96491228070175, 32.96491228070175, 32.96491228070175, 32.96491228070175, 32.96491228070175, 32.963157894736845, 32.963157894736845, 32.96140350877193, 32.96842105263158, 32.96666666666667, 32.96666666666667, 32.96842105263158, 32.96842105263158, 32.97017543859649, 32.97017543859649, 32.9719298245614, 32.970175438596485, 32.970175438596485, 32.970175438596485, 32.96842105263158, 32.96842105263158, 32.97017543859649, 32.97017543859649, 32.97017543859649, 32.97017543859649, 32.973684210526315, 32.9719298245614, 32.973684210526315, 32.9719298245614, 32.9719298245614, 32.9719298245614, 32.97017543859649, 32.97017543859649, 32.96842105263158, 32.96666666666667, 32.96491228070175, 32.96491228070175, 32.96491228070175, 32.96491228070175, 32.96491228070175, 32.96140350877193, 32.96315789473684, 32.96491228070175, 32.96666666666667, 32.96842105263158, 32.970175438596485, 32.970175438596485, 32.96842105263158, 32.96842105263158, 32.96666666666667, 32.96666666666667, 32.96491228070175, 32.96666666666667, 32.96491228070175, 32.96842105263158, 32.96842105263158, 32.9719298245614, 32.9719298245614, 32.9719298245614, 32.9719298245614, 32.973684210526315, 32.973684210526315, 32.9719298245614, 32.96842105263158, 32.96491228070175, 32.96315789473684, 32.959649122807015, 32.959649122807015, 32.959649122807015, 32.95438596491228, 32.95438596491228, 32.95614035087719, 32.95614035087719, 32.95438596491228, 32.95614035087719, 32.95438596491228, 32.95438596491228, 32.95614035087719, 32.95614035087719, 32.95614035087719, 32.9578947368421, 32.959649122807015, 32.95614035087719, 32.9578947368421, 32.95614035087719, 32.95614035087719, 32.959649122807015, 32.96140350877192, 32.96315789473684, 32.96315789473684, 32.96315789473684, 32.96315789473684, 32.96491228070175, 32.96666666666666, 32.96491228070175, 32.96491228070175, 32.96666666666666, 32.96666666666666, 32.96666666666667, 32.96666666666667, 32.96666666666667, 32.96666666666667, 32.96842105263158, 32.97017543859649, 32.9719298245614, 32.97017543859649, 32.96842105263158, 32.96666666666667, 32.96491228070175, 32.96491228070175, 32.96491228070175, 32.96666666666667, 32.96491228070175, 32.96666666666667, 32.96666666666667, 32.96491228070175, 32.96666666666667, 32.96491228070175, 32.96315789473684, 32.96491228070175, 32.96491228070175, 32.96491228070175, 32.963157894736845, 32.96140350877193, 32.96140350877193, 32.95789473684211, 32.95789473684211, 32.95438596491228, 32.95438596491228, 32.95438596491228, 32.95438596491228, 32.95438596491228, 32.95438596491228, 32.95438596491228, 32.95614035087719, 32.95614035087719, 32.959649122807015, 32.95789473684211, 32.959649122807015, 32.96140350877193, 32.96140350877193, 32.96140350877193, 32.959649122807015, 32.96140350877193, 32.959649122807015, 32.96140350877193, 32.96315789473684, 32.96140350877193, 32.96140350877193, 32.96140350877193, 32.96140350877193, 32.963157894736845, 32.959649122807015, 32.959649122807015, 32.96140350877193, 32.96491228070175, 32.96491228070175, 32.96491228070175, 32.96491228070175, 32.96491228070175, 32.96491228070175, 32.96666666666667, 32.968421052631584, 32.968421052631584, 32.968421052631584, 32.97017543859649, 32.968421052631584, 32.968421052631584, 32.968421052631584, 32.968421052631584, 32.96666666666667, 32.96666666666667, 32.9719298245614, 32.9719298245614, 32.973684210526315, 32.973684210526315, 32.97017543859649, 32.9719298245614, 32.9719298245614, 32.973684210526315, 32.9719298245614, 32.97017543859649, 32.9719298245614, 32.9719298245614, 32.9719298245614, 32.9719298245614, 32.973684210526315, 32.973684210526315, 32.973684210526315, 32.9719298245614, 32.973684210526315, 32.9719298245614, 32.973684210526315, 32.97543859649123, 32.973684210526315, 32.973684210526315, 32.977192982456145, 32.977192982456145, 32.977192982456145, 32.977192982456145, 32.977192982456145, 32.97543859649123, 32.97543859649123, 32.97543859649123, 32.97543859649123, 32.9719298245614, 32.973684210526315, 32.9719298245614, 32.97017543859649, 32.9719298245614, 32.9719298245614, 32.9719298245614, 32.97017543859649, 32.97017543859649, 32.9719298245614, 32.968421052631584, 32.968421052631584, 32.968421052631584, 32.968421052631584, 32.96666666666667, 32.96666666666667, 32.96666666666667, 32.96666666666667, 32.96666666666667, 32.96491228070175, 32.963157894736845, 32.96491228070175, 32.96315789473684, 32.96140350877193, 32.959649122807015, 32.959649122807015, 32.959649122807015, 32.95789473684211, 32.95614035087719, 32.95614035087719, 32.95614035087719, 32.95614035087719, 32.95438596491228, 32.95087719298245, 32.95263157894737, 32.95438596491228, 32.95614035087719, 32.95789473684211, 32.95789473684211, 32.959649122807015, 32.95789473684211, 32.959649122807015, 32.95614035087719, 32.959649122807015, 32.9578947368421, 32.95614035087719, 32.95614035087719, 32.95438596491228, 32.95614035087719, 32.95614035087719, 32.95438596491228, 32.95614035087719, 32.95614035087719, 32.95789473684211, 32.959649122807015, 32.959649122807015, 32.959649122807015, 32.96140350877193, 32.96140350877193, 32.96140350877193, 32.96140350877193, 32.96140350877193, 32.959649122807015, 32.95614035087719, 32.95789473684211, 32.95789473684211, 32.95789473684211, 32.95964912280702, 32.95614035087719, 32.95789473684211, 32.95789473684211, 32.95614035087719, 32.95789473684211, 32.95789473684211, 32.95789473684211, 32.959649122807015, 32.959649122807015, 32.95789473684211, 32.959649122807015, 32.95789473684211, 32.95614035087719, 32.95789473684211, 32.95614035087719, 32.95614035087719, 32.95789473684211, 32.95964912280702, 32.95964912280702, 32.95789473684211, 32.95789473684211]",0.7292827714891965,0.6936533086009455,33,"[33, 33, 33, 33, 33, 33, 33, 33, 33, 33, 33, 33, 33, 33, 33, 33, 33, 33, 33, 33, 33, 33, 33, 33, 33, 33, 33, 33, 33, 33, 33, 33, 33, 33, 33, 33, 33, 33, 33, 33, 33, 33, 33, 33, 33, 33, 33, 33, 33, 33, 33, 33, 33, 33, 33, 33, 33, 33, 33, 33, 33, 33, 33, 33, 33, 33, 33, 33, 33, 33, 33, 33, 33, 33, 33, 33, 33, 33, 33, 33, 33, 33, 33, 33, 33, 33, 33, 33, 33, 33, 33, 33, 33, 33, 33, 33, 33, 33, 33, 33, 33, 33, 33, 33, 33, 33, 33, 33, 33, 33, 33, 33, 33, 33, 33, 33, 33, 33, 33, 33, 33, 33, 33, 33, 33, 33, 33, 33, 33, 33, 33, 33, 33, 33, 33, 33, 33, 33, 33, 33, 33, 33, 33, 33, 33, 33, 33, 33, 33, 33, 33, 33, 33, 33, 33, 33, 33, 33, 33, 33, 33, 33, 33, 33, 33, 33, 33, 33, 33, 33, 33, 33, 33, 33, 33, 33, 33, 33, 33, 33, 33, 33, 33, 33, 33, 33, 33, 33, 33, 33, 33, 33, 33, 33, 33, 33, 33, 33, 33, 33, 33, 33, 33, 33, 33, 33, 33, 33, 33, 33, 33, 33, 33, 33, 33, 33, 33, 33, 33, 33, 33, 33, 33, 33, 33, 33, 33, 33, 33, 33, 33, 33, 33, 33, 33, 33, 33, 33, 33, 33, 33, 33, 33, 33, 33, 33, 33, 33, 33, 33, 33, 33, 33, 33, 33, 33, 33, 33, 33, 33, 33, 33, 33, 33, 33, 33, 33, 33, 33, 33, 33, 33, 33, 33, 33, 33, 33, 33, 33, 33, 33, 33, 33, 33, 33, 33, 33, 33, 33, 33, 33, 33, 33, 33, 33, 33, 33, 33, 33, 33, 33, 33, 33, 33, 33, 33, 33, 33, 33, 33, 33, 33, 33, 33, 33, 33, 33, 33, 33, 33, 33, 33, 33, 33, 33, 33, 33, 33, 33, 33, 33, 33, 33, 33, 33, 33, 33, 33, 33, 33, 33, 33, 33, 33, 33, 33, 33, 33, 33, 33, 33, 33, 33, 33, 33, 33, 33, 33, 33, 33, 33, 33, 33, 33, 33, 33, 33, 33, 33, 33, 33, 33, 33, 33, 33, 33, 33, 33, 33, 33, 33, 33, 33, 33, 33, 33, 33, 33, 33, 33, 33, 33, 33, 33, 33, 33, 33, 33, 33, 33, 33, 33, 33, 33, 33, 33, 33, 33, 33, 33, 33, 33, 33, 33, 33, 33, 33, 33, 33, 33, 33, 33, 33, 33, 33, 33, 33, 33, 33, 33, 33, 33, 33, 33, 33, 33, 33, 33, 33, 33, 33, 33, 33, 33, 33, 33, 33, 33, 33, 33, 33, 33, 33, 33, 33, 33, 33, 33, 33, 33, 33, 33, 33, 33, 33]",465,"[0.9528326392173767, 0.8957366347312927, 0.8449023962020874, 0.799264669418335, 0.7596097588539124, 0.7234845757484436, 0.6911723613739014, 0.6619398593902588, 0.6358175277709961, 0.6130164265632629, 0.5929815173149109, 0.5744723677635193, 0.5591380000114441, 0.544132649898529, 0.5308607816696167, 0.5198687314987183, 0.5093331933021545, 0.49999696016311646, 0.49150481820106506, 0.483796626329422, 0.4767356216907501, 0.4707041084766388, 0.46494799852371216, 0.45973873138427734, 0.4546889066696167, 0.4498450458049774, 0.4457470178604126, 0.4419604539871216, 0.4386042654514313, 0.43536773324012756, 0.4324120581150055, 0.42971324920654297, 0.42745891213417053, 0.4250977635383606, 0.42285773158073425, 0.42116230726242065, 0.4193766117095947, 0.41761502623558044, 0.41614651679992676, 0.4148327112197876, 0.4134339392185211, 0.4122520387172699, 0.411057710647583, 0.40985870361328125, 0.40887001156806946, 0.40792787075042725, 0.40718621015548706, 0.4062516391277313, 0.40544819831848145, 0.40473902225494385, 0.404092013835907, 0.4035029709339142, 0.40284428000450134, 0.40234440565109253, 0.4017927944660187, 0.4013045132160187, 0.4008667767047882, 0.4004093408584595, 0.39990824460983276, 0.39954662322998047, 0.3992701470851898, 0.3988304138183594, 0.3983921706676483, 0.3980669379234314, 0.39774760603904724, 0.3974543511867523, 0.39723509550094604, 0.3969533145427704, 0.3966783285140991, 0.3964039981365204, 0.39622724056243896, 0.3960133492946625, 0.39574527740478516, 0.3954552114009857, 0.3952535390853882, 0.3950701653957367, 0.3948758840560913, 0.3946731686592102, 0.394509881734848, 0.3943420648574829, 0.3941444158554077, 0.3939424753189087, 0.3937384784221649, 0.39356622099876404, 0.3933911621570587, 0.3932163119316101, 0.3930366635322571, 0.39289388060569763, 0.39277517795562744, 0.39264601469039917, 0.3925250768661499, 0.3923938274383545, 0.39226603507995605, 0.39211350679397583, 0.39198198914527893, 0.39188453555107117, 0.3917383849620819, 0.3916108310222626, 0.39151260256767273, 0.3914012014865875, 0.391286164522171, 0.39117199182510376, 0.3910759687423706, 0.3909393548965454, 0.39081767201423645, 0.3906996250152588, 0.3905716836452484, 0.3904525637626648, 0.39036715030670166, 0.3902605175971985, 0.3901418447494507, 0.39005398750305176, 0.38995882868766785, 0.3898524343967438, 0.38977110385894775, 0.3896571695804596, 0.38958466053009033, 0.3895030915737152, 0.3893904983997345, 0.3892887234687805, 0.38918060064315796, 0.3891015946865082, 0.3890203535556793, 0.38892418146133423, 0.38883280754089355, 0.38875508308410645, 0.38867947459220886, 0.38859057426452637, 0.3884997069835663, 0.3884124755859375, 0.3883141577243805, 0.3882022202014923, 0.38810861110687256, 0.3880497217178345, 0.38796815276145935, 0.3878701329231262, 0.38779595494270325, 0.38771912455558777, 0.3876384496688843, 0.3875635266304016, 0.387472003698349, 0.3873990774154663, 0.38733166456222534, 0.38725125789642334, 0.3871551752090454, 0.38708096742630005, 0.38700565695762634, 0.38690322637557983, 0.38682693243026733, 0.38673636317253113, 0.38666218519210815, 0.3865901231765747, 0.38652583956718445, 0.38644522428512573, 0.38634398579597473, 0.3862583041191101, 0.3861778974533081, 0.38610926270484924, 0.38603609800338745, 0.38596898317337036, 0.3859010636806488, 0.3858310580253601, 0.38576096296310425, 0.38567042350769043, 0.38560599088668823, 0.38553351163864136, 0.38544952869415283, 0.3853926360607147, 0.3853136897087097, 0.38523542881011963, 0.38517996668815613, 0.38510727882385254, 0.3850192129611969, 0.38495415449142456, 0.3848957121372223, 0.38482484221458435, 0.3847579061985016, 0.38468143343925476, 0.3846241235733032, 0.3845447301864624, 0.3844737112522125, 0.3844032287597656, 0.384336918592453, 0.38427820801734924, 0.3842145800590515, 0.3841508626937866, 0.3840791583061218, 0.3840184509754181, 0.3839470148086548, 0.3838752508163452, 0.3838063180446625, 0.38372915983200073, 0.38366439938545227, 0.38360047340393066, 0.3835209906101227, 0.3834500014781952, 0.3833785653114319, 0.3833301067352295, 0.3832690715789795, 0.38321059942245483, 0.38314521312713623, 0.38307616114616394, 0.3830099403858185, 0.38293883204460144, 0.38287144899368286, 0.3828107714653015, 0.3827421963214874, 0.38268527388572693, 0.38261663913726807, 0.38254332542419434, 0.3824736475944519, 0.3824172616004944, 0.38236090540885925, 0.38230714201927185, 0.38224148750305176, 0.3821806311607361, 0.38211944699287415, 0.38206231594085693, 0.38200363516807556, 0.38195088505744934, 0.38188207149505615, 0.3818303346633911, 0.381781667470932, 0.3817256987094879, 0.38166895508766174, 0.38160714507102966, 0.38154229521751404, 0.3814879357814789, 0.3814239799976349, 0.38136473298072815, 0.3813137710094452, 0.3812532126903534, 0.38120323419570923, 0.38113948702812195, 0.3810909390449524, 0.3810412287712097, 0.38098594546318054, 0.38092246651649475, 0.3808712065219879, 0.38080909848213196, 0.38077521324157715, 0.3807300627231598, 0.38068661093711853, 0.38062915205955505, 0.38057926297187805, 0.38052085041999817, 0.3804572820663452, 0.3803950250148773, 0.38034334778785706, 0.3802941143512726, 0.3802533447742462, 0.38019707798957825, 0.38014277815818787, 0.38008230924606323, 0.3800297677516937, 0.3799809217453003, 0.3799391984939575, 0.3798714876174927, 0.3798210620880127, 0.37976861000061035, 0.3797146677970886, 0.3796619772911072, 0.37961676716804504, 0.3795558214187622, 0.37950533628463745, 0.37945255637168884, 0.37941309809684753, 0.37938106060028076, 0.37933748960494995, 0.3792811334133148, 0.37923216819763184, 0.3791760206222534, 0.37913477420806885, 0.3790900707244873, 0.3790353834629059, 0.37899962067604065, 0.3789616525173187, 0.3789048492908478, 0.3788532614707947, 0.3787824511528015, 0.37873661518096924, 0.37869027256965637, 0.3786521852016449, 0.3786170184612274, 0.3785620927810669, 0.3785245418548584, 0.3784762918949127, 0.378426194190979, 0.37838518619537354, 0.37832924723625183, 0.37829434871673584, 0.378251850605011, 0.3782041072845459, 0.3781622350215912, 0.37811043858528137, 0.3780561089515686, 0.37801629304885864, 0.3779735565185547, 0.3779478073120117, 0.37789681553840637, 0.3778436779975891, 0.37779170274734497, 0.37773025035858154, 0.3776833713054657, 0.3776252865791321, 0.3776017427444458, 0.3775578439235687, 0.3775254189968109, 0.37747910618782043, 0.37743517756462097, 0.37739163637161255, 0.37734562158584595, 0.3772893249988556, 0.3772236704826355, 0.37718653678894043, 0.37715041637420654, 0.37710610032081604, 0.3770618438720703, 0.37702903151512146, 0.3769823908805847, 0.37694087624549866, 0.3768986761569977, 0.3768550455570221, 0.37680503726005554, 0.37675797939300537, 0.3767279088497162, 0.37669363617897034, 0.3766544461250305, 0.3766131103038788, 0.3765760660171509, 0.3765331506729126, 0.37650004029273987, 0.37646687030792236, 0.37643033266067505, 0.37640276551246643, 0.37636157870292664, 0.37632274627685547, 0.376277357339859, 0.3762398660182953, 0.3761995732784271, 0.3761560320854187, 0.3761095702648163, 0.37605664134025574, 0.37601104378700256, 0.3759782314300537, 0.3759463429450989, 0.37589892745018005, 0.3758631646633148, 0.3758212625980377, 0.3757762014865875, 0.37574097514152527, 0.37570199370384216, 0.375663161277771, 0.37561413645744324, 0.37556514143943787, 0.37551480531692505, 0.3754802942276001, 0.3754459619522095, 0.3753994107246399, 0.37534812092781067, 0.3753163814544678, 0.37528204917907715, 0.3752431869506836, 0.37521037459373474, 0.37517544627189636, 0.3751276135444641, 0.3750998377799988, 0.37505242228507996, 0.3750227093696594, 0.3749845623970032, 0.37494957447052, 0.37492138147354126, 0.37488171458244324, 0.3748399615287781, 0.37480786442756653, 0.3747748136520386, 0.3747480809688568, 0.37470561265945435, 0.37466734647750854, 0.37462738156318665, 0.3745894730091095, 0.37455204129219055, 0.37451595067977905, 0.3744725286960602, 0.3744330108165741, 0.3743979334831238, 0.37435662746429443, 0.37431052327156067, 0.37428680062294006, 0.3742462992668152, 0.37420639395713806, 0.37417924404144287, 0.37414759397506714, 0.37411725521087646, 0.374080091714859, 0.37404364347457886, 0.37401634454727173, 0.37398749589920044, 0.3739583492279053, 0.3739359378814697, 0.37390437722206116, 0.3738604485988617, 0.37382784485816956, 0.3737904727458954, 0.3737679421901703, 0.3737450838088989, 0.3737107217311859, 0.3736766576766968, 0.3736411929130554, 0.3736130893230438, 0.3735796809196472, 0.3735509514808655, 0.37350913882255554, 0.3734802007675171, 0.3734492063522339, 0.37340384721