,number,value,datetime_start,datetime_complete,duration,params_batch_size_scaler,params_constant_learning_rate,params_depth,params_epochs,params_kernel_l2,params_num_trees,params_temperature,user_attrs_accuracy_test,user_attrs_accuracy_valid,user_attrs_approximate_feature_sparsity,user_attrs_approximate_feature_sparsity_history,user_attrs_approximate_weight_sparsity,user_attrs_approximate_weight_sparsity_history,user_attrs_auc_test,user_attrs_auc_valid,user_attrs_feature_sparsity,user_attrs_feature_sparsity_history,user_attrs_num_epochs,user_attrs_val_loss_history,user_attrs_weight_sparsity,user_attrs_weight_sparsity_history,state
57,57,0.5,2024-08-31 02:45:14.387491,2024-08-31 02:48:06.122516,0 days 00:02:51.735025,1,7.1850218285492575,1,445,0.021836510884148976,31,0.05292084658491108,0.141,0.14125,0,"[10, 11, 10, 12, 13, 16, 16, 16, 16, 17, 18, 17, 18, 18, 17, 17, 15, 15, 17, 17, 16, 16, 15, 16, 16, 16, 17, 17, 15, 13, 8, 13, 12, 13, 13, 8, 6, 2, 0, 0, 0, 0, 0, 0, 0, 0, 0, 0, 0, 0, 0, 0, 0, 0, 0, 0, 0, 0, 0, 0, 0, 0, 0, 0, 0, 0, 0, 0, 0, 0, 0, 0, 0, 0, 0, 0, 0, 0, 0, 0, 0, 0, 0, 0, 0, 0, 0, 0, 0, 0, 0, 0, 0, 0, 0, 0, 0, 0, 0, 0, 0, 0, 0, 0, 0, 0, 0, 0, 0, 0, 0, 0, 0, 0, 0, 0, 0, 0, 0, 0, 0, 0, 0, 0, 0, 0, 0, 0, 0, 0, 0, 0, 0, 0, 0, 0, 0, 0, 0, 0, 0, 0, 0, 0, 0, 0, 0, 0, 0, 0, 0, 0, 0, 0, 0, 0, 0, 0, 0, 0, 0, 0, 0, 0, 0, 0, 0, 0, 0, 0, 0, 0, 0, 0, 0, 0, 0, 0, 0, 0, 0, 0, 0, 0, 0, 0, 0, 0, 0, 0, 0, 0, 0, 0, 0, 6, 12, 12, 6, 8, 3, 4, 0, 0, 0, 0, 0, 0, 0, 0, 0, 0, 0, 0, 0, 0, 0, 0, 0, 0, 0, 0, 0, 0, 0, 0, 0, 0, 0, 0, 0, 0, 0, 0, 0, 0, 0, 0, 0, 0, 0, 0, 0, 0, 0, 0, 0, 0, 0, 0, 0, 0, 0, 0, 0, 0, 0, 0, 0, 0, 0, 0, 0, 0, 0, 0, 0, 0, 0, 0, 0, 0, 0, 0, 0, 0, 0, 0, 0, 0, 0, 0, 0, 0, 0, 0, 0, 0, 0, 0, 0, 0, 0, 0, 0, 0, 0, 0, 0, 0, 0, 0, 0, 0, 0, 0, 0, 0, 0, 0, 0, 0, 0, 0, 0, 0, 0, 0, 0, 0, 0, 0, 0, 0, 0, 0, 0, 0, 0, 0, 0, 0, 0, 0, 0, 0, 0, 0, 0, 0, 0, 0, 0, 0, 0, 0, 0, 0, 0, 0, 0, 0, 0, 0, 0, 0, 0, 0, 0, 0, 0, 0, 0, 0, 0, 0, 0, 0, 0, 0, 0, 0, 0, 0, 0, 0, 0, 0, 0, 0, 0, 0, 0, 0, 0, 0, 0, 0, 0, 0, 0, 0, 0, 0, 0, 0, 0, 0, 0, 0, 0, 0, 0, 0, 0, 0, 0, 0, 0, 0, 0, 0, 0, 0, 0, 0, 0, 0, 0, 0, 0, 0, 0, 0, 0, 0, 0, 0, 0, 0, 0, 0, 0, 0, 0, 0, 0, 0, 0, 0, 0, 0, 0, 0, 0]",0.0,"[10.0, 11.0, 10.0, 11.935483870967742, 12.870967741935484, 15.451612903225808, 15.35483870967742, 15.387096774193548, 15.290322580645162, 16.06451612903226, 16.774193548387096, 15.451612903225806, 15.903225806451612, 15.93548387096774, 15.064516129032256, 14.935483870967742, 13.32258064516129, 12.870967741935484, 14.129032258064516, 14.096774193548386, 12.806451612903224, 12.35483870967742, 11.225806451612904, 11.451612903225806, 10.838709677419356, 10.451612903225808, 10.70967741935484, 10.516129032258064, 9.096774193548388, 7.967741935483872, 4.225806451612903, 6.483870967741935, 6.032258064516129, 6.193548387096774, 5.451612903225806, 3.258064516129032, 2.161290322580645, 0.5806451612903226, 0.0, 0.0, 0.0, 0.0, 0.0, 0.0, 0.0, 0.0, 0.0, 0.0, 0.0, 0.0, 0.0, 0.0, 0.0, 0.0, 0.0, 0.0, 0.0, 0.0, 0.0, 0.0, 0.0, 0.0, 0.0, 0.0, 0.0, 0.0, 0.0, 0.0, 0.0, 0.0, 0.0, 0.0, 0.0, 0.0, 0.0, 0.0, 0.0, 0.0, 0.0, 0.0, 0.0, 0.0, 0.0, 0.0, 0.0, 0.0, 0.0, 0.0, 0.0, 0.0, 0.0, 0.0, 0.0, 0.0, 0.0, 0.0, 0.0, 0.0, 0.0, 0.0, 0.0, 0.0, 0.0, 0.0, 0.0, 0.0, 0.0, 0.0, 0.0, 0.0, 0.0, 0.0, 0.0, 0.0, 0.0, 0.0, 0.0, 0.0, 0.0, 0.0, 0.0, 0.0, 0.0, 0.0, 0.0, 0.0, 0.0, 0.0, 0.0, 0.0, 0.0, 0.0, 0.0, 0.0, 0.0, 0.0, 0.0, 0.0, 0.0, 0.0, 0.0, 0.0, 0.0, 0.0, 0.0, 0.0, 0.0, 0.0, 0.0, 0.0, 0.0, 0.0, 0.0, 0.0, 0.0, 0.0, 0.0, 0.0, 0.0, 0.0, 0.0, 0.0, 0.0, 0.0, 0.0, 0.0, 0.0, 0.0, 0.0, 0.0, 0.0, 0.0, 0.0, 0.0, 0.0, 0.0, 0.0, 0.0, 0.0, 0.0, 0.0, 0.0, 0.0, 0.0, 0.0, 0.0, 0.0, 0.0, 0.0, 0.0, 0.0, 0.0, 0.0, 0.0, 0.0, 1.6451612903225805, 3.225806451612903, 3.193548387096774, 1.6129032258064515, 1.806451612903226, 0.8387096774193548, 0.5161290322580645, 0.0, 0.0, 0.0, 0.0, 0.0, 0.0, 0.0, 0.0, 0.0, 0.0, 0.0, 0.0, 0.0, 0.0, 0.0, 0.0, 0.0, 0.0, 0.0, 0.0, 0.0, 0.0, 0.0, 0.0, 0.0, 0.0, 0.0, 0.0, 0.0, 0.0, 0.0, 0.0, 0.0, 0.0, 0.0, 0.0, 0.0, 0.0, 0.0, 0.0, 0.0, 0.0, 0.0, 0.0, 0.0, 0.0, 0.0, 0.0, 0.0, 0.0, 0.0, 0.0, 0.0, 0.0, 0.0, 0.0, 0.0, 0.0, 0.0, 0.0, 0.0, 0.0, 0.0, 0.0, 0.0, 0.0, 0.0, 0.0, 0.0, 0.0, 0.0, 0.0, 0.0, 0.0, 0.0, 0.0, 0.0, 0.0, 0.0, 0.0, 0.0, 0.0, 0.0, 0.0, 0.0, 0.0, 0.0, 0.0, 0.0, 0.0, 0.0, 0.0, 0.0, 0.0, 0.0, 0.0, 0.0, 0.0, 0.0, 0.0, 0.0, 0.0, 0.0, 0.0, 0.0, 0.0, 0.0, 0.0, 0.0, 0.0, 0.0, 0.0, 0.0, 0.0, 0.0, 0.0, 0.0, 0.0, 0.0, 0.0, 0.0, 0.0, 0.0, 0.0, 0.0, 0.0, 0.0, 0.0, 0.0, 0.0, 0.0, 0.0, 0.0, 0.0, 0.0, 0.0, 0.0, 0.0, 0.0, 0.0, 0.0, 0.0, 0.0, 0.0, 0.0, 0.0, 0.0, 0.0, 0.0, 0.0, 0.0, 0.0, 0.0, 0.0, 0.0, 0.0, 0.0, 0.0, 0.0, 0.0, 0.0, 0.0, 0.0, 0.0, 0.0, 0.0, 0.0, 0.0, 0.0, 0.0, 0.0, 0.0, 0.0, 0.0, 0.0, 0.0, 0.0, 0.0, 0.0, 0.0, 0.0, 0.0, 0.0, 0.0, 0.0, 0.0, 0.0, 0.0, 0.0, 0.0, 0.0, 0.0, 0.0, 0.0, 0.0, 0.0, 0.0, 0.0, 0.0, 0.0, 0.0, 0.0, 0.0, 0.0, 0.0, 0.0, 0.0, 0.0, 0.0, 0.0, 0.0, 0.0, 0.0, 0.0, 0.0, 0.0, 0.0, 0.0, 0.0, 0.0, 0.0, 0.0, 0.0, 0.0, 0.0, 0.0, 0.0, 0.0, 0.0, 0.0, 0.0, 0.0, 0.0, 0.0, 0.0, 0.0, 0.0, 0.0, 0.0, 0.0, 0.0, 0.0, 0.0]",0.5,0.5,0,"[10, 11, 10, 12, 13, 16, 16, 16, 16, 17, 18, 17, 18, 18, 17, 17, 15, 15, 17, 17, 16, 16, 15, 16, 16, 16, 17, 17, 15, 13, 8, 13, 12, 13, 13, 8, 6, 2, 0, 0, 0, 0, 0, 0, 0, 0, 0, 0, 0, 0, 0, 0, 0, 0, 0, 0, 0, 0, 0, 0, 0, 0, 0, 0, 0, 0, 0, 0, 0, 0, 0, 0, 0, 0, 0, 0, 0, 0, 0, 0, 0, 0, 0, 0, 0, 0, 0, 0, 0, 0, 0, 0, 0, 0, 0, 0, 0, 0, 0, 0, 0, 0, 0, 0, 0, 0, 0, 0, 0, 0, 0, 0, 0, 0, 0, 0, 0, 0, 0, 0, 0, 0, 0, 0, 0, 0, 0, 0, 0, 0, 0, 0, 0, 0, 0, 0, 0, 0, 0, 0, 0, 0, 0, 0, 0, 0, 0, 0, 0, 0, 0, 0, 0, 0, 0, 0, 0, 0, 0, 0, 0, 0, 0, 0, 0, 0, 0, 0, 0, 0, 0, 0, 0, 0, 0, 0, 0, 0, 0, 0, 0, 0, 0, 0, 0, 0, 0, 0, 0, 0, 0, 0, 0, 0, 0, 6, 12, 12, 6, 8, 3, 4, 0, 0, 0, 0, 0, 0, 0, 0, 0, 0, 0, 0, 0, 0, 0, 0, 0, 0, 0, 0, 0, 0, 0, 0, 0, 0, 0, 0, 0, 0, 0, 0, 0, 0, 0, 0, 0, 0, 0, 0, 0, 0, 0, 0, 0, 0, 0, 0, 0, 0, 0, 0, 0, 0, 0, 0, 0, 0, 0, 0, 0, 0, 0, 0, 0, 0, 0, 0, 0, 0, 0, 0, 0, 0, 0, 0, 0, 0, 0, 0, 0, 0, 0, 0, 0, 0, 0, 0, 0, 0, 0, 0, 0, 0, 0, 0, 0, 0, 0, 0, 0, 0, 0, 0, 0, 0, 0, 0, 0, 0, 0, 0, 0, 0, 0, 0, 0, 0, 0, 0, 0, 0, 0, 0, 0, 0, 0, 0, 0, 0, 0, 0, 0, 0, 0, 0, 0, 0, 0, 0, 0, 0, 0, 0, 0, 0, 0, 0, 0, 0, 0, 0, 0, 0, 0, 0, 0, 0, 0, 0, 0, 0, 0, 0, 0, 0, 0, 0, 0, 0, 0, 0, 0, 0, 0, 0, 0, 0, 0, 0, 0, 0, 0, 0, 0, 0, 0, 0, 0, 0, 0, 0, 0, 0, 0, 0, 0, 0, 0, 0, 0, 0, 0, 0, 0, 0, 0, 0, 0, 0, 0, 0, 0, 0, 0, 0, 0, 0, 0, 0, 0, 0, 0, 0, 0, 0, 0, 0, 0, 0, 0, 0, 0, 0, 0, 0, 0, 0, 0, 0, 0, 0, 0]",445,"[12.022616386413574, 21.985637664794922, 6.590182304382324, 25.894824981689453, 12.641766548156738, 8.902626037597656, 6.30226993560791, 22.864450454711914, 19.087677001953125, 17.488685607910156, 11.718212127685547, 10.896092414855957, 6.101896286010742, 20.521886825561523, 11.277294158935547, 16.67200469970703, 9.393123626708984, 10.115938186645508, 21.764892578125, 5.592275619506836, 28.540651321411133, 11.071081161499023, 7.442773342132568, 5.217075824737549, 5.0761003494262695, 16.516817092895508, 18.819257736206055, 7.7063798904418945, 8.91207504272461, 9.11029052734375, 15.298961639404297, 13.611956596374512, 29.104753494262695, 4.46505069732666, 34.98703384399414, 24.362672805786133, 21.84479331970215, 26.94982147216797, 35.06618118286133, 2.2881052494049072, 44.32275390625, 21.770523071289062, 83.70507049560547, 25.95343780517578, 5.547496795654297, 47.41328430175781, 28.224166870117188, 9.611469268798828, 9.36947250366211, 40.884525299072266, 40.25550842285156, 19.530956268310547, 10.86530876159668, 51.67918014526367, 55.3675537109375, 20.278532028198242, 3.5254836082458496, 43.660579681396484, 33.164615631103516, 10.478479385375977, 60.74065399169922, 33.49768829345703, 9.91421890258789, 44.997074127197266, 15.047833442687988, 9.84420108795166, 39.14424133300781, 25.290536880493164, 5.259495735168457, 48.419525146484375, 6.428598403930664, 25.124181747436523, 5.698251724243164, 40.429779052734375, 4.8057684898376465, 36.740386962890625, 16.74037742614746, 29.584917068481445, 8.325519561767578, 86.52761840820312, 48.973331451416016, 32.93589782714844, 12.348064422607422, 34.80925369262695, 16.933801651000977, 6.674635410308838, 18.60295867919922, 40.8222541809082, 13.8529634475708, 20.287689208984375, 40.69020080566406, 22.177682876586914, 2.2309672832489014, 14.030777931213379, 32.87263488769531, 13.900406837463379, 31.560415267944336, 60.68525314331055, 32.45695877075195, 13.162960052490234, 31.540376663208008, 44.37065887451172, 24.721437454223633, 58.34941482543945, 30.98870277404785, 37.217411041259766, 14.54430866241455, 30.825387954711914, 45.12385559082031, 24.910118103027344, 5.970460891723633, 49.26628112792969, 28.058931350708008, 9.238075256347656, 29.3122615814209, 9.999364852905273, 44.28343200683594, 25.973081588745117, 90.98776245117188, 2.359057664871216, 44.43564987182617, 13.46973991394043, 28.57500457763672, 0.5573095083236694, 6.580885410308838, 48.32780838012695, 28.7901611328125, 45.76555252075195, 0.44226470589637756, 52.73955535888672, 32.46296310424805, 44.913795471191406, 5.9180378913879395, 47.79389572143555, 1.7900549173355103, 44.647315979003906, 25.28180503845215, 6.556390762329102, 46.924869537353516, 17.03017807006836, 6.23818302154541, 17.34395408630371, 33.1151237487793, 13.969660758972168, 47.57498550415039, 29.620573043823242, 20.844017028808594, 18.840129852294922, 2.96128511428833, 32.073184967041016, 29.98912811279297, 9.124897003173828, 40.508811950683594, 20.768274307250977, 63.77382278442383, 7.687021255493164, 25.326913833618164, 5.680357456207275, 87.51593017578125, 26.324661254882812, 10.150917053222656, 0.5880944132804871, 32.559940338134766, 37.836734771728516, 17.121503829956055, 25.803081512451172, 4.989152431488037, 83.30545043945312, 25.05313491821289, 17.767927169799805, 52.01009750366211, 32.88105773925781, 26.500600814819336, 119.67540740966797, 33.696895599365234, 6.134205341339111, 13.776041030883789, 9.175741195678711, 50.2059211730957, 25.37108612060547, 15.937658309936523, 6.081727504730225, 44.90469741821289, 8.785479545593262, 48.8140983581543, 2.28635311126709, 43.60450744628906, 47.560447692871094, 18.418306350708008, 58.14241027832031, 8.95705795288086, 32.489723205566406, 37.119808197021484, 17.014005661010742, 13.467934608459473, 10.347355842590332, 18.869924545288086, 28.056983947753906, 42.38774108886719, 19.836912155151367, 49.514678955078125, 9.949753761291504, 29.496692657470703, 9.83311653137207, 59.76643371582031, 33.42905807495117, 13.765356063842773, 35.855979919433594, 37.361915588378906, 17.698680877685547, 11.945528984069824, 41.29457092285156, 21.631441116333008, 1.9685912132263184, 45.22802734375, 25.56487464904785, 5.9016900062561035, 49.16154479980469, 29.497966766357422, 9.834278106689453, 53.09375, 33.430450439453125, 13.76718521118164, 35.847930908203125, 37.363319396972656, 17.700130462646484, 11.934368133544922, 41.296173095703125, 21.632795333862305, 1.9694077968597412, 45.22870635986328, 25.56503677368164, 5.901731967926025, 49.16083526611328, 29.497194290161133, 9.83389663696289, 53.0933723449707, 33.429683685302734, 13.766401290893555, 35.84909439086914, 37.36236572265625, 17.699344635009766, 11.938725471496582, 41.295223236083984, 21.632160186767578, 1.9686765670776367, 45.228572845458984, 25.5653076171875, 5.901764392852783, 49.16106414794922, 29.497766494750977, 9.834051132202148, 53.09328079223633, 33.4299430847168, 13.766889572143555, 35.847679138183594, 37.36311340332031, 17.70004653930664, 11.936546325683594, 41.29664611816406, 21.63347625732422, 1.969875693321228, 45.229400634765625, 25.566484451293945, 5.903038501739502, 49.162540435791016, 29.499290466308594, 9.835980415344238, 53.09528350830078, 33.4317512512207, 13.768380165100098, 35.83912658691406, 37.364295959472656, 17.701261520385742, 11.928272247314453, 41.29753112792969, 21.63440704345703, 1.9706937074661255, 45.2301025390625, 25.56629180908203, 5.903402328491211, 83.65362548828125, 29.499719619750977, 9.836454391479492, 53.09596633911133, 33.43229293823242, 13.769061088562012, 35.83680725097656, 37.36506652832031, 17.70134735107422, 11.93054485321045, 41.29704666137695, 21.633684158325195, 1.9704997539520264, 45.229774475097656, 25.566139221191406, 5.902705192565918, 49.16233444213867, 29.498823165893555, 9.835400581359863, 53.09421920776367, 33.43122482299805, 13.767744064331055, 57.02714538574219, 37.363399505615234, 17.700336456298828, 11.933113098144531, 41.29677200317383, 21.633621215820312, 1.9700206518173218, 45.22968292236328, 25.565996170043945, 5.90263557434082, 49.1618766784668, 29.49838638305664, 9.834480285644531, 53.0938835144043, 33.4308967590332, 13.767834663391113, 57.02694320678711, 37.36335372924805, 17.700061798095703, 11.934837341308594, 41.2963981628418, 21.633140563964844, 1.9699082374572754, 45.229488372802734, 25.5657901763916, 5.902762413024902, 49.161895751953125, 29.498445510864258, 9.835773468017578, 59.744873046875, 33.43239212036133, 13.769038200378418, 35.83740234375, 37.36421203613281, 17.700763702392578, 11.93343734741211, 41.29664611816406, 21.633115768432617, 1.9695854187011719, 45.22880554199219, 25.565847396850586, 5.902202606201172, 83.66363525390625, 29.49808120727539, 9.834683418273926, 59.754608154296875, 33.4308967590332, 13.767377853393555, 35.848167419433594, 37.36236572265625, 17.69884490966797, 11.946934700012207, 41.294212341308594, 21.630569458007812, 1.967139482498169, 45.22651290893555, 25.563583374023438, 5.900018215179443, 49.15947341918945, 29.496477127075195, 9.833399772644043, 59.764102935791016, 33.42927169799805, 13.766143798828125, 35.85335159301758, 37.36191940307617, 17.698503494262695, 11.947663307189941, 41.293888092041016, 21.630355834960938, 1.9666305780410767, 45.2259635925293, 25.56279754638672, 5.89967155456543, 49.15877914428711, 29.495018005371094, 9.83199691772461, 59.770851135253906, 33.428497314453125, 13.76530647277832, 35.858428955078125, 37.361724853515625, 17.698043823242188, 11.948132514953613, 41.293861389160156, 21.63027572631836, 1.966733694076538, 45.22651290893555, 25.563674926757812, 5.9006452560424805, 49.15996170043945, 29.4967041015625, 9.833414077758789, 53.09317398071289, 33.4299201965332, 13.766863822937012, 57.02613830566406, 37.36283874511719, 17.699838638305664, 11.937995910644531, 41.295570373535156, 21.631982803344727, 1.9683842658996582, 107.57742309570312, 25.564268112182617, 5.9006500244140625, 49.159908294677734, 29.496421813964844, 9.833354949951172, 59.76335525512695, 33.429569244384766, 13.766039848327637, 57.02544021606445, 37.36191940307617, 17.698406219482422, 11.945173263549805, 41.294921875, 21.63117027282715, 1.9678150415420532, 45.22737121582031, 25.563928604125977, 5.900543689727783, 49.160343170166016, 29.49737548828125, 9.833977699279785, 53.09347152709961, 33.43071365356445, 13.767627716064453, 57.027156829833984, 37.364017486572266, 17.700536727905273, 11.935920715332031, 41.29609298706055, 21.632709503173828, 1.9690041542053223, 45.2281379699707, 25.564760208129883, 5.901574611663818, 49.160736083984375, 29.497400283813477, 9.834144592285156, 59.75703430175781]",0.0,"[10.0, 11.0, 10.0, 11.935483870967742, 12.903225806451612, 15.806451612903226, 15.806451612903226, 15.806451612903226, 15.806451612903226, 16.774193548387096, 17.741935483870968, 16.774193548387096, 17.741935483870968, 17.741935483870968, 16.774193548387096, 16.774193548387096, 14.774193548387096, 14.774193548387096, 16.580645161290324, 16.580645161290324, 15.548387096774194, 15.548387096774194, 14.64516129032258, 15.387096774193548, 15.193548387096776, 15.06451612903226, 15.935483870967744, 15.903225806451614, 13.935483870967744, 12.129032258064518, 7.193548387096774, 11.225806451612902, 10.35483870967742, 11.0, 10.548387096774192, 6.451612903225806, 4.838709677419354, 1.4838709677419355, 0.0, 0.0, 0.0, 0.0, 0.0, 0.0, 0.0, 0.0, 0.0, 0.0, 0.0, 0.0, 0.0, 0.0, 0.0, 0.0, 0.0, 0.0, 0.0, 0.0, 0.0, 0.0, 0.0, 0.0, 0.0, 0.0, 0.0, 0.0, 0.0, 0.0, 0.0, 0.0, 0.0, 0.0, 0.0, 0.0, 0.0, 0.0, 0.0, 0.0, 0.0, 0.0, 0.0, 0.0, 0.0, 0.0, 0.0, 0.0, 0.0, 0.0, 0.0, 0.0, 0.0, 0.0, 0.0, 0.0, 0.0, 0.0, 0.0, 0.0, 0.0, 0.0, 0.0, 0.0, 0.0, 0.0, 0.0, 0.0, 0.0, 0.0, 0.0, 0.0, 0.0, 0.0, 0.0, 0.0, 0.0, 0.0, 0.0, 0.0, 0.0, 0.0, 0.0, 0.0, 0.0, 0.0, 0.0, 0.0, 0.0, 0.0, 0.0, 0.0, 0.0, 0.0, 0.0, 0.0, 0.0, 0.0, 0.0, 0.0, 0.0, 0.0, 0.0, 0.0, 0.0, 0.0, 0.0, 0.0, 0.0, 0.0, 0.0, 0.0, 0.0, 0.0, 0.0, 0.0, 0.0, 0.0, 0.0, 0.0, 0.0, 0.0, 0.0, 0.0, 0.0, 0.0, 0.0, 0.0, 0.0, 0.0, 0.0, 0.0, 0.0, 0.0, 0.0, 0.0, 0.0, 0.0, 0.0, 0.0, 0.0, 0.0, 0.0, 0.0, 0.0, 0.0, 0.0, 0.0, 0.0, 0.0, 0.0, 0.0, 0.0, 0.0, 0.0, 0.0, 0.0, 4.258064516129033, 8.516129032258064, 8.516129032258064, 4.258064516129032, 5.548387096774194, 2.096774193548387, 2.7096774193548385, 0.0, 0.0, 0.0, 0.0, 0.0, 0.0, 0.0, 0.0, 0.0, 0.0, 0.0, 0.0, 0.0, 0.0, 0.0, 0.0, 0.0, 0.0, 0.0, 0.0, 0.0, 0.0, 0.0, 0.0, 0.0, 0.0, 0.0, 0.0, 0.0, 0.0, 0.0, 0.0, 0.0, 0.0, 0.0, 0.0, 0.0, 0.0, 0.0, 0.0, 0.0, 0.0, 0.0, 0.0, 0.0, 0.0, 0.0, 0.0, 0.0, 0.0, 0.0, 0.0, 0.0, 0.0, 0.0, 0.0, 0.0, 0.0, 0.0, 0.0, 0.0, 0.0, 0.0, 0.0, 0.0, 0.0, 0.0, 0.0, 0.0, 0.0, 0.0, 0.0, 0.0, 0.0, 0.0, 0.0, 0.0, 0.0, 0.0, 0.0, 0.0, 0.0, 0.0, 0.0, 0.0, 0.0, 0.0, 0.0, 0.0, 0.0, 0.0, 0.0, 0.0, 0.0, 0.0, 0.0, 0.0, 0.0, 0.0, 0.0, 0.0, 0.0, 0.0, 0.0, 0.0, 0.0, 0.0, 0.0, 0.0, 0.0, 0.0, 0.0, 0.0, 0.0, 0.0, 0.0, 0.0, 0.0, 0.0, 0.0, 0.0, 0.0, 0.0, 0.0, 0.0, 0.0, 0.0, 0.0, 0.0, 0.0, 0.0, 0.0, 0.0, 0.0, 0.0, 0.0, 0.0, 0.0, 0.0, 0.0, 0.0, 0.0, 0.0, 0.0, 0.0, 0.0, 0.0, 0.0, 0.0, 0.0, 0.0, 0.0, 0.0, 0.0, 0.0, 0.0, 0.0, 0.0, 0.0, 0.0, 0.0, 0.0, 0.0, 0.0, 0.0, 0.0, 0.0, 0.0, 0.0, 0.0, 0.0, 0.0, 0.0, 0.0, 0.0, 0.0, 0.0, 0.0, 0.0, 0.0, 0.0, 0.0, 0.0, 0.0, 0.0, 0.0, 0.0, 0.0, 0.0, 0.0, 0.0, 0.0, 0.0, 0.0, 0.0, 0.0, 0.0, 0.0, 0.0, 0.0, 0.0, 0.0, 0.0, 0.0, 0.0, 0.0, 0.0, 0.0, 0.0, 0.0, 0.0, 0.0, 0.0, 0.0, 0.0, 0.0, 0.0, 0.0, 0.0, 0.0, 0.0, 0.0, 0.0, 0.0, 0.0, 0.0, 0.0, 0.0, 0.0, 0.0, 0.0, 0.0, 0.0, 0.0, 0.0, 0.0, 0.0, 0.0, 0.0, 0.0, 0.0, 0.0, 0.0]",COMPLETE
58,58,0.5,2024-08-31 02:48:07.660747,2024-08-31 02:48:16.821334,0 days 00:00:09.160587,4,1.2285403754666113,1,30,0.0015248797993516153,25,0.05286872932351792,0.859,0.85875,0,"[0, 0, 0, 0, 0, 0, 0, 0, 0, 0, 0, 0, 0, 0, 0, 0, 0, 0, 0, 0, 0, 0, 0, 0, 0, 0, 0, 0, 0, 0]",0.0,"[0.0, 0.0, 0.0, 0.0, 0.0, 0.0, 0.0, 0.0, 0.0, 0.0, 0.0, 0.0, 0.0, 0.0, 0.0, 0.0, 0.0, 0.0, 0.0, 0.0, 0.0, 0.0, 0.0, 0.0, 0.0, 0.0, 0.0, 0.0, 0.0, 0.0]",0.5,0.5,0,"[0, 0, 0, 0, 0, 0, 0, 0, 0, 0, 0, 0, 0, 0, 0, 0, 0, 0, 0, 0, 0, 0, 0, 0, 0, 0, 0, 0, 0, 0]",30,"[0.5803562998771667, 1.1607969999313354, 1.1564947366714478, 0.7609615325927734, 0.44242534041404724, 0.6415271759033203, 1.2807257175445557, 0.6443287134170532, 0.7561168074607849, 1.3157368898391724, 0.44924208521842957, 0.7941300868988037, 1.2622257471084595, 0.9473061561584473, 0.44714653491973877, 0.8477216958999634, 0.40886780619621277, 1.1611775159835815, 0.40855324268341064, 0.7500345706939697, 0.510892391204834, 0.9690431356430054, 0.8339092135429382, 0.408303827047348, 0.46816036105155945, 0.9178434014320374, 2.0440590381622314, 0.4139956533908844, 0.7832072973251343, 2.939868688583374]",0.0,"[0.0, 0.0, 0.0, 0.0, 0.0, 0.0, 0.0, 0.0, 0.0, 0.0, 0.0, 0.0, 0.0, 0.0, 0.0, 0.0, 0.0, 0.0, 0.0, 0.0, 0.0, 0.0, 0.0, 0.0, 0.0, 0.0, 0.0, 0.0, 0.0, 0.0]",COMPLETE
