,number,value,datetime_start,datetime_complete,duration,params_batch_size_scaler,params_constant_learning_rate,params_depth,params_epochs,params_kernel_l2,params_num_trees,params_temperature,user_attrs_accuracy_test,user_attrs_accuracy_valid,user_attrs_approximate_feature_sparsity,user_attrs_approximate_feature_sparsity_history,user_attrs_approximate_weight_sparsity,user_attrs_approximate_weight_sparsity_history,user_attrs_auc_test,user_attrs_auc_valid,user_attrs_feature_sparsity,user_attrs_feature_sparsity_history,user_attrs_num_epochs,user_attrs_val_loss_history,user_attrs_weight_sparsity,user_attrs_weight_sparsity_history,state
157,157,0.8917958032229394,2024-08-31 07:02:25.766271,2024-08-31 07:03:36.944959,0 days 00:01:11.178688,4,0.011457105921131184,2,375,0.07672581161032553,5,0.020387644962747958,0.905,0.89875,17,"[33, 33, 33, 33, 33, 33, 33, 33, 33, 33, 33, 33, 33, 33, 33, 33, 33, 33, 33, 33, 33, 33, 33, 33, 33, 33, 33, 33, 33, 33, 33, 33, 33, 33, 33, 33, 33, 33, 33, 33, 33, 33, 33, 33, 33, 33, 33, 33, 33, 33, 33, 33, 33, 33, 33, 33, 33, 33, 33, 33, 33, 33, 33, 33, 33, 33, 33, 33, 33, 33, 33, 33, 33, 33, 33, 33, 33, 33, 33, 33, 33, 33, 33, 33, 33, 33, 33, 33, 33, 33, 33, 33, 33, 33, 33, 33, 33, 33, 33, 33, 33, 33, 33, 33, 33, 33, 33, 33, 33, 33, 33, 33, 33, 33, 33, 33, 33, 33, 33, 33, 33, 33, 33, 33, 33, 33, 33, 33, 33, 33, 33, 33, 33, 33, 33, 33, 33, 33, 33, 33, 33, 33, 33, 33, 33, 32, 32, 32, 32, 32, 32, 32, 32, 31, 31, 31, 31, 31, 31, 31, 30, 30, 30, 30, 30, 30, 30, 28, 28, 28, 28, 28, 28, 28, 28, 28, 28, 28, 27, 27, 27, 26, 26, 26, 26, 26, 26, 25, 25, 25, 25, 25, 25, 25, 24, 24, 23, 23, 23, 23, 23, 23, 23, 23, 22, 21, 21, 21, 20, 20, 20, 20, 20, 20, 20, 20, 20, 20, 20, 20, 20, 20, 20, 20, 20, 20, 20, 20, 19, 19, 19, 19, 19, 19, 19, 19, 19, 19, 19, 19, 18, 18, 18, 18, 18, 18, 18, 18, 18, 18, 18, 18, 18, 18, 17, 17, 17, 17, 17, 17, 17, 17, 17, 17, 17, 17, 17, 17, 17, 17, 17, 17, 17, 17, 17, 17, 17, 17, 17, 17, 17, 17, 17, 17, 17, 17, 17, 17, 17, 17, 17, 17, 17, 17, 17, 17, 17, 17, 17, 17, 17, 17, 17, 17, 17, 17, 17, 17, 17, 17, 17, 17, 17, 17, 17, 17, 17, 17, 17, 17, 17, 17, 17, 17, 17, 17, 17, 17, 17, 17, 17, 17, 17, 17, 17, 17, 17, 17, 17, 17, 17, 17, 17, 17, 17, 17, 17, 17, 17, 17, 17, 17, 17, 17, 17, 17, 17, 17, 17, 17, 17, 17, 17, 17, 17, 17, 17, 17, 17, 17, 17, 17, 17, 17, 17]",17.0,"[33.0, 33.0, 33.0, 33.0, 33.0, 33.0, 33.0, 33.0, 33.0, 32.93333333333334, 32.93333333333334, 33.0, 33.0, 33.0, 33.0, 33.0, 33.0, 33.0, 32.93333333333334, 33.0, 32.93333333333334, 33.0, 33.0, 33.0, 33.0, 33.0, 33.0, 33.0, 33.0, 32.93333333333334, 33.0, 33.0, 33.0, 33.0, 33.0, 33.0, 33.0, 33.0, 33.0, 33.0, 33.0, 33.0, 33.0, 33.0, 33.0, 33.0, 33.0, 33.0, 33.0, 32.93333333333334, 32.93333333333334, 32.93333333333334, 33.0, 33.0, 33.0, 33.0, 33.0, 33.0, 33.0, 33.0, 33.0, 33.0, 33.0, 33.0, 33.0, 33.0, 32.93333333333334, 33.0, 33.0, 33.0, 33.0, 33.0, 33.0, 33.0, 33.0, 33.0, 33.0, 33.0, 33.0, 33.0, 33.0, 33.0, 33.0, 32.93333333333334, 32.93333333333334, 33.0, 33.0, 33.0, 32.93333333333334, 33.0, 33.0, 33.0, 33.0, 33.0, 33.0, 33.0, 33.0, 32.93333333333334, 32.93333333333334, 32.93333333333334, 32.93333333333334, 33.0, 33.0, 33.0, 33.0, 33.0, 33.0, 33.0, 32.86666666666667, 32.93333333333334, 33.0, 33.0, 33.0, 33.0, 33.0, 32.93333333333334, 33.0, 33.0, 33.0, 32.93333333333334, 32.93333333333334, 32.93333333333334, 33.0, 32.93333333333334, 33.0, 33.0, 33.0, 33.0, 33.0, 33.0, 33.0, 33.0, 33.0, 33.0, 33.0, 33.0, 33.0, 33.0, 32.93333333333334, 33.0, 33.0, 33.0, 33.0, 33.0, 33.0, 32.0, 32.0, 31.933333333333334, 31.933333333333334, 31.933333333333334, 31.933333333333334, 32.0, 32.0, 31.0, 31.0, 31.0, 31.0, 31.0, 31.0, 30.933333333333334, 29.866666666666667, 30.0, 29.933333333333334, 29.933333333333334, 30.0, 30.0, 30.0, 28.0, 28.0, 27.933333333333334, 28.0, 28.0, 28.0, 28.0, 28.0, 28.0, 28.0, 28.0, 27.0, 27.0, 27.0, 26.0, 26.0, 26.0, 26.0, 25.866666666666667, 25.866666666666667, 24.933333333333334, 25.0, 25.0, 25.0, 25.0, 25.0, 25.0, 24.0, 24.0, 23.0, 23.0, 22.933333333333334, 23.0, 23.0, 22.933333333333334, 22.933333333333334, 23.0, 22.0, 21.0, 21.0, 21.0, 20.0, 20.0, 20.0, 20.0, 20.0, 20.0, 19.933333333333334, 20.0, 20.0, 20.0, 20.0, 20.0, 20.0, 20.0, 20.0, 20.0, 20.0, 20.0, 20.0, 20.0, 19.0, 19.0, 19.0, 19.0, 18.933333333333334, 18.933333333333334, 19.0, 19.0, 19.0, 19.0, 19.0, 19.0, 18.0, 18.0, 18.0, 17.933333333333334, 17.933333333333334, 17.933333333333334, 18.0, 18.0, 17.933333333333334, 18.0, 18.0, 18.0, 18.0, 18.0, 17.0, 17.0, 17.0, 17.0, 17.0, 17.0, 17.0, 17.0, 17.0, 17.0, 17.0, 17.0, 17.0, 17.0, 17.0, 17.0, 17.0, 17.0, 17.0, 17.0, 17.0, 17.0, 17.0, 17.0, 17.0, 17.0, 17.0, 17.0, 17.0, 17.0, 17.0, 17.0, 17.0, 17.0, 17.0, 16.933333333333334, 17.0, 17.0, 17.0, 17.0, 16.933333333333334, 16.933333333333334, 17.0, 17.0, 17.0, 17.0, 17.0, 17.0, 17.0, 17.0, 17.0, 17.0, 17.0, 17.0, 17.0, 17.0, 17.0, 17.0, 17.0, 17.0, 17.0, 17.0, 17.0, 17.0, 16.933333333333334, 16.933333333333334, 17.0, 17.0, 16.933333333333334, 17.0, 17.0, 17.0, 17.0, 17.0, 17.0, 17.0, 17.0, 17.0, 16.933333333333334, 17.0, 17.0, 17.0, 17.0, 17.0, 17.0, 17.0, 17.0, 17.0, 17.0, 17.0, 16.933333333333334, 17.0, 17.0, 17.0, 17.0, 17.0, 17.0, 17.0, 17.0, 17.0, 17.0, 17.0, 17.0, 17.0, 17.0, 17.0, 17.0, 17.0, 17.0, 16.933333333333334, 16.933333333333334, 17.0, 17.0, 17.0, 17.0, 17.0, 17.0, 17.0, 17.0, 17.0, 17.0]",0.8692360405881819,0.8917958032229394,17,"[33, 33, 33, 33, 33, 33, 33, 33, 33, 33, 33, 33, 33, 33, 33, 33, 33, 33, 33, 33, 33, 33, 33, 33, 33, 33, 33, 33, 33, 33, 33, 33, 33, 33, 33, 33, 33, 33, 33, 33, 33, 33, 33, 33, 33, 33, 33, 33, 33, 33, 33, 33, 33, 33, 33, 33, 33, 33, 33, 33, 33, 33, 33, 33, 33, 33, 33, 33, 33, 33, 33, 33, 33, 33, 33, 33, 33, 33, 33, 33, 33, 33, 33, 33, 33, 33, 33, 33, 33, 33, 33, 33, 33, 33, 33, 33, 33, 33, 33, 33, 33, 33, 33, 33, 33, 33, 33, 33, 33, 33, 33, 33, 33, 33, 33, 33, 33, 33, 33, 33, 33, 33, 33, 33, 33, 33, 33, 33, 33, 33, 33, 33, 33, 33, 33, 33, 33, 33, 33, 33, 33, 33, 33, 33, 33, 32, 32, 32, 32, 32, 32, 32, 32, 31, 31, 31, 31, 31, 31, 31, 30, 30, 30, 30, 30, 30, 30, 28, 28, 28, 28, 28, 28, 28, 28, 28, 28, 28, 27, 27, 27, 26, 26, 26, 26, 26, 26, 25, 25, 25, 25, 25, 25, 25, 24, 24, 23, 23, 23, 23, 23, 23, 23, 23, 22, 21, 21, 21, 20, 20, 20, 20, 20, 20, 20, 20, 20, 20, 20, 20, 20, 20, 20, 20, 20, 20, 20, 20, 19, 19, 19, 19, 19, 19, 19, 19, 19, 19, 19, 19, 18, 18, 18, 18, 18, 18, 18, 18, 18, 18, 18, 18, 18, 18, 17, 17, 17, 17, 17, 17, 17, 17, 17, 17, 17, 17, 17, 17, 17, 17, 17, 17, 17, 17, 17, 17, 17, 17, 17, 17, 17, 17, 17, 17, 17, 17, 17, 17, 17, 17, 17, 17, 17, 17, 17, 17, 17, 17, 17, 17, 17, 17, 17, 17, 17, 17, 17, 17, 17, 17, 17, 17, 17, 17, 17, 17, 17, 17, 17, 17, 17, 17, 17, 17, 17, 17, 17, 17, 17, 17, 17, 17, 17, 17, 17, 17, 17, 17, 17, 17, 17, 17, 17, 17, 17, 17, 17, 17, 17, 17, 17, 17, 17, 17, 17, 17, 17, 17, 17, 17, 17, 17, 17, 17, 17, 17, 17, 17, 17, 17, 17, 17, 17, 17, 17]",375,"[0.8795209527015686, 0.6808504462242126, 0.5925275683403015, 0.54925936460495, 0.5261675119400024, 0.5127139091491699, 0.5042369365692139, 0.4983985126018524, 0.49409162998199463, 0.4906545877456665, 0.4877718687057495, 0.48526543378829956, 0.4829738736152649, 0.480853796005249, 0.4788453280925751, 0.47694215178489685, 0.4751049280166626, 0.4733392000198364, 0.4716137647628784, 0.4699254333972931, 0.46827712655067444, 0.4666615426540375, 0.4650895297527313, 0.4635407328605652, 0.4620256721973419, 0.4605402648448944, 0.45908087491989136, 0.45765572786331177, 0.45624691247940063, 0.4548640847206116, 0.4535064399242401, 0.4521651566028595, 0.450846403837204, 0.44955894351005554, 0.4482838809490204, 0.44703179597854614, 0.4457998275756836, 0.4445866346359253, 0.4433916211128235, 0.4422120153903961, 0.4410538077354431, 0.43990811705589294, 0.4387820363044739, 0.4376668632030487, 0.4365685284137726, 0.4354880452156067, 0.43441787362098694, 0.4333633780479431, 0.43232402205467224, 0.4312973916530609, 0.43028461933135986, 0.4292810559272766, 0.42829349637031555, 0.42731553316116333, 0.42635124921798706, 0.4253929555416107, 0.4244561791419983, 0.42351534962654114, 0.42258957028388977, 0.4216737747192383, 0.42077282071113586, 0.4198835790157318, 0.41900551319122314, 0.4181263744831085, 0.4172618091106415, 0.41640403866767883, 0.41554465889930725, 0.41471362113952637, 0.41388168931007385, 0.41304951906204224, 0.41222384572029114, 0.41142043471336365, 0.41061341762542725, 0.4098146855831146, 0.40902844071388245, 0.4082448184490204, 0.40747401118278503, 0.4067012071609497, 0.4059391915798187, 0.4051835536956787, 0.4044235944747925, 0.40368330478668213, 0.40294119715690613, 0.4022025167942047, 0.40147122740745544, 0.40074822306632996, 0.4000227451324463, 0.3993152976036072, 0.3986062705516815, 0.3978850543498993, 0.3971829116344452, 0.39648330211639404, 0.3958066999912262, 0.3951178789138794, 0.39443790912628174, 0.39375507831573486, 0.39308005571365356, 0.3924049437046051, 0.39173567295074463, 0.39107388257980347, 0.3904126286506653, 0.3897513151168823, 0.3890776038169861, 0.38842982053756714, 0.38778552412986755, 0.3871583640575409, 0.3865220248699188, 0.3858843147754669, 0.38525843620300293, 0.3846173882484436, 0.3839837908744812, 0.3833540976047516, 0.38274237513542175, 0.3821239769458771, 0.38151606917381287, 0.38090670108795166, 0.38029468059539795, 0.37968921661376953, 0.379088431596756, 0.3784855306148529, 0.3778895139694214, 0.37730473279953003, 0.37669840455055237, 0.3761153519153595, 0.37552857398986816, 0.37493857741355896, 0.3743472993373871, 0.37376898527145386, 0.37318429350852966, 0.372609406709671, 0.37204062938690186, 0.3714808523654938, 0.3709228038787842, 0.37036052346229553, 0.3697904348373413, 0.369216650724411, 0.3686409294605255, 0.36808040738105774, 0.367524653673172, 0.36695700883865356, 0.36640599370002747, 0.36584681272506714, 0.3652976155281067, 0.3647647500038147, 0.36421969532966614, 0.36315375566482544, 0.3626011908054352, 0.36207377910614014, 0.36154353618621826, 0.36101627349853516, 0.3604942262172699, 0.35996562242507935, 0.3594314455986023, 0.3585514724254608, 0.3580385446548462, 0.35752224922180176, 0.35701924562454224, 0.3565133213996887, 0.35600852966308594, 0.3555043339729309, 0.3544352054595947, 0.3538806140422821, 0.3533441126346588, 0.35282349586486816, 0.3523223102092743, 0.3518028259277344, 0.3513053059577942, 0.35015669465065, 0.3496628999710083, 0.3491712212562561, 0.3487059772014618, 0.3482237160205841, 0.34775298833847046, 0.34728869795799255, 0.3468318581581116, 0.34636643528938293, 0.3458937406539917, 0.34543514251708984, 0.34448468685150146, 0.344005286693573, 0.3435555696487427, 0.3427419364452362, 0.3422998785972595, 0.34184956550598145, 0.3413931727409363, 0.3409625291824341, 0.34051764011383057, 0.3394595980644226, 0.338887482881546, 0.3383510708808899, 0.33786818385124207, 0.3374169170856476, 0.33697131276130676, 0.33656081557273865, 0.3358914256095886, 0.3354782462120056, 0.3349078893661499, 0.33451709151268005, 0.3341173827648163, 0.3337201774120331, 0.3333388566970825, 0.33295688033103943, 0.33256691694259644, 0.33216971158981323, 0.3305214047431946, 0.3297894597053528, 0.32944056391716003, 0.32905274629592896, 0.3291112780570984, 0.32870006561279297, 0.3282996416091919, 0.32793524861335754, 0.32754021883010864, 0.32717716693878174, 0.32682254910469055, 0.32646942138671875, 0.3261224031448364, 0.32576751708984375, 0.32541149854660034, 0.32504764199256897, 0.3246774673461914, 0.3243323266506195, 0.32399725914001465, 0.32366564869880676, 0.3233128786087036, 0.3229518532752991, 0.32261303067207336, 0.3222547471523285, 0.32341572642326355, 0.32307422161102295, 0.32274410128593445, 0.3224122226238251, 0.3221079111099243, 0.3217719793319702, 0.3214598596096039, 0.321116179227829, 0.3207828402519226, 0.3204408586025238, 0.32010769844055176, 0.3197985887527466, 0.3173641264438629, 0.3171066343784332, 0.3168620765209198, 0.31662043929100037, 0.3163641095161438, 0.3161352574825287, 0.3158932030200958, 0.3156512975692749, 0.3153999447822571, 0.3151663541793823, 0.31490933895111084, 0.3146626651287079, 0.31439346075057983, 0.3141370713710785, 0.3134337365627289, 0.31325554847717285, 0.31306740641593933, 0.3128620684146881, 0.3126611113548279, 0.31244227290153503, 0.3122306168079376, 0.3120249807834625, 0.31181734800338745, 0.3116108477115631, 0.31139838695526123, 0.3111739456653595, 0.3109354078769684, 0.3107154369354248, 0.3104557394981384, 0.3102176785469055, 0.3099907338619232, 0.3097602128982544, 0.3095240890979767, 0.3092885911464691, 0.30905699729919434, 0.3088151514530182, 0.3085777759552002, 0.3083369731903076, 0.3081018030643463, 0.3078431189060211, 0.30758997797966003, 0.3073480725288391, 0.3071032166481018, 0.30686476826667786, 0.3066093921661377, 0.3063738942146301, 0.3061341643333435, 0.30589884519577026, 0.3056856095790863, 0.30543696880340576, 0.3051850199699402, 0.30493539571762085, 0.3046973943710327, 0.304454505443573, 0.30421701073646545, 0.3039664924144745, 0.30370989441871643, 0.3034697473049164, 0.3032197952270508, 0.30299171805381775, 0.3027374744415283, 0.3025118112564087, 0.30228400230407715, 0.3020571768283844, 0.3018234670162201, 0.30160078406333923, 0.30138272047042847, 0.30113959312438965, 0.30091920495033264, 0.3006832003593445, 0.3004670739173889, 0.30022862553596497, 0.3000021278858185, 0.29978957772254944, 0.2995695173740387, 0.2993580400943756, 0.29908305406570435, 0.2988932728767395, 0.2986780107021332, 0.2984580099582672, 0.2982277274131775, 0.2979828119277954, 0.29774805903434753, 0.29754239320755005, 0.2973495423793793, 0.297151118516922, 0.2968847155570984, 0.2966718375682831, 0.2964775264263153, 0.29623445868492126, 0.29603564739227295, 0.29580554366111755, 0.29557496309280396, 0.2953479290008545, 0.29516106843948364, 0.29495951533317566, 0.29474392533302307, 0.29455843567848206, 0.29432010650634766, 0.2941541373729706, 0.2939499616622925, 0.293800413608551, 0.2936205565929413, 0.2934189438819885, 0.2932051718235016, 0.2930030822753906, 0.2928023040294647, 0.2926095128059387, 0.2924164831638336, 0.29221928119659424, 0.29198113083839417, 0.29178014397621155, 0.29159095883369446, 0.29142075777053833, 0.2912348508834839, 0.2910557985305786, 0.29087957739830017, 0.29073458909988403, 0.2905299663543701, 0.29035937786102295, 0.2901414930820465, 0.28994515538215637, 0.28975239396095276, 0.2895716726779938, 0.2893875241279602, 0.28920769691467285, 0.28900378942489624, 0.2888111174106598, 0.2886376678943634, 0.2884646952152252, 0.28831684589385986, 0.28814882040023804, 0.2879565954208374, 0.28778353333473206, 0.287600576877594]",17.0,"[33.0, 33.0, 33.0, 33.0, 33.0, 33.0, 33.0, 33.0, 33.0, 33.0, 33.0, 33.0, 33.0, 33.0, 33.0, 33.0, 33.0, 33.0, 33.0, 33.0, 33.0, 33.0, 33.0, 33.0, 33.0, 33.0, 33.0, 33.0, 33.0, 33.0, 33.0, 33.0, 33.0, 33.0, 33.0, 33.0, 33.0, 33.0, 33.0, 33.0, 33.0, 33.0, 33.0, 33.0, 33.0, 33.0, 33.0, 33.0, 33.0, 33.0, 33.0, 33.0, 33.0, 33.0, 33.0, 33.0, 33.0, 33.0, 33.0, 33.0, 33.0, 33.0, 33.0, 33.0, 33.0, 33.0, 33.0, 33.0, 33.0, 33.0, 33.0, 33.0, 33.0, 33.0, 33.0, 33.0, 33.0, 33.0, 33.0, 33.0, 33.0, 33.0, 33.0, 33.0, 33.0, 33.0, 33.0, 33.0, 33.0, 33.0, 33.0, 33.0, 33.0, 33.0, 33.0, 33.0, 33.0, 33.0, 33.0, 33.0, 33.0, 33.0, 33.0, 33.0, 33.0, 33.0, 33.0, 33.0, 33.0, 33.0, 33.0, 33.0, 33.0, 33.0, 33.0, 33.0, 33.0, 33.0, 33.0, 33.0, 33.0, 33.0, 33.0, 33.0, 33.0, 33.0, 33.0, 33.0, 33.0, 33.0, 33.0, 33.0, 33.0, 33.0, 33.0, 33.0, 33.0, 33.0, 33.0, 33.0, 33.0, 33.0, 33.0, 33.0, 33.0, 32.0, 32.0, 32.0, 32.0, 32.0, 32.0, 32.0, 32.0, 31.0, 31.0, 31.0, 31.0, 31.0, 31.0, 31.0, 30.0, 30.0, 30.0, 30.0, 30.0, 30.0, 30.0, 28.0, 28.0, 28.0, 28.0, 28.0, 28.0, 28.0, 28.0, 28.0, 28.0, 28.0, 27.0, 27.0, 27.0, 26.0, 26.0, 26.0, 26.0, 26.0, 26.0, 25.0, 25.0, 25.0, 25.0, 25.0, 25.0, 25.0, 24.0, 24.0, 23.0, 23.0, 23.0, 23.0, 23.0, 23.0, 23.0, 23.0, 22.0, 21.0, 21.0, 21.0, 20.0, 20.0, 20.0, 20.0, 20.0, 20.0, 20.0, 20.0, 20.0, 20.0, 20.0, 20.0, 20.0, 20.0, 20.0, 20.0, 20.0, 20.0, 20.0, 20.0, 19.0, 19.0, 19.0, 19.0, 19.0, 19.0, 19.0, 19.0, 19.0, 19.0, 19.0, 19.0, 18.0, 18.0, 18.0, 18.0, 18.0, 18.0, 18.0, 18.0, 18.0, 18.0, 18.0, 18.0, 18.0, 18.0, 17.0, 17.0, 17.0, 17.0, 17.0, 17.0, 17.0, 17.0, 17.0, 17.0, 17.0, 17.0, 17.0, 17.0, 17.0, 17.0, 17.0, 17.0, 17.0, 17.0, 17.0, 17.0, 17.0, 17.0, 17.0, 17.0, 17.0, 17.0, 17.0, 17.0, 17.0, 17.0, 17.0, 17.0, 17.0, 17.0, 17.0, 17.0, 17.0, 17.0, 17.0, 17.0, 17.0, 17.0, 17.0, 17.0, 17.0, 17.0, 17.0, 17.0, 17.0, 17.0, 17.0, 17.0, 17.0, 17.0, 17.0, 17.0, 17.0, 17.0, 17.0, 17.0, 17.0, 17.0, 17.0, 17.0, 17.0, 17.0, 17.0, 17.0, 17.0, 17.0, 17.0, 17.0, 17.0, 17.0, 17.0, 17.0, 17.0, 17.0, 17.0, 17.0, 17.0, 17.0, 17.0, 17.0, 17.0, 17.0, 17.0, 17.0, 17.0, 17.0, 17.0, 17.0, 17.0, 17.0, 17.0, 17.0, 17.0, 17.0, 17.0, 17.0, 17.0, 17.0, 17.0, 17.0, 17.0, 17.0, 17.0, 17.0, 17.0, 17.0, 17.0, 17.0, 17.0, 17.0, 17.0, 17.0, 17.0, 17.0, 17.0]",COMPLETE
158,158,0.81783050585462,2024-08-31 07:03:40.627545,2024-08-31 07:03:54.349925,0 days 00:00:13.722380,64,4.971365085702754,4,20,0.9898735803601801,59,0.0002481578352981401,0.876,0.8775,16,"[33, 33, 33, 33, 33, 33, 33, 33, 33, 33, 33, 33, 33, 33, 33, 29, 20, 19, 19, 16]",15.976271186440677,"[32.952542372881354, 32.95819209039548, 32.95819209039548, 32.9638418079096, 32.96723163841808, 32.94463276836158, 32.94011299435029, 32.94915254237288, 32.941242937853104, 32.92994350282486, 32.91977401129944, 32.92090395480226, 32.92316384180791, 32.92203389830509, 32.93220338983051, 28.935593220338983, 19.95819209039548, 18.955932203389832, 18.966101694915253, 15.976271186440677]",0.8340475069972506,0.81783050585462,16,"[33, 33, 33, 33, 33, 33, 33, 33, 33, 33, 33, 33, 33, 33, 33, 29, 20, 19, 19, 16]",20,"[0.5509404540061951, 1.8315163850784302, 0.8807114362716675, 1.547696590423584, 0.8761199116706848, 1.214008092880249, 0.4414006769657135, 0.5674716830253601, 1.545993447303772, 0.5486725568771362, 0.919757068157196, 0.9723058342933655, 0.8361642956733704, 1.6326571702957153, 0.84935462474823, 1.048965334892273, 0.8498151898384094, 1.5009347200393677, 0.5069896578788757, 0.37590405344963074]",16.0,"[33.0, 33.0, 33.0, 33.0, 33.0, 33.0, 33.0, 33.0, 33.0, 33.0, 33.0, 33.0, 33.0, 33.0, 33.0, 29.0, 20.0, 19.0, 19.0, 16.0]",COMPLETE
