,number,value,datetime_start,datetime_complete,duration,params_batch_size_scaler,params_constant_learning_rate,params_depth,params_epochs,params_kernel_l2,params_num_trees,params_temperature,user_attrs_accuracy_test,user_attrs_accuracy_valid,user_attrs_approximate_feature_sparsity,user_attrs_approximate_feature_sparsity_history,user_attrs_approximate_weight_sparsity,user_attrs_approximate_weight_sparsity_history,user_attrs_auc_test,user_attrs_auc_valid,user_attrs_feature_sparsity,user_attrs_feature_sparsity_history,user_attrs_num_epochs,user_attrs_val_loss_history,user_attrs_weight_sparsity,user_attrs_weight_sparsity_history,state
171,171,0.7710579536525358,2024-08-31 07:27:03.488678,2024-08-31 07:27:33.847121,0 days 00:00:30.358443,64,0.029142184956874033,2,445,0.004162499877553741,21,0.02469329715143011,0.881,0.8775,33,"[33, 33, 33, 33, 33, 33, 33, 33, 33, 33, 33, 33, 33, 33, 33, 33, 33, 33, 33, 33, 33, 33, 33, 33, 33, 33, 33, 33, 33, 33, 33, 33, 33, 33, 33, 33, 33, 33, 33, 33, 33, 33, 33, 33, 33, 33, 33, 33, 33, 33, 33, 33, 33, 33, 33, 33, 33, 33, 33, 33, 33, 33, 33, 33, 33, 33, 33, 33, 33, 33, 33, 33, 33, 33, 33, 33, 33, 33, 33, 33, 33, 33, 33, 33, 33, 33, 33, 33, 33, 33, 33, 33, 33, 33, 33, 33, 33, 33, 33, 33, 33, 33, 33, 33, 33, 33, 33, 33, 33, 33, 33, 33, 33, 33, 33, 33, 33, 33, 33, 33, 33, 33, 33, 33, 33, 33, 33, 33, 33, 33, 33, 33, 33, 33, 33, 33, 33, 33, 33, 33, 33, 33, 33, 33, 33, 33, 33, 33, 33, 33, 33, 33, 33, 33, 33, 33, 33, 33, 33, 33, 33, 33, 33, 33, 33, 33, 33, 33, 33, 33, 33, 33, 33, 33, 33, 33, 33, 33, 33, 33, 33, 33, 33, 33, 33, 33, 33, 33, 33, 33, 33, 33, 33, 33, 33, 33, 33, 33, 33, 33, 33, 33, 33, 33, 33, 33, 33, 33, 33, 33, 33, 33, 33, 33, 33, 33, 33, 33, 33, 33, 33, 33, 33, 33, 33, 33, 33, 33, 33, 33, 33, 33, 33, 33, 33, 33, 33, 33, 33, 33, 33, 33, 33, 33, 33, 33, 33, 33, 33, 33, 33, 33, 33, 33, 33, 33, 33, 33, 33, 33, 33, 33, 33, 33, 33, 33, 33, 33, 33, 33, 33, 33, 33, 33, 33, 33, 33, 33, 33, 33, 33, 33, 33, 33, 33, 33, 33, 33, 33, 33, 33, 33, 33, 33, 33, 33, 33, 33, 33, 33, 33, 33, 33, 33, 33, 33, 33, 33, 33, 33, 33, 33, 33, 33, 33, 33, 33, 33, 33, 33, 33, 33, 33, 33, 33, 33, 33, 33, 33, 33, 33, 33, 33, 33, 33, 33, 33, 33, 33, 33, 33, 33, 33, 33, 33, 33, 33, 33, 33, 33, 33, 33, 33, 33, 33, 33, 33, 33, 33, 33, 33, 33, 33, 33, 33, 33, 33, 33, 33, 33, 33, 33, 33, 33, 33, 33, 33, 33, 33, 33, 33, 33, 33, 33, 33, 33, 33, 33, 33, 33, 33, 33, 33, 33, 33, 33, 33, 33, 33, 33, 33, 33, 33, 33, 33, 33, 33, 33, 33, 33, 33, 33, 33, 33, 33, 33, 33, 33, 33, 33, 33, 33, 33, 33, 33, 33, 33, 33, 33, 33, 33, 33, 33, 33, 33, 33, 33, 33, 33, 33, 33, 33, 33, 33, 33]",32.98412698412699,"[32.96825396825397, 32.98412698412699, 32.95238095238095, 32.95238095238095, 32.95238095238095, 32.96825396825397, 32.96825396825397, 32.98412698412699, 32.96825396825397, 32.95238095238095, 32.98412698412699, 32.98412698412699, 32.98412698412699, 32.98412698412699, 32.98412698412699, 32.98412698412699, 32.98412698412699, 32.98412698412699, 32.96825396825397, 32.98412698412699, 32.96825396825397, 32.96825396825397, 32.98412698412699, 32.98412698412699, 32.93650793650794, 32.96825396825397, 32.98412698412699, 32.96825396825397, 32.98412698412699, 32.98412698412699, 32.98412698412699, 32.98412698412699, 32.96825396825397, 32.96825396825397, 32.98412698412699, 32.96825396825397, 32.98412698412699, 32.96825396825397, 32.96825396825397, 32.96825396825397, 32.96825396825397, 32.96825396825397, 32.96825396825397, 32.96825396825397, 32.96825396825397, 32.96825396825397, 32.93650793650794, 32.93650793650794, 32.95238095238095, 32.96825396825397, 32.98412698412699, 32.98412698412699, 32.98412698412699, 32.98412698412699, 32.98412698412699, 32.95238095238095, 32.96825396825397, 32.96825396825397, 32.98412698412699, 32.96825396825397, 32.95238095238095, 32.95238095238095, 32.96825396825397, 32.98412698412699, 32.96825396825397, 32.96825396825397, 32.96825396825397, 32.98412698412699, 32.98412698412699, 32.98412698412699, 32.98412698412699, 32.96825396825397, 32.98412698412699, 32.96825396825397, 32.96825396825397, 32.96825396825397, 32.96825396825397, 32.96825396825397, 32.96825396825397, 32.96825396825397, 32.98412698412699, 32.98412698412699, 32.98412698412699, 32.96825396825397, 32.98412698412699, 32.98412698412699, 32.98412698412699, 32.98412698412699, 32.98412698412699, 32.98412698412699, 32.98412698412699, 32.98412698412699, 32.96825396825397, 32.96825396825397, 32.96825396825397, 32.96825396825397, 32.98412698412699, 32.96825396825397, 32.96825396825397, 32.96825396825397, 32.96825396825397, 32.98412698412699, 32.96825396825397, 32.95238095238095, 32.96825396825397, 32.95238095238095, 32.96825396825397, 32.96825396825397, 32.96825396825397, 32.95238095238095, 32.95238095238095, 32.95238095238095, 32.96825396825397, 32.96825396825397, 32.96825396825397, 32.98412698412699, 32.98412698412699, 32.98412698412699, 32.98412698412699, 32.95238095238095, 32.93650793650794, 32.95238095238095, 32.95238095238095, 32.96825396825397, 32.96825396825397, 32.95238095238095, 32.96825396825397, 32.98412698412699, 32.98412698412699, 32.98412698412699, 32.98412698412699, 32.98412698412699, 32.98412698412699, 32.98412698412699, 32.96825396825397, 32.95238095238095, 32.95238095238095, 32.96825396825397, 32.96825396825397, 32.96825396825397, 32.95238095238095, 32.96825396825397, 32.96825396825397, 32.96825396825397, 32.96825396825397, 32.93650793650794, 32.95238095238095, 32.96825396825397, 32.96825396825397, 32.98412698412699, 32.98412698412699, 32.98412698412699, 32.96825396825397, 32.96825396825397, 32.96825396825397, 32.96825396825397, 32.96825396825397, 32.98412698412699, 32.98412698412699, 32.98412698412699, 32.98412698412699, 32.96825396825397, 32.95238095238095, 32.95238095238095, 32.96825396825397, 32.95238095238095, 32.96825396825397, 32.95238095238095, 32.98412698412699, 32.98412698412699, 32.98412698412699, 32.98412698412699, 32.98412698412699, 32.98412698412699, 32.98412698412699, 32.98412698412699, 32.98412698412699, 32.98412698412699, 32.96825396825397, 32.96825396825397, 32.96825396825397, 32.96825396825397, 32.96825396825397, 32.96825396825397, 32.96825396825397, 32.96825396825397, 32.98412698412699, 32.96825396825397, 32.98412698412699, 32.96825396825397, 32.98412698412699, 32.98412698412699, 32.98412698412699, 32.98412698412699, 32.96825396825397, 32.96825396825397, 32.98412698412699, 32.96825396825397, 32.96825396825397, 32.96825396825397, 32.95238095238095, 32.96825396825397, 32.96825396825397, 32.96825396825397, 32.98412698412699, 32.98412698412699, 32.98412698412699, 32.96825396825397, 32.96825396825397, 32.96825396825397, 32.98412698412699, 32.98412698412699, 32.98412698412699, 32.98412698412699, 32.98412698412699, 32.98412698412699, 32.98412698412699, 32.98412698412699, 32.96825396825397, 32.98412698412699, 32.98412698412699, 32.98412698412699, 32.98412698412699, 32.98412698412699, 32.98412698412699, 32.98412698412699, 32.98412698412699, 32.98412698412699, 32.98412698412699, 32.96825396825397, 32.96825396825397, 32.95238095238095, 32.95238095238095, 32.98412698412699, 32.96825396825397, 32.96825396825397, 32.96825396825397, 32.96825396825397, 32.98412698412699, 32.98412698412699, 32.98412698412699, 32.96825396825397, 32.98412698412699, 32.96825396825397, 32.96825396825397, 32.98412698412699, 32.98412698412699, 32.98412698412699, 32.98412698412699, 32.98412698412699, 32.98412698412699, 32.96825396825397, 32.96825396825397, 32.95238095238095, 32.96825396825397, 32.96825396825397, 32.96825396825397, 32.95238095238095, 32.93650793650794, 32.96825396825397, 32.95238095238095, 32.98412698412699, 32.96825396825397, 32.96825396825397, 32.96825396825397, 32.95238095238095, 32.95238095238095, 32.93650793650794, 32.96825396825397, 32.96825396825397, 32.98412698412699, 32.98412698412699, 32.95238095238095, 32.93650793650794, 32.96825396825397, 32.96825396825397, 32.96825396825397, 32.98412698412699, 32.96825396825397, 32.96825396825397, 32.96825396825397, 32.96825396825397, 32.96825396825397, 32.96825396825397, 32.98412698412699, 32.95238095238095, 32.95238095238095, 32.95238095238095, 32.95238095238095, 32.95238095238095, 32.95238095238095, 32.96825396825397, 32.96825396825397, 32.98412698412699, 32.98412698412699, 32.98412698412699, 32.98412698412699, 32.98412698412699, 32.96825396825397, 32.98412698412699, 32.98412698412699, 32.98412698412699, 32.98412698412699, 32.98412698412699, 32.98412698412699, 32.98412698412699, 32.96825396825397, 32.96825396825397, 32.96825396825397, 32.96825396825397, 32.96825396825397, 32.96825396825397, 32.95238095238095, 32.96825396825397, 32.98412698412699, 32.95238095238095, 32.96825396825397, 32.95238095238095, 32.95238095238095, 32.96825396825397, 32.96825396825397, 32.95238095238095, 32.98412698412699, 32.96825396825397, 32.96825396825397, 32.96825396825397, 32.96825396825397, 32.95238095238095, 32.98412698412699, 32.98412698412699, 32.95238095238095, 32.95238095238095, 32.95238095238095, 32.95238095238095, 32.96825396825397, 32.98412698412699, 32.98412698412699, 32.96825396825397, 32.98412698412699, 32.98412698412699, 32.98412698412699, 32.98412698412699, 32.98412698412699, 32.98412698412699, 32.98412698412699, 32.96825396825397, 32.96825396825397, 32.96825396825397, 32.96825396825397, 32.96825396825397, 32.96825396825397, 32.96825396825397, 32.96825396825397, 32.96825396825397, 32.96825396825397, 32.96825396825397, 32.96825396825397, 32.95238095238095, 32.98412698412699, 32.98412698412699, 32.98412698412699, 32.98412698412699, 32.96825396825397, 32.96825396825397, 32.95238095238095, 32.96825396825397, 32.96825396825397, 32.95238095238095, 32.98412698412699, 32.95238095238095, 32.96825396825397, 32.98412698412699, 32.98412698412699, 32.96825396825397, 32.96825396825397, 32.96825396825397, 32.98412698412699, 32.96825396825397, 32.98412698412699, 32.98412698412699, 32.98412698412699, 32.98412698412699, 32.98412698412699, 32.98412698412699, 32.96825396825397, 32.96825396825397, 32.95238095238095, 32.96825396825397, 32.95238095238095, 32.96825396825397, 32.98412698412699, 32.98412698412699, 32.98412698412699, 32.98412698412699, 32.96825396825397, 32.96825396825397, 32.98412698412699, 32.98412698412699, 32.96825396825397, 32.96825396825397, 32.95238095238095, 32.95238095238095, 32.96825396825397, 32.96825396825397, 32.96825396825397, 32.96825396825397, 32.96825396825397, 32.96825396825397, 32.96825396825397, 32.96825396825397, 32.98412698412699, 32.98412698412699, 32.98412698412699, 32.98412698412699, 32.98412698412699, 32.98412698412699, 32.98412698412699, 32.98412698412699, 32.98412698412699, 32.98412698412699, 32.98412698412699, 32.98412698412699, 32.98412698412699, 32.98412698412699, 32.98412698412699, 32.98412698412699, 32.98412698412699, 32.98412698412699, 32.98412698412699, 32.98412698412699, 32.98412698412699, 32.98412698412699, 32.98412698412699, 32.98412698412699, 32.98412698412699, 32.98412698412699, 32.98412698412699, 32.98412698412699, 32.98412698412699, 32.98412698412699, 32.98412698412699, 32.96825396825397, 32.98412698412699, 32.98412698412699, 32.98412698412699]",0.7988754860921904,0.7710579536525358,33,"[33, 33, 33, 33, 33, 33, 33, 33, 33, 33, 33, 33, 33, 33, 33, 33, 33, 33, 33, 33, 33, 33, 33, 33, 33, 33, 33, 33, 33, 33, 33, 33, 33, 33, 33, 33, 33, 33, 33, 33, 33, 33, 33, 33, 33, 33, 33, 33, 33, 33, 33, 33, 33, 33, 33, 33, 33, 33, 33, 33, 33, 33, 33, 33, 33, 33, 33, 33, 33, 33, 33, 33, 33, 33, 33, 33, 33, 33, 33, 33, 33, 33, 33, 33, 33, 33, 33, 33, 33, 33, 33, 33, 33, 33, 33, 33, 33, 33, 33, 33, 33, 33, 33, 33, 33, 33, 33, 33, 33, 33, 33, 33, 33, 33, 33, 33, 33, 33, 33, 33, 33, 33, 33, 33, 33, 33, 33, 33, 33, 33, 33, 33, 33, 33, 33, 33, 33, 33, 33, 33, 33, 33, 33, 33, 33, 33, 33, 33, 33, 33, 33, 33, 33, 33, 33, 33, 33, 33, 33, 33, 33, 33, 33, 33, 33, 33, 33, 33, 33, 33, 33, 33, 33, 33, 33, 33, 33, 33, 33, 33, 33, 33, 33, 33, 33, 33, 33, 33, 33, 33, 33, 33, 33, 33, 33, 33, 33, 33, 33, 33, 33, 33, 33, 33, 33, 33, 33, 33, 33, 33, 33, 33, 33, 33, 33, 33, 33, 33, 33, 33, 33, 33, 33, 33, 33, 33, 33, 33, 33, 33, 33, 33, 33, 33, 33, 33, 33, 33, 33, 33, 33, 33, 33, 33, 33, 33, 33, 33, 33, 33, 33, 33, 33, 33, 33, 33, 33, 33, 33, 33, 33, 33, 33, 33, 33, 33, 33, 33, 33, 33, 33, 33, 33, 33, 33, 33, 33, 33, 33, 33, 33, 33, 33, 33, 33, 33, 33, 33, 33, 33, 33, 33, 33, 33, 33, 33, 33, 33, 33, 33, 33, 33, 33, 33, 33, 33, 33, 33, 33, 33, 33, 33, 33, 33, 33, 33, 33, 33, 33, 33, 33, 33, 33, 33, 33, 33, 33, 33, 33, 33, 33, 33, 33, 33, 33, 33, 33, 33, 33, 33, 33, 33, 33, 33, 33, 33, 33, 33, 33, 33, 33, 33, 33, 33, 33, 33, 33, 33, 33, 33, 33, 33, 33, 33, 33, 33, 33, 33, 33, 33, 33, 33, 33, 33, 33, 33, 33, 33, 33, 33, 33, 33, 33, 33, 33, 33, 33, 33, 33, 33, 33, 33, 33, 33, 33, 33, 33, 33, 33, 33, 33, 33, 33, 33, 33, 33, 33, 33, 33, 33, 33, 33, 33, 33, 33, 33, 33, 33, 33, 33, 33, 33, 33, 33, 33, 33, 33, 33, 33, 33, 33, 33, 33, 33, 33, 33, 33, 33, 33, 33, 33, 33, 33, 33, 33]",445,"[0.43294239044189453, 0.4254465401172638, 0.42003700137138367, 0.4167409837245941, 0.4145600199699402, 0.4121350347995758, 0.41025397181510925, 0.4087112843990326, 0.40763092041015625, 0.4067517817020416, 0.4056423306465149, 0.40486353635787964, 0.4041295647621155, 0.40348970890045166, 0.4026886224746704, 0.40192967653274536, 0.40133166313171387, 0.4006308317184448, 0.40002909302711487, 0.3993838429450989, 0.3986976742744446, 0.3981625735759735, 0.3975703716278076, 0.397019624710083, 0.39649081230163574, 0.39597293734550476, 0.39545226097106934, 0.39494583010673523, 0.39443549513816833, 0.3939685523509979, 0.39346951246261597, 0.3929661810398102, 0.39252349734306335, 0.3920496702194214, 0.391697496175766, 0.39128822088241577, 0.3908438980579376, 0.3904213011264801, 0.3899790048599243, 0.38962212204933167, 0.3892785310745239, 0.38889893889427185, 0.38858309388160706, 0.3882410526275635, 0.3879365921020508, 0.38762325048446655, 0.387381911277771, 0.3870187997817993, 0.38669446110725403, 0.38638561964035034, 0.3859948217868805, 0.3856867551803589, 0.3853723406791687, 0.3851010501384735, 0.384771466255188, 0.384506493806839, 0.38417842984199524, 0.3838869035243988, 0.3835563659667969, 0.38332635164260864, 0.383026123046875, 0.3827804625034332, 0.3825007975101471, 0.38222336769104004, 0.38202372193336487, 0.3818296194076538, 0.3815814256668091, 0.38133975863456726, 0.38110101222991943, 0.3808721601963043, 0.3806239068508148, 0.3804742693901062, 0.38021573424339294, 0.37999606132507324, 0.3798046410083771, 0.37961798906326294, 0.37930232286453247, 0.37905094027519226, 0.3788597881793976, 0.37860408425331116, 0.37837931513786316, 0.3780739903450012, 0.3778722286224365, 0.37765875458717346, 0.3775092363357544, 0.3773077130317688, 0.37710806727409363, 0.3769228458404541, 0.37672173976898193, 0.37661200761795044, 0.3764110803604126, 0.3762330114841461, 0.37605202198028564, 0.375845730304718, 0.37569335103034973, 0.37554383277893066, 0.37535685300827026, 0.37522774934768677, 0.37511488795280457, 0.3749579191207886, 0.37479889392852783, 0.37458503246307373, 0.37441790103912354, 0.37429001927375793, 0.3740699887275696, 0.3739241659641266, 0.3738017976284027, 0.3736286461353302, 0.37346503138542175, 0.3733159303665161, 0.37317097187042236, 0.37300196290016174, 0.37287330627441406, 0.37273719906806946, 0.3726927936077118, 0.3724874258041382, 0.37240228056907654, 0.3723081350326538, 0.3721473217010498, 0.3720192015171051, 0.37191659212112427, 0.37182652950286865, 0.3717404901981354, 0.37158793210983276, 0.3714674413204193, 0.37130796909332275, 0.37121346592903137, 0.3711012005805969, 0.37102076411247253, 0.37088072299957275, 0.3707854151725769, 0.37066203355789185, 0.3705001473426819, 0.3703838586807251, 0.3701595962047577, 0.3701385259628296, 0.3700786828994751, 0.3699587881565094, 0.36981818079948425, 0.3696243166923523, 0.3694148361682892, 0.36930736899375916, 0.3692055642604828, 0.3691019117832184, 0.36894333362579346, 0.3688102066516876, 0.3687095642089844, 0.3685997724533081, 0.36841320991516113, 0.3683891296386719, 0.3682856261730194, 0.368152916431427, 0.36803582310676575, 0.3679112493991852, 0.3677184581756592, 0.36751696467399597, 0.36739617586135864, 0.36719685792922974, 0.3670497238636017, 0.366893470287323, 0.36681893467903137, 0.36676231026649475, 0.366669625043869, 0.3665379285812378, 0.3663771450519562, 0.3661985397338867, 0.36604300141334534, 0.3659449517726898, 0.36585646867752075, 0.3656792938709259, 0.36555275321006775, 0.36540302634239197, 0.365325391292572, 0.3652029037475586, 0.3651358485221863, 0.36506158113479614, 0.3649181127548218, 0.36481744050979614, 0.3646969497203827, 0.364632785320282, 0.36454999446868896, 0.3645280599594116, 0.3643903434276581, 0.36425426602363586, 0.36420509219169617, 0.36423978209495544, 0.36398693919181824, 0.36393120884895325, 0.3638960123062134, 0.36382657289505005, 0.36355674266815186, 0.3633383810520172, 0.36323416233062744, 0.36313170194625854, 0.363168865442276, 0.3629762530326843, 0.36284056305885315, 0.3627450466156006, 0.36261990666389465, 0.3623718023300171, 0.36235156655311584, 0.3622243106365204, 0.3620939254760742, 0.3619265854358673, 0.36178338527679443, 0.3616214692592621, 0.3615351915359497, 0.3614363968372345, 0.3613097667694092, 0.3611622154712677, 0.36103126406669617, 0.36092543601989746, 0.36084452271461487, 0.3607097864151001, 0.3606637120246887, 0.360526442527771, 0.36041632294654846, 0.36033278703689575, 0.36023029685020447, 0.36009612679481506, 0.35998108983039856, 0.35988280177116394, 0.3598264753818512, 0.35968953371047974, 0.3595779538154602, 0.35948824882507324, 0.35942551493644714, 0.35933780670166016, 0.35916614532470703, 0.35908886790275574, 0.358918696641922, 0.3588237762451172, 0.35877150297164917, 0.3586267828941345, 0.35853835940361023, 0.35840603709220886, 0.3582790791988373, 0.358129620552063, 0.3579762578010559, 0.35785114765167236, 0.35772496461868286, 0.3576411306858063, 0.357511430978775, 0.35751378536224365, 0.35739055275917053, 0.3573315739631653, 0.35730230808258057, 0.357186496257782, 0.35713648796081543, 0.3569757342338562, 0.3569077253341675, 0.3567313253879547, 0.3566139340400696, 0.356545627117157, 0.35642096400260925, 0.3562801480293274, 0.3561192452907562, 0.35598260164260864, 0.355848491191864, 0.3557474911212921, 0.3555673360824585, 0.35546502470970154, 0.3553551733493805, 0.35534027218818665, 0.3553369641304016, 0.3551563024520874, 0.3550766408443451, 0.3549599349498749, 0.3549066483974457, 0.35476285219192505, 0.3545776605606079, 0.35447970032691956, 0.3543550372123718, 0.3542499840259552, 0.35417190194129944, 0.35406729578971863, 0.3539557158946991, 0.3538779318332672, 0.35380852222442627, 0.3536137044429779, 0.3535047769546509, 0.3533553183078766, 0.35324719548225403, 0.3531217873096466, 0.3529968559741974, 0.35289719700813293, 0.3528364300727844, 0.3527461886405945, 0.352617084980011, 0.3525439500808716, 0.3524288237094879, 0.35237041115760803, 0.3522685766220093, 0.3521149158477783, 0.35197913646698, 0.3518857955932617, 0.351810097694397, 0.35172662138938904, 0.3515872657299042, 0.3514803946018219, 0.35136130452156067, 0.3512783944606781, 0.35110968351364136, 0.35105523467063904, 0.3509846031665802, 0.3508909344673157, 0.3507915437221527, 0.3506140112876892, 0.350475549697876, 0.3503979742527008, 0.35030242800712585, 0.35021212697029114, 0.3500811755657196, 0.34994080662727356, 0.34980306029319763, 0.34972724318504333, 0.3496641218662262, 0.3495504856109619, 0.3494728207588196, 0.3493598699569702, 0.3492467999458313, 0.34913310408592224, 0.3490535616874695, 0.3490137457847595, 0.3488512337207794, 0.3487752079963684, 0.348694384098053, 0.34864816069602966, 0.3486096262931824, 0.3484325408935547, 0.3483031094074249, 0.34817323088645935, 0.34809544682502747, 0.3480256199836731, 0.3479389548301697, 0.34783390164375305, 0.3477872908115387, 0.3477097451686859, 0.34758442640304565, 0.347535640001297, 0.3475266396999359, 0.3473581075668335, 0.34724655747413635, 0.3470868766307831, 0.3470292389392853, 0.3469613194465637, 0.3468123972415924, 0.34675389528274536, 0.3466881811618805, 0.3465954065322876, 0.3465541899204254, 0.3463357090950012, 0.3462980389595032, 0.3461943566799164, 0.3461691737174988, 0.3460024297237396, 0.3459659814834595, 0.3458527624607086, 0.3457198441028595, 0.3456132411956787, 0.3456055521965027, 0.3455173373222351, 0.3453425467014313, 0.34534889459609985, 0.3452799320220947, 0.3451077938079834, 0.34500187635421753, 0.34482476115226746, 0.34468314051628113, 0.3445371687412262, 0.3445221185684204, 0.344430148601532, 0.3443322777748108, 0.34409916400909424, 0.3440287709236145, 0.3439582586288452, 0.3437606692314148, 0.34366077184677124, 0.3435722589492798, 0.3434721827507019, 0.3433622121810913, 0.3433065116405487, 0.343224436044693, 0.34308791160583496, 0.34298697113990784, 0.3428676128387451, 0.34273388981819153, 0.3426213562488556, 0.3424583673477173, 0.3423222601413727, 0.34225428104400635, 0.34217169880867004, 0.342032253742218, 0.34199297428131104, 0.34193265438079834, 0.3418157994747162, 0.34163397550582886, 0.3416162431240082, 0.3414681553840637, 0.3413815200328827, 0.3412751257419586, 0.34123504161834717, 0.3412332832813263, 0.341042697429657, 0.3408997058868408, 0.34080731868743896, 0.3407798111438751, 0.3406795859336853, 0.34069356322288513, 0.34052982926368713, 0.3404249846935272, 0.34026774764060974, 0.34016358852386475, 0.3400544226169586, 0.3398987650871277, 0.3397904336452484, 0.3396693170070648, 0.339604914188385, 0.3395363688468933, 0.33942803740501404, 0.33928927779197693, 0.3390868306159973, 0.33889782428741455, 0.3387086093425751, 0.3386397063732147, 0.33863091468811035, 0.3385014235973358, 0.3384748697280884, 0.3383775055408478, 0.3381502032279968, 0.33814433217048645, 0.3380926549434662, 0.33801019191741943, 0.33789339661598206, 0.3378388285636902, 0.33768296241760254, 0.3375817835330963, 0.3374497592449188, 0.3373209834098816, 0.3372892141342163, 0.3373834192752838, 0.33721375465393066, 0.33707141876220703, 0.3369444012641907, 0.3368823528289795]",33.0,"[33.0, 33.0, 33.0, 33.0, 3