,number,value,datetime_start,datetime_complete,duration,params_batch_size_scaler,params_constant_learning_rate,params_depth,params_epochs,params_kernel_l2,params_num_trees,params_temperature,user_attrs_accuracy_test,user_attrs_accuracy_valid,user_attrs_approximate_feature_sparsity,user_attrs_approximate_feature_sparsity_history,user_attrs_approximate_weight_sparsity,user_attrs_approximate_weight_sparsity_history,user_attrs_auc_test,user_attrs_auc_valid,user_attrs_feature_sparsity,user_attrs_feature_sparsity_history,user_attrs_num_epochs,user_attrs_val_loss_history,user_attrs_weight_sparsity,user_attrs_weight_sparsity_history,state
164,164,0.9234712936842241,2024-08-31 07:18:50.039439,2024-08-31 07:19:14.091724,0 days 00:00:24.052285,16,2.508937210577716,5,40,0.25990026150508505,97,0.00015841233543181622,0.932,0.92625,33,"[33, 33, 33, 33, 33, 33, 33, 33, 33, 33, 33, 33, 33, 33, 33, 33, 33, 33, 33, 33, 33, 33, 33, 33, 33, 33, 33, 33, 33, 33, 33, 33, 33, 33, 33, 33, 33, 33, 33, 33]",32.90721649484536,"[32.9271699368141, 32.91819088792817, 32.929497838377124, 32.92450947788494, 32.92218157632191, 32.92018623212504, 32.921516461589626, 32.921516461589626, 32.92450947788493, 32.929165281010974, 32.92051878949119, 32.92251413368806, 32.92583970734952, 32.92816760891254, 32.921183904223476, 32.92517459261723, 32.92417692051879, 32.9235118057865, 32.91586298636515, 32.92949783837712, 32.93215829730628, 32.91619554373129, 32.92218157632192, 32.92783505154639, 32.92650482208181, 32.921516461589626, 32.921183904223476, 32.91785833056203, 32.929165281010974, 32.9198536747589, 32.9118722979714, 32.919188560026605, 32.91652810109744, 32.904556035916194, 32.90621882274692, 32.90788160957765, 32.91453275690056, 32.91420019953442, 32.9118722979714, 32.90721649484536]",0.9069427587744284,0.9234712936842241,33,"[33, 33, 33, 33, 33, 33, 33, 33, 33, 33, 33, 33, 33, 33, 33, 33, 33, 33, 33, 33, 33, 33, 33, 33, 33, 33, 33, 33, 33, 33, 33, 33, 33, 33, 33, 33, 33, 33, 33, 33]",40,"[0.39206790924072266, 0.39316344261169434, 0.3933597505092621, 0.358718603849411, 0.35868608951568604, 0.3454928696155548, 0.33955734968185425, 0.34086182713508606, 0.3278302252292633, 0.3265138864517212, 0.3237014710903168, 0.3055384159088135, 0.31011006236076355, 0.29961374402046204, 0.31307679414749146, 0.27432575821876526, 0.26641181111335754, 0.2870038151741028, 0.26239776611328125, 0.27614229917526245, 0.29226577281951904, 0.2515067756175995, 0.25115835666656494, 0.23999594151973724, 0.23752722144126892, 0.2864872217178345, 0.23837552964687347, 0.23759908974170685, 0.2283962368965149, 0.22725458443164825, 0.23112428188323975, 0.22378234565258026, 0.22304239869117737, 0.2383819818496704, 0.2542741596698761, 0.2206704020500183, 0.2168501615524292, 0.22654138505458832, 0.2308708131313324, 0.21201203763484955]",33.0,"[33.0, 33.0, 33.0, 33.0, 33.0, 33.0, 33.0, 33.0, 33.0, 33.0, 33.0, 33.0, 33.0, 33.0, 33.0, 33.0, 33.0, 33.0, 33.0, 33.0, 33.0, 33.0, 33.0, 33.0, 33.0, 33.0, 33.0, 33.0, 33.0, 33.0, 33.0, 33.0, 33.0, 33.0, 33.0, 33.0, 33.0, 33.0, 33.0, 33.0]",COMPLETE
165,165,0.5,2024-08-31 07:19:14.098501,2024-08-31 07:20:31.278936,0 days 00:01:17.180435,64,1.0353080070122913,6,125,0.194724541878855,48,0.04078932660081438,0.859,0.85875,0,"[33, 33, 0, 0, 0, 0, 0, 0, 0, 0, 0, 0, 0, 0, 0, 0, 0, 0, 0, 0, 0, 0, 0, 0, 0, 0, 0, 0, 0, 0, 0, 0, 0, 0, 0, 0, 0, 0, 0, 0, 0, 0, 0, 0, 0, 0, 0, 0, 0, 0, 0, 0, 0, 0, 0, 0, 0, 0, 0, 0, 0, 0, 0, 0, 0, 0, 0, 0, 0, 0, 0, 0, 0, 0, 0, 0, 0, 0, 0, 0, 0, 0, 0, 0, 0, 0, 0, 0, 0, 0, 0, 0, 0, 0, 0, 0, 0, 0, 0, 0, 0, 0, 0, 0, 0, 0, 0, 0, 0, 0, 0, 0, 0, 0, 0, 0, 0, 0, 0, 0, 0, 0, 0, 0, 0]",0.0,"[32.93055555555556, 32.92691798941799, 0.0, 0.0, 0.0, 0.0, 0.0, 0.0, 0.0, 0.0, 0.0, 0.0, 0.0, 0.0, 0.0, 0.0, 0.0, 0.0, 0.0, 0.0, 0.0, 0.0, 0.0, 0.0, 0.0, 0.0, 0.0, 0.0, 0.0, 0.0, 0.0, 0.0, 0.0, 0.0, 0.0, 0.0, 0.0, 0.0, 0.0, 0.0, 0.0, 0.0, 0.0, 0.0, 0.0, 0.0, 0.0, 0.0, 0.0, 0.0, 0.0, 0.0, 0.0, 0.0, 0.0, 0.0, 0.0, 0.0, 0.0, 0.0, 0.0, 0.0, 0.0, 0.0, 0.0, 0.0, 0.0, 0.0, 0.0, 0.0, 0.0, 0.0, 0.0, 0.0, 0.0, 0.0, 0.0, 0.0, 0.0, 0.0, 0.0, 0.0, 0.0, 0.0, 0.0, 0.0, 0.0, 0.0, 0.0, 0.0, 0.0, 0.0, 0.0, 0.0, 0.0, 0.0, 0.0, 0.0, 0.0, 0.0, 0.0, 0.0, 0.0, 0.0, 0.0, 0.0, 0.0, 0.0, 0.0, 0.0, 0.0, 0.0, 0.0, 0.0, 0.0, 0.0, 0.0, 0.0, 0.0, 0.0, 0.0, 0.0, 0.0, 0.0, 0.0]",0.5,0.5,0,"[33, 33, 0, 0, 0, 0, 0, 0, 0, 0, 0, 0, 0, 0, 0, 0, 0, 0, 0, 0, 0, 0, 0, 0, 0, 0, 0, 0, 0, 0, 0, 0, 0, 0, 0, 0, 0, 0, 0, 0, 0, 0, 0, 0, 0, 0, 0, 0, 0, 0, 0, 0, 0, 0, 0, 0, 0, 0, 0, 0, 0, 0, 0, 0, 0, 0, 0, 0, 0, 0, 0, 0, 0, 0, 0, 0, 0, 0, 0, 0, 0, 0, 0, 0, 0, 0, 0, 0, 0, 0, 0, 0, 0, 0, 0, 0, 0, 0, 0, 0, 0, 0, 0, 0, 0, 0, 0, 0, 0, 0, 0, 0, 0, 0, 0, 0, 0, 0, 0, 0, 0, 0, 0, 0, 0]",125,"[0.41603076457977295, 0.4012189507484436, 0.40928277373313904, 0.4075288474559784, 0.40762466192245483, 0.40740296244621277, 0.40730684995651245, 0.40744486451148987, 0.4073677062988281, 0.4072928726673126, 0.4072263240814209, 0.4072262644767761, 0.4081687033176422, 0.40722769498825073, 0.40727099776268005, 0.40728577971458435, 0.40747344493865967, 0.4072563648223877, 0.40723931789398193, 0.4072384238243103, 0.4072757959365845, 0.4073028862476349, 0.40729865431785583, 0.40726393461227417, 0.4075298309326172, 0.40727126598358154, 0.40740013122558594, 0.40722960233688354, 0.4072275459766388, 0.4072344899177551, 0.407411128282547, 0.4072715640068054, 0.40731024742126465, 0.4072325527667999, 0.4072851240634918, 0.4075433313846588, 0.4072287678718567, 0.40723076462745667, 0.4073020815849304, 0.4075389504432678, 0.4074009656906128, 0.407256543636322, 0.4077085852622986, 0.40736183524131775, 0.40741077065467834, 0.4075503647327423, 0.40736153721809387, 0.40727341175079346, 0.4073222279548645, 0.40751224756240845, 0.4080395996570587, 0.40729865431785583, 0.4073899984359741, 0.4073600769042969, 0.40731629729270935, 0.40726548433303833, 0.4073670506477356, 0.40747833251953125, 0.40725642442703247, 0.40732795000076294, 0.40728798508644104, 0.4072290062904358, 0.40723419189453125, 0.4072377681732178, 0.4077540338039398, 0.4078519344329834, 0.40722617506980896, 0.40739426016807556, 0.4076136350631714, 0.4073115587234497, 0.4075482189655304, 0.40769538283348083, 0.4072871506214142, 0.407230019569397, 0.40724343061447144, 0.40729695558547974, 0.40746426582336426, 0.407245397567749, 0.4073958694934845, 0.40723028779029846, 0.40728890895843506, 0.40724867582321167, 0.4073486328125, 0.40727001428604126, 0.40726661682128906, 0.4072263240814209, 0.4072379767894745, 0.40722671151161194, 0.40729832649230957, 0.4072574973106384, 0.4075355529785156, 0.40751704573631287, 0.40722694993019104, 0.4072358012199402, 0.4075376093387604, 0.4072284698486328, 0.40740513801574707, 0.40737783908843994, 0.4074033498764038, 0.4078730642795563, 0.40733036398887634, 0.40724098682403564, 0.40725743770599365, 0.4072789251804352, 0.40722665190696716, 0.40758389234542847, 0.40743446350097656, 0.40722787380218506, 0.4072309136390686, 0.40724846720695496, 0.4073025584220886, 0.40729308128356934, 0.40742310881614685, 0.4074508547782898, 0.4072325825691223, 0.4072284400463104, 0.4072335958480835, 0.4072622060775757, 0.4072321355342865, 0.4072267413139343, 0.4073641896247864, 0.4072263240814209, 0.4073018729686737, 0.4072417914867401, 0.407293438911438]",0.0,"[33.0, 33.0, 0.0, 0.0, 0.0, 0.0, 0.0, 0.0, 0.0, 0.0, 0.0, 0.0, 0.0, 0.0, 0.0, 0.0, 0.0, 0.0, 0.0, 0.0, 0.0, 0.0, 0.0, 0.0, 0.0, 0.0, 0.0, 0.0, 0.0, 0.0, 0.0, 0.0, 0.0, 0.0, 0.0, 0.0, 0.0, 0.0, 0.0, 0.0, 0.0, 0.0, 0.0, 0.0, 0.0, 0.0, 0.0, 0.0, 0.0, 0.0, 0.0, 0.0, 0.0, 0.0, 0.0, 0.0, 0.0, 0.0, 0.0, 0.0, 0.0, 0.0, 0.0, 0.0, 0.0, 0.0, 0.0, 0.0, 0.0, 0.0, 0.0, 0.0, 0.0, 0.0, 0.0, 0.0, 0.0, 0.0, 0.0, 0.0, 0.0, 0.0, 0.0, 0.0, 0.0, 0.0, 0.0, 0.0, 0.0, 0.0, 0.0, 0.0, 0.0, 0.0, 0.0, 0.0, 0.0, 0.0, 0.0, 0.0, 0.0, 0.0, 0.0, 0.0, 0.0, 0.0, 0.0, 0.0, 0.0, 0.0, 0.0, 0.0, 0.0, 0.0, 0.0, 0.0, 0.0, 0.0, 0.0, 0.0, 0.0, 0.0, 0.0, 0.0, 0.0]",COMPLETE
