,number,value,datetime_start,datetime_complete,duration,params_batch_size_scaler,params_constant_learning_rate,params_depth,params_epochs,params_kernel_l2,params_num_trees,params_temperature,user_attrs_accuracy_test,user_attrs_accuracy_valid,user_attrs_approximate_feature_sparsity,user_attrs_approximate_feature_sparsity_history,user_attrs_approximate_weight_sparsity,user_attrs_approximate_weight_sparsity_history,user_attrs_auc_test,user_attrs_auc_valid,user_attrs_feature_sparsity,user_attrs_feature_sparsity_history,user_attrs_num_epochs,user_attrs_val_loss_history,user_attrs_weight_sparsity,user_attrs_weight_sparsity_history,state
36,36,0.5,2024-08-31 02:10:35.012724,2024-08-31 02:13:04.863125,0 days 00:02:29.850401,4,4.427149936432988,5,200,0.5153866664021132,46,0.011751006339782051,0.859,0.85875,0,"[0, 0, 0, 0, 0, 0, 0, 0, 0, 0, 0, 0, 0, 0, 0, 0, 0, 0, 0, 0, 0, 0, 0, 0, 0, 0, 0, 0, 0, 0, 0, 0, 0, 0, 0, 0, 0, 0, 0, 0, 0, 0, 0, 0, 0, 0, 0, 0, 0, 0, 0, 0, 0, 0, 0, 0, 0, 0, 0, 0, 0, 0, 0, 0, 0, 0, 0, 0, 0, 0, 0, 0, 0, 0, 0, 0, 0, 0, 0, 0, 0, 0, 0, 0, 0, 0, 0, 0, 0, 0, 0, 0, 0, 0, 0, 0, 0, 0, 0, 0, 0, 0, 0, 0, 0, 0, 0, 0, 0, 0, 0, 0, 0, 0, 0, 0, 0, 0, 0, 0, 0, 0, 0, 0, 0, 0, 0, 0, 0, 0, 0, 0, 0, 0, 0, 0, 0, 0, 0, 0, 0, 0, 0, 0, 0, 0, 0, 0, 0, 0, 0, 0, 0, 0, 0, 0, 0, 0, 0, 0, 0, 0, 0, 0, 0, 0, 0, 0, 0, 0, 0, 0, 0, 0, 0, 0, 0, 0, 0, 0, 0, 0, 0, 0, 0, 0, 0, 0, 0, 0, 0, 0, 0, 0, 0, 0, 0, 0, 0, 0]",0.0,"[0.0, 0.0, 0.0, 0.0, 0.0, 0.0, 0.0, 0.0, 0.0, 0.0, 0.0, 0.0, 0.0, 0.0, 0.0, 0.0, 0.0, 0.0, 0.0, 0.0, 0.0, 0.0, 0.0, 0.0, 0.0, 0.0, 0.0, 0.0, 0.0, 0.0, 0.0, 0.0, 0.0, 0.0, 0.0, 0.0, 0.0, 0.0, 0.0, 0.0, 0.0, 0.0, 0.0, 0.0, 0.0, 0.0, 0.0, 0.0, 0.0, 0.0, 0.0, 0.0, 0.0, 0.0, 0.0, 0.0, 0.0, 0.0, 0.0, 0.0, 0.0, 0.0, 0.0, 0.0, 0.0, 0.0, 0.0, 0.0, 0.0, 0.0, 0.0, 0.0, 0.0, 0.0, 0.0, 0.0, 0.0, 0.0, 0.0, 0.0, 0.0, 0.0, 0.0, 0.0, 0.0, 0.0, 0.0, 0.0, 0.0, 0.0, 0.0, 0.0, 0.0, 0.0, 0.0, 0.0, 0.0, 0.0, 0.0, 0.0, 0.0, 0.0, 0.0, 0.0, 0.0, 0.0, 0.0, 0.0, 0.0, 0.0, 0.0, 0.0, 0.0, 0.0, 0.0, 0.0, 0.0, 0.0, 0.0, 0.0, 0.0, 0.0, 0.0, 0.0, 0.0, 0.0, 0.0, 0.0, 0.0, 0.0, 0.0, 0.0, 0.0, 0.0, 0.0, 0.0, 0.0, 0.0, 0.0, 0.0, 0.0, 0.0, 0.0, 0.0, 0.0, 0.0, 0.0, 0.0, 0.0, 0.0, 0.0, 0.0, 0.0, 0.0, 0.0, 0.0, 0.0, 0.0, 0.0, 0.0, 0.0, 0.0, 0.0, 0.0, 0.0, 0.0, 0.0, 0.0, 0.0, 0.0, 0.0, 0.0, 0.0, 0.0, 0.0, 0.0, 0.0, 0.0, 0.0, 0.0, 0.0, 0.0, 0.0, 0.0, 0.0, 0.0, 0.0, 0.0, 0.0, 0.0, 0.0, 0.0, 0.0, 0.0, 0.0, 0.0, 0.0, 0.0, 0.0, 0.0]",0.5,0.5,0,"[0, 0, 0, 0, 0, 0, 0, 0, 0, 0, 0, 0, 0, 0, 0, 0, 0, 0, 0, 0, 0, 0, 0, 0, 0, 0, 0, 0, 0, 0, 0, 0, 0, 0, 0, 0, 0, 0, 0, 0, 0, 0, 0, 0, 0, 0, 0, 0, 0, 0, 0, 0, 0, 0, 0, 0, 0, 0, 0, 0, 0, 0, 0, 0, 0, 0, 0, 0, 0, 0, 0, 0, 0, 0, 0, 0, 0, 0, 0, 0, 0, 0, 0, 0, 0, 0, 0, 0, 0, 0, 0, 0, 0, 0, 0, 0, 0, 0, 0, 0, 0, 0, 0, 0, 0, 0, 0, 0, 0, 0, 0, 0, 0, 0, 0, 0, 0, 0, 0, 0, 0, 0, 0, 0, 0, 0, 0, 0, 0, 0, 0, 0, 0, 0, 0, 0, 0, 0, 0, 0, 0, 0, 0, 0, 0, 0, 0, 0, 0, 0, 0, 0, 0, 0, 0, 0, 0, 0, 0, 0, 0, 0, 0, 0, 0, 0, 0, 0, 0, 0, 0, 0, 0, 0, 0, 0, 0, 0, 0, 0, 0, 0, 0, 0, 0, 0, 0, 0, 0, 0, 0, 0, 0, 0, 0, 0, 0, 0, 0, 0]",200,"[0.426533967256546, 0.4073159098625183, 0.40884777903556824, 0.4085208475589752, 0.4073345959186554, 0.4107365310192108, 0.4239279627799988, 0.4109639823436737, 0.48379966616630554, 0.4211740493774414, 0.4130140244960785, 0.5122990012168884, 0.4088558256626129, 0.40778687596321106, 0.4474712312221527, 0.4112849533557892, 0.407755047082901, 0.4129254221916199, 0.4431230425834656, 0.4447242319583893, 0.44258975982666016, 0.43399298191070557, 0.4364095628261566, 0.4078696072101593, 0.4375383257865906, 0.40736663341522217, 0.4242226481437683, 0.41087380051612854, 0.4072573482990265, 0.43381160497665405, 0.5031775832176208, 0.41604387760162354, 0.4311390817165375, 0.4081403613090515, 0.4151946008205414, 0.4480421543121338, 0.4129185080528259, 0.4451969563961029, 0.4483863413333893, 0.4848887324333191, 0.47610339522361755, 0.4131866693496704, 0.42046913504600525, 0.4087842106819153, 0.4149515628814697, 0.4085308313369751, 0.43831923604011536, 0.41069838404655457, 0.4257640838623047, 0.40778523683547974, 0.40724050998687744, 0.44889357686042786, 0.40734395384788513, 0.41245365142822266, 0.6103141903877258, 0.6685433387756348, 0.5053445100784302, 0.40743204951286316, 0.4308058023452759, 0.43305933475494385, 0.40794605016708374, 0.4148416817188263, 0.5523203015327454, 0.43152469396591187, 0.4145093858242035, 0.4459325075149536, 0.407810240983963, 0.40809565782546997, 0.4720378518104553, 0.5980834364891052, 0.43103304505348206, 0.40833061933517456, 0.4092353880405426, 0.41766780614852905, 0.4606172442436218, 0.4424911439418793, 0.4193984866142273, 0.4076802730560303, 0.6083693504333496, 0.42031189799308777, 0.4074246883392334, 0.42913615703582764, 0.4351252317428589, 0.4155025780200958, 0.4079592525959015, 0.4149845540523529, 0.4247993528842926, 0.42611104249954224, 0.42047449946403503, 0.4342005252838135, 0.4110918939113617, 0.40938472747802734, 0.42718368768692017, 0.4104517698287964, 0.41223838925361633, 0.4997328221797943, 0.42316383123397827, 0.4420723021030426, 0.4333915710449219, 0.4226054847240448, 0.4112655222415924, 0.4102725684642792, 0.411370187997818, 0.44658350944519043, 0.6612012386322021, 0.48296302556991577, 0.41775965690612793, 0.4137078821659088, 0.4294918179512024, 0.5179619193077087, 0.4084320366382599, 0.41964471340179443, 0.46065640449523926, 0.4680279791355133, 0.46676814556121826, 0.4077562093734741, 0.4675835072994232, 0.41677120327949524, 0.40756699442863464, 0.4086701571941376, 0.4190167188644409, 0.4192411005496979, 0.4074971377849579, 0.4116770625114441, 0.4078223407268524, 0.4133967161178589, 0.40826553106307983, 0.4469936788082123, 0.43157750368118286, 0.41187557578086853, 0.55726557970047, 0.45771512389183044, 0.4150817096233368, 0.4117671549320221, 0.4127159118652344, 0.41183793544769287, 0.6244052648544312, 0.41159573197364807, 0.46078991889953613, 0.427552193403244, 0.4146919250488281, 0.4461521804332733, 0.41342639923095703, 0.4718407392501831, 0.41107016801834106, 0.4082111120223999, 0.43255844712257385, 0.4179808497428894, 0.550005316734314, 0.42419517040252686, 0.4078449010848999, 0.410482794046402, 0.41861438751220703, 0.4072618782520294, 0.41115105152130127, 0.45831242203712463, 0.40837061405181885, 0.49367275834083557, 0.4601382911205292, 0.4253237843513489, 0.41447150707244873, 0.41191110014915466, 0.4737183451652527, 0.5053236484527588, 0.4093737304210663, 0.42529627680778503, 0.46388888359069824, 0.40726515650749207, 0.40771371126174927, 0.40877044200897217, 0.4299944043159485, 0.41266289353370667, 0.6551364660263062, 0.559770941734314, 0.41192638874053955, 0.41331660747528076, 0.4076553285121918, 0.4078271985054016, 0.42140254378318787, 0.4090055823326111, 0.41452866792678833, 0.539857804775238, 0.4462921917438507, 0.4119621217250824, 0.5123178362846375, 0.42681610584259033, 0.42710983753204346, 0.4074576199054718, 0.40827906131744385, 0.42263180017471313, 0.43972763419151306, 0.41901150345802307, 0.4149763882160187, 0.4235129654407501, 0.42679935693740845, 0.4270589351654053, 0.40723082423210144, 0.6422456502914429, 0.4175800681114197, 0.4783928692340851]",0.0,"[0.0, 0.0, 0.0, 0.0, 0.0, 0.0, 0.0, 0.0, 0.0, 0.0, 0.0, 0.0, 0.0, 0.0, 0.0, 0.0, 0.0, 0.0, 0.0, 0.0, 0.0, 0.0, 0.0, 0.0, 0.0, 0.0, 0.0, 0.0, 0.0, 0.0, 0.0, 0.0, 0.0, 0.0, 0.0, 0.0, 0.0, 0.0, 0.0, 0.0, 0.0, 0.0, 0.0, 0.0, 0.0, 0.0, 0.0, 0.0, 0.0, 0.0, 0.0, 0.0, 0.0, 0.0, 0.0, 0.0, 0.0, 0.0, 0.0, 0.0, 0.0, 0.0, 0.0, 0.0, 0.0, 0.0, 0.0, 0.0, 0.0, 0.0, 0.0, 0.0, 0.0, 0.0, 0.0, 0.0, 0.0, 0.0, 0.0, 0.0, 0.0, 0.0, 0.0, 0.0, 0.0, 0.0, 0.0, 0.0, 0.0, 0.0, 0.0, 0.0, 0.0, 0.0, 0.0, 0.0, 0.0, 0.0, 0.0, 0.0, 0.0, 0.0, 0.0, 0.0, 0.0, 0.0, 0.0, 0.0, 0.0, 0.0, 0.0, 0.0, 0.0, 0.0, 0.0, 0.0, 0.0, 0.0, 0.0, 0.0, 0.0, 0.0, 0.0, 0.0, 0.0, 0.0, 0.0, 0.0, 0.0, 0.0, 0.0, 0.0, 0.0, 0.0, 0.0, 0.0, 0.0, 0.0, 0.0, 0.0, 0.0, 0.0, 0.0, 0.0, 0.0, 0.0, 0.0, 0.0, 0.0, 0.0, 0.0, 0.0, 0.0, 0.0, 0.0, 0.0, 0.0, 0.0, 0.0, 0.0, 0.0, 0.0, 0.0, 0.0, 0.0, 0.0, 0.0, 0.0, 0.0, 0.0, 0.0, 0.0, 0.0, 0.0, 0.0, 0.0, 0.0, 0.0, 0.0, 0.0, 0.0, 0.0, 0.0, 0.0, 0.0, 0.0, 0.0, 0.0, 0.0, 0.0, 0.0, 0.0, 0.0, 0.0, 0.0, 0.0, 0.0, 0.0, 0.0, 0.0]",COMPLETE
