,number,value,datetime_start,datetime_complete,duration,params_batch_size_scaler,params_constant_learning_rate,params_depth,params_epochs,params_kernel_l2,params_num_trees,params_temperature,user_attrs_accuracy_test,user_attrs_accuracy_valid,user_attrs_approximate_feature_sparsity,user_attrs_approximate_feature_sparsity_history,user_attrs_approximate_weight_sparsity,user_attrs_approximate_weight_sparsity_history,user_attrs_auc_test,user_attrs_auc_valid,user_attrs_feature_sparsity,user_attrs_feature_sparsity_history,user_attrs_num_epochs,user_attrs_val_loss_history,user_attrs_weight_sparsity,user_attrs_weight_sparsity_history,state
47,47,0.5,2024-08-31 02:21:55.701250,2024-08-31 02:29:37.157303,0 days 00:07:41.456053,4,6.6165114450429705,5,485,0.9620604669163261,76,0.0022670706161121994,0.859,0.85875,0,"[0, 0, 0, 0, 0, 0, 0, 0, 0, 0, 0, 0, 0, 0, 0, 0, 0, 0, 0, 0, 0, 0, 0, 0, 0, 0, 0, 0, 0, 0, 0, 0, 0, 0, 0, 0, 0, 0, 0, 0, 0, 0, 0, 0, 0, 0, 0, 0, 0, 0, 0, 0, 0, 0, 0, 0, 0, 0, 0, 0, 0, 0, 0, 0, 0, 0, 0, 0, 0, 0, 0, 0, 0, 0, 0, 0, 0, 0, 0, 0, 0, 0, 0, 0, 0, 0, 0, 0, 0, 0, 0, 0, 0, 0, 0, 0, 0, 0, 0, 0, 0, 0, 0, 0, 0, 0, 0, 0, 0, 0, 0, 0, 0, 0, 0, 0, 0, 0, 0, 0, 0, 0, 0, 0, 0, 0, 0, 0, 0, 0, 0, 0, 0, 0, 0, 0, 0, 0, 0, 0, 0, 0, 0, 0, 0, 0, 0, 0, 0, 0, 0, 0, 0, 0, 0, 0, 0, 0, 0, 0, 0, 0, 0, 0, 0, 0, 0, 0, 0, 0, 0, 0, 0, 0, 0, 0, 0, 0, 0, 0, 0, 0, 0, 0, 0, 0, 0, 0, 0, 0, 0, 0, 0, 0, 0, 0, 0, 0, 0, 0, 0, 0, 0, 0, 0, 0, 0, 0, 0, 0, 0, 0, 0, 0, 0, 0, 0, 0, 0, 0, 0, 0, 0, 0, 0, 0, 0, 0, 0, 0, 0, 0, 0, 0, 0, 0, 0, 0, 0, 0, 0, 0, 0, 0, 0, 0, 0, 0, 0, 0, 0, 0, 0, 0, 0, 0, 0, 0, 0, 0, 0, 0, 0, 0, 0, 0, 0, 0, 0, 0, 0, 0, 0, 0, 0, 0, 0, 0, 0, 0, 0, 0, 0, 0, 0, 0, 0, 0, 0, 0, 0, 0, 0, 0, 0, 0, 0, 0, 0, 0, 0, 0, 0, 0, 0, 0, 0, 0, 0, 0, 0, 0, 0, 0, 0, 0, 0, 0, 0, 0, 0, 0, 0, 0, 0, 0, 0, 0, 0, 0, 0, 0, 0, 0, 0, 0, 0, 0, 0, 0, 0, 0, 0, 0, 0, 0, 0, 0, 0, 0, 0, 0, 0, 0, 0, 0, 0, 0, 0, 0, 0, 0, 0, 0, 0, 0, 0, 0, 0, 0, 0, 0, 0, 0, 0, 0, 0, 0, 0, 0, 0, 0, 0, 0, 0, 0, 0, 0, 0, 0, 0, 0, 0, 0, 0, 0, 0, 0, 0, 0, 0, 0, 0, 0, 0, 0, 0, 0, 0, 0, 0, 0, 0, 0, 0, 0, 0, 0, 0, 0, 0, 0, 0, 0, 0, 0, 0, 0, 0, 0, 0, 0, 0, 0, 0, 0, 0, 0, 0, 0, 0, 0, 0, 0, 0, 0, 0, 0, 0, 0, 0, 0, 0, 0, 0, 0, 0, 0, 0, 0, 0, 0, 0, 0, 0, 0, 0, 0, 0, 0, 0, 0, 0, 0, 0, 0, 0, 0, 0, 0, 0, 0, 0, 0, 0]",0.0,"[0.0, 0.0, 0.0, 0.0, 0.0, 0.0, 0.0, 0.0, 0.0, 0.0, 0.0, 0.0, 0.0, 0.0, 0.0, 0.0, 0.0, 0.0, 0.0, 0.0, 0.0, 0.0, 0.0, 0.0, 0.0, 0.0, 0.0, 0.0, 0.0, 0.0, 0.0, 0.0, 0.0, 0.0, 0.0, 0.0, 0.0, 0.0, 0.0, 0.0, 0.0, 0.0, 0.0, 0.0, 0.0, 0.0, 0.0, 0.0, 0.0, 0.0, 0.0, 0.0, 0.0, 0.0, 0.0, 0.0, 0.0, 0.0, 0.0, 0.0, 0.0, 0.0, 0.0, 0.0, 0.0, 0.0, 0.0, 0.0, 0.0, 0.0, 0.0, 0.0, 0.0, 0.0, 0.0, 0.0, 0.0, 0.0, 0.0, 0.0, 0.0, 0.0, 0.0, 0.0, 0.0, 0.0, 0.0, 0.0, 0.0, 0.0, 0.0, 0.0, 0.0, 0.0, 0.0, 0.0, 0.0, 0.0, 0.0, 0.0, 0.0, 0.0, 0.0, 0.0, 0.0, 0.0, 0.0, 0.0, 0.0, 0.0, 0.0, 0.0, 0.0, 0.0, 0.0, 0.0, 0.0, 0.0, 0.0, 0.0, 0.0, 0.0, 0.0, 0.0, 0.0, 0.0, 0.0, 0.0, 0.0, 0.0, 0.0, 0.0, 0.0, 0.0, 0.0, 0.0, 0.0, 0.0, 0.0, 0.0, 0.0, 0.0, 0.0, 0.0, 0.0, 0.0, 0.0, 0.0, 0.0, 0.0, 0.0, 0.0, 0.0, 0.0, 0.0, 0.0, 0.0, 0.0, 0.0, 0.0, 0.0, 0.0, 0.0, 0.0, 0.0, 0.0, 0.0, 0.0, 0.0, 0.0, 0.0, 0.0, 0.0, 0.0, 0.0, 0.0, 0.0, 0.0, 0.0, 0.0, 0.0, 0.0, 0.0, 0.0, 0.0, 0.0, 0.0, 0.0, 0.0, 0.0, 0.0, 0.0, 0.0, 0.0, 0.0, 0.0, 0.0, 0.0, 0.0, 0.0, 0.0, 0.0, 0.0, 0.0, 0.0, 0.0, 0.0, 0.0, 0.0, 0.0, 0.0, 0.0, 0.0, 0.0, 0.0, 0.0, 0.0, 0.0, 0.0, 0.0, 0.0, 0.0, 0.0, 0.0, 0.0, 0.0, 0.0, 0.0, 0.0, 0.0, 0.0, 0.0, 0.0, 0.0, 0.0, 0.0, 0.0, 0.0, 0.0, 0.0, 0.0, 0.0, 0.0, 0.0, 0.0, 0.0, 0.0, 0.0, 0.0, 0.0, 0.0, 0.0, 0.0, 0.0, 0.0, 0.0, 0.0, 0.0, 0.0, 0.0, 0.0, 0.0, 0.0, 0.0, 0.0, 0.0, 0.0, 0.0, 0.0, 0.0, 0.0, 0.0, 0.0, 0.0, 0.0, 0.0, 0.0, 0.0, 0.0, 0.0, 0.0, 0.0, 0.0, 0.0, 0.0, 0.0, 0.0, 0.0, 0.0, 0.0, 0.0, 0.0, 0.0, 0.0, 0.0, 0.0, 0.0, 0.0, 0.0, 0.0, 0.0, 0.0, 0.0, 0.0, 0.0, 0.0, 0.0, 0.0, 0.0, 0.0, 0.0, 0.0, 0.0, 0.0, 0.0, 0.0, 0.0, 0.0, 0.0, 0.0, 0.0, 0.0, 0.0, 0.0, 0.0, 0.0, 0.0, 0.0, 0.0, 0.0, 0.0, 0.0, 0.0, 0.0, 0.0, 0.0, 0.0, 0.0, 0.0, 0.0, 0.0, 0.0, 0.0, 0.0, 0.0, 0.0, 0.0, 0.0, 0.0, 0.0, 0.0, 0.0, 0.0, 0.0, 0.0, 0.0, 0.0, 0.0, 0.0, 0.0, 0.0, 0.0, 0.0, 0.0, 0.0, 0.0, 0.0, 0.0, 0.0, 0.0, 0.0, 0.0, 0.0, 0.0, 0.0, 0.0, 0.0, 0.0, 0.0, 0.0, 0.0, 0.0, 0.0, 0.0, 0.0, 0.0, 0.0, 0.0, 0.0, 0.0, 0.0, 0.0, 0.0, 0.0, 0.0, 0.0, 0.0, 0.0, 0.0, 0.0, 0.0, 0.0, 0.0, 0.0, 0.0, 0.0, 0.0, 0.0, 0.0, 0.0, 0.0, 0.0, 0.0, 0.0, 0.0, 0.0, 0.0, 0.0, 0.0, 0.0, 0.0, 0.0, 0.0, 0.0, 0.0, 0.0, 0.0, 0.0, 0.0, 0.0, 0.0, 0.0, 0.0, 0.0, 0.0, 0.0, 0.0, 0.0, 0.0, 0.0, 0.0, 0.0, 0.0, 0.0, 0.0, 0.0, 0.0, 0.0, 0.0, 0.0, 0.0, 0.0, 0.0, 0.0, 0.0, 0.0, 0.0, 0.0, 0.0, 0.0, 0.0, 0.0, 0.0, 0.0, 0.0, 0.0, 0.0, 0.0, 0.0, 0.0, 0.0, 0.0, 0.0, 0.0, 0.0, 0.0, 0.0, 0.0, 0.0, 0.0, 0.0, 0.0, 0.0, 0.0, 0.0]",0.5,0.5,0,"[0, 0, 0, 0, 0, 0, 0, 0, 0, 0, 0, 0, 0, 0, 0, 0, 0, 0, 0, 0, 0, 0, 0, 0, 0, 0, 0, 0, 0, 0, 0, 0, 0, 0, 0, 0, 0, 0, 0, 0, 0, 0, 0, 0, 0, 0, 0, 0, 0, 0, 0, 0, 0, 0, 0, 0, 0, 0, 0, 0, 0, 0, 0, 0, 0, 0, 0, 0, 0, 0, 0, 0, 0, 0, 0, 0, 0, 0, 0, 0, 0, 0, 0, 0, 0, 0, 0, 0, 0, 0, 0, 0, 0, 0, 0, 0, 0, 0, 0, 0, 0, 0, 0, 0, 0, 0, 0, 0, 0, 0, 0, 0, 0, 0, 0, 0, 0, 0, 0, 0, 0, 0, 0, 0, 0, 0, 0, 0, 0, 0, 0, 0, 0, 0, 0, 0, 0, 0, 0, 0, 0, 0, 0, 0, 0, 0, 0, 0, 0, 0, 0, 0, 0, 0, 0, 0, 0, 0, 0, 0, 0, 0, 0, 0, 0, 0, 0, 0, 0, 0, 0, 0, 0, 0, 0, 0, 0, 0, 0, 0, 0, 0, 0, 0, 0, 0, 0, 0, 0, 0, 0, 0, 0, 0, 0, 0, 0, 0, 0, 0, 0, 0, 0, 0, 0, 0, 0, 0, 0, 0, 0, 0, 0, 0, 0, 0, 0, 0, 0, 0, 0, 0, 0, 0, 0, 0, 0, 0, 0, 0, 0, 0, 0, 0, 0, 0, 0, 0, 0, 0, 0, 0, 0, 0, 0, 0, 0, 0, 0, 0, 0, 0, 0, 0, 0, 0, 0, 0, 0, 0, 0, 0, 0, 0, 0, 0, 0, 0, 0, 0, 0, 0, 0, 0, 0, 0, 0, 0, 0, 0, 0, 0, 0, 0, 0, 0, 0, 0, 0, 0, 0, 0, 0, 0, 0, 0, 0, 0, 0, 0, 0, 0, 0, 0, 0, 0, 0, 0, 0, 0, 0, 0, 0, 0, 0, 0, 0, 0, 0, 0, 0, 0, 0, 0, 0, 0, 0, 0, 0, 0, 0, 0, 0, 0, 0, 0, 0, 0, 0, 0, 0, 0, 0, 0, 0, 0, 0, 0, 0, 0, 0, 0, 0, 0, 0, 0, 0, 0, 0, 0, 0, 0, 0, 0, 0, 0, 0, 0, 0, 0, 0, 0, 0, 0, 0, 0, 0, 0, 0, 0, 0, 0, 0, 0, 0, 0, 0, 0, 0, 0, 0, 0, 0, 0, 0, 0, 0, 0, 0, 0, 0, 0, 0, 0, 0, 0, 0, 0, 0, 0, 0, 0, 0, 0, 0, 0, 0, 0, 0, 0, 0, 0, 0, 0, 0, 0, 0, 0, 0, 0, 0, 0, 0, 0, 0, 0, 0, 0, 0, 0, 0, 0, 0, 0, 0, 0, 0, 0, 0, 0, 0, 0, 0, 0, 0, 0, 0, 0, 0, 0, 0, 0, 0, 0, 0, 0, 0, 0, 0, 0, 0, 0, 0, 0, 0, 0, 0, 0, 0, 0, 0, 0, 0, 0, 0]",485,"[1.5228091478347778, 1.7541841268539429, 1.1910876035690308, 1.2927137613296509, 0.8233770728111267, 1.3047066926956177, 1.7090258598327637, 2.042692184448242, 0.4331081807613373, 2.765134334564209, 0.6506330966949463, 0.867982029914856, 0.4467231333255768, 1.5781863927841187, 0.5314381122589111, 0.4576573669910431, 0.4135608375072479, 0.8601135015487671, 1.235822319984436, 1.7397445440292358, 0.557989776134491, 1.6610379219055176, 0.5423601269721985, 0.5126239061355591, 0.41710951924324036, 1.6100103855133057, 0.6015751957893372, 0.5651071071624756, 2.512887477874756, 2.0410008430480957, 0.478629469871521, 1.2741016149520874, 1.2841699123382568, 0.43551304936408997, 0.4756844639778137, 0.5701056122779846, 0.726266086101532, 0.7914005517959595, 2.5721850395202637, 1.943639874458313, 0.7726562023162842, 0.5989549160003662, 2.3072195053100586, 0.5717452168464661, 2.4571127891540527, 2.973661184310913, 0.5542848706245422, 0.7437839508056641, 2.0128111839294434, 0.42480990290641785, 3.0934152603149414, 0.4099767804145813, 1.8049741983413696, 0.7157847881317139, 0.9291673302650452, 2.133429527282715, 0.653464674949646, 1.2489194869995117, 0.4287591278553009, 1.0167516469955444, 0.42969295382499695, 1.4293887615203857, 1.4236637353897095, 1.1181514263153076, 1.7908321619033813, 0.49465644359588623, 0.976106584072113, 0.45181748270988464, 0.587136447429657, 0.6164754629135132, 0.40828803181648254, 1.616560935974121, 0.9282077550888062, 1.0584949254989624, 0.6771296858787537, 1.721462368965149, 0.7115209102630615, 1.0593794584274292, 1.3398926258087158, 2.0041704177856445, 2.079744815826416, 2.732558488845825, 1.2793480157852173, 0.42865628004074097, 2.31489634513855, 0.5523022413253784, 1.395714521408081, 0.548224925994873, 0.9525628685951233, 1.0384610891342163, 0.4073271155357361, 0.8547285199165344, 1.0869394540786743, 2.8438844680786133, 2.6535096168518066, 1.5658222436904907, 0.6307920813560486, 2.1358258724212646, 0.41025111079216003, 1.422743797302246, 2.1509439945220947, 0.8559265732765198, 0.5896697640419006, 0.6679137349128723, 0.8997930288314819, 0.615375280380249, 1.627366542816162, 0.41660377383232117, 1.2212541103363037, 0.784943699836731, 0.5352579355239868, 0.8258488178253174, 0.41361287236213684, 0.4420031011104584, 0.6147589683532715, 0.4459318220615387, 2.5404293537139893, 0.8086721897125244, 0.5270959138870239, 1.0407719612121582, 1.2369555234909058, 1.9140812158584595, 0.8873046040534973, 1.665830373764038, 0.6570450067520142, 0.7981719374656677, 0.4505990147590637, 2.453615665435791, 1.2193467617034912, 0.5333252549171448, 0.4518524408340454, 0.5999080538749695, 0.9153366684913635, 0.9737289547920227, 0.4079959988594055, 1.4430067539215088, 0.40974098443984985, 2.2239091396331787, 0.4072265625, 1.7083417177200317, 0.9833481311798096, 0.526441216468811, 0.8019717335700989, 1.8987637758255005, 1.9231220483779907, 0.7750998139381409, 0.5234377384185791, 1.776971459388733, 0.44251370429992676, 0.4257281422615051, 0.8312667608261108, 0.6731364727020264, 2.665358781814575, 0.6645788550376892, 0.45035338401794434, 0.7705090045928955, 0.45000046491622925, 0.8605558276176453, 1.1015677452087402, 0.5592450499534607, 0.6848600506782532, 1.0090975761413574, 0.7596533298492432, 0.41023775935173035, 0.6857922077178955, 0.8836437463760376, 0.7057433128356934, 1.0153145790100098, 1.9038788080215454, 0.48264724016189575, 0.4646119177341461, 0.4147840142250061, 1.0831588506698608, 0.4073002338409424, 2.1576437950134277, 0.4644276797771454, 2.684898614883423, 0.4846406579017639, 0.4090937077999115, 0.4165433943271637, 2.4945549964904785, 0.416329562664032, 2.1466338634490967, 1.7638169527053833, 1.061984658241272, 0.6386322975158691, 0.8328000903129578, 0.4094281494617462, 0.5451679229736328, 1.3922866582870483, 0.9979938268661499, 0.42331206798553467, 3.230523109436035, 2.680798053741455, 0.481031596660614, 3.0523202419281006, 0.8015452027320862, 1.795149803161621, 0.5355629920959473, 0.7997150421142578, 0.8508251905441284, 0.5100713968276978, 1.214916467666626, 0.43129420280456543, 0.45341959595680237, 1.1520572900772095, 0.4102114737033844, 0.42535823583602905, 1.8826907873153687, 0.6832634806632996, 1.5823936462402344, 0.9276272058486938, 2.4642632007598877, 1.8790837526321411, 0.4763568937778473, 0.46729737520217896, 1.9053233861923218, 0.4385187029838562, 3.090172529220581, 0.8604047298431396, 0.4088798463344574, 1.6397403478622437, 2.4317636489868164, 0.4951142370700836, 1.2388885021209717, 2.5016307830810547, 2.247347354888916, 0.41822895407676697, 2.4330081939697266, 0.8730276226997375, 0.6420307159423828, 2.1552066802978516, 0.4127863943576813, 0.4774101674556732, 0.43367457389831543, 0.6334856152534485, 0.5115543603897095, 0.48629891872406006, 0.9611943960189819, 0.6451705098152161, 0.6492765545845032, 0.4235312342643738, 1.9703837633132935, 2.577296257019043, 2.4375739097595215, 1.0109115839004517, 0.8739997744560242, 2.5078020095825195, 1.701714277267456, 1.5377620458602905, 1.0566506385803223, 1.6200625896453857, 2.4144930839538574, 2.1102216243743896, 0.40722766518592834, 1.0714565515518188, 0.6785633563995361, 1.0092772245407104, 0.4072272479534149, 0.41886746883392334, 1.2654621601104736, 2.4981331825256348, 0.7504507303237915, 0.43903103470802307, 1.0830433368682861, 0.6107951998710632, 1.7628169059753418, 0.42844244837760925, 0.7622729539871216, 0.976125180721283, 0.6282628178596497, 1.1485450267791748, 0.4159247577190399, 1.5967109203338623, 1.296695351600647, 1.0251878499984741, 1.6376093626022339, 1.2509578466415405, 0.40829429030418396, 1.666887640953064, 0.6294581890106201, 0.49518048763275146, 1.4508668184280396, 1.9135076999664307, 1.6474390029907227, 1.3415216207504272, 1.0958776473999023, 0.4942215085029602, 1.0372529029846191, 1.9146778583526611, 0.527869462966919, 0.7807793617248535, 0.41292163729667664, 0.481227308511734, 1.0321975946426392, 1.7992024421691895, 1.948136806488037, 0.5941380262374878, 1.4633859395980835, 0.706177830696106, 1.2328243255615234, 0.6462359428405762, 0.9566963315010071, 1.0917820930480957, 0.9074044823646545, 1.4291964769363403, 2.5607035160064697, 1.9780958890914917, 1.2997846603393555, 0.7032621502876282, 1.0887091159820557, 2.0671772956848145, 0.444271445274353, 0.884091317653656, 0.4877317547798157, 2.5632107257843018, 1.9842742681503296, 0.43075913190841675, 0.7554604411125183, 1.7415764331817627, 2.071072578430176, 0.44607266783714294, 0.6531347036361694, 1.1145209074020386, 0.5622686147689819, 0.4671384394168854, 1.310439109802246, 2.0120937824249268, 1.8725694417953491, 1.2610875368118286, 0.8370199799537659, 1.2285617589950562, 2.899465322494507, 0.9991787075996399, 1.1847738027572632, 0.9624271988868713, 0.6948359608650208, 0.42022785544395447, 0.4276201128959656, 0.44495096802711487, 0.4194059371948242, 0.441268652677536, 1.1366827487945557, 0.4230218827724457, 1.1571589708328247, 0.6568642258644104, 1.414394736289978, 0.5682969093322754, 0.5473272800445557, 2.110776901245117, 2.7132668495178223, 2.4999475479125977, 0.8519508242607117, 1.8111451864242554, 0.4330779016017914, 1.2707817554473877, 1.3062704801559448, 1.089257836341858, 1.821608066558838, 2.3403749465942383, 2.4681921005249023, 0.4267662763595581, 0.4088972508907318, 0.6400998830795288, 1.4738616943359375, 0.5512458086013794, 0.4289728105068207, 2.35591459274292, 0.7495124340057373, 2.270110845565796, 1.4297268390655518, 0.41185325384140015, 0.5877870321273804, 0.4170917272567749, 1.5911376476287842, 2.363408088684082, 0.4353783428668976, 1.6567338705062866, 1.1215041875839233, 0.554972767829895, 0.5198747515678406, 1.4875448942184448, 0.5450438857078552, 0.5732951164245605, 0.430695116519928, 0.4515571594238281, 3.306098699569702, 1.1562424898147583, 1.7381412982940674, 0.42613014578819275, 0.7759462594985962, 1.3667993545532227, 0.5985237956047058, 0.5714675784111023, 0.4226905107498169, 0.49882224202156067, 2.2340028285980225, 2.0079185962677, 0.6040033102035522, 1.448439598083496, 0.44125717878341675, 0.5711660981178284, 0.5692085027694702, 1.7335381507873535, 0.40823909640312195, 0.8658159375190735, 0.49831122159957886, 0.6568657755851746, 1.0623114109039307, 0.7389783263206482, 1.4459943771362305, 0.45762377977371216, 0.5725821852684021, 1.6163034439086914, 0.6605839729309082, 0.4481465816497803, 0.46587318181991577, 1.0553934574127197, 0.4686852693557739, 0.7781862616539001, 1.2046791315078735, 1.4520106315612793, 0.4132736921310425, 0.7470797896385193, 1.29793381690979, 1.6179674863815308, 1.6257421970367432, 0.48231732845306396, 2.10927677154541, 3.313605308532715, 1.9128860235214233, 0.49200740456581116, 0.6381910443305969, 0.8581969738006592, 0.907604992389679, 1.3740785121917725, 1.6244715452194214, 0.5370581150054932, 0.43200722336769104, 2.1647303104400635, 0.41790977120399475, 1.164265513420105, 0.7355424761772156, 0.48929134011268616, 0.437227338552475, 1.8040086030960083, 2.706594944000244, 0.41058841347694397, 1.4661310911178589, 0.6342052221298218, 0.6905419230461121, 3.425652503967285, 2.2666068077087402, 1.56424880027771, 0.8429072499275208, 0.8647355437278748, 0.4087117314338684, 1.2616275548934937, 1.764388918876648, 1.8585249185562134, 1.2581617832183838, 1.494035005569458, 2.199838638305664, 1.5757815837860107, 1.5272479057312012, 0.47422322630882263, 0.8860174417495728, 0.42826902866363525, 2.9202487468719482, 0.5715928673744202, 1.7786511182785034, 1.5021758079528809, 1.6507349014282227, 0.9004243612289429, 2.1872987747192383, 1.8837954998016357, 2.1720621585845947, 2.6655614376068115, 1.3498867750167847, 1.2472983598709106, 0.6010224223136902, 0.9040794968605042, 1.9396263360977173, 0.4557030200958252, 0.7403107285499573]",0.0,"[0.0, 0.0, 0.0, 0.0, 0.0, 0.0, 0.0, 0.0, 0.0, 0.0, 0.0, 0.0, 0.0, 0.0, 0.0, 0.0, 0.0, 0.0, 0.0, 0.0, 0.0, 0.0, 0.0, 0.0, 0.0, 0.0, 0.0, 0.0, 0.0, 0.0, 0.0, 0.0, 0.0, 0.0, 0.0, 0.0, 0.0, 0.0, 0.0, 0.0, 0.0, 0.0, 0.0, 0.0, 0.0, 0.0, 0.0, 0.0, 0.0, 0.0, 0.0, 0.0, 0.0, 0.0, 0.0, 0.0, 0.0, 0.0, 0.0, 0.0, 0.0, 0.0, 0.0, 0.0, 0.0, 0.0, 0.0, 0.0, 0.0, 0.0, 0.0, 0.0, 0.0, 0.0, 0.0, 0.0, 0.0, 0.0, 0.0, 0.0, 0.0, 0.0, 0.0, 0.0, 0.0, 0.0, 0.0, 0.0, 0.0, 0.0, 0.0, 0.0, 0.0, 0.0, 0.0, 0.0, 0.0, 0.0, 0.0, 0.0, 0.0, 0.0, 0.0, 0.0, 0.0, 0.0, 0.0, 0.0, 0.0, 0.0, 0.0, 0.0, 0.0, 0.0, 0.0, 0.0, 0.0, 0.0, 0.0, 0.0, 0.0, 0.0, 0.0, 0.0, 0.0, 0.0, 0.0, 0.0, 0.0, 0.0, 0.0, 0.0, 0.0, 0.0, 0.0, 0.0, 0.0, 0.0, 0.0, 0.0, 0.0, 0.0, 0.0, 0.0, 0.0, 0.0, 0.0, 0.0, 0.0, 0.0, 0.0, 0.0, 0.0, 0.0, 0.0, 0.0, 0.0, 0.0, 0.0, 0.0, 0.0, 0.0, 0.0, 0.0, 0.0, 0.0, 0.0, 0.0, 0.0, 0.0, 0.0, 0.0, 0.0, 0.0, 0.0, 0.0, 0.0, 0.0, 0.0, 0.0, 0.0, 0.0, 0.0, 0.0, 0.0, 0.0, 0.0, 0.0, 0.0, 0.0, 0.0, 0.0, 0.0, 0.0, 0.0, 0.0, 0.0, 0.0, 0.0, 0.0, 0.0, 0.0, 0.0, 0.0, 0.0, 0.0, 0.0, 0.0, 0.0, 0.0, 0.0, 0.0, 0.0, 0.0, 0.0, 0.0, 0.0, 0.0, 0.0, 0.0, 0.0, 0.0, 0.0, 0.0, 0.0, 0.0, 0.0, 0.0, 0.0, 0.0, 0.0, 0.0, 0.0, 0.0, 0.0, 0.0, 0.0, 0.0, 0.0, 0.0, 0.0, 0.0, 0.0, 0.0, 0.0, 0.0, 0.0, 0.0, 0.0, 0.0, 0.0, 0.0, 0.0, 0.0, 0.0, 0.0, 0.0, 0.0, 0.0, 0.0, 0.0, 0.0, 0.0, 0.0, 0.0, 0.0, 0.0, 0.0, 0.0, 0.0, 0.0, 0.0, 0.0, 0.0, 0.0, 0.0, 0.0, 0.0, 0.0, 0.0, 0.0, 0.0, 0.0, 0.0, 0.0, 0.0, 0.0, 0.0, 0.0, 0.0, 0.0, 0.0, 0.0, 0.0, 0.0, 0.0, 0.0, 0.0, 0.0, 0.0, 0.0, 0.0, 0.0, 0.0, 0.0, 0.0, 0.0, 0.0, 0.0, 0.0, 0.0, 0.0, 0.0, 0.0, 0.0, 0.0, 0.0, 0.0, 0.0, 0.0, 0.0, 0.0, 0.0, 0.0, 0.0, 0.0, 0.0, 0.0, 0.0, 0.0, 0.0, 0.0, 0.0, 0.0, 0.0, 0.0, 0.0, 0.0, 0.0, 0.0, 0.0, 0.0, 0.0, 0.0, 0.0, 0.0, 0.0, 0.0, 0.0, 0.0, 0.0, 0.0, 0.0, 0.0, 0.0, 0.0, 0.0, 0.0, 0.0, 0.0, 0.0, 0.0, 0.0, 0.0, 0.0, 0.0, 0.0, 0.0, 0.0, 0.0, 0.0, 0.0, 0.0, 0.0, 0.0, 0.0, 0.0, 0.0, 0.0, 0.0, 0.0, 0.0, 0.0, 0.0, 0.0, 0.0, 0.0, 0.0, 0.0, 0.0, 0.0, 0.0, 0.0, 0.0, 0.0, 0.0, 0.0, 0.0, 0.0, 0.0, 0.0, 0.0, 0.0, 0.0, 0.0, 0.0, 0.0, 0.0, 0.0, 0.0, 0.0, 0.0, 0.0, 0.0, 0.0, 0.0, 0.0, 0.0, 0.0, 0.0, 0.0, 0.0, 0.0, 0.0, 0.0, 0.0, 0.0, 0.0, 0.0, 0.0, 0.0, 0.0, 0.0, 0.0, 0.0, 0.0, 0.0, 0.0, 0.0, 0.0, 0.0, 0.0, 0.0, 0.0, 0.0, 0.0, 0.0, 0.0, 0.0, 0.0, 0.0, 0.0, 0.0, 0.0, 0.0, 0.0, 0.0, 0.0, 0.0, 0.0, 0.0, 0.0, 0.0, 0.0, 0.0, 0.0, 0.0, 0.0, 0.0, 0.0, 0.0, 0.0, 0.0, 0.0, 0.0, 0.0, 0.0, 0.0, 0.0, 0.0, 0.0, 0.0, 0.0, 0.0, 0.0]",COMPLETE
