,number,value,datetime_start,datetime_complete,duration,params_batch_size_scaler,params_constant_learning_rate,params_depth,params_epochs,params_kernel_l2,params_num_trees,params_temperature,user_attrs_accuracy_test,user_attrs_accuracy_valid,user_attrs_approximate_feature_sparsity,user_attrs_approximate_feature_sparsity_history,user_attrs_approximate_weight_sparsity,user_attrs_approximate_weight_sparsity_history,user_attrs_auc_test,user_attrs_auc_valid,user_attrs_feature_sparsity,user_attrs_feature_sparsity_history,user_attrs_num_epochs,user_attrs_val_loss_history,user_attrs_weight_sparsity,user_attrs_weight_sparsity_history,state
139,139,0.5,2024-08-31 06:24:09.375260,2024-08-31 06:25:49.002194,0 days 00:01:39.626934,64,7.892286347977622,4,495,0.4590388614278401,63,0.019733760246355536,0.859,0.85875,0,"[0, 0, 0, 0, 0, 0, 0, 0, 0, 0, 0, 0, 0, 0, 0, 0, 0, 0, 0, 0, 0, 0, 0, 0, 0, 0, 0, 0, 0, 0, 0, 0, 0, 0, 0, 0, 0, 0, 0, 0, 0, 0, 0, 0, 0, 0, 0, 0, 0, 0, 0, 0, 0, 0, 0, 0, 0, 0, 0, 0, 0, 0, 0, 0, 0, 0, 0, 0, 0, 0, 0, 0, 0, 0, 0, 0, 0, 0, 0, 0, 0, 0, 0, 0, 0, 0, 0, 0, 0, 0, 0, 0, 0, 0, 0, 0, 0, 0, 0, 0, 0, 0, 0, 0, 0, 0, 0, 0, 0, 0, 0, 0, 0, 0, 0, 0, 0, 0, 0, 0, 0, 0, 0, 0, 0, 0, 0, 0, 0, 0, 0, 0, 0, 0, 0, 0, 0, 0, 0, 0, 0, 0, 0, 0, 0, 0, 0, 0, 0, 0, 0, 0, 0, 0, 0, 0, 0, 0, 0, 0, 0, 0, 0, 0, 0, 0, 0, 0, 0, 0, 0, 0, 0, 0, 0, 0, 0, 0, 0, 0, 0, 0, 0, 0, 0, 0, 0, 0, 0, 0, 0, 0, 0, 0, 0, 0, 0, 0, 0, 0, 0, 0, 0, 0, 0, 0, 0, 0, 0, 0, 0, 0, 0, 0, 0, 0, 0, 0, 0, 0, 0, 0, 0, 0, 0, 0, 0, 0, 0, 0, 0, 0, 0, 0, 0, 0, 0, 0, 0, 0, 0, 0, 0, 0, 0, 0, 0, 0, 0, 0, 0, 0, 0, 0, 0, 0, 0, 0, 0, 0, 0, 0, 0, 0, 0, 0, 0, 0, 0, 0, 0, 0, 0, 0, 0, 0, 0, 0, 0, 0, 0, 0, 0, 0, 0, 0, 0, 0, 0, 0, 0, 0, 0, 0, 0, 0, 0, 0, 0, 0, 0, 0, 0, 0, 0, 0, 0, 0, 0, 0, 0, 0, 0, 0, 0, 0, 0, 0, 0, 0, 0, 0, 0, 0, 0, 0, 0, 0, 0, 0, 0, 0, 0, 0, 0, 0, 0, 0, 0, 0, 0, 0, 0, 0, 0, 0, 0, 0, 0, 0, 0, 0, 0, 0, 0, 0, 0, 0, 0, 0, 0, 0, 0, 0, 0, 0, 0, 0, 0, 0, 0, 0, 0, 0, 0, 0, 0, 0, 0, 0, 0, 0, 0, 0, 0, 0, 0, 0, 0, 0, 0, 0, 0, 0, 0, 0, 0, 0, 0, 0, 0, 0, 0, 0, 0, 0, 0, 0, 0, 0, 0, 0, 0, 0, 0, 0, 0, 0, 0, 0, 0, 0, 0, 0, 0, 0, 0, 0, 0, 0, 0, 0, 0, 0, 0, 0, 0, 0, 0, 0, 0, 0, 0, 0, 0, 0, 0, 0, 0, 0, 0, 0, 0, 0, 0, 0, 0, 0, 0, 0, 0, 0, 0, 0, 0, 0, 0, 0, 0, 0, 0, 0, 0, 0, 0, 0, 0, 0, 0, 0, 0, 0, 0, 0, 0, 0, 0, 0, 0, 0, 0, 0, 0, 0, 0]",0.0,"[0.0, 0.0, 0.0, 0.0, 0.0, 0.0, 0.0, 0.0, 0.0, 0.0, 0.0, 0.0, 0.0, 0.0, 0.0, 0.0, 0.0, 0.0, 0.0, 0.0, 0.0, 0.0, 0.0, 0.0, 0.0, 0.0, 0.0, 0.0, 0.0, 0.0, 0.0, 0.0, 0.0, 0.0, 0.0, 0.0, 0.0, 0.0, 0.0, 0.0, 0.0, 0.0, 0.0, 0.0, 0.0, 0.0, 0.0, 0.0, 0.0, 0.0, 0.0, 0.0, 0.0, 0.0, 0.0, 0.0, 0.0, 0.0, 0.0, 0.0, 0.0, 0.0, 0.0, 0.0, 0.0, 0.0, 0.0, 0.0, 0.0, 0.0, 0.0, 0.0, 0.0, 0.0, 0.0, 0.0, 0.0, 0.0, 0.0, 0.0, 0.0, 0.0, 0.0, 0.0, 0.0, 0.0, 0.0, 0.0, 0.0, 0.0, 0.0, 0.0, 0.0, 0.0, 0.0, 0.0, 0.0, 0.0, 0.0, 0.0, 0.0, 0.0, 0.0, 0.0, 0.0, 0.0, 0.0, 0.0, 0.0, 0.0, 0.0, 0.0, 0.0, 0.0, 0.0, 0.0, 0.0, 0.0, 0.0, 0.0, 0.0, 0.0, 0.0, 0.0, 0.0, 0.0, 0.0, 0.0, 0.0, 0.0, 0.0, 0.0, 0.0, 0.0, 0.0, 0.0, 0.0, 0.0, 0.0, 0.0, 0.0, 0.0, 0.0, 0.0, 0.0, 0.0, 0.0, 0.0, 0.0, 0.0, 0.0, 0.0, 0.0, 0.0, 0.0, 0.0, 0.0, 0.0, 0.0, 0.0, 0.0, 0.0, 0.0, 0.0, 0.0, 0.0, 0.0, 0.0, 0.0, 0.0, 0.0, 0.0, 0.0, 0.0, 0.0, 0.0, 0.0, 0.0, 0.0, 0.0, 0.0, 0.0, 0.0, 0.0, 0.0, 0.0, 0.0, 0.0, 0.0, 0.0, 0.0, 0.0, 0.0, 0.0, 0.0, 0.0, 0.0, 0.0, 0.0, 0.0, 0.0, 0.0, 0.0, 0.0, 0.0, 0.0, 0.0, 0.0, 0.0, 0.0, 0.0, 0.0, 0.0, 0.0, 0.0, 0.0, 0.0, 0.0, 0.0, 0.0, 0.0, 0.0, 0.0, 0.0, 0.0, 0.0, 0.0, 0.0, 0.0, 0.0, 0.0, 0.0, 0.0, 0.0, 0.0, 0.0, 0.0, 0.0, 0.0, 0.0, 0.0, 0.0, 0.0, 0.0, 0.0, 0.0, 0.0, 0.0, 0.0, 0.0, 0.0, 0.0, 0.0, 0.0, 0.0, 0.0, 0.0, 0.0, 0.0, 0.0, 0.0, 0.0, 0.0, 0.0, 0.0, 0.0, 0.0, 0.0, 0.0, 0.0, 0.0, 0.0, 0.0, 0.0, 0.0, 0.0, 0.0, 0.0, 0.0, 0.0, 0.0, 0.0, 0.0, 0.0, 0.0, 0.0, 0.0, 0.0, 0.0, 0.0, 0.0, 0.0, 0.0, 0.0, 0.0, 0.0, 0.0, 0.0, 0.0, 0.0, 0.0, 0.0, 0.0, 0.0, 0.0, 0.0, 0.0, 0.0, 0.0, 0.0, 0.0, 0.0, 0.0, 0.0, 0.0, 0.0, 0.0, 0.0, 0.0, 0.0, 0.0, 0.0, 0.0, 0.0, 0.0, 0.0, 0.0, 0.0, 0.0, 0.0, 0.0, 0.0, 0.0, 0.0, 0.0, 0.0, 0.0, 0.0, 0.0, 0.0, 0.0, 0.0, 0.0, 0.0, 0.0, 0.0, 0.0, 0.0, 0.0, 0.0, 0.0, 0.0, 0.0, 0.0, 0.0, 0.0, 0.0, 0.0, 0.0, 0.0, 0.0, 0.0, 0.0, 0.0, 0.0, 0.0, 0.0, 0.0, 0.0, 0.0, 0.0, 0.0, 0.0, 0.0, 0.0, 0.0, 0.0, 0.0, 0.0, 0.0, 0.0, 0.0, 0.0, 0.0, 0.0, 0.0, 0.0, 0.0, 0.0, 0.0, 0.0, 0.0, 0.0, 0.0, 0.0, 0.0, 0.0, 0.0, 0.0, 0.0, 0.0, 0.0, 0.0, 0.0, 0.0, 0.0, 0.0, 0.0, 0.0, 0.0, 0.0, 0.0, 0.0, 0.0, 0.0, 0.0, 0.0, 0.0, 0.0, 0.0, 0.0, 0.0, 0.0, 0.0, 0.0, 0.0, 0.0, 0.0, 0.0, 0.0, 0.0, 0.0, 0.0, 0.0, 0.0, 0.0, 0.0, 0.0, 0.0, 0.0, 0.0, 0.0, 0.0, 0.0, 0.0, 0.0, 0.0, 0.0, 0.0, 0.0, 0.0, 0.0, 0.0, 0.0, 0.0, 0.0, 0.0, 0.0, 0.0, 0.0, 0.0, 0.0, 0.0, 0.0, 0.0, 0.0, 0.0, 0.0, 0.0, 0.0, 0.0, 0.0, 0.0, 0.0, 0.0, 0.0, 0.0, 0.0, 0.0, 0.0, 0.0, 0.0, 0.0, 0.0, 0.0, 0.0, 0.0, 0.0, 0.0, 0.0, 0.0, 0.0, 0.0, 0.0, 0.0]",0.5,0.5,0,"[0, 0, 0, 0, 0, 0, 0, 0, 0, 0, 0, 0, 0, 0, 0, 0, 0, 0, 0, 0, 0, 0, 0, 0, 0, 0, 0, 0, 0, 0, 0, 0, 0, 0, 0, 0, 0, 0, 0, 0, 0, 0, 0, 0, 0, 0, 0, 0, 0, 0, 0, 0, 0, 0, 0, 0, 0, 0, 0, 0, 0, 0, 0, 0, 0, 0, 0, 0, 0, 0, 0, 0, 0, 0, 0, 0, 0, 0, 0, 0, 0, 0, 0, 0, 0, 0, 0, 0, 0, 0, 0, 0, 0, 0, 0, 0, 0, 0, 0, 0, 0, 0, 0, 0, 0, 0, 0, 0, 0, 0, 0, 0, 0, 0, 0, 0, 0, 0, 0, 0, 0, 0, 0, 0, 0, 0, 0, 0, 0, 0, 0, 0, 0, 0, 0, 0, 0, 0, 0, 0, 0, 0, 0, 0, 0, 0, 0, 0, 0, 0, 0, 0, 0, 0, 0, 0, 0, 0, 0, 0, 0, 0, 0, 0, 0, 0, 0, 0, 0, 0, 0, 0, 0, 0, 0, 0, 0, 0, 0, 0, 0, 0, 0, 0, 0, 0, 0, 0, 0, 0, 0, 0, 0, 0, 0, 0, 0, 0, 0, 0, 0, 0, 0, 0, 0, 0, 0, 0, 0, 0, 0, 0, 0, 0, 0, 0, 0, 0, 0, 0, 0, 0, 0, 0, 0, 0, 0, 0, 0, 0, 0, 0, 0, 0, 0, 0, 0, 0, 0, 0, 0, 0, 0, 0, 0, 0, 0, 0, 0, 0, 0, 0, 0, 0, 0, 0, 0, 0, 0, 0, 0, 0, 0, 0, 0, 0, 0, 0, 0, 0, 0, 0, 0, 0, 0, 0, 0, 0, 0, 0, 0, 0, 0, 0, 0, 0, 0, 0, 0, 0, 0, 0, 0, 0, 0, 0, 0, 0, 0, 0, 0, 0, 0, 0, 0, 0, 0, 0, 0, 0, 0, 0, 0, 0, 0, 0, 0, 0, 0, 0, 0, 0, 0, 0, 0, 0, 0, 0, 0, 0, 0, 0, 0, 0, 0, 0, 0, 0, 0, 0, 0, 0, 0, 0, 0, 0, 0, 0, 0, 0, 0, 0, 0, 0, 0, 0, 0, 0, 0, 0, 0, 0, 0, 0, 0, 0, 0, 0, 0, 0, 0, 0, 0, 0, 0, 0, 0, 0, 0, 0, 0, 0, 0, 0, 0, 0, 0, 0, 0, 0, 0, 0, 0, 0, 0, 0, 0, 0, 0, 0, 0, 0, 0, 0, 0, 0, 0, 0, 0, 0, 0, 0, 0, 0, 0, 0, 0, 0, 0, 0, 0, 0, 0, 0, 0, 0, 0, 0, 0, 0, 0, 0, 0, 0, 0, 0, 0, 0, 0, 0, 0, 0, 0, 0, 0, 0, 0, 0, 0, 0, 0, 0, 0, 0, 0, 0, 0, 0, 0, 0, 0, 0, 0, 0, 0, 0, 0, 0, 0, 0, 0, 0, 0, 0, 0, 0, 0, 0, 0, 0, 0, 0, 0, 0, 0, 0, 0, 0, 0, 0, 0, 0, 0, 0, 0]",495,"[0.7108385562896729, 1.3886141777038574, 2.0856995582580566, 5.1035614013671875, 0.6353538632392883, 1.7595162391662598, 2.1678237915039062, 5.391390800476074, 0.40842410922050476, 4.903070449829102, 1.7571829557418823, 2.5786142349243164, 3.0622129440307617, 7.039012432098389, 1.936285376548767, 5.5372395515441895, 0.8046543598175049, 4.173097610473633, 4.017746448516846, 2.958717107772827, 6.488549709320068, 1.3369289636611938, 7.130638599395752, 1.9199423789978027, 5.608007907867432, 0.5958808660507202, 4.085951328277588, 4.159825801849365, 2.6441991329193115, 0.7421395182609558, 4.103628635406494, 5.4153666496276855, 2.909679651260376, 6.334862232208252, 1.5491560697555542, 5.328551769256592, 0.6172668933868408, 4.547440052032471, 1.1803507804870605, 1.2753376960754395, 1.3131316900253296, 2.0379154682159424, 5.384349346160889, 0.8424522280693054, 3.170121431350708, 6.7867841720581055, 1.6420769691467285, 5.105007648468018, 0.44638243317604065, 4.038638114929199, 0.4650954008102417, 4.238358020782471, 1.7673202753067017, 2.340243101119995, 2.0976474285125732, 5.880262851715088, 0.6843265295028687, 4.583890914916992, 2.962348699569702, 2.932910203933716, 1.8419307470321655, 5.691587924957275, 0.9092036485671997, 3.781820297241211, 1.6550663709640503, 2.5550451278686523, 3.0716559886932373, 6.817657470703125, 1.6136175394058228, 3.542045831680298, 4.723927021026611, 1.0516345500946045, 0.8424046039581299, 3.3584365844726562, 6.467158317565918, 1.6832633018493652, 2.905689001083374, 6.61046028137207, 1.2266114950180054, 0.4557921588420868, 4.378066539764404, 1.5967673063278198, 2.2338669300079346, 4.801544189453125, 0.45231878757476807, 2.4018354415893555, 2.521599531173706, 1.3925656080245972, 1.921732783317566, 3.0434839725494385, 7.023703575134277, 2.2998578548431396, 1.2803411483764648, 1.1186251640319824, 2.4384117126464844, 0.9855026006698608, 4.426517486572266, 2.5508499145507812, 2.890072822570801, 6.750831127166748, 1.966985821723938, 5.7113471031188965, 0.5852781534194946, 4.659278392791748, 2.226182460784912, 2.9762771129608154, 6.668361663818359, 1.8245114088058472, 4.871664047241211, 0.4526287019252777, 3.5577661991119385, 4.502795696258545, 1.612929344177246, 2.317680597305298, 4.407129287719727, 1.5550360679626465, 1.8097949028015137, 5.180830001831055, 0.42515191435813904, 3.0501325130462646, 6.710271835327148, 1.6863936185836792, 4.630182266235352, 3.435610055923462, 3.0318305492401123, 6.889959812164307, 1.5060243606567383, 2.622479200363159, 3.3943090438842773, 6.227066516876221, 1.3232922554016113, 1.2833749055862427, 0.43078044056892395, 3.444258689880371, 5.869770050048828, 0.6747802495956421, 4.574634552001953, 2.3040502071380615, 2.9006807804107666, 5.248580455780029, 0.4101184010505676, 6.07524299621582, 0.8145087361335754, 4.264853000640869, 3.943859815597534, 3.0189766883850098, 7.095189094543457, 1.8312594890594482, 5.499419689178467, 0.7219096422195435, 4.409430980682373, 5.6446428298950195, 2.814558982849121, 2.140984535217285, 2.717050790786743, 4.366459846496582, 3.16349720954895, 6.591568470001221, 1.6877162456512451, 5.451069355010986, 0.5185108184814453, 4.085212230682373, 3.1082510948181152, 3.072000026702881, 6.665080547332764, 1.401198387145996, 1.5587217807769775, 1.7555853128433228, 5.817739486694336, 0.9154325723648071, 4.620138645172119, 2.0862877368927, 2.461961269378662, 2.7811357975006104, 6.370175838470459, 1.3463650941848755, 3.5454821586608887, 3.3328592777252197, 6.545383453369141, 1.2815665006637573, 1.1231573820114136, 1.1285432577133179, 1.2251412868499756, 1.6374311447143555, 5.14826774597168, 0.40754371881484985, 4.187060356140137, 6.3869452476501465, 2.6994314193725586, 1.558705449104309, 2.1756417751312256, 5.509732723236084, 0.5174440145492554, 4.287307262420654, 1.5591739416122437, 2.2363884449005127, 3.216073513031006, 6.343360424041748, 1.4395403861999512, 6.226202487945557, 1.0230019092559814, 2.2238821983337402, 5.413660049438477, 0.5365652441978455, 4.145010471343994, 1.4603763818740845, 2.070319175720215, 4.764643669128418, 1.6965638399124146, 2.2527005672454834, 5.3711256980896, 0.4293857514858246, 4.710326671600342, 1.9667413234710693, 2.6646227836608887, 4.474291801452637, 0.6963149905204773, 4.888031482696533, 2.921987295150757, 6.803215503692627, 1.599307894706726, 1.4683632850646973, 1.7845427989959717, 5.415219783782959, 0.445894330739975, 2.8444924354553223, 4.670371055603027, 1.8433347940444946, 2.3048999309539795, 3.77426815032959, 2.4809834957122803, 1.0411039590835571, 1.0610175132751465, 3.63455867767334, 4.941641807556152, 0.7480812668800354, 2.76187801361084, 3.0130531787872314, 6.956484794616699, 2.232663154602051, 4.750195026397705, 2.0879745483398438, 2.7632689476013184, 0.9866281747817993, 0.8641171455383301, 3.7849128246307373, 2.351083755493164, 4.3580803871154785, 3.0953502655029297, 2.830535650253296, 1.6566717624664307, 2.379509449005127, 3.184070348739624, 6.656282901763916, 1.8124393224716187, 5.433053970336914, 0.5046789050102234, 4.1578688621521, 2.5058069229125977, 2.8132505416870117, 6.610109329223633, 1.5862395763397217, 4.130150318145752, 3.2454419136047363, 6.719220161437988, 1.6353338956832886, 2.47929048538208, 3.234957218170166, 6.513358116149902, 1.7295297384262085, 4.889906406402588, 0.4304710328578949, 0.4539467990398407, 3.8308258056640625, 1.0532246828079224, 3.5677475929260254, 6.128143310546875, 1.164535641670227, 1.1239221096038818, 1.2191827297210693, 2.935805320739746, 2.988525390625, 6.676477432250977, 2.132693290710449, 5.514081001281738, 0.7940049767494202, 3.905790090560913, 0.6130689382553101, 4.846372604370117, 0.677715003490448, 5.984272480010986, 2.7026097774505615, 0.8769153356552124, 4.421931743621826, 4.831823348999023, 3.709432363510132, 2.085374116897583, 5.7456374168396, 0.5630888342857361, 4.626945972442627, 1.1610350608825684, 1.4631333351135254, 1.491390347480774, 6.568287372589111, 1.6044279336929321, 3.706430673599243, 3.280578851699829, 6.963568210601807, 1.9996975660324097, 4.9522504806518555, 1.9932843446731567, 2.927791118621826, 6.465999126434326, 1.7421822547912598, 6.117680549621582, 1.2739553451538086, 3.5913469791412354, 3.1525332927703857, 7.021578311920166, 1.8776733875274658, 5.529155254364014, 0.9268218874931335, 3.8066234588623047, 1.6938449144363403, 5.179775238037109, 1.4519805908203125, 1.9951274394989014, 5.519539833068848, 0.8183294534683228, 0.43888750672340393, 4.200047016143799, 3.2957465648651123, 2.8467299938201904, 2.4137399196624756, 1.9362151622772217, 5.3294358253479, 0.4380926489830017, 3.4327552318573, 5.656468391418457, 0.7574626207351685, 3.7168707847595215, 3.900249719619751, 1.9292935132980347, 5.691704750061035, 0.9094958305358887, 4.157352447509766, 5.361670017242432, 2.9164304733276367, 6.93061637878418, 2.3268203735351562, 3.829622268676758, 1.9292291402816772, 5.745581150054932, 0.514162540435791, 3.952312707901001, 3.7572901248931885, 2.8484010696411133, 6.155383110046387, 1.1917308568954468, 2.0068483352661133, 5.612958908081055, 0.46282607316970825, 3.3939971923828125, 6.214835166931152, 1.1911709308624268, 0.5128284096717834, 4.3662800788879395, 4.249632835388184, 2.634834051132202, 0.7275489568710327, 3.881633996963501, 1.139540672302246, 1.532166600227356, 6.442723274230957, 1.6588977575302124, 4.4080095291137695, 2.6038646697998047, 3.0882513523101807, 7.434909820556641, 2.4110264778137207, 1.7062747478485107, 5.985877513885498, 1.0824909210205078, 3.4531078338623047, 6.069461822509766, 1.5256973505020142, 0.4937704801559448, 4.478742599487305, 3.0937774181365967, 2.650343894958496, 1.9415571689605713, 5.258529186248779, 0.5089784860610962, 4.150537014007568, 3.8869171142578125, 3.022360324859619, 6.738415718078613, 1.7145378589630127, 5.712978363037109, 0.5867159366607666, 4.173097610473633, 1.3324975967407227, 1.6988143920898438, 5.73091983795166, 0.7137208580970764, 4.629696846008301, 0.9187667965888977, 0.6792019009590149, 4.188457012176514, 1.870315670967102, 2.332879066467285, 5.108761310577393, 1.8046101331710815, 2.6229021549224854, 1.1810771226882935, 0.7372587323188782, 4.575884819030762, 1.6434861421585083, 1.8811625242233276, 5.765646934509277, 0.923270583152771, 4.060770034790039, 1.6185078620910645, 1.90568208694458, 6.016270160675049, 0.6997354626655579, 4.566264629364014, 0.47550544142723083, 5.565916538238525, 0.6712490916252136, 4.580564022064209, 0.8504835367202759, 0.42220982909202576, 2.859673500061035, 1.4883925914764404, 6.821361064910889, 2.0375277996063232, 5.526544094085693, 0.44713225960731506, 3.6111180782318115, 4.7383527755737305, 2.1500372886657715, 2.8674073219299316, 3.775017023086548, 3.2552056312561035, 6.9149556159973145, 2.0110976696014404, 5.766830921173096, 0.6350086331367493, 4.405160427093506, 3.3652288913726807, 2.729811429977417, 6.679832935333252, 1.8960013389587402, 5.8077216148376465, 0.7877256870269775, 3.926588773727417, 1.306174635887146, 0.9965002536773682, 3.596275568008423, 5.4693684577941895, 0.44873425364494324, 3.805007219314575, 2.6184909343719482, 0.590151846408844, 4.129754543304443, 3.689197063446045, 3.090632438659668, 7.054423809051514, 2.0305421352386475, 4.4584550857543945, 2.8076467514038086, 3.2037394046783447, 6.783130645751953, 1.7592520713806152, 5.809764385223389, 1.0864055156707764, 3.907452344894409, 1.6642467975616455, 5.779658317565918, 0.5925737023353577, 4.505849838256836, 1.9239240884780884, 2.865516424179077, 6.290555477142334, 1.626756191253662, 5.844332218170166, 0.4980735778808594, 4.127639293670654, 1.6946698427200317, 2.1302075386047363, 4.260012626647949, 6.851008415222168, 2.445206880569458, 1.439361572265625]",0.0,"[0.0, 0.0, 0.0, 0.0, 0.0, 0.0, 0.0, 0.0, 0.0, 0.0, 0.0, 0.0, 0.0, 0.0, 0.0, 0.0, 0.0, 0.0, 0.0, 0.0, 0.0, 0.0, 0.0, 0.0, 0.0, 0.0, 0.0, 0.0, 0.0, 0.0, 0.0, 0.0, 0.0, 0.0, 0.0, 0.0, 0.0, 0.0, 0.0, 0.0, 0.0, 0.0, 0.0, 0.0, 0.0, 0.0, 0.0, 0.0, 0.0, 0.0, 0.0, 0.0, 0.0, 0.0, 0.0, 0.0, 0.0, 0.0, 0.0, 0.0, 0.0, 0.0, 0.0, 0.0, 0.0, 0.0, 0.0, 0.0, 0.0, 0.0, 0.0, 0.0, 0.0, 0.0, 0.0, 0.0, 0.0, 0.0, 0.0, 0.0, 0.0, 0.0, 0.0, 0.0, 0.0, 0.0, 0.0, 0.0, 0.0, 0.0, 0.0, 0.0, 0.0, 0.0, 0.0, 0.0, 0.0, 0.0, 0.0, 0.0, 0.0, 0.0, 0.0, 0.0, 0.0, 0.0, 0.0, 0.0, 0.0, 0.0, 0.0, 0.0, 0.0, 0.0, 0.0, 0.0, 0.0, 0.0, 0.0, 0.0, 0.0, 0.0, 0.0, 0.0, 0.0, 0.0, 0.0, 0.0, 0.0, 0.0, 0.0, 0.0, 0.0, 0.0, 0.0, 0.0, 0.0, 0.0, 0.0, 0.0, 0.0, 0.0, 0.0, 0.0, 0.0, 0.0, 0.0, 0.0, 0.0, 0.0, 0.0, 0.0, 0.0, 0.0, 0.0, 0.0, 0.0, 0.0, 0.0, 0.0, 0.0, 0.0, 0.0, 0.0, 0.0, 0.0, 0.0, 0.0, 0.0, 0.0, 0.0, 0.0, 0.0, 0.0, 0.0, 0.0, 0.0, 0.0, 0.0, 0.0, 0.0, 0.0, 0.0, 0.0, 0.0, 0.0, 0.0, 0.0, 0.0, 0.0, 0.0, 0.0, 0.0, 0.0, 0.0, 0.0, 0.0, 0.0, 0.0, 0.0, 0.0, 0.0, 0.0, 0.0, 0.0, 0.0, 0.0, 0.0, 0.0, 0.0, 0.0, 0.0, 0.0, 0.0, 0.0, 0.0, 0.0, 0.0, 0.0, 0.0, 0.0, 0.0, 0.0, 0.0, 0.0, 0.0, 0.0, 0.0, 0.0, 0.0, 0.0, 0.0, 0.0, 0.0, 0.0, 0.0, 0.0, 0.0, 0.0, 0.0, 0.0, 0.0, 0.0, 0.0, 0.0, 0.0, 0.0, 0.0, 0.0, 0.0, 0.0, 0.0, 0.0, 0.0, 0.0, 0.0, 0.0, 0.0, 0.0, 0.0, 0.0, 0.0, 0.0, 0.0, 0.0, 0.0, 0.0, 0.0, 0.0, 0.0, 0.0, 0.0, 0.0, 0.0, 0.0, 0.0, 0.0, 0.0, 0.0, 0.0, 0.0, 0.0, 0.0, 0.0, 0.0, 0.0, 0.0, 0.0, 0.0, 0.0, 0.0, 0.0, 0.0, 0.0, 0.0, 0.0, 0.0, 0.0, 0.0, 0.0, 0.0, 0.0, 0.0, 0.0, 0.0, 0.0, 0.0, 0.0, 0.0, 0.0, 0.0, 0.0, 0.0, 0.0, 0.0, 0.0, 0.0, 0.0, 0.0, 0.0, 0.0, 0.0, 0.0, 0.0, 0.0, 0.0, 0.0, 0.0, 0.0, 0.0, 0.0, 0.0, 0.0, 0.0, 0.0, 0.0, 0.0, 0.0, 0.0, 0.0, 0.0, 0.0, 0.0, 0.0, 0.0, 0.0, 0.0, 0.0, 0.0, 0.0, 0.0, 0.0, 0.0, 0.0, 0.0, 0.0, 0.0, 0.0, 0.0, 0.0, 0.0, 0.0, 0.0, 0.0, 0.0, 0.0, 0.0, 0.0, 0.0, 0.0, 0.0, 0.0, 0.0, 0.0, 0.0, 0.0, 0.0, 0.0, 0.0, 0.0, 0.0, 0.0, 0.0, 0.0, 0.0, 0.0, 0.0, 0.0, 0.0, 0.0, 0.0, 0.0, 0.0, 0.0, 0.0, 0.0, 0.0, 0.0, 0.0, 0.0, 0.0, 0.0, 0.0, 0.0, 0.0, 0.0, 0.0, 0.0, 0.0, 0.0, 0.0, 0.0, 0.0, 0.0, 0.0, 0.0, 0.0, 0.0, 0.0, 0.0, 0.0, 0.0, 0.0, 0.0, 0.0, 0.0, 0.0, 0.0, 0.0, 0.0, 0.0, 0.0, 0.0, 0.0, 0.0, 0.0, 0.0, 0.0, 0.0, 0.0, 0.0, 0.0, 0.0, 0.0, 0.0, 0.0, 0.0, 0.0, 0.0, 0.0, 0.0, 0.0, 0.0, 0.0, 0.0, 0.0, 0.0, 0.0, 0.0, 0.0, 0.0, 0.0, 0.0, 0.0, 0.0, 0.0, 0.0, 0.0, 0.0, 0.0, 0.0, 0.0, 0.0, 0.0, 0.0, 0.0, 0.0, 0.0, 0.0, 0.0, 0.0, 0.0, 0.0, 0.0, 0.0, 0.0, 0.0, 0.0, 0.0, 0.0, 0.0, 0.0, 0.0, 0.0, 0.0]",COMPLETE
140,140,0.5,2024-08-31 06:25:49.013708,2024-08-31 06:25:52.787497,0 days 00:00:03.773789,64,9.35633076137961,1,15,0.4964928575782212,92,0.00408799526263926,0.859,0.85875,6,"[25, 24, 22, 12, 11, 6, 6, 9, 8, 12, 5, 6, 5, 3, 6]",6.0,"[25.0, 23.98913043478261, 21.98913043478261, 12.0, 11.0, 6.0, 6.0, 9.0, 8.0, 11.98913043478261, 5.0, 6.0, 5.0, 3.0, 6.0]",0.5,0.5,6,"[25, 24, 22, 12, 11, 6, 6, 9, 8, 12, 5, 6, 5, 3, 6]",15,"[24.256542205810547, 32.714500427246094, 132.9624786376953, 14.346945762634277, 105.2977523803711, 250.82977294921875, 76.4806900024414, 173.59254455566406, 52.81157302856445, 145.3253936767578, 18.664783477783203, 119.64277648925781, 155.9620819091797, 78.99034118652344, 182.69239807128906]",6.0,"[25.0, 24.0, 22.0, 12.0, 11.0, 6.0, 6.0, 9.0, 8.0, 12.0, 5.0, 6.0, 5.0, 3.0, 6.0]",COMPLETE
