,number,value,datetime_start,datetime_complete,duration,params_batch_size_scaler,params_constant_learning_rate,params_depth,params_epochs,params_kernel_l2,params_num_trees,params_temperature,user_attrs_accuracy_test,user_attrs_accuracy_valid,user_attrs_approximate_feature_sparsity,user_attrs_approximate_feature_sparsity_history,user_attrs_approximate_weight_sparsity,user_attrs_approximate_weight_sparsity_history,user_attrs_auc_test,user_attrs_auc_valid,user_attrs_feature_sparsity,user_attrs_feature_sparsity_history,user_attrs_num_epochs,user_attrs_val_loss_history,user_attrs_weight_sparsity,user_attrs_weight_sparsity_history,state
25,25,0.5,2024-08-31 01:26:38.264938,2024-08-31 01:28:59.502531,0 days 00:02:21.237593,4,5.1423214267913515,4,295,0.7687924960093075,9,0.0007523892475314577,0.859,0.85875,0,"[0, 0, 0, 0, 0, 0, 0, 0, 0, 0, 0, 0, 0, 0, 0, 0, 0, 0, 0, 0, 0, 0, 0, 0, 0, 0, 0, 0, 0, 0, 0, 0, 0, 0, 0, 0, 0, 0, 0, 0, 0, 0, 0, 0, 0, 0, 0, 0, 0, 0, 0, 0, 0, 0, 0, 0, 0, 0, 0, 0, 0, 0, 0, 0, 0, 0, 0, 0, 0, 0, 0, 0, 0, 0, 0, 0, 0, 0, 0, 0, 0, 0, 0, 0, 0, 0, 0, 0, 0, 0, 0, 0, 0, 0, 0, 0, 0, 0, 0, 0, 0, 0, 0, 0, 0, 0, 0, 0, 0, 0, 0, 0, 0, 0, 0, 0, 0, 0, 0, 0, 0, 0, 0, 0, 0, 0, 0, 0, 0, 0, 0, 0, 0, 0, 0, 0, 0, 0, 0, 0, 0, 0, 0, 0, 0, 0, 0, 0, 0, 0, 0, 0, 0, 0, 0, 0, 0, 0, 0, 0, 0, 0, 0, 0, 0, 0, 0, 0, 0, 0, 0, 0, 0, 0, 0, 0, 0, 0, 0, 0, 0, 0, 0, 0, 0, 0, 0, 0, 0, 0, 0, 0, 0, 0, 0, 0, 0, 0, 0, 0, 0, 0, 0, 0, 0, 0, 0, 0, 0, 0, 0, 0, 0, 0, 0, 0, 0, 0, 0, 0, 0, 0, 0, 0, 0, 0, 0, 0, 0, 0, 0, 0, 0, 0, 0, 0, 0, 0, 0, 0, 0, 0, 0, 0, 0, 0, 0, 0, 0, 0, 0, 0, 0, 0, 0, 0, 0, 0, 0, 0, 0, 0, 0, 0, 0, 0, 0, 0, 0, 0, 0, 0, 0, 0, 0, 0, 0, 0, 0, 0, 0, 0, 0, 0, 0, 0, 0, 0, 0, 0, 0, 0, 0, 0, 0]",0.0,"[0.0, 0.0, 0.0, 0.0, 0.0, 0.0, 0.0, 0.0, 0.0, 0.0, 0.0, 0.0, 0.0, 0.0, 0.0, 0.0, 0.0, 0.0, 0.0, 0.0, 0.0, 0.0, 0.0, 0.0, 0.0, 0.0, 0.0, 0.0, 0.0, 0.0, 0.0, 0.0, 0.0, 0.0, 0.0, 0.0, 0.0, 0.0, 0.0, 0.0, 0.0, 0.0, 0.0, 0.0, 0.0, 0.0, 0.0, 0.0, 0.0, 0.0, 0.0, 0.0, 0.0, 0.0, 0.0, 0.0, 0.0, 0.0, 0.0, 0.0, 0.0, 0.0, 0.0, 0.0, 0.0, 0.0, 0.0, 0.0, 0.0, 0.0, 0.0, 0.0, 0.0, 0.0, 0.0, 0.0, 0.0, 0.0, 0.0, 0.0, 0.0, 0.0, 0.0, 0.0, 0.0, 0.0, 0.0, 0.0, 0.0, 0.0, 0.0, 0.0, 0.0, 0.0, 0.0, 0.0, 0.0, 0.0, 0.0, 0.0, 0.0, 0.0, 0.0, 0.0, 0.0, 0.0, 0.0, 0.0, 0.0, 0.0, 0.0, 0.0, 0.0, 0.0, 0.0, 0.0, 0.0, 0.0, 0.0, 0.0, 0.0, 0.0, 0.0, 0.0, 0.0, 0.0, 0.0, 0.0, 0.0, 0.0, 0.0, 0.0, 0.0, 0.0, 0.0, 0.0, 0.0, 0.0, 0.0, 0.0, 0.0, 0.0, 0.0, 0.0, 0.0, 0.0, 0.0, 0.0, 0.0, 0.0, 0.0, 0.0, 0.0, 0.0, 0.0, 0.0, 0.0, 0.0, 0.0, 0.0, 0.0, 0.0, 0.0, 0.0, 0.0, 0.0, 0.0, 0.0, 0.0, 0.0, 0.0, 0.0, 0.0, 0.0, 0.0, 0.0, 0.0, 0.0, 0.0, 0.0, 0.0, 0.0, 0.0, 0.0, 0.0, 0.0, 0.0, 0.0, 0.0, 0.0, 0.0, 0.0, 0.0, 0.0, 0.0, 0.0, 0.0, 0.0, 0.0, 0.0, 0.0, 0.0, 0.0, 0.0, 0.0, 0.0, 0.0, 0.0, 0.0, 0.0, 0.0, 0.0, 0.0, 0.0, 0.0, 0.0, 0.0, 0.0, 0.0, 0.0, 0.0, 0.0, 0.0, 0.0, 0.0, 0.0, 0.0, 0.0, 0.0, 0.0, 0.0, 0.0, 0.0, 0.0, 0.0, 0.0, 0.0, 0.0, 0.0, 0.0, 0.0, 0.0, 0.0, 0.0, 0.0, 0.0, 0.0, 0.0, 0.0, 0.0, 0.0, 0.0, 0.0, 0.0, 0.0, 0.0, 0.0, 0.0, 0.0, 0.0, 0.0, 0.0, 0.0, 0.0, 0.0, 0.0, 0.0, 0.0, 0.0, 0.0, 0.0, 0.0, 0.0, 0.0, 0.0, 0.0, 0.0, 0.0, 0.0, 0.0, 0.0, 0.0, 0.0, 0.0, 0.0, 0.0, 0.0, 0.0, 0.0, 0.0, 0.0, 0.0, 0.0, 0.0, 0.0]",0.5,0.5,0,"[0, 0, 0, 0, 0, 0, 0, 0, 0, 0, 0, 0, 0, 0, 0, 0, 0, 0, 0, 0, 0, 0, 0, 0, 0, 0, 0, 0, 0, 0, 0, 0, 0, 0, 0, 0, 0, 0, 0, 0, 0, 0, 0, 0, 0, 0, 0, 0, 0, 0, 0, 0, 0, 0, 0, 0, 0, 0, 0, 0, 0, 0, 0, 0, 0, 0, 0, 0, 0, 0, 0, 0, 0, 0, 0, 0, 0, 0, 0, 0, 0, 0, 0, 0, 0, 0, 0, 0, 0, 0, 0, 0, 0, 0, 0, 0, 0, 0, 0, 0, 0, 0, 0, 0, 0, 0, 0, 0, 0, 0, 0, 0, 0, 0, 0, 0, 0, 0, 0, 0, 0, 0, 0, 0, 0, 0, 0, 0, 0, 0, 0, 0, 0, 0, 0, 0, 0, 0, 0, 0, 0, 0, 0, 0, 0, 0, 0, 0, 0, 0, 0, 0, 0, 0, 0, 0, 0, 0, 0, 0, 0, 0, 0, 0, 0, 0, 0, 0, 0, 0, 0, 0, 0, 0, 0, 0, 0, 0, 0, 0, 0, 0, 0, 0, 0, 0, 0, 0, 0, 0, 0, 0, 0, 0, 0, 0, 0, 0, 0, 0, 0, 0, 0, 0, 0, 0, 0, 0, 0, 0, 0, 0, 0, 0, 0, 0, 0, 0, 0, 0, 0, 0, 0, 0, 0, 0, 0, 0, 0, 0, 0, 0, 0, 0, 0, 0, 0, 0, 0, 0, 0, 0, 0, 0, 0, 0, 0, 0, 0, 0, 0, 0, 0, 0, 0, 0, 0, 0, 0, 0, 0, 0, 0, 0, 0, 0, 0, 0, 0, 0, 0, 0, 0, 0, 0, 0, 0, 0, 0, 0, 0, 0, 0, 0, 0, 0, 0, 0, 0, 0, 0, 0, 0, 0, 0]",295,"[0.4072492718696594, 0.41476812958717346, 0.4079950749874115, 0.4092196524143219, 0.4072614908218384, 0.4100916385650635, 0.4085867702960968, 0.40926051139831543, 0.4130178391933441, 0.4072513282299042, 0.4100213348865509, 0.4139113128185272, 0.4080829620361328, 0.40728724002838135, 0.4148459732532501, 0.4073244035243988, 0.4089106023311615, 0.41974079608917236, 0.41801536083221436, 0.4089181423187256, 0.41067561507225037, 0.41103115677833557, 0.40724241733551025, 0.4088362455368042, 0.40792760252952576, 0.4076117277145386, 0.4139558672904968, 0.4437166452407837, 0.4073411822319031, 0.4147575795650482, 0.4091324508190155, 0.4091956615447998, 0.4101437032222748, 0.41807419061660767, 0.407754123210907, 0.40924328565597534, 0.42047008872032166, 0.4073435962200165, 0.4073207378387451, 0.4076148271560669, 0.4074404239654541, 0.40809205174446106, 0.4171202778816223, 0.40959492325782776, 0.407929927110672, 0.4096381664276123, 0.4093010425567627, 0.4084433615207672, 0.40831252932548523, 0.4096730053424835, 0.40799784660339355, 0.40736424922943115, 0.40793150663375854, 0.408774733543396, 0.40809354186058044, 0.4187018871307373, 0.4086299240589142, 0.4161546230316162, 0.40831634402275085, 0.4072779417037964, 0.4087517261505127, 0.41254478693008423, 0.41052162647247314, 0.4088328182697296, 0.4080652594566345, 0.4118615984916687, 0.40825068950653076, 0.41195881366729736, 0.4161299467086792, 0.4132349491119385, 0.41085702180862427, 0.40723252296447754, 0.4113280475139618, 0.4113919734954834, 0.4073830544948578, 0.4185923635959625, 0.41375744342803955, 0.4073435068130493, 0.40814507007598877, 0.41411155462265015, 0.4149259924888611, 0.4152795672416687, 0.40736502408981323, 0.41551294922828674, 0.4152124524116516, 0.41413596272468567, 0.4080265164375305, 0.40753641724586487, 0.4094424545764923, 0.4078964293003082, 0.4073300063610077, 0.4152587950229645, 0.40984123945236206, 0.4134260416030884, 0.4072265923023224, 0.4096194803714752, 0.41226276755332947, 0.4081394076347351, 0.40998905897140503, 0.4075009524822235, 0.40730467438697815, 0.40739306807518005, 0.40761375427246094, 0.4074186682701111, 0.40777838230133057, 0.41079264879226685, 0.4105699062347412, 0.40755096077919006, 0.40817615389823914, 0.4072871804237366, 0.4074327349662781, 0.40746498107910156, 0.4076964855194092, 0.41685906052589417, 0.412337988615036, 0.40738266706466675, 0.416220486164093, 0.40846019983291626, 0.4146312475204468, 0.4290035367012024, 0.40937235951423645, 0.40915706753730774, 0.4242208003997803, 0.4074302911758423, 0.4080321192741394, 0.4195229411125183, 0.41150107979774475, 0.4096059501171112, 0.40725407004356384, 0.40733087062835693, 0.41001686453819275, 0.41954490542411804, 0.40830281376838684, 0.41588106751441956, 0.4073234796524048, 0.40763556957244873, 0.40799465775489807, 0.41657641530036926, 0.4169783294200897, 0.41325855255126953, 0.41285988688468933, 0.4096231460571289, 0.4072282016277313, 0.40832024812698364, 0.4080548584461212, 0.4118867516517639, 0.4095321297645569, 0.41715651750564575, 0.41100284457206726, 0.4073912501335144, 0.409513920545578, 0.4094240665435791, 0.41028496623039246, 0.4072483479976654, 0.41386640071868896, 0.4083692133426666, 0.4128457307815552, 0.40722644329071045, 0.4077599346637726, 0.40880125761032104, 0.40795955061912537, 0.41124171018600464, 0.4157871901988983, 0.4073735475540161, 0.4072445034980774, 0.4072968363761902, 0.4138217866420746, 0.40724143385887146, 0.4079740643501282, 0.407932847738266, 0.4164038896560669, 0.40757378935813904, 0.4224323630332947, 0.4088231027126312, 0.4107769727706909, 0.4090302288532257, 0.40732139348983765, 0.40868788957595825, 0.41416022181510925, 0.4195329546928406, 0.41024577617645264, 0.4134531021118164, 0.4072679877281189, 0.4153256118297577, 0.43045341968536377, 0.41215264797210693, 0.4202535152435303, 0.40740689635276794, 0.4072537124156952, 0.4083574712276459, 0.41524073481559753, 0.4075952470302582, 0.4072757661342621, 0.40849435329437256, 0.4072569012641907, 0.4136086404323578, 0.41397637128829956, 0.4074785113334656, 0.4213089048862457, 0.41005003452301025, 0.40772461891174316, 0.40725862979888916, 0.40754684805870056, 0.4092090129852295, 0.4099336266517639, 0.4074505865573883, 0.40955403447151184, 0.40839263796806335, 0.4103657901287079, 0.4080575704574585, 0.4072840213775635, 0.40722742676734924, 0.40869659185409546, 0.4217827618122101, 0.407231867313385, 0.41817688941955566, 0.4265909194946289, 0.4222082495689392, 0.41451752185821533, 0.40858638286590576, 0.4103340208530426, 0.40803155303001404, 0.413699746131897, 0.41859063506126404, 0.4101712703704834, 0.40856868028640747, 0.40739887952804565, 0.4072563052177429, 0.4427475035190582, 0.4129782021045685, 0.40778931975364685, 0.409966379404068, 0.4126472473144531, 0.407240092754364, 0.4141506850719452, 0.41191717982292175, 0.4075144827365875, 0.4114062190055847, 0.4078733026981354, 0.4133734107017517, 0.41197481751441956, 0.4085017144680023, 0.4079206883907318, 0.4075726270675659, 0.4072984457015991, 0.4108569324016571, 0.41688358783721924, 0.407889723777771, 0.40744689106941223, 0.41066452860832214, 0.4082706570625305, 0.41473254561424255, 0.40733078122138977, 0.4078875482082367, 0.40726515650749207, 0.40769776701927185, 0.40787073969841003, 0.40951472520828247, 0.40936604142189026, 0.4096502959728241, 0.40998607873916626, 0.4073975086212158, 0.4075109362602234, 0.4083474278450012, 0.4192134141921997, 0.40723446011543274, 0.40724247694015503, 0.407665491104126, 0.4145156741142273, 0.4147740602493286, 0.411878764629364, 0.4073120355606079, 0.41259846091270447, 0.4072644114494324, 0.4077484905719757, 0.407822847366333, 0.4093444347381592, 0.4093766510486603, 0.41417205333709717, 0.4099496901035309, 0.4138483703136444, 0.4111371338367462, 0.4189033508300781, 0.4253763258457184, 0.40998584032058716, 0.4075615406036377, 0.4072529673576355, 0.40779799222946167, 0.407246857881546, 0.40726467967033386, 0.420333594083786, 0.40925267338752747, 0.40725767612457275, 0.40781787037849426, 0.40723952651023865]",0.0,"[0.0, 0.0, 0.0, 0.0, 0.0, 0.0, 0.0, 0.0, 0.0, 0.0, 0.0, 0.0, 0.0, 0.0, 0.0, 0.0, 0.0, 0.0, 0.0, 0.0, 0.0, 0.0, 0.0, 0.0, 0.0, 0.0, 0.0, 0.0, 0.0, 0.0, 0.0, 0.0, 0.0, 0.0, 0.0, 0.0, 0.0, 0.0, 0.0, 0.0, 0.0, 0.0, 0.0, 0.0, 0.0, 0.0, 0.0, 0.0, 0.0, 0.0, 0.0, 0.0, 0.0, 0.0, 0.0, 0.0, 0.0, 0.0, 0.0, 0.0, 0.0, 0.0, 0.0, 0.0, 0.0, 0.0, 0.0, 0.0, 0.0, 0.0, 0.0, 0.0, 0.0, 0.0, 0.0, 0.0, 0.0, 0.0, 0.0, 0.0, 0.0, 0.0, 0.0, 0.0, 0.0, 0.0, 0.0, 0.0, 0.0, 0.0, 0.0, 0.0, 0.0, 0.0, 0.0, 0.0, 0.0, 0.0, 0.0, 0.0, 0.0, 0.0, 0.0, 0.0, 0.0, 0.0, 0.0, 0.0, 0.0, 0.0, 0.0, 0.0, 0.0, 0.0, 0.0, 0.0, 0.0, 0.0, 0.0, 0.0, 0.0, 0.0, 0.0, 0.0, 0.0, 0.0, 0.0, 0.0, 0.0, 0.0, 0.0, 0.0, 0.0, 0.0, 0.0, 0.0, 0.0, 0.0, 0.0, 0.0, 0.0, 0.0, 0.0, 0.0, 0.0, 0.0, 0.0, 0.0, 0.0, 0.0, 0.0, 0.0, 0.0, 0.0, 0.0, 0.0, 0.0, 0.0, 0.0, 0.0, 0.0, 0.0, 0.0, 0.0, 0.0, 0.0, 0.0, 0.0, 0.0, 0.0, 0.0, 0.0, 0.0, 0.0, 0.0, 0.0, 0.0, 0.0, 0.0, 0.0, 0.0, 0.0, 0.0, 0.0, 0.0, 0.0, 0.0, 0.0, 0.0, 0.0, 0.0, 0.0, 0.0, 0.0, 0.0, 0.0, 0.0, 0.0, 0.0, 0.0, 0.0, 0.0, 0.0, 0.0, 0.0, 0.0, 0.0, 0.0, 0.0, 0.0, 0.0, 0.0, 0.0, 0.0, 0.0, 0.0, 0.0, 0.0, 0.0, 0.0, 0.0, 0.0, 0.0, 0.0, 0.0, 0.0, 0.0, 0.0, 0.0, 0.0, 0.0, 0.0, 0.0, 0.0, 0.0, 0.0, 0.0, 0.0, 0.0, 0.0, 0.0, 0.0, 0.0, 0.0, 0.0, 0.0, 0.0, 0.0, 0.0, 0.0, 0.0, 0.0, 0.0, 0.0, 0.0, 0.0, 0.0, 0.0, 0.0, 0.0, 0.0, 0.0, 0.0, 0.0, 0.0, 0.0, 0.0, 0.0, 0.0, 0.0, 0.0, 0.0, 0.0, 0.0, 0.0, 0.0, 0.0, 0.0, 0.0, 0.0, 0.0, 0.0, 0.0, 0.0, 0.0, 0.0, 0.0, 0.0, 0.0, 0.0, 0.0, 0.0, 0.0, 0.0, 0.0]",COMPLETE
