,number,value,datetime_start,datetime_complete,duration,params_batch_size_scaler,params_constant_learning_rate,params_depth,params_epochs,params_kernel_l2,params_num_trees,params_temperature,user_attrs_accuracy_test,user_attrs_accuracy_valid,user_attrs_approximate_feature_sparsity,user_attrs_approximate_feature_sparsity_history,user_attrs_approximate_weight_sparsity,user_attrs_approximate_weight_sparsity_history,user_attrs_auc_test,user_attrs_auc_valid,user_attrs_feature_sparsity,user_attrs_feature_sparsity_history,user_attrs_num_epochs,user_attrs_val_loss_history,user_attrs_weight_sparsity,user_attrs_weight_sparsity_history,state
179,179,0.9214489057206529,2024-08-31 07:43:30.900388,2024-08-31 07:53:05.166054,0 days 00:09:34.265666,1,0.7643057880514789,5,285,0.3233266792698867,91,0.0006825755298859573,0.932,0.93125,11,"[33, 33, 33, 15, 15, 15, 15, 15, 13, 13, 13, 13, 13, 13, 13, 13, 13, 13, 13, 13, 13, 13, 13, 13, 13, 13, 13, 13, 13, 13, 13, 13, 13, 13, 13, 13, 13, 13, 13, 13, 13, 13, 13, 13, 13, 13, 13, 13, 12, 12, 12, 12, 12, 12, 12, 12, 12, 12, 12, 12, 12, 12, 12, 12, 12, 12, 12, 12, 12, 12, 12, 12, 12, 12, 12, 12, 12, 12, 12, 12, 12, 12, 12, 12, 11, 11, 11, 11, 11, 11, 11, 11, 11, 11, 11, 11, 11, 11, 11, 11, 11, 11, 11, 11, 11, 11, 11, 11, 11, 11, 11, 11, 11, 11, 11, 11, 11, 11, 11, 11, 11, 11, 11, 11, 11, 11, 11, 11, 11, 11, 11, 11, 11, 11, 11, 11, 11, 11, 11, 11, 11, 11, 11, 11, 11, 11, 11, 11, 11, 11, 11, 11, 11, 11, 11, 11, 11, 11, 11, 11, 11, 11, 11, 11, 11, 11, 11, 11, 11, 11, 11, 11, 11, 11, 11, 11, 11, 11, 11, 11, 11, 11, 11, 11, 11, 11, 11, 11, 11, 11, 11, 11, 11, 11, 11, 11, 11, 11, 11, 11, 11, 11, 11, 11, 11, 11, 11, 11, 11, 11, 11, 11, 11, 11, 11, 11, 11, 11, 11, 11, 11, 11, 11, 11, 11, 11, 11, 11, 11, 11, 11, 11, 11, 11, 11, 11, 11, 11, 11, 11, 11, 11, 11, 11, 11, 11, 11, 11, 11, 11, 11, 11, 11, 11, 11, 11, 11, 11, 11, 11, 11, 11, 11, 11, 11, 11, 11, 11, 11, 11, 11, 11, 11, 11, 11, 11, 11, 11, 11, 11, 11, 11, 11, 11, 11]",10.75682382133995,"[32.92945763913506, 32.91705069124424, 32.931939028713224, 14.965260545905707, 14.968805388160225, 14.969159872385678, 14.967741935483872, 14.96774193548387, 12.968450903934775, 12.967032967032965, 12.969514356611132, 12.961715703651187, 12.962424672102092, 12.961715703651189, 12.966678482807517, 12.964551577454802, 12.963133640552995, 12.964906061680256, 12.965260545905707, 12.961715703651187, 12.960652250974832, 12.955689471818504, 12.954271534916696, 12.948245303084013, 12.955334987593051, 12.959588798298476, 12.957816377171216, 12.957107408720312, 12.94930875576037, 12.954271534916696, 12.949308755760368, 12.947181850407658, 12.956043956043958, 12.94399149237859, 12.93867422899681, 12.940092165898617, 12.941510102800425, 12.929812123360511, 12.933002481389577, 12.93371144984048, 12.934065934065934, 12.930875576036867, 12.926267281105993, 12.934420418291387, 12.921658986175116, 12.92236795462602, 12.929457639135059, 12.915632754342433, 11.922722438851471, 11.926976249556894, 11.917759659695145, 11.925912796880539, 11.914923785891528, 11.917759659695143, 11.913151364764268, 11.906770648706132, 11.903580290677064, 11.90428925912797, 11.901098901098901, 11.896136121942574, 11.907834101382488, 11.894009216589863, 11.896490606168026, 11.904998227578872, 11.885501595179015, 11.89578163771712, 11.882311237149947, 11.88975540588444, 11.889400921658986, 11.872385678837293, 11.898263027295286, 11.876285005317264, 11.88443814250266, 11.872740163062744, 11.872385678837292, 11.869904289259129, 11.854661467564693, 11.856433888691953, 11.854306983339242, 11.854661467564693, 11.860687699397376, 11.853598014888338, 11.846508330379299, 11.846508330379297, 10.85430698333924, 10.86139666784828, 10.852889046437433, 10.838709677419356, 10.840482098546614, 10.856433888691953, 10.855015951790145, 10.836582772066643, 10.827720666430343, 10.834810350939383, 10.833037929812123, 10.837646224743, 10.83622828784119, 10.820630981921303, 10.809641970932294, 10.8199220134704, 10.815668202764977, 10.815313718539525, 10.803615739099609, 10.794044665012406, 10.812477844735911, 10.806806097128677, 10.804679191775966, 10.811414392059554, 10.788018433179722, 10.790145338532435, 10.817795108117688, 10.793335696561503, 10.799007444168733, 10.78908188585608, 10.775965969514356, 10.77667493796526, 10.788727401630629, 10.793690180786955, 10.788372917405175, 10.76355902162354, 10.78553704360156, 10.792272243885147, 10.77667493796526, 10.76568592697625, 10.79120879120879, 10.799716412619636, 10.742644452321873, 10.800070896845089, 10.78730946472882, 10.794399149237858, 10.76923076923077, 10.796880538816023, 10.792272243885147, 10.788727401630625, 10.78553704360156, 10.769939737681673, 10.771712158808933, 10.778447359092521, 10.764976958525347, 10.663594470046084, 10.730591988656505, 10.766749379652607, 10.732009925558312, 10.656504785537042, 10.743707904998228, 10.75682382133995, 10.739808578518254, 10.76214108472173, 10.742998936547323, 10.755405884438142, 10.758241758241757, 10.725274725274726, 10.717830556540234, 10.774193548387096, 10.60014179369018, 10.73520028358738, 10.731655441332862, 10.678128323289613, 10.718539524991138, 10.722084367245658, 10.746898263027296, 10.723502304147466, 10.747961715703651, 10.660049627791564, 10.748316199929103, 10.741226515420063, 10.774193548387096, 10.743353420772776, 10.76036866359447, 10.73520028358738, 10.70436015597306, 10.70081531371854, 10.669620701878767, 10.69904289259128, 10.698688408365827, 10.707904998227578, 10.67245657568238, 10.727047146401985, 10.722793335696561, 10.67919177596597, 10.710386387805743, 10.653314427507977, 10.666075859624245, 10.707196029776675, 10.661113080467919, 10.7025877348458, 10.732009925558312, 10.791917759659695, 10.767103863878056, 10.76072314781992, 10.794399149237858, 10.703651187522155, 10.769939737681673, 10.717121588089329, 10.723502304147466, 10.779865295994329, 10.770294221907125, 10.72066643034385, 10.72811059907834, 10.775611485288906, 10.716767103863877, 10.739099610067353, 10.732009925558312, 10.716767103863877, 10.762141084721732, 10.773484579936191, 10.768876285005318, 10.767812832328962, 10.761432116270825, 10.807869549805034, 10.792981212336052, 10.730591988656505, 10.71676710386388, 10.745480326125486, 10.768167316554413, 10.76178660049628, 10.793690180786955, 10.801134349521446, 10.76036866359447, 10.780928748670684, 10.769939737681673, 10.797235023041475, 10.789790854306982, 10.765685926976248, 10.819213045019497, 10.813895781637717, 10.803970223325061, 10.799361928394186, 10.740163062743708, 10.79617157036512, 10.815313718539525, 10.780574264445232, 10.807515065579581, 10.770294221907125, 10.729883020205602, 10.74087203119461, 10.722084367245658, 10.779865295994329, 10.777029422190711, 10.762495568947182, 10.783055654023396, 10.789790854306984, 10.768521800779865, 10.724211272598367, 10.699042892591281, 10.788018433179722, 10.787309464728821, 10.801488833746898, 10.747961715703651, 10.788727401630627, 10.766394895427153, 10.797943991492378, 10.781637717121589, 10.784119106699752, 10.7837646224743, 10.75859624246721, 10.775257001063453, 10.794044665012406, 10.771712158808933, 10.79439914923786, 10.77667493796526, 10.811414392059552, 10.793335696561503, 10.77844735909252, 10.77844735909252, 10.787663948954272, 10.829493087557603, 10.768876285005318, 10.714285714285714, 10.728110599078342, 10.783055654023396, 10.785182559376109, 10.77454803261255, 10.7837646224743, 10.762495568947182, 10.768876285005316, 10.77667493796526, 10.749379652605459, 10.76001417936902, 10.770294221907125, 10.75505140021269, 10.748316199929103, 10.780219780219781, 10.764267990074442, 10.75682382133995]",0.9207886458771952,0.9214489057206529,11,"[33, 33, 33, 15, 15, 15, 15, 15, 13, 13, 13, 13, 13, 13, 13, 13, 13, 13, 13, 13, 13, 13, 13, 13, 13, 13, 13, 13, 13, 13, 13, 13, 13, 13, 13, 13, 13, 13, 13, 13, 13, 13, 13, 13, 13, 13, 13, 13, 12, 12, 12, 12, 12, 12, 12, 12, 12, 12, 12, 12, 12, 12, 12, 12, 12, 12, 12, 12, 12, 12, 12, 12, 12, 12, 12, 12, 12, 12, 12, 12, 12, 12, 12, 12, 11, 11, 11, 11, 11, 11, 11, 11, 11, 11, 11, 11, 11, 11, 11, 11, 11, 11, 11, 11, 11, 11, 11, 11, 11, 11, 11, 11, 11, 11, 11, 11, 11, 11, 11, 11, 11, 11, 11, 11, 11, 11, 11, 11, 11, 11, 11, 11, 11, 11, 11, 11, 11, 11, 11, 11, 11, 11, 11, 11, 11, 11, 11, 11, 11, 11, 11, 11, 11, 11, 11, 11, 11, 11, 11, 11, 11, 11, 11, 11, 11, 11, 11, 11, 11, 11, 11, 11, 11, 11, 11, 11, 11, 11, 11, 11, 11, 11, 11, 11, 11, 11, 11, 11, 11, 11, 11, 11, 11, 11, 11, 11, 11, 11, 11, 11, 11, 11, 11, 11, 11, 11, 11, 11, 11, 11, 11, 11, 11, 11, 11, 11, 11, 11, 11, 11, 11, 11, 11, 11, 11, 11, 11, 11, 11, 11, 11, 11, 11, 11, 11, 11, 11, 11, 11, 11, 11, 11, 11, 11, 11, 11, 11, 11, 11, 11, 11, 11, 11, 11, 11, 11, 11, 11, 11, 11, 11, 11, 11, 11, 11, 11, 11, 11, 11, 11, 11, 11, 11, 11, 11, 11, 11, 11, 11, 11, 11, 11, 11, 11, 11]",285,"[0.4090234637260437, 0.34006252884864807, 0.29656392335891724, 0.2841058671474457, 0.2448723018169403, 0.2419394701719284, 0.2310696840286255, 0.24913643300533295, 0.24169093370437622, 0.23994623124599457, 0.23978547751903534, 0.22651615738868713, 0.22478874027729034, 0.2420693039894104, 0.22076936066150665, 0.22245687246322632, 0.22151239216327667, 0.22644908726215363, 0.22549858689308167, 0.22573170065879822, 0.22163106501102448, 0.21779270470142365, 0.22120393812656403, 0.21227046847343445, 0.21533849835395813, 0.20956313610076904, 0.21476471424102783, 0.21787557005882263, 0.21358074247837067, 0.22769321501255035, 0.21264398097991943, 0.21587786078453064, 0.21586231887340546, 0.22605901956558228, 0.2234191745519638, 0.2070942372083664, 0.21354688704013824, 0.20735439658164978, 0.21742111444473267, 0.21255943179130554, 0.2107977271080017, 0.21813338994979858, 0.216255322098732, 0.21374614536762238, 0.2095380574464798, 0.2321566343307495, 0.214210644364357, 0.21791139245033264, 0.2085949331521988, 0.21513359248638153, 0.22467878460884094, 0.20761583745479584, 0.21028217673301697, 0.21530306339263916, 0.28506582975387573, 0.21279963850975037, 0.22045272588729858, 0.2350047081708908, 0.20826442539691925, 0.20823389291763306, 0.20949433743953705, 0.21075378358364105, 0.20361670851707458, 0.20843535661697388, 0.2037620097398758, 0.21305890381336212, 0.22848723828792572, 0.2072690725326538, 0.2036442756652832, 0.21062012016773224, 0.2092064917087555, 0.20354336500167847, 0.21263641119003296, 0.21363292634487152, 0.21399526298046112, 0.23427173495292664, 0.23240914940834045, 0.2199842780828476, 0.21125799417495728, 0.20751076936721802, 0.21449142694473267, 0.2136063426733017, 0.2084820568561554, 0.22363479435443878, 0.23448455333709717, 0.22260057926177979, 0.20949587225914001, 0.23359130322933197, 0.21039535105228424, 0.22326549887657166, 0.23219770193099976, 0.23354817926883698, 0.21656101942062378, 0.23928789794445038, 0.21741926670074463, 0.21582964062690735, 0.21502329409122467, 0.21687795221805573, 0.23671011626720428, 0.21575458347797394, 0.21169987320899963, 0.21070900559425354, 0.20924359560012817, 0.2106279730796814, 0.21669414639472961, 0.21689246594905853, 0.20817840099334717, 0.2176487296819687, 0.21316616237163544, 0.2259947955608368, 0.21355664730072021, 0.22283527255058289, 0.20945841073989868, 0.21173802018165588, 0.20664101839065552, 0.21360594034194946, 0.214634969830513, 0.21219167113304138, 0.2175556719303131, 0.2112235277891159, 0.21442186832427979, 0.2099437117576599, 0.2093987911939621, 0.21029889583587646, 0.2164546400308609, 0.24901871383190155, 0.23263870179653168, 0.20880943536758423, 0.21696585416793823, 0.22667823731899261, 0.2098229080438614, 0.2060101479291916, 0.2104843556880951, 0.21356289088726044, 0.22205466032028198, 0.21684476733207703, 0.22216621041297913, 0.21110928058624268, 0.2172006070613861, 0.21765056252479553, 0.21547235548496246, 0.23738937079906464, 0.22697940468788147, 0.21942703425884247, 0.2177574783563614, 0.21254976093769073, 0.21381692588329315, 0.23236219584941864, 0.20757095515727997, 0.238488107919693, 0.21233420073986053, 0.21585163474082947, 0.2114390879869461, 0.20771637558937073, 0.22278088331222534, 0.21837995946407318, 0.22158409655094147, 0.22143474221229553, 0.21354979276657104, 0.21061120927333832, 0.21687182784080505, 0.23433026671409607, 0.21315546333789825, 0.21611842513084412, 0.21059244871139526, 0.21243663132190704, 0.21198469400405884, 0.2140585482120514, 0.21012428402900696, 0.21384629607200623, 0.2198536992073059, 0.2186698168516159, 0.2140195518732071, 0.21173854172229767, 0.21191713213920593, 0.21903644502162933, 0.21157966554164886, 0.21218377351760864, 0.2106742411851883, 0.2170528620481491, 0.21208448708057404, 0.22878509759902954, 0.2215636968612671, 0.2137792408466339, 0.21452917158603668, 0.22485162317752838, 0.2162487804889679, 0.20617753267288208, 0.21576465666294098, 0.2134070247411728, 0.24653583765029907, 0.21564790606498718, 0.2438310831785202, 0.20721229910850525, 0.21106424927711487, 0.24798768758773804, 0.24426577985286713, 0.22122541069984436, 0.2126120924949646, 0.21639078855514526, 0.23380881547927856, 0.21314245462417603, 0.24071472883224487, 0.22049102187156677, 0.21949820220470428, 0.22681842744350433, 0.24769394099712372, 0.20826900005340576, 0.20852887630462646, 0.22630847990512848, 0.22667135298252106, 0.2170330286026001, 0.2103535681962967, 0.21179385483264923, 0.21824763715267181, 0.2125687450170517, 0.21139153838157654, 0.22412653267383575, 0.21866567432880402, 0.21332134306430817, 0.21086755394935608, 0.21150672435760498, 0.22318914532661438, 0.20690830051898956, 0.21938897669315338, 0.21000507473945618, 0.22940702736377716, 0.22503139078617096, 0.21871164441108704, 0.21977703273296356, 0.22041918337345123, 0.2295166254043579, 0.23824337124824524, 0.22060272097587585, 0.22939585149288177, 0.2201153188943863, 0.22188624739646912, 0.22042424976825714, 0.21514025330543518, 0.22317016124725342, 0.2391090989112854, 0.21027296781539917, 0.21150587499141693, 0.22056607902050018, 0.22739647328853607, 0.23684071004390717, 0.21924500167369843, 0.21651001274585724, 0.22136647999286652, 0.21713876724243164, 0.2135368287563324, 0.21588021516799927, 0.21268866956233978, 0.22969196736812592, 0.24181801080703735, 0.21505190432071686, 0.23064987361431122, 0.2126643806695938, 0.21302777528762817, 0.21921798586845398, 0.24263375997543335, 0.2143889218568802, 0.2313113659620285, 0.22401238977909088, 0.21530064940452576, 0.23945611715316772, 0.21604785323143005, 0.21544238924980164, 0.21926560997962952, 0.2153288871049881, 0.21297508478164673, 0.2192520946264267, 0.24345587193965912, 0.21985222399234772, 0.22637557983398438, 0.21213297545909882, 0.21589523553848267, 0.21776431798934937, 0.2115769386291504, 0.21520546078681946, 0.21721723675727844, 0.21123014390468597, 0.21920253336429596, 0.23447208106517792, 0.21559888124465942]",11.0,"[33.0, 33.0, 33.0, 15.0, 15.0, 15.0, 15.0, 15.0, 13.0, 13.0, 13.0, 13.0, 13.0, 13.0, 13.0, 13.0, 13.0, 13.0, 13.0, 13.0, 13.0, 13.0, 13.0, 13.0, 13.0, 13.0, 13.0, 13.0, 13.0, 13.0, 13.0, 13.0, 13.0, 13.0, 13.0, 13.0, 13.0, 13.0, 13.0, 13.0, 13.0, 13.0, 13.0, 13.0, 13.0, 13.0, 13.0, 13.0, 12.0, 12.0, 12.0, 12.0, 12.0, 12.0, 12.0, 12.0, 12.0, 12.0, 12.0, 12.0, 12.0, 12.0, 12.0, 12.0, 12.0, 12.0, 12.0, 12.0, 12.0, 12.0, 12.0, 12.0, 12.0, 12.0, 12.0, 12.0, 12.0, 12.0, 12.0, 12.0, 12.0, 12.0, 12.0, 12.0, 11.0, 11.0, 11.0, 11.0, 11.0, 11.0, 11.0, 11.0, 11.0, 11.0, 11.0, 11.0, 11.0, 11.0, 11.0, 11.0, 11.0, 11.0, 11.0, 11.0, 11.0, 11.0, 11.0, 11.0, 11.0, 11.0, 11.0, 11.0, 11.0, 11.0, 11.0, 11.0, 11.0, 11.0, 11.0, 11.0, 11.0, 11.0, 11.0, 11.0, 11.0, 11.0, 11.0, 11.0, 11.0, 11.0, 11.0, 11.0, 11.0, 11.0, 11.0, 11.0, 11.0, 11.0, 11.0, 11.0, 11.0, 11.0, 11.0, 11.0, 11.0, 11.0, 11.0, 11.0, 11.0, 11.0, 11.0, 11.0, 11.0, 11.0, 11.0, 11.0, 11.0, 11.0, 11.0, 11.0, 11.0, 11.0, 11.0, 11.0, 11.0, 11.0, 11.0, 11.0, 11.0, 11.0, 11.0, 11.0, 11.0, 11.0, 11.0, 11.0, 11.0, 11.0, 11.0, 11.0, 11.0, 11.0, 11.0, 11.0, 11.0, 11.0, 11.0, 11.0, 11.0, 11.0, 11.0, 11.0, 11.0, 11.0, 11.0, 11.0, 11.0, 11.0, 11.0, 11.0, 11.0, 11.0, 11.0, 11.0, 11.0, 11.0, 11.0, 11.0, 11.0, 11.0, 11.0, 11.0, 11.0, 11.0, 11.0, 11.0, 11.0, 11.0, 11.0, 11.0, 11.0, 11.0, 11.0, 11.0, 11.0, 11.0, 11.0, 11.0, 11.0, 11.0, 11.0, 11.0, 11.0, 11.0, 11.0, 11.0, 11.0, 11.0, 11.0, 11.0, 11.0, 11.0, 11.0, 11.0, 11.0, 11.0, 11.0, 11.0, 11.0, 11.0, 11.0, 11.0, 11.0, 11.0, 11.0, 11.0, 11.0, 11.0, 11.0, 11.0, 11.0, 11.0, 11.0, 11.0, 11.0, 11.0, 11.0, 11.0, 11.0, 11.0, 11.0, 11.0, 11.0, 11.0, 11.0, 11.0, 11.0, 11.0, 11.0, 11.0, 11.0, 11.0, 11.0, 11.0, 11.0]",COMPLETE
180,180,0.6638069843232729,2024-08-31 07:53:05.186702,2024-08-31 07:53:18.584573,0 days 00:00:13.397871,16,0.011148455868206958,4,15,0.04761512185527357,33,0.041961241089010795,0.859,0.85875,33,"[33, 33, 33, 33, 33, 33, 33, 33, 33, 33, 33, 33, 33, 33, 33]",32.96363636363636,"[32.977777777777774, 32.97575757575757, 32.97979797979798, 32.98181818181818, 32.977777777777774, 32.97979797979798, 32.971717171717174, 32.97979797979798, 32.98181818181818, 32.971717171717174, 32.97171717171717, 32.96363636363636, 32.96161616161616, 32.95757575757575, 32.96363636363636]",0.7031266770696587,0.6638069843232729,33,"[33, 33, 33, 33, 33, 33, 33, 33, 33, 33, 33, 33, 33, 33, 33]",15,"[0.6060609221458435, 0.55545973777771, 0.5193853974342346, 0.493103563785553, 0.4737369120121002, 0.4590575098991394, 0.44791263341903687, 0.43919163942337036, 0.43235933780670166, 0.427038311958313, 0.42269009351730347, 0.4192662537097931, 0.41637733578681946, 0.41391491889953613, 0.4119641184806824]",33.0,"[33.0, 33.0, 33.0, 33.0, 33.0, 33.0, 33.0, 33.0, 33.0, 33.0, 33.0, 33.0, 33.0, 33.0, 33.0]",COMPLETE
181,181,0.5,2024-08-31 07:53:22.999859,2024-08-31 07:53:30.578742,0 days 00:00:07.578883,64,2.970293802706943,3,10,0.0658848738425312,61,0.0927393881004594,0.859,0.85875,0,"[0, 0, 0, 0, 0, 0, 0, 0, 0, 0]",0.0,"[0.0, 0.0, 0.0, 0.0, 0.0, 0.0, 0.0, 0.0, 0.0, 0.0]",0.5,0.5,0,"[0, 0, 0, 0, 0, 0, 0, 0, 0, 0]",10,"[0.4072261452674866, 2.083263635635376, 1.790743112564087, 0.4940299093723297, 3.6874163150787354, 0.4075881838798523, 0.7124378681182861, 1.9028563499450684, 0.40745827555656433, 4.812033176422119]",0.0,"[0.0, 0.0, 0.0, 0.0, 0.0, 0.0, 0.0, 0.0, 0.0, 0.0]",COMPLETE
