,number,value,datetime_start,datetime_complete,duration,params_batch_size_scaler,params_constant_learning_rate,params_depth,params_epochs,params_kernel_l2,params_num_trees,params_temperature,user_attrs_accuracy_test,user_attrs_accuracy_valid,user_attrs_approximate_feature_sparsity,user_attrs_approximate_feature_sparsity_history,user_attrs_approximate_weight_sparsity,user_attrs_approximate_weight_sparsity_history,user_attrs_auc_test,user_attrs_auc_valid,user_attrs_feature_sparsity,user_attrs_feature_sparsity_history,user_attrs_num_epochs,user_attrs_val_loss_history,user_attrs_weight_sparsity,user_attrs_weight_sparsity_history,state
173,173,0.8966521106259095,2024-08-31 07:27:59.432440,2024-08-31 07:28:49.518726,0 days 00:00:50.086286,16,0.14621754891225758,3,415,0.28527682118043757,10,0.00017431932943434486,0.908,0.90125,7,"[33, 33, 33, 33, 33, 33, 33, 33, 33, 33, 33, 33, 33, 33, 33, 33, 33, 33, 33, 33, 33, 33, 33, 33, 33, 33, 33, 33, 33, 33, 33, 33, 33, 33, 33, 33, 33, 33, 33, 33, 33, 33, 33, 33, 33, 33, 33, 33, 33, 33, 33, 33, 33, 33, 33, 33, 33, 33, 33, 33, 33, 33, 33, 33, 33, 33, 33, 33, 33, 32, 31, 29, 26, 26, 25, 23, 20, 19, 19, 18, 18, 17, 17, 17, 17, 16, 16, 16, 16, 15, 15, 15, 15, 15, 15, 14, 14, 14, 14, 14, 14, 14, 14, 14, 14, 14, 14, 14, 14, 14, 14, 13, 12, 12, 12, 12, 12, 12, 11, 11, 11, 11, 11, 11, 11, 11, 11, 10, 10, 10, 10, 9, 9, 9, 9, 9, 9, 9, 9, 9, 9, 9, 9, 9, 9, 9, 9, 9, 9, 9, 9, 9, 9, 9, 9, 9, 9, 9, 9, 9, 9, 9, 9, 9, 9, 9, 9, 8, 8, 8, 8, 8, 8, 8, 8, 8, 8, 8, 8, 8, 8, 8, 8, 8, 8, 8, 8, 8, 8, 8, 8, 8, 8, 8, 8, 8, 8, 8, 8, 8, 8, 8, 8, 8, 8, 8, 8, 8, 8, 8, 8, 8, 8, 8, 8, 8, 8, 8, 8, 8, 8, 8, 8, 8, 8, 8, 8, 8, 8, 8, 8, 8, 8, 8, 8, 8, 8, 8, 8, 8, 8, 8, 8, 8, 8, 8, 8, 8, 8, 8, 8, 8, 8, 8, 8, 8, 8, 8, 8, 8, 8, 8, 8, 8, 8, 8, 8, 8, 8, 7, 7, 7, 7, 7, 7, 7, 7, 7, 7, 7, 7, 7, 7, 7, 7, 7, 7, 7, 7, 7, 7, 7, 7, 7, 7, 7, 7, 7, 7, 7, 7, 7, 7, 7, 7, 7, 7, 7, 7, 7, 7, 7, 7, 7, 7, 7, 7, 7, 7, 7, 7, 7, 7, 7, 7, 7, 7, 7, 7, 7, 7, 7, 7, 7, 7, 7, 7, 7, 7, 7, 7, 7, 7, 7, 7, 7, 7, 7, 7, 7, 7, 7, 7, 7, 7, 7, 7, 7, 7, 7, 7, 7, 7, 7, 7, 7, 7, 7, 7, 7, 7, 7, 7, 7, 7, 7, 7, 7, 7, 7, 7, 7, 7, 7, 7, 7, 7, 7, 7, 7, 7, 7, 7, 7, 7, 7, 7, 7, 7, 7, 7, 7, 7, 7, 7, 7, 7, 7, 7, 7, 7, 7, 7, 7, 7]",6.928571428571429,"[32.98571428571429, 33.0, 33.0, 32.98571428571429, 32.98571428571429, 33.0, 32.971428571428575, 33.0, 32.98571428571429, 33.0, 32.971428571428575, 32.98571428571429, 33.0, 32.98571428571429, 32.98571428571429, 32.971428571428575, 32.98571428571429, 33.0, 32.98571428571429, 33.0, 33.0, 32.98571428571429, 32.971428571428575, 33.0, 33.0, 33.0, 32.971428571428575, 32.98571428571429, 33.0, 32.971428571428575, 32.971428571428575, 33.0, 33.0, 32.98571428571429, 32.98571428571429, 32.98571428571429, 33.0, 33.0, 32.971428571428575, 32.98571428571429, 32.98571428571429, 32.98571428571429, 32.971428571428575, 33.0, 32.971428571428575, 32.957142857142856, 32.971428571428575, 32.971428571428575, 32.9, 33.0, 32.971428571428575, 32.98571428571429, 33.0, 33.0, 33.0, 32.957142857142856, 32.98571428571429, 32.92857142857143, 32.957142857142856, 32.98571428571429, 32.971428571428575, 32.98571428571429, 32.98571428571429, 32.957142857142856, 32.98571428571429, 32.971428571428575, 32.971428571428575, 32.94285714285714, 32.971428571428575, 31.97142857142857, 30.985714285714288, 28.957142857142856, 25.985714285714288, 25.97142857142857, 24.97142857142857, 22.985714285714288, 20.0, 18.985714285714288, 18.97142857142857, 17.957142857142856, 17.985714285714288, 16.985714285714288, 16.97142857142857, 16.92857142857143, 16.985714285714288, 15.971428571428572, 15.971428571428572, 15.957142857142857, 15.985714285714286, 15.0, 14.985714285714286, 14.985714285714286, 14.971428571428572, 15.0, 14.957142857142857, 13.971428571428572, 14.0, 14.0, 13.985714285714286, 14.0, 13.971428571428572, 13.985714285714286, 13.985714285714286, 13.985714285714286, 13.985714285714286, 13.985714285714286, 13.985714285714286, 13.971428571428572, 13.971428571428572, 14.0, 14.0, 12.985714285714286, 11.971428571428572, 12.0, 12.0, 11.971428571428572, 11.985714285714286, 11.957142857142857, 10.957142857142857, 10.971428571428572, 10.971428571428572, 10.985714285714286, 10.985714285714286, 10.971428571428572, 11.0, 10.985714285714286, 10.985714285714286, 10.0, 9.985714285714286, 9.985714285714286, 9.985714285714286, 8.971428571428572, 8.985714285714286, 8.971428571428572, 9.0, 9.0, 8.971428571428572, 9.0, 8.985714285714286, 8.985714285714286, 8.957142857142857, 8.942857142857143, 8.971428571428572, 8.971428571428572, 8.971428571428572, 9.0, 8.985714285714286, 8.985714285714286, 9.0, 8.985714285714286, 8.985714285714286, 9.0, 8.957142857142857, 9.0, 8.985714285714286, 9.0, 9.0, 9.0, 9.0, 8.985714285714286, 8.971428571428572, 8.957142857142857, 8.957142857142857, 8.985714285714286, 8.942857142857143, 8.957142857142857, 8.985714285714286, 7.985714285714286, 7.985714285714286, 7.985714285714286, 7.985714285714286, 8.0, 8.0, 7.985714285714286, 8.0, 7.985714285714286, 7.985714285714286, 8.0, 7.9714285714285715, 7.985714285714286, 7.957142857142857, 8.0, 7.985714285714286, 8.0, 8.0, 7.985714285714286, 7.985714285714286, 8.0, 8.0, 7.985714285714286, 8.0, 8.0, 7.957142857142857, 7.9714285714285715, 7.985714285714286, 7.985714285714286, 7.9714285714285715, 7.985714285714286, 8.0, 8.0, 8.0, 7.985714285714286, 8.0, 8.0, 7.985714285714286, 7.985714285714286, 7.985714285714286, 7.985714285714286, 8.0, 8.0, 8.0, 7.985714285714286, 7.985714285714286, 7.985714285714286, 8.0, 8.0, 8.0, 8.0, 7.9714285714285715, 7.9714285714285715, 7.985714285714286, 7.985714285714286, 8.0, 8.0, 8.0, 7.9714285714285715, 8.0, 8.0, 7.985714285714286, 8.0, 8.0, 8.0, 8.0, 7.985714285714286, 7.985714285714286, 7.9714285714285715, 7.957142857142857, 7.985714285714286, 7.985714285714286, 7.985714285714286, 7.957142857142857, 7.9714285714285715, 7.985714285714286, 8.0, 7.985714285714286, 7.9714285714285715, 7.985714285714286, 7.985714285714286, 7.985714285714286, 7.9714285714285715, 7.9714285714285715, 7.985714285714286, 7.985714285714286, 7.985714285714286, 8.0, 8.0, 8.0, 7.985714285714286, 8.0, 7.957142857142857, 7.957142857142857, 7.957142857142857, 7.9714285714285715, 7.9714285714285715, 7.985714285714286, 7.985714285714286, 8.0, 7.985714285714286, 7.985714285714286, 6.985714285714286, 6.985714285714286, 6.9714285714285715, 6.9714285714285715, 6.985714285714286, 6.9714285714285715, 6.9714285714285715, 6.9714285714285715, 6.985714285714286, 6.985714285714286, 6.9714285714285715, 6.985714285714286, 6.985714285714286, 6.985714285714286, 6.985714285714286, 7.0, 7.0, 6.985714285714286, 6.985714285714286, 6.9714285714285715, 7.0, 6.985714285714286, 7.0, 7.0, 7.0, 6.985714285714286, 7.0, 7.0, 7.0, 7.0, 6.985714285714286, 6.985714285714286, 6.985714285714286, 6.985714285714286, 6.985714285714286, 6.985714285714286, 7.0, 7.0, 7.0, 7.0, 7.0, 7.0, 7.0, 7.0, 7.0, 7.0, 6.985714285714286, 6.985714285714286, 6.985714285714286, 7.0, 6.9714285714285715, 6.985714285714286, 6.985714285714286, 6.985714285714286, 6.985714285714286, 6.985714285714286, 6.985714285714286, 6.985714285714286, 6.985714285714286, 6.985714285714286, 6.985714285714286, 6.985714285714286, 6.942857142857143, 6.9714285714285715, 6.957142857142857, 6.957142857142857, 6.9714285714285715, 6.9714285714285715, 6.9714285714285715, 6.9714285714285715, 6.9714285714285715, 6.9714285714285715, 6.9714285714285715, 6.9714285714285715, 6.9714285714285715, 6.9714285714285715, 6.9714285714285715, 6.957142857142857, 6.9714285714285715, 6.957142857142857, 6.9714285714285715, 6.9714285714285715, 6.9714285714285715, 6.9714285714285715, 6.9714285714285715, 6.9714285714285715, 6.9714285714285715, 6.9714285714285715, 6.985714285714286, 6.9714285714285715, 6.9714285714285715, 6.985714285714286, 6.985714285714286, 6.985714285714286, 6.957142857142857, 6.957142857142857, 6.9714285714285715, 6.9714285714285715, 6.957142857142857, 6.9714285714285715, 6.9714285714285715, 6.957142857142857, 6.942857142857143, 6.942857142857143, 6.957142857142857, 6.957142857142857, 6.957142857142857, 6.957142857142857, 6.957142857142857, 6.957142857142857, 6.957142857142857, 6.957142857142857, 6.928571428571429, 6.942857142857143, 6.928571428571429, 6.942857142857143, 6.942857142857143, 6.957142857142857, 6.957142857142857, 6.957142857142857, 6.957142857142857, 6.957142857142857, 6.957142857142857, 6.957142857142857, 6.957142857142857, 6.942857142857143, 6.928571428571429, 6.928571428571429, 6.928571428571429, 6.9, 6.914285714285715, 6.914285714285715, 6.914285714285715, 6.914285714285715, 6.914285714285715, 6.914285714285715, 6.914285714285715, 6.914285714285715, 6.914285714285715, 6.914285714285715, 6.9, 6.928571428571429, 6.928571428571429, 6.928571428571429, 6.928571428571429, 6.928571428571429]",0.876361264541484,0.8966521106259095,7,"[33, 33, 33, 33, 33, 33, 33, 33, 33, 33, 33, 33, 33, 33, 33, 33, 33, 33, 33, 33, 33, 33, 33, 33, 33, 33, 33, 33, 33, 33, 33, 33, 33, 33, 33, 33, 33, 33, 33, 33, 33, 33, 33, 33, 33, 33, 33, 33, 33, 33, 33, 33, 33, 33, 33, 33, 33, 33, 33, 33, 33, 33, 33, 33, 33, 33, 33, 33, 33, 32, 31, 29, 26, 26, 25, 23, 20, 19, 19, 18, 18, 17, 17, 17, 17, 16, 16, 16, 16, 15, 15, 15, 15, 15, 15, 14, 14, 14, 14, 14, 14, 14, 14, 14, 14, 14, 14, 14, 14, 14, 14, 13, 12, 12, 12, 12, 12, 12, 11, 11, 11, 11, 11, 11, 11, 11, 11, 10, 10, 10, 10, 9, 9, 9, 9, 9, 9, 9, 9, 9, 9, 9, 9, 9, 9, 9, 9, 9, 9, 9, 9, 9, 9, 9, 9, 9, 9, 9, 9, 9, 9, 9, 9, 9, 9, 9, 9, 8, 8, 8, 8, 8, 8, 8, 8, 8, 8, 8, 8, 8, 8, 8, 8, 8, 8, 8, 8, 8, 8, 8, 8, 8, 8, 8, 8, 8, 8, 8, 8, 8, 8, 8, 8, 8, 8, 8, 8, 8, 8, 8, 8, 8, 8, 8, 8, 8, 8, 8, 8, 8, 8, 8, 8, 8, 8, 8, 8, 8, 8, 8, 8, 8, 8, 8, 8, 8, 8, 8, 8, 8, 8, 8, 8, 8, 8, 8, 8, 8, 8, 8, 8, 8, 8, 8, 8, 8, 8, 8, 8, 8, 8, 8, 8, 8, 8, 8, 8, 8, 8, 7, 7, 7, 7, 7, 7, 7, 7, 7, 7, 7, 7, 7, 7, 7, 7, 7, 7, 7, 7, 7, 7, 7, 7, 7, 7, 7, 7, 7, 7, 7, 7, 7, 7, 7, 7, 7, 7, 7, 7, 7, 7, 7, 7, 7, 7, 7, 7, 7, 7, 7, 7, 7, 7, 7, 7, 7, 7, 7, 7, 7, 7, 7, 7, 7, 7, 7, 7, 7, 7, 7, 7, 7, 7, 7, 7, 7, 7, 7, 7, 7, 7, 7, 7, 7, 7, 7, 7, 7, 7, 7, 7, 7, 7, 7, 7, 7, 7, 7, 7, 7, 7, 7, 7, 7, 7, 7, 7, 7, 7, 7, 7, 7, 7, 7, 7, 7, 7, 7, 7, 7, 7, 7, 7, 7, 7, 7, 7, 7, 7, 7, 7, 7, 7, 7, 7, 7, 7, 7, 7, 7, 7, 7, 7, 7, 7]",415,"[0.5806223154067993, 0.5577916502952576, 0.5453736782073975, 0.53596031665802, 0.5277114510536194, 0.5204820036888123, 0.5139400362968445, 0.5081517100334167, 0.502646267414093, 0.49728819727897644, 0.49246516823768616, 0.4876335859298706, 0.4832612872123718, 0.4789505898952484, 0.4747699797153473, 0.47069260478019714, 0.4668255150318146, 0.46308884024620056, 0.4596942067146301, 0.4557870924472809, 0.4523180425167084, 0.4490337371826172, 0.4458122253417969, 0.44269993901252747, 0.4396932125091553, 0.43646788597106934, 0.4335760474205017, 0.4307764172554016, 0.42813655734062195, 0.425522118806839, 0.4227783679962158, 0.42015838623046875, 0.41772156953811646, 0.4151267111301422, 0.4127193093299866, 0.41041335463523865, 0.4081073999404907, 0.40576285123825073, 0.40369024872779846, 0.4017094075679779, 0.39959418773651123, 0.3975415825843811, 0.39569100737571716, 0.39373353123664856, 0.39180147647857666, 0.3900212347507477, 0.3883991539478302, 0.3863431513309479, 0.3849531412124634, 0.38299426436424255, 0.38131552934646606, 0.3797425925731659, 0.37844860553741455, 0.3769577145576477, 0.3751296103000641, 0.3735658526420593, 0.3722701370716095, 0.3706277906894684, 0.36915743350982666, 0.3677738904953003, 0.36602723598480225, 0.36420872807502747, 0.36308059096336365, 0.36158016324043274, 0.3601902723312378, 0.35906291007995605, 0.35797813534736633, 0.3566913306713104, 0.3551710844039917, 0.352315753698349, 0.35100987553596497, 0.34821075201034546, 0.34641867876052856, 0.3450208306312561, 0.34362125396728516, 0.3412744104862213, 0.33827459812164307, 0.33678290247917175, 0.33610838651657104, 0.33651524782180786, 0.33553174138069153, 0.3334518373012543, 0.33295661211013794, 0.33251404762268066, 0.33160701394081116, 0.3309030532836914, 0.3304286599159241, 0.3299632668495178, 0.3294450342655182, 0.3269449472427368, 0.3262222409248352, 0.32565101981163025, 0.3249129354953766, 0.32443609833717346, 0.3239269256591797, 0.32556912302970886, 0.324631005525589, 0.32384049892425537, 0.32307329773902893, 0.3226199746131897, 0.32198813557624817, 0.3215334713459015, 0.32091224193573, 0.3202909827232361, 0.31966617703437805, 0.3189469873905182, 0.31857186555862427, 0.3178265690803528, 0.31728479266166687, 0.3166952133178711, 0.31621214747428894, 0.3170510232448578, 0.3165343403816223, 0.3163704574108124, 0.3159710764884949, 0.3158303201198578, 0.3154633641242981, 0.3149588704109192, 0.31528976559638977, 0.3150380849838257, 0.3146578073501587, 0.31415045261383057, 0.31368255615234375, 0.3131123483181, 0.3128383159637451, 0.31218498945236206, 0.3120957612991333, 0.31181469559669495, 0.31156808137893677, 0.31117597222328186, 0.3107439875602722, 0.3139215111732483, 0.3135024905204773, 0.31324121356010437, 0.31296002864837646, 0.31270235776901245, 0.31234031915664673, 0.31189316511154175, 0.31155988574028015, 0.311151921749115, 0.31068065762519836, 0.3103525936603546, 0.3101657032966614, 0.3097338080406189, 0.3096098005771637, 0.3094920217990875, 0.308989942073822, 0.30853888392448425, 0.30829745531082153, 0.3076150417327881, 0.3074241280555725, 0.3074750304222107, 0.30717378854751587, 0.3071335554122925, 0.3065606653690338, 0.30592668056488037, 0.3056328296661377, 0.30561402440071106, 0.3055242598056793, 0.3050617277622223, 0.30451637506484985, 0.3041948974132538, 0.3043728172779083, 0.30422425270080566, 0.3038027882575989, 0.30370426177978516, 0.3034578263759613, 0.30858615040779114, 0.3072148561477661, 0.30639946460723877, 0.30535584688186646, 0.30427977442741394, 0.3035801947116852, 0.3031940460205078, 0.30273789167404175, 0.3024517297744751, 0.3018825650215149, 0.30173248052597046, 0.3014325797557831, 0.30092042684555054, 0.3006630837917328, 0.30041083693504333, 0.3001200556755066, 0.29994094371795654, 0.2996755838394165, 0.2993007004261017, 0.29938778281211853, 0.2988418638706207, 0.2983703911304474, 0.29826414585113525, 0.298178106546402, 0.2977958619594574, 0.2975344955921173, 0.2972622215747833, 0.2971760034561157, 0.29684242606163025, 0.29651784896850586, 0.2962222099304199, 0.29592159390449524, 0.29571956396102905, 0.29536840319633484, 0.295215904712677, 0.2951098382472992, 0.29526278376579285, 0.29493293166160583, 0.29484057426452637, 0.29440805315971375, 0.2942036986351013, 0.29392310976982117, 0.29391393065452576, 0.2935779392719269, 0.29337066411972046, 0.292983740568161, 0.29287925362586975, 0.29247865080833435, 0.2922349274158478, 0.2922278940677643, 0.2920653522014618, 0.2920681834220886, 0.2920917272567749, 0.29211747646331787, 0.29165032505989075, 0.29162272810935974, 0.2913378179073334, 0.29087236523628235, 0.2909439206123352, 0.2908267080783844, 0.29027146100997925, 0.28995558619499207, 0.2900483012199402, 0.2898563742637634, 0.28964123129844666, 0.2896329462528229, 0.28945988416671753, 0.2890949547290802, 0.28907936811447144, 0.28886887431144714, 0.2888300120830536, 0.28840357065200806, 0.28800633549690247, 0.28787505626678467, 0.2877419888973236, 0.2871361970901489, 0.2869197130203247, 0.2872856855392456, 0.2870914340019226, 0.28698214888572693, 0.28659626841545105, 0.28650301694869995, 0.286261647939682, 0.28624770045280457, 0.2861408293247223, 0.2858569622039795, 0.28562092781066895, 0.2855140268802643, 0.28540706634521484, 0.28499436378479004, 0.2856365144252777, 0.28520071506500244, 0.28487178683280945, 0.2845953106880188, 0.2844187021255493, 0.28436896204948425, 0.28408244252204895, 0.2843268811702728, 0.2840947210788727, 0.2839811444282532, 0.2837814688682556, 0.2836209833621979, 0.2879646122455597, 0.2874149680137634, 0.2873886227607727, 0.286537766456604, 0.2860395908355713, 0.2854129374027252, 0.2851138412952423, 0.28467485308647156, 0.2845475971698761, 0.2840680778026581, 0.28394821286201477, 0.2836403250694275, 0.28357207775115967, 0.2835257649421692, 0.2829113006591797, 0.28269273042678833, 0.28254270553588867, 0.2823121249675751, 0.28227484226226807, 0.28213751316070557, 0.2817721962928772, 0.2817003130912781, 0.28140249848365784, 0.28139084577560425, 0.2812597155570984, 0.2813569903373718, 0.2813637852668762, 0.28115028142929077, 0.28083622455596924, 0.2806500196456909, 0.2805007994174957, 0.2803471088409424, 0.28014492988586426, 0.2798897922039032, 0.2798178493976593, 0.27973490953445435, 0.27972376346588135, 0.2796536386013031, 0.279217392206192, 0.27871447801589966, 0.27887216210365295, 0.2793465852737427, 0.27941229939460754, 0.27907347679138184, 0.27888357639312744, 0.27846476435661316, 0.27876150608062744, 0.27858030796051025, 0.2782389521598816, 0.2780545949935913, 0.277681827545166, 0.2777046859264374, 0.27761906385421753, 0.27797582745552063, 0.27800190448760986, 0.27786490321159363, 0.2773069143295288, 0.2769497036933899, 0.27714091539382935, 0.2769560217857361, 0.27672260999679565, 0.2767009437084198, 0.27640146017074585, 0.276164710521698, 0.27632075548171997, 0.27606886625289917, 0.276035338640213, 0.27597784996032715, 0.27603617310523987, 0.27615028619766235, 0.2760516107082367, 0.27593493461608887, 0.27558600902557373, 0.27519404888153076, 0.27544957399368286, 0.27526745200157166, 0.27506810426712036, 0.27518582344055176, 0.2752564549446106, 0.27499672770500183, 0.2746524214744568, 0.2749893069267273, 0.2745526134967804, 0.2742669880390167, 0.2741628587245941, 0.27414101362228394, 0.2744213342666626, 0.27448663115501404, 0.27415597438812256, 0.2740226089954376, 0.27456972002983093, 0.27397122979164124, 0.27379101514816284, 0.2738899290561676, 0.2736828029155731, 0.27353590726852417, 0.2732943296432495, 0.273563951253891, 0.2733633816242218, 0.27342021465301514, 0.27325114607810974, 0.27304303646087646, 0.27364155650138855, 0.27346935868263245, 0.273547887802124, 0.27338507771492004, 0.27248331904411316, 0.2729068994522095, 0.27255603671073914, 0.27196887135505676, 0.2718612849712372, 0.27188244462013245, 0.2719082236289978, 0.2718452215194702, 0.2716374695301056, 0.27239537239074707, 0.27237024903297424, 0.27272698283195496, 0.27166420221328735, 0.2709690034389496, 0.2710913419723511, 0.2719123065471649, 0.27090272307395935, 0.2708684802055359, 0.2711450159549713, 0.27134212851524353, 0.27063578367233276, 0.27079465985298157, 0.27087855339050293, 0.27073371410369873, 0.2706540822982788, 0.27073776721954346, 0.2704544961452484, 0.2704799771308899, 0.2707960605621338, 0.27060216665267944, 0.2701146602630615, 0.27037981152534485, 0.27046889066696167, 0.27026206254959106, 0.2701467275619507, 0.27007007598876953, 0.26959866285324097, 0.2696051299571991, 0.2699321508407593, 0.269957035779953]",7.0,"[33.0, 33.0, 33.0, 33.0, 33.0, 33.0, 33.0, 33.0, 33.0, 33.0, 33.0, 33.0, 33.0, 33.0, 33.0, 33.0, 33.0, 33.0, 33.0, 33.0, 33.0, 33.0, 33.0, 33.0, 33.0, 33.0, 33.0, 33.0, 33.0, 33.0, 33.0, 33.0, 33.0, 33.0, 33.0, 33.0, 33.0, 33.0, 33.0, 33.0, 33.0, 33.0, 33.0, 33.0, 33.0, 33.0, 33.0, 33.0, 33.0, 33.0, 33.0, 33.0, 33.0, 33.0, 33.0, 33.0, 33.0, 33.0, 33.0, 33.0, 33.0, 33.0, 33.0, 33.0, 33.0, 33.0, 33.0, 33.0, 33.0, 32.0, 31.0, 29.0, 26.0, 26.0, 25.0, 23.0, 20.0, 19.0, 19.0, 18.0, 18.0, 17.0, 17.0, 17.0, 17.0, 16.0, 16.0, 16.0, 16.0, 15.0, 15.0, 15.0, 15.0, 15.0, 15.0, 14.0, 14.0, 14.0, 14.0, 14.0, 14.0, 14.0, 14.0, 14.0, 14.0, 14.0, 14.0, 14.0, 14.0, 14.0, 14.0, 13.0, 12.0, 12.0, 12.0, 12.0, 12.0, 12.0, 11.0, 11.0, 11.0, 11.0, 11.0, 11.0, 11.0, 11.0, 11.0, 10.0, 10.0, 10.0, 10.0, 9.0, 9.0, 9.0, 9.0, 9.0, 9.0, 9.0, 9.0, 9.0, 9.0, 9.0, 9.0, 9.0, 9.0, 9.0, 9.0, 9.0, 9.0, 9.0, 9.0, 9.0, 9.0, 9.0, 9.0, 9.0, 9.0, 9.0, 9.0, 9.0, 9.0, 9.0, 9.0, 9.0, 9.0, 9.0, 9.0, 8.0, 8.0, 8.0, 8.0, 8.0, 8.0, 8.0, 8.0, 8.0, 8.0, 8.0, 8.0, 8.0, 8.0, 8.0, 8.0, 8.0, 8.0, 8.0, 8.0, 8.0, 8.0, 8.0, 8.0, 8.0, 8.0, 8.0, 8.0, 8.0, 8.0, 8.0, 8.0, 8.0, 8.0, 8.0, 8.0, 8.0, 8.0, 8.0, 8.0, 8.0, 8.0, 8.0, 8.0, 8.0, 8.0, 8.0, 8.0, 8.0, 8.0, 8.0, 8.0, 8.0, 8.0, 8.0, 8.0, 8.0, 8.0, 8.0, 8.0, 8.0, 8.0, 8.0, 8.0, 8.0, 8.0, 8.0, 8.0, 8.0, 8.0, 8.0, 8.0, 8.0, 8.0, 8.0, 8.0, 8.0, 8.0, 8.0, 8.0, 8.0, 8.0, 8.0, 8.0, 8.0, 8.0, 8.0, 8.0, 8.0, 8.0, 8.0, 8.0, 8.0, 8.0, 8.0, 8.0, 8.0, 8.0, 8.0, 8.0, 8.0, 8.0, 7.0, 7.0, 7.0, 7.0, 7.0, 7.0, 7.0, 7.0, 7.0, 7.0, 7.0, 7.0, 7.0, 7.0, 7.0, 7.0, 7.0, 7.0, 7.0, 7.0, 7.0, 7.0, 7.0, 7.0, 7.0, 7.0, 7.0, 7.0, 7.0, 7.0, 7.0, 7.0, 7.0, 7.0, 7.0, 7.0, 7.0, 7.0, 7.0, 7.0, 7.0, 7.0, 7.0, 7.0, 7.0, 7.0, 7.0, 7.0, 7.0, 7.0, 7.0, 7.0, 7.0, 7.0, 7.0, 7.0, 7.0, 7.0, 7.0, 7.0, 7.0, 7.0, 7.0, 7.0, 7.0, 7.0, 7.0, 7.0, 7.0, 7.0, 7.0, 7.0, 7.0, 7.0, 7.0, 7.0, 7.0, 7.0, 7.0, 7.0, 7.0, 7.0, 7.0, 7.0, 7.0, 7.0, 7.0, 7.0, 7.0, 7.0, 7.0, 7.0, 7.0, 7.0, 7.0, 7.0, 7.0, 7.0, 7.0, 7.0, 7.0, 7.0, 7.0, 7.0, 7.0, 7.0, 7.0, 7.0, 7.0, 7.0, 7.0, 7.0, 7.0, 7.0, 7.0, 7.0, 7.0, 7.0, 7.0, 7.0, 7.0, 7.0, 7.0, 7.0, 7.0, 7.0, 7.0, 7.0, 7.0, 7.0, 7.0, 7.0, 7.0, 7.0, 7.0, 7.0, 7.0, 7.0, 7.0, 7.0, 7.0, 7.0, 7.0, 7.0, 7.0, 7.0]",COMPLETE
174,174,0.8603264159936108,2024-08-31 07:28:53.882476,2024-08-31 07:28:57.684177,0 days 00:00:03.801701,4,4.702112757257367,1,5,0.0037598656764707226,81,0.0006477866936897872,0.876,0.87375,30,"[33, 30, 30, 30, 30]",30.0,"[33.0, 30.0, 30.0, 29.97530864197531, 30.0]",0.8599393984428538,0.8603264159936108,30,"[33, 30, 30, 30, 30]",5,"[32.615760803222656, 46.75453186035156, 3.549593925476074, 15.840746879577637, 4.663654327392578]",30.0,"[33.0, 30.0, 30.0, 30.0, 30.0]",COMPLETE
