,number,value,datetime_start,datetime_complete,duration,params_batch_size_scaler,params_constant_learning_rate,params_depth,params_epochs,params_kernel_l2,params_num_trees,params_temperature,user_attrs_accuracy_test,user_attrs_accuracy_valid,user_attrs_approximate_feature_sparsity,user_attrs_approximate_feature_sparsity_history,user_attrs_approximate_weight_sparsity,user_attrs_approximate_weight_sparsity_history,user_attrs_auc_test,user_attrs_auc_valid,user_attrs_feature_sparsity,user_attrs_feature_sparsity_history,user_attrs_num_epochs,user_attrs_val_loss_history,user_attrs_weight_sparsity,user_attrs_weight_sparsity_history,state
155,155,0.7389058494673519,2024-08-31 07:01:16.974707,2024-08-31 07:01:54.586597,0 days 00:00:37.611890,4,0.024126628960033952,1,180,0.5743993533518286,85,0.07626045995488215,0.864,0.86375,5,"[33, 33, 33, 33, 33, 33, 33, 33, 33, 33, 33, 33, 33, 33, 33, 33, 33, 33, 33, 33, 33, 33, 33, 33, 33, 33, 33, 33, 33, 33, 33, 33, 33, 33, 33, 33, 33, 33, 33, 33, 33, 33, 33, 33, 33, 33, 33, 33, 33, 33, 33, 33, 33, 33, 33, 33, 33, 33, 33, 33, 33, 33, 33, 33, 33, 32, 31, 29, 27, 24, 22, 20, 19, 17, 16, 15, 14, 13, 12, 12, 10, 10, 10, 10, 10, 10, 10, 10, 10, 10, 10, 10, 10, 10, 9, 9, 9, 9, 9, 9, 9, 9, 8, 7, 6, 6, 6, 6, 6, 6, 6, 6, 6, 6, 6, 6, 6, 6, 6, 6, 6, 6, 6, 6, 6, 6, 6, 6, 6, 6, 6, 5, 5, 5, 5, 5, 5, 5, 5, 5, 5, 5, 5, 5, 5, 5, 5, 5, 5, 5, 5, 5, 5, 5, 5, 5, 5, 5, 5, 5, 5, 5, 5, 5, 5, 5, 5, 5, 5, 5, 5, 5, 5, 5, 5, 5, 5, 5, 5, 5]",5.0,"[32.976470588235294, 32.976470588235294, 32.976470588235294, 32.976470588235294, 33.0, 32.98823529411764, 32.976470588235294, 32.98823529411764, 32.95294117647059, 32.964705882352945, 32.976470588235294, 32.98823529411764, 32.964705882352945, 32.98823529411764, 32.95294117647059, 32.964705882352945, 32.94117647058823, 32.98823529411764, 32.964705882352945, 32.98823529411764, 32.98823529411764, 32.976470588235294, 32.98823529411764, 32.976470588235294, 32.98823529411764, 32.976470588235294, 32.976470588235294, 32.976470588235294, 32.92941176470588, 32.964705882352945, 32.964705882352945, 32.976470588235294, 32.964705882352945, 32.976470588235294, 32.98823529411764, 32.976470588235294, 32.976470588235294, 32.98823529411764, 32.964705882352945, 32.98823529411764, 32.98823529411764, 32.976470588235294, 32.976470588235294, 32.976470588235294, 32.964705882352945, 32.98823529411764, 32.98823529411764, 32.98823529411764, 32.95294117647059, 32.94117647058823, 32.95294117647059, 32.92941176470588, 32.976470588235294, 32.98823529411764, 32.98823529411764, 32.98823529411764, 32.976470588235294, 32.94117647058823, 32.92941176470588, 32.95294117647059, 32.964705882352945, 32.95294117647059, 32.94117647058823, 32.94117647058823, 32.98823529411764, 31.96470588235294, 30.95294117647059, 28.976470588235294, 26.976470588235294, 23.976470588235294, 21.976470588235294, 19.95294117647059, 18.96470588235294, 16.96470588235294, 15.964705882352941, 14.964705882352941, 13.976470588235294, 13.0, 11.988235294117647, 11.988235294117647, 10.0, 9.976470588235294, 9.988235294117647, 9.964705882352941, 10.0, 9.988235294117647, 9.988235294117647, 10.0, 10.0, 10.0, 10.0, 9.988235294117647, 10.0, 10.0, 9.0, 8.988235294117647, 8.988235294117647, 8.988235294117647, 8.988235294117647, 9.0, 8.988235294117647, 8.976470588235294, 8.0, 7.0, 6.0, 6.0, 5.976470588235294, 6.0, 5.988235294117647, 5.976470588235294, 6.0, 5.988235294117647, 5.976470588235294, 6.0, 6.0, 6.0, 5.988235294117647, 6.0, 5.988235294117647, 5.988235294117647, 6.0, 6.0, 5.976470588235294, 5.988235294117647, 6.0, 6.0, 5.976470588235294, 6.0, 6.0, 6.0, 6.0, 5.0, 5.0, 5.0, 4.988235294117647, 5.0, 5.0, 4.976470588235294, 4.976470588235294, 5.0, 4.988235294117647, 4.976470588235294, 5.0, 4.988235294117647, 5.0, 4.988235294117647, 4.988235294117647, 5.0, 5.0, 4.988235294117647, 5.0, 4.988235294117647, 4.988235294117647, 5.0, 5.0, 5.0, 5.0, 5.0, 5.0, 4.988235294117647, 5.0, 4.988235294117647, 4.988235294117647, 4.988235294117647, 4.976470588235294, 5.0, 5.0, 5.0, 4.976470588235294, 4.988235294117647, 4.976470588235294, 5.0, 5.0, 4.988235294117647, 4.988235294117647, 4.988235294117647, 5.0, 5.0, 5.0, 5.0]",0.7187600624179526,0.7389058494673519,5,"[33, 33, 33, 33, 33, 33, 33, 33, 33, 33, 33, 33, 33, 33, 33, 33, 33, 33, 33, 33, 33, 33, 33, 33, 33, 33, 33, 33, 33, 33, 33, 33, 33, 33, 33, 33, 33, 33, 33, 33, 33, 33, 33, 33, 33, 33, 33, 33, 33, 33, 33, 33, 33, 33, 33, 33, 33, 33, 33, 33, 33, 33, 33, 33, 33, 32, 31, 29, 27, 24, 22, 20, 19, 17, 16, 15, 14, 13, 12, 12, 10, 10, 10, 10, 10, 10, 10, 10, 10, 10, 10, 10, 10, 10, 9, 9, 9, 9, 9, 9, 9, 9, 8, 7, 6, 6, 6, 6, 6, 6, 6, 6, 6, 6, 6, 6, 6, 6, 6, 6, 6, 6, 6, 6, 6, 6, 6, 6, 6, 6, 6, 5, 5, 5, 5, 5, 5, 5, 5, 5, 5, 5, 5, 5, 5, 5, 5, 5, 5, 5, 5, 5, 5, 5, 5, 5, 5, 5, 5, 5, 5, 5, 5, 5, 5, 5, 5, 5, 5, 5, 5, 5, 5, 5, 5, 5, 5, 5, 5, 5]",180,"[0.7115328907966614, 0.6964032649993896, 0.6825920343399048, 0.670234739780426, 0.6598603129386902, 0.648043155670166, 0.6386121511459351, 0.6287038326263428, 0.619337797164917, 0.6091148853302002, 0.6022786498069763, 0.5981789827346802, 0.5840288400650024, 0.5776512026786804, 0.5686584711074829, 0.5612562298774719, 0.5539392232894897, 0.5492550730705261, 0.5405275821685791, 0.5344634652137756, 0.5359333753585815, 0.5219631791114807, 0.5165259838104248, 0.5102431178092957, 0.5064811110496521, 0.4994335174560547, 0.4949946999549866, 0.49018073081970215, 0.4852607250213623, 0.4799206852912903, 0.47887036204338074, 0.471101313829422, 0.46730363368988037, 0.4629269540309906, 0.45898959040641785, 0.4562413692474365, 0.45168277621269226, 0.451608806848526, 0.44441893696784973, 0.4413715600967407, 0.43777865171432495, 0.4361514747142792, 0.4317772686481476, 0.4292941987514496, 0.4278719425201416, 0.4252980053424835, 0.4208337068557739, 0.41774094104766846, 0.4152502715587616, 0.4141433835029602, 0.4105816185474396, 0.4085189402103424, 0.4059528410434723, 0.40413013100624084, 0.401741623878479, 0.40116989612579346, 0.39812132716178894, 0.39595577120780945, 0.3939162492752075, 0.3920426666736603, 0.3910701274871826, 0.395000159740448, 0.3872315287590027, 0.3865991234779358, 0.3839237689971924, 0.3828238248825073, 0.3781019151210785, 0.37602850794792175, 0.3714270293712616, 0.36803290247917175, 0.3679002523422241, 0.3687860369682312, 0.3638002872467041, 0.36013177037239075, 0.3605624735355377, 0.3594307005405426, 0.35673069953918457, 0.36192959547042847, 0.35971614718437195, 0.35878729820251465, 0.3555578589439392, 0.35703712701797485, 0.3548196852207184, 0.35497501492500305, 0.353471577167511, 0.3529702425003052, 0.35271087288856506, 0.353291392326355, 0.3517899215221405, 0.3522166907787323, 0.3511761426925659, 0.3534570634365082, 0.3509068191051483, 0.350321501493454, 0.3525441884994507, 0.3559555113315582, 0.35214465856552124, 0.35198527574539185, 0.35427266359329224, 0.35240063071250916, 0.3513985872268677, 0.3522302210330963, 0.35384219884872437, 0.3516293466091156, 0.35553401708602905, 0.35523685812950134, 0.35491371154785156, 0.3569425940513611, 0.35422948002815247, 0.3540804982185364, 0.3539068102836609, 0.35331371426582336, 0.35353511571884155, 0.35372814536094666, 0.3547057807445526, 0.35460054874420166, 0.352741003036499, 0.3528108298778534, 0.3521852195262909, 0.35204875469207764, 0.35342639684677124, 0.3519173860549927, 0.35218945145606995, 0.3521140217781067, 0.3526679277420044, 0.35128194093704224, 0.3511869013309479, 0.3514019846916199, 0.35111838579177856, 0.35195326805114746, 0.35182395577430725, 0.3660421669483185, 0.36755016446113586, 0.36607399582862854, 0.36833706498146057, 0.3688502013683319, 0.3670184314250946, 0.3666996657848358, 0.36544254422187805, 0.3654082417488098, 0.365822434425354, 0.36513596773147583, 0.36561593413352966, 0.3651410937309265, 0.36685431003570557, 0.36713916063308716, 0.3700776994228363, 0.36737632751464844, 0.3649527430534363, 0.36576175689697266, 0.3645775616168976, 0.3650546967983246, 0.3643384277820587, 0.36452051997184753, 0.3645972013473511, 0.3674251139163971, 0.36821022629737854, 0.3646731674671173, 0.36385536193847656, 0.3641718029975891, 0.363993763923645, 0.3659606873989105, 0.36567574739456177, 0.3657410144805908, 0.3650352358818054, 0.3645894229412079, 0.3636492192745209, 0.3641824722290039, 0.3632960915565491, 0.3635575473308563, 0.3640199601650238, 0.3630475699901581, 0.3629838228225708, 0.36438122391700745, 0.364157110452652, 0.3628791570663452, 0.36374375224113464, 0.3630756139755249, 0.36338168382644653, 0.3626960515975952]",5.0,"[33.0, 33.0, 33.0, 33.0, 33.0, 33.0, 33.0, 33.0, 33.0, 33.0, 33.0, 33.0, 33.0, 33.0, 33.0, 33.0, 33.0, 33.0, 33.0, 33.0, 33.0, 33.0, 33.0, 33.0, 33.0, 33.0, 33.0, 33.0, 33.0, 33.0, 33.0, 33.0, 33.0, 33.0, 33.0, 33.0, 33.0, 33.0, 33.0, 33.0, 33.0, 33.0, 33.0, 33.0, 33.0, 33.0, 33.0, 33.0, 33.0, 33.0, 33.0, 33.0, 33.0, 33.0, 33.0, 33.0, 33.0, 33.0, 33.0, 33.0, 33.0, 33.0, 33.0, 33.0, 33.0, 32.0, 31.0, 29.0, 27.0, 24.0, 22.0, 20.0, 19.0, 17.0, 16.0, 15.0, 14.0, 13.0, 12.0, 12.0, 10.0, 10.0, 10.0, 10.0, 10.0, 10.0, 10.0, 10.0, 10.0, 10.0, 10.0, 10.0, 10.0, 10.0, 9.0, 9.0, 9.0, 9.0, 9.0, 9.0, 9.0, 9.0, 8.0, 7.0, 6.0, 6.0, 6.0, 6.0, 6.0, 6.0, 6.0, 6.0, 6.0, 6.0, 6.0, 6.0, 6.0, 6.0, 6.0, 6.0, 6.0, 6.0, 6.0, 6.0, 6.0, 6.0, 6.0, 6.0, 6.0, 6.0, 6.0, 5.0, 5.0, 5.0, 5.0, 5.0, 5.0, 5.0, 5.0, 5.0, 5.0, 5.0, 5.0, 5.0, 5.0, 5.0, 5.0, 5.0, 5.0, 5.0, 5.0, 5.0, 5.0, 5.0, 5.0, 5.0, 5.0, 5.0, 5.0, 5.0, 5.0, 5.0, 5.0, 5.0, 5.0, 5.0, 5.0, 5.0, 5.0, 5.0, 5.0, 5.0, 5.0, 5.0, 5.0, 5.0, 5.0, 5.0, 5.0, 5.0]",COMPLETE
156,156,0.5487305329056691,2024-08-31 07:01:58.133855,2024-08-31 07:02:22.101566,0 days 00:00:23.967711,4,0.4371238838758933,1,115,0.01185637182291347,35,0.0020203469649115067,0.86,0.86625,1,"[33, 33, 32, 19, 10, 7, 3, 3, 3, 3, 3, 3, 3, 3, 3, 3, 3, 3, 3, 2, 2, 2, 2, 1, 1, 1, 1, 1, 1, 1, 1, 1, 1, 1, 1, 1, 1, 1, 1, 1, 1, 1, 1, 1, 1, 1, 1, 1, 1, 1, 1, 1, 1, 1, 1, 1, 1, 1, 1, 1, 1, 1, 1, 1, 1, 1, 1, 1, 1, 1, 1, 1, 1, 1, 1, 1, 1, 1, 1, 1, 1, 1, 1, 1, 1, 1, 1, 1, 1, 1, 1, 1, 1, 1, 1, 1, 1, 1, 1, 1, 1, 1, 1, 1, 1, 1, 1, 1, 1, 1, 1, 1, 1, 1, 1]",1.0,"[33.0, 33.0, 32.0, 19.0, 10.0, 7.0, 3.0, 3.0, 3.0, 3.0, 3.0, 3.0, 3.0, 3.0, 3.0, 3.0, 3.0, 3.0, 3.0, 2.0, 2.0, 2.0, 2.0, 1.0, 1.0, 1.0, 1.0, 1.0, 1.0, 1.0, 1.0, 1.0, 1.0, 1.0, 1.0, 1.0, 1.0, 1.0, 1.0, 1.0, 1.0, 1.0, 1.0, 1.0, 1.0, 1.0, 1.0, 1.0, 1.0, 1.0, 1.0, 1.0, 1.0, 1.0, 1.0, 1.0, 1.0, 1.0, 1.0, 1.0, 1.0, 1.0, 1.0, 1.0, 1.0, 1.0, 1.0, 1.0, 1.0, 1.0, 1.0, 1.0, 1.0, 1.0, 1.0, 1.0, 1.0, 1.0, 1.0, 1.0, 1.0, 1.0, 1.0, 1.0, 1.0, 1.0, 1.0, 1.0, 1.0, 1.0, 1.0, 1.0, 1.0, 1.0, 1.0, 1.0, 1.0, 1.0, 1.0, 1.0, 1.0, 1.0, 1.0, 1.0, 1.0, 1.0, 1.0, 1.0, 1.0, 1.0, 1.0, 1.0, 1.0, 1.0, 1.0]",0.530222343315252,0.5487305329056691,1,"[33, 33, 32, 19, 10, 7, 3, 3, 3, 3, 3, 3, 3, 3, 3, 3, 3, 3, 3, 2, 2, 2, 2, 1, 1, 1, 1, 1, 1, 1, 1, 1, 1, 1, 1, 1, 1, 1, 1, 1, 1, 1, 1, 1, 1, 1, 1, 1, 1, 1, 1, 1, 1, 1, 1, 1, 1, 1, 1, 1, 1, 1, 1, 1, 1, 1, 1, 1, 1, 1, 1, 1, 1, 1, 1, 1, 1, 1, 1, 1, 1, 1, 1, 1, 1, 1, 1, 1, 1, 1, 1, 1, 1, 1, 1, 1, 1, 1, 1, 1, 1, 1, 1, 1, 1, 1, 1, 1, 1, 1, 1, 1, 1, 1, 1]",115,"[0.3776100277900696, 0.37999552488327026, 0.3642694354057312, 0.35066670179367065, 0.3695342242717743, 0.33740463852882385, 0.5460034012794495, 0.36398306488990784, 0.6730745434761047, 0.3518912196159363, 0.3520970940589905, 0.35189005732536316, 0.4375859200954437, 0.3555952310562134, 0.4535398483276367, 0.37905585765838623, 0.35633862018585205, 0.36815589666366577, 0.3588230609893799, 0.3752500116825104, 0.3835545778274536, 0.42435795068740845, 0.37543612718582153, 0.44092774391174316, 0.4360501766204834, 0.4448262155056, 0.39895060658454895, 0.39896735548973083, 0.4233742952346802, 0.39995720982551575, 0.6129851341247559, 0.44271835684776306, 0.4075014591217041, 0.5041252374649048, 0.39982539415359497, 0.4061638116836548, 0.3979784846305847, 0.39514607191085815, 0.4803728461265564, 0.3929785490036011, 0.4172121286392212, 0.4329219162464142, 0.4413618743419647, 0.5727766156196594, 0.41146451234817505, 0.6702635884284973, 0.4015592634677887, 0.39727848768234253, 0.39548614621162415, 0.4159538745880127, 0.525104284286499, 0.4261711835861206, 0.42267823219299316, 0.4081328213214874, 0.41201168298721313, 0.429935097694397, 0.3994736075401306, 0.48573657870292664, 0.40765929222106934, 0.40207213163375854, 0.534907877445221, 0.39260730147361755, 0.5332916378974915, 0.3920160233974457, 0.3925688564777374, 0.47030770778656006, 0.3992573618888855, 0.39321860671043396, 0.39270198345184326, 0.39649736881256104, 0.4392598867416382, 0.4781522750854492, 0.4548809826374054, 0.457895427942276, 0.6149882674217224, 0.4004596769809723, 0.4274488687515259, 0.396575003862381, 0.46390944719314575, 0.4294922947883606, 0.6762553453445435, 0.39287662506103516, 0.5174456238746643, 0.41760489344596863, 0.6424549221992493, 0.46131545305252075, 0.47634652256965637, 0.39206835627555847, 0.3928689956665039, 0.4020726680755615, 0.5020308494567871, 0.4072399139404297, 0.41181209683418274, 0.39568352699279785, 0.41513216495513916, 0.42376652359962463, 0.40188175439834595, 0.41955074667930603, 0.5972139239311218, 0.41439780592918396, 0.43972256779670715, 0.5434908866882324, 0.745018482208252, 0.3993203639984131, 0.4238711893558502, 0.4612484872341156, 0.39218130707740784, 0.39570730924606323, 0.39472293853759766, 0.40562477707862854, 0.5548965334892273, 0.43772754073143005, 0.5026623010635376, 0.4531596899032593, 0.3951198160648346]",1.0,"[33.0, 33.0, 32.0, 19.0, 10.0, 7.0, 3.0, 3.0, 3.0, 3.0, 3.0, 3.0, 3.0, 3.0, 3.0, 3.0, 3.0, 3.0, 3.0, 2.0, 2.0, 2.0, 2.0, 1.0, 1.0, 1.0, 1.0, 1.0, 1.0, 1.0, 1.0, 1.0, 1.0, 1.0, 1.0, 1.0, 1.0, 1.0, 1.0, 1.0, 1.0, 1.0, 1.0, 1.0, 1.0, 1.0, 1.0, 1.0, 1.0, 1.0, 1.0, 1.0, 1.0, 1.0, 1.0, 1.0, 1.0, 1.0, 1.0, 1.0, 1.0, 1.0, 1.0, 1.0, 1.0, 1.0, 1.0, 1.0, 1.0, 1.0, 1.0, 1.0, 1.0, 1.0, 1.0, 1.0, 1.0, 1.0, 1.0, 1.0, 1.0, 1.0, 1.0, 1.0, 1.0, 1.0, 1.0, 1.0, 1.0, 1.0, 1.0, 1.0, 1.0, 1.0, 1.0, 1.0, 1.0, 1.0, 1.0, 1.0, 1.0, 1.0, 1.0, 1.0, 1.0, 1.0, 1.0, 1.0, 1.0, 1.0, 1.0, 1.0, 1.0, 1.0, 1.0]",COMPLETE
