,number,value,datetime_start,datetime_complete,duration,params_batch_size_scaler,params_constant_learning_rate,params_depth,params_epochs,params_kernel_l2,params_num_trees,params_temperature,user_attrs_accuracy_test,user_attrs_accuracy_valid,user_attrs_approximate_feature_sparsity,user_attrs_approximate_feature_sparsity_history,user_attrs_approximate_weight_sparsity,user_attrs_approximate_weight_sparsity_history,user_attrs_auc_test,user_attrs_auc_valid,user_attrs_feature_sparsity,user_attrs_feature_sparsity_history,user_attrs_num_epochs,user_attrs_val_loss_history,user_attrs_weight_sparsity,user_attrs_weight_sparsity_history,state
113,113,0.5,2024-08-31 04:58:48.136714,2024-08-31 05:03:10.932759,0 days 00:04:22.796045,16,0.8225651722057066,6,365,0.009748851897811396,29,0.02372926375047396,0.859,0.85875,0,"[33, 1, 0, 0, 0, 0, 0, 0, 0, 0, 0, 0, 0, 0, 0, 0, 0, 0, 0, 0, 0, 0, 0, 0, 0, 0, 0, 0, 0, 0, 0, 0, 0, 0, 0, 0, 0, 0, 0, 0, 0, 0, 0, 0, 0, 0, 0, 0, 0, 0, 0, 0, 0, 0, 0, 0, 0, 0, 0, 0, 0, 0, 0, 0, 0, 0, 0, 0, 0, 0, 0, 0, 0, 0, 0, 0, 0, 0, 0, 0, 0, 0, 0, 0, 0, 0, 0, 0, 0, 0, 0, 0, 0, 0, 0, 0, 0, 0, 0, 0, 0, 0, 0, 0, 0, 0, 0, 0, 0, 0, 0, 0, 0, 0, 0, 0, 0, 0, 0, 0, 0, 0, 0, 0, 0, 0, 0, 0, 0, 0, 0, 0, 0, 0, 0, 0, 0, 0, 0, 0, 0, 0, 0, 0, 0, 0, 0, 0, 0, 0, 0, 0, 0, 0, 0, 0, 0, 0, 0, 0, 0, 0, 0, 0, 0, 0, 0, 0, 0, 0, 0, 0, 0, 0, 0, 0, 0, 0, 0, 0, 0, 0, 0, 0, 0, 0, 0, 0, 0, 0, 0, 0, 0, 0, 0, 0, 0, 0, 0, 0, 0, 0, 0, 0, 0, 0, 0, 0, 0, 0, 0, 0, 0, 0, 0, 0, 0, 0, 0, 0, 0, 0, 0, 0, 0, 0, 0, 0, 0, 0, 0, 0, 0, 0, 0, 0, 0, 0, 0, 0, 0, 0, 0, 0, 0, 0, 0, 0, 0, 0, 0, 0, 0, 0, 0, 0, 0, 0, 0, 0, 0, 0, 0, 0, 0, 0, 0, 0, 0, 0, 0, 0, 0, 0, 0, 0, 0, 0, 0, 0, 0, 0, 0, 0, 0, 0, 0, 0, 0, 0, 0, 0, 0, 0, 0, 0, 0, 0, 0, 0, 0, 0, 0, 0, 0, 0, 0, 0, 0, 0, 0, 0, 0, 0, 0, 0, 0, 0, 0, 0, 0, 0, 0, 0, 0, 0, 0, 0, 0, 0, 0, 0, 0, 0, 0, 0, 0, 0, 0, 0, 0, 0, 0, 0, 0, 0, 0, 0, 0, 0, 0, 0, 0, 0, 0, 0, 0, 0, 0, 0, 0, 0, 0, 0, 0]",0.0,"[32.94143404488232, 0.9994526546250684, 0.0, 0.0, 0.0, 0.0, 0.0, 0.0, 0.0, 0.0, 0.0, 0.0, 0.0, 0.0, 0.0, 0.0, 0.0, 0.0, 0.0, 0.0, 0.0, 0.0, 0.0, 0.0, 0.0, 0.0, 0.0, 0.0, 0.0, 0.0, 0.0, 0.0, 0.0, 0.0, 0.0, 0.0, 0.0, 0.0, 0.0, 0.0, 0.0, 0.0, 0.0, 0.0, 0.0, 0.0, 0.0, 0.0, 0.0, 0.0, 0.0, 0.0, 0.0, 0.0, 0.0, 0.0, 0.0, 0.0, 0.0, 0.0, 0.0, 0.0, 0.0, 0.0, 0.0, 0.0, 0.0, 0.0, 0.0, 0.0, 0.0, 0.0, 0.0, 0.0, 0.0, 0.0, 0.0, 0.0, 0.0, 0.0, 0.0, 0.0, 0.0, 0.0, 0.0, 0.0, 0.0, 0.0, 0.0, 0.0, 0.0, 0.0, 0.0, 0.0, 0.0, 0.0, 0.0, 0.0, 0.0, 0.0, 0.0, 0.0, 0.0, 0.0, 0.0, 0.0, 0.0, 0.0, 0.0, 0.0, 0.0, 0.0, 0.0, 0.0, 0.0, 0.0, 0.0, 0.0, 0.0, 0.0, 0.0, 0.0, 0.0, 0.0, 0.0, 0.0, 0.0, 0.0, 0.0, 0.0, 0.0, 0.0, 0.0, 0.0, 0.0, 0.0, 0.0, 0.0, 0.0, 0.0, 0.0, 0.0, 0.0, 0.0, 0.0, 0.0, 0.0, 0.0, 0.0, 0.0, 0.0, 0.0, 0.0, 0.0, 0.0, 0.0, 0.0, 0.0, 0.0, 0.0, 0.0, 0.0, 0.0, 0.0, 0.0, 0.0, 0.0, 0.0, 0.0, 0.0, 0.0, 0.0, 0.0, 0.0, 0.0, 0.0, 0.0, 0.0, 0.0, 0.0, 0.0, 0.0, 0.0, 0.0, 0.0, 0.0, 0.0, 0.0, 0.0, 0.0, 0.0, 0.0, 0.0, 0.0, 0.0, 0.0, 0.0, 0.0, 0.0, 0.0, 0.0, 0.0, 0.0, 0.0, 0.0, 0.0, 0.0, 0.0, 0.0, 0.0, 0.0, 0.0, 0.0, 0.0, 0.0, 0.0, 0.0, 0.0, 0.0, 0.0, 0.0, 0.0, 0.0, 0.0, 0.0, 0.0, 0.0, 0.0, 0.0, 0.0, 0.0, 0.0, 0.0, 0.0, 0.0, 0.0, 0.0, 0.0, 0.0, 0.0, 0.0, 0.0, 0.0, 0.0, 0.0, 0.0, 0.0, 0.0, 0.0, 0.0, 0.0, 0.0, 0.0, 0.0, 0.0, 0.0, 0.0, 0.0, 0.0, 0.0, 0.0, 0.0, 0.0, 0.0, 0.0, 0.0, 0.0, 0.0, 0.0, 0.0, 0.0, 0.0, 0.0, 0.0, 0.0, 0.0, 0.0, 0.0, 0.0, 0.0, 0.0, 0.0, 0.0, 0.0, 0.0, 0.0, 0.0, 0.0, 0.0, 0.0, 0.0, 0.0, 0.0, 0.0, 0.0, 0.0, 0.0, 0.0, 0.0, 0.0, 0.0, 0.0, 0.0, 0.0, 0.0, 0.0, 0.0, 0.0, 0.0, 0.0, 0.0, 0.0, 0.0, 0.0, 0.0, 0.0, 0.0, 0.0, 0.0, 0.0, 0.0, 0.0, 0.0, 0.0, 0.0, 0.0, 0.0, 0.0, 0.0, 0.0, 0.0, 0.0, 0.0, 0.0, 0.0, 0.0, 0.0, 0.0, 0.0, 0.0, 0.0, 0.0, 0.0, 0.0, 0.0, 0.0, 0.0, 0.0, 0.0, 0.0, 0.0, 0.0, 0.0, 0.0, 0.0, 0.0, 0.0, 0.0, 0.0, 0.0, 0.0, 0.0, 0.0, 0.0, 0.0]",0.5,0.5,0,"[33, 1, 0, 0, 0, 0, 0, 0, 0, 0, 0, 0, 0, 0, 0, 0, 0, 0, 0, 0, 0, 0, 0, 0, 0, 0, 0, 0, 0, 0, 0, 0, 0, 0, 0, 0, 0, 0, 0, 0, 0, 0, 0, 0, 0, 0, 0, 0, 0, 0, 0, 0, 0, 0, 0, 0, 0, 0, 0, 0, 0, 0, 0, 0, 0, 0, 0, 0, 0, 0, 0, 0, 0, 0, 0, 0, 0, 0, 0, 0, 0, 0, 0, 0, 0, 0, 0, 0, 0, 0, 0, 0, 0, 0, 0, 0, 0, 0, 0, 0, 0, 0, 0, 0, 0, 0, 0, 0, 0, 0, 0, 0, 0, 0, 0, 0, 0, 0, 0, 0, 0, 0, 0, 0, 0, 0, 0, 0, 0, 0, 0, 0, 0, 0, 0, 0, 0, 0, 0, 0, 0, 0, 0, 0, 0, 0, 0, 0, 0, 0, 0, 0, 0, 0, 0, 0, 0, 0, 0, 0, 0, 0, 0, 0, 0, 0, 0, 0, 0, 0, 0, 0, 0, 0, 0, 0, 0, 0, 0, 0, 0, 0, 0, 0, 0, 0, 0, 0, 0, 0, 0, 0, 0, 0, 0, 0, 0, 0, 0, 0, 0, 0, 0, 0, 0, 0, 0, 0, 0, 0, 0, 0, 0, 0, 0, 0, 0, 0, 0, 0, 0, 0, 0, 0, 0, 0, 0, 0, 0, 0, 0, 0, 0, 0, 0, 0, 0, 0, 0, 0, 0, 0, 0, 0, 0, 0, 0, 0, 0, 0, 0, 0, 0, 0, 0, 0, 0, 0, 0, 0, 0, 0, 0, 0, 0, 0, 0, 0, 0, 0, 0, 0, 0, 0, 0, 0, 0, 0, 0, 0, 0, 0, 0, 0, 0, 0, 0, 0, 0, 0, 0, 0, 0, 0, 0, 0, 0, 0, 0, 0, 0, 0, 0, 0, 0, 0, 0, 0, 0, 0, 0, 0, 0, 0, 0, 0, 0, 0, 0, 0, 0, 0, 0, 0, 0, 0, 0, 0, 0, 0, 0, 0, 0, 0, 0, 0, 0, 0, 0, 0, 0, 0, 0, 0, 0, 0, 0, 0, 0, 0, 0, 0, 0, 0, 0, 0, 0, 0, 0, 0, 0, 0, 0, 0, 0]",365,"[0.3958328366279602, 0.4032856822013855, 0.407388299703598, 0.40724292397499084, 0.4072830080986023, 0.4072284698486328, 0.40723156929016113, 0.4072457551956177, 0.40724217891693115, 0.4072836935520172, 0.4072906970977783, 0.40728989243507385, 0.40722692012786865, 0.40723177790641785, 0.40736234188079834, 0.4072326421737671, 0.40722620487213135, 0.40722915530204773, 0.407230019569397, 0.4072338044643402, 0.40722981095314026, 0.4072287082672119, 0.40738165378570557, 0.40723028779029846, 0.40729495882987976, 0.4072350263595581, 0.4072512090206146, 0.4072878956794739, 0.4072682857513428, 0.4072610139846802, 0.40723171830177307, 0.4072306454181671, 0.40723925828933716, 0.4072269797325134, 0.4072567820549011, 0.40723705291748047, 0.40726426243782043, 0.40722617506980896, 0.40726593136787415, 0.4072316288948059, 0.40723174810409546, 0.40727078914642334, 0.40726611018180847, 0.40723949670791626, 0.4072425365447998, 0.4072524905204773, 0.4072342813014984, 0.4072272479534149, 0.4072812795639038, 0.40726539492607117, 0.4073987305164337, 0.40723955631256104, 0.40731602907180786, 0.40722882747650146, 0.4072265326976776, 0.4073244333267212, 0.40722647309303284, 0.4072336256504059, 0.40723785758018494, 0.40726813673973083, 0.407235711812973, 0.4072408676147461, 0.4072442650794983, 0.4072359800338745, 0.40722957253456116, 0.40727517008781433, 0.4072457551956177, 0.4072895348072052, 0.4072270095348358, 0.4072341024875641, 0.4072291851043701, 0.4072262644767761, 0.40722930431365967, 0.40724945068359375, 0.4072273373603821, 0.4072275459766388, 0.4072398245334625, 0.4072352349758148, 0.40722617506980896, 0.40723228454589844, 0.4072575271129608, 0.40724343061447144, 0.40727099776268005, 0.4072960317134857, 0.4072296917438507, 0.4072269797325134, 0.40723133087158203, 0.4072420001029968, 0.40722981095314026, 0.407237708568573, 0.40724629163742065, 0.40724241733551025, 0.4072262942790985, 0.4073207974433899, 0.40722644329071045, 0.4072534143924713, 0.4072399437427521, 0.40743404626846313, 0.40723979473114014, 0.40728968381881714, 0.40725767612457275, 0.40723687410354614, 0.4072290360927582, 0.40727776288986206, 0.40722885727882385, 0.4072314202785492, 0.40734535455703735, 0.40733832120895386, 0.4073012173175812, 0.4072744846343994, 0.4072670042514801, 0.40724217891693115, 0.40722617506980896, 0.40722644329071045, 0.4072457551956177, 0.4072452187538147, 0.40723007917404175, 0.4072602391242981, 0.40722617506980896, 0.40726107358932495, 0.40737399458885193, 0.4072265326976776, 0.40732795000076294, 0.4073401391506195, 0.4072313606739044, 0.40722620487213135, 0.40729308128356934, 0.4072412848472595, 0.4072328805923462, 0.40725722908973694, 0.4073684811592102, 0.4072403013706207, 0.4072600305080414, 0.4073474109172821, 0.4072337746620178, 0.40727850794792175, 0.40723365545272827, 0.40722617506980896, 0.40723034739494324, 0.40739142894744873, 0.40725192427635193, 0.40732696652412415, 0.407318115234375, 0.4072314202785492, 0.4072384238243103, 0.407336950302124, 0.4072689414024353, 0.40729087591171265, 0.40722694993019104, 0.4072808027267456, 0.4073706865310669, 0.4072265923023224, 0.4073311686515808, 0.4072282314300537, 0.40722617506980896, 0.407265305519104, 0.4072267413139343, 0.407227098941803, 0.40723660588264465, 0.4072261154651642, 0.4072292745113373, 0.4073047935962677, 0.4073146879673004, 0.40723660588264465, 0.407231867313385, 0.4072265326976776, 0.40725383162498474, 0.4072282314300537, 0.40728694200515747, 0.4072524607181549, 0.40726903080940247, 0.4072304964065552, 0.40722617506980896, 0.4074118137359619, 0.40723636746406555, 0.4072270095348358, 0.4072873592376709, 0.4072265625, 0.40722620487213135, 0.40731281042099, 0.4073861241340637, 0.4072321355342865, 0.4072265326976776, 0.40722694993019104, 0.40729373693466187, 0.40724486112594604, 0.4073093831539154, 0.4072878658771515, 0.4072987735271454, 0.40723755955696106, 0.4072261154651642, 0.40723636746406555, 0.40728744864463806, 0.40723952651023865, 0.4072268307209015, 0.407250314950943, 0.4072268009185791, 0.40723374485969543, 0.4072416424751282, 0.4072425961494446, 0.4072568118572235, 0.4072321653366089, 0.40740689635276794, 0.40722712874412537, 0.407296359539032, 0.4072309136390686, 0.40722763538360596, 0.40725889801979065, 0.4072301387786865, 0.40722617506980896, 0.40722671151161194, 0.4072418212890625, 0.4072272777557373, 0.40725868940353394, 0.40725284814834595, 0.4072302281856537, 0.4072772264480591, 0.4072319269180298, 0.4072311818599701, 0.4072350263595581, 0.40728628635406494, 0.4072352945804596, 0.4072461426258087, 0.4073486328125, 0.40724441409111023, 0.40725862979888916, 0.4073149859905243, 0.4072715640068054, 0.40722742676734924, 0.4072290360927582, 0.40724122524261475, 0.4072262942790985, 0.40727683901786804, 0.40722671151161194, 0.40723279118537903, 0.4072355628013611, 0.40731924772262573, 0.4072953462600708, 0.40722817182540894, 0.4072493314743042, 0.4072307348251343, 0.40723666548728943, 0.4072277545928955, 0.40722987055778503, 0.40727561712265015, 0.40723857283592224, 0.4072374105453491, 0.40724867582321167, 0.4072299897670746, 0.4072403609752655, 0.4072679579257965, 0.40731167793273926, 0.40725377202033997, 0.4073121249675751, 0.4072500169277191, 0.4072262644767761, 0.40722665190696716, 0.40728163719177246, 0.4072297215461731, 0.40722641348838806, 0.40725794434547424, 0.40722790360450745, 0.4072328507900238, 0.4072265625, 0.4072262942790985, 0.4072399139404297, 0.40723296999931335, 0.40724918246269226, 0.4072345793247223, 0.4072296619415283, 0.40734007954597473, 0.40723714232444763, 0.4072475731372833, 0.4073837995529175, 0.40731704235076904, 0.40729793906211853, 0.4072261452674866, 0.40724650025367737, 0.4072677195072174, 0.4072422385215759, 0.40723007917404175, 0.4072328209877014, 0.40725570917129517, 0.4072261452674866, 0.4072457551956177, 0.4072272479534149, 0.4072346091270447, 0.40723052620887756, 0.40724456310272217, 0.4072996973991394, 0.40730535984039307, 0.40722715854644775, 0.4072263836860657, 0.40722811222076416, 0.40722668170928955, 0.40722694993019104, 0.4072592854499817, 0.40722617506980896, 0.407236248254776, 0.40723350644111633, 0.4072287678718567, 0.4072262644767761, 0.4072527587413788, 0.40724071860313416, 0.4072261452674866, 0.4072750210762024, 0.4073297381401062, 0.40727463364601135, 0.4073140621185303, 0.40723690390586853, 0.40722617506980896, 0.4072306454181671, 0.40723246335983276, 0.40728965401649475, 0.4072657823562622, 0.40722617506980896, 0.40727072954177856, 0.4072362184524536, 0.4072348475456238, 0.4072840213775635, 0.4072325527667999, 0.4072272777557373, 0.407227098941803, 0.40724918246269226, 0.4072445333003998, 0.4072537124156952, 0.40722817182540894, 0.4072306454181671, 0.40728455781936646, 0.4072423279285431, 0.4073318839073181, 0.40722641348838806, 0.40722665190696716, 0.4072427749633789, 0.4073113203048706, 0.4073559641838074, 0.40722694993019104, 0.40727537870407104, 0.40724050998687744, 0.4072791337966919, 0.4073466956615448, 0.40729376673698425, 0.40727752447128296, 0.4072349965572357, 0.4072262644767761, 0.4072290360927582, 0.4073900878429413, 0.40724068880081177, 0.40722861886024475, 0.4072333574295044, 0.4073159396648407, 0.40722620487213135, 0.4072486460208893, 0.40722787380218506, 0.40734049677848816, 0.4072284698486328, 0.40723419189453125, 0.4072984755039215, 0.40725982189178467, 0.4072301387786865, 0.4072592854499817, 0.4072376489639282, 0.40725651383399963, 0.40728941559791565, 0.4072580635547638]",0.0,"[33.0, 1.0, 0.0, 0.0, 0.0, 0.0, 0.0, 0.0, 0.0, 0.0, 0.0, 0.0, 0.0, 0.0, 0.0, 0.0, 0.0, 0.0, 0.0, 0.0, 0.0, 0.0, 0.0, 0.0, 0.0, 0.0, 0.0, 0.0, 0.0, 0.0, 0.0, 0.0, 0.0, 0.0, 0.0, 0.0, 0.0, 0.0, 0.0, 0.0, 0.0, 0.0, 0.0, 0.0, 0.0, 0.0, 0.0, 0.0, 0.0, 0.0, 0.0, 0.0, 0.0, 0.0, 0.0, 0.0, 0.0, 0.0, 0.0, 0.0, 0.0, 0.0, 0.0, 0.0, 0.0, 0.0, 0.0, 0.0, 0.0, 0.0, 0.0, 0.0, 0.0, 0.0, 0.0, 0.0, 0.0, 0.0, 0.0, 0.0, 0.0, 0.0, 0.0, 0.0, 0.0, 0.0, 0.0, 0.0, 0.0, 0.0, 0.0, 0.0, 0.0, 0.0, 0.0, 0.0, 0.0, 0.0, 0.0, 0.0, 0.0, 0.0, 0.0, 0.0, 0.0, 0.0, 0.0, 0.0, 0.0, 0.0, 0.0, 0.0, 0.0, 0.0, 0.0, 0.0, 0.0, 0.0, 0.0, 0.0, 0.0, 0.0, 0.0, 0.0, 0.0, 0.0, 0.0, 0.0, 0.0, 0.0, 0.0, 0.0, 0.0, 0.0, 0.0, 0.0, 0.0, 0.0, 0.0, 0.0, 0.0, 0.0, 0.0, 0.0, 0.0, 0.0, 0.0, 0.0, 0.0, 0.0, 0.0, 0.0, 0.0, 0.0, 0.0, 0.0, 0.0, 0.0, 0.0, 0.0, 0.0, 0.0, 0.0, 0.0, 0.0, 0.0, 0.0, 0.0, 0.0, 0.0, 0.0, 0.0, 0.0, 0.0, 0.0, 0.0, 0.0, 0.0, 0.0, 0.0, 0.0, 0.0, 0.0, 0.0, 0.0, 0.0, 0.0, 0.0, 0.0, 0.0, 0.0, 0.0, 0.0, 0.0, 0.0, 0.0, 0.0, 0.0, 0.0, 0.0, 0.0, 0.0, 0.0, 0.0, 0.0, 0.0, 0.0, 0.0, 0.0, 0.0, 0.0, 0.0, 0.0, 0.0, 0.0, 0.0, 0.0, 0.0, 0.0, 0.0, 0.0, 0.0, 0.0, 0.0, 0.0, 0.0, 0.0, 0.0, 0.0, 0.0, 0.0, 0.0, 0.0, 0.0, 0.0, 0.0, 0.0, 0.0, 0.0, 0.0, 0.0, 0.0, 0.0, 0.0, 0.0, 0.0, 0.0, 0.0, 0.0, 0.0, 0.0, 0.0, 0.0, 0.0, 0.0, 0.0, 0.0, 0.0, 0.0, 0.0, 0.0, 0.0, 0.0, 0.0, 0.0, 0.0, 0.0, 0.0, 0.0, 0.0, 0.0, 0.0, 0.0, 0.0, 0.0, 0.0, 0.0, 0.0, 0.0, 0.0, 0.0, 0.0, 0.0, 0.0, 0.0, 0.0, 0.0, 0.0, 0.0, 0.0, 0.0, 0.0, 0.0, 0.0, 0.0, 0.0, 0.0, 0.0, 0.0, 0.0, 0.0, 0.0, 0.0, 0.0, 0.0, 0.0, 0.0, 0.0, 0.0, 0.0, 0.0, 0.0, 0.0, 0.0, 0.0, 0.0, 0.0, 0.0, 0.0, 0.0, 0.0, 0.0, 0.0, 0.0, 0.0, 0.0, 0.0, 0.0, 0.0, 0.0, 0.0, 0.0, 0.0, 0.0, 0.0, 0.0, 0.0, 0.0, 0.0, 0.0, 0.0, 0.0, 0.0, 0.0, 0.0, 0.0, 0.0, 0.0, 0.0, 0.0, 0.0, 0.0, 0.0, 0.0, 0.0, 0.0, 0.0, 0.0, 0.0, 0.0, 0.0, 0.0, 0.0, 0.0, 0.0]",COMPLETE
