,number,value,datetime_start,datetime_complete,duration,params_batch_size_scaler,params_constant_learning_rate,params_depth,params_epochs,params_kernel_l2,params_num_trees,params_temperature,user_attrs_accuracy_test,user_attrs_accuracy_valid,user_attrs_approximate_feature_sparsity,user_attrs_approximate_feature_sparsity_history,user_attrs_approximate_weight_sparsity,user_attrs_approximate_weight_sparsity_history,user_attrs_auc_test,user_attrs_auc_valid,user_attrs_feature_sparsity,user_attrs_feature_sparsity_history,user_attrs_num_epochs,user_attrs_val_loss_history,user_attrs_weight_sparsity,user_attrs_weight_sparsity_history,state
62,62,0.9380402158931354,2024-08-31 02:50:43.948620,2024-08-31 02:54:37.829139,0 days 00:03:53.880519,64,8.485491257764588,5,350,0.010150665325679275,89,0.000277368242456837,0.963,0.96375,21,"[33, 33, 33, 33, 33, 33, 33, 33, 33, 33, 33, 33, 33, 33, 33, 33, 33, 33, 33, 33, 33, 33, 33, 33, 33, 33, 33, 33, 33, 33, 33, 33, 33, 33, 31, 31, 30, 29, 29, 28, 28, 28, 28, 26, 26, 25, 25, 24, 24, 24, 24, 24, 24, 23, 23, 23, 23, 23, 23, 23, 23, 23, 23, 23, 23, 22, 22, 22, 22, 22, 22, 22, 22, 22, 22, 22, 22, 22, 22, 22, 22, 22, 22, 22, 22, 21, 21, 21, 21, 21, 21, 21, 21, 21, 21, 21, 21, 21, 21, 21, 21, 21, 21, 21, 21, 21, 21, 21, 21, 21, 21, 21, 21, 21, 21, 21, 21, 21, 21, 21, 21, 21, 21, 21, 21, 21, 21, 21, 21, 21, 21, 21, 21, 21, 21, 21, 21, 21, 21, 21, 21, 21, 21, 21, 21, 21, 21, 21, 21, 21, 21, 21, 21, 21, 21, 21, 21, 21, 21, 21, 21, 21, 21, 21, 21, 21, 21, 21, 21, 21, 21, 21, 21, 21, 21, 21, 21, 21, 21, 21, 21, 21, 21, 21, 21, 21, 21, 21, 21, 21, 21, 21, 21, 21, 21, 21, 21, 21, 21, 21, 21, 21, 21, 21, 21, 21, 21, 21, 21, 21, 21, 21, 21, 21, 21, 21, 21, 21, 21, 21, 21, 21, 21, 21, 21, 21, 21, 21, 21, 21, 21, 21, 21, 21, 21, 21, 21, 21, 21, 21, 21, 21, 21, 21, 21, 21, 21, 21, 21, 21, 21, 21, 21, 21, 21, 21, 21, 21, 21, 21, 21, 21, 21, 21, 21, 21, 21, 21, 21, 21, 21, 21, 21, 21, 21, 21, 21, 21, 21, 21, 21, 21, 21, 21, 21, 21, 21, 21, 21, 21, 21, 21, 21, 21, 21, 21, 21, 21, 21, 21, 21, 21, 21, 21, 21, 21, 21, 21, 21, 21, 21, 21, 21, 21, 21, 21, 21, 21, 21, 21, 21, 21, 21, 21, 21, 21, 21, 21, 21, 21, 21, 21, 21, 21, 21, 21, 21, 21, 21, 21, 21, 21, 21, 21, 21, 21, 21, 21, 21, 21]",20.971003986951793,"[32.926060166727076, 32.92678506705328, 32.92678506705328, 32.930409568684304, 32.93294671982603, 32.9296846683581, 32.92859731786879, 32.935121420804634, 32.932584269662925, 32.92098586444364, 32.932584269662925, 32.93258426966292, 32.948532076839435, 32.922073214932944, 32.92316056542226, 32.934034070315334, 32.937296121783255, 32.93439652047844, 32.93077201884741, 32.932221819499816, 32.93439652047844, 32.93983327292497, 32.9441826748822, 32.93439652047844, 32.93765857194636, 32.92497281623777, 32.93657122145705, 32.93330916998913, 32.92823486770569, 32.923885465748455, 32.93113446901051, 32.93693367162015, 32.93983327292497, 32.93838347227256, 30.939833272924968, 30.94164552374049, 29.939108372598767, 28.94454512504531, 28.94490757520841, 27.945270025371514, 27.953968829285976, 27.95324392895977, 27.954693729612178, 25.958318231243204, 25.948169626676332, 24.959405581732508, 24.962667633200432, 23.960130482058716, 23.96339253352664, 23.96049293222182, 23.95686843059079, 23.958318231243204, 23.956868430590795, 22.964479884015947, 22.96194273287423, 22.95940558173251, 22.9583182312432, 22.95904313156941, 22.957955781080102, 22.961580282711125, 22.951794128307363, 22.96085538238492, 22.96194273287423, 22.96737948532077, 22.964479884015947, 21.96339253352664, 21.961217832548023, 21.964117433852845, 21.96049293222182, 21.956868430590795, 21.967017035157667, 21.967741935483872, 21.961942732874228, 21.960855382384924, 21.971003986951796, 21.965567234505258, 21.963754983689743, 21.96411743385285, 21.956505980427693, 21.965204784342152, 21.967017035157667, 21.965567234505258, 21.966292134831463, 21.964842334179053, 21.967741935483872, 20.96737948532077, 20.96592968466836, 20.96592968466836, 20.965204784342156, 20.970279086625588, 20.958680681406307, 20.970279086625588, 20.962305183037333, 20.966654584994565, 20.97281623776731, 20.9713664371149, 20.977890540050744, 20.962305183037333, 20.971366437114895, 20.971366437114895, 20.967741935483872, 20.968466835810077, 20.966292134831463, 20.966292134831463, 20.973178687930407, 20.97245378760421, 20.96774193548387, 20.9713664371149, 20.964842334179053, 20.97426603841972, 20.971003986951796, 20.96737948532077, 20.96339253352664, 20.966292134831463, 20.974990938745925, 20.964842334179053, 20.96665458499456, 20.967017035157664, 20.967741935483872, 20.963754983689743, 20.97064153678869, 20.964479884015947, 20.96882928597318, 20.965567234505258, 20.96447988401595, 20.963392533526637, 20.966654584994565, 20.964842334179053, 20.966292134831463, 20.96592968466836, 20.96737948532077, 20.964117433852845, 20.967741935483872, 20.96592968466836, 20.973903588256615, 20.966654584994565, 20.96919173613628, 20.968104385646974, 20.967741935483872, 20.964117433852845, 20.96484233417905, 20.96049293222182, 20.961942732874228, 20.968104385646974, 20.96882928597318, 20.965204784342152, 20.964117433852845, 20.961942732874228, 20.967017035157667, 20.971003986951793, 20.965567234505254, 20.963754983689743, 20.970279086625588, 20.963754983689743, 20.974990938745922, 20.969554186299384, 20.971366437114895, 20.971003986951793, 20.967017035157667, 20.967017035157667, 20.966292134831463, 20.966654584994565, 20.962305183037333, 20.965567234505258, 20.964117433852845, 20.969916636462486, 20.96592968466836, 20.960855382384924, 20.96882928597318, 20.966292134831463, 20.96919173613628, 20.965567234505258, 20.969554186299384, 20.971728887277997, 20.967017035157664, 20.96919173613628, 20.963392533526644, 20.963030083363535, 20.966654584994565, 20.966292134831463, 20.969916636462486, 20.967741935483872, 20.96919173613628, 20.971003986951793, 20.963030083363538, 20.964479884015947, 20.96194273287423, 20.97027908662559, 20.96339253352664, 20.964842334179053, 20.963754983689743, 20.970279086625588, 20.970279086625588, 20.972091337441103, 20.967741935483872, 20.971003986951793, 20.95904313156941, 20.965204784342156, 20.96737948532077, 20.969916636462486, 20.975353388909024, 20.962667633200432, 20.962305183037333, 20.96882928597318, 20.968104385646974, 20.97064153678869, 20.971728887278, 20.97064153678869, 20.973541138093516, 20.968104385646974, 20.968466835810077, 20.970279086625588, 20.967741935483872, 20.971728887277997, 20.968104385646974, 20.967017035157667, 20.97064153678869, 20.96592968466836, 20.971003986951793, 20.967741935483872, 20.96882928597318, 20.96447988401595, 20.969554186299384, 20.967379485320766, 20.963030083363538, 20.95904313156941, 20.967741935483872, 20.970279086625588, 20.968104385646974, 20.969554186299384, 20.964842334179053, 20.965204784342152, 20.96919173613628, 20.963754983689746, 20.963754983689743, 20.966654584994565, 20.963754983689743, 20.96339253352664, 20.964479884015947, 20.965567234505258, 20.96592968466836, 20.96049293222182, 20.964479884015947, 20.96882928597318, 20.968104385646974, 20.96737948532077, 20.96085538238492, 20.961217832548023, 20.956868430590795, 20.96339253352664, 20.96194273287423, 20.96592968466836, 20.965204784342156, 20.965567234505254, 20.964479884015944, 20.96230518303733, 20.963030083363538, 20.963754983689746, 20.96592968466836, 20.965567234505258, 20.968466835810077, 20.972091337441103, 20.966654584994565, 20.96919173613628, 20.966292134831463, 20.967741935483872, 20.964842334179053, 20.966292134831463, 20.969554186299384, 20.96737948532077, 20.97064153678869, 20.965204784342156, 20.968104385646974, 20.96158028271113, 20.966292134831463, 20.966292134831463, 20.96484233417905, 20.96629213483146, 20.963754983689743, 20.966292134831463, 20.971366437114895, 20.96919173613628, 20.96737948532077, 20.971728887277997, 20.96411743385285, 20.96919173613628, 20.96592968466836, 20.971728887278, 20.972816237767308, 20.96919173613628, 20.965204784342152, 20.9720913374411, 20.96919173613628, 20.97317868793041, 20.97064153678869, 20.968104385646974, 20.96882928597318, 20.96737948532077, 20.96339253352664, 20.96882928597318, 20.966292134831463, 20.96882928597318, 20.969554186299384, 20.971003986951793, 20.970279086625588, 20.972453787604206, 20.96882928597318, 20.969554186299384, 20.96592968466836, 20.964479884015947, 20.965204784342152, 20.96592968466836, 20.966292134831463, 20.967741935483872, 20.964842334179053, 20.966654584994565, 20.96592968466836, 20.971003986951796, 20.96411743385285, 20.966292134831463, 20.968466835810077, 20.970279086625588, 20.966292134831463, 20.96919173613628, 20.972816237767308, 20.974628488582823, 20.972453787604206, 20.96882928597318, 20.975353388909028, 20.974990938745925, 20.970279086625588, 20.972453787604206, 20.9713664371149, 20.972816237767304, 20.972816237767308, 20.974990938745922, 20.970279086625588, 20.97245378760421, 20.977890540050744, 20.974990938745922, 20.97607828923523, 20.974990938745925, 20.974266038419717, 20.971728887277997, 20.973903588256615, 20.967741935483872, 20.970279086625588, 20.9713664371149, 20.96737948532077, 20.971003986951793]",0.9345684822364781,0.9380402158931354,21,"[33, 33, 33, 33, 33, 33, 33, 33, 33, 33, 33, 33, 33, 33, 33, 33, 33, 33, 33, 33, 33, 33, 33, 33, 33, 33, 33, 33, 33, 33, 33, 33, 33, 33, 31, 31, 30, 29, 29, 28, 28, 28, 28, 26, 26, 25, 25, 24, 24, 24, 24, 24, 24, 23, 23, 23, 23, 23, 23, 23, 23, 23, 23, 23, 23, 22, 22, 22, 22, 22, 22, 22, 22, 22, 22, 22, 22, 22, 22, 22, 22, 22, 22, 22, 22, 21, 21, 21, 21, 21, 21, 21, 21, 21, 21, 21, 21, 21, 21, 21, 21, 21, 21, 21, 21, 21, 21, 21, 21, 21, 21, 21, 21, 21, 21, 21, 21, 21, 21, 21, 21, 21, 21, 21, 21, 21, 21, 21, 21, 21, 21, 21, 21, 21, 21, 21, 21, 21, 21, 21, 21, 21, 21, 21, 21, 21, 21, 21, 21, 21, 21, 21, 21, 21, 21, 21, 21, 21, 21, 21, 21, 21, 21, 21, 21, 21, 21, 21, 21, 21, 21, 21, 21, 21, 21, 21, 21, 21, 21, 21, 21, 21, 21, 21, 21, 21, 21, 21, 21, 21, 21, 21, 21, 21, 21, 21, 21, 21, 21, 21, 21, 21, 21, 21, 21, 21, 21, 21, 21, 21, 21, 21, 21, 21, 21, 21, 21, 21, 21, 21, 21, 21, 21, 21, 21, 21, 21, 21, 21, 21, 21, 21, 21, 21, 21, 21, 21, 21, 21, 21, 21, 21, 21, 21, 21, 21, 21, 21, 21, 21, 21, 21, 21, 21, 21, 21, 21, 21, 21, 21, 21, 21, 21, 21, 21, 21, 21, 21, 21, 21, 21, 21, 21, 21, 21, 21, 21, 21, 21, 21, 21, 21, 21, 21, 21, 21, 21, 21, 21, 21, 21, 21, 21, 21, 21, 21, 21, 21, 21, 21, 21, 21, 21, 21, 21, 21, 21, 21, 21, 21, 21, 21, 21, 21, 21, 21, 21, 21, 21, 21, 21, 21, 21, 21, 21, 21, 21, 21, 21, 21, 21, 21, 21, 21, 21, 21, 21, 21, 21, 21, 21, 21, 21, 21, 21, 21, 21, 21, 21, 21]",350,"[2.721978187561035, 2.1749110221862793, 1.5805292129516602, 0.9500148296356201, 0.9862102270126343, 0.4981446862220764, 1.573477029800415, 1.9911329746246338, 0.8040598034858704, 1.0768355131149292, 0.5704740881919861, 1.9458909034729004, 1.013474941253662, 0.560034990310669, 2.5462327003479004, 1.1016570329666138, 0.3775242865085602, 0.3284628987312317, 2.0748021602630615, 0.8116201162338257, 0.5345328450202942, 0.8369544744491577, 1.144205927848816, 0.6625093221664429, 0.46604692935943604, 0.7390987277030945, 0.692151665687561, 0.25731658935546875, 0.7242180705070496, 0.27065110206604004, 0.28436478972435, 0.68562912940979, 1.1529003381729126, 0.3769686222076416, 1.109985589981079, 0.6486745476722717, 0.2516539394855499, 0.7360692024230957, 0.7977057099342346, 0.3862445056438446, 0.8677784204483032, 0.2168905884027481, 0.34940749406814575, 0.26751455664634705, 1.0460463762283325, 0.38021019101142883, 0.22483548521995544, 0.29230996966362, 0.32302483916282654, 0.34668201208114624, 0.20714221894741058, 0.2049875259399414, 0.683987557888031, 0.22909259796142578, 0.33502838015556335, 0.3553432524204254, 0.5227319598197937, 0.23676764965057373, 0.8407516479492188, 0.335786372423172, 0.24041709303855896, 0.23178929090499878, 0.5233811736106873, 0.44907161593437195, 0.43062201142311096, 0.619725227355957, 0.29456332325935364, 0.3663967251777649, 0.21576812863349915, 0.6244260668754578, 0.26623091101646423, 0.22218750417232513, 0.19311434030532837, 0.33292460441589355, 0.42883527278900146, 0.20478187501430511, 0.32573091983795166, 0.43752557039260864, 0.7015314698219299, 0.28887611627578735, 0.2584654986858368, 0.21239085495471954, 0.31273001432418823, 0.1879957914352417, 0.18776504695415497, 0.18959659337997437, 0.18962742388248444, 0.17471611499786377, 0.20924831926822662, 0.2352127879858017, 0.39679497480392456, 0.31628307700157166, 0.25282374024391174, 0.25534090399742126, 0.30280667543411255, 0.20045022666454315, 0.331943154335022, 0.2201327383518219, 0.1660192608833313, 0.1674497276544571, 0.2381613701581955, 0.1735967993736267, 0.18132564425468445, 0.1719978153705597, 0.18493227660655975, 0.2466978132724762, 0.17273274064064026, 0.18435300886631012, 0.20016494393348694, 0.16252478957176208, 0.40777912735939026, 0.15722890198230743, 0.23563116788864136, 0.34275805950164795, 0.36171194911003113, 0.23884010314941406, 0.16033649444580078, 0.15557868778705597, 0.16238540410995483, 0.1666155308485031, 0.26669204235076904, 0.1564485728740692, 0.15144255757331848, 0.19127053022384644, 0.30173829197883606, 0.20948773622512817, 0.20648281276226044, 0.15972399711608887, 0.15569773316383362, 0.1527666300535202, 0.15293048322200775, 0.15541143715381622, 0.1678514927625656, 0.17645272612571716, 0.16168160736560822, 0.25184348225593567, 0.19058804214000702, 0.17032039165496826, 0.16757766902446747, 0.1762388050556183, 0.16560572385787964, 0.1683480143547058, 0.28992870450019836, 0.19315604865550995, 0.1587725132703781, 0.17223648726940155, 0.14782245457172394, 0.14781013131141663, 0.15281346440315247, 0.1634850949048996, 0.17428094148635864, 0.19223716855049133, 0.1641131192445755, 0.14906266331672668, 0.15804924070835114, 0.17926889657974243, 0.18622229993343353, 0.15054340660572052, 0.16007255017757416, 0.2095532864332199, 0.14781521260738373, 0.1566133052110672, 0.16508223116397858, 0.19192561507225037, 0.1534072756767273, 0.14580103754997253, 0.1469758152961731, 0.14401346445083618, 0.15233509242534637, 0.21643631160259247, 0.17580817639827728, 0.14771519601345062, 0.15040676295757294, 0.15153880417346954, 0.16181446611881256, 0.16746975481510162, 0.16063280403614044, 0.14535701274871826, 0.16714581847190857, 0.21581822633743286, 0.1536037176847458, 0.14150558412075043, 0.14849762618541718, 0.14355330169200897, 0.15749327838420868, 0.1613735556602478, 0.14160387217998505, 0.18702609837055206, 0.15237092971801758, 0.14510077238082886, 0.15462182462215424, 0.14805637300014496, 0.16634653508663177, 0.14351490139961243, 0.16566653549671173, 0.16810138523578644, 0.1482185274362564, 0.20241814851760864, 0.39743274450302124, 0.16365589201450348, 0.15333136916160583, 0.21310824155807495, 0.15104426443576813, 0.20585797727108002, 0.14123252034187317, 0.1520925760269165, 0.1573878973722458, 0.14235983788967133, 0.1611584722995758, 0.14858075976371765, 0.14829516410827637, 0.14897416532039642, 0.1640242636203766, 0.15764805674552917, 0.1446802169084549, 0.15403105318546295, 0.14437785744667053, 0.1448209285736084, 0.17334499955177307, 0.15118706226348877, 0.14010965824127197, 0.13386140763759613, 0.20975303649902344, 0.13887739181518555, 0.20418857038021088, 0.20781369507312775, 0.2668408453464508, 0.17939695715904236, 0.14191727340221405, 0.174430713057518, 0.1421850025653839, 0.14621679484844208, 0.1458604633808136, 0.1850253939628601, 0.14544178545475006, 0.14687307178974152, 0.1481631100177765, 0.15412886440753937, 0.13854093849658966, 0.13913731276988983, 0.16316208243370056, 0.13910578191280365, 0.1372615247964859, 0.14637812972068787, 0.15303024649620056, 0.14861902594566345, 0.19031845033168793, 0.13544581830501556, 0.13908298313617706, 0.14733651280403137, 0.1624157726764679, 0.14391206204891205, 0.14623519778251648, 0.14366108179092407, 0.13795854151248932, 0.13947582244873047, 0.14380809664726257, 0.15501148998737335, 0.14163632690906525, 0.1591755449771881, 0.14048169553279877, 0.149300679564476, 0.14382785558700562, 0.14524097740650177, 0.21968773007392883, 0.3752787411212921, 0.16626405715942383, 0.1437818706035614, 0.14078912138938904, 0.1596372127532959, 0.1551290601491928, 0.14150620996952057, 0.15180768072605133, 0.17748600244522095, 0.1545393168926239, 0.1538662314414978, 0.14278732240200043, 0.14921928942203522, 0.1544305682182312, 0.1501045972108841, 0.15051716566085815, 0.1503431499004364, 0.14419472217559814, 0.15829551219940186, 0.1596522182226181, 0.16662506759166718, 0.14553405344486237, 0.16274774074554443, 0.19172926247119904, 0.1984754055738449, 0.1434413641691208, 0.1422155201435089, 0.15829917788505554, 0.14381855726242065, 0.20607194304466248, 0.14515790343284607, 0.15333186089992523, 0.17704811692237854, 0.18052121996879578, 0.15275825560092926, 0.14567457139492035, 0.15451569855213165, 0.16816096007823944, 0.1593250185251236, 0.14588288962841034, 0.14729292690753937, 0.1475771814584732, 0.1480274498462677, 0.15871837735176086, 0.15391139686107635, 0.14734162390232086, 0.147057443857193, 0.1784144639968872, 0.15425001084804535, 0.15930074453353882, 0.14585955440998077, 0.29217246174812317, 0.15744179487228394, 0.15816716849803925, 0.1839664876461029, 0.16079623997211456, 0.16809749603271484, 0.1624310314655304, 0.1640346646308899, 0.16491490602493286, 0.15696242451667786, 0.1501626968383789, 0.16008715331554413, 0.1568741500377655, 0.16403713822364807, 0.15295284986495972, 0.14989888668060303, 0.15167413651943207, 0.15307947993278503, 0.15253515541553497, 0.16536058485507965, 0.17060713469982147, 0.14997373521327972, 0.14979872107505798, 0.15627993643283844, 0.15711364150047302, 0.16324132680892944, 0.16263584792613983, 0.17356248199939728, 0.15332041680812836, 0.16372360289096832, 0.17546901106834412, 0.15519766509532928, 0.16078928112983704, 0.15480102598667145]",21.0,"[33.0, 33.0, 33.0, 33.0, 33.0, 33.0, 33.0, 33.0, 33.0, 33.0, 33.0, 33.0, 33.0, 33.0, 33.0, 33.0, 33.0, 33.0, 33.0, 33.0, 33.0, 33.0, 33.0, 33.0, 33.0, 33.0, 33.0, 33.0, 33.0, 33.0, 33.0, 33.0, 33.0, 33.0, 31.0, 31.0, 30.0, 29.0, 29.0, 28.0, 28.0, 28.0, 28.0, 26.0, 26.0, 25.0, 25.0, 24.0, 24.0, 24.0, 24.0, 24.0, 24.0, 23.0, 23.0, 23.0, 23.0, 23.0, 23.0, 23.0, 23.0, 23.0, 23.0, 23.0, 23.0, 22.0, 22.0, 22.0, 22.0, 22.0, 22.0, 22.0, 22.0, 22.0, 22.0, 22.0, 22.0, 22.0, 22.0, 22.0, 22.0, 22.0, 22.0, 22.0, 22.0, 21.0, 21.0, 21.0, 21.0, 21.0, 21.0, 21.0, 21.0, 21.0, 21.0, 21.0, 21.0, 21.0, 21.0, 21.0, 21.0, 21.0, 21.0, 21.0, 21.0, 21.0, 21.0, 21.0, 21.0, 21.0, 21.0, 21.0, 21.0, 21.0, 21.0, 21.0, 21.0, 21.0, 21.0, 21.0, 21.0, 21.0, 21.0, 21.0, 21.0, 21.0, 21.0, 21.0, 21.0, 21.0, 21.0, 21.0, 21.0, 21.0, 21.0, 21.0, 21.0, 21.0, 21.0, 21.0, 21.0, 21.0, 21.0, 21.0, 21.0, 21.0, 21.0, 21.0, 21.0, 21.0, 21.0, 21.0, 21.0, 21.0, 21.0, 21.0, 21.0, 21.0, 21.0, 21.0, 21.0, 21.0, 21.0, 21.0, 21.0, 21.0, 21.0, 21.0, 21.0, 21.0, 21.0, 21.0, 21.0, 21.0, 21.0, 21.0, 21.0, 21.0, 21.0, 21.0, 21.0, 21.0, 21.0, 21.0, 21.0, 21.0, 21.0, 21.0, 21.0, 21.0, 21.0, 21.0, 21.0, 21.0, 21.0, 21.0, 21.0, 21.0, 21.0, 21.0, 21.0, 21.0, 21.0, 21.0, 21.0, 21.0, 21.0, 21.0, 21.0, 21.0, 21.0, 21.0, 21.0, 21.0, 21.0, 21.0, 21.0, 21.0, 21.0, 21.0, 21.0, 21.0, 21.0, 21.0, 21.0, 21.0, 21.0, 21.0, 21.0, 21.0, 21.0, 21.0, 21.0, 21.0, 21.0, 21.0, 21.0, 21.0, 21.0, 21.0, 21.0, 21.0, 21.0, 21.0, 21.0, 21.0, 21.0, 21.0, 21.0, 21.0, 21.0, 21.0, 21.0, 21.0, 21.0, 21.0, 21.0, 21.0, 21.0, 21.0, 21.0, 21.0, 21.0, 21.0, 21.0, 21.0, 21.0, 21.0, 21.0, 21.0, 21.0, 21.0, 21.0, 21.0, 21.0, 21.0, 21.0, 21.0, 21.0, 21.0, 21.0, 21.0, 21.0, 21.0, 21.0, 21.0, 21.0, 21.0, 21.0, 21.0, 21.0, 21.0, 21.0, 21.0, 21.0, 21.0, 21.0, 21.0, 21.0, 21.0, 21.0, 21.0, 21.0, 21.0, 21.0, 21.0, 21.0, 21.0, 21.0, 21.0, 21.0, 21.0, 21.0, 21.0, 21.0, 21.0, 21.0, 21.0, 21.0, 21.0, 21.0, 21.0, 21.0, 21.0, 21.0, 21.0, 21.0, 21.0, 21.0, 21.0, 21.0, 21.0, 21.0, 21.0, 21.0, 21.0, 21.0, 21.0, 21.0, 21.0, 21.0, 21.0, 21.0, 21.0, 21.0, 21.0, 21.0, 21.0, 21.0, 21.0]",COMPLETE
