,number,value,datetime_start,datetime_complete,duration,params_batch_size_scaler,params_constant_learning_rate,params_depth,params_epochs,params_kernel_l2,params_num_trees,params_temperature,user_attrs_accuracy_test,user_attrs_accuracy_valid,user_attrs_approximate_feature_sparsity,user_attrs_approximate_feature_sparsity_history,user_attrs_approximate_weight_sparsity,user_attrs_approximate_weight_sparsity_history,user_attrs_auc_test,user_attrs_auc_valid,user_attrs_feature_sparsity,user_attrs_feature_sparsity_history,user_attrs_num_epochs,user_attrs_val_loss_history,user_attrs_weight_sparsity,user_attrs_weight_sparsity_history,state
127,127,0.5,2024-08-31 05:31:33.576119,2024-08-31 05:32:49.669959,0 days 00:01:16.093840,16,2.2833132580368574,5,155,0.25257816119724286,75,0.004431379919595317,0.859,0.85875,0,"[33, 33, 5, 2, 0, 0, 0, 0, 0, 0, 0, 0, 0, 0, 0, 0, 0, 0, 0, 0, 0, 0, 0, 0, 0, 0, 0, 0, 0, 0, 0, 0, 0, 0, 0, 0, 0, 0, 0, 0, 0, 0, 0, 0, 0, 0, 0, 0, 0, 0, 0, 0, 0, 0, 0, 0, 0, 0, 0, 0, 0, 0, 0, 0, 0, 0, 0, 0, 0, 0, 0, 0, 0, 0, 0, 0, 0, 0, 0, 0, 0, 0, 0, 0, 0, 0, 0, 0, 0, 0, 0, 0, 0, 0, 0, 0, 0, 0, 0, 0, 0, 0, 0, 0, 0, 0, 0, 0, 0, 0, 0, 0, 0, 0, 0, 0, 0, 0, 0, 0, 0, 0, 0, 0, 0, 0, 0, 0, 0, 0, 0, 0, 0, 0, 0, 0, 0, 0, 0, 0, 0, 0, 0, 0, 0, 0, 0, 0, 0, 0, 0, 0, 0, 0, 0]",0.0,"[32.932903225806456, 32.93376344086021, 4.99268817204301, 1.9978494623655914, 0.0, 0.0, 0.0, 0.0, 0.0, 0.0, 0.0, 0.0, 0.0, 0.0, 0.0, 0.0, 0.0, 0.0, 0.0, 0.0, 0.0, 0.0, 0.0, 0.0, 0.0, 0.0, 0.0, 0.0, 0.0, 0.0, 0.0, 0.0, 0.0, 0.0, 0.0, 0.0, 0.0, 0.0, 0.0, 0.0, 0.0, 0.0, 0.0, 0.0, 0.0, 0.0, 0.0, 0.0, 0.0, 0.0, 0.0, 0.0, 0.0, 0.0, 0.0, 0.0, 0.0, 0.0, 0.0, 0.0, 0.0, 0.0, 0.0, 0.0, 0.0, 0.0, 0.0, 0.0, 0.0, 0.0, 0.0, 0.0, 0.0, 0.0, 0.0, 0.0, 0.0, 0.0, 0.0, 0.0, 0.0, 0.0, 0.0, 0.0, 0.0, 0.0, 0.0, 0.0, 0.0, 0.0, 0.0, 0.0, 0.0, 0.0, 0.0, 0.0, 0.0, 0.0, 0.0, 0.0, 0.0, 0.0, 0.0, 0.0, 0.0, 0.0, 0.0, 0.0, 0.0, 0.0, 0.0, 0.0, 0.0, 0.0, 0.0, 0.0, 0.0, 0.0, 0.0, 0.0, 0.0, 0.0, 0.0, 0.0, 0.0, 0.0, 0.0, 0.0, 0.0, 0.0, 0.0, 0.0, 0.0, 0.0, 0.0, 0.0, 0.0, 0.0, 0.0, 0.0, 0.0, 0.0, 0.0, 0.0, 0.0, 0.0, 0.0, 0.0, 0.0, 0.0, 0.0, 0.0, 0.0, 0.0, 0.0]",0.5,0.5,0,"[33, 33, 5, 2, 0, 0, 0, 0, 0, 0, 0, 0, 0, 0, 0, 0, 0, 0, 0, 0, 0, 0, 0, 0, 0, 0, 0, 0, 0, 0, 0, 0, 0, 0, 0, 0, 0, 0, 0, 0, 0, 0, 0, 0, 0, 0, 0, 0, 0, 0, 0, 0, 0, 0, 0, 0, 0, 0, 0, 0, 0, 0, 0, 0, 0, 0, 0, 0, 0, 0, 0, 0, 0, 0, 0, 0, 0, 0, 0, 0, 0, 0, 0, 0, 0, 0, 0, 0, 0, 0, 0, 0, 0, 0, 0, 0, 0, 0, 0, 0, 0, 0, 0, 0, 0, 0, 0, 0, 0, 0, 0, 0, 0, 0, 0, 0, 0, 0, 0, 0, 0, 0, 0, 0, 0, 0, 0, 0, 0, 0, 0, 0, 0, 0, 0, 0, 0, 0, 0, 0, 0, 0, 0, 0, 0, 0, 0, 0, 0, 0, 0, 0, 0, 0, 0]",155,"[0.3969212770462036, 0.3765223026275635, 0.37468424439430237, 0.38150104880332947, 0.4108220934867859, 0.4074385464191437, 0.4110128879547119, 0.41093796491622925, 0.40803226828575134, 0.4096022844314575, 0.4073210060596466, 0.4075159728527069, 0.40740928053855896, 0.4143980145454407, 0.41087397933006287, 0.41852042078971863, 0.40738654136657715, 0.4098975360393524, 0.43273499608039856, 0.4101014733314514, 0.4250110983848572, 0.41217944025993347, 0.4143937826156616, 0.41648757457733154, 0.4078352451324463, 0.4140849709510803, 0.41291454434394836, 0.40763169527053833, 0.43785789608955383, 0.41210636496543884, 0.40837356448173523, 0.4095720052719116, 0.4100371301174164, 0.4087177515029907, 0.4195095896720886, 0.41299352049827576, 0.4104967415332794, 0.4079975485801697, 0.4218870997428894, 0.40759581327438354, 0.41719749569892883, 0.4094362258911133, 0.4073515832424164, 0.4180103540420532, 0.4076276421546936, 0.40731704235076904, 0.40829238295555115, 0.4111834466457367, 0.40864497423171997, 0.4150894284248352, 0.42615100741386414, 0.416854590177536, 0.4102795124053955, 0.41559791564941406, 0.4157710671424866, 0.4480856955051422, 0.4073093831539154, 0.4081045985221863, 0.4089571237564087, 0.42701828479766846, 0.41501617431640625, 0.4217372238636017, 0.4074089527130127, 0.4098936915397644, 0.4132760763168335, 0.40887194871902466, 0.40856310725212097, 0.40801674127578735, 0.41141390800476074, 0.4095340073108673, 0.4073016047477722, 0.4346776306629181, 0.4086729884147644, 0.41582992672920227, 0.4170527756214142, 0.4080558121204376, 0.4279918372631073, 0.41394633054733276, 0.4195137321949005, 0.4072386622428894, 0.40808701515197754, 0.4134811460971832, 0.41448166966438293, 0.42369842529296875, 0.4306034445762634, 0.4101213812828064, 0.42804086208343506, 0.43811336159706116, 0.4074234068393707, 0.4118885099887848, 0.4108048379421234, 0.4081018567085266, 0.4133412539958954, 0.4089105725288391, 0.40768536925315857, 0.4175427258014679, 0.4171268045902252, 0.40774840116500854, 0.40957576036453247, 0.4097198247909546, 0.40799546241760254, 0.42099887132644653, 0.4086843430995941, 0.40989571809768677, 0.424203485250473, 0.4080803692340851, 0.4219103157520294, 0.4077412784099579, 0.41052231192588806, 0.41323816776275635, 0.4190311133861542, 0.4072280526161194, 0.4080278277397156, 0.4208333492279053, 0.4077037572860718, 0.41504108905792236, 0.40739086270332336, 0.42097318172454834, 0.40724173188209534, 0.4137169122695923, 0.407419890165329, 0.4081733822822571, 0.41023269295692444, 0.4148307144641876, 0.40807491540908813, 0.40812113881111145, 0.4154777228832245, 0.43297940492630005, 0.40725177526474, 0.41033825278282166, 0.41721558570861816, 0.41175636649131775, 0.4150679409503937, 0.4084511697292328, 0.4137840270996094, 0.4098065495491028, 0.40739238262176514, 0.41260218620300293, 0.4082539677619934, 0.4072336256504059, 0.42282986640930176, 0.4076062738895416, 0.4236128628253937, 0.41030389070510864, 0.40736621618270874, 0.41357874870300293, 0.40966278314590454, 0.4125581681728363, 0.41751790046691895, 0.42372027039527893, 0.4081462025642395, 0.407470703125, 0.40764564275741577, 0.41114741563796997, 0.4074467718601227]",0.0,"[33.0, 33.0, 5.0, 2.0, 0.0, 0.0, 0.0, 0.0, 0.0, 0.0, 0.0, 0.0, 0.0, 0.0, 0.0, 0.0, 0.0, 0.0, 0.0, 0.0, 0.0, 0.0, 0.0, 0.0, 0.0, 0.0, 0.0, 0.0, 0.0, 0.0, 0.0, 0.0, 0.0, 0.0, 0.0, 0.0, 0.0, 0.0, 0.0, 0.0, 0.0, 0.0, 0.0, 0.0, 0.0, 0.0, 0.0, 0.0, 0.0, 0.0, 0.0, 0.0, 0.0, 0.0, 0.0, 0.0, 0.0, 0.0, 0.0, 0.0, 0.0, 0.0, 0.0, 0.0, 0.0, 0.0, 0.0, 0.0, 0.0, 0.0, 0.0, 0.0, 0.0, 0.0, 0.0, 0.0, 0.0, 0.0, 0.0, 0.0, 0.0, 0.0, 0.0, 0.0, 0.0, 0.0, 0.0, 0.0, 0.0, 0.0, 0.0, 0.0, 0.0, 0.0, 0.0, 0.0, 0.0, 0.0, 0.0, 0.0, 0.0, 0.0, 0.0, 0.0, 0.0, 0.0, 0.0, 0.0, 0.0, 0.0, 0.0, 0.0, 0.0, 0.0, 0.0, 0.0, 0.0, 0.0, 0.0, 0.0, 0.0, 0.0, 0.0, 0.0, 0.0, 0.0, 0.0, 0.0, 0.0, 0.0, 0.0, 0.0, 0.0, 0.0, 0.0, 0.0, 0.0, 0.0, 0.0, 0.0, 0.0, 0.0, 0.0, 0.0, 0.0, 0.0, 0.0, 0.0, 0.0, 0.0, 0.0, 0.0, 0.0, 0.0, 0.0]",COMPLETE
128,128,0.9238448557921448,2024-08-31 05:32:52.753900,2024-08-31 05:33:17.347178,0 days 00:00:24.593278,4,0.07525443431215458,1,170,0.0014228502485513998,99,0.0009858404662657632,0.937,0.92875,33,"[33, 33, 33, 33, 33, 33, 33, 33, 33, 33, 33, 33, 33, 33, 33, 33, 33, 33, 33, 33, 33, 33, 33, 33, 33, 33, 33, 33, 33, 33, 33, 33, 33, 33, 33, 33, 33, 33, 33, 33, 33, 33, 33, 33, 33, 33, 33, 33, 33, 33, 33, 33, 33, 33, 33, 33, 33, 33, 33, 33, 33, 33, 33, 33, 33, 33, 33, 33, 33, 33, 33, 33, 33, 33, 33, 33, 33, 33, 33, 33, 33, 33, 33, 33, 33, 33, 33, 33, 33, 33, 33, 33, 33, 33, 33, 33, 33, 33, 33, 33, 33, 33, 33, 33, 33, 33, 33, 33, 33, 33, 33, 33, 33, 33, 33, 33, 33, 33, 33, 33, 33, 33, 33, 33, 33, 33, 33, 33, 33, 33, 33, 33, 33, 33, 33, 33, 33, 33, 33, 33, 33, 33, 33, 33, 33, 33, 33, 33, 33, 33, 33, 33, 33, 33, 33, 33, 33, 33, 33, 33, 33, 33, 33, 33, 33, 33, 33, 33, 33, 33]",32.94949494949495,"[33.0, 32.97979797979798, 33.0, 32.97979797979798, 33.0, 32.97979797979798, 32.98989898989899, 32.97979797979798, 32.98989898989899, 33.0, 32.96969696969697, 32.97979797979798, 33.0, 33.0, 33.0, 32.97979797979798, 33.0, 33.0, 32.97979797979798, 33.0, 32.96969696969697, 33.0, 32.97979797979798, 32.97979797979798, 32.97979797979798, 32.96969696969697, 33.0, 32.96969696969697, 32.98989898989899, 32.98989898989899, 32.97979797979798, 33.0, 33.0, 32.98989898989899, 33.0, 32.96969696969697, 32.98989898989899, 32.98989898989899, 32.98989898989899, 32.96969696969697, 32.97979797979798, 33.0, 32.97979797979798, 32.98989898989899, 33.0, 32.98989898989899, 33.0, 32.98989898989899, 32.97979797979798, 33.0, 32.97979797979798, 33.0, 33.0, 33.0, 33.0, 32.98989898989899, 33.0, 32.96969696969697, 32.98989898989899, 32.97979797979798, 32.97979797979798, 32.97979797979798, 32.97979797979798, 32.96969696969697, 32.98989898989899, 33.0, 33.0, 32.98989898989899, 32.98989898989899, 32.98989898989899, 32.97979797979798, 32.98989898989899, 32.97979797979798, 32.98989898989899, 33.0, 33.0, 33.0, 32.98989898989899, 32.97979797979798, 32.97979797979798, 32.96969696969697, 32.95959595959596, 32.96969696969697, 32.94949494949495, 32.98989898989899, 32.98989898989899, 32.98989898989899, 33.0, 32.98989898989899, 33.0, 32.97979797979798, 33.0, 32.97979797979798, 32.98989898989899, 33.0, 32.98989898989899, 33.0, 32.98989898989899, 32.98989898989899, 33.0, 33.0, 33.0, 32.98989898989899, 32.98989898989899, 32.98989898989899, 32.96969696969697, 33.0, 33.0, 33.0, 33.0, 32.98989898989899, 33.0, 32.98989898989899, 32.98989898989899, 32.98989898989899, 32.98989898989899, 32.98989898989899, 32.97979797979798, 33.0, 32.98989898989899, 32.98989898989899, 32.97979797979798, 32.97979797979798, 32.96969696969697, 32.98989898989899, 32.97979797979798, 32.97979797979798, 32.98989898989899, 32.98989898989899, 33.0, 32.98989898989899, 33.0, 33.0, 32.98989898989899, 33.0, 32.97979797979798, 32.98989898989899, 33.0, 33.0, 32.98989898989899, 33.0, 32.98989898989899, 32.98989898989899, 33.0, 33.0, 32.98989898989899, 33.0, 32.97979797979798, 33.0, 32.98989898989899, 33.0, 33.0, 33.0, 33.0, 32.98989898989899, 32.97979797979798, 33.0, 32.98989898989899, 33.0, 32.97979797979798, 32.98989898989899, 32.98989898989899, 32.98989898989899, 32.98989898989899, 32.96969696969697, 32.98989898989899, 32.98989898989899, 32.98989898989899, 32.98989898989899, 32.94949494949495]",0.9019311586126042,0.9238448557921448,33,"[33, 33, 33, 33, 33, 33, 33, 33, 33, 33, 33, 33, 33, 33, 33, 33, 33, 33, 33, 33, 33, 33, 33, 33, 33, 33, 33, 33, 33, 33, 33, 33, 33, 33, 33, 33, 33, 33, 33, 33, 33, 33, 33, 33, 33, 33, 33, 33, 33, 33, 33, 33, 33, 33, 33, 33, 33, 33, 33, 33, 33, 33, 33, 33, 33, 33, 33, 33, 33, 33, 33, 33, 33, 33, 33, 33, 33, 33, 33, 33, 33, 33, 33, 33, 33, 33, 33, 33, 33, 33, 33, 33, 33, 33, 33, 33, 33, 33, 33, 33, 33, 33, 33, 33, 33, 33, 33, 33, 33, 33, 33, 33, 33, 33, 33, 33, 33, 33, 33, 33, 33, 33, 33, 33, 33, 33, 33, 33, 33, 33, 33, 33, 33, 33, 33, 33, 33, 33, 33, 33, 33, 33, 33, 33, 33, 33, 33, 33, 33, 33, 33, 33, 33, 33, 33, 33, 33, 33, 33, 33, 33, 33, 33, 33, 33, 33, 33, 33, 33, 33]",170,"[0.39570143818855286, 0.3789452314376831, 0.3710106313228607, 0.3642604947090149, 0.3635464608669281, 0.3560321033000946, 0.35332411527633667, 0.3495032787322998, 0.3496851325035095, 0.34251290559768677, 0.340816855430603, 0.33664172887802124, 0.3445329964160919, 0.3519781231880188, 0.33228981494903564, 0.32947200536727905, 0.32748186588287354, 0.324919193983078, 0.32473838329315186, 0.3269662857055664, 0.32760003209114075, 0.3197709321975708, 0.31923907995224, 0.3216102123260498, 0.31901615858078003, 0.3272199332714081, 0.31542256474494934, 0.31513485312461853, 0.31464964151382446, 0.31066685914993286, 0.3098829388618469, 0.31165868043899536, 0.3185083568096161, 0.31239378452301025, 0.311921626329422, 0.30570802092552185, 0.3032149374485016, 0.30291876196861267, 0.3028489351272583, 0.30456507205963135, 0.2979978919029236, 0.29656821489334106, 0.3044363260269165, 0.29011204838752747, 0.2993873953819275, 0.2909494936466217, 0.284024715423584, 0.285476416349411, 0.2996739447116852, 0.2808545231819153, 0.2766322195529938, 0.2747364342212677, 0.27096953988075256, 0.2777286469936371, 0.2708148658275604, 0.2806962728500366, 0.25943195819854736, 0.26743972301483154, 0.2615521252155304, 0.25497791171073914, 0.2545446753501892, 0.25138553977012634, 0.24974185228347778, 0.2493577003479004, 0.24732404947280884, 0.24622555077075958, 0.24400511384010315, 0.24414044618606567, 0.24738450348377228, 0.25378715991973877, 0.24010971188545227, 0.24114443361759186, 0.2385980486869812, 0.23796117305755615, 0.23647204041481018, 0.23540565371513367, 0.23552140593528748, 0.23787423968315125, 0.23369653522968292, 0.2326941043138504, 0.23209647834300995, 0.24085703492164612, 0.2376933991909027, 0.23303814232349396, 0.2312140315771103, 0.2400166094303131, 0.23036247491836548, 0.22945158183574677, 0.22990746796131134, 0.22972291707992554, 0.22809480130672455, 0.22789829969406128, 0.23074354231357574, 0.23057113587856293, 0.228579580783844, 0.22999797761440277, 0.22664161026477814, 0.22539201378822327, 0.22537729144096375, 0.22977448999881744, 0.22458280622959137, 0.23019342124462128, 0.2253343164920807, 0.23299476504325867, 0.23585666716098785, 0.22871820628643036, 0.2250579595565796, 0.23251552879810333, 0.2254917174577713, 0.22312459349632263, 0.2213616520166397, 0.22180306911468506, 0.22318138182163239, 0.22683776915073395, 0.22216252982616425, 0.22437849640846252, 0.22070808708667755, 0.2262401580810547, 0.22060371935367584, 0.22220636904239655, 0.2206534594297409, 0.2202008068561554, 0.22660325467586517, 0.21989576518535614, 0.23234154284000397, 0.21901381015777588, 0.2255377173423767, 0.21968737244606018, 0.2175770401954651, 0.2191351354122162, 0.2227196842432022, 0.2182902842760086, 0.21696090698242188, 0.22120970487594604, 0.21790212392807007, 0.2168317437171936, 0.21712501347064972, 0.21789564192295074, 0.22181281447410583, 0.2161608189344406, 0.21834617853164673, 0.22783592343330383, 0.21437759697437286, 0.21453313529491425, 0.21492712199687958, 0.21597781777381897, 0.2142983227968216, 0.2169678807258606, 0.2135252207517624, 0.21449023485183716, 0.2153611183166504, 0.2139550745487213, 0.22048404812812805, 0.21562951803207397, 0.2154342532157898, 0.21734020113945007, 0.214617520570755, 0.21011382341384888, 0.21223191916942596, 0.21131311357021332, 0.21559326350688934, 0.20993536710739136, 0.20865051448345184, 0.21012727916240692, 0.21875791251659393, 0.2342299073934555, 0.21172849833965302, 0.20829078555107117, 0.21091583371162415, 0.20852132141590118]",33.0,"[33.0, 33.0, 33.0, 33.0, 33.0, 33.0, 33.0, 33.0, 33.0, 33.0, 33.0, 33.0, 33.0, 33.0, 33.0, 33.0, 33.0, 33.0, 33.0, 33.0, 33.0, 33.0, 33.0, 33.0, 33.0, 33.0, 33.0, 33.0, 33.0, 33.0, 33.0, 33.0, 33.0, 33.0, 33.0, 33.0, 33.0, 33.0, 33.0, 33.0, 33.0, 33.0, 33.0, 33.0, 33.0, 33.0, 33.0, 33.0, 33.0, 33.0, 33.0, 33.0, 33.0, 33.0, 33.0, 33.0, 33.0, 33.0, 33.0, 33.0, 33.0, 33.0, 33.0, 33.0, 33.0, 33.0, 33.0, 33.0, 33.0, 33.0, 33.0, 33.0, 33.0, 33.0, 33.0, 33.0, 33.0, 33.0, 33.0, 33.0, 33.0, 33.0, 33.0, 33.0, 33.0, 33.0, 33.0, 33.0, 33.0, 33.0, 33.0, 33.0, 33.0, 33.0, 33.0, 33.0, 33.0, 33.0, 33.0, 33.0, 33.0, 33.0, 33.0, 33.0, 33.0, 33.0, 33.0, 33.0, 33.0, 33.0, 33.0, 33.0, 33.0, 33.0, 33.0, 33.0, 33.0, 33.0, 33.0, 33.0, 33.0, 33.0, 33.0, 33.0, 33.0, 33.0, 33.0, 33.0, 33.0, 33.0, 33.0, 33.0, 33.0, 33.0, 33.0, 33.0, 33.0, 33.0, 33.0, 33.0, 33.0, 33.0, 33.0, 33.0, 33.0, 33.0, 33.0, 33.0, 33.0, 33.0, 33.0, 33.0, 33.0, 33.0, 33.0, 33.0, 33.0, 33.0, 33.0, 33.0, 33.0, 33.0, 33.0, 33.0, 33.0, 33.0, 33.0, 33.0, 33.0, 33.0]",COMPLETE
129,129,0.7158995762002293,2024-08-31 05:33:19.754417,2024-08-31 05:33:50.330353,0 days 00:00:30.575936,4,0.0118660773260333,4,80,0.9732262472209189,84,0.00019984823279976834,0.867,0.86625,33,"[33, 33, 33, 33, 33, 33, 33, 33, 33, 33, 33, 33, 33, 33, 33, 33, 33, 33, 33, 33, 33, 33, 33, 33, 33, 33, 33, 33, 33, 33, 33, 33, 33, 33, 33, 33, 33, 33, 33, 33, 33, 33, 33, 33, 33, 33, 33, 33, 33, 33, 33, 33, 33, 33, 33, 33, 33, 33, 33, 33, 33, 33, 33, 33, 33, 33, 33, 33, 33, 33, 33, 33, 33, 33, 33, 33, 33, 33, 33, 33]",32.93968253968254,"[32.94761904761905, 32.94761904761905, 32.95079365079365, 32.95, 32.95079365079365, 32.94761904761905, 32.94761904761905, 32.95793650793651, 32.952380952380956, 32.94761904761905, 32.949999999999996, 32.94920634920635, 32.946825396825396, 32.95, 32.94126984126984, 32.94761904761905, 32.952380952380956, 32.957142857142856, 32.9547619047619, 32.95079365079365, 32.95, 32.952380952380956, 32.955555555555556, 32.95079365079365, 32.9436507936508, 32.94126984126984, 32.94444444444444, 32.94206349206349, 32.9436507936508, 32.94126984126984, 32.94365079365079, 32.94126984126984, 32.94603174603174, 32.948412698412696, 32.94603174603175, 32.945238095238096, 32.948412698412696, 32.95238095238095, 32.94761904761904, 32.946825396825396, 32.94920634920635, 32.945238095238096, 32.94920634920635, 32.9436507936508, 32.95079365079365, 32.94761904761904, 32.94444444444444, 32.9420634920635, 32.94285714285714, 32.94603174603175, 32.94047619047619, 32.94365079365079, 32.9436507936508, 32.938095238095244, 32.948412698412696, 32.9515873015873, 32.94920634920635, 32.953968253968256, 32.95079365079365, 32.953968253968256, 32.9547619047619, 32.94920634920635, 32.94920634920635, 32.94920634920635, 32.94444444444444, 32.94444444444444, 32.94365079365079, 32.95079365079365, 32.94920634920635, 32.9515873015873, 32.946825396825396, 32.94920634920635, 32.94761904761905, 32.945238095238096, 32.94444444444444, 32.945238095238096, 32.94444444444444, 32.939682539682536, 32.93650793650794, 32.93968253968254]",0.7505593672338773,0.7158995762002293,33,"[33, 33, 33, 33, 33, 33, 33, 33, 33, 33, 33, 33, 33, 33, 33, 33, 33, 33, 33, 33, 33, 33, 33, 33, 33, 33, 33, 33, 33, 33, 33, 33, 33, 33, 33, 33, 33, 33, 33, 33, 33, 33, 33, 33, 33, 33, 33, 33, 33, 33, 33, 33, 33, 33, 33, 33, 33, 33, 33, 33, 33, 33, 33, 33, 33, 33, 33, 33, 33, 33, 33, 33, 33, 33, 33, 33, 33, 33, 33, 33]",80,"[0.4810008108615875, 0.4522022306919098, 0.4469437897205353, 0.4443804919719696, 0.44266533851623535, 0.4410971701145172, 0.4396580457687378, 0.4383195638656616, 0.4370144307613373, 0.4358243942260742, 0.4346766173839569, 0.43358272314071655, 0.4325558841228485, 0.4315902590751648, 0.43065834045410156, 0.42977315187454224, 0.42895376682281494, 0.4281977713108063, 0.4274350702762604, 0.42669564485549927, 0.4259782135486603, 0.4253319501876831, 0.4246729612350464, 0.42404478788375854, 0.4234653115272522, 0.4229004681110382, 0.42236483097076416, 0.4218762218952179, 0.4213293194770813, 0.42084845900535583, 0.4203547537326813, 0.4199317991733551, 0.4195190668106079, 0.4190256595611572, 0.418607622385025, 0.4182109832763672, 0.4177531898021698, 0.4174247980117798, 0.4169864356517792, 0.41662806272506714, 0.4162449538707733, 0.41589295864105225, 0.415498286485672, 0.4151926338672638, 0.414805144071579, 0.41446563601493835, 0.4141407012939453, 0.4138149917125702, 0.41351833939552307, 0.4131888449192047, 0.4128814935684204, 0.41260504722595215, 0.41220661997795105, 0.4119300842285156, 0.41161268949508667, 0.41131526231765747, 0.41105353832244873, 0.4107619524002075, 0.41047200560569763, 0.4101533591747284, 0.40983885526657104, 0.40957221388816833, 0.4092969000339508, 0.40899503231048584, 0.40873777866363525, 0.4084714651107788, 0.40817713737487793, 0.4079309403896332, 0.4077166020870209, 0.40738797187805176, 0.40715527534484863, 0.4068615734577179, 0.4065984785556793, 0.4063257575035095, 0.4060649573802948, 0.40576785802841187, 0.40552353858947754, 0.4052303731441498, 0.4049777686595917, 0.40471306443214417]",33.0,"[33.0, 33.0, 33.0, 33.0, 33.0, 33.0, 33.0, 33.0, 33.0, 33.0, 33.0, 33.0, 33.0, 33.0, 33.0, 33.0, 33.0, 33.0, 33.0, 33.0, 33.0, 33.0, 33.0, 33.0, 33.0, 33.0, 33.0, 33.0, 33.0, 33.0, 33.0, 33.0, 33.0, 33.0, 33.0, 33.0, 33.0, 33.0, 33.0, 33.0, 33.0, 33.0, 33.0, 33.0, 33.0, 33.0, 33.0, 33.0, 33.0, 33.0, 33.0, 33.0, 33.0, 33.0, 33.0, 33.0, 33.0, 33.0, 33.0, 33.0, 33.0, 33.0, 33.0, 33.0, 33.0, 33.0, 33.0, 33.0, 33.0, 33.0, 33.0, 33.0, 33.0, 33.0, 33.0, 33.0, 33.0, 33.0, 33.0, 33.0]",COMPLETE
130,130,0.5,2024-08-31 05:33:50.341682,2024-08-31 05:34:45.453391,0 days 00:00:55.111709,1,1.0777674618889217,4,50,0.44986384382674277,94,0.020298622875558774,0.859,0.85875,0,"[0, 0, 0, 0, 0, 0, 0, 0, 0, 0, 0, 0, 0, 0, 0, 0, 0, 0, 0, 0, 0, 0, 0, 0, 0, 0, 0, 0, 0, 0, 0, 0, 0, 0, 0, 0, 0, 0, 0, 0, 0, 0, 0, 0, 0, 0, 0, 0, 0, 0]",0.0,"[0.0, 0.0, 0.0, 0.0, 0.0, 0.0, 0.0, 0.0, 0.0, 0.0, 0.0, 0.0, 0.0, 0.0, 0.0, 0.0, 0.0, 0.0, 0.0, 0.0, 0.0, 0.0, 0.0, 0.0, 0.0, 0.0, 0.0, 0.0, 0.0, 0.0, 0.0, 0.0, 0.0, 0.0, 0.0, 0.0, 0.0, 0.0, 0.0, 0.0, 0.0, 0.0, 0.0, 0.0, 0.0, 0.0, 0.0, 0.0, 0.0, 0.0]",0.5,0.5,0,"[0, 0, 0, 0, 0, 0, 0, 0, 0, 0, 0, 0, 0, 0, 0, 0, 0, 0, 0, 0, 0, 0, 0, 0, 0, 0, 0, 0, 0, 0, 0, 0, 0, 0, 0, 0, 0, 0, 0, 0, 0, 0, 0, 0, 0, 0, 0, 0, 0, 0]",50,"[0.44831591844558716, 0.40837669372558594, 0.46102726459503174, 0.4338730573654175, 0.4470025599002838, 0.4137285351753235, 0.44770994782447815, 0.5784357190132141, 0.467925488948822, 0.4521656930446625, 0.5678445100784302, 0.4469173550605774, 0.44121333956718445, 1.3076192140579224, 0.4461232125759125, 0.41680338978767395, 0.6141016483306885, 0.40745460987091064, 0.4114857017993927, 0.43210333585739136, 0.40753450989723206, 0.44571608304977417, 0.4087589979171753, 0.6044686436653137, 0.44038376212120056, 0.43945199251174927, 0.5194677114486694, 0.4970601797103882, 0.4078749716281891, 0.5747162699699402, 0.5504473447799683, 0.40825963020324707, 0.8115083575248718, 0.6069080233573914, 0.4207400977611542, 0.4746492803096771, 0.5772514939308167, 0.4453917443752289, 0.4081181287765503, 0.4481620788574219, 0.42538756132125854, 1.0338716506958008, 0.43962836265563965, 0.4322940707206726, 0.4435543715953827, 0.4606550633907318, 0.4236231744289398, 0.40789180994033813, 0.4789339005947113, 0.45727357268333435]",0.0,"[0.0, 0.0, 0.0, 0.0, 0.0, 0.0, 0.0, 0.0, 0.0, 0.0, 0.0, 0.0, 0.0, 0.0, 0.0, 0.0, 0.0, 0.0, 0.0, 0.0, 0.0, 0.0, 0.0, 0.0, 0.0, 0.0, 0.0, 0.0, 0.0, 0.0, 0.0, 0.0, 0.0, 0.0, 0.0, 0.0, 0.0, 0.0, 0.0, 0.0, 0.0, 0.0, 0.0, 0.0, 0.0, 0.0, 0.0, 0.0, 0.0, 0.0]",COMPLETE
