,number,value,datetime_start,datetime_complete,duration,params_batch_size_scaler,params_constant_learning_rate,params_depth,params_epochs,params_kernel_l2,params_num_trees,params_temperature,user_attrs_accuracy_test,user_attrs_accuracy_valid,user_attrs_approximate_feature_sparsity,user_attrs_approximate_feature_sparsity_history,user_attrs_approximate_weight_sparsity,user_attrs_approximate_weight_sparsity_history,user_attrs_auc_test,user_attrs_auc_valid,user_attrs_feature_sparsity,user_attrs_feature_sparsity_history,user_attrs_num_epochs,user_attrs_val_loss_history,user_attrs_weight_sparsity,user_attrs_weight_sparsity_history,state
167,167,0.7862902706393065,2024-08-31 07:21:23.605013,2024-08-31 07:23:21.772119,0 days 00:01:58.167106,1,5.999009088379261,4,115,0.0013575502496510784,82,0.0019668604182210892,0.859,0.85875,4,"[5, 4, 4, 4, 4, 4, 4, 4, 4, 4, 4, 4, 4, 4, 4, 4, 4, 4, 4, 4, 4, 4, 4, 4, 4, 4, 4, 4, 4, 4, 4, 4, 4, 4, 4, 4, 4, 4, 4, 4, 4, 4, 4, 4, 4, 4, 4, 4, 4, 4, 4, 4, 4, 4, 4, 4, 4, 4, 4, 4, 4, 4, 4, 4, 4, 4, 4, 4, 4, 4, 4, 4, 4, 4, 4, 4, 4, 4, 4, 4, 4, 4, 4, 4, 4, 4, 4, 4, 4, 4, 4, 4, 4, 4, 4, 4, 4, 4, 4, 4, 4, 4, 4, 4, 4, 4, 4, 4, 4, 4, 4, 4, 4, 4, 4]",3.984552845528455,"[4.995121951219512, 3.996747967479675, 3.997560975609756, 3.9943089430894307, 3.9934959349593493, 3.992682926829268, 3.996747967479675, 3.9902439024390244, 3.996747967479675, 3.9967479674796746, 3.988617886178862, 3.9926829268292683, 3.9959349593495936, 3.991056910569106, 3.988617886178862, 3.9934959349593497, 3.988617886178862, 3.9886178861788615, 3.991869918699187, 3.9902439024390244, 3.9934959349593493, 3.9934959349593497, 3.991056910569106, 3.9837398373983737, 3.9869918699186995, 3.98780487804878, 3.9886178861788615, 3.9926829268292683, 3.9886178861788615, 3.986991869918699, 3.9902439024390244, 3.989430894308943, 3.991056910569106, 3.988617886178862, 3.9886178861788615, 3.9853658536585366, 3.9878048780487805, 3.9878048780487805, 3.9918699186991873, 3.984552845528455, 3.9869918699186995, 3.987804878048781, 3.986991869918699, 3.9853658536585366, 3.983739837398374, 3.9902439024390244, 3.9869918699186995, 3.9869918699186995, 3.9886178861788615, 3.98130081300813, 3.984552845528455, 3.9821138211382117, 3.991056910569106, 3.991056910569106, 3.987804878048781, 3.9902439024390244, 3.9861788617886176, 3.9853658536585366, 3.991056910569106, 3.989430894308943, 3.986991869918699, 3.984552845528455, 3.9886178861788615, 3.9878048780487805, 3.989430894308943, 3.9878048780487805, 3.988617886178862, 3.9902439024390244, 3.988617886178862, 3.9837398373983737, 3.9869918699186995, 3.991056910569106, 3.9869918699186995, 3.9886178861788615, 3.9902439024390244, 3.98780487804878, 3.988617886178862, 3.986178861788618, 3.9869918699186995, 3.988617886178862, 3.989430894308943, 3.9886178861788615, 3.988617886178862, 3.9902439024390244, 3.989430894308943, 3.989430894308943, 3.986178861788618, 3.984552845528455, 3.984552845528455, 3.9837398373983737, 3.986178861788618, 3.9902439024390244, 3.9886178861788615, 3.9886178861788615, 3.9886178861788615, 3.9886178861788615, 3.989430894308943, 3.9902439024390244, 3.9878048780487805, 3.986178861788618, 3.986178861788618, 3.986178861788618, 3.986178861788618, 3.984552845528455, 3.986991869918699, 3.9853658536585366, 3.9829268292682922, 3.9837398373983737, 3.9829268292682927, 3.9829268292682922, 3.9829268292682927, 3.983739837398374, 3.9829268292682927, 3.982926829268293, 3.984552845528455]",0.7898843286354742,0.7862902706393065,4,"[5, 4, 4, 4, 4, 4, 4, 4, 4, 4, 4, 4, 4, 4, 4, 4, 4, 4, 4, 4, 4, 4, 4, 4, 4, 4, 4, 4, 4, 4, 4, 4, 4, 4, 4, 4, 4, 4, 4, 4, 4, 4, 4, 4, 4, 4, 4, 4, 4, 4, 4, 4, 4, 4, 4, 4, 4, 4, 4, 4, 4, 4, 4, 4, 4, 4, 4, 4, 4, 4, 4, 4, 4, 4, 4, 4, 4, 4, 4, 4, 4, 4, 4, 4, 4, 4, 4, 4, 4, 4, 4, 4, 4, 4, 4, 4, 4, 4, 4, 4, 4, 4, 4, 4, 4, 4, 4, 4, 4, 4, 4, 4, 4, 4, 4]",115,"[3.2550487518310547, 1.3618942499160767, 1.3892264366149902, 2.4205515384674072, 0.8253138661384583, 1.0931017398834229, 0.43642914295196533, 0.5990229845046997, 0.667579174041748, 2.1980483531951904, 0.9897679686546326, 1.624916434288025, 1.1472545862197876, 0.8112526535987854, 3.0579946041107178, 0.7773069739341736, 0.967591404914856, 1.108602523803711, 1.3347631692886353, 1.3177152872085571, 0.8351699709892273, 3.679380416870117, 1.2115586996078491, 1.479380488395691, 2.884052038192749, 1.8693979978561401, 0.8299955725669861, 1.0726971626281738, 0.8898754119873047, 1.1330397129058838, 0.9470347762107849, 1.0606123208999634, 1.0217612981796265, 1.7511745691299438, 0.8500494956970215, 0.9286819696426392, 0.8275424838066101, 1.2715709209442139, 1.0252143144607544, 0.782314658164978, 2.7469942569732666, 1.090047836303711, 0.7677602171897888, 0.9299058318138123, 1.2971160411834717, 1.2673417329788208, 3.0213844776153564, 0.7925758957862854, 3.190952777862549, 6.062139987945557, 0.6574044823646545, 0.90055251121521, 1.1970316171646118, 1.0646765232086182, 4.678624629974365, 0.5169847011566162, 1.8171484470367432, 1.2807754278182983, 3.4514052867889404, 7.421401500701904, 1.1930774450302124, 0.4966239631175995, 0.7783639430999756, 1.0978296995162964, 1.714124321937561, 0.8481982350349426, 1.3166455030441284, 1.4916963577270508, 1.1663870811462402, 0.9434108734130859, 0.8822585344314575, 0.6587992310523987, 0.8327245116233826, 1.35518217086792, 1.0599356889724731, 0.8433440923690796, 1.3700168132781982, 2.320739269256592, 4.046667098999023, 1.9899479150772095, 1.675256609916687, 0.7944309115409851, 3.4729747772216797, 0.7634726762771606, 0.8416610956192017, 0.9539410471916199, 0.7543535828590393, 0.7052853107452393, 2.8141984939575195, 3.230593204498291, 1.1993422508239746, 6.795854091644287, 1.6110620498657227, 1.5243228673934937, 0.6401176452636719, 0.6822354197502136, 0.8461480140686035, 3.6321518421173096, 0.9626643657684326, 2.3034112453460693, 1.0879226922988892, 0.8189522624015808, 7.42086124420166, 1.3158029317855835, 4.462878704071045, 0.9077821373939514, 3.167051315307617, 1.5844932794570923, 0.9732372164726257, 0.8443166613578796, 1.7091107368469238, 0.753010094165802, 1.1483509540557861, 0.9223137497901917, 1.3977471590042114]",4.0,"[5.0, 4.0, 4.0, 4.0, 4.0, 4.0, 4.0, 4.0, 4.0, 4.0, 4.0, 4.0, 4.0, 4.0, 4.0, 4.0, 4.0, 4.0, 4.0, 4.0, 4.0, 4.0, 4.0, 4.0, 4.0, 4.0, 4.0, 4.0, 4.0, 4.0, 4.0, 4.0, 4.0, 4.0, 4.0, 4.0, 4.0, 4.0, 4.0, 4.0, 4.0, 4.0, 4.0, 4.0, 4.0, 4.0, 4.0, 4.0, 4.0, 4.0, 4.0, 4.0, 4.0, 4.0, 4.0, 4.0, 4.0, 4.0, 4.0, 4.0, 4.0, 4.0, 4.0, 4.0, 4.0, 4.0, 4.0, 4.0, 4.0, 4.0, 4.0, 4.0, 4.0, 4.0, 4.0, 4.0, 4.0, 4.0, 4.0, 4.0, 4.0, 4.0, 4.0, 4.0, 4.0, 4.0, 4.0, 4.0, 4.0, 4.0, 4.0, 4.0, 4.0, 4.0, 4.0, 4.0, 4.0, 4.0, 4.0, 4.0, 4.0, 4.0, 4.0, 4.0, 4.0, 4.0, 4.0, 4.0, 4.0, 4.0, 4.0, 4.0, 4.0, 4.0, 4.0]",COMPLETE
