,number,value,datetime_start,datetime_complete,duration,params_batch_size_scaler,params_constant_learning_rate,params_depth,params_epochs,params_kernel_l2,params_num_trees,params_temperature,user_attrs_accuracy_test,user_attrs_accuracy_valid,user_attrs_approximate_feature_sparsity,user_attrs_approximate_feature_sparsity_history,user_attrs_approximate_weight_sparsity,user_attrs_approximate_weight_sparsity_history,user_attrs_auc_test,user_attrs_auc_valid,user_attrs_feature_sparsity,user_attrs_feature_sparsity_history,user_attrs_num_epochs,user_attrs_val_loss_history,user_attrs_weight_sparsity,user_attrs_weight_sparsity_history,state
96,96,0.9323981399183316,2024-08-31 04:14:41.772443,2024-08-31 04:16:36.451214,0 days 00:01:54.678771,4,0.09268311340189249,3,365,0.0016126791696672643,32,0.043403026407049884,0.952,0.95,33,"[33, 33, 33, 33, 33, 33, 33, 33, 33, 33, 33, 33, 33, 33, 33, 33, 33, 33, 33, 33, 33, 33, 33, 33, 33, 33, 33, 33, 33, 33, 33, 33, 33, 33, 33, 33, 33, 33, 33, 33, 33, 33, 33, 33, 33, 33, 33, 33, 33, 33, 33, 33, 33, 33, 33, 33, 33, 33, 33, 33, 33, 33, 33, 33, 33, 33, 33, 33, 33, 33, 33, 33, 33, 33, 33, 33, 33, 33, 33, 33, 33, 33, 33, 33, 33, 33, 33, 33, 33, 33, 33, 33, 33, 33, 33, 33, 33, 33, 33, 33, 33, 33, 33, 33, 33, 33, 33, 33, 33, 33, 33, 33, 33, 33, 33, 33, 33, 33, 33, 33, 33, 33, 33, 33, 33, 33, 33, 33, 33, 33, 33, 33, 33, 33, 33, 33, 33, 33, 33, 33, 33, 33, 33, 33, 33, 33, 33, 33, 33, 33, 33, 33, 33, 33, 33, 33, 33, 33, 33, 33, 33, 33, 33, 33, 33, 33, 33, 33, 33, 33, 33, 33, 33, 33, 33, 33, 33, 33, 33, 33, 33, 33, 33, 33, 33, 33, 33, 33, 33, 33, 33, 33, 33, 33, 33, 33, 33, 33, 33, 33, 33, 33, 33, 33, 33, 33, 33, 33, 33, 33, 33, 33, 33, 33, 33, 33, 33, 33, 33, 33, 33, 33, 33, 33, 33, 33, 33, 33, 33, 33, 33, 33, 33, 33, 33, 33, 33, 33, 33, 33, 33, 33, 33, 33, 33, 33, 33, 33, 33, 33, 33, 33, 33, 33, 33, 33, 33, 33, 33, 33, 33, 33, 33, 33, 33, 33, 33, 33, 33, 33, 33, 33, 33, 33, 33, 33, 33, 33, 33, 33, 33, 33, 33, 33, 33, 33, 33, 33, 33, 33, 33, 33, 33, 33, 33, 33, 33, 33, 33, 33, 33, 33, 33, 33, 33, 33, 33, 33, 33, 33, 33, 33, 33, 33, 33, 33, 33, 33, 33, 33, 33, 33, 33, 33, 33, 33, 33, 33, 33, 33, 33, 33, 33, 33, 33, 33, 33, 33, 33, 33, 33, 33, 33, 33, 33, 33, 33, 33, 33, 33, 33, 33, 33, 33, 33, 33, 33, 33, 33, 33, 33, 33, 33, 33, 33]",32.98214285714286,"[32.973214285714285, 32.98214285714286, 32.98214285714286, 32.95982142857143, 32.986607142857146, 32.98214285714286, 32.99107142857143, 32.98214285714286, 32.986607142857146, 32.98214285714286, 32.96875, 32.96875, 32.986607142857146, 32.964285714285715, 32.986607142857146, 32.98214285714286, 32.97767857142857, 32.986607142857146, 32.98214285714286, 32.97321428571429, 32.98214285714286, 32.98660714285714, 32.97767857142857, 32.96875, 32.98214285714286, 32.98214285714286, 32.97767857142857, 32.95982142857143, 32.986607142857146, 32.97321428571429, 32.99107142857143, 33.0, 32.99107142857143, 32.986607142857146, 32.986607142857146, 32.96875, 32.973214285714285, 32.95982142857143, 32.986607142857146, 32.98214285714286, 32.986607142857146, 32.986607142857146, 32.96875, 32.98214285714286, 32.96875, 32.973214285714285, 32.982142857142854, 32.96875, 32.964285714285715, 32.96875, 32.964285714285715, 32.98214285714286, 32.96875, 32.973214285714285, 32.96875, 32.995535714285715, 32.98660714285714, 32.98214285714286, 32.973214285714285, 32.973214285714285, 32.97767857142857, 32.98214285714286, 32.964285714285715, 32.98214285714286, 32.98214285714286, 32.986607142857146, 32.98660714285714, 32.986607142857146, 32.97767857142857, 32.97767857142857, 32.99107142857143, 32.986607142857146, 32.99107142857143, 32.98214285714286, 32.98214285714286, 32.97767857142857, 32.97767857142857, 32.995535714285715, 32.97767857142857, 32.99107142857143, 32.986607142857146, 32.99107142857143, 32.98660714285714, 33.0, 32.98214285714286, 32.98214285714286, 32.98660714285714, 32.96875, 32.97767857142857, 32.973214285714285, 32.96875, 32.98214285714286, 32.995535714285715, 32.98660714285714, 32.98214285714286, 32.97767857142857, 32.97767857142857, 32.95982142857143, 32.96875, 32.98214285714286, 32.995535714285715, 32.97767857142857, 32.986607142857146, 32.98214285714286, 32.99107142857143, 32.99107142857143, 32.99107142857143, 32.986607142857146, 32.986607142857146, 32.995535714285715, 32.98214285714286, 32.97767857142857, 32.964285714285715, 32.98660714285714, 32.98214285714286, 32.99107142857143, 32.98660714285714, 32.97767857142857, 32.97321428571429, 32.973214285714285, 32.98214285714286, 32.99107142857143, 32.986607142857146, 32.986607142857146, 32.986607142857146, 32.99107142857143, 32.995535714285715, 32.97767857142857, 32.964285714285715, 32.98214285714286, 32.995535714285715, 32.97767857142857, 32.96875, 32.973214285714285, 32.986607142857146, 32.97767857142857, 32.99107142857143, 32.986607142857146, 32.98214285714286, 32.97767857142857, 32.99107142857143, 32.986607142857146, 32.986607142857146, 32.98660714285714, 32.986607142857146, 32.97767857142857, 33.0, 32.99107142857143, 32.99107142857143, 32.986607142857146, 32.973214285714285, 32.986607142857146, 32.99107142857143, 32.98214285714286, 32.99107142857143, 32.98214285714286, 32.99107142857143, 32.99107142857143, 32.99107142857143, 32.99107142857143, 32.98214285714286, 32.98214285714286, 32.986607142857146, 32.96875, 32.99107142857143, 32.986607142857146, 32.973214285714285, 32.98660714285714, 32.97321428571429, 32.97767857142857, 32.99107142857143, 32.97767857142857, 32.97767857142857, 32.97767857142857, 32.99107142857143, 32.973214285714285, 32.973214285714285, 32.98214285714286, 32.99107142857143, 32.986607142857146, 32.97767857142857, 32.97767857142857, 32.973214285714285, 32.97767857142857, 32.97767857142857, 33.0, 32.99107142857143, 32.98660714285714, 32.995535714285715, 33.0, 32.98214285714286, 32.97767857142857, 32.97767857142857, 32.98214285714286, 32.973214285714285, 32.973214285714285, 32.97767857142857, 32.97767857142857, 32.995535714285715, 32.99107142857143, 32.99107142857143, 32.986607142857146, 32.986607142857146, 32.973214285714285, 32.98660714285714, 32.986607142857146, 32.99107142857143, 32.99107142857143, 32.99107142857143, 32.97767857142857, 32.973214285714285, 32.96875, 32.96875, 32.964285714285715, 32.964285714285715, 32.96875, 32.99107142857143, 32.98214285714286, 32.96875, 32.98214285714286, 32.98214285714286, 32.98214285714286, 32.98214285714286, 32.97767857142857, 32.98214285714286, 32.964285714285715, 32.98214285714286, 32.97767857142857, 32.995535714285715, 33.0, 32.986607142857146, 32.98214285714286, 32.96875, 32.98214285714286, 32.995535714285715, 32.99107142857143, 32.98660714285714, 32.995535714285715, 32.986607142857146, 32.995535714285715, 32.986607142857146, 32.99107142857143, 32.97767857142857, 32.98214285714286, 32.96875, 32.96875, 32.96875, 32.973214285714285, 32.973214285714285, 32.986607142857146, 32.98214285714286, 32.99107142857143, 32.97767857142857, 32.995535714285715, 32.995535714285715, 32.99107142857143, 32.995535714285715, 32.995535714285715, 32.995535714285715, 32.99107142857143, 32.99107142857143, 32.973214285714285, 32.995535714285715, 32.97767857142857, 32.99107142857143, 32.99107142857143, 32.98214285714286, 32.98214285714286, 32.98214285714286, 32.973214285714285, 32.955357142857146, 32.96875, 32.97767857142857, 32.98214285714286, 32.995535714285715, 32.986607142857146, 32.995535714285715, 32.98214285714286, 32.99107142857143, 32.97767857142857, 32.98214285714286, 32.98214285714286, 32.97767857142857, 32.973214285714285, 32.97767857142857, 32.97767857142857, 32.96875, 32.964285714285715, 32.986607142857146, 32.986607142857146, 32.97767857142857, 32.973214285714285, 32.973214285714285, 32.97767857142857, 32.98214285714286, 32.98214285714286, 32.986607142857146, 32.986607142857146, 32.97767857142857, 32.964285714285715, 32.98214285714286, 32.97767857142857, 32.99107142857143, 32.986607142857146, 32.97767857142857, 32.995535714285715, 32.99107142857143, 32.97767857142857, 32.98660714285714, 32.98660714285714, 32.986607142857146, 32.98660714285714, 32.995535714285715, 32.99107142857143, 32.986607142857146, 32.99107142857143, 32.99107142857143, 33.0, 32.995535714285715, 33.0, 32.995535714285715, 32.995535714285715, 33.0, 32.98660714285714, 32.995535714285715, 32.995535714285715, 32.99107142857143, 32.982142857142854, 32.99107142857143, 32.98660714285714, 32.99107142857143, 33.0, 32.995535714285715, 32.982142857142854, 32.986607142857146, 32.973214285714285, 32.986607142857146, 32.98214285714286, 32.98214285714286, 32.986607142857146, 32.98214285714286, 32.97767857142857, 32.99107142857143, 32.99107142857143, 32.995535714285715, 32.99107142857143, 32.98660714285714, 32.995535714285715, 32.99107142857143, 32.995535714285715, 32.99107142857143, 32.99107142857143, 32.98660714285714, 32.995535714285715, 32.96875, 32.986607142857146, 32.97767857142857, 32.97767857142857, 32.98214285714286, 32.973214285714285, 32.98214285714286, 32.973214285714285, 32.97321428571429, 32.973214285714285, 32.98214285714286]",0.9172962128154954,0.9323981399183316,33,"[33, 33, 33, 33, 33, 33, 33, 33, 33, 33, 33, 33, 33, 33, 33, 33, 33, 33, 33, 33, 33, 33, 33, 33, 33, 33, 33, 33, 33, 33, 33, 33, 33, 33, 33, 33, 33, 33, 33, 33, 33, 33, 33, 33, 33, 33, 33, 33, 33, 33, 33, 33, 33, 33, 33, 33, 33, 33, 33, 33, 33, 33, 33, 33, 33, 33, 33, 33, 33, 33, 33, 33, 33, 33, 33, 33, 33, 33, 33, 33, 33, 33, 33, 33, 33, 33, 33, 33, 33, 33, 33, 33, 33, 33, 33, 33, 33, 33, 33, 33, 33, 33, 33, 33, 33, 33, 33, 33, 33, 33, 33, 33, 33, 33, 33, 33, 33, 33, 33, 33, 33, 33, 33, 33, 33, 33, 33, 33, 33, 33, 33, 33, 33, 33, 33, 33, 33, 33, 33, 33, 33, 33, 33, 33, 33, 33, 33, 33, 33, 33, 33, 33, 33, 33, 33, 33, 33, 33, 33, 33, 33, 33, 33, 33, 33, 33, 33, 33, 33, 33, 33, 33, 33, 33, 33, 33, 33, 33, 33, 33, 33, 33, 33, 33, 33, 33, 33, 33, 33, 33, 33, 33, 33, 33, 33, 33, 33, 33, 33, 33, 33, 33, 33, 33, 33, 33, 33, 33, 33, 33, 33, 33, 33, 33, 33, 33, 33, 33, 33, 33, 33, 33, 33, 33, 33, 33, 33, 33, 33, 33, 33, 33, 33, 33, 33, 33, 33, 33, 33, 33, 33, 33, 33, 33, 33, 33, 33, 33, 33, 33, 33, 33, 33, 33, 33, 33, 33, 33, 33, 33, 33, 33, 33, 33, 33, 33, 33, 33, 33, 33, 33, 33, 33, 33, 33, 33, 33, 33, 33, 33, 33, 33, 33, 33, 33, 33, 33, 33, 33, 33, 33, 33, 33, 33, 33, 33, 33, 33, 33, 33, 33, 33, 33, 33, 33, 33, 33, 33, 33, 33, 33, 33, 33, 33, 33, 33, 33, 33, 33, 33, 33, 33, 33, 33, 33, 33, 33, 33, 33, 33, 33, 33, 33, 33, 33, 33, 33, 33, 33, 33, 33, 33, 33, 33, 33, 33, 33, 33, 33, 33, 33, 33, 33, 33, 33, 33, 33, 33, 33, 33, 33, 33, 33, 33, 33]",365,"[0.3834545612335205, 0.3715527653694153, 0.3662562966346741, 0.3641830384731293, 0.3589549660682678, 0.355777382850647, 0.35275277495384216, 0.34963348507881165, 0.3470408618450165, 0.34443172812461853, 0.3420461416244507, 0.33998623490333557, 0.33797982335090637, 0.33397066593170166, 0.33143290877342224, 0.3293299973011017, 0.3269274830818176, 0.32447612285614014, 0.32185661792755127, 0.3192965090274811, 0.31593456864356995, 0.31338509917259216, 0.31087571382522583, 0.30714017152786255, 0.3043530285358429, 0.30147960782051086, 0.29840314388275146, 0.29530924558639526, 0.2938387989997864, 0.2893270254135132, 0.2864370048046112, 0.2832842469215393, 0.2804763913154602, 0.2775677740573883, 0.2749306857585907, 0.2724434733390808, 0.2699901759624481, 0.2677154242992401, 0.26610076427459717, 0.2636586129665375, 0.2617252469062805, 0.26025086641311646, 0.25903192162513733, 0.2569710612297058, 0.2552395462989807, 0.2534363269805908, 0.2527131140232086, 0.25141558051109314, 0.25020313262939453, 0.24978113174438477, 0.24777837097644806, 0.24634769558906555, 0.2452642023563385, 0.24444451928138733, 0.24367721378803253, 0.24276411533355713, 0.24191053211688995, 0.24157504737377167, 0.23932082951068878, 0.23865190148353577, 0.23785769939422607, 0.2370414137840271, 0.23637224733829498, 0.2376992553472519, 0.23469191789627075, 0.23386940360069275, 0.23258523643016815, 0.23190192878246307, 0.231976717710495, 0.23072372376918793, 0.23005980253219604, 0.22899965941905975, 0.22883164882659912, 0.22662587463855743, 0.22638367116451263, 0.2258004993200302, 0.22471678256988525, 0.22426217794418335, 0.2242761254310608, 0.22268344461917877, 0.2225760668516159, 0.22224567830562592, 0.22063161432743073, 0.2206689864397049, 0.21984480321407318, 0.21866966784000397, 0.21929806470870972, 0.21935008466243744, 0.21645748615264893, 0.21769271790981293, 0.21463684737682343, 0.21685577929019928, 0.21319295465946198, 0.21447217464447021, 0.21369346976280212, 0.2122531682252884, 0.2114640176296234, 0.21228115260601044, 0.21075107157230377, 0.21019519865512848, 0.208685040473938, 0.20776458084583282, 0.20706914365291595, 0.20720869302749634, 0.20614580810070038, 0.20594659447669983, 0.2054208368062973, 0.2042846828699112, 0.2042565494775772, 0.20469997823238373, 0.2023574411869049, 0.20252396166324615, 0.20213903486728668, 0.2019607573747635, 0.20121246576309204, 0.20187675952911377, 0.19998414814472198, 0.19953127205371857, 0.1998806744813919, 0.19827482104301453, 0.19797223806381226, 0.1983242779970169, 0.1975819617509842, 0.19700974225997925, 0.19801652431488037, 0.196261927485466, 0.19480697810649872, 0.1939077228307724, 0.19484901428222656, 0.19591636955738068, 0.19613893330097198, 0.19270415604114532, 0.19277797639369965, 0.19283288717269897, 0.1926964521408081, 0.19268663227558136, 0.1911894977092743, 0.1922166794538498, 0.19114060699939728, 0.1915198564529419, 0.19121478497982025, 0.19080981612205505, 0.19015972316265106, 0.1895132213830948, 0.18968240916728973, 0.19024966657161713, 0.18993286788463593, 0.18758179247379303, 0.18827824294567108, 0.18818703293800354, 0.18730853497982025, 0.18690185248851776, 0.18856669962406158, 0.18731074035167694, 0.18717534840106964, 0.18498148024082184, 0.18653224408626556, 0.18621376156806946, 0.1856195479631424, 0.18476131558418274, 0.18523576855659485, 0.18446630239486694, 0.18372569978237152, 0.18384496867656708, 0.18434281647205353, 0.18423856794834137, 0.18367810547351837, 0.18403899669647217, 0.18445640802383423, 0.18407399952411652, 0.1845490038394928, 0.18257470428943634, 0.18618394434452057, 0.18158237636089325, 0.1821531355381012, 0.18306703865528107, 0.18182970583438873, 0.18082886934280396, 0.18187753856182098, 0.18267099559307098, 0.1828826367855072, 0.18155112862586975, 0.18227650225162506, 0.1807055026292801, 0.1804845929145813, 0.18350419402122498, 0.1804470419883728, 0.17981500923633575, 0.17958499491214752, 0.18130819499492645, 0.18036016821861267, 0.1804785281419754, 0.182414710521698, 0.18014678359031677, 0.1803312748670578, 0.18079149723052979, 0.178492471575737, 0.17953023314476013, 0.17913947999477386, 0.17968694865703583, 0.1785101741552353, 0.18031731247901917, 0.17867039144039154, 0.1784406453371048, 0.17955192923545837, 0.17872993648052216, 0.17844022810459137, 0.17874813079833984, 0.17774541676044464, 0.17728224396705627, 0.17740227282047272, 0.1769513487815857, 0.17842979729175568, 0.17777186632156372, 0.17753200232982635, 0.17782041430473328, 0.179875910282135, 0.17821428179740906, 0.17702068388462067, 0.17816898226737976, 0.17836423218250275, 0.17660313844680786, 0.17867857217788696, 0.17844083905220032, 0.17783333361148834, 0.17669445276260376, 0.1769576221704483, 0.1779918670654297, 0.17674392461776733, 0.17622511088848114, 0.17620523273944855, 0.1776968538761139, 0.17606046795845032, 0.17656666040420532, 0.17589162290096283, 0.1765000969171524, 0.17836695909500122, 0.17605309188365936, 0.17635177075862885, 0.17605572938919067, 0.17640787363052368, 0.17739807069301605, 0.17527997493743896, 0.17477579414844513, 0.17465732991695404, 0.17469558119773865, 0.1779509037733078, 0.17581263184547424, 0.17610779404640198, 0.17772823572158813, 0.1746700406074524, 0.17543086409568787, 0.17558398842811584, 0.17489871382713318, 0.1742471307516098, 0.1747921109199524, 0.1768769472837448, 0.1758306920528412, 0.17472006380558014, 0.17789797484874725, 0.1749614179134369, 0.173303484916687, 0.17373007535934448, 0.17581605911254883, 0.17516250908374786, 0.17512384057044983, 0.17564553022384644, 0.17622040212154388, 0.17382808029651642, 0.175273597240448, 0.17381992936134338, 0.1745867133140564, 0.17463259398937225, 0.17575892806053162, 0.17512667179107666, 0.1732003390789032, 0.17404024302959442, 0.17579373717308044, 0.17469963431358337, 0.17565180361270905, 0.17535462975502014, 0.17458343505859375, 0.1752343624830246, 0.1765216886997223, 0.17480245232582092, 0.173871248960495, 0.175333172082901, 0.17537285387516022, 0.17582009732723236, 0.17448976635932922, 0.17484351992607117, 0.1757504791021347, 0.17458371818065643, 0.17399783432483673, 0.1747339814901352, 0.17682386934757233, 0.17405730485916138, 0.17586451768875122, 0.17492645978927612, 0.17382343113422394, 0.17481161653995514, 0.1736171692609787, 0.1739555299282074, 0.17550788819789886, 0.17532005906105042, 0.1742880493402481, 0.17446495592594147, 0.17476825416088104, 0.1734963208436966, 0.17308492958545685, 0.17367568612098694, 0.17270149290561676, 0.17381040751934052, 0.17473645508289337, 0.17344407737255096, 0.17516884207725525, 0.1763831079006195, 0.1734938770532608, 0.17421220242977142, 0.1754833459854126, 0.17377987504005432, 0.17400453984737396, 0.17444686591625214, 0.17610010504722595, 0.1744995266199112, 0.17506465315818787, 0.1757657378911972, 0.17530755698680878, 0.17294210195541382, 0.17416751384735107, 0.1736295074224472, 0.17517191171646118, 0.17475612461566925, 0.17437881231307983, 0.17526866495609283, 0.17576482892036438, 0.1768360286951065, 0.17617014050483704, 0.17453554272651672, 0.17399127781391144, 0.17590944468975067, 0.17351406812667847, 0.17487914860248566, 0.17421947419643402, 0.17464959621429443, 0.17363685369491577, 0.1773785799741745, 0.17437580227851868, 0.17435666918754578, 0.17719826102256775, 0.17495203018188477, 0.17685990035533905, 0.17525024712085724, 0.17461824417114258, 0.17412035167217255, 0.17402492463588715, 0.17721597850322723, 0.17527219653129578, 0.17394565045833588, 0.17817354202270508, 0.1736958622932434, 0.17577825486660004, 0.17842137813568115, 0.17557452619075775, 0.17634791135787964]",33.0,"[33.0, 33.0, 33.0, 33.0, 33.0, 33.0, 33.0, 33.0, 33.0, 33.0, 33.0, 33.0, 33.0, 33.0, 33.0, 33.0, 33.0, 33.0, 33.0, 33.0, 33.0, 33.0, 33.0, 33.0, 33.0, 33.0, 33.0, 33.0, 33.0, 33.0, 33.0, 33.0, 33.0, 33.0, 33.0, 33.0, 33.0, 33.0, 33.0, 33.0, 33.0, 33.0, 33.0, 33.0, 33.0, 33.0, 33.0, 33.0, 33.0, 33.0, 33.0, 33.0, 33.0, 33.0, 33.0, 33.0, 33.0, 33.0, 33.0, 33.0, 33.0, 33.0, 33.0, 33.0, 33.0, 33.0, 33.0, 33.0, 33.0, 33.0, 33.0, 33.0, 33.0, 33.0, 33.0, 33.0, 33.0, 33.0, 33.0, 33.0, 33.0, 33.0, 33.0, 33.0, 33.0, 33.0, 33.0, 33.0, 33.0, 33.0, 33.0, 33.0, 33.0, 33.0, 33.0, 33.0, 33.0, 33.0, 33.0, 33.0, 33.0, 33.0, 33.0, 33.0, 33.0, 33.0, 33.0, 33.0, 33.0, 33.0, 33.0, 33.0, 33.0, 33.0, 33.0, 33.0, 33.0, 33.0, 33.0, 33.0, 33.0, 33.0, 33.0, 33.0, 33.0, 33.0, 33.0, 33.0, 33.0, 33.0, 33.0, 33.0, 33.0, 33.0, 33.0, 33.0, 33.0, 33.0, 33.0, 33.0, 33.0, 33.0, 33.0, 33.0, 33.0, 33.0, 33.0, 33.0, 33.0, 33.0, 33.0, 33.0, 33.0, 33.0, 33.0, 33.0, 33.0, 33.0, 33.0, 33.0, 33.0, 33.0, 33.0, 33.0, 33.0, 33.0, 33.0, 33.0, 33.0, 33.0, 33.0, 33.0, 33.0, 33.0, 33.0, 33.0, 33.0, 33.0, 33.0, 33.0, 33.0, 33.0, 33.0, 33.0, 33.0, 33.0, 33.0, 33.0, 33.0, 33.0, 33.0, 33.0, 33.0, 33.0, 33.0, 33.0, 33.0, 33.0, 33.0, 33.0, 33.0, 33.0, 33.0, 33.0, 33.0, 33.0, 33.0, 33.0, 33.0, 33.0, 33.0, 33.0, 33.0, 33.0, 33.0, 33.0, 33.0, 33.0, 33.0, 33.0, 33.0, 33.0, 33.0, 33.0, 33.0, 33.0, 33.0, 33.0, 33.0, 33.0, 33.0, 33.0, 33.0, 33.0, 33.0, 33.0, 33.0, 33.0, 33.0, 33.0, 33.0, 33.0, 33.0, 33.0, 33.0, 33.0, 33.0, 33.0, 33.0, 33.0, 33.0, 33.0, 33.0, 33.0, 33.0, 33.0, 33.0, 33.0, 33.0, 33.0, 33.0, 33.0, 33.0, 33.0, 33.0, 33.0, 33.0, 33.0, 33.0, 33.0, 33.0, 33.0, 33.0, 33.0, 33.0, 33.0, 33.0, 33.0, 33.0, 33.0, 33.0, 33.0, 33.0, 33.0, 33.0, 33.0, 33.0, 33.0, 33.0, 33.0, 33.0, 33.0, 33.0, 33.0, 33.0, 33.0, 33.0, 33.0, 33.0, 33.0, 33.0, 33.0, 33.0, 33.0, 33.0, 33.0, 33.0, 33.0, 33.0, 33.0, 33.0, 33.0, 33.0, 33.0, 33.0, 33.0, 33.0, 33.0, 33.0, 33.0, 33.0, 33.0, 33.0, 33.0, 33.0, 33.0, 33.0, 33.0, 33.0, 33.0, 33.0, 33.0, 33.0, 33.0, 33.0, 33.0, 33.0, 33.0, 33.0, 33.0, 33.0, 33.0, 33.0, 33.0, 33.0, 33.0, 33.0, 33.0, 33.0, 33.0, 33.0, 33.0, 33.0, 33.0, 33.0, 33.0, 33.0, 33.0, 33.0, 33.0, 33.0, 33.0, 33.0, 33.0, 33.0]",COMPLETE
