,number,value,datetime_start,datetime_complete,duration,params_batch_size_scaler,params_constant_learning_rate,params_depth,params_epochs,params_kernel_l2,params_num_trees,params_temperature,user_attrs_accuracy_test,user_attrs_accuracy_valid,user_attrs_approximate_feature_sparsity,user_attrs_approximate_feature_sparsity_history,user_attrs_approximate_weight_sparsity,user_attrs_approximate_weight_sparsity_history,user_attrs_auc_test,user_attrs_auc_valid,user_attrs_feature_sparsity,user_attrs_feature_sparsity_history,user_attrs_num_epochs,user_attrs_val_loss_history,user_attrs_weight_sparsity,user_attrs_weight_sparsity_history,state
29,29,0.5,2024-08-31 02:01:12.994150,2024-08-31 02:02:05.040920,0 days 00:00:52.046770,16,0.34194554318234255,1,435,0.8293893742197953,23,0.0762963872942064,0.859,0.85875,0,"[0, 0, 0, 0, 0, 0, 0, 0, 0, 0, 0, 0, 0, 0, 0, 0, 0, 0, 0, 0, 0, 0, 0, 0, 0, 0, 0, 0, 0, 0, 0, 0, 0, 0, 0, 0, 0, 0, 0, 0, 0, 0, 0, 0, 0, 0, 0, 0, 0, 0, 0, 0, 0, 0, 0, 0, 0, 0, 0, 0, 0, 0, 0, 0, 0, 0, 0, 0, 0, 0, 0, 0, 0, 0, 0, 0, 0, 0, 0, 0, 0, 0, 0, 0, 0, 0, 0, 0, 0, 0, 0, 0, 0, 0, 0, 0, 0, 0, 0, 0, 0, 0, 0, 0, 0, 0, 0, 0, 0, 0, 0, 0, 0, 0, 0, 0, 0, 0, 0, 0, 0, 0, 0, 0, 0, 0, 0, 0, 0, 0, 0, 0, 0, 0, 0, 0, 0, 0, 0, 0, 0, 0, 0, 0, 0, 0, 0, 0, 0, 0, 0, 0, 0, 0, 0, 0, 0, 0, 0, 0, 0, 0, 0, 0, 0, 0, 0, 0, 0, 0, 0, 0, 0, 0, 0, 0, 0, 0, 0, 0, 0, 0, 0, 0, 0, 0, 0, 0, 0, 0, 0, 0, 0, 0, 0, 0, 0, 0, 0, 0, 0, 0, 0, 0, 0, 0, 0, 0, 0, 0, 0, 0, 0, 0, 0, 0, 0, 0, 0, 0, 0, 0, 0, 0, 0, 0, 0, 0, 0, 0, 0, 0, 0, 0, 0, 0, 0, 0, 0, 0, 0, 0, 0, 0, 0, 0, 0, 0, 0, 0, 0, 0, 0, 0, 0, 0, 0, 0, 0, 0, 0, 0, 0, 0, 0, 0, 0, 0, 0, 0, 0, 0, 0, 0, 0, 0, 0, 0, 0, 0, 0, 0, 0, 0, 0, 0, 0, 0, 0, 0, 0, 0, 0, 0, 0, 0, 0, 0, 0, 0, 0, 0, 0, 0, 0, 0, 0, 0, 0, 0, 0, 0, 0, 0, 0, 0, 0, 0, 0, 0, 0, 0, 0, 0, 0, 0, 0, 0, 0, 0, 0, 0, 0, 0, 0, 0, 0, 0, 0, 0, 0, 0, 0, 0, 0, 0, 0, 0, 0, 0, 0, 0, 0, 0, 0, 0, 0, 0, 0, 0, 0, 0, 0, 0, 0, 0, 0, 0, 0, 0, 0, 0, 0, 0, 0, 0, 0, 0, 0, 0, 0, 0, 0, 0, 0, 0, 0, 0, 0, 0, 0, 0, 0, 0, 0, 0, 0, 0, 0, 0, 0, 0, 0, 0, 0, 0, 0, 0, 0, 0, 0, 0, 0, 0, 0, 0, 0, 0, 0, 0, 0, 0, 0, 0, 0, 0, 0, 0, 0, 0, 0, 0, 0, 0, 0]",0.0,"[0.0, 0.0, 0.0, 0.0, 0.0, 0.0, 0.0, 0.0, 0.0, 0.0, 0.0, 0.0, 0.0, 0.0, 0.0, 0.0, 0.0, 0.0, 0.0, 0.0, 0.0, 0.0, 0.0, 0.0, 0.0, 0.0, 0.0, 0.0, 0.0, 0.0, 0.0, 0.0, 0.0, 0.0, 0.0, 0.0, 0.0, 0.0, 0.0, 0.0, 0.0, 0.0, 0.0, 0.0, 0.0, 0.0, 0.0, 0.0, 0.0, 0.0, 0.0, 0.0, 0.0, 0.0, 0.0, 0.0, 0.0, 0.0, 0.0, 0.0, 0.0, 0.0, 0.0, 0.0, 0.0, 0.0, 0.0, 0.0, 0.0, 0.0, 0.0, 0.0, 0.0, 0.0, 0.0, 0.0, 0.0, 0.0, 0.0, 0.0, 0.0, 0.0, 0.0, 0.0, 0.0, 0.0, 0.0, 0.0, 0.0, 0.0, 0.0, 0.0, 0.0, 0.0, 0.0, 0.0, 0.0, 0.0, 0.0, 0.0, 0.0, 0.0, 0.0, 0.0, 0.0, 0.0, 0.0, 0.0, 0.0, 0.0, 0.0, 0.0, 0.0, 0.0, 0.0, 0.0, 0.0, 0.0, 0.0, 0.0, 0.0, 0.0, 0.0, 0.0, 0.0, 0.0, 0.0, 0.0, 0.0, 0.0, 0.0, 0.0, 0.0, 0.0, 0.0, 0.0, 0.0, 0.0, 0.0, 0.0, 0.0, 0.0, 0.0, 0.0, 0.0, 0.0, 0.0, 0.0, 0.0, 0.0, 0.0, 0.0, 0.0, 0.0, 0.0, 0.0, 0.0, 0.0, 0.0, 0.0, 0.0, 0.0, 0.0, 0.0, 0.0, 0.0, 0.0, 0.0, 0.0, 0.0, 0.0, 0.0, 0.0, 0.0, 0.0, 0.0, 0.0, 0.0, 0.0, 0.0, 0.0, 0.0, 0.0, 0.0, 0.0, 0.0, 0.0, 0.0, 0.0, 0.0, 0.0, 0.0, 0.0, 0.0, 0.0, 0.0, 0.0, 0.0, 0.0, 0.0, 0.0, 0.0, 0.0, 0.0, 0.0, 0.0, 0.0, 0.0, 0.0, 0.0, 0.0, 0.0, 0.0, 0.0, 0.0, 0.0, 0.0, 0.0, 0.0, 0.0, 0.0, 0.0, 0.0, 0.0, 0.0, 0.0, 0.0, 0.0, 0.0, 0.0, 0.0, 0.0, 0.0, 0.0, 0.0, 0.0, 0.0, 0.0, 0.0, 0.0, 0.0, 0.0, 0.0, 0.0, 0.0, 0.0, 0.0, 0.0, 0.0, 0.0, 0.0, 0.0, 0.0, 0.0, 0.0, 0.0, 0.0, 0.0, 0.0, 0.0, 0.0, 0.0, 0.0, 0.0, 0.0, 0.0, 0.0, 0.0, 0.0, 0.0, 0.0, 0.0, 0.0, 0.0, 0.0, 0.0, 0.0, 0.0, 0.0, 0.0, 0.0, 0.0, 0.0, 0.0, 0.0, 0.0, 0.0, 0.0, 0.0, 0.0, 0.0, 0.0, 0.0, 0.0, 0.0, 0.0, 0.0, 0.0, 0.0, 0.0, 0.0, 0.0, 0.0, 0.0, 0.0, 0.0, 0.0, 0.0, 0.0, 0.0, 0.0, 0.0, 0.0, 0.0, 0.0, 0.0, 0.0, 0.0, 0.0, 0.0, 0.0, 0.0, 0.0, 0.0, 0.0, 0.0, 0.0, 0.0, 0.0, 0.0, 0.0, 0.0, 0.0, 0.0, 0.0, 0.0, 0.0, 0.0, 0.0, 0.0, 0.0, 0.0, 0.0, 0.0, 0.0, 0.0, 0.0, 0.0, 0.0, 0.0, 0.0, 0.0, 0.0, 0.0, 0.0, 0.0, 0.0, 0.0, 0.0, 0.0, 0.0, 0.0, 0.0, 0.0, 0.0, 0.0, 0.0, 0.0, 0.0, 0.0, 0.0, 0.0, 0.0, 0.0, 0.0, 0.0, 0.0, 0.0, 0.0, 0.0, 0.0, 0.0, 0.0, 0.0, 0.0, 0.0, 0.0, 0.0, 0.0, 0.0, 0.0, 0.0, 0.0, 0.0, 0.0, 0.0, 0.0, 0.0, 0.0, 0.0, 0.0, 0.0, 0.0, 0.0, 0.0, 0.0, 0.0, 0.0, 0.0, 0.0, 0.0, 0.0, 0.0, 0.0, 0.0, 0.0, 0.0, 0.0, 0.0, 0.0, 0.0, 0.0, 0.0, 0.0, 0.0, 0.0, 0.0, 0.0, 0.0, 0.0, 0.0, 0.0, 0.0, 0.0, 0.0]",0.5,0.5,0,"[0, 0, 0, 0, 0, 0, 0, 0, 0, 0, 0, 0, 0, 0, 0, 0, 0, 0, 0, 0, 0, 0, 0, 0, 0, 0, 0, 0, 0, 0, 0, 0, 0, 0, 0, 0, 0, 0, 0, 0, 0, 0, 0, 0, 0, 0, 0, 0, 0, 0, 0, 0, 0, 0, 0, 0, 0, 0, 0, 0, 0, 0, 0, 0, 0, 0, 0, 0, 0, 0, 0, 0, 0, 0, 0, 0, 0, 0, 0, 0, 0, 0, 0, 0, 0, 0, 0, 0, 0, 0, 0, 0, 0, 0, 0, 0, 0, 0, 0, 0, 0, 0, 0, 0, 0, 0, 0, 0, 0, 0, 0, 0, 0, 0, 0, 0, 0, 0, 0, 0, 0, 0, 0, 0, 0, 0, 0, 0, 0, 0, 0, 0, 0, 0, 0, 0, 0, 0, 0, 0, 0, 0, 0, 0, 0, 0, 0, 0, 0, 0, 0, 0, 0, 0, 0, 0, 0, 0, 0, 0, 0, 0, 0, 0, 0, 0, 0, 0, 0, 0, 0, 0, 0, 0, 0, 0, 0, 0, 0, 0, 0, 0, 0, 0, 0, 0, 0, 0, 0, 0, 0, 0, 0, 0, 0, 0, 0, 0, 0, 0, 0, 0, 0, 0, 0, 0, 0, 0, 0, 0, 0, 0, 0, 0, 0, 0, 0, 0, 0, 0, 0, 0, 0, 0, 0, 0, 0, 0, 0, 0, 0, 0, 0, 0, 0, 0, 0, 0, 0, 0, 0, 0, 0, 0, 0, 0, 0, 0, 0, 0, 0, 0, 0, 0, 0, 0, 0, 0, 0, 0, 0, 0, 0, 0, 0, 0, 0, 0, 0, 0, 0, 0, 0, 0, 0, 0, 0, 0, 0, 0, 0, 0, 0, 0, 0, 0, 0, 0, 0, 0, 0, 0, 0, 0, 0, 0, 0, 0, 0, 0, 0, 0, 0, 0, 0, 0, 0, 0, 0, 0, 0, 0, 0, 0, 0, 0, 0, 0, 0, 0, 0, 0, 0, 0, 0, 0, 0, 0, 0, 0, 0, 0, 0, 0, 0, 0, 0, 0, 0, 0, 0, 0, 0, 0, 0, 0, 0, 0, 0, 0, 0, 0, 0, 0, 0, 0, 0, 0, 0, 0, 0, 0, 0, 0, 0, 0, 0, 0, 0, 0, 0, 0, 0, 0, 0, 0, 0, 0, 0, 0, 0, 0, 0, 0, 0, 0, 0, 0, 0, 0, 0, 0, 0, 0, 0, 0, 0, 0, 0, 0, 0, 0, 0, 0, 0, 0, 0, 0, 0, 0, 0, 0, 0, 0, 0, 0, 0, 0, 0, 0, 0, 0, 0, 0, 0, 0, 0, 0, 0, 0, 0, 0, 0, 0, 0]",435,"[0.4075111150741577, 0.4075092673301697, 0.4083741307258606, 0.4093388020992279, 0.4072294235229492, 0.41109737753868103, 0.40925008058547974, 0.40812286734580994, 0.41341906785964966, 0.4074332118034363, 0.41807109117507935, 0.409368097782135, 0.41115039587020874, 0.41323989629745483, 0.4074298143386841, 0.4131346046924591, 0.42293551564216614, 0.4090113043785095, 0.4114833176136017, 0.40821152925491333, 0.40813350677490234, 0.40872251987457275, 0.40823981165885925, 0.40723785758018494, 0.40741637349128723, 0.4106529951095581, 0.40947094559669495, 0.4109812080860138, 0.4238327741622925, 0.40742725133895874, 0.4109705984592438, 0.4093491733074188, 0.40940865874290466, 0.40723124146461487, 0.4075273275375366, 0.40809908509254456, 0.4114753007888794, 0.4074280261993408, 0.4192134439945221, 0.42390069365501404, 0.4110061228275299, 0.4129563570022583, 0.41790372133255005, 0.40722882747650146, 0.40723973512649536, 0.4093587398529053, 0.4077276587486267, 0.411100298166275, 0.41105878353118896, 0.41283267736434937, 0.4128952920436859, 0.40766528248786926, 0.4109678566455841, 0.40755125880241394, 0.4072380065917969, 0.40734291076660156, 0.4082733988761902, 0.4081021547317505, 0.40722760558128357, 0.4279301166534424, 0.4159754514694214, 0.40722742676734924, 0.4128267765045166, 0.40722811222076416, 0.40722885727882385, 0.4083906412124634, 0.4110351502895355, 0.40750789642333984, 0.41954708099365234, 0.407979279756546, 0.41096726059913635, 0.40743061900138855, 0.40933161973953247, 0.4106404185295105, 0.41295087337493896, 0.4082190990447998, 0.40788280963897705, 0.4077264070510864, 0.410155326128006, 0.4096834063529968, 0.40940409898757935, 0.4077862799167633, 0.40824371576309204, 0.4091900587081909, 0.40722787380218506, 0.4151958227157593, 0.40888404846191406, 0.41146373748779297, 0.4072858393192291, 0.4073077142238617, 0.40761712193489075, 0.4153393805027008, 0.40951815247535706, 0.4093312919139862, 0.4209229350090027, 0.41110002994537354, 0.40758585929870605, 0.4091867208480835, 0.4093577265739441, 0.4093960225582123, 0.4110778868198395, 0.4085582494735718, 0.413326621055603, 0.42394179105758667, 0.4082103967666626, 0.40935665369033813, 0.4080764055252075, 0.4072389602661133, 0.4079679250717163, 0.4091765880584717, 0.41329410672187805, 0.4087156057357788, 0.4080132246017456, 0.40932905673980713, 0.4092974364757538, 0.4174399971961975, 0.4086068868637085, 0.417961984872818, 0.40728065371513367, 0.4082103967666626, 0.4093577563762665, 0.40741902589797974, 0.415628045797348, 0.4075096547603607, 0.4084434509277344, 0.4072284996509552, 0.40724772214889526, 0.4074212312698364, 0.4082106649875641, 0.40751197934150696, 0.4073442220687866, 0.4131094813346863, 0.4230486750602722, 0.4091518819332123, 0.40725624561309814, 0.4075513780117035, 0.40901824831962585, 0.4151913821697235, 0.4081336259841919, 0.407279372215271, 0.4275154173374176, 0.40755096077919006, 0.4072273373603821, 0.4162803292274475, 0.4072282910346985, 0.41522613167762756, 0.41121646761894226, 0.4109143316745758, 0.4101774990558624, 0.4151169955730438, 0.40803420543670654, 0.4093296527862549, 0.4072273373603821, 0.40809574723243713, 0.4092971682548523, 0.4074980616569519, 0.412952721118927, 0.4082197844982147, 0.40752288699150085, 0.4109381437301636, 0.4100991189479828, 0.40762320160865784, 0.4073494076728821, 0.4111001193523407, 0.4093458652496338, 0.4217880368232727, 0.4083981215953827, 0.4072273373603821, 0.4082121253013611, 0.4094434380531311, 0.4176288843154907, 0.40790000557899475, 0.407509982585907, 0.4188419580459595, 0.4129249155521393, 0.4076632559299469, 0.40945568680763245, 0.4103536307811737, 0.40958771109580994, 0.41524723172187805, 0.4110734462738037, 0.4074300527572632, 0.4082105755805969, 0.4129613935947418, 0.409159779548645, 0.408208429813385, 0.41300147771835327, 0.4094991385936737, 0.409331738948822, 0.4073367416858673, 0.4074994623661041, 0.40830788016319275, 0.4074046313762665, 0.4081078767776489, 0.40743348002433777, 0.411210298538208, 0.40778693556785583, 0.41569286584854126, 0.41629013419151306, 0.40723296999931335, 0.4119012951850891, 0.4093399941921234, 0.40742385387420654, 0.4129520356655121, 0.40742796659469604, 0.40800026059150696, 0.4073871374130249, 0.40944674611091614, 0.40743327140808105, 0.41629913449287415, 0.40722736716270447, 0.41100940108299255, 0.40888693928718567, 0.40734294056892395, 0.4094357192516327, 0.40829673409461975, 0.4082333743572235, 0.4150574505329132, 0.41103118658065796, 0.4159107506275177, 0.40857139229774475, 0.40770089626312256, 0.4125058352947235, 0.41143444180488586, 0.41545554995536804, 0.408101350069046, 0.40751200914382935, 0.4073036313056946, 0.4152177572250366, 0.4082096517086029, 0.4079819917678833, 0.4100428819656372, 0.40749770402908325, 0.40753036737442017, 0.40802642703056335, 0.4094139039516449, 0.40722835063934326, 0.4093437194824219, 0.4073454737663269, 0.41097965836524963, 0.4158002436161041, 0.4072868824005127, 0.4109092950820923, 0.4072272479534149, 0.4080234467983246, 0.41820961236953735, 0.4075566232204437, 0.4209062159061432, 0.4196544587612152, 0.40974390506744385, 0.4082762598991394, 0.4093291461467743, 0.40736493468284607, 0.40933841466903687, 0.4092414379119873, 0.40860146284103394, 0.4107559621334076, 0.4135262668132782, 0.41099560260772705, 0.4093886613845825, 0.40935367345809937, 0.4075828790664673, 0.40749266743659973, 0.4152461886405945, 0.41298142075538635, 0.40821579098701477, 0.42178457975387573, 0.40722721815109253, 0.4074287414550781, 0.4089753031730652, 0.41109317541122437, 0.4094015955924988, 0.4074974060058594, 0.41093239188194275, 0.40823784470558167, 0.4154711067676544, 0.4232243001461029, 0.4072292447090149, 0.4092532992362976, 0.40933600068092346, 0.4268510937690735, 0.4140006899833679, 0.4084317684173584, 0.40829572081565857, 0.4077773988246918, 0.41314420104026794, 0.4075103998184204, 0.4077824056148529, 0.4195161759853363, 0.40944957733154297, 0.41221848130226135, 0.40917301177978516, 0.40727925300598145, 0.4077933430671692, 0.4085679352283478, 0.41095492243766785, 0.40755558013916016, 0.4270613193511963, 0.40752822160720825, 0.40812385082244873, 0.4239017069339752, 0.41938892006874084, 0.4075869619846344, 0.41450145840644836, 0.4116295576095581, 0.4083101153373718, 0.40924322605133057, 0.4113055169582367, 0.40909919142723083, 0.407247930765152, 0.41627609729766846, 0.40763986110687256, 0.416081041097641, 0.4084024727344513, 0.4094770550727844, 0.4072941541671753, 0.421747088432312, 0.40738049149513245, 0.407230019569397, 0.4104165732860565, 0.42088940739631653, 0.4072326719760895, 0.4167998135089874, 0.40808939933776855, 0.40763184428215027, 0.40935853123664856, 0.4075096845626831, 0.4131929278373718, 0.4152595102787018, 0.4075271189212799, 0.4073778986930847, 0.408066987991333, 0.4076896905899048, 0.40723347663879395, 0.40803536772727966, 0.4072275161743164, 0.40883198380470276, 0.40743350982666016, 0.4195466637611389, 0.4075181484222412, 0.4075027108192444, 0.4072282314300537, 0.4178812503814697, 0.4074939787387848, 0.4083956778049469, 0.4072306156158447, 0.40823978185653687, 0.4263613224029541, 0.4072689712047577, 0.4137851595878601, 0.41313648223876953, 0.4078749716281891, 0.4134066104888916, 0.40935081243515015, 0.41049739718437195, 0.41628605127334595, 0.4132198095321655, 0.4159074127674103, 0.410364031791687, 0.4073280096054077, 0.4194900393486023, 0.4133624732494354, 0.4152049124240875, 0.4074333906173706, 0.4243778884410858, 0.40749141573905945, 0.4133692979812622, 0.40879809856414795, 0.41079893708229065, 0.41091930866241455, 0.40722817182540894, 0.4131518602371216, 0.41096124053001404, 0.4136798083782196, 0.4088488817214966, 0.40967151522636414, 0.4109250009059906, 0.40812966227531433, 0.40830758213996887, 0.4073050618171692, 0.41594067215919495, 0.41284456849098206, 0.40749648213386536, 0.409796804189682, 0.4093409478664398, 0.414572536945343, 0.4162493646144867, 0.4129978120326996, 0.4081188142299652, 0.41612258553504944, 0.4073723256587982, 0.4099149703979492, 0.41976550221443176, 0.4082695245742798, 0.4157503843307495, 0.40939003229141235, 0.4095040559768677, 0.40723395347595215, 0.41618281602859497, 0.4082179367542267, 0.4074273705482483, 0.4108504056930542, 0.4109138250350952, 0.4101096987724304, 0.4074336588382721, 0.4157356321811676, 0.40930408239364624, 0.4072273373603821, 0.4072272777557373, 0.4081115424633026, 0.4114750623703003, 0.4072417914867401, 0.41382625699043274, 0.4074934422969818, 0.40790411829948425, 0.40958094596862793, 0.40932297706604004, 0.4080916941165924, 0.4109046161174774, 0.40749266743659973, 0.407523512840271, 0.41897186636924744, 0.41102272272109985, 0.40750938653945923, 0.41305840015411377, 0.41615867614746094, 0.41573840379714966, 0.4110921025276184, 0.40794670581817627, 0.40940526127815247, 0.40739795565605164, 0.40722739696502686, 0.40966758131980896, 0.4125947952270508, 0.41092967987060547]",0.0,"[0.0, 0.0, 0.0, 0.0, 0.0, 0.0, 0.0, 0.0, 0.0, 0.0, 0.0, 0.0, 0.0, 0.0, 0.0, 0.0, 0.0, 0.0, 0.0, 0.0, 0.0, 0.0, 0.0, 0.0, 0.0, 0.0, 0.0, 0.0, 0.0, 0.0, 0.0, 0.0, 0.0, 0.0, 0.0, 0.0, 0.0, 0.0, 0.0, 0.0, 0.0, 0.0, 0.0, 0.0, 0.0, 0.0, 0.0, 0.0, 0.0, 0.0, 0.0, 0.0, 0.0, 0.0, 0.0, 0.0, 0.0, 0.0, 0.0, 0.0, 0.0, 0.0, 0.0, 0.0, 0.0, 0.0, 0.0, 0.0, 0.0, 0.0, 0.0, 0.0, 0.0, 0.0, 0.0, 0.0, 0.0, 0.0, 0.0, 0.0, 0.0, 0.0, 0.0, 0.0, 0.0, 0.0, 0.0, 0.0, 0.0, 0.0, 0.0, 0.0, 0.0, 0.0, 0.0, 0.0, 0.0, 0.0, 0.0, 0.0, 0.0, 0.0, 0.0, 0.0, 0.0, 0.0, 0.0, 0.0, 0.0, 0.0, 0.0, 0.0, 0.0, 0.0, 0.0, 0.0, 0.0, 0.0, 0.0, 0.0, 0.0, 0.0, 0.0, 0.0, 0.0, 0.0, 0.0, 0.0, 0.0, 0.0, 0.0, 0.0, 0.0, 0.0, 0.0, 0.0, 0.0, 0.0, 0.0, 0.0, 0.0, 0.0, 0.0, 0.0, 0.0, 0.0, 0.0, 0.0, 0.0, 0.0, 0.0, 0.0, 0.0, 0.0, 0.0, 0.0, 0.0, 0.0, 0.0, 0.0, 0.0, 0.0, 0.0, 0.0, 0.0, 0.0, 0.0, 0.0, 0.0, 0.0, 0.0, 0.0, 0.0, 0.0, 0.0, 0.0, 0.0, 0.0, 0.0, 0.0, 0.0, 0.0, 0.0, 0.0, 0.0, 0.0, 0.0, 0.0, 0.0, 0.0, 0.0, 0.0, 0.0, 0.0, 0.0, 0.0, 0.0, 0.0, 0.0, 0.0, 0.0, 0.0, 0.0, 0.0, 0.0, 0.0, 0.0, 0.0, 0.0, 0.0, 0.0, 0.0, 0.0, 0.0, 0.0, 0.0, 0.0, 0.0, 0.0, 0.0, 0.0, 0.0, 0.0, 0.0, 0.0, 0.0, 0.0, 0.0, 0.0, 0.0, 0.0, 0.0, 0.0, 0.0, 0.0, 0.0, 0.0, 0.0, 0.0, 0.0, 0.0, 0.0, 0.0, 0.0, 0.0, 0.0, 0.0, 0.0, 0.0, 0.0, 0.0, 0.0, 0.0, 0.0, 0.0, 0.0, 0.0, 0.0, 0.0, 0.0, 0.0, 0.0, 0.0, 0.0, 0.0, 0.0, 0.0, 0.0, 0.0, 0.0, 0.0, 0.0, 0.0, 0.0, 0.0, 0.0, 0.0, 0.0, 0.0, 0.0, 0.0, 0.0, 0.0, 0.0, 0.0, 0.0, 0.0, 0.0, 0.0, 0.0, 0.0, 0.0, 0.0, 0.0, 0.0, 0.0, 0.0, 0.0, 0.0, 0.0, 0.0, 0.0, 0.0, 0.0, 0.0, 0.0, 0.0, 0.0, 0.0, 0.0, 0.0, 0.0, 0.0, 0.0, 0.0, 0.0, 0.0, 0.0, 0.0, 0.0, 0.0, 0.0, 0.0, 0.0, 0.0, 0.0, 0.0, 0.0, 0.0, 0.0, 0.0, 0.0, 0.0, 0.0, 0.0, 0.0, 0.0, 0.0, 0.0, 0.0, 0.0, 0.0, 0.0, 0.0, 0.0, 0.0, 0.0, 0.0, 0.0, 0.0, 0.0, 0.0, 0.0, 0.0, 0.0, 0.0, 0.0, 0.0, 0.0, 0.0, 0.0, 0.0, 0.0, 0.0, 0.0, 0.0, 0.0, 0.0, 0.0, 0.0, 0.0, 0.0, 0.0, 0.0, 0.0, 0.0, 0.0, 0.0, 0.0, 0.0, 0.0, 0.0, 0.0, 0.0, 0.0, 0.0, 0.0, 0.0, 0.0, 0.0, 0.0, 0.0, 0.0, 0.0, 0.0, 0.0, 0.0, 0.0, 0.0, 0.0, 0.0, 0.0, 0.0, 0.0, 0.0, 0.0, 0.0, 0.0, 0.0, 0.0, 0.0, 0.0, 0.0, 0.0, 0.0, 0.0, 0.0, 0.0, 0.0, 0.0, 0.0, 0.0, 0.0, 0.0, 0.0, 0.0, 0.0, 0.0, 0.0, 0.0, 0.0, 0.0, 0.0, 0.0, 0.0]",COMPLETE
30,30,0.5,2024-08-31 02:02:05.053043,2024-08-31 02:02:22.809372,0 days 00:00:17.756329,1,0.16661861274429704,1,30,0.15023914127799376,24,0.00010821373223234175,0.859,0.85875,0,"[33, 33, 25, 11, 8, 5, 5, 3, 3, 3, 3, 3, 3, 3, 3, 3, 3, 2, 1, 1, 0, 0, 0, 0, 0, 0, 0, 0, 0, 0]",0.0,"[32.91666666666667, 33.0, 25.0, 11.0, 8.0, 5.0, 5.0, 3.0, 3.0, 3.0, 3.0, 3.0, 3.0, 3.0, 3.0, 3.0, 3.0, 2.0, 1.0, 1.0, 0.0, 0.0, 0.0, 0.0, 0.0, 0.0, 0.0, 0.0, 0.0, 0.0]",0.5,0.5,0,"[33, 33, 25, 11, 8, 5, 5, 3, 3, 3, 3, 3, 3, 3, 3, 3, 3, 2, 1, 1, 0, 0, 0, 0, 0, 0, 0, 0, 0, 0]",30,"[0.44035547971725464, 0.41912806034088135, 0.3771195709705353, 0.36604610085487366, 0.3664577603340149, 0.37706947326660156, 0.363485187292099, 0.3703130781650543, 0.37120604515075684, 0.36536404490470886, 0.36466941237449646, 0.36367377638816833, 0.3631322979927063, 0.39857128262519836, 0.36716899275779724, 0.3625158369541168, 0.36174121499061584, 0.3841193914413452, 0.4064587354660034, 0.3984763026237488, 0.445158451795578, 0.4177669286727905, 0.41818705201148987, 0.4400021433830261, 0.5266554355621338, 0.4079160690307617, 0.4086145758628845, 0.40865471959114075, 0.4094691872596741, 0.410231351852417]",0.0,"[33.0, 33.0, 25.0, 11.0, 8.0, 5.0, 5.0, 3.0, 3.0, 3.0, 3.0, 3.0, 3.0, 3.0, 3.0, 3.0, 3.0, 2.0, 1.0, 1.0, 0.0, 0.0, 0.0, 0.0, 0.0, 0.0, 0.0, 0.0, 0.0, 0.0]",COMPLETE
