,number,value,datetime_start,datetime_complete,duration,params_batch_size_scaler,params_constant_learning_rate,params_depth,params_epochs,params_kernel_l2,params_num_trees,params_temperature,user_attrs_accuracy_test,user_attrs_accuracy_valid,user_attrs_approximate_feature_sparsity,user_attrs_approximate_feature_sparsity_history,user_attrs_approximate_weight_sparsity,user_attrs_approximate_weight_sparsity_history,user_attrs_auc_test,user_attrs_auc_valid,user_attrs_feature_sparsity,user_attrs_feature_sparsity_history,user_attrs_num_epochs,user_attrs_val_loss_history,user_attrs_weight_sparsity,user_attrs_weight_sparsity_history,state
80,80,0.5,2024-08-31 03:41:45.902565,2024-08-31 03:46:36.815361,0 days 00:04:50.912796,4,2.6797539173958143,6,180,0.49275188456851454,71,0.020412751976954836,0.859,0.85875,0,"[0, 0, 0, 0, 0, 0, 0, 0, 0, 0, 0, 0, 0, 0, 0, 0, 0, 0, 0, 0, 0, 0, 0, 0, 0, 0, 0, 0, 0, 0, 0, 0, 0, 0, 0, 0, 0, 0, 0, 0, 0, 0, 0, 0, 0, 0, 0, 0, 0, 0, 0, 0, 0, 0, 0, 0, 0, 0, 0, 0, 0, 0, 0, 0, 0, 0, 0, 0, 0, 0, 0, 0, 0, 0, 0, 0, 0, 0, 0, 0, 0, 0, 0, 0, 0, 0, 0, 0, 0, 0, 0, 0, 0, 0, 0, 0, 0, 0, 0, 0, 0, 0, 0, 0, 0, 0, 0, 0, 0, 0, 0, 0, 0, 0, 0, 0, 0, 0, 0, 0, 0, 0, 0, 0, 0, 0, 0, 0, 0, 0, 0, 0, 0, 0, 0, 0, 0, 0, 0, 0, 0, 0, 0, 0, 0, 0, 0, 0, 0, 0, 0, 0, 0, 0, 0, 0, 0, 0, 0, 0, 0, 0, 0, 0, 0, 0, 0, 0, 0, 0, 0, 0, 0, 0, 0, 0, 0, 0, 0, 0]",0.0,"[0.0, 0.0, 0.0, 0.0, 0.0, 0.0, 0.0, 0.0, 0.0, 0.0, 0.0, 0.0, 0.0, 0.0, 0.0, 0.0, 0.0, 0.0, 0.0, 0.0, 0.0, 0.0, 0.0, 0.0, 0.0, 0.0, 0.0, 0.0, 0.0, 0.0, 0.0, 0.0, 0.0, 0.0, 0.0, 0.0, 0.0, 0.0, 0.0, 0.0, 0.0, 0.0, 0.0, 0.0, 0.0, 0.0, 0.0, 0.0, 0.0, 0.0, 0.0, 0.0, 0.0, 0.0, 0.0, 0.0, 0.0, 0.0, 0.0, 0.0, 0.0, 0.0, 0.0, 0.0, 0.0, 0.0, 0.0, 0.0, 0.0, 0.0, 0.0, 0.0, 0.0, 0.0, 0.0, 0.0, 0.0, 0.0, 0.0, 0.0, 0.0, 0.0, 0.0, 0.0, 0.0, 0.0, 0.0, 0.0, 0.0, 0.0, 0.0, 0.0, 0.0, 0.0, 0.0, 0.0, 0.0, 0.0, 0.0, 0.0, 0.0, 0.0, 0.0, 0.0, 0.0, 0.0, 0.0, 0.0, 0.0, 0.0, 0.0, 0.0, 0.0, 0.0, 0.0, 0.0, 0.0, 0.0, 0.0, 0.0, 0.0, 0.0, 0.0, 0.0, 0.0, 0.0, 0.0, 0.0, 0.0, 0.0, 0.0, 0.0, 0.0, 0.0, 0.0, 0.0, 0.0, 0.0, 0.0, 0.0, 0.0, 0.0, 0.0, 0.0, 0.0, 0.0, 0.0, 0.0, 0.0, 0.0, 0.0, 0.0, 0.0, 0.0, 0.0, 0.0, 0.0, 0.0, 0.0, 0.0, 0.0, 0.0, 0.0, 0.0, 0.0, 0.0, 0.0, 0.0, 0.0, 0.0, 0.0, 0.0, 0.0, 0.0, 0.0, 0.0, 0.0, 0.0, 0.0, 0.0]",0.5,0.5,0,"[0, 0, 0, 0, 0, 0, 0, 0, 0, 0, 0, 0, 0, 0, 0, 0, 0, 0, 0, 0, 0, 0, 0, 0, 0, 0, 0, 0, 0, 0, 0, 0, 0, 0, 0, 0, 0, 0, 0, 0, 0, 0, 0, 0, 0, 0, 0, 0, 0, 0, 0, 0, 0, 0, 0, 0, 0, 0, 0, 0, 0, 0, 0, 0, 0, 0, 0, 0, 0, 0, 0, 0, 0, 0, 0, 0, 0, 0, 0, 0, 0, 0, 0, 0, 0, 0, 0, 0, 0, 0, 0, 0, 0, 0, 0, 0, 0, 0, 0, 0, 0, 0, 0, 0, 0, 0, 0, 0, 0, 0, 0, 0, 0, 0, 0, 0, 0, 0, 0, 0, 0, 0, 0, 0, 0, 0, 0, 0, 0, 0, 0, 0, 0, 0, 0, 0, 0, 0, 0, 0, 0, 0, 0, 0, 0, 0, 0, 0, 0, 0, 0, 0, 0, 0, 0, 0, 0, 0, 0, 0, 0, 0, 0, 0, 0, 0, 0, 0, 0, 0, 0, 0, 0, 0, 0, 0, 0, 0, 0, 0]",180,"[0.4123561978340149, 0.4078103005886078, 0.4182523488998413, 0.40746957063674927, 0.4124411642551422, 0.4138058125972748, 0.4094873070716858, 0.4072269797325134, 0.4078954756259918, 0.4088316261768341, 0.40763652324676514, 0.41057872772216797, 0.40911731123924255, 0.40836861729621887, 0.40758007764816284, 0.4086562395095825, 0.40910089015960693, 0.411916583776474, 0.4165719151496887, 0.40739333629608154, 0.40851250290870667, 0.40734919905662537, 0.4099997580051422, 0.4079175293445587, 0.409805566072464, 0.41209250688552856, 0.41519659757614136, 0.43132835626602173, 0.4077957272529602, 0.4074208438396454, 0.41306573152542114, 0.43190449476242065, 0.4118596017360687, 0.40856003761291504, 0.40735340118408203, 0.41464248299598694, 0.4084640443325043, 0.4124669134616852, 0.40763401985168457, 0.4145691990852356, 0.40736186504364014, 0.41951698064804077, 0.4117073714733124, 0.40814435482025146, 0.40975916385650635, 0.4072261452674866, 0.4603884220123291, 0.44295597076416016, 0.41784805059432983, 0.4079147279262543, 0.40843045711517334, 0.41112881898880005, 0.4138988256454468, 0.4104885160923004, 0.40830832719802856, 0.41244298219680786, 0.40738022327423096, 0.4298821985721588, 0.4074043929576874, 0.40831393003463745, 0.40766021609306335, 0.4114134609699249, 0.4116358458995819, 0.41352152824401855, 0.4075900614261627, 0.4152432978153229, 0.415544331073761, 0.42432543635368347, 0.40899232029914856, 0.4102020561695099, 0.4076835513114929, 0.409892737865448, 0.40839526057243347, 0.4135044813156128, 0.407274067401886, 0.41318637132644653, 0.4115830659866333, 0.4083130657672882, 0.40733638405799866, 0.4115200936794281, 0.40733709931373596, 0.4161950945854187, 0.4144108295440674, 0.4079723656177521, 0.4080485999584198, 0.41351649165153503, 0.41264766454696655, 0.41173943877220154, 0.41522738337516785, 0.42348185181617737, 0.42730605602264404, 0.4149128198623657, 0.40833285450935364, 0.4077428877353668, 0.4082415699958801, 0.40843164920806885, 0.40803632140159607, 0.4076434373855591, 0.40847843885421753, 0.41688454151153564, 0.4078591465950012, 0.4088892638683319, 0.4136390686035156, 0.4086581766605377, 0.40817832946777344, 0.41789454221725464, 0.4166408181190491, 0.40732383728027344, 0.4136512279510498, 0.41086533665657043, 0.4072478115558624, 0.4085491895675659, 0.4171993136405945, 0.4072333574295044, 0.4087361991405487, 0.4215012490749359, 0.4074130654335022, 0.4111526906490326, 0.41655027866363525, 0.4091619551181793, 0.44177481532096863, 0.4345836341381073, 0.41060492396354675, 0.4073854386806488, 0.4140230119228363, 0.4132190942764282, 0.41419827938079834, 0.40739578008651733, 0.40827810764312744, 0.4174318313598633, 0.4073127508163452, 0.4083845615386963, 0.41393911838531494, 0.4099360704421997, 0.4111458957195282, 0.4147626459598541, 0.40810710191726685, 0.4108858108520508, 0.40791255235671997, 0.40913471579551697, 0.41796961426734924, 0.4073716104030609, 0.4094734489917755, 0.41323623061180115, 0.4073789119720459, 0.4242769181728363, 0.40771567821502686, 0.420171856880188, 0.411093145608902, 0.41100674867630005, 0.4257970452308655, 0.4144077003002167, 0.4088432788848877, 0.40724945068359375, 0.4074137508869171, 0.42256590723991394, 0.41250649094581604, 0.41015928983688354, 0.41050484776496887, 0.40742260217666626, 0.40832599997520447, 0.4091174006462097, 0.41162222623825073, 0.40738165378570557, 0.40775924921035767, 0.40818101167678833, 0.4078538417816162, 0.40791431069374084, 0.4100833833217621, 0.40910831093788147, 0.4167841076850891, 0.40921643376350403, 0.4077666997909546, 0.41618701815605164, 0.408501535654068, 0.41397130489349365, 0.4073193669319153, 0.40854620933532715, 0.4099506139755249, 0.4073214828968048]",0.0,"[0.0, 0.0, 0.0, 0.0, 0.0, 0.0, 0.0, 0.0, 0.0, 0.0, 0.0, 0.0, 0.0, 0.0, 0.0, 0.0, 0.0, 0.0, 0.0, 0.0, 0.0, 0.0, 0.0, 0.0, 0.0, 0.0, 0.0, 0.0, 0.0, 0.0, 0.0, 0.0, 0.0, 0.0, 0.0, 0.0, 0.0, 0.0, 0.0, 0.0, 0.0, 0.0, 0.0, 0.0, 0.0, 0.0, 0.0, 0.0, 0.0, 0.0, 0.0, 0.0, 0.0, 0.0, 0.0, 0.0, 0.0, 0.0, 0.0, 0.0, 0.0, 0.0, 0.0, 0.0, 0.0, 0.0, 0.0, 0.0, 0.0, 0.0, 0.0, 0.0, 0.0, 0.0, 0.0, 0.0, 0.0, 0.0, 0.0, 0.0, 0.0, 0.0, 0.0, 0.0, 0.0, 0.0, 0.0, 0.0, 0.0, 0.0, 0.0, 0.0, 0.0, 0.0, 0.0, 0.0, 0.0, 0.0, 0.0, 0.0, 0.0, 0.0, 0.0, 0.0, 0.0, 0.0, 0.0, 0.0, 0.0, 0.0, 0.0, 0.0, 0.0, 0.0, 0.0, 0.0, 0.0, 0.0, 0.0, 0.0, 0.0, 0.0, 0.0, 0.0, 0.0, 0.0, 0.0, 0.0, 0.0, 0.0, 0.0, 0.0, 0.0, 0.0, 0.0, 0.0, 0.0, 0.0, 0.0, 0.0, 0.0, 0.0, 0.0, 0.0, 0.0, 0.0, 0.0, 0.0, 0.0, 0.0, 0.0, 0.0, 0.0, 0.0, 0.0, 0.0, 0.0, 0.0, 0.0, 0.0, 0.0, 0.0, 0.0, 0.0, 0.0, 0.0, 0.0, 0.0, 0.0, 0.0, 0.0, 0.0, 0.0, 0.0, 0.0, 0.0, 0.0, 0.0, 0.0, 0.0]",COMPLETE
81,81,0.6829359405392176,2024-08-31 03:46:38.891722,2024-08-31 03:46:59.528683,0 days 00:00:20.636961,64,0.0217411219276514,2,205,0.17206751239654705,22,0.0038082227851869085,0.862,0.86125,33,"[33, 33, 33, 33, 33, 33, 33, 33, 33, 33, 33, 33, 33, 33, 33, 33, 33, 33, 33, 33, 33, 33, 33, 33, 33, 33, 33, 33, 33, 33, 33, 33, 33, 33, 33, 33, 33, 33, 33, 33, 33, 33, 33, 33, 33, 33, 33, 33, 33, 33, 33, 33, 33, 33, 33, 33, 33, 33, 33, 33, 33, 33, 33, 33, 33, 33, 33, 33, 33, 33, 33, 33, 33, 33, 33, 33, 33, 33, 33, 33, 33, 33, 33, 33, 33, 33, 33, 33, 33, 33, 33, 33, 33, 33, 33, 33, 33, 33, 33, 33, 33, 33, 33, 33, 33, 33, 33, 33, 33, 33, 33, 33, 33, 33, 33, 33, 33, 33, 33, 33, 33, 33, 33, 33, 33, 33, 33, 33, 33, 33, 33, 33, 33, 33, 33, 33, 33, 33, 33, 33, 33, 33, 33, 33, 33, 33, 33, 33, 33, 33, 33, 33, 33, 33, 33, 33, 33, 33, 33, 33, 33, 33, 33, 33, 33, 33, 33, 33, 33, 33, 33, 33, 33, 33, 33, 33, 33, 33, 33, 33, 33, 33, 33, 33, 33, 33, 33, 33, 33, 33, 33, 33, 33, 33, 33, 33, 33, 33, 33, 33, 33, 33, 33, 33, 33]",32.95454545454545,"[32.984848484848484, 32.984848484848484, 32.984848484848484, 32.96969696969697, 32.984848484848484, 32.96969696969697, 32.96969696969697, 32.95454545454545, 32.96969696969697, 32.96969696969697, 32.95454545454545, 32.984848484848484, 32.96969696969697, 32.96969696969697, 32.984848484848484, 32.984848484848484, 32.984848484848484, 32.96969696969697, 32.96969696969697, 32.984848484848484, 32.984848484848484, 32.984848484848484, 32.984848484848484, 32.984848484848484, 32.984848484848484, 32.984848484848484, 32.984848484848484, 32.96969696969697, 32.96969696969697, 32.96969696969697, 32.96969696969697, 32.96969696969697, 32.96969696969697, 32.96969696969697, 32.96969696969697, 32.984848484848484, 32.984848484848484, 32.984848484848484, 32.984848484848484, 32.984848484848484, 32.984848484848484, 32.984848484848484, 32.984848484848484, 32.984848484848484, 32.984848484848484, 32.984848484848484, 32.984848484848484, 32.96969696969697, 32.96969696969697, 32.984848484848484, 32.984848484848484, 32.984848484848484, 32.984848484848484, 32.984848484848484, 32.95454545454545, 32.96969696969697, 32.95454545454545, 32.96969696969697, 32.96969696969697, 32.96969696969697, 32.95454545454545, 32.96969696969697, 32.95454545454545, 32.96969696969697, 32.95454545454545, 32.96969696969697, 32.96969696969697, 32.96969696969697, 32.96969696969697, 32.96969696969697, 32.96969696969697, 32.96969696969697, 32.984848484848484, 32.984848484848484, 32.984848484848484, 32.984848484848484, 32.984848484848484, 32.95454545454545, 32.984848484848484, 32.984848484848484, 32.984848484848484, 32.95454545454545, 32.93939393939394, 32.95454545454545, 32.95454545454545, 32.95454545454545, 32.95454545454545, 32.96969696969697, 32.96969696969697, 32.96969696969697, 32.984848484848484, 32.984848484848484, 32.96969696969697, 32.984848484848484, 32.984848484848484, 32.96969696969697, 32.96969696969697, 32.96969696969697, 32.96969696969697, 32.95454545454545, 32.984848484848484, 32.96969696969697, 32.984848484848484, 32.984848484848484, 32.984848484848484, 32.984848484848484, 32.984848484848484, 32.984848484848484, 32.984848484848484, 32.984848484848484, 32.984848484848484, 32.984848484848484, 32.984848484848484, 32.984848484848484, 32.984848484848484, 32.984848484848484, 32.96969696969697, 32.96969696969697, 32.95454545454545, 32.96969696969697, 32.95454545454545, 32.95454545454545, 32.984848484848484, 32.96969696969697, 32.984848484848484, 32.96969696969697, 32.95454545454545, 32.95454545454545, 32.96969696969697, 32.96969696969697, 32.96969696969697, 32.96969696969697, 32.96969696969697, 32.96969696969697, 32.96969696969697, 32.95454545454545, 32.984848484848484, 32.984848484848484, 32.984848484848484, 32.96969696969697, 32.984848484848484, 32.984848484848484, 32.984848484848484, 32.984848484848484, 32.984848484848484, 32.984848484848484, 32.984848484848484, 32.984848484848484, 32.984848484848484, 32.984848484848484, 32.984848484848484, 32.984848484848484, 32.984848484848484, 32.984848484848484, 32.984848484848484, 32.984848484848484, 32.984848484848484, 32.984848484848484, 32.984848484848484, 32.984848484848484, 32.96969696969697, 32.96969696969697, 32.984848484848484, 32.984848484848484, 32.984848484848484, 32.984848484848484, 32.984848484848484, 32.984848484848484, 32.96969696969697, 32.96969696969697, 32.96969696969697, 32.984848484848484, 32.96969696969697, 32.96969696969697, 32.96969696969697, 32.96969696969697, 32.984848484848484, 32.95454545454545, 32.96969696969697, 32.984848484848484, 32.96969696969697, 32.984848484848484, 32.96969696969697, 32.96969696969697, 32.96969696969697, 32.984848484848484, 32.96969696969697, 32.96969696969697, 32.96969696969697, 32.93939393939394, 32.93939393939394, 32.93939393939394, 32.95454545454545, 32.96969696969697, 32.96969696969697, 32.95454545454545, 32.95454545454545, 32.95454545454545, 32.93939393939394, 32.93939393939394, 32.92424242424242, 32.93939393939394, 32.92424242424242, 32.92424242424242, 32.95454545454545]",0.7280195510200712,0.6829359405392176,33,"[33, 33, 33, 33, 33, 33, 33, 33, 33, 33, 33, 33, 33, 33, 33, 33, 33, 33, 33, 33, 33, 33, 33, 33, 33, 33, 33, 33, 33, 33, 33, 33, 33, 33, 33, 33, 33, 33, 33, 33, 33, 33, 33, 33, 33, 33, 33, 33, 33, 33, 33, 33, 33, 33, 33, 33, 33, 33, 33, 33, 33, 33, 33, 33, 33, 33, 33, 33, 33, 33, 33, 33, 33, 33, 33, 33, 33, 33, 33, 33, 33, 33, 33, 33, 33, 33, 33, 33, 33, 33, 33, 33, 33, 33, 33, 33, 33, 33, 33, 33, 33, 33, 33, 33, 33, 33, 33, 33, 33, 33, 33, 33, 33, 33, 33, 33, 33, 33, 33, 33, 33, 33, 33, 33, 33, 33, 33, 33, 33, 33, 33, 33, 33, 33, 33, 33, 33, 33, 33, 33, 33, 33, 33, 33, 33, 33, 33, 33, 33, 33, 33, 33, 33, 33, 33, 33, 33, 33, 33, 33, 33, 33, 33, 33, 33, 33, 33, 33, 33, 33, 33, 33, 33, 33, 33, 33, 33, 33, 33, 33, 33, 33, 33, 33, 33, 33, 33, 33, 33, 33, 33, 33, 33, 33, 33, 33, 33, 33, 33, 33, 33, 33, 33, 33, 33]",205,"[0.6704005599021912, 0.6235116720199585, 0.5944125652313232, 0.5749690532684326, 0.5620186924934387, 0.5518627166748047, 0.5449854135513306, 0.5402483344078064, 0.5368978977203369, 0.5339404940605164, 0.5318278670310974, 0.5298247337341309, 0.5284318923950195, 0.5270686149597168, 0.5259154438972473, 0.5249472260475159, 0.524121105670929, 0.5233649015426636, 0.5228934288024902, 0.522039532661438, 0.5213075876235962, 0.5208024382591248, 0.5201427340507507, 0.5195438861846924, 0.5189419984817505, 0.5183204412460327, 0.5178140997886658, 0.5174224972724915, 0.5168443322181702, 0.5162846446037292, 0.5157597064971924, 0.5152325630187988, 0.514703094959259, 0.5142228603363037, 0.5137641429901123, 0.513299286365509, 0.5128260254859924, 0.5123634338378906, 0.511894702911377, 0.5115318894386292, 0.5110659599304199, 0.5106294751167297, 0.5101903080940247, 0.5097543001174927, 0.50935298204422, 0.5088924169540405, 0.5084999203681946, 0.5081403851509094, 0.5077521800994873, 0.507339596748352, 0.5070127844810486, 0.5066729784011841, 0.5062937140464783, 0.5058711171150208, 0.5055741667747498, 0.5051965713500977, 0.504835844039917, 0.5044921636581421, 0.5041146278381348, 0.5036863088607788, 0.5033230185508728, 0.5029537081718445, 0.5025736093521118, 0.5022337436676025, 0.5019342303276062, 0.5015921592712402, 0.5012679696083069, 0.5009480714797974, 0.5005788803100586, 0.500220775604248, 0.5000307559967041, 0.4996749758720398, 0.49927741289138794, 0.4989053010940552, 0.4985523521900177, 0.49829092621803284, 0.4979836344718933, 0.4976629614830017, 0.4974019527435303, 0.49706926941871643, 0.49681419134140015, 0.4965372085571289, 0.49637171626091003, 0.4960886240005493, 0.49568307399749756, 0.49537643790245056, 0.4950152635574341, 0.4946989417076111, 0.4945014715194702, 0.4942246377468109, 0.4938829839229584, 0.4935629665851593, 0.4933256506919861, 0.4930071234703064, 0.4926575720310211, 0.49235761165618896, 0.4921145737171173, 0.4917854368686676, 0.4915136694908142, 0.49116289615631104, 0.49092066287994385, 0.49067002534866333, 0.4903687536716461, 0.490068256855011, 0.48984259366989136, 0.48960670828819275, 0.4893655776977539, 0.48915591835975647, 0.4889124035835266, 0.48861780762672424, 0.48835957050323486, 0.48811542987823486, 0.4879481792449951, 0.48766857385635376, 0.48746830224990845, 0.48715031147003174, 0.4869720935821533, 0.48667529225349426, 0.4864146113395691, 0.48624470829963684, 0.4859495162963867, 0.4857216775417328, 0.4855393171310425, 0.4853343963623047, 0.48510023951530457, 0.48479756712913513, 0.4846200942993164, 0.4843602776527405, 0.48414090275764465, 0.4839184880256653, 0.4836849868297577, 0.48344603180885315, 0.4832271635532379, 0.4829217195510864, 0.4827066659927368, 0.482504278421402, 0.48239508271217346, 0.4821855425834656, 0.48189395666122437, 0.48169758915901184, 0.48149344325065613, 0.48132842779159546, 0.481048583984375, 0.48090946674346924, 0.4807004928588867, 0.48044857382774353, 0.48036089539527893, 0.4801381230354309, 0.479894757270813, 0.47965526580810547, 0.4794166088104248, 0.4791964590549469, 0.47890761494636536, 0.47865572571754456, 0.4785568118095398, 0.4783659279346466, 0.4781147241592407, 0.47797539830207825, 0.47782185673713684, 0.4774477481842041, 0.4772152006626129, 0.47703152894973755, 0.4767833650112152, 0.47660931944847107, 0.476446270942688, 0.47625115513801575, 0.4760224223136902, 0.47579705715179443, 0.4755796194076538, 0.475416362285614, 0.4752664864063263, 0.4750842750072479, 0.47485587000846863, 0.47465676069259644, 0.47447264194488525, 0.4742547273635864, 0.47410815954208374, 0.473929226398468, 0.4736887216567993, 0.4735332429409027, 0.47331702709198, 0.47311854362487793, 0.472883403301239, 0.47269123792648315, 0.4725058674812317, 0.4722728431224823, 0.47206294536590576, 0.4719071090221405, 0.4717349708080292, 0.47155553102493286, 0.4713838994503021, 0.47120118141174316, 0.4710571765899658, 0.47093918919563293, 0.4707360863685608, 0.47055867314338684, 0.47040262818336487, 0.47030726075172424, 0.4700543284416199, 0.46988075971603394, 0.4696815609931946, 0.4695499539375305, 0.46937647461891174, 0.4692389965057373, 0.4690605401992798]",33.0,"[33.0, 33.0, 33.0, 33.0, 33.0, 33.0, 33.0, 33.0, 33.0, 33.0, 33.0, 33.0, 33.0, 33.0, 33.0, 33.0, 33.0, 33.0, 33.0, 33.0, 33.0, 33.0, 33.0, 33.0, 33.0, 33.0, 33.0, 33.0, 33.0, 33.0, 33.0, 33.0, 33.0, 33.0, 33.0, 33.0, 33.0, 33.0, 33.0, 33.0, 33.0, 33.0, 33.0, 33.0, 33.0, 33.0, 33.0, 33.0, 33.0, 33.0, 33.0, 33.0, 33.0, 33.0, 33.0, 33.0, 33.0, 33.0, 33.0, 33.0, 33.0, 33.0, 33.0, 33.0, 33.0, 33.0, 33.0, 33.0, 33.0, 33.0, 33.0, 33.0, 33.0, 33.0, 33.0, 33.0, 33.0, 33.0, 33.0, 33.0, 33.0, 33.0, 33.0, 33.0, 33.0, 33.0, 33.0, 33.0, 33.0, 33.0, 33.0, 33.0, 33.0, 33.0, 33.0, 33.0, 33.0, 33.0, 33.0, 33.0, 33.0, 33.0, 33.0, 33.0, 33.0, 33.0, 33.0, 33.0, 33.0, 33.0, 33.0, 33.0, 33.0, 33.0, 33.0, 33.0, 33.0, 33.0, 33.0, 33.0, 33.0, 33.0, 33.0, 33.0, 33.0, 33.0, 33.0, 33.0, 33.0, 33.0, 33.0, 33.0, 33.0, 33.0, 33.0, 33.0, 33.0, 33.0, 33.0, 33.0, 33.0, 33.0, 33.0, 33.0, 33.0, 33.0, 33.0, 33.0, 33.0, 33.0, 33.0, 33.0, 33.0, 33.0, 33.0, 33.0, 33.0, 33.0, 33.0, 33.0, 33.0, 33.0, 33.0, 33.0, 33.0, 33.0, 33.0, 33.0, 33.0, 33.0, 33.0, 33.0, 33.0, 33.0, 33.0, 33.0, 33.0, 33.0, 33.0, 33.0, 33.0, 33.0, 33.0, 33.0, 33.0, 33.0, 33.0, 33.0, 33.0, 33.0, 33.0, 33.0, 33.0, 33.0, 33.0, 33.0, 33.0, 33.0, 33.0, 33.0, 33.0, 33.0, 33.0, 33.0, 33.0]",COMPLETE
