,number,value,datetime_start,datetime_complete,duration,params_batch_size_scaler,params_constant_learning_rate,params_depth,params_epochs,params_kernel_l2,params_num_trees,params_temperature,user_attrs_accuracy_test,user_attrs_accuracy_valid,user_attrs_approximate_feature_sparsity,user_attrs_approximate_feature_sparsity_history,user_attrs_approximate_weight_sparsity,user_attrs_approximate_weight_sparsity_history,user_attrs_auc_test,user_attrs_auc_valid,user_attrs_feature_sparsity,user_attrs_feature_sparsity_history,user_attrs_num_epochs,user_attrs_val_loss_history,user_attrs_weight_sparsity,user_attrs_weight_sparsity_history,state
177,177,0.721477244915047,2024-08-31 07:42:52.968192,2024-08-31 07:43:08.378795,0 days 00:00:15.410603,64,0.034245449007821456,3,165,0.0016686818942776714,18,0.034151633192429275,0.871,0.865,33,"[33, 33, 33, 33, 33, 33, 33, 33, 33, 33, 33, 33, 33, 33, 33, 33, 33, 33, 33, 33, 33, 33, 33, 33, 33, 33, 33, 33, 33, 33, 33, 33, 33, 33, 33, 33, 33, 33, 33, 33, 33, 33, 33, 33, 33, 33, 33, 33, 33, 33, 33, 33, 33, 33, 33, 33, 33, 33, 33, 33, 33, 33, 33, 33, 33, 33, 33, 33, 33, 33, 33, 33, 33, 33, 33, 33, 33, 33, 33, 33, 33, 33, 33, 33, 33, 33, 33, 33, 33, 33, 33, 33, 33, 33, 33, 33, 33, 33, 33, 33, 33, 33, 33, 33, 33, 33, 33, 33, 33, 33, 33, 33, 33, 33, 33, 33, 33, 33, 33, 33, 33, 33, 33, 33, 33, 33, 33, 33, 33, 33, 33, 33, 33, 33, 33, 33, 33, 33, 33, 33, 33, 33, 33, 33, 33, 33, 33, 33, 33, 33, 33, 33, 33, 33, 33, 33, 33, 33, 33, 33, 33, 33, 33, 33, 33]",32.98412698412699,"[32.976190476190474, 32.96825396825397, 32.976190476190474, 32.98412698412699, 32.992063492063494, 32.98412698412699, 32.95238095238095, 32.976190476190474, 32.976190476190474, 32.976190476190474, 32.976190476190474, 32.96825396825397, 32.96031746031746, 32.94444444444444, 32.92857142857143, 32.92857142857143, 32.95238095238095, 32.94444444444444, 32.96031746031746, 32.96825396825397, 32.976190476190474, 32.976190476190474, 32.976190476190474, 32.96825396825397, 32.96825396825397, 32.976190476190474, 32.96825396825397, 32.976190476190474, 32.976190476190474, 32.976190476190474, 32.976190476190474, 32.98412698412699, 32.96825396825397, 32.96825396825397, 32.96825396825397, 32.976190476190474, 32.976190476190474, 32.96825396825397, 32.96825396825397, 32.976190476190474, 32.96825396825397, 32.96825396825397, 32.98412698412699, 32.976190476190474, 32.96825396825397, 32.976190476190474, 32.98412698412699, 32.976190476190474, 32.98412698412699, 32.96825396825397, 32.976190476190474, 32.976190476190474, 32.976190476190474, 32.96825396825397, 32.976190476190474, 32.98412698412699, 32.976190476190474, 32.976190476190474, 32.976190476190474, 32.976190476190474, 32.976190476190474, 32.98412698412699, 32.98412698412699, 32.98412698412699, 32.98412698412699, 32.98412698412699, 32.98412698412699, 32.96825396825397, 32.96825396825397, 32.976190476190474, 32.976190476190474, 32.976190476190474, 32.976190476190474, 32.98412698412699, 32.98412698412699, 32.98412698412699, 32.992063492063494, 32.992063492063494, 32.992063492063494, 32.98412698412699, 32.98412698412699, 32.98412698412699, 32.98412698412699, 32.976190476190474, 32.96031746031746, 32.96825396825397, 32.976190476190474, 32.96825396825397, 32.96825396825397, 32.96825396825397, 32.96825396825397, 32.96825396825397, 32.976190476190474, 32.976190476190474, 32.976190476190474, 32.976190476190474, 32.96031746031746, 32.95238095238095, 32.96031746031746, 32.95238095238095, 32.976190476190474, 32.98412698412699, 32.976190476190474, 32.96825396825397, 32.976190476190474, 32.96825396825397, 32.98412698412699, 32.98412698412699, 32.96825396825397, 32.96825396825397, 32.96825396825397, 32.976190476190474, 32.976190476190474, 32.976190476190474, 32.976190476190474, 32.96825396825397, 32.96825396825397, 32.96825396825397, 32.94444444444444, 32.96031746031746, 32.95238095238095, 32.96825396825397, 32.96825396825397, 32.976190476190474, 32.976190476190474, 32.976190476190474, 32.98412698412699, 32.98412698412699, 32.98412698412699, 32.98412698412699, 32.98412698412699, 32.976190476190474, 32.98412698412699, 32.96825396825397, 32.96825396825397, 32.96825396825397, 32.976190476190474, 32.976190476190474, 32.976190476190474, 32.96825396825397, 32.98412698412699, 32.96825396825397, 32.96825396825397, 32.98412698412699, 32.98412698412699, 32.976190476190474, 32.976190476190474, 32.976190476190474, 32.976190476190474, 32.976190476190474, 32.98412698412699, 32.98412698412699, 32.98412698412699, 32.976190476190474, 32.976190476190474, 32.98412698412699, 32.98412698412699, 32.98412698412699, 32.98412698412699, 32.98412698412699, 32.98412698412699, 32.976190476190474, 32.98412698412699, 32.976190476190474, 32.98412698412699]",0.759558781033529,0.721477244915047,33,"[33, 33, 33, 33, 33, 33, 33, 33, 33, 33, 33, 33, 33, 33, 33, 33, 33, 33, 33, 33, 33, 33, 33, 33, 33, 33, 33, 33, 33, 33, 33, 33, 33, 33, 33, 33, 33, 33, 33, 33, 33, 33, 33, 33, 33, 33, 33, 33, 33, 33, 33, 33, 33, 33, 33, 33, 33, 33, 33, 33, 33, 33, 33, 33, 33, 33, 33, 33, 33, 33, 33, 33, 33, 33, 33, 33, 33, 33, 33, 33, 33, 33, 33, 33, 33, 33, 33, 33, 33, 33, 33, 33, 33, 33, 33, 33, 33, 33, 33, 33, 33, 33, 33, 33, 33, 33, 33, 33, 33, 33, 33, 33, 33, 33, 33, 33, 33, 33, 33, 33, 33, 33, 33, 33, 33, 33, 33, 33, 33, 33, 33, 33, 33, 33, 33, 33, 33, 33, 33, 33, 33, 33, 33, 33, 33, 33, 33, 33, 33, 33, 33, 33, 33, 33, 33, 33, 33, 33, 33, 33, 33, 33, 33, 33, 33]",165,"[1.4310333728790283, 1.1387325525283813, 0.9198814630508423, 0.7614314556121826, 0.6525636911392212, 0.5792688727378845, 0.5291008353233337, 0.4933820366859436, 0.4675891101360321, 0.4483761489391327, 0.43527334928512573, 0.4249260425567627, 0.41685736179351807, 0.41000130772590637, 0.4049556851387024, 0.40091079473495483, 0.39803841710090637, 0.39535579085350037, 0.39328038692474365, 0.3916190266609192, 0.390262246131897, 0.3888853192329407, 0.387407124042511, 0.3863113522529602, 0.38541367650032043, 0.3847794830799103, 0.3840820789337158, 0.38346755504608154, 0.3828103244304657, 0.3821749985218048, 0.38174891471862793, 0.38112160563468933, 0.3806792199611664, 0.3802359700202942, 0.3797781467437744, 0.3793147802352905, 0.3789307475090027, 0.3786100447177887, 0.37821683287620544, 0.3778561055660248, 0.3775845468044281, 0.37719058990478516, 0.37680479884147644, 0.37646037340164185, 0.376145601272583, 0.3758178949356079, 0.37546494603157043, 0.3751494884490967, 0.3749457597732544, 0.3746851086616516, 0.3743935525417328, 0.37410739064216614, 0.3738495707511902, 0.37354105710983276, 0.37319254875183105, 0.3729022145271301, 0.37255871295928955, 0.37229374051094055, 0.37206128239631653, 0.3718585669994354, 0.3715890049934387, 0.3713306188583374, 0.37107935547828674, 0.3708096444606781, 0.37055113911628723, 0.3702928423881531, 0.37006279826164246, 0.3698311746120453, 0.3696589171886444, 0.3694815933704376, 0.3692288100719452, 0.36904671788215637, 0.3687986135482788, 0.3685746490955353, 0.36839911341667175, 0.3682219684123993, 0.368013471364975, 0.36786088347435, 0.36765849590301514, 0.3674163818359375, 0.36728110909461975, 0.36711442470550537, 0.3669159412384033, 0.3667031228542328, 0.36653557419776917, 0.36632052063941956, 0.36616218090057373, 0.3659687936306, 0.3658391535282135, 0.36564964056015015, 0.3654792010784149, 0.36531949043273926, 0.3651472330093384, 0.3649859130382538, 0.3648031949996948, 0.3646460771560669, 0.36453333497047424, 0.36437666416168213, 0.36419570446014404, 0.3640313744544983, 0.36389195919036865, 0.36371785402297974, 0.3636235296726227, 0.3635229170322418, 0.3633478879928589, 0.3632389008998871, 0.3631206750869751, 0.3629694879055023, 0.3627699017524719, 0.3626095652580261, 0.3624841570854187, 0.36233943700790405, 0.36218348145484924, 0.36213749647140503, 0.3619903326034546, 0.3618084192276001, 0.3616565763950348, 0.36148375272750854, 0.36131924390792847, 0.36122891306877136, 0.36112865805625916, 0.3609594404697418, 0.36082223057746887, 0.36064034700393677, 0.36045560240745544, 0.36029961705207825, 0.3601911962032318, 0.3600357472896576, 0.3599308133125305, 0.35975250601768494, 0.35961905121803284, 0.3594992160797119, 0.3593374490737915, 0.35910990834236145, 0.35900747776031494, 0.35885733366012573, 0.3587297201156616, 0.35859665274620056, 0.3584449887275696, 0.35831427574157715, 0.35817772150039673, 0.35804522037506104, 0.35791128873825073, 0.35779064893722534, 0.3577021658420563, 0.35758715867996216, 0.35747361183166504, 0.35731005668640137, 0.3571922779083252, 0.3570963144302368, 0.3570135235786438, 0.3568919897079468, 0.3568223714828491, 0.356756329536438, 0.3566150963306427, 0.35652366280555725, 0.3564606010913849, 0.3563207685947418, 0.35618075728416443, 0.3560849130153656, 0.3559856414794922, 0.35585421323776245, 0.3556898832321167, 0.35559356212615967, 0.3554363250732422]",33.0,"[33.0, 33.0, 33.0, 33.0, 33.0, 33.0, 33.0, 33.0, 33.0, 33.0, 33.0, 33.0, 33.0, 33.0, 33.0, 33.0, 33.0, 33.0, 33.0, 33.0, 33.0, 33.0, 33.0, 33.0, 33.0, 33.0, 33.0, 33.0, 33.0, 33.0, 33.0, 33.0, 33.0, 33.0, 33.0, 33.0, 33.0, 33.0, 33.0, 33.0, 33.0, 33.0, 33.0, 33.0, 33.0, 33.0, 33.0, 33.0, 33.0, 33.0, 33.0, 33.0, 33.0, 33.0, 33.0, 33.0, 33.0, 33.0, 33.0, 33.0, 33.0, 33.0, 33.0, 33.0, 33.0, 33.0, 33.0, 33.0, 33.0, 33.0, 33.0, 33.0, 33.0, 33.0, 33.0, 33.0, 33.0, 33.0, 33.0, 33.0, 33.0, 33.0, 33.0, 33.0, 33.0, 33.0, 33.0, 33.0, 33.0, 33.0, 33.0, 33.0, 33.0, 33.0, 33.0, 33.0, 33.0, 33.0, 33.0, 33.0, 33.0, 33.0, 33.0, 33.0, 33.0, 33.0, 33.0, 33.0, 33.0, 33.0, 33.0, 33.0, 33.0, 33.0, 33.0, 33.0, 33.0, 33.0, 33.0, 33.0, 33.0, 33.0, 33.0, 33.0, 33.0, 33.0, 33.0, 33.0, 33.0, 33.0, 33.0, 33.0, 33.0, 33.0, 33.0, 33.0, 33.0, 33.0, 33.0, 33.0, 33.0, 33.0, 33.0, 33.0, 33.0, 33.0, 33.0, 33.0, 33.0, 33.0, 33.0, 33.0, 33.0, 33.0, 33.0, 33.0, 33.0, 33.0, 33.0, 33.0, 33.0, 33.0, 33.0, 33.0, 33.0]",COMPLETE
178,178,0.5,2024-08-31 07:43:11.868375,2024-08-31 07:43:27.522156,0 days 00:00:15.653781,16,1.9952986241302044,3,110,0.23287007035411042,27,0.0002708446778672813,0.859,0.85875,0,"[33, 33, 33, 33, 33, 33, 33, 33, 33, 33, 25, 19, 16, 16, 15, 15, 15, 15, 15, 13, 10, 10, 9, 8, 7, 7, 7, 7, 7, 7, 7, 7, 7, 7, 7, 7, 7, 7, 7, 7, 7, 7, 7, 7, 7, 7, 7, 5, 5, 5, 4, 4, 4, 2, 2, 2, 2, 1, 0, 0, 0, 0, 0, 0, 0, 0, 0, 0, 0, 0, 0, 0, 0, 0, 0, 0, 0, 0, 0, 0, 0, 0, 0, 0, 0, 0, 0, 0, 0, 0, 0, 0, 0, 0, 0, 0, 0, 0, 0, 0, 0, 0, 0, 0, 0, 0, 0, 0, 0, 0]",0.0,"[32.96825396825397, 32.98941798941799, 32.973544973544975, 32.973544973544975, 32.96825396825397, 32.96825396825397, 32.96825396825397, 32.957671957671955, 32.957671957671955, 32.95238095238095, 24.973544973544975, 18.97354497354497, 15.989417989417989, 15.994708994708994, 15.0, 14.973544973544973, 14.989417989417989, 14.984126984126984, 14.978835978835978, 12.978835978835978, 9.984126984126984, 9.973544973544973, 8.994708994708994, 7.989417989417989, 6.994708994708994, 6.994708994708994, 6.994708994708994, 6.994708994708994, 6.989417989417989, 6.989417989417989, 6.984126984126984, 6.994708994708994, 6.978835978835979, 6.978835978835979, 6.9682539682539675, 6.994708994708994, 6.989417989417989, 6.984126984126983, 6.989417989417989, 7.0, 6.989417989417989, 6.984126984126984, 7.0, 6.989417989417989, 6.984126984126983, 6.989417989417989, 6.989417989417989, 4.984126984126984, 4.978835978835979, 4.994708994708994, 3.9947089947089944, 3.9947089947089944, 4.0, 1.9947089947089947, 1.9947089947089947, 1.9947089947089947, 1.9947089947089947, 0.9947089947089947, 0.0, 0.0, 0.0, 0.0, 0.0, 0.0, 0.0, 0.0, 0.0, 0.0, 0.0, 0.0, 0.0, 0.0, 0.0, 0.0, 0.0, 0.0, 0.0, 0.0, 0.0, 0.0, 0.0, 0.0, 0.0, 0.0, 0.0, 0.0, 0.0, 0.0, 0.0, 0.0, 0.0, 0.0, 0.0, 0.0, 0.0, 0.0, 0.0, 0.0, 0.0, 0.0, 0.0, 0.0, 0.0, 0.0, 0.0, 0.0, 0.0, 0.0, 0.0, 0.0]",0.5,0.5,0,"[33, 33, 33, 33, 33, 33, 33, 33, 33, 33, 25, 19, 16, 16, 15, 15, 15, 15, 15, 13, 10, 10, 9, 8, 7, 7, 7, 7, 7, 7, 7, 7, 7, 7, 7, 7, 7, 7, 7, 7, 7, 7, 7, 7, 7, 7, 7, 5, 5, 5, 4, 4, 4, 2, 2, 2, 2, 1, 0, 0, 0, 0, 0, 0, 0, 0, 0, 0, 0, 0, 0, 0, 0, 0, 0, 0, 0, 0, 0, 0, 0, 0, 0, 0, 0, 0, 0, 0, 0, 0, 0, 0, 0, 0, 0, 0, 0, 0, 0, 0, 0, 0, 0, 0, 0, 0, 0, 0, 0, 0]",110,"[0.42698317766189575, 0.4088793992996216, 0.3953576385974884, 0.37083423137664795, 0.361990749835968, 0.33896881341934204, 0.34497755765914917, 0.3188224136829376, 0.3033801317214966, 0.3356829583644867, 0.3637515604496002, 0.2975093722343445, 0.3928225636482239, 0.2757343351840973, 0.26692670583724976, 0.25953206419944763, 0.27295711636543274, 0.2626863420009613, 0.2800511121749878, 0.26625046133995056, 0.26472851634025574, 0.26919400691986084, 0.2794838547706604, 0.2685719132423401, 0.3146821856498718, 0.26169058680534363, 0.2647915184497833, 0.28997182846069336, 0.26296958327293396, 0.26391446590423584, 0.27844223380088806, 0.2539123594760895, 0.2512686848640442, 0.300162136554718, 0.3230012059211731, 0.2604401409626007, 0.25913795828819275, 0.2652984857559204, 0.2603459656238556, 0.26514819264411926, 0.30853384733200073, 0.32915881276130676, 0.26817089319229126, 0.2610032856464386, 0.25190943479537964, 0.29457196593284607, 0.2774823307991028, 0.3227272927761078, 0.31790825724601746, 0.4164727032184601, 0.41745883226394653, 0.34078657627105713, 0.3171052634716034, 0.3933699131011963, 0.44693076610565186, 0.40641549229621887, 0.37904757261276245, 0.4729424715042114, 0.4072262644767761, 0.40791475772857666, 0.4234793186187744, 0.41382896900177, 0.407245397567749, 0.47304877638816833, 0.4346669018268585, 0.41374751925468445, 0.4086291790008545, 0.41266918182373047, 0.4144629240036011, 0.42536985874176025, 0.4433872699737549, 0.43179938197135925, 0.6546925902366638, 0.4072272479534149, 0.6128838062286377, 0.4312683045864105, 0.41528400778770447, 0.41978737711906433, 0.4086824655532837, 0.43564411997795105, 0.4927756190299988, 0.48304954171180725, 0.40869954228401184, 0.4334082007408142, 0.4077017903327942, 0.4094247817993164, 0.4313231408596039, 0.40769439935684204, 0.43263450264930725, 0.43136292695999146, 0.4301380217075348, 0.4322828948497772, 0.484340101480484, 0.45373475551605225, 0.41534289717674255, 0.4087282419204712, 0.40791991353034973, 0.42501118779182434, 0.6114565134048462, 0.4605324864387512, 0.41965213418006897, 0.41288360953330994, 0.4158344268798828, 0.41450101137161255, 0.472865492105484, 0.6412871479988098, 0.4076189398765564, 0.41460713744163513, 0.4092022776603699, 0.4124137759208679]",0.0,"[33.0, 33.0, 33.0, 33.0, 33.0, 33.0, 33.0, 33.0, 33.0, 33.0, 25.0, 19.0, 16.0, 16.0, 15.0, 15.0, 15.0, 15.0, 15.0, 13.0, 10.0, 10.0, 9.0, 8.0, 7.0, 7.0, 7.0, 7.0, 7.0, 7.0, 7.0, 7.0, 7.0, 7.0, 7.0, 7.0, 7.0, 7.0, 7.0, 7.0, 7.0, 7.0, 7.0, 7.0, 7.0, 7.0, 7.0, 5.0, 5.0, 5.0, 4.0, 4.0, 4.0, 2.0, 2.0, 2.0, 2.0, 1.0, 0.0, 0.0, 0.0, 0.0, 0.0, 0.0, 0.0, 0.0, 0.0, 0.0, 0.0, 0.0, 0.0, 0.0, 0.0, 0.0, 0.0, 0.0, 0.0, 0.0, 0.0, 0.0, 0.0, 0.0, 0.0, 0.0, 0.0, 0.0, 0.0, 0.0, 0.0, 0.0, 0.0, 0.0, 0.0, 0.0, 0.0, 0.0, 0.0, 0.0, 0.0, 0.0, 0.0, 0.0, 0.0, 0.0, 0.0, 0.0, 0.0, 0.0, 0.0, 0.0]",COMPLETE
