,number,value,datetime_start,datetime_complete,duration,params_batch_size_scaler,params_constant_learning_rate,params_depth,params_epochs,params_kernel_l2,params_num_trees,params_temperature,user_attrs_accuracy_test,user_attrs_accuracy_valid,user_attrs_approximate_feature_sparsity,user_attrs_approximate_feature_sparsity_history,user_attrs_approximate_weight_sparsity,user_attrs_approximate_weight_sparsity_history,user_attrs_auc_test,user_attrs_auc_valid,user_attrs_feature_sparsity,user_attrs_feature_sparsity_history,user_attrs_num_epochs,user_attrs_val_loss_history,user_attrs_weight_sparsity,user_attrs_weight_sparsity_history,state
159,159,0.9093403408432198,2024-08-31 07:03:58.926260,2024-08-31 07:07:05.969971,0 days 00:03:07.043711,4,0.019782431034803327,3,360,0.5574718555695612,75,0.00027526513575184923,0.903,0.90125,33,"[33, 33, 33, 33, 33, 33, 33, 33, 33, 33, 33, 33, 33, 33, 33, 33, 33, 33, 33, 33, 33, 33, 33, 33, 33, 33, 33, 33, 33, 33, 33, 33, 33, 33, 33, 33, 33, 33, 33, 33, 33, 33, 33, 33, 33, 33, 33, 33, 33, 33, 33, 33, 33, 33, 33, 33, 33, 33, 33, 33, 33, 33, 33, 33, 33, 33, 33, 33, 33, 33, 33, 33, 33, 33, 33, 33, 33, 33, 33, 33, 33, 33, 33, 33, 33, 33, 33, 33, 33, 33, 33, 33, 33, 33, 33, 33, 33, 33, 33, 33, 33, 33, 33, 33, 33, 33, 33, 33, 33, 33, 33, 33, 33, 33, 33, 33, 33, 33, 33, 33, 33, 33, 33, 33, 33, 33, 33, 33, 33, 33, 33, 33, 33, 33, 33, 33, 33, 33, 33, 33, 33, 33, 33, 33, 33, 33, 33, 33, 33, 33, 33, 33, 33, 33, 33, 33, 33, 33, 33, 33, 33, 33, 33, 33, 33, 33, 33, 33, 33, 33, 33, 33, 33, 33, 33, 33, 33, 33, 33, 33, 33, 33, 33, 33, 33, 33, 33, 33, 33, 33, 33, 33, 33, 33, 33, 33, 33, 33, 33, 33, 33, 33, 33, 33, 33, 33, 33, 33, 33, 33, 33, 33, 33, 33, 33, 33, 33, 33, 33, 33, 33, 33, 33, 33, 33, 33, 33, 33, 33, 33, 33, 33, 33, 33, 33, 33, 33, 33, 33, 33, 33, 33, 33, 33, 33, 33, 33, 33, 33, 33, 33, 33, 33, 33, 33, 33, 33, 33, 33, 33, 33, 33, 33, 33, 33, 33, 33, 33, 33, 33, 33, 33, 33, 33, 33, 33, 33, 33, 33, 33, 33, 33, 33, 33, 33, 33, 33, 33, 33, 33, 33, 33, 33, 33, 33, 33, 33, 33, 33, 33, 33, 33, 33, 33, 33, 33, 33, 33, 33, 33, 33, 33, 33, 33, 33, 33, 33, 33, 33, 33, 33, 33, 33, 33, 33, 33, 33, 33, 33, 33, 33, 33, 33, 33, 33, 33, 33, 33, 33, 33, 33, 33, 33, 33, 33, 33, 33, 33, 33, 33, 33, 33, 33, 33, 33, 33, 33, 33, 33, 33]",32.93523809523809,"[32.96, 32.96, 32.9752380952381, 32.96952380952381, 32.965714285714284, 32.967619047619046, 32.96380952380952, 32.9752380952381, 32.97714285714286, 32.98095238095238, 32.96190476190476, 32.96190476190476, 32.96, 32.96, 32.96190476190476, 32.971428571428575, 32.97714285714286, 32.96190476190476, 32.965714285714284, 32.965714285714284, 32.971428571428575, 32.95238095238095, 32.965714285714284, 32.95809523809524, 32.96, 32.96380952380952, 32.965714285714284, 32.971428571428575, 32.97142857142857, 32.973333333333336, 32.98285714285714, 32.9752380952381, 32.971428571428575, 32.971428571428575, 32.97333333333333, 32.973333333333336, 32.96190476190476, 32.952380952380956, 32.96, 32.96190476190476, 32.95619047619048, 32.965714285714284, 32.97142857142857, 32.97142857142857, 32.965714285714284, 32.96190476190476, 32.95809523809524, 32.96190476190476, 32.96380952380952, 32.9752380952381, 32.9752380952381, 32.965714285714284, 32.95238095238095, 32.952380952380956, 32.95047619047619, 32.946666666666665, 32.952380952380956, 32.94857142857143, 32.950476190476195, 32.95428571428572, 32.95238095238095, 32.96380952380953, 32.94857142857143, 32.95428571428572, 32.944761904761904, 32.94095238095238, 32.95047619047619, 32.95619047619047, 32.95428571428572, 32.95809523809524, 32.952380952380956, 32.94857142857143, 32.95428571428572, 32.95619047619048, 32.95619047619047, 32.952380952380956, 32.95428571428571, 32.944761904761904, 32.94857142857143, 32.946666666666665, 32.94857142857143, 32.95619047619048, 32.95428571428572, 32.95619047619047, 32.95428571428572, 32.95809523809523, 32.96, 32.95809523809524, 32.95809523809524, 32.96, 32.95428571428572, 32.95428571428572, 32.95619047619048, 32.95809523809524, 32.95619047619048, 32.96380952380952, 32.96380952380952, 32.95619047619048, 32.95238095238095, 32.95238095238095, 32.94857142857143, 32.95428571428572, 32.95428571428572, 32.96190476190476, 32.95238095238095, 32.95238095238095, 32.96, 32.95809523809524, 32.96190476190476, 32.96190476190476, 32.96, 32.96, 32.952380952380956, 32.952380952380956, 32.94095238095238, 32.94857142857143, 32.95238095238095, 32.95238095238095, 32.96, 32.96761904761905, 32.95619047619048, 32.965714285714284, 32.96380952380952, 32.971428571428575, 32.97142857142857, 32.96952380952381, 32.965714285714284, 32.967619047619046, 32.96, 32.96380952380952, 32.967619047619046, 32.967619047619046, 32.95428571428572, 32.96, 32.96952380952381, 32.965714285714284, 32.96, 32.96761904761905, 32.965714285714284, 32.96190476190476, 32.96380952380952, 32.94857142857143, 32.95047619047619, 32.96, 32.95047619047619, 32.95809523809524, 32.965714285714284, 32.95619047619048, 32.94857142857143, 32.96190476190476, 32.96380952380952, 32.94857142857143, 32.952380952380956, 32.96, 32.96, 32.96190476190476, 32.95619047619048, 32.965714285714284, 32.96952380952381, 32.96, 32.96, 32.96380952380952, 32.96190476190476, 32.95619047619048, 32.96190476190476, 32.96, 32.952380952380956, 32.96, 32.9752380952381, 32.971428571428575, 32.96380952380952, 32.965714285714284, 32.95809523809524, 32.95428571428572, 32.950476190476195, 32.94285714285714, 32.9352380952381, 32.9352380952381, 32.944761904761904, 32.95238095238095, 32.96, 32.95619047619047, 32.95047619047619, 32.94857142857143, 32.95809523809524, 32.96380952380952, 32.965714285714284, 32.95619047619048, 32.95428571428572, 32.96190476190476, 32.967619047619046, 32.965714285714284, 32.96, 32.96, 32.95047619047619, 32.950476190476195, 32.96, 32.967619047619046, 32.965714285714284, 32.96, 32.946666666666665, 32.95428571428571, 32.96190476190476, 32.95619047619048, 32.95619047619048, 32.95238095238095, 32.952380952380956, 32.95619047619048, 32.95809523809524, 32.950476190476195, 32.944761904761904, 32.950476190476195, 32.94857142857143, 32.94857142857143, 32.94666666666667, 32.93714285714286, 32.94095238095238, 32.946666666666665, 32.95619047619048, 32.965714285714284, 32.95238095238095, 32.95238095238095, 32.95619047619047, 32.96190476190476, 32.96190476190476, 32.94095238095238, 32.944761904761904, 32.9352380952381, 32.929523809523815, 32.93714285714286, 32.94285714285714, 32.950476190476195, 32.95428571428572, 32.94285714285714, 32.95428571428572, 32.952380952380956, 32.94857142857143, 32.946666666666665, 32.946666666666665, 32.950476190476195, 32.95809523809524, 32.95428571428572, 32.95619047619048, 32.950476190476195, 32.95619047619047, 32.96, 32.94857142857143, 32.95619047619048, 32.952380952380956, 32.946666666666665, 32.946666666666665, 32.94285714285714, 32.946666666666665, 32.93714285714286, 32.94095238095238, 32.94095238095238, 32.9352380952381, 32.92952380952381, 32.94285714285714, 32.93714285714286, 32.93904761904762, 32.944761904761904, 32.94285714285714, 32.92761904761905, 32.92, 32.91619047619048, 32.91809523809524, 32.923809523809524, 32.925714285714285, 32.93333333333334, 32.94285714285714, 32.9352380952381, 32.929523809523815, 32.94095238095238, 32.93714285714286, 32.92952380952381, 32.944761904761904, 32.93904761904762, 32.9352380952381, 32.93714285714286, 32.92761904761905, 32.92952380952381, 32.93904761904762, 32.93714285714286, 32.94095238095238, 32.946666666666665, 32.946666666666665, 32.93904761904762, 32.944761904761904, 32.93142857142857, 32.93142857142857, 32.93523809523809, 32.93333333333334, 32.92761904761905, 32.923809523809524, 32.92, 32.92761904761905, 32.92571428571429, 32.93333333333334, 32.93714285714286, 32.93333333333334, 32.93714285714286, 32.93333333333333, 32.93333333333334, 32.92952380952381, 32.92761904761905, 32.92190476190476, 32.93142857142857, 32.92952380952381, 32.92952380952381, 32.92952380952381, 32.925714285714285, 32.92952380952381, 32.93714285714286, 32.93714285714286, 32.93904761904762, 32.944761904761904, 32.944761904761904, 32.944761904761904, 32.94285714285714, 32.944761904761904, 32.946666666666665, 32.95809523809524, 32.95809523809524, 32.95809523809524, 32.952380952380956, 32.950476190476195, 32.94285714285714, 32.93333333333334, 32.929523809523815, 32.94095238095238, 32.93904761904762, 32.95238095238095, 32.95238095238095, 32.94285714285714, 32.946666666666665, 32.946666666666665, 32.94285714285714, 32.94285714285714, 32.93333333333333, 32.93333333333333, 32.93523809523809, 32.93142857142857, 32.925714285714285, 32.91809523809524, 32.92190476190476, 32.925714285714285, 32.925714285714285, 32.92761904761905, 32.923809523809524, 32.93333333333334, 32.94095238095238, 32.93904761904762, 32.93142857142857, 32.93142857142857, 32.93142857142857, 32.93714285714286, 32.93333333333334, 32.93523809523809, 32.93523809523809]",0.8912061691394414,0.9093403408432198,33,"[33, 33, 33, 33, 33, 33, 33, 33, 33, 33, 33, 33, 33, 33, 33, 33, 33, 33, 33, 33, 33, 33, 33, 33, 33, 33, 33, 33, 33, 33, 33, 33, 33, 33, 33, 33, 33, 33, 33, 33, 33, 33, 33, 33, 33, 33, 33, 33, 33, 33, 33, 33, 33, 33, 33, 33, 33, 33, 33, 33, 33, 33, 33, 33, 33, 33, 33, 33, 33, 33, 33, 33, 33, 33, 33, 33, 33, 33, 33, 33, 33, 33, 33, 33, 33, 33, 33, 33, 33, 33, 33, 33, 33, 33, 33, 33, 33, 33, 33, 33, 33, 33, 33, 33, 33, 33, 33, 33, 33, 33, 33, 33, 33, 33, 33, 33, 33, 33, 33, 33, 33, 33, 33, 33, 33, 33, 33, 33, 33, 33, 33, 33, 33, 33, 33, 33, 33, 33, 33, 33, 33, 33, 33, 33, 33, 33, 33, 33, 33, 33, 33, 33, 33, 33, 33, 33, 33, 33, 33, 33, 33, 33, 33, 33, 33, 33, 33, 33, 33, 33, 33, 33, 33, 33, 33, 33, 33, 33, 33, 33, 33, 33, 33, 33, 33, 33, 33, 33, 33, 33, 33, 33, 33, 33, 33, 33, 33, 33, 33, 33, 33, 33, 33, 33, 33, 33, 33, 33, 33, 33, 33, 33, 33, 33, 33, 33, 33, 33, 33, 33, 33, 33, 33, 33, 33, 33, 33, 33, 33, 33, 33, 33, 33, 33, 33, 33, 33, 33, 33, 33, 33, 33, 33, 33, 33, 33, 33, 33, 33, 33, 33, 33, 33, 33, 33, 33, 33, 33, 33, 33, 33, 33, 33, 33, 33, 33, 33, 33, 33, 33, 33, 33, 33, 33, 33, 33, 33, 33, 33, 33, 33, 33, 33, 33, 33, 33, 33, 33, 33, 33, 33, 33, 33, 33, 33, 33, 33, 33, 33, 33, 33, 33, 33, 33, 33, 33, 33, 33, 33, 33, 33, 33, 33, 33, 33, 33, 33, 33, 33, 33, 33, 33, 33, 33, 33, 33, 33, 33, 33, 33, 33, 33, 33, 33, 33, 33, 33, 33, 33, 33, 33, 33, 33, 33, 33, 33, 33, 33, 33, 33, 33, 33, 33, 33, 33, 33, 33, 33, 33, 33]",360,"[0.4715835452079773, 0.46525970101356506, 0.4608873128890991, 0.4570443332195282, 0.45374587178230286, 0.4508804380893707, 0.44836345314979553, 0.4461442232131958, 0.4442778527736664, 0.44236937165260315, 0.44123581051826477, 0.4393370449542999, 0.43790802359580994, 0.4370192289352417, 0.43543994426727295, 0.43434834480285645, 0.4333706796169281, 0.43216636776924133, 0.43109196424484253, 0.4300391376018524, 0.4292313754558563, 0.42844706773757935, 0.42749840021133423, 0.4264102578163147, 0.4255441725254059, 0.42471274733543396, 0.4241441488265991, 0.42337897419929504, 0.4224863350391388, 0.4215112328529358, 0.42065513134002686, 0.42006394267082214, 0.41908568143844604, 0.41843438148498535, 0.41751551628112793, 0.41674861311912537, 0.4161168932914734, 0.41538646817207336, 0.41455158591270447, 0.41379544138908386, 0.41310080885887146, 0.412352979183197, 0.4115889072418213, 0.4109286963939667, 0.41021615266799927, 0.4094526171684265, 0.4088512063026428, 0.4080365300178528, 0.40745148062705994, 0.40667039155960083, 0.40607792139053345, 0.40561816096305847, 0.40487995743751526, 0.4041467010974884, 0.40332314372062683, 0.40309402346611023, 0.40223193168640137, 0.4014524817466736, 0.4008468985557556, 0.4001154601573944, 0.3994383215904236, 0.3988364040851593, 0.39821183681488037, 0.3975696265697479, 0.3969406485557556, 0.39629822969436646, 0.3958227038383484, 0.3950897455215454, 0.3945687413215637, 0.39392051100730896, 0.3933345377445221, 0.39279764890670776, 0.3921540379524231, 0.39156100153923035, 0.3910151422023773, 0.3904968202114105, 0.3899628520011902, 0.38936343789100647, 0.38881102204322815, 0.388744592666626, 0.3877473771572113, 0.3871949315071106, 0.38644254207611084, 0.3858906030654907, 0.3855108320713043, 0.3850836455821991, 0.3843846619129181, 0.3837563693523407, 0.3833428919315338, 0.3829771876335144, 0.3822002112865448, 0.3818546235561371, 0.3812348544597626, 0.3810224235057831, 0.38026687502861023, 0.3795246481895447, 0.37891507148742676, 0.3784579038619995, 0.37849128246307373, 0.37775909900665283, 0.3768434524536133, 0.37660640478134155, 0.3759736716747284, 0.3755851686000824, 0.3751029968261719, 0.3744361102581024, 0.373915433883667, 0.37333929538726807, 0.37287232279777527, 0.3724725842475891, 0.3719899654388428, 0.37144333124160767, 0.3710862994194031, 0.3703787922859192, 0.3700699210166931, 0.3695848882198334, 0.36880508065223694, 0.3684424161911011, 0.36809593439102173, 0.36743876338005066, 0.3668491244316101, 0.36690589785575867, 0.3659316599369049, 0.3653406798839569, 0.3649260699748993, 0.36448609828948975, 0.36428114771842957, 0.3633776903152466, 0.3632441759109497, 0.36234912276268005, 0.3618389368057251, 0.3613322377204895, 0.3609960079193115, 0.3604848086833954, 0.3599679470062256, 0.35938334465026855, 0.3588641881942749, 0.3590574562549591, 0.3578609228134155, 0.35769301652908325, 0.3568987250328064, 0.356535941362381, 0.3559802174568176, 0.3555210828781128, 0.35505324602127075, 0.3544042706489563, 0.35372647643089294, 0.3533385992050171, 0.3527398705482483, 0.3522423505783081, 0.35172760486602783, 0.35123589634895325, 0.3507043123245239, 0.3505666255950928, 0.3498408794403076, 0.3495209515094757, 0.34894493222236633, 0.3481520712375641, 0.3476485013961792, 0.3470863103866577, 0.3465912640094757, 0.3462945222854614, 0.34549590945243835, 0.34501978754997253, 0.3444441258907318, 0.34432291984558105, 0.3434029519557953, 0.3428298532962799, 0.34230268001556396, 0.3417711555957794, 0.3415488302707672, 0.34066540002822876, 0.34013062715530396, 0.339579701423645, 0.3390997350215912, 0.33861851692199707, 0.337991863489151, 0.33766937255859375, 0.33707574009895325, 0.33640724420547485, 0.33583778142929077, 0.33548977971076965, 0.33481937646865845, 0.33425837755203247, 0.3336981534957886, 0.3331575095653534, 0.3326134979724884, 0.3320595622062683, 0.3315034806728363, 0.33096253871917725, 0.33044928312301636, 0.3302696943283081, 0.32968005537986755, 0.32909321784973145, 0.32844656705856323, 0.3279391825199127, 0.32747477293014526, 0.32686102390289307, 0.3267900347709656, 0.32577094435691833, 0.3252413868904114, 0.32473239302635193, 0.3241666555404663, 0.32370665669441223, 0.3231169581413269, 0.3227706551551819, 0.32237109541893005, 0.3215795159339905, 0.3213495910167694, 0.3206048607826233, 0.320128470659256, 0.3197067975997925, 0.31906384229660034, 0.3185352385044098, 0.31812405586242676, 0.31767597794532776, 0.317326158285141, 0.31662291288375854, 0.3165237307548523, 0.3159492611885071, 0.31513312458992004, 0.31465163826942444, 0.3141656219959259, 0.3138517141342163, 0.3133552670478821, 0.31295302510261536, 0.3123469948768616, 0.3118259310722351, 0.3114527463912964, 0.3111458420753479, 0.3105705976486206, 0.3100854754447937, 0.3096528947353363, 0.3094220459461212, 0.3087942898273468, 0.30839768052101135, 0.30800148844718933, 0.30767717957496643, 0.3072197437286377, 0.3068873882293701, 0.30643919110298157, 0.3059405982494354, 0.30565890669822693, 0.3055613040924072, 0.3047746419906616, 0.3043030798435211, 0.30386143922805786, 0.3042418658733368, 0.3031383454799652, 0.3027062714099884, 0.3023243546485901, 0.301970511674881, 0.30160874128341675, 0.3015649914741516, 0.30128026008605957, 0.30067557096481323, 0.3002025783061981, 0.29995134472846985, 0.2997818887233734, 0.2994825839996338, 0.2988981306552887, 0.29841575026512146, 0.2979796528816223, 0.297608882188797, 0.2973220646381378, 0.297206312417984, 0.29678142070770264, 0.2965570390224457, 0.29609405994415283, 0.2957399785518646, 0.29569298028945923, 0.2953808307647705, 0.2947136461734772, 0.2945985496044159, 0.29414689540863037, 0.2937854826450348, 0.29338809847831726, 0.29337966442108154, 0.29286912083625793, 0.29244518280029297, 0.29221343994140625, 0.29211604595184326, 0.2915796637535095, 0.291446715593338, 0.29142093658447266, 0.29069754481315613, 0.2904777228832245, 0.29029732942581177, 0.28999289870262146, 0.28963106870651245, 0.2894401252269745, 0.28898218274116516, 0.2888018786907196, 0.2885712683200836, 0.28810518980026245, 0.2880322337150574, 0.28762495517730713, 0.2873248755931854, 0.2872566878795624, 0.2867562472820282, 0.28649353981018066, 0.286469966173172, 0.28596270084381104, 0.2859475612640381, 0.28541526198387146, 0.28526487946510315, 0.2849172353744507, 0.2849463224411011, 0.28464844822883606, 0.28420212864875793, 0.2840515375137329, 0.2835683524608612, 0.2833455204963684, 0.2831842303276062, 0.2828298509120941, 0.2825627624988556, 0.28239530324935913, 0.28225085139274597, 0.2817695438861847, 0.2815997004508972, 0.28161686658859253, 0.28126293420791626, 0.28077954053878784, 0.28054866194725037, 0.2803688049316406, 0.28011780977249146, 0.2798308730125427, 0.2797292470932007, 0.27971991896629333, 0.2794187068939209, 0.2790243923664093, 0.2787887156009674, 0.27842891216278076, 0.27828019857406616, 0.2780092656612396, 0.27775058150291443, 0.2775312662124634, 0.27728936076164246, 0.27704331278800964, 0.27713239192962646, 0.27707576751708984, 0.2762787342071533, 0.2760627865791321, 0.2757962644100189, 0.2756465673446655, 0.2753593921661377, 0.2752731740474701, 0.2749524414539337, 0.27467775344848633, 0.2748652994632721, 0.27446961402893066, 0.27420446276664734, 0.27405157685279846, 0.273558109998703, 0.2734837234020233, 0.2732933461666107, 0.2729572057723999, 0.2728137671947479, 0.2727394700050354, 0.272500216960907]",33.0,"[33.0, 33.0, 33.0, 33.0, 33.0, 33.0, 33.0, 33.0, 33.0, 33.0, 33.0, 33.0, 33.0, 33.0, 33.0, 33.0, 33.0, 33.0, 33.0, 33.0, 33.0, 33.0, 33.0, 33.0, 33.0, 33.0, 33.0, 33.0, 33.0, 33.0, 33.0, 33.0, 33.0, 33.0, 33.0, 33.0, 33.0, 33.0, 33.0, 33.0, 33.0, 33.0, 33.0, 33.0, 33.0, 33.0, 33.0, 33.0, 33.0, 33.0, 33.0, 33.0, 33.0, 33.0, 33.0, 33.0, 33.0, 33.0, 33.0, 33.0, 33.0, 33.0, 33.0, 33.0, 33.0, 33.0, 33.0, 33.0, 33.0, 33.0, 33.0, 33.0, 33.0, 33.0, 33.0, 33.0, 33.0, 33.0, 33.0, 33.0, 33.0, 33.0, 33.0, 33.0, 33.0, 33.0, 33.0, 33.0, 33.0, 33.0, 33.0, 33.0, 33.0, 33.0, 33.0, 33.0, 33.0, 33.0, 33.0, 33.0, 33.0, 33.0, 33.0, 33.0, 33.0, 33.0, 33.0, 33.0, 33.0, 33.0, 33.0, 33.0, 33.0, 33.0, 33.0, 33.0, 33.0, 33.0, 33.0, 33.0, 33.0, 33.0, 33.0, 33.0, 33.0, 33.0, 33.0, 33.0, 33.0, 33.0, 33.0, 33.0, 33.0, 33.0, 33.0, 33.0, 33.0, 33.0, 33.0, 33.0, 33.0, 33.0, 33.0, 33.0, 33.0, 33.0, 33.0, 33.0, 33.0, 33.0, 33.0, 33.0, 33.0, 33.0, 33.0, 33.0, 33.0, 33.0, 33.0, 33.0, 33.0, 33.0, 33.0, 33.0, 33.0, 33.0, 33.0, 33.0, 33.0, 33.0, 33.0, 33.0, 33.0, 33.0, 33.0, 33.0, 33.0, 33.0, 33.0, 33.0, 33.0, 33.0, 33.0, 33.0, 33.0, 33.0, 33.0, 33.0, 33.0, 33.0, 33.0, 33.0, 33.0, 33.0, 33.0, 33.0, 33.0, 33.0, 33.0, 33.0, 33.0, 33.0, 33.0, 33.0, 33.0, 33.0, 33.0, 33.0, 33.0, 33.0, 33.0, 33.0, 33.0, 33.0, 33.0, 33.0, 33.0, 33.0, 33.0, 33.0, 33.0, 33.0, 33.0, 33.0, 33.0, 33.0, 33.0, 33.0, 33.0, 33.0, 33.0, 33.0, 33.0, 33.0, 33.0, 33.0, 33.0, 33.0, 33.0, 33.0, 33.0, 33.0, 33.0, 33.0, 33.0, 33.0, 33.0, 33.0, 33.0, 33.0, 33.0, 33.0, 33.0, 33.0, 33.0, 33.0, 33.0, 33.0, 33.0, 33.0, 33.0, 33.0, 33.0, 33.0, 33.0, 33.0, 33.0, 33.0, 33.0, 33.0, 33.0, 33.0, 33.0, 33.0, 33.0, 33.0, 33.0, 33.0, 33.0, 33.0, 33.0, 33.0, 33.0, 33.0, 33.0, 33.0, 33.0, 33.0, 33.0, 33.0, 33.0, 33.0, 33.0, 33.0, 33.0, 33.0, 33.0, 33.0, 33.0, 33.0, 33.0, 33.0, 33.0, 33.0, 33.0, 33.0, 33.0, 33.0, 33.0, 33.0, 33.0, 33.0, 33.0, 33.0, 33.0, 33.0, 33.0, 33.0, 33.0, 33.0, 33.0, 33.0, 33.0, 33.0, 33.0, 33.0, 33.0, 33.0, 33.0, 33.0, 33.0, 33.0, 33.0, 33.0, 33.0, 33.0, 33.0, 33.0, 33.0, 33.0, 33.0, 33.0, 33.0, 33.0, 33.0, 33.0, 33.0, 33.0, 33.0, 33.0, 33.0, 33.0, 33.0, 33.0, 33.0, 33.0, 33.0, 33.0, 33.0, 33.0]",COMPLETE
