,number,value,datetime_start,datetime_complete,duration,params_batch_size_scaler,params_constant_learning_rate,params_depth,params_epochs,params_kernel_l2,params_num_trees,params_temperature,user_attrs_accuracy_test,user_attrs_accuracy_valid,user_attrs_approximate_feature_sparsity,user_attrs_approximate_feature_sparsity_history,user_attrs_approximate_weight_sparsity,user_attrs_approximate_weight_sparsity_history,user_attrs_auc_test,user_attrs_auc_valid,user_attrs_feature_sparsity,user_attrs_feature_sparsity_history,user_attrs_num_epochs,user_attrs_val_loss_history,user_attrs_weight_sparsity,user_attrs_weight_sparsity_history,state
20,20,0.8040602336695392,2024-08-31 01:18:38.774084,2024-08-31 01:20:24.234781,0 days 00:01:45.460697,4,0.011858675498738602,5,230,0.04071342449064846,7,0.04897944719001144,0.896,0.89375,33,"[33, 33, 33, 33, 33, 33, 33, 33, 33, 33, 33, 33, 33, 33, 33, 33, 33, 33, 33, 33, 33, 33, 33, 33, 33, 33, 33, 33, 33, 33, 33, 33, 33, 33, 33, 33, 33, 33, 33, 33, 33, 33, 33, 33, 33, 33, 33, 33, 33, 33, 33, 33, 33, 33, 33, 33, 33, 33, 33, 33, 33, 33, 33, 33, 33, 33, 33, 33, 33, 33, 33, 33, 33, 33, 33, 33, 33, 33, 33, 33, 33, 33, 33, 33, 33, 33, 33, 33, 33, 33, 33, 33, 33, 33, 33, 33, 33, 33, 33, 33, 33, 33, 33, 33, 33, 33, 33, 33, 33, 33, 33, 33, 33, 33, 33, 33, 33, 33, 33, 33, 33, 33, 33, 33, 33, 33, 33, 33, 33, 33, 33, 33, 33, 33, 33, 33, 33, 33, 33, 33, 33, 33, 33, 33, 33, 33, 33, 33, 33, 33, 33, 33, 33, 33, 33, 33, 33, 33, 33, 33, 33, 33, 33, 33, 33, 33, 33, 33, 33, 33, 33, 33, 33, 33, 33, 33, 33, 33, 33, 33, 33, 33, 33, 33, 33, 33, 33, 33, 33, 33, 33, 33, 33, 33, 33, 33, 33, 33, 33, 33, 33, 33, 33, 33, 33, 33, 33, 33, 33, 33, 33, 33, 33, 33, 33, 33, 33, 33, 33, 33, 33, 33, 33, 33, 33, 33, 33, 33, 33, 33]",32.963133640552996,"[32.97695852534562, 32.9815668202765, 32.9815668202765, 32.963133640552996, 32.9815668202765, 32.9815668202765, 32.986175115207374, 32.97235023041475, 32.97695852534562, 32.99078341013825, 32.99078341013825, 32.99078341013825, 32.9815668202765, 32.97695852534562, 32.97695852534562, 32.986175115207374, 32.9815668202765, 32.995391705069125, 32.9815668202765, 32.99078341013825, 32.97235023041475, 32.9815668202765, 32.986175115207374, 32.995391705069125, 32.99078341013825, 32.9815668202765, 32.97235023041475, 32.9815668202765, 32.9815668202765, 32.97695852534562, 32.97695852534562, 32.97235023041475, 32.963133640552996, 32.97695852534562, 32.986175115207374, 32.995391705069125, 32.9815668202765, 32.97695852534562, 32.9815668202765, 32.986175115207374, 32.995391705069125, 32.9815668202765, 32.97695852534562, 32.986175115207374, 32.9815668202765, 32.986175115207374, 32.97695852534562, 32.9815668202765, 32.97695852534562, 32.986175115207374, 32.986175115207374, 32.986175115207374, 32.986175115207374, 32.986175115207374, 32.97695852534562, 32.97695852534562, 32.9815668202765, 32.9815668202765, 32.995391705069125, 32.995391705069125, 32.986175115207374, 32.986175115207374, 32.99078341013825, 32.9815668202765, 32.99078341013825, 32.9815668202765, 32.9815668202765, 32.97235023041475, 32.97695852534562, 32.9815668202765, 32.9815668202765, 32.9815668202765, 32.99078341013825, 32.9815668202765, 32.9815668202765, 32.986175115207374, 32.986175115207374, 32.96774193548387, 32.97235023041475, 32.97695852534562, 32.96774193548387, 32.97235023041475, 32.97235023041475, 32.97695852534562, 32.96774193548387, 32.97695852534562, 32.97695852534562, 32.963133640552996, 32.96774193548387, 32.97695852534562, 32.9815668202765, 32.97235023041475, 32.986175115207374, 32.986175115207374, 32.97235023041475, 32.97235023041475, 32.97235023041475, 32.97695852534562, 32.97235023041475, 32.96774193548387, 32.97235023041475, 32.97235023041475, 32.97695852534562, 32.97695852534562, 32.963133640552996, 32.95852534562212, 32.97235023041475, 32.96774193548387, 32.96774193548387, 32.97235023041475, 32.96774193548387, 32.97235023041475, 32.9815668202765, 32.97235023041475, 32.97235023041475, 32.97235023041475, 32.9815668202765, 32.986175115207374, 32.986175115207374, 32.9815668202765, 32.986175115207374, 32.99078341013825, 32.97235023041475, 32.97235023041475, 32.9815668202765, 32.97695852534562, 32.99078341013825, 32.9815668202765, 32.97695852534562, 32.986175115207374, 32.9815668202765, 32.9815668202765, 32.986175115207374, 32.99078341013825, 32.99078341013825, 32.99078341013825, 32.99078341013825, 32.995391705069125, 32.99078341013825, 32.97695852534562, 32.9815668202765, 32.9815668202765, 32.9815668202765, 32.986175115207374, 32.9815668202765, 32.97695852534562, 32.9815668202765, 32.97235023041475, 32.96774193548387, 32.97235023041475, 32.96774193548387, 32.963133640552996, 32.96774193548387, 32.97695852534562, 32.97695852534562, 32.986175115207374, 32.99078341013825, 32.97695852534562, 32.995391705069125, 32.99078341013825, 32.986175115207374, 32.995391705069125, 33.0, 32.995391705069125, 32.97695852534562, 32.986175115207374, 32.99078341013825, 32.986175115207374, 32.97695852534562, 32.986175115207374, 32.986175115207374, 32.9815668202765, 32.9815668202765, 32.995391705069125, 33.0, 32.995391705069125, 32.99078341013825, 32.9815668202765, 32.986175115207374, 32.995391705069125, 32.995391705069125, 32.986175115207374, 32.995391705069125, 33.0, 33.0, 32.97695852534562, 32.995391705069125, 33.0, 32.995391705069125, 32.99078341013825, 32.99078341013825, 32.995391705069125, 32.986175115207374, 32.97695852534562, 32.986175115207374, 32.99078341013825, 32.995391705069125, 32.99078341013825, 32.986175115207374, 32.986175115207374, 32.9815668202765, 32.97695852534562, 32.9815668202765, 32.97695852534562, 32.9815668202765, 32.9815668202765, 32.99078341013825, 32.986175115207374, 32.97695852534562, 32.9815668202765, 32.97695852534562, 32.97235023041475, 32.96774193548387, 32.96774193548387, 32.963133640552996, 32.96774193548387, 32.97235023041475, 32.95852534562212, 32.963133640552996, 32.97235023041475, 32.97695852534562, 32.97695852534562, 32.9815668202765, 32.9815668202765, 32.986175115207374, 32.986175115207374, 32.9815668202765, 32.9815668202765, 32.96774193548387, 32.963133640552996]",0.8201603381798066,0.8040602336695392,33,"[33, 33, 33, 33, 33, 33, 33, 33, 33, 33, 33, 33, 33, 33, 33, 33, 33, 33, 33, 33, 33, 33, 33, 33, 33, 33, 33, 33, 33, 33, 33, 33, 33, 33, 33, 33, 33, 33, 33, 33, 33, 33, 33, 33, 33, 33, 33, 33, 33, 33, 33, 33, 33, 33, 33, 33, 33, 33, 33, 33, 33, 33, 33, 33, 33, 33, 33, 33, 33, 33, 33, 33, 33, 33, 33, 33, 33, 33, 33, 33, 33, 33, 33, 33, 33, 33, 33, 33, 33, 33, 33, 33, 33, 33, 33, 33, 33, 33, 33, 33, 33, 33, 33, 33, 33, 33, 33, 33, 33, 33, 33, 33, 33, 33, 33, 33, 33, 33, 33, 33, 33, 33, 33, 33, 33, 33, 33, 33, 33, 33, 33, 33, 33, 33, 33, 33, 33, 33, 33, 33, 33, 33, 33, 33, 33, 33, 33, 33, 33, 33, 33, 33, 33, 33, 33, 33, 33, 33, 33, 33, 33, 33, 33, 33, 33, 33, 33, 33, 33, 33, 33, 33, 33, 33, 33, 33, 33, 33, 33, 33, 33, 33, 33, 33, 33, 33, 33, 33, 33, 33, 33, 33, 33, 33, 33, 33, 33, 33, 33, 33, 33, 33, 33, 33, 33, 33, 33, 33, 33, 33, 33, 33, 33, 33, 33, 33, 33, 33, 33, 33, 33, 33, 33, 33, 33, 33, 33, 33, 33, 33]",230,"[0.6420655846595764, 0.6005986332893372, 0.5672698020935059, 0.5402677059173584, 0.5182574391365051, 0.5002118349075317, 0.48526468873023987, 0.47281691431999207, 0.46236950159072876, 0.4535510540008545, 0.44605088233947754, 0.4396449327468872, 0.43411707878112793, 0.42933666706085205, 0.425180584192276, 0.4215337336063385, 0.4183242917060852, 0.41548100113868713, 0.4129510819911957, 0.4106890559196472, 0.40865927934646606, 0.40682658553123474, 0.4051596522331238, 0.4036376178264618, 0.40224090218544006, 0.4009557068347931, 0.3997681140899658, 0.39866042137145996, 0.3976275622844696, 0.3966590166091919, 0.39575111865997314, 0.3948950171470642, 0.3940843939781189, 0.39331135153770447, 0.3925751745700836, 0.3918718099594116, 0.3911968171596527, 0.39054635167121887, 0.38991835713386536, 0.38931408524513245, 0.3887265920639038, 0.3881579637527466, 0.38760510087013245, 0.3870672583580017, 0.38654249906539917, 0.38602909445762634, 0.3855280578136444, 0.3850350081920624, 0.38455405831336975, 0.38408106565475464, 0.38361576199531555, 0.38315898180007935, 0.3827103078365326, 0.38226717710494995, 0.38182830810546875, 0.3813968002796173, 0.3809717297554016, 0.38055068254470825, 0.38013455271720886, 0.37972408533096313, 0.3793175220489502, 0.3789142966270447, 0.3785150647163391, 0.37811991572380066, 0.3777281641960144, 0.37733927369117737, 0.3769530951976776, 0.37657034397125244, 0.3761895000934601, 0.37581196427345276, 0.375436931848526, 0.3750651478767395, 0.3746947944164276, 0.3743266761302948, 0.37396126985549927, 0.3735979497432709, 0.37323689460754395, 0.37287619709968567, 0.37251797318458557, 0.372161328792572, 0.37180638313293457, 0.37145233154296875, 0.3711000084877014, 0.3707490563392639, 0.3703993260860443, 0.37005138397216797, 0.3697037398815155, 0.3693576157093048, 0.36901241540908813, 0.3686681389808655, 0.36832505464553833, 0.3679822087287903, 0.36764103174209595, 0.36730000376701355, 0.36695942282676697, 0.3666194677352905, 0.3662804663181305, 0.36594250798225403, 0.365604430437088, 0.365266889333725, 0.364930123090744, 0.3645935356616974, 0.3642575442790985, 0.36392223834991455, 0.36358657479286194, 0.36325138807296753, 0.3629157543182373, 0.36258068680763245, 0.3622477352619171, 0.3619132936000824, 0.36157912015914917, 0.3612453043460846, 0.36091065406799316, 0.3605770170688629, 0.3602431118488312, 0.3599100410938263, 0.3595759868621826, 0.35924243927001953, 0.35890910029411316, 0.35857564210891724, 0.3582420349121094, 0.35790854692459106, 0.3575742244720459, 0.35724008083343506, 0.35690489411354065, 0.35657012462615967, 0.35623592138290405, 0.35590100288391113, 0.3555672764778137, 0.35523146390914917, 0.35489562153816223, 0.3545610010623932, 0.35422518849372864, 0.3538898229598999, 0.35355401039123535, 0.35321763157844543, 0.35288211703300476, 0.3525448739528656, 0.3522081673145294, 0.3518710732460022, 0.3515335023403168, 0.351195365190506, 0.3508576452732086, 0.35051867365837097, 0.350180059671402, 0.3498401343822479, 0.349501371383667, 0.3491625189781189, 0.3488227427005768, 0.3484829068183899, 0.34814220666885376, 0.34780219197273254, 0.3474613428115845, 0.3471193015575409, 0.3467778265476227, 0.3464374840259552, 0.3460962772369385, 0.345753937959671, 0.345412015914917, 0.3450690507888794, 0.34472647309303284, 0.34438347816467285, 0.34404030442237854, 0.34369713068008423, 0.34335386753082275, 0.34301161766052246, 0.3426673412322998, 0.3423241376876831, 0.3419800102710724, 0.3416365385055542, 0.3412921130657196, 0.3409472703933716, 0.340602844953537, 0.34025850892066956, 0.3399139642715454, 0.339568555355072, 0.33922266960144043, 0.3388771712779999, 0.33853137493133545, 0.3381860852241516, 0.337840735912323, 0.3374961018562317, 0.3371520936489105, 0.3368068337440491, 0.3364618718624115, 0.33611732721328735, 0.3357730209827423, 0.3354281485080719, 0.3350846767425537, 0.33474066853523254, 0.3343960642814636, 0.3340528905391693, 0.33370864391326904, 0.33336585760116577, 0.33302271366119385, 0.3326804041862488, 0.3323368430137634, 0.33199283480644226, 0.3316502273082733, 0.3313077986240387, 0.33096569776535034, 0.3306238055229187, 0.3302825689315796, 0.3299410939216614, 0.3296014070510864, 0.3292606472969055, 0.32892078161239624, 0.32858115434646606, 0.32824084162712097, 0.3279007077217102, 0.3275613784790039, 0.32722267508506775, 0.3268841803073883, 0.3265468180179596, 0.32620957493782043, 0.3258737623691559, 0.32553791999816895, 0.32520270347595215, 0.3248673379421234, 0.3245335519313812, 0.3242013454437256, 0.32386890053749084, 0.3235367238521576, 0.32320550084114075, 0.32287460565567017, 0.3225439488887787, 0.32221361994743347, 0.3218848705291748, 0.3215565085411072, 0.3212296664714813]",33.0,"[33.0, 33.0, 33.0, 33.0, 33.0, 33.0, 33.0, 33.0, 33.0, 33.0, 33.0, 33.0, 33.0, 33.0, 33.0, 33.0, 33.0, 33.0, 33.0, 33.0, 33.0, 33.0, 33.0, 33.0, 33.0, 33.0, 33.0, 33.0, 33.0, 33.0, 33.0, 33.0, 33.0, 33.0, 33.0, 33.0, 33.0, 33.0, 33.0, 33.0, 33.0, 33.0, 33.0, 33.0, 33.0, 33.0, 33.0, 33.0, 33.0, 33.0, 33.0, 33.0, 33.0, 33.0, 33.0, 33.0, 33.0, 33.0, 33.0, 33.0, 33.0, 33.0, 33.0, 33.0, 33.0, 33.0, 33.0, 33.0, 33.0, 33.0, 33.0, 33.0, 33.0, 33.0, 33.0, 33.0, 33.0, 33.0, 33.0, 33.0, 33.0, 33.0, 33.0, 33.0, 33.0, 33.0, 33.0, 33.0, 33.0, 33.0, 33.0, 33.0, 33.0, 33.0, 33.0, 33.0, 33.0, 33.0, 33.0, 33.0, 33.0, 33.0, 33.0, 33.0, 33.0, 33.0, 33.0, 33.0, 33.0, 33.0, 33.0, 33.0, 33.0, 33.0, 33.0, 33.0, 33.0, 33.0, 33.0, 33.0, 33.0, 33.0, 33.0, 33.0, 33.0, 33.0, 33.0, 33.0, 33.0, 33.0, 33.0, 33.0, 33.0, 33.0, 33.0, 33.0, 33.0, 33.0, 33.0, 33.0, 33.0, 33.0, 33.0, 33.0, 33.0, 33.0, 33.0, 33.0, 33.0, 33.0, 33.0, 33.0, 33.0, 33.0, 33.0, 33.0, 33.0, 33.0, 33.0, 33.0, 33.0, 33.0, 33.0, 33.0, 33.0, 33.0, 33.0, 33.0, 33.0, 33.0, 33.0, 33.0, 33.0, 33.0, 33.0, 33.0, 33.0, 33.0, 33.0, 33.0, 33.0, 33.0, 33.0, 33.0, 33.0, 33.0, 33.0, 33.0, 33.0, 33.0, 33.0, 33.0, 33.0, 33.0, 33.0, 33.0, 33.0, 33.0, 33.0, 33.0, 33.0, 33.0, 33.0, 33.0, 33.0, 33.0, 33.0, 33.0, 33.0, 33.0, 33.0, 33.0, 33.0, 33.0, 33.0, 33.0, 33.0, 33.0, 33.0, 33.0, 33.0, 33.0, 33.0, 33.0, 33.0, 33.0, 33.0, 33.0, 33.0, 33.0]",COMPLETE
