,number,value,datetime_start,datetime_complete,duration,params_batch_size_scaler,params_constant_learning_rate,params_depth,params_epochs,params_kernel_l2,params_num_trees,params_temperature,user_attrs_accuracy_test,user_attrs_accuracy_valid,user_attrs_approximate_feature_sparsity,user_attrs_approximate_feature_sparsity_history,user_attrs_approximate_weight_sparsity,user_attrs_approximate_weight_sparsity_history,user_attrs_auc_test,user_attrs_auc_valid,user_attrs_feature_sparsity,user_attrs_feature_sparsity_history,user_attrs_num_epochs,user_attrs_val_loss_history,user_attrs_weight_sparsity,user_attrs_weight_sparsity_history,state
28,28,0.9260733469876723,2024-08-31 01:56:55.864282,2024-08-31 02:01:12.144281,0 days 00:04:16.279999,4,0.11007800595682085,6,240,0.031058043686105548,15,0.008287385653272075,0.939,0.94125,33,"[33, 33, 33, 33, 33, 33, 33, 33, 33, 33, 33, 33, 33, 33, 33, 33, 33, 33, 33, 33, 33, 33, 33, 33, 33, 33, 33, 33, 33, 33, 33, 33, 33, 33, 33, 33, 33, 33, 33, 33, 33, 33, 33, 33, 33, 33, 33, 33, 33, 33, 33, 33, 33, 33, 33, 33, 33, 33, 33, 33, 33, 33, 33, 33, 33, 33, 33, 33, 33, 33, 33, 33, 33, 33, 33, 33, 33, 33, 33, 33, 33, 33, 33, 33, 33, 33, 33, 33, 33, 33, 33, 33, 33, 33, 33, 33, 33, 33, 33, 33, 33, 33, 33, 33, 33, 33, 33, 33, 33, 33, 33, 33, 33, 33, 33, 33, 33, 33, 33, 33, 33, 33, 33, 33, 33, 33, 33, 33, 33, 33, 33, 33, 33, 33, 33, 33, 33, 33, 33, 33, 33, 33, 33, 33, 33, 33, 33, 33, 33, 33, 33, 33, 33, 33, 33, 33, 33, 33, 33, 33, 33, 33, 33, 33, 33, 33, 33, 33, 33, 33, 33, 33, 33, 33, 33, 33, 33, 33, 33, 33, 33, 33, 33, 33, 33, 33, 33, 33, 33, 33, 33, 33, 33, 33, 33, 33, 33, 33, 33, 33, 33, 33, 33, 33, 33, 33, 33, 33, 33, 33, 33, 33, 33, 33, 33, 33, 33, 33, 33, 33, 33, 33, 33, 33, 33, 33, 33, 33, 33, 33, 33, 33, 33, 33, 33, 33, 33, 33, 33, 33]",32.95555555555556,"[32.96296296296296, 32.95978835978836, 32.95978835978836, 32.96402116402116, 32.954497354497356, 32.95767195767196, 32.96190476190476, 32.96719576719577, 32.953439153439156, 32.96507936507936, 32.96296296296296, 32.957671957671955, 32.96296296296296, 32.95238095238095, 32.96084656084656, 32.94708994708995, 32.94814814814815, 32.95132275132275, 32.953439153439156, 32.96613756613756, 32.957671957671955, 32.958730158730155, 32.96084656084656, 32.95978835978836, 32.96190476190476, 32.956613756613756, 32.95238095238095, 32.95026455026455, 32.94391534391534, 32.952380952380956, 32.951322751322756, 32.953439153439156, 32.95132275132275, 32.95238095238095, 32.953439153439156, 32.95978835978836, 32.96507936507936, 32.96190476190476, 32.96402116402116, 32.96296296296296, 32.956613756613756, 32.96402116402117, 32.96402116402117, 32.957671957671955, 32.96084656084656, 32.96190476190476, 32.954497354497356, 32.95026455026455, 32.94814814814815, 32.95238095238095, 32.95132275132275, 32.96507936507936, 32.955555555555556, 32.96402116402116, 32.957671957671955, 32.95767195767196, 32.954497354497356, 32.95026455026455, 32.94920634920635, 32.953439153439156, 32.95132275132275, 32.956613756613756, 32.96084656084656, 32.96190476190476, 32.955555555555556, 32.96190476190476, 32.96190476190476, 32.95873015873016, 32.955555555555556, 32.96296296296296, 32.96402116402116, 32.95238095238095, 32.96507936507937, 32.96825396825397, 32.96825396825397, 32.96190476190476, 32.95767195767196, 32.956613756613756, 32.94814814814815, 32.93968253968254, 32.940740740740736, 32.94603174603175, 32.94285714285714, 32.954497354497356, 32.956613756613756, 32.955555555555556, 32.955555555555556, 32.956613756613756, 32.95978835978836, 32.958730158730155, 32.957671957671955, 32.954497354497356, 32.95873015873016, 32.956613756613756, 32.95343915343915, 32.957671957671955, 32.95238095238095, 32.957671957671955, 32.955555555555556, 32.96084656084656, 32.96296296296296, 32.95978835978836, 32.953439153439156, 32.94814814814815, 32.954497354497356, 32.954497354497356, 32.95238095238095, 32.95238095238095, 32.95873015873016, 32.95978835978836, 32.96084656084656, 32.956613756613756, 32.96296296296296, 32.96613756613757, 32.96931216931217, 32.96931216931217, 32.96296296296296, 32.95978835978836, 32.96296296296296, 32.953439153439156, 32.95873015873016, 32.96507936507937, 32.95132275132275, 32.953439153439156, 32.95978835978836, 32.96402116402116, 32.95873015873016, 32.956613756613756, 32.95132275132275, 32.94708994708995, 32.94814814814815, 32.954497354497356, 32.95132275132275, 32.95343915343915, 32.94920634920635, 32.958730158730155, 32.96296296296296, 32.953439153439156, 32.94920634920635, 32.94814814814815, 32.952380952380956, 32.95026455026455, 32.94603174603174, 32.94708994708995, 32.95026455026455, 32.956613756613756, 32.957671957671955, 32.94708994708995, 32.94285714285714, 32.94920634920635, 32.953439153439156, 32.955555555555556, 32.955555555555556, 32.94814814814815, 32.94497354497354, 32.955555555555556, 32.95132275132275, 32.94708994708995, 32.94285714285714, 32.95132275132275, 32.95449735449735, 32.952380952380956, 32.95238095238095, 32.956613756613756, 32.96084656084656, 32.96190476190476, 32.96931216931217, 32.96084656084656, 32.957671957671955, 32.955555555555556, 32.96296296296296, 32.96190476190476, 32.96402116402117, 32.96190476190476, 32.96190476190476, 32.96402116402116, 32.96190476190476, 32.96296296296296, 32.954497354497356, 32.96402116402116, 32.96402116402116, 32.96613756613757, 32.96613756613757, 32.96825396825397, 32.96084656084656, 32.95978835978836, 32.95873015873016, 32.95449735449735, 32.95449735449735, 32.94814814814815, 32.94814814814815, 32.95873015873016, 32.96084656084656, 32.96402116402116, 32.957671957671955, 32.957671957671955, 32.95132275132275, 32.95026455026455, 32.956613756613756, 32.96507936507937, 32.956613756613756, 32.95449735449735, 32.956613756613756, 32.955555555555556, 32.952380952380956, 32.956613756613756, 32.95978835978836, 32.96190476190476, 32.96084656084656, 32.95661375661376, 32.95873015873016, 32.96190476190476, 32.96296296296296, 32.96296296296296, 32.95873015873016, 32.95978835978836, 32.96190476190476, 32.96084656084656, 32.953439153439156, 32.956613756613756, 32.956613756613756, 32.95132275132275, 32.94814814814815, 32.954497354497356, 32.94603174603175, 32.955555555555556, 32.95767195767196, 32.957671957671955, 32.96402116402116, 32.95767195767196, 32.96084656084656, 32.95978835978836, 32.955555555555556, 32.953439153439156, 32.95132275132275, 32.94920634920635, 32.95449735449735, 32.95873015873016, 32.95238095238095, 32.95555555555556]",0.9108645216687721,0.9260733469876723,33,"[33, 33, 33, 33, 33, 33, 33, 33, 33, 33, 33, 33, 33, 33, 33, 33, 33, 33, 33, 33, 33, 33, 33, 33, 33, 33, 33, 33, 33, 33, 33, 33, 33, 33, 33, 33, 33, 33, 33, 33, 33, 33, 33, 33, 33, 33, 33, 33, 33, 33, 33, 33, 33, 33, 33, 33, 33, 33, 33, 33, 33, 33, 33, 33, 33, 33, 33, 33, 33, 33, 33, 33, 33, 33, 33, 33, 33, 33, 33, 33, 33, 33, 33, 33, 33, 33, 33, 33, 33, 33, 33, 33, 33, 33, 33, 33, 33, 33, 33, 33, 33, 33, 33, 33, 33, 33, 33, 33, 33, 33, 33, 33, 33, 33, 33, 33, 33, 33, 33, 33, 33, 33, 33, 33, 33, 33, 33, 33, 33, 33, 33, 33, 33, 33, 33, 33, 33, 33, 33, 33, 33, 33, 33, 33, 33, 33, 33, 33, 33, 33, 33, 33, 33, 33, 33, 33, 33, 33, 33, 33, 33, 33, 33, 33, 33, 33, 33, 33, 33, 33, 33, 33, 33, 33, 33, 33, 33, 33, 33, 33, 33, 33, 33, 33, 33, 33, 33, 33, 33, 33, 33, 33, 33, 33, 33, 33, 33, 33, 33, 33, 33, 33, 33, 33, 33, 33, 33, 33, 33, 33, 33, 33, 33, 33, 33, 33, 33, 33, 33, 33, 33, 33, 33, 33, 33, 33, 33, 33, 33, 33, 33, 33, 33, 33, 33, 33, 33, 33, 33, 33]",240,"[0.46451568603515625, 0.4107871949672699, 0.3947521448135376, 0.3874833285808563, 0.3830151855945587, 0.37973153591156006, 0.3771117031574249, 0.3748495876789093, 0.37283089756965637, 0.3710058331489563, 0.36932507157325745, 0.3677149713039398, 0.36612552404403687, 0.36457687616348267, 0.3631049394607544, 0.36162444949150085, 0.36014416813850403, 0.35868537425994873, 0.35722628235816956, 0.3557179570198059, 0.35418838262557983, 0.352690190076828, 0.3510524034500122, 0.34941917657852173, 0.34776461124420166, 0.3460453450679779, 0.3443125784397125, 0.34256184101104736, 0.34078869223594666, 0.3389785885810852, 0.33706608414649963, 0.3351498544216156, 0.3331959545612335, 0.33121585845947266, 0.3292090594768524, 0.327188640832901, 0.32508742809295654, 0.3230445981025696, 0.320921391248703, 0.31876909732818604, 0.31664764881134033, 0.3145799934864044, 0.31244832277297974, 0.31044110655784607, 0.3083832263946533, 0.30634182691574097, 0.3043864369392395, 0.3024095892906189, 0.30046766996383667, 0.29852452874183655, 0.29669275879859924, 0.29489144682884216, 0.2930205762386322, 0.29133284091949463, 0.2896079421043396, 0.2880082428455353, 0.2862752676010132, 0.28466859459877014, 0.28307968378067017, 0.2815967798233032, 0.28020307421684265, 0.27875247597694397, 0.27737730741500854, 0.27602165937423706, 0.2746487855911255, 0.2733948528766632, 0.2722218334674835, 0.27098608016967773, 0.2698434293270111, 0.2687523663043976, 0.2675241231918335, 0.2664256989955902, 0.2654060423374176, 0.2644915282726288, 0.26339471340179443, 0.2622526288032532, 0.261274516582489, 0.2604530155658722, 0.25947698950767517, 0.25856900215148926, 0.257616251707077, 0.2567952871322632, 0.25602275133132935, 0.2549119293689728, 0.25408053398132324, 0.2533324658870697, 0.2522929310798645, 0.2516089677810669, 0.25074806809425354, 0.24996976554393768, 0.24903392791748047, 0.24823980033397675, 0.24743814766407013, 0.24671021103858948, 0.24606731534004211, 0.2453622817993164, 0.24465209245681763, 0.2438374012708664, 0.24315594136714935, 0.2427002489566803, 0.24198900163173676, 0.24096398055553436, 0.24019533395767212, 0.2394779622554779, 0.23895475268363953, 0.2382020354270935, 0.23736456036567688, 0.2367229014635086, 0.2360813170671463, 0.23559808731079102, 0.23501387238502502, 0.23443208634853363, 0.2337733656167984, 0.23327665030956268, 0.2324857860803604, 0.23184803128242493, 0.23121392726898193, 0.2305675745010376, 0.23016679286956787, 0.22949911653995514, 0.22885377705097198, 0.22822193801403046, 0.22768449783325195, 0.22704240679740906, 0.22683295607566833, 0.22620445489883423, 0.22572061419487, 0.22484131157398224, 0.22479215264320374, 0.22406354546546936, 0.22344821691513062, 0.22281351685523987, 0.22251230478286743, 0.22183352708816528, 0.22156767547130585, 0.2210111767053604, 0.2207597941160202, 0.21991734206676483, 0.21936042606830597, 0.2191160023212433, 0.2185431271791458, 0.21856442093849182, 0.2180415540933609, 0.21730536222457886, 0.21683508157730103, 0.21652114391326904, 0.21550694108009338, 0.21519450843334198, 0.2147730588912964, 0.21428871154785156, 0.21392495930194855, 0.21405300498008728, 0.2137051522731781, 0.21334649622440338, 0.21288301050662994, 0.212340846657753, 0.2117730975151062, 0.211605966091156, 0.2108888179063797, 0.21093955636024475, 0.21059450507164001, 0.21008145809173584, 0.20971719920635223, 0.20980171859264374, 0.20918411016464233, 0.20852087438106537, 0.20815406739711761, 0.2080496996641159, 0.2077183872461319, 0.20705081522464752, 0.20704632997512817, 0.2068198025226593, 0.2062799036502838, 0.20618963241577148, 0.2053825706243515, 0.20495185256004333, 0.20535001158714294, 0.2049163430929184, 0.20465095341205597, 0.20468202233314514, 0.20454654097557068, 0.20362426340579987, 0.20299595594406128, 0.20319980382919312, 0.20270971953868866, 0.20223166048526764, 0.20212747156620026, 0.20219546556472778, 0.20189395546913147, 0.2020525485277176, 0.20164303481578827, 0.20154866576194763, 0.2010117918252945, 0.2004900723695755, 0.20082682371139526, 0.2003965824842453, 0.1999722421169281, 0.20082323253154755, 0.19986866414546967, 0.19948343932628632, 0.19935476779937744, 0.19877731800079346, 0.19864867627620697, 0.19854754209518433, 0.1984223574399948, 0.19816111028194427, 0.19791199266910553, 0.1980000138282776, 0.19754551351070404, 0.19774861633777618, 0.1973985731601715, 0.1973353773355484, 0.19654005765914917, 0.1962175816297531, 0.19638365507125854, 0.1963963508605957, 0.19656142592430115, 0.196250319480896, 0.19540581107139587, 0.19531574845314026, 0.1946529597043991, 0.19497326016426086, 0.19548864662647247, 0.1946428120136261, 0.19439515471458435, 0.1941712349653244, 0.19359995424747467, 0.19411903619766235, 0.1945195198059082, 0.1944276988506317, 0.19390234351158142, 0.1931399554014206, 0.19314418733119965, 0.192660391330719, 0.1930137574672699, 0.19294233620166779, 0.1927148401737213, 0.19226372241973877, 0.19294725358486176, 0.19264821708202362]",33.0,"[33.0, 33.0, 33.0, 33.0, 33.0, 33.0, 33.0, 33.0, 33.0, 33.0, 33.0, 33.0, 33.0, 33.0, 33.0, 33.0, 33.0, 33.0, 33.0, 33.0, 33.0, 33.0, 33.0, 33.0, 33.0, 33.0, 33.0, 33.0, 33.0, 33.0, 33.0, 33.0, 33.0, 33.0, 33.0, 33.0, 33.0, 33.0, 33.0, 33.0, 33.0, 33.0, 33.0, 33.0, 33.0, 33.0, 33.0, 33.0, 33.0, 33.0, 33.0, 33.0, 33.0, 33.0, 33.0, 33.0, 33.0, 33.0, 33.0, 33.0, 33.0, 33.0, 33.0, 33.0, 33.0, 33.0, 33.0, 33.0, 33.0, 33.0, 33.0, 33.0, 33.0, 33.0, 33.0, 33.0, 33.0, 33.0, 33.0, 33.0, 33.0, 33.0, 33.0, 33.0, 33.0, 33.0, 33.0, 33.0, 33.0, 33.0, 33.0, 33.0, 33.0, 33.0, 33.0, 33.0, 33.0, 33.0, 33.0, 33.0, 33.0, 33.0, 33.0, 33.0, 33.0, 33.0, 33.0, 33.0, 33.0, 33.0, 33.0, 33.0, 33.0, 33.0, 33.0, 33.0, 33.0, 33.0, 33.0, 33.0, 33.0, 33.0, 33.0, 33.0, 33.0, 33.0, 33.0, 33.0, 33.0, 33.0, 33.0, 33.0, 33.0, 33.0, 33.0, 33.0, 33.0, 33.0, 33.0, 33.0, 33.0, 33.0, 33.0, 33.0, 33.0, 33.0, 33.0, 33.0, 33.0, 33.0, 33.0, 33.0, 33.0, 33.0, 33.0, 33.0, 33.0, 33.0, 33.0, 33.0, 33.0, 33.0, 33.0, 33.0, 33.0, 33.0, 33.0, 33.0, 33.0, 33.0, 33.0, 33.0, 33.0, 33.0, 33.0, 33.0, 33.0, 33.0, 33.0, 33.0, 33.0, 33.0, 33.0, 33.0, 33.0, 33.0, 33.0, 33.0, 33.0, 33.0, 33.0, 33.0, 33.0, 33.0, 33.0, 33.0, 33.0, 33.0, 33.0, 33.0, 33.0, 33.0, 33.0, 33.0, 33.0, 33.0, 33.0, 33.0, 33.0, 33.0, 33.0, 33.0, 33.0, 33.0, 33.0, 33.0, 33.0, 33.0, 33.0, 33.0, 33.0, 33.0, 33.0, 33.0, 33.0, 33.0, 33.0, 33.0, 33.0, 33.0, 33.0, 33.0, 33.0, 33.0, 33.0, 33.0, 33.0, 33.0, 33.0, 33.0]",COMPLETE
