,number,value,datetime_start,datetime_complete,duration,params_batch_size_scaler,params_constant_learning_rate,params_depth,params_epochs,params_kernel_l2,params_num_trees,params_temperature,user_attrs_accuracy_test,user_attrs_accuracy_valid,user_attrs_approximate_feature_sparsity,user_attrs_approximate_feature_sparsity_history,user_attrs_approximate_weight_sparsity,user_attrs_approximate_weight_sparsity_history,user_attrs_auc_test,user_attrs_auc_valid,user_attrs_feature_sparsity,user_attrs_feature_sparsity_history,user_attrs_num_epochs,user_attrs_val_loss_history,user_attrs_weight_sparsity,user_attrs_weight_sparsity_history,state
114,114,0.7135293890327318,2024-08-31 05:03:13.602777,2024-08-31 05:03:37.353603,0 days 00:00:23.750826,64,0.020292653758133362,2,255,0.011212256940519085,40,0.013159268036375186,0.868,0.865,33,"[33, 33, 33, 33, 33, 33, 33, 33, 33, 33, 33, 33, 33, 33, 33, 33, 33, 33, 33, 33, 33, 33, 33, 33, 33, 33, 33, 33, 33, 33, 33, 33, 33, 33, 33, 33, 33, 33, 33, 33, 33, 33, 33, 33, 33, 33, 33, 33, 33, 33, 33, 33, 33, 33, 33, 33, 33, 33, 33, 33, 33, 33, 33, 33, 33, 33, 33, 33, 33, 33, 33, 33, 33, 33, 33, 33, 33, 33, 33, 33, 33, 33, 33, 33, 33, 33, 33, 33, 33, 33, 33, 33, 33, 33, 33, 33, 33, 33, 33, 33, 33, 33, 33, 33, 33, 33, 33, 33, 33, 33, 33, 33, 33, 33, 33, 33, 33, 33, 33, 33, 33, 33, 33, 33, 33, 33, 33, 33, 33, 33, 33, 33, 33, 33, 33, 33, 33, 33, 33, 33, 33, 33, 33, 33, 33, 33, 33, 33, 33, 33, 33, 33, 33, 33, 33, 33, 33, 33, 33, 33, 33, 33, 33, 33, 33, 33, 33, 33, 33, 33, 33, 33, 33, 33, 33, 33, 33, 33, 33, 33, 33, 33, 33, 33, 33, 33, 33, 33, 33, 33, 33, 33, 33, 33, 33, 33, 33, 33, 33, 33, 33, 33, 33, 33, 33, 33, 33, 33, 33, 33, 33, 33, 33, 33, 33, 33, 33, 33, 33, 33, 33, 33, 33, 33, 33, 33, 33, 33, 33, 33, 33, 33, 33, 33, 33, 33, 33, 33, 33, 33, 33, 33, 33, 33, 33, 33, 33, 33, 33, 33, 33, 33, 33, 33, 33]",32.99166666666667,"[32.983333333333334, 32.99166666666667, 32.99166666666667, 32.983333333333334, 32.983333333333334, 32.99166666666667, 32.983333333333334, 32.983333333333334, 32.99166666666667, 33.0, 33.0, 32.983333333333334, 32.96666666666667, 32.975, 32.958333333333336, 32.96666666666667, 32.975, 32.96666666666667, 32.96666666666667, 32.96666666666667, 32.96666666666667, 32.975, 32.983333333333334, 32.983333333333334, 32.99166666666667, 32.99166666666667, 32.96666666666667, 32.958333333333336, 32.975, 32.99166666666667, 32.99166666666667, 32.983333333333334, 32.983333333333334, 32.983333333333334, 32.975, 32.99166666666667, 32.983333333333334, 32.983333333333334, 32.975, 32.975, 32.975, 32.975, 32.975, 32.975, 32.975, 32.975, 32.983333333333334, 32.983333333333334, 32.983333333333334, 32.99166666666667, 32.983333333333334, 32.983333333333334, 32.983333333333334, 32.983333333333334, 32.983333333333334, 32.99166666666667, 32.99166666666667, 32.99166666666667, 32.99166666666667, 32.99166666666667, 32.983333333333334, 32.983333333333334, 32.975, 32.975, 32.96666666666667, 32.958333333333336, 32.958333333333336, 32.958333333333336, 32.958333333333336, 32.958333333333336, 32.95, 32.958333333333336, 32.96666666666667, 32.96666666666667, 32.96666666666667, 32.96666666666667, 32.958333333333336, 32.96666666666667, 32.958333333333336, 32.958333333333336, 32.983333333333334, 32.983333333333334, 32.96666666666667, 32.96666666666667, 32.983333333333334, 32.975, 32.975, 32.975, 32.983333333333334, 32.975, 32.983333333333334, 32.99166666666667, 32.99166666666667, 32.99166666666667, 32.983333333333334, 32.983333333333334, 32.99166666666667, 32.99166666666667, 32.99166666666667, 32.975, 32.975, 32.983333333333334, 32.983333333333334, 32.983333333333334, 32.983333333333334, 32.983333333333334, 32.983333333333334, 32.983333333333334, 32.96666666666667, 32.975, 32.983333333333334, 32.983333333333334, 32.983333333333334, 32.975, 32.975, 32.958333333333336, 32.96666666666667, 32.96666666666667, 32.96666666666667, 32.96666666666667, 32.96666666666667, 32.96666666666667, 32.975, 32.99166666666667, 32.983333333333334, 32.983333333333334, 32.99166666666667, 32.99166666666667, 32.99166666666667, 32.983333333333334, 32.99166666666667, 32.99166666666667, 32.99166666666667, 32.975, 32.975, 32.983333333333334, 32.975, 32.975, 32.983333333333334, 32.983333333333334, 32.975, 32.96666666666667, 32.95, 32.94166666666666, 32.94166666666666, 32.95, 32.96666666666667, 32.975, 32.983333333333334, 32.96666666666667, 32.975, 32.96666666666667, 32.975, 32.975, 32.983333333333334, 32.983333333333334, 32.983333333333334, 32.983333333333334, 32.983333333333334, 32.99166666666667, 32.983333333333334, 32.975, 32.983333333333334, 32.96666666666667, 32.96666666666667, 32.96666666666667, 32.96666666666667, 32.96666666666667, 32.958333333333336, 32.958333333333336, 32.96666666666667, 32.975, 32.983333333333334, 32.975, 32.975, 32.975, 32.99166666666667, 32.983333333333334, 32.99166666666667, 32.983333333333334, 32.983333333333334, 32.96666666666667, 32.958333333333336, 32.958333333333336, 32.96666666666667, 32.983333333333334, 32.99166666666667, 32.99166666666667, 33.0, 33.0, 33.0, 33.0, 32.99166666666667, 32.99166666666667, 33.0, 33.0, 33.0, 33.0, 33.0, 33.0, 33.0, 33.0, 33.0, 33.0, 33.0, 33.0, 33.0, 33.0, 32.99166666666667, 32.99166666666667, 32.99166666666667, 32.99166666666667, 32.99166666666667, 32.983333333333334, 32.975, 32.96666666666667, 32.983333333333334, 32.983333333333334, 32.96666666666667, 32.975, 32.975, 32.975, 32.975, 32.975, 32.96666666666667, 32.983333333333334, 32.96666666666667, 32.983333333333334, 32.95833333333333, 32.95833333333333, 32.96666666666667, 32.96666666666667, 32.96666666666667, 32.96666666666667, 32.96666666666667, 32.975, 32.975, 32.975, 32.975, 32.96666666666667, 32.983333333333334, 32.983333333333334, 32.975, 32.975, 32.983333333333334, 32.983333333333334, 32.983333333333334, 32.983333333333334, 32.983333333333334, 32.983333333333334, 32.99166666666667, 32.99166666666667, 32.99166666666667, 32.99166666666667, 32.99166666666667]",0.7401646314781332,0.7135293890327318,33,"[33, 33, 33, 33, 33, 33, 33, 33, 33, 33, 33, 33, 33, 33, 33, 33, 33, 33, 33, 33, 33, 33, 33, 33, 33, 33, 33, 33, 33, 33, 33, 33, 33, 33, 33, 33, 33, 33, 33, 33, 33, 33, 33, 33, 33, 33, 33, 33, 33, 33, 33, 33, 33, 33, 33, 33, 33, 33, 33, 33, 33, 33, 33, 33, 33, 33, 33, 33, 33, 33, 33, 33, 33, 33, 33, 33, 33, 33, 33, 33, 33, 33, 33, 33, 33, 33, 33, 33, 33, 33, 33, 33, 33, 33, 33, 33, 33, 33, 33, 33, 33, 33, 33, 33, 33, 33, 33, 33, 33, 33, 33, 33, 33, 33, 33, 33, 33, 33, 33, 33, 33, 33, 33, 33, 33, 33, 33, 33, 33, 33, 33, 33, 33, 33, 33, 33, 33, 33, 33, 33, 33, 33, 33, 33, 33, 33, 33, 33, 33, 33, 33, 33, 33, 33, 33, 33, 33, 33, 33, 33, 33, 33, 33, 33, 33, 33, 33, 33, 33, 33, 33, 33, 33, 33, 33, 33, 33, 33, 33, 33, 33, 33, 33, 33, 33, 33, 33, 33, 33, 33, 33, 33, 33, 33, 33, 33, 33, 33, 33, 33, 33, 33, 33, 33, 33, 33, 33, 33, 33, 33, 33, 33, 33, 33, 33, 33, 33, 33, 33, 33, 33, 33, 33, 33, 33, 33, 33, 33, 33, 33, 33, 33, 33, 33, 33, 33, 33, 33, 33, 33, 33, 33, 33, 33, 33, 33, 33, 33, 33, 33, 33, 33, 33, 33, 33]",255,"[0.4758840501308441, 0.4486406743526459, 0.43445631861686707, 0.42595645785331726, 0.4208008646965027, 0.4182169437408447, 0.41611579060554504, 0.41419482231140137, 0.4125397801399231, 0.41139721870422363, 0.41022536158561707, 0.4093077480792999, 0.40846455097198486, 0.4076017439365387, 0.4068375527858734, 0.40611976385116577, 0.4053719639778137, 0.40475013852119446, 0.4041067361831665, 0.4034407436847687, 0.4029713571071625, 0.4024832248687744, 0.4018751084804535, 0.40117737650871277, 0.40049853920936584, 0.39987123012542725, 0.399384081363678, 0.39884957671165466, 0.3983069360256195, 0.397847980260849, 0.39728832244873047, 0.3968003988265991, 0.3962911367416382, 0.39583367109298706, 0.3953357934951782, 0.3947724401950836, 0.3942645788192749, 0.393934428691864, 0.393441379070282, 0.39295345544815063, 0.39256229996681213, 0.3922632932662964, 0.3918357789516449, 0.391417920589447, 0.3909813165664673, 0.39058053493499756, 0.39010876417160034, 0.3897295296192169, 0.3894382119178772, 0.3890432119369507, 0.3887168765068054, 0.3884063959121704, 0.38806748390197754, 0.38779351115226746, 0.38753482699394226, 0.38718926906585693, 0.38688644766807556, 0.3865881860256195, 0.38633137941360474, 0.3859223425388336, 0.38568103313446045, 0.3854752480983734, 0.38521212339401245, 0.3849276602268219, 0.38469618558883667, 0.3844166100025177, 0.38419994711875916, 0.38400349020957947, 0.383872389793396, 0.3835383355617523, 0.3833565413951874, 0.3830721378326416, 0.38280564546585083, 0.38260921835899353, 0.38237300515174866, 0.38221055269241333, 0.3820076882839203, 0.38177594542503357, 0.38159728050231934, 0.3813706338405609, 0.3811309039592743, 0.38099297881126404, 0.380776047706604, 0.380586177110672, 0.3803580403327942, 0.38017237186431885, 0.38002732396125793, 0.3798171877861023, 0.3796502947807312, 0.3793780207633972, 0.3791641891002655, 0.3789730966091156, 0.37882745265960693, 0.3786953091621399, 0.37860697507858276, 0.37841442227363586, 0.37820518016815186, 0.3780686557292938, 0.37790852785110474, 0.3777686357498169, 0.37762242555618286, 0.3774586021900177, 0.3773461878299713, 0.37716880440711975, 0.3770409822463989, 0.37689006328582764, 0.37678682804107666, 0.3766801059246063, 0.3764570951461792, 0.37628525495529175, 0.3761625289916992, 0.3759664297103882, 0.3758094012737274, 0.37566861510276794, 0.37556466460227966, 0.3754381239414215, 0.3752981424331665, 0.37515372037887573, 0.37496086955070496, 0.37485024333000183, 0.37480536103248596, 0.3746960461139679, 0.37458956241607666, 0.3744472563266754, 0.3743668496608734, 0.37422001361846924, 0.37411898374557495, 0.37403541803359985, 0.3739745020866394, 0.37383896112442017, 0.37375640869140625, 0.37365132570266724, 0.3735174536705017, 0.37342360615730286, 0.37332388758659363, 0.37320050597190857, 0.3730802536010742, 0.372977614402771, 0.3728834390640259, 0.37276771664619446, 0.3726532459259033, 0.3725976049900055, 0.37247180938720703, 0.3723875880241394, 0.3723103404045105, 0.372191846370697, 0.3721373677253723, 0.37202632427215576, 0.3719756305217743, 0.37190261483192444, 0.3717433512210846, 0.37163880467414856, 0.37152472138404846, 0.3713952898979187, 0.37129297852516174, 0.37122222781181335, 0.37109893560409546, 0.37101131677627563, 0.37094607949256897, 0.370939165353775, 0.37092095613479614, 0.3707759380340576, 0.3707025945186615, 0.3705936372280121, 0.370503693819046, 0.3704938590526581, 0.37033775448799133, 0.37023743987083435, 0.3702297508716583, 0.3701941967010498, 0.370073139667511, 0.3699561059474945, 0.3698813319206238, 0.3697899281978607, 0.36971673369407654, 0.36966803669929504, 0.36960792541503906, 0.3695240914821625, 0.36939534544944763, 0.3693498373031616, 0.3692375123500824, 0.3691709637641907, 0.3690916895866394, 0.3689482808113098, 0.3688700795173645, 0.36884304881095886, 0.3687441349029541, 0.3687132000923157, 0.3686051070690155, 0.36854106187820435, 0.36850371956825256, 0.3684757649898529, 0.36831557750701904, 0.36822232604026794, 0.3681721091270447, 0.36813971400260925, 0.3680591583251953, 0.36790400743484497, 0.367829829454422, 0.3678148686885834, 0.3677079379558563, 0.3676131069660187, 0.36760979890823364, 0.3675714135169983, 0.36752116680145264, 0.3674562871456146, 0.3673631548881531, 0.3672908544540405, 0.36723604798316956, 0.36720016598701477, 0.36715638637542725, 0.367010235786438, 0.367046594619751, 0.3669828772544861, 0.3668900430202484, 0.36681950092315674, 0.3667510747909546, 0.3667004406452179, 0.36669400334358215, 0.3666362762451172, 0.3665797710418701, 0.36652982234954834, 0.36645519733428955, 0.36641547083854675, 0.3663504719734192, 0.36622822284698486, 0.3661271035671234, 0.3661719262599945, 0.3661244511604309, 0.3659828305244446, 0.3658984899520874, 0.3659200668334961, 0.3657640516757965, 0.3656602203845978, 0.36555927991867065, 0.36546456813812256, 0.36536452174186707, 0.36533451080322266, 0.3652321994304657, 0.3651520013809204, 0.3650765120983124, 0.364986389875412, 0.36492225527763367, 0.36489713191986084, 0.3648037314414978, 0.3646957278251648, 0.3646661341190338, 0.364633172750473, 0.3646441698074341, 0.3645775616168976, 0.3644724190235138, 0.3643895983695984, 0.36429014801979065, 0.3642391264438629, 0.3641473352909088]",33.0,"[33.0, 33.0, 33.0, 33.0, 33.0, 33.0, 33.0, 33.0, 33.0, 33.0, 33.0, 33.0, 33.0, 33.0, 33.0, 33.0, 33.0, 33.0, 33.0, 33.0, 33.0, 33.0, 33.0, 33.0, 33.0, 33.0, 33.0, 33.0, 33.0, 33.0, 33.0, 33.0, 33.0, 33.0, 33.0, 33.0, 33.0, 33.0, 33.0, 33.0, 33.0, 33.0, 33.0, 33.0, 33.0, 33.0, 33.0, 33.0, 33.0, 33.0, 33.0, 33.0, 33.0, 33.0, 33.0, 33.0, 33.0, 33.0, 33.0, 33.0, 33.0, 33.0, 33.0, 33.0, 33.0, 33.0, 33.0, 33.0, 33.0, 33.0, 33.0, 33.0, 33.0, 33.0, 33.0, 33.0, 33.0, 33.0, 33.0, 33.0, 33.0, 33.0, 33.0, 33.0, 33.0, 33.0, 33.0, 33.0, 33.0, 33.0, 33.0, 33.0, 33.0, 33.0, 33.0, 33.0, 33.0, 33.0, 33.0, 33.0, 33.0, 33.0, 33.0, 33.0, 33.0, 33.0, 33.0, 33.0, 33.0, 33.0, 33.0, 33.0, 33.0, 33.0, 33.0, 33.0, 33.0, 33.0, 33.0, 33.0, 33.0, 33.0, 33.0, 33.0, 33.0, 33.0, 33.0, 33.0, 33.0, 33.0, 33.0, 33.0, 33.0, 33.0, 33.0, 33.0, 33.0, 33.0, 33.0, 33.0, 33.0, 33.0, 33.0, 33.0, 33.0, 33.0, 33.0, 33.0, 33.0, 33.0, 33.0, 33.0, 33.0, 33.0, 33.0, 33.0, 33.0, 33.0, 33.0, 33.0, 33.0, 33.0, 33.0, 33.0, 33.0, 33.0, 33.0, 33.0, 33.0, 33.0, 33.0, 33.0, 33.0, 33.0, 33.0, 33.0, 33.0, 33.0, 33.0, 33.0, 33.0, 33.0, 33.0, 33.0, 33.0, 33.0, 33.0, 33.0, 33.0, 33.0, 33.0, 33.0, 33.0, 33.0, 33.0, 33.0, 33.0, 33.0, 33.0, 33.0, 33.0, 33.0, 33.0, 33.0, 33.0, 33.0, 33.0, 33.0, 33.0, 33.0, 33.0, 33.0, 33.0, 33.0, 33.0, 33.0, 33.0, 33.0, 33.0, 33.0, 33.0, 33.0, 33.0, 33.0, 33.0, 33.0, 33.0, 33.0, 33.0, 33.0, 33.0, 33.0, 33.0, 33.0, 33.0, 33.0, 33.0, 33.0, 33.0, 33.0, 33.0, 33.0, 33.0, 33.0, 33.0, 33.0, 33.0, 33.0, 33.0, 33.0, 33.0, 33.0, 33.0, 33.0, 33.0]",COMPLETE
