,number,value,datetime_start,datetime_complete,duration,params_batch_size_scaler,params_constant_learning_rate,params_depth,params_epochs,params_kernel_l2,params_num_trees,params_temperature,user_attrs_accuracy_test,user_attrs_accuracy_valid,user_attrs_approximate_feature_sparsity,user_attrs_approximate_feature_sparsity_history,user_attrs_approximate_weight_sparsity,user_attrs_approximate_weight_sparsity_history,user_attrs_auc_test,user_attrs_auc_valid,user_attrs_feature_sparsity,user_attrs_feature_sparsity_history,user_attrs_num_epochs,user_attrs_val_loss_history,user_attrs_weight_sparsity,user_attrs_weight_sparsity_history,state
119,119,0.9210109363527458,2024-08-31 05:10:14.301385,2024-08-31 05:15:59.901580,0 days 00:05:45.600195,4,0.13793729699864582,5,145,0.0011438982667049465,57,0.0015764026308057078,0.931,0.9325,33,"[33, 33, 33, 33, 33, 33, 33, 33, 33, 33, 33, 33, 33, 33, 33, 33, 33, 33, 33, 33, 33, 33, 33, 33, 33, 33, 33, 33, 33, 33, 33, 33, 33, 33, 33, 33, 33, 33, 33, 33, 33, 33, 33, 33, 33, 33, 33, 33, 33, 33, 33, 33, 33, 33, 33, 33, 33, 33, 33, 33, 33, 33, 33, 33, 33, 33, 33, 33, 33, 33, 33, 33, 33, 33, 33, 33, 33, 33, 33, 33, 33, 33, 33, 33, 33, 33, 33, 33, 33, 33, 33, 33, 33, 33, 33, 33, 33, 33, 33, 33, 33, 33, 33, 33, 33, 33, 33, 33, 33, 33, 33, 33, 33, 33, 33, 33, 33, 33, 33, 33, 33, 33, 33, 33, 33, 33, 33, 33, 33, 33, 33, 33, 33, 33, 33, 33, 33, 33, 33, 33, 33, 33, 33, 33, 33]",32.94793435200906,"[32.93491794001132, 32.93604980192416, 32.938879456706275, 32.93604980192416, 32.92982456140351, 32.9394453876627, 32.930390492359926, 32.93718166383701, 32.93661573288058, 32.941143180531974, 32.93887945670628, 32.94510469722694, 32.9490662139219, 32.94453876627051, 32.937747594793436, 32.9394453876627, 32.93548387096774, 32.93604980192416, 32.94001131861913, 32.94453876627051, 32.942840973401246, 32.941143180531974, 32.94227504244482, 32.93944538766271, 32.93887945670628, 32.93887945670628, 32.9417091114884, 32.94001131861913, 32.93604980192416, 32.94001131861913, 32.94963214487832, 32.95076400679117, 32.94567062818336, 32.942840973401246, 32.95472552348613, 32.945670628183365, 32.94963214487832, 32.9468024900962, 32.94567062818336, 32.9468024900962, 32.942840973401246, 32.938313525749855, 32.937747594793436, 32.93548387096774, 32.93604980192416, 32.940577249575554, 32.93491794001132, 32.941143180531974, 32.946236559139784, 32.94001131861913, 32.93661573288058, 32.9468024900962, 32.94227504244482, 32.9468024900962, 32.951329937747595, 32.94453876627051, 32.93435200905489, 32.940577249575554, 32.94510469722694, 32.94397283531409, 32.9394453876627, 32.94227504244482, 32.9417091114884, 32.94057724957555, 32.94057724957555, 32.95076400679117, 32.948500282965476, 32.94227504244482, 32.946236559139784, 32.951329937747595, 32.9468024900962, 32.9394453876627, 32.94453876627051, 32.93887945670628, 32.93661573288059, 32.9394453876627, 32.941143180531974, 32.941143180531974, 32.942840973401246, 32.941143180531974, 32.946236559139784, 32.940577249575554, 32.9490662139219, 32.946236559139784, 32.946236559139784, 32.93378607809847, 32.94114318053198, 32.93887945670628, 32.943406904357666, 32.948500282965476, 32.946236559139784, 32.943406904357666, 32.945670628183365, 32.937747594793436, 32.94510469722694, 32.93887945670628, 32.948500282965476, 32.943972835314085, 32.94227504244482, 32.94227504244482, 32.93887945670628, 32.942840973401246, 32.93887945670628, 32.937747594793436, 32.9394453876627, 32.93887945670628, 32.93718166383701, 32.9417091114884, 32.94793435200906, 32.9490662139219, 32.94397283531409, 32.9468024900962, 32.9468024900962, 32.956989247311824, 32.95359366157329, 32.95076400679117, 32.9468024900962, 32.94453876627051, 32.94567062818336, 32.94567062818336, 32.948500282965476, 32.95019807583475, 32.943406904357666, 32.95359366157329, 32.95246179966044, 32.94567062818336, 32.945670628183365, 32.943406904357666, 32.94510469722694, 32.943406904357666, 32.93378607809847, 32.93604980192416, 32.9394453876627, 32.93831352574986, 32.94453876627051, 32.94001131861913, 32.943406904357666, 32.94736842105263, 32.954159592529706, 32.95076400679117, 32.95246179966044, 32.95246179966044, 32.95359366157329, 32.95076400679117, 32.94793435200906]",0.9043089853780167,0.9210109363527458,33,"[33, 33, 33, 33, 33, 33, 33, 33, 33, 33, 33, 33, 33, 33, 33, 33, 33, 33, 33, 33, 33, 33, 33, 33, 33, 33, 33, 33, 33, 33, 33, 33, 33, 33, 33, 33, 33, 33, 33, 33, 33, 33, 33, 33, 33, 33, 33, 33, 33, 33, 33, 33, 33, 33, 33, 33, 33, 33, 33, 33, 33, 33, 33, 33, 33, 33, 33, 33, 33, 33, 33, 33, 33, 33, 33, 33, 33, 33, 33, 33, 33, 33, 33, 33, 33, 33, 33, 33, 33, 33, 33, 33, 33, 33, 33, 33, 33, 33, 33, 33, 33, 33, 33, 33, 33, 33, 33, 33, 33, 33, 33, 33, 33, 33, 33, 33, 33, 33, 33, 33, 33, 33, 33, 33, 33, 33, 33, 33, 33, 33, 33, 33, 33, 33, 33, 33, 33, 33, 33, 33, 33, 33, 33, 33, 33]",145,"[0.39270809292793274, 0.38424092531204224, 0.3786434233188629, 0.3744892179965973, 0.37173861265182495, 0.36892563104629517, 0.36722496151924133, 0.3650193512439728, 0.3629491329193115, 0.3616254925727844, 0.35983291268348694, 0.35906869173049927, 0.3576403558254242, 0.35497769713401794, 0.3533882200717926, 0.35222339630126953, 0.35051974654197693, 0.3490271270275116, 0.34749090671539307, 0.3468196988105774, 0.3445259928703308, 0.34329089522361755, 0.3426273763179779, 0.3405114710330963, 0.33900749683380127, 0.33747798204421997, 0.3364056646823883, 0.3349125385284424, 0.3329883813858032, 0.33179160952568054, 0.33044442534446716, 0.3288332223892212, 0.3270866870880127, 0.3254297971725464, 0.32365739345550537, 0.322465181350708, 0.32064956426620483, 0.3190222680568695, 0.3172031342983246, 0.3154650032520294, 0.31361910700798035, 0.31174278259277344, 0.309999018907547, 0.3079315423965454, 0.3063323497772217, 0.3039717972278595, 0.30196455121040344, 0.30030760169029236, 0.2979665696620941, 0.29588720202445984, 0.29347628355026245, 0.292704701423645, 0.28922197222709656, 0.2873448133468628, 0.2850981056690216, 0.28310418128967285, 0.2812052369117737, 0.27925366163253784, 0.27724024653434753, 0.2758099436759949, 0.2736513316631317, 0.2723733186721802, 0.27028584480285645, 0.2688251733779907, 0.26714855432510376, 0.26543110609054565, 0.2639729082584381, 0.26256072521209717, 0.2612050175666809, 0.26027217507362366, 0.25869596004486084, 0.25770020484924316, 0.2567598223686218, 0.25527504086494446, 0.2544223666191101, 0.2532293200492859, 0.2521865963935852, 0.2510378956794739, 0.25040143728256226, 0.24941448867321014, 0.2481178343296051, 0.2472144365310669, 0.24617785215377808, 0.24529458582401276, 0.24447134137153625, 0.24371711909770966, 0.2433171421289444, 0.24187849462032318, 0.2408701479434967, 0.23983827233314514, 0.23890718817710876, 0.23836366832256317, 0.23734721541404724, 0.2370239496231079, 0.23612098395824432, 0.23520945012569427, 0.2344101369380951, 0.23379746079444885, 0.23274272680282593, 0.23237808048725128, 0.23231498897075653, 0.23142467439174652, 0.2305580973625183, 0.22929370403289795, 0.22901427745819092, 0.22778016328811646, 0.22705858945846558, 0.2258192002773285, 0.22579601407051086, 0.22533825039863586, 0.2244298905134201, 0.22427411377429962, 0.22257143259048462, 0.22221148014068604, 0.22166843712329865, 0.2206987589597702, 0.2199263572692871, 0.2202097773551941, 0.21903778612613678, 0.218104287981987, 0.21780484914779663, 0.21653343737125397, 0.21614086627960205, 0.21586787700653076, 0.21541567146778107, 0.21402087807655334, 0.21345706284046173, 0.21351590752601624, 0.21340811252593994, 0.21254003047943115, 0.21156705915927887, 0.21141476929187775, 0.2104223370552063, 0.2100839614868164, 0.20913124084472656, 0.20828966796398163, 0.20882558822631836, 0.20717717707157135, 0.2066752314567566, 0.20647744834423065, 0.20627586543560028, 0.20592275261878967, 0.20491749048233032, 0.20445555448532104, 0.2041977345943451]",33.0,"[33.0, 33.0, 33.0, 33.0, 33.0, 33.0, 33.0, 33.0, 33.0, 33.0, 33.0, 33.0, 33.0, 33.0, 33.0, 33.0, 33.0, 33.0, 33.0, 33.0, 33.0, 33.0, 33.0, 33.0, 33.0, 33.0, 33.0, 33.0, 33.0, 33.0, 33.0, 33.0, 33.0, 33.0, 33.0, 33.0, 33.0, 33.0, 33.0, 33.0, 33.0, 33.0, 33.0, 33.0, 33.0, 33.0, 33.0, 33.0, 33.0, 33.0, 33.0, 33.0, 33.0, 33.0, 33.0, 33.0, 33.0, 33.0, 33.0, 33.0, 33.0, 33.0, 33.0, 33.0, 33.0, 33.0, 33.0, 33.0, 33.0, 33.0, 33.0, 33.0, 33.0, 33.0, 33.0, 33.0, 33.0, 33.0, 33.0, 33.0, 33.0, 33.0, 33.0, 33.0, 33.0, 33.0, 33.0, 33.0, 33.0, 33.0, 33.0, 33.0, 33.0, 33.0, 33.0, 33.0, 33.0, 33.0, 33.0, 33.0, 33.0, 33.0, 33.0, 33.0, 33.0, 33.0, 33.0, 33.0, 33.0, 33.0, 33.0, 33.0, 33.0, 33.0, 33.0, 33.0, 33.0, 33.0, 33.0, 33.0, 33.0, 33.0, 33.0, 33.0, 33.0, 33.0, 33.0, 33.0, 33.0, 33.0, 33.0, 33.0, 33.0, 33.0, 33.0, 33.0, 33.0, 33.0, 33.0, 33.0, 33.0, 33.0, 33.0, 33.0, 33.0]",COMPLETE
