,number,value,datetime_start,datetime_complete,duration,params_batch_size_scaler,params_constant_learning_rate,params_depth,params_epochs,params_kernel_l2,params_num_trees,params_temperature,user_attrs_accuracy_test,user_attrs_accuracy_valid,user_attrs_approximate_feature_sparsity,user_attrs_approximate_feature_sparsity_history,user_attrs_approximate_weight_sparsity,user_attrs_approximate_weight_sparsity_history,user_attrs_auc_test,user_attrs_auc_valid,user_attrs_feature_sparsity,user_attrs_feature_sparsity_history,user_attrs_num_epochs,user_attrs_val_loss_history,user_attrs_weight_sparsity,user_attrs_weight_sparsity_history,state
115,115,0.5,2024-08-31 05:03:37.365528,2024-08-31 05:05:20.476110,0 days 00:01:43.110582,4,2.516325453980424,2,415,0.0020510323668224612,96,0.007978935585947667,0.859,0.85875,0,"[3, 2, 0, 0, 0, 0, 0, 0, 0, 0, 0, 0, 0, 0, 0, 0, 0, 0, 0, 0, 0, 0, 0, 0, 0, 0, 0, 0, 0, 0, 0, 0, 0, 0, 0, 0, 0, 0, 0, 0, 0, 0, 0, 0, 0, 0, 0, 0, 0, 0, 0, 0, 0, 0, 0, 0, 0, 0, 0, 0, 0, 0, 0, 0, 0, 0, 0, 0, 0, 0, 0, 0, 0, 0, 0, 0, 0, 0, 0, 0, 0, 0, 0, 0, 0, 0, 0, 0, 0, 0, 0, 0, 0, 0, 0, 0, 0, 0, 0, 0, 0, 0, 0, 0, 0, 0, 0, 0, 0, 0, 0, 0, 0, 0, 0, 0, 0, 0, 0, 0, 0, 0, 0, 0, 0, 0, 0, 0, 0, 0, 0, 0, 0, 0, 0, 0, 0, 0, 0, 0, 0, 0, 0, 0, 0, 0, 0, 0, 0, 0, 0, 0, 0, 0, 0, 0, 0, 0, 0, 0, 0, 0, 0, 0, 0, 0, 0, 0, 0, 0, 0, 0, 0, 0, 0, 0, 0, 0, 0, 0, 0, 0, 0, 0, 0, 0, 0, 0, 0, 0, 0, 0, 0, 0, 0, 0, 0, 0, 0, 0, 0, 0, 0, 0, 0, 0, 0, 0, 0, 0, 0, 0, 0, 0, 0, 0, 0, 0, 0, 0, 0, 0, 0, 0, 0, 0, 0, 0, 0, 0, 0, 0, 0, 0, 0, 0, 0, 0, 0, 0, 0, 0, 0, 0, 0, 0, 0, 0, 0, 0, 0, 0, 0, 0, 0, 0, 0, 0, 0, 0, 0, 0, 0, 0, 0, 0, 0, 0, 0, 0, 0, 0, 0, 0, 0, 0, 0, 0, 0, 0, 0, 0, 0, 0, 0, 0, 0, 0, 0, 0, 0, 0, 0, 0, 0, 0, 0, 0, 0, 0, 0, 0, 0, 0, 0, 0, 0, 0, 0, 0, 0, 0, 0, 0, 0, 0, 0, 0, 0, 0, 0, 0, 0, 0, 0, 0, 0, 0, 0, 0, 0, 0, 0, 0, 0, 0, 0, 0, 0, 0, 0, 0, 0, 0, 0, 0, 0, 0, 0, 0, 0, 0, 0, 0, 0, 0, 0, 0, 0, 0, 0, 0, 0, 0, 0, 0, 0, 0, 0, 0, 0, 0, 0, 0, 0, 0, 0, 0, 0, 0, 0, 0, 0, 0, 0, 0, 0, 0, 0, 0, 0, 0, 0, 0, 0, 0, 0, 0, 0, 0, 0, 0, 0, 0, 0, 0, 0, 0, 0, 0, 0, 0, 0, 0, 0]",0.0,"[2.9930555555555554, 2.0, 0.0, 0.0, 0.0, 0.0, 0.0, 0.0, 0.0, 0.0, 0.0, 0.0, 0.0, 0.0, 0.0, 0.0, 0.0, 0.0, 0.0, 0.0, 0.0, 0.0, 0.0, 0.0, 0.0, 0.0, 0.0, 0.0, 0.0, 0.0, 0.0, 0.0, 0.0, 0.0, 0.0, 0.0, 0.0, 0.0, 0.0, 0.0, 0.0, 0.0, 0.0, 0.0, 0.0, 0.0, 0.0, 0.0, 0.0, 0.0, 0.0, 0.0, 0.0, 0.0, 0.0, 0.0, 0.0, 0.0, 0.0, 0.0, 0.0, 0.0, 0.0, 0.0, 0.0, 0.0, 0.0, 0.0, 0.0, 0.0, 0.0, 0.0, 0.0, 0.0, 0.0, 0.0, 0.0, 0.0, 0.0, 0.0, 0.0, 0.0, 0.0, 0.0, 0.0, 0.0, 0.0, 0.0, 0.0, 0.0, 0.0, 0.0, 0.0, 0.0, 0.0, 0.0, 0.0, 0.0, 0.0, 0.0, 0.0, 0.0, 0.0, 0.0, 0.0, 0.0, 0.0, 0.0, 0.0, 0.0, 0.0, 0.0, 0.0, 0.0, 0.0, 0.0, 0.0, 0.0, 0.0, 0.0, 0.0, 0.0, 0.0, 0.0, 0.0, 0.0, 0.0, 0.0, 0.0, 0.0, 0.0, 0.0, 0.0, 0.0, 0.0, 0.0, 0.0, 0.0, 0.0, 0.0, 0.0, 0.0, 0.0, 0.0, 0.0, 0.0, 0.0, 0.0, 0.0, 0.0, 0.0, 0.0, 0.0, 0.0, 0.0, 0.0, 0.0, 0.0, 0.0, 0.0, 0.0, 0.0, 0.0, 0.0, 0.0, 0.0, 0.0, 0.0, 0.0, 0.0, 0.0, 0.0, 0.0, 0.0, 0.0, 0.0, 0.0, 0.0, 0.0, 0.0, 0.0, 0.0, 0.0, 0.0, 0.0, 0.0, 0.0, 0.0, 0.0, 0.0, 0.0, 0.0, 0.0, 0.0, 0.0, 0.0, 0.0, 0.0, 0.0, 0.0, 0.0, 0.0, 0.0, 0.0, 0.0, 0.0, 0.0, 0.0, 0.0, 0.0, 0.0, 0.0, 0.0, 0.0, 0.0, 0.0, 0.0, 0.0, 0.0, 0.0, 0.0, 0.0, 0.0, 0.0, 0.0, 0.0, 0.0, 0.0, 0.0, 0.0, 0.0, 0.0, 0.0, 0.0, 0.0, 0.0, 0.0, 0.0, 0.0, 0.0, 0.0, 0.0, 0.0, 0.0, 0.0, 0.0, 0.0, 0.0, 0.0, 0.0, 0.0, 0.0, 0.0, 0.0, 0.0, 0.0, 0.0, 0.0, 0.0, 0.0, 0.0, 0.0, 0.0, 0.0, 0.0, 0.0, 0.0, 0.0, 0.0, 0.0, 0.0, 0.0, 0.0, 0.0, 0.0, 0.0, 0.0, 0.0, 0.0, 0.0, 0.0, 0.0, 0.0, 0.0, 0.0, 0.0, 0.0, 0.0, 0.0, 0.0, 0.0, 0.0, 0.0, 0.0, 0.0, 0.0, 0.0, 0.0, 0.0, 0.0, 0.0, 0.0, 0.0, 0.0, 0.0, 0.0, 0.0, 0.0, 0.0, 0.0, 0.0, 0.0, 0.0, 0.0, 0.0, 0.0, 0.0, 0.0, 0.0, 0.0, 0.0, 0.0, 0.0, 0.0, 0.0, 0.0, 0.0, 0.0, 0.0, 0.0, 0.0, 0.0, 0.0, 0.0, 0.0, 0.0, 0.0, 0.0, 0.0, 0.0, 0.0, 0.0, 0.0, 0.0, 0.0, 0.0, 0.0, 0.0, 0.0, 0.0, 0.0, 0.0, 0.0, 0.0, 0.0, 0.0, 0.0, 0.0, 0.0, 0.0, 0.0, 0.0, 0.0, 0.0, 0.0, 0.0, 0.0, 0.0, 0.0, 0.0, 0.0, 0.0, 0.0, 0.0, 0.0, 0.0, 0.0, 0.0, 0.0, 0.0, 0.0, 0.0, 0.0, 0.0, 0.0, 0.0, 0.0, 0.0, 0.0, 0.0, 0.0, 0.0, 0.0, 0.0, 0.0, 0.0, 0.0, 0.0, 0.0, 0.0, 0.0, 0.0, 0.0, 0.0, 0.0, 0.0, 0.0, 0.0, 0.0, 0.0, 0.0, 0.0, 0.0, 0.0, 0.0]",0.5,0.5,0,"[3, 2, 0, 0, 0, 0, 0, 0, 0, 0, 0, 0, 0, 0, 0, 0, 0, 0, 0, 0, 0, 0, 0, 0, 0, 0, 0, 0, 0, 0, 0, 0, 0, 0, 0, 0, 0, 0, 0, 0, 0, 0, 0, 0, 0, 0, 0, 0, 0, 0, 0, 0, 0, 0, 0, 0, 0, 0, 0, 0, 0, 0, 0, 0, 0, 0, 0, 0, 0, 0, 0, 0, 0, 0, 0, 0, 0, 0, 0, 0, 0, 0, 0, 0, 0, 0, 0, 0, 0, 0, 0, 0, 0, 0, 0, 0, 0, 0, 0, 0, 0, 0, 0, 0, 0, 0, 0, 0, 0, 0, 0, 0, 0, 0, 0, 0, 0, 0, 0, 0, 0, 0, 0, 0, 0, 0, 0, 0, 0, 0, 0, 0, 0, 0, 0, 0, 0, 0, 0, 0, 0, 0, 0, 0, 0, 0, 0, 0, 0, 0, 0, 0, 0, 0, 0, 0, 0, 0, 0, 0, 0, 0, 0, 0, 0, 0, 0, 0, 0, 0, 0, 0, 0, 0, 0, 0, 0, 0, 0, 0, 0, 0, 0, 0, 0, 0, 0, 0, 0, 0, 0, 0, 0, 0, 0, 0, 0, 0, 0, 0, 0, 0, 0, 0, 0, 0, 0, 0, 0, 0, 0, 0, 0, 0, 0, 0, 0, 0, 0, 0, 0, 0, 0, 0, 0, 0, 0, 0, 0, 0, 0, 0, 0, 0, 0, 0, 0, 0, 0, 0, 0, 0, 0, 0, 0, 0, 0, 0, 0, 0, 0, 0, 0, 0, 0, 0, 0, 0, 0, 0, 0, 0, 0, 0, 0, 0, 0, 0, 0, 0, 0, 0, 0, 0, 0, 0, 0, 0, 0, 0, 0, 0, 0, 0, 0, 0, 0, 0, 0, 0, 0, 0, 0, 0, 0, 0, 0, 0, 0, 0, 0, 0, 0, 0, 0, 0, 0, 0, 0, 0, 0, 0, 0, 0, 0, 0, 0, 0, 0, 0, 0, 0, 0, 0, 0, 0, 0, 0, 0, 0, 0, 0, 0, 0, 0, 0, 0, 0, 0, 0, 0, 0, 0, 0, 0, 0, 0, 0, 0, 0, 0, 0, 0, 0, 0, 0, 0, 0, 0, 0, 0, 0, 0, 0, 0, 0, 0, 0, 0, 0, 0, 0, 0, 0, 0, 0, 0, 0, 0, 0, 0, 0, 0, 0, 0, 0, 0, 0, 0, 0, 0, 0, 0, 0, 0, 0, 0, 0, 0, 0, 0, 0, 0, 0, 0, 0, 0, 0, 0, 0, 0, 0, 0, 0, 0]",415,"[7.465060234069824, 5.937419414520264, 9.429295539855957, 3.8942928314208984, 1.1108590364456177, 10.747541427612305, 0.6032387018203735, 12.389431953430176, 6.2295331954956055, 9.978275299072266, 5.250524520874023, 2.9739906787872314, 0.4920734167098999, 7.024130821228027, 2.377707004547119, 1.632294774055481, 13.779853820800781, 12.341541290283203, 14.643978118896484, 6.730973720550537, 9.437078475952148, 5.486071586608887, 8.168370246887207, 5.972414016723633, 11.417549133300781, 0.4085196554660797, 9.662960052490234, 5.134185314178467, 11.05117416381836, 12.230237007141113, 2.8081448078155518, 7.6158952713012695, 0.5194639563560486, 12.34743881225586, 4.69730281829834, 13.110058784484863, 9.421917915344238, 5.490046977996826, 12.582758903503418, 11.140769958496094, 2.4528346061706543, 1.2409974336624146, 3.744657278060913, 11.186890602111816, 11.940729141235352, 3.4865264892578125, 5.2269287109375, 9.027530670166016, 12.173739433288574, 7.423582553863525, 2.477423906326294, 4.776656627655029, 1.662764310836792, 1.1492927074432373, 13.813520431518555, 4.023390293121338, 2.177253484725952, 9.85098648071289, 11.384800910949707, 10.848196029663086, 5.840371131896973, 7.482967376708984, 7.536676406860352, 9.760181427001953, 10.284887313842773, 8.061944007873535, 10.139383316040039, 1.7000181674957275, 10.599079132080078, 9.495285987854004, 5.004748821258545, 5.028488636016846, 0.46274030208587646, 8.261734962463379, 13.707982063293457, 12.232915878295898, 6.671351909637451, 2.913102626800537, 2.7796642780303955, 11.594592094421387, 0.4626178741455078, 9.011383056640625, 4.867557525634766, 1.1845135688781738, 9.805512428283691, 1.9858988523483276, 1.3976484537124634, 3.9036049842834473, 0.6317207217216492, 5.6051130294799805, 5.648569107055664, 1.0364508628845215, 2.0541324615478516, 5.6065993309021, 10.963971138000488, 13.689387321472168, 0.6906474232673645, 14.379511833190918, 0.5348195433616638, 0.428066611289978, 0.4154776632785797, 1.1623764038085938, 16.034168243408203, 4.303874969482422, 8.212654113769531, 2.805299758911133, 1.753334403038025, 2.2945444583892822, 0.5105619430541992, 6.940279483795166, 6.526679515838623, 7.821041107177734, 11.657864570617676, 8.184523582458496, 3.557588815689087, 12.749547958374023, 7.46750545501709, 10.597750663757324, 9.355398178100586, 4.523990154266357, 6.053644180297852, 12.795990943908691, 4.5220112800598145, 9.169856071472168, 8.297444343566895, 0.4116130769252777, 13.638409614562988, 11.337067604064941, 3.3103020191192627, 0.855441153049469, 8.753580093383789, 0.7199949026107788, 11.2044095993042, 12.951059341430664, 5.030151844024658, 7.946837902069092, 13.3113374710083, 2.4860386848449707, 1.0303459167480469, 8.289327621459961, 13.512421607971191, 1.5667948722839355, 0.839805006980896, 4.04138708114624, 7.754837512969971, 0.46821391582489014, 1.041235327720642, 10.939142227172852, 11.698531150817871, 7.14051628112793, 1.7930396795272827, 3.865400791168213, 0.5347124338150024, 5.48764181137085, 8.819594383239746, 1.4255872964859009, 12.677942276000977, 6.602006912231445, 5.447197437286377, 12.96640396118164, 9.883220672607422, 14.31901741027832, 12.065978050231934, 5.583435535430908, 8.194574356079102, 1.5771669149398804, 1.150143027305603, 9.799409866333008, 7.111033916473389, 6.838311672210693, 13.7092924118042, 8.779545783996582, 7.6708984375, 20.941221237182617, 11.677969932556152, 2.3414602279663086, 1.3140151500701904, 13.884488105773926, 6.287057399749756, 4.158810138702393, 15.10246467590332, 10.822771072387695, 5.973449230194092, 14.230445861816406, 6.609005928039551, 6.205356597900391, 9.942113876342773, 3.783184289932251, 1.0859053134918213, 13.346338272094727, 7.525582790374756, 6.1106977462768555, 10.079845428466797, 1.495254635810852, 4.3110270500183105, 0.601265549659729, 10.898792266845703, 4.126417636871338, 10.386466026306152, 11.185382843017578, 13.136212348937988, 0.48810309171676636, 2.7984981536865234, 0.6933857798576355, 6.214641094207764, 11.758922576904297, 2.5179407596588135, 12.063172340393066, 11.037925720214844, 11.994023323059082, 0.518587589263916, 6.665030002593994, 5.647745132446289, 0.9906237125396729, 10.877219200134277, 7.902245044708252, 7.949295520782471, 3.4731674194335938, 1.6533061265945435, 1.543424129486084, 0.6267284154891968, 10.8594331741333, 12.419794082641602, 9.210136413574219, 6.3254313468933105, 9.632547378540039, 13.262923240661621, 11.834168434143066, 11.048961639404297, 5.106368541717529, 8.904404640197754, 9.743136405944824, 13.125213623046875, 9.275093078613281, 12.743993759155273, 5.975558280944824, 4.417529106140137, 6.147202968597412, 6.861229419708252, 10.16722583770752, 5.887856960296631, 9.40114974975586, 0.5983560085296631, 1.0069622993469238, 2.3811841011047363, 14.579570770263672, 1.8833178281784058, 5.073812484741211, 11.006401062011719, 9.860776901245117, 6.48726749420166, 3.0997021198272705, 4.166898727416992, 0.8797955513000488, 13.81714153289795, 4.358944892883301, 8.154559135437012, 0.6408227682113647, 8.311551094055176, 13.474479675292969, 9.031277656555176, 0.4992343783378601, 3.829678535461426, 9.201939582824707, 1.3692283630371094, 6.890995502471924, 8.77879524230957, 3.4948534965515137, 12.384734153747559, 6.335280895233154, 14.119035720825195, 13.305639266967773, 6.260499477386475, 12.471453666687012, 1.8752888441085815, 2.8937981128692627, 8.043314933776855, 10.307136535644531, 5.818502426147461, 14.516369819641113, 10.572978973388672, 10.463237762451172, 10.166545867919922, 8.76063346862793, 4.736305236816406, 6.625438690185547, 3.1796469688415527, 2.384446620941162, 8.6209077835083, 2.7050893306732178, 14.575813293457031, 1.821823239326477, 9.172351837158203, 2.493536949157715, 11.214515686035156, 5.6921067237854, 6.315669536590576, 4.682636260986328, 9.2581148147583, 2.8468308448791504, 8.239802360534668, 12.893085479736328, 8.757501602172852, 6.258278846740723, 10.147475242614746, 7.893637657165527, 6.610966682434082, 5.9610595703125, 5.009375095367432, 1.8445452451705933, 4.323507785797119, 5.002958297729492, 7.473083019256592, 14.323786735534668, 4.068689346313477, 14.630047798156738, 2.343780755996704, 7.878147125244141, 17.637094497680664, 11.307304382324219, 0.6025083661079407, 2.1407928466796875, 3.141758918762207, 1.9589768648147583, 12.83227252960205, 8.051532745361328, 13.260241508483887, 11.694986343383789, 11.374350547790527, 11.70263671875, 8.867814064025879, 13.70046615600586, 0.5744422674179077, 1.281000018119812, 14.000768661499023, 3.2068750858306885, 0.7269437909126282, 12.414383888244629, 6.970773220062256, 6.059250354766846, 6.416054725646973, 1.8922086954116821, 8.249258041381836, 14.1588773727417, 10.859326362609863, 9.912635803222656, 3.0813403129577637, 5.1858391761779785, 2.658620595932007, 5.280729293823242, 6.174533843994141, 10.844123840332031, 1.0901960134506226, 9.650185585021973, 8.231666564941406, 1.407792568206787, 1.0177934169769287, 2.108549118041992, 7.601743221282959, 1.543856143951416, 11.695067405700684, 7.720335483551025, 5.219522476196289, 12.902950286865234, 7.116930961608887, 2.9582090377807617, 0.42549118399620056, 5.258812427520752, 3.301194190979004, 4.311470985412598, 10.94798469543457, 14.033166885375977, 13.07499885559082, 10.966012954711914, 4.24152135848999, 1.8845595121383667, 4.538395881652832, 6.967119216918945, 6.449491024017334, 5.5470290184021, 2.8194572925567627, 12.39799690246582, 0.5329357385635376, 6.886014938354492, 0.43730899691581726, 3.5716662406921387, 2.8881173133850098, 6.9271039962768555, 5.888495445251465, 10.022371292114258, 12.17996597290039, 1.312530517578125, 7.72203254699707, 12.066437721252441, 9.527787208557129, 17.675891876220703, 10.256688117980957, 8.0930757522583, 6.0527448654174805, 0.8984165787696838, 12.029468536376953, 2.8262147903442383, 2.8975934982299805, 11.197404861450195, 1.7497366666793823, 0.4147762954235077, 1.368159532546997, 4.568643569946289, 10.974420547485352, 3.707688331604004, 1.5213441848754883, 12.972111701965332, 9.816699028015137, 5.741886615753174, 13.890164375305176]",0.0,"[3.0, 2.0, 0.0, 0.0, 0.0, 0.0, 0.0, 0.0, 0.0, 0.0, 0.0, 0.0, 0.0, 0.0, 0.0, 0.0, 0.0, 0.0, 0.0, 0.0, 0.0, 0.0, 0.0, 0.0, 0.0, 0.0, 0.0, 0.0, 0.0, 0.0, 0.0, 0.0, 0.0, 0.0, 0.0, 0.0, 0.0, 0.0, 0.0, 0.0, 0.0, 0.0, 0.0, 0.0, 0.0, 0.0, 0.0, 0.0, 0.0, 0.0, 0.0, 0.0, 0.0, 0.0, 0.0, 0.0, 0.0, 0.0, 0.0, 0.0, 0.0, 0.0, 0.0, 0.0, 0.0, 0.0, 0.0, 0.0, 0.0, 0.0, 0.0, 0.0, 0.0, 0.0, 0.0, 0.0, 0.0, 0.0, 0.0, 0.0, 0.0, 0.0, 0.0, 0.0, 0.0, 0.0, 0.0, 0.0, 0.0, 0.0, 0.0, 0.0, 0.0, 0.0, 0.0, 0.0, 0.0, 0.0, 0.0, 0.0, 0.0, 0.0, 0.0, 0.0, 0.0, 0.0, 0.0, 0.0, 0.0, 0.0, 0.0, 0.0, 0.0, 0.0, 0.0, 0.0, 0.0, 0.0, 0.0, 0.0, 0.0, 0.0, 0.0, 0.0, 0.0, 0.0, 0.0, 0.0, 0.0, 0.0, 0.0, 0.0, 0.0, 0.0, 0.0, 0.0, 0.0, 0.0, 0.0, 0.0, 0.0, 0.0, 0.0, 0.0, 0.0, 0.0, 0.0, 0.0, 0.0, 0.0, 0.0, 0.0, 0.0, 0.0, 0.0, 0.0, 0.0, 0.0, 0.0, 0.0, 0.0, 0.0, 0.0, 0.0, 0.0, 0.0, 0.0, 0.0, 0.0, 0.0, 0.0, 0.0, 0.0, 0.0, 0.0, 0.0, 0.0, 0.0, 0.0, 0.0, 0.0, 0.0, 0.0, 0.0, 0.0, 0.0, 0.0, 0.0, 0.0, 0.0, 0.0, 0.0, 0.0, 0.0, 0.0, 0.0, 0.0, 0.0, 0.0, 0.0, 0.0, 0.0, 0.0, 0.0, 0.0, 0.0, 0.0, 0.0, 0.0, 0.0, 0.0, 0.0, 0.0, 0.0, 0.0, 0.0, 0.0, 0.0, 0.0, 0.0, 0.0, 0.0, 0.0, 0.0, 0.0, 0.0, 0.0, 0.0, 0.0, 0.0, 0.0, 0.0, 0.0, 0.0, 0.0, 0.0, 0.0, 0.0, 0.0, 0.0, 0.0, 0.0, 0.0, 0.0, 0.0, 0.0, 0.0, 0.0, 0.0, 0.0, 0.0, 0.0, 0.0, 0.0, 0.0, 0.0, 0.0, 0.0, 0.0, 0.0, 0.0, 0.0, 0.0, 0.0, 0.0, 0.0, 0.0, 0.0, 0.0, 0.0, 0.0, 0.0, 0.0, 0.0, 0.0, 0.0, 0.0, 0.0, 0.0, 0.0, 0.0, 0.0, 0.0, 0.0, 0.0, 0.0, 0.0, 0.0, 0.0, 0.0, 0.0, 0.0, 0.0, 0.0, 0.0, 0.0, 0.0, 0.0, 0.0, 0.0, 0.0, 0.0, 0.0, 0.0, 0.0, 0.0, 0.0, 0.0, 0.0, 0.0, 0.0, 0.0, 0.0, 0.0, 0.0, 0.0, 0.0, 0.0, 0.0, 0.0, 0.0, 0.0, 0.0, 0.0, 0.0, 0.0, 0.0, 0.0, 0.0, 0.0, 0.0, 0.0, 0.0, 0.0, 0.0, 0.0, 0.0, 0.0, 0.0, 0.0, 0.0, 0.0, 0.0, 0.0, 0.0, 0.0, 0.0, 0.0, 0.0, 0.0, 0.0, 0.0, 0.0, 0.0, 0.0, 0.0, 0.0, 0.0, 0.0, 0.0, 0.0, 0.0, 0.0, 0.0, 0.0, 0.0, 0.0, 0.0, 0.0, 0.0, 0.0, 0.0, 0.0, 0.0, 0.0, 0.0, 0.0, 0.0, 0.0, 0.0, 0.0, 0.0, 0.0, 0.0, 0.0, 0.0, 0.0, 0.0, 0.0, 0.0, 0.0, 0.0, 0.0, 0.0, 0.0, 0.0, 0.0, 0.0, 0.0, 0.0, 0.0, 0.0, 0.0, 0.0, 0.0, 0.0, 0.0, 0.0, 0.0, 0.0, 0.0, 0.0, 0.0, 0.0, 0.0]",COMPLETE
