,number,value,datetime_start,datetime_complete,duration,params_batch_size_scaler,params_constant_learning_rate,params_depth,params_epochs,params_kernel_l2,params_num_trees,params_temperature,user_attrs_accuracy_test,user_attrs_accuracy_valid,user_attrs_approximate_feature_sparsity,user_attrs_approximate_feature_sparsity_history,user_attrs_approximate_weight_sparsity,user_attrs_approximate_weight_sparsity_history,user_attrs_auc_test,user_attrs_auc_valid,user_attrs_feature_sparsity,user_attrs_feature_sparsity_history,user_attrs_num_epochs,user_attrs_val_loss_history,user_attrs_weight_sparsity,user_attrs_weight_sparsity_history,state
1,1,0.6214592108822508,2024-08-31 00:34:39.893065,2024-08-31 00:35:06.624219,0 days 00:00:26.731154,64,0.0163345876110695,1,420,0.2160082074140204,9,0.04074144654166233,0.859,0.85875,1,"[33, 33, 33, 33, 33, 33, 33, 33, 33, 33, 33, 33, 33, 33, 33, 33, 33, 33, 33, 33, 33, 33, 33, 33, 33, 33, 33, 33, 33, 33, 33, 33, 33, 33, 33, 33, 33, 33, 33, 33, 33, 33, 33, 33, 33, 33, 33, 33, 33, 33, 33, 33, 33, 33, 33, 33, 33, 33, 33, 33, 33, 33, 33, 33, 33, 33, 33, 33, 33, 33, 33, 33, 33, 33, 33, 33, 33, 33, 33, 33, 33, 33, 33, 33, 33, 32, 32, 32, 32, 32, 32, 32, 32, 32, 32, 32, 32, 32, 32, 32, 32, 32, 32, 32, 32, 32, 32, 31, 31, 31, 31, 31, 31, 31, 31, 31, 31, 31, 31, 31, 31, 31, 31, 31, 31, 31, 31, 31, 31, 31, 31, 31, 31, 31, 31, 30, 30, 30, 30, 30, 30, 30, 29, 29, 29, 29, 29, 29, 29, 29, 29, 29, 29, 29, 29, 29, 29, 29, 29, 29, 29, 29, 29, 29, 29, 29, 29, 29, 29, 29, 29, 29, 29, 29, 29, 29, 29, 29, 29, 29, 29, 29, 29, 29, 29, 29, 29, 29, 29, 29, 29, 29, 29, 28, 28, 27, 27, 27, 27, 27, 27, 27, 27, 27, 27, 27, 26, 26, 26, 26, 26, 26, 26, 26, 26, 25, 25, 23, 23, 23, 21, 20, 20, 20, 20, 20, 20, 20, 19, 19, 19, 18, 17, 17, 17, 17, 17, 17, 16, 14, 14, 14, 14, 14, 13, 12, 12, 12, 12, 12, 11, 11, 10, 10, 10, 10, 10, 9, 9, 9, 8, 8, 8, 8, 7, 7, 7, 7, 6, 6, 6, 6, 6, 6, 6, 5, 5, 5, 5, 5, 5, 4, 4, 3, 3, 3, 3, 3, 3, 3, 3, 2, 1, 1, 1, 1, 1, 1, 1, 1, 1, 1, 1, 1, 1, 1, 1, 1, 1, 1, 1, 1, 1, 1, 1, 1, 1, 1, 1, 1, 1, 1, 1, 1, 1, 1, 1, 1, 1, 1, 1, 1, 1, 1, 1, 1, 1, 1, 1, 1, 1, 1, 1, 1, 1, 1, 1, 1, 1, 1, 1, 1, 1, 1, 1, 1, 1, 1, 1, 1, 1, 1, 1, 1, 1, 1, 1, 1, 1, 1, 1, 1, 1, 1, 1, 1, 1, 1, 1, 1, 1, 1, 1, 1, 1, 1, 1, 1, 1, 1, 1, 1, 1, 1, 1, 1, 1, 1, 1, 1, 1, 1, 1, 1, 1, 1, 1, 1, 1, 1, 1, 1, 1, 1, 1, 1, 1, 1, 1, 1]",1.0,"[33.0, 33.0, 33.0, 33.0, 33.0, 33.0, 33.0, 33.0, 33.0, 33.0, 33.0, 33.0, 33.0, 33.0, 33.0, 33.0, 33.0, 33.0, 32.888888888888886, 33.0, 33.0, 33.0, 33.0, 33.0, 33.0, 33.0, 33.0, 33.0, 33.0, 33.0, 33.0, 33.0, 33.0, 33.0, 33.0, 33.0, 33.0, 33.0, 33.0, 33.0, 33.0, 33.0, 33.0, 33.0, 33.0, 33.0, 33.0, 33.0, 33.0, 33.0, 33.0, 33.0, 33.0, 33.0, 33.0, 33.0, 33.0, 33.0, 33.0, 33.0, 33.0, 33.0, 33.0, 32.888888888888886, 32.77777777777778, 33.0, 33.0, 33.0, 33.0, 33.0, 33.0, 33.0, 33.0, 33.0, 33.0, 33.0, 33.0, 33.0, 33.0, 33.0, 33.0, 33.0, 33.0, 33.0, 33.0, 32.0, 32.0, 32.0, 32.0, 32.0, 31.88888888888889, 31.88888888888889, 31.88888888888889, 31.88888888888889, 31.88888888888889, 32.0, 32.0, 32.0, 32.0, 32.0, 32.0, 32.0, 32.0, 32.0, 32.0, 32.0, 31.88888888888889, 31.0, 31.0, 31.0, 31.0, 31.0, 31.0, 31.0, 30.88888888888889, 30.88888888888889, 31.0, 31.0, 31.0, 31.0, 31.0, 31.0, 31.0, 31.0, 31.0, 31.0, 31.0, 31.0, 30.88888888888889, 30.88888888888889, 31.0, 31.0, 31.0, 31.0, 31.0, 30.0, 30.0, 30.0, 30.0, 30.0, 30.0, 30.0, 29.0, 29.0, 29.0, 29.0, 29.0, 29.0, 29.0, 29.0, 29.0, 29.0, 29.0, 29.0, 29.0, 29.0, 29.0, 29.0, 29.0, 29.0, 29.0, 29.0, 29.0, 29.0, 29.0, 29.0, 28.88888888888889, 29.0, 29.0, 28.88888888888889, 29.0, 29.0, 29.0, 29.0, 29.0, 29.0, 29.0, 29.0, 29.0, 29.0, 29.0, 29.0, 29.0, 29.0, 28.88888888888889, 28.88888888888889, 28.88888888888889, 28.88888888888889, 28.88888888888889, 28.88888888888889, 28.88888888888889, 28.88888888888889, 28.88888888888889, 28.0, 28.0, 27.0, 27.0, 27.0, 27.0, 27.0, 27.0, 27.0, 27.0, 27.0, 27.0, 27.0, 26.0, 26.0, 26.0, 26.0, 26.0, 26.0, 26.0, 26.0, 25.88888888888889, 24.88888888888889, 25.0, 23.0, 23.0, 23.0, 21.0, 20.0, 20.0, 20.0, 20.0, 20.0, 20.0, 20.0, 19.0, 19.0, 19.0, 18.0, 17.0, 17.0, 17.0, 17.0, 17.0, 17.0, 16.0, 14.0, 14.0, 14.0, 14.0, 14.0, 13.0, 12.0, 12.0, 12.0, 12.0, 12.0, 11.0, 11.0, 10.0, 10.0, 10.0, 10.0, 10.0, 9.0, 9.0, 9.0, 8.0, 8.0, 8.0, 8.0, 7.0, 7.0, 7.0, 7.0, 6.0, 6.0, 6.0, 6.0, 6.0, 6.0, 6.0, 5.0, 5.0, 5.0, 5.0, 5.0, 5.0, 4.0, 4.0, 3.0, 3.0, 3.0, 3.0, 3.0, 3.0, 3.0, 3.0, 2.0, 1.0, 1.0, 1.0, 1.0, 1.0, 1.0, 1.0, 1.0, 1.0, 1.0, 1.0, 1.0, 1.0, 1.0, 1.0, 1.0, 1.0, 1.0, 1.0, 1.0, 1.0, 1.0, 1.0, 1.0, 1.0, 1.0, 1.0, 1.0, 1.0, 1.0, 1.0, 1.0, 1.0, 1.0, 1.0, 1.0, 1.0, 1.0, 1.0, 1.0, 1.0, 1.0, 1.0, 1.0, 1.0, 1.0, 1.0, 1.0, 1.0, 1.0, 1.0, 1.0, 1.0, 1.0, 1.0, 1.0, 1.0, 1.0, 1.0, 1.0, 1.0, 1.0, 1.0, 1.0, 1.0, 1.0, 1.0, 1.0, 1.0, 1.0, 1.0, 1.0, 1.0, 1.0, 1.0, 1.0, 1.0, 1.0, 1.0, 1.0, 1.0, 1.0, 1.0, 1.0, 1.0, 1.0, 1.0, 1.0, 1.0, 1.0, 1.0, 1.0, 1.0, 1.0, 1.0, 1.0, 1.0, 1.0, 1.0, 1.0, 1.0, 1.0, 1.0, 1.0, 1.0, 1.0, 1.0, 1.0, 1.0, 1.0, 1.0, 1.0, 1.0, 1.0, 1.0, 1.0, 1.0, 1.0, 1.0, 1.0, 1.0, 1.0, 1.0, 1.0, 1.0, 1.0, 1.0, 1.0]",0.6604991784938778,0.6214592108822508,1,"[33, 33, 33, 33, 33, 33, 33, 33, 33, 33, 33, 33, 33, 33, 33, 33, 33, 33, 33, 33, 33, 33, 33, 33, 33, 33, 33, 33, 33, 33, 33, 33, 33, 33, 33, 33, 33, 33, 33, 33, 33, 33, 33, 33, 33, 33, 33, 33, 33, 33, 33, 33, 33, 33, 33, 33, 33, 33, 33, 33, 33, 33, 33, 33, 33, 33, 33, 33, 33, 33, 33, 33, 33, 33, 33, 33, 33, 33, 33, 33, 33, 33, 33, 33, 33, 32, 32, 32, 32, 32, 32, 32, 32, 32, 32, 32, 32, 32, 32, 32, 32, 32, 32, 32, 32, 32, 32, 31, 31, 31, 31, 31, 31, 31, 31, 31, 31, 31, 31, 31, 31, 31, 31, 31, 31, 31, 31, 31, 31, 31, 31, 31, 31, 31, 31, 30, 30, 30, 30, 30, 30, 30, 29, 29, 29, 29, 29, 29, 29, 29, 29, 29, 29, 29, 29, 29, 29, 29, 29, 29, 29, 29, 29, 29, 29, 29, 29, 29, 29, 29, 29, 29, 29, 29, 29, 29, 29, 29, 29, 29, 29, 29, 29, 29, 29, 29, 29, 29, 29, 29, 29, 29, 29, 28, 28, 27, 27, 27, 27, 27, 27, 27, 27, 27, 27, 27, 26, 26, 26, 26, 26, 26, 26, 26, 26, 25, 25, 23, 23, 23, 21, 20, 20, 20, 20, 20, 20, 20, 19, 19, 19, 18, 17, 17, 17, 17, 17, 17, 16, 14, 14, 14, 14, 14, 13, 12, 12, 12, 12, 12, 11, 11, 10, 10, 10, 10, 10, 9, 9, 9, 8, 8, 8, 8, 7, 7, 7, 7, 6, 6, 6, 6, 6, 6, 6, 5, 5, 5, 5, 5, 5, 4, 4, 3, 3, 3, 3, 3, 3, 3, 3, 2, 1, 1, 1, 1, 1, 1, 1, 1, 1, 1, 1, 1, 1, 1, 1, 1, 1, 1, 1, 1, 1, 1, 1, 1, 1, 1, 1, 1, 1, 1, 1, 1, 1, 1, 1, 1, 1, 1, 1, 1, 1, 1, 1, 1, 1, 1, 1, 1, 1, 1, 1, 1, 1, 1, 1, 1, 1, 1, 1, 1, 1, 1, 1, 1, 1, 1, 1, 1, 1, 1, 1, 1, 1, 1, 1, 1, 1, 1, 1, 1, 1, 1, 1, 1, 1, 1, 1, 1, 1, 1, 1, 1, 1, 1, 1, 1, 1, 1, 1, 1, 1, 1, 1, 1, 1, 1, 1, 1, 1, 1, 1, 1, 1, 1, 1, 1, 1, 1, 1, 1, 1, 1, 1, 1, 1, 1, 1, 1]",420,"[0.8343642950057983, 0.8209417462348938, 0.8089655041694641, 0.8000354766845703, 0.7916908264160156, 0.7837196588516235, 0.7771642804145813, 0.7715737819671631, 0.7666957378387451, 0.7622697949409485, 0.7580028772354126, 0.7542707920074463, 0.7509188055992126, 0.747494637966156, 0.7442970871925354, 0.7409999370574951, 0.7382166981697083, 0.735370397567749, 0.732512354850769, 0.7297914624214172, 0.7271029949188232, 0.7244298458099365, 0.721885621547699, 0.7193233966827393, 0.7168514728546143, 0.7144573926925659, 0.7121542096138, 0.7098548412322998, 0.7074796557426453, 0.7051941156387329, 0.7029077410697937, 0.7006463408470154, 0.698402464389801, 0.6962066888809204, 0.6940748691558838, 0.6919407844543457, 0.689798891544342, 0.6877350807189941, 0.6856408715248108, 0.6836729645729065, 0.68163001537323, 0.6796079874038696, 0.6775692701339722, 0.6755595207214355, 0.6736400127410889, 0.6716949343681335, 0.6697438955307007, 0.6678323149681091, 0.6659274101257324, 0.6640191674232483, 0.6621688008308411, 0.6603310108184814, 0.6584633588790894, 0.6566256880760193, 0.6548460125923157, 0.6530108451843262, 0.6512249112129211, 0.6494141221046448, 0.6476259827613831, 0.645890474319458, 0.6441817283630371, 0.6424281597137451, 0.640693187713623, 0.6389979124069214, 0.6373188495635986, 0.6356210112571716, 0.6339528560638428, 0.6323015689849854, 0.6306359767913818, 0.6289800405502319, 0.6273523569107056, 0.6257147789001465, 0.6241371631622314, 0.622567892074585, 0.6209849119186401, 0.6194332838058472, 0.6179139614105225, 0.6163812279701233, 0.614846408367157, 0.6133362650871277, 0.6118314862251282, 0.610337495803833, 0.6088130474090576, 0.6073468923568726, 0.6058980226516724, 0.6013531684875488, 0.5999130010604858, 0.5985116362571716, 0.5971364974975586, 0.595766007900238, 0.5943731069564819, 0.592992901802063, 0.5916299819946289, 0.59026038646698, 0.5889257192611694, 0.5876204967498779, 0.5863170027732849, 0.5850050449371338, 0.5837081074714661, 0.5823942422866821, 0.5811269879341125, 0.5798490047454834, 0.5785876512527466, 0.5773054361343384, 0.5760616660118103, 0.574837327003479, 0.5736321806907654, 0.5701694488525391, 0.5689857602119446, 0.5677855014801025, 0.566582977771759, 0.5653936266899109, 0.5642440915107727, 0.5631020069122314, 0.5619683265686035, 0.5608140826225281, 0.5596818327903748, 0.5585794448852539, 0.5574420690536499, 0.5563483238220215, 0.5552431344985962, 0.5541597008705139, 0.553061306476593, 0.551974356174469, 0.5508934259414673, 0.5498203635215759, 0.5487707257270813, 0.5477458834648132, 0.5466727614402771, 0.5456327199935913, 0.5446058511734009, 0.5435712337493896, 0.5425750017166138, 0.5415554046630859, 0.5405612587928772, 0.5372095108032227, 0.5362494587898254, 0.5352855920791626, 0.5343371629714966, 0.533392071723938, 0.532432496547699, 0.531501293182373, 0.5282057523727417, 0.5272922515869141, 0.5264186263084412, 0.5255453586578369, 0.5246739983558655, 0.5237985253334045, 0.5229535698890686, 0.5220842361450195, 0.5212125182151794, 0.5203519463539124, 0.5195149779319763, 0.5186640024185181, 0.5178216099739075, 0.5169993042945862, 0.5161871314048767, 0.5153707265853882, 0.5145738124847412, 0.5137664079666138, 0.5129599571228027, 0.5121439695358276, 0.5113301873207092, 0.5105603933334351, 0.5097942352294922, 0.5090002417564392, 0.508235514163971, 0.5074726343154907, 0.5067059397697449, 0.5059508681297302, 0.5052223205566406, 0.504481315612793, 0.5037550330162048, 0.5030378103256226, 0.502281665802002, 0.5015387535095215, 0.5008035898208618, 0.5000759959220886, 0.499376118183136, 0.49863988161087036, 0.49793311953544617, 0.49722111225128174, 0.49653807282447815, 0.49583786725997925, 0.495136022567749, 0.4944536089897156, 0.49376124143600464, 0.49309080839157104, 0.4924091696739197, 0.4917463958263397, 0.49108588695526123, 0.49040281772613525, 0.48975956439971924, 0.4872451722621918, 0.48660290241241455, 0.4836265444755554, 0.48300570249557495, 0.4823978543281555, 0.481812447309494, 0.48121997714042664, 0.48063164949417114, 0.4800218939781189, 0.47943440079689026, 0.47884881496429443, 0.47829046845436096, 0.4777194857597351, 0.4745844602584839, 0.4740360379219055, 0.4734913110733032, 0.4729498624801636, 0.47243037819862366, 0.47189462184906006, 0.47136542201042175, 0.47085103392601013, 0.47034722566604614, 0.4682900607585907, 0.46778756380081177, 0.4629899859428406, 0.4625288248062134, 0.4620620608329773, 0.4574475884437561, 0.45476657152175903, 0.45437031984329224, 0.45397046208381653, 0.4535607397556305, 0.4531521499156952, 0.4527607262134552, 0.45236530900001526, 0.44947749376296997, 0.4490922689437866, 0.44871842861175537, 0.4464416205883026, 0.4435054063796997, 0.4431433081626892, 0.4428081810474396, 0.44247713685035706, 0.4421297311782837, 0.44182121753692627, 0.4392249286174774, 0.434255987405777, 0.4339880049228668, 0.43370819091796875, 0.4334283471107483, 0.4331417381763458, 0.4299083352088928, 0.4272816479206085, 0.4270671606063843, 0.42683571577072144, 0.42659443616867065, 0.42637166380882263, 0.42388981580734253, 0.42364734411239624, 0.4210541248321533, 0.4208572506904602, 0.42069175839424133, 0.420481413602829, 0.4202812612056732, 0.4177791178226471, 0.4175894558429718, 0.4174407720565796, 0.41498759388923645, 0.41484686732292175, 0.41470810770988464, 0.41454896330833435, 0.4119875729084015, 0.4118529260158539, 0.41170164942741394, 0.411573588848114, 0.4126320779323578, 0.4125184118747711, 0.41241055727005005, 0.41229456663131714, 0.41218775510787964, 0.4121030867099762, 0.4119802713394165, 0.4095021188259125, 0.40939345955848694, 0.40926945209503174, 0.4091705083847046, 0.4090501666069031, 0.4089512228965759, 0.40663042664527893, 0.4065306782722473, 0.40643933415412903, 0.40636616945266724, 0.40630340576171875, 0.40624332427978516, 0.4061846435070038, 0.40612471103668213, 0.4060676693916321, 0.4060106575489044, 0.4051752984523773, 0.402461439371109, 0.40245941281318665, 0.4024066925048828, 0.40241849422454834, 0.4023555815219879, 0.4023708999156952, 0.40231192111968994, 0.40228572487831116, 0.4022599160671234, 0.4022362232208252, 0.4022071957588196, 0.40219035744667053, 0.4021693766117096, 0.4021429717540741, 0.4020923972129822, 0.40208539366722107, 0.4020541310310364, 0.4020347595214844, 0.4020116925239563, 0.40198177099227905, 0.40197643637657166, 0.4019542336463928, 0.40193411707878113, 0.40191763639450073, 0.4018903374671936, 0.40186989307403564, 0.401858925819397, 0.4018552303314209, 0.4018333852291107, 0.4018230438232422, 0.40180256962776184, 0.40177953243255615, 0.4017578959465027, 0.4017398953437805, 0.4017223119735718, 0.40170133113861084, 0.4016857445240021, 0.40167033672332764, 0.4016561210155487, 0.40164077281951904, 0.4016297161579132, 0.4016115963459015, 0.4015968441963196, 0.40158024430274963, 0.4015650451183319, 0.4015510678291321, 0.40153613686561584, 0.40152281522750854, 0.4015079736709595, 0.4014942944049835, 0.40148138999938965, 0.40147173404693604, 0.4014553725719452, 0.4014434814453125, 0.401429682970047, 0.4014185965061188, 0.40140289068222046, 0.4013984203338623, 0.4013975262641907, 0.4013921618461609, 0.40136945247650146, 0.40135419368743896, 0.40133485198020935, 0.4013251066207886, 0.4013301730155945, 0.40130409598350525, 0.4012785255908966, 0.40127572417259216, 0.401264488697052, 0.40124058723449707, 0.40122926235198975, 0.40123045444488525, 0.40122976899147034, 0.4012340307235718, 0.4012180268764496, 0.4012078046798706, 0.401224285364151, 0.40121176838874817, 0.40117132663726807, 0.4011668264865875, 0.401168555021286, 0.40116170048713684, 0.40113726258277893, 0.40113675594329834, 0.4011353552341461, 0.4011112451553345, 0.40112000703811646, 0.4010881781578064, 0.4011007249355316, 0.4010903537273407, 0.4010697901248932, 0.4010266363620758, 0.40100041031837463, 0.4010075032711029, 0.40101349353790283, 0.4009997844696045, 0.40095728635787964, 0.4009346663951874, 0.4009132385253906, 0.40089648962020874, 0.40087854862213135, 0.4008670449256897, 0.400857150554657, 0.4008413553237915, 0.4008331596851349, 0.4008249342441559, 0.40080931782722473, 0.40079453587532043, 0.4007856845855713, 0.400773823261261, 0.400763601064682, 0.40075361728668213, 0.4007430970668793, 0.4007340967655182, 0.4007303714752197, 0.40071728825569153, 0.4007079005241394, 0.40071001648902893, 0.400704026222229, 0.4006871283054352, 0.40067291259765625, 0.400689035654068, 0.4006803035736084, 0.4006645679473877, 0.4006491005420685, 0.4006347358226776, 0.40062636137008667, 0.40063154697418213]",1.0,"[33.0, 33.0, 33.0, 33.0, 33.0, 33.0, 33.0, 33.0, 33.0, 33.0, 33.0, 33.0, 33.0, 33.0, 33.0, 33.0, 33.0, 33.0, 33.0, 33.0, 33.0, 33.0, 33.0, 33.0, 33.0, 33.0, 33.0, 33.0, 33.0, 33.0, 33.0, 33.0, 33.0, 33.0, 33.0, 33.0, 33.0, 33.0, 33.0, 33.0, 33.0, 33.0, 33.0, 33.0, 33.0, 33.0, 33.0, 33.0, 33.0, 33.0, 33.0, 33.0, 33.0, 33.0, 33.0, 33.0, 33.0, 33.0, 33.0, 33.0, 33.0, 33.0, 33.0, 33.0, 33.0, 33.0, 33.0, 33.0, 33.0, 33.0, 33.0, 33.0, 33.0, 33.0, 33.0, 33.0, 33.0, 33.0, 33.0, 33.0, 33.0, 33.0, 33.0, 33.0, 33.0, 32.0, 32.0, 32.0, 32.0, 32.0, 32.0, 32.0, 32.0, 32.0, 32.0, 32.0, 32.0, 32.0, 32.0, 32.0, 32.0, 32.0, 32.0, 32.0, 32.0, 32.0, 32.0, 31.0, 31.0, 31.0, 31.0, 31.0, 31.0, 31.0, 31.0, 31.0, 31.0, 31.0, 31.0, 31.0, 31.0, 31.0, 31.0, 31.0, 31.0, 31.0, 31.0, 31.0, 31.0, 31.0, 31.0, 31.0, 31.0, 31.0, 31.0, 30.0, 30.0, 30.0, 30.0, 30.0, 30.0, 30.0, 29.0, 29.0, 29.0, 29.0, 29.0, 29.0, 29.0, 29.0, 29.0, 29.0, 29.0, 29.0, 29.0, 29.0, 29.0, 29.0, 29.0, 29.0, 29.0, 29.0, 29.0, 29.0, 29.0, 29.0, 29.0, 29.0, 29.0, 29.0, 29.0, 29.0, 29.0, 29.0, 29.0, 29.0, 29.0, 29.0, 29.0, 29.0, 29.0, 29.0, 29.0, 29.0, 29.0, 29.0, 29.0, 29.0, 29.0, 29.0, 29.0, 29.0, 29.0, 28.0, 28.0, 27.0, 27.0, 27.0, 27.0, 27.0, 27.0, 27.0, 27.0, 27.0, 27.0, 27.0, 26.0, 26.0, 26.0, 26.0, 26.0, 26.0, 26.0, 26.0, 26.0, 25.0, 25.0, 23.0, 23.0, 23.0, 21.0, 20.0, 20.0, 20.0, 20.0, 20.0, 20.0, 20.0, 19.0, 19.0, 19.0, 18.0, 17.0, 17.0, 17.0, 17.0, 17.0, 17.0, 16.0, 14.0, 14.0, 14.0, 14.0, 14.0, 13.0, 12.0, 12.0, 12.0, 12.0, 12.0, 11.0, 11.0, 10.0, 10.0, 10.0, 10.0, 10.0, 9.0, 9.0, 9.0, 8.0, 8.0, 8.0, 8.0, 7.0, 7.0, 7.0, 7.0, 6.0, 6.0, 6.0, 6.0, 6.0, 6.0, 6.0, 5.0, 5.0, 5.0, 5.0, 5.0, 5.0, 4.0, 4.0, 3.0, 3.0, 3.0, 3.0, 3.0, 3.0, 3.0, 3.0, 2.0, 1.0, 1.0, 1.0, 1.0, 1.0, 1.0, 1.0, 1.0, 1.0, 1.0, 1.0, 1.0, 1.0, 1.0, 1.0, 1.0, 1.0, 1.0, 1.0, 1.0, 1.0, 1.0, 1.0, 1.0, 1.0, 1.0, 1.0, 1.0, 1.0, 1.0, 1.0, 1.0, 1.0, 1.0, 1.0, 1.0, 1.0, 1.0, 1.0, 1.0, 1.0, 1.0, 1.0, 1.0, 1.0, 1.0, 1.0, 1.0, 1.0, 1.0, 1.0, 1.0, 1.0, 1.0, 1.0, 1.0, 1.0, 1.0, 1.0, 1.0, 1.0, 1.0, 1.0, 1.0, 1.0, 1.0, 1.0, 1.0, 1.0, 1.0, 1.0, 1.0, 1.0, 1.0, 1.0, 1.0, 1.0, 1.0, 1.0, 1.0, 1.0, 1.0, 1.0, 1.0, 1.0, 1.0, 1.0, 1.0, 1.0, 1.0, 1.0, 1.0, 1.0, 1.0, 1.0, 1.0, 1.0, 1.0, 1.0, 1.0, 1.0, 1.0, 1.0, 1.0, 1.0, 1.0, 1.0, 1.0, 1.0, 1.0, 1.0, 1.0, 1.0, 1.0, 1.0, 1.0, 1.0, 1.0, 1.0, 1.0, 1.0, 1.0, 1.0, 1.0, 1.0, 1.0, 1.0, 1.0]",COMPLETE
