,number,value,datetime_start,datetime_complete,duration,params_batch_size_scaler,params_constant_learning_rate,params_depth,params_epochs,params_kernel_l2,params_num_trees,params_temperature,user_attrs_accuracy_test,user_attrs_accuracy_valid,user_attrs_approximate_feature_sparsity,user_attrs_approximate_feature_sparsity_history,user_attrs_approximate_weight_sparsity,user_attrs_approximate_weight_sparsity_history,user_attrs_auc_test,user_attrs_auc_valid,user_attrs_feature_sparsity,user_attrs_feature_sparsity_history,user_attrs_num_epochs,user_attrs_val_loss_history,user_attrs_weight_sparsity,user_attrs_weight_sparsity_history,state
71,71,0.8478056446522652,2024-08-31 03:06:19.683076,2024-08-31 03:07:01.449840,0 days 00:00:41.766764,16,0.028847397146493998,3,265,0.011176887411112488,20,0.02210236775331307,0.891,0.89,33,"[33, 33, 33, 33, 33, 33, 33, 33, 33, 33, 33, 33, 33, 33, 33, 33, 33, 33, 33, 33, 33, 33, 33, 33, 33, 33, 33, 33, 33, 33, 33, 33, 33, 33, 33, 33, 33, 33, 33, 33, 33, 33, 33, 33, 33, 33, 33, 33, 33, 33, 33, 33, 33, 33, 33, 33, 33, 33, 33, 33, 33, 33, 33, 33, 33, 33, 33, 33, 33, 33, 33, 33, 33, 33, 33, 33, 33, 33, 33, 33, 33, 33, 33, 33, 33, 33, 33, 33, 33, 33, 33, 33, 33, 33, 33, 33, 33, 33, 33, 33, 33, 33, 33, 33, 33, 33, 33, 33, 33, 33, 33, 33, 33, 33, 33, 33, 33, 33, 33, 33, 33, 33, 33, 33, 33, 33, 33, 33, 33, 33, 33, 33, 33, 33, 33, 33, 33, 33, 33, 33, 33, 33, 33, 33, 33, 33, 33, 33, 33, 33, 33, 33, 33, 33, 33, 33, 33, 33, 33, 33, 33, 33, 33, 33, 33, 33, 33, 33, 33, 33, 33, 33, 33, 33, 33, 33, 33, 33, 33, 33, 33, 33, 33, 33, 33, 33, 33, 33, 33, 33, 33, 33, 33, 33, 33, 33, 33, 33, 33, 33, 33, 33, 33, 33, 33, 33, 33, 33, 33, 33, 33, 33, 33, 33, 33, 33, 33, 33, 33, 33, 33, 33, 33, 33, 33, 33, 33, 33, 33, 33, 33, 33, 33, 33, 33, 33, 33, 33, 33, 33, 33, 33, 33, 33, 33, 33, 33, 33, 33, 33, 33, 33, 33, 33, 33, 33, 33, 33, 33, 33, 33, 33, 33, 33, 33]",32.97857142857143,"[32.971428571428575, 32.97857142857143, 32.97857142857143, 32.98571428571429, 32.97857142857143, 32.971428571428575, 32.971428571428575, 32.964285714285715, 32.971428571428575, 32.964285714285715, 32.971428571428575, 32.964285714285715, 32.964285714285715, 32.97857142857143, 32.99285714285715, 32.98571428571429, 33.0, 33.0, 33.0, 32.99285714285715, 32.99285714285715, 32.97857142857143, 32.99285714285715, 32.99285714285715, 32.97857142857143, 32.964285714285715, 32.957142857142856, 32.949999999999996, 32.957142857142856, 32.964285714285715, 32.957142857142856, 32.97857142857143, 32.97857142857143, 32.971428571428575, 32.98571428571429, 32.957142857142856, 32.97857142857143, 32.99285714285714, 32.99285714285714, 32.97857142857143, 32.97857142857143, 32.98571428571429, 32.98571428571429, 32.98571428571429, 32.971428571428575, 32.98571428571429, 32.98571428571429, 32.964285714285715, 32.971428571428575, 32.971428571428575, 32.98571428571429, 32.97857142857143, 32.97857142857143, 32.97857142857143, 32.98571428571429, 32.97857142857143, 32.98571428571429, 32.98571428571429, 32.98571428571429, 32.97857142857143, 32.99285714285715, 32.97142857142857, 32.97857142857143, 32.98571428571429, 32.99285714285714, 32.99285714285714, 32.99285714285714, 32.99285714285714, 33.0, 32.99285714285715, 32.99285714285715, 32.99285714285715, 32.99285714285715, 32.99285714285715, 32.99285714285715, 32.99285714285715, 32.99285714285715, 32.971428571428575, 32.97857142857143, 32.98571428571429, 32.99285714285715, 32.99285714285715, 32.99285714285715, 32.99285714285715, 32.99285714285715, 32.99285714285715, 32.99285714285715, 33.0, 32.97857142857143, 32.98571428571429, 32.98571428571429, 32.97857142857143, 32.97857142857143, 32.98571428571429, 32.97857142857143, 32.97857142857143, 32.97857142857143, 32.971428571428575, 32.97857142857143, 32.971428571428575, 32.99285714285715, 32.99285714285715, 32.99285714285715, 32.98571428571429, 32.98571428571429, 32.98571428571429, 32.99285714285715, 32.99285714285715, 32.99285714285715, 32.98571428571429, 32.97857142857143, 32.98571428571429, 32.97857142857143, 32.98571428571429, 32.98571428571429, 32.99285714285715, 32.99285714285715, 32.98571428571429, 32.97857142857143, 32.99285714285715, 32.99285714285715, 32.98571428571429, 32.99285714285715, 32.99285714285715, 32.99285714285715, 32.99285714285715, 32.99285714285715, 32.99285714285715, 32.99285714285715, 33.0, 33.0, 32.99285714285715, 32.99285714285715, 32.98571428571429, 32.98571428571429, 32.98571428571429, 32.99285714285715, 32.99285714285715, 32.964285714285715, 32.97857142857143, 32.98571428571429, 32.99285714285715, 32.971428571428575, 32.964285714285715, 32.95, 32.971428571428575, 32.99285714285715, 32.97857142857143, 32.971428571428575, 32.99285714285715, 32.98571428571429, 32.99285714285715, 32.99285714285715, 32.98571428571429, 32.971428571428575, 32.971428571428575, 32.971428571428575, 33.0, 33.0, 33.0, 33.0, 33.0, 33.0, 33.0, 33.0, 33.0, 33.0, 33.0, 32.99285714285715, 32.99285714285715, 32.99285714285715, 33.0, 32.99285714285715, 32.99285714285715, 32.99285714285715, 32.971428571428575, 32.98571428571429, 32.98571428571429, 32.98571428571429, 32.98571428571429, 32.99285714285715, 32.99285714285715, 32.99285714285715, 32.99285714285715, 32.98571428571429, 32.97857142857143, 32.971428571428575, 32.99285714285715, 32.97857142857143, 32.97857142857143, 32.98571428571429, 32.98571428571429, 32.98571428571429, 32.971428571428575, 32.97857142857143, 32.98571428571429, 32.98571428571429, 32.99285714285715, 32.99285714285715, 32.98571428571429, 32.98571428571429, 32.99285714285715, 33.0, 32.99285714285715, 32.98571428571429, 32.97857142857143, 32.97857142857143, 32.971428571428575, 32.98571428571429, 32.99285714285715, 32.99285714285715, 32.98571428571429, 32.971428571428575, 32.97857142857143, 32.97857142857143, 32.97142857142857, 32.97857142857143, 32.99285714285715, 32.97857142857143, 32.98571428571429, 32.98571428571429, 32.98571428571429, 32.98571428571429, 32.98571428571429, 32.97857142857143, 32.97857142857143, 32.97857142857143, 32.971428571428575, 32.964285714285715, 32.971428571428575, 32.964285714285715, 32.971428571428575, 32.971428571428575, 32.97142857142857, 32.97142857142857, 32.971428571428575, 32.957142857142856, 32.971428571428575, 32.971428571428575, 32.964285714285715, 32.957142857142856, 32.971428571428575, 32.971428571428575, 32.98571428571429, 32.97857142857143, 32.98571428571429, 32.98571428571429, 32.97857142857143, 32.98571428571429, 32.98571428571429, 32.98571428571429, 32.98571428571429, 32.97857142857143, 32.97857142857143, 32.964285714285715, 32.97857142857143, 32.98571428571429, 32.98571428571429, 32.99285714285715, 32.99285714285715, 33.0, 33.0, 32.97857142857143, 32.97857142857143, 32.97857142857143]",0.8479924702152428,0.8478056446522652,33,"[33, 33, 33, 33, 33, 33, 33, 33, 33, 33, 33, 33, 33, 33, 33, 33, 33, 33, 33, 33, 33, 33, 33, 33, 33, 33, 33, 33, 33, 33, 33, 33, 33, 33, 33, 33, 33, 33, 33, 33, 33, 33, 33, 33, 33, 33, 33, 33, 33, 33, 33, 33, 33, 33, 33, 33, 33, 33, 33, 33, 33, 33, 33, 33, 33, 33, 33, 33, 33, 33, 33, 33, 33, 33, 33, 33, 33, 33, 33, 33, 33, 33, 33, 33, 33, 33, 33, 33, 33, 33, 33, 33, 33, 33, 33, 33, 33, 33, 33, 33, 33, 33, 33, 33, 33, 33, 33, 33, 33, 33, 33, 33, 33, 33, 33, 33, 33, 33, 33, 33, 33, 33, 33, 33, 33, 33, 33, 33, 33, 33, 33, 33, 33, 33, 33, 33, 33, 33, 33, 33, 33, 33, 33, 33, 33, 33, 33, 33, 33, 33, 33, 33, 33, 33, 33, 33, 33, 33, 33, 33, 33, 33, 33, 33, 33, 33, 33, 33, 33, 33, 33, 33, 33, 33, 33, 33, 33, 33, 33, 33, 33, 33, 33, 33, 33, 33, 33, 33, 33, 33, 33, 33, 33, 33, 33, 33, 33, 33, 33, 33, 33, 33, 33, 33, 33, 33, 33, 33, 33, 33, 33, 33, 33, 33, 33, 33, 33, 33, 33, 33, 33, 33, 33, 33, 33, 33, 33, 33, 33, 33, 33, 33, 33, 33, 33, 33, 33, 33, 33, 33, 33, 33, 33, 33, 33, 33, 33, 33, 33, 33, 33, 33, 33, 33, 33, 33, 33, 33, 33, 33, 33, 33, 33, 33, 33]",265,"[0.44014984369277954, 0.42123886942863464, 0.4116981625556946, 0.4061349928379059, 0.4024539887905121, 0.39970919489860535, 0.3975555896759033, 0.39579373598098755, 0.39427947998046875, 0.3928767144680023, 0.39158833026885986, 0.39038485288619995, 0.3892231285572052, 0.38813531398773193, 0.38709557056427, 0.3861720561981201, 0.3852371573448181, 0.3843722641468048, 0.3835184574127197, 0.38267526030540466, 0.38186609745025635, 0.3810989260673523, 0.3803660571575165, 0.37964797019958496, 0.3789803385734558, 0.37832289934158325, 0.3777083456516266, 0.3771011233329773, 0.3765089511871338, 0.37592124938964844, 0.3753664791584015, 0.37486007809638977, 0.37433695793151855, 0.3738158941268921, 0.3733234405517578, 0.37283432483673096, 0.37234702706336975, 0.37190452218055725, 0.37145936489105225, 0.37102803587913513, 0.370590478181839, 0.37016215920448303, 0.3697435259819031, 0.36934149265289307, 0.3689488172531128, 0.36856383085250854, 0.36817294359207153, 0.3677997887134552, 0.367465615272522, 0.3670702874660492, 0.3666938543319702, 0.3663061261177063, 0.36594337224960327, 0.3655857741832733, 0.36522701382637024, 0.36490872502326965, 0.3645603060722351, 0.36421316862106323, 0.36386099457740784, 0.3635353147983551, 0.3631976246833801, 0.3628350496292114, 0.36252012848854065, 0.3621859848499298, 0.3618788421154022, 0.361546128988266, 0.3612099885940552, 0.36091476678848267, 0.36056411266326904, 0.36021044850349426, 0.3598836660385132, 0.35957255959510803, 0.3592551052570343, 0.3589822053909302, 0.3586810827255249, 0.3583739995956421, 0.35815659165382385, 0.35781627893447876, 0.35748282074928284, 0.3571813702583313, 0.356902539730072, 0.35656455159187317, 0.3562239110469818, 0.35590171813964844, 0.3556080758571625, 0.35530903935432434, 0.35500088334083557, 0.3546854257583618, 0.3543340563774109, 0.3540271818637848, 0.35369929671287537, 0.35340040922164917, 0.3531075716018677, 0.3527929186820984, 0.3524619936943054, 0.35216304659843445, 0.351843923330307, 0.3515356779098511, 0.35119032859802246, 0.35089123249053955, 0.35058823227882385, 0.35026973485946655, 0.34995532035827637, 0.3496139645576477, 0.34929829835891724, 0.3489554226398468, 0.34862712025642395, 0.3482942581176758, 0.34799137711524963, 0.34769588708877563, 0.34734123945236206, 0.34703341126441956, 0.3467189073562622, 0.3464178442955017, 0.3461076021194458, 0.3457896411418915, 0.34549182653427124, 0.34516850113868713, 0.3448430001735687, 0.34449607133865356, 0.34417811036109924, 0.34386372566223145, 0.34351739287376404, 0.34322646260261536, 0.3429095149040222, 0.3425862491130829, 0.3422560393810272, 0.3419221043586731, 0.3416305184364319, 0.3413126766681671, 0.341007262468338, 0.34074074029922485, 0.3404342532157898, 0.34008926153182983, 0.3397720754146576, 0.33946993947029114, 0.33917468786239624, 0.33885952830314636, 0.3384847939014435, 0.33817732334136963, 0.33782199025154114, 0.33748501539230347, 0.3371696174144745, 0.33680614829063416, 0.33642664551734924, 0.3360925316810608, 0.33580848574638367, 0.3354591727256775, 0.3351345956325531, 0.3348080515861511, 0.33445730805397034, 0.33415108919143677, 0.33382904529571533, 0.33344948291778564, 0.3331119120121002, 0.33279484510421753, 0.33247876167297363, 0.33212170004844666, 0.33180704712867737, 0.33145177364349365, 0.33108100295066833, 0.3307355046272278, 0.33040890097618103, 0.3300861418247223, 0.3297537863254547, 0.32943904399871826, 0.32909026741981506, 0.32876527309417725, 0.3284299969673157, 0.32809579372406006, 0.32776713371276855, 0.3274654150009155, 0.327128142118454, 0.3267936706542969, 0.32646551728248596, 0.3261668384075165, 0.32578063011169434, 0.32544493675231934, 0.3250967264175415, 0.324788898229599, 0.3244445323944092, 0.3240892291069031, 0.3237617015838623, 0.3234279751777649, 0.3230893611907959, 0.3227413594722748, 0.32238146662712097, 0.32204025983810425, 0.3217085301876068, 0.3213671147823334, 0.3210359215736389, 0.32072070240974426, 0.3204096555709839, 0.3200698494911194, 0.3197316527366638, 0.3194027543067932, 0.3190523087978363, 0.31875044107437134, 0.3184255361557007, 0.318090558052063, 0.31777656078338623, 0.31744933128356934, 0.3170683979988098, 0.31672295928001404, 0.3163919150829315, 0.31606703996658325, 0.31568804383277893, 0.3153815269470215, 0.31503409147262573, 0.3147139847278595, 0.3143676519393921, 0.31401726603507996, 0.3136982023715973, 0.3133407533168793, 0.31302303075790405, 0.31271645426750183, 0.31238552927970886, 0.31206226348876953, 0.31170690059661865, 0.31136372685432434, 0.311028391122818, 0.31073126196861267, 0.31041771173477173, 0.3100721836090088, 0.30977413058280945, 0.3094504475593567, 0.309126615524292, 0.3088011145591736, 0.3084995746612549, 0.30815261602401733, 0.3078272342681885, 0.30749836564064026, 0.3071894645690918, 0.3068355619907379, 0.3064650595188141, 0.3061501383781433, 0.3058147728443146, 0.30548009276390076, 0.30515003204345703, 0.3048524558544159, 0.3045313358306885, 0.3042507469654083, 0.3039645254611969, 0.3036348819732666, 0.303274005651474, 0.3029530644416809, 0.3026205003261566, 0.3023128807544708, 0.30199116468429565, 0.30169805884361267, 0.30138638615608215, 0.3010299801826477, 0.30070218443870544, 0.30039098858833313, 0.30008548498153687, 0.29974400997161865, 0.29948893189430237, 0.2992154359817505, 0.2989273965358734, 0.2986486852169037, 0.2983725666999817, 0.29805710911750793, 0.2977510392665863, 0.29742342233657837, 0.29709985852241516]",33.0,"[33.0, 33.0, 33.0, 33.0, 33.0, 33.0, 33.0, 33.0, 33.0, 33.0, 33.0, 33.0, 33.0, 33.0, 33.0, 33.0, 33.0, 33.0, 33.0, 33.0, 33.0, 33.0, 33.0, 33.0, 33.0, 33.0, 33.0, 33.0, 33.0, 33.0, 33.0, 33.0, 33.0, 33.0, 33.0, 33.0, 33.0, 33.0, 33.0, 33.0, 33.0, 33.0, 33.0, 33.0, 33.0, 33.0, 33.0, 33.0, 33.0, 33.0, 33.0, 33.0, 33.0, 33.0, 33.0, 33.0, 33.0, 33.0, 33.0, 33.0, 33.0, 33.0, 33.0, 33.0, 33.0, 33.0, 33.0, 33.0, 33.0, 33.0, 33.0, 33.0, 33.0, 33.0, 33.0, 33.0, 33.0, 33.0, 33.0, 33.0, 33.0, 33.0, 33.0, 33.0, 33.0, 33.0, 33.0, 33.0, 33.0, 33.0, 33.0, 33.0, 33.0, 33.0, 33.0, 33.0, 33.0, 33.0, 33.0, 33.0, 33.0, 33.0, 33.0, 33.0, 33.0, 33.0, 33.0, 33.0, 33.0, 33.0, 33.0, 33.0, 33.0, 33.0, 33.0, 33.0, 33.0, 33.0, 33.0, 33.0, 33.0, 33.0, 33.0, 33.0, 33.0, 33.0, 33.0, 33.0, 33.0, 33.0, 33.0, 33.0, 33.0, 33.0, 33.0, 33.0, 33.0, 33.0, 33.0, 33.0, 33.0, 33.0, 33.0, 33.0, 33.0, 33.0, 33.0, 33.0, 33.0, 33.0, 33.0, 33.0, 33.0, 33.0, 33.0, 33.0, 33.0, 33.0, 33.0, 33.0, 33.0, 33.0, 33.0, 33.0, 33.0, 33.0, 33.0, 33.0, 33.0, 33.0, 33.0, 33.0, 33.0, 33.0, 33.0, 33.0, 33.0, 33.0, 33.0, 33.0, 33.0, 33.0, 33.0, 33.0, 33.0, 33.0, 33.0, 33.0, 33.0, 33.0, 33.0, 33.0, 33.0, 33.0, 33.0, 33.0, 33.0, 33.0, 33.0, 33.0, 33.0, 33.0, 33.0, 33.0, 33.0, 33.0, 33.0, 33.0, 33.0, 33.0, 33.0, 33.0, 33.0, 33.0, 33.0, 33.0, 33.0, 33.0, 33.0, 33.0, 33.0, 33.0, 33.0, 33.0, 33.0, 33.0, 33.0, 33.0, 33.0, 33.0, 33.0, 33.0, 33.0, 33.0, 33.0, 33.0, 33.0, 33.0, 33.0, 33.0, 33.0, 33.0, 33.0, 33.0, 33.0, 33.0, 33.0, 33.0, 33.0, 33.0, 33.0, 33.0, 33.0, 33.0, 33.0, 33.0, 33.0, 33.0, 33.0, 33.0, 33.0, 33.0, 33.0, 33.0, 33.0]",COMPLETE
