,number,value,datetime_start,datetime_complete,duration,params_batch_size_scaler,params_constant_learning_rate,params_depth,params_epochs,params_kernel_l2,params_num_trees,params_temperature,user_attrs_accuracy_test,user_attrs_accuracy_valid,user_attrs_approximate_feature_sparsity,user_attrs_approximate_feature_sparsity_history,user_attrs_approximate_weight_sparsity,user_attrs_approximate_weight_sparsity_history,user_attrs_auc_test,user_attrs_auc_valid,user_attrs_feature_sparsity,user_attrs_feature_sparsity_history,user_attrs_num_epochs,user_attrs_val_loss_history,user_attrs_weight_sparsity,user_attrs_weight_sparsity_history,state
56,56,0.8636498306089062,2024-08-31 02:42:38.140635,2024-08-31 02:45:12.554779,0 days 00:02:34.414144,16,0.3222272637541696,4,465,0.3088105336047323,93,0.0803265715162544,0.91,0.91375,7,"[33, 33, 32, 22, 16, 15, 13, 13, 11, 11, 11, 11, 10, 10, 10, 10, 10, 10, 10, 10, 10, 10, 10, 10, 10, 10, 9, 8, 7, 7, 7, 7, 7, 7, 7, 7, 7, 7, 7, 7, 7, 7, 7, 7, 7, 7, 7, 7, 7, 7, 7, 7, 7, 7, 7, 7, 7, 7, 7, 7, 7, 7, 7, 7, 7, 7, 7, 7, 7, 7, 7, 7, 7, 7, 7, 7, 7, 7, 7, 7, 7, 7, 7, 7, 7, 7, 7, 7, 7, 7, 7, 7, 7, 7, 7, 7, 7, 7, 7, 7, 7, 7, 7, 7, 7, 7, 7, 7, 7, 7, 7, 7, 7, 7, 7, 7, 7, 7, 7, 7, 7, 7, 7, 7, 7, 7, 7, 7, 7, 7, 7, 7, 7, 7, 7, 7, 7, 7, 7, 7, 7, 7, 7, 7, 7, 7, 7, 7, 7, 7, 7, 7, 7, 7, 7, 7, 7, 7, 7, 7, 7, 7, 7, 7, 7, 7, 7, 7, 7, 7, 7, 7, 7, 7, 7, 7, 7, 7, 7, 7, 7, 7, 7, 7, 7, 7, 7, 7, 7, 7, 7, 7, 7, 7, 7, 7, 7, 7, 7, 7, 7, 7, 7, 7, 7, 7, 7, 7, 7, 7, 7, 7, 7, 7, 7, 7, 7, 7, 7, 7, 7, 7, 7, 7, 7, 7, 7, 7, 7, 7, 7, 7, 7, 7, 7, 7, 7, 7, 7, 7, 7, 7, 7, 7, 7, 7, 7, 7, 7, 7, 7, 7, 7, 7, 7, 7, 7, 7, 7, 7, 7, 7, 7, 7, 7, 7, 7, 7, 7, 7, 7, 7, 7, 7, 7, 7, 7, 7, 7, 7, 7, 7, 7, 7, 7, 7, 7, 7, 7, 7, 7, 7, 7, 7, 7, 7, 7, 7, 7, 7, 7, 7, 7, 7, 7, 7, 7, 7, 7, 7, 7, 7, 7, 7, 7, 7, 7, 7, 7, 7, 7, 7, 7, 7, 7, 7, 7, 7, 7, 7, 7, 7, 7, 7, 7, 7, 7, 7, 7, 7, 7, 7, 7, 7, 7, 7, 7, 7, 7, 7, 7, 7, 7, 7, 7, 7, 7, 7, 7, 7, 7, 7, 7, 7, 7, 7, 7, 7, 7, 7, 7, 7, 7, 7, 7, 7, 7, 7, 7, 7, 7, 7, 7, 7, 7, 7, 7, 7, 7, 7, 7, 7, 7, 7, 7, 7, 7, 7, 7, 7, 7, 7, 7, 7, 7, 7, 7, 7, 7, 7, 7, 7, 7, 7, 7, 7, 7, 7, 7, 7, 7, 7, 7, 7, 7, 7, 7, 7, 7, 7, 7, 7, 7, 7, 7, 7, 7, 7, 7, 7, 7, 7, 7, 7, 7, 7, 7, 7, 7, 7, 7, 7, 7, 7, 7, 7, 7, 7, 7, 7, 7, 7, 7, 7, 7]",6.983512544802867,"[32.94767025089605, 32.94767025089605, 31.946953405017922, 21.954121863799283, 15.96415770609319, 14.972759856630823, 12.97706093189964, 12.978494623655916, 10.985663082437275, 10.98279569892473, 10.982078853046595, 10.98494623655914, 9.98709677419355, 9.988530465949822, 9.978494623655912, 9.979211469534048, 9.983512544802867, 9.98494623655914, 9.98494623655914, 9.982078853046595, 9.980645161290322, 9.985663082437275, 9.979928315412186, 9.98494623655914, 9.987096774193548, 9.98279569892473, 8.98494623655914, 7.985663082437275, 6.98853046594982, 6.98853046594982, 6.987096774193548, 6.991397849462366, 6.987813620071684, 6.992114695340502, 6.9921146953405025, 6.989964157706093, 6.98853046594982, 6.990681003584229, 6.991397849462366, 6.989964157706092, 6.989964157706092, 6.989247311827957, 6.984229390681003, 6.989964157706092, 6.989247311827958, 6.987813620071684, 6.986379928315412, 6.9863799283154115, 6.984229390681003, 6.9921146953405025, 6.992831541218639, 6.996415770609319, 6.987813620071684, 6.987813620071684, 6.989247311827956, 6.992831541218638, 6.991397849462365, 6.987813620071686, 6.98853046594982, 6.987813620071684, 6.991397849462365, 6.985663082437275, 6.987813620071684, 6.987813620071685, 6.985663082437277, 6.982078853046595, 6.984946236559139, 6.981362007168459, 6.9870967741935495, 6.987096774193548, 6.988530465949821, 6.992114695340502, 6.989247311827958, 6.989964157706094, 6.985663082437275, 6.987813620071686, 6.984946236559139, 6.98853046594982, 6.985663082437276, 6.984946236559139, 6.987096774193548, 6.989247311827958, 6.989964157706093, 6.987096774193548, 6.9863799283154115, 6.989964157706092, 6.991397849462365, 6.980645161290322, 6.986379928315412, 6.993548387096775, 6.98853046594982, 6.990681003584228, 6.989247311827958, 6.9863799283154115, 6.987096774193548, 6.987813620071684, 6.983512544802867, 6.984229390681003, 6.982078853046595, 6.982078853046595, 6.984946236559139, 6.989247311827957, 6.98494623655914, 6.986379928315412, 6.98853046594982, 6.990681003584229, 6.9921146953405025, 6.99068100358423, 6.991397849462365, 6.990681003584228, 6.990681003584228, 6.987096774193548, 6.987813620071684, 6.987813620071684, 6.9863799283154115, 6.987096774193548, 6.985663082437275, 6.984229390681003, 6.983512544802867, 6.977777777777778, 6.983512544802867, 6.987813620071684, 6.984229390681003, 6.984946236559139, 6.987096774193548, 6.983512544802867, 6.984229390681003, 6.982078853046595, 6.987096774193548, 6.987813620071684, 6.9863799283154115, 6.987813620071686, 6.986379928315413, 6.983512544802867, 6.9863799283154115, 6.9863799283154115, 6.987096774193548, 6.987096774193548, 6.99068100358423, 6.991397849462366, 6.987813620071684, 6.989964157706094, 6.9921146953405025, 6.988530465949822, 6.989247311827958, 6.989247311827958, 6.989247311827958, 6.988530465949821, 6.987096774193549, 6.987813620071684, 6.987813620071684, 6.9863799283154115, 6.987813620071685, 6.984229390681003, 6.983512544802867, 6.980645161290322, 6.981362007168459, 6.984946236559139, 6.987813620071684, 6.98853046594982, 6.991397849462366, 6.9921146953405025, 6.9921146953405025, 6.991397849462366, 6.985663082437277, 6.987813620071684, 6.9863799283154115, 6.989964157706094, 6.99068100358423, 6.990681003584228, 6.989964157706092, 6.987813620071684, 6.989247311827957, 6.985663082437275, 6.98853046594982, 6.988530465949821, 6.985663082437275, 6.987096774193548, 6.987096774193549, 6.983512544802867, 6.985663082437276, 6.987096774193548, 6.988530465949821, 6.990681003584229, 6.989247311827957, 6.988530465949821, 6.98853046594982, 6.987813620071686, 6.989247311827957, 6.9921146953405025, 6.99068100358423, 6.989247311827957, 6.987096774193549, 6.983512544802867, 6.987813620071684, 6.98494623655914, 6.98494623655914, 6.984229390681004, 6.987813620071685, 6.988530465949821, 6.984946236559139, 6.986379928315412, 6.99068100358423, 6.993548387096775, 6.991397849462365, 6.9921146953405025, 6.989964157706092, 6.9863799283154115, 6.988530465949822, 6.99068100358423, 6.987096774193548, 6.987813620071684, 6.987813620071685, 6.987096774193548, 6.9863799283154115, 6.982795698924731, 6.981362007168459, 6.983512544802867, 6.982078853046595, 6.985663082437275, 6.990681003584228, 6.98853046594982, 6.991397849462366, 6.987096774193548, 6.984229390681003, 6.984946236559139, 6.982795698924731, 6.980645161290322, 6.982078853046595, 6.981362007168459, 6.979928315412186, 6.976344086021506, 6.982078853046595, 6.981362007168459, 6.984946236559139, 6.98494623655914, 6.985663082437276, 6.982795698924731, 6.9870967741935495, 6.985663082437277, 6.985663082437277, 6.9863799283154115, 6.985663082437275, 6.983512544802867, 6.9806451612903215, 6.980645161290322, 6.982795698924731, 6.979928315412185, 6.984229390681003, 6.9806451612903215, 6.9806451612903215, 6.981362007168458, 6.979928315412185, 6.982795698924731, 6.980645161290322, 6.982078853046595, 6.982795698924731, 6.984946236559139, 6.984229390681003, 6.987813620071686, 6.988530465949822, 6.987096774193548, 6.989964157706094, 6.99068100358423, 6.98853046594982, 6.987096774193548, 6.989964157706092, 6.9863799283154115, 6.985663082437275, 6.9863799283154115, 6.98853046594982, 6.989964157706094, 6.985663082437276, 6.9870967741935495, 6.987813620071686, 6.989247311827958, 6.986379928315413, 6.9863799283154115, 6.989247311827956, 6.987813620071684, 6.987096774193548, 6.989247311827958, 6.984946236559139, 6.982795698924731, 6.982795698924731, 6.982078853046595, 6.982078853046595, 6.981362007168459, 6.982078853046595, 6.985663082437276, 6.982078853046595, 6.983512544802868, 6.989247311827956, 6.985663082437275, 6.985663082437275, 6.9863799283154115, 6.985663082437275, 6.983512544802867, 6.9870967741935495, 6.989247311827958, 6.989247311827958, 6.985663082437275, 6.985663082437275, 6.987813620071684, 6.987096774193548, 6.982078853046595, 6.9863799283154115, 6.982795698924731, 6.981362007168458, 6.981362007168458, 6.981362007168458, 6.981362007168459, 6.978494623655914, 6.984229390681003, 6.983512544802867, 6.984946236559139, 6.985663082437275, 6.986379928315412, 6.988530465949821, 6.987813620071685, 6.988530465949821, 6.987813620071685, 6.989247311827957, 6.991397849462365, 6.989964157706093, 6.987813620071685, 6.985663082437275, 6.987096774193548, 6.984946236559139, 6.9863799283154115, 6.98853046594982, 6.987813620071686, 6.99068100358423, 6.989247311827958, 6.987813620071686, 6.992831541218639, 6.989964157706094, 6.989964157706094, 6.9921146953405025, 6.987813620071684, 6.987096774193548, 6.987096774193548, 6.98853046594982, 6.9863799283154115, 6.989247311827956, 6.989247311827956, 6.987096774193548, 6.989964157706092, 6.989247311827956, 6.990681003584228, 6.990681003584228, 6.9863799283154115, 6.989247311827956, 6.991397849462366, 6.989247311827956, 6.985663082437275, 6.987813620071684, 6.985663082437275, 6.9863799283154115, 6.987813620071684, 6.9863799283154115, 6.9863799283154115, 6.98853046594982, 6.9913978494623645, 6.989247311827956, 6.98853046594982, 6.987813620071684, 6.987813620071684, 6.987096774193548, 6.985663082437275, 6.987813620071686, 6.984229390681003, 6.984229390681003, 6.984946236559139, 6.984229390681003, 6.9863799283154115, 6.984946236559139, 6.984946236559139, 6.9870967741935495, 6.983512544802867, 6.987096774193549, 6.988530465949822, 6.989247311827958, 6.9870967741935495, 6.987813620071686, 6.987096774193548, 6.988530465949822, 6.987813620071684, 6.987813620071686, 6.987813620071686, 6.986379928315413, 6.9870967741935495, 6.986379928315413, 6.983512544802867, 6.9863799283154115, 6.984946236559139, 6.985663082437275, 6.986379928315413, 6.984946236559139, 6.9863799283154115, 6.989247311827958, 6.985663082437277, 6.984946236559139, 6.984946236559139, 6.985663082437275, 6.987096774193548, 6.985663082437275, 6.984946236559139, 6.9863799283154115, 6.984229390681003, 6.983512544802867, 6.981362007168459, 6.981362007168459, 6.9863799283154115, 6.984229390681004, 6.983512544802867, 6.989247311827958, 6.987813620071684, 6.985663082437275, 6.987813620071684, 6.984946236559139, 6.987096774193548, 6.981362007168459, 6.983512544802867, 6.983512544802867, 6.982078853046595, 6.983512544802867, 6.9863799283154115, 6.988530465949822, 6.986379928315413, 6.9863799283154115, 6.985663082437275, 6.982078853046595, 6.987813620071686, 6.988530465949822, 6.98494623655914, 6.988530465949822, 6.987813620071686, 6.989247311827958, 6.988530465949822, 6.989247311827958, 6.991397849462366, 6.988530465949822, 6.988530465949822, 6.987813620071684, 6.987096774193548, 6.9870967741935495, 6.988530465949822, 6.9863799283154115, 6.985663082437275, 6.987096774193548, 6.982795698924731, 6.984946236559139, 6.987096774193548, 6.9863799283154115, 6.987813620071684, 6.982795698924731, 6.983512544802867, 6.981362007168459, 6.982795698924731, 6.982078853046595, 6.980645161290322, 6.981362007168459, 6.982795698924731, 6.983512544802867]",0.8641336206540674,0.8636498306089062,7,"[33, 33, 32, 22, 16, 15, 13, 13, 11, 11, 11, 11, 10, 10, 10, 10, 10, 10, 10, 10, 10, 10, 10, 10, 10, 10, 9, 8, 7, 7, 7, 7, 7, 7, 7, 7, 7, 7, 7, 7, 7, 7, 7, 7, 7, 7, 7, 7, 7, 7, 7, 7, 7, 7, 7, 7, 7, 7, 7, 7, 7, 7, 7, 7, 7, 7, 7, 7, 7, 7, 7, 7, 7, 7, 7, 7, 7, 7, 7, 7, 7, 7, 7, 7, 7, 7, 7, 7, 7, 7, 7, 7, 7, 7, 7, 7, 7, 7, 7, 7, 7, 7, 7, 7, 7, 7, 7, 7, 7, 7, 7, 7, 7, 7, 7, 7, 7, 7, 7, 7, 7, 7, 7, 7, 7, 7, 7, 7, 7, 7, 7, 7, 7, 7, 7, 7, 7, 7, 7, 7, 7, 7, 7, 7, 7, 7, 7, 7, 7, 7, 7, 7, 7, 7, 7, 7, 7, 7, 7, 7, 7, 7, 7, 7, 7, 7, 7, 7, 7, 7, 7, 7, 7, 7, 7, 7, 7, 7, 7, 7, 7, 7, 7, 7, 7, 7, 7, 7, 7, 7, 7, 7, 7, 7, 7, 7, 7, 7, 7, 7, 7, 7, 7, 7, 7, 7, 7, 7, 7, 7, 7, 7, 7, 7, 7, 7, 7, 7, 7, 7, 7, 7, 7, 7, 7, 7, 7, 7, 7, 7, 7, 7, 7, 7, 7, 7, 7, 7, 7, 7, 7, 7, 7, 7, 7, 7, 7, 7, 7, 7, 7, 7, 7, 7, 7, 7, 7, 7, 7, 7, 7, 7, 7, 7, 7, 7, 7, 7, 7, 7, 7, 7, 7, 7, 7, 7, 7, 7, 7, 7, 7, 7, 7, 7, 7, 7, 7, 7, 7, 7, 7, 7, 7, 7, 7, 7, 7, 7, 7, 7, 7, 7, 7, 7, 7, 7, 7, 7, 7, 7, 7, 7, 7, 7, 7, 7, 7, 7, 7, 7, 7, 7, 7, 7, 7, 7, 7, 7, 7, 7, 7, 7, 7, 7, 7, 7, 7, 7, 7, 7, 7, 7, 7, 7, 7, 7, 7, 7, 7, 7, 7, 7, 7, 7, 7, 7, 7, 7, 7, 7, 7, 7, 7, 7, 7, 7, 7, 7, 7, 7, 7, 7, 7, 7, 7, 7, 7, 7, 7, 7, 7, 7, 7, 7, 7, 7, 7, 7, 7, 7, 7, 7, 7, 7, 7, 7, 7, 7, 7, 7, 7, 7, 7, 7, 7, 7, 7, 7, 7, 7, 7, 7, 7, 7, 7, 7, 7, 7, 7, 7, 7, 7, 7, 7, 7, 7, 7, 7, 7, 7, 7, 7, 7, 7, 7, 7, 7, 7, 7, 7, 7, 7, 7, 7, 7, 7, 7, 7, 7, 7, 7, 7, 7, 7, 7, 7, 7, 7, 7, 7, 7, 7, 7, 7, 7]",465,"[0.40750014781951904, 0.39906981587409973, 0.39269307255744934, 0.3879021406173706, 0.3814118504524231, 0.3782508075237274, 0.3771745264530182, 0.37399154901504517, 0.37294670939445496, 0.37161311507225037, 0.37032943964004517, 0.3702848553657532, 0.3679283559322357, 0.36701905727386475, 0.36623653769493103, 0.3653470575809479, 0.36534762382507324, 0.3642320930957794, 0.3627989888191223, 0.362468957901001, 0.3610444962978363, 0.3602263629436493, 0.35984840989112854, 0.3586319088935852, 0.35792866349220276, 0.3576897382736206, 0.36083462834358215, 0.3568277060985565, 0.3535138964653015, 0.35273346304893494, 0.35225769877433777, 0.35201704502105713, 0.35211318731307983, 0.35104426741600037, 0.35111916065216064, 0.3503018319606781, 0.34915244579315186, 0.3502575755119324, 0.34867262840270996, 0.3477070927619934, 0.34771597385406494, 0.34685173630714417, 0.34637337923049927, 0.34633880853652954, 0.34843799471855164, 0.34498095512390137, 0.3449971079826355, 0.3448246717453003, 0.3439118266105652, 0.3433114290237427, 0.3427109122276306, 0.34233129024505615, 0.3423076868057251, 0.34749048948287964, 0.342239648103714, 0.34068042039871216, 0.3398248553276062, 0.3393968343734741, 0.3397873342037201, 0.3389473259449005, 0.3378027379512787, 0.3372623324394226, 0.3370724618434906, 0.33616068959236145, 0.3357928991317749, 0.335008442401886, 0.3341364562511444, 0.33517566323280334, 0.3329138457775116, 0.3330296277999878, 0.3320177495479584, 0.3324889838695526, 0.33094683289527893, 0.32928380370140076, 0.32910677790641785, 0.328041672706604, 0.32752907276153564, 0.3266402781009674, 0.3275756537914276, 0.3250814378261566, 0.3239939212799072, 0.3233394920825958, 0.3223873972892761, 0.3215053677558899, 0.3207175135612488, 0.32123100757598877, 0.3190026581287384, 0.31799784302711487, 0.3183298110961914, 0.31628379225730896, 0.3155355751514435, 0.3154281675815582, 0.3138067126274109, 0.3132168650627136, 0.3116949200630188, 0.31107258796691895, 0.3099454343318939, 0.31212300062179565, 0.3084794878959656, 0.30756789445877075, 0.30647504329681396, 0.3058249354362488, 0.30507948994636536, 0.3041931092739105, 0.30348944664001465, 0.30288609862327576, 0.3024643063545227, 0.30152711272239685, 0.3011690676212311, 0.3003058135509491, 0.2995476722717285, 0.29893410205841064, 0.298379123210907, 0.2978341281414032, 0.2981577217578888, 0.2967643439769745, 0.29714730381965637, 0.2956227958202362, 0.2954564392566681, 0.29459792375564575, 0.2996191382408142, 0.29407253861427307, 0.29371151328086853, 0.2931220829486847, 0.29367202520370483, 0.2919693887233734, 0.2918052673339844, 0.291123628616333, 0.2908179759979248, 0.291807621717453, 0.2897385358810425, 0.2897148132324219, 0.2893143892288208, 0.2890750765800476, 0.2885289490222931, 0.29163792729377747, 0.28782522678375244, 0.2897584140300751, 0.287398099899292, 0.28738462924957275, 0.2876051664352417, 0.28718698024749756, 0.2865309417247772, 0.28636786341667175, 0.2861858308315277, 0.28669536113739014, 0.2856169044971466, 0.28554072976112366, 0.2881278991699219, 0.2855047583580017, 0.28437525033950806, 0.28488674759864807, 0.28388917446136475, 0.28400111198425293, 0.28423330187797546, 0.2831650376319885, 0.28388985991477966, 0.2825084626674652, 0.2826208174228668, 0.28229573369026184, 0.2818859815597534, 0.2816242575645447, 0.2835315763950348, 0.2809915244579315, 0.28093478083610535, 0.2808523178100586, 0.2815198004245758, 0.2801508903503418, 0.2807820439338684, 0.27999380230903625, 0.28145426511764526, 0.2805635333061218, 0.28036749362945557, 0.27916374802589417, 0.27894672751426697, 0.27848315238952637, 0.27853530645370483, 0.2782587707042694, 0.27831026911735535, 0.27816325426101685, 0.27966541051864624, 0.2786962687969208, 0.27790939807891846, 0.2791488766670227, 0.27722957730293274, 0.27687254548072815, 0.2772919535636902, 0.276577889919281, 0.2765197157859802, 0.27656757831573486, 0.27670952677726746, 0.2761861979961395, 0.2759728729724884, 0.2758687138557434, 0.2754514813423157, 0.27559852600097656, 0.27525341510772705, 0.2755271792411804, 0.27481746673583984, 0.27480044960975647, 0.27519071102142334, 0.27432453632354736, 0.2741163671016693, 0.27399277687072754, 0.2740173935890198, 0.27465197443962097, 0.27365952730178833, 0.2735229432582855, 0.27321678400039673, 0.2736808955669403, 0.27343809604644775, 0.2729256749153137, 0.2722141146659851, 0.2719765603542328, 0.27212631702423096, 0.2720489501953125, 0.2734563946723938, 0.27312198281288147, 0.2728031277656555, 0.273258239030838, 0.2712193429470062, 0.27110251784324646, 0.27112480998039246, 0.27130642533302307, 0.27043578028678894, 0.2712699770927429, 0.2701726257801056, 0.2703058421611786, 0.26983293890953064, 0.26972511410713196, 0.2698948383331299, 0.2697308659553528, 0.2703414559364319, 0.2701362371444702, 0.2694043219089508, 0.26957935094833374, 0.2690575122833252, 0.26893341541290283, 0.26887190341949463, 0.2695017158985138, 0.26866576075553894, 0.26884472370147705, 0.26816418766975403, 0.27086547017097473, 0.26771998405456543, 0.26782870292663574, 0.26755228638648987, 0.2675046920776367, 0.2674309015274048, 0.2675064206123352, 0.26731324195861816, 0.26745447516441345, 0.26721373200416565, 0.26728934049606323, 0.26688632369041443, 0.2673151195049286, 0.2686382234096527, 0.2679464817047119, 0.26675084233283997, 0.2666561007499695, 0.266417920589447, 0.2663034498691559, 0.2670147120952606, 0.26608240604400635, 0.26611924171447754, 0.26569652557373047, 0.26597660779953003, 0.26575562357902527, 0.26564833521842957, 0.2660178542137146, 0.2656882405281067, 0.2651745676994324, 0.26521292328834534, 0.2651936411857605, 0.26682913303375244, 0.26531797647476196, 0.26535964012145996, 0.2652404308319092, 0.26480963826179504, 0.26561298966407776, 0.2647310793399811, 0.26461800932884216, 0.2653461694717407, 0.2652692198753357, 0.2644025981426239, 0.2651911973953247, 0.26686909794807434, 0.26519450545310974, 0.26442277431488037, 0.26550865173339844, 0.26451539993286133, 0.2639879882335663, 0.2639806866645813, 0.2643900215625763, 0.2640005648136139, 0.2639086842536926, 0.26389357447624207, 0.26420918107032776, 0.2635419964790344, 0.2633666694164276, 0.2633698582649231, 0.2633816599845886, 0.26324933767318726, 0.2638540267944336, 0.26388606429100037, 0.26307570934295654, 0.2668137550354004, 0.26329898834228516, 0.26572903990745544, 0.2653736472129822, 0.26321375370025635, 0.2626391053199768, 0.2628549635410309, 0.26329511404037476, 0.2627014219760895, 0.2628023624420166, 0.262719064950943, 0.2628895044326782, 0.2626502811908722, 0.2625758647918701, 0.26257458329200745, 0.2626819908618927, 0.26284781098365784, 0.2623608112335205, 0.2623406648635864, 0.2625056207180023, 0.26264116168022156, 0.26274120807647705, 0.2631911039352417, 0.2630378305912018, 0.26411402225494385, 0.2621767520904541, 0.2624104619026184, 0.261995792388916, 0.2619847357273102, 0.2631289064884186, 0.26241233944892883, 0.26207810640335083, 0.2620214521884918, 0.2623809278011322, 0.2625497579574585, 0.2617748975753784, 0.26151788234710693, 0.26161250472068787, 0.2616133987903595, 0.2650163769721985, 0.26247844099998474, 0.2619858384132385, 0.2612718641757965, 0.26155969500541687, 0.2627958059310913, 0.261923223733902, 0.2612483501434326, 0.2612151801586151, 0.2613411843776703, 0.261912077665329, 0.26206356287002563, 0.2625309228897095, 0.26152506470680237, 0.26126864552497864, 0.26128506660461426, 0.26214009523391724, 0.2615296244621277, 0.26120978593826294, 0.26111865043640137, 0.26185667514801025, 0.26077115535736084, 0.2614959478378296, 0.26100170612335205, 0.260826975107193, 0.2614515423774719, 0.26098644733428955, 0.26078346371650696, 0.2608393430709839, 0.26069003343582153, 0.26069068908691406, 0.2610083818435669, 0.261305034160614, 0.2611960470676422, 0.2610703706741333, 0.2608200013637543, 0.2608477771282196, 0.2605076730251312, 0.26032423973083496, 0.2602134943008423, 0.2604465186595917, 0.2626693546772003, 0.2610612213611603, 0.26058539748191833, 0.2607805132865906, 0.2602742910385132, 0.2611933946609497, 0.26149052381515503, 0.2607751190662384, 0.2602602243423462, 0.26135337352752686, 0.2603106200695038, 0.2605390250682831, 0.26084810495376587, 0.2602936029434204, 0.2600418031215668, 0.2598106861114502, 0.2602813243865967, 0.2599286735057831, 0.25988703966140747, 0.2614392936229706, 0.2613361179828644, 0.2597217261791229, 0.26104384660720825, 0.2597903311252594, 0.2617095410823822, 0.2597407400608063, 0.2597905695438385, 0.26141107082366943, 0.2594156265258789, 0.2595294713973999, 0.25977957248687744, 0.26062634587287903, 0.25917869806289673, 0.2594878077507019, 0.2603999972343445, 0.26008036732673645, 0.2612797021865845, 0.26028650999069214, 0.2595175802707672, 0.2595340609550476, 0.2598089277744293, 0.26023930311203003, 0.2594943344593048, 0.25930264592170715, 0.2604513466358185, 0.25924140214920044, 0.2593643367290497, 0.26072409749031067, 0.25939658284187317, 0.2593461275100708, 0.2595370411872864, 0.259194016456604, 0.26017916202545166, 0.25958675146102905, 0.2592259347438812, 0.2589336037635803, 0.2591644823551178, 0.25869452953338623, 0.25925663113594055, 0.25894302129745483, 0.26231858134269714, 0.26054415106773376, 0.25952577590942383, 0.25870439410209656, 0.25824058055877686, 0.25910094380378723, 0.2587403655052185, 0.25955498218536377, 0.2590404748916626, 0.25901278853416443, 0.2588203251361847, 0.2592262029647827, 0.2588224411010742, 0.25830408930778503, 0.2585110962390899