,number,value,datetime_start,datetime_complete,duration,params_batch_size_scaler,params_constant_learning_rate,params_depth,params_epochs,params_kernel_l2,params_num_trees,params_temperature,user_attrs_accuracy_test,user_attrs_accuracy_valid,user_attrs_approximate_feature_sparsity,user_attrs_approximate_feature_sparsity_history,user_attrs_approximate_weight_sparsity,user_attrs_approximate_weight_sparsity_history,user_attrs_auc_test,user_attrs_auc_valid,user_attrs_feature_sparsity,user_attrs_feature_sparsity_history,user_attrs_num_epochs,user_attrs_val_loss_history,user_attrs_weight_sparsity,user_attrs_weight_sparsity_history,state
55,55,0.5,2024-08-31 02:40:03.798729,2024-08-31 02:42:35.824177,0 days 00:02:32.025448,1,1.2074502139707368,2,210,0.07411122963983674,10,0.045801778658783786,0.859,0.85875,0,"[0, 0, 0, 0, 0, 0, 0, 0, 0, 0, 0, 0, 0, 0, 0, 0, 0, 0, 0, 0, 0, 0, 0, 0, 0, 0, 0, 0, 0, 0, 0, 0, 0, 0, 0, 0, 0, 0, 0, 0, 0, 0, 0, 0, 0, 0, 0, 0, 0, 0, 0, 0, 0, 0, 0, 0, 0, 0, 0, 0, 0, 0, 0, 0, 0, 0, 0, 0, 0, 0, 0, 0, 0, 0, 0, 0, 0, 0, 0, 0, 0, 0, 0, 0, 0, 0, 0, 0, 0, 0, 0, 0, 0, 0, 0, 0, 0, 0, 0, 0, 0, 0, 0, 0, 0, 0, 0, 0, 0, 0, 0, 0, 0, 0, 0, 0, 0, 0, 0, 0, 0, 0, 0, 0, 0, 0, 0, 0, 0, 0, 0, 0, 0, 0, 0, 0, 0, 0, 0, 0, 0, 0, 0, 0, 0, 0, 0, 0, 0, 0, 0, 0, 0, 0, 0, 0, 0, 0, 0, 0, 0, 0, 0, 0, 0, 0, 0, 0, 0, 0, 0, 0, 0, 0, 0, 0, 0, 0, 0, 0, 0, 0, 0, 0, 0, 0, 0, 0, 0, 0, 0, 0, 0, 0, 0, 0, 0, 0, 0, 0, 0, 0, 0, 0, 0, 0, 0, 0, 0, 0]",0.0,"[0.0, 0.0, 0.0, 0.0, 0.0, 0.0, 0.0, 0.0, 0.0, 0.0, 0.0, 0.0, 0.0, 0.0, 0.0, 0.0, 0.0, 0.0, 0.0, 0.0, 0.0, 0.0, 0.0, 0.0, 0.0, 0.0, 0.0, 0.0, 0.0, 0.0, 0.0, 0.0, 0.0, 0.0, 0.0, 0.0, 0.0, 0.0, 0.0, 0.0, 0.0, 0.0, 0.0, 0.0, 0.0, 0.0, 0.0, 0.0, 0.0, 0.0, 0.0, 0.0, 0.0, 0.0, 0.0, 0.0, 0.0, 0.0, 0.0, 0.0, 0.0, 0.0, 0.0, 0.0, 0.0, 0.0, 0.0, 0.0, 0.0, 0.0, 0.0, 0.0, 0.0, 0.0, 0.0, 0.0, 0.0, 0.0, 0.0, 0.0, 0.0, 0.0, 0.0, 0.0, 0.0, 0.0, 0.0, 0.0, 0.0, 0.0, 0.0, 0.0, 0.0, 0.0, 0.0, 0.0, 0.0, 0.0, 0.0, 0.0, 0.0, 0.0, 0.0, 0.0, 0.0, 0.0, 0.0, 0.0, 0.0, 0.0, 0.0, 0.0, 0.0, 0.0, 0.0, 0.0, 0.0, 0.0, 0.0, 0.0, 0.0, 0.0, 0.0, 0.0, 0.0, 0.0, 0.0, 0.0, 0.0, 0.0, 0.0, 0.0, 0.0, 0.0, 0.0, 0.0, 0.0, 0.0, 0.0, 0.0, 0.0, 0.0, 0.0, 0.0, 0.0, 0.0, 0.0, 0.0, 0.0, 0.0, 0.0, 0.0, 0.0, 0.0, 0.0, 0.0, 0.0, 0.0, 0.0, 0.0, 0.0, 0.0, 0.0, 0.0, 0.0, 0.0, 0.0, 0.0, 0.0, 0.0, 0.0, 0.0, 0.0, 0.0, 0.0, 0.0, 0.0, 0.0, 0.0, 0.0, 0.0, 0.0, 0.0, 0.0, 0.0, 0.0, 0.0, 0.0, 0.0, 0.0, 0.0, 0.0, 0.0, 0.0, 0.0, 0.0, 0.0, 0.0, 0.0, 0.0, 0.0, 0.0, 0.0, 0.0, 0.0, 0.0, 0.0, 0.0, 0.0, 0.0]",0.5,0.5,0,"[0, 0, 0, 0, 0, 0, 0, 0, 0, 0, 0, 0, 0, 0, 0, 0, 0, 0, 0, 0, 0, 0, 0, 0, 0, 0, 0, 0, 0, 0, 0, 0, 0, 0, 0, 0, 0, 0, 0, 0, 0, 0, 0, 0, 0, 0, 0, 0, 0, 0, 0, 0, 0, 0, 0, 0, 0, 0, 0, 0, 0, 0, 0, 0, 0, 0, 0, 0, 0, 0, 0, 0, 0, 0, 0, 0, 0, 0, 0, 0, 0, 0, 0, 0, 0, 0, 0, 0, 0, 0, 0, 0, 0, 0, 0, 0, 0, 0, 0, 0, 0, 0, 0, 0, 0, 0, 0, 0, 0, 0, 0, 0, 0, 0, 0, 0, 0, 0, 0, 0, 0, 0, 0, 0, 0, 0, 0, 0, 0, 0, 0, 0, 0, 0, 0, 0, 0, 0, 0, 0, 0, 0, 0, 0, 0, 0, 0, 0, 0, 0, 0, 0, 0, 0, 0, 0, 0, 0, 0, 0, 0, 0, 0, 0, 0, 0, 0, 0, 0, 0, 0, 0, 0, 0, 0, 0, 0, 0, 0, 0, 0, 0, 0, 0, 0, 0, 0, 0, 0, 0, 0, 0, 0, 0, 0, 0, 0, 0, 0, 0, 0, 0, 0, 0, 0, 0, 0, 0, 0, 0]",210,"[0.4472966492176056, 0.40783852338790894, 0.40743863582611084, 0.4252437651157379, 0.4294699728488922, 0.40834540128707886, 0.49767887592315674, 0.44015175104141235, 0.4211919903755188, 0.40806344151496887, 0.4693456292152405, 0.41484585404396057, 0.4129657745361328, 0.41219136118888855, 0.4745429754257202, 0.4072948396205902, 0.4118180572986603, 0.4099693298339844, 0.4438929259777069, 0.4094342887401581, 0.4454990029335022, 0.43066611886024475, 0.4103604853153229, 0.42377349734306335, 0.4417937397956848, 0.42492032051086426, 0.42788636684417725, 0.42174267768859863, 0.4075939655303955, 0.4079066216945648, 0.40799981355667114, 0.4147375226020813, 0.4400067627429962, 0.44289371371269226, 0.41115042567253113, 0.41036364436149597, 0.4434780478477478, 0.41086235642433167, 0.4350297451019287, 0.4073216915130615, 0.4167959690093994, 0.4856445789337158, 0.4095933139324188, 0.411732017993927, 0.41523513197898865, 0.4077409505844116, 0.41670775413513184, 0.4166558086872101, 0.4171893298625946, 0.417306125164032, 0.40757712721824646, 0.4350234270095825, 0.4389519989490509, 0.4167163372039795, 0.48698973655700684, 0.40738216042518616, 0.4147762358188629, 0.41028115153312683, 0.40765923261642456, 0.4075908660888672, 0.41428306698799133, 0.4073188900947571, 0.4114346206188202, 0.44387897849082947, 0.41072574257850647, 0.4213959872722626, 0.6740501523017883, 0.4439069628715515, 0.4343196153640747, 0.41225337982177734, 0.43628430366516113, 0.40822193026542664, 0.40734004974365234, 0.4412171542644501, 0.416724294424057, 0.4188207983970642, 0.41781994700431824, 0.41472119092941284, 0.4358084201812744, 0.4171232581138611, 0.42135125398635864, 0.4119766652584076, 0.4240405261516571, 0.41836410760879517, 0.4414488971233368, 0.4335264563560486, 0.41895267367362976, 0.41648629307746887, 0.4185589849948883, 0.40796321630477905, 0.40774014592170715, 0.4083788990974426, 0.4172693192958832, 0.4189481735229492, 0.4092116057872772, 0.44423142075538635, 0.4819279909133911, 0.4977586269378662, 0.4344707727432251, 0.41732585430145264, 0.46148109436035156, 0.43042275309562683, 0.44773223996162415, 0.41369521617889404, 0.4980590343475342, 0.44295939803123474, 0.4445139765739441, 0.44571158289909363, 0.4073140621185303, 0.407926470041275, 0.41170191764831543, 0.5008672475814819, 0.40761658549308777, 0.4075365960597992, 0.41080981492996216, 0.43012452125549316, 0.4136388897895813, 0.44220784306526184, 0.4206196963787079, 0.4081878364086151, 0.43401196599006653, 0.42072027921676636, 0.430044561624527, 0.41267848014831543, 0.420001745223999, 0.42147505283355713, 0.4073677957057953, 0.42413273453712463, 0.4107086658477783, 0.42998504638671875, 0.42129307985305786, 0.4422488808631897, 0.4108555316925049, 0.4081481695175171, 0.41360723972320557, 0.4210587441921234, 0.40726175904273987, 0.4077417254447937, 0.41609692573547363, 0.4091438055038452, 0.41837987303733826, 0.45605936646461487, 0.4387555718421936, 0.41697609424591064, 0.4075090289115906, 0.4115608334541321, 0.48176586627960205, 0.41423022747039795, 0.4082210659980774, 0.4341137409210205, 0.4201200604438782, 0.4096802771091461, 0.45921996235847473, 0.44335663318634033, 0.44214877486228943, 0.4072923958301544, 0.4147398769855499, 0.4079119563102722, 0.4215312898159027, 0.411891907453537, 0.41545817255973816, 0.4996918737888336, 0.44755852222442627, 0.40816909074783325, 0.4412396252155304, 0.4173612594604492, 0.41231268644332886, 0.4238471984863281, 0.41089969873428345, 0.4077151119709015, 0.407378226518631, 0.4324412941932678, 0.41720280051231384, 0.44500118494033813, 0.4083189070224762, 0.43049994111061096, 0.4614103436470032, 0.4274483919143677, 0.445711225271225, 0.4604700803756714, 0.41720524430274963, 0.4077509045600891, 0.40753230452537537, 0.4362165927886963, 0.41119274497032166, 0.4149293601512909, 0.4080761969089508, 0.41178399324417114, 0.4278804063796997, 0.5843121409416199, 0.41095778346061707, 0.43471401929855347, 0.40766116976737976, 0.42161422967910767, 0.41236913204193115, 0.42009711265563965, 0.42796021699905396, 0.419357031583786, 0.4150145351886749, 0.4098406136035919, 0.40930798649787903, 0.4355453848838806, 0.40731433033943176, 0.4128595292568207, 0.4075983762741089, 0.4165003299713135, 0.4395468533039093, 0.41131266951560974, 0.4072325527667999, 0.41477593779563904]",0.0,"[0.0, 0.0, 0.0, 0.0, 0.0, 0.0, 0.0, 0.0, 0.0, 0.0, 0.0, 0.0, 0.0, 0.0, 0.0, 0.0, 0.0, 0.0, 0.0, 0.0, 0.0, 0.0, 0.0, 0.0, 0.0, 0.0, 0.0, 0.0, 0.0, 0.0, 0.0, 0.0, 0.0, 0.0, 0.0, 0.0, 0.0, 0.0, 0.0, 0.0, 0.0, 0.0, 0.0, 0.0, 0.0, 0.0, 0.0, 0.0, 0.0, 0.0, 0.0, 0.0, 0.0, 0.0, 0.0, 0.0, 0.0, 0.0, 0.0, 0.0, 0.0, 0.0, 0.0, 0.0, 0.0, 0.0, 0.0, 0.0, 0.0, 0.0, 0.0, 0.0, 0.0, 0.0, 0.0, 0.0, 0.0, 0.0, 0.0, 0.0, 0.0, 0.0, 0.0, 0.0, 0.0, 0.0, 0.0, 0.0, 0.0, 0.0, 0.0, 0.0, 0.0, 0.0, 0.0, 0.0, 0.0, 0.0, 0.0, 0.0, 0.0, 0.0, 0.0, 0.0, 0.0, 0.0, 0.0, 0.0, 0.0, 0.0, 0.0, 0.0, 0.0, 0.0, 0.0, 0.0, 0.0, 0.0, 0.0, 0.0, 0.0, 0.0, 0.0, 0.0, 0.0, 0.0, 0.0, 0.0, 0.0, 0.0, 0.0, 0.0, 0.0, 0.0, 0.0, 0.0, 0.0, 0.0, 0.0, 0.0, 0.0, 0.0, 0.0, 0.0, 0.0, 0.0, 0.0, 0.0, 0.0, 0.0, 0.0, 0.0, 0.0, 0.0, 0.0, 0.0, 0.0, 0.0, 0.0, 0.0, 0.0, 0.0, 0.0, 0.0, 0.0, 0.0, 0.0, 0.0, 0.0, 0.0, 0.0, 0.0, 0.0, 0.0, 0.0, 0.0, 0.0, 0.0, 0.0, 0.0, 0.0, 0.0, 0.0, 0.0, 0.0, 0.0, 0.0, 0.0, 0.0, 0.0, 0.0, 0.0, 0.0, 0.0, 0.0, 0.0, 0.0, 0.0, 0.0, 0.0, 0.0, 0.0, 0.0, 0.0, 0.0, 0.0, 0.0, 0.0, 0.0, 0.0]",COMPLETE
