,number,value,datetime_start,datetime_complete,duration,params_batch_size_scaler,params_constant_learning_rate,params_depth,params_epochs,params_kernel_l2,params_num_trees,params_temperature,user_attrs_accuracy_test,user_attrs_accuracy_valid,user_attrs_approximate_feature_sparsity,user_attrs_approximate_feature_sparsity_history,user_attrs_approximate_weight_sparsity,user_attrs_approximate_weight_sparsity_history,user_attrs_auc_test,user_attrs_auc_valid,user_attrs_feature_sparsity,user_attrs_feature_sparsity_history,user_attrs_num_epochs,user_attrs_val_loss_history,user_attrs_weight_sparsity,user_attrs_weight_sparsity_history,state
118,118,0.9060684520359136,2024-08-31 05:06:17.315949,2024-08-31 05:10:11.476254,0 days 00:03:54.160305,4,0.03953418769104347,5,325,0.6080348890279192,37,0.03986417135579929,0.913,0.90125,33,"[33, 33, 33, 33, 33, 33, 33, 33, 33, 33, 33, 33, 33, 33, 33, 33, 33, 33, 33, 33, 33, 33, 33, 33, 33, 33, 33, 33, 33, 33, 33, 33, 33, 33, 33, 33, 33, 33, 33, 33, 33, 33, 33, 33, 33, 33, 33, 33, 33, 33, 33, 33, 33, 33, 33, 33, 33, 33, 33, 33, 33, 33, 33, 33, 33, 33, 33, 33, 33, 33, 33, 33, 33, 33, 33, 33, 33, 33, 33, 33, 33, 33, 33, 33, 33, 33, 33, 33, 33, 33, 33, 33, 33, 33, 33, 33, 33, 33, 33, 33, 33, 33, 33, 33, 33, 33, 33, 33, 33, 33, 33, 33, 33, 33, 33, 33, 33, 33, 33, 33, 33, 33, 33, 33, 33, 33, 33, 33, 33, 33, 33, 33, 33, 33, 33, 33, 33, 33, 33, 33, 33, 33, 33, 33, 33, 33, 33, 33, 33, 33, 33, 33, 33, 33, 33, 33, 33, 33, 33, 33, 33, 33, 33, 33, 33, 33, 33, 33, 33, 33, 33, 33, 33, 33, 33, 33, 33, 33, 33, 33, 33, 33, 33, 33, 33, 33, 33, 33, 33, 33, 33, 33, 33, 33, 33, 33, 33, 33, 33, 33, 33, 33, 33, 33, 33, 33, 33, 33, 33, 33, 33, 33, 33, 33, 33, 33, 33, 33, 33, 33, 33, 33, 33, 33, 33, 33, 33, 33, 33, 33, 33, 33, 33, 33, 33, 33, 33, 33, 33, 33, 33, 33, 33, 33, 33, 33, 33, 33, 33, 33, 33, 33, 33, 33, 33, 33, 33, 33, 33, 33, 33, 33, 33, 33, 33, 33, 33, 33, 33, 33, 33, 33, 33, 33, 33, 33, 33, 33, 33, 33, 33, 33, 33, 33, 33, 33, 33, 33, 33, 33, 33, 33, 33, 33, 33, 33, 33, 33, 33, 33, 33, 33, 33, 33, 33, 33, 33, 33, 33, 33, 33, 33, 33, 33, 33, 33, 33, 33, 33, 33, 33, 33, 33, 33, 33]",32.917175239755885,"[32.958151700087186, 32.96774193548387, 32.965126416739324, 32.96338273757629, 32.95727986050567, 32.96338273757628, 32.96599825632084, 32.95204882301656, 32.958151700087186, 32.95989537925022, 32.94943330427201, 32.9642545771578, 32.965126416739324, 32.961639058413255, 32.95989537925022, 32.958151700087186, 32.961639058413255, 32.95466434176112, 32.95727986050567, 32.94943330427201, 32.94071490845684, 32.945945945945944, 32.95553618134263, 32.96251089799477, 32.95466434176112, 32.94507410636443, 32.94507410636443, 32.946817785527465, 32.944202266782916, 32.94768962510898, 32.953792502179596, 32.950305143853534, 32.95117698343505, 32.953792502179596, 32.95204882301656, 32.95640802092415, 32.961639058413255, 32.96163905841325, 32.95204882301657, 32.95553618134264, 32.95989537925022, 32.961639058413255, 32.96251089799477, 32.957279860505665, 32.9537925021796, 32.95466434176112, 32.95292066259808, 32.95553618134264, 32.94943330427202, 32.94768962510898, 32.953792502179596, 32.95466434176112, 32.961639058413255, 32.950305143853534, 32.95117698343505, 32.9537925021796, 32.94507410636443, 32.950305143853534, 32.9537925021796, 32.95292066259808, 32.95117698343505, 32.95640802092415, 32.950305143853534, 32.94420226678291, 32.94768962510898, 32.94768962510898, 32.94420226678291, 32.943330427201396, 32.946817785527465, 32.950305143853534, 32.946817785527465, 32.95292066259808, 32.958151700087186, 32.94768962510898, 32.9537925021796, 32.95117698343505, 32.95466434176112, 32.950305143853534, 32.94245858761988, 32.94507410636443, 32.943330427201396, 32.94507410636443, 32.95727986050567, 32.95117698343505, 32.95466434176112, 32.95117698343505, 32.9537925021796, 32.95117698343505, 32.95204882301657, 32.95553618134264, 32.95204882301657, 32.95292066259808, 32.94943330427201, 32.944202266782916, 32.9485614646905, 32.9485614646905, 32.946817785527465, 32.93984306887533, 32.943330427201396, 32.932868352223196, 32.943330427201396, 32.943330427201396, 32.946817785527465, 32.94594594594595, 32.93897122929381, 32.945945945945944, 32.946817785527465, 32.95204882301657, 32.94507410636443, 32.93635571054926, 32.931996512641675, 32.93897122929381, 32.94158674803836, 32.935483870967744, 32.93722755013078, 32.94768962510898, 32.93897122929381, 32.943330427201396, 32.942458587619875, 32.93722755013078, 32.94245858761988, 32.946817785527465, 32.945945945945944, 32.95292066259808, 32.95640802092415, 32.9537925021796, 32.94507410636443, 32.9485614646905, 32.93809938971229, 32.93286835222319, 32.93635571054926, 32.931996512641675, 32.945945945945944, 32.9485614646905, 32.95466434176112, 32.95466434176112, 32.943330427201396, 32.95640802092415, 32.944202266782916, 32.94943330427201, 32.94594594594595, 32.95117698343505, 32.95204882301656, 32.953792502179596, 32.9485614646905, 32.946817785527465, 32.95553618134263, 32.93809938971229, 32.935483870967744, 32.943330427201396, 32.944202266782916, 32.93984306887533, 32.93897122929381, 32.94158674803836, 32.93374019180471, 32.944202266782916, 32.945945945945944, 32.94245858761988, 32.93635571054926, 32.93461203138622, 32.94507410636443, 32.9485614646905, 32.94943330427201, 32.94681778552746, 32.94071490845685, 32.93461203138622, 32.93461203138622, 32.94158674803836, 32.943330427201396, 32.946817785527465, 32.9485614646905, 32.94681778552746, 32.93461203138622, 32.94158674803836, 32.93722755013078, 32.92676547515257, 32.92502179598954, 32.932868352223196, 32.93722755013078, 32.93809938971229, 32.94071490845685, 32.93809938971229, 32.935483870967744, 32.93025283347864, 32.927637314734085, 32.92763731473409, 32.92763731473409, 32.928509154315606, 32.93025283347864, 32.932868352223196, 32.931996512641675, 32.935483870967744, 32.931996512641675, 32.92938099389712, 32.93112467306016, 32.92938099389713, 32.93809938971229, 32.945945945945944, 32.931124673060154, 32.93374019180471, 32.92589363557106, 32.92414995640802, 32.92414995640802, 32.92763731473409, 32.931996512641675, 32.931996512641675, 32.92938099389712, 32.931124673060154, 32.928509154315606, 32.92676547515257, 32.931996512641675, 32.93809938971229, 32.93984306887533, 32.935483870967744, 32.93809938971229, 32.935483870967744, 32.93984306887533, 32.945945945945944, 32.93897122929381, 32.94333042720139, 32.94333042720139, 32.94420226678291, 32.942458587619875, 32.94420226678291, 32.942458587619875, 32.94245858761988, 32.94681778552746, 32.93809938971229, 32.93809938971229, 32.92589363557106, 32.92676547515257, 32.931996512641675, 32.93025283347864, 32.92938099389713, 32.92938099389713, 32.931996512641675, 32.92589363557105, 32.928509154315606, 32.927637314734085, 32.924149956408016, 32.92414995640802, 32.92414995640802, 32.92502179598954, 32.932868352223196, 32.93635571054926, 32.93635571054926, 32.93635571054926, 32.94071490845685, 32.94071490845685, 32.93984306887533, 32.93635571054926, 32.943330427201396, 32.93809938971229, 32.93722755013078, 32.93635571054926, 32.931996512641675, 32.92414995640802, 32.92414995640802, 32.92589363557106, 32.92676547515257, 32.92676547515257, 32.92414995640802, 32.92938099389712, 32.92414995640802, 32.92676547515257, 32.928509154315606, 32.928509154315606, 32.92938099389713, 32.93374019180471, 32.92502179598954, 32.91979075850043, 32.92240627724499, 32.92502179598954, 32.92676547515257, 32.92502179598954, 32.924149956408016, 32.92502179598954, 32.92589363557106, 32.93025283347864, 32.927637314734085, 32.932868352223196, 32.92938099389713, 32.92414995640802, 32.92414995640802, 32.92763731473409, 32.92414995640802, 32.917175239755885, 32.91194420226678, 32.90932868352223, 32.91107236268527, 32.91107236268527, 32.9128160418483, 32.91630340017437, 32.91891891891892, 32.91979075850044, 32.918047079337406, 32.92153443766347, 32.928509154315606, 32.93286835222319, 32.92589363557105, 32.92153443766347, 32.921534437663475, 32.920662598081954, 32.920662598081954, 32.91979075850044, 32.91194420226678, 32.913687881429816, 32.913687881429816, 32.91194420226678, 32.92240627724499, 32.92153443766347, 32.92153443766347, 32.91543156059285, 32.920662598081954, 32.91891891891892, 32.917175239755885, 32.90845684394071, 32.91455972101134, 32.906713164777685, 32.91107236268527, 32.90932868352223, 32.9128160418483, 32.917175239755885, 32.92153443766347, 32.917175239755885]",0.8890347509474152,0.9060684520359136,33,"[33, 33, 33, 33, 33, 33, 33, 33, 33, 33, 33, 33, 33, 33, 33, 33, 33, 33, 33, 33, 33, 33, 33, 33, 33, 33, 33, 33, 33, 33, 33, 33, 33, 33, 33, 33, 33, 33, 33, 33, 33, 33, 33, 33, 33, 33, 33, 33, 33, 33, 33, 33, 33, 33, 33, 33, 33, 33, 33, 33, 33, 33, 33, 33, 33, 33, 33, 33, 33, 33, 33, 33, 33, 33, 33, 33, 33, 33, 33, 33, 33, 33, 33, 33, 33, 33, 33, 33, 33, 33, 33, 33, 33, 33, 33, 33, 33, 33, 33, 33, 33, 33, 33, 33, 33, 33, 33, 33, 33, 33, 33, 33, 33, 33, 33, 33, 33, 33, 33, 33, 33, 33, 33, 33, 33, 33, 33, 33, 33, 33, 33, 33, 33, 33, 33, 33, 33, 33, 33, 33, 33, 33, 33, 33, 33, 33, 33, 33, 33, 33, 33, 33, 33, 33, 33, 33, 33, 33, 33, 33, 33, 33, 33, 33, 33, 33, 33, 33, 33, 33, 33, 33, 33, 33, 33, 33, 33, 33, 33, 33, 33, 33, 33, 33, 33, 33, 33, 33, 33, 33, 33, 33, 33, 33, 33, 33, 33, 33, 33, 33, 33, 33, 33, 33, 33, 33, 33, 33, 33, 33, 33, 33, 33, 33, 33, 33, 33, 33, 33, 33, 33, 33, 33, 33, 33, 33, 33, 33, 33, 33, 33, 33, 33, 33, 33, 33, 33, 33, 33, 33, 33, 33, 33, 33, 33, 33, 33, 33, 33, 33, 33, 33, 33, 33, 33, 33, 33, 33, 33, 33, 33, 33, 33, 33, 33, 33, 33, 33, 33, 33, 33, 33, 33, 33, 33, 33, 33, 33, 33, 33, 33, 33, 33, 33, 33, 33, 33, 33, 33, 33, 33, 33, 33, 33, 33, 33, 33, 33, 33, 33, 33, 33, 33, 33, 33, 33, 33, 33, 33, 33, 33, 33, 33, 33, 33, 33, 33, 33, 33, 33, 33, 33, 33, 33, 33]",325,"[0.4691431522369385, 0.43789342045783997, 0.429270476102829, 0.4247538447380066, 0.42167189717292786, 0.4191220998764038, 0.41691190004348755, 0.41495734453201294, 0.4131701588630676, 0.41154301166534424, 0.4100314676761627, 0.4087331295013428, 0.4074927866458893, 0.4063588082790375, 0.4053000211715698, 0.40428340435028076, 0.403318852186203, 0.40245524048805237, 0.4015977084636688, 0.4007735550403595, 0.40002650022506714, 0.39928168058395386, 0.39859047532081604, 0.39785900712013245, 0.39718854427337646, 0.39653122425079346, 0.39589592814445496, 0.3952350914478302, 0.39460471272468567, 0.39402711391448975, 0.3934115469455719, 0.3928165137767792, 0.39227157831192017, 0.3916531801223755, 0.39110222458839417, 0.3905428946018219, 0.38998496532440186, 0.3893592953681946, 0.3887603282928467, 0.3882141411304474, 0.3876640796661377, 0.3871113657951355, 0.38657239079475403, 0.38602665066719055, 0.3855108916759491, 0.38494881987571716, 0.3844352662563324, 0.3838579058647156, 0.38332974910736084, 0.3828178644180298, 0.38230183720588684, 0.38178175687789917, 0.3812147080898285, 0.38073524832725525, 0.3802032172679901, 0.3796800374984741, 0.37914374470710754, 0.3786204159259796, 0.3780566453933716, 0.3775542378425598, 0.3770422041416168, 0.37653419375419617, 0.37600767612457275, 0.3755064010620117, 0.3749817907810211, 0.37441855669021606, 0.3738787770271301, 0.3733258545398712, 0.37282970547676086, 0.37230682373046875, 0.3718308210372925, 0.37129947543144226, 0.37074142694473267, 0.3702433407306671, 0.36970531940460205, 0.36918875575065613, 0.3686608076095581, 0.36813002824783325, 0.3676147758960724, 0.36714550852775574, 0.3666195571422577, 0.3660772442817688, 0.36555394530296326, 0.3650432229042053, 0.364482581615448, 0.3639037013053894, 0.3633589446544647, 0.36280357837677, 0.36234667897224426, 0.3617740273475647, 0.36124151945114136, 0.3607383966445923, 0.360172837972641, 0.359674334526062, 0.3591269254684448, 0.3586008548736572, 0.3581013083457947, 0.3575332760810852, 0.3570129871368408, 0.3564835786819458, 0.35589146614074707, 0.3553743362426758, 0.35482123494148254, 0.3542711138725281, 0.35371217131614685, 0.3531462550163269, 0.3526013493537903, 0.35202518105506897, 0.3514694273471832, 0.3508690595626831, 0.350310742855072, 0.34976136684417725, 0.3491659462451935, 0.34862861037254333, 0.3481062948703766, 0.3474256098270416, 0.3468504250049591, 0.3462866246700287, 0.34567371010780334, 0.345137357711792, 0.3445010781288147, 0.3439198434352875, 0.34337249398231506, 0.34278279542922974, 0.34227633476257324, 0.3416723906993866, 0.34104809165000916, 0.3404625952243805, 0.339875191450119, 0.33930033445358276, 0.33875858783721924, 0.3381352722644806, 0.33752042055130005, 0.33689358830451965, 0.33625972270965576, 0.33558884263038635, 0.3349788784980774, 0.33443188667297363, 0.3338162302970886, 0.3332360088825226, 0.33260318636894226, 0.33199435472488403, 0.3313697576522827, 0.3307548463344574, 0.3301594853401184, 0.32956433296203613, 0.3289841115474701, 0.3283941149711609, 0.32777631282806396, 0.32719656825065613, 0.32656678557395935, 0.32595840096473694, 0.3253765106201172, 0.3247736692428589, 0.32413792610168457, 0.32356971502304077, 0.3229946196079254, 0.32237908244132996, 0.3218552768230438, 0.3213116526603699, 0.3207060694694519, 0.3201633393764496, 0.319608598947525, 0.3189958333969116, 0.31839048862457275, 0.3177866041660309, 0.3172779381275177, 0.31677985191345215, 0.316183477640152, 0.3156531751155853, 0.31510984897613525, 0.3145599067211151, 0.3140629827976227, 0.3135639727115631, 0.3130325376987457, 0.3125324845314026, 0.3119829297065735, 0.31151190400123596, 0.3110038638114929, 0.31046047806739807, 0.3099975883960724, 0.30947864055633545, 0.3089964985847473, 0.3084704279899597, 0.30796629190444946, 0.3074895143508911, 0.30701565742492676, 0.30655547976493835, 0.30611053109169006, 0.30566033720970154, 0.3052118420600891, 0.30480843782424927, 0.3043251931667328, 0.30388733744621277, 0.30345040559768677, 0.30304011702537537, 0.30259326100349426, 0.30212247371673584, 0.30177581310272217, 0.30128413438796997, 0.3008500635623932, 0.30047619342803955, 0.3000725209712982, 0.2996741533279419, 0.2992474436759949, 0.2989062964916229, 0.29845279455184937, 0.29809021949768066, 0.2977328598499298, 0.29732993245124817, 0.2969647943973541, 0.29657426476478577, 0.29620692133903503, 0.29588326811790466, 0.29556700587272644, 0.29519200325012207, 0.2947849631309509, 0.2944353520870209, 0.29403945803642273, 0.2936494052410126, 0.29331353306770325, 0.29299747943878174, 0.2926693856716156, 0.2923680543899536, 0.2920438051223755, 0.29172343015670776, 0.2913798391819, 0.29107043147087097, 0.29070740938186646, 0.29038938879966736, 0.2900587022304535, 0.2897951602935791, 0.2894628643989563, 0.28914257884025574, 0.28879523277282715, 0.28845927119255066, 0.28815409541130066, 0.28785741329193115, 0.28754106163978577, 0.28723376989364624, 0.2869320213794708, 0.2865831255912781, 0.28633755445480347, 0.2860293984413147, 0.2857484519481659, 0.2854688763618469, 0.2851393222808838, 0.2848896086215973, 0.28460556268692017, 0.2843414545059204, 0.284027099609375, 0.28373658657073975, 0.2834703326225281, 0.28320157527923584, 0.2828860282897949, 0.28261324763298035, 0.2823657691478729, 0.28206124901771545, 0.28176045417785645, 0.28148919343948364, 0.281162828207016, 0.2809279263019562, 0.2806937098503113, 0.2803844213485718, 0.2801486849784851, 0.2798757553100586, 0.2796470522880554, 0.2794066369533539, 0.2792200446128845, 0.27894315123558044, 0.27867478132247925, 0.27839070558547974, 0.27816614508628845, 0.27791836857795715, 0.27771878242492676, 0.27743110060691833, 0.2771557867527008, 0.2768491804599762, 0.2765916585922241, 0.2763647735118866, 0.2761310338973999, 0.275870680809021, 0.2756594121456146, 0.2753842771053314, 0.27517426013946533, 0.2749095857143402, 0.27466580271720886, 0.27444151043891907, 0.2742270231246948, 0.27393773198127747, 0.2737092673778534, 0.2735627293586731, 0.27330923080444336, 0.27302876114845276, 0.27277252078056335, 0.27259862422943115, 0.27243471145629883, 0.27217522263526917, 0.2719479501247406, 0.27168476581573486, 0.2714569568634033, 0.27124449610710144, 0.27101603150367737, 0.27082037925720215, 0.27066561579704285, 0.27034562826156616, 0.27017223834991455, 0.2699102461338043, 0.2697904407978058, 0.26960524916648865, 0.2693258225917816, 0.269075483083725, 0.2687641382217407, 0.2685958445072174, 0.2684340178966522, 0.2682294547557831, 0.2679675817489624, 0.26773127913475037, 0.2675575613975525, 0.2673341631889343, 0.26709872484207153, 0.2670701742172241, 0.26673266291618347, 0.26653045415878296, 0.2663218379020691]",33.0,"[33.0, 33.0, 33.0, 33.0, 33.0, 33.0, 33.0, 33.0, 33.0, 33.0, 33.0, 33.0, 33.0, 33.0, 33.0, 33.0, 33.0, 33.0, 33.0, 33.0, 33.0, 33.0, 33.0, 33.0, 33.0, 33.0, 33.0, 33.0, 33.0, 33.0, 33.0, 33.0, 33.0, 33.0, 33.0, 33.0, 33.0, 33.0, 33.0, 33.0, 33.0, 33.0, 33.0, 33.0, 33.0, 33.0, 33.0, 33.0, 33.0, 33.0, 33.0, 33.0, 33.0, 33.0, 33.0, 33.0, 33.0, 33.0, 33.0, 33.0, 33.0, 33.0, 33.0, 33.0, 33.0, 33.0, 33.0, 33.0, 33.0, 33.0, 33.0, 33.0, 33.0, 33.0, 33.0, 33.0, 33.0, 33.0, 33.0, 33.0, 33.0, 33.0, 33.0, 33.0, 33.0, 33.0, 33.0, 33.0, 33.0, 33.0, 33.0, 33.0, 33.0, 33.0, 33.0, 33.0, 33.0, 33.0, 33.0, 33.0, 33.0, 33.0, 33.0, 33.0, 33.0, 33.0, 33.0, 33.0, 33.0, 33.0, 33.0, 33.0, 33.0, 33.0, 33.0, 33.0, 33.0, 33.0, 33.0, 33.0, 33.0, 33.0, 33.0, 33.0, 33.0, 33.0, 33.0, 33.0, 33.0, 33.0, 33.0, 33.0, 33.0, 33.0, 33.0, 33.0, 33.0, 33.0, 33.0, 33.0, 33.0, 33.0, 33.0, 33.0, 33.0, 33.0, 33.0, 33.0, 33.0, 33.0, 33.0, 33.0, 33.0, 33.0, 33.0, 33.0, 33.0, 33.0, 33.0, 33.0, 33.0, 33.0, 33.0, 33.0, 33.0, 33.0, 33.0, 33.0, 33.0, 33.0, 33.0, 33.0, 33.0, 33.0, 33.0, 33.0, 33.0, 33.0, 33.0, 33.0, 33.0, 33.0, 33.0, 33.0, 33.0, 33.0, 33.0, 33.0, 33.0, 33.0, 33.0, 33.0, 33.0, 33.0, 33.0, 33.0, 33.0, 33.0, 33.0, 33.0, 33.0, 33.0, 33.0, 33.0, 33.0, 33.0, 33.0, 33.0, 33.0, 33.0, 33.0, 33.0, 33.0, 33.0, 33.0, 33.0, 33.0, 33.0, 33.0, 33.0, 33.0, 33.0, 33.0, 33.0, 33.0, 33.0, 33.0, 33.0, 33.0, 33.0, 33.0, 33.0, 33.0, 33.0, 33.0, 33.0, 33.0, 33.0, 33.0, 33.0, 33.0, 33.0, 33.0, 33.0, 33.0, 33.0, 33.0, 33.0, 33.0, 33.0, 33.0, 33.0, 33.0, 33.0, 33.0, 33.0, 33.0, 33.0, 33.0, 33.0, 33.0, 33.0, 33.0, 33.0, 33.0, 33.0, 33.0, 33.0, 33.0, 33.0, 33.0, 33.0, 33.0, 33.0, 33.0, 33.0, 33.0, 33.0, 33.0, 33.0, 33.0, 33.0, 33.0, 33.0, 33.0, 33.0, 33.0, 33.0, 33.0, 33.0, 33.0, 33.0, 33.0, 33.0, 33.0, 33.0, 33.0, 33.0, 33.0, 33.0, 33.0, 33.0, 33.0, 33.0, 33.0, 33.0, 33.0, 33.0, 33.0, 33.0, 33.0, 33.0, 33.0, 33.0, 33.0, 33.0, 33.0, 33.0, 33.0, 33.0, 33.0, 33.0, 33.0, 33.0, 33.0]",COMPLETE
