,number,value,datetime_start,datetime_complete,duration,params_batch_size_scaler,params_constant_learning_rate,params_depth,params_epochs,params_kernel_l2,params_num_trees,params_temperature,user_attrs_accuracy_test,user_attrs_accuracy_valid,user_attrs_approximate_feature_sparsity,user_attrs_approximate_feature_sparsity_history,user_attrs_approximate_weight_sparsity,user_attrs_approximate_weight_sparsity_history,user_attrs_auc_test,user_attrs_auc_valid,user_attrs_feature_sparsity,user_attrs_feature_sparsity_history,user_attrs_num_epochs,user_attrs_val_loss_history,user_attrs_weight_sparsity,user_attrs_weight_sparsity_history,state
37,37,0.8852520256083266,2024-08-31 02:13:05.798729,2024-08-31 02:15:23.214197,0 days 00:02:17.415468,16,0.052488096129387526,5,480,0.02368189666626909,17,0.0059286047272817,0.903,0.895,33,"[33, 33, 33, 33, 33, 33, 33, 33, 33, 33, 33, 33, 33, 33, 33, 33, 33, 33, 33, 33, 33, 33, 33, 33, 33, 33, 33, 33, 33, 33, 33, 33, 33, 33, 33, 33, 33, 33, 33, 33, 33, 33, 33, 33, 33, 33, 33, 33, 33, 33, 33, 33, 33, 33, 33, 33, 33, 33, 33, 33, 33, 33, 33, 33, 33, 33, 33, 33, 33, 33, 33, 33, 33, 33, 33, 33, 33, 33, 33, 33, 33, 33, 33, 33, 33, 33, 33, 33, 33, 33, 33, 33, 33, 33, 33, 33, 33, 33, 33, 33, 33, 33, 33, 33, 33, 33, 33, 33, 33, 33, 33, 33, 33, 33, 33, 33, 33, 33, 33, 33, 33, 33, 33, 33, 33, 33, 33, 33, 33, 33, 33, 33, 33, 33, 33, 33, 33, 33, 33, 33, 33, 33, 33, 33, 33, 33, 33, 33, 33, 33, 33, 33, 33, 33, 33, 33, 33, 33, 33, 33, 33, 33, 33, 33, 33, 33, 33, 33, 33, 33, 33, 33, 33, 33, 33, 33, 33, 33, 33, 33, 33, 33, 33, 33, 33, 33, 33, 33, 33, 33, 33, 33, 33, 33, 33, 33, 33, 33, 33, 33, 33, 33, 33, 33, 33, 33, 33, 33, 33, 33, 33, 33, 33, 33, 33, 33, 33, 33, 33, 33, 33, 33, 33, 33, 33, 33, 33, 33, 33, 33, 33, 33, 33, 33, 33, 33, 33, 33, 33, 33, 33, 33, 33, 33, 33, 33, 33, 33, 33, 33, 33, 33, 33, 33, 33, 33, 33, 33, 33, 33, 33, 33, 33, 33, 33, 33, 33, 33, 33, 33, 33, 33, 33, 33, 33, 33, 33, 33, 33, 33, 33, 33, 33, 33, 33, 33, 33, 33, 33, 33, 33, 33, 33, 33, 33, 33, 33, 33, 33, 33, 33, 33, 33, 33, 33, 33, 33, 33, 33, 33, 33, 33, 33, 33, 33, 33, 33, 33, 33, 33, 33, 33, 33, 33, 33, 33, 33, 33, 33, 33, 33, 33, 33, 33, 33, 33, 33, 33, 33, 33, 33, 33, 33, 33, 33, 33, 33, 33, 33, 33, 33, 33, 33, 33, 33, 33, 33, 33, 33, 33, 33, 33, 33, 33, 33, 33, 33, 33, 33, 33, 33, 33, 33, 33, 33, 33, 33, 33, 33, 33, 33, 33, 33, 33, 33, 33, 33, 33, 33, 33, 33, 33, 33, 33, 33, 33, 33, 33, 33, 33, 33, 33, 33, 33, 33, 33, 33, 33, 33, 33, 33, 33, 33, 33, 33, 33, 33, 33, 33, 33, 33, 33, 33, 33, 33, 33, 33, 33, 33, 33, 33, 33, 33, 33, 33, 33, 33, 33, 33, 33, 33, 33, 33, 33, 33, 33, 33, 33, 33, 33, 33, 33, 33, 33, 33, 33, 33, 33, 33, 33, 33, 33, 33, 33, 33, 33, 33, 33, 33, 33, 33, 33, 33, 33, 33, 33, 33, 33, 33, 33]",32.96015180265655,"[32.95066413662239, 32.96774193548387, 32.9696394686907, 32.97343453510436, 32.96584440227704, 32.96774193548387, 32.95825426944971, 32.96015180265655, 32.96774193548387, 32.9696394686907, 32.96204933586338, 32.95066413662239, 32.95256166982922, 32.96204933586338, 32.95825426944972, 32.96584440227704, 32.97153700189753, 32.963946869070206, 32.96204933586338, 32.95635673624288, 32.96015180265655, 32.96204933586338, 32.97153700189753, 32.96584440227704, 32.96774193548387, 32.963946869070206, 32.963946869070206, 32.96584440227704, 32.9696394686907, 32.97153700189753, 32.97153700189753, 32.96774193548387, 32.96774193548387, 32.95825426944972, 32.96774193548387, 32.97343453510436, 32.96204933586338, 32.96204933586338, 32.977229601518026, 32.97343453510436, 32.9753320683112, 32.97343453510437, 32.9696394686907, 32.97153700189753, 32.9753320683112, 32.979127134724855, 32.9696394686907, 32.9753320683112, 32.977229601518026, 32.9696394686907, 32.979127134724855, 32.96774193548387, 32.96774193548387, 32.96584440227704, 32.96204933586338, 32.965844402277035, 32.98102466793169, 32.977229601518026, 32.979127134724855, 32.96774193548387, 32.96774193548387, 32.97153700189754, 32.97343453510437, 32.979127134724855, 32.98102466793169, 32.98102466793169, 32.97153700189753, 32.9753320683112, 32.97343453510437, 32.97153700189753, 32.97343453510436, 32.977229601518026, 32.96204933586338, 32.9696394686907, 32.96584440227704, 32.963946869070206, 32.96204933586338, 32.96204933586338, 32.963946869070206, 32.963946869070206, 32.963946869070206, 32.96015180265655, 32.963946869070206, 32.9696394686907, 32.96204933586338, 32.9696394686907, 32.96774193548387, 32.97343453510436, 32.97343453510436, 32.96774193548387, 32.96774193548387, 32.96774193548387, 32.96774193548387, 32.97153700189753, 32.96584440227704, 32.96774193548387, 32.96204933586338, 32.96584440227704, 32.96015180265655, 32.95635673624289, 32.95825426944972, 32.96774193548387, 32.963946869070206, 32.96204933586338, 32.963946869070206, 32.963946869070206, 32.96204933586338, 32.95825426944972, 32.96204933586338, 32.96584440227704, 32.96584440227704, 32.96774193548387, 32.96204933586338, 32.95825426944972, 32.96584440227704, 32.96774193548387, 32.9696394686907, 32.96584440227704, 32.97153700189753, 32.96774193548387, 32.963946869070206, 32.96204933586338, 32.96584440227704, 32.97153700189753, 32.97343453510437, 32.9696394686907, 32.97153700189754, 32.96584440227704, 32.95635673624289, 32.96584440227704, 32.96015180265655, 32.96774193548387, 32.9696394686907, 32.9753320683112, 32.9696394686907, 32.96584440227704, 32.96584440227704, 32.96584440227704, 32.96204933586338, 32.96204933586338, 32.963946869070206, 32.96204933586338, 32.963946869070206, 32.96204933586338, 32.96204933586338, 32.96015180265655, 32.96015180265655, 32.95635673624288, 32.95445920303605, 32.95066413662239, 32.96015180265655, 32.9696394686907, 32.95825426944972, 32.95825426944972, 32.95825426944972, 32.96204933586338, 32.96015180265655, 32.95445920303605, 32.963946869070206, 32.96204933586338, 32.963946869070206, 32.96774193548387, 32.96584440227704, 32.95066413662239, 32.95256166982922, 32.95256166982922, 32.95066413662239, 32.95445920303605, 32.95825426944972, 32.95445920303605, 32.94876660341556, 32.94876660341556, 32.94307400379507, 32.94686907020873, 32.95445920303605, 32.95445920303605, 32.95635673624288, 32.94876660341556, 32.95066413662239, 32.9392789373814, 32.94876660341556, 32.95066413662239, 32.95825426944972, 32.96015180265655, 32.96204933586338, 32.95635673624288, 32.96204933586338, 32.96204933586338, 32.9753320683112, 32.97153700189753, 32.97153700189753, 32.96584440227704, 32.963946869070206, 32.96584440227704, 32.96584440227704, 32.96774193548387, 32.96774193548387, 32.963946869070206, 32.963946869070206, 32.96204933586338, 32.96015180265655, 32.96015180265655, 32.95635673624288, 32.96015180265655, 32.96204933586338, 32.96204933586338, 32.96204933586338, 32.963946869070206, 32.96204933586338, 32.96584440227704, 32.963946869070206, 32.963946869070206, 32.96015180265655, 32.95825426944972, 32.96204933586338, 32.96774193548387, 32.97153700189753, 32.9753320683112, 32.96584440227704, 32.96774193548387, 32.96774193548387, 32.96584440227704, 32.96204933586338, 32.963946869070206, 32.963946869070206, 32.963946869070206, 32.95825426944971, 32.96015180265655, 32.95825426944971, 32.96015180265655, 32.95635673624288, 32.95066413662239, 32.95256166982922, 32.96015180265655, 32.96584440227704, 32.96584440227704, 32.963946869070206, 32.95256166982922, 32.96015180265655, 32.96204933586338, 32.95825426944972, 32.96015180265655, 32.95256166982922, 32.95445920303605, 32.95256166982922, 32.95256166982922, 32.95825426944971, 32.95825426944971, 32.963946869070206, 32.963946869070206, 32.96584440227704, 32.96584440227704, 32.95825426944971, 32.95445920303605, 32.95635673624288, 32.95825426944971, 32.95825426944971, 32.95445920303605, 32.95256166982922, 32.95825426944972, 32.95825426944972, 32.96204933586338, 32.95635673624288, 32.96204933586338, 32.95635673624288, 32.95825426944972, 32.96015180265655, 32.95635673624289, 32.96394686907021, 32.96584440227704, 32.96774193548387, 32.96774193548387, 32.963946869070206, 32.95635673624288, 32.95256166982922, 32.95066413662239, 32.95635673624288, 32.95825426944971, 32.95825426944971, 32.963946869070206, 32.963946869070206, 32.96584440227704, 32.963946869070206, 32.96774193548387, 32.96774193548387, 32.9696394686907, 32.963946869070206, 32.96584440227704, 32.9696394686907, 32.9696394686907, 32.963946869070206, 32.96204933586338, 32.96015180265655, 32.95825426944971, 32.95066413662239, 32.95825426944971, 32.96015180265655, 32.95445920303605, 32.96015180265655, 32.95825426944972, 32.963946869070206, 32.97153700189753, 32.96584440227704, 32.96584440227704, 32.96015180265655, 32.96015180265655, 32.95825426944971, 32.963946869070206, 32.96015180265655, 32.96204933586338, 32.963946869070206, 32.96584440227704, 32.95825426944971, 32.95825426944971, 32.96204933586338, 32.95635673624288, 32.95635673624288, 32.96015180265655, 32.94876660341556, 32.94876660341556, 32.95256166982922, 32.96015180265655, 32.96015180265655, 32.963946869070206, 32.963946869070206, 32.963946869070206, 32.96584440227704, 32.96015180265655, 32.95256166982922, 32.95445920303605, 32.95825426944972, 32.96204933586338, 32.95256166982922, 32.95256166982922, 32.95825426944972, 32.95825426944972, 32.96204933586338, 32.96015180265655, 32.95445920303605, 32.95825426944972, 32.96204933586338, 32.96774193548387, 32.96584440227704, 32.96584440227704, 32.96774193548387, 32.96584440227704, 32.97153700189753, 32.9753320683112, 32.97343453510436, 32.97153700189753, 32.96774193548387, 32.963946869070206, 32.963946869070206, 32.9696394686907, 32.97343453510437, 32.9696394686907, 32.97153700189753, 32.96584440227704, 32.97153700189753, 32.9696394686907, 32.963946869070206, 32.96774193548387, 32.96774193548387, 32.96015180265655, 32.96584440227704, 32.96015180265655, 32.96204933586338, 32.96394686907021, 32.95825426944972, 32.95635673624289, 32.96015180265655, 32.95825426944972, 32.96015180265655, 32.9696394686907, 32.96774193548387, 32.96584440227704, 32.96584440227704, 32.963946869070206, 32.963946869070206, 32.963946869070206, 32.963946869070206, 32.96394686907021, 32.96204933586338, 32.96394686907021, 32.96774193548387, 32.96584440227704, 32.97153700189753, 32.97153700189753, 32.97153700189753, 32.9753320683112, 32.97153700189753, 32.96774193548387, 32.97153700189754, 32.9696394686907, 32.9753320683112, 32.9753320683112, 32.9753320683112, 32.979127134724855, 32.977229601518026, 32.97153700189753, 32.97153700189753, 32.97153700189753, 32.96584440227704, 32.96584440227704, 32.963946869070206, 32.963946869070206, 32.96774193548387, 32.96774193548387, 32.96584440227704, 32.96584440227704, 32.9696394686907, 32.96204933586338, 32.963946869070206, 32.96774193548387, 32.963946869070206, 32.963946869070206, 32.96015180265655, 32.96204933586338, 32.96774193548387, 32.96774193548387, 32.97153700189753, 32.963946869070206, 32.96015180265655, 32.95635673624288, 32.96015180265655, 32.96584440227704, 32.96774193548387, 32.96774193548387, 32.9696394686907, 32.96774193548387, 32.977229601518026, 32.97153700189753, 32.9696394686907, 32.97343453510436, 32.97153700189753, 32.96015180265655, 32.9753320683112, 32.97153700189753, 32.97153700189753, 32.96774193548387, 32.97153700189753, 32.97153700189753, 32.97343453510436, 32.9696394686907, 32.9696394686907, 32.97153700189753, 32.9696394686907, 32.96584440227704, 32.96774193548387, 32.9753320683112, 32.96774193548387, 32.96584440227704, 32.96774193548387, 32.96774193548387, 32.9696394686907, 32.979127134724855, 32.97343453510436, 32.9696394686907, 32.97153700189753, 32.9696394686907, 32.9696394686907, 32.96584440227704, 32.96774193548387, 32.96774193548387, 32.9696394686907, 32.9696394686907, 32.96584440227704, 32.97153700189753, 32.9696394686907, 32.9696394686907, 32.97343453510436, 32.97153700189753, 32.9696394686907, 32.9696394686907, 32.96584440227704, 32.96584440227704, 32.96015180265655, 32.95635673624288, 32.96015180265655, 32.96015180265655]",0.8729926766238163,0.8852520256083266,33,"[33, 33, 33, 33, 33, 33, 33, 33, 33, 33, 33, 33, 33, 33, 33, 33, 33, 33, 33, 33, 33, 33, 33, 33, 33, 33, 33, 33, 33, 33, 33, 33, 33, 33, 33, 33, 33, 33, 33, 33, 33, 33, 33, 33, 33, 33, 33, 33, 33, 33, 33, 33, 33, 33, 33, 33, 33, 33, 33, 33, 33, 33, 33, 33, 33, 33, 33, 33, 33, 33, 33, 33, 33, 33, 33, 33, 33, 33, 33, 33, 33, 33, 33, 33, 33, 33, 33, 33, 33, 33, 33, 33, 33, 33, 33, 33, 33, 33, 33, 33, 33, 33, 33, 33, 33, 33, 33, 33, 33, 33, 33, 33, 33, 33, 33, 33, 33, 33, 33, 33, 33, 33, 33, 33, 33, 33, 33, 33, 33, 33, 33, 33, 33, 33, 33, 33, 33, 33, 33, 33, 33, 33, 33, 33, 33, 33, 33, 33, 33, 33, 33, 33, 33, 33, 33, 33, 33, 33, 33, 33, 33, 33, 33, 33, 33, 33, 33, 33, 33, 33, 33, 33, 33, 33, 33, 33, 33, 33, 33, 33, 33, 33, 33, 33, 33, 33, 33, 33, 33, 33, 33, 33, 33, 33, 33, 33, 33, 33, 33, 33, 33, 33, 33, 33, 33, 33, 33, 33, 33, 33, 33, 33, 33, 33, 33, 33, 33, 33, 33, 33, 33, 33, 33, 33, 33, 33, 33, 33, 33, 33, 33, 33, 33, 33, 33, 33, 33, 33, 33, 33, 33, 33, 33, 33, 33, 33, 33, 33, 33, 33, 33, 33, 33, 33, 33, 33, 33, 33, 33, 33, 33, 33, 33, 33, 33, 33, 33, 33, 33, 33, 33, 33, 33, 33, 33, 33, 33, 33, 33, 33, 33, 33, 33, 33, 33, 33, 33, 33, 33, 33, 33, 33, 33, 33, 33, 33, 33, 33, 33, 33, 33, 33, 33, 33, 33, 33, 33, 33, 33, 33, 33, 33, 33, 33, 33, 33, 33, 33, 33, 33, 33, 33, 33, 33, 33, 33, 33, 33, 33, 33, 33, 33, 33, 33, 33, 33, 33, 33, 33, 33, 33, 33, 33, 33, 33, 33, 33, 33, 33, 33, 33, 33, 33, 33, 33, 33, 33, 33, 33, 33, 33, 33, 33, 33, 33, 33, 33, 33, 33, 33, 33, 33, 33, 33, 33, 33, 33, 33, 33, 33, 33, 33, 33, 33, 33, 33, 33, 33, 33, 33, 33, 33, 33, 33, 33, 33, 33, 33, 33, 33, 33, 33, 33, 33, 33, 33, 33, 33, 33, 33, 33, 33, 33, 33, 33, 33, 33, 33, 33, 33, 33, 33, 33, 33, 33, 33, 33, 33, 33, 33, 33, 33, 33, 33, 33, 33, 33, 33, 33, 33, 33, 33, 33, 33, 33, 33, 33, 33, 33, 33, 33, 33, 33, 33, 33, 33, 33, 33, 33, 33, 33, 33, 33, 33, 33, 33, 33, 33, 33, 33, 33, 33, 33, 33, 33, 33, 33, 33, 33, 33]",480,"[0.7442349195480347, 0.6165852546691895, 0.5394344925880432, 0.4915483593940735, 0.4610913097858429, 0.4411684274673462, 0.42727145552635193, 0.41759583353996277, 0.4106442928314209, 0.40527108311653137, 0.4012416899204254, 0.3979473412036896, 0.3953368663787842, 0.39319518208503723, 0.3914187252521515, 0.3899270296096802, 0.38859957456588745, 0.3874334692955017, 0.38636720180511475, 0.38541179895401, 0.38452833890914917, 0.383675754070282, 0.3828772306442261, 0.38213473558425903, 0.38143280148506165, 0.3807782828807831, 0.38015541434288025, 0.37954074144363403, 0.3789527416229248, 0.37836989760398865, 0.37784069776535034, 0.3773120641708374, 0.376811683177948, 0.3763333261013031, 0.3758604824542999, 0.3753969073295593, 0.3749396800994873, 0.37450480461120605, 0.37408000230789185, 0.37368640303611755, 0.37326836585998535, 0.3728768825531006, 0.3724719285964966, 0.3720957636833191, 0.3717328608036041, 0.371354877948761, 0.3709908723831177, 0.37064898014068604, 0.37030234932899475, 0.36999404430389404, 0.3696795701980591, 0.3693455159664154, 0.3690356910228729, 0.3687441647052765, 0.3684414029121399, 0.36815890669822693, 0.3678532838821411, 0.36755040287971497, 0.3672918677330017, 0.367025762796402, 0.3667234480381012, 0.36644893884658813, 0.3661651313304901, 0.3658863306045532, 0.36560237407684326, 0.36533015966415405, 0.3650464713573456, 0.36477556824684143, 0.36449378728866577, 0.36425766348838806, 0.3640033006668091, 0.36375892162323, 0.3635215759277344, 0.36329135298728943, 0.3630620539188385, 0.36280640959739685, 0.3625541627407074, 0.3622952997684479, 0.362039178609848, 0.3617800176143646, 0.3615412414073944, 0.3612915873527527, 0.36107754707336426, 0.36085373163223267, 0.3606182932853699, 0.3603886663913727, 0.36013805866241455, 0.359908789396286, 0.3596714735031128, 0.3594362735748291, 0.359182208776474, 0.35893306136131287, 0.3586973547935486, 0.35845786333084106, 0.35821956396102905, 0.35799655318260193, 0.357803076505661, 0.3575524091720581, 0.3573256731033325, 0.3570713698863983, 0.35682716965675354, 0.35659611225128174, 0.35638704895973206, 0.3561520278453827, 0.3559146523475647, 0.35567814111709595, 0.3554561734199524, 0.35521575808525085, 0.35498347878456116, 0.3547452688217163, 0.35450971126556396, 0.3542780578136444, 0.35406434535980225, 0.35382553935050964, 0.35360291600227356, 0.3533775210380554, 0.353148490190506, 0.35294368863105774, 0.3527093529701233, 0.352507621049881, 0.35227543115615845, 0.3520270884037018, 0.35180604457855225, 0.3515627384185791, 0.3513082265853882, 0.3510822355747223, 0.35084664821624756, 0.3506225645542145, 0.3503773808479309, 0.35015392303466797, 0.3499547839164734, 0.3497261106967926, 0.3494798541069031, 0.34921368956565857, 0.348990261554718, 0.3487629294395447, 0.3485192358493805, 0.3482910394668579, 0.3480519950389862, 0.34781646728515625, 0.34757092595100403, 0.347341388463974, 0.3471204340457916, 0.34687018394470215, 0.34665951132774353, 0.34642231464385986, 0.3461715579032898, 0.34591951966285706, 0.3456924557685852, 0.34544581174850464, 0.3451986610889435, 0.3449593782424927, 0.34470295906066895, 0.3444516360759735, 0.34422245621681213, 0.343949556350708, 0.34372520446777344, 0.343500018119812, 0.3432718515396118, 0.3430210053920746, 0.34278762340545654, 0.3425654470920563, 0.34232234954833984, 0.3420739471912384, 0.34182101488113403, 0.3415578007698059, 0.34130504727363586, 0.3410775065422058, 0.3408309817314148, 0.3405857980251312, 0.34033289551734924, 0.3400806486606598, 0.3398224115371704, 0.3396332561969757, 0.3393573462963104, 0.3390932083129883, 0.33883532881736755, 0.33861640095710754, 0.3383374810218811, 0.33808261156082153, 0.3378232717514038, 0.3375686705112457, 0.33731117844581604, 0.3370598256587982, 0.3368038237094879, 0.3365311026573181, 0.33629128336906433, 0.33604857325553894, 0.33579349517822266, 0.33555006980895996, 0.3352879583835602, 0.33501389622688293, 0.3348024785518646, 0.33454251289367676, 0.33426955342292786, 0.33400994539260864, 0.3337309956550598, 0.33348700404167175, 0.33319592475891113, 0.33294516801834106, 0.3326767683029175, 0.3324022591114044, 0.33212921023368835, 0.3318759799003601, 0.33160269260406494, 0.33136308193206787, 0.33109375834465027, 0.33083176612854004, 0.3305635452270508, 0.3302977681159973, 0.3300550878047943, 0.3297608494758606, 0.32949504256248474, 0.3292118310928345, 0.3289664089679718, 0.32869642972946167, 0.3283897042274475, 0.32814130187034607, 0.3278808295726776, 0.3276166617870331, 0.3273642361164093, 0.3271132707595825, 0.32684776186943054, 0.3265683352947235, 0.32630711793899536, 0.3260597884654999, 0.3257744610309601, 0.32547011971473694, 0.3251647651195526, 0.324861615896225, 0.3246186077594757, 0.324341356754303, 0.32408633828163147, 0.32377001643180847, 0.3234778642654419, 0.3231976628303528, 0.32291680574417114, 0.3226206600666046, 0.32236647605895996, 0.3221082389354706, 0.321837455034256, 0.32155612111091614, 0.3212946057319641, 0.3210322856903076, 0.3207781910896301, 0.3204785883426666, 0.3201875388622284, 0.3198974132537842, 0.3196251094341278, 0.3193656802177429, 0.3190758228302002, 0.31879517436027527, 0.3184986710548401, 0.3182206451892853, 0.3179457485675812, 0.31765618920326233, 0.31735387444496155, 0.31707385182380676, 0.31678542494773865, 0.3165062665939331, 0.31623372435569763, 0.3159431517124176, 0.3156697154045105, 0.3153740167617798, 0.3151087462902069, 0.3148365914821625, 0.31454703211784363, 0.3142610490322113, 0.3139881193637848, 0.3136923313140869, 0.31341445446014404, 0.3131462037563324, 0.31284892559051514, 0.31254667043685913, 0.3122580647468567, 0.3119797706604004, 0.3116840422153473, 0.311402291059494, 0.3110964298248291, 0.31078073382377625, 0.31048932671546936, 0.31021687388420105, 0.3099290132522583, 0.30961254239082336, 0.3093376159667969, 0.3090522289276123, 0.3087676167488098, 0.30848315358161926, 0.30822092294692993, 0.3079230785369873, 0.30761367082595825, 0.3073164224624634, 0.30703049898147583, 0.3067391514778137, 0.30647534132003784, 0.30613797903060913, 0.30586156249046326, 0.3055821359157562, 0.3052692711353302, 0.3049708604812622, 0.30469509959220886, 0.3044428527355194, 0.3041383624076843, 0.3038366734981537, 0.30355024337768555, 0.30329006910324097, 0.3030242621898651, 0.3027433156967163, 0.3024531602859497, 0.3021450340747833, 0.3018842339515686, 0.30162662267684937, 0.30137282609939575, 0.3010711967945099, 0.30079013109207153, 0.30054447054862976, 0.3002774119377136, 0.29998621344566345, 0.2996962368488312, 0.29942286014556885, 0.2991848289966583, 0.29891008138656616, 0.29858162999153137, 0.2983321249485016, 0.29806894063949585, 0.29776105284690857, 0.2974790036678314, 0.29718905687332153, 0.2969222366809845, 0.2966527044773102, 0.296378493309021, 0.29612210392951965, 0.29582831263542175, 0.2955400049686432, 0.2952638566493988, 0.2949749231338501, 0.294705867767334, 0.29441937804222107, 0.29414910078048706, 0.2938694953918457, 0.29359570145606995, 0.2933107316493988, 0.29303863644599915, 0.29279258847236633, 0.2925213575363159, 0.2922714054584503, 0.2920517325401306, 0.29181337356567383, 0.29156604409217834, 0.2912967801094055, 0.2910557687282562, 0.2907825708389282, 0.2905198037624359, 0.29024139046669006, 0.2899787127971649, 0.2897106409072876, 0.28945329785346985, 0.28919464349746704, 0.2889360785484314, 0.2886808216571808, 0.28844520449638367, 0.2882039546966553, 0.28792136907577515, 0.2876995801925659, 0.28745877742767334, 0.28721410036087036, 0.2870010435581207, 0.28676867485046387, 0.2865428030490875, 0.2863170802593231, 0.2860654890537262, 0.2858238220214844, 0.28559523820877075, 0.28534531593322754, 0.2851161062717438, 0.28486528992652893, 0.28460535407066345, 0.2843727171421051, 0.284145325422287, 0.2838980555534363, 0.2836659848690033, 0.28346186876296997, 0.2832171618938446, 0.28299376368522644, 0.282751202583313, 0.282494455575943, 0.2822498083114624, 0.28199470043182373, 0.28180068731307983, 0.281573086977005, 0.28133293986320496, 0.28111007809638977, 0.28088483214378357, 0.28064554929733276, 0.2804337739944458, 0.2802211046218872, 0.2799953818321228, 0.2797585427761078, 0.2795428931713104, 0.27934542