,number,value,datetime_start,datetime_complete,duration,params_batch_size_scaler,params_constant_learning_rate,params_depth,params_epochs,params_kernel_l2,params_num_trees,params_temperature,user_attrs_accuracy_test,user_attrs_accuracy_valid,user_attrs_approximate_feature_sparsity,user_attrs_approximate_feature_sparsity_history,user_attrs_approximate_weight_sparsity,user_attrs_approximate_weight_sparsity_history,user_attrs_auc_test,user_attrs_auc_valid,user_attrs_feature_sparsity,user_attrs_feature_sparsity_history,user_attrs_num_epochs,user_attrs_val_loss_history,user_attrs_weight_sparsity,user_attrs_weight_sparsity_history,state
142,142,0.775759683631539,2024-08-31 06:26:20.819080,2024-08-31 06:28:09.117539,0 days 00:01:48.298459,64,0.07875006710868013,5,500,0.03998837635690269,26,0.06801554051870468,0.886,0.8825,33,"[33, 33, 33, 33, 33, 33, 33, 33, 33, 33, 33, 33, 33, 33, 33, 33, 33, 33, 33, 33, 33, 33, 33, 33, 33, 33, 33, 33, 33, 33, 33, 33, 33, 33, 33, 33, 33, 33, 33, 33, 33, 33, 33, 33, 33, 33, 33, 33, 33, 33, 33, 33, 33, 33, 33, 33, 33, 33, 33, 33, 33, 33, 33, 33, 33, 33, 33, 33, 33, 33, 33, 33, 33, 33, 33, 33, 33, 33, 33, 33, 33, 33, 33, 33, 33, 33, 33, 33, 33, 33, 33, 33, 33, 33, 33, 33, 33, 33, 33, 33, 33, 33, 33, 33, 33, 33, 33, 33, 33, 33, 33, 33, 33, 33, 33, 33, 33, 33, 33, 33, 33, 33, 33, 33, 33, 33, 33, 33, 33, 33, 33, 33, 33, 33, 33, 33, 33, 33, 33, 33, 33, 33, 33, 33, 33, 33, 33, 33, 33, 33, 33, 33, 33, 33, 33, 33, 33, 33, 33, 33, 33, 33, 33, 33, 33, 33, 33, 33, 33, 33, 33, 33, 33, 33, 33, 33, 33, 33, 33, 33, 33, 33, 33, 33, 33, 33, 33, 33, 33, 33, 33, 33, 33, 33, 33, 33, 33, 33, 33, 33, 33, 33, 33, 33, 33, 33, 33, 33, 33, 33, 33, 33, 33, 33, 33, 33, 33, 33, 33, 33, 33, 33, 33, 33, 33, 33, 33, 33, 33, 33, 33, 33, 33, 33, 33, 33, 33, 33, 33, 33, 33, 33, 33, 33, 33, 33, 33, 33, 33, 33, 33, 33, 33, 33, 33, 33, 33, 33, 33, 33, 33, 33, 33, 33, 33, 33, 33, 33, 33, 33, 33, 33, 33, 33, 33, 33, 33, 33, 33, 33, 33, 33, 33, 33, 33, 33, 33, 33, 33, 33, 33, 33, 33, 33, 33, 33, 33, 33, 33, 33, 33, 33, 33, 33, 33, 33, 33, 33, 33, 33, 33, 33, 33, 33, 33, 33, 33, 33, 33, 33, 33, 33, 33, 33, 33, 33, 33, 33, 33, 33, 33, 33, 33, 33, 33, 33, 33, 33, 33, 33, 33, 33, 33, 33, 33, 33, 33, 33, 33, 33, 33, 33, 33, 33, 33, 33, 33, 33, 33, 33, 33, 33, 33, 33, 33, 33, 33, 33, 33, 33, 33, 33, 33, 33, 33, 33, 33, 33, 33, 33, 33, 33, 33, 33, 33, 33, 33, 33, 33, 33, 33, 33, 33, 33, 33, 33, 33, 33, 33, 33, 33, 33, 33, 33, 33, 33, 33, 33, 33, 33, 33, 33, 33, 33, 33, 33, 33, 33, 33, 33, 33, 33, 33, 33, 33, 33, 33, 33, 33, 33, 33, 33, 33, 33, 33, 33, 33, 33, 33, 33, 33, 33, 33, 33, 33, 33, 33, 33, 33, 33, 33, 33, 33, 33, 33, 33, 33, 33, 33, 33, 33, 33, 33, 33, 33, 33, 33, 33, 33, 33, 33, 33, 33, 33, 33, 33, 33, 33, 33, 33, 33, 33, 33, 33, 33, 33, 33, 33, 33, 33, 33, 33, 33, 33, 33, 33, 33, 33, 33, 33]",32.968982630272954,"[32.97518610421836, 32.96526054590571, 32.96650124069479, 32.968982630272954, 32.96774193548387, 32.964019851116625, 32.968982630272954, 32.96898263027295, 32.96526054590571, 32.96526054590571, 32.96277915632754, 32.96898263027295, 32.96526054590571, 32.96526054590571, 32.97146401985112, 32.973945409429284, 32.964019851116625, 32.964019851116625, 32.964019851116625, 32.96774193548387, 32.964019851116625, 32.964019851116625, 32.96277915632754, 32.96526054590571, 32.96774193548387, 32.96526054590571, 32.96029776674938, 32.96774193548387, 32.96650124069479, 32.964019851116625, 32.959057071960295, 32.96650124069479, 32.972704714640194, 32.97022332506203, 32.96774193548387, 32.96526054590571, 32.964019851116625, 32.964019851116625, 32.96650124069479, 32.96526054590571, 32.97022332506204, 32.964019851116625, 32.96029776674938, 32.96277915632754, 32.96277915632754, 32.96277915632754, 32.96650124069479, 32.964019851116625, 32.97146401985112, 32.97022332506204, 32.96650124069479, 32.96153846153846, 32.96277915632754, 32.96774193548387, 32.97022332506204, 32.97146401985111, 32.968982630272954, 32.9727047146402, 32.97518610421836, 32.978908188585606, 32.9727047146402, 32.97518610421836, 32.97022332506204, 32.96153846153846, 32.96650124069479, 32.96650124069479, 32.96774193548387, 32.97394540942928, 32.97022332506204, 32.96774193548387, 32.96650124069479, 32.968982630272954, 32.97022332506204, 32.97022332506204, 32.96526054590571, 32.97146401985112, 32.97022332506204, 32.97022332506204, 32.96650124069479, 32.968982630272954, 32.96277915632754, 32.96029776674938, 32.96277915632754, 32.96029776674938, 32.96526054590571, 32.964019851116625, 32.964019851116625, 32.968982630272954, 32.968982630272954, 32.964019851116625, 32.96153846153846, 32.96029776674938, 32.964019851116625, 32.96526054590571, 32.96153846153846, 32.964019851116625, 32.96526054590571, 32.96153846153846, 32.96029776674938, 32.95657568238214, 32.95285359801489, 32.95657568238213, 32.96029776674938, 32.959057071960295, 32.95657568238214, 32.95285359801489, 32.95533498759305, 32.94913151364764, 32.954094292803966, 32.955334987593055, 32.96277915632754, 32.96029776674938, 32.959057071960295, 32.964019851116625, 32.96153846153846, 32.95657568238214, 32.95657568238213, 32.959057071960295, 32.9590570719603, 32.96277915632754, 32.964019851116625, 32.96029776674938, 32.96277915632754, 32.96650124069479, 32.964019851116625, 32.96153846153846, 32.95781637717121, 32.96029776674938, 32.96526054590571, 32.96650124069479, 32.96650124069479, 32.959057071960295, 32.964019851116625, 32.95781637717122, 32.95657568238214, 32.954094292803966, 32.95285359801488, 32.95409429280397, 32.964019851116625, 32.964019851116625, 32.964019851116625, 32.964019851116625, 32.96277915632754, 32.96526054590571, 32.96029776674938, 32.95533498759305, 32.950372208436725, 32.94665012406948, 32.94665012406948, 32.950372208436725, 32.955334987593055, 32.95285359801489, 32.95781637717122, 32.96153846153846, 32.959057071960295, 32.96277915632754, 32.96277915632754, 32.955334987593055, 32.95533498759305, 32.95657568238213, 32.94913151364764, 32.95781637717122, 32.96153846153846, 32.964019851116625, 32.959057071960295, 32.96277915632754, 32.95781637717121, 32.95781637717121, 32.95657568238213, 32.955334987593055, 32.95781637717121, 32.9590570719603, 32.96153846153846, 32.96277915632754, 32.96029776674938, 32.96029776674938, 32.95781637717121, 32.95657568238214, 32.95781637717121, 32.955334987593055, 32.955334987593055, 32.96277915632754, 32.96277915632754, 32.9590570719603, 32.96526054590571, 32.96277915632754, 32.96526054590571, 32.96526054590571, 32.96277915632754, 32.95781637717121, 32.96029776674938, 32.96029776674938, 32.95657568238214, 32.95409429280397, 32.95161290322581, 32.95533498759305, 32.959057071960295, 32.96029776674938, 32.95409429280397, 32.95161290322581, 32.959057071960295, 32.95657568238213, 32.955334987593055, 32.959057071960295, 32.959057071960295, 32.96029776674938, 32.955334987593055, 32.954094292803966, 32.95657568238214, 32.95533498759305, 32.96029776674938, 32.96153846153846, 32.9590570719603, 32.95781637717122, 32.95657568238214, 32.96029776674938, 32.960297766749385, 32.96153846153846, 32.95781637717122, 32.964019851116625, 32.96650124069479, 32.968982630272954, 32.97022332506204, 32.96898263027295, 32.96774193548387, 32.96774193548387, 32.96898263027295, 32.96774193548387, 32.96774193548387, 32.97022332506204, 32.964019851116625, 32.96526054590571, 32.968982630272954, 32.96774193548387, 32.96526054590571, 32.97022332506204, 32.96526054590571, 32.96153846153846, 32.96029776674938, 32.96774193548387, 32.96526054590571, 32.968982630272954, 32.96774193548387, 32.96774193548387, 32.968982630272954, 32.96774193548387, 32.96650124069479, 32.96277915632754, 32.96277915632754, 32.96526054590571, 32.96774193548387, 32.96526054590571, 32.96153846153846, 32.96277915632754, 32.96277915632754, 32.959057071960295, 32.955334987593055, 32.96277915632754, 32.95657568238214, 32.960297766749385, 32.9590570719603, 32.96153846153846, 32.96277915632754, 32.968982630272954, 32.968982630272954, 32.96526054590571, 32.964019851116625, 32.96029776674938, 32.96029776674938, 32.95657568238214, 32.95781637717122, 32.96029776674938, 32.96153846153846, 32.96153846153846, 32.96029776674938, 32.95781637717121, 32.96277915632754, 32.959057071960295, 32.96526054590571, 32.96277915632754, 32.964019851116625, 32.96277915632754, 32.96650124069479, 32.96526054590571, 32.96650124069479, 32.96774193548387, 32.959057071960295, 32.95781637717121, 32.95533498759305, 32.95781637717121, 32.96029776674938, 32.96277915632754, 32.96277915632754, 32.96153846153846, 32.96650124069479, 32.96774193548387, 32.97146401985112, 32.9727047146402, 32.972704714640194, 32.972704714640194, 32.977667493796524, 32.97518610421836, 32.97642679900744, 32.96526054590571, 32.97022332506204, 32.968982630272954, 32.972704714640194, 32.97394540942928, 32.97022332506204, 32.968982630272954, 32.964019851116625, 32.964019851116625, 32.96277915632754, 32.964019851116625, 32.96526054590571, 32.96526054590571, 32.96277915632754, 32.959057071960295, 32.96277915632754, 32.96650124069479, 32.9727047146402, 32.968982630272954, 32.9727047146402, 32.96650124069479, 32.964019851116625, 32.96153846153846, 32.964019851116625, 32.964019851116625, 32.96277915632754, 32.96153846153846, 32.96029776674938, 32.96153846153846, 32.96153846153846, 32.95657568238214, 32.9590570719603, 32.95657568238214, 32.960297766749385, 32.96277915632754, 32.96029776674938, 32.9590570719603, 32.955334987593055, 32.95657568238213, 32.96029776674938, 32.95657568238213, 32.95657568238213, 32.959057071960295, 32.959057071960295, 32.96153846153846, 32.96526054590571, 32.968982630272954, 32.975186104218366, 32.9727047146402, 32.96774193548387, 32.96526054590571, 32.96277915632754, 32.964019851116625, 32.96650124069479, 32.96774193548387, 32.97518610421836, 32.972704714640194, 32.97394540942928, 32.97394540942928, 32.9727047146402, 32.97146401985111, 32.97518610421836, 32.96774193548387, 32.97022332506203, 32.97146401985112, 32.96774193548387, 32.964019851116625, 32.96277915632754, 32.96277915632754, 32.96650124069479, 32.96526054590571, 32.96526054590571, 32.96277915632754, 32.96650124069479, 32.96029776674938, 32.959057071960295, 32.96029776674938, 32.96029776674938, 32.955334987593055, 32.95657568238214, 32.95657568238214, 32.96277915632754, 32.96153846153846, 32.964019851116625, 32.96650124069479, 32.96526054590571, 32.97022332506204, 32.97642679900744, 32.97394540942928, 32.97146401985112, 32.9727047146402, 32.977667493796524, 32.97394540942928, 32.97394540942928, 32.96774193548387, 32.9727047146402, 32.97642679900744, 32.97766749379653, 32.97394540942928, 32.9727047146402, 32.97022332506204, 32.9727047146402, 32.97394540942928, 32.96898263027295, 32.96774193548387, 32.96526054590571, 32.96774193548387, 32.97146401985112, 32.97146401985112, 32.96774193548387, 32.96650124069479, 32.964019851116625, 32.96277915632754, 32.96650124069479, 32.968982630272954, 32.97146401985112, 32.97022332506204, 32.964019851116625, 32.97022332506203, 32.972704714640194, 32.97146401985112, 32.9727047146402, 32.9727047146402, 32.97394540942928, 32.97146401985112, 32.97022332506204, 32.97022332506204, 32.96650124069479, 32.96650124069479, 32.96650124069479, 32.96898263027295, 32.97146401985112, 32.97022332506204, 32.964019851116625, 32.96277915632754, 32.960297766749385, 32.96153846153846, 32.96153846153846, 32.96526054590571, 32.964019851116625, 32.964019851116625, 32.96650124069479, 32.964019851116625, 32.96526054590571, 32.96277915632754, 32.96526054590571, 32.96277915632754, 32.96277915632754, 32.964019851116625, 32.96526054590571, 32.96153846153846, 32.96029776674938, 32.95781637717121, 32.95781637717121, 32.95781637717121, 32.95781637717121, 32.95657568238214, 32.95285359801489, 32.9590570719603, 32.95409429280397, 32.95409429280397, 32.95533498759305, 32.95533498759305, 32.95657568238214, 32.9590570719603, 32.95533498759305, 32.95781637717121, 32.95409429280397, 32.95781637717121, 32.95657568238214, 32.96277915632754, 32.96153846153847, 32.96277915632754, 32.96153846153847, 32.96029776674938, 32.95533498759305, 32.959057071960295, 32.96526054590571, 32.96526054590571, 32.96774193548387, 32.97146401985112, 32.97146401985112, 32.968982630272954, 32.96650124069479, 32.96277915632754, 32.96029776674938, 32.959057071960295, 32.96029776674938, 32.96650124069479, 32.96526054590571, 32.968982630272954, 32.97146401985111, 32.972704714640194, 32.975186104218366, 32.97518610421836, 32.975186104218366, 32.968982630272954]",0.8015175158315375,0.775759683631539,33,"[33, 33, 33, 33, 33, 33, 33, 33, 33, 33, 33, 33, 33, 33, 33, 33, 33, 33, 33, 33, 33, 33, 33, 33, 33, 33, 33, 33, 33, 33, 33, 33, 33, 33, 33, 33, 33, 33, 33, 33, 33, 33, 33, 33, 33, 33, 33, 33, 33, 33, 33, 33, 33, 33, 33, 33, 33, 33, 33, 33, 33, 33, 33, 33, 33, 33, 33, 33, 33, 33, 33, 33, 33, 33, 33, 33, 33, 33, 33, 33, 33, 33, 33, 33, 33, 33, 33, 33, 33, 33, 33, 33, 33, 33, 33, 33, 33, 33, 33, 33, 33, 33, 33, 33, 33, 33, 33, 33, 33, 33, 33, 33, 33, 33, 33, 33, 33, 33, 33, 33, 33, 33, 33, 33, 33, 33, 33, 33, 33, 33, 33, 33, 33, 33, 33, 33, 33, 33, 33, 33, 33, 33, 33, 33, 33, 33, 33, 33, 33, 33, 33, 33, 33, 33, 33, 33, 33, 33, 33, 33, 33, 33, 33, 33, 33, 33, 33, 33, 33, 33, 33, 33, 33, 33, 33, 33, 33, 33, 33, 33, 33, 33, 33, 33, 33, 33, 33, 33, 33, 33, 33, 33, 33, 33, 33, 33, 33, 33, 33, 33, 33, 33, 33, 33, 33, 33, 33, 33, 33, 33, 33, 33, 33, 33, 33, 33, 33, 33, 33, 33, 33, 33, 33, 33, 33, 33, 33, 33, 33, 33, 33, 33, 33, 33, 33, 33, 33, 33, 33, 33, 33, 33, 33, 33, 33, 33, 33, 33, 33, 33, 33, 33, 33, 33, 33, 33, 33, 33, 33, 33, 33, 33, 33, 33, 33, 33, 33, 33, 33, 33, 33, 33, 33, 33, 33, 33, 33, 33, 33, 33, 33, 33, 33, 33, 33, 33, 33, 33, 33, 33, 33, 33, 33, 33, 33, 33, 33, 33, 33, 33, 33, 33, 33, 33, 33, 33, 33, 33, 33, 33, 33, 33, 33, 33, 33, 33, 33, 33, 33, 33, 33, 33, 33, 33, 33, 33, 33, 33, 33, 33, 33, 33, 33, 33, 33, 33, 33, 33, 33, 33, 33, 33, 33, 33, 33, 33, 33, 33, 33, 33, 33, 33, 33, 33, 33, 33, 33, 33, 33, 33, 33, 33, 33, 33, 33, 33, 33, 33, 33, 33, 33, 33, 33, 33, 33, 33, 33, 33, 33, 33, 33, 33, 33, 33, 33, 33, 33, 33, 33, 33, 33, 33, 33, 33, 33, 33, 33, 33, 33, 33, 33, 33, 33, 33, 33, 33, 33, 33, 33, 33, 33, 33, 33, 33, 33, 33, 33, 33, 33, 33, 33, 33, 33, 33, 33, 33, 33, 33, 33, 33, 33, 33, 33, 33, 33, 33, 33, 33, 33, 33, 33, 33, 33, 33, 33, 33, 33, 33, 33, 33, 33, 33, 33, 33, 33, 33, 33, 33, 33, 33, 33, 33, 33, 33, 33, 33, 33, 33, 33, 33, 33, 33, 33, 33, 33, 33, 33, 33, 33, 33, 33, 33, 33, 33, 33, 33, 33, 33, 33, 33, 33, 33, 33, 33, 33, 33, 33, 33, 33, 33]",500,"[0.5675361752510071, 0.5292682647705078, 0.500469446182251, 0.47833317518234253, 0.4623280465602875, 0.45001429319381714, 0.4405008554458618, 0.43263018131256104, 0.4272770583629608, 0.4218212962150574, 0.41799816489219666, 0.4144347310066223, 0.4119364619255066, 0.40927940607070923, 0.4071411192417145, 0.4053214192390442, 0.4038296043872833, 0.40223634243011475, 0.4009901285171509, 0.400078684091568, 0.3991726040840149, 0.39818277955055237, 0.3974837362766266, 0.3967948853969574, 0.39609917998313904, 0.3953826427459717, 0.3948209285736084, 0.39424359798431396, 0.39366477727890015, 0.39313775300979614, 0.3926575779914856, 0.3921639919281006, 0.39170458912849426, 0.3912319540977478, 0.3908258378505707, 0.3904794454574585, 0.3900827169418335, 0.38967400789260864, 0.38929206132888794, 0.38888272643089294, 0.38847893476486206, 0.3880605399608612, 0.38772010803222656, 0.38739508390426636, 0.3871018588542938, 0.38672465085983276, 0.3863571882247925, 0.3861088454723358, 0.38581109046936035, 0.3854917287826538, 0.38522103428840637, 0.384909063577652, 0.38458406925201416, 0.38429850339889526, 0.38402920961380005, 0.3837871551513672, 0.3834835886955261, 0.3832158148288727, 0.3830069303512573, 0.38271060585975647, 0.38252773880958557, 0.3822427988052368, 0.3820096552371979, 0.38175448775291443, 0.3814825713634491, 0.38125404715538025, 0.38107383251190186, 0.38084515929222107, 0.3805927336215973, 0.3803216814994812, 0.38010966777801514, 0.37995803356170654, 0.379754900932312, 0.3795485198497772, 0.379287987947464, 0.37906014919281006, 0.3788849115371704, 0.37871724367141724, 0.3785054683685303, 0.3783065676689148, 0.3781396448612213, 0.3779343068599701, 0.3777272403240204, 0.3775784969329834, 0.3773883879184723, 0.37716591358184814, 0.3769565522670746, 0.3767757713794708, 0.3766012489795685, 0.376389741897583, 0.37629956007003784, 0.37612834572792053, 0.3759325444698334, 0.37580159306526184, 0.37567850947380066, 0.3755287528038025, 0.3754071891307831, 0.3752214014530182, 0.375064879655838, 0.3749300241470337, 0.37481263279914856, 0.37471699714660645, 0.37451279163360596, 0.3743838369846344, 0.3741911053657532, 0.37405937910079956, 0.3738965094089508, 0.37380874156951904, 0.3736574649810791, 0.3734516501426697, 0.3732243478298187, 0.3731389343738556, 0.37295612692832947, 0.3727952539920807, 0.3726268410682678, 0.3725152313709259, 0.3724013864994049, 0.3722531795501709, 0.37215903401374817, 0.37196385860443115, 0.3717666566371918, 0.3716772198677063, 0.37154969573020935, 0.37138569355010986, 0.3712795376777649, 0.3710893392562866, 0.3709925413131714, 0.3708609640598297, 0.370734304189682, 0.3706290125846863, 0.3705783784389496, 0.37045931816101074, 0.3703422546386719, 0.3701796233654022, 0.3700459599494934, 0.36992329359054565, 0.36978426575660706, 0.3696959614753723, 0.36959391832351685, 0.3694619834423065, 0.3693426549434662, 0.3692247271537781, 0.3691035211086273, 0.3689637780189514, 0.3688746392726898, 0.3687637448310852, 0.36867836117744446, 0.36855074763298035, 0.3684147298336029, 0.36831116676330566, 0.36819136142730713, 0.3681862950325012, 0.3681131601333618, 0.36799564957618713, 0.36783745884895325, 0.36767879128456116, 0.36753371357917786, 0.3674274682998657, 0.3673313856124878, 0.3672323524951935, 0.36710429191589355, 0.3669825494289398, 0.3668394982814789, 0.36668285727500916, 0.36654698848724365, 0.3664667010307312, 0.3664807379245758, 0.3663831353187561, 0.36625584959983826, 0.3661371171474457, 0.3660094141960144, 0.36590301990509033, 0.36580055952072144, 0.3657524585723877, 0.3656826913356781, 0.3655380308628082, 0.36544379591941833, 0.3653066158294678, 0.36521410942077637, 0.36507877707481384, 0.3649653196334839, 0.36488306522369385, 0.3647509515285492, 0.36457884311676025, 0.36447376012802124, 0.3644014298915863, 0.3643141984939575, 0.3642233908176422, 0.36416077613830566, 0.3641057312488556, 0.3640790283679962, 0.36395037174224854, 0.3638109564781189, 0.36368119716644287, 0.36358603835105896, 0.36343929171562195, 0.36335840821266174, 0.3633342683315277, 0.363198846578598, 0.36313992738723755, 0.3630518615245819, 0.3629601001739502, 0.3628288507461548, 0.36270207166671753, 0.3625451624393463, 0.36245250701904297, 0.36234015226364136, 0.36224666237831116, 0.3621383607387543, 0.36201855540275574, 0.3619364798069, 0.3618345558643341, 0.3617522418498993, 0.3616268038749695, 0.36153993010520935, 0.3613969683647156, 0.3613262176513672, 0.3612836003303528, 0.3611474633216858, 0.3611085116863251, 0.36102408170700073, 0.36098140478134155, 0.3608843982219696, 0.3607942461967468, 0.36070042848587036, 0.36063870787620544, 0.360580176115036, 0.3604576885700226, 0.3603411614894867, 0.36019936203956604, 0.3600919842720032, 0.360039621591568, 0.3599877655506134, 0.3599143922328949, 0.35979124903678894, 0.3597363233566284, 0.3596256673336029, 0.35953599214553833, 0.35934969782829285, 0.35921990871429443, 0.3591439425945282, 0.3591012954711914, 0.35900792479515076, 0.35884764790534973, 0.3587086498737335, 0.35863572359085083, 0.3585013449192047, 0.3584456145763397, 0.3583053648471832, 0.3581814169883728, 0.3580561578273773, 0.3580012619495392, 0.3579227328300476, 0.3579314351081848, 0.3579230010509491, 0.3578113615512848, 0.35766151547431946, 0.35751578211784363, 0.35738682746887207, 0.3572399616241455, 0.3570711612701416, 0.35705575346946716, 0.3569650650024414, 0.35684189200401306, 0.35672128200531006, 0.3565717041492462, 0.35649096965789795, 0.3563899099826813, 0.35630345344543457, 0.35620325803756714, 0.3560742437839508, 0.35603833198547363, 0.355910062789917, 0.3558175563812256, 0.35563763976097107, 0.35551556944847107, 0.3553755581378937, 0.3552336096763611, 0.35510244965553284, 0.3550247848033905, 0.3549267053604126, 0.35483378171920776, 0.35470494627952576, 0.3545861840248108, 0.3544529378414154, 0.35432198643684387, 0.3542214632034302, 0.35410434007644653, 0.3541048765182495, 0.35403546690940857, 0.35394397377967834, 0.353844553232193, 0.35373085737228394, 0.3535915017127991, 0.35352927446365356, 0.3534424304962158, 0.3533490002155304, 0.3532634377479553, 0.3532070219516754, 0.3531075716018677, 0.35299310088157654, 0.35290446877479553, 0.35274937748908997, 0.3526861071586609, 0.3525420129299164, 0.3524170219898224, 0.3523566722869873, 0.3522915244102478, 0.3522113859653473, 0.35211122035980225, 0.3519711196422577, 0.3518367409706116, 0.35173875093460083, 0.35164543986320496, 0.351593017578125, 0.3514978289604187, 0.35136866569519043, 0.3512442409992218, 0.3511604070663452, 0.3510088622570038, 0.3509005606174469, 0.3507886230945587, 0.35062453150749207, 0.35054606199264526, 0.35042378306388855, 0.3503548502922058, 0.35026854276657104, 0.3501548767089844, 0.35001710057258606, 0.3499472141265869, 0.34985601902008057, 0.3497121036052704, 0.34965282678604126, 0.3495901823043823, 0.34949564933776855, 0.3493214547634125, 0.3491825461387634, 0.3490661382675171, 0.3489745855331421, 0.3489255905151367, 0.3488575220108032, 0.3487650156021118, 0.3486151397228241, 0.34848204255104065, 0.34837719798088074, 0.34823334217071533, 0.348177045583725, 0.34804093837738037, 0.34790611267089844, 0.34779059886932373, 0.3476566970348358, 0.34756821393966675, 0.3475109040737152, 0.34743812680244446, 0.34732937812805176, 0.3472593426704407, 0.3471585512161255, 0.3470882773399353, 0.34702789783477783, 0.34699547290802, 0.3468511998653412, 0.3467860519886017, 0.3466293215751648, 0.34656134247779846, 0.34642747044563293, 0.34627339243888855, 0.3462257385253906, 0.3461593985557556, 0.346029132