,number,value,datetime_start,datetime_complete,duration,params_batch_size_scaler,params_constant_learning_rate,params_depth,params_epochs,params_kernel_l2,params_num_trees,params_temperature,user_attrs_accuracy_test,user_attrs_accuracy_valid,user_attrs_approximate_feature_sparsity,user_attrs_approximate_feature_sparsity_history,user_attrs_approximate_weight_sparsity,user_attrs_approximate_weight_sparsity_history,user_attrs_auc_test,user_attrs_auc_valid,user_attrs_feature_sparsity,user_attrs_feature_sparsity_history,user_attrs_num_epochs,user_attrs_val_loss_history,user_attrs_weight_sparsity,user_attrs_weight_sparsity_history,state
61,61,0.7457587819298992,2024-08-31 02:49:38.094188,2024-08-31 02:50:42.213111,0 days 00:01:04.118923,16,0.019516945956315885,4,330,0.015551426836053685,35,0.09950249753387715,0.878,0.875,33,"[33, 33, 33, 33, 33, 33, 33, 33, 33, 33, 33, 33, 33, 33, 33, 33, 33, 33, 33, 33, 33, 33, 33, 33, 33, 33, 33, 33, 33, 33, 33, 33, 33, 33, 33, 33, 33, 33, 33, 33, 33, 33, 33, 33, 33, 33, 33, 33, 33, 33, 33, 33, 33, 33, 33, 33, 33, 33, 33, 33, 33, 33, 33, 33, 33, 33, 33, 33, 33, 33, 33, 33, 33, 33, 33, 33, 33, 33, 33, 33, 33, 33, 33, 33, 33, 33, 33, 33, 33, 33, 33, 33, 33, 33, 33, 33, 33, 33, 33, 33, 33, 33, 33, 33, 33, 33, 33, 33, 33, 33, 33, 33, 33, 33, 33, 33, 33, 33, 33, 33, 33, 33, 33, 33, 33, 33, 33, 33, 33, 33, 33, 33, 33, 33, 33, 33, 33, 33, 33, 33, 33, 33, 33, 33, 33, 33, 33, 33, 33, 33, 33, 33, 33, 33, 33, 33, 33, 33, 33, 33, 33, 33, 33, 33, 33, 33, 33, 33, 33, 33, 33, 33, 33, 33, 33, 33, 33, 33, 33, 33, 33, 33, 33, 33, 33, 33, 33, 33, 33, 33, 33, 33, 33, 33, 33, 33, 33, 33, 33, 33, 33, 33, 33, 33, 33, 33, 33, 33, 33, 33, 33, 33, 33, 33, 33, 33, 33, 33, 33, 33, 33, 33, 33, 33, 33, 33, 33, 33, 33, 33, 33, 33, 33, 33, 33, 33, 33, 33, 33, 33, 33, 33, 33, 33, 33, 33, 33, 33, 33, 33, 33, 33, 33, 33, 33, 33, 33, 33, 33, 33, 33, 33, 33, 33, 33, 33, 33, 33, 33, 33, 33, 33, 33, 33, 33, 33, 33, 33, 33, 33, 33, 33, 33, 33, 33, 33, 33, 33, 33, 33, 33, 33, 33, 33, 33, 33, 33, 33, 33, 33, 33, 33, 33, 33, 33, 33, 33, 33, 33, 33, 33, 33, 33, 33, 33, 33, 33, 33, 33, 33, 33, 33, 33, 33, 33, 33, 33, 33, 33, 33]",32.96190476190476,"[32.93904761904762, 32.944761904761904, 32.95428571428571, 32.96190476190476, 32.95619047619048, 32.96952380952381, 32.965714285714284, 32.96952380952381, 32.96, 32.95238095238095, 32.95619047619048, 32.952380952380956, 32.95238095238095, 32.95809523809524, 32.95619047619048, 32.96380952380952, 32.96380952380952, 32.96190476190476, 32.967619047619046, 32.965714285714284, 32.96190476190476, 32.965714285714284, 32.96380952380952, 32.96, 32.96952380952381, 32.967619047619046, 32.96380952380952, 32.95809523809524, 32.96, 32.96380952380952, 32.95619047619048, 32.96380952380952, 32.96380952380952, 32.96380952380952, 32.96380952380952, 32.96380952380952, 32.96380952380952, 32.965714285714284, 32.96380952380952, 32.96, 32.95809523809524, 32.96380952380952, 32.96, 32.96761904761905, 32.96190476190476, 32.965714285714284, 32.96190476190476, 32.95809523809524, 32.965714285714284, 32.97714285714286, 32.967619047619046, 32.96952380952381, 32.96952380952381, 32.967619047619046, 32.96, 32.96190476190476, 32.95619047619047, 32.95619047619047, 32.959999999999994, 32.96380952380952, 32.96380952380952, 32.96380952380952, 32.96761904761905, 32.96380952380952, 32.96190476190476, 32.96380952380952, 32.965714285714284, 32.96380952380952, 32.95238095238095, 32.95238095238095, 32.95047619047619, 32.95619047619047, 32.96190476190476, 32.95809523809524, 32.95238095238095, 32.95428571428572, 32.96190476190476, 32.96, 32.96, 32.967619047619046, 32.96, 32.96190476190476, 32.95809523809524, 32.95238095238095, 32.94857142857143, 32.94857142857143, 32.96, 32.96, 32.96190476190476, 32.95428571428572, 32.95047619047619, 32.95619047619048, 32.95619047619047, 32.96380952380952, 32.96190476190476, 32.96380952380952, 32.96380952380952, 32.965714285714284, 32.95809523809524, 32.96380952380952, 32.971428571428575, 32.971428571428575, 32.96952380952381, 32.965714285714284, 32.965714285714284, 32.96952380952381, 32.96952380952381, 32.965714285714284, 32.96380952380952, 32.965714285714284, 32.967619047619046, 32.96190476190476, 32.965714285714284, 32.965714285714284, 32.96761904761905, 32.97714285714285, 32.97904761904762, 32.97333333333333, 32.97333333333333, 32.96952380952381, 32.96380952380952, 32.96190476190476, 32.965714285714284, 32.96761904761905, 32.965714285714284, 32.96, 32.96380952380952, 32.96, 32.95619047619048, 32.96, 32.96, 32.96380952380952, 32.96380952380952, 32.965714285714284, 32.96, 32.95809523809524, 32.95809523809524, 32.96, 32.965714285714284, 32.967619047619046, 32.97333333333333, 32.96952380952381, 32.96952380952381, 32.96952380952381, 32.971428571428575, 32.96952380952381, 32.967619047619046, 32.96380952380952, 32.96952380952381, 32.965714285714284, 32.96380952380952, 32.96, 32.96380952380952, 32.967619047619046, 32.967619047619046, 32.965714285714284, 32.96, 32.95809523809524, 32.96, 32.967619047619046, 32.96952380952381, 32.97333333333333, 32.971428571428575, 32.96952380952381, 32.965714285714284, 32.967619047619046, 32.96380952380952, 32.965714285714284, 32.967619047619046, 32.965714285714284, 32.96190476190476, 32.95619047619048, 32.96190476190476, 32.96380952380952, 32.96190476190476, 32.96190476190476, 32.96190476190476, 32.96190476190476, 32.95809523809524, 32.95809523809524, 32.95428571428571, 32.95428571428572, 32.95619047619048, 32.96190476190476, 32.959999999999994, 32.96, 32.96, 32.96190476190476, 32.95809523809524, 32.95428571428572, 32.96, 32.95809523809524, 32.96, 32.96380952380952, 32.965714285714284, 32.96952380952381, 32.967619047619046, 32.965714285714284, 32.965714285714284, 32.96761904761905, 32.967619047619046, 32.967619047619046, 32.96380952380952, 32.967619047619046, 32.965714285714284, 32.97142857142857, 32.967619047619046, 32.967619047619046, 32.967619047619046, 32.96, 32.965714285714284, 32.965714285714284, 32.96380952380952, 32.96190476190476, 32.96761904761905, 32.95809523809524, 32.95238095238095, 32.94857142857143, 32.95238095238095, 32.950476190476195, 32.952380952380956, 32.952380952380956, 32.95238095238095, 32.94857142857143, 32.94857142857143, 32.946666666666665, 32.95047619047619, 32.94285714285714, 32.944761904761904, 32.948571428571434, 32.95428571428572, 32.946666666666665, 32.94857142857143, 32.95238095238095, 32.95619047619048, 32.95619047619048, 32.95619047619048, 32.946666666666665, 32.952380952380956, 32.94857142857143, 32.952380952380956, 32.94857142857143, 32.95428571428571, 32.95809523809524, 32.95619047619048, 32.96190476190476, 32.96190476190476, 32.96380952380952, 32.96380952380952, 32.96380952380952, 32.96380952380952, 32.967619047619046, 32.965714285714284, 32.967619047619046, 32.971428571428575, 32.96952380952381, 32.967619047619046, 32.965714285714284, 32.96380952380952, 32.96380952380952, 32.965714285714284, 32.96, 32.96380952380952, 32.96380952380952, 32.96190476190476, 32.96, 32.95619047619048, 32.95619047619048, 32.95809523809524, 32.95619047619047, 32.950476190476195, 32.94857142857143, 32.946666666666665, 32.944761904761904, 32.95047619047619, 32.95238095238095, 32.965714285714284, 32.965714285714284, 32.96190476190476, 32.96380952380952, 32.965714285714284, 32.96380952380952, 32.965714285714284, 32.96380952380952, 32.96190476190476, 32.95809523809524, 32.95809523809524, 32.95428571428571, 32.95047619047619, 32.95619047619048, 32.95619047619048, 32.95809523809524, 32.96190476190476, 32.96, 32.96, 32.96190476190476, 32.96380952380952, 32.96380952380952, 32.96190476190476, 32.95809523809524, 32.95428571428571, 32.95619047619048, 32.96, 32.95809523809524, 32.96190476190476, 32.96380952380952, 32.96190476190476, 32.96380952380952, 32.96190476190476, 32.95809523809524, 32.95238095238095, 32.95238095238095, 32.95428571428572, 32.96190476190476, 32.96190476190476, 32.95428571428572, 32.95619047619048, 32.95428571428571, 32.95809523809524, 32.95809523809524, 32.95428571428572, 32.95809523809524, 32.95619047619048, 32.95809523809524, 32.965714285714284, 32.96380952380952, 32.96190476190476, 32.96, 32.96190476190476, 32.96190476190476]",0.7778878623502505,0.7457587819298992,33,"[33, 33, 33, 33, 33, 33, 33, 33, 33, 33, 33, 33, 33, 33, 33, 33, 33, 33, 33, 33, 33, 33, 33, 33, 33, 33, 33, 33, 33, 33, 33, 33, 33, 33, 33, 33, 33, 33, 33, 33, 33, 33, 33, 33, 33, 33, 33, 33, 33, 33, 33, 33, 33, 33, 33, 33, 33, 33, 33, 33, 33, 33, 33, 33, 33, 33, 33, 33, 33, 33, 33, 33, 33, 33, 33, 33, 33, 33, 33, 33, 33, 33, 33, 33, 33, 33, 33, 33, 33, 33, 33, 33, 33, 33, 33, 33, 33, 33, 33, 33, 33, 33, 33, 33, 33, 33, 33, 33, 33, 33, 33, 33, 33, 33, 33, 33, 33, 33, 33, 33, 33, 33, 33, 33, 33, 33, 33, 33, 33, 33, 33, 33, 33, 33, 33, 33, 33, 33, 33, 33, 33, 33, 33, 33, 33, 33, 33, 33, 33, 33, 33, 33, 33, 33, 33, 33, 33, 33, 33, 33, 33, 33, 33, 33, 33, 33, 33, 33, 33, 33, 33, 33, 33, 33, 33, 33, 33, 33, 33, 33, 33, 33, 33, 33, 33, 33, 33, 33, 33, 33, 33, 33, 33, 33, 33, 33, 33, 33, 33, 33, 33, 33, 33, 33, 33, 33, 33, 33, 33, 33, 33, 33, 33, 33, 33, 33, 33, 33, 33, 33, 33, 33, 33, 33, 33, 33, 33, 33, 33, 33, 33, 33, 33, 33, 33, 33, 33, 33, 33, 33, 33, 33, 33, 33, 33, 33, 33, 33, 33, 33, 33, 33, 33, 33, 33, 33, 33, 33, 33, 33, 33, 33, 33, 33, 33, 33, 33, 33, 33, 33, 33, 33, 33, 33, 33, 33, 33, 33, 33, 33, 33, 33, 33, 33, 33, 33, 33, 33, 33, 33, 33, 33, 33, 33, 33, 33, 33, 33, 33, 33, 33, 33, 33, 33, 33, 33, 33, 33, 33, 33, 33, 33, 33, 33, 33, 33, 33, 33, 33, 33, 33, 33, 33, 33, 33, 33, 33, 33, 33, 33]",330,"[0.570936381816864, 0.5035974979400635, 0.46560603380203247, 0.44305238127708435, 0.42879608273506165, 0.41977623105049133, 0.4136817157268524, 0.40942901372909546, 0.40632492303848267, 0.40396347641944885, 0.4020887017250061, 0.4006757438182831, 0.399474561214447, 0.39842087030410767, 0.3975291848182678, 0.39673924446105957, 0.39601466059684753, 0.39532431960105896, 0.3946789801120758, 0.3940528929233551, 0.3934727609157562, 0.3929014503955841, 0.39236247539520264, 0.3918331265449524, 0.3913198411464691, 0.3908362090587616, 0.3903481364250183, 0.38990071415901184, 0.3894495666027069, 0.3890225887298584, 0.38858944177627563, 0.38817068934440613, 0.38776856660842896, 0.38736358284950256, 0.38695046305656433, 0.3865680694580078, 0.3862021565437317, 0.3858341574668884, 0.38547027111053467, 0.3851134479045868, 0.38475239276885986, 0.38440459966659546, 0.3840518891811371, 0.38372138142585754, 0.383384108543396, 0.3830612599849701, 0.38276413083076477, 0.3824618458747864, 0.38216155767440796, 0.3818712532520294, 0.38156309723854065, 0.3812752068042755, 0.3810071051120758, 0.3807401955127716, 0.3804765045642853, 0.3802112936973572, 0.37995001673698425, 0.37968337535858154, 0.3794480562210083, 0.37920695543289185, 0.3789519965648651, 0.37871646881103516, 0.37846294045448303, 0.3782283365726471, 0.37800511717796326, 0.37778693437576294, 0.3775840699672699, 0.37736138701438904, 0.3771539330482483, 0.37694159150123596, 0.376738965511322, 0.3765409588813782, 0.3763488829135895, 0.37615394592285156, 0.3759378492832184, 0.37574195861816406, 0.3755550682544708, 0.37537238001823425, 0.3751727342605591, 0.37497544288635254, 0.3747832775115967, 0.3745998442173004, 0.3744083344936371, 0.37422171235084534, 0.37403979897499084, 0.37387847900390625, 0.37369751930236816, 0.37353014945983887, 0.37336108088493347, 0.3731999099254608, 0.3730325400829315, 0.3728618621826172, 0.3727109134197235, 0.3725407123565674, 0.37238162755966187, 0.3722292184829712, 0.37206581234931946, 0.3719039261341095, 0.37175452709198, 0.3716045320034027, 0.37146469950675964, 0.37130650877952576, 0.3711703419685364, 0.37103015184402466, 0.37091144919395447, 0.3707801103591919, 0.3706527650356293, 0.37049025297164917, 0.37033432722091675, 0.37016814947128296, 0.3700326085090637, 0.3698866665363312, 0.36974895000457764, 0.36960911750793457, 0.36947593092918396, 0.36932823061943054, 0.36918118596076965, 0.36904582381248474, 0.36890628933906555, 0.36876556277275085, 0.36863189935684204, 0.3684796988964081, 0.3683452606201172, 0.368245393037796, 0.3681155741214752, 0.3680063486099243, 0.3678581714630127, 0.36773189902305603, 0.3676077723503113, 0.3674972653388977, 0.36739176511764526, 0.367267906665802, 0.3671420216560364, 0.36700859665870667, 0.36688828468322754, 0.3667668104171753, 0.3666459619998932, 0.3665306568145752, 0.3664085865020752, 0.3662838041782379, 0.3661593198776245, 0.36604174971580505, 0.36592715978622437, 0.36581021547317505, 0.36569300293922424, 0.3655874729156494, 0.3654685616493225, 0.36534637212753296, 0.3652265965938568, 0.36512047052383423, 0.36500123143196106, 0.36490094661712646, 0.3647950291633606, 0.3646780252456665, 0.3645663559436798, 0.3644566833972931, 0.3643280267715454, 0.3642088770866394, 0.3640972077846527, 0.36398395895957947, 0.3638738691806793, 0.36376702785491943, 0.36366158723831177, 0.3635590374469757, 0.36346113681793213, 0.36335909366607666, 0.36323806643486023, 0.3631380796432495, 0.36301344633102417, 0.362906277179718, 0.36279162764549255, 0.3626786172389984, 0.362577348947525, 0.3624725341796875, 0.36236506700515747, 0.3622463643550873, 0.3621160387992859, 0.36201685667037964, 0.3619152903556824, 0.3618016541004181, 0.361693799495697, 0.3615879416465759, 0.36150211095809937, 0.36140623688697815, 0.36129677295684814, 0.36119627952575684, 0.3610983192920685, 0.36099132895469666, 0.36090004444122314, 0.3607923984527588, 0.36069297790527344, 0.3605964183807373, 0.36048710346221924, 0.36038699746131897, 0.36027950048446655, 0.3601687252521515, 0.36005496978759766, 0.3599574565887451, 0.3598482012748718, 0.3597598671913147, 0.35966670513153076, 0.3595739006996155, 0.35946395993232727, 0.3593595027923584, 0.35925471782684326, 0.3591500222682953, 0.35903871059417725, 0.3589321970939636, 0.35883912444114685, 0.35872700810432434, 0.358608603477478, 0.3585180938243866, 0.3584285378456116, 0.3583274781703949, 0.35821080207824707, 0.3581058979034424, 0.35799920558929443, 0.3578900992870331, 0.35779353976249695, 0.3576955795288086, 0.3576034903526306, 0.3575071692466736, 0.35739004611968994, 0.3572903871536255, 0.35718783736228943, 0.35708290338516235, 0.35697972774505615, 0.3568879961967468, 0.35678428411483765, 0.3566995859146118, 0.35660865902900696, 0.35649627447128296, 0.3564051389694214, 0.35629138350486755, 0.35618963837623596, 0.3560818135738373, 0.35597750544548035, 0.35585856437683105, 0.35576096177101135, 0.3556649386882782, 0.35557177662849426, 0.35546544194221497, 0.3553727865219116, 0.35527920722961426, 0.3551849126815796, 0.35508936643600464, 0.3549932539463043, 0.35488444566726685, 0.3547896146774292, 0.3546760678291321, 0.3545694053173065, 0.354471355676651, 0.3543677031993866, 0.35427266359329224, 0.35414206981658936, 0.3540401756763458, 0.3539382219314575, 0.35382694005966187, 0.3537156581878662, 0.3536252975463867, 0.35353103280067444, 0.3534140884876251, 0.35330840945243835, 0.3531933128833771, 0.35309475660324097, 0.35298728942871094, 0.35289549827575684, 0.3527694642543793, 0.3526685833930969, 0.3525610864162445, 0.3524543046951294, 0.3523593544960022, 0.35226476192474365, 0.35215115547180176, 0.35204851627349854, 0.35193541646003723, 0.35185855627059937, 0.3517577350139618, 0.35164737701416016, 0.35154038667678833, 0.35145407915115356, 0.3513559401035309, 0.35123851895332336, 0.35114502906799316, 0.35104233026504517, 0.3509415090084076, 0.3508307635784149, 0.35072562098503113, 0.35061442852020264, 0.3505140244960785, 0.3504215180873871, 0.35030487179756165, 0.35022076964378357, 0.3501116931438446, 0.3500225841999054, 0.34991317987442017, 0.34981417655944824, 0.3497275412082672, 0.34963953495025635, 0.3495368957519531, 0.34943336248397827, 0.3493373990058899, 0.34925025701522827, 0.34913837909698486, 0.34903475642204285, 0.3489256799221039, 0.3488277196884155, 0.3487125337123871, 0.34862685203552246, 0.3485225737094879, 0.3484189510345459, 0.3483050465583801, 0.3481919467449188, 0.34809666872024536, 0.3479963541030884, 0.3479052484035492, 0.347788006067276, 0.3476863205432892, 0.3475895822048187, 0.34748995304107666, 0.34738579392433167, 0.3472835123538971, 0.34717342257499695, 0.34705764055252075, 0.34696677327156067, 0.3468516170978546, 0.3467476963996887, 0.3466494083404541, 0.34653300046920776, 0.3464256525039673]",33.0,"[33.0, 33.0, 33.0, 33.0, 33.0, 33.0, 33.0, 33.0, 33.0, 33.0, 33.0, 33.0, 33.0, 33.0, 33.0, 33.0, 33.0, 33.0, 33.0, 33.0, 33.0, 33.0, 33.0, 33.0, 33.0, 33.0, 33.0, 33.0, 33.0, 33.0, 33.0, 33.0, 33.0, 33.0, 33.0, 33.0, 33.0, 33.0, 33.0, 33.0, 33.0, 33.0, 33.0, 33.0, 33.0, 33.0, 33.0, 33.0, 33.0, 33.0, 33.0, 33.0, 33.0, 33.0, 33.0, 33.0, 33.0, 33.0, 33.0, 33.0, 33.0, 33.0, 33.0, 33.0, 33.0, 33.0, 33.0, 33.0, 33.0, 33.0, 33.0, 33.0, 33.0, 33.0, 33.0, 33.0, 33.0, 33.0, 33.0, 33.0, 33.0, 33.0, 33.0, 33.0, 33.0, 33.0, 33.0, 33.0, 33.0, 33.0, 33.0, 33.0, 33.0, 33.0, 33.0, 33.0, 33.0, 33.0, 33.0, 33.0, 33.0, 33.0, 33.0, 33.0, 33.0, 33.0, 33.0, 33.0, 33.0, 33.0, 33.0, 33.0, 33.0, 33.0, 33.0, 33.0, 33.0, 33.0, 33.0, 33.0, 33.0, 33.0, 33.0, 33.0, 33.0, 33.0, 33.0, 33.0, 33.0, 33.0, 33.0, 33.0, 33.0, 33.0, 33.0, 33.0, 33.0, 33.0, 33.0, 33.0, 33.0, 33.0, 33.0, 33.0, 33.0, 33.0, 33.0, 33.0, 33.0, 33.0, 33.0, 33.0, 33.0, 33.0, 33.0, 33.0, 33.0, 33.0, 33.0, 33.0, 33.0, 33.0, 33.0, 33.0, 33.0, 33.0, 33.0, 33.0, 33.0, 33.0, 33.0, 33.0, 33.0, 33.0, 33.0, 33.0, 33.0, 33.0, 33.0, 33.0, 33.0, 33.0, 33.0, 33.0, 33.0, 33.0, 33.0, 33.0, 33.0, 33.0, 33.0, 33.0, 33.0, 33.0, 33.0, 33.0, 33.0, 33.0, 33.0, 33.0, 33.0, 33.0, 33.0, 33.0, 33.0, 33.0, 33.0, 33.0, 33.0, 33.0, 33.0, 33.0, 33.0, 33.0, 33.0, 33.0, 33.0, 33.0, 33.0, 33.0, 33.0, 33.0, 33.0, 33.0, 33.0, 33.0, 33.0, 33.0, 33.0, 33.0, 33.0, 33.0, 33.0, 33.0, 33.0, 33.0, 33.0, 33.0, 33.0, 33.0, 33.0, 33.0, 33.0, 33.0, 33.0, 33.0, 33.0, 33.0, 33.0, 33.0, 33.0, 33.0, 33.0, 33.0, 33.0, 33.0, 33.0, 33.0, 33.0, 33.0, 33.0, 33.0, 33.0, 33.0, 33.0, 33.0, 33.0, 33.0, 33.0, 33.0, 33.0, 33.0, 33.0, 33.0, 33.0, 33.0, 33.0, 33.0, 33.0, 33.0, 33.0, 33.0, 33.0, 33.0, 33.0, 33.0, 33.0, 33.0, 33.0, 33.0, 33.0, 33.0, 33.0, 33.0, 33.0, 33.0, 33.0, 33.0, 33.0, 33.0, 33.0, 33.0, 33.0, 33.0, 33.0, 33.0, 33.0, 33.0, 33.0, 33.0, 33.0, 33.0, 33.0, 33.0, 33.0, 33.0, 33.0, 33.0, 33.0, 33.0, 33.0, 33.0, 33.0, 33.0, 33.0, 33.0, 33.0, 33.0, 33.0, 33.0]",COMPLETE
