,number,value,datetime_start,datetime_complete,duration,params_batch_size_scaler,params_constant_learning_rate,params_depth,params_epochs,params_kernel_l2,params_num_trees,params_temperature,user_attrs_accuracy_test,user_attrs_accuracy_valid,user_attrs_approximate_feature_sparsity,user_attrs_approximate_feature_sparsity_history,user_attrs_approximate_weight_sparsity,user_attrs_approximate_weight_sparsity_history,user_attrs_auc_test,user_attrs_auc_valid,user_attrs_feature_sparsity,user_attrs_feature_sparsity_history,user_attrs_num_epochs,user_attrs_val_loss_history,user_attrs_weight_sparsity,user_attrs_weight_sparsity_history,state
172,172,0.7899614844585281,2024-08-31 07:27:37.727171,2024-08-31 07:27:54.593975,0 days 00:00:16.866804,4,1.6931478218231046,2,85,0.0032967806953401297,20,0.0027839412361662565,0.885,0.8825,2,"[18, 5, 4, 3, 2, 2, 2, 2, 2, 2, 2, 2, 2, 2, 2, 2, 2, 2, 2, 2, 2, 2, 2, 2, 2, 2, 2, 2, 2, 2, 2, 2, 2, 2, 2, 2, 2, 2, 2, 2, 2, 2, 2, 2, 2, 2, 2, 2, 2, 2, 2, 2, 2, 2, 2, 2, 2, 2, 2, 2, 2, 2, 2, 2, 2, 2, 2, 2, 2, 2, 2, 2, 2, 2, 2, 2, 2, 2, 2, 2, 2, 2, 2, 2, 2]",2.0,"[17.983333333333334, 5.0, 4.0, 3.0, 2.0, 2.0, 2.0, 2.0, 2.0, 2.0, 2.0, 2.0, 2.0, 2.0, 2.0, 2.0, 2.0, 2.0, 2.0, 2.0, 2.0, 2.0, 2.0, 2.0, 2.0, 2.0, 2.0, 2.0, 2.0, 2.0, 2.0, 2.0, 2.0, 2.0, 2.0, 2.0, 2.0, 2.0, 2.0, 2.0, 2.0, 2.0, 2.0, 2.0, 2.0, 2.0, 2.0, 2.0, 2.0, 2.0, 2.0, 2.0, 2.0, 2.0, 2.0, 2.0, 2.0, 2.0, 2.0, 2.0, 2.0, 2.0, 2.0, 1.9833333333333334, 1.9833333333333334, 1.9833333333333334, 2.0, 1.9833333333333334, 2.0, 2.0, 2.0, 2.0, 2.0, 2.0, 2.0, 2.0, 2.0, 2.0, 2.0, 2.0, 2.0, 2.0, 2.0, 2.0, 2.0]",0.7598271121789315,0.7899614844585281,2,"[18, 5, 4, 3, 2, 2, 2, 2, 2, 2, 2, 2, 2, 2, 2, 2, 2, 2, 2, 2, 2, 2, 2, 2, 2, 2, 2, 2, 2, 2, 2, 2, 2, 2, 2, 2, 2, 2, 2, 2, 2, 2, 2, 2, 2, 2, 2, 2, 2, 2, 2, 2, 2, 2, 2, 2, 2, 2, 2, 2, 2, 2, 2, 2, 2, 2, 2, 2, 2, 2, 2, 2, 2, 2, 2, 2, 2, 2, 2, 2, 2, 2, 2, 2, 2]",85,"[0.8417921662330627, 0.34169092774391174, 0.3122054934501648, 0.3197319209575653, 0.33525028824806213, 0.3351458013057709, 0.37364429235458374, 0.5189090371131897, 0.3268495202064514, 0.3269396722316742, 0.32764899730682373, 0.34210482239723206, 0.3252372741699219, 0.4268159568309784, 0.3384072780609131, 0.6135638952255249, 0.3375700116157532, 0.3288143277168274, 0.342019647359848, 0.32379862666130066, 0.4828534424304962, 0.39073726534843445, 0.3229043483734131, 0.3451419174671173, 0.33595871925354004, 0.33686381578445435, 0.33480072021484375, 0.32453349232673645, 0.3278195261955261, 0.33259299397468567, 0.32881033420562744, 0.32521167397499084, 0.33030033111572266, 0.32672318816185, 0.3321770429611206, 0.44251859188079834, 0.3363775908946991, 0.3271484375, 0.34896141290664673, 0.33998575806617737, 0.3448241353034973, 0.3259303569793701, 0.3295867145061493, 0.33832865953445435, 0.321416437625885, 0.3747640550136566, 0.371799111366272, 0.4019947052001953, 0.3212164640426636, 0.3732696771621704, 0.4900883138179779, 0.319100558757782, 0.31970515847206116, 0.34607353806495667, 0.3572802245616913, 0.34266117215156555, 0.3662092685699463, 0.3784272074699402, 0.36621028184890747, 0.37372592091560364, 0.32110023498535156, 0.3187578320503235, 0.43872004747390747, 0.32183560729026794, 0.3369234800338745, 0.33814528584480286, 0.32292240858078003, 0.3412719666957855, 0.3841051161289215, 0.3839245140552521, 0.32163459062576294, 0.3372313380241394, 0.35739490389823914, 0.3297402858734131, 0.32167911529541016, 0.4174617826938629, 0.3941883444786072, 0.32205426692962646, 0.3284631669521332, 0.47307515144348145, 0.33213502168655396, 0.3367091119289398, 0.5048503279685974, 0.33876273036003113, 0.3315120041370392]",2.0,"[18.0, 5.0, 4.0, 3.0, 2.0, 2.0, 2.0, 2.0, 2.0, 2.0, 2.0, 2.0, 2.0, 2.0, 2.0, 2.0, 2.0, 2.0, 2.0, 2.0, 2.0, 2.0, 2.0, 2.0, 2.0, 2.0, 2.0, 2.0, 2.0, 2.0, 2.0, 2.0, 2.0, 2.0, 2.0, 2.0, 2.0, 2.0, 2.0, 2.0, 2.0, 2.0, 2.0, 2.0, 2.0, 2.0, 2.0, 2.0, 2.0, 2.0, 2.0, 2.0, 2.0, 2.0, 2.0, 2.0, 2.0, 2.0, 2.0, 2.0, 2.0, 2.0, 2.0, 2.0, 2.0, 2.0, 2.0, 2.0, 2.0, 2.0, 2.0, 2.0, 2.0, 2.0, 2.0, 2.0, 2.0, 2.0, 2.0, 2.0, 2.0, 2.0, 2.0, 2.0, 2.0]",COMPLETE
