,number,value,datetime_start,datetime_complete,duration,params_batch_size_scaler,params_constant_learning_rate,params_depth,params_epochs,params_kernel_l2,params_num_trees,params_temperature,user_attrs_accuracy_test,user_attrs_accuracy_valid,user_attrs_approximate_feature_sparsity,user_attrs_approximate_feature_sparsity_history,user_attrs_approximate_weight_sparsity,user_attrs_approximate_weight_sparsity_history,user_attrs_auc_test,user_attrs_auc_valid,user_attrs_feature_sparsity,user_attrs_feature_sparsity_history,user_attrs_num_epochs,user_attrs_val_loss_history,user_attrs_weight_sparsity,user_attrs_weight_sparsity_history,state
49,49,0.9164509023457124,2024-08-31 02:30:36.850520,2024-08-31 02:31:25.531056,0 days 00:00:48.680536,16,0.4531425351962744,3,205,0.0055621205242024135,28,0.0032930562677761337,0.935,0.9425,10,"[33, 33, 33, 33, 33, 33, 33, 33, 33, 33, 33, 33, 33, 33, 33, 33, 32, 32, 32, 30, 24, 23, 19, 19, 18, 16, 15, 15, 14, 14, 14, 13, 13, 13, 12, 12, 12, 12, 12, 11, 11, 11, 11, 11, 11, 11, 11, 10, 10, 10, 10, 10, 10, 10, 10, 10, 10, 10, 10, 10, 10, 10, 10, 10, 10, 10, 10, 10, 10, 10, 10, 10, 10, 10, 10, 10, 10, 10, 10, 10, 10, 10, 10, 10, 10, 10, 10, 10, 10, 10, 10, 10, 10, 10, 10, 10, 10, 10, 10, 10, 10, 10, 10, 10, 10, 10, 10, 10, 10, 10, 10, 10, 10, 10, 10, 10, 10, 10, 10, 10, 10, 10, 10, 10, 10, 10, 10, 10, 10, 10, 10, 10, 10, 10, 10, 10, 10, 10, 10, 10, 10, 10, 10, 10, 10, 10, 10, 10, 10, 10, 10, 10, 10, 10, 10, 10, 10, 10, 10, 10, 10, 10, 10, 10, 10, 10, 10, 10, 10, 10, 10, 10, 10, 10, 10, 10, 10, 10, 10, 10, 10, 10, 10, 10, 10, 10, 10, 10, 10, 10, 10, 10, 10, 10, 10, 10, 10, 10, 10, 10, 10, 10, 10, 10, 10]",9.994897959183675,"[32.97448979591837, 32.98979591836735, 32.98979591836735, 32.98979591836735, 32.9795918367347, 32.984693877551024, 32.9795918367347, 32.95918367346939, 32.994897959183675, 32.9795918367347, 32.98979591836735, 32.98979591836735, 32.97448979591837, 32.9795918367347, 32.994897959183675, 32.97448979591837, 31.964285714285715, 31.97448979591837, 31.98979591836735, 29.989795918367346, 23.98979591836735, 23.0, 18.994897959183675, 18.994897959183675, 17.98469387755102, 15.98469387755102, 14.979591836734695, 15.0, 13.989795918367347, 13.989795918367347, 13.979591836734695, 12.994897959183675, 12.989795918367347, 12.994897959183675, 12.0, 11.994897959183675, 11.989795918367347, 11.994897959183675, 12.0, 10.994897959183675, 10.989795918367347, 10.979591836734695, 10.98469387755102, 10.98469387755102, 10.98469387755102, 10.98469387755102, 10.994897959183675, 9.994897959183675, 9.994897959183675, 9.989795918367347, 9.994897959183675, 10.0, 9.994897959183675, 10.0, 9.989795918367347, 10.0, 9.994897959183675, 9.994897959183675, 10.0, 10.0, 10.0, 9.994897959183675, 9.994897959183675, 9.989795918367347, 9.994897959183675, 10.0, 9.989795918367347, 9.979591836734695, 9.994897959183675, 10.0, 9.994897959183675, 9.989795918367347, 9.989795918367347, 9.994897959183675, 10.0, 9.994897959183675, 10.0, 10.0, 10.0, 9.98469387755102, 9.98469387755102, 9.994897959183675, 9.989795918367347, 9.994897959183675, 9.994897959183675, 9.989795918367347, 9.989795918367347, 9.989795918367347, 9.994897959183675, 9.989795918367347, 9.994897959183675, 9.989795918367347, 10.0, 10.0, 10.0, 9.994897959183675, 9.994897959183675, 9.994897959183675, 10.0, 10.0, 9.994897959183675, 9.979591836734695, 9.989795918367347, 9.994897959183675, 9.98469387755102, 9.98469387755102, 9.989795918367347, 9.994897959183675, 9.994897959183675, 9.994897959183675, 10.0, 10.0, 10.0, 10.0, 10.0, 10.0, 9.994897959183675, 10.0, 10.0, 10.0, 9.994897959183675, 10.0, 10.0, 9.994897959183675, 9.994897959183675, 9.994897959183675, 9.994897959183675, 9.994897959183675, 9.994897959183675, 9.994897959183675, 9.994897959183675, 9.994897959183675, 10.0, 10.0, 9.994897959183675, 9.994897959183675, 9.989795918367347, 10.0, 9.994897959183675, 9.994897959183675, 9.994897959183675, 10.0, 9.98469387755102, 9.989795918367347, 9.989795918367347, 9.994897959183675, 9.989795918367347, 9.989795918367347, 9.989795918367347, 9.98469387755102, 9.989795918367347, 9.994897959183675, 9.994897959183675, 10.0, 9.989795918367347, 9.994897959183675, 10.0, 9.994897959183675, 9.994897959183675, 9.994897959183675, 10.0, 10.0, 10.0, 9.994897959183675, 9.994897959183675, 9.994897959183675, 9.994897959183675, 9.994897959183675, 9.989795918367347, 10.0, 9.994897959183675, 10.0, 10.0, 10.0, 10.0, 10.0, 10.0, 10.0, 9.994897959183675, 10.0, 10.0, 10.0, 10.0, 9.989795918367347, 9.989795918367347, 10.0, 9.989795918367347, 9.994897959183675, 10.0, 10.0, 9.989795918367347, 9.989795918367347, 9.979591836734695, 10.0, 9.994897959183675, 9.994897959183675, 9.994897959183675, 9.989795918367347, 10.0, 9.989795918367347, 9.989795918367347, 9.994897959183675, 9.994897959183675, 10.0, 9.994897959183675]",0.8891090580338344,0.9164509023457124,10,"[33, 33, 33, 33, 33, 33, 33, 33, 33, 33, 33, 33, 33, 33, 33, 33, 32, 32, 32, 30, 24, 23, 19, 19, 18, 16, 15, 15, 14, 14, 14, 13, 13, 13, 12, 12, 12, 12, 12, 11, 11, 11, 11, 11, 11, 11, 11, 10, 10, 10, 10, 10, 10, 10, 10, 10, 10, 10, 10, 10, 10, 10, 10, 10, 10, 10, 10, 10, 10, 10, 10, 10, 10, 10, 10, 10, 10, 10, 10, 10, 10, 10, 10, 10, 10, 10, 10, 10, 10, 10, 10, 10, 10, 10, 10, 10, 10, 10, 10, 10, 10, 10, 10, 10, 10, 10, 10, 10, 10, 10, 10, 10, 10, 10, 10, 10, 10, 10, 10, 10, 10, 10, 10, 10, 10, 10, 10, 10, 10, 10, 10, 10, 10, 10, 10, 10, 10, 10, 10, 10, 10, 10, 10, 10, 10, 10, 10, 10, 10, 10, 10, 10, 10, 10, 10, 10, 10, 10, 10, 10, 10, 10, 10, 10, 10, 10, 10, 10, 10, 10, 10, 10, 10, 10, 10, 10, 10, 10, 10, 10, 10, 10, 10, 10, 10, 10, 10, 10, 10, 10, 10, 10, 10, 10, 10, 10, 10, 10, 10, 10, 10, 10, 10, 10, 10]",205,"[0.3875496983528137, 0.3764289915561676, 0.3704349100589752, 0.36476629972457886, 0.3615129590034485, 0.3578011989593506, 0.3542211055755615, 0.3507983684539795, 0.34605246782302856, 0.3448975682258606, 0.33888423442840576, 0.33440348505973816, 0.3309023380279541, 0.3255581557750702, 0.3205447793006897, 0.3181639313697815, 0.31526318192481995, 0.307264506816864, 0.30249297618865967, 0.2965525686740875, 0.2902590036392212, 0.28731751441955566, 0.2828024625778198, 0.27965787053108215, 0.2747507691383362, 0.27504855394363403, 0.27220627665519714, 0.26990023255348206, 0.27070462703704834, 0.2680024802684784, 0.26726794242858887, 0.26605740189552307, 0.2652711272239685, 0.26061591506004333, 0.26287516951560974, 0.26156046986579895, 0.2601107060909271, 0.25855934619903564, 0.2565266489982605, 0.2566964626312256, 0.2557034492492676, 0.2577410638332367, 0.25631722807884216, 0.2520732879638672, 0.2512704133987427, 0.24953693151474, 0.24762243032455444, 0.2502365708351135, 0.2496538758277893, 0.24755364656448364, 0.24622291326522827, 0.24462243914604187, 0.2432975322008133, 0.2427746206521988, 0.24117134511470795, 0.23995113372802734, 0.23928312957286835, 0.23776176571846008, 0.2371484786272049, 0.23680564761161804, 0.235512375831604, 0.23644495010375977, 0.2350688874721527, 0.23275388777256012, 0.23184314370155334, 0.23147904872894287, 0.22961021959781647, 0.22928939759731293, 0.22842536866664886, 0.22762970626354218, 0.22710280120372772, 0.2263462096452713, 0.2272575944662094, 0.22527198493480682, 0.22421836853027344, 0.22409331798553467, 0.22435295581817627, 0.22279706597328186, 0.22268906235694885, 0.22196471691131592, 0.22433070838451385, 0.2216043919324875, 0.22017647325992584, 0.2204885333776474, 0.21974411606788635, 0.2211521714925766, 0.2189742624759674, 0.2188136875629425, 0.21761751174926758, 0.21820995211601257, 0.21801476180553436, 0.21679829061031342, 0.21607011556625366, 0.21571391820907593, 0.21659469604492188, 0.21565936505794525, 0.21472924947738647, 0.21638333797454834, 0.21419979631900787, 0.2142409384250641, 0.21390609443187714, 0.21354547142982483, 0.21298591792583466, 0.21274244785308838, 0.21296097338199615, 0.2123161107301712, 0.21473713219165802, 0.21223154664039612, 0.21143792569637299, 0.21189071238040924, 0.21118788421154022, 0.21393173933029175, 0.2108839750289917, 0.21016384661197662, 0.21013396978378296, 0.2117575854063034, 0.20856958627700806, 0.20965532958507538, 0.20829170942306519, 0.20878927409648895, 0.20990820229053497, 0.20970219373703003, 0.20937538146972656, 0.2085285633802414, 0.20787052810192108, 0.2072003036737442, 0.20822355151176453, 0.2078859508037567, 0.21023701131343842, 0.20870651304721832, 0.20680922269821167, 0.20741944015026093, 0.2051888257265091, 0.2056184709072113, 0.20497964322566986, 0.20602193474769592, 0.20648670196533203, 0.20756271481513977, 0.20808131992816925, 0.20636588335037231, 0.20574501156806946, 0.20372338593006134, 0.20493832230567932, 0.20488624274730682, 0.20430169999599457, 0.20604397356510162, 0.2049233615398407, 0.20411275327205658, 0.2037033885717392, 0.20370014011859894, 0.20354311168193817, 0.20450401306152344, 0.20411795377731323, 0.2034866213798523, 0.20316572487354279, 0.2029946744441986, 0.20159439742565155, 0.20059292018413544, 0.20153476297855377, 0.20177090167999268, 0.2028525024652481, 0.20168334245681763, 0.20382365584373474, 0.2037154585123062, 0.2014956921339035, 0.20256555080413818, 0.20237138867378235, 0.20223793387413025, 0.20081913471221924, 0.19957469403743744, 0.20014429092407227, 0.20049172639846802, 0.20272955298423767, 0.20202697813510895, 0.20055274665355682, 0.19903449714183807, 0.20015476644039154, 0.2012404501438141, 0.20023225247859955, 0.2023663967847824, 0.1990741342306137, 0.20010574162006378, 0.1997091919183731, 0.19857677817344666, 0.1988314837217331, 0.19809409976005554, 0.19774329662322998, 0.198478564620018, 0.1988811045885086, 0.19852568209171295, 0.19920861721038818, 0.1976577341556549, 0.1976087987422943, 0.19756339490413666, 0.19679124653339386, 0.19797958433628082, 0.19860978424549103, 0.197403684258461, 0.20293216407299042, 0.1981344074010849, 0.19657455384731293, 0.19723939895629883, 0.19579631090164185, 0.19729532301425934, 0.196208655834198]",10.0,"[33.0, 33.0, 33.0, 33.0, 33.0, 33.0, 33.0, 33.0, 33.0, 33.0, 33.0, 33.0, 33.0, 33.0, 33.0, 33.0, 32.0, 32.0, 32.0, 30.0, 24.0, 23.0, 19.0, 19.0, 18.0, 16.0, 15.0, 15.0, 14.0, 14.0, 14.0, 13.0, 13.0, 13.0, 12.0, 12.0, 12.0, 12.0, 12.0, 11.0, 11.0, 11.0, 11.0, 11.0, 11.0, 11.0, 11.0, 10.0, 10.0, 10.0, 10.0, 10.0, 10.0, 10.0, 10.0, 10.0, 10.0, 10.0, 10.0, 10.0, 10.0, 10.0, 10.0, 10.0, 10.0, 10.0, 10.0, 10.0, 10.0, 10.0, 10.0, 10.0, 10.0, 10.0, 10.0, 10.0, 10.0, 10.0, 10.0, 10.0, 10.0, 10.0, 10.0, 10.0, 10.0, 10.0, 10.0, 10.0, 10.0, 10.0, 10.0, 10.0, 10.0, 10.0, 10.0, 10.0, 10.0, 10.0, 10.0, 10.0, 10.0, 10.0, 10.0, 10.0, 10.0, 10.0, 10.0, 10.0, 10.0, 10.0, 10.0, 10.0, 10.0, 10.0, 10.0, 10.0, 10.0, 10.0, 10.0, 10.0, 10.0, 10.0, 10.0, 10.0, 10.0, 10.0, 10.0, 10.0, 10.0, 10.0, 10.0, 10.0, 10.0, 10.0, 10.0, 10.0, 10.0, 10.0, 10.0, 10.0, 10.0, 10.0, 10.0, 10.0, 10.0, 10.0, 10.0, 10.0, 10.0, 10.0, 10.0, 10.0, 10.0, 10.0, 10.0, 10.0, 10.0, 10.0, 10.0, 10.0, 10.0, 10.0, 10.0, 10.0, 10.0, 10.0, 10.0, 10.0, 10.0, 10.0, 10.0, 10.0, 10.0, 10.0, 10.0, 10.0, 10.0, 10.0, 10.0, 10.0, 10.0, 10.0, 10.0, 10.0, 10.0, 10.0, 10.0, 10.0, 10.0, 10.0, 10.0, 10.0, 10.0, 10.0, 10.0, 10.0, 10.0, 10.0, 10.0, 10.0, 10.0, 10.0, 10.0, 10.0, 10.0]",COMPLETE
50,50,0.6904715899576199,2024-08-31 02:31:25.547649,2024-08-31 02:32:42.528771,0 days 00:01:16.981122,64,0.10012035881371352,6,25,0.005766702841505706,93,0.0021797492553826438,0.859,0.85875,33,"[33, 33, 33, 33, 33, 33, 33, 33, 33, 33, 33, 33, 33, 33, 33, 33, 33, 33, 33, 33, 33, 33, 33, 33, 33]",32.89691073562041,"[32.89691073562041, 32.89571599249018, 32.89964157706093, 32.89691073562041, 32.89759344598054, 32.89725209080048, 32.89639870285032, 32.89605734767025, 32.89930022188087, 32.90049496501109, 32.90049496501109, 32.902543096091485, 32.90271377368151, 32.90168970814132, 32.89827615634067, 32.89486260454002, 32.89332650622973, 32.8926437958696, 32.892473118279575, 32.893326506229734, 32.89383853899983, 32.89435057176993, 32.89571599249018, 32.89691073562041, 32.89691073562041]",0.7179963506964225,0.6904715899576199,33,"[33, 33, 33, 33, 33, 33, 33, 33, 33, 33, 33, 33, 33, 33, 33, 33, 33, 33, 33, 33, 33, 33, 33, 33, 33]",25,"[0.5320956707000732, 0.483364075422287, 0.4523746967315674, 0.43496590852737427, 0.42481163144111633, 0.4172475039958954, 0.4131106436252594, 0.41035574674606323, 0.40775230526924133, 0.40525463223457336, 0.4041857123374939, 0.4031517505645752, 0.4019819498062134, 0.40102115273475647, 0.4003711938858032, 0.39972105622291565, 0.3993745744228363, 0.39858317375183105, 0.39820611476898193, 0.397794634103775, 0.39721643924713135, 0.39669549465179443, 0.39630356431007385, 0.3958354592323303, 0.39542698860168457]",33.0,"[33.0, 33.0, 33.0, 33.0, 33.0, 33.0, 33.0, 33.0, 33.0, 33.0, 33.0, 33.0, 33.0, 33.0, 33.0, 33.0, 33.0, 33.0, 33.0, 33.0, 33.0, 33.0, 33.0, 33.0, 33.0]",COMPLETE
51,51,0.5,2024-08-31 02:32:44.129340,2024-08-31 02:33:31.981132,0 days 00:00:47.851792,16,0.7364669901281133,2,175,0.10683841755985934,72,0.043421446706860725,0.859,0.85875,0,"[0, 0, 0, 0, 0, 0, 0, 0, 0, 0, 0, 0, 0, 0, 0, 0, 0, 0, 0, 0, 0, 0, 0, 0, 0, 0, 0, 0, 0, 0, 0, 0, 0, 0, 0, 0, 0, 0, 0, 0, 0, 0, 0, 0, 0, 0, 0, 0, 0, 0, 0, 0, 0, 0, 0, 0, 0, 0, 0, 0, 0, 0, 0, 0, 0, 0, 0, 0, 0, 0, 0, 0, 0, 0, 0, 0, 0, 0, 0, 0, 0, 0, 0, 0, 0, 0, 0, 0, 0, 0, 0, 0, 0, 0, 0, 0, 0, 0, 0, 0, 0, 0, 0, 0, 0, 0, 0, 0, 0, 0, 0, 0, 0, 0, 0, 0, 0, 0, 0, 0, 0, 0, 0, 0, 0, 0, 0, 0, 0, 0, 0, 0, 0, 0, 0, 0, 0, 0, 0, 0, 0, 0, 0, 0, 0, 0, 0, 0, 0, 0, 0, 0, 0, 0, 0, 0, 0, 0, 0, 0, 0, 0, 0, 0, 0, 0, 0, 0, 0, 0, 0, 0, 0, 0, 0]",0.0,"[0.0, 0.0, 0.0, 0.0, 0.0, 0.0, 0.0, 0.0, 0.0, 0.0, 0.0, 0.0, 0.0, 0.0, 0.0, 0.0, 0.0, 0.0, 0.0, 0.0, 0.0, 0.0, 0.0, 0.0, 0.0, 0.0, 0.0, 0.0, 0.0, 0.0, 0.0, 0.0, 0.0, 0.0, 0.0, 0.0, 0.0, 0.0, 0.0, 0.0, 0.0, 0.0, 0.0, 0.0, 0.0, 0.0, 0.0, 0.0, 0.0, 0.0, 0.0, 0.0, 0.0, 0.0, 0.0, 0.0, 0.0, 0.0, 0.0, 0.0, 0.0, 0.0, 0.0, 0.0, 0.0, 0.0, 0.0, 0.0, 0.0, 0.0, 0.0, 0.0, 0.0, 0.0, 0.0, 0.0, 0.0, 0.0, 0.0, 0.0, 0.0, 0.0, 0.0, 0.0, 0.0, 0.0, 0.0, 0.0, 0.0, 0.0, 0.0, 0.0, 0.0, 0.0, 0.0, 0.0, 0.0, 0.0, 0.0, 0.0, 0.0, 0.0, 0.0, 0.0, 0.0, 0.0, 0.0, 0.0, 0.0, 0.0, 0.0, 0.0, 0.0, 0.0, 0.0, 0.0, 0.0, 0.0, 0.0, 0.0, 0.0, 0.0, 0.0, 0.0, 0.0, 0.0, 0.0, 0.0, 0.0, 0.0, 0.0, 0.0, 0.0, 0.0, 0.0, 0.0, 0.0, 0.0, 0.0, 0.0, 0.0, 0.0, 0.0, 0.0, 0.0, 0.0, 0.0, 0.0, 0.0, 0.0, 0.0, 0.0, 0.0, 0.0, 0.0, 0.0, 0.0, 0.0, 0.0, 0.0, 0.0, 0.0, 0.0, 0.0, 0.0, 0.0, 0.0, 0.0, 0.0, 0.0, 0.0, 0.0, 0.0, 0.0, 0.0]",0.5,0.5,0,"[0, 0, 0, 0, 0, 0, 0, 0, 0, 0, 0, 0, 0, 0, 0, 0, 0, 0, 0, 0, 0, 0, 0, 0, 0, 0, 0, 0, 0, 0, 0, 0, 0, 0, 0, 0, 0, 0, 0, 0, 0, 0, 0, 0, 0, 0, 0, 0, 0, 0, 0, 0, 0, 0, 0, 0, 0, 0, 0, 0, 0, 0, 0, 0, 0, 0, 0, 0, 0, 0, 0, 0, 0, 0, 0, 0, 0, 0, 0, 0, 0, 0, 0, 0, 0, 0, 0, 0, 0, 0, 0, 0, 0, 0, 0, 0, 0, 0, 0, 0, 0, 0, 0, 0, 0, 0, 0, 0, 0, 0, 0, 0, 0, 0, 0, 0, 0, 0, 0, 0, 0, 0, 0, 0, 0, 0, 0, 0, 0, 0, 0, 0, 0, 0, 0, 0, 0, 0, 0, 0, 0, 0, 0, 0, 0, 0, 0, 0, 0, 0, 0, 0, 0, 0, 0, 0, 0, 0, 0, 0, 0, 0, 0, 0, 0, 0, 0, 0, 0, 0, 0, 0, 0, 0, 0]",175,"[0.507756233215332, 0.5459648370742798, 0.49927598237991333, 1.2393778562545776, 0.40907666087150574, 0.4846729040145874, 1.3013148307800293, 0.45477932691574097, 0.41592511534690857, 0.8933301568031311, 0.4411090016365051, 0.4833778440952301, 1.5052757263183594, 0.556566596031189, 1.4370715618133545, 1.5508172512054443, 0.9257445335388184, 0.47279953956604004, 0.4107077419757843, 0.6869633197784424, 1.1116454601287842, 0.46811825037002563, 0.44148385524749756, 0.6756657361984253, 0.5904569029808044, 0.44930243492126465, 0.42111051082611084, 1.3922343254089355, 0.41300833225250244, 0.7973788976669312, 0.4189985394477844, 1.3516954183578491, 1.6045756340026855, 0.41806286573410034, 0.41010338068008423, 0.42079558968544006, 1.3680278062820435, 0.9715788960456848, 0.40795302391052246, 0.8804782032966614, 0.6019840836524963, 0.7940191626548767, 0.4075273275375366, 0.4157179892063141, 1.0029995441436768, 0.4565981924533844, 0.6210730075836182, 0.5701146125793457, 1.0303951501846313, 0.44528278708457947, 1.2548744678497314, 0.6593970656394958, 1.319046139717102, 0.6384877562522888, 0.6580338478088379, 0.7586948275566101, 0.7413036227226257, 1.1295727491378784, 0.7787647843360901, 0.6517980694770813, 0.9602369070053101, 0.8225414156913757, 0.5059619545936584, 0.49064743518829346, 0.4934452176094055, 0.7214210033416748, 0.5495774745941162, 0.4086898863315582, 0.40759673714637756, 1.1297674179077148, 0.4626115560531616, 0.6746568083763123, 0.649741530418396, 0.46865594387054443, 0.6104308366775513, 0.9367943406105042, 0.8135920166969299, 0.526131808757782, 0.42241355776786804, 0.7845869660377502, 0.4409712553024292, 0.5179235339164734, 0.46036937832832336, 0.41355910897254944, 1.6181683540344238, 0.691163182258606, 0.4110656678676605, 1.0745350122451782, 0.5526710748672485, 0.429001122713089, 0.5605817437171936, 0.6591249704360962, 0.4073551595211029, 0.6101166605949402, 1.5703164339065552, 0.41366732120513916, 0.5449581146240234, 0.5624986290931702, 0.5010679364204407, 0.47254058718681335, 0.7962082028388977, 0.4979889988899231, 1.0677568912506104, 0.5103328824043274, 0.7432942390441895, 0.4429340660572052, 0.4084593653678894, 1.2985680103302002, 0.4532942473888397, 0.4962015450000763, 0.40835094451904297, 0.4689107835292816, 0.8152612447738647, 0.6455751061439514, 0.5538995862007141, 0.4770745038986206, 0.4322758913040161, 0.5703768134117126, 1.4300780296325684, 0.6090430617332458, 0.5332990288734436, 0.4370471239089966, 1.1151965856552124, 0.8535087704658508, 0.4850369393825531, 2.051562547683716, 0.4795815646648407, 0.42011409997940063, 0.6110641360282898, 0.5201747417449951, 0.5911581516265869, 0.6080343127250671, 0.4072713553905487, 0.41122671961784363, 0.5850145816802979, 0.5153825879096985, 0.4868529438972473, 0.4286549687385559, 0.611676812171936, 0.4477103054523468, 0.5414203405380249, 0.5469588041305542, 1.3666807413101196, 1.2252713441848755, 1.412970781326294, 0.5039089322090149, 0.558254599571228, 0.41093483567237854, 0.49272507429122925, 0.5962718725204468, 0.7230984568595886, 0.5673640966415405, 0.5224049687385559, 0.5585196018218994, 0.4164806008338928, 0.5936271548271179, 0.495591938495636, 0.4431767761707306, 0.4136776328086853, 0.41051745414733887, 0.4325741231441498, 1.104382038116455, 0.44124606251716614, 0.42377862334251404, 0.6622186303138733, 0.4669678807258606, 0.767784059047699, 0.46558770537376404, 0.45943182706832886, 0.41943657398223877, 0.4072422683238983, 0.5415961742401123, 1.0710835456848145, 0.650495707988739, 0.5403079390525818]",0.0,"[0.0, 0.0, 0.0, 0.0, 0.0, 0.0, 0.0, 0.0, 0.0, 0.0, 0.0, 0.0, 0.0, 0.0, 0.0, 0.0, 0.0, 0.0, 0.0, 0.0, 0.0, 0.0, 0.0, 0.0, 0.0, 0.0, 0.0, 0.0, 0.0, 0.0, 0.0, 0.0, 0.0, 0.0, 0.0, 0.0, 0.0, 0.0, 0.0, 0.0, 0.0, 0.0, 0.0, 0.0, 0.0, 0.0, 0.0, 0.0, 0.0, 0.0, 0.0, 0.0, 0.0, 0.0, 0.0, 0.0, 0.0, 0.0, 0.0, 0.0, 0.0, 0.0, 0.0, 0.0, 0.0, 0.0, 0.0, 0.0, 0.0, 0.0, 0.0, 0.0, 0.0, 0.0, 0.0, 0.0, 0.0, 0.0, 0.0, 0.0, 0.0, 0.0, 0.0, 0.0, 0.0, 0.0, 0.0, 0.0, 0.0, 0.0, 0.0, 0.0, 0.0, 0.0, 0.0, 0.0, 0.0, 0.0, 0.0, 0.0, 0.0, 0.0, 0.0, 0.0, 0.0, 0.0, 0.0, 0.0, 0.0, 0.0, 0.0, 0.0, 0.0, 0.0, 0.0, 0.0, 0.0, 0.0, 0.0, 0.0, 0.0, 0.0, 0.0, 0.0, 0.0, 0.0, 0.0, 0.0, 0.0, 0.0, 0.0, 0.0, 0.0, 0.0, 0.0, 0.0, 0.0, 0.0, 0.0, 0.0, 0.0, 0.0, 0.0, 0.0, 0.0, 0.0, 0.0, 0.0, 0.0, 0.0, 0.0, 0.0, 0.0, 0.0, 0.0, 0.0, 0.0, 0.0, 0.0, 0.0, 0.0, 0.0, 0.0, 0.0, 0.0, 0.0, 0.0, 0.0, 0.0, 0.0, 0.0, 0.0, 0.0, 0.0, 0.0]",COMPLETE
