,number,value,datetime_start,datetime_complete,duration,params_batch_size_scaler,params_constant_learning_rate,params_depth,params_epochs,params_kernel_l2,params_num_trees,params_temperature,user_attrs_accuracy_test,user_attrs_accuracy_valid,user_attrs_approximate_feature_sparsity,user_attrs_approximate_feature_sparsity_history,user_attrs_approximate_weight_sparsity,user_attrs_approximate_weight_sparsity_history,user_attrs_auc_test,user_attrs_auc_valid,user_attrs_feature_sparsity,user_attrs_feature_sparsity_history,user_attrs_num_epochs,user_attrs_val_loss_history,user_attrs_weight_sparsity,user_attrs_weight_sparsity_history,state
85,85,0.8576084296221871,2024-08-31 03:57:02.830619,2024-08-31 04:00:35.934483,0 days 00:03:33.103864,1,5.734852082192119,2,245,0.0026360160714668283,72,0.001193949161894588,0.89,0.88875,30,"[30, 30, 30, 30, 30, 30, 30, 30, 30, 30, 30, 30, 30, 30, 30, 30, 30, 30, 30, 30, 30, 30, 30, 30, 30, 30, 30, 30, 30, 30, 30, 30, 30, 30, 30, 30, 30, 30, 30, 30, 30, 30, 30, 30, 30, 30, 30, 30, 30, 30, 30, 30, 30, 30, 30, 30, 30, 30, 30, 30, 30, 30, 30, 30, 30, 30, 30, 30, 30, 30, 30, 30, 30, 30, 30, 30, 30, 30, 30, 30, 30, 30, 30, 30, 30, 30, 30, 30, 30, 30, 30, 30, 30, 30, 30, 30, 30, 30, 30, 30, 30, 30, 30, 30, 30, 30, 30, 30, 30, 30, 30, 30, 30, 30, 30, 30, 30, 30, 30, 30, 30, 30, 30, 30, 30, 30, 30, 30, 30, 30, 30, 30, 30, 30, 30, 30, 30, 30, 30, 30, 30, 30, 30, 30, 30, 30, 30, 30, 30, 30, 30, 30, 30, 30, 30, 30, 30, 30, 30, 30, 30, 30, 30, 30, 30, 30, 30, 30, 30, 30, 30, 30, 30, 30, 30, 30, 30, 30, 30, 30, 30, 30, 30, 30, 30, 30, 30, 30, 30, 30, 30, 30, 30, 30, 30, 30, 30, 30, 30, 30, 30, 30, 30, 30, 30, 30, 30, 30, 30, 30, 30, 30, 30, 30, 30, 30, 30, 30, 30, 30, 30, 30, 30, 30, 30, 30, 30, 30, 30, 30, 30, 30, 30, 30, 30, 30, 30, 30, 30, 30, 30, 30, 30, 30, 30]",29.98148148148148,"[30.0, 30.0, 30.0, 30.0, 30.0, 30.0, 30.0, 30.0, 30.0, 30.0, 30.0, 30.0, 30.0, 30.0, 30.0, 29.99537037037037, 30.0, 30.0, 30.0, 30.0, 29.99537037037037, 29.99537037037037, 30.0, 30.0, 30.0, 30.0, 30.0, 30.0, 29.99537037037037, 30.0, 30.0, 29.99537037037037, 30.0, 30.0, 30.0, 30.0, 29.99537037037037, 30.0, 30.0, 29.99537037037037, 30.0, 30.0, 30.0, 30.0, 30.0, 30.0, 30.0, 30.0, 30.0, 30.0, 30.0, 30.0, 30.0, 30.0, 30.0, 30.0, 30.0, 29.99537037037037, 30.0, 30.0, 30.0, 30.0, 30.0, 30.0, 30.0, 30.0, 30.0, 30.0, 30.0, 30.0, 29.99537037037037, 30.0, 30.0, 30.0, 30.0, 30.0, 30.0, 29.99537037037037, 30.0, 30.0, 30.0, 30.0, 30.0, 29.99537037037037, 29.99537037037037, 29.99074074074074, 29.99537037037037, 29.99537037037037, 29.99537037037037, 29.99537037037037, 29.99537037037037, 29.99537037037037, 29.99537037037037, 29.99537037037037, 29.99537037037037, 29.99537037037037, 29.99537037037037, 29.99537037037037, 29.99537037037037, 29.99537037037037, 29.99537037037037, 29.99537037037037, 29.99537037037037, 29.99537037037037, 29.99537037037037, 29.99537037037037, 29.99537037037037, 29.99537037037037, 29.99537037037037, 29.99537037037037, 29.99537037037037, 29.99537037037037, 29.99537037037037, 29.99537037037037, 29.99537037037037, 29.99537037037037, 29.99537037037037, 29.99537037037037, 29.99537037037037, 29.99537037037037, 29.99537037037037, 29.99537037037037, 29.99537037037037, 29.99537037037037, 29.99537037037037, 29.99537037037037, 29.99537037037037, 29.99537037037037, 29.99074074074074, 29.99537037037037, 29.99537037037037, 29.99074074074074, 29.99537037037037, 29.99537037037037, 29.99537037037037, 29.99537037037037, 29.99074074074074, 29.99074074074074, 29.99074074074074, 29.99074074074074, 29.99074074074074, 29.99074074074074, 29.99074074074074, 29.99074074074074, 29.99074074074074, 29.99074074074074, 29.99074074074074, 29.99074074074074, 29.99074074074074, 29.98611111111111, 29.99074074074074, 29.99074074074074, 29.99074074074074, 29.99074074074074, 29.99074074074074, 29.99074074074074, 29.99537037037037, 29.99537037037037, 29.99537037037037, 29.99537037037037, 29.99537037037037, 29.99537037037037, 29.99537037037037, 29.99537037037037, 29.99074074074074, 29.99537037037037, 29.99537037037037, 29.99537037037037, 29.99537037037037, 29.99537037037037, 29.99537037037037, 29.99537037037037, 29.99537037037037, 29.99537037037037, 29.99537037037037, 29.99537037037037, 29.99537037037037, 29.99537037037037, 29.99537037037037, 29.99537037037037, 29.99074074074074, 29.99074074074074, 29.99537037037037, 29.99537037037037, 29.99537037037037, 29.99537037037037, 29.99537037037037, 29.99537037037037, 29.99537037037037, 29.99537037037037, 29.99537037037037, 29.99537037037037, 29.99537037037037, 29.99074074074074, 29.99537037037037, 29.99537037037037, 29.99074074074074, 29.99537037037037, 29.99537037037037, 29.99537037037037, 29.99537037037037, 29.99537037037037, 29.99537037037037, 29.99537037037037, 29.99537037037037, 29.99537037037037, 29.99074074074074, 29.99074074074074, 29.99074074074074, 29.98148148148148, 29.99074074074074, 29.98148148148148, 29.99074074074074, 29.99074074074074, 29.99074074074074, 29.98611111111111, 29.98611111111111, 29.98611111111111, 29.99074074074074, 29.98611111111111, 29.99074074074074, 29.98611111111111, 29.99074074074074, 29.99074074074074, 29.99074074074074, 29.98611111111111, 29.98611111111111, 29.98611111111111, 29.98611111111111, 29.98611111111111, 29.98611111111111, 29.98611111111111, 29.98611111111111, 29.98611111111111, 29.97685185185185, 29.98611111111111, 29.98611111111111, 29.98148148148148, 29.98148148148148, 29.98148148148148, 29.98148148148148, 29.97685185185185, 29.98148148148148, 29.98611111111111, 29.98148148148148]",0.813072267769714,0.8576084296221871,30,"[30, 30, 30, 30, 30, 30, 30, 30, 30, 30, 30, 30, 30, 30, 30, 30, 30, 30, 30, 30, 30, 30, 30, 30, 30, 30, 30, 30, 30, 30, 30, 30, 30, 30, 30, 30, 30, 30, 30, 30, 30, 30, 30, 30, 30, 30, 30, 30, 30, 30, 30, 30, 30, 30, 30, 30, 30, 30, 30, 30, 30, 30, 30, 30, 30, 30, 30, 30, 30, 30, 30, 30, 30, 30, 30, 30, 30, 30, 30, 30, 30, 30, 30, 30, 30, 30, 30, 30, 30, 30, 30, 30, 30, 30, 30, 30, 30, 30, 30, 30, 30, 30, 30, 30, 30, 30, 30, 30, 30, 30, 30, 30, 30, 30, 30, 30, 30, 30, 30, 30, 30, 30, 30, 30, 30, 30, 30, 30, 30, 30, 30, 30, 30, 30, 30, 30, 30, 30, 30, 30, 30, 30, 30, 30, 30, 30, 30, 30, 30, 30, 30, 30, 30, 30, 30, 30, 30, 30, 30, 30, 30, 30, 30, 30, 30, 30, 30, 30, 30, 30, 30, 30, 30, 30, 30, 30, 30, 30, 30, 30, 30, 30, 30, 30, 30, 30, 30, 30, 30, 30, 30, 30, 30, 30, 30, 30, 30, 30, 30, 30, 30, 30, 30, 30, 30, 30, 30, 30, 30, 30, 30, 30, 30, 30, 30, 30, 30, 30, 30, 30, 30, 30, 30, 30, 30, 30, 30, 30, 30, 30, 30, 30, 30, 30, 30, 30, 30, 30, 30, 30, 30, 30, 30, 30, 30]",245,"[4.379237174987793, 4.50715970993042, 9.675928115844727, 18.592016220092773, 5.7990288734436035, 10.334028244018555, 6.90119743347168, 9.102509498596191, 6.9683146476745605, 6.321253776550293, 7.524844169616699, 6.892200469970703, 5.9720306396484375, 6.433090686798096, 7.561459541320801, 8.438300132751465, 6.357465744018555, 6.6299591064453125, 8.444164276123047, 11.498025894165039, 8.256237030029297, 6.765661716461182, 12.111684799194336, 7.496287822723389, 6.296838283538818, 7.318471908569336, 8.036109924316406, 8.176050186157227, 8.256107330322266, 8.68823528289795, 6.966914653778076, 7.362565994262695, 9.926470756530762, 7.305706977844238, 7.012029647827148, 7.840166091918945, 7.792938709259033, 8.876845359802246, 7.901116847991943, 9.26550579071045, 7.779364109039307, 10.295062065124512, 8.13206672668457, 9.48397445678711, 8.518320083618164, 9.328003883361816, 8.100906372070312, 7.718332290649414, 8.092621803283691, 8.7618408203125, 8.700798034667969, 8.426465034484863, 7.756591796875, 9.95475959777832, 8.386784553527832, 8.626532554626465, 7.160350322723389, 10.671818733215332, 10.123394012451172, 15.039379119873047, 7.861934661865234, 8.388442039489746, 8.998027801513672, 9.828715324401855, 7.779708385467529, 7.928533554077148, 9.516127586364746, 18.872806549072266, 9.32400131225586, 8.103802680969238, 8.0906982421875, 7.4655232429504395, 9.158306121826172, 8.701105117797852, 8.070571899414062, 7.786284923553467, 8.198457717895508, 9.535593032836914, 9.174745559692383, 8.478520393371582, 10.25882339477539, 10.006414413452148, 8.055625915527344, 7.791861057281494, 8.410229682922363, 8.1080904006958, 7.759275913238525, 8.750041007995605, 12.052068710327148, 8.281439781188965, 8.166121482849121, 8.078930854797363, 8.48727035522461, 8.079523086547852, 7.914050102233887, 9.214970588684082, 9.338028907775879, 9.803927421569824, 7.884557723999023, 9.507952690124512, 9.610527992248535, 7.599509239196777, 9.588752746582031, 9.184986114501953, 9.110980987548828, 8.365346908569336, 8.013677597045898, 8.197254180908203, 7.807249546051025, 8.385461807250977, 8.284588813781738, 9.15754222869873, 11.576025009155273, 9.053537368774414, 8.434432029724121, 9.835137367248535, 10.933099746704102, 9.561075210571289, 11.337482452392578, 10.635187149047852, 8.42197036743164, 9.3823823928833, 8.67954158782959, 9.438532829284668, 10.702837944030762, 9.55007266998291, 9.133147239685059, 9.630622863769531, 9.306861877441406, 8.899625778198242, 10.623526573181152, 11.0122652053833, 8.917128562927246, 12.812382698059082, 9.46955680847168, 12.456006050109863, 9.169615745544434, 15.018157005310059, 8.050956726074219, 8.845616340637207, 8.924241065979004, 10.749521255493164, 7.909997940063477, 11.699377059936523, 10.585444450378418, 8.585284233093262, 11.273107528686523, 12.26119613647461, 17.80582046508789, 8.449014663696289, 8.245942115783691, 10.975907325744629, 8.297151565551758, 8.054789543151855, 8.43407917022705, 7.978679180145264, 8.600826263427734, 8.454446792602539, 8.446049690246582, 8.09607219696045, 7.980410575866699, 12.245226860046387, 10.167451858520508, 7.935833930969238, 8.106531143188477, 8.400400161743164, 10.363641738891602, 10.039959907531738, 8.560649871826172, 11.286589622497559, 8.601676940917969, 9.471963882446289, 13.001054763793945, 10.1957426071167, 9.00986385345459, 10.162680625915527, 13.857587814331055, 8.455803871154785, 8.9281644821167, 8.730229377746582, 8.769225120544434, 8.486873626708984, 7.828380584716797, 7.664485454559326, 8.143418312072754, 8.929286003112793, 8.71663761138916, 11.405714988708496, 15.266408920288086, 8.61098861694336, 10.217442512512207, 8.921692848205566, 8.33495807647705, 9.14901351928711, 14.360036849975586, 14.848610877990723, 12.684041976928711, 10.366153717041016, 8.745508193969727, 11.48143196105957, 8.717704772949219, 9.815475463867188, 10.220852851867676, 9.34114933013916, 13.009246826171875, 9.860230445861816, 13.298593521118164, 9.004815101623535, 11.268352508544922, 9.248254776000977, 8.215485572814941, 9.136836051940918, 8.117242813110352, 9.31329345703125, 8.425015449523926, 9.231099128723145, 7.490243434906006, 9.276988983154297, 8.359201431274414, 10.513162612915039, 10.196781158447266, 9.261329650878906, 8.327436447143555, 9.879961967468262, 12.908927917480469, 16.63477325439453, 9.011348724365234, 9.373892784118652, 13.27286148071289, 8.01012897491455, 8.69333553314209, 8.478080749511719, 8.1117525100708, 8.922776222229004, 8.538782119750977, 8.629523277282715, 9.45016860961914, 9.166730880737305, 9.105426788330078, 10.272577285766602, 9.684028625488281, 9.047046661376953, 16.642967224121094, 9.516879081726074, 9.575364112854004]",30.0,"[30.0, 30.0, 30.0, 30.0, 30.0, 30.0, 30.0, 30.0, 30.0, 30.0, 30.0, 30.0, 30.0, 30.0, 30.0, 30.0, 30.0, 30.0, 30.0, 30.0, 30.0, 30.0, 30.0, 30.0, 30.0, 30.0, 30.0, 30.0, 30.0, 30.0, 30.0, 30.0, 30.0, 30.0, 30.0, 30.0, 30.0, 30.0, 30.0, 30.0, 30.0, 30.0, 30.0, 30.0, 30.0, 30.0, 30.0, 30.0, 30.0, 30.0, 30.0, 30.0, 30.0, 30.0, 30.0, 30.0, 30.0, 30.0, 30.0, 30.0, 30.0, 30.0, 30.0, 30.0, 30.0, 30.0, 30.0, 30.0, 30.0, 30.0, 30.0, 30.0, 30.0, 30.0, 30.0, 30.0, 30.0, 30.0, 30.0, 30.0, 30.0, 30.0, 30.0, 30.0, 30.0, 30.0, 30.0, 30.0, 30.0, 30.0, 30.0, 30.0, 30.0, 30.0, 30.0, 30.0, 30.0, 30.0, 30.0, 30.0, 30.0, 30.0, 30.0, 30.0, 30.0, 30.0, 30.0, 30.0, 30.0, 30.0, 30.0, 30.0, 30.0, 30.0, 30.0, 30.0, 30.0, 30.0, 30.0, 30.0, 30.0, 30.0, 30.0, 30.0, 30.0, 30.0, 30.0, 30.0, 30.0, 30.0, 30.0, 30.0, 30.0, 30.0, 30.0, 30.0, 30.0, 30.0, 30.0, 30.0, 30.0, 30.0, 30.0, 30.0, 30.0, 30.0, 30.0, 30.0, 30.0, 30.0, 30.0, 30.0, 30.0, 30.0, 30.0, 30.0, 30.0, 30.0, 30.0, 30.0, 30.0, 30.0, 30.0, 30.0, 30.0, 30.0, 30.0, 30.0, 30.0, 30.0, 30.0, 30.0, 30.0, 30.0, 30.0, 30.0, 30.0, 30.0, 30.0, 30.0, 30.0, 30.0, 30.0, 30.0, 30.0, 30.0, 30.0, 30.0, 30.0, 30.0, 30.0, 30.0, 30.0, 30.0, 30.0, 30.0, 30.0, 30.0, 30.0, 30.0, 30.0, 30.0, 30.0, 30.0, 30.0, 30.0, 30.0, 30.0, 30.0, 30.0, 30.0, 30.0, 30.0, 30.0, 30.0, 30.0, 30.0, 30.0, 30.0, 30.0, 30.0, 30.0, 30.0, 30.0, 30.0, 30.0, 30.0, 30.0, 30.0, 30.0, 30.0, 30.0, 30.0, 30.0, 30.0, 30.0, 30.0, 30.0, 30.0, 30.0, 30.0, 30.0, 30.0, 30.0, 30.0]",COMPLETE
86,86,0.5,2024-08-31 04:00:37.971305,2024-08-31 04:02:02.583008,0 days 00:01:24.611703,1,0.6318858124634423,1,130,0.41751346080017615,97,0.002990037913072541,0.141,0.14125,0,"[1, 1, 1, 1, 1, 1, 1, 1, 1, 1, 1, 1, 1, 1, 1, 1, 1, 1, 1, 1, 1, 1, 1, 0, 0, 0, 0, 0, 0, 0, 0, 0, 0, 0, 0, 0, 0, 0, 0, 0, 0, 0, 0, 0, 0, 0, 0, 0, 0, 0, 0, 0, 0, 0, 0, 0, 0, 0, 0, 0, 0, 0, 0, 0, 0, 0, 0, 0, 0, 0, 0, 0, 0, 0, 0, 0, 0, 0, 0, 0, 0, 0, 0, 0, 0, 0, 0, 0, 0, 0, 0, 0, 0, 0, 0, 0, 0, 0, 0, 0, 0, 0, 0, 0, 0, 0, 0, 0, 0, 0, 0, 0, 0, 0, 0, 0, 0, 0, 0, 0, 0, 0, 0, 0, 0, 0, 0, 0, 0, 0]",0.0,"[1.0, 1.0, 1.0, 1.0, 1.0, 1.0, 1.0, 1.0, 1.0, 1.0, 1.0, 1.0, 1.0, 1.0, 1.0, 1.0, 1.0, 1.0, 1.0, 1.0, 1.0, 1.0, 1.0, 0.0, 0.0, 0.0, 0.0, 0.0, 0.0, 0.0, 0.0, 0.0, 0.0, 0.0, 0.0, 0.0, 0.0, 0.0, 0.0, 0.0, 0.0, 0.0, 0.0, 0.0, 0.0, 0.0, 0.0, 0.0, 0.0, 0.0, 0.0, 0.0, 0.0, 0.0, 0.0, 0.0, 0.0, 0.0, 0.0, 0.0, 0.0, 0.0, 0.0, 0.0, 0.0, 0.0, 0.0, 0.0, 0.0, 0.0, 0.0, 0.0, 0.0, 0.0, 0.0, 0.0, 0.0, 0.0, 0.0, 0.0, 0.0, 0.0, 0.0, 0.0, 0.0, 0.0, 0.0, 0.0, 0.0, 0.0, 0.0, 0.0, 0.0, 0.0, 0.0, 0.0, 0.0, 0.0, 0.0, 0.0, 0.0, 0.0, 0.0, 0.0, 0.0, 0.0, 0.0, 0.0, 0.0, 0.0, 0.0, 0.0, 0.0, 0.0, 0.0, 0.0, 0.0, 0.0, 0.0, 0.0, 0.0, 0.0, 0.0, 0.0, 0.0, 0.0, 0.0, 0.0, 0.0, 0.0]",0.5,0.5,0,"[1, 1, 1, 1, 1, 1, 1, 1, 1, 1, 1, 1, 1, 1, 1, 1, 1, 1, 1, 1, 1, 1, 1, 0, 0, 0, 0, 0, 0, 0, 0, 0, 0, 0, 0, 0, 0, 0, 0, 0, 0, 0, 0, 0, 0, 0, 0, 0, 0, 0, 0, 0, 0, 0, 0, 0, 0, 0, 0, 0, 0, 0, 0, 0, 0, 0, 0, 0, 0, 0, 0, 0, 0, 0, 0, 0, 0, 0, 0, 0, 0, 0, 0, 0, 0, 0, 0, 0, 0, 0, 0, 0, 0, 0, 0, 0, 0, 0, 0, 0, 0, 0, 0, 0, 0, 0, 0, 0, 0, 0, 0, 0, 0, 0, 0, 0, 0, 0, 0, 0, 0, 0, 0, 0, 0, 0, 0, 0, 0, 0]",130,"[4.005101203918457, 1.8630427122116089, 1.6993027925491333, 6.687631607055664, 4.674284934997559, 4.649007797241211, 1.2312358617782593, 0.8968201279640198, 0.41731661558151245, 0.8970182538032532, 2.9578301906585693, 4.2121806144714355, 0.7617771625518799, 0.5876092910766602, 1.4770451784133911, 0.8156464099884033, 6.031171798706055, 0.5158836245536804, 2.5983688831329346, 1.2250670194625854, 4.881985664367676, 9.360367774963379, 0.5970411896705627, 6.72524356842041, 5.704285144805908, 1.5679435729980469, 0.9651190042495728, 3.4900782108306885, 5.790261268615723, 0.43438342213630676, 6.305800914764404, 1.3790162801742554, 1.8646565675735474, 3.5518670082092285, 7.3853912353515625, 3.6607720851898193, 2.589445114135742, 3.649958610534668, 3.4287056922912598, 1.3072494268417358, 1.1036583185195923, 3.4483039379119873, 1.613633632659912, 5.658761501312256, 1.2223925590515137, 3.180976152420044, 6.275023937225342, 5.102495193481445, 6.2933173179626465, 2.3175742626190186, 0.5669045448303223, 2.466338872909546, 1.185814619064331, 0.4128498435020447, 2.9581987857818604, 0.45322251319885254, 3.0183539390563965, 5.12005615234375, 0.4075315594673157, 4.6362481117248535, 4.957946300506592, 3.929522752761841, 4.5778889656066895, 7.543522357940674, 5.134163856506348, 4.412059307098389, 0.8127255439758301, 2.221174955368042, 4.767866134643555, 1.204457402229309, 6.959804534912109, 0.407571405172348, 0.4361066520214081, 1.6055564880371094, 5.433865547180176, 1.8715837001800537, 2.374896287918091, 3.3088207244873047, 1.9885361194610596, 6.657908916473389, 0.9252094030380249, 2.2557284832000732, 4.798460006713867, 3.1555025577545166, 0.5310062766075134, 6.122076034545898, 1.7208367586135864, 1.317138671875, 5.5917277336120605, 4.796932697296143, 1.9280835390090942, 5.323713779449463, 3.699455976486206, 8.391095161437988, 1.6477632522583008, 1.7269694805145264, 6.731940746307373, 4.643587112426758, 2.944324016571045, 3.4298713207244873, 0.852658748626709, 1.8547793626785278, 3.5665042400360107, 5.046928882598877, 2.2327890396118164, 4.691400051116943, 1.4440133571624756, 0.4099302589893341, 2.9526782035827637, 1.7820881605148315, 0.798778235912323, 0.42607277631759644, 0.9776158928871155, 1.3180482387542725, 0.5602515935897827, 1.3442795276641846, 4.33729887008667, 3.98128604888916, 5.8143486976623535, 1.8436639308929443, 3.3342883586883545, 3.0256621837615967, 0.4072629511356354, 2.89101505279541, 5.963152885437012, 4.3423542976379395, 4.017850399017334, 1.6001907587051392, 1.3571386337280273, 6.731922626495361]",0.0,"[1.0, 1.0, 1.0, 1.0, 1.0, 1.0, 1.0, 1.0, 1.0, 1.0, 1.0, 1.0, 1.0, 1.0, 1.0, 1.0, 1.0, 1.0, 1.0, 1.0, 1.0, 1.0, 1.0, 0.0, 0.0, 0.0, 0.0, 0.0, 0.0, 0.0, 0.0, 0.0, 0.0, 0.0, 0.0, 0.0, 0.0, 0.0, 0.0, 0.0, 0.0, 0.0, 0.0, 0.0, 0.0, 0.0, 0.0, 0.0, 0.0, 0.0, 0.0, 0.0, 0.0, 0.0, 0.0, 0.0, 0.0, 0.0, 0.0, 0.0, 0.0, 0.0, 0.0, 0.0, 0.0, 0.0, 0.0, 0.0, 0.0, 0.0, 0.0, 0.0, 0.0, 0.0, 0.0, 0.0, 0.0, 0.0, 0.0, 0.0, 0.0, 0.0, 0.0, 0.0, 0.0, 0.0, 0.0, 0.0, 0.0, 0.0, 0.0, 0.0, 0.0, 0.0, 0.0, 0.0, 0.0, 0.0, 0.0, 0.0, 0.0, 0.0, 0.0, 0.0, 0.0, 0.0, 0.0, 0.0, 0.0, 0.0, 0.0, 0.0, 0.0, 0.0, 0.0, 0.0, 0.0, 0.0, 0.0, 0.0, 0.0, 0.0, 0.0, 0.0, 0.0, 0.0, 0.0, 0.0, 0.0, 0.0]",COMPLETE
