,number,value,datetime_start,datetime_complete,duration,params_batch_size_scaler,params_constant_learning_rate,params_depth,params_epochs,params_kernel_l2,params_num_trees,params_temperature,user_attrs_accuracy_test,user_attrs_accuracy_valid,user_attrs_approximate_feature_sparsity,user_attrs_approximate_feature_sparsity_history,user_attrs_approximate_weight_sparsity,user_attrs_approximate_weight_sparsity_history,user_attrs_auc_test,user_attrs_auc_valid,user_attrs_feature_sparsity,user_attrs_feature_sparsity_history,user_attrs_num_epochs,user_attrs_val_loss_history,user_attrs_weight_sparsity,user_attrs_weight_sparsity_history,state
15,15,0.8339967281111927,2024-08-31 01:01:21.143775,2024-08-31 01:07:50.825013,0 days 00:06:29.681238,4,0.023521225662317333,5,285,0.016655201514737622,85,0.0001612504689638592,0.874,0.875,33,"[33, 33, 33, 33, 33, 33, 33, 33, 33, 33, 33, 33, 33, 33, 33, 33, 33, 33, 33, 33, 33, 33, 33, 33, 33, 33, 33, 33, 33, 33, 33, 33, 33, 33, 33, 33, 33, 33, 33, 33, 33, 33, 33, 33, 33, 33, 33, 33, 33, 33, 33, 33, 33, 33, 33, 33, 33, 33, 33, 33, 33, 33, 33, 33, 33, 33, 33, 33, 33, 33, 33, 33, 33, 33, 33, 33, 33, 33, 33, 33, 33, 33, 33, 33, 33, 33, 33, 33, 33, 33, 33, 33, 33, 33, 33, 33, 33, 33, 33, 33, 33, 33, 33, 33, 33, 33, 33, 33, 33, 33, 33, 33, 33, 33, 33, 33, 33, 33, 33, 33, 33, 33, 33, 33, 33, 33, 33, 33, 33, 33, 33, 33, 33, 33, 33, 33, 33, 33, 33, 33, 33, 33, 33, 33, 33, 33, 33, 33, 33, 33, 33, 33, 33, 33, 33, 33, 33, 33, 33, 33, 33, 33, 33, 33, 33, 33, 33, 33, 33, 33, 33, 33, 33, 33, 33, 33, 33, 33, 33, 33, 33, 33, 33, 33, 33, 33, 33, 33, 33, 33, 33, 33, 33, 33, 33, 33, 33, 33, 33, 33, 33, 33, 33, 33, 33, 33, 33, 33, 33, 33, 33, 33, 33, 33, 33, 33, 33, 33, 33, 33, 33, 33, 33, 33, 33, 33, 33, 33, 33, 33, 33, 33, 33, 33, 33, 33, 33, 33, 33, 33, 33, 33, 33, 33, 33, 33, 33, 33, 33, 33, 33, 33, 33, 33, 33, 33, 33, 33, 33, 33, 33, 33, 33, 33, 33, 33, 33, 33, 33, 33, 33, 33, 33, 33, 33, 33, 33, 33, 33, 33, 33, 33, 33, 33, 33]",32.930170777988614,"[32.930170777988614, 32.92751423149905, 32.92865275142315, 32.932068311195444, 32.92561669829222, 32.92903225806452, 32.93130929791271, 32.928273244781785, 32.93548387096774, 32.935483870967744, 32.93662239089184, 32.9392789373814, 32.93244781783681, 32.930170777988614, 32.93130929791271, 32.92675521821632, 32.92751423149905, 32.92675521821632, 32.93130929791272, 32.93510436432638, 32.92903225806452, 32.92675521821632, 32.92789373814042, 32.93168880455408, 32.93055028462998, 32.925616698292224, 32.92903225806452, 32.93586337760911, 32.92979127134725, 32.92865275142315, 32.92599620493359, 32.926375711574956, 32.92485768500949, 32.92713472485769, 32.926375711574956, 32.92447817836812, 32.92144212523719, 32.922201138519924, 32.91878557874763, 32.919165085389, 32.92409867172675, 32.92751423149905, 32.92751423149905, 32.92789373814042, 32.92979127134725, 32.93282732447818, 32.93472485768501, 32.932068311195444, 32.93396584440227, 32.93244781783681, 32.93130929791271, 32.928273244781785, 32.92523719165086, 32.92561669829222, 32.921062618595826, 32.91726755218216, 32.916888045540794, 32.91840607210626, 32.921062618595826, 32.921062618595826, 32.922201138519924, 32.922960151802656, 32.91878557874763, 32.91726755218217, 32.920303605313094, 32.9180265654649, 32.91764705882353, 32.91764705882353, 32.91612903225807, 32.91423149905123, 32.919544592030356, 32.92182163187856, 32.91992409867173, 32.922960151802656, 32.92485768500949, 32.92523719165085, 32.92182163187856, 32.922201138519924, 32.92258064516129, 32.92371916508539, 32.92409867172675, 32.92333965844402, 32.926375711574956, 32.92713472485769, 32.930929791271346, 32.926755218216314, 32.92485768500949, 32.922201138519924, 32.92333965844402, 32.922960151802656, 32.91878557874763, 32.91992409867173, 32.922201138519924, 32.922201138519924, 32.918785578747624, 32.92068311195446, 32.91726755218216, 32.92409867172675, 32.92258064516129, 32.92447817836812, 32.92713472485769, 32.924857685009485, 32.92447817836812, 32.926375711574956, 32.93055028462998, 32.93055028462998, 32.93130929791271, 32.934345351043646, 32.93168880455408, 32.930929791271346, 32.92979127134725, 32.927514231499046, 32.930170777988614, 32.928273244781785, 32.93130929791271, 32.92865275142315, 32.92713472485768, 32.92675521821632, 32.928273244781785, 32.92713472485769, 32.926375711574956, 32.92599620493359, 32.92447817836812, 32.92333965844402, 32.92523719165086, 32.924857685009485, 32.92751423149905, 32.923719165085394, 32.92447817836812, 32.92258064516129, 32.922960151802656, 32.92561669829222, 32.91878557874763, 32.91840607210626, 32.918406072106265, 32.919165085389, 32.916888045540794, 32.92068311195446, 32.919165085389, 32.91385199240987, 32.91271347248577, 32.91423149905123, 32.9180265654649, 32.9168880455408, 32.91954459203036, 32.920303605313094, 32.92144212523719, 32.921062618595826, 32.921062618595826, 32.921062618595826, 32.922201138519924, 32.92258064516129, 32.92447817836812, 32.92675521821632, 32.92485768500949, 32.91992409867173, 32.92182163187856, 32.92523719165086, 32.92409867172676, 32.92675521821632, 32.92751423149905, 32.93055028462998, 32.93510436432638, 32.933586337760914, 32.93320683111955, 32.93130929791271, 32.930170777988614, 32.92599620493358, 32.92675521821632, 32.92751423149905, 32.92333965844402, 32.922201138519924, 32.92599620493359, 32.92979127134725, 32.93396584440228, 32.93244781783681, 32.93168880455408, 32.92979127134725, 32.93168880455408, 32.93168880455408, 32.93320683111955, 32.930170777988614, 32.93244781783682, 32.93055028462998, 32.93130929791271, 32.92903225806452, 32.92865275142315, 32.92675521821632, 32.92258064516129, 32.92447817836812, 32.92979127134725, 32.926375711574956, 32.92941176470588, 32.92903225806452, 32.930170777988614, 32.93130929791271, 32.932068311195444, 32.932068311195444, 32.92789373814042, 32.92941176470588, 32.932068311195444, 32.932827324478176, 32.932827324478176, 32.92865275142315, 32.92751423149905, 32.92941176470588, 32.92713472485769, 32.92789373814042, 32.928273244781785, 32.93055028462998, 32.93244781783681, 32.940037950664134, 32.940796963946866, 32.93965844402277, 32.93738140417457, 32.94003795066414, 32.9426944971537, 32.93738140417457, 32.9392789373814, 32.93738140417457, 32.93700189753321, 32.93851992409867, 32.93700189753321, 32.93776091081594, 32.93700189753321, 32.93776091081594, 32.93738140417457, 32.93510436432637, 32.93662239089184, 32.93396584440227, 32.930929791271346, 32.933586337760914, 32.93662239089184, 32.93738140417457, 32.93700189753321, 32.93358633776091, 32.93244781783681, 32.93244781783681, 32.93244781783681, 32.932068311195444, 32.928273244781785, 32.932827324478176, 32.931688804554085, 32.933586337760914, 32.93055028462998, 32.92941176470588, 32.932068311195444, 32.93472485768501, 32.93662239089184, 32.930929791271346, 32.930929791271346, 32.92979127134725, 32.93586337760911, 32.932068311195444, 32.93472485768501, 32.93851992409867, 32.9392789373814, 32.93965844402277, 32.93851992409867, 32.93889943074004, 32.93776091081594, 32.93472485768501, 32.93130929791272, 32.93055028462998, 32.93510436432638, 32.93586337760911, 32.93358633776091, 32.93358633776091, 32.93396584440228, 32.92903225806452, 32.92979127134725, 32.926375711574956, 32.928273244781785, 32.92751423149905, 32.926755218216314, 32.926375711574956, 32.92675521821632, 32.92599620493358, 32.92599620493358, 32.92865275142315, 32.92523719165085, 32.928273244781785, 32.92941176470588, 32.92941176470588, 32.930170777988614]",0.8430138954251604,0.8339967281111927,33,"[33, 33, 33, 33, 33, 33, 33, 33, 33, 33, 33, 33, 33, 33, 33, 33, 33, 33, 33, 33, 33, 33, 33, 33, 33, 33, 33, 33, 33, 33, 33, 33, 33, 33, 33, 33, 33, 33, 33, 33, 33, 33, 33, 33, 33, 33, 33, 33, 33, 33, 33, 33, 33, 33, 33, 33, 33, 33, 33, 33, 33, 33, 33, 33, 33, 33, 33, 33, 33, 33, 33, 33, 33, 33, 33, 33, 33, 33, 33, 33, 33, 33, 33, 33, 33, 33, 33, 33, 33, 33, 33, 33, 33, 33, 33, 33, 33, 33, 33, 33, 33, 33, 33, 33, 33, 33, 33, 33, 33, 33, 33, 33, 33, 33, 33, 33, 33, 33, 33, 33, 33, 33, 33, 33, 33, 33, 33, 33, 33, 33, 33, 33, 33, 33, 33, 33, 33, 33, 33, 33, 33, 33, 33, 33, 33, 33, 33, 33, 33, 33, 33, 33, 33, 33, 33, 33, 33, 33, 33, 33, 33, 33, 33, 33, 33, 33, 33, 33, 33, 33, 33, 33, 33, 33, 33, 33, 33, 33, 33, 33, 33, 33, 33, 33, 33, 33, 33, 33, 33, 33, 33, 33, 33, 33, 33, 33, 33, 33, 33, 33, 33, 33, 33, 33, 33, 33, 33, 33, 33, 33, 33, 33, 33, 33, 33, 33, 33, 33, 33, 33, 33, 33, 33, 33, 33, 33, 33, 33, 33, 33, 33, 33, 33, 33, 33, 33, 33, 33, 33, 33, 33, 33, 33, 33, 33, 33, 33, 33, 33, 33, 33, 33, 33, 33, 33, 33, 33, 33, 33, 33, 33, 33, 33, 33, 33, 33, 33, 33, 33, 33, 33, 33, 33, 33, 33, 33, 33, 33, 33, 33, 33, 33, 33, 33, 33]",285,"[0.43175315856933594, 0.4044939875602722, 0.39876997470855713, 0.39605712890625, 0.3940158188343048, 0.3922300338745117, 0.39057761430740356, 0.3890717327594757, 0.3876537084579468, 0.38635867834091187, 0.38513800501823425, 0.38399574160575867, 0.382929265499115, 0.38198456168174744, 0.3810279965400696, 0.38011670112609863, 0.3793511688709259, 0.37855589389801025, 0.3777773380279541, 0.3771122992038727, 0.37642890214920044, 0.3757890462875366, 0.3751881718635559, 0.37465113401412964, 0.37409019470214844, 0.37356871366500854, 0.3730473816394806, 0.3725755214691162, 0.37207117676734924, 0.3716583251953125, 0.37123411893844604, 0.37081485986709595, 0.3703891336917877, 0.3700273931026459, 0.369617223739624, 0.3692409098148346, 0.36889657378196716, 0.3685492277145386, 0.3682264983654022, 0.3677941858768463, 0.3674600124359131, 0.3671696186065674, 0.3668055832386017, 0.3665125370025635, 0.36629557609558105, 0.3658992350101471, 0.3655741214752197, 0.3652982711791992, 0.3650510907173157, 0.3647613823413849, 0.36441653966903687, 0.3641609251499176, 0.3638875484466553, 0.3635619878768921, 0.36327120661735535, 0.362962007522583, 0.36273911595344543, 0.36245131492614746, 0.36217349767684937, 0.36189720034599304, 0.36163270473480225, 0.36137571930885315, 0.361083060503006, 0.36086446046829224, 0.3606298863887787, 0.3603364825248718, 0.36003708839416504, 0.3598068654537201, 0.35954001545906067, 0.3592689037322998, 0.3589736223220825, 0.3587266206741333, 0.3585265874862671, 0.3582424521446228, 0.35798317193984985, 0.357783704996109, 0.35751137137413025, 0.3571680188179016, 0.3569849133491516, 0.35672926902770996, 0.3564246892929077, 0.3561478555202484, 0.35587170720100403, 0.35564351081848145, 0.35541462898254395, 0.3551693856716156, 0.35494616627693176, 0.35469570755958557, 0.3544576168060303, 0.3542131185531616, 0.3539855182170868, 0.35373181104660034, 0.35347893834114075, 0.35317832231521606, 0.352966845035553, 0.35273227095603943, 0.35249072313308716, 0.352237731218338, 0.3519446551799774, 0.35169169306755066, 0.35147035121917725, 0.3512437045574188, 0.3510224223136902, 0.3507647216320038, 0.35055047273635864, 0.3502768278121948, 0.35001763701438904, 0.3498047888278961, 0.3495391607284546, 0.3493015170097351, 0.34909307956695557, 0.348835825920105, 0.34858962893486023, 0.3483726978302002, 0.34814509749412537, 0.3479577898979187, 0.34770065546035767, 0.3474547564983368, 0.34724506735801697, 0.34700146317481995, 0.34677138924598694, 0.34654614329338074, 0.3463280200958252, 0.3461119532585144, 0.34587275981903076, 0.3456350266933441, 0.34548690915107727, 0.34519684314727783, 0.3449641764163971, 0.3447393476963043, 0.3445137143135071, 0.3442448377609253, 0.34406372904777527, 0.34379246830940247, 0.3435717523097992, 0.34342196583747864, 0.3432040810585022, 0.3429473042488098, 0.34271562099456787, 0.34250500798225403, 0.3422466218471527, 0.3419824540615082, 0.34177082777023315, 0.3416011333465576, 0.3414072096347809, 0.34116604924201965, 0.34096279740333557, 0.3407706916332245, 0.34056463837623596, 0.3403276205062866, 0.34004902839660645, 0.33981892466545105, 0.3395622670650482, 0.3393472731113434, 0.339167058467865, 0.33893802762031555, 0.3387424349784851, 0.338530033826828, 0.3382727801799774, 0.3381061255931854, 0.33783289790153503, 0.3376086354255676, 0.33740028738975525, 0.3372596800327301, 0.33700743317604065, 0.3367617130279541, 0.33657464385032654, 0.33639636635780334, 0.3361843526363373, 0.33597224950790405, 0.33570435643196106, 0.3355098366737366, 0.3352632522583008, 0.33508065342903137, 0.33480843901634216, 0.3345765769481659, 0.33438441157341003, 0.3342511057853699, 0.3340053856372833, 0.3337838053703308, 0.3335944414138794, 0.33333978056907654, 0.3330913782119751, 0.33284199237823486, 0.3326355814933777, 0.33243000507354736, 0.3322570025920868, 0.33204060792922974, 0.3318483233451843, 0.3316558003425598, 0.3313561975955963, 0.33116602897644043, 0.3308779001235962, 0.3306976556777954, 0.3304600417613983, 0.33024200797080994, 0.33002427220344543, 0.32982027530670166, 0.32961854338645935, 0.32939136028289795, 0.32919448614120483, 0.3289526104927063, 0.3287191092967987, 0.3284710645675659, 0.32830342650413513, 0.32804471254348755, 0.327810138463974, 0.3275899887084961, 0.327411949634552, 0.32718998193740845, 0.3269018232822418, 0.326712965965271, 0.32648468017578125, 0.32624801993370056, 0.3259921967983246, 0.32574930787086487, 0.3255007565021515, 0.32530760765075684, 0.3251023590564728, 0.324917197227478, 0.32468512654304504, 0.3243994414806366, 0.3241417706012726, 0.3238534927368164, 0.32365477085113525, 0.32347068190574646, 0.3231518864631653, 0.32289519906044006, 0.3227478265762329, 0.3224415183067322, 0.32226109504699707, 0.32202383875846863, 0.32177743315696716, 0.32150188088417053, 0.321262389421463, 0.3209746479988098, 0.3207351565361023, 0.32051727175712585, 0.3203063905239105, 0.3200194239616394, 0.3197740912437439, 0.3194790482521057, 0.3192555010318756, 0.31897127628326416, 0.31876543164253235, 0.3185056447982788, 0.3182290196418762, 0.3179284930229187, 0.31770387291908264, 0.31739914417266846, 0.31720247864723206, 0.31697890162467957, 0.31666505336761475, 0.31634992361068726, 0.316101998090744, 0.31582126021385193, 0.31548407673835754, 0.3152123689651489, 0.31493857502937317, 0.3146776258945465, 0.3144262433052063, 0.3141239285469055, 0.31384846568107605, 0.31362229585647583, 0.3133162260055542, 0.31304675340652466, 0.31268611550331116, 0.3124130368232727, 0.3120778203010559, 0.31178227066993713, 0.311506450176239, 0.31121885776519775, 0.3110024631023407, 0.31068143248558044, 0.31034451723098755, 0.3100503385066986, 0.3097802400588989, 0.30944883823394775, 0.309123694896698, 0.30882585048675537, 0.3084624707698822, 0.3081373870372772, 0.30791226029396057, 0.30757763981819153, 0.3072923719882965]",33.0,"[33.0, 33.0, 33.0, 33.0, 33.0, 33.0, 33.0, 33.0, 33.0, 33.0, 33.0, 33.0, 33.0, 33.0, 33.0, 33.0, 33.0, 33.0, 33.0, 33.0, 33.0, 33.0, 33.0, 33.0, 33.0, 33.0, 33.0, 33.0, 33.0, 33.0, 33.0, 33.0, 33.0, 33.0, 33.0, 33.0, 33.0, 33.0, 33.0, 33.0, 33.0, 33.0, 33.0, 33.0, 33.0, 33.0, 33.0, 33.0, 33.0, 33.0, 33.0, 33.0, 33.0, 33.0, 33.0, 33.0, 33.0, 33.0, 33.0, 33.0, 33.0, 33.0, 33.0, 33.0, 33.0, 33.0, 33.0, 33.0, 33.0, 33.0, 33.0, 33.0, 33.0, 33.0, 33.0, 33.0, 33.0, 33.0, 33.0, 33.0, 33.0, 33.0, 33.0, 33.0, 33.0, 33.0, 33.0, 33.0, 33.0, 33.0, 33.0, 33.0, 33.0, 33.0, 33.0, 33.0, 33.0, 33.0, 33.0, 33.0, 33.0, 33.0, 33.0, 33.0, 33.0, 33.0, 33.0, 33.0, 33.0, 33.0, 33.0, 33.0, 33.0, 33.0, 33.0, 33.0, 33.0, 33.0, 33.0, 33.0, 33.0, 33.0, 33.0, 33.0, 33.0, 33.0, 33.0, 33.0, 33.0, 33.0, 33.0, 33.0, 33.0, 33.0, 33.0, 33.0, 33.0, 33.0, 33.0, 33.0, 33.0, 33.0, 33.0, 33.0, 33.0, 33.0, 33.0, 33.0, 33.0, 33.0, 33.0, 33.0, 33.0, 33.0, 33.0, 33.0, 33.0, 33.0, 33.0, 33.0, 33.0, 33.0, 33.0, 33.0, 33.0, 33.0, 33.0, 33.0, 33.0, 33.0, 33.0, 33.0, 33.0, 33.0, 33.0, 33.0, 33.0, 33.0, 33.0, 33.0, 33.0, 33.0, 33.0, 33.0, 33.0, 33.0, 33.0, 33.0, 33.0, 33.0, 33.0, 33.0, 33.0, 33.0, 33.0, 33.0, 33.0, 33.0, 33.0, 33.0, 33.0, 33.0, 33.0, 33.0, 33.0, 33.0, 33.0, 33.0, 33.0, 33.0, 33.0, 33.0, 33.0, 33.0, 33.0, 33.0, 33.0, 33.0, 33.0, 33.0, 33.0, 33.0, 33.0, 33.0, 33.0, 33.0, 33.0, 33.0, 33.0, 33.0, 33.0, 33.0, 33.0, 33.0, 33.0, 33.0, 33.0, 33.0, 33.0, 33.0, 33.0, 33.0, 33.0, 33.0, 33.0, 33.0, 33.0, 33.0, 33.0, 33.0, 33.0, 33.0, 33.0, 33.0, 33.0, 33.0, 33.0, 33.0, 33.0, 33.0, 33.0, 33.0, 33.0, 33.0, 33.0, 33.0, 33.0, 33.0, 33.0, 33.0, 33.0, 33.0, 33.0, 33.0, 33.0, 33.0, 33.0, 33.0, 33.0, 33.0, 33.0, 33.0, 33.0, 33.0, 33.0]",COMPLETE
