,number,value,datetime_start,datetime_complete,duration,params_batch_size_scaler,params_constant_learning_rate,params_depth,params_epochs,params_kernel_l2,params_num_trees,params_temperature,user_attrs_accuracy_test,user_attrs_accuracy_valid,user_attrs_approximate_feature_sparsity,user_attrs_approximate_feature_sparsity_history,user_attrs_approximate_weight_sparsity,user_attrs_approximate_weight_sparsity_history,user_attrs_auc_test,user_attrs_auc_valid,user_attrs_feature_sparsity,user_attrs_feature_sparsity_history,user_attrs_num_epochs,user_attrs_val_loss_history,user_attrs_weight_sparsity,user_attrs_weight_sparsity_history,state
32,32,0.7268359289459108,2024-08-31 02:06:36.125749,2024-08-31 02:08:43.792116,0 days 00:02:07.666367,64,0.061144084634414175,5,350,0.007088535843752506,46,0.0013796879387439835,0.872,0.86875,33,"[33, 33, 33, 33, 33, 33, 33, 33, 33, 33, 33, 33, 33, 33, 33, 33, 33, 33, 33, 33, 33, 33, 33, 33, 33, 33, 33, 33, 33, 33, 33, 33, 33, 33, 33, 33, 33, 33, 33, 33, 33, 33, 33, 33, 33, 33, 33, 33, 33, 33, 33, 33, 33, 33, 33, 33, 33, 33, 33, 33, 33, 33, 33, 33, 33, 33, 33, 33, 33, 33, 33, 33, 33, 33, 33, 33, 33, 33, 33, 33, 33, 33, 33, 33, 33, 33, 33, 33, 33, 33, 33, 33, 33, 33, 33, 33, 33, 33, 33, 33, 33, 33, 33, 33, 33, 33, 33, 33, 33, 33, 33, 33, 33, 33, 33, 33, 33, 33, 33, 33, 33, 33, 33, 33, 33, 33, 33, 33, 33, 33, 33, 33, 33, 33, 33, 33, 33, 33, 33, 33, 33, 33, 33, 33, 33, 33, 33, 33, 33, 33, 33, 33, 33, 33, 33, 33, 33, 33, 33, 33, 33, 33, 33, 33, 33, 33, 33, 33, 33, 33, 33, 33, 33, 33, 33, 33, 33, 33, 33, 33, 33, 33, 33, 33, 33, 33, 33, 33, 33, 33, 33, 33, 33, 33, 33, 33, 33, 33, 33, 33, 33, 33, 33, 33, 33, 33, 33, 33, 33, 33, 33, 33, 33, 33, 33, 33, 33, 33, 33, 33, 33, 33, 33, 33, 33, 33, 33, 33, 33, 33, 33, 33, 33, 33, 33, 33, 33, 33, 33, 33, 33, 33, 33, 33, 33, 33, 33, 33, 33, 33, 33, 33, 33, 33, 33, 33, 33, 33, 33, 33, 33, 33, 33, 33, 33, 33, 33, 33, 33, 33, 33, 33, 33, 33, 33, 33, 33, 33, 33, 33, 33, 33, 33, 33, 33, 33, 33, 33, 33, 33, 33, 33, 33, 33, 33, 33, 33, 33, 33, 33, 33, 33, 33, 33, 33, 33, 33, 33, 33, 33, 33, 33, 33, 33, 33, 33, 33, 33, 33, 33, 33, 33, 33, 33, 33, 33, 33, 33, 33, 33, 33, 33, 33, 33, 33, 33, 33, 33, 33, 33, 33, 33, 33, 33, 33, 33, 33, 33, 33, 33]",32.942496493688644,"[32.94600280504908, 32.95441795231416, 32.955119214586254, 32.945301542776996, 32.94670406732118, 32.943197755960725, 32.94179523141655, 32.94179523141655, 32.94109396914446, 32.94389901823282, 32.94600280504909, 32.945301542776996, 32.945301542776996, 32.943197755960725, 32.94179523141655, 32.94249649368864, 32.94460028050491, 32.9382889200561, 32.940392706872366, 32.936185133239825, 32.94109396914446, 32.945301542776996, 32.94319775596073, 32.948106591865354, 32.95371669004207, 32.952314165497896, 32.953015427769984, 32.95371669004207, 32.94880785413745, 32.947405329593266, 32.94460028050491, 32.950210378681625, 32.94950911640954, 32.952314165497896, 32.950210378681625, 32.955119214586254, 32.955119214586254, 32.95371669004207, 32.953015427769984, 32.952314165497896, 32.94880785413745, 32.945301542776996, 32.94880785413745, 32.947405329593266, 32.94319775596073, 32.941093969144454, 32.9382889200561, 32.937587657784015, 32.93899018232819, 32.94179523141655, 32.94460028050491, 32.94950911640954, 32.94109396914446, 32.94109396914446, 32.94109396914446, 32.942496493688644, 32.94249649368864, 32.94249649368864, 32.94600280504909, 32.945301542776996, 32.94319775596073, 32.947405329593266, 32.945301542776996, 32.94880785413744, 32.95161290322581, 32.955119214586254, 32.95582047685834, 32.953015427769984, 32.95371669004208, 32.953015427769984, 32.945301542777, 32.94600280504909, 32.94950911640954, 32.94880785413744, 32.952314165497896, 32.950210378681625, 32.94880785413745, 32.953015427769984, 32.95441795231416, 32.953015427769984, 32.948106591865354, 32.94600280504908, 32.947405329593266, 32.945301542776996, 32.94319775596073, 32.94460028050491, 32.94249649368864, 32.945301542776996, 32.945301542776996, 32.947405329593266, 32.947405329593266, 32.950210378681625, 32.950210378681625, 32.94880785413744, 32.950210378681625, 32.950210378681625, 32.94670406732118, 32.943197755960725, 32.94249649368864, 32.94109396914446, 32.94600280504909, 32.945301542777, 32.94880785413745, 32.94880785413745, 32.94810659186536, 32.945301542777, 32.94600280504908, 32.94810659186536, 32.94950911640954, 32.94460028050491, 32.94460028050491, 32.94600280504909, 32.94109396914446, 32.93899018232819, 32.943197755960725, 32.943197755960725, 32.94109396914446, 32.94389901823282, 32.93899018232819, 32.9382889200561, 32.937587657784015, 32.94039270687237, 32.93899018232819, 32.940392706872366, 32.94460028050491, 32.94389901823282, 32.94460028050491, 32.93899018232819, 32.93899018232819, 32.93618513323983, 32.93618513323983, 32.935483870967744, 32.93688639551192, 32.934782608695656, 32.93478260869565, 32.933380084151466, 32.935483870967744, 32.93899018232819, 32.94179523141655, 32.94389901823282, 32.94179523141655, 32.94389901823282, 32.94249649368864, 32.94460028050491, 32.947405329593266, 32.948106591865354, 32.94950911640954, 32.94950911640954, 32.94600280504909, 32.947405329593266, 32.94810659186536, 32.95091164095371, 32.952314165497896, 32.948106591865354, 32.947405329593266, 32.94600280504909, 32.945301542776996, 32.94249649368864, 32.94389901823282, 32.950210378681625, 32.947405329593266, 32.94600280504908, 32.948106591865354, 32.94880785413745, 32.948106591865354, 32.950210378681625, 32.94950911640954, 32.94880785413745, 32.948106591865354, 32.94600280504909, 32.94109396914446, 32.93969144460028, 32.93969144460028, 32.93899018232819, 32.94039270687237, 32.94039270687237, 32.94319775596073, 32.94319775596073, 32.94179523141655, 32.93969144460028, 32.942496493688644, 32.94179523141655, 32.93969144460028, 32.94389901823282, 32.94319775596073, 32.94600280504909, 32.945301542777, 32.94460028050491, 32.94249649368864, 32.94179523141655, 32.94039270687237, 32.940392706872366, 32.94109396914446, 32.93758765778401, 32.935483870967744, 32.9382889200561, 32.94179523141655, 32.940392706872366, 32.94460028050491, 32.947405329593266, 32.94460028050491, 32.943197755960725, 32.945301542776996, 32.94389901823282, 32.94460028050491, 32.94460028050491, 32.94389901823282, 32.94389901823282, 32.94600280504909, 32.947405329593266, 32.947405329593266, 32.94880785413745, 32.947405329593266, 32.94810659186536, 32.948106591865354, 32.948106591865354, 32.947405329593266, 32.94600280504909, 32.94249649368864, 32.94319775596073, 32.94670406732118, 32.948106591865354, 32.948106591865354, 32.94880785413745, 32.94670406732118, 32.94600280504909, 32.94249649368864, 32.943197755960725, 32.94389901823282, 32.94460028050491, 32.945301542776996, 32.94600280504909, 32.94179523141655, 32.94389901823282, 32.943197755960725, 32.940392706872366, 32.9382889200561, 32.93899018232819, 32.93969144460028, 32.939691444600285, 32.94319775596073, 32.94109396914446, 32.94109396914446, 32.93688639551192, 32.93969144460028, 32.93899018232819, 32.93969144460028, 32.93899018232819, 32.94039270687237, 32.94109396914446, 32.94389901823282, 32.947405329593266, 32.945301542777, 32.94460028050491, 32.94319775596073, 32.945301542776996, 32.94460028050491, 32.94460028050491, 32.94460028050491, 32.947405329593266, 32.945301542776996, 32.945301542777, 32.94460028050491, 32.94460028050491, 32.94389901823282, 32.943197755960725, 32.94670406732117, 32.947405329593266, 32.94670406732118, 32.94600280504909, 32.94950911640954, 32.94810659186536, 32.95091164095372, 32.94950911640954, 32.95091164095372, 32.95161290322581, 32.94880785413745, 32.94880785413745, 32.94950911640954, 32.952314165497896, 32.952314165497896, 32.95091164095372, 32.952314165497896, 32.95161290322581, 32.95091164095372, 32.94880785413745, 32.95091164095372, 32.95301542776999, 32.950210378681625, 32.94880785413745, 32.948106591865354, 32.94950911640954, 32.948106591865354, 32.947405329593266, 32.948106591865354, 32.94670406732118, 32.94460028050491, 32.94670406732118, 32.945301542776996, 32.94460028050491, 32.94249649368864, 32.94389901823282, 32.94249649368864, 32.94249649368864, 32.947405329593266, 32.95091164095371, 32.95091164095371, 32.953015427769984, 32.952314165497896, 32.948106591865354, 32.952314165497896, 32.9516129032258, 32.948106591865354, 32.94670406732118, 32.948106591865354, 32.947405329593266, 32.950210378681625, 32.95511921458625, 32.955119214586254, 32.952314165497896, 32.95091164095371, 32.95091164095371, 32.94950911640954, 32.95441795231417, 32.95371669004208, 32.95161290322581, 32.95371669004208, 32.95652173913044, 32.95792426367461, 32.957223001402525, 32.955119214586254, 32.955119214586254, 32.953015427769984, 32.95091164095371, 32.95161290322581, 32.94950911640954, 32.950210378681625, 32.94880785413745, 32.945301542777, 32.94670406732118, 32.94249649368864, 32.94179523141655, 32.94179523141655, 32.94460028050491, 32.94319775596073, 32.94179523141655, 32.94179523141655, 32.94249649368864, 32.94389901823282, 32.942496493688644]",0.7632163409539379,0.7268359289459108,33,"[33, 33, 33, 33, 33, 33, 33, 33, 33, 33, 33, 33, 33, 33, 33, 33, 33, 33, 33, 33, 33, 33, 33, 33, 33, 33, 33, 33, 33, 33, 33, 33, 33, 33, 33, 33, 33, 33, 33, 33, 33, 33, 33, 33, 33, 33, 33, 33, 33, 33, 33, 33, 33, 33, 33, 33, 33, 33, 33, 33, 33, 33, 33, 33, 33, 33, 33, 33, 33, 33, 33, 33, 33, 33, 33, 33, 33, 33, 33, 33, 33, 33, 33, 33, 33, 33, 33, 33, 33, 33, 33, 33, 33, 33, 33, 33, 33, 33, 33, 33, 33, 33, 33, 33, 33, 33, 33, 33, 33, 33, 33, 33, 33, 33, 33, 33, 33, 33, 33, 33, 33, 33, 33, 33, 33, 33, 33, 33, 33, 33, 33, 33, 33, 33, 33, 33, 33, 33, 33, 33, 33, 33, 33, 33, 33, 33, 33, 33, 33, 33, 33, 33, 33, 33, 33, 33, 33, 33, 33, 33, 33, 33, 33, 33, 33, 33, 33, 33, 33, 33, 33, 33, 33, 33, 33, 33, 33, 33, 33, 33, 33, 33, 33, 33, 33, 33, 33, 33, 33, 33, 33, 33, 33, 33, 33, 33, 33, 33, 33, 33, 33, 33, 33, 33, 33, 33, 33, 33, 33, 33, 33, 33, 33, 33, 33, 33, 33, 33, 33, 33, 33, 33, 33, 33, 33, 33, 33, 33, 33, 33, 33, 33, 33, 33, 33, 33, 33, 33, 33, 33, 33, 33, 33, 33, 33, 33, 33, 33, 33, 33, 33, 33, 33, 33, 33, 33, 33, 33, 33, 33, 33, 33, 33, 33, 33, 33, 33, 33, 33, 33, 33, 33, 33, 33, 33, 33, 33, 33, 33, 33, 33, 33, 33, 33, 33, 33, 33, 33, 33, 33, 33, 33, 33, 33, 33, 33, 33, 33, 33, 33, 33, 33, 33, 33, 33, 33, 33, 33, 33, 33, 33, 33, 33, 33, 33, 33, 33, 33, 33, 33, 33, 33, 33, 33, 33, 33, 33, 33, 33, 33, 33, 33, 33, 33, 33, 33, 33, 33, 33, 33, 33, 33, 33, 33, 33, 33, 33, 33, 33, 33]",350,"[0.595986545085907, 0.5394190549850464, 0.5002821683883667, 0.4734509289264679, 0.4553985595703125, 0.4420148730278015, 0.4329773783683777, 0.4257892966270447, 0.4197732210159302, 0.41510456800460815, 0.4121604561805725, 0.4093065559864044, 0.4068714380264282, 0.40443602204322815, 0.402850866317749, 0.40156760811805725, 0.4003123342990875, 0.3994547724723816, 0.3985336720943451, 0.39781057834625244, 0.39691880345344543, 0.3963487148284912, 0.3957076370716095, 0.3950340747833252, 0.39436522126197815, 0.39387038350105286, 0.39330369234085083, 0.39279627799987793, 0.3923547863960266, 0.3918412923812866, 0.39142265915870667, 0.39099356532096863, 0.39047014713287354, 0.39008063077926636, 0.3896711766719818, 0.3892565667629242, 0.3890015482902527, 0.3885960876941681, 0.3881836235523224, 0.3878229558467865, 0.38751325011253357, 0.3871772885322571, 0.3867756128311157, 0.38646039366722107, 0.386155903339386, 0.385829359292984, 0.38553324341773987, 0.3852568566799164, 0.384939968585968, 0.38462793827056885, 0.38444003462791443, 0.3841536343097687, 0.38383087515830994, 0.38347357511520386, 0.38320618867874146, 0.38288870453834534, 0.382574200630188, 0.3823072016239166, 0.3820749521255493, 0.38187235593795776, 0.3816605806350708, 0.38137146830558777, 0.38114529848098755, 0.3809039294719696, 0.38069573044776917, 0.38052254915237427, 0.38029178977012634, 0.3800656795501709, 0.3798602819442749, 0.37965747714042664, 0.3794083297252655, 0.37921541929244995, 0.3789897859096527, 0.3787998855113983, 0.3785521984100342, 0.37838849425315857, 0.3782566487789154, 0.378050297498703, 0.37786152958869934, 0.3776443600654602, 0.3774195611476898, 0.3772735893726349, 0.37706637382507324, 0.3769270181655884, 0.376811683177948, 0.3766312301158905, 0.3764660954475403, 0.3762485384941101, 0.3760960102081299, 0.37589219212532043, 0.37571629881858826, 0.3755764365196228, 0.3753971755504608, 0.37519967555999756, 0.3750305473804474, 0.37484681606292725, 0.37465718388557434, 0.37451350688934326, 0.374350905418396, 0.37417176365852356, 0.3740678131580353, 0.37390291690826416, 0.37377646565437317, 0.3736514747142792, 0.37348872423171997, 0.37333062291145325, 0.3731445372104645, 0.373078852891922, 0.37296512722969055, 0.3728576898574829, 0.37274181842803955, 0.37263941764831543, 0.37247440218925476, 0.3723228871822357, 0.37217825651168823, 0.3720659911632538, 0.37191763520240784, 0.37175557017326355, 0.37165501713752747, 0.3715437054634094, 0.37140360474586487, 0.3713611960411072, 0.3712197542190552, 0.37107402086257935, 0.37092262506484985, 0.3708266317844391, 0.37068071961402893, 0.3706521689891815, 0.3705109655857086, 0.370433509349823, 0.3703453838825226, 0.37019503116607666, 0.37012436985969543, 0.36996087431907654, 0.3698834180831909, 0.3697282671928406, 0.3696151673793793, 0.36950597167015076, 0.3693971633911133, 0.3692944347858429, 0.36912330985069275, 0.3690527379512787, 0.3688878118991852, 0.36880025267601013, 0.368686705827713, 0.368581086397171, 0.3684701919555664, 0.3683575689792633, 0.3682458996772766, 0.368163526058197, 0.3680843114852905, 0.36797699332237244, 0.3679403066635132, 0.36783522367477417, 0.3677529990673065, 0.3676527440547943, 0.3676341772079468, 0.3675827085971832, 0.3675278127193451, 0.36739036440849304, 0.3673045039176941, 0.36723387241363525, 0.3671429455280304, 0.3670353591442108, 0.36695536971092224, 0.3668435215950012, 0.36676064133644104, 0.36672547459602356, 0.3666215240955353, 0.3665233850479126, 0.3664165437221527, 0.36628493666648865, 0.3662797212600708, 0.36613455414772034, 0.3660672903060913, 0.3659784197807312, 0.3659205734729767, 0.36583051085472107, 0.36574962735176086, 0.3656405508518219, 0.36566466093063354, 0.36553528904914856, 0.36544162034988403, 0.36534109711647034, 0.36527779698371887, 0.3652285635471344, 0.36516231298446655, 0.36507996916770935, 0.36499354243278503, 0.3649507761001587, 0.36484211683273315, 0.36477530002593994, 0.36464327573776245, 0.36464592814445496, 0.3645721673965454, 0.364530473947525, 0.36445507407188416, 0.36439669132232666, 0.3643016517162323, 0.36415818333625793, 0.36411041021347046, 0.36401858925819397, 0.3639398515224457, 0.3639028072357178, 0.3638511598110199, 0.3637438714504242, 0.3636545240879059, 0.36357706785202026, 0.3634292185306549, 0.3634222149848938, 0.3633003234863281, 0.3632326126098633, 0.36313462257385254, 0.36308157444000244, 0.3630436062812805, 0.3629714846611023, 0.362909734249115, 0.36287030577659607, 0.36285945773124695, 0.36273449659347534, 0.3627595603466034, 0.36268770694732666, 0.3627077341079712, 0.36266398429870605, 0.3626425266265869, 0.36258983612060547, 0.3624110519886017, 0.3622925281524658, 0.36217957735061646, 0.36220958828926086, 0.36214369535446167, 0.3620731830596924, 0.3619612753391266, 0.3618279695510864, 0.36172953248023987, 0.36163368821144104, 0.361575722694397, 0.36144760251045227, 0.36143162846565247, 0.36141079664230347, 0.3613467812538147, 0.36126983165740967, 0.3610950708389282, 0.3609875440597534, 0.36087489128112793, 0.360798180103302, 0.36075514554977417, 0.3606821894645691, 0.36065542697906494, 0.360617458820343, 0.36048567295074463, 0.3604236841201782, 0.3603377640247345, 0.3602818250656128, 0.3602449297904968, 0.3602342903614044, 0.3602465093135834, 0.3600984811782837, 0.360032856464386, 0.3600112497806549, 0.3599403500556946, 0.35981959104537964, 0.35975566506385803, 0.35968390107154846, 0.359602153301239, 0.35953885316848755, 0.3594263195991516, 0.35930728912353516, 0.35922759771347046, 0.3591982126235962, 0.35916656255722046, 0.35909807682037354, 0.35908371210098267, 0.3590194582939148, 0.3589577376842499, 0.35894662141799927, 0.358924001455307, 0.3588128685951233, 0.35873550176620483, 0.3586992025375366, 0.3586396276950836, 0.3585558831691742, 0.3584906756877899, 0.35840269923210144, 0.3584183156490326, 0.3583531081676483, 0.358369916677475, 0.35829076170921326, 0.35816726088523865, 0.35807639360427856, 0.35800835490226746, 0.357868492603302, 0.35782769322395325, 0.3577600121498108, 0.357741117477417, 0.35768187046051025, 0.3576423227787018, 0.3576115369796753, 0.3575468361377716, 0.35748568177223206, 0.35736095905303955, 0.3573533892631531, 0.3573108911514282, 0.3572007119655609, 0.3570345342159271, 0.3569396734237671, 0.3568415343761444, 0.3567816913127899, 0.356723427772522, 0.3567577600479126, 0.35672736167907715, 0.35662946105003357, 0.3565065264701843, 0.3564217686653137, 0.3563568592071533, 0.356367290019989, 0.35623177886009216, 0.356181263923645, 0.35608193278312683, 0.35601043701171875, 0.35601332783699036, 0.3558858633041382, 0.3557419180870056, 0.3556680679321289, 0.35561317205429077, 0.35561707615852356, 0.3555164337158203, 0.35546180605888367, 0.35538849234580994, 0.35527756810188293, 0.35524696111679077, 0.3551868200302124, 0.35512104630470276, 0.3550683856010437, 0.3549844026565552, 0.35492950677871704, 0.35483723878860474, 0.3547821342945099, 0.35468941926956177, 0.35461556911468506, 0.3545238971710205, 0.3544696569442749, 0.3544253408908844, 0.3543512225151062, 0.3542426824569702, 0.3541776239871979, 0.3541238307952881, 0.3540572226047516, 0.3539745807647705, 0.353866308927536]",33.0,"[33.0, 33.0, 33.0, 33.0, 33.0, 33.0, 33.0, 33.0, 33.0, 33.0, 33.0, 33.0, 33.0, 33.0, 33.0, 33.0, 33.0, 33.0, 33.0, 33.0, 33.0, 33.0, 33.0, 33.0, 33.0, 33.0, 33.0, 33.0, 33.0, 33.0, 33.0, 33.0, 33.0, 33.0, 33.0, 33.0, 33.0, 33.0, 33.0, 33.0, 33.0, 33.0, 33.0, 33.0, 33.0, 33.0, 33.0, 33.0, 33.0, 33.0, 33.0, 33.0, 33.0, 33.0, 33.0, 33.0, 33.0, 33.0, 33.0, 33.0, 33.0, 33.0, 33.0, 33.0, 33.0, 33.0, 33.0, 33.0, 33.0, 33.0, 33.0, 33.0, 33.0, 33.0, 33.0, 33.0, 33.0, 33.0, 33.0, 33.0, 33.0, 33.0, 33.0, 33.0, 33.0, 33.0, 33.0, 33.0, 33.0, 33.0, 33.0, 33.0, 33.0, 33.0, 33.0, 33.0, 33.0, 33.0, 33.0, 33.0, 33.0, 33.0, 33.0, 33.0, 33.0, 33.0, 33.0, 33.0, 33.0, 33.0, 33.0, 33.0, 33.0, 33.0, 33.0, 33.0, 33.0, 33.0, 33.0, 33.0, 33.0, 33.0, 33.0, 33.0, 33.0, 33.0, 33.0, 33.0, 33.0, 33.0, 33.0, 33.0, 33.0, 33.0, 33.0, 33.0, 33.0, 33.0, 33.0, 33.0, 33.0, 33.0, 33.0, 33.0, 33.0, 33.0, 33.0, 33.0, 33.0, 33.0, 33.0, 33.0, 33.0, 33.0, 33.0, 33.0, 33.0, 33.0, 33.0, 33.0, 33.0, 33.0, 33.0, 33.0, 33.0, 33.0, 33.0, 33.0, 33.0, 33.0, 33.0, 33.0, 33.0, 33.0, 33.0, 33.0, 33.0, 33.0, 33.0, 33.0, 33.0, 33.0, 33.0, 33.0, 33.0, 33.0, 33.0, 33.0, 33.0, 33.0, 33.0, 33.0, 33.0, 33.0, 33.0, 33.0, 33.0, 33.0, 33.0, 33.0, 33.0, 33.0, 33.0, 33.0, 33.0, 33.0, 33.0, 33.0, 33.0, 33.0, 33.0, 33.0, 33.0, 33.0, 33.0, 33.0, 33.0, 33.0, 33.0, 33.0, 33.0, 33.0, 33.0, 33.0, 33.0, 33.0, 33.0, 33.0, 33.0, 33.0, 33.0, 33.0, 33.0, 33.0, 33.0, 33.0, 33.0, 33.0, 33.0, 33.0, 33.0, 33.0, 33.0, 33.0, 33.0, 33.0, 33.0, 33.0, 33.0, 33.0, 33.0, 33.0, 33.0, 33.0, 33.0, 33.0, 33.0, 33.0, 33.0, 33.0, 33.0, 33.0, 33.0, 33.0, 33.0, 33.0, 33.0, 33.0, 33.0, 33.0, 33.0, 33.0, 33.0, 33.0, 33.0, 33.0, 33.0, 33.0, 33.0, 33.0, 33.0, 33.0, 33.0, 33.0, 33.0, 33.0, 33.0, 33.0, 33.0, 33.0, 33.0, 33.0, 33.0, 33.0, 33.0, 33.0, 33.0, 33.0, 33.0, 33.0, 33.0, 33.0, 33.0, 33.0, 33.0, 33.0, 33.0, 33.0, 33.0, 33.0, 33.0, 33.0, 33.0, 33.0, 33.0, 33.0, 33.0, 33.0, 33.0, 33.0, 33.0, 33.0, 33.0, 33.0, 33.0, 33.0, 33.0, 33.0, 33.0, 33.0, 33.0, 33.0, 33.0, 33.0, 33.0, 33.0, 33.0, 33.0, 33.0, 33.0, 33.0, 33.0, 33.0, 33.0, 33.0, 33.0, 33.0, 33.0, 33.0, 33.0]",COMPLETE
