,number,value,datetime_start,datetime_complete,duration,params_batch_size_scaler,params_constant_learning_rate,params_depth,params_epochs,params_kernel_l2,params_num_trees,params_temperature,user_attrs_accuracy_test,user_attrs_accuracy_valid,user_attrs_approximate_feature_sparsity,user_attrs_approximate_feature_sparsity_history,user_attrs_approximate_weight_sparsity,user_attrs_approximate_weight_sparsity_history,user_attrs_auc_test,user_attrs_auc_valid,user_attrs_feature_sparsity,user_attrs_feature_sparsity_history,user_attrs_num_epochs,user_attrs_val_loss_history,user_attrs_weight_sparsity,user_attrs_weight_sparsity_history,state
5,5,0.743890971390295,2024-08-31 00:43:41.531505,2024-08-31 00:44:20.487047,0 days 00:00:38.955542,16,0.0423282455862012,4,130,0.02505718725747767,17,0.0005410990556767879,0.88,0.87875,33,"[33, 33, 33, 33, 33, 33, 33, 33, 33, 33, 33, 33, 33, 33, 33, 33, 33, 33, 33, 33, 33, 33, 33, 33, 33, 33, 33, 33, 33, 33, 33, 33, 33, 33, 33, 33, 33, 33, 33, 33, 33, 33, 33, 33, 33, 33, 33, 33, 33, 33, 33, 33, 33, 33, 33, 33, 33, 33, 33, 33, 33, 33, 33, 33, 33, 33, 33, 33, 33, 33, 33, 33, 33, 33, 33, 33, 33, 33, 33, 33, 33, 33, 33, 33, 33, 33, 33, 33, 33, 33, 33, 33, 33, 33, 33, 33, 33, 33, 33, 33, 33, 33, 33, 33, 33, 33, 33, 33, 33, 33, 33, 33, 33, 33, 33, 33, 33, 33, 33, 33, 33, 33, 33, 33, 33, 33, 33, 33, 33, 33]",32.96862745098039,"[32.964705882352945, 32.94901960784314, 32.956862745098036, 32.97254901960784, 32.964705882352945, 32.964705882352945, 32.956862745098036, 32.964705882352945, 32.956862745098036, 32.976470588235294, 32.96862745098039, 32.98039215686275, 32.976470588235294, 32.976470588235294, 32.98823529411764, 32.984313725490196, 32.976470588235294, 32.976470588235294, 32.97254901960784, 32.976470588235294, 32.976470588235294, 32.976470588235294, 32.98039215686275, 32.97254901960784, 32.98039215686275, 32.96862745098039, 32.964705882352945, 32.964705882352945, 32.96862745098039, 32.98039215686275, 32.98039215686275, 32.98039215686275, 32.98823529411764, 32.98039215686275, 32.984313725490196, 32.976470588235294, 32.97254901960784, 32.97254901960784, 32.96862745098039, 32.956862745098036, 32.956862745098036, 32.976470588235294, 32.95294117647059, 32.976470588235294, 32.97254901960784, 32.96862745098039, 32.97254901960784, 32.976470588235294, 32.976470588235294, 32.98039215686275, 32.96862745098039, 32.956862745098036, 32.964705882352945, 32.964705882352945, 32.964705882352945, 32.97254901960784, 32.976470588235294, 32.96862745098039, 32.97254901960784, 32.97254901960784, 32.976470588235294, 32.97254901960784, 32.97254901960784, 32.97254901960784, 32.98039215686275, 32.976470588235294, 32.97254901960784, 32.964705882352945, 32.976470588235294, 32.976470588235294, 32.97254901960784, 32.97254901960784, 32.976470588235294, 32.96078431372549, 32.956862745098036, 32.96862745098039, 32.96078431372549, 32.96862745098039, 32.976470588235294, 32.96862745098039, 32.956862745098036, 32.96078431372549, 32.96862745098039, 32.96862745098039, 32.97254901960784, 32.964705882352945, 32.964705882352945, 32.97254901960784, 32.96862745098039, 32.97254901960784, 32.96862745098039, 32.984313725490196, 32.984313725490196, 32.984313725490196, 32.976470588235294, 32.976470588235294, 32.976470588235294, 32.98823529411764, 32.984313725490196, 32.976470588235294, 32.96862745098039, 32.96862745098039, 32.964705882352945, 32.964705882352945, 32.97254901960784, 32.976470588235294, 32.96862745098039, 32.97254901960784, 32.98039215686275, 32.976470588235294, 32.97254901960784, 32.96862745098039, 32.976470588235294, 32.97254901960784, 32.98039215686275, 32.976470588235294, 32.984313725490196, 32.976470588235294, 32.984313725490196, 32.98039215686275, 32.98039215686275, 32.984313725490196, 32.976470588235294, 32.976470588235294, 32.97254901960784, 32.964705882352945, 32.96862745098039, 32.964705882352945, 32.964705882352945, 32.96862745098039]",0.7751302438098069,0.743890971390295,33,"[33, 33, 33, 33, 33, 33, 33, 33, 33, 33, 33, 33, 33, 33, 33, 33, 33, 33, 33, 33, 33, 33, 33, 33, 33, 33, 33, 33, 33, 33, 33, 33, 33, 33, 33, 33, 33, 33, 33, 33, 33, 33, 33, 33, 33, 33, 33, 33, 33, 33, 33, 33, 33, 33, 33, 33, 33, 33, 33, 33, 33, 33, 33, 33, 33, 33, 33, 33, 33, 33, 33, 33, 33, 33, 33, 33, 33, 33, 33, 33, 33, 33, 33, 33, 33, 33, 33, 33, 33, 33, 33, 33, 33, 33, 33, 33, 33, 33, 33, 33, 33, 33, 33, 33, 33, 33, 33, 33, 33, 33, 33, 33, 33, 33, 33, 33, 33, 33, 33, 33, 33, 33, 33, 33, 33, 33, 33, 33, 33, 33]",130,"[0.5257184505462646, 0.4754545986652374, 0.44914236664772034, 0.43325528502464294, 0.4233134388923645, 0.41667038202285767, 0.4119340777397156, 0.4085049331188202, 0.40587249398231506, 0.40373367071151733, 0.4017929434776306, 0.4001469016075134, 0.398662269115448, 0.3973294794559479, 0.3960728049278259, 0.3948964774608612, 0.3938143253326416, 0.39280563592910767, 0.3918060064315796, 0.3908442556858063, 0.38995084166526794, 0.3890914022922516, 0.38826483488082886, 0.3874458968639374, 0.38668814301490784, 0.38598090410232544, 0.3852498531341553, 0.38453438878059387, 0.3838356137275696, 0.38319164514541626, 0.38256847858428955, 0.38197875022888184, 0.38138386607170105, 0.3807949125766754, 0.3802449107170105, 0.3796938955783844, 0.37919163703918457, 0.37867680191993713, 0.37817808985710144, 0.37766018509864807, 0.3771861791610718, 0.37674209475517273, 0.3762598931789398, 0.3758469820022583, 0.3754156529903412, 0.3750114440917969, 0.3746064305305481, 0.3742145895957947, 0.37377655506134033, 0.373373419046402, 0.3729865252971649, 0.3725984990596771, 0.37222567200660706, 0.37184441089630127, 0.3714735805988312, 0.3711145520210266, 0.3707849085330963, 0.37039753794670105, 0.3700576424598694, 0.36970752477645874, 0.3693479895591736, 0.3689918518066406, 0.3686741292476654, 0.36834222078323364, 0.368018239736557, 0.3676845133304596, 0.3673549294471741, 0.3670758306980133, 0.3667171895503998, 0.36639460921287537, 0.36604762077331543, 0.3657662272453308, 0.36544689536094666, 0.36514341831207275, 0.364836722612381, 0.36452430486679077, 0.3642553985118866, 0.36394935846328735, 0.36362704634666443, 0.3633137047290802, 0.36300045251846313, 0.36270126700401306, 0.36239898204803467, 0.36210063099861145, 0.3617979884147644, 0.3615124523639679, 0.3611701726913452, 0.3608696460723877, 0.36056017875671387, 0.3602553904056549, 0.3599599599838257, 0.35962939262390137, 0.35930362343788147, 0.359029620885849, 0.35873833298683167, 0.3584405183792114, 0.3581349551677704, 0.35785427689552307, 0.3575640916824341, 0.3572845757007599, 0.35699528455734253, 0.356721967458725, 0.356410413980484, 0.3560881018638611, 0.3558056354522705, 0.3554989993572235, 0.3551739752292633, 0.35487014055252075, 0.35456985235214233, 0.35426658391952515, 0.3540063798427582, 0.3537284731864929, 0.3534255623817444, 0.3531325161457062, 0.3528364598751068, 0.35255786776542664, 0.35224106907844543, 0.3519434630870819, 0.35163334012031555, 0.3513084650039673, 0.35102924704551697, 0.3507400155067444, 0.3504525125026703, 0.3501748740673065, 0.34989261627197266, 0.3495998680591583, 0.34931713342666626, 0.34901583194732666, 0.34873318672180176, 0.3484741151332855]",33.0,"[33.0, 33.0, 33.0, 33.0, 33.0, 33.0, 33.0, 33.0, 33.0, 33.0, 33.0, 33.0, 33.0, 33.0, 33.0, 33.0, 33.0, 33.0, 33.0, 33.0, 33.0, 33.0, 33.0, 33.0, 33.0, 33.0, 33.0, 33.0, 33.0, 33.0, 33.0, 33.0, 33.0, 33.0, 33.0, 33.0, 33.0, 33.0, 33.0, 33.0, 33.0, 33.0, 33.0, 33.0, 33.0, 33.0, 33.0, 33.0, 33.0, 33.0, 33.0, 33.0, 33.0, 33.0, 33.0, 33.0, 33.0, 33.0, 33.0, 33.0, 33.0, 33.0, 33.0, 33.0, 33.0, 33.0, 33.0, 33.0, 33.0, 33.0, 33.0, 33.0, 33.0, 33.0, 33.0, 33.0, 33.0, 33.0, 33.0, 33.0, 33.0, 33.0, 33.0, 33.0, 33.0, 33.0, 33.0, 33.0, 33.0, 33.0, 33.0, 33.0, 33.0, 33.0, 33.0, 33.0, 33.0, 33.0, 33.0, 33.0, 33.0, 33.0, 33.0, 33.0, 33.0, 33.0, 33.0, 33.0, 33.0, 33.0, 33.0, 33.0, 33.0, 33.0, 33.0, 33.0, 33.0, 33.0, 33.0, 33.0, 33.0, 33.0, 33.0, 33.0, 33.0, 33.0, 33.0, 33.0, 33.0, 33.0]",COMPLETE
6,6,0.690561760121601,2024-08-31 00:44:20.723650,2024-08-31 00:44:57.698815,0 days 00:00:36.975165,16,0.038881864731536674,5,50,0.32646356775235214,37,0.0001942205696972693,0.859,0.85875,33,"[33, 33, 33, 33, 33, 33, 33, 33, 33, 33, 33, 33, 33, 33, 33, 33, 33, 33, 33, 33, 33, 33, 33, 33, 33, 33, 33, 33, 33, 33, 33, 33, 33, 33, 33, 33, 33, 33, 33, 33, 33, 33, 33, 33, 33, 33, 33, 33, 33, 33]",32.95640802092415,"[32.95204882301657, 32.953792502179596, 32.96251089799477, 32.961639058413255, 32.95117698343505, 32.94856146469049, 32.9485614646905, 32.95117698343505, 32.95640802092415, 32.95466434176112, 32.95466434176112, 32.94943330427202, 32.95553618134263, 32.95204882301656, 32.95466434176112, 32.95117698343505, 32.95030514385353, 32.95204882301657, 32.95640802092415, 32.945945945945944, 32.94943330427201, 32.95553618134264, 32.953792502179596, 32.95466434176112, 32.95204882301657, 32.95466434176112, 32.958151700087186, 32.957279860505665, 32.95204882301657, 32.9537925021796, 32.95553618134263, 32.95466434176112, 32.95117698343505, 32.95640802092415, 32.960767218831734, 32.957279860505665, 32.953792502179596, 32.95466434176112, 32.95989537925022, 32.957279860505665, 32.95989537925021, 32.9642545771578, 32.96338273757628, 32.95989537925021, 32.95553618134263, 32.9590235396687, 32.95553618134264, 32.953792502179596, 32.95466434176112, 32.95640802092415]",0.7263847951188499,0.690561760121601,33,"[33, 33, 33, 33, 33, 33, 33, 33, 33, 33, 33, 33, 33, 33, 33, 33, 33, 33, 33, 33, 33, 33, 33, 33, 33, 33, 33, 33, 33, 33, 33, 33, 33, 33, 33, 33, 33, 33, 33, 33, 33, 33, 33, 33, 33, 33, 33, 33, 33, 33]",50,"[0.5148529410362244, 0.47565722465515137, 0.45333534479141235, 0.4397418200969696, 0.43094727396965027, 0.42514052987098694, 0.4211746156215668, 0.41819342970848083, 0.41612449288368225, 0.4143386781215668, 0.41290992498397827, 0.4116908609867096, 0.4106210470199585, 0.4096381366252899, 0.40874218940734863, 0.4079556167125702, 0.4071936011314392, 0.40649375319480896, 0.4058127999305725, 0.40519124269485474, 0.4045625627040863, 0.4039466381072998, 0.40337157249450684, 0.402811735868454, 0.4022636413574219, 0.4017448127269745, 0.4012393057346344, 0.40074387192726135, 0.4002801179885864, 0.3998275697231293, 0.3993748724460602, 0.39893272519111633, 0.3984963297843933, 0.39808666706085205, 0.39767003059387207, 0.3972943127155304, 0.39691635966300964, 0.3965296149253845, 0.3961770534515381, 0.3958439528942108, 0.3954923748970032, 0.39517515897750854, 0.3948575556278229, 0.3945339620113373, 0.39423108100891113, 0.3939436376094818, 0.39364174008369446, 0.3933435380458832, 0.3930698335170746, 0.3927811086177826]",33.0,"[33.0, 33.0, 33.0, 33.0, 33.0, 33.0, 33.0, 33.0, 33.0, 33.0, 33.0, 33.0, 33.0, 33.0, 33.0, 33.0, 33.0, 33.0, 33.0, 33.0, 33.0, 33.0, 33.0, 33.0, 33.0, 33.0, 33.0, 33.0, 33.0, 33.0, 33.0, 33.0, 33.0, 33.0, 33.0, 33.0, 33.0, 33.0, 33.0, 33.0, 33.0, 33.0, 33.0, 33.0, 33.0, 33.0, 33.0, 33.0, 33.0, 33.0]",COMPLETE
7,7,0.8006144452602697,2024-08-31 00:44:57.910589,2024-08-31 00:45:07.182228,0 days 00:00:09.271639,16,1.6511660035531797,2,65,0.007734292502064646,4,0.00022708223335487552,0.902,0.90625,5,"[33, 33, 33, 32, 32, 32, 30, 28, 27, 25, 24, 22, 20, 18, 18, 17, 17, 17, 16, 16, 16, 16, 16, 16, 15, 15, 15, 15, 15, 14, 14, 13, 10, 10, 8, 8, 8, 8, 8, 8, 7, 7, 7, 7, 7, 7, 7, 7, 7, 7, 7, 7, 6, 5, 5, 5, 5, 5, 5, 5, 5, 5, 5, 5, 5]",5.0,"[33.0, 33.0, 33.0, 32.0, 32.0, 32.0, 30.0, 28.0, 26.916666666666664, 25.0, 24.0, 22.0, 20.0, 18.0, 17.916666666666664, 17.0, 17.0, 17.0, 16.0, 16.0, 16.0, 16.0, 16.0, 16.0, 15.0, 15.0, 15.0, 15.0, 14.916666666666666, 14.0, 14.0, 13.0, 10.0, 10.0, 8.0, 8.0, 8.0, 8.0, 8.0, 8.0, 7.0, 7.0, 7.0, 7.0, 7.0, 7.0, 7.0, 7.0, 7.0, 7.0, 7.0, 7.0, 6.0, 5.0, 5.0, 4.916666666666666, 5.0, 5.0, 5.0, 5.0, 5.0, 5.0, 5.0, 5.0, 5.0]",0.7797248986533905,0.8006144452602697,5,"[33, 33, 33, 32, 32, 32, 30, 28, 27, 25, 24, 22, 20, 18, 18, 17, 17, 17, 16, 16, 16, 16, 16, 16, 15, 15, 15, 15, 15, 14, 14, 13, 10, 10, 8, 8, 8, 8, 8, 8, 7, 7, 7, 7, 7, 7, 7, 7, 7, 7, 7, 7, 6, 5, 5, 5, 5, 5, 5, 5, 5, 5, 5, 5, 5]",65,"[0.3761178255081177, 0.34771010279655457, 0.3160894215106964, 0.2887464761734009, 0.26999005675315857, 0.2580662667751312, 0.24962961673736572, 0.24200622737407684, 0.24840210378170013, 0.2336975336074829, 0.23589596152305603, 0.2317388504743576, 0.2290746122598648, 0.24671731889247894, 0.2397386133670807, 0.22961702942848206, 0.2353869378566742, 0.21960100531578064, 0.2216561734676361, 0.2228526622056961, 0.21909092366695404, 0.21633531153202057, 0.22163759171962738, 0.21235576272010803, 0.21610620617866516, 0.20832818746566772, 0.21188509464263916, 0.21753540635108948, 0.20601679384708405, 0.21260076761245728, 0.20896796882152557, 0.2181679755449295, 0.2294267863035202, 0.23346315324306488, 0.23583076894283295, 0.23545503616333008, 0.22691895067691803, 0.23206405341625214, 0.22939328849315643, 0.230901837348938, 0.2515062987804413, 0.2497451901435852, 0.23362459242343903, 0.23043836653232574, 0.24130573868751526, 0.2343776822090149, 0.25100794434547424, 0.2537466883659363, 0.24284803867340088, 0.2446097433567047, 0.23228386044502258, 0.24275171756744385, 0.2690233290195465, 0.32645997405052185, 0.31213462352752686, 0.30377036333084106, 0.2959544360637665, 0.3250928819179535, 0.29515010118484497, 0.3040830194950104, 0.29929980635643005, 0.3186596632003784, 0.29587292671203613, 0.2972162663936615, 0.2961146831512451]",5.0,"[33.0, 33.0, 33.0, 32.0, 32.0, 32.0, 30.0, 28.0, 27.0, 25.0, 24.0, 22.0, 20.0, 18.0, 18.0, 17.0, 17.0, 17.0, 16.0, 16.0, 16.0, 16.0, 16.0, 16.0, 15.0, 15.0, 15.0, 15.0, 15.0, 14.0, 14.0, 13.0, 10.0, 10.0, 8.0, 8.0, 8.0, 8.0, 8.0, 8.0, 7.0, 7.0, 7.0, 7.0, 7.0, 7.0, 7.0, 7.0, 7.0, 7.0, 7.0, 7.0, 6.0, 5.0, 5.0, 5.0, 5.0, 5.0, 5.0, 5.0, 5.0, 5.0, 5.0, 5.0, 5.0]",COMPLETE
8,8,0.5,2024-08-31 00:45:07.412214,2024-08-31 00:45:20.242371,0 days 00:00:12.830157,64,0.5009615137983938,4,50,0.05343668232660404,27,0.06136045802294312,0.859,0.85875,0,"[33, 33, 33, 11, 0, 0, 0, 0, 0, 0, 0, 0, 0, 0, 0, 0, 0, 0, 0, 0, 0, 0, 0, 0, 0, 0, 0, 0, 0, 0, 0, 0, 0, 0, 0, 0, 0, 0, 0, 0, 0, 0, 0, 0, 0, 0, 0, 0, 0, 0]",0.0,"[32.94567901234568, 32.977777777777774, 32.97283950617284, 10.987654320987655, 0.0, 0.0, 0.0, 0.0, 0.0, 0.0, 0.0, 0.0, 0.0, 0.0, 0.0, 0.0, 0.0, 0.0, 0.0, 0.0, 0.0, 0.0, 0.0, 0.0, 0.0, 0.0, 0.0, 0.0, 0.0, 0.0, 0.0, 0.0, 0.0, 0.0, 0.0, 0.0, 0.0, 0.0, 0.0, 0.0, 0.0, 0.0, 0.0, 0.0, 0.0, 0.0, 0.0, 0.0, 0.0, 0.0]",0.5,0.5,0,"[33, 33, 33, 11, 0, 0, 0, 0, 0, 0, 0, 0, 0, 0, 0, 0, 0, 0, 0, 0, 0, 0, 0, 0, 0, 0, 0, 0, 0, 0, 0, 0, 0, 0, 0, 0, 0, 0, 0, 0, 0, 0, 0, 0, 0, 0, 0, 0, 0, 0]",50,"[0.41406723856925964, 0.40099892020225525, 0.39653050899505615, 0.40183526277542114, 0.4078676700592041, 0.40733665227890015, 0.40722861886024475, 0.4072754979133606, 0.4072438180446625, 0.4074508547782898, 0.4076008200645447, 0.40736353397369385, 0.4072352647781372, 0.4073573350906372, 0.4072515070438385, 0.4072321653366089, 0.40757617354393005, 0.4078742265701294, 0.40769699215888977, 0.4072290062904358, 0.40733352303504944, 0.407234787940979, 0.40739867091178894, 0.40747353434562683, 0.40730467438697815, 0.40742161870002747, 0.4072331190109253, 0.4073452055454254, 0.4072619676589966, 0.40724438428878784, 0.40728265047073364, 0.4073621332645416, 0.4072261154651642, 0.4072399139404297, 0.40731048583984375, 0.4072360098361969, 0.4072344899177551, 0.4078482687473297, 0.40724465250968933, 0.4072287082672119, 0.408021479845047, 0.40782374143600464, 0.4074922204017639, 0.40722861886024475, 0.4072348475456238, 0.4072484076023102, 0.4072820246219635, 0.4072526693344116, 0.40722665190696716, 0.4076724350452423]",0.0,"[33.0, 33.0, 33.0, 11.0, 0.0, 0.0, 0.0, 0.0, 0.0, 0.0, 0.0, 0.0, 0.0, 0.0, 0.0, 0.0, 0.0, 0.0, 0.0, 0.0, 0.0, 0.0, 0.0, 0.0, 0.0, 0.0, 0.0, 0.0, 0.0, 0.0, 0.0, 0.0, 0.0, 0.0, 0.0, 0.0, 0.0, 0.0, 0.0, 0.0, 0.0, 0.0, 0.0, 0.0, 0.0, 0.0, 0.0, 0.0, 0.0, 0.0]",COMPLETE
9,9,0.6848939212428025,2024-08-31 00:45:20.455420,2024-08-31 00:45:29.826847,0 days 00:00:09.371427,64,0.07382751981499336,4,15,0.3067750867937877,19,0.00010329669551879738,0.859,0.85875,33,"[33, 33, 33, 33, 33, 33, 33, 33, 33, 33, 33, 33, 33, 33, 33]",32.97894736842105,"[32.98947368421052, 32.99649122807018, 32.9719298245614, 32.9859649122807, 32.98947368421052, 32.98947368421052, 32.97543859649123, 32.97543859649123, 32.98947368421052, 32.9859649122807, 32.98947368421052, 32.99649122807018, 32.98947368421052, 32.98245614035088, 32.97894736842105]",0.7351282622875024,0.6848939212428025,33,"[33, 33, 33, 33, 33, 33, 33, 33, 33, 33, 33, 33, 33, 33, 33]",15,"[0.9983829259872437, 0.8137604594230652, 0.694031298160553, 0.6191656589508057, 0.5716148018836975, 0.5385298132896423, 0.5157995820045471, 0.4995156526565552, 0.48868048191070557, 0.4804738759994507, 0.4743611812591553, 0.46891674399375916, 0.4651716649532318, 0.4621104300022125, 0.45938828587532043]",33.0,"[33.0, 33.0, 33.0, 33.0, 33.0, 33.0, 33.0, 33.0, 33.0, 33.0, 33.0, 33.0, 33.0, 33.0, 33.0]",COMPLETE
