,number,value,datetime_start,datetime_complete,duration,params_batch_size_scaler,params_constant_learning_rate,params_depth,params_epochs,params_kernel_l2,params_num_trees,params_temperature,user_attrs_accuracy_test,user_attrs_accuracy_valid,user_attrs_approximate_feature_sparsity,user_attrs_approximate_feature_sparsity_history,user_attrs_approximate_weight_sparsity,user_attrs_approximate_weight_sparsity_history,user_attrs_auc_test,user_attrs_auc_valid,user_attrs_feature_sparsity,user_attrs_feature_sparsity_history,user_attrs_num_epochs,user_attrs_val_loss_history,user_attrs_weight_sparsity,user_attrs_weight_sparsity_history,state
168,168,0.9116847651067228,2024-08-31 07:23:25.389177,2024-08-31 07:24:01.976439,0 days 00:00:36.587262,16,0.054009617490467045,2,405,0.20063065419449633,34,0.0035522139964021225,0.904,0.895,17,"[33, 33, 33, 33, 33, 33, 33, 33, 33, 33, 33, 33, 33, 33, 33, 33, 33, 33, 33, 33, 33, 33, 33, 33, 33, 33, 33, 33, 33, 33, 33, 33, 33, 33, 33, 33, 33, 33, 33, 33, 33, 33, 33, 33, 33, 33, 33, 33, 33, 33, 33, 33, 33, 33, 33, 33, 33, 33, 33, 33, 33, 33, 33, 33, 33, 33, 33, 33, 33, 33, 33, 33, 33, 33, 33, 33, 33, 33, 33, 33, 33, 33, 33, 33, 33, 33, 33, 33, 33, 33, 33, 33, 33, 33, 33, 33, 33, 33, 33, 33, 33, 33, 33, 33, 33, 33, 33, 33, 33, 33, 33, 33, 33, 33, 33, 33, 33, 33, 33, 33, 33, 33, 33, 33, 33, 33, 33, 33, 33, 33, 33, 33, 33, 33, 33, 33, 33, 33, 33, 33, 33, 33, 33, 33, 33, 33, 33, 33, 33, 33, 33, 33, 33, 33, 33, 33, 33, 33, 33, 33, 33, 33, 33, 33, 33, 33, 33, 33, 33, 33, 33, 33, 33, 33, 33, 33, 33, 33, 33, 33, 33, 33, 33, 33, 33, 33, 33, 33, 33, 33, 33, 33, 33, 33, 33, 33, 33, 33, 33, 33, 33, 33, 33, 33, 33, 33, 33, 33, 33, 33, 33, 33, 33, 33, 33, 33, 33, 33, 33, 33, 33, 33, 33, 33, 33, 33, 33, 33, 33, 33, 33, 33, 33, 33, 33, 33, 33, 33, 33, 33, 33, 33, 33, 33, 33, 33, 33, 33, 33, 33, 33, 33, 33, 33, 33, 32, 32, 32, 32, 32, 32, 32, 32, 31, 30, 30, 30, 30, 30, 30, 30, 29, 27, 27, 27, 27, 27, 27, 27, 27, 27, 27, 27, 26, 25, 25, 25, 25, 24, 23, 23, 23, 23, 23, 23, 23, 23, 23, 23, 23, 23, 23, 23, 23, 23, 23, 23, 23, 23, 23, 23, 23, 23, 23, 23, 23, 23, 23, 23, 23, 22, 21, 21, 21, 21, 21, 21, 21, 20, 20, 20, 20, 20, 20, 20, 20, 20, 20, 20, 20, 20, 20, 20, 20, 20, 20, 20, 20, 20, 19, 19, 19, 19, 19, 19, 19, 18, 18, 18, 18, 18, 18, 17, 17, 17, 17, 17, 17, 17, 17, 17, 17, 17, 17, 17, 17, 17, 17, 17, 17, 17, 17, 17, 17, 17, 17, 17, 17, 17, 17, 17, 17, 17, 17, 17, 17, 17, 17, 17, 17, 17, 17, 17, 17, 17]",16.990196078431374,"[33.0, 32.98039215686275, 32.970588235294116, 32.970588235294116, 32.98039215686275, 32.94117647058823, 32.990196078431374, 32.990196078431374, 32.970588235294116, 32.98039215686275, 32.990196078431374, 32.990196078431374, 32.990196078431374, 33.0, 32.990196078431374, 32.990196078431374, 33.0, 33.0, 32.990196078431374, 32.990196078431374, 32.98039215686275, 33.0, 32.990196078431374, 32.98039215686275, 32.970588235294116, 32.970588235294116, 32.98039215686275, 32.98039215686275, 32.970588235294116, 33.0, 32.990196078431374, 32.990196078431374, 32.98039215686275, 32.98039215686275, 32.970588235294116, 32.990196078431374, 32.990196078431374, 32.98039215686275, 32.990196078431374, 32.98039215686275, 33.0, 33.0, 32.990196078431374, 33.0, 32.990196078431374, 33.0, 33.0, 32.990196078431374, 32.970588235294116, 32.990196078431374, 32.990196078431374, 32.98039215686275, 32.98039215686275, 32.98039215686275, 32.990196078431374, 33.0, 33.0, 32.990196078431374, 33.0, 33.0, 32.990196078431374, 32.990196078431374, 32.98039215686275, 32.98039215686275, 33.0, 33.0, 32.990196078431374, 32.970588235294116, 32.970588235294116, 33.0, 32.990196078431374, 33.0, 33.0, 32.990196078431374, 32.98039215686275, 32.990196078431374, 32.990196078431374, 32.98039215686275, 32.990196078431374, 33.0, 33.0, 33.0, 33.0, 33.0, 33.0, 33.0, 32.98039215686275, 32.970588235294116, 32.970588235294116, 32.950980392156865, 32.96078431372549, 32.96078431372549, 32.970588235294116, 32.970588235294116, 32.98039215686275, 32.96078431372549, 32.970588235294116, 32.98039215686275, 32.98039215686275, 32.98039215686275, 32.970588235294116, 32.98039215686275, 32.970588235294116, 32.96078431372549, 32.970588235294116, 32.96078431372549, 32.98039215686275, 32.990196078431374, 32.96078431372549, 32.950980392156865, 32.96078431372549, 32.990196078431374, 32.990196078431374, 32.98039215686275, 32.98039215686275, 32.990196078431374, 32.970588235294116, 32.98039215686275, 32.970588235294116, 32.98039215686275, 32.96078431372549, 32.98039215686275, 32.98039215686275, 32.970588235294116, 32.98039215686275, 32.94117647058823, 32.931372549019606, 32.98039215686275, 32.98039215686275, 32.970588235294116, 32.98039215686275, 32.98039215686275, 32.990196078431374, 33.0, 32.98039215686275, 32.990196078431374, 32.98039215686275, 32.970588235294116, 32.970588235294116, 32.98039215686275, 32.970588235294116, 32.990196078431374, 32.990196078431374, 32.98039215686275, 32.98039215686275, 32.98039215686275, 32.98039215686275, 32.970588235294116, 32.990196078431374, 33.0, 32.990196078431374, 32.990196078431374, 33.0, 33.0, 33.0, 32.990196078431374, 32.990196078431374, 32.98039215686275, 32.98039215686275, 32.990196078431374, 32.990196078431374, 32.970588235294116, 32.990196078431374, 32.98039215686275, 32.970588235294116, 32.96078431372549, 32.98039215686275, 32.990196078431374, 32.990196078431374, 32.96078431372549, 32.96078431372549, 32.94117647058824, 32.970588235294116, 32.970588235294116, 32.950980392156865, 32.990196078431374, 32.990196078431374, 32.990196078431374, 32.98039215686275, 32.96078431372549, 32.96078431372549, 32.970588235294116, 32.96078431372549, 32.970588235294116, 32.96078431372549, 32.96078431372549, 32.98039215686275, 32.98039215686275, 32.970588235294116, 32.970588235294116, 32.970588235294116, 32.98039215686275, 32.990196078431374, 32.98039215686275, 32.96078431372549, 32.990196078431374, 32.98039215686275, 32.98039215686275, 32.970588235294116, 32.98039215686275, 32.98039215686275, 32.970588235294116, 32.96078431372549, 32.98039215686275, 32.970588235294116, 32.931372549019606, 32.950980392156865, 32.94117647058823, 32.94117647058823, 32.931372549019606, 32.931372549019606, 32.950980392156865, 32.950980392156865, 32.98039215686275, 32.970588235294116, 32.98039215686275, 32.990196078431374, 32.990196078431374, 32.98039215686275, 33.0, 33.0, 33.0, 33.0, 32.98039215686275, 32.970588235294116, 32.96078431372549, 32.970588235294116, 32.970588235294116, 32.98039215686275, 32.990196078431374, 32.990196078431374, 32.98039215686275, 33.0, 32.990196078431374, 33.0, 33.0, 32.990196078431374, 32.98039215686275, 32.990196078431374, 32.98039215686275, 32.950980392156865, 32.970588235294116, 32.970588235294116, 32.970588235294116, 32.98039215686275, 32.970588235294116, 32.970588235294116, 32.96078431372549, 32.96078431372549, 32.950980392156865, 32.96078431372549, 32.950980392156865, 32.970588235294116, 32.970588235294116, 32.96078431372549, 31.990196078431374, 31.96078431372549, 31.941176470588236, 31.941176470588236, 31.96078431372549, 31.970588235294116, 31.970588235294116, 31.990196078431374, 30.970588235294116, 29.970588235294116, 29.990196078431374, 29.970588235294116, 29.96078431372549, 29.980392156862745, 29.990196078431374, 30.0, 28.990196078431374, 26.990196078431374, 26.990196078431374, 27.0, 26.980392156862745, 26.98039215686275, 26.970588235294116, 26.990196078431374, 27.0, 26.990196078431374, 26.970588235294116, 26.990196078431374, 25.980392156862745, 24.970588235294116, 24.980392156862745, 24.980392156862745, 24.980392156862745, 23.990196078431374, 23.0, 23.0, 22.990196078431374, 22.990196078431374, 22.990196078431374, 22.990196078431374, 23.0, 22.980392156862745, 22.950980392156865, 22.980392156862745, 22.980392156862745, 22.980392156862745, 22.96078431372549, 22.980392156862745, 22.990196078431374, 22.990196078431374, 22.990196078431374, 22.980392156862745, 22.990196078431374, 22.980392156862745, 22.98039215686275, 22.980392156862745, 22.980392156862745, 22.980392156862745, 23.0, 22.990196078431374, 22.980392156862745, 22.980392156862745, 22.980392156862745, 22.980392156862745, 22.980392156862745, 21.970588235294116, 20.980392156862745, 20.970588235294116, 20.970588235294116, 20.980392156862745, 20.980392156862745, 20.96078431372549, 20.990196078431374, 19.990196078431374, 19.970588235294116, 19.96078431372549, 19.980392156862745, 19.96078431372549, 19.980392156862745, 19.990196078431374, 20.0, 19.990196078431374, 19.990196078431374, 19.980392156862745, 19.980392156862745, 19.980392156862745, 20.0, 19.970588235294116, 19.980392156862745, 19.980392156862745, 19.980392156862745, 19.990196078431374, 19.990196078431374, 19.990196078431374, 19.0, 18.990196078431374, 18.990196078431374, 18.970588235294116, 18.950980392156865, 18.970588235294116, 18.970588235294116, 18.0, 18.0, 17.990196078431374, 17.990196078431374, 17.980392156862745, 17.980392156862745, 16.980392156862745, 16.990196078431374, 16.990196078431374, 16.980392156862745, 16.96078431372549, 16.970588235294116, 16.990196078431374, 16.990196078431374, 17.0, 16.990196078431374, 17.0, 17.0, 17.0, 17.0, 16.990196078431374, 16.980392156862745, 16.970588235294116, 16.990196078431374, 17.0, 17.0, 17.0, 17.0, 17.0, 17.0, 16.970588235294116, 16.980392156862745, 16.990196078431374, 16.990196078431374, 17.0, 16.990196078431374, 16.990196078431374, 16.980392156862745, 16.980392156862745, 17.0, 16.990196078431374, 17.0, 17.0, 17.0, 17.0, 17.0, 17.0, 17.0, 16.990196078431374]",0.8933280492738547,0.9116847651067228,17,"[33, 33, 33, 33, 33, 33, 33, 33, 33, 33, 33, 33, 33, 33, 33, 33, 33, 33, 33, 33, 33, 33, 33, 33, 33, 33, 33, 33, 33, 33, 33, 33, 33, 33, 33, 33, 33, 33, 33, 33, 33, 33, 33, 33, 33, 33, 33, 33, 33, 33, 33, 33, 33, 33, 33, 33, 33, 33, 33, 33, 33, 33, 33, 33, 33, 33, 33, 33, 33, 33, 33, 33, 33, 33, 33, 33, 33, 33, 33, 33, 33, 33, 33, 33, 33, 33, 33, 33, 33, 33, 33, 33, 33, 33, 33, 33, 33, 33, 33, 33, 33, 33, 33, 33, 33, 33, 33, 33, 33, 33, 33, 33, 33, 33, 33, 33, 33, 33, 33, 33, 33, 33, 33, 33, 33, 33, 33, 33, 33, 33, 33, 33, 33, 33, 33, 33, 33, 33, 33, 33, 33, 33, 33, 33, 33, 33, 33, 33, 33, 33, 33, 33, 33, 33, 33, 33, 33, 33, 33, 33, 33, 33, 33, 33, 33, 33, 33, 33, 33, 33, 33, 33, 33, 33, 33, 33, 33, 33, 33, 33, 33, 33, 33, 33, 33, 33, 33, 33, 33, 33, 33, 33, 33, 33, 33, 33, 33, 33, 33, 33, 33, 33, 33, 33, 33, 33, 33, 33, 33, 33, 33, 33, 33, 33, 33, 33, 33, 33, 33, 33, 33, 33, 33, 33, 33, 33, 33, 33, 33, 33, 33, 33, 33, 33, 33, 33, 33, 33, 33, 33, 33, 33, 33, 33, 33, 33, 33, 33, 33, 33, 33, 33, 33, 33, 33, 32, 32, 32, 32, 32, 32, 32, 32, 31, 30, 30, 30, 30, 30, 30, 30, 29, 27, 27, 27, 27, 27, 27, 27, 27, 27, 27, 27, 26, 25, 25, 25, 25, 24, 23, 23, 23, 23, 23, 23, 23, 23, 23, 23, 23, 23, 23, 23, 23, 23, 23, 23, 23, 23, 23, 23, 23, 23, 23, 23, 23, 23, 23, 23, 23, 22, 21, 21, 21, 21, 21, 21, 21, 20, 20, 20, 20, 20, 20, 20, 20, 20, 20, 20, 20, 20, 20, 20, 20, 20, 20, 20, 20, 20, 19, 19, 19, 19, 19, 19, 19, 18, 18, 18, 18, 18, 18, 17, 17, 17, 17, 17, 17, 17, 17, 17, 17, 17, 17, 17, 17, 17, 17, 17, 17, 17, 17, 17, 17, 17, 17, 17, 17, 17, 17, 17, 17, 17, 17, 17, 17, 17, 17, 17, 17, 17, 17, 17, 17, 17]",405,"[0.5038310289382935, 0.49619460105895996, 0.492464154958725, 0.4888302981853485, 0.48580288887023926, 0.48309090733528137, 0.48057445883750916, 0.47819972038269043, 0.4760454595088959, 0.4740922451019287, 0.4722175598144531, 0.47063106298446655, 0.46880868077278137, 0.46728000044822693, 0.46569547057151794, 0.46413135528564453, 0.46275007724761963, 0.4614463448524475, 0.46018409729003906, 0.45901498198509216, 0.4575304687023163, 0.4563091993331909, 0.4551752805709839, 0.45402535796165466, 0.4529399573802948, 0.45180562138557434, 0.45082151889801025, 0.4496879577636719, 0.4488210380077362, 0.44757506251335144, 0.4469551146030426, 0.44574877619743347, 0.4446867108345032, 0.4437513053417206, 0.44271308183670044, 0.44178399443626404, 0.440862774848938, 0.43972739577293396, 0.43880772590637207, 0.43776747584342957, 0.4369480609893799, 0.43608924746513367, 0.4350302815437317, 0.43425828218460083, 0.43343693017959595, 0.43231552839279175, 0.4314054250717163, 0.43053990602493286, 0.429727166891098, 0.4287281930446625, 0.42797213792800903, 0.42720893025398254, 0.4262668490409851, 0.4254131019115448, 0.4246923327445984, 0.4238293170928955, 0.42293184995651245, 0.42218825221061707, 0.42129698395729065, 0.4204924702644348, 0.41966915130615234, 0.41878649592399597, 0.41811850666999817, 0.41729652881622314, 0.41656437516212463, 0.4157792925834656, 0.4151800870895386, 0.4141924977302551, 0.41371220350265503, 0.41279783844947815, 0.4118945300579071, 0.41111886501312256, 0.4104207754135132, 0.4097517430782318, 0.4090352952480316, 0.4082182049751282, 0.4076651632785797, 0.4067632555961609, 0.4062767028808594, 0.405335396528244, 0.4046468734741211, 0.4039972722530365, 0.40331512689590454, 0.40260669589042664, 0.40195029973983765, 0.4015502631664276, 0.40050584077835083, 0.4001086950302124, 0.3992714583873749, 0.39855796098709106, 0.39810195565223694, 0.3973644971847534, 0.3964664936065674, 0.3957667648792267, 0.3950818181037903, 0.3946739435195923, 0.3937316834926605, 0.39309296011924744, 0.39252227544784546, 0.3918163776397705, 0.39106082916259766, 0.3904170095920563, 0.3902108073234558, 0.38933825492858887, 0.38858985900878906, 0.38800883293151855, 0.3872787356376648, 0.3866344392299652, 0.38596123456954956, 0.3853698670864105, 0.38494521379470825, 0.3841265141963959, 0.38349270820617676, 0.38285306096076965, 0.3821823000907898, 0.3814350366592407, 0.3809264302253723, 0.38028910756111145, 0.3796631693840027, 0.3793008029460907, 0.3784594237804413, 0.3779137134552002, 0.37731704115867615, 0.3766157627105713, 0.37586483359336853, 0.37521496415138245, 0.3746889531612396, 0.37405261397361755, 0.37351855635643005, 0.37306004762649536, 0.37236300110816956, 0.3717675507068634, 0.3709254860877991, 0.3706449270248413, 0.3696078360080719, 0.3691752552986145, 0.3685626685619354, 0.36815449595451355, 0.3675120174884796, 0.3671145737171173, 0.36619582772254944, 0.3655143976211548, 0.365072637796402, 0.364541232585907, 0.3641377389431, 0.36341235041618347, 0.3627758026123047, 0.3619367182254791, 0.36140137910842896, 0.36085274815559387, 0.3601200580596924, 0.35960283875465393, 0.3588451147079468, 0.35849282145500183, 0.3579845726490021, 0.35727566480636597, 0.3565513491630554, 0.35599881410598755, 0.3555997610092163, 0.35493800044059753, 0.35453182458877563, 0.35374370217323303, 0.3533593714237213, 0.3526197671890259, 0.3521070182323456, 0.35146939754486084, 0.3509988784790039, 0.3502193093299866, 0.34957563877105713, 0.3489931523799896, 0.3482367694377899, 0.34787243604660034, 0.34713709354400635, 0.34654754400253296, 0.3458844721317291, 0.34523749351501465, 0.3445355296134949, 0.344542920589447, 0.3435084819793701, 0.3430938422679901, 0.34275326132774353, 0.3422167897224426, 0.3415748178958893, 0.34100228548049927, 0.34053367376327515, 0.3398958444595337, 0.33927035331726074, 0.33865639567375183, 0.3382299840450287, 0.3376164138317108, 0.33722442388534546, 0.3365192115306854, 0.3357681632041931, 0.33522769808769226, 0.3349270522594452, 0.33465346693992615, 0.33378279209136963, 0.3332316279411316, 0.3328212797641754, 0.3322467505931854, 0.3317084014415741, 0.33105313777923584, 0.33082160353660583, 0.3302956819534302, 0.3297811448574066, 0.32910457253456116, 0.32863155007362366, 0.3281131684780121, 0.3278895914554596, 0.32720500230789185, 0.3266940414905548, 0.3262246251106262, 0.32589825987815857, 0.32499468326568604, 0.324645459651947, 0.32387611269950867, 0.3237329423427582, 0.32297852635383606, 0.32241299748420715, 0.32219168543815613, 0.32184258103370667, 0.32134324312210083, 0.3208164572715759, 0.32056859135627747, 0.31993815302848816, 0.3198789060115814, 0.31948843598365784, 0.3186475932598114, 0.31821566820144653, 0.3177809417247772, 0.3172670900821686, 0.3170051872730255, 0.31650856137275696, 0.31605756282806396, 0.31577298045158386, 0.31534987688064575, 0.31486549973487854, 0.31437453627586365, 0.31384792923927307, 0.3133031129837036, 0.3128965198993683, 0.3124138414859772, 0.31198006868362427, 0.31180089712142944, 0.31148627400398254, 0.31086283922195435, 0.3106578588485718, 0.31006312370300293, 0.30973583459854126, 0.3094019889831543, 0.3091687858104706, 0.3084169328212738, 0.3080767095088959, 0.3078552782535553, 0.3074810206890106, 0.3065457046031952, 0.30602705478668213, 0.30558282136917114, 0.305397629737854, 0.30504176020622253, 0.30468180775642395, 0.3044765889644623, 0.3037186563014984, 0.30309224128723145, 0.30215179920196533, 0.30181849002838135, 0.3015401363372803, 0.3011862635612488, 0.30083340406417847, 0.3006349802017212, 0.30043619871139526, 0.2985575795173645, 0.2983376085758209, 0.2982005774974823, 0.2979770004749298, 0.29779547452926636, 0.29701003432273865, 0.2967011630535126, 0.2963377833366394, 0.2961219549179077, 0.2960398197174072, 0.2958519458770752, 0.29561683535575867, 0.29429328441619873, 0.29333817958831787, 0.29315441846847534, 0.2926311194896698, 0.29220879077911377, 0.29122909903526306, 0.28852295875549316, 0.28851547837257385, 0.288479208946228, 0.28823617100715637, 0.28799736499786377, 0.28811100125312805, 0.288007915019989, 0.28786858916282654, 0.28722119331359863, 0.2871033251285553, 0.2870663106441498, 0.28666847944259644, 0.2866406738758087, 0.286420077085495, 0.28613603115081787, 0.2858021855354309, 0.2859598696231842, 0.28539517521858215, 0.28524571657180786, 0.285317987203598, 0.2849854528903961, 0.28462767601013184, 0.2843334674835205, 0.28444600105285645, 0.2841014564037323, 0.28380289673805237, 0.2835586369037628, 0.28354451060295105, 0.28296059370040894, 0.2835693061351776, 0.28271594643592834, 0.2815495729446411, 0.2788277864456177, 0.27854540944099426, 0.2783268094062805, 0.27810797095298767, 0.27769923210144043, 0.2777377963066101, 0.2774152457714081, 0.2789819538593292, 0.27876216173171997, 0.27862095832824707, 0.2784884572029114, 0.27861326932907104, 0.27842551469802856, 0.2781382203102112, 0.2777915298938751, 0.2781022787094116, 0.2775416672229767, 0.27753666043281555, 0.27690407633781433, 0.27657535672187805, 0.27677321434020996, 0.2766956686973572, 0.27649402618408203, 0.27630794048309326, 0.27591702342033386, 0.27558276057243347, 0.27533426880836487, 0.27531781792640686, 0.2745574414730072, 0.2736717462539673, 0.27391448616981506, 0.2734857201576233, 0.2732647657394409, 0.27327248454093933, 0.27312883734703064, 0.27322256565093994, 0.2730047106742859, 0.2731192708015442, 0.27279141545295715, 0.2732013761997223, 0.27261435985565186, 0.27013465762138367, 0.2699950337409973, 0.27006176114082336, 0.26982471346855164, 0.26992514729499817, 0.26972654461860657, 0.26948726177215576, 0.2693970799446106, 0.2693292796611786, 0.2691141963005066, 0.2688468098640442, 0.26896756887435913, 0.26892247796058655, 0.26832863688468933, 0.2682405412197113, 0.2682410180568695, 0.2679203152656555, 0.26785391569137573, 0.26787927746772766, 0.2677750587463379, 0.26738470792770386, 0.26726922392845154, 0.2670157551765442, 0.2668587565422058, 0.2666128873825073, 0.2664579153060913, 0.2665616273880005, 0.2667977213859558, 0.2660888433456421, 0.2659647464752197, 0.2655872702598572, 0.2657243013381958, 0.26549649238586426, 0.26521340012550354, 0.2648562490940094, 0.26501303911209106, 0.26486098766326904, 0.26439836621284485, 0.26441890001296997, 0.2640891671180725, 0.26428356766700745, 0.2640419006347656, 0.2637726962566376]",17.0,"[33.0, 33.0, 33.0, 33.0, 33.0, 33.0, 33.0, 33.0, 33.0, 33.0, 33.0, 33.0, 33.0, 33.0, 33.0, 33.0, 33.0, 33.0, 33.0, 33.0, 33.0, 33.0, 33.0, 33.0, 33.0, 33.0, 33.0, 33.0, 33.0, 33.0, 33.0, 33.0, 33.0, 33.0, 33.0, 33.0, 33.0, 33.0, 33.0, 33.0, 33.0, 33.0, 33.0, 33.0, 33.0, 33.0, 33.0, 33.0, 33.0, 33.0, 33.0, 33.0, 33.0, 33.0, 33.0, 33.0, 33.0, 33.0, 33.0, 33.0, 33.0, 33.0, 33.0, 33.0, 33.0, 33.0, 33.0, 33.0, 33.0, 33.0, 33.0, 33.0, 33.0, 33.0, 33.0, 33.0, 33.0, 33.0, 33.0, 33.0, 33.0, 33.0, 33.0, 33.0, 33.0, 33.0, 33.0, 33.0, 33.0, 33.0, 33.0, 33.0, 33.0, 33.0, 33.0, 33.0, 33.0, 33.0, 33.0, 33.0, 33.0, 33.0, 33.0, 33.0, 33.0, 33.0, 33.0, 33.0, 33.0, 33.0, 33.0, 33.0, 33.0, 33.0, 33.0, 33.0, 33.0, 33.0, 33.0, 33.0, 33.0, 33.0, 33.0, 33.0, 33.0, 33.0, 33.0, 33.0, 33.0, 33.0, 33.0, 33.0, 33.0, 33.0, 33.0, 33.0, 33.0, 33.0, 33.0, 33.0, 33.0, 33.0, 33.0, 33.0, 33.0, 33.0, 33.0, 33.0, 33.0, 33.0, 33.0, 33.0, 33.0, 33.0, 33.0, 33.0, 33.0, 33.0, 33.0, 33.0, 33.0, 33.0, 33.0, 33.0, 33.0, 33.0, 33.0, 33.0, 33.0, 33.0, 33.0, 33.0, 33.0, 33.0, 33.0, 33.0, 33.0, 33.0, 33.0, 33.0, 33.0, 33.0, 33.0, 33.0, 33.0, 33.0, 33.0, 33.0, 33.0, 33.0, 33.0, 33.0, 33.0, 33.0, 33.0, 33.0, 33.0, 33.0, 33.0, 33.0, 33.0, 33.0, 33.0, 33.0, 33.0, 33.0, 33.0, 33.0, 33.0, 33.0, 33.0, 33.0, 33.0, 33.0, 33.0, 33.0, 33.0, 33.0, 33.0, 33.0, 33.0, 33.0, 33.0, 33.0, 33.0, 33.0, 33.0, 33.0, 33.0, 33.0, 33.0, 33.0, 33.0, 33.0, 33.0, 33.0, 33.0, 33.0, 33.0, 33.0, 33.0, 33.0, 33.0, 33.0, 33.0, 33.0, 33.0, 33.0, 33.0, 33.0, 33.0, 33.0, 33.0, 33.0, 33.0, 32.0, 32.0, 32.0, 32.0, 32.0, 32.0, 32.0, 32.0, 31.0, 30.0, 30.0, 30.0, 30.0, 30.0, 30.0, 30.0, 29.0, 27.0, 27.0, 27.0, 27.0, 27.0, 27.0, 27.0, 27.0, 27.0, 27.0, 27.0, 26.0, 25.0, 25.0, 25.0, 25.0, 24.0, 23.0, 23.0, 23.0, 23.0, 23.0, 23.0, 23.0, 23.0, 23.0, 23.0, 23.0, 23.0, 23.0, 23.0, 23.0, 23.0, 23.0, 23.0, 23.0, 23.0, 23.0, 23.0, 23.0, 23.0, 23.0, 23.0, 23.0, 23.0, 23.0, 23.0, 23.0, 22.0, 21.0, 21.0, 21.0, 21.0, 21.0, 21.0, 21.0, 20.0, 20.0, 20.0, 20.0, 20.0, 20.0, 20.0, 20.0, 20.0, 20.0, 20.0, 20.0, 20.0, 20.0, 20.0, 20.0, 20.0, 20.0, 20.0, 20.0, 20.0, 19.0, 19.0, 19.0, 19.0, 19.0, 19.0, 19.0, 18.0, 18.0, 18.0, 18.0, 18.0, 18.0, 17.0, 17.0, 17.0, 17.0, 17.0, 17.0, 17.0, 17.0, 17.0, 17.0, 17.0, 17.0, 17.0, 17.0, 17.0, 17.0, 17.0, 17.0, 17.0, 17.0, 17.0, 17.0, 17.0, 17.0, 17.0, 17.0, 17.0, 17.0, 17.0, 17.0, 17.0, 17.0, 17.0, 17.0, 17.0, 17.0, 17.0, 17.0, 17.0, 17.0, 17.0, 17.0, 17.0]",COMPLETE
