,number,value,datetime_start,datetime_complete,duration,params_batch_size_scaler,params_constant_learning_rate,params_depth,params_epochs,params_kernel_l2,params_num_trees,params_temperature,user_attrs_accuracy_test,user_attrs_accuracy_valid,user_attrs_approximate_feature_sparsity,user_attrs_approximate_feature_sparsity_history,user_attrs_approximate_weight_sparsity,user_attrs_approximate_weight_sparsity_history,user_attrs_auc_test,user_attrs_auc_valid,user_attrs_feature_sparsity,user_attrs_feature_sparsity_history,user_attrs_num_epochs,user_attrs_val_loss_history,user_attrs_weight_sparsity,user_attrs_weight_sparsity_history,state
45,45,0.5,2024-08-31 02:21:20.976539,2024-08-31 02:21:41.360790,0 days 00:00:20.384251,4,7.126197149987634,5,30,0.15564217722922025,24,0.044173380580126764,0.859,0.85875,0,"[0, 0, 0, 0, 0, 0, 0, 0, 0, 0, 0, 0, 0, 0, 0, 0, 0, 0, 0, 0, 0, 0, 0, 0, 0, 0, 0, 0, 0, 0]",0.0,"[0.0, 0.0, 0.0, 0.0, 0.0, 0.0, 0.0, 0.0, 0.0, 0.0, 0.0, 0.0, 0.0, 0.0, 0.0, 0.0, 0.0, 0.0, 0.0, 0.0, 0.0, 0.0, 0.0, 0.0, 0.0, 0.0, 0.0, 0.0, 0.0, 0.0]",0.5,0.5,0,"[0, 0, 0, 0, 0, 0, 0, 0, 0, 0, 0, 0, 0, 0, 0, 0, 0, 0, 0, 0, 0, 0, 0, 0, 0, 0, 0, 0, 0, 0]",30,"[0.4601612389087677, 0.41534000635147095, 0.42219817638397217, 0.45666202902793884, 0.4302321970462799, 0.40835118293762207, 0.4108036458492279, 0.4440270662307739, 0.4119378626346588, 0.4123040437698364, 0.40740668773651123, 0.41856497526168823, 0.41518738865852356, 0.41049444675445557, 0.4459100365638733, 0.4383503198623657, 0.41019976139068604, 0.46991026401519775, 0.43309929966926575, 0.4219198226928711, 0.412409245967865, 0.42854148149490356, 0.4099389910697937, 0.4611056447029114, 0.41018596291542053, 0.4198756814002991, 0.5226911306381226, 0.4389006495475769, 0.4072335362434387, 0.4573715627193451]",0.0,"[0.0, 0.0, 0.0, 0.0, 0.0, 0.0, 0.0, 0.0, 0.0, 0.0, 0.0, 0.0, 0.0, 0.0, 0.0, 0.0, 0.0, 0.0, 0.0, 0.0, 0.0, 0.0, 0.0, 0.0, 0.0, 0.0, 0.0, 0.0, 0.0, 0.0]",COMPLETE
46,46,0.718424340791694,2024-08-31 02:21:42.120669,2024-08-31 02:21:54.699680,0 days 00:00:12.579011,64,0.05169180860350463,3,155,0.3292815267764142,18,0.0005166845531688664,0.871,0.8675,33,"[33, 33, 33, 33, 33, 33, 33, 33, 33, 33, 33, 33, 33, 33, 33, 33, 33, 33, 33, 33, 33, 33, 33, 33, 33, 33, 33, 33, 33, 33, 33, 33, 33, 33, 33, 33, 33, 33, 33, 33, 33, 33, 33, 33, 33, 33, 33, 33, 33, 33, 33, 33, 33, 33, 33, 33, 33, 33, 33, 33, 33, 33, 33, 33, 33, 33, 33, 33, 33, 33, 33, 33, 33, 33, 33, 33, 33, 33, 33, 33, 33, 33, 33, 33, 33, 33, 33, 33, 33, 33, 33, 33, 33, 33, 33, 33, 33, 33, 33, 33, 33, 33, 33, 33, 33, 33, 33, 33, 33, 33, 33, 33, 33, 33, 33, 33, 33, 33, 33, 33, 33, 33, 33, 33, 33, 33, 33, 33, 33, 33, 33, 33, 33, 33, 33, 33, 33, 33, 33, 33, 33, 33, 33, 33, 33, 33, 33, 33, 33, 33, 33, 33, 33, 33, 33]",32.98412698412699,"[32.976190476190474, 32.98412698412699, 32.992063492063494, 33.0, 32.98412698412699, 33.0, 32.992063492063494, 33.0, 33.0, 33.0, 33.0, 32.992063492063494, 33.0, 33.0, 32.98412698412699, 33.0, 32.992063492063494, 32.992063492063494, 32.98412698412699, 32.992063492063494, 32.992063492063494, 32.976190476190474, 32.992063492063494, 32.976190476190474, 32.98412698412699, 32.992063492063494, 32.992063492063494, 32.98412698412699, 32.98412698412699, 32.96031746031746, 32.96825396825397, 32.96825396825397, 32.98412698412699, 32.96825396825397, 32.95238095238095, 32.94444444444444, 32.976190476190474, 32.96825396825397, 32.976190476190474, 32.98412698412699, 32.98412698412699, 32.992063492063494, 32.976190476190474, 32.96825396825397, 32.976190476190474, 32.976190476190474, 32.95238095238095, 32.976190476190474, 32.98412698412699, 32.98412698412699, 32.976190476190474, 32.98412698412699, 32.98412698412699, 32.98412698412699, 32.976190476190474, 32.98412698412699, 32.976190476190474, 32.976190476190474, 32.976190476190474, 32.976190476190474, 32.992063492063494, 32.992063492063494, 32.992063492063494, 32.98412698412699, 32.992063492063494, 32.992063492063494, 32.976190476190474, 32.976190476190474, 32.98412698412699, 32.98412698412699, 32.976190476190474, 32.98412698412699, 32.98412698412699, 32.98412698412699, 32.98412698412699, 32.992063492063494, 32.976190476190474, 32.98412698412699, 32.98412698412699, 32.98412698412699, 32.976190476190474, 32.98412698412699, 32.98412698412699, 32.98412698412699, 32.98412698412699, 32.98412698412699, 32.976190476190474, 32.98412698412699, 32.98412698412699, 32.98412698412699, 32.98412698412699, 32.976190476190474, 32.98412698412699, 32.96825396825397, 32.96825396825397, 32.95238095238095, 32.95238095238095, 32.976190476190474, 32.98412698412699, 32.992063492063494, 32.992063492063494, 32.992063492063494, 32.98412698412699, 32.976190476190474, 32.96825396825397, 32.96825396825397, 32.96825396825397, 32.96031746031746, 32.96031746031746, 32.976190476190474, 32.976190476190474, 32.96031746031746, 32.96825396825397, 32.96031746031746, 32.976190476190474, 32.976190476190474, 32.96825396825397, 32.96031746031746, 32.992063492063494, 32.976190476190474, 32.98412698412699, 33.0, 33.0, 33.0, 33.0, 32.98412698412699, 32.98412698412699, 32.98412698412699, 32.98412698412699, 32.98412698412699, 32.98412698412699, 32.976190476190474, 32.98412698412699, 32.98412698412699, 32.98412698412699, 32.976190476190474, 32.98412698412699, 32.98412698412699, 32.992063492063494, 32.992063492063494, 32.98412698412699, 32.976190476190474, 32.98412698412699, 32.976190476190474, 32.96825396825397, 32.976190476190474, 32.96825396825397, 32.96825396825397, 32.98412698412699, 32.976190476190474, 32.976190476190474, 33.0, 32.992063492063494, 32.992063492063494, 32.98412698412699]",0.7558929647701846,0.718424340791694,33,"[33, 33, 33, 33, 33, 33, 33, 33, 33, 33, 33, 33, 33, 33, 33, 33, 33, 33, 33, 33, 33, 33, 33, 33, 33, 33, 33, 33, 33, 33, 33, 33, 33, 33, 33, 33, 33, 33, 33, 33, 33, 33, 33, 33, 33, 33, 33, 33, 33, 33, 33, 33, 33, 33, 33, 33, 33, 33, 33, 33, 33, 33, 33, 33, 33, 33, 33, 33, 33, 33, 33, 33, 33, 33, 33, 33, 33, 33, 33, 33, 33, 33, 33, 33, 33, 33, 33, 33, 33, 33, 33, 33, 33, 33, 33, 33, 33, 33, 33, 33, 33, 33, 33, 33, 33, 33, 33, 33, 33, 33, 33, 33, 33, 33, 33, 33, 33, 33, 33, 33, 33, 33, 33, 33, 33, 33, 33, 33, 33, 33, 33, 33, 33, 33, 33, 33, 33, 33, 33, 33, 33, 33, 33, 33, 33, 33, 33, 33, 33, 33, 33, 33, 33, 33, 33]",155,"[0.5511517524719238, 0.5491085052490234, 0.5471617579460144, 0.5451459288597107, 0.5433390736579895, 0.541677713394165, 0.540092945098877, 0.5385688543319702, 0.5373935699462891, 0.5359890460968018, 0.5346170663833618, 0.533197283744812, 0.5318844318389893, 0.5307637453079224, 0.529512882232666, 0.5282989740371704, 0.5271428227424622, 0.5258886218070984, 0.5248558521270752, 0.5238261222839355, 0.5227729678153992, 0.521882176399231, 0.5209303498268127, 0.51981121301651, 0.518730878829956, 0.5176135301589966, 0.5166587233543396, 0.5156784057617188, 0.5146687030792236, 0.5138108134269714, 0.5129005908966064, 0.5120995044708252, 0.5113494396209717, 0.5104995369911194, 0.5097432136535645, 0.5090164542198181, 0.5082037448883057, 0.5073671340942383, 0.5065709352493286, 0.5058808326721191, 0.5052050948143005, 0.5044171214103699, 0.5037671327590942, 0.5029689073562622, 0.5023561120033264, 0.5016114115715027, 0.5009418725967407, 0.5002343654632568, 0.4996652603149414, 0.49900010228157043, 0.49830517172813416, 0.49770477414131165, 0.49702686071395874, 0.49640509486198425, 0.49578583240509033, 0.49523839354515076, 0.4946429133415222, 0.49412041902542114, 0.49354276061058044, 0.49289456009864807, 0.49235475063323975, 0.49180683493614197, 0.49128857254981995, 0.4908141791820526, 0.49026381969451904, 0.48974090814590454, 0.48921120166778564, 0.4887619912624359, 0.48826611042022705, 0.48772305250167847, 0.48723965883255005, 0.48664364218711853, 0.48620179295539856, 0.48577094078063965, 0.48532891273498535, 0.4848417341709137, 0.48436397314071655, 0.48394301533699036, 0.48351314663887024, 0.48309525847435, 0.48266398906707764, 0.48223602771759033, 0.4818428158760071, 0.48128050565719604, 0.4807862937450409, 0.48022788763046265, 0.4797787368297577, 0.4793352484703064, 0.4788857400417328, 0.47839081287384033, 0.47792601585388184, 0.4775150418281555, 0.47710442543029785, 0.4766930639743805, 0.4762594699859619, 0.47596314549446106, 0.4754563570022583, 0.4750767648220062, 0.47460469603538513, 0.4741596579551697, 0.4737798571586609, 0.473319411277771, 0.4729161858558655, 0.4725196063518524, 0.472189724445343, 0.4718717932701111, 0.4714590311050415, 0.4711328148841858, 0.470803439617157, 0.4704883098602295, 0.4700743854045868, 0.4697530269622803, 0.46938565373420715, 0.4689490795135498, 0.4685624837875366, 0.46824586391448975, 0.46781131625175476, 0.46752291917800903, 0.4671229422092438, 0.46667802333831787, 0.46641790866851807, 0.4659973382949829, 0.46556639671325684, 0.4651809632778168, 0.46481117606163025, 0.46436476707458496, 0.46402063965797424, 0.4638511538505554, 0.46337252855300903, 0.463013231754303, 0.46261677145957947, 0.46213072538375854, 0.4618162512779236, 0.46158087253570557, 0.4611591100692749, 0.46080315113067627, 0.46053990721702576, 0.4601861834526062, 0.4598548114299774, 0.45958563685417175, 0.45919081568717957, 0.45892107486724854, 0.45855677127838135, 0.4582540988922119, 0.4579397439956665, 0.4576115310192108, 0.45732802152633667, 0.45698583126068115, 0.4566393792629242, 0.45636942982673645, 0.45601317286491394, 0.4556545913219452, 0.45530223846435547, 0.45492592453956604, 0.4545106887817383]",33.0,"[33.0, 33.0, 33.0, 33.0, 33.0, 33.0, 33.0, 33.0, 33.0, 33.0, 33.0, 33.0, 33.0, 33.0, 33.0, 33.0, 33.0, 33.0, 33.0, 33.0, 33.0, 33.0, 33.0, 33.0, 33.0, 33.0, 33.0, 33.0, 33.0, 33.0, 33.0, 33.0, 33.0, 33.0, 33.0, 33.0, 33.0, 33.0, 33.0, 33.0, 33.0, 33.0, 33.0, 33.0, 33.0, 33.0, 33.0, 33.0, 33.0, 33.0, 33.0, 33.0, 33.0, 33.0, 33.0, 33.0, 33.0, 33.0, 33.0, 33.0, 33.0, 33.0, 33.0, 33.0, 33.0, 33.0, 33.0, 33.0, 33.0, 33.0, 33.0, 33.0, 33.0, 33.0, 33.0, 33.0, 33.0, 33.0, 33.0, 33.0, 33.0, 33.0, 33.0, 33.0, 33.0, 33.0, 33.0, 33.0, 33.0, 33.0, 33.0, 33.0, 33.0, 33.0, 33.0, 33.0, 33.0, 33.0, 33.0, 33.0, 33.0, 33.0, 33.0, 33.0, 33.0, 33.0, 33.0, 33.0, 33.0, 33.0, 33.0, 33.0, 33.0, 33.0, 33.0, 33.0, 33.0, 33.0, 33.0, 33.0, 33.0, 33.0, 33.0, 33.0, 33.0, 33.0, 33.0, 33.0, 33.0, 33.0, 33.0, 33.0, 33.0, 33.0, 33.0, 33.0, 33.0, 33.0, 33.0, 33.0, 33.0, 33.0, 33.0, 33.0, 33.0, 33.0, 33.0, 33.0, 33.0, 33.0, 33.0, 33.0, 33.0, 33.0, 33.0]",COMPLETE
