,number,value,datetime_start,datetime_complete,duration,params_batch_size_scaler,params_constant_learning_rate,params_depth,params_epochs,params_kernel_l2,params_num_trees,params_temperature,user_attrs_accuracy_test,user_attrs_accuracy_valid,user_attrs_approximate_feature_sparsity,user_attrs_approximate_feature_sparsity_history,user_attrs_approximate_weight_sparsity,user_attrs_approximate_weight_sparsity_history,user_attrs_auc_test,user_attrs_auc_valid,user_attrs_feature_sparsity,user_attrs_feature_sparsity_history,user_attrs_num_epochs,user_attrs_val_loss_history,user_attrs_weight_sparsity,user_attrs_weight_sparsity_history,state
73,73,0.9047158995762001,2024-08-31 03:20:05.777545,2024-08-31 03:22:07.754404,0 days 00:02:01.976859,1,0.3075465688142169,2,265,0.002249784303939335,69,0.00030167259599646204,0.924,0.92,32,"[33, 33, 33, 33, 33, 33, 33, 33, 33, 33, 33, 33, 33, 33, 33, 33, 33, 33, 33, 33, 33, 33, 33, 33, 33, 33, 33, 33, 33, 33, 33, 32, 32, 32, 32, 32, 32, 32, 32, 32, 32, 32, 32, 32, 32, 32, 32, 32, 32, 32, 32, 32, 32, 32, 32, 32, 32, 32, 32, 32, 32, 32, 32, 32, 32, 32, 32, 32, 32, 32, 32, 32, 32, 32, 32, 32, 32, 32, 32, 32, 32, 32, 32, 32, 32, 32, 32, 32, 32, 32, 32, 32, 32, 32, 32, 32, 32, 32, 32, 32, 32, 32, 32, 32, 32, 32, 32, 32, 32, 32, 32, 32, 32, 32, 32, 32, 32, 32, 32, 32, 32, 32, 32, 32, 32, 32, 32, 32, 32, 32, 32, 32, 32, 32, 32, 32, 32, 32, 32, 32, 32, 32, 32, 32, 32, 32, 32, 32, 32, 32, 32, 32, 32, 32, 32, 32, 32, 32, 32, 32, 32, 32, 32, 32, 32, 32, 32, 32, 32, 32, 32, 32, 32, 32, 32, 32, 32, 32, 32, 32, 32, 32, 32, 32, 32, 32, 32, 32, 32, 32, 32, 32, 32, 32, 32, 32, 32, 32, 32, 32, 32, 32, 32, 32, 32, 32, 32, 32, 32, 32, 32, 32, 32, 32, 32, 32, 32, 32, 32, 32, 32, 32, 32, 32, 32, 32, 32, 32, 32, 32, 32, 32, 32, 32, 32, 32, 32, 32, 32, 32, 32, 32, 32, 32, 32, 32, 32, 32, 32, 32, 32, 32, 32, 32, 32, 32, 32, 32, 32, 32, 32, 32, 32, 32, 32]",31.985507246376812,"[32.98067632850241, 32.971014492753625, 32.98550724637681, 32.98550724637681, 32.98550724637681, 32.98550724637681, 32.98067632850241, 32.97584541062802, 33.0, 32.94685990338164, 32.98067632850241, 32.97584541062802, 32.97584541062802, 32.98067632850241, 32.9951690821256, 32.98550724637681, 32.9951690821256, 32.98550724637681, 32.99516908212561, 32.97584541062802, 32.98550724637681, 32.990338164251206, 32.9951690821256, 32.95652173913044, 32.9951690821256, 32.990338164251206, 32.98067632850241, 32.971014492753625, 32.97584541062802, 32.96135265700483, 32.98550724637681, 31.97584541062802, 31.990338164251206, 31.980676328502415, 31.985507246376812, 31.990338164251206, 32.0, 31.995169082125603, 31.956521739130434, 31.995169082125603, 31.990338164251206, 31.990338164251206, 31.980676328502415, 31.980676328502415, 31.990338164251206, 31.985507246376812, 31.995169082125603, 31.97584541062802, 31.990338164251206, 31.980676328502415, 31.995169082125603, 31.985507246376812, 31.995169082125603, 31.971014492753625, 31.995169082125603, 31.97584541062802, 31.97584541062802, 31.995169082125603, 31.971014492753625, 31.980676328502415, 31.980676328502415, 31.995169082125603, 31.990338164251206, 31.97584541062802, 31.97584541062802, 31.980676328502415, 31.97584541062802, 31.97584541062802, 31.980676328502415, 31.985507246376812, 31.980676328502415, 31.990338164251206, 31.95652173913043, 31.985507246376812, 31.995169082125603, 32.0, 31.995169082125603, 31.990338164251206, 31.985507246376812, 32.0, 31.990338164251206, 31.985507246376812, 31.990338164251206, 31.995169082125603, 31.990338164251206, 31.990338164251206, 31.990338164251206, 31.990338164251206, 32.0, 31.990338164251206, 31.995169082125603, 31.995169082125603, 31.985507246376812, 31.990338164251206, 31.990338164251206, 31.990338164251206, 32.0, 31.97584541062802, 31.985507246376812, 31.97584541062802, 31.990338164251206, 31.985507246376812, 31.990338164251206, 31.971014492753625, 31.990338164251206, 31.990338164251206, 31.985507246376812, 31.97584541062802, 31.980676328502415, 31.95169082125604, 31.966183574879228, 31.985507246376812, 31.995169082125603, 31.980676328502415, 31.985507246376812, 31.990338164251206, 31.980676328502415, 31.985507246376812, 31.971014492753625, 31.980676328502415, 31.990338164251206, 32.0, 31.990338164251206, 31.980676328502415, 31.985507246376812, 31.990338164251206, 32.0, 31.990338164251206, 31.995169082125603, 31.980676328502415, 31.995169082125603, 31.990338164251206, 31.985507246376812, 31.97584541062802, 31.990338164251206, 31.990338164251206, 31.995169082125603, 31.990338164251206, 31.985507246376812, 31.995169082125603, 31.990338164251206, 31.990338164251206, 31.990338164251206, 31.985507246376812, 31.985507246376812, 31.980676328502415, 31.985507246376812, 31.966183574879228, 31.980676328502415, 31.971014492753625, 31.971014492753625, 31.966183574879228, 31.980676328502415, 31.97584541062802, 31.97584541062802, 31.985507246376812, 31.96135265700483, 31.990338164251206, 31.985507246376812, 31.995169082125603, 31.995169082125603, 31.990338164251206, 31.985507246376812, 31.990338164251206, 31.985507246376812, 31.97584541062802, 31.990338164251206, 32.0, 31.995169082125603, 31.995169082125603, 32.0, 31.990338164251206, 31.990338164251206, 31.990338164251206, 31.995169082125603, 31.985507246376812, 31.985507246376812, 31.966183574879228, 31.97584541062802, 31.980676328502415, 31.995169082125603, 31.995169082125603, 31.985507246376812, 31.97584541062802, 31.985507246376812, 31.985507246376812, 31.97584541062802, 31.990338164251206, 31.990338164251206, 31.985507246376812, 31.995169082125603, 31.990338164251206, 31.995169082125603, 31.990338164251206, 31.995169082125603, 32.0, 31.995169082125603, 31.995169082125603, 31.995169082125603, 31.995169082125603, 31.995169082125603, 31.995169082125603, 32.0, 31.990338164251206, 31.995169082125603, 31.990338164251206, 31.990338164251206, 31.995169082125603, 31.980676328502415, 31.985507246376812, 31.985507246376812, 31.985507246376812, 31.990338164251206, 31.990338164251206, 31.990338164251206, 31.980676328502415, 31.990338164251206, 31.995169082125603, 31.990338164251206, 31.985507246376812, 31.985507246376812, 31.995169082125603, 31.980676328502415, 31.990338164251206, 31.990338164251206, 31.990338164251206, 32.0, 31.990338164251206, 31.995169082125603, 31.990338164251206, 31.990338164251206, 31.990338164251206, 31.990338164251206, 32.0, 31.995169082125603, 31.995169082125603, 31.995169082125603, 31.995169082125603, 31.990338164251206, 31.995169082125603, 31.995169082125603, 31.985507246376812, 31.990338164251206, 32.0, 31.990338164251206, 31.98550724637681, 31.990338164251206, 31.995169082125603, 31.990338164251206, 31.98550724637681, 31.990338164251206, 31.995169082125603, 31.990338164251206, 31.990338164251206, 31.990338164251206, 31.990338164251206, 31.985507246376812, 31.995169082125603, 31.990338164251206, 31.990338164251206, 31.985507246376812, 31.990338164251206, 31.985507246376812, 31.980676328502415, 31.985507246376812]",0.8930143082423071,0.9047158995762001,32,"[33, 33, 33, 33, 33, 33, 33, 33, 33, 33, 33, 33, 33, 33, 33, 33, 33, 33, 33, 33, 33, 33, 33, 33, 33, 33, 33, 33, 33, 33, 33, 32, 32, 32, 32, 32, 32, 32, 32, 32, 32, 32, 32, 32, 32, 32, 32, 32, 32, 32, 32, 32, 32, 32, 32, 32, 32, 32, 32, 32, 32, 32, 32, 32, 32, 32, 32, 32, 32, 32, 32, 32, 32, 32, 32, 32, 32, 32, 32, 32, 32, 32, 32, 32, 32, 32, 32, 32, 32, 32, 32, 32, 32, 32, 32, 32, 32, 32, 32, 32, 32, 32, 32, 32, 32, 32, 32, 32, 32, 32, 32, 32, 32, 32, 32, 32, 32, 32, 32, 32, 32, 32, 32, 32, 32, 32, 32, 32, 32, 32, 32, 32, 32, 32, 32, 32, 32, 32, 32, 32, 32, 32, 32, 32, 32, 32, 32, 32, 32, 32, 32, 32, 32, 32, 32, 32, 32, 32, 32, 32, 32, 32, 32, 32, 32, 32, 32, 32, 32, 32, 32, 32, 32, 32, 32, 32, 32, 32, 32, 32, 32, 32, 32, 32, 32, 32, 32, 32, 32, 32, 32, 32, 32, 32, 32, 32, 32, 32, 32, 32, 32, 32, 32, 32, 32, 32, 32, 32, 32, 32, 32, 32, 32, 32, 32, 32, 32, 32, 32, 32, 32, 32, 32, 32, 32, 32, 32, 32, 32, 32, 32, 32, 32, 32, 32, 32, 32, 32, 32, 32, 32, 32, 32, 32, 32, 32, 32, 32, 32, 32, 32, 32, 32, 32, 32, 32, 32, 32, 32, 32, 32, 32, 32, 32, 32]",265,"[0.36268189549446106, 0.3644023835659027, 0.26505324244499207, 0.25053292512893677, 0.2929006516933441, 0.23083791136741638, 0.22062070667743683, 0.21230317652225494, 0.22655057907104492, 0.20715852081775665, 0.19637133181095123, 0.1963520646095276, 0.20660647749900818, 0.19221284985542297, 0.19892029464244843, 0.20646482706069946, 0.19795629382133484, 0.194184347987175, 0.1990024745464325, 0.1995878666639328, 0.18604469299316406, 0.20252543687820435, 0.18251097202301025, 0.21131500601768494, 0.19875162839889526, 0.2245023548603058, 0.19012975692749023, 0.20484048128128052, 0.19947965443134308, 0.2396446019411087, 0.2065877914428711, 0.19151121377944946, 0.19367989897727966, 0.28604820370674133, 0.2136739194393158, 0.1989959180355072, 0.20112861692905426, 0.18790440261363983, 0.19443486630916595, 0.20251572132110596, 0.21055692434310913, 0.20351287722587585, 0.21597597002983093, 0.20585834980010986, 0.24076473712921143, 0.21227800846099854, 0.21078039705753326, 0.209805428981781, 0.21510227024555206, 0.23377186059951782, 0.23047584295272827, 0.2144092172384262, 0.24104538559913635, 0.21916060149669647, 0.22799162566661835, 0.23133501410484314, 0.258016973733902, 0.24133500456809998, 0.34842056035995483, 0.2537417709827423, 0.24987515807151794, 0.24656368792057037, 0.25541019439697266, 0.2518453299999237, 0.27665257453918457, 0.27850085496902466, 0.26263630390167236, 0.24969729781150818, 0.28841280937194824, 0.27113375067710876, 0.2818435728549957, 0.27803662419319153, 0.28857240080833435, 0.3141554594039917, 0.2805126905441284, 0.2877959907054901, 0.2993050515651703, 0.32593032717704773, 0.3191168010234833, 0.30976784229278564, 0.2995859980583191, 0.3059138357639313, 0.3194645643234253, 0.3176421821117401, 0.31812867522239685, 0.3350723683834076, 0.36920005083084106, 0.3262087106704712, 0.325170636177063, 0.3331602215766907, 0.3282787799835205, 0.3285529613494873, 0.3315587639808655, 0.340541273355484, 0.34465160965919495, 0.3549167513847351, 0.3672959804534912, 0.3593814969062805, 0.3382716476917267, 0.3543075919151306, 0.3531148135662079, 0.3579338788986206, 0.3730303645133972, 0.36541178822517395, 0.3694727420806885, 0.362296462059021, 0.38328611850738525, 0.36418870091438293, 0.3636731207370758, 0.3716769516468048, 0.37629273533821106, 0.37049075961112976, 0.37832504510879517, 0.3843299150466919, 0.3769100308418274, 0.384698748588562, 0.38708198070526123, 0.3782411217689514, 0.39592888951301575, 0.38463425636291504, 0.38303452730178833, 0.3859853446483612, 0.39204177260398865, 0.38837704062461853, 0.3931195139884949, 0.39082732796669006, 0.39071255922317505, 0.3949309289455414, 0.3984963297843933, 0.39401841163635254, 0.39031732082366943, 0.4034136235713959, 0.40435922145843506, 0.4021940231323242, 0.4046703577041626, 0.40486717224121094, 0.40625229477882385, 0.40261855721473694, 0.4093129634857178, 0.40740740299224854, 0.40936997532844543, 0.4087352752685547, 0.4129484295845032, 0.40873396396636963, 0.41117367148399353, 0.4077579975128174, 0.41342493891716003, 0.4092671573162079, 0.40866148471832275, 0.4133611023426056, 0.4156859219074249, 0.42040902376174927, 0.4149121046066284, 0.41778847575187683, 0.415436714887619, 0.41953620314598083, 0.4176592230796814, 0.41965919733047485, 0.4192712903022766, 0.41749778389930725, 0.4225912094116211, 0.4221186339855194, 0.423913836479187, 0.42395123839378357, 0.4261057674884796, 0.42433130741119385, 0.42823830246925354, 0.4246373474597931, 0.4252392053604126, 0.429134339094162, 0.4280503988265991, 0.4258284270763397, 0.4275786876678467, 0.4285627603530884, 0.4267432689666748, 0.43565407395362854, 0.42885494232177734, 0.4313344657421112, 0.4306000769138336, 0.43391692638397217, 0.434538334608078, 0.4306117594242096, 0.43185707926750183, 0.4343542158603668, 0.43456199765205383, 0.43066737055778503, 0.4319131374359131, 0.43402135372161865, 0.4330196678638458, 0.43366625905036926, 0.4354815185070038, 0.4357225298881531, 0.43270203471183777, 0.43886539340019226, 0.4364362955093384, 0.43826770782470703, 0.43680351972579956, 0.4373648464679718, 0.43682312965393066, 0.43639111518859863, 0.44163626432418823, 0.4401739537715912, 0.4409065246582031, 0.4392660856246948, 0.4415159523487091, 0.4435497224330902, 0.4408015012741089, 0.44238340854644775, 0.4419490396976471, 0.44283100962638855, 0.44329482316970825, 0.44174644351005554, 0.4442715346813202, 0.4428810775279999, 0.4448133707046509, 0.4434921145439148, 0.4441121816635132, 0.44562608003616333, 0.4432927668094635, 0.44703739881515503, 0.4438113272190094, 0.4434014856815338, 0.4469495415687561, 0.4472052752971649, 0.45142650604248047, 0.4488130807876587, 0.447225958108902, 0.44509488344192505, 0.4495030343532562, 0.44614943861961365, 0.44652634859085083, 0.44667187333106995, 0.4491542875766754, 0.44496941566467285, 0.4485785961151123, 0.4517088234424591, 0.45079609751701355, 0.4492579698562622, 0.4500287175178528, 0.45013168454170227, 0.4504770338535309, 0.45247143507003784, 0.44965407252311707, 0.4515415132045746, 0.4510189890861511, 0.45098209381103516, 0.45286139845848083, 0.4537559151649475, 0.45088648796081543, 0.45253220200538635, 0.4519945979118347, 0.4519806206226349, 0.45324575901031494, 0.45668232440948486, 0.45206359028816223, 0.4552370309829712, 0.4540444314479828, 0.4564352035522461, 0.45754337310791016, 0.4573884904384613, 0.45475301146507263, 0.45505520701408386, 0.45712384581565857, 0.4567132294178009, 0.45790114998817444]",32.0,"[33.0, 33.0, 33.0, 33.0, 33.0, 33.0, 33.0, 33.0, 33.0, 33.0, 33.0, 33.0, 33.0, 33.0, 33.0, 33.0, 33.0, 33.0, 33.0, 33.0, 33.0, 33.0, 33.0, 33.0, 33.0, 33.0, 33.0, 33.0, 33.0, 33.0, 33.0, 32.0, 32.0, 32.0, 32.0, 32.0, 32.0, 32.0, 32.0, 32.0, 32.0, 32.0, 32.0, 32.0, 32.0, 32.0, 32.0, 32.0, 32.0, 32.0, 32.0, 32.0, 32.0, 32.0, 32.0, 32.0, 32.0, 32.0, 32.0, 32.0, 32.0, 32.0, 32.0, 32.0, 32.0, 32.0, 32.0, 32.0, 32.0, 32.0, 32.0, 32.0, 32.0, 32.0, 32.0, 32.0, 32.0, 32.0, 32.0, 32.0, 32.0, 32.0, 32.0, 32.0, 32.0, 32.0, 32.0, 32.0, 32.0, 32.0, 32.0, 32.0, 32.0, 32.0, 32.0, 32.0, 32.0, 32.0, 32.0, 32.0, 32.0, 32.0, 32.0, 32.0, 32.0, 32.0, 32.0, 32.0, 32.0, 32.0, 32.0, 32.0, 32.0, 32.0, 32.0, 32.0, 32.0, 32.0, 32.0, 32.0, 32.0, 32.0, 32.0, 32.0, 32.0, 32.0, 32.0, 32.0, 32.0, 32.0, 32.0, 32.0, 32.0, 32.0, 32.0, 32.0, 32.0, 32.0, 32.0, 32.0, 32.0, 32.0, 32.0, 32.0, 32.0, 32.0, 32.0, 32.0, 32.0, 32.0, 32.0, 32.0, 32.0, 32.0, 32.0, 32.0, 32.0, 32.0, 32.0, 32.0, 32.0, 32.0, 32.0, 32.0, 32.0, 32.0, 32.0, 32.0, 32.0, 32.0, 32.0, 32.0, 32.0, 32.0, 32.0, 32.0, 32.0, 32.0, 32.0, 32.0, 32.0, 32.0, 32.0, 32.0, 32.0, 32.0, 32.0, 32.0, 32.0, 32.0, 32.0, 32.0, 32.0, 32.0, 32.0, 32.0, 32.0, 32.0, 32.0, 32.0, 32.0, 32.0, 32.0, 32.0, 32.0, 32.0, 32.0, 32.0, 32.0, 32.0, 32.0, 32.0, 32.0, 32.0, 32.0, 32.0, 32.0, 32.0, 32.0, 32.0, 32.0, 32.0, 32.0, 32.0, 32.0, 32.0, 32.0, 32.0, 32.0, 32.0, 32.0, 32.0, 32.0, 32.0, 32.0, 32.0, 32.0, 32.0, 32.0, 32.0, 32.0, 32.0, 32.0, 32.0, 32.0, 32.0, 32.0, 32.0, 32.0, 32.0, 32.0, 32.0, 32.0, 32.0, 32.0, 32.0, 32.0, 32.0, 32.0, 32.0, 32.0, 32.0, 32.0, 32.0, 32.0]",COMPLETE
