,number,value,datetime_start,datetime_complete,duration,params_batch_size_scaler,params_constant_learning_rate,params_depth,params_epochs,params_kernel_l2,params_num_trees,params_temperature,user_attrs_accuracy_test,user_attrs_accuracy_valid,user_attrs_approximate_feature_sparsity,user_attrs_approximate_feature_sparsity_history,user_attrs_approximate_weight_sparsity,user_attrs_approximate_weight_sparsity_history,user_attrs_auc_test,user_attrs_auc_valid,user_attrs_feature_sparsity,user_attrs_feature_sparsity_history,user_attrs_num_epochs,user_attrs_val_loss_history,user_attrs_weight_sparsity,user_attrs_weight_sparsity_history,state
2,2,0.9270523373394648,2024-08-31 00:35:06.729494,2024-08-31 00:40:09.535796,0 days 00:05:02.806302,1,0.022637229697395487,1,475,0.03677434662105213,64,0.0017538232373118048,0.953,0.94875,32,"[33, 33, 33, 33, 33, 33, 33, 33, 33, 33, 33, 33, 33, 33, 33, 33, 33, 33, 33, 33, 33, 33, 33, 33, 33, 33, 33, 33, 33, 33, 33, 33, 33, 33, 33, 33, 33, 33, 33, 33, 33, 33, 33, 33, 33, 33, 33, 33, 33, 33, 33, 33, 33, 33, 33, 33, 33, 33, 33, 33, 33, 33, 33, 33, 33, 33, 33, 33, 33, 33, 33, 33, 33, 33, 33, 33, 33, 33, 33, 33, 33, 33, 33, 33, 33, 33, 33, 33, 33, 33, 33, 33, 33, 33, 33, 33, 33, 33, 33, 33, 33, 33, 33, 33, 33, 33, 33, 33, 33, 33, 33, 33, 33, 33, 33, 33, 33, 33, 33, 33, 33, 33, 33, 33, 33, 33, 33, 33, 33, 33, 33, 33, 33, 33, 33, 33, 33, 33, 33, 33, 33, 33, 33, 33, 33, 33, 33, 33, 33, 33, 33, 33, 33, 33, 33, 33, 33, 33, 33, 33, 33, 33, 33, 33, 33, 33, 33, 33, 33, 33, 33, 33, 33, 33, 33, 33, 33, 33, 33, 33, 33, 33, 33, 33, 33, 33, 33, 33, 33, 33, 33, 33, 33, 33, 33, 33, 33, 33, 33, 33, 33, 33, 33, 33, 33, 33, 33, 33, 33, 33, 32, 32, 32, 32, 32, 32, 32, 32, 32, 32, 32, 32, 32, 32, 32, 32, 32, 32, 32, 32, 32, 32, 32, 32, 32, 32, 32, 32, 32, 32, 32, 32, 32, 32, 32, 32, 32, 32, 32, 32, 32, 32, 32, 32, 32, 32, 32, 32, 32, 32, 32, 32, 32, 32, 32, 32, 32, 32, 32, 32, 32, 32, 32, 32, 32, 32, 32, 32, 32, 32, 32, 32, 32, 32, 32, 32, 32, 32, 32, 32, 32, 32, 32, 32, 32, 32, 32, 32, 32, 32, 32, 32, 32, 32, 32, 32, 32, 32, 32, 32, 32, 32, 32, 32, 32, 32, 32, 32, 32, 32, 32, 32, 32, 32, 32, 32, 32, 32, 32, 32, 32, 32, 32, 32, 32, 32, 32, 32, 32, 32, 32, 32, 32, 32, 32, 32, 32, 32, 32, 32, 32, 32, 32, 32, 32, 32, 32, 32, 32, 32, 32, 32, 32, 32, 32, 32, 32, 32, 32, 32, 32, 32, 32, 32, 32, 32, 32, 32, 32, 32, 32, 32, 32, 32, 32, 32, 32, 32, 32, 32, 32, 32, 32, 32, 32, 32, 32, 32, 32, 32, 32, 32, 32, 32, 32, 32, 32, 32, 32, 32, 32, 32, 32, 32, 32, 32, 32, 32, 32, 32, 32, 32, 32, 32, 32, 32, 32, 32, 32, 32, 32, 32, 32, 32, 32, 32, 32, 32, 32, 32, 32, 32, 32, 32, 32, 32, 32, 32, 32, 32, 32, 32, 32, 32, 32, 32, 32, 32, 32, 32, 32, 32, 32, 32, 32, 32, 32, 32, 32, 32, 32, 32, 32, 32, 32]",31.90625,"[33.0, 33.0, 33.0, 33.0, 32.984375, 32.953125, 33.0, 32.984375, 32.984375, 33.0, 33.0, 32.96875, 32.984375, 33.0, 32.96875, 32.984375, 33.0, 32.984375, 32.96875, 32.984375, 33.0, 33.0, 33.0, 33.0, 32.96875, 33.0, 33.0, 33.0, 33.0, 33.0, 33.0, 33.0, 33.0, 33.0, 32.984375, 32.9375, 33.0, 33.0, 32.96875, 32.984375, 32.96875, 32.984375, 32.96875, 32.984375, 33.0, 32.96875, 32.96875, 32.953125, 32.96875, 32.96875, 32.984375, 32.984375, 33.0, 32.984375, 32.96875, 33.0, 32.984375, 33.0, 32.984375, 32.984375, 33.0, 32.984375, 32.96875, 32.984375, 33.0, 32.96875, 33.0, 32.984375, 32.984375, 32.984375, 33.0, 33.0, 32.984375, 33.0, 33.0, 32.953125, 32.96875, 32.984375, 32.984375, 32.984375, 32.953125, 32.96875, 32.96875, 32.984375, 32.96875, 32.984375, 32.953125, 32.984375, 32.96875, 32.96875, 32.984375, 32.96875, 32.953125, 32.984375, 32.96875, 32.984375, 33.0, 33.0, 33.0, 32.96875, 33.0, 33.0, 33.0, 32.984375, 32.953125, 32.96875, 32.96875, 32.984375, 32.96875, 32.96875, 32.984375, 33.0, 32.984375, 33.0, 32.921875, 32.96875, 32.984375, 32.953125, 32.984375, 33.0, 32.984375, 32.984375, 32.984375, 32.96875, 32.96875, 32.984375, 33.0, 32.984375, 32.96875, 33.0, 33.0, 32.96875, 32.96875, 33.0, 32.953125, 32.984375, 32.9375, 32.984375, 33.0, 33.0, 33.0, 32.984375, 32.96875, 32.984375, 32.984375, 32.9375, 32.96875, 32.96875, 32.984375, 33.0, 33.0, 33.0, 32.984375, 32.96875, 32.984375, 32.96875, 32.96875, 32.9375, 32.953125, 32.96875, 32.953125, 32.953125, 32.984375, 32.96875, 32.984375, 33.0, 33.0, 33.0, 32.953125, 32.984375, 32.984375, 32.984375, 32.953125, 33.0, 32.96875, 33.0, 32.984375, 32.984375, 33.0, 32.984375, 32.984375, 33.0, 33.0, 32.96875, 32.96875, 32.984375, 32.953125, 32.96875, 32.96875, 32.96875, 32.9375, 32.96875, 32.96875, 32.953125, 32.9375, 32.9375, 32.953125, 32.953125, 32.953125, 32.984375, 32.96875, 32.953125, 32.96875, 32.921875, 32.953125, 32.96875, 32.890625, 32.90625, 32.96875, 32.96875, 31.984375, 31.984375, 31.9375, 31.953125, 31.953125, 31.953125, 31.921875, 31.9375, 31.984375, 31.984375, 31.953125, 31.984375, 31.96875, 31.96875, 31.921875, 31.984375, 31.984375, 31.984375, 31.984375, 31.9375, 31.96875, 31.984375, 31.953125, 31.984375, 31.953125, 32.0, 31.984375, 31.984375, 31.984375, 32.0, 31.984375, 32.0, 32.0, 31.96875, 32.0, 31.953125, 32.0, 31.984375, 32.0, 31.90625, 31.921875, 31.921875, 31.875, 31.921875, 31.96875, 31.953125, 31.921875, 31.96875, 31.921875, 31.9375, 31.96875, 31.96875, 31.890625, 31.921875, 31.9375, 31.953125, 31.921875, 31.921875, 31.953125, 31.96875, 31.9375, 31.921875, 31.9375, 31.96875, 31.984375, 31.96875, 31.90625, 31.96875, 31.90625, 31.953125, 31.84375, 31.953125, 31.96875, 31.953125, 31.9375, 31.9375, 31.953125, 31.984375, 31.96875, 31.9375, 31.9375, 31.96875, 31.984375, 31.90625, 32.0, 31.921875, 31.9375, 31.984375, 31.96875, 31.921875, 31.90625, 31.921875, 31.9375, 31.921875, 31.953125, 31.90625, 31.953125, 31.9375, 31.921875, 31.90625, 31.9375, 31.96875, 31.953125, 31.9375, 31.921875, 31.90625, 31.859375, 31.921875, 31.890625, 31.953125, 31.96875, 31.984375, 31.953125, 31.953125, 31.96875, 31.90625, 31.96875, 31.953125, 31.96875, 31.9375, 31.984375, 31.9375, 31.96875, 31.984375, 31.96875, 31.984375, 31.953125, 31.953125, 31.953125, 31.96875, 31.953125, 31.90625, 31.96875, 32.0, 31.984375, 31.9375, 31.984375, 31.96875, 31.96875, 31.953125, 31.96875, 31.90625, 31.953125, 31.953125, 31.96875, 31.9375, 31.921875, 31.953125, 31.953125, 31.9375, 31.96875, 31.875, 31.953125, 31.890625, 31.96875, 31.96875, 31.890625, 31.921875, 31.9375, 31.96875, 31.9375, 31.90625, 31.90625, 31.953125, 31.9375, 31.96875, 31.984375, 31.90625, 31.9375, 31.9375, 31.890625, 31.953125, 31.90625, 31.96875, 31.96875, 31.921875, 31.9375, 31.90625, 31.96875, 31.9375, 31.921875, 31.90625, 31.921875, 31.921875, 31.984375, 31.96875, 31.953125, 31.953125, 31.9375, 31.984375, 31.9375, 31.875, 31.890625, 31.921875, 31.96875, 31.9375, 31.953125, 31.96875, 31.953125, 31.96875, 31.953125, 31.953125, 31.96875, 31.921875, 31.96875, 31.953125, 31.875, 31.90625, 31.9375, 31.9375, 31.953125, 32.0, 31.96875, 31.9375, 31.9375, 31.90625, 31.890625, 31.9375, 31.921875, 31.9375, 31.953125, 31.90625, 31.890625, 31.953125, 31.921875, 31.96875, 31.96875, 31.921875, 31.96875, 31.984375, 31.96875, 31.96875, 31.96875, 31.984375, 31.984375, 32.0, 32.0, 31.921875, 31.9375, 31.953125, 31.984375, 31.890625, 31.9375, 31.859375, 31.96875, 31.921875, 31.921875, 31.875, 31.9375, 31.921875, 31.921875, 31.9375, 31.96875, 31.921875, 31.984375, 31.953125, 32.0, 31.9375, 31.9375, 31.9375, 31.921875, 31.921875, 31.96875, 31.921875, 31.90625]",0.9164540658360786,0.9270523373394648,32,"[33, 33, 33, 33, 33, 33, 33, 33, 33, 33, 33, 33, 33, 33, 33, 33, 33, 33, 33, 33, 33, 33, 33, 33, 33, 33, 33, 33, 33, 33, 33, 33, 33, 33, 33, 33, 33, 33, 33, 33, 33, 33, 33, 33, 33, 33, 33, 33, 33, 33, 33, 33, 33, 33, 33, 33, 33, 33, 33, 33, 33, 33, 33, 33, 33, 33, 33, 33, 33, 33, 33, 33, 33, 33, 33, 33, 33, 33, 33, 33, 33, 33, 33, 33, 33, 33, 33, 33, 33, 33, 33, 33, 33, 33, 33, 33, 33, 33, 33, 33, 33, 33, 33, 33, 33, 33, 33, 33, 33, 33, 33, 33, 33, 33, 33, 33, 33, 33, 33, 33, 33, 33, 33, 33, 33, 33, 33, 33, 33, 33, 33, 33, 33, 33, 33, 33, 33, 33, 33, 33, 33, 33, 33, 33, 33, 33, 33, 33, 33, 33, 33, 33, 33, 33, 33, 33, 33, 33, 33, 33, 33, 33, 33, 33, 33, 33, 33, 33, 33, 33, 33, 33, 33, 33, 33, 33, 33, 33, 33, 33, 33, 33, 33, 33, 33, 33, 33, 33, 33, 33, 33, 33, 33, 33, 33, 33, 33, 33, 33, 33, 33, 33, 33, 33, 33, 33, 33, 33, 33, 33, 32, 32, 32, 32, 32, 32, 32, 32, 32, 32, 32, 32, 32, 32, 32, 32, 32, 32, 32, 32, 32, 32, 32, 32, 32, 32, 32, 32, 32, 32, 32, 32, 32, 32, 32, 32, 32, 32, 32, 32, 32, 32, 32, 32, 32, 32, 32, 32, 32, 32, 32, 32, 32, 32, 32, 32, 32, 32, 32, 32, 32, 32, 32, 32, 32, 32, 32, 32, 32, 32, 32, 32, 32, 32, 32, 32, 32, 32, 32, 32, 32, 32, 32, 32, 32, 32, 32, 32, 32, 32, 32, 32, 32, 32, 32, 32, 32, 32, 32, 32, 32, 32, 32, 32, 32, 32, 32, 32, 32, 32, 32, 32, 32, 32, 32, 32, 32, 32, 32, 32, 32, 32, 32, 32, 32, 32, 32, 32, 32, 32, 32, 32, 32, 32, 32, 32, 32, 32, 32, 32, 32, 32, 32, 32, 32, 32, 32, 32, 32, 32, 32, 32, 32, 32, 32, 32, 32, 32, 32, 32, 32, 32, 32, 32, 32, 32, 32, 32, 32, 32, 32, 32, 32, 32, 32, 32, 32, 32, 32, 32, 32, 32, 32, 32, 32, 32, 32, 32, 32, 32, 32, 32, 32, 32, 32, 32, 32, 32, 32, 32, 32, 32, 32, 32, 32, 32, 32, 32, 32, 32, 32, 32, 32, 32, 32, 32, 32, 32, 32, 32, 32, 32, 32, 32, 32, 32, 32, 32, 32, 32, 32, 32, 32, 32, 32, 32, 32, 32, 32, 32, 32, 32, 32, 32, 32, 32, 32, 32, 32, 32, 32, 32, 32, 32, 32, 32, 32, 32, 32, 32, 32, 32, 32, 32, 32]",475,"[0.41372746229171753, 0.3995881676673889, 0.3960130214691162, 0.38493895530700684, 0.3799164295196533, 0.3756592869758606, 0.3718048930168152, 0.37269794940948486, 0.364282488822937, 0.3636952340602875, 0.3576470613479614, 0.3551640212535858, 0.3526793420314789, 0.35133594274520874, 0.34951016306877136, 0.347286194562912, 0.3461672067642212, 0.34579020738601685, 0.34200721979141235, 0.3382328450679779, 0.3433134853839874, 0.33517754077911377, 0.334532767534256, 0.3351335823535919, 0.34282276034355164, 0.33801037073135376, 0.32339203357696533, 0.3247290551662445, 0.31649845838546753, 0.3148268759250641, 0.31070053577423096, 0.31288883090019226, 0.30311986804008484, 0.2996343672275543, 0.2944778501987457, 0.2917594611644745, 0.2885590195655823, 0.2844769060611725, 0.2820710837841034, 0.28209009766578674, 0.27623316645622253, 0.27910149097442627, 0.27094244956970215, 0.27410098910331726, 0.2661169171333313, 0.26630455255508423, 0.2649506628513336, 0.2624342441558838, 0.2615553140640259, 0.2609978914260864, 0.25856858491897583, 0.26743319630622864, 0.255886435508728, 0.25373202562332153, 0.2523888647556305, 0.25234267115592957, 0.2503206133842468, 0.25656425952911377, 0.25092536211013794, 0.24811840057373047, 0.24943625926971436, 0.25026610493659973, 0.25081607699394226, 0.2451055943965912, 0.2470359057188034, 0.25185900926589966, 0.2456851750612259, 0.2457704395055771, 0.24474307894706726, 0.24806472659111023, 0.2426573932170868, 0.24164839088916779, 0.24521775543689728, 0.24160128831863403, 0.24105197191238403, 0.24132901430130005, 0.2466413378715515, 0.24455811083316803, 0.2389753758907318, 0.238467738032341, 0.2439611405134201, 0.2377648949623108, 0.2383509874343872, 0.24311113357543945, 0.2363761067390442, 0.24123765528202057, 0.23835554718971252, 0.23445367813110352, 0.23457573354244232, 0.2351072132587433, 0.2335793673992157, 0.23461489379405975, 0.2347169667482376, 0.2347637116909027, 0.23210912942886353, 0.23432902991771698, 0.2332168072462082, 0.23399148881435394, 0.2357398271560669, 0.2317565530538559, 0.2306690812110901, 0.2302434891462326, 0.2301846295595169, 0.22785478830337524, 0.2366660088300705, 0.23173537850379944, 0.2297735959291458, 0.23101669549942017, 0.22752384841442108, 0.22677616775035858, 0.22715641558170319, 0.22604228556156158, 0.2322579175233841, 0.24072831869125366, 0.22778423130512238, 0.22904013097286224, 0.23899398744106293, 0.22646799683570862, 0.2320227473974228, 0.22483207285404205, 0.2248651087284088, 0.2227451652288437, 0.22425790131092072, 0.22299008071422577, 0.22944067418575287, 0.22242259979248047, 0.223017618060112, 0.2231599986553192, 0.231918066740036, 0.21909171342849731, 0.22235503792762756, 0.22016669809818268, 0.2316928654909134, 0.221671923995018, 0.23494763672351837, 0.21951089799404144, 0.2200220227241516, 0.22132426500320435, 0.22058427333831787, 0.22701053321361542, 0.22118791937828064, 0.22255368530750275, 0.220098078250885, 0.21968711912631989, 0.22767075896263123, 0.22010333836078644, 0.23719578981399536, 0.21705226600170135, 0.23032814264297485, 0.230338454246521, 0.2210405468940735, 0.2187291979789734, 0.21701408922672272, 0.2364290952682495, 0.21843263506889343, 0.21808567643165588, 0.21544130146503448, 0.21971294283866882, 0.21802423894405365, 0.2182454913854599, 0.2156890630722046, 0.23267105221748352, 0.21782132983207703, 0.21340765058994293, 0.217889666557312, 0.21642398834228516, 0.2224547266960144, 0.21724630892276764, 0.21401673555374146, 0.21365927159786224, 0.21686206758022308, 0.21594198048114777, 0.21559685468673706, 0.21371977031230927, 0.21278978884220123, 0.2174685299396515, 0.21505416929721832, 0.21458850800991058, 0.21860741078853607, 0.21397309005260468, 0.21669812500476837, 0.21694569289684296, 0.2148887813091278, 0.22675757110118866, 0.21456710994243622, 0.21761757135391235, 0.21992479264736176, 0.21273641288280487, 0.21133635938167572, 0.21282941102981567, 0.2111228108406067, 0.22451722621917725, 0.21069569885730743, 0.21061557531356812, 0.22035375237464905, 0.22103676199913025, 0.2137916386127472, 0.21305719017982483, 0.21522119641304016, 0.21749791502952576, 0.21257393062114716, 0.21295234560966492, 0.21258218586444855, 0.21125198900699615, 0.2152191698551178, 0.21169179677963257, 0.20870190858840942, 0.21034769713878632, 0.21175949275493622, 0.21461398899555206, 0.21104034781455994, 0.21311739087104797, 0.22472849488258362, 0.21089893579483032, 0.21538959443569183, 0.20777279138565063, 0.21195568144321442, 0.21914535760879517, 0.2077595293521881, 0.21274885535240173, 0.2101115584373474, 0.2098754495382309, 0.20967131853103638, 0.21153709292411804, 0.20803749561309814, 0.2103251963853836, 0.21049702167510986, 0.21000969409942627, 0.21201011538505554, 0.21468614041805267, 0.20960071682929993, 0.22655948996543884, 0.21059349179267883, 0.2126331925392151, 0.20855745673179626, 0.21193400025367737, 0.2098778933286667, 0.2097955346107483, 0.21069805324077606, 0.2090129256248474, 0.22534507513046265, 0.2067486196756363, 0.21170631051063538, 0.21047955751419067, 0.21371059119701385, 0.20730140805244446, 0.20823824405670166, 0.20911531150341034, 0.2086155116558075, 0.2167925387620926, 0.22330065071582794, 0.21039746701717377, 0.2098086178302765, 0.21100427210330963, 0.2128542959690094, 0.2070704996585846, 0.20847545564174652, 0.21506665647029877, 0.2062460333108902, 0.2072775661945343, 0.20563502609729767, 0.21290192008018494, 0.20841602981090546, 0.20522065460681915, 0.20835159718990326, 0.20725612342357635, 0.20708473026752472, 0.20665708184242249, 0.20524930953979492, 0.20854690670967102, 0.22030365467071533, 0.2060382217168808, 0.2097579389810562, 0.21214836835861206, 0.21066030859947205, 0.2077048271894455, 0.21222808957099915, 0.21069061756134033, 0.20622289180755615, 0.21018773317337036, 0.20698784291744232, 0.2080228179693222, 0.20910902321338654, 0.2116723209619522, 0.2058369666337967, 0.20433586835861206, 0.2047799825668335, 0.20404480397701263, 0.20585277676582336, 0.20549991726875305, 0.20746475458145142, 0.20361517369747162, 0.20484551787376404, 0.21082012355327606, 0.2068037986755371, 0.20863763988018036, 0.21404413878917694, 0.2057437300682068, 0.20437902212142944, 0.20761491358280182, 0.2098243534564972, 0.20502786338329315, 0.2059001475572586, 0.20569658279418945, 0.21698452532291412, 0.2052321881055832, 0.20178230106830597, 0.21082906424999237, 0.2084691971540451, 0.20939941704273224, 0.2018391191959381, 0.20553724467754364, 0.21210838854312897, 0.20803001523017883, 0.20865240693092346, 0.20073196291923523, 0.21921449899673462, 0.2059040665626526, 0.20534776151180267, 0.20143674314022064, 0.21739310026168823, 0.2036156803369522, 0.2149290144443512, 0.211660236120224, 0.20332281291484833, 0.20192666351795197, 0.2023276388645172, 0.2077287882566452, 0.20913122594356537, 0.21663139760494232, 0.20611436665058136, 0.20654557645320892, 0.2058500051498413, 0.20338645577430725, 0.20919014513492584, 0.2074151486158371, 0.20289573073387146, 0.20269986987113953, 0.2118898183107376, 0.21086376905441284, 0.20942482352256775, 0.20599935948848724, 0.21136561036109924, 0.20684991776943207, 0.20557735860347748, 0.20610961318016052, 0.20313045382499695, 0.2064637392759323, 0.2036348283290863, 0.202816441655159, 0.21044416725635529, 0.20416520535945892, 0.20546068251132965, 0.21144899725914001, 0.21579912304878235, 0.20721860229969025, 0.20663495361804962, 0.20720143616199493, 0.20398032665252686, 0.20324736833572388, 0.2060471773147583, 0.21209336817264557, 0.20253413915634155, 0.20584121346473694, 0.20647138357162476, 0.20225247740745544, 0.20344401895999908, 0.2043326050043106, 0.20443794131278992, 0.20493152737617493, 0.20479810237884521, 0.20449064671993256, 0.20190832018852234, 0.20929908752441406, 0.20410674810409546, 0.20428523421287537, 0.2111348956823349, 0.2087956815958023, 0.206973135471344, 0.20620498061180115, 0.20442098379135132, 0.21458473801612854, 0.2112119495868683, 0.20972435176372528, 0.20764446258544922, 0.22211676836013794, 0.20677609741687775, 0.20409326255321503, 0.21017666161060333, 0.2048892229795456, 0.2153903990983963, 0.20210400223731995, 0.21339449286460876, 0.20718112587928772, 0.20534206926822662, 0.20978078246116638, 0.21136574447155, 0.20272567868232727, 0.20559687912464142, 0.20358099043369293, 0.20867721736431122, 0.2110712230205536, 0.2103264033794403, 0.21080608665943146, 0.21149827539920807, 0.2078496217727661, 0.21144405007362366, 0.20697355270385742, 0.21172171831130981, 0.20450857281684875, 0.20954151451587677, 0.20405709743499756, 0.20303881168365479, 0.20315681397914886, 0.20586948096752167, 0.21121220290660858, 0.20688456296920776, 0.20542322099208832, 0.20455563068389893, 0.20685966312885284, 0.20282846689224243, 0.20397941768169403, 0.20582367479801178, 0.2014889270067215, 0.2094239592552185, 0.20472492277622223, 0.20429503917694092, 0.2043573260307312, 0.2021694779396057, 0.20960918068885803, 0.21067041158676147, 0.19965289533138275, 0.2100396305322647, 0.20390748977661133, 0.20472466945648193, 0.21366146206855774, 0.20773158967494965, 0.2024070918560028, 0.21770669519901276, 0.21135063469409943, 0.21008145809173584, 0.20874609053134918, 0.21074269711971283, 0.2056920975446701, 0.20504766702651978, 0.20823882520198822, 0.20256751775741577, 0.2053300440311432, 0.20973998308181763, 0.20794999599456787, 0.20699454843997955, 0.21374115347862244, 0.20394979417324066, 0.20669223368167877, 0.20539799332618713, 0.2072221040725708, 0.2074386477470398, 0.21449056267738342, 0.20525392889976501, 0.20685113966464996, 0.20838452875614166, 0.21131932735443115, 0.21072232723236084, 0.21065357327461243, 0.213774636387825, 0.20547299087047577, 0.20720098912715912, 0.2067366987466812, 0.20324912667274475, 0.20416918396949768, 0.20739275217056274, 0.2081303596496582, 0.21262769401073456, 0.2049916386604309, 0.20643119513988495]",32.0,"[33.0, 33.0, 33.0, 33.0, 33.0, 33.0, 33.0, 33.0, 33.0, 33.0, 33.0, 33.0, 33.0, 33.0, 33.0, 33.0, 33.0, 33.0, 33.0, 33.0, 33.0, 33.0, 33.0, 33.0, 33.0, 33.0, 33.0, 33.0, 33.0, 33.0, 33.0, 33.0, 33.0, 33.0, 33.0, 33.0, 33.0, 33.0, 33.0, 33.0, 33.0, 33.0, 33.0, 33.0, 33.0, 33.0, 33.0, 33.0, 33.0, 33.0, 33.0, 33.0, 33.0, 33.0, 33.0, 33.0, 33.0, 33.0, 33.0, 33.0, 33.0, 33.0, 33.0, 33.0, 33.0, 33.0, 33.0, 33.0, 33.0, 33.0, 33.0, 33.0, 33.0, 33.0, 33.0, 33.0, 33.0, 33.0, 33.0, 33.0, 33.0, 33.0, 33.0, 33.0, 33.0, 33.0, 33.0, 33.0, 33.0, 33.0, 33.0, 33.0, 33.0, 33.0, 33.0, 33.0, 33.0, 33.0, 33.0, 33.0, 33.0, 33.0, 33.0, 33.0, 33.0, 33.0, 33.0, 33.0, 33.0, 33.0, 33.0, 33.0, 33.0, 33.0, 33.0, 33.0, 33.0, 33.0, 33.0, 33.0, 33.0, 33.0, 33.0, 33.0, 33.0, 33.0, 33.0, 33.0, 33.0, 33.0, 33.0, 33.0, 33.0, 33.0, 33.0, 33.0, 33.0, 33.0, 33.0, 33.0, 33.0, 33.0, 33.0, 33.0, 33.0, 33.0, 33.0, 33.0, 33.0, 33.0, 33.0, 33.0, 33.0, 33.0, 33.0, 33.0, 33.0, 33.0, 33.0, 33.0, 33.0, 33.0, 33.0, 33.0, 33.0, 33.0, 33.0, 33.0, 33.0, 33.0, 33.0, 33.0, 33.0, 33.0, 33.0, 33.0, 33.0, 33.0, 33.0, 33.0, 33.0, 33.0, 33.0, 33.0, 33.0, 33.0, 33.0, 33.0, 33.0, 33.0, 33.0, 33.0, 33.0, 33.0, 33.0, 33.0, 33.0, 33.0, 33.0, 33.0, 33.0, 33.0, 33.0, 33.0, 33.0, 33.0, 33.0, 33.0, 33.0, 33.0, 32.0, 32.0, 32.0, 32.0, 32.0, 32.0, 32.0, 32.0, 32.0, 32.0, 32.0, 32.0, 32.0, 32.0, 32.0, 32.0, 32.0, 32.0, 32.0, 32.0, 32.0, 32.0, 32.0, 32.0, 32.0, 32.0, 32.0, 32.0, 32.0, 32.0, 32.0, 32.0, 32.0, 32.0, 32.0, 32.0, 32.0, 32.0, 32.0, 32.0, 32.0, 32.0, 32.0, 32.0, 32.0, 32.0, 32.0, 32.0, 32.0, 32.0, 32.0, 32.0, 32.0, 32.0, 32.0, 32.0, 32.0, 32.0, 32.0, 32.0, 32.0, 32.0, 32.0, 32.0, 32.0, 32.0, 32.0, 32.0, 32.0, 32.0, 32.0, 32.0, 32.0, 32.0, 32.0, 32.0, 32.0, 32.0, 32.0, 32.0, 32.0, 32.0, 32.0, 32.0, 32.0, 32.0, 32.0, 32.0, 32.0, 32.0, 32.0, 32.0, 32.0, 32.0, 32.0, 32.0, 32.0, 32.0, 32.0, 32.0, 32.0, 32.0, 32.0, 32.0, 32.0, 32.0, 32.0, 32.0, 32.0, 32.0, 32.0, 32.0, 32.0, 32.0, 32.0, 32.0, 32.0, 32.0, 32.0, 32.0, 32.0, 32.0, 32.0, 32.0, 32.0, 32.0, 32.0, 32.0, 32.0, 32.0, 32.0, 32.0, 32.0, 32.0, 32.0, 32.0, 32.0, 32.0, 32.0, 32.0, 32.0, 32.0, 32.0, 32.0, 32.0, 32.0, 32.0, 32.0, 32.0, 32.0, 32.0, 32.0, 32.0, 32.0, 32.0, 32.0, 32.0, 32.0, 32.0, 32.0, 32.0, 32.0, 32.0, 32.0, 32.0, 32.0, 32.0, 32.0, 32.0, 32.0, 32.0, 32.0, 32.0, 32.0, 32.0, 32.0, 32.0, 32.0, 32.0, 32.0, 32.0, 32.0, 32.0, 32.0, 32.0, 32.0, 32.0, 32.0, 32.0, 32.0, 32.0, 32.0, 32.0, 32.0, 32.0, 32.0, 32.0, 32.0, 32.0, 32.0, 32.0, 32.0, 32.0, 32.0, 32.0, 32.0, 32.0, 32.0, 32.0, 32.0, 32.0, 32.0, 32.0, 32.0, 32.0, 32.0, 32.0, 32.0, 32.0, 32.0, 32.0, 32.0, 32.0, 32.0, 32.0, 32.0, 32.0, 32.0, 32.0, 32.0, 32.0, 32.0, 32.0, 32.0, 32.0, 32.0, 32.0, 32.0, 32.0, 32.0, 32.0, 32.0, 32.0, 32.0, 32.0, 32.0, 32.0, 32.0, 32.0, 32.0, 32.0, 32.0, 32.0, 32.0, 32.0, 32.0, 32.0, 32.0, 32.0, 32.0, 32.0, 32.0, 32.0, 32.0, 32.0]",COMPLETE
