,number,value,datetime_start,datetime_complete,duration,params_batch_size_scaler,params_constant_learning_rate,params_depth,params_epochs,params_kernel_l2,params_num_trees,params_temperature,user_attrs_accuracy_test,user_attrs_accuracy_valid,user_attrs_approximate_feature_sparsity,user_attrs_approximate_feature_sparsity_history,user_attrs_approximate_weight_sparsity,user_attrs_approximate_weight_sparsity_history,user_attrs_auc_test,user_attrs_auc_valid,user_attrs_feature_sparsity,user_attrs_feature_sparsity_history,user_attrs_num_epochs,user_attrs_val_loss_history,user_attrs_weight_sparsity,user_attrs_weight_sparsity_history,state
125,125,0.5,2024-08-31 05:24:48.262301,2024-08-31 05:25:29.541600,0 days 00:00:41.279299,64,0.6236600254417752,3,395,0.12057050216660802,12,0.05610750922105801,0.859,0.85875,0,"[33, 17, 0, 0, 0, 0, 0, 0, 0, 0, 0, 0, 0, 0, 0, 0, 0, 0, 0, 0, 0, 0, 0, 0, 0, 0, 0, 0, 0, 0, 0, 0, 0, 0, 0, 0, 0, 0, 0, 0, 0, 0, 0, 0, 0, 0, 0, 0, 0, 0, 0, 0, 0, 0, 0, 0, 0, 0, 0, 0, 0, 0, 0, 0, 0, 0, 0, 0, 0, 0, 0, 0, 0, 0, 0, 0, 0, 0, 0, 0, 0, 0, 0, 0, 0, 0, 0, 0, 0, 0, 0, 0, 0, 0, 0, 0, 0, 0, 0, 0, 0, 0, 0, 0, 0, 0, 0, 0, 0, 0, 0, 0, 0, 0, 0, 0, 0, 0, 0, 0, 0, 0, 0, 0, 0, 0, 0, 0, 0, 0, 0, 0, 0, 0, 0, 0, 0, 0, 0, 0, 0, 0, 0, 0, 0, 0, 0, 0, 0, 0, 0, 0, 0, 0, 0, 0, 0, 0, 0, 0, 0, 0, 0, 0, 0, 0, 0, 0, 0, 0, 0, 0, 0, 0, 0, 0, 0, 0, 0, 0, 0, 0, 0, 0, 0, 0, 0, 0, 0, 0, 0, 0, 0, 0, 0, 0, 0, 0, 0, 0, 0, 0, 0, 0, 0, 0, 0, 0, 0, 0, 0, 0, 0, 0, 0, 0, 0, 0, 0, 0, 0, 0, 0, 0, 0, 0, 0, 0, 0, 0, 0, 0, 0, 0, 0, 0, 0, 0, 0, 0, 0, 0, 0, 0, 0, 0, 0, 0, 0, 0, 0, 0, 0, 0, 0, 0, 0, 0, 0, 0, 0, 0, 0, 0, 0, 0, 0, 0, 0, 0, 0, 0, 0, 0, 0, 0, 0, 0, 0, 0, 0, 0, 0, 0, 0, 0, 0, 0, 0, 0, 0, 0, 0, 0, 0, 0, 0, 0, 0, 0, 0, 0, 0, 0, 0, 0, 0, 0, 0, 0, 0, 0, 0, 0, 0, 0, 0, 0, 0, 0, 0, 0, 0, 0, 0, 0, 0, 0, 0, 0, 0, 0, 0, 0, 0, 0, 0, 0, 0, 0, 0, 0, 0, 0, 0, 0, 0, 0, 0, 0, 0, 0, 0, 0, 0, 0, 0, 0, 0, 0, 0, 0, 0, 0, 0, 0, 0, 0, 0, 0, 0, 0, 0, 0, 0, 0, 0, 0, 0, 0, 0, 0, 0, 0, 0, 0, 0, 0, 0, 0, 0, 0, 0, 0, 0]",0.0,"[33.0, 17.0, 0.0, 0.0, 0.0, 0.0, 0.0, 0.0, 0.0, 0.0, 0.0, 0.0, 0.0, 0.0, 0.0, 0.0, 0.0, 0.0, 0.0, 0.0, 0.0, 0.0, 0.0, 0.0, 0.0, 0.0, 0.0, 0.0, 0.0, 0.0, 0.0, 0.0, 0.0, 0.0, 0.0, 0.0, 0.0, 0.0, 0.0, 0.0, 0.0, 0.0, 0.0, 0.0, 0.0, 0.0, 0.0, 0.0, 0.0, 0.0, 0.0, 0.0, 0.0, 0.0, 0.0, 0.0, 0.0, 0.0, 0.0, 0.0, 0.0, 0.0, 0.0, 0.0, 0.0, 0.0, 0.0, 0.0, 0.0, 0.0, 0.0, 0.0, 0.0, 0.0, 0.0, 0.0, 0.0, 0.0, 0.0, 0.0, 0.0, 0.0, 0.0, 0.0, 0.0, 0.0, 0.0, 0.0, 0.0, 0.0, 0.0, 0.0, 0.0, 0.0, 0.0, 0.0, 0.0, 0.0, 0.0, 0.0, 0.0, 0.0, 0.0, 0.0, 0.0, 0.0, 0.0, 0.0, 0.0, 0.0, 0.0, 0.0, 0.0, 0.0, 0.0, 0.0, 0.0, 0.0, 0.0, 0.0, 0.0, 0.0, 0.0, 0.0, 0.0, 0.0, 0.0, 0.0, 0.0, 0.0, 0.0, 0.0, 0.0, 0.0, 0.0, 0.0, 0.0, 0.0, 0.0, 0.0, 0.0, 0.0, 0.0, 0.0, 0.0, 0.0, 0.0, 0.0, 0.0, 0.0, 0.0, 0.0, 0.0, 0.0, 0.0, 0.0, 0.0, 0.0, 0.0, 0.0, 0.0, 0.0, 0.0, 0.0, 0.0, 0.0, 0.0, 0.0, 0.0, 0.0, 0.0, 0.0, 0.0, 0.0, 0.0, 0.0, 0.0, 0.0, 0.0, 0.0, 0.0, 0.0, 0.0, 0.0, 0.0, 0.0, 0.0, 0.0, 0.0, 0.0, 0.0, 0.0, 0.0, 0.0, 0.0, 0.0, 0.0, 0.0, 0.0, 0.0, 0.0, 0.0, 0.0, 0.0, 0.0, 0.0, 0.0, 0.0, 0.0, 0.0, 0.0, 0.0, 0.0, 0.0, 0.0, 0.0, 0.0, 0.0, 0.0, 0.0, 0.0, 0.0, 0.0, 0.0, 0.0, 0.0, 0.0, 0.0, 0.0, 0.0, 0.0, 0.0, 0.0, 0.0, 0.0, 0.0, 0.0, 0.0, 0.0, 0.0, 0.0, 0.0, 0.0, 0.0, 0.0, 0.0, 0.0, 0.0, 0.0, 0.0, 0.0, 0.0, 0.0, 0.0, 0.0, 0.0, 0.0, 0.0, 0.0, 0.0, 0.0, 0.0, 0.0, 0.0, 0.0, 0.0, 0.0, 0.0, 0.0, 0.0, 0.0, 0.0, 0.0, 0.0, 0.0, 0.0, 0.0, 0.0, 0.0, 0.0, 0.0, 0.0, 0.0, 0.0, 0.0, 0.0, 0.0, 0.0, 0.0, 0.0, 0.0, 0.0, 0.0, 0.0, 0.0, 0.0, 0.0, 0.0, 0.0, 0.0, 0.0, 0.0, 0.0, 0.0, 0.0, 0.0, 0.0, 0.0, 0.0, 0.0, 0.0, 0.0, 0.0, 0.0, 0.0, 0.0, 0.0, 0.0, 0.0, 0.0, 0.0, 0.0, 0.0, 0.0, 0.0, 0.0, 0.0, 0.0, 0.0, 0.0, 0.0, 0.0, 0.0, 0.0, 0.0, 0.0, 0.0, 0.0, 0.0, 0.0, 0.0, 0.0, 0.0, 0.0, 0.0, 0.0, 0.0, 0.0, 0.0, 0.0, 0.0, 0.0, 0.0, 0.0, 0.0, 0.0, 0.0, 0.0, 0.0, 0.0, 0.0, 0.0, 0.0, 0.0, 0.0, 0.0, 0.0, 0.0, 0.0, 0.0, 0.0, 0.0, 0.0, 0.0, 0.0, 0.0, 0.0, 0.0, 0.0, 0.0, 0.0, 0.0, 0.0, 0.0, 0.0, 0.0, 0.0, 0.0, 0.0, 0.0, 0.0, 0.0, 0.0, 0.0, 0.0]",0.5,0.5,0,"[33, 17, 0, 0, 0, 0, 0, 0, 0, 0, 0, 0, 0, 0, 0, 0, 0, 0, 0, 0, 0, 0, 0, 0, 0, 0, 0, 0, 0, 0, 0, 0, 0, 0, 0, 0, 0, 0, 0, 0, 0, 0, 0, 0, 0, 0, 0, 0, 0, 0, 0, 0, 0, 0, 0, 0, 0, 0, 0, 0, 0, 0, 0, 0, 0, 0, 0, 0, 0, 0, 0, 0, 0, 0, 0, 0, 0, 0, 0, 0, 0, 0, 0, 0, 0, 0, 0, 0, 0, 0, 0, 0, 0, 0, 0, 0, 0, 0, 0, 0, 0, 0, 0, 0, 0, 0, 0, 0, 0, 0, 0, 0, 0, 0, 0, 0, 0, 0, 0, 0, 0, 0, 0, 0, 0, 0, 0, 0, 0, 0, 0, 0, 0, 0, 0, 0, 0, 0, 0, 0, 0, 0, 0, 0, 0, 0, 0, 0, 0, 0, 0, 0, 0, 0, 0, 0, 0, 0, 0, 0, 0, 0, 0, 0, 0, 0, 0, 0, 0, 0, 0, 0, 0, 0, 0, 0, 0, 0, 0, 0, 0, 0, 0, 0, 0, 0, 0, 0, 0, 0, 0, 0, 0, 0, 0, 0, 0, 0, 0, 0, 0, 0, 0, 0, 0, 0, 0, 0, 0, 0, 0, 0, 0, 0, 0, 0, 0, 0, 0, 0, 0, 0, 0, 0, 0, 0, 0, 0, 0, 0, 0, 0, 0, 0, 0, 0, 0, 0, 0, 0, 0, 0, 0, 0, 0, 0, 0, 0, 0, 0, 0, 0, 0, 0, 0, 0, 0, 0, 0, 0, 0, 0, 0, 0, 0, 0, 0, 0, 0, 0, 0, 0, 0, 0, 0, 0, 0, 0, 0, 0, 0, 0, 0, 0, 0, 0, 0, 0, 0, 0, 0, 0, 0, 0, 0, 0, 0, 0, 0, 0, 0, 0, 0, 0, 0, 0, 0, 0, 0, 0, 0, 0, 0, 0, 0, 0, 0, 0, 0, 0, 0, 0, 0, 0, 0, 0, 0, 0, 0, 0, 0, 0, 0, 0, 0, 0, 0, 0, 0, 0, 0, 0, 0, 0, 0, 0, 0, 0, 0, 0, 0, 0, 0, 0, 0, 0, 0, 0, 0, 0, 0, 0, 0, 0, 0, 0, 0, 0, 0, 0, 0, 0, 0, 0, 0, 0, 0, 0, 0, 0, 0, 0, 0, 0, 0, 0, 0, 0, 0, 0, 0, 0, 0, 0, 0]",395,"[0.4697880148887634, 0.4269874095916748, 0.41091614961624146, 0.40722912549972534, 0.407245397567749, 0.4073781669139862, 0.40723973512649536, 0.40722891688346863, 0.40733519196510315, 0.407236248254776, 0.4073336124420166, 0.40724891424179077, 0.40722891688346863, 0.40722864866256714, 0.40724045038223267, 0.4072733223438263, 0.40723976492881775, 0.40722668170928955, 0.4082127511501312, 0.40833723545074463, 0.4088430106639862, 0.4073021411895752, 0.40760353207588196, 0.4072294533252716, 0.4072374105453491, 0.40723609924316406, 0.4073137044906616, 0.40748631954193115, 0.4075254499912262, 0.40732261538505554, 0.407764196395874, 0.407471626996994, 0.40722939372062683, 0.40769484639167786, 0.40722620487213135, 0.4077112078666687, 0.407314270734787, 0.40739864110946655, 0.40744003653526306, 0.40743905305862427, 0.40723681449890137, 0.40785759687423706, 0.4072497487068176, 0.40723884105682373, 0.40743160247802734, 0.4073641300201416, 0.40723296999931335, 0.40732574462890625, 0.40726807713508606, 0.40724900364875793, 0.4073217809200287, 0.40775030851364136, 0.4072377681732178, 0.407238245010376, 0.40766870975494385, 0.40808653831481934, 0.4080238342285156, 0.4076349139213562, 0.4072270691394806, 0.40723299980163574, 0.40733906626701355, 0.40727970004081726, 0.40776145458221436, 0.40724146366119385, 0.40728333592414856, 0.4072261154651642, 0.4072265923023224, 0.4074212610721588, 0.40724989771842957, 0.40754014253616333, 0.4075149893760681, 0.4074125587940216, 0.4072316884994507, 0.4072655439376831, 0.40730857849121094, 0.40753525495529175, 0.40729859471321106, 0.407572865486145, 0.40738674998283386, 0.40820252895355225, 0.40731263160705566, 0.40724048018455505, 0.4075966775417328, 0.4074578583240509, 0.40749210119247437, 0.4072493314743042, 0.4077538251876831, 0.40864914655685425, 0.40723592042922974, 0.4073352813720703, 0.40729767084121704, 0.40903106331825256, 0.4073338806629181, 0.40854397416114807, 0.4072262644767761, 0.40726378560066223, 0.4072261154651642, 0.4072270095348358, 0.4072847068309784, 0.4076572358608246, 0.40808090567588806, 0.40782010555267334, 0.40771910548210144, 0.4082353115081787, 0.40733078122138977, 0.4073059856891632, 0.4078987240791321, 0.40727680921554565, 0.4072835445404053, 0.40726903080940247, 0.40762966871261597, 0.407268762588501, 0.4076233208179474, 0.40725091099739075, 0.4076358675956726, 0.40771248936653137, 0.40723609924316406, 0.40724363923072815, 0.4076412320137024, 0.4073132276535034, 0.40722763538360596, 0.408008337020874, 0.4076400399208069, 0.4072277843952179, 0.40771910548210144, 0.40742769837379456, 0.4077782928943634, 0.40759968757629395, 0.4075385332107544, 0.4072355628013611, 0.407227486371994, 0.4072660803794861, 0.40738731622695923, 0.4072359502315521, 0.40767741203308105, 0.40723463892936707, 0.4072985053062439, 0.4072398245334625, 0.40725013613700867, 0.4079853892326355, 0.40728265047073364, 0.4073105752468109, 0.4073784351348877, 0.4074203372001648, 0.4074617028236389, 0.40809670090675354, 0.40723860263824463, 0.40803664922714233, 0.4072285592556, 0.40734928846359253, 0.4076277017593384, 0.4076915681362152, 0.40731945633888245, 0.40727224946022034, 0.40742912888526917, 0.4073430001735687, 0.40743488073349, 0.4072396755218506, 0.4072282910346985, 0.4074726998806, 0.4074002206325531, 0.40737125277519226, 0.4079504907131195, 0.4072290062904358, 0.40730583667755127, 0.40740785002708435, 0.40753158926963806, 0.40763232111930847, 0.4072650671005249, 0.4073469638824463, 0.4073133170604706, 0.4072822630405426, 0.4072265625, 0.40726977586746216, 0.4072524309158325, 0.4073255658149719, 0.4073330760002136, 0.4078111946582794, 0.4072423577308655, 0.40751779079437256, 0.40726104378700256, 0.40723007917404175, 0.4072476327419281, 0.4073297381401062, 0.4072268605232239, 0.4074397683143616, 0.4072280824184418, 0.4072771370410919, 0.4072878956794739, 0.4074801504611969, 0.40722954273223877, 0.407268762588501, 0.40722930431365967, 0.40722644329071045, 0.40747562050819397, 0.4072314500808716, 0.40789511799812317, 0.40754660964012146, 0.4078696370124817, 0.40750443935394287, 0.4075857400894165, 0.4074971675872803, 0.4073261618614197, 0.4072314500808716, 0.40737929940223694, 0.4072994887828827, 0.40742015838623047, 0.4076366424560547, 0.4076520800590515, 0.407388836145401, 0.40760117769241333, 0.4072311818599701, 0.4075990915298462, 0.40758436918258667, 0.4073652923107147, 0.40734922885894775, 0.40791529417037964, 0.40723487734794617, 0.407265841960907, 0.4072405993938446, 0.4072306156158447, 0.4073413014411926, 0.4073094129562378, 0.40755584836006165, 0.4073936343193054, 0.40723976492881775, 0.40749892592430115, 0.4075888693332672, 0.4073289632797241, 0.4078167676925659, 0.4072277843952179, 0.4074423909187317, 0.4072306454181671, 0.4094332158565521, 0.4078787863254547, 0.40738028287887573, 0.4072261154651642, 0.40736693143844604, 0.40733659267425537, 0.40722715854644775, 0.40736719965934753, 0.4072261154651642, 0.40734902024269104, 0.4074994623661041, 0.407339870929718, 0.4072268009185791, 0.4074905514717102, 0.4073149859905243, 0.4075287878513336, 0.40787360072135925, 0.4076087176799774, 0.40730559825897217, 0.40765380859375, 0.40723586082458496, 0.4072261154651642, 0.40722620487213135, 0.4073086678981781, 0.40727537870407104, 0.4073205888271332, 0.4072618782520294, 0.4073306918144226, 0.4079817235469818, 0.4073208272457123, 0.40765178203582764, 0.40726128220558167, 0.40752488374710083, 0.4072299301624298, 0.40737271308898926, 0.40744340419769287, 0.4072633385658264, 0.4074825942516327, 0.40734371542930603, 0.4072306752204895, 0.4072648584842682, 0.4072720408439636, 0.40796753764152527, 0.407256543636322, 0.40767979621887207, 0.40758734941482544, 0.40730011463165283, 0.40726280212402344, 0.4072308838367462, 0.4073904752731323, 0.40722817182540894, 0.407318651676178, 0.4078698754310608, 0.4073503613471985, 0.40723979473114014, 0.4073110818862915, 0.4074348509311676, 0.40754055976867676, 0.40803059935569763, 0.4072338044643402, 0.40722838044166565, 0.40771910548210144, 0.4076438844203949, 0.4076283574104309, 0.40807804465293884, 0.40735018253326416, 0.4076066315174103, 0.4072381854057312, 0.4073839485645294, 0.4073133170604706, 0.4073088765144348, 0.4072282314300537, 0.40722769498825073, 0.4077654182910919, 0.4076129198074341, 0.4072358012199402, 0.4076327383518219, 0.40724727511405945, 0.4073854088783264, 0.4072842299938202, 0.407442182302475, 0.40743064880371094, 0.4074227213859558, 0.407231867313385, 0.4079058766365051, 0.4072885811328888, 0.4085596799850464, 0.4076492190361023, 0.4074144661426544, 0.4088912606239319, 0.4072315990924835, 0.40729594230651855, 0.4077543020248413, 0.40735310316085815, 0.4074641168117523, 0.40740641951560974, 0.40729621052742004, 0.4072733223438263, 0.40762025117874146, 0.4072309732437134, 0.40725821256637573, 0.40741223096847534, 0.4072301983833313, 0.4073651134967804, 0.4072275161743164, 0.40736085176467896, 0.4074641466140747, 0.4072389304637909, 0.40731796622276306, 0.40726372599601746, 0.4072900414466858, 0.40754708647727966, 0.4072552025318146, 0.40727683901786804, 0.4072608947753906, 0.40723517537117004, 0.40755772590637207, 0.40745171904563904, 0.407379150390625, 0.4082304835319519, 0.40723198652267456, 0.4073461890220642, 0.4072858691215515, 0.40751808881759644, 0.4072386920452118, 0.40729472041130066, 0.40728509426116943, 0.40724000334739685, 0.4072269797325134, 0.40722984075546265, 0.4072766900062561, 0.4073275327682495, 0.4073854684829712, 0.4072860777378082, 0.40770813822746277, 0.4072261154651642, 0.40724635124206543, 0.40730759501457214, 0.4079207181930542, 0.40722647309303284, 0.40747806429862976, 0.407836377620697, 0.40724027156829834, 0.4074408710002899, 0.40740862488746643, 0.4072262644767761, 0.4072631895542145, 0.40767037868499756, 0.40748822689056396, 0.40722665190696716, 0.4073549509048462, 0.40757569670677185, 0.4073313772678375, 0.40774857997894287, 0.40765976905822754, 0.4074536859989166, 0.4072644114494324, 0.4073190987110138, 0.4072841703891754, 0.40723931789398193, 0.4074718952178955, 0.40723854303359985]",0.0,"[33.0, 17.0, 0.0, 0.0, 0.0, 0.0, 0.0, 0.0, 0.0, 0.0, 0.0, 0.0, 0.0, 0.0, 0.0, 0.0, 0.0, 0.0, 0.0, 0.0, 0.0, 0.0, 0.0, 0.0, 0.0, 0.0, 0.0, 0.0, 0.0, 0.0, 0.0, 0.0, 0.0, 0.0, 0.0, 0.0, 0.0, 0.0, 0.0, 0.0, 0.0, 0.0, 0.0, 0.0, 0.0, 0.0, 0.0, 0.0, 0.0, 0.0, 0.0, 0.0, 0.0, 0.0, 0.0, 0.0, 0.0, 0.0, 0.0, 0.0, 0.0, 0.0, 0.0, 0.0, 0.0, 0.0, 0.0, 0.0, 0.0, 0.0, 0.0, 0.0, 0.0, 0.0, 0.0, 0.0, 0.0, 0.0, 0.0, 0.0, 0.0, 0.0, 0.0, 0.0, 0.0, 0.0, 0.0, 0.0, 0.0, 0.0, 0.0, 0.0, 0.0, 0.0, 0.0, 0.0, 0.0, 0.0, 0.0, 0.0, 0.0, 0.0, 0.0, 0.0, 0.0, 0.0, 0.0, 0.0, 0.0, 0.0, 0.0, 0.0, 0.0, 0.0, 0.0, 0.0, 0.0, 0.0, 0.0, 0.0, 0.0, 0.0, 0.0, 0.0, 0.0, 0.0, 0.0, 0.0, 0.0, 0.0, 0.0, 0.0, 0.0, 0.0, 0.0, 0.0, 0.0, 0.0, 0.0, 0.0, 0.0, 0.0, 0.0, 0.0, 0.0, 0.0, 0.0, 0.0, 0.0, 0.0, 0.0, 0.0, 0.0, 0.0, 0.0, 0.0, 0.0, 0.0, 0.0, 0.0, 0.0, 0.0, 0.0, 0.0, 0.0, 0.0, 0.0, 0.0, 0.0, 0.0, 0.0, 0.0, 0.0, 0.0, 0.0, 0.0, 0.0, 0.0, 0.0, 0.0, 0.0, 0.0, 0.0, 0.0, 0.0, 0.0, 0.0, 0.0, 0.0, 0.0, 0.0, 0.0, 0.0, 0.0, 0.0, 0.0, 0.0, 0.0, 0.0, 0.0, 0.0, 0.0, 0.0, 0.0, 0.0, 0.0, 0.0, 0.0, 0.0, 0.0, 0.0, 0.0, 0.0, 0.0, 0.0, 0.0, 0.0, 0.0, 0.0, 0.0, 0.0, 0.0, 0.0, 0.0, 0.0, 0.0, 0.0, 0.0, 0.0, 0.0, 0.0, 0.0, 0.0, 0.0, 0.0, 0.0, 0.0, 0.0, 0.0, 0.0, 0.0, 0.0, 0.0, 0.0, 0.0, 0.0, 0.0, 0.0, 0.0, 0.0, 0.0, 0.0, 0.0, 0.0, 0.0, 0.0, 0.0, 0.0, 0.0, 0.0, 0.0, 0.0, 0.0, 0.0, 0.0, 0.0, 0.0, 0.0, 0.0, 0.0, 0.0, 0.0, 0.0, 0.0, 0.0, 0.0, 0.0, 0.0, 0.0, 0.0, 0.0, 0.0, 0.0, 0.0, 0.0, 0.0, 0.0, 0.0, 0.0, 0.0, 0.0, 0.0, 0.0, 0.0, 0.0, 0.0, 0.0, 0.0, 0.0, 0.0, 0.0, 0.0, 0.0, 0.0, 0.0, 0.0, 0.0, 0.0, 0.0, 0.0, 0.0, 0.0, 0.0, 0.0, 0.0, 0.0, 0.0, 0.0, 0.0, 0.0, 0.0, 0.0, 0.0, 0.0, 0.0, 0.0, 0.0, 0.0, 0.0, 0.0, 0.0, 0.0, 0.0, 0.0, 0.0, 0.0, 0.0, 0.0, 0.0, 0.0, 0.0, 0.0, 0.0, 0.0, 0.0, 0.0, 0.0, 0.0, 0.0, 0.0, 0.0, 0.0, 0.0, 0.0, 0.0, 0.0, 0.0, 0.0, 0.0, 0.0, 0.0, 0.0, 0.0, 0.0, 0.0, 0.0, 0.0, 0.0, 0.0, 0.0, 0.0, 0.0, 0.0, 0.0, 0.0, 0.0, 0.0, 0.0, 0.0, 0.0, 0.0, 0.0, 0.0, 0.0, 0.0, 0.0, 0.0, 0.0, 0.0, 0.0, 0.0, 0.0, 0.0, 0.0, 0.0]",COMPLETE
126,126,0.5,2024-08-31 05:25:32.671442,2024-08-31 05:31:31.212005,0 days 00:05:58.540563,4,7.330608785509636,6,180,0.46036522145665043,98,0.008238108981642818,0.859,0.85875,0,"[0, 0, 0, 0, 0, 0, 0, 0, 0, 0, 0, 0, 0, 0, 0, 0, 0, 0, 0, 0, 0, 0, 0, 0, 0, 0, 0, 0, 0, 0, 0, 0, 0, 0, 0, 0, 0, 0, 0, 0, 0, 0, 0, 0, 0, 0, 0, 0, 0, 0, 0, 0, 0, 0, 0, 0, 0, 0, 0, 0, 0, 0, 0, 0, 0, 0, 0, 0, 0, 0, 0, 0, 0, 0, 0, 0, 0, 0, 0, 0, 0, 0, 0, 0, 0, 0, 0, 0, 0, 0, 0, 0, 0, 0, 0, 0, 0, 0, 0, 0, 0, 0, 0, 0, 0, 0, 0, 0, 0, 0, 0, 0, 0, 0, 0, 0, 0, 0, 0, 0, 0, 0, 0, 0, 0, 0, 0, 0, 0, 0, 0, 0, 0, 0, 0, 0, 0, 0, 0, 0, 0, 0, 0, 0, 0, 0, 0, 0, 0, 0, 0, 0, 0, 0, 0, 0, 0, 0, 0, 0, 0, 0, 0, 0, 0, 0, 0, 0, 0, 0, 0, 0, 0, 0, 0, 0, 0, 0, 0, 0]",0.0,"[0.0, 0.0, 0.0, 0.0, 0.0, 0.0, 0.0, 0.0, 0.0, 0.0, 0.0, 0.0, 0.0, 0.0, 0.0, 0.0, 0.0, 0.0, 0.0, 0.0, 0.0, 0.0, 0.0, 0.0, 0.0, 0.0, 0.0, 0.0, 0.0, 0.0, 0.0, 0.0, 0.0, 0.0, 0.0, 0.0, 0.0, 0.0, 0.0, 0.0, 0.0, 0.0, 0.0, 0.0, 0.0, 0.0, 0.0, 0.0, 0.0, 0.0, 0.0, 0.0, 0.0, 0.0, 0.0, 0.0, 0.0, 0.0, 0.0, 0.0, 0.0, 0.0, 0.0, 0.0, 0.0, 0.0, 0.0, 0.0, 0.0, 0.0, 0.0, 0.0, 0.0, 0.0, 0.0, 0.0, 0.0, 0.0, 0.0, 0.0, 0.0, 0.0, 0.0, 0.0, 0.0, 0.0, 0.0, 0.0, 0.0, 0.0, 0.0, 0.0, 0.0, 0.0, 0.0, 0.0, 0.0, 0.0, 0.0, 0.0, 0.0, 0.0, 0.0, 0.0, 0.0, 0.0, 0.0, 0.0, 0.0, 0.0, 0.0, 0.0, 0.0, 0.0, 0.0, 0.0, 0.0, 0.0, 0.0, 0.0, 0.0, 0.0, 0.0, 0.0, 0.0, 0.0, 0.0, 0.0, 0.0, 0.0, 0.0, 0.0, 0.0, 0.0, 0.0, 0.0, 0.0, 0.0, 0.0, 0.0, 0.0, 0.0, 0.0, 0.0, 0.0, 0.0, 0.0, 0.0, 0.0, 0.0, 0.0, 0.0, 0.0, 0.0, 0.0, 0.0, 0.0, 0.0, 0.0, 0.0, 0.0, 0.0, 0.0, 0.0, 0.0, 0.0, 0.0, 0.0, 0.0, 0.0, 0.0, 0.0, 0.0, 0.0, 0.0, 0.0, 0.0, 0.0, 0.0, 0.0]",0.5,0.5,0,"[0, 0, 0, 0, 0, 0, 0, 0, 0, 0, 0, 0, 0, 0, 0, 0, 0, 0, 0, 0, 0, 0, 0, 0, 0, 0, 0, 0, 0, 0, 0, 0, 0, 0, 0, 0, 0, 0, 0, 0, 0, 0, 0, 0, 0, 0, 0, 0, 0, 0, 0, 0, 0, 0, 0, 0, 0, 0, 0, 0, 0, 0, 0, 0, 0, 0, 0, 0, 0, 0, 0, 0, 0, 0, 0, 0, 0, 0, 0, 0, 0, 0, 0, 0, 0, 0, 0, 0, 0, 0, 0, 0, 0, 0, 0, 0, 0, 0, 0, 0, 0, 0, 0, 0, 0, 0, 0, 0, 0, 0, 0, 0, 0, 0, 0, 0, 0, 0, 0, 0, 0, 0, 0, 0, 0, 0, 0, 0, 0, 0, 0, 0, 0, 0, 0, 0, 0, 0, 0, 0, 0, 0, 0, 0, 0, 0, 0, 0, 0, 0, 0, 0, 0, 0, 0, 0, 0, 0, 0, 0, 0, 0, 0, 0, 0, 0, 0, 0, 0, 0, 0, 0, 0, 0, 0, 0, 0, 0, 0, 0]",180,"[0.41446131467819214, 1.011049747467041, 1.0002573728561401, 0.5113433599472046, 0.4120148718357086, 0.42796120047569275, 0.7070367932319641, 0.4479336142539978, 0.570499837398529, 0.9009246230125427, 0.4698890745639801, 0.4279959797859192, 1.213523507118225, 0.4235401153564453, 0.8267601132392883, 0.44803282618522644, 0.7813456058502197, 0.5835476517677307, 0.7174965143203735, 1.2207400798797607, 0.479770302772522, 0.8284587264060974, 0.41305819153785706, 0.5056792497634888, 0.41133347153663635, 1.5328283309936523, 0.40750735998153687, 0.6369400024414062, 0.42111241817474365, 0.6989309191703796, 0.6575325131416321, 0.8746083974838257, 0.40879926085472107, 0.5886131525039673, 0.9392225742340088, 0.42810627818107605, 0.4276256561279297, 0.432032972574234, 0.5364987254142761, 0.5061840415000916, 0.5488115549087524, 0.9663192629814148, 0.5381619334220886, 0.41108986735343933, 0.427184134721756, 0.407703161239624, 0.42532509565353394, 0.5098887085914612, 0.6310502886772156, 0.6054779887199402, 0.5928387641906738, 0.5414818525314331, 0.4078589379787445, 0.5659410953521729, 0.46979567408561707, 0.40966323018074036, 0.5399191379547119, 0.517099916934967, 0.43305081129074097, 0.442535936832428, 1.007428765296936, 0.5495246648788452, 0.5406489372253418, 0.42628851532936096, 0.4768037497997284, 0.7231786251068115, 0.9429262280464172, 0.4072262942790985, 0.4382096230983734, 0.8724474310874939, 0.47544825077056885, 0.5600624084472656, 1.0075329542160034, 0.44149306416511536, 0.9121730327606201, 0.4121597409248352, 0.4079051911830902, 0.41759032011032104, 0.5545955300331116, 0.6522476077079773, 0.4251942038536072, 1.6614118814468384, 0.4176684319972992, 0.4089648127555847, 0.5556095838546753, 0.41216444969177246, 0.4242793917655945, 0.7354059815406799, 1.514807105064392, 1.5446231365203857, 0.45507389307022095, 0.41062331199645996, 0.40872830152511597, 0.5063632130622864, 1.0457141399383545, 0.4182460904121399, 0.4292598068714142, 0.4143974781036377, 0.8958503007888794, 1.3662102222442627, 0.5628230571746826, 0.7423024773597717, 0.8389080166816711, 0.5293750166893005, 1.0473475456237793, 0.804370641708374, 0.6312776803970337, 2.084545850753784, 0.8964073061943054, 0.4072844386100769, 0.5190786719322205, 0.5439551472663879, 0.43321162462234497, 0.4437977075576782, 0.4083893299102783, 0.4349958002567291, 0.6161664724349976, 0.5380047559738159, 0.5136342644691467, 0.44862955808639526, 0.8810397982597351, 0.7709476947784424, 0.4107007086277008, 0.5137568116188049, 0.7142066955566406, 1.1536071300506592, 1.0651745796203613, 0.5285042524337769, 0.48323971033096313, 0.8992871046066284, 0.42252564430236816, 0.7287600636482239, 0.9347048997879028, 0.7232530117034912, 0.4136606454849243, 0.451038658618927, 0.4072304666042328, 0.9262032508850098, 0.6159903407096863, 0.4449520409107208, 0.407562792301178, 0.8304818868637085, 0.7484502196311951, 0.4103168249130249, 0.9193734526634216, 0.6389068365097046, 0.41091975569725037, 0.4080568552017212, 1.727623701095581, 0.6544191241264343, 0.48126429319381714, 0.42826834321022034, 0.6473815441131592, 0.5858882069587708, 0.40965110063552856, 0.9338254332542419, 0.7805334329605103, 0.42943841218948364, 0.5731065273284912, 0.7474632859230042, 0.45705071091651917, 0.5350843071937561, 0.46164336800575256, 0.41340988874435425, 0.4201197922229767, 0.4336758852005005, 0.5964260697364807, 0.42783913016319275, 0.59676194190979, 1.7349331378936768, 0.9244927763938904, 0.5674152970314026, 1.229050636291504, 0.4078136384487152, 1.6192981004714966, 0.4735451936721802, 0.4082501530647278, 1.5103524923324585, 1.1095657348632812, 0.7979415655136108]",0.0,"[0.0, 0.0, 0.0, 0.0, 0.0, 0.0, 0.0, 0.0, 0.0, 0.0, 0.0, 0.0, 0.0, 0.0, 0.0, 0.0, 0.0, 0.0, 0.0, 0.0, 0.0, 0.0, 0.0, 0.0, 0.0, 0.0, 0.0, 0.0, 0.0, 0.0, 0.0, 0.0, 0.0, 0.0, 0.0, 0.0, 0.0, 0.0, 0.0, 0.0, 0.0, 0.0, 0.0, 0.0, 0.0, 0.0, 0.0, 0.0, 0.0, 0.0, 0.0, 0.0, 0.0, 0.0, 0.0, 0.0, 0.0, 0.0, 0.0, 0.0, 0.0, 0.0, 0.0, 0.0, 0.0, 0.0, 0.0, 0.0, 0.0, 0.0, 0.0, 0.0, 0.0, 0.0, 0.0, 0.0, 0.0, 0.0, 0.0, 0.0, 0.0, 0.0, 0.0, 0.0, 0.0, 0.0, 0.0, 0.0, 0.0, 0.0, 0.0, 0.0, 0.0, 0.0, 0.0, 0.0, 0.0, 0.0, 0.0, 0.0, 0.0, 0.0, 0.0, 0.0, 0.0, 0.0, 0.0, 0.0, 0.0, 0.0, 0.0, 0.0, 0.0, 0.0, 0.0, 0.0, 0.0, 0.0, 0.0, 0.0, 0.0, 0.0, 0.0, 0.0, 0.0, 0.0, 0.0, 0.0, 0.0, 0.0, 0.0, 0.0, 0.0, 0.0, 0.0, 0.0, 0.0, 0.0, 0.0, 0.0, 0.0, 0.0, 0.0, 0.0, 0.0, 0.0, 0.0, 0.0, 0.0, 0.0, 0.0, 0.0, 0.0, 0.0, 0.0, 0.0, 0.0, 0.0, 0.0, 0.0, 0.0, 0.0, 0.0, 0.0, 0.0, 0.0, 0.0, 0.0, 0.0, 0.0, 0.0, 0.0, 0.0, 0.0, 0.0, 0.0, 0.0, 0.0, 0.0, 0.0]",COMPLETE
