,number,value,datetime_start,datetime_complete,duration,params_batch_size_scaler,params_constant_learning_rate,params_depth,params_epochs,params_kernel_l2,params_num_trees,params_temperature,user_attrs_accuracy_test,user_attrs_accuracy_valid,user_attrs_approximate_feature_sparsity,user_attrs_approximate_feature_sparsity_history,user_attrs_approximate_weight_sparsity,user_attrs_approximate_weight_sparsity_history,user_attrs_auc_test,user_attrs_auc_valid,user_attrs_feature_sparsity,user_attrs_feature_sparsity_history,user_attrs_num_epochs,user_attrs_val_loss_history,user_attrs_weight_sparsity,user_attrs_weight_sparsity_history,state
170,170,0.9338795068980176,2024-08-31 07:25:48.132010,2024-08-31 07:26:59.376718,0 days 00:01:11.244708,1,0.0852288237465624,3,120,0.00838730225148009,52,0.06859507119229373,0.95,0.9525,33,"[33, 33, 33, 33, 33, 33, 33, 33, 33, 33, 33, 33, 33, 33, 33, 33, 33, 33, 33, 33, 33, 33, 33, 33, 33, 33, 33, 33, 33, 33, 33, 33, 33, 33, 33, 33, 33, 33, 33, 33, 33, 33, 33, 33, 33, 33, 33, 33, 33, 33, 33, 33, 33, 33, 33, 33, 33, 33, 33, 33, 33, 33, 33, 33, 33, 33, 33, 33, 33, 33, 33, 33, 33, 33, 33, 33, 33, 33, 33, 33, 33, 33, 33, 33, 33, 33, 33, 33, 33, 33, 33, 33, 33, 33, 33, 33, 33, 33, 33, 33, 33, 33, 33, 33, 33, 33, 33, 33, 33, 33, 33, 33, 33, 33, 33, 33, 33, 33, 33, 33]",32.98076923076923,"[32.956043956043956, 32.967032967032964, 32.96153846153847, 32.96978021978022, 32.96978021978022, 32.98351648351648, 32.967032967032964, 32.98076923076923, 32.964285714285715, 32.967032967032964, 32.967032967032964, 32.98626373626374, 32.97802197802198, 32.97252747252747, 32.967032967032964, 32.980769230769226, 32.956043956043956, 32.9532967032967, 32.980769230769226, 32.97802197802198, 32.96978021978022, 32.972527472527474, 32.964285714285715, 32.9478021978022, 32.967032967032964, 32.97252747252747, 32.967032967032964, 32.96978021978022, 32.980769230769226, 32.967032967032964, 32.98351648351648, 32.97802197802198, 32.96978021978022, 32.972527472527474, 32.97527472527472, 32.96978021978022, 32.98901098901099, 32.98351648351648, 32.98076923076923, 32.97527472527473, 32.96978021978022, 32.964285714285715, 32.97527472527473, 32.98901098901099, 32.97527472527472, 32.980769230769226, 32.98901098901099, 32.97802197802198, 32.97527472527473, 32.97527472527472, 32.96978021978022, 32.98076923076923, 32.98626373626374, 32.96978021978022, 32.98076923076923, 32.96978021978022, 32.967032967032964, 32.97802197802198, 32.97802197802198, 32.97802197802198, 32.98351648351648, 32.967032967032964, 32.98351648351648, 32.967032967032964, 32.98626373626374, 32.972527472527474, 32.980769230769226, 32.97527472527472, 32.972527472527474, 32.967032967032964, 32.97527472527473, 32.97802197802198, 32.98076923076923, 32.96978021978022, 32.989010989010985, 32.98626373626374, 32.98626373626374, 32.980769230769226, 32.98626373626374, 32.98351648351648, 32.97802197802198, 32.97802197802198, 32.97802197802198, 32.97527472527473, 32.97527472527473, 32.98076923076923, 32.980769230769226, 32.994505494505496, 32.97527472527472, 32.980769230769226, 32.972527472527474, 32.97802197802198, 32.98351648351648, 32.96978021978022, 32.97802197802198, 32.964285714285715, 32.96978021978022, 32.958791208791204, 32.967032967032964, 32.97802197802198, 32.97802197802198, 32.967032967032964, 32.96978021978022, 32.98076923076923, 32.98901098901099, 32.99175824175824, 32.98626373626374, 32.98076923076923, 32.98626373626374, 32.98626373626374, 32.98626373626374, 32.97527472527472, 32.96978021978022, 32.97802197802198, 32.97527472527473, 32.97527472527472, 32.96978021978022, 32.98351648351648, 32.972527472527474, 32.98076923076923]",0.9124167141406385,0.9338795068980176,33,"[33, 33, 33, 33, 33, 33, 33, 33, 33, 33, 33, 33, 33, 33, 33, 33, 33, 33, 33, 33, 33, 33, 33, 33, 33, 33, 33, 33, 33, 33, 33, 33, 33, 33, 33, 33, 33, 33, 33, 33, 33, 33, 33, 33, 33, 33, 33, 33, 33, 33, 33, 33, 33, 33, 33, 33, 33, 33, 33, 33, 33, 33, 33, 33, 33, 33, 33, 33, 33, 33, 33, 33, 33, 33, 33, 33, 33, 33, 33, 33, 33, 33, 33, 33, 33, 33, 33, 33, 33, 33, 33, 33, 33, 33, 33, 33, 33, 33, 33, 33, 33, 33, 33, 33, 33, 33, 33, 33, 33, 33, 33, 33, 33, 33, 33, 33, 33, 33, 33, 33]",120,"[0.3695937991142273, 0.3598823547363281, 0.3485671281814575, 0.3432154357433319, 0.33532702922821045, 0.322395920753479, 0.3121340572834015, 0.30024901032447815, 0.294149786233902, 0.2944275140762329, 0.27472996711730957, 0.2702283561229706, 0.2614649534225464, 0.25714319944381714, 0.25111401081085205, 0.24527736008167267, 0.24435970187187195, 0.23878984153270721, 0.23764915764331818, 0.24225814640522003, 0.2314421534538269, 0.22678586840629578, 0.2198956161737442, 0.22010311484336853, 0.2256719470024109, 0.216171994805336, 0.2111487239599228, 0.2094728648662567, 0.21059145033359528, 0.20668409764766693, 0.2063068151473999, 0.20420870184898376, 0.20070305466651917, 0.2001935988664627, 0.19880560040473938, 0.196510910987854, 0.19730649888515472, 0.1966569870710373, 0.19460098445415497, 0.20287388563156128, 0.19202858209609985, 0.19343119859695435, 0.19430950284004211, 0.19831474125385284, 0.19006747007369995, 0.19054009020328522, 0.19026672840118408, 0.18710750341415405, 0.19003859162330627, 0.1924942135810852, 0.18721051514148712, 0.186460480093956, 0.1862649917602539, 0.18612205982208252, 0.18561571836471558, 0.18742553889751434, 0.1835566908121109, 0.18675951659679413, 0.1947496384382248, 0.1909603476524353, 0.18292661011219025, 0.18861784040927887, 0.18205438554286957, 0.17824096977710724, 0.18371768295764923, 0.17863908410072327, 0.17751958966255188, 0.1787680983543396, 0.19115319848060608, 0.18282565474510193, 0.18025976419448853, 0.17589527368545532, 0.1800670027732849, 0.18095216155052185, 0.18741299211978912, 0.1780695766210556, 0.1800033152103424, 0.17654401063919067, 0.17787693440914154, 0.1750696748495102, 0.17710112035274506, 0.17865131795406342, 0.17837406694889069, 0.17609083652496338, 0.1765134632587433, 0.17303523421287537, 0.1787765473127365, 0.1800878345966339, 0.1726691871881485, 0.17734304070472717, 0.1738310307264328, 0.1767895668745041, 0.1783752292394638, 0.1746826022863388, 0.1752813458442688, 0.18235450983047485, 0.1733732670545578, 0.1800582855939865, 0.17682066559791565, 0.17936284840106964, 0.17359265685081482, 0.17704637348651886, 0.1797243058681488, 0.17491453886032104, 0.17859739065170288, 0.17458759248256683, 0.17974711954593658, 0.17859676480293274, 0.1822677105665207, 0.1778087466955185, 0.17680197954177856, 0.18639932572841644, 0.17861142754554749, 0.1773497760295868, 0.17642541229724884, 0.17726664245128632, 0.17837151885032654, 0.189411923289299, 0.1792641431093216, 0.17794698476791382]",33.0,"[33.0, 33.0, 33.0, 33.0, 33.0, 33.0, 33.0, 33.0, 33.0, 33.0, 33.0, 33.0, 33.0, 33.0, 33.0, 33.0, 33.0, 33.0, 33.0, 33.0, 33.0, 33.0, 33.0, 33.0, 33.0, 33.0, 33.0, 33.0, 33.0, 33.0, 33.0, 33.0, 33.0, 33.0, 33.0, 33.0, 33.0, 33.0, 33.0, 33.0, 33.0, 33.0, 33.0, 33.0, 33.0, 33.0, 33.0, 33.0, 33.0, 33.0, 33.0, 33.0, 33.0, 33.0, 33.0, 33.0, 33.0, 33.0, 33.0, 33.0, 33.0, 33.0, 33.0, 33.0, 33.0, 33.0, 33.0, 33.0, 33.0, 33.0, 33.0, 33.0, 33.0, 33.0, 33.0, 33.0, 33.0, 33.0, 33.0, 33.0, 33.0, 33.0, 33.0, 33.0, 33.0, 33.0, 33.0, 33.0, 33.0, 33.0, 33.0, 33.0, 33.0, 33.0, 33.0, 33.0, 33.0, 33.0, 33.0, 33.0, 33.0, 33.0, 33.0, 33.0, 33.0, 33.0, 33.0, 33.0, 33.0, 33.0, 33.0, 33.0, 33.0, 33.0, 33.0, 33.0, 33.0, 33.0, 33.0, 33.0]",COMPLETE
