,number,value,datetime_start,datetime_complete,duration,params_batch_size_scaler,params_constant_learning_rate,params_depth,params_epochs,params_kernel_l2,params_num_trees,params_temperature,user_attrs_accuracy_test,user_attrs_accuracy_valid,user_attrs_approximate_feature_sparsity,user_attrs_approximate_feature_sparsity_history,user_attrs_approximate_weight_sparsity,user_attrs_approximate_weight_sparsity_history,user_attrs_auc_test,user_attrs_auc_valid,user_attrs_feature_sparsity,user_attrs_feature_sparsity_history,user_attrs_num_epochs,user_attrs_val_loss_history,user_attrs_weight_sparsity,user_attrs_weight_sparsity_history,state
95,95,0.9150468240780101,2024-08-31 04:12:56.380576,2024-08-31 04:14:39.378906,0 days 00:01:42.998330,4,0.034624688302931125,3,265,0.36376266830810566,35,0.04659547318724376,0.903,0.90125,21,"[33, 33, 33, 33, 33, 33, 33, 33, 33, 33, 33, 33, 33, 33, 33, 33, 33, 33, 33, 33, 33, 33, 33, 33, 33, 33, 33, 33, 33, 33, 33, 33, 33, 33, 33, 33, 33, 33, 33, 33, 33, 33, 33, 33, 33, 33, 33, 33, 33, 33, 33, 33, 33, 33, 33, 33, 33, 33, 33, 33, 33, 33, 33, 33, 33, 33, 33, 33, 33, 33, 33, 33, 33, 33, 33, 33, 33, 33, 33, 33, 33, 33, 33, 33, 33, 33, 33, 33, 33, 33, 33, 33, 33, 33, 33, 33, 33, 33, 33, 33, 33, 33, 33, 33, 33, 33, 33, 33, 33, 33, 33, 33, 33, 33, 33, 33, 33, 33, 33, 33, 33, 33, 33, 33, 33, 33, 33, 33, 33, 33, 33, 33, 33, 33, 33, 33, 33, 33, 33, 33, 33, 33, 33, 33, 33, 33, 33, 33, 33, 33, 33, 33, 33, 33, 33, 33, 33, 33, 33, 33, 33, 33, 33, 33, 33, 33, 33, 33, 33, 33, 33, 33, 33, 33, 33, 33, 33, 33, 33, 33, 33, 33, 33, 33, 33, 33, 33, 33, 33, 33, 33, 33, 33, 33, 33, 33, 33, 33, 33, 32, 32, 32, 32, 32, 30, 30, 30, 29, 29, 29, 29, 28, 28, 28, 28, 28, 28, 28, 28, 28, 26, 26, 25, 25, 25, 25, 25, 25, 25, 24, 24, 24, 24, 24, 24, 24, 23, 23, 23, 23, 23, 23, 22, 22, 22, 22, 22, 22, 22, 22, 22, 22, 22, 22, 22, 22, 21, 21, 21, 21, 21, 21, 21, 21, 21]",20.97959183673469,"[32.95102040816327, 32.97959183673469, 32.97142857142857, 32.97142857142857, 32.97551020408163, 32.946938775510205, 32.97551020408163, 32.95918367346938, 32.95918367346938, 32.95918367346938, 32.95510204081633, 32.971428571428575, 32.967346938775506, 32.96326530612245, 32.96326530612245, 32.971428571428575, 32.95918367346938, 32.971428571428575, 32.967346938775506, 32.967346938775506, 32.97142857142857, 32.967346938775506, 32.967346938775506, 32.97551020408163, 32.97142857142857, 32.97142857142857, 32.93877551020408, 32.95918367346938, 32.967346938775506, 32.94285714285714, 32.95510204081633, 32.94285714285714, 32.93469387755102, 32.95918367346938, 32.98367346938775, 32.97142857142857, 32.97959183673469, 32.95102040816327, 32.95918367346939, 32.971428571428575, 32.967346938775506, 32.95510204081633, 32.94285714285714, 32.93469387755102, 32.946938775510205, 32.95918367346939, 32.93061224489796, 32.96326530612245, 32.971428571428575, 32.971428571428575, 32.97142857142857, 32.95918367346939, 32.95510204081633, 32.95510204081633, 32.95102040816326, 32.971428571428575, 32.967346938775506, 32.96326530612245, 32.97142857142857, 32.95918367346938, 32.95918367346938, 32.967346938775506, 32.967346938775506, 32.96326530612245, 32.97551020408163, 32.96326530612245, 32.97142857142857, 32.96734693877551, 32.95510204081633, 32.95918367346939, 32.971428571428575, 32.971428571428575, 32.96326530612245, 32.967346938775506, 32.946938775510205, 32.95918367346939, 32.96326530612245, 32.96734693877551, 32.95510204081633, 32.95510204081633, 32.95102040816327, 32.96734693877551, 32.95918367346938, 32.95918367346939, 32.95918367346939, 32.967346938775506, 32.96734693877551, 32.967346938775506, 32.96326530612245, 32.95102040816327, 32.95918367346939, 32.96326530612245, 32.96326530612245, 32.971428571428575, 32.95510204081633, 32.967346938775506, 32.95918367346938, 32.96326530612245, 32.97551020408163, 32.97959183673469, 32.95510204081633, 32.97142857142857, 32.95918367346939, 32.967346938775506, 32.97551020408163, 32.96326530612245, 32.967346938775506, 32.96326530612245, 32.97142857142857, 32.95918367346939, 32.967346938775506, 32.96326530612245, 32.96326530612245, 32.96326530612245, 32.95510204081633, 32.946938775510205, 32.95102040816327, 32.95918367346939, 32.967346938775506, 32.95510204081633, 32.95918367346938, 32.95510204081633, 32.95918367346939, 32.967346938775506, 32.95102040816327, 32.97142857142857, 32.96326530612245, 32.967346938775506, 32.946938775510205, 32.95102040816327, 32.93469387755102, 32.946938775510205, 32.95102040816327, 32.95918367346938, 32.946938775510205, 32.967346938775506, 32.94285714285714, 32.942857142857136, 32.93877551020408, 32.93877551020408, 32.94285714285714, 32.93877551020408, 32.94285714285714, 32.95918367346939, 32.967346938775506, 32.96326530612245, 32.967346938775506, 32.95918367346939, 32.96734693877551, 32.95918367346938, 32.96326530612245, 32.93877551020408, 32.96326530612245, 32.97551020408163, 32.95918367346938, 32.971428571428575, 32.95918367346939, 32.94285714285714, 32.94285714285714, 32.926530612244896, 32.91836734693877, 32.91836734693877, 32.95102040816326, 32.93061224489796, 32.93877551020408, 32.93877551020408, 32.93469387755102, 32.946938775510205, 32.93877551020408, 32.93877551020408, 32.93877551020408, 32.94285714285714, 32.946938775510205, 32.93877551020408, 32.95102040816327, 32.95510204081633, 32.95102040816327, 32.94285714285714, 32.93877551020408, 32.94285714285714, 32.922448979591834, 32.922448979591834, 32.94285714285714, 32.946938775510205, 32.93469387755102, 32.95102040816327, 32.946938775510205, 32.94285714285714, 32.91836734693877, 32.93877551020408, 32.93877551020408, 32.93877551020408, 32.926530612244896, 32.93469387755102, 32.93061224489796, 32.93061224489796, 32.91428571428571, 32.95102040816327, 32.946938775510205, 31.942857142857143, 31.955102040816328, 31.97551020408163, 31.97551020408163, 31.955102040816328, 29.96326530612245, 29.951020408163266, 29.942857142857143, 28.955102040816328, 28.95918367346939, 28.955102040816328, 28.955102040816328, 27.97142857142857, 27.963265306122448, 27.975510204081633, 27.96734693877551, 27.97551020408163, 27.967346938775513, 27.967346938775506, 27.971428571428568, 27.96326530612245, 25.96734693877551, 25.96734693877551, 24.97959183673469, 24.95918367346939, 24.96326530612245, 24.955102040816328, 24.96326530612245, 24.951020408163266, 24.96326530612245, 23.95918367346939, 23.930612244897958, 23.951020408163266, 23.96734693877551, 23.955102040816325, 23.97551020408163, 23.96734693877551, 22.955102040816328, 22.96734693877551, 22.963265306122448, 22.963265306122448, 22.955102040816328, 22.955102040816328, 21.946938775510205, 21.942857142857143, 21.930612244897958, 21.951020408163266, 21.95918367346939, 21.946938775510205, 21.942857142857143, 21.951020408163266, 21.959183673469386, 21.96326530612245, 21.93877551020408, 21.93469387755102, 21.946938775510205, 21.95918367346939, 20.959183673469386, 20.96734693877551, 20.97142857142857, 20.955102040816328, 20.946938775510205, 20.93877551020408, 20.951020408163263, 20.955102040816328, 20.97959183673469]",0.8935839959048539,0.9150468240780101,21,"[33, 33, 33, 33, 33, 33, 33, 33, 33, 33, 33, 33, 33, 33, 33, 33, 33, 33, 33, 33, 33, 33, 33, 33, 33, 33, 33, 33, 33, 33, 33, 33, 33, 33, 33, 33, 33, 33, 33, 33, 33, 33, 33, 33, 33, 33, 33, 33, 33, 33, 33, 33, 33, 33, 33, 33, 33, 33, 33, 33, 33, 33, 33, 33, 33, 33, 33, 33, 33, 33, 33, 33, 33, 33, 33, 33, 33, 33, 33, 33, 33, 33, 33, 33, 33, 33, 33, 33, 33, 33, 33, 33, 33, 33, 33, 33, 33, 33, 33, 33, 33, 33, 33, 33, 33, 33, 33, 33, 33, 33, 33, 33, 33, 33, 33, 33, 33, 33, 33, 33, 33, 33, 33, 33, 33, 33, 33, 33, 33, 33, 33, 33, 33, 33, 33, 33, 33, 33, 33, 33, 33, 33, 33, 33, 33, 33, 33, 33, 33, 33, 33, 33, 33, 33, 33, 33, 33, 33, 33, 33, 33, 33, 33, 33, 33, 33, 33, 33, 33, 33, 33, 33, 33, 33, 33, 33, 33, 33, 33, 33, 33, 33, 33, 33, 33, 33, 33, 33, 33, 33, 33, 33, 33, 33, 33, 33, 33, 33, 33, 32, 32, 32, 32, 32, 30, 30, 30, 29, 29, 29, 29, 28, 28, 28, 28, 28, 28, 28, 28, 28, 26, 26, 25, 25, 25, 25, 25, 25, 25, 24, 24, 24, 24, 24, 24, 24, 23, 23, 23, 23, 23, 23, 22, 22, 22, 22, 22, 22, 22, 22, 22, 22, 22, 22, 22, 22, 21, 21, 21, 21, 21, 21, 21, 21, 21]",265,"[0.485304594039917, 0.47478920221328735, 0.4684021472930908, 0.463241845369339, 0.4589653015136719, 0.45547690987586975, 0.452414870262146, 0.44995957612991333, 0.4473195970058441, 0.4451354742050171, 0.44309937953948975, 0.44138920307159424, 0.4394196569919586, 0.4377376139163971, 0.4362775683403015, 0.43463069200515747, 0.4331023693084717, 0.4314054548740387, 0.43005579710006714, 0.42867740988731384, 0.42698436975479126, 0.42549368739128113, 0.42437946796417236, 0.4230797290802002, 0.42139267921447754, 0.4199022948741913, 0.4185841679573059, 0.41732215881347656, 0.4159627854824066, 0.41451209783554077, 0.4133610129356384, 0.41207706928253174, 0.4107472896575928, 0.4094003438949585, 0.40815848112106323, 0.40688955783843994, 0.4057086110115051, 0.4046366512775421, 0.4031471312046051, 0.40212103724479675, 0.4009630084037781, 0.39977797865867615, 0.3984716534614563, 0.39719945192337036, 0.3959699273109436, 0.3950199782848358, 0.39385315775871277, 0.3926820456981659, 0.39139407873153687, 0.3902696371078491, 0.3892362117767334, 0.38808995485305786, 0.3870415985584259, 0.3859073221683502, 0.38481438159942627, 0.3835581839084625, 0.382480651140213, 0.38135746121406555, 0.3802201747894287, 0.37911656498908997, 0.3782450556755066, 0.37722164392471313, 0.3759772777557373, 0.37487244606018066, 0.37367308139801025, 0.3726131021976471, 0.37154242396354675, 0.37049198150634766, 0.36945292353630066, 0.3682708442211151, 0.3671568036079407, 0.3662107586860657, 0.3652080297470093, 0.36409032344818115, 0.36306262016296387, 0.3621617555618286, 0.3612923324108124, 0.3597002327442169, 0.3588288128376007, 0.3577336072921753, 0.35658183693885803, 0.35541656613349915, 0.3543446362018585, 0.35343071818351746, 0.35219937562942505, 0.3513582944869995, 0.3500109612941742, 0.34903568029403687, 0.3480358421802521, 0.34725624322891235, 0.34612658619880676, 0.34467238187789917, 0.34374091029167175, 0.34264206886291504, 0.3417707085609436, 0.34077826142311096, 0.3396873474121094, 0.3388277292251587, 0.3376944661140442, 0.3364640474319458, 0.3358282744884491, 0.334716260433197, 0.33397093415260315, 0.3327757716178894, 0.33202144503593445, 0.33110278844833374, 0.32986724376678467, 0.3288732171058655, 0.32796919345855713, 0.3271270990371704, 0.32647931575775146, 0.3256048858165741, 0.32465648651123047, 0.32417353987693787, 0.3228781819343567, 0.32227760553359985, 0.3212563395500183, 0.3203953802585602, 0.3195696473121643, 0.3188767731189728, 0.3184835910797119, 0.317764550447464, 0.3169642984867096, 0.31636208295822144, 0.3156696856021881, 0.31453198194503784, 0.3138805329799652, 0.31319940090179443, 0.3129414916038513, 0.3126048445701599, 0.31120261549949646, 0.31064915657043457, 0.3101004362106323, 0.3095526397228241, 0.3088797330856323, 0.30834248661994934, 0.3077774941921234, 0.3072299063205719, 0.30648329854011536, 0.30595460534095764, 0.3053809404373169, 0.30493125319480896, 0.30485403537750244, 0.30403202772140503, 0.3035256862640381, 0.30288419127464294, 0.30239683389663696, 0.3020171821117401, 0.3014887869358063, 0.3009432256221771, 0.30038338899612427, 0.3000227212905884, 0.29951345920562744, 0.29895228147506714, 0.2985765039920807, 0.29828718304634094, 0.2975013256072998, 0.2970214784145355, 0.29675933718681335, 0.2962265908718109, 0.29584166407585144, 0.29563701152801514, 0.29478079080581665, 0.29454824328422546, 0.2943362891674042, 0.2937556803226471, 0.2934485375881195, 0.292961984872818, 0.2925885021686554, 0.29214799404144287, 0.2915958762168884, 0.2914765179157257, 0.2912811040878296, 0.2909141480922699, 0.2904621362686157, 0.2898912727832794, 0.2895394265651703, 0.28926438093185425, 0.2887493073940277, 0.2884407341480255, 0.28785622119903564, 0.2876390516757965, 0.28750914335250854, 0.2871326506137848, 0.2866431474685669, 0.2864946722984314, 0.28619062900543213, 0.28592541813850403, 0.28517112135887146, 0.2847091555595398, 0.28455811738967896, 0.28433260321617126, 0.2841421663761139, 0.2835633158683777, 0.282953679561615, 0.28278401494026184, 0.28255918622016907, 0.28244948387145996, 0.2817614674568176, 0.28167039155960083, 0.2810306251049042, 0.28070223331451416, 0.28032106161117554, 0.2798970639705658, 0.28012827038764954, 0.279926598072052, 0.27989837527275085, 0.2791918218135834, 0.27842041850090027, 0.2782174348831177, 0.27762287855148315, 0.2769376039505005, 0.27652114629745483, 0.27626311779022217, 0.2758414149284363, 0.2755231261253357, 0.27543240785598755, 0.2753804922103882, 0.27469319105148315, 0.2745530307292938, 0.27235516905784607, 0.2724655270576477, 0.2726511061191559, 0.27179214358329773, 0.27155280113220215, 0.2713102102279663, 0.27195069193840027, 0.2708226144313812, 0.27058279514312744, 0.2690814733505249, 0.2685326337814331, 0.2683035135269165, 0.2680709660053253, 0.2679978907108307, 0.26792725920677185, 0.26725828647613525, 0.2666102945804596, 0.2664145529270172, 0.2663859724998474, 0.2659938931465149, 0.26553627848625183, 0.26544249057769775, 0.26442423462867737, 0.264226496219635, 0.2637925148010254, 0.26355063915252686, 0.26326215267181396, 0.2633768320083618, 0.26271986961364746, 0.2624416649341583, 0.26251423358917236, 0.2620042860507965, 0.2618626356124878, 0.2615617513656616, 0.2614469528198242, 0.26094359159469604, 0.2603171169757843, 0.2599092423915863, 0.2596821188926697, 0.25914058089256287, 0.2590413987636566, 0.2592442035675049, 0.25868260860443115, 0.25828757882118225, 0.2582780420780182]",21.0,"[33.0, 33.0, 33.0, 33.0, 33.0, 33.0, 33.0, 33.0, 33.0, 33.0, 33.0, 33.0, 33.0, 33.0, 33.0, 33.0, 33.0, 33.0, 33.0, 33.0, 33.0, 33.0, 33.0, 33.0, 33.0, 33.0, 33.0, 33.0, 33.0, 33.0, 33.0, 33.0, 33.0, 33.0, 33.0, 33.0, 33.0, 33.0, 33.0, 33.0, 33.0, 33.0, 33.0, 33.0, 33.0, 33.0, 33.0, 33.0, 33.0, 33.0, 33.0, 33.0, 33.0, 33.0, 33.0, 33.0, 33.0, 33.0, 33.0, 33.0, 33.0, 33.0, 33.0, 33.0, 33.0, 33.0, 33.0, 33.0, 33.0, 33.0, 33.0, 33.0, 33.0, 33.0, 33.0, 33.0, 33.0, 33.0, 33.0, 33.0, 33.0, 33.0, 33.0, 33.0, 33.0, 33.0, 33.0, 33.0, 33.0, 33.0, 33.0, 33.0, 33.0, 33.0, 33.0, 33.0, 33.0, 33.0, 33.0, 33.0, 33.0, 33.0, 33.0, 33.0, 33.0, 33.0, 33.0, 33.0, 33.0, 33.0, 33.0, 33.0, 33.0, 33.0, 33.0, 33.0, 33.0, 33.0, 33.0, 33.0, 33.0, 33.0, 33.0, 33.0, 33.0, 33.0, 33.0, 33.0, 33.0, 33.0, 33.0, 33.0, 33.0, 33.0, 33.0, 33.0, 33.0, 33.0, 33.0, 33.0, 33.0, 33.0, 33.0, 33.0, 33.0, 33.0, 33.0, 33.0, 33.0, 33.0, 33.0, 33.0, 33.0, 33.0, 33.0, 33.0, 33.0, 33.0, 33.0, 33.0, 33.0, 33.0, 33.0, 33.0, 33.0, 33.0, 33.0, 33.0, 33.0, 33.0, 33.0, 33.0, 33.0, 33.0, 33.0, 33.0, 33.0, 33.0, 33.0, 33.0, 33.0, 33.0, 33.0, 33.0, 33.0, 33.0, 33.0, 33.0, 33.0, 33.0, 33.0, 33.0, 33.0, 33.0, 33.0, 33.0, 33.0, 33.0, 33.0, 32.0, 32.0, 32.0, 32.0, 32.0, 30.0, 30.0, 30.0, 29.0, 29.0, 29.0, 29.0, 28.0, 28.0, 28.0, 28.0, 28.0, 28.0, 28.0, 28.0, 28.0, 26.0, 26.0, 25.0, 25.0, 25.0, 25.0, 25.0, 25.0, 25.0, 24.0, 24.0, 24.0, 24.0, 24.0, 24.0, 24.0, 23.0, 23.0, 23.0, 23.0, 23.0, 23.0, 22.0, 22.0, 22.0, 22.0, 22.0, 22.0, 22.0, 22.0, 22.0, 22.0, 22.0, 22.0, 22.0, 22.0, 21.0, 21.0, 21.0, 21.0, 21.0, 21.0, 21.0, 21.0, 21.0]",COMPLETE
