,number,value,datetime_start,datetime_complete,duration,params_batch_size_scaler,params_constant_learning_rate,params_depth,params_epochs,params_kernel_l2,params_num_trees,params_temperature,user_attrs_accuracy_test,user_attrs_accuracy_valid,user_attrs_approximate_feature_sparsity,user_attrs_approximate_feature_sparsity_history,user_attrs_approximate_weight_sparsity,user_attrs_approximate_weight_sparsity_history,user_attrs_auc_test,user_attrs_auc_valid,user_attrs_feature_sparsity,user_attrs_feature_sparsity_history,user_attrs_num_epochs,user_attrs_val_loss_history,user_attrs_weight_sparsity,user_attrs_weight_sparsity_history,state
116,116,0.6844044260669062,2024-08-31 05:05:23.188089,2024-08-31 05:05:51.261353,0 days 00:00:28.073264,64,0.020451981459260988,4,220,0.24892455914672496,2,0.05893409442719609,0.859,0.85875,33,"[33, 33, 33, 33, 33, 33, 33, 33, 33, 33, 33, 33, 33, 33, 33, 33, 33, 33, 33, 33, 33, 33, 33, 33, 33, 33, 33, 33, 33, 33, 33, 33, 33, 33, 33, 33, 33, 33, 33, 33, 33, 33, 33, 33, 33, 33, 33, 33, 33, 33, 33, 33, 33, 33, 33, 33, 33, 33, 33, 33, 33, 33, 33, 33, 33, 33, 33, 33, 33, 33, 33, 33, 33, 33, 33, 33, 33, 33, 33, 33, 33, 33, 33, 33, 33, 33, 33, 33, 33, 33, 33, 33, 33, 33, 33, 33, 33, 33, 33, 33, 33, 33, 33, 33, 33, 33, 33, 33, 33, 33, 33, 33, 33, 33, 33, 33, 33, 33, 33, 33, 33, 33, 33, 33, 33, 33, 33, 33, 33, 33, 33, 33, 33, 33, 33, 33, 33, 33, 33, 33, 33, 33, 33, 33, 33, 33, 33, 33, 33, 33, 33, 33, 33, 33, 33, 33, 33, 33, 33, 33, 33, 33, 33, 33, 33, 33, 33, 33, 33, 33, 33, 33, 33, 33, 33, 33, 33, 33, 33, 33, 33, 33, 33, 33, 33, 33, 33, 33, 33, 33, 33, 33, 33, 33, 33, 33, 33, 33, 33, 33, 33, 33, 33, 33, 33, 33, 33, 33, 33, 33, 33, 33, 33, 33, 33, 33, 33, 33, 33, 33]",33.0,"[33.0, 33.0, 33.0, 33.0, 33.0, 32.96666666666667, 33.0, 33.0, 32.96666666666667, 33.0, 33.0, 33.0, 33.0, 33.0, 32.96666666666667, 33.0, 33.0, 33.0, 33.0, 33.0, 33.0, 33.0, 33.0, 33.0, 33.0, 33.0, 33.0, 33.0, 33.0, 33.0, 33.0, 33.0, 33.0, 33.0, 33.0, 33.0, 33.0, 33.0, 33.0, 33.0, 33.0, 33.0, 33.0, 33.0, 33.0, 33.0, 33.0, 32.96666666666667, 32.96666666666667, 32.96666666666667, 33.0, 32.96666666666667, 33.0, 32.96666666666667, 33.0, 33.0, 33.0, 33.0, 33.0, 33.0, 33.0, 33.0, 33.0, 33.0, 33.0, 33.0, 33.0, 33.0, 33.0, 33.0, 33.0, 33.0, 33.0, 33.0, 32.96666666666667, 32.96666666666667, 32.96666666666667, 32.96666666666667, 32.96666666666667, 33.0, 33.0, 33.0, 33.0, 33.0, 33.0, 33.0, 33.0, 33.0, 33.0, 33.0, 32.96666666666667, 33.0, 33.0, 33.0, 33.0, 32.96666666666667, 33.0, 33.0, 33.0, 33.0, 33.0, 32.96666666666667, 33.0, 33.0, 33.0, 33.0, 33.0, 33.0, 33.0, 33.0, 33.0, 33.0, 32.96666666666667, 33.0, 33.0, 33.0, 33.0, 33.0, 33.0, 33.0, 33.0, 33.0, 33.0, 33.0, 33.0, 33.0, 33.0, 33.0, 33.0, 33.0, 33.0, 33.0, 33.0, 33.0, 33.0, 32.96666666666667, 32.96666666666667, 32.96666666666667, 32.96666666666667, 32.96666666666667, 33.0, 33.0, 32.96666666666667, 32.96666666666667, 32.96666666666667, 32.96666666666667, 32.96666666666667, 32.96666666666667, 32.96666666666667, 32.96666666666667, 32.96666666666667, 32.96666666666667, 32.96666666666667, 33.0, 32.96666666666667, 33.0, 33.0, 33.0, 33.0, 32.96666666666667, 32.96666666666667, 33.0, 33.0, 33.0, 33.0, 33.0, 32.96666666666667, 33.0, 33.0, 33.0, 33.0, 33.0, 32.96666666666667, 33.0, 33.0, 33.0, 33.0, 33.0, 33.0, 33.0, 33.0, 33.0, 33.0, 33.0, 33.0, 33.0, 33.0, 33.0, 33.0, 33.0, 33.0, 33.0, 33.0, 33.0, 33.0, 33.0, 33.0, 33.0, 32.96666666666667, 33.0, 33.0, 32.96666666666667, 32.96666666666667, 32.96666666666667, 33.0, 33.0, 33.0, 33.0, 33.0, 33.0, 33.0, 33.0, 33.0, 33.0, 33.0, 33.0, 32.96666666666667, 32.96666666666667, 33.0, 33.0]",0.7245683996730489,0.6844044260669062,33,"[33, 33, 33, 33, 33, 33, 33, 33, 33, 33, 33, 33, 33, 33, 33, 33, 33, 33, 33, 33, 33, 33, 33, 33, 33, 33, 33, 33, 33, 33, 33, 33, 33, 33, 33, 33, 33, 33, 33, 33, 33, 33, 33, 33, 33, 33, 33, 33, 33, 33, 33, 33, 33, 33, 33, 33, 33, 33, 33, 33, 33, 33, 33, 33, 33, 33, 33, 33, 33, 33, 33, 33, 33, 33, 33, 33, 33, 33, 33, 33, 33, 33, 33, 33, 33, 33, 33, 33, 33, 33, 33, 33, 33, 33, 33, 33, 33, 33, 33, 33, 33, 33, 33, 33, 33, 33, 33, 33, 33, 33, 33, 33, 33, 33, 33, 33, 33, 33, 33, 33, 33, 33, 33, 33, 33, 33, 33, 33, 33, 33, 33, 33, 33, 33, 33, 33, 33, 33, 33, 33, 33, 33, 33, 33, 33, 33, 33, 33, 33, 33, 33, 33, 33, 33, 33, 33, 33, 33, 33, 33, 33, 33, 33, 33, 33, 33, 33, 33, 33, 33, 33, 33, 33, 33, 33, 33, 33, 33, 33, 33, 33, 33, 33, 33, 33, 33, 33, 33, 33, 33, 33, 33, 33, 33, 33, 33, 33, 33, 33, 33, 33, 33, 33, 33, 33, 33, 33, 33, 33, 33, 33, 33, 33, 33, 33, 33, 33, 33, 33, 33]",220,"[1.3405051231384277, 1.3244431018829346, 1.3092613220214844, 1.294174075126648, 1.2792789936065674, 1.2646057605743408, 1.2502574920654297, 1.2366058826446533, 1.2230792045593262, 1.2094863653182983, 1.1962589025497437, 1.1837339401245117, 1.1712737083435059, 1.1589081287384033, 1.147218942642212, 1.13590669631958, 1.1247001886367798, 1.1135278940200806, 1.1031510829925537, 1.092745065689087, 1.0826380252838135, 1.0724999904632568, 1.0629340410232544, 1.0530869960784912, 1.044033408164978, 1.0348079204559326, 1.0257370471954346, 1.0168415307998657, 1.0083602666854858, 0.999997615814209, 0.9917949438095093, 0.983700692653656, 0.9757631421089172, 0.9680100083351135, 0.9604930877685547, 0.9532911777496338, 0.9461023807525635, 0.9392632246017456, 0.9322111010551453, 0.9256108999252319, 0.9192138910293579, 0.912861704826355, 0.9066030979156494, 0.9004454612731934, 0.8945791721343994, 0.8888904452323914, 0.8832243084907532, 0.8775904178619385, 0.8723344206809998, 0.8668356537818909, 0.8614819049835205, 0.8561709523200989, 0.8511974215507507, 0.8461503386497498, 0.8413307666778564, 0.8365768194198608, 0.8322021961212158, 0.827584445476532, 0.8230471611022949, 0.8187565803527832, 0.814537763595581, 0.81034255027771, 0.8062322735786438, 0.8021063804626465, 0.7981149554252625, 0.7944089770317078, 0.7906858921051025, 0.786948561668396, 0.7834222912788391, 0.7796844244003296, 0.7763002514839172, 0.7728385329246521, 0.7694814205169678, 0.7661039233207703, 0.762773334980011, 0.7595298290252686, 0.7564654350280762, 0.7533525824546814, 0.7503665089607239, 0.7474909424781799, 0.7446678876876831, 0.7417780160903931, 0.7389815449714661, 0.7362768054008484, 0.7336412668228149, 0.7309321761131287, 0.7283711433410645, 0.7257177233695984, 0.7232544422149658, 0.7207414507865906, 0.7184233665466309, 0.7159565687179565, 0.7135469913482666, 0.7111783623695374, 0.7088541388511658, 0.7066957950592041, 0.704610288143158, 0.7024422287940979, 0.7003133893013, 0.6981713175773621, 0.6961018443107605, 0.6940879821777344, 0.6921314001083374, 0.6902429461479187, 0.6882432699203491, 0.6863143444061279, 0.6843888759613037, 0.6825530529022217, 0.6807022094726562, 0.6789701581001282, 0.6771857738494873, 0.6754264831542969, 0.673755407333374, 0.6721546649932861, 0.6705216765403748, 0.6688994765281677, 0.6672910451889038, 0.6656835079193115, 0.6641337871551514, 0.662550151348114, 0.6610093116760254, 0.6595298647880554, 0.6579755544662476, 0.6565496325492859, 0.6551035046577454, 0.6536279916763306, 0.6521713137626648, 0.6507012248039246, 0.6493666172027588, 0.6479698419570923, 0.6467124819755554, 0.6454049944877625, 0.6440344452857971, 0.6426864862442017, 0.6414933204650879, 0.6402357220649719, 0.6390271186828613, 0.6378073692321777, 0.6366760730743408, 0.6355357766151428, 0.6343253254890442, 0.63322913646698, 0.6320851445198059, 0.6309002041816711, 0.6297418475151062, 0.6287112236022949, 0.6276103854179382, 0.6265419125556946, 0.6253803372383118, 0.6242868900299072, 0.6231722831726074, 0.6221495866775513, 0.6211203336715698, 0.6200659871101379, 0.6190868616104126, 0.6180438995361328, 0.617074191570282, 0.616092324256897, 0.615144670009613, 0.6142151355743408, 0.613278865814209, 0.6122872233390808, 0.6113506555557251, 0.6103979349136353, 0.6094861626625061, 0.6085423231124878, 0.6076834201812744, 0.606766939163208, 0.6058667898178101, 0.6049827337265015, 0.6040655374526978, 0.6032018065452576, 0.6023680567741394, 0.6015358567237854, 0.6006799936294556, 0.599786639213562, 0.5989254713058472, 0.5981245040893555, 0.5972976088523865, 0.5965336561203003, 0.5957707762718201, 0.5949304103851318, 0.5941268801689148, 0.5933839678764343, 0.592601478099823, 0.5918356776237488, 0.5911053419113159, 0.5903612375259399, 0.5896083116531372, 0.5888646841049194, 0.5881190299987793, 0.5873532295227051, 0.5865907669067383, 0.5858705639839172, 0.5851491689682007, 0.5844130516052246, 0.5836735963821411, 0.5829528570175171, 0.5822718143463135, 0.5815477967262268, 0.5808603167533875, 0.580161452293396, 0.5794782638549805, 0.5788003206253052, 0.578112006187439, 0.5774468183517456, 0.5767958760261536, 0.5761276483535767, 0.5754683017730713, 0.574821949005127, 0.5741580724716187, 0.5735036134719849, 0.5728404521942139, 0.572174072265625, 0.5715699195861816, 0.5709365606307983, 0.5702970623970032, 0.5696350932121277, 0.568983256816864, 0.5683664083480835]",33.0,"[33.0, 33.0, 33.0, 33.0, 33.0, 33.0, 33.0, 33.0, 33.0, 33.0, 33.0, 33.0, 33.0, 33.0, 33.0, 33.0, 33.0, 33.0, 33.0, 33.0, 33.0, 33.0, 33.0, 33.0, 33.0, 33.0, 33.0, 33.0, 33.0, 33.0, 33.0, 33.0, 33.0, 33.0, 33.0, 33.0, 33.0, 33.0, 33.0, 33.0, 33.0, 33.0, 33.0, 33.0, 33.0, 33.0, 33.0, 33.0, 33.0, 33.0, 33.0, 33.0, 33.0, 33.0, 33.0, 33.0, 33.0, 33.0, 33.0, 33.0, 33.0, 33.0, 33.0, 33.0, 33.0, 33.0, 33.0, 33.0, 33.0, 33.0, 33.0, 33.0, 33.0, 33.0, 33.0, 33.0, 33.0, 33.0, 33.0, 33.0, 33.0, 33.0, 33.0, 33.0, 33.0, 33.0, 33.0, 33.0, 33.0, 33.0, 33.0, 33.0, 33.0, 33.0, 33.0, 33.0, 33.0, 33.0, 33.0, 33.0, 33.0, 33.0, 33.0, 33.0, 33.0, 33.0, 33.0, 33.0, 33.0, 33.0, 33.0, 33.0, 33.0, 33.0, 33.0, 33.0, 33.0, 33.0, 33.0, 33.0, 33.0, 33.0, 33.0, 33.0, 33.0, 33.0, 33.0, 33.0, 33.0, 33.0, 33.0, 33.0, 33.0, 33.0, 33.0, 33.0, 33.0, 33.0, 33.0, 33.0, 33.0, 33.0, 33.0, 33.0, 33.0, 33.0, 33.0, 33.0, 33.0, 33.0, 33.0, 33.0, 33.0, 33.0, 33.0, 33.0, 33.0, 33.0, 33.0, 33.0, 33.0, 33.0, 33.0, 33.0, 33.0, 33.0, 33.0, 33.0, 33.0, 33.0, 33.0, 33.0, 33.0, 33.0, 33.0, 33.0, 33.0, 33.0, 33.0, 33.0, 33.0, 33.0, 33.0, 33.0, 33.0, 33.0, 33.0, 33.0, 33.0, 33.0, 33.0, 33.0, 33.0, 33.0, 33.0, 33.0, 33.0, 33.0, 33.0, 33.0, 33.0, 33.0, 33.0, 33.0, 33.0, 33.0, 33.0, 33.0, 33.0, 33.0, 33.0, 33.0, 33.0, 33.0, 33.0, 33.0, 33.0, 33.0, 33.0, 33.0]",COMPLETE
117,117,0.5,2024-08-31 05:05:53.610329,2024-08-31 05:06:14.249003,0 days 00:00:20.638674,64,8.944611641408677,3,135,0.68214571480435,70,0.00025506172899444245,0.859,0.85875,28,"[33, 33, 33, 33, 33, 33, 33, 30, 29, 29, 29, 29, 29, 29, 29, 29, 29, 29, 29, 29, 29, 29, 29, 29, 29, 29, 29, 29, 29, 29, 29, 29, 29, 29, 29, 29, 29, 29, 29, 29, 29, 29, 29, 29, 29, 29, 29, 29, 29, 29, 29, 29, 29, 29, 29, 29, 29, 29, 29, 29, 29, 29, 29, 29, 29, 29, 29, 29, 29, 29, 29, 29, 29, 29, 29, 29, 29, 29, 29, 29, 29, 29, 29, 29, 29, 29, 29, 29, 29, 29, 29, 29, 29, 29, 29, 29, 29, 29, 29, 29, 29, 29, 29, 29, 29, 29, 29, 29, 29, 29, 29, 29, 29, 29, 29, 29, 29, 29, 29, 29, 29, 29, 29, 29, 29, 29, 28, 28, 28, 28, 28, 28, 28, 28, 28]",27.95918367346939,"[32.957142857142856, 32.957142857142856, 32.95918367346939, 32.96734693877551, 32.967346938775506, 32.96530612244898, 32.9530612244898, 29.96734693877551, 28.97959183673469, 28.96734693877551, 28.985714285714284, 28.975510204081633, 28.987755102040815, 28.987755102040815, 28.977551020408164, 28.991836734693877, 28.987755102040815, 28.983673469387753, 28.99591836734694, 28.983673469387753, 28.983673469387753, 28.985714285714284, 28.991836734693877, 28.987755102040815, 28.989795918367346, 28.981632653061222, 28.977551020408164, 28.97755102040816, 28.97755102040816, 28.97755102040816, 28.963265306122448, 28.97959183673469, 28.983673469387753, 28.97959183673469, 28.97551020408163, 28.97959183673469, 28.96530612244898, 28.96530612244898, 28.96530612244898, 28.973469387755102, 28.987755102040815, 28.983673469387753, 28.965306122448975, 28.96938775510204, 28.96938775510204, 28.971428571428568, 28.96530612244898, 28.948979591836736, 28.96530612244898, 28.96734693877551, 28.96530612244898, 28.948979591836736, 28.957142857142856, 28.957142857142856, 28.973469387755102, 28.97142857142857, 28.959183673469383, 28.971428571428568, 28.97959183673469, 28.967346938775506, 28.971428571428575, 28.944897959183674, 28.95918367346939, 28.96530612244898, 28.96938775510204, 28.957142857142856, 28.959183673469386, 28.942857142857143, 28.97551020408163, 28.975510204081633, 28.96530612244898, 28.955102040816325, 28.969387755102037, 28.95714285714286, 28.96122448979592, 28.967346938775506, 28.951020408163266, 28.96530612244898, 28.97551020408163, 28.96734693877551, 28.97142857142857, 28.944897959183674, 28.959183673469386, 28.955102040816328, 28.93877551020408, 28.959183673469386, 28.96734693877551, 28.953061224489797, 28.965306122448983, 28.942857142857143, 28.94489795918367, 28.955102040816328, 28.944897959183674, 28.96734693877551, 28.951020408163266, 28.97551020408163, 28.96938775510204, 28.955102040816328, 28.959183673469386, 28.942857142857143, 28.95714285714286, 28.95714285714286, 28.944897959183674, 28.951020408163266, 28.946938775510205, 28.953061224489797, 28.959183673469386, 28.953061224489797, 28.942857142857143, 28.93469387755102, 28.967346938775506, 28.955102040816328, 28.951020408163266, 28.953061224489794, 28.955102040816325, 28.951020408163263, 28.93265306122449, 28.946938775510205, 28.93673469387755, 28.942857142857143, 28.957142857142856, 28.951020408163266, 28.955102040816325, 28.955102040816325, 28.951020408163266, 28.957142857142856, 27.969387755102037, 27.96326530612245, 27.955102040816328, 27.961224489795917, 27.96530612244898, 27.948979591836732, 27.953061224489797, 27.93265306122449, 27.95918367346939]",0.5,0.5,28,"[33, 33, 33, 33, 33, 33, 33, 30, 29, 29, 29, 29, 29, 29, 29, 29, 29, 29, 29, 29, 29, 29, 29, 29, 29, 29, 29, 29, 29, 29, 29, 29, 29, 29, 29, 29, 29, 29, 29, 29, 29, 29, 29, 29, 29, 29, 29, 29, 29, 29, 29, 29, 29, 29, 29, 29, 29, 29, 29, 29, 29, 29, 29, 29, 29, 29, 29, 29, 29, 29, 29, 29, 29, 29, 29, 29, 29, 29, 29, 29, 29, 29, 29, 29, 29, 29, 29, 29, 29, 29, 29, 29, 29, 29, 29, 29, 29, 29, 29, 29, 29, 29, 29, 29, 29, 29, 29, 29, 29, 29, 29, 29, 29, 29, 29, 29, 29, 29, 29, 29, 29, 29, 29, 29, 29, 29, 28, 28, 28, 28, 28, 28, 28, 28, 28]",135,"[0.9986782670021057, 5.989107131958008, 1.9999573230743408, 7.03148078918457, 8.400409698486328, 9.735433578491211, 8.305777549743652, 12.553171157836914, 18.16179084777832, 25.848554611206055, 33.883846282958984, 47.72602081298828, 9.741771697998047, 33.96872329711914, 12.481342315673828, 28.428661346435547, 37.468345642089844, 66.85008239746094, 11.75197982788086, 49.919944763183594, 23.16846466064453, 53.733707427978516, 8.585643768310547, 40.56728744506836, 12.453437805175781, 9.31915283203125, 37.62216567993164, 16.062217712402344, 5.368190765380859, 19.688949584960938, 9.504964828491211, 40.53333282470703, 23.858875274658203, 18.395599365234375, 15.187161445617676, 38.00035858154297, 12.496912956237793, 39.45636749267578, 10.180750846862793, 77.10164642333984, 19.891111373901367, 56.221923828125, 31.796663284301758, 15.450051307678223, 38.23625946044922, 9.938854217529297, 11.937405586242676, 82.60167694091797, 20.774635314941406, 9.920671463012695, 13.389533996582031, 37.03970718383789, 13.430062294006348, 12.740131378173828, 61.17232894897461, 15.13381576538086, 10.840232849121094, 17.483278274536133, 8.902040481567383, 61.776466369628906, 15.363764762878418, 89.94670867919922, 21.749174118041992, 34.3811149597168, 21.253868103027344, 14.883500099182129, 39.311885833740234, 13.156274795532227, 68.56314086914062, 16.376447677612305, 9.259045600891113, 10.173433303833008, 12.776310920715332, 78.08302307128906, 19.263851165771484, 14.230173110961914, 43.3023681640625, 27.81393814086914, 20.06538963317871, 21.218151092529297, 43.99140548706055, 18.277236938476562, 95.28944396972656, 21.684459686279297, 47.363258361816406, 26.443632125854492, 59.720157623291016, 6.55528450012207, 36.44243240356445, 19.75210952758789, 13.23361587524414, 85.68502044677734, 18.390445709228516, 13.162212371826172, 98.13810729980469, 21.321979522705078, 10.042464256286621, 61.16399383544922, 15.83263874053955, 86.663818359375, 19.558990478515625, 13.746731758117676, 13.028597831726074, 9.527966499328613, 55.18922424316406, 11.68990707397461, 23.820341110229492, 18.666807174682617, 5.939501762390137, 50.9544792175293, 9.871983528137207, 60.86757278442383, 12.827768325805664, 77.26707458496094, 16.246204376220703, 37.94575500488281, 40.83139419555664, 38.908348083496094, 22.7772216796875, 25.597272872924805, 25.417465209960938, 96.76103210449219, 18.176313400268555, 86.43981170654297, 42.37376403808594, 22.765724182128906, 13.655723571777344, 74.32185363769531, 18.54184341430664, 9.751508712768555, 13.308889389038086, 79.0517807006836, 17.069459915161133, 17.596797943115234, 99.94757843017578]",28.0,"[33.0, 33.0, 33.0, 33.0, 33.0, 33.0, 33.0, 30.0, 29.0, 29.0, 29.0, 29.0, 29.0, 29.0, 29.0, 29.0, 29.0, 29.0, 29.0, 29.0, 29.0, 29.0, 29.0, 29.0, 29.0, 29.0, 29.0, 29.0, 29.0, 29.0, 29.0, 29.0, 29.0, 29.0, 29.0, 29.0, 29.0, 29.0, 29.0, 29.0, 29.0, 29.0, 29.0, 29.0, 29.0, 29.0, 29.0, 29.0, 29.0, 29.0, 29.0, 29.0, 29.0, 29.0, 29.0, 29.0, 29.0, 29.0, 29.0, 29.0, 29.0, 29.0, 29.0, 29.0, 29.0, 29.0, 29.0, 29.0, 29.0, 29.0, 29.0, 29.0, 29.0, 29.0, 29.0, 29.0, 29.0, 29.0, 29.0, 29.0, 29.0, 29.0, 29.0, 29.0, 29.0, 29.0, 29.0, 29.0, 29.0, 29.0, 29.0, 29.0, 29.0, 29.0, 29.0, 29.0, 29.0, 29.0, 29.0, 29.0, 29.0, 29.0, 29.0, 29.0, 29.0, 29.0, 29.0, 29.0, 29.0, 29.0, 29.0, 29.0, 29.0, 29.0, 29.0, 29.0, 29.0, 29.0, 29.0, 29.0, 29.0, 29.0, 29.0, 29.0, 29.0, 29.0, 28.0, 28.0, 28.0, 28.0, 28.0, 28.0, 28.0, 28.0, 28.0]",COMPLETE
