,number,value,datetime_start,datetime_complete,duration,params_batch_size_scaler,params_constant_learning_rate,params_depth,params_epochs,params_kernel_l2,params_num_trees,params_temperature,user_attrs_accuracy_test,user_attrs_accuracy_valid,user_attrs_approximate_feature_sparsity,user_attrs_approximate_feature_sparsity_history,user_attrs_approximate_weight_sparsity,user_attrs_approximate_weight_sparsity_history,user_attrs_auc_test,user_attrs_auc_valid,user_attrs_feature_sparsity,user_attrs_feature_sparsity_history,user_attrs_num_epochs,user_attrs_val_loss_history,user_attrs_weight_sparsity,user_attrs_weight_sparsity_history,state
68,68,0.6876376705182208,2024-08-31 03:03:08.799485,2024-08-31 03:05:32.326890,0 days 00:02:23.527405,64,0.02134781222923549,5,320,0.7540962062735126,61,0.0002041241857053463,0.859,0.85875,33,"[33, 33, 33, 33, 33, 33, 33, 33, 33, 33, 33, 33, 33, 33, 33, 33, 33, 33, 33, 33, 33, 33, 33, 33, 33, 33, 33, 33, 33, 33, 33, 33, 33, 33, 33, 33, 33, 33, 33, 33, 33, 33, 33, 33, 33, 33, 33, 33, 33, 33, 33, 33, 33, 33, 33, 33, 33, 33, 33, 33, 33, 33, 33, 33, 33, 33, 33, 33, 33, 33, 33, 33, 33, 33, 33, 33, 33, 33, 33, 33, 33, 33, 33, 33, 33, 33, 33, 33, 33, 33, 33, 33, 33, 33, 33, 33, 33, 33, 33, 33, 33, 33, 33, 33, 33, 33, 33, 33, 33, 33, 33, 33, 33, 33, 33, 33, 33, 33, 33, 33, 33, 33, 33, 33, 33, 33, 33, 33, 33, 33, 33, 33, 33, 33, 33, 33, 33, 33, 33, 33, 33, 33, 33, 33, 33, 33, 33, 33, 33, 33, 33, 33, 33, 33, 33, 33, 33, 33, 33, 33, 33, 33, 33, 33, 33, 33, 33, 33, 33, 33, 33, 33, 33, 33, 33, 33, 33, 33, 33, 33, 33, 33, 33, 33, 33, 33, 33, 33, 33, 33, 33, 33, 33, 33, 33, 33, 33, 33, 33, 33, 33, 33, 33, 33, 33, 33, 33, 33, 33, 33, 33, 33, 33, 33, 33, 33, 33, 33, 33, 33, 33, 33, 33, 33, 33, 33, 33, 33, 33, 33, 33, 33, 33, 33, 33, 33, 33, 33, 33, 33, 33, 33, 33, 33, 33, 33, 33, 33, 33, 33, 33, 33, 33, 33, 33, 33, 33, 33, 33, 33, 33, 33, 33, 33, 33, 33, 33, 33, 33, 33, 33, 33, 33, 33, 33, 33, 33, 33, 33, 33, 33, 33, 33, 33, 33, 33, 33, 33, 33, 33, 33, 33, 33, 33, 33, 33, 33, 33, 33, 33, 33, 33, 33, 33, 33, 33, 33, 33, 33, 33, 33, 33, 33, 33, 33, 33, 33, 33, 33, 33]",32.941829719725014,"[32.93759915388683, 32.93654151242729, 32.9402432575357, 32.93654151242728, 32.93707033315706, 32.94553146483342, 32.94553146483342, 32.94130089899524, 32.94024325753569, 32.941300898995244, 32.941300898995244, 32.94182971972501, 32.94077207826547, 32.93971443680592, 32.93918561607615, 32.93918561607615, 32.941300898995244, 32.94500264410365, 32.942358540454784, 32.94711792702274, 32.94553146483342, 32.94711792702274, 32.94658910629296, 32.94553146483342, 32.94553146483342, 32.944473823373876, 32.94553146483342, 32.94553146483342, 32.94606028556319, 32.94658910629296, 32.94658910629297, 32.947646747752515, 32.94606028556319, 32.944473823373876, 32.944473823373876, 32.948175568482284, 32.94711792702274, 32.94711792702274, 32.9439450026441, 32.945002644103646, 32.94711792702274, 32.944473823373876, 32.94182971972501, 32.941829719725014, 32.94500264410365, 32.947646747752515, 32.948704389212054, 32.94923320994183, 32.947646747752515, 32.94711792702274, 32.948175568482284, 32.948704389212054, 32.95187731359069, 32.950819672131146, 32.953463775780016, 32.95187731359069, 32.95293495505024, 32.95029085140138, 32.95134849286092, 32.95240613432047, 32.95029085140138, 32.94553146483342, 32.945002644103646, 32.94394500264411, 32.94341618191433, 32.94288736118456, 32.9439450026441, 32.944473823373876, 32.944473823373876, 32.94553146483342, 32.94553146483342, 32.947646747752515, 32.94711792702274, 32.94606028556319, 32.945002644103646, 32.944473823373876, 32.94658910629297, 32.94341618191433, 32.94658910629297, 32.948175568482284, 32.95029085140138, 32.95293495505024, 32.953992596509785, 32.95663670015865, 32.959809624537286, 32.95663670015865, 32.95663670015865, 32.95769434161819, 32.95663670015865, 32.95928080380751, 32.95875198307774, 32.9555790586991, 32.953992596509785, 32.95346377578001, 32.95399259650978, 32.95346377578001, 32.95187731359069, 32.950819672131146, 32.9497620306716, 32.948175568482284, 32.9497620306716, 32.9497620306716, 32.948704389212054, 32.947646747752515, 32.94606028556319, 32.94606028556319, 32.947646747752515, 32.94553146483342, 32.947646747752515, 32.94711792702274, 32.94658910629297, 32.947646747752515, 32.94711792702274, 32.94711792702274, 32.948704389212054, 32.948704389212054, 32.9497620306716, 32.95029085140138, 32.950819672131146, 32.950819672131146, 32.948704389212054, 32.947646747752515, 32.94923320994183, 32.951348492860916, 32.95029085140137, 32.95187731359069, 32.951348492860916, 32.950819672131146, 32.950819672131146, 32.95240613432047, 32.95134849286092, 32.95134849286092, 32.95293495505024, 32.95029085140138, 32.948704389212054, 32.94606028556319, 32.94606028556319, 32.948175568482284, 32.94711792702274, 32.94923320994183, 32.94923320994183, 32.94976203067161, 32.951348492860916, 32.95346377578001, 32.95346377578001, 32.95346377578001, 32.95029085140138, 32.95029085140138, 32.94923320994183, 32.94976203067161, 32.95029085140138, 32.95029085140138, 32.94923320994183, 32.95029085140138, 32.950819672131146, 32.94923320994183, 32.947117927022745, 32.9460602855632, 32.94553146483342, 32.944473823373876, 32.944473823373876, 32.9460602855632, 32.9460602855632, 32.9460602855632, 32.94394500264411, 32.94606028556319, 32.947646747752515, 32.94553146483342, 32.94606028556319, 32.947646747752515, 32.94606028556319, 32.94711792702274, 32.948175568482284, 32.94976203067161, 32.94711792702274, 32.94711792702274, 32.94658910629297, 32.94500264410365, 32.94606028556319, 32.94553146483342, 32.941829719725014, 32.941829719725014, 32.94077207826547, 32.9402432575357, 32.941829719725014, 32.941829719725014, 32.94288736118456, 32.94235854045479, 32.94288736118456, 32.941829719725014, 32.94288736118456, 32.94500264410365, 32.944473823373876, 32.94500264410365, 32.94394500264411, 32.944473823373876, 32.94394500264411, 32.94606028556319, 32.94658910629297, 32.94711792702274, 32.948175568482284, 32.94658910629297, 32.94923320994183, 32.94923320994183, 32.948175568482284, 32.95029085140138, 32.95187731359069, 32.9497620306716, 32.94923320994183, 32.947646747752515, 32.94606028556319, 32.94606028556319, 32.94394500264411, 32.94500264410365, 32.94553146483342, 32.94341618191433, 32.944473823373876, 32.94553146483342, 32.94553146483342, 32.94553146483342, 32.94553146483342, 32.94394500264411, 32.94394500264411, 32.94606028556319, 32.94500264410365, 32.94500264410365, 32.94394500264411, 32.94500264410365, 32.94288736118456, 32.94288736118456, 32.94182971972501, 32.94077207826547, 32.93918561607615, 32.93918561607615, 32.941829719725014, 32.94130089899524, 32.941829719725014, 32.94341618191433, 32.94394500264411, 32.9439450026441, 32.94394500264411, 32.94341618191433, 32.942358540454784, 32.942358540454784, 32.941829719725014, 32.941829719725014, 32.94077207826547, 32.94235854045479, 32.941300898995244, 32.941829719725014, 32.93971443680592, 32.93918561607615, 32.94077207826547, 32.93971443680593, 32.94077207826547, 32.94288736118456, 32.94341618191433, 32.94077207826547, 32.94130089899524, 32.93971443680592, 32.941829719725014, 32.93971443680592, 32.938656795346375, 32.94077207826547, 32.938656795346375, 32.9402432575357, 32.93971443680592, 32.94130089899524, 32.941300898995244, 32.93918561607615, 32.938656795346375, 32.938656795346375, 32.94077207826547, 32.94130089899524, 32.941300898995244, 32.941300898995244, 32.9402432575357, 32.93918561607615, 32.941829719725014, 32.94288736118456, 32.941829719725014, 32.942358540454784, 32.94130089899524, 32.941829719725014, 32.93971443680592, 32.9402432575357, 32.94024325753569, 32.9402432575357, 32.93918561607615, 32.93918561607615, 32.93971443680592, 32.9402432575357, 32.9402432575357, 32.93918561607615, 32.93865679534638, 32.938127974616606, 32.93759915388683, 32.93971443680592, 32.94077207826547, 32.941829719725014, 32.94288736118456, 32.94130089899524, 32.93918561607615, 32.938127974616606, 32.937599153886836, 32.93654151242729, 32.934955050237974, 32.9344262295082, 32.93283976731888, 32.93389740877843, 32.93707033315706, 32.93707033315706, 32.93759915388683, 32.93918561607615, 32.938127974616606, 32.938127974616606, 32.93759915388683, 32.94077207826547, 32.94077207826547, 32.941829719725014]",0.7229006184000859,0.6876376705182208,33,"[33, 33, 33, 33, 33, 33, 33, 33, 33, 33, 33, 33, 33, 33, 33, 33, 33, 33, 33, 33, 33, 33, 33, 33, 33, 33, 33, 33, 33, 33, 33, 33, 33, 33, 33, 33, 33, 33, 33, 33, 33, 33, 33, 33, 33, 33, 33, 33, 33, 33, 33, 33, 33, 33, 33, 33, 33, 33, 33, 33, 33, 33, 33, 33, 33, 33, 33, 33, 33, 33, 33, 33, 33, 33, 33, 33, 33, 33, 33, 33, 33, 33, 33, 33, 33, 33, 33, 33, 33, 33, 33, 33, 33, 33, 33, 33, 33, 33, 33, 33, 33, 33, 33, 33, 33, 33, 33, 33, 33, 33, 33, 33, 33, 33, 33, 33, 33, 33, 33, 33, 33, 33, 33, 33, 33, 33, 33, 33, 33, 33, 33, 33, 33, 33, 33, 33, 33, 33, 33, 33, 33, 33, 33, 33, 33, 33, 33, 33, 33, 33, 33, 33, 33, 33, 33, 33, 33, 33, 33, 33, 33, 33, 33, 33, 33, 33, 33, 33, 33, 33, 33, 33, 33, 33, 33, 33, 33, 33, 33, 33, 33, 33, 33, 33, 33, 33, 33, 33, 33, 33, 33, 33, 33, 33, 33, 33, 33, 33, 33, 33, 33, 33, 33, 33, 33, 33, 33, 33, 33, 33, 33, 33, 33, 33, 33, 33, 33, 33, 33, 33, 33, 33, 33, 33, 33, 33, 33, 33, 33, 33, 33, 33, 33, 33, 33, 33, 33, 33, 33, 33, 33, 33, 33, 33, 33, 33, 33, 33, 33, 33, 33, 33, 33, 33, 33, 33, 33, 33, 33, 33, 33, 33, 33, 33, 33, 33, 33, 33, 33, 33, 33, 33, 33, 33, 33, 33, 33, 33, 33, 33, 33, 33, 33, 33, 33, 33, 33, 33, 33, 33, 33, 33, 33, 33, 33, 33, 33, 33, 33, 33, 33, 33, 33, 33, 33, 33, 33, 33, 33, 33, 33, 33, 33, 33, 33, 33, 33, 33, 33, 33]",320,"[0.7215470671653748, 0.6765119433403015, 0.6400536894798279, 0.6090427041053772, 0.5833104848861694, 0.5619484186172485, 0.5430063009262085, 0.5270907282829285, 0.5138369798660278, 0.5027456283569336, 0.4941921532154083, 0.4858079254627228, 0.47892796993255615, 0.47262611985206604, 0.4678850471973419, 0.46319159865379333, 0.4588722884654999, 0.455227255821228, 0.45202091336250305, 0.44912391901016235, 0.4465685188770294, 0.4445730447769165, 0.44262492656707764, 0.4409292936325073, 0.43930184841156006, 0.4377322494983673, 0.4366050362586975, 0.4354390799999237, 0.4344482123851776, 0.4334946870803833, 0.43272173404693604, 0.4320392906665802, 0.4313209652900696, 0.430725634098053, 0.43013009428977966, 0.4294755458831787, 0.4288560450077057, 0.4283587634563446, 0.4279170334339142, 0.4273051917552948, 0.4268144369125366, 0.42643633484840393, 0.426057904958725, 0.42566925287246704, 0.425374299287796, 0.4250844717025757, 0.424811452627182, 0.42451950907707214, 0.4242168366909027, 0.42398861050605774, 0.4237465560436249, 0.4235020577907562, 0.4232619106769562, 0.4231308102607727, 0.42296072840690613, 0.4227405786514282, 0.42255836725234985, 0.4223543405532837, 0.4220988154411316, 0.4219244122505188, 0.42174383997917175, 0.4215816259384155, 0.4214067757129669, 0.4212656021118164, 0.42109614610671997, 0.420933336019516, 0.420770525932312, 0.42059171199798584, 0.42040202021598816, 0.4202785789966583, 0.4201146364212036, 0.41995686292648315, 0.4197999835014343, 0.419648677110672, 0.4194786548614502, 0.4193280041217804, 0.41918739676475525, 0.4190528392791748, 0.4188990890979767, 0.4187738299369812, 0.4186232388019562, 0.41847485303878784, 0.4183463752269745, 0.4182010889053345, 0.41806715726852417, 0.41794371604919434, 0.4178105592727661, 0.41767871379852295, 0.41756266355514526, 0.41745471954345703, 0.4173239469528198, 0.417184054851532, 0.41706371307373047, 0.41694918274879456, 0.41681069135665894, 0.41671544313430786, 0.4166182577610016, 0.4164954125881195, 0.41636884212493896, 0.41625484824180603, 0.4161258935928345, 0.4160062074661255, 0.41587966680526733, 0.4157603979110718, 0.4156457781791687, 0.4155381917953491, 0.41541171073913574, 0.41529732942581177, 0.415189653635025, 0.41507214307785034, 0.41496941447257996, 0.41485100984573364, 0.41472363471984863, 0.4146116375923157, 0.414489209651947, 0.414389967918396, 0.41428887844085693, 0.4141945540904999, 0.414086252450943, 0.41398507356643677, 0.41384366154670715, 0.41373583674430847, 0.4136483073234558, 0.4135415256023407, 0.4134577810764313, 0.41335776448249817, 0.4132636785507202, 0.4131823480129242, 0.4130614101886749, 0.41296663880348206, 0.4128596782684326, 0.41274598240852356, 0.4126497507095337, 0.4125654697418213, 0.412453293800354, 0.41234511137008667, 0.4122465252876282, 0.4121629595756531, 0.412056565284729, 0.41196414828300476, 0.41186845302581787, 0.411761999130249, 0.4116791784763336, 0.41159170866012573, 0.41149476170539856, 0.4114101529121399, 0.41130292415618896, 0.41120997071266174, 0.41112542152404785, 0.4110265076160431, 0.4109364449977875, 0.41084349155426025, 0.41075730323791504, 0.41066044569015503, 0.41056567430496216, 0.41048169136047363, 0.4103846848011017, 0.410324364900589, 0.41024017333984375, 0.4101520776748657, 0.41005459427833557, 0.40995025634765625, 0.40986642241477966, 0.40975987911224365, 0.4096758961677551, 0.4095850884914398, 0.4094804525375366, 0.4094089865684509, 0.40932023525238037, 0.40923938155174255, 0.40915173292160034, 0.4090695083141327, 0.4089660942554474, 0.40887489914894104, 0.40880540013313293, 0.4087156653404236, 0.408643901348114, 0.40855029225349426, 0.40845367312431335, 0.4083757698535919, 0.4083053171634674, 0.408235639333725, 0.4081427752971649, 0.40805479884147644, 0.4079889953136444, 0.4078925848007202, 0.40780845284461975, 0.40774449706077576, 0.4076761305332184, 0.4076114296913147, 0.40754273533821106, 0.4074600338935852, 0.4073776602745056, 0.4073047637939453, 0.40723294019699097, 0.40715327858924866, 0.4070805013179779, 0.4070175290107727, 0.40693581104278564, 0.40686434507369995, 0.406792551279068, 0.4067125618457794, 0.4066411852836609, 0.40657806396484375, 0.4065113961696625, 0.40644580125808716, 0.4063777029514313, 0.40630432963371277, 0.406229704618454, 0.4061763882637024, 0.4060983955860138, 0.40603482723236084, 0.4059599041938782, 0.40589505434036255, 0.4058225750923157, 0.4057454764842987, 0.4056943953037262, 0.40560898184776306, 0.4055413007736206, 0.4054812490940094, 0.4054051339626312, 0.4053457975387573, 0.40527912974357605, 0.40520772337913513, 0.4051559865474701, 0.40508025884628296, 0.40501517057418823, 0.404954195022583, 0.4048911929130554, 0.40483295917510986, 0.40476807951927185, 0.40470731258392334, 0.4046500027179718, 0.4045792520046234, 0.4045087695121765, 0.4044540822505951, 0.40438804030418396, 0.40435850620269775, 0.4042961001396179, 0.40422123670578003, 0.40417420864105225, 0.40412259101867676, 0.40405768156051636, 0.4039972424507141, 0.4039570093154907, 0.4039035141468048, 0.4038316011428833, 0.4038006067276001, 0.4037560224533081, 0.4037066400051117, 0.4036470353603363, 0.4035709500312805, 0.40349194407463074, 0.4034370481967926, 0.40338361263275146, 0.4033341109752655, 0.4032776355743408, 0.4032290279865265, 0.403148353099823, 0.40307900309562683, 0.4030507802963257, 0.4029885232448578, 0.4029161334037781, 0.40285176038742065, 0.4027976095676422, 0.40274909138679504, 0.40270596742630005, 0.402665913105011, 0.40262240171432495, 0.4025402367115021, 0.40250006318092346, 0.40244120359420776, 0.4023856222629547, 0.4023217260837555, 0.4022699296474457, 0.40221571922302246, 0.40217125415802, 0.4021042287349701, 0.4020504057407379, 0.4020068347454071, 0.4019595682621002, 0.4019041955471039, 0.401845782995224, 0.40180474519729614, 0.40176907181739807, 0.40172308683395386, 0.40167340636253357, 0.4016219675540924, 0.4015701711177826, 0.40153077244758606, 0.40148812532424927, 0.40144115686416626, 0.4013924300670624, 0.4013558328151703, 0.4013189971446991, 0.40127453207969666, 0.40121832489967346, 0.40115728974342346, 0.40108785033226013, 0.4010503888130188, 0.4009946584701538, 0.40095606446266174, 0.40091362595558167, 0.4008704125881195, 0.40087613463401794, 0.40082573890686035, 0.4007464647293091, 0.4007021188735962, 0.4006534218788147, 0.40061622858047485, 0.4005611538887024, 0.4005142152309418, 0.4004892110824585, 0.4004404842853546, 0.4003865420818329, 0.40034037828445435, 0.4003056585788727, 0.4002619981765747, 0.40020984411239624, 0.4001678228378296]",33.0,"[33.0, 33.0, 33.0, 33.0, 33.0, 33.0, 33.0, 33.0, 33.0, 33.0, 33.0, 33.0, 33.0, 33.0, 33.0, 33.0, 33.0, 33.0, 33.0, 33.0, 33.0, 33.0, 33.0, 33.0, 33.0, 33.0, 33.0, 33.0, 33.0, 33.0, 33.0, 33.0, 33.0, 33.0, 33.0, 33.0, 33.0, 33.0, 33.0, 33.0, 33.0, 33.0, 33.0, 33.0, 33.0, 33.0, 33.0, 33.0, 33.0, 33.0, 33.0, 33.0, 33.0, 33.0, 33.0, 33.0, 33.0, 33.0, 33.0, 33.0, 33.0, 33.0, 33.0, 33.0, 33.0, 33.0, 33.0, 33.0, 33.0, 33.0, 33.0, 33.0, 33.0, 33.0, 33.0, 33.0, 33.0, 33.0, 33.0, 33.0, 33.0, 33.0, 33.0, 33.0, 33.0, 33.0, 33.0, 33.0, 33.0, 33.0, 33.0, 33.0, 33.0, 33.0, 33.0, 33.0, 33.0, 33.0, 33.0, 33.0, 33.0, 33.0, 33.0, 33.0, 33.0, 33.0, 33.0, 33.0, 33.0, 33.0, 33.0, 33.0, 33.0, 33.0, 33.0, 33.0, 33.0, 33.0, 33.0, 33.0, 33.0, 33.0, 33.0, 33.0, 33.0, 33.0, 33.0, 33.0, 33.0, 33.0, 33.0, 33.0, 33.0, 33.0, 33.0, 33.0, 33.0, 33.0, 33.0, 33.0, 33.0, 33.0, 33.0, 33.0, 33.0, 33.0, 33.0, 33.0, 33.0, 33.0, 33.0, 33.0, 33.0, 33.0, 33.0, 33.0, 33.0, 33.0, 33.0, 33.0, 33.0, 33.0, 33.0, 33.0, 33.0, 33.0, 33.0, 33.0, 33.0, 33.0, 33.0, 33.0, 33.0, 33.0, 33.0, 33.0, 33.0, 33.0, 33.0, 33.0, 33.0, 33.0, 33.0, 33.0, 33.0, 33.0, 33.0, 33.0, 33.0, 33.0, 33.0, 33.0, 33.0, 33.0, 33.0, 33.0, 33.0, 33.0, 33.0, 33.0, 33.0, 33.0, 33.0, 33.0, 33.0, 33.0, 33.0, 33.0, 33.0, 33.0, 33.0, 33.0, 33.0, 33.0, 33.0, 33.0, 33.0, 33.0, 33.0, 33.0, 33.0, 33.0, 33.0, 33.0, 33.0, 33.0, 33.0, 33.0, 33.0, 33.0, 33.0, 33.0, 33.0, 33.0, 33.0, 33.0, 33.0, 33.0, 33.0, 33.0, 33.0, 33.0, 33.0, 33.0, 33.0, 33.0, 33.0, 33.0, 33.0, 33.0, 33.0, 33.0, 33.0, 33.0, 33.0, 33.0, 33.0, 33.0, 33.0, 33.0, 33.0, 33.0, 33.0, 33.0, 33.0, 33.0, 33.0, 33.0, 33.0, 33.0, 33.0, 33.0, 33.0, 33.0, 33.0, 33.0, 33.0, 33.0, 33.0, 33.0, 33.0, 33.0, 33.0, 33.0, 33.0, 33.0, 33.0, 33.0, 33.0, 33.0, 33.0, 33.0, 33.0, 33.0, 33.0, 33.0, 33.0, 33.0, 33.0, 33.0, 33.0, 33.0, 33.0, 33.0, 33.0, 33.0, 33.0, 33.0, 33.0, 33.0, 33.0, 33.0, 33.0, 33.0, 33.0, 33.0, 33.0, 33.0, 33.0, 33.0]",COMPLETE
69,69,0.5,2024-08-31 03:05:35.847926,2024-08-31 03:05:49.855268,0 days 00:00:14.007342,1,0.37372451002841667,2,10,0.03584672146931386,37,0.03375441519048751,0.859,0.85875,0,"[0, 0, 0, 0, 0, 0, 0, 0, 0, 0]",0.0,"[0.0, 0.0, 0.0, 0.0, 0.0, 0.0, 0.0, 0.0, 0.0, 0.0]",0.5,0.5,0,"[0, 0, 0, 0, 0, 0, 0, 0, 0, 0]",10,"[0.41196995973587036, 0.4147505462169647, 0.41091907024383545, 0.40875035524368286, 0.40817081928253174, 0.4519283175468445, 0.42340943217277527, 0.4078556299209595, 0.48093119263648987, 0.4508659243583679]",0.0,"[0.0, 0.0, 0.0, 0.0, 0.0, 0.0, 0.0, 0.0, 0.0, 0.0]",COMPLETE
70,70,0.9193105846891062,2024-08-31 03:05:49.865904,2024-08-31 03:06:17.646439,0 days 00:00:27.780535,1,0.046151873851352714,2,35,0.001573311081627994,11,0.037053440449327665,0.932,0.9275,33,"[33, 33, 33, 33, 33, 33, 33, 33, 33, 33, 33, 33, 33, 33, 33, 33, 33, 33, 33, 33, 33, 33, 33, 33, 33, 33, 33, 33, 33, 33, 33, 33, 33, 33, 33]",33.0,"[33.0, 33.0, 32.96969696969697, 33.0, 33.0, 33.0, 32.96969696969697, 32.96969696969697, 32.96969696969697, 33.0, 33.0, 33.0, 33.0, 33.0, 33.0, 33.0, 33.0, 32.96969696969697, 32.96969696969697, 33.0, 32.96969696969697, 33.0, 32.96969696969697, 32.96969696969697, 33.0, 33.0, 32.93939393939394, 33.0, 33.0, 32.96969696969697, 32.96969696969697, 33.0, 33.0, 33.0, 33.0]",0.9045731883519513,0.9193105846891062,33,"[33, 33, 33, 33, 33, 33, 33, 33, 33, 33, 33, 33, 33, 33, 33, 33, 33, 33, 33, 33, 33, 33, 33, 33, 33, 33, 33, 33, 33, 33, 33, 33, 33, 33, 33]",35,"[0.37050116062164307, 0.35704711079597473, 0.34725552797317505, 0.3381085693836212, 0.3260318636894226, 0.31724801659584045, 0.3046781122684479, 0.2955523431301117, 0.28665444254875183, 0.28477752208709717, 0.2732984721660614, 0.268606036901474, 0.26370057463645935, 0.2576891779899597, 0.2557205855846405, 0.25287190079689026, 0.24752146005630493, 0.24376869201660156, 0.24152638018131256, 0.2418387085199356, 0.2346268892288208, 0.23263448476791382, 0.2314271330833435, 0.22794200479984283, 0.22900712490081787, 0.22405849397182465, 0.22181636095046997, 0.21925324201583862, 0.22110503911972046, 0.22058218717575073, 0.22273603081703186, 0.2150268405675888, 0.21519987285137177, 0.21474413573741913, 0.21425242722034454]",33.0,"[33.0, 33.0, 33.0, 33.0, 33.0, 33.0, 33.0, 33.0, 33.0, 33.0, 33.0, 33.0, 33.0, 33.0, 33.0, 33.0, 33.0, 33.0, 33.0, 33.0, 33.0, 33.0, 33.0, 33.0, 33.0, 33.0, 33.0, 33.0, 33.0, 33.0, 33.0, 33.0, 33.0, 33.0, 33.0]",COMPLETE
