,number,value,datetime_start,datetime_complete,duration,params_batch_size_scaler,params_constant_learning_rate,params_depth,params_epochs,params_kernel_l2,params_num_trees,params_temperature,user_attrs_accuracy_test,user_attrs_accuracy_valid,user_attrs_approximate_feature_sparsity,user_attrs_approximate_feature_sparsity_history,user_attrs_approximate_weight_sparsity,user_attrs_approximate_weight_sparsity_history,user_attrs_auc_test,user_attrs_auc_valid,user_attrs_feature_sparsity,user_attrs_feature_sparsity_history,user_attrs_num_epochs,user_attrs_val_loss_history,user_attrs_weight_sparsity,user_attrs_weight_sparsity_history,state
105,105,0.5,2024-08-31 04:44:10.948944,2024-08-31 04:44:52.536833,0 days 00:00:41.587889,16,2.959054854162708,2,400,0.13977508211698741,24,0.004722301482429001,0.859,0.85875,0,"[19, 1, 0, 0, 0, 0, 0, 0, 0, 0, 0, 0, 0, 0, 0, 0, 0, 0, 0, 0, 0, 0, 0, 0, 0, 0, 0, 0, 0, 0, 0, 0, 0, 0, 0, 0, 0, 0, 0, 0, 0, 0, 0, 0, 0, 0, 0, 0, 0, 0, 0, 0, 0, 0, 0, 0, 0, 0, 0, 0, 0, 0, 0, 0, 0, 0, 0, 0, 0, 0, 0, 0, 0, 0, 0, 0, 0, 0, 0, 0, 0, 0, 0, 0, 0, 0, 0, 0, 0, 0, 0, 0, 0, 0, 0, 0, 0, 0, 0, 0, 0, 0, 0, 0, 0, 0, 0, 0, 0, 0, 0, 0, 0, 0, 0, 0, 0, 0, 0, 0, 0, 0, 0, 0, 0, 0, 0, 0, 0, 0, 0, 0, 0, 0, 0, 0, 0, 0, 0, 0, 0, 0, 0, 0, 0, 0, 0, 0, 0, 0, 0, 0, 0, 0, 0, 0, 0, 0, 0, 0, 0, 0, 0, 0, 0, 0, 0, 0, 0, 0, 0, 0, 0, 0, 0, 0, 0, 0, 0, 0, 0, 0, 0, 0, 0, 0, 0, 0, 0, 0, 0, 0, 0, 0, 0, 0, 0, 0, 0, 0, 0, 0, 0, 0, 0, 0, 0, 0, 0, 0, 0, 0, 0, 0, 0, 0, 0, 0, 0, 0, 0, 0, 0, 0, 0, 0, 0, 0, 0, 0, 0, 0, 0, 0, 0, 0, 0, 0, 0, 0, 0, 0, 0, 0, 0, 0, 0, 0, 0, 0, 0, 0, 0, 0, 0, 0, 0, 0, 0, 0, 0, 0, 0, 0, 0, 0, 0, 0, 0, 0, 0, 0, 0, 0, 0, 0, 0, 0, 0, 0, 0, 0, 0, 0, 0, 0, 0, 0, 0, 0, 0, 0, 0, 0, 0, 0, 0, 0, 0, 0, 0, 0, 0, 0, 0, 0, 0, 0, 0, 0, 0, 0, 0, 0, 0, 0, 0, 0, 0, 0, 0, 0, 0, 0, 0, 0, 0, 0, 0, 0, 0, 0, 0, 0, 0, 0, 0, 0, 0, 0, 0, 0, 0, 0, 0, 0, 0, 0, 0, 0, 0, 0, 0, 0, 0, 0, 0, 0, 0, 0, 0, 0, 0, 0, 0, 0, 0, 0, 0, 0, 0, 0, 0, 0, 0, 0, 0, 0, 0, 0, 0, 0, 0, 0, 0, 0, 0, 0, 0, 0, 0, 0, 0, 0, 0, 0, 0, 0, 0, 0]",0.0,"[19.0, 1.0, 0.0, 0.0, 0.0, 0.0, 0.0, 0.0, 0.0, 0.0, 0.0, 0.0, 0.0, 0.0, 0.0, 0.0, 0.0, 0.0, 0.0, 0.0, 0.0, 0.0, 0.0, 0.0, 0.0, 0.0, 0.0, 0.0, 0.0, 0.0, 0.0, 0.0, 0.0, 0.0, 0.0, 0.0, 0.0, 0.0, 0.0, 0.0, 0.0, 0.0, 0.0, 0.0, 0.0, 0.0, 0.0, 0.0, 0.0, 0.0, 0.0, 0.0, 0.0, 0.0, 0.0, 0.0, 0.0, 0.0, 0.0, 0.0, 0.0, 0.0, 0.0, 0.0, 0.0, 0.0, 0.0, 0.0, 0.0, 0.0, 0.0, 0.0, 0.0, 0.0, 0.0, 0.0, 0.0, 0.0, 0.0, 0.0, 0.0, 0.0, 0.0, 0.0, 0.0, 0.0, 0.0, 0.0, 0.0, 0.0, 0.0, 0.0, 0.0, 0.0, 0.0, 0.0, 0.0, 0.0, 0.0, 0.0, 0.0, 0.0, 0.0, 0.0, 0.0, 0.0, 0.0, 0.0, 0.0, 0.0, 0.0, 0.0, 0.0, 0.0, 0.0, 0.0, 0.0, 0.0, 0.0, 0.0, 0.0, 0.0, 0.0, 0.0, 0.0, 0.0, 0.0, 0.0, 0.0, 0.0, 0.0, 0.0, 0.0, 0.0, 0.0, 0.0, 0.0, 0.0, 0.0, 0.0, 0.0, 0.0, 0.0, 0.0, 0.0, 0.0, 0.0, 0.0, 0.0, 0.0, 0.0, 0.0, 0.0, 0.0, 0.0, 0.0, 0.0, 0.0, 0.0, 0.0, 0.0, 0.0, 0.0, 0.0, 0.0, 0.0, 0.0, 0.0, 0.0, 0.0, 0.0, 0.0, 0.0, 0.0, 0.0, 0.0, 0.0, 0.0, 0.0, 0.0, 0.0, 0.0, 0.0, 0.0, 0.0, 0.0, 0.0, 0.0, 0.0, 0.0, 0.0, 0.0, 0.0, 0.0, 0.0, 0.0, 0.0, 0.0, 0.0, 0.0, 0.0, 0.0, 0.0, 0.0, 0.0, 0.0, 0.0, 0.0, 0.0, 0.0, 0.0, 0.0, 0.0, 0.0, 0.0, 0.0, 0.0, 0.0, 0.0, 0.0, 0.0, 0.0, 0.0, 0.0, 0.0, 0.0, 0.0, 0.0, 0.0, 0.0, 0.0, 0.0, 0.0, 0.0, 0.0, 0.0, 0.0, 0.0, 0.0, 0.0, 0.0, 0.0, 0.0, 0.0, 0.0, 0.0, 0.0, 0.0, 0.0, 0.0, 0.0, 0.0, 0.0, 0.0, 0.0, 0.0, 0.0, 0.0, 0.0, 0.0, 0.0, 0.0, 0.0, 0.0, 0.0, 0.0, 0.0, 0.0, 0.0, 0.0, 0.0, 0.0, 0.0, 0.0, 0.0, 0.0, 0.0, 0.0, 0.0, 0.0, 0.0, 0.0, 0.0, 0.0, 0.0, 0.0, 0.0, 0.0, 0.0, 0.0, 0.0, 0.0, 0.0, 0.0, 0.0, 0.0, 0.0, 0.0, 0.0, 0.0, 0.0, 0.0, 0.0, 0.0, 0.0, 0.0, 0.0, 0.0, 0.0, 0.0, 0.0, 0.0, 0.0, 0.0, 0.0, 0.0, 0.0, 0.0, 0.0, 0.0, 0.0, 0.0, 0.0, 0.0, 0.0, 0.0, 0.0, 0.0, 0.0, 0.0, 0.0, 0.0, 0.0, 0.0, 0.0, 0.0, 0.0, 0.0, 0.0, 0.0, 0.0, 0.0, 0.0, 0.0, 0.0, 0.0, 0.0, 0.0, 0.0, 0.0, 0.0, 0.0, 0.0, 0.0, 0.0, 0.0, 0.0, 0.0, 0.0, 0.0, 0.0, 0.0, 0.0, 0.0, 0.0, 0.0, 0.0, 0.0, 0.0, 0.0, 0.0, 0.0, 0.0, 0.0, 0.0, 0.0, 0.0, 0.0, 0.0, 0.0, 0.0, 0.0, 0.0, 0.0, 0.0, 0.0, 0.0, 0.0, 0.0, 0.0, 0.0, 0.0, 0.0, 0.0, 0.0, 0.0, 0.0, 0.0, 0.0, 0.0]",0.5,0.5,0,"[19, 1, 0, 0, 0, 0, 0, 0, 0, 0, 0, 0, 0, 0, 0, 0, 0, 0, 0, 0, 0, 0, 0, 0, 0, 0, 0, 0, 0, 0, 0, 0, 0, 0, 0, 0, 0, 0, 0, 0, 0, 0, 0, 0, 0, 0, 0, 0, 0, 0, 0, 0, 0, 0, 0, 0, 0, 0, 0, 0, 0, 0, 0, 0, 0, 0, 0, 0, 0, 0, 0, 0, 0, 0, 0, 0, 0, 0, 0, 0, 0, 0, 0, 0, 0, 0, 0, 0, 0, 0, 0, 0, 0, 0, 0, 0, 0, 0, 0, 0, 0, 0, 0, 0, 0, 0, 0, 0, 0, 0, 0, 0, 0, 0, 0, 0, 0, 0, 0, 0, 0, 0, 0, 0, 0, 0, 0, 0, 0, 0, 0, 0, 0, 0, 0, 0, 0, 0, 0, 0, 0, 0, 0, 0, 0, 0, 0, 0, 0, 0, 0, 0, 0, 0, 0, 0, 0, 0, 0, 0, 0, 0, 0, 0, 0, 0, 0, 0, 0, 0, 0, 0, 0, 0, 0, 0, 0, 0, 0, 0, 0, 0, 0, 0, 0, 0, 0, 0, 0, 0, 0, 0, 0, 0, 0, 0, 0, 0, 0, 0, 0, 0, 0, 0, 0, 0, 0, 0, 0, 0, 0, 0, 0, 0, 0, 0, 0, 0, 0, 0, 0, 0, 0, 0, 0, 0, 0, 0, 0, 0, 0, 0, 0, 0, 0, 0, 0, 0, 0, 0, 0, 0, 0, 0, 0, 0, 0, 0, 0, 0, 0, 0, 0, 0, 0, 0, 0, 0, 0, 0, 0, 0, 0, 0, 0, 0, 0, 0, 0, 0, 0, 0, 0, 0, 0, 0, 0, 0, 0, 0, 0, 0, 0, 0, 0, 0, 0, 0, 0, 0, 0, 0, 0, 0, 0, 0, 0, 0, 0, 0, 0, 0, 0, 0, 0, 0, 0, 0, 0, 0, 0, 0, 0, 0, 0, 0, 0, 0, 0, 0, 0, 0, 0, 0, 0, 0, 0, 0, 0, 0, 0, 0, 0, 0, 0, 0, 0, 0, 0, 0, 0, 0, 0, 0, 0, 0, 0, 0, 0, 0, 0, 0, 0, 0, 0, 0, 0, 0, 0, 0, 0, 0, 0, 0, 0, 0, 0, 0, 0, 0, 0, 0, 0, 0, 0, 0, 0, 0, 0, 0, 0, 0, 0, 0, 0, 0, 0, 0, 0, 0, 0, 0, 0, 0, 0, 0, 0, 0, 0, 0]",400,"[2.020202398300171, 1.9225685596466064, 0.7778642773628235, 1.210914969444275, 2.2602977752685547, 1.116368055343628, 1.0840601921081543, 0.41030460596084595, 0.7836360931396484, 0.704850971698761, 0.4128078818321228, 0.4552574157714844, 0.5131243467330933, 0.9786222577095032, 0.6691601276397705, 2.1737382411956787, 2.4492883682250977, 0.4889034032821655, 1.6051020622253418, 0.6025522351264954, 2.1309757232666016, 2.843127727508545, 2.033947229385376, 0.6054461002349854, 0.5182088017463684, 0.7783434987068176, 0.8918879628181458, 1.0033529996871948, 0.9619696140289307, 1.5208227634429932, 0.42232877016067505, 0.5223506689071655, 1.481504201889038, 1.9297479391098022, 2.217548370361328, 2.3171591758728027, 2.1600899696350098, 0.9324763417243958, 0.4451577067375183, 1.5817935466766357, 1.0856964588165283, 0.48657238483428955, 1.945836067199707, 2.9992640018463135, 1.063385248184204, 0.9092532396316528, 1.5269370079040527, 0.5471086502075195, 1.7846227884292603, 1.3698410987854004, 2.656533718109131, 1.141039490699768, 0.4076518714427948, 0.45409369468688965, 0.5431994199752808, 0.725321352481842, 1.000892996788025, 1.8786197900772095, 0.5552029609680176, 0.6166048645973206, 3.673675537109375, 0.4306611120700836, 0.5401380658149719, 0.5137595534324646, 1.5345466136932373, 0.5840869545936584, 0.5472649931907654, 1.0086649656295776, 0.4181916117668152, 0.8760634064674377, 0.8198340535163879, 1.8184584379196167, 0.8016559481620789, 0.40741077065467834, 0.8256275653839111, 1.2515132427215576, 0.468210905790329, 0.46154990792274475, 0.4137808680534363, 1.4224793910980225, 1.0741747617721558, 0.6380608081817627, 1.7825191020965576, 0.5643811225891113, 1.9789423942565918, 1.707244873046875, 0.4080958962440491, 2.9516761302948, 0.8570803999900818, 1.4883297681808472, 0.5756231546401978, 1.350640892982483, 0.4417899250984192, 0.48728877305984497, 1.6479800939559937, 1.3187190294265747, 1.2783173322677612, 0.4171106815338135, 0.4193841516971588, 3.2522246837615967, 1.3458106517791748, 0.42547059059143066, 0.6137181520462036, 0.4853917956352234, 0.4755267798900604, 2.6336565017700195, 2.303337335586548, 0.4072527587413788, 0.43439048528671265, 0.5484079122543335, 0.5408937931060791, 0.41551512479782104, 0.6685110330581665, 0.550496518611908, 2.6282503604888916, 1.4208663702011108, 0.6193163990974426, 0.8320454955101013, 0.4289563000202179, 0.421957403421402, 0.44346410036087036, 0.7928212881088257, 0.663055956363678, 1.4362432956695557, 0.9724990129470825, 0.4231582283973694, 2.603689193725586, 0.42108699679374695, 0.556179940700531, 1.386540174484253, 1.0644900798797607, 0.5530447959899902, 0.4482768774032593, 1.5969806909561157, 0.45967909693717957, 2.586554527282715, 0.8229392170906067, 1.3067561388015747, 0.9675073027610779, 0.6873748898506165, 0.41518938541412354, 0.46323463320732117, 1.3684959411621094, 0.9860194325447083, 0.9966071844100952, 1.174961805343628, 0.8092056512832642, 0.6453782916069031, 0.4111483097076416, 2.5789623260498047, 0.6153256893157959, 1.692633867263794, 1.2339268922805786, 1.588921070098877, 1.7359411716461182, 0.6571974754333496, 0.6524494290351868, 0.799734890460968, 2.1382195949554443, 3.0614616870880127, 2.3288443088531494, 1.7402328252792358, 0.6466624736785889, 0.5223299264907837, 0.5568279027938843, 1.343833327293396, 1.052126407623291, 0.5689241886138916, 0.4770372807979584, 0.7969043850898743, 0.4233078062534332, 3.0853095054626465, 0.9450626969337463, 1.0308586359024048, 2.0323030948638916, 1.0095627307891846, 1.0892155170440674, 0.578274667263031, 0.5933464765548706, 2.9829518795013428, 0.40757206082344055, 0.8792880773544312, 2.062532901763916, 0.9095349907875061, 2.5385868549346924, 1.9346235990524292, 0.6367796659469604, 1.3298383951187134, 0.5586696267127991, 0.9225966930389404, 0.6054805517196655, 1.4012702703475952, 0.702381432056427, 1.5922223329544067, 2.1742472648620605, 0.4434441030025482, 0.4550248682498932, 1.6472532749176025, 0.6508146524429321, 0.8564013838768005, 0.8249667286872864, 0.4212445914745331, 0.9696258306503296, 0.9756017327308655, 0.7710707783699036, 0.4114797115325928, 0.5338289141654968, 0.6134708523750305, 0.5336942672729492, 0.6144989728927612, 0.4747089147567749, 1.6259115934371948, 1.8708178997039795, 0.41887596249580383, 3.1352651119232178, 0.5577743649482727, 3.027320623397827, 2.835331678390503, 0.7097480893135071, 1.429449439048767, 2.0962629318237305, 0.8904370069503784, 0.5983726978302002, 0.4134998023509979, 0.7681105732917786, 0.5347800254821777, 0.6455407738685608, 0.45210006833076477, 2.1195385456085205, 0.9020549058914185, 2.8297040462493896, 2.7843477725982666, 0.43719178438186646, 0.9873663187026978, 1.1551522016525269, 1.4275506734848022, 0.9297856092453003, 0.4302753806114197, 1.687340259552002, 3.377013921737671, 0.48761042952537537, 2.4540696144104004, 0.4360993504524231, 1.557588815689087, 1.576913595199585, 1.8069137334823608, 0.4332472085952759, 1.4312529563903809, 1.8873080015182495, 1.4311808347702026, 2.4000306129455566, 0.4076145887374878, 2.4200611114501953, 0.6172550320625305, 0.42842671275138855, 1.1597087383270264, 2.0152955055236816, 0.5111693739891052, 0.41312965750694275, 1.5358096361160278, 0.41700100898742676, 3.2557218074798584, 0.8414674401283264, 2.4738433361053467, 0.9118759036064148, 2.5695912837982178, 0.9019456505775452, 0.4351641833782196, 1.1069823503494263, 0.500032365322113, 2.3918933868408203, 0.4473210871219635, 0.9107524156570435, 2.0525097846984863, 1.2233327627182007, 0.6708618402481079, 0.7199723124504089, 1.45654296875, 0.850410521030426, 3.370614528656006, 0.40726974606513977, 1.946556568145752, 0.6954637169837952, 2.081498384475708, 1.740554928779602, 0.5680204033851624, 0.4123344421386719, 3.030425786972046, 0.41619789600372314, 1.5147045850753784, 2.362121343612671, 0.8686655163764954, 1.6267117261886597, 2.8183999061584473, 2.2539570331573486, 1.5657877922058105, 0.5274131894111633, 1.129114031791687, 1.468834638595581, 0.4489474594593048, 1.3612844944000244, 2.723484754562378, 2.429412364959717, 0.4085037112236023, 1.1224687099456787, 1.3914244174957275, 1.1678448915481567, 2.855556011199951, 1.5337709188461304, 0.43040740489959717, 0.4761173129081726, 1.0776170492172241, 0.823433518409729, 1.229963779449463, 0.5819585919380188, 2.0011446475982666, 0.8060455322265625, 0.9604312777519226, 1.858681321144104, 0.4078502953052521, 0.8101529479026794, 2.3044931888580322, 0.415435791015625, 0.8912512063980103, 0.7840945720672607, 0.9180437326431274, 2.6083693504333496, 1.4188475608825684, 0.40808209776878357, 1.1774535179138184, 1.1397795677185059, 1.186744213104248, 0.4096604585647583, 0.4405754506587982, 0.40818867087364197, 0.43010735511779785, 1.9742257595062256, 1.8607513904571533, 1.2150667905807495, 0.4302445352077484, 2.224414110183716, 0.8648719787597656, 0.6979056596755981, 2.5794711112976074, 1.5102232694625854, 1.5324653387069702, 2.8994531631469727, 2.29073166847229, 0.6732534170150757, 0.9547176957130432, 0.5195236802101135, 0.4471980929374695, 1.8424606323242188, 0.5614990592002869, 0.41655853390693665, 0.42598339915275574, 1.267545223236084, 0.6306577920913696, 2.7935009002685547, 2.503316879272461, 0.6751281023025513, 0.4217016100883484, 1.3839246034622192, 0.4950134754180908, 1.7404074668884277, 0.7659024000167847, 1.3647809028625488, 0.43623268604278564, 1.0365561246871948, 0.7041236162185669, 1.4513911008834839, 0.981008768081665, 0.41254669427871704, 0.8019819855690002, 0.578988254070282, 0.655915379524231, 0.8059967160224915, 1.9972891807556152, 0.5050678253173828, 0.9735137820243835, 1.1670222282409668, 0.4075682461261749, 0.5919285416603088, 1.4653793573379517, 1.2834196090698242, 0.7477864623069763, 0.5687010288238525, 0.4421766698360443, 1.1169824600219727, 1.7906640768051147, 0.8345820903778076, 1.4348324537277222, 0.9095126986503601, 0.9062663912773132, 0.9266989231109619, 1.2622580528259277, 1.4331759214401245, 1.690781593322754, 0.40972670912742615, 0.4072326421737671]",0.0,"[19.0, 1.0, 0.0, 0.0, 0.0, 0.0, 0.0, 0.0, 0.0, 0.0, 0.0, 0.0, 0.0, 0.0, 0.0, 0.0, 0.0, 0.0, 0.0, 0.0, 0.0, 0.0, 0.0, 0.0, 0.0, 0.0, 0.0, 0.0, 0.0, 0.0, 0.0, 0.0, 0.0, 0.0, 0.0, 0.0, 0.0, 0.0, 0.0, 0.0, 0.0, 0.0, 0.0, 0.0, 0.0, 0.0, 0.0, 0.0, 0.0, 0.0, 0.0, 0.0, 0.0, 0.0, 0.0, 0.0, 0.0, 0.0, 0.0, 0.0, 0.0, 0.0, 0.0, 0.0, 0.0, 0.0, 0.0, 0.0, 0.0, 0.0, 0.0, 0.0, 0.0, 0.0, 0.0, 0.0, 0.0, 0.0, 0.0, 0.0, 0.0, 0.0, 0.0, 0.0, 0.0, 0.0, 0.0, 0.0, 0.0, 0.0, 0.0, 0.0, 0.0, 0.0, 0.0, 0.0, 0.0, 0.0, 0.0, 0.0, 0.0, 0.0, 0.0, 0.0, 0.0, 0.0, 0.0, 0.0, 0.0, 0.0, 0.0, 0.0, 0.0, 0.0, 0.0, 0.0, 0.0, 0.0, 0.0, 0.0, 0.0, 0.0, 0.0, 0.0, 0.0, 0.0, 0.0, 0.0, 0.0, 0.0, 0.0, 0.0, 0.0, 0.0, 0.0, 0.0, 0.0, 0.0, 0.0, 0.0, 0.0, 0.0, 0.0, 0.0, 0.0, 0.0, 0.0, 0.0, 0.0, 0.0, 0.0, 0.0, 0.0, 0.0, 0.0, 0.0, 0.0, 0.0, 0.0, 0.0, 0.0, 0.0, 0.0, 0.0, 0.0, 0.0, 0.0, 0.0, 0.0, 0.0, 0.0, 0.0, 0.0, 0.0, 0.0, 0.0, 0.0, 0.0, 0.0, 0.0, 0.0, 0.0, 0.0, 0.0, 0.0, 0.0, 0.0, 0.0, 0.0, 0.0, 0.0, 0.0, 0.0, 0.0, 0.0, 0.0, 0.0, 0.0, 0.0, 0.0, 0.0, 0.0, 0.0, 0.0, 0.0, 0.0, 0.0, 0.0, 0.0, 0.0, 0.0, 0.0, 0.0, 0.0, 0.0, 0.0, 0.0, 0.0, 0.0, 0.0, 0.0, 0.0, 0.0, 0.0, 0.0, 0.0, 0.0, 0.0, 0.0, 0.0, 0.0, 0.0, 0.0, 0.0, 0.0, 0.0, 0.0, 0.0, 0.0, 0.0, 0.0, 0.0, 0.0, 0.0, 0.0, 0.0, 0.0, 0.0, 0.0, 0.0, 0.0, 0.0, 0.0, 0.0, 0.0, 0.0, 0.0, 0.0, 0.0, 0.0, 0.0, 0.0, 0.0, 0.0, 0.0, 0.0, 0.0, 0.0, 0.0, 0.0, 0.0, 0.0, 0.0, 0.0, 0.0, 0.0, 0.0, 0.0, 0.0, 0.0, 0.0, 0.0, 0.0, 0.0, 0.0, 0.0, 0.0, 0.0, 0.0, 0.0, 0.0, 0.0, 0.0, 0.0, 0.0, 0.0, 0.0, 0.0, 0.0, 0.0, 0.0, 0.0, 0.0, 0.0, 0.0, 0.0, 0.0, 0.0, 0.0, 0.0, 0.0, 0.0, 0.0, 0.0, 0.0, 0.0, 0.0, 0.0, 0.0, 0.0, 0.0, 0.0, 0.0, 0.0, 0.0, 0.0, 0.0, 0.0, 0.0, 0.0, 0.0, 0.0, 0.0, 0.0, 0.0, 0.0, 0.0, 0.0, 0.0, 0.0, 0.0, 0.0, 0.0, 0.0, 0.0, 0.0, 0.0, 0.0, 0.0, 0.0, 0.0, 0.0, 0.0, 0.0, 0.0, 0.0, 0.0, 0.0, 0.0, 0.0, 0.0, 0.0, 0.0, 0.0, 0.0, 0.0, 0.0, 0.0, 0.0, 0.0, 0.0, 0.0, 0.0, 0.0, 0.0, 0.0, 0.0, 0.0, 0.0, 0.0, 0.0, 0.0, 0.0, 0.0, 0.0, 0.0, 0.0, 0.0, 0.0, 0.0, 0.0, 0.0, 0.0, 0.0, 0.0, 0.0, 0.0, 0.0, 0.0, 0.0]",COMPLETE
