,number,value,datetime_start,datetime_complete,duration,params_batch_size_scaler,params_constant_learning_rate,params_depth,params_epochs,params_kernel_l2,params_num_trees,params_temperature,user_attrs_accuracy_test,user_attrs_accuracy_valid,user_attrs_approximate_feature_sparsity,user_attrs_approximate_feature_sparsity_history,user_attrs_approximate_weight_sparsity,user_attrs_approximate_weight_sparsity_history,user_attrs_auc_test,user_attrs_auc_valid,user_attrs_feature_sparsity,user_attrs_feature_sparsity_history,user_attrs_num_epochs,user_attrs_val_loss_history,user_attrs_weight_sparsity,user_attrs_weight_sparsity_history,state
151,151,0.5,2024-08-31 06:40:27.421052,2024-08-31 06:42:04.632977,0 days 00:01:37.211925,64,2.0691529866923672,5,395,0.008949125359935532,42,0.08665841074398307,0.859,0.85875,0,"[0, 0, 0, 0, 0, 0, 0, 0, 0, 0, 0, 0, 0, 0, 0, 0, 0, 0, 0, 0, 0, 0, 0, 0, 0, 0, 0, 0, 0, 0, 0, 0, 0, 0, 0, 0, 0, 0, 0, 0, 0, 0, 0, 0, 0, 0, 0, 0, 0, 0, 0, 0, 0, 0, 0, 0, 0, 0, 0, 0, 0, 0, 0, 0, 0, 0, 0, 0, 0, 0, 0, 0, 0, 0, 0, 0, 0, 0, 0, 0, 0, 0, 0, 0, 0, 0, 0, 0, 0, 0, 0, 0, 0, 0, 0, 0, 0, 0, 0, 0, 0, 0, 0, 0, 0, 0, 0, 0, 0, 0, 0, 0, 0, 0, 0, 0, 0, 0, 0, 0, 0, 0, 0, 0, 0, 0, 0, 0, 0, 0, 0, 0, 0, 0, 0, 0, 0, 0, 0, 0, 0, 0, 0, 0, 0, 0, 0, 0, 0, 0, 0, 0, 0, 0, 0, 0, 0, 0, 0, 0, 0, 0, 0, 0, 0, 0, 0, 0, 0, 0, 0, 0, 0, 0, 0, 0, 0, 0, 0, 0, 0, 0, 0, 0, 0, 0, 0, 0, 0, 0, 0, 0, 0, 0, 0, 0, 0, 0, 0, 0, 0, 0, 0, 0, 0, 0, 0, 0, 0, 0, 0, 0, 0, 0, 0, 0, 0, 0, 0, 0, 0, 0, 0, 0, 0, 0, 0, 0, 0, 0, 0, 0, 0, 0, 0, 0, 0, 0, 0, 0, 0, 0, 0, 0, 0, 0, 0, 0, 0, 0, 0, 0, 0, 0, 0, 0, 0, 0, 0, 0, 0, 0, 0, 0, 0, 0, 0, 0, 0, 0, 0, 0, 0, 0, 0, 0, 0, 0, 0, 0, 0, 0, 0, 0, 0, 0, 0, 0, 0, 0, 0, 0, 0, 0, 0, 0, 0, 0, 0, 0, 0, 0, 0, 0, 0, 0, 0, 0, 0, 0, 0, 0, 0, 0, 0, 0, 0, 0, 0, 0, 0, 0, 0, 0, 0, 0, 0, 0, 0, 0, 0, 0, 0, 0, 0, 0, 0, 0, 0, 0, 0, 0, 0, 0, 0, 0, 0, 0, 0, 0, 0, 0, 0, 0, 0, 0, 0, 0, 0, 0, 0, 0, 0, 0, 0, 0, 0, 0, 0, 0, 0, 0, 0, 0, 0, 0, 0, 0, 0, 0, 0, 0, 0, 0, 0, 0, 0, 0, 0, 0, 0, 0, 0, 0, 0]",0.0,"[0.0, 0.0, 0.0, 0.0, 0.0, 0.0, 0.0, 0.0, 0.0, 0.0, 0.0, 0.0, 0.0, 0.0, 0.0, 0.0, 0.0, 0.0, 0.0, 0.0, 0.0, 0.0, 0.0, 0.0, 0.0, 0.0, 0.0, 0.0, 0.0, 0.0, 0.0, 0.0, 0.0, 0.0, 0.0, 0.0, 0.0, 0.0, 0.0, 0.0, 0.0, 0.0, 0.0, 0.0, 0.0, 0.0, 0.0, 0.0, 0.0, 0.0, 0.0, 0.0, 0.0, 0.0, 0.0, 0.0, 0.0, 0.0, 0.0, 0.0, 0.0, 0.0, 0.0, 0.0, 0.0, 0.0, 0.0, 0.0, 0.0, 0.0, 0.0, 0.0, 0.0, 0.0, 0.0, 0.0, 0.0, 0.0, 0.0, 0.0, 0.0, 0.0, 0.0, 0.0, 0.0, 0.0, 0.0, 0.0, 0.0, 0.0, 0.0, 0.0, 0.0, 0.0, 0.0, 0.0, 0.0, 0.0, 0.0, 0.0, 0.0, 0.0, 0.0, 0.0, 0.0, 0.0, 0.0, 0.0, 0.0, 0.0, 0.0, 0.0, 0.0, 0.0, 0.0, 0.0, 0.0, 0.0, 0.0, 0.0, 0.0, 0.0, 0.0, 0.0, 0.0, 0.0, 0.0, 0.0, 0.0, 0.0, 0.0, 0.0, 0.0, 0.0, 0.0, 0.0, 0.0, 0.0, 0.0, 0.0, 0.0, 0.0, 0.0, 0.0, 0.0, 0.0, 0.0, 0.0, 0.0, 0.0, 0.0, 0.0, 0.0, 0.0, 0.0, 0.0, 0.0, 0.0, 0.0, 0.0, 0.0, 0.0, 0.0, 0.0, 0.0, 0.0, 0.0, 0.0, 0.0, 0.0, 0.0, 0.0, 0.0, 0.0, 0.0, 0.0, 0.0, 0.0, 0.0, 0.0, 0.0, 0.0, 0.0, 0.0, 0.0, 0.0, 0.0, 0.0, 0.0, 0.0, 0.0, 0.0, 0.0, 0.0, 0.0, 0.0, 0.0, 0.0, 0.0, 0.0, 0.0, 0.0, 0.0, 0.0, 0.0, 0.0, 0.0, 0.0, 0.0, 0.0, 0.0, 0.0, 0.0, 0.0, 0.0, 0.0, 0.0, 0.0, 0.0, 0.0, 0.0, 0.0, 0.0, 0.0, 0.0, 0.0, 0.0, 0.0, 0.0, 0.0, 0.0, 0.0, 0.0, 0.0, 0.0, 0.0, 0.0, 0.0, 0.0, 0.0, 0.0, 0.0, 0.0, 0.0, 0.0, 0.0, 0.0, 0.0, 0.0, 0.0, 0.0, 0.0, 0.0, 0.0, 0.0, 0.0, 0.0, 0.0, 0.0, 0.0, 0.0, 0.0, 0.0, 0.0, 0.0, 0.0, 0.0, 0.0, 0.0, 0.0, 0.0, 0.0, 0.0, 0.0, 0.0, 0.0, 0.0, 0.0, 0.0, 0.0, 0.0, 0.0, 0.0, 0.0, 0.0, 0.0, 0.0, 0.0, 0.0, 0.0, 0.0, 0.0, 0.0, 0.0, 0.0, 0.0, 0.0, 0.0, 0.0, 0.0, 0.0, 0.0, 0.0, 0.0, 0.0, 0.0, 0.0, 0.0, 0.0, 0.0, 0.0, 0.0, 0.0, 0.0, 0.0, 0.0, 0.0, 0.0, 0.0, 0.0, 0.0, 0.0, 0.0, 0.0, 0.0, 0.0, 0.0, 0.0, 0.0, 0.0, 0.0, 0.0, 0.0, 0.0, 0.0, 0.0, 0.0, 0.0, 0.0, 0.0, 0.0, 0.0, 0.0, 0.0, 0.0, 0.0, 0.0, 0.0, 0.0, 0.0, 0.0, 0.0, 0.0, 0.0, 0.0, 0.0, 0.0, 0.0, 0.0, 0.0, 0.0, 0.0, 0.0, 0.0, 0.0, 0.0, 0.0, 0.0, 0.0, 0.0, 0.0, 0.0, 0.0, 0.0, 0.0, 0.0, 0.0, 0.0, 0.0, 0.0, 0.0, 0.0, 0.0, 0.0, 0.0, 0.0, 0.0, 0.0, 0.0, 0.0, 0.0, 0.0, 0.0, 0.0, 0.0]",0.5,0.5,0,"[0, 0, 0, 0, 0, 0, 0, 0, 0, 0, 0, 0, 0, 0, 0, 0, 0, 0, 0, 0, 0, 0, 0, 0, 0, 0, 0, 0, 0, 0, 0, 0, 0, 0, 0, 0, 0, 0, 0, 0, 0, 0, 0, 0, 0, 0, 0, 0, 0, 0, 0, 0, 0, 0, 0, 0, 0, 0, 0, 0, 0, 0, 0, 0, 0, 0, 0, 0, 0, 0, 0, 0, 0, 0, 0, 0, 0, 0, 0, 0, 0, 0, 0, 0, 0, 0, 0, 0, 0, 0, 0, 0, 0, 0, 0, 0, 0, 0, 0, 0, 0, 0, 0, 0, 0, 0, 0, 0, 0, 0, 0, 0, 0, 0, 0, 0, 0, 0, 0, 0, 0, 0, 0, 0, 0, 0, 0, 0, 0, 0, 0, 0, 0, 0, 0, 0, 0, 0, 0, 0, 0, 0, 0, 0, 0, 0, 0, 0, 0, 0, 0, 0, 0, 0, 0, 0, 0, 0, 0, 0, 0, 0, 0, 0, 0, 0, 0, 0, 0, 0, 0, 0, 0, 0, 0, 0, 0, 0, 0, 0, 0, 0, 0, 0, 0, 0, 0, 0, 0, 0, 0, 0, 0, 0, 0, 0, 0, 0, 0, 0, 0, 0, 0, 0, 0, 0, 0, 0, 0, 0, 0, 0, 0, 0, 0, 0, 0, 0, 0, 0, 0, 0, 0, 0, 0, 0, 0, 0, 0, 0, 0, 0, 0, 0, 0, 0, 0, 0, 0, 0, 0, 0, 0, 0, 0, 0, 0, 0, 0, 0, 0, 0, 0, 0, 0, 0, 0, 0, 0, 0, 0, 0, 0, 0, 0, 0, 0, 0, 0, 0, 0, 0, 0, 0, 0, 0, 0, 0, 0, 0, 0, 0, 0, 0, 0, 0, 0, 0, 0, 0, 0, 0, 0, 0, 0, 0, 0, 0, 0, 0, 0, 0, 0, 0, 0, 0, 0, 0, 0, 0, 0, 0, 0, 0, 0, 0, 0, 0, 0, 0, 0, 0, 0, 0, 0, 0, 0, 0, 0, 0, 0, 0, 0, 0, 0, 0, 0, 0, 0, 0, 0, 0, 0, 0, 0, 0, 0, 0, 0, 0, 0, 0, 0, 0, 0, 0, 0, 0, 0, 0, 0, 0, 0, 0, 0, 0, 0, 0, 0, 0, 0, 0, 0, 0, 0, 0, 0, 0, 0, 0, 0, 0, 0, 0, 0, 0, 0, 0, 0, 0, 0, 0, 0, 0, 0]",395,"[0.40876734256744385, 0.41035035252571106, 0.40990009903907776, 0.40900254249572754, 0.4073629677295685, 0.4081159830093384, 0.40735161304473877, 0.4111505150794983, 0.40723708271980286, 0.4079531729221344, 0.4126293659210205, 0.40885716676712036, 0.41170257329940796, 0.4072515070438385, 0.4076741933822632, 0.40822410583496094, 0.4078856408596039, 0.4073159098625183, 0.40809088945388794, 0.4097820222377777, 0.4110853970050812, 0.4072795808315277, 0.408095121383667, 0.40776780247688293, 0.41261833906173706, 0.4083215296268463, 0.4088924825191498, 0.4074484705924988, 0.4073076546192169, 0.4089071750640869, 0.408008337020874, 0.40821778774261475, 0.4073120057582855, 0.4072403609752655, 0.40844032168388367, 0.4072454869747162, 0.4072262942790985, 0.4075728952884674, 0.40897369384765625, 0.40773826837539673, 0.4080751836299896, 0.40744444727897644, 0.40723052620887756, 0.408089280128479, 0.4076021611690521, 0.40722620487213135, 0.4072345793247223, 0.4082592725753784, 0.40766647458076477, 0.4074445366859436, 0.4076651632785797, 0.4073912501335144, 0.4093746840953827, 0.4075186252593994, 0.40811651945114136, 0.4076734781265259, 0.41399943828582764, 0.40763938426971436, 0.4083526134490967, 0.40739724040031433, 0.4076491594314575, 0.4072282314300537, 0.4072798788547516, 0.40832024812698364, 0.4073849022388458, 0.41173186898231506, 0.40722769498825073, 0.4072325825691223, 0.4078671336174011, 0.410514235496521, 0.40779808163642883, 0.4112066328525543, 0.4072619676589966, 0.40729472041130066, 0.40763336420059204, 0.4076465964317322, 0.4072282314300537, 0.40774956345558167, 0.40723446011543274, 0.41188231110572815, 0.40746569633483887, 0.4114840030670166, 0.4094218313694, 0.4073072373867035, 0.40779754519462585, 0.40773990750312805, 0.4093094766139984, 0.407408207654953, 0.407247930765152, 0.41757720708847046, 0.4082837700843811, 0.41354838013648987, 0.4076474905014038, 0.407227098941803, 0.4091804623603821, 0.41140487790107727, 0.40852153301239014, 0.4092300534248352, 0.40737780928611755, 0.40828073024749756, 0.4088708460330963, 0.4113835394382477, 0.41112831234931946, 0.4083108603954315, 0.40874236822128296, 0.40729349851608276, 0.41072455048561096, 0.40723368525505066, 0.40806350111961365, 0.4077626168727875, 0.41047823429107666, 0.4095146059989929, 0.40833866596221924, 0.41046226024627686, 0.40838128328323364, 0.40796029567718506, 0.4099943935871124, 0.4073196351528168, 0.40725257992744446, 0.408026784658432, 0.4072839319705963, 0.40722617506980896, 0.4077916741371155, 0.40897461771965027, 0.408304363489151, 0.40790998935699463, 0.40804994106292725, 0.40769660472869873, 0.40760090947151184, 0.41224271059036255, 0.4076710641384125, 0.4085294306278229, 0.4083109200000763, 0.4073345959186554, 0.4076400697231293, 0.40739914774894714, 0.40729886293411255, 0.40916022658348083, 0.4078328013420105, 0.40729522705078125, 0.4072730243206024, 0.41542160511016846, 0.41351059079170227, 0.4073564112186432, 0.41075652837753296, 0.4127751886844635, 0.4073803424835205, 0.40807029604911804, 0.4100653827190399, 0.429787278175354, 0.40770506858825684, 0.40764546394348145, 0.40776318311691284, 0.40843790769577026, 0.4072272777557373, 0.4093669652938843, 0.4074210226535797, 0.4107932150363922, 0.4074058532714844, 0.40803033113479614, 0.407429963350296, 0.40723106265068054, 0.40736666321754456, 0.40918347239494324, 0.4105186462402344, 0.40788495540618896, 0.40896180272102356, 0.4072705805301666, 0.40725165605545044, 0.40840208530426025, 0.4089350998401642, 0.41929927468299866, 0.4073230028152466, 0.4134938418865204, 0.40746474266052246, 0.4076795279979706, 0.4074037969112396, 0.40941542387008667, 0.40877822041511536, 0.40774959325790405, 0.409610778093338, 0.40819862484931946, 0.4080965518951416, 0.40749117732048035, 0.4078221023082733, 0.4073004126548767, 0.40846192836761475, 0.4117130935192108, 0.40945157408714294, 0.4077709913253784, 0.40803977847099304, 0.40831276774406433, 0.41122516989707947, 0.4073861837387085, 0.40907394886016846, 0.40766412019729614, 0.4138251543045044, 0.40734022855758667, 0.4077368974685669, 0.41186973452568054, 0.40775009989738464, 0.4073942303657532, 0.4102441072463989, 0.40920960903167725, 0.4074520766735077, 0.40728482604026794, 0.4074132442474365, 0.4079124927520752, 0.4078048765659332, 0.4107760190963745, 0.40744471549987793, 0.4075152575969696, 0.41024062037467957, 0.41284653544425964, 0.40791046619415283, 0.40787720680236816, 0.4079313576221466, 0.4096531569957733, 0.40777260065078735, 0.4074035882949829, 0.40757980942726135, 0.4102484881877899, 0.41037222743034363, 0.4073013961315155, 0.4098583161830902, 0.40749800205230713, 0.4084938168525696, 0.41606849431991577, 0.40900880098342896, 0.4073532521724701, 0.41046759486198425, 0.40732017159461975, 0.4072369337081909, 0.4101947546005249, 0.4077718257904053, 0.40772178769111633, 0.4091361165046692, 0.408212274312973, 0.4115145802497864, 0.4076603055000305, 0.41018831729888916, 0.417087584733963, 0.4073483943939209, 0.4072330594062805, 0.408153235912323, 0.41016778349876404, 0.40817245841026306, 0.4077993333339691, 0.41028380393981934, 0.4148982763290405, 0.4092188775539398, 0.40876907110214233, 0.40785056352615356, 0.41274645924568176, 0.407236248254776, 0.4072262942790985, 0.41319897770881653, 0.4092591106891632, 0.40892136096954346, 0.4089353680610657, 0.4077033996582031, 0.4129811227321625, 0.40729954838752747, 0.41159698367118835, 0.4091922640800476, 0.4108830988407135, 0.4088720977306366, 0.40759050846099854, 0.41343945264816284, 0.42857903242111206, 0.4072497487068176, 0.4084552824497223, 0.4072476923465729, 0.40735384821891785, 0.4077204167842865, 0.4077809154987335, 0.41305747628211975, 0.4120723307132721, 0.41226670145988464, 0.4092434048652649, 0.40829411149024963, 0.41042858362197876, 0.4084272086620331, 0.4078099727630615, 0.40722641348838806, 0.4089795649051666, 0.4103904664516449, 0.4073325991630554, 0.41109251976013184, 0.4103280305862427, 0.41090819239616394, 0.4073229134082794, 0.40732818841934204, 0.4091040790081024, 0.40848541259765625, 0.40781351923942566, 0.4102841913700104, 0.40722617506980896, 0.4074733853340149, 0.4097179174423218, 0.41003212332725525, 0.4072265326976776, 0.40913787484169006, 0.4091268479824066, 0.4103865325450897, 0.41021832823753357, 0.4076380431652069, 0.4076438546180725, 0.41352853178977966, 0.4072292447090149, 0.40915942192077637, 0.4072757661342621, 0.4073042571544647, 0.40738585591316223, 0.40778228640556335, 0.4083729684352875, 0.40723732113838196, 0.4157511591911316, 0.40723785758018494, 0.40746593475341797, 0.40937507152557373, 0.4091638922691345, 0.4106820225715637, 0.4075353145599365, 0.4082288444042206, 0.4174032211303711, 0.4110599756240845, 0.4073950946331024, 0.40804213285446167, 0.40723365545272827, 0.4073677957057953, 0.40829163789749146, 0.4093135893344879, 0.4072471559047699, 0.40841197967529297, 0.4162640869617462, 0.4081306457519531, 0.40753525495529175, 0.4083070456981659, 0.40926527976989746, 0.40723884105682373, 0.4080889821052551, 0.40770065784454346, 0.4100476801395416, 0.4075513780117035, 0.4073009192943573, 0.41558030247688293, 0.4072263240814209, 0.4079309105873108, 0.4109359681606293, 0.40768176317214966, 0.4157322645187378, 0.4078214764595032, 0.40900641679763794, 0.40916556119918823, 0.40774017572402954, 0.41322872042655945, 0.40821564197540283, 0.40806901454925537, 0.40989112854003906, 0.4088013172149658, 0.40795642137527466, 0.40836307406425476, 0.4075687825679779, 0.4085298776626587, 0.4082392752170563, 0.4075370132923126, 0.40864017605781555, 0.40739646553993225, 0.4093382954597473, 0.40746009349823, 0.4101085662841797, 0.4072315990924835, 0.4076634645462036, 0.40985602140426636, 0.4073448181152344, 0.40903186798095703, 0.40756577253341675, 0.4193429946899414, 0.407738596200943, 0.40817680954933167, 0.4072684049606323, 0.4077814519405365, 0.40722721815109253, 0.41041141748428345, 0.40776824951171875, 0.40746161341667175, 0.40794333815574646, 0.4072299897670746, 0.40722984075546265, 0.4072287678718567, 0.4103352427482605, 0.40969300270080566, 0.4076879918575287, 0.411062628030777]",0.0,"[0.0, 0.0, 0.0, 0.0, 0.0, 0.0, 0.0, 0.0, 0.0, 0.0, 0.0, 0.0, 0.0, 0.0, 0.0, 0.0, 0.0, 0.0, 0.0, 0.0, 0.0, 0.0, 0.0, 0.0, 0.0, 0.0, 0.0, 0.0, 0.0, 0.0, 0.0, 0.0, 0.0, 0.0, 0.0, 0.0, 0.0, 0.0, 0.0, 0.0, 0.0, 0.0, 0.0, 0.0, 0.0, 0.0, 0.0, 0.0, 0.0, 0.0, 0.0, 0.0, 0.0, 0.0, 0.0, 0.0, 0.0, 0.0, 0.0, 0.0, 0.0, 0.0, 0.0, 0.0, 0.0, 0.0, 0.0, 0.0, 0.0, 0.0, 0.0, 0.0, 0.0, 0.0, 0.0, 0.0, 0.0, 0.0, 0.0, 0.0, 0.0, 0.0, 0.0, 0.0, 0.0, 0.0, 0.0, 0.0, 0.0, 0.0, 0.0, 0.0, 0.0, 0.0, 0.0, 0.0, 0.0, 0.0, 0.0, 0.0, 0.0, 0.0, 0.0, 0.0, 0.0, 0.0, 0.0, 0.0, 0.0, 0.0, 0.0, 0.0, 0.0, 0.0, 0.0, 0.0, 0.0, 0.0, 0.0, 0.0, 0.0, 0.0, 0.0, 0.0, 0.0, 0.0, 0.0, 0.0, 0.0, 0.0, 0.0, 0.0, 0.0, 0.0, 0.0, 0.0, 0.0, 0.0, 0.0, 0.0, 0.0, 0.0, 0.0, 0.0, 0.0, 0.0, 0.0, 0.0, 0.0, 0.0, 0.0, 0.0, 0.0, 0.0, 0.0, 0.0, 0.0, 0.0, 0.0, 0.0, 0.0, 0.0, 0.0, 0.0, 0.0, 0.0, 0.0, 0.0, 0.0, 0.0, 0.0, 0.0, 0.0, 0.0, 0.0, 0.0, 0.0, 0.0, 0.0, 0.0, 0.0, 0.0, 0.0, 0.0, 0.0, 0.0, 0.0, 0.0, 0.0, 0.0, 0.0, 0.0, 0.0, 0.0, 0.0, 0.0, 0.0, 0.0, 0.0, 0.0, 0.0, 0.0, 0.0, 0.0, 0.0, 0.0, 0.0, 0.0, 0.0, 0.0, 0.0, 0.0, 0.0, 0.0, 0.0, 0.0, 0.0, 0.0, 0.0, 0.0, 0.0, 0.0, 0.0, 0.0, 0.0, 0.0, 0.0, 0.0, 0.0, 0.0, 0.0, 0.0, 0.0, 0.0, 0.0, 0.0, 0.0, 0.0, 0.0, 0.0, 0.0, 0.0, 0.0, 0.0, 0.0, 0.0, 0.0, 0.0, 0.0, 0.0, 0.0, 0.0, 0.0, 0.0, 0.0, 0.0, 0.0, 0.0, 0.0, 0.0, 0.0, 0.0, 0.0, 0.0, 0.0, 0.0, 0.0, 0.0, 0.0, 0.0, 0.0, 0.0, 0.0, 0.0, 0.0, 0.0, 0.0, 0.0, 0.0, 0.0, 0.0, 0.0, 0.0, 0.0, 0.0, 0.0, 0.0, 0.0, 0.0, 0.0, 0.0, 0.0, 0.0, 0.0, 0.0, 0.0, 0.0, 0.0, 0.0, 0.0, 0.0, 0.0, 0.0, 0.0, 0.0, 0.0, 0.0, 0.0, 0.0, 0.0, 0.0, 0.0, 0.0, 0.0, 0.0, 0.0, 0.0, 0.0, 0.0, 0.0, 0.0, 0.0, 0.0, 0.0, 0.0, 0.0, 0.0, 0.0, 0.0, 0.0, 0.0, 0.0, 0.0, 0.0, 0.0, 0.0, 0.0, 0.0, 0.0, 0.0, 0.0, 0.0, 0.0, 0.0, 0.0, 0.0, 0.0, 0.0, 0.0, 0.0, 0.0, 0.0, 0.0, 0.0, 0.0, 0.0, 0.0, 0.0, 0.0, 0.0, 0.0, 0.0, 0.0, 0.0, 0.0, 0.0, 0.0, 0.0, 0.0, 0.0, 0.0, 0.0, 0.0, 0.0, 0.0, 0.0, 0.0, 0.0, 0.0, 0.0, 0.0, 0.0, 0.0, 0.0, 0.0, 0.0, 0.0, 0.0, 0.0, 0.0, 0.0, 0.0, 0.0, 0.0, 0.0]",COMPLETE
