,number,value,datetime_start,datetime_complete,duration,params_batch_size_scaler,params_constant_learning_rate,params_depth,params_epochs,params_kernel_l2,params_num_trees,params_temperature,user_attrs_accuracy_test,user_attrs_accuracy_valid,user_attrs_approximate_feature_sparsity,user_attrs_approximate_feature_sparsity_history,user_attrs_approximate_weight_sparsity,user_attrs_approximate_weight_sparsity_history,user_attrs_auc_test,user_attrs_auc_valid,user_attrs_feature_sparsity,user_attrs_feature_sparsity_history,user_attrs_num_epochs,user_attrs_val_loss_history,user_attrs_weight_sparsity,user_attrs_weight_sparsity_history,state
16,16,0.5,2024-08-31 01:07:51.443217,2024-08-31 01:08:15.793911,0 days 00:00:24.350694,64,8.444316740128098,1,180,0.15487156510304176,86,0.0003272570655120272,0.859,0.85875,17,"[33, 33, 33, 33, 33, 30, 29, 29, 29, 29, 29, 29, 29, 29, 29, 29, 29, 29, 29, 29, 29, 29, 29, 29, 29, 29, 29, 29, 29, 29, 29, 29, 29, 29, 29, 29, 29, 29, 29, 29, 29, 29, 29, 29, 29, 28, 28, 28, 28, 28, 29, 29, 29, 29, 29, 28, 29, 28, 28, 28, 28, 27, 27, 28, 28, 28, 28, 27, 27, 27, 26, 26, 26, 27, 26, 26, 26, 26, 26, 26, 26, 26, 26, 25, 25, 26, 25, 25, 25, 25, 25, 24, 23, 21, 21, 24, 23, 23, 23, 23, 24, 23, 23, 22, 22, 22, 20, 19, 22, 21, 21, 20, 19, 19, 18, 18, 18, 26, 26, 25, 22, 21, 20, 24, 23, 23, 24, 22, 20, 20, 20, 19, 24, 22, 19, 19, 19, 19, 22, 21, 21, 23, 21, 19, 18, 19, 18, 21, 21, 20, 22, 21, 25, 23, 23, 21, 19, 21, 19, 18, 22, 25, 24, 23, 22, 22, 21, 21, 22, 20, 19, 18, 18, 18, 18, 19, 18, 18, 17, 17]",16.313953488372096,"[32.97674418604651, 32.97674418604651, 33.0, 32.98837209302326, 32.98837209302326, 30.0, 29.0, 28.988372093023255, 29.0, 28.988372093023255, 29.0, 29.0, 28.988372093023255, 28.988372093023255, 28.97674418604651, 28.988372093023255, 29.0, 29.0, 28.988372093023255, 29.0, 28.988372093023255, 28.97674418604651, 29.0, 28.988372093023255, 28.97674418604651, 28.96511627906977, 29.0, 28.988372093023255, 29.0, 28.988372093023255, 29.0, 28.97674418604651, 28.988372093023255, 28.988372093023255, 29.0, 28.988372093023255, 28.988372093023255, 28.953488372093023, 28.988372093023255, 29.0, 29.0, 28.97674418604651, 28.97674418604651, 29.0, 28.988372093023255, 28.0, 27.988372093023255, 27.988372093023255, 28.0, 28.0, 28.988372093023255, 28.97674418604651, 28.97674418604651, 28.97674418604651, 28.988372093023255, 27.988372093023255, 28.97674418604651, 28.0, 28.0, 28.0, 27.988372093023255, 26.988372093023255, 26.988372093023255, 27.97674418604651, 27.953488372093023, 27.988372093023255, 27.988372093023255, 26.988372093023255, 26.988372093023255, 26.988372093023255, 25.97674418604651, 25.941860465116278, 25.96511627906977, 26.918604651162788, 25.96511627906977, 25.988372093023255, 25.988372093023255, 25.988372093023255, 25.988372093023255, 25.97674418604651, 25.988372093023255, 25.97674418604651, 25.953488372093023, 24.988372093023255, 24.988372093023255, 25.953488372093023, 24.941860465116278, 24.941860465116278, 24.953488372093023, 24.953488372093023, 24.953488372093023, 23.906976744186046, 22.91860465116279, 20.941860465116278, 20.953488372093023, 23.802325581395348, 22.88372093023256, 22.88372093023256, 22.86046511627907, 22.88372093023256, 23.802325581395348, 22.88372093023256, 22.872093023255815, 21.91860465116279, 21.88372093023256, 21.80232558139535, 19.96511627906977, 18.91860465116279, 21.80232558139535, 20.825581395348838, 20.80232558139535, 19.848837209302324, 18.872093023255815, 18.883720930232556, 17.918604651162788, 17.918604651162788, 17.906976744186046, 25.546511627906973, 25.63953488372093, 24.674418604651162, 21.744186046511626, 20.732558139534884, 19.732558139534884, 23.534883720930228, 22.58139534883721, 22.58139534883721, 23.499999999999996, 21.627906976744185, 19.674418604651162, 19.651162790697672, 19.662790697674417, 18.709302325581394, 23.453488372093023, 21.546511627906977, 18.674418604651162, 18.674418604651162, 18.627906976744185, 18.616279069767444, 21.488372093023255, 20.53488372093023, 20.53488372093023, 22.41860465116279, 20.465116279069765, 18.58139534883721, 17.61627906976744, 18.569767441860463, 17.55813953488372, 20.383720930232556, 20.406976744186046, 19.372093023255815, 21.325581395348834, 20.348837209302324, 24.093023255813954, 22.174418604651166, 22.209302325581397, 20.290697674418606, 18.36046511627907, 20.24418604651163, 18.325581395348838, 17.36046511627907, 21.139534883720934, 23.953488372093027, 23.01162790697675, 22.069767441860467, 21.093023255813957, 21.116279069767444, 20.174418604651166, 20.174418604651166, 21.093023255813954, 19.186046511627907, 18.255813953488374, 17.30232558139535, 17.30232558139535, 17.27906976744186, 17.26744186046512, 18.174418604651162, 17.26744186046512, 17.26744186046512, 16.313953488372096, 16.313953488372096]",0.5,0.5,17,"[33, 33, 33, 33, 33, 30, 29, 29, 29, 29, 29, 29, 29, 29, 29, 29, 29, 29, 29, 29, 29, 29, 29, 29, 29, 29, 29, 29, 29, 29, 29, 29, 29, 29, 29, 29, 29, 29, 29, 29, 29, 29, 29, 29, 29, 28, 28, 28, 28, 28, 29, 29, 29, 29, 29, 28, 29, 28, 28, 28, 28, 27, 27, 28, 28, 28, 28, 27, 27, 27, 26, 26, 26, 27, 26, 26, 26, 26, 26, 26, 26, 26, 26, 25, 25, 26, 25, 25, 25, 25, 25, 24, 23, 21, 21, 24, 23, 23, 23, 23, 24, 23, 23, 22, 22, 22, 20, 19, 22, 21, 21, 20, 19, 19, 18, 18, 18, 26, 26, 25, 22, 21, 20, 24, 23, 23, 24, 22, 20, 20, 20, 19, 24, 22, 19, 19, 19, 19, 22, 21, 21, 23, 21, 19, 18, 19, 18, 21, 21, 20, 22, 21, 25, 23, 23, 21, 19, 21, 19, 18, 22, 25, 24, 23, 22, 22, 21, 21, 22, 20, 19, 18, 18, 18, 18, 19, 18, 18, 17, 17]",180,"[13.588817596435547, 20.860984802246094, 114.24794006347656, 8.636564254760742, 90.3412857055664, 145.3426513671875, 56.434783935546875, 39.02711486816406, 77.25704956054688, 152.58628845214844, 60.74061965942383, 129.1642303466797, 14.599040985107422, 87.1157455444336, 95.27799987792969, 60.48985290527344, 139.84983825683594, 27.20366859436035, 89.8838119506836, 62.7440299987793, 14.139913558959961, 89.21778106689453, 14.69031047821045, 146.70997619628906, 40.058414459228516, 53.270973205566406, 44.9327278137207, 126.48080444335938, 22.300491333007812, 35.20210647583008, 30.670665740966797, 53.729679107666016, 22.637784957885742, 23.42511558532715, 64.10987854003906, 19.813608169555664, 73.31187438964844, 62.465084075927734, 140.80685424804688, 21.120044708251953, 6.787878513336182, 96.10061645507812, 68.7343521118164, 67.85528564453125, 109.77189636230469, 18.731353759765625, 29.865612030029297, 135.9786376953125, 25.652572631835938, 64.43119049072266, 62.247886657714844, 27.081815719604492, 150.12425231933594, 50.793556213378906, 17.301607131958008, 20.59734344482422, 107.76615142822266, 13.67956829071045, 114.7988052368164, 21.036527633666992, 17.04143524169922, 13.315140724182129, 132.37060546875, 20.52947425842285, 59.28990173339844, 141.513671875, 24.80935287475586, 61.35505676269531, 65.22476196289062, 24.44440460205078, 34.2137451171875, 66.19078826904297, 14.318643569946289, 143.82589721679688, 36.94248580932617, 9.557534217834473, 94.220458984375, 85.17167663574219, 65.43347930908203, 9.384088516235352, 56.891048431396484, 8.513117790222168, 85.05529022216797, 56.21043395996094, 6.924792289733887, 98.09550476074219, 14.819151878356934, 42.95125961303711, 93.91314697265625, 12.543791770935059, 22.9913272857666, 52.357479095458984, 41.9838981628418, 61.770328521728516, 17.675830841064453, 151.27403259277344, 37.21017074584961, 15.07766342163086, 46.973609924316406, 33.21049118041992, 57.084041595458984, 24.56085777282715, 37.37989044189453, 24.418922424316406, 40.11705780029297, 57.9569091796875, 68.1561279296875, 48.21335983276367, 69.15676879882812, 14.371662139892578, 9.496271133422852, 19.526836395263672, 37.2008056640625, 14.71064567565918, 43.68659591674805, 11.750638008117676, 70.50084686279297, 155.2510528564453, 40.2711296081543, 17.69173812866211, 15.02330207824707, 35.88166046142578, 71.65771484375, 128.50537109375, 16.008544921875, 37.34597396850586, 144.99749755859375, 20.3594970703125, 154.3048553466797, 40.96479034423828, 13.955684661865234, 83.9104232788086, 30.463821411132812, 144.68072509765625, 19.335403442382812, 30.60284996032715, 42.97174835205078, 10.429615020751953, 129.25624084472656, 20.280406951904297, 77.3279800415039, 120.72178649902344, 22.420848846435547, 106.8060073852539, 21.78326988220215, 11.142220497131348, 24.151123046875, 160.97515869140625, 45.79313659667969, 13.507196426391602, 151.14573669433594, 29.535289764404297, 145.60411071777344, 31.407859802246094, 25.26333999633789, 5.562619209289551, 116.93376159667969, 32.44625473022461, 8.964784622192383, 45.671321868896484, 70.57271575927734, 130.28904724121094, 17.813316345214844, 95.60247802734375, 70.5300521850586, 57.6594123840332, 13.464424133300781, 124.91399383544922, 23.260984420776367, 12.424970626831055, 13.76282024383545, 125.17817687988281, 17.753204345703125, 57.588966369628906, 20.109708786010742, 70.3790054321289, 14.3629732131958, 69.30758666992188, 11.670524597167969, 102.79000091552734]",16.91860465116279,"[33.0, 33.0, 33.0, 33.0, 33.0, 30.0, 29.0, 29.0, 29.0, 29.0, 29.0, 29.0, 29.0, 29.0, 29.0, 29.0, 29.0, 29.0, 29.0, 29.0, 29.0, 29.0, 29.0, 29.0, 29.0, 29.0, 29.0, 29.0, 29.0, 29.0, 29.0, 29.0, 29.0, 29.0, 29.0, 29.0, 29.0, 29.0, 29.0, 29.0, 29.0, 29.0, 29.0, 29.0, 29.0, 28.0, 28.0, 28.0, 28.0, 28.0, 29.0, 29.0, 29.0, 29.0, 29.0, 28.0, 29.0, 28.0, 28.0, 28.0, 28.0, 27.0, 27.0, 28.0, 28.0, 28.0, 28.0, 27.0, 27.0, 27.0, 26.0, 26.0, 26.0, 27.0, 26.0, 26.0, 26.0, 26.0, 26.0, 26.0, 26.0, 26.0, 26.0, 25.0, 25.0, 26.0, 25.0, 25.0, 25.0, 25.0, 25.0, 23.988372093023255, 22.988372093023255, 21.0, 21.0, 23.96511627906977, 22.97674418604651, 22.97674418604651, 22.97674418604651, 22.97674418604651, 23.96511627906977, 22.97674418604651, 22.97674418604651, 21.988372093023255, 21.988372093023255, 21.988372093023255, 20.0, 19.0, 21.953488372093023, 20.96511627906977, 20.96511627906977, 19.97674418604651, 18.988372093023255, 18.988372093023255, 18.0, 18.0, 18.0, 25.883720930232556, 25.906976744186046, 24.918604651162788, 21.953488372093023, 20.96511627906977, 19.97674418604651, 23.883720930232556, 22.941860465116278, 22.941860465116278, 23.906976744186046, 21.953488372093023, 19.96511627906977, 19.96511627906977, 19.953488372093023, 18.96511627906977, 23.848837209302324, 21.8953488372093, 18.96511627906977, 18.96511627906977, 18.96511627906977, 18.96511627906977, 21.8953488372093, 20.91860465116279, 20.91860465116279, 22.872093023255815, 20.91860465116279, 18.953488372093023, 17.97674418604651, 18.953488372093023, 17.97674418604651, 20.906976744186046, 20.906976744186046, 19.930232558139537, 21.883720930232556, 20.906976744186046, 24.813953488372093, 22.86046511627907, 22.86046511627907, 20.906976744186046, 18.953488372093023, 20.906976744186046, 18.953488372093023, 17.97674418604651, 21.86046511627907, 24.75581395348837, 23.837209302325583, 22.848837209302324, 21.883720930232556, 21.883720930232556, 20.906976744186046, 20.906976744186046, 21.872093023255815, 19.906976744186046, 18.930232558139537, 17.930232558139537, 17.930232558139537, 17.930232558139537, 17.930232558139537, 18.86046511627907, 17.8953488372093, 17.8953488372093, 16.930232558139537, 16.91860465116279]",COMPLETE
