,number,value,datetime_start,datetime_complete,duration,params_batch_size_scaler,params_constant_learning_rate,params_depth,params_epochs,params_kernel_l2,params_num_trees,params_temperature,user_attrs_accuracy_test,user_attrs_accuracy_valid,user_attrs_approximate_feature_sparsity,user_attrs_approximate_feature_sparsity_history,user_attrs_approximate_weight_sparsity,user_attrs_approximate_weight_sparsity_history,user_attrs_auc_test,user_attrs_auc_valid,user_attrs_feature_sparsity,user_attrs_feature_sparsity_history,user_attrs_num_epochs,user_attrs_val_loss_history,user_attrs_weight_sparsity,user_attrs_weight_sparsity_history,state
11,11,0.5,2024-08-31 00:46:19.238991,2024-08-31 00:52:54.858305,0 days 00:06:35.619314,4,2.763079998696547,6,295,0.4417800353023779,40,0.011956244022128892,0.859,0.85875,0,"[0, 0, 0, 0, 0, 0, 0, 0, 0, 0, 0, 0, 0, 0, 0, 0, 0, 0, 0, 0, 0, 0, 0, 0, 0, 0, 0, 0, 0, 0, 0, 0, 0, 0, 0, 0, 0, 0, 0, 0, 0, 0, 0, 0, 0, 0, 0, 0, 0, 0, 0, 0, 0, 0, 0, 0, 0, 0, 0, 0, 0, 0, 0, 0, 0, 0, 0, 0, 0, 0, 0, 0, 0, 0, 0, 0, 0, 0, 0, 0, 0, 0, 0, 0, 0, 0, 0, 0, 0, 0, 0, 0, 0, 0, 0, 0, 0, 0, 0, 0, 0, 0, 0, 0, 0, 0, 0, 0, 0, 0, 0, 0, 0, 0, 0, 0, 0, 0, 0, 0, 0, 0, 0, 0, 0, 0, 0, 0, 0, 0, 0, 0, 0, 0, 0, 0, 0, 0, 0, 0, 0, 0, 0, 0, 0, 0, 0, 0, 0, 0, 0, 0, 0, 0, 0, 0, 0, 0, 0, 0, 0, 0, 0, 0, 0, 0, 0, 0, 0, 0, 0, 0, 0, 0, 0, 0, 0, 0, 0, 0, 0, 0, 0, 0, 0, 0, 0, 0, 0, 0, 0, 0, 0, 0, 0, 0, 0, 0, 0, 0, 0, 0, 0, 0, 0, 0, 0, 0, 0, 0, 0, 0, 0, 0, 0, 0, 0, 0, 0, 0, 0, 0, 0, 0, 0, 0, 0, 0, 0, 0, 0, 0, 0, 0, 0, 0, 0, 0, 0, 0, 0, 0, 0, 0, 0, 0, 0, 0, 0, 0, 0, 0, 0, 0, 0, 0, 0, 0, 0, 0, 0, 0, 0, 0, 0, 0, 0, 0, 0, 0, 0, 0, 0, 0, 0, 0, 0, 0, 0, 0, 0, 0, 0, 0, 0, 0, 0, 0, 0, 0, 0, 0, 0, 0, 0]",0.0,"[0.0, 0.0, 0.0, 0.0, 0.0, 0.0, 0.0, 0.0, 0.0, 0.0, 0.0, 0.0, 0.0, 0.0, 0.0, 0.0, 0.0, 0.0, 0.0, 0.0, 0.0, 0.0, 0.0, 0.0, 0.0, 0.0, 0.0, 0.0, 0.0, 0.0, 0.0, 0.0, 0.0, 0.0, 0.0, 0.0, 0.0, 0.0, 0.0, 0.0, 0.0, 0.0, 0.0, 0.0, 0.0, 0.0, 0.0, 0.0, 0.0, 0.0, 0.0, 0.0, 0.0, 0.0, 0.0, 0.0, 0.0, 0.0, 0.0, 0.0, 0.0, 0.0, 0.0, 0.0, 0.0, 0.0, 0.0, 0.0, 0.0, 0.0, 0.0, 0.0, 0.0, 0.0, 0.0, 0.0, 0.0, 0.0, 0.0, 0.0, 0.0, 0.0, 0.0, 0.0, 0.0, 0.0, 0.0, 0.0, 0.0, 0.0, 0.0, 0.0, 0.0, 0.0, 0.0, 0.0, 0.0, 0.0, 0.0, 0.0, 0.0, 0.0, 0.0, 0.0, 0.0, 0.0, 0.0, 0.0, 0.0, 0.0, 0.0, 0.0, 0.0, 0.0, 0.0, 0.0, 0.0, 0.0, 0.0, 0.0, 0.0, 0.0, 0.0, 0.0, 0.0, 0.0, 0.0, 0.0, 0.0, 0.0, 0.0, 0.0, 0.0, 0.0, 0.0, 0.0, 0.0, 0.0, 0.0, 0.0, 0.0, 0.0, 0.0, 0.0, 0.0, 0.0, 0.0, 0.0, 0.0, 0.0, 0.0, 0.0, 0.0, 0.0, 0.0, 0.0, 0.0, 0.0, 0.0, 0.0, 0.0, 0.0, 0.0, 0.0, 0.0, 0.0, 0.0, 0.0, 0.0, 0.0, 0.0, 0.0, 0.0, 0.0, 0.0, 0.0, 0.0, 0.0, 0.0, 0.0, 0.0, 0.0, 0.0, 0.0, 0.0, 0.0, 0.0, 0.0, 0.0, 0.0, 0.0, 0.0, 0.0, 0.0, 0.0, 0.0, 0.0, 0.0, 0.0, 0.0, 0.0, 0.0, 0.0, 0.0, 0.0, 0.0, 0.0, 0.0, 0.0, 0.0, 0.0, 0.0, 0.0, 0.0, 0.0, 0.0, 0.0, 0.0, 0.0, 0.0, 0.0, 0.0, 0.0, 0.0, 0.0, 0.0, 0.0, 0.0, 0.0, 0.0, 0.0, 0.0, 0.0, 0.0, 0.0, 0.0, 0.0, 0.0, 0.0, 0.0, 0.0, 0.0, 0.0, 0.0, 0.0, 0.0, 0.0, 0.0, 0.0, 0.0, 0.0, 0.0, 0.0, 0.0, 0.0, 0.0, 0.0, 0.0, 0.0, 0.0, 0.0, 0.0, 0.0, 0.0, 0.0, 0.0, 0.0, 0.0, 0.0, 0.0, 0.0, 0.0, 0.0, 0.0, 0.0, 0.0, 0.0, 0.0, 0.0, 0.0, 0.0, 0.0, 0.0, 0.0, 0.0, 0.0, 0.0, 0.0, 0.0, 0.0, 0.0, 0.0, 0.0, 0.0, 0.0]",0.5,0.5,0,"[0, 0, 0, 0, 0, 0, 0, 0, 0, 0, 0, 0, 0, 0, 0, 0, 0, 0, 0, 0, 0, 0, 0, 0, 0, 0, 0, 0, 0, 0, 0, 0, 0, 0, 0, 0, 0, 0, 0, 0, 0, 0, 0, 0, 0, 0, 0, 0, 0, 0, 0, 0, 0, 0, 0, 0, 0, 0, 0, 0, 0, 0, 0, 0, 0, 0, 0, 0, 0, 0, 0, 0, 0, 0, 0, 0, 0, 0, 0, 0, 0, 0, 0, 0, 0, 0, 0, 0, 0, 0, 0, 0, 0, 0, 0, 0, 0, 0, 0, 0, 0, 0, 0, 0, 0, 0, 0, 0, 0, 0, 0, 0, 0, 0, 0, 0, 0, 0, 0, 0, 0, 0, 0, 0, 0, 0, 0, 0, 0, 0, 0, 0, 0, 0, 0, 0, 0, 0, 0, 0, 0, 0, 0, 0, 0, 0, 0, 0, 0, 0, 0, 0, 0, 0, 0, 0, 0, 0, 0, 0, 0, 0, 0, 0, 0, 0, 0, 0, 0, 0, 0, 0, 0, 0, 0, 0, 0, 0, 0, 0, 0, 0, 0, 0, 0, 0, 0, 0, 0, 0, 0, 0, 0, 0, 0, 0, 0, 0, 0, 0, 0, 0, 0, 0, 0, 0, 0, 0, 0, 0, 0, 0, 0, 0, 0, 0, 0, 0, 0, 0, 0, 0, 0, 0, 0, 0, 0, 0, 0, 0, 0, 0, 0, 0, 0, 0, 0, 0, 0, 0, 0, 0, 0, 0, 0, 0, 0, 0, 0, 0, 0, 0, 0, 0, 0, 0, 0, 0, 0, 0, 0, 0, 0, 0, 0, 0, 0, 0, 0, 0, 0, 0, 0, 0, 0, 0, 0, 0, 0, 0, 0, 0, 0, 0, 0, 0, 0, 0, 0, 0, 0, 0, 0, 0, 0]",295,"[0.40837591886520386, 0.4088703393936157, 0.4072285592556, 0.4072909653186798, 0.4085038900375366, 0.40730616450309753, 0.4076603949069977, 0.4084407091140747, 0.40785881876945496, 0.4086388349533081, 0.40728721022605896, 0.407581627368927, 0.4074742794036865, 0.4075838327407837, 0.4083321690559387, 0.40805861353874207, 0.4096599817276001, 0.4091189205646515, 0.40887710452079773, 0.40730607509613037, 0.41095301508903503, 0.41206303238868713, 0.40871065855026245, 0.408705472946167, 0.4085446298122406, 0.4216007590293884, 0.4072445034980774, 0.4072287082672119, 0.4087521731853485, 0.41006115078926086, 0.41124045848846436, 0.41039517521858215, 0.41244032979011536, 0.4086582660675049, 0.407924085855484, 0.4075220823287964, 0.4083769917488098, 0.40769267082214355, 0.41271182894706726, 0.40908512473106384, 0.41264984011650085, 0.40726524591445923, 0.4089150130748749, 0.4075853228569031, 0.4146302044391632, 0.4107285737991333, 0.4126996099948883, 0.40723732113838196, 0.4076807498931885, 0.40733784437179565, 0.40911170840263367, 0.40770280361175537, 0.4072261452674866, 0.4102851152420044, 0.41013145446777344, 0.40773728489875793, 0.40971213579177856, 0.4073094427585602, 0.41096168756484985, 0.41790252923965454, 0.40785256028175354, 0.40765485167503357, 0.4072457253932953, 0.4072303771972656, 0.4086230397224426, 0.4082395136356354, 0.407273530960083, 0.4084964394569397, 0.4074470102787018, 0.40885353088378906, 0.40989360213279724, 0.40725177526474, 0.407289057970047, 0.40799030661582947, 0.40722736716270447, 0.4085366427898407, 0.4077166020870209, 0.4072791635990143, 0.40951263904571533, 0.41290900111198425, 0.4074420928955078, 0.4092520773410797, 0.4104965925216675, 0.40732643008232117, 0.4078313112258911, 0.41540539264678955, 0.40907585620880127, 0.40933528542518616, 0.40811148285865784, 0.4096083343029022, 0.41085875034332275, 0.40817055106163025, 0.40947139263153076, 0.40723130106925964, 0.41111838817596436, 0.41193774342536926, 0.40855860710144043, 0.4089256525039673, 0.40817925333976746, 0.4072261452674866, 0.40774545073509216, 0.41041335463523865, 0.4074895977973938, 0.4073789715766907, 0.40722760558128357, 0.41073712706565857, 0.40748131275177, 0.40741297602653503, 0.41059866547584534, 0.40887370705604553, 0.4090920686721802, 0.4080476462841034, 0.409072607755661, 0.4168763756752014, 0.40734657645225525, 0.416081041097641, 0.4109882414340973, 0.41162392497062683, 0.40815404057502747, 0.41215747594833374, 0.409035325050354, 0.4118637442588806, 0.4092566668987274, 0.40811267495155334, 0.41231656074523926, 0.40725967288017273, 0.40780818462371826, 0.41099122166633606, 0.4153458774089813, 0.4072362184524536, 0.4098235070705414, 0.4077783226966858, 0.4073045253753662, 0.409250944852829, 0.4079044759273529, 0.4076106548309326, 0.40737128257751465, 0.4076680839061737, 0.407280832529068, 0.4075823724269867, 0.4082176089286804, 0.40869811177253723, 0.40723592042922974, 0.4089635908603668, 0.40814220905303955, 0.40731582045555115, 0.40736305713653564, 0.4162968397140503, 0.4072265326976776, 0.407227486371994, 0.4072739779949188, 0.40881165862083435, 0.40800780057907104, 0.4119736850261688, 0.4077357351779938, 0.40768662095069885, 0.41246700286865234, 0.40763992071151733, 0.41161417961120605, 0.40763190388679504, 0.40896672010421753, 0.412190318107605, 0.41253966093063354, 0.4072321653366089, 0.40922191739082336, 0.40730103850364685, 0.41005638241767883, 0.4077373445034027, 0.4076421856880188, 0.4075292646884918, 0.40739792585372925, 0.40771251916885376, 0.4176640212535858, 0.40741461515426636, 0.40956878662109375, 0.41267433762550354, 0.40794312953948975, 0.40722617506980896, 0.4095510244369507, 0.4073962867259979, 0.40734604001045227, 0.40736550092697144, 0.411721408367157, 0.40956035256385803, 0.4073110818862915, 0.4077118933200836, 0.40760475397109985, 0.4082404375076294, 0.4095667600631714, 0.4095155596733093, 0.4075741171836853, 0.41215938329696655, 0.4082759916782379, 0.40730780363082886, 0.4127534031867981, 0.4086175262928009, 0.4101714789867401, 0.4108634889125824, 0.40942278504371643, 0.4077471196651459, 0.41337206959724426, 0.41423025727272034, 0.4072635769844055, 0.407494455575943, 0.4097493886947632, 0.40739020705223083, 0.4091874063014984, 0.4072380065917969, 0.4078036844730377, 0.40726935863494873, 0.40753334760665894, 0.4108522832393646, 0.40770676732063293, 0.40747761726379395, 0.40783771872520447, 0.40753281116485596, 0.4084191620349884, 0.40738150477409363, 0.4099311828613281, 0.407578706741333, 0.4092099368572235, 0.40755021572113037, 0.40722617506980896, 0.4087024927139282, 0.4072932004928589, 0.41632798314094543, 0.4139696955680847, 0.40755581855773926, 0.4072282016277313, 0.41534027457237244, 0.40759795904159546, 0.40755683183670044, 0.40836235880851746, 0.40722891688346863, 0.40760934352874756, 0.4078831970691681, 0.4076177477836609, 0.4092397391796112, 0.4073241055011749, 0.4084506928920746, 0.4108043611049652, 0.40736961364746094, 0.41384631395339966, 0.4106227159500122, 0.41245487332344055, 0.4075758457183838, 0.4072302579879761, 0.40724503993988037, 0.4078986346721649, 0.4090161621570587, 0.4074593484401703, 0.40728557109832764, 0.40934884548187256, 0.40944230556488037, 0.408844530582428, 0.40868911147117615, 0.40748852491378784, 0.41100049018859863, 0.4121978282928467, 0.40750882029533386, 0.40778377652168274, 0.41051891446113586, 0.4102616608142853, 0.4085250794887543, 0.4082757532596588, 0.40824878215789795, 0.40771692991256714, 0.40903526544570923, 0.40730026364326477, 0.4099733829498291, 0.40929049253463745, 0.41126778721809387, 0.40865248441696167, 0.40726593136787415, 0.4096187651157379, 0.4074985980987549, 0.40889209508895874, 0.40884849429130554, 0.40728405117988586, 0.4089285135269165, 0.4091964662075043, 0.4113523066043854, 0.40743178129196167, 0.40775254368782043, 0.41546621918678284, 0.4078526794910431, 0.40788978338241577, 0.4079475402832031, 0.4097985327243805, 0.4105221927165985, 0.40783360600471497, 0.4072601795196533, 0.411528617143631, 0.40730178356170654, 0.40804240107536316]",0.0,"[0.0, 0.0, 0.0, 0.0, 0.0, 0.0, 0.0, 0.0, 0.0, 0.0, 0.0, 0.0, 0.0, 0.0, 0.0, 0.0, 0.0, 0.0, 0.0, 0.0, 0.0, 0.0, 0.0, 0.0, 0.0, 0.0, 0.0, 0.0, 0.0, 0.0, 0.0, 0.0, 0.0, 0.0, 0.0, 0.0, 0.0, 0.0, 0.0, 0.0, 0.0, 0.0, 0.0, 0.0, 0.0, 0.0, 0.0, 0.0, 0.0, 0.0, 0.0, 0.0, 0.0, 0.0, 0.0, 0.0, 0.0, 0.0, 0.0, 0.0, 0.0, 0.0, 0.0, 0.0, 0.0, 0.0, 0.0, 0.0, 0.0, 0.0, 0.0, 0.0, 0.0, 0.0, 0.0, 0.0, 0.0, 0.0, 0.0, 0.0, 0.0, 0.0, 0.0, 0.0, 0.0, 0.0, 0.0, 0.0, 0.0, 0.0, 0.0, 0.0, 0.0, 0.0, 0.0, 0.0, 0.0, 0.0, 0.0, 0.0, 0.0, 0.0, 0.0, 0.0, 0.0, 0.0, 0.0, 0.0, 0.0, 0.0, 0.0, 0.0, 0.0, 0.0, 0.0, 0.0, 0.0, 0.0, 0.0, 0.0, 0.0, 0.0, 0.0, 0.0, 0.0, 0.0, 0.0, 0.0, 0.0, 0.0, 0.0, 0.0, 0.0, 0.0, 0.0, 0.0, 0.0, 0.0, 0.0, 0.0, 0.0, 0.0, 0.0, 0.0, 0.0, 0.0, 0.0, 0.0, 0.0, 0.0, 0.0, 0.0, 0.0, 0.0, 0.0, 0.0, 0.0, 0.0, 0.0, 0.0, 0.0, 0.0, 0.0, 0.0, 0.0, 0.0, 0.0, 0.0, 0.0, 0.0, 0.0, 0.0, 0.0, 0.0, 0.0, 0.0, 0.0, 0.0, 0.0, 0.0, 0.0, 0.0, 0.0, 0.0, 0.0, 0.0, 0.0, 0.0, 0.0, 0.0, 0.0, 0.0, 0.0, 0.0, 0.0, 0.0, 0.0, 0.0, 0.0, 0.0, 0.0, 0.0, 0.0, 0.0, 0.0, 0.0, 0.0, 0.0, 0.0, 0.0, 0.0, 0.0, 0.0, 0.0, 0.0, 0.0, 0.0, 0.0, 0.0, 0.0, 0.0, 0.0, 0.0, 0.0, 0.0, 0.0, 0.0, 0.0, 0.0, 0.0, 0.0, 0.0, 0.0, 0.0, 0.0, 0.0, 0.0, 0.0, 0.0, 0.0, 0.0, 0.0, 0.0, 0.0, 0.0, 0.0, 0.0, 0.0, 0.0, 0.0, 0.0, 0.0, 0.0, 0.0, 0.0, 0.0, 0.0, 0.0, 0.0, 0.0, 0.0, 0.0, 0.0, 0.0, 0.0, 0.0, 0.0, 0.0, 0.0, 0.0, 0.0, 0.0, 0.0, 0.0, 0.0, 0.0, 0.0, 0.0, 0.0, 0.0, 0.0, 0.0, 0.0, 0.0, 0.0, 0.0, 0.0, 0.0, 0.0, 0.0, 0.0, 0.0, 0.0, 0.0, 0.0]",COMPLETE
12,12,0.7026445620950392,2024-08-31 00:52:55.084691,2024-08-31 00:53:08.906193,0 days 00:00:13.821502,16,0.186880998419379,1,155,0.0956138074153559,61,0.0007417077580505225,0.864,0.86375,3,"[33, 33, 33, 33, 33, 33, 33, 33, 33, 33, 33, 33, 33, 33, 33, 33, 33, 33, 33, 33, 33, 33, 33, 33, 33, 33, 33, 33, 33, 33, 33, 33, 33, 33, 33, 33, 33, 33, 33, 33, 33, 33, 33, 33, 33, 33, 33, 33, 33, 33, 32, 32, 32, 32, 30, 30, 29, 27, 24, 21, 21, 20, 20, 19, 19, 19, 17, 17, 15, 14, 14, 13, 12, 12, 12, 10, 10, 10, 10, 10, 10, 9, 9, 7, 6, 3, 3, 3, 3, 3, 3, 3, 3, 3, 3, 3, 3, 3, 3, 3, 3, 3, 3, 3, 3, 3, 3, 3, 3, 3, 3, 3, 3, 3, 3, 3, 3, 3, 3, 3, 3, 3, 3, 3, 3, 3, 3, 3, 3, 3, 3, 3, 3, 3, 3, 3, 3, 3, 3, 3, 3, 3, 3, 3, 3, 3, 3, 3, 3, 3, 3, 3, 3, 3, 3]",3.0,"[32.98360655737705, 32.9672131147541, 32.98360655737705, 32.98360655737705, 32.9672131147541, 32.98360655737705, 32.98360655737705, 32.9672131147541, 32.98360655737705, 33.0, 33.0, 32.98360655737705, 32.9672131147541, 32.98360655737705, 32.98360655737705, 33.0, 33.0, 33.0, 32.98360655737705, 33.0, 33.0, 32.98360655737705, 33.0, 32.9672131147541, 32.98360655737705, 32.98360655737705, 32.98360655737705, 32.98360655737705, 32.98360655737705, 33.0, 33.0, 33.0, 33.0, 32.9672131147541, 33.0, 33.0, 32.98360655737705, 33.0, 33.0, 32.9672131147541, 32.9672131147541, 33.0, 33.0, 33.0, 33.0, 33.0, 32.9672131147541, 33.0, 32.98360655737705, 32.9672131147541, 32.0, 31.9672131147541, 32.0, 32.0, 30.0, 29.950819672131146, 28.98360655737705, 26.98360655737705, 23.98360655737705, 20.98360655737705, 21.0, 20.0, 19.98360655737705, 19.0, 18.98360655737705, 19.0, 16.98360655737705, 17.0, 15.0, 14.0, 14.0, 13.0, 11.98360655737705, 12.0, 11.98360655737705, 10.0, 9.98360655737705, 9.967213114754099, 10.0, 10.0, 10.0, 9.0, 9.0, 7.0, 6.0, 3.0, 3.0, 3.0, 3.0, 3.0, 3.0, 3.0, 2.9836065573770494, 3.0, 3.0, 3.0, 3.0, 3.0, 3.0, 3.0, 3.0, 2.9836065573770494, 3.0, 3.0, 3.0, 3.0, 3.0, 3.0, 3.0, 3.0, 3.0, 3.0, 3.0, 3.0, 3.0, 3.0, 3.0, 3.0, 3.0, 3.0, 3.0, 3.0, 3.0, 3.0, 3.0, 3.0, 2.9836065573770494, 3.0, 3.0, 3.0, 3.0, 3.0, 3.0, 3.0, 3.0, 3.0, 3.0, 3.0, 3.0, 3.0, 3.0, 3.0, 2.9836065573770494, 3.0, 3.0, 3.0, 3.0, 3.0, 3.0, 3.0, 3.0, 3.0, 3.0, 3.0, 3.0]",0.6733419199299863,0.7026445620950392,3,"[33, 33, 33, 33, 33, 33, 33, 33, 33, 33, 33, 33, 33, 33, 33, 33, 33, 33, 33, 33, 33, 33, 33, 33, 33, 33, 33, 33, 33, 33, 33, 33, 33, 33, 33, 33, 33, 33, 33, 33, 33, 33, 33, 33, 33, 33, 33, 33, 33, 33, 32, 32, 32, 32, 30, 30, 29, 27, 24, 21, 21, 20, 20, 19, 19, 19, 17, 17, 15, 14, 14, 13, 12, 12, 12, 10, 10, 10, 10, 10, 10, 9, 9, 7, 6, 3, 3, 3, 3, 3, 3, 3, 3, 3, 3, 3, 3, 3, 3, 3, 3, 3, 3, 3, 3, 3, 3, 3, 3, 3, 3, 3, 3, 3, 3, 3, 3, 3, 3, 3, 3, 3, 3, 3, 3, 3, 3, 3, 3, 3, 3, 3, 3, 3, 3, 3, 3, 3, 3, 3, 3, 3, 3, 3, 3, 3, 3, 3, 3, 3, 3, 3, 3, 3, 3]",155,"[0.5171969532966614, 0.45978546142578125, 0.43936797976493835, 0.4317222833633423, 0.45112964510917664, 0.42556899785995483, 0.4421824514865875, 0.41759881377220154, 0.4202360212802887, 0.419277548789978, 0.41444873809814453, 0.4089740514755249, 0.4128430187702179, 0.40893101692199707, 0.40665045380592346, 0.42102187871932983, 0.3972962498664856, 0.40113502740859985, 0.39367711544036865, 0.3902502954006195, 0.40301230549812317, 0.423368901014328, 0.3949999511241913, 0.38338902592658997, 0.38137686252593994, 0.3878568708896637, 0.3812408149242401, 0.3768770694732666, 0.3849305212497711, 0.3732563853263855, 0.3801231384277344, 0.37209731340408325, 0.37874940037727356, 0.3689737319946289, 0.36786407232284546, 0.36590564250946045, 0.36496326327323914, 0.36343708634376526, 0.3617320954799652, 0.36167892813682556, 0.360921174287796, 0.3837547302246094, 0.4000891447067261, 0.35974106192588806, 0.35588058829307556, 0.3591349124908447, 0.3553777039051056, 0.3549253046512604, 0.3581330180168152, 0.3572372496128082, 0.3506534993648529, 0.34903624653816223, 0.3521769344806671, 0.35252419114112854, 0.36926138401031494, 0.34944817423820496, 0.3507665991783142, 0.34610506892204285, 0.33819207549095154, 0.3637012541294098, 0.33662691712379456, 0.3352387249469757, 0.3329639136791229, 0.33328238129615784, 0.33319512009620667, 0.3396240472793579, 0.3305149972438812, 0.3292280435562134, 0.334952175617218, 0.3320201635360718, 0.32451188564300537, 0.334816575050354, 0.3334804177284241, 0.33363959193229675, 0.33541256189346313, 0.34762337803840637, 0.3412126898765564, 0.33788052201271057, 0.3335353434085846, 0.3459911644458771, 0.33705779910087585, 0.48961296677589417, 0.3414652645587921, 0.34170281887054443, 0.34498459100723267, 0.3781152367591858, 0.36192768812179565, 0.35965555906295776, 0.3643344044685364, 0.3590629994869232, 0.36737191677093506, 0.36029499769210815, 0.36211392283439636, 0.3724742829799652, 0.3906049430370331, 0.36114752292633057, 0.36646655201911926, 0.358856201171875, 0.3607707619667053, 0.3644424080848694, 0.37299713492393494, 0.3654311001300812, 0.356916606426239, 0.37200596928596497, 0.36007100343704224, 0.3616183400154114, 0.36470648646354675, 0.3569992780685425, 0.3566635251045227, 0.3606971800327301, 0.37123119831085205, 0.3565458655357361, 0.3560221195220947, 0.35752472281455994, 0.35610583424568176, 0.3568681478500366, 0.3563693165779114, 0.35788944363594055, 0.37443867325782776, 0.35766837000846863, 0.3559204041957855, 0.3561963737010956, 0.3572559058666229, 0.3978007137775421, 0.36081555485725403, 0.35543155670166016, 0.36467552185058594, 0.3585594594478607, 0.3611500859260559, 0.3759196102619171, 0.35797587037086487, 0.36682289838790894, 0.3612960875034332, 0.3657720685005188, 0.35563376545906067, 0.3584046959877014, 0.35794520378112793, 0.3560033440589905, 0.35868245363235474, 0.35580557584762573, 0.35863247513771057, 0.35764068365097046, 0.3856174945831299, 0.3553318381309509, 0.35667353868484497, 0.3549121022224426, 0.35547012090682983, 0.3555201292037964, 0.36341843008995056, 0.36012494564056396, 0.355164110660553, 0.3546329438686371, 0.3600969612598419, 0.3545755445957184, 0.35695433616638184]",3.0,"[33.0, 33.0, 33.0, 33.0, 33.0, 33.0, 33.0, 33.0, 33.0, 33.0, 33.0, 33.0, 33.0, 33.0, 33.0, 33.0, 33.0, 33.0, 33.0, 33.0, 33.0, 33.0, 33.0, 33.0, 33.0, 33.0, 33.0, 33.0, 33.0, 33.0, 33.0, 33.0, 33.0, 33.0, 33.0, 33.0, 33.0, 33.0, 33.0, 33.0, 33.0, 33.0, 33.0, 33.0, 33.0, 33.0, 33.0, 33.0, 33.0, 33.0, 32.0, 32.0, 32.0, 32.0, 30.0, 30.0, 29.0, 27.0, 24.0, 21.0, 21.0, 20.0, 20.0, 19.0, 19.0, 19.0, 17.0, 17.0, 15.0, 14.0, 14.0, 13.0, 12.0, 12.0, 12.0, 10.0, 10.0, 10.0, 10.0, 10.0, 10.0, 9.0, 9.0, 7.0, 6.0, 3.0, 3.0, 3.0, 3.0, 3.0, 3.0, 3.0, 3.0, 3.0, 3.0, 3.0, 3.0, 3.0, 3.0, 3.0, 3.0, 3.0, 3.0, 3.0, 3.0, 3.0, 3.0, 3.0, 3.0, 3.0, 3.0, 3.0, 3.0, 3.0, 3.0, 3.0, 3.0, 3.0, 3.0, 3.0, 3.0, 3.0, 3.0, 3.0, 3.0, 3.0, 3.0, 3.0, 3.0, 3.0, 3.0, 3.0, 3.0, 3.0, 3.0, 3.0, 3.0, 3.0, 3.0, 3.0, 3.0, 3.0, 3.0, 3.0, 3.0, 3.0, 3.0, 3.0, 3.0, 3.0, 3.0, 3.0, 3.0, 3.0, 3.0]",COMPLETE
