,number,value,datetime_start,datetime_complete,duration,params_batch_size_scaler,params_constant_learning_rate,params_depth,params_epochs,params_kernel_l2,params_num_trees,params_temperature,user_attrs_accuracy_test,user_attrs_accuracy_valid,user_attrs_approximate_feature_sparsity,user_attrs_approximate_feature_sparsity_history,user_attrs_approximate_weight_sparsity,user_attrs_approximate_weight_sparsity_history,user_attrs_auc_test,user_attrs_auc_valid,user_attrs_feature_sparsity,user_attrs_feature_sparsity_history,user_attrs_num_epochs,user_attrs_val_loss_history,user_attrs_weight_sparsity,user_attrs_weight_sparsity_history,state
108,108,0.5,2024-08-31 04:49:14.970667,2024-08-31 04:49:43.317985,0 days 00:00:28.347318,64,3.831501714224985,1,355,0.5493549253933807,62,0.00374740992287399,0.859,0.85875,0,"[33, 9, 12, 3, 3, 10, 9, 5, 6, 4, 3, 2, 3, 3, 3, 3, 2, 2, 2, 1, 2, 1, 4, 3, 4, 2, 3, 3, 2, 1, 1, 1, 3, 3, 3, 2, 5, 3, 1, 1, 1, 3, 2, 0, 0, 3, 0, 0, 4, 4, 0, 0, 3, 2, 3, 3, 0, 4, 4, 1, 1, 4, 2, 2, 0, 0, 3, 2, 0, 0, 3, 2, 2, 0, 3, 2, 0, 3, 3, 0, 0, 4, 1, 1, 2, 2, 2, 2, 1, 3, 2, 1, 1, 1, 4, 1, 1, 4, 2, 1, 3, 2, 1, 1, 1, 2, 2, 1, 5, 3, 1, 0, 0, 3, 0, 0, 3, 3, 2, 0, 3, 3, 0, 0, 4, 3, 0, 0, 0, 0, 2, 0, 0, 3, 3, 2, 0, 0, 2, 0, 0, 3, 0, 0, 3, 3, 0, 0, 2, 1, 1, 1, 1, 2, 0, 0, 3, 2, 0, 0, 3, 0, 0, 0, 3, 0, 0, 3, 3, 0, 0, 2, 0, 0, 2, 2, 0, 0, 2, 2, 0, 0, 3, 2, 0, 0, 2, 0, 0, 3, 3, 0, 0, 3, 0, 0, 1, 1, 2, 0, 2, 2, 0, 2, 2, 0, 0, 3, 0, 0, 3, 3, 0, 0, 3, 0, 0, 2, 0, 0, 3, 3, 0, 0, 2, 0, 0, 3, 3, 0, 0, 2, 0, 0, 3, 2, 2, 0, 3, 3, 0, 0, 3, 0, 0, 3, 2, 0, 0, 1, 1, 0, 0, 0, 0, 1, 0, 0, 1, 0, 0, 3, 2, 2, 0, 0, 3, 0, 0, 2, 0, 0, 3, 3, 0, 0, 2, 2, 0, 0, 3, 1, 0, 2, 2, 0, 0, 2, 2, 1, 0, 3, 3, 0, 0, 3, 0, 0, 3, 1, 0, 0, 2, 2, 0, 0, 3, 0, 0, 2, 2, 0, 0, 2, 2, 0, 2, 2, 0, 0, 3, 0, 0, 2, 0, 0, 3, 2, 0, 0, 3, 0, 0, 2, 2, 1, 1, 1, 4, 0, 0, 3, 3, 0, 0, 2, 0, 0, 0, 3, 0, 0, 2, 0, 0]",0.0,"[33.0, 9.0, 12.0, 3.0, 3.0, 10.0, 9.0, 5.0, 5.983870967741936, 4.0, 3.0, 2.0, 3.0, 3.0, 3.0, 3.0, 2.0, 2.0, 2.0, 1.0, 2.0, 1.0, 4.0, 3.0, 4.0, 2.0, 3.0, 3.0, 2.0, 1.0, 1.0, 1.0, 3.0, 3.0, 3.0, 2.0, 5.0, 3.0, 1.0, 1.0, 1.0, 3.0, 2.0, 0.0, 0.0, 3.0, 0.0, 0.0, 4.0, 4.0, 0.0, 0.0, 3.0, 2.0, 3.0, 3.0, 0.0, 4.0, 4.0, 1.0, 1.0, 4.0, 2.0, 2.0, 0.0, 0.0, 3.0, 2.0, 0.0, 0.0, 3.0, 2.0, 2.0, 0.0, 3.0, 2.0, 0.0, 3.0, 3.0, 0.0, 0.0, 4.0, 1.0, 1.0, 2.0, 2.0, 2.0, 2.0, 1.0, 3.0, 2.0, 1.0, 1.0, 1.0, 4.0, 1.0, 1.0, 4.0, 2.0, 1.0, 3.0, 2.0, 1.0, 1.0, 1.0, 2.0, 2.0, 1.0, 5.0, 3.0, 1.0, 0.0, 0.0, 3.0, 0.0, 0.0, 3.0, 3.0, 2.0, 0.0, 3.0, 3.0, 0.0, 0.0, 4.0, 3.0, 0.0, 0.0, 0.0, 0.0, 2.0, 0.0, 0.0, 3.0, 3.0, 2.0, 0.0, 0.0, 2.0, 0.0, 0.0, 3.0, 0.0, 0.0, 3.0, 3.0, 0.0, 0.0, 2.0, 1.0, 1.0, 1.0, 1.0, 2.0, 0.0, 0.0, 3.0, 2.0, 0.0, 0.0, 3.0, 0.0, 0.0, 0.0, 3.0, 0.0, 0.0, 3.0, 3.0, 0.0, 0.0, 2.0, 0.0, 0.0, 2.0, 2.0, 0.0, 0.0, 2.0, 2.0, 0.0, 0.0, 3.0, 2.0, 0.0, 0.0, 2.0, 0.0, 0.0, 3.0, 3.0, 0.0, 0.0, 3.0, 0.0, 0.0, 1.0, 1.0, 2.0, 0.0, 2.0, 2.0, 0.0, 2.0, 2.0, 0.0, 0.0, 3.0, 0.0, 0.0, 3.0, 3.0, 0.0, 0.0, 3.0, 0.0, 0.0, 2.0, 0.0, 0.0, 3.0, 3.0, 0.0, 0.0, 2.0, 0.0, 0.0, 3.0, 3.0, 0.0, 0.0, 2.0, 0.0, 0.0, 3.0, 2.0, 2.0, 0.0, 3.0, 3.0, 0.0, 0.0, 3.0, 0.0, 0.0, 3.0, 2.0, 0.0, 0.0, 1.0, 1.0, 0.0, 0.0, 0.0, 0.0, 1.0, 0.0, 0.0, 1.0, 0.0, 0.0, 3.0, 2.0, 2.0, 0.0, 0.0, 3.0, 0.0, 0.0, 2.0, 0.0, 0.0, 3.0, 3.0, 0.0, 0.0, 2.0, 2.0, 0.0, 0.0, 3.0, 1.0, 0.0, 2.0, 2.0, 0.0, 0.0, 2.0, 2.0, 1.0, 0.0, 3.0, 3.0, 0.0, 0.0, 3.0, 0.0, 0.0, 3.0, 1.0, 0.0, 0.0, 2.0, 2.0, 0.0, 0.0, 3.0, 0.0, 0.0, 2.0, 2.0, 0.0, 0.0, 2.0, 2.0, 0.0, 2.0, 2.0, 0.0, 0.0, 3.0, 0.0, 0.0, 2.0, 0.0, 0.0, 3.0, 2.0, 0.0, 0.0, 3.0, 0.0, 0.0, 2.0, 2.0, 1.0, 1.0, 1.0, 4.0, 0.0, 0.0, 3.0, 3.0, 0.0, 0.0, 2.0, 0.0, 0.0, 0.0, 3.0, 0.0, 0.0, 2.0, 0.0, 0.0]",0.5,0.5,0,"[33, 9, 12, 3, 3, 10, 9, 5, 6, 4, 3, 2, 3, 3, 3, 3, 2, 2, 2, 1, 2, 1, 4, 3, 4, 2, 3, 3, 2, 1, 1, 1, 3, 3, 3, 2, 5, 3, 1, 1, 1, 3, 2, 0, 0, 3, 0, 0, 4, 4, 0, 0, 3, 2, 3, 3, 0, 4, 4, 1, 1, 4, 2, 2, 0, 0, 3, 2, 0, 0, 3, 2, 2, 0, 3, 2, 0, 3, 3, 0, 0, 4, 1, 1, 2, 2, 2, 2, 1, 3, 2, 1, 1, 1, 4, 1, 1, 4, 2, 1, 3, 2, 1, 1, 1, 2, 2, 1, 5, 3, 1, 0, 0, 3, 0, 0, 3, 3, 2, 0, 3, 3, 0, 0, 4, 3, 0, 0, 0, 0, 2, 0, 0, 3, 3, 2, 0, 0, 2, 0, 0, 3, 0, 0, 3, 3, 0, 0, 2, 1, 1, 1, 1, 2, 0, 0, 3, 2, 0, 0, 3, 0, 0, 0, 3, 0, 0, 3, 3, 0, 0, 2, 0, 0, 2, 2, 0, 0, 2, 2, 0, 0, 3, 2, 0, 0, 2, 0, 0, 3, 3, 0, 0, 3, 0, 0, 1, 1, 2, 0, 2, 2, 0, 2, 2, 0, 0, 3, 0, 0, 3, 3, 0, 0, 3, 0, 0, 2, 0, 0, 3, 3, 0, 0, 2, 0, 0, 3, 3, 0, 0, 2, 0, 0, 3, 2, 2, 0, 3, 3, 0, 0, 3, 0, 0, 3, 2, 0, 0, 1, 1, 0, 0, 0, 0, 1, 0, 0, 1, 0, 0, 3, 2, 2, 0, 0, 3, 0, 0, 2, 0, 0, 3, 3, 0, 0, 2, 2, 0, 0, 3, 1, 0, 2, 2, 0, 0, 2, 2, 1, 0, 3, 3, 0, 0, 3, 0, 0, 3, 1, 0, 0, 2, 2, 0, 0, 3, 0, 0, 2, 2, 0, 0, 2, 2, 0, 2, 2, 0, 0, 3, 0, 0, 2, 0, 0, 3, 2, 0, 0, 3, 0, 0, 2, 2, 1, 1, 1, 4, 0, 0, 3, 3, 0, 0, 2, 0, 0, 0, 3, 0, 0, 2, 0, 0]",355,"[29.386451721191406, 8.131280899047852, 20.953168869018555, 39.830074310302734, 11.878978729248047, 31.561813354492188, 6.774608612060547, 18.849462509155273, 38.148921966552734, 15.64010238647461, 24.748857498168945, 7.901353359222412, 14.093061447143555, 26.480388641357422, 10.140196800231934, 17.2897891998291, 33.640411376953125, 8.294499397277832, 14.764052391052246, 19.002460479736328, 26.0942325592041, 0.7777137756347656, 16.520084381103516, 18.15473175048828, 34.42462921142578, 12.295848846435547, 28.523408889770508, 23.15914535522461, 20.499401092529297, 19.394649505615234, 7.301204204559326, 11.375310897827148, 24.20962905883789, 23.584341049194336, 57.345947265625, 16.092424392700195, 34.5900764465332, 7.933252334594727, 25.824451446533203, 8.370848655700684, 8.863205909729004, 18.557910919189453, 8.128607749938965, 21.450817108154297, 11.073259353637695, 11.318731307983398, 31.090105056762695, 7.618463039398193, 27.28204345703125, 24.730985641479492, 20.655517578125, 29.80744171142578, 16.427637100219727, 2.201913833618164, 24.266603469848633, 56.5458869934082, 14.372729301452637, 36.40611267089844, 7.045432090759277, 25.38840103149414, 1.4587996006011963, 15.416656494140625, 32.321388244628906, 7.682384014129639, 17.937213897705078, 31.772140502929688, 9.221638679504395, 9.79841423034668, 27.11014175415039, 1.066064476966858, 17.76378631591797, 26.409029006958008, 7.122849941253662, 13.184447288513184, 27.85779571533203, 9.263178825378418, 12.128100395202637, 27.217744827270508, 45.065616607666016, 20.60232925415039, 37.822166442871094, 7.7643585205078125, 28.1026554107666, 2.444507598876953, 17.84246826171875, 25.133718490600586, 22.28057289123535, 13.9992094039917, 16.396503448486328, 34.49060821533203, 9.931458473205566, 1.9172425270080566, 23.940139770507812, 31.44622230529785, 14.495716094970703, 30.6203556060791, 4.598592758178711, 26.391986846923828, 22.8381404876709, 17.999801635742188, 35.64400863647461, 9.572525978088379, 17.770221710205078, 15.528926849365234, 7.386416435241699, 28.466747283935547, 11.305988311767578, 18.130876541137695, 38.775787353515625, 9.999051094055176, 7.487112045288086, 26.082944869995117, 2.7315335273742676, 19.409639358520508, 35.386722564697266, 9.4639892578125, 29.174673080444336, 8.139077186584473, 14.818814277648926, 17.827835083007812, 32.02827835083008, 4.011478424072266, 38.96476745605469, 17.289648056030273, 34.58498001098633, 6.296746253967285, 28.883466720581055, 6.594321250915527, 0.5843767523765564, 5.376729965209961, 20.859642028808594, 37.061344146728516, 14.678943634033203, 32.92192077636719, 8.097636222839355, 15.054903984069824, 19.643667221069336, 12.304235458374023, 11.207890510559082, 29.9819393157959, 5.9573798179626465, 20.25718879699707, 35.839683532714844, 11.553991317749023, 27.524965286254883, 30.50054359436035, 21.615800857543945, 34.0823860168457, 16.256797790527344, 34.634498596191406, 13.074956893920898, 27.183046340942383, 2.6896538734436035, 19.133028030395508, 34.343528747558594, 12.269617080688477, 24.317617416381836, 21.236433029174805, 27.320653915405273, 7.493216514587402, 19.734310150146484, 36.87458801269531, 14.035533905029297, 32.28348159790039, 14.800573348999023, 32.696048736572266, 9.058319091796875, 27.876903533935547, 37.539302825927734, 22.7933349609375, 12.70458984375, 17.978046417236328, 35.4359016418457, 14.787431716918945, 33.2042350769043, 5.846758842468262, 24.7452335357666, 20.444740295410156, 17.069664001464844, 11.251338005065918, 29.81397247314453, 4.1002302169799805, 18.595470428466797, 7.518238067626953, 27.835918426513672, 2.165397882461548, 19.597814559936523, 34.62314224243164, 11.345335960388184, 27.416994094848633, 29.840696334838867, 23.048437118530273, 18.61292266845703, 14.547443389892578, 35.152828216552734, 12.807825088500977, 22.638132095336914, 11.129108428955078, 9.521646499633789, 19.194623947143555, 33.250919342041016, 8.196440696716309, 15.47301959991455, 29.09282875061035, 3.188570976257324, 23.678333282470703, 8.951915740966797, 12.461688995361328, 32.855621337890625, 8.399118423461914, 26.183320999145508, 34.803138732910156, 20.900405883789062, 48.55120086669922, 8.160954475402832, 26.0846004486084, 3.9921486377716064, 18.317699432373047, 35.582420349121094, 12.890398025512695, 31.03609848022461, 25.19598960876465, 22.622220993041992, 26.32589340209961, 12.148277282714844, 32.611297607421875, 8.693597793579102, 26.644920349121094, 43.17372131347656, 19.294404983520508, 32.563819885253906, 10.1738920211792, 31.109643936157227, 6.822260856628418, 23.69499969482422, 34.9597282409668, 8.288448333740234, 16.691917419433594, 32.42156219482422, 4.663928031921387, 27.304710388183594, 4.548130035400391, 14.414393424987793, 34.48141098022461, 12.813175201416016, 27.178821563720703, 8.539375305175781, 29.246749877929688, 9.243995666503906, 23.653902053833008, 1.865841269493103, 5.648123741149902, 9.114044189453125, 23.802623748779297, 2.5266854763031006, 18.108909606933594, 22.491348266601562, 3.303387403488159, 17.977888107299805, 29.895307540893555, 10.2372465133667, 23.588579177856445, 24.988130569458008, 34.45041275024414, 19.77520751953125, 28.943727493286133, 8.417719841003418, 25.52437973022461, 2.984116792678833, 17.632549285888672, 35.11410903930664, 10.7200927734375, 31.252208709716797, 3.5743706226348877, 37.809059143066406, 16.147754669189453, 32.802799224853516, 6.576963424682617, 26.5103702545166, 2.218951463699341, 19.896757125854492, 39.1783332824707, 16.311189651489258, 33.287200927734375, 10.190427780151367, 27.310871124267578, 1.594147801399231, 22.252103805541992, 25.94223403930664, 9.023914337158203, 15.557486534118652, 32.14270782470703, 9.129393577575684, 20.40692138671875, 19.016990661621094, 6.980206489562988, 30.3834171295166, 6.022419452667236, 21.301307678222656, 40.488311767578125, 19.05899429321289, 30.46161651611328, 9.294540405273438, 21.897052764892578, 21.281766891479492, 37.782535552978516, 14.1065092086792, 30.819643020629883, 7.67070198059082, 27.245534896850586, 2.452085018157959, 30.978437423706055, 8.796918869018555, 25.658275604248047, 16.374826431274414, 16.276592254638672, 34.90050506591797, 6.66619873046875, 22.547260284423828, 24.702880859375, 14.894037246704102, 30.46477508544922, 6.398838043212891, 22.689844131469727, 34.31236267089844, 12.41061782836914, 30.106117248535156, 3.3842592239379883, 23.3504581451416, 15.225019454956055, 12.306798934936523, 32.129920959472656, 10.7771577835083, 28.977455139160156, 8.885812759399414, 10.018526077270508, 28.66640853881836, 2.6064417362213135, 21.585956573486328, 38.31828689575195, 15.83926010131836, 34.19527816772461, 7.803040981292725, 25.198768615722656, 2.486906051635742, 19.48394012451172, 37.78929138183594, 14.722551345825195, 10.626570701599121, 16.268157958984375, 27.822372436523438, 4.930475234985352, 20.121774673461914, 36.476531982421875, 14.588957786560059]",0.0,"[33.0, 9.0, 12.0, 3.0, 3.0, 10.0, 9.0, 5.0, 6.0, 4.0, 3.0, 2.0, 3.0, 3.0, 3.0, 3.0, 2.0, 2.0, 2.0, 1.0, 2.0, 1.0, 4.0, 3.0, 4.0, 2.0, 3.0, 3.0, 2.0, 1.0, 1.0, 1.0, 3.0, 3.0, 3.0, 2.0, 5.0, 3.0, 1.0, 1.0, 1.0, 3.0, 2.0, 0.0, 0.0, 3.0, 0.0, 0.0, 4.0, 4.0, 0.0, 0.0, 3.0, 2.0, 3.0, 3.0, 0.0, 4.0, 4.0, 1.0, 1.0, 4.0, 2.0, 2.0, 0.0, 0.0, 3.0, 2.0, 0.0, 0.0, 3.0, 2.0, 2.0, 0.0, 3.0, 2.0, 0.0, 3.0, 3.0, 0.0, 0.0, 4.0, 1.0, 1.0, 2.0, 2.0, 2.0, 2.0, 1.0, 3.0, 2.0, 1.0, 1.0, 1.0, 4.0, 1.0, 1.0, 4.0, 2.0, 1.0, 3.0, 2.0, 1.0, 1.0, 1.0, 2.0, 2.0, 1.0, 5.0, 3.0, 1.0, 0.0, 0.0, 3.0, 0.0, 0.0, 3.0, 3.0, 2.0, 0.0, 3.0, 3.0, 0.0, 0.0, 4.0, 3.0, 0.0, 0.0, 0.0, 0.0, 2.0, 0.0, 0.0, 3.0, 3.0, 2.0, 0.0, 0.0, 2.0, 0.0, 0.0, 3.0, 0.0, 0.0, 3.0, 3.0, 0.0, 0.0, 2.0, 1.0, 1.0, 1.0, 1.0, 2.0, 0.0, 0.0, 3.0, 2.0, 0.0, 0.0, 3.0, 0.0, 0.0, 0.0, 3.0, 0.0, 0.0, 3.0, 3.0, 0.0, 0.0, 2.0, 0.0, 0.0, 2.0, 2.0, 0.0, 0.0, 2.0, 2.0, 0.0, 0.0, 3.0, 2.0, 0.0, 0.0, 2.0, 0.0, 0.0, 3.0, 3.0, 0.0, 0.0, 3.0, 0.0, 0.0, 1.0, 1.0, 2.0, 0.0, 2.0, 2.0, 0.0, 2.0, 2.0, 0.0, 0.0, 3.0, 0.0, 0.0, 3.0, 3.0, 0.0, 0.0, 3.0, 0.0, 0.0, 2.0, 0.0, 0.0, 3.0, 3.0, 0.0, 0.0, 2.0, 0.0, 0.0, 3.0, 3.0, 0.0, 0.0, 2.0, 0.0, 0.0, 3.0, 2.0, 2.0, 0.0, 3.0, 3.0, 0.0, 0.0, 3.0, 0.0, 0.0, 3.0, 2.0, 0.0, 0.0, 1.0, 1.0, 0.0, 0.0, 0.0, 0.0, 1.0, 0.0, 0.0, 1.0, 0.0, 0.0, 3.0, 2.0, 2.0, 0.0, 0.0, 3.0, 0.0, 0.0, 2.0, 0.0, 0.0, 3.0, 3.0, 0.0, 0.0, 2.0, 2.0, 0.0, 0.0, 3.0, 1.0, 0.0, 2.0, 2.0, 0.0, 0.0, 2.0, 2.0, 1.0, 0.0, 3.0, 3.0, 0.0, 0.0, 3.0, 0.0, 0.0, 3.0, 1.0, 0.0, 0.0, 2.0, 2.0, 0.0, 0.0, 3.0, 0.0, 0.0, 2.0, 2.0, 0.0, 0.0, 2.0, 2.0, 0.0, 2.0, 2.0, 0.0, 0.0, 3.0, 0.0, 0.0, 2.0, 0.0, 0.0, 3.0, 2.0, 0.0, 0.0, 3.0, 0.0, 0.0, 2.0, 2.0, 1.0, 1.0, 1.0, 4.0, 0.0, 0.0, 3.0, 3.0, 0.0, 0.0, 2.0, 0.0, 0.0, 0.0, 3.0, 0.0, 0.0, 2.0, 0.0, 0.0]",COMPLETE
