,number,value,datetime_start,datetime_complete,duration,params_batch_size_scaler,params_constant_learning_rate,params_depth,params_epochs,params_kernel_l2,params_num_trees,params_temperature,user_attrs_accuracy_test,user_attrs_accuracy_valid,user_attrs_approximate_feature_sparsity,user_attrs_approximate_feature_sparsity_history,user_attrs_approximate_weight_sparsity,user_attrs_approximate_weight_sparsity_history,user_attrs_auc_test,user_attrs_auc_valid,user_attrs_feature_sparsity,user_attrs_feature_sparsity_history,user_attrs_num_epochs,user_attrs_val_loss_history,user_attrs_weight_sparsity,user_attrs_weight_sparsity_history,state
97,97,0.5,2024-08-31 04:16:38.504525,2024-08-31 04:17:06.666313,0 days 00:00:28.161788,16,9.98678578324476,4,150,0.008175619524965549,20,0.005931931707708356,0.859,0.85875,0,"[0, 0, 0, 0, 0, 0, 0, 0, 0, 0, 0, 0, 0, 0, 0, 0, 0, 0, 0, 0, 0, 0, 0, 0, 0, 0, 0, 0, 0, 0, 0, 0, 0, 0, 0, 0, 0, 0, 0, 0, 0, 0, 0, 0, 0, 0, 0, 0, 0, 0, 0, 0, 0, 0, 0, 0, 0, 0, 0, 0, 0, 0, 0, 0, 0, 0, 0, 0, 0, 0, 0, 0, 0, 0, 0, 0, 0, 0, 0, 0, 0, 0, 0, 0, 0, 0, 0, 0, 0, 0, 0, 0, 0, 0, 0, 0, 0, 0, 0, 0, 0, 0, 0, 0, 0, 0, 0, 0, 0, 0, 0, 0, 0, 0, 0, 0, 0, 0, 0, 0, 0, 0, 0, 0, 0, 0, 0, 0, 0, 0, 0, 0, 0, 0, 0, 0, 0, 0, 0, 0, 0, 0, 0, 0, 0, 0, 0, 0, 0, 0]",0.0,"[0.0, 0.0, 0.0, 0.0, 0.0, 0.0, 0.0, 0.0, 0.0, 0.0, 0.0, 0.0, 0.0, 0.0, 0.0, 0.0, 0.0, 0.0, 0.0, 0.0, 0.0, 0.0, 0.0, 0.0, 0.0, 0.0, 0.0, 0.0, 0.0, 0.0, 0.0, 0.0, 0.0, 0.0, 0.0, 0.0, 0.0, 0.0, 0.0, 0.0, 0.0, 0.0, 0.0, 0.0, 0.0, 0.0, 0.0, 0.0, 0.0, 0.0, 0.0, 0.0, 0.0, 0.0, 0.0, 0.0, 0.0, 0.0, 0.0, 0.0, 0.0, 0.0, 0.0, 0.0, 0.0, 0.0, 0.0, 0.0, 0.0, 0.0, 0.0, 0.0, 0.0, 0.0, 0.0, 0.0, 0.0, 0.0, 0.0, 0.0, 0.0, 0.0, 0.0, 0.0, 0.0, 0.0, 0.0, 0.0, 0.0, 0.0, 0.0, 0.0, 0.0, 0.0, 0.0, 0.0, 0.0, 0.0, 0.0, 0.0, 0.0, 0.0, 0.0, 0.0, 0.0, 0.0, 0.0, 0.0, 0.0, 0.0, 0.0, 0.0, 0.0, 0.0, 0.0, 0.0, 0.0, 0.0, 0.0, 0.0, 0.0, 0.0, 0.0, 0.0, 0.0, 0.0, 0.0, 0.0, 0.0, 0.0, 0.0, 0.0, 0.0, 0.0, 0.0, 0.0, 0.0, 0.0, 0.0, 0.0, 0.0, 0.0, 0.0, 0.0, 0.0, 0.0, 0.0, 0.0, 0.0, 0.0]",0.5,0.5,0,"[0, 0, 0, 0, 0, 0, 0, 0, 0, 0, 0, 0, 0, 0, 0, 0, 0, 0, 0, 0, 0, 0, 0, 0, 0, 0, 0, 0, 0, 0, 0, 0, 0, 0, 0, 0, 0, 0, 0, 0, 0, 0, 0, 0, 0, 0, 0, 0, 0, 0, 0, 0, 0, 0, 0, 0, 0, 0, 0, 0, 0, 0, 0, 0, 0, 0, 0, 0, 0, 0, 0, 0, 0, 0, 0, 0, 0, 0, 0, 0, 0, 0, 0, 0, 0, 0, 0, 0, 0, 0, 0, 0, 0, 0, 0, 0, 0, 0, 0, 0, 0, 0, 0, 0, 0, 0, 0, 0, 0, 0, 0, 0, 0, 0, 0, 0, 0, 0, 0, 0, 0, 0, 0, 0, 0, 0, 0, 0, 0, 0, 0, 0, 0, 0, 0, 0, 0, 0, 0, 0, 0, 0, 0, 0, 0, 0, 0, 0, 0, 0]",150,"[1.0659961700439453, 0.4250209927558899, 0.5179005265235901, 0.43776580691337585, 1.393932819366455, 0.4849672019481659, 0.4193875193595886, 1.0203654766082764, 0.4091498851776123, 0.4393545985221863, 0.5898100137710571, 0.5853226184844971, 0.6142930388450623, 0.5972675085067749, 0.4073145389556885, 0.58025723695755, 0.5911208987236023, 0.44826385378837585, 0.5280294418334961, 0.450825572013855, 0.9049113988876343, 0.6391008496284485, 0.7864221334457397, 0.5626853704452515, 1.76067316532135, 0.6605151295661926, 0.47299593687057495, 0.45806097984313965, 0.4460205137729645, 0.4194164574146271, 0.5827938318252563, 0.4073788821697235, 0.48056289553642273, 1.0542917251586914, 0.48578375577926636, 0.650500476360321, 0.43015626072883606, 0.7206146121025085, 0.9353826642036438, 0.584823489189148, 0.6303958296775818, 0.5246424674987793, 0.4624713063240051, 0.48765963315963745, 0.49373215436935425, 0.4899210035800934, 0.4102199077606201, 0.4084674119949341, 0.8666539788246155, 0.42863979935646057, 0.4265134930610657, 0.4138346016407013, 0.8799018859863281, 0.43589961528778076, 0.6572015285491943, 0.4212203323841095, 0.530290424823761, 0.4143446981906891, 1.3547228574752808, 0.4949202835559845, 0.6419934630393982, 0.43980130553245544, 0.4659983813762665, 0.48122334480285645, 0.44481101632118225, 0.4792346954345703, 1.0292266607284546, 0.5228729248046875, 0.4564090967178345, 0.4246133863925934, 1.4501436948776245, 0.482361376285553, 0.447465717792511, 0.6705901622772217, 0.40893757343292236, 0.45842689275741577, 0.5318728685379028, 0.4152520000934601, 0.8922203779220581, 0.4077363908290863, 1.135741949081421, 0.4239542782306671, 0.4440577030181885, 0.6998476982116699, 0.4096808135509491, 0.8794171214103699, 0.5004105567932129, 0.4075964391231537, 0.5998013019561768, 0.7253393530845642, 0.506355881690979, 0.4315916895866394, 0.699005663394928, 0.40726974606513977, 0.4092077314853668, 0.4713428020477295, 0.4778865873813629, 0.43616142868995667, 0.414515882730484, 0.6908345222473145, 0.5295401215553284, 0.7661589980125427, 0.7662535905838013, 1.0045199394226074, 0.4146568775177002, 0.4816925823688507, 0.8669282793998718, 0.4094622731208801, 0.8658954501152039, 0.4534064531326294, 0.7758742570877075, 0.4671788513660431, 1.0041272640228271, 0.46829724311828613, 0.40844810009002686, 1.0010942220687866, 1.0580710172653198, 1.0111517906188965, 0.4236964285373688, 0.9994752407073975, 0.5008904933929443, 0.4113824963569641, 1.1101043224334717, 0.5835897922515869, 2.0447685718536377, 0.46216729283332825, 0.4551541805267334, 0.4578816592693329, 0.9176016449928284, 0.4084806740283966, 0.49872899055480957, 0.41065719723701477, 0.4252140522003174, 0.4900890290737152, 0.41588348150253296, 0.4072338044643402, 0.507502019405365, 0.5359199643135071, 0.6629164218902588, 0.4890579283237457, 0.42195799946784973, 0.5486046075820923, 0.5034152865409851, 0.4326232969760895, 0.4142202138900757, 0.4118049144744873, 0.5219312906265259, 0.6413359045982361, 1.1139250993728638, 0.6451148986816406]",0.0,"[0.0, 0.0, 0.0, 0.0, 0.0, 0.0, 0.0, 0.0, 0.0, 0.0, 0.0, 0.0, 0.0, 0.0, 0.0, 0.0, 0.0, 0.0, 0.0, 0.0, 0.0, 0.0, 0.0, 0.0, 0.0, 0.0, 0.0, 0.0, 0.0, 0.0, 0.0, 0.0, 0.0, 0.0, 0.0, 0.0, 0.0, 0.0, 0.0, 0.0, 0.0, 0.0, 0.0, 0.0, 0.0, 0.0, 0.0, 0.0, 0.0, 0.0, 0.0, 0.0, 0.0, 0.0, 0.0, 0.0, 0.0, 0.0, 0.0, 0.0, 0.0, 0.0, 0.0, 0.0, 0.0, 0.0, 0.0, 0.0, 0.0, 0.0, 0.0, 0.0, 0.0, 0.0, 0.0, 0.0, 0.0, 0.0, 0.0, 0.0, 0.0, 0.0, 0.0, 0.0, 0.0, 0.0, 0.0, 0.0, 0.0, 0.0, 0.0, 0.0, 0.0, 0.0, 0.0, 0.0, 0.0, 0.0, 0.0, 0.0, 0.0, 0.0, 0.0, 0.0, 0.0, 0.0, 0.0, 0.0, 0.0, 0.0, 0.0, 0.0, 0.0, 0.0, 0.0, 0.0, 0.0, 0.0, 0.0, 0.0, 0.0, 0.0, 0.0, 0.0, 0.0, 0.0, 0.0, 0.0, 0.0, 0.0, 0.0, 0.0, 0.0, 0.0, 0.0, 0.0, 0.0, 0.0, 0.0, 0.0, 0.0, 0.0, 0.0, 0.0, 0.0, 0.0, 0.0, 0.0, 0.0, 0.0]",COMPLETE
98,98,0.5,2024-08-31 04:17:08.457260,2024-08-31 04:39:08.662799,0 days 00:22:00.205539,1,5.846494036104216,6,420,0.004380322035190251,50,0.020590950230957424,0.859,0.85875,0,"[0, 0, 0, 0, 0, 0, 0, 0, 0, 0, 0, 0, 0, 0, 0, 0, 0, 0, 0, 0, 0, 0, 0, 0, 0, 0, 0, 0, 0, 0, 0, 0, 0, 0, 0, 0, 0, 0, 0, 0, 0, 0, 0, 0, 0, 0, 0, 0, 0, 0, 0, 0, 0, 0, 0, 0, 0, 0, 0, 0, 0, 0, 0, 0, 0, 0, 0, 0, 0, 0, 0, 0, 0, 0, 0, 0, 0, 0, 0, 0, 0, 0, 0, 0, 0, 0, 0, 0, 0, 0, 0, 0, 0, 0, 0, 0, 0, 0, 0, 0, 0, 0, 0, 0, 0, 0, 0, 0, 0, 0, 0, 0, 0, 0, 0, 0, 0, 0, 0, 0, 0, 0, 0, 0, 0, 0, 0, 0, 0, 0, 0, 0, 0, 0, 0, 0, 0, 0, 0, 0, 0, 0, 0, 0, 0, 0, 0, 0, 0, 0, 0, 0, 0, 0, 0, 0, 0, 0, 0, 0, 0, 0, 0, 0, 0, 0, 0, 0, 0, 0, 0, 0, 0, 0, 0, 0, 0, 0, 0, 0, 0, 0, 0, 0, 0, 0, 0, 0, 0, 0, 0, 0, 0, 0, 0, 0, 0, 0, 0, 0, 0, 0, 0, 0, 0, 0, 0, 0, 0, 0, 0, 0, 0, 0, 0, 0, 0, 0, 0, 0, 0, 0, 0, 0, 0, 0, 0, 0, 0, 0, 0, 0, 0, 0, 0, 0, 0, 0, 0, 0, 0, 0, 0, 0, 0, 0, 0, 0, 0, 0, 0, 0, 0, 0, 0, 0, 0, 0, 0, 0, 0, 0, 0, 0, 0, 0, 0, 0, 0, 0, 0, 0, 0, 0, 0, 0, 0, 0, 0, 0, 0, 0, 0, 0, 0, 0, 0, 0, 0, 0, 0, 0, 0, 0, 0, 0, 0, 0, 0, 0, 0, 0, 0, 0, 0, 0, 0, 0, 0, 0, 0, 0, 0, 0, 0, 0, 0, 0, 0, 0, 0, 0, 0, 0, 0, 0, 0, 0, 0, 0, 0, 0, 0, 0, 0, 0, 0, 0, 0, 0, 0, 0, 0, 0, 0, 0, 0, 0, 0, 0, 0, 0, 0, 0, 0, 0, 0, 0, 0, 0, 0, 0, 0, 0, 0, 0, 0, 0, 0, 0, 0, 0, 0, 0, 0, 0, 0, 0, 0, 0, 0, 0, 0, 0, 0, 0, 0, 0, 0, 0, 0, 0, 0, 0, 0, 0, 0, 0, 0, 0, 0, 0, 0, 0, 0, 0, 0, 0, 0, 0, 0, 0, 0, 0, 0, 0, 0, 0, 0, 0]",0.0,"[0.0, 0.0, 0.0, 0.0, 0.0, 0.0, 0.0, 0.0, 0.0, 0.0, 0.0, 0.0, 0.0, 0.0, 0.0, 0.0, 0.0, 0.0, 0.0, 0.0, 0.0, 0.0, 0.0, 0.0, 0.0, 0.0, 0.0, 0.0, 0.0, 0.0, 0.0, 0.0, 0.0, 0.0, 0.0, 0.0, 0.0, 0.0, 0.0, 0.0, 0.0, 0.0, 0.0, 0.0, 0.0, 0.0, 0.0, 0.0, 0.0, 0.0, 0.0, 0.0, 0.0, 0.0, 0.0, 0.0, 0.0, 0.0, 0.0, 0.0, 0.0, 0.0, 0.0, 0.0, 0.0, 0.0, 0.0, 0.0, 0.0, 0.0, 0.0, 0.0, 0.0, 0.0, 0.0, 0.0, 0.0, 0.0, 0.0, 0.0, 0.0, 0.0, 0.0, 0.0, 0.0, 0.0, 0.0, 0.0, 0.0, 0.0, 0.0, 0.0, 0.0, 0.0, 0.0, 0.0, 0.0, 0.0, 0.0, 0.0, 0.0, 0.0, 0.0, 0.0, 0.0, 0.0, 0.0, 0.0, 0.0, 0.0, 0.0, 0.0, 0.0, 0.0, 0.0, 0.0, 0.0, 0.0, 0.0, 0.0, 0.0, 0.0, 0.0, 0.0, 0.0, 0.0, 0.0, 0.0, 0.0, 0.0, 0.0, 0.0, 0.0, 0.0, 0.0, 0.0, 0.0, 0.0, 0.0, 0.0, 0.0, 0.0, 0.0, 0.0, 0.0, 0.0, 0.0, 0.0, 0.0, 0.0, 0.0, 0.0, 0.0, 0.0, 0.0, 0.0, 0.0, 0.0, 0.0, 0.0, 0.0, 0.0, 0.0, 0.0, 0.0, 0.0, 0.0, 0.0, 0.0, 0.0, 0.0, 0.0, 0.0, 0.0, 0.0, 0.0, 0.0, 0.0, 0.0, 0.0, 0.0, 0.0, 0.0, 0.0, 0.0, 0.0, 0.0, 0.0, 0.0, 0.0, 0.0, 0.0, 0.0, 0.0, 0.0, 0.0, 0.0, 0.0, 0.0, 0.0, 0.0, 0.0, 0.0, 0.0, 0.0, 0.0, 0.0, 0.0, 0.0, 0.0, 0.0, 0.0, 0.0, 0.0, 0.0, 0.0, 0.0, 0.0, 0.0, 0.0, 0.0, 0.0, 0.0, 0.0, 0.0, 0.0, 0.0, 0.0, 0.0, 0.0, 0.0, 0.0, 0.0, 0.0, 0.0, 0.0, 0.0, 0.0, 0.0, 0.0, 0.0, 0.0, 0.0, 0.0, 0.0, 0.0, 0.0, 0.0, 0.0, 0.0, 0.0, 0.0, 0.0, 0.0, 0.0, 0.0, 0.0, 0.0, 0.0, 0.0, 0.0, 0.0, 0.0, 0.0, 0.0, 0.0, 0.0, 0.0, 0.0, 0.0, 0.0, 0.0, 0.0, 0.0, 0.0, 0.0, 0.0, 0.0, 0.0, 0.0, 0.0, 0.0, 0.0, 0.0, 0.0, 0.0, 0.0, 0.0, 0.0, 0.0, 0.0, 0.0, 0.0, 0.0, 0.0, 0.0, 0.0, 0.0, 0.0, 0.0, 0.0, 0.0, 0.0, 0.0, 0.0, 0.0, 0.0, 0.0, 0.0, 0.0, 0.0, 0.0, 0.0, 0.0, 0.0, 0.0, 0.0, 0.0, 0.0, 0.0, 0.0, 0.0, 0.0, 0.0, 0.0, 0.0, 0.0, 0.0, 0.0, 0.0, 0.0, 0.0, 0.0, 0.0, 0.0, 0.0, 0.0, 0.0, 0.0, 0.0, 0.0, 0.0, 0.0, 0.0, 0.0, 0.0, 0.0, 0.0, 0.0, 0.0, 0.0, 0.0, 0.0, 0.0, 0.0, 0.0, 0.0, 0.0, 0.0, 0.0, 0.0, 0.0, 0.0, 0.0, 0.0, 0.0, 0.0, 0.0, 0.0, 0.0, 0.0, 0.0, 0.0, 0.0, 0.0, 0.0, 0.0, 0.0, 0.0, 0.0, 0.0, 0.0, 0.0, 0.0, 0.0, 0.0, 0.0, 0.0, 0.0, 0.0, 0.0, 0.0, 0.0, 0.0, 0.0, 0.0, 0.0, 0.0, 0.0, 0.0, 0.0, 0.0, 0.0, 0.0, 0.0, 0.0, 0.0, 0.0, 0.0, 0.0, 0.0, 0.0, 0.0, 0.0, 0.0, 0.0, 0.0, 0.0, 0.0, 0.0]",0.5,0.5,0,"[0, 0, 0, 0, 0, 0, 0, 0, 0, 0, 0, 0, 0, 0, 0, 0, 0, 0, 0, 0, 0, 0, 0, 0, 0, 0, 0, 0, 0, 0, 0, 0, 0, 0, 0, 0, 0, 0, 0, 0, 0, 0, 0, 0, 0, 0, 0, 0, 0, 0, 0, 0, 0, 0, 0, 0, 0, 0, 0, 0, 0, 0, 0, 0, 0, 0, 0, 0, 0, 0, 0, 0, 0, 0, 0, 0, 0, 0, 0, 0, 0, 0, 0, 0, 0, 0, 0, 0, 0, 0, 0, 0, 0, 0, 0, 0, 0, 0, 0, 0, 0, 0, 0, 0, 0, 0, 0, 0, 0, 0, 0, 0, 0, 0, 0, 0, 0, 0, 0, 0, 0, 0, 0, 0, 0, 0, 0, 0, 0, 0, 0, 0, 0, 0, 0, 0, 0, 0, 0, 0, 0, 0, 0, 0, 0, 0, 0, 0, 0, 0, 0, 0, 0, 0, 0, 0, 0, 0, 0, 0, 0, 0, 0, 0, 0, 0, 0, 0, 0, 0, 0, 0, 0, 0, 0, 0, 0, 0, 0, 0, 0, 0, 0, 0, 0, 0, 0, 0, 0, 0, 0, 0, 0, 0, 0, 0, 0, 0, 0, 0, 0, 0, 0, 0, 0, 0, 0, 0, 0, 0, 0, 0, 0, 0, 0, 0, 0, 0, 0, 0, 0, 0, 0, 0, 0, 0, 0, 0, 0, 0, 0, 0, 0, 0, 0, 0, 0, 0, 0, 0, 0, 0, 0, 0, 0, 0, 0, 0, 0, 0, 0, 0, 0, 0, 0, 0, 0, 0, 0, 0, 0, 0, 0, 0, 0, 0, 0, 0, 0, 0, 0, 0, 0, 0, 0, 0, 0, 0, 0, 0, 0, 0, 0, 0, 0, 0, 0, 0, 0, 0, 0, 0, 0, 0, 0, 0, 0, 0, 0, 0, 0, 0, 0, 0, 0, 0, 0, 0, 0, 0, 0, 0, 0, 0, 0, 0, 0, 0, 0, 0, 0, 0, 0, 0, 0, 0, 0, 0, 0, 0, 0, 0, 0, 0, 0, 0, 0, 0, 0, 0, 0, 0, 0, 0, 0, 0, 0, 0, 0, 0, 0, 0, 0, 0, 0, 0, 0, 0, 0, 0, 0, 0, 0, 0, 0, 0, 0, 0, 0, 0, 0, 0, 0, 0, 0, 0, 0, 0, 0, 0, 0, 0, 0, 0, 0, 0, 0, 0, 0, 0, 0, 0, 0, 0, 0, 0, 0, 0, 0, 0, 0, 0, 0, 0, 0, 0, 0, 0, 0, 0, 0, 0, 0, 0, 0, 0, 0, 0, 0, 0]",420,"[0.4111121892929077, 0.4996553659439087, 0.4148702919483185, 0.5896733403205872, 0.5970122814178467, 0.4345960319042206, 0.5707196593284607, 0.4339483976364136, 0.4259839355945587, 0.47384586930274963, 0.4403765797615051, 0.4858151972293854, 0.40843379497528076, 0.8114883303642273, 0.41413429379463196, 0.4818159341812134, 0.41977497935295105, 0.4301222860813141, 0.4116647243499756, 0.43357834219932556, 0.422756552696228, 0.4115910232067108, 0.4335026443004608, 0.5234590172767639, 0.41168516874313354, 0.40865322947502136, 0.44013309478759766, 0.4161158502101898, 0.40842971205711365, 0.4099363088607788, 0.41893088817596436, 0.44106924533843994, 0.42708438634872437, 0.4389491379261017, 0.4410437047481537, 0.41506606340408325, 0.4678010940551758, 0.4115781784057617, 0.43328219652175903, 0.40849512815475464, 0.4367362856864929, 0.4117763936519623, 0.412666916847229, 0.6176815032958984, 0.40988051891326904, 0.40999558568000793, 0.4818560481071472, 0.41089221835136414, 0.4178190231323242, 0.4391193389892578, 0.43341803550720215, 0.4084637463092804, 0.4085249602794647, 0.4084649384021759, 0.42676421999931335, 0.49807339906692505, 0.4955720603466034, 0.4331883192062378, 0.4609034061431885, 0.40852999687194824, 0.4083918333053589, 0.41921916604042053, 0.4836769104003906, 0.41369789838790894, 0.4110843241214752, 0.5268473625183105, 0.4294315278530121, 0.44971442222595215, 0.46501195430755615, 0.4381277561187744, 0.4072764217853546, 0.40849921107292175, 0.41206198930740356, 0.4130931496620178, 0.41225457191467285, 0.5285390615463257, 0.49725794792175293, 0.6918046474456787, 0.4647057056427002, 0.5117053389549255, 0.47800639271736145, 0.4589451253414154, 0.40751808881759644, 0.4571000039577484, 0.4134281277656555, 0.40839117765426636, 0.4421572983264923, 0.6270143389701843, 0.41460976004600525, 0.48171597719192505, 0.4084998369216919, 0.4087585210800171, 0.44167059659957886, 0.408753365278244, 0.40842577815055847, 0.4410327672958374, 0.43413180112838745, 0.6164938807487488, 0.4799916744232178, 0.40839114785194397, 0.44229239225387573, 0.6145004034042358, 0.4084729850292206, 0.6645532250404358, 0.48347076773643494, 0.409786581993103, 0.43600043654441833, 0.4084276258945465, 0.4099336862564087, 0.4085419774055481, 0.4873760938644409, 0.4113560616970062, 0.5194246768951416, 0.5271785855293274, 0.43872252106666565, 0.4255262017250061, 0.40985772013664246, 0.42674514651298523, 0.4099443554878235, 0.407920241355896, 0.4821673631668091, 0.48343971371650696, 0.4161442220211029, 0.4352744221687317, 0.41450363397598267, 0.40722838044166565, 0.48238635063171387, 0.41832077503204346, 0.43090111017227173, 0.42398345470428467, 0.4409542977809906, 0.5888153314590454, 0.40767601132392883, 0.42629489302635193, 0.40736284852027893, 0.4422507584095001, 0.41904690861701965, 0.41606467962265015, 0.4103489816188812, 0.43313050270080566, 0.4258565604686737, 0.4113338887691498, 0.43843281269073486, 0.41154834628105164, 0.5884869694709778, 0.41106224060058594, 0.4938715100288391, 0.44240090250968933, 0.6149476766586304, 0.4084970951080322, 0.4834361672401428, 0.8041980266571045, 0.427227258682251, 0.43362948298454285, 0.4409937262535095, 0.41826435923576355, 0.41152653098106384, 0.4382389485836029, 0.47349321842193604, 0.48343369364738464, 0.41961342096328735, 0.40844887495040894, 0.6144974231719971, 0.6887958645820618, 0.40793219208717346, 0.44429150223731995, 0.4635744094848633, 0.44188323616981506, 0.40771856904029846, 0.4118953347206116, 0.42648202180862427, 0.44209298491477966, 0.40846848487854004, 0.41963472962379456, 0.41925087571144104, 0.41268977522850037, 0.4809147119522095, 0.4084201753139496, 0.47720664739608765, 0.4159686267375946, 0.47715499997138977, 0.6003780961036682, 0.4834286868572235, 0.4111655354499817, 0.4277433156967163, 0.4137834906578064, 0.4083915650844574, 0.4083912670612335, 0.4136887490749359, 0.4536101520061493, 0.4847978949546814, 0.44105425477027893, 0.4807475805282593, 0.4084920585155487, 0.44113701581954956, 0.4166891872882843, 0.4419081509113312, 0.4864409565925598, 0.41905906796455383, 0.4919075667858124, 0.4375258982181549, 0.4189598858356476, 0.433327853679657, 0.41138535737991333, 0.41963082551956177, 0.407287061214447, 0.41137850284576416, 0.4411265552043915, 0.4816732108592987, 0.5917718410491943, 0.4115932583808899, 0.40839430689811707, 0.45333707332611084, 0.4083912670612335, 0.41290283203125, 0.43372607231140137, 0.48179274797439575, 0.48259589076042175, 0.5652804970741272, 0.48659560084342957, 0.4150117039680481, 0.40845024585723877, 0.4812657833099365, 0.501111626625061, 0.6148693561553955, 0.4084077477455139, 0.42623046040534973, 0.41333937644958496, 0.5470282435417175, 0.49554091691970825, 0.41203761100769043, 0.47096017003059387, 0.4746527075767517, 0.4083033800125122, 0.43315452337265015, 0.4137815535068512, 0.4345221221446991, 0.625148355960846, 1.4758844375610352, 0.44208842515945435, 0.431132972240448, 0.5052530169487, 0.41005030274391174, 0.4166891872882843, 0.4227226674556732, 0.4834250509738922, 0.42038094997406006, 0.40971794724464417, 0.4185347259044647, 0.4141242504119873, 0.41219788789749146, 0.47106337547302246, 0.40858158469200134, 0.4890466332435608, 0.4464247226715088, 0.455646276473999, 0.7657669186592102, 0.4083912968635559, 0.4953923523426056, 0.40839138627052307, 0.407227486371994, 0.408403217792511, 0.4360435903072357, 0.41379109025001526, 0.4196324944496155, 0.44984206557273865, 0.427498996257782, 0.4334423542022705, 0.47719860076904297, 0.4118160307407379, 0.4113551080226898, 0.4282008707523346, 0.4659651815891266, 0.49496203660964966, 0.40839913487434387, 0.5314424633979797, 0.47010448575019836, 0.41205185651779175, 0.40842223167419434, 0.4738345742225647, 0.4465349316596985, 0.48157668113708496, 0.41953349113464355, 0.4136274456977844, 0.44428959488868713, 0.41543060541152954, 0.40858155488967896, 0.42012497782707214, 0.40887168049812317, 0.42585769295692444, 0.5841005444526672, 0.41096124053001404, 0.44942858815193176, 0.42641955614089966, 0.4120466709136963, 0.4134582579135895, 0.4079475402832031, 0.5229076147079468, 0.48341572284698486, 0.42278698086738586, 0.4108865261077881, 0.4732321500778198, 0.4812696874141693, 0.569381833076477, 0.4613017141819, 0.4418175220489502, 0.42625391483306885, 0.5034570097923279, 0.48188742995262146, 0.6978784203529358, 0.48074522614479065, 0.40841132402420044, 0.43888795375823975, 0.40846961736679077, 0.4424029290676117, 0.4083986282348633, 0.43312695622444153, 0.41167426109313965, 0.4099668562412262, 0.43057164549827576, 0.5587014555931091, 0.4116373360157013, 0.41963356733322144, 0.4091494083404541, 0.41372135281562805, 0.4113072156906128, 0.4083978533744812, 0.41723620891571045, 0.48478880524635315, 0.4113489091396332, 0.4421676695346832, 0.4126645624637604, 0.5201849937438965, 0.45977893471717834, 0.5056397914886475, 0.42272254824638367, 0.4139098823070526, 0.415150910615921, 0.5308144688606262, 0.4124545753002167, 0.46151062846183777, 0.41532179713249207, 0.4331269860267639, 0.48177242279052734, 0.49440547823905945, 0.4534588158130646, 0.43372783064842224, 0.48136985301971436, 0.44151929020881653, 0.4194736182689667, 0.410859078168869, 0.4131438434123993, 0.41930079460144043, 0.41887736320495605, 0.5355813503265381, 0.4633929133415222, 0.43354302644729614, 0.4658927917480469, 0.4815942347049713, 0.4338683784008026, 0.42979106307029724, 0.818094789981842, 0.4507484436035156, 0.4545792043209076, 0.48136985301971436, 0.48270493745803833, 0.40854141116142273, 0.4410454034805298, 0.44129276275634766, 0.4579525887966156, 0.44479015469551086, 0.41540515422821045, 0.4791215658187866, 0.41916728019714355, 0.4345243573188782, 0.410859078168869, 0.4084939956665039, 0.4096336364746094, 0.4110562205314636, 0.4192887842655182, 0.4072869122028351, 0.4698912501335144, 0.41376248002052307, 0.41913527250289917, 0.4334508776664734, 0.5206637382507324, 0.4143402576446533, 0.41386744379997253, 0.47551479935646057, 0.41345396637916565, 0.4703831374645233, 0.44109776616096497, 0.40738898515701294, 0.43329960107803345, 0.4108610153198242, 0.46325597167015076, 0.42482325434684753, 0.43536391854286194, 0.43314850330352783, 0.4123523235321045, 0.42138540744781494, 0.460430383682251, 0.4659287631511688, 0.4163774847984314, 0.4167281985282898, 0.45983031392097473, 0.4331338405609131, 0.4267618656158447, 0.430502712726593, 0.5634777545928955, 0.41614341735839844, 0.5394958257675171, 0.4083912670612335, 0.4215646982192993, 0.4337165057659149, 0.6132543087005615, 0.40898123383522034, 0.4138035476207733, 0.4711933135986328, 0.44683969020843506]",0.0,"[0.0, 0.0, 0.0, 0.0, 0.0, 0.0, 0.0, 0.0, 0.0, 0.0, 0.0, 0.0, 0.0, 0.0, 0.0, 0.0, 0.0, 0.0, 0.0, 0.0, 0.0, 0.0, 0.0, 0.0, 0.0, 0.0, 0.0, 0.0, 0.0, 0.0, 0.0, 0.0, 0.0, 0.0, 0.0, 0.0, 0.0, 0.0, 0.0, 0.0, 0.0, 0.0, 0.0, 0.0, 0.0, 0.0, 0.0, 0.0, 0.0, 0.0, 0.0, 0.0, 0.0, 0.0, 0.0, 0.0, 0.0, 0.0, 0.0, 0.0, 0.0, 0.0, 0.0, 0.0, 0.0, 0.0, 0.0, 0.0, 0.0, 0.0, 0.0, 0.0, 0.0, 0.0, 0.0, 0.0, 0.0, 0.0, 0.0, 0.0, 0.0, 0.0, 0.0, 0.0, 0.0, 0.0, 0.0, 0.0, 0.0, 0.0, 0.0, 0.0, 0.0, 0.0, 0.0, 0.0, 0.0, 0.0, 0.0, 0.0, 0.0, 0.0, 0.0, 0.0, 0.0, 0.0, 0.0, 0.0, 0.0, 0.0, 0.0, 0.0, 0.0, 0.0, 0.0, 0.0, 0.0, 0.0, 0.0, 0.0, 0.0, 0.0, 0.0, 0.0, 0.0, 0.0, 0.0, 0.0, 0.0, 0.0, 0.0, 0.0, 0.0, 0.0, 0.0, 0.0, 0.0, 0.0, 0.0, 0.0, 0.0, 0.0, 0.0, 0.0, 0.0, 0.0, 0.0, 0.0, 0.0, 0.0, 0.0, 0.0, 0.0, 0.0, 0.0, 0.0, 0.0, 0.0, 0.0, 0.0, 0.0, 0.0, 0.0, 0.0, 0.0, 0.0, 0.0, 0.0, 0.0, 0.0, 0.0, 0.0, 0.0, 0.0, 0.0, 0.0, 0.0, 0.0, 0.0, 0.0, 0.0, 0.0, 0.0, 0.0, 0.0, 0.0, 0.0, 0.0, 0.0, 0.0, 0.0, 0.0, 0.0, 0.0, 0.0, 0.0, 0.0, 0.0, 0.0, 0.0, 0.0, 0.0, 0.0, 0.0, 0.0, 0.0, 0.0, 0.0, 0.0, 0.0, 0.0, 0.0, 0.0, 0.0, 0.0, 0.0, 0.0, 0.0, 0.0, 0.0, 0.0, 0.0, 0.0, 0.0, 0.0, 0.0, 0.0, 0.0, 0.0, 0.0, 0.0, 0.0, 0.0, 0.0, 0.0, 0.0, 0.0, 0.0, 0.0, 0.0, 0.0, 0.0, 0.0, 0.0, 0.0, 0.0, 0.0, 0.0, 0.0, 0.0, 0.0, 0.0, 0.0, 0.0, 0.0, 0.0, 0.0, 0.0, 0.0, 0.0, 0.0, 0.0, 0.0, 0.0, 0.0, 0.0, 0.0, 0.0, 0.0, 0.0, 0.0, 0.0, 0.0, 0.0, 0.0, 0.0, 0.0, 0.0, 0.0, 0.0, 0.0, 0.0, 0.0, 0.0, 0.0, 0.0, 0.0, 0.0, 0.0, 0.0, 0.0, 0.0, 0.0, 0.0, 0.0, 0.0, 0.0, 0.0, 0.0, 0.0, 0.0, 0.0, 0.0, 0.0, 0.0, 0.0, 0.0, 0.0, 0.0, 0.0, 0.0, 0.0, 0.0, 0.0, 0.0, 0.0, 0.0, 0.0, 0.0, 0.0, 0.0, 0.0, 0.0, 0.0, 0.0, 0.0, 0.0, 0.0, 0.0, 0.0, 0.0, 0.0, 0.0, 0.0, 0.0, 0.0, 0.0, 0.0, 0.0, 0.0, 0.0, 0.0, 0.0, 0.0, 0.0, 0.0, 0.0, 0.0, 0.0, 0.0, 0.0, 0.0, 0.0, 0.0, 0.0, 0.0, 0.0, 0.0, 0.0, 0.0, 0.0, 0.0, 0.0, 0.0, 0.0, 0.0, 0.0, 0.0, 0.0, 0.0, 0.0, 0.0, 0.0, 0.0, 0.0, 0.0, 0.0, 0.0, 0.0, 0.0, 0.0, 0.0, 0.0, 0.0, 0.0, 0.0, 0.0, 0.0, 0.0, 0.0, 0.0, 0.0, 0.0, 0.0, 0.0, 0.0, 0.0, 0.0, 0.0, 0.0, 0.0, 0.0, 0.0, 0.0, 0.0, 0.0, 0.0, 0.0, 0.0, 0.0, 0.0, 0.0, 0.0, 0.0, 0.0, 0.0, 0.0, 0.0, 0.0, 0.0]",COMPLETE
