,number,value,datetime_start,datetime_complete,duration,params_batch_size_scaler,params_constant_learning_rate,params_depth,params_epochs,params_kernel_l2,params_num_trees,params_temperature,user_attrs_accuracy_test,user_attrs_accuracy_valid,user_attrs_approximate_feature_sparsity,user_attrs_approximate_feature_sparsity_history,user_attrs_approximate_weight_sparsity,user_attrs_approximate_weight_sparsity_history,user_attrs_auc_test,user_attrs_auc_valid,user_attrs_feature_sparsity,user_attrs_feature_sparsity_history,user_attrs_num_epochs,user_attrs_val_loss_history,user_attrs_weight_sparsity,user_attrs_weight_sparsity_history,state
65,65,0.5,2024-08-31 02:57:23.693946,2024-08-31 02:57:41.821137,0 days 00:00:18.127191,4,3.7909015792113854,3,60,0.023505867513061943,6,0.0870736959526736,0.859,0.85875,0,"[0, 0, 0, 0, 0, 0, 0, 0, 0, 0, 0, 0, 0, 0, 0, 0, 0, 0, 0, 0, 0, 0, 0, 0, 0, 0, 0, 0, 0, 0, 0, 0, 0, 0, 0, 0, 0, 0, 0, 0, 0, 0, 0, 0, 0, 0, 0, 0, 0, 0, 0, 0, 0, 0, 0, 0, 0, 0, 0, 0]",0.0,"[0.0, 0.0, 0.0, 0.0, 0.0, 0.0, 0.0, 0.0, 0.0, 0.0, 0.0, 0.0, 0.0, 0.0, 0.0, 0.0, 0.0, 0.0, 0.0, 0.0, 0.0, 0.0, 0.0, 0.0, 0.0, 0.0, 0.0, 0.0, 0.0, 0.0, 0.0, 0.0, 0.0, 0.0, 0.0, 0.0, 0.0, 0.0, 0.0, 0.0, 0.0, 0.0, 0.0, 0.0, 0.0, 0.0, 0.0, 0.0, 0.0, 0.0, 0.0, 0.0, 0.0, 0.0, 0.0, 0.0, 0.0, 0.0, 0.0, 0.0]",0.5,0.5,0,"[0, 0, 0, 0, 0, 0, 0, 0, 0, 0, 0, 0, 0, 0, 0, 0, 0, 0, 0, 0, 0, 0, 0, 0, 0, 0, 0, 0, 0, 0, 0, 0, 0, 0, 0, 0, 0, 0, 0, 0, 0, 0, 0, 0, 0, 0, 0, 0, 0, 0, 0, 0, 0, 0, 0, 0, 0, 0, 0, 0]",60,"[0.4072885513305664, 0.4116038382053375, 0.40725967288017273, 0.40834522247314453, 0.4178476631641388, 0.4099273383617401, 0.4084198474884033, 0.40782058238983154, 0.4083940088748932, 0.4081481993198395, 0.41105037927627563, 0.40722984075546265, 0.4086032211780548, 0.4073157012462616, 0.4092220067977905, 0.41024792194366455, 0.4191884696483612, 0.41043269634246826, 0.4081348776817322, 0.41054072976112366, 0.41027531027793884, 0.4072629511356354, 0.40993592143058777, 0.4072355628013611, 0.4074491858482361, 0.4081271290779114, 0.41158735752105713, 0.40723392367362976, 0.40939390659332275, 0.4155024588108063, 0.40738558769226074, 0.4081829786300659, 0.4072333574295044, 0.4087563455104828, 0.41985732316970825, 0.4077572226524353, 0.4137544333934784, 0.4222334027290344, 0.41154223680496216, 0.4073094129562378, 0.40722617506980896, 0.40805137157440186, 0.40736767649650574, 0.4089949131011963, 0.4182051718235016, 0.40723443031311035, 0.407614141702652, 0.4127044379711151, 0.4093911349773407, 0.4105445146560669, 0.420421838760376, 0.40752899646759033, 0.41192254424095154, 0.40731677412986755, 0.40801411867141724, 0.4196097254753113, 0.40722644329071045, 0.4110398590564728, 0.408794641494751, 0.4072692394256592]",0.0,"[0.0, 0.0, 0.0, 0.0, 0.0, 0.0, 0.0, 0.0, 0.0, 0.0, 0.0, 0.0, 0.0, 0.0, 0.0, 0.0, 0.0, 0.0, 0.0, 0.0, 0.0, 0.0, 0.0, 0.0, 0.0, 0.0, 0.0, 0.0, 0.0, 0.0, 0.0, 0.0, 0.0, 0.0, 0.0, 0.0, 0.0, 0.0, 0.0, 0.0, 0.0, 0.0, 0.0, 0.0, 0.0, 0.0, 0.0, 0.0, 0.0, 0.0, 0.0, 0.0, 0.0, 0.0, 0.0, 0.0, 0.0, 0.0, 0.0, 0.0]",COMPLETE
66,66,0.9241024848320902,2024-08-31 02:57:43.446289,2024-08-31 03:00:06.654179,0 days 00:02:23.207890,4,0.16269650438387906,5,175,0.138452437240546,40,0.00827105097992639,0.936,0.94125,33,"[33, 33, 33, 33, 33, 33, 33, 33, 33, 33, 33, 33, 33, 33, 33, 33, 33, 33, 33, 33, 33, 33, 33, 33, 33, 33, 33, 33, 33, 33, 33, 33, 33, 33, 33, 33, 33, 33, 33, 33, 33, 33, 33, 33, 33, 33, 33, 33, 33, 33, 33, 33, 33, 33, 33, 33, 33, 33, 33, 33, 33, 33, 33, 33, 33, 33, 33, 33, 33, 33, 33, 33, 33, 33, 33, 33, 33, 33, 33, 33, 33, 33, 33, 33, 33, 33, 33, 33, 33, 33, 33, 33, 33, 33, 33, 33, 33, 33, 33, 33, 33, 33, 33, 33, 33, 33, 33, 33, 33, 33, 33, 33, 33, 33, 33, 33, 33, 33, 33, 33, 33, 33, 33, 33, 33, 33, 33, 33, 33, 33, 33, 33, 33, 33, 33, 33, 33, 33, 33, 33, 33, 33, 33, 33, 33, 33, 33, 33, 33, 33, 33, 33, 33, 33, 33, 33, 33, 33, 33, 33, 33, 33, 33, 33, 33, 33, 33, 33, 33, 33, 33, 33, 33, 33, 33]",32.946774193548386,"[32.9491935483871, 32.95, 32.94838709677419, 32.94838709677419, 32.95967741935484, 32.946774193548386, 32.950806451612905, 32.95806451612903, 32.95564516129032, 32.9508064516129, 32.961290322580645, 32.96290322580645, 32.95161290322581, 32.950806451612905, 32.95, 32.94838709677419, 32.954032258064515, 32.95322580645161, 32.9491935483871, 32.954032258064515, 32.95241935483871, 32.947580645161295, 32.954032258064515, 32.954838709677425, 32.95967741935484, 32.96048387096774, 32.95483870967742, 32.96290322580645, 32.95564516129032, 32.96612903225807, 32.968548387096774, 32.964516129032255, 32.94516129032258, 32.94838709677419, 32.95887096774194, 32.95564516129032, 32.95564516129032, 32.9508064516129, 32.94758064516129, 32.95161290322581, 32.95564516129032, 32.95967741935484, 32.954032258064515, 32.96209677419355, 32.95322580645161, 32.95645161290322, 32.943548387096776, 32.94032258064516, 32.943548387096776, 32.95, 32.94032258064516, 32.95645161290322, 32.94193548387097, 32.9483870967742, 32.954032258064515, 32.954032258064515, 32.943548387096776, 32.94193548387097, 32.950806451612905, 32.95483870967742, 32.95241935483871, 32.957258064516125, 32.95241935483871, 32.9491935483871, 32.95564516129032, 32.95887096774194, 32.96532258064516, 32.958064516129035, 32.95241935483871, 32.94758064516129, 32.95241935483871, 32.954032258064515, 32.958064516129035, 32.957258064516125, 32.95483870967742, 32.950806451612905, 32.96290322580645, 32.95645161290323, 32.95887096774194, 32.95645161290322, 32.958064516129035, 32.95322580645161, 32.961290322580645, 32.95645161290322, 32.95645161290322, 32.957258064516125, 32.95887096774193, 32.95564516129032, 32.954032258064515, 32.95483870967742, 32.954032258064515, 32.95483870967742, 32.94596774193548, 32.94193548387097, 32.95161290322581, 32.95, 32.94435483870968, 32.950806451612905, 32.94838709677419, 32.947580645161295, 32.938709677419354, 32.949999999999996, 32.94193548387097, 32.9516129032258, 32.942741935483866, 32.94435483870968, 32.94758064516129, 32.933064516129036, 32.94112903225807, 32.93709677419355, 32.94516129032258, 32.94193548387097, 32.94516129032258, 32.94516129032258, 32.94838709677419, 32.954032258064515, 32.942741935483866, 32.943548387096776, 32.94274193548387, 32.949999999999996, 32.95241935483871, 32.94758064516129, 32.94193548387097, 32.943548387096776, 32.94274193548387, 32.94758064516129, 32.94274193548387, 32.94435483870968, 32.943548387096776, 32.938709677419354, 32.93790322580645, 32.939516129032256, 32.93790322580645, 32.94435483870968, 32.94193548387097, 32.94112903225807, 32.94112903225807, 32.938709677419354, 32.93387096774194, 32.936290322580646, 32.936290322580646, 32.939516129032256, 32.93790322580645, 32.94274193548387, 32.94112903225807, 32.93709677419355, 32.93709677419355, 32.93467741935484, 32.940322580645166, 32.93790322580645, 32.93951612903226, 32.93709677419355, 32.93709677419355, 32.94596774193548, 32.938709677419354, 32.94354838709677, 32.94112903225806, 32.93387096774194, 32.93709677419355, 32.94193548387097, 32.93467741935484, 32.936290322580646, 32.939516129032256, 32.92903225806452, 32.93387096774194, 32.936290322580646, 32.93548387096774, 32.93951612903226, 32.931451612903224, 32.93145161290323, 32.93225806451613, 32.93790322580645, 32.939516129032256, 32.94516129032258, 32.946774193548386]",0.909229765767551,0.9241024848320902,33,"[33, 33, 33, 33, 33, 33, 33, 33, 33, 33, 33, 33, 33, 33, 33, 33, 33, 33, 33, 33, 33, 33, 33, 33, 33, 33, 33, 33, 33, 33, 33, 33, 33, 33, 33, 33, 33, 33, 33, 33, 33, 33, 33, 33, 33, 33, 33, 33, 33, 33, 33, 33, 33, 33, 33, 33, 33, 33, 33, 33, 33, 33, 33, 33, 33, 33, 33, 33, 33, 33, 33, 33, 33, 33, 33, 33, 33, 33, 33, 33, 33, 33, 33, 33, 33, 33, 33, 33, 33, 33, 33, 33, 33, 33, 33, 33, 33, 33, 33, 33, 33, 33, 33, 33, 33, 33, 33, 33, 33, 33, 33, 33, 33, 33, 33, 33, 33, 33, 33, 33, 33, 33, 33, 33, 33, 33, 33, 33, 33, 33, 33, 33, 33, 33, 33, 33, 33, 33, 33, 33, 33, 33, 33, 33, 33, 33, 33, 33, 33, 33, 33, 33, 33, 33, 33, 33, 33, 33, 33, 33, 33, 33, 33, 33, 33, 33, 33, 33, 33, 33, 33, 33, 33, 33, 33]",175,"[0.3970840573310852, 0.3870076835155487, 0.38067418336868286, 0.3764682412147522, 0.3732726275920868, 0.3705310523509979, 0.36812862753868103, 0.3659541606903076, 0.3638951778411865, 0.36192217469215393, 0.35983359813690186, 0.3578779995441437, 0.35563725233078003, 0.3540360629558563, 0.35170841217041016, 0.3497965335845947, 0.3477816879749298, 0.34559834003448486, 0.3436574637889862, 0.3414171636104584, 0.33960434794425964, 0.33707717061042786, 0.33445531129837036, 0.3320448398590088, 0.329988569021225, 0.3268839716911316, 0.32449787855148315, 0.3220371901988983, 0.31877243518829346, 0.3158016502857208, 0.3128613233566284, 0.3097552955150604, 0.3068021833896637, 0.30365151166915894, 0.30069708824157715, 0.2976701855659485, 0.29489657282829285, 0.2919909954071045, 0.289962500333786, 0.2873787581920624, 0.28441205620765686, 0.2821159064769745, 0.28058308362960815, 0.27799007296562195, 0.27587205171585083, 0.27375009655952454, 0.2718401253223419, 0.2704777419567108, 0.26818764209747314, 0.2663642168045044, 0.265048623085022, 0.26376068592071533, 0.2620571255683899, 0.26139986515045166, 0.2593591809272766, 0.2579282522201538, 0.25673577189445496, 0.2556776702404022, 0.25474825501441956, 0.25289133191108704, 0.25207191705703735, 0.2507883310317993, 0.24937433004379272, 0.24860069155693054, 0.24752451479434967, 0.2463165670633316, 0.24526400864124298, 0.24459151923656464, 0.24403971433639526, 0.24260801076889038, 0.2420012652873993, 0.24029120802879333, 0.2396896928548813, 0.23931299149990082, 0.23825670778751373, 0.2370728701353073, 0.236505925655365, 0.23542824387550354, 0.23574019968509674, 0.2344324290752411, 0.23303329944610596, 0.23253828287124634, 0.2316562831401825, 0.2311089187860489, 0.2309425324201584, 0.22961372137069702, 0.2290065884590149, 0.22811521589756012, 0.2273360788822174, 0.22778356075286865, 0.22667796909809113, 0.22645267844200134, 0.2253153920173645, 0.22495031356811523, 0.22393471002578735, 0.22441843152046204, 0.22330419719219208, 0.22215650975704193, 0.22238849103450775, 0.22136394679546356, 0.22091226279735565, 0.2204173505306244, 0.21986328065395355, 0.2193640172481537, 0.2189253866672516, 0.21902622282505035, 0.2187672257423401, 0.21761421859264374, 0.21949030458927155, 0.2181038111448288, 0.2163342833518982, 0.21628332138061523, 0.21672971546649933, 0.21630389988422394, 0.21692682802677155, 0.2149416208267212, 0.21411268413066864, 0.2149600237607956, 0.21413613855838776, 0.2133415937423706, 0.21402351558208466, 0.21251022815704346, 0.2120797485113144, 0.2126433551311493, 0.2121119648218155, 0.21255958080291748, 0.21141105890274048, 0.211692675948143, 0.2120644897222519, 0.21112225949764252, 0.21140658855438232, 0.21198135614395142, 0.21032369136810303, 0.21096199750900269, 0.20996367931365967, 0.209748312830925, 0.20911046862602234, 0.210902139544487, 0.20867130160331726, 0.209480881690979, 0.20883283019065857, 0.20785033702850342, 0.208107590675354, 0.20763017237186432, 0.20847997069358826, 0.20763783156871796, 0.2087237685918808, 0.20730575919151306, 0.20677033066749573, 0.20713689923286438, 0.20642530918121338, 0.20705725252628326, 0.20648568868637085, 0.2068270742893219, 0.205457404255867, 0.20561817288398743, 0.20456892251968384, 0.20467078685760498, 0.20626376569271088, 0.20527532696723938, 0.20597587525844574, 0.2057333141565323, 0.20513981580734253, 0.20683534443378448, 0.2043401598930359, 0.20409923791885376, 0.20544609427452087, 0.20502164959907532, 0.2051893174648285, 0.20523419976234436, 0.2029985785484314, 0.20313380658626556, 0.20288045704364777, 0.20405933260917664, 0.20294338464736938]",33.0,"[33.0, 33.0, 33.0, 33.0, 33.0, 33.0, 33.0, 33.0, 33.0, 33.0, 33.0, 33.0, 33.0, 33.0, 33.0, 33.0, 33.0, 33.0, 33.0, 33.0, 33.0, 33.0, 33.0, 33.0, 33.0, 33.0, 33.0, 33.0, 33.0, 33.0, 33.0, 33.0, 33.0, 33.0, 33.0, 33.0, 33.0, 33.0, 33.0, 33.0, 33.0, 33.0, 33.0, 33.0, 33.0, 33.0, 33.0, 33.0, 33.0, 33.0, 33.0, 33.0, 33.0, 33.0, 33.0, 33.0, 33.0, 33.0, 33.0, 33.0, 33.0, 33.0, 33.0, 33.0, 33.0, 33.0, 33.0, 33.0, 33.0, 33.0, 33.0, 33.0, 33.0, 33.0, 33.0, 33.0, 33.0, 33.0, 33.0, 33.0, 33.0, 33.0, 33.0, 33.0, 33.0, 33.0, 33.0, 33.0, 33.0, 33.0, 33.0, 33.0, 33.0, 33.0, 33.0, 33.0, 33.0, 33.0, 33.0, 33.0, 33.0, 33.0, 33.0, 33.0, 33.0, 33.0, 33.0, 33.0, 33.0, 33.0, 33.0, 33.0, 33.0, 33.0, 33.0, 33.0, 33.0, 33.0, 33.0, 33.0, 33.0, 33.0, 33.0, 33.0, 33.0, 33.0, 33.0, 33.0, 33.0, 33.0, 33.0, 33.0, 33.0, 33.0, 33.0, 33.0, 33.0, 33.0, 33.0, 33.0, 33.0, 33.0, 33.0, 33.0, 33.0, 33.0, 33.0, 33.0, 33.0, 33.0, 33.0, 33.0, 33.0, 33.0, 33.0, 33.0, 33.0, 33.0, 33.0, 33.0, 33.0, 33.0, 33.0, 33.0, 33.0, 33.0, 33.0, 33.0, 33.0, 33.0, 33.0, 33.0, 33.0, 33.0, 33.0]",COMPLETE
