,number,value,datetime_start,datetime_complete,duration,params_batch_size_scaler,params_constant_learning_rate,params_depth,params_epochs,params_kernel_l2,params_num_trees,params_temperature,user_attrs_accuracy_test,user_attrs_accuracy_valid,user_attrs_approximate_feature_sparsity,user_attrs_approximate_feature_sparsity_history,user_attrs_approximate_weight_sparsity,user_attrs_approximate_weight_sparsity_history,user_attrs_auc_test,user_attrs_auc_valid,user_attrs_feature_sparsity,user_attrs_feature_sparsity_history,user_attrs_num_epochs,user_attrs_val_loss_history,user_attrs_weight_sparsity,user_attrs_weight_sparsity_history,state
27,27,0.9304659221187411,2024-08-31 01:29:30.556568,2024-08-31 01:56:55.126586,0 days 00:27:24.570018,1,0.04955698533896726,6,400,0.07786527300043782,95,0.04196274596407565,0.944,0.945,33,"[33, 33, 33, 33, 33, 33, 33, 33, 33, 33, 33, 33, 33, 33, 33, 33, 33, 33, 33, 33, 33, 33, 33, 33, 33, 33, 33, 33, 33, 33, 33, 33, 33, 33, 33, 33, 33, 33, 33, 33, 33, 33, 33, 33, 33, 33, 33, 33, 33, 33, 33, 33, 33, 33, 33, 33, 33, 33, 33, 33, 33, 33, 33, 33, 33, 33, 33, 33, 33, 33, 33, 33, 33, 33, 33, 33, 33, 33, 33, 33, 33, 33, 33, 33, 33, 33, 33, 33, 33, 33, 33, 33, 33, 33, 33, 33, 33, 33, 33, 33, 33, 33, 33, 33, 33, 33, 33, 33, 33, 33, 33, 33, 33, 33, 33, 33, 33, 33, 33, 33, 33, 33, 33, 33, 33, 33, 33, 33, 33, 33, 33, 33, 33, 33, 33, 33, 33, 33, 33, 33, 33, 33, 33, 33, 33, 33, 33, 33, 33, 33, 33, 33, 33, 33, 33, 33, 33, 33, 33, 33, 33, 33, 33, 33, 33, 33, 33, 33, 33, 33, 33, 33, 33, 33, 33, 33, 33, 33, 33, 33, 33, 33, 33, 33, 33, 33, 33, 33, 33, 33, 33, 33, 33, 33, 33, 33, 33, 33, 33, 33, 33, 33, 33, 33, 33, 33, 33, 33, 33, 33, 33, 33, 33, 33, 33, 33, 33, 33, 33, 33, 33, 33, 33, 33, 33, 33, 33, 33, 33, 33, 33, 33, 33, 33, 33, 33, 33, 33, 33, 33, 33, 33, 33, 33, 33, 33, 33, 33, 33, 33, 33, 33, 33, 33, 33, 33, 33, 33, 33, 33, 33, 33, 33, 33, 33, 33, 33, 33, 33, 33, 33, 33, 33, 33, 33, 33, 33, 33, 33, 33, 33, 33, 33, 33, 33, 33, 33, 33, 33, 33, 33, 33, 33, 33, 33, 33, 33, 33, 33, 33, 33, 33, 33, 33, 33, 33, 33, 33, 33, 33, 33, 33, 33, 33, 33, 33, 33, 33, 33, 33, 33, 33, 33, 33, 33, 33, 33, 33, 33, 33, 33, 33, 33, 33, 33, 33, 33, 33, 33, 33, 33, 33, 33, 33, 33, 33, 33, 33, 33, 33, 33, 33, 33, 33, 33, 33, 33, 33, 33, 33, 33, 33, 33, 33, 33, 33, 33, 33, 33, 33, 33, 33, 33, 33, 33, 33, 33, 33, 33, 33, 33, 33, 33, 33, 33, 33, 33, 33, 33, 33, 33, 33, 33, 33, 33, 33, 33, 33, 33, 33]",32.89624060150376,"[32.90258980785296, 32.895739348370924, 32.89891395154553, 32.90258980785297, 32.90125313283208, 32.904761904761905, 32.9015873015873, 32.893065998329156, 32.89724310776942, 32.892564745196324, 32.89390142021721, 32.89390142021721, 32.902255639097746, 32.901086048454474, 32.90258980785296, 32.89757727652464, 32.89724310776943, 32.89757727652464, 32.893065998329156, 32.8969089390142, 32.898078529657475, 32.89874686716792, 32.89390142021721, 32.89891395154553, 32.89674185463659, 32.90075187969925, 32.89908103592314, 32.897410192147035, 32.90827067669173, 32.90559732664996, 32.899749373433586, 32.8984126984127, 32.89958228905597, 32.89908103592314, 32.900417710944026, 32.90142021720969, 32.89640768588137, 32.89824561403508, 32.904761904761905, 32.902923976608186, 32.90492898913951, 32.89857978279031, 32.904761904761905, 32.90025062656642, 32.89590643274854, 32.89774436090226, 32.8984126984127, 32.900918964076865, 32.90142021720969, 32.90192147034252, 32.902255639097746, 32.90025062656642, 32.90208855472014, 32.90208855472013, 32.90225563909774, 32.900417710944026, 32.901253132832075, 32.89824561403509, 32.895071010860484, 32.898746867167915, 32.899916457811194, 32.9000835421888, 32.899749373433586, 32.89824561403509, 32.900918964076865, 32.89607351712615, 32.898078529657475, 32.89724310776943, 32.90091896407686, 32.89857978279031, 32.89774436090226, 32.902923976608186, 32.90492898913952, 32.902923976608186, 32.90359231411863, 32.90359231411863, 32.90492898913951, 32.89891395154553, 32.9000835421888, 32.90559732664996, 32.90609857978279, 32.9015873015873, 32.89891395154553, 32.900417710944026, 32.90192147034252, 32.901253132832075, 32.89891395154553, 32.899749373433586, 32.895572263993316, 32.89523809523809, 32.89941520467836, 32.89640768588137, 32.89590643274854, 32.894402673350044, 32.899081035923146, 32.9000835421888, 32.897410192147035, 32.89540517961571, 32.89941520467836, 32.90125313283208, 32.89640768588137, 32.89356725146199, 32.89239766081871, 32.89206349206349, 32.89289891395154, 32.893734335839596, 32.89607351712615, 32.89724310776942, 32.902923976608186, 32.90526315789474, 32.904093567251465, 32.902255639097746, 32.90275689223058, 32.905430242272345, 32.902422723475354, 32.89824561403509, 32.8984126984127, 32.90275689223058, 32.90559732664996, 32.90810359231412, 32.90426065162907, 32.90559732664996, 32.90426065162907, 32.904093567251465, 32.9062656641604, 32.90526315789474, 32.90559732664995, 32.902923976608186, 32.90559732664996, 32.90442773600668, 32.9045948203843, 32.901587301587305, 32.90208855472013, 32.901086048454474, 32.899916457811194, 32.899916457811194, 32.90058479532164, 32.899081035923146, 32.89908103592314, 32.90142021720969, 32.90258980785297, 32.8984126984127, 32.896240601503756, 32.89757727652464, 32.896240601503756, 32.89724310776943, 32.9000835421888, 32.89891395154553, 32.89791144527987, 32.899749373433586, 32.89757727652464, 32.90025062656642, 32.90125313283208, 32.89908103592314, 32.899749373433586, 32.902422723475354, 32.900417710944026, 32.90375939849624, 32.90258980785296, 32.9000835421888, 32.89640768588137, 32.89590643274854, 32.90091896407686, 32.899248120300754, 32.89707602339181, 32.89757727652464, 32.895071010860484, 32.89857978279031, 32.89674185463659, 32.89473684210527, 32.89757727652464, 32.89340016708438, 32.89139515455305, 32.89089390142021, 32.89022556390977, 32.89640768588137, 32.88955722639933, 32.89323308270677, 32.894903926482876, 32.8969089390142, 32.89941520467836, 32.899248120300754, 32.89807852965748, 32.899749373433586, 32.901587301587305, 32.89774436090226, 32.89523809523809, 32.89456975772765, 32.89791144527987, 32.89624060150376, 32.89757727652464, 32.89924812030075, 32.89824561403509, 32.898078529657475, 32.899916457811194, 32.9015873015873, 32.899916457811194, 32.900584795321635, 32.90275689223058, 32.9015873015873, 32.90091896407686, 32.8984126984127, 32.89657477025898, 32.89540517961571, 32.898579782790314, 32.90091896407686, 32.90142021720969, 32.9030910609858, 32.903592314118626, 32.903091060985794, 32.903091060985794, 32.90409356725146, 32.899248120300754, 32.89657477025898, 32.895572263993316, 32.895071010860484, 32.89640768588137, 32.89390142021721, 32.89473684210527, 32.89657477025898, 32.8969089390142, 32.89824561403509, 32.89657477025898, 32.895572263993316, 32.897410192147035, 32.89607351712615, 32.9000835421888, 32.89958228905597, 32.89958228905597, 32.89757727652464, 32.89874686716792, 32.89774436090226, 32.90025062656642, 32.899081035923146, 32.89540517961571, 32.89757727652464, 32.89707602339181, 32.89590643274854, 32.89674185463659, 32.89757727652464, 32.89657477025898, 32.89941520467836, 32.896741854636595, 32.895071010860484, 32.89289891395154, 32.894903926482876, 32.89323308270677, 32.89273182957393, 32.891729323308276, 32.89172932330827, 32.893734335839596, 32.89273182957394, 32.89573934837093, 32.89540517961571, 32.89657477025898, 32.898746867167915, 32.89523809523809, 32.89774436090226, 32.895739348370924, 32.898078529657475, 32.89791144527987, 32.89657477025898, 32.895739348370924, 32.895572263993316, 32.89624060150376, 32.89624060150376, 32.89891395154553, 32.8984126984127, 32.899749373433586, 32.89874686716792, 32.90025062656642, 32.89791144527987, 32.899081035923146, 32.899749373433586, 32.90091896407686, 32.89824561403509, 32.899916457811194, 32.89874686716792, 32.89757727652464, 32.896407685881364, 32.89456975772765, 32.89356725146199, 32.89406850459482, 32.89674185463659, 32.89473684210527, 32.89356725146198, 32.89340016708438, 32.893233082706764, 32.893734335839596, 32.895071010860484, 32.89456975772765, 32.89473684210526, 32.893065998329156, 32.89356725146199, 32.89456975772765, 32.89289891395154, 32.89289891395155, 32.89490392648287, 32.89356725146199, 32.893233082706764, 32.89423558897243, 32.891896407685884, 32.890726817042605, 32.892397660818716, 32.89089390142022, 32.89122807017544, 32.894402673350044, 32.894903926482876, 32.89540517961571, 32.89607351712615, 32.893734335839596, 32.893734335839596, 32.894903926482876, 32.89824561403509, 32.89908103592314, 32.89824561403509, 32.8984126984127, 32.9000835421888, 32.899749373433586, 32.90075187969925, 32.90125313283208, 32.89958228905597, 32.90125313283208, 32.9000835421888, 32.89908103592314, 32.897410192147035, 32.89908103592314, 32.89791144527987, 32.896407685881364, 32.89473684210526, 32.895071010860484, 32.89189640768588, 32.893065998329156, 32.895071010860484, 32.894235588972435, 32.89406850459482, 32.89189640768588, 32.89039264828738, 32.893065998329156, 32.89540517961571, 32.89406850459482, 32.89106098579783, 32.89340016708438, 32.89406850459482, 32.89523809523809, 32.89607351712615, 32.8969089390142, 32.89757727652464, 32.89607351712615, 32.89707602339181, 32.89774436090225, 32.895739348370924, 32.89657477025898, 32.895739348370924, 32.89908103592314, 32.89941520467836, 32.89774436090226, 32.90008354218881, 32.898746867167915, 32.89624060150376, 32.89573934837093, 32.89607351712615, 32.89356725146199, 32.89156223893066, 32.89273182957393, 32.89657477025898, 32.89473684210526, 32.89540517961571, 32.89540517961571, 32.89390142021721, 32.89573934837093, 32.89674185463659, 32.89473684210526, 32.89590643274854, 32.89657477025898, 32.89874686716792, 32.89807852965748, 32.89958228905597, 32.89891395154553, 32.899916457811194, 32.89857978279031, 32.89724310776943, 32.89507101086049, 32.89273182957393, 32.89306599832915, 32.891395154553045, 32.88939014202172, 32.890726817042605, 32.89390142021721, 32.89340016708437, 32.894903926482876, 32.8922305764411, 32.89289891395155, 32.895071010860484, 32.895071010860484, 32.89774436090225, 32.89908103592314, 32.89674185463659, 32.895572263993316, 32.89624060150376]",0.9106250877236437,0.9304659221187411,33,"[33, 33, 33, 33, 33, 33, 33, 33, 33, 33, 33, 33, 33, 33, 33, 33, 33, 33, 33, 33, 33, 33, 33, 33, 33, 33, 33, 33, 33, 33, 33, 33, 33, 33, 33, 33, 33, 33, 33, 33, 33, 33, 33, 33, 33, 33, 33, 33, 33, 33, 33, 33, 33, 33, 33, 33, 33, 33, 33, 33, 33, 33, 33, 33, 33, 33, 33, 33, 33, 33, 33, 33, 33, 33, 33, 33, 33, 33, 33, 33, 33, 33, 33, 33, 33, 33, 33, 33, 33, 33, 33, 33, 33, 33, 33, 33, 33, 33, 33, 33, 33, 33, 33, 33, 33, 33, 33, 33, 33, 33, 33, 33, 33, 33, 33, 33, 33, 33, 33, 33, 33, 33, 33, 33, 33, 33, 33, 33, 33, 33, 33, 33, 33, 33, 33, 33, 33, 33, 33, 33, 33, 33, 33, 33, 33, 33, 33, 33, 33, 33, 33, 33, 33, 33, 33, 33, 33, 33, 33, 33, 33, 33, 33, 33, 33, 33, 33, 33, 33, 33, 33, 33, 33, 33, 33, 33, 33, 33, 33, 33, 33, 33, 33, 33, 33, 33, 33, 33, 33, 33, 33, 33, 33, 33, 33, 33, 33, 33, 33, 33, 33, 33, 33, 33, 33, 33, 33, 33, 33, 33, 33, 33, 33, 33, 33, 33, 33, 33, 33, 33, 33, 33, 33, 33, 33, 33, 33, 33, 33, 33, 33, 33, 33, 33, 33, 33, 33, 33, 33, 33, 33, 33, 33, 33, 33, 33, 33, 33, 33, 33, 33, 33, 33, 33, 33, 33, 33, 33, 33, 33, 33, 33, 33, 33, 33, 33, 33, 33, 33, 33, 33, 33, 33, 33, 33, 33, 33, 33, 33, 33, 33, 33, 33, 33, 33, 33, 33, 33, 33, 33, 33, 33, 33, 33, 33, 33, 33, 33, 33, 33, 33, 33, 33, 33, 33, 33, 33, 33, 33, 33, 33, 33, 33, 33, 33, 33, 33, 33, 33, 33, 33, 33, 33, 33, 33, 33, 33, 33, 33, 33, 33, 33, 33, 33, 33, 33, 33, 33, 33, 33, 33, 33, 33, 33, 33, 33, 33, 33, 33, 33, 33, 33, 33, 33, 33, 33, 33, 33, 33, 33, 33, 33, 33, 33, 33, 33, 33, 33, 33, 33, 33, 33, 33, 33, 33, 33, 33, 33, 33, 33, 33, 33, 33, 33, 33, 33, 33, 33, 33, 33, 33, 33, 33, 33, 33, 33, 33, 33, 33, 33]",400,"[0.39590007066726685, 0.38838642835617065, 0.38354092836380005, 0.37904661893844604, 0.37599891424179077, 0.3738948404788971, 0.3711257576942444, 0.3698495924472809, 0.3675227761268616, 0.36593228578567505, 0.36492085456848145, 0.3629966080188751, 0.3615511953830719, 0.3601115942001343, 0.3588564991950989, 0.3582048714160919, 0.35600265860557556, 0.35478267073631287, 0.35347607731819153, 0.3521006405353546, 0.3507799804210663, 0.34956055879592896, 0.3482365906238556, 0.3471791744232178, 0.34574007987976074, 0.3443920910358429, 0.34315788745880127, 0.34236282110214233, 0.34094610810279846, 0.33932140469551086, 0.3381147086620331, 0.3374519646167755, 0.33584660291671753, 0.334547221660614, 0.33326274156570435, 0.33158451318740845, 0.330405056476593, 0.3292308449745178, 0.3276517987251282, 0.3262253701686859, 0.3247527778148651, 0.32467082142829895, 0.32233792543411255, 0.32090526819229126, 0.3194783329963684, 0.3179802894592285, 0.31578734517097473, 0.3141406178474426, 0.3122333884239197, 0.3105112314224243, 0.30859676003456116, 0.3065567910671234, 0.3047744631767273, 0.3029711842536926, 0.30128565430641174, 0.29920893907546997, 0.2971973121166229, 0.29560691118240356, 0.2933051288127899, 0.29122626781463623, 0.28921908140182495, 0.2874232530593872, 0.2856651544570923, 0.2839919626712799, 0.2826959490776062, 0.28004181385040283, 0.2781981825828552, 0.2762889564037323, 0.2752235531806946, 0.2732603847980499, 0.27194395661354065, 0.2702329456806183, 0.2688332498073578, 0.2674415111541748, 0.2657652199268341, 0.2646557092666626, 0.26317158341407776, 0.2619744539260864, 0.2609248757362366, 0.25964727997779846, 0.25840649008750916, 0.25732192397117615, 0.25624924898147583, 0.2549619972705841, 0.2539561688899994, 0.25315991044044495, 0.2519262731075287, 0.2513769268989563, 0.2504647374153137, 0.24946868419647217, 0.2482268363237381, 0.24760742485523224, 0.2471059262752533, 0.24536508321762085, 0.24511975049972534, 0.24404287338256836, 0.24357286095619202, 0.24272507429122925, 0.2418275773525238, 0.2409178912639618, 0.24023272097110748, 0.23909620940685272, 0.23812001943588257, 0.23791563510894775, 0.23703452944755554, 0.23616135120391846, 0.23548412322998047, 0.23548747599124908, 0.23450899124145508, 0.23318347334861755, 0.23288674652576447, 0.23244771361351013, 0.2317042350769043, 0.23044320940971375, 0.23015595972537994, 0.22965379059314728, 0.2293272167444229, 0.2287691831588745, 0.227617084980011, 0.22765900194644928, 0.2262934297323227, 0.2256632000207901, 0.2255365550518036, 0.22437581419944763, 0.22429677844047546, 0.22360731661319733, 0.223987877368927, 0.2227361798286438, 0.2228677123785019, 0.2222166508436203, 0.2208903282880783, 0.22033849358558655, 0.2203632891178131, 0.21926349401474, 0.21965883672237396, 0.21880903840065002, 0.2179095298051834, 0.21741150319576263, 0.21756237745285034, 0.21808679401874542, 0.21580035984516144, 0.21695859730243683, 0.21563522517681122, 0.21509145200252533, 0.21518269181251526, 0.2140481024980545, 0.21331752836704254, 0.2128947675228119, 0.21301880478858948, 0.21211712062358856, 0.21220234036445618, 0.21168161928653717, 0.21111653745174408, 0.21100471913814545, 0.2113710343837738, 0.2108999639749527, 0.21034526824951172, 0.20998428761959076, 0.20954124629497528, 0.20922283828258514, 0.2086554914712906, 0.20789392292499542, 0.20915623009204865, 0.20766504108905792, 0.2074309140443802, 0.20743347704410553, 0.20670244097709656, 0.20617146790027618, 0.20609740912914276, 0.20530462265014648, 0.20664530992507935, 0.2058722823858261, 0.20459787547588348, 0.20488889515399933, 0.20417781174182892, 0.20489905774593353, 0.20460496842861176, 0.203382208943367, 0.20413494110107422, 0.20391006767749786, 0.20326967537403107, 0.20212477445602417, 0.20303921401500702, 0.20299573242664337, 0.20162329077720642, 0.20131677389144897, 0.20177337527275085, 0.20105014741420746, 0.20216180384159088, 0.20028714835643768, 0.20078814029693604, 0.2008114457130432, 0.20026111602783203, 0.20081232488155365, 0.20071467757225037, 0.1998319774866104, 0.1999146044254303, 0.1994972825050354, 0.19939261674880981, 0.19862568378448486, 0.19911043345928192, 0.19937562942504883, 0.19871212542057037, 0.19816535711288452, 0.1972760558128357, 0.19739927351474762, 0.19804736971855164, 0.1976955384016037, 0.19863197207450867, 0.19882145524024963, 0.19724969565868378, 0.19660307466983795, 0.1961824744939804, 0.19709151983261108, 0.19672542810440063, 0.19635790586471558, 0.1960757076740265, 0.19698581099510193, 0.1956608146429062, 0.19659416377544403, 0.19630563259124756, 0.1953151524066925, 0.1954244077205658, 0.19632385671138763, 0.1946960836648941, 0.19482018053531647, 0.1952122300863266, 0.1957394778728485, 0.19409899413585663, 0.19488182663917542, 0.19369187951087952, 0.19456809759140015, 0.19351786375045776, 0.1940598040819168, 0.19457176327705383, 0.19360966980457306, 0.19585318863391876, 0.194320410490036, 0.19266372919082642, 0.19342301785945892, 0.19342784583568573, 0.19336330890655518, 0.1924085021018982, 0.1921698898077011, 0.19440889358520508, 0.19318658113479614, 0.19297532737255096, 0.1906384974718094, 0.19102266430854797, 0.19122058153152466, 0.19050048291683197, 0.19120977818965912, 0.19183973968029022, 0.19157248735427856, 0.1913396716117859, 0.19131994247436523, 0.18959476053714752, 0.19038125872612, 0.1899259388446808, 0.18957458436489105, 0.18999023735523224, 0.1911589503288269, 0.19049693644046783, 0.1907009333372116, 0.19058431684970856, 0.18871571123600006, 0.18985587358474731, 0.18925149738788605, 0.1884467750787735, 0.18919628858566284, 0.18724781274795532, 0.18940092623233795, 0.18894606828689575, 0.18918131291866302, 0.1876259297132492, 0.1875832974910736, 0.1876908242702484, 0.18681006133556366, 0.18873195350170135, 0.18735696375370026, 0.18780356645584106, 0.1876859813928604, 0.18602772057056427, 0.18503078818321228, 0.1858876794576645, 0.18594053387641907, 0.18606674671173096, 0.18623316287994385, 0.18534021079540253, 0.18728479743003845, 0.18633945286273956, 0.18654201924800873, 0.18681210279464722, 0.185825914144516, 0.18420743942260742, 0.18471665680408478, 0.18457753956317902, 0.18492335081100464, 0.18449954688549042, 0.18623092770576477, 0.18410184979438782, 0.18585066497325897, 0.18418258428573608, 0.18529778718948364, 0.1864953488111496, 0.18467529118061066, 0.1821974217891693, 0.1870620846748352, 0.18260471522808075, 0.1838742047548294, 0.18429790437221527, 0.18236403167247772, 0.18339960277080536, 0.1835765838623047, 0.18353569507598877, 0.18522901833057404, 0.18250612914562225, 0.18223406374454498, 0.18237249553203583, 0.18359553813934326, 0.1817975640296936, 0.18202394247055054, 0.18241570889949799, 0.18298597633838654, 0.18292544782161713, 0.1827276051044464, 0.18443098664283752, 0.18246780335903168, 0.18352611362934113, 0.18186725676059723, 0.18305976688861847, 0.18271329998970032, 0.18048135936260223, 0.18109267950057983, 0.18152031302452087, 0.1804613322019577, 0.1796818971633911, 0.18116745352745056, 0.18129180371761322, 0.18363302946090698, 0.18108554184436798, 0.18006666004657745, 0.1810777485370636, 0.18033626675605774, 0.18040655553340912, 0.1810247302055359, 0.18006563186645508, 0.1807037740945816, 0.17980709671974182, 0.1814594864845276, 0.18065260350704193, 0.179347425699234, 0.1797054409980774, 0.1798146367073059, 0.18010665476322174, 0.17926298081874847, 0.17951487004756927, 0.18042321503162384, 0.1801988184452057, 0.18043184280395508, 0.1788475662469864, 0.1807839274406433, 0.17991262674331665, 0.18207712471485138, 0.17858724296092987, 0.17883381247520447, 0.17993277311325073, 0.17983165383338928, 0.1789865344762802, 0.18079927563667297, 0.18114367127418518, 0.17907515168190002, 0.17926718294620514, 0.18030089139938354, 0.18138852715492249, 0.17968666553497314, 0.18022291362285614, 0.1789543479681015, 0.18075132369995117, 0.17961719632148743, 0.1796913594007492, 0.1805451512336731, 0.18005208671092987, 0.18189552426338196, 0.18216782808303833, 0.17928464710712433, 0.17998729646205902, 0.17881497740745544, 0.17930573225021362, 0.18181520700454712, 0.18100689351558685, 0.1840783655643463, 0.18322108685970306, 0.17954856157302856, 0.17904266715049744, 0.18048782646656036, 0.17985765635967255, 0.18285642564296722, 0.17913506925106049, 0.18137525022029877]",33.0,"[33.0, 33.0, 33.0, 33.0, 33.0, 33.0, 33.0, 33.0, 33.0, 33.0, 33.0, 33.0, 33.0, 33.0, 33.0, 33.0, 33.0, 33.0, 33.0, 33.0, 33.0, 33.0, 33.0, 33.0, 33.0, 33.0, 33.0, 33.0, 33.0, 33.0, 33.0, 33.0, 33.0, 33.0, 33.0, 33.0, 33.0, 33.0, 33.0, 33.0, 33.0, 33.0, 33.0, 33.0, 33.0, 33.0, 33.0, 33.0, 33.0, 33.0, 33.0, 33.0, 33.0, 33.0, 33.0, 33.0, 33.0, 33.0, 33.0, 33.0, 33.0, 33.0, 33.0, 33.0, 33.0, 33.0, 33.0, 33.0, 33.0, 33.0, 33.0, 33.0, 33.0, 33.0, 33.0, 33.0, 33.0, 33.0, 33.0, 33.0, 33.0, 33.0, 33.0, 33.0, 33.0, 33.0, 33.0, 33.0, 33.0, 33.0, 33.0, 33.0, 33.0, 33.0, 33.0, 33.0, 33.0, 33.0, 33.0, 33.0, 33.0, 33.0, 33.0, 33.0, 33.0, 33.0, 33.0, 33.0, 33.0, 33.0, 33.0, 33.0, 33.0, 33.0, 33.0, 33.0, 33.0, 33.0, 33.0, 33.0, 33.0, 33.0, 33.0, 33.0, 33.0, 33.0, 33.0, 33.0, 33.0, 33.0, 33.0, 33.0, 33.0, 33.0, 33.0, 33.0, 33.0, 33.0, 33.0, 33.0, 33.0, 33.0, 33.0, 33.0, 33.0, 33.0, 33.0, 33.0, 33.0, 33.0, 33.0, 33.0, 33.0, 33.0, 33.0, 33.0, 33.0, 33.0, 33.0, 33.0, 33.0, 33.0, 33.0, 33.0, 33.0, 33.0, 33.0, 33.0, 33.0, 33.0, 33.0, 33.0, 33.0, 33.0, 33.0, 33.0, 33.0, 33.0, 33.0, 33.0, 33.0, 33.0, 33.0, 33.0, 33.0, 33.0, 33.0, 33.0, 33.0, 33.0, 33.0, 33.0, 33.0, 33.0, 33.0, 33.0, 33.0, 33.0, 33.0, 33.0, 33.0, 33.0, 33.0, 33.0, 33.0, 33.0, 33.0, 33.0, 33.0, 33.0, 33.0, 33.0, 33.0, 33.0, 33.0, 33.0, 33.0, 33.0, 33.0, 33.0, 33.0, 33.0, 33.0, 33.0, 33.0, 33.0, 33.0, 33.0, 33.0, 33.0, 33.0, 33.0, 33.0, 33.0, 33.0, 33.0, 33.0, 33.0, 33.0, 33.0, 33.0, 33.0, 33.0, 33.0, 33.0, 33.0, 33.0, 33.0, 33.0, 33.0, 33.0, 33.0, 33.0, 33.0, 33.0, 33.0, 33.0, 33.0, 33.0, 33.0, 33.0, 33.0, 33.0, 33.0, 33.0, 33.0, 33.0, 33.0, 33.0, 33.0, 33.0, 33.0, 33.0, 33.0, 33.0, 33.0, 33.0, 33.0, 33.0, 33.0, 33.0, 33.0, 33.0, 33.0, 33.0, 33.0, 33.0, 33.0, 33.0, 33.0, 33.0, 33.0, 33.0, 33.0, 33.0, 33.0, 33.0, 33.0, 33.0, 33.0, 33.0, 33.0, 33.0, 33.0, 33.0, 33.0, 33.0, 33.0, 33.0, 33.0, 33.0, 33.0, 33.0, 33.0, 33.0, 33.0, 33.0, 33.0, 33.0, 33.0, 33.0, 33.0, 33.0, 33.0, 33