,number,value,datetime_start,datetime_complete,duration,params_batch_size_scaler,params_constant_learning_rate,params_depth,params_epochs,params_kernel_l2,params_num_trees,params_temperature,user_attrs_accuracy_test,user_attrs_accuracy_valid,user_attrs_approximate_feature_sparsity,user_attrs_approximate_feature_sparsity_history,user_attrs_approximate_weight_sparsity,user_attrs_approximate_weight_sparsity_history,user_attrs_auc_test,user_attrs_auc_valid,user_attrs_feature_sparsity,user_attrs_feature_sparsity_history,user_attrs_num_epochs,user_attrs_val_loss_history,user_attrs_weight_sparsity,user_attrs_weight_sparsity_history,state
143,143,0.5,2024-08-31 06:28:13.338607,2024-08-31 06:30:41.856484,0 days 00:02:28.517877,16,0.30214880911621955,3,470,0.4511224777370778,66,0.012762412733535101,0.859,0.85875,0,"[33, 33, 33, 33, 33, 33, 33, 33, 33, 31, 26, 16, 7, 6, 5, 4, 4, 4, 4, 4, 4, 4, 4, 4, 4, 4, 4, 4, 4, 4, 4, 4, 4, 4, 4, 4, 4, 4, 4, 4, 4, 4, 3, 3, 3, 3, 2, 2, 2, 2, 2, 2, 2, 2, 2, 2, 2, 2, 2, 2, 2, 2, 2, 2, 2, 2, 2, 2, 2, 2, 2, 2, 2, 2, 2, 2, 2, 2, 2, 2, 2, 2, 2, 2, 2, 2, 2, 2, 2, 2, 2, 2, 2, 2, 2, 2, 2, 2, 2, 2, 2, 2, 2, 2, 2, 2, 2, 2, 2, 2, 2, 2, 2, 2, 2, 2, 2, 2, 2, 2, 2, 2, 2, 2, 2, 2, 2, 2, 2, 2, 2, 2, 2, 2, 2, 2, 2, 2, 2, 2, 2, 2, 2, 2, 2, 2, 2, 2, 2, 2, 2, 2, 2, 2, 2, 2, 2, 2, 2, 2, 2, 2, 2, 2, 2, 2, 2, 2, 2, 2, 2, 2, 2, 2, 2, 2, 2, 2, 2, 2, 2, 2, 2, 2, 2, 2, 2, 2, 2, 2, 2, 2, 2, 2, 2, 2, 2, 2, 2, 2, 2, 2, 2, 2, 2, 2, 2, 2, 2, 2, 2, 2, 2, 2, 2, 2, 2, 2, 2, 2, 2, 2, 2, 2, 2, 2, 2, 2, 2, 2, 2, 2, 2, 2, 2, 2, 2, 2, 2, 2, 2, 2, 2, 2, 2, 2, 2, 2, 2, 2, 2, 2, 2, 2, 2, 2, 2, 2, 2, 2, 2, 2, 2, 2, 2, 2, 2, 2, 2, 2, 2, 2, 2, 2, 2, 2, 2, 2, 2, 2, 2, 2, 2, 2, 2, 2, 2, 2, 2, 2, 2, 2, 2, 2, 2, 2, 2, 2, 2, 2, 2, 2, 2, 2, 2, 2, 2, 2, 1, 1, 1, 1, 1, 1, 1, 1, 1, 1, 1, 1, 1, 1, 1, 1, 1, 1, 1, 0, 0, 0, 0, 0, 0, 0, 0, 0, 0, 0, 0, 0, 0, 0, 0, 0, 0, 0, 0, 0, 0, 0, 0, 0, 0, 0, 0, 0, 0, 0, 0, 0, 0, 0, 0, 0, 0, 0, 0, 0, 0, 0, 0, 0, 0, 0, 0, 0, 0, 0, 0, 0, 0, 0, 0, 0, 0, 0, 0, 0, 0, 0, 0, 0, 0, 0, 0, 0, 0, 0, 0, 0, 0, 0, 0, 0, 0, 0, 0, 0, 0, 0, 0, 0, 0, 0, 0, 0, 0, 0, 0, 0, 0, 0, 0, 0, 0, 0, 0, 0, 0, 0, 0, 0, 0, 0, 0, 0, 0, 0, 0, 0, 0, 0, 0, 0, 0, 0, 0, 0, 0, 0, 0, 0, 0, 0, 0, 0, 0, 0, 0, 0, 0, 0, 0, 0, 0, 0, 0, 0, 0, 0]",0.0,"[32.97402597402598, 32.96969696969697, 32.97619047619048, 32.976190476190474, 32.97835497835498, 32.98051948051948, 32.95670995670996, 32.96320346320346, 32.97835497835498, 30.976190476190478, 25.974025974025977, 15.980519480519481, 6.9978354978354975, 5.991341991341991, 4.995670995670996, 4.0, 3.995670995670996, 3.997835497835498, 3.997835497835498, 3.997835497835498, 3.997835497835498, 3.9913419913419914, 3.997835497835498, 3.9935064935064934, 3.995670995670996, 3.9935064935064934, 3.997835497835498, 3.993506493506494, 3.993506493506494, 3.997835497835498, 3.995670995670996, 4.0, 3.995670995670996, 3.995670995670996, 3.9891774891774894, 3.995670995670996, 3.995670995670996, 3.997835497835498, 3.9935064935064934, 4.0, 3.9913419913419914, 4.0, 2.995670995670996, 2.9935064935064934, 2.9935064935064934, 3.0, 2.0, 2.0, 1.997835497835498, 2.0, 1.9956709956709957, 1.9956709956709957, 1.9956709956709957, 1.997835497835498, 1.9935064935064934, 1.9913419913419914, 1.9891774891774894, 2.0, 1.997835497835498, 1.9956709956709957, 1.997835497835498, 1.9956709956709957, 2.0, 2.0, 2.0, 2.0, 1.997835497835498, 2.0, 2.0, 1.997835497835498, 1.997835497835498, 2.0, 2.0, 1.997835497835498, 1.9956709956709957, 1.997835497835498, 1.997835497835498, 2.0, 1.9935064935064934, 1.997835497835498, 1.9956709956709957, 2.0, 1.9935064935064934, 1.997835497835498, 1.997835497835498, 1.997835497835498, 1.997835497835498, 2.0, 1.997835497835498, 1.997835497835498, 1.997835497835498, 1.997835497835498, 1.9956709956709957, 1.997835497835498, 1.9956709956709957, 1.997835497835498, 2.0, 1.9956709956709957, 2.0, 1.997835497835498, 1.997835497835498, 2.0, 1.997835497835498, 2.0, 2.0, 1.997835497835498, 1.997835497835498, 1.997835497835498, 2.0, 2.0, 1.997835497835498, 2.0, 1.997835497835498, 2.0, 2.0, 2.0, 1.997835497835498, 1.9956709956709957, 1.997835497835498, 1.997835497835498, 1.997835497835498, 1.997835497835498, 1.997835497835498, 2.0, 1.9935064935064934, 1.9956709956709957, 1.9956709956709957, 2.0, 2.0, 2.0, 1.9956709956709957, 2.0, 1.997835497835498, 2.0, 2.0, 2.0, 1.997835497835498, 2.0, 2.0, 2.0, 2.0, 2.0, 2.0, 2.0, 2.0, 2.0, 2.0, 2.0, 1.997835497835498, 1.9956709956709957, 1.9935064935064934, 1.9935064935064934, 1.997835497835498, 1.997835497835498, 1.9956709956709957, 1.997835497835498, 1.997835497835498, 1.9956709956709957, 1.997835497835498, 1.997835497835498, 1.9956709956709957, 1.9956709956709957, 1.9956709956709957, 1.997835497835498, 1.997835497835498, 1.997835497835498, 1.997835497835498, 1.9956709956709957, 1.997835497835498, 1.9935064935064934, 1.9935064935064934, 1.997835497835498, 1.9956709956709957, 2.0, 2.0, 2.0, 2.0, 2.0, 1.997835497835498, 1.9956709956709957, 1.9935064935064934, 1.9956709956709957, 2.0, 1.997835497835498, 1.997835497835498, 1.997835497835498, 2.0, 2.0, 2.0, 2.0, 2.0, 2.0, 2.0, 2.0, 1.997835497835498, 1.9935064935064934, 1.9935064935064934, 1.9956709956709957, 1.9935064935064934, 1.9913419913419914, 1.9935064935064934, 1.997835497835498, 1.997835497835498, 1.997835497835498, 1.9956709956709957, 1.9956709956709957, 1.9956709956709957, 1.9956709956709957, 1.9956709956709957, 1.997835497835498, 1.9956709956709957, 1.997835497835498, 2.0, 2.0, 2.0, 2.0, 2.0, 1.997835497835498, 1.997835497835498, 1.997835497835498, 1.9956709956709957, 2.0, 1.997835497835498, 1.997835497835498, 2.0, 2.0, 2.0, 2.0, 1.997835497835498, 1.997835497835498, 1.997835497835498, 2.0, 2.0, 1.997835497835498, 1.9956709956709957, 1.9935064935064934, 1.9956709956709957, 1.9935064935064934, 1.9956709956709957, 1.9956709956709957, 1.9956709956709957, 1.9913419913419914, 1.9956709956709957, 1.9956709956709957, 1.9956709956709957, 1.9956709956709957, 1.9956709956709957, 1.997835497835498, 1.997835497835498, 1.997835497835498, 2.0, 1.997835497835498, 1.997835497835498, 1.997835497835498, 1.997835497835498, 1.997835497835498, 1.997835497835498, 1.997835497835498, 2.0, 1.9956709956709957, 1.9935064935064934, 1.997835497835498, 1.997835497835498, 1.9956709956709957, 2.0, 2.0, 1.997835497835498, 1.997835497835498, 1.997835497835498, 2.0, 2.0, 2.0, 2.0, 2.0, 1.997835497835498, 1.9956709956709957, 1.9956709956709957, 1.9935064935064934, 1.9935064935064934, 1.9935064935064934, 1.997835497835498, 2.0, 1.9956709956709957, 1.9956709956709957, 1.9956709956709957, 1.9956709956709957, 1.9956709956709957, 1.9935064935064934, 1.9956709956709957, 1.9956709956709957, 1.997835497835498, 1.997835497835498, 1.997835497835498, 1.997835497835498, 1.9956709956709957, 1.997835497835498, 1.997835497835498, 1.997835497835498, 2.0, 1.997835497835498, 1.997835497835498, 1.997835497835498, 1.997835497835498, 2.0, 2.0, 2.0, 2.0, 1.997835497835498, 1.0, 0.9978354978354979, 0.9956709956709957, 0.9956709956709957, 0.9956709956709957, 0.9956709956709957, 0.9935064935064936, 0.9935064935064936, 0.9935064935064936, 0.9935064935064936, 0.9956709956709957, 0.9978354978354979, 0.9978354978354979, 1.0, 1.0, 1.0, 1.0, 1.0, 0.9978354978354979, 0.0, 0.0, 0.0, 0.0, 0.0, 0.0, 0.0, 0.0, 0.0, 0.0, 0.0, 0.0, 0.0, 0.0, 0.0, 0.0, 0.0, 0.0, 0.0, 0.0, 0.0, 0.0, 0.0, 0.0, 0.0, 0.0, 0.0, 0.0, 0.0, 0.0, 0.0, 0.0, 0.0, 0.0, 0.0, 0.0, 0.0, 0.0, 0.0, 0.0, 0.0, 0.0, 0.0, 0.0, 0.0, 0.0, 0.0, 0.0, 0.0, 0.0, 0.0, 0.0, 0.0, 0.0, 0.0, 0.0, 0.0, 0.0, 0.0, 0.0, 0.0, 0.0, 0.0, 0.0, 0.0, 0.0, 0.0, 0.0, 0.0, 0.0, 0.0, 0.0, 0.0, 0.0, 0.0, 0.0, 0.0, 0.0, 0.0, 0.0, 0.0, 0.0, 0.0, 0.0, 0.0, 0.0, 0.0, 0.0, 0.0, 0.0, 0.0, 0.0, 0.0, 0.0, 0.0, 0.0, 0.0, 0.0, 0.0, 0.0, 0.0, 0.0, 0.0, 0.0, 0.0, 0.0, 0.0, 0.0, 0.0, 0.0, 0.0, 0.0, 0.0, 0.0, 0.0, 0.0, 0.0, 0.0, 0.0, 0.0, 0.0, 0.0, 0.0, 0.0, 0.0, 0.0, 0.0, 0.0, 0.0, 0.0, 0.0, 0.0, 0.0, 0.0, 0.0, 0.0, 0.0, 0.0, 0.0, 0.0, 0.0, 0.0, 0.0]",0.5,0.5,0,"[33, 33, 33, 33, 33, 33, 33, 33, 33, 31, 26, 16, 7, 6, 5, 4, 4, 4, 4, 4, 4, 4, 4, 4, 4, 4, 4, 4, 4, 4, 4, 4, 4, 4, 4, 4, 4, 4, 4, 4, 4, 4, 3, 3, 3, 3, 2, 2, 2, 2, 2, 2, 2, 2, 2, 2, 2, 2, 2, 2, 2, 2, 2, 2, 2, 2, 2, 2, 2, 2, 2, 2, 2, 2, 2, 2, 2, 2, 2, 2, 2, 2, 2, 2, 2, 2, 2, 2, 2, 2, 2, 2, 2, 2, 2, 2, 2, 2, 2, 2, 2, 2, 2, 2, 2, 2, 2, 2, 2, 2, 2, 2, 2, 2, 2, 2, 2, 2, 2, 2, 2, 2, 2, 2, 2, 2, 2, 2, 2, 2, 2, 2, 2, 2, 2, 2, 2, 2, 2, 2, 2, 2, 2, 2, 2, 2, 2, 2, 2, 2, 2, 2, 2, 2, 2, 2, 2, 2, 2, 2, 2, 2, 2, 2, 2, 2, 2, 2, 2, 2, 2, 2, 2, 2, 2, 2, 2, 2, 2, 2, 2, 2, 2, 2, 2, 2, 2, 2, 2, 2, 2, 2, 2, 2, 2, 2, 2, 2, 2, 2, 2, 2, 2, 2, 2, 2, 2, 2, 2, 2, 2, 2, 2, 2, 2, 2, 2, 2, 2, 2, 2, 2, 2, 2, 2, 2, 2, 2, 2, 2, 2, 2, 2, 2, 2, 2, 2, 2, 2, 2, 2, 2, 2, 2, 2, 2, 2, 2, 2, 2, 2, 2, 2, 2, 2, 2, 2, 2, 2, 2, 2, 2, 2, 2, 2, 2, 2, 2, 2, 2, 2, 2, 2, 2, 2, 2, 2, 2, 2, 2, 2, 2, 2, 2, 2, 2, 2, 2, 2, 2, 2, 2, 2, 2, 2, 2, 2, 2, 2, 2, 2, 2, 2, 2, 2, 2, 2, 2, 1, 1, 1, 1, 1, 1, 1, 1, 1, 1, 1, 1, 1, 1, 1, 1, 1, 1, 1, 0, 0, 0, 0, 0, 0, 0, 0, 0, 0, 0, 0, 0, 0, 0, 0, 0, 0, 0, 0, 0, 0, 0, 0, 0, 0, 0, 0, 0, 0, 0, 0, 0, 0, 0, 0, 0, 0, 0, 0, 0, 0, 0, 0, 0, 0, 0, 0, 0, 0, 0, 0, 0, 0, 0, 0, 0, 0, 0, 0, 0, 0, 0, 0, 0, 0, 0, 0, 0, 0, 0, 0, 0, 0, 0, 0, 0, 0, 0, 0, 0, 0, 0, 0, 0, 0, 0, 0, 0, 0, 0, 0, 0, 0, 0, 0, 0, 0, 0, 0, 0, 0, 0, 0, 0, 0, 0, 0, 0, 0, 0, 0, 0, 0, 0, 0, 0, 0, 0, 0, 0, 0, 0, 0, 0, 0, 0, 0, 0, 0, 0, 0, 0, 0, 0, 0, 0, 0, 0, 0, 0, 0, 0]",470,"[0.4550724923610687, 0.4395393431186676, 0.43283775448799133, 0.43118295073509216, 0.4242720901966095, 0.42130911350250244, 0.4176533818244934, 0.41521894931793213, 0.41170260310173035, 0.403470903635025, 0.3983194828033447, 0.3817282021045685, 0.37243178486824036, 0.37575653195381165, 0.371598482131958, 0.3732162117958069, 0.37556397914886475, 0.3706514239311218, 0.3685958981513977, 0.36760804057121277, 0.3685012459754944, 0.3750155568122864, 0.3679888844490051, 0.36554640531539917, 0.3646027743816376, 0.3664610683917999, 0.3694811165332794, 0.3632686734199524, 0.36520159244537354, 0.3640376925468445, 0.3710612952709198, 0.3620941936969757, 0.3615803122520447, 0.3613028824329376, 0.3631252944469452, 0.3626481890678406, 0.3611608147621155, 0.3613094985485077, 0.3604067862033844, 0.36260929703712463, 0.3611804246902466, 0.3602007329463959, 0.38932210206985474, 0.38275519013404846, 0.376205712556839, 0.37753528356552124, 0.3804277181625366, 0.38469696044921875, 0.3792911767959595, 0.38118186593055725, 0.37932005524635315, 0.377934068441391, 0.37991827726364136, 0.38721007108688354, 0.37834393978118896, 0.37801629304885864, 0.37643054127693176, 0.3767332136631012, 0.37608394026756287, 0.3765415847301483, 0.3753911256790161, 0.3755566477775574, 0.3755383789539337, 0.3756321668624878, 0.3771873116493225, 0.38090980052948, 0.3750913739204407, 0.3746279776096344, 0.37450966238975525, 0.37520697712898254, 0.3743426501750946, 0.3743896484375, 0.37438881397247314, 0.37405091524124146, 0.37408679723739624, 0.38127562403678894, 0.3792910873889923, 0.3740634620189667, 0.3740842044353485, 0.37409576773643494, 0.37486881017684937, 0.3736221194267273, 0.3735319972038269, 0.37738490104675293, 0.37691307067871094, 0.37640777230262756, 0.3786291480064392, 0.37410640716552734, 0.37384331226348877, 0.376746267080307, 0.37345972657203674, 0.3731573522090912, 0.3731149435043335, 0.37406453490257263, 0.37322893738746643, 0.373768150806427, 0.37363991141319275, 0.3734431862831116, 0.37321895360946655, 0.37543347477912903, 0.37436211109161377, 0.3734043538570404, 0.3777335286140442, 0.3735159635543823, 0.3733362853527069, 0.3738572597503662, 0.3728531002998352, 0.3733411729335785, 0.37347179651260376, 0.37434518337249756, 0.3764711320400238, 0.37484192848205566, 0.37293702363967896, 0.373274028301239, 0.37328121066093445, 0.3725253939628601, 0.3752129375934601, 0.37399232387542725, 0.37265950441360474, 0.37335091829299927, 0.37299591302871704, 0.3724539279937744, 0.3726252317428589, 0.37293052673339844, 0.3767816126346588, 0.3727671504020691, 0.3723087012767792, 0.372244268655777, 0.38316500186920166, 0.374051958322525, 0.37223342061042786, 0.37753212451934814, 0.3729867935180664, 0.37235644459724426, 0.372892290353775, 0.37409642338752747, 0.3729504644870758, 0.3743390142917633, 0.37346145510673523, 0.37201306223869324, 0.3759836256504059, 0.37197208404541016, 0.37196269631385803, 0.377899169921875, 0.3744473159313202, 0.37325218319892883, 0.3762783408164978, 0.37250816822052, 0.37185460329055786, 0.3732633590698242, 0.3733949661254883, 0.3727410137653351, 0.37179455161094666, 0.3721286654472351, 0.3747144937515259, 0.3725512623786926, 0.3719254732131958, 0.37299644947052, 0.3717796206474304, 0.37202468514442444, 0.37190982699394226, 0.37172454595565796, 0.37246325612068176, 0.3716973066329956, 0.3725074529647827, 0.37177014350891113, 0.37171611189842224, 0.37285855412483215, 0.3715658187866211, 0.3715614676475525, 0.3717038035392761, 0.37173762917518616, 0.3738363981246948, 0.3732481300830841, 0.37303978204727173, 0.3722332715988159, 0.37165555357933044, 0.37230435013771057, 0.3715132176876068, 0.37154656648635864, 0.3763009011745453, 0.3793843388557434, 0.3713829815387726, 0.37218108773231506, 0.37140384316444397, 0.37194937467575073, 0.3794347047805786, 0.3715440630912781, 0.37213054299354553, 0.37421146035194397, 0.37298452854156494, 0.3714970648288727, 0.37677931785583496, 0.37243396043777466, 0.3711959719657898, 0.37128785252571106, 0.3713749349117279, 0.3716091513633728, 0.37140169739723206, 0.3720073699951172, 0.37260323762893677, 0.37606480717658997, 0.3711288571357727, 0.3713415861129761, 0.3712114691734314, 0.3711220920085907, 0.37118229269981384, 0.3732157051563263, 0.3740655481815338, 0.37241917848587036, 0.37300240993499756, 0.37173834443092346, 0.3714800775051117, 0.3716433048248291, 0.371439665555954, 0.3713206350803375, 0.37288710474967957, 0.37304142117500305, 0.37124955654144287, 0.37710022926330566, 0.3711020350456238, 0.37418586015701294, 0.3710901737213135, 0.37413933873176575, 0.37500423192977905, 0.3708916902542114, 0.37191662192344666, 0.3709726333618164, 0.3711989223957062, 0.37241387367248535, 0.3721790313720703, 0.3739890158176422, 0.37079623341560364, 0.3717881739139557, 0.37189173698425293, 0.3716445863246918, 0.37348121404647827, 0.3735142946243286, 0.3716735541820526, 0.37072888016700745, 0.377188503742218, 0.370921790599823, 0.37110331654548645, 0.37095877528190613, 0.37073150277137756, 0.3739069700241089, 0.3707149922847748, 0.37135615944862366, 0.37067389488220215, 0.3713204562664032, 0.37101802229881287, 0.37167513370513916, 0.37070897221565247, 0.37701642513275146, 0.3706047832965851, 0.3706166446208954, 0.37060272693634033, 0.37145692110061646, 0.3706052303314209, 0.37119540572166443, 0.37539535760879517, 0.37201932072639465, 0.3725637197494507, 0.3839964270591736, 0.374252587556839, 0.3705110251903534, 0.3705013394355774, 0.3704942762851715, 0.3709752559661865, 0.37235093116760254, 0.37071123719215393, 0.373274564743042, 0.37080153822898865, 0.37060999870300293, 0.3742695748806, 0.3724597096443176, 0.37042975425720215, 0.3710140585899353, 0.3706192672252655, 0.3748630881309509, 0.3707427680492401, 0.37124115228652954, 0.37038475275039673, 0.37103062868118286, 0.3714456260204315, 0.371666818857193, 0.3712526559829712, 0.3703606426715851, 0.3720949590206146, 0.37085315585136414, 0.37112587690353394, 0.3703599274158478, 0.3703143000602722, 0.3711077570915222, 0.37050506472587585, 0.37516024708747864, 0.37179651856422424, 0.3704654574394226, 0.3732757866382599, 0.37376469373703003, 0.37040936946868896, 0.37043845653533936, 0.370528906583786, 0.3772111237049103, 0.37047019600868225, 0.3706244230270386, 0.3728802800178528, 0.3703342378139496, 0.39623045921325684, 0.3963669240474701, 0.39316269755363464, 0.39344674348831177, 0.3946649134159088, 0.393831342458725, 0.39448270201683044, 0.3987160921096802, 0.39379337430000305, 0.3933015465736389, 0.39682266116142273, 0.39377495646476746, 0.3932448625564575, 0.3931473195552826, 0.3957499563694, 0.3940601050853729, 0.39639991521835327, 0.3943522572517395, 0.3940519392490387, 0.4121919870376587, 0.4151473343372345, 0.40863236784935, 0.40850910544395447, 0.40867555141448975, 0.4072283208370209, 0.41066575050354004, 0.409059077501297, 0.40770164132118225, 0.40970951318740845, 0.41037967801094055, 0.40725037455558777, 0.4072265326976776, 0.4072343707084656, 0.41343215107917786, 0.40728759765625, 0.4078390598297119, 0.40851151943206787, 0.4083104729652405, 0.41013026237487793, 0.4072294533252716, 0.4073653519153595, 0.4075953960418701, 0.4075941741466522, 0.4174669682979584, 0.409776508808136, 0.41361168026924133, 0.4090269207954407, 0.4097903072834015, 0.4072960913181305, 0.41140133142471313, 0.4072471261024475, 0.4083631932735443, 0.40965867042541504, 0.4074133634567261, 0.4076186716556549, 0.4091017246246338, 0.4079042077064514, 0.407924085855484, 0.40723130106925964, 0.40761420130729675, 0.4073439836502075, 0.4072470963001251, 0.4111822545528412, 0.40962010622024536, 0.4079638719558716, 0.40722739696502686, 0.4077121317386627, 0.4072953462600708, 0.40857672691345215, 0.4181715250015259, 0.41215574741363525, 0.4111906886100769, 0.4072263836860657, 0.4082326889038086, 0.40915757417678833, 0.41094547510147095, 0.4083634614944458, 0.4092946946620941, 0.40801292657852173, 0.40824347734451294, 0.4074380397796631, 0.41282886266708374, 0.40945157408714294, 0.41031867265701294, 0.4072362780570984, 0.40787291526794434, 0.4076824188232422, 0.40726611018180847, 0.41326701641082764, 0.4083310067653656, 0.40925392508506775, 0.4094541668891907, 0.4076257348060608, 0.40723490715026855, 0.4072265326976776, 0.40809836983680725, 0.4077536463737488, 0.4075576364994049, 0.41050514578819275, 0.40782058238983154, 0.4080813229084015, 0.40835392475128174, 0.40892842411994934, 0.40731221437454224, 0.40986934304237366, 0.4095337390899658, 0.4074554145336151, 0.4125198721885681, 0.4110855758190155, 0.40722793340682983, 0.40791842341423035, 0.40754619240760803, 0.40755724906921387, 0.4073772430419922, 0.4072522819042206, 0.41149765253067017, 0.4072284698486328, 0.4078983962535858, 0.4075223505496979, 0.4075118601322174, 0.41109058260917664, 0.4074084460735321, 0.41017231345176697, 0.40733158588409424, 0.40778648853302, 0.4074682593345642, 0.4098275303840637, 0.4086460471153259, 0.4088907241821289, 0.4075267016887665, 0.4073835611343384, 0.4073115289211273, 0.4072331488132477, 0.4074196219444275, 0.4072362184524536, 0.40738609433174133, 0.4114808142185211, 0.40730607509613037, 0.40852639079093933, 0.40743687748908997, 0.4075801968574524, 0.4085310399532318, 0.4072261452674866, 0.4090539515018463, 0.41185906529426575, 0.4141537845134735, 0.41267886757850647, 0.40722617506980896, 0.40844932198524475, 0.4073246419429779, 0.4072484076023102, 0.40915098786354065, 0.4073634743690491, 0.4073026776313782, 0.4085269570350647, 0.4072306156158447, 0.40749943256378174, 0.40771475434303284, 0.4074918329715729, 0.4083937108516693, 0.4085295796394348, 0.4075389504432678]",0.0,"[33.0, 33.0, 33.0, 33.0, 33.0, 33.0, 33.0, 33.0, 33.0, 31.0, 26.0, 16.0, 7.0, 6.0, 5.0, 4.0, 4.0, 4.0, 4.0, 4.0, 4.0, 4.0, 4.0, 4.0, 4.0, 4.0, 4.0, 4.0, 4.0, 4.0, 4.0, 4.0, 4.0, 4.0, 4.0, 4.0, 4.0, 4.0, 4.0, 4.0, 4.0, 4.0, 3.0, 3.0, 3.0, 3.0, 2.0, 2.0, 2.0, 2.0, 2.0, 2.0, 2.0, 2.0, 2.0, 2.0, 2.0, 2.0, 2.0, 2.0, 2.0, 2.0, 2.0, 2.0, 2.0, 2.0, 2.0, 2.0, 2.0, 2.0, 2.0, 2.0, 2.0, 2.0, 2.0, 2.0, 2.0, 2.0, 2.0, 2.0, 2.0, 2.0, 2.0, 2.0, 2.0, 2.0, 2.0, 2.0, 2.0, 2.0, 2.0, 2.0, 2.0, 2.0, 2.0, 2.0, 2.0, 2.0, 2.0, 2.0, 2.0, 2.0, 2.0, 2.0, 2.0, 2.0, 2.0, 2.0, 2.0, 2.0, 2.0, 2.0, 2.0, 2.0, 2.0, 2.0, 2.0, 2.0, 2.0, 2.0, 2.0, 2.0, 2.0, 2.0, 2.0, 2.0, 2.0, 2.0, 2.0, 2.0, 2.0, 2.0, 2.0, 2.0, 2.0, 2.0, 2.0, 2.0, 2.0, 2.0, 2.0, 2.0, 2.0, 2.0, 2.0, 2.0, 2.0, 2.0, 2.0, 2.0, 2.0, 2.0, 2.0, 2.0, 2.0, 2.0, 2.0, 2.0, 2.0, 2.0, 2.0, 2.0, 2.0, 2.0, 2.0, 2.0, 2.0, 2.0, 2.0, 2.0, 2.0, 2.0, 2.0, 2.0, 2.0, 2.0, 2.0, 2.0, 2.0, 2.0, 2.0, 2.0, 2.0, 2.0, 2.0, 2.0, 2.0, 2.0, 2.0, 2.0, 2.0, 2.0, 2.0, 2.0, 2.0, 2.0, 2.0, 2.0, 2.0, 2.0, 2.0, 2.0, 2.0, 2.0, 2.0, 2.0, 2.0, 2.0, 2.0, 2.0, 2.0, 2.0, 2.0, 2.0, 2.0, 2.0, 2.0, 2.0, 2.0, 2.0, 2.0, 2.0, 2.0, 2.0, 2.0, 2.0, 2.0, 2.0, 2.0, 2.0, 2.0, 2.0, 2.0, 2.0, 2.0, 2.0, 2.0, 2.0, 2.0, 2.0, 2.0, 2.0, 2.0, 2.0, 2.0, 2.0, 2.0, 2.0, 2.0, 2.0, 2.0, 2.0, 2.0, 2.0, 2.0, 2.0, 2.0, 2.0, 2.0, 2.0, 2.0, 2.0, 2.0, 2.0, 2.0, 2.0, 2.0, 2.0, 2.0, 2.0, 2.0, 2.0, 2.0, 2.0, 2.0, 2.0, 2.0, 2.0, 2.0, 2.0, 2.0, 2.0, 2.0, 2.0, 2.0, 2.0, 2.0, 2.0, 2.0, 2.0, 2.0, 2.0, 2.0, 2.0, 2.0, 2.0, 2.0, 2.0, 2.0, 2.0, 2.0, 2.0, 2.0, 2.0, 2.0, 2.0, 2.0, 2.0, 1.0, 1.0, 1.0, 1.0, 1.0, 1.0, 1.0, 1.0, 1.0, 1.0, 1.0, 1.0, 1.0, 1.0, 1.0, 1.0, 1.0, 1.0, 1.0, 0.0, 0.0, 0.0, 0.0, 0.0, 0.0, 0.0, 0.0, 0.0, 0.0, 0.0, 0.0, 0.0, 0.0, 0.0, 0.0, 0.0, 0.0, 0.0, 0.0, 0.0, 0.0, 0.0, 0.0, 0.0, 0.0, 0.0, 0.0, 0.0, 0.0, 0.0, 0.0, 0.0, 0.0, 0.0, 0.0, 0.0, 0.0, 0.0, 0.0, 0.0, 0.0, 0.0, 0.0, 0.0, 0.0, 0.0, 0.0, 0.0, 0.0, 0.0, 0.0, 0.0, 0.0, 0.0, 0.0, 0.0, 0.0, 0.0, 0.0, 0.0, 0.0, 0.0, 0.0, 0.0, 0.0, 0.0, 0.0, 0.0, 0.0, 0.0, 0.0, 0.0, 0.0, 0.0, 0.0, 0.0, 0.0, 0.0, 0.0, 0.0, 0.0, 0.0, 0.0, 0.0, 0.0, 0.0, 0.0, 0.0, 0.0, 0.0, 0.0, 0.0, 0.0, 0.0, 0.0, 0.0, 0.0, 0.0, 0.0, 0.0, 0.0, 0.0, 0.0, 0.0, 0.0, 0.0, 0.0, 0.0, 0.0, 0.0, 0.0, 0.0, 0.0, 0.0, 0.0, 0.0, 0.0, 0.0, 0.0, 0.0, 0.0, 0.0, 0.0, 0.0, 0.0, 0.0, 0.0, 0.0, 0.0, 0.0, 0.0, 0.0, 0.0, 0.0, 0.0, 0.0, 0.0, 0.0, 0.0, 0.0, 0.0, 0.0]",COMPLETE
