,number,value,datetime_start,datetime_complete,duration,params_batch_size_scaler,params_constant_learning_rate,params_depth,params_epochs,params_kernel_l2,params_num_trees,params_temperature,user_attrs_accuracy_test,user_attrs_accuracy_valid,user_attrs_approximate_feature_sparsity,user_attrs_approximate_feature_sparsity_history,user_attrs_approximate_weight_sparsity,user_attrs_approximate_weight_sparsity_history,user_attrs_auc_test,user_attrs_auc_valid,user_attrs_feature_sparsity,user_attrs_feature_sparsity_history,user_attrs_num_epochs,user_attrs_val_loss_history,user_attrs_weight_sparsity,user_attrs_weight_sparsity_history,state
154,154,0.9314835568265255,2024-08-31 06:51:35.462943,2024-08-31 07:01:16.954774,0 days 00:09:41.491831,4,0.2774133420011073,6,295,0.011117204464464972,30,0.03519646743469981,0.944,0.945,33,"[33, 33, 33, 33, 33, 33, 33, 33, 33, 33, 33, 33, 33, 33, 33, 33, 33, 33, 33, 33, 33, 33, 33, 33, 33, 33, 33, 33, 33, 33, 33, 33, 33, 33, 33, 33, 33, 33, 33, 33, 33, 33, 33, 33, 33, 33, 33, 33, 33, 33, 33, 33, 33, 33, 33, 33, 33, 33, 33, 33, 33, 33, 33, 33, 33, 33, 33, 33, 33, 33, 33, 33, 33, 33, 33, 33, 33, 33, 33, 33, 33, 33, 33, 33, 33, 33, 33, 33, 33, 33, 33, 33, 33, 33, 33, 33, 33, 33, 33, 33, 33, 33, 33, 33, 33, 33, 33, 33, 33, 33, 33, 33, 33, 33, 33, 33, 33, 33, 33, 33, 33, 33, 33, 33, 33, 33, 33, 33, 33, 33, 33, 33, 33, 33, 33, 33, 33, 33, 33, 33, 33, 33, 33, 33, 33, 33, 33, 33, 33, 33, 33, 33, 33, 33, 33, 33, 33, 33, 33, 33, 33, 33, 33, 33, 33, 33, 33, 33, 33, 33, 33, 33, 33, 33, 33, 33, 33, 33, 33, 33, 33, 33, 33, 33, 33, 33, 33, 33, 33, 33, 33, 33, 33, 33, 33, 33, 33, 33, 33, 33, 33, 33, 33, 33, 33, 33, 33, 33, 33, 33, 33, 33, 33, 33, 33, 33, 33, 33, 33, 33, 33, 33, 33, 33, 33, 33, 33, 33, 33, 33, 33, 33, 33, 33, 33, 33, 33, 33, 33, 33, 33, 33, 33, 33, 33, 33, 33, 33, 33, 33, 33, 33, 33, 33, 33, 33, 33, 33, 33, 33, 33, 33, 33, 33, 33, 33, 33, 33, 33, 33, 33, 33, 33, 33, 33, 33, 33, 33, 33, 33, 33, 33, 33, 33, 33, 33, 33, 33, 33, 33, 33, 33, 33, 33, 33]",32.94074074074074,"[32.94179894179894, 32.94814814814815, 32.94656084656085, 32.94550264550264, 32.956084656084656, 32.94708994708995, 32.94285714285714, 32.93862433862434, 32.93915343915344, 32.93915343915344, 32.93756613756614, 32.94338624338624, 32.94444444444444, 32.94179894179894, 32.93968253968254, 32.93809523809524, 32.940211640211636, 32.94444444444444, 32.93280423280423, 32.94021164021164, 32.94391534391534, 32.94708994708995, 32.94232804232804, 32.93544973544974, 32.94603174603175, 32.93227513227513, 32.94973544973545, 32.93650793650794, 32.93544973544974, 32.938095238095244, 32.94338624338624, 32.94550264550265, 32.94761904761905, 32.94973544973545, 32.94497354497355, 32.94550264550265, 32.94603174603175, 32.955555555555556, 32.94603174603175, 32.94656084656084, 32.94973544973545, 32.941798941798936, 32.94708994708995, 32.94656084656085, 32.94708994708995, 32.95185185185185, 32.94444444444444, 32.94444444444444, 32.94973544973545, 32.94708994708995, 32.94920634920635, 32.94708994708995, 32.94867724867725, 32.95978835978836, 32.957671957671955, 32.94867724867725, 32.94920634920635, 32.956084656084656, 32.95238095238095, 32.952910052910056, 32.953968253968256, 32.95978835978836, 32.94338624338624, 32.94920634920635, 32.953439153439156, 32.953968253968256, 32.94920634920635, 32.94814814814815, 32.94550264550265, 32.94761904761905, 32.94497354497355, 32.93174603174603, 32.938624338624344, 32.93968253968254, 32.94285714285714, 32.94603174603175, 32.94550264550264, 32.94444444444445, 32.951851851851856, 32.952910052910056, 32.94550264550264, 32.93915343915344, 32.93756613756614, 32.94444444444444, 32.94338624338624, 32.94074074074074, 32.94550264550264, 32.95079365079365, 32.95079365079365, 32.94603174603174, 32.940211640211636, 32.94497354497354, 32.94285714285714, 32.93915343915344, 32.94920634920635, 32.94338624338624, 32.94867724867725, 32.94603174603174, 32.94232804232804, 32.94497354497355, 32.94444444444444, 32.939153439153436, 32.94497354497354, 32.94391534391534, 32.94232804232804, 32.940211640211636, 32.94497354497355, 32.94179894179894, 32.94708994708995, 32.94867724867725, 32.94391534391534, 32.94656084656085, 32.95026455026455, 32.951322751322756, 32.95079365079365, 32.95291005291005, 32.955026455026456, 32.95343915343915, 32.94867724867725, 32.94708994708995, 32.94708994708995, 32.94656084656085, 32.95079365079365, 32.94656084656085, 32.952380952380956, 32.94708994708995, 32.95026455026455, 32.94603174603175, 32.94656084656085, 32.94867724867725, 32.95079365079365, 32.95238095238095, 32.94973544973545, 32.94603174603174, 32.94708994708995, 32.94497354497354, 32.95026455026455, 32.94867724867725, 32.94708994708994, 32.94761904761905, 32.94920634920635, 32.93703703703704, 32.94179894179894, 32.94550264550265, 32.94920634920635, 32.94761904761904, 32.939682539682536, 32.94444444444444, 32.94973544973545, 32.95132275132275, 32.953439153439156, 32.94973544973545, 32.94814814814815, 32.95079365079365, 32.955026455026456, 32.95079365079365, 32.94708994708995, 32.94656084656085, 32.94497354497354, 32.93862433862434, 32.94074074074074, 32.93650793650794, 32.94391534391534, 32.94391534391534, 32.94867724867724, 32.94973544973545, 32.952910052910056, 32.949735449735456, 32.94867724867725, 32.95026455026455, 32.955026455026456, 32.951851851851856, 32.951851851851856, 32.950793650793656, 32.952380952380956, 32.95026455026455, 32.94920634920635, 32.94973544973545, 32.95132275132275, 32.94973544973545, 32.94444444444444, 32.95132275132275, 32.94973544973545, 32.94867724867724, 32.95079365079365, 32.94867724867725, 32.95185185185185, 32.952910052910056, 32.951851851851856, 32.95238095238095, 32.94232804232804, 32.94867724867725, 32.94973544973545, 32.94497354497354, 32.94603174603175, 32.94656084656085, 32.94973544973545, 32.94761904761904, 32.94814814814815, 32.94444444444444, 32.95132275132275, 32.94708994708995, 32.95238095238095, 32.94867724867725, 32.94920634920635, 32.94391534391534, 32.94973544973545, 32.94603174603175, 32.94708994708994, 32.95238095238095, 32.95079365079365, 32.95026455026455, 32.94814814814815, 32.95079365079365, 32.949735449735456, 32.955026455026456, 32.956613756613756, 32.95132275132275, 32.955555555555556, 32.950793650793656, 32.95079365079365, 32.94867724867725, 32.94497354497355, 32.94391534391534, 32.94550264550264, 32.94391534391534, 32.94338624338624, 32.94391534391534, 32.94074074074074, 32.94603174603175, 32.95026455026455, 32.94761904761905, 32.94444444444444, 32.94550264550264, 32.94603174603175, 32.94550264550264, 32.94497354497354, 32.94867724867725, 32.94920634920635, 32.94550264550265, 32.94973544973545, 32.94814814814815, 32.952380952380956, 32.953968253968256, 32.954497354497356, 32.952910052910056, 32.956613756613756, 32.94973544973545, 32.957671957671955, 32.95820105820106, 32.956084656084656, 32.953968253968256, 32.955026455026456, 32.95291005291005, 32.94920634920635, 32.94973544973545, 32.954497354497356, 32.955026455026456, 32.951851851851856, 32.953968253968256, 32.957142857142856, 32.956084656084656, 32.952380952380956, 32.954497354497356, 32.95026455026455, 32.94867724867725, 32.95132275132275, 32.95026455026455, 32.94444444444444, 32.94550264550265, 32.94656084656085, 32.94708994708995, 32.94656084656085, 32.94920634920635, 32.94497354497354, 32.94603174603175, 32.94814814814815, 32.94867724867725, 32.94761904761905, 32.94814814814815, 32.95132275132275, 32.94814814814815, 32.94814814814815, 32.94920634920635, 32.94973544973545, 32.94550264550264, 32.94867724867725, 32.94444444444444, 32.94232804232804, 32.94656084656085, 32.94338624338624, 32.94074074074074, 32.939153439153436, 32.94285714285714, 32.94074074074074]",0.9167347814958842,0.9314835568265255,33,"[33, 33, 33, 33, 33, 33, 33, 33, 33, 33, 33, 33, 33, 33, 33, 33, 33, 33, 33, 33, 33, 33, 33, 33, 33, 33, 33, 33, 33, 33, 33, 33, 33, 33, 33, 33, 33, 33, 33, 33, 33, 33, 33, 33, 33, 33, 33, 33, 33, 33, 33, 33, 33, 33, 33, 33, 33, 33, 33, 33, 33, 33, 33, 33, 33, 33, 33, 33, 33, 33, 33, 33, 33, 33, 33, 33, 33, 33, 33, 33, 33, 33, 33, 33, 33, 33, 33, 33, 33, 33, 33, 33, 33, 33, 33, 33, 33, 33, 33, 33, 33, 33, 33, 33, 33, 33, 33, 33, 33, 33, 33, 33, 33, 33, 33, 33, 33, 33, 33, 33, 33, 33, 33, 33, 33, 33, 33, 33, 33, 33, 33, 33, 33, 33, 33, 33, 33, 33, 33, 33, 33, 33, 33, 33, 33, 33, 33, 33, 33, 33, 33, 33, 33, 33, 33, 33, 33, 33, 33, 33, 33, 33, 33, 33, 33, 33, 33, 33, 33, 33, 33, 33, 33, 33, 33, 33, 33, 33, 33, 33, 33, 33, 33, 33, 33, 33, 33, 33, 33, 33, 33, 33, 33, 33, 33, 33, 33, 33, 33, 33, 33, 33, 33, 33, 33, 33, 33, 33, 33, 33, 33, 33, 33, 33, 33, 33, 33, 33, 33, 33, 33, 33, 33, 33, 33, 33, 33, 33, 33, 33, 33, 33, 33, 33, 33, 33, 33, 33, 33, 33, 33, 33, 33, 33, 33, 33, 33, 33, 33, 33, 33, 33, 33, 33, 33, 33, 33, 33, 33, 33, 33, 33, 33, 33, 33, 33, 33, 33, 33, 33, 33, 33, 33, 33, 33, 33, 33, 33, 33, 33, 33, 33, 33, 33, 33, 33, 33, 33, 33, 33, 33, 33, 33, 33, 33]",295,"[0.3920930027961731, 0.3827313482761383, 0.376733660697937, 0.372264564037323, 0.3691200315952301, 0.3658555746078491, 0.3632059097290039, 0.360519140958786, 0.35810983180999756, 0.35558104515075684, 0.3528006672859192, 0.3503885567188263, 0.347421795129776, 0.3449747562408447, 0.34193697571754456, 0.33893436193466187, 0.33564305305480957, 0.33246949315071106, 0.3295165002346039, 0.3258792459964752, 0.32225045561790466, 0.31869426369667053, 0.31484925746917725, 0.31114915013313293, 0.30692946910858154, 0.30361413955688477, 0.29930493235588074, 0.29539814591407776, 0.2918320894241333, 0.28846725821495056, 0.28495538234710693, 0.28146594762802124, 0.27857521176338196, 0.27559179067611694, 0.2730611264705658, 0.269877165555954, 0.26728495955467224, 0.2651345729827881, 0.2623104155063629, 0.26014816761016846, 0.25775307416915894, 0.255889356136322, 0.25375205278396606, 0.2518852949142456, 0.24982498586177826, 0.24832433462142944, 0.2464529573917389, 0.24463962018489838, 0.2436678260564804, 0.24159765243530273, 0.2393597811460495, 0.2383420616388321, 0.23700159788131714, 0.23498870432376862, 0.23358923196792603, 0.23230209946632385, 0.23113305866718292, 0.22946101427078247, 0.2281847596168518, 0.22625970840454102, 0.22502340376377106, 0.2232346087694168, 0.22246572375297546, 0.221364825963974, 0.21966370940208435, 0.21856088936328888, 0.21760936081409454, 0.21720103919506073, 0.21494552493095398, 0.21457666158676147, 0.2142244577407837, 0.21217244863510132, 0.2115039825439453, 0.2108597606420517, 0.20981577038764954, 0.20857049524784088, 0.2073003351688385, 0.20663370192050934, 0.20558637380599976, 0.2049686759710312, 0.20413944125175476, 0.20329415798187256, 0.2024739384651184, 0.20259687304496765, 0.20134691894054413, 0.2020827680826187, 0.19976815581321716, 0.19913285970687866, 0.1976616084575653, 0.19755853712558746, 0.1971595585346222, 0.19608306884765625, 0.19672802090644836, 0.19710738956928253, 0.1947600394487381, 0.19496826827526093, 0.19441378116607666, 0.19434116780757904, 0.19386395812034607, 0.19440631568431854, 0.19364459812641144, 0.19256633520126343, 0.19096578657627106, 0.19186921417713165, 0.19244495034217834, 0.19194276630878448, 0.18957367539405823, 0.19092611968517303, 0.19071318209171295, 0.18940995633602142, 0.18960624933242798, 0.18878932297229767, 0.18920110166072845, 0.1912456452846527, 0.18922922015190125, 0.18938182294368744, 0.18720631301403046, 0.18705898523330688, 0.18724599480628967, 0.18639728426933289, 0.18704667687416077, 0.18661361932754517, 0.185733363032341, 0.18531541526317596, 0.18665510416030884, 0.18433433771133423, 0.18585386872291565, 0.18387195467948914, 0.18339253962039948, 0.18680165708065033, 0.18531665205955505, 0.18280479311943054, 0.18321576714515686, 0.1847471445798874, 0.18603357672691345, 0.18492786586284637, 0.18410544097423553, 0.18384967744350433, 0.18223142623901367, 0.18262915313243866, 0.18640774488449097, 0.18115055561065674, 0.18110185861587524, 0.1832948923110962, 0.18095791339874268, 0.1825619339942932, 0.1809387356042862, 0.1817970871925354, 0.18058720231056213, 0.18234819173812866, 0.18196290731430054, 0.17934660613536835, 0.18098503351211548, 0.1787104457616806, 0.18018442392349243, 0.17955873906612396, 0.17965330183506012, 0.1791904866695404, 0.17967553436756134, 0.17824900150299072, 0.17846614122390747, 0.1815655678510666, 0.17987310886383057, 0.17931059002876282, 0.17946191132068634, 0.1797936111688614, 0.17965489625930786, 0.1797596961259842, 0.17877352237701416, 0.17712073028087616, 0.18306636810302734, 0.17927181720733643, 0.1795026957988739, 0.180631622672081, 0.17696096003055573, 0.18079206347465515, 0.1795496940612793, 0.1793193221092224, 0.1775866448879242, 0.17567534744739532, 0.17765386402606964, 0.18094129860401154, 0.17743200063705444, 0.17968511581420898, 0.17850333452224731, 0.17654915153980255, 0.18053458631038666, 0.1759842485189438, 0.17804670333862305, 0.17876091599464417, 0.1768195927143097, 0.1781119704246521, 0.17689180374145508, 0.17790529131889343, 0.1799645870923996, 0.17721590399742126, 0.17972925305366516, 0.18037325143814087, 0.17665201425552368, 0.17710572481155396, 0.1824609786272049, 0.17660284042358398, 0.17695018649101257, 0.1775488257408142, 0.1773443967103958, 0.17772206664085388, 0.17789781093597412, 0.17888660728931427, 0.1773054301738739, 0.17921501398086548, 0.17750506103038788, 0.17676641047000885, 0.17768248915672302, 0.1755782663822174, 0.1817048192024231, 0.17798875272274017, 0.1766619086265564, 0.18124714493751526, 0.18027187883853912, 0.17518086731433868, 0.17897117137908936, 0.18180124461650848, 0.17882362008094788, 0.17875629663467407, 0.18000996112823486, 0.17994827032089233, 0.17826460301876068, 0.17957675457000732, 0.1787981539964676, 0.1785188913345337, 0.17919588088989258, 0.17973735928535461, 0.1798868179321289, 0.17833101749420166, 0.17830955982208252, 0.17732980847358704, 0.18438777327537537, 0.17913217842578888, 0.17764900624752045, 0.17864173650741577, 0.1811867207288742, 0.181623175740242, 0.18094320595264435, 0.17571097612380981, 0.1779463142156601, 0.1787484586238861, 0.17965294420719147, 0.1805480569601059, 0.17813804745674133, 0.17765673995018005, 0.18178655207157135, 0.1837010532617569, 0.18316230177879333, 0.1806778460741043, 0.18110860884189606, 0.1808951050043106, 0.17837642133235931, 0.17949698865413666, 0.1818464696407318, 0.18103212118148804, 0.18021801114082336, 0.18584123253822327, 0.18264009058475494, 0.18010948598384857, 0.18047066032886505, 0.1810809075832367, 0.18028627336025238, 0.18221382796764374, 0.18074993789196014, 0.18072441220283508, 0.18324440717697144, 0.18216760456562042, 0.18212224543094635, 0.18096667528152466, 0.18161603808403015, 0.18123501539230347, 0.18302510678768158, 0.1801481992006302, 0.18141022324562073, 0.18246209621429443, 0.18230140209197998, 0.18145382404327393, 0.182841956615448, 0.18514789640903473, 0.1853964924812317, 0.18645396828651428, 0.18556304275989532, 0.18422357738018036, 0.1813988834619522, 0.18668346107006073, 0.18290704488754272, 0.1838741898536682, 0.18491458892822266, 0.18199102580547333, 0.18155506253242493]",33.0,"[33.0, 33.0, 33.0, 33.0, 33.0, 33.0, 33.0, 33.0, 33.0, 33.0, 33.0, 33.0, 33.0, 33.0, 33.0, 33.0, 33.0, 33.0, 33.0, 33.0, 33.0, 33.0, 33.0, 33.0, 33.0, 33.0, 33.0, 33.0, 33.0, 33.0, 33.0, 33.0, 33.0, 33.0, 33.0, 33.0, 33.0, 33.0, 33.0, 33.0, 33.0, 33.0, 33.0, 33.0, 33.0, 33.0, 33.0, 33.0, 33.0, 33.0, 33.0, 33.0, 33.0, 33.0, 33.0, 33.0, 33.0, 33.0, 33.0, 33.0, 33.0, 33.0, 33.0, 33.0, 33.0, 33.0, 33.0, 33.0, 33.0, 33.0, 33.0, 33.0, 33.0, 33.0, 33.0, 33.0, 33.0, 33.0, 33.0, 33.0, 33.0, 33.0, 33.0, 33.0, 33.0, 33.0, 33.0, 33.0, 33.0, 33.0, 33.0, 33.0, 33.0, 33.0, 33.0, 33.0, 33.0, 33.0, 33.0, 33.0, 33.0, 33.0, 33.0, 33.0, 33.0, 33.0, 33.0, 33.0, 33.0, 33.0, 33.0, 33.0, 33.0, 33.0, 33.0, 33.0, 33.0, 33.0, 33.0, 33.0, 33.0, 33.0, 33.0, 33.0, 33.0, 33.0, 33.0, 33.0, 33.0, 33.0, 33.0, 33.0, 33.0, 33.0, 33.0, 33.0, 33.0, 33.0, 33.0, 33.0, 33.0, 33.0, 33.0, 33.0, 33.0, 33.0, 33.0, 33.0, 33.0, 33.0, 33.0, 33.0, 33.0, 33.0, 33.0, 33.0, 33.0, 33.0, 33.0, 33.0, 33.0, 33.0, 33.0, 33.0, 33.0, 33.0, 33.0, 33.0, 33.0, 33.0, 33.0, 33.0, 33.0, 33.0, 33.0, 33.0, 33.0, 33.0, 33.0, 33.0, 33.0, 33.0, 33.0, 33.0, 33.0, 33.0, 33.0, 33.0, 33.0, 33.0, 33.0, 33.0, 33.0, 33.0, 33.0, 33.0, 33.0, 33.0, 33.0, 33.0, 33.0, 33.0, 33.0, 33.0, 33.0, 33.0, 33.0, 33.0, 33.0, 33.0, 33.0, 33.0, 33.0, 33.0, 33.0, 33.0, 33.0, 33.0, 33.0, 33.0, 33.0, 33.0, 33.0, 33.0, 33.0, 33.0, 33.0, 33.0, 33.0, 33.0, 33.0, 33.0, 33.0, 33.0, 33.0, 33.0, 33.0, 33.0, 33.0, 33.0, 33.0, 33.0, 33.0, 33.0, 33.0, 33.0, 33.0, 33.0, 33.0, 33.0, 33.0, 33.0, 33.0, 33.0, 33.0, 33.0, 33.0, 33.0, 33.0, 33.0, 33.0, 33.0, 33.0, 33.0, 33.0, 33.0, 33.0, 33.0, 33.0, 33.0, 33.0, 33.0, 33.0, 33.0, 33.0, 33.0, 33.0, 33.0, 33.0, 33.0, 33.0, 33.0, 33.0, 33.0, 33.0, 33.0, 33.0, 33.0, 33.0, 33.0, 33.0, 33.0, 33.0, 33.0, 33.0]",COMPLETE
