,number,value,datetime_start,datetime_complete,duration,params_batch_size_scaler,params_constant_learning_rate,params_depth,params_epochs,params_kernel_l2,params_num_trees,params_temperature,user_attrs_accuracy_test,user_attrs_accuracy_valid,user_attrs_approximate_feature_sparsity,user_attrs_approximate_feature_sparsity_history,user_attrs_approximate_weight_sparsity,user_attrs_approximate_weight_sparsity_history,user_attrs_auc_test,user_attrs_auc_valid,user_attrs_feature_sparsity,user_attrs_feature_sparsity_history,user_attrs_num_epochs,user_attrs_val_loss_history,user_attrs_weight_sparsity,user_attrs_weight_sparsity_history,state
153,153,0.9454599322435625,2024-08-31 06:42:58.676310,2024-08-31 06:51:31.736991,0 days 00:08:33.060681,4,0.29709760896233234,5,455,0.25095526223026693,72,0.0008566257814992689,0.965,0.95875,21,"[33, 33, 33, 33, 33, 33, 33, 33, 33, 33, 33, 33, 33, 33, 33, 33, 33, 33, 33, 33, 33, 33, 33, 33, 33, 33, 33, 33, 33, 33, 33, 33, 33, 33, 33, 33, 33, 33, 33, 33, 33, 31, 29, 28, 26, 25, 23, 23, 23, 23, 23, 21, 21, 21, 21, 21, 21, 21, 21, 21, 21, 21, 21, 21, 21, 21, 21, 21, 21, 21, 21, 21, 21, 21, 21, 21, 21, 21, 21, 21, 21, 21, 21, 21, 21, 21, 21, 21, 21, 21, 21, 21, 21, 21, 21, 21, 21, 21, 21, 21, 21, 21, 21, 21, 21, 21, 21, 21, 21, 21, 21, 21, 21, 21, 21, 21, 21, 21, 21, 21, 21, 21, 21, 21, 21, 21, 21, 21, 21, 21, 21, 21, 21, 21, 21, 21, 21, 21, 21, 21, 21, 21, 21, 21, 21, 21, 21, 21, 21, 21, 21, 21, 21, 21, 21, 21, 21, 21, 21, 21, 21, 21, 21, 21, 21, 21, 21, 21, 21, 21, 21, 21, 21, 21, 21, 21, 21, 21, 21, 21, 21, 21, 21, 21, 21, 21, 21, 21, 21, 21, 21, 21, 21, 21, 21, 21, 21, 21, 21, 21, 21, 21, 21, 21, 21, 21, 21, 21, 21, 21, 21, 21, 21, 21, 21, 21, 21, 21, 21, 21, 21, 21, 21, 21, 21, 21, 21, 21, 21, 21, 21, 21, 21, 21, 21, 21, 21, 21, 21, 21, 21, 21, 21, 21, 21, 21, 21, 21, 21, 21, 21, 21, 21, 21, 21, 21, 21, 21, 21, 21, 21, 21, 21, 21, 21, 21, 21, 21, 21, 21, 21, 21, 21, 21, 21, 21, 21, 21, 21, 21, 21, 21, 21, 21, 21, 21, 21, 21, 21, 21, 21, 21, 21, 21, 21, 21, 21, 21, 21, 21, 21, 21, 21, 21, 21, 21, 21, 21, 21, 21, 21, 21, 21, 21, 21, 21, 21, 21, 21, 21, 21, 21, 21, 21, 21, 21, 21, 21, 21, 21, 21, 21, 21, 21, 21, 21, 21, 21, 21, 21, 21, 21, 21, 21, 21, 21, 21, 21, 21, 21, 21, 21, 21, 21, 21, 21, 21, 21, 21, 21, 21, 21, 21, 21, 21, 21, 21, 21, 21, 21, 21, 21, 21, 21, 21, 21, 21, 21, 21, 21, 21, 21, 21, 21, 21, 21, 21, 21, 21, 21, 21, 21, 21, 21, 21, 21, 21, 21, 21, 21, 21, 21, 21, 21, 21, 21, 21, 21, 21, 21, 21, 21, 21, 21, 21, 21, 21, 21, 21, 21, 21, 21, 21, 21, 21, 21, 21, 21, 21, 21, 21, 21, 21, 21, 21, 21, 21, 21, 21, 21, 21, 21, 21, 21, 21, 21, 21, 21, 21, 21, 21, 21, 21, 21, 21]",20.875,"[32.937275985663085, 32.93637992831541, 32.93682795698925, 32.9426523297491, 32.943548387096776, 32.93413978494623, 32.94758064516129, 32.939068100358426, 32.93189964157706, 32.93862007168459, 32.942204301075265, 32.937275985663085, 32.93413978494623, 32.93772401433692, 32.93010752688172, 32.933243727598565, 32.93817204301075, 32.92786738351255, 32.93862007168459, 32.937275985663085, 32.94041218637993, 32.935483870967744, 32.9399641577061, 32.937724014336915, 32.9336917562724, 32.93637992831541, 32.93817204301075, 32.9413082437276, 32.93458781362007, 32.935931899641574, 32.93055555555556, 32.93727598566308, 32.9426523297491, 32.941756272401435, 32.94937275985663, 32.94086021505376, 32.94489247311828, 32.946236559139784, 32.93682795698925, 32.943548387096776, 32.937275985663085, 30.94399641577061, 28.948476702508962, 27.941756272401435, 25.9426523297491, 24.951612903225808, 22.95430107526882, 22.955197132616487, 22.952060931899645, 22.951612903225808, 22.950716845878134, 20.961021505376348, 20.956989247311828, 20.960125448028673, 20.962365591397848, 20.956989247311828, 20.96594982078853, 20.959229390681003, 20.95564516129032, 20.949820788530467, 20.95340501792115, 20.958333333333336, 20.955197132616487, 20.95878136200717, 20.956093189964157, 20.957885304659502, 20.95564516129032, 20.9502688172043, 20.957437275985665, 20.95474910394265, 20.96057347670251, 20.96236559139785, 20.953405017921146, 20.953405017921146, 20.958781362007166, 20.954749103942653, 20.956093189964157, 20.959229390681003, 20.95698924731183, 20.956093189964157, 20.952060931899638, 20.95206093189964, 20.95967741935484, 20.953853046594983, 20.95878136200717, 20.95967741935484, 20.95743727598566, 20.957437275985665, 20.95878136200717, 20.956093189964157, 20.953853046594983, 20.9502688172043, 20.954301075268816, 20.95430107526882, 20.95116487455197, 20.948028673835125, 20.952508960573475, 20.950268817204304, 20.952956989247316, 20.95206093189964, 20.95116487455197, 20.952956989247312, 20.94847670250896, 20.947580645161292, 20.94758064516129, 20.948924731182796, 20.947132616487455, 20.94578853046595, 20.94489247311828, 20.94937275985663, 20.952956989247316, 20.948924731182792, 20.95474910394265, 20.953853046594983, 20.95206093189964, 20.953853046594983, 20.952956989247312, 20.948924731182796, 20.961469534050178, 20.952956989247312, 20.953405017921146, 20.9578853046595, 20.954301075268816, 20.959229390681006, 20.953853046594983, 20.956093189964157, 20.95385304659498, 20.95250896057348, 20.953853046594983, 20.95743727598566, 20.955197132616487, 20.95609318996416, 20.951164874551974, 20.955197132616487, 20.95116487455197, 20.957437275985665, 20.95430107526882, 20.957885304659502, 20.959229390681006, 20.95609318996416, 20.948924731182796, 20.945340501792117, 20.950716845878137, 20.949820788530463, 20.94489247311828, 20.94713261648746, 20.951612903225808, 20.94937275985663, 20.950716845878137, 20.94758064516129, 20.950268817204304, 20.948476702508962, 20.94668458781362, 20.93951612903226, 20.945340501792117, 20.94310035842294, 20.943100358422935, 20.93951612903226, 20.941308243727597, 20.940412186379927, 20.943548387096776, 20.940860215053764, 20.942204301075268, 20.945340501792117, 20.945340501792113, 20.93727598566308, 20.936827956989248, 20.93951612903226, 20.945340501792113, 20.946236559139784, 20.94668458781362, 20.943996415770606, 20.94086021505376, 20.94175627240143, 20.94399641577061, 20.939964157706093, 20.936827956989244, 20.94489247311828, 20.941756272401435, 20.94578853046595, 20.938620071684586, 20.939516129032256, 20.93324372759857, 20.940412186379927, 20.940412186379927, 20.93862007168459, 20.93772401433692, 20.935931899641577, 20.938172043010752, 20.941308243727597, 20.93100358422939, 20.94310035842294, 20.935035842293903, 20.934587813620073, 20.940412186379927, 20.941756272401435, 20.928763440860216, 20.93772401433692, 20.935035842293907, 20.941308243727597, 20.939068100358426, 20.940860215053764, 20.94041218637993, 20.94399641577061, 20.944444444444443, 20.94668458781362, 20.941308243727597, 20.945340501792113, 20.93951612903226, 20.936379928315414, 20.938172043010752, 20.93458781362007, 20.936827956989248, 20.93548387096774, 20.932347670250895, 20.93010752688172, 20.931451612903228, 20.930555555555557, 20.930107526881724, 20.93682795698925, 20.936827956989248, 20.94310035842294, 20.93951612903226, 20.93772401433692, 20.939068100358423, 20.944444444444443, 20.939964157706093, 20.94175627240143, 20.935035842293907, 20.943100358422942, 20.94175627240143, 20.944444444444443, 20.93996415770609, 20.939068100358423, 20.93996415770609, 20.93996415770609, 20.939964157706093, 20.939068100358423, 20.936827956989248, 20.941756272401435, 20.939068100358423, 20.93458781362007, 20.93324372759857, 20.92652329749104, 20.929211469534053, 20.924283154121863, 20.926075268817204, 20.929659498207887, 20.927867383512545, 20.932795698924732, 20.928763440860216, 20.93279569892473, 20.925179211469533, 20.926075268817204, 20.92741935483871, 20.932795698924735, 20.92786738351254, 20.935931899641577, 20.933243727598562, 20.930555555555554, 20.926523297491038, 20.927867383512545, 20.928315412186382, 20.925627240143367, 20.92204301075269, 20.917562724014335, 20.924283154121866, 20.924283154121866, 20.923387096774192, 20.923387096774192, 20.92652329749104, 20.919354838709676, 20.920250896057347, 20.917562724014335, 20.924731182795703, 20.92428315412186, 20.918906810035843, 20.926971326164875, 20.931451612903228, 20.92383512544803, 20.922491039426525, 20.922939068100355, 20.926523297491038, 20.92293906810036, 20.920250896057347, 20.9171146953405, 20.917562724014335, 20.911290322580644, 20.91487455197133, 20.91756272401434, 20.916666666666668, 20.910394265232977, 20.913978494623656, 20.910842293906807, 20.918010752688172, 20.915770609318997, 20.917562724014335, 20.913082437275982, 20.916666666666664, 20.91442652329749, 20.9171146953405, 20.91532258064516, 20.91845878136201, 20.91621863799283, 20.910394265232977, 20.912186379928315, 20.91173835125448, 20.908154121863802, 20.909946236559144, 20.908602150537636, 20.905017921146957, 20.907706093189965, 20.90188172043011, 20.904121863799286, 20.894713261648747, 20.902329749103945, 20.90546594982079, 20.904569892473116, 20.908154121863802, 20.905017921146957, 20.895609318996417, 20.902777777777775, 20.894713261648743, 20.898297491039425, 20.901433691756274, 20.900537634408604, 20.90546594982079, 20.895609318996417, 20.900089605734767, 20.90008960573477, 20.899193548387096, 20.900089605734767, 20.903673835125446, 20.902777777777775, 20.89964157706093, 20.90277777777778, 20.90232974910394, 20.899193548387096, 20.89695340501792, 20.897849462365592, 20.900537634408607, 20.89964157706093, 20.905913978494628, 20.897849462365592, 20.897849462365592, 20.89605734767025, 20.898297491039425, 20.898297491039425, 20.896505376344084, 20.893369175627242, 20.895609318996417, 20.90456989247312, 20.902777777777775, 20.902329749103938, 20.905913978494624, 20.899641577060933, 20.90143369175627, 20.90143369175627, 20.90277777777778, 20.90367383512545, 20.897849462365592, 20.904121863799286, 20.905465949820787, 20.903225806451612, 20.89829749103943, 20.90098566308244, 20.903225806451612, 20.904121863799286, 20.900537634408604, 20.89784946236559, 20.89695340501792, 20.906362007168457, 20.90232974910394, 20.91084229390681, 20.905913978494624, 20.900089605734767, 20.907258064516128, 20.90636200716846, 20.90367383512545, 20.902329749103945, 20.900089605734767, 20.899641577060933, 20.904569892473116, 20.899641577060933, 20.902777777777782, 20.900985663082437, 20.899641577060933, 20.901881720430108, 20.904569892473116, 20.89695340501792, 20.900089605734767, 20.902329749103945, 20.907706093189965, 20.90456989247312, 20.899193548387096, 20.899193548387096, 20.897849462365592, 20.896057347670254, 20.889336917562723, 20.89516129032258, 20.895609318996417, 20.896505376344088, 20.894713261648747, 20.899193548387096, 20.90277777777778, 20.896505376344084, 20.887544802867385, 20.894713261648747, 20.89381720430108, 20.893369175627242, 20.890681003584227, 20.89740143369176, 20.89605734767025, 20.88799283154122, 20.88888888888889, 20.891129032258064, 20.893817204301076, 20.894713261648747, 20.889784946236563, 20.89740143369176, 20.89068100358423, 20.89292114695341, 20.892025089605735, 20.890232974910397, 20.89426523297491, 20.89336917562724, 20.899193548387096, 20.89247311827957, 20.891129032258064, 20.885752688172044, 20.886648745519715, 20.885752688172044, 20.891129032258064, 20.885752688172044, 20.880376344086024, 20.89516129032258, 20.886648745519715, 20.88620071684588, 20.888440860215052, 20.887096774193548, 20.884856630824373, 20.881272401433694, 20.884408602150536, 20.88440860215054, 20.883960573476703, 20.882616487455195, 20.88440860215054, 20.883064516129036, 20.883064516129032, 20.879928315412187, 20.884856630824373, 20.876344086021508, 20.878584229390682, 20.87858422939068, 20.875]",0.9305724122557155,0.9454599322435625,21,"[33, 33, 33, 33, 33, 33, 33, 33, 33, 33, 33, 33, 33, 33, 33, 33, 33, 33, 33, 33, 33, 33, 33, 33, 33, 33, 33, 33, 33, 33, 33, 33, 33, 33, 33, 33, 33, 33, 33, 33, 33, 31, 29, 28, 26, 25, 23, 23, 23, 23, 23, 21, 21, 21, 21, 21, 21, 21, 21, 21, 21, 21, 21, 21, 21, 21, 21, 21, 21, 21, 21, 21, 21, 21, 21, 21, 21, 21, 21, 21, 21, 21, 21, 21, 21, 21, 21, 21, 21, 21, 21, 21, 21, 21, 21, 21, 21, 21, 21, 21, 21, 21, 21, 21, 21, 21, 21, 21, 21, 21, 21, 21, 21, 21, 21, 21, 21, 21, 21, 21, 21, 21, 21, 21, 21, 21, 21, 21, 21, 21, 21, 21, 21, 21, 21, 21, 21, 21, 21, 21, 21, 21, 21, 21, 21, 21, 21, 21, 21, 21, 21, 21, 21, 21, 21, 21, 21, 21, 21, 21, 21, 21, 21, 21, 21, 21, 21, 21, 21, 21, 21, 21, 21, 21, 21, 21, 21, 21, 21, 21, 21, 21, 21, 21, 21, 21, 21, 21, 21, 21, 21, 21, 21, 21, 21, 21, 21, 21, 21, 21, 21, 21, 21, 21, 21, 21, 21, 21, 21, 21, 21, 21, 21, 21, 21, 21, 21, 21, 21, 21, 21, 21, 21, 21, 21, 21, 21, 21, 21, 21, 21, 21, 21, 21, 21, 21, 21, 21, 21, 21, 21, 21, 21, 21, 21, 21, 21, 21, 21, 21, 21, 21, 21, 21, 21, 21, 21, 21, 21, 21, 21, 21, 21, 21, 21, 21, 21, 21, 21, 21, 21, 21, 21, 21, 21, 21, 21, 21, 21, 21, 21, 21, 21, 21, 21, 21, 21, 21, 21, 21, 21, 21, 21, 21, 21, 21, 21, 21, 21, 21, 21, 21, 21, 21, 21, 21, 21, 21, 21, 21, 21, 21, 21, 21, 21, 21, 21, 21, 21, 21, 21, 21, 21, 21, 21, 21, 21, 21, 21, 21, 21, 21, 21, 21, 21, 21, 21, 21, 21, 21, 21, 21, 21, 21, 21, 21, 21, 21, 21, 21, 21, 21, 21, 21, 21, 21, 21, 21, 21, 21, 21, 21, 21, 21, 21, 21, 21, 21, 21, 21, 21, 21, 21, 21, 21, 21, 21, 21, 21, 21, 21, 21, 21, 21, 21, 21, 21, 21, 21, 21, 21, 21, 21, 21, 21, 21, 21, 21, 21, 21, 21, 21, 21, 21, 21, 21, 21, 21, 21, 21, 21, 21, 21, 21, 21, 21, 21, 21, 21, 21, 21, 21, 21, 21, 21, 21, 21, 21, 21, 21, 21, 21, 21, 21, 21, 21, 21, 21, 21, 21, 21, 21, 21, 21, 21, 21, 21, 21, 21, 21, 21, 21, 21, 21, 21]",455,"[0.39271220564842224, 0.38203537464141846, 0.37593144178390503, 0.37188833951950073, 0.3692278265953064, 0.3659433126449585, 0.3625170588493347, 0.35969898104667664, 0.36042365431785583, 0.3545612394809723, 0.3515441119670868, 0.35025039315223694, 0.3460117280483246, 0.343788743019104, 0.3402673602104187, 0.33769676089286804, 0.3348419666290283, 0.3324640393257141, 0.3286011517047882, 0.3298357129096985, 0.32239672541618347, 0.31885939836502075, 0.3193223774433136, 0.3123278319835663, 0.3081786036491394, 0.30416467785835266, 0.2993769943714142, 0.29519426822662354, 0.29160818457603455, 0.28691479563713074, 0.28277331590652466, 0.279863178730011, 0.27650582790374756, 0.2734038829803467, 0.27068740129470825, 0.2692021131515503, 0.2659194767475128, 0.2626842260360718, 0.2615790367126465, 0.25925135612487793, 0.26142746210098267, 0.2556554675102234, 0.2536300718784332, 0.2528926432132721, 0.25062447786331177, 0.24882249534130096, 0.24471168220043182, 0.24355746805667877, 0.24328899383544922, 0.24114397168159485, 0.24070025980472565, 0.2362978309392929, 0.23490941524505615, 0.2346029430627823, 0.23585714399814606, 0.23113998770713806, 0.23168639838695526, 0.22949498891830444, 0.2285059541463852, 0.22733983397483826, 0.22560329735279083, 0.22383326292037964, 0.22541455924510956, 0.22325795888900757, 0.22115862369537354, 0.2207762748003006, 0.21942459046840668, 0.21814636886119843, 0.21847909688949585, 0.21762484312057495, 0.21546794474124908, 0.21499450504779816, 0.21483522653579712, 0.2136468142271042, 0.21300506591796875, 0.2129708230495453, 0.21468132734298706, 0.21094517409801483, 0.21084752678871155, 0.209525927901268, 0.20879539847373962, 0.20833593606948853, 0.20754237473011017, 0.20800438523292542, 0.20687125623226166, 0.2076166719198227, 0.20566681027412415, 0.20484890043735504, 0.20413373410701752, 0.2070978879928589, 0.20390838384628296, 0.20325174927711487, 0.20193904638290405, 0.20345573127269745, 0.2034044861793518, 0.20136529207229614, 0.2015398144721985, 0.19992806017398834, 0.20199789106845856, 0.2006644755601883, 0.19920682907104492, 0.19936491549015045, 0.19903682172298431, 0.19952373206615448, 0.19854363799095154, 0.19759204983711243, 0.19921037554740906, 0.1978028416633606, 0.19734251499176025, 0.19690699875354767, 0.19792427122592926, 0.1950656920671463, 0.1976986527442932, 0.1948338896036148, 0.19539320468902588, 0.19559472799301147, 0.193719744682312, 0.1963818371295929, 0.1949148327112198, 0.19357658922672272, 0.19272857904434204, 0.19561994075775146, 0.19275251030921936, 0.19201470911502838, 0.19344091415405273, 0.19715602695941925, 0.19124288856983185, 0.191758930683136, 0.18971887230873108, 0.1896127164363861, 0.1907135397195816, 0.19173027575016022, 0.193389430642128, 0.19042035937309265, 0.18926455080509186, 0.18863022327423096, 0.1901964247226715, 0.1895618438720703, 0.19061066210269928, 0.19146525859832764, 0.1896331012248993, 0.19014796614646912, 0.18784333765506744, 0.19024242460727692, 0.18660788238048553, 0.19014997780323029, 0.18664062023162842, 0.1863487809896469, 0.1871602088212967, 0.18604274094104767, 0.18670618534088135, 0.18658746778964996, 0.18488401174545288, 0.18815457820892334, 0.18552705645561218, 0.1872207522392273, 0.18343055248260498, 0.18411752581596375, 0.18270492553710938, 0.1827724575996399, 0.18280065059661865, 0.18463313579559326, 0.18237367272377014, 0.18571791052818298, 0.18469837307929993, 0.18136058747768402, 0.18502528965473175, 0.18188028037548065, 0.1821424514055252, 0.18316590785980225, 0.18395520746707916, 0.1796896606683731, 0.18267570436000824, 0.1838996261358261, 0.18548184633255005, 0.17970700562000275, 0.1805831491947174, 0.18190985918045044, 0.18084898591041565, 0.18232999742031097, 0.18060365319252014, 0.17938697338104248, 0.1811593770980835, 0.18131893873214722, 0.1826150119304657, 0.17700250446796417, 0.17792992293834686, 0.177901491522789, 0.17736855149269104, 0.17942027747631073, 0.1783115714788437, 0.17998430132865906, 0.18230915069580078, 0.1791808307170868, 0.17891012132167816, 0.17915812134742737, 0.17463311553001404, 0.17618051171302795, 0.17501944303512573, 0.17787481844425201, 0.1767444610595703, 0.17634925246238708, 0.17947953939437866, 0.17556536197662354, 0.17701593041419983, 0.1745632141828537, 0.17571410536766052, 0.17598886787891388, 0.17534635961055756, 0.17381179332733154, 0.17465882003307343, 0.17613399028778076, 0.17544050514698029, 0.1741136610507965, 0.17490321397781372, 0.17612110078334808, 0.1738070696592331, 0.17464841902256012, 0.17485365271568298, 0.17548780143260956, 0.17475919425487518, 0.17479541897773743, 0.1742536723613739, 0.1751755177974701, 0.1756824105978012, 0.17283305525779724, 0.17378059029579163, 0.1725824773311615, 0.17308321595191956, 0.17278799414634705, 0.1734890341758728, 0.17394554615020752, 0.17109987139701843, 0.1722812056541443, 0.17338918149471283, 0.17237024009227753, 0.17115959525108337, 0.16991238296031952, 0.16965799033641815, 0.17344436049461365, 0.17146997153759003, 0.17233902215957642, 0.17409810423851013, 0.17306101322174072, 0.17084862291812897, 0.16992729902267456, 0.17182232439517975, 0.1701524406671524, 0.17150019109249115, 0.16957205533981323, 0.17436809837818146, 0.17033837735652924, 0.17063544690608978, 0.17002452909946442, 0.169300839304924, 0.1700029820203781, 0.16952377557754517, 0.16925130784511566, 0.16747461259365082, 0.1693548709154129, 0.1687909960746765, 0.16970138251781464, 0.17187920212745667, 0.1726812869310379, 0.16700465977191925, 0.1670141965150833, 0.16684824228286743, 0.1669895052909851, 0.16744403541088104, 0.16620828211307526, 0.1706959307193756, 0.16644619405269623, 0.1640779823064804, 0.16693687438964844, 0.16643324494361877, 0.1668461263179779, 0.1666233241558075, 0.16551771759986877, 0.16726261377334595, 0.1667035073041916, 0.16819775104522705, 0.16622354090213776, 0.16503621637821198, 0.16610661149024963, 0.1661742776632309, 0.1637711077928543, 0.16665711998939514, 0.16518539190292358, 0.16541264951229095, 0.16576147079467773, 0.1635122448205948, 0.16498613357543945, 0.1649794578552246, 0.1634165197610855, 0.16537590324878693, 0.16293135285377502, 0.1733546406030655, 0.16568145155906677, 0.1646157205104828, 0.16385900974273682, 0.1654501110315323, 0.16304315626621246, 0.16211333870887756, 0.16281890869140625, 0.16052541136741638, 0.16317011415958405, 0.16234296560287476, 0.16153764724731445, 0.16112840175628662, 0.16329875588417053, 0.16023749113082886, 0.16178567707538605, 0.15787439048290253, 0.1618937849998474, 0.15959285199642181, 0.16040733456611633, 0.1612301468849182, 0.16003204882144928, 0.15963587164878845, 0.158877432346344, 0.16298997402191162, 0.16257591545581818, 0.16055774688720703, 0.15989138185977936, 0.16000285744667053, 0.160886749625206, 0.16292108595371246, 0.15893903374671936, 0.16086286306381226, 0.15938206017017365, 0.1592872589826584, 0.15960776805877686, 0.15946267545223236, 0.15918369591236115, 0.16101175546646118, 0.16113105416297913, 0.16006802022457123, 0.15920041501522064, 0.15922199189662933, 0.16109086573123932, 0.15726973116397858, 0.15930624306201935, 0.1610226035118103, 0.15895360708236694, 0.1612676978111267, 0.16028998792171478, 0.16140681505203247, 0.1573203206062317, 0.1611795425415039, 0.1646624058485031, 0.15932530164718628, 0.1575847566127777, 0.16368047893047333, 0.15637120604515076, 0.1574849635362625, 0.15732790529727936, 0.1582154482603073, 0.16379638016223907, 0.1593571901321411, 0.1582159548997879, 0.1589079052209854, 0.15703536570072174, 0.15652069449424744, 0.15804708003997803, 0.15913774073123932, 0.15600302815437317, 0.1586725115776062, 0.15737934410572052, 0.15773798525333405, 0.15754462778568268, 0.15934954583644867, 0.15630784630775452, 0.1583300232887268, 0.15652358531951904, 0.16098402440547943, 0.15604223310947418, 0.15953563153743744, 0.15797391533851624, 0.15708094835281372, 0.1550016850233078, 0.16099880635738373, 0.15685467422008514, 0.1575426608324051, 0.16033202409744263, 0.15974706411361694, 0.15511782467365265, 0.15786945819854736, 0.15689624845981598, 0.1583118885755539, 0.1583065241575241, 0.15734316408634186, 0.15420381724834442, 0.15557849407196045, 0.15693804621696472, 0.15767602622509003, 0.1563243418931961, 0.15429741144180298, 0.1582740843296051, 0.15779562294483185, 0.15570104122161865, 0.15694400668144226, 0.15817828476428986, 0.15864606201648712, 0.1563357263803482, 0.15597940981388092, 0.156123548746109, 0.15736711025238037, 0.1567312628030777, 0.1547478586435318, 0.15476995706558228, 0.15727484226226807, 0.15617458522319794, 0.15453435480594635, 0.1607922166585