,number,value,datetime_start,datetime_complete,duration,params_batch_size_scaler,params_constant_learning_rate,params_depth,params_epochs,params_kernel_l2,params_num_trees,params_temperature,user_attrs_accuracy_test,user_attrs_accuracy_valid,user_attrs_approximate_feature_sparsity,user_attrs_approximate_feature_sparsity_history,user_attrs_approximate_weight_sparsity,user_attrs_approximate_weight_sparsity_history,user_attrs_auc_test,user_attrs_auc_valid,user_attrs_feature_sparsity,user_attrs_feature_sparsity_history,user_attrs_num_epochs,user_attrs_val_loss_history,user_attrs_weight_sparsity,user_attrs_weight_sparsity_history,state
145,145,0.7295925596733264,2024-08-31 06:33:09.131478,2024-08-31 06:33:48.714077,0 days 00:00:39.582599,64,0.06526093418810584,4,270,0.6501136457617178,61,0.0008233151519856555,0.872,0.86875,33,"[33, 33, 33, 33, 33, 33, 33, 33, 33, 33, 33, 33, 33, 33, 33, 33, 33, 33, 33, 33, 33, 33, 33, 33, 33, 33, 33, 33, 33, 33, 33, 33, 33, 33, 33, 33, 33, 33, 33, 33, 33, 33, 33, 33, 33, 33, 33, 33, 33, 33, 33, 33, 33, 33, 33, 33, 33, 33, 33, 33, 33, 33, 33, 33, 33, 33, 33, 33, 33, 33, 33, 33, 33, 33, 33, 33, 33, 33, 33, 33, 33, 33, 33, 33, 33, 33, 33, 33, 33, 33, 33, 33, 33, 33, 33, 33, 33, 33, 33, 33, 33, 33, 33, 33, 33, 33, 33, 33, 33, 33, 33, 33, 33, 33, 33, 33, 33, 33, 33, 33, 33, 33, 33, 33, 33, 33, 33, 33, 33, 33, 33, 33, 33, 33, 33, 33, 33, 33, 33, 33, 33, 33, 33, 33, 33, 33, 33, 33, 33, 33, 33, 33, 33, 33, 33, 33, 33, 33, 33, 33, 33, 33, 33, 33, 33, 33, 33, 33, 33, 33, 33, 33, 33, 33, 33, 33, 33, 33, 33, 33, 33, 33, 33, 33, 33, 33, 33, 33, 33, 33, 33, 33, 33, 33, 33, 33, 33, 33, 33, 33, 33, 33, 33, 33, 33, 33, 33, 33, 33, 33, 33, 33, 33, 33, 33, 33, 33, 33, 33, 33, 33, 33, 33, 33, 33, 33, 33, 33, 33, 33, 33, 33, 33, 33, 33, 33, 33, 33, 33, 33, 33, 33, 33, 33, 33, 33, 33, 33, 33, 33, 33, 33, 33, 33, 33, 33, 33, 33, 33, 33, 33, 33, 33, 33, 33, 33, 33, 33, 33, 33]",32.951912568306014,"[32.95628415300546, 32.954098360655735, 32.95956284153005, 32.953005464480874, 32.95737704918032, 32.95628415300546, 32.95737704918033, 32.95409836065574, 32.948633879781426, 32.953005464480874, 32.95628415300546, 32.954098360655735, 32.950819672131146, 32.954098360655735, 32.94754098360656, 32.95737704918033, 32.96065573770491, 32.96065573770492, 32.96284153005465, 32.95737704918032, 32.954098360655735, 32.953005464480874, 32.9551912568306, 32.95628415300546, 32.95846994535519, 32.95628415300546, 32.94972677595628, 32.95191256830601, 32.953005464480874, 32.9551912568306, 32.9551912568306, 32.94754098360656, 32.94863387978142, 32.954098360655735, 32.95737704918032, 32.95737704918032, 32.954098360655735, 32.95628415300546, 32.955191256830595, 32.953005464480874, 32.950819672131146, 32.95628415300546, 32.9464480874317, 32.94207650273224, 32.949726775956286, 32.951912568306014, 32.95191256830601, 32.94754098360656, 32.94972677595628, 32.95737704918032, 32.95628415300546, 32.95737704918033, 32.95846994535519, 32.96065573770492, 32.96174863387978, 32.96284153005465, 32.96284153005465, 32.95956284153005, 32.95191256830601, 32.95628415300546, 32.953005464480874, 32.954098360655735, 32.953005464480874, 32.95846994535519, 32.95737704918032, 32.954098360655735, 32.95737704918032, 32.94972677595628, 32.954098360655735, 32.953005464480874, 32.94535519125683, 32.94207650273224, 32.94535519125683, 32.9431693989071, 32.948633879781426, 32.95409836065574, 32.954098360655735, 32.9551912568306, 32.9551912568306, 32.9551912568306, 32.95737704918033, 32.95956284153005, 32.953005464480874, 32.954098360655735, 32.95628415300546, 32.9551912568306, 32.96065573770492, 32.95846994535519, 32.95956284153006, 32.95628415300546, 32.9551912568306, 32.96502732240437, 32.9551912568306, 32.95628415300546, 32.96174863387978, 32.965027322404374, 32.96393442622951, 32.967213114754095, 32.967213114754095, 32.96284153005465, 32.96393442622951, 32.96284153005465, 32.95956284153005, 32.95956284153006, 32.95737704918032, 32.95846994535519, 32.953005464480874, 32.951912568306014, 32.953005464480874, 32.950819672131146, 32.95409836065574, 32.953005464480874, 32.950819672131146, 32.94863387978142, 32.950819672131146, 32.949726775956286, 32.95409836065574, 32.95628415300546, 32.95737704918033, 32.9551912568306, 32.95846994535519, 32.954098360655735, 32.94754098360656, 32.953005464480874, 32.953005464480874, 32.95737704918033, 32.96174863387978, 32.95737704918033, 32.95628415300546, 32.954098360655735, 32.949726775956286, 32.954098360655735, 32.955191256830595, 32.94754098360655, 32.94863387978142, 32.9551912568306, 32.954098360655735, 32.954098360655735, 32.95628415300546, 32.95628415300546, 32.951912568306014, 32.950819672131146, 32.950819672131146, 32.953005464480874, 32.953005464480874, 32.94754098360656, 32.954098360655735, 32.954098360655735, 32.9551912568306, 32.95191256830601, 32.95409836065574, 32.951912568306014, 32.951912568306014, 32.954098360655735, 32.95191256830601, 32.954098360655735, 32.95628415300546, 32.95846994535519, 32.955191256830595, 32.95737704918032, 32.95737704918032, 32.950819672131146, 32.950819672131146, 32.94863387978142, 32.949726775956286, 32.94863387978142, 32.953005464480874, 32.9551912568306, 32.9551912568306, 32.95628415300546, 32.95956284153005, 32.95737704918032, 32.96065573770492, 32.95956284153005, 32.96174863387978, 32.95191256830601, 32.94863387978142, 32.95191256830601, 32.9551912568306, 32.95737704918033, 32.95737704918033, 32.95956284153006, 32.96174863387978, 32.96502732240437, 32.95737704918032, 32.95846994535519, 32.95956284153005, 32.95628415300546, 32.950819672131146, 32.953005464480874, 32.954098360655735, 32.951912568306014, 32.955191256830595, 32.953005464480874, 32.953005464480874, 32.94972677595628, 32.94863387978142, 32.94972677595628, 32.950819672131146, 32.94535519125682, 32.9431693989071, 32.9431693989071, 32.94754098360655, 32.94535519125683, 32.94644808743169, 32.94863387978142, 32.94754098360656, 32.949726775956286, 32.94644808743169, 32.94535519125683, 32.94754098360656, 32.94535519125683, 32.950819672131146, 32.95191256830601, 32.95628415300546, 32.95737704918033, 32.95737704918033, 32.95956284153005, 32.95846994535519, 32.95737704918033, 32.9551912568306, 32.95737704918033, 32.96174863387978, 32.95956284153005, 32.96393442622951, 32.96174863387978, 32.95846994535519, 32.96065573770492, 32.96065573770492, 32.96174863387978, 32.96393442622951, 32.96174863387978, 32.96065573770492, 32.96065573770492, 32.96065573770492, 32.95846994535519, 32.95956284153005, 32.9551912568306, 32.9551912568306, 32.9551912568306, 32.9551912568306, 32.950819672131146, 32.948633879781426, 32.94754098360656, 32.94972677595628, 32.953005464480874, 32.953005464480874, 32.94863387978142, 32.94754098360656, 32.94426229508196, 32.940983606557374, 32.94644808743169, 32.950819672131146, 32.95191256830601, 32.950819672131146, 32.949726775956286, 32.94426229508197, 32.94535519125683, 32.950819672131146, 32.950819672131146, 32.953005464480874, 32.949726775956286, 32.949726775956286, 32.94754098360656, 32.949726775956286, 32.951912568306014, 32.951912568306014, 32.948633879781426, 32.951912568306014, 32.951912568306014]",0.7628365491789068,0.7295925596733264,33,"[33, 33, 33, 33, 33, 33, 33, 33, 33, 33, 33, 33, 33, 33, 33, 33, 33, 33, 33, 33, 33, 33, 33, 33, 33, 33, 33, 33, 33, 33, 33, 33, 33, 33, 33, 33, 33, 33, 33, 33, 33, 33, 33, 33, 33, 33, 33, 33, 33, 33, 33, 33, 33, 33, 33, 33, 33, 33, 33, 33, 33, 33, 33, 33, 33, 33, 33, 33, 33, 33, 33, 33, 33, 33, 33, 33, 33, 33, 33, 33, 33, 33, 33, 33, 33, 33, 33, 33, 33, 33, 33, 33, 33, 33, 33, 33, 33, 33, 33, 33, 33, 33, 33, 33, 33, 33, 33, 33, 33, 33, 33, 33, 33, 33, 33, 33, 33, 33, 33, 33, 33, 33, 33, 33, 33, 33, 33, 33, 33, 33, 33, 33, 33, 33, 33, 33, 33, 33, 33, 33, 33, 33, 33, 33, 33, 33, 33, 33, 33, 33, 33, 33, 33, 33, 33, 33, 33, 33, 33, 33, 33, 33, 33, 33, 33, 33, 33, 33, 33, 33, 33, 33, 33, 33, 33, 33, 33, 33, 33, 33, 33, 33, 33, 33, 33, 33, 33, 33, 33, 33, 33, 33, 33, 33, 33, 33, 33, 33, 33, 33, 33, 33, 33, 33, 33, 33, 33, 33, 33, 33, 33, 33, 33, 33, 33, 33, 33, 33, 33, 33, 33, 33, 33, 33, 33, 33, 33, 33, 33, 33, 33, 33, 33, 33, 33, 33, 33, 33, 33, 33, 33, 33, 33, 33, 33, 33, 33, 33, 33, 33, 33, 33, 33, 33, 33, 33, 33, 33, 33, 33, 33, 33, 33, 33, 33, 33, 33, 33, 33, 33]",270,"[0.4961012899875641, 0.4682311713695526, 0.45745688676834106, 0.45185887813568115, 0.44902926683425903, 0.44618651270866394, 0.4442124664783478, 0.4433678090572357, 0.44208332896232605, 0.4409257769584656, 0.44000130891799927, 0.43917882442474365, 0.43847665190696716, 0.4378986656665802, 0.4373088777065277, 0.4367178976535797, 0.4362179636955261, 0.43561917543411255, 0.4349685609340668, 0.43439537286758423, 0.43381354212760925, 0.4332587420940399, 0.43276774883270264, 0.43221625685691833, 0.43187522888183594, 0.43148261308670044, 0.43117743730545044, 0.43056660890579224, 0.43000611662864685, 0.42955878376960754, 0.4292873740196228, 0.4287065863609314, 0.4284992218017578, 0.42813292145729065, 0.4276832938194275, 0.4273054897785187, 0.4267207086086273, 0.42631542682647705, 0.4259898066520691, 0.42570212483406067, 0.4255046844482422, 0.4251593053340912, 0.4248729944229126, 0.42468026280403137, 0.424277126789093, 0.42388415336608887, 0.4235972464084625, 0.42329370975494385, 0.42296695709228516, 0.42274144291877747, 0.4223710894584656, 0.4221257269382477, 0.42189666628837585, 0.42149075865745544, 0.4211026430130005, 0.42083197832107544, 0.42060256004333496, 0.42032620310783386, 0.4201406240463257, 0.41990453004837036, 0.41970884799957275, 0.4194694757461548, 0.41927486658096313, 0.4191180169582367, 0.41885653138160706, 0.41858890652656555, 0.41847315430641174, 0.41821354627609253, 0.4180806279182434, 0.4178831875324249, 0.4177058935165405, 0.41744568943977356, 0.4172349274158478, 0.41704243421554565, 0.4168654680252075, 0.4166431725025177, 0.4163912236690521, 0.41614991426467896, 0.4159815311431885, 0.4158238172531128, 0.4156531095504761, 0.41556599736213684, 0.4154009222984314, 0.4152321517467499, 0.415040522813797, 0.41476887464523315, 0.4146767854690552, 0.4144934415817261, 0.4142495393753052, 0.4140011668205261, 0.413832426071167, 0.41366103291511536, 0.4134930670261383, 0.4133194088935852, 0.4131265878677368, 0.41296395659446716, 0.4127920866012573, 0.4126458764076233, 0.41253581643104553, 0.4124544858932495, 0.4122554063796997, 0.4121641516685486, 0.41195613145828247, 0.4117858111858368, 0.41162264347076416, 0.4114847183227539, 0.4113950729370117, 0.4112408459186554, 0.4110967516899109, 0.41101133823394775, 0.410936176776886, 0.41081690788269043, 0.4107423424720764, 0.41067513823509216, 0.4105373024940491, 0.41038283705711365, 0.410157710313797, 0.4100354313850403, 0.4097636044025421, 0.40975674986839294, 0.4096149504184723, 0.4094407260417938, 0.4093762934207916, 0.4093168377876282, 0.409259557723999, 0.40918558835983276, 0.4090259075164795, 0.4088265895843506, 0.4086676836013794, 0.4084935486316681, 0.4083506762981415, 0.40829506516456604, 0.40816983580589294, 0.4080972969532013, 0.4078162908554077, 0.40761521458625793, 0.40748831629753113, 0.4073657989501953, 0.40724998712539673, 0.40713968873023987, 0.4070500433444977, 0.4068978428840637, 0.40680035948753357, 0.4067610204219818, 0.4066554605960846, 0.4065549969673157, 0.40630200505256653, 0.40619799494743347, 0.40603816509246826, 0.4059964120388031, 0.40575554966926575, 0.4057197570800781, 0.40550050139427185, 0.4054683446884155, 0.40521714091300964, 0.4052336513996124, 0.4049990475177765, 0.40488308668136597, 0.40474456548690796, 0.40489479899406433, 0.4047349691390991, 0.40461817383766174, 0.40447330474853516, 0.4043194055557251, 0.40421903133392334, 0.4040919244289398, 0.40398579835891724, 0.4038979709148407, 0.4037821292877197, 0.4037218987941742, 0.403685986995697, 0.4035755395889282, 0.4035731852054596, 0.4032846689224243, 0.4031890034675598, 0.403077632188797, 0.4029352068901062, 0.40282300114631653, 0.4027680456638336, 0.4026605188846588, 0.40246814489364624, 0.40251436829566956, 0.4024300277233124, 0.40241652727127075, 0.4021552801132202, 0.4020283818244934, 0.4019359350204468, 0.40187689661979675, 0.4017399847507477, 0.4017159938812256, 0.40164294838905334, 0.40151917934417725, 0.40137526392936707, 0.401249498128891, 0.401164174079895, 0.4010857045650482, 0.4009435176849365, 0.4006849527359009, 0.40052103996276855, 0.40045496821403503, 0.40041789412498474, 0.40027350187301636, 0.4002071022987366, 0.40018343925476074, 0.40014752745628357, 0.4000242352485657, 0.3999462127685547, 0.39983704686164856, 0.3996737003326416, 0.3995441794395447, 0.39946895837783813, 0.3992692232131958, 0.39919787645339966, 0.39904794096946716, 0.3989526331424713, 0.39883166551589966, 0.3986912965774536, 0.39850273728370667, 0.3984583020210266, 0.39844149351119995, 0.39840301871299744, 0.398248553276062, 0.3980324864387512, 0.39805150032043457, 0.3979951739311218, 0.39781463146209717, 0.3979005515575409, 0.39764660596847534, 0.3974625766277313, 0.39744558930397034, 0.3972761034965515, 0.3972398042678833, 0.3971925973892212, 0.3969733715057373, 0.3967743217945099, 0.39665737748146057, 0.39651310443878174, 0.3964183032512665, 0.396363765001297, 0.3963954448699951, 0.39613354206085205, 0.39602795243263245, 0.39594513177871704, 0.39586925506591797, 0.39566707611083984, 0.39553678035736084, 0.39557528495788574, 0.39536094665527344, 0.3951745629310608, 0.3951154351234436, 0.39493224024772644, 0.3948197662830353, 0.39475277066230774, 0.39462363719940186, 0.39441707730293274, 0.39432474970817566, 0.394225150346756, 0.3940514624118805, 0.39394572377204895, 0.39397022128105164, 0.39382404088974, 0.3937714397907257, 0.39364945888519287, 0.3935602903366089, 0.39349204301834106, 0.3934214115142822, 0.39318233728408813, 0.3930723965167999, 0.3929339647293091, 0.39281168580055237]",33.0,"[33.0, 33.0, 33.0, 33.0, 33.0, 33.0, 33.0, 33.0, 33.0, 33.0, 33.0, 33.0, 33.0, 33.0, 33.0, 33.0, 33.0, 33.0, 33.0, 33.0, 33.0, 33.0, 33.0, 33.0, 33.0, 33.0, 33.0, 33.0, 33.0, 33.0, 33.0, 33.0, 33.0, 33.0, 33.0, 33.0, 33.0, 33.0, 33.0, 33.0, 33.0, 33.0, 33.0, 33.0, 33.0, 33.0, 33.0, 33.0, 33.0, 33.0, 33.0, 33.0, 33.0, 33.0, 33.0, 33.0, 33.0, 33.0, 33.0, 33.0, 33.0, 33.0, 33.0, 33.0, 33.0, 33.0, 33.0, 33.0, 33.0, 33.0, 33.0, 33.0, 33.0, 33.0, 33.0, 33.0, 33.0, 33.0, 33.0, 33.0, 33.0, 33.0, 33.0, 33.0, 33.0, 33.0, 33.0, 33.0, 33.0, 33.0, 33.0, 33.0, 33.0, 33.0, 33.0, 33.0, 33.0, 33.0, 33.0, 33.0, 33.0, 33.0, 33.0, 33.0, 33.0, 33.0, 33.0, 33.0, 33.0, 33.0, 33.0, 33.0, 33.0, 33.0, 33.0, 33.0, 33.0, 33.0, 33.0, 33.0, 33.0, 33.0, 33.0, 33.0, 33.0, 33.0, 33.0, 33.0, 33.0, 33.0, 33.0, 33.0, 33.0, 33.0, 33.0, 33.0, 33.0, 33.0, 33.0, 33.0, 33.0, 33.0, 33.0, 33.0, 33.0, 33.0, 33.0, 33.0, 33.0, 33.0, 33.0, 33.0, 33.0, 33.0, 33.0, 33.0, 33.0, 33.0, 33.0, 33.0, 33.0, 33.0, 33.0, 33.0, 33.0, 33.0, 33.0, 33.0, 33.0, 33.0, 33.0, 33.0, 33.0, 33.0, 33.0, 33.0, 33.0, 33.0, 33.0, 33.0, 33.0, 33.0, 33.0, 33.0, 33.0, 33.0, 33.0, 33.0, 33.0, 33.0, 33.0, 33.0, 33.0, 33.0, 33.0, 33.0, 33.0, 33.0, 33.0, 33.0, 33.0, 33.0, 33.0, 33.0, 33.0, 33.0, 33.0, 33.0, 33.0, 33.0, 33.0, 33.0, 33.0, 33.0, 33.0, 33.0, 33.0, 33.0, 33.0, 33.0, 33.0, 33.0, 33.0, 33.0, 33.0, 33.0, 33.0, 33.0, 33.0, 33.0, 33.0, 33.0, 33.0, 33.0, 33.0, 33.0, 33.0, 33.0, 33.0, 33.0, 33.0, 33.0, 33.0, 33.0, 33.0, 33.0, 33.0, 33.0, 33.0, 33.0, 33.0, 33.0, 33.0, 33.0, 33.0, 33.0, 33.0, 33.0, 33.0, 33.0, 33.0, 33.0, 33.0, 33.0, 33.0, 33.0, 33.0, 33.0, 33.0, 33.0]",COMPLETE
146,146,0.5,2024-08-31 06:33:53.766206,2024-08-31 06:34:54.650580,0 days 00:01:00.884374,1,2.028341063409203,2,100,0.10341489379958133,68,0.0338002481866232,0.141,0.14125,0,"[0, 0, 0, 0, 0, 0, 0, 0, 0, 0, 0, 0, 0, 0, 0, 0, 0, 0, 0, 0, 0, 0, 0, 0, 0, 0, 0, 0, 0, 0, 0, 0, 0, 0, 0, 0, 0, 0, 0, 0, 0, 0, 0, 0, 0, 0, 0, 0, 0, 0, 0, 0, 0, 0, 0, 0, 0, 0, 0, 0, 0, 0, 0, 0, 0, 0, 0, 0, 0, 0, 0, 0, 0, 0, 0, 0, 0, 0, 0, 0, 0, 0, 0, 0, 0, 0, 0, 0, 0, 0, 0, 0, 0, 0, 0, 0, 0, 0, 0, 0]",0.0,"[0.0, 0.0, 0.0, 0.0, 0.0, 0.0, 0.0, 0.0, 0.0, 0.0, 0.0, 0.0, 0.0, 0.0, 0.0, 0.0, 0.0, 0.0, 0.0, 0.0, 0.0, 0.0, 0.0, 0.0, 0.0, 0.0, 0.0, 0.0, 0.0, 0.0, 0.0, 0.0, 0.0, 0.0, 0.0, 0.0, 0.0, 0.0, 0.0, 0.0, 0.0, 0.0, 0.0, 0.0, 0.0, 0.0, 0.0, 0.0, 0.0, 0.0, 0.0, 0.0, 0.0, 0.0, 0.0, 0.0, 0.0, 0.0, 0.0, 0.0, 0.0, 0.0, 0.0, 0.0, 0.0, 0.0, 0.0, 0.0, 0.0, 0.0, 0.0, 0.0, 0.0, 0.0, 0.0, 0.0, 0.0, 0.0, 0.0, 0.0, 0.0, 0.0, 0.0, 0.0, 0.0, 0.0, 0.0, 0.0, 0.0, 0.0, 0.0, 0.0, 0.0, 0.0, 0.0, 0.0, 0.0, 0.0, 0.0, 0.0]",0.5,0.5,0,"[0, 0, 0, 0, 0, 0, 0, 0, 0, 0, 0, 0, 0, 0, 0, 0, 0, 0, 0, 0, 0, 0, 0, 0, 0, 0, 0, 0, 0, 0, 0, 0, 0, 0, 0, 0, 0, 0, 0, 0, 0, 0, 0, 0, 0, 0, 0, 0, 0, 0, 0, 0, 0, 0, 0, 0, 0, 0, 0, 0, 0, 0, 0, 0, 0, 0, 0, 0, 0, 0, 0, 0, 0, 0, 0, 0, 0, 0, 0, 0, 0, 0, 0, 0, 0, 0, 0, 0, 0, 0, 0, 0, 0, 0, 0, 0, 0, 0, 0, 0]",100,"[7.442772388458252, 2.219231367111206, 4.562568187713623, 5.303345203399658, 7.682266712188721, 4.4306254386901855, 2.047930955886841, 5.9824538230896, 2.7077624797821045, 3.776540517807007, 0.4522712826728821, 6.177598476409912, 0.407481849193573, 8.229832649230957, 1.4810736179351807, 6.293645858764648, 0.7030301094055176, 4.1372456550598145, 6.247006893157959, 6.378411293029785, 6.226287841796875, 2.0847361087799072, 4.6232404708862305, 1.4335741996765137, 6.039218902587891, 0.855607807636261, 3.6213808059692383, 7.041403770446777, 5.745543956756592, 6.391542434692383, 4.98835563659668, 6.514567852020264, 0.4237857758998871, 6.953050136566162, 2.2960801124572754, 3.7288408279418945, 1.402924656867981, 6.499514579772949, 4.1201090812683105, 1.9992196559906006, 4.409242153167725, 2.0214014053344727, 3.843038558959961, 3.843878984451294, 0.42291224002838135, 2.3414089679718018, 6.409992218017578, 3.2305164337158203, 1.6808165311813354, 5.971953868865967, 0.41594141721725464, 5.4584197998046875, 1.0035356283187866, 0.4182898998260498, 4.469926357269287, 1.8890249729156494, 5.642755031585693, 2.214095115661621, 4.203580379486084, 2.890531063079834, 4.33017110824585, 7.49400520324707, 2.18310546875, 7.109739303588867, 0.41040143370628357, 12.773426055908203, 1.9589135646820068, 3.4546749591827393, 6.48696231842041, 3.4789438247680664, 6.420242786407471, 16.639175415039062, 2.613313913345337, 5.064483642578125, 2.6747772693634033, 13.910383224487305, 7.90325927734375, 7.638423442840576, 4.935394763946533, 2.8951754570007324, 1.4300732612609863, 4.292145252227783, 4.134556293487549, 2.8872017860412598, 5.214373588562012, 0.8701988458633423, 6.9201741218566895, 1.0879143476486206, 3.9960434436798096, 5.069794654846191, 3.8237061500549316, 1.6452980041503906, 2.796278953552246, 17.252220153808594, 4.6349687576293945, 5.5935821533203125, 6.677748203277588, 6.406902313232422, 1.9559588432312012, 3.105570077896118]",0.0,"[0.0, 0.0, 0.0, 0.0, 0.0, 0.0, 0.0, 0.0, 0.0, 0.0, 0.0, 0.0, 0.0, 0.0, 0.0, 0.0, 0.0, 0.0, 0.0, 0.0, 0.0, 0.0, 0.0, 0.0, 0.0, 0.0, 0.0, 0.0, 0.0, 0.0, 0.0, 0.0, 0.0, 0.0, 0.0, 0.0, 0.0, 0.0, 0.0, 0.0, 0.0, 0.0, 0.0, 0.0, 0.0, 0.0, 0.0, 0.0, 0.0, 0.0, 0.0, 0.0, 0.0, 0.0, 0.0, 0.0, 0.0, 0.0, 0.0, 0.0, 0.0, 0.0, 0.0, 0.0, 0.0, 0.0, 0.0, 0.0, 0.0, 0.0, 0.0, 0.0, 0.0, 0.0, 0.0, 0.0, 0.0, 0.0, 0.0, 0.0, 0.0, 0.0, 0.0, 0.0, 0.0, 0.0, 0.0, 0.0, 0.0, 0.0, 0.0, 0.0, 0.0, 0.0, 0.0, 0.0, 0.0, 0.0, 0.0, 0.0]",COMPLETE
