,number,value,datetime_start,datetime_complete,duration,params_batch_size_scaler,params_constant_learning_rate,params_depth,params_epochs,params_kernel_l2,params_num_trees,params_temperature,user_attrs_accuracy_test,user_attrs_accuracy_valid,user_attrs_approximate_feature_sparsity,user_attrs_approximate_feature_sparsity_history,user_attrs_approximate_weight_sparsity,user_attrs_approximate_weight_sparsity_history,user_attrs_auc_test,user_attrs_auc_valid,user_attrs_feature_sparsity,user_attrs_feature_sparsity_history,user_attrs_num_epochs,user_attrs_val_loss_history,user_attrs_weight_sparsity,user_attrs_weight_sparsity_history,state
149,149,0.8889490023315428,2024-08-31 06:36:27.677641,2024-08-31 06:36:34.424192,0 days 00:00:06.746551,64,8.908910482942996,2,60,0.00133996094757175,4,0.00048219530786789734,0.898,0.89625,9,"[33, 33, 33, 32, 31, 30, 27, 25, 25, 25, 24, 23, 23, 21, 20, 19, 19, 18, 17, 16, 16, 16, 15, 15, 14, 14, 14, 13, 12, 12, 11, 11, 10, 10, 10, 10, 10, 10, 10, 9, 9, 9, 9, 9, 9, 9, 9, 9, 9, 9, 9, 9, 9, 9, 9, 9, 9, 9, 9, 9]",9.0,"[33.0, 33.0, 33.0, 32.0, 31.0, 30.0, 27.0, 25.0, 25.0, 25.0, 24.0, 23.0, 23.0, 21.0, 20.0, 19.0, 19.0, 18.0, 17.0, 16.0, 16.0, 16.0, 15.0, 15.0, 14.0, 14.0, 14.0, 13.0, 11.916666666666666, 12.0, 11.0, 11.0, 10.0, 10.0, 10.0, 10.0, 10.0, 10.0, 10.0, 9.0, 9.0, 9.0, 9.0, 9.0, 9.0, 9.0, 9.0, 9.0, 9.0, 9.0, 9.0, 9.0, 9.0, 9.0, 9.0, 9.0, 9.0, 9.0, 9.0, 9.0]",0.8764603406567095,0.8889490023315428,9,"[33, 33, 33, 32, 31, 30, 27, 25, 25, 25, 24, 23, 23, 21, 20, 19, 19, 18, 17, 16, 16, 16, 15, 15, 14, 14, 14, 13, 12, 12, 11, 11, 10, 10, 10, 10, 10, 10, 10, 9, 9, 9, 9, 9, 9, 9, 9, 9, 9, 9, 9, 9, 9, 9, 9, 9, 9, 9, 9, 9]",60,"[1.2532923221588135, 1.6868600845336914, 0.6128341555595398, 0.5144259929656982, 1.6063541173934937, 0.4955737590789795, 0.8354591131210327, 0.48198768496513367, 0.35302069783210754, 0.3627362549304962, 0.7924975752830505, 2.300316572189331, 0.8926889896392822, 1.3296809196472168, 0.472529798746109, 0.3692702353000641, 0.3859723210334778, 0.5185329914093018, 0.42750221490859985, 0.3741966187953949, 0.4656452238559723, 0.3140304684638977, 0.4159080982208252, 0.26475274562835693, 0.39857569336891174, 0.4626498818397522, 0.33375316858291626, 0.4982755184173584, 0.24273495376110077, 0.2346874624490738, 0.2911946475505829, 0.36305463314056396, 0.3219550848007202, 0.23252369463443756, 0.25988107919692993, 0.725537121295929, 0.44516411423683167, 0.3067474365234375, 0.31894341111183167, 0.28193292021751404, 0.41113653779029846, 0.24172987043857574, 0.3892495334148407, 0.40786638855934143, 0.3317428529262543, 0.30623507499694824, 0.3235693871974945, 0.48162877559661865, 0.3306204080581665, 0.4890943765640259, 0.43585196137428284, 0.3536812961101532, 0.5423046350479126, 0.4311661422252655, 0.36384955048561096, 0.3590533137321472, 0.32912853360176086, 0.6893207430839539, 0.29751190543174744, 0.3725433647632599]",9.0,"[33.0, 33.0, 33.0, 32.0, 31.0, 30.0, 27.0, 25.0, 25.0, 25.0, 24.0, 23.0, 23.0, 21.0, 20.0, 19.0, 19.0, 18.0, 17.0, 16.0, 16.0, 16.0, 15.0, 15.0, 14.0, 14.0, 14.0, 13.0, 12.0, 12.0, 11.0, 11.0, 10.0, 10.0, 10.0, 10.0, 10.0, 10.0, 10.0, 9.0, 9.0, 9.0, 9.0, 9.0, 9.0, 9.0, 9.0, 9.0, 9.0, 9.0, 9.0, 9.0, 9.0, 9.0, 9.0, 9.0, 9.0, 9.0, 9.0, 9.0]",COMPLETE
150,150,0.5,2024-08-31 06:36:34.432917,2024-08-31 06:40:23.008095,0 days 00:03:48.575178,4,6.1497324011642975,5,280,0.8737745207164552,67,0.005834269199212601,0.859,0.85875,0,"[0, 0, 0, 0, 0, 0, 0, 0, 0, 0, 0, 0, 0, 0, 0, 0, 0, 0, 0, 0, 0, 0, 0, 0, 0, 0, 0, 0, 0, 0, 0, 0, 0, 0, 0, 0, 0, 0, 0, 0, 0, 0, 0, 0, 0, 0, 0, 0, 0, 0, 0, 0, 0, 0, 0, 0, 0, 0, 0, 0, 0, 0, 0, 0, 0, 0, 0, 0, 0, 0, 0, 0, 0, 0, 0, 0, 0, 0, 0, 0, 0, 0, 0, 0, 0, 0, 0, 0, 0, 0, 0, 0, 0, 0, 0, 0, 0, 0, 0, 0, 0, 0, 0, 0, 0, 0, 0, 0, 0, 0, 0, 0, 0, 0, 0, 0, 0, 0, 0, 0, 0, 0, 0, 0, 0, 0, 0, 0, 0, 0, 0, 0, 0, 0, 0, 0, 0, 0, 0, 0, 0, 0, 0, 0, 0, 0, 0, 0, 0, 0, 0, 0, 0, 0, 0, 0, 0, 0, 0, 0, 0, 0, 0, 0, 0, 0, 0, 0, 0, 0, 0, 0, 0, 0, 0, 0, 0, 0, 0, 0, 0, 0, 0, 0, 0, 0, 0, 0, 0, 0, 0, 0, 0, 0, 0, 0, 0, 0, 0, 0, 0, 0, 0, 0, 0, 0, 0, 0, 0, 0, 0, 0, 0, 0, 0, 0, 0, 0, 0, 0, 0, 0, 0, 0, 0, 0, 0, 0, 0, 0, 0, 0, 0, 0, 0, 0, 0, 0, 0, 0, 0, 0, 0, 0, 0, 0, 0, 0, 0, 0, 0, 0, 0, 0, 0, 0, 0, 0, 0, 0, 0, 0, 0, 0, 0, 0, 0, 0, 0, 0, 0, 0, 0, 0, 0, 0, 0, 0, 0, 0]",0.0,"[0.0, 0.0, 0.0, 0.0, 0.0, 0.0, 0.0, 0.0, 0.0, 0.0, 0.0, 0.0, 0.0, 0.0, 0.0, 0.0, 0.0, 0.0, 0.0, 0.0, 0.0, 0.0, 0.0, 0.0, 0.0, 0.0, 0.0, 0.0, 0.0, 0.0, 0.0, 0.0, 0.0, 0.0, 0.0, 0.0, 0.0, 0.0, 0.0, 0.0, 0.0, 0.0, 0.0, 0.0, 0.0, 0.0, 0.0, 0.0, 0.0, 0.0, 0.0, 0.0, 0.0, 0.0, 0.0, 0.0, 0.0, 0.0, 0.0, 0.0, 0.0, 0.0, 0.0, 0.0, 0.0, 0.0, 0.0, 0.0, 0.0, 0.0, 0.0, 0.0, 0.0, 0.0, 0.0, 0.0, 0.0, 0.0, 0.0, 0.0, 0.0, 0.0, 0.0, 0.0, 0.0, 0.0, 0.0, 0.0, 0.0, 0.0, 0.0, 0.0, 0.0, 0.0, 0.0, 0.0, 0.0, 0.0, 0.0, 0.0, 0.0, 0.0, 0.0, 0.0, 0.0, 0.0, 0.0, 0.0, 0.0, 0.0, 0.0, 0.0, 0.0, 0.0, 0.0, 0.0, 0.0, 0.0, 0.0, 0.0, 0.0, 0.0, 0.0, 0.0, 0.0, 0.0, 0.0, 0.0, 0.0, 0.0, 0.0, 0.0, 0.0, 0.0, 0.0, 0.0, 0.0, 0.0, 0.0, 0.0, 0.0, 0.0, 0.0, 0.0, 0.0, 0.0, 0.0, 0.0, 0.0, 0.0, 0.0, 0.0, 0.0, 0.0, 0.0, 0.0, 0.0, 0.0, 0.0, 0.0, 0.0, 0.0, 0.0, 0.0, 0.0, 0.0, 0.0, 0.0, 0.0, 0.0, 0.0, 0.0, 0.0, 0.0, 0.0, 0.0, 0.0, 0.0, 0.0, 0.0, 0.0, 0.0, 0.0, 0.0, 0.0, 0.0, 0.0, 0.0, 0.0, 0.0, 0.0, 0.0, 0.0, 0.0, 0.0, 0.0, 0.0, 0.0, 0.0, 0.0, 0.0, 0.0, 0.0, 0.0, 0.0, 0.0, 0.0, 0.0, 0.0, 0.0, 0.0, 0.0, 0.0, 0.0, 0.0, 0.0, 0.0, 0.0, 0.0, 0.0, 0.0, 0.0, 0.0, 0.0, 0.0, 0.0, 0.0, 0.0, 0.0, 0.0, 0.0, 0.0, 0.0, 0.0, 0.0, 0.0, 0.0, 0.0, 0.0, 0.0, 0.0, 0.0, 0.0, 0.0, 0.0, 0.0, 0.0, 0.0, 0.0, 0.0, 0.0, 0.0, 0.0, 0.0, 0.0, 0.0, 0.0, 0.0, 0.0, 0.0, 0.0, 0.0, 0.0, 0.0, 0.0, 0.0, 0.0, 0.0, 0.0, 0.0, 0.0, 0.0, 0.0, 0.0, 0.0, 0.0, 0.0, 0.0, 0.0, 0.0]",0.5,0.5,0,"[0, 0, 0, 0, 0, 0, 0, 0, 0, 0, 0, 0, 0, 0, 0, 0, 0, 0, 0, 0, 0, 0, 0, 0, 0, 0, 0, 0, 0, 0, 0, 0, 0, 0, 0, 0, 0, 0, 0, 0, 0, 0, 0, 0, 0, 0, 0, 0, 0, 0, 0, 0, 0, 0, 0, 0, 0, 0, 0, 0, 0, 0, 0, 0, 0, 0, 0, 0, 0, 0, 0, 0, 0, 0, 0, 0, 0, 0, 0, 0, 0, 0, 0, 0, 0, 0, 0, 0, 0, 0, 0, 0, 0, 0, 0, 0, 0, 0, 0, 0, 0, 0, 0, 0, 0, 0, 0, 0, 0, 0, 0, 0, 0, 0, 0, 0, 0, 0, 0, 0, 0, 0, 0, 0, 0, 0, 0, 0, 0, 0, 0, 0, 0, 0, 0, 0, 0, 0, 0, 0, 0, 0, 0, 0, 0, 0, 0, 0, 0, 0, 0, 0, 0, 0, 0, 0, 0, 0, 0, 0, 0, 0, 0, 0, 0, 0, 0, 0, 0, 0, 0, 0, 0, 0, 0, 0, 0, 0, 0, 0, 0, 0, 0, 0, 0, 0, 0, 0, 0, 0, 0, 0, 0, 0, 0, 0, 0, 0, 0, 0, 0, 0, 0, 0, 0, 0, 0, 0, 0, 0, 0, 0, 0, 0, 0, 0, 0, 0, 0, 0, 0, 0, 0, 0, 0, 0, 0, 0, 0, 0, 0, 0, 0, 0, 0, 0, 0, 0, 0, 0, 0, 0, 0, 0, 0, 0, 0, 0, 0, 0, 0, 0, 0, 0, 0, 0, 0, 0, 0, 0, 0, 0, 0, 0, 0, 0, 0, 0, 0, 0, 0, 0, 0, 0, 0, 0, 0, 0, 0, 0]",280,"[1.6880013942718506, 0.41603589057922363, 0.4379592537879944, 0.43520277738571167, 0.40723949670791626, 0.4086219370365143, 1.2715694904327393, 0.4072267413139343, 0.4503501057624817, 1.1082509756088257, 0.675579845905304, 0.40727412700653076, 0.8917033672332764, 0.9001263380050659, 0.9972774386405945, 1.835974097251892, 0.5082452893257141, 0.4642339050769806, 0.4378390610218048, 0.8328781127929688, 0.7582018971443176, 0.9541428089141846, 0.42016276717185974, 1.1348464488983154, 1.6462091207504272, 0.6716269850730896, 1.2399888038635254, 1.102244257926941, 0.43156659603118896, 0.4453546106815338, 0.7063722014427185, 1.1296766996383667, 0.8946816921234131, 1.6682548522949219, 0.4515933692455292, 2.5117552280426025, 0.4448643922805786, 1.9792819023132324, 0.6247503161430359, 0.6644207835197449, 0.9054622054100037, 0.5888653993606567, 0.5041377544403076, 1.0382530689239502, 0.4199376702308655, 0.4182674288749695, 0.49281954765319824, 0.43940433859825134, 0.49930882453918457, 0.4405635893344879, 0.6212419867515564, 0.41720664501190186, 0.6488600969314575, 0.9390632510185242, 0.41215816140174866, 0.8043823838233948, 1.790380835533142, 0.6444841027259827, 0.43380603194236755, 1.4402188062667847, 0.9898005127906799, 0.9609835743904114, 1.2013477087020874, 1.0041049718856812, 0.7972009778022766, 0.4737247824668884, 0.5743263363838196, 1.2820885181427002, 0.4207150638103485, 0.5213155746459961, 0.9878880977630615, 0.40973201394081116, 0.503288209438324, 1.5713775157928467, 0.6313517689704895, 0.653069019317627, 1.189048409461975, 1.2725924253463745, 1.1751399040222168, 0.5177651047706604, 1.3330460786819458, 0.9219310283660889, 0.5600911974906921, 0.7465346455574036, 0.5743973255157471, 1.1350449323654175, 1.33353853225708, 0.4443208575248718, 0.9984768033027649, 0.40819573402404785, 1.9719407558441162, 1.2720189094543457, 1.1694694757461548, 0.4160308837890625, 0.4214889407157898, 0.6308480501174927, 0.9410833716392517, 0.5362263917922974, 1.1683071851730347, 0.4166742265224457, 0.511155366897583, 0.6209830045700073, 1.5003923177719116, 0.43038684129714966, 0.7603252530097961, 0.5129178166389465, 0.4168410897254944, 0.5612793564796448, 1.0132691860198975, 0.45937609672546387, 0.802875280380249, 0.7388412952423096, 0.8016922473907471, 1.0272538661956787, 0.49489596486091614, 0.5433719754219055, 0.6327183246612549, 1.160933494567871, 0.41502273082733154, 1.2807365655899048, 1.6992014646530151, 0.7572120428085327, 0.4072839021682739, 1.1069122552871704, 0.8849008083343506, 1.027514934539795, 2.4162471294403076, 0.4099048376083374, 0.524990439414978, 0.7254012823104858, 1.221928596496582, 0.4095214605331421, 0.8356519937515259, 0.926327645778656, 0.8979739546775818, 0.6277266144752502, 0.5278699398040771, 0.45103880763053894, 0.4361875057220459, 0.45657604932785034, 0.9894968271255493, 1.451607346534729, 0.41594210267066956, 0.6541532278060913, 0.44507500529289246, 0.4109386205673218, 1.1853331327438354, 0.40891608595848083, 0.43617507815361023, 1.0009245872497559, 0.46320655941963196, 0.5442918539047241, 0.40991494059562683, 0.658985435962677, 2.2545173168182373, 0.7527620792388916, 0.41248106956481934, 0.666466236114502, 0.6220036149024963, 0.48817145824432373, 0.6301119327545166, 0.8177242279052734, 0.9202196002006531, 0.622387170791626, 0.4820425808429718, 0.5624634623527527, 0.5800848603248596, 0.40933120250701904, 1.1601781845092773, 0.7578234672546387, 0.7403826117515564, 0.799177885055542, 1.015755534172058, 1.347194790840149, 0.40833431482315063, 0.6256266236305237, 0.4765733778476715, 0.7065475583076477, 0.41590258479118347, 1.3033440113067627, 0.4698864221572876, 1.6470932960510254, 1.1663715839385986, 0.45648902654647827, 0.7226587533950806, 0.5862950682640076, 0.7716797590255737, 0.4696423411369324, 0.49761953949928284, 0.821683406829834, 0.6107471585273743, 0.8025932312011719, 0.7622628808021545, 1.1981439590454102, 0.8745019435882568, 0.4700581431388855, 0.4073914587497711, 0.7092121243476868, 2.3031625747680664, 1.3445098400115967, 0.41820988059043884, 0.46553677320480347, 0.7632421851158142, 0.5128310918807983, 0.40995079278945923, 0.777239203453064, 0.40740954875946045, 0.4651721119880676, 0.5232642292976379, 0.99658203125, 0.576004147529602, 0.419439435005188, 0.40723326802253723, 2.116323947906494, 0.5196155905723572, 0.5021027326583862, 0.4588202238082886, 0.5986217260360718, 0.4077945649623871, 0.462261438369751, 1.823671817779541, 0.49002110958099365, 0.44977352023124695, 0.8643908500671387, 0.44364193081855774, 0.6629673838615417, 1.2811847925186157, 0.4176655113697052, 0.6507707834243774, 0.5320846438407898, 0.9770568609237671, 0.5552700757980347, 1.43560791015625, 0.9595931172370911, 0.41206851601600647, 0.4171358346939087, 1.758679986000061, 1.0932493209838867, 0.5978398323059082, 0.4746781289577484, 0.4981217086315155, 0.697522759437561, 0.4775956869125366, 1.1435047388076782, 0.4080275297164917, 1.4480102062225342, 0.835691511631012, 0.46985912322998047, 0.418428510427475, 1.189695119857788, 1.4832353591918945, 0.5808953642845154, 0.9221410155296326, 1.4207642078399658, 0.75129234790802, 0.42596760392189026, 1.1616567373275757, 1.6618269681930542, 0.5491338968276978, 0.44782888889312744, 0.5838301181793213, 0.6928942799568176, 0.4562474489212036, 0.5007959008216858, 1.8111329078674316, 0.47307074069976807, 2.876582145690918, 0.45552653074264526, 0.6661372184753418, 0.4858373999595642, 1.7840585708618164, 0.43724387884140015, 1.298801302909851, 0.6566931009292603, 0.49230456352233887, 1.6771957874298096, 0.44573143124580383, 1.6683204174041748, 0.6684354543685913, 0.472528338432312]",0.0,"[0.0, 0.0, 0.0, 0.0, 0.0, 0.0, 0.0, 0.0, 0.0, 0.0, 0.0, 0.0, 0.0, 0.0, 0.0, 0.0, 0.0, 0.0, 0.0, 0.0, 0.0, 0.0, 0.0, 0.0, 0.0, 0.0, 0.0, 0.0, 0.0, 0.0, 0.0, 0.0, 0.0, 0.0, 0.0, 0.0, 0.0, 0.0, 0.0, 0.0, 0.0, 0.0, 0.0, 0.0, 0.0, 0.0, 0.0, 0.0, 0.0, 0.0, 0.0, 0.0, 0.0, 0.0, 0.0, 0.0, 0.0, 0.0, 0.0, 0.0, 0.0, 0.0, 0.0, 0.0, 0.0, 0.0, 0.0, 0.0, 0.0, 0.0, 0.0, 0.0, 0.0, 0.0, 0.0, 0.0, 0.0, 0.0, 0.0, 0.0, 0.0, 0.0, 0.0, 0.0, 0.0, 0.0, 0.0, 0.0, 0.0, 0.0, 0.0, 0.0, 0.0, 0.0, 0.0, 0.0, 0.0, 0.0, 0.0, 0.0, 0.0, 0.0, 0.0, 0.0, 0.0, 0.0, 0.0, 0.0, 0.0, 0.0, 0.0, 0.0, 0.0, 0.0, 0.0, 0.0, 0.0, 0.0, 0.0, 0.0, 0.0, 0.0, 0.0, 0.0, 0.0, 0.0, 0.0, 0.0, 0.0, 0.0, 0.0, 0.0, 0.0, 0.0, 0.0, 0.0, 0.0, 0.0, 0.0, 0.0, 0.0, 0.0, 0.0, 0.0, 0.0, 0.0, 0.0, 0.0, 0.0, 0.0, 0.0, 0.0, 0.0, 0.0, 0.0, 0.0, 0.0, 0.0, 0.0, 0.0, 0.0, 0.0, 0.0, 0.0, 0.0, 0.0, 0.0, 0.0, 0.0, 0.0, 0.0, 0.0, 0.0, 0.0, 0.0, 0.0, 0.0, 0.0, 0.0, 0.0, 0.0, 0.0, 0.0, 0.0, 0.0, 0.0, 0.0, 0.0, 0.0, 0.0, 0.0, 0.0, 0.0, 0.0, 0.0, 0.0, 0.0, 0.0, 0.0, 0.0, 0.0, 0.0, 0.0, 0.0, 0.0, 0.0, 0.0, 0.0, 0.0, 0.0, 0.0, 0.0, 0.0, 0.0, 0.0, 0.0, 0.0, 0.0, 0.0, 0.0, 0.0, 0.0, 0.0, 0.0, 0.0, 0.0, 0.0, 0.0, 0.0, 0.0, 0.0, 0.0, 0.0, 0.0, 0.0, 0.0, 0.0, 0.0, 0.0, 0.0, 0.0, 0.0, 0.0, 0.0, 0.0, 0.0, 0.0, 0.0, 0.0, 0.0, 0.0, 0.0, 0.0, 0.0, 0.0, 0.0, 0.0, 0.0, 0.0, 0.0, 0.0, 0.0, 0.0, 0.0, 0.0, 0.0, 0.0, 0.0, 0.0, 0.0, 0.0, 0.0, 0.0, 0.0, 0.0, 0.0, 0.0, 0.0, 0.0, 0.0]",COMPLETE
