,number,value,datetime_start,datetime_complete,duration,params_batch_size_scaler,params_constant_learning_rate,params_depth,params_epochs,params_kernel_l2,params_num_trees,params_temperature,user_attrs_accuracy_test,user_attrs_accuracy_valid,user_attrs_approximate_feature_sparsity,user_attrs_approximate_feature_sparsity_history,user_attrs_approximate_weight_sparsity,user_attrs_approximate_weight_sparsity_history,user_attrs_auc_test,user_attrs_auc_valid,user_attrs_feature_sparsity,user_attrs_feature_sparsity_history,user_attrs_num_epochs,user_attrs_val_loss_history,user_attrs_weight_sparsity,user_attrs_weight_sparsity_history,state
124,124,0.5,2024-08-31 05:23:30.283867,2024-08-31 05:24:48.243782,0 days 00:01:17.959915,16,2.608478804817917,4,260,0.8227904236241537,59,0.0012346228920390395,0.859,0.85875,0,"[33, 33, 33, 33, 12, 6, 5, 5, 5, 5, 4, 4, 4, 3, 3, 3, 3, 3, 3, 3, 3, 2, 2, 1, 1, 1, 1, 1, 1, 1, 1, 1, 1, 0, 0, 0, 0, 0, 0, 0, 0, 0, 0, 0, 0, 0, 0, 0, 0, 0, 0, 0, 0, 0, 0, 0, 0, 0, 0, 0, 0, 0, 0, 0, 0, 0, 0, 0, 0, 0, 0, 0, 0, 0, 0, 0, 0, 0, 0, 0, 0, 0, 0, 0, 0, 0, 0, 0, 0, 0, 0, 0, 0, 0, 0, 0, 0, 0, 0, 0, 0, 0, 0, 0, 0, 0, 0, 0, 0, 0, 0, 0, 0, 0, 0, 0, 0, 0, 0, 0, 0, 0, 0, 0, 0, 0, 0, 0, 0, 0, 0, 0, 0, 0, 0, 0, 0, 0, 0, 0, 0, 0, 0, 0, 0, 0, 0, 0, 0, 0, 0, 0, 0, 0, 0, 0, 0, 0, 0, 0, 0, 0, 0, 0, 0, 0, 0, 0, 0, 0, 0, 0, 0, 0, 0, 0, 0, 0, 0, 0, 0, 0, 0, 0, 0, 0, 0, 0, 0, 0, 0, 0, 0, 0, 0, 0, 0, 0, 0, 0, 0, 0, 0, 0, 0, 0, 0, 0, 0, 0, 0, 0, 0, 0, 0, 0, 0, 0, 0, 0, 0, 0, 0, 0, 0, 0, 0, 0, 0, 0, 0, 0, 0, 0, 0, 0, 0, 0, 0, 0, 0, 0, 0, 0, 0, 0, 0, 0, 0, 0, 0, 0, 0, 0, 0, 0, 0, 0, 0, 0]",0.0,"[32.96610169491525, 32.948022598870054, 32.954802259887, 32.952542372881354, 11.977401129943503, 5.994350282485875, 4.989830508474577, 4.9920903954802265, 4.9954802259887, 4.9920903954802265, 3.9898305084745767, 3.992090395480226, 3.993220338983051, 3.0, 2.995480225988701, 2.9966101694915253, 2.995480225988701, 2.994350282485876, 2.99774011299435, 2.9966101694915253, 2.9966101694915253, 1.998870056497175, 1.9966101694915255, 0.9932203389830508, 0.9966101694915255, 0.9977401129943503, 0.9977401129943503, 0.9943502824858758, 0.9943502824858758, 0.9932203389830508, 0.9954802259887006, 0.9988700564971752, 0.9977401129943503, 0.0, 0.0, 0.0, 0.0, 0.0, 0.0, 0.0, 0.0, 0.0, 0.0, 0.0, 0.0, 0.0, 0.0, 0.0, 0.0, 0.0, 0.0, 0.0, 0.0, 0.0, 0.0, 0.0, 0.0, 0.0, 0.0, 0.0, 0.0, 0.0, 0.0, 0.0, 0.0, 0.0, 0.0, 0.0, 0.0, 0.0, 0.0, 0.0, 0.0, 0.0, 0.0, 0.0, 0.0, 0.0, 0.0, 0.0, 0.0, 0.0, 0.0, 0.0, 0.0, 0.0, 0.0, 0.0, 0.0, 0.0, 0.0, 0.0, 0.0, 0.0, 0.0, 0.0, 0.0, 0.0, 0.0, 0.0, 0.0, 0.0, 0.0, 0.0, 0.0, 0.0, 0.0, 0.0, 0.0, 0.0, 0.0, 0.0, 0.0, 0.0, 0.0, 0.0, 0.0, 0.0, 0.0, 0.0, 0.0, 0.0, 0.0, 0.0, 0.0, 0.0, 0.0, 0.0, 0.0, 0.0, 0.0, 0.0, 0.0, 0.0, 0.0, 0.0, 0.0, 0.0, 0.0, 0.0, 0.0, 0.0, 0.0, 0.0, 0.0, 0.0, 0.0, 0.0, 0.0, 0.0, 0.0, 0.0, 0.0, 0.0, 0.0, 0.0, 0.0, 0.0, 0.0, 0.0, 0.0, 0.0, 0.0, 0.0, 0.0, 0.0, 0.0, 0.0, 0.0, 0.0, 0.0, 0.0, 0.0, 0.0, 0.0, 0.0, 0.0, 0.0, 0.0, 0.0, 0.0, 0.0, 0.0, 0.0, 0.0, 0.0, 0.0, 0.0, 0.0, 0.0, 0.0, 0.0, 0.0, 0.0, 0.0, 0.0, 0.0, 0.0, 0.0, 0.0, 0.0, 0.0, 0.0, 0.0, 0.0, 0.0, 0.0, 0.0, 0.0, 0.0, 0.0, 0.0, 0.0, 0.0, 0.0, 0.0, 0.0, 0.0, 0.0, 0.0, 0.0, 0.0, 0.0, 0.0, 0.0, 0.0, 0.0, 0.0, 0.0, 0.0, 0.0, 0.0, 0.0, 0.0, 0.0, 0.0, 0.0, 0.0, 0.0, 0.0, 0.0, 0.0, 0.0, 0.0, 0.0, 0.0, 0.0, 0.0, 0.0, 0.0, 0.0, 0.0, 0.0, 0.0, 0.0, 0.0, 0.0, 0.0, 0.0, 0.0]",0.5,0.5,0,"[33, 33, 33, 33, 12, 6, 5, 5, 5, 5, 4, 4, 4, 3, 3, 3, 3, 3, 3, 3, 3, 2, 2, 1, 1, 1, 1, 1, 1, 1, 1, 1, 1, 0, 0, 0, 0, 0, 0, 0, 0, 0, 0, 0, 0, 0, 0, 0, 0, 0, 0, 0, 0, 0, 0, 0, 0, 0, 0, 0, 0, 0, 0, 0, 0, 0, 0, 0, 0, 0, 0, 0, 0, 0, 0, 0, 0, 0, 0, 0, 0, 0, 0, 0, 0, 0, 0, 0, 0, 0, 0, 0, 0, 0, 0, 0, 0, 0, 0, 0, 0, 0, 0, 0, 0, 0, 0, 0, 0, 0, 0, 0, 0, 0, 0, 0, 0, 0, 0, 0, 0, 0, 0, 0, 0, 0, 0, 0, 0, 0, 0, 0, 0, 0, 0, 0, 0, 0, 0, 0, 0, 0, 0, 0, 0, 0, 0, 0, 0, 0, 0, 0, 0, 0, 0, 0, 0, 0, 0, 0, 0, 0, 0, 0, 0, 0, 0, 0, 0, 0, 0, 0, 0, 0, 0, 0, 0, 0, 0, 0, 0, 0, 0, 0, 0, 0, 0, 0, 0, 0, 0, 0, 0, 0, 0, 0, 0, 0, 0, 0, 0, 0, 0, 0, 0, 0, 0, 0, 0, 0, 0, 0, 0, 0, 0, 0, 0, 0, 0, 0, 0, 0, 0, 0, 0, 0, 0, 0, 0, 0, 0, 0, 0, 0, 0, 0, 0, 0, 0, 0, 0, 0, 0, 0, 0, 0, 0, 0, 0, 0, 0, 0, 0, 0, 0, 0, 0, 0, 0, 0]",260,"[0.42860928177833557, 0.4493393301963806, 0.6210489869117737, 0.4188121557235718, 0.379526287317276, 0.3691072463989258, 0.3822656273841858, 0.35747429728507996, 0.35764962434768677, 0.4537994861602783, 0.35327446460723877, 0.35010963678359985, 0.3620462715625763, 0.3693101108074188, 0.4723496735095978, 0.3723071813583374, 0.3445662260055542, 0.37954846024513245, 0.5981309413909912, 0.41884493827819824, 0.466365247964859, 0.3631173074245453, 0.4259873330593109, 0.37149086594581604, 0.4053431749343872, 0.44888007640838623, 0.41655978560447693, 0.38289666175842285, 0.3851170241832733, 0.39664313197135925, 0.3712467551231384, 0.43230563402175903, 0.39131447672843933, 0.7537630200386047, 0.4767661690711975, 0.49886277318000793, 0.6017814874649048, 0.4439722001552582, 0.6080805063247681, 0.4085261821746826, 0.40735313296318054, 0.5989847779273987, 0.4102323651313782, 0.7795835733413696, 0.4114779531955719, 0.4306473135948181, 0.4074476659297943, 0.4076326787471771, 0.42171669006347656, 0.48544514179229736, 0.4167581796646118, 0.4406641125679016, 0.9593765139579773, 0.8349083065986633, 0.5928589701652527, 0.40961480140686035, 0.40856772661209106, 0.40999749302864075, 0.4264073967933655, 0.4078644812107086, 0.41830238699913025, 0.4211898148059845, 0.6571821570396423, 0.5847129225730896, 0.5654798150062561, 0.4106774628162384, 0.5139144659042358, 0.4212836027145386, 0.4557296335697174, 0.440941721200943, 0.5489696264266968, 0.40778735280036926, 0.6084189414978027, 0.40732041001319885, 0.5004943609237671, 0.45479828119277954, 0.43385931849479675, 0.40990185737609863, 0.4415093958377838, 0.4132019877433777, 0.41105854511260986, 0.48912715911865234, 0.49572718143463135, 0.6209642887115479, 0.41522443294525146, 0.6094487309455872, 0.40899887681007385, 0.4073600769042969, 0.411407470703125, 0.44516876339912415, 0.5949785113334656, 0.44726669788360596, 0.40844354033470154, 0.4262719452381134, 0.4077683389186859, 0.4231134057044983, 0.4489385187625885, 0.40918678045272827, 0.44813403487205505, 0.4242977797985077, 0.4542427957057953, 0.41402003169059753, 0.473962664604187, 0.41962310671806335, 0.42469555139541626, 0.4392572343349457, 0.4329946041107178, 0.654267430305481, 0.40729770064353943, 0.4076310992240906, 0.49901771545410156, 0.5816928148269653, 0.4544622302055359, 0.45965614914894104, 0.40725964307785034, 0.4537663757801056, 0.41054046154022217, 0.45081889629364014, 0.4389611780643463, 0.45408448576927185, 0.47204041481018066, 0.7135470509529114, 0.4237462282180786, 0.4086044728755951, 0.4261821508407593, 0.40908974409103394, 0.4088803231716156, 0.413125604391098, 0.4079103171825409, 0.44151294231414795, 0.40920335054397583, 0.40840163826942444, 0.47378429770469666, 0.45423150062561035, 0.413333922624588, 0.8022978901863098, 0.49523094296455383, 0.4259626865386963, 0.44341567158699036, 0.5177866220474243, 0.4119740426540375, 0.41308704018592834, 0.4169046878814697, 0.4227747321128845, 0.4169315993785858, 0.5933772325515747, 0.7617170214653015, 0.41235557198524475, 0.4360043406486511, 0.5205405950546265, 0.5686572790145874, 0.4964604079723358, 0.43313437700271606, 0.4144113063812256, 0.5948989987373352, 0.4294285476207733, 0.4186529815196991, 0.4160946011543274, 0.4105851352214813, 0.4719945192337036, 0.6685168743133545, 0.431172639131546, 0.4592384696006775, 0.6710482239723206, 0.42312705516815186, 0.5928830504417419, 0.4227147400379181, 0.5187579989433289, 0.790557324886322, 0.4524191915988922, 0.4072269797325134, 0.5141069889068604, 0.5177886486053467, 0.4131317138671875, 0.41067245602607727, 0.4281165301799774, 0.45614731311798096, 0.4586173892021179, 0.4079618453979492, 0.4292529225349426, 0.42232388257980347, 0.410851389169693, 1.016993761062622, 0.7704747915267944, 0.4097591042518616, 0.4079084098339081, 0.4441688060760498, 0.4346269965171814, 0.41479387879371643, 0.41996753215789795, 0.4082120954990387, 0.4136153757572174, 0.4213830232620239, 0.5690489411354065, 0.4225682020187378, 0.41929757595062256, 0.5181607604026794, 0.42833411693573, 0.42594361305236816, 0.4074430763721466, 0.41634583473205566, 0.5575554370880127, 0.7119140028953552, 0.4298575222492218, 0.40842217206954956, 0.4150652587413788, 0.4736310541629791, 0.42437422275543213, 0.4802623987197876, 0.48394066095352173, 0.4820771813392639, 0.5733060240745544, 0.40898796916007996, 0.4549446105957031, 0.4572029113769531, 0.4078120291233063, 0.4083902835845947, 0.4259432256221771, 0.5797232985496521, 0.4639303982257843, 0.43089672923088074, 0.4297441244125366, 0.4229263365268707, 0.43156421184539795, 0.5133453607559204, 0.5159183740615845, 0.408240407705307, 0.5198442935943604, 0.5494076013565063, 0.5459356904029846, 0.563093364238739, 0.4997202157974243, 0.48218101263046265, 0.4394512474536896, 0.4109247922897339, 0.6598992943763733, 0.5482926368713379, 0.40932533144950867, 0.5778132081031799, 0.45714297890663147, 0.5156638026237488, 0.41657334566116333, 0.44614478945732117, 0.7041648030281067, 0.7018649578094482, 0.4716510474681854, 0.4175321161746979, 0.40890824794769287, 0.4375348687171936, 0.4343719184398651, 0.5987111926078796, 0.613329291343689, 0.4081934988498688, 0.4611106812953949, 0.4394037127494812, 0.468217670917511, 0.4141593277454376, 0.407251238822937, 0.4203410744667053, 0.43292704224586487]",0.0,"[33.0, 33.0, 33.0, 33.0, 12.0, 6.0, 5.0, 5.0, 5.0, 5.0, 4.0, 4.0, 4.0, 3.0, 3.0, 3.0, 3.0, 3.0, 3.0, 3.0, 3.0, 2.0, 2.0, 1.0, 1.0, 1.0, 1.0, 1.0, 1.0, 1.0, 1.0, 1.0, 1.0, 0.0, 0.0, 0.0, 0.0, 0.0, 0.0, 0.0, 0.0, 0.0, 0.0, 0.0, 0.0, 0.0, 0.0, 0.0, 0.0, 0.0, 0.0, 0.0, 0.0, 0.0, 0.0, 0.0, 0.0, 0.0, 0.0, 0.0, 0.0, 0.0, 0.0, 0.0, 0.0, 0.0, 0.0, 0.0, 0.0, 0.0, 0.0, 0.0, 0.0, 0.0, 0.0, 0.0, 0.0, 0.0, 0.0, 0.0, 0.0, 0.0, 0.0, 0.0, 0.0, 0.0, 0.0, 0.0, 0.0, 0.0, 0.0, 0.0, 0.0, 0.0, 0.0, 0.0, 0.0, 0.0, 0.0, 0.0, 0.0, 0.0, 0.0, 0.0, 0.0, 0.0, 0.0, 0.0, 0.0, 0.0, 0.0, 0.0, 0.0, 0.0, 0.0, 0.0, 0.0, 0.0, 0.0, 0.0, 0.0, 0.0, 0.0, 0.0, 0.0, 0.0, 0.0, 0.0, 0.0, 0.0, 0.0, 0.0, 0.0, 0.0, 0.0, 0.0, 0.0, 0.0, 0.0, 0.0, 0.0, 0.0, 0.0, 0.0, 0.0, 0.0, 0.0, 0.0, 0.0, 0.0, 0.0, 0.0, 0.0, 0.0, 0.0, 0.0, 0.0, 0.0, 0.0, 0.0, 0.0, 0.0, 0.0, 0.0, 0.0, 0.0, 0.0, 0.0, 0.0, 0.0, 0.0, 0.0, 0.0, 0.0, 0.0, 0.0, 0.0, 0.0, 0.0, 0.0, 0.0, 0.0, 0.0, 0.0, 0.0, 0.0, 0.0, 0.0, 0.0, 0.0, 0.0, 0.0, 0.0, 0.0, 0.0, 0.0, 0.0, 0.0, 0.0, 0.0, 0.0, 0.0, 0.0, 0.0, 0.0, 0.0, 0.0, 0.0, 0.0, 0.0, 0.0, 0.0, 0.0, 0.0, 0.0, 0.0, 0.0, 0.0, 0.0, 0.0, 0.0, 0.0, 0.0, 0.0, 0.0, 0.0, 0.0, 0.0, 0.0, 0.0, 0.0, 0.0, 0.0, 0.0, 0.0, 0.0, 0.0, 0.0, 0.0, 0.0, 0.0, 0.0, 0.0, 0.0, 0.0, 0.0, 0.0, 0.0, 0.0, 0.0, 0.0, 0.0, 0.0, 0.0, 0.0, 0.0, 0.0, 0.0, 0.0, 0.0]",COMPLETE
