,number,value,datetime_start,datetime_complete,duration,params_batch_size_scaler,params_constant_learning_rate,params_depth,params_epochs,params_kernel_l2,params_num_trees,params_temperature,user_attrs_accuracy_test,user_attrs_accuracy_valid,user_attrs_approximate_feature_sparsity,user_attrs_approximate_feature_sparsity_history,user_attrs_approximate_weight_sparsity,user_attrs_approximate_weight_sparsity_history,user_attrs_auc_test,user_attrs_auc_valid,user_attrs_feature_sparsity,user_attrs_feature_sparsity_history,user_attrs_num_epochs,user_attrs_val_loss_history,user_attrs_weight_sparsity,user_attrs_weight_sparsity_history,state
134,134,0.5,2024-08-31 06:16:48.940967,2024-08-31 06:17:10.235137,0 days 00:00:21.294170,64,1.2085430501408618,2,190,0.017431736786143653,79,0.011458840912786558,0.859,0.85875,0,"[33, 33, 33, 33, 32, 19, 8, 3, 2, 1, 0, 0, 0, 0, 0, 0, 0, 0, 0, 0, 0, 0, 0, 0, 0, 0, 0, 0, 0, 0, 0, 0, 0, 0, 0, 0, 0, 0, 0, 0, 0, 0, 0, 0, 0, 0, 0, 0, 0, 0, 0, 0, 0, 0, 0, 0, 0, 0, 0, 0, 0, 0, 0, 0, 0, 0, 0, 0, 0, 0, 0, 0, 0, 0, 0, 0, 0, 0, 0, 0, 0, 0, 0, 0, 0, 0, 0, 0, 0, 0, 0, 0, 0, 0, 0, 0, 0, 0, 0, 0, 0, 0, 0, 0, 0, 0, 0, 0, 0, 0, 0, 0, 0, 0, 0, 0, 0, 0, 0, 0, 0, 0, 0, 0, 0, 0, 0, 0, 0, 0, 0, 0, 0, 0, 0, 0, 0, 0, 0, 0, 0, 0, 0, 0, 0, 0, 0, 0, 0, 0, 0, 0, 0, 0, 0, 0, 0, 0, 0, 0, 0, 0, 0, 0, 0, 0, 0, 0, 0, 0, 0, 0, 0, 0, 0, 0, 0, 0, 0, 0, 0, 0, 0, 0, 0, 0, 0, 0, 0, 0]",0.0,"[32.970464135021096, 32.9704641350211, 32.9620253164557, 32.983122362869196, 31.991561181434598, 18.9873417721519, 7.9957805907173, 2.9915611814345993, 2.0, 1.0, 0.0, 0.0, 0.0, 0.0, 0.0, 0.0, 0.0, 0.0, 0.0, 0.0, 0.0, 0.0, 0.0, 0.0, 0.0, 0.0, 0.0, 0.0, 0.0, 0.0, 0.0, 0.0, 0.0, 0.0, 0.0, 0.0, 0.0, 0.0, 0.0, 0.0, 0.0, 0.0, 0.0, 0.0, 0.0, 0.0, 0.0, 0.0, 0.0, 0.0, 0.0, 0.0, 0.0, 0.0, 0.0, 0.0, 0.0, 0.0, 0.0, 0.0, 0.0, 0.0, 0.0, 0.0, 0.0, 0.0, 0.0, 0.0, 0.0, 0.0, 0.0, 0.0, 0.0, 0.0, 0.0, 0.0, 0.0, 0.0, 0.0, 0.0, 0.0, 0.0, 0.0, 0.0, 0.0, 0.0, 0.0, 0.0, 0.0, 0.0, 0.0, 0.0, 0.0, 0.0, 0.0, 0.0, 0.0, 0.0, 0.0, 0.0, 0.0, 0.0, 0.0, 0.0, 0.0, 0.0, 0.0, 0.0, 0.0, 0.0, 0.0, 0.0, 0.0, 0.0, 0.0, 0.0, 0.0, 0.0, 0.0, 0.0, 0.0, 0.0, 0.0, 0.0, 0.0, 0.0, 0.0, 0.0, 0.0, 0.0, 0.0, 0.0, 0.0, 0.0, 0.0, 0.0, 0.0, 0.0, 0.0, 0.0, 0.0, 0.0, 0.0, 0.0, 0.0, 0.0, 0.0, 0.0, 0.0, 0.0, 0.0, 0.0, 0.0, 0.0, 0.0, 0.0, 0.0, 0.0, 0.0, 0.0, 0.0, 0.0, 0.0, 0.0, 0.0, 0.0, 0.0, 0.0, 0.0, 0.0, 0.0, 0.0, 0.0, 0.0, 0.0, 0.0, 0.0, 0.0, 0.0, 0.0, 0.0, 0.0, 0.0, 0.0, 0.0, 0.0, 0.0, 0.0, 0.0, 0.0]",0.5,0.5,0,"[33, 33, 33, 33, 32, 19, 8, 3, 2, 1, 0, 0, 0, 0, 0, 0, 0, 0, 0, 0, 0, 0, 0, 0, 0, 0, 0, 0, 0, 0, 0, 0, 0, 0, 0, 0, 0, 0, 0, 0, 0, 0, 0, 0, 0, 0, 0, 0, 0, 0, 0, 0, 0, 0, 0, 0, 0, 0, 0, 0, 0, 0, 0, 0, 0, 0, 0, 0, 0, 0, 0, 0, 0, 0, 0, 0, 0, 0, 0, 0, 0, 0, 0, 0, 0, 0, 0, 0, 0, 0, 0, 0, 0, 0, 0, 0, 0, 0, 0, 0, 0, 0, 0, 0, 0, 0, 0, 0, 0, 0, 0, 0, 0, 0, 0, 0, 0, 0, 0, 0, 0, 0, 0, 0, 0, 0, 0, 0, 0, 0, 0, 0, 0, 0, 0, 0, 0, 0, 0, 0, 0, 0, 0, 0, 0, 0, 0, 0, 0, 0, 0, 0, 0, 0, 0, 0, 0, 0, 0, 0, 0, 0, 0, 0, 0, 0, 0, 0, 0, 0, 0, 0, 0, 0, 0, 0, 0, 0, 0, 0, 0, 0, 0, 0, 0, 0, 0, 0, 0, 0]",190,"[1.7665834426879883, 1.5626330375671387, 1.7244224548339844, 2.857357978820801, 2.4691367149353027, 3.004317045211792, 0.7098933458328247, 1.1829688549041748, 0.6041406989097595, 2.2853903770446777, 2.7432732582092285, 3.8751540184020996, 1.0640740394592285, 0.8457669615745544, 2.6118688583374023, 4.45607852935791, 0.7969381809234619, 1.0009891986846924, 1.6599191427230835, 1.5115588903427124, 3.291158437728882, 1.6672542095184326, 1.6096374988555908, 3.7074246406555176, 2.4509308338165283, 1.9277825355529785, 1.5519871711730957, 3.619727849960327, 1.3288999795913696, 1.21845281124115, 1.4948468208312988, 3.6554880142211914, 0.8413124084472656, 1.236913800239563, 1.1977120637893677, 1.8193894624710083, 2.7508046627044678, 3.23565673828125, 1.6144300699234009, 1.8259799480438232, 1.975161075592041, 0.6770815849304199, 2.7691216468811035, 3.9876623153686523, 0.4072621166706085, 1.1257339715957642, 3.967273235321045, 0.4230153560638428, 1.8126254081726074, 1.032076358795166, 0.5268663167953491, 4.243719577789307, 0.40948665142059326, 0.4380801022052765, 3.104447603225708, 0.8828824758529663, 0.4524460732936859, 2.437333583831787, 4.434963703155518, 0.6270480155944824, 3.018080234527588, 1.0402531623840332, 3.602532386779785, 1.3391785621643066, 1.0922068357467651, 0.8924134969711304, 0.442703515291214, 0.8746733069419861, 1.104663610458374, 3.7662689685821533, 1.5632416009902954, 1.2110543251037598, 2.4688363075256348, 5.056915760040283, 1.0549781322479248, 0.4743202328681946, 2.737406015396118, 2.9474921226501465, 1.2849153280258179, 2.2371416091918945, 0.4278639853000641, 1.1127849817276, 1.401339054107666, 1.0014233589172363, 0.4632125198841095, 2.4314534664154053, 4.267722129821777, 0.43501076102256775, 1.6605708599090576, 4.249842643737793, 0.55035400390625, 3.2293121814727783, 1.6185333728790283, 1.5018420219421387, 4.190654277801514, 0.42091870307922363, 2.618443012237549, 4.33877420425415, 0.5111430883407593, 2.5830788612365723, 4.327330589294434, 0.5388763546943665, 2.8973615169525146, 1.7749438285827637, 1.6649185419082642, 3.7209253311157227, 1.7530653476715088, 1.677675485610962, 2.7059214115142822, 3.5693883895874023, 1.0167957544326782, 0.6379403471946716, 2.706296920776367, 4.005817890167236, 0.7961472868919373, 0.9129334092140198, 0.763752818107605, 0.5674054026603699, 3.5346269607543945, 0.9139146208763123, 0.481536328792572, 0.49166619777679443, 3.639925956726074, 1.4021284580230713, 1.4159258604049683, 2.178525686264038, 0.6535331010818481, 1.947285771369934, 2.1942298412323, 2.8375654220581055, 2.424278497695923, 4.658535003662109, 1.030064344406128, 0.9603244066238403, 0.4486227333545685, 1.3303827047348022, 3.0935778617858887, 0.5063124299049377, 2.4970810413360596, 4.830699443817139, 0.9722239971160889, 1.3653508424758911, 3.609515428543091, 0.47786208987236023, 1.975264310836792, 2.8259072303771973, 2.265617847442627, 2.8543102741241455, 2.5872137546539307, 3.9188437461853027, 0.4423922300338745, 2.2574331760406494, 3.096689462661743, 0.41928306221961975, 3.9854280948638916, 0.416614294052124, 0.8919066786766052, 0.7744936943054199, 2.8132312297821045, 3.1162209510803223, 2.314873695373535, 2.331404447555542, 4.226777076721191, 0.5723357796669006, 3.0893640518188477, 0.7844247221946716, 2.122133493423462, 0.6525170803070068, 0.5614571571350098, 3.7795028686523438, 1.2640119791030884, 1.3332120180130005, 2.6272528171539307, 4.4496235847473145, 0.6058194637298584, 1.9135186672210693, 0.6908419132232666, 2.5726728439331055, 4.147345542907715, 0.5446722507476807, 2.2792482376098633, 2.3745388984680176, 5.123849391937256, 1.3571258783340454, 2.403527021408081, 4.3008222579956055, 0.5568351745605469, 3.1778922080993652, 0.6352385878562927, 1.0479155778884888]",0.0,"[33.0, 33.0, 33.0, 33.0, 32.0, 19.0, 8.0, 3.0, 2.0, 1.0, 0.0, 0.0, 0.0, 0.0, 0.0, 0.0, 0.0, 0.0, 0.0, 0.0, 0.0, 0.0, 0.0, 0.0, 0.0, 0.0, 0.0, 0.0, 0.0, 0.0, 0.0, 0.0, 0.0, 0.0, 0.0, 0.0, 0.0, 0.0, 0.0, 0.0, 0.0, 0.0, 0.0, 0.0, 0.0, 0.0, 0.0, 0.0, 0.0, 0.0, 0.0, 0.0, 0.0, 0.0, 0.0, 0.0, 0.0, 0.0, 0.0, 0.0, 0.0, 0.0, 0.0, 0.0, 0.0, 0.0, 0.0, 0.0, 0.0, 0.0, 0.0, 0.0, 0.0, 0.0, 0.0, 0.0, 0.0, 0.0, 0.0, 0.0, 0.0, 0.0, 0.0, 0.0, 0.0, 0.0, 0.0, 0.0, 0.0, 0.0, 0.0, 0.0, 0.0, 0.0, 0.0, 0.0, 0.0, 0.0, 0.0, 0.0, 0.0, 0.0, 0.0, 0.0, 0.0, 0.0, 0.0, 0.0, 0.0, 0.0, 0.0, 0.0, 0.0, 0.0, 0.0, 0.0, 0.0, 0.0, 0.0, 0.0, 0.0, 0.0, 0.0, 0.0, 0.0, 0.0, 0.0, 0.0, 0.0, 0.0, 0.0, 0.0, 0.0, 0.0, 0.0, 0.0, 0.0, 0.0, 0.0, 0.0, 0.0, 0.0, 0.0, 0.0, 0.0, 0.0, 0.0, 0.0, 0.0, 0.0, 0.0, 0.0, 0.0, 0.0, 0.0, 0.0, 0.0, 0.0, 0.0, 0.0, 0.0, 0.0, 0.0, 0.0, 0.0, 0.0, 0.0, 0.0, 0.0, 0.0, 0.0, 0.0, 0.0, 0.0, 0.0, 0.0, 0.0, 0.0, 0.0, 0.0, 0.0, 0.0, 0.0, 0.0, 0.0, 0.0, 0.0, 0.0, 0.0, 0.0]",COMPLETE
135,135,0.5,2024-08-31 06:17:10.253112,2024-08-31 06:17:27.113173,0 days 00:00:16.860061,64,0.5404683543809183,1,190,0.19942203872984046,8,0.011642608112025485,0.859,0.85875,0,"[33, 12, 0, 0, 0, 0, 0, 0, 0, 0, 0, 0, 0, 0, 0, 0, 0, 0, 0, 0, 0, 0, 0, 0, 0, 0, 0, 0, 0, 0, 0, 0, 0, 0, 0, 0, 0, 0, 0, 0, 0, 0, 0, 0, 0, 0, 0, 0, 0, 0, 0, 0, 0, 0, 0, 0, 0, 0, 0, 0, 0, 0, 0, 0, 0, 0, 0, 0, 0, 0, 0, 0, 0, 0, 0, 0, 0, 0, 0, 0, 0, 0, 0, 0, 0, 0, 0, 0, 0, 0, 0, 0, 0, 0, 0, 0, 0, 0, 0, 0, 0, 0, 0, 0, 0, 0, 0, 0, 0, 0, 0, 0, 0, 0, 0, 0, 0, 0, 0, 0, 0, 0, 0, 0, 0, 0, 0, 0, 0, 0, 0, 0, 0, 0, 0, 0, 0, 0, 0, 0, 0, 0, 0, 0, 0, 0, 0, 0, 0, 0, 0, 0, 0, 0, 0, 0, 0, 0, 0, 0, 0, 0, 0, 0, 0, 0, 0, 0, 0, 0, 0, 0, 0, 0, 0, 0, 0, 0, 0, 0, 0, 0, 0, 0, 0, 0, 0, 0, 0, 0]",0.0,"[33.0, 12.0, 0.0, 0.0, 0.0, 0.0, 0.0, 0.0, 0.0, 0.0, 0.0, 0.0, 0.0, 0.0, 0.0, 0.0, 0.0, 0.0, 0.0, 0.0, 0.0, 0.0, 0.0, 0.0, 0.0, 0.0, 0.0, 0.0, 0.0, 0.0, 0.0, 0.0, 0.0, 0.0, 0.0, 0.0, 0.0, 0.0, 0.0, 0.0, 0.0, 0.0, 0.0, 0.0, 0.0, 0.0, 0.0, 0.0, 0.0, 0.0, 0.0, 0.0, 0.0, 0.0, 0.0, 0.0, 0.0, 0.0, 0.0, 0.0, 0.0, 0.0, 0.0, 0.0, 0.0, 0.0, 0.0, 0.0, 0.0, 0.0, 0.0, 0.0, 0.0, 0.0, 0.0, 0.0, 0.0, 0.0, 0.0, 0.0, 0.0, 0.0, 0.0, 0.0, 0.0, 0.0, 0.0, 0.0, 0.0, 0.0, 0.0, 0.0, 0.0, 0.0, 0.0, 0.0, 0.0, 0.0, 0.0, 0.0, 0.0, 0.0, 0.0, 0.0, 0.0, 0.0, 0.0, 0.0, 0.0, 0.0, 0.0, 0.0, 0.0, 0.0, 0.0, 0.0, 0.0, 0.0, 0.0, 0.0, 0.0, 0.0, 0.0, 0.0, 0.0, 0.0, 0.0, 0.0, 0.0, 0.0, 0.0, 0.0, 0.0, 0.0, 0.0, 0.0, 0.0, 0.0, 0.0, 0.0, 0.0, 0.0, 0.0, 0.0, 0.0, 0.0, 0.0, 0.0, 0.0, 0.0, 0.0, 0.0, 0.0, 0.0, 0.0, 0.0, 0.0, 0.0, 0.0, 0.0, 0.0, 0.0, 0.0, 0.0, 0.0, 0.0, 0.0, 0.0, 0.0, 0.0, 0.0, 0.0, 0.0, 0.0, 0.0, 0.0, 0.0, 0.0, 0.0, 0.0, 0.0, 0.0, 0.0, 0.0, 0.0, 0.0, 0.0, 0.0, 0.0, 0.0]",0.5,0.5,0,"[33, 12, 0, 0, 0, 0, 0, 0, 0, 0, 0, 0, 0, 0, 0, 0, 0, 0, 0, 0, 0, 0, 0, 0, 0, 0, 0, 0, 0, 0, 0, 0, 0, 0, 0, 0, 0, 0, 0, 0, 0, 0, 0, 0, 0, 0, 0, 0, 0, 0, 0, 0, 0, 0, 0, 0, 0, 0, 0, 0, 0, 0, 0, 0, 0, 0, 0, 0, 0, 0, 0, 0, 0, 0, 0, 0, 0, 0, 0, 0, 0, 0, 0, 0, 0, 0, 0, 0, 0, 0, 0, 0, 0, 0, 0, 0, 0, 0, 0, 0, 0, 0, 0, 0, 0, 0, 0, 0, 0, 0, 0, 0, 0, 0, 0, 0, 0, 0, 0, 0, 0, 0, 0, 0, 0, 0, 0, 0, 0, 0, 0, 0, 0, 0, 0, 0, 0, 0, 0, 0, 0, 0, 0, 0, 0, 0, 0, 0, 0, 0, 0, 0, 0, 0, 0, 0, 0, 0, 0, 0, 0, 0, 0, 0, 0, 0, 0, 0, 0, 0, 0, 0, 0, 0, 0, 0, 0, 0, 0, 0, 0, 0, 0, 0, 0, 0, 0, 0, 0, 0]",190,"[0.6650139093399048, 0.49984627962112427, 0.4076216518878937, 0.40750572085380554, 0.4072819948196411, 0.408466100692749, 0.4072340428829193, 0.40724265575408936, 0.40783369541168213, 0.4074787199497223, 0.4074382781982422, 0.40744078159332275, 0.40722838044166565, 0.407752126455307, 0.4093359112739563, 0.40784552693367004, 0.41191375255584717, 0.4072920083999634, 0.4072265326976776, 0.4116736352443695, 0.4074307382106781, 0.40728628635406494, 0.40762045979499817, 0.40923163294792175, 0.40987908840179443, 0.4077185392379761, 0.41432684659957886, 0.4075244069099426, 0.4076896011829376, 0.4074884057044983, 0.40997830033302307, 0.40743768215179443, 0.40722620487213135, 0.4074177145957947, 0.40758389234542847, 0.4077913761138916, 0.4092375636100769, 0.40942665934562683, 0.40811026096343994, 0.4077761769294739, 0.4079819619655609, 0.40789398550987244, 0.4072267413139343, 0.407246470451355, 0.4072578549385071, 0.408447802066803, 0.4094686210155487, 0.40723541378974915, 0.4078530967235565, 0.4093438684940338, 0.4073648750782013, 0.4072491526603699, 0.4072416424751282, 0.4074803292751312, 0.4072583019733429, 0.4072413742542267, 0.4078225791454315, 0.41040802001953125, 0.4076879024505615, 0.4072301983833313, 0.40722984075546265, 0.40796881914138794, 0.4072689712047577, 0.40752270817756653, 0.4077821373939514, 0.40767669677734375, 0.40737640857696533, 0.40736183524131775, 0.40729987621307373, 0.407454252243042, 0.40735653042793274, 0.4092142581939697, 0.4085298776626587, 0.4072587192058563, 0.4101145267486572, 0.4076763093471527, 0.40723666548728943, 0.4074547290802002, 0.41096946597099304, 0.41095200181007385, 0.4076230525970459, 0.4082876443862915, 0.4072261452674866, 0.40877678990364075, 0.4076463282108307, 0.4089794158935547, 0.40722665190696716, 0.4074973165988922, 0.4083057641983032, 0.40750765800476074, 0.4072273373603821, 0.4086780846118927, 0.40784144401550293, 0.4075697958469391, 0.4079122245311737, 0.40866875648498535, 0.4106110632419586, 0.40880048274993896, 0.4073654115200043, 0.4072551429271698, 0.4085278809070587, 0.4123038351535797, 0.40854063630104065, 0.4092019200325012, 0.40826597809791565, 0.4076341688632965, 0.40766966342926025, 0.4093925356864929, 0.407908171415329, 0.4073110520839691, 0.40734490752220154, 0.40905678272247314, 0.40772154927253723, 0.4085104763507843, 0.40723028779029846, 0.4083612859249115, 0.4075062572956085, 0.40789735317230225, 0.4105837345123291, 0.4075135886669159, 0.4082985818386078, 0.4072287678718567, 0.4074447751045227, 0.4078105688095093, 0.40787196159362793, 0.4076676070690155, 0.40723884105682373, 0.41080689430236816, 0.4089893400669098, 0.40925148129463196, 0.4077908992767334, 0.40766456723213196, 0.40875911712646484, 0.40870335698127747, 0.4079577624797821, 0.4072265625, 0.40825894474983215, 0.40733009576797485, 0.40752163529396057, 0.40997275710105896, 0.40782737731933594, 0.4106205105781555, 0.4082704186439514, 0.4073062539100647, 0.4075787365436554, 0.40754568576812744, 0.40722915530204773, 0.40775030851364136, 0.40747562050819397, 0.4086468517780304, 0.4089295268058777, 0.4078496992588043, 0.4073108732700348, 0.40821102261543274, 0.4112713932991028, 0.4072548747062683, 0.4072938561439514, 0.4072949290275574, 0.4073203206062317, 0.4078858494758606, 0.4078609049320221, 0.4081805348396301, 0.407601922750473, 0.4073035418987274, 0.407286137342453, 0.4075981080532074, 0.4074982702732086, 0.4072338342666626, 0.4076179563999176, 0.4077482521533966, 0.4073503017425537, 0.4107101857662201, 0.407502144575119, 0.40733325481414795, 0.4082190692424774, 0.4072508215904236, 0.4084737300872803, 0.40725868940353394, 0.40778177976608276, 0.40740886330604553, 0.4141765236854553, 0.4079216718673706, 0.407439649105072, 0.40724822878837585, 0.41087836027145386, 0.4106810688972473, 0.4075058698654175, 0.4073764681816101, 0.40734490752220154, 0.40751326084136963]",0.0,"[33.0, 12.0, 0.0, 0.0, 0.0, 0.0, 0.0, 0.0, 0.0, 0.0, 0.0, 0.0, 0.0, 0.0, 0.0, 0.0, 0.0, 0.0, 0.0, 0.0, 0.0, 0.0, 0.0, 0.0, 0.0, 0.0, 0.0, 0.0, 0.0, 0.0, 0.0, 0.0, 0.0, 0.0, 0.0, 0.0, 0.0, 0.0, 0.0, 0.0, 0.0, 0.0, 0.0, 0.0, 0.0, 0.0, 0.0, 0.0, 0.0, 0.0, 0.0, 0.0, 0.0, 0.0, 0.0, 0.0, 0.0, 0.0, 0.0, 0.0, 0.0, 0.0, 0.0, 0.0, 0.0, 0.0, 0.0, 0.0, 0.0, 0.0, 0.0, 0.0, 0.0, 0.0, 0.0, 0.0, 0.0, 0.0, 0.0, 0.0, 0.0, 0.0, 0.0, 0.0, 0.0, 0.0, 0.0, 0.0, 0.0, 0.0, 0.0, 0.0, 0.0, 0.0, 0.0, 0.0, 0.0, 0.0, 0.0, 0.0, 0.0, 0.0, 0.0, 0.0, 0.0, 0.0, 0.0, 0.0, 0.0, 0.0, 0.0, 0.0, 0.0, 0.0, 0.0, 0.0, 0.0, 0.0, 0.0, 0.0, 0.0, 0.0, 0.0, 0.0, 0.0, 0.0, 0.0, 0.0, 0.0, 0.0, 0.0, 0.0, 0.0, 0.0, 0.0, 0.0, 0.0, 0.0, 0.0, 0.0, 0.0, 0.0, 0.0, 0.0, 0.0, 0.0, 0.0, 0.0, 0.0, 0.0, 0.0, 0.0, 0.0, 0.0, 0.0, 0.0, 0.0, 0.0, 0.0, 0.0, 0.0, 0.0, 0.0, 0.0, 0.0, 0.0, 0.0, 0.0, 0.0, 0.0, 0.0, 0.0, 0.0, 0.0, 0.0, 0.0, 0.0, 0.0, 0.0, 0.0, 0.0, 0.0, 0.0, 0.0, 0.0, 0.0, 0.0, 0.0, 0.0, 0.0]",COMPLETE
