,number,value,datetime_start,datetime_complete,duration,params_batch_size_scaler,params_constant_learning_rate,params_depth,params_epochs,params_kernel_l2,params_num_trees,params_temperature,user_attrs_accuracy_test,user_attrs_accuracy_valid,user_attrs_approximate_feature_sparsity,user_attrs_approximate_feature_sparsity_history,user_attrs_approximate_weight_sparsity,user_attrs_approximate_weight_sparsity_history,user_attrs_auc_test,user_attrs_auc_valid,user_attrs_feature_sparsity,user_attrs_feature_sparsity_history,user_attrs_num_epochs,user_attrs_val_loss_history,user_attrs_weight_sparsity,user_attrs_weight_sparsity_history,state
120,120,0.5,2024-08-31 05:15:59.912125,2024-08-31 05:21:10.485356,0 days 00:05:10.573231,4,0.9099117700648074,4,410,0.0019762009610829077,35,0.025306066255811756,0.859,0.85875,0,"[0, 0, 0, 0, 0, 0, 0, 0, 0, 0, 0, 0, 0, 0, 0, 0, 0, 0, 0, 0, 0, 0, 0, 0, 0, 0, 0, 0, 0, 0, 0, 0, 0, 0, 0, 0, 0, 0, 0, 0, 0, 0, 0, 0, 0, 0, 0, 0, 0, 0, 0, 0, 0, 0, 0, 0, 0, 0, 0, 0, 0, 0, 0, 0, 0, 0, 0, 0, 0, 0, 0, 0, 0, 0, 0, 0, 0, 0, 0, 0, 0, 0, 0, 0, 0, 0, 0, 0, 0, 0, 0, 0, 0, 0, 0, 0, 0, 0, 0, 0, 0, 0, 0, 0, 0, 0, 0, 0, 0, 0, 0, 0, 0, 0, 0, 0, 0, 0, 0, 0, 0, 0, 0, 0, 0, 0, 0, 0, 0, 0, 0, 0, 0, 0, 0, 0, 0, 0, 0, 0, 0, 0, 0, 0, 0, 0, 0, 0, 0, 0, 0, 0, 0, 0, 0, 0, 0, 0, 0, 0, 0, 0, 0, 0, 0, 0, 0, 0, 0, 0, 0, 0, 0, 0, 0, 0, 0, 0, 0, 0, 0, 0, 0, 0, 0, 0, 0, 0, 0, 0, 0, 0, 0, 0, 0, 0, 0, 0, 0, 0, 0, 0, 0, 0, 0, 0, 0, 0, 0, 0, 0, 0, 0, 0, 0, 0, 0, 0, 0, 0, 0, 0, 0, 0, 0, 0, 0, 0, 0, 0, 0, 0, 0, 0, 0, 0, 0, 0, 0, 0, 0, 0, 0, 0, 0, 0, 0, 0, 0, 0, 0, 0, 0, 0, 0, 0, 0, 0, 0, 0, 0, 0, 0, 0, 0, 0, 0, 0, 0, 0, 0, 0, 0, 0, 0, 0, 0, 0, 0, 0, 0, 0, 0, 0, 0, 0, 0, 0, 0, 0, 0, 0, 0, 0, 0, 0, 0, 0, 0, 0, 0, 0, 0, 0, 0, 0, 0, 0, 0, 0, 0, 0, 0, 0, 0, 0, 0, 0, 0, 0, 0, 0, 0, 0, 0, 0, 0, 0, 0, 0, 0, 0, 0, 0, 0, 0, 0, 0, 0, 0, 0, 0, 0, 0, 0, 0, 0, 0, 0, 0, 0, 0, 0, 0, 0, 0, 0, 0, 0, 0, 0, 0, 0, 0, 0, 0, 0, 0, 0, 0, 0, 0, 0, 0, 0, 0, 0, 0, 0, 0, 0, 0, 0, 0, 0, 0, 0, 0, 0, 0, 0, 0, 0, 0, 0, 0, 0, 0, 0, 0, 0, 0, 0, 0, 0, 0, 0, 0, 0, 0]",0.0,"[0.0, 0.0, 0.0, 0.0, 0.0, 0.0, 0.0, 0.0, 0.0, 0.0, 0.0, 0.0, 0.0, 0.0, 0.0, 0.0, 0.0, 0.0, 0.0, 0.0, 0.0, 0.0, 0.0, 0.0, 0.0, 0.0, 0.0, 0.0, 0.0, 0.0, 0.0, 0.0, 0.0, 0.0, 0.0, 0.0, 0.0, 0.0, 0.0, 0.0, 0.0, 0.0, 0.0, 0.0, 0.0, 0.0, 0.0, 0.0, 0.0, 0.0, 0.0, 0.0, 0.0, 0.0, 0.0, 0.0, 0.0, 0.0, 0.0, 0.0, 0.0, 0.0, 0.0, 0.0, 0.0, 0.0, 0.0, 0.0, 0.0, 0.0, 0.0, 0.0, 0.0, 0.0, 0.0, 0.0, 0.0, 0.0, 0.0, 0.0, 0.0, 0.0, 0.0, 0.0, 0.0, 0.0, 0.0, 0.0, 0.0, 0.0, 0.0, 0.0, 0.0, 0.0, 0.0, 0.0, 0.0, 0.0, 0.0, 0.0, 0.0, 0.0, 0.0, 0.0, 0.0, 0.0, 0.0, 0.0, 0.0, 0.0, 0.0, 0.0, 0.0, 0.0, 0.0, 0.0, 0.0, 0.0, 0.0, 0.0, 0.0, 0.0, 0.0, 0.0, 0.0, 0.0, 0.0, 0.0, 0.0, 0.0, 0.0, 0.0, 0.0, 0.0, 0.0, 0.0, 0.0, 0.0, 0.0, 0.0, 0.0, 0.0, 0.0, 0.0, 0.0, 0.0, 0.0, 0.0, 0.0, 0.0, 0.0, 0.0, 0.0, 0.0, 0.0, 0.0, 0.0, 0.0, 0.0, 0.0, 0.0, 0.0, 0.0, 0.0, 0.0, 0.0, 0.0, 0.0, 0.0, 0.0, 0.0, 0.0, 0.0, 0.0, 0.0, 0.0, 0.0, 0.0, 0.0, 0.0, 0.0, 0.0, 0.0, 0.0, 0.0, 0.0, 0.0, 0.0, 0.0, 0.0, 0.0, 0.0, 0.0, 0.0, 0.0, 0.0, 0.0, 0.0, 0.0, 0.0, 0.0, 0.0, 0.0, 0.0, 0.0, 0.0, 0.0, 0.0, 0.0, 0.0, 0.0, 0.0, 0.0, 0.0, 0.0, 0.0, 0.0, 0.0, 0.0, 0.0, 0.0, 0.0, 0.0, 0.0, 0.0, 0.0, 0.0, 0.0, 0.0, 0.0, 0.0, 0.0, 0.0, 0.0, 0.0, 0.0, 0.0, 0.0, 0.0, 0.0, 0.0, 0.0, 0.0, 0.0, 0.0, 0.0, 0.0, 0.0, 0.0, 0.0, 0.0, 0.0, 0.0, 0.0, 0.0, 0.0, 0.0, 0.0, 0.0, 0.0, 0.0, 0.0, 0.0, 0.0, 0.0, 0.0, 0.0, 0.0, 0.0, 0.0, 0.0, 0.0, 0.0, 0.0, 0.0, 0.0, 0.0, 0.0, 0.0, 0.0, 0.0, 0.0, 0.0, 0.0, 0.0, 0.0, 0.0, 0.0, 0.0, 0.0, 0.0, 0.0, 0.0, 0.0, 0.0, 0.0, 0.0, 0.0, 0.0, 0.0, 0.0, 0.0, 0.0, 0.0, 0.0, 0.0, 0.0, 0.0, 0.0, 0.0, 0.0, 0.0, 0.0, 0.0, 0.0, 0.0, 0.0, 0.0, 0.0, 0.0, 0.0, 0.0, 0.0, 0.0, 0.0, 0.0, 0.0, 0.0, 0.0, 0.0, 0.0, 0.0, 0.0, 0.0, 0.0, 0.0, 0.0, 0.0, 0.0, 0.0, 0.0, 0.0, 0.0, 0.0, 0.0, 0.0, 0.0, 0.0, 0.0, 0.0, 0.0, 0.0, 0.0, 0.0, 0.0, 0.0, 0.0, 0.0, 0.0, 0.0, 0.0, 0.0, 0.0, 0.0, 0.0, 0.0, 0.0, 0.0, 0.0, 0.0, 0.0, 0.0, 0.0, 0.0, 0.0, 0.0, 0.0, 0.0, 0.0, 0.0, 0.0, 0.0, 0.0, 0.0, 0.0, 0.0, 0.0, 0.0, 0.0, 0.0, 0.0, 0.0, 0.0, 0.0, 0.0, 0.0, 0.0, 0.0, 0.0, 0.0, 0.0, 0.0, 0.0, 0.0, 0.0, 0.0, 0.0, 0.0, 0.0, 0.0]",0.5,0.5,0,"[0, 0, 0, 0, 0, 0, 0, 0, 0, 0, 0, 0, 0, 0, 0, 0, 0, 0, 0, 0, 0, 0, 0, 0, 0, 0, 0, 0, 0, 0, 0, 0, 0, 0, 0, 0, 0, 0, 0, 0, 0, 0, 0, 0, 0, 0, 0, 0, 0, 0, 0, 0, 0, 0, 0, 0, 0, 0, 0, 0, 0, 0, 0, 0, 0, 0, 0, 0, 0, 0, 0, 0, 0, 0, 0, 0, 0, 0, 0, 0, 0, 0, 0, 0, 0, 0, 0, 0, 0, 0, 0, 0, 0, 0, 0, 0, 0, 0, 0, 0, 0, 0, 0, 0, 0, 0, 0, 0, 0, 0, 0, 0, 0, 0, 0, 0, 0, 0, 0, 0, 0, 0, 0, 0, 0, 0, 0, 0, 0, 0, 0, 0, 0, 0, 0, 0, 0, 0, 0, 0, 0, 0, 0, 0, 0, 0, 0, 0, 0, 0, 0, 0, 0, 0, 0, 0, 0, 0, 0, 0, 0, 0, 0, 0, 0, 0, 0, 0, 0, 0, 0, 0, 0, 0, 0, 0, 0, 0, 0, 0, 0, 0, 0, 0, 0, 0, 0, 0, 0, 0, 0, 0, 0, 0, 0, 0, 0, 0, 0, 0, 0, 0, 0, 0, 0, 0, 0, 0, 0, 0, 0, 0, 0, 0, 0, 0, 0, 0, 0, 0, 0, 0, 0, 0, 0, 0, 0, 0, 0, 0, 0, 0, 0, 0, 0, 0, 0, 0, 0, 0, 0, 0, 0, 0, 0, 0, 0, 0, 0, 0, 0, 0, 0, 0, 0, 0, 0, 0, 0, 0, 0, 0, 0, 0, 0, 0, 0, 0, 0, 0, 0, 0, 0, 0, 0, 0, 0, 0, 0, 0, 0, 0, 0, 0, 0, 0, 0, 0, 0, 0, 0, 0, 0, 0, 0, 0, 0, 0, 0, 0, 0, 0, 0, 0, 0, 0, 0, 0, 0, 0, 0, 0, 0, 0, 0, 0, 0, 0, 0, 0, 0, 0, 0, 0, 0, 0, 0, 0, 0, 0, 0, 0, 0, 0, 0, 0, 0, 0, 0, 0, 0, 0, 0, 0, 0, 0, 0, 0, 0, 0, 0, 0, 0, 0, 0, 0, 0, 0, 0, 0, 0, 0, 0, 0, 0, 0, 0, 0, 0, 0, 0, 0, 0, 0, 0, 0, 0, 0, 0, 0, 0, 0, 0, 0, 0, 0, 0, 0, 0, 0, 0, 0, 0, 0, 0, 0, 0, 0, 0, 0, 0, 0, 0, 0, 0, 0, 0, 0, 0, 0]",410,"[0.4081151485443115, 0.4073810577392578, 0.41063499450683594, 0.4072269797325134, 0.40748727321624756, 0.408467561006546, 0.41035187244415283, 0.4084080457687378, 0.41182658076286316, 0.40963053703308105, 0.4155738055706024, 0.4087304174900055, 0.4075988829135895, 0.4172244668006897, 0.40845951437950134, 0.40723228454589844, 0.4153222143650055, 0.40744391083717346, 0.4077438712120056, 0.4078720211982727, 0.4079441726207733, 0.42796090245246887, 0.41051483154296875, 0.41367650032043457, 0.4072265326976776, 0.4072789251804352, 0.40872713923454285, 0.4108438193798065, 0.40725383162498474, 0.4097510278224945, 0.4072863757610321, 0.40936753153800964, 0.4096890985965729, 0.4072362184524536, 0.40819159150123596, 0.40742141008377075, 0.408089280128479, 0.41423851251602173, 0.40805184841156006, 0.40946322679519653, 0.407321959733963, 0.40836766362190247, 0.40764424204826355, 0.40751922130584717, 0.408901572227478, 0.41412249207496643, 0.4075203835964203, 0.41852977871894836, 0.4073154330253601, 0.40758830308914185, 0.4125556945800781, 0.407444566488266, 0.4083024263381958, 0.40725937485694885, 0.4078415632247925, 0.40966174006462097, 0.41178813576698303, 0.40972667932510376, 0.4072416424751282, 0.40802887082099915, 0.4088781476020813, 0.40747401118278503, 0.4095304012298584, 0.41345471143722534, 0.4073941111564636, 0.41257140040397644, 0.41040828824043274, 0.4072532653808594, 0.4095282256603241, 0.40734097361564636, 0.41093677282333374, 0.4076836407184601, 0.40799498558044434, 0.4092904329299927, 0.4089941382408142, 0.40818721055984497, 0.40814340114593506, 0.40811312198638916, 0.40730082988739014, 0.4151604175567627, 0.40984129905700684, 0.40758976340293884, 0.4082622826099396, 0.40874984860420227, 0.4085123538970947, 0.40828511118888855, 0.408960223197937, 0.408396452665329, 0.41008225083351135, 0.40972843766212463, 0.4100549817085266, 0.41130244731903076, 0.41152316331863403, 0.40858858823776245, 0.4212721586227417, 0.4077141582965851, 0.407791405916214, 0.4082360863685608, 0.4072365462779999, 0.40820935368537903, 0.4074544906616211, 0.407295823097229, 0.4090515077114105, 0.4077983498573303, 0.4075453281402588, 0.42052799463272095, 0.4086092710494995, 0.40773218870162964, 0.41264456510543823, 0.4077531397342682, 0.40815749764442444, 0.4223036468029022, 0.4117107689380646, 0.407777339220047, 0.409435510635376, 0.40877437591552734, 0.41036415100097656, 0.4076872766017914, 0.4073941707611084, 0.4124394357204437, 0.4072633683681488, 0.4073396325111389, 0.40755653381347656, 0.4072794020175934, 0.4174253046512604, 0.4089738428592682, 0.40730154514312744, 0.408173143863678, 0.4073168933391571, 0.40737465023994446, 0.41022950410842896, 0.4072578549385071, 0.40732166171073914, 0.4074808955192566, 0.40821486711502075, 0.4084465801715851, 0.4136577248573303, 0.4119291305541992, 0.41090014576911926, 0.4072386920452118, 0.40783771872520447, 0.4089528024196625, 0.4074673354625702, 0.4073152542114258, 0.4083079397678375, 0.4073810577392578, 0.4118689000606537, 0.40740370750427246, 0.4163905084133148, 0.40799346566200256, 0.407943457365036, 0.4073246717453003, 0.41123372316360474, 0.40797436237335205, 0.4168130159378052, 0.4074561297893524, 0.40932604670524597, 0.40906596183776855, 0.4074139893054962, 0.40795883536338806, 0.40931978821754456, 0.40857258439064026, 0.4085195064544678, 0.407291442155838, 0.4107551872730255, 0.40734708309173584, 0.4074449837207794, 0.4083307683467865, 0.40728116035461426, 0.40726563334465027, 0.40741482377052307, 0.4073003828525543, 0.4097782075405121, 0.4104366600513458, 0.4072311818599701, 0.40816593170166016, 0.40723666548728943, 0.40722617506980896, 0.4092002213001251, 0.4087446331977844, 0.4166668653488159, 0.4094875454902649, 0.41200026869773865, 0.4080635905265808, 0.41116783022880554, 0.4073610007762909, 0.4089495837688446, 0.40773093700408936, 0.4073837399482727, 0.4081040620803833, 0.4101136028766632, 0.4076223075389862, 0.4100605845451355, 0.4101211130619049, 0.4103509485721588, 0.40722838044166565, 0.407963365316391, 0.4100467264652252, 0.409827321767807, 0.41040879487991333, 0.40915435552597046, 0.41423743963241577, 0.40857160091400146, 0.40839213132858276, 0.4163462817668915, 0.40999314188957214, 0.42521044611930847, 0.4093550741672516, 0.40727633237838745, 0.41033121943473816, 0.4082648754119873, 0.4224938154220581, 0.40920281410217285, 0.4115756154060364, 0.4087522625923157, 0.40723323822021484, 0.4083530008792877, 0.4084884524345398, 0.40733349323272705, 0.42644622921943665, 0.4103904366493225, 0.41130879521369934, 0.40845975279808044, 0.4072263240814209, 0.40763023495674133, 0.4116503596305847, 0.40764400362968445, 0.40803924202919006, 0.41294538974761963, 0.40764302015304565, 0.4080374240875244, 0.40748146176338196, 0.41347503662109375, 0.40868061780929565, 0.4084163010120392, 0.4078124761581421, 0.41885754466056824, 0.40722644329071045, 0.4073551297187805, 0.40744316577911377, 0.40762919187545776, 0.4085938334465027, 0.40892359614372253, 0.4179411232471466, 0.40726199746131897, 0.41265884041786194, 0.40751296281814575, 0.4091848134994507, 0.4164903163909912, 0.4072885513305664, 0.41063162684440613, 0.40732231736183167, 0.4079705774784088, 0.40731650590896606, 0.40838301181793213, 0.41030243039131165, 0.4072352945804596, 0.4167202413082123, 0.40755417943000793, 0.4072609841823578, 0.4083130657672882, 0.4072403609752655, 0.4078001081943512, 0.4076501131057739, 0.40740424394607544, 0.4073093831539154, 0.4074462652206421, 0.4146302044391632, 0.40733224153518677, 0.4176159203052521, 0.408127099275589, 0.40980708599090576, 0.41485586762428284, 0.4077789783477783, 0.4073020815849304, 0.40773624181747437, 0.41047751903533936, 0.4075266122817993, 0.40748295187950134, 0.4076204299926758, 0.4114227294921875, 0.41216132044792175, 0.4147599935531616, 0.4084179997444153, 0.40905389189720154, 0.4139802157878876, 0.4074114263057709, 0.40743327140808105, 0.40742218494415283, 0.407434344291687, 0.4118085503578186, 0.4099935293197632, 0.4082471430301666, 0.41073694825172424, 0.4072388708591461, 0.40748217701911926, 0.40863585472106934, 0.40783214569091797, 0.411601722240448, 0.4072611927986145, 0.40932467579841614, 0.41830313205718994, 0.407377153635025, 0.4077242910861969, 0.41043660044670105, 0.4075273275375366, 0.4072611927986145, 0.407327800989151, 0.4136345684528351, 0.40773311257362366, 0.42064186930656433, 0.4072261452674866, 0.407387912273407, 0.40784457325935364, 0.40778282284736633, 0.4072498083114624, 0.4074935019016266, 0.41103580594062805, 0.4149172902107239, 0.40751415491104126, 0.4077059030532837, 0.4084247350692749, 0.4072693884372711, 0.4150131344795227, 0.4107109010219574, 0.40777015686035156, 0.409081369638443, 0.412657767534256, 0.41248080134391785, 0.40977561473846436, 0.40765875577926636, 0.4073922634124756, 0.40975648164749146, 0.4076312184333801, 0.4074355363845825, 0.40803322196006775, 0.4073620140552521, 0.40745681524276733, 0.42327141761779785, 0.407765656709671, 0.41592323780059814, 0.4075993299484253, 0.41013580560684204, 0.40738269686698914, 0.411714106798172, 0.41011786460876465, 0.40883123874664307, 0.4168606698513031, 0.4072476625442505, 0.40728622674942017, 0.4108274579048157, 0.40973973274230957, 0.4176841378211975, 0.40804436802864075, 0.4080266058444977, 0.409525603055954, 0.4072631895542145, 0.4098154902458191, 0.41082507371902466, 0.4122096002101898, 0.4087406098842621, 0.4073595106601715, 0.40835288166999817, 0.40954330563545227, 0.4073287844657898, 0.40799859166145325, 0.40865886211395264, 0.4103299677371979, 0.4085180163383484, 0.40779197216033936, 0.4099326729774475, 0.40728721022605896, 0.407357394695282, 0.4075551927089691, 0.40739384293556213, 0.40764981508255005, 0.4121219515800476, 0.407260537147522, 0.40761566162109375, 0.4074462056159973, 0.40723490715026855, 0.40744659304618835, 0.4080203175544739, 0.41048455238342285, 0.4127277731895447, 0.40751200914382935, 0.4089333415031433, 0.40728437900543213, 0.4096044898033142, 0.4073219299316406, 0.40852856636047363, 0.407390832901001, 0.4081268608570099, 0.41369637846946716, 0.4072270691394806, 0.4073687493801117, 0.40895867347717285, 0.40830832719802856, 0.40822386741638184, 0.40913060307502747, 0.4073448181152344, 0.40758922696113586, 0.4077533483505249, 0.40849414467811584, 0.40933409333229065, 0.41586437821388245, 0.41083332896232605, 0.4072316884994507, 0.40759947896003723, 0.4072268009185791]",0.0,"[0.0, 0.0, 0.0, 0.0, 0.0, 0.0, 0.0, 0.0, 0.0, 0.0, 0.0, 0.0, 0.0, 0.0, 0.0, 0.0, 0.0, 0.0, 0.0, 0.0, 0.0, 0.0, 0.0, 0.0, 0.0, 0.0, 0.0, 0.0, 0.0, 0.0, 0.0, 0.0, 0.0, 0.0, 0.0, 0.0, 0.0, 0.0, 0.0, 0.0, 0.0, 0.0, 0.0, 0.0, 0.0, 0.0, 0.0, 0.0, 0.0, 0.0, 0.0, 0.0, 0.0, 0.0, 0.0, 0.0, 0.0, 0.0, 0.0, 0.0, 0.0, 0.0, 0.0, 0.0, 0.0, 0.0, 0.0, 0.0, 0.0, 0.0, 0.0, 0.0, 0.0, 0.0, 0.0, 0.0, 0.0, 0.0, 0.0, 0.0, 0.0, 0.0, 0.0, 0.0, 0.0, 0.0, 0.0, 0.0, 0.0, 0.0, 0.0, 0.0, 0.0, 0.0, 0.0, 0.0, 0.0, 0.0, 0.0, 0.0, 0.0, 0.0, 0.0, 0.0, 0.0, 0.0, 0.0, 0.0, 0.0, 0.0, 0.0, 0.0, 0.0, 0.0, 0.0, 0.0, 0.0, 0.0, 0.0, 0.0, 0.0, 0.0, 0.0, 0.0, 0.0, 0.0, 0.0, 0.0, 0.0, 0.0, 0.0, 0.0, 0.0, 0.0, 0.0, 0.0, 0.0, 0.0, 0.0, 0.0, 0.0, 0.0, 0.0, 0.0, 0.0, 0.0, 0.0, 0.0, 0.0, 0.0, 0.0, 0.0, 0.0, 0.0, 0.0, 0.0, 0.0, 0.0, 0.0, 0.0, 0.0, 0.0, 0.0, 0.0, 0.0, 0.0, 0.0, 0.0, 0.0, 0.0, 0.0, 0.0, 0.0, 0.0, 0.0, 0.0, 0.0, 0.0, 0.0, 0.0, 0.0, 0.0, 0.0, 0.0, 0.0, 0.0, 0.0, 0.0, 0.0, 0.0, 0.0, 0.0, 0.0, 0.0, 0.0, 0.0, 0.0, 0.0, 0.0, 0.0, 0.0, 0.0, 0.0, 0.0, 0.0, 0.0, 0.0, 0.0, 0.0, 0.0, 0.0, 0.0, 0.0, 0.0, 0.0, 0.0, 0.0, 0.0, 0.0, 0.0, 0.0, 0.0, 0.0, 0.0, 0.0, 0.0, 0.0, 0.0, 0.0, 0.0, 0.0, 0.0, 0.0, 0.0, 0.0, 0.0, 0.0, 0.0, 0.0, 0.0, 0.0, 0.0, 0.0, 0.0, 0.0, 0.0, 0.0, 0.0, 0.0, 0.0, 0.0, 0.0, 0.0, 0.0, 0.0, 0.0, 0.0, 0.0, 0.0, 0.0, 0.0, 0.0, 0.0, 0.0, 0.0, 0.0, 0.0, 0.0, 0.0, 0.0, 0.0, 0.0, 0.0, 0.0, 0.0, 0.0, 0.0, 0.0, 0.0, 0.0, 0.0, 0.0, 0.0, 0.0, 0.0, 0.0, 0.0, 0.0, 0.0, 0.0, 0.0, 0.0, 0.0, 0.0, 0.0, 0.0, 0.0, 0.0, 0.0, 0.0, 0.0, 0.0, 0.0, 0.0, 0.0, 0.0, 0.0, 0.0, 0.0, 0.0, 0.0, 0.0, 0.0, 0.0, 0.0, 0.0, 0.0, 0.0, 0.0, 0.0, 0.0, 0.0, 0.0, 0.0, 0.0, 0.0, 0.0, 0.0, 0.0, 0.0, 0.0, 0.0, 0.0, 0.0, 0.0, 0.0, 0.0, 0.0, 0.0, 0.0, 0.0, 0.0, 0.0, 0.0, 0.0, 0.0, 0.0, 0.0, 0.0, 0.0, 0.0, 0.0, 0.0, 0.0, 0.0, 0.0, 0.0, 0.0, 0.0, 0.0, 0.0, 0.0, 0.0, 0.0, 0.0, 0.0, 0.0, 0.0, 0.0, 0.0, 0.0, 0.0, 0.0, 0.0, 0.0, 0.0, 0.0, 0.0, 0.0, 0.0, 0.0, 0.0, 0.0, 0.0, 0.0, 0.0, 0.0, 0.0, 0.0, 0.0, 0.0, 0.0, 0.0, 0.0, 0.0, 0.0, 0.0, 0.0, 0.0, 0.0, 0.0, 0.0, 0.0, 0.0, 0.0, 0.0, 0.0, 0.0, 0.0, 0.0]",COMPLETE
121,121,0.5,2024-08-31 05:21:14.178936,2024-08-31 05:21:47.439362,0 days 00:00:33.260426,4,0.7611708260032125,2,75,0.2088225420332511,51,0.005047522302017606,0.859,0.85875,0,"[33, 1, 1, 0, 0, 0, 0, 0, 0, 0, 0, 0, 0, 0, 0, 0, 0, 0, 0, 0, 0, 0, 0, 0, 0, 0, 0, 0, 0, 0, 0, 0, 0, 0, 0, 0, 0, 0, 0, 0, 0, 0, 0, 0, 0, 0, 0, 0, 0, 0, 0, 0, 0, 0, 0, 0, 0, 0, 0, 0, 0, 0, 0, 0, 0, 0, 0, 0, 0, 0, 0, 0, 0, 0, 0]",0.0,"[32.99346405228758, 1.0, 1.0, 0.0, 0.0, 0.0, 0.0, 0.0, 0.0, 0.0, 0.0, 0.0, 0.0, 0.0, 0.0, 0.0, 0.0, 0.0, 0.0, 0.0, 0.0, 0.0, 0.0, 0.0, 0.0, 0.0, 0.0, 0.0, 0.0, 0.0, 0.0, 0.0, 0.0, 0.0, 0.0, 0.0, 0.0, 0.0, 0.0, 0.0, 0.0, 0.0, 0.0, 0.0, 0.0, 0.0, 0.0, 0.0, 0.0, 0.0, 0.0, 0.0, 0.0, 0.0, 0.0, 0.0, 0.0, 0.0, 0.0, 0.0, 0.0, 0.0, 0.0, 0.0, 0.0, 0.0, 0.0, 0.0, 0.0, 0.0, 0.0, 0.0, 0.0, 0.0, 0.0]",0.5,0.5,0,"[33, 1, 1, 0, 0, 0, 0, 0, 0, 0, 0, 0, 0, 0, 0, 0, 0, 0, 0, 0, 0, 0, 0, 0, 0, 0, 0, 0, 0, 0, 0, 0, 0, 0, 0, 0, 0, 0, 0, 0, 0, 0, 0, 0, 0, 0, 0, 0, 0, 0, 0, 0, 0, 0, 0, 0, 0, 0, 0, 0, 0, 0, 0, 0, 0, 0, 0, 0, 0, 0, 0, 0, 0, 0, 0]",75,"[0.4385128319263458, 0.40174922347068787, 0.40246427059173584, 0.4300500452518463, 0.43250373005867004, 0.4617847502231598, 0.4364483654499054, 0.7613584995269775, 0.4189883768558502, 0.4285750687122345, 0.8480740189552307, 0.42427700757980347, 0.6011508107185364, 0.60057532787323, 0.4759431779384613, 0.5993866920471191, 0.6384770274162292, 0.46222710609436035, 0.4102267324924469, 1.1086647510528564, 0.409371018409729, 0.48953238129615784, 0.5230055451393127, 0.41173994541168213, 0.4196827709674835, 0.41907966136932373, 0.6386747360229492, 0.46386608481407166, 0.43530529737472534, 0.459442675113678, 0.43599891662597656, 0.5801738500595093, 0.4124704599380493, 1.2366938591003418, 1.1809980869293213, 0.5713250637054443, 0.4304460883140564, 0.44928452372550964, 0.5178520083427429, 0.5293654799461365, 0.6046909093856812, 0.7792102694511414, 0.42649850249290466, 0.5424835681915283, 0.42233967781066895, 0.7005313634872437, 0.41378509998321533, 0.7485560774803162, 0.7140931487083435, 0.40967491269111633, 1.530423641204834, 0.47906753420829773, 0.6374934315681458, 0.5362915396690369, 0.5266273617744446, 0.40964967012405396, 0.41849231719970703, 0.4180366098880768, 0.46542608737945557, 0.5272877216339111, 0.4738326966762543, 0.4328117072582245, 0.4989696741104126, 0.8856192231178284, 0.5223355293273926, 0.836704432964325, 0.5366994142532349, 0.4693925976753235, 0.9554861187934875, 0.421487957239151, 0.4082210063934326, 1.0940948724746704, 0.4751938283443451, 0.524529218673706, 0.4294399917125702]",0.0,"[33.0, 1.0, 1.0, 0.0, 0.0, 0.0, 0.0, 0.0, 0.0, 0.0, 0.0, 0.0, 0.0, 0.0, 0.0, 0.0, 0.0, 0.0, 0.0, 0.0, 0.0, 0.0, 0.0, 0.0, 0.0, 0.0, 0.0, 0.0, 0.0, 0.0, 0.0, 0.0, 0.0, 0.0, 0.0, 0.0, 0.0, 0.0, 0.0, 0.0, 0.0, 0.0, 0.0, 0.0, 0.0, 0.0, 0.0, 0.0, 0.0, 0.0, 0.0, 0.0, 0.0, 0.0, 0.0, 0.0, 0.0, 0.0, 0.0, 0.0, 0.0, 0.0, 0.0, 0.0, 0.0, 0.0, 0.0, 0.0, 0.0, 0.0, 0.0, 0.0, 0.0, 0.0, 0.0]",COMPLETE
