,number,value,datetime_start,datetime_complete,duration,params_batch_size_scaler,params_constant_learning_rate,params_depth,params_epochs,params_kernel_l2,params_num_trees,params_temperature,user_attrs_accuracy_test,user_attrs_accuracy_valid,user_attrs_approximate_feature_sparsity,user_attrs_approximate_feature_sparsity_history,user_attrs_approximate_weight_sparsity,user_attrs_approximate_weight_sparsity_history,user_attrs_auc_test,user_attrs_auc_valid,user_attrs_feature_sparsity,user_attrs_feature_sparsity_history,user_attrs_num_epochs,user_attrs_val_loss_history,user_attrs_weight_sparsity,user_attrs_weight_sparsity_history,state
141,141,0.9099457690870915,2024-08-31 06:25:56.240700,2024-08-31 06:26:16.739061,0 days 00:00:20.498361,4,0.06008979196976474,2,70,0.0037993462764961956,7,0.011386793315614815,0.923,0.91125,33,"[33, 33, 33, 33, 33, 33, 33, 33, 33, 33, 33, 33, 33, 33, 33, 33, 33, 33, 33, 33, 33, 33, 33, 33, 33, 33, 33, 33, 33, 33, 33, 33, 33, 33, 33, 33, 33, 33, 33, 33, 33, 33, 33, 33, 33, 33, 33, 33, 33, 33, 33, 33, 33, 33, 33, 33, 33, 33, 33, 33, 33, 33, 33, 33, 33, 33, 33, 33, 33, 33]",33.0,"[33.0, 33.0, 33.0, 32.904761904761905, 33.0, 33.0, 33.0, 33.0, 32.95238095238095, 33.0, 33.0, 33.0, 33.0, 33.0, 33.0, 32.95238095238095, 33.0, 33.0, 33.0, 33.0, 33.0, 33.0, 33.0, 33.0, 33.0, 33.0, 32.95238095238095, 33.0, 33.0, 33.0, 33.0, 33.0, 33.0, 33.0, 33.0, 33.0, 33.0, 32.95238095238095, 33.0, 33.0, 33.0, 33.0, 33.0, 33.0, 33.0, 33.0, 33.0, 33.0, 33.0, 32.95238095238095, 33.0, 33.0, 32.95238095238095, 33.0, 33.0, 32.95238095238095, 32.95238095238095, 33.0, 33.0, 33.0, 33.0, 33.0, 33.0, 33.0, 32.95238095238095, 33.0, 32.95238095238095, 33.0, 33.0, 33.0]",0.8986946721819037,0.9099457690870915,33,"[33, 33, 33, 33, 33, 33, 33, 33, 33, 33, 33, 33, 33, 33, 33, 33, 33, 33, 33, 33, 33, 33, 33, 33, 33, 33, 33, 33, 33, 33, 33, 33, 33, 33, 33, 33, 33, 33, 33, 33, 33, 33, 33, 33, 33, 33, 33, 33, 33, 33, 33, 33, 33, 33, 33, 33, 33, 33, 33, 33, 33, 33, 33, 33, 33, 33, 33, 33, 33, 33]",70,"[0.4287654757499695, 0.4023050367832184, 0.39039382338523865, 0.3822707235813141, 0.3762083947658539, 0.37113937735557556, 0.3665558099746704, 0.3622031807899475, 0.35794976353645325, 0.35382094979286194, 0.3493861258029938, 0.3451023995876312, 0.3407629132270813, 0.3364863693714142, 0.33203354477882385, 0.32791173458099365, 0.32391291856765747, 0.3201928436756134, 0.3161580264568329, 0.3123377561569214, 0.30856648087501526, 0.3051918148994446, 0.3019675612449646, 0.2988433241844177, 0.2955261766910553, 0.2927148938179016, 0.28990083932876587, 0.28711187839508057, 0.2842949330806732, 0.28168511390686035, 0.27932974696159363, 0.27713003754615784, 0.2750920057296753, 0.27259451150894165, 0.2706812918186188, 0.2686622142791748, 0.26712942123413086, 0.2650810480117798, 0.26291438937187195, 0.26131516695022583, 0.2597886025905609, 0.2591360807418823, 0.25721022486686707, 0.25540414452552795, 0.25388669967651367, 0.2525791823863983, 0.25155478715896606, 0.2501322031021118, 0.248968243598938, 0.24768392741680145, 0.24680037796497345, 0.24549396336078644, 0.24436046183109283, 0.24327263236045837, 0.24242271482944489, 0.24164558947086334, 0.24032729864120483, 0.23949553072452545, 0.23925986886024475, 0.23802682757377625, 0.23655276000499725, 0.23557840287685394, 0.23514163494110107, 0.23436853289604187, 0.23344391584396362, 0.23324623703956604, 0.23215776681900024, 0.23144052922725677, 0.23103207349777222, 0.23038934171199799]",33.0,"[33.0, 33.0, 33.0, 33.0, 33.0, 33.0, 33.0, 33.0, 33.0, 33.0, 33.0, 33.0, 33.0, 33.0, 33.0, 33.0, 33.0, 33.0, 33.0, 33.0, 33.0, 33.0, 33.0, 33.0, 33.0, 33.0, 33.0, 33.0, 33.0, 33.0, 33.0, 33.0, 33.0, 33.0, 33.0, 33.0, 33.0, 33.0, 33.0, 33.0, 33.0, 33.0, 33.0, 33.0, 33.0, 33.0, 33.0, 33.0, 33.0, 33.0, 33.0, 33.0, 33.0, 33.0, 33.0, 33.0, 33.0, 33.0, 33.0, 33.0, 33.0, 33.0, 33.0, 33.0, 33.0, 33.0, 33.0, 33.0, 33.0, 33.0]",COMPLETE
