,number,value,datetime_start,datetime_complete,duration,params_batch_size_scaler,params_constant_learning_rate,params_depth,params_epochs,params_kernel_l2,params_num_trees,params_temperature,user_attrs_accuracy_test,user_attrs_accuracy_valid,user_attrs_approximate_feature_sparsity,user_attrs_approximate_feature_sparsity_history,user_attrs_approximate_weight_sparsity,user_attrs_approximate_weight_sparsity_history,user_attrs_auc_test,user_attrs_auc_valid,user_attrs_feature_sparsity,user_attrs_feature_sparsity_history,user_attrs_num_epochs,user_attrs_val_loss_history,user_attrs_weight_sparsity,user_attrs_weight_sparsity_history,state
175,175,0.7405933196789942,2024-08-31 07:28:57.695312,2024-08-31 07:37:25.112875,0 days 00:08:27.417563,16,0.02905870619677991,6,480,0.004193128794255136,32,0.02319557597566928,0.882,0.87875,33,"[33, 33, 33, 33, 33, 33, 33, 33, 33, 33, 33, 33, 33, 33, 33, 33, 33, 33, 33, 33, 33, 33, 33, 33, 33, 33, 33, 33, 33, 33, 33, 33, 33, 33, 33, 33, 33, 33, 33, 33, 33, 33, 33, 33, 33, 33, 33, 33, 33, 33, 33, 33, 33, 33, 33, 33, 33, 33, 33, 33, 33, 33, 33, 33, 33, 33, 33, 33, 33, 33, 33, 33, 33, 33, 33, 33, 33, 33, 33, 33, 33, 33, 33, 33, 33, 33, 33, 33, 33, 33, 33, 33, 33, 33, 33, 33, 33, 33, 33, 33, 33, 33, 33, 33, 33, 33, 33, 33, 33, 33, 33, 33, 33, 33, 33, 33, 33, 33, 33, 33, 33, 33, 33, 33, 33, 33, 33, 33, 33, 33, 33, 33, 33, 33, 33, 33, 33, 33, 33, 33, 33, 33, 33, 33, 33, 33, 33, 33, 33, 33, 33, 33, 33, 33, 33, 33, 33, 33, 33, 33, 33, 33, 33, 33, 33, 33, 33, 33, 33, 33, 33, 33, 33, 33, 33, 33, 33, 33, 33, 33, 33, 33, 33, 33, 33, 33, 33, 33, 33, 33, 33, 33, 33, 33, 33, 33, 33, 33, 33, 33, 33, 33, 33, 33, 33, 33, 33, 33, 33, 33, 33, 33, 33, 33, 33, 33, 33, 33, 33, 33, 33, 33, 33, 33, 33, 33, 33, 33, 33, 33, 33, 33, 33, 33, 33, 33, 33, 33, 33, 33, 33, 33, 33, 33, 33, 33, 33, 33, 33, 33, 33, 33, 33, 33, 33, 33, 33, 33, 33, 33, 33, 33, 33, 33, 33, 33, 33, 33, 33, 33, 33, 33, 33, 33, 33, 33, 33, 33, 33, 33, 33, 33, 33, 33, 33, 33, 33, 33, 33, 33, 33, 33, 33, 33, 33, 33, 33, 33, 33, 33, 33, 33, 33, 33, 33, 33, 33, 33, 33, 33, 33, 33, 33, 33, 33, 33, 33, 33, 33, 33, 33, 33, 33, 33, 33, 33, 33, 33, 33, 33, 33, 33, 33, 33, 33, 33, 33, 33, 33, 33, 33, 33, 33, 33, 33, 33, 33, 33, 33, 33, 33, 33, 33, 33, 33, 33, 33, 33, 33, 33, 33, 33, 33, 33, 33, 33, 33, 33, 33, 33, 33, 33, 33, 33, 33, 33, 33, 33, 33, 33, 33, 33, 33, 33, 33, 33, 33, 33, 33, 33, 33, 33, 33, 33, 33, 33, 33, 33, 33, 33, 33, 33, 33, 33, 33, 33, 33, 33, 33, 33, 33, 33, 33, 33, 33, 33, 33, 33, 33, 33, 33, 33, 33, 33, 33, 33, 33, 33, 33, 33, 33, 33, 33, 33, 33, 33, 33, 33, 33, 33, 33, 33, 33, 33, 33, 33, 33, 33, 33, 33, 33, 33, 33, 33, 33, 33, 33, 33, 33, 33, 33, 33, 33, 33, 33, 33, 33, 33, 33, 33, 33, 33, 33, 33, 33, 33, 33, 33, 33, 33]",32.933035714285715,"[32.93353174603175, 32.93501984126984, 32.93948412698413, 32.94047619047619, 32.93551587301587, 32.93799603174603, 32.93551587301587, 32.93948412698413, 32.942460317460316, 32.94146825396825, 32.942460317460316, 32.941964285714285, 32.93998015873016, 32.94295634920635, 32.944940476190474, 32.94642857142857, 32.945436507936506, 32.94642857142857, 32.94444444444444, 32.94593253968254, 32.94444444444444, 32.941964285714285, 32.942460317460316, 32.945436507936506, 32.945436507936506, 32.9469246031746, 32.94742063492063, 32.947916666666664, 32.95039682539682, 32.94940476190476, 32.953869047619044, 32.95337301587302, 32.94890873015873, 32.948412698412696, 32.944940476190474, 32.94345238095238, 32.941964285714285, 32.941964285714285, 32.94345238095238, 32.93998015873016, 32.9375, 32.93948412698413, 32.94295634920635, 32.94444444444444, 32.94444444444444, 32.94742063492063, 32.944940476190474, 32.94345238095238, 32.9469246031746, 32.94742063492063, 32.948908730158735, 32.94940476190476, 32.944940476190474, 32.947916666666664, 32.948412698412696, 32.94444444444444, 32.9469246031746, 32.944940476190474, 32.941964285714285, 32.941964285714285, 32.942460317460316, 32.942460317460316, 32.94295634920635, 32.94642857142857, 32.950892857142854, 32.948412698412696, 32.94742063492063, 32.94742063492063, 32.94642857142857, 32.94642857142857, 32.94642857142857, 32.94642857142857, 32.94890873015873, 32.94593253968254, 32.944940476190474, 32.94097222222222, 32.93998015873016, 32.94295634920635, 32.94593253968254, 32.94593253968254, 32.947916666666664, 32.94990079365079, 32.950892857142854, 32.94593253968254, 32.945436507936506, 32.94593253968254, 32.944940476190474, 32.941964285714285, 32.94097222222222, 32.941964285714285, 32.94394841269841, 32.945436507936506, 32.94345238095238, 32.94295634920635, 32.94345238095238, 32.944940476190474, 32.94394841269841, 32.945436507936506, 32.945436507936506, 32.945436507936506, 32.94593253968254, 32.94097222222222, 32.938988095238095, 32.93998015873016, 32.94047619047619, 32.93998015873016, 32.94295634920635, 32.93799603174603, 32.93849206349206, 32.93998015873016, 32.93501984126984, 32.93551587301587, 32.938988095238095, 32.93501984126984, 32.93650793650794, 32.93700396825397, 32.93849206349206, 32.93799603174603, 32.93501984126984, 32.938988095238095, 32.94146825396825, 32.93948412698413, 32.94146825396825, 32.94295634920635, 32.94146825396825, 32.94146825396825, 32.94146825396825, 32.93998015873016, 32.93998015873016, 32.941964285714285, 32.94295634920635, 32.942460317460316, 32.94444444444444, 32.94295634920635, 32.94146825396825, 32.93998015873016, 32.93998015873016, 32.941964285714285, 32.93700396825397, 32.93948412698413, 32.94047619047619, 32.942460317460316, 32.942460317460316, 32.94394841269841, 32.94345238095238, 32.94097222222222, 32.93849206349206, 32.93849206349206, 32.938988095238095, 32.93799603174603, 32.94146825396825, 32.93849206349206, 32.938988095238095, 32.93849206349206, 32.93849206349206, 32.938988095238095, 32.93998015873016, 32.93799603174603, 32.93452380952381, 32.93501984126984, 32.93700396825397, 32.93799603174603, 32.93501984126984, 32.93551587301587, 32.93501984126984, 32.93501984126984, 32.93353174603175, 32.932539682539684, 32.92906746031746, 32.927083333333336, 32.93105158730159, 32.932539682539684, 32.93402777777778, 32.93402777777778, 32.93501984126984, 32.93650793650794, 32.93501984126984, 32.93849206349206, 32.938988095238095, 32.94146825396825, 32.94146825396825, 32.941964285714285, 32.93998015873016, 32.93849206349206, 32.93998015873016, 32.94047619047619, 32.94295634920635, 32.94097222222222, 32.94394841269842, 32.94444444444444, 32.94593253968254, 32.94593253968254, 32.94345238095238, 32.94642857142857, 32.94890873015873, 32.947916666666664, 32.9469246031746, 32.94890873015873, 32.94642857142857, 32.94394841269841, 32.94593253968254, 32.944940476190474, 32.94345238095238, 32.94295634920635, 32.941964285714285, 32.942460317460316, 32.94295634920635, 32.94295634920635, 32.94444444444444, 32.94345238095238, 32.942460317460316, 32.94097222222222, 32.938988095238095, 32.93551587301587, 32.936011904761905, 32.936011904761905, 32.93948412698413, 32.93998015873016, 32.93998015873016, 32.93948412698413, 32.938988095238095, 32.93799603174603, 32.93700396825397, 32.93402777777778, 32.93452380952381, 32.93650793650794, 32.93799603174603, 32.9375, 32.93849206349206, 32.93551587301587, 32.93799603174603, 32.93948412698413, 32.94047619047619, 32.94097222222222, 32.94295634920635, 32.94097222222222, 32.93998015873016, 32.93799603174603, 32.93700396825397, 32.93998015873016, 32.93700396825397, 32.93551587301587, 32.93650793650794, 32.936011904761905, 32.93501984126984, 32.93700396825397, 32.93501984126984, 32.936011904761905, 32.938988095238095, 32.93799603174603, 32.93700396825397, 32.94097222222222, 32.93998015873016, 32.94146825396825, 32.941964285714285, 32.94146825396825, 32.942460317460316, 32.94146825396825, 32.94394841269841, 32.942460317460316, 32.94146825396825, 32.94097222222222, 32.9375, 32.93650793650794, 32.93849206349206, 32.93650793650794, 32.93700396825397, 32.93799603174603, 32.938988095238095, 32.938988095238095, 32.94097222222222, 32.94146825396825, 32.94146825396825, 32.942460317460316, 32.93948412698413, 32.94345238095238, 32.94146825396825, 32.941964285714285, 32.93948412698413, 32.93948412698413, 32.93849206349206, 32.94146825396825, 32.941964285714285, 32.93948412698413, 32.93998015873016, 32.93948412698413, 32.9375, 32.936011904761905, 32.93551587301587, 32.93551587301587, 32.936011904761905, 32.93799603174603, 32.93650793650794, 32.93650793650794, 32.93551587301587, 32.93650793650794, 32.93501984126984, 32.93452380952381, 32.93452380952381, 32.936011904761905, 32.93650793650794, 32.938988095238095, 32.93849206349206, 32.93650793650794, 32.93353174603175, 32.93501984126984, 32.93551587301587, 32.93551587301587, 32.93551587301587, 32.93353174603175, 32.93154761904762, 32.93551587301587, 32.938988095238095, 32.94295634920635, 32.94345238095238, 32.9469246031746, 32.94642857142857, 32.94642857142857, 32.94593253968254, 32.94444444444444, 32.94444444444444, 32.94394841269841, 32.94345238095238, 32.942460317460316, 32.941964285714285, 32.94146825396825, 32.94444444444444, 32.942460317460316, 32.94394841269841, 32.94345238095238, 32.945436507936506, 32.94295634920635, 32.94295634920635, 32.94394841269841, 32.94444444444444, 32.94295634920635, 32.94345238095238, 32.94097222222222, 32.941964285714285, 32.94047619047619, 32.938988095238095, 32.93799603174603, 32.94146825396825, 32.94394841269841, 32.94444444444444, 32.944940476190474, 32.94444444444444, 32.94593253968254, 32.93998015873016, 32.938988095238095, 32.9375, 32.93501984126984, 32.93402777777778, 32.936011904761905, 32.93799603174603, 32.93948412698413, 32.93799603174603, 32.9375, 32.93551587301587, 32.93700396825397, 32.936011904761905, 32.93551587301587, 32.93452380952381, 32.933035714285715, 32.93353174603175, 32.93452380952381, 32.932539682539684, 32.93402777777778, 32.93353174603175, 32.93402777777778, 32.9375, 32.9375, 32.9375, 32.93849206349206, 32.93998015873016, 32.93948412698413, 32.93849206349206, 32.93849206349206, 32.93948412698413, 32.93948412698413, 32.93551587301587, 32.933035714285715, 32.933035714285715, 32.933035714285715, 32.93501984126984, 32.936011904761905, 32.9375, 32.93948412698413, 32.938988095238095, 32.938988095238095, 32.9375, 32.93650793650794, 32.9375, 32.93849206349206, 32.94047619047619, 32.942460317460316, 32.94047619047619, 32.941964285714285, 32.942460317460316, 32.94097222222222, 32.941964285714285, 32.94295634920635, 32.942460317460316, 32.94295634920635, 32.942460317460316, 32.942460317460316, 32.942460317460316, 32.941964285714285, 32.938988095238095, 32.93998015873016, 32.93998015873016, 32.93948412698413, 32.94047619047619, 32.94097222222222, 32.93998015873016, 32.94097222222222, 32.941964285714285, 32.941964285714285, 32.94097222222222, 32.938988095238095, 32.93799603174603, 32.94047619047619, 32.94047619047619, 32.94295634920635, 32.942460317460316, 32.94146825396825, 32.94047619047619, 32.93998015873016, 32.94047619047619, 32.93948412698413, 32.93799603174603, 32.9375, 32.93551587301587, 32.93799603174603, 32.9375, 32.93700396825397, 32.93650793650794, 32.93849206349206, 32.93948412698413, 32.94047619047619, 32.93799603174603, 32.938988095238095, 32.93501984126984, 32.936011904761905, 32.93452380952381, 32.93501984126984, 32.93402777777778, 32.932539682539684, 32.932539682539684, 32.932539682539684, 32.93402777777778, 32.93402777777778, 32.93353174603175, 32.932539682539684, 32.932539682539684, 32.930059523809526, 32.93154761904762, 32.93204365079365, 32.932539682539684, 32.933035714285715, 32.93204365079365, 32.932539682539684, 32.93105158730159, 32.93204365079365, 32.93204365079365, 32.93204365079365, 32.932539682539684, 32.933035714285715, 32.93452380952381, 32.9375, 32.93700396825397, 32.93452380952381, 32.93402777777778, 32.93154761904762, 32.92906746031746, 32.929563492063494, 32.929563492063494, 32.930059523809526, 32.93402777777778, 32.933035714285715]",0.7736853837961013,0.7405933196789942,33,"[33, 33, 33, 33, 33, 33, 33, 33, 33, 33, 33, 33, 33, 33, 33, 33, 33, 33, 33, 33, 33, 33, 33, 33, 33, 33, 33, 33, 33, 33, 33, 33, 33, 33, 33, 33, 33, 33, 33, 33, 33, 33, 33, 33, 33, 33, 33, 33, 33, 33, 33, 33, 33, 33, 33, 33, 33, 33, 33, 33, 33, 33, 33, 33, 33, 33, 33, 33, 33, 33, 33, 33, 33, 33, 33, 33, 33, 33, 33, 33, 33, 33, 33, 33, 33, 33, 33, 33, 33, 33, 33, 33, 33, 33, 33, 33, 33, 33, 33, 33, 33, 33, 33, 33, 33, 33, 33, 33, 33, 33, 33, 33, 33, 33, 33, 33, 33, 33, 33, 33, 33, 33, 33, 33, 33, 33, 33, 33, 33, 33, 33, 33, 33, 33, 33, 33, 33, 33, 33, 33, 33, 33, 33, 33, 33, 33, 33, 33, 33, 33, 33, 33, 33, 33, 33, 33, 33, 33, 33, 33, 33, 33, 33, 33, 33, 33, 33, 33, 33, 33, 33, 33, 33, 33, 33, 33, 33, 33, 33, 33, 33, 33, 33, 33, 33, 33, 33, 33, 33, 33, 33, 33, 33, 33, 33, 33, 33, 33, 33, 33, 33, 33, 33, 33, 33, 33, 33, 33, 33, 33, 33, 33, 33, 33, 33, 33, 33, 33, 33, 33, 33, 33, 33, 33, 33, 33, 33, 33, 33, 33, 33, 33, 33, 33, 33, 33, 33, 33, 33, 33, 33, 33, 33, 33, 33, 33, 33, 33, 33, 33, 33, 33, 33, 33, 33, 33, 33, 33, 33, 33, 33, 33, 33, 33, 33, 33, 33, 33, 33, 33, 33, 33, 33, 33, 33, 33, 33, 33, 33, 33, 33, 33, 33, 33, 33, 33, 33, 33, 33, 33, 33, 33, 33, 33, 33, 33, 33, 33, 33, 33, 33, 33, 33, 33, 33, 33, 33, 33, 33, 33, 33, 33, 33, 33, 33, 33, 33, 33, 33, 33, 33, 33, 33, 33, 33, 33, 33, 33, 33, 33, 33, 33, 33, 33, 33, 33, 33, 33, 33, 33, 33, 33, 33, 33, 33, 33, 33, 33, 33, 33, 33, 33, 33, 33, 33, 33, 33, 33, 33, 33, 33, 33, 33, 33, 33, 33, 33, 33, 33, 33, 33, 33, 33, 33, 33, 33, 33, 33, 33, 33, 33, 33, 33, 33, 33, 33, 33, 33, 33, 33, 33, 33, 33, 33, 33, 33, 33, 33, 33, 33, 33, 33, 33, 33, 33, 33, 33, 33, 33, 33, 33, 33, 33, 33, 33, 33, 33, 33, 33, 33, 33, 33, 33, 33, 33, 33, 33, 33, 33, 33, 33, 33, 33, 33, 33, 33, 33, 33, 33, 33, 33, 33, 33, 33, 33, 33, 33, 33, 33, 33, 33, 33, 33, 33, 33, 33, 33, 33, 33, 33, 33, 33, 33, 33, 33, 33, 33, 33, 33, 33, 33, 33, 33, 33, 33, 33, 33, 33, 33, 33]",480,"[0.6301509737968445, 0.5876168012619019, 0.5539398193359375, 0.5270866751670837, 0.5052618980407715, 0.48763716220855713, 0.47335055470466614, 0.4616378843784332, 0.45185038447380066, 0.44371718168258667, 0.4368329644203186, 0.4310625195503235, 0.42610782384872437, 0.4220539927482605, 0.4184512794017792, 0.41527029871940613, 0.41254955530166626, 0.41021862626075745, 0.4081159830093384, 0.4062126576900482, 0.4046214818954468, 0.40317830443382263, 0.40186047554016113, 0.4006531834602356, 0.3995763659477234, 0.3985820710659027, 0.3976922631263733, 0.39685866236686707, 0.39609795808792114, 0.3954050838947296, 0.3947667181491852, 0.3941531479358673, 0.3935551345348358, 0.39299285411834717, 0.39247557520866394, 0.3919779658317566, 0.3915101885795593, 0.3910520076751709, 0.3906250298023224, 0.3902209401130676, 0.38982823491096497, 0.3894335627555847, 0.3890669643878937, 0.38870102167129517, 0.38834571838378906, 0.38799989223480225, 0.38767367601394653, 0.38735663890838623, 0.3870478868484497, 0.38674846291542053, 0.3864561915397644, 0.38617241382598877, 0.3858886957168579, 0.3856048882007599, 0.38533785939216614, 0.38506370782852173, 0.3847954273223877, 0.38452938199043274, 0.38426658511161804, 0.38401874899864197, 0.3837582767009735, 0.38351768255233765, 0.38327813148498535, 0.38304194808006287, 0.3828147053718567, 0.38257431983947754, 0.3823435604572296, 0.3821174204349518, 0.38189300894737244, 0.3816658854484558, 0.3814504146575928, 0.381234735250473, 0.38103073835372925, 0.3808271884918213, 0.3806159198284149, 0.3804089426994324, 0.38019871711730957, 0.38000115752220154, 0.37980642914772034, 0.379597932100296, 0.379405677318573, 0.379220187664032, 0.37903279066085815, 0.37884387373924255, 0.37866145372390747, 0.3784712255001068, 0.37829193472862244, 0.37811538577079773, 0.3779332637786865, 0.3777543008327484, 0.37758079171180725, 0.37740814685821533, 0.37724539637565613, 0.3770810067653656, 0.37691429257392883, 0.3767406940460205, 0.37657660245895386, 0.376408189535141, 0.3762447237968445, 0.3760915994644165, 0.37593337893486023, 0.37578442692756653, 0.37563660740852356, 0.37548336386680603, 0.3753327429294586, 0.375184565782547, 0.37502896785736084, 0.374876469373703, 0.37472477555274963, 0.374588280916214, 0.37444984912872314, 0.3743104934692383, 0.37417498230934143, 0.3740347623825073, 0.37389811873435974, 0.3737567663192749, 0.3736211657524109, 0.3734912574291229, 0.37336552143096924, 0.3732292950153351, 0.3730962872505188, 0.3729645013809204, 0.3728407323360443, 0.37271103262901306, 0.3725869059562683, 0.3724640905857086, 0.3723403513431549, 0.37221020460128784, 0.3720894753932953, 0.37196388840675354, 0.37183842062950134, 0.37171486020088196, 0.3715967833995819, 0.37147367000579834, 0.37136006355285645, 0.3712434768676758, 0.37113016843795776, 0.37101081013679504, 0.3708987832069397, 0.3707830309867859, 0.37066900730133057, 0.37055695056915283, 0.3704449534416199, 0.3703342378139496, 0.3702273666858673, 0.370112806558609, 0.37000754475593567, 0.36989685893058777, 0.36978888511657715, 0.36968669295310974, 0.3695845305919647, 0.36948391795158386, 0.3693729341030121, 0.3692683279514313, 0.36916854977607727, 0.36905914545059204, 0.36896660923957825, 0.3688631057739258, 0.36875686049461365, 0.3686544895172119, 0.36855578422546387, 0.36845606565475464, 0.3683621287345886, 0.3682635426521301, 0.36816704273223877, 0.3680800199508667, 0.36798936128616333, 0.3678956627845764, 0.36779963970184326, 0.3677014410495758, 0.36761143803596497, 0.3675203025341034, 0.3674260973930359, 0.36732712388038635, 0.3672334551811218, 0.3671445846557617, 0.36705029010772705, 0.3669630289077759, 0.36687514185905457, 0.3667890131473541, 0.3667048215866089, 0.36661580204963684, 0.36652088165283203, 0.36642977595329285, 0.3663347661495209, 0.3662460744380951, 0.3661569654941559, 0.36607396602630615, 0.36598119139671326, 0.3659002184867859, 0.36581385135650635, 0.365729421377182, 0.36564740538597107, 0.3655617833137512, 0.36547479033470154, 0.36538970470428467, 0.365310937166214, 0.36522457003593445, 0.36514291167259216, 0.365060031414032, 0.36498168110847473, 0.3648890256881714, 0.364806205034256, 0.3647193908691406, 0.36463019251823425, 0.36454489827156067, 0.3644537627696991, 0.364370733499527, 0.3642895817756653, 0.3642064332962036, 0.36413106322288513, 0.36404892802238464, 0.3639656901359558, 0.36389461159706116, 0.3638123571872711, 0.36373311281204224, 0.36365294456481934, 0.36357930302619934, 0.3634996712207794, 0.36341607570648193, 0.36333876848220825, 0.36325889825820923, 0.3631756901741028, 0.36310645937919617, 0.3630252778530121, 0.3629486858844757, 0.3628702461719513, 0.3627905249595642, 0.36271658539772034, 0.362634539604187, 0.3625582456588745, 0.36247730255126953, 0.36239707469940186, 0.36231672763824463, 0.3622497320175171, 0.36217254400253296, 0.3620968759059906, 0.36202120780944824, 0.3619506359100342, 0.3618745505809784, 0.3617963492870331, 0.3617197275161743, 0.36164355278015137, 0.36156758666038513, 0.3614969253540039, 0.3614177703857422, 0.3613396883010864, 0.3612654209136963, 0.36118292808532715, 0.3611137270927429, 0.3610366880893707, 0.3609571158885956, 0.3608778119087219, 0.36079588532447815, 0.36073020100593567, 0.36065638065338135, 0.3605869710445404, 0.360512375831604, 0.36043858528137207, 0.3603633940219879, 0.36029186844825745, 0.36022624373435974, 0.3601551055908203, 0.3600793480873108, 0.3600009083747864, 0.3599258363246918, 0.3598545491695404, 0.3597854673862457, 0.35971522331237793, 0.3596470355987549, 0.35957595705986023, 0.3594982922077179, 0.35941585898399353, 0.35935553908348083, 0.3592893183231354, 0.35921725630760193, 0.3591434061527252, 0.359068363904953, 0.3589969873428345, 0.3589201867580414, 0.35884588956832886, 0.35877883434295654, 0.3587040603160858, 0.35863518714904785, 0.3585551977157593, 0.35847681760787964, 0.35840797424316406, 0.3583332300186157, 0.3582550287246704, 0.35817545652389526, 0.35810399055480957, 0.35802674293518066, 0.35795268416404724, 0.35787761211395264, 0.35780856013298035, 0.35774195194244385, 0.3576730787754059, 0.35759884119033813, 0.3575308322906494, 0.3574525713920593, 0.35738152265548706, 0.35731467604637146, 0.3572344183921814, 0.3571633994579315, 0.35708314180374146, 0.35700973868370056, 0.35694029927253723, 0.35685768723487854, 0.35678672790527344, 0.3567090630531311, 0.35664206743240356, 0.35655930638313293, 0.3564973473548889, 0.35642850399017334, 0.35635262727737427, 0.35628920793533325, 0.3562239110469818, 0.35614630579948425, 0.3560773730278015, 0.35600244998931885, 0.355927050113678, 0.3558728098869324, 0.3557981550693512, 0.35572776198387146, 0.35564911365509033, 0.35558125376701355, 0.355516254901886, 0.35544854402542114, 0.35537171363830566, 0.35530272126197815, 0.35522812604904175, 0.3551698625087738, 0.35510262846946716, 0.3550335168838501, 0.35496845841407776, 0.35489189624786377, 0.35481464862823486, 0.35474440455436707, 0.35466820001602173, 0.35459232330322266, 0.354513019323349, 0.35443371534347534, 0.3543539345264435, 0.35428786277770996, 0.3542073965072632, 0.354140043258667, 0.35407283902168274, 0.3540012240409851, 0.3539275825023651, 0.35385191440582275, 0.35377803444862366, 0.35370802879333496, 0.35364603996276855, 0.353588342666626, 0.3535071909427643, 0.35343044996261597, 0.35335418581962585, 0.3532792627811432, 0.35321831703186035, 0.35314875841140747, 0.35307109355926514, 0.3529995083808899, 0.3529279828071594, 0.35284942388534546, 0.35277312994003296, 0.35271182656288147, 0.3526378870010376, 0.35257166624069214, 0.3524962365627289, 0.35241854190826416, 0.3523479402065277, 0.3522750437259674, 0.35221076011657715, 0.35213932394981384, 0.352074533700943, 0.35200345516204834, 0.3519345819950104, 0.35185524821281433, 0.35178035497665405, 0.3517146408557892, 0.35164162516593933, 0.3515697419643402, 0.35149329900741577, 0.35142338275909424, 0.3513546288013458, 0.351279616355896, 0.35120123624801636, 0.35113152861595154, 0.35105714201927185, 0.3509823977947235, 0.35091128945350647, 0.35084378719329834, 0.35076847672462463, 0.35069599747657776, 0.3506227135658264, 0.350548654794693, 0.3504697382450104, 0.35039272904396057, 0.3503156006336212, 