,number,value,datetime_start,datetime_complete,duration,params_batch_size_scaler,params_constant_learning_rate,params_depth,params_epochs,params_kernel_l2,params_num_trees,params_temperature,user_attrs_accuracy_test,user_attrs_accuracy_valid,user_attrs_approximate_feature_sparsity,user_attrs_approximate_feature_sparsity_history,user_attrs_approximate_weight_sparsity,user_attrs_approximate_weight_sparsity_history,user_attrs_auc_test,user_attrs_auc_valid,user_attrs_feature_sparsity,user_attrs_feature_sparsity_history,user_attrs_num_epochs,user_attrs_val_loss_history,user_attrs_weight_sparsity,user_attrs_weight_sparsity_history,state
83,83,0.5,2024-08-31 03:53:12.501451,2024-08-31 03:54:39.511627,0 days 00:01:27.010176,16,2.7278198481766953,6,25,0.007562505353207546,48,0.013968757963335337,0.859,0.85875,0,"[0, 0, 0, 0, 0, 0, 0, 0, 0, 0, 0, 0, 0, 0, 0, 0, 0, 0, 0, 0, 0, 0, 0, 0, 0]",0.0,"[0.0, 0.0, 0.0, 0.0, 0.0, 0.0, 0.0, 0.0, 0.0, 0.0, 0.0, 0.0, 0.0, 0.0, 0.0, 0.0, 0.0, 0.0, 0.0, 0.0, 0.0, 0.0, 0.0, 0.0, 0.0]",0.5,0.5,0,"[0, 0, 0, 0, 0, 0, 0, 0, 0, 0, 0, 0, 0, 0, 0, 0, 0, 0, 0, 0, 0, 0, 0, 0, 0]",25,"[0.40777257084846497, 0.4072563052177429, 0.40726351737976074, 0.4083225727081299, 0.40970268845558167, 0.40782639384269714, 0.40812474489212036, 0.40740475058555603, 0.4075157046318054, 0.4097909927368164, 0.40873366594314575, 0.4076364040374756, 0.4081290066242218, 0.41045159101486206, 0.4074627161026001, 0.4073253571987152, 0.40964454412460327, 0.41357049345970154, 0.40928757190704346, 0.4073386788368225, 0.4073490798473358, 0.4073028862476349, 0.4074002504348755, 0.4072381258010864, 0.4072302579879761]",0.0,"[0.0, 0.0, 0.0, 0.0, 0.0, 0.0, 0.0, 0.0, 0.0, 0.0, 0.0, 0.0, 0.0, 0.0, 0.0, 0.0, 0.0, 0.0, 0.0, 0.0, 0.0, 0.0, 0.0, 0.0, 0.0]",COMPLETE
84,84,0.7799847998866432,2024-08-31 03:54:41.939125,2024-08-31 03:57:02.813636,0 days 00:02:20.874511,64,0.2626811660077596,5,205,0.01319875728113611,89,0.003523019442689732,0.877,0.8725,33,"[33, 33, 33, 33, 33, 33, 33, 33, 33, 33, 33, 33, 33, 33, 33, 33, 33, 33, 33, 33, 33, 33, 33, 33, 33, 33, 33, 33, 33, 33, 33, 33, 33, 33, 33, 33, 33, 33, 33, 33, 33, 33, 33, 33, 33, 33, 33, 33, 33, 33, 33, 33, 33, 33, 33, 33, 33, 33, 33, 33, 33, 33, 33, 33, 33, 33, 33, 33, 33, 33, 33, 33, 33, 33, 33, 33, 33, 33, 33, 33, 33, 33, 33, 33, 33, 33, 33, 33, 33, 33, 33, 33, 33, 33, 33, 33, 33, 33, 33, 33, 33, 33, 33, 33, 33, 33, 33, 33, 33, 33, 33, 33, 33, 33, 33, 33, 33, 33, 33, 33, 33, 33, 33, 33, 33, 33, 33, 33, 33, 33, 33, 33, 33, 33, 33, 33, 33, 33, 33, 33, 33, 33, 33, 33, 33, 33, 33, 33, 33, 33, 33, 33, 33, 33, 33, 33, 33, 33, 33, 33, 33, 33, 33, 33, 33, 33, 33, 33, 33, 33, 33, 33, 33, 33, 33, 33, 33, 33, 33, 33, 33, 33, 33, 33, 33, 33, 33, 33, 33, 33, 33, 33, 33, 33, 33, 33, 33, 33, 33, 33, 33, 33, 33, 33, 33]",32.93113446901051,"[32.93330916998913, 32.93367162015223, 32.937296121783255, 32.93258426966292, 32.928959768031895, 32.93765857194636, 32.93113446901051, 32.926060166727076, 32.93620877129395, 32.930409568684304, 32.929322218195, 32.92823486770569, 32.934034070315334, 32.93620877129395, 32.93439652047843, 32.93620877129395, 32.93475897064154, 32.935846321130846, 32.934034070315334, 32.93657122145705, 32.93765857194636, 32.93657122145705, 32.932221819499816, 32.933671620152225, 32.93512142080464, 32.93258426966292, 32.93113446901051, 32.92533526640087, 32.93475897064154, 32.93149691917361, 32.93294671982603, 32.935121420804634, 32.93185936933671, 32.932221819499816, 32.93113446901051, 32.93258426966292, 32.93149691917361, 32.940195723088074, 32.937296121783255, 32.93838347227256, 32.93620877129395, 32.93693367162015, 32.938745922435665, 32.93947082276187, 32.93947082276187, 32.93620877129395, 32.94092062341428, 32.940195723088074, 32.933671620152225, 32.93802102210946, 32.93330916998913, 32.93620877129395, 32.93802102210946, 32.93149691917361, 32.92461036607467, 32.92316056542225, 32.925697716563974, 32.92533526640087, 32.920623414280534, 32.92207321493295, 32.92316056542226, 32.924247915911565, 32.92859731786879, 32.92207321493295, 32.92859731786879, 32.927509967379486, 32.92533526640087, 32.92171076476984, 32.929322218195, 32.93439652047844, 32.93077201884741, 32.930772018847414, 32.93330916998913, 32.93367162015223, 32.9296846683581, 32.92497281623776, 32.92533526640087, 32.92642261689018, 32.92714751721638, 32.93113446901051, 32.929322218195, 32.92787241754259, 32.92714751721638, 32.9296846683581, 32.92388546574846, 32.92678506705328, 32.9296846683581, 32.927509967379486, 32.925697716563974, 32.925697716563974, 32.927509967379486, 32.929322218195, 32.92316056542225, 32.922798115259155, 32.91881116346502, 32.91808626313882, 32.915911562160204, 32.915186661834, 32.91663646248641, 32.921348314606746, 32.91844871330192, 32.91844871330192, 32.92026096411743, 32.92316056542225, 32.92388546574846, 32.92533526640087, 32.922435665096046, 32.91989851395433, 32.92642261689018, 32.92497281623776, 32.929322218195, 32.93113446901051, 32.93439652047844, 32.935121420804634, 32.935121420804634, 32.933671620152225, 32.932221819499816, 32.93185936933672, 32.928959768031895, 32.93077201884741, 32.926060166727076, 32.9296846683581, 32.930409568684304, 32.93077201884741, 32.93077201884741, 32.92787241754259, 32.926060166727076, 32.9300471185212, 32.932221819499816, 32.93765857194636, 32.935483870967744, 32.935846321130846, 32.93693367162015, 32.93439652047844, 32.9296846683581, 32.9296846683581, 32.92533526640087, 32.92533526640087, 32.92787241754259, 32.92533526640087, 32.924247915911565, 32.92678506705328, 32.929322218195, 32.93258426966292, 32.93113446901051, 32.927509967379486, 32.92787241754259, 32.932221819499816, 32.93439652047844, 32.93077201884741, 32.9296846683581, 32.93294671982602, 32.9300471185212, 32.93077201884741, 32.928959768031895, 32.92642261689018, 32.926060166727076, 32.9296846683581, 32.92823486770569, 32.92823486770569, 32.92859731786879, 32.92714751721638, 32.932221819499816, 32.93077201884741, 32.930409568684304, 32.925697716563974, 32.926060166727076, 32.9296846683581, 32.93149691917361, 32.933671620152225, 32.92642261689018, 32.930409568684304, 32.93294671982602, 32.92823486770569, 32.92859731786879, 32.92642261689018, 32.92714751721638, 32.92823486770569, 32.93077201884741, 32.9296846683581, 32.92859731786879, 32.935483870967744, 32.93403407031533, 32.93149691917361, 32.93910837259877, 32.93657122145705, 32.937296121783255, 32.93258426966292, 32.937296121783255, 32.93258426966292, 32.93439652047843, 32.93185936933672, 32.933671620152225, 32.93294671982602, 32.935121420804634, 32.9300471185212, 32.926785067053274, 32.93113446901051, 32.93077201884741, 32.93294671982602, 32.93149691917361, 32.92859731786879, 32.927509967379486, 32.927509967379486, 32.93113446901051]",0.8089564808163872,0.7799847998866432,33,"[33, 33, 33, 33, 33, 33, 33, 33, 33, 33, 33, 33, 33, 33, 33, 33, 33, 33, 33, 33, 33, 33, 33, 33, 33, 33, 33, 33, 33, 33, 33, 33, 33, 33, 33, 33, 33, 33, 33, 33, 33, 33, 33, 33, 33, 33, 33, 33, 33, 33, 33, 33, 33, 33, 33, 33, 33, 33, 33, 33, 33, 33, 33, 33, 33, 33, 33, 33, 33, 33, 33, 33, 33, 33, 33, 33, 33, 33, 33, 33, 33, 33, 33, 33, 33, 33, 33, 33, 33, 33, 33, 33, 33, 33, 33, 33, 33, 33, 33, 33, 33, 33, 33, 33, 33, 33, 33, 33, 33, 33, 33, 33, 33, 33, 33, 33, 33, 33, 33, 33, 33, 33, 33, 33, 33, 33, 33, 33, 33, 33, 33, 33, 33, 33, 33, 33, 33, 33, 33, 33, 33, 33, 33, 33, 33, 33, 33, 33, 33, 33, 33, 33, 33, 33, 33, 33, 33, 33, 33, 33, 33, 33, 33, 33, 33, 33, 33, 33, 33, 33, 33, 33, 33, 33, 33, 33, 33, 33, 33, 33, 33, 33, 33, 33, 33, 33, 33, 33, 33, 33, 33, 33, 33, 33, 33, 33, 33, 33, 33, 33, 33, 33, 33, 33, 33]",205,"[0.42945796251296997, 0.40399760007858276, 0.39896851778030396, 0.397011399269104, 0.39532262086868286, 0.39380350708961487, 0.3921002447605133, 0.390616774559021, 0.389229416847229, 0.3881796896457672, 0.38700950145721436, 0.3858587145805359, 0.3848994970321655, 0.38388964533805847, 0.3830304443836212, 0.3821011781692505, 0.38112324476242065, 0.38036099076271057, 0.3795579969882965, 0.37891215085983276, 0.378173828125, 0.3780096471309662, 0.3768337368965149, 0.37623652815818787, 0.37577831745147705, 0.37522897124290466, 0.3746606409549713, 0.3741852641105652, 0.37377795577049255, 0.3732965588569641, 0.37306708097457886, 0.3725622594356537, 0.372234582901001, 0.37146222591400146, 0.3709862232208252, 0.37063124775886536, 0.3704008162021637, 0.3699050843715668, 0.36998191475868225, 0.36931169033050537, 0.3690737783908844, 0.3694150447845459, 0.3690429925918579, 0.3682596981525421, 0.36813458800315857, 0.3682650029659271, 0.367445707321167, 0.36725059151649475, 0.3671215772628784, 0.36679500341415405, 0.366704523563385, 0.3666180372238159, 0.3664180636405945, 0.366254985332489, 0.366403192281723, 0.36533352732658386, 0.36525657773017883, 0.36493954062461853, 0.36445581912994385, 0.3643544316291809, 0.36371567845344543, 0.3635494112968445, 0.36320599913597107, 0.36293262243270874, 0.3624925911426544, 0.3621917963027954, 0.361810564994812, 0.3618530035018921, 0.36138275265693665, 0.36115458607673645, 0.3607947528362274, 0.3607405424118042, 0.36052781343460083, 0.3603387176990509, 0.3607731759548187, 0.3599114716053009, 0.35977086424827576, 0.3596789538860321, 0.35949382185935974, 0.35925835371017456, 0.3591645359992981, 0.3588123619556427, 0.3584386706352234, 0.3588283061981201, 0.35836705565452576, 0.3580378592014313, 0.3581024408340454, 0.3573773503303528, 0.35697510838508606, 0.3566094934940338, 0.3564755618572235, 0.35601112246513367, 0.3559859097003937, 0.3564251959323883, 0.3555627465248108, 0.35493382811546326, 0.3547736704349518, 0.3546217381954193, 0.35418471693992615, 0.35381388664245605, 0.35361164808273315, 0.3532971441745758, 0.3531637191772461, 0.3530692160129547, 0.3534306287765503, 0.3534146547317505, 0.3530149459838867, 0.35239216685295105, 0.35219651460647583, 0.35251253843307495, 0.35182586312294006, 0.35139715671539307, 0.3511602282524109, 0.3509417772293091, 0.3506629168987274, 0.35060369968414307, 0.35039153695106506, 0.3500811457633972, 0.3498093783855438, 0.34971627593040466, 0.3494882583618164, 0.3490435779094696, 0.34910908341407776, 0.34930840134620667, 0.34840643405914307, 0.3481401205062866, 0.347847580909729, 0.34785300493240356, 0.3477540612220764, 0.3482425808906555, 0.34826382994651794, 0.3474782705307007, 0.3465278744697571, 0.34611207246780396, 0.3458103835582733, 0.34566229581832886, 0.34541746973991394, 0.3450562655925751, 0.34468188881874084, 0.3442591428756714, 0.3444267511367798, 0.3437032997608185, 0.3435249328613281, 0.343937486410141, 0.3435598611831665, 0.3434755206108093, 0.34327611327171326, 0.34319621324539185, 0.3430745303630829, 0.3426879644393921, 0.3432188928127289, 0.3424394130706787, 0.3423765301704407, 0.3425080478191376, 0.34207457304000854, 0.34164541959762573, 0.34143513441085815, 0.34116920828819275, 0.3409194052219391, 0.34075242280960083, 0.34061911702156067, 0.34058457612991333, 0.3399825394153595, 0.3400348424911499, 0.3397994339466095, 0.33962517976760864, 0.3393748998641968, 0.33923548460006714, 0.33915841579437256, 0.3390059769153595, 0.33912909030914307, 0.3387187719345093, 0.3388711214065552, 0.3383271396160126, 0.3379913568496704, 0.3379318118095398, 0.33720147609710693, 0.3370916247367859, 0.33654916286468506, 0.33624374866485596, 0.33637386560440063, 0.33625245094299316, 0.335879921913147, 0.33580121397972107, 0.3356626033782959, 0.33532753586769104, 0.3351953625679016, 0.336111456155777, 0.3355591595172882, 0.33487704396247864, 0.33475130796432495, 0.33457112312316895, 0.33443978428840637, 0.33425402641296387, 0.33419808745384216, 0.3340393304824829, 0.3337699770927429, 0.3336799740791321, 0.33347228169441223, 0.3329930007457733, 0.33279499411582947, 0.33290135860443115, 0.332487016916275, 0.332372784614563, 0.33194369077682495]",33.0,"[33.0, 33.0, 33.0, 33.0, 33.0, 33.0, 33.0, 33.0, 33.0, 33.0, 33.0, 33.0, 33.0, 33.0, 33.0, 33.0, 33.0, 33.0, 33.0, 33.0, 33.0, 33.0, 33.0, 33.0, 33.0, 33.0, 33.0, 33.0, 33.0, 33.0, 33.0, 33.0, 33.0, 33.0, 33.0, 33.0, 33.0, 33.0, 33.0, 33.0, 33.0, 33.0, 33.0, 33.0, 33.0, 33.0, 33.0, 33.0, 33.0, 33.0, 33.0, 33.0, 33.0, 33.0, 33.0, 33.0, 33.0, 33.0, 33.0, 33.0, 33.0, 33.0, 33.0, 33.0, 33.0, 33.0, 33.0, 33.0, 33.0, 33.0, 33.0, 33.0, 33.0, 33.0, 33.0, 33.0, 33.0, 33.0, 33.0, 33.0, 33.0, 33.0, 33.0, 33.0, 33.0, 33.0, 33.0, 33.0, 33.0, 33.0, 33.0, 33.0, 33.0, 33.0, 33.0, 33.0, 33.0, 33.0, 33.0, 33.0, 33.0, 33.0, 33.0, 33.0, 33.0, 33.0, 33.0, 33.0, 33.0, 33.0, 33.0, 33.0, 33.0, 33.0, 33.0, 33.0, 33.0, 33.0, 33.0, 33.0, 33.0, 33.0, 33.0, 33.0, 33.0, 33.0, 33.0, 33.0, 33.0, 33.0, 33.0, 33.0, 33.0, 33.0, 33.0, 33.0, 33.0, 33.0, 33.0, 33.0, 33.0, 33.0, 33.0, 33.0, 33.0, 33.0, 33.0, 33.0, 33.0, 33.0, 33.0, 33.0, 33.0, 33.0, 33.0, 33.0, 33.0, 33.0, 33.0, 33.0, 33.0, 33.0, 33.0, 33.0, 33.0, 33.0, 33.0, 33.0, 33.0, 33.0, 33.0, 33.0, 33.0, 33.0, 33.0, 33.0, 33.0, 33.0, 33.0, 33.0, 33.0, 33.0, 33.0, 33.0, 33.0, 33.0, 33.0, 33.0, 33.0, 33.0, 33.0, 33.0, 33.0, 33.0, 33.0, 33.0, 33.0, 33.0, 33.0, 33.0, 33.0, 33.0, 33.0, 33.0, 33.0]",COMPLETE
