,number,value,datetime_start,datetime_complete,duration,params_batch_size_scaler,params_constant_learning_rate,params_depth,params_epochs,params_kernel_l2,params_num_trees,params_temperature,user_attrs_accuracy_test,user_attrs_accuracy_valid,user_attrs_approximate_feature_sparsity,user_attrs_approximate_feature_sparsity_history,user_attrs_approximate_weight_sparsity,user_attrs_approximate_weight_sparsity_history,user_attrs_auc_test,user_attrs_auc_valid,user_attrs_feature_sparsity,user_attrs_feature_sparsity_history,user_attrs_num_epochs,user_attrs_val_loss_history,user_attrs_weight_sparsity,user_attrs_weight_sparsity_history,state
74,74,0.5,2024-08-31 03:22:09.468369,2024-08-31 03:26:28.716453,0 days 00:04:19.248084,4,0.689604773980169,6,360,0.7928114510795532,9,0.0033335474533148068,0.859,0.85875,0,"[33, 33, 1, 1, 1, 1, 1, 1, 1, 1, 1, 1, 0, 0, 0, 0, 0, 0, 0, 0, 0, 0, 0, 0, 0, 0, 0, 0, 0, 0, 0, 0, 0, 0, 0, 0, 0, 0, 0, 0, 0, 0, 0, 0, 0, 0, 0, 0, 0, 0, 0, 0, 0, 0, 0, 0, 0, 0, 0, 0, 0, 0, 0, 0, 0, 0, 0, 0, 0, 0, 0, 0, 0, 0, 0, 0, 0, 0, 0, 0, 0, 0, 0, 0, 0, 0, 0, 0, 0, 0, 0, 0, 0, 0, 0, 0, 0, 0, 0, 0, 0, 0, 0, 0, 0, 0, 0, 0, 0, 0, 0, 0, 0, 0, 0, 0, 0, 0, 0, 0, 0, 0, 0, 0, 0, 0, 0, 0, 0, 0, 0, 0, 0, 0, 0, 0, 0, 0, 0, 0, 0, 0, 0, 0, 0, 0, 0, 0, 0, 0, 0, 0, 0, 0, 0, 0, 0, 0, 0, 0, 0, 0, 0, 0, 0, 0, 0, 0, 0, 0, 0, 0, 0, 0, 0, 0, 0, 0, 0, 0, 0, 0, 0, 0, 0, 0, 0, 0, 0, 0, 0, 0, 0, 0, 0, 0, 0, 0, 0, 0, 0, 0, 0, 0, 0, 0, 0, 0, 0, 0, 0, 0, 0, 0, 0, 0, 0, 0, 0, 0, 0, 0, 0, 0, 0, 0, 0, 0, 0, 0, 0, 0, 0, 0, 0, 0, 0, 0, 0, 0, 0, 0, 0, 0, 0, 0, 0, 0, 0, 0, 0, 0, 0, 0, 0, 0, 0, 0, 0, 0, 0, 0, 0, 0, 0, 0, 0, 0, 0, 0, 0, 0, 0, 0, 0, 0, 0, 0, 0, 0, 0, 0, 0, 0, 0, 0, 0, 0, 0, 0, 0, 0, 0, 0, 0, 0, 0, 0, 0, 0, 0, 0, 0, 0, 0, 0, 0, 0, 0, 0, 0, 0, 0, 0, 0, 0, 0, 0, 0, 0, 0, 0, 0, 0, 0, 0, 0, 0, 0, 0, 0, 0, 0, 0, 0, 0, 0, 0, 0, 0, 0, 0, 0, 0, 0, 0, 0, 0, 0, 0, 0, 0, 0, 0, 0, 0, 0, 0, 0, 0]",0.0,"[32.9647266313933, 32.95943562610229, 1.0, 1.0, 1.0, 1.0, 1.0, 1.0, 0.9982363315696648, 0.9964726631393298, 0.9982363315696648, 0.9947089947089947, 0.0, 0.0, 0.0, 0.0, 0.0, 0.0, 0.0, 0.0, 0.0, 0.0, 0.0, 0.0, 0.0, 0.0, 0.0, 0.0, 0.0, 0.0, 0.0, 0.0, 0.0, 0.0, 0.0, 0.0, 0.0, 0.0, 0.0, 0.0, 0.0, 0.0, 0.0, 0.0, 0.0, 0.0, 0.0, 0.0, 0.0, 0.0, 0.0, 0.0, 0.0, 0.0, 0.0, 0.0, 0.0, 0.0, 0.0, 0.0, 0.0, 0.0, 0.0, 0.0, 0.0, 0.0, 0.0, 0.0, 0.0, 0.0, 0.0, 0.0, 0.0, 0.0, 0.0, 0.0, 0.0, 0.0, 0.0, 0.0, 0.0, 0.0, 0.0, 0.0, 0.0, 0.0, 0.0, 0.0, 0.0, 0.0, 0.0, 0.0, 0.0, 0.0, 0.0, 0.0, 0.0, 0.0, 0.0, 0.0, 0.0, 0.0, 0.0, 0.0, 0.0, 0.0, 0.0, 0.0, 0.0, 0.0, 0.0, 0.0, 0.0, 0.0, 0.0, 0.0, 0.0, 0.0, 0.0, 0.0, 0.0, 0.0, 0.0, 0.0, 0.0, 0.0, 0.0, 0.0, 0.0, 0.0, 0.0, 0.0, 0.0, 0.0, 0.0, 0.0, 0.0, 0.0, 0.0, 0.0, 0.0, 0.0, 0.0, 0.0, 0.0, 0.0, 0.0, 0.0, 0.0, 0.0, 0.0, 0.0, 0.0, 0.0, 0.0, 0.0, 0.0, 0.0, 0.0, 0.0, 0.0, 0.0, 0.0, 0.0, 0.0, 0.0, 0.0, 0.0, 0.0, 0.0, 0.0, 0.0, 0.0, 0.0, 0.0, 0.0, 0.0, 0.0, 0.0, 0.0, 0.0, 0.0, 0.0, 0.0, 0.0, 0.0, 0.0, 0.0, 0.0, 0.0, 0.0, 0.0, 0.0, 0.0, 0.0, 0.0, 0.0, 0.0, 0.0, 0.0, 0.0, 0.0, 0.0, 0.0, 0.0, 0.0, 0.0, 0.0, 0.0, 0.0, 0.0, 0.0, 0.0, 0.0, 0.0, 0.0, 0.0, 0.0, 0.0, 0.0, 0.0, 0.0, 0.0, 0.0, 0.0, 0.0, 0.0, 0.0, 0.0, 0.0, 0.0, 0.0, 0.0, 0.0, 0.0, 0.0, 0.0, 0.0, 0.0, 0.0, 0.0, 0.0, 0.0, 0.0, 0.0, 0.0, 0.0, 0.0, 0.0, 0.0, 0.0, 0.0, 0.0, 0.0, 0.0, 0.0, 0.0, 0.0, 0.0, 0.0, 0.0, 0.0, 0.0, 0.0, 0.0, 0.0, 0.0, 0.0, 0.0, 0.0, 0.0, 0.0, 0.0, 0.0, 0.0, 0.0, 0.0, 0.0, 0.0, 0.0, 0.0, 0.0, 0.0, 0.0, 0.0, 0.0, 0.0, 0.0, 0.0, 0.0, 0.0, 0.0, 0.0, 0.0, 0.0, 0.0, 0.0, 0.0, 0.0, 0.0, 0.0, 0.0, 0.0, 0.0, 0.0, 0.0, 0.0, 0.0, 0.0, 0.0, 0.0, 0.0, 0.0, 0.0, 0.0, 0.0, 0.0, 0.0, 0.0, 0.0, 0.0, 0.0, 0.0, 0.0, 0.0, 0.0, 0.0, 0.0, 0.0, 0.0, 0.0, 0.0, 0.0, 0.0, 0.0, 0.0, 0.0, 0.0, 0.0, 0.0, 0.0, 0.0, 0.0, 0.0, 0.0, 0.0, 0.0, 0.0, 0.0, 0.0, 0.0, 0.0, 0.0, 0.0, 0.0, 0.0, 0.0, 0.0, 0.0, 0.0]",0.5,0.5,0,"[33, 33, 1, 1, 1, 1, 1, 1, 1, 1, 1, 1, 0, 0, 0, 0, 0, 0, 0, 0, 0, 0, 0, 0, 0, 0, 0, 0, 0, 0, 0, 0, 0, 0, 0, 0, 0, 0, 0, 0, 0, 0, 0, 0, 0, 0, 0, 0, 0, 0, 0, 0, 0, 0, 0, 0, 0, 0, 0, 0, 0, 0, 0, 0, 0, 0, 0, 0, 0, 0, 0, 0, 0, 0, 0, 0, 0, 0, 0, 0, 0, 0, 0, 0, 0, 0, 0, 0, 0, 0, 0, 0, 0, 0, 0, 0, 0, 0, 0, 0, 0, 0, 0, 0, 0, 0, 0, 0, 0, 0, 0, 0, 0, 0, 0, 0, 0, 0, 0, 0, 0, 0, 0, 0, 0, 0, 0, 0, 0, 0, 0, 0, 0, 0, 0, 0, 0, 0, 0, 0, 0, 0, 0, 0, 0, 0, 0, 0, 0, 0, 0, 0, 0, 0, 0, 0, 0, 0, 0, 0, 0, 0, 0, 0, 0, 0, 0, 0, 0, 0, 0, 0, 0, 0, 0, 0, 0, 0, 0, 0, 0, 0, 0, 0, 0, 0, 0, 0, 0, 0, 0, 0, 0, 0, 0, 0, 0, 0, 0, 0, 0, 0, 0, 0, 0, 0, 0, 0, 0, 0, 0, 0, 0, 0, 0, 0, 0, 0, 0, 0, 0, 0, 0, 0, 0, 0, 0, 0, 0, 0, 0, 0, 0, 0, 0, 0, 0, 0, 0, 0, 0, 0, 0, 0, 0, 0, 0, 0, 0, 0, 0, 0, 0, 0, 0, 0, 0, 0, 0, 0, 0, 0, 0, 0, 0, 0, 0, 0, 0, 0, 0, 0, 0, 0, 0, 0, 0, 0, 0, 0, 0, 0, 0, 0, 0, 0, 0, 0, 0, 0, 0, 0, 0, 0, 0, 0, 0, 0, 0, 0, 0, 0, 0, 0, 0, 0, 0, 0, 0, 0, 0, 0, 0, 0, 0, 0, 0, 0, 0, 0, 0, 0, 0, 0, 0, 0, 0, 0, 0, 0, 0, 0, 0, 0, 0, 0, 0, 0, 0, 0, 0, 0, 0, 0, 0, 0, 0, 0, 0, 0, 0, 0, 0, 0, 0, 0, 0, 0, 0, 0]",360,"[0.4517802298069, 0.42921772599220276, 0.3998817205429077, 0.3993827700614929, 0.3988414406776428, 0.3984474837779999, 0.3981918692588806, 0.3976578116416931, 0.3973662257194519, 0.39707961678504944, 0.39687207341194153, 0.3964853286743164, 0.41204655170440674, 0.4072360098361969, 0.40725472569465637, 0.4072606563568115, 0.4072318971157074, 0.40732958912849426, 0.4072340428829193, 0.4072263240814209, 0.4072265923023224, 0.40723422169685364, 0.40724146366119385, 0.4072261154651642, 0.4072261154651642, 0.40725117921829224, 0.4072262942790985, 0.4072820544242859, 0.4072464108467102, 0.4072839021682739, 0.4072425365447998, 0.40722671151161194, 0.4072273373603821, 0.4072284996509552, 0.4072263836860657, 0.4072479009628296, 0.4072312116622925, 0.4072272777557373, 0.40727856755256653, 0.4072268009185791, 0.407272607088089, 0.40724268555641174, 0.4072374999523163, 0.4072462022304535, 0.4072358310222626, 0.40723296999931335, 0.40724918246269226, 0.4072272479534149, 0.40723860263824463, 0.4072268605232239, 0.4073296785354614, 0.4072314202785492, 0.40722665190696716, 0.4072742164134979, 0.40725213289260864, 0.4072447717189789, 0.40723490715026855, 0.4072427451610565, 0.4072704315185547, 0.4073047339916229, 0.407267689704895, 0.4072760045528412, 0.4072273373603821, 0.40724900364875793, 0.4072267413139343, 0.4072476625442505, 0.4072268605232239, 0.40731698274612427, 0.4072261154651642, 0.4072374701499939, 0.4072788953781128, 0.4072330594062805, 0.40731120109558105, 0.4072948098182678, 0.4073549211025238, 0.4072306752204895, 0.4072369337081909, 0.4073052704334259, 0.40724077820777893, 0.4072626233100891, 0.40726199746131897, 0.4072957932949066, 0.40726238489151, 0.4072857201099396, 0.4072822332382202, 0.40722647309303284, 0.40729138255119324, 0.407297283411026, 0.4072510600090027, 0.4074874520301819, 0.4073507785797119, 0.4072379171848297, 0.40722668170928955, 0.40723198652267456, 0.40726032853126526, 0.4072358012199402, 0.40722981095314026, 0.4074026346206665, 0.4073326885700226, 0.407227486371994, 0.4072323143482208, 0.4072769284248352, 0.407234787940979, 0.4072285592556, 0.40724995732307434, 0.4072829484939575, 0.4072551727294922, 0.40724509954452515, 0.4072307348251343, 0.40724021196365356, 0.4072260558605194, 0.407240629196167, 0.4072275459766388, 0.4072261452674866, 0.40722978115081787, 0.40724337100982666, 0.4073072671890259, 0.40723246335983276, 0.4072306752204895, 0.40723347663879395, 0.40723270177841187, 0.4072505831718445, 0.4073282480239868, 0.4072270691394806, 0.40722715854644775, 0.4072658121585846, 0.40730220079421997, 0.4072605073451996, 0.40723055601119995, 0.4072280824184418, 0.40727314352989197, 0.4072631895542145, 0.40733447670936584, 0.4072560966014862, 0.40722644329071045, 0.40722769498825073, 0.40723133087158203, 0.40728551149368286, 0.40724754333496094, 0.40722954273223877, 0.4072727560997009, 0.4072474539279938, 0.4072290062904358, 0.40722715854644775, 0.4072265326976776, 0.40722644329071045, 0.4072708785533905, 0.4072261452674866, 0.4072261452674866, 0.4072498679161072, 0.4073275029659271, 0.40727317333221436, 0.40725451707839966, 0.4072299301624298, 0.4072459936141968, 0.4072394073009491, 0.4072292447090149, 0.4072262644767761, 0.4072539806365967, 0.4073203206062317, 0.407233327627182, 0.40723446011543274, 0.4072296917438507, 0.40726959705352783, 0.4072308838367462, 0.4073013961315155, 0.4072302281856537, 0.40725889801979065, 0.4072401821613312, 0.4072287380695343, 0.4072645902633667, 0.40729010105133057, 0.4072825312614441, 0.4073302745819092, 0.4072742760181427, 0.40725600719451904, 0.4072270691394806, 0.4072331488132477, 0.4072263240814209, 0.4072299301624298, 0.4072352945804596, 0.40722864866256714, 0.4072517156600952, 0.40722647309303284, 0.40729403495788574, 0.4073632061481476, 0.407227098941803, 0.4072265923023224, 0.4072401523590088, 0.40732383728027344, 0.40722668170928955, 0.407227486371994, 0.4072284996509552, 0.40732741355895996, 0.4072315990924835, 0.4072445034980774, 0.40723687410354614, 0.40724658966064453, 0.4072364866733551, 0.40723544359207153, 0.4072457253932953, 0.40724605321884155, 0.40727588534355164, 0.40722641348838806, 0.4072331488132477, 0.4072262644767761, 0.4073443114757538, 0.4072358310222626, 0.4072262644767761, 0.4072321057319641, 0.40725716948509216, 0.40722981095314026, 0.40723592042922974, 0.40749186277389526, 0.40726563334465027, 0.4072262942790985, 0.407232403755188, 0.40723323822021484, 0.4073268175125122, 0.40722763538360596, 0.40724021196365356, 0.4072277545928955, 0.4072414040565491, 0.4072374701499939, 0.4073401391506195, 0.4072265625, 0.4072347581386566, 0.4072428047657013, 0.4072568118572235, 0.40727972984313965, 0.4072273373603821, 0.40725287795066833, 0.4072416424751282, 0.40725746750831604, 0.4072725176811218, 0.40724635124206543, 0.40722617506980896, 0.40722882747650146, 0.40722891688346863, 0.40722978115081787, 0.4072267413139343, 0.4072496294975281, 0.40723279118537903, 0.4072272777557373, 0.407246857881546, 0.4072389602661133, 0.407233327627182, 0.4072261452674866, 0.4072268605232239, 0.4072268605232239, 0.40722811222076416, 0.40726807713508606, 0.4072326421737671, 0.4072338938713074, 0.40724074840545654, 0.4072623550891876, 0.40725815296173096, 0.4073919653892517, 0.40723946690559387, 0.40723904967308044, 0.4072279632091522, 0.4072369337081909, 0.4072261154651642, 0.4072261154651642, 0.4072728753089905, 0.4072311520576477, 0.40723586082458496, 0.40723171830177307, 0.40726786851882935, 0.4072267413139343, 0.40724316239356995, 0.40726011991500854, 0.4072260558605194, 0.4072326719760895, 0.4072979688644409, 0.4072370231151581, 0.40722647309303284, 0.407230019569397, 0.40723246335983276, 0.40732306241989136, 0.40731528401374817, 0.40722954273223877, 0.4072290062904358, 0.4072483479976654, 0.40725719928741455, 0.4072836637496948, 0.4072672128677368, 0.4072261154651642, 0.40722760558128357, 0.4072405993938446, 0.4072261154651642, 0.4072670042514801, 0.4072476625442505, 0.40726903080940247, 0.4072299599647522, 0.40729251503944397, 0.4072340428829193, 0.40723803639411926, 0.4072880148887634, 0.4072292447090149, 0.4072969853878021, 0.4072352647781372, 0.40730249881744385, 0.4072269797325134, 0.4075549840927124, 0.4073289930820465, 0.4072498679161072, 0.40723296999931335, 0.40730389952659607, 0.40725335478782654, 0.40722641348838806, 0.40722888708114624, 0.4072471261024475, 0.40722668170928955, 0.40737640857696533, 0.40724116563796997, 0.40722617506980896, 0.4072328805923462, 0.40723246335983276, 0.40725573897361755, 0.4072318375110626, 0.4072357416152954, 0.40726974606513977, 0.4072701334953308, 0.4072280526161194, 0.4072437286376953, 0.4072261452674866, 0.40722888708114624, 0.4072434902191162, 0.4072988033294678, 0.40722760558128357, 0.40728774666786194, 0.40723735094070435, 0.40726837515830994, 0.40724682807922363, 0.4072684049606323, 0.4073292911052704, 0.4072282314300537, 0.40722644329071045, 0.40731197595596313, 0.4072261452674866, 0.4072284400463104, 0.40725192427635193, 0.40723028779029846, 0.4073585569858551, 0.40725308656692505, 0.40728047490119934, 0.4072301387786865, 0.4072454869747162, 0.4072262942790985, 0.407284140586853, 0.4072263240814209, 0.40722858905792236, 0.4072381258010864, 0.407365083694458, 0.4072261154651642, 0.40724021196365356, 0.4072492718696594, 0.407323956489563, 0.4072374999523163]",0.0,"[33.0, 33.0, 1.0, 1.0, 1.0, 1.0, 1.0, 1.0, 1.0, 1.0, 1.0, 1.0, 0.0, 0.0, 0.0, 0.0, 0.0, 0.0, 0.0, 0.0, 0.0, 0.0, 0.0, 0.0, 0.0, 0.0, 0.0, 0.0, 0.0, 0.0, 0.0, 0.0, 0.0, 0.0, 0.0, 0.0, 0.0, 0.0, 0.0, 0.0, 0.0, 0.0, 0.0, 0.0, 0.0, 0.0, 0.0, 0.0, 0.0, 0.0, 0.0, 0.0, 0.0, 0.0, 0.0, 0.0, 0.0, 0.0, 0.0, 0.0, 0.0, 0.0, 0.0, 0.0, 0.0, 0.0, 0.0, 0.0, 0.0, 0.0, 0.0, 0.0, 0.0, 0.0, 0.0, 0.0, 0.0, 0.0, 0.0, 0.0, 0.0, 0.0, 0.0, 0.0, 0.0, 0.0, 0.0, 0.0, 0.0, 0.0, 0.0, 0.0, 0.0, 0.0, 0.0, 0.0, 0.0, 0.0, 0.0, 0.0, 0.0, 0.0, 0.0, 0.0, 0.0, 0.0, 0.0, 0.0, 0.0, 0.0, 0.0, 0.0, 0.0, 0.0, 0.0, 0.0, 0.0, 0.0, 0.0, 0.0, 0.0, 0.0, 0.0, 0.0, 0.0, 0.0, 0.0, 0.0, 0.0, 0.0, 0.0, 0.0, 0.0, 0.0, 0.0, 0.0, 0.0, 0.0, 0.0, 0.0, 0.0, 0.0, 0.0, 0.0, 0.0, 0.0, 0.0, 0.0, 0.0, 0.0, 0.0, 0.0, 0.0, 0.0, 0.0, 0.0, 0.0, 0.0, 0.0, 0.0, 0.0, 0.0, 0.0, 0.0, 0.0, 0.0, 0.0, 0.0, 0.0, 0.0, 0.0, 0.0, 0.0, 0.0, 0.0, 0.0, 0.0, 0.0, 0.0, 0.0, 0.0, 0.0, 0.0, 0.0, 0.0, 0.0, 0.0, 0.0, 0.0, 0.0, 0.0, 0.0, 0.0, 0.0, 0.0, 0.0, 0.0, 0.0, 0.0, 0.0, 0.0, 0.0, 0.0, 0.0, 0.0, 0.0, 0.0, 0.0, 0.0, 0.0, 0.0, 0.0, 0.0, 0.0, 0.0, 0.0, 0.0, 0.0, 0.0, 0.0, 0.0, 0.0, 0.0, 0.0, 0.0, 0.0, 0.0, 0.0, 0.0, 0.0, 0.0, 0.0, 0.0, 0.0, 0.0, 0.0, 0.0, 0.0, 0.0, 0.0, 0.0, 0.0, 0.0, 0.0, 0.0, 0.0, 0.0, 0.0, 0.0, 0.0, 0.0, 0.0, 0.0, 0.0, 0.0, 0.0, 0.0, 0.0, 0.0, 0.0, 0.0, 0.0, 0.0, 0.0, 0.0, 0.0, 0.0, 0.0, 0.0, 0.0, 0.0, 0.0, 0.0, 0.0, 0.0, 0.0, 0.0, 0.0, 0.0, 0.0, 0.0, 0.0, 0.0, 0.0, 0.0, 0.0, 0.0, 0.0, 0.0, 0.0, 0.0, 0.0, 0.0, 0.0, 0.0, 0.0, 0.0, 0.0, 0.0, 0.0, 0.0, 0.0, 0.0, 0.0, 0.0, 0.0, 0.0, 0.0, 0.0, 0.0, 0.0, 0.0, 0.0, 0.0, 0.0, 0.0, 0.0, 0.0, 0.0, 0.0, 0.0, 0.0, 0.0, 0.0, 0.0, 0.0, 0.0, 0.0, 0.0, 0.0, 0.0, 0.0, 0.0, 0.0, 0.0, 0.0, 0.0, 0.0, 0.0, 0.0, 0.0, 0.0, 0.0, 0.0, 0.0, 0.0, 0.0, 0.0, 0.0, 0.0, 0.0, 0.0, 0.0, 0.0, 0.0, 0.0, 0.0, 0.0, 0.0, 0.0]",COMPLETE
75,75,0.6851129059267561,2024-08-31 03:26:28.727886,2024-08-31 03:26:33.080419,0 days 00:00:04.352533,16,0.06333169266846872,3,5,0.005534202771031878,88,0.0009009496637494247,0.859,0.85875,33,"[33, 33, 33, 33, 33]",32.97402597402598,"[32.96915584415584, 32.97727272727273, 32.98214285714286, 32.978896103896105, 32.97402597402598]",0.7117875808089564,0.6851129059267561,33,"[33, 33, 33, 33, 33]",5,"[0.40054386854171753, 0.39703741669654846, 0.3938671946525574, 0.39120373129844666, 0.3892289102077484]",33.0,"[33.0, 33.0, 33.0, 33.0, 33.0]",COMPLETE
76,76,0.5,2024-08-31 03:26:34.604155,2024-08-31 03:39:01.209644,0 days 00:12:26.605489,1,4.38565403534587,6,190,0.7914843589155292,95,0.023748638070631076,0.859,0.85875,0,"[0, 0, 0, 0, 0, 0, 0, 0, 0, 0, 0, 0, 0, 0, 0, 0, 0, 0, 0, 0, 0, 0, 0, 0, 0, 0, 0, 0, 0, 0, 0, 0, 0, 0, 0, 0, 0, 0, 0, 0, 0, 0, 0, 0, 0, 0, 0, 0, 0, 0, 0, 0, 0, 0, 0, 0, 0, 0, 0, 0, 0, 0, 0, 0, 0, 0, 0, 0, 0, 0, 0, 0, 0, 0, 0, 0, 0, 0, 0, 0, 0, 0, 0, 0, 0, 0, 0, 0, 0, 0, 0, 0, 0, 0, 0, 0, 0, 0, 0, 0, 0, 0, 0, 0, 0, 0, 0, 0, 0, 0, 0, 0, 0, 0, 0, 0, 0, 0, 0, 0, 0, 0, 0, 0, 0, 0, 0, 0, 0, 0, 0, 0, 0, 0, 0, 0, 0, 0, 0, 0, 0, 0, 0, 0, 0, 0, 0, 0, 0, 0, 0, 0, 0, 0, 0, 0, 0, 0, 0, 0, 0, 0, 0, 0, 0, 0, 0, 0, 0, 0, 0, 0, 0, 0, 0, 0, 0, 0, 0, 0, 0, 0, 0, 0, 0, 0, 0, 0, 0, 0]",0.0,"[0.0, 0.0, 0.0, 0.0, 0.0, 0.0, 0.0, 0.0, 0.0, 0.0, 0.0, 0.0, 0.0, 0.0, 0.0, 0.0, 0.0, 0.0, 0.0, 0.0, 0.0, 0.0, 0.0, 0.0, 0.0, 0.0, 0.0, 0.0, 0.0, 0.0, 0.0, 0.0, 0.0, 0.0, 0.0, 0.0, 0.0, 0.0, 0.0, 0.0, 0.0, 0.0, 0.0, 0.0, 0.0, 0.0, 0.0, 0.0, 0.0, 0.0, 0.0, 0.0, 0.0, 0.0, 0.0, 0.0, 0.0, 0.0, 0.0, 0.0, 0.0, 0.0, 0.0, 0.0, 0.0, 0.0, 0.0, 0.0, 0.0, 0.0, 0.0, 0.0, 0.0, 0.0, 0.0, 0.0, 0.0, 0.0, 0.0, 0.0, 0.0, 0.0, 0.0, 0.0, 0.0, 0.0, 0.0, 0.0, 0.0, 0.0, 0.0, 0.0, 0.0, 0.0, 0.0, 0.0, 0.0, 0.0, 0.0, 0.0, 0.0, 0.0, 0.0, 0.0, 0.0, 0.0, 0.0, 0.0, 0.0, 0.0, 0.0, 0.0, 0.0, 0.0, 0.0, 0.0, 0.0, 0.0, 0.0, 0.0, 0.0, 0.0, 0.0, 0.0, 0.0, 0.0, 0.0, 0.0, 0.0, 0.0, 0.0, 0.0, 0.0, 0.0, 0.0, 0.0, 0.0, 0.0, 0.0, 0.0, 0.0, 0.0, 0.0, 0.0, 0.0, 0.0, 0.0, 0.0, 0.0, 0.0, 0.0, 0.0, 0.0, 0.0, 0.0, 0.0, 0.0, 0.0, 0.0, 0.0, 0.0, 0.0, 0.0, 0.0, 0.0, 0.0, 0.0, 0.0, 0.0, 0.0, 0.0, 0.0, 0.0, 0.0, 0.0, 0.0, 0.0, 0.0, 0.0, 0.0, 0.0, 0.0, 0.0, 0.0, 0.0, 0.0, 0.0, 0.0, 0.0, 0.0]",0.5,0.5,0,"[0, 0, 0, 0, 0, 0, 0, 0, 0, 0, 0, 0, 0, 0, 0, 0, 0, 0, 0, 0, 0, 0, 0, 0, 0, 0, 0, 0, 0, 0, 0, 0, 0, 0, 0, 0, 0, 0, 0, 0, 0, 0, 0, 0, 0, 0, 0, 0, 0, 0, 0, 0, 0, 0, 0, 0, 0, 0, 0, 0, 0, 0, 0, 0, 0, 0, 0, 0, 0, 0, 0, 0, 0, 0, 0, 0, 0, 0, 0, 0, 0, 0, 0, 0, 0, 0, 0, 0, 0, 0, 0, 0, 0, 0, 0, 0, 0, 0, 0, 0, 0, 0, 0, 0, 0, 0, 0, 0, 0, 0, 0, 0, 0, 0, 0, 0, 0, 0, 0, 0, 0, 0, 0, 0, 0, 0, 0, 0, 0, 0, 0, 0, 0, 0, 0, 0, 0, 0, 0, 0, 0, 0, 0, 0, 0, 0, 0, 0, 0, 0, 0, 0, 0, 0, 0, 0, 0, 0, 0, 0, 0, 0, 0, 0, 0, 0, 0, 0, 0, 0, 0, 0, 0, 0, 0, 0, 0, 0, 0, 0, 0, 0, 0, 0, 0, 0, 0, 0, 0, 0]",190,"[0.4470757246017456, 0.6066381931304932, 0.5604561567306519, 0.45193496346473694, 0.407331645488739, 0.9588388204574585, 0.5854833722114563, 0.6340746283531189, 0.45445573329925537, 0.4985719919204712, 0.4435198903083801, 0.4463329017162323, 0.4472293555736542, 0.6117119789123535, 0.40738150477409363, 0.5932190418243408, 0.48111072182655334, 0.521632730960846, 0.5916938185691833, 0.4402272701263428, 0.4083327353000641, 0.4083919823169708, 0.44690972566604614, 0.44454503059387207, 0.7148742079734802, 0.5204863548278809, 0.6093370318412781, 0.5751298666000366, 0.5523214936256409, 0.4188385307788849, 1.2958695888519287, 0.7202872633934021, 0.4075450599193573, 0.53734290599823, 0.41594383120536804, 0.6322216391563416, 0.44871848821640015, 0.6082832217216492, 0.5339598655700684, 0.44713297486305237, 0.46469366550445557, 0.4482899010181427, 0.8309285640716553, 0.9503923058509827, 0.5776626467704773, 0.48779192566871643, 0.4464620351791382, 0.5420118570327759, 0.5722459554672241, 0.48824143409729004, 0.486662894487381, 0.6118262410163879, 0.44933536648750305, 0.40898141264915466, 0.4357250928878784, 0.40919291973114014, 0.40857312083244324, 0.4246961176395416, 0.40770024061203003, 0.46094945073127747, 0.4219422936439514, 0.4463627338409424, 0.5680899620056152, 0.44159457087516785, 0.4139372706413269, 0.44237270951271057, 0.40783214569091797, 0.43630167841911316, 0.4895307421684265, 0.5126932263374329, 0.44304654002189636, 0.409140944480896, 0.724180281162262, 0.4445100426673889, 0.5900935530662537, 0.44755974411964417, 0.5681073665618896, 0.44603508710861206, 0.5263853073120117, 0.48076707124710083, 0.45644232630729675, 1.1053556203842163, 0.4093369245529175, 0.597499668598175, 0.45570114254951477, 0.5192051529884338, 0.44479602575302124, 0.5129214525222778, 0.4500236213207245, 0.4403853714466095, 0.4420001208782196, 0.44563978910446167, 0.43741291761398315, 0.526073157787323, 0.5552463531494141, 0.40841564536094666, 0.7212914824485779, 0.5711730122566223, 0.4084494113922119, 0.4542236030101776, 0.4813167452812195, 0.7889807820320129, 0.4073805510997772, 0.4079984426498413, 0.4087839424610138, 0.4082414209842682, 0.5870179533958435, 0.5496788024902344, 0.536257266998291, 0.4136551320552826, 0.4371018707752228, 0.5361340045928955, 0.44776490330696106, 0.4232034683227539, 0.41638126969337463, 0.4084559977054596, 0.4378659725189209, 0.4154253304004669, 0.41025909781455994, 0.4076685309410095, 0.6079145073890686, 0.40762102603912354, 0.4351833760738373, 0.6329544186592102, 0.4472750723361969, 0.5264610648155212, 0.40811270475387573, 0.43623828887939453, 0.6777330040931702, 0.6085566282272339, 0.4086005389690399, 0.43607932329177856, 0.748215913772583, 0.4086346924304962, 0.532046914100647, 0.9339461326599121, 0.4385663866996765, 0.7547019720077515, 0.5301728248596191, 0.407821923494339, 0.5826947689056396, 0.4351911246776581, 0.4536067247390747, 0.4445283114910126, 0.4493716359138489, 0.41786712408065796, 0.8888958692550659, 0.4091062545776367, 0.41451114416122437, 0.529297411441803, 0.44901686906814575, 0.40781038999557495, 0.4483049511909485, 0.4869140684604645, 0.45198264718055725, 0.44505035877227783, 0.4341575503349304, 0.4073058068752289, 0.44355109333992004, 0.6171985864639282, 0.5306478142738342, 0.40993279218673706, 0.5040087699890137, 0.4077926576137543, 0.4518306255340576, 0.6354708671569824, 0.6170080900192261, 0.4169386327266693, 0.8289331793785095, 0.7045049071311951, 0.42665478587150574, 0.5191059112548828, 0.61138916015625, 0.45894572138786316, 0.4480494260787964, 0.5981131792068481, 0.4974723160266876, 0.5646976828575134, 0.5427515506744385, 0.4088800549507141, 0.45017462968826294, 0.43860378861427307, 0.4091631770133972, 0.5718370676040649, 0.45029234886169434, 0.4508236050605774, 0.4200429618358612, 0.5037949681282043, 0.4102315902709961, 0.5564994215965271]",0.0,"[0.0, 0.0, 0.0, 0.0, 0.0, 0.0, 0.0, 0.0, 0.0, 0.0, 0.0, 0.0, 0.0, 0.0, 0.0, 0.0, 0.0, 0.0, 0.0, 0.0, 0.0, 0.0, 0.0, 0.0, 0.0, 0.0, 0.0, 0.0, 0.0, 0.0, 0.0, 0.0, 0.0, 0.0, 0.0, 0.0, 0.0, 0.0, 0.0, 0.0, 0.0, 0.0, 0.0, 0.0, 0.0, 0.0, 0.0, 0.0, 0.0, 0.0, 0.0, 0.0, 0.0, 0.0, 0.0, 0.0, 0.0, 0.0, 0.0, 0.0, 0.0, 0.0, 0.0, 0.0, 0.0, 0.0, 0.0, 0.0, 0.0, 0.0, 0.0, 0.0, 0.0, 0.0, 0.0, 0.0, 0.0, 0.0, 0.0, 0.0, 0.0, 0.0, 0.0, 0.0, 0.0, 0.0, 0.0, 0.0, 0.0, 0.0, 0.0, 0.0, 0.0, 0.0, 0.0, 0.0, 0.0, 0.0, 0.0, 0.0, 0.0, 0.0, 0.0, 0.0, 0.0, 0.0, 0.0, 0.0, 0.0, 0.0, 0.0, 0.0, 0.0, 0.0, 0.0, 0.0, 0.0, 0.0, 0.0, 0.0, 0.0, 0.0, 0.0, 0.0, 0.0, 0.0, 0.0, 0.0, 0.0, 0.0, 0.0, 0.0, 0.0, 0.0, 0.0, 0.0, 0.0, 0.0, 0.0, 0.0, 0.0, 0.0, 0.0, 0.0, 0.0, 0.0, 0.0, 0.0, 0.0, 0.0, 0.0, 0.0, 0.0, 0.0, 0.0, 0.0, 0.0, 0.0, 0.0, 0.0, 0.0, 0.0, 0.0, 0.0, 0.0, 0.0, 0.0, 0.0, 0.0, 0.0, 0.0, 0.0, 0.0, 0.0, 0.0, 0.0, 0.0, 0.0, 0.0, 0.0, 0.0, 0.0, 0.0, 0.0, 0.0, 0.0, 0.0, 0.0, 0.0, 0.0]",COMPLETE
