,number,value,datetime_start,datetime_complete,duration,params_batch_size_scaler,params_constant_learning_rate,params_depth,params_epochs,params_kernel_l2,params_num_trees,params_temperature,user_attrs_accuracy_test,user_attrs_accuracy_valid,user_attrs_approximate_feature_sparsity,user_attrs_approximate_feature_sparsity_history,user_attrs_approximate_weight_sparsity,user_attrs_approximate_weight_sparsity_history,user_attrs_auc_test,user_attrs_auc_valid,user_attrs_feature_sparsity,user_attrs_feature_sparsity_history,user_attrs_num_epochs,user_attrs_val_loss_history,user_attrs_weight_sparsity,user_attrs_weight_sparsity_history,state
107,107,0.5,2024-08-31 04:48:04.722411,2024-08-31 04:49:12.084390,0 days 00:01:07.361979,4,1.187201190659109,2,490,0.08286827973812608,11,0.0036478197843367454,0.859,0.85875,0,"[1, 0, 0, 0, 0, 0, 0, 0, 0, 0, 0, 0, 0, 0, 0, 0, 0, 0, 0, 0, 0, 0, 0, 0, 0, 0, 0, 0, 0, 0, 0, 0, 0, 0, 0, 0, 0, 0, 0, 0, 0, 0, 0, 0, 0, 0, 0, 0, 0, 0, 0, 0, 0, 0, 0, 0, 0, 0, 0, 0, 0, 0, 0, 0, 0, 0, 0, 0, 0, 0, 0, 0, 0, 0, 0, 0, 0, 0, 0, 0, 0, 0, 0, 0, 0, 0, 0, 0, 0, 0, 0, 0, 0, 0, 0, 0, 0, 0, 0, 0, 0, 0, 0, 0, 0, 0, 0, 0, 0, 0, 0, 0, 0, 0, 0, 0, 0, 0, 0, 0, 0, 0, 0, 0, 0, 0, 0, 0, 0, 0, 0, 0, 0, 0, 0, 0, 0, 0, 0, 0, 0, 0, 0, 0, 0, 0, 0, 0, 0, 0, 0, 0, 0, 0, 0, 0, 0, 0, 0, 0, 0, 0, 0, 0, 0, 0, 0, 0, 0, 0, 0, 0, 0, 0, 0, 0, 0, 0, 0, 0, 0, 0, 0, 0, 0, 0, 0, 0, 0, 0, 0, 0, 0, 0, 0, 0, 0, 0, 0, 0, 0, 0, 0, 0, 0, 0, 0, 0, 0, 0, 0, 0, 0, 0, 0, 0, 0, 0, 0, 0, 0, 0, 0, 0, 0, 0, 0, 0, 0, 0, 0, 0, 0, 0, 0, 0, 0, 0, 0, 0, 0, 0, 0, 0, 0, 0, 0, 0, 0, 0, 0, 0, 0, 0, 0, 0, 0, 0, 0, 0, 0, 0, 0, 0, 0, 0, 0, 0, 0, 0, 0, 0, 0, 0, 0, 0, 0, 0, 0, 0, 0, 0, 0, 0, 0, 0, 0, 0, 0, 0, 0, 0, 0, 0, 0, 0, 0, 0, 0, 0, 0, 0, 0, 0, 0, 0, 0, 0, 0, 0, 0, 0, 0, 0, 0, 0, 0, 0, 0, 0, 0, 0, 0, 0, 0, 0, 0, 0, 0, 0, 0, 0, 0, 0, 0, 0, 0, 0, 0, 0, 0, 0, 0, 0, 0, 0, 0, 0, 0, 0, 0, 0, 0, 0, 0, 0, 0, 0, 0, 0, 0, 0, 0, 0, 0, 0, 0, 0, 0, 0, 0, 0, 0, 0, 0, 0, 0, 0, 0, 0, 0, 0, 0, 0, 0, 0, 0, 0, 0, 0, 0, 0, 0, 0, 0, 0, 0, 0, 0, 0, 0, 0, 0, 0, 0, 0, 0, 0, 0, 0, 0, 0, 0, 0, 0, 0, 0, 0, 0, 0, 0, 0, 0, 0, 0, 0, 0, 0, 0, 0, 0, 0, 0, 0, 0, 0, 0, 0, 0, 0, 0, 0, 0, 0, 0, 0, 0, 0, 0, 0, 0, 0, 0, 0, 0, 0, 0, 0, 0, 0, 0, 0, 0, 0, 0, 0, 0, 0, 0, 0, 0, 0, 0, 0, 0, 0, 0, 0, 0, 0, 0, 0, 0, 0, 0, 0, 0, 0, 0, 0]",0.0,"[1.0, 0.0, 0.0, 0.0, 0.0, 0.0, 0.0, 0.0, 0.0, 0.0, 0.0, 0.0, 0.0, 0.0, 0.0, 0.0, 0.0, 0.0, 0.0, 0.0, 0.0, 0.0, 0.0, 0.0, 0.0, 0.0, 0.0, 0.0, 0.0, 0.0, 0.0, 0.0, 0.0, 0.0, 0.0, 0.0, 0.0, 0.0, 0.0, 0.0, 0.0, 0.0, 0.0, 0.0, 0.0, 0.0, 0.0, 0.0, 0.0, 0.0, 0.0, 0.0, 0.0, 0.0, 0.0, 0.0, 0.0, 0.0, 0.0, 0.0, 0.0, 0.0, 0.0, 0.0, 0.0, 0.0, 0.0, 0.0, 0.0, 0.0, 0.0, 0.0, 0.0, 0.0, 0.0, 0.0, 0.0, 0.0, 0.0, 0.0, 0.0, 0.0, 0.0, 0.0, 0.0, 0.0, 0.0, 0.0, 0.0, 0.0, 0.0, 0.0, 0.0, 0.0, 0.0, 0.0, 0.0, 0.0, 0.0, 0.0, 0.0, 0.0, 0.0, 0.0, 0.0, 0.0, 0.0, 0.0, 0.0, 0.0, 0.0, 0.0, 0.0, 0.0, 0.0, 0.0, 0.0, 0.0, 0.0, 0.0, 0.0, 0.0, 0.0, 0.0, 0.0, 0.0, 0.0, 0.0, 0.0, 0.0, 0.0, 0.0, 0.0, 0.0, 0.0, 0.0, 0.0, 0.0, 0.0, 0.0, 0.0, 0.0, 0.0, 0.0, 0.0, 0.0, 0.0, 0.0, 0.0, 0.0, 0.0, 0.0, 0.0, 0.0, 0.0, 0.0, 0.0, 0.0, 0.0, 0.0, 0.0, 0.0, 0.0, 0.0, 0.0, 0.0, 0.0, 0.0, 0.0, 0.0, 0.0, 0.0, 0.0, 0.0, 0.0, 0.0, 0.0, 0.0, 0.0, 0.0, 0.0, 0.0, 0.0, 0.0, 0.0, 0.0, 0.0, 0.0, 0.0, 0.0, 0.0, 0.0, 0.0, 0.0, 0.0, 0.0, 0.0, 0.0, 0.0, 0.0, 0.0, 0.0, 0.0, 0.0, 0.0, 0.0, 0.0, 0.0, 0.0, 0.0, 0.0, 0.0, 0.0, 0.0, 0.0, 0.0, 0.0, 0.0, 0.0, 0.0, 0.0, 0.0, 0.0, 0.0, 0.0, 0.0, 0.0, 0.0, 0.0, 0.0, 0.0, 0.0, 0.0, 0.0, 0.0, 0.0, 0.0, 0.0, 0.0, 0.0, 0.0, 0.0, 0.0, 0.0, 0.0, 0.0, 0.0, 0.0, 0.0, 0.0, 0.0, 0.0, 0.0, 0.0, 0.0, 0.0, 0.0, 0.0, 0.0, 0.0, 0.0, 0.0, 0.0, 0.0, 0.0, 0.0, 0.0, 0.0, 0.0, 0.0, 0.0, 0.0, 0.0, 0.0, 0.0, 0.0, 0.0, 0.0, 0.0, 0.0, 0.0, 0.0, 0.0, 0.0, 0.0, 0.0, 0.0, 0.0, 0.0, 0.0, 0.0, 0.0, 0.0, 0.0, 0.0, 0.0, 0.0, 0.0, 0.0, 0.0, 0.0, 0.0, 0.0, 0.0, 0.0, 0.0, 0.0, 0.0, 0.0, 0.0, 0.0, 0.0, 0.0, 0.0, 0.0, 0.0, 0.0, 0.0, 0.0, 0.0, 0.0, 0.0, 0.0, 0.0, 0.0, 0.0, 0.0, 0.0, 0.0, 0.0, 0.0, 0.0, 0.0, 0.0, 0.0, 0.0, 0.0, 0.0, 0.0, 0.0, 0.0, 0.0, 0.0, 0.0, 0.0, 0.0, 0.0, 0.0, 0.0, 0.0, 0.0, 0.0, 0.0, 0.0, 0.0, 0.0, 0.0, 0.0, 0.0, 0.0, 0.0, 0.0, 0.0, 0.0, 0.0, 0.0, 0.0, 0.0, 0.0, 0.0, 0.0, 0.0, 0.0, 0.0, 0.0, 0.0, 0.0, 0.0, 0.0, 0.0, 0.0, 0.0, 0.0, 0.0, 0.0, 0.0, 0.0, 0.0, 0.0, 0.0, 0.0, 0.0, 0.0, 0.0, 0.0, 0.0, 0.0, 0.0, 0.0, 0.0, 0.0, 0.0, 0.0, 0.0, 0.0, 0.0, 0.0, 0.0, 0.0, 0.0, 0.0, 0.0, 0.0, 0.0, 0.0, 0.0, 0.0, 0.0, 0.0, 0.0, 0.0, 0.0, 0.0, 0.0, 0.0, 0.0, 0.0, 0.0, 0.0, 0.0, 0.0, 0.0, 0.0, 0.0, 0.0, 0.0, 0.0, 0.0, 0.0, 0.0, 0.0, 0.0, 0.0, 0.0, 0.0, 0.0, 0.0, 0.0, 0.0, 0.0, 0.0, 0.0, 0.0, 0.0, 0.0, 0.0, 0.0, 0.0, 0.0, 0.0, 0.0, 0.0, 0.0, 0.0, 0.0, 0.0, 0.0, 0.0, 0.0, 0.0, 0.0, 0.0, 0.0, 0.0, 0.0, 0.0, 0.0, 0.0, 0.0, 0.0, 0.0, 0.0, 0.0, 0.0, 0.0, 0.0, 0.0, 0.0, 0.0, 0.0]",0.5,0.5,0,"[1, 0, 0, 0, 0, 0, 0, 0, 0, 0, 0, 0, 0, 0, 0, 0, 0, 0, 0, 0, 0, 0, 0, 0, 0, 0, 0, 0, 0, 0, 0, 0, 0, 0, 0, 0, 0, 0, 0, 0, 0, 0, 0, 0, 0, 0, 0, 0, 0, 0, 0, 0, 0, 0, 0, 0, 0, 0, 0, 0, 0, 0, 0, 0, 0, 0, 0, 0, 0, 0, 0, 0, 0, 0, 0, 0, 0, 0, 0, 0, 0, 0, 0, 0, 0, 0, 0, 0, 0, 0, 0, 0, 0, 0, 0, 0, 0, 0, 0, 0, 0, 0, 0, 0, 0, 0, 0, 0, 0, 0, 0, 0, 0, 0, 0, 0, 0, 0, 0, 0, 0, 0, 0, 0, 0, 0, 0, 0, 0, 0, 0, 0, 0, 0, 0, 0, 0, 0, 0, 0, 0, 0, 0, 0, 0, 0, 0, 0, 0, 0, 0, 0, 0, 0, 0, 0, 0, 0, 0, 0, 0, 0, 0, 0, 0, 0, 0, 0, 0, 0, 0, 0, 0, 0, 0, 0, 0, 0, 0, 0, 0, 0, 0, 0, 0, 0, 0, 0, 0, 0, 0, 0, 0, 0, 0, 0, 0, 0, 0, 0, 0, 0, 0, 0, 0, 0, 0, 0, 0, 0, 0, 0, 0, 0, 0, 0, 0, 0, 0, 0, 0, 0, 0, 0, 0, 0, 0, 0, 0, 0, 0, 0, 0, 0, 0, 0, 0, 0, 0, 0, 0, 0, 0, 0, 0, 0, 0, 0, 0, 0, 0, 0, 0, 0, 0, 0, 0, 0, 0, 0, 0, 0, 0, 0, 0, 0, 0, 0, 0, 0, 0, 0, 0, 0, 0, 0, 0, 0, 0, 0, 0, 0, 0, 0, 0, 0, 0, 0, 0, 0, 0, 0, 0, 0, 0, 0, 0, 0, 0, 0, 0, 0, 0, 0, 0, 0, 0, 0, 0, 0, 0, 0, 0, 0, 0, 0, 0, 0, 0, 0, 0, 0, 0, 0, 0, 0, 0, 0, 0, 0, 0, 0, 0, 0, 0, 0, 0, 0, 0, 0, 0, 0, 0, 0, 0, 0, 0, 0, 0, 0, 0, 0, 0, 0, 0, 0, 0, 0, 0, 0, 0, 0, 0, 0, 0, 0, 0, 0, 0, 0, 0, 0, 0, 0, 0, 0, 0, 0, 0, 0, 0, 0, 0, 0, 0, 0, 0, 0, 0, 0, 0, 0, 0, 0, 0, 0, 0, 0, 0, 0, 0, 0, 0, 0, 0, 0, 0, 0, 0, 0, 0, 0, 0, 0, 0, 0, 0, 0, 0, 0, 0, 0, 0, 0, 0, 0, 0, 0, 0, 0, 0, 0, 0, 0, 0, 0, 0, 0, 0, 0, 0, 0, 0, 0, 0, 0, 0, 0, 0, 0, 0, 0, 0, 0, 0, 0, 0, 0, 0, 0, 0, 0, 0, 0, 0, 0, 0, 0, 0, 0, 0, 0, 0, 0, 0, 0, 0, 0, 0, 0, 0, 0, 0, 0, 0, 0, 0, 0, 0, 0]",490,"[0.3958551287651062, 0.43039727210998535, 0.4072333574295044, 0.4113806486129761, 0.40792176127433777, 0.4099491238594055, 0.40722790360450745, 0.4102748930454254, 0.418462336063385, 0.41450634598731995, 0.4087267220020294, 0.4076085686683655, 0.4187793433666229, 0.42128151655197144, 0.41340649127960205, 0.4273096024990082, 0.41492021083831787, 0.40773001313209534, 0.4086973965167999, 0.4174574315547943, 0.4088107943534851, 0.4079451262950897, 0.40778931975364685, 0.4088919758796692, 0.4172523021697998, 0.40762612223625183, 0.40980616211891174, 0.4239283800125122, 0.4208066165447235, 0.41343453526496887, 0.4079526960849762, 0.40723827481269836, 0.40846556425094604, 0.41070130467414856, 0.41465285420417786, 0.408051073551178, 0.4088156223297119, 0.4129742383956909, 0.42224493622779846, 0.40740376710891724, 0.42377445101737976, 0.40723279118537903, 0.4291527271270752, 0.4077742099761963, 0.40820077061653137, 0.40984871983528137, 0.4072587490081787, 0.4074282944202423, 0.40723368525505066, 0.4093247950077057, 0.4167826473712921, 0.4144520163536072, 0.41038963198661804, 0.40823519229888916, 0.4247525930404663, 0.40759578347206116, 0.4081355929374695, 0.4072387218475342, 0.4159698188304901, 0.4128521978855133, 0.4084435999393463, 0.41266414523124695, 0.40939661860466003, 0.40886688232421875, 0.40768805146217346, 0.4262548089027405, 0.41210585832595825, 0.40790247917175293, 0.4081532955169678, 0.4226718544960022, 0.41370782256126404, 0.4177599847316742, 0.4082357883453369, 0.42048513889312744, 0.4081842005252838, 0.4096178412437439, 0.41107821464538574, 0.4088529646396637, 0.4082683324813843, 0.41015252470970154, 0.4116775393486023, 0.41386115550994873, 0.40827980637550354, 0.40794292092323303, 0.40920916199684143, 0.40725189447402954, 0.4080946743488312, 0.40762999653816223, 0.40751782059669495, 0.4072609841823578, 0.4072279632091522, 0.40865594148635864, 0.4078337848186493, 0.40811383724212646, 0.41043612360954285, 0.44588443636894226, 0.4077695906162262, 0.4606035351753235, 0.40979546308517456, 0.41202881932258606, 0.40984639525413513, 0.4159161448478699, 0.4075816869735718, 0.4081079065799713, 0.4073532223701477, 0.4093778729438782, 0.4102451205253601, 0.41195088624954224, 0.4079670310020447, 0.42844268679618835, 0.4081149697303772, 0.42022082209587097, 0.4072553515434265, 0.41593101620674133, 0.40787163376808167, 0.4184742867946625, 0.4166848063468933, 0.4134646952152252, 0.40839728713035583, 0.4076648950576782, 0.4122181236743927, 0.4090644419193268, 0.40727150440216064, 0.40980780124664307, 0.4260924458503723, 0.41525977849960327, 0.40722617506980896, 0.409049391746521, 0.4081733226776123, 0.412638396024704, 0.40722620487213135, 0.41024619340896606, 0.41487613320350647, 0.41445446014404297, 0.40722620487213135, 0.4090355932712555, 0.4096616506576538, 0.4104992747306824, 0.41592103242874146, 0.4086112976074219, 0.41882264614105225, 0.4192783832550049, 0.4078272879123688, 0.4072697162628174, 0.4256240427494049, 0.4096551239490509, 0.4101364016532898, 0.4158484935760498, 0.41220414638519287, 0.43876704573631287, 0.4180435240268707, 0.4075790047645569, 0.41180676221847534, 0.4102831184864044, 0.4229261875152588, 0.40722694993019104, 0.4442100524902344, 0.4076053500175476, 0.4103800654411316, 0.40991631150245667, 0.4079263210296631, 0.4072718322277069, 0.420070081949234, 0.40821516513824463, 0.4160390794277191, 0.4159627854824066, 0.4135037362575531, 0.41036614775657654, 0.4081586003303528, 0.429881751537323, 0.409744530916214, 0.41025102138519287, 0.4082033932209015, 0.4078288972377777, 0.40741685032844543, 0.4125863015651703, 0.4126734435558319, 0.4257499575614929, 0.41156792640686035, 0.40900707244873047, 0.41079920530319214, 0.4103597402572632, 0.40782150626182556, 0.40756863355636597, 0.40728360414505005, 0.41326072812080383, 0.40725788474082947, 0.4172458350658417, 0.4072781801223755, 0.4135715365409851, 0.4098309278488159, 0.4100261330604553, 0.41170817613601685, 0.4076695740222931, 0.4089488983154297, 0.41586723923683167, 0.4115956127643585, 0.41454803943634033, 0.4110110402107239, 0.42823073267936707, 0.40745848417282104, 0.40814173221588135, 0.4136173725128174, 0.41729629039764404, 0.4072321951389313, 0.4078763723373413, 0.4079042375087738, 0.41501232981681824, 0.42235445976257324, 0.40763723850250244, 0.4081766605377197, 0.4083136022090912, 0.4082314372062683, 0.4185507595539093, 0.4092356860637665, 0.40998607873916626, 0.41602620482444763, 0.409128874540329, 0.40936097502708435, 0.40775811672210693, 0.4102225601673126, 0.40728724002838135, 0.4099021553993225, 0.4096003472805023, 0.4095945656299591, 0.40727466344833374, 0.4280868470668793, 0.40725234150886536, 0.41966041922569275, 0.40775981545448303, 0.42051756381988525, 0.4156579077243805, 0.41363540291786194, 0.44738274812698364, 0.4121991991996765, 0.4108560085296631, 0.4089736044406891, 0.41322457790374756, 0.40781933069229126, 0.40723803639411926, 0.40727654099464417, 0.41350674629211426, 0.40791964530944824, 0.40726742148399353, 0.41235390305519104, 0.4080428183078766, 0.4097844362258911, 0.4101583957672119, 0.41983118653297424, 0.40722721815109253, 0.4093807637691498, 0.4088819921016693, 0.40965139865875244, 0.412801057100296, 0.4076467454433441, 0.4072851836681366, 0.40755054354667664, 0.4072521924972534, 0.4095209538936615, 0.40729400515556335, 0.41072148084640503, 0.4103415012359619, 0.4111802279949188, 0.40760907530784607, 0.40817078948020935, 0.4141131639480591, 0.40725383162498474, 0.42004629969596863, 0.4117370843887329, 0.4208010733127594, 0.4122750461101532, 0.4075930118560791, 0.40895402431488037, 0.4073634445667267, 0.4075516164302826, 0.4099435806274414, 0.4093163013458252, 0.40728819370269775, 0.4113451838493347, 0.4098477065563202, 0.4072369337081909, 0.4076509177684784, 0.40895068645477295, 0.4073258340358734, 0.40938934683799744, 0.4172481894493103, 0.40760716795921326, 0.4073145389556885, 0.4072262644767761, 0.40767279267311096, 0.41279563307762146, 0.41151031851768494, 0.41532233357429504, 0.40870821475982666, 0.40724417567253113, 0.4227216839790344, 0.407644659280777, 0.41336047649383545, 0.4090668559074402, 0.4080423414707184, 0.4156128764152527, 0.40782734751701355, 0.40722694993019104, 0.4147563874721527, 0.40834373235702515, 0.4104408919811249, 0.4076899290084839, 0.40807437896728516, 0.40722665190696716, 0.40799206495285034, 0.4272243082523346, 0.4074401557445526, 0.44092386960983276, 0.412171870470047, 0.408000648021698, 0.4255868196487427, 0.41088658571243286, 0.41668686270713806, 0.40722620487213135, 0.40722617506980896, 0.4076686203479767, 0.4147181808948517, 0.40759536623954773, 0.41353821754455566, 0.40835559368133545, 0.4082232713699341, 0.4106304943561554, 0.4076061546802521, 0.40958699584007263, 0.4085218906402588, 0.40731650590896606, 0.40790244936943054, 0.4156356453895569, 0.4211573302745819, 0.40725356340408325, 0.40723541378974915, 0.41080981492996216, 0.4079385995864868, 0.41128045320510864, 0.4195336401462555, 0.4182743430137634, 0.42105618119239807, 0.4082789719104767, 0.4072895050048828, 0.40724316239356995, 0.40854567289352417, 0.4112047553062439, 0.4299192726612091, 0.41787615418434143, 0.408241868019104, 0.41026073694229126, 0.4074971675872803, 0.4087103009223938, 0.41021984815597534, 0.4249793589115143, 0.4072410464286804, 0.4081365168094635, 0.4116324186325073, 0.40752387046813965, 0.4187139868736267, 0.4200744330883026, 0.40726032853126526, 0.407405287027359, 0.40764319896698, 0.4072606563568115, 0.4194345474243164, 0.40906819701194763, 0.4076763391494751, 0.4226059317588806, 0.4090859889984131, 0.4468682110309601, 0.4151724576950073, 0.4077489376068115, 0.41745230555534363, 0.4092349708080292, 0.4268881678581238, 0.40926674008369446, 0.41443192958831787, 0.4139479100704193, 0.4072425067424774, 0.411941260099411, 0.4075584411621094, 0.40751951932907104, 0.4161406457424164, 0.40752625465393066, 0.4072883129119873, 0.4090152978897095, 0.4083029627799988, 0.4089934527873993, 0.4072471857070923, 0.4157332181930542, 0.40935423970222473, 0.4089808762073517, 0.4154888391494751, 0.4189547300338745, 0.40778133273124695, 0.40723854303359985, 0.410140722990036, 0.4121467173099518, 0.40895554423332214, 0.4271279573440552, 0.4116702377796173, 0.407257616519928, 0.4365151524543762, 0.4074016511440277, 0.412160724401474, 0.4078906178474426, 0.40810132026672363, 0.4073173999786377, 0.40722760558128357, 0.4073312282562256, 0.40986862778663635, 0.40828680992126465, 0.4122294485569, 0.4172338545322418, 0.41160982847213745, 0.4081153869628906, 0.40723636746406555, 0.4115365743637085, 0.4072599709033966, 0.4078746736049652, 0.4075286388397217, 0.4072512090206146, 0.4203450083732605, 0.4072903096675873, 0.4117175340652466, 0.4115956425666809, 0.40753090381622314, 0.40879279375076294, 0.407823383808136, 0.4088347256183624, 0.4184342324733734, 0.4086492955684662, 0.41505128145217896, 0.40897610783576965, 0.4139762818813324, 0.4074837863445282, 0.40755513310432434, 0.4185301959514618, 0.4145732820034027, 0.4216732382774353, 0.40920889377593994, 0.41918838024139404, 0.40860846638679504, 0.40729400515556335, 0.4072261154651642, 0.4117002487182617, 0.41029056906700134, 0.4078150987625122, 0.4135429263114929, 0.40784895420074463, 0.4098837673664093, 0.407823383808136, 0.4072723686695099, 0.4093914031982422, 0.41603413224220276, 0.40941208600997925, 0.4078167676925659, 0.42348477244377136, 0.4072418510913849, 0.4082541763782501, 0.4080750644207001, 0.4081200659275055, 0.4078669250011444, 0.41693955659866333, 0.4075794517993927, 0.40756693482398987, 0.4257936179637909, 0.41421443223953247, 0.40726786851882935, 0.4103061556816101, 0.4092680811882019, 0.4147086441516876, 0.4152391850948334, 0.4106113910675049, 0.4142264425754547, 0.40992027521133423, 0.424164354801178, 0.40725260972976685, 0.4101986289024353, 0.4096378684043884, 0.42152196168899536, 0.4075165092945099, 0.40736499428749084, 0.42026829719543457, 0.4686494469642639, 0.40835243463516235, 0.4089389741420746, 0.4081534445285797, 0.4078231453895569]",0.0,"[1.0, 0.0, 0.0, 0.0, 0.0, 0.0, 0.0, 0.0, 0.0, 0.0, 0.0, 0.0, 0.0, 0.0, 0.0, 0.0, 0.0, 0.0, 0.0, 0.0, 0.0, 0.0, 0.0, 0.0, 0.0, 0.0, 0.0, 0.0, 0.0, 0.0, 0.0, 0.0, 0.0, 0.0, 0.0, 0.0, 0.0, 0.0, 0.0, 0.0, 0.0, 0.0, 0.0, 0.0, 0.0, 0.0, 0.0, 0.0, 0.0, 0.0, 0.0, 0.0, 0.0, 0.0, 0.0, 0.0, 0.0, 0.0, 0.0, 0.0, 0.0, 0.0, 0.0, 0.0, 0.0, 0.0, 0.0, 0.0, 0.0, 0.0, 0.0, 0.0, 0.0, 0.0, 0.0, 0.0, 0.0, 0.0, 0.0, 0.0, 0.0, 0.0, 0.0, 0.0, 0.0, 0.0, 0.0, 0.0, 0.0, 0.0, 0.0, 0.0, 0.0, 0.0, 0.0, 0.0, 0.0, 0.0, 0.0, 0.0, 0.0, 0.0, 0.0, 0.0, 0.0, 0.0, 0.0, 0.0, 0.0, 0.0, 0.0, 0.0, 0.0, 0.0, 0.0, 0.0, 0.0, 0.0, 0.0, 0.0, 0.0, 0.0, 0.0, 0.0, 0.0, 0.0, 0.0, 0.0, 0.0, 0.0, 0.0, 0.0, 0.0, 0.0, 0.0, 0.0, 0.0, 0.0, 0.0, 0.0, 0.0, 0.0, 0.0, 0.0, 0.0, 0.0, 0.0, 0.0, 0.0, 0.0, 0.0, 0.0, 0.0, 0.0, 0.0, 0.0, 0.0, 0.0, 0.0, 0.0, 0.0, 0.0, 0.0, 0.0, 0.0, 0.0, 0.0, 0.0, 0.0, 0.0, 0.0, 0.0, 0.0, 0.0, 0.0, 0.0, 0.0, 0.0, 0.0, 0.0, 0.0, 0.0, 0.0, 0.0, 0.0, 0.0, 0.0, 0.0, 0.0, 0.0, 0.0, 0.0, 0.0, 0.0, 0.0, 0.0, 0.0, 0.0, 0.0, 0.0, 0.0, 0.0, 0.0, 0.0, 0.0, 0.0, 0.0, 0.0, 0.0, 0.0, 0.0, 0.0, 0.0, 0.0, 0.0, 0.0, 0.0, 0.0, 0.0, 0.0, 0.0, 0.0, 0.0, 0.0, 0.0, 0.0, 0.0, 0.0, 0.0, 0.0, 0.0, 0.0, 0.0, 0.0, 0.0, 0.0, 0.0, 0.0, 0.0, 0.0, 0.0, 0.0, 0.0, 0.0, 0.0, 0.0, 0.0, 0.0, 0.0, 0.0, 0.0, 0.0, 0.0, 0.0, 0.0, 0.0, 0.0, 0.0, 0.0, 0.0, 0.0, 0.0, 0.0, 0.0, 0.0, 0.0, 0.0, 0.0, 0.0, 0.0, 0.0, 0.0, 0.0, 0.0, 0.0, 0.0, 0.0, 0.0, 0.0, 0.0, 0.0, 0.0, 0.0, 0.0, 0.0, 0.0, 0.0, 0.0, 0.0, 0.0, 0.0, 0.0, 0.0, 0.0, 0.0, 0.0, 0.0, 0.0, 0.0, 0.0, 0.0, 0.0, 0.0, 0.0, 0.0, 0.0, 0.0, 0.0, 0.0, 0.0, 0.0, 0.0, 0.0, 0.0, 0.0, 0.0, 0.0, 0.0, 0.0, 0.0, 0.0, 0.0, 0.0, 0.0, 0.0, 0.0, 0.0, 0.0, 0.0, 0.0, 0.0, 0.0, 0.0, 0.0, 0.0, 0.0, 0.0, 0.0, 0.0, 0.0, 0.0, 0.0, 0.0, 0.0, 0.0, 0.0, 0.0, 0.0, 0.0, 0.0, 0.0, 0.0, 0.0, 0.0, 0.0, 0.0, 0.0, 0.0, 0.0, 0.0, 0.0, 0.0, 0.0, 0.0, 0.0, 0.0, 0.0, 0.0, 0.0, 0.0, 0.0, 0.0, 0.0, 0.0, 0.0, 0.0, 0.0, 0.0, 0.0, 0.0, 0.0, 0.0, 0.0, 0.0, 0.0, 0.0, 0.0, 0.0, 0.0, 0.0, 0.0, 0.0, 0.0, 0.0, 0.0, 0.0, 0.0, 0.0, 0.0, 0.0, 0.0, 0.0, 0.0, 0.0, 0.0, 0.0, 0.0, 0.0, 0.0, 0.0, 0.0, 0.0, 0.0, 0.0, 0.0, 0.0, 0.0, 0.0, 0.0, 0.0, 0.0, 0.0, 0.0, 0.0, 0.0, 0.0, 0.0, 0.0, 0.0, 0.0, 0.0, 0.0, 0.0, 0.0, 0.0, 0.0, 0.0, 0.0, 0.0, 0.0, 0.0, 0.0, 0.0, 0.0, 0.0, 0.0, 0.0, 0.0, 0.0, 0.0, 0.0, 0.0, 0.0, 0.0, 0.0, 0.0, 0.0, 0.0, 0.0, 0.0, 0.0, 0.0, 0.0, 0.0, 0.0, 0.0, 0.0, 0.0, 0.0, 0.0, 0.0, 0.0, 0.0, 0.0, 0.0, 0.0, 0.0, 0.0, 0.0, 0.0, 0.0, 0.0, 0.0, 0.0, 0.0, 0.0, 0.0, 0.0, 0.0, 0.0]",COMPLETE
