,number,value,datetime_start,datetime_complete,duration,params_batch_size_scaler,params_constant_learning_rate,params_depth,params_epochs,params_kernel_l2,params_num_trees,params_temperature,user_attrs_accuracy_test,user_attrs_accuracy_valid,user_attrs_approximate_feature_sparsity,user_attrs_approximate_feature_sparsity_history,user_attrs_approximate_weight_sparsity,user_attrs_approximate_weight_sparsity_history,user_attrs_auc_test,user_attrs_auc_valid,user_attrs_feature_sparsity,user_attrs_feature_sparsity_history,user_attrs_num_epochs,user_attrs_val_loss_history,user_attrs_weight_sparsity,user_attrs_weight_sparsity_history,state
133,133,0.9385554739730263,2024-08-31 06:14:07.757091,2024-08-31 06:16:45.478261,0 days 00:02:37.721170,16,0.9945215425931154,5,265,0.005159046163160872,41,0.0006515058261373939,0.951,0.965,20,"[33, 33, 33, 33, 33, 33, 33, 33, 33, 33, 33, 33, 33, 33, 33, 33, 33, 33, 33, 33, 33, 33, 33, 33, 33, 33, 33, 33, 33, 33, 33, 33, 33, 33, 33, 33, 33, 33, 33, 33, 33, 33, 33, 32, 32, 31, 28, 26, 26, 25, 25, 24, 24, 23, 23, 23, 23, 23, 23, 23, 23, 23, 21, 21, 21, 21, 21, 21, 21, 21, 21, 21, 21, 21, 21, 21, 21, 21, 21, 21, 21, 21, 21, 21, 21, 21, 21, 21, 21, 21, 21, 21, 21, 21, 21, 21, 21, 21, 21, 20, 20, 20, 20, 20, 20, 20, 20, 20, 20, 20, 20, 20, 20, 20, 20, 20, 20, 20, 20, 20, 20, 20, 20, 20, 20, 20, 20, 20, 20, 20, 20, 20, 20, 20, 20, 20, 20, 20, 20, 20, 20, 20, 20, 20, 20, 20, 20, 20, 20, 20, 20, 20, 20, 20, 20, 20, 20, 20, 20, 20, 20, 20, 20, 20, 20, 20, 20, 20, 20, 20, 20, 20, 20, 20, 20, 20, 20, 20, 20, 20, 20, 20, 20, 20, 20, 20, 20, 20, 20, 20, 20, 20, 20, 20, 20, 20, 20, 20, 20, 20, 20, 20, 20, 20, 20, 20, 20, 20, 20, 20, 20, 20, 20, 20, 20, 20, 20, 20, 20, 20, 20, 20, 20, 20, 20, 20, 20, 20, 20, 20, 20, 20, 20, 20, 20, 20, 20, 20, 20, 20, 20, 20, 20, 20, 20, 20, 20, 20, 20, 20, 20, 20, 20, 20, 20, 20, 20, 20, 20, 20, 20, 20, 20, 20, 20]",19.972462627852085,"[32.950432730133755, 32.955153422501965, 32.955153422501965, 32.95279307631786, 32.94885916601101, 32.9441384736428, 32.950432730133755, 32.95594020456334, 32.95672698662471, 32.9567269866247, 32.958300550747445, 32.96066089693155, 32.9567269866247, 32.955153422501965, 32.950432730133755, 32.955153422501965, 32.96380802517702, 32.9543666404406, 32.96302124311566, 32.95594020456334, 32.95200629425649, 32.951219512195124, 32.96223446105429, 32.96144767899292, 32.95515342250197, 32.951219512195124, 32.96223446105429, 32.95672698662471, 32.96144767899292, 32.950432730133755, 32.95672698662471, 32.94807238394964, 32.95672698662471, 32.96066089693155, 32.961447678992926, 32.95751376868608, 32.96302124311566, 32.951219512195124, 32.95357985837923, 32.962234461054294, 32.95987411487018, 32.95200629425649, 32.955153422501965, 31.955940204563337, 31.95672698662471, 30.95515342250197, 27.954366640440593, 25.966955153422504, 25.96774193548387, 24.97246262785209, 24.96931549960661, 23.97639653815893, 23.967741935483872, 22.974822974036194, 22.97088906372935, 22.96852871754524, 22.970102281667977, 22.96852871754524, 22.974822974036194, 22.97010228166798, 22.973249409913457, 22.97639653815893, 20.980330448465775, 20.971675845790717, 20.97797010228167, 20.96852871754524, 20.967741935483872, 20.973249409913453, 20.96852871754524, 20.966168371361135, 20.974036191974825, 20.968528717545237, 20.96774193548387, 20.966168371361135, 20.9669551534225, 20.968528717545237, 20.970889063729352, 20.975609756097562, 20.97167584579072, 20.973249409913453, 20.97088906372935, 20.975609756097562, 20.971675845790717, 20.97246262785209, 20.974036191974825, 20.97246262785209, 20.98033044846578, 20.980330448465775, 20.97639653815893, 20.975609756097562, 20.97639653815893, 20.974822974036194, 20.976396538158934, 20.982690794649884, 20.97246262785209, 20.980330448465775, 20.97639653815893, 20.971675845790717, 20.974036191974825, 19.98033044846578, 19.980330448465775, 19.97954366640441, 19.980330448465775, 19.981904012588515, 19.97639653815893, 19.977183320220302, 19.975609756097562, 19.97010228166798, 19.96852871754524, 19.970102281667977, 19.9771833202203, 19.973249409913453, 19.979543666404407, 19.977970102281667, 19.980330448465775, 19.980330448465775, 19.977970102281667, 19.974822974036194, 19.975609756097562, 19.981117230527147, 19.975609756097562, 19.983477576711252, 19.981904012588515, 19.979543666404407, 19.98033044846578, 19.983477576711252, 19.982690794649884, 19.981117230527147, 19.981904012588515, 19.980330448465775, 19.97403619197482, 19.97875688434304, 19.982690794649884, 19.983477576711252, 19.98033044846578, 19.979543666404407, 19.97875688434304, 19.9771833202203, 19.979543666404407, 19.975609756097562, 19.975609756097562, 19.98033044846578, 19.97797010228167, 19.97246262785209, 19.974822974036194, 19.974822974036194, 19.98505114083399, 19.979543666404407, 19.978756884343042, 19.97797010228167, 19.981117230527147, 19.983477576711252, 19.97797010228167, 19.97797010228167, 19.981117230527147, 19.974036191974825, 19.97875688434304, 19.981117230527143, 19.9771833202203, 19.976396538158934, 19.974822974036194, 19.975609756097562, 19.975609756097562, 19.9771833202203, 19.97875688434304, 19.972462627852085, 19.97875688434304, 19.971675845790717, 19.97797010228167, 19.979543666404407, 19.979543666404407, 19.98426435877262, 19.977970102281667, 19.979543666404407, 19.97639653815893, 19.97639653815893, 19.975609756097562, 19.9771833202203, 19.980330448465775, 19.97560975609756, 19.979543666404403, 19.97954366640441, 19.9771833202203, 19.974822974036194, 19.979543666404407, 19.96852871754524, 19.981117230527147, 19.978756884343035, 19.973249409913457, 19.975609756097562, 19.974036191974825, 19.971675845790717, 19.96852871754524, 19.97797010228167, 19.97639653815893, 19.97639653815893, 19.97875688434304, 19.98426435877262, 19.979543666404407, 19.981117230527147, 19.981904012588515, 19.982690794649884, 19.973249409913457, 19.981904012588515, 19.979543666404407, 19.982690794649884, 19.974822974036194, 19.981117230527147, 19.97875688434304, 19.97797010228167, 19.977970102281667, 19.981117230527147, 19.977183320220302, 19.98426435877262, 19.975609756097562, 19.980330448465775, 19.981904012588515, 19.978756884343035, 19.9771833202203, 19.981117230527143, 19.983477576711252, 19.983477576711252, 19.98426435877262, 19.98426435877262, 19.98426435877262, 19.98190401258851, 19.981904012588515, 19.985837922895357, 19.981904012588515, 19.978756884343035, 19.98505114083399, 19.98505114083399, 19.98033044846578, 19.981117230527143, 19.981904012588515, 19.98033044846578, 19.98426435877262, 19.981904012588515, 19.97639653815893, 19.97639653815893, 19.979543666404407, 19.97639653815893, 19.980330448465775, 19.981117230527143, 19.983477576711252, 19.97954366640441, 19.973249409913457, 19.981117230527147, 19.981904012588515, 19.982690794649884, 19.987411487018097, 19.97875688434304, 19.98033044846578, 19.98583792289536, 19.981117230527147, 19.974822974036194, 19.981117230527143, 19.981117230527147, 19.981117230527143, 19.981117230527147, 19.979543666404407, 19.981117230527143, 19.97875688434304, 19.97875688434304, 19.972462627852085]",0.9229352950404148,0.9385554739730263,20,"[33, 33, 33, 33, 33, 33, 33, 33, 33, 33, 33, 33, 33, 33, 33, 33, 33, 33, 33, 33, 33, 33, 33, 33, 33, 33, 33, 33, 33, 33, 33, 33, 33, 33, 33, 33, 33, 33, 33, 33, 33, 33, 33, 32, 32, 31, 28, 26, 26, 25, 25, 24, 24, 23, 23, 23, 23, 23, 23, 23, 23, 23, 21, 21, 21, 21, 21, 21, 21, 21, 21, 21, 21, 21, 21, 21, 21, 21, 21, 21, 21, 21, 21, 21, 21, 21, 21, 21, 21, 21, 21, 21, 21, 21, 21, 21, 21, 21, 21, 20, 20, 20, 20, 20, 20, 20, 20, 20, 20, 20, 20, 20, 20, 20, 20, 20, 20, 20, 20, 20, 20, 20, 20, 20, 20, 20, 20, 20, 20, 20, 20, 20, 20, 20, 20, 20, 20, 20, 20, 20, 20, 20, 20, 20, 20, 20, 20, 20, 20, 20, 20, 20, 20, 20, 20, 20, 20, 20, 20, 20, 20, 20, 20, 20, 20, 20, 20, 20, 20, 20, 20, 20, 20, 20, 20, 20, 20, 20, 20, 20, 20, 20, 20, 20, 20, 20, 20, 20, 20, 20, 20, 20, 20, 20, 20, 20, 20, 20, 20, 20, 20, 20, 20, 20, 20, 20, 20, 20, 20, 20, 20, 20, 20, 20, 20, 20, 20, 20, 20, 20, 20, 20, 20, 20, 20, 20, 20, 20, 20, 20, 20, 20, 20, 20, 20, 20, 20, 20, 20, 20, 20, 20, 20, 20, 20, 20, 20, 20, 20, 20, 20, 20, 20, 20, 20, 20, 20, 20, 20, 20, 20, 20, 20, 20, 20]",265,"[0.3842537999153137, 0.37426549196243286, 0.3691202402114868, 0.3646373748779297, 0.3600718379020691, 0.35700979828834534, 0.35415568947792053, 0.35123881697654724, 0.348050981760025, 0.3442908227443695, 0.34128883481025696, 0.3392484188079834, 0.33720189332962036, 0.33205994963645935, 0.32880282402038574, 0.3251403868198395, 0.3218364715576172, 0.31753453612327576, 0.31665048003196716, 0.30995404720306396, 0.30588147044181824, 0.3020603656768799, 0.29692739248275757, 0.2928301990032196, 0.28829360008239746, 0.2844609320163727, 0.2803609371185303, 0.2761360704898834, 0.2732482850551605, 0.27046555280685425, 0.26747915148735046, 0.26407313346862793, 0.26041388511657715, 0.2587287425994873, 0.2562274932861328, 0.2549054026603699, 0.25447675585746765, 0.2509477734565735, 0.24902717769145966, 0.24655653536319733, 0.2451566755771637, 0.2425152212381363, 0.24090135097503662, 0.23904405534267426, 0.23703362047672272, 0.23543137311935425, 0.23499290645122528, 0.23441866040229797, 0.23367764055728912, 0.23210018873214722, 0.2299233227968216, 0.22629301249980927, 0.22494882345199585, 0.2237807810306549, 0.2261093258857727, 0.22046369314193726, 0.22046691179275513, 0.21808724105358124, 0.21668113768100739, 0.21576331555843353, 0.2148524820804596, 0.21408791840076447, 0.20966345071792603, 0.20886947214603424, 0.2066238522529602, 0.2072618305683136, 0.20417852699756622, 0.2044573575258255, 0.20272615551948547, 0.20182396471500397, 0.20292091369628906, 0.2002246230840683, 0.1994345784187317, 0.19838681817054749, 0.19709990918636322, 0.19670623540878296, 0.19515687227249146, 0.19356895983219147, 0.19550208747386932, 0.19325155019760132, 0.19246487319469452, 0.19294562935829163, 0.1907593309879303, 0.1930881142616272, 0.19145700335502625, 0.19248177111148834, 0.19310370087623596, 0.18998506665229797, 0.1877349466085434, 0.18903380632400513, 0.18922929465770721, 0.18685980141162872, 0.18620552122592926, 0.1871911585330963, 0.18615560233592987, 0.18453939259052277, 0.18937070667743683, 0.1840062290430069, 0.1864696741104126, 0.1892409324645996, 0.18438462913036346, 0.18377898633480072, 0.18459171056747437, 0.18241815268993378, 0.18361784517765045, 0.1819257140159607, 0.17986570298671722, 0.18164114654064178, 0.17962154746055603, 0.1796761453151703, 0.1786671131849289, 0.17759978771209717, 0.17967838048934937, 0.17871896922588348, 0.1775234043598175, 0.18017099797725677, 0.17793923616409302, 0.17713581025600433, 0.17858408391475677, 0.17667751014232635, 0.1767333596944809, 0.17553171515464783, 0.17530082166194916, 0.17461442947387695, 0.17369751632213593, 0.1725507378578186, 0.1773385852575302, 0.17264266312122345, 0.17318861186504364, 0.17381253838539124, 0.17214782536029816, 0.1758289486169815, 0.17609229683876038, 0.17220890522003174, 0.17232604324817657, 0.1736462563276291, 0.17023858428001404, 0.17513205111026764, 0.16870231926441193, 0.17009669542312622, 0.17213290929794312, 0.1704699844121933, 0.17040960490703583, 0.16773754358291626, 0.1742965281009674, 0.1708298623561859, 0.16937868297100067, 0.1686810851097107, 0.17073670029640198, 0.16618502140045166, 0.1726464331150055, 0.16559578478336334, 0.16603468358516693, 0.16792209446430206, 0.16770894825458527, 0.16471515595912933, 0.16755735874176025, 0.16789588332176208, 0.16469235718250275, 0.16450364887714386, 0.16459892690181732, 0.16484777629375458, 0.16388748586177826, 0.16413497924804688, 0.16385336220264435, 0.16402454674243927, 0.16602426767349243, 0.16688480973243713, 0.161973774433136, 0.16032369434833527, 0.16207383573055267, 0.16279709339141846, 0.16850411891937256, 0.16025091707706451, 0.16078099608421326, 0.16229897737503052, 0.16137586534023285, 0.1607905924320221, 0.15946680307388306, 0.15961854159832, 0.16329769790172577, 0.16188089549541473, 0.16182264685630798, 0.1578633040189743, 0.15850205719470978, 0.15821315348148346, 0.16049011051654816, 0.16072122752666473, 0.15751977264881134, 0.158682182431221, 0.16072647273540497, 0.15932844579219818, 0.1575274020433426, 0.15884894132614136, 0.15616820752620697, 0.16143140196800232, 0.16486726701259613, 0.15620194375514984, 0.15695279836654663, 0.15570077300071716, 0.15536238253116608, 0.1567990630865097, 0.1548193097114563, 0.15556029975414276, 0.15685056149959564, 0.15553690493106842, 0.15826457738876343, 0.1538163423538208, 0.15560364723205566, 0.15397386252880096, 0.15425972640514374, 0.15466473996639252, 0.15401388704776764, 0.15619201958179474, 0.1557847261428833, 0.1531335562467575, 0.1535007208585739, 0.15330728888511658, 0.15369044244289398, 0.15539388358592987, 0.1531429886817932, 0.15216423571109772, 0.15276606380939484, 0.15436457097530365, 0.1532776951789856, 0.15078964829444885, 0.1525232493877411, 0.1532636135816574, 0.15797489881515503, 0.15339693427085876, 0.149906188249588, 0.15490543842315674, 0.15110468864440918, 0.15126952528953552, 0.15206126868724823, 0.15056489408016205, 0.15243832767009735, 0.15213218331336975, 0.15250307321548462, 0.1509597897529602, 0.15063433349132538, 0.151630699634552, 0.1556171476840973, 0.1496858447790146, 0.1511002779006958, 0.15195442736148834, 0.14965084195137024, 0.15047548711299896, 0.14912140369415283, 0.1497114598751068, 0.14915995299816132, 0.15945525467395782, 0.15317213535308838, 0.14767536520957947, 0.14668388664722443, 0.1469583958387375, 0.14694352447986603, 0.14623622596263885, 0.1482173353433609, 0.1468905210494995, 0.1473524272441864, 0.14832371473312378, 0.14776819944381714, 0.14647093415260315, 0.1480942815542221]",20.0,"[33.0, 33.0, 33.0, 33.0, 33.0, 33.0, 33.0, 33.0, 33.0, 33.0, 33.0, 33.0, 33.0, 33.0, 33.0, 33.0, 33.0, 33.0, 33.0, 33.0, 33.0, 33.0, 33.0, 33.0, 33.0, 33.0, 33.0, 33.0, 33.0, 33.0, 33.0, 33.0, 33.0, 33.0, 33.0, 33.0, 33.0, 33.0, 33.0, 33.0, 33.0, 33.0, 33.0, 32.0, 32.0, 31.0, 28.0, 26.0, 26.0, 25.0, 25.0, 24.0, 24.0, 23.0, 23.0, 23.0, 23.0, 23.0, 23.0, 23.0, 23.0, 23.0, 21.0, 21.0, 21.0, 21.0, 21.0, 21.0, 21.0, 21.0, 21.0, 21.0, 21.0, 21.0, 21.0, 21.0, 21.0, 21.0, 21.0, 21.0, 21.0, 21.0, 21.0, 21.0, 21.0, 21.0, 21.0, 21.0, 21.0, 21.0, 21.0, 21.0, 21.0, 21.0, 21.0, 21.0, 21.0, 21.0, 21.0, 20.0, 20.0, 20.0, 20.0, 20.0, 20.0, 20.0, 20.0, 20.0, 20.0, 20.0, 20.0, 20.0, 20.0, 20.0, 20.0, 20.0, 20.0, 20.0, 20.0, 20.0, 20.0, 20.0, 20.0, 20.0, 20.0, 20.0, 20.0, 20.0, 20.0, 20.0, 20.0, 20.0, 20.0, 20.0, 20.0, 20.0, 20.0, 20.0, 20.0, 20.0, 20.0, 20.0, 20.0, 20.0, 20.0, 20.0, 20.0, 20.0, 20.0, 20.0, 20.0, 20.0, 20.0, 20.0, 20.0, 20.0, 20.0, 20.0, 20.0, 20.0, 20.0, 20.0, 20.0, 20.0, 20.0, 20.0, 20.0, 20.0, 20.0, 20.0, 20.0, 20.0, 20.0, 20.0, 20.0, 20.0, 20.0, 20.0, 20.0, 20.0, 20.0, 20.0, 20.0, 20.0, 20.0, 20.0, 20.0, 20.0, 20.0, 20.0, 20.0, 20.0, 20.0, 20.0, 20.0, 20.0, 20.0, 20.0, 20.0, 20.0, 20.0, 20.0, 20.0, 20.0, 20.0, 20.0, 20.0, 20.0, 20.0, 20.0, 20.0, 20.0, 20.0, 20.0, 20.0, 20.0, 20.0, 20.0, 20.0, 20.0, 20.0, 20.0, 20.0, 20.0, 20.0, 20.0, 20.0, 20.0, 20.0, 20.0, 20.0, 20.0, 20.0, 20.0, 20.0, 20.0, 20.0, 20.0, 20.0, 20.0, 20.0, 20.0, 20.0, 20.0, 20.0, 20.0, 20.0, 20.0, 20.0, 20.0, 20.0, 20.0, 20.0, 20.0, 20.0, 20.0, 20.0, 20.0, 20.0, 20.0, 20.0, 20.0, 20.0, 20.0, 20.0]",COMPLETE
