,number,value,datetime_start,datetime_complete,duration,params_batch_size_scaler,params_constant_learning_rate,params_depth,params_epochs,params_kernel_l2,params_num_trees,params_temperature,user_attrs_accuracy_test,user_attrs_accuracy_valid,user_attrs_approximate_feature_sparsity,user_attrs_approximate_feature_sparsity_history,user_attrs_approximate_weight_sparsity,user_attrs_approximate_weight_sparsity_history,user_attrs_auc_test,user_attrs_auc_valid,user_attrs_feature_sparsity,user_attrs_feature_sparsity_history,user_attrs_num_epochs,user_attrs_val_loss_history,user_attrs_weight_sparsity,user_attrs_weight_sparsity_history,state
138,138,0.9225309476884235,2024-08-31 06:23:28.061335,2024-08-31 06:24:06.741288,0 days 00:00:38.679953,16,0.321499188994245,4,175,0.002010585155182596,55,0.0009018551922759799,0.926,0.93,33,"[33, 33, 33, 33, 33, 33, 33, 33, 33, 33, 33, 33, 33, 33, 33, 33, 33, 33, 33, 33, 33, 33, 33, 33, 33, 33, 33, 33, 33, 33, 33, 33, 33, 33, 33, 33, 33, 33, 33, 33, 33, 33, 33, 33, 33, 33, 33, 33, 33, 33, 33, 33, 33, 33, 33, 33, 33, 33, 33, 33, 33, 33, 33, 33, 33, 33, 33, 33, 33, 33, 33, 33, 33, 33, 33, 33, 33, 33, 33, 33, 33, 33, 33, 33, 33, 33, 33, 33, 33, 33, 33, 33, 33, 33, 33, 33, 33, 33, 33, 33, 33, 33, 33, 33, 33, 33, 33, 33, 33, 33, 33, 33, 33, 33, 33, 33, 33, 33, 33, 33, 33, 33, 33, 33, 33, 33, 33, 33, 33, 33, 33, 33, 33, 33, 33, 33, 33, 33, 33, 33, 33, 33, 33, 33, 33, 33, 33, 33, 33, 33, 33, 33, 33, 33, 33, 33, 33, 33, 33, 33, 33, 33, 33, 33, 33, 33, 33, 33, 33, 33, 33, 33, 33, 33, 33]",32.95393939393939,"[32.96242424242425, 32.96969696969697, 32.96, 32.95272727272727, 32.95636363636363, 32.95757575757575, 32.96121212121212, 32.96969696969697, 32.96848484848485, 32.96363636363636, 32.958787878787874, 32.96606060606061, 32.96363636363636, 32.96, 32.96484848484848, 32.96242424242424, 32.95393939393939, 32.96, 32.949090909090906, 32.96363636363636, 32.95757575757575, 32.95878787878788, 32.96606060606061, 32.96242424242425, 32.96484848484849, 32.96848484848485, 32.96, 32.96484848484849, 32.96363636363637, 32.96, 32.9430303030303, 32.96727272727273, 32.96363636363636, 32.96121212121212, 32.96, 32.96, 32.97090909090909, 32.96969696969697, 32.96121212121212, 32.96363636363636, 32.96848484848485, 32.96484848484848, 32.95757575757575, 32.96121212121212, 32.95515151515151, 32.95757575757575, 32.95272727272727, 32.95878787878788, 32.95515151515151, 32.96484848484849, 32.96242424242424, 32.96363636363637, 32.96969696969697, 32.95878787878788, 32.974545454545456, 32.973333333333336, 32.96848484848485, 32.96727272727273, 32.96, 32.95636363636364, 32.95636363636363, 32.95393939393939, 32.96606060606061, 32.95757575757576, 32.95757575757576, 32.96606060606061, 32.96121212121212, 32.96363636363637, 32.95757575757575, 32.95757575757576, 32.96606060606061, 32.96121212121212, 32.95757575757576, 32.95393939393939, 32.95393939393939, 32.96242424242425, 32.96, 32.96363636363636, 32.96727272727273, 32.96121212121212, 32.95757575757576, 32.96, 32.96969696969697, 32.95515151515152, 32.96606060606061, 32.95393939393939, 32.95151515151515, 32.96121212121212, 32.96, 32.96242424242424, 32.958787878787874, 32.95393939393939, 32.95393939393939, 32.95636363636364, 32.96, 32.96848484848485, 32.96484848484849, 32.96484848484848, 32.95030303030303, 32.95515151515151, 32.95515151515151, 32.95030303030303, 32.95030303030303, 32.95030303030303, 32.95878787878788, 32.96, 32.96121212121212, 32.96242424242424, 32.95272727272727, 32.96121212121212, 32.96242424242424, 32.970909090909096, 32.96, 32.95636363636363, 32.96363636363637, 32.96484848484848, 32.96121212121212, 32.96363636363636, 32.96242424242424, 32.96363636363636, 32.96606060606061, 32.96242424242424, 32.96121212121212, 32.96484848484849, 32.96, 32.96242424242425, 32.96606060606061, 32.95515151515151, 32.95757575757576, 32.96727272727273, 32.959999999999994, 32.96606060606061, 32.95636363636363, 32.96, 32.95757575757575, 32.95030303030303, 32.95515151515151, 32.946666666666665, 32.95272727272727, 32.95393939393939, 32.94909090909091, 32.95151515151515, 32.94909090909091, 32.95393939393939, 32.95151515151515, 32.95151515151515, 32.95151515151515, 32.96, 32.95515151515151, 32.95151515151515, 32.95030303030303, 32.958787878787874, 32.95878787878788, 32.95272727272727, 32.95757575757576, 32.95636363636363, 32.96606060606061, 32.96727272727273, 32.95757575757575, 32.95636363636363, 32.96121212121212, 32.96848484848485, 32.96484848484849, 32.96848484848485, 32.96121212121212, 32.95636363636363, 32.96606060606061, 32.95636363636363, 32.96242424242425, 32.96, 32.95272727272727, 32.95636363636363, 32.96606060606061, 32.958787878787874, 32.95393939393939]",0.9049034420693698,0.9225309476884235,33,"[33, 33, 33, 33, 33, 33, 33, 33, 33, 33, 33, 33, 33, 33, 33, 33, 33, 33, 33, 33, 33, 33, 33, 33, 33, 33, 33, 33, 33, 33, 33, 33, 33, 33, 33, 33, 33, 33, 33, 33, 33, 33, 33, 33, 33, 33, 33, 33, 33, 33, 33, 33, 33, 33, 33, 33, 33, 33, 33, 33, 33, 33, 33, 33, 33, 33, 33, 33, 33, 33, 33, 33, 33, 33, 33, 33, 33, 33, 33, 33, 33, 33, 33, 33, 33, 33, 33, 33, 33, 33, 33, 33, 33, 33, 33, 33, 33, 33, 33, 33, 33, 33, 33, 33, 33, 33, 33, 33, 33, 33, 33, 33, 33, 33, 33, 33, 33, 33, 33, 33, 33, 33, 33, 33, 33, 33, 33, 33, 33, 33, 33, 33, 33, 33, 33, 33, 33, 33, 33, 33, 33, 33, 33, 33, 33, 33, 33, 33, 33, 33, 33, 33, 33, 33, 33, 33, 33, 33, 33, 33, 33, 33, 33, 33, 33, 33, 33, 33, 33, 33, 33, 33, 33, 33, 33]",175,"[0.3938755393028259, 0.3861447274684906, 0.3803078532218933, 0.37580206990242004, 0.37312400341033936, 0.3703278601169586, 0.3681766986846924, 0.3663974106311798, 0.36562132835388184, 0.3632703125476837, 0.3618847131729126, 0.36003369092941284, 0.36207470297813416, 0.35716018080711365, 0.35533687472343445, 0.3541789650917053, 0.3525157570838928, 0.3519853353500366, 0.34929752349853516, 0.34770068526268005, 0.3462298512458801, 0.34496554732322693, 0.3437410593032837, 0.34197700023651123, 0.34098103642463684, 0.33930736780166626, 0.3376735746860504, 0.3385254144668579, 0.3360884189605713, 0.33377310633659363, 0.3321863114833832, 0.33038124442100525, 0.3319338262081146, 0.32771065831184387, 0.32545360922813416, 0.324647456407547, 0.322274386882782, 0.32113438844680786, 0.31941166520118713, 0.31772950291633606, 0.3172232210636139, 0.3138415217399597, 0.3127470910549164, 0.3106916844844818, 0.3095293939113617, 0.3074524998664856, 0.3054279386997223, 0.3035576343536377, 0.3016124367713928, 0.29996681213378906, 0.2982850968837738, 0.2957460880279541, 0.2938438653945923, 0.29236871004104614, 0.29010191559791565, 0.2892887592315674, 0.28693878650665283, 0.28481265902519226, 0.283136248588562, 0.2812003791332245, 0.2797252833843231, 0.2780650854110718, 0.2764502167701721, 0.27467983961105347, 0.2736220955848694, 0.27161940932273865, 0.27018454670906067, 0.26917386054992676, 0.2675825357437134, 0.26635295152664185, 0.264911413192749, 0.2638619542121887, 0.26321592926979065, 0.26316335797309875, 0.262002170085907, 0.26141583919525146, 0.2585849463939667, 0.25741833448410034, 0.2571600675582886, 0.25530675053596497, 0.25597822666168213, 0.2538584768772125, 0.2530527114868164, 0.2527366876602173, 0.2513091564178467, 0.2509818375110626, 0.24985672533512115, 0.24873016774654388, 0.2478879690170288, 0.24747945368289948, 0.2466369867324829, 0.24603727459907532, 0.245120570063591, 0.2443171739578247, 0.24371492862701416, 0.2430688440799713, 0.24277181923389435, 0.24323244392871857, 0.24076414108276367, 0.24007265269756317, 0.23965220153331757, 0.2394333779811859, 0.2384815812110901, 0.23778744041919708, 0.23714454472064972, 0.23608922958374023, 0.23542045056819916, 0.23521599173545837, 0.2347656786441803, 0.23542603850364685, 0.23455409705638885, 0.2335289716720581, 0.23253095149993896, 0.23206347227096558, 0.2312626987695694, 0.2308768779039383, 0.2305648922920227, 0.22994498908519745, 0.22989536821842194, 0.22865170240402222, 0.2286454439163208, 0.22730036079883575, 0.22729748487472534, 0.22685962915420532, 0.2262750267982483, 0.2252926230430603, 0.22491535544395447, 0.22507141530513763, 0.22343948483467102, 0.2231544554233551, 0.22260813415050507, 0.22293171286582947, 0.22176799178123474, 0.22074060142040253, 0.2204258292913437, 0.22011704742908478, 0.21964436769485474, 0.21987710893154144, 0.2194468379020691, 0.2190205156803131, 0.2185799926519394, 0.2175169438123703, 0.21832779049873352, 0.2166638821363449, 0.217134490609169, 0.2160288393497467, 0.21580439805984497, 0.21574914455413818, 0.2146654576063156, 0.21406559646129608, 0.2130821794271469, 0.21388274431228638, 0.2125655710697174, 0.21232359111309052, 0.21259506046772003, 0.2123495638370514, 0.211306631565094, 0.21059390902519226, 0.21019691228866577, 0.21002580225467682, 0.21047349274158478, 0.20972442626953125, 0.20846328139305115, 0.20857290923595428, 0.20890474319458008, 0.20741422474384308, 0.20757848024368286, 0.2060873955488205, 0.20586584508419037, 0.2065492868423462, 0.20547185838222504, 0.20544202625751495, 0.20499064028263092, 0.20480862259864807, 0.20414815843105316]",33.0,"[33.0, 33.0, 33.0, 33.0, 33.0, 33.0, 33.0, 33.0, 33.0, 33.0, 33.0, 33.0, 33.0, 33.0, 33.0, 33.0, 33.0, 33.0, 33.0, 33.0, 33.0, 33.0, 33.0, 33.0, 33.0, 33.0, 33.0, 33.0, 33.0, 33.0, 33.0, 33.0, 33.0, 33.0, 33.0, 33.0, 33.0, 33.0, 33.0, 33.0, 33.0, 33.0, 33.0, 33.0, 33.0, 33.0, 33.0, 33.0, 33.0, 33.0, 33.0, 33.0, 33.0, 33.0, 33.0, 33.0, 33.0, 33.0, 33.0, 33.0, 33.0, 33.0, 33.0, 33.0, 33.0, 33.0, 33.0, 33.0, 33.0, 33.0, 33.0, 33.0, 33.0, 33.0, 33.0, 33.0, 33.0, 33.0, 33.0, 33.0, 33.0, 33.0, 33.0, 33.0, 33.0, 33.0, 33.0, 33.0, 33.0, 33.0, 33.0, 33.0, 33.0, 33.0, 33.0, 33.0, 33.0, 33.0, 33.0, 33.0, 33.0, 33.0, 33.0, 33.0, 33.0, 33.0, 33.0, 33.0, 33.0, 33.0, 33.0, 33.0, 33.0, 33.0, 33.0, 33.0, 33.0, 33.0, 33.0, 33.0, 33.0, 33.0, 33.0, 33.0, 33.0, 33.0, 33.0, 33.0, 33.0, 33.0, 33.0, 33.0, 33.0, 33.0, 33.0, 33.0, 33.0, 33.0, 33.0, 33.0, 33.0, 33.0, 33.0, 33.0, 33.0, 33.0, 33.0, 33.0, 33.0, 33.0, 33.0, 33.0, 33.0, 33.0, 33.0, 33.0, 33.0, 33.0, 33.0, 33.0, 33.0, 33.0, 33.0, 33.0, 33.0, 33.0, 33.0, 33.0, 33.0, 33.0, 33.0, 33.0, 33.0, 33.0, 33.0]",COMPLETE
