,number,value,datetime_start,datetime_complete,duration,params_batch_size_scaler,params_constant_learning_rate,params_depth,params_epochs,params_kernel_l2,params_num_trees,params_temperature,user_attrs_accuracy_test,user_attrs_accuracy_valid,user_attrs_approximate_feature_sparsity,user_attrs_approximate_feature_sparsity_history,user_attrs_approximate_weight_sparsity,user_attrs_approximate_weight_sparsity_history,user_attrs_auc_test,user_attrs_auc_valid,user_attrs_feature_sparsity,user_attrs_feature_sparsity_history,user_attrs_num_epochs,user_attrs_val_loss_history,user_attrs_weight_sparsity,user_attrs_weight_sparsity_history,state
23,23,0.8355296208988677,2024-08-31 01:25:04.651668,2024-08-31 01:25:35.218517,0 days 00:00:30.566849,16,0.041918933645912884,3,235,0.006805908701019696,43,0.005759079044844155,0.879,0.88,33,"[33, 33, 33, 33, 33, 33, 33, 33, 33, 33, 33, 33, 33, 33, 33, 33, 33, 33, 33, 33, 33, 33, 33, 33, 33, 33, 33, 33, 33, 33, 33, 33, 33, 33, 33, 33, 33, 33, 33, 33, 33, 33, 33, 33, 33, 33, 33, 33, 33, 33, 33, 33, 33, 33, 33, 33, 33, 33, 33, 33, 33, 33, 33, 33, 33, 33, 33, 33, 33, 33, 33, 33, 33, 33, 33, 33, 33, 33, 33, 33, 33, 33, 33, 33, 33, 33, 33, 33, 33, 33, 33, 33, 33, 33, 33, 33, 33, 33, 33, 33, 33, 33, 33, 33, 33, 33, 33, 33, 33, 33, 33, 33, 33, 33, 33, 33, 33, 33, 33, 33, 33, 33, 33, 33, 33, 33, 33, 33, 33, 33, 33, 33, 33, 33, 33, 33, 33, 33, 33, 33, 33, 33, 33, 33, 33, 33, 33, 33, 33, 33, 33, 33, 33, 33, 33, 33, 33, 33, 33, 33, 33, 33, 33, 33, 33, 33, 33, 33, 33, 33, 33, 33, 33, 33, 33, 33, 33, 33, 33, 33, 33, 33, 33, 33, 33, 33, 33, 33, 33, 33, 33, 33, 33, 33, 33, 33, 33, 33, 33, 33, 33, 33, 33, 33, 33, 33, 33, 33, 33, 33, 33, 33, 33, 33, 33, 33, 33, 33, 33, 33, 33, 33, 33, 33, 33, 33, 33, 33, 33, 33, 33, 33, 33, 33, 33]",32.98338870431894,"[32.990033222591364, 32.97674418604651, 32.98671096345515, 32.98006644518272, 32.9734219269103, 32.990033222591364, 32.98338870431894, 32.9734219269103, 32.963455149501655, 32.970099667774086, 32.9734219269103, 32.9734219269103, 32.966777408637874, 32.970099667774086, 32.97674418604651, 32.98006644518272, 32.963455149501655, 32.9734219269103, 32.97674418604651, 32.98338870431893, 32.98006644518272, 32.98338870431893, 32.97674418604651, 32.98006644518272, 32.98338870431893, 32.98671096345515, 32.9734219269103, 32.970099667774086, 32.98338870431893, 32.97674418604651, 32.96345514950166, 32.970099667774086, 32.966777408637874, 32.95681063122923, 32.966777408637874, 32.98006644518272, 32.970099667774086, 32.98338870431893, 32.98006644518272, 32.98338870431893, 32.990033222591364, 32.990033222591364, 32.98671096345515, 32.98671096345515, 32.98671096345515, 32.98338870431893, 32.98338870431893, 32.98671096345515, 32.98338870431894, 32.98338870431893, 32.97674418604651, 32.98006644518272, 32.98671096345515, 32.990033222591364, 32.97674418604651, 32.98006644518272, 32.98338870431893, 32.98338870431893, 32.97674418604651, 32.9734219269103, 32.966777408637874, 32.98006644518272, 32.98338870431894, 32.98338870431894, 32.98338870431894, 32.990033222591364, 32.98338870431894, 32.993355481727576, 32.97674418604651, 32.98338870431894, 32.9734219269103, 32.97674418604651, 32.9734219269103, 32.98338870431893, 32.97674418604651, 32.96677740863787, 32.97674418604651, 32.97674418604651, 32.98006644518272, 32.98671096345515, 32.990033222591364, 32.98671096345515, 32.98338870431893, 32.98338870431893, 32.97674418604651, 32.9734219269103, 32.98006644518272, 32.98671096345515, 32.98671096345515, 32.98671096345515, 32.990033222591364, 32.99667774086379, 32.98671096345515, 32.9734219269103, 32.970099667774086, 32.98338870431894, 32.97674418604651, 32.970099667774086, 32.98006644518272, 32.9734219269103, 32.990033222591364, 32.98671096345515, 32.990033222591364, 32.990033222591364, 32.98006644518272, 32.98671096345515, 32.990033222591364, 32.97674418604651, 32.98006644518272, 32.98006644518272, 32.98006644518272, 32.97674418604651, 32.98006644518272, 32.98338870431894, 32.97674418604651, 32.98338870431893, 32.97674418604651, 32.98338870431893, 32.98338870431893, 32.98006644518272, 32.98338870431893, 32.98338870431894, 32.98006644518273, 32.970099667774086, 32.97674418604651, 32.970099667774086, 32.970099667774086, 32.9734219269103, 32.98006644518272, 32.9734219269103, 32.98338870431893, 32.97674418604651, 32.98006644518272, 32.990033222591364, 32.98338870431893, 32.98006644518272, 32.98006644518272, 32.97674418604651, 32.966777408637874, 32.966777408637874, 32.98338870431893, 32.98338870431893, 32.98338870431893, 32.98671096345515, 32.993355481727576, 32.993355481727576, 32.98338870431893, 32.970099667774086, 32.98671096345515, 32.970099667774086, 32.9734219269103, 32.970099667774086, 32.97674418604651, 32.970099667774086, 32.966777408637874, 32.966777408637874, 32.970099667774086, 32.966777408637874, 32.96345514950166, 32.96013289036545, 32.95348837209302, 32.95348837209302, 32.966777408637874, 32.970099667774086, 32.98006644518272, 32.98006644518272, 32.9734219269103, 32.970099667774086, 32.970099667774086, 32.9734219269103, 32.966777408637874, 32.98338870431893, 32.98338870431893, 32.98006644518272, 32.98671096345515, 32.98338870431893, 32.98338870431893, 32.98671096345515, 32.990033222591364, 32.98006644518272, 32.9734219269103, 32.96013289036544, 32.96345514950166, 32.966777408637874, 32.97674418604651, 32.9734219269103, 32.970099667774086, 32.9734219269103, 32.9734219269103, 32.98006644518272, 32.98671096345515, 32.98006644518272, 32.9734219269103, 32.98006644518272, 32.98338870431893, 32.98006644518272, 32.97674418604651, 32.98006644518272, 32.98006644518272, 32.98671096345515, 32.98671096345515, 32.9734219269103, 32.98006644518272, 32.990033222591364, 32.990033222591364, 32.98338870431894, 32.98671096345515, 32.990033222591364, 32.990033222591364, 32.98006644518272, 32.98006644518272, 32.98006644518273, 32.98338870431894, 32.98006644518273, 32.98006644518272, 32.966777408637874, 32.96677740863787, 32.98006644518272, 32.98006644518272, 32.970099667774086, 32.9734219269103, 32.98338870431893, 32.98006644518272, 32.9734219269103, 32.9734219269103, 32.98338870431893, 32.970099667774086, 32.97674418604651, 32.98006644518273, 32.97674418604651, 32.98338870431894, 32.98671096345515, 32.990033222591364, 32.990033222591364, 32.98338870431894]",0.842716667079484,0.8355296208988677,33,"[33, 33, 33, 33, 33, 33, 33, 33, 33, 33, 33, 33, 33, 33, 33, 33, 33, 33, 33, 33, 33, 33, 33, 33, 33, 33, 33, 33, 33, 33, 33, 33, 33, 33, 33, 33, 33, 33, 33, 33, 33, 33, 33, 33, 33, 33, 33, 33, 33, 33, 33, 33, 33, 33, 33, 33, 33, 33, 33, 33, 33, 33, 33, 33, 33, 33, 33, 33, 33, 33, 33, 33, 33, 33, 33, 33, 33, 33, 33, 33, 33, 33, 33, 33, 33, 33, 33, 33, 33, 33, 33, 33, 33, 33, 33, 33, 33, 33, 33, 33, 33, 33, 33, 33, 33, 33, 33, 33, 33, 33, 33, 33, 33, 33, 33, 33, 33, 33, 33, 33, 33, 33, 33, 33, 33, 33, 33, 33, 33, 33, 33, 33, 33, 33, 33, 33, 33, 33, 33, 33, 33, 33, 33, 33, 33, 33, 33, 33, 33, 33, 33, 33, 33, 33, 33, 33, 33, 33, 33, 33, 33, 33, 33, 33, 33, 33, 33, 33, 33, 33, 33, 33, 33, 33, 33, 33, 33, 33, 33, 33, 33, 33, 33, 33, 33, 33, 33, 33, 33, 33, 33, 33, 33, 33, 33, 33, 33, 33, 33, 33, 33, 33, 33, 33, 33, 33, 33, 33, 33, 33, 33, 33, 33, 33, 33, 33, 33, 33, 33, 33, 33, 33, 33, 33, 33, 33, 33, 33, 33, 33, 33, 33, 33, 33, 33]",235,"[0.40883922576904297, 0.40160176157951355, 0.3985305726528168, 0.3960273265838623, 0.39376145601272583, 0.39175280928611755, 0.3898965120315552, 0.3882408142089844, 0.3866492509841919, 0.38520944118499756, 0.38388243317604065, 0.3826122581958771, 0.3815107047557831, 0.3804059624671936, 0.3793090879917145, 0.3783755600452423, 0.377432644367218, 0.3766569495201111, 0.37587153911590576, 0.3750457763671875, 0.37424859404563904, 0.37357836961746216, 0.37292516231536865, 0.37225577235221863, 0.37161555886268616, 0.37105926871299744, 0.370522677898407, 0.3700155019760132, 0.36949580907821655, 0.3690188527107239, 0.3685865104198456, 0.3680892288684845, 0.3676574230194092, 0.3671933114528656, 0.3667728304862976, 0.36639323830604553, 0.3660281002521515, 0.3656729459762573, 0.3652554452419281, 0.36484619975090027, 0.36452415585517883, 0.36410054564476013, 0.36374762654304504, 0.3633860647678375, 0.363028347492218, 0.36265718936920166, 0.3623225688934326, 0.3619830012321472, 0.36171194911003113, 0.36135467886924744, 0.3611791133880615, 0.360901415348053, 0.36054638028144836, 0.36019596457481384, 0.3598134517669678, 0.3595781624317169, 0.3591882586479187, 0.3588677942752838, 0.3585416078567505, 0.3582642674446106, 0.35796549916267395, 0.3576405346393585, 0.3573131263256073, 0.35712605714797974, 0.3567303419113159, 0.35646629333496094, 0.35617130994796753, 0.3558008074760437, 0.3555499017238617, 0.35524627566337585, 0.35504287481307983, 0.3545529246330261, 0.35422030091285706, 0.35388484597206116, 0.3535998463630676, 0.35333800315856934, 0.3530999720096588, 0.3527706265449524, 0.35257312655448914, 0.3521588146686554, 0.3518097400665283, 0.35162270069122314, 0.35129013657569885, 0.3509572148323059, 0.3506677746772766, 0.35042738914489746, 0.3500876724720001, 0.34979483485221863, 0.34945130348205566, 0.3491555154323578, 0.3488667607307434, 0.3485633432865143, 0.3482859432697296, 0.3479614555835724, 0.3477115333080292, 0.34742406010627747, 0.3470994830131531, 0.34676235914230347, 0.3465772867202759, 0.3462844789028168, 0.3459283113479614, 0.3456082046031952, 0.345359206199646, 0.34510311484336853, 0.34472939372062683, 0.3445017337799072, 0.34431007504463196, 0.343965083360672, 0.3436235189437866, 0.3433452248573303, 0.3431225121021271, 0.34264835715293884, 0.34241825342178345, 0.3421614170074463, 0.3418673574924469, 0.34158024191856384, 0.34142249822616577, 0.34109386801719666, 0.34078651666641235, 0.34060895442962646, 0.3403443396091461, 0.33984601497650146, 0.3395828306674957, 0.3393228054046631, 0.3390703499317169, 0.338725745677948, 0.3384734094142914, 0.3381180167198181, 0.33786988258361816, 0.33760082721710205, 0.3372098505496979, 0.3370283544063568, 0.3366963565349579, 0.3364235758781433, 0.33626270294189453, 0.33591559529304504, 0.3356110453605652, 0.3352506756782532, 0.33502522110939026, 0.33483922481536865, 0.33448463678359985, 0.33417370915412903, 0.3339218199253082, 0.3335358500480652, 0.33323973417282104, 0.33306172490119934, 0.33263862133026123, 0.33235281705856323, 0.33203986287117004, 0.33180785179138184, 0.33156463503837585, 0.3312916159629822, 0.3309255540370941, 0.3305819630622864, 0.3303541839122772, 0.33006909489631653, 0.3297532796859741, 0.32941341400146484, 0.32917463779449463, 0.3289271295070648, 0.32867106795310974, 0.3283301889896393, 0.3280758559703827, 0.32781943678855896, 0.32753172516822815, 0.32723429799079895, 0.3269025683403015, 0.32674282789230347, 0.32639080286026, 0.3260992169380188, 0.3258149325847626, 0.32542839646339417, 0.32518330216407776, 0.3249306082725525, 0.3246736526489258, 0.32439255714416504, 0.32408371567726135, 0.32377082109451294, 0.32346755266189575, 0.3231509029865265, 0.3229197561740875, 0.3226277232170105, 0.32221394777297974, 0.32194384932518005, 0.32169345021247864, 0.32138779759407043, 0.321085661649704, 0.3207941949367523, 0.3205566108226776, 0.32026907801628113, 0.31999436020851135, 0.3196363151073456, 0.3192145824432373, 0.3189132809638977, 0.3185971975326538, 0.3182551860809326, 0.31802770495414734, 0.31767594814300537, 0.3174057900905609, 0.3170431852340698, 0.316667377948761, 0.31638121604919434, 0.3160930573940277, 0.31585267186164856, 0.3155236542224884, 0.31512200832366943, 0.3147905468940735, 0.3144553601741791, 0.31422659754753113, 0.3138708174228668, 0.31360071897506714, 0.31330233812332153, 0.3129846453666687, 0.3126146197319031, 0.3122536540031433, 0.31197094917297363, 0.3116845190525055, 0.31132635474205017, 0.31104767322540283, 0.3107299208641052, 0.31042933464050293, 0.31002870202064514, 0.3096396327018738, 0.30927953124046326, 0.30892622470855713, 0.3086739778518677, 0.30829137563705444, 0.3080170154571533, 0.3076614439487457, 0.30738532543182373, 0.3070235848426819, 0.30677831172943115, 0.30643972754478455, 0.30593979358673096, 0.3055574893951416]",33.0,"[33.0, 33.0, 33.0, 33.0, 33.0, 33.0, 33.0, 33.0, 33.0, 33.0, 33.0, 33.0, 33.0, 33.0, 33.0, 33.0, 33.0, 33.0, 33.0, 33.0, 33.0, 33.0, 33.0, 33.0, 33.0, 33.0, 33.0, 33.0, 33.0, 33.0, 33.0, 33.0, 33.0, 33.0, 33.0, 33.0, 33.0, 33.0, 33.0, 33.0, 33.0, 33.0, 33.0, 33.0, 33.0, 33.0, 33.0, 33.0, 33.0, 33.0, 33.0, 33.0, 33.0, 33.0, 33.0, 33.0, 33.0, 33.0, 33.0, 33.0, 33.0, 33.0, 33.0, 33.0, 33.0, 33.0, 33.0, 33.0, 33.0, 33.0, 33.0, 33.0, 33.0, 33.0, 33.0, 33.0, 33.0, 33.0, 33.0, 33.0, 33.0, 33.0, 33.0, 33.0, 33.0, 33.0, 33.0, 33.0, 33.0, 33.0, 33.0, 33.0, 33.0, 33.0, 33.0, 33.0, 33.0, 33.0, 33.0, 33.0, 33.0, 33.0, 33.0, 33.0, 33.0, 33.0, 33.0, 33.0, 33.0, 33.0, 33.0, 33.0, 33.0, 33.0, 33.0, 33.0, 33.0, 33.0, 33.0, 33.0, 33.0, 33.0, 33.0, 33.0, 33.0, 33.0, 33.0, 33.0, 33.0, 33.0, 33.0, 33.0, 33.0, 33.0, 33.0, 33.0, 33.0, 33.0, 33.0, 33.0, 33.0, 33.0, 33.0, 33.0, 33.0, 33.0, 33.0, 33.0, 33.0, 33.0, 33.0, 33.0, 33.0, 33.0, 33.0, 33.0, 33.0, 33.0, 33.0, 33.0, 33.0, 33.0, 33.0, 33.0, 33.0, 33.0, 33.0, 33.0, 33.0, 33.0, 33.0, 33.0, 33.0, 33.0, 33.0, 33.0, 33.0, 33.0, 33.0, 33.0, 33.0, 33.0, 33.0, 33.0, 33.0, 33.0, 33.0, 33.0, 33.0, 33.0, 33.0, 33.0, 33.0, 33.0, 33.0, 33.0, 33.0, 33.0, 33.0, 33.0, 33.0, 33.0, 33.0, 33.0, 33.0, 33.0, 33.0, 33.0, 33.0, 33.0, 33.0, 33.0, 33.0, 33.0, 33.0, 33.0, 33.0, 33.0, 33.0, 33.0, 33.0, 33.0, 33.0, 33.0, 33.0, 33.0, 33.0, 33.0, 33.0, 33.0, 33.0, 33.0, 33.0, 33.0, 33.0]",COMPLETE
24,24,0.8436062913011555,2024-08-31 01:25:35.638795,2024-08-31 01:26:38.256757,0 days 00:01:02.617962,1,1.4144221329282098,4,95,0.0027198395082655546,40,0.0029118489461447974,0.892,0.88625,3,"[4, 4, 3, 3, 3, 3, 3, 3, 3, 3, 3, 3, 3, 3, 3, 3, 3, 3, 3, 3, 3, 3, 3, 3, 3, 3, 3, 3, 3, 3, 3, 3, 3, 3, 3, 3, 3, 3, 3, 3, 3, 3, 3, 3, 3, 3, 3, 3, 3, 3, 3, 3, 3, 3, 3, 3, 3, 3, 3, 3, 3, 3, 3, 3, 3, 3, 3, 3, 3, 3, 3, 3, 3, 3, 3, 3, 3, 3, 3, 3, 3, 3, 3, 3, 3, 3, 3, 3, 3, 3, 3, 3, 3, 3, 3]",2.998333333333333,"[3.995, 3.995, 3.0, 3.0, 2.998333333333333, 3.0, 3.0, 3.0, 2.998333333333333, 2.998333333333333, 2.998333333333333, 2.9966666666666666, 3.0, 2.9966666666666666, 3.0, 2.998333333333333, 2.998333333333333, 3.0, 2.998333333333333, 3.0, 2.998333333333333, 2.993333333333333, 3.0, 2.998333333333333, 3.0, 2.998333333333333, 2.9966666666666666, 2.998333333333333, 2.998333333333333, 2.998333333333333, 2.998333333333333, 3.0, 2.998333333333333, 2.998333333333333, 3.0, 2.998333333333333, 2.998333333333333, 3.0, 3.0, 3.0, 2.998333333333333, 3.0, 3.0, 3.0, 3.0, 3.0, 2.998333333333333, 2.998333333333333, 3.0, 2.998333333333333, 3.0, 3.0, 2.9916666666666667, 3.0, 3.0, 3.0, 2.9966666666666666, 2.998333333333333, 2.998333333333333, 2.998333333333333, 2.9966666666666666, 2.995, 2.995, 3.0, 2.998333333333333, 2.9966666666666666, 2.9966666666666666, 2.998333333333333, 2.993333333333333, 2.9966666666666666, 2.995, 2.998333333333333, 2.995, 2.9966666666666666, 3.0, 3.0, 3.0, 2.998333333333333, 3.0, 2.998333333333333, 2.9966666666666666, 2.998333333333333, 2.9966666666666666, 2.998333333333333, 2.998333333333333, 3.0, 2.995, 3.0, 3.0, 2.9916666666666663, 3.0, 3.0, 2.998333333333333, 3.0, 2.998333333333333]",0.8360207729588256,0.8436062913011555,3,"[4, 4, 3, 3, 3, 3, 3, 3, 3, 3, 3, 3, 3, 3, 3, 3, 3, 3, 3, 3, 3, 3, 3, 3, 3, 3, 3, 3, 3, 3, 3, 3, 3, 3, 3, 3, 3, 3, 3, 3, 3, 3, 3, 3, 3, 3, 3, 3, 3, 3, 3, 3, 3, 3, 3, 3, 3, 3, 3, 3, 3, 3, 3, 3, 3, 3, 3, 3, 3, 3, 3, 3, 3, 3, 3, 3, 3, 3, 3, 3, 3, 3, 3, 3, 3, 3, 3, 3, 3, 3, 3, 3, 3, 3, 3]",95,"[0.3417213559150696, 0.3129236400127411, 0.3212578594684601, 0.3205573558807373, 0.30432069301605225, 0.2999739348888397, 0.3096824884414673, 0.2957058250904083, 0.3017788827419281, 0.3045109510421753, 0.2950729727745056, 0.2948475182056427, 0.2932462990283966, 0.34206879138946533, 0.2968716621398926, 0.29080700874328613, 0.310683935880661, 0.3052389919757843, 0.2995675802230835, 0.30348795652389526, 0.30999499559402466, 0.2932332754135132, 0.40028926730155945, 0.30314236879348755, 0.2913460433483124, 0.29944097995758057, 0.3052513897418976, 0.32450050115585327, 0.29646214842796326, 0.30183926224708557, 0.3112366199493408, 0.30192166566848755, 0.29653385281562805, 0.36398616433143616, 0.2900719940662384, 0.2932494282722473, 0.30212435126304626, 0.3087831139564514, 0.29047691822052, 0.2915010154247284, 0.31344297528266907, 0.31211864948272705, 0.3294166326522827, 0.30210408568382263, 0.2950780689716339, 0.29290226101875305, 0.2914855182170868, 0.3084672689437866, 0.2960229814052582, 0.2983587384223938, 0.297663152217865, 0.2909178137779236, 0.29245075583457947, 0.31589657068252563, 0.3036918640136719, 0.3152672052383423, 0.29620665311813354, 0.31657522916793823, 0.2912292778491974, 0.2892886996269226, 0.2932795584201813, 0.300347238779068, 0.28941839933395386, 0.29133740067481995, 0.30270054936408997, 0.3213929235935211, 0.28960928320884705, 0.293346107006073, 0.2903915047645569, 0.34454768896102905, 0.2896934151649475, 0.3028940260410309, 0.5428890585899353, 0.32195326685905457, 0.2970430552959442, 0.291653037071228, 0.2928045690059662, 0.30826878547668457, 0.2904758155345917, 0.30525052547454834, 0.32611870765686035, 0.28979218006134033, 0.2973093092441559, 0.30044668912887573, 0.47238922119140625, 0.2941629886627197, 0.35579413175582886, 0.3456207513809204, 0.2908421456813812, 0.29510170221328735, 0.3296875059604645, 0.28914010524749756, 0.3046363294124603, 0.29443272948265076, 0.2906452715396881]",3.0,"[4.0, 4.0, 3.0, 3.0, 3.0, 3.0, 3.0, 3.0, 3.0, 3.0, 3.0, 3.0, 3.0, 3.0, 3.0, 3.0, 3.0, 3.0, 3.0, 3.0, 3.0, 3.0, 3.0, 3.0, 3.0, 3.0, 3.0, 3.0, 3.0, 3.0, 3.0, 3.0, 3.0, 3.0, 3.0, 3.0, 3.0, 3.0, 3.0, 3.0, 3.0, 3.0, 3.0, 3.0, 3.0, 3.0, 3.0, 3.0, 3.0, 3.0, 3.0, 3.0, 3.0, 3.0, 3.0, 3.0, 3.0, 3.0, 3.0, 3.0, 3.0, 3.0, 3.0, 3.0, 3.0, 3.0, 3.0, 3.0, 3.0, 3.0, 3.0, 3.0, 3.0, 3.0, 3.0, 3.0, 3.0, 3.0, 3.0, 3.0, 3.0, 3.0, 3.0, 3.0, 3.0, 3.0, 3.0, 3.0, 3.0, 3.0, 3.0, 3.0, 3.0, 3.0, 3.0]",COMPLETE
