,number,value,datetime_start,datetime_complete,duration,params_batch_size_scaler,params_constant_learning_rate,params_depth,params_epochs,params_kernel_l2,params_num_trees,params_temperature,user_attrs_accuracy_test,user_attrs_accuracy_valid,user_attrs_approximate_feature_sparsity,user_attrs_approximate_feature_sparsity_history,user_attrs_approximate_weight_sparsity,user_attrs_approximate_weight_sparsity_history,user_attrs_auc_test,user_attrs_auc_valid,user_attrs_feature_sparsity,user_attrs_feature_sparsity_history,user_attrs_num_epochs,user_attrs_val_loss_history,user_attrs_weight_sparsity,user_attrs_weight_sparsity_history,state
123,123,0.6853576535147041,2024-08-31 05:22:50.505348,2024-08-31 05:23:27.208707,0 days 00:00:36.703359,64,0.01032677014460137,4,205,0.0018087718962911791,43,0.0001541936844729738,0.859,0.85875,33,"[33, 33, 33, 33, 33, 33, 33, 33, 33, 33, 33, 33, 33, 33, 33, 33, 33, 33, 33, 33, 33, 33, 33, 33, 33, 33, 33, 33, 33, 33, 33, 33, 33, 33, 33, 33, 33, 33, 33, 33, 33, 33, 33, 33, 33, 33, 33, 33, 33, 33, 33, 33, 33, 33, 33, 33, 33, 33, 33, 33, 33, 33, 33, 33, 33, 33, 33, 33, 33, 33, 33, 33, 33, 33, 33, 33, 33, 33, 33, 33, 33, 33, 33, 33, 33, 33, 33, 33, 33, 33, 33, 33, 33, 33, 33, 33, 33, 33, 33, 33, 33, 33, 33, 33, 33, 33, 33, 33, 33, 33, 33, 33, 33, 33, 33, 33, 33, 33, 33, 33, 33, 33, 33, 33, 33, 33, 33, 33, 33, 33, 33, 33, 33, 33, 33, 33, 33, 33, 33, 33, 33, 33, 33, 33, 33, 33, 33, 33, 33, 33, 33, 33, 33, 33, 33, 33, 33, 33, 33, 33, 33, 33, 33, 33, 33, 33, 33, 33, 33, 33, 33, 33, 33, 33, 33, 33, 33, 33, 33, 33, 33, 33, 33, 33, 33, 33, 33, 33, 33, 33, 33, 33, 33, 33, 33, 33, 33, 33, 33, 33, 33, 33, 33, 33, 33]",32.967441860465115,"[32.967441860465115, 32.96124031007752, 32.95503875968992, 32.95658914728682, 32.951937984496126, 32.95968992248062, 32.96434108527132, 32.95658914728682, 32.95503875968992, 32.95813953488372, 32.95503875968992, 32.951937984496126, 32.95503875968993, 32.951937984496126, 32.95813953488372, 32.95813953488372, 32.96124031007752, 32.964341085271315, 32.96124031007752, 32.95968992248062, 32.96124031007752, 32.96279069767442, 32.95658914728682, 32.95658914728682, 32.950387596899226, 32.950387596899226, 32.951937984496126, 32.95813953488372, 32.95968992248062, 32.95813953488372, 32.95503875968992, 32.95503875968992, 32.95658914728682, 32.95813953488372, 32.95813953488372, 32.95658914728682, 32.95658914728682, 32.95503875968992, 32.950387596899226, 32.948837209302326, 32.950387596899226, 32.95348837209302, 32.950387596899226, 32.950387596899226, 32.951937984496126, 32.95038759689922, 32.947286821705426, 32.945736434108525, 32.947286821705426, 32.950387596899226, 32.950387596899226, 32.951937984496126, 32.948837209302326, 32.951937984496126, 32.95813953488372, 32.95813953488372, 32.95813953488372, 32.95813953488372, 32.95658914728682, 32.95503875968993, 32.951937984496126, 32.950387596899226, 32.950387596899226, 32.948837209302326, 32.950387596899226, 32.95348837209303, 32.951937984496126, 32.951937984496126, 32.950387596899226, 32.948837209302326, 32.951937984496126, 32.950387596899226, 32.948837209302326, 32.950387596899226, 32.95193798449612, 32.95348837209302, 32.951937984496126, 32.951937984496126, 32.951937984496126, 32.950387596899226, 32.948837209302326, 32.951937984496126, 32.95348837209303, 32.95658914728682, 32.95503875968992, 32.95348837209302, 32.95813953488372, 32.95968992248062, 32.95968992248062, 32.95968992248062, 32.95813953488372, 32.95813953488372, 32.95503875968992, 32.95503875968992, 32.95348837209303, 32.951937984496126, 32.95503875968992, 32.95658914728682, 32.95658914728682, 32.95658914728682, 32.95503875968992, 32.95968992248062, 32.95968992248062, 32.964341085271315, 32.96124031007752, 32.96124031007752, 32.95968992248062, 32.95968992248062, 32.95968992248062, 32.96124031007752, 32.96124031007752, 32.96279069767442, 32.96279069767442, 32.95813953488372, 32.95503875968993, 32.95813953488372, 32.96124031007752, 32.96124031007752, 32.96434108527132, 32.96434108527132, 32.96434108527132, 32.964341085271315, 32.964341085271315, 32.961240310077514, 32.96279069767442, 32.964341085271315, 32.96279069767442, 32.964341085271315, 32.964341085271315, 32.964341085271315, 32.964341085271315, 32.96279069767442, 32.95968992248062, 32.96279069767442, 32.961240310077514, 32.95968992248062, 32.961240310077514, 32.96279069767442, 32.96124031007752, 32.95968992248062, 32.95968992248062, 32.95968992248062, 32.95968992248062, 32.95968992248062, 32.96124031007752, 32.964341085271315, 32.967441860465115, 32.965891472868215, 32.970542635658916, 32.970542635658916, 32.970542635658916, 32.968992248062015, 32.970542635658916, 32.967441860465115, 32.967441860465115, 32.967441860465115, 32.967441860465115, 32.967441860465115, 32.96279069767442, 32.95968992248062, 32.95968992248062, 32.96124031007752, 32.964341085271315, 32.95968992248062, 32.95968992248062, 32.96124031007752, 32.96124031007752, 32.95813953488372, 32.964341085271315, 32.965891472868215, 32.964341085271315, 32.961240310077514, 32.96279069767442, 32.96279069767442, 32.96279069767442, 32.965891472868215, 32.967441860465115, 32.967441860465115, 32.970542635658916, 32.96589147286822, 32.967441860465115, 32.968992248062015, 32.968992248062015, 32.967441860465115, 32.967441860465115, 32.96279069767442, 32.96434108527132, 32.96279069767442, 32.96434108527132, 32.965891472868215, 32.965891472868215, 32.96279069767442, 32.96124031007752, 32.96279069767442, 32.965891472868215, 32.965891472868215, 32.967441860465115, 32.967441860465115, 32.965891472868215, 32.96434108527132, 32.968992248062015, 32.968992248062015, 32.968992248062015, 32.970542635658916, 32.967441860465115]",0.7233299482327299,0.6853576535147041,33,"[33, 33, 33, 33, 33, 33, 33, 33, 33, 33, 33, 33, 33, 33, 33, 33, 33, 33, 33, 33, 33, 33, 33, 33, 33, 33, 33, 33, 33, 33, 33, 33, 33, 33, 33, 33, 33, 33, 33, 33, 33, 33, 33, 33, 33, 33, 33, 33, 33, 33, 33, 33, 33, 33, 33, 33, 33, 33, 33, 33, 33, 33, 33, 33, 33, 33, 33, 33, 33, 33, 33, 33, 33, 33, 33, 33, 33, 33, 33, 33, 33, 33, 33, 33, 33, 33, 33, 33, 33, 33, 33, 33, 33, 33, 33, 33, 33, 33, 33, 33, 33, 33, 33, 33, 33, 33, 33, 33, 33, 33, 33, 33, 33, 33, 33, 33, 33, 33, 33, 33, 33, 33, 33, 33, 33, 33, 33, 33, 33, 33, 33, 33, 33, 33, 33, 33, 33, 33, 33, 33, 33, 33, 33, 33, 33, 33, 33, 33, 33, 33, 33, 33, 33, 33, 33, 33, 33, 33, 33, 33, 33, 33, 33, 33, 33, 33, 33, 33, 33, 33, 33, 33, 33, 33, 33, 33, 33, 33, 33, 33, 33, 33, 33, 33, 33, 33, 33, 33, 33, 33, 33, 33, 33, 33, 33, 33, 33, 33, 33, 33, 33, 33, 33, 33, 33]",205,"[0.914099931716919, 0.8576597571372986, 0.8075122237205505, 0.7631332874298096, 0.7223260402679443, 0.6880193948745728, 0.6579673290252686, 0.6307884454727173, 0.6075907945632935, 0.5865036845207214, 0.5678766369819641, 0.5518833994865417, 0.5371415019035339, 0.524605929851532, 0.5131917595863342, 0.5023229718208313, 0.49336355924606323, 0.48506173491477966, 0.4775579869747162, 0.4709433615207672, 0.46522486209869385, 0.45993006229400635, 0.45498526096343994, 0.45055943727493286, 0.4464489817619324, 0.4429243803024292, 0.4394102096557617, 0.4363023042678833, 0.4335750639438629, 0.43109235167503357, 0.42887842655181885, 0.4268869459629059, 0.42476707696914673, 0.4228798747062683, 0.4212198555469513, 0.41957131028175354, 0.4183037579059601, 0.4169618487358093, 0.4157230854034424, 0.4145861566066742, 0.41352736949920654, 0.4125167429447174, 0.4115138351917267, 0.410761296749115, 0.40998339653015137, 0.4092457890510559, 0.4085613489151001, 0.407827228307724, 0.40730124711990356, 0.40681761503219604, 0.4062986671924591, 0.40574514865875244, 0.4051262140274048, 0.4045928120613098, 0.4041233956813812, 0.40372008085250854, 0.4032857418060303, 0.4028659164905548, 0.402456670999527, 0.402141809463501, 0.40180259943008423, 0.40141960978507996, 0.4011210501194, 0.40087249875068665, 0.400574266910553, 0.4003605544567108, 0.400039941072464, 0.3998062014579773, 0.3995303213596344, 0.39927732944488525, 0.39906370639801025, 0.3988408148288727, 0.3985803723335266, 0.3983613848686218, 0.398132860660553, 0.3979552090167999, 0.39776068925857544, 0.39757949113845825, 0.39735618233680725, 0.3971269130706787, 0.39696070551872253, 0.3967911899089813, 0.39660143852233887, 0.39644408226013184, 0.3962584435939789, 0.39612093567848206, 0.3959781229496002, 0.39582502841949463, 0.3956837058067322, 0.39553794264793396, 0.39535999298095703, 0.3952230215072632, 0.3950766623020172, 0.39494559168815613, 0.3947935402393341, 0.3946252167224884, 0.39449673891067505, 0.3943711221218109, 0.39424628019332886, 0.3941265940666199, 0.39399001002311707, 0.39386963844299316, 0.393739253282547, 0.39362606406211853, 0.39351218938827515, 0.3933860659599304, 0.3932667672634125, 0.39312466979026794, 0.3929862678050995, 0.392863005399704, 0.3927391767501831, 0.392634779214859, 0.3925294876098633, 0.39240169525146484, 0.3922876715660095, 0.39218464493751526, 0.39206644892692566, 0.3919672667980194, 0.3918401300907135, 0.39173248410224915, 0.39162522554397583, 0.39153265953063965, 0.39140450954437256, 0.3912881910800934, 0.39121270179748535, 0.391104519367218, 0.39098694920539856, 0.3908909857273102, 0.39080676436424255, 0.39071619510650635, 0.39060506224632263, 0.3905071020126343, 0.3904137909412384, 0.3903146982192993, 0.39022722840309143, 0.39010870456695557, 0.39000657200813293, 0.3898998498916626, 0.3898094892501831, 0.38970786333084106, 0.3896099030971527, 0.389507532119751, 0.38942423462867737, 0.38932228088378906, 0.3892337679862976, 0.3891170620918274, 0.38903895020484924, 0.38894161581993103, 0.3888271450996399, 0.3887447118759155, 0.3886552155017853, 0.38856229186058044, 0.38847672939300537, 0.3883777856826782, 0.3882916271686554, 0.38820353150367737, 0.3881182074546814, 0.38804543018341064, 0.3879605829715729, 0.3878532648086548, 0.38776925206184387, 0.38768234848976135, 0.3876073360443115, 0.38749444484710693, 0.3874143660068512, 0.38736116886138916, 0.3872835636138916, 0.38718438148498535, 0.38711148500442505, 0.38702404499053955, 0.38693127036094666, 0.38686591386795044, 0.38677096366882324, 0.3866811692714691, 0.3865804970264435, 0.3865104615688324, 0.3864312767982483, 0.3863295316696167, 0.3862389028072357, 0.38616055250167847, 0.3860819637775421, 0.3860187530517578, 0.3859393000602722, 0.38586199283599854, 0.3857799470424652, 0.3857039511203766, 0.3856205344200134, 0.38553082942962646, 0.38545700907707214, 0.3853762745857239, 0.385295569896698, 0.38523125648498535, 0.38514432311058044, 0.38506844639778137, 0.38499563932418823, 0.38491955399513245, 0.38484111428260803, 0.3847712278366089, 0.384709894657135, 0.38462960720062256, 0.3845653831958771, 0.38448357582092285, 0.3844105899333954, 0.384328156709671, 0.38424476981163025]",33.0,"[33.0, 33.0, 33.0, 33.0, 33.0, 33.0, 33.0, 33.0, 33.0, 33.0, 33.0, 33.0, 33.0, 33.0, 33.0, 33.0, 33.0, 33.0, 33.0, 33.0, 33.0, 33.0, 33.0, 33.0, 33.0, 33.0, 33.0, 33.0, 33.0, 33.0, 33.0, 33.0, 33.0, 33.0, 33.0, 33.0, 33.0, 33.0, 33.0, 33.0, 33.0, 33.0, 33.0, 33.0, 33.0, 33.0, 33.0, 33.0, 33.0, 33.0, 33.0, 33.0, 33.0, 33.0, 33.0, 33.0, 33.0, 33.0, 33.0, 33.0, 33.0, 33.0, 33.0, 33.0, 33.0, 33.0, 33.0, 33.0, 33.0, 33.0, 33.0, 33.0, 33.0, 33.0, 33.0, 33.0, 33.0, 33.0, 33.0, 33.0, 33.0, 33.0, 33.0, 33.0, 33.0, 33.0, 33.0, 33.0, 33.0, 33.0, 33.0, 33.0, 33.0, 33.0, 33.0, 33.0, 33.0, 33.0, 33.0, 33.0, 33.0, 33.0, 33.0, 33.0, 33.0, 33.0, 33.0, 33.0, 33.0, 33.0, 33.0, 33.0, 33.0, 33.0, 33.0, 33.0, 33.0, 33.0, 33.0, 33.0, 33.0, 33.0, 33.0, 33.0, 33.0, 33.0, 33.0, 33.0, 33.0, 33.0, 33.0, 33.0, 33.0, 33.0, 33.0, 33.0, 33.0, 33.0, 33.0, 33.0, 33.0, 33.0, 33.0, 33.0, 33.0, 33.0, 33.0, 33.0, 33.0, 33.0, 33.0, 33.0, 33.0, 33.0, 33.0, 33.0, 33.0, 33.0, 33.0, 33.0, 33.0, 33.0, 33.0, 33.0, 33.0, 33.0, 33.0, 33.0, 33.0, 33.0, 33.0, 33.0, 33.0, 33.0, 33.0, 33.0, 33.0, 33.0, 33.0, 33.0, 33.0, 33.0, 33.0, 33.0, 33.0, 33.0, 33.0, 33.0, 33.0, 33.0, 33.0, 33.0, 33.0, 33.0, 33.0, 33.0, 33.0, 33.0, 33.0, 33.0, 33.0, 33.0, 33.0, 33.0, 33.0]",COMPLETE
