,number,value,datetime_start,datetime_complete,duration,params_batch_size_scaler,params_constant_learning_rate,params_depth,params_epochs,params_kernel_l2,params_num_trees,params_temperature,user_attrs_accuracy_test,user_attrs_accuracy_valid,user_attrs_approximate_feature_sparsity,user_attrs_approximate_feature_sparsity_history,user_attrs_approximate_weight_sparsity,user_attrs_approximate_weight_sparsity_history,user_attrs_auc_test,user_attrs_auc_valid,user_attrs_feature_sparsity,user_attrs_feature_sparsity_history,user_attrs_num_epochs,user_attrs_val_loss_history,user_attrs_weight_sparsity,user_attrs_weight_sparsity_history,state
160,160,0.5,2024-08-31 07:07:05.994283,2024-08-31 07:07:27.700407,0 days 00:00:21.706124,64,9.37465033205122,4,55,0.08968958439366266,20,0.030334698536881012,0.141,0.14125,0,"[0, 0, 0, 0, 0, 0, 0, 0, 0, 0, 0, 0, 0, 0, 0, 0, 0, 0, 0, 0, 0, 0, 0, 0, 0, 0, 0, 0, 0, 0, 0, 0, 0, 0, 0, 0, 0, 0, 0, 0, 0, 0, 0, 0, 0, 0, 0, 0, 0, 0, 0, 0, 0, 0, 0]",0.0,"[0.0, 0.0, 0.0, 0.0, 0.0, 0.0, 0.0, 0.0, 0.0, 0.0, 0.0, 0.0, 0.0, 0.0, 0.0, 0.0, 0.0, 0.0, 0.0, 0.0, 0.0, 0.0, 0.0, 0.0, 0.0, 0.0, 0.0, 0.0, 0.0, 0.0, 0.0, 0.0, 0.0, 0.0, 0.0, 0.0, 0.0, 0.0, 0.0, 0.0, 0.0, 0.0, 0.0, 0.0, 0.0, 0.0, 0.0, 0.0, 0.0, 0.0, 0.0, 0.0, 0.0, 0.0, 0.0]",0.5,0.5,0,"[0, 0, 0, 0, 0, 0, 0, 0, 0, 0, 0, 0, 0, 0, 0, 0, 0, 0, 0, 0, 0, 0, 0, 0, 0, 0, 0, 0, 0, 0, 0, 0, 0, 0, 0, 0, 0, 0, 0, 0, 0, 0, 0, 0, 0, 0, 0, 0, 0, 0, 0, 0, 0, 0, 0]",55,"[0.41234058141708374, 0.42634010314941406, 0.9985060691833496, 0.46832969784736633, 0.4083552658557892, 0.4748804569244385, 0.49893224239349365, 0.6313380599021912, 1.1230601072311401, 0.4660176932811737, 0.414673388004303, 0.4207984209060669, 0.6954289078712463, 0.4079485237598419, 0.6644206047058105, 0.5420653820037842, 0.8148542642593384, 0.437933087348938, 0.46973294019699097, 0.43470966815948486, 0.811616837978363, 0.8994707465171814, 0.4108220040798187, 0.6292576193809509, 0.6986715197563171, 0.4074009954929352, 0.6269545555114746, 0.6153950095176697, 0.5294236540794373, 0.410349041223526, 0.44732171297073364, 0.692726731300354, 0.4099179208278656, 0.5512810349464417, 0.6208705306053162, 0.7900282144546509, 0.4117025136947632, 0.5107358694076538, 0.41087889671325684, 0.6452689170837402, 0.596653163433075, 0.4334050118923187, 0.6686628460884094, 0.7770257592201233, 0.6083145141601562, 0.5532859563827515, 0.5603649616241455, 0.42731791734695435, 0.41318032145500183, 0.5086411237716675, 0.6963492035865784, 0.4533155858516693, 0.47136229276657104, 0.4092109203338623, 0.7398146986961365]",0.0,"[0.0, 0.0, 0.0, 0.0, 0.0, 0.0, 0.0, 0.0, 0.0, 0.0, 0.0, 0.0, 0.0, 0.0, 0.0, 0.0, 0.0, 0.0, 0.0, 0.0, 0.0, 0.0, 0.0, 0.0, 0.0, 0.0, 0.0, 0.0, 0.0, 0.0, 0.0, 0.0, 0.0, 0.0, 0.0, 0.0, 0.0, 0.0, 0.0, 0.0, 0.0, 0.0, 0.0, 0.0, 0.0, 0.0, 0.0, 0.0, 0.0, 0.0, 0.0, 0.0, 0.0, 0.0, 0.0]",COMPLETE
161,161,0.9297574422588915,2024-08-31 07:07:32.286833,2024-08-31 07:10:25.806310,0 days 00:02:53.519477,1,0.5876726156952521,6,30,0.0035064462331448826,89,0.00021710656068676804,0.953,0.94875,31,"[33, 33, 33, 33, 33, 33, 33, 33, 33, 33, 33, 33, 33, 33, 33, 33, 33, 33, 32, 32, 32, 31, 31, 31, 31, 31, 31, 31, 31, 31]",30.918673087212415,"[32.892812555733904, 32.89102907080435, 32.90547529873373, 32.901373283395756, 32.90404851079008, 32.9028000713394, 32.90904226859283, 32.911895844480114, 32.90351346531122, 32.901016586409845, 32.90975566256465, 32.90351346531122, 32.90315676832531, 32.908150526128054, 32.90404851079008, 32.908150526128054, 32.9028000713394, 32.90565364722668, 31.912074192973073, 31.909934011057604, 31.920813269127873, 30.92188336008561, 30.919386481184233, 30.920278223649007, 30.91510611735331, 30.914927768860352, 30.917602996254683, 30.916176208311036, 30.911895844480114, 30.918673087212415]",0.915834840115919,0.9297574422588915,31,"[33, 33, 33, 33, 33, 33, 33, 33, 33, 33, 33, 33, 33, 33, 33, 33, 33, 33, 32, 32, 32, 31, 31, 31, 31, 31, 31, 31, 31, 31]",30,"[0.35950711369514465, 0.3446178734302521, 0.3332195281982422, 0.31748664379119873, 0.290187805891037, 0.2681705951690674, 0.2590927481651306, 0.24426287412643433, 0.23728032410144806, 0.22275897860527039, 0.22378744184970856, 0.2136293351650238, 0.20667211711406708, 0.20296746492385864, 0.20810319483280182, 0.2006707638502121, 0.1938847005367279, 0.18749582767486572, 0.22285762429237366, 0.1907425820827484, 0.18836328387260437, 0.1876206398010254, 0.18706272542476654, 0.17983084917068481, 0.18758432567119598, 0.17704398930072784, 0.18355226516723633, 0.17578276991844177, 0.16876320540905, 0.17690449953079224]",31.0,"[33.0, 33.0, 33.0, 33.0, 33.0, 33.0, 33.0, 33.0, 33.0, 33.0, 33.0, 33.0, 33.0, 33.0, 33.0, 33.0, 33.0, 33.0, 32.0, 32.0, 32.0, 31.0, 31.0, 31.0, 31.0, 31.0, 31.0, 31.0, 31.0, 31.0]",COMPLETE
162,162,0.5,2024-08-31 07:10:31.531770,2024-08-31 07:18:21.626502,0 days 00:07:50.094732,64,1.5719063103860758,6,335,0.34363196535141344,90,0.021583235068777483,0.859,0.85875,0,"[33, 33, 0, 0, 0, 0, 0, 0, 0, 0, 0, 0, 0, 0, 0, 0, 0, 0, 0, 0, 0, 0, 0, 0, 0, 0, 0, 0, 0, 0, 0, 0, 0, 0, 0, 0, 0, 0, 0, 0, 0, 0, 0, 0, 0, 0, 0, 0, 0, 0, 0, 0, 0, 0, 0, 0, 0, 0, 0, 0, 0, 0, 0, 0, 0, 0, 0, 0, 0, 0, 0, 0, 0, 0, 0, 0, 0, 0, 0, 0, 0, 0, 0, 0, 0, 0, 0, 0, 0, 0, 0, 0, 0, 0, 0, 0, 0, 0, 0, 0, 0, 0, 0, 0, 0, 0, 0, 0, 0, 0, 0, 0, 0, 0, 0, 0, 0, 0, 0, 0, 0, 0, 0, 0, 0, 0, 0, 0, 0, 0, 0, 0, 0, 0, 0, 0, 0, 0, 0, 0, 0, 0, 0, 0, 0, 0, 0, 0, 0, 0, 0, 0, 0, 0, 0, 0, 0, 0, 0, 0, 0, 0, 0, 0, 0, 0, 0, 0, 0, 0, 0, 0, 0, 0, 0, 0, 0, 0, 0, 0, 0, 0, 0, 0, 0, 0, 0, 0, 0, 0, 0, 0, 0, 0, 0, 0, 0, 0, 0, 0, 0, 0, 0, 0, 0, 0, 0, 0, 0, 0, 0, 0, 0, 0, 0, 0, 0, 0, 0, 0, 0, 0, 0, 0, 0, 0, 0, 0, 0, 0, 0, 0, 0, 0, 0, 0, 0, 0, 0, 0, 0, 0, 0, 0, 0, 0, 0, 0, 0, 0, 0, 0, 0, 0, 0, 0, 0, 0, 0, 0, 0, 0, 0, 0, 0, 0, 0, 0, 0, 0, 0, 0, 0, 0, 0, 0, 0, 0, 0, 0, 0, 0, 0, 0, 0, 0, 0, 0, 0, 0, 0, 0, 0, 0, 0, 0, 0, 0, 0, 0, 0, 0, 0, 0, 0, 0, 0, 0, 0, 0, 0, 0, 0, 0, 0, 0, 0, 0, 0, 0, 0, 0, 0, 0, 0, 0, 0, 0, 0, 0, 0, 0, 0, 0, 0]",0.0,"[32.89329805996472, 32.9005291005291, 0.0, 0.0, 0.0, 0.0, 0.0, 0.0, 0.0, 0.0, 0.0, 0.0, 0.0, 0.0, 0.0, 0.0, 0.0, 0.0, 0.0, 0.0, 0.0, 0.0, 0.0, 0.0, 0.0, 0.0, 0.0, 0.0, 0.0, 0.0, 0.0, 0.0, 0.0, 0.0, 0.0, 0.0, 0.0, 0.0, 0.0, 0.0, 0.0, 0.0, 0.0, 0.0, 0.0, 0.0, 0.0, 0.0, 0.0, 0.0, 0.0, 0.0, 0.0, 0.0, 0.0, 0.0, 0.0, 0.0, 0.0, 0.0, 0.0, 0.0, 0.0, 0.0, 0.0, 0.0, 0.0, 0.0, 0.0, 0.0, 0.0, 0.0, 0.0, 0.0, 0.0, 0.0, 0.0, 0.0, 0.0, 0.0, 0.0, 0.0, 0.0, 0.0, 0.0, 0.0, 0.0, 0.0, 0.0, 0.0, 0.0, 0.0, 0.0, 0.0, 0.0, 0.0, 0.0, 0.0, 0.0, 0.0, 0.0, 0.0, 0.0, 0.0, 0.0, 0.0, 0.0, 0.0, 0.0, 0.0, 0.0, 0.0, 0.0, 0.0, 0.0, 0.0, 0.0, 0.0, 0.0, 0.0, 0.0, 0.0, 0.0, 0.0, 0.0, 0.0, 0.0, 0.0, 0.0, 0.0, 0.0, 0.0, 0.0, 0.0, 0.0, 0.0, 0.0, 0.0, 0.0, 0.0, 0.0, 0.0, 0.0, 0.0, 0.0, 0.0, 0.0, 0.0, 0.0, 0.0, 0.0, 0.0, 0.0, 0.0, 0.0, 0.0, 0.0, 0.0, 0.0, 0.0, 0.0, 0.0, 0.0, 0.0, 0.0, 0.0, 0.0, 0.0, 0.0, 0.0, 0.0, 0.0, 0.0, 0.0, 0.0, 0.0, 0.0, 0.0, 0.0, 0.0, 0.0, 0.0, 0.0, 0.0, 0.0, 0.0, 0.0, 0.0, 0.0, 0.0, 0.0, 0.0, 0.0, 0.0, 0.0, 0.0, 0.0, 0.0, 0.0, 0.0, 0.0, 0.0, 0.0, 0.0, 0.0, 0.0, 0.0, 0.0, 0.0, 0.0, 0.0, 0.0, 0.0, 0.0, 0.0, 0.0, 0.0, 0.0, 0.0, 0.0, 0.0, 0.0, 0.0, 0.0, 0.0, 0.0, 0.0, 0.0, 0.0, 0.0, 0.0, 0.0, 0.0, 0.0, 0.0, 0.0, 0.0, 0.0, 0.0, 0.0, 0.0, 0.0, 0.0, 0.0, 0.0, 0.0, 0.0, 0.0, 0.0, 0.0, 0.0, 0.0, 0.0, 0.0, 0.0, 0.0, 0.0, 0.0, 0.0, 0.0, 0.0, 0.0, 0.0, 0.0, 0.0, 0.0, 0.0, 0.0, 0.0, 0.0, 0.0, 0.0, 0.0, 0.0, 0.0, 0.0, 0.0, 0.0, 0.0, 0.0, 0.0, 0.0, 0.0, 0.0, 0.0, 0.0, 0.0, 0.0, 0.0, 0.0, 0.0, 0.0, 0.0, 0.0, 0.0, 0.0, 0.0, 0.0, 0.0, 0.0, 0.0, 0.0, 0.0, 0.0, 0.0, 0.0, 0.0, 0.0, 0.0, 0.0, 0.0, 0.0, 0.0, 0.0, 0.0, 0.0, 0.0, 0.0, 0.0, 0.0, 0.0, 0.0, 0.0, 0.0, 0.0, 0.0, 0.0, 0.0, 0.0, 0.0, 0.0, 0.0, 0.0, 0.0, 0.0]",0.5,0.5,0,"[33, 33, 0, 0, 0, 0, 0, 0, 0, 0, 0, 0, 0, 0, 0, 0, 0, 0, 0, 0, 0, 0, 0, 0, 0, 0, 0, 0, 0, 0, 0, 0, 0, 0, 0, 0, 0, 0, 0, 0, 0, 0, 0, 0, 0, 0, 0, 0, 0, 0, 0, 0, 0, 0, 0, 0, 0, 0, 0, 0, 0, 0, 0, 0, 0, 0, 0, 0, 0, 0, 0, 0, 0, 0, 0, 0, 0, 0, 0, 0, 0, 0, 0, 0, 0, 0, 0, 0, 0, 0, 0, 0, 0, 0, 0, 0, 0, 0, 0, 0, 0, 0, 0, 0, 0, 0, 0, 0, 0, 0, 0, 0, 0, 0, 0, 0, 0, 0, 0, 0, 0, 0, 0, 0, 0, 0, 0, 0, 0, 0, 0, 0, 0, 0, 0, 0, 0, 0, 0, 0, 0, 0, 0, 0, 0, 0, 0, 0, 0, 0, 0, 0, 0, 0, 0, 0, 0, 0, 0, 0, 0, 0, 0, 0, 0, 0, 0, 0, 0, 0, 0, 0, 0, 0, 0, 0, 0, 0, 0, 0, 0, 0, 0, 0, 0, 0, 0, 0, 0, 0, 0, 0, 0, 0, 0, 0, 0, 0, 0, 0, 0, 0, 0, 0, 0, 0, 0, 0, 0, 0, 0, 0, 0, 0, 0, 0, 0, 0, 0, 0, 0, 0, 0, 0, 0, 0, 0, 0, 0, 0, 0, 0, 0, 0, 0, 0, 0, 0, 0, 0, 0, 0, 0, 0, 0, 0, 0, 0, 0, 0, 0, 0, 0, 0, 0, 0, 0, 0, 0, 0, 0, 0, 0, 0, 0, 0, 0, 0, 0, 0, 0, 0, 0, 0, 0, 0, 0, 0, 0, 0, 0, 0, 0, 0, 0, 0, 0, 0, 0, 0, 0, 0, 0, 0, 0, 0, 0, 0, 0, 0, 0, 0, 0, 0, 0, 0, 0, 0, 0, 0, 0, 0, 0, 0, 0, 0, 0, 0, 0, 0, 0, 0, 0, 0, 0, 0, 0, 0, 0, 0, 0, 0, 0, 0, 0]",335,"[0.40351447463035583, 0.3972017168998718, 0.4072384536266327, 0.4083784222602844, 0.4092971086502075, 0.4072331190109253, 0.4080043137073517, 0.40738165378570557, 0.40853455662727356, 0.4087950885295868, 0.4072751998901367, 0.40905243158340454, 0.4075488746166229, 0.40786802768707275, 0.41016364097595215, 0.40833842754364014, 0.40723055601119995, 0.4093954563140869, 0.4085488021373749, 0.40764304995536804, 0.40728867053985596, 0.4076893627643585, 0.40722835063934326, 0.40748706459999084, 0.4083716571331024, 0.40723586082458496, 0.40814709663391113, 0.40726181864738464, 0.40765389800071716, 0.4074786305427551, 0.4086015224456787, 0.409647136926651, 0.4085580110549927, 0.40772926807403564, 0.40724441409111023, 0.40895575284957886, 0.4072457253932953, 0.4073738157749176, 0.4081696569919586, 0.4074152708053589, 0.4081774055957794, 0.41096171736717224, 0.4076455235481262, 0.4072563052177429, 0.40738624334335327, 0.40756911039352417, 0.41621559858322144, 0.4072365164756775, 0.4073443114757538, 0.4074791371822357, 0.4080236852169037, 0.40728750824928284, 0.4091997444629669, 0.408540815114975, 0.40891897678375244, 0.407662034034729, 0.408596009016037, 0.40722930431365967, 0.4104726314544678, 0.4073692560195923, 0.4189023971557617, 0.4072934687137604, 0.4072362184524536, 0.40791139006614685, 0.4072413742542267, 0.4074905514717102, 0.41160720586776733, 0.4123562276363373, 0.4073358476161957, 0.4072280526161194, 0.4088535010814667, 0.4076296091079712, 0.40802863240242004, 0.4073140025138855, 0.40744179487228394, 0.40873467922210693, 0.4093691110610962, 0.40726515650749207, 0.40829840302467346, 0.40727245807647705, 0.4081108868122101, 0.407227098941803, 0.407368004322052, 0.40730637311935425, 0.4095519781112671, 0.4077397286891937, 0.4073866009712219, 0.40792638063430786, 0.41089844703674316, 0.40797728300094604, 0.41153571009635925, 0.4072949290275574, 0.41017356514930725, 0.40791183710098267, 0.41266289353370667, 0.4074845016002655, 0.40970057249069214, 0.41022613644599915, 0.40741947293281555, 0.4081065356731415, 0.4095118045806885, 0.4072457253932953, 0.40730175375938416, 0.407327264547348, 0.4105108678340912, 0.4090859889984131, 0.40750652551651, 0.4083717465400696, 0.40780630707740784, 0.4077335000038147, 0.4081825315952301, 0.40751227736473083, 0.40828871726989746, 0.41185668110847473, 0.40722835063934326, 0.4072434902191162, 0.40794792771339417, 0.4077330529689789, 0.40726548433303833, 0.4083750247955322, 0.4073725938796997, 0.40725472569465637, 0.4076347351074219, 0.4171386659145355, 0.40723177790641785, 0.4102112054824829, 0.407541960477829, 0.4090672433376312, 0.4090155065059662, 0.4091235101222992, 0.4075751006603241, 0.40726739168167114, 0.40731412172317505, 0.4112003445625305, 0.40730416774749756, 0.4135202169418335, 0.41471168398857117, 0.4072369337081909, 0.4081782102584839, 0.40847596526145935, 0.40780091285705566, 0.40786683559417725, 0.40722984075546265, 0.40800780057907104, 0.4105883836746216, 0.4082741141319275, 0.40729498863220215, 0.4087986648082733, 0.4072436988353729, 0.40789318084716797, 0.40723177790641785, 0.4073202610015869, 0.4072883725166321, 0.40727099776268005, 0.4080762565135956, 0.4075988531112671, 0.4072752296924591, 0.4072827398777008, 0.40924492478370667, 0.40769240260124207, 0.40815216302871704, 0.40852686762809753, 0.41033706068992615, 0.40722694993019104, 0.4079020023345947, 0.40756699442863464, 0.4072587192058563, 0.4090917110443115, 0.40739232301712036, 0.4073812961578369, 0.4094880223274231, 0.41324639320373535, 0.4074910879135132, 0.4083808958530426, 0.40831923484802246, 0.4074510335922241, 0.40732356905937195, 0.4072880148887634, 0.40722882747650146, 0.4086701571941376, 0.4104868173599243, 0.4125162363052368, 0.4072408378124237, 0.4112052023410797, 0.4072757959365845, 0.407679945230484, 0.4073476493358612, 0.40734535455703735, 0.4073549211025238, 0.4075881838798523, 0.40930718183517456, 0.4072782099246979, 0.4104440212249756, 0.40850961208343506, 0.41045206785202026, 0.40804725885391235, 0.4112110137939453, 0.4086894989013672, 0.40835040807724, 0.40723204612731934, 0.4097064733505249, 0.40791359543800354, 0.4095345437526703, 0.4072452485561371, 0.40744444727897644, 0.4072639048099518, 0.40880951285362244, 0.4119110107421875, 0.4081469774246216, 0.4073256552219391, 0.4074031710624695, 0.4073086977005005, 0.4081357717514038, 0.40896883606910706, 0.40763863921165466, 0.4111427366733551, 0.4073282480239868, 0.41061991453170776, 0.4078589975833893, 0.40724754333496094, 0.40725594758987427, 0.40789517760276794, 0.4078645408153534, 0.4081965982913971, 0.40795570611953735, 0.4074496328830719, 0.40839332342147827, 0.40753188729286194, 0.4072261154651642, 0.40739956498146057, 0.4084622263908386, 0.4072403311729431, 0.4095664918422699, 0.40742266178131104, 0.407256156206131, 0.4072521924972534, 0.4100862145423889, 0.4093874394893646, 0.4073132276535034, 0.41011595726013184, 0.40766432881355286, 0.40738868713378906, 0.4077020287513733, 0.4114828407764435, 0.40733131766319275, 0.40903380513191223, 0.4075629413127899, 0.40871280431747437, 0.40759438276290894, 0.4074600338935852, 0.40786227583885193, 0.4081452488899231, 0.40893280506134033, 0.4076623022556305, 0.4072820246219635, 0.40750834345817566, 0.4073885679244995, 0.4090927243232727, 0.40735992789268494, 0.4075681269168854, 0.4104440212249756, 0.40842559933662415, 0.408721923828125, 0.4072698950767517, 0.40997079014778137, 0.4087178707122803, 0.4074454605579376, 0.40733182430267334, 0.40727096796035767, 0.4080997109413147, 0.40762367844581604, 0.4073200225830078, 0.4078141152858734, 0.4105953276157379, 0.4148421585559845, 0.4093037545681, 0.4078754484653473, 0.407924622297287, 0.40758538246154785, 0.4079667627811432, 0.40858474373817444, 0.40725448727607727, 0.407755583524704, 0.41036278009414673, 0.40795499086380005, 0.40728989243507385, 0.40766265988349915, 0.4083833694458008, 0.407356858253479, 0.40805938839912415, 0.40735867619514465, 0.40738824009895325, 0.40726399421691895, 0.4093521535396576, 0.407693088054657, 0.40728306770324707, 0.40881964564323425, 0.4072928726673126, 0.40753981471061707, 0.4074340760707855, 0.40728864073753357, 0.4075279235839844, 0.40860307216644287, 0.4089759588241577, 0.4072306752204895, 0.408174604177475, 0.40726059675216675, 0.4072287082672119, 0.4074883759021759, 0.40800338983535767, 0.4076577425003052, 0.40731561183929443, 0.4074498116970062, 0.41215047240257263, 0.40722742676734924, 0.4075804054737091, 0.40729472041130066, 0.41568636894226074, 0.4073006510734558, 0.40953704714775085, 0.4091900587081909, 0.40952712297439575, 0.40867164731025696, 0.40837523341178894, 0.4085710048675537, 0.40852466225624084, 0.4108135998249054, 0.4072403609752655, 0.40739986300468445, 0.40765631198883057, 0.40730515122413635, 0.4105905294418335, 0.40728560090065, 0.4092310965061188, 0.4103758931159973]",0.0,"[33.0, 33.0, 0.0, 0.0, 0.0, 0.0, 0.0, 0.0, 0.0, 0.0, 0.0, 0.0, 0.0, 0.0, 0.0, 0.0, 0.0, 0.0, 0.0, 0.0, 0.0, 0.0, 0.0, 0.0, 0.0, 0.0, 0.0, 0.0, 0.0, 0.0, 0.0, 0.0, 0.0, 0.0, 0.0, 0.0, 0.0, 0.0, 0.0, 0.0, 0.0, 0.0, 0.0, 0.0, 0.0, 0.0, 0.0, 0.0, 0.0, 0.0, 0.0, 0.0, 0.0, 0.0, 0.0, 0.0, 0.0, 0.0, 0.0, 0.0, 0.0, 0.0, 0.0, 0.0, 0.0, 0.0, 0.0, 0.0, 0.0, 0.0, 0.0, 0.0, 0.0, 0.0, 0.0, 0.0, 0.0, 0.0, 0.0, 0.0, 0.0, 0.0, 0.0, 0.0, 0.0, 0.0, 0.0, 0.0, 0.0, 0.0, 0.0, 0.0, 0.0, 0.0, 0.0, 0.0, 0.0, 0.0, 0.0, 0.0, 0.0, 0.0, 0.0, 0.0, 0.0, 0.0, 0.0, 0.0, 0.0, 0.0, 0.0, 0.0, 0.0, 0.0, 0.0, 0.0, 0.0, 0.0, 0.0, 0.0, 0.0, 0.0, 0.0, 0.0, 0.0, 0.0, 0.0, 0.0, 0.0, 0.0, 0.0, 0.0, 0.0, 0.0, 0.0, 0.0, 0.0, 0.0, 0.0, 0.0, 0.0, 0.0, 0.0, 0.0, 0.0, 0.0, 0.0, 0.0, 0.0, 0.0, 0.0, 0.0, 0.0, 0.0, 0.0, 0.0, 0.0, 0.0, 0.0, 0.0, 0.0, 0.0, 0.0, 0.0, 0.0, 0.0, 0.0, 0.0, 0.0, 0.0, 0.0, 0.0, 0.0, 0.0, 0.0, 0.0, 0.0, 0.0, 0.0, 0.0, 0.0, 0.0, 0.0, 0.0, 0.0, 0.0, 0.0, 0.0, 0.0, 0.0, 0.0, 0.0, 0.0, 0.0, 0.0, 0.0, 0.0, 0.0, 0.0, 0.0, 0.0, 0.0, 0.0, 0.0, 0.0, 0.0, 0.0, 0.0, 0.0, 0.0, 0.0, 0.0, 0.0, 0.0, 0.0, 0.0, 0.0, 0.0, 0.0, 0.0, 0.0, 0.0, 0.0, 0.0, 0.0, 0.0, 0.0, 0.0, 0.0, 0.0, 0.0, 0.0, 0.0, 0.0, 0.0, 0.0, 0.0, 0.0, 0.0, 0.0, 0.0, 0.0, 0.0, 0.0, 0.0, 0.0, 0.0, 0.0, 0.0, 0.0, 0.0, 0.0, 0.0, 0.0, 0.0, 0.0, 0.0, 0.0, 0.0, 0.0, 0.0, 0.0, 0.0, 0.0, 0.0, 0.0, 0.0, 0.0, 0.0, 0.0, 0.0, 0.0, 0.0, 0.0, 0.0, 0.0, 0.0, 0.0, 0.0, 0.0, 0.0, 0.0, 0.0, 0.0, 0.0, 0.0, 0.0, 0.0, 0.0, 0.0, 0.0, 0.0, 0.0, 0.0, 0.0, 0.0, 0.0, 0.0, 0.0, 0.0, 0.0, 0.0, 0.0, 0.0, 0.0, 0.0, 0.0, 0.0, 0.0, 0.0, 0.0, 0.0, 0.0, 0.0, 0.0, 0.0, 0.0, 0.0, 0.0, 0.0, 0.0, 0.0, 0.0, 0.0, 0.0, 0.0, 0.0, 0.0, 0.0, 0.0, 0.0, 0.0, 0.0, 0.0, 0.0]",COMPLETE
163,163,0.8286251626283314,2024-08-31 07:18:25.074070,2024-08-31 07:18:47.222040,0 days 00:00:22.147970,4,0.06625183142809316,4,55,0.10447933543387579,47,0.025435928831546068,0.879,0.8775,33,"[33, 33, 33, 33, 33, 33, 33, 33, 33, 33, 33, 33, 33, 33, 33, 33, 33, 33, 33, 33, 33, 33, 33, 33, 33, 33, 33, 33, 33, 33, 33, 33, 33, 33, 33, 33, 33, 33, 33, 33, 33, 33, 33, 33, 33, 33, 33, 33, 33, 33, 33, 33, 33, 33, 33]",32.96312056737589,"[32.97021276595745, 32.95602836879432, 32.95886524822695, 32.95744680851064, 32.96028368794326, 32.95460992907802, 32.94893617021277, 32.96312056737589, 32.9645390070922, 32.9645390070922, 32.96170212765958, 32.95602836879433, 32.9531914893617, 32.96312056737589, 32.95602836879433, 32.96170212765957, 32.96595744680851, 32.95177304964539, 32.95886524822695, 32.95602836879433, 32.95744680851064, 32.95602836879433, 32.95744680851064, 32.95886524822695, 32.96312056737589, 32.96028368794326, 32.95035460992908, 32.95602836879433, 32.95744680851064, 32.95886524822695, 32.96170212765958, 32.96595744680851, 32.96028368794326, 32.97021276595745, 32.95744680851064, 32.96879432624114, 32.95744680851064, 32.96879432624114, 32.96028368794326, 32.95460992907802, 32.97163120567376, 32.96312056737589, 32.95177304964539, 32.95460992907802, 32.94468085106383, 32.9531914893617, 32.94751773049646, 32.95035460992908, 32.94468085106383, 32.95460992907801, 32.95177304964539, 32.96170212765958, 32.95886524822695, 32.95886524822695, 32.96312056737589]",0.8397526399656537,0.8286251626283314,33,"[33, 33, 33, 33, 33, 33, 33, 33, 33, 33, 33, 33, 33, 33, 33, 33, 33, 33, 33, 33, 33, 33, 33, 33, 33, 33, 33, 33, 33, 33, 33, 33, 33, 33, 33, 33, 33, 33, 33, 33, 33, 33, 33, 33, 33, 33, 33, 33, 33, 33, 33, 33, 33, 33, 33]",55,"[0.4070753753185272, 0.3988826870918274, 0.393156498670578, 0.3889591693878174, 0.3856082260608673, 0.382800817489624, 0.3808057904243469, 0.37875422835350037, 0.37702101469039917, 0.3755601644515991, 0.37432780861854553, 0.37272027134895325, 0.3716695010662079, 0.37022316455841064, 0.36882975697517395, 0.3683166205883026, 0.36638230085372925, 0.3652608394622803, 0.3647274374961853, 0.36269819736480713, 0.36201363801956177, 0.36053267121315, 0.35909438133239746, 0.3579460084438324, 0.35700783133506775, 0.3558800220489502, 0.35437434911727905, 0.35316216945648193, 0.35214462876319885, 0.3510628938674927, 0.34995967149734497, 0.34850892424583435, 0.3474529981613159, 0.34606993198394775, 0.34482789039611816, 0.34366774559020996, 0.3424217700958252, 0.34155017137527466, 0.3402906060218811, 0.33902451395988464, 0.3377682864665985, 0.3365843594074249, 0.3348163664340973, 0.3337486684322357, 0.3323768377304077, 0.3309765160083771, 0.32951465249061584, 0.3281831741333008, 0.32702258229255676, 0.32539433240890503, 0.32413235306739807, 0.3225451707839966, 0.32123711705207825, 0.3194311261177063, 0.31816282868385315]",33.0,"[33.0, 33.0, 33.0, 33.0, 33.0, 33.0, 33.0, 33.0, 33.0, 33.0, 33.0, 33.0, 33.0, 33.0, 33.0, 33.0, 33.0, 33.0, 33.0, 33.0, 33.0, 33.0, 33.0, 33.0, 33.0, 33.0, 33.0, 33.0, 33.0, 33.0, 33.0, 33.0, 33.0, 33.0, 33.0, 33.0, 33.0, 33.0, 33.0, 33.0, 33.0, 33.0, 33.0, 33.0, 33.0, 33.0, 33.0, 33.0, 33.0, 33.0, 33.0, 33.0, 33.0, 33.0, 33.0]",COMPLETE
