,number,value,datetime_start,datetime_complete,duration,params_batch_size_scaler,params_constant_learning_rate,params_depth,params_epochs,params_kernel_l2,params_num_trees,params_temperature,user_attrs_accuracy_test,user_attrs_accuracy_valid,user_attrs_approximate_feature_sparsity,user_attrs_approximate_feature_sparsity_history,user_attrs_approximate_weight_sparsity,user_attrs_approximate_weight_sparsity_history,user_attrs_auc_test,user_attrs_auc_valid,user_attrs_feature_sparsity,user_attrs_feature_sparsity_history,user_attrs_num_epochs,user_attrs_val_loss_history,user_attrs_weight_sparsity,user_attrs_weight_sparsity_history,state
110,110,0.8828560755368345,2024-08-31 04:50:22.386670,2024-08-31 04:50:41.727557,0 days 00:00:19.340887,4,9.022482284693197,4,35,0.026136135168205597,79,0.002064276368752707,0.88,0.87625,15,"[18, 17, 16, 16, 16, 16, 15, 15, 15, 15, 15, 15, 15, 15, 15, 15, 15, 15, 15, 15, 15, 15, 15, 15, 15, 15, 15, 15, 15, 15, 15, 15, 15, 15, 15]",14.972995780590717,"[17.9831223628692, 16.980590717299577, 15.98902953586498, 15.98902953586498, 15.990717299578058, 15.985654008438818, 14.987341772151899, 14.98649789029536, 14.981434599156117, 14.981434599156119, 14.980590717299577, 14.98818565400844, 14.98565400843882, 14.98059071729958, 14.98818565400844, 14.978902953586497, 14.984810126582278, 14.983966244725739, 14.978902953586498, 14.983966244725739, 14.982278481012658, 14.985654008438818, 14.979746835443038, 14.983966244725739, 14.972151898734175, 14.976371308016876, 14.977215189873418, 14.978902953586497, 14.981434599156119, 14.973839662447258, 14.976371308016876, 14.974683544303797, 14.977215189873416, 14.974683544303797, 14.972995780590717]",0.861904408061493,0.8828560755368345,15,"[18, 17, 16, 16, 16, 16, 15, 15, 15, 15, 15, 15, 15, 15, 15, 15, 15, 15, 15, 15, 15, 15, 15, 15, 15, 15, 15, 15, 15, 15, 15, 15, 15, 15, 15]",35,"[4.1350507736206055, 0.4488914906978607, 2.1940112113952637, 4.036509037017822, 1.594752550125122, 0.8028838634490967, 1.3219784498214722, 0.6790433526039124, 0.6664354801177979, 0.8966934084892273, 0.5706761479377747, 0.7000850439071655, 0.44713568687438965, 0.9960496425628662, 1.5478380918502808, 0.5062857270240784, 0.7079112529754639, 2.0145986080169678, 0.5373682975769043, 0.49837371706962585, 0.5027681589126587, 0.7185782790184021, 0.678077757358551, 0.747849702835083, 0.5502071976661682, 0.8475025296211243, 0.662581205368042, 1.372296929359436, 1.0471428632736206, 0.8590856194496155, 0.4962890148162842, 4.893548488616943, 0.47453925013542175, 0.45802730321884155, 3.094822883605957]",15.0,"[18.0, 17.0, 16.0, 16.0, 16.0, 16.0, 15.0, 15.0, 15.0, 15.0, 15.0, 15.0, 15.0, 15.0, 15.0, 15.0, 15.0, 15.0, 15.0, 15.0, 15.0, 15.0, 15.0, 15.0, 15.0, 15.0, 15.0, 15.0, 15.0, 15.0, 15.0, 15.0, 15.0, 15.0, 15.0]",COMPLETE
111,111,0.7611778799706302,2024-08-31 04:50:44.182801,2024-08-31 04:50:53.949782,0 days 00:00:09.766981,4,0.21092226675739292,4,20,0.5232319548256755,27,0.02812502496119447,0.869,0.865,5,"[33, 33, 33, 33, 33, 32, 22, 14, 11, 9, 7, 6, 6, 5, 5, 5, 5, 5, 5, 5]",4.997530864197531,"[32.98765432098765, 32.97037037037037, 32.9753086419753, 32.97283950617284, 32.96296296296296, 31.955555555555556, 21.985185185185184, 13.995061728395061, 10.995061728395061, 8.995061728395061, 6.997530864197531, 5.992592592592592, 5.992592592592592, 4.992592592592593, 4.995061728395061, 4.987654320987654, 4.995061728395061, 4.992592592592592, 4.982716049382716, 4.997530864197531]",0.7872505552390625,0.7611778799706302,5,"[33, 33, 33, 33, 33, 32, 22, 14, 11, 9, 7, 6, 6, 5, 5, 5, 5, 5, 5, 5]",20,"[0.4567830562591553, 0.44306617975234985, 0.4350641965866089, 0.42716118693351746, 0.4191349446773529, 0.40956610441207886, 0.38852718472480774, 0.3758438229560852, 0.3657192289829254, 0.3637075126171112, 0.3619922399520874, 0.36859816312789917, 0.3674717843532562, 0.36521971225738525, 0.3641834557056427, 0.3627103865146637, 0.3618980348110199, 0.36109253764152527, 0.3601049482822418, 0.3585234582424164]",5.0,"[33.0, 33.0, 33.0, 33.0, 33.0, 32.0, 22.0, 14.0, 11.0, 9.0, 7.0, 6.0, 6.0, 5.0, 5.0, 5.0, 5.0, 5.0, 5.0, 5.0]",COMPLETE
112,112,0.797226623384988,2024-08-31 04:50:55.873843,2024-08-31 04:58:44.638106,0 days 00:07:48.764263,16,0.7807202161451023,6,305,0.0024213781067324498,100,0.005617958063265528,0.88,0.87125,2,"[33, 33, 33, 33, 33, 33, 33, 12, 5, 5, 3, 3, 2, 2, 2, 2, 2, 2, 2, 2, 2, 2, 2, 2, 2, 2, 2, 2, 2, 2, 2, 2, 2, 2, 2, 2, 2, 2, 2, 2, 2, 2, 2, 2, 2, 2, 2, 2, 2, 2, 2, 2, 2, 2, 2, 2, 2, 2, 2, 2, 2, 2, 2, 2, 2, 2, 2, 2, 2, 2, 2, 2, 2, 2, 2, 2, 2, 2, 2, 2, 2, 2, 2, 2, 2, 2, 2, 2, 2, 2, 2, 2, 2, 2, 2, 2, 2, 2, 2, 2, 2, 2, 2, 2, 2, 2, 2, 2, 2, 2, 2, 2, 2, 2, 2, 2, 2, 2, 2, 2, 2, 2, 2, 2, 2, 2, 2, 2, 2, 2, 2, 2, 2, 2, 2, 2, 2, 2, 2, 2, 2, 2, 2, 2, 2, 2, 2, 2, 2, 2, 2, 2, 2, 2, 2, 2, 2, 2, 2, 2, 2, 2, 2, 2, 2, 2, 2, 2, 2, 2, 2, 2, 2, 2, 2, 2, 2, 2, 2, 2, 2, 2, 2, 2, 2, 2, 2, 2, 2, 2, 2, 2, 2, 2, 2, 2, 2, 2, 2, 2, 2, 2, 2, 2, 2, 2, 2, 2, 2, 2, 2, 2, 2, 2, 2, 2, 2, 2, 2, 2, 2, 2, 2, 2, 2, 2, 2, 2, 2, 2, 2, 2, 2, 2, 2, 2, 2, 2, 2, 2, 2, 2, 2, 2, 2, 2, 2, 2, 2, 2, 2, 2, 2, 2, 2, 2, 2, 2, 2, 2, 2, 2, 2, 2, 2, 2, 2, 2, 2, 2, 2, 2, 2, 2, 2, 2, 2, 2, 2, 2, 2, 2, 2, 2, 2, 2, 2, 2, 2, 2, 2, 2, 2, 2, 2, 2, 2, 2, 2, 2, 2, 2, 2, 2, 2]",1.9955555555555555,"[32.89301587301587, 32.88984126984127, 32.89015873015873, 32.89349206349206, 32.891111111111115, 32.8931746031746, 32.89301587301587, 11.963333333333335, 4.984126984126984, 4.984285714285714, 2.99, 2.9901587301587305, 1.9934920634920634, 1.993809523809524, 1.9946031746031747, 1.9931746031746032, 1.9942857142857142, 1.9934920634920634, 1.9949206349206348, 1.993968253968254, 1.9952380952380953, 1.9933333333333332, 1.9957142857142858, 1.9955555555555555, 1.9957142857142858, 1.995079365079365, 1.9933333333333332, 1.9926984126984126, 1.9923809523809524, 1.9952380952380953, 1.9944444444444445, 1.9944444444444445, 1.9949206349206348, 1.9944444444444445, 1.9944444444444445, 1.9949206349206348, 1.992063492063492, 1.9944444444444445, 1.9942857142857142, 1.9944444444444445, 1.9936507936507937, 1.9942857142857142, 1.9931746031746032, 1.9949206349206348, 1.9952380952380953, 1.9955555555555557, 1.9952380952380953, 1.996031746031746, 1.9952380952380953, 1.9961904761904763, 1.9947619047619047, 1.9963492063492063, 1.995079365079365, 1.9946031746031747, 1.9942857142857142, 1.993968253968254, 1.9942857142857142, 1.9952380952380953, 1.9949206349206348, 1.9949206349206348, 1.9946031746031747, 1.9944444444444445, 1.9957142857142858, 1.9953968253968255, 1.9961904761904763, 1.995079365079365, 1.9936507936507937, 1.9946031746031747, 1.9931746031746032, 1.993968253968254, 1.9931746031746032, 1.9934920634920634, 1.9946031746031747, 1.9936507936507937, 1.994126984126984, 1.993809523809524, 1.9944444444444445, 1.995079365079365, 1.9961904761904763, 1.9955555555555555, 1.994761904761905, 1.9944444444444445, 1.9934920634920634, 1.9933333333333332, 1.9942857142857142, 1.995079365079365, 1.9941269841269842, 1.9953968253968255, 1.9957142857142858, 1.993968253968254, 1.9944444444444445, 1.9933333333333332, 1.9941269841269842, 1.9944444444444445, 1.9946031746031747, 1.9955555555555555, 1.9952380952380953, 1.9957142857142858, 1.9952380952380953, 1.994920634920635, 1.9952380952380953, 1.996031746031746, 1.9957142857142856, 1.9958730158730158, 1.9944444444444445, 1.994761904761905, 1.9931746031746032, 1.9936507936507937, 1.9947619047619047, 1.9947619047619047, 1.9949206349206348, 1.9946031746031747, 1.995079365079365, 1.995079365079365, 1.9946031746031747, 1.9942857142857142, 1.9944444444444445, 1.993968253968254, 1.9947619047619047, 1.9949206349206348, 1.9942857142857142, 1.9958730158730158, 1.996031746031746, 1.9953968253968255, 1.9955555555555555, 1.9963492063492063, 1.9961904761904763, 1.9958730158730158, 1.9955555555555555, 1.9961904761904763, 1.9963492063492065, 1.9965079365079366, 1.9961904761904763, 1.997142857142857, 1.9966666666666666, 1.9968253968253968, 1.9963492063492063, 1.9953968253968255, 1.996031746031746, 1.9957142857142858, 1.9963492063492063, 1.9955555555555555, 1.9955555555555555, 1.995079365079365, 1.9952380952380953, 1.995079365079365, 1.9955555555555555, 1.9947619047619047, 1.9946031746031747, 1.995079365079365, 1.9953968253968255, 1.9952380952380953, 1.9946031746031747, 1.9947619047619047, 1.9957142857142856, 1.9961904761904763, 1.9961904761904763, 1.9953968253968255, 1.996031746031746, 1.9958730158730158, 1.9965079365079366, 1.9961904761904763, 1.9963492063492063, 1.9965079365079363, 1.9953968253968255, 1.996031746031746, 1.995079365079365, 1.995079365079365, 1.9947619047619047, 1.9944444444444445, 1.9949206349206348, 1.9942857142857142, 1.9952380952380953, 1.9946031746031747, 1.9949206349206348, 1.9942857142857142, 1.9947619047619047, 1.9955555555555557, 1.9957142857142856, 1.9942857142857142, 1.9946031746031747, 1.9942857142857142, 1.9953968253968255, 1.994920634920635, 1.994920634920635, 1.9947619047619047, 1.995079365079365, 1.995079365079365, 1.993968253968254, 1.9942857142857142, 1.9946031746031747, 1.994126984126984, 1.9944444444444445, 1.994920634920635, 1.995079365079365, 1.9947619047619047, 1.995079365079365, 1.9944444444444445, 1.995079365079365, 1.9944444444444445, 1.9946031746031747, 1.9952380952380953, 1.9952380952380953, 1.9955555555555555, 1.9957142857142858, 1.9955555555555555, 1.9958730158730158, 1.9957142857142858, 1.994920634920635, 1.9952380952380953, 1.995079365079365, 1.9952380952380953, 1.9952380952380953, 1.9949206349206348, 1.9947619047619047, 1.994920634920635, 1.995079365079365, 1.995079365079365, 1.995079365079365, 1.9953968253968255, 1.995079365079365, 1.994761904761905, 1.9946031746031747, 1.994920634920635, 1.9957142857142856, 1.9958730158730158, 1.9957142857142858, 1.9961904761904763, 1.996031746031746, 1.996031746031746, 1.996031746031746, 1.9963492063492063, 1.9963492063492063, 1.9963492063492065, 1.9961904761904763, 1.9963492063492065, 1.9963492063492065, 1.9968253968253968, 1.996031746031746, 1.9963492063492063, 1.9958730158730158, 1.9953968253968255, 1.9952380952380953, 1.9953968253968255, 1.9952380952380953, 1.9957142857142858, 1.996031746031746, 1.9961904761904763, 1.9966666666666666, 1.9968253968253968, 1.9965079365079366, 1.9966666666666666, 1.996031746031746, 1.9952380952380953, 1.9957142857142858, 1.9953968253968255, 1.9952380952380953, 1.9965079365079363, 1.9961904761904763, 1.9958730158730158, 1.9958730158730158, 1.9958730158730158, 1.996031746031746, 1.9963492063492063, 1.995079365079365, 1.9957142857142856, 1.9958730158730158, 1.9946031746031747, 1.9946031746031747, 1.9944444444444445, 1.994761904761905, 1.9942857142857142, 1.994920634920635, 1.994920634920635, 1.994920634920635, 1.994920634920635, 1.9953968253968255, 1.9952380952380953, 1.9952380952380953, 1.995079365079365, 1.9949206349206348, 1.9955555555555555, 1.9946031746031747, 1.995079365079365, 1.9953968253968255, 1.9961904761904763, 1.9958730158730158, 1.9952380952380953, 1.9953968253968255, 1.9952380952380953, 1.995079365079365, 1.9953968253968255, 1.9955555555555555, 1.9953968253968255, 1.995079365079365, 1.9961904761904763, 1.9957142857142856, 1.9952380952380953, 1.9942857142857142, 1.996031746031746, 1.9953968253968255, 1.9949206349206348, 1.9955555555555555, 1.9957142857142856, 1.9955555555555555]",0.801938589321246,0.797226623384988,2,"[33, 33, 33, 33, 33, 33, 33, 12, 5, 5, 3, 3, 2, 2, 2, 2, 2, 2, 2, 2, 2, 2, 2, 2, 2, 2, 2, 2, 2, 2, 2, 2, 2, 2, 2, 2, 2, 2, 2, 2, 2, 2, 2, 2, 2, 2, 2, 2, 2, 2, 2, 2, 2, 2, 2, 2, 2, 2, 2, 2, 2, 2, 2, 2, 2, 2, 2, 2, 2, 2, 2, 2, 2, 2, 2, 2, 2, 2, 2, 2, 2, 2, 2, 2, 2, 2, 2, 2, 2, 2, 2, 2, 2, 2, 2, 2, 2, 2, 2, 2, 2, 2, 2, 2, 2, 2, 2, 2, 2, 2, 2, 2, 2, 2, 2, 2, 2, 2, 2, 2, 2, 2, 2, 2, 2, 2, 2, 2, 2, 2, 2, 2, 2, 2, 2, 2, 2, 2, 2, 2, 2, 2, 2, 2, 2, 2, 2, 2, 2, 2, 2, 2, 2, 2, 2, 2, 2, 2, 2, 2, 2, 2, 2, 2, 2, 2, 2, 2, 2, 2, 2, 2, 2, 2, 2, 2, 2, 2, 2, 2, 2, 2, 2, 2, 2, 2, 2, 2, 2, 2, 2, 2, 2, 2, 2, 2, 2, 2, 2, 2, 2, 2, 2, 2, 2, 2, 2, 2, 2, 2, 2, 2, 2, 2, 2, 2, 2, 2, 2, 2, 2, 2, 2, 2, 2, 2, 2, 2, 2, 2, 2, 2, 2, 2, 2, 2, 2, 2, 2, 2, 2, 2, 2, 2, 2, 2, 2, 2, 2, 2, 2, 2, 2, 2, 2, 2, 2, 2, 2, 2, 2, 2, 2, 2, 2, 2, 2, 2, 2, 2, 2, 2, 2, 2, 2, 2, 2, 2, 2, 2, 2, 2, 2, 2, 2, 2, 2, 2, 2, 2, 2, 2, 2, 2, 2, 2, 2, 2, 2, 2, 2, 2, 2, 2, 2]",305,"[0.39573708176612854, 0.3869538903236389, 0.38076260685920715, 0.37777599692344666, 0.37434616684913635, 0.37124237418174744, 0.37215113639831543, 0.37291446328163147, 0.377745658159256, 0.37687572836875916, 0.3825340270996094, 0.3820265531539917, 0.3847242593765259, 0.38346827030181885, 0.38229408860206604, 0.38168591260910034, 0.38021233677864075, 0.3795301914215088, 0.37938645482063293, 0.37869203090667725, 0.37782979011535645, 0.3771069049835205, 0.37655267119407654, 0.3763742446899414, 0.37566372752189636, 0.37507084012031555, 0.3763452172279358, 0.37421947717666626, 0.3738076388835907, 0.373455286026001, 0.37299302220344543, 0.3726102411746979, 0.3727186620235443, 0.37191906571388245, 0.37155064940452576, 0.3712179958820343, 0.3708871901035309, 0.3718460202217102, 0.37108615040779114, 0.3699674904346466, 0.3696756362915039, 0.37246501445770264, 0.36991673707962036, 0.3688203692436218, 0.36865878105163574, 0.36832195520401, 0.36842453479766846, 0.36797255277633667, 0.36764419078826904, 0.36768993735313416, 0.3671707510948181, 0.36718806624412537, 0.36671969294548035, 0.36690476536750793, 0.3667082190513611, 0.36604705452919006, 0.3658546507358551, 0.36572617292404175, 0.36603397130966187, 0.36603495478630066, 0.3654616177082062, 0.36507266759872437, 0.36562979221343994, 0.365009605884552, 0.36444947123527527, 0.36502403020858765, 0.36418360471725464, 0.3641812801361084, 0.3638346791267395, 0.3636508584022522, 0.36346518993377686, 0.3639535903930664, 0.36314189434051514, 0.362989604473114, 0.3629993200302124, 0.36267074942588806, 0.3626532256603241, 0.36259573698043823, 0.3625820577144623, 0.36229076981544495, 0.3622329831123352, 0.3620512783527374, 0.36154070496559143, 0.36141273379325867, 0.36141812801361084, 0.3610174059867859, 0.36083367466926575, 0.3612024188041687, 0.36045077443122864, 0.3602564334869385, 0.3600805699825287, 0.3600652813911438, 0.35979798436164856, 0.35990574955940247, 0.3593789041042328, 0.35946276783943176, 0.35892799496650696, 0.35875415802001953, 0.3599626123905182, 0.3583928048610687, 0.3587695360183716, 0.3578563630580902, 0.3587600290775299, 0.3573530316352844, 0.35762158036231995, 0.3571840226650238, 0.35668954253196716, 0.35645416378974915, 0.35665440559387207, 0.35607799887657166, 0.3555891811847687, 0.3553776144981384, 0.3556842505931854, 0.3549475073814392, 0.35543757677078247, 0.3553304970264435, 0.3553657531738281, 0.3537392020225525, 0.3533679246902466, 0.35332491993904114, 0.3531333804130554, 0.3530774712562561, 0.35213005542755127, 0.3531162738800049, 0.3516245186328888, 0.3513604402542114, 0.3508628010749817, 0.3506568968296051, 0.35073530673980713, 0.3499816954135895, 0.34967240691185, 0.34934914112091064, 0.34899482131004333, 0.3487529456615448, 0.3482895791530609, 0.3480474352836609, 0.3476189076900482, 0.3473081886768341, 0.3469148576259613, 0.34661146998405457, 0.34798747301101685, 0.34603333473205566, 0.345983624458313, 0.3453412652015686, 0.34529903531074524, 0.3453875780105591, 0.34436652064323425, 0.34434813261032104, 0.343873530626297, 0.3436271548271179, 0.3434918522834778, 0.3431912660598755, 0.34272706508636475, 0.34297776222229004, 0.34226933121681213, 0.3417774438858032, 0.34150999784469604, 0.3412918150424957, 0.34102004766464233, 0.3407352566719055, 0.3406539857387543, 0.34084194898605347, 0.34142032265663147, 0.3401365578174591, 0.33964237570762634, 0.3395945727825165, 0.3394581973552704, 0.3395468592643738, 0.338841050863266, 0.3385043740272522, 0.3383984863758087, 0.3386578857898712, 0.33805328607559204, 0.33904561400413513, 0.33784961700439453, 0.3374241888523102, 0.33751121163368225, 0.33774280548095703, 0.33705607056617737, 0.33882150053977966, 0.33684810996055603, 0.33674269914627075, 0.3367396891117096, 0.3366047739982605, 0.3367783725261688, 0.3362759053707123, 0.33651843667030334, 0.3363511264324188, 0.335771381855011, 0.3373104929924011, 0.33584320545196533, 0.3355700969696045, 0.33516350388526917, 0.33583229780197144, 0.3349156081676483, 0.334888756275177, 0.3351612091064453, 0.3347403407096863, 0.3350026607513428, 0.3380192816257477, 0.33439919352531433, 0.3344471752643585, 0.3343610465526581, 0.33493712544441223, 0.3346581757068634, 0.3346361517906189, 0.33412420749664307, 0.33425387740135193, 0.33417168259620667, 0.33394449949264526, 0.33385783433914185, 0.3338382840156555, 0.333770215511322, 0.33402106165885925, 0.3337952792644501, 0.334491491317749, 0.33440372347831726, 0.33370399475097656, 0.3335012197494507, 0.3335343897342682, 0.33520495891571045, 0.3343007564544678, 0.3334643244743347, 0.3332049250602722, 0.333194375038147, 0.3331567645072937, 0.3332183063030243, 0.3330950438976288, 0.33339905738830566, 0.3343173861503601, 0.33306410908699036, 0.3330255150794983, 0.33310702443122864, 0.3332700729370117, 0.3346080780029297, 0.33284252882003784, 0.333331823348999, 0.33288896083831787, 0.333328515291214, 0.3328807055950165, 0.3334830105304718, 0.3327007293701172, 0.3327863812446594, 0.33259937167167664, 0.3325885832309723, 0.3330184817314148, 0.33246180415153503, 0.33241167664527893, 0.3323802947998047, 0.33235102891921997, 0.33335304260253906, 0.3325643837451935, 0.3325715959072113, 0.33254143595695496, 0.33237433433532715, 0.3323054909706116, 0.332388311624527, 0.332549512386322, 0.3326348066329956, 0.3324580788612366, 0.3322300612926483, 0.3332711458206177, 0.33213427662849426, 0.3322320282459259, 0.332757830619812, 0.3324580788612366, 0.33229362964630127, 0.3322715759277344, 0.3320904076099396, 0.3322852849960327, 0.3323138952255249, 0.3323020040988922, 0.33205097913742065, 0.3320348858833313, 0.33213183283805847, 0.3320011794567108, 0.3331373929977417, 0.33220863342285156, 0.3320103883743286, 0.33198782801628113, 0.3320632874965668, 0.33194905519485474, 0.3319622278213501, 0.3319118022918701, 0.3321552276611328, 0.33382725715637207, 0.3323720097541809, 0.33179157972335815, 0.3318268954753876, 0.33180347084999084, 0.33179420232772827, 0.3320334255695343, 0.3321574330329895, 0.33207088708877563, 0.3318804204463959, 0.33171120285987854, 0.3320601284503937, 0.3333028554916382, 0.3317323327064514, 0.33217108249664307, 0.33168837428092957, 0.3317047357559204, 0.3316170573234558, 0.3318297863006592, 0.3315693736076355]",2.0,"[33.0, 33.0, 33.0, 33.0, 33.0, 33.0, 33.0, 12.0, 5.0, 5.0, 3.0, 3.0, 2.0, 2.0, 2.0, 2.0, 2.0, 2.0, 2.0, 2.0, 2.0, 2.0, 2.0, 2.0, 2.0, 2.0, 2.0, 2.0, 2.0, 2.0, 2.0, 2.0, 2.0, 2.0, 2.0, 2.0, 2.0, 2.0, 2.0, 2.0, 2.0, 2.0, 2.0, 2.0, 2.0, 2.0, 2.0, 2.0, 2.0, 2.0, 2.0, 2.0, 2.0, 2.0, 2.0, 2.0, 2.0, 2.0, 2.0, 2.0, 2.0, 2.0, 2.0, 2.0, 2.0, 2.0, 2.0, 2.0, 2.0, 2.0, 2.0, 2.0, 2.0, 2.0, 2.0, 2.0, 2.0, 2.0, 2.0, 2.0, 2.0, 2.0, 2.0, 2.0, 2.0, 2.0, 2.0, 2.0, 2.0, 2.0, 2.0, 2.0, 2.0, 2.0, 2.0, 2.0, 2.0, 2.0, 2.0, 2.0, 2.0, 2.0, 2.0, 2.0, 2.0, 2.0, 2.0, 2.0, 2.0, 2.0, 2.0, 2.0, 2.0, 2.0, 2.0, 2.0, 2.0, 2.0, 2.0, 2.0, 2.0, 2.0, 2.0, 2.0, 2.0, 2.0, 2.0, 2.0, 2.0, 2.0, 2.0, 2.0, 2.0, 2.0, 2.0, 2.0, 2.0, 2.0, 2.0, 2.0, 2.0, 2.0, 2.0, 2.0, 2.0, 2.0, 2.0, 2.0, 2.0, 2.0, 2.0, 2.0, 2.0, 2.0, 2.0, 2.0, 2.0, 2.0, 2.0, 2.0, 2.0, 2.0, 2.0, 2.0, 2.0, 2.0, 2.0, 2.0, 2.0, 2.0, 2.0, 2.0, 2.0, 2.0, 2.0, 2.0, 2.0, 2.0, 2.0, 2.0, 2.0, 2.0, 2.0, 2.0, 2.0, 2.0, 2.0, 2.0, 2.0, 2.0, 2.0, 2.0, 2.0, 2.0, 2.0, 2.0, 2.0, 2.0, 2.0, 2.0, 2.0, 2.0, 2.0, 2.0, 2.0, 2.0, 2.0, 2.0, 2.0, 2.0, 2.0, 2.0, 2.0, 2.0, 2.0, 2.0, 2.0, 2.0, 2.0, 2.0, 2.0, 2.0, 2.0, 2.0, 2.0, 2.0, 2.0, 2.0, 2.0, 2.0, 2.0, 2.0, 2.0, 2.0, 2.0, 2.0, 2.0, 2.0, 2.0, 2.0, 2.0, 2.0, 2.0, 2.0, 2.0, 2.0, 2.0, 2.0, 2.0, 2.0, 2.0, 2.0, 2.0, 2.0, 2.0, 2.0, 2.0, 2.0, 2.0, 2.0, 2.0, 2.0, 2.0, 2.0, 2.0, 2.0, 2.0, 2.0, 2.0, 2.0, 2.0, 2.0, 2.0, 2.0, 2.0, 2.0, 2.0, 2.0, 2.0, 2.0, 2.0, 2.0, 2.0, 2.0, 2.0, 2.0, 2.0, 2.0, 2.0, 2.0, 2.0, 2.0, 2.0, 2.0, 2.0, 2.0, 2.0, 2.0, 2.0, 2.0, 2.0, 2.0, 2.0, 2.0, 2.0]",COMPLETE
