,number,value,datetime_start,datetime_complete,duration,params_batch_size_scaler,params_constant_learning_rate,params_depth,params_epochs,params_kernel_l2,params_num_trees,params_temperature,user_attrs_accuracy_test,user_attrs_accuracy_valid,user_attrs_approximate_feature_sparsity,user_attrs_approximate_feature_sparsity_history,user_attrs_approximate_weight_sparsity,user_attrs_approximate_weight_sparsity_history,user_attrs_auc_test,user_attrs_auc_valid,user_attrs_feature_sparsity,user_attrs_feature_sparsity_history,user_attrs_num_epochs,user_attrs_val_loss_history,user_attrs_weight_sparsity,user_attrs_weight_sparsity_history,state
31,31,0.5,2024-08-31 02:02:25.273881,2024-08-31 02:06:35.133361,0 days 00:04:09.859480,1,1.0378711073421407,3,280,0.3816396786464625,25,0.015175142855971305,0.859,0.85875,0,"[0, 0, 0, 0, 0, 0, 0, 0, 0, 0, 0, 0, 0, 0, 0, 0, 0, 0, 0, 0, 0, 0, 0, 0, 0, 0, 0, 0, 0, 0, 0, 0, 0, 0, 0, 0, 0, 0, 0, 0, 0, 0, 0, 0, 0, 0, 0, 0, 0, 0, 0, 0, 0, 0, 0, 0, 0, 0, 0, 0, 0, 0, 0, 0, 0, 0, 0, 0, 0, 0, 0, 0, 0, 0, 0, 0, 0, 0, 0, 0, 0, 0, 0, 0, 0, 0, 0, 0, 0, 0, 0, 0, 0, 0, 0, 0, 0, 0, 0, 0, 0, 0, 0, 0, 0, 0, 0, 0, 0, 0, 0, 0, 0, 0, 0, 0, 0, 0, 0, 0, 0, 0, 0, 0, 0, 0, 0, 0, 0, 0, 0, 0, 0, 0, 0, 0, 0, 0, 0, 0, 0, 0, 0, 0, 0, 0, 0, 0, 0, 0, 0, 0, 0, 0, 0, 0, 0, 0, 0, 0, 0, 0, 0, 0, 0, 0, 0, 0, 0, 0, 0, 0, 0, 0, 0, 0, 0, 0, 0, 0, 0, 0, 0, 0, 0, 0, 0, 0, 0, 0, 0, 0, 0, 0, 0, 0, 0, 0, 0, 0, 0, 0, 0, 0, 0, 0, 0, 0, 0, 0, 0, 0, 0, 0, 0, 0, 0, 0, 0, 0, 0, 0, 0, 0, 0, 0, 0, 0, 0, 0, 0, 0, 0, 0, 0, 0, 0, 0, 0, 0, 0, 0, 0, 0, 0, 0, 0, 0, 0, 0, 0, 0, 0, 0, 0, 0, 0, 0, 0, 0, 0, 0, 0, 0, 0, 0, 0, 0, 0, 0, 0, 0, 0, 0, 0, 0, 0, 0, 0, 0]",0.0,"[0.0, 0.0, 0.0, 0.0, 0.0, 0.0, 0.0, 0.0, 0.0, 0.0, 0.0, 0.0, 0.0, 0.0, 0.0, 0.0, 0.0, 0.0, 0.0, 0.0, 0.0, 0.0, 0.0, 0.0, 0.0, 0.0, 0.0, 0.0, 0.0, 0.0, 0.0, 0.0, 0.0, 0.0, 0.0, 0.0, 0.0, 0.0, 0.0, 0.0, 0.0, 0.0, 0.0, 0.0, 0.0, 0.0, 0.0, 0.0, 0.0, 0.0, 0.0, 0.0, 0.0, 0.0, 0.0, 0.0, 0.0, 0.0, 0.0, 0.0, 0.0, 0.0, 0.0, 0.0, 0.0, 0.0, 0.0, 0.0, 0.0, 0.0, 0.0, 0.0, 0.0, 0.0, 0.0, 0.0, 0.0, 0.0, 0.0, 0.0, 0.0, 0.0, 0.0, 0.0, 0.0, 0.0, 0.0, 0.0, 0.0, 0.0, 0.0, 0.0, 0.0, 0.0, 0.0, 0.0, 0.0, 0.0, 0.0, 0.0, 0.0, 0.0, 0.0, 0.0, 0.0, 0.0, 0.0, 0.0, 0.0, 0.0, 0.0, 0.0, 0.0, 0.0, 0.0, 0.0, 0.0, 0.0, 0.0, 0.0, 0.0, 0.0, 0.0, 0.0, 0.0, 0.0, 0.0, 0.0, 0.0, 0.0, 0.0, 0.0, 0.0, 0.0, 0.0, 0.0, 0.0, 0.0, 0.0, 0.0, 0.0, 0.0, 0.0, 0.0, 0.0, 0.0, 0.0, 0.0, 0.0, 0.0, 0.0, 0.0, 0.0, 0.0, 0.0, 0.0, 0.0, 0.0, 0.0, 0.0, 0.0, 0.0, 0.0, 0.0, 0.0, 0.0, 0.0, 0.0, 0.0, 0.0, 0.0, 0.0, 0.0, 0.0, 0.0, 0.0, 0.0, 0.0, 0.0, 0.0, 0.0, 0.0, 0.0, 0.0, 0.0, 0.0, 0.0, 0.0, 0.0, 0.0, 0.0, 0.0, 0.0, 0.0, 0.0, 0.0, 0.0, 0.0, 0.0, 0.0, 0.0, 0.0, 0.0, 0.0, 0.0, 0.0, 0.0, 0.0, 0.0, 0.0, 0.0, 0.0, 0.0, 0.0, 0.0, 0.0, 0.0, 0.0, 0.0, 0.0, 0.0, 0.0, 0.0, 0.0, 0.0, 0.0, 0.0, 0.0, 0.0, 0.0, 0.0, 0.0, 0.0, 0.0, 0.0, 0.0, 0.0, 0.0, 0.0, 0.0, 0.0, 0.0, 0.0, 0.0, 0.0, 0.0, 0.0, 0.0, 0.0, 0.0, 0.0, 0.0, 0.0, 0.0, 0.0, 0.0, 0.0, 0.0, 0.0, 0.0, 0.0, 0.0, 0.0, 0.0, 0.0, 0.0, 0.0, 0.0, 0.0, 0.0, 0.0, 0.0, 0.0, 0.0, 0.0, 0.0, 0.0, 0.0, 0.0, 0.0]",0.5,0.5,0,"[0, 0, 0, 0, 0, 0, 0, 0, 0, 0, 0, 0, 0, 0, 0, 0, 0, 0, 0, 0, 0, 0, 0, 0, 0, 0, 0, 0, 0, 0, 0, 0, 0, 0, 0, 0, 0, 0, 0, 0, 0, 0, 0, 0, 0, 0, 0, 0, 0, 0, 0, 0, 0, 0, 0, 0, 0, 0, 0, 0, 0, 0, 0, 0, 0, 0, 0, 0, 0, 0, 0, 0, 0, 0, 0, 0, 0, 0, 0, 0, 0, 0, 0, 0, 0, 0, 0, 0, 0, 0, 0, 0, 0, 0, 0, 0, 0, 0, 0, 0, 0, 0, 0, 0, 0, 0, 0, 0, 0, 0, 0, 0, 0, 0, 0, 0, 0, 0, 0, 0, 0, 0, 0, 0, 0, 0, 0, 0, 0, 0, 0, 0, 0, 0, 0, 0, 0, 0, 0, 0, 0, 0, 0, 0, 0, 0, 0, 0, 0, 0, 0, 0, 0, 0, 0, 0, 0, 0, 0, 0, 0, 0, 0, 0, 0, 0, 0, 0, 0, 0, 0, 0, 0, 0, 0, 0, 0, 0, 0, 0, 0, 0, 0, 0, 0, 0, 0, 0, 0, 0, 0, 0, 0, 0, 0, 0, 0, 0, 0, 0, 0, 0, 0, 0, 0, 0, 0, 0, 0, 0, 0, 0, 0, 0, 0, 0, 0, 0, 0, 0, 0, 0, 0, 0, 0, 0, 0, 0, 0, 0, 0, 0, 0, 0, 0, 0, 0, 0, 0, 0, 0, 0, 0, 0, 0, 0, 0, 0, 0, 0, 0, 0, 0, 0, 0, 0, 0, 0, 0, 0, 0, 0, 0, 0, 0, 0, 0, 0, 0, 0, 0, 0, 0, 0, 0, 0, 0, 0, 0, 0]",280,"[0.43696045875549316, 0.43742671608924866, 0.4233267903327942, 0.41443347930908203, 0.4235987365245819, 0.40839114785194397, 0.4475904405117035, 0.40951552987098694, 0.40825212001800537, 0.40787237882614136, 0.44198569655418396, 0.43891018629074097, 0.4284732937812805, 0.4309580624103546, 0.4613450765609741, 0.4081370532512665, 0.4120067358016968, 0.4099244177341461, 0.4723378121852875, 0.4580085873603821, 0.42824050784111023, 0.4228314459323883, 0.4147074222564697, 0.40722933411598206, 0.4233538508415222, 0.4198847711086273, 0.44720911979675293, 0.4146685302257538, 0.40880417823791504, 0.43218475580215454, 0.4398884177207947, 0.44317761063575745, 0.4418986141681671, 0.42043712735176086, 0.408681720495224, 0.41190460324287415, 0.41828644275665283, 0.4324016571044922, 0.412487268447876, 0.500840425491333, 0.41456320881843567, 0.45234984159469604, 0.4087677001953125, 0.4198833703994751, 0.5108270049095154, 0.41475000977516174, 0.4198063313961029, 0.44704073667526245, 0.40819770097732544, 0.4147596061229706, 0.40751031041145325, 0.4116300642490387, 0.5623518228530884, 0.4729795455932617, 0.41069138050079346, 0.41195157170295715, 0.40749749541282654, 0.40761780738830566, 0.40913259983062744, 0.4084697961807251, 0.40888750553131104, 0.423318475484848, 0.42770612239837646, 0.42773911356925964, 0.4075131118297577, 0.41963329911231995, 0.40774545073509216, 0.4619672894477844, 0.42336180806159973, 0.4200529456138611, 0.42021438479423523, 0.45048901438713074, 0.43658334016799927, 0.5083054900169373, 0.4084519147872925, 0.4147398769855499, 0.42143550515174866, 0.40741634368896484, 0.4102957546710968, 0.432500958442688, 0.42599067091941833, 0.4115893244743347, 0.4078267216682434, 0.4145471155643463, 0.4237673580646515, 0.4319465756416321, 0.40750056505203247, 0.4147483706474304, 0.42218267917633057, 0.41191110014915466, 0.4081069529056549, 0.455515056848526, 0.42751407623291016, 0.4400790333747864, 0.466312438249588, 0.4313647150993347, 0.42089158296585083, 0.41931265592575073, 0.4138638377189636, 0.43249741196632385, 0.40801405906677246, 0.4208071231842041, 0.4207507371902466, 0.40820735692977905, 0.41296327114105225, 0.4323989450931549, 0.40753689408302307, 0.4078225791454315, 0.40777286887168884, 0.4237630069255829, 0.41753822565078735, 0.40749359130859375, 0.4077911674976349, 0.4700391888618469, 0.4435555338859558, 0.4090348780155182, 0.4221375286579132, 0.45599743723869324, 0.41986721754074097, 0.42776164412498474, 0.4330783188343048, 0.41475826501846313, 0.4123389422893524, 0.4307039678096771, 0.7510380744934082, 0.40980666875839233, 0.4075859487056732, 0.4114641547203064, 0.40848708152770996, 0.4083501100540161, 0.44090262055397034, 0.44764748215675354, 0.4452452063560486, 0.41029462218284607, 0.4197748899459839, 0.4687216579914093, 0.4075433611869812, 0.41157740354537964, 0.4408767819404602, 0.45700153708457947, 0.4460815489292145, 0.41244497895240784, 0.40931907296180725, 0.41450080275535583, 0.4075049161911011, 0.45085808634757996, 0.4092273414134979, 0.4084354639053345, 0.41464850306510925, 0.4201149046421051, 0.40761756896972656, 0.40913569927215576, 0.42003223299980164, 0.4193800389766693, 0.4469168484210968, 0.4145981967449188, 0.4116186499595642, 0.4117656350135803, 0.40750518441200256, 0.4091826379299164, 0.4224061667919159, 0.41152024269104004, 0.4317202866077423, 0.41122305393218994, 0.4194984436035156, 0.4420520067214966, 0.4310334324836731, 0.41444411873817444, 0.41340696811676025, 0.4122069478034973, 0.41473472118377686, 0.43508589267730713, 0.4618883430957794, 0.435586541891098, 0.4421398639678955, 0.4072646200656891, 0.40818196535110474, 0.42578017711639404, 0.41228732466697693, 0.44514352083206177, 0.40831458568573, 0.4615126848220825, 0.4614723324775696, 0.42265716195106506, 0.419406920671463, 0.4237612783908844, 0.4086627960205078, 0.42296862602233887, 0.47105053067207336, 0.4092693030834198, 0.42094677686691284, 0.4147678315639496, 0.42494532465934753, 0.4436352550983429, 0.41313794255256653, 0.4076176881790161, 0.4152716100215912, 0.4141649007797241, 0.4076400399208069, 0.41121819615364075, 0.4193119704723358, 0.41410836577415466, 0.41475802659988403, 0.4081006348133087, 0.40854454040527344, 0.42266806960105896, 0.41161423921585083, 0.4257708489894867, 0.4121292531490326, 0.40733692049980164, 0.41295450925827026, 0.4389995336532593, 0.41929805278778076, 0.4198712110519409, 0.4128374755382538, 0.44519802927970886, 0.4213258624076843, 0.44774359464645386, 0.4215013086795807, 0.4304731488227844, 0.42155247926712036, 0.40796181559562683, 0.44521668553352356, 0.41293230652809143, 0.4455314874649048, 0.4147302508354187, 0.41005298495292664, 0.4131559133529663, 0.4193292260169983, 0.4275386929512024, 0.4080566465854645, 0.4123098850250244, 0.42670008540153503, 0.4073343575000763, 0.41194239258766174, 0.4147596061229706, 0.4091304540634155, 0.414749413728714, 0.42087408900260925, 0.4138967990875244, 0.4079468548297882, 0.41934725642204285, 0.4220939576625824, 0.41433534026145935, 0.45241668820381165, 0.40787503123283386, 0.4548804461956024, 0.4104417562484741, 0.5086060166358948, 0.411141037940979, 0.4081815481185913, 0.40917205810546875, 0.41930848360061646, 0.4271646738052368, 0.4462217092514038, 0.40917250514030457, 0.40796196460723877, 0.4078048765659332, 0.44324561953544617, 0.42283520102500916, 0.4141082763671875, 0.4144652485847473, 0.5102736949920654, 0.4131271243095398, 0.45030856132507324, 0.46074196696281433, 0.44683167338371277, 0.4620770514011383, 0.4086030125617981, 0.4113544225692749, 0.4075107276439667, 0.4117509424686432, 0.44720932841300964, 0.4350873529911041, 0.44940662384033203, 0.41314592957496643, 0.4194149672985077, 0.4193507730960846, 0.41348543763160706, 0.4272509515285492]",0.0,"[0.0, 0.0, 0.0, 0.0, 0.0, 0.0, 0.0, 0.0, 0.0, 0.0, 0.0, 0.0, 0.0, 0.0, 0.0, 0.0, 0.0, 0.0, 0.0, 0.0, 0.0, 0.0, 0.0, 0.0, 0.0, 0.0, 0.0, 0.0, 0.0, 0.0, 0.0, 0.0, 0.0, 0.0, 0.0, 0.0, 0.0, 0.0, 0.0, 0.0, 0.0, 0.0, 0.0, 0.0, 0.0, 0.0, 0.0, 0.0, 0.0, 0.0, 0.0, 0.0, 0.0, 0.0, 0.0, 0.0, 0.0, 0.0, 0.0, 0.0, 0.0, 0.0, 0.0, 0.0, 0.0, 0.0, 0.0, 0.0, 0.0, 0.0, 0.0, 0.0, 0.0, 0.0, 0.0, 0.0, 0.0, 0.0, 0.0, 0.0, 0.0, 0.0, 0.0, 0.0, 0.0, 0.0, 0.0, 0.0, 0.0, 0.0, 0.0, 0.0, 0.0, 0.0, 0.0, 0.0, 0.0, 0.0, 0.0, 0.0, 0.0, 0.0, 0.0, 0.0, 0.0, 0.0, 0.0, 0.0, 0.0, 0.0, 0.0, 0.0, 0.0, 0.0, 0.0, 0.0, 0.0, 0.0, 0.0, 0.0, 0.0, 0.0, 0.0, 0.0, 0.0, 0.0, 0.0, 0.0, 0.0, 0.0, 0.0, 0.0, 0.0, 0.0, 0.0, 0.0, 0.0, 0.0, 0.0, 0.0, 0.0, 0.0, 0.0, 0.0, 0.0, 0.0, 0.0, 0.0, 0.0, 0.0, 0.0, 0.0, 0.0, 0.0, 0.0, 0.0, 0.0, 0.0, 0.0, 0.0, 0.0, 0.0, 0.0, 0.0, 0.0, 0.0, 0.0, 0.0, 0.0, 0.0, 0.0, 0.0, 0.0, 0.0, 0.0, 0.0, 0.0, 0.0, 0.0, 0.0, 0.0, 0.0, 0.0, 0.0, 0.0, 0.0, 0.0, 0.0, 0.0, 0.0, 0.0, 0.0, 0.0, 0.0, 0.0, 0.0, 0.0, 0.0, 0.0, 0.0, 0.0, 0.0, 0.0, 0.0, 0.0, 0.0, 0.0, 0.0, 0.0, 0.0, 0.0, 0.0, 0.0, 0.0, 0.0, 0.0, 0.0, 0.0, 0.0, 0.0, 0.0, 0.0, 0.0, 0.0, 0.0, 0.0, 0.0, 0.0, 0.0, 0.0, 0.0, 0.0, 0.0, 0.0, 0.0, 0.0, 0.0, 0.0, 0.0, 0.0, 0.0, 0.0, 0.0, 0.0, 0.0, 0.0, 0.0, 0.0, 0.0, 0.0, 0.0, 0.0, 0.0, 0.0, 0.0, 0.0, 0.0, 0.0, 0.0, 0.0, 0.0, 0.0, 0.0, 0.0, 0.0, 0.0, 0.0, 0.0, 0.0, 0.0, 0.0, 0.0, 0.0, 0.0, 0.0, 0.0, 0.0, 0.0, 0.0, 0.0]",COMPLETE
