,number,value,datetime_start,datetime_complete,duration,params_batch_size_scaler,params_constant_learning_rate,params_depth,params_epochs,params_kernel_l2,params_num_trees,params_temperature,user_attrs_accuracy_test,user_attrs_accuracy_valid,user_attrs_approximate_feature_sparsity,user_attrs_approximate_feature_sparsity_history,user_attrs_approximate_weight_sparsity,user_attrs_approximate_weight_sparsity_history,user_attrs_auc_test,user_attrs_auc_valid,user_attrs_feature_sparsity,user_attrs_feature_sparsity_history,user_attrs_num_epochs,user_attrs_val_loss_history,user_attrs_weight_sparsity,user_attrs_weight_sparsity_history,state
88,88,0.5,2024-08-31 04:04:34.249487,2024-08-31 04:05:50.855619,0 days 00:01:16.606132,64,2.4365263117160314,5,370,0.002657782618442499,35,0.039612878847429485,0.859,0.85875,0,"[0, 0, 0, 0, 0, 0, 0, 0, 0, 0, 0, 0, 0, 0, 0, 0, 0, 0, 0, 0, 0, 0, 0, 0, 0, 0, 0, 0, 0, 0, 0, 0, 0, 0, 0, 0, 0, 0, 0, 0, 0, 0, 0, 0, 0, 0, 0, 0, 0, 0, 0, 0, 0, 0, 0, 0, 0, 0, 0, 0, 0, 0, 0, 0, 0, 0, 0, 0, 0, 0, 0, 0, 0, 0, 0, 0, 0, 0, 0, 0, 0, 0, 0, 0, 0, 0, 0, 0, 0, 0, 0, 0, 0, 0, 0, 0, 0, 0, 0, 0, 0, 0, 0, 0, 0, 0, 0, 0, 0, 0, 0, 0, 0, 0, 0, 0, 0, 0, 0, 0, 0, 0, 0, 0, 0, 0, 0, 0, 0, 0, 0, 0, 0, 0, 0, 0, 0, 0, 0, 0, 0, 0, 0, 0, 0, 0, 0, 0, 0, 0, 0, 0, 0, 0, 0, 0, 0, 0, 0, 0, 0, 0, 0, 0, 0, 0, 0, 0, 0, 0, 0, 0, 0, 0, 0, 0, 0, 0, 0, 0, 0, 0, 0, 0, 0, 0, 0, 0, 0, 0, 0, 0, 0, 0, 0, 0, 0, 0, 0, 0, 0, 0, 0, 0, 0, 0, 0, 0, 0, 0, 0, 0, 0, 0, 0, 0, 0, 0, 0, 0, 0, 0, 0, 0, 0, 0, 0, 0, 0, 0, 0, 0, 0, 0, 0, 0, 0, 0, 0, 0, 0, 0, 0, 0, 0, 0, 0, 0, 0, 0, 0, 0, 0, 0, 0, 0, 0, 0, 0, 0, 0, 0, 0, 0, 0, 0, 0, 0, 0, 0, 0, 0, 0, 0, 0, 0, 0, 0, 0, 0, 0, 0, 0, 0, 0, 0, 0, 0, 0, 0, 0, 0, 0, 0, 0, 0, 0, 0, 0, 0, 0, 0, 0, 0, 0, 0, 0, 0, 0, 0, 0, 0, 0, 0, 0, 0, 0, 0, 0, 0, 0, 0, 0, 0, 0, 0, 0, 0, 0, 0, 0, 0, 0, 0, 0, 0, 0, 0, 0, 0, 0, 0, 0, 0, 0, 0, 0, 0, 0, 0, 0, 0, 0, 0, 0, 0, 0, 0, 0, 0, 0, 0, 0, 0, 0, 0, 0, 0, 0, 0]",0.0,"[0.0, 0.0, 0.0, 0.0, 0.0, 0.0, 0.0, 0.0, 0.0, 0.0, 0.0, 0.0, 0.0, 0.0, 0.0, 0.0, 0.0, 0.0, 0.0, 0.0, 0.0, 0.0, 0.0, 0.0, 0.0, 0.0, 0.0, 0.0, 0.0, 0.0, 0.0, 0.0, 0.0, 0.0, 0.0, 0.0, 0.0, 0.0, 0.0, 0.0, 0.0, 0.0, 0.0, 0.0, 0.0, 0.0, 0.0, 0.0, 0.0, 0.0, 0.0, 0.0, 0.0, 0.0, 0.0, 0.0, 0.0, 0.0, 0.0, 0.0, 0.0, 0.0, 0.0, 0.0, 0.0, 0.0, 0.0, 0.0, 0.0, 0.0, 0.0, 0.0, 0.0, 0.0, 0.0, 0.0, 0.0, 0.0, 0.0, 0.0, 0.0, 0.0, 0.0, 0.0, 0.0, 0.0, 0.0, 0.0, 0.0, 0.0, 0.0, 0.0, 0.0, 0.0, 0.0, 0.0, 0.0, 0.0, 0.0, 0.0, 0.0, 0.0, 0.0, 0.0, 0.0, 0.0, 0.0, 0.0, 0.0, 0.0, 0.0, 0.0, 0.0, 0.0, 0.0, 0.0, 0.0, 0.0, 0.0, 0.0, 0.0, 0.0, 0.0, 0.0, 0.0, 0.0, 0.0, 0.0, 0.0, 0.0, 0.0, 0.0, 0.0, 0.0, 0.0, 0.0, 0.0, 0.0, 0.0, 0.0, 0.0, 0.0, 0.0, 0.0, 0.0, 0.0, 0.0, 0.0, 0.0, 0.0, 0.0, 0.0, 0.0, 0.0, 0.0, 0.0, 0.0, 0.0, 0.0, 0.0, 0.0, 0.0, 0.0, 0.0, 0.0, 0.0, 0.0, 0.0, 0.0, 0.0, 0.0, 0.0, 0.0, 0.0, 0.0, 0.0, 0.0, 0.0, 0.0, 0.0, 0.0, 0.0, 0.0, 0.0, 0.0, 0.0, 0.0, 0.0, 0.0, 0.0, 0.0, 0.0, 0.0, 0.0, 0.0, 0.0, 0.0, 0.0, 0.0, 0.0, 0.0, 0.0, 0.0, 0.0, 0.0, 0.0, 0.0, 0.0, 0.0, 0.0, 0.0, 0.0, 0.0, 0.0, 0.0, 0.0, 0.0, 0.0, 0.0, 0.0, 0.0, 0.0, 0.0, 0.0, 0.0, 0.0, 0.0, 0.0, 0.0, 0.0, 0.0, 0.0, 0.0, 0.0, 0.0, 0.0, 0.0, 0.0, 0.0, 0.0, 0.0, 0.0, 0.0, 0.0, 0.0, 0.0, 0.0, 0.0, 0.0, 0.0, 0.0, 0.0, 0.0, 0.0, 0.0, 0.0, 0.0, 0.0, 0.0, 0.0, 0.0, 0.0, 0.0, 0.0, 0.0, 0.0, 0.0, 0.0, 0.0, 0.0, 0.0, 0.0, 0.0, 0.0, 0.0, 0.0, 0.0, 0.0, 0.0, 0.0, 0.0, 0.0, 0.0, 0.0, 0.0, 0.0, 0.0, 0.0, 0.0, 0.0, 0.0, 0.0, 0.0, 0.0, 0.0, 0.0, 0.0, 0.0, 0.0, 0.0, 0.0, 0.0, 0.0, 0.0, 0.0, 0.0, 0.0, 0.0, 0.0, 0.0, 0.0, 0.0, 0.0, 0.0, 0.0, 0.0, 0.0, 0.0, 0.0, 0.0, 0.0, 0.0, 0.0, 0.0, 0.0, 0.0, 0.0, 0.0, 0.0, 0.0, 0.0, 0.0, 0.0, 0.0, 0.0, 0.0, 0.0, 0.0, 0.0, 0.0, 0.0, 0.0, 0.0, 0.0, 0.0, 0.0, 0.0, 0.0, 0.0, 0.0, 0.0, 0.0, 0.0, 0.0, 0.0, 0.0, 0.0, 0.0, 0.0, 0.0, 0.0, 0.0, 0.0, 0.0, 0.0, 0.0, 0.0, 0.0, 0.0, 0.0]",0.5,0.5,0,"[0, 0, 0, 0, 0, 0, 0, 0, 0, 0, 0, 0, 0, 0, 0, 0, 0, 0, 0, 0, 0, 0, 0, 0, 0, 0, 0, 0, 0, 0, 0, 0, 0, 0, 0, 0, 0, 0, 0, 0, 0, 0, 0, 0, 0, 0, 0, 0, 0, 0, 0, 0, 0, 0, 0, 0, 0, 0, 0, 0, 0, 0, 0, 0, 0, 0, 0, 0, 0, 0, 0, 0, 0, 0, 0, 0, 0, 0, 0, 0, 0, 0, 0, 0, 0, 0, 0, 0, 0, 0, 0, 0, 0, 0, 0, 0, 0, 0, 0, 0, 0, 0, 0, 0, 0, 0, 0, 0, 0, 0, 0, 0, 0, 0, 0, 0, 0, 0, 0, 0, 0, 0, 0, 0, 0, 0, 0, 0, 0, 0, 0, 0, 0, 0, 0, 0, 0, 0, 0, 0, 0, 0, 0, 0, 0, 0, 0, 0, 0, 0, 0, 0, 0, 0, 0, 0, 0, 0, 0, 0, 0, 0, 0, 0, 0, 0, 0, 0, 0, 0, 0, 0, 0, 0, 0, 0, 0, 0, 0, 0, 0, 0, 0, 0, 0, 0, 0, 0, 0, 0, 0, 0, 0, 0, 0, 0, 0, 0, 0, 0, 0, 0, 0, 0, 0, 0, 0, 0, 0, 0, 0, 0, 0, 0, 0, 0, 0, 0, 0, 0, 0, 0, 0, 0, 0, 0, 0, 0, 0, 0, 0, 0, 0, 0, 0, 0, 0, 0, 0, 0, 0, 0, 0, 0, 0, 0, 0, 0, 0, 0, 0, 0, 0, 0, 0, 0, 0, 0, 0, 0, 0, 0, 0, 0, 0, 0, 0, 0, 0, 0, 0, 0, 0, 0, 0, 0, 0, 0, 0, 0, 0, 0, 0, 0, 0, 0, 0, 0, 0, 0, 0, 0, 0, 0, 0, 0, 0, 0, 0, 0, 0, 0, 0, 0, 0, 0, 0, 0, 0, 0, 0, 0, 0, 0, 0, 0, 0, 0, 0, 0, 0, 0, 0, 0, 0, 0, 0, 0, 0, 0, 0, 0, 0, 0, 0, 0, 0, 0, 0, 0, 0, 0, 0, 0, 0, 0, 0, 0, 0, 0, 0, 0, 0, 0, 0, 0, 0, 0, 0, 0, 0, 0, 0, 0, 0, 0, 0, 0, 0, 0]",370,"[0.4142814576625824, 0.40764468908309937, 0.41023775935173035, 0.4073304831981659, 0.40753260254859924, 0.40984490513801575, 0.4077305495738983, 0.40792518854141235, 0.4074324667453766, 0.4089551568031311, 0.40732017159461975, 0.4091813564300537, 0.4076730012893677, 0.40733230113983154, 0.40888771414756775, 0.40943604707717896, 0.41142749786376953, 0.41136977076530457, 0.40820321440696716, 0.40837204456329346, 0.40756770968437195, 0.40722861886024475, 0.4072393774986267, 0.408817321062088, 0.40990424156188965, 0.40725794434547424, 0.40750569105148315, 0.4175074100494385, 0.4110393524169922, 0.4075073301792145, 0.4077613055706024, 0.41281118988990784, 0.4072609841823578, 0.40821319818496704, 0.4128837585449219, 0.4106462597846985, 0.40733376145362854, 0.41394829750061035, 0.4092251658439636, 0.4081941843032837, 0.41113632917404175, 0.40725380182266235, 0.41049134731292725, 0.41423821449279785, 0.40831854939460754, 0.4074043333530426, 0.40722960233688354, 0.40723174810409546, 0.408082515001297, 0.4090399146080017, 0.4095141887664795, 0.40723228454589844, 0.4081646800041199, 0.4080970287322998, 0.4093226194381714, 0.40728363394737244, 0.40723469853401184, 0.40775394439697266, 0.40753883123397827, 0.40737810730934143, 0.4087178111076355, 0.40724191069602966, 0.4077855944633484, 0.4088496267795563, 0.4083014726638794, 0.4096713364124298, 0.4175044000148773, 0.4072309136390686, 0.40742728114128113, 0.40832698345184326, 0.40917733311653137, 0.4072265326976776, 0.41133758425712585, 0.4077058434486389, 0.4072280526161194, 0.41529420018196106, 0.4087957441806793, 0.409544438123703, 0.40736091136932373, 0.40725502371788025, 0.41012436151504517, 0.40795275568962097, 0.4072411060333252, 0.41287288069725037, 0.4078461527824402, 0.4083630442619324, 0.408265620470047, 0.40790045261383057, 0.4073513150215149, 0.4089833199977875, 0.4083452522754669, 0.407380610704422, 0.4072321951389313, 0.40944793820381165, 0.4081682562828064, 0.408962219953537, 0.4121284484863281, 0.4074663519859314, 0.4075954854488373, 0.4093039035797119, 0.4099619686603546, 0.40732279419898987, 0.40822869539260864, 0.41127097606658936, 0.4127633571624756, 0.40762242674827576, 0.4075690507888794, 0.4091565012931824, 0.40731698274612427, 0.41136401891708374, 0.40766364336013794, 0.40804779529571533, 0.40737849473953247, 0.41255682706832886, 0.4072492718696594, 0.40730980038642883, 0.40724465250968933, 0.40742698311805725, 0.41174155473709106, 0.41144007444381714, 0.40722715854644775, 0.40730786323547363, 0.4103134870529175, 0.41299179196357727, 0.4116520583629608, 0.4176924526691437, 0.4126841425895691, 0.4073016345500946, 0.40818336606025696, 0.4076145589351654, 0.41556113958358765, 0.40757033228874207, 0.4092012643814087, 0.40750882029533386, 0.4081326425075531, 0.4081898629665375, 0.4079505503177643, 0.4090029001235962, 0.4077402949333191, 0.4079200029373169, 0.40758079290390015, 0.4075954556465149, 0.41152289509773254, 0.4084129333496094, 0.40787994861602783, 0.40980178117752075, 0.4074150323867798, 0.4108482003211975, 0.4072819948196411, 0.4073754549026489, 0.4073063135147095, 0.4083305299282074, 0.4072283208370209, 0.40835893154144287, 0.42048704624176025, 0.4083409905433655, 0.408591628074646, 0.40764808654785156, 0.40762779116630554, 0.4084024429321289, 0.4090980589389801, 0.40733611583709717, 0.4108365774154663, 0.4083143472671509, 0.41042330861091614, 0.4082479774951935, 0.4072267413139343, 0.40749990940093994, 0.4116426408290863, 0.414368212223053, 0.40723857283592224, 0.40816402435302734, 0.4104745388031006, 0.4088679552078247, 0.40762680768966675, 0.4074223041534424, 0.4090031385421753, 0.407286137342453, 0.4129473865032196, 0.40737318992614746, 0.4080217778682709, 0.4073420763015747, 0.4099608361721039, 0.4078182578086853, 0.4073468744754791, 0.4075182378292084, 0.4107401371002197, 0.40809425711631775, 0.4075486361980438, 0.4075985848903656, 0.4077032506465912, 0.40825337171554565, 0.40955764055252075, 0.4084565043449402, 0.41133812069892883, 0.4078733026981354, 0.40914076566696167, 0.40807855129241943, 0.4130328297615051, 0.4075426459312439, 0.40735340118408203, 0.40819036960601807, 0.4138471186161041, 0.4077884554862976, 0.407400518655777, 0.4082247018814087, 0.40814200043678284, 0.40740907192230225, 0.40738046169281006, 0.40723150968551636, 0.409196138381958, 0.4077320992946625, 0.40735378861427307, 0.40839776396751404, 0.40742027759552, 0.4077657461166382, 0.4072277843952179, 0.4137454330921173, 0.4117197096347809, 0.40723496675491333, 0.40817368030548096, 0.40770530700683594, 0.408659964799881, 0.40722838044166565, 0.4073231816291809, 0.4081825017929077, 0.4073822498321533, 0.40904858708381653, 0.4085003733634949, 0.4072645306587219, 0.4090477228164673, 0.40784308314323425, 0.40907400846481323, 0.4080147445201874, 0.411350816488266, 0.4085288345813751, 0.4105105698108673, 0.40741637349128723, 0.4101297855377197, 0.40739208459854126, 0.40734636783599854, 0.4123091995716095, 0.41127386689186096, 0.40734046697616577, 0.40819618105888367, 0.40785494446754456, 0.4103695750236511, 0.40748023986816406, 0.40745848417282104, 0.40773001313209534, 0.41322827339172363, 0.4189426302909851, 0.4075564444065094, 0.4152786135673523, 0.41125908493995667, 0.4075600802898407, 0.41355475783348083, 0.4081418514251709, 0.4086911380290985, 0.41186997294425964, 0.4072922468185425, 0.4076210856437683, 0.40741288661956787, 0.4079146087169647, 0.40831100940704346, 0.4073234498500824, 0.40769463777542114, 0.4075092375278473, 0.40976256132125854, 0.4076162576675415, 0.41012465953826904, 0.40910840034484863, 0.41162383556365967, 0.40865036845207214, 0.4073997437953949, 0.40827780961990356, 0.4074861407279968, 0.4072366952896118, 0.40740785002708435, 0.41583389043807983, 0.4154317378997803, 0.4094770848751068, 0.4077090322971344, 0.4075548052787781, 0.4077540636062622, 0.4072262644767761, 0.4158536493778229, 0.40878456830978394, 0.40825435519218445, 0.4089542627334595, 0.4084722101688385, 0.4072321355342865, 0.4072306752204895, 0.40770575404167175, 0.40860188007354736, 0.40786293148994446, 0.4085654318332672, 0.40740111470222473, 0.4076007008552551, 0.407259076833725, 0.4116341471672058, 0.4099976420402527, 0.40851062536239624, 0.40727996826171875, 0.4079851806163788, 0.40782231092453003, 0.407356858253479, 0.408730685710907, 0.40752142667770386, 0.41282451152801514, 0.40734076499938965, 0.4079643487930298, 0.407728910446167, 0.4074787497520447, 0.41639381647109985, 0.40836358070373535, 0.4076641798019409, 0.40815484523773193, 0.40774253010749817, 0.40725529193878174, 0.41240036487579346, 0.4100503921508789, 0.4072272479534149, 0.4085404872894287, 0.4119507968425751, 0.4072343409061432, 0.4077557325363159, 0.407296746969223, 0.40723931789398193, 0.40837737917900085, 0.4081677496433258, 0.4073294699192047, 0.40998780727386475, 0.4072323143482208, 0.4074249267578125, 0.4090731143951416, 0.407425194978714, 0.4147911071777344, 0.41304877400398254, 0.4076201617717743, 0.4082932770252228, 0.40971383452415466, 0.4086098372936249, 0.4072968363761902, 0.4083883762359619, 0.4082178473472595, 0.41102179884910583, 0.40791335701942444, 0.4072323739528656, 0.41110342741012573, 0.4087190628051758, 0.40739548206329346, 0.4073396921157837, 0.40722641348838806, 0.4080633521080017, 0.407796174287796, 0.409261018037796, 0.40767279267311096, 0.40723228454589844, 0.40815895795822144, 0.40723270177841187, 0.4081001281738281, 0.40837571024894714, 0.4082159399986267, 0.41135552525520325, 0.40873610973358154, 0.4073001742362976, 0.4090839624404907, 0.40821972489356995, 0.4073232412338257]",0.0,"[0.0, 0.0, 0.0, 0.0, 0.0, 0.0, 0.0, 0.0, 0.0, 0.0, 0.0, 0.0, 0.0, 0.0, 0.0, 0.0, 0.0, 0.0, 0.0, 0.0, 0.0, 0.0, 0.0, 0.0, 0.0, 0.0, 0.0, 0.0, 0.0, 0.0, 0.0, 0.0, 0.0, 0.0, 0.0, 0.0, 0.0, 0.0, 0.0, 0.0, 0.0, 0.0, 0.0, 0.0, 0.0, 0.0, 0.0, 0.0, 0.0, 0.0, 0.0, 0.0, 0.0, 0.0, 0.0, 0.0, 0.0, 0.0, 0.0, 0.0, 0.0, 0.0, 0.0, 0.0, 0.0, 0.0, 0.0, 0.0, 0.0, 0.0, 0.0, 0.0, 0.0, 0.0, 0.0, 0.0, 0.0, 0.0, 0.0, 0.0, 0.0, 0.0, 0.0, 0.0, 0.0, 0.0, 0.0, 0.0, 0.0, 0.0, 0.0, 0.0, 0.0, 0.0, 0.0, 0.0, 0.0, 0.0, 0.0, 0.0, 0.0, 0.0, 0.0, 0.0, 0.0, 0.0, 0.0, 0.0, 0.0, 0.0, 0.0, 0.0, 0.0, 0.0, 0.0, 0.0, 0.0, 0.0, 0.0, 0.0, 0.0, 0.0, 0.0, 0.0, 0.0, 0.0, 0.0, 0.0, 0.0, 0.0, 0.0, 0.0, 0.0, 0.0, 0.0, 0.0, 0.0, 0.0, 0.0, 0.0, 0.0, 0.0, 0.0, 0.0, 0.0, 0.0, 0.0, 0.0, 0.0, 0.0, 0.0, 0.0, 0.0, 0.0, 0.0, 0.0, 0.0, 0.0, 0.0, 0.0, 0.0, 0.0, 0.0, 0.0, 0.0, 0.0, 0.0, 0.0, 0.0, 0.0, 0.0, 0.0, 0.0, 0.0, 0.0, 0.0, 0.0, 0.0, 0.0, 0.0, 0.0, 0.0, 0.0, 0.0, 0.0, 0.0, 0.0, 0.0, 0.0, 0.0, 0.0, 0.0, 0.0, 0.0, 0.0, 0.0, 0.0, 0.0, 0.0, 0.0, 0.0, 0.0, 0.0, 0.0, 0.0, 0.0, 0.0, 0.0, 0.0, 0.0, 0.0, 0.0, 0.0, 0.0, 0.0, 0.0, 0.0, 0.0, 0.0, 0.0, 0.0, 0.0, 0.0, 0.0, 0.0, 0.0, 0.0, 0.0, 0.0, 0.0, 0.0, 0.0, 0.0, 0.0, 0.0, 0.0, 0.0, 0.0, 0.0, 0.0, 0.0, 0.0, 0.0, 0.0, 0.0, 0.0, 0.0, 0.0, 0.0, 0.0, 0.0, 0.0, 0.0, 0.0, 0.0, 0.0, 0.0, 0.0, 0.0, 0.0, 0.0, 0.0, 0.0, 0.0, 0.0, 0.0, 0.0, 0.0, 0.0, 0.0, 0.0, 0.0, 0.0, 0.0, 0.0, 0.0, 0.0, 0.0, 0.0, 0.0, 0.0, 0.0, 0.0, 0.0, 0.0, 0.0, 0.0, 0.0, 0.0, 0.0, 0.0, 0.0, 0.0, 0.0, 0.0, 0.0, 0.0, 0.0, 0.0, 0.0, 0.0, 0.0, 0.0, 0.0, 0.0, 0.0, 0.0, 0.0, 0.0, 0.0, 0.0, 0.0, 0.0, 0.0, 0.0, 0.0, 0.0, 0.0, 0.0, 0.0, 0.0, 0.0, 0.0, 0.0, 0.0, 0.0, 0.0, 0.0, 0.0, 0.0, 0.0, 0.0, 0.0, 0.0, 0.0, 0.0, 0.0, 0.0, 0.0, 0.0, 0.0, 0.0, 0.0, 0.0, 0.0, 0.0, 0.0, 0.0, 0.0, 0.0, 0.0, 0.0, 0.0, 0.0, 0.0, 0.0, 0.0, 0.0, 0.0, 0.0, 0.0, 0.0, 0.0, 0.0, 0.0, 0.0, 0.0, 0.0, 0.0, 0.0]",COMPLETE
