,number,value,datetime_start,datetime_complete,duration,params_batch_size_scaler,params_constant_learning_rate,params_depth,params_epochs,params_kernel_l2,params_num_trees,params_temperature,user_attrs_accuracy_test,user_attrs_accuracy_valid,user_attrs_approximate_feature_sparsity,user_attrs_approximate_feature_sparsity_history,user_attrs_approximate_weight_sparsity,user_attrs_approximate_weight_sparsity_history,user_attrs_auc_test,user_attrs_auc_valid,user_attrs_feature_sparsity,user_attrs_feature_sparsity_history,user_attrs_num_epochs,user_attrs_val_loss_history,user_attrs_weight_sparsity,user_attrs_weight_sparsity_history,state
152,152,0.5,2024-08-31 06:42:07.313248,2024-08-31 06:42:55.112030,0 days 00:00:47.798782,4,2.0494257323197647,1,280,0.01928126569887411,91,0.05881350520321282,0.859,0.85875,0,"[0, 0, 0, 0, 0, 0, 0, 0, 0, 0, 0, 0, 0, 0, 0, 0, 0, 0, 0, 0, 0, 0, 0, 0, 0, 0, 0, 0, 0, 0, 0, 0, 0, 0, 0, 0, 0, 0, 0, 0, 0, 0, 0, 0, 0, 0, 0, 0, 0, 0, 0, 0, 0, 0, 0, 0, 0, 0, 0, 0, 0, 0, 0, 0, 0, 0, 0, 0, 0, 0, 0, 0, 0, 0, 0, 0, 0, 0, 0, 0, 0, 0, 0, 0, 0, 0, 0, 0, 0, 0, 0, 0, 0, 0, 0, 0, 0, 0, 0, 0, 0, 0, 0, 0, 0, 0, 0, 0, 0, 0, 0, 0, 0, 0, 0, 0, 0, 0, 0, 0, 0, 0, 0, 0, 0, 0, 0, 0, 0, 0, 0, 0, 0, 0, 0, 0, 0, 0, 0, 0, 0, 0, 0, 0, 0, 0, 0, 0, 0, 0, 0, 0, 0, 0, 0, 0, 0, 0, 0, 0, 0, 0, 0, 0, 0, 0, 0, 0, 0, 0, 0, 0, 0, 0, 0, 0, 0, 0, 0, 0, 0, 0, 0, 0, 0, 0, 0, 0, 0, 0, 0, 0, 0, 0, 0, 0, 0, 0, 0, 0, 0, 0, 0, 0, 0, 0, 0, 0, 0, 0, 0, 0, 0, 0, 0, 0, 0, 0, 0, 0, 0, 0, 0, 0, 0, 0, 0, 0, 0, 0, 0, 0, 0, 0, 0, 0, 0, 0, 0, 0, 0, 0, 0, 0, 0, 0, 0, 0, 0, 0, 0, 0, 0, 0, 0, 0, 0, 0, 0, 0, 0, 0, 0, 0, 0, 0, 0, 0, 0, 0, 0, 0, 0, 0, 0, 0, 0, 0, 0, 0]",0.0,"[0.0, 0.0, 0.0, 0.0, 0.0, 0.0, 0.0, 0.0, 0.0, 0.0, 0.0, 0.0, 0.0, 0.0, 0.0, 0.0, 0.0, 0.0, 0.0, 0.0, 0.0, 0.0, 0.0, 0.0, 0.0, 0.0, 0.0, 0.0, 0.0, 0.0, 0.0, 0.0, 0.0, 0.0, 0.0, 0.0, 0.0, 0.0, 0.0, 0.0, 0.0, 0.0, 0.0, 0.0, 0.0, 0.0, 0.0, 0.0, 0.0, 0.0, 0.0, 0.0, 0.0, 0.0, 0.0, 0.0, 0.0, 0.0, 0.0, 0.0, 0.0, 0.0, 0.0, 0.0, 0.0, 0.0, 0.0, 0.0, 0.0, 0.0, 0.0, 0.0, 0.0, 0.0, 0.0, 0.0, 0.0, 0.0, 0.0, 0.0, 0.0, 0.0, 0.0, 0.0, 0.0, 0.0, 0.0, 0.0, 0.0, 0.0, 0.0, 0.0, 0.0, 0.0, 0.0, 0.0, 0.0, 0.0, 0.0, 0.0, 0.0, 0.0, 0.0, 0.0, 0.0, 0.0, 0.0, 0.0, 0.0, 0.0, 0.0, 0.0, 0.0, 0.0, 0.0, 0.0, 0.0, 0.0, 0.0, 0.0, 0.0, 0.0, 0.0, 0.0, 0.0, 0.0, 0.0, 0.0, 0.0, 0.0, 0.0, 0.0, 0.0, 0.0, 0.0, 0.0, 0.0, 0.0, 0.0, 0.0, 0.0, 0.0, 0.0, 0.0, 0.0, 0.0, 0.0, 0.0, 0.0, 0.0, 0.0, 0.0, 0.0, 0.0, 0.0, 0.0, 0.0, 0.0, 0.0, 0.0, 0.0, 0.0, 0.0, 0.0, 0.0, 0.0, 0.0, 0.0, 0.0, 0.0, 0.0, 0.0, 0.0, 0.0, 0.0, 0.0, 0.0, 0.0, 0.0, 0.0, 0.0, 0.0, 0.0, 0.0, 0.0, 0.0, 0.0, 0.0, 0.0, 0.0, 0.0, 0.0, 0.0, 0.0, 0.0, 0.0, 0.0, 0.0, 0.0, 0.0, 0.0, 0.0, 0.0, 0.0, 0.0, 0.0, 0.0, 0.0, 0.0, 0.0, 0.0, 0.0, 0.0, 0.0, 0.0, 0.0, 0.0, 0.0, 0.0, 0.0, 0.0, 0.0, 0.0, 0.0, 0.0, 0.0, 0.0, 0.0, 0.0, 0.0, 0.0, 0.0, 0.0, 0.0, 0.0, 0.0, 0.0, 0.0, 0.0, 0.0, 0.0, 0.0, 0.0, 0.0, 0.0, 0.0, 0.0, 0.0, 0.0, 0.0, 0.0, 0.0, 0.0, 0.0, 0.0, 0.0, 0.0, 0.0, 0.0, 0.0, 0.0, 0.0, 0.0, 0.0, 0.0, 0.0, 0.0, 0.0, 0.0, 0.0, 0.0, 0.0, 0.0, 0.0, 0.0, 0.0, 0.0, 0.0, 0.0, 0.0]",0.5,0.5,0,"[0, 0, 0, 0, 0, 0, 0, 0, 0, 0, 0, 0, 0, 0, 0, 0, 0, 0, 0, 0, 0, 0, 0, 0, 0, 0, 0, 0, 0, 0, 0, 0, 0, 0, 0, 0, 0, 0, 0, 0, 0, 0, 0, 0, 0, 0, 0, 0, 0, 0, 0, 0, 0, 0, 0, 0, 0, 0, 0, 0, 0, 0, 0, 0, 0, 0, 0, 0, 0, 0, 0, 0, 0, 0, 0, 0, 0, 0, 0, 0, 0, 0, 0, 0, 0, 0, 0, 0, 0, 0, 0, 0, 0, 0, 0, 0, 0, 0, 0, 0, 0, 0, 0, 0, 0, 0, 0, 0, 0, 0, 0, 0, 0, 0, 0, 0, 0, 0, 0, 0, 0, 0, 0, 0, 0, 0, 0, 0, 0, 0, 0, 0, 0, 0, 0, 0, 0, 0, 0, 0, 0, 0, 0, 0, 0, 0, 0, 0, 0, 0, 0, 0, 0, 0, 0, 0, 0, 0, 0, 0, 0, 0, 0, 0, 0, 0, 0, 0, 0, 0, 0, 0, 0, 0, 0, 0, 0, 0, 0, 0, 0, 0, 0, 0, 0, 0, 0, 0, 0, 0, 0, 0, 0, 0, 0, 0, 0, 0, 0, 0, 0, 0, 0, 0, 0, 0, 0, 0, 0, 0, 0, 0, 0, 0, 0, 0, 0, 0, 0, 0, 0, 0, 0, 0, 0, 0, 0, 0, 0, 0, 0, 0, 0, 0, 0, 0, 0, 0, 0, 0, 0, 0, 0, 0, 0, 0, 0, 0, 0, 0, 0, 0, 0, 0, 0, 0, 0, 0, 0, 0, 0, 0, 0, 0, 0, 0, 0, 0, 0, 0, 0, 0, 0, 0, 0, 0, 0, 0, 0, 0]",280,"[13.167470932006836, 0.9133884310722351, 21.055940628051758, 4.131790637969971, 0.4120847284793854, 1.3153020143508911, 16.6853084564209, 7.559178352355957, 5.604726791381836, 2.525780439376831, 0.9144816398620605, 1.8612257242202759, 1.6394914388656616, 11.01565170288086, 3.7321419715881348, 14.25143051147461, 8.9657564163208, 7.043340682983398, 6.51378059387207, 11.354405403137207, 7.245214462280273, 2.1160693168640137, 19.92060089111328, 12.121801376342773, 14.68083381652832, 7.453975200653076, 20.224544525146484, 6.379045486450195, 12.406004905700684, 13.323125839233398, 12.344620704650879, 9.21835708618164, 1.6654481887817383, 18.588916778564453, 15.010741233825684, 12.923321723937988, 7.270920276641846, 6.585752964019775, 18.968524932861328, 17.5256290435791, 17.238798141479492, 6.64980411529541, 14.912698745727539, 12.1493558883667, 16.662023544311523, 18.249116897583008, 14.336172103881836, 7.076479911804199, 21.932594299316406, 8.936346054077148, 2.5039567947387695, 18.58176040649414, 16.346370697021484, 11.393353462219238, 1.07400643825531, 17.051631927490234, 18.587011337280273, 15.566705703735352, 2.842047929763794, 2.5384626388549805, 2.6448681354522705, 3.081289291381836, 7.464837074279785, 15.274662017822266, 13.367963790893555, 21.223426818847656, 23.564119338989258, 3.3774290084838867, 18.31262969970703, 11.31948471069336, 3.4362494945526123, 11.914290428161621, 11.299447059631348, 14.713404655456543, 6.001441478729248, 3.534972906112671, 19.646223068237305, 5.357365608215332, 1.7052496671676636, 9.314407348632812, 18.055503845214844, 14.111983299255371, 21.072107315063477, 19.683883666992188, 16.390270233154297, 0.8096439838409424, 16.963239669799805, 3.628157615661621, 4.471791744232178, 0.49719592928886414, 23.234270095825195, 7.3047966957092285, 6.040463924407959, 14.827486991882324, 0.8545089960098267, 20.215147018432617, 17.093847274780273, 13.505156517028809, 6.4302144050598145, 3.932354211807251, 6.603741645812988, 0.8068887591362, 17.87989044189453, 16.231178283691406, 4.995877265930176, 22.518617630004883, 20.638925552368164, 18.433048248291016, 9.244516372680664, 0.49646130204200745, 10.260981559753418, 1.0773392915725708, 17.907251358032227, 12.165431022644043, 17.94172477722168, 9.553262710571289, 0.8458117842674255, 13.587455749511719, 11.4812650680542, 21.882272720336914, 2.5308117866516113, 7.110710620880127, 22.88251304626465, 12.053664207458496, 10.641439437866211, 10.096240997314453, 14.258174896240234, 16.458425521850586, 6.7523956298828125, 18.466384887695312, 15.030342102050781, 14.102652549743652, 14.253806114196777, 11.870197296142578, 9.926126480102539, 7.6342597007751465, 12.310033798217773, 15.93258285522461, 5.783427715301514, 2.8131954669952393, 10.167322158813477, 15.740096092224121, 20.17991065979004, 17.17007064819336, 6.217035293579102, 2.2653191089630127, 3.682224750518799, 13.41189956665039, 7.648805618286133, 12.216910362243652, 17.994565963745117, 22.10053062438965, 9.633942604064941, 10.830636978149414, 16.222000122070312, 5.9264817237854, 12.353594779968262, 19.238731384277344, 19.815383911132812, 18.702638626098633, 14.744593620300293, 12.711935997009277, 9.642321586608887, 0.43925461173057556, 0.8689133524894714, 17.75810432434082, 23.093002319335938, 8.590054512023926, 10.189740180969238, 8.336882591247559, 12.599732398986816, 10.310068130493164, 15.970184326171875, 9.658330917358398, 17.836076736450195, 18.797306060791016, 20.227657318115234, 2.4349758625030518, 12.613243103027344, 6.697246074676514, 4.634647846221924, 2.4078245162963867, 20.090452194213867, 8.57201862335205, 7.179829120635986, 1.7148635387420654, 0.413785845041275, 15.98624038696289, 15.21182632446289, 13.277692794799805, 7.465151786804199, 3.1794252395629883, 19.617721557617188, 0.4177243411540985, 0.46918994188308716, 6.4625959396362305, 21.52618408203125, 20.243616104125977, 6.157191276550293, 12.40427017211914, 1.5903984308242798, 2.9075303077697754, 15.823477745056152, 17.233386993408203, 16.993032455444336, 14.876229286193848, 18.67829132080078, 10.624207496643066, 8.790596008300781, 15.113919258117676, 15.936201095581055, 0.44928792119026184, 15.934364318847656, 13.093283653259277, 6.951955795288086, 5.188957691192627, 8.623998641967773, 15.337872505187988, 20.9332218170166, 20.453567504882812, 3.3786230087280273, 1.6257919073104858, 10.8383207321167, 9.66650390625, 6.895833969116211, 19.958223342895508, 20.406116485595703, 19.40435791015625, 3.180664300918579, 21.911161422729492, 19.749595642089844, 1.8134902715682983, 10.103105545043945, 8.023826599121094, 6.3191423416137695, 6.725151538848877, 20.54000473022461, 20.69781494140625, 2.8967506885528564, 2.429889440536499, 0.5449334979057312, 5.308162212371826, 4.87705659866333, 3.026430368423462, 2.54854416847229, 3.7692983150482178, 19.2435359954834, 16.374692916870117, 13.69628620147705, 5.819533824920654, 18.65499496459961, 16.65068817138672, 12.009259223937988, 5.721929550170898, 7.3379926681518555, 5.403125762939453, 0.4396548569202423, 1.9462586641311646, 19.288902282714844, 13.909769058227539, 2.5316388607025146, 6.806605339050293, 5.083009719848633, 20.889789581298828, 9.567829132080078, 1.796657681465149, 8.221428871154785, 12.004786491394043, 7.82022762298584, 18.75348663330078, 1.8616615533828735, 14.539793968200684, 19.928064346313477, 6.703571796417236, 7.7298784255981445, 11.507479667663574, 8.788900375366211, 5.408666610717773, 5.623299598693848, 3.5963010787963867]",0.0,"[0.0, 0.0, 0.0, 0.0, 0.0, 0.0, 0.0, 0.0, 0.0, 0.0, 0.0, 0.0, 0.0, 0.0, 0.0, 0.0, 0.0, 0.0, 0.0, 0.0, 0.0, 0.0, 0.0, 0.0, 0.0, 0.0, 0.0, 0.0, 0.0, 0.0, 0.0, 0.0, 0.0, 0.0, 0.0, 0.0, 0.0, 0.0, 0.0, 0.0, 0.0, 0.0, 0.0, 0.0, 0.0, 0.0, 0.0, 0.0, 0.0, 0.0, 0.0, 0.0, 0.0, 0.0, 0.0, 0.0, 0.0, 0.0, 0.0, 0.0, 0.0, 0.0, 0.0, 0.0, 0.0, 0.0, 0.0, 0.0, 0.0, 0.0, 0.0, 0.0, 0.0, 0.0, 0.0, 0.0, 0.0, 0.0, 0.0, 0.0, 0.0, 0.0, 0.0, 0.0, 0.0, 0.0, 0.0, 0.0, 0.0, 0.0, 0.0, 0.0, 0.0, 0.0, 0.0, 0.0, 0.0, 0.0, 0.0, 0.0, 0.0, 0.0, 0.0, 0.0, 0.0, 0.0, 0.0, 0.0, 0.0, 0.0, 0.0, 0.0, 0.0, 0.0, 0.0, 0.0, 0.0, 0.0, 0.0, 0.0, 0.0, 0.0, 0.0, 0.0, 0.0, 0.0, 0.0, 0.0, 0.0, 0.0, 0.0, 0.0, 0.0, 0.0, 0.0, 0.0, 0.0, 0.0, 0.0, 0.0, 0.0, 0.0, 0.0, 0.0, 0.0, 0.0, 0.0, 0.0, 0.0, 0.0, 0.0, 0.0, 0.0, 0.0, 0.0, 0.0, 0.0, 0.0, 0.0, 0.0, 0.0, 0.0, 0.0, 0.0, 0.0, 0.0, 0.0, 0.0, 0.0, 0.0, 0.0, 0.0, 0.0, 0.0, 0.0, 0.0, 0.0, 0.0, 0.0, 0.0, 0.0, 0.0, 0.0, 0.0, 0.0, 0.0, 0.0, 0.0, 0.0, 0.0, 0.0, 0.0, 0.0, 0.0, 0.0, 0.0, 0.0, 0.0, 0.0, 0.0, 0.0, 0.0, 0.0, 0.0, 0.0, 0.0, 0.0, 0.0, 0.0, 0.0, 0.0, 0.0, 0.0, 0.0, 0.0, 0.0, 0.0, 0.0, 0.0, 0.0, 0.0, 0.0, 0.0, 0.0, 0.0, 0.0, 0.0, 0.0, 0.0, 0.0, 0.0, 0.0, 0.0, 0.0, 0.0, 0.0, 0.0, 0.0, 0.0, 0.0, 0.0, 0.0, 0.0, 0.0, 0.0, 0.0, 0.0, 0.0, 0.0, 0.0, 0.0, 0.0, 0.0, 0.0, 0.0, 0.0, 0.0, 0.0, 0.0, 0.0, 0.0, 0.0, 0.0, 0.0, 0.0, 0.0, 0.0, 0.0, 0.0, 0.0, 0.0, 0.0, 0.0, 0.0, 0.0, 0.0, 0.0, 0.0, 0.0, 0.0]",COMPLETE
