,number,value,datetime_start,datetime_complete,duration,params_batch_size_scaler,params_constant_learning_rate,params_depth,params_epochs,params_kernel_l2,params_num_trees,params_temperature,user_attrs_accuracy_test,user_attrs_accuracy_valid,user_attrs_approximate_feature_sparsity,user_attrs_approximate_feature_sparsity_history,user_attrs_approximate_weight_sparsity,user_attrs_approximate_weight_sparsity_history,user_attrs_auc_test,user_attrs_auc_valid,user_attrs_feature_sparsity,user_attrs_feature_sparsity_history,user_attrs_num_epochs,user_attrs_val_loss_history,user_attrs_weight_sparsity,user_attrs_weight_sparsity_history,state
26,26,0.8132060645876004,2024-08-31 01:29:00.432402,2024-08-31 01:29:29.465731,0 days 00:00:29.033329,64,1.0227032587087777,2,295,0.0015554848958733473,79,0.002863405058196732,0.919,0.93125,6,"[33, 33, 33, 33, 33, 33, 33, 33, 33, 33, 33, 33, 33, 33, 33, 33, 33, 33, 33, 33, 33, 33, 33, 33, 32, 32, 29, 29, 21, 19, 18, 18, 16, 15, 15, 15, 14, 13, 13, 13, 13, 13, 13, 13, 13, 12, 11, 11, 11, 11, 10, 9, 9, 9, 9, 9, 9, 8, 8, 8, 8, 8, 8, 8, 8, 8, 8, 8, 8, 8, 8, 8, 8, 8, 8, 8, 8, 8, 8, 8, 8, 8, 8, 8, 8, 8, 7, 6, 6, 6, 6, 6, 6, 6, 6, 6, 6, 6, 6, 6, 6, 6, 6, 6, 6, 6, 6, 6, 6, 6, 6, 6, 6, 6, 6, 6, 6, 6, 6, 6, 6, 6, 6, 6, 6, 6, 6, 6, 6, 6, 6, 6, 6, 6, 6, 6, 6, 6, 6, 6, 6, 6, 6, 6, 6, 6, 6, 6, 6, 6, 6, 6, 6, 6, 6, 6, 6, 6, 6, 6, 6, 6, 6, 6, 6, 6, 6, 6, 6, 6, 6, 6, 6, 6, 6, 6, 6, 6, 6, 6, 6, 6, 6, 6, 6, 6, 6, 6, 6, 6, 6, 6, 6, 6, 6, 6, 6, 6, 6, 6, 6, 6, 6, 6, 6, 6, 6, 6, 6, 6, 6, 6, 6, 6, 6, 6, 6, 6, 6, 6, 6, 6, 6, 6, 6, 6, 6, 6, 6, 6, 6, 6, 6, 6, 6, 6, 6, 6, 6, 6, 6, 6, 6, 6, 6, 6, 6, 6, 6, 6, 6, 6, 6, 6, 6, 6, 6, 6, 6, 6, 6, 6, 6, 6, 6, 6, 6, 6, 6, 6, 6, 6, 6, 6, 6, 6, 6, 6, 6, 6, 6, 6, 6, 6, 6, 6, 6, 6, 6, 6, 6, 6, 6, 6, 6]",5.9957805907173,"[32.962025316455694, 32.9704641350211, 32.957805907173, 32.9746835443038, 32.9662447257384, 32.9662447257384, 32.9789029535865, 32.9704641350211, 32.9873417721519, 32.9746835443038, 32.9620253164557, 32.970464135021096, 32.9789029535865, 32.9873417721519, 32.9746835443038, 32.9704641350211, 32.9746835443038, 32.957805907173, 32.9535864978903, 32.9620253164557, 32.9789029535865, 32.9535864978903, 32.9704641350211, 32.970464135021096, 31.9746835443038, 31.9704641350211, 28.9789029535865, 28.9831223628692, 20.9957805907173, 19.0, 17.9873417721519, 17.9789029535865, 15.9915611814346, 14.9831223628692, 14.995780590717299, 14.9831223628692, 13.9831223628692, 12.991561181434598, 12.9873417721519, 12.970464135021098, 12.974683544303799, 12.995780590717299, 12.974683544303799, 12.995780590717299, 13.0, 11.9831223628692, 10.9873417721519, 10.9915611814346, 10.9873417721519, 10.995780590717299, 9.9915611814346, 8.995780590717299, 8.9831223628692, 8.9831223628692, 9.0, 9.0, 8.995780590717299, 7.9957805907173, 8.0, 8.0, 7.9957805907173, 7.9957805907173, 8.0, 8.0, 8.0, 7.9957805907173, 8.0, 7.9915611814346, 7.9957805907173, 8.0, 8.0, 8.0, 8.0, 8.0, 8.0, 8.0, 8.0, 7.9957805907173, 8.0, 7.9915611814346, 7.9957805907173, 8.0, 7.9915611814346, 7.9957805907173, 8.0, 7.9915611814346, 6.9957805907173, 6.0, 6.0, 6.0, 6.0, 5.9957805907173, 6.0, 6.0, 6.0, 6.0, 5.9957805907173, 6.0, 6.0, 5.9957805907173, 5.9957805907173, 5.9915611814346, 5.9957805907173, 5.9915611814346, 5.9915611814346, 5.9957805907173, 5.9957805907173, 5.9915611814346, 5.987341772151899, 5.9915611814346, 5.9915611814346, 5.9957805907173, 5.9915611814346, 5.9957805907173, 5.9957805907173, 5.9915611814346, 5.987341772151899, 5.9957805907173, 5.9915611814346, 6.0, 6.0, 6.0, 6.0, 6.0, 5.9957805907173, 6.0, 6.0, 6.0, 5.9957805907173, 5.9957805907173, 6.0, 5.9915611814346, 5.9957805907173, 6.0, 6.0, 5.9957805907173, 6.0, 5.9957805907173, 5.9915611814346, 6.0, 6.0, 6.0, 6.0, 6.0, 5.9957805907173, 6.0, 6.0, 6.0, 6.0, 6.0, 5.9915611814346, 6.0, 6.0, 6.0, 6.0, 6.0, 6.0, 6.0, 5.987341772151899, 6.0, 6.0, 6.0, 6.0, 5.9915611814346, 5.9957805907173, 5.9957805907173, 5.9957805907173, 6.0, 6.0, 5.987341772151899, 5.9915611814346, 6.0, 5.9957805907173, 6.0, 6.0, 5.9915611814346, 5.9957805907173, 6.0, 6.0, 5.9957805907173, 5.9957805907173, 5.9915611814346, 5.9957805907173, 6.0, 5.9957805907173, 5.9915611814346, 6.0, 6.0, 5.9957805907173, 6.0, 6.0, 6.0, 6.0, 5.9957805907173, 5.9957805907173, 6.0, 5.9957805907173, 6.0, 6.0, 5.9915611814346, 6.0, 6.0, 6.0, 6.0, 6.0, 6.0, 6.0, 6.0, 5.9957805907173, 6.0, 6.0, 6.0, 6.0, 6.0, 6.0, 5.9957805907173, 6.0, 5.9957805907173, 5.9957805907173, 6.0, 6.0, 5.9957805907173, 5.9957805907173, 5.9957805907173, 5.9915611814346, 5.9957805907173, 5.9957805907173, 5.9957805907173, 6.0, 6.0, 6.0, 5.9957805907173, 6.0, 6.0, 5.9957805907173, 5.9957805907173, 5.9957805907173, 6.0, 5.9957805907173, 6.0, 5.9957805907173, 5.9957805907173, 5.9957805907173, 6.0, 6.0, 6.0, 6.0, 5.9957805907173, 5.9957805907173, 6.0, 6.0, 6.0, 6.0, 5.9957805907173, 6.0, 5.9957805907173, 6.0, 6.0, 6.0, 6.0, 5.9957805907173, 5.9957805907173, 6.0, 6.0, 6.0, 6.0, 6.0, 6.0, 5.9957805907173, 5.9957805907173, 6.0, 6.0, 6.0, 6.0, 5.9957805907173, 5.9957805907173, 6.0, 6.0, 5.9957805907173, 6.0, 6.0, 6.0, 6.0, 5.9957805907173, 5.9915611814346, 6.0, 5.9957805907173, 6.0, 6.0, 6.0, 5.9957805907173, 6.0, 6.0, 5.9957805907173, 5.9957805907173]",0.798619539461191,0.8132060645876004,6,"[33, 33, 33, 33, 33, 33, 33, 33, 33, 33, 33, 33, 33, 33, 33, 33, 33, 33, 33, 33, 33, 33, 33, 33, 32, 32, 29, 29, 21, 19, 18, 18, 16, 15, 15, 15, 14, 13, 13, 13, 13, 13, 13, 13, 13, 12, 11, 11, 11, 11, 10, 9, 9, 9, 9, 9, 9, 8, 8, 8, 8, 8, 8, 8, 8, 8, 8, 8, 8, 8, 8, 8, 8, 8, 8, 8, 8, 8, 8, 8, 8, 8, 8, 8, 8, 8, 7, 6, 6, 6, 6, 6, 6, 6, 6, 6, 6, 6, 6, 6, 6, 6, 6, 6, 6, 6, 6, 6, 6, 6, 6, 6, 6, 6, 6, 6, 6, 6, 6, 6, 6, 6, 6, 6, 6, 6, 6, 6, 6, 6, 6, 6, 6, 6, 6, 6, 6, 6, 6, 6, 6, 6, 6, 6, 6, 6, 6, 6, 6, 6, 6, 6, 6, 6, 6, 6, 6, 6, 6, 6, 6, 6, 6, 6, 6, 6, 6, 6, 6, 6, 6, 6, 6, 6, 6, 6, 6, 6, 6, 6, 6, 6, 6, 6, 6, 6, 6, 6, 6, 6, 6, 6, 6, 6, 6, 6, 6, 6, 6, 6, 6, 6, 6, 6, 6, 6, 6, 6, 6, 6, 6, 6, 6, 6, 6, 6, 6, 6, 6, 6, 6, 6, 6, 6, 6, 6, 6, 6, 6, 6, 6, 6, 6, 6, 6, 6, 6, 6, 6, 6, 6, 6, 6, 6, 6, 6, 6, 6, 6, 6, 6, 6, 6, 6, 6, 6, 6, 6, 6, 6, 6, 6, 6, 6, 6, 6, 6, 6, 6, 6, 6, 6, 6, 6, 6, 6, 6, 6, 6, 6, 6, 6, 6, 6, 6, 6, 6, 6, 6, 6, 6, 6, 6, 6, 6]",295,"[0.4749465584754944, 1.609734296798706, 1.3495945930480957, 1.4245727062225342, 1.2956435680389404, 1.6295554637908936, 0.42203858494758606, 0.40231814980506897, 0.4502967596054077, 0.5166690349578857, 2.1626057624816895, 1.4569834470748901, 0.5115403532981873, 0.3589842617511749, 2.007497549057007, 2.1033337116241455, 1.6178481578826904, 1.0595759153366089, 0.848067045211792, 0.3677360415458679, 0.533072829246521, 2.052788496017456, 0.9828374981880188, 0.8877829909324646, 1.6559557914733887, 0.9790453910827637, 0.3300474286079407, 1.2029337882995605, 0.6268249750137329, 1.286086916923523, 0.37957775592803955, 0.5880589485168457, 1.0646588802337646, 0.5780784487724304, 0.3607059717178345, 0.32391250133514404, 0.6513442993164062, 1.600897192955017, 0.6128257513046265, 1.1018232107162476, 0.3593921661376953, 1.6297646760940552, 0.3726200759410858, 0.708793580532074, 0.3588024377822876, 0.28070032596588135, 0.3374907374382019, 0.6631057262420654, 0.3467961251735687, 0.37843337655067444, 0.27326226234436035, 0.2894771993160248, 0.3997189402580261, 0.6350108981132507, 1.2472665309906006, 0.3339994549751282, 0.4880668520927429, 0.620525062084198, 0.4051362872123718, 0.8683397173881531, 0.49571478366851807, 0.2987992465496063, 0.3084234297275543, 0.27981653809547424, 0.26021966338157654, 0.37184256315231323, 0.25320538878440857, 0.251056969165802, 0.9100908041000366, 0.937832772731781, 0.42485201358795166, 0.777513861656189, 0.3199526071548462, 0.7237708568572998, 0.3097904622554779, 0.2623036205768585, 0.28736791014671326, 0.35232698917388916, 0.24416106939315796, 0.5759417414665222, 0.8985642790794373, 0.24755915999412537, 0.9687737226486206, 0.32592278718948364, 0.3612387776374817, 0.26992982625961304, 0.8677457571029663, 0.8163955807685852, 0.4528920352458954, 0.2965654134750366, 0.28723809123039246, 0.31572622060775757, 0.27732038497924805, 0.27810657024383545, 0.28724196553230286, 0.28963378071784973, 0.27784690260887146, 0.5423892140388489, 0.858655571937561, 0.6028190851211548, 0.29213953018188477, 0.5728964805603027, 0.29442572593688965, 0.3613717555999756, 0.42811667919158936, 0.8508000373840332, 0.30596089363098145, 0.3106968402862549, 0.31040793657302856, 0.4128817617893219, 0.272670716047287, 1.0371159315109253, 1.0264016389846802, 0.349421888589859, 0.3736622631549835, 0.2739344835281372, 0.3872622549533844, 0.27473124861717224, 0.8451416492462158, 0.7878097295761108, 0.3115643262863159, 0.315336674451828, 0.27943310141563416, 0.886782169342041, 0.3247552216053009, 0.5821679830551147, 0.3004433512687683, 0.44566547870635986, 0.28163838386535645, 0.9312961101531982, 0.9883880615234375, 0.38339388370513916, 0.32748278975486755, 0.34956610202789307, 0.3420943319797516, 0.4455243945121765, 0.2617879807949066, 0.2786734104156494, 0.39834320545196533, 0.45319557189941406, 0.32918620109558105, 0.33137017488479614, 0.3583199679851532, 0.27630865573883057, 0.34900036454200745, 0.2809672951698303, 0.2698025405406952, 0.458458811044693, 0.41572627425193787, 0.27371153235435486, 0.26161566376686096, 0.4851161539554596, 0.30091869831085205, 0.8247056007385254, 0.27119672298431396, 0.33006665110588074, 0.3239488899707794, 0.2714840769767761, 0.3630940318107605, 0.28100889921188354, 0.4925541281700134, 0.44677260518074036, 0.43904948234558105, 0.27208322286605835, 0.5117997527122498, 0.4128016531467438, 0.2599852383136749, 0.6866698265075684, 0.2942691445350647, 0.3343502879142761, 0.6001540422439575, 0.3276112377643585, 0.5231460332870483, 0.4839900732040405, 0.699276864528656, 0.3104070723056793, 0.30373379588127136, 0.27426987886428833, 0.29002848267555237, 0.4474027752876282, 0.2671279311180115, 0.33787932991981506, 0.4007614552974701, 0.4778660833835602, 0.5184059143066406, 0.5865727663040161, 0.3341422379016876, 0.3274441659450531, 0.3603154122829437, 0.46432989835739136, 0.3409067392349243, 0.4082653820514679, 0.2714465260505676, 0.5935952663421631, 0.47495755553245544, 0.5498168468475342, 0.5094073414802551, 0.33235013484954834, 0.5658830404281616, 0.30340662598609924, 0.7338185906410217, 0.28127387166023254, 0.2895517349243164, 0.7919208407402039, 0.3723907172679901, 0.33152544498443604, 0.3038690388202667, 0.6668042540550232, 0.3198227882385254, 0.3845728933811188, 0.2633759677410126, 0.3570684492588043, 0.2675216495990753, 0.3311689794063568, 0.2607874870300293, 0.43173903226852417, 0.4211213290691376, 0.5557261109352112, 0.3939420282840729, 0.37544387578964233, 0.5173149704933167, 0.6332544088363647, 0.261993408203125, 0.29844456911087036, 0.5419164896011353, 0.2954975664615631, 0.2554706335067749, 0.29192209243774414, 0.8631438612937927, 0.2509479820728302, 0.41564521193504333, 0.25851762294769287, 0.3038959503173828, 0.4652803838253021, 0.42449066042900085, 0.46976786851882935, 0.294150173664093, 0.827792763710022, 0.30914610624313354, 0.3241812586784363, 0.27789485454559326, 0.2611183822154999, 0.6567783355712891, 0.28496676683425903, 0.29537728428840637, 0.4254304766654968, 0.7657083868980408, 0.2539602518081665, 0.27166548371315, 0.4541698396205902, 0.29515692591667175, 0.3981841206550598, 0.737917959690094, 0.29480528831481934, 0.3372955024242401, 0.4816013276576996, 0.33866652846336365, 0.3393900692462921, 1.0455081462860107, 0.39564627408981323, 0.2623301148414612, 0.3875940442085266, 0.26874738931655884, 0.3236500918865204, 0.25994476675987244, 0.27869144082069397, 0.3526191711425781, 0.7462013959884644, 0.7041686773300171, 0.321934312582016, 0.41038239002227783, 0.33038270473480225, 0.26587602496147156, 0.37935832142829895, 0.38785019516944885, 0.2737957239151001, 0.39014625549316406, 0.6703832745552063, 0.30397531390190125, 0.25315573811531067, 0.34198683500289917, 0.2609192430973053, 0.3318130373954773, 0.36161431670188904, 0.28177809715270996, 0.3060113489627838, 0.27454349398612976, 0.348678857088089, 0.3080664575099945, 0.2656180262565613, 0.2535918354988098, 0.2695475220680237, 0.40340882539749146, 0.2731132209300995, 0.24948474764823914]",6.0,"[33.0, 33.0, 33.0, 33.0, 33.0, 33.0, 33.0, 33.0, 33.0, 33.0, 33.0, 33.0, 33.0, 33.0, 33.0, 33.0, 33.0, 33.0, 33.0, 33.0, 33.0, 33.0, 33.0, 33.0, 32.0, 32.0, 29.0, 29.0, 21.0, 19.0, 18.0, 18.0, 16.0, 15.0, 15.0, 15.0, 14.0, 13.0, 13.0, 13.0, 13.0, 13.0, 13.0, 13.0, 13.0, 12.0, 11.0, 11.0, 11.0, 11.0, 10.0, 9.0, 9.0, 9.0, 9.0, 9.0, 9.0, 8.0, 8.0, 8.0, 8.0, 8.0, 8.0, 8.0, 8.0, 8.0, 8.0, 8.0, 8.0, 8.0, 8.0, 8.0, 8.0, 8.0, 8.0, 8.0, 8.0, 8.0, 8.0, 8.0, 8.0, 8.0, 8.0, 8.0, 8.0, 8.0, 7.0, 6.0, 6.0, 6.0, 6.0, 6.0, 6.0, 6.0, 6.0, 6.0, 6.0, 6.0, 6.0, 6.0, 6.0, 6.0, 6.0, 6.0, 6.0, 6.0, 6.0, 6.0, 6.0, 6.0, 6.0, 6.0, 6.0, 6.0, 6.0, 6.0, 6.0, 6.0, 6.0, 6.0, 6.0, 6.0, 6.0, 6.0, 6.0, 6.0, 6.0, 6.0, 6.0, 6.0, 6.0, 6.0, 6.0, 6.0, 6.0, 6.0, 6.0, 6.0, 6.0, 6.0, 6.0, 6.0, 6.0, 6.0, 6.0, 6.0, 6.0, 6.0, 6.0, 6.0, 6.0, 6.0, 6.0, 6.0, 6.0, 6.0, 6.0, 6.0, 6.0, 6.0, 6.0, 6.0, 6.0, 6.0, 6.0, 6.0, 6.0, 6.0, 6.0, 6.0, 6.0, 6.0, 6.0, 6.0, 6.0, 6.0, 6.0, 6.0, 6.0, 6.0, 6.0, 6.0, 6.0, 6.0, 6.0, 6.0, 6.0, 6.0, 6.0, 6.0, 6.0, 6.0, 6.0, 6.0, 6.0, 6.0, 6.0, 6.0, 6.0, 6.0, 6.0, 6.0, 6.0, 6.0, 6.0, 6.0, 6.0, 6.0, 6.0, 6.0, 6.0, 6.0, 6.0, 6.0, 6.0, 6.0, 6.0, 6.0, 6.0, 6.0, 6.0, 6.0, 6.0, 6.0, 6.0, 6.0, 6.0, 6.0, 6.0, 6.0, 6.0, 6.0, 6.0, 6.0, 6.0, 6.0, 6.0, 6.0, 6.0, 6.0, 6.0, 6.0, 6.0, 6.0, 6.0, 6.0, 6.0, 6.0, 6.0, 6.0, 6.0, 6.0, 6.0, 6.0, 6.0, 6.0, 6.0, 6.0, 6.0, 6.0, 6.0, 6.0, 6.0, 6.0, 6.0, 6.0, 6.0, 6.0, 6.0, 6.0, 6.0, 6.0, 6.0, 6.0, 6.0, 6.0, 6.0, 6.0, 6.0, 6.0, 6.0, 6.0, 6.0, 6.0, 6.0, 6.0, 6.0, 6.0, 6.0, 6.0, 6.0, 6.0, 6.0, 6.0, 6.0]",COMPLETE
