,number,value,datetime_start,datetime_complete,duration,params_batch_size_scaler,params_constant_learning_rate,params_depth,params_epochs,params_kernel_l2,params_num_trees,params_temperature,user_attrs_accuracy_test,user_attrs_accuracy_valid,user_attrs_approximate_feature_sparsity,user_attrs_approximate_feature_sparsity_history,user_attrs_approximate_weight_sparsity,user_attrs_approximate_weight_sparsity_history,user_attrs_auc_test,user_attrs_auc_valid,user_attrs_feature_sparsity,user_attrs_feature_sparsity_history,user_attrs_num_epochs,user_attrs_val_loss_history,user_attrs_weight_sparsity,user_attrs_weight_sparsity_history,state
41,41,0.7250711700222848,2024-08-31 02:16:54.124823,2024-08-31 02:16:56.982144,0 days 00:00:02.857321,4,0.04607684625876502,1,10,0.0022205108081983825,26,0.007168706146781603,0.866,0.865,33,"[33, 33, 33, 33, 33, 33, 33, 33, 33, 33]",33.0,"[33.0, 33.0, 33.0, 33.0, 33.0, 33.0, 33.0, 33.0, 32.96153846153846, 33.0]",0.7683930679744714,0.7250711700222848,33,"[33, 33, 33, 33, 33, 33, 33, 33, 33, 33]",10,"[0.40602320432662964, 0.3942915201187134, 0.38668498396873474, 0.3809387981891632, 0.37703952193260193, 0.3721538484096527, 0.3682347238063812, 0.3648839592933655, 0.36207520961761475, 0.35947278141975403]",33.0,"[33.0, 33.0, 33.0, 33.0, 33.0, 33.0, 33.0, 33.0, 33.0, 33.0]",COMPLETE
42,42,0.9201349976169313,2024-08-31 02:16:57.736616,2024-08-31 02:18:36.007065,0 days 00:01:38.270449,4,0.8246796389157783,6,35,0.2237192295072898,50,0.0007331544787956127,0.934,0.9275,14,"[33, 33, 33, 33, 33, 33, 33, 33, 33, 33, 33, 23, 21, 18, 16, 16, 15, 15, 15, 15, 15, 15, 15, 15, 15, 15, 15, 15, 15, 15, 15, 15, 15, 14, 14]",13.968571428571428,"[32.918730158730156, 32.91460317460317, 32.91301587301587, 32.91174603174603, 32.92063492063492, 32.92634920634921, 32.908253968253966, 32.91396825396826, 32.91079365079365, 32.918730158730156, 32.91111111111111, 22.945714285714285, 20.953968253968252, 17.962222222222223, 15.966349206349205, 15.962539682539683, 14.971111111111112, 14.965396825396827, 14.96920634920635, 14.96920634920635, 14.966984126984126, 14.963492063492064, 14.969523809523812, 14.960317460317462, 14.963809523809523, 14.960634920634922, 14.962222222222222, 14.966984126984126, 14.963809523809523, 14.963492063492062, 14.964444444444444, 14.973015873015871, 14.969523809523809, 13.973333333333334, 13.968571428571428]",0.9022036179294743,0.9201349976169313,14,"[33, 33, 33, 33, 33, 33, 33, 33, 33, 33, 33, 23, 21, 18, 16, 16, 15, 15, 15, 15, 15, 15, 15, 15, 15, 15, 15, 15, 15, 15, 15, 15, 15, 14, 14]",35,"[0.3808763027191162, 0.37088459730148315, 0.3642875552177429, 0.3574751913547516, 0.3513522744178772, 0.34549689292907715, 0.33808043599128723, 0.3307877779006958, 0.3235342800617218, 0.31508463621139526, 0.307073712348938, 0.2954038977622986, 0.287662535905838, 0.28008130192756653, 0.27520060539245605, 0.27134913206100464, 0.2630962133407593, 0.2584736943244934, 0.2542574405670166, 0.24963752925395966, 0.24602973461151123, 0.24549393355846405, 0.24019818007946014, 0.238740935921669, 0.2373216301202774, 0.2323726862668991, 0.2281164675951004, 0.22819660604000092, 0.22754646837711334, 0.22547584772109985, 0.22209012508392334, 0.22022123634815216, 0.21975986659526825, 0.23067310452461243, 0.21665865182876587]",14.0,"[33.0, 33.0, 33.0, 33.0, 33.0, 33.0, 33.0, 33.0, 33.0, 33.0, 33.0, 23.0, 21.0, 18.0, 16.0, 16.0, 15.0, 15.0, 15.0, 15.0, 15.0, 15.0, 15.0, 15.0, 15.0, 15.0, 15.0, 15.0, 15.0, 15.0, 15.0, 15.0, 15.0, 14.0, 14.0]",COMPLETE
43,43,0.8365987814146411,2024-08-31 02:18:37.144458,2024-08-31 02:19:06.429091,0 days 00:00:29.284633,64,0.3563900344696712,4,145,0.1317419595205862,43,0.0017561863934069644,0.882,0.885,33,"[33, 33, 33, 33, 33, 33, 33, 33, 33, 33, 33, 33, 33, 33, 33, 33, 33, 33, 33, 33, 33, 33, 33, 33, 33, 33, 33, 33, 33, 33, 33, 33, 33, 33, 33, 33, 33, 33, 33, 33, 33, 33, 33, 33, 33, 33, 33, 33, 33, 33, 33, 33, 33, 33, 33, 33, 33, 33, 33, 33, 33, 33, 33, 33, 33, 33, 33, 33, 33, 33, 33, 33, 33, 33, 33, 33, 33, 33, 33, 33, 33, 33, 33, 33, 33, 33, 33, 33, 33, 33, 33, 33, 33, 33, 33, 33, 33, 33, 33, 33, 33, 33, 33, 33, 33, 33, 33, 33, 33, 33, 33, 33, 33, 33, 33, 33, 33, 33, 33, 33, 33, 33, 33, 33, 33, 33, 33, 33, 33, 33, 33, 33, 33, 33, 33, 33, 33, 33, 33, 33, 33, 33, 33, 33, 33]",32.965891472868215,"[32.95503875968992, 32.96124031007752, 32.967441860465115, 32.96124031007752, 32.970542635658916, 32.95968992248062, 32.97364341085271, 32.965891472868215, 32.970542635658916, 32.964341085271315, 32.95348837209302, 32.964341085271315, 32.96124031007752, 32.96279069767442, 32.96589147286822, 32.967441860465115, 32.973643410852716, 32.97209302325581, 32.96434108527132, 32.965891472868215, 32.964341085271315, 32.972093023255816, 32.965891472868215, 32.968992248062015, 32.964341085271315, 32.973643410852716, 32.968992248062015, 32.964341085271315, 32.95968992248062, 32.962790697674414, 32.95813953488372, 32.973643410852716, 32.970542635658916, 32.964341085271315, 32.967441860465115, 32.95503875968993, 32.950387596899226, 32.951937984496126, 32.965891472868215, 32.962790697674414, 32.965891472868215, 32.968992248062015, 32.970542635658916, 32.96279069767442, 32.967441860465115, 32.965891472868215, 32.967441860465115, 32.95968992248062, 32.965891472868215, 32.968992248062015, 32.967441860465115, 32.97209302325581, 32.95658914728682, 32.95968992248062, 32.96279069767442, 32.961240310077514, 32.964341085271315, 32.964341085271315, 32.967441860465115, 32.970542635658916, 32.964341085271315, 32.970542635658916, 32.967441860465115, 32.951937984496126, 32.95658914728682, 32.95658914728682, 32.95968992248062, 32.965891472868215, 32.95658914728682, 32.96589147286822, 32.96279069767442, 32.95813953488372, 32.967441860465115, 32.968992248062015, 32.95658914728682, 32.97209302325581, 32.97209302325581, 32.96434108527132, 32.968992248062015, 32.972093023255816, 32.968992248062015, 32.973643410852716, 32.967441860465115, 32.96589147286822, 32.968992248062015, 32.967441860465115, 32.95813953488372, 32.95968992248062, 32.97829457364341, 32.972093023255816, 32.97209302325581, 32.967441860465115, 32.95503875968992, 32.95658914728682, 32.96899224806201, 32.968992248062015, 32.96434108527132, 32.970542635658916, 32.97209302325581, 32.968992248062015, 32.96589147286822, 32.965891472868215, 32.95348837209303, 32.95658914728682, 32.95813953488372, 32.95968992248062, 32.951937984496126, 32.95193798449612, 32.95813953488372, 32.964341085271315, 32.96279069767442, 32.96124031007752, 32.970542635658916, 32.972093023255816, 32.964341085271315, 32.967441860465115, 32.96279069767442, 32.968992248062015, 32.950387596899226, 32.967441860465115, 32.962790697674414, 32.96124031007752, 32.965891472868215, 32.964341085271315, 32.96124031007752, 32.95658914728682, 32.96124031007752, 32.95658914728682, 32.96434108527132, 32.96124031007752, 32.96124031007752, 32.96279069767442, 32.95348837209303, 32.968992248062015, 32.968992248062015, 32.965891472868215, 32.96589147286822, 32.95348837209302, 32.96279069767442, 32.95968992248062, 32.95503875968992, 32.950387596899226, 32.95813953488372, 32.96589147286822, 32.965891472868215]",0.8449458796720581,0.8365987814146411,33,"[33, 33, 33, 33, 33, 33, 33, 33, 33, 33, 33, 33, 33, 33, 33, 33, 33, 33, 33, 33, 33, 33, 33, 33, 33, 33, 33, 33, 33, 33, 33, 33, 33, 33, 33, 33, 33, 33, 33, 33, 33, 33, 33, 33, 33, 33, 33, 33, 33, 33, 33, 33, 33, 33, 33, 33, 33, 33, 33, 33, 33, 33, 33, 33, 33, 33, 33, 33, 33, 33, 33, 33, 33, 33, 33, 33, 33, 33, 33, 33, 33, 33, 33, 33, 33, 33, 33, 33, 33, 33, 33, 33, 33, 33, 33, 33, 33, 33, 33, 33, 33, 33, 33, 33, 33, 33, 33, 33, 33, 33, 33, 33, 33, 33, 33, 33, 33, 33, 33, 33, 33, 33, 33, 33, 33, 33, 33, 33, 33, 33, 33, 33, 33, 33, 33, 33, 33, 33, 33, 33, 33, 33, 33, 33, 33]",145,"[0.41332998871803284, 0.4082258641719818, 0.40479227900505066, 0.4023193418979645, 0.4003678262233734, 0.3977871835231781, 0.3955283463001251, 0.3946641981601715, 0.3933897316455841, 0.39222007989883423, 0.3913716971874237, 0.389448344707489, 0.3887203335762024, 0.3873670697212219, 0.3858574330806732, 0.38643595576286316, 0.3852115869522095, 0.3843224346637726, 0.3829032778739929, 0.38206881284713745, 0.3825429081916809, 0.3806030750274658, 0.38046061992645264, 0.37892016768455505, 0.3790053427219391, 0.3774924576282501, 0.3778897821903229, 0.37629377841949463, 0.37598878145217896, 0.37503668665885925, 0.37420350313186646, 0.37335190176963806, 0.3740120828151703, 0.3721616864204407, 0.37164124846458435, 0.3706705868244171, 0.37009522318840027, 0.3691108822822571, 0.36843985319137573, 0.3680320084095001, 0.3678286373615265, 0.3672472834587097, 0.3665238916873932, 0.36603206396102905, 0.3657888174057007, 0.3651089072227478, 0.3642433285713196, 0.3636646270751953, 0.36305657029151917, 0.36254647374153137, 0.3623761236667633, 0.3620678782463074, 0.3617056906223297, 0.3629804849624634, 0.3615301251411438, 0.36046406626701355, 0.3600004315376282, 0.3598770499229431, 0.3589504361152649, 0.35850897431373596, 0.3581241965293884, 0.357575923204422, 0.357503205537796, 0.3571164309978485, 0.35845890641212463, 0.3557226061820984, 0.355684369802475, 0.35531169176101685, 0.354989230632782, 0.35435715317726135, 0.35355454683303833, 0.35291317105293274, 0.35301798582077026, 0.35213208198547363, 0.3516143560409546, 0.351983904838562, 0.3502112627029419, 0.35032036900520325, 0.3489309251308441, 0.3487966060638428, 0.3489595055580139, 0.34792912006378174, 0.3489229679107666, 0.34727323055267334, 0.34727713465690613, 0.3458322584629059, 0.3454084098339081, 0.3451896607875824, 0.34473273158073425, 0.3448058068752289, 0.3436780571937561, 0.3432944416999817, 0.34280386567115784, 0.3428047299385071, 0.3426486849784851, 0.34167155623435974, 0.34107837080955505, 0.34072816371917725, 0.34008362889289856, 0.3399694561958313, 0.3393993377685547, 0.33924779295921326, 0.33783775568008423, 0.33749645948410034, 0.33723127841949463, 0.33648985624313354, 0.33561015129089355, 0.33469605445861816, 0.33454471826553345, 0.33368396759033203, 0.33347928524017334, 0.3330996036529541, 0.3328370153903961, 0.33339622616767883, 0.33294451236724854, 0.33126911520957947, 0.3319737911224365, 0.33031752705574036, 0.3296303451061249, 0.3305197060108185, 0.3306005001068115, 0.32863667607307434, 0.32756710052490234, 0.3267661929130554, 0.32596585154533386, 0.32535767555236816, 0.3244396150112152, 0.3233003318309784, 0.3229772448539734, 0.32361599802970886, 0.3219337463378906, 0.3209403157234192, 0.32062599062919617, 0.3201451003551483, 0.3196244239807129, 0.318876177072525, 0.3185777962207794, 0.31832125782966614, 0.3176509141921997, 0.3172493577003479, 0.31667473912239075, 0.31645694375038147, 0.3172304034233093, 0.31573760509490967, 0.3154764771461487]",33.0,"[33.0, 33.0, 33.0, 33.0, 33.0, 33.0, 33.0, 33.0, 33.0, 33.0, 33.0, 33.0, 33.0, 33.0, 33.0, 33.0, 33.0, 33.0, 33.0, 33.0, 33.0, 33.0, 33.0, 33.0, 33.0, 33.0, 33.0, 33.0, 33.0, 33.0, 33.0, 33.0, 33.0, 33.0, 33.0, 33.0, 33.0, 33.0, 33.0, 33.0, 33.0, 33.0, 33.0, 33.0, 33.0, 33.0, 33.0, 33.0, 33.0, 33.0, 33.0, 33.0, 33.0, 33.0, 33.0, 33.0, 33.0, 33.0, 33.0, 33.0, 33.0, 33.0, 33.0, 33.0, 33.0, 33.0, 33.0, 33.0, 33.0, 33.0, 33.0, 33.0, 33.0, 33.0, 33.0, 33.0, 33.0, 33.0, 33.0, 33.0, 33.0, 33.0, 33.0, 33.0, 33.0, 33.0, 33.0, 33.0, 33.0, 33.0, 33.0, 33.0, 33.0, 33.0, 33.0, 33.0, 33.0, 33.0, 33.0, 33.0, 33.0, 33.0, 33.0, 33.0, 33.0, 33.0, 33.0, 33.0, 33.0, 33.0, 33.0, 33.0, 33.0, 33.0, 33.0, 33.0, 33.0, 33.0, 33.0, 33.0, 33.0, 33.0, 33.0, 33.0, 33.0, 33.0, 33.0, 33.0, 33.0, 33.0, 33.0, 33.0, 33.0, 33.0, 33.0, 33.0, 33.0, 33.0, 33.0, 33.0, 33.0, 33.0, 33.0, 33.0, 33.0]",COMPLETE
