,number,value,datetime_start,datetime_complete,duration,params_batch_size_scaler,params_constant_learning_rate,params_depth,params_epochs,params_kernel_l2,params_num_trees,params_temperature,user_attrs_accuracy_test,user_attrs_accuracy_valid,user_attrs_approximate_feature_sparsity,user_attrs_approximate_feature_sparsity_history,user_attrs_approximate_weight_sparsity,user_attrs_approximate_weight_sparsity_history,user_attrs_auc_test,user_attrs_auc_valid,user_attrs_feature_sparsity,user_attrs_feature_sparsity_history,user_attrs_num_epochs,user_attrs_val_loss_history,user_attrs_weight_sparsity,user_attrs_weight_sparsity_history,state
3,3,0.8068039829449576,2024-08-31 00:40:09.812140,2024-08-31 00:43:30.189755,0 days 00:03:20.377615,4,0.011385953381489415,4,310,0.6780227021579832,62,0.011103525577197588,0.878,0.8725,33,"[33, 33, 33, 33, 33, 33, 33, 33, 33, 33, 33, 33, 33, 33, 33, 33, 33, 33, 33, 33, 33, 33, 33, 33, 33, 33, 33, 33, 33, 33, 33, 33, 33, 33, 33, 33, 33, 33, 33, 33, 33, 33, 33, 33, 33, 33, 33, 33, 33, 33, 33, 33, 33, 33, 33, 33, 33, 33, 33, 33, 33, 33, 33, 33, 33, 33, 33, 33, 33, 33, 33, 33, 33, 33, 33, 33, 33, 33, 33, 33, 33, 33, 33, 33, 33, 33, 33, 33, 33, 33, 33, 33, 33, 33, 33, 33, 33, 33, 33, 33, 33, 33, 33, 33, 33, 33, 33, 33, 33, 33, 33, 33, 33, 33, 33, 33, 33, 33, 33, 33, 33, 33, 33, 33, 33, 33, 33, 33, 33, 33, 33, 33, 33, 33, 33, 33, 33, 33, 33, 33, 33, 33, 33, 33, 33, 33, 33, 33, 33, 33, 33, 33, 33, 33, 33, 33, 33, 33, 33, 33, 33, 33, 33, 33, 33, 33, 33, 33, 33, 33, 33, 33, 33, 33, 33, 33, 33, 33, 33, 33, 33, 33, 33, 33, 33, 33, 33, 33, 33, 33, 33, 33, 33, 33, 33, 33, 33, 33, 33, 33, 33, 33, 33, 33, 33, 33, 33, 33, 33, 33, 33, 33, 33, 33, 33, 33, 33, 33, 33, 33, 33, 33, 33, 33, 33, 33, 33, 33, 33, 33, 33, 33, 33, 33, 33, 33, 33, 33, 33, 33, 33, 33, 33, 33, 33, 33, 33, 33, 33, 33, 33, 33, 33, 33, 33, 33, 33, 33, 33, 33, 33, 33, 33, 33, 33, 33, 33, 33, 33, 33, 33, 33, 33, 33, 33, 33, 33, 33, 33, 33, 33, 33, 33, 33, 33, 33, 33, 33, 33, 33, 33, 33, 33, 33, 33, 33, 33, 33, 33, 33, 33, 33, 33, 33, 33, 33, 33, 33, 33, 33]",32.9494623655914,"[32.95913978494624, 32.94838709677419, 32.95483870967742, 32.95591397849463, 32.9505376344086, 32.953763440860214, 32.95268817204301, 32.95591397849462, 32.961290322580645, 32.96344086021506, 32.953763440860214, 32.95698924731183, 32.96021505376344, 32.96666666666667, 32.95268817204301, 32.956989247311824, 32.950537634408605, 32.950537634408605, 32.95161290322581, 32.953763440860214, 32.950537634408605, 32.946236559139784, 32.9494623655914, 32.94516129032258, 32.94731182795699, 32.950537634408605, 32.94731182795699, 32.94838709677419, 32.95268817204301, 32.95698924731183, 32.950537634408605, 32.9505376344086, 32.953763440860214, 32.95161290322581, 32.95268817204301, 32.95161290322581, 32.946236559139784, 32.95161290322581, 32.95268817204301, 32.95483870967742, 32.95698924731183, 32.961290322580645, 32.96236559139785, 32.958064516129035, 32.961290322580645, 32.95913978494624, 32.95698924731183, 32.95913978494624, 32.96559139784946, 32.96021505376344, 32.96236559139785, 32.953763440860214, 32.953763440860214, 32.94516129032258, 32.95268817204301, 32.96021505376344, 32.95591397849463, 32.95698924731183, 32.96021505376344, 32.96236559139785, 32.96021505376344, 32.95913978494624, 32.95483870967742, 32.95591397849462, 32.961290322580645, 32.958064516129035, 32.9494623655914, 32.95483870967742, 32.94838709677419, 32.94731182795699, 32.949462365591394, 32.946236559139784, 32.94086021505377, 32.94408602150538, 32.94408602150538, 32.95268817204301, 32.958064516129035, 32.958064516129035, 32.953763440860214, 32.95591397849462, 32.96236559139785, 32.96344086021505, 32.961290322580645, 32.96344086021506, 32.96021505376344, 32.95591397849463, 32.9483870967742, 32.94408602150538, 32.94408602150538, 32.93548387096774, 32.941935483870964, 32.950537634408605, 32.94838709677419, 32.947311827956995, 32.95268817204301, 32.95483870967742, 32.95268817204301, 32.95161290322581, 32.94838709677419, 32.949462365591394, 32.94301075268817, 32.941935483870964, 32.941935483870964, 32.93225806451613, 32.93118279569892, 32.932258064516134, 32.93010752688172, 32.93655913978495, 32.94408602150538, 32.950537634408605, 32.93870967741936, 32.94193548387097, 32.94408602150538, 32.94408602150538, 32.943010752688174, 32.94516129032258, 32.946236559139784, 32.9483870967742, 32.95161290322581, 32.958064516129035, 32.95591397849463, 32.95376344086022, 32.950537634408605, 32.943010752688174, 32.94086021505376, 32.946236559139784, 32.94731182795699, 32.95161290322581, 32.950537634408605, 32.95161290322581, 32.950537634408605, 32.95268817204301, 32.9483870967742, 32.95161290322581, 32.947311827956995, 32.94516129032259, 32.9483870967742, 32.950537634408605, 32.950537634408605, 32.9494623655914, 32.94086021505377, 32.943010752688174, 32.94193548387097, 32.94193548387097, 32.94838709677419, 32.946236559139784, 32.946236559139784, 32.9505376344086, 32.95161290322581, 32.95268817204301, 32.94838709677419, 32.949462365591394, 32.95268817204301, 32.94838709677419, 32.94838709677419, 32.94516129032258, 32.94731182795699, 32.94731182795699, 32.94731182795699, 32.94731182795699, 32.94408602150538, 32.943010752688174, 32.938709677419354, 32.946236559139784, 32.946236559139784, 32.943010752688174, 32.94408602150538, 32.93978494623656, 32.938709677419354, 32.94086021505376, 32.938709677419354, 32.93333333333334, 32.938709677419354, 32.94516129032258, 32.93978494623656, 32.93978494623656, 32.94086021505376, 32.93763440860215, 32.943010752688174, 32.94301075268817, 32.93440860215053, 32.93440860215053, 32.93763440860215, 32.943010752688174, 32.94408602150538, 32.946236559139784, 32.94193548387097, 32.93763440860215, 32.93870967741936, 32.93763440860215, 32.93440860215054, 32.94086021505377, 32.93763440860215, 32.93763440860215, 32.93978494623656, 32.94731182795699, 32.943010752688174, 32.94516129032258, 32.946236559139784, 32.943010752688174, 32.94731182795699, 32.9494623655914, 32.9494623655914, 32.94408602150538, 32.94408602150538, 32.950537634408605, 32.950537634408605, 32.95591397849462, 32.953763440860214, 32.953763440860214, 32.9505376344086, 32.95268817204301, 32.95483870967742, 32.946236559139784, 32.943010752688174, 32.94193548387097, 32.94408602150538, 32.950537634408605, 32.95698924731183, 32.96021505376344, 32.958064516129035, 32.95483870967742, 32.95161290322581, 32.9494623655914, 32.9483870967742, 32.949462365591394, 32.94838709677419, 32.9483870967742, 32.9494623655914, 32.946236559139784, 32.94731182795699, 32.94408602150538, 32.943010752688174, 32.946236559139784, 32.94086021505376, 32.93978494623656, 32.94408602150538, 32.95161290322581, 32.953763440860214, 32.9483870967742, 32.946236559139784, 32.94408602150538, 32.938709677419354, 32.94301075268817, 32.94516129032258, 32.94623655913979, 32.95161290322581, 32.946236559139784, 32.9494623655914, 32.95161290322581, 32.950537634408605, 32.94731182795699, 32.94731182795699, 32.94408602150538, 32.94301075268817, 32.94086021505377, 32.943010752688174, 32.946236559139784, 32.94516129032258, 32.94838709677419, 32.94408602150538, 32.94193548387097, 32.94086021505376, 32.941935483870964, 32.94516129032258, 32.9494623655914, 32.953763440860214, 32.949462365591394, 32.949462365591394, 32.93978494623656, 32.943010752688174, 32.94086021505376, 32.93655913978495, 32.93118279569892, 32.92688172043011, 32.92688172043011, 32.93118279569892, 32.93763440860215, 32.94086021505377, 32.94516129032258, 32.941935483870964, 32.9505376344086, 32.95483870967742, 32.956989247311824, 32.95591397849463, 32.954838709677425, 32.9494623655914, 32.95268817204301, 32.95913978494624, 32.96021505376344, 32.96021505376344, 32.96236559139785, 32.961290322580645, 32.95913978494624, 32.96236559139785, 32.96021505376344, 32.95698924731183, 32.95483870967742, 32.95698924731183, 32.958064516129035, 32.961290322580645, 32.958064516129035, 32.95268817204301, 32.949462365591394, 32.94838709677419, 32.94838709677419, 32.95268817204301, 32.953763440860214, 32.95268817204301, 32.9494623655914]",0.8258076767476613,0.8068039829449576,33,"[33, 33, 33, 33, 33, 33, 33, 33, 33, 33, 33, 33, 33, 33, 33, 33, 33, 33, 33, 33, 33, 33, 33, 33, 33, 33, 33, 33, 33, 33, 33, 33, 33, 33, 33, 33, 33, 33, 33, 33, 33, 33, 33, 33, 33, 33, 33, 33, 33, 33, 33, 33, 33, 33, 33, 33, 33, 33, 33, 33, 33, 33, 33, 33, 33, 33, 33, 33, 33, 33, 33, 33, 33, 33, 33, 33, 33, 33, 33, 33, 33, 33, 33, 33, 33, 33, 33, 33, 33, 33, 33, 33, 33, 33, 33, 33, 33, 33, 33, 33, 33, 33, 33, 33, 33, 33, 33, 33, 33, 33, 33, 33, 33, 33, 33, 33, 33, 33, 33, 33, 33, 33, 33, 33, 33, 33, 33, 33, 33, 33, 33, 33, 33, 33, 33, 33, 33, 33, 33, 33, 33, 33, 33, 33, 33, 33, 33, 33, 33, 33, 33, 33, 33, 33, 33, 33, 33, 33, 33, 33, 33, 33, 33, 33, 33, 33, 33, 33, 33, 33, 33, 33, 33, 33, 33, 33, 33, 33, 33, 33, 33, 33, 33, 33, 33, 33, 33, 33, 33, 33, 33, 33, 33, 33, 33, 33, 33, 33, 33, 33, 33, 33, 33, 33, 33, 33, 33, 33, 33, 33, 33, 33, 33, 33, 33, 33, 33, 33, 33, 33, 33, 33, 33, 33, 33, 33, 33, 33, 33, 33, 33, 33, 33, 33, 33, 33, 33, 33, 33, 33, 33, 33, 33, 33, 33, 33, 33, 33, 33, 33, 33, 33, 33, 33, 33, 33, 33, 33, 33, 33, 33, 33, 33, 33, 33, 33, 33, 33, 33, 33, 33, 33, 33, 33, 33, 33, 33, 33, 33, 33, 33, 33, 33, 33, 33, 33, 33, 33, 33, 33, 33, 33, 33, 33, 33, 33, 33, 33, 33, 33, 33, 33, 33, 33, 33, 33, 33, 33, 33, 33]",310,"[0.4742964804172516, 0.45549991726875305, 0.4493273198604584, 0.4461106061935425, 0.4438810348510742, 0.4419780671596527, 0.44024795293807983, 0.43863582611083984, 0.43714824318885803, 0.4357715845108032, 0.43447190523147583, 0.43324556946754456, 0.4320804476737976, 0.4309871196746826, 0.4299509823322296, 0.42896270751953125, 0.42803454399108887, 0.4271644651889801, 0.4263302683830261, 0.42553815245628357, 0.4247860610485077, 0.42407578229904175, 0.4233936369419098, 0.4227512776851654, 0.42213934659957886, 0.42151013016700745, 0.4209374189376831, 0.42038649320602417, 0.41986843943595886, 0.4193812906742096, 0.4188559651374817, 0.41836538910865784, 0.4178798198699951, 0.4174332320690155, 0.4169852137565613, 0.41654500365257263, 0.41613397002220154, 0.4157222509384155, 0.415335088968277, 0.41494086384773254, 0.4145459234714508, 0.4141654968261719, 0.413825124502182, 0.4134671092033386, 0.4130922555923462, 0.41275736689567566, 0.4124111533164978, 0.4120826721191406, 0.4117768108844757, 0.41146862506866455, 0.4111424684524536, 0.41082751750946045, 0.4105128347873688, 0.41018667817115784, 0.409865140914917, 0.4095562696456909, 0.4092632234096527, 0.40897586941719055, 0.4086807668209076, 0.40839695930480957, 0.40806132555007935, 0.40777352452278137, 0.4074949026107788, 0.407217800617218, 0.40695106983184814, 0.4066644310951233, 0.4064081311225891, 0.40614479780197144, 0.40586230158805847, 0.4056106507778168, 0.40533947944641113, 0.4050486087799072, 0.4047642648220062, 0.4045178294181824, 0.40423160791397095, 0.4039522111415863, 0.40369075536727905, 0.4034097194671631, 0.4031434655189514, 0.4028915762901306, 0.4026450216770172, 0.4023909866809845, 0.40212753415107727, 0.40185245871543884, 0.40160438418388367, 0.40133780241012573, 0.40108561515808105, 0.40083351731300354, 0.4005625247955322, 0.40031927824020386, 0.4000532627105713, 0.3997951149940491, 0.3995693325996399, 0.3993115723133087, 0.3990585207939148, 0.3988102972507477, 0.3985658586025238, 0.39833319187164307, 0.39807137846946716, 0.39784374833106995, 0.3976098895072937, 0.39736393094062805, 0.3971184194087982, 0.39687711000442505, 0.39662933349609375, 0.396371454000473, 0.3961261510848999, 0.39591723680496216, 0.3956688940525055, 0.39541134238243103, 0.39516881108283997, 0.39491844177246094, 0.39469364285469055, 0.3944627642631531, 0.39422160387039185, 0.39401084184646606, 0.39379292726516724, 0.39356139302253723, 0.393319696187973, 0.39303362369537354, 0.39281031489372253, 0.3925763964653015, 0.3923557996749878, 0.3921227753162384, 0.39187195897102356, 0.3916683495044708, 0.391431987285614, 0.3912069797515869, 0.3909912407398224, 0.3907475769519806, 0.3904894292354584, 0.3902760446071625, 0.390058696269989, 0.38981857895851135, 0.38960474729537964, 0.38939911127090454, 0.3891414701938629, 0.3889025151729584, 0.3886827826499939, 0.3884568512439728, 0.3882143497467041, 0.38800349831581116, 0.38779735565185547, 0.38757333159446716, 0.38735610246658325, 0.38715705275535583, 0.38692840933799744, 0.38670408725738525, 0.38649487495422363, 0.3862716555595398, 0.38602688908576965, 0.3858334720134735, 0.3856182396411896, 0.3853846788406372, 0.3851718604564667, 0.3849288821220398, 0.3847547173500061, 0.38454750180244446, 0.3843206763267517, 0.38407257199287415, 0.38387203216552734, 0.3836543560028076, 0.38346222043037415, 0.38324370980262756, 0.3830285668373108, 0.3828445076942444, 0.38262712955474854, 0.3824057877063751, 0.3821980655193329, 0.38199806213378906, 0.3817920982837677, 0.38160786032676697, 0.3813696801662445, 0.38114890456199646, 0.38097232580184937, 0.3807653486728668, 0.38053005933761597, 0.3803381323814392, 0.38010352849960327, 0.3799211382865906, 0.3797141909599304, 0.3794998228549957, 0.3792908489704132, 0.37909775972366333, 0.37892627716064453, 0.3787216544151306, 0.3784986138343811, 0.37827175855636597, 0.37808531522750854, 0.3778745234012604, 0.37767916917800903, 0.3774673342704773, 0.37727904319763184, 0.3770688772201538, 0.3768998384475708, 0.37669864296913147, 0.37650030851364136, 0.3763025403022766, 0.37609970569610596, 0.37591543793678284, 0.37572237849235535, 0.3754865527153015, 0.37530815601348877, 0.37513747811317444, 0.374907910823822, 0.3747047483921051, 0.3745204210281372, 0.37435099482536316, 0.37417012453079224, 0.373953640460968, 0.3737397789955139, 0.3735599219799042, 0.3733619451522827, 0.37315329909324646, 0.3729584813117981, 0.37273919582366943, 0.3725663721561432, 0.3723686635494232, 0.37218186259269714, 0.37198901176452637, 0.37180405855178833, 0.3716004192829132, 0.37143003940582275, 0.37126415967941284, 0.37106406688690186, 0.37086716294288635, 0.37065958976745605, 0.37045788764953613, 0.3702635169029236, 0.37007030844688416, 0.36985406279563904, 0.369663804769516, 0.3694797158241272, 0.36930015683174133, 0.36911165714263916, 0.3689042925834656, 0.36873164772987366, 0.36851966381073, 0.3683137595653534, 0.36814361810684204, 0.36794525384902954, 0.36777812242507935, 0.3676190674304962, 0.367426335811615, 0.3672257363796234, 0.36701369285583496, 0.36680352687835693, 0.3666466176509857, 0.36643630266189575, 0.3662375211715698, 0.36604762077331543, 0.36584946513175964, 0.3656778037548065, 0.36549311876296997, 0.3652888834476471, 0.36509859561920166, 0.36490046977996826, 0.36470890045166016, 0.36452606320381165, 0.3643245995044708, 0.36415553092956543, 0.3639848828315735, 0.36379989981651306, 0.36357513070106506, 0.36337658762931824, 0.3631725609302521, 0.36298683285713196, 0.36279982328414917, 0.3626115322113037, 0.36242279410362244, 0.3622497320175171, 0.3621078431606293, 0.3618983030319214, 0.3616993725299835, 0.3614974319934845, 0.36131173372268677, 0.3611328601837158, 0.3609667718410492, 0.36074134707450867, 0.3605773150920868, 0.3603757917881012, 0.36015331745147705, 0.3599524199962616, 0.35974934697151184, 0.35956043004989624, 0.3593722879886627, 0.3591805398464203, 0.35900524258613586, 0.3588244915008545, 0.35863953828811646, 0.35844990611076355, 0.35823285579681396, 0.3580609858036041, 0.35783931612968445, 0.35765448212623596, 0.3574627935886383, 0.35726669430732727, 0.35706329345703125, 0.3568333387374878, 0.3566667437553406, 0.3564348518848419, 0.35624584555625916, 0.35605141520500183, 0.3558598458766937, 0.35567253828048706, 0.3554956018924713, 0.3553248345851898, 0.35510680079460144, 0.3548845946788788, 0.354690819978714]",33.0,"[33.0, 33.0, 33.0, 33.0, 33.0, 33.0, 33.0, 33.0, 33.0, 33.0, 33.0, 33.0, 33.0, 33.0, 33.0, 33.0, 33.0, 33.0, 33.0, 33.0, 33.0, 33.0, 33.0, 33.0, 33.0, 33.0, 33.0, 33.0, 33.0, 33.0, 33.0, 33.0, 33.0, 33.0, 33.0, 33.0, 33.0, 33.0, 33.0, 33.0, 33.0, 33.0, 33.0, 33.0, 33.0, 33.0, 33.0, 33.0, 33.0, 33.0, 33.0, 33.0, 33.0, 33.0, 33.0, 33.0, 33.0, 33.0, 33.0, 33.0, 33.0, 33.0, 33.0, 33.0, 33.0, 33.0, 33.0, 33.0, 33.0, 33.0, 33.0, 33.0, 33.0, 33.0, 33.0, 33.0, 33.0, 33.0, 33.0, 33.0, 33.0, 33.0, 33.0, 33.0, 33.0, 33.0, 33.0, 33.0, 33.0, 33.0, 33.0, 33.0, 33.0, 33.0, 33.0, 33.0, 33.0, 33.0, 33.0, 33.0, 33.0, 33.0, 33.0, 33.0, 33.0, 33.0, 33.0, 33.0, 33.0, 33.0, 33.0, 33.0, 33.0, 33.0, 33.0, 33.0, 33.0, 33.0, 33.0, 33.0, 33.0, 33.0, 33.0, 33.0, 33.0, 33.0, 33.0, 33.0, 33.0, 33.0, 33.0, 33.0, 33.0, 33.0, 33.0, 33.0, 33.0, 33.0, 33.0, 33.0, 33.0, 33.0, 33.0, 33.0, 33.0, 33.0, 33.0, 33.0, 33.0, 33.0, 33.0, 33.0, 33.0, 33.0, 33.0, 33.0, 33.0, 33.0, 33.0, 33.0, 33.0, 33.0, 33.0, 33.0, 33.0, 33.0, 33.0, 33.0, 33.0, 33.0, 33.0, 33.0, 33.0, 33.0, 33.0, 33.0, 33.0, 33.0, 33.0, 33.0, 33.0, 33.0, 33.0, 33.0, 33.0, 33.0, 33.0, 33.0, 33.0, 33.0, 33.0, 33.0, 33.0, 33.0, 33.0, 33.0, 33.0, 33.0, 33.0, 33.0, 33.0, 33.0, 33.0, 33.0, 33.0, 33.0, 33.0, 33.0, 33.0, 33.0, 33.0, 33.0, 33.0, 33.0, 33.0, 33.0, 33.0, 33.0, 33.0, 33.0, 33.0, 33.0, 33.0, 33.0, 33.0, 33.0, 33.0, 33.0, 33.0, 33.0, 33.0, 33.0, 33.0, 33.0, 33.0, 33.0, 33.0, 33.0, 33.0, 33.0, 33.0, 33.0, 33.0, 33.0, 33.0, 33.0, 33.0, 33.0, 33.0, 33.0, 33.0, 33.0, 33.0, 33.0, 33.0, 33.0, 33.0, 33.0, 33.0, 33.0, 33.0, 33.0, 33.0, 33.0, 33.0, 33.0, 33.0, 33.0, 33.0, 33.0, 33.0, 33.0, 33.0, 33.0, 33.0, 33.0, 33.0, 33.0, 33.0, 33.0, 33.0, 33.0, 33.0, 33.0, 33.0, 33.0, 33.0, 33.0, 33.0, 33.0, 33.0, 33.0, 33.0, 33.0, 33.0, 33.0, 33.0, 33.0, 33.0, 33.0, 33.0, 33.0, 33.0, 33.0, 33.0, 33.0, 33.0, 33.0, 33.0, 33.0]",COMPLETE
4,4,0.9267947082995194,2024-08-31 00:43:30.385496,2024-08-31 00:43:41.517751,0 days 00:00:11.132255,16,1.0006913513545577,2,65,0.008836597074694355,68,0.0012334805700860026,0.933,0.93375,14,"[33, 33, 33, 33, 33, 33, 33, 33, 33, 33, 33, 33, 33, 33, 33, 33, 33, 33, 30, 25, 24, 21, 20, 20, 17, 17, 17, 15, 15, 15, 15, 15, 15, 15, 15, 15, 15, 15, 15, 15, 15, 15, 15, 15, 15, 15, 15, 15, 15, 15, 15, 15, 15, 15, 15, 14, 14, 14, 14, 14, 14, 14, 14, 14, 14]",13.990196078431373,"[32.97549019607843, 32.990196078431374, 32.95098039215686, 32.970588235294116, 32.97549019607843, 32.99509803921569, 33.0, 32.98529411764706, 32.97549019607843, 32.97549019607843, 32.990196078431374, 32.97549019607843, 32.94117647058823, 32.98039215686275, 32.98039215686275, 32.96568627450981, 32.990196078431374, 32.98529411764706, 29.990196078431374, 24.990196078431374, 23.990196078431374, 20.995098039215687, 19.990196078431374, 19.98529411764706, 16.98529411764706, 16.980392156862745, 16.995098039215687, 14.985294117647058, 14.995098039215687, 15.0, 14.985294117647058, 14.995098039215687, 14.995098039215687, 14.990196078431374, 14.990196078431373, 15.0, 14.990196078431374, 14.990196078431374, 14.995098039215687, 14.990196078431373, 14.990196078431373, 14.995098039215687, 15.0, 15.0, 14.975490196078432, 14.995098039215687, 15.0, 14.995098039215687, 14.990196078431374, 14.995098039215687, 14.985294117647058, 14.990196078431374, 14.990196078431374, 14.985294117647058, 14.995098039215687, 13.985294117647058, 13.97058823529412, 13.990196078431374, 13.995098039215687, 13.990196078431374, 13.995098039215687, 13.995098039215687, 13.995098039215687, 13.995098039215687, 13.990196078431373]",0.907991314327232,0.9267947082995194,14,"[33, 33, 33, 33, 33, 33, 33, 33, 33, 33, 33, 33, 33, 33, 33, 33, 33, 33, 30, 25, 24, 21, 20, 20, 17, 17, 17, 15, 15, 15, 15, 15, 15, 15, 15, 15, 15, 15, 15, 15, 15, 15, 15, 15, 15, 15, 15, 15, 15, 15, 15, 15, 15, 15, 15, 14, 14, 14, 14, 14, 14, 14, 14, 14, 14]",65,"[0.37365132570266724, 1.1026122570037842, 0.8594042062759399, 0.38244906067848206, 0.36762723326683044, 0.6870416402816772, 0.7377443909645081, 0.348410964012146, 1.2608957290649414, 0.34210118651390076, 0.3936963677406311, 0.390496164560318, 0.7080430388450623, 0.3122756779193878, 0.29874464869499207, 0.3381004333496094, 0.3806793987751007, 0.35470694303512573, 0.27263152599334717, 0.282216340303421, 0.2629830241203308, 0.3465528190135956, 0.2465500682592392, 0.38337165117263794, 0.5708715915679932, 0.2561686635017395, 0.222849503159523, 0.3057640790939331, 0.23424318432807922, 0.22789661586284637, 0.31331849098205566, 0.24884328246116638, 0.2158738374710083, 0.21505971252918243, 0.37948787212371826, 0.24550586938858032, 0.3490941524505615, 0.2187013179063797, 0.21342997252941132, 0.3315317630767822, 0.40052330493927, 0.20747186243534088, 0.23497648537158966, 0.24504734575748444, 0.23427635431289673, 0.225028395652771, 0.20080232620239258, 0.20194809138774872, 0.34345871210098267, 0.2158684879541397, 0.20549817383289337, 0.20317283272743225, 0.22246390581130981, 0.22158485651016235, 0.20289777219295502, 0.2092120200395584, 0.36531370878219604, 0.19579370319843292, 0.37723472714424133, 0.1969733089208603, 0.1984979510307312, 0.34092602133750916, 0.19618213176727295, 0.20911259949207306, 0.2005903124809265]",14.0,"[33.0, 33.0, 33.0, 33.0, 33.0, 33.0, 33.0, 33.0, 33.0, 33.0, 33.0, 33.0, 33.0, 33.0, 33.0, 33.0, 33.0, 33.0, 30.0, 25.0, 24.0, 21.0, 20.0, 20.0, 17.0, 17.0, 17.0, 15.0, 15.0, 15.0, 15.0, 15.0, 15.0, 15.0, 15.0, 15.0, 15.0, 15.0, 15.0, 15.0, 15.0, 15.0, 15.0, 15.0, 15.0, 15.0, 15.0, 15.0, 15.0, 15.0, 15.0, 15.0, 15.0, 15.0, 15.0, 14.0, 14.0, 14.0, 14.0, 14.0, 14.0, 14.0, 14.0, 14.0, 14.0]",COMPLETE
