,number,value,datetime_start,datetime_complete,duration,params_batch_size_scaler,params_constant_learning_rate,params_depth,params_epochs,params_kernel_l2,params_num_trees,params_temperature,user_attrs_accuracy_test,user_attrs_accuracy_valid,user_attrs_approximate_feature_sparsity,user_attrs_approximate_feature_sparsity_history,user_attrs_approximate_weight_sparsity,user_attrs_approximate_weight_sparsity_history,user_attrs_auc_test,user_attrs_auc_valid,user_attrs_feature_sparsity,user_attrs_feature_sparsity_history,user_attrs_num_epochs,user_attrs_val_loss_history,user_attrs_weight_sparsity,user_attrs_weight_sparsity_history,state
101,101,0.906764050443766,2024-08-31 04:41:15.000012,2024-08-31 04:42:34.829942,0 days 00:01:19.829930,1,0.011557135571107626,3,125,0.05833336112487607,42,0.01818529534536521,0.903,0.9025,33,"[33, 33, 33, 33, 33, 33, 33, 33, 33, 33, 33, 33, 33, 33, 33, 33, 33, 33, 33, 33, 33, 33, 33, 33, 33, 33, 33, 33, 33, 33, 33, 33, 33, 33, 33, 33, 33, 33, 33, 33, 33, 33, 33, 33, 33, 33, 33, 33, 33, 33, 33, 33, 33, 33, 33, 33, 33, 33, 33, 33, 33, 33, 33, 33, 33, 33, 33, 33, 33, 33, 33, 33, 33, 33, 33, 33, 33, 33, 33, 33, 33, 33, 33, 33, 33, 33, 33, 33, 33, 33, 33, 33, 33, 33, 33, 33, 33, 33, 33, 33, 33, 33, 33, 33, 33, 33, 33, 33, 33, 33, 33, 33, 33, 33, 33, 33, 33, 33, 33, 33, 33, 33, 33, 33, 33]",32.98979591836735,"[32.976190476190474, 32.976190476190474, 32.976190476190474, 32.96938775510204, 32.976190476190474, 32.965986394557824, 32.982993197278915, 32.97959183673469, 32.976190476190474, 32.98639455782313, 32.976190476190474, 32.95918367346939, 32.96598639455782, 32.97278911564626, 32.965986394557824, 32.96938775510204, 32.976190476190474, 32.976190476190474, 32.97278911564626, 32.976190476190474, 32.97278911564626, 32.97278911564626, 32.976190476190474, 32.95918367346938, 32.97278911564626, 32.96938775510204, 32.96938775510204, 32.96938775510204, 32.96938775510204, 32.96938775510204, 32.965986394557824, 32.97278911564626, 32.965986394557824, 32.96258503401361, 32.965986394557824, 32.96258503401361, 32.965986394557824, 32.95918367346938, 32.982993197278915, 32.97959183673469, 32.955782312925166, 32.96598639455782, 32.97278911564626, 32.97959183673469, 32.96938775510204, 32.97278911564626, 32.97278911564626, 32.95918367346939, 32.95918367346939, 32.95238095238095, 32.95238095238095, 32.95918367346938, 32.96258503401361, 32.965986394557824, 32.965986394557824, 32.965986394557824, 32.976190476190474, 32.98639455782313, 32.98299319727891, 32.982993197278915, 32.97278911564626, 32.96938775510204, 32.965986394557824, 32.976190476190474, 32.97278911564626, 32.965986394557824, 32.95918367346939, 32.97278911564626, 32.98299319727891, 32.97959183673469, 32.965986394557824, 32.97278911564626, 32.96938775510204, 32.96938775510204, 32.95918367346938, 32.97278911564626, 32.97278911564626, 32.965986394557824, 32.95918367346939, 32.96938775510204, 32.97278911564626, 32.96938775510204, 32.97278911564626, 32.98639455782313, 32.96938775510204, 32.976190476190474, 32.976190476190474, 32.976190476190474, 32.955782312925166, 32.96258503401361, 32.965986394557824, 32.97278911564626, 32.97959183673469, 32.96938775510204, 32.96258503401361, 32.976190476190474, 32.98299319727891, 32.96938775510204, 32.965986394557824, 32.97278911564626, 32.965986394557824, 32.955782312925166, 32.96258503401361, 32.96258503401361, 32.95238095238095, 32.976190476190474, 32.97278911564626, 32.96938775510204, 32.96938775510204, 32.9625850340136, 32.96938775510204, 32.95918367346939, 32.965986394557824, 32.955782312925166, 32.95918367346939, 32.965986394557824, 32.95238095238095, 32.96938775510204, 32.9795918367347, 32.96258503401361, 32.97278911564626, 32.96938775510204, 32.982993197278915, 32.98299319727891, 32.98979591836735]",0.889819103526284,0.906764050443766,33,"[33, 33, 33, 33, 33, 33, 33, 33, 33, 33, 33, 33, 33, 33, 33, 33, 33, 33, 33, 33, 33, 33, 33, 33, 33, 33, 33, 33, 33, 33, 33, 33, 33, 33, 33, 33, 33, 33, 33, 33, 33, 33, 33, 33, 33, 33, 33, 33, 33, 33, 33, 33, 33, 33, 33, 33, 33, 33, 33, 33, 33, 33, 33, 33, 33, 33, 33, 33, 33, 33, 33, 33, 33, 33, 33, 33, 33, 33, 33, 33, 33, 33, 33, 33, 33, 33, 33, 33, 33, 33, 33, 33, 33, 33, 33, 33, 33, 33, 33, 33, 33, 33, 33, 33, 33, 33, 33, 33, 33, 33, 33, 33, 33, 33, 33, 33, 33, 33, 33, 33, 33, 33, 33, 33, 33]",125,"[0.40841078758239746, 0.3991042375564575, 0.39274653792381287, 0.3885318338871002, 0.384663850069046, 0.38191914558410645, 0.37968677282333374, 0.3778405487537384, 0.37610724568367004, 0.37434056401252747, 0.372794508934021, 0.3717680871486664, 0.3699014186859131, 0.36878666281700134, 0.36694788932800293, 0.36557310819625854, 0.364268958568573, 0.3629981279373169, 0.36159470677375793, 0.36025646328926086, 0.35903191566467285, 0.35776904225349426, 0.35628506541252136, 0.3549281656742096, 0.35364314913749695, 0.3524702787399292, 0.35180309414863586, 0.35011208057403564, 0.3485988676548004, 0.347268283367157, 0.34598734974861145, 0.3446929454803467, 0.3434940278530121, 0.3424675762653351, 0.3410041928291321, 0.33968621492385864, 0.338410884141922, 0.3376050591468811, 0.33604761958122253, 0.33453691005706787, 0.33323803544044495, 0.33208176493644714, 0.33063942193984985, 0.32937318086624146, 0.32790446281433105, 0.32660403847694397, 0.3257433772087097, 0.3240003287792206, 0.3225027322769165, 0.3211187422275543, 0.31960904598236084, 0.3181562125682831, 0.3167707026004791, 0.31571388244628906, 0.31399932503700256, 0.31254395842552185, 0.31139230728149414, 0.3099929690361023, 0.3082917630672455, 0.30732953548431396, 0.3058002293109894, 0.30422914028167725, 0.3030115067958832, 0.30133378505706787, 0.3000764548778534, 0.29893407225608826, 0.2974456250667572, 0.29630419611930847, 0.29467299580574036, 0.2934228181838989, 0.2921264171600342, 0.29102349281311035, 0.2898007333278656, 0.2885804772377014, 0.28713929653167725, 0.2859792709350586, 0.284853994846344, 0.2836655378341675, 0.2826308310031891, 0.2816610038280487, 0.28069132566452026, 0.28007715940475464, 0.2787826359272003, 0.27748623490333557, 0.27660250663757324, 0.2760177254676819, 0.27487751841545105, 0.27378126978874207, 0.2730870544910431, 0.2721075117588043, 0.27160483598709106, 0.2706098258495331, 0.27005887031555176, 0.26905667781829834, 0.26818549633026123, 0.2674919664859772, 0.2666133940219879, 0.2658136487007141, 0.26515501737594604, 0.2645787000656128, 0.26380330324172974, 0.26351454854011536, 0.2622372806072235, 0.26244255900382996, 0.26147323846817017, 0.2603539526462555, 0.26018983125686646, 0.2592412233352661, 0.2584414780139923, 0.2584127187728882, 0.2574690580368042, 0.25646352767944336, 0.2563325762748718, 0.2555277943611145, 0.2549358308315277, 0.2550883889198303, 0.2541387379169464, 0.25343188643455505, 0.2532122731208801, 0.25252100825309753, 0.2518083453178406, 0.2511412799358368, 0.25061869621276855, 0.25042101740837097, 0.2496766448020935]",33.0,"[33.0, 33.0, 33.0, 33.0, 33.0, 33.0, 33.0, 33.0, 33.0, 33.0, 33.0, 33.0, 33.0, 33.0, 33.0, 33.0, 33.0, 33.0, 33.0, 33.0, 33.0, 33.0, 33.0, 33.0, 33.0, 33.0, 33.0, 33.0, 33.0, 33.0, 33.0, 33.0, 33.0, 33.0, 33.0, 33.0, 33.0, 33.0, 33.0, 33.0, 33.0, 33.0, 33.0, 33.0, 33.0, 33.0, 33.0, 33.0, 33.0, 33.0, 33.0, 33.0, 33.0, 33.0, 33.0, 33.0, 33.0, 33.0, 33.0, 33.0, 33.0, 33.0, 33.0, 33.0, 33.0, 33.0, 33.0, 33.0, 33.0, 33.0, 33.0, 33.0, 33.0, 33.0, 33.0, 33.0, 33.0, 33.0, 33.0, 33.0, 33.0, 33.0, 33.0, 33.0, 33.0, 33.0, 33.0, 33.0, 33.0, 33.0, 33.0, 33.0, 33.0, 33.0, 33.0, 33.0, 33.0, 33.0, 33.0, 33.0, 33.0, 33.0, 33.0, 33.0, 33.0, 33.0, 33.0, 33.0, 33.0, 33.0, 33.0, 33.0, 33.0, 33.0, 33.0, 33.0, 33.0, 33.0, 33.0, 33.0, 33.0, 33.0, 33.0, 33.0, 33.0]",COMPLETE
102,102,0.8588708119179195,2024-08-31 04:42:37.097557,2024-08-31 04:42:52.781241,0 days 00:00:15.683684,64,2.161864658588891,3,95,0.9715068763164586,85,0.0002443809130741897,0.885,0.86875,9,"[33, 33, 33, 33, 33, 33, 33, 33, 33, 33, 33, 33, 33, 33, 33, 33, 33, 33, 33, 33, 33, 33, 33, 33, 33, 33, 33, 32, 26, 21, 20, 20, 17, 16, 16, 16, 16, 15, 15, 15, 15, 15, 15, 15, 15, 15, 15, 15, 15, 15, 15, 15, 15, 15, 15, 15, 15, 15, 15, 15, 15, 15, 14, 14, 14, 14, 13, 13, 12, 12, 12, 11, 11, 11, 11, 11, 11, 11, 11, 11, 11, 11, 11, 11, 9, 9, 9, 9, 9, 9, 9, 9, 9, 9, 9]",8.978151260504202,"[32.963025210084034, 32.96806722689075, 32.95462184873949, 32.964705882352945, 32.964705882352945, 32.95294117647059, 32.969747899159664, 32.9563025210084, 32.97478991596638, 32.971428571428575, 32.96806722689075, 32.963025210084034, 32.963025210084034, 32.96806722689075, 32.944537815126054, 32.964705882352945, 32.95294117647059, 32.96806722689075, 32.957983193277315, 32.95294117647059, 32.951260504201684, 32.951260504201684, 32.94957983193277, 32.944537815126054, 32.9563025210084, 32.94621848739496, 32.94285714285714, 31.921008403361345, 25.954621848739496, 20.961344537815126, 19.963025210084034, 19.97310924369748, 16.976470588235294, 15.969747899159664, 15.97983193277311, 15.956302521008404, 15.942857142857143, 14.984873949579832, 14.961344537815126, 14.974789915966387, 14.974789915966387, 14.968067226890756, 14.959663865546219, 14.963025210084034, 14.969747899159664, 14.976470588235294, 14.959663865546219, 14.971428571428572, 14.957983193277311, 14.954621848739496, 14.964705882352941, 14.971428571428572, 14.959663865546219, 14.957983193277311, 14.963025210084034, 14.971428571428572, 14.964705882352941, 14.957983193277311, 14.964705882352941, 14.961344537815126, 14.952941176470588, 14.969747899159664, 13.966386554621849, 13.957983193277311, 13.974789915966387, 13.976470588235294, 12.964705882352941, 12.968067226890756, 11.98655462184874, 11.966386554621849, 11.968067226890756, 10.969747899159664, 10.971428571428572, 10.957983193277311, 10.957983193277311, 10.959663865546219, 10.969747899159664, 10.957983193277311, 10.966386554621849, 10.971428571428572, 10.954621848739496, 10.959663865546219, 10.963025210084034, 10.959663865546219, 8.97983193277311, 8.974789915966387, 8.978151260504202, 8.968067226890756, 8.98655462184874, 8.978151260504202, 8.97983193277311, 8.98655462184874, 8.974789915966387, 8.989915966386555, 8.978151260504202]",0.848892411595208,0.8588708119179195,9,"[33, 33, 33, 33, 33, 33, 33, 33, 33, 33, 33, 33, 33, 33, 33, 33, 33, 33, 33, 33, 33, 33, 33, 33, 33, 33, 33, 32, 26, 21, 20, 20, 17, 16, 16, 16, 16, 15, 15, 15, 15, 15, 15, 15, 15, 15, 15, 15, 15, 15, 15, 15, 15, 15, 15, 15, 15, 15, 15, 15, 15, 15, 14, 14, 14, 14, 13, 13, 12, 12, 12, 11, 11, 11, 11, 11, 11, 11, 11, 11, 11, 11, 11, 11, 9, 9, 9, 9, 9, 9, 9, 9, 9, 9, 9]",95,"[1.4267295598983765, 1.927374243736267, 1.3248552083969116, 1.0163789987564087, 0.46458107233047485, 2.3723409175872803, 2.740995407104492, 2.412567377090454, 1.6836018562316895, 1.6554510593414307, 1.4845956563949585, 1.0744972229003906, 2.6956467628479004, 1.9762256145477295, 0.7101376056671143, 2.8764548301696777, 0.6260807514190674, 0.8804460167884827, 1.0464346408843994, 2.046598196029663, 0.42727795243263245, 0.49249598383903503, 0.6854726672172546, 0.8142967820167542, 0.4755763113498688, 0.7803089022636414, 0.6819561123847961, 0.4927440285682678, 1.5142163038253784, 1.215065598487854, 0.4402012526988983, 0.3716130554676056, 1.9296379089355469, 0.5293598175048828, 1.3727306127548218, 1.1908464431762695, 1.3845617771148682, 0.6900659203529358, 0.6440830826759338, 0.6714715361595154, 2.3862287998199463, 0.8081664443016052, 2.2302420139312744, 0.324865460395813, 1.5846590995788574, 0.49565237760543823, 1.7502635717391968, 0.8609322309494019, 0.42833492159843445, 0.4423052668571472, 0.5219168066978455, 0.7097804546356201, 0.5082800984382629, 0.5713338255882263, 0.2935563027858734, 0.7248707413673401, 2.029827356338501, 0.30636879801750183, 1.8425345420837402, 0.6238901615142822, 0.7112393975257874, 0.39723244309425354, 0.6847100853919983, 0.36729180812835693, 0.6794447302818298, 0.881253182888031, 0.7648369073867798, 0.38332951068878174, 0.3437657058238983, 0.7227621674537659, 0.9367731213569641, 0.34393155574798584, 0.5238879323005676, 1.028310775756836, 0.7674819827079773, 0.34515485167503357, 0.45496028661727905, 0.35386332869529724, 0.4213285744190216, 1.7412214279174805, 0.6145464777946472, 0.379680335521698, 0.7539762258529663, 0.5198885202407837, 1.5713289976119995, 0.38957205414772034, 0.9239674210548401, 0.588706374168396, 0.445892333984375, 1.3580151796340942, 0.45461204648017883, 0.8470842242240906, 1.3204727172851562, 0.9936697483062744, 0.39150023460388184]",9.0,"[33.0, 33.0, 33.0, 33.0, 33.0, 33.0, 33.0, 33.0, 33.0, 33.0, 33.0, 33.0, 33.0, 33.0, 33.0, 33.0, 33.0, 33.0, 33.0, 33.0, 33.0, 33.0, 33.0, 33.0, 33.0, 33.0, 33.0, 32.0, 26.0, 21.0, 20.0, 20.0, 17.0, 16.0, 16.0, 16.0, 16.0, 15.0, 15.0, 15.0, 15.0, 15.0, 15.0, 15.0, 15.0, 15.0, 15.0, 15.0, 15.0, 15.0, 15.0, 15.0, 15.0, 15.0, 15.0, 15.0, 15.0, 15.0, 15.0, 15.0, 15.0, 15.0, 14.0, 14.0, 14.0, 14.0, 13.0, 13.0, 12.0, 12.0, 12.0, 11.0, 11.0, 11.0, 11.0, 11.0, 11.0, 11.0, 11.0, 11.0, 11.0, 11.0, 11.0, 11.0, 9.0, 9.0, 9.0, 9.0, 9.0, 9.0, 9.0, 9.0, 9.0, 9.0, 9.0]",COMPLETE
103,103,0.7787030954129149,2024-08-31 04:42:54.995796,2024-08-31 04:43:08.082114,0 days 00:00:13.086318,64,1.439352564808084,2,135,0.002409251157233278,35,0.003779434814042811,0.89,0.88375,2,"[33, 33, 33, 33, 33, 33, 33, 33, 33, 32, 30, 24, 16, 11, 8, 6, 5, 4, 4, 4, 4, 4, 4, 3, 3, 3, 3, 3, 3, 3, 3, 3, 3, 3, 3, 3, 3, 3, 3, 3, 3, 3, 3, 3, 3, 3, 3, 3, 3, 3, 3, 3, 3, 3, 3, 3, 3, 3, 3, 3, 3, 3, 3, 3, 3, 3, 3, 3, 3, 3, 3, 3, 3, 3, 3, 3, 3, 3, 3, 3, 3, 3, 3, 3, 3, 3, 2, 2, 2, 2, 2, 2, 2, 2, 2, 2, 2, 2, 2, 2, 2, 2, 2, 2, 2, 2, 2, 2, 2, 2, 2, 2, 2, 2, 2, 2, 2, 2, 2, 2, 2, 2, 2, 2, 2, 2, 2, 2, 2, 2, 2, 2, 2, 2, 2]",2.0,"[32.99047619047619, 32.971428571428575, 32.98095238095238, 32.98095238095238, 32.98095238095238, 32.99047619047619, 32.99047619047619, 32.99047619047619, 32.99047619047619, 31.98095238095238, 29.99047619047619, 24.0, 16.0, 11.0, 7.9904761904761905, 6.0, 5.0, 4.0, 3.9904761904761905, 4.0, 4.0, 4.0, 4.0, 3.0, 3.0, 2.9904761904761905, 3.0, 3.0, 3.0, 3.0, 3.0, 3.0, 3.0, 3.0, 3.0, 3.0, 3.0, 2.9904761904761905, 3.0, 3.0, 3.0, 3.0, 3.0, 3.0, 3.0, 3.0, 3.0, 3.0, 3.0, 3.0, 3.0, 3.0, 3.0, 3.0, 3.0, 3.0, 2.9904761904761905, 3.0, 3.0, 3.0, 3.0, 2.9904761904761905, 3.0, 3.0, 2.9904761904761905, 3.0, 2.9904761904761905, 3.0, 3.0, 3.0, 3.0, 3.0, 3.0, 3.0, 3.0, 3.0, 3.0, 3.0, 3.0, 3.0, 3.0, 3.0, 3.0, 3.0, 3.0, 3.0, 2.0, 2.0, 2.0, 2.0, 2.0, 2.0, 2.0, 2.0, 2.0, 2.0, 2.0, 2.0, 2.0, 1.9904761904761905, 2.0, 2.0, 2.0, 2.0, 2.0, 2.0, 2.0, 2.0, 2.0, 2.0, 2.0, 2.0, 2.0, 2.0, 2.0, 2.0, 2.0, 2.0, 2.0, 2.0, 2.0, 2.0, 2.0, 2.0, 2.0, 2.0, 2.0, 2.0, 2.0, 2.0, 2.0, 1.9904761904761905, 2.0, 2.0, 2.0]",0.749828680884089,0.7787030954129149,2,"[33, 33, 33, 33, 33, 33, 33, 33, 33, 32, 30, 24, 16, 11, 8, 6, 5, 4, 4, 4, 4, 4, 4, 3, 3, 3, 3, 3, 3, 3, 3, 3, 3, 3, 3, 3, 3, 3, 3, 3, 3, 3, 3, 3, 3, 3, 3, 3, 3, 3, 3, 3, 3, 3, 3, 3, 3, 3, 3, 3, 3, 3, 3, 3, 3, 3, 3, 3, 3, 3, 3, 3, 3, 3, 3, 3, 3, 3, 3, 3, 3, 3, 3, 3, 3, 3, 2, 2, 2, 2, 2, 2, 2, 2, 2, 2, 2, 2, 2, 2, 2, 2, 2, 2, 2, 2, 2, 2, 2, 2, 2, 2, 2, 2, 2, 2, 2, 2, 2, 2, 2, 2, 2, 2, 2, 2, 2, 2, 2, 2, 2, 2, 2, 2, 2]",135,"[0.6823576092720032, 0.9453534483909607, 0.5078924894332886, 0.4201236367225647, 0.38088053464889526, 0.5414605736732483, 0.36241331696510315, 0.5475979447364807, 0.48803356289863586, 0.45140066742897034, 0.34108176827430725, 0.5581158995628357, 0.5480971932411194, 0.6112079620361328, 0.38176319003105164, 0.6606791019439697, 0.39745286107063293, 0.35498732328414917, 0.35149937868118286, 0.43082037568092346, 0.3515702486038208, 0.3494480550289154, 0.3704935312271118, 0.36604756116867065, 0.4010878801345825, 0.3583257794380188, 0.717058539390564, 0.34726929664611816, 0.7076171636581421, 0.4644678235054016, 0.34660589694976807, 0.43790993094444275, 0.34632647037506104, 0.3400367498397827, 0.34851792454719543, 0.41024163365364075, 0.4656640887260437, 0.3480032980442047, 0.33820897340774536, 0.42671725153923035, 0.33171358704566956, 0.6403588652610779, 0.45502322912216187, 0.4493251144886017, 0.3269597291946411, 0.38633668422698975, 0.33109402656555176, 0.3819921612739563, 0.32327574491500854, 0.32510775327682495, 0.6232216954231262, 0.3335254192352295, 0.4253661632537842, 0.4110513925552368, 0.5653526782989502, 0.5679782032966614, 0.5549095869064331, 0.7142174243927002, 0.3611263632774353, 0.3234327435493469, 0.3545786142349243, 0.31546738743782043, 0.36543509364128113, 0.4961421489715576, 0.4273841977119446, 0.4885178506374359, 0.32568463683128357, 0.4799710214138031, 0.3835223913192749, 0.3431263267993927, 0.31167009472846985, 0.5541366934776306, 0.5134230852127075, 0.357452929019928, 0.573645830154419, 0.3426528871059418, 0.4195573031902313, 0.6520824432373047, 0.4691591262817383, 0.36215266585350037, 0.43071430921554565, 0.4951420724391937, 0.3084629774093628, 0.32237812876701355, 0.32206305861473083, 0.36182135343551636, 1.0917270183563232, 0.35514846444129944, 0.37238001823425293, 0.587024986743927, 0.4346686601638794, 0.40602806210517883, 0.43509596586227417, 0.4973655343055725, 0.5407201051712036, 0.6336432695388794, 0.3392510712146759, 0.37525302171707153, 0.8241711258888245, 0.36337053775787354, 0.3348090648651123, 0.3704277276992798, 0.32952362298965454, 0.33428218960762024, 0.5698603987693787, 0.5846335887908936, 0.4777563512325287, 0.34151726961135864, 0.49452364444732666, 0.8146060705184937, 0.3345175087451935, 0.4333399832248688, 0.6403332352638245, 0.3420999050140381, 0.6490064263343811, 0.33305472135543823, 0.33829888701438904, 0.4130191504955292, 0.3564789593219757, 0.3740493655204773, 0.4595918357372284, 0.32789215445518494, 0.5951058864593506, 0.9721285104751587, 0.3693874478340149, 0.3325880169868469, 0.34697625041007996, 0.5138898491859436, 0.645917534828186, 0.37814080715179443, 0.37233230471611023, 0.32632532715797424, 0.3256755471229553, 0.4325990378856659, 0.3304029107093811]",2.0,"[33.0, 33.0, 33.0, 33.0, 33.0, 33.0, 33.0, 33.0, 33.0, 32.0, 30.0, 24.0, 16.0, 11.0, 8.0, 6.0, 5.0, 4.0, 4.0, 4.0, 4.0, 4.0, 4.0, 3.0, 3.0, 3.0, 3.0, 3.0, 3.0, 3.0, 3.0, 3.0, 3.0, 3.0, 3.0, 3.0, 3.0, 3.0, 3.0, 3.0, 3.0, 3.0, 3.0, 3.0, 3.0, 3.0, 3.0, 3.0, 3.0, 3.0, 3.0, 3.0, 3.0, 3.0, 3.0, 3.0, 3.0, 3.0, 3.0, 3.0, 3.0, 3.0, 3.0, 3.0, 3.0, 3.0, 3.0, 3.0, 3.0, 3.0, 3.0, 3.0, 3.0, 3.0, 3.0, 3.0, 3.0, 3.0, 3.0, 3.0, 3.0, 3.0, 3.0, 3.0, 3.0, 3.0, 2.0, 2.0, 2.0, 2.0, 2.0, 2.0, 2.0, 2.0, 2.0, 2.0, 2.0, 2.0, 2.0, 2.0, 2.0, 2.0, 2.0, 2.0, 2.0, 2.0, 2.0, 2.0, 2.0, 2.0, 2.0, 2.0, 2.0, 2.0, 2.0, 2.0, 2.0, 2.0, 2.0, 2.0, 2.0, 2.0, 2.0, 2.0, 2.0, 2.0, 2.0, 2.0, 2.0, 2.0, 2.0, 2.0, 2.0, 2.0, 2.0]",COMPLETE
