,number,value,datetime_start,datetime_complete,duration,params_batch_size_scaler,params_constant_learning_rate,params_depth,params_epochs,params_kernel_l2,params_num_trees,params_temperature,user_attrs_accuracy_test,user_attrs_accuracy_valid,user_attrs_approximate_feature_sparsity,user_attrs_approximate_feature_sparsity_history,user_attrs_approximate_weight_sparsity,user_attrs_approximate_weight_sparsity_history,user_attrs_auc_test,user_attrs_auc_valid,user_attrs_feature_sparsity,user_attrs_feature_sparsity_history,user_attrs_num_epochs,user_attrs_val_loss_history,user_attrs_weight_sparsity,user_attrs_weight_sparsity_history,state
63,63,0.5,2024-08-31 02:54:39.967312,2024-08-31 02:54:52.093458,0 days 00:00:12.126146,64,2.08569433797514,1,55,0.058760322274750955,96,0.017226387880339956,0.859,0.85875,0,"[33, 7, 2, 2, 0, 0, 0, 0, 0, 0, 0, 0, 0, 0, 0, 0, 0, 0, 0, 0, 0, 0, 0, 0, 0, 0, 0, 0, 0, 0, 0, 0, 0, 0, 0, 0, 0, 0, 0, 0, 0, 0, 0, 0, 0, 0, 0, 0, 0, 0, 0, 0, 0, 0, 0]",0.0,"[32.96875, 7.0, 2.0, 2.0, 0.0, 0.0, 0.0, 0.0, 0.0, 0.0, 0.0, 0.0, 0.0, 0.0, 0.0, 0.0, 0.0, 0.0, 0.0, 0.0, 0.0, 0.0, 0.0, 0.0, 0.0, 0.0, 0.0, 0.0, 0.0, 0.0, 0.0, 0.0, 0.0, 0.0, 0.0, 0.0, 0.0, 0.0, 0.0, 0.0, 0.0, 0.0, 0.0, 0.0, 0.0, 0.0, 0.0, 0.0, 0.0, 0.0, 0.0, 0.0, 0.0, 0.0, 0.0]",0.5,0.5,0,"[33, 7, 2, 2, 0, 0, 0, 0, 0, 0, 0, 0, 0, 0, 0, 0, 0, 0, 0, 0, 0, 0, 0, 0, 0, 0, 0, 0, 0, 0, 0, 0, 0, 0, 0, 0, 0, 0, 0, 0, 0, 0, 0, 0, 0, 0, 0, 0, 0, 0, 0, 0, 0, 0, 0]",55,"[2.2602500915527344, 9.711785316467285, 21.407459259033203, 4.593347072601318, 11.020957946777344, 22.917749404907227, 6.678360462188721, 18.57721710205078, 2.952472448348999, 17.173992156982422, 1.5598342418670654, 14.239116668701172, 10.678058624267578, 10.534621238708496, 22.050806045532227, 6.0572686195373535, 18.928138732910156, 2.355809211730957, 15.033099174499512, 10.530221939086914, 9.785045623779297, 22.65570831298828, 6.664073467254639, 18.16929054260254, 3.7244231700897217, 15.282181739807129, 9.014126777648926, 10.227065086364746, 23.870908737182617, 9.039412498474121, 20.755903244018555, 5.537743091583252, 18.21503448486328, 2.803544282913208, 16.25404167175293, 1.0365381240844727, 13.731531143188477, 17.26546859741211, 10.030644416809082, 22.514488220214844, 8.649669647216797, 21.476999282836914, 4.905507564544678, 17.32329559326172, 0.7566708326339722, 13.953017234802246, 13.56844711303711, 9.285401344299316, 21.9715633392334, 5.786736965179443, 18.467784881591797, 2.862961769104004, 15.671950340270996, 0.4073176085948944, 20.54165267944336]",0.0,"[33.0, 7.0, 2.0, 2.0, 0.0, 0.0, 0.0, 0.0, 0.0, 0.0, 0.0, 0.0, 0.0, 0.0, 0.0, 0.0, 0.0, 0.0, 0.0, 0.0, 0.0, 0.0, 0.0, 0.0, 0.0, 0.0, 0.0, 0.0, 0.0, 0.0, 0.0, 0.0, 0.0, 0.0, 0.0, 0.0, 0.0, 0.0, 0.0, 0.0, 0.0, 0.0, 0.0, 0.0, 0.0, 0.0, 0.0, 0.0, 0.0, 0.0, 0.0, 0.0, 0.0, 0.0, 0.0]",COMPLETE
64,64,0.9071118496476923,2024-08-31 02:54:54.185353,2024-08-31 02:57:23.685225,0 days 00:02:29.499872,16,0.138358406201642,5,330,0.38564507332349224,15,0.00019578255163153242,0.916,0.90875,22,"[33, 33, 33, 33, 33, 33, 33, 33, 33, 33, 33, 33, 33, 33, 33, 33, 33, 33, 33, 33, 33, 33, 33, 33, 33, 33, 33, 33, 33, 33, 33, 33, 33, 33, 33, 33, 33, 33, 33, 33, 33, 33, 33, 33, 33, 33, 33, 33, 33, 33, 33, 33, 33, 33, 33, 33, 33, 33, 33, 33, 33, 33, 33, 33, 33, 33, 33, 33, 33, 33, 33, 33, 33, 33, 33, 33, 33, 33, 33, 33, 33, 33, 33, 33, 33, 33, 33, 33, 33, 33, 33, 33, 33, 33, 33, 33, 33, 33, 33, 33, 33, 33, 33, 33, 33, 33, 33, 33, 33, 33, 33, 33, 33, 33, 33, 33, 33, 33, 33, 33, 33, 33, 33, 33, 33, 33, 33, 33, 33, 33, 33, 33, 33, 33, 33, 33, 33, 33, 33, 33, 33, 33, 33, 33, 33, 33, 33, 33, 33, 33, 33, 33, 33, 33, 33, 33, 33, 33, 33, 33, 33, 33, 33, 33, 33, 33, 33, 33, 33, 33, 33, 33, 33, 33, 33, 33, 33, 33, 33, 33, 33, 33, 33, 33, 33, 33, 33, 33, 33, 33, 33, 33, 33, 33, 33, 33, 33, 33, 33, 33, 33, 33, 33, 33, 33, 33, 33, 33, 33, 33, 33, 33, 33, 33, 33, 33, 33, 33, 33, 33, 33, 33, 33, 33, 33, 33, 33, 33, 33, 33, 33, 33, 33, 33, 33, 33, 33, 33, 33, 33, 33, 33, 33, 33, 33, 33, 32, 32, 32, 32, 32, 32, 32, 32, 32, 32, 31, 31, 30, 30, 30, 30, 30, 29, 28, 28, 28, 27, 27, 26, 26, 26, 25, 25, 25, 25, 24, 24, 24, 24, 23, 23, 23, 23, 23, 23, 23, 23, 23, 23, 23, 23, 23, 23, 23, 23, 23, 23, 23, 23, 23, 23, 23, 23, 23, 23, 23, 23, 23, 23, 22, 22, 22, 22, 22, 22, 22, 22, 22, 22, 22, 22, 22, 22, 22, 22, 22, 22, 22, 22]",21.944086021505374,"[32.9741935483871, 32.961290322580645, 32.976344086021506, 32.95913978494624, 32.980645161290326, 32.96774193548387, 32.972043010752685, 32.976344086021506, 32.98279569892473, 32.98494623655914, 32.98494623655914, 32.972043010752685, 32.98279569892473, 32.976344086021506, 32.98494623655914, 32.987096774193546, 32.95698924731183, 32.96344086021506, 32.97204301075269, 32.976344086021506, 32.96344086021506, 32.965591397849465, 32.972043010752685, 32.976344086021506, 32.980645161290326, 32.972043010752685, 32.96989247311828, 32.956989247311824, 32.96989247311828, 32.96989247311828, 32.97204301075269, 32.976344086021506, 32.97204301075269, 32.976344086021506, 32.96989247311828, 32.95268817204301, 32.96774193548387, 32.96774193548387, 32.95913978494624, 32.972043010752685, 32.96774193548387, 32.96344086021505, 32.96774193548387, 32.972043010752685, 32.95913978494624, 32.956989247311824, 32.96344086021506, 32.956989247311824, 32.95268817204301, 32.956989247311824, 32.956989247311824, 32.96989247311828, 32.96989247311828, 32.96344086021506, 32.965591397849465, 32.96344086021505, 32.96989247311828, 32.96989247311828, 32.9741935483871, 32.96774193548387, 32.96989247311828, 32.980645161290326, 32.976344086021506, 32.972043010752685, 32.96774193548387, 32.965591397849465, 32.96989247311828, 32.96989247311828, 32.96774193548387, 32.965591397849465, 32.96989247311828, 32.97419354838709, 32.96989247311828, 32.96774193548387, 32.97204301075269, 32.965591397849465, 32.96344086021506, 32.95913978494624, 32.965591397849465, 32.96344086021505, 32.961290322580645, 32.95913978494624, 32.95483870967742, 32.94838709677419, 32.961290322580645, 32.965591397849465, 32.972043010752685, 32.95913978494624, 32.961290322580645, 32.965591397849465, 32.965591397849465, 32.95698924731183, 32.96774193548387, 32.965591397849465, 32.961290322580645, 32.95698924731183, 32.946236559139784, 32.965591397849465, 32.96989247311828, 32.95913978494624, 32.95483870967742, 32.946236559139784, 32.95483870967742, 32.94838709677419, 32.95268817204301, 32.950537634408605, 32.95268817204301, 32.961290322580645, 32.961290322580645, 32.95483870967742, 32.95483870967742, 32.95268817204301, 32.95268817204301, 32.9483870967742, 32.96774193548387, 32.950537634408605, 32.96344086021506, 32.96774193548387, 32.965591397849465, 32.956989247311824, 32.965591397849465, 32.95913978494624, 32.961290322580645, 32.95483870967742, 32.97204301075269, 32.95268817204301, 32.961290322580645, 32.950537634408605, 32.950537634408605, 32.94408602150538, 32.94408602150538, 32.95268817204301, 32.94838709677419, 32.94193548387097, 32.946236559139784, 32.93763440860215, 32.93548387096774, 32.94408602150538, 32.946236559139784, 32.946236559139784, 32.94408602150537, 32.9505376344086, 32.9505376344086, 32.95268817204301, 32.9505376344086, 32.95483870967742, 32.94408602150538, 32.93548387096774, 32.92903225806452, 32.94838709677419, 32.952688172043004, 32.94193548387097, 32.94838709677419, 32.946236559139784, 32.95268817204301, 32.956989247311824, 32.946236559139784, 32.95483870967742, 32.95483870967742, 32.956989247311824, 32.96774193548387, 32.956989247311824, 32.93978494623656, 32.950537634408605, 32.95268817204301, 32.956989247311824, 32.9483870967742, 32.93978494623656, 32.93763440860215, 32.94838709677419, 32.95483870967742, 32.95483870967742, 32.950537634408605, 32.93978494623656, 32.92903225806452, 32.93763440860215, 32.9483870967742, 32.946236559139784, 32.94408602150538, 32.946236559139784, 32.95268817204301, 32.95268817204301, 32.94193548387097, 32.93978494623656, 32.94838709677419, 32.946236559139784, 32.93978494623656, 32.935483870967744, 32.93333333333333, 32.941935483870964, 32.94193548387097, 32.95483870967742, 32.956989247311824, 32.95913978494624, 32.95913978494624, 32.95698924731183, 32.95698924731183, 32.95913978494624, 32.95483870967742, 32.95268817204301, 32.95268817204301, 32.95268817204301, 32.95483870967742, 32.9483870967742, 32.95913978494624, 32.95913978494624, 32.9505376344086, 32.956989247311824, 32.95913978494624, 32.96989247311828, 32.95913978494624, 32.96344086021505, 32.9505376344086, 32.950537634408605, 32.94838709677419, 32.95913978494624, 32.95268817204301, 32.95913978494624, 32.956989247311824, 32.95268817204301, 32.95483870967742, 32.94408602150538, 32.93333333333334, 32.94193548387097, 32.94193548387097, 32.941935483870964, 32.93333333333333, 32.92903225806452, 32.92043010752688, 32.924731182795696, 32.924731182795696, 32.924731182795696, 32.91612903225806, 32.924731182795696, 32.92903225806452, 32.924731182795696, 32.93763440860215, 32.93333333333333, 32.935483870967744, 32.93118279569892, 32.93118279569892, 32.93763440860215, 32.935483870967744, 32.93763440860215, 32.93978494623656, 32.92043010752688, 31.931182795698923, 31.93333333333333, 31.931182795698923, 31.93333333333333, 31.939784946236557, 31.941935483870967, 31.931182795698923, 31.941935483870967, 31.93548387096774, 31.941935483870964, 30.944086021505374, 30.939784946236557, 29.946236559139784, 29.9505376344086, 29.941935483870967, 29.95268817204301, 29.9505376344086, 28.946236559139784, 27.95268817204301, 27.94193548387097, 27.941935483870967, 26.954838709677418, 26.94623655913978, 25.93333333333333, 25.941935483870967, 25.946236559139784, 24.959139784946238, 24.948387096774194, 24.956989247311828, 24.961290322580645, 23.976344086021506, 23.9741935483871, 23.965591397849458, 23.96774193548387, 22.972043010752692, 22.96559139784946, 22.96989247311828, 22.961290322580645, 22.959139784946238, 22.96559139784946, 22.97204301075269, 22.96344086021505, 22.954838709677418, 22.939784946236557, 22.941935483870967, 22.94838709677419, 22.956989247311824, 22.96129032258064, 22.952688172043008, 22.94838709677419, 22.946236559139784, 22.95268817204301, 22.954838709677418, 22.961290322580645, 22.956989247311828, 22.950537634408605, 22.946236559139784, 22.954838709677418, 22.95268817204301, 22.95268817204301, 22.948387096774194, 22.941935483870967, 22.93978494623656, 22.939784946236557, 21.948387096774194, 21.941935483870967, 21.941935483870967, 21.946236559139784, 21.956989247311828, 21.956989247311824, 21.96129032258065, 21.956989247311828, 21.961290322580645, 21.961290322580645, 21.956989247311828, 21.96559139784946, 21.96559139784946, 21.963440860215055, 21.944086021505374, 21.93548387096774, 21.93978494623656, 21.941935483870967, 21.941935483870967, 21.944086021505374]",0.8920483161188585,0.9071118496476923,22,"[33, 33, 33, 33, 33, 33, 33, 33, 33, 33, 33, 33, 33, 33, 33, 33, 33, 33, 33, 33, 33, 33, 33, 33, 33, 33, 33, 33, 33, 33, 33, 33, 33, 33, 33, 33, 33, 33, 33, 33, 33, 33, 33, 33, 33, 33, 33, 33, 33, 33, 33, 33, 33, 33, 33, 33, 33, 33, 33, 33, 33, 33, 33, 33, 33, 33, 33, 33, 33, 33, 33, 33, 33, 33, 33, 33, 33, 33, 33, 33, 33, 33, 33, 33, 33, 33, 33, 33, 33, 33, 33, 33, 33, 33, 33, 33, 33, 33, 33, 33, 33, 33, 33, 33, 33, 33, 33, 33, 33, 33, 33, 33, 33, 33, 33, 33, 33, 33, 33, 33, 33, 33, 33, 33, 33, 33, 33, 33, 33, 33, 33, 33, 33, 33, 33, 33, 33, 33, 33, 33, 33, 33, 33, 33, 33, 33, 33, 33, 33, 33, 33, 33, 33, 33, 33, 33, 33, 33, 33, 33, 33, 33, 33, 33, 33, 33, 33, 33, 33, 33, 33, 33, 33, 33, 33, 33, 33, 33, 33, 33, 33, 33, 33, 33, 33, 33, 33, 33, 33, 33, 33, 33, 33, 33, 33, 33, 33, 33, 33, 33, 33, 33, 33, 33, 33, 33, 33, 33, 33, 33, 33, 33, 33, 33, 33, 33, 33, 33, 33, 33, 33, 33, 33, 33, 33, 33, 33, 33, 33, 33, 33, 33, 33, 33, 33, 33, 33, 33, 33, 33, 33, 33, 33, 33, 33, 33, 32, 32, 32, 32, 32, 32, 32, 32, 32, 32, 31, 31, 30, 30, 30, 30, 30, 29, 28, 28, 28, 27, 27, 26, 26, 26, 25, 25, 25, 25, 24, 24, 24, 24, 23, 23, 23, 23, 23, 23, 23, 23, 23, 23, 23, 23, 23, 23, 23, 23, 23, 23, 23, 23, 23, 23, 23, 23, 23, 23, 23, 23, 23, 23, 22, 22, 22, 22, 22, 22, 22, 22, 22, 22, 22, 22, 22, 22, 22, 22, 22, 22, 22, 22]",330,"[0.5366057753562927, 0.48494914174079895, 0.46305426955223083, 0.451671302318573, 0.445084810256958, 0.44035208225250244, 0.4369380474090576, 0.4340834319591522, 0.43164581060409546, 0.42955660820007324, 0.42765071988105774, 0.4258926510810852, 0.4243158996105194, 0.4228077232837677, 0.42135846614837646, 0.4200352728366852, 0.4187983572483063, 0.41761693358421326, 0.41650843620300293, 0.41544654965400696, 0.41444888710975647, 0.4134904146194458, 0.41251465678215027, 0.4115380346775055, 0.41068318486213684, 0.409827321767807, 0.40898600220680237, 0.4081389307975769, 0.4073140323162079, 0.40652167797088623, 0.4056874215602875, 0.40492385625839233, 0.4041408598423004, 0.4033869802951813, 0.40260618925094604, 0.4018866717815399, 0.4010825753211975, 0.40038472414016724, 0.39964884519577026, 0.39895546436309814, 0.3982607126235962, 0.3975133001804352, 0.39679989218711853, 0.3961731195449829, 0.3954620361328125, 0.3948466181755066, 0.3941626250743866, 0.3934709131717682, 0.3927409052848816, 0.39208534359931946, 0.3914097547531128, 0.3907390236854553, 0.39008811116218567, 0.38932183384895325, 0.3885917663574219, 0.38793808221817017, 0.3873085379600525, 0.38663920760154724, 0.38596630096435547, 0.38526782393455505, 0.3846026360988617, 0.38389813899993896, 0.3832460343837738, 0.3825458288192749, 0.3818986415863037, 0.38122260570526123, 0.38050854206085205, 0.37991097569465637, 0.3791635036468506, 0.3785330653190613, 0.3778620958328247, 0.37723231315612793, 0.3765387237071991, 0.3758451044559479, 0.3751237392425537, 0.37443089485168457, 0.37377798557281494, 0.3731866776943207, 0.372488796710968, 0.3718312084674835, 0.3711332082748413, 0.3703959584236145, 0.3697453439235687, 0.36901676654815674, 0.3683767318725586, 0.3677099645137787, 0.3670312464237213, 0.36638790369033813, 0.365748792886734, 0.3650914430618286, 0.3644316792488098, 0.3637373447418213, 0.3630683124065399, 0.3624304533004761, 0.3617408871650696, 0.36114609241485596, 0.3604617714881897, 0.35975170135498047, 0.35910284519195557, 0.3583742380142212, 0.35768431425094604, 0.35707056522369385, 0.35635241866111755, 0.35565802454948425, 0.35506072640419006, 0.35438603162765503, 0.35370388627052307, 0.35300591588020325, 0.3523378372192383, 0.35171428322792053, 0.35098180174827576, 0.3502306342124939, 0.3495934307575226, 0.3489459156990051, 0.3482728898525238, 0.34761130809783936, 0.34693455696105957, 0.3463115394115448, 0.34563735127449036, 0.3450809419155121, 0.34445956349372864, 0.3438296914100647, 0.34306856989860535, 0.34242016077041626, 0.341838538646698, 0.341264009475708, 0.34068799018859863, 0.34005263447761536, 0.339385986328125, 0.3387071490287781, 0.33799371123313904, 0.33736130595207214, 0.33673930168151855, 0.3361065983772278, 0.3354929983615875, 0.3349272906780243, 0.3343360424041748, 0.33375659584999084, 0.3332658112049103, 0.3325546979904175, 0.3319491446018219, 0.3313177227973938, 0.3307283818721771, 0.3301526606082916, 0.32957544922828674, 0.32900291681289673, 0.32848015427589417, 0.3279365599155426, 0.32741162180900574, 0.3268950581550598, 0.3263793885707855, 0.3259187936782837, 0.3253569006919861, 0.3247920870780945, 0.3242006003856659, 0.3237335979938507, 0.32323235273361206, 0.3227476477622986, 0.32220035791397095, 0.32168200612068176, 0.3211548328399658, 0.32068637013435364, 0.32027971744537354, 0.31978127360343933, 0.3194475471973419, 0.31882530450820923, 0.3184025287628174, 0.3178498148918152, 0.3173259198665619, 0.31688109040260315, 0.3163938820362091, 0.3158998191356659, 0.31549617648124695, 0.31501835584640503, 0.31453651189804077, 0.31415680050849915, 0.3137892186641693, 0.3133315145969391, 0.31283867359161377, 0.3124060332775116, 0.31191006302833557, 0.31138938665390015, 0.31103670597076416, 0.31060734391212463, 0.310193806886673, 0.30974143743515015, 0.309266060590744, 0.3088972270488739, 0.3084655702114105, 0.30812692642211914, 0.30774229764938354, 0.30736809968948364, 0.3069993853569031, 0.3066423535346985, 0.3062420189380646, 0.30587419867515564, 0.30539217591285706, 0.30507710576057434, 0.3047238290309906, 0.30437466502189636, 0.30405011773109436, 0.3036598861217499, 0.3032529950141907, 0.3029603064060211, 0.30267423391342163, 0.3023263216018677, 0.30185964703559875, 0.30144572257995605, 0.3010999858379364, 0.3007309138774872, 0.300274133682251, 0.29989710450172424, 0.2995274066925049, 0.29914000630378723, 0.2988584637641907, 0.298567533493042, 0.2981642782688141, 0.29789286851882935, 0.29745370149612427, 0.29718300700187683, 0.2968823313713074, 0.29656654596328735, 0.29631394147872925, 0.2959141433238983, 0.29562875628471375, 0.29519882798194885, 0.2949317395687103, 0.29462361335754395, 0.2944049537181854, 0.2939879894256592, 0.2936493754386902, 0.29319652915000916, 0.29288384318351746, 0.2925032079219818, 0.2922033369541168, 0.29196369647979736, 0.2916129529476166, 0.2913767993450165, 0.2910284101963043, 0.29083237051963806, 0.2904454171657562, 0.2900853455066681, 0.2897792160511017, 0.28946828842163086, 0.28913986682891846, 0.28867965936660767, 0.288090318441391, 0.2879300117492676, 0.2878223657608032, 0.2874307632446289, 0.28712427616119385, 0.28688058257102966, 0.2865569293498993, 0.2862609624862671, 0.28595593571662903, 0.28551366925239563, 0.2853977680206299, 0.28509464859962463, 0.28439295291900635, 0.28416815400123596, 0.2838815152645111, 0.28350040316581726, 0.2833348512649536, 0.2835180163383484, 0.28280675411224365, 0.2825833559036255, 0.2823765277862549, 0.2814164459705353, 0.2810840904712677, 0.2804207503795624, 0.28024810552597046, 0.2800297439098358, 0.28089097142219543, 0.28050804138183594, 0.2802352011203766, 0.27983805537223816, 0.2784433364868164, 0.27811890840530396, 0.27779072523117065, 0.2775956094264984, 0.2756955623626709, 0.2754732370376587, 0.2752804458141327, 0.27503272891044617, 0.2748670279979706, 0.2746261656284332, 0.274405837059021, 0.27403968572616577, 0.27388325333595276, 0.27353614568710327, 0.27327513694763184, 0.27303120493888855, 0.2728222906589508, 0.2725193202495575, 0.27227509021759033, 0.2721577286720276, 0.2719055414199829, 0.2716357707977295, 0.27148377895355225, 0.27111679315567017, 0.2710544466972351, 0.27063003182411194, 0.2703707814216614, 0.27020198106765747, 0.2700745761394501, 0.2698449194431305, 0.2696329355239868, 0.26946747303009033, 0.2692490816116333, 0.26900339126586914, 0.26807674765586853, 0.2677198350429535, 0.26736485958099365, 0.26695287227630615, 0.2667959928512573, 0.26652228832244873, 0.26630672812461853, 0.26600030064582825, 0.2657489478588104, 0.26553428173065186, 0.2652638554573059, 0.26503682136535645, 0.26474177837371826, 0.26447540521621704, 0.2642246186733246, 0.2639627158641815, 0.26365113258361816, 0.26349541544914246, 0.2632617652416229, 0.26324406266212463]",22.0,"[33.0, 33.0, 33.0, 33.0, 33.0, 33.0, 33.0, 33.0, 33.0, 33.0, 33.0, 33.0, 33.0, 33.0, 33.0, 33.0, 33.0, 33.0, 33.0, 33.0, 33.0, 33.0, 33.0, 33.0, 33.0, 33.0, 33.0, 33.0, 33.0, 33.0, 33.0, 33.0, 33.0, 33.0, 33.0, 33.0, 33.0, 33.0, 33.0, 33.0, 33.0, 33.0, 33.0, 33.0, 33.0, 33.0, 33.0, 33.0, 33.0, 33.0, 33.0, 33.0, 33.0, 33.0, 33.0, 33.0, 33.0, 33.0, 33.0, 33.0, 33.0, 33.0, 33.0, 33.0, 33.0, 33.0, 33.0, 33.0, 33.0, 33.0, 33.0, 33.0, 33.0, 33.0, 33.0, 33.0, 33.0, 33.0, 33.0, 33.0, 33.0, 33.0, 33.0, 33.0, 33.0, 33.0, 33.0, 33.0, 33.0, 33.0, 33.0, 33.0, 33.0, 33.0, 33.0, 33.0, 33.0, 33.0, 33.0, 33.0, 33.0, 33.0, 33.0, 33.0, 33.0, 33.0, 33.0, 33.0, 33.0, 33.0, 33.0, 33.0, 33.0, 33.0, 33.0, 33.0, 33.0, 33.0, 33.0, 33.0, 33.0, 33.0, 33.0, 33.0, 33.0, 33.0, 33.0, 33.0, 33.0, 33.0, 33.0, 33.0, 33.0, 33.0, 33.0, 33.0, 33.0, 33.0, 33.0, 33.0, 33.0, 33.0, 33.0, 33.0, 33.0, 33.0, 33.0, 33.0, 33.0, 33.0, 33.0, 33.0, 33.0, 33.0, 33.0, 33.0, 33.0, 33.0, 33.0, 33.0, 33.0, 33.0, 33.0, 33.0, 33.0, 33.0, 33.0, 33.0, 33.0, 33.0, 33.0, 33.0, 33.0, 33.0, 33.0, 33.0, 33.0, 33.0, 33.0, 33.0, 33.0, 33.0, 33.0, 33.0, 33.0, 33.0, 33.0, 33.0, 33.0, 33.0, 33.0, 33.0, 33.0, 33.0, 33.0, 33.0, 33.0, 33.0, 33.0, 33.0, 33.0, 33.0, 33.0, 33.0, 33.0, 33.0, 33.0, 33.0, 33.0, 33.0, 33.0, 33.0, 33.0, 33.0, 33.0, 33.0, 33.0, 33.0, 33.0, 33.0, 33.0, 33.0, 33.0, 33.0, 33.0, 33.0, 33.0, 33.0, 33.0, 33.0, 33.0, 33.0, 33.0, 33.0, 33.0, 33.0, 33.0, 33.0, 33.0, 33.0, 33.0, 33.0, 33.0, 33.0, 33.0, 33.0, 32.0, 32.0, 32.0, 32.0, 32.0, 32.0, 32.0, 32.0, 32.0, 32.0, 31.0, 31.0, 30.0, 30.0, 30.0, 30.0, 30.0, 29.0, 28.0, 28.0, 28.0, 27.0, 27.0, 26.0, 26.0, 26.0, 25.0, 25.0, 25.0, 25.0, 24.0, 24.0, 24.0, 24.0, 23.0, 23.0, 23.0, 23.0, 23.0, 23.0, 23.0, 23.0, 23.0, 23.0, 23.0, 23.0, 23.0, 23.0, 23.0, 23.0, 23.0, 23.0, 23.0, 23.0, 23.0, 23.0, 23.0, 23.0, 23.0, 23.0, 23.0, 23.0, 23.0, 23.0, 22.0, 22.0, 22.0, 22.0, 22.0, 22.0, 22.0, 22.0, 22.0, 22.0, 22.0, 22.0, 22.0, 22.0, 22.0, 22.0, 22.0, 22.0, 22.0, 22.0]",COMPLETE
