,number,value,datetime_start,datetime_complete,duration,params_batch_size_scaler,params_constant_learning_rate,params_depth,params_epochs,params_kernel_l2,params_num_trees,params_temperature,user_attrs_accuracy_test,user_attrs_accuracy_valid,user_attrs_approximate_feature_sparsity,user_attrs_approximate_feature_sparsity_history,user_attrs_approximate_weight_sparsity,user_attrs_approximate_weight_sparsity_history,user_attrs_auc_test,user_attrs_auc_valid,user_attrs_feature_sparsity,user_attrs_feature_sparsity_history,user_attrs_num_epochs,user_attrs_val_loss_history,user_attrs_weight_sparsity,user_attrs_weight_sparsity_history,state
17,17,0.5,2024-08-31 01:08:16.381810,2024-08-31 01:16:06.491543,0 days 00:07:50.109733,1,2.4048783359009342,3,465,0.1297905897383722,23,0.0001245996403029679,0.859,0.85875,0,"[32, 12, 11, 7, 6, 6, 6, 6, 5, 5, 3, 2, 2, 2, 0, 0, 0, 0, 0, 0, 0, 0, 0, 0, 0, 0, 0, 0, 0, 0, 0, 0, 0, 0, 0, 0, 0, 0, 0, 0, 0, 0, 0, 0, 0, 0, 0, 0, 0, 0, 0, 0, 0, 0, 0, 0, 0, 0, 0, 0, 0, 0, 0, 0, 0, 0, 0, 0, 0, 0, 0, 0, 0, 0, 0, 0, 0, 0, 0, 0, 0, 0, 0, 0, 0, 0, 0, 0, 0, 0, 0, 0, 0, 0, 0, 0, 0, 0, 0, 0, 0, 0, 0, 0, 0, 0, 0, 0, 0, 0, 0, 0, 0, 0, 0, 0, 0, 0, 0, 0, 0, 0, 0, 0, 0, 0, 0, 0, 0, 0, 0, 0, 0, 0, 0, 0, 0, 0, 0, 0, 0, 0, 0, 0, 0, 0, 0, 0, 0, 0, 0, 0, 0, 0, 0, 0, 0, 0, 0, 0, 0, 0, 0, 0, 0, 0, 0, 0, 0, 0, 0, 0, 0, 0, 0, 0, 0, 0, 0, 0, 0, 0, 0, 0, 0, 0, 0, 0, 0, 0, 0, 0, 0, 0, 0, 0, 0, 0, 0, 0, 0, 0, 0, 0, 0, 0, 0, 0, 0, 0, 0, 0, 0, 0, 0, 0, 0, 0, 0, 0, 0, 0, 0, 0, 0, 0, 0, 0, 0, 0, 0, 0, 0, 0, 0, 0, 0, 0, 0, 0, 0, 0, 0, 0, 0, 0, 0, 0, 0, 0, 0, 0, 0, 0, 0, 0, 0, 0, 0, 0, 0, 0, 0, 0, 0, 0, 0, 0, 0, 0, 0, 0, 0, 0, 0, 0, 0, 0, 0, 0, 0, 0, 0, 0, 0, 0, 0, 0, 0, 0, 0, 0, 0, 0, 0, 0, 0, 0, 0, 0, 0, 0, 0, 0, 0, 0, 0, 0, 0, 0, 0, 0, 0, 0, 0, 0, 0, 0, 0, 0, 0, 0, 0, 0, 0, 0, 0, 0, 0, 0, 0, 0, 0, 0, 0, 0, 0, 0, 0, 0, 0, 0, 0, 0, 0, 0, 0, 0, 0, 0, 0, 0, 0, 0, 0, 0, 0, 0, 0, 0, 0, 0, 0, 0, 0, 0, 0, 0, 0, 0, 0, 0, 0, 0, 0, 0, 0, 0, 0, 0, 0, 0, 0, 0, 0, 0, 0, 0, 0, 0, 0, 0, 0, 0, 0, 0, 0, 0, 0, 0, 0, 0, 0, 0, 0, 0, 0, 0, 0, 0, 0, 0, 0, 0, 0, 0, 0, 0, 0, 0, 0, 0, 0, 0, 0, 0, 0, 0, 0, 0, 0, 0, 0, 0, 0, 0, 0, 0, 0, 0, 0, 0, 0, 0, 0, 0, 0, 0, 0, 0, 0, 0, 0, 0, 0, 0, 0, 0, 0, 0, 0, 0, 0, 0, 0]",0.0,"[31.956521739130437, 11.987577639751553, 10.993788819875776, 7.0, 6.0, 5.987577639751553, 5.987577639751553, 5.9937888198757765, 5.0, 4.9937888198757765, 2.987577639751553, 2.0, 2.0, 2.0, 0.0, 0.0, 0.0, 0.0, 0.0, 0.0, 0.0, 0.0, 0.0, 0.0, 0.0, 0.0, 0.0, 0.0, 0.0, 0.0, 0.0, 0.0, 0.0, 0.0, 0.0, 0.0, 0.0, 0.0, 0.0, 0.0, 0.0, 0.0, 0.0, 0.0, 0.0, 0.0, 0.0, 0.0, 0.0, 0.0, 0.0, 0.0, 0.0, 0.0, 0.0, 0.0, 0.0, 0.0, 0.0, 0.0, 0.0, 0.0, 0.0, 0.0, 0.0, 0.0, 0.0, 0.0, 0.0, 0.0, 0.0, 0.0, 0.0, 0.0, 0.0, 0.0, 0.0, 0.0, 0.0, 0.0, 0.0, 0.0, 0.0, 0.0, 0.0, 0.0, 0.0, 0.0, 0.0, 0.0, 0.0, 0.0, 0.0, 0.0, 0.0, 0.0, 0.0, 0.0, 0.0, 0.0, 0.0, 0.0, 0.0, 0.0, 0.0, 0.0, 0.0, 0.0, 0.0, 0.0, 0.0, 0.0, 0.0, 0.0, 0.0, 0.0, 0.0, 0.0, 0.0, 0.0, 0.0, 0.0, 0.0, 0.0, 0.0, 0.0, 0.0, 0.0, 0.0, 0.0, 0.0, 0.0, 0.0, 0.0, 0.0, 0.0, 0.0, 0.0, 0.0, 0.0, 0.0, 0.0, 0.0, 0.0, 0.0, 0.0, 0.0, 0.0, 0.0, 0.0, 0.0, 0.0, 0.0, 0.0, 0.0, 0.0, 0.0, 0.0, 0.0, 0.0, 0.0, 0.0, 0.0, 0.0, 0.0, 0.0, 0.0, 0.0, 0.0, 0.0, 0.0, 0.0, 0.0, 0.0, 0.0, 0.0, 0.0, 0.0, 0.0, 0.0, 0.0, 0.0, 0.0, 0.0, 0.0, 0.0, 0.0, 0.0, 0.0, 0.0, 0.0, 0.0, 0.0, 0.0, 0.0, 0.0, 0.0, 0.0, 0.0, 0.0, 0.0, 0.0, 0.0, 0.0, 0.0, 0.0, 0.0, 0.0, 0.0, 0.0, 0.0, 0.0, 0.0, 0.0, 0.0, 0.0, 0.0, 0.0, 0.0, 0.0, 0.0, 0.0, 0.0, 0.0, 0.0, 0.0, 0.0, 0.0, 0.0, 0.0, 0.0, 0.0, 0.0, 0.0, 0.0, 0.0, 0.0, 0.0, 0.0, 0.0, 0.0, 0.0, 0.0, 0.0, 0.0, 0.0, 0.0, 0.0, 0.0, 0.0, 0.0, 0.0, 0.0, 0.0, 0.0, 0.0, 0.0, 0.0, 0.0, 0.0, 0.0, 0.0, 0.0, 0.0, 0.0, 0.0, 0.0, 0.0, 0.0, 0.0, 0.0, 0.0, 0.0, 0.0, 0.0, 0.0, 0.0, 0.0, 0.0, 0.0, 0.0, 0.0, 0.0, 0.0, 0.0, 0.0, 0.0, 0.0, 0.0, 0.0, 0.0, 0.0, 0.0, 0.0, 0.0, 0.0, 0.0, 0.0, 0.0, 0.0, 0.0, 0.0, 0.0, 0.0, 0.0, 0.0, 0.0, 0.0, 0.0, 0.0, 0.0, 0.0, 0.0, 0.0, 0.0, 0.0, 0.0, 0.0, 0.0, 0.0, 0.0, 0.0, 0.0, 0.0, 0.0, 0.0, 0.0, 0.0, 0.0, 0.0, 0.0, 0.0, 0.0, 0.0, 0.0, 0.0, 0.0, 0.0, 0.0, 0.0, 0.0, 0.0, 0.0, 0.0, 0.0, 0.0, 0.0, 0.0, 0.0, 0.0, 0.0, 0.0, 0.0, 0.0, 0.0, 0.0, 0.0, 0.0, 0.0, 0.0, 0.0, 0.0, 0.0, 0.0, 0.0, 0.0, 0.0, 0.0, 0.0, 0.0, 0.0, 0.0, 0.0, 0.0, 0.0, 0.0, 0.0, 0.0, 0.0, 0.0, 0.0, 0.0, 0.0, 0.0, 0.0, 0.0, 0.0, 0.0, 0.0, 0.0, 0.0, 0.0, 0.0, 0.0, 0.0, 0.0, 0.0, 0.0, 0.0, 0.0, 0.0, 0.0, 0.0, 0.0, 0.0, 0.0, 0.0, 0.0, 0.0, 0.0, 0.0, 0.0, 0.0, 0.0, 0.0, 0.0, 0.0, 0.0, 0.0, 0.0, 0.0, 0.0, 0.0, 0.0, 0.0, 0.0, 0.0, 0.0, 0.0, 0.0, 0.0, 0.0, 0.0, 0.0, 0.0, 0.0, 0.0, 0.0, 0.0, 0.0, 0.0, 0.0, 0.0, 0.0, 0.0, 0.0, 0.0, 0.0, 0.0, 0.0, 0.0, 0.0, 0.0, 0.0, 0.0, 0.0, 0.0, 0.0, 0.0, 0.0, 0.0, 0.0, 0.0, 0.0, 0.0]",0.5,0.5,0,"[32, 12, 11, 7, 6, 6, 6, 6, 5, 5, 3, 2, 2, 2, 0, 0, 0, 0, 0, 0, 0, 0, 0, 0, 0, 0, 0, 0, 0, 0, 0, 0, 0, 0, 0, 0, 0, 0, 0, 0, 0, 0, 0, 0, 0, 0, 0, 0, 0, 0, 0, 0, 0, 0, 0, 0, 0, 0, 0, 0, 0, 0, 0, 0, 0, 0, 0, 0, 0, 0, 0, 0, 0, 0, 0, 0, 0, 0, 0, 0, 0, 0, 0, 0, 0, 0, 0, 0, 0, 0, 0, 0, 0, 0, 0, 0, 0, 0, 0, 0, 0, 0, 0, 0, 0, 0, 0, 0, 0, 0, 0, 0, 0, 0, 0, 0, 0, 0, 0, 0, 0, 0, 0, 0, 0, 0, 0, 0, 0, 0, 0, 0, 0, 0, 0, 0, 0, 0, 0, 0, 0, 0, 0, 0, 0, 0, 0, 0, 0, 0, 0, 0, 0, 0, 0, 0, 0, 0, 0, 0, 0, 0, 0, 0, 0, 0, 0, 0, 0, 0, 0, 0, 0, 0, 0, 0, 0, 0, 0, 0, 0, 0, 0, 0, 0, 0, 0, 0, 0, 0, 0, 0, 0, 0, 0, 0, 0, 0, 0, 0, 0, 0, 0, 0, 0, 0, 0, 0, 0, 0, 0, 0, 0, 0, 0, 0, 0, 0, 0, 0, 0, 0, 0, 0, 0, 0, 0, 0, 0, 0, 0, 0, 0, 0, 0, 0, 0, 0, 0, 0, 0, 0, 0, 0, 0, 0, 0, 0, 0, 0, 0, 0, 0, 0, 0, 0, 0, 0, 0, 0, 0, 0, 0, 0, 0, 0, 0, 0, 0, 0, 0, 0, 0, 0, 0, 0, 0, 0, 0, 0, 0, 0, 0, 0, 0, 0, 0, 0, 0, 0, 0, 0, 0, 0, 0, 0, 0, 0, 0, 0, 0, 0, 0, 0, 0, 0, 0, 0, 0, 0, 0, 0, 0, 0, 0, 0, 0, 0, 0, 0, 0, 0, 0, 0, 0, 0, 0, 0, 0, 0, 0, 0, 0, 0, 0, 0, 0, 0, 0, 0, 0, 0, 0, 0, 0, 0, 0, 0, 0, 0, 0, 0, 0, 0, 0, 0, 0, 0, 0, 0, 0, 0, 0, 0, 0, 0, 0, 0, 0, 0, 0, 0, 0, 0, 0, 0, 0, 0, 0, 0, 0, 0, 0, 0, 0, 0, 0, 0, 0, 0, 0, 0, 0, 0, 0, 0, 0, 0, 0, 0, 0, 0, 0, 0, 0, 0, 0, 0, 0, 0, 0, 0, 0, 0, 0, 0, 0, 0, 0, 0, 0, 0, 0, 0, 0, 0, 0, 0, 0, 0, 0, 0, 0, 0, 0, 0, 0, 0, 0, 0, 0, 0, 0, 0, 0, 0, 0, 0, 0, 0, 0, 0, 0, 0, 0, 0, 0, 0, 0, 0, 0, 0, 0, 0, 0]",465,"[0.382343590259552, 0.3663623332977295, 0.4971418082714081, 0.5174283385276794, 0.314935564994812, 0.42330703139305115, 0.449748694896698, 0.3333183228969574, 0.4486711621284485, 0.4009050130844116, 0.5330190062522888, 0.5020133852958679, 0.3855399787425995, 1.251495361328125, 0.4101891815662384, 0.4088519215583801, 0.48547881841659546, 0.7308228015899658, 0.5742371082305908, 0.41383251547813416, 1.2510243654251099, 0.4926231801509857, 0.6900617480278015, 1.6149250268936157, 0.46488258242607117, 0.455842524766922, 0.4145340621471405, 0.6431072950363159, 0.4073670208454132, 0.41850149631500244, 0.44715750217437744, 0.41215798258781433, 0.4185018837451935, 0.47571057081222534, 0.723278820514679, 0.7478177547454834, 0.6478772163391113, 0.4468943476676941, 1.0361778736114502, 0.4509662687778473, 0.45496127009391785, 0.4073342978954315, 0.41150471568107605, 0.7795524597167969, 0.40736088156700134, 0.4083663523197174, 0.448739230632782, 0.5359015464782715, 0.6362965703010559, 0.568143367767334, 0.42363572120666504, 0.45299088954925537, 0.6174330711364746, 0.43858641386032104, 0.4600282907485962, 0.47087788581848145, 0.41004621982574463, 0.5914278626441956, 0.4528886377811432, 0.4677073359489441, 0.5332846641540527, 0.5073403120040894, 0.423616498708725, 0.4575901925563812, 0.9747270345687866, 0.45188456773757935, 0.6079078912734985, 0.8125681281089783, 0.4098486006259918, 0.45970970392227173, 0.4929922819137573, 0.4138694107532501, 0.40725186467170715, 0.46036380529403687, 0.45438438653945923, 0.9723806977272034, 0.4510938227176666, 0.44865235686302185, 0.44703909754753113, 0.6154612898826599, 0.40943393111228943, 0.46724411845207214, 0.5461554527282715, 0.4259912371635437, 0.40731281042099, 0.4486168622970581, 0.8031083941459656, 0.44673606753349304, 0.4602074921131134, 0.4474620521068573, 0.6310305595397949, 0.4475509524345398, 0.4088735580444336, 0.44945284724235535, 0.8622865080833435, 0.653374195098877, 1.0303555727005005, 0.4072403609752655, 0.41995948553085327, 0.5991744995117188, 0.4578213095664978, 0.5634621381759644, 0.6510989665985107, 0.9006420969963074, 0.6798392534255981, 0.41963428258895874, 0.40736469626426697, 0.6337849497795105, 0.40730607509613037, 0.5843253135681152, 0.6397831439971924, 0.407790869474411, 0.727103590965271, 0.4999229311943054, 0.4540769159793854, 0.4073311984539032, 0.40877270698547363, 0.6547464728355408, 0.407959520816803, 0.4312532842159271, 0.649064838886261, 0.622160017490387, 0.7410123944282532, 0.4073420464992523, 0.5794187784194946, 0.40745192766189575, 0.44520434737205505, 0.445288747549057, 0.40731650590896606, 0.6046050786972046, 0.5930739045143127, 0.4481916129589081, 0.5664359927177429, 0.5341900587081909, 0.42620980739593506, 0.41493141651153564, 0.40878650546073914, 0.44044795632362366, 0.439258873462677, 0.8252977728843689, 0.45278701186180115, 0.47278472781181335, 0.47905346751213074, 0.5161134600639343, 0.5247762799263, 0.9033322334289551, 0.4091731607913971, 0.44732505083084106, 0.4072283208370209, 0.45055821537971497, 0.4086305499076843, 0.446379154920578, 0.4259311556816101, 1.036691427230835, 0.40738028287887573, 0.6197683811187744, 0.4083734154701233, 0.9858649969100952, 0.4510728418827057, 0.44765472412109375, 0.4830721616744995, 0.4340972900390625, 0.41181930899620056, 0.44836169481277466, 0.5690881609916687, 0.41068336367607117, 0.4094330072402954, 0.7076824903488159, 0.4439833164215088, 0.5575897097587585, 0.40731772780418396, 1.2148617506027222, 0.44992324709892273, 0.4486589729785919, 0.4574641287326813, 0.4573436975479126, 0.9171147346496582, 0.7964935302734375, 0.4512965679168701, 0.8542529940605164, 1.0723587274551392, 0.4536324739456177, 0.4074724614620209, 0.4599536657333374, 0.4073564112186432, 0.409313440322876, 0.4576038122177124, 0.4623296856880188, 0.40755465626716614, 0.4075886905193329, 0.6353640556335449, 0.45953577756881714, 0.700156569480896, 0.7125468254089355, 0.5555981993675232, 0.44526973366737366, 0.4097508192062378, 0.45633751153945923, 0.4364659786224365, 0.4091968834400177, 0.7974543571472168, 0.5660215616226196, 1.5076957941055298, 0.657371997833252, 0.4495987594127655, 0.5032311081886292, 0.46057090163230896, 0.4535256624221802, 1.0982869863510132, 0.46028435230255127, 0.4094873070716858, 0.44718727469444275, 0.4808386564254761, 0.40799060463905334, 0.5008646249771118, 0.4553895592689514, 0.42846956849098206, 0.458540678024292, 0.45635849237442017, 0.5079942941665649, 0.9451828598976135, 0.5360527634620667, 0.4582195580005646, 0.44269832968711853, 0.6519775390625, 0.40805861353874207, 0.48535311222076416, 1.0224549770355225, 0.4355383813381195, 0.42405396699905396, 0.40741097927093506, 1.070451021194458, 0.6189669966697693, 0.5418102741241455, 0.40788066387176514, 0.4921828806400299, 0.46010616421699524, 0.5439674258232117, 0.4668373167514801, 0.564386785030365, 0.4073106050491333, 0.5296052098274231, 0.5531305074691772, 0.7368242740631104, 0.5143881440162659, 0.4366243779659271, 0.6446277499198914, 0.43389105796813965, 0.8337295055389404, 0.40907829999923706, 0.45667359232902527, 0.43963801860809326, 0.5957658886909485, 0.6574663519859314, 0.45683062076568604, 0.5759668946266174, 0.5464916229248047, 0.40726256370544434, 0.4072530269622803, 0.45446616411209106, 0.43706023693084717, 0.6459339261054993, 0.47659188508987427, 0.4538611173629761, 0.5389266014099121, 0.716352641582489, 0.9718220233917236, 0.4079435467720032, 0.4451482892036438, 0.44903767108917236, 0.4713510274887085, 0.40789005160331726, 1.134122371673584, 0.5977899432182312, 1.0016276836395264, 0.41266873478889465, 0.5419012904167175, 0.5120783448219299, 0.6510897278785706, 0.40811026096343994, 0.5717234015464783, 0.41020095348358154, 0.5322087407112122, 0.4560973644256592, 0.42190906405448914, 0.40848979353904724, 0.6570982933044434, 0.45608383417129517, 0.4177186191082001, 0.4330650269985199, 0.40738531947135925, 0.46906334161758423, 0.9290920495986938, 0.7226540446281433, 0.43374139070510864, 0.4111572206020355, 0.5501964688301086, 0.48785606026649475, 0.4513704180717468, 0.5853930711746216, 0.5063561201095581, 0.8561242818832397, 0.5034032464027405, 1.0317493677139282, 0.41146713495254517, 0.4406386613845825, 0.9764911532402039, 0.44377297163009644, 0.4478383958339691, 0.5204477906227112, 0.4549717605113983, 0.4177479147911072, 0.4471036195755005, 0.49516183137893677, 0.4948945939540863, 0.47570565342903137, 0.4683654308319092, 0.441120982170105, 0.44877228140830994, 0.5997143387794495, 0.48368483781814575, 0.44886699318885803, 0.4072505235671997, 0.6534560918807983, 0.447330504655838, 0.7580981254577637, 1.028571367263794, 0.5675485730171204, 0.5692864060401917, 0.5297598838806152, 0.5634738802909851, 0.4558407664299011, 0.7754062414169312, 0.5825138092041016, 0.6037448644638062, 0.4073323905467987, 0.4744776487350464, 0.46690329909324646, 0.6570490002632141, 0.5299675464630127, 0.4803953468799591, 0.47601553797721863, 0.4123861789703369, 0.4171670079231262, 0.4162786900997162, 0.40877392888069153, 0.45140278339385986, 0.5521317720413208, 0.6475608944892883, 0.4072904884815216, 0.9156776666641235, 0.4539857804775238, 0.9156500101089478, 0.42685550451278687, 0.48206081986427307, 0.7935382723808289, 0.4497390687465668, 0.7990185022354126, 0.46809282898902893, 0.48816215991973877, 0.4747905731201172, 0.5853539109230042, 0.4180407226085663, 0.8527799248695374, 0.5735588669776917, 0.4601588547229767, 0.49042823910713196, 0.41870418190956116, 0.41497886180877686, 0.5659231543540955, 0.5500404238700867, 0.4563311040401459, 1.5835095643997192, 0.6136158108711243, 0.4072408378124237, 0.44699496030807495, 0.4072779715061188, 0.40729793906211853, 0.4407476782798767, 0.45831310749053955, 0.5462108850479126, 1.158197283744812, 0.40742993354797363, 0.41022855043411255, 0.4524640738964081, 0.5793617367744446, 0.41146740317344666, 0.451964408159256, 0.5470459461212158, 0.4073638916015625, 0.47435200214385986, 0.4088878631591797, 0.4195704162120819, 0.6832760572433472, 0.4217609167098999, 0.519822359085083, 0.5366884469985962, 0.5673179030418396, 0.4539826214313507, 0.9146512746810913, 0.44806259870529175, 0.4390278160572052, 0.4471820890903473, 0.4906451404094696, 0.4109702706336975, 0.5231184959411621, 0.4072408676147461, 0.7049059271812439, 0.5333702564239502, 0.532913863658905, 0.716900646686554, 0.6331358551979065, 0.44181400537490845, 0.6251203417778015, 0.8224529027938843, 0.8205052018165588, 0.4398524761199951, 0.6776984930038452, 0.6470838785171509, 0.40821683406829834, 0.545754611492157, 0.4100055992603302, 0.620330274105072, 0.40996846556663513, 0.4530368745326996, 0.532268762588501, 0.40863633155822754, 0.4953027665615082, 0.4453532099723816, 0.4496084153652191, 0.4484044909477234, 0.7058035135269165, 0.5434432625770569, 0.45988795161247253, 0.569871723651886, 0.6611450910568237, 0.8183668255805969, 0.5372850298881531, 0.408208429813385, 0.6035946011543274, 0.6301846504211426, 0.4078890085220337, 0.4493512213230133, 0.4078342318534851, 0.4073151648044586, 0.4628804922103882, 0.4282301664352417, 0.4737851321697235, 0.42077094316482544, 0.9781976938247681, 0.4122062623500824, 0.4076027572154999, 0.4473315477371216, 0.40730613470077515, 0.45021095871925354, 0.7554695010185242, 0.40836670994758606, 0.6608532071113586, 0.5731049180030823, 0.4157181680202484, 0.4510728120803833, 0.42801880836486816, 0.5954321622848511, 0.8147125840187073, 0.5845967531204224]",0.0,"[32.0, 12.0, 11.0, 7.0, 6.0, 6.0, 6.0, 6.0, 5.0, 5.0, 3.0, 2.0, 2.0, 2.0, 0.0, 0.0, 0.0, 0.0, 0.0, 0.0, 0.0, 0.0, 0.0, 0.0, 0.0, 0.0, 0.0, 0.0, 0.0, 0.0, 0.0, 0.0, 0.0, 0.0, 0.0, 0.0, 0.0, 0.0, 0.0, 0.0, 0.0, 0.0, 0.0, 0.0, 0.0, 0.0, 0.0, 0.0, 0.0, 0.0, 0.0, 0.0, 0.0, 0.0, 0.0, 0.0, 0.0, 0.0, 0.0, 0.0, 0.0, 0.0, 0.0, 0.0, 0.0, 0.0, 0.0, 0.0, 0.0, 0.0, 0.0, 0.0, 0.0, 0.0, 0.0, 0.0, 0.0, 0.0, 0.0, 0.0, 0.0, 0.0, 0.0, 0.0, 0.0, 0.0, 0.0, 0.0, 0.0, 0.0, 0.0, 0.0, 0.0, 0.0, 0.0, 0.0, 0.0, 0.0, 0.0, 0.0, 0.0, 0.0, 0.0, 0.0, 0.0, 0.0, 0.0, 0.0, 0.0, 0.0, 0.0, 0.0, 0.0, 0.0, 0.0, 0.0, 0.0, 0.0, 0.0, 0.0, 0.0, 0.0, 0.0, 0.0, 0.0, 0.0, 0.0, 0.0, 0.0, 0.0, 0.0, 0.0, 0.0, 0.0, 0.0, 0.0, 0.0, 0.0, 0.0, 0.0, 0.0, 0.0, 0.0, 0.0, 0.0, 0.0, 0.0, 0.0, 0.0, 0.0, 0.0, 0.0, 0.0, 0.0, 0.0, 0.0, 0.0, 0.0, 0.0, 0.0, 0.0, 0.0, 0.0, 0.0, 0.0, 0.0, 0.0, 0.0, 0.0, 0.0, 0.0, 0.0, 0.0, 0.0, 0.0, 0.0, 0.0, 0.0, 0.0, 0.0, 0.0, 0.0, 0.0, 0.0, 0.0, 0.0, 0.0, 0.0, 0.0, 0.0, 0.0, 0.0, 0.0, 0.0, 0.0, 0.0, 0.0, 0.0, 0.0, 0.0, 0.0, 0.0, 0.0, 0.0, 0.0, 0.0, 0.0, 0.0, 0.0, 0.0, 0.0, 0.0, 0.0, 0.0, 0.0, 0.0, 0.0, 0.0, 0.0, 0.0, 0.0, 0.0, 0.0, 0.0, 0.0, 0.0, 0.0, 0.0, 0.0, 0.0, 0.0, 0.0, 0.0, 0.0, 0.0, 0.0, 0.0, 0.0, 0.0, 0.0, 0.0, 0.0, 0.0, 0.0, 0.0, 0.0, 0.0, 0.0, 0.0, 0.0, 0.0, 0.0, 0.0, 0.0, 0.0, 0.0, 0.0, 0.0, 0.0, 0.0, 0.0, 0.0, 0.0, 0.0, 0.0, 0.0, 0.0, 0.0, 0.0, 0.0, 0.0, 0.0, 0.0, 0.0, 0.0, 0.0, 0.0, 0.0, 0.0, 0.0, 0.0, 0.0, 0.0, 0.0, 0.0, 0.0, 0.0, 0.0, 0.0, 0.0, 0.0, 0.0, 0.0, 0.0, 0.0, 0.0, 0.0, 0.0, 0.0, 0.0, 0.0, 0.0, 0.0, 0.0, 0.0, 0.0, 0.0, 0.0, 0.0, 0.0, 0.0, 0.0, 0.0, 0.0, 0.0, 0.0, 0.0, 0.0, 0.0, 0.0, 0.0, 0.0, 0.0, 0.0, 0.0, 0.0, 0.0, 0.0, 0.0, 0.0, 0.0, 0.0, 0.0, 0.0, 0.0, 0.0, 0.0, 0.0, 0.0, 0.0, 0.0, 0.0, 0.0, 0.0, 0.0, 0.0, 0.0, 0.0, 0.0, 0.0, 0.0, 0.0, 0.0, 0.0, 0.0, 0.0, 0.0, 0.0, 0.0, 0.0, 0.0, 0.0, 0.0, 0.0, 0.0, 0.0, 0.0, 0.0, 0.0, 0.0, 0.0, 0.0, 0.0, 0.0, 0.0, 0.0, 0.0, 0.0, 0.0, 0.0, 0.0, 0.0, 0.0, 0.0, 0.0, 0.0, 0.0, 0.0, 0.0, 0.0, 0.0, 0.0, 0.0, 0.0, 0.0, 0.0, 0.0, 0.0, 0.0, 0.0, 0.0, 0.0, 0.0, 0.0, 0.0, 0.0, 0.0, 0.0, 0.0, 0.0, 0.0, 0.0, 0.0, 0.0, 0.0, 0.0, 0.0, 0.0, 0.0, 0.0, 0.0, 0.0, 0.0, 0.0, 0.0, 0.0, 0.0, 0.0, 0.0, 0.0, 0.0, 0.0, 0.0, 0.0, 0.0, 0.0, 0.0, 0.0, 0.0, 0.0, 0.0, 0.0, 0.0, 0.0, 0.0, 0.0, 0.0, 0.0, 0.0, 0.0, 0.0, 0.0, 0.0, 0.0, 0.0, 0.0, 0.0, 0.0, 0.0, 0.0, 0.0, 0.0, 0.0, 0.0, 0.0]",COMPLETE
