,number,value,datetime_start,datetime_complete,duration,params_batch_size_scaler,params_constant_learning_rate,params_depth,params_epochs,params_kernel_l2,params_num_trees,params_temperature,user_attrs_accuracy_test,user_attrs_accuracy_valid,user_attrs_approximate_feature_sparsity,user_attrs_approximate_feature_sparsity_history,user_attrs_approximate_weight_sparsity,user_attrs_approximate_weight_sparsity_history,user_attrs_auc_test,user_attrs_auc_valid,user_attrs_feature_sparsity,user_attrs_feature_sparsity_history,user_attrs_num_epochs,user_attrs_val_loss_history,user_attrs_weight_sparsity,user_attrs_weight_sparsity_history,state
48,48,0.7321430871687855,2024-08-31 02:29:38.384734,2024-08-31 02:30:35.480836,0 days 00:00:57.096102,64,0.024766690981938008,3,450,0.8005418037219179,61,0.004371743822270891,0.871,0.86875,33,"[33, 33, 33, 33, 33, 33, 33, 33, 33, 33, 33, 33, 33, 33, 33, 33, 33, 33, 33, 33, 33, 33, 33, 33, 33, 33, 33, 33, 33, 33, 33, 33, 33, 33, 33, 33, 33, 33, 33, 33, 33, 33, 33, 33, 33, 33, 33, 33, 33, 33, 33, 33, 33, 33, 33, 33, 33, 33, 33, 33, 33, 33, 33, 33, 33, 33, 33, 33, 33, 33, 33, 33, 33, 33, 33, 33, 33, 33, 33, 33, 33, 33, 33, 33, 33, 33, 33, 33, 33, 33, 33, 33, 33, 33, 33, 33, 33, 33, 33, 33, 33, 33, 33, 33, 33, 33, 33, 33, 33, 33, 33, 33, 33, 33, 33, 33, 33, 33, 33, 33, 33, 33, 33, 33, 33, 33, 33, 33, 33, 33, 33, 33, 33, 33, 33, 33, 33, 33, 33, 33, 33, 33, 33, 33, 33, 33, 33, 33, 33, 33, 33, 33, 33, 33, 33, 33, 33, 33, 33, 33, 33, 33, 33, 33, 33, 33, 33, 33, 33, 33, 33, 33, 33, 33, 33, 33, 33, 33, 33, 33, 33, 33, 33, 33, 33, 33, 33, 33, 33, 33, 33, 33, 33, 33, 33, 33, 33, 33, 33, 33, 33, 33, 33, 33, 33, 33, 33, 33, 33, 33, 33, 33, 33, 33, 33, 33, 33, 33, 33, 33, 33, 33, 33, 33, 33, 33, 33, 33, 33, 33, 33, 33, 33, 33, 33, 33, 33, 33, 33, 33, 33, 33, 33, 33, 33, 33, 33, 33, 33, 33, 33, 33, 33, 33, 33, 33, 33, 33, 33, 33, 33, 33, 33, 33, 33, 33, 33, 33, 33, 33, 33, 33, 33, 33, 33, 33, 33, 33, 33, 33, 33, 33, 33, 33, 33, 33, 33, 33, 33, 33, 33, 33, 33, 33, 33, 33, 33, 33, 33, 33, 33, 33, 33, 33, 33, 33, 33, 33, 33, 33, 33, 33, 33, 33, 33, 33, 33, 33, 33, 33, 33, 33, 33, 33, 33, 33, 33, 33, 33, 33, 33, 33, 33, 33, 33, 33, 33, 33, 33, 33, 33, 33, 33, 33, 33, 33, 33, 33, 33, 33, 33, 33, 33, 33, 33, 33, 33, 33, 33, 33, 33, 33, 33, 33, 33, 33, 33, 33, 33, 33, 33, 33, 33, 33, 33, 33, 33, 33, 33, 33, 33, 33, 33, 33, 33, 33, 33, 33, 33, 33, 33, 33, 33, 33, 33, 33, 33, 33, 33, 33, 33, 33, 33, 33, 33, 33, 33, 33, 33, 33, 33, 33, 33, 33, 33, 33, 33, 33, 33, 33, 33, 33, 33, 33, 33, 33, 33, 33, 33, 33, 33, 33, 33, 33, 33, 33, 33, 33, 33, 33, 33, 33, 33, 33, 33, 33, 33, 33, 33, 33]",32.98126463700234,"[32.98126463700234, 32.985948477751755, 32.978922716627636, 32.978922716627636, 32.98360655737705, 32.98360655737705, 32.985948477751755, 32.978922716627636, 32.97423887587822, 32.98126463700234, 32.978922716627636, 32.976580796252925, 32.97423887587822, 32.967213114754095, 32.978922716627636, 32.978922716627636, 32.98126463700234, 32.98126463700234, 32.98126463700234, 32.985948477751755, 32.978922716627636, 32.98126463700234, 32.98360655737705, 32.978922716627636, 32.976580796252925, 32.976580796252925, 32.98360655737705, 32.985948477751755, 32.978922716627636, 32.97423887587822, 32.97423887587822, 32.976580796252925, 32.978922716627636, 32.976580796252925, 32.976580796252925, 32.97189695550351, 32.97189695550351, 32.97189695550351, 32.969555035128806, 32.96487119437939, 32.97189695550351, 32.969555035128806, 32.97189695550351, 32.976580796252925, 32.978922716627636, 32.976580796252925, 32.97189695550351, 32.969555035128806, 32.967213114754095, 32.969555035128806, 32.967213114754095, 32.96487119437939, 32.96252927400468, 32.96487119437939, 32.96252927400469, 32.9672131147541, 32.969555035128806, 32.97189695550351, 32.969555035128806, 32.97189695550352, 32.969555035128806, 32.9672131147541, 32.96487119437939, 32.96252927400468, 32.96487119437939, 32.960187353629976, 32.960187353629976, 32.95784543325527, 32.96252927400468, 32.964871194379384, 32.96252927400468, 32.96252927400468, 32.96252927400468, 32.960187353629976, 32.96252927400468, 32.97189695550351, 32.97189695550351, 32.974238875878214, 32.97189695550351, 32.97423887587822, 32.967213114754095, 32.969555035128806, 32.969555035128806, 32.97189695550351, 32.97189695550351, 32.97423887587822, 32.97423887587822, 32.97423887587822, 32.978922716627636, 32.978922716627636, 32.978922716627636, 32.976580796252925, 32.976580796252925, 32.978922716627636, 32.978922716627636, 32.974238875878214, 32.974238875878214, 32.976580796252925, 32.974238875878214, 32.976580796252925, 32.974238875878214, 32.974238875878214, 32.97189695550351, 32.969555035128806, 32.974238875878214, 32.976580796252925, 32.974238875878214, 32.969555035128806, 32.967213114754095, 32.967213114754095, 32.967213114754095, 32.97423887587822, 32.978922716627636, 32.983606557377044, 32.985948477751755, 32.988290398126466, 32.988290398126466, 32.983606557377044, 32.983606557377044, 32.988290398126466, 32.988290398126466, 32.988290398126466, 32.988290398126466, 32.988290398126466, 32.985948477751755, 32.98126463700234, 32.983606557377044, 32.978922716627636, 32.978922716627636, 32.978922716627636, 32.976580796252925, 32.969555035128806, 32.969555035128806, 32.97189695550351, 32.974238875878214, 32.969555035128806, 32.967213114754095, 32.969555035128806, 32.969555035128806, 32.974238875878214, 32.983606557377044, 32.98126463700234, 32.976580796252925, 32.98126463700234, 32.974238875878214, 32.97189695550351, 32.97189695550351, 32.97189695550351, 32.97189695550351, 32.97189695550351, 32.967213114754095, 32.96487119437939, 32.96252927400468, 32.960187353629976, 32.96252927400468, 32.96252927400468, 32.95550351288056, 32.95550351288056, 32.960187353629976, 32.96252927400468, 32.95550351288056, 32.94847775175644, 32.950819672131146, 32.95550351288056, 32.95316159250585, 32.957845433255265, 32.95550351288056, 32.95550351288056, 32.95784543325527, 32.950819672131146, 32.94847775175644, 32.94613583138173, 32.950819672131146, 32.94613583138173, 32.94847775175644, 32.94613583138173, 32.94847775175644, 32.95316159250585, 32.95550351288056, 32.95550351288056, 32.95784543325527, 32.95784543325527, 32.96252927400468, 32.96487119437939, 32.96487119437939, 32.96487119437939, 32.96252927400468, 32.960187353629976, 32.95550351288057, 32.95784543325527, 32.95784543325527, 32.960187353629976, 32.96252927400469, 32.96487119437939, 32.96252927400468, 32.96487119437939, 32.969555035128806, 32.969555035128806, 32.969555035128806, 32.97189695550351, 32.974238875878214, 32.97189695550351, 32.969555035128806, 32.969555035128806, 32.964871194379384, 32.967213114754095, 32.960187353629976, 32.96252927400468, 32.967213114754095, 32.969555035128806, 32.969555035128806, 32.967213114754095, 32.967213114754095, 32.96487119437939, 32.967213114754095, 32.969555035128806, 32.967213114754095, 32.969555035128806, 32.967213114754095, 32.967213114754095, 32.974238875878214, 32.976580796252925, 32.969555035128806, 32.967213114754095, 32.967213114754095, 32.967213114754095, 32.967213114754095, 32.967213114754095, 32.96487119437939, 32.960187353629976, 32.96487119437939, 32.969555035128806, 32.969555035128806, 32.967213114754095, 32.969555035128806, 32.96487119437939, 32.96487119437939, 32.960187353629976, 32.957845433255265, 32.96252927400468, 32.96252927400468, 32.96252927400468, 32.95550351288057, 32.950819672131146, 32.95550351288056, 32.950819672131146, 32.95550351288056, 32.95784543325527, 32.960187353629976, 32.95784543325527, 32.960187353629976, 32.95784543325527, 32.960187353629976, 32.95784543325527, 32.960187353629976, 32.95550351288056, 32.95550351288056, 32.960187353629976, 32.957845433255265, 32.95316159250586, 32.95316159250586, 32.95550351288057, 32.95784543325527, 32.95784543325527, 32.95784543325527, 32.95784543325527, 32.960187353629976, 32.960187353629976, 32.96487119437939, 32.96252927400469, 32.96487119437939, 32.9672131147541, 32.96252927400469, 32.96252927400469, 32.95784543325527, 32.95784543325527, 32.96252927400469, 32.96487119437939, 32.96487119437939, 32.96487119437939, 32.96487119437939, 32.969555035128806, 32.969555035128806, 32.96487119437939, 32.974238875878214, 32.96487119437939, 32.96487119437939, 32.96252927400469, 32.96252927400468, 32.96252927400468, 32.9672131147541, 32.96487119437939, 32.97423887587822, 32.976580796252925, 32.974238875878214, 32.97189695550351, 32.97189695550351, 32.974238875878214, 32.97189695550351, 32.974238875878214, 32.97189695550351, 32.967213114754095, 32.9672131147541, 32.960187353629976, 32.9672131147541, 32.96252927400468, 32.96252927400468, 32.960187353629976, 32.95316159250585, 32.95550351288056, 32.95316159250585, 32.95784543325527, 32.95550351288056, 32.95550351288056, 32.96252927400468, 32.96252927400468, 32.96252927400468, 32.95550351288056, 32.95550351288056, 32.960187353629976, 32.960187353629976, 32.969555035128806, 32.97189695550351, 32.969555035128806, 32.960187353629976, 32.96487119437939, 32.95316159250585, 32.94847775175644, 32.95316159250585, 32.960187353629976, 32.967213114754095, 32.969555035128806, 32.967213114754095, 32.969555035128806, 32.97189695550351, 32.969555035128806, 32.97189695550351, 32.969555035128806, 32.97189695550351, 32.969555035128806, 32.967213114754095, 32.969555035128806, 32.974238875878214, 32.974238875878214, 32.97189695550351, 32.97189695550351, 32.967213114754095, 32.97189695550351, 32.967213114754095, 32.969555035128806, 32.969555035128806, 32.97189695550351, 32.97189695550351, 32.976580796252925, 32.974238875878214, 32.969555035128806, 32.969555035128806, 32.969555035128806, 32.97423887587822, 32.97423887587822, 32.976580796252925, 32.97189695550351, 32.97189695550351, 32.978922716627636, 32.978922716627636, 32.978922716627636, 32.978922716627636, 32.978922716627636, 32.978922716627636, 32.978922716627636, 32.978922716627636, 32.976580796252925, 32.97189695550351, 32.97189695550351, 32.97189695550351, 32.97189695550351, 32.969555035128806, 32.967213114754095, 32.97423887587822, 32.978922716627636, 32.97423887587822, 32.97423887587822, 32.97189695550351, 32.97189695550351, 32.969555035128806, 32.969555035128806, 32.969555035128806, 32.976580796252925, 32.976580796252925, 32.976580796252925, 32.976580796252925, 32.976580796252925, 32.978922716627636, 32.98126463700234, 32.983606557377044, 32.985948477751755, 32.985948477751755, 32.983606557377044, 32.983606557377044, 32.978922716627636, 32.976580796252925, 32.974238875878214, 32.974238875878214, 32.974238875878214, 32.969555035128806, 32.969555035128806, 32.969555035128806, 32.96487119437939, 32.96487119437939, 32.969555035128806, 32.97189695550351, 32.97189695550351, 32.967213114754095, 32.97189695550351, 32.97189695550351, 32.97423887587822, 32.97423887587822, 32.976580796252925, 32.97423887587822, 32.97423887587822, 32.96487119437939, 32.96252927400468, 32.96487119437939, 32.96487119437939, 32.969555035128806, 32.97189695550351, 32.976580796252925, 32.97423887587822, 32.974238875878214, 32.974238875878214, 32.974238875878214, 32.974238875878214, 32.969555035128806, 32.974238875878214, 32.976580796252925, 32.976580796252925, 32.98126463700234, 32.98126463700234, 32.98126463700234, 32.978922716627636, 32.98126463700234, 32.978922716627636, 32.98126463700234, 32.98126463700234, 32.983606557377044, 32.983606557377044, 32.983606557377044, 32.98126463700234, 32.98126463700234, 32.98126463700234]",0.7703415649072399,0.7321430871687855,33,"[33, 33, 33, 33, 33, 33, 33, 33, 33, 33, 33, 33, 33, 33, 33, 33, 33, 33, 33, 33, 33, 33, 33, 33, 33, 33, 33, 33, 33, 33, 33, 33, 33, 33, 33, 33, 33, 33, 33, 33, 33, 33, 33, 33, 33, 33, 33, 33, 33, 33, 33, 33, 33, 33, 33, 33, 33, 33, 33, 33, 33, 33, 33, 33, 33, 33, 33, 33, 33, 33, 33, 33, 33, 33, 33, 33, 33, 33, 33, 33, 33, 33, 33, 33, 33, 33, 33, 33, 33, 33, 33, 33, 33, 33, 33, 33, 33, 33, 33, 33, 33, 33, 33, 33, 33, 33, 33, 33, 33, 33, 33, 33, 33, 33, 33, 33, 33, 33, 33, 33, 33, 33, 33, 33, 33, 33, 33, 33, 33, 33, 33, 33, 33, 33, 33, 33, 33, 33, 33, 33, 33, 33, 33, 33, 33, 33, 33, 33, 33, 33, 33, 33, 33, 33, 33, 33, 33, 33, 33, 33, 33, 33, 33, 33, 33, 33, 33, 33, 33, 33, 33, 33, 33, 33, 33, 33, 33, 33, 33, 33, 33, 33, 33, 33, 33, 33, 33, 33, 33, 33, 33, 33, 33, 33, 33, 33, 33, 33, 33, 33, 33, 33, 33, 33, 33, 33, 33, 33, 33, 33, 33, 33, 33, 33, 33, 33, 33, 33, 33, 33, 33, 33, 33, 33, 33, 33, 33, 33, 33, 33, 33, 33, 33, 33, 33, 33, 33, 33, 33, 33, 33, 33, 33, 33, 33, 33, 33, 33, 33, 33, 33, 33, 33, 33, 33, 33, 33, 33, 33, 33, 33, 33, 33, 33, 33, 33, 33, 33, 33, 33, 33, 33, 33, 33, 33, 33, 33, 33, 33, 33, 33, 33, 33, 33, 33, 33, 33, 33, 33, 33, 33, 33, 33, 33, 33, 33, 33, 33, 33, 33, 33, 33, 33, 33, 33, 33, 33, 33, 33, 33, 33, 33, 33, 33, 33, 33, 33, 33, 33, 33, 33, 33, 33, 33, 33, 33, 33, 33, 33, 33, 33, 33, 33, 33, 33, 33, 33, 33, 33, 33, 33, 33, 33, 33, 33, 33, 33, 33, 33, 33, 33, 33, 33, 33, 33, 33, 33, 33, 33, 33, 33, 33, 33, 33, 33, 33, 33, 33, 33, 33, 33, 33, 33, 33, 33, 33, 33, 33, 33, 33, 33, 33, 33, 33, 33, 33, 33, 33, 33, 33, 33, 33, 33, 33, 33, 33, 33, 33, 33, 33, 33, 33, 33, 33, 33, 33, 33, 33, 33, 33, 33, 33, 33, 33, 33, 33, 33, 33, 33, 33, 33, 33, 33, 33, 33, 33, 33, 33, 33, 33, 33, 33, 33, 33, 33, 33, 33, 33, 33, 33, 33, 33, 33, 33, 33, 33, 33, 33, 33, 33]",450,"[0.7451561093330383, 0.6303914189338684, 0.580524742603302, 0.5551763772964478, 0.5396285057067871, 0.5315725207328796, 0.5257452726364136, 0.5226377248764038, 0.5205870866775513, 0.5187267661094666, 0.5170925259590149, 0.5163000226020813, 0.5153804421424866, 0.5143712162971497, 0.5138130187988281, 0.5132255554199219, 0.5123749375343323, 0.5117298364639282, 0.511150062084198, 0.5105752348899841, 0.5100478529930115, 0.5094494223594666, 0.5089139342308044, 0.5083914995193481, 0.5078893303871155, 0.5073392987251282, 0.5068482160568237, 0.5063400268554688, 0.5058540105819702, 0.5054637789726257, 0.5051067471504211, 0.5046027302742004, 0.5041149258613586, 0.5039139986038208, 0.5033726692199707, 0.5028418898582458, 0.5024245977401733, 0.5019346475601196, 0.501591682434082, 0.5011011362075806, 0.5006468892097473, 0.5002319812774658, 0.4998454749584198, 0.49947208166122437, 0.49910908937454224, 0.49879521131515503, 0.4983964264392853, 0.4980681240558624, 0.49769410490989685, 0.49732673168182373, 0.49693602323532104, 0.4966588616371155, 0.4963047504425049, 0.4959947466850281, 0.4956575632095337, 0.49535706639289856, 0.4950440526008606, 0.4947959780693054, 0.49443963170051575, 0.49406692385673523, 0.49378758668899536, 0.4935666024684906, 0.49316224455833435, 0.4928680658340454, 0.4925782084465027, 0.4922417104244232, 0.49199753999710083, 0.4917810559272766, 0.49154576659202576, 0.49117767810821533, 0.49079591035842896, 0.49053385853767395, 0.490234911441803, 0.48994722962379456, 0.4896852374076843, 0.4894593060016632, 0.4891791045665741, 0.48890045285224915, 0.4886575937271118, 0.4884047210216522, 0.4881111979484558, 0.48785823583602905, 0.48762160539627075, 0.4873814880847931, 0.48717716336250305, 0.48697131872177124, 0.48683470487594604, 0.48660165071487427, 0.48630982637405396, 0.4860328435897827, 0.4858112335205078, 0.4855585992336273, 0.4853736460208893, 0.48517096042633057, 0.4849007725715637, 0.48471319675445557, 0.48444873094558716, 0.48426514863967896, 0.48397064208984375, 0.4837720990180969, 0.4834940731525421, 0.4832858741283417, 0.4830368161201477, 0.48283612728118896, 0.48272666335105896, 0.4825616776943207, 0.4823678731918335, 0.482217013835907, 0.4820115268230438, 0.4819145202636719, 0.481746643781662, 0.4815691411495209, 0.48129045963287354, 0.4810221195220947, 0.48089438676834106, 0.48074257373809814, 0.4805159270763397, 0.4803357720375061, 0.480117529630661, 0.47985756397247314, 0.47965705394744873, 0.4794650375843048, 0.4792691171169281, 0.47908878326416016, 0.47889474034309387, 0.47874534130096436, 0.47858768701553345, 0.4785040318965912, 0.4784071743488312, 0.478401780128479, 0.47827625274658203, 0.4780014157295227, 0.4777946174144745, 0.47763392329216003, 0.47723788022994995, 0.4770335853099823, 0.47689366340637207, 0.47670817375183105, 0.4765051603317261, 0.47631409764289856, 0.47619864344596863, 0.476004421710968, 0.4758588671684265, 0.47580423951148987, 0.47559791803359985, 0.47551146149635315, 0.4753328263759613, 0.4751652479171753, 0.4750322103500366, 0.47491732239723206, 0.4747026562690735, 0.4747427701950073, 0.4745714068412781, 0.4743348956108093, 0.474137544631958, 0.47394832968711853, 0.47386467456817627, 0.4737069606781006, 0.47351008653640747, 0.4733833074569702, 0.4732217490673065, 0.47305965423583984, 0.4729185998439789, 0.47276702523231506, 0.4726307988166809, 0.47251826524734497, 0.4723491668701172, 0.47226399183273315, 0.47215738892555237, 0.4720017910003662, 0.47191017866134644, 0.4717575013637543, 0.47159674763679504, 0.47146284580230713, 0.47130730748176575, 0.4711780548095703, 0.47104620933532715, 0.4709569215774536, 0.47076335549354553, 0.47064676880836487, 0.4704989194869995, 0.470292329788208, 0.47016090154647827, 0.4699895977973938, 0.46986740827560425, 0.46969902515411377, 0.46960198879241943, 0.4694356918334961, 0.4693121612071991, 0.46915099024772644, 0.46909546852111816, 0.4691552221775055, 0.4689691960811615, 0.46871453523635864, 0.4687748849391937, 0.46865949034690857, 0.46851325035095215, 0.46823224425315857, 0.46799129247665405, 0.46785929799079895, 0.4677354395389557, 0.4676802158355713, 0.4675227999687195, 0.4673459529876709, 0.46713322401046753, 0.4668850600719452, 0.466761976480484, 0.4666759967803955, 0.4665103554725647, 0.4664040505886078, 0.46621763706207275, 0.4660666286945343, 0.4658963084220886, 0.4657706320285797, 0.46573516726493835, 0.46560031175613403, 0.4654138684272766, 0.4653486907482147, 0.4652107357978821, 0.4651860296726227, 0.4650297462940216, 0.4648515582084656, 0.46467694640159607, 0.4645376205444336, 0.46437206864356995, 0.46433064341545105, 0.46411067247390747, 0.46396705508232117, 0.46381014585494995, 0.463693231344223, 0.46361246705055237, 0.46350449323654175, 0.4633641839027405, 0.46322739124298096, 0.463243305683136, 0.46307432651519775, 0.4629552960395813, 0.46279099583625793, 0.46266716718673706, 0.4625922441482544, 0.46241095662117004, 0.46228834986686707, 0.4621121883392334, 0.46200627088546753, 0.46190181374549866, 0.4618423879146576, 0.46178972721099854, 0.46165138483047485, 0.4615253210067749, 0.4614033102989197, 0.46133220195770264, 0.46120041608810425, 0.4610375463962555, 0.4608989357948303, 0.46078139543533325, 0.4606526494026184, 0.4605507254600525, 0.4604249894618988, 0.46030566096305847, 0.4602246880531311, 0.460074245929718, 0.4600323736667633, 0.45984476804733276, 0.45970413088798523, 0.45960259437561035, 0.4594343602657318, 0.4593784213066101, 0.45926129817962646, 0.4591466784477234, 0.4590729773044586, 0.4590107202529907, 0.45883694291114807, 0.4588218033313751, 0.45868536829948425, 0.4585660696029663, 0.45857566595077515, 0.45836585760116577, 0.4582895040512085, 0.4580543041229248, 0.45798951387405396, 0.4578653573989868, 0.4576779901981354, 0.4575462341308594, 0.45741698145866394, 0.4573577642440796, 0.4571989178657532, 0.4572159945964813, 0.457092821598053, 0.45693352818489075, 0.456775426864624, 0.45669448375701904, 0.4566163122653961, 0.45646125078201294, 0.45641466975212097, 0.4562956690788269, 0.4562186300754547, 0.45606178045272827, 0.4559183120727539, 0.455778032541275, 0.4556770324707031, 0.4556504189968109, 0.45551466941833496, 0.4555515646934509, 0.4554169774055481, 0.4552530348300934, 0.45519596338272095, 0.45495033264160156, 0.4548274874687195, 0.4546552300453186, 0.45451268553733826, 0.4543798565864563, 0.4542895257472992, 0.45425379276275635, 0.45419174432754517, 0.45411616563796997, 0.4540477395057678, 0.454031765460968, 0.45388007164001465, 0.4537144601345062, 0.4536668062210083, 0.45362621545791626, 0.4535199999809265, 0.45334383845329285, 0.4532199203968048, 0.4531997740268707, 0.4531952738761902, 0.4529193043708801, 0.4527544677257538, 0.4526069760322571, 0.4525349736213684, 0.45245617628097534, 0.45235171914100647, 0.4522634446620941, 0.45205867290496826, 0.45204854011535645, 0.4519880712032318, 0.45183736085891724, 0.4517262578010559, 0.45157021284103394, 0.451399564743042, 0.45135384798049927, 0.45121222734451294, 0.45121634006500244, 0.4511854648590088, 0.45099276304244995, 0.4508846700191498, 0.45082026720046997, 0.45072805881500244, 0.45062190294265747, 0.4505000412464142, 0.45043209195137024, 0.4504043459892273, 0.4501706659793854, 0.450125515460968, 0.44998183846473694, 0.4499261975288391, 0.4497491717338562, 0.44956544041633606, 0.44936317205429077, 0.4492831826210022, 0.44919249415397644, 0.44905316829681396, 0.4489506185054779, 0.4487796127796173, 0.44867050647735596, 0.44865936040878296, 0.44851112365722656, 0.44844338297843933, 0.4483925998210907, 0.4482811987400055, 0.44813740253448486, 0.44800543785095215, 0.4478456377983093, 0.44774019718170166, 0.44767653942108154, 0.44747355580329895, 0.4474581778049469, 0.44727641344070435, 0.44708335399627686, 0.4469754099845886, 0.44674187898635864, 0.4465986490249634, 0.4465412497520447, 0.4463953375816345, 0.44627025723457336, 0.44616881012916565, 0.4461285471916199, 0.4459873139858246, 0.44584333896636963, 0.4457460045814514, 0.44567254185676575, 0.44560086727142334, 0.4454210698604584, 0.445212185382843, 0.4451158046722412, 0.445027619600296, 0.4449009597301483, 0.44468849897384644, 0.44470733404159546, 0.4445604681968689, 0.4444867968559265, 0.44439440965652466, 0.44433489441871643, 0.4441746771335602, 0.4440596401691437, 0.44399720430374146, 0.44387611746788025, 0.44377437233924866, 0.44366133213043213, 0.44357413053512573, 0.44342219829559326, 0.4432947635650635, 0.4431690573692322, 0.4431251883506775, 0.4430515766143799, 0.442964643239975, 0.4428919553756714, 0.4428579807281494, 0.4426988661289215, 0.44257426261901855, 0.4426088333129883, 0.4425061047077179, 0.44238007068634033, 0.442322701215744, 0.4421654939651489, 0.4420424699783325, 0.44189217686653137, 0.44172120094299316, 0