,number,value,datetime_start,datetime_complete,duration,params_batch_size_scaler,params_constant_learning_rate,params_depth,params_epochs,params_kernel_l2,params_num_trees,params_temperature,user_attrs_accuracy_test,user_attrs_accuracy_valid,user_attrs_approximate_feature_sparsity,user_attrs_approximate_feature_sparsity_history,user_attrs_approximate_weight_sparsity,user_attrs_approximate_weight_sparsity_history,user_attrs_auc_test,user_attrs_auc_valid,user_attrs_feature_sparsity,user_attrs_feature_sparsity_history,user_attrs_num_epochs,user_attrs_val_loss_history,user_attrs_weight_sparsity,user_attrs_weight_sparsity_history,state
77,77,0.5,2024-08-31 03:39:02.908773,2024-08-31 03:41:17.874900,0 days 00:02:14.966127,1,5.865024500539712,3,250,0.21603035850133942,30,0.034096114017858295,0.859,0.85875,0,"[0, 0, 0, 0, 0, 0, 0, 0, 0, 0, 0, 0, 0, 0, 0, 0, 0, 0, 0, 0, 0, 0, 0, 0, 0, 0, 0, 0, 0, 0, 0, 0, 0, 0, 0, 0, 0, 0, 0, 0, 0, 0, 0, 0, 0, 0, 0, 0, 0, 0, 0, 0, 0, 0, 0, 0, 0, 0, 0, 0, 0, 0, 0, 0, 0, 0, 0, 0, 0, 0, 0, 0, 0, 0, 0, 0, 0, 0, 0, 0, 0, 0, 0, 0, 0, 0, 0, 0, 0, 0, 0, 0, 0, 0, 0, 0, 0, 0, 0, 0, 0, 0, 0, 0, 0, 0, 0, 0, 0, 0, 0, 0, 0, 0, 0, 0, 0, 0, 0, 0, 0, 0, 0, 0, 0, 0, 0, 0, 0, 0, 0, 0, 0, 0, 0, 0, 0, 0, 0, 0, 0, 0, 0, 0, 0, 0, 0, 0, 0, 0, 0, 0, 0, 0, 0, 0, 0, 0, 0, 0, 0, 0, 0, 0, 0, 0, 0, 0, 0, 0, 0, 0, 0, 0, 0, 0, 0, 0, 0, 0, 0, 0, 0, 0, 0, 0, 0, 0, 0, 0, 0, 0, 0, 0, 0, 0, 0, 0, 0, 0, 0, 0, 0, 0, 0, 0, 0, 0, 0, 0, 0, 0, 0, 0, 0, 0, 0, 0, 0, 0, 0, 0, 0, 0, 0, 0, 0, 0, 0, 0, 0, 0, 0, 0, 0, 0, 0, 0, 0, 0, 0, 0, 0, 0, 0, 0, 0, 0, 0, 0]",0.0,"[0.0, 0.0, 0.0, 0.0, 0.0, 0.0, 0.0, 0.0, 0.0, 0.0, 0.0, 0.0, 0.0, 0.0, 0.0, 0.0, 0.0, 0.0, 0.0, 0.0, 0.0, 0.0, 0.0, 0.0, 0.0, 0.0, 0.0, 0.0, 0.0, 0.0, 0.0, 0.0, 0.0, 0.0, 0.0, 0.0, 0.0, 0.0, 0.0, 0.0, 0.0, 0.0, 0.0, 0.0, 0.0, 0.0, 0.0, 0.0, 0.0, 0.0, 0.0, 0.0, 0.0, 0.0, 0.0, 0.0, 0.0, 0.0, 0.0, 0.0, 0.0, 0.0, 0.0, 0.0, 0.0, 0.0, 0.0, 0.0, 0.0, 0.0, 0.0, 0.0, 0.0, 0.0, 0.0, 0.0, 0.0, 0.0, 0.0, 0.0, 0.0, 0.0, 0.0, 0.0, 0.0, 0.0, 0.0, 0.0, 0.0, 0.0, 0.0, 0.0, 0.0, 0.0, 0.0, 0.0, 0.0, 0.0, 0.0, 0.0, 0.0, 0.0, 0.0, 0.0, 0.0, 0.0, 0.0, 0.0, 0.0, 0.0, 0.0, 0.0, 0.0, 0.0, 0.0, 0.0, 0.0, 0.0, 0.0, 0.0, 0.0, 0.0, 0.0, 0.0, 0.0, 0.0, 0.0, 0.0, 0.0, 0.0, 0.0, 0.0, 0.0, 0.0, 0.0, 0.0, 0.0, 0.0, 0.0, 0.0, 0.0, 0.0, 0.0, 0.0, 0.0, 0.0, 0.0, 0.0, 0.0, 0.0, 0.0, 0.0, 0.0, 0.0, 0.0, 0.0, 0.0, 0.0, 0.0, 0.0, 0.0, 0.0, 0.0, 0.0, 0.0, 0.0, 0.0, 0.0, 0.0, 0.0, 0.0, 0.0, 0.0, 0.0, 0.0, 0.0, 0.0, 0.0, 0.0, 0.0, 0.0, 0.0, 0.0, 0.0, 0.0, 0.0, 0.0, 0.0, 0.0, 0.0, 0.0, 0.0, 0.0, 0.0, 0.0, 0.0, 0.0, 0.0, 0.0, 0.0, 0.0, 0.0, 0.0, 0.0, 0.0, 0.0, 0.0, 0.0, 0.0, 0.0, 0.0, 0.0, 0.0, 0.0, 0.0, 0.0, 0.0, 0.0, 0.0, 0.0, 0.0, 0.0, 0.0, 0.0, 0.0, 0.0, 0.0, 0.0, 0.0, 0.0, 0.0, 0.0, 0.0, 0.0, 0.0, 0.0, 0.0, 0.0, 0.0, 0.0, 0.0, 0.0, 0.0, 0.0, 0.0, 0.0, 0.0, 0.0, 0.0, 0.0]",0.5,0.5,0,"[0, 0, 0, 0, 0, 0, 0, 0, 0, 0, 0, 0, 0, 0, 0, 0, 0, 0, 0, 0, 0, 0, 0, 0, 0, 0, 0, 0, 0, 0, 0, 0, 0, 0, 0, 0, 0, 0, 0, 0, 0, 0, 0, 0, 0, 0, 0, 0, 0, 0, 0, 0, 0, 0, 0, 0, 0, 0, 0, 0, 0, 0, 0, 0, 0, 0, 0, 0, 0, 0, 0, 0, 0, 0, 0, 0, 0, 0, 0, 0, 0, 0, 0, 0, 0, 0, 0, 0, 0, 0, 0, 0, 0, 0, 0, 0, 0, 0, 0, 0, 0, 0, 0, 0, 0, 0, 0, 0, 0, 0, 0, 0, 0, 0, 0, 0, 0, 0, 0, 0, 0, 0, 0, 0, 0, 0, 0, 0, 0, 0, 0, 0, 0, 0, 0, 0, 0, 0, 0, 0, 0, 0, 0, 0, 0, 0, 0, 0, 0, 0, 0, 0, 0, 0, 0, 0, 0, 0, 0, 0, 0, 0, 0, 0, 0, 0, 0, 0, 0, 0, 0, 0, 0, 0, 0, 0, 0, 0, 0, 0, 0, 0, 0, 0, 0, 0, 0, 0, 0, 0, 0, 0, 0, 0, 0, 0, 0, 0, 0, 0, 0, 0, 0, 0, 0, 0, 0, 0, 0, 0, 0, 0, 0, 0, 0, 0, 0, 0, 0, 0, 0, 0, 0, 0, 0, 0, 0, 0, 0, 0, 0, 0, 0, 0, 0, 0, 0, 0, 0, 0, 0, 0, 0, 0, 0, 0, 0, 0, 0, 0]",250,"[3.9277844429016113, 1.6195584535598755, 0.4965331256389618, 0.4418927729129791, 0.4621381461620331, 1.8401237726211548, 0.696102499961853, 3.5686428546905518, 0.8979471325874329, 1.1578471660614014, 0.6059358716011047, 3.008779287338257, 2.2763466835021973, 4.67881965637207, 0.8538745641708374, 0.8428465127944946, 3.6804239749908447, 0.6985560059547424, 0.4121476709842682, 0.7481890916824341, 1.3859535455703735, 0.5111231207847595, 0.48632264137268066, 1.651952862739563, 4.682906627655029, 5.340994834899902, 5.141424179077148, 0.8640993237495422, 3.3984618186950684, 0.47554293274879456, 0.8513553142547607, 1.9132083654403687, 3.974843978881836, 1.3701668977737427, 3.4701220989227295, 2.3671648502349854, 0.8521431684494019, 1.8565220832824707, 2.2619881629943848, 5.7276835441589355, 2.9168195724487305, 1.0011744499206543, 1.5680961608886719, 4.766448497772217, 2.815458059310913, 0.6157541871070862, 2.9253838062286377, 4.6044511795043945, 0.6029460430145264, 1.5967785120010376, 2.871650457382202, 3.773677110671997, 1.8872321844100952, 0.4131902754306793, 1.3271241188049316, 5.53592586517334, 1.0076230764389038, 1.9547368288040161, 4.0965447425842285, 2.661684989929199, 0.4117237329483032, 0.4219281077384949, 3.273085117340088, 0.8364456295967102, 3.886439561843872, 3.5638458728790283, 2.6993560791015625, 0.41526293754577637, 0.844739556312561, 3.7710676193237305, 3.436427354812622, 3.4175872802734375, 0.4153654873371124, 0.9047074913978577, 1.0495811700820923, 2.499788522720337, 5.7205634117126465, 1.3142999410629272, 0.8161547183990479, 3.952472448348999, 0.5164989233016968, 0.46805357933044434, 0.8843835592269897, 2.730520248413086, 0.8375597596168518, 3.771594762802124, 1.7347564697265625, 1.0531011819839478, 0.4085218906402588, 1.540246844291687, 0.6746706366539001, 0.4221494197845459, 0.9041312336921692, 2.0176563262939453, 3.7871811389923096, 3.455130100250244, 0.8796187043190002, 3.8276243209838867, 3.508002519607544, 0.41264668107032776, 0.4829167425632477, 0.792084813117981, 5.132116794586182, 4.7590131759643555, 0.6901615858078003, 2.0752406120300293, 0.5177344679832458, 0.6669897437095642, 1.7341653108596802, 3.7916321754455566, 1.9325491189956665, 1.9892593622207642, 0.49028342962265015, 0.6254316568374634, 2.3712737560272217, 1.0056257247924805, 3.7792248725891113, 0.8910691738128662, 3.145927667617798, 3.3015735149383545, 3.513415575027466, 2.7990899085998535, 1.1735084056854248, 0.4096863865852356, 0.4173593819141388, 1.8501266241073608, 1.649274468421936, 2.4359519481658936, 3.1560230255126953, 1.6404949426651, 0.413773775100708, 1.3189860582351685, 0.616680920124054, 2.045358657836914, 2.4907898902893066, 3.4460556507110596, 2.0071005821228027, 2.0960474014282227, 2.219045639038086, 1.379825472831726, 3.886885404586792, 0.6261618137359619, 1.264306902885437, 1.3808958530426025, 4.2477030754089355, 3.9737355709075928, 2.0213441848754883, 5.0582594871521, 1.4246667623519897, 1.8673529624938965, 0.8594061136245728, 0.8084904551506042, 2.496448278427124, 2.313927412033081, 2.9033048152923584, 0.4892517924308777, 0.9576216340065002, 2.310239315032959, 3.7688608169555664, 2.5416722297668457, 1.9140956401824951, 3.987013816833496, 2.7769298553466797, 0.8899354338645935, 1.2653706073760986, 2.385326862335205, 2.0874435901641846, 0.8028183579444885, 0.7173250317573547, 0.9974027872085571, 1.2756831645965576, 9.93626880645752, 0.5034264922142029, 1.651597261428833, 3.27742075920105, 0.4075232446193695, 2.8100287914276123, 2.1281540393829346, 4.471790790557861, 0.49477919936180115, 0.6295796632766724, 2.9992098808288574, 0.4665141701698303, 1.2607580423355103, 3.170509099960327, 5.07578182220459, 3.4298887252807617, 3.3913300037384033, 0.6847100853919983, 0.4114355444908142, 0.41971686482429504, 3.9853551387786865, 1.964754581451416, 3.2387442588806152, 2.8137805461883545, 0.635334849357605, 0.47148773074150085, 1.6377595663070679, 1.835401177406311, 2.2135024070739746, 3.917534112930298, 0.9558168649673462, 4.193612575531006, 2.766977310180664, 1.8944567441940308, 1.0694142580032349, 2.925220251083374, 1.106880784034729, 1.5077002048492432, 1.839913010597229, 3.7018322944641113, 5.145534515380859, 0.49606621265411377, 2.267068862915039, 6.580880165100098, 0.5223473906517029, 1.8790109157562256, 0.572378396987915, 0.410899817943573, 3.6994948387145996, 0.5195060968399048, 0.4921891391277313, 2.0032026767730713, 1.6558501720428467, 3.423269033432007, 3.3821306228637695, 0.9514026045799255, 0.9771389961242676, 0.8663092255592346, 2.2061452865600586, 3.0117154121398926, 8.761443138122559, 2.6083104610443115, 1.2996668815612793, 0.6172347664833069, 5.095352649688721, 3.9809296131134033, 2.150686740875244, 1.1027830839157104, 2.041278600692749, 0.6783798933029175, 1.6523562669754028, 3.5441055297851562, 0.5079942941665649, 1.7374093532562256, 1.1865664720535278, 3.1052467823028564, 5.060546398162842, 1.0687462091445923, 1.702528953552246]",0.0,"[0.0, 0.0, 0.0, 0.0, 0.0, 0.0, 0.0, 0.0, 0.0, 0.0, 0.0, 0.0, 0.0, 0.0, 0.0, 0.0, 0.0, 0.0, 0.0, 0.0, 0.0, 0.0, 0.0, 0.0, 0.0, 0.0, 0.0, 0.0, 0.0, 0.0, 0.0, 0.0, 0.0, 0.0, 0.0, 0.0, 0.0, 0.0, 0.0, 0.0, 0.0, 0.0, 0.0, 0.0, 0.0, 0.0, 0.0, 0.0, 0.0, 0.0, 0.0, 0.0, 0.0, 0.0, 0.0, 0.0, 0.0, 0.0, 0.0, 0.0, 0.0, 0.0, 0.0, 0.0, 0.0, 0.0, 0.0, 0.0, 0.0, 0.0, 0.0, 0.0, 0.0, 0.0, 0.0, 0.0, 0.0, 0.0, 0.0, 0.0, 0.0, 0.0, 0.0, 0.0, 0.0, 0.0, 0.0, 0.0, 0.0, 0.0, 0.0, 0.0, 0.0, 0.0, 0.0, 0.0, 0.0, 0.0, 0.0, 0.0, 0.0, 0.0, 0.0, 0.0, 0.0, 0.0, 0.0, 0.0, 0.0, 0.0, 0.0, 0.0, 0.0, 0.0, 0.0, 0.0, 0.0, 0.0, 0.0, 0.0, 0.0, 0.0, 0.0, 0.0, 0.0, 0.0, 0.0, 0.0, 0.0, 0.0, 0.0, 0.0, 0.0, 0.0, 0.0, 0.0, 0.0, 0.0, 0.0, 0.0, 0.0, 0.0, 0.0, 0.0, 0.0, 0.0, 0.0, 0.0, 0.0, 0.0, 0.0, 0.0, 0.0, 0.0, 0.0, 0.0, 0.0, 0.0, 0.0, 0.0, 0.0, 0.0, 0.0, 0.0, 0.0, 0.0, 0.0, 0.0, 0.0, 0.0, 0.0, 0.0, 0.0, 0.0, 0.0, 0.0, 0.0, 0.0, 0.0, 0.0, 0.0, 0.0, 0.0, 0.0, 0.0, 0.0, 0.0, 0.0, 0.0, 0.0, 0.0, 0.0, 0.0, 0.0, 0.0, 0.0, 0.0, 0.0, 0.0, 0.0, 0.0, 0.0, 0.0, 0.0, 0.0, 0.0, 0.0, 0.0, 0.0, 0.0, 0.0, 0.0, 0.0, 0.0, 0.0, 0.0, 0.0, 0.0, 0.0, 0.0, 0.0, 0.0, 0.0, 0.0, 0.0, 0.0, 0.0, 0.0, 0.0, 0.0, 0.0, 0.0, 0.0, 0.0, 0.0, 0.0, 0.0, 0.0, 0.0, 0.0, 0.0, 0.0, 0.0, 0.0, 0.0, 0.0, 0.0, 0.0, 0.0, 0.0]",COMPLETE
78,78,0.674769099972949,2024-08-31 03:41:19.456195,2024-08-31 03:41:25.340588,0 days 00:00:05.884393,16,0.020288095259064713,2,40,0.01879269254125569,16,0.00021030670323813594,0.86,0.85875,33,"[33, 33, 33, 33, 33, 33, 33, 33, 33, 33, 33, 33, 33, 33, 33, 33, 33, 33, 33, 33, 33, 33, 33, 33, 33, 33, 33, 33, 33, 33, 33, 33, 33, 33, 33, 33, 33, 33, 33, 33]",33.0,"[33.0, 32.979166666666664, 33.0, 33.0, 33.0, 32.95833333333333, 32.979166666666664, 32.979166666666664, 32.979166666666664, 32.979166666666664, 32.979166666666664, 32.979166666666664, 32.916666666666664, 32.979166666666664, 32.979166666666664, 32.95833333333333, 32.979166666666664, 32.979166666666664, 32.979166666666664, 32.9375, 32.979166666666664, 32.979166666666664, 32.979166666666664, 32.979166666666664, 32.979166666666664, 33.0, 33.0, 33.0, 33.0, 33.0, 33.0, 33.0, 33.0, 33.0, 33.0, 32.979166666666664, 33.0, 32.979166666666664, 33.0, 33.0]",0.7026725782082084,0.674769099972949,33,"[33, 33, 33, 33, 33, 33, 33, 33, 33, 33, 33, 33, 33, 33, 33, 33, 33, 33, 33, 33, 33, 33, 33, 33, 33, 33, 33, 33, 33, 33, 33, 33, 33, 33, 33, 33, 33, 33, 33, 33]",40,"[0.4455861747264862, 0.43483152985572815, 0.4288608431816101, 0.4250915050506592, 0.42263710498809814, 0.42077088356018066, 0.4191892147064209, 0.41782936453819275, 0.4165804982185364, 0.41543400287628174, 0.41436803340911865, 0.41330423951148987, 0.4123028516769409, 0.411398708820343, 0.4105144143104553, 0.4096466302871704, 0.40882208943367004, 0.4080445170402527, 0.40729427337646484, 0.40658673644065857, 0.40589436888694763, 0.4052344262599945, 0.40461060404777527, 0.40398910641670227, 0.4033700227737427, 0.4028056859970093, 0.40223515033721924, 0.4016796946525574, 0.40113723278045654, 0.40064728260040283, 0.40016379952430725, 0.39967793226242065, 0.399221807718277, 0.3988015055656433, 0.3983875513076782, 0.39795777201652527, 0.39755576848983765, 0.3971523344516754, 0.3967817425727844, 0.3964160084724426]",33.0,"[33.0, 33.0, 33.0, 33.0, 33.0, 33.0, 33.0, 33.0, 33.0, 33.0, 33.0, 33.0, 33.0, 33.0, 33.0, 33.0, 33.0, 33.0, 33.0, 33.0, 33.0, 33.0, 33.0, 33.0, 33.0, 33.0, 33.0, 33.0, 33.0, 33.0, 33.0, 33.0, 33.0, 33.0, 33.0, 33.0, 33.0, 33.0, 33.0, 33.0]",COMPLETE
79,79,0.9013731627829089,2024-08-31 03:41:26.946955,2024-08-31 03:41:45.891688,0 days 00:00:18.944733,16,8.4654803360834,3,125,0.005638903189700368,94,0.0028195552271052604,0.907,0.9175,28,"[33, 28, 28, 28, 28, 28, 28, 28, 28, 28, 28, 28, 28, 28, 28, 28, 28, 28, 28, 28, 28, 28, 28, 28, 28, 28, 28, 28, 28, 28, 28, 28, 28, 28, 28, 28, 28, 28, 28, 28, 28, 28, 28, 28, 28, 28, 28, 28, 28, 28, 28, 28, 28, 28, 28, 28, 28, 28, 28, 28, 28, 28, 28, 28, 28, 28, 28, 28, 28, 28, 28, 28, 28, 28, 28, 28, 28, 28, 28, 28, 28, 28, 28, 28, 28, 28, 28, 28, 28, 28, 28, 28, 28, 28, 28, 28, 28, 28, 28, 28, 28, 28, 28, 28, 28, 28, 28, 28, 28, 28, 28, 28, 28, 28, 28, 28, 28, 28, 28, 28, 28, 28, 28, 28, 28]",27.993920972644375,"[32.96960486322188, 27.986322188449847, 27.984802431610944, 27.993920972644375, 27.990881458966562, 27.98784194528875, 27.993920972644375, 27.996960486322187, 27.99544072948328, 27.998480243161094, 27.99544072948328, 27.996960486322187, 27.990881458966566, 27.99240121580547, 27.996960486322187, 27.996960486322187, 27.998480243161094, 27.996960486322187, 27.99544072948328, 27.99544072948328, 27.990881458966562, 27.996960486322187, 27.996960486322187, 27.993920972644375, 27.99544072948328, 27.993920972644375, 27.998480243161094, 28.0, 27.996960486322187, 27.99544072948328, 27.99544072948328, 27.998480243161094, 28.0, 27.996960486322187, 27.996960486322187, 27.992401215805472, 27.993920972644375, 27.99544072948328, 27.996960486322187, 27.99544072948328, 27.996960486322187, 27.996960486322187, 27.996960486322187, 27.996960486322187, 27.998480243161094, 27.998480243161094, 27.998480243161094, 27.998480243161094, 28.0, 27.998480243161094, 27.996960486322187, 27.99544072948328, 27.993920972644375, 27.993920972644375, 27.990881458966562, 27.996960486322187, 27.998480243161094, 27.99544072948328, 27.996960486322187, 27.992401215805472, 27.993920972644375, 27.996960486322187, 27.996960486322187, 27.99544072948328, 27.99544072948328, 27.996960486322187, 27.996960486322187, 27.996960486322187, 27.998480243161094, 27.996960486322187, 27.998480243161094, 27.993920972644375, 27.99240121580547, 27.996960486322187, 27.99544072948328, 27.993920972644375, 27.99544072948328, 27.996960486322187, 27.996960486322187, 27.996960486322187, 27.996960486322187, 27.996960486322187, 27.998480243161094, 27.998480243161094, 27.996960486322187, 27.996960486322187, 27.990881458966562, 27.987841945288753, 27.98784194528875, 27.993920972644375, 27.993920972644375, 27.99544072948328, 27.99544072948328, 27.99544072948328, 27.99544072948328, 27.99544072948328, 27.99544072948328, 27.99544072948328, 27.99544072948328, 27.996960486322187, 27.996960486322187, 27.996960486322187, 27.996960486322187, 27.99544072948328, 27.99544072948328, 27.996960486322187, 27.996960486322187, 27.99544072948328, 27.996960486322187, 27.993920972644375, 27.99544072948328, 27.99544072948328, 27.99544072948328, 27.993920972644375, 27.99544072948328, 27.99544072948328, 27.99544072948328, 27.99544072948328, 27.993920972644375, 27.993920972644375, 27.990881458966562, 27.993920972644375, 27.996960486322187, 27.99544072948328, 27.993920972644375]",0.8689264277281021,0.9013731627829089,28,"[33, 28, 28, 28, 28, 28, 28, 28, 28, 28, 28, 28, 28, 28, 28, 28, 28, 28, 28, 28, 28, 28, 28, 28, 28, 28, 28, 28, 28, 28, 28, 28, 28, 28, 28, 28, 28, 28, 28, 28, 28, 28, 28, 28, 28, 28, 28, 28, 28, 28, 28, 28, 28, 28, 28, 28, 28, 28, 28, 28, 28, 28, 28, 28, 28, 28, 28, 28, 28, 28, 28, 28, 28, 28, 28, 28, 28, 28, 28, 28, 28, 28, 28, 28, 28, 28, 28, 28, 28, 28, 28, 28, 28, 28, 28, 28, 28, 28, 28, 28, 28, 28, 28, 28, 28, 28, 28, 28, 28, 28, 28, 28, 28, 28, 28, 28, 28, 28, 28, 28, 28, 28, 28, 28, 28]",125,"[8.629927635192871, 5.330890655517578, 4.113408088684082, 24.62860870361328, 53.120418548583984, 13.176351547241211, 5.118383884429932, 38.94878005981445, 2.989809989929199, 7.2953200340271, 7.641704082489014, 3.989471435546875, 6.791868209838867, 2.0387070178985596, 1.9306254386901855, 1.996083378791809, 1.3457623720169067, 1.8901044130325317, 1.732475757598877, 3.5139522552490234, 2.164503574371338, 1.8897525072097778, 18.935327529907227, 1.5530307292938232, 1.4402532577514648, 1.5447251796722412, 1.4971857070922852, 2.0556342601776123, 1.496164083480835, 1.4347246885299683, 1.344675898551941, 1.3532898426055908, 1.3305151462554932, 1.321030855178833, 1.3262842893600464, 1.3225576877593994, 1.3230531215667725, 1.3150076866149902, 1.3150302171707153, 1.3132789134979248, 1.3105636835098267, 1.309175729751587, 1.3068923950195312, 1.3045724630355835, 1.3026957511901855, 1.2998878955841064, 1.297597050666809, 1.2938334941864014, 1.291127324104309, 1.2892314195632935, 1.2878930568695068, 1.2870721817016602, 1.2841259241104126, 1.2821825742721558, 1.2806576490402222, 1.2790213823318481, 1.276347041130066, 1.2738646268844604, 1.2717068195343018, 1.2697131633758545, 1.2667714357376099, 1.2641403675079346, 1.2626038789749146, 1.2604246139526367, 1.2580509185791016, 1.2560104131698608, 1.2543128728866577, 1.2524476051330566, 1.2497813701629639, 1.247442603111267, 1.2452685832977295, 1.243759036064148, 1.2409247159957886, 1.2392492294311523, 1.2370860576629639, 1.2344183921813965, 1.2329329252243042, 1.231000304222107, 1.2272818088531494, 1.2260499000549316, 1.2241370677947998, 1.2219762802124023, 1.2200806140899658, 1.2183854579925537, 1.2153842449188232, 1.2143234014511108, 1.2128185033798218, 1.2109169960021973, 1.2084429264068604, 1.206384301185608, 1.204849362373352, 1.2032994031906128, 1.2002513408660889, 1.198970913887024, 1.1966564655303955, 1.1947083473205566, 1.1921143531799316, 1.1904350519180298, 1.1885876655578613, 1.186485767364502, 1.185160756111145, 1.1822699308395386, 1.1804683208465576, 1.1792246103286743, 1.1767451763153076, 1.1743568181991577, 1.1734340190887451, 1.170840859413147, 1.1691375970840454, 1.1674023866653442, 1.1650137901306152, 1.1634935140609741, 1.162082552909851, 1.1597522497177124, 1.1569682359695435, 1.155167579650879, 1.1538171768188477, 1.1528664827346802, 1.1507642269134521, 1.1489644050598145, 1.145665168762207, 1.143386960029602, 1.1427559852600098, 1.141208291053772, 1.1384434700012207]",28.0,"[33.0, 28.0, 28.0, 28.0, 28.0, 28.0, 28.0, 28.0, 28.0, 28.0, 28.0, 28.0, 28.0, 28.0, 28.0, 28.0, 28.0, 28.0, 28.0, 28.0, 28.0, 28.0, 28.0, 28.0, 28.0, 28.0, 28.0, 28.0, 28.0, 28.0, 28.0, 28.0, 28.0, 28.0, 28.0, 28.0, 28.0, 28.0, 28.0, 28.0, 28.0, 28.0, 28.0, 28.0, 28.0, 28.0, 28.0, 28.0, 28.0, 28.0, 28.0, 28.0, 28.0, 28.0, 28.0, 28.0, 28.0, 28.0, 28.0, 28.0, 28.0, 28.0, 28.0, 28.0, 28.0, 28.0, 28.0, 28.0, 28.0, 28.0, 28.0, 28.0, 28.0, 28.0, 28.0, 28.0, 28.0, 28.0, 28.0, 28.0, 28.0, 28.0, 28.0, 28.0, 28.0, 28.0, 28.0, 28.0, 28.0, 28.0, 28.0, 28.0, 28.0, 28.0, 28.0, 28.0, 28.0, 28.0, 28.0, 28.0, 28.0, 28.0, 28.0, 28.0, 28.0, 28.0, 28.0, 28.0, 28.0, 28.0, 28.0, 28.0, 28.0, 28.0, 28.0, 28.0, 28.0, 28.0, 28.0, 28.0, 28.0, 28.0, 28.0, 28.0, 28.0]",COMPLETE
