,number,value,datetime_start,datetime_complete,duration,params_batch_size_scaler,params_constant_learning_rate,params_depth,params_epochs,params_kernel_l2,params_num_trees,params_temperature,user_attrs_accuracy_test,user_attrs_accuracy_valid,user_attrs_approximate_feature_sparsity,user_attrs_approximate_feature_sparsity_history,user_attrs_approximate_weight_sparsity,user_attrs_approximate_weight_sparsity_history,user_attrs_auc_test,user_attrs_auc_valid,user_attrs_feature_sparsity,user_attrs_feature_sparsity_history,user_attrs_num_epochs,user_attrs_val_loss_history,user_attrs_weight_sparsity,user_attrs_weight_sparsity_history,state
104,104,0.6901753165616829,2024-08-31 04:43:10.325690,2024-08-31 04:44:10.931463,0 days 00:01:00.605773,64,0.011825461918404652,4,430,0.0266670114035823,44,0.0808383825087398,0.86,0.85875,33,"[33, 33, 33, 33, 33, 33, 33, 33, 33, 33, 33, 33, 33, 33, 33, 33, 33, 33, 33, 33, 33, 33, 33, 33, 33, 33, 33, 33, 33, 33, 33, 33, 33, 33, 33, 33, 33, 33, 33, 33, 33, 33, 33, 33, 33, 33, 33, 33, 33, 33, 33, 33, 33, 33, 33, 33, 33, 33, 33, 33, 33, 33, 33, 33, 33, 33, 33, 33, 33, 33, 33, 33, 33, 33, 33, 33, 33, 33, 33, 33, 33, 33, 33, 33, 33, 33, 33, 33, 33, 33, 33, 33, 33, 33, 33, 33, 33, 33, 33, 33, 33, 33, 33, 33, 33, 33, 33, 33, 33, 33, 33, 33, 33, 33, 33, 33, 33, 33, 33, 33, 33, 33, 33, 33, 33, 33, 33, 33, 33, 33, 33, 33, 33, 33, 33, 33, 33, 33, 33, 33, 33, 33, 33, 33, 33, 33, 33, 33, 33, 33, 33, 33, 33, 33, 33, 33, 33, 33, 33, 33, 33, 33, 33, 33, 33, 33, 33, 33, 33, 33, 33, 33, 33, 33, 33, 33, 33, 33, 33, 33, 33, 33, 33, 33, 33, 33, 33, 33, 33, 33, 33, 33, 33, 33, 33, 33, 33, 33, 33, 33, 33, 33, 33, 33, 33, 33, 33, 33, 33, 33, 33, 33, 33, 33, 33, 33, 33, 33, 33, 33, 33, 33, 33, 33, 33, 33, 33, 33, 33, 33, 33, 33, 33, 33, 33, 33, 33, 33, 33, 33, 33, 33, 33, 33, 33, 33, 33, 33, 33, 33, 33, 33, 33, 33, 33, 33, 33, 33, 33, 33, 33, 33, 33, 33, 33, 33, 33, 33, 33, 33, 33, 33, 33, 33, 33, 33, 33, 33, 33, 33, 33, 33, 33, 33, 33, 33, 33, 33, 33, 33, 33, 33, 33, 33, 33, 33, 33, 33, 33, 33, 33, 33, 33, 33, 33, 33, 33, 33, 33, 33, 33, 33, 33, 33, 33, 33, 33, 33, 33, 33, 33, 33, 33, 33, 33, 33, 33, 33, 33, 33, 33, 33, 33, 33, 33, 33, 33, 33, 33, 33, 33, 33, 33, 33, 33, 33, 33, 33, 33, 33, 33, 33, 33, 33, 33, 33, 33, 33, 33, 33, 33, 33, 33, 33, 33, 33, 33, 33, 33, 33, 33, 33, 33, 33, 33, 33, 33, 33, 33, 33, 33, 33, 33, 33, 33, 33, 33, 33, 33, 33, 33, 33, 33, 33, 33, 33, 33, 33, 33, 33, 33, 33, 33, 33, 33, 33, 33, 33, 33, 33, 33, 33, 33, 33, 33, 33, 33, 33, 33, 33, 33, 33, 33, 33, 33, 33, 33, 33, 33, 33]",32.95909090909091,"[32.96818181818182, 32.95757575757575, 32.96363636363637, 32.96969696969697, 32.96818181818182, 32.96666666666667, 32.971212121212126, 32.96666666666667, 32.95757575757575, 32.96363636363636, 32.96363636363636, 32.96666666666666, 32.96818181818182, 32.96818181818182, 32.96969696969697, 32.97121212121212, 32.96818181818182, 32.96515151515151, 32.96666666666666, 32.96969696969697, 32.96666666666667, 32.96666666666667, 32.96666666666666, 32.96363636363637, 32.96515151515152, 32.96060606060606, 32.95757575757576, 32.95606060606061, 32.95606060606061, 32.95757575757576, 32.95454545454545, 32.95454545454546, 32.95909090909091, 32.95454545454545, 32.95757575757576, 32.95757575757576, 32.96060606060606, 32.9560606060606, 32.95757575757576, 32.9560606060606, 32.9530303030303, 32.95454545454545, 32.95606060606061, 32.96212121212121, 32.95909090909091, 32.96363636363636, 32.96515151515152, 32.96363636363637, 32.96515151515152, 32.96818181818182, 32.96818181818182, 32.974242424242426, 32.972727272727276, 32.97575757575758, 32.97575757575758, 32.974242424242426, 32.974242424242426, 32.972727272727276, 32.972727272727276, 32.96818181818182, 32.96818181818182, 32.96818181818182, 32.96969696969697, 32.96818181818182, 32.96818181818182, 32.97121212121212, 32.96969696969697, 32.96666666666667, 32.96363636363636, 32.96515151515151, 32.96212121212121, 32.96212121212121, 32.96363636363637, 32.96363636363637, 32.96363636363637, 32.96666666666667, 32.96818181818182, 32.96969696969697, 32.96818181818182, 32.96969696969697, 32.96818181818182, 32.96818181818182, 32.971212121212126, 32.971212121212126, 32.971212121212126, 32.971212121212126, 32.971212121212126, 32.972727272727276, 32.972727272727276, 32.971212121212126, 32.972727272727276, 32.96818181818182, 32.96818181818182, 32.96818181818182, 32.96969696969697, 32.96818181818182, 32.96818181818182, 32.96666666666667, 32.96818181818182, 32.96969696969697, 32.97272727272727, 32.97272727272727, 32.97272727272727, 32.97272727272727, 32.97272727272727, 32.97272727272727, 32.97575757575758, 32.974242424242426, 32.97121212121212, 32.974242424242426, 32.97121212121212, 32.97121212121212, 32.97727272727273, 32.974242424242426, 32.974242424242426, 32.97727272727273, 32.97878787878788, 32.97878787878788, 32.980303030303034, 32.980303030303034, 32.978787878787884, 32.97727272727273, 32.97121212121212, 32.96969696969697, 32.96666666666667, 32.96515151515152, 32.96515151515152, 32.96666666666667, 32.96969696969697, 32.96969696969697, 32.971212121212126, 32.97272727272727, 32.97121212121212, 32.96666666666667, 32.96212121212121, 32.96363636363637, 32.96666666666667, 32.96363636363637, 32.96212121212121, 32.96666666666667, 32.96363636363637, 32.96212121212122, 32.96212121212122, 32.96363636363637, 32.96212121212121, 32.96363636363636, 32.96363636363637, 32.96363636363637, 32.96212121212121, 32.96060606060606, 32.95909090909091, 32.95757575757576, 32.95606060606061, 32.95151515151515, 32.95, 32.95, 32.9560606060606, 32.9560606060606, 32.96060606060606, 32.95757575757576, 32.96212121212121, 32.96363636363637, 32.96363636363637, 32.96515151515152, 32.96515151515152, 32.96969696969697, 32.97121212121212, 32.97121212121212, 32.972727272727276, 32.97272727272727, 32.97272727272727, 32.972727272727276, 32.96969696969697, 32.97121212121212, 32.972727272727276, 32.972727272727276, 32.972727272727276, 32.97121212121212, 32.97121212121212, 32.97121212121212, 32.97121212121212, 32.97121212121212, 32.97272727272727, 32.97272727272727, 32.97121212121212, 32.97272727272727, 32.974242424242426, 32.97272727272727, 32.97121212121212, 32.972727272727276, 32.972727272727276, 32.972727272727276, 32.96818181818182, 32.96666666666667, 32.96515151515152, 32.96666666666667, 32.96666666666667, 32.96515151515152, 32.96515151515152, 32.96515151515152, 32.96515151515152, 32.96818181818182, 32.96969696969697, 32.96969696969697, 32.96969696969697, 32.96969696969697, 32.96969696969697, 32.96969696969697, 32.96969696969697, 32.96969696969697, 32.96666666666667, 32.96666666666667, 32.96666666666667, 32.96818181818182, 32.96818181818182, 32.96666666666667, 32.96666666666667, 32.96515151515152, 32.96212121212121, 32.96363636363637, 32.96363636363637, 32.96060606060606, 32.96060606060606, 32.96060606060606, 32.96060606060606, 32.96363636363636, 32.96060606060606, 32.95909090909091, 32.96060606060606, 32.96212121212121, 32.96060606060606, 32.96060606060606, 32.96212121212121, 32.96515151515152, 32.96363636363637, 32.96666666666667, 32.96666666666667, 32.96515151515152, 32.96363636363636, 32.96363636363636, 32.96363636363636, 32.96212121212121, 32.96363636363637, 32.96060606060606, 32.96060606060606, 32.95909090909091, 32.96363636363637, 32.96212121212122, 32.96212121212122, 32.96060606060607, 32.96060606060607, 32.95909090909091, 32.95909090909091, 32.96060606060606, 32.96212121212121, 32.95909090909091, 32.95454545454545, 32.95454545454545, 32.95454545454545, 32.9530303030303, 32.95151515151515, 32.95151515151515, 32.9530303030303, 32.95757575757575, 32.96060606060606, 32.96060606060606, 32.95909090909091, 32.96060606060606, 32.96060606060606, 32.96363636363637, 32.96060606060606, 32.96060606060606, 32.96515151515152, 32.96666666666667, 32.96515151515152, 32.96515151515152, 32.96666666666667, 32.96666666666667, 32.96666666666667, 32.96363636363637, 32.96666666666667, 32.96818181818182, 32.96969696969697, 32.97121212121212, 32.96969696969697, 32.96969696969697, 32.97121212121212, 32.972727272727276, 32.972727272727276, 32.97121212121212, 32.97121212121212, 32.97575757575758, 32.97727272727273, 32.97575757575758, 32.97727272727273, 32.974242424242426, 32.97121212121212, 32.96666666666667, 32.96818181818182, 32.96818181818182, 32.96666666666667, 32.96969696969697, 32.971212121212126, 32.971212121212126, 32.971212121212126, 32.96818181818182, 32.96666666666667, 32.96666666666667, 32.96515151515152, 32.96212121212121, 32.96060606060606, 32.96666666666667, 32.96818181818182, 32.96666666666667, 32.96666666666667, 32.96818181818182, 32.96818181818182, 32.96666666666667, 32.96363636363637, 32.96515151515152, 32.96818181818182, 32.96818181818182, 32.96666666666667, 32.96666666666667, 32.96515151515152, 32.96515151515152, 32.96818181818182, 32.96666666666667, 32.96818181818182, 32.96818181818182, 32.96818181818182, 32.96818181818182, 32.96666666666667, 32.96818181818182, 32.96666666666667, 32.96818181818182, 32.96818181818182, 32.97121212121212, 32.97121212121212, 32.97575757575758, 32.97121212121212, 32.97272727272727, 32.97272727272727, 32.974242424242426, 32.97121212121212, 32.96969696969697, 32.96969696969697, 32.97121212121212, 32.96969696969697, 32.97121212121212, 32.96969696969697, 32.96666666666667, 32.96818181818182, 32.96818181818182, 32.96818181818182, 32.96969696969697, 32.96969696969697, 32.96666666666667, 32.96818181818182, 32.96818181818182, 32.96818181818182, 32.96969696969697, 32.96818181818182, 32.96969696969697, 32.96818181818182, 32.97121212121212, 32.97121212121212, 32.97121212121212, 32.96818181818182, 32.96666666666667, 32.96515151515152, 32.96818181818182, 32.96666666666667, 32.96515151515152, 32.96515151515152, 32.96515151515152, 32.96363636363637, 32.96212121212122, 32.96060606060606, 32.96060606060606, 32.96060606060606, 32.96060606060606, 32.96363636363637, 32.96363636363637, 32.96363636363637, 32.96363636363637, 32.96666666666667, 32.96818181818182, 32.96666666666667, 32.96818181818182, 32.96818181818182, 32.96666666666667, 32.96818181818182, 32.96363636363637, 32.96666666666667, 32.96666666666667, 32.96969696969697, 32.96969696969697, 32.96969696969697, 32.96969696969697, 32.96818181818182, 32.96818181818182, 32.96818181818182, 32.971212121212126, 32.972727272727276, 32.971212121212126, 32.96818181818182, 32.96818181818182, 32.96818181818182, 32.96818181818182, 32.96666666666667, 32.96666666666667, 32.96818181818182, 32.96666666666667, 32.96969696969697, 32.96969696969697, 32.96969696969697, 32.96969696969697, 32.96818181818182, 32.96818181818182, 32.96818181818182, 32.96969696969697, 32.96818181818182, 32.96818181818182, 32.96666666666667, 32.96212121212121, 32.96212121212121, 32.96060606060606, 32.96060606060606, 32.95909090909091]",0.7291011319446163,0.6901753165616829,33,"[33, 33, 33, 33, 33, 33, 33, 33, 33, 33, 33, 33, 33, 33, 33, 33, 33, 33, 33, 33, 33, 33, 33, 33, 33, 33, 33, 33, 33, 33, 33, 33, 33, 33, 33, 33, 33, 33, 33, 33, 33, 33, 33, 33, 33, 33, 33, 33, 33, 33, 33, 33, 33, 33, 33, 33, 33, 33, 33, 33, 33, 33, 33, 33, 33, 33, 33, 33, 33, 33, 33, 33, 33, 33, 33, 33, 33, 33, 33, 33, 33, 33, 33, 33, 33, 33, 33, 33, 33, 33, 33, 33, 33, 33, 33, 33, 33, 33, 33, 33, 33, 33, 33, 33, 33, 33, 33, 33, 33, 33, 33, 33, 33, 33, 33, 33, 33, 33, 33, 33, 33, 33, 33, 33, 33, 33, 33, 33, 33, 33, 33, 33, 33, 33, 33, 33, 33, 33, 33, 33, 33, 33, 33, 33, 33, 33, 33, 33, 33, 33, 33, 33, 33, 33, 33, 33, 33, 33, 33, 33, 33, 33, 33, 33, 33, 33, 33, 33, 33, 33, 33, 33, 33, 33, 33, 33, 33, 33, 33, 33, 33, 33, 33, 33, 33, 33, 33, 33, 33, 33, 33, 33, 33, 33, 33, 33, 33, 33, 33, 33, 33, 33, 33, 33, 33, 33, 33, 33, 33, 33, 33, 33, 33, 33, 33, 33, 33, 33, 33, 33, 33, 33, 33, 33, 33, 33, 33, 33, 33, 33, 33, 33, 33, 33, 33, 33, 33, 33, 33, 33, 33, 33, 33, 33, 33, 33, 33, 33, 33, 33, 33, 33, 33, 33, 33, 33, 33, 33, 33, 33, 33, 33, 33, 33, 33, 33, 33, 33, 33, 33, 33, 33, 33, 33, 33, 33, 33, 33, 33, 33, 33, 33, 33, 33, 33, 33, 33, 33, 33, 33, 33, 33, 33, 33, 33, 33, 33, 33, 33, 33, 33, 33, 33, 33, 33, 33, 33, 33, 33, 33, 33, 33, 33, 33, 33, 33, 33, 33, 33, 33, 33, 33, 33, 33, 33, 33, 33, 33, 33, 33, 33, 33, 33, 33, 33, 33, 33, 33, 33, 33, 33, 33, 33, 33, 33, 33, 33, 33, 33, 33, 33, 33, 33, 33, 33, 33, 33, 33, 33, 33, 33, 33, 33, 33, 33, 33, 33, 33, 33, 33, 33, 33, 33, 33, 33, 33, 33, 33, 33, 33, 33, 33, 33, 33, 33, 33, 33, 33, 33, 33, 33, 33, 33, 33, 33, 33, 33, 33, 33, 33, 33, 33, 33, 33, 33, 33, 33, 33, 33, 33, 33, 33, 33, 33, 33, 33, 33, 33, 33, 33, 33, 33, 33, 33, 33, 33, 33, 33, 33, 33]",430,"[0.6711308360099792, 0.6392647624015808, 0.6112569570541382, 0.5879731178283691, 0.5675023794174194, 0.5499708652496338, 0.5348321199417114, 0.520415186882019, 0.5088681578636169, 0.4981265664100647, 0.48901861906051636, 0.4807819128036499, 0.4734092354774475, 0.4667234420776367, 0.4612663686275482, 0.4558476209640503, 0.45129716396331787, 0.44731608033180237, 0.443406879901886, 0.44009238481521606, 0.43730536103248596, 0.4346078634262085, 0.4324895739555359, 0.4302097260951996, 0.42806339263916016, 0.42589300870895386, 0.42425668239593506, 0.42275673151016235, 0.42125260829925537, 0.4199308156967163, 0.41880759596824646, 0.41770920157432556, 0.4165841341018677, 0.4155617654323578, 0.4144497811794281, 0.413406640291214, 0.41284406185150146, 0.4120258092880249, 0.4112764596939087, 0.4106801152229309, 0.41002681851387024, 0.40944549441337585, 0.40891361236572266, 0.4082913100719452, 0.4079492688179016, 0.4075036942958832, 0.4072147607803345, 0.4068078100681305, 0.40644219517707825, 0.40607815980911255, 0.40571171045303345, 0.40540802478790283, 0.4050437808036804, 0.4048348367214203, 0.4045802056789398, 0.4043320119380951, 0.40399405360221863, 0.40375855565071106, 0.4035751223564148, 0.4033144414424896, 0.4031103849411011, 0.40291059017181396, 0.40267840027809143, 0.40249165892601013, 0.402211993932724, 0.40205642580986023, 0.40187957882881165, 0.40166690945625305, 0.4015452265739441, 0.4014011025428772, 0.4012879431247711, 0.4011367857456207, 0.400943785905838, 0.4007699489593506, 0.4005906581878662, 0.40042805671691895, 0.4002630114555359, 0.4001043736934662, 0.3999149203300476, 0.39974677562713623, 0.3995850384235382, 0.3994312286376953, 0.39930346608161926, 0.3991817831993103, 0.39905932545661926, 0.39893725514411926, 0.3987862765789032, 0.39865851402282715, 0.39852374792099, 0.3983983099460602, 0.39827457070350647, 0.3981488347053528, 0.3980332612991333, 0.397940069437027, 0.3978332281112671, 0.3977086544036865, 0.3976105749607086, 0.39749544858932495, 0.39737266302108765, 0.39730456471443176, 0.3972066640853882, 0.39707228541374207, 0.39694201946258545, 0.39684155583381653, 0.39673078060150146, 0.39663398265838623, 0.396536648273468, 0.3964349627494812, 0.3963334560394287, 0.39621639251708984, 0.3961241543292999, 0.39603373408317566, 0.3959423303604126, 0.3958444893360138, 0.39575108885765076, 0.3956678509712219, 0.3955495059490204, 0.3954359292984009, 0.3953436017036438, 0.3952561914920807, 0.3951370120048523, 0.3950105607509613, 0.3949276804924011, 0.3948279321193695, 0.39471831917762756, 0.39461570978164673, 0.39451009035110474, 0.39440566301345825, 0.39431336522102356, 0.3942374289035797, 0.3941267430782318, 0.3940223455429077, 0.393916517496109, 0.3938111364841461, 0.39372143149375916, 0.39363521337509155, 0.3935539126396179, 0.3934621810913086, 0.3933649957180023, 0.393282026052475, 0.39318370819091797, 0.3930772840976715, 0.3929981589317322, 0.3929194211959839, 0.3928171396255493, 0.3927035629749298, 0.3926231265068054, 0.39251819252967834, 0.392432302236557, 0.39233124256134033, 0.392240971326828, 0.392159640789032, 0.39208048582077026, 0.3919852077960968, 0.39188235998153687, 0.3917921185493469, 0.39169785380363464, 0.39161911606788635, 0.3915402591228485, 0.3914681375026703, 0.39136943221092224, 0.39128509163856506, 0.39120274782180786, 0.3911111354827881, 0.3910151422023773, 0.39094674587249756, 0.39086106419563293, 0.39078888297080994, 0.3907011151313782, 0.3906095623970032, 0.3905268907546997, 0.39044302701950073, 0.39036986231803894, 0.3903036415576935, 0.39020174741744995, 0.3901219069957733, 0.3900481164455414, 0.38998517394065857, 0.389914870262146, 0.3898356556892395, 0.3897458016872406, 0.38968390226364136, 0.38960403203964233, 0.3895265460014343, 0.3894612193107605, 0.3893832266330719, 0.389303594827652, 0.38922128081321716, 0.3891453146934509, 0.38906753063201904, 0.3889760971069336, 0.38889721035957336, 0.38881441950798035, 0.38874638080596924, 0.38866469264030457, 0.38860660791397095, 0.3885360062122345, 0.38845524191856384, 0.38838377594947815, 0.388315349817276, 0.38826698064804077, 0.3882008492946625, 0.38811829686164856, 0.3880462348461151, 0.38798391819000244, 0.3879011273384094, 0.3878437876701355, 0.3877723813056946, 0.3876970410346985, 0.38762009143829346, 0.38754990696907043, 0.38746121525764465, 0.38737979531288147, 0.3873172998428345, 0.38725578784942627, 0.38717857003211975, 0.3870954215526581, 0.3870328962802887, 0.3869638741016388, 0.3868931829929352, 0.38684719800949097, 0.3867783844470978, 0.3867107331752777, 0.38663411140441895, 0.3865780234336853, 0.3864951431751251, 0.38644734025001526, 0.38636884093284607, 0.3863012194633484, 0.3862343728542328, 0.38616642355918884, 0.3861130475997925, 0.3860408365726471, 0.38599100708961487, 0.38592442870140076, 0.3858589828014374, 0.3857908546924591, 0.38571080565452576, 0.38565197587013245, 0.38559243083000183, 0.38551703095436096, 0.3854585289955139, 0.3853849172592163, 0.3853249251842499, 0.38526198267936707, 0.38521185517311096, 0.3851577639579773, 0.38508546352386475, 0.38502010703086853, 0.38495320081710815, 0.38489830493927, 0.3848300576210022, 0.3847726583480835, 0.38471564650535583, 0.38464581966400146, 0.38457709550857544, 0.38450005650520325, 0.3844519853591919, 0.38438618183135986, 0.38434115052223206, 0.38426926732063293, 0.38420259952545166, 0.38414260745048523, 0.3840923309326172, 0.38403379917144775, 0.3839859366416931, 0.3839465379714966, 0.38389647006988525, 0.3838295340538025, 0.3837790787220001, 0.3837049603462219, 0.3836537301540375, 0.3835954964160919, 0.3835594058036804, 0.3835209906101227, 0.38347241282463074, 0.3833942711353302, 0.3833393156528473, 0.38329777121543884, 0.38324832916259766, 0.3832067847251892, 0.3831337094306946, 0.38309958577156067, 0.3830442428588867, 0.3830030560493469, 0.38294917345046997, 0.38291794061660767, 0.38285502791404724, 0.3828052580356598, 0.38274720311164856, 0.38268616795539856, 0.38262438774108887, 0.3825603723526001, 0.38249388337135315, 0.3824511468410492, 0.38240063190460205, 0.3823355734348297, 0.38228827714920044, 0.3822369873523712, 0.3821822702884674, 0.3821485638618469, 0.38209307193756104, 0.382040798664093, 0.38197949528694153, 0.38192588090896606, 0.38186973333358765, 0.38182127475738525, 0.38178062438964844, 0.3817225396633148, 0.3816775977611542, 0.3816348612308502, 0.38158199191093445, 0.38152793049812317, 0.38145729899406433, 0.38140612840652466, 0.381357342004776, 0.3813101649284363, 0.3812783360481262, 0.3812123239040375, 0.38116973638534546, 0.3811166286468506, 0.3810523748397827, 0.38100600242614746, 0.3809433877468109, 0.38087964057922363, 0.3808284103870392, 0.38077113032341003, 0.3807256817817688, 0.3806823492050171, 0.3806375563144684, 0.3805801272392273, 0.3805350065231323, 0.3805133104324341, 0.3804720640182495, 0.3804146945476532, 0.38036268949508667, 0.3803148567676544, 0.38025933504104614, 0.38021430373191833, 0.3801617920398712, 0.38013073801994324, 0.3800702691078186, 0.3800033926963806, 0.37994423508644104, 0.3798876702785492, 0.3798304796218872, 0.3797842860221863, 0.37974658608436584, 0.3796965777873993, 0.37965449690818787, 0.3796120584011078, 0.3795572519302368, 0.37951695919036865, 0.3794671893119812, 0.3794246315956116, 0.37937992811203003, 0.37934139370918274, 0.3792985677719116, 0.37925952672958374, 0.37923291325569153, 0.3791964650154114, 0.37915220856666565, 0.37911075353622437, 0.37908053398132324, 0.3790472149848938, 0.37901341915130615, 0.37898433208465576, 0.37893566489219666, 0.3788934350013733, 0.3788418471813202, 0.37879934906959534, 0.3787716329097748, 0.3787330389022827, 0.37869593501091003, 0.37866199016571045, 0.37861451506614685, 0.3785712420940399, 0.37852251529693604, 0.3784688711166382, 0.37843918800354004, 0.3783852458000183, 0.3783641755580902, 0.3783145844936371, 0.3782859444618225, 0.37825337052345276, 0.3782297372817993, 0.37819796800613403, 0.37815916538238525, 0.37812530994415283, 0.37807637453079224, 0.378047913312912, 0.37798911333084106, 0.37794822454452515, 0.37789684534072876, 0.3778456747531891, 0.3778092861175537, 0.3777810037136078, 0.3777359426021576, 0.37770575284957886, 0.3776668608188629, 0.37763747572898865, 0.37760162353515625, 0.3775998651981354, 0.37755024433135986, 0.37750178575515747, 0.37744560837745667, 0.3774043023586273, 0.37737807631492615, 0.3773377537727356, 0.3772927522659302, 0.3772682845592499, 0.3772246837615967, 0.3772099018096924, 0.37716782093048096, 0.37711256742477417, 0.3770736753940582, 0.37703755497932434, 0.3770025968551636, 0.3769568204879761, 0.3769181966781616, 0.3768731951713562, 0.376830130815506, 0.3768041729927063, 0.37676140666007996, 0.3767308294773102, 0.3767019510269165, 0.37667059898376465, 0.37662220001220703, 0.3765996992588043, 0.3765559494495392]",33.0,"[33.0, 33.0, 33.0, 33.0, 33.0, 33.0, 33.0, 33.0, 33.0, 33.0, 33.0, 33.0, 33.0, 33.0, 33.0, 33.0, 33.0, 33.0, 33.0, 33.0, 33.0, 33.0, 33.0, 33.0, 33.0, 33.0, 33.0, 33.0, 33.0, 33.0, 33.0, 33.0, 33.0, 33.0, 33.0, 33.0, 33.0, 33.0, 33.0, 33.0, 33.0, 33.0, 33.0, 33.0, 33.0, 33.0, 33.0, 33.0, 33.0, 33.0, 33.0, 33.0, 33.0, 33.0, 33.0, 33.0, 33.0, 33.0, 33.0, 33.0, 33.0, 33.0, 33.0, 33.0, 33.0, 33.0, 33.0, 33.0, 33.0, 33.0, 33.0, 33.0, 33.0, 33.0, 33.0, 33.0, 33.0, 33.0, 33.0, 33.0, 33.0, 33.0, 33.0, 33.0, 33.0, 33.0, 33.0, 33.0, 33.0, 33.0, 33.0, 33.0, 33.0, 33.0, 33.0, 33.0, 33.0, 33.0, 33.0, 33.0, 33.0, 33.0, 33.0, 33.0, 33.0, 33.0, 33.0, 33.0, 33.0, 33.0, 33.0, 33.0, 33.0, 33.0, 33.0, 33.0, 33.0