,number,value,datetime_start,datetime_complete,duration,params_batch_size_scaler,params_constant_learning_rate,params_depth,params_epochs,params_kernel_l2,params_num_trees,params_temperature,user_attrs_accuracy_test,user_attrs_accuracy_valid,user_attrs_approximate_feature_sparsity,user_attrs_approximate_feature_sparsity_history,user_attrs_approximate_weight_sparsity,user_attrs_approximate_weight_sparsity_history,user_attrs_auc_test,user_attrs_auc_valid,user_attrs_feature_sparsity,user_attrs_feature_sparsity_history,user_attrs_num_epochs,user_attrs_val_loss_history,user_attrs_weight_sparsity,user_attrs_weight_sparsity_history,state
38,38,0.8157115070010691,2024-08-31 02:15:23.917516,2024-08-31 02:16:20.096458,0 days 00:00:56.178942,16,2.89935478657755,5,80,0.07703628251542054,91,0.001567843738374683,0.89,0.88875,4,"[33, 33, 33, 33, 33, 18, 10, 7, 6, 6, 6, 6, 6, 6, 6, 5, 5, 5, 5, 5, 5, 5, 5, 5, 5, 5, 5, 5, 5, 5, 5, 5, 5, 5, 5, 5, 5, 5, 5, 5, 5, 5, 5, 5, 5, 5, 5, 5, 5, 5, 5, 5, 5, 5, 5, 5, 5, 5, 5, 5, 5, 5, 5, 5, 5, 5, 5, 5, 5, 5, 5, 5, 4, 4, 4, 4, 4, 4, 4, 4]",3.9953917050691246,"[32.93087557603687, 32.93087557603687, 32.92449485997873, 32.927685218007795, 32.929812123360506, 17.96419709322935, 9.975186104218363, 6.986884083658277, 5.988656504785537, 5.989365473236441, 5.984757178305565, 5.988656504785538, 5.987238567883729, 5.984402694080114, 5.987238567883729, 4.993264799716412, 4.989365473236441, 4.987947536334633, 4.992910315490961, 4.991846862814604, 4.993973768167316, 4.990783410138249, 4.989365473236441, 4.989010989010989, 4.989719957461893, 4.992201347040057, 4.9893654732364405, 4.992910315490961, 4.990428925912797, 4.991492378589153, 4.990428925912797, 4.991492378589153, 4.992201347040057, 4.990783410138249, 4.992201347040057, 4.993264799716412, 4.990074441687345, 4.992555831265508, 4.991846862814604, 4.991846862814604, 4.992555831265508, 4.9929103154909615, 4.994328252392768, 4.993973768167317, 4.9953917050691246, 4.992910315490961, 4.992910315490961, 4.993264799716412, 4.992201347040057, 4.994682736618221, 4.990783410138249, 4.991846862814604, 4.993264799716412, 4.990783410138249, 4.993264799716412, 4.9893654732364405, 4.992555831265508, 4.991846862814604, 4.988656504785537, 4.989010989010989, 4.988656504785538, 4.992555831265508, 4.987947536334633, 4.991137894363701, 4.990074441687345, 4.989719957461893, 4.992555831265508, 4.991492378589153, 4.991137894363701, 4.993264799716413, 4.9936192839418645, 4.992555831265509, 3.9953917050691246, 3.9929103154909606, 3.9946827366182207, 3.993264799716413, 3.9936192839418645, 3.9946827366182207, 3.9943282523927683, 3.9953917050691246]",0.7793905167645043,0.8157115070010691,4,"[33, 33, 33, 33, 33, 18, 10, 7, 6, 6, 6, 6, 6, 6, 6, 5, 5, 5, 5, 5, 5, 5, 5, 5, 5, 5, 5, 5, 5, 5, 5, 5, 5, 5, 5, 5, 5, 5, 5, 5, 5, 5, 5, 5, 5, 5, 5, 5, 5, 5, 5, 5, 5, 5, 5, 5, 5, 5, 5, 5, 5, 5, 5, 5, 5, 5, 5, 5, 5, 5, 5, 5, 4, 4, 4, 4, 4, 4, 4, 4]",80,"[0.38619911670684814, 0.36777180433273315, 0.444265753030777, 0.35716748237609863, 0.37748682498931885, 0.45137229561805725, 0.34887275099754333, 0.3592364192008972, 0.35729095339775085, 0.345312237739563, 0.34044861793518066, 0.33133742213249207, 0.3338926434516907, 0.3250736594200134, 0.4120618402957916, 0.319471150636673, 0.3137228190898895, 0.32079577445983887, 0.30783915519714355, 0.3125095069408417, 0.32122763991355896, 0.30428019165992737, 0.32122787833213806, 0.2981276214122772, 0.3241153359413147, 0.2949722111225128, 0.3372461795806885, 0.3029266595840454, 0.35138025879859924, 0.29708579182624817, 0.3374934494495392, 0.290143221616745, 0.30654507875442505, 0.3360729515552521, 0.2876499593257904, 0.2888598144054413, 0.29911646246910095, 0.2866479754447937, 0.31951579451560974, 0.2952135503292084, 0.3110691010951996, 0.309712678194046, 0.28555580973625183, 0.34312769770622253, 0.3045097589492798, 0.2848711311817169, 0.3793443441390991, 0.2866210639476776, 0.2808758616447449, 0.29045605659484863, 0.3305254876613617, 0.28716298937797546, 0.299981951713562, 0.3383902609348297, 0.2885267436504364, 0.28714150190353394, 0.2789505422115326, 0.3017703890800476, 0.2811703085899353, 0.30508923530578613, 0.27732208371162415, 0.2817440330982208, 0.28472092747688293, 0.28572914004325867, 0.2997727692127228, 0.2799338400363922, 0.3288794755935669, 0.27370238304138184, 0.2989322245121002, 0.2807472050189972, 0.2877044379711151, 0.27389422059059143, 0.31135448813438416, 0.3067440688610077, 0.38408616185188293, 0.30801302194595337, 0.34741249680519104, 0.31288352608680725, 0.2959059476852417, 0.3041344881057739]",4.0,"[33.0, 33.0, 33.0, 33.0, 33.0, 18.0, 10.0, 7.0, 6.0, 6.0, 6.0, 6.0, 6.0, 6.0, 6.0, 5.0, 5.0, 5.0, 5.0, 5.0, 5.0, 5.0, 5.0, 5.0, 5.0, 5.0, 5.0, 5.0, 5.0, 5.0, 5.0, 5.0, 5.0, 5.0, 5.0, 5.0, 5.0, 5.0, 5.0, 5.0, 5.0, 5.0, 5.0, 5.0, 5.0, 5.0, 5.0, 5.0, 5.0, 5.0, 5.0, 5.0, 5.0, 5.0, 5.0, 5.0, 5.0, 5.0, 5.0, 5.0, 5.0, 5.0, 5.0, 5.0, 5.0, 5.0, 5.0, 5.0, 5.0, 5.0, 5.0, 5.0, 4.0, 4.0, 4.0, 4.0, 4.0, 4.0, 4.0, 4.0]",COMPLETE
39,39,0.6855766381986578,2024-08-31 02:16:22.233966,2024-08-31 02:16:43.761874,0 days 00:00:21.527908,64,0.012586757923192084,3,180,0.0011194005296287157,96,0.0003594984114863873,0.859,0.85875,33,"[33, 33, 33, 33, 33, 33, 33, 33, 33, 33, 33, 33, 33, 33, 33, 33, 33, 33, 33, 33, 33, 33, 33, 33, 33, 33, 33, 33, 33, 33, 33, 33, 33, 33, 33, 33, 33, 33, 33, 33, 33, 33, 33, 33, 33, 33, 33, 33, 33, 33, 33, 33, 33, 33, 33, 33, 33, 33, 33, 33, 33, 33, 33, 33, 33, 33, 33, 33, 33, 33, 33, 33, 33, 33, 33, 33, 33, 33, 33, 33, 33, 33, 33, 33, 33, 33, 33, 33, 33, 33, 33, 33, 33, 33, 33, 33, 33, 33, 33, 33, 33, 33, 33, 33, 33, 33, 33, 33, 33, 33, 33, 33, 33, 33, 33, 33, 33, 33, 33, 33, 33, 33, 33, 33, 33, 33, 33, 33, 33, 33, 33, 33, 33, 33, 33, 33, 33, 33, 33, 33, 33, 33, 33, 33, 33, 33, 33, 33, 33, 33, 33, 33, 33, 33, 33, 33, 33, 33, 33, 33, 33, 33, 33, 33, 33, 33, 33, 33, 33, 33, 33, 33, 33, 33, 33, 33, 33, 33, 33, 33]",32.96577380952381,"[32.97172619047619, 32.97172619047619, 32.96875, 32.97470238095238, 32.97470238095238, 32.96875, 32.967261904761905, 32.964285714285715, 32.964285714285715, 32.96130952380952, 32.961309523809526, 32.964285714285715, 32.964285714285715, 32.964285714285715, 32.961309523809526, 32.964285714285715, 32.967261904761905, 32.967261904761905, 32.967261904761905, 32.96875, 32.96577380952381, 32.964285714285715, 32.964285714285715, 32.967261904761905, 32.96875, 32.96875, 32.96577380952381, 32.967261904761905, 32.96875, 32.96577380952381, 32.970238095238095, 32.970238095238095, 32.967261904761905, 32.96875, 32.970238095238095, 32.973214285714285, 32.973214285714285, 32.97172619047619, 32.973214285714285, 32.976190476190474, 32.973214285714285, 32.970238095238095, 32.976190476190474, 32.97470238095238, 32.97172619047619, 32.970238095238095, 32.96577380952381, 32.96279761904762, 32.964285714285715, 32.964285714285715, 32.96279761904762, 32.964285714285715, 32.964285714285715, 32.96577380952381, 32.967261904761905, 32.967261904761905, 32.96577380952381, 32.967261904761905, 32.973214285714285, 32.976190476190474, 32.973214285714285, 32.973214285714285, 32.97172619047619, 32.973214285714285, 32.970238095238095, 32.96875, 32.96577380952381, 32.967261904761905, 32.970238095238095, 32.97172619047619, 32.97172619047619, 32.96875, 32.96577380952381, 32.967261904761905, 32.967261904761905, 32.964285714285715, 32.964285714285715, 32.967261904761905, 32.970238095238095, 32.97172619047619, 32.970238095238095, 32.970238095238095, 32.970238095238095, 32.97172619047619, 32.96875, 32.967261904761905, 32.96577380952381, 32.9672619047619, 32.97172619047619, 32.97172619047619, 32.973214285714285, 32.967261904761905, 32.967261904761905, 32.96875, 32.967261904761905, 32.967261904761905, 32.96279761904762, 32.961309523809526, 32.96279761904762, 32.964285714285715, 32.96577380952381, 32.96875, 32.970238095238095, 32.967261904761905, 32.964285714285715, 32.964285714285715, 32.96279761904762, 32.96130952380952, 32.95982142857143, 32.95833333333333, 32.95982142857143, 32.96130952380952, 32.96279761904762, 32.96279761904762, 32.96279761904762, 32.9672619047619, 32.9672619047619, 32.96875, 32.96875, 32.96875, 32.96875, 32.967261904761905, 32.95982142857143, 32.958333333333336, 32.96279761904762, 32.961309523809526, 32.95684523809524, 32.958333333333336, 32.96279761904762, 32.96279761904762, 32.95982142857143, 32.958333333333336, 32.95982142857143, 32.95982142857143, 32.964285714285715, 32.95982142857143, 32.96577380952381, 32.96577380952381, 32.967261904761905, 32.970238095238095, 32.97172619047619, 32.97172619047619, 32.973214285714285, 32.970238095238095, 32.96279761904762, 32.95982142857143, 32.95982142857143, 32.95982142857143, 32.96279761904762, 32.96577380952381, 32.964285714285715, 32.96577380952381, 32.967261904761905, 32.967261904761905, 32.967261904761905, 32.96577380952381, 32.967261904761905, 32.967261904761905, 32.967261904761905, 32.967261904761905, 32.96875, 32.967261904761905, 32.96577380952381, 32.96875, 32.970238095238095, 32.973214285714285, 32.97172619047619, 32.96875, 32.964285714285715, 32.964285714285715, 32.964285714285715, 32.964285714285715, 32.96577380952381, 32.967261904761905, 32.970238095238095, 32.967261904761905, 32.964285714285715, 32.96577380952381, 32.96577380952381, 32.96577380952381]",0.7322633112888978,0.6855766381986578,33,"[33, 33, 33, 33, 33, 33, 33, 33, 33, 33, 33, 33, 33, 33, 33, 33, 33, 33, 33, 33, 33, 33, 33, 33, 33, 33, 33, 33, 33, 33, 33, 33, 33, 33, 33, 33, 33, 33, 33, 33, 33, 33, 33, 33, 33, 33, 33, 33, 33, 33, 33, 33, 33, 33, 33, 33, 33, 33, 33, 33, 33, 33, 33, 33, 33, 33, 33, 33, 33, 33, 33, 33, 33, 33, 33, 33, 33, 33, 33, 33, 33, 33, 33, 33, 33, 33, 33, 33, 33, 33, 33, 33, 33, 33, 33, 33, 33, 33, 33, 33, 33, 33, 33, 33, 33, 33, 33, 33, 33, 33, 33, 33, 33, 33, 33, 33, 33, 33, 33, 33, 33, 33, 33, 33, 33, 33, 33, 33, 33, 33, 33, 33, 33, 33, 33, 33, 33, 33, 33, 33, 33, 33, 33, 33, 33, 33, 33, 33, 33, 33, 33, 33, 33, 33, 33, 33, 33, 33, 33, 33, 33, 33, 33, 33, 33, 33, 33, 33, 33, 33, 33, 33, 33, 33, 33, 33, 33, 33, 33, 33]",180,"[0.6340481638908386, 0.5343962907791138, 0.48701632022857666, 0.45812225341796875, 0.438802033662796, 0.4271482527256012, 0.42046356201171875, 0.41560137271881104, 0.41291332244873047, 0.4104560613632202, 0.4089128077030182, 0.4075474441051483, 0.4063529074192047, 0.4057084918022156, 0.40513214468955994, 0.40458914637565613, 0.40410318970680237, 0.4038052260875702, 0.40328913927078247, 0.40292394161224365, 0.4026424288749695, 0.40232744812965393, 0.40206775069236755, 0.40179580450057983, 0.40152183175086975, 0.40125447511672974, 0.4009914696216583, 0.40069398283958435, 0.40046441555023193, 0.4001833200454712, 0.39992886781692505, 0.3996521830558777, 0.39937055110931396, 0.39910393953323364, 0.39883482456207275, 0.39855584502220154, 0.39834025502204895, 0.3981117904186249, 0.39788877964019775, 0.39765822887420654, 0.3974074423313141, 0.39716941118240356, 0.39694249629974365, 0.3966975510120392, 0.3964647948741913, 0.39619800448417664, 0.3959558606147766, 0.3957372009754181, 0.39552032947540283, 0.3952603042125702, 0.3950153589248657, 0.39479368925094604, 0.3946118950843811, 0.3943801522254944, 0.3942106366157532, 0.3939894735813141, 0.3938143253326416, 0.3935966491699219, 0.39342376589775085, 0.393216997385025, 0.3930138051509857, 0.3928786814212799, 0.3926628530025482, 0.39251479506492615, 0.3923400640487671, 0.39213845133781433, 0.3919278383255005, 0.39175623655319214, 0.39154067635536194, 0.39132019877433777, 0.3911232352256775, 0.3909142315387726, 0.3907245397567749, 0.39051583409309387, 0.390356183052063, 0.39015665650367737, 0.3900093138217926, 0.3898560404777527, 0.3897714912891388, 0.38968807458877563, 0.3894596993923187, 0.38926535844802856, 0.3890630304813385, 0.3888649642467499, 0.3886812925338745, 0.3885071575641632, 0.3883744180202484, 0.38810843229293823, 0.38798367977142334, 0.38777682185173035, 0.38758233189582825, 0.3874255418777466, 0.38727301359176636, 0.3871009945869446, 0.386949360370636, 0.3867815136909485, 0.38668331503868103, 0.3865458369255066, 0.3863774538040161, 0.38620293140411377, 0.3860282003879547, 0.38584083318710327, 0.3857016861438751, 0.38555771112442017, 0.3854244649410248, 0.3853098154067993, 0.3851785659790039, 0.38504788279533386, 0.3849067986011505, 0.38480526208877563, 0.3846691846847534, 0.3845406472682953, 0.38440704345703125, 0.3842957615852356, 0.3841397166252136, 0.3840109705924988, 0.3838973343372345, 0.3838454782962799, 0.3837372660636902, 0.38361960649490356, 0.3834912180900574, 0.38334494829177856, 0.38319262862205505, 0.3830406069755554, 0.3829168975353241, 0.3827739953994751, 0.38264748454093933, 0.3825361132621765, 0.3824184536933899, 0.3822733163833618, 0.3821810781955719, 0.3820444941520691, 0.381924033164978, 0.3817918300628662, 0.3817030191421509, 0.3816359341144562, 0.38153067231178284, 0.3814230263233185, 0.3813176453113556, 0.38116592168807983, 0.381032258272171, 0.38094550371170044, 0.3808780610561371, 0.3808085322380066, 0.38067853450775146, 0.38058844208717346, 0.38057759404182434, 0.38044488430023193, 0.380310595035553, 0.38023602962493896, 0.38014620542526245, 0.3800550699234009, 0.3799261748790741, 0.3798134922981262, 0.37961509823799133, 0.3795161545276642, 0.3793955147266388, 0.37935328483581543, 0.3792354464530945, 0.3791283667087555, 0.37900444865226746, 0.37888264656066895, 0.3787946403026581, 0.37870272994041443, 0.37863972783088684, 0.37853607535362244, 0.378446489572525, 0.37834444642066956, 0.37827950716018677, 0.3782002627849579, 0.37811869382858276, 0.37805935740470886, 0.37798890471458435, 0.37788164615631104, 0.37779825925827026, 0.3777148425579071, 0.37760764360427856, 0.3774986267089844, 0.37742453813552856, 0.3773585259914398]",33.0,"[33.0, 33.0, 33.0, 33.0, 33.0, 33.0, 33.0, 33.0, 33.0, 33.0, 33.0, 33.0, 33.0, 33.0, 33.0, 33.0, 33.0, 33.0, 33.0, 33.0, 33.0, 33.0, 33.0, 33.0, 33.0, 33.0, 33.0, 33.0, 33.0, 33.0, 33.0, 33.0, 33.0, 33.0, 33.0, 33.0, 33.0, 33.0, 33.0, 33.0, 33.0, 33.0, 33.0, 33.0, 33.0, 33.0, 33.0, 33.0, 33.0, 33.0, 33.0, 33.0, 33.0, 33.0, 33.0, 33.0, 33.0, 33.0, 33.0, 33.0, 33.0, 33.0, 33.0, 33.0, 33.0, 33.0, 33.0, 33.0, 33.0, 33.0, 33.0, 33.0, 33.0, 33.0, 33.0, 33.0, 33.0, 33.0, 33.0, 33.0, 33.0, 33.0, 33.0, 33.0, 33.0, 33.0, 33.0, 33.0, 33.0, 33.0, 33.0, 33.0, 33.0, 33.0, 33.0, 33.0, 33.0, 33.0, 33.0, 33.0, 33.0, 33.0, 33.0, 33.0, 33.0, 33.0, 33.0, 33.0, 33.0, 33.0, 33.0, 33.0, 33.0, 33.0, 33.0, 33.0, 33.0, 33.0, 33.0, 33.0, 33.0, 33.0, 33.0, 33.0, 33.0, 33.0, 33.0, 33.0, 33.0, 33.0, 33.0, 33.0, 33.0, 33.0, 33.0, 33.0, 33.0, 33.0, 33.0, 33.0, 33.0, 33.0, 33.0, 33.0, 33.0, 33.0, 33.0, 33.0, 33.0, 33.0, 33.0, 33.0, 33.0, 33.0, 33.0, 33.0, 33.0, 33.0, 33.0, 33.0, 33.0, 33.0, 33.0, 33.0, 33.0, 33.0, 33.0, 33.0, 33.0, 33.0, 33.0, 33.0, 33.0, 33.0, 33.0, 33.0, 33.0, 33.0, 33.0, 33.0]",COMPLETE
40,40,0.9255967332637735,2024-08-31 02:16:43.770405,2024-08-31 02:16:53.360177,0 days 00:00:09.589772,64,4.059434998139851,2,120,0.06972589851004916,46,0.00012566773120271935,0.944,0.93875,24,"[33, 33, 33, 33, 33, 33, 33, 33, 33, 33, 33, 33, 33, 33, 33, 33, 33, 33, 33, 33, 33, 33, 33, 33, 33, 33, 33, 33, 33, 33, 33, 33, 33, 33, 33, 33, 33, 32, 32, 31, 30, 30, 30, 30, 30, 30, 30, 30, 30, 30, 30, 30, 30, 30, 30, 30, 30, 30, 30, 30, 30, 30, 30, 30, 30, 30, 30, 30, 30, 30, 29, 29, 29, 29, 29, 29, 29, 29, 29, 29, 29, 29, 29, 29, 29, 28, 28, 28, 28, 28, 28, 28, 27, 27, 27, 27, 27, 27, 27, 27, 27, 27, 27, 27, 27, 27, 27, 25, 25, 25, 25, 25, 25, 25, 25, 25, 25, 25, 24, 24]",23.971014492753625,"[32.971014492753625, 32.98550724637681, 32.96376811594203, 32.97826086956522, 33.0, 32.98550724637681, 32.98550724637681, 32.992753623188406, 32.98550724637681, 32.97826086956522, 32.971014492753625, 32.971014492753625, 32.992753623188406, 32.96376811594203, 32.98550724637681, 32.97826086956522, 32.97826086956522, 32.992753623188406, 32.98550724637681, 32.971014492753625, 32.992753623188406, 32.97826086956522, 32.992753623188406, 32.97826086956522, 32.97826086956522, 32.98550724637681, 32.98550724637681, 32.97826086956522, 32.97826086956522, 32.98550724637681, 32.971014492753625, 32.971014492753625, 33.0, 32.97826086956522, 32.992753623188406, 32.98550724637681, 32.98550724637681, 31.985507246376812, 31.985507246376812, 30.971014492753625, 29.96376811594203, 29.985507246376812, 29.96376811594203, 29.992753623188406, 29.971014492753625, 29.97826086956522, 29.992753623188406, 29.992753623188406, 30.0, 29.985507246376812, 29.985507246376812, 29.985507246376812, 29.97826086956522, 30.0, 30.0, 29.97826086956522, 29.97826086956522, 29.992753623188406, 29.97826086956522, 29.971014492753625, 29.97826086956522, 29.97826086956522, 29.992753623188406, 29.949275362318843, 29.971014492753625, 29.97826086956522, 29.96376811594203, 29.971014492753625, 29.96376811594203, 29.985507246376812, 28.96376811594203, 28.985507246376812, 28.94927536231884, 28.97826086956522, 28.956521739130437, 28.97826086956522, 28.96376811594203, 29.0, 28.96376811594203, 28.949275362318843, 28.985507246376812, 28.985507246376812, 28.97826086956522, 28.97826086956522, 28.992753623188406, 27.971014492753625, 27.992753623188406, 27.97826086956522, 27.971014492753625, 27.956521739130437, 27.97826086956522, 27.956521739130437, 26.96376811594203, 26.96376811594203, 26.96376811594203, 26.956521739130437, 26.97826086956522, 26.97826086956522, 26.971014492753625, 26.956521739130434, 26.97826086956522, 26.942028985507246, 26.96376811594203, 26.956521739130437, 26.971014492753625, 26.963768115942027, 26.985507246376812, 24.985507246376812, 25.0, 24.96376811594203, 24.971014492753625, 24.942028985507246, 24.97826086956522, 24.96376811594203, 24.956521739130437, 24.92028985507246, 24.992753623188406, 24.956521739130437, 23.985507246376812, 23.971014492753625]",0.9124497395123804,0.9255967332637735,24,"[33, 33, 33, 33, 33, 33, 33, 33, 33, 33, 33, 33, 33, 33, 33, 33, 33, 33, 33, 33, 33, 33, 33, 33, 33, 33, 33, 33, 33, 33, 33, 33, 33, 33, 33, 33, 33, 32, 32, 31, 30, 30, 30, 30, 30, 30, 30, 30, 30, 30, 30, 30, 30, 30, 30, 30, 30, 30, 30, 30, 30, 30, 30, 30, 30, 30, 30, 30, 30, 30, 29, 29, 29, 29, 29, 29, 29, 29, 29, 29, 29, 29, 29, 29, 29, 28, 28, 28, 28, 28, 28, 28, 27, 27, 27, 27, 27, 27, 27, 27, 27, 27, 27, 27, 27, 27, 27, 25, 25, 25, 25, 25, 25, 25, 25, 25, 25, 25, 24, 24]",120,"[3.4425415992736816, 4.920734405517578, 11.512124061584473, 1.6462253332138062, 3.078232765197754, 9.090157508850098, 1.5471267700195312, 1.9261242151260376, 2.856865644454956, 1.744826316833496, 2.8616843223571777, 3.4644861221313477, 9.848082542419434, 2.944014072418213, 0.9741445183753967, 7.244916915893555, 0.6499754190444946, 2.338792324066162, 0.646739661693573, 6.5325493812561035, 1.4003801345825195, 7.596123218536377, 2.3594727516174316, 1.3147766590118408, 3.7862637042999268, 1.0408196449279785, 0.6037756204605103, 2.7910289764404297, 1.4777350425720215, 4.749283313751221, 3.171692132949829, 1.2328373193740845, 1.9947832822799683, 2.556079149246216, 2.0288498401641846, 1.4476401805877686, 0.5072949528694153, 1.421565294265747, 0.47938424348831177, 0.7075977921485901, 3.306213617324829, 0.6637992858886719, 0.6471688151359558, 0.8139203786849976, 4.262642860412598, 1.2662627696990967, 0.8079357743263245, 0.7039945125579834, 1.756019115447998, 7.678337574005127, 1.2622735500335693, 1.6374542713165283, 0.6248928904533386, 0.9727233648300171, 0.5498126745223999, 1.6491047143936157, 0.8688386678695679, 1.701157808303833, 0.3770991861820221, 0.7913178205490112, 0.4021776616573334, 2.294501781463623, 0.37283968925476074, 1.8540133237838745, 0.48682740330696106, 0.5793707966804504, 0.5056333541870117, 1.215295672416687, 0.826312243938446, 0.4732576310634613, 1.670608401298523, 0.8410424590110779, 0.7090756297111511, 1.0972145795822144, 1.6168042421340942, 1.0338410139083862, 1.0009537935256958, 0.7848137617111206, 0.816066563129425, 0.5803489685058594, 2.6608283519744873, 0.5342103242874146, 0.7101685404777527, 1.0370169878005981, 2.5333545207977295, 1.157060146331787, 0.4180508553981781, 0.9507102370262146, 0.9092161655426025, 0.9242805242538452, 1.6274288892745972, 1.4957464933395386, 1.3231889009475708, 0.4020344614982605, 0.6488773822784424, 0.7541181445121765, 0.39569252729415894, 1.8375344276428223, 1.1693617105484009, 0.38303542137145996, 0.9065778255462646, 0.6151147484779358, 1.186408281326294, 0.3811873495578766, 2.175957441329956, 0.45429614186286926, 0.6861598491668701, 0.43880730867385864, 0.4053572714328766, 1.9727615118026733, 0.4193662703037262, 0.3827676773071289, 0.39493328332901, 0.3561553657054901, 0.4725888967514038, 1.4702202081680298, 0.5363449454307556, 0.495903879404068, 0.3630084693431854, 0.3228529393672943]",24.0,"[33.0, 33.0, 33.0, 33.0, 33.0, 33.0, 33.0, 33.0, 33.0, 33.0, 33.0, 33.0, 33.0, 33.0, 33.0, 33.0, 33.0, 33.0, 33.0, 33.0, 33.0, 33.0, 33.0, 33.0, 33.0, 33.0, 33.0, 33.0, 33.0, 33.0, 33.0, 33.0, 33.0, 33.0, 33.0, 33.0, 33.0, 32.0, 32.0, 31.0, 30.0, 30.0, 30.0, 30.0, 30.0, 30.0, 30.0, 30.0, 30.0, 30.0, 30.0, 30.0, 30.0, 30.0, 30.0, 30.0, 30.0, 30.0, 30.0, 30.0, 30.0, 30.0, 30.0, 30.0, 30.0, 30.0, 30.0, 30.0, 30.0, 30.0, 29.0, 29.0, 29.0, 29.0, 29.0, 29.0, 29.0, 29.0, 29.0, 29.0, 29.0, 29.0, 29.0, 29.0, 29.0, 28.0, 28.0, 28.0, 28.0, 28.0, 28.0, 28.0, 27.0, 27.0, 27.0, 27.0, 27.0, 27.0, 27.0, 27.0, 27.0, 27.0, 27.0, 27.0, 27.0, 27.0, 27.0, 25.0, 25.0, 25.0, 25.0, 25.0, 25.0, 25.0, 25.0, 25.0, 25.0, 25.0, 24.0, 24.0]",COMPLETE
