,number,value,datetime_start,datetime_complete,duration,params_batch_size_scaler,params_constant_learning_rate,params_depth,params_epochs,params_kernel_l2,params_num_trees,params_temperature,user_attrs_accuracy_test,user_attrs_accuracy_valid,user_attrs_approximate_feature_sparsity,user_attrs_approximate_feature_sparsity_history,user_attrs_approximate_weight_sparsity,user_attrs_approximate_weight_sparsity_history,user_attrs_auc_test,user_attrs_auc_valid,user_attrs_feature_sparsity,user_attrs_feature_sparsity_history,user_attrs_num_epochs,user_attrs_val_loss_history,user_attrs_weight_sparsity,user_attrs_weight_sparsity_history,state
89,89,0.8835903183006789,2024-08-31 04:05:52.335725,2024-08-31 04:09:00.516067,0 days 00:03:08.180342,64,0.7303108318965855,6,315,0.0160060381583707,50,0.0017785876432497348,0.897,0.89625,8,"[33, 33, 33, 33, 33, 33, 33, 33, 33, 33, 33, 33, 33, 33, 33, 33, 33, 33, 33, 33, 33, 33, 33, 33, 33, 33, 33, 33, 33, 33, 33, 33, 33, 33, 33, 33, 33, 33, 33, 33, 33, 33, 33, 33, 33, 33, 33, 33, 33, 33, 33, 33, 33, 33, 33, 33, 33, 33, 33, 33, 33, 33, 33, 33, 33, 33, 33, 33, 33, 33, 33, 33, 33, 33, 33, 33, 33, 33, 33, 32, 32, 29, 28, 26, 25, 21, 20, 20, 20, 20, 20, 18, 18, 17, 16, 16, 14, 14, 14, 14, 14, 14, 13, 13, 13, 13, 12, 12, 12, 12, 12, 12, 12, 12, 12, 12, 12, 12, 12, 11, 11, 11, 11, 10, 10, 10, 10, 10, 10, 10, 10, 10, 10, 10, 10, 10, 10, 10, 10, 10, 10, 10, 9, 9, 9, 9, 9, 9, 9, 9, 9, 9, 9, 8, 8, 8, 8, 8, 8, 8, 8, 8, 8, 8, 8, 8, 8, 8, 8, 8, 8, 8, 8, 8, 8, 8, 8, 8, 8, 8, 8, 8, 8, 8, 8, 8, 8, 8, 8, 8, 8, 8, 8, 8, 8, 8, 8, 8, 8, 8, 8, 8, 8, 8, 8, 8, 8, 8, 8, 8, 8, 8, 8, 8, 8, 8, 8, 8, 8, 8, 8, 8, 8, 8, 8, 8, 8, 8, 8, 8, 8, 8, 8, 8, 8, 8, 8, 8, 8, 8, 8, 8, 8, 8, 8, 8, 8, 8, 8, 8, 8, 8, 8, 8, 8, 8, 8, 8, 8, 8, 8, 8, 8, 8, 8, 8, 8, 8, 8, 8, 8, 8, 8, 8, 8, 8, 8, 8, 8, 8, 8, 8, 8, 8, 8, 8, 8, 8, 8, 8, 8, 8, 8, 8, 8, 8, 8, 8, 8, 8, 8, 8, 8, 8, 8, 8, 8, 8, 8, 8, 8, 8, 8, 8, 8]",7.987301587301587,"[32.916507936507934, 32.9215873015873, 32.922222222222224, 32.91777777777778, 32.91777777777778, 32.9168253968254, 32.916825396825395, 32.922539682539686, 32.92444444444445, 32.91587301587301, 32.92476190476191, 32.92063492063492, 32.9215873015873, 32.9215873015873, 32.92476190476191, 32.91809523809524, 32.9231746031746, 32.917142857142856, 32.92603174603175, 32.92603174603175, 32.924126984126985, 32.91587301587302, 32.917142857142856, 32.9184126984127, 32.91428571428571, 32.913650793650795, 32.91777777777778, 32.917142857142856, 32.91587301587302, 32.91619047619048, 32.92031746031746, 32.92444444444445, 32.93206349206349, 32.93111111111111, 32.925396825396824, 32.92603174603175, 32.9231746031746, 32.923809523809524, 32.91809523809523, 32.920952380952386, 32.9168253968254, 32.91746031746032, 32.92317460317461, 32.92095238095238, 32.922539682539686, 32.9231746031746, 32.92190476190476, 32.92317460317461, 32.9231746031746, 32.924126984126985, 32.922539682539686, 32.91873015873016, 32.91777777777778, 32.91619047619048, 32.91936507936508, 32.92190476190476, 32.92031746031746, 32.91460317460317, 32.91777777777778, 32.911746031746034, 32.91555555555556, 32.91809523809524, 32.919365079365086, 32.92, 32.91746031746032, 32.91269841269842, 32.91269841269841, 32.91777777777777, 32.92285714285714, 32.92444444444445, 32.92507936507936, 32.922222222222224, 32.92349206349206, 32.92761904761905, 32.927301587301585, 32.93047619047619, 32.93142857142857, 32.93015873015873, 32.927301587301585, 31.933650793650795, 31.933650793650795, 28.93968253968254, 27.94, 25.94507936507937, 24.941587301587298, 20.95079365079365, 19.948571428571427, 19.950476190476188, 19.95111111111111, 19.952380952380953, 19.958730158730155, 17.96126984126984, 17.962222222222223, 16.965396825396827, 15.966984126984126, 15.964444444444442, 13.96952380952381, 13.970476190476191, 13.969841269841272, 13.97079365079365, 13.973650793650794, 13.97238095238095, 12.975873015873015, 12.969206349206349, 12.968571428571428, 12.972063492063494, 11.973968253968254, 11.977142857142857, 11.977142857142857, 11.978412698412699, 11.977777777777778, 11.978412698412697, 11.976825396825397, 11.974920634920636, 11.973333333333333, 11.971111111111112, 11.977460317460318, 11.978730158730158, 11.972698412698414, 10.976507936507936, 10.974285714285715, 10.974920634920634, 10.976190476190476, 9.98063492063492, 9.97904761904762, 9.976825396825397, 9.974603174603175, 9.977777777777778, 9.977460317460316, 9.97809523809524, 9.97936507936508, 9.982857142857144, 9.983492063492065, 9.982222222222223, 9.983174603174604, 9.982857142857142, 9.98063492063492, 9.980952380952381, 9.97936507936508, 9.97904761904762, 9.97904761904762, 9.98063492063492, 8.98126984126984, 8.980634920634921, 8.976825396825397, 8.980634920634921, 8.978730158730158, 8.981904761904762, 8.977777777777778, 8.982222222222223, 8.97809523809524, 8.977777777777778, 8.980952380952381, 7.981904761904762, 7.982539682539683, 7.983492063492064, 7.984444444444445, 7.9819047619047625, 7.9819047619047625, 7.982857142857143, 7.9819047619047625, 7.981587301587301, 7.98031746031746, 7.980634920634921, 7.9787301587301585, 7.984761904761905, 7.981587301587302, 7.982222222222222, 7.982539682539683, 7.982222222222223, 7.981269841269841, 7.9825396825396835, 7.985079365079365, 7.986031746031747, 7.984444444444445, 7.984126984126984, 7.982222222222222, 7.983492063492063, 7.98095238095238, 7.982222222222222, 7.981904761904762, 7.983492063492063, 7.986984126984127, 7.985714285714286, 7.983492063492063, 7.984444444444445, 7.984126984126983, 7.984444444444446, 7.984126984126985, 7.986031746031745, 7.983174603174604, 7.981587301587302, 7.985079365079365, 7.984444444444444, 7.983809523809524, 7.986349206349207, 7.9879365079365074, 7.986984126984126, 7.984761904761904, 7.987301587301587, 7.986666666666666, 7.986666666666666, 7.985079365079365, 7.983809523809523, 7.983492063492063, 7.984444444444446, 7.985079365079365, 7.980952380952381, 7.984126984126984, 7.983492063492063, 7.9819047619047625, 7.983174603174603, 7.982539682539683, 7.982857142857142, 7.983809523809525, 7.984444444444445, 7.982222222222223, 7.981587301587301, 7.982857142857143, 7.985079365079365, 7.985079365079366, 7.983809523809525, 7.983492063492064, 7.985396825396825, 7.986349206349206, 7.986349206349207, 7.985079365079366, 7.984444444444445, 7.983174603174603, 7.984126984126984, 7.982539682539683, 7.980952380952381, 7.981587301587302, 7.981269841269841, 7.980952380952381, 7.98031746031746, 7.9812698412698415, 7.98, 7.983174603174604, 7.983809523809525, 7.982222222222222, 7.983174603174604, 7.982857142857142, 7.981904761904762, 7.98031746031746, 7.983174603174603, 7.984761904761904, 7.984126984126984, 7.983809523809524, 7.981587301587302, 7.9812698412698415, 7.982539682539683, 7.983809523809523, 7.986031746031746, 7.986031746031746, 7.985396825396824, 7.983492063492063, 7.9812698412698415, 7.983492063492063, 7.983174603174603, 7.983809523809524, 7.984761904761905, 7.984444444444444, 7.983174603174604, 7.984444444444445, 7.984444444444445, 7.982857142857142, 7.980952380952381, 7.982222222222223, 7.9812698412698415, 7.98031746031746, 7.983809523809524, 7.985079365079366, 7.984126984126985, 7.985079365079365, 7.984126984126984, 7.984444444444445, 7.985079365079365, 7.986984126984128, 7.985714285714286, 7.986349206349207, 7.985396825396826, 7.986031746031745, 7.988571428571428, 7.989206349206349, 7.987619047619048, 7.986666666666667, 7.987619047619048, 7.986984126984126, 7.985714285714286, 7.982857142857142, 7.984444444444444, 7.985396825396825, 7.987936507936508, 7.988571428571428, 7.987936507936508, 7.987301587301587, 7.986031746031746, 7.986349206349207, 7.985079365079365, 7.986984126984127, 7.985714285714286, 7.987301587301587, 7.986031746031747, 7.984761904761905, 7.986031746031746, 7.986349206349207, 7.988888888888889, 7.986666666666667, 7.986349206349205, 7.984444444444445, 7.985714285714285, 7.987936507936508, 7.988253968253968, 7.987301587301587]",0.8531939662645829,0.8835903183006789,8,"[33, 33, 33, 33, 33, 33, 33, 33, 33, 33, 33, 33, 33, 33, 33, 33, 33, 33, 33, 33, 33, 33, 33, 33, 33, 33, 33, 33, 33, 33, 33, 33, 33, 33, 33, 33, 33, 33, 33, 33, 33, 33, 33, 33, 33, 33, 33, 33, 33, 33, 33, 33, 33, 33, 33, 33, 33, 33, 33, 33, 33, 33, 33, 33, 33, 33, 33, 33, 33, 33, 33, 33, 33, 33, 33, 33, 33, 33, 33, 32, 32, 29, 28, 26, 25, 21, 20, 20, 20, 20, 20, 18, 18, 17, 16, 16, 14, 14, 14, 14, 14, 14, 13, 13, 13, 13, 12, 12, 12, 12, 12, 12, 12, 12, 12, 12, 12, 12, 12, 11, 11, 11, 11, 10, 10, 10, 10, 10, 10, 10, 10, 10, 10, 10, 10, 10, 10, 10, 10, 10, 10, 10, 9, 9, 9, 9, 9, 9, 9, 9, 9, 9, 9, 8, 8, 8, 8, 8, 8, 8, 8, 8, 8, 8, 8, 8, 8, 8, 8, 8, 8, 8, 8, 8, 8, 8, 8, 8, 8, 8, 8, 8, 8, 8, 8, 8, 8, 8, 8, 8, 8, 8, 8, 8, 8, 8, 8, 8, 8, 8, 8, 8, 8, 8, 8, 8, 8, 8, 8, 8, 8, 8, 8, 8, 8, 8, 8, 8, 8, 8, 8, 8, 8, 8, 8, 8, 8, 8, 8, 8, 8, 8, 8, 8, 8, 8, 8, 8, 8, 8, 8, 8, 8, 8, 8, 8, 8, 8, 8, 8, 8, 8, 8, 8, 8, 8, 8, 8, 8, 8, 8, 8, 8, 8, 8, 8, 8, 8, 8, 8, 8, 8, 8, 8, 8, 8, 8, 8, 8, 8, 8, 8, 8, 8, 8, 8, 8, 8, 8, 8, 8, 8, 8, 8, 8, 8, 8, 8, 8, 8, 8, 8, 8, 8, 8, 8, 8, 8, 8, 8, 8, 8, 8, 8, 8]",315,"[0.4278130829334259, 0.4023584723472595, 0.39539605379104614, 0.39189183712005615, 0.38932400941848755, 0.3869975209236145, 0.3851410746574402, 0.38381287455558777, 0.38219425082206726, 0.3805147409439087, 0.3790801167488098, 0.3774927854537964, 0.377365380525589, 0.3757133185863495, 0.37506023049354553, 0.37396562099456787, 0.3732423484325409, 0.37231919169425964, 0.3716524839401245, 0.3713723421096802, 0.3711363971233368, 0.36984148621559143, 0.36891138553619385, 0.3682502508163452, 0.36761897802352905, 0.36715686321258545, 0.36651626229286194, 0.36583298444747925, 0.36504849791526794, 0.3645200729370117, 0.3639739155769348, 0.3638390600681305, 0.36302733421325684, 0.3625863194465637, 0.3619767129421234, 0.36184898018836975, 0.3613349199295044, 0.3605406582355499, 0.36070024967193604, 0.36033326387405396, 0.3600377142429352, 0.35899025201797485, 0.3583851754665375, 0.35783135890960693, 0.35711386799812317, 0.3568207919597626, 0.3563411831855774, 0.3557702898979187, 0.35527315735816956, 0.3549678325653076, 0.35471856594085693, 0.354076623916626, 0.3536643087863922, 0.3534931540489197, 0.3525621294975281, 0.35203060507774353, 0.35166239738464355, 0.35098856687545776, 0.35067158937454224, 0.3503345251083374, 0.35020390152931213, 0.34943756461143494, 0.34879669547080994, 0.34828829765319824, 0.3481290936470032, 0.3475228250026703, 0.34703582525253296, 0.3465951979160309, 0.34624359011650085, 0.3455137014389038, 0.3449134826660156, 0.34438905119895935, 0.3439488112926483, 0.34387633204460144, 0.3434351980686188, 0.34306421875953674, 0.3424640893936157, 0.3420462906360626, 0.34123730659484863, 0.34157875180244446, 0.34130722284317017, 0.3398912847042084, 0.3395841717720032, 0.3384341299533844, 0.3380749225616455, 0.3381911516189575, 0.3372107446193695, 0.3369051218032837, 0.33613911271095276, 0.3353063464164734, 0.3353201746940613, 0.3312892019748688, 0.3308674693107605, 0.3310639262199402, 0.33020487427711487, 0.3294048011302948, 0.3302237391471863, 0.3296854496002197, 0.3291659653186798, 0.32862237095832825, 0.32810118794441223, 0.3275468051433563, 0.3289811611175537, 0.3286725878715515, 0.3281230926513672, 0.32743558287620544, 0.32756927609443665, 0.3262699544429779, 0.32579120993614197, 0.32542479038238525, 0.32481878995895386, 0.3243542015552521, 0.3239973485469818, 0.3235298991203308, 0.3229115605354309, 0.322523295879364, 0.321987509727478, 0.3215152621269226, 0.3211027979850769, 0.32238656282424927, 0.32159504294395447, 0.32106512784957886, 0.3207148611545563, 0.32623088359832764, 0.32548418641090393, 0.3248458504676819, 0.32407429814338684, 0.3235425055027008, 0.3229725956916809, 0.32229501008987427, 0.32164713740348816, 0.32126083970069885, 0.3206718862056732, 0.3200918138027191, 0.3197895586490631, 0.3192259669303894, 0.3189297914505005, 0.3182636499404907, 0.31733572483062744, 0.3167928159236908, 0.3163524270057678, 0.3157627284526825, 0.31617841124534607, 0.31550031900405884, 0.31511762738227844, 0.3143974840641022, 0.3137623965740204, 0.313331663608551, 0.3127916753292084, 0.31214454770088196, 0.3116641640663147, 0.31115102767944336, 0.31055331230163574, 0.3157019019126892, 0.3154759109020233, 0.31337475776672363, 0.31291720271110535, 0.31198182702064514, 0.3113557994365692, 0.3107638359069824, 0.31042155623435974, 0.3097229301929474, 0.309132844209671, 0.30851390957832336, 0.3079915940761566, 0.30762171745300293, 0.3072012960910797, 0.30661851167678833, 0.3062475323677063, 0.30565062165260315, 0.30526113510131836, 0.30489233136177063, 0.30465444922447205, 0.3039962947368622, 0.30342021584510803, 0.3032078742980957, 0.30244070291519165, 0.30201178789138794, 0.3014495074748993, 0.3009483218193054, 0.30076801776885986, 0.30021214485168457, 0.29965826869010925, 0.2990076541900635, 0.29850608110427856, 0.2979574203491211, 0.2980487644672394, 0.29722389578819275, 0.2967398464679718, 0.2965725064277649, 0.2958424389362335, 0.2953837811946869, 0.2948529124259949, 0.2945007383823395, 0.2939777970314026, 0.2936152219772339, 0.29303228855133057, 0.292568564414978, 0.29234135150909424, 0.2916344702243805, 0.2912723422050476, 0.2911721169948578, 0.2913709282875061, 0.29029005765914917, 0.2898212671279907, 0.2894023358821869, 0.28911256790161133, 0.2887004613876343, 0.2882757782936096, 0.28771623969078064, 0.2872534990310669, 0.28711462020874023, 0.2866215705871582, 0.2860129177570343, 0.2856706380844116, 0.2854919731616974, 0.28518936038017273, 0.2846267521381378, 0.28415626287460327, 0.28377652168273926, 0.2835613191127777, 0.2830642759799957, 0.2828338146209717, 0.2826758027076721, 0.28237900137901306, 0.2823083996772766, 0.28209710121154785, 0.28165724873542786, 0.2811596393585205, 0.2808498442173004, 0.28034451603889465, 0.2804201543331146, 0.2797902524471283, 0.2796269953250885, 0.2794847786426544, 0.2790990173816681, 0.2786596417427063, 0.27854064106941223, 0.2782677114009857, 0.27835819125175476, 0.2779112756252289, 0.2775404453277588, 0.27751994132995605, 0.2768254578113556, 0.2765446901321411, 0.27640533447265625, 0.276181161403656, 0.27613362669944763, 0.2757364809513092, 0.2755826413631439, 0.2751908600330353, 0.2747337222099304, 0.2745438814163208, 0.2740762531757355, 0.2737470269203186, 0.27321600914001465, 0.273051917552948, 0.27278566360473633, 0.2727709114551544, 0.2723131477832794, 0.2722802758216858, 0.2720058560371399, 0.2720140516757965, 0.27155932784080505, 0.2713828980922699, 0.2709030210971832, 0.2705678939819336, 0.27016931772232056, 0.2699478268623352, 0.26974061131477356, 0.2696800231933594, 0.26947513222694397, 0.2694007158279419, 0.26915454864501953, 0.26917508244514465, 0.2689189314842224, 0.2686079144477844, 0.2682972252368927, 0.2679211497306824, 0.2677222788333893, 0.26733189821243286, 0.2671836018562317, 0.26750341057777405, 0.26671361923217773, 0.2671542167663574, 0.26643335819244385, 0.2658090591430664, 0.2655157446861267, 0.2652667462825775, 0.2650024890899658, 0.26490867137908936, 0.2644888162612915, 0.26418691873550415, 0.2641604244709015, 0.2641662359237671, 0.26367345452308655, 0.2632584273815155, 0.26339852809906006, 0.2630290389060974, 0.2630614638328552, 0.2629704177379608, 0.26244688034057617, 0.2620866596698761, 0.2617648243904114, 0.26147136092185974, 0.26120835542678833, 0.26099422574043274, 0.2612028419971466, 0.26105067133903503, 0.26081591844558716, 0.2607772648334503, 0.2612789571285248, 0.2614501416683197, 0.26077258586883545, 0.2604801058769226]",8.0,"[33.0, 33.0, 33.0, 33.0, 33.0, 33.0, 33.0, 33.0, 33.0, 33.0, 33.0, 33.0, 33.0, 33.0, 33.0, 33.0, 33.0, 33.0, 33.0, 33.0, 33.0, 33.0, 33.0, 33.0, 33.0, 33.0, 33.0, 33.0, 33.0, 33.0, 33.0, 33.0, 33.0, 33.0, 33.0, 33.0, 33.0, 33.0, 33.0, 33.0, 33.0, 33.0, 33.0, 33.0, 33.0, 33.0, 33.0, 33.0, 33.0, 33.0, 33.0, 33.0, 33.0, 33.0, 33.0, 33.0, 33.0, 33.0, 33.0, 33.0, 33.0, 33.0, 33.0, 33.0, 33.0, 33.0, 33.0, 33.0, 33.0, 33.0, 33.0, 33.0, 33.0, 33.0, 33.0, 33.0, 33.0, 33.0, 33.0, 32.0, 32.0, 29.0, 28.0, 26.0, 25.0, 21.0, 20.0, 20.0, 20.0, 20.0, 20.0, 18.0, 18.0, 17.0, 16.0, 16.0, 14.0, 14.0, 14.0, 14.0, 14.0, 14.0, 13.0, 13.0, 13.0, 13.0, 12.0, 12.0, 12.0, 12.0, 12.0, 12.0, 12.0, 12.0, 12.0, 12.0, 12.0, 12.0, 12.0, 11.0, 11.0, 11.0, 11.0, 10.0, 10.0, 10.0, 10.0, 10.0, 10.0, 10.0, 10.0, 10.0, 10.0, 10.0, 10.0, 10.0, 10.0, 10.0, 10.0, 10.0, 10.0, 10.0, 9.0, 9.0, 9.0, 9.0, 9.0, 9.0, 9.0, 9.0, 9.0, 9.0, 9.0, 8.0, 8.0, 8.0, 8.0, 8.0, 8.0, 8.0, 8.0, 8.0, 8.0, 8.0, 8.0, 8.0, 8.0, 8.0, 8.0, 8.0, 8.0, 8.0, 8.0, 8.0, 8.0, 8.0, 8.0, 8.0, 8.0, 8.0, 8.0, 8.0, 8.0, 8.0, 8.0, 8.0, 8.0, 8.0, 8.0, 8.0, 8.0, 8.0, 8.0, 8.0, 8.0, 8.0, 8.0, 8.0, 8.0, 8.0, 8.0, 8.0, 8.0, 8.0, 8.0, 8.0, 8.0, 8.0, 8.0, 8.0, 8.0, 8.0, 8.0, 8.0, 8.0, 8.0, 8.0, 8.0, 8.0, 8.0, 8.0, 8.0, 8.0, 8.0, 8.0, 8.0, 8.0, 8.0, 8.0, 8.0, 8.0, 8.0, 8.0, 8.0, 8.0, 8.0, 8.0, 8.0, 8.0, 8.0, 8.0, 8.0, 8.0, 8.0, 8.0, 8.0, 8.0, 8.0, 8.0, 8.0, 8.0, 8.0, 8.0, 8.0, 8.0, 8.0, 8.0, 8.0, 8.0, 8.0, 8.0, 8.0, 8.0, 8.0, 8.0, 8.0, 8.0, 8.0, 8.0, 8.0, 8.0, 8.0, 8.0, 8.0, 8.0, 8.0, 8.0, 8.0, 8.0, 8.0, 8.0, 8.0, 8.0, 8.0, 8.0, 8.0, 8.0, 8.0, 8.0, 8.0, 8.0, 8.0, 8.0, 8.0, 8.0, 8.0, 8.0, 8.0, 8.0, 8.0, 8.0, 8.0, 8.0, 8.0, 8.0, 8.0, 8.0, 8.0, 8.0, 8.0, 8.0, 8.0, 8.0, 8.0, 8.0]",COMPLETE
