,number,value,datetime_start,datetime_complete,duration,params_batch_size_scaler,params_constant_learning_rate,params_depth,params_epochs,params_kernel_l2,params_num_trees,params_temperature,user_attrs_accuracy_test,user_attrs_accuracy_valid,user_attrs_approximate_feature_sparsity,user_attrs_approximate_feature_sparsity_history,user_attrs_approximate_weight_sparsity,user_attrs_approximate_weight_sparsity_history,user_attrs_auc_test,user_attrs_auc_valid,user_attrs_feature_sparsity,user_attrs_feature_sparsity_history,user_attrs_num_epochs,user_attrs_val_loss_history,user_attrs_weight_sparsity,user_attrs_weight_sparsity_history,state
10,10,0.7195063827594645,2024-08-31 00:45:29.844605,2024-08-31 00:46:18.944287,0 days 00:00:49.099682,64,0.055751868936747905,4,290,0.004669226029558979,58,0.07215177748314319,0.873,0.86875,33,"[33, 33, 33, 33, 33, 33, 33, 33, 33, 33, 33, 33, 33, 33, 33, 33, 33, 33, 33, 33, 33, 33, 33, 33, 33, 33, 33, 33, 33, 33, 33, 33, 33, 33, 33, 33, 33, 33, 33, 33, 33, 33, 33, 33, 33, 33, 33, 33, 33, 33, 33, 33, 33, 33, 33, 33, 33, 33, 33, 33, 33, 33, 33, 33, 33, 33, 33, 33, 33, 33, 33, 33, 33, 33, 33, 33, 33, 33, 33, 33, 33, 33, 33, 33, 33, 33, 33, 33, 33, 33, 33, 33, 33, 33, 33, 33, 33, 33, 33, 33, 33, 33, 33, 33, 33, 33, 33, 33, 33, 33, 33, 33, 33, 33, 33, 33, 33, 33, 33, 33, 33, 33, 33, 33, 33, 33, 33, 33, 33, 33, 33, 33, 33, 33, 33, 33, 33, 33, 33, 33, 33, 33, 33, 33, 33, 33, 33, 33, 33, 33, 33, 33, 33, 33, 33, 33, 33, 33, 33, 33, 33, 33, 33, 33, 33, 33, 33, 33, 33, 33, 33, 33, 33, 33, 33, 33, 33, 33, 33, 33, 33, 33, 33, 33, 33, 33, 33, 33, 33, 33, 33, 33, 33, 33, 33, 33, 33, 33, 33, 33, 33, 33, 33, 33, 33, 33, 33, 33, 33, 33, 33, 33, 33, 33, 33, 33, 33, 33, 33, 33, 33, 33, 33, 33, 33, 33, 33, 33, 33, 33, 33, 33, 33, 33, 33, 33, 33, 33, 33, 33, 33, 33, 33, 33, 33, 33, 33, 33, 33, 33, 33, 33, 33, 33, 33, 33, 33, 33, 33, 33, 33, 33, 33, 33, 33, 33, 33, 33, 33, 33, 33, 33, 33, 33, 33, 33, 33, 33, 33, 33, 33, 33, 33, 33, 33, 33, 33, 33, 33, 33]",32.96666666666667,"[32.95747126436782, 32.95517241379311, 32.95517241379311, 32.95977011494253, 32.95747126436782, 32.95517241379311, 32.95862068965518, 32.96551724137931, 32.96436781609195, 32.96436781609195, 32.96206896551724, 32.96206896551725, 32.96206896551724, 32.9632183908046, 32.95977011494253, 32.95632183908046, 32.96206896551724, 32.96091954022989, 32.96206896551724, 32.96896551724138, 32.96206896551724, 32.9632183908046, 32.96091954022988, 32.96206896551724, 32.96206896551724, 32.96091954022989, 32.95977011494253, 32.96436781609196, 32.97126436781609, 32.9632183908046, 32.96551724137932, 32.9632183908046, 32.95862068965517, 32.95632183908046, 32.95517241379311, 32.95977011494253, 32.96896551724138, 32.96781609195402, 32.96666666666667, 32.97011494252874, 32.96551724137931, 32.96896551724138, 32.96781609195402, 32.96666666666667, 32.96781609195402, 32.96781609195402, 32.9632183908046, 32.96666666666667, 32.95862068965518, 32.95402298850575, 32.95632183908046, 32.9551724137931, 32.95057471264368, 32.95057471264368, 32.95862068965518, 32.95862068965517, 32.9632183908046, 32.96666666666667, 32.9632183908046, 32.96091954022989, 32.9632183908046, 32.96666666666667, 32.96896551724138, 32.97126436781609, 32.97126436781609, 32.97126436781609, 32.96551724137931, 32.9632183908046, 32.96436781609195, 32.96551724137932, 32.96436781609196, 32.96436781609195, 32.96206896551724, 32.96436781609195, 32.97011494252873, 32.96551724137931, 32.96781609195402, 32.96781609195402, 32.97241379310345, 32.96666666666667, 32.97011494252874, 32.97126436781609, 32.96551724137931, 32.95747126436782, 32.95517241379311, 32.95977011494253, 32.97011494252874, 32.97126436781609, 32.96436781609195, 32.96436781609196, 32.96666666666667, 32.96436781609196, 32.96781609195402, 32.96091954022989, 32.95747126436782, 32.96091954022989, 32.95977011494253, 32.95632183908046, 32.96091954022989, 32.95632183908046, 32.95517241379311, 32.95862068965517, 32.96091954022988, 32.96206896551725, 32.96436781609195, 32.95977011494253, 32.95977011494253, 32.96206896551725, 32.95862068965517, 32.95977011494253, 32.9632183908046, 32.96206896551724, 32.95862068965517, 32.95862068965517, 32.95862068965517, 32.96206896551724, 32.96551724137931, 32.95977011494253, 32.95517241379311, 32.95632183908046, 32.96091954022989, 32.95977011494253, 32.95862068965518, 32.95632183908046, 32.95517241379311, 32.95747126436782, 32.95977011494253, 32.95862068965518, 32.96091954022989, 32.95977011494253, 32.96206896551724, 32.96781609195402, 32.9632183908046, 32.96091954022989, 32.96206896551724, 32.96206896551725, 32.96666666666667, 32.96436781609195, 32.96206896551724, 32.96091954022988, 32.9632183908046, 32.96206896551724, 32.96206896551725, 32.96091954022989, 32.95632183908046, 32.95747126436782, 32.96436781609196, 32.95977011494253, 32.96206896551725, 32.96436781609195, 32.96206896551724, 32.96436781609195, 32.96436781609195, 32.9632183908046, 32.96206896551724, 32.95977011494253, 32.95172413793104, 32.95287356321839, 32.95862068965518, 32.95287356321839, 32.95517241379311, 32.95862068965518, 32.96206896551724, 32.95977011494253, 32.96206896551724, 32.95862068965518, 32.95517241379311, 32.94942528735632, 32.95402298850575, 32.95632183908046, 32.96091954022988, 32.95977011494253, 32.9632183908046, 32.96551724137931, 32.96551724137931, 32.96781609195402, 32.96781609195402, 32.97011494252874, 32.96781609195402, 32.96666666666667, 32.96666666666667, 32.96551724137931, 32.96551724137931, 32.96091954022988, 32.96436781609196, 32.96206896551725, 32.96551724137931, 32.96206896551725, 32.96896551724138, 32.9632183908046, 32.96436781609195, 32.9632183908046, 32.9632183908046, 32.9632183908046, 32.9632183908046, 32.96206896551725, 32.9632183908046, 32.96551724137931, 32.9632183908046, 32.96551724137931, 32.95747126436782, 32.95632183908046, 32.95747126436782, 32.95862068965518, 32.96091954022989, 32.96206896551724, 32.96436781609195, 32.96781609195402, 32.96896551724138, 32.9632183908046, 32.97011494252874, 32.96781609195402, 32.96551724137931, 32.96551724137931, 32.96781609195402, 32.96666666666667, 32.96206896551724, 32.96206896551724, 32.9551724137931, 32.95632183908046, 32.95172413793104, 32.95172413793104, 32.95057471264368, 32.94942528735632, 32.95057471264368, 32.94942528735632, 32.95057471264368, 32.95517241379311, 32.95632183908046, 32.95747126436782, 32.95747126436782, 32.95632183908046, 32.95747126436782, 32.95862068965518, 32.96206896551724, 32.95977011494253, 32.95977011494253, 32.95632183908046, 32.96206896551725, 32.9632183908046, 32.96436781609196, 32.96551724137931, 32.96781609195402, 32.96436781609195, 32.96781609195402, 32.96551724137931, 32.96896551724138, 32.96666666666667, 32.9632183908046, 32.96206896551725, 32.96091954022989, 32.96091954022989, 32.96206896551724, 32.9632183908046, 32.96091954022989, 32.96091954022989, 32.9632183908046, 32.95977011494253, 32.95977011494253, 32.95977011494253, 32.96091954022988, 32.9632183908046, 32.96206896551724, 32.96091954022988, 32.96091954022989, 32.96206896551724, 32.96551724137931, 32.96436781609195, 32.96436781609195, 32.96781609195402, 32.96781609195402, 32.96896551724138, 32.96436781609195, 32.9632183908046, 32.96781609195402, 32.9632183908046, 32.96206896551724, 32.96206896551724, 32.9632183908046, 32.96206896551725, 32.96436781609196, 32.96091954022989, 32.96091954022989, 32.9632183908046, 32.96091954022989, 32.95747126436782, 32.96436781609195, 32.9632183908046, 32.96436781609195, 32.96666666666667]",0.7543325159553828,0.7195063827594645,33,"[33, 33, 33, 33, 33, 33, 33, 33, 33, 33, 33, 33, 33, 33, 33, 33, 33, 33, 33, 33, 33, 33, 33, 33, 33, 33, 33, 33, 33, 33, 33, 33, 33, 33, 33, 33, 33, 33, 33, 33, 33, 33, 33, 33, 33, 33, 33, 33, 33, 33, 33, 33, 33, 33, 33, 33, 33, 33, 33, 33, 33, 33, 33, 33, 33, 33, 33, 33, 33, 33, 33, 33, 33, 33, 33, 33, 33, 33, 33, 33, 33, 33, 33, 33, 33, 33, 33, 33, 33, 33, 33, 33, 33, 33, 33, 33, 33, 33, 33, 33, 33, 33, 33, 33, 33, 33, 33, 33, 33, 33, 33, 33, 33, 33, 33, 33, 33, 33, 33, 33, 33, 33, 33, 33, 33, 33, 33, 33, 33, 33, 33, 33, 33, 33, 33, 33, 33, 33, 33, 33, 33, 33, 33, 33, 33, 33, 33, 33, 33, 33, 33, 33, 33, 33, 33, 33, 33, 33, 33, 33, 33, 33, 33, 33, 33, 33, 33, 33, 33, 33, 33, 33, 33, 33, 33, 33, 33, 33, 33, 33, 33, 33, 33, 33, 33, 33, 33, 33, 33, 33, 33, 33, 33, 33, 33, 33, 33, 33, 33, 33, 33, 33, 33, 33, 33, 33, 33, 33, 33, 33, 33, 33, 33, 33, 33, 33, 33, 33, 33, 33, 33, 33, 33, 33, 33, 33, 33, 33, 33, 33, 33, 33, 33, 33, 33, 33, 33, 33, 33, 33, 33, 33, 33, 33, 33, 33, 33, 33, 33, 33, 33, 33, 33, 33, 33, 33, 33, 33, 33, 33, 33, 33, 33, 33, 33, 33, 33, 33, 33, 33, 33, 33, 33, 33, 33, 33, 33, 33, 33, 33, 33, 33, 33, 33, 33, 33, 33, 33, 33, 33]",290,"[0.5939527750015259, 0.4986358880996704, 0.4565543830394745, 0.4333903193473816, 0.4211285412311554, 0.4131935238838196, 0.409218430519104, 0.40615248680114746, 0.4046456813812256, 0.40362223982810974, 0.40239471197128296, 0.40171849727630615, 0.40081626176834106, 0.39998379349708557, 0.3992612063884735, 0.3985751271247864, 0.39793679118156433, 0.3973996341228485, 0.3969047963619232, 0.396391361951828, 0.39583736658096313, 0.395293653011322, 0.3947810232639313, 0.3943849503993988, 0.393978089094162, 0.39347729086875916, 0.3930760324001312, 0.39255160093307495, 0.39217647910118103, 0.3917100429534912, 0.39122822880744934, 0.3908095955848694, 0.3904159665107727, 0.3900042474269867, 0.3896225094795227, 0.38919222354888916, 0.3888135254383087, 0.3885035216808319, 0.3881125748157501, 0.3876931369304657, 0.3873116672039032, 0.386918306350708, 0.3865538537502289, 0.3862015902996063, 0.38584914803504944, 0.3855924606323242, 0.3853306472301483, 0.38512349128723145, 0.38477200269699097, 0.3845580816268921, 0.384296715259552, 0.3840419054031372, 0.3836861550807953, 0.38333311676979065, 0.3830467462539673, 0.3827998638153076, 0.38251885771751404, 0.3821602165699005, 0.38192954659461975, 0.3816700875759125, 0.38143759965896606, 0.3811527490615845, 0.3809262216091156, 0.3806924521923065, 0.38041985034942627, 0.38020116090774536, 0.38000309467315674, 0.3797948360443115, 0.3796534836292267, 0.3794309198856354, 0.37921592593193054, 0.3790115714073181, 0.3788718283176422, 0.37860411405563354, 0.378458172082901, 0.37820443511009216, 0.3780313730239868, 0.37784647941589355, 0.3776180148124695, 0.37740862369537354, 0.3771710693836212, 0.3770378828048706, 0.37684792280197144, 0.3766874670982361, 0.37650907039642334, 0.37633445858955383, 0.3762291371822357, 0.3760133981704712, 0.3758019506931305, 0.37558406591415405, 0.3754076063632965, 0.3752407729625702, 0.3750346302986145, 0.37489253282546997, 0.3747183084487915, 0.37459200620651245, 0.3746972382068634, 0.37446510791778564, 0.37431707978248596, 0.37407025694847107, 0.3741495609283447, 0.3740616738796234, 0.3738758862018585, 0.37372317910194397, 0.37354332208633423, 0.3733927011489868, 0.3731003701686859, 0.3730618357658386, 0.372923344373703, 0.37277287244796753, 0.3726528584957123, 0.37249842286109924, 0.37233275175094604, 0.37224051356315613, 0.3721177279949188, 0.3719843029975891, 0.3719090521335602, 0.371812641620636, 0.37167835235595703, 0.3715875744819641, 0.37153488397598267, 0.3714033365249634, 0.37133148312568665, 0.3712693452835083, 0.3711870610713959, 0.3711540102958679, 0.37095317244529724, 0.3708409368991852, 0.3707162141799927, 0.37060603499412537, 0.3705238401889801, 0.37045302987098694, 0.370174765586853, 0.3700410723686218, 0.3699971139431, 0.369881272315979, 0.3698602020740509, 0.3696916699409485, 0.36958494782447815, 0.36947518587112427, 0.3692849278450012, 0.36910751461982727, 0.36903342604637146, 0.36889591813087463, 0.36886662244796753, 0.3688931167125702, 0.36878135800361633, 0.36865612864494324, 0.3684769868850708, 0.36836621165275574, 0.3682287335395813, 0.3681478500366211, 0.368204802274704, 0.36791473627090454, 0.36773937940597534, 0.3676188588142395, 0.36754685640335083, 0.3675447702407837, 0.36729979515075684, 0.3671922981739044, 0.3671039342880249, 0.3669207692146301, 0.3667703866958618, 0.3667367994785309, 0.36663582921028137, 0.36655768752098083, 0.36645153164863586, 0.36634400486946106, 0.3662511110305786, 0.3661390244960785, 0.3660164177417755, 0.3658718168735504, 0.3657662272453308, 0.36573439836502075, 0.3656587600708008, 0.3656242787837982, 0.3655414283275604, 0.36546289920806885, 0.3654507100582123, 0.36540403962135315, 0.3653028905391693, 0.365253746509552, 0.3650980293750763, 0.36505621671676636, 0.364838570356369, 0.36468401551246643, 0.364654541015625, 0.3645790219306946, 0.3644047975540161, 0.3644031882286072, 0.364234060049057, 0.36415717005729675, 0.3640119135379791, 0.36390000581741333, 0.3638502061367035, 0.3636888265609741, 0.36352044343948364, 0.363526850938797, 0.36343660950660706, 0.363350510597229, 0.3632887601852417, 0.3631727695465088, 0.3631024658679962, 0.36298590898513794, 0.36291468143463135, 0.36281368136405945, 0.3627573251724243, 0.3626803457736969, 0.36259782314300537, 0.36252638697624207, 0.362453818321228, 0.36230480670928955, 0.3621620535850525, 0.3621119558811188, 0.36197686195373535, 0.36188673973083496, 0.36185726523399353, 0.3619047999382019, 0.36186978220939636, 0.36183586716651917, 0.36169368028640747, 0.36157262325286865, 0.3614989221096039, 0.36134833097457886, 0.36123886704444885, 0.3611624240875244, 0.36105963587760925, 0.361053466796875, 0.36108624935150146, 0.3609679341316223, 0.36090293526649475, 0.36073675751686096, 0.36062631011009216, 0.3605164587497711, 0.36050811409950256, 0.3604941666126251, 0.3603864312171936, 0.3602296710014343, 0.3602292537689209, 0.3601250946521759, 0.36007100343704224, 0.35994845628738403, 0.35993748903274536, 0.35994070768356323, 0.35975950956344604, 0.3596670627593994, 0.35960811376571655, 0.3595251142978668, 0.3594687581062317, 0.3593745529651642, 0.35929256677627563, 0.3593873083591461, 0.3592594563961029, 0.3591514825820923, 0.35904747247695923, 0.35899466276168823, 0.35924002528190613, 0.3593651056289673, 0.3591814935207367, 0.3588806390762329, 0.35890692472457886, 0.3589969873428345, 0.3586713671684265, 0.35880720615386963, 0.3588086664676666, 0.3584163784980774, 0.3583090901374817, 0.35822024941444397, 0.3581327497959137, 0.3579038679599762, 0.35776087641716003, 0.35764384269714355, 0.3575344979763031, 0.35742393136024475, 0.35731080174446106, 0.35725167393684387, 0.35715240240097046, 0.3570080101490021, 0.3569334149360657, 0.3568551540374756, 0.3567410409450531, 0.35672515630722046, 0.35661423206329346, 0.35652676224708557, 0.3564334213733673, 0.3564036190509796, 0.35631176829338074, 0.35618507862091064, 0.3560764193534851, 0.35600367188453674]",33.0,"[33.0, 33.0, 33.0, 33.0, 33.0, 33.0, 33.0, 33.0, 33.0, 33.0, 33.0, 33.0, 33.0, 33.0, 33.0, 33.0, 33.0, 33.0, 33.0, 33.0, 33.0, 33.0, 33.0, 33.0, 33.0, 33.0, 33.0, 33.0, 33.0, 33.0, 33.0, 33.0, 33.0, 33.0, 33.0, 33.0, 33.0, 33.0, 33.0, 33.0, 33.0, 33.0, 33.0, 33.0, 33.0, 33.0, 33.0, 33.0, 33.0, 33.0, 33.0, 33.0, 33.0, 33.0, 33.0, 33.0, 33.0, 33.0, 33.0, 33.0, 33.0, 33.0, 33.0, 33.0, 33.0, 33.0, 33.0, 33.0, 33.0, 33.0, 33.0, 33.0, 33.0, 33.0, 33.0, 33.0, 33.0, 33.0, 33.0, 33.0, 33.0, 33.0, 33.0, 33.0, 33.0, 33.0, 33.0, 33.0, 33.0, 33.0, 33.0, 33.0, 33.0, 33.0, 33.0, 33.0, 33.0, 33.0, 33.0, 33.0, 33.0, 33.0, 33.0, 33.0, 33.0, 33.0, 33.0, 33.0, 33.0, 33.0, 33.0, 33.0, 33.0, 33.0, 33.0, 33.0, 33.0, 33.0, 33.0, 33.0, 33.0, 33.0, 33.0, 33.0, 33.0, 33.0, 33.0, 33.0, 33.0, 33.0, 33.0, 33.0, 33.0, 33.0, 33.0, 33.0, 33.0, 33.0, 33.0, 33.0, 33.0, 33.0, 33.0, 33.0, 33.0, 33.0, 33.0, 33.0, 33.0, 33.0, 33.0, 33.0, 33.0, 33.0, 33.0, 33.0, 33.0, 33.0, 33.0, 33.0, 33.0, 33.0, 33.0, 33.0, 33.0, 33.0, 33.0, 33.0, 33.0, 33.0, 33.0, 33.0, 33.0, 33.0, 33.0, 33.0, 33.0, 33.0, 33.0, 33.0, 33.0, 33.0, 33.0, 33.0, 33.0, 33.0, 33.0, 33.0, 33.0, 33.0, 33.0, 33.0, 33.0, 33.0, 33.0, 33.0, 33.0, 33.0, 33.0, 33.0, 33.0, 33.0, 33.0, 33.0, 33.0, 33.0, 33.0, 33.0, 33.0, 33.0, 33.0, 33.0, 33.0, 33.0, 33.0, 33.0, 33.0, 33.0, 33.0, 33.0, 33.0, 33.0, 33.0, 33.0, 33.0, 33.0, 33.0, 33.0, 33.0, 33.0, 33.0, 33.0, 33.0, 33.0, 33.0, 33.0, 33.0, 33.0, 33.0, 33.0, 33.0, 33.0, 33.0, 33.0, 33.0, 33.0, 33.0, 33.0, 33.0, 33.0, 33.0, 33.0, 33.0, 33.0, 33.0, 33.0, 33.0, 33.0, 33.0, 33.0, 33.0, 33.0, 33.0, 33.0, 33.0, 33.0, 33.0, 33.0, 33.0, 33.0, 33.0, 33.0, 33.0, 33.0, 33.0, 33.0, 33.0, 33.0, 33.0, 33.0, 33.0, 33.0, 33.0, 33.0, 33.0, 33.0, 33.0, 33.0, 33.0, 33.0]",COMPLETE
