,number,value,datetime_start,datetime_complete,duration,params_batch_size_scaler,params_constant_learning_rate,params_depth,params_epochs,params_kernel_l2,params_num_trees,params_temperature,user_attrs_accuracy_test,user_attrs_accuracy_valid,user_attrs_approximate_feature_sparsity,user_attrs_approximate_feature_sparsity_history,user_attrs_approximate_weight_sparsity,user_attrs_approximate_weight_sparsity_history,user_attrs_auc_test,user_attrs_auc_valid,user_attrs_feature_sparsity,user_attrs_feature_sparsity_history,user_attrs_num_epochs,user_attrs_val_loss_history,user_attrs_weight_sparsity,user_attrs_weight_sparsity_history,state
14,14,0.5,2024-08-31 00:57:54.828452,2024-08-31 01:01:21.133188,0 days 00:03:26.304736,1,2.6216938007596378,1,460,0.1389069254026063,71,0.09920670368929659,0.859,0.85875,0,"[0, 0, 0, 0, 0, 0, 0, 0, 0, 0, 0, 0, 0, 0, 0, 0, 0, 0, 0, 0, 0, 0, 0, 0, 0, 0, 0, 0, 0, 0, 0, 0, 0, 0, 0, 0, 0, 0, 0, 0, 0, 0, 0, 0, 0, 0, 0, 0, 0, 0, 0, 0, 0, 0, 0, 0, 0, 0, 0, 0, 0, 0, 0, 0, 0, 0, 0, 0, 0, 0, 0, 0, 0, 0, 0, 0, 0, 0, 0, 0, 0, 0, 0, 0, 0, 0, 0, 0, 0, 0, 0, 0, 0, 0, 0, 0, 0, 0, 0, 0, 0, 0, 0, 0, 0, 0, 0, 0, 0, 0, 0, 0, 0, 0, 0, 0, 0, 0, 0, 0, 0, 0, 0, 0, 0, 0, 0, 0, 0, 0, 0, 0, 0, 0, 0, 0, 0, 0, 0, 0, 0, 0, 0, 0, 0, 0, 0, 0, 0, 0, 0, 0, 0, 0, 0, 0, 0, 0, 0, 0, 0, 0, 0, 0, 0, 0, 0, 0, 0, 0, 0, 0, 0, 0, 0, 0, 0, 0, 0, 0, 0, 0, 0, 0, 0, 0, 0, 0, 0, 0, 0, 0, 0, 0, 0, 0, 0, 0, 0, 0, 0, 0, 0, 0, 0, 0, 0, 0, 0, 0, 0, 0, 0, 0, 0, 0, 0, 0, 0, 0, 0, 0, 0, 0, 0, 0, 0, 0, 0, 0, 0, 0, 0, 0, 0, 0, 0, 0, 0, 0, 0, 0, 0, 0, 0, 0, 0, 0, 0, 0, 0, 0, 0, 0, 0, 0, 0, 0, 0, 0, 0, 0, 0, 0, 0, 0, 0, 0, 0, 0, 0, 0, 0, 0, 0, 0, 0, 0, 0, 0, 0, 0, 0, 0, 0, 0, 0, 0, 0, 0, 0, 0, 0, 0, 0, 0, 0, 0, 0, 0, 0, 0, 0, 0, 0, 0, 0, 0, 0, 0, 0, 0, 0, 0, 0, 0, 0, 0, 0, 0, 0, 0, 0, 0, 0, 0, 0, 0, 0, 0, 0, 0, 0, 0, 0, 0, 0, 0, 0, 0, 0, 0, 0, 0, 0, 0, 0, 0, 0, 0, 0, 0, 0, 0, 0, 0, 0, 0, 0, 0, 0, 0, 0, 0, 0, 0, 0, 0, 0, 0, 0, 0, 0, 0, 0, 0, 0, 0, 0, 0, 0, 0, 0, 0, 0, 0, 0, 0, 0, 0, 0, 0, 0, 0, 0, 0, 0, 0, 0, 0, 0, 0, 0, 0, 0, 0, 0, 0, 0, 0, 0, 0, 0, 0, 0, 0, 0, 0, 0, 0, 0, 0, 0, 0, 0, 0, 0, 0, 0, 0, 0, 0, 0, 0, 0, 0, 0, 0, 0, 0, 0, 0, 0, 0, 0, 0, 0, 0, 0, 0, 0, 0, 0, 0, 0, 0, 0, 0, 0, 0]",0.0,"[0.0, 0.0, 0.0, 0.0, 0.0, 0.0, 0.0, 0.0, 0.0, 0.0, 0.0, 0.0, 0.0, 0.0, 0.0, 0.0, 0.0, 0.0, 0.0, 0.0, 0.0, 0.0, 0.0, 0.0, 0.0, 0.0, 0.0, 0.0, 0.0, 0.0, 0.0, 0.0, 0.0, 0.0, 0.0, 0.0, 0.0, 0.0, 0.0, 0.0, 0.0, 0.0, 0.0, 0.0, 0.0, 0.0, 0.0, 0.0, 0.0, 0.0, 0.0, 0.0, 0.0, 0.0, 0.0, 0.0, 0.0, 0.0, 0.0, 0.0, 0.0, 0.0, 0.0, 0.0, 0.0, 0.0, 0.0, 0.0, 0.0, 0.0, 0.0, 0.0, 0.0, 0.0, 0.0, 0.0, 0.0, 0.0, 0.0, 0.0, 0.0, 0.0, 0.0, 0.0, 0.0, 0.0, 0.0, 0.0, 0.0, 0.0, 0.0, 0.0, 0.0, 0.0, 0.0, 0.0, 0.0, 0.0, 0.0, 0.0, 0.0, 0.0, 0.0, 0.0, 0.0, 0.0, 0.0, 0.0, 0.0, 0.0, 0.0, 0.0, 0.0, 0.0, 0.0, 0.0, 0.0, 0.0, 0.0, 0.0, 0.0, 0.0, 0.0, 0.0, 0.0, 0.0, 0.0, 0.0, 0.0, 0.0, 0.0, 0.0, 0.0, 0.0, 0.0, 0.0, 0.0, 0.0, 0.0, 0.0, 0.0, 0.0, 0.0, 0.0, 0.0, 0.0, 0.0, 0.0, 0.0, 0.0, 0.0, 0.0, 0.0, 0.0, 0.0, 0.0, 0.0, 0.0, 0.0, 0.0, 0.0, 0.0, 0.0, 0.0, 0.0, 0.0, 0.0, 0.0, 0.0, 0.0, 0.0, 0.0, 0.0, 0.0, 0.0, 0.0, 0.0, 0.0, 0.0, 0.0, 0.0, 0.0, 0.0, 0.0, 0.0, 0.0, 0.0, 0.0, 0.0, 0.0, 0.0, 0.0, 0.0, 0.0, 0.0, 0.0, 0.0, 0.0, 0.0, 0.0, 0.0, 0.0, 0.0, 0.0, 0.0, 0.0, 0.0, 0.0, 0.0, 0.0, 0.0, 0.0, 0.0, 0.0, 0.0, 0.0, 0.0, 0.0, 0.0, 0.0, 0.0, 0.0, 0.0, 0.0, 0.0, 0.0, 0.0, 0.0, 0.0, 0.0, 0.0, 0.0, 0.0, 0.0, 0.0, 0.0, 0.0, 0.0, 0.0, 0.0, 0.0, 0.0, 0.0, 0.0, 0.0, 0.0, 0.0, 0.0, 0.0, 0.0, 0.0, 0.0, 0.0, 0.0, 0.0, 0.0, 0.0, 0.0, 0.0, 0.0, 0.0, 0.0, 0.0, 0.0, 0.0, 0.0, 0.0, 0.0, 0.0, 0.0, 0.0, 0.0, 0.0, 0.0, 0.0, 0.0, 0.0, 0.0, 0.0, 0.0, 0.0, 0.0, 0.0, 0.0, 0.0, 0.0, 0.0, 0.0, 0.0, 0.0, 0.0, 0.0, 0.0, 0.0, 0.0, 0.0, 0.0, 0.0, 0.0, 0.0, 0.0, 0.0, 0.0, 0.0, 0.0, 0.0, 0.0, 0.0, 0.0, 0.0, 0.0, 0.0, 0.0, 0.0, 0.0, 0.0, 0.0, 0.0, 0.0, 0.0, 0.0, 0.0, 0.0, 0.0, 0.0, 0.0, 0.0, 0.0, 0.0, 0.0, 0.0, 0.0, 0.0, 0.0, 0.0, 0.0, 0.0, 0.0, 0.0, 0.0, 0.0, 0.0, 0.0, 0.0, 0.0, 0.0, 0.0, 0.0, 0.0, 0.0, 0.0, 0.0, 0.0, 0.0, 0.0, 0.0, 0.0, 0.0, 0.0, 0.0, 0.0, 0.0, 0.0, 0.0, 0.0, 0.0, 0.0, 0.0, 0.0, 0.0, 0.0, 0.0, 0.0, 0.0, 0.0, 0.0, 0.0, 0.0, 0.0, 0.0, 0.0, 0.0, 0.0, 0.0, 0.0, 0.0, 0.0, 0.0, 0.0, 0.0, 0.0, 0.0, 0.0, 0.0, 0.0, 0.0, 0.0, 0.0, 0.0, 0.0, 0.0, 0.0, 0.0, 0.0, 0.0, 0.0, 0.0, 0.0, 0.0, 0.0, 0.0, 0.0, 0.0, 0.0, 0.0, 0.0, 0.0, 0.0, 0.0, 0.0, 0.0, 0.0, 0.0, 0.0, 0.0, 0.0, 0.0, 0.0, 0.0, 0.0, 0.0, 0.0, 0.0, 0.0, 0.0, 0.0, 0.0, 0.0, 0.0, 0.0, 0.0, 0.0, 0.0, 0.0, 0.0, 0.0, 0.0, 0.0, 0.0, 0.0, 0.0, 0.0, 0.0, 0.0, 0.0, 0.0, 0.0, 0.0, 0.0, 0.0]",0.5,0.5,0,"[0, 0, 0, 0, 0, 0, 0, 0, 0, 0, 0, 0, 0, 0, 0, 0, 0, 0, 0, 0, 0, 0, 0, 0, 0, 0, 0, 0, 0, 0, 0, 0, 0, 0, 0, 0, 0, 0, 0, 0, 0, 0, 0, 0, 0, 0, 0, 0, 0, 0, 0, 0, 0, 0, 0, 0, 0, 0, 0, 0, 0, 0, 0, 0, 0, 0, 0, 0, 0, 0, 0, 0, 0, 0, 0, 0, 0, 0, 0, 0, 0, 0, 0, 0, 0, 0, 0, 0, 0, 0, 0, 0, 0, 0, 0, 0, 0, 0, 0, 0, 0, 0, 0, 0, 0, 0, 0, 0, 0, 0, 0, 0, 0, 0, 0, 0, 0, 0, 0, 0, 0, 0, 0, 0, 0, 0, 0, 0, 0, 0, 0, 0, 0, 0, 0, 0, 0, 0, 0, 0, 0, 0, 0, 0, 0, 0, 0, 0, 0, 0, 0, 0, 0, 0, 0, 0, 0, 0, 0, 0, 0, 0, 0, 0, 0, 0, 0, 0, 0, 0, 0, 0, 0, 0, 0, 0, 0, 0, 0, 0, 0, 0, 0, 0, 0, 0, 0, 0, 0, 0, 0, 0, 0, 0, 0, 0, 0, 0, 0, 0, 0, 0, 0, 0, 0, 0, 0, 0, 0, 0, 0, 0, 0, 0, 0, 0, 0, 0, 0, 0, 0, 0, 0, 0, 0, 0, 0, 0, 0, 0, 0, 0, 0, 0, 0, 0, 0, 0, 0, 0, 0, 0, 0, 0, 0, 0, 0, 0, 0, 0, 0, 0, 0, 0, 0, 0, 0, 0, 0, 0, 0, 0, 0, 0, 0, 0, 0, 0, 0, 0, 0, 0, 0, 0, 0, 0, 0, 0, 0, 0, 0, 0, 0, 0, 0, 0, 0, 0, 0, 0, 0, 0, 0, 0, 0, 0, 0, 0, 0, 0, 0, 0, 0, 0, 0, 0, 0, 0, 0, 0, 0, 0, 0, 0, 0, 0, 0, 0, 0, 0, 0, 0, 0, 0, 0, 0, 0, 0, 0, 0, 0, 0, 0, 0, 0, 0, 0, 0, 0, 0, 0, 0, 0, 0, 0, 0, 0, 0, 0, 0, 0, 0, 0, 0, 0, 0, 0, 0, 0, 0, 0, 0, 0, 0, 0, 0, 0, 0, 0, 0, 0, 0, 0, 0, 0, 0, 0, 0, 0, 0, 0, 0, 0, 0, 0, 0, 0, 0, 0, 0, 0, 0, 0, 0, 0, 0, 0, 0, 0, 0, 0, 0, 0, 0, 0, 0, 0, 0, 0, 0, 0, 0, 0, 0, 0, 0, 0, 0, 0, 0, 0, 0, 0, 0, 0, 0, 0, 0, 0, 0, 0, 0, 0, 0, 0, 0, 0, 0, 0, 0, 0, 0, 0, 0, 0, 0, 0, 0, 0, 0, 0, 0, 0, 0, 0, 0, 0, 0, 0, 0]",460,"[19.008190155029297, 10.741703987121582, 2.5241823196411133, 20.426830291748047, 12.383790016174316, 3.9977023601531982, 35.6371955871582, 12.384106636047363, 3.9618396759033203, 24.613962173461914, 13.821320533752441, 5.691934108734131, 14.320713996887207, 15.552757263183594, 7.454296112060547, 6.218996524810791, 17.311687469482422, 9.097258567810059, 0.9552778005599976, 18.787046432495117, 10.526615142822266, 2.5447793006896973, 35.691322326660156, 12.384068489074707, 4.167725563049316, 24.62814712524414, 14.0869722366333, 5.678757190704346, 14.623688697814941, 15.55344009399414, 7.335495471954346, 5.670182704925537, 17.36492156982422, 8.91914176940918, 0.766326367855072, 19.012527465820312, 10.570640563964844, 2.575523614883423, 20.481595993041992, 12.532994270324707, 3.997589111328125, 22.111753463745117, 14.027005195617676, 5.679072856903076, 15.455413818359375, 15.500260353088379, 7.505506992340088, 4.32802677154541, 17.313608169555664, 8.891487121582031, 0.9965705275535583, 18.840333938598633, 10.740950584411621, 2.405308961868286, 20.467775344848633, 12.383744239807129, 4.167449474334717, 22.271583557128906, 13.85720443725586, 5.863507270812988, 23.716779708862305, 15.670653343200684, 7.335454940795898, 4.32910680770874, 17.143695831298828, 8.927591323852539, 0.8831361532211304, 19.030134201049805, 10.740518569946289, 2.407273292541504, 20.481307983398438, 12.435105323791504, 4.048915863037109, 25.336538314819336, 14.027060508728027, 5.6598076820373535, 23.716638565063477, 15.431021690368652, 7.453929424285889, 5.90235710144043, 17.196962356567383, 8.918807029724121, 0.933613657951355, 18.8380184173584, 10.855337142944336, 2.532240629196167, 34.606483459472656, 12.264969825744629, 4.218967437744141, 22.124858856201172, 14.141108512878418, 5.574820518493652, 14.096086502075195, 15.500266075134277, 7.207004547119141, 25.41177749633789, 17.195110321044922, 8.966014862060547, 0.8828953504562378, 19.008214950561523, 10.534784317016602, 2.523810386657715, 20.366649627685547, 12.566580772399902, 4.30720853805542, 24.615924835205078, 13.908570289611816, 5.604791641235352, 23.708227157592773, 15.808039665222168, 7.541041374206543, 4.649332523345947, 17.143665313720703, 8.841121673583984, 0.882809042930603, 18.839963912963867, 10.619482040405273, 2.53719425201416, 20.39457130432129, 12.126900672912598, 3.8749032020568848, 21.987272262573242, 13.906325340270996, 5.640649795532227, 14.625207901000977, 15.501492500305176, 7.262244701385498, 4.3316450119018555, 17.313602447509766, 8.94626235961914, 0.7175467610359192, 18.8404598236084, 10.740601539611816, 2.3542914390563965, 20.65148162841797, 12.104436874389648, 3.934117317199707, 24.08661651611328, 13.895407676696777, 5.925341606140137, 14.0951509475708, 15.683441162109375, 7.241169452667236, 4.6394362449646, 17.311954498291016, 8.978728294372559, 0.8831358551979065, 18.72340965270996, 10.827733993530273, 2.318422317504883, 20.430255889892578, 12.213850975036621, 3.9604053497314453, 26.001625061035156, 13.908577919006348, 5.692172050476074, 23.7678165435791, 15.819733619689941, 7.335364818572998, 5.4375762939453125, 17.195117950439453, 8.9271879196167, 0.8828521966934204, 18.70072364807129, 10.738883018493652, 2.4054038524627686, 20.307682037353516, 12.171722412109375, 4.166066646575928, 24.510393142700195, 13.835309982299805, 5.810617446899414, 23.88698959350586, 15.538680076599121, 7.453981399536133, 5.3457746505737305, 17.313554763793945, 8.976066589355469, 0.8812425136566162, 18.837980270385742, 10.860590934753418, 2.40535044670105, 20.600082397460938, 12.177093505859375, 4.222997188568115, 22.243349075317383, 14.142422676086426, 5.692164421081543, 14.623693466186523, 15.72054672241211, 7.505203723907471, 5.357438564300537, 17.326704025268555, 8.89164924621582, 0.7665773034095764, 0.6911991834640503, 18.8402099609375, 10.740797996520996, 2.552849531173706, 34.294212341308594, 12.26524543762207, 4.167446136474609, 22.294729232788086, 13.848541259765625, 5.5545654296875, 15.423254013061523, 15.721675872802734, 7.337083339691162, 25.378942489624023, 17.1393985748291, 8.978984832763672, 0.767235279083252, 18.957103729248047, 10.892621994018555, 2.5520243644714355, 20.481603622436523, 12.521395683288574, 3.9617104530334473, 24.086627960205078, 14.027207374572754, 5.598861217498779, 23.76818084716797, 15.670042991638184, 7.4543070793151855, 5.678025722503662, 17.056842803955078, 8.927358627319336, 1.269801139831543, 17.18219566345215, 9.184447288513184, 0.767234206199646, 18.74810028076172, 10.62170124053955, 2.3457283973693848, 20.42879295349121, 12.214949607849121, 4.048591613769531, 24.616273880004883, 14.077132225036621, 5.601948261260986, 14.545258522033691, 15.50024700164795, 7.335128307342529, 4.119390487670898, 17.135143280029297, 9.25426197052002, 0.8828140497207642, 18.838193893432617, 10.522940635681152, 2.524488687515259, 34.60670471191406, 12.434098243713379, 4.036074638366699, 22.124876022338867, 13.814953804016113, 5.615603446960449, 14.47594928741455, 15.501468658447266, 7.453934192657471, 4.639377593994141, 17.055387496948242, 8.980360984802246, 0.7670783400535583, 18.838525772094727, 10.768282890319824, 2.5754587650299072, 20.650209426879883, 12.213903427124023, 4.218785762786865, 22.073528289794922, 14.05942153930664, 5.632254600524902, 23.76809310913086, 15.103880882263184, 8.97909164428711, 0.7542175054550171, 19.07753562927246, 10.773070335388184, 2.57551908493042, 20.448833465576172, 12.435101509094238, 4.266490459442139, 22.11174964904785, 13.751503944396973, 5.693771839141846, 13.570362091064453, 15.551471710205078, 7.505480766296387, 4.639709949493408, 17.195066452026367, 8.978757858276367, 0.8831707239151001, 18.82514762878418, 10.528145790100098, 2.403341293334961, 20.481603622436523, 12.435561180114746, 4.165805339813232, 25.336606979370117, 13.908525466918945, 5.810713291168213, 14.312017440795898, 15.670610427856445, 7.335386276245117, 4.639379978179932, 17.137306213378906, 8.978656768798828, 0.7668762803077698, 18.837148666381836, 10.62198257446289, 2.405627489089966, 20.468894958496094, 12.26498031616211, 4.167391777038574, 25.375341415405273, 13.852983474731445, 5.902799129486084, 23.680932998657227, 15.538687705993652, 7.504116058349609, 5.6691179275512695, 17.363903045654297, 8.833781242370605, 0.7161216735839844, 19.00717544555664, 10.740518569946289, 2.231034755706787, 20.610960006713867, 12.263049125671387, 3.9112908840179443, 25.33624839782715, 14.025420188903809, 5.492022514343262, 13.659302711486816, 15.538604736328125, 7.541041374206543, 5.670180797576904, 17.107994079589844, 8.97876262664795, 0.7175418734550476, 18.956880569458008, 10.740520477294922, 2.5241265296936035, 20.430076599121094, 12.213537216186523, 4.217489242553711, 22.243722915649414, 14.025463104248047, 5.693810939788818, 14.625367164611816, 15.72184944152832, 7.2839202880859375, 4.308170318603516, 17.31360626220703, 8.927366256713867, 0.8894592523574829, 19.001985549926758, 10.621708869934082, 2.405635356903076, 20.650102615356445, 12.470829010009766, 4.167449951171875, 22.064950942993164, 13.901833534240723, 5.691739559173584, 23.767854690551758, 15.551513671875, 7.3354949951171875, 5.351808547973633, 17.364978790283203, 8.92317008972168, 0.7188184857368469, 18.956825256347656, 10.74079704284668, 2.5838537216186523, 20.476882934570312, 12.512242317199707, 3.9973807334899902, 22.294771194458008, 14.114699363708496, 5.692173004150391, 15.68371868133545, 15.543689727783203, 7.290062427520752, 4.639387607574463, 17.313602447509766, 9.097332000732422, 0.8828579187393188, 18.8251895904541, 10.570640563964844, 2.4053571224212646, 20.48028564453125, 12.197858810424805, 4.254645824432373, 22.294750213623047, 14.078404426574707, 5.810730457305908, 14.626559257507324, 15.464570045471191, 7.2206525802612305, 5.719454765319824, 17.369243621826172, 8.978679656982422, 0.7684704661369324, 18.72358512878418, 10.57065200805664, 2.3542652130126953, 35.639034271240234, 12.26565170288086, 4.048623561859131, 22.243366241455078, 14.078773498535156, 5.640071868896484, 14.625415802001953, 15.757393836975098, 7.3354339599609375, 4.328020095825195, 17.399873733520508, 8.9273681640625, 0.6576177477836609, 19.071672439575195, 10.622031211853027, 2.6612508296966553, 20.481584548950195, 12.498597145080566, 4.217477798461914, 24.303918838500977, 13.81299114227295, 5.604976654052734, 23.68109130859375, 15.670282363891602, 7.337461471557617, 5.668930530548096, 17.34593963623047, 9.21438217163086, 0.7356789112091064, 19.113872528076172, 10.59260368347168, 2.3018293380737305, 35.630889892578125, 12.179150581359863, 4.218783378601074, 22.073562622070312, 13.908245086669922, 5.692175388336182, 15.875075340270996, 15.683516502380371, 7.55312442779541, 4.637774467468262, 17.3136043548584, 8.978389739990234, 0.9336088299751282, 18.751258850097656, 10.740509986877441, 2.3554999828338623, 20.651235580444336, 12.471007347106934, 4.048591136932373, 25.338279724121094, 14.025413513183594]",0.0,"[0.0, 0.0, 0.0, 0.0, 0.0, 0.0, 0.0, 0.0, 0.0, 0.0, 0.0, 0.0, 0.0, 0.0, 0.0, 0.0, 0.0, 0.0, 0.0, 0.0, 0.0, 0.0, 0.0, 0.0, 0.0, 0.0, 0.0, 0.0, 0.0, 0.0, 0.0, 0.0, 0.0, 0.0, 0.0, 0.0, 0.0, 0.0, 0.0, 0.0, 0.0, 0.0, 0.0, 0.0, 0.0, 0.0, 0.0, 0.0, 0.0, 0.0, 0.0, 0.0, 0.0, 0.0, 0.0, 0.0, 0.0, 0.0, 0.0, 0.0, 0.0, 0.0, 0.0, 0.0, 0.0, 0.0, 0.0, 0.0, 0.0, 0.0, 0.0, 0.0, 0.0, 0.0, 0.0, 0.0, 0.0, 0.0, 0.0, 0.0, 0.0, 0.0, 0.0, 0.0, 0.0, 0.0, 0.0, 0.0, 0.0, 0.0, 0.0, 0.0, 0.0, 0.0, 0.0, 0.0, 0.0, 0.0, 0.0, 0.0, 0.0, 0.0, 0.0, 0.0, 0.0, 0.0, 0.0, 0.0, 0.0, 0.0, 0.0, 0.0, 0.0, 0.0, 0.0, 0.0, 0.0, 0.0, 0.0, 0.0, 0.0, 0.0, 0.0, 0.0, 0.0, 0.0, 0.0, 0.0, 0.0, 0.0, 0.0, 0.0, 0.0, 0.0, 0.0, 0.0, 0.0, 0.0, 0.0, 0.0, 0.0, 0.0, 0.0, 0.0, 0.0, 0.0, 0.0, 0.0, 0.0, 0.0, 0.0, 0.0, 0.0, 0.0, 0.0, 0.0, 0.0, 0.0, 0.0, 0.0, 0.0, 0.0, 0.0, 0.0, 0.0, 0.0, 0.0, 0.0, 0.0, 0.0, 0.0, 0.0, 0.0, 0.0, 0.0, 0.0, 0.0, 0.0, 0.0, 0.0, 0.0, 0.0, 0.0, 0.0, 0.0, 0.0, 0.0, 0.0, 0.0, 0.0, 0.0, 0.0, 0.0, 0.0, 0.0, 0.0, 0.0, 0.0, 0.0, 0.0, 0.0, 0.0, 0.0, 0.0, 0.0, 0.0, 0.0, 0.0, 0.0, 0.0, 0.0, 0.0, 0.0, 0.0, 0.0, 0.0, 0.0, 0.0, 0.0, 0.0, 0.0, 0.0, 0.0, 0.0, 0.0, 0.0, 0.0, 0.0, 0.0, 0.0, 0.0, 0.0, 0.0, 0.0, 0.0, 0.0, 0.0, 0.0, 0.0, 0.0, 0.0, 0.0, 0.0, 0.0, 0.0, 0.0, 0.0, 0.0, 0.0, 0.0, 0.0, 0.0, 0.0, 0.0, 0.0, 0.0, 0.0, 0.0, 0.0, 0.0, 0.0, 0.0, 0.0, 0.0, 0.0, 0.0, 0.0, 0.0, 0.0, 0.0, 0.0, 0.0, 0.0, 0.0, 0.0, 0.0, 0.0, 0.0, 0.0, 0.0, 0.0, 0.0, 0.0, 0.0, 0.0, 0.0, 0.0, 0.0, 0.0, 0.0, 0.0, 0.0, 0.0, 0.0, 0.0, 0.0, 0.0, 0.0, 0.0, 0.0, 0.0, 0.0, 0.0, 0.0, 0.0, 0.0, 0.0, 0.0, 0.0, 0.0, 0.0, 0.0, 0.0, 0.0, 0.0, 0.0, 0.0, 0.0, 0.0, 0.0, 0.0, 0.0, 0.0, 0.0, 0.0, 0.0, 0.0, 0.0, 0.0, 0.0, 0.0, 0.0, 0.0, 0.0, 0.0, 0.0, 0.0, 0.0, 0.0, 0.0, 0.0, 0.0, 0.0, 0.0, 0.0, 0.0, 0.0, 0.0, 0.0, 0.0, 0.0, 0.0, 0.0, 0.0, 0.0, 0.0, 0.0, 0.0, 0.0, 0.0, 0.0, 0.0, 0.0, 0.0, 0.0, 0.0, 0.0, 0.0, 0.0, 0.0, 0.0, 0.0, 0.0, 0.0, 0.0, 0.0, 0.0, 0.0, 0.0, 0.0, 0.0, 0.0, 0.0, 0.0, 0.0, 0.0, 0.0, 0.0, 0.0, 0.0, 0.0, 0.0, 0.0, 0.0, 0.0, 0.0, 0.0, 0.0, 0.0, 0.0, 0.0, 0.0, 0.0, 0.0, 0.0, 0.0, 0.0, 0.0, 0.0, 0.0, 0.0, 0.0, 0.0, 0.0, 0.0, 0.0, 0.0, 0.0, 0.0, 0.0, 0.0, 0.0, 0.0, 0.0, 0.0, 0.0, 0.0, 0.0, 0.0, 0.0, 0.0, 0.0, 0.0, 0.0, 0.0, 0.0, 0.0, 0.0, 0.0, 0.0, 0.0, 0.0, 0.0, 0.0, 0.0, 0.0, 0.0, 0.0, 0.0, 0.0, 0.0, 0.0, 0.0, 0.0, 0.0, 0.0, 0.0, 0.0, 0.0, 0.0]",COMPLETE
