,number,value,datetime_start,datetime_complete,duration,params_batch_size_scaler,params_constant_learning_rate,params_depth,params_epochs,params_kernel_l2,params_num_trees,params_temperature,user_attrs_accuracy_test,user_attrs_accuracy_valid,user_attrs_approximate_feature_sparsity,user_attrs_approximate_feature_sparsity_history,user_attrs_approximate_weight_sparsity,user_attrs_approximate_weight_sparsity_history,user_attrs_auc_test,user_attrs_auc_valid,user_attrs_feature_sparsity,user_attrs_feature_sparsity_history,user_attrs_num_epochs,user_attrs_val_loss_history,user_attrs_weight_sparsity,user_attrs_weight_sparsity_history,state
166,166,0.9373832618412747,2024-08-31 07:20:34.568866,2024-08-31 07:21:20.082511,0 days 00:00:45.513645,16,0.46300069930908616,3,350,0.0018991253863739007,42,0.00031595571711445346,0.947,0.955,32,"[33, 33, 33, 33, 33, 33, 33, 33, 33, 33, 33, 33, 33, 33, 33, 33, 33, 33, 33, 33, 33, 33, 33, 33, 33, 33, 33, 33, 33, 33, 33, 33, 33, 33, 33, 33, 33, 33, 33, 33, 33, 33, 33, 33, 33, 33, 33, 33, 33, 33, 33, 33, 33, 33, 33, 33, 33, 33, 33, 33, 33, 33, 33, 33, 33, 33, 33, 33, 33, 33, 33, 33, 33, 33, 33, 33, 33, 33, 33, 33, 33, 33, 33, 33, 33, 33, 33, 33, 33, 33, 33, 33, 33, 33, 33, 33, 33, 33, 33, 33, 33, 33, 33, 33, 33, 33, 33, 33, 33, 33, 33, 33, 33, 33, 33, 33, 33, 33, 33, 33, 33, 33, 33, 33, 33, 33, 33, 33, 33, 33, 33, 33, 33, 33, 33, 33, 33, 33, 33, 33, 33, 33, 33, 33, 33, 33, 33, 33, 33, 33, 33, 33, 33, 33, 33, 33, 33, 33, 33, 33, 33, 33, 33, 33, 33, 33, 33, 33, 33, 33, 33, 33, 33, 33, 33, 33, 33, 33, 33, 33, 33, 33, 33, 33, 33, 33, 33, 33, 33, 33, 33, 33, 33, 33, 33, 33, 33, 33, 33, 33, 33, 33, 33, 33, 33, 33, 33, 33, 33, 33, 33, 33, 33, 33, 33, 33, 33, 33, 33, 33, 33, 33, 33, 33, 33, 33, 33, 33, 33, 33, 33, 33, 33, 33, 33, 33, 33, 33, 33, 33, 33, 33, 33, 33, 33, 33, 33, 33, 33, 33, 33, 33, 33, 33, 33, 32, 32, 32, 32, 32, 32, 32, 32, 32, 32, 32, 32, 32, 32, 32, 32, 32, 32, 32, 32, 32, 32, 32, 32, 32, 32, 32, 32, 32, 32, 32, 32, 32, 32, 32, 32, 32, 32, 32, 32, 32, 32, 32, 32, 32, 32, 32, 32, 32, 32, 32, 32, 32, 32, 32, 32, 32, 32, 32, 32, 32, 32, 32, 32, 32, 32, 32, 32, 32, 32, 32, 32, 32, 32, 32, 32, 32, 32, 32, 32, 32, 32, 32, 32, 32, 32, 32, 32, 32, 32, 32, 32, 32, 32, 32]",31.986394557823132,"[32.98639455782313, 32.976190476190474, 32.976190476190474, 32.96938775510204, 32.982993197278915, 32.98979591836735, 32.97278911564626, 32.98639455782313, 32.96938775510204, 32.96938775510204, 32.976190476190474, 32.97959183673469, 32.96938775510204, 32.965986394557824, 32.97959183673469, 32.96938775510204, 32.965986394557824, 32.96938775510204, 32.97278911564626, 32.955782312925166, 32.97278911564626, 32.965986394557824, 32.97278911564626, 32.97959183673469, 32.97959183673469, 32.96258503401361, 32.976190476190474, 32.97959183673469, 32.965986394557824, 32.965986394557824, 32.96938775510204, 32.97959183673469, 32.9625850340136, 32.97278911564626, 32.98299319727891, 32.976190476190474, 32.97278911564626, 32.976190476190474, 32.9625850340136, 32.96938775510204, 32.96938775510204, 32.97278911564626, 32.96598639455782, 32.96258503401361, 32.97278911564626, 32.96258503401361, 32.9625850340136, 32.95918367346938, 32.965986394557824, 32.96938775510204, 32.97278911564626, 32.97278911564626, 32.98299319727891, 32.95918367346939, 32.965986394557824, 32.97959183673469, 32.976190476190474, 32.96938775510204, 32.976190476190474, 32.9795918367347, 32.97278911564626, 32.97278911564626, 32.976190476190474, 32.97278911564626, 32.96938775510204, 32.96258503401361, 32.9795918367347, 32.97959183673469, 32.982993197278915, 32.976190476190474, 32.97959183673469, 32.9625850340136, 32.96598639455782, 32.96938775510204, 32.96938775510204, 32.976190476190474, 32.976190476190474, 32.98639455782313, 32.97278911564626, 32.98639455782313, 32.965986394557824, 32.98299319727891, 32.97278911564626, 32.98639455782313, 32.976190476190474, 32.965986394557824, 32.98299319727891, 32.96938775510204, 32.976190476190474, 32.976190476190474, 32.96938775510204, 32.982993197278915, 32.97959183673469, 32.9795918367347, 32.97278911564626, 32.98639455782313, 32.95918367346938, 32.965986394557824, 32.98639455782313, 32.97959183673469, 32.98299319727891, 32.976190476190474, 32.98299319727891, 32.96938775510204, 32.97278911564626, 32.965986394557824, 32.96938775510204, 32.965986394557824, 32.976190476190474, 32.97278911564626, 32.97278911564626, 32.97278911564626, 32.97278911564626, 32.976190476190474, 32.97278911564626, 32.976190476190474, 32.976190476190474, 32.97959183673469, 32.98299319727891, 32.98639455782313, 32.976190476190474, 32.97959183673469, 32.98979591836735, 32.9795918367347, 32.96938775510204, 32.97278911564626, 32.97278911564626, 32.98299319727891, 32.96938775510204, 32.98299319727891, 32.965986394557824, 32.98979591836735, 32.976190476190474, 32.993197278911566, 32.98299319727891, 32.98979591836735, 32.98979591836735, 32.993197278911566, 32.98979591836735, 32.98639455782313, 32.98639455782313, 32.965986394557824, 32.976190476190474, 32.98639455782313, 32.98979591836735, 32.976190476190474, 32.99659863945578, 32.97959183673469, 32.98979591836735, 32.98639455782313, 32.98979591836735, 32.98979591836735, 32.99659863945578, 32.99659863945578, 32.98639455782313, 32.993197278911566, 32.96938775510204, 32.9795918367347, 32.97959183673469, 32.97959183673469, 32.993197278911566, 32.97278911564626, 32.98639455782313, 32.97959183673469, 32.993197278911566, 32.99659863945578, 32.982993197278915, 32.98639455782313, 32.976190476190474, 32.98299319727891, 32.98299319727891, 32.98299319727891, 32.982993197278915, 32.98639455782313, 32.976190476190474, 32.993197278911566, 32.97959183673469, 32.98299319727891, 32.97278911564626, 32.98299319727891, 32.98639455782313, 32.97959183673469, 32.965986394557824, 32.976190476190474, 32.976190476190474, 32.976190476190474, 32.965986394557824, 32.96938775510204, 32.96938775510204, 32.97278911564626, 32.97959183673469, 32.96938775510204, 32.97959183673469, 32.96938775510204, 32.96938775510204, 32.965986394557824, 32.9625850340136, 32.9625850340136, 32.96938775510204, 32.97278911564626, 32.97278911564626, 32.96258503401361, 32.97959183673469, 32.97278911564626, 32.97959183673469, 32.976190476190474, 32.976190476190474, 32.98299319727891, 32.965986394557824, 32.97278911564626, 32.96938775510204, 32.96938775510204, 32.982993197278915, 32.97278911564626, 32.97278911564626, 32.976190476190474, 32.96938775510204, 32.95918367346938, 32.95238095238095, 32.96938775510204, 32.96258503401361, 32.95918367346938, 32.965986394557824, 32.96938775510204, 32.97959183673469, 32.97278911564626, 32.96938775510204, 32.94897959183673, 32.98639455782313, 32.97278911564626, 32.96938775510204, 32.965986394557824, 32.976190476190474, 32.98639455782313, 32.982993197278915, 32.97959183673469, 32.993197278911566, 32.98639455782313, 32.993197278911566, 32.98639455782313, 32.976190476190474, 32.97959183673469, 32.982993197278915, 32.98299319727891, 32.976190476190474, 32.95918367346938, 32.982993197278915, 32.97959183673469, 32.97959183673469, 32.976190476190474, 32.98979591836735, 32.98639455782313, 32.982993197278915, 32.99659863945578, 32.98979591836735, 31.98639455782313, 31.993197278911566, 31.996598639455783, 32.0, 31.982993197278912, 31.97959183673469, 31.96938775510204, 31.97959183673469, 31.98299319727891, 31.982993197278912, 31.97959183673469, 31.982993197278912, 31.979591836734695, 31.979591836734695, 31.98639455782313, 31.97959183673469, 31.972789115646258, 31.98639455782313, 31.979591836734695, 31.993197278911566, 31.986394557823132, 31.96938775510204, 31.972789115646258, 31.97959183673469, 31.976190476190474, 31.98299319727891, 31.98639455782313, 31.972789115646258, 31.976190476190474, 31.976190476190474, 31.98299319727891, 31.98639455782313, 31.98979591836735, 31.98639455782313, 31.98979591836735, 31.976190476190474, 31.982993197278912, 31.982993197278912, 31.98639455782313, 31.98979591836735, 31.98639455782313, 31.97959183673469, 31.98299319727891, 31.98299319727891, 31.98639455782313, 31.98979591836735, 31.993197278911566, 31.996598639455783, 31.98979591836735, 31.98299319727891, 31.976190476190474, 31.97959183673469, 31.98639455782313, 31.976190476190474, 31.996598639455783, 31.993197278911566, 31.993197278911566, 31.993197278911566, 31.986394557823132, 31.993197278911566, 32.0, 31.98639455782313, 31.98639455782313, 31.97959183673469, 31.98979591836735, 31.98979591836735, 31.982993197278912, 31.98299319727891, 31.979591836734695, 31.98639455782313, 31.989795918367346, 31.989795918367346, 31.98979591836735, 31.98639455782313, 31.976190476190478, 31.982993197278912, 31.98979591836735, 31.98639455782313, 31.982993197278912, 31.97959183673469, 31.986394557823132, 31.98299319727891, 31.972789115646258, 31.97959183673469, 31.98639455782313, 31.97959183673469, 31.98979591836735, 31.98299319727891, 31.976190476190474, 31.976190476190474, 31.98299319727891, 31.98639455782313, 31.98639455782313, 31.972789115646258, 31.986394557823132]",0.925469992321601,0.9373832618412747,32,"[33, 33, 33, 33, 33, 33, 33, 33, 33, 33, 33, 33, 33, 33, 33, 33, 33, 33, 33, 33, 33, 33, 33, 33, 33, 33, 33, 33, 33, 33, 33, 33, 33, 33, 33, 33, 33, 33, 33, 33, 33, 33, 33, 33, 33, 33, 33, 33, 33, 33, 33, 33, 33, 33, 33, 33, 33, 33, 33, 33, 33, 33, 33, 33, 33, 33, 33, 33, 33, 33, 33, 33, 33, 33, 33, 33, 33, 33, 33, 33, 33, 33, 33, 33, 33, 33, 33, 33, 33, 33, 33, 33, 33, 33, 33, 33, 33, 33, 33, 33, 33, 33, 33, 33, 33, 33, 33, 33, 33, 33, 33, 33, 33, 33, 33, 33, 33, 33, 33, 33, 33, 33, 33, 33, 33, 33, 33, 33, 33, 33, 33, 33, 33, 33, 33, 33, 33, 33, 33, 33, 33, 33, 33, 33, 33, 33, 33, 33, 33, 33, 33, 33, 33, 33, 33, 33, 33, 33, 33, 33, 33, 33, 33, 33, 33, 33, 33, 33, 33, 33, 33, 33, 33, 33, 33, 33, 33, 33, 33, 33, 33, 33, 33, 33, 33, 33, 33, 33, 33, 33, 33, 33, 33, 33, 33, 33, 33, 33, 33, 33, 33, 33, 33, 33, 33, 33, 33, 33, 33, 33, 33, 33, 33, 33, 33, 33, 33, 33, 33, 33, 33, 33, 33, 33, 33, 33, 33, 33, 33, 33, 33, 33, 33, 33, 33, 33, 33, 33, 33, 33, 33, 33, 33, 33, 33, 33, 33, 33, 33, 33, 33, 33, 33, 33, 33, 32, 32, 32, 32, 32, 32, 32, 32, 32, 32, 32, 32, 32, 32, 32, 32, 32, 32, 32, 32, 32, 32, 32, 32, 32, 32, 32, 32, 32, 32, 32, 32, 32, 32, 32, 32, 32, 32, 32, 32, 32, 32, 32, 32, 32, 32, 32, 32, 32, 32, 32, 32, 32, 32, 32, 32, 32, 32, 32, 32, 32, 32, 32, 32, 32, 32, 32, 32, 32, 32, 32, 32, 32, 32, 32, 32, 32, 32, 32, 32, 32, 32, 32, 32, 32, 32, 32, 32, 32, 32, 32, 32, 32, 32, 32]",350,"[0.3885243237018585, 0.3744463622570038, 0.3682788610458374, 0.3645225465297699, 0.35900336503982544, 0.358068585395813, 0.3549232482910156, 0.3487679660320282, 0.34460628032684326, 0.33884966373443604, 0.33445054292678833, 0.3319384455680847, 0.3270312249660492, 0.3237614929676056, 0.3217492699623108, 0.3138054311275482, 0.3089425563812256, 0.3051842153072357, 0.2998109757900238, 0.29488474130630493, 0.291556179523468, 0.2874515652656555, 0.2853250205516815, 0.2805548310279846, 0.27849745750427246, 0.2750454246997833, 0.2719305157661438, 0.269806832075119, 0.2684057950973511, 0.266203373670578, 0.2615901827812195, 0.25953125953674316, 0.25705912709236145, 0.2549707293510437, 0.2543063163757324, 0.2523365616798401, 0.24995578825473785, 0.2480962872505188, 0.24725069105625153, 0.2469044178724289, 0.24357619881629944, 0.24176223576068878, 0.24202510714530945, 0.23912881314754486, 0.24468553066253662, 0.2413458228111267, 0.23742422461509705, 0.23318935930728912, 0.23645514249801636, 0.23059581220149994, 0.23037084937095642, 0.23061414062976837, 0.22734905779361725, 0.22974523901939392, 0.2257489711046219, 0.22469963133335114, 0.22493138909339905, 0.22272616624832153, 0.2220284640789032, 0.21945124864578247, 0.21904897689819336, 0.21905893087387085, 0.21653932332992554, 0.2151053547859192, 0.21424680948257446, 0.21424144506454468, 0.21319450438022614, 0.2118055522441864, 0.21022339165210724, 0.2117733210325241, 0.20908990502357483, 0.2087261974811554, 0.20724467933177948, 0.2062353938817978, 0.20523719489574432, 0.2039281278848648, 0.20282654464244843, 0.20588527619838715, 0.20274898409843445, 0.20138034224510193, 0.20503045618534088, 0.2039743959903717, 0.20192725956439972, 0.199173241853714, 0.20162275433540344, 0.20040152966976166, 0.2007080614566803, 0.2017085701227188, 0.19975930452346802, 0.19937145709991455, 0.1975451111793518, 0.1957070678472519, 0.1949765384197235, 0.19420930743217468, 0.19401337206363678, 0.19488997757434845, 0.19746780395507812, 0.19280387461185455, 0.19798429310321808, 0.19400250911712646, 0.1911853849887848, 0.19251883029937744, 0.19103021919727325, 0.19160190224647522, 0.19008488953113556, 0.19070632755756378, 0.19229935109615326, 0.19063042104244232, 0.1888609677553177, 0.1921519637107849, 0.19028018414974213, 0.18930688500404358, 0.1896374374628067, 0.19008876383304596, 0.18943838775157928, 0.18958207964897156, 0.1888691782951355, 0.18895083665847778, 0.18908819556236267, 0.1868474930524826, 0.18767839670181274, 0.18609021604061127, 0.1855524480342865, 0.18703515827655792, 0.18797649443149567, 0.18613235652446747, 0.18518714606761932, 0.19066403806209564, 0.18818911910057068, 0.18719375133514404, 0.18460971117019653, 0.18708783388137817, 0.18403998017311096, 0.18298059701919556, 0.18718861043453217, 0.18953146040439606, 0.186419278383255, 0.18301357328891754, 0.1841353476047516, 0.1852118819952011, 0.1846582591533661, 0.18254530429840088, 0.1844867318868637, 0.18285542726516724, 0.18650101125240326, 0.183132603764534, 0.18398882448673248, 0.18170718848705292, 0.18652504682540894, 0.18163441121578217, 0.18253035843372345, 0.18067021667957306, 0.1827078014612198, 0.18079349398612976, 0.18292534351348877, 0.17995896935462952, 0.1811082512140274, 0.1831042319536209, 0.17964130640029907, 0.17934812605381012, 0.1826789528131485, 0.18056778609752655, 0.18870693445205688, 0.18304558098316193, 0.18236151337623596, 0.17959047853946686, 0.1808563619852066, 0.17890053987503052, 0.18514056503772736, 0.1793910264968872, 0.18153762817382812, 0.17871646583080292, 0.17805546522140503, 0.17879493534564972, 0.17977531254291534, 0.17688871920108795, 0.17751242220401764, 0.17697639763355255, 0.17823734879493713, 0.17745213210582733, 0.18097525835037231, 0.17511245608329773, 0.1788237988948822, 0.17719009518623352, 0.1764518767595291, 0.1759251058101654, 0.17525611817836761, 0.17628595232963562, 0.17865249514579773, 0.17584910988807678, 0.17502735555171967, 0.17520387470722198, 0.17433173954486847, 0.17890335619449615, 0.17417079210281372, 0.17393788695335388, 0.17551839351654053, 0.1754302829504013, 0.17943109571933746, 0.17898914217948914, 0.17383351922035217, 0.17658576369285583, 0.17318928241729736, 0.17451292276382446, 0.17395468056201935, 0.17266881465911865, 0.17522811889648438, 0.17788267135620117, 0.1738021820783615, 0.1766902357339859, 0.1731870472431183, 0.17243929207324982, 0.17140325903892517, 0.1752576380968094, 0.17058099806308746, 0.17156554758548737, 0.17117668688297272, 0.17238754034042358, 0.17390085756778717, 0.17155008018016815, 0.17431631684303284, 0.17205610871315002, 0.17137376964092255, 0.17082393169403076, 0.17022764682769775, 0.16917972266674042, 0.17140744626522064, 0.18249914050102234, 0.1700456589460373, 0.1702033281326294, 0.17117172479629517, 0.17017339169979095, 0.17432598769664764, 0.17318350076675415, 0.1743677705526352, 0.1709159016609192, 0.17161598801612854, 0.16919946670532227, 0.17000021040439606, 0.16962718963623047, 0.17522265017032623, 0.17242713272571564, 0.16870994865894318, 0.16753621399402618, 0.17234399914741516, 0.17132800817489624, 0.16657572984695435, 0.1720362901687622, 0.17635366320610046, 0.17836256325244904, 0.16955478489398956, 0.17133373022079468, 0.16943714022636414, 0.1690628081560135, 0.1681966632604599, 0.17185546457767487, 0.16973525285720825, 0.16797877848148346, 0.16952401399612427, 0.17158779501914978, 0.1662999987602234, 0.16974934935569763, 0.17233726382255554, 0.16995574533939362, 0.16965505480766296, 0.16834406554698944, 0.16706246137619019, 0.16643624007701874, 0.17246776819229126, 0.17097759246826172, 0.16679516434669495, 0.16753481328487396, 0.16931623220443726, 0.1689726859331131, 0.16733764111995697, 0.16672027111053467, 0.17013710737228394, 0.17182713747024536, 0.1669655442237854, 0.1687810868024826, 0.16720756888389587, 0.16850970685482025, 0.16999293863773346, 0.16887985169887543, 0.1699446439743042, 0.16748543083667755, 0.1658066213130951, 0.16775569319725037, 0.16538776457309723, 0.16650961339473724, 0.16613218188285828, 0.1715383529663086, 0.1675674468278885, 0.1662345677614212, 0.1669982522726059, 0.17430555820465088, 0.17234352231025696, 0.16679559648036957, 0.16861280798912048, 0.1680397093296051, 0.16746467351913452, 0.17119678854942322, 0.1702834665775299, 0.1704573780298233, 0.1662738025188446, 0.16962175071239471, 0.16681678593158722, 0.16760729253292084, 0.16679520905017853, 0.16678264737129211, 0.17303092777729034, 0.17292243242263794, 0.17032133042812347, 0.1679103970527649, 0.1705271601676941, 0.16889692842960358, 0.16938364505767822, 0.16693143546581268, 0.17047691345214844, 0.16780759394168854, 0.17121271789073944, 0.170136496424675, 0.16669411957263947, 0.16781100630760193, 0.16656789183616638, 0.17271798849105835, 0.16690507531166077, 0.16684319078922272, 0.1717408299446106, 0.16615669429302216, 0.16864870488643646, 0.1695646494626999, 0.1696016937494278, 0.17218509316444397, 0.17169694602489471, 0.16947421431541443, 0.16759401559829712, 0.17073999345302582, 0.16880546510219574, 0.16846682131290436, 0.165633425116539, 0.16882272064685822, 0.16905704140663147, 0.1712913066148758, 0.1701163500547409, 0.16801291704177856, 0.17204643785953522, 0.16753992438316345, 0.17289134860038757, 0.16895194351673126]",32.0,"[33.0, 33.0, 33.0, 33.0, 33.0, 33.0, 33.0, 33.0, 33.0, 33.0, 33.0, 33.0, 33.0, 33.0, 33.0, 33.0, 33.0, 33.0, 33.0, 33.0, 33.0, 33.0, 33.0, 33.0, 33.0, 33.0, 33.0, 33.0, 33.0, 33.0, 33.0, 33.0, 33.0, 33.0, 33.0, 33.0, 33.0, 33.0, 33.0, 33.0, 33.0, 33.0, 33.0, 33.0, 33.0, 33.0, 33.0, 33.0, 33.0, 33.0, 33.0, 33.0, 33.0, 33.0, 33.0, 33.0, 33.0, 33.0, 33.0, 33.0, 33.0, 33.0, 33.0, 33.0, 33.0, 33.0, 33.0, 33.0, 33.0, 33.0, 33.0, 33.0, 33.0, 33.0, 33.0, 33.0, 33.0, 33.0, 33.0, 33.0, 33.0, 33.0, 33.0, 33.0, 33.0, 33.0, 33.0, 33.0, 33.0, 33.0, 33.0, 33.0, 33.0, 33.0, 33.0, 33.0, 33.0, 33.0, 33.0, 33.0, 33.0, 33.0, 33.0, 33.0, 33.0, 33.0, 33.0, 33.0, 33.0, 33.0, 33.0, 33.0, 33.0, 33.0, 33.0, 33.0, 33.0, 33.0, 33.0, 33.0, 33.0, 33.0, 33.0, 33.0, 33.0, 33.0, 33.0, 33.0, 33.0, 33.0, 33.0, 33.0, 33.0, 33.0, 33.0, 33.0, 33.0, 33.0, 33.0, 33.0, 33.0, 33.0, 33.0, 33.0, 33.0, 33.0, 33.0, 33.0, 33.0, 33.0, 33.0, 33.0, 33.0, 33.0, 33.0, 33.0, 33.0, 33.0, 33.0, 33.0, 33.0, 33.0, 33.0, 33.0, 33.0, 33.0, 33.0, 33.0, 33.0, 33.0, 33.0, 33.0, 33.0, 33.0, 33.0, 33.0, 33.0, 33.0, 33.0, 33.0, 33.0, 33.0, 33.0, 33.0, 33.0, 33.0, 33.0, 33.0, 33.0, 33.0, 33.0, 33.0, 33.0, 33.0, 33.0, 33.0, 33.0, 33.0, 33.0, 33.0, 33.0, 33.0, 33.0, 33.0, 33.0, 33.0, 33.0, 33.0, 33.0, 33.0, 33.0, 33.0, 33.0, 33.0, 33.0, 33.0, 33.0, 33.0, 33.0, 33.0, 33.0, 33.0, 33.0, 33.0, 33.0, 33.0, 33.0, 33.0, 33.0, 33.0, 33.0, 33.0, 33.0, 33.0, 33.0, 33.0, 33.0, 33.0, 33.0, 33.0, 33.0, 33.0, 33.0, 33.0, 33.0, 33.0, 33.0, 33.0, 33.0, 33.0, 33.0, 33.0, 33.0, 33.0, 33.0, 32.0, 32.0, 32.0, 32.0, 32.0, 32.0, 32.0, 32.0, 32.0, 32.0, 32.0, 32.0, 32.0, 32.0, 32.0, 32.0, 32.0, 32.0, 32.0, 32.0, 32.0, 32.0, 32.0, 32.0, 32.0, 32.0, 32.0, 32.0, 32.0, 32.0, 32.0, 32.0, 32.0, 32.0, 32.0, 32.0, 32.0, 32.0, 32.0, 32.0, 32.0, 32.0, 32.0, 32.0, 32.0, 32.0, 32.0, 32.0, 32.0, 32.0, 32.0, 32.0, 32.0, 32.0, 32.0, 32.0, 32.0, 32.0, 32.0, 32.0, 32.0, 32.0, 32.0, 32.0, 32.0, 32.0, 32.0, 32.0, 32.0, 32.0, 32.0, 32.0, 32.0, 32.0, 32.0, 32.0, 32.0, 32.0, 32.0, 32.0, 32.0, 32.0, 32.0, 32.0, 32.0, 32.0, 32.0, 32.0, 32.0, 32.0, 32.0, 32.0, 32.0, 32.0, 32.0]",COMPLETE
