,number,value,datetime_start,datetime_complete,duration,params_batch_size_scaler,params_constant_learning_rate,params_depth,params_epochs,params_kernel_l2,params_num_trees,params_temperature,user_attrs_accuracy_test,user_attrs_accuracy_valid,user_attrs_approximate_feature_sparsity,user_attrs_approximate_feature_sparsity_history,user_attrs_approximate_weight_sparsity,user_attrs_approximate_weight_sparsity_history,user_attrs_auc_test,user_attrs_auc_valid,user_attrs_feature_sparsity,user_attrs_feature_sparsity_history,user_attrs_num_epochs,user_attrs_val_loss_history,user_attrs_weight_sparsity,user_attrs_weight_sparsity_history,state
131,131,0.5,2024-08-31 05:34:48.244684,2024-08-31 06:11:10.601421,0 days 00:36:22.356737,1,2.9222120362059005,6,485,0.21098075521763476,71,0.09609465892836284,0.859,0.85875,0,"[0, 0, 0, 0, 0, 0, 0, 0, 0, 0, 0, 0, 0, 0, 0, 0, 0, 0, 0, 0, 0, 0, 0, 0, 0, 0, 0, 0, 0, 0, 0, 0, 0, 0, 0, 0, 0, 0, 0, 0, 0, 0, 0, 0, 0, 0, 0, 0, 0, 0, 0, 0, 0, 0, 0, 0, 0, 0, 0, 0, 0, 0, 0, 0, 0, 0, 0, 0, 0, 0, 0, 0, 0, 0, 0, 0, 0, 0, 0, 0, 0, 0, 0, 0, 0, 0, 0, 0, 0, 0, 0, 0, 0, 0, 0, 0, 0, 0, 0, 0, 0, 0, 0, 0, 0, 0, 0, 0, 0, 0, 0, 0, 0, 0, 0, 0, 0, 0, 0, 0, 0, 0, 0, 0, 0, 0, 0, 0, 0, 0, 0, 0, 0, 0, 0, 0, 0, 0, 0, 0, 0, 0, 0, 0, 0, 0, 0, 0, 0, 0, 0, 0, 0, 0, 0, 0, 0, 0, 0, 0, 0, 0, 0, 0, 0, 0, 0, 0, 0, 0, 0, 0, 0, 0, 0, 0, 0, 0, 0, 0, 0, 0, 0, 0, 0, 0, 0, 0, 0, 0, 0, 0, 0, 0, 0, 0, 0, 0, 0, 0, 0, 0, 0, 0, 0, 0, 0, 0, 0, 0, 0, 0, 0, 0, 0, 0, 0, 0, 0, 0, 0, 0, 0, 0, 0, 0, 0, 0, 0, 0, 0, 0, 0, 0, 0, 0, 0, 0, 0, 0, 0, 0, 0, 0, 0, 0, 0, 0, 0, 0, 0, 0, 0, 0, 0, 0, 0, 0, 0, 0, 0, 0, 0, 0, 0, 0, 0, 0, 0, 0, 0, 0, 0, 0, 0, 0, 0, 0, 0, 0, 0, 0, 0, 0, 0, 0, 0, 0, 0, 0, 0, 0, 0, 0, 0, 0, 0, 0, 0, 0, 0, 0, 0, 0, 0, 0, 0, 0, 0, 0, 0, 0, 0, 0, 0, 0, 0, 0, 0, 0, 0, 0, 0, 0, 0, 0, 0, 0, 0, 0, 0, 0, 0, 0, 0, 0, 0, 0, 0, 0, 0, 0, 0, 0, 0, 0, 0, 0, 0, 0, 0, 0, 0, 0, 0, 0, 0, 0, 0, 0, 0, 0, 0, 0, 0, 0, 0, 0, 0, 0, 0, 0, 0, 0, 0, 0, 0, 0, 0, 0, 0, 0, 0, 0, 0, 0, 0, 0, 0, 0, 0, 0, 0, 0, 0, 0, 0, 0, 0, 0, 0, 0, 0, 0, 0, 0, 0, 0, 0, 0, 0, 0, 0, 0, 0, 0, 0, 0, 0, 0, 0, 0, 0, 0, 0, 0, 0, 0, 0, 0, 0, 0, 0, 0, 0, 0, 0, 0, 0, 0, 0, 0, 0, 0, 0, 0, 0, 0, 0, 0, 0, 0, 0, 0, 0, 0, 0, 0, 0, 0, 0, 0, 0, 0, 0, 0, 0, 0, 0, 0, 0, 0, 0, 0, 0, 0, 0, 0, 0, 0, 0, 0, 0, 0, 0]",0.0,"[0.0, 0.0, 0.0, 0.0, 0.0, 0.0, 0.0, 0.0, 0.0, 0.0, 0.0, 0.0, 0.0, 0.0, 0.0, 0.0, 0.0, 0.0, 0.0, 0.0, 0.0, 0.0, 0.0, 0.0, 0.0, 0.0, 0.0, 0.0, 0.0, 0.0, 0.0, 0.0, 0.0, 0.0, 0.0, 0.0, 0.0, 0.0, 0.0, 0.0, 0.0, 0.0, 0.0, 0.0, 0.0, 0.0, 0.0, 0.0, 0.0, 0.0, 0.0, 0.0, 0.0, 0.0, 0.0, 0.0, 0.0, 0.0, 0.0, 0.0, 0.0, 0.0, 0.0, 0.0, 0.0, 0.0, 0.0, 0.0, 0.0, 0.0, 0.0, 0.0, 0.0, 0.0, 0.0, 0.0, 0.0, 0.0, 0.0, 0.0, 0.0, 0.0, 0.0, 0.0, 0.0, 0.0, 0.0, 0.0, 0.0, 0.0, 0.0, 0.0, 0.0, 0.0, 0.0, 0.0, 0.0, 0.0, 0.0, 0.0, 0.0, 0.0, 0.0, 0.0, 0.0, 0.0, 0.0, 0.0, 0.0, 0.0, 0.0, 0.0, 0.0, 0.0, 0.0, 0.0, 0.0, 0.0, 0.0, 0.0, 0.0, 0.0, 0.0, 0.0, 0.0, 0.0, 0.0, 0.0, 0.0, 0.0, 0.0, 0.0, 0.0, 0.0, 0.0, 0.0, 0.0, 0.0, 0.0, 0.0, 0.0, 0.0, 0.0, 0.0, 0.0, 0.0, 0.0, 0.0, 0.0, 0.0, 0.0, 0.0, 0.0, 0.0, 0.0, 0.0, 0.0, 0.0, 0.0, 0.0, 0.0, 0.0, 0.0, 0.0, 0.0, 0.0, 0.0, 0.0, 0.0, 0.0, 0.0, 0.0, 0.0, 0.0, 0.0, 0.0, 0.0, 0.0, 0.0, 0.0, 0.0, 0.0, 0.0, 0.0, 0.0, 0.0, 0.0, 0.0, 0.0, 0.0, 0.0, 0.0, 0.0, 0.0, 0.0, 0.0, 0.0, 0.0, 0.0, 0.0, 0.0, 0.0, 0.0, 0.0, 0.0, 0.0, 0.0, 0.0, 0.0, 0.0, 0.0, 0.0, 0.0, 0.0, 0.0, 0.0, 0.0, 0.0, 0.0, 0.0, 0.0, 0.0, 0.0, 0.0, 0.0, 0.0, 0.0, 0.0, 0.0, 0.0, 0.0, 0.0, 0.0, 0.0, 0.0, 0.0, 0.0, 0.0, 0.0, 0.0, 0.0, 0.0, 0.0, 0.0, 0.0, 0.0, 0.0, 0.0, 0.0, 0.0, 0.0, 0.0, 0.0, 0.0, 0.0, 0.0, 0.0, 0.0, 0.0, 0.0, 0.0, 0.0, 0.0, 0.0, 0.0, 0.0, 0.0, 0.0, 0.0, 0.0, 0.0, 0.0, 0.0, 0.0, 0.0, 0.0, 0.0, 0.0, 0.0, 0.0, 0.0, 0.0, 0.0, 0.0, 0.0, 0.0, 0.0, 0.0, 0.0, 0.0, 0.0, 0.0, 0.0, 0.0, 0.0, 0.0, 0.0, 0.0, 0.0, 0.0, 0.0, 0.0, 0.0, 0.0, 0.0, 0.0, 0.0, 0.0, 0.0, 0.0, 0.0, 0.0, 0.0, 0.0, 0.0, 0.0, 0.0, 0.0, 0.0, 0.0, 0.0, 0.0, 0.0, 0.0, 0.0, 0.0, 0.0, 0.0, 0.0, 0.0, 0.0, 0.0, 0.0, 0.0, 0.0, 0.0, 0.0, 0.0, 0.0, 0.0, 0.0, 0.0, 0.0, 0.0, 0.0, 0.0, 0.0, 0.0, 0.0, 0.0, 0.0, 0.0, 0.0, 0.0, 0.0, 0.0, 0.0, 0.0, 0.0, 0.0, 0.0, 0.0, 0.0, 0.0, 0.0, 0.0, 0.0, 0.0, 0.0, 0.0, 0.0, 0.0, 0.0, 0.0, 0.0, 0.0, 0.0, 0.0, 0.0, 0.0, 0.0, 0.0, 0.0, 0.0, 0.0, 0.0, 0.0, 0.0, 0.0, 0.0, 0.0, 0.0, 0.0, 0.0, 0.0, 0.0, 0.0, 0.0, 0.0, 0.0, 0.0, 0.0, 0.0, 0.0, 0.0, 0.0, 0.0, 0.0, 0.0, 0.0, 0.0, 0.0, 0.0, 0.0, 0.0, 0.0, 0.0, 0.0, 0.0, 0.0, 0.0, 0.0, 0.0, 0.0, 0.0, 0.0, 0.0, 0.0, 0.0, 0.0, 0.0, 0.0, 0.0, 0.0, 0.0, 0.0, 0.0, 0.0, 0.0, 0.0, 0.0, 0.0, 0.0, 0.0, 0.0, 0.0, 0.0, 0.0, 0.0, 0.0, 0.0, 0.0, 0.0, 0.0, 0.0, 0.0, 0.0, 0.0, 0.0, 0.0, 0.0, 0.0, 0.0, 0.0, 0.0, 0.0, 0.0, 0.0, 0.0, 0.0, 0.0, 0.0, 0.0, 0.0, 0.0, 0.0, 0.0, 0.0, 0.0, 0.0, 0.0, 0.0, 0.0, 0.0, 0.0]",0.5,0.5,0,"[0, 0, 0, 0, 0, 0, 0, 0, 0, 0, 0, 0, 0, 0, 0, 0, 0, 0, 0, 0, 0, 0, 0, 0, 0, 0, 0, 0, 0, 0, 0, 0, 0, 0, 0, 0, 0, 0, 0, 0, 0, 0, 0, 0, 0, 0, 0, 0, 0, 0, 0, 0, 0, 0, 0, 0, 0, 0, 0, 0, 0, 0, 0, 0, 0, 0, 0, 0, 0, 0, 0, 0, 0, 0, 0, 0, 0, 0, 0, 0, 0, 0, 0, 0, 0, 0, 0, 0, 0, 0, 0, 0, 0, 0, 0, 0, 0, 0, 0, 0, 0, 0, 0, 0, 0, 0, 0, 0, 0, 0, 0, 0, 0, 0, 0, 0, 0, 0, 0, 0, 0, 0, 0, 0, 0, 0, 0, 0, 0, 0, 0, 0, 0, 0, 0, 0, 0, 0, 0, 0, 0, 0, 0, 0, 0, 0, 0, 0, 0, 0, 0, 0, 0, 0, 0, 0, 0, 0, 0, 0, 0, 0, 0, 0, 0, 0, 0, 0, 0, 0, 0, 0, 0, 0, 0, 0, 0, 0, 0, 0, 0, 0, 0, 0, 0, 0, 0, 0, 0, 0, 0, 0, 0, 0, 0, 0, 0, 0, 0, 0, 0, 0, 0, 0, 0, 0, 0, 0, 0, 0, 0, 0, 0, 0, 0, 0, 0, 0, 0, 0, 0, 0, 0, 0, 0, 0, 0, 0, 0, 0, 0, 0, 0, 0, 0, 0, 0, 0, 0, 0, 0, 0, 0, 0, 0, 0, 0, 0, 0, 0, 0, 0, 0, 0, 0, 0, 0, 0, 0, 0, 0, 0, 0, 0, 0, 0, 0, 0, 0, 0, 0, 0, 0, 0, 0, 0, 0, 0, 0, 0, 0, 0, 0, 0, 0, 0, 0, 0, 0, 0, 0, 0, 0, 0, 0, 0, 0, 0, 0, 0, 0, 0, 0, 0, 0, 0, 0, 0, 0, 0, 0, 0, 0, 0, 0, 0, 0, 0, 0, 0, 0, 0, 0, 0, 0, 0, 0, 0, 0, 0, 0, 0, 0, 0, 0, 0, 0, 0, 0, 0, 0, 0, 0, 0, 0, 0, 0, 0, 0, 0, 0, 0, 0, 0, 0, 0, 0, 0, 0, 0, 0, 0, 0, 0, 0, 0, 0, 0, 0, 0, 0, 0, 0, 0, 0, 0, 0, 0, 0, 0, 0, 0, 0, 0, 0, 0, 0, 0, 0, 0, 0, 0, 0, 0, 0, 0, 0, 0, 0, 0, 0, 0, 0, 0, 0, 0, 0, 0, 0, 0, 0, 0, 0, 0, 0, 0, 0, 0, 0, 0, 0, 0, 0, 0, 0, 0, 0, 0, 0, 0, 0, 0, 0, 0, 0, 0, 0, 0, 0, 0, 0, 0, 0, 0, 0, 0, 0, 0, 0, 0, 0, 0, 0, 0, 0, 0, 0, 0, 0, 0, 0, 0, 0, 0, 0, 0, 0, 0, 0, 0, 0, 0, 0, 0, 0, 0, 0, 0, 0, 0, 0, 0, 0, 0, 0]",485,"[0.4318573474884033, 0.435011625289917, 0.4540051519870758, 0.40760841965675354, 0.4146815240383148, 0.4120956361293793, 0.40786072611808777, 0.40997496247291565, 0.4249737560749054, 0.45755887031555176, 0.417433500289917, 0.6023897528648376, 0.41073906421661377, 0.4412907361984253, 0.4472300410270691, 0.5143508911132812, 0.4079168438911438, 0.41134148836135864, 0.44881901144981384, 0.4563925266265869, 0.42355668544769287, 0.4119790196418762, 0.465200811624527, 0.46914443373680115, 0.42358070611953735, 0.4081246256828308, 0.4264897108078003, 0.41077858209609985, 0.41152822971343994, 0.4191928207874298, 0.4245132803916931, 0.40722721815109253, 0.4080645740032196, 0.41457951068878174, 0.408172070980072, 0.43359139561653137, 0.4081178903579712, 0.4224415719509125, 0.41468432545661926, 0.41288405656814575, 0.43431326746940613, 0.4143003821372986, 0.43110737204551697, 0.40788692235946655, 0.41128695011138916, 0.40915799140930176, 0.44185271859169006, 0.40932002663612366, 0.42260292172431946, 0.44749653339385986, 0.4231739342212677, 0.40753060579299927, 0.4474748373031616, 0.4082021713256836, 0.4115378260612488, 0.4112766683101654, 0.4418545961380005, 0.411278635263443, 0.4112374186515808, 0.4082072973251343, 0.4323331117630005, 0.44140419363975525, 0.5107080340385437, 0.4837692677974701, 0.42303577065467834, 0.4235190451145172, 0.42230910062789917, 0.42246827483177185, 0.41475826501846313, 0.4113035202026367, 0.44599342346191406, 0.4082295298576355, 0.41160500049591064, 0.43251940608024597, 0.47970256209373474, 0.4257301390171051, 0.4114452004432678, 0.45048752427101135, 0.4085295498371124, 0.4250744581222534, 0.40827563405036926, 0.4332525134086609, 0.44585415720939636, 0.4466172158718109, 0.4499555826187134, 0.4075288474559784, 0.4210588335990906, 0.42940476536750793, 0.44747161865234375, 0.41206344962120056, 0.40938350558280945, 0.41475918889045715, 0.4114043414592743, 0.4307626485824585, 0.4076307713985443, 0.4230225086212158, 0.4269818067550659, 0.4656163454055786, 0.45047828555107117, 0.4075167179107666, 0.4382707178592682, 0.4196246862411499, 0.40762364864349365, 0.40752696990966797, 0.40806132555007935, 0.4080566465854645, 0.41287004947662354, 0.43158599734306335, 0.430629700422287, 0.40723082423210144, 0.4430427849292755, 0.4197883605957031, 0.4441688060760498, 0.40833380818367004, 0.4306260943412781, 0.41721561551094055, 0.4081493318080902, 0.43714308738708496, 0.4139641523361206, 0.4237842261791229, 0.42189615964889526, 0.41399842500686646, 0.41241031885147095, 0.4446180760860443, 0.5115914940834045, 0.41473710536956787, 0.45127764344215393, 0.4222448766231537, 0.44107216596603394, 0.4077722430229187, 0.4279782176017761, 0.40809765458106995, 0.4260754883289337, 0.4473685324192047, 0.4477514624595642, 0.4146735370159149, 0.4119999408721924, 0.4157070815563202, 0.5112299919128418, 0.4126944839954376, 0.40831413865089417, 0.40809762477874756, 0.4199744760990143, 0.4603104293346405, 0.5086156129837036, 0.42672470211982727, 0.4112648665904999, 0.42543697357177734, 0.4199109375476837, 0.41204291582107544, 0.4078279733657837, 0.46914219856262207, 0.40796566009521484, 0.4461444020271301, 0.4076458811759949, 0.4082392752170563, 0.40757766366004944, 0.4203105568885803, 0.4362301230430603, 0.4136771857738495, 0.4509173333644867, 0.42214471101760864, 0.5043442845344543, 0.41199085116386414, 0.4091629683971405, 0.4120882749557495, 0.4147512912750244, 0.42237964272499084, 0.43220606446266174, 0.41125211119651794, 0.4088207483291626, 0.4776521325111389, 0.41475939750671387, 0.500444769859314, 0.40829136967658997, 0.4136817157268524, 0.41942310333251953, 0.4075600802898407, 0.4146575629711151, 0.41397082805633545, 0.4154255986213684, 0.4315091371536255, 0.4511234164237976, 0.4194992780685425, 0.40809372067451477, 0.4382205903530121, 0.4472295343875885, 0.4124244749546051, 0.44270142912864685, 0.4242912530899048, 0.4150702655315399, 0.41136521100997925, 0.4160240590572357, 0.4075157046318054, 0.5878006219863892, 0.4453984797000885, 0.41233909130096436, 0.4197179675102234, 0.4083057641983032, 0.4267095625400543, 0.4352937936782837, 0.4338527321815491, 0.46373775601387024, 0.4158169627189636, 0.4075816869735718, 0.42114704847335815, 0.46557700634002686, 0.4083224833011627, 0.4080698788166046, 0.41250118613243103, 0.4076865017414093, 0.4078255593776703, 0.44530582427978516, 0.4133569300174713, 0.44903624057769775, 0.41167381405830383, 0.40809234976768494, 0.42466816306114197, 0.4287564754486084, 0.6056385636329651, 0.44633904099464417, 0.4507618844509125, 0.4377864599227905, 0.4985434412956238, 0.4075927734375, 0.4105886220932007, 0.407571941614151, 0.4107235372066498, 0.4074174165725708, 0.4443683922290802, 0.4267476797103882, 0.4083189070224762, 0.40724635124206543, 0.43016159534454346, 0.4705715477466583, 0.44701892137527466, 0.4126853942871094, 0.4077698886394501, 0.4118901789188385, 0.41281649470329285, 0.44690442085266113, 0.4084576666355133, 0.40754058957099915, 0.4622699022293091, 0.4075189232826233, 0.4075081944465637, 0.4194875657558441, 0.4379465579986572, 0.4141117334365845, 0.4078667461872101, 0.42915114760398865, 0.4157651662826538, 0.4076768457889557, 0.4342201352119446, 0.4080444276332855, 0.4461756944656372, 0.4168132543563843, 0.41054844856262207, 0.4118075966835022, 0.41949260234832764, 0.4452193081378937, 0.43078067898750305, 0.5597963333129883, 0.40733906626701355, 0.4116913974285126, 0.4089297950267792, 0.40746036171913147, 0.4092411398887634, 0.40831878781318665, 0.415193647146225, 0.4193759560585022, 0.4488757252693176, 0.41243407130241394, 0.41127002239227295, 0.4079633951187134, 0.4076116681098938, 0.4109695851802826, 0.4081115424633026, 0.48187485337257385, 0.407496839761734, 0.41661790013313293, 0.4075014889240265, 0.408594012260437, 0.4430786073207855, 0.4430329203605652, 0.41205286979675293, 0.46675699949264526, 0.43176135420799255, 0.4089246690273285, 0.41464686393737793, 0.4193454384803772, 0.42289355397224426, 0.4131685197353363, 0.40750882029533386, 0.4096604585647583, 0.4074959456920624, 0.4127582609653473, 0.44019821286201477, 0.4077835977077484, 0.4290715456008911, 0.5109230279922485, 0.41393721103668213, 0.41215458512306213, 0.42158687114715576, 0.4085721969604492, 0.49551334977149963, 0.4194253087043762, 0.4715261459350586, 0.45402488112449646, 0.42027199268341064, 0.40840259194374084, 0.40812164545059204, 0.4469013214111328, 0.4399898648262024, 0.4706302583217621, 0.4230822026729584, 0.4440370500087738, 0.42030593752861023, 0.4342471957206726, 0.4138583838939667, 0.4082554280757904, 0.4095202684402466, 0.4704139232635498, 0.4082133173942566, 0.41389286518096924, 0.4080960750579834, 0.4122796952724457, 0.43799641728401184, 0.40757519006729126, 0.4147595465183258, 0.41009581089019775, 0.4205864667892456, 0.4203266501426697, 0.408127099275589, 0.4193524122238159, 0.40808960795402527, 0.4075396656990051, 0.41468295454978943, 0.49821481108665466, 0.40770912170410156, 0.41460350155830383, 0.40845662355422974, 0.4119422435760498, 0.40947282314300537, 0.42270010709762573, 0.44957634806632996, 0.4346506595611572, 0.4121445417404175, 0.41475769877433777, 0.4119543731212616, 0.41528958082199097, 0.4330437183380127, 0.47003498673439026, 0.4080601632595062, 0.4074946343898773, 0.4075690507888794, 0.41124048829078674, 0.43340933322906494, 0.4520183205604553, 0.4149535298347473, 0.4097391963005066, 0.4100373387336731, 0.46223580837249756, 0.43958720564842224, 0.44547903537750244, 0.4294232130050659, 0.4214645326137543, 0.4117525517940521, 0.40724313259124756, 0.4175327718257904, 0.4093593657016754, 0.4151642620563507, 0.40750637650489807, 0.4196113646030426, 0.41439110040664673, 0.41468197107315063, 0.4091903567314148, 0.5949232578277588, 0.40808841586112976, 0.40884554386138916, 0.42205601930618286, 0.40775802731513977, 0.4146929681301117, 0.4378179609775543, 0.4216224253177643, 0.4451160132884979, 0.4238726496696472, 0.40818336606025696, 0.41473907232284546, 0.41950249671936035, 0.4213416576385498, 0.4211469292640686, 0.6113043427467346, 0.41419827938079834, 0.44712451100349426, 0.4110991656780243, 0.42531639337539673, 0.4078191816806793, 0.40770527720451355, 0.40783271193504333, 0.49166396260261536, 0.4091452360153198, 0.4084593951702118, 0.41561394929885864, 0.42603492736816406, 0.43095478415489197, 0.5657451748847961, 0.43088194727897644, 0.40918853878974915, 0.4221206307411194, 0.40726199746131897, 0.41275256872177124, 0.41168931126594543, 0.41426771879196167, 0.41977912187576294, 0.44517433643341064, 0.4752453863620758, 0.4076899588108063, 0.4096863269805908, 0.4133492708206177, 0.4525654911994934, 0.42203986644744873, 0.4098384976387024, 0.4129570424556732, 0.41296806931495667, 0.4117814004421234, 0.44110825657844543, 0.41930705308914185, 0.4124719202518463, 0.413491815328598, 0.4715159237384796, 0.40923118591308594, 0.49409666657447815, 0.4084250330924988, 0.4112730920314789, 0.4100450277328491, 0.40831103920936584, 0.41027888655662537, 0.41475826501846313, 0.40936729311943054, 0.41470474004745483, 0.41338878870010376, 0.4469747543334961, 0.40758776664733887, 0.44808968901634216, 0.43207359313964844, 0.40862029790878296, 0.40917572379112244, 0.4390913248062134, 0.4194120764732361, 0.4132709205150604, 0.44969120621681213, 0.41157302260398865, 0.40760788321495056, 0.42208725214004517, 0.4200531244277954, 0.4120417535305023, 0.41728144884109497, 0.4539423882961273, 0.4075210988521576, 0.4118661880493164, 0.4146859347820282, 0.4143710434436798, 0.41878071427345276, 0.4604359567165375, 0.4220358729362488, 0.7513259649276733, 0.4123482406139374, 0.41158345341682434, 0.41227126121520996, 0.40752121806144714, 0.4607301950454712, 0.4084610641002655, 0.41242581605911255, 0.4223060607910156, 0.45712336897850037, 0.49485230445861816, 0.41938239336013794, 0.4304625391960144, 0.40838974714279175, 0.42144259810447693, 0.4146682024002075, 0.41121867299079895, 0.49634188413619995, 0.4193733334541321]",0.0,"[0.0, 0.0, 0.0, 0.0, 0.0, 0.0, 0.0, 0.0, 0.0, 0.0, 0.0, 0.0, 0.0, 0.0, 0.0, 0.0, 0.0, 0.0, 0.0, 0.0, 0.0, 0.0, 0.0, 0.0, 0.0, 0.0, 0.0, 0.0, 0.0, 0.0, 0.0, 0.0, 0.0, 0.0, 0.0, 0.0, 0.0, 0.0, 0.0, 0.0, 0.0, 0.0, 0.0, 0.0, 0.0, 0.0, 0.0, 0.0, 0.0, 0.0, 0.0, 0.0, 0.0, 0.0, 0.0, 0.0, 0.0, 0.0, 0.0, 0.0, 0.0, 0.0, 0.0, 0.0, 0.0, 0.0, 0.0, 0.0, 0.0, 0.0, 0.0, 0.0, 0.0, 0.0, 0.0, 0.0, 0.0, 0.0, 0.0, 0.0, 0.0, 0.0, 0.0, 0.0, 0.0, 0.0, 0.0, 0.0, 0.0, 0.0, 0.0, 0.0, 0.0, 0.0, 0.0, 0.0, 0.0, 0.0, 0.0, 0.0, 0.0, 0.0, 0.0, 0.0, 0.0, 0.0, 0.0, 0.0, 0.0, 0.0, 0.0, 0.0, 0.0, 0.0, 0.0, 0.0, 0.0, 0.0, 0.0, 0.0, 0.0, 0.0, 0.0, 0.0, 0.0, 0.0, 0.0, 0.0, 0.0, 0.0, 0.0, 0.0, 0.0, 0.0, 0.0, 0.0, 0.0, 0.0, 0.0, 0.0, 0.0, 0.0, 0.0, 0.0, 0.0, 0.0, 0.0, 0.0, 0.0, 0.0, 0.0, 0.0, 0.0, 0.0, 0.0, 0.0, 0.0, 0.0, 0.0, 0.0, 0.0, 0.0, 0.0, 0.0, 0.0, 0.0, 0.0, 0.0, 0.0, 0.0, 0.0, 0.0, 0.0, 0.0, 0.0, 0.0, 0.0, 0.0, 0.0, 0.0, 0.0, 0.0, 0.0, 0.0, 0.0, 0.0, 0.0, 0.0, 0.0, 0.0, 0.0, 0.0, 0.0, 0.0, 0.0, 0.0, 0.0, 0.0, 0.0, 0.0, 0.0, 0.0, 0.0, 0.0, 0.0, 0.0, 0.0, 0.0, 0.0, 0.0, 0.0, 0.0, 0.0, 0.0, 0.0, 0.0, 0.0, 0.0, 0.0, 0.0, 0.0, 0.0, 0.0, 0.0, 0.0, 0.0, 0.0, 0.0, 0.0, 0.0, 0.0, 0.0, 0.0, 0.0, 0.0, 0.0, 0.0, 0.0, 0.0, 0.0, 0.0, 0.0, 0.0, 0.0, 0.0, 0.0, 0.0, 0.0, 0.0, 0.0, 0.0, 0.0, 0.0, 0.0, 0.0, 0.0, 0.0, 0.0, 0.0, 0.0, 0.0, 0.0, 0.0, 0.0, 0.0, 0.0, 0.0, 0.0, 0.0, 0.0, 0.0, 0.0, 0.0, 0.0, 0.0, 0.0, 0.0, 0.0, 0.0, 0.0, 0.0, 0.0, 0.0, 0.0, 0.0, 0.0, 0.0, 0.0, 0.0, 0.0, 0.0, 0.0, 0.0, 0.0, 0.0, 0.0, 0.0, 0.0, 0.0, 0.0, 0.0, 0.0, 0.0, 0.0, 0.0, 0.0, 0.0, 0.0, 0.0, 0.0, 0.0, 0.0, 0.0, 0.0, 0.0, 0.0, 0.0, 0.0, 0.0, 0.0, 0.0, 0.0, 0.0, 0.0, 0.0, 0.0, 0.0, 0.0, 0.0, 0.0, 0.0, 0.0, 0.0, 0.0, 0.0, 0.0, 0.0, 0.0, 0.0, 0.0, 0.0, 0.0, 0.0, 0.0, 0.0, 0.0, 0.0, 0.0, 0.0, 0.0, 0.0, 0.0, 0.0, 0.0, 0.0, 0.0, 0.0, 0.0, 0.0, 0.0, 0.0, 0.0, 0.0, 0.0, 0.0, 0.0, 0.0, 0.0, 0.0, 0.0, 0.0, 0.0, 0.0, 0.0, 0.0, 0.0, 0.0, 0.0, 0.0, 0.0, 0.0, 0.0, 0.0, 0.0, 0.0, 0.0, 0.0, 0.0, 0.0, 0.0, 0.0, 0.0, 0.0, 0.0, 0.0, 0.0, 0.0, 0.0, 0.0, 0.0, 0.0, 0.0, 0.0, 0.0, 0.0, 0.0, 0.0, 0.0, 0.0, 0.0, 0.0, 0.0, 0.0, 0.0, 0.0, 0.0, 0.0, 0.0, 0.0, 0.0, 0.0, 0.0, 0.0, 0.0, 0.0, 0.0, 0.0, 0.0, 0.0, 0.0, 0.0, 0.0, 0.0, 0.0, 0.0, 0.0, 0.0, 0.0, 0.0, 0.0, 0.0, 0.0, 0.0, 0.0, 0.0, 0.0, 0.0, 0.0, 0.0, 0.0, 0.0, 0.0, 0.0, 0.0, 0.0, 0.0, 0.0, 0.0, 0.0, 0.0, 0.0, 0.0, 0.0, 0.0, 0.0, 0.0, 0.0, 0.0, 0.0, 0.0, 0.0, 0.0, 0.0, 0.0, 0.0, 0.0, 0.0, 0.0, 0.0, 0.0, 0.0, 0.0, 0.0, 0.0, 0.0]",COMPLETE
132,132,0.5,2024-08-31 06:11:13.176887,2024-08-31 06:14:04.503929,0 days 00:02:51.327042,1,2.9540317390808313,6,35,0.0013605463230571865,87,0.05493521000950555,0.859,0.85875,0,"[0, 0, 0, 0, 0, 0, 0, 0, 0, 0, 0, 0, 0, 0, 0, 0, 0, 0, 0, 0, 0, 0, 0, 0, 0, 0, 0, 0, 0, 0, 0, 0, 0, 0, 0]",0.0,"[0.0, 0.0, 0.0, 0.0, 0.0, 0.0, 0.0, 0.0, 0.0, 0.0, 0.0, 0.0, 0.0, 0.0, 0.0, 0.0, 0.0, 0.0, 0.0, 0.0, 0.0, 0.0, 0.0, 0.0, 0.0, 0.0, 0.0, 0.0, 0.0, 0.0, 0.0, 0.0, 0.0, 0.0, 0.0]",0.5,0.5,0,"[0, 0, 0, 0, 0, 0, 0, 0, 0, 0, 0, 0, 0, 0, 0, 0, 0, 0, 0, 0, 0, 0, 0, 0, 0, 0, 0, 0, 0, 0, 0, 0, 0, 0, 0]",35,"[0.43229785561561584, 0.42511287331581116, 0.43217605352401733, 0.41491904854774475, 0.41438934206962585, 0.4609503448009491, 0.40837210416793823, 0.43926385045051575, 0.4690711200237274, 0.41481727361679077, 0.4712625741958618, 0.53916335105896, 0.4083813726902008, 0.4102962017059326, 0.415120393037796, 0.5380385518074036, 0.4166375398635864, 0.4176066219806671, 0.41597485542297363, 0.4166278541088104, 0.4682830572128296, 0.4591025412082672, 0.4355299770832062, 0.5620992183685303, 0.4073844850063324, 0.46792763471603394, 0.4161217212677002, 0.4590320289134979, 0.41572096943855286, 0.4081246852874756, 0.40839165449142456, 0.4387344419956207, 0.42301926016807556, 0.4470093250274658, 0.4370003044605255]",0.0,"[0.0, 0.0, 0.0, 0.0, 0.0, 0.0, 0.0, 0.0, 0.0, 0.0, 0.0, 0.0, 0.0, 0.0, 0.0, 0.0, 0.0, 0.0, 0.0, 0.0, 0.0, 0.0, 0.0, 0.0, 0.0, 0.0, 0.0, 0.0, 0.0, 0.0, 0.0, 0.0, 0.0, 0.0, 0.0]",COMPLETE
