,number,value,datetime_start,datetime_complete,duration,params_batch_size_scaler,params_constant_learning_rate,params_depth,params_epochs,params_kernel_l2,params_num_trees,params_temperature,user_attrs_accuracy_test,user_attrs_accuracy_valid,user_attrs_approximate_feature_sparsity,user_attrs_approximate_feature_sparsity_history,user_attrs_approximate_weight_sparsity,user_attrs_approximate_weight_sparsity_history,user_attrs_auc_test,user_attrs_auc_valid,user_attrs_feature_sparsity,user_attrs_feature_sparsity_history,user_attrs_num_epochs,user_attrs_val_loss_history,user_attrs_weight_sparsity,user_attrs_weight_sparsity_history,state
122,122,0.5,2024-08-31 05:21:51.090919,2024-08-31 05:22:47.555100,0 days 00:00:56.464181,16,6.5278236125610105,3,380,0.0040819040907817475,25,0.004999594903354353,0.859,0.85875,0,"[5, 1, 0, 0, 0, 0, 0, 0, 0, 0, 0, 0, 0, 0, 0, 0, 0, 0, 0, 0, 0, 0, 0, 0, 0, 0, 0, 0, 0, 0, 0, 0, 0, 0, 0, 0, 0, 0, 0, 0, 0, 0, 0, 0, 0, 0, 0, 0, 0, 0, 0, 0, 0, 0, 0, 0, 0, 0, 0, 0, 0, 0, 0, 0, 0, 0, 0, 0, 0, 0, 0, 0, 0, 0, 0, 0, 0, 0, 0, 0, 0, 0, 0, 0, 0, 0, 0, 0, 0, 0, 0, 0, 0, 0, 0, 0, 0, 0, 0, 0, 0, 0, 0, 0, 0, 0, 0, 0, 0, 0, 0, 0, 0, 0, 0, 0, 0, 0, 0, 0, 0, 0, 0, 0, 0, 0, 0, 0, 0, 0, 0, 0, 0, 0, 0, 0, 0, 0, 0, 0, 0, 0, 0, 0, 0, 0, 0, 0, 0, 0, 0, 0, 0, 0, 0, 0, 0, 0, 0, 0, 0, 0, 0, 0, 0, 0, 0, 0, 0, 0, 0, 0, 0, 0, 0, 0, 0, 0, 0, 0, 0, 0, 0, 0, 0, 0, 0, 0, 0, 0, 0, 0, 0, 0, 0, 0, 0, 0, 0, 0, 0, 0, 0, 0, 0, 0, 0, 0, 0, 0, 0, 0, 0, 0, 0, 0, 0, 0, 0, 0, 0, 0, 0, 0, 0, 0, 0, 0, 0, 0, 0, 0, 0, 0, 0, 0, 0, 0, 0, 0, 0, 0, 0, 0, 0, 0, 0, 0, 0, 0, 0, 0, 0, 0, 0, 0, 0, 0, 0, 0, 0, 0, 0, 0, 0, 0, 0, 0, 0, 0, 0, 0, 0, 0, 0, 0, 0, 0, 0, 0, 0, 0, 0, 0, 0, 0, 0, 0, 0, 0, 0, 0, 0, 0, 0, 0, 0, 0, 0, 0, 0, 0, 0, 0, 0, 0, 0, 0, 0, 0, 0, 0, 0, 0, 0, 0, 0, 0, 0, 0, 0, 0, 0, 0, 0, 0, 0, 0, 0, 0, 0, 0, 0, 0, 0, 0, 0, 0, 0, 0, 0, 0, 0, 0, 0, 0, 0, 0, 0, 0, 0, 0, 0, 0, 0, 0, 0, 0, 0, 0, 0, 0, 0, 0, 0, 0, 0, 0, 0, 0, 0, 0, 0, 0, 0, 0, 0, 0, 0, 0]",0.0,"[5.0, 1.0, 0.0, 0.0, 0.0, 0.0, 0.0, 0.0, 0.0, 0.0, 0.0, 0.0, 0.0, 0.0, 0.0, 0.0, 0.0, 0.0, 0.0, 0.0, 0.0, 0.0, 0.0, 0.0, 0.0, 0.0, 0.0, 0.0, 0.0, 0.0, 0.0, 0.0, 0.0, 0.0, 0.0, 0.0, 0.0, 0.0, 0.0, 0.0, 0.0, 0.0, 0.0, 0.0, 0.0, 0.0, 0.0, 0.0, 0.0, 0.0, 0.0, 0.0, 0.0, 0.0, 0.0, 0.0, 0.0, 0.0, 0.0, 0.0, 0.0, 0.0, 0.0, 0.0, 0.0, 0.0, 0.0, 0.0, 0.0, 0.0, 0.0, 0.0, 0.0, 0.0, 0.0, 0.0, 0.0, 0.0, 0.0, 0.0, 0.0, 0.0, 0.0, 0.0, 0.0, 0.0, 0.0, 0.0, 0.0, 0.0, 0.0, 0.0, 0.0, 0.0, 0.0, 0.0, 0.0, 0.0, 0.0, 0.0, 0.0, 0.0, 0.0, 0.0, 0.0, 0.0, 0.0, 0.0, 0.0, 0.0, 0.0, 0.0, 0.0, 0.0, 0.0, 0.0, 0.0, 0.0, 0.0, 0.0, 0.0, 0.0, 0.0, 0.0, 0.0, 0.0, 0.0, 0.0, 0.0, 0.0, 0.0, 0.0, 0.0, 0.0, 0.0, 0.0, 0.0, 0.0, 0.0, 0.0, 0.0, 0.0, 0.0, 0.0, 0.0, 0.0, 0.0, 0.0, 0.0, 0.0, 0.0, 0.0, 0.0, 0.0, 0.0, 0.0, 0.0, 0.0, 0.0, 0.0, 0.0, 0.0, 0.0, 0.0, 0.0, 0.0, 0.0, 0.0, 0.0, 0.0, 0.0, 0.0, 0.0, 0.0, 0.0, 0.0, 0.0, 0.0, 0.0, 0.0, 0.0, 0.0, 0.0, 0.0, 0.0, 0.0, 0.0, 0.0, 0.0, 0.0, 0.0, 0.0, 0.0, 0.0, 0.0, 0.0, 0.0, 0.0, 0.0, 0.0, 0.0, 0.0, 0.0, 0.0, 0.0, 0.0, 0.0, 0.0, 0.0, 0.0, 0.0, 0.0, 0.0, 0.0, 0.0, 0.0, 0.0, 0.0, 0.0, 0.0, 0.0, 0.0, 0.0, 0.0, 0.0, 0.0, 0.0, 0.0, 0.0, 0.0, 0.0, 0.0, 0.0, 0.0, 0.0, 0.0, 0.0, 0.0, 0.0, 0.0, 0.0, 0.0, 0.0, 0.0, 0.0, 0.0, 0.0, 0.0, 0.0, 0.0, 0.0, 0.0, 0.0, 0.0, 0.0, 0.0, 0.0, 0.0, 0.0, 0.0, 0.0, 0.0, 0.0, 0.0, 0.0, 0.0, 0.0, 0.0, 0.0, 0.0, 0.0, 0.0, 0.0, 0.0, 0.0, 0.0, 0.0, 0.0, 0.0, 0.0, 0.0, 0.0, 0.0, 0.0, 0.0, 0.0, 0.0, 0.0, 0.0, 0.0, 0.0, 0.0, 0.0, 0.0, 0.0, 0.0, 0.0, 0.0, 0.0, 0.0, 0.0, 0.0, 0.0, 0.0, 0.0, 0.0, 0.0, 0.0, 0.0, 0.0, 0.0, 0.0, 0.0, 0.0, 0.0, 0.0, 0.0, 0.0, 0.0, 0.0, 0.0, 0.0, 0.0, 0.0, 0.0, 0.0, 0.0, 0.0, 0.0, 0.0, 0.0, 0.0, 0.0, 0.0, 0.0, 0.0, 0.0, 0.0, 0.0, 0.0, 0.0, 0.0, 0.0, 0.0, 0.0, 0.0, 0.0, 0.0, 0.0, 0.0, 0.0, 0.0, 0.0, 0.0, 0.0, 0.0, 0.0, 0.0, 0.0, 0.0, 0.0, 0.0, 0.0, 0.0, 0.0, 0.0, 0.0, 0.0, 0.0, 0.0, 0.0, 0.0, 0.0, 0.0, 0.0, 0.0, 0.0, 0.0, 0.0, 0.0]",0.5,0.5,0,"[5, 1, 0, 0, 0, 0, 0, 0, 0, 0, 0, 0, 0, 0, 0, 0, 0, 0, 0, 0, 0, 0, 0, 0, 0, 0, 0, 0, 0, 0, 0, 0, 0, 0, 0, 0, 0, 0, 0, 0, 0, 0, 0, 0, 0, 0, 0, 0, 0, 0, 0, 0, 0, 0, 0, 0, 0, 0, 0, 0, 0, 0, 0, 0, 0, 0, 0, 0, 0, 0, 0, 0, 0, 0, 0, 0, 0, 0, 0, 0, 0, 0, 0, 0, 0, 0, 0, 0, 0, 0, 0, 0, 0, 0, 0, 0, 0, 0, 0, 0, 0, 0, 0, 0, 0, 0, 0, 0, 0, 0, 0, 0, 0, 0, 0, 0, 0, 0, 0, 0, 0, 0, 0, 0, 0, 0, 0, 0, 0, 0, 0, 0, 0, 0, 0, 0, 0, 0, 0, 0, 0, 0, 0, 0, 0, 0, 0, 0, 0, 0, 0, 0, 0, 0, 0, 0, 0, 0, 0, 0, 0, 0, 0, 0, 0, 0, 0, 0, 0, 0, 0, 0, 0, 0, 0, 0, 0, 0, 0, 0, 0, 0, 0, 0, 0, 0, 0, 0, 0, 0, 0, 0, 0, 0, 0, 0, 0, 0, 0, 0, 0, 0, 0, 0, 0, 0, 0, 0, 0, 0, 0, 0, 0, 0, 0, 0, 0, 0, 0, 0, 0, 0, 0, 0, 0, 0, 0, 0, 0, 0, 0, 0, 0, 0, 0, 0, 0, 0, 0, 0, 0, 0, 0, 0, 0, 0, 0, 0, 0, 0, 0, 0, 0, 0, 0, 0, 0, 0, 0, 0, 0, 0, 0, 0, 0, 0, 0, 0, 0, 0, 0, 0, 0, 0, 0, 0, 0, 0, 0, 0, 0, 0, 0, 0, 0, 0, 0, 0, 0, 0, 0, 0, 0, 0, 0, 0, 0, 0, 0, 0, 0, 0, 0, 0, 0, 0, 0, 0, 0, 0, 0, 0, 0, 0, 0, 0, 0, 0, 0, 0, 0, 0, 0, 0, 0, 0, 0, 0, 0, 0, 0, 0, 0, 0, 0, 0, 0, 0, 0, 0, 0, 0, 0, 0, 0, 0, 0, 0, 0, 0, 0, 0, 0, 0, 0, 0, 0, 0, 0, 0, 0, 0, 0, 0, 0, 0, 0, 0, 0, 0, 0, 0, 0, 0, 0, 0, 0, 0, 0, 0]",380,"[3.52219820022583, 2.289297103881836, 0.4453502297401428, 0.7735013365745544, 1.5327234268188477, 2.220036745071411, 3.848345994949341, 2.5984244346618652, 1.3323062658309937, 1.790621042251587, 1.3959641456604004, 3.3815360069274902, 1.522528052330017, 1.8899242877960205, 1.1751964092254639, 0.43033817410469055, 0.8115971088409424, 0.5375714898109436, 1.5073050260543823, 0.9445659518241882, 0.4081302583217621, 1.6554839611053467, 1.5752357244491577, 1.0986520051956177, 1.900344967842102, 1.5869168043136597, 2.3754444122314453, 0.6716160774230957, 2.3991706371307373, 0.5195472240447998, 4.109898090362549, 0.42767947912216187, 2.6846444606781006, 2.251736640930176, 1.0862271785736084, 0.9877052307128906, 1.6449825763702393, 2.8893799781799316, 3.1015288829803467, 1.847339153289795, 1.5459017753601074, 1.1460691690444946, 1.3085408210754395, 4.326754570007324, 1.7493597269058228, 2.0032765865325928, 0.7732089161872864, 2.3766286373138428, 0.4569341242313385, 1.4891058206558228, 1.3916757106781006, 0.6540078520774841, 0.6015550494194031, 0.48174309730529785, 2.322150468826294, 2.758225440979004, 0.46933311223983765, 0.7230241894721985, 0.9513628482818604, 0.9706742763519287, 1.517487645149231, 0.9174572229385376, 1.6217304468154907, 0.4301472008228302, 1.8292447328567505, 1.7215852737426758, 0.9740883111953735, 0.8229138255119324, 1.693198561668396, 1.6887110471725464, 0.4225184917449951, 2.3735151290893555, 2.4233789443969727, 0.6674903631210327, 3.582653284072876, 0.4076114296913147, 1.0225692987442017, 4.0531463623046875, 0.40845000743865967, 2.356482744216919, 0.7686541080474854, 0.7877194285392761, 2.550934076309204, 0.561862051486969, 3.3920960426330566, 1.7537552118301392, 2.9921722412109375, 0.5433754324913025, 2.307206630706787, 0.4110391139984131, 1.5670775175094604, 3.786691665649414, 0.7803646922111511, 1.1215742826461792, 1.4493156671524048, 0.40888699889183044, 1.7871593236923218, 2.5189216136932373, 2.2371459007263184, 0.8616763949394226, 0.9075189232826233, 0.650510311126709, 0.8379766345024109, 0.4147922396659851, 2.3374483585357666, 2.025796413421631, 0.41997772455215454, 0.7277840971946716, 0.635063648223877, 0.40958282351493835, 1.8103610277175903, 0.42182230949401855, 0.5509809255599976, 3.004232406616211, 0.7226578593254089, 1.2474159002304077, 0.9259329438209534, 1.0591328144073486, 0.8623634576797485, 0.6167229413986206, 1.2764970064163208, 3.776125431060791, 0.5498297810554504, 0.6076967716217041, 1.7357850074768066, 0.9402323961257935, 1.4581544399261475, 0.9590858221054077, 0.6716539263725281, 0.5055046081542969, 2.980259418487549, 0.5488030910491943, 0.4102731943130493, 1.3266186714172363, 2.816896915435791, 0.7744206786155701, 2.2307944297790527, 1.5510743856430054, 1.0096641778945923, 0.9015494585037231, 0.9869670271873474, 1.3942381143569946, 1.5539265871047974, 1.0508517026901245, 1.5916883945465088, 2.6312742233276367, 2.722745656967163, 0.727957546710968, 3.262321710586548, 0.8532885909080505, 2.9818365573883057, 0.4195137023925781, 1.7013627290725708, 1.988115668296814, 0.5223602056503296, 0.6021944284439087, 1.5090152025222778, 0.41045665740966797, 0.6501342058181763, 0.8864257335662842, 1.9110450744628906, 1.8740359544754028, 2.4260406494140625, 2.6152167320251465, 1.8595389127731323, 0.7754980325698853, 1.2425669431686401, 0.4507085382938385, 1.4101486206054688, 1.198346734046936, 0.4466281235218048, 0.40856316685676575, 0.4104050397872925, 1.5860803127288818, 0.6903005838394165, 2.528169631958008, 2.0754990577697754, 1.900376319885254, 0.40785855054855347, 0.9169327020645142, 1.4139642715454102, 2.952235221862793, 0.7347238659858704, 1.3371365070343018, 1.342089056968689, 4.168481826782227, 0.5077953338623047, 0.9771714806556702, 2.206892490386963, 0.6697597503662109, 1.6259361505508423, 1.2780262231826782, 0.4083276689052582, 2.996035575866699, 0.4075121283531189, 1.4159473180770874, 1.7890067100524902, 0.5376304388046265, 3.264256238937378, 1.445610761642456, 0.8508968353271484, 0.8253403306007385, 0.5480664968490601, 2.8924269676208496, 0.7286564707756042, 3.6027441024780273, 1.322471022605896, 0.43225783109664917, 2.9897165298461914, 2.8984646797180176, 2.887155055999756, 0.40728333592414856, 2.9520633220672607, 0.5967268347740173, 0.6476641297340393, 2.107492446899414, 0.7989627122879028, 0.6515923142433167, 1.819084882736206, 1.943263053894043, 0.9113122820854187, 1.7770994901657104, 2.480308771133423, 0.4096447825431824, 0.9907957315444946, 2.238443613052368, 1.5703365802764893, 1.2816375494003296, 0.4781244397163391, 1.952897310256958, 0.4598880112171173, 2.351155996322632, 0.7358516454696655, 1.070016622543335, 0.4079619348049164, 1.5415101051330566, 2.252739429473877, 1.180841088294983, 0.5334031581878662, 0.9605368971824646, 0.435606986284256, 1.0216844081878662, 2.0089166164398193, 2.046694755554199, 0.8986049890518188, 1.2241572141647339, 0.47017401456832886, 1.0228077173233032, 3.1547553539276123, 0.6083216667175293, 1.3403773307800293, 1.5197564363479614, 0.7179927825927734, 0.4085693359375, 0.4109998345375061, 0.5437573790550232, 1.0586037635803223, 0.5796034932136536, 0.4080868065357208, 0.7015422582626343, 2.221827745437622, 0.44367384910583496, 3.593170166015625, 3.689451217651367, 1.1878907680511475, 0.4790988564491272, 0.46175605058670044, 0.5207526683807373, 0.4072265923023224, 0.6933558583259583, 1.0884449481964111, 1.0166640281677246, 0.4111310839653015, 0.4120267927646637, 1.067553162574768, 2.4645400047302246, 0.45335277915000916, 1.2831034660339355, 1.4351452589035034, 0.457670658826828, 2.0386552810668945, 0.6930271983146667, 3.941584587097168, 3.09854793548584, 3.056915283203125, 0.41036689281463623, 0.7125590443611145, 1.835659384727478, 2.0694258213043213, 0.5438278317451477, 0.7611151337623596, 1.8315585851669312, 0.5894637107849121, 1.7750860452651978, 2.576662063598633, 3.2705750465393066, 2.0833232402801514, 3.748417615890503, 3.541835308074951, 0.7269895076751709, 0.47080621123313904, 0.6707619428634644, 0.7014027237892151, 1.2818493843078613, 1.4043247699737549, 1.8530353307724, 2.643456220626831, 1.165252685546875, 1.3265771865844727, 3.29451847076416, 4.107400894165039, 1.1264568567276, 1.5124722719192505, 0.8541704416275024, 2.1063997745513916, 2.8915135860443115, 2.3500897884368896, 0.40875762701034546, 0.44031304121017456, 0.5653199553489685, 0.8030637502670288, 0.6596869826316833, 0.4241388738155365, 0.4082617163658142, 0.6576240658760071, 0.46938803791999817, 0.9310553669929504, 2.0993881225585938, 1.0801371335983276, 1.7092918157577515, 4.042505741119385, 0.4872973561286926, 2.048915386199951, 1.0667704343795776, 0.4749559760093689, 1.4375009536743164, 1.1676726341247559, 1.2703640460968018, 0.9261147975921631, 0.6220839023590088, 0.4351782500743866, 1.6049553155899048, 0.7934107184410095, 1.5430841445922852, 1.2245482206344604, 0.43657386302948, 2.423943519592285, 0.6044338941574097, 1.47920560836792, 3.1298587322235107, 1.340752363204956, 2.2006289958953857, 0.7460105419158936, 1.5463318824768066, 2.0453834533691406, 0.9493929147720337, 0.4389156997203827, 0.5638445019721985, 1.807388186454773, 0.40899205207824707, 2.794930934906006, 1.3308523893356323, 0.45221856236457825, 3.2900290489196777, 1.3944456577301025, 2.849228858947754, 2.106167793273926, 1.6907681226730347, 0.43879276514053345, 1.3656914234161377, 0.8106120824813843, 3.206817388534546, 1.6305829286575317, 3.79008150100708, 2.5851633548736572, 2.9697470664978027, 0.7923802137374878, 0.44113659858703613, 0.9711666703224182, 1.5366684198379517]",0.0,"[5.0, 1.0, 0.0, 0.0, 0.0, 0.0, 0.0, 0.0, 0.0, 0.0, 0.0, 0.0, 0.0, 0.0, 0.0, 0.0, 0.0, 0.0, 0.0, 0.0, 0.0, 0.0, 0.0, 0.0, 0.0, 0.0, 0.0, 0.0, 0.0, 0.0, 0.0, 0.0, 0.0, 0.0, 0.0, 0.0, 0.0, 0.0, 0.0, 0.0, 0.0, 0.0, 0.0, 0.0, 0.0, 0.0, 0.0, 0.0, 0.0, 0.0, 0.0, 0.0, 0.0, 0.0, 0.0, 0.0, 0.0, 0.0, 0.0, 0.0, 0.0, 0.0, 0.0, 0.0, 0.0, 0.0, 0.0, 0.0, 0.0, 0.0, 0.0, 0.0, 0.0, 0.0, 0.0, 0.0, 0.0, 0.0, 0.0, 0.0, 0.0, 0.0, 0.0, 0.0, 0.0, 0.0, 0.0, 0.0, 0.0, 0.0, 0.0, 0.0, 0.0, 0.0, 0.0, 0.0, 0.0, 0.0, 0.0, 0.0, 0.0, 0.0, 0.0, 0.0, 0.0, 0.0, 0.0, 0.0, 0.0, 0.0, 0.0, 0.0, 0.0, 0.0, 0.0, 0.0, 0.0, 0.0, 0.0, 0.0, 0.0, 0.0, 0.0, 0.0, 0.0, 0.0, 0.0, 0.0, 0.0, 0.0, 0.0, 0.0, 0.0, 0.0, 0.0, 0.0, 0.0, 0.0, 0.0, 0.0, 0.0, 0.0, 0.0, 0.0, 0.0, 0.0, 0.0, 0.0, 0.0, 0.0, 0.0, 0.0, 0.0, 0.0, 0.0, 0.0, 0.0, 0.0, 0.0, 0.0, 0.0, 0.0, 0.0, 0.0, 0.0, 0.0, 0.0, 0.0, 0.0, 0.0, 0.0, 0.0, 0.0, 0.0, 0.0, 0.0, 0.0, 0.0, 0.0, 0.0, 0.0, 0.0, 0.0, 0.0, 0.0, 0.0, 0.0, 0.0, 0.0, 0.0, 0.0, 0.0, 0.0, 0.0, 0.0, 0.0, 0.0, 0.0, 0.0, 0.0, 0.0, 0.0, 0.0, 0.0, 0.0, 0.0, 0.0, 0.0, 0.0, 0.0, 0.0, 0.0, 0.0, 0.0, 0.0, 0.0, 0.0, 0.0, 0.0, 0.0, 0.0, 0.0, 0.0, 0.0, 0.0, 0.0, 0.0, 0.0, 0.0, 0.0, 0.0, 0.0, 0.0, 0.0, 0.0, 0.0, 0.0, 0.0, 0.0, 0.0, 0.0, 0.0, 0.0, 0.0, 0.0, 0.0, 0.0, 0.0, 0.0, 0.0, 0.0, 0.0, 0.0, 0.0, 0.0, 0.0, 0.0, 0.0, 0.0, 0.0, 0.0, 0.0, 0.0, 0.0, 0.0, 0.0, 0.0, 0.0, 0.0, 0.0, 0.0, 0.0, 0.0, 0.0, 0.0, 0.0, 0.0, 0.0, 0.0, 0.0, 0.0, 0.0, 0.0, 0.0, 0.0, 0.0, 0.0, 0.0, 0.0, 0.0, 0.0, 0.0, 0.0, 0.0, 0.0, 0.0, 0.0, 0.0, 0.0, 0.0, 0.0, 0.0, 0.0, 0.0, 0.0, 0.0, 0.0, 0.0, 0.0, 0.0, 0.0, 0.0, 0.0, 0.0, 0.0, 0.0, 0.0, 0.0, 0.0, 0.0, 0.0, 0.0, 0.0, 0.0, 0.0, 0.0, 0.0, 0.0, 0.0, 0.0, 0.0, 0.0, 0.0, 0.0, 0.0, 0.0, 0.0, 0.0, 0.0, 0.0, 0.0, 0.0, 0.0, 0.0, 0.0, 0.0, 0.0, 0.0, 0.0, 0.0, 0.0, 0.0, 0.0, 0.0, 0.0, 0.0, 0.0, 0.0, 0.0, 0.0, 0.0, 0.0, 0.0, 0.0, 0.0, 0.0, 0.0, 0.0, 0.0, 0.0, 0.0, 0.0, 0.0, 0.0, 0.0, 0.0, 0.0, 0.0, 0.0, 0.0]",COMPLETE
