,number,value,datetime_start,datetime_complete,duration,params_batch_size_scaler,params_constant_learning_rate,params_depth,params_epochs,params_kernel_l2,params_num_trees,params_temperature,user_attrs_accuracy_test,user_attrs_accuracy_valid,user_attrs_approximate_feature_sparsity,user_attrs_approximate_feature_sparsity_history,user_attrs_approximate_weight_sparsity,user_attrs_approximate_weight_sparsity_history,user_attrs_auc_test,user_attrs_auc_valid,user_attrs_feature_sparsity,user_attrs_feature_sparsity_history,user_attrs_num_epochs,user_attrs_val_loss_history,user_attrs_weight_sparsity,user_attrs_weight_sparsity_history,state
67,67,0.8131223351496181,2024-08-31 03:00:08.323756,2024-08-31 03:03:06.769670,0 days 00:02:58.445914,16,2.932379772349978,5,270,0.002145019936323118,66,0.001640993420958284,0.9,0.8925,4,"[33, 33, 33, 33, 33, 15, 9, 6, 6, 6, 6, 6, 6, 6, 5, 5, 5, 5, 5, 5, 5, 5, 5, 5, 5, 5, 5, 5, 5, 5, 5, 5, 5, 5, 5, 5, 5, 5, 5, 5, 5, 5, 5, 5, 5, 5, 5, 5, 5, 5, 5, 5, 5, 5, 5, 5, 5, 5, 5, 5, 5, 5, 5, 5, 5, 5, 5, 5, 5, 5, 5, 5, 5, 5, 5, 5, 5, 5, 5, 5, 5, 5, 5, 5, 5, 5, 5, 5, 5, 5, 5, 5, 5, 5, 5, 5, 5, 5, 4, 4, 4, 4, 4, 4, 4, 4, 4, 4, 4, 4, 4, 4, 4, 4, 4, 4, 4, 4, 4, 4, 4, 4, 4, 4, 4, 4, 4, 4, 4, 4, 4, 4, 4, 4, 4, 4, 4, 4, 4, 4, 4, 4, 4, 4, 4, 4, 4, 4, 4, 4, 4, 4, 4, 4, 4, 4, 4, 4, 4, 4, 4, 4, 4, 4, 4, 4, 4, 4, 4, 4, 4, 4, 4, 4, 4, 4, 4, 4, 4, 4, 4, 4, 4, 4, 4, 4, 4, 4, 4, 4, 4, 4, 4, 4, 4, 4, 4, 4, 4, 4, 4, 4, 4, 4, 4, 4, 4, 4, 4, 4, 4, 4, 4, 4, 4, 4, 4, 4, 4, 4, 4, 4, 4, 4, 4, 4, 4, 4, 4, 4, 4, 4, 4, 4, 4, 4, 4, 4, 4, 4, 4, 4, 4, 4, 4, 4, 4, 4, 4, 4, 4, 4, 4, 4, 4, 4, 4, 4, 4, 4, 4, 4, 4, 4, 4, 4, 4, 4, 4, 4]",3.995601173020528,"[32.94477028347996, 32.94721407624633, 32.946236559139784, 32.94379276637341, 32.945259042033236, 14.96871945259042, 8.984848484848484, 5.990713587487781, 5.992668621700879, 5.990224828934506, 5.990224828934506, 5.987292277614857, 5.99169110459433, 5.991691104594331, 4.989736070381232, 4.994623655913978, 4.992668621700879, 4.991202346041056, 4.987781036168133, 4.992668621700879, 4.99364613880743, 4.992179863147605, 4.99364613880743, 4.994623655913978, 4.992668621700879, 4.9931573802541545, 4.991691104594331, 4.9931573802541545, 4.992668621700879, 4.99364613880743, 4.99364613880743, 4.991691104594331, 4.994623655913978, 4.991691104594331, 4.991202346041056, 4.9931573802541545, 4.994623655913978, 4.992179863147605, 4.991202346041056, 4.991691104594331, 4.990224828934506, 4.991202346041056, 4.992179863147605, 4.992668621700879, 4.992668621700879, 4.9931573802541545, 4.990713587487781, 4.991691104594331, 4.9931573802541545, 4.990224828934506, 4.988269794721408, 4.992179863147605, 4.991691104594331, 4.9931573802541545, 4.990224828934506, 4.9960899315738025, 4.992179863147605, 4.991691104594331, 4.992668621700879, 4.996578690127077, 4.998044965786901, 4.994623655913978, 4.991691104594331, 4.9960899315738025, 4.995112414467253, 4.997556207233627, 4.995112414467253, 4.996578690127077, 4.9960899315738025, 4.99364613880743, 4.994623655913978, 4.991691104594331, 4.995112414467253, 4.995112414467253, 4.994134897360704, 4.992668621700879, 4.9931573802541545, 4.996578690127077, 4.995112414467253, 4.996578690127077, 4.995112414467253, 4.992179863147605, 4.99364613880743, 4.994623655913978, 4.992668621700879, 4.994134897360704, 4.994623655913978, 4.994623655913978, 4.99364613880743, 4.992668621700879, 4.99364613880743, 4.991202346041056, 4.995112414467253, 4.99364613880743, 4.990224828934506, 4.9931573802541545, 4.991202346041056, 4.990224828934506, 3.9946236559139785, 3.9916911045943304, 3.993646138807429, 3.994134897360704, 3.9946236559139785, 3.995112414467253, 3.994134897360704, 3.9926686217008798, 3.9916911045943304, 3.9912023460410557, 3.992179863147605, 3.9887585532746823, 3.9926686217008798, 3.9882697947214076, 3.9931573802541545, 3.9902248289345064, 3.9926686217008798, 3.9931573802541545, 3.9912023460410557, 3.990713587487781, 3.993646138807429, 3.9897360703812317, 3.994134897360704, 3.994134897360704, 3.995112414467253, 3.995601173020528, 3.9975562072336266, 3.995112414467253, 3.997067448680352, 3.9960899315738025, 3.995112414467253, 3.995601173020528, 3.997067448680352, 3.995601173020528, 3.995601173020528, 3.9965786901270772, 3.9965786901270772, 3.9960899315738025, 3.995112414467253, 3.9960899315738025, 3.994134897360704, 3.9946236559139785, 3.995112414467253, 3.9960899315738025, 3.995112414467253, 3.995601173020528, 3.9926686217008798, 3.9931573802541545, 3.9965786901270772, 3.995601173020528, 3.9946236559139785, 3.994134897360704, 3.995112414467253, 3.995112414467253, 3.994134897360704, 3.9960899315738025, 3.9946236559139785, 3.9946236559139785, 3.995112414467253, 3.994134897360704, 3.9960899315738025, 3.9960899315738025, 3.9960899315738025, 3.9965786901270772, 3.9960899315738025, 3.994134897360704, 3.995601173020528, 3.9946236559139785, 3.9931573802541545, 3.994134897360704, 3.994134897360704, 3.990713587487781, 3.9946236559139785, 3.9926686217008798, 3.995112414467253, 3.994134897360704, 3.995112414467253, 3.995601173020528, 3.9931573802541545, 3.992179863147605, 3.9926686217008798, 3.9926686217008798, 3.9946236559139785, 3.995112414467253, 3.9960899315738025, 3.9965786901270772, 3.997067448680352, 3.9960899315738025, 3.9960899315738025, 3.995601173020528, 3.9931573802541545, 3.994134897360704, 3.9946236559139785, 3.9946236559139785, 3.995112414467253, 3.9965786901270772, 3.995601173020528, 3.9965786901270772, 3.9960899315738025, 3.993646138807429, 3.9960899315738025, 3.995601173020528, 3.9960899315738025, 3.9960899315738025, 3.9946236559139785, 3.995112414467253, 3.995112414467253, 3.995112414467253, 3.993646138807429, 3.994134897360704, 3.993646138807429, 3.994134897360704, 3.995112414467253, 3.9946236559139785, 3.9946236559139785, 3.993646138807429, 3.9965786901270772, 3.993646138807429, 3.9965786901270772, 3.9946236559139785, 3.994134897360704, 3.993646138807429, 3.995112414467253, 3.993646138807429, 3.9926686217008798, 3.9960899315738025, 3.993646138807429, 3.9926686217008798, 3.995601173020528, 3.9946236559139785, 3.9946236559139785, 3.995601173020528, 3.995112414467253, 3.995601173020528, 3.995112414467253, 3.995112414467253, 3.995112414467253, 3.995601173020528, 3.9965786901270772, 3.995112414467253, 3.995601173020528, 3.9965786901270772, 3.9960899315738025, 3.9960899315738025, 3.9975562072336266, 3.9975562072336266, 3.9960899315738025, 3.9965786901270772, 3.994134897360704, 3.995112414467253, 3.9960899315738025, 3.9965786901270772, 3.995601173020528, 3.9960899315738025, 3.9965786901270772, 3.995601173020528, 3.995601173020528, 3.9931573802541545, 3.995112414467253, 3.9960899315738025, 3.997067448680352, 3.993646138807429, 3.9960899315738025, 3.995112414467253, 3.9946236559139785, 3.995601173020528, 3.9960899315738025, 3.9965786901270772, 3.9960899315738025, 3.995601173020528, 3.994134897360704, 3.995601173020528]",0.784364963383119,0.8131223351496181,4,"[33, 33, 33, 33, 33, 15, 9, 6, 6, 6, 6, 6, 6, 6, 5, 5, 5, 5, 5, 5, 5, 5, 5, 5, 5, 5, 5, 5, 5, 5, 5, 5, 5, 5, 5, 5, 5, 5, 5, 5, 5, 5, 5, 5, 5, 5, 5, 5, 5, 5, 5, 5, 5, 5, 5, 5, 5, 5, 5, 5, 5, 5, 5, 5, 5, 5, 5, 5, 5, 5, 5, 5, 5, 5, 5, 5, 5, 5, 5, 5, 5, 5, 5, 5, 5, 5, 5, 5, 5, 5, 5, 5, 5, 5, 5, 5, 5, 5, 4, 4, 4, 4, 4, 4, 4, 4, 4, 4, 4, 4, 4, 4, 4, 4, 4, 4, 4, 4, 4, 4, 4, 4, 4, 4, 4, 4, 4, 4, 4, 4, 4, 4, 4, 4, 4, 4, 4, 4, 4, 4, 4, 4, 4, 4, 4, 4, 4, 4, 4, 4, 4, 4, 4, 4, 4, 4, 4, 4, 4, 4, 4, 4, 4, 4, 4, 4, 4, 4, 4, 4, 4, 4, 4, 4, 4, 4, 4, 4, 4, 4, 4, 4, 4, 4, 4, 4, 4, 4, 4, 4, 4, 4, 4, 4, 4, 4, 4, 4, 4, 4, 4, 4, 4, 4, 4, 4, 4, 4, 4, 4, 4, 4, 4, 4, 4, 4, 4, 4, 4, 4, 4, 4, 4, 4, 4, 4, 4, 4, 4, 4, 4, 4, 4, 4, 4, 4, 4, 4, 4, 4, 4, 4, 4, 4, 4, 4, 4, 4, 4, 4, 4, 4, 4, 4, 4, 4, 4, 4, 4, 4, 4, 4, 4, 4, 4, 4, 4, 4, 4, 4]",270,"[0.3717930316925049, 0.36896267533302307, 0.352072536945343, 0.34687140583992004, 0.3470485806465149, 0.3324313461780548, 0.3490781784057617, 0.3581777513027191, 0.3370966613292694, 0.33701378107070923, 0.3266630470752716, 0.3309101462364197, 0.32639938592910767, 0.3148617446422577, 0.3314017057418823, 0.31234797835350037, 0.3074452579021454, 0.3189201056957245, 0.30177974700927734, 0.29909437894821167, 0.3137677311897278, 0.30010172724723816, 0.3053876459598541, 0.29218941926956177, 0.29347726702690125, 0.2915271520614624, 0.3265785872936249, 0.32888832688331604, 0.2879445552825928, 0.2868298590183258, 0.2878214418888092, 0.29129132628440857, 0.28521519899368286, 0.29965174198150635, 0.2886615991592407, 0.28620433807373047, 0.3016943037509918, 0.3195737898349762, 0.32687580585479736, 0.28201398253440857, 0.29172763228416443, 0.28323087096214294, 0.28132545948028564, 0.2989460825920105, 0.2795376479625702, 0.2809731364250183, 0.29461488127708435, 0.2907102108001709, 0.2809443175792694, 0.27432236075401306, 0.2824845016002655, 0.276523619890213, 0.2827919125556946, 0.27607086300849915, 0.27629971504211426, 0.2720358371734619, 0.2739471197128296, 0.27453625202178955, 0.2705637812614441, 0.27062535285949707, 0.2703046500682831, 0.27063795924186707, 0.27466148138046265, 0.26950424909591675, 0.26988327503204346, 0.27098044753074646, 0.27235639095306396, 0.2704649567604065, 0.26933375000953674, 0.2681885063648224, 0.27321088314056396, 0.26876187324523926, 0.2685595452785492, 0.26997119188308716, 0.2727051377296448, 0.28084227442741394, 0.28669172525405884, 0.2667692005634308, 0.26846078038215637, 0.2709372937679291, 0.27033352851867676, 0.2690359354019165, 0.28105783462524414, 0.26658105850219727, 0.27069106698036194, 0.2703779339790344, 0.27021121978759766, 0.27033060789108276, 0.26833075284957886, 0.2678254246711731, 0.26911473274230957, 0.2657915949821472, 0.2652839422225952, 0.2705526649951935, 0.27718985080718994, 0.270290344953537, 0.2654854655265808, 0.2697497308254242, 0.29362940788269043, 0.2921918034553528, 0.36177948117256165, 0.30776873230934143, 0.2907191514968872, 0.2895982265472412, 0.2940663993358612, 0.2899768352508545, 0.30311477184295654, 0.3012218773365021, 0.2968456745147705, 0.30082693696022034, 0.2899835705757141, 0.2935451567173004, 0.2906087338924408, 0.3195369839668274, 0.2911317050457001, 0.2978387176990509, 0.29571402072906494, 0.2916976511478424, 0.2996714115142822, 0.29414644837379456, 0.3256167471408844, 0.28998053073883057, 0.2923125922679901, 0.3054967224597931, 0.2939421236515045, 0.3004136383533478, 0.29494744539260864, 0.295505166053772, 0.29359015822410583, 0.2945803999900818, 0.2973056733608246, 0.3187258243560791, 0.3001212775707245, 0.28943318128585815, 0.2906215190887451, 0.3057948648929596, 0.2927456200122833, 0.3101157248020172, 0.3151324391365051, 0.3019574284553528, 0.2991943061351776, 0.2912576198577881, 0.29097461700439453, 0.30567818880081177, 0.29401594400405884, 0.29159149527549744, 0.29155224561691284, 0.29435595870018005, 0.291625440120697, 0.34652554988861084, 0.29775309562683105, 0.28966519236564636, 0.29271650314331055, 0.2911759614944458, 0.29122158885002136, 0.2913253903388977, 0.29027295112609863, 0.29856908321380615, 0.3186326324939728, 0.29022976756095886, 0.291673868894577, 0.29021182656288147, 0.3014513850212097, 0.29653170704841614, 0.29089248180389404, 0.2892465889453888, 0.29727625846862793, 0.29124489426612854, 0.29459547996520996, 0.29042840003967285, 0.29030641913414, 0.31641215085983276, 0.2895336449146271, 0.29024696350097656, 0.2924611568450928, 0.29171839356422424, 0.2962287962436676, 0.297085165977478, 0.2893720865249634, 0.29313361644744873, 0.28972166776657104, 0.2899080514907837, 0.2945701479911804, 0.29104840755462646, 0.2915147840976715, 0.28959134221076965, 0.2898053824901581, 0.2948545515537262, 0.2890721559524536, 0.29716721177101135, 0.29065048694610596, 0.28971049189567566, 0.28908026218414307, 0.28968489170074463, 0.291561484336853, 0.290300577878952, 0.2936258614063263, 0.29222267866134644, 0.29126694798469543, 0.2901358902454376, 0.2943098545074463, 0.28945741057395935, 0.29033347964286804, 0.298571914434433, 0.29336607456207275, 0.2963182032108307, 0.29090943932533264, 0.2903490960597992, 0.3005775809288025, 0.30007678270339966, 0.29136091470718384, 0.29968971014022827, 0.28966978192329407, 0.29031428694725037, 0.3033832311630249, 0.2927490472793579, 0.3509658873081207, 0.28983163833618164, 0.3035352826118469, 0.30682703852653503, 0.2931472957134247, 0.3043938875198364, 0.35066425800323486, 0.2993065416812897, 0.29283058643341064, 0.2921096086502075, 0.29070815443992615, 0.29004406929016113, 0.29597604274749756, 0.2959098517894745, 0.29145002365112305, 0.2918955087661743, 0.29056715965270996, 0.2899395227432251, 0.2896569073200226, 0.2909761071205139, 0.29971447587013245, 0.2930160462856293, 0.29017794132232666, 0.29520636796951294, 0.29653388261795044, 0.29169049859046936, 0.2898840606212616, 0.29237788915634155, 0.28988343477249146, 0.3236497938632965, 0.28948259353637695, 0.2982742190361023, 0.296731173992157, 0.2931595742702484, 0.29629093408584595, 0.298147588968277, 0.29946133494377136, 0.29068076610565186, 0.29033970832824707, 0.29126012325286865, 0.3433056175708771, 0.29078617691993713, 0.29583388566970825, 0.28937971591949463, 0.2981039881706238, 0.30656227469444275, 0.2905624210834503, 0.29050764441490173, 0.29466158151626587, 0.29590561985969543, 0.29986295104026794, 0.30170848965644836, 0.2902292311191559, 0.29221999645233154]",4.0,"[33.0, 33.0, 33.0, 33.0, 33.0, 15.0, 9.0, 6.0, 6.0, 6.0, 6.0, 6.0, 6.0, 6.0, 5.0, 5.0, 5.0, 5.0, 5.0, 5.0, 5.0, 5.0, 5.0, 5.0, 5.0, 5.0, 5.0, 5.0, 5.0, 5.0, 5.0, 5.0, 5.0, 5.0, 5.0, 5.0, 5.0, 5.0, 5.0, 5.0, 5.0, 5.0, 5.0, 5.0, 5.0, 5.0, 5.0, 5.0, 5.0, 5.0, 5.0, 5.0, 5.0, 5.0, 5.0, 5.0, 5.0, 5.0, 5.0, 5.0, 5.0, 5.0, 5.0, 5.0, 5.0, 5.0, 5.0, 5.0, 5.0, 5.0, 5.0, 5.0, 5.0, 5.0, 5.0, 5.0, 5.0, 5.0, 5.0, 5.0, 5.0, 5.0, 5.0, 5.0, 5.0, 5.0, 5.0, 5.0, 5.0, 5.0, 5.0, 5.0, 5.0, 5.0, 5.0, 5.0, 5.0, 5.0, 4.0, 4.0, 4.0, 4.0, 4.0, 4.0, 4.0, 4.0, 4.0, 4.0, 4.0, 4.0, 4.0, 4.0, 4.0, 4.0, 4.0, 4.0, 4.0, 4.0, 4.0, 4.0, 4.0, 4.0, 4.0, 4.0, 4.0, 4.0, 4.0, 4.0, 4.0, 4.0, 4.0, 4.0, 4.0, 4.0, 4.0, 4.0, 4.0, 4.0, 4.0, 4.0, 4.0, 4.0, 4.0, 4.0, 4.0, 4.0, 4.0, 4.0, 4.0, 4.0, 4.0, 4.0, 4.0, 4.0, 4.0, 4.0, 4.0, 4.0, 4.0, 4.0, 4.0, 4.0, 4.0, 4.0, 4.0, 4.0, 4.0, 4.0, 4.0, 4.0, 4.0, 4.0, 4.0, 4.0, 4.0, 4.0, 4.0, 4.0, 4.0, 4.0, 4.0, 4.0, 4.0, 4.0, 4.0, 4.0, 4.0, 4.0, 4.0, 4.0, 4.0, 4.0, 4.0, 4.0, 4.0, 4.0, 4.0, 4.0, 4.0, 4.0, 4.0, 4.0, 4.0, 4.0, 4.0, 4.0, 4.0, 4.0, 4.0, 4.0, 4.0, 4.0, 4.0, 4.0, 4.0, 4.0, 4.0, 4.0, 4.0, 4.0, 4.0, 4.0, 4.0, 4.0, 4.0, 4.0, 4.0, 4.0, 4.0, 4.0, 4.0, 4.0, 4.0, 4.0, 4.0, 4.0, 4.0, 4.0, 4.0, 4.0, 4.0, 4.0, 4.0, 4.0, 4.0, 4.0, 4.0, 4.0, 4.0, 4.0, 4.0, 4.0, 4.0, 4.0, 4.0, 4.0, 4.0, 4.0, 4.0, 4.0, 4.0, 4.0, 4.0, 4.0, 4.0, 4.0, 4.0, 4.0, 4.0, 4.0]",COMPLETE
