,number,value,datetime_start,datetime_complete,duration,params_batch_size_scaler,params_constant_learning_rate,params_depth,params_epochs,params_kernel_l2,params_num_trees,params_temperature,user_attrs_accuracy_test,user_attrs_accuracy_valid,user_attrs_approximate_feature_sparsity,user_attrs_approximate_feature_sparsity_history,user_attrs_approximate_weight_sparsity,user_attrs_approximate_weight_sparsity_history,user_attrs_auc_test,user_attrs_auc_valid,user_attrs_feature_sparsity,user_attrs_feature_sparsity_history,user_attrs_num_epochs,user_attrs_val_loss_history,user_attrs_weight_sparsity,user_attrs_weight_sparsity_history,state
90,90,0.8802797851373807,2024-08-31 04:09:00.527793,2024-08-31 04:10:09.921007,0 days 00:01:09.393214,1,4.24698320711576,1,170,0.0033582746295595,92,0.00022268727786486572,0.879,0.8875,31,"[33, 31, 32, 31, 31, 31, 31, 31, 31, 31, 31, 31, 31, 31, 31, 31, 31, 31, 31, 31, 31, 31, 31, 31, 31, 31, 31, 31, 31, 31, 31, 31, 31, 31, 31, 31, 31, 31, 31, 31, 31, 31, 31, 31, 31, 31, 31, 31, 31, 31, 31, 31, 31, 31, 31, 31, 31, 31, 31, 31, 31, 31, 31, 31, 31, 31, 31, 31, 31, 31, 31, 31, 31, 31, 31, 31, 31, 31, 31, 31, 31, 31, 31, 31, 31, 31, 31, 31, 31, 31, 31, 31, 31, 31, 31, 31, 31, 31, 31, 31, 31, 31, 31, 31, 31, 31, 31, 31, 31, 31, 31, 31, 31, 31, 31, 31, 31, 31, 31, 31, 31, 31, 31, 31, 31, 31, 31, 31, 31, 31, 31, 31, 31, 31, 31, 31, 31, 31, 31, 31, 31, 31, 31, 31, 31, 31, 31, 31, 31, 31, 31, 31, 31, 31, 31, 31, 31, 31, 31, 31, 31, 31, 31, 31, 31, 31, 31, 31, 31, 31]",30.72826086956522,"[33.0, 31.0, 31.456521739130434, 31.0, 31.0, 31.0, 31.0, 31.0, 31.0, 31.0, 31.0, 31.0, 31.0, 31.0, 31.0, 31.0, 31.0, 31.0, 31.0, 31.0, 31.0, 31.0, 31.0, 31.0, 31.0, 31.0, 31.0, 31.0, 31.0, 31.0, 31.0, 31.0, 31.0, 31.0, 31.0, 31.0, 31.0, 31.0, 31.0, 31.0, 31.0, 31.0, 31.0, 31.0, 30.98913043478261, 31.0, 31.0, 31.0, 31.0, 31.0, 31.0, 31.0, 31.0, 31.0, 31.0, 31.0, 31.0, 31.0, 31.0, 31.0, 31.0, 31.0, 30.98913043478261, 31.0, 31.0, 31.0, 31.0, 31.0, 31.0, 31.0, 31.0, 31.0, 31.0, 31.0, 31.0, 31.0, 31.0, 31.0, 30.98913043478261, 30.98913043478261, 30.98913043478261, 30.98913043478261, 30.98913043478261, 30.98913043478261, 30.98913043478261, 30.98913043478261, 30.98913043478261, 30.98913043478261, 30.98913043478261, 30.97826086956522, 30.97826086956522, 30.97826086956522, 30.97826086956522, 30.97826086956522, 30.967391304347828, 30.967391304347828, 30.967391304347828, 30.967391304347828, 30.94565217391304, 30.94565217391304, 30.94565217391304, 30.94565217391304, 30.93478260869565, 30.93478260869565, 30.93478260869565, 30.93478260869565, 30.93478260869565, 30.93478260869565, 30.93478260869565, 30.93478260869565, 30.94565217391304, 30.94565217391304, 30.94565217391304, 30.93478260869565, 30.956521739130434, 30.956521739130434, 30.945652173913043, 30.956521739130434, 30.945652173913043, 30.945652173913043, 30.956521739130434, 30.945652173913043, 30.945652173913043, 30.945652173913043, 30.956521739130434, 30.956521739130434, 30.956521739130434, 30.945652173913043, 30.945652173913043, 30.945652173913043, 30.956521739130434, 30.945652173913043, 30.945652173913043, 30.945652173913043, 30.934782608695652, 30.913043478260867, 30.913043478260867, 30.913043478260867, 30.891304347826086, 30.891304347826086, 30.891304347826086, 30.880434782608695, 30.880434782608695, 30.880434782608695, 30.880434782608695, 30.869565217391305, 30.869565217391305, 30.858695652173914, 30.869565217391305, 30.858695652173914, 30.847826086956523, 30.847826086956523, 30.83695652173913, 30.826086956521735, 30.815217391304344, 30.804347826086953, 30.804347826086953, 30.804347826086953, 30.815217391304344, 30.82608695652174, 30.793478260869563, 30.782608695652172, 30.77173913043478, 30.76086956521739, 30.76086956521739, 30.73913043478261, 30.77173913043478, 30.77173913043478, 30.76086956521739, 30.72826086956522]",0.837804143032885,0.8802797851373807,31,"[33, 31, 32, 31, 31, 31, 31, 31, 31, 31, 31, 31, 31, 31, 31, 31, 31, 31, 31, 31, 31, 31, 31, 31, 31, 31, 31, 31, 31, 31, 31, 31, 31, 31, 31, 31, 31, 31, 31, 31, 31, 31, 31, 31, 31, 31, 31, 31, 31, 31, 31, 31, 31, 31, 31, 31, 31, 31, 31, 31, 31, 31, 31, 31, 31, 31, 31, 31, 31, 31, 31, 31, 31, 31, 31, 31, 31, 31, 31, 31, 31, 31, 31, 31, 31, 31, 31, 31, 31, 31, 31, 31, 31, 31, 31, 31, 31, 31, 31, 31, 31, 31, 31, 31, 31, 31, 31, 31, 31, 31, 31, 31, 31, 31, 31, 31, 31, 31, 31, 31, 31, 31, 31, 31, 31, 31, 31, 31, 31, 31, 31, 31, 31, 31, 31, 31, 31, 31, 31, 31, 31, 31, 31, 31, 31, 31, 31, 31, 31, 31, 31, 31, 31, 31, 31, 31, 31, 31, 31, 31, 31, 31, 31, 31, 31, 31, 31, 31, 31, 31]",170,"[4.4438276290893555, 5.784427642822266, 5.6435723304748535, 8.904266357421875, 7.9817118644714355, 15.428707122802734, 7.514142990112305, 16.9537353515625, 33.07070541381836, 14.7758207321167, 7.342916488647461, 7.887585639953613, 7.63412618637085, 14.767329216003418, 9.546730041503906, 9.383796691894531, 10.586788177490234, 7.944176197052002, 8.709633827209473, 10.1045503616333, 12.757637023925781, 13.592884063720703, 8.208434104919434, 8.355135917663574, 8.46188735961914, 12.031039237976074, 11.001167297363281, 11.559858322143555, 10.315105438232422, 9.570877075195312, 10.452693939208984, 7.941934585571289, 9.08641529083252, 13.132251739501953, 10.105276107788086, 9.218620300292969, 15.47337532043457, 9.93384838104248, 14.082016944885254, 10.090970039367676, 8.505415916442871, 12.697940826416016, 9.340685844421387, 8.580802917480469, 29.334613800048828, 7.397940158843994, 29.90935707092285, 10.232458114624023, 7.452595233917236, 15.788134574890137, 12.922262191772461, 11.337674140930176, 8.463689804077148, 9.978943824768066, 11.85236930847168, 9.989806175231934, 10.644065856933594, 8.163864135742188, 8.353365898132324, 9.313934326171875, 8.189168930053711, 28.581256866455078, 10.383414268493652, 8.86813735961914, 11.176828384399414, 11.290948867797852, 8.327271461486816, 8.872051239013672, 8.10351848602295, 10.276738166809082, 17.643386840820312, 14.466996192932129, 10.732889175415039, 35.84250259399414, 14.306790351867676, 12.027209281921387, 10.092996597290039, 8.057190895080566, 19.32197380065918, 9.360479354858398, 10.711237907409668, 9.308553695678711, 17.803306579589844, 12.446070671081543, 8.263641357421875, 8.575665473937988, 10.116713523864746, 19.750362396240234, 16.214401245117188, 10.191526412963867, 16.77790069580078, 22.891559600830078, 21.694110870361328, 13.241445541381836, 9.473648071289062, 9.196109771728516, 8.576855659484863, 10.781716346740723, 8.95590591430664, 10.240285873413086, 21.272668838500977, 8.439667701721191, 11.61866569519043, 9.275718688964844, 9.862709999084473, 11.331664085388184, 12.987261772155762, 10.402610778808594, 10.432652473449707, 12.368769645690918, 9.717950820922852, 7.714261531829834, 8.773560523986816, 9.45800495147705, 9.221558570861816, 9.772316932678223, 13.567700386047363, 8.783148765563965, 8.99596118927002, 13.359737396240234, 24.71755599975586, 15.564972877502441, 8.72062873840332, 9.10055160522461, 23.733135223388672, 10.850749969482422, 11.554791450500488, 11.208065032958984, 12.44186782836914, 38.601688385009766, 11.885912895202637, 8.659258842468262, 8.346295356750488, 9.266694068908691, 11.055597305297852, 8.969585418701172, 15.363604545593262, 11.733659744262695, 10.786707878112793, 25.849138259887695, 11.116907119750977, 19.395282745361328, 10.235617637634277, 13.24104118347168, 10.86166000366211, 16.680646896362305, 8.209717750549316, 14.351153373718262, 11.482597351074219, 15.1096830368042, 17.64411735534668, 15.155089378356934, 20.23457908630371, 10.889322280883789, 19.198505401611328, 10.577086448669434, 17.011600494384766, 9.763304710388184, 9.103190422058105, 13.648877143859863, 10.354846000671387, 10.458696365356445, 11.243834495544434, 10.8873872756958, 9.567028045654297, 9.748711585998535, 18.699739456176758, 10.280376434326172, 13.950013160705566, 9.244691848754883]",31.0,"[33.0, 31.0, 31.858695652173914, 31.0, 31.0, 31.0, 31.0, 31.0, 31.0, 31.0, 31.0, 31.0, 31.0, 31.0, 31.0, 31.0, 31.0, 31.0, 31.0, 31.0, 31.0, 31.0, 31.0, 31.0, 31.0, 31.0, 31.0, 31.0, 31.0, 31.0, 31.0, 31.0, 31.0, 31.0, 31.0, 31.0, 31.0, 31.0, 31.0, 31.0, 31.0, 31.0, 31.0, 31.0, 31.0, 31.0, 31.0, 31.0, 31.0, 31.0, 31.0, 31.0, 31.0, 31.0, 31.0, 31.0, 31.0, 31.0, 31.0, 31.0, 31.0, 31.0, 31.0, 31.0, 31.0, 31.0, 31.0, 31.0, 31.0, 31.0, 31.0, 31.0, 31.0, 31.0, 31.0, 31.0, 31.0, 31.0, 31.0, 31.0, 31.0, 31.0, 31.0, 31.0, 31.0, 31.0, 31.0, 31.0, 31.0, 31.0, 31.0, 31.0, 31.0, 31.0, 31.0, 31.0, 31.0, 31.0, 31.0, 31.0, 31.0, 31.0, 31.0, 31.0, 31.0, 31.0, 31.0, 31.0, 31.0, 31.0, 31.0, 31.0, 31.0, 31.0, 31.0, 31.0, 31.0, 31.0, 31.0, 31.0, 31.0, 31.0, 31.0, 31.0, 31.0, 31.0, 31.0, 31.0, 31.0, 31.0, 31.0, 31.0, 31.0, 31.0, 31.0, 31.0, 31.0, 31.0, 31.0, 31.0, 31.0, 31.0, 31.0, 31.0, 31.0, 31.0, 31.0, 31.0, 31.0, 31.0, 31.0, 31.0, 31.0, 31.0, 31.0, 31.0, 31.0, 31.0, 31.0, 31.0, 31.0, 31.0, 31.0, 31.0, 31.0, 31.0, 31.0, 31.0, 31.0, 31.0]",COMPLETE
91,91,0.5,2024-08-31 04:10:11.706411,2024-08-31 04:10:34.945804,0 days 00:00:23.239393,16,3.894143466461749,3,175,0.1871080314926421,57,0.0008784557401358168,0.859,0.85875,0,"[33, 33, 33, 33, 19, 14, 12, 11, 11, 11, 11, 10, 10, 10, 10, 10, 10, 9, 8, 8, 8, 8, 8, 7, 7, 7, 7, 7, 7, 7, 7, 7, 7, 7, 7, 7, 7, 7, 7, 7, 7, 6, 6, 6, 6, 6, 6, 6, 6, 6, 6, 6, 6, 6, 6, 6, 5, 5, 5, 5, 5, 5, 5, 5, 5, 5, 5, 5, 5, 3, 3, 3, 3, 3, 3, 3, 3, 3, 3, 3, 3, 3, 3, 3, 3, 3, 3, 3, 3, 3, 3, 3, 3, 3, 3, 3, 3, 3, 3, 3, 3, 3, 3, 3, 3, 3, 3, 3, 3, 3, 3, 3, 2, 2, 2, 2, 1, 1, 1, 1, 1, 1, 1, 1, 1, 1, 1, 1, 1, 1, 1, 1, 1, 1, 1, 1, 1, 1, 1, 1, 1, 1, 1, 1, 1, 1, 1, 1, 1, 1, 1, 1, 1, 1, 1, 1, 1, 1, 1, 1, 1, 1, 1, 1, 1, 1, 1, 0, 0, 0, 0, 0, 0, 0, 0]",0.0,"[32.984962406015036, 32.97243107769424, 32.959899749373434, 32.97243107769424, 18.969924812030076, 13.99248120300752, 11.9874686716792, 10.992481203007518, 10.982456140350877, 10.992481203007518, 10.987468671679197, 9.9874686716792, 9.99498746867168, 9.99498746867168, 9.992481203007518, 9.987468671679197, 9.989974937343357, 8.99749373433584, 7.994987468671679, 7.992481203007519, 7.994987468671679, 7.987468671679198, 7.994987468671679, 6.992481203007519, 6.992481203007519, 6.992481203007519, 6.992481203007519, 6.987468671679198, 6.994987468671679, 6.99749373433584, 6.989974937343359, 6.989974937343359, 6.989974937343359, 6.989974937343359, 6.987468671679198, 6.994987468671679, 6.992481203007519, 6.994987468671679, 6.989974937343359, 6.974937343358396, 6.992481203007519, 5.984962406015038, 6.0, 5.994987468671679, 6.0, 5.989974937343359, 6.0, 5.994987468671679, 5.994987468671679, 5.994987468671679, 5.994987468671679, 5.994987468671679, 5.994987468671679, 5.994987468671679, 5.992481203007519, 5.989974937343359, 4.99749373433584, 4.99749373433584, 4.989974937343359, 4.99749373433584, 4.99749373433584, 5.0, 4.99749373433584, 4.99749373433584, 5.0, 4.992481203007519, 4.989974937343359, 4.992481203007519, 4.994987468671679, 2.9949874686716793, 2.9974937343358397, 2.9974937343358397, 2.9949874686716793, 2.9974937343358397, 2.9949874686716793, 2.9974937343358397, 2.9974937343358397, 2.9949874686716793, 2.9974937343358397, 2.9974937343358397, 2.9974937343358397, 2.9974937343358397, 2.9974937343358397, 2.9974937343358397, 2.9974937343358397, 2.9974937343358397, 2.9974937343358397, 2.9949874686716793, 2.9949874686716793, 2.9949874686716793, 2.992481203007519, 2.9949874686716793, 2.992481203007519, 2.9949874686716793, 2.992481203007519, 2.989974937343358, 2.992481203007519, 2.992481203007519, 2.992481203007519, 2.992481203007519, 2.989974937343358, 2.9874686716791983, 2.9849624060150375, 2.987468671679198, 2.9874686716791983, 2.9899749373433586, 2.9899749373433586, 2.9899749373433586, 2.9899749373433586, 2.9899749373433586, 2.987468671679198, 2.9899749373433586, 1.9924812030075187, 1.9924812030075187, 1.9899749373433584, 1.9874686716791978, 0.9949874686716792, 0.9949874686716792, 0.9949874686716792, 0.9949874686716792, 0.9924812030075187, 0.9974937343358395, 0.9974937343358395, 0.9974937343358395, 1.0, 1.0, 1.0, 1.0, 1.0, 1.0, 1.0, 1.0, 1.0, 1.0, 1.0, 1.0, 0.9974937343358395, 0.9949874686716792, 0.9949874686716792, 0.9949874686716792, 0.9949874686716792, 0.9949874686716792, 0.9949874686716792, 0.9949874686716792, 0.9924812030075187, 0.9924812030075187, 0.9899749373433584, 0.9924812030075187, 0.9874686716791979, 0.9874686716791979, 0.9874686716791979, 0.9874686716791979, 0.9849624060150376, 0.9849624060150376, 0.9849624060150376, 0.9849624060150376, 0.9849624060150376, 0.9824561403508771, 0.9824561403508771, 0.9824561403508771, 0.9799498746867168, 0.9799498746867168, 0.9799498746867168, 0.9799498746867168, 0.9799498746867168, 0.9799498746867168, 0.9799498746867168, 0.0, 0.0, 0.0, 0.0, 0.0, 0.0, 0.0, 0.0]",0.5,0.5,0,"[33, 33, 33, 33, 19, 14, 12, 11, 11, 11, 11, 10, 10, 10, 10, 10, 10, 9, 8, 8, 8, 8, 8, 7, 7, 7, 7, 7, 7, 7, 7, 7, 7, 7, 7, 7, 7, 7, 7, 7, 7, 6, 6, 6, 6, 6, 6, 6, 6, 6, 6, 6, 6, 6, 6, 6, 5, 5, 5, 5, 5, 5, 5, 5, 5, 5, 5, 5, 5, 3, 3, 3, 3, 3, 3, 3, 3, 3, 3, 3, 3, 3, 3, 3, 3, 3, 3, 3, 3, 3, 3, 3, 3, 3, 3, 3, 3, 3, 3, 3, 3, 3, 3, 3, 3, 3, 3, 3, 3, 3, 3, 3, 2, 2, 2, 2, 1, 1, 1, 1, 1, 1, 1, 1, 1, 1, 1, 1, 1, 1, 1, 1, 1, 1, 1, 1, 1, 1, 1, 1, 1, 1, 1, 1, 1, 1, 1, 1, 1, 1, 1, 1, 1, 1, 1, 1, 1, 1, 1, 1, 1, 1, 1, 1, 1, 1, 1, 0, 0, 0, 0, 0, 0, 0, 0]",175,"[3.24726939201355, 0.7322193384170532, 0.5583385229110718, 0.4416082501411438, 1.2156423330307007, 0.7111197113990784, 0.3956059217453003, 0.7934436202049255, 1.582999587059021, 1.8116564750671387, 0.5339509844779968, 0.8896033763885498, 2.513530731201172, 2.7844316959381104, 2.517021417617798, 0.3715857267379761, 0.40095242857933044, 0.3441603183746338, 1.8548517227172852, 0.3150266706943512, 0.36678093671798706, 0.3235083818435669, 0.8862898349761963, 0.34885892271995544, 2.0759496688842773, 0.47516730427742004, 1.3103505373001099, 0.6012208461761475, 1.2377994060516357, 0.7090001702308655, 0.4942243695259094, 0.39093053340911865, 1.3112820386886597, 0.4442425072193146, 0.5014219880104065, 0.3945150077342987, 0.37778717279434204, 0.41684582829475403, 0.3133637607097626, 0.33065178990364075, 0.6405498385429382, 1.1338776350021362, 0.5112107396125793, 0.44147107005119324, 0.9598304629325867, 0.6051455736160278, 0.42781221866607666, 0.6185874938964844, 0.6583107113838196, 0.6524872779846191, 0.590584933757782, 0.5444187521934509, 1.204839825630188, 0.39016270637512207, 0.3839413523674011, 0.3802231550216675, 4.286890029907227, 0.3878118097782135, 3.1870391368865967, 0.4620617926120758, 0.6540437340736389, 0.39047837257385254, 0.44825008511543274, 1.0858440399169922, 0.7176135182380676, 0.7718523144721985, 0.6225941181182861, 2.209744691848755, 0.36633336544036865, 2.176835060119629, 0.812305748462677, 2.186936855316162, 0.4705032706260681, 2.014289140701294, 0.5530033111572266, 0.5488901734352112, 2.0271270275115967, 1.6295667886734009, 3.4458320140838623, 0.49632927775382996, 0.9574878811836243, 0.4222269356250763, 3.1976375579833984, 1.6031346321105957, 2.1363203525543213, 3.015411138534546, 1.830031156539917, 0.7906505465507507, 0.712989091873169, 0.9598696827888489, 1.998963475227356, 0.5534975528717041, 0.47549328207969666, 0.49868178367614746, 3.1722567081451416, 1.1421902179718018, 0.4831917881965637, 3.2850613594055176, 2.2653777599334717, 0.709454357624054, 0.5116952657699585, 0.5075488090515137, 2.6711795330047607, 1.7398396730422974, 0.956713855266571, 0.494668573141098, 0.6414514183998108, 0.9621055126190186, 0.4624326229095459, 2.3665549755096436, 4.304607391357422, 0.6792892217636108, 1.6220201253890991, 3.208218574523926, 3.648024797439575, 6.526233673095703, 4.806291580200195, 0.41620388627052307, 0.4611388146877289, 4.080684661865234, 3.6946969032287598, 5.904000282287598, 1.7906100749969482, 1.676975965499878, 0.9851331114768982, 2.0580880641937256, 1.9219051599502563, 0.6438950896263123, 4.964360237121582, 1.5880290269851685, 4.234688758850098, 0.8820310235023499, 1.797991156578064, 5.621827602386475, 3.870424747467041, 0.5022902488708496, 2.218681812286377, 3.4032933712005615, 0.7567650675773621, 2.3650217056274414, 4.092986583709717, 1.741348385810852, 2.741563320159912, 0.7264001369476318, 1.0678483247756958, 0.6305860280990601, 5.073662281036377, 1.491465449333191, 0.5872408747673035, 4.542984485626221, 1.3767472505569458, 2.5861001014709473, 0.5169368982315063, 2.3906002044677734, 4.340505599975586, 1.3808289766311646, 4.480769157409668, 4.614673137664795, 2.317445993423462, 2.5197997093200684, 1.0328925848007202, 0.50868821144104, 1.4449604749679565, 0.5220320224761963, 0.4704972803592682, 0.6421716213226318, 1.1072814464569092, 1.432715892791748, 3.818735122680664, 3.4436163902282715, 5.65767765045166, 5.995019912719727, 4.4732489585876465, 2.9200246334075928, 5.640280723571777]",0.0,"[33.0, 33.0, 33.0, 33.0, 19.0, 14.0, 12.0, 11.0, 11.0, 11.0, 11.0, 10.0, 10.0, 10.0, 10.0, 10.0, 10.0, 9.0, 8.0, 8.0, 8.0, 8.0, 8.0, 7.0, 7.0, 7.0, 7.0, 7.0, 7.0, 7.0, 7.0, 7.0, 7.0, 7.0, 7.0, 7.0, 7.0, 7.0, 7.0, 7.0, 7.0, 6.0, 6.0, 6.0, 6.0, 6.0, 6.0, 6.0, 6.0, 6.0, 6.0, 6.0, 6.0, 6.0, 6.0, 6.0, 5.0, 5.0, 5.0, 5.0, 5.0, 5.0, 5.0, 5.0, 5.0, 5.0, 5.0, 5.0, 5.0, 3.0, 3.0, 3.0, 3.0, 3.0, 3.0, 3.0, 3.0, 3.0, 3.0, 3.0, 3.0, 3.0, 3.0, 3.0, 3.0, 3.0, 3.0, 3.0, 3.0, 3.0, 3.0, 3.0, 3.0, 3.0, 3.0, 3.0, 3.0, 3.0, 3.0, 3.0, 3.0, 3.0, 3.0, 3.0, 3.0, 3.0, 3.0, 3.0, 3.0, 3.0, 3.0, 3.0, 2.0, 2.0, 2.0, 2.0, 1.0, 1.0, 1.0, 1.0, 1.0, 1.0, 1.0, 1.0, 1.0, 1.0, 1.0, 1.0, 1.0, 1.0, 1.0, 1.0, 1.0, 1.0, 1.0, 1.0, 1.0, 1.0, 1.0, 1.0, 1.0, 1.0, 1.0, 1.0, 1.0, 1.0, 1.0, 1.0, 1.0, 1.0, 1.0, 1.0, 1.0, 1.0, 1.0, 1.0, 1.0, 1.0, 1.0, 1.0, 1.0, 1.0, 1.0, 1.0, 1.0, 1.0, 1.0, 0.0, 0.0, 0.0, 0.0, 0.0, 0.0, 0.0, 0.0]",COMPLETE
92,92,0.6900593834937074,2024-08-31 04:10:36.603460,2024-08-31 04:10:57.279297,0 days 00:00:20.675837,64,0.46124872200936795,5,20,0.2086076148445552,83,0.0004473122071937341,0.86,0.85875,33,"[33, 33, 33, 33, 33, 33, 33, 33, 33, 33, 33, 33, 33, 33, 33, 33, 33, 33, 33, 33]",32.93354061406918,"[32.934317916828604, 32.94247959580257, 32.936649825106876, 32.935483870967744, 32.938981733385155, 32.941702293043136, 32.928099494753205, 32.93120870579091, 32.93354061406918, 32.93587252234746, 32.932763311309756, 32.93004275165177, 32.93159735717062, 32.93315196268947, 32.936649825106876, 32.93781577924601, 32.93664982510688, 32.939370384764864, 32.93975903614458, 32.93354061406918]",0.7281929342217158,0.6900593834937074,33,"[33, 33, 33, 33, 33, 33, 33, 33, 33, 33, 33, 33, 33, 33, 33, 33, 33, 33, 33, 33]",20,"[0.40990620851516724, 0.4033403694629669, 0.4002424478530884, 0.3978087604045868, 0.39507317543029785, 0.39336854219436646, 0.3922306299209595, 0.3895822763442993, 0.3880861699581146, 0.3865758180618286, 0.3850894868373871, 0.3837519586086273, 0.3825782537460327, 0.3825867474079132, 0.38093870878219604, 0.38199034333229065, 0.3802568018436432, 0.3794529438018799, 0.3783627450466156, 0.3778574466705322]",33.0,"[33.0, 33.0, 33.0, 33.0, 33.0, 33.0, 33.0, 33.0, 33.0, 33.0, 33.0, 33.0, 33.0, 33.0, 33.0, 33.0, 33.0, 33.0, 33.0, 33.0]",COMPLETE
