,number,value,datetime_start,datetime_complete,duration,params_batch_size_scaler,params_constant_learning_rate,params_depth,params_epochs,params_kernel_l2,params_num_trees,params_temperature,user_attrs_accuracy_test,user_attrs_accuracy_valid,user_attrs_approximate_feature_sparsity,user_attrs_approximate_feature_sparsity_history,user_attrs_approximate_weight_sparsity,user_attrs_approximate_weight_sparsity_history,user_attrs_auc_test,user_attrs_auc_valid,user_attrs_feature_sparsity,user_attrs_feature_sparsity_history,user_attrs_num_epochs,user_attrs_val_loss_history,user_attrs_weight_sparsity,user_attrs_weight_sparsity_history,state
59,59,0.9255452074557844,2024-08-31 02:48:18.426874,2024-08-31 02:49:26.561074,0 days 00:01:08.134200,4,0.08191040872815657,3,240,0.013637523902029108,100,0.08681220514302249,0.937,0.9475,33,"[33, 33, 33, 33, 33, 33, 33, 33, 33, 33, 33, 33, 33, 33, 33, 33, 33, 33, 33, 33, 33, 33, 33, 33, 33, 33, 33, 33, 33, 33, 33, 33, 33, 33, 33, 33, 33, 33, 33, 33, 33, 33, 33, 33, 33, 33, 33, 33, 33, 33, 33, 33, 33, 33, 33, 33, 33, 33, 33, 33, 33, 33, 33, 33, 33, 33, 33, 33, 33, 33, 33, 33, 33, 33, 33, 33, 33, 33, 33, 33, 33, 33, 33, 33, 33, 33, 33, 33, 33, 33, 33, 33, 33, 33, 33, 33, 33, 33, 33, 33, 33, 33, 33, 33, 33, 33, 33, 33, 33, 33, 33, 33, 33, 33, 33, 33, 33, 33, 33, 33, 33, 33, 33, 33, 33, 33, 33, 33, 33, 33, 33, 33, 33, 33, 33, 33, 33, 33, 33, 33, 33, 33, 33, 33, 33, 33, 33, 33, 33, 33, 33, 33, 33, 33, 33, 33, 33, 33, 33, 33, 33, 33, 33, 33, 33, 33, 33, 33, 33, 33, 33, 33, 33, 33, 33, 33, 33, 33, 33, 33, 33, 33, 33, 33, 33, 33, 33, 33, 33, 33, 33, 33, 33, 33, 33, 33, 33, 33, 33, 33, 33, 33, 33, 33, 33, 33, 33, 33, 33, 33, 33, 33, 33, 33, 33, 33, 33, 33, 33, 33, 33, 33, 33, 33, 33, 33, 33, 33, 33, 33, 33, 33, 33, 33, 33, 33, 33, 33, 33, 33]",32.97,"[32.96714285714286, 32.958571428571425, 32.955714285714286, 32.96142857142857, 32.96857142857143, 32.955714285714286, 32.96, 32.955714285714286, 32.94857142857143, 32.962857142857146, 32.95285714285714, 32.965714285714284, 32.96714285714286, 32.96714285714286, 32.97, 32.96142857142857, 32.95714285714286, 32.95428571428571, 32.962857142857146, 32.95428571428571, 32.96714285714286, 32.96714285714286, 32.95857142857143, 32.96714285714286, 32.95428571428572, 32.964285714285715, 32.962857142857146, 32.955714285714286, 32.964285714285715, 32.957142857142856, 32.96714285714286, 32.962857142857146, 32.965714285714284, 32.958571428571425, 32.964285714285715, 32.96285714285714, 32.98142857142857, 32.972857142857144, 32.972857142857144, 32.97, 32.96857142857143, 32.972857142857144, 32.964285714285715, 32.965714285714284, 32.96714285714286, 32.96, 32.97, 32.97, 32.97571428571429, 32.97428571428571, 32.97714285714286, 32.971428571428575, 32.96142857142857, 32.955714285714286, 32.96857142857143, 32.96, 32.962857142857146, 32.96714285714286, 32.96857142857143, 32.96714285714286, 32.97, 32.97428571428571, 32.96714285714286, 32.96714285714286, 32.964285714285715, 32.96571428571429, 32.95714285714286, 32.96714285714286, 32.96857142857143, 32.96857142857143, 32.96714285714286, 32.965714285714284, 32.97, 32.971428571428575, 32.962857142857146, 32.97571428571428, 32.96857142857143, 32.98142857142857, 32.97714285714286, 32.971428571428575, 32.96, 32.96714285714286, 32.964285714285715, 32.971428571428575, 32.971428571428575, 32.97857142857143, 32.972857142857144, 32.97857142857143, 32.97857142857143, 32.97714285714286, 32.964285714285715, 32.97714285714286, 32.97428571428571, 32.97571428571429, 32.965714285714284, 32.96142857142857, 32.972857142857144, 32.96714285714285, 32.97714285714286, 32.972857142857144, 32.97714285714286, 32.972857142857144, 32.972857142857144, 32.97428571428572, 32.962857142857146, 32.962857142857146, 32.96, 32.96142857142858, 32.957142857142856, 32.965714285714284, 32.972857142857144, 32.971428571428575, 32.971428571428575, 32.96857142857143, 32.964285714285715, 32.97, 32.96714285714286, 32.96142857142857, 32.965714285714284, 32.97857142857143, 32.980000000000004, 32.96714285714286, 32.97714285714286, 32.97857142857143, 32.98285714285714, 32.980000000000004, 32.97428571428571, 32.970000000000006, 32.97571428571429, 32.964285714285715, 32.96714285714286, 32.97857142857143, 32.98571428571429, 32.97714285714286, 32.97857142857143, 32.98142857142857, 32.97857142857143, 32.97571428571428, 32.972857142857144, 32.980000000000004, 32.96857142857143, 32.97428571428571, 32.971428571428575, 32.97571428571429, 32.96857142857143, 32.97857142857143, 32.97857142857143, 32.971428571428575, 32.97428571428571, 32.96857142857143, 32.965714285714284, 32.970000000000006, 32.97, 32.97714285714286, 32.97857142857143, 32.972857142857144, 32.980000000000004, 32.97571428571429, 32.96714285714286, 32.972857142857144, 32.964285714285715, 32.96857142857143, 32.972857142857144, 32.96857142857143, 32.97714285714286, 32.971428571428575, 32.96714285714286, 32.95857142857143, 32.96142857142857, 32.96571428571429, 32.972857142857144, 32.96, 32.965714285714284, 32.972857142857144, 32.972857142857144, 32.96142857142857, 32.97, 32.964285714285715, 32.96857142857143, 32.97714285714286, 32.980000000000004, 32.97857142857143, 32.98142857142857, 32.97428571428572, 32.972857142857144, 32.971428571428575, 32.97571428571429, 32.96571428571429, 32.971428571428575, 32.97, 32.965714285714284, 32.96714285714286, 32.96714285714286, 32.972857142857144, 32.97571428571429, 32.96857142857143, 32.972857142857144, 32.97, 32.972857142857144, 32.972857142857144, 32.96857142857143, 32.971428571428575, 32.97428571428571, 32.972857142857144, 32.964285714285715, 32.964285714285715, 32.96714285714286, 32.96857142857143, 32.964285714285715, 32.965714285714284, 32.970000000000006, 32.97571428571429, 32.971428571428575, 32.95857142857143, 32.96857142857143, 32.971428571428575, 32.95857142857143, 32.96142857142857, 32.96857142857143, 32.972857142857144, 32.97428571428571, 32.965714285714284, 32.96142857142857, 32.971428571428575, 32.971428571428575, 32.964285714285715, 32.96, 32.95285714285715, 32.96142857142857, 32.96714285714286, 32.97, 32.96571428571429, 32.957142857142856, 32.96, 32.96, 32.96714285714286, 32.97428571428571, 32.970000000000006, 32.972857142857144, 32.97]",0.9123341507112839,0.9255452074557844,33,"[33, 33, 33, 33, 33, 33, 33, 33, 33, 33, 33, 33, 33, 33, 33, 33, 33, 33, 33, 33, 33, 33, 33, 33, 33, 33, 33, 33, 33, 33, 33, 33, 33, 33, 33, 33, 33, 33, 33, 33, 33, 33, 33, 33, 33, 33, 33, 33, 33, 33, 33, 33, 33, 33, 33, 33, 33, 33, 33, 33, 33, 33, 33, 33, 33, 33, 33, 33, 33, 33, 33, 33, 33, 33, 33, 33, 33, 33, 33, 33, 33, 33, 33, 33, 33, 33, 33, 33, 33, 33, 33, 33, 33, 33, 33, 33, 33, 33, 33, 33, 33, 33, 33, 33, 33, 33, 33, 33, 33, 33, 33, 33, 33, 33, 33, 33, 33, 33, 33, 33, 33, 33, 33, 33, 33, 33, 33, 33, 33, 33, 33, 33, 33, 33, 33, 33, 33, 33, 33, 33, 33, 33, 33, 33, 33, 33, 33, 33, 33, 33, 33, 33, 33, 33, 33, 33, 33, 33, 33, 33, 33, 33, 33, 33, 33, 33, 33, 33, 33, 33, 33, 33, 33, 33, 33, 33, 33, 33, 33, 33, 33, 33, 33, 33, 33, 33, 33, 33, 33, 33, 33, 33, 33, 33, 33, 33, 33, 33, 33, 33, 33, 33, 33, 33, 33, 33, 33, 33, 33, 33, 33, 33, 33, 33, 33, 33, 33, 33, 33, 33, 33, 33, 33, 33, 33, 33, 33, 33, 33, 33, 33, 33, 33, 33, 33, 33, 33, 33, 33, 33]",240,"[0.39446133375167847, 0.3850150406360626, 0.3793841600418091, 0.3750104010105133, 0.3712797164916992, 0.3684854507446289, 0.3657313883304596, 0.3632889688014984, 0.3613693118095398, 0.358519583940506, 0.35617777705192566, 0.3539355397224426, 0.35368719696998596, 0.35145094990730286, 0.34754478931427, 0.34570014476776123, 0.343475341796875, 0.34213927388191223, 0.3401147723197937, 0.3397606909275055, 0.336722195148468, 0.3369690179824829, 0.33352765440940857, 0.3316524922847748, 0.33268263936042786, 0.328884482383728, 0.32715943455696106, 0.32531726360321045, 0.3259624242782593, 0.323299378156662, 0.3210015892982483, 0.31939080357551575, 0.3198127746582031, 0.3165753483772278, 0.3147733211517334, 0.3134171962738037, 0.31170934438705444, 0.31101658940315247, 0.3085011839866638, 0.30651265382766724, 0.3095160722732544, 0.3030798137187958, 0.30134913325309753, 0.3010850250720978, 0.3007868528366089, 0.2958037257194519, 0.29421746730804443, 0.2967059016227722, 0.2911839485168457, 0.288200706243515, 0.28746309876441956, 0.28908073902130127, 0.2818048298358917, 0.2820020020008087, 0.27878788113594055, 0.2767622768878937, 0.2761593461036682, 0.2731699049472809, 0.273222953081131, 0.27004674077033997, 0.26953086256980896, 0.26688143610954285, 0.26898813247680664, 0.26350921392440796, 0.2632291913032532, 0.2636578381061554, 0.2598075568675995, 0.2624720633029938, 0.25853443145751953, 0.25806885957717896, 0.25588998198509216, 0.2548973560333252, 0.2550516128540039, 0.2528602182865143, 0.252005010843277, 0.25113633275032043, 0.24987168610095978, 0.25089743733406067, 0.2488173097372055, 0.2479058802127838, 0.24705415964126587, 0.24637462198734283, 0.2481752634048462, 0.24470560252666473, 0.24412481486797333, 0.24420303106307983, 0.2432277798652649, 0.2422940582036972, 0.24212759733200073, 0.2410295307636261, 0.24114811420440674, 0.23989617824554443, 0.23899760842323303, 0.23849515616893768, 0.23767763376235962, 0.237044557929039, 0.2365204244852066, 0.23636940121650696, 0.23562879860401154, 0.23464374244213104, 0.23394626379013062, 0.23459774255752563, 0.23488003015518188, 0.23251603543758392, 0.2319421023130417, 0.23178449273109436, 0.23090383410453796, 0.23166650533676147, 0.22942674160003662, 0.22855466604232788, 0.2290762960910797, 0.22795021533966064, 0.22710925340652466, 0.22702659666538239, 0.22573499381542206, 0.22527757287025452, 0.22458109259605408, 0.22488394379615784, 0.2243008017539978, 0.22321347892284393, 0.22298868000507355, 0.222361758351326, 0.2220110148191452, 0.2203691452741623, 0.22021006047725677, 0.2212817370891571, 0.21960024535655975, 0.21984773874282837, 0.21830424666404724, 0.2207544445991516, 0.21729569137096405, 0.2169094681739807, 0.2171792984008789, 0.21568191051483154, 0.21549028158187866, 0.21475832164287567, 0.21395814418792725, 0.21419456601142883, 0.2145177125930786, 0.21474622189998627, 0.21263796091079712, 0.21253056824207306, 0.2147812396287918, 0.21134443581104279, 0.21238580346107483, 0.21368420124053955, 0.20945952832698822, 0.2096010148525238, 0.20919030904769897, 0.20916160941123962, 0.21064043045043945, 0.20795392990112305, 0.2079228162765503, 0.20847350358963013, 0.2082691788673401, 0.20778405666351318, 0.20754793286323547, 0.2071855366230011, 0.2065250724554062, 0.20591141283512115, 0.2066996991634369, 0.20613963901996613, 0.20620164275169373, 0.20398008823394775, 0.2040749192237854, 0.20358896255493164, 0.20327025651931763, 0.20363710820674896, 0.2048514038324356, 0.20374542474746704, 0.20249469578266144, 0.2040128856897354, 0.20447750389575958, 0.2047170251607895, 0.20226015150547028, 0.20230981707572937, 0.2008327692747116, 0.20079883933067322, 0.20077115297317505, 0.20158006250858307, 0.2003861665725708, 0.1999078392982483, 0.20074069499969482, 0.2043829709291458, 0.1995628923177719, 0.1985873281955719, 0.20068234205245972, 0.19860081374645233, 0.19895139336585999, 0.1981903463602066, 0.19851145148277283, 0.19860614836215973, 0.1982416957616806, 0.19822858273983002, 0.1976177841424942, 0.19875559210777283, 0.19832023978233337, 0.2027747482061386, 0.19774095714092255, 0.19823992252349854, 0.19800330698490143, 0.19631628692150116, 0.19579574465751648, 0.19766239821910858, 0.19631347060203552, 0.19831432402133942, 0.19564539194107056, 0.19569456577301025, 0.19482654333114624, 0.1954520046710968, 0.19842255115509033, 0.19699108600616455, 0.1962541788816452, 0.19444990158081055, 0.19417715072631836, 0.1975141018629074, 0.19430547952651978, 0.19486860930919647, 0.19435100257396698, 0.19421222805976868, 0.19729302823543549, 0.19530048966407776, 0.20096521079540253, 0.1938001662492752, 0.1936005800962448, 0.1939307600259781, 0.19322675466537476, 0.1945120245218277, 0.19338111579418182, 0.19226352870464325, 0.1929520219564438, 0.193217471241951, 0.19336500763893127, 0.19382403790950775, 0.19240589439868927, 0.19303803145885468, 0.19619302451610565, 0.19468367099761963, 0.19135093688964844, 0.19119574129581451]",33.0,"[33.0, 33.0, 33.0, 33.0, 33.0, 33.0, 33.0, 33.0, 33.0, 33.0, 33.0, 33.0, 33.0, 33.0, 33.0, 33.0, 33.0, 33.0, 33.0, 33.0, 33.0, 33.0, 33.0, 33.0, 33.0, 33.0, 33.0, 33.0, 33.0, 33.0, 33.0, 33.0, 33.0, 33.0, 33.0, 33.0, 33.0, 33.0, 33.0, 33.0, 33.0, 33.0, 33.0, 33.0, 33.0, 33.0, 33.0, 33.0, 33.0, 33.0, 33.0, 33.0, 33.0, 33.0, 33.0, 33.0, 33.0, 33.0, 33.0, 33.0, 33.0, 33.0, 33.0, 33.0, 33.0, 33.0, 33.0, 33.0, 33.0, 33.0, 33.0, 33.0, 33.0, 33.0, 33.0, 33.0, 33.0, 33.0, 33.0, 33.0, 33.0, 33.0, 33.0, 33.0, 33.0, 33.0, 33.0, 33.0, 33.0, 33.0, 33.0, 33.0, 33.0, 33.0, 33.0, 33.0, 33.0, 33.0, 33.0, 33.0, 33.0, 33.0, 33.0, 33.0, 33.0, 33.0, 33.0, 33.0, 33.0, 33.0, 33.0, 33.0, 33.0, 33.0, 33.0, 33.0, 33.0, 33.0, 33.0, 33.0, 33.0, 33.0, 33.0, 33.0, 33.0, 33.0, 33.0, 33.0, 33.0, 33.0, 33.0, 33.0, 33.0, 33.0, 33.0, 33.0, 33.0, 33.0, 33.0, 33.0, 33.0, 33.0, 33.0, 33.0, 33.0, 33.0, 33.0, 33.0, 33.0, 33.0, 33.0, 33.0, 33.0, 33.0, 33.0, 33.0, 33.0, 33.0, 33.0, 33.0, 33.0, 33.0, 33.0, 33.0, 33.0, 33.0, 33.0, 33.0, 33.0, 33.0, 33.0, 33.0, 33.0, 33.0, 33.0, 33.0, 33.0, 33.0, 33.0, 33.0, 33.0, 33.0, 33.0, 33.0, 33.0, 33.0, 33.0, 33.0, 33.0, 33.0, 33.0, 33.0, 33.0, 33.0, 33.0, 33.0, 33.0, 33.0, 33.0, 33.0, 33.0, 33.0, 33.0, 33.0, 33.0, 33.0, 33.0, 33.0, 33.0, 33.0, 33.0, 33.0, 33.0, 33.0, 33.0, 33.0, 33.0, 33.0, 33.0, 33.0, 33.0, 33.0, 33.0, 33.0, 33.0, 33.0, 33.0, 33.0, 33.0, 33.0, 33.0, 33.0, 33.0, 33.0, 33.0, 33.0, 33.0, 33.0, 33.0, 33.0]",COMPLETE
60,60,0.8147260759232781,2024-08-31 02:49:26.569701,2024-08-31 02:49:36.705676,0 days 00:00:10.135975,16,0.6633582306444223,2,120,0.03495732803373802,48,0.0012699386519389,0.922,0.92625,6,"[33, 33, 33, 33, 33, 33, 33, 33, 33, 33, 33, 33, 33, 33, 33, 33, 33, 33, 33, 33, 32, 32, 31, 27, 23, 18, 18, 18, 16, 15, 15, 15, 15, 15, 15, 15, 15, 15, 15, 14, 14, 11, 9, 8, 8, 8, 8, 8, 8, 8, 7, 7, 7, 7, 7, 7, 7, 7, 7, 7, 7, 7, 7, 7, 7, 7, 7, 7, 7, 7, 7, 7, 7, 7, 7, 7, 7, 7, 7, 7, 7, 7, 7, 7, 7, 7, 7, 7, 7, 7, 7, 7, 7, 7, 7, 7, 7, 7, 7, 7, 7, 7, 7, 7, 7, 7, 7, 7, 7, 7, 7, 7, 7, 7, 7, 6, 6, 6, 6, 6]",6.0,"[32.986111111111114, 32.97222222222222, 32.99305555555556, 32.97222222222222, 33.0, 32.99305555555556, 32.97222222222222, 32.979166666666664, 32.99305555555556, 33.0, 32.96527777777778, 32.979166666666664, 32.97222222222222, 32.97222222222222, 33.0, 32.979166666666664, 32.979166666666664, 32.96527777777778, 32.96527777777778, 32.986111111111114, 31.98611111111111, 31.993055555555557, 30.979166666666664, 26.98611111111111, 22.993055555555557, 17.98611111111111, 17.993055555555557, 17.979166666666664, 15.993055555555555, 15.0, 14.993055555555555, 15.0, 14.993055555555555, 14.98611111111111, 14.98611111111111, 14.993055555555555, 14.979166666666666, 14.98611111111111, 14.98611111111111, 13.98611111111111, 14.0, 10.98611111111111, 8.993055555555555, 8.0, 7.993055555555555, 7.993055555555555, 8.0, 7.993055555555555, 8.0, 8.0, 7.0, 7.0, 7.0, 6.979166666666666, 6.993055555555555, 7.0, 7.0, 7.0, 7.0, 7.0, 7.0, 7.0, 7.0, 7.0, 6.993055555555555, 7.0, 7.0, 7.0, 7.0, 6.993055555555555, 6.986111111111111, 6.993055555555555, 6.993055555555555, 7.0, 7.0, 6.993055555555555, 6.993055555555555, 6.993055555555555, 6.993055555555555, 7.0, 7.0, 6.986111111111111, 6.986111111111111, 6.993055555555555, 7.0, 7.0, 6.993055555555555, 7.0, 6.993055555555555, 7.0, 7.0, 7.0, 6.986111111111111, 7.0, 6.993055555555555, 6.993055555555555, 6.993055555555555, 7.0, 6.986111111111111, 7.0, 7.0, 7.0, 6.993055555555555, 6.986111111111111, 7.0, 6.986111111111111, 7.0, 6.993055555555555, 7.0, 6.993055555555555, 7.0, 7.0, 7.0, 6.986111111111111, 7.0, 6.0, 6.0, 5.993055555555555, 6.0, 6.0]",0.7934840941553348,0.8147260759232781,6,"[33, 33, 33, 33, 33, 33, 33, 33, 33, 33, 33, 33, 33, 33, 33, 33, 33, 33, 33, 33, 32, 32, 31, 27, 23, 18, 18, 18, 16, 15, 15, 15, 15, 15, 15, 15, 15, 15, 15, 14, 14, 11, 9, 8, 8, 8, 8, 8, 8, 8, 7, 7, 7, 7, 7, 7, 7, 7, 7, 7, 7, 7, 7, 7, 7, 7, 7, 7, 7, 7, 7, 7, 7, 7, 7, 7, 7, 7, 7, 7, 7, 7, 7, 7, 7, 7, 7, 7, 7, 7, 7, 7, 7, 7, 7, 7, 7, 7, 7, 7, 7, 7, 7, 7, 7, 7, 7, 7, 7, 7, 7, 7, 7, 7, 7, 6, 6, 6, 6, 6]",120,"[0.42677733302116394, 0.3784871995449066, 0.4857121706008911, 0.4110441207885742, 0.35412272810935974, 0.35911205410957336, 0.3539348542690277, 0.3372512757778168, 0.33621442317962646, 0.3504734933376312, 0.31859633326530457, 0.3142295479774475, 0.34216296672821045, 0.29975777864456177, 0.3568717837333679, 0.30285319685935974, 0.27958014607429504, 0.27519211173057556, 0.2976085841655731, 0.26874539256095886, 0.26448339223861694, 0.26552149653434753, 0.25772279500961304, 0.2515372037887573, 0.24999666213989258, 0.25574639439582825, 0.24309568107128143, 0.24262546002864838, 0.24499791860580444, 0.2389513999223709, 0.23955288529396057, 0.24723133444786072, 0.24542073905467987, 0.24281787872314453, 0.23681096732616425, 0.23391634225845337, 0.23084653913974762, 0.24262236058712006, 0.23231031000614166, 0.24711334705352783, 0.23876699805259705, 0.2670155465602875, 0.2976047396659851, 0.2508631944656372, 0.24875420331954956, 0.2494005560874939, 0.24625280499458313, 0.24717117846012115, 0.24408487975597382, 0.249624103307724, 0.24145936965942383, 0.24886377155780792, 0.2449689656496048, 0.2409992814064026, 0.24241772294044495, 0.2498321533203125, 0.28906866908073425, 0.24422016739845276, 0.23681098222732544, 0.23853817582130432, 0.2891172170639038, 0.2399826943874359, 0.2801933288574219, 0.23884809017181396, 0.23561078310012817, 0.24758101999759674, 0.24020615220069885, 0.2358805239200592, 0.24130649864673615, 0.24458523094654083, 0.25050055980682373, 0.2355789989233017, 0.23408454656600952, 0.2370021790266037, 0.23855242133140564, 0.23308204114437103, 0.25051262974739075, 0.23458079993724823, 0.25172218680381775, 0.255189448595047, 0.2304602861404419, 0.24813878536224365, 0.2341497391462326, 0.23428775370121002, 0.23583339154720306, 0.23365013301372528, 0.23058050870895386, 0.23153412342071533, 0.29174602031707764, 0.23407100141048431, 0.22998489439487457, 0.23213531076908112, 0.24525299668312073, 0.23007871210575104, 0.23126409947872162, 0.23898956179618835, 0.25831449031829834, 0.23097196221351624, 0.22934116423130035, 0.22836659848690033, 0.2300519496202469, 0.24197673797607422, 0.23880858719348907, 0.23252227902412415, 0.22963570058345795, 0.22808313369750977, 0.22948671877384186, 0.22890207171440125, 0.2282530963420868, 0.23739558458328247, 0.23471060395240784, 0.2274208813905716, 0.23274123668670654, 0.2379452884197235, 0.22816765308380127, 0.2565484941005707, 0.26591959595680237, 0.2619599997997284, 0.27536967396736145, 0.25809916853904724]",6.0,"[33.0, 33.0, 33.0, 33.0, 33.0, 33.0, 33.0, 33.0, 33.0, 33.0, 33.0, 33.0, 33.0, 33.0, 33.0, 33.0, 33.0, 33.0, 33.0, 33.0, 32.0, 32.0, 31.0, 27.0, 23.0, 18.0, 18.0, 18.0, 16.0, 15.0, 15.0, 15.0, 15.0, 15.0, 15.0, 15.0, 15.0, 15.0, 15.0, 14.0, 14.0, 11.0, 9.0, 8.0, 8.0, 8.0, 8.0, 8.0, 8.0, 8.0, 7.0, 7.0, 7.0, 7.0, 7.0, 7.0, 7.0, 7.0, 7.0, 7.0, 7.0, 7.0, 7.0, 7.0, 7.0, 7.0, 7.0, 7.0, 7.0, 7.0, 7.0, 7.0, 7.0, 7.0, 7.0, 7.0, 7.0, 7.0, 7.0, 7.0, 7.0, 7.0, 7.0, 7.0, 7.0, 7.0, 7.0, 7.0, 7.0, 7.0, 7.0, 7.0, 7.0, 7.0, 7.0, 7.0, 7.0, 7.0, 7.0, 7.0, 7.0, 7.0, 7.0, 7.0, 7.0, 7.0, 7.0, 7.0, 7.0, 7.0, 7.0, 7.0, 7.0, 7.0, 7.0, 6.0, 6.0, 6.0, 6.0, 6.0]",COMPLETE
