,number,value,datetime_start,datetime_complete,duration,params_batch_size_scaler,params_constant_learning_rate,params_depth,params_epochs,params_kernel_l2,params_num_trees,params_temperature,user_attrs_accuracy_test,user_attrs_accuracy_valid,user_attrs_approximate_feature_sparsity,user_attrs_approximate_feature_sparsity_history,user_attrs_approximate_weight_sparsity,user_attrs_approximate_weight_sparsity_history,user_attrs_auc_test,user_attrs_auc_valid,user_attrs_feature_sparsity,user_attrs_feature_sparsity_history,user_attrs_num_epochs,user_attrs_val_loss_history,user_attrs_weight_sparsity,user_attrs_weight_sparsity_history,state
106,106,0.5,2024-08-31 04:44:54.815053,2024-08-31 04:48:02.832157,0 days 00:03:08.017104,1,0.3417160383104087,1,485,0.37757907568176,9,0.00028581280464077223,0.859,0.85875,0,"[0, 0, 0, 0, 0, 0, 0, 0, 0, 0, 0, 0, 0, 0, 0, 0, 0, 0, 0, 0, 0, 0, 0, 0, 0, 0, 0, 0, 0, 0, 0, 0, 0, 0, 0, 0, 0, 0, 0, 0, 0, 0, 0, 0, 0, 0, 0, 0, 0, 0, 0, 0, 0, 0, 0, 0, 0, 0, 0, 0, 0, 0, 0, 0, 0, 0, 0, 0, 0, 0, 0, 0, 0, 0, 0, 0, 0, 0, 0, 0, 0, 0, 0, 0, 0, 0, 0, 0, 0, 0, 0, 0, 0, 0, 0, 0, 0, 0, 0, 0, 0, 0, 0, 0, 0, 0, 0, 0, 0, 0, 0, 0, 0, 0, 0, 0, 0, 0, 0, 0, 0, 0, 0, 0, 0, 0, 0, 0, 0, 0, 0, 0, 0, 0, 0, 0, 0, 0, 0, 0, 0, 0, 0, 0, 0, 0, 0, 0, 0, 0, 0, 0, 0, 0, 0, 0, 0, 0, 0, 0, 0, 0, 0, 0, 0, 0, 0, 0, 0, 0, 0, 0, 0, 0, 0, 0, 0, 0, 0, 0, 0, 0, 0, 0, 0, 0, 0, 0, 0, 0, 0, 0, 0, 0, 0, 0, 0, 0, 0, 0, 0, 0, 0, 0, 0, 0, 0, 0, 0, 0, 0, 0, 0, 0, 0, 0, 0, 0, 0, 0, 0, 0, 0, 0, 0, 0, 0, 0, 0, 0, 0, 0, 0, 0, 0, 0, 0, 0, 0, 0, 0, 0, 0, 0, 0, 0, 0, 0, 0, 0, 0, 0, 0, 0, 0, 0, 0, 0, 0, 0, 0, 0, 0, 0, 0, 0, 0, 0, 0, 0, 0, 0, 0, 0, 0, 0, 0, 0, 0, 0, 0, 0, 0, 0, 0, 0, 0, 0, 0, 0, 0, 0, 0, 0, 0, 0, 0, 0, 0, 0, 0, 0, 0, 0, 0, 0, 0, 0, 0, 0, 0, 0, 0, 0, 0, 0, 0, 0, 0, 0, 0, 0, 0, 0, 0, 0, 0, 0, 0, 0, 0, 0, 0, 0, 0, 0, 0, 0, 0, 0, 0, 0, 0, 0, 0, 0, 0, 0, 0, 0, 0, 0, 0, 0, 0, 0, 0, 0, 0, 0, 0, 0, 0, 0, 0, 0, 0, 0, 0, 0, 0, 0, 0, 0, 0, 0, 0, 0, 0, 0, 0, 0, 0, 0, 0, 0, 0, 0, 0, 0, 0, 0, 0, 0, 0, 0, 0, 0, 0, 0, 0, 0, 0, 0, 0, 0, 0, 0, 0, 0, 0, 0, 0, 0, 0, 0, 0, 0, 0, 0, 0, 0, 0, 0, 0, 0, 0, 0, 0, 0, 0, 0, 0, 0, 0, 0, 0, 0, 0, 0, 0, 0, 0, 0, 0, 0, 0, 0, 0, 0, 0, 0, 0, 0, 0, 0, 0, 0, 0, 0, 0, 0, 0, 0, 0, 0, 0, 0, 0, 0, 0, 0, 0, 0, 0, 0, 0, 0, 0, 0, 0, 0, 0, 0, 0]",0.0,"[0.0, 0.0, 0.0, 0.0, 0.0, 0.0, 0.0, 0.0, 0.0, 0.0, 0.0, 0.0, 0.0, 0.0, 0.0, 0.0, 0.0, 0.0, 0.0, 0.0, 0.0, 0.0, 0.0, 0.0, 0.0, 0.0, 0.0, 0.0, 0.0, 0.0, 0.0, 0.0, 0.0, 0.0, 0.0, 0.0, 0.0, 0.0, 0.0, 0.0, 0.0, 0.0, 0.0, 0.0, 0.0, 0.0, 0.0, 0.0, 0.0, 0.0, 0.0, 0.0, 0.0, 0.0, 0.0, 0.0, 0.0, 0.0, 0.0, 0.0, 0.0, 0.0, 0.0, 0.0, 0.0, 0.0, 0.0, 0.0, 0.0, 0.0, 0.0, 0.0, 0.0, 0.0, 0.0, 0.0, 0.0, 0.0, 0.0, 0.0, 0.0, 0.0, 0.0, 0.0, 0.0, 0.0, 0.0, 0.0, 0.0, 0.0, 0.0, 0.0, 0.0, 0.0, 0.0, 0.0, 0.0, 0.0, 0.0, 0.0, 0.0, 0.0, 0.0, 0.0, 0.0, 0.0, 0.0, 0.0, 0.0, 0.0, 0.0, 0.0, 0.0, 0.0, 0.0, 0.0, 0.0, 0.0, 0.0, 0.0, 0.0, 0.0, 0.0, 0.0, 0.0, 0.0, 0.0, 0.0, 0.0, 0.0, 0.0, 0.0, 0.0, 0.0, 0.0, 0.0, 0.0, 0.0, 0.0, 0.0, 0.0, 0.0, 0.0, 0.0, 0.0, 0.0, 0.0, 0.0, 0.0, 0.0, 0.0, 0.0, 0.0, 0.0, 0.0, 0.0, 0.0, 0.0, 0.0, 0.0, 0.0, 0.0, 0.0, 0.0, 0.0, 0.0, 0.0, 0.0, 0.0, 0.0, 0.0, 0.0, 0.0, 0.0, 0.0, 0.0, 0.0, 0.0, 0.0, 0.0, 0.0, 0.0, 0.0, 0.0, 0.0, 0.0, 0.0, 0.0, 0.0, 0.0, 0.0, 0.0, 0.0, 0.0, 0.0, 0.0, 0.0, 0.0, 0.0, 0.0, 0.0, 0.0, 0.0, 0.0, 0.0, 0.0, 0.0, 0.0, 0.0, 0.0, 0.0, 0.0, 0.0, 0.0, 0.0, 0.0, 0.0, 0.0, 0.0, 0.0, 0.0, 0.0, 0.0, 0.0, 0.0, 0.0, 0.0, 0.0, 0.0, 0.0, 0.0, 0.0, 0.0, 0.0, 0.0, 0.0, 0.0, 0.0, 0.0, 0.0, 0.0, 0.0, 0.0, 0.0, 0.0, 0.0, 0.0, 0.0, 0.0, 0.0, 0.0, 0.0, 0.0, 0.0, 0.0, 0.0, 0.0, 0.0, 0.0, 0.0, 0.0, 0.0, 0.0, 0.0, 0.0, 0.0, 0.0, 0.0, 0.0, 0.0, 0.0, 0.0, 0.0, 0.0, 0.0, 0.0, 0.0, 0.0, 0.0, 0.0, 0.0, 0.0, 0.0, 0.0, 0.0, 0.0, 0.0, 0.0, 0.0, 0.0, 0.0, 0.0, 0.0, 0.0, 0.0, 0.0, 0.0, 0.0, 0.0, 0.0, 0.0, 0.0, 0.0, 0.0, 0.0, 0.0, 0.0, 0.0, 0.0, 0.0, 0.0, 0.0, 0.0, 0.0, 0.0, 0.0, 0.0, 0.0, 0.0, 0.0, 0.0, 0.0, 0.0, 0.0, 0.0, 0.0, 0.0, 0.0, 0.0, 0.0, 0.0, 0.0, 0.0, 0.0, 0.0, 0.0, 0.0, 0.0, 0.0, 0.0, 0.0, 0.0, 0.0, 0.0, 0.0, 0.0, 0.0, 0.0, 0.0, 0.0, 0.0, 0.0, 0.0, 0.0, 0.0, 0.0, 0.0, 0.0, 0.0, 0.0, 0.0, 0.0, 0.0, 0.0, 0.0, 0.0, 0.0, 0.0, 0.0, 0.0, 0.0, 0.0, 0.0, 0.0, 0.0, 0.0, 0.0, 0.0, 0.0, 0.0, 0.0, 0.0, 0.0, 0.0, 0.0, 0.0, 0.0, 0.0, 0.0, 0.0, 0.0, 0.0, 0.0, 0.0, 0.0, 0.0, 0.0, 0.0, 0.0, 0.0, 0.0, 0.0, 0.0, 0.0, 0.0, 0.0, 0.0, 0.0, 0.0, 0.0, 0.0, 0.0, 0.0, 0.0, 0.0, 0.0, 0.0, 0.0, 0.0, 0.0, 0.0, 0.0, 0.0, 0.0, 0.0, 0.0, 0.0, 0.0, 0.0, 0.0, 0.0, 0.0, 0.0, 0.0, 0.0, 0.0, 0.0, 0.0, 0.0, 0.0, 0.0, 0.0, 0.0, 0.0, 0.0, 0.0, 0.0, 0.0, 0.0, 0.0, 0.0, 0.0, 0.0, 0.0, 0.0, 0.0, 0.0, 0.0, 0.0, 0.0, 0.0, 0.0, 0.0, 0.0, 0.0, 0.0, 0.0, 0.0, 0.0, 0.0, 0.0, 0.0, 0.0, 0.0, 0.0, 0.0, 0.0, 0.0, 0.0, 0.0, 0.0, 0.0, 0.0, 0.0, 0.0]",0.5,0.5,0,"[0, 0, 0, 0, 0, 0, 0, 0, 0, 0, 0, 0, 0, 0, 0, 0, 0, 0, 0, 0, 0, 0, 0, 0, 0, 0, 0, 0, 0, 0, 0, 0, 0, 0, 0, 0, 0, 0, 0, 0, 0, 0, 0, 0, 0, 0, 0, 0, 0, 0, 0, 0, 0, 0, 0, 0, 0, 0, 0, 0, 0, 0, 0, 0, 0, 0, 0, 0, 0, 0, 0, 0, 0, 0, 0, 0, 0, 0, 0, 0, 0, 0, 0, 0, 0, 0, 0, 0, 0, 0, 0, 0, 0, 0, 0, 0, 0, 0, 0, 0, 0, 0, 0, 0, 0, 0, 0, 0, 0, 0, 0, 0, 0, 0, 0, 0, 0, 0, 0, 0, 0, 0, 0, 0, 0, 0, 0, 0, 0, 0, 0, 0, 0, 0, 0, 0, 0, 0, 0, 0, 0, 0, 0, 0, 0, 0, 0, 0, 0, 0, 0, 0, 0, 0, 0, 0, 0, 0, 0, 0, 0, 0, 0, 0, 0, 0, 0, 0, 0, 0, 0, 0, 0, 0, 0, 0, 0, 0, 0, 0, 0, 0, 0, 0, 0, 0, 0, 0, 0, 0, 0, 0, 0, 0, 0, 0, 0, 0, 0, 0, 0, 0, 0, 0, 0, 0, 0, 0, 0, 0, 0, 0, 0, 0, 0, 0, 0, 0, 0, 0, 0, 0, 0, 0, 0, 0, 0, 0, 0, 0, 0, 0, 0, 0, 0, 0, 0, 0, 0, 0, 0, 0, 0, 0, 0, 0, 0, 0, 0, 0, 0, 0, 0, 0, 0, 0, 0, 0, 0, 0, 0, 0, 0, 0, 0, 0, 0, 0, 0, 0, 0, 0, 0, 0, 0, 0, 0, 0, 0, 0, 0, 0, 0, 0, 0, 0, 0, 0, 0, 0, 0, 0, 0, 0, 0, 0, 0, 0, 0, 0, 0, 0, 0, 0, 0, 0, 0, 0, 0, 0, 0, 0, 0, 0, 0, 0, 0, 0, 0, 0, 0, 0, 0, 0, 0, 0, 0, 0, 0, 0, 0, 0, 0, 0, 0, 0, 0, 0, 0, 0, 0, 0, 0, 0, 0, 0, 0, 0, 0, 0, 0, 0, 0, 0, 0, 0, 0, 0, 0, 0, 0, 0, 0, 0, 0, 0, 0, 0, 0, 0, 0, 0, 0, 0, 0, 0, 0, 0, 0, 0, 0, 0, 0, 0, 0, 0, 0, 0, 0, 0, 0, 0, 0, 0, 0, 0, 0, 0, 0, 0, 0, 0, 0, 0, 0, 0, 0, 0, 0, 0, 0, 0, 0, 0, 0, 0, 0, 0, 0, 0, 0, 0, 0, 0, 0, 0, 0, 0, 0, 0, 0, 0, 0, 0, 0, 0, 0, 0, 0, 0, 0, 0, 0, 0, 0, 0, 0, 0, 0, 0, 0, 0, 0, 0, 0, 0, 0, 0, 0, 0, 0, 0, 0, 0, 0, 0, 0, 0, 0, 0, 0, 0, 0, 0, 0, 0, 0, 0, 0, 0, 0, 0, 0, 0, 0]",485,"[0.42287755012512207, 0.43371203541755676, 0.4175875782966614, 0.4204758405685425, 0.41607189178466797, 0.4082830548286438, 0.4087943136692047, 0.40878474712371826, 0.41040635108947754, 0.40941908955574036, 0.4074538052082062, 0.4072655141353607, 0.4078240990638733, 0.4119965434074402, 0.43940499424934387, 0.40724050998687744, 0.4116379916667938, 0.41256293654441833, 0.41099587082862854, 0.40984463691711426, 0.4175134599208832, 0.41010579466819763, 0.40915146470069885, 0.4266144037246704, 0.4077225625514984, 0.41916221380233765, 0.40722671151161194, 0.4089667797088623, 0.4380471408367157, 0.4197629690170288, 0.4410838186740875, 0.4073292911052704, 0.4140808582305908, 0.41036754846572876, 0.43185093998908997, 0.4076571762561798, 0.418606162071228, 0.4259939193725586, 0.41210705041885376, 0.4074757397174835, 0.40811243653297424, 0.40774640440940857, 0.42444637417793274, 0.48875370621681213, 0.4117554724216461, 0.4114207923412323, 0.4072439670562744, 0.4077964723110199, 0.4076381325721741, 0.4085080623626709, 0.40852925181388855, 0.40823638439178467, 0.40774795413017273, 0.42345404624938965, 0.4104243218898773, 0.4072619676589966, 0.40987005829811096, 0.4268142282962799, 0.40885940194129944, 0.410323828458786, 0.40895119309425354, 0.41809195280075073, 0.4134383499622345, 0.414469450712204, 0.41039180755615234, 0.4199390113353729, 0.41330811381340027, 0.41533350944519043, 0.4090111553668976, 0.4168688952922821, 0.4072474241256714, 0.40810108184814453, 0.4100949466228485, 0.4083339273929596, 0.41410571336746216, 0.41264626383781433, 0.4083065688610077, 0.4072304666042328, 0.40723782777786255, 0.41022956371307373, 0.4097002148628235, 0.445037841796875, 0.407550573348999, 0.4080392122268677, 0.41552335023880005, 0.4335586428642273, 0.40723034739494324, 0.4072519540786743, 0.41000643372535706, 0.4108867347240448, 0.40748319029808044, 0.4302785396575928, 0.4197605550289154, 0.41062313318252563, 0.4081522822380066, 0.41917911171913147, 0.4077504873275757, 0.41377657651901245, 0.41168734431266785, 0.4093921184539795, 0.4171178936958313, 0.4265161454677582, 0.4256511330604553, 0.4076390862464905, 0.44385024905204773, 0.4072338938713074, 0.4248110055923462, 0.40870776772499084, 0.4073387384414673, 0.425917387008667, 0.4074722230434418, 0.4089386761188507, 0.408936470746994, 0.4085409641265869, 0.4078701436519623, 0.41774269938468933, 0.43208926916122437, 0.4075361490249634, 0.4088814854621887, 0.4205568730831146, 0.4075005352497101, 0.4084741473197937, 0.4274995028972626, 0.4077429175376892, 0.4097990393638611, 0.41417354345321655, 0.4086093604564667, 0.40935519337654114, 0.4160524308681488, 0.4072518050670624, 0.4085938632488251, 0.4096026122570038, 0.41049331426620483, 0.431326687335968, 0.4085930287837982, 0.4103702902793884, 0.4100355803966522, 0.413885235786438, 0.40766677260398865, 0.42089173197746277, 0.4144531488418579, 0.4118019938468933, 0.4080214202404022, 0.40733689069747925, 0.42133796215057373, 0.41007423400878906, 0.4427158832550049, 0.41810208559036255, 0.4405570328235626, 0.42905333638191223, 0.4076109230518341, 0.4072851538658142, 0.4095930755138397, 0.4083663821220398, 0.4191749691963196, 0.4077860713005066, 0.41581735014915466, 0.40958553552627563, 0.4083884060382843, 0.4282398223876953, 0.40980643033981323, 0.4095087945461273, 0.411429226398468, 0.41362372040748596, 0.42587384581565857, 0.4344923496246338, 0.4133199453353882, 0.41623252630233765, 0.40856117010116577, 0.4138643741607666, 0.43897929787635803, 0.41390472650527954, 0.4072738289833069, 0.40826788544654846, 0.416797935962677, 0.4126916229724884, 0.40828025341033936, 0.4080820083618164, 0.4084102511405945, 0.40722712874412537, 0.4186856150627136, 0.40725287795066833, 0.41146770119667053, 0.42030465602874756, 0.4132455587387085, 0.4585667550563812, 0.407246470451355, 0.4264289140701294, 0.40756893157958984, 0.40853264927864075, 0.4087223410606384, 0.4084678292274475, 0.49225059151649475, 0.40775322914123535, 0.4142824113368988, 0.40904682874679565, 0.4078904390335083, 0.44742003083229065, 0.4243203103542328, 0.40857747197151184, 0.41196173429489136, 0.41264885663986206, 0.413335919380188, 0.41052329540252686, 0.40750735998153687, 0.42921528220176697, 0.42503249645233154, 0.40782999992370605, 0.41253817081451416, 0.41074395179748535, 0.40807679295539856, 0.4200997054576874, 0.41783082485198975, 0.4849339723587036, 0.5219643115997314, 0.4190722703933716, 0.4192856252193451, 0.42575928568840027, 0.407352089881897, 0.413217157125473, 0.4080294668674469, 0.4084058105945587, 0.44111016392707825, 0.41014155745506287, 0.415176659822464, 0.4089925289154053, 0.40865257382392883, 0.44368812441825867, 0.40748879313468933, 0.42266398668289185, 0.41783711314201355, 0.4080299437046051, 0.41261833906173706, 0.40952640771865845, 0.40757256746292114, 0.41761189699172974, 0.41207635402679443, 0.4096190631389618, 0.42266151309013367, 0.4075164496898651, 0.4082326591014862, 0.41011878848075867, 0.40723028779029846, 0.40733641386032104, 0.4169498383998871, 0.42180001735687256, 0.4098079204559326, 0.4189760088920593, 0.40736910700798035, 0.4074019491672516, 0.40827128291130066, 0.4127648174762726, 0.42412784695625305, 0.407557874917984, 0.40755364298820496, 0.4088703989982605, 0.40746358036994934, 0.426790326833725, 0.4072740972042084, 0.41099727153778076, 0.4081513285636902, 0.41899341344833374, 0.41466468572616577, 0.41088443994522095, 0.40743565559387207, 0.4359130859375, 0.40828239917755127, 0.4097457826137543, 0.4074656665325165, 0.4096554219722748, 0.41174089908599854, 0.41457194089889526, 0.4072270095348358, 0.40948131680488586, 0.40908557176589966, 0.40724682807922363, 0.41104134917259216, 0.413885235786438, 0.40997421741485596, 0.4293726682662964, 0.4085503816604614, 0.4088580310344696, 0.41013386845588684, 0.4337291419506073, 0.40834280848503113, 0.41677790880203247, 0.40767523646354675, 0.4082765281200409, 0.40889671444892883, 0.4076724648475647, 0.4128868579864502, 0.407260924577713, 0.4072664976119995, 0.41085150837898254, 0.4353127181529999, 0.407245934009552, 0.41365525126457214, 0.41485464572906494, 0.40865832567214966, 0.41385188698768616, 0.4142950773239136, 0.40741392970085144, 0.4259904623031616, 0.4072832763195038, 0.411063015460968, 0.40723082423210144, 0.4076572358608246, 0.41765984892845154, 0.4256627559661865, 0.4075738489627838, 0.4226545989513397, 0.4109858274459839, 0.4081243872642517, 0.41257044672966003, 0.40797939896583557, 0.4149935245513916, 0.4108021855354309, 0.4166320860385895, 0.407230406999588, 0.43241074681282043, 0.4073494076728821, 0.41009220480918884, 0.41740065813064575, 0.4160156548023224, 0.408468633890152, 0.40749821066856384, 0.41119852662086487, 0.4254686236381531, 0.4086310863494873, 0.4073936343193054, 0.42642754316329956, 0.42624586820602417, 0.40723204612731934, 0.40753817558288574, 0.4116773307323456, 0.42195072770118713, 0.46096497774124146, 0.4072699248790741, 0.42142653465270996, 0.4100126624107361, 0.40742865204811096, 0.4075532853603363, 0.4072263836860657, 0.42965081334114075, 0.4188002645969391, 0.45680683851242065, 0.4199819564819336, 0.40766441822052, 0.42001017928123474, 0.4286828339099884, 0.4088195860385895, 0.408160924911499, 0.4072273373603821, 0.4145909249782562, 0.4094514548778534, 0.4102182388305664, 0.4121429920196533, 0.41008293628692627, 0.4169328212738037, 0.4149235785007477, 0.40824177861213684, 0.424165815114975, 0.4402369558811188, 0.40872347354888916, 0.4100404679775238, 0.4155018925666809, 0.40877124667167664, 0.4072279632091522, 0.40759116411209106, 0.40823256969451904, 0.4194996953010559, 0.41894233226776123, 0.419933557510376, 0.4075925350189209, 0.41239163279533386, 0.40904200077056885, 0.41839271783828735, 0.4225212335586548, 0.4072349965572357, 0.4098304510116577, 0.41601622104644775, 0.4350249171257019, 0.42301177978515625, 0.4209389388561249, 0.41612765192985535, 0.4074840545654297, 0.4076443910598755, 0.41389816999435425, 0.4149286150932312, 0.409017413854599, 0.4208779036998749, 0.41002357006073, 0.40880870819091797, 0.41427096724510193, 0.4076851010322571, 0.4139094054698944, 0.4085325300693512, 0.4090895354747772, 0.4096654951572418, 0.4072321951389313, 0.40774431824684143, 0.40852752327919006, 0.4081762433052063, 0.4086560010910034, 0.42684200406074524, 0.4103783071041107, 0.40876755118370056, 0.4115491509437561, 0.42176082730293274, 0.42159295082092285, 0.41034209728240967, 0.4084599018096924, 0.43932056427001953, 0.4074190557003021, 0.4082367718219757, 0.4074283540248871, 0.423410564661026, 0.42067769169807434, 0.42715221643447876, 0.43464797735214233, 0.41810497641563416, 0.4197991192340851, 0.40737834572792053, 0.42049869894981384, 0.42472344636917114, 0.4072524905204773, 0.40734195709228516, 0.4274823069572449, 0.4131476581096649, 0.41945892572402954, 0.4077231287956238, 0.44968119263648987, 0.4194893538951874, 0.4073106646537781, 0.40731820464134216, 0.40894755721092224, 0.449785053730011, 0.409607857465744, 0.41686907410621643, 0.41662952303886414, 0.4073023200035095, 0.40917861461639404, 0.4079820215702057, 0.40728864073753357, 0.4072662591934204, 0.4075736701488495, 0.4196210503578186, 0.41674986481666565, 0.4092009663581848, 0.4114016592502594, 0.41004061698913574, 0.4079160690307617, 0.410797655582428, 0.41056838631629944, 0.40810254216194153, 0.41661784052848816, 0.41665858030319214, 0.40923836827278137, 0.4107612371444702, 0.4100918173789978, 0.4227917492389679, 0.4090538024902344, 0.40722665190696716, 0.4081278145313263, 0.4147959053516388, 0.40732938051223755, 0.4139648377895355, 0.4073445796966553, 0.40873652696609497, 0.4095674455165863, 0.40726104378700256, 0.412898451089859, 0.4093412756919861, 0.407667338848114, 0.4207981824874878, 0.41499149799346924, 0.40728846192359924, 0.4078492820262909, 0.40923041105270386, 0.41106855869293213, 0.4098503589630127, 0.4072374403476715, 0.41704118251800537, 0.4073004126548767, 0.4083234369754791]",0.0,"[0.0, 0.0, 0.0, 0.0, 0.0, 0.0, 0.0, 0.0, 0.0, 0.0, 0.0, 0.0, 0.0, 0.0, 0.0, 0.0, 0.0, 0.0, 0.0, 0.0, 0.0, 0.0, 0.0, 0.0, 0.0, 0.0, 0.0, 0.0, 0.0, 0.0, 0.0, 0.0, 0.0, 0.0, 0.0, 0.0, 0.0, 0.0, 0.0, 0.0, 0.0, 0.0, 0.0, 0.0, 0.0, 0.0, 0.0, 0.0, 0.0, 0.0, 0.0, 0.0, 0.0, 0.0, 0.0, 0.0, 0.0, 0.0, 0.0, 0.0, 0.0, 0.0, 0.0, 0.0, 0.0, 0.0, 0.0, 0.0, 0.0, 0.0, 0.0, 0.0, 0.0, 0.0, 0.0, 0.0, 0.0, 0.0, 0.0, 0.0, 0.0, 0.0, 0.0, 0.0, 0.0, 0.0, 0.0, 0.0, 0.0, 0.0, 0.0, 0.0, 0.0, 0.0, 0.0, 0.0, 0.0, 0.0, 0.0, 0.0, 0.0, 0.0, 0.0, 0.0, 0.0, 0.0, 0.0, 0.0, 0.0, 0.0, 0.0, 0.0, 0.0, 0.0, 0.0, 0.0, 0.0, 0.0, 0.0, 0.0, 0.0, 0.0, 0.0, 0.0, 0.0, 0.0, 0.0, 0.0, 0.0, 0.0, 0.0, 0.0, 0.0, 0.0, 0.0, 0.0, 0.0, 0.0, 0.0, 0.0, 0.0, 0.0, 0.0, 0.0, 0.0, 0.0, 0.0, 0.0, 0.0, 0.0, 0.0, 0.0, 0.0, 0.0, 0.0, 0.0, 0.0, 0.0, 0.0, 0.0, 0.0, 0.0, 0.0, 0.0, 0.0, 0.0, 0.0, 0.0, 0.0, 0.0, 0.0, 0.0, 0.0, 0.0, 0.0, 0.0, 0.0, 0.0, 0.0, 0.0, 0.0, 0.0, 0.0, 0.0, 0.0, 0.0, 0.0, 0.0, 0.0, 0.0, 0.0, 0.0, 0.0, 0.0, 0.0, 0.0, 0.0, 0.0, 0.0, 0.0, 0.0, 0.0, 0.0, 0.0, 0.0, 0.0, 0.0, 0.0, 0.0, 0.0, 0.0, 0.0, 0.0, 0.0, 0.0, 0.0, 0.0, 0.0, 0.0, 0.0, 0.0, 0.0, 0.0, 0.0, 0.0, 0.0, 0.0, 0.0, 0.0, 0.0, 0.0, 0.0, 0.0, 0.0, 0.0, 0.0, 0.0, 0.0, 0.0, 0.0, 0.0, 0.0, 0.0, 0.0, 0.0, 0.0, 0.0, 0.0, 0.0, 0.0, 0.0, 0.0, 0.0, 0.0, 0.0, 0.0, 0.0, 0.0, 0.0, 0.0, 0.0, 0.0, 0.0, 0.0, 0.0, 0.0, 0.0, 0.0, 0.0, 0.0, 0.0, 0.0, 0.0, 0.0, 0.0, 0.0, 0.0, 0.0, 0.0, 0.0, 0.0, 0.0, 0.0, 0.0, 0.0, 0.0, 0.0, 0.0, 0.0, 0.0, 0.0, 0.0, 0.0, 0.0, 0.0, 0.0, 0.0, 0.0, 0.0, 0.0, 0.0, 0.0, 0.0, 0.0, 0.0, 0.0, 0.0, 0.0, 0.0, 0.0, 0.0, 0.0, 0.0, 0.0, 0.0, 0.0, 0.0, 0.0, 0.0, 0.0, 0.0, 0.0, 0.0, 0.0, 0.0, 0.0, 0.0, 0.0, 0.0, 0.0, 0.0, 0.0, 0.0, 0.0, 0.0, 0.0, 0.0, 0.0, 0.0, 0.0, 0.0, 0.0, 0.0, 0.0, 0.0, 0.0, 0.0, 0.0, 0.0, 0.0, 0.0, 0.0, 0.0, 0.0, 0.0, 0.0, 0.0, 0.0, 0.0, 0.0, 0.0, 0.0, 0.0, 0.0, 0.0, 0.0, 0.0, 0.0, 0.0, 0.0, 0.0, 0.0, 0.0, 0.0, 0.0, 0.0, 0.0, 0.0, 0.0, 0.0, 0.0, 0.0, 0.0, 0.0, 0.0, 0.0, 0.0, 0.0, 0.0, 0.0, 0.0, 0.0, 0.0, 0.0, 0.0, 0.0, 0.0, 0.0, 0.0, 0.0, 0.0, 0.0, 0.0, 0.0, 0.0, 0.0, 0.0, 0.0, 0.0, 0.0, 0.0, 0.0, 0.0, 0.0, 0.0, 0.0, 0.0, 0.0, 0.0, 0.0, 0.0, 0.0, 0.0, 0.0, 0.0, 0.0, 0.0, 0.0, 0.0, 0.0, 0.0, 0.0, 0.0, 0.0, 0.0, 0.0, 0.0, 0.0, 0.0, 0.0, 0.0, 0.0, 0.0, 0.0, 0.0, 0.0, 0.0, 0.0, 0.0, 0.0, 0.0, 0.0, 0.0, 0.0, 0.0, 0.0, 0.0, 0.0, 0.0, 0.0, 0.0, 0.0, 0.0, 0.0, 0.0, 0.0, 0.0, 0.0, 0.0, 0.0, 0.0, 0.0, 0.0, 0.0, 0.0, 0.0, 0.0, 0.0, 0.0, 0.0, 0.0, 0.0, 0.0, 0.0, 0.0]",COMPLETE
