,number,value,datetime_start,datetime_complete,duration,params_batch_size_scaler,params_constant_learning_rate,params_depth,params_epochs,params_kernel_l2,params_num_trees,params_temperature,user_attrs_accuracy_test,user_attrs_accuracy_valid,user_attrs_approximate_feature_sparsity,user_attrs_approximate_feature_sparsity_history,user_attrs_approximate_weight_sparsity,user_attrs_approximate_weight_sparsity_history,user_attrs_auc_test,user_attrs_auc_valid,user_attrs_feature_sparsity,user_attrs_feature_sparsity_history,user_attrs_num_epochs,user_attrs_val_loss_history,user_attrs_weight_sparsity,user_attrs_weight_sparsity_history,state
33,33,0.8940178536924682,2024-08-31 02:08:44.686903,2024-08-31 02:09:28.190536,0 days 00:00:43.503633,4,2.168134338787686,2,190,0.05791604616119352,78,0.0006583634422487269,0.859,0.85875,8,"[33, 33, 30, 18, 18, 18, 17, 17, 16, 16, 16, 16, 16, 16, 16, 16, 16, 16, 16, 14, 14, 14, 14, 14, 14, 14, 14, 14, 14, 14, 14, 14, 14, 14, 14, 14, 12, 12, 11, 11, 11, 11, 11, 11, 11, 11, 11, 11, 11, 11, 11, 11, 11, 11, 11, 11, 11, 11, 11, 10, 10, 10, 10, 10, 10, 10, 10, 10, 10, 10, 10, 10, 10, 10, 10, 10, 10, 10, 10, 9, 9, 9, 9, 9, 9, 9, 8, 8, 8, 8, 8, 8, 8, 8, 8, 8, 8, 8, 8, 8, 8, 8, 8, 8, 8, 8, 8, 8, 8, 8, 8, 8, 8, 8, 8, 8, 8, 8, 8, 8, 8, 8, 8, 8, 8, 8, 8, 8, 8, 8, 8, 8, 8, 8, 8, 8, 8, 8, 8, 8, 8, 8, 8, 8, 8, 8, 8, 8, 8, 8, 8, 8, 8, 8, 8, 8, 8, 8, 8, 8, 8, 8, 8, 8, 8, 8, 8, 8, 8, 8, 8, 8, 8, 8, 8, 8, 8, 8, 8, 8, 8, 8, 8, 8, 8, 8, 8, 8, 8, 8]",4.32905982905983,"[32.965811965811966, 32.98290598290598, 29.965811965811966, 17.98717948717949, 17.98717948717949, 17.98717948717949, 16.995726495726494, 16.982905982905983, 15.987179487179487, 15.991452991452991, 15.987179487179487, 15.995726495726496, 15.987179487179487, 15.978632478632479, 15.991452991452991, 15.978632478632479, 15.991452991452991, 15.991452991452991, 15.991452991452991, 13.982905982905983, 14.0, 13.982905982905983, 13.995726495726496, 13.991452991452991, 13.995726495726496, 13.987179487179487, 13.991452991452991, 13.995726495726496, 13.995726495726496, 13.995726495726496, 13.991452991452991, 13.991452991452991, 13.991452991452991, 13.982905982905983, 13.978632478632479, 13.987179487179487, 11.974358974358974, 11.978632478632479, 10.97008547008547, 10.961538461538462, 10.995726495726496, 10.978632478632479, 10.978632478632479, 10.995726495726496, 10.97008547008547, 10.974358974358974, 10.965811965811966, 10.974358974358974, 10.982905982905983, 10.97008547008547, 10.97008547008547, 10.974358974358974, 10.974358974358974, 10.948717948717949, 10.97008547008547, 10.978632478632479, 10.97008547008547, 10.97008547008547, 10.982905982905983, 9.948717948717949, 9.952991452991453, 9.935897435897436, 9.965811965811966, 9.935897435897436, 9.961538461538462, 9.965811965811966, 9.952991452991453, 9.948717948717949, 9.944444444444445, 9.935897435897436, 9.961538461538462, 9.94017094017094, 9.94017094017094, 9.94017094017094, 9.944444444444445, 9.944444444444445, 9.944444444444445, 9.905982905982906, 9.94017094017094, 8.935897435897436, 8.91025641025641, 8.94017094017094, 8.914529914529915, 8.927350427350428, 8.914529914529915, 8.91025641025641, 7.961538461538462, 7.94017094017094, 7.952991452991453, 7.948717948717949, 7.931623931623932, 7.905982905982906, 7.910256410256411, 7.850427350427351, 7.841880341880342, 7.863247863247864, 7.846153846153847, 7.837606837606838, 7.863247863247864, 7.837606837606838, 7.807692307692308, 7.820512820512821, 7.8589743589743595, 7.841880341880342, 7.871794871794872, 7.854700854700855, 7.811965811965813, 7.837606837606838, 7.824786324786325, 7.769230769230769, 7.743589743589744, 7.735042735042735, 7.726495726495727, 7.735042735042735, 7.666666666666667, 7.6581196581196584, 7.623931623931624, 7.6068376068376065, 7.589743589743589, 7.542735042735043, 7.495726495726496, 7.478632478632479, 7.414529914529915, 7.410256410256411, 7.4914529914529915, 7.55982905982906, 7.555555555555555, 7.55982905982906, 7.5256410256410255, 7.47008547008547, 7.418803418803419, 7.367521367521368, 7.290598290598291, 7.320512820512821, 7.354700854700855, 7.188034188034187, 7.418803418803419, 6.846153846153847, 6.94017094017094, 6.901709401709402, 6.893162393162393, 6.747863247863248, 6.58974358974359, 6.6752136752136755, 6.747863247863248, 6.735042735042735, 6.4230769230769225, 6.196581196581197, 5.948717948717948, 6.166666666666667, 6.068376068376069, 5.871794871794871, 5.931623931623932, 6.017094017094018, 6.217948717948717, 6.02991452991453, 5.978632478632479, 5.927350427350428, 6.021367521367521, 6.047008547008547, 6.038461538461538, 6.102564102564102, 6.132478632478632, 6.047008547008547, 5.8931623931623935, 5.7606837606837615, 5.794871794871796, 5.782051282051282, 5.688034188034187, 5.55982905982906, 5.461538461538462, 5.5256410256410255, 5.3931623931623935, 5.337606837606838, 5.256410256410256, 5.175213675213675, 5.038461538461538, 5.021367521367521, 4.965811965811966, 4.8931623931623935, 4.8418803418803416, 4.743589743589744, 4.615384615384615, 4.547008547008547, 4.611111111111111, 4.512820512820513, 4.5085470085470085, 4.350427350427351, 4.427350427350428, 4.32905982905983]",0.9037847076016149,0.8940178536924682,8,"[33, 33, 30, 18, 18, 18, 17, 17, 16, 16, 16, 16, 16, 16, 16, 16, 16, 16, 16, 14, 14, 14, 14, 14, 14, 14, 14, 14, 14, 14, 14, 14, 14, 14, 14, 14, 12, 12, 11, 11, 11, 11, 11, 11, 11, 11, 11, 11, 11, 11, 11, 11, 11, 11, 11, 11, 11, 11, 11, 10, 10, 10, 10, 10, 10, 10, 10, 10, 10, 10, 10, 10, 10, 10, 10, 10, 10, 10, 10, 9, 9, 9, 9, 9, 9, 9, 8, 8, 8, 8, 8, 8, 8, 8, 8, 8, 8, 8, 8, 8, 8, 8, 8, 8, 8, 8, 8, 8, 8, 8, 8, 8, 8, 8, 8, 8, 8, 8, 8, 8, 8, 8, 8, 8, 8, 8, 8, 8, 8, 8, 8, 8, 8, 8, 8, 8, 8, 8, 8, 8, 8, 8, 8, 8, 8, 8, 8, 8, 8, 8, 8, 8, 8, 8, 8, 8, 8, 8, 8, 8, 8, 8, 8, 8, 8, 8, 8, 8, 8, 8, 8, 8, 8, 8, 8, 8, 8, 8, 8, 8, 8, 8, 8, 8, 8, 8, 8, 8, 8, 8]",190,"[1.410157322883606, 7.232308387756348, 2.6227521896362305, 0.6802165508270264, 0.8625347018241882, 0.5672709941864014, 2.7397964000701904, 0.5915878415107727, 1.2331955432891846, 0.7474833726882935, 0.3757583200931549, 0.31841427087783813, 1.2841670513153076, 0.6056235432624817, 0.36005768179893494, 0.8416985273361206, 0.33367472887039185, 0.485702246427536, 0.3918846547603607, 1.1831841468811035, 0.6026062965393066, 0.8042262196540833, 0.48964202404022217, 3.3332407474517822, 0.5874844789505005, 1.0606751441955566, 0.5007343888282776, 0.4995434880256653, 0.992363691329956, 0.45116397738456726, 6.975000381469727, 0.6697374582290649, 0.6478677988052368, 0.7224183678627014, 0.5022170543670654, 0.36704787611961365, 0.8583900928497314, 6.638024806976318, 0.5965631604194641, 5.3958964347839355, 5.307163715362549, 0.913983941078186, 6.6303629875183105, 0.6518406867980957, 0.6737326979637146, 0.6178295612335205, 1.056140422821045, 1.1148583889007568, 1.9489219188690186, 0.6296126842498779, 0.35917988419532776, 0.5463470220565796, 0.4827234148979187, 0.9472166299819946, 0.7660938501358032, 0.5172288417816162, 0.8276323676109314, 0.9326590895652771, 4.035153865814209, 4.920444011688232, 0.9610111117362976, 7.178615093231201, 0.5937535166740417, 0.7506624460220337, 2.924278497695923, 3.465580463409424, 0.9343915581703186, 4.375953674316406, 0.7301262021064758, 2.967874765396118, 0.5152784585952759, 0.957444429397583, 4.819833278656006, 0.39605095982551575, 0.6187055110931396, 0.9247515797615051, 3.0822174549102783, 1.1622653007507324, 0.41519850492477417, 0.8239571452140808, 0.5634964108467102, 0.41787785291671753, 2.0408670902252197, 0.6955382823944092, 0.9245826005935669, 3.647146701812744, 0.5716509222984314, 1.4616055488586426, 0.6401470899581909, 0.6350791454315186, 0.42372241616249084, 1.1562693119049072, 0.675392210483551, 3.1856677532196045, 0.48659348487854004, 0.5030319094657898, 0.6093709468841553, 1.0495604276657104, 1.0383282899856567, 2.399625778198242, 0.9620351195335388, 0.81351637840271, 1.4250658750534058, 0.8189315795898438, 0.5569241046905518, 0.5448920130729675, 0.6099826693534851, 1.8841557502746582, 1.1560389995574951, 0.8661730289459229, 1.364538311958313, 4.0232110023498535, 1.2273454666137695, 0.7302765846252441, 1.2881463766098022, 0.6390735507011414, 1.22428560256958, 0.5890319347381592, 0.6517865061759949, 0.4841107428073883, 0.5918478965759277, 0.7747800350189209, 3.290217399597168, 1.8316344022750854, 0.6884710192680359, 0.5983155965805054, 0.6778196096420288, 4.772376537322998, 0.5105637907981873, 0.5868110060691833, 0.4249795973300934, 0.8274946808815002, 2.075986385345459, 0.9268758893013, 0.6611353158950806, 1.9697675704956055, 1.005750298500061, 0.7016506195068359, 5.215120315551758, 0.8396323919296265, 0.46114853024482727, 0.4496646821498871, 0.9458560347557068, 0.599582314491272, 0.5547019839286804, 0.4484582245349884, 0.5919200778007507, 0.45723170042037964, 1.278200626373291, 1.070654273033142, 0.4206452965736389, 0.6102516651153564, 1.1146550178527832, 0.4505000412464142, 0.5340476036071777, 0.4965488016605377, 0.5200612545013428, 0.4769585430622101, 0.7289327383041382, 0.5281891226768494, 1.3386517763137817, 1.1058616638183594, 2.247023105621338, 0.5074523687362671, 3.812668800354004, 0.586396336555481, 1.4041600227355957, 0.794279932975769, 0.5417464375495911, 0.704150378704071, 6.05217170715332, 1.5413111448287964, 2.66219425201416, 1.678643822669983, 0.6412956118583679, 0.4810716211795807, 0.9822210073471069, 3.7014856338500977, 0.704255223274231, 0.5905965566635132, 2.4182167053222656, 0.4348847568035126, 0.6012661457061768, 0.4611368179321289, 3.997241497039795, 0.48714974522590637, 0.597075879573822, 2.9776556491851807, 1.1173036098480225, 2.4247148036956787]",8.0,"[33.0, 33.0, 30.0, 18.0, 18.0, 18.0, 17.0, 17.0, 16.0, 16.0, 16.0, 16.0, 16.0, 16.0, 16.0, 16.0, 16.0, 16.0, 16.0, 14.0, 14.0, 14.0, 14.0, 14.0, 14.0, 14.0, 14.0, 14.0, 14.0, 14.0, 14.0, 14.0, 14.0, 14.0, 14.0, 14.0, 12.0, 12.0, 11.0, 11.0, 11.0, 11.0, 11.0, 11.0, 11.0, 11.0, 11.0, 11.0, 11.0, 11.0, 11.0, 11.0, 11.0, 11.0, 11.0, 11.0, 11.0, 11.0, 11.0, 10.0, 10.0, 10.0, 10.0, 10.0, 10.0, 10.0, 10.0, 10.0, 10.0, 10.0, 10.0, 10.0, 10.0, 10.0, 10.0, 10.0, 10.0, 10.0, 10.0, 9.0, 9.0, 9.0, 9.0, 9.0, 9.0, 9.0, 8.0, 8.0, 8.0, 8.0, 8.0, 8.0, 8.0, 8.0, 8.0, 8.0, 8.0, 8.0, 8.0, 8.0, 8.0, 8.0, 8.0, 8.0, 8.0, 8.0, 8.0, 8.0, 8.0, 8.0, 8.0, 8.0, 8.0, 8.0, 8.0, 8.0, 8.0, 8.0, 8.0, 8.0, 8.0, 8.0, 8.0, 8.0, 8.0, 8.0, 8.0, 8.0, 8.0, 8.0, 8.0, 8.0, 8.0, 8.0, 8.0, 8.0, 8.0, 8.0, 8.0, 8.0, 8.0, 8.0, 8.0, 8.0, 8.0, 8.0, 8.0, 8.0, 8.0, 8.0, 8.0, 8.0, 8.0, 8.0, 8.0, 8.0, 8.0, 8.0, 8.0, 8.0, 8.0, 8.0, 8.0, 8.0, 8.0, 8.0, 8.0, 8.0, 8.0, 8.0, 8.0, 8.0, 8.0, 8.0, 8.0, 8.0, 8.0, 8.0, 8.0, 8.0, 8.0, 8.0, 8.0, 8.0, 8.0, 8.0, 8.0, 8.0, 8.0, 8.0]",COMPLETE
34,34,0.5,2024-08-31 02:09:29.037796,2024-08-31 02:09:57.157396,0 days 00:00:28.119600,16,2.508347218993285,4,155,0.05402923849427459,8,0.07556140462405488,0.859,0.85875,0,"[0, 0, 0, 0, 0, 0, 0, 0, 0, 0, 0, 0, 0, 0, 0, 0, 0, 0, 0, 0, 0, 0, 0, 0, 0, 0, 0, 0, 0, 0, 0, 0, 0, 0, 0, 0, 0, 0, 0, 0, 0, 0, 0, 0, 0, 0, 0, 0, 0, 0, 0, 0, 0, 0, 0, 0, 0, 0, 0, 0, 0, 0, 0, 0, 0, 0, 0, 0, 0, 0, 0, 0, 0, 0, 0, 0, 0, 0, 0, 0, 0, 0, 0, 0, 0, 0, 0, 0, 0, 0, 0, 0, 0, 0, 0, 0, 0, 0, 0, 0, 0, 0, 0, 0, 0, 0, 0, 0, 0, 0, 0, 0, 0, 0, 0, 0, 0, 0, 0, 0, 0, 0, 0, 0, 0, 0, 0, 0, 0, 0, 0, 0, 0, 0, 0, 0, 0, 0, 0, 0, 0, 0, 0, 0, 0, 0, 0, 0, 0, 0, 0, 0, 0, 0, 0]",0.0,"[0.0, 0.0, 0.0, 0.0, 0.0, 0.0, 0.0, 0.0, 0.0, 0.0, 0.0, 0.0, 0.0, 0.0, 0.0, 0.0, 0.0, 0.0, 0.0, 0.0, 0.0, 0.0, 0.0, 0.0, 0.0, 0.0, 0.0, 0.0, 0.0, 0.0, 0.0, 0.0, 0.0, 0.0, 0.0, 0.0, 0.0, 0.0, 0.0, 0.0, 0.0, 0.0, 0.0, 0.0, 0.0, 0.0, 0.0, 0.0, 0.0, 0.0, 0.0, 0.0, 0.0, 0.0, 0.0, 0.0, 0.0, 0.0, 0.0, 0.0, 0.0, 0.0, 0.0, 0.0, 0.0, 0.0, 0.0, 0.0, 0.0, 0.0, 0.0, 0.0, 0.0, 0.0, 0.0, 0.0, 0.0, 0.0, 0.0, 0.0, 0.0, 0.0, 0.0, 0.0, 0.0, 0.0, 0.0, 0.0, 0.0, 0.0, 0.0, 0.0, 0.0, 0.0, 0.0, 0.0, 0.0, 0.0, 0.0, 0.0, 0.0, 0.0, 0.0, 0.0, 0.0, 0.0, 0.0, 0.0, 0.0, 0.0, 0.0, 0.0, 0.0, 0.0, 0.0, 0.0, 0.0, 0.0, 0.0, 0.0, 0.0, 0.0, 0.0, 0.0, 0.0, 0.0, 0.0, 0.0, 0.0, 0.0, 0.0, 0.0, 0.0, 0.0, 0.0, 0.0, 0.0, 0.0, 0.0, 0.0, 0.0, 0.0, 0.0, 0.0, 0.0, 0.0, 0.0, 0.0, 0.0, 0.0, 0.0, 0.0, 0.0, 0.0, 0.0]",0.5,0.5,0,"[0, 0, 0, 0, 0, 0, 0, 0, 0, 0, 0, 0, 0, 0, 0, 0, 0, 0, 0, 0, 0, 0, 0, 0, 0, 0, 0, 0, 0, 0, 0, 0, 0, 0, 0, 0, 0, 0, 0, 0, 0, 0, 0, 0, 0, 0, 0, 0, 0, 0, 0, 0, 0, 0, 0, 0, 0, 0, 0, 0, 0, 0, 0, 0, 0, 0, 0, 0, 0, 0, 0, 0, 0, 0, 0, 0, 0, 0, 0, 0, 0, 0, 0, 0, 0, 0, 0, 0, 0, 0, 0, 0, 0, 0, 0, 0, 0, 0, 0, 0, 0, 0, 0, 0, 0, 0, 0, 0, 0, 0, 0, 0, 0, 0, 0, 0, 0, 0, 0, 0, 0, 0, 0, 0, 0, 0, 0, 0, 0, 0, 0, 0, 0, 0, 0, 0, 0, 0, 0, 0, 0, 0, 0, 0, 0, 0, 0, 0, 0, 0, 0, 0, 0, 0, 0]",155,"[0.4073467254638672, 0.4080282151699066, 0.4077249765396118, 0.40725383162498474, 0.4073522984981537, 0.4087189733982086, 0.40740451216697693, 0.4076493978500366, 0.40796345472335815, 0.4085444509983063, 0.409074068069458, 0.4072275161743164, 0.4076603353023529, 0.4074603319168091, 0.40750446915626526, 0.4086665213108063, 0.40722620487213135, 0.4075767397880554, 0.407339483499527, 0.40965089201927185, 0.4075036346912384, 0.40755215287208557, 0.4074152112007141, 0.40758538246154785, 0.40723463892936707, 0.407284140586853, 0.4074259102344513, 0.40949559211730957, 0.40781569480895996, 0.40777531266212463, 0.4078260660171509, 0.40729811787605286, 0.4072299599647522, 0.40722620487213135, 0.40755772590637207, 0.40736302733421326, 0.4074465036392212, 0.40749669075012207, 0.40753328800201416, 0.40733036398887634, 0.4082407057285309, 0.4072278141975403, 0.40788525342941284, 0.40856459736824036, 0.4072296619415283, 0.4086984694004059, 0.4072988033294678, 0.4099391996860504, 0.4073227643966675, 0.40732863545417786, 0.4073432683944702, 0.40929633378982544, 0.4082666337490082, 0.407558411359787, 0.40725764632225037, 0.4073163866996765, 0.4076445698738098, 0.4075852334499359, 0.40729525685310364, 0.4088476598262787, 0.40789780020713806, 0.4073624312877655, 0.40730521082878113, 0.40726426243782043, 0.40726935863494873, 0.40723612904548645, 0.4097949266433716, 0.4074479043483734, 0.40722617506980896, 0.40882354974746704, 0.4121593236923218, 0.40835991501808167, 0.4073493182659149, 0.4093976616859436, 0.4072367548942566, 0.4074452519416809, 0.4074545204639435, 0.40810489654541016, 0.4081832468509674, 0.4077574610710144, 0.4074763357639313, 0.40730002522468567, 0.407235324382782, 0.40737202763557434, 0.40970736742019653, 0.4072735905647278, 0.4072318375110626, 0.4073365032672882, 0.4081156551837921, 0.40950116515159607, 0.40742477774620056, 0.40787944197654724, 0.40723538398742676, 0.4075905680656433, 0.4077867567539215, 0.4073723554611206, 0.4076642692089081, 0.4072268009185791, 0.40723228454589844, 0.40733620524406433, 0.4072848856449127, 0.4074416756629944, 0.408250629901886, 0.4073696434497833, 0.40796202421188354, 0.4072262942790985, 0.4073060154914856, 0.4074903130531311, 0.40722835063934326, 0.4081825911998749, 0.4073542058467865, 0.4072835445404053, 0.40762776136398315, 0.4116765260696411, 0.40849414467811584, 0.4075077474117279, 0.4104596674442291, 0.4073208272457123, 0.40725696086883545, 0.40892407298088074, 0.4074190855026245, 0.40749090909957886, 0.4072747826576233, 0.4072784185409546, 0.4073426127433777, 0.40734946727752686, 0.40841415524482727, 0.4072268009185791, 0.40783441066741943, 0.4076453447341919, 0.4096844792366028, 0.40722933411598206, 0.4090467095375061, 0.40784522891044617, 0.40781930088996887, 0.40860962867736816, 0.4072372317314148, 0.4073749780654907, 0.40809765458106995, 0.4076821804046631, 0.4074346125125885, 0.4072370231151581, 0.40873703360557556, 0.4072309732437134, 0.40727174282073975, 0.4075513780117035, 0.4082885682582855, 0.4075227379798889, 0.4072377383708954, 0.40846365690231323, 0.40845176577568054, 0.4091709554195404, 0.40763625502586365, 0.40724068880081177, 0.4072318375110626]",0.0,"[0.0, 0.0, 0.0, 0.0, 0.0, 0.0, 0.0, 0.0, 0.0, 0.0, 0.0, 0.0, 0.0, 0.0, 0.0, 0.0, 0.0, 0.0, 0.0, 0.0, 0.0, 0.0, 0.0, 0.0, 0.0, 0.0, 0.0, 0.0, 0.0, 0.0, 0.0, 0.0, 0.0, 0.0, 0.0, 0.0, 0.0, 0.0, 0.0, 0.0, 0.0, 0.0, 0.0, 0.0, 0.0, 0.0, 0.0, 0.0, 0.0, 0.0, 0.0, 0.0, 0.0, 0.0, 0.0, 0.0, 0.0, 0.0, 0.0, 0.0, 0.0, 0.0, 0.0, 0.0, 0.0, 0.0, 0.0, 0.0, 0.0, 0.0, 0.0, 0.0, 0.0, 0.0, 0.0, 0.0, 0.0, 0.0, 0.0, 0.0, 0.0, 0.0, 0.0, 0.0, 0.0, 0.0, 0.0, 0.0, 0.0, 0.0, 0.0, 0.0, 0.0, 0.0, 0.0, 0.0, 0.0, 0.0, 0.0, 0.0, 0.0, 0.0, 0.0, 0.0, 0.0, 0.0, 0.0, 0.0, 0.0, 0.0, 0.0, 0.0, 0.0, 0.0, 0.0, 0.0, 0.0, 0.0, 0.0, 0.0, 0.0, 0.0, 0.0, 0.0, 0.0, 0.0, 0.0, 0.0, 0.0, 0.0, 0.0, 0.0, 0.0, 0.0, 0.0, 0.0, 0.0, 0.0, 0.0, 0.0, 0.0, 0.0, 0.0, 0.0, 0.0, 0.0, 0.0, 0.0, 0.0, 0.0, 0.0, 0.0, 0.0, 0.0, 0.0]",COMPLETE
35,35,0.5,2024-08-31 02:09:57.167892,2024-08-31 02:10:34.192429,0 days 00:00:37.024537,1,0.40600603032279314,2,65,0.015067008373893213,69,0.07399752061930975,0.859,0.85875,0,"[0, 0, 0, 0, 0, 0, 0, 0, 0, 0, 0, 0, 0, 0, 0, 0, 0, 0, 0, 0, 0, 0, 0, 0, 0, 0, 0, 0, 0, 0, 0, 0, 0, 0, 0, 0, 0, 0, 0, 0, 0, 0, 0, 0, 0, 0, 0, 0, 0, 0, 0, 0, 0, 0, 0, 0, 0, 0, 0, 0, 0, 0, 0, 0, 0]",0.0,"[0.0, 0.0, 0.0, 0.0, 0.0, 0.0, 0.0, 0.0, 0.0, 0.0, 0.0, 0.0, 0.0, 0.0, 0.0, 0.0, 0.0, 0.0, 0.0, 0.0, 0.0, 0.0, 0.0, 0.0, 0.0, 0.0, 0.0, 0.0, 0.0, 0.0, 0.0, 0.0, 0.0, 0.0, 0.0, 0.0, 0.0, 0.0, 0.0, 0.0, 0.0, 0.0, 0.0, 0.0, 0.0, 0.0, 0.0, 0.0, 0.0, 0.0, 0.0, 0.0, 0.0, 0.0, 0.0, 0.0, 0.0, 0.0, 0.0, 0.0, 0.0, 0.0, 0.0, 0.0, 0.0]",0.5,0.5,0,"[0, 0, 0, 0, 0, 0, 0, 0, 0, 0, 0, 0, 0, 0, 0, 0, 0, 0, 0, 0, 0, 0, 0, 0, 0, 0, 0, 0, 0, 0, 0, 0, 0, 0, 0, 0, 0, 0, 0, 0, 0, 0, 0, 0, 0, 0, 0, 0, 0, 0, 0, 0, 0, 0, 0, 0, 0, 0, 0, 0, 0, 0, 0, 0, 0]",65,"[0.418107807636261, 0.589282214641571, 0.40988966822624207, 0.4073120355606079, 0.4593675136566162, 0.5155680179595947, 0.4559671878814697, 0.44238296151161194, 0.6764213442802429, 0.41604408621788025, 0.5209709405899048, 0.46157288551330566, 0.4072704017162323, 0.6767054796218872, 0.46472248435020447, 0.47918564081192017, 0.5082913041114807, 0.47774896025657654, 0.4075988829135895, 1.1083359718322754, 0.418148010969162, 0.6920889019966125, 1.0068202018737793, 0.4524992108345032, 0.4471791088581085, 0.4136422276496887, 0.4578010141849518, 0.40724220871925354, 0.4781322479248047, 0.7275463938713074, 0.4479028284549713, 0.6367843747138977, 0.427263081073761, 0.44615456461906433, 0.9887638688087463, 0.4072993993759155, 0.9988366961479187, 0.5439075231552124, 0.46297699213027954, 0.45965415239334106, 0.535108208656311, 0.45756617188453674, 0.5414772033691406, 0.6550589799880981, 0.4603240489959717, 0.4470806121826172, 0.4174828827381134, 0.46451202034950256, 0.8097606897354126, 0.5346423387527466, 0.40730220079421997, 1.0122796297073364, 0.47721272706985474, 1.4242466688156128, 0.40800708532333374, 0.4086987376213074, 0.42293980717658997, 0.45361000299453735, 0.46115586161613464, 0.4454925060272217, 0.4072307348251343, 0.4072391092777252, 0.5692303776741028, 0.549039363861084, 0.42309361696243286]",0.0,"[0.0, 0.0, 0.0, 0.0, 0.0, 0.0, 0.0, 0.0, 0.0, 0.0, 0.0, 0.0, 0.0, 0.0, 0.0, 0.0, 0.0, 0.0, 0.0, 0.0, 0.0, 0.0, 0.0, 0.0, 0.0, 0.0, 0.0, 0.0, 0.0, 0.0, 0.0, 0.0, 0.0, 0.0, 0.0, 0.0, 0.0, 0.0, 0.0, 0.0, 0.0, 0.0, 0.0, 0.0, 0.0, 0.0, 0.0, 0.0, 0.0, 0.0, 0.0, 0.0, 0.0, 0.0, 0.0, 0.0, 0.0, 0.0, 0.0, 0.0, 0.0, 0.0, 0.0, 0.0, 0.0]",COMPLETE
